<?xml version="1.0" encoding="UTF-8"?>
<testsuite xmlns:xsi="http://www.w3.org/2001/XMLSchema-instance" xsi:noNamespaceSchemaLocation="https://maven.apache.org/surefire/maven-surefire-plugin/xsd/surefire-test-report-3.0.xsd" version="3.0" name="org.apache.hadoop.fs.ozone.TestOzoneFileSystem" time="351.443" tests="176" errors="0" skipped="0" failures="3">
  <properties>
    <property name="awt.toolkit" value="sun.awt.X11.XToolkit"/>
    <property name="file.encoding.pkg" value="sun.io"/>
    <property name="java.specification.version" value="1.8"/>
    <property name="sun.cpu.isalist" value=""/>
    <property name="sun.jnu.encoding" value="UTF-8"/>
    <property name="java.class.path" value="/home/runner/work/ozone/ozone/hadoop-ozone/integration-test/target/test-classes:/home/runner/work/ozone/ozone/hadoop-ozone/integration-test/target/classes:/home/runner/.m2/repository/org/apache/ozone/ozone-common/1.4.0-SNAPSHOT/ozone-common-1.4.0-SNAPSHOT.jar:/home/runner/.m2/repository/io/grpc/grpc-netty/1.51.1/grpc-netty-1.51.1.jar:/home/runner/.m2/repository/io/grpc/grpc-core/1.51.1/grpc-core-1.51.1.jar:/home/runner/.m2/repository/com/google/android/annotations/4.1.1.4/annotations-4.1.1.4.jar:/home/runner/.m2/repository/org/codehaus/mojo/animal-sniffer-annotations/1.21/animal-sniffer-annotations-1.21.jar:/home/runner/.m2/repository/com/google/errorprone/error_prone_annotations/2.2.0/error_prone_annotations-2.2.0.jar:/home/runner/.m2/repository/io/perfmark/perfmark-api/0.25.0/perfmark-api-0.25.0.jar:/home/runner/.m2/repository/io/netty/netty-codec-http2/4.1.94.Final/netty-codec-http2-4.1.94.Final.jar:/home/runner/.m2/repository/io/netty/netty-common/4.1.94.Final/netty-common-4.1.94.Final.jar:/home/runner/.m2/repository/io/netty/netty-buffer/4.1.94.Final/netty-buffer-4.1.94.Final.jar:/home/runner/.m2/repository/io/netty/netty-codec-http/4.1.94.Final/netty-codec-http-4.1.94.Final.jar:/home/runner/.m2/repository/io/netty/netty-handler-proxy/4.1.94.Final/netty-handler-proxy-4.1.94.Final.jar:/home/runner/.m2/repository/io/netty/netty-codec-socks/4.1.94.Final/netty-codec-socks-4.1.94.Final.jar:/home/runner/.m2/repository/io/netty/netty-tcnative-boringssl-static/2.0.61.Final/netty-tcnative-boringssl-static-2.0.61.Final.jar:/home/runner/.m2/repository/io/netty/netty-tcnative-classes/2.0.61.Final/netty-tcnative-classes-2.0.61.Final.jar:/home/runner/.m2/repository/io/netty/netty-tcnative-boringssl-static/2.0.61.Final/netty-tcnative-boringssl-static-2.0.61.Final-linux-x86_64.jar:/home/runner/.m2/repository/io/netty/netty-tcnative-boringssl-static/2.0.61.Final/netty-tcnative-boringssl-static-2.0.61.Final-linux-aarch_64.jar:/home/runner/.m2/repository/io/netty/netty-tcnative-boringssl-static/2.0.61.Final/netty-tcnative-boringssl-static-2.0.61.Final-osx-x86_64.jar:/home/runner/.m2/repository/io/netty/netty-tcnative-boringssl-static/2.0.61.Final/netty-tcnative-boringssl-static-2.0.61.Final-osx-aarch_64.jar:/home/runner/.m2/repository/io/netty/netty-tcnative-boringssl-static/2.0.61.Final/netty-tcnative-boringssl-static-2.0.61.Final-windows-x86_64.jar:/home/runner/.m2/repository/org/apache/commons/commons-compress/1.21/commons-compress-1.21.jar:/home/runner/.m2/repository/org/apache/ozone/hdds-common/1.4.0-SNAPSHOT/hdds-common-1.4.0-SNAPSHOT.jar:/home/runner/.m2/repository/org/apache/ozone/hdds-client/1.4.0-SNAPSHOT/hdds-client-1.4.0-SNAPSHOT.jar:/home/runner/.m2/repository/org/apache/ozone/ozone-interface-client/1.4.0-SNAPSHOT/ozone-interface-client-1.4.0-SNAPSHOT.jar:/home/runner/.m2/repository/org/apache/hadoop/hadoop-hdfs-client/3.3.6/hadoop-hdfs-client-3.3.6.jar:/home/runner/.m2/repository/com/squareup/okhttp3/okhttp/4.9.3/okhttp-4.9.3.jar:/home/runner/.m2/repository/com/squareup/okio/okio/3.4.0/okio-3.4.0.jar:/home/runner/.m2/repository/com/squareup/okio/okio-jvm/3.4.0/okio-jvm-3.4.0.jar:/home/runner/.m2/repository/org/jetbrains/kotlin/kotlin-stdlib-jdk8/1.8.0/kotlin-stdlib-jdk8-1.8.0.jar:/home/runner/.m2/repository/org/jetbrains/kotlin/kotlin-stdlib-jdk7/1.8.0/kotlin-stdlib-jdk7-1.8.0.jar:/home/runner/.m2/repository/org/jetbrains/kotlin/kotlin-stdlib-common/1.6.21/kotlin-stdlib-common-1.6.21.jar:/home/runner/.m2/repository/org/apache/ozone/hdds-test-utils/1.4.0-SNAPSHOT/hdds-test-utils-1.4.0-SNAPSHOT.jar:/home/runner/.m2/repository/com/google/guava/guava/32.0.0-jre/guava-32.0.0-jre.jar:/home/runner/.m2/repository/com/google/guava/failureaccess/1.0.1/failureaccess-1.0.1.jar:/home/runner/.m2/repository/com/google/guava/listenablefuture/9999.0-empty-to-avoid-conflict-with-guava/listenablefuture-9999.0-empty-to-avoid-conflict-with-guava.jar:/home/runner/.m2/repository/com/google/code/findbugs/jsr305/3.0.0/jsr305-3.0.0.jar:/home/runner/.m2/repository/org/checkerframework/checker-qual/3.33.0/checker-qual-3.33.0.jar:/home/runner/.m2/repository/com/google/j2objc/j2objc-annotations/2.8/j2objc-annotations-2.8.jar:/home/runner/.m2/repository/commons-io/commons-io/2.11.0/commons-io-2.11.0.jar:/home/runner/.m2/repository/commons-logging/commons-logging/1.2/commons-logging-1.2.jar:/home/runner/.m2/repository/ch/qos/reload4j/reload4j/1.2.22/reload4j-1.2.22.jar:/home/runner/.m2/repository/org/slf4j/slf4j-api/1.7.36/slf4j-api-1.7.36.jar:/home/runner/.m2/repository/org/apache/logging/log4j/log4j-api/2.17.1/log4j-api-2.17.1.jar:/home/runner/.m2/repository/org/apache/ozone/hdds-server-scm/1.4.0-SNAPSHOT/hdds-server-scm-1.4.0-SNAPSHOT.jar:/home/runner/.m2/repository/org/apache/ozone/hdds-container-service/1.4.0-SNAPSHOT/hdds-container-service-1.4.0-SNAPSHOT.jar:/home/runner/.m2/repository/org/apache/ozone/hdds-hadoop-dependency-server/1.4.0-SNAPSHOT/hdds-hadoop-dependency-server-1.4.0-SNAPSHOT.jar:/home/runner/.m2/repository/org/apache/hadoop/hadoop-hdfs/3.3.6/hadoop-hdfs-3.3.6.jar:/home/runner/.m2/repository/commons-daemon/commons-daemon/1.0.13/commons-daemon-1.0.13.jar:/home/runner/.m2/repository/org/apache/ozone/hdds-server-framework/1.4.0-SNAPSHOT/hdds-server-framework-1.4.0-SNAPSHOT.jar:/home/runner/.m2/repository/io/dropwizard/metrics/metrics-core/3.2.4/metrics-core-3.2.4.jar:/home/runner/.m2/repository/org/apache/commons/commons-text/1.10.0/commons-text-1.10.0.jar:/home/runner/.m2/repository/org/bouncycastle/bcprov-jdk15on/1.67/bcprov-jdk15on-1.67.jar:/home/runner/.m2/repository/com/google/protobuf/protobuf-java/2.5.0/protobuf-java-2.5.0.jar:/home/runner/.m2/repository/org/apache/ozone/hdds-server-framework/1.4.0-SNAPSHOT/hdds-server-framework-1.4.0-SNAPSHOT-tests.jar:/home/runner/.m2/repository/org/apache/ozone/hdds-interface-server/1.4.0-SNAPSHOT/hdds-interface-server-1.4.0-SNAPSHOT.jar:/home/runner/.m2/repository/org/apache/ozone/hdds-interface-admin/1.4.0-SNAPSHOT/hdds-interface-admin-1.4.0-SNAPSHOT.jar:/home/runner/.m2/repository/org/apache/ozone/hdds-managed-rocksdb/1.4.0-SNAPSHOT/hdds-managed-rocksdb-1.4.0-SNAPSHOT.jar:/home/runner/.m2/repository/org/rocksdb/rocksdbjni/7.7.3/rocksdbjni-7.7.3.jar:/home/runner/.m2/repository/org/slf4j/slf4j-reload4j/1.7.36/slf4j-reload4j-1.7.36.jar:/home/runner/.m2/repository/org/apache/commons/commons-configuration2/2.1.1/commons-configuration2-2.1.1.jar:/home/runner/.m2/repository/commons-fileupload/commons-fileupload/1.5/commons-fileupload-1.5.jar:/home/runner/.m2/repository/org/apache/logging/log4j/log4j-core/2.17.1/log4j-core-2.17.1.jar:/home/runner/.m2/repository/com/lmax/disruptor/3.4.2/disruptor-3.4.2.jar:/home/runner/.m2/repository/org/eclipse/jetty/jetty-util/9.4.51.v20230217/jetty-util-9.4.51.v20230217.jar:/home/runner/.m2/repository/org/eclipse/jetty/jetty-server/9.4.51.v20230217/jetty-server-9.4.51.v20230217.jar:/home/runner/.m2/repository/org/eclipse/jetty/jetty-http/9.4.51.v20230217/jetty-http-9.4.51.v20230217.jar:/home/runner/.m2/repository/org/eclipse/jetty/jetty-io/9.4.51.v20230217/jetty-io-9.4.51.v20230217.jar:/home/runner/.m2/repository/org/eclipse/jetty/jetty-servlet/9.4.51.v20230217/jetty-servlet-9.4.51.v20230217.jar:/home/runner/.m2/repository/org/eclipse/jetty/jetty-security/9.4.51.v20230217/jetty-security-9.4.51.v20230217.jar:/home/runner/.m2/repository/org/eclipse/jetty/jetty-util-ajax/9.4.51.v20230217/jetty-util-ajax-9.4.51.v20230217.jar:/home/runner/.m2/repository/org/eclipse/jetty/jetty-webapp/9.4.51.v20230217/jetty-webapp-9.4.51.v20230217.jar:/home/runner/.m2/repository/org/eclipse/jetty/jetty-xml/9.4.51.v20230217/jetty-xml-9.4.51.v20230217.jar:/home/runner/.m2/repository/org/apache/ratis/ratis-server/2.5.1/ratis-server-2.5.1.jar:/home/runner/.m2/repository/org/apache/ratis/ratis-thirdparty-misc/1.0.4/ratis-thirdparty-misc-1.0.4.jar:/home/runner/.m2/repository/org/apache/ratis/ratis-proto/2.5.1/ratis-proto-2.5.1.jar:/home/runner/.m2/repository/org/apache/ratis/ratis-common/2.5.1/ratis-common-2.5.1.jar:/home/runner/.m2/repository/org/apache/ratis/ratis-client/2.5.1/ratis-client-2.5.1.jar:/home/runner/.m2/repository/org/apache/ratis/ratis-server-api/2.5.1/ratis-server-api-2.5.1.jar:/home/runner/.m2/repository/org/apache/ratis/ratis-metrics/2.5.1/ratis-metrics-2.5.1.jar:/home/runner/.m2/repository/io/prometheus/simpleclient_dropwizard/0.7.0/simpleclient_dropwizard-0.7.0.jar:/home/runner/.m2/repository/io/prometheus/simpleclient/0.7.0/simpleclient-0.7.0.jar:/home/runner/.m2/repository/io/prometheus/simpleclient_common/0.7.0/simpleclient_common-0.7.0.jar:/home/runner/.m2/repository/com/fasterxml/jackson/datatype/jackson-datatype-jsr310/2.13.4/jackson-datatype-jsr310-2.13.4.jar:/home/runner/.m2/repository/com/fasterxml/jackson/core/jackson-core/2.13.4/jackson-core-2.13.4.jar:/home/runner/.m2/repository/com/github/spotbugs/spotbugs-annotations/3.1.12/spotbugs-annotations-3.1.12.jar:/home/runner/.m2/repository/org/apache/ozone/rocksdb-checkpoint-differ/1.4.0-SNAPSHOT/rocksdb-checkpoint-differ-1.4.0-SNAPSHOT.jar:/home/runner/.m2/repository/org/jgrapht/jgrapht-core/1.0.1/jgrapht-core-1.0.1.jar:/home/runner/.m2/repository/org/jgrapht/jgrapht-ext/1.0.1/jgrapht-ext-1.0.1.jar:/home/runner/.m2/repository/org/tinyjee/jgraphx/jgraphx/2.0.0.1/jgraphx-2.0.0.1.jar:/home/runner/.m2/repository/jgraph/jgraph/5.13.0.0/jgraph-5.13.0.0.jar:/home/runner/.m2/repository/org/antlr/antlr4-runtime/4.5.3/antlr4-runtime-4.5.3.jar:/home/runner/.m2/repository/org/awaitility/awaitility/4.2.0/awaitility-4.2.0.jar:/home/runner/.m2/repository/org/hamcrest/hamcrest/2.1/hamcrest-2.1.jar:/home/runner/.m2/repository/org/apache/ozone/ozone-manager/1.4.0-SNAPSHOT/ozone-manager-1.4.0-SNAPSHOT.jar:/home/runner/.m2/repository/org/aspectj/aspectjrt/1.9.7/aspectjrt-1.9.7.jar:/home/runner/.m2/repository/org/aspectj/aspectjweaver/1.9.7/aspectjweaver-1.9.7.jar:/home/runner/.m2/repository/org/apache/ozone/hdds-interface-client/1.4.0-SNAPSHOT/hdds-interface-client-1.4.0-SNAPSHOT.jar:/home/runner/.m2/repository/org/apache/hadoop/thirdparty/hadoop-shaded-protobuf_3_7/1.1.1/hadoop-shaded-protobuf_3_7-1.1.1.jar:/home/runner/.m2/repository/org/apache/ozone/ozone-interface-storage/1.4.0-SNAPSHOT/ozone-interface-storage-1.4.0-SNAPSHOT.jar:/home/runner/.m2/repository/org/reflections/reflections/0.9.11/reflections-0.9.11.jar:/home/runner/.m2/repository/com/sun/jersey/jersey-client/1.19/jersey-client-1.19.jar:/home/runner/.m2/repository/org/codehaus/jackson/jackson-core-asl/1.9.13/jackson-core-asl-1.9.13.jar:/home/runner/.m2/repository/org/codehaus/jackson/jackson-mapper-asl/1.9.13/jackson-mapper-asl-1.9.13.jar:/home/runner/.m2/repository/org/codehaus/jackson/jackson-jaxrs/1.9.13/jackson-jaxrs-1.9.13.jar:/home/runner/.m2/repository/org/apache/ranger/ranger-intg/2.3.0/ranger-intg-2.3.0.jar:/home/runner/.m2/repository/org/apache/ranger/ranger-plugins-common/2.3.0/ranger-plugins-common-2.3.0.jar:/home/runner/.m2/repository/commons-lang/commons-lang/2.6/commons-lang-2.6.jar:/home/runner/.m2/repository/org/apache/ranger/ranger-plugins-cred/2.3.0/ranger-plugins-cred-2.3.0.jar:/home/runner/.m2/repository/org/apache/ranger/ranger-plugins-audit/2.3.0/ranger-plugins-audit-2.3.0.jar:/home/runner/.m2/repository/org/eclipse/jetty/jetty-client/9.4.51.v20230217/jetty-client-9.4.51.v20230217.jar:/home/runner/.m2/repository/org/apache/httpcomponents/httpmime/4.5.6/httpmime-4.5.6.jar:/home/runner/.m2/repository/org/apache/httpcomponents/httpcore-nio/4.4.13/httpcore-nio-4.4.13.jar:/home/runner/.m2/repository/org/apache/httpcomponents/httpasyncclient/4.1.3/httpasyncclient-4.1.3.jar:/home/runner/.m2/repository/com/carrotsearch/hppc/0.8.0/hppc-0.8.0.jar:/home/runner/.m2/repository/org/apache/orc/orc-core/1.5.8/orc-core-1.5.8.jar:/home/runner/.m2/repository/net/java/dev/jna/jna/5.2.0/jna-5.2.0.jar:/home/runner/.m2/repository/net/java/dev/jna/jna-platform/5.2.0/jna-platform-5.2.0.jar:/home/runner/.m2/repository/com/kstruct/gethostname4j/0.0.2/gethostname4j-0.0.2.jar:/home/runner/.m2/repository/org/apache/ranger/ranger-plugin-classloader/2.3.0/ranger-plugin-classloader-2.3.0.jar:/home/runner/.m2/repository/org/apache/ozone/hdds-rocks-native/1.4.0-SNAPSHOT/hdds-rocks-native-1.4.0-SNAPSHOT.jar:/home/runner/.m2/repository/org/apache/hadoop/hadoop-minikdc/3.3.6/hadoop-minikdc-3.3.6.jar:/home/runner/.m2/repository/org/apache/kerby/kerb-simplekdc/1.0.1/kerb-simplekdc-1.0.1.jar:/home/runner/.m2/repository/org/apache/kerby/kerb-client/1.0.1/kerb-client-1.0.1.jar:/home/runner/.m2/repository/org/apache/kerby/kerby-config/1.0.1/kerby-config-1.0.1.jar:/home/runner/.m2/repository/org/apache/kerby/kerb-common/1.0.1/kerb-common-1.0.1.jar:/home/runner/.m2/repository/org/apache/kerby/kerb-crypto/1.0.1/kerb-crypto-1.0.1.jar:/home/runner/.m2/repository/org/apache/kerby/kerb-util/1.0.1/kerb-util-1.0.1.jar:/home/runner/.m2/repository/org/apache/kerby/token-provider/1.0.1/token-provider-1.0.1.jar:/home/runner/.m2/repository/org/apache/kerby/kerb-admin/1.0.1/kerb-admin-1.0.1.jar:/home/runner/.m2/repository/org/apache/kerby/kerb-server/1.0.1/kerb-server-1.0.1.jar:/home/runner/.m2/repository/org/apache/kerby/kerb-identity/1.0.1/kerb-identity-1.0.1.jar:/home/runner/.m2/repository/org/apache/kerby/kerby-xdr/1.0.1/kerby-xdr-1.0.1.jar:/home/runner/.m2/repository/org/apache/ozone/ozone-s3gateway/1.4.0-SNAPSHOT/ozone-s3gateway-1.4.0-SNAPSHOT.jar:/home/runner/.m2/repository/org/javassist/javassist/3.21.0-GA/javassist-3.21.0-GA.jar:/home/runner/.m2/repository/org/jboss/weld/servlet/weld-servlet-shaded/3.1.9.Final/weld-servlet-shaded-3.1.9.Final.jar:/home/runner/.m2/repository/org/glassfish/jersey/containers/jersey-container-servlet-core/2.34/jersey-container-servlet-core-2.34.jar:/home/runner/.m2/repository/org/glassfish/hk2/external/jakarta.inject/2.6.1/jakarta.inject-2.6.1.jar:/home/runner/.m2/repository/org/glassfish/jersey/core/jersey-common/2.34/jersey-common-2.34.jar:/home/runner/.m2/repository/jakarta/ws/rs/jakarta.ws.rs-api/2.1.6/jakarta.ws.rs-api-2.1.6.jar:/home/runner/.m2/repository/org/glassfish/jersey/ext/cdi/jersey-cdi1x/2.34/jersey-cdi1x-2.34.jar:/home/runner/.m2/repository/org/glassfish/jersey/inject/jersey-hk2/2.34/jersey-hk2-2.34.jar:/home/runner/.m2/repository/org/glassfish/hk2/hk2-locator/2.6.1/hk2-locator-2.6.1.jar:/home/runner/.m2/repository/org/glassfish/jersey/media/jersey-media-jaxb/2.34/jersey-media-jaxb-2.34.jar:/home/runner/.m2/repository/org/glassfish/hk2/osgi-resource-locator/1.0.3/osgi-resource-locator-1.0.3.jar:/home/runner/.m2/repository/org/glassfish/hk2/hk2-api/2.5.0/hk2-api-2.5.0.jar:/home/runner/.m2/repository/org/glassfish/hk2/hk2-utils/2.5.0/hk2-utils-2.5.0.jar:/home/runner/.m2/repository/org/glassfish/hk2/external/aopalliance-repackaged/2.5.0/aopalliance-repackaged-2.5.0.jar:/home/runner/.m2/repository/com/fasterxml/jackson/dataformat/jackson-dataformat-xml/2.13.4/jackson-dataformat-xml-2.13.4.jar:/home/runner/.m2/repository/org/codehaus/woodstox/stax2-api/4.2.1/stax2-api-4.2.1.jar:/home/runner/.m2/repository/com/fasterxml/woodstox/woodstox-core/5.4.0/woodstox-core-5.4.0.jar:/home/runner/.m2/repository/com/fasterxml/jackson/module/jackson-module-jaxb-annotations/2.13.4/jackson-module-jaxb-annotations-2.13.4.jar:/home/runner/.m2/repository/jakarta/xml/bind/jakarta.xml.bind-api/2.3.3/jakarta.xml.bind-api-2.3.3.jar:/home/runner/.m2/repository/jakarta/activation/jakarta.activation-api/1.2.2/jakarta.activation-api-1.2.2.jar:/home/runner/.m2/repository/javax/enterprise/cdi-api/2.0/cdi-api-2.0.jar:/home/runner/.m2/repository/javax/el/javax.el-api/3.0.0/javax.el-api-3.0.0.jar:/home/runner/.m2/repository/javax/interceptor/javax.interceptor-api/1.2/javax.interceptor-api-1.2.jar:/home/runner/.m2/repository/javax/inject/javax.inject/1/javax.inject-1.jar:/home/runner/.m2/repository/javax/xml/bind/jaxb-api/2.3.0/jaxb-api-2.3.0.jar:/home/runner/.m2/repository/org/glassfish/jaxb/jaxb-runtime/2.3.0.1/jaxb-runtime-2.3.0.1.jar:/home/runner/.m2/repository/org/glassfish/jaxb/jaxb-core/2.3.0.1/jaxb-core-2.3.0.1.jar:/home/runner/.m2/repository/org/glassfish/jaxb/txw2/2.3.0.1/txw2-2.3.0.1.jar:/home/runner/.m2/repository/com/sun/istack/istack-commons-runtime/3.0.5/istack-commons-runtime-3.0.5.jar:/home/runner/.m2/repository/org/jvnet/staxex/stax-ex/1.7.8/stax-ex-1.7.8.jar:/home/runner/.m2/repository/com/sun/xml/fastinfoset/FastInfoset/1.2.13/FastInfoset-1.2.13.jar:/home/runner/.m2/repository/javax/activation/activation/1.1.1/activation-1.1.1.jar:/home/runner/.m2/repository/io/grpc/grpc-protobuf/1.51.1/grpc-protobuf-1.51.1.jar:/home/runner/.m2/repository/com/google/api/grpc/proto-google-common-protos/2.9.0/proto-google-common-protos-2.9.0.jar:/home/runner/.m2/repository/io/grpc/grpc-protobuf-lite/1.51.1/grpc-protobuf-lite-1.51.1.jar:/home/runner/.m2/repository/io/grpc/grpc-stub/1.51.1/grpc-stub-1.51.1.jar:/home/runner/.m2/repository/io/netty/netty-transport/4.1.94.Final/netty-transport-4.1.94.Final.jar:/home/runner/.m2/repository/io/netty/netty-resolver/4.1.94.Final/netty-resolver-4.1.94.Final.jar:/home/runner/.m2/repository/org/apache/ozone/ozone-csi/1.4.0-SNAPSHOT/ozone-csi-1.4.0-SNAPSHOT.jar:/home/runner/.m2/repository/com/google/protobuf/protobuf-java-util/3.19.6/protobuf-java-util-3.19.6.jar:/home/runner/.m2/repository/com/google/code/gson/gson/2.9.0/gson-2.9.0.jar:/home/runner/.m2/repository/org/apache/ozone/hdds-config/1.4.0-SNAPSHOT/hdds-config-1.4.0-SNAPSHOT.jar:/home/runner/.m2/repository/io/netty/netty-transport-native-epoll/4.1.94.Final/netty-transport-native-epoll-4.1.94.Final-linux-x86_64.jar:/home/runner/.m2/repository/io/netty/netty-transport-classes-epoll/4.1.94.Final/netty-transport-classes-epoll-4.1.94.Final.jar:/home/runner/.m2/repository/io/netty/netty-transport-native-unix-common/4.1.94.Final/netty-transport-native-unix-common-4.1.94.Final.jar:/home/runner/.m2/repository/org/apache/ozone/ozone-recon/1.4.0-SNAPSHOT/ozone-recon-1.4.0-SNAPSHOT.jar:/home/runner/.m2/repository/org/apache/ozone/ozone-reconcodegen/1.4.0-SNAPSHOT/ozone-reconcodegen-1.4.0-SNAPSHOT.jar:/home/runner/.m2/repository/com/google/inject/guice/5.1.0/guice-5.1.0.jar:/home/runner/.m2/repository/aopalliance/aopalliance/1.0/aopalliance-1.0.jar:/home/runner/.m2/repository/com/google/inject/extensions/guice-assistedinject/5.1.0/guice-assistedinject-5.1.0.jar:/home/runner/.m2/repository/com/google/inject/extensions/guice-servlet/5.1.0/guice-servlet-5.1.0.jar:/home/runner/.m2/repository/org/glassfish/jersey/containers/jersey-container-servlet/2.34/jersey-container-servlet-2.34.jar:/home/runner/.m2/repository/org/glassfish/hk2/guice-bridge/2.5.0/guice-bridge-2.5.0.jar:/home/runner/.m2/repository/org/glassfish/jersey/core/jersey-server/2.34/jersey-server-2.34.jar:/home/runner/.m2/repository/org/glassfish/jersey/core/jersey-client/2.34/jersey-client-2.34.jar:/home/runner/.m2/repository/jakarta/annotation/jakarta.annotation-api/1.3.5/jakarta.annotation-api-1.3.5.jar:/home/runner/.m2/repository/jakarta/validation/jakarta.validation-api/2.0.2/jakarta.validation-api-2.0.2.jar:/home/runner/.m2/repository/org/glassfish/jersey/media/jersey-media-json-jackson/2.34/jersey-media-json-jackson-2.34.jar:/home/runner/.m2/repository/org/glassfish/jersey/ext/jersey-entity-filtering/2.34/jersey-entity-filtering-2.34.jar:/home/runner/.m2/repository/org/jooq/jooq/3.11.10/jooq-3.11.10.jar:/home/runner/.m2/repository/org/jooq/jooq-meta/3.11.10/jooq-meta-3.11.10.jar:/home/runner/.m2/repository/org/jooq/jooq-codegen/3.11.10/jooq-codegen-3.11.10.jar:/home/runner/.m2/repository/com/jolbox/bonecp/0.8.0.RELEASE/bonecp-0.8.0.RELEASE.jar:/home/runner/.m2/repository/org/apache/derby/derby/10.14.2.0/derby-10.14.2.0.jar:/home/runner/.m2/repository/org/xerial/sqlite-jdbc/3.41.2.2/sqlite-jdbc-3.41.2.2.jar:/home/runner/.m2/repository/org/springframework/spring-jdbc/5.3.27/spring-jdbc-5.3.27.jar:/home/runner/.m2/repository/org/springframework/spring-beans/5.3.27/spring-beans-5.3.27.jar:/home/runner/.m2/repository/org/springframework/spring-core/5.3.27/spring-core-5.3.27.jar:/home/runner/.m2/repository/org/springframework/spring-tx/5.3.27/spring-tx-5.3.27.jar:/home/runner/.m2/repository/org/apache/ozone/ozone-client/1.4.0-SNAPSHOT/ozone-client-1.4.0-SNAPSHOT.jar:/home/runner/.m2/repository/org/apache/ozone/hdds-erasurecode/1.4.0-SNAPSHOT/hdds-erasurecode-1.4.0-SNAPSHOT.jar:/home/runner/.m2/repository/org/apache/ozone/ozone-filesystem/1.4.0-SNAPSHOT/ozone-filesystem-1.4.0-SNAPSHOT.jar:/home/runner/.m2/repository/org/apache/ozone/ozone-filesystem-common/1.4.0-SNAPSHOT/ozone-filesystem-common-1.4.0-SNAPSHOT.jar:/home/runner/.m2/repository/org/apache/ozone/ozone-tools/1.4.0-SNAPSHOT/ozone-tools-1.4.0-SNAPSHOT.jar:/home/runner/.m2/repository/com/amazonaws/aws-java-sdk-core/1.12.261/aws-java-sdk-core-1.12.261.jar:/home/runner/.m2/repository/org/apache/httpcomponents/httpclient/4.5.13/httpclient-4.5.13.jar:/home/runner/.m2/repository/org/apache/httpcomponents/httpcore/4.4.13/httpcore-4.4.13.jar:/home/runner/.m2/repository/software/amazon/ion/ion-java/1.0.2/ion-java-1.0.2.jar:/home/runner/.m2/repository/com/fasterxml/jackson/dataformat/jackson-dataformat-cbor/2.13.4/jackson-dataformat-cbor-2.13.4.jar:/home/runner/.m2/repository/joda-time/joda-time/2.10.6/joda-time-2.10.6.jar:/home/runner/.m2/repository/com/amazonaws/aws-java-sdk-s3/1.12.261/aws-java-sdk-s3-1.12.261.jar:/home/runner/.m2/repository/com/amazonaws/aws-java-sdk-kms/1.12.261/aws-java-sdk-kms-1.12.261.jar:/home/runner/.m2/repository/com/amazonaws/jmespath-java/1.12.261/jmespath-java-1.12.261.jar:/home/runner/.m2/repository/org/kohsuke/metainf-services/metainf-services/1.8/metainf-services-1.8.jar:/home/runner/.m2/repository/org/apache/ozone/hdds-tools/1.4.0-SNAPSHOT/hdds-tools-1.4.0-SNAPSHOT.jar:/home/runner/.m2/repository/org/apache/ratis/ratis-tools/2.5.1/ratis-tools-2.5.1.jar:/home/runner/.m2/repository/commons-cli/commons-cli/1.2/commons-cli-1.2.jar:/home/runner/.m2/repository/org/apache/commons/commons-lang3/3.7/commons-lang3-3.7.jar:/home/runner/.m2/repository/org/apache/ozone/ozone-manager/1.4.0-SNAPSHOT/ozone-manager-1.4.0-SNAPSHOT-tests.jar:/home/runner/.m2/repository/org/apache/ozone/hdds-common/1.4.0-SNAPSHOT/hdds-common-1.4.0-SNAPSHOT-tests.jar:/home/runner/.m2/repository/org/apache/ozone/hdds-hadoop-dependency-client/1.4.0-SNAPSHOT/hdds-hadoop-dependency-client-1.4.0-SNAPSHOT.jar:/home/runner/.m2/repository/info/picocli/picocli/4.6.1/picocli-4.6.1.jar:/home/runner/.m2/repository/com/fasterxml/jackson/core/jackson-annotations/2.13.4/jackson-annotations-2.13.4.jar:/home/runner/.m2/repository/org/apache/ozone/hdds-annotation-processing/1.4.0-SNAPSHOT/hdds-annotation-processing-1.4.0-SNAPSHOT.jar:/home/runner/.m2/repository/javax/annotation/javax.annotation-api/1.2/javax.annotation-api-1.2.jar:/home/runner/.m2/repository/org/apache/ratis/ratis-netty/2.5.1/ratis-netty-2.5.1.jar:/home/runner/.m2/repository/org/apache/ratis/ratis-grpc/2.5.1/ratis-grpc-2.5.1.jar:/home/runner/.m2/repository/org/apache/commons/commons-pool2/2.6.0/commons-pool2-2.6.0.jar:/home/runner/.m2/repository/org/bouncycastle/bcpkix-jdk15on/1.67/bcpkix-jdk15on-1.67.jar:/home/runner/.m2/repository/commons-validator/commons-validator/1.6/commons-validator-1.6.jar:/home/runner/.m2/repository/commons-beanutils/commons-beanutils/1.9.4/commons-beanutils-1.9.4.jar:/home/runner/.m2/repository/commons-digester/commons-digester/1.8.1/commons-digester-1.8.1.jar:/home/runner/.m2/repository/commons-collections/commons-collections/3.2.2/commons-collections-3.2.2.jar:/home/runner/.m2/repository/io/jaegertracing/jaeger-client/1.6.0/jaeger-client-1.6.0.jar:/home/runner/.m2/repository/io/jaegertracing/jaeger-thrift/1.6.0/jaeger-thrift-1.6.0.jar:/home/runner/.m2/repository/org/apache/thrift/libthrift/0.14.1/libthrift-0.14.1.jar:/home/runner/.m2/repository/io/jaegertracing/jaeger-core/1.6.0/jaeger-core-1.6.0.jar:/home/runner/.m2/repository/io/jaegertracing/jaeger-tracerresolver/1.6.0/jaeger-tracerresolver-1.6.0.jar:/home/runner/.m2/repository/io/opentracing/contrib/opentracing-tracerresolver/0.1.8/opentracing-tracerresolver-0.1.8.jar:/home/runner/.m2/repository/org/jetbrains/kotlin/kotlin-stdlib/1.6.21/kotlin-stdlib-1.6.21.jar:/home/runner/.m2/repository/org/jetbrains/annotations/13.0/annotations-13.0.jar:/home/runner/.m2/repository/io/opentracing/opentracing-util/0.33.0/opentracing-util-0.33.0.jar:/home/runner/.m2/repository/io/opentracing/opentracing-api/0.33.0/opentracing-api-0.33.0.jar:/home/runner/.m2/repository/io/opentracing/opentracing-noop/0.33.0/opentracing-noop-0.33.0.jar:/home/runner/.m2/repository/org/yaml/snakeyaml/2.0/snakeyaml-2.0.jar:/home/runner/.m2/repository/io/grpc/grpc-api/1.51.1/grpc-api-1.51.1.jar:/home/runner/.m2/repository/io/grpc/grpc-context/1.51.1/grpc-context-1.51.1.jar:/home/runner/.m2/repository/junit/junit/4.13.1/junit-4.13.1.jar:/home/runner/.m2/repository/org/hamcrest/hamcrest-core/1.3/hamcrest-core-1.3.jar:/home/runner/.m2/repository/org/junit/jupiter/junit-jupiter-api/5.8.2/junit-jupiter-api-5.8.2.jar:/home/runner/.m2/repository/org/opentest4j/opentest4j/1.2.0/opentest4j-1.2.0.jar:/home/runner/.m2/repository/org/junit/platform/junit-platform-commons/1.8.2/junit-platform-commons-1.8.2.jar:/home/runner/.m2/repository/org/apiguardian/apiguardian-api/1.1.2/apiguardian-api-1.1.2.jar:/home/runner/.m2/repository/org/junit/jupiter/junit-jupiter-params/5.8.2/junit-jupiter-params-5.8.2.jar:/home/runner/.m2/repository/org/junit/jupiter/junit-jupiter-migrationsupport/5.8.2/junit-jupiter-migrationsupport-5.8.2.jar:/home/runner/.m2/repository/org/junit/jupiter/junit-jupiter-engine/5.8.2/junit-jupiter-engine-5.8.2.jar:/home/runner/.m2/repository/org/junit/platform/junit-platform-engine/1.8.2/junit-platform-engine-1.8.2.jar:/home/runner/.m2/repository/org/junit/vintage/junit-vintage-engine/5.8.2/junit-vintage-engine-5.8.2.jar:/home/runner/.m2/repository/org/junit/platform/junit-platform-launcher/1.8.2/junit-platform-launcher-1.8.2.jar:/home/runner/.m2/repository/org/mockito/mockito-core/3.5.9/mockito-core-3.5.9.jar:/home/runner/.m2/repository/net/bytebuddy/byte-buddy/1.10.13/byte-buddy-1.10.13.jar:/home/runner/.m2/repository/net/bytebuddy/byte-buddy-agent/1.10.13/byte-buddy-agent-1.10.13.jar:/home/runner/.m2/repository/org/objenesis/objenesis/1.0/objenesis-1.0.jar:/home/runner/.m2/repository/org/apache/hadoop/hadoop-kms/3.3.6/hadoop-kms-3.3.6.jar:/home/runner/.m2/repository/org/apache/hadoop/hadoop-auth/3.3.6/hadoop-auth-3.3.6.jar:/home/runner/.m2/repository/com/nimbusds/nimbus-jose-jwt/9.8.1/nimbus-jose-jwt-9.8.1.jar:/home/runner/.m2/repository/com/github/stephenc/jcip/jcip-annotations/1.0-1/jcip-annotations-1.0-1.jar:/home/runner/.m2/repository/org/apache/zookeeper/zookeeper/3.5.6/zookeeper-3.5.6.jar:/home/runner/.m2/repository/org/apache/zookeeper/zookeeper-jute/3.5.6/zookeeper-jute-3.5.6.jar:/home/runner/.m2/repository/org/apache/yetus/audience-annotations/0.5.0/audience-annotations-0.5.0.jar:/home/runner/.m2/repository/org/apache/curator/curator-framework/4.2.0/curator-framework-4.2.0.jar:/home/runner/.m2/repository/org/apache/hadoop/thirdparty/hadoop-shaded-guava/1.1.1/hadoop-shaded-guava-1.1.1.jar:/home/runner/.m2/repository/com/sun/jersey/jersey-core/1.19/jersey-core-1.19.jar:/home/runner/.m2/repository/javax/ws/rs/jsr311-api/1.1.1/jsr311-api-1.1.1.jar:/home/runner/.m2/repository/com/sun/jersey/jersey-server/1.19/jersey-server-1.19.jar:/home/runner/.m2/repository/javax/servlet/javax.servlet-api/3.1.0/javax.servlet-api-3.1.0.jar:/home/runner/.m2/repository/org/apache/hadoop/hadoop-common/3.3.6/hadoop-common-3.3.6.jar:/home/runner/.m2/repository/org/apache/commons/commons-math3/3.1.1/commons-math3-3.1.1.jar:/home/runner/.m2/repository/commons-net/commons-net/3.9.0/commons-net-3.9.0.jar:/home/runner/.m2/repository/com/sun/jersey/jersey-servlet/1.19/jersey-servlet-1.19.jar:/home/runner/.m2/repository/com/github/pjfanning/jersey-json/1.20/jersey-json-1.20.jar:/home/runner/.m2/repository/org/codehaus/jettison/jettison/1.1/jettison-1.1.jar:/home/runner/.m2/repository/com/sun/xml/bind/jaxb-impl/2.2.3-1/jaxb-impl-2.2.3-1.jar:/home/runner/.m2/repository/com/google/re2j/re2j/1.1/re2j-1.1.jar:/home/runner/.m2/repository/com/jcraft/jsch/0.1.54/jsch-0.1.54.jar:/home/runner/.m2/repository/org/apache/curator/curator-client/4.2.0/curator-client-4.2.0.jar:/home/runner/.m2/repository/org/apache/curator/curator-recipes/5.2.0/curator-recipes-5.2.0.jar:/home/runner/.m2/repository/org/apache/kerby/kerb-core/1.0.1/kerb-core-1.0.1.jar:/home/runner/.m2/repository/org/apache/kerby/kerby-pkix/1.0.1/kerby-pkix-1.0.1.jar:/home/runner/.m2/repository/org/apache/kerby/kerby-asn1/1.0.1/kerby-asn1-1.0.1.jar:/home/runner/.m2/repository/org/apache/kerby/kerby-util/1.0.1/kerby-util-1.0.1.jar:/home/runner/.m2/repository/dnsjava/dnsjava/2.1.7/dnsjava-2.1.7.jar:/home/runner/.m2/repository/org/xerial/snappy/snappy-java/1.1.8.2/snappy-java-1.1.8.2.jar:/home/runner/.m2/repository/com/fasterxml/jackson/core/jackson-databind/2.13.4.2/jackson-databind-2.13.4.2.jar:/home/runner/.m2/repository/org/apache/hadoop/hadoop-kms/3.3.6/hadoop-kms-3.3.6-tests.jar:/home/runner/.m2/repository/org/apache/ozone/hdds-server-scm/1.4.0-SNAPSHOT/hdds-server-scm-1.4.0-SNAPSHOT-tests.jar:/home/runner/.m2/repository/org/apache/ozone/hdds-container-service/1.4.0-SNAPSHOT/hdds-container-service-1.4.0-SNAPSHOT-tests.jar:/home/runner/.m2/repository/com/github/luben/zstd-jni/1.5.2-5/zstd-jni-1.5.2-5.jar:/home/runner/.m2/repository/commons-codec/commons-codec/1.15/commons-codec-1.15.jar:/home/runner/.m2/repository/io/netty/netty-codec/4.1.94.Final/netty-codec-4.1.94.Final.jar:/home/runner/.m2/repository/io/netty/netty-handler/4.1.94.Final/netty-handler-4.1.94.Final.jar:/home/runner/.m2/repository/org/apache/ozone/hdds-hadoop-dependency-test/1.4.0-SNAPSHOT/hdds-hadoop-dependency-test-1.4.0-SNAPSHOT.jar:/home/runner/.m2/repository/org/apache/hadoop/hadoop-common/3.3.6/hadoop-common-3.3.6-tests.jar:/home/runner/.m2/repository/org/apache/hadoop/hadoop-hdfs/3.3.6/hadoop-hdfs-3.3.6-tests.jar:/home/runner/.m2/repository/org/assertj/assertj-core/3.12.2/assertj-core-3.12.2.jar:/home/runner/.m2/repository/org/apache/hadoop/hadoop-distcp/3.3.6/hadoop-distcp-3.3.6.jar:/home/runner/.m2/repository/org/apache/hadoop/hadoop-mapreduce-client-jobclient/3.3.6/hadoop-mapreduce-client-jobclient-3.3.6.jar:/home/runner/.m2/repository/org/apache/hadoop/hadoop-mapreduce-client-common/3.3.6/hadoop-mapreduce-client-common-3.3.6.jar:/home/runner/.m2/repository/org/apache/hadoop/hadoop-yarn-common/3.3.6/hadoop-yarn-common-3.3.6.jar:/home/runner/.m2/repository/org/apache/hadoop/hadoop-yarn-api/3.3.6/hadoop-yarn-api-3.3.6.jar:/home/runner/.m2/repository/com/sun/jersey/contribs/jersey-guice/1.19/jersey-guice-1.19.jar:/home/runner/.m2/repository/com/fasterxml/jackson/jaxrs/jackson-jaxrs-json-provider/2.13.4/jackson-jaxrs-json-provider-2.13.4.jar:/home/runner/.m2/repository/com/fasterxml/jackson/jaxrs/jackson-jaxrs-base/2.13.4/jackson-jaxrs-base-2.13.4.jar:/home/runner/.m2/repository/org/apache/hadoop/hadoop-yarn-client/3.3.6/hadoop-yarn-client-3.3.6.jar:/home/runner/.m2/repository/org/eclipse/jetty/websocket/websocket-client/9.4.51.v20230217/websocket-client-9.4.51.v20230217.jar:/home/runner/.m2/repository/org/eclipse/jetty/websocket/websocket-common/9.4.51.v20230217/websocket-common-9.4.51.v20230217.jar:/home/runner/.m2/repository/org/eclipse/jetty/websocket/websocket-api/9.4.51.v20230217/websocket-api-9.4.51.v20230217.jar:/home/runner/.m2/repository/org/jline/jline/3.9.0/jline-3.9.0.jar:/home/runner/.m2/repository/org/apache/hadoop/hadoop-mapreduce-client-core/3.3.6/hadoop-mapreduce-client-core-3.3.6.jar:/home/runner/.m2/repository/org/apache/avro/avro/1.7.7/avro-1.7.7.jar:/home/runner/.m2/repository/com/thoughtworks/paranamer/paranamer/2.3/paranamer-2.3.jar:/home/runner/.m2/repository/org/apache/hadoop/hadoop-annotations/3.3.6/hadoop-annotations-3.3.6.jar:/usr/lib/jvm/temurin-8-jdk-amd64/jre/../lib/tools.jar:/home/runner/.m2/repository/io/netty/netty/3.10.6.Final/netty-3.10.6.Final.jar:/home/runner/.m2/repository/org/apache/hadoop/hadoop-distcp/3.3.6/hadoop-distcp-3.3.6-tests.jar:/home/runner/.m2/repository/org/slf4j/jul-to-slf4j/1.7.36/jul-to-slf4j-1.7.36.jar:"/>
    <property name="java.vm.vendor" value="Temurin"/>
    <property name="sun.arch.data.model" value="64"/>
    <property name="test.build.dir" value="/home/runner/work/ozone/ozone/hadoop-ozone/integration-test/target/test-dir"/>
    <property name="test.cache.data" value=""/>
    <property name="java.vendor.url" value="https://adoptium.net/"/>
    <property name="user.timezone" value="Etc/UTC"/>
    <property name="java.vm.specification.version" value="1.8"/>
    <property name="os.name" value="Linux"/>
    <property name="test.build.data" value="/home/runner/work/ozone/ozone/hadoop-ozone/integration-test/target/test-dir"/>
    <property name="sun.java.launcher" value="SUN_STANDARD"/>
    <property name="sun.boot.library.path" value="/usr/lib/jvm/temurin-8-jdk-amd64/jre/lib/amd64"/>
    <property name="sun.java.command" value="/home/runner/work/ozone/ozone/hadoop-ozone/integration-test/target/surefire/surefirebooter3291734990575323424.jar /home/runner/work/ozone/ozone/hadoop-ozone/integration-test/target/surefire 2023-09-08T11-13-18_105-jvmRun1 surefire4349463282758946045tmp surefire_46609514168411332665tmp"/>
    <property name="native.lib.tmp.dir" value="/tmp"/>
    <property name="surefire.test.class.path" value="/home/runner/work/ozone/ozone/hadoop-ozone/integration-test/target/test-classes:/home/runner/work/ozone/ozone/hadoop-ozone/integration-test/target/classes:/home/runner/.m2/repository/org/apache/ozone/ozone-common/1.4.0-SNAPSHOT/ozone-common-1.4.0-SNAPSHOT.jar:/home/runner/.m2/repository/io/grpc/grpc-netty/1.51.1/grpc-netty-1.51.1.jar:/home/runner/.m2/repository/io/grpc/grpc-core/1.51.1/grpc-core-1.51.1.jar:/home/runner/.m2/repository/com/google/android/annotations/4.1.1.4/annotations-4.1.1.4.jar:/home/runner/.m2/repository/org/codehaus/mojo/animal-sniffer-annotations/1.21/animal-sniffer-annotations-1.21.jar:/home/runner/.m2/repository/com/google/errorprone/error_prone_annotations/2.2.0/error_prone_annotations-2.2.0.jar:/home/runner/.m2/repository/io/perfmark/perfmark-api/0.25.0/perfmark-api-0.25.0.jar:/home/runner/.m2/repository/io/netty/netty-codec-http2/4.1.94.Final/netty-codec-http2-4.1.94.Final.jar:/home/runner/.m2/repository/io/netty/netty-common/4.1.94.Final/netty-common-4.1.94.Final.jar:/home/runner/.m2/repository/io/netty/netty-buffer/4.1.94.Final/netty-buffer-4.1.94.Final.jar:/home/runner/.m2/repository/io/netty/netty-codec-http/4.1.94.Final/netty-codec-http-4.1.94.Final.jar:/home/runner/.m2/repository/io/netty/netty-handler-proxy/4.1.94.Final/netty-handler-proxy-4.1.94.Final.jar:/home/runner/.m2/repository/io/netty/netty-codec-socks/4.1.94.Final/netty-codec-socks-4.1.94.Final.jar:/home/runner/.m2/repository/io/netty/netty-tcnative-boringssl-static/2.0.61.Final/netty-tcnative-boringssl-static-2.0.61.Final.jar:/home/runner/.m2/repository/io/netty/netty-tcnative-classes/2.0.61.Final/netty-tcnative-classes-2.0.61.Final.jar:/home/runner/.m2/repository/io/netty/netty-tcnative-boringssl-static/2.0.61.Final/netty-tcnative-boringssl-static-2.0.61.Final-linux-x86_64.jar:/home/runner/.m2/repository/io/netty/netty-tcnative-boringssl-static/2.0.61.Final/netty-tcnative-boringssl-static-2.0.61.Final-linux-aarch_64.jar:/home/runner/.m2/repository/io/netty/netty-tcnative-boringssl-static/2.0.61.Final/netty-tcnative-boringssl-static-2.0.61.Final-osx-x86_64.jar:/home/runner/.m2/repository/io/netty/netty-tcnative-boringssl-static/2.0.61.Final/netty-tcnative-boringssl-static-2.0.61.Final-osx-aarch_64.jar:/home/runner/.m2/repository/io/netty/netty-tcnative-boringssl-static/2.0.61.Final/netty-tcnative-boringssl-static-2.0.61.Final-windows-x86_64.jar:/home/runner/.m2/repository/org/apache/commons/commons-compress/1.21/commons-compress-1.21.jar:/home/runner/.m2/repository/org/apache/ozone/hdds-common/1.4.0-SNAPSHOT/hdds-common-1.4.0-SNAPSHOT.jar:/home/runner/.m2/repository/org/apache/ozone/hdds-client/1.4.0-SNAPSHOT/hdds-client-1.4.0-SNAPSHOT.jar:/home/runner/.m2/repository/org/apache/ozone/ozone-interface-client/1.4.0-SNAPSHOT/ozone-interface-client-1.4.0-SNAPSHOT.jar:/home/runner/.m2/repository/org/apache/hadoop/hadoop-hdfs-client/3.3.6/hadoop-hdfs-client-3.3.6.jar:/home/runner/.m2/repository/com/squareup/okhttp3/okhttp/4.9.3/okhttp-4.9.3.jar:/home/runner/.m2/repository/com/squareup/okio/okio/3.4.0/okio-3.4.0.jar:/home/runner/.m2/repository/com/squareup/okio/okio-jvm/3.4.0/okio-jvm-3.4.0.jar:/home/runner/.m2/repository/org/jetbrains/kotlin/kotlin-stdlib-jdk8/1.8.0/kotlin-stdlib-jdk8-1.8.0.jar:/home/runner/.m2/repository/org/jetbrains/kotlin/kotlin-stdlib-jdk7/1.8.0/kotlin-stdlib-jdk7-1.8.0.jar:/home/runner/.m2/repository/org/jetbrains/kotlin/kotlin-stdlib-common/1.6.21/kotlin-stdlib-common-1.6.21.jar:/home/runner/.m2/repository/org/apache/ozone/hdds-test-utils/1.4.0-SNAPSHOT/hdds-test-utils-1.4.0-SNAPSHOT.jar:/home/runner/.m2/repository/com/google/guava/guava/32.0.0-jre/guava-32.0.0-jre.jar:/home/runner/.m2/repository/com/google/guava/failureaccess/1.0.1/failureaccess-1.0.1.jar:/home/runner/.m2/repository/com/google/guava/listenablefuture/9999.0-empty-to-avoid-conflict-with-guava/listenablefuture-9999.0-empty-to-avoid-conflict-with-guava.jar:/home/runner/.m2/repository/com/google/code/findbugs/jsr305/3.0.0/jsr305-3.0.0.jar:/home/runner/.m2/repository/org/checkerframework/checker-qual/3.33.0/checker-qual-3.33.0.jar:/home/runner/.m2/repository/com/google/j2objc/j2objc-annotations/2.8/j2objc-annotations-2.8.jar:/home/runner/.m2/repository/commons-io/commons-io/2.11.0/commons-io-2.11.0.jar:/home/runner/.m2/repository/commons-logging/commons-logging/1.2/commons-logging-1.2.jar:/home/runner/.m2/repository/ch/qos/reload4j/reload4j/1.2.22/reload4j-1.2.22.jar:/home/runner/.m2/repository/org/slf4j/slf4j-api/1.7.36/slf4j-api-1.7.36.jar:/home/runner/.m2/repository/org/apache/logging/log4j/log4j-api/2.17.1/log4j-api-2.17.1.jar:/home/runner/.m2/repository/org/apache/ozone/hdds-server-scm/1.4.0-SNAPSHOT/hdds-server-scm-1.4.0-SNAPSHOT.jar:/home/runner/.m2/repository/org/apache/ozone/hdds-container-service/1.4.0-SNAPSHOT/hdds-container-service-1.4.0-SNAPSHOT.jar:/home/runner/.m2/repository/org/apache/ozone/hdds-hadoop-dependency-server/1.4.0-SNAPSHOT/hdds-hadoop-dependency-server-1.4.0-SNAPSHOT.jar:/home/runner/.m2/repository/org/apache/hadoop/hadoop-hdfs/3.3.6/hadoop-hdfs-3.3.6.jar:/home/runner/.m2/repository/commons-daemon/commons-daemon/1.0.13/commons-daemon-1.0.13.jar:/home/runner/.m2/repository/org/apache/ozone/hdds-server-framework/1.4.0-SNAPSHOT/hdds-server-framework-1.4.0-SNAPSHOT.jar:/home/runner/.m2/repository/io/dropwizard/metrics/metrics-core/3.2.4/metrics-core-3.2.4.jar:/home/runner/.m2/repository/org/apache/commons/commons-text/1.10.0/commons-text-1.10.0.jar:/home/runner/.m2/repository/org/bouncycastle/bcprov-jdk15on/1.67/bcprov-jdk15on-1.67.jar:/home/runner/.m2/repository/com/google/protobuf/protobuf-java/2.5.0/protobuf-java-2.5.0.jar:/home/runner/.m2/repository/org/apache/ozone/hdds-server-framework/1.4.0-SNAPSHOT/hdds-server-framework-1.4.0-SNAPSHOT-tests.jar:/home/runner/.m2/repository/org/apache/ozone/hdds-interface-server/1.4.0-SNAPSHOT/hdds-interface-server-1.4.0-SNAPSHOT.jar:/home/runner/.m2/repository/org/apache/ozone/hdds-interface-admin/1.4.0-SNAPSHOT/hdds-interface-admin-1.4.0-SNAPSHOT.jar:/home/runner/.m2/repository/org/apache/ozone/hdds-managed-rocksdb/1.4.0-SNAPSHOT/hdds-managed-rocksdb-1.4.0-SNAPSHOT.jar:/home/runner/.m2/repository/org/rocksdb/rocksdbjni/7.7.3/rocksdbjni-7.7.3.jar:/home/runner/.m2/repository/org/slf4j/slf4j-reload4j/1.7.36/slf4j-reload4j-1.7.36.jar:/home/runner/.m2/repository/org/apache/commons/commons-configuration2/2.1.1/commons-configuration2-2.1.1.jar:/home/runner/.m2/repository/commons-fileupload/commons-fileupload/1.5/commons-fileupload-1.5.jar:/home/runner/.m2/repository/org/apache/logging/log4j/log4j-core/2.17.1/log4j-core-2.17.1.jar:/home/runner/.m2/repository/com/lmax/disruptor/3.4.2/disruptor-3.4.2.jar:/home/runner/.m2/repository/org/eclipse/jetty/jetty-util/9.4.51.v20230217/jetty-util-9.4.51.v20230217.jar:/home/runner/.m2/repository/org/eclipse/jetty/jetty-server/9.4.51.v20230217/jetty-server-9.4.51.v20230217.jar:/home/runner/.m2/repository/org/eclipse/jetty/jetty-http/9.4.51.v20230217/jetty-http-9.4.51.v20230217.jar:/home/runner/.m2/repository/org/eclipse/jetty/jetty-io/9.4.51.v20230217/jetty-io-9.4.51.v20230217.jar:/home/runner/.m2/repository/org/eclipse/jetty/jetty-servlet/9.4.51.v20230217/jetty-servlet-9.4.51.v20230217.jar:/home/runner/.m2/repository/org/eclipse/jetty/jetty-security/9.4.51.v20230217/jetty-security-9.4.51.v20230217.jar:/home/runner/.m2/repository/org/eclipse/jetty/jetty-util-ajax/9.4.51.v20230217/jetty-util-ajax-9.4.51.v20230217.jar:/home/runner/.m2/repository/org/eclipse/jetty/jetty-webapp/9.4.51.v20230217/jetty-webapp-9.4.51.v20230217.jar:/home/runner/.m2/repository/org/eclipse/jetty/jetty-xml/9.4.51.v20230217/jetty-xml-9.4.51.v20230217.jar:/home/runner/.m2/repository/org/apache/ratis/ratis-server/2.5.1/ratis-server-2.5.1.jar:/home/runner/.m2/repository/org/apache/ratis/ratis-thirdparty-misc/1.0.4/ratis-thirdparty-misc-1.0.4.jar:/home/runner/.m2/repository/org/apache/ratis/ratis-proto/2.5.1/ratis-proto-2.5.1.jar:/home/runner/.m2/repository/org/apache/ratis/ratis-common/2.5.1/ratis-common-2.5.1.jar:/home/runner/.m2/repository/org/apache/ratis/ratis-client/2.5.1/ratis-client-2.5.1.jar:/home/runner/.m2/repository/org/apache/ratis/ratis-server-api/2.5.1/ratis-server-api-2.5.1.jar:/home/runner/.m2/repository/org/apache/ratis/ratis-metrics/2.5.1/ratis-metrics-2.5.1.jar:/home/runner/.m2/repository/io/prometheus/simpleclient_dropwizard/0.7.0/simpleclient_dropwizard-0.7.0.jar:/home/runner/.m2/repository/io/prometheus/simpleclient/0.7.0/simpleclient-0.7.0.jar:/home/runner/.m2/repository/io/prometheus/simpleclient_common/0.7.0/simpleclient_common-0.7.0.jar:/home/runner/.m2/repository/com/fasterxml/jackson/datatype/jackson-datatype-jsr310/2.13.4/jackson-datatype-jsr310-2.13.4.jar:/home/runner/.m2/repository/com/fasterxml/jackson/core/jackson-core/2.13.4/jackson-core-2.13.4.jar:/home/runner/.m2/repository/com/github/spotbugs/spotbugs-annotations/3.1.12/spotbugs-annotations-3.1.12.jar:/home/runner/.m2/repository/org/apache/ozone/rocksdb-checkpoint-differ/1.4.0-SNAPSHOT/rocksdb-checkpoint-differ-1.4.0-SNAPSHOT.jar:/home/runner/.m2/repository/org/jgrapht/jgrapht-core/1.0.1/jgrapht-core-1.0.1.jar:/home/runner/.m2/repository/org/jgrapht/jgrapht-ext/1.0.1/jgrapht-ext-1.0.1.jar:/home/runner/.m2/repository/org/tinyjee/jgraphx/jgraphx/2.0.0.1/jgraphx-2.0.0.1.jar:/home/runner/.m2/repository/jgraph/jgraph/5.13.0.0/jgraph-5.13.0.0.jar:/home/runner/.m2/repository/org/antlr/antlr4-runtime/4.5.3/antlr4-runtime-4.5.3.jar:/home/runner/.m2/repository/org/awaitility/awaitility/4.2.0/awaitility-4.2.0.jar:/home/runner/.m2/repository/org/hamcrest/hamcrest/2.1/hamcrest-2.1.jar:/home/runner/.m2/repository/org/apache/ozone/ozone-manager/1.4.0-SNAPSHOT/ozone-manager-1.4.0-SNAPSHOT.jar:/home/runner/.m2/repository/org/aspectj/aspectjrt/1.9.7/aspectjrt-1.9.7.jar:/home/runner/.m2/repository/org/aspectj/aspectjweaver/1.9.7/aspectjweaver-1.9.7.jar:/home/runner/.m2/repository/org/apache/ozone/hdds-interface-client/1.4.0-SNAPSHOT/hdds-interface-client-1.4.0-SNAPSHOT.jar:/home/runner/.m2/repository/org/apache/hadoop/thirdparty/hadoop-shaded-protobuf_3_7/1.1.1/hadoop-shaded-protobuf_3_7-1.1.1.jar:/home/runner/.m2/repository/org/apache/ozone/ozone-interface-storage/1.4.0-SNAPSHOT/ozone-interface-storage-1.4.0-SNAPSHOT.jar:/home/runner/.m2/repository/org/reflections/reflections/0.9.11/reflections-0.9.11.jar:/home/runner/.m2/repository/com/sun/jersey/jersey-client/1.19/jersey-client-1.19.jar:/home/runner/.m2/repository/org/codehaus/jackson/jackson-core-asl/1.9.13/jackson-core-asl-1.9.13.jar:/home/runner/.m2/repository/org/codehaus/jackson/jackson-mapper-asl/1.9.13/jackson-mapper-asl-1.9.13.jar:/home/runner/.m2/repository/org/codehaus/jackson/jackson-jaxrs/1.9.13/jackson-jaxrs-1.9.13.jar:/home/runner/.m2/repository/org/apache/ranger/ranger-intg/2.3.0/ranger-intg-2.3.0.jar:/home/runner/.m2/repository/org/apache/ranger/ranger-plugins-common/2.3.0/ranger-plugins-common-2.3.0.jar:/home/runner/.m2/repository/commons-lang/commons-lang/2.6/commons-lang-2.6.jar:/home/runner/.m2/repository/org/apache/ranger/ranger-plugins-cred/2.3.0/ranger-plugins-cred-2.3.0.jar:/home/runner/.m2/repository/org/apache/ranger/ranger-plugins-audit/2.3.0/ranger-plugins-audit-2.3.0.jar:/home/runner/.m2/repository/org/eclipse/jetty/jetty-client/9.4.51.v20230217/jetty-client-9.4.51.v20230217.jar:/home/runner/.m2/repository/org/apache/httpcomponents/httpmime/4.5.6/httpmime-4.5.6.jar:/home/runner/.m2/repository/org/apache/httpcomponents/httpcore-nio/4.4.13/httpcore-nio-4.4.13.jar:/home/runner/.m2/repository/org/apache/httpcomponents/httpasyncclient/4.1.3/httpasyncclient-4.1.3.jar:/home/runner/.m2/repository/com/carrotsearch/hppc/0.8.0/hppc-0.8.0.jar:/home/runner/.m2/repository/org/apache/orc/orc-core/1.5.8/orc-core-1.5.8.jar:/home/runner/.m2/repository/net/java/dev/jna/jna/5.2.0/jna-5.2.0.jar:/home/runner/.m2/repository/net/java/dev/jna/jna-platform/5.2.0/jna-platform-5.2.0.jar:/home/runner/.m2/repository/com/kstruct/gethostname4j/0.0.2/gethostname4j-0.0.2.jar:/home/runner/.m2/repository/org/apache/ranger/ranger-plugin-classloader/2.3.0/ranger-plugin-classloader-2.3.0.jar:/home/runner/.m2/repository/org/apache/ozone/hdds-rocks-native/1.4.0-SNAPSHOT/hdds-rocks-native-1.4.0-SNAPSHOT.jar:/home/runner/.m2/repository/org/apache/hadoop/hadoop-minikdc/3.3.6/hadoop-minikdc-3.3.6.jar:/home/runner/.m2/repository/org/apache/kerby/kerb-simplekdc/1.0.1/kerb-simplekdc-1.0.1.jar:/home/runner/.m2/repository/org/apache/kerby/kerb-client/1.0.1/kerb-client-1.0.1.jar:/home/runner/.m2/repository/org/apache/kerby/kerby-config/1.0.1/kerby-config-1.0.1.jar:/home/runner/.m2/repository/org/apache/kerby/kerb-common/1.0.1/kerb-common-1.0.1.jar:/home/runner/.m2/repository/org/apache/kerby/kerb-crypto/1.0.1/kerb-crypto-1.0.1.jar:/home/runner/.m2/repository/org/apache/kerby/kerb-util/1.0.1/kerb-util-1.0.1.jar:/home/runner/.m2/repository/org/apache/kerby/token-provider/1.0.1/token-provider-1.0.1.jar:/home/runner/.m2/repository/org/apache/kerby/kerb-admin/1.0.1/kerb-admin-1.0.1.jar:/home/runner/.m2/repository/org/apache/kerby/kerb-server/1.0.1/kerb-server-1.0.1.jar:/home/runner/.m2/repository/org/apache/kerby/kerb-identity/1.0.1/kerb-identity-1.0.1.jar:/home/runner/.m2/repository/org/apache/kerby/kerby-xdr/1.0.1/kerby-xdr-1.0.1.jar:/home/runner/.m2/repository/org/apache/ozone/ozone-s3gateway/1.4.0-SNAPSHOT/ozone-s3gateway-1.4.0-SNAPSHOT.jar:/home/runner/.m2/repository/org/javassist/javassist/3.21.0-GA/javassist-3.21.0-GA.jar:/home/runner/.m2/repository/org/jboss/weld/servlet/weld-servlet-shaded/3.1.9.Final/weld-servlet-shaded-3.1.9.Final.jar:/home/runner/.m2/repository/org/glassfish/jersey/containers/jersey-container-servlet-core/2.34/jersey-container-servlet-core-2.34.jar:/home/runner/.m2/repository/org/glassfish/hk2/external/jakarta.inject/2.6.1/jakarta.inject-2.6.1.jar:/home/runner/.m2/repository/org/glassfish/jersey/core/jersey-common/2.34/jersey-common-2.34.jar:/home/runner/.m2/repository/jakarta/ws/rs/jakarta.ws.rs-api/2.1.6/jakarta.ws.rs-api-2.1.6.jar:/home/runner/.m2/repository/org/glassfish/jersey/ext/cdi/jersey-cdi1x/2.34/jersey-cdi1x-2.34.jar:/home/runner/.m2/repository/org/glassfish/jersey/inject/jersey-hk2/2.34/jersey-hk2-2.34.jar:/home/runner/.m2/repository/org/glassfish/hk2/hk2-locator/2.6.1/hk2-locator-2.6.1.jar:/home/runner/.m2/repository/org/glassfish/jersey/media/jersey-media-jaxb/2.34/jersey-media-jaxb-2.34.jar:/home/runner/.m2/repository/org/glassfish/hk2/osgi-resource-locator/1.0.3/osgi-resource-locator-1.0.3.jar:/home/runner/.m2/repository/org/glassfish/hk2/hk2-api/2.5.0/hk2-api-2.5.0.jar:/home/runner/.m2/repository/org/glassfish/hk2/hk2-utils/2.5.0/hk2-utils-2.5.0.jar:/home/runner/.m2/repository/org/glassfish/hk2/external/aopalliance-repackaged/2.5.0/aopalliance-repackaged-2.5.0.jar:/home/runner/.m2/repository/com/fasterxml/jackson/dataformat/jackson-dataformat-xml/2.13.4/jackson-dataformat-xml-2.13.4.jar:/home/runner/.m2/repository/org/codehaus/woodstox/stax2-api/4.2.1/stax2-api-4.2.1.jar:/home/runner/.m2/repository/com/fasterxml/woodstox/woodstox-core/5.4.0/woodstox-core-5.4.0.jar:/home/runner/.m2/repository/com/fasterxml/jackson/module/jackson-module-jaxb-annotations/2.13.4/jackson-module-jaxb-annotations-2.13.4.jar:/home/runner/.m2/repository/jakarta/xml/bind/jakarta.xml.bind-api/2.3.3/jakarta.xml.bind-api-2.3.3.jar:/home/runner/.m2/repository/jakarta/activation/jakarta.activation-api/1.2.2/jakarta.activation-api-1.2.2.jar:/home/runner/.m2/repository/javax/enterprise/cdi-api/2.0/cdi-api-2.0.jar:/home/runner/.m2/repository/javax/el/javax.el-api/3.0.0/javax.el-api-3.0.0.jar:/home/runner/.m2/repository/javax/interceptor/javax.interceptor-api/1.2/javax.interceptor-api-1.2.jar:/home/runner/.m2/repository/javax/inject/javax.inject/1/javax.inject-1.jar:/home/runner/.m2/repository/javax/xml/bind/jaxb-api/2.3.0/jaxb-api-2.3.0.jar:/home/runner/.m2/repository/org/glassfish/jaxb/jaxb-runtime/2.3.0.1/jaxb-runtime-2.3.0.1.jar:/home/runner/.m2/repository/org/glassfish/jaxb/jaxb-core/2.3.0.1/jaxb-core-2.3.0.1.jar:/home/runner/.m2/repository/org/glassfish/jaxb/txw2/2.3.0.1/txw2-2.3.0.1.jar:/home/runner/.m2/repository/com/sun/istack/istack-commons-runtime/3.0.5/istack-commons-runtime-3.0.5.jar:/home/runner/.m2/repository/org/jvnet/staxex/stax-ex/1.7.8/stax-ex-1.7.8.jar:/home/runner/.m2/repository/com/sun/xml/fastinfoset/FastInfoset/1.2.13/FastInfoset-1.2.13.jar:/home/runner/.m2/repository/javax/activation/activation/1.1.1/activation-1.1.1.jar:/home/runner/.m2/repository/io/grpc/grpc-protobuf/1.51.1/grpc-protobuf-1.51.1.jar:/home/runner/.m2/repository/com/google/api/grpc/proto-google-common-protos/2.9.0/proto-google-common-protos-2.9.0.jar:/home/runner/.m2/repository/io/grpc/grpc-protobuf-lite/1.51.1/grpc-protobuf-lite-1.51.1.jar:/home/runner/.m2/repository/io/grpc/grpc-stub/1.51.1/grpc-stub-1.51.1.jar:/home/runner/.m2/repository/io/netty/netty-transport/4.1.94.Final/netty-transport-4.1.94.Final.jar:/home/runner/.m2/repository/io/netty/netty-resolver/4.1.94.Final/netty-resolver-4.1.94.Final.jar:/home/runner/.m2/repository/org/apache/ozone/ozone-csi/1.4.0-SNAPSHOT/ozone-csi-1.4.0-SNAPSHOT.jar:/home/runner/.m2/repository/com/google/protobuf/protobuf-java-util/3.19.6/protobuf-java-util-3.19.6.jar:/home/runner/.m2/repository/com/google/code/gson/gson/2.9.0/gson-2.9.0.jar:/home/runner/.m2/repository/org/apache/ozone/hdds-config/1.4.0-SNAPSHOT/hdds-config-1.4.0-SNAPSHOT.jar:/home/runner/.m2/repository/io/netty/netty-transport-native-epoll/4.1.94.Final/netty-transport-native-epoll-4.1.94.Final-linux-x86_64.jar:/home/runner/.m2/repository/io/netty/netty-transport-classes-epoll/4.1.94.Final/netty-transport-classes-epoll-4.1.94.Final.jar:/home/runner/.m2/repository/io/netty/netty-transport-native-unix-common/4.1.94.Final/netty-transport-native-unix-common-4.1.94.Final.jar:/home/runner/.m2/repository/org/apache/ozone/ozone-recon/1.4.0-SNAPSHOT/ozone-recon-1.4.0-SNAPSHOT.jar:/home/runner/.m2/repository/org/apache/ozone/ozone-reconcodegen/1.4.0-SNAPSHOT/ozone-reconcodegen-1.4.0-SNAPSHOT.jar:/home/runner/.m2/repository/com/google/inject/guice/5.1.0/guice-5.1.0.jar:/home/runner/.m2/repository/aopalliance/aopalliance/1.0/aopalliance-1.0.jar:/home/runner/.m2/repository/com/google/inject/extensions/guice-assistedinject/5.1.0/guice-assistedinject-5.1.0.jar:/home/runner/.m2/repository/com/google/inject/extensions/guice-servlet/5.1.0/guice-servlet-5.1.0.jar:/home/runner/.m2/repository/org/glassfish/jersey/containers/jersey-container-servlet/2.34/jersey-container-servlet-2.34.jar:/home/runner/.m2/repository/org/glassfish/hk2/guice-bridge/2.5.0/guice-bridge-2.5.0.jar:/home/runner/.m2/repository/org/glassfish/jersey/core/jersey-server/2.34/jersey-server-2.34.jar:/home/runner/.m2/repository/org/glassfish/jersey/core/jersey-client/2.34/jersey-client-2.34.jar:/home/runner/.m2/repository/jakarta/annotation/jakarta.annotation-api/1.3.5/jakarta.annotation-api-1.3.5.jar:/home/runner/.m2/repository/jakarta/validation/jakarta.validation-api/2.0.2/jakarta.validation-api-2.0.2.jar:/home/runner/.m2/repository/org/glassfish/jersey/media/jersey-media-json-jackson/2.34/jersey-media-json-jackson-2.34.jar:/home/runner/.m2/repository/org/glassfish/jersey/ext/jersey-entity-filtering/2.34/jersey-entity-filtering-2.34.jar:/home/runner/.m2/repository/org/jooq/jooq/3.11.10/jooq-3.11.10.jar:/home/runner/.m2/repository/org/jooq/jooq-meta/3.11.10/jooq-meta-3.11.10.jar:/home/runner/.m2/repository/org/jooq/jooq-codegen/3.11.10/jooq-codegen-3.11.10.jar:/home/runner/.m2/repository/com/jolbox/bonecp/0.8.0.RELEASE/bonecp-0.8.0.RELEASE.jar:/home/runner/.m2/repository/org/apache/derby/derby/10.14.2.0/derby-10.14.2.0.jar:/home/runner/.m2/repository/org/xerial/sqlite-jdbc/3.41.2.2/sqlite-jdbc-3.41.2.2.jar:/home/runner/.m2/repository/org/springframework/spring-jdbc/5.3.27/spring-jdbc-5.3.27.jar:/home/runner/.m2/repository/org/springframework/spring-beans/5.3.27/spring-beans-5.3.27.jar:/home/runner/.m2/repository/org/springframework/spring-core/5.3.27/spring-core-5.3.27.jar:/home/runner/.m2/repository/org/springframework/spring-tx/5.3.27/spring-tx-5.3.27.jar:/home/runner/.m2/repository/org/apache/ozone/ozone-client/1.4.0-SNAPSHOT/ozone-client-1.4.0-SNAPSHOT.jar:/home/runner/.m2/repository/org/apache/ozone/hdds-erasurecode/1.4.0-SNAPSHOT/hdds-erasurecode-1.4.0-SNAPSHOT.jar:/home/runner/.m2/repository/org/apache/ozone/ozone-filesystem/1.4.0-SNAPSHOT/ozone-filesystem-1.4.0-SNAPSHOT.jar:/home/runner/.m2/repository/org/apache/ozone/ozone-filesystem-common/1.4.0-SNAPSHOT/ozone-filesystem-common-1.4.0-SNAPSHOT.jar:/home/runner/.m2/repository/org/apache/ozone/ozone-tools/1.4.0-SNAPSHOT/ozone-tools-1.4.0-SNAPSHOT.jar:/home/runner/.m2/repository/com/amazonaws/aws-java-sdk-core/1.12.261/aws-java-sdk-core-1.12.261.jar:/home/runner/.m2/repository/org/apache/httpcomponents/httpclient/4.5.13/httpclient-4.5.13.jar:/home/runner/.m2/repository/org/apache/httpcomponents/httpcore/4.4.13/httpcore-4.4.13.jar:/home/runner/.m2/repository/software/amazon/ion/ion-java/1.0.2/ion-java-1.0.2.jar:/home/runner/.m2/repository/com/fasterxml/jackson/dataformat/jackson-dataformat-cbor/2.13.4/jackson-dataformat-cbor-2.13.4.jar:/home/runner/.m2/repository/joda-time/joda-time/2.10.6/joda-time-2.10.6.jar:/home/runner/.m2/repository/com/amazonaws/aws-java-sdk-s3/1.12.261/aws-java-sdk-s3-1.12.261.jar:/home/runner/.m2/repository/com/amazonaws/aws-java-sdk-kms/1.12.261/aws-java-sdk-kms-1.12.261.jar:/home/runner/.m2/repository/com/amazonaws/jmespath-java/1.12.261/jmespath-java-1.12.261.jar:/home/runner/.m2/repository/org/kohsuke/metainf-services/metainf-services/1.8/metainf-services-1.8.jar:/home/runner/.m2/repository/org/apache/ozone/hdds-tools/1.4.0-SNAPSHOT/hdds-tools-1.4.0-SNAPSHOT.jar:/home/runner/.m2/repository/org/apache/ratis/ratis-tools/2.5.1/ratis-tools-2.5.1.jar:/home/runner/.m2/repository/commons-cli/commons-cli/1.2/commons-cli-1.2.jar:/home/runner/.m2/repository/org/apache/commons/commons-lang3/3.7/commons-lang3-3.7.jar:/home/runner/.m2/repository/org/apache/ozone/ozone-manager/1.4.0-SNAPSHOT/ozone-manager-1.4.0-SNAPSHOT-tests.jar:/home/runner/.m2/repository/org/apache/ozone/hdds-common/1.4.0-SNAPSHOT/hdds-common-1.4.0-SNAPSHOT-tests.jar:/home/runner/.m2/repository/org/apache/ozone/hdds-hadoop-dependency-client/1.4.0-SNAPSHOT/hdds-hadoop-dependency-client-1.4.0-SNAPSHOT.jar:/home/runner/.m2/repository/info/picocli/picocli/4.6.1/picocli-4.6.1.jar:/home/runner/.m2/repository/com/fasterxml/jackson/core/jackson-annotations/2.13.4/jackson-annotations-2.13.4.jar:/home/runner/.m2/repository/org/apache/ozone/hdds-annotation-processing/1.4.0-SNAPSHOT/hdds-annotation-processing-1.4.0-SNAPSHOT.jar:/home/runner/.m2/repository/javax/annotation/javax.annotation-api/1.2/javax.annotation-api-1.2.jar:/home/runner/.m2/repository/org/apache/ratis/ratis-netty/2.5.1/ratis-netty-2.5.1.jar:/home/runner/.m2/repository/org/apache/ratis/ratis-grpc/2.5.1/ratis-grpc-2.5.1.jar:/home/runner/.m2/repository/org/apache/commons/commons-pool2/2.6.0/commons-pool2-2.6.0.jar:/home/runner/.m2/repository/org/bouncycastle/bcpkix-jdk15on/1.67/bcpkix-jdk15on-1.67.jar:/home/runner/.m2/repository/commons-validator/commons-validator/1.6/commons-validator-1.6.jar:/home/runner/.m2/repository/commons-beanutils/commons-beanutils/1.9.4/commons-beanutils-1.9.4.jar:/home/runner/.m2/repository/commons-digester/commons-digester/1.8.1/commons-digester-1.8.1.jar:/home/runner/.m2/repository/commons-collections/commons-collections/3.2.2/commons-collections-3.2.2.jar:/home/runner/.m2/repository/io/jaegertracing/jaeger-client/1.6.0/jaeger-client-1.6.0.jar:/home/runner/.m2/repository/io/jaegertracing/jaeger-thrift/1.6.0/jaeger-thrift-1.6.0.jar:/home/runner/.m2/repository/org/apache/thrift/libthrift/0.14.1/libthrift-0.14.1.jar:/home/runner/.m2/repository/io/jaegertracing/jaeger-core/1.6.0/jaeger-core-1.6.0.jar:/home/runner/.m2/repository/io/jaegertracing/jaeger-tracerresolver/1.6.0/jaeger-tracerresolver-1.6.0.jar:/home/runner/.m2/repository/io/opentracing/contrib/opentracing-tracerresolver/0.1.8/opentracing-tracerresolver-0.1.8.jar:/home/runner/.m2/repository/org/jetbrains/kotlin/kotlin-stdlib/1.6.21/kotlin-stdlib-1.6.21.jar:/home/runner/.m2/repository/org/jetbrains/annotations/13.0/annotations-13.0.jar:/home/runner/.m2/repository/io/opentracing/opentracing-util/0.33.0/opentracing-util-0.33.0.jar:/home/runner/.m2/repository/io/opentracing/opentracing-api/0.33.0/opentracing-api-0.33.0.jar:/home/runner/.m2/repository/io/opentracing/opentracing-noop/0.33.0/opentracing-noop-0.33.0.jar:/home/runner/.m2/repository/org/yaml/snakeyaml/2.0/snakeyaml-2.0.jar:/home/runner/.m2/repository/io/grpc/grpc-api/1.51.1/grpc-api-1.51.1.jar:/home/runner/.m2/repository/io/grpc/grpc-context/1.51.1/grpc-context-1.51.1.jar:/home/runner/.m2/repository/junit/junit/4.13.1/junit-4.13.1.jar:/home/runner/.m2/repository/org/hamcrest/hamcrest-core/1.3/hamcrest-core-1.3.jar:/home/runner/.m2/repository/org/junit/jupiter/junit-jupiter-api/5.8.2/junit-jupiter-api-5.8.2.jar:/home/runner/.m2/repository/org/opentest4j/opentest4j/1.2.0/opentest4j-1.2.0.jar:/home/runner/.m2/repository/org/junit/platform/junit-platform-commons/1.8.2/junit-platform-commons-1.8.2.jar:/home/runner/.m2/repository/org/apiguardian/apiguardian-api/1.1.2/apiguardian-api-1.1.2.jar:/home/runner/.m2/repository/org/junit/jupiter/junit-jupiter-params/5.8.2/junit-jupiter-params-5.8.2.jar:/home/runner/.m2/repository/org/junit/jupiter/junit-jupiter-migrationsupport/5.8.2/junit-jupiter-migrationsupport-5.8.2.jar:/home/runner/.m2/repository/org/junit/jupiter/junit-jupiter-engine/5.8.2/junit-jupiter-engine-5.8.2.jar:/home/runner/.m2/repository/org/junit/platform/junit-platform-engine/1.8.2/junit-platform-engine-1.8.2.jar:/home/runner/.m2/repository/org/junit/vintage/junit-vintage-engine/5.8.2/junit-vintage-engine-5.8.2.jar:/home/runner/.m2/repository/org/junit/platform/junit-platform-launcher/1.8.2/junit-platform-launcher-1.8.2.jar:/home/runner/.m2/repository/org/mockito/mockito-core/3.5.9/mockito-core-3.5.9.jar:/home/runner/.m2/repository/net/bytebuddy/byte-buddy/1.10.13/byte-buddy-1.10.13.jar:/home/runner/.m2/repository/net/bytebuddy/byte-buddy-agent/1.10.13/byte-buddy-agent-1.10.13.jar:/home/runner/.m2/repository/org/objenesis/objenesis/1.0/objenesis-1.0.jar:/home/runner/.m2/repository/org/apache/hadoop/hadoop-kms/3.3.6/hadoop-kms-3.3.6.jar:/home/runner/.m2/repository/org/apache/hadoop/hadoop-auth/3.3.6/hadoop-auth-3.3.6.jar:/home/runner/.m2/repository/com/nimbusds/nimbus-jose-jwt/9.8.1/nimbus-jose-jwt-9.8.1.jar:/home/runner/.m2/repository/com/github/stephenc/jcip/jcip-annotations/1.0-1/jcip-annotations-1.0-1.jar:/home/runner/.m2/repository/org/apache/zookeeper/zookeeper/3.5.6/zookeeper-3.5.6.jar:/home/runner/.m2/repository/org/apache/zookeeper/zookeeper-jute/3.5.6/zookeeper-jute-3.5.6.jar:/home/runner/.m2/repository/org/apache/yetus/audience-annotations/0.5.0/audience-annotations-0.5.0.jar:/home/runner/.m2/repository/org/apache/curator/curator-framework/4.2.0/curator-framework-4.2.0.jar:/home/runner/.m2/repository/org/apache/hadoop/thirdparty/hadoop-shaded-guava/1.1.1/hadoop-shaded-guava-1.1.1.jar:/home/runner/.m2/repository/com/sun/jersey/jersey-core/1.19/jersey-core-1.19.jar:/home/runner/.m2/repository/javax/ws/rs/jsr311-api/1.1.1/jsr311-api-1.1.1.jar:/home/runner/.m2/repository/com/sun/jersey/jersey-server/1.19/jersey-server-1.19.jar:/home/runner/.m2/repository/javax/servlet/javax.servlet-api/3.1.0/javax.servlet-api-3.1.0.jar:/home/runner/.m2/repository/org/apache/hadoop/hadoop-common/3.3.6/hadoop-common-3.3.6.jar:/home/runner/.m2/repository/org/apache/commons/commons-math3/3.1.1/commons-math3-3.1.1.jar:/home/runner/.m2/repository/commons-net/commons-net/3.9.0/commons-net-3.9.0.jar:/home/runner/.m2/repository/com/sun/jersey/jersey-servlet/1.19/jersey-servlet-1.19.jar:/home/runner/.m2/repository/com/github/pjfanning/jersey-json/1.20/jersey-json-1.20.jar:/home/runner/.m2/repository/org/codehaus/jettison/jettison/1.1/jettison-1.1.jar:/home/runner/.m2/repository/com/sun/xml/bind/jaxb-impl/2.2.3-1/jaxb-impl-2.2.3-1.jar:/home/runner/.m2/repository/com/google/re2j/re2j/1.1/re2j-1.1.jar:/home/runner/.m2/repository/com/jcraft/jsch/0.1.54/jsch-0.1.54.jar:/home/runner/.m2/repository/org/apache/curator/curator-client/4.2.0/curator-client-4.2.0.jar:/home/runner/.m2/repository/org/apache/curator/curator-recipes/5.2.0/curator-recipes-5.2.0.jar:/home/runner/.m2/repository/org/apache/kerby/kerb-core/1.0.1/kerb-core-1.0.1.jar:/home/runner/.m2/repository/org/apache/kerby/kerby-pkix/1.0.1/kerby-pkix-1.0.1.jar:/home/runner/.m2/repository/org/apache/kerby/kerby-asn1/1.0.1/kerby-asn1-1.0.1.jar:/home/runner/.m2/repository/org/apache/kerby/kerby-util/1.0.1/kerby-util-1.0.1.jar:/home/runner/.m2/repository/dnsjava/dnsjava/2.1.7/dnsjava-2.1.7.jar:/home/runner/.m2/repository/org/xerial/snappy/snappy-java/1.1.8.2/snappy-java-1.1.8.2.jar:/home/runner/.m2/repository/com/fasterxml/jackson/core/jackson-databind/2.13.4.2/jackson-databind-2.13.4.2.jar:/home/runner/.m2/repository/org/apache/hadoop/hadoop-kms/3.3.6/hadoop-kms-3.3.6-tests.jar:/home/runner/.m2/repository/org/apache/ozone/hdds-server-scm/1.4.0-SNAPSHOT/hdds-server-scm-1.4.0-SNAPSHOT-tests.jar:/home/runner/.m2/repository/org/apache/ozone/hdds-container-service/1.4.0-SNAPSHOT/hdds-container-service-1.4.0-SNAPSHOT-tests.jar:/home/runner/.m2/repository/com/github/luben/zstd-jni/1.5.2-5/zstd-jni-1.5.2-5.jar:/home/runner/.m2/repository/commons-codec/commons-codec/1.15/commons-codec-1.15.jar:/home/runner/.m2/repository/io/netty/netty-codec/4.1.94.Final/netty-codec-4.1.94.Final.jar:/home/runner/.m2/repository/io/netty/netty-handler/4.1.94.Final/netty-handler-4.1.94.Final.jar:/home/runner/.m2/repository/org/apache/ozone/hdds-hadoop-dependency-test/1.4.0-SNAPSHOT/hdds-hadoop-dependency-test-1.4.0-SNAPSHOT.jar:/home/runner/.m2/repository/org/apache/hadoop/hadoop-common/3.3.6/hadoop-common-3.3.6-tests.jar:/home/runner/.m2/repository/org/apache/hadoop/hadoop-hdfs/3.3.6/hadoop-hdfs-3.3.6-tests.jar:/home/runner/.m2/repository/org/assertj/assertj-core/3.12.2/assertj-core-3.12.2.jar:/home/runner/.m2/repository/org/apache/hadoop/hadoop-distcp/3.3.6/hadoop-distcp-3.3.6.jar:/home/runner/.m2/repository/org/apache/hadoop/hadoop-mapreduce-client-jobclient/3.3.6/hadoop-mapreduce-client-jobclient-3.3.6.jar:/home/runner/.m2/repository/org/apache/hadoop/hadoop-mapreduce-client-common/3.3.6/hadoop-mapreduce-client-common-3.3.6.jar:/home/runner/.m2/repository/org/apache/hadoop/hadoop-yarn-common/3.3.6/hadoop-yarn-common-3.3.6.jar:/home/runner/.m2/repository/org/apache/hadoop/hadoop-yarn-api/3.3.6/hadoop-yarn-api-3.3.6.jar:/home/runner/.m2/repository/com/sun/jersey/contribs/jersey-guice/1.19/jersey-guice-1.19.jar:/home/runner/.m2/repository/com/fasterxml/jackson/jaxrs/jackson-jaxrs-json-provider/2.13.4/jackson-jaxrs-json-provider-2.13.4.jar:/home/runner/.m2/repository/com/fasterxml/jackson/jaxrs/jackson-jaxrs-base/2.13.4/jackson-jaxrs-base-2.13.4.jar:/home/runner/.m2/repository/org/apache/hadoop/hadoop-yarn-client/3.3.6/hadoop-yarn-client-3.3.6.jar:/home/runner/.m2/repository/org/eclipse/jetty/websocket/websocket-client/9.4.51.v20230217/websocket-client-9.4.51.v20230217.jar:/home/runner/.m2/repository/org/eclipse/jetty/websocket/websocket-common/9.4.51.v20230217/websocket-common-9.4.51.v20230217.jar:/home/runner/.m2/repository/org/eclipse/jetty/websocket/websocket-api/9.4.51.v20230217/websocket-api-9.4.51.v20230217.jar:/home/runner/.m2/repository/org/jline/jline/3.9.0/jline-3.9.0.jar:/home/runner/.m2/repository/org/apache/hadoop/hadoop-mapreduce-client-core/3.3.6/hadoop-mapreduce-client-core-3.3.6.jar:/home/runner/.m2/repository/org/apache/avro/avro/1.7.7/avro-1.7.7.jar:/home/runner/.m2/repository/com/thoughtworks/paranamer/paranamer/2.3/paranamer-2.3.jar:/home/runner/.m2/repository/org/apache/hadoop/hadoop-annotations/3.3.6/hadoop-annotations-3.3.6.jar:/usr/lib/jvm/temurin-8-jdk-amd64/jre/../lib/tools.jar:/home/runner/.m2/repository/io/netty/netty/3.10.6.Final/netty-3.10.6.Final.jar:/home/runner/.m2/repository/org/apache/hadoop/hadoop-distcp/3.3.6/hadoop-distcp-3.3.6-tests.jar:/home/runner/.m2/repository/org/slf4j/jul-to-slf4j/1.7.36/jul-to-slf4j-1.7.36.jar:"/>
    <property name="sun.cpu.endian" value="little"/>
    <property name="user.home" value="/home/runner"/>
    <property name="user.language" value="en"/>
    <property name="java.specification.vendor" value="Oracle Corporation"/>
    <property name="java.home" value="/usr/lib/jvm/temurin-8-jdk-amd64/jre"/>
    <property name="java.security.krb5.conf" value="/home/runner/work/ozone/ozone/hadoop-ozone/integration-test/target/test-classes/krb5.conf"/>
    <property name="basedir" value="/home/runner/work/ozone/ozone/hadoop-ozone/integration-test"/>
    <property name="file.separator" value="/"/>
    <property name="line.separator" value="&#10;"/>
    <property name="java.vm.specification.vendor" value="Oracle Corporation"/>
    <property name="java.specification.name" value="Java Platform API Specification"/>
    <property name="java.awt.graphicsenv" value="sun.awt.X11GraphicsEnvironment"/>
    <property name="skip.installnpx" value="true"/>
    <property name="surefire.real.class.path" value="/home/runner/work/ozone/ozone/hadoop-ozone/integration-test/target/surefire/surefirebooter3291734990575323424.jar:/home/runner/.m2/repository/org/jacoco/org.jacoco.agent/0.8.5/org.jacoco.agent-0.8.5-runtime.jar"/>
    <property name="hadoop.log.dir" value="/home/runner/work/ozone/ozone/hadoop-ozone/integration-test/target/log"/>
    <property name="sun.boot.class.path" value="/usr/lib/jvm/temurin-8-jdk-amd64/jre/lib/resources.jar:/usr/lib/jvm/temurin-8-jdk-amd64/jre/lib/rt.jar:/usr/lib/jvm/temurin-8-jdk-amd64/jre/lib/sunrsasign.jar:/usr/lib/jvm/temurin-8-jdk-amd64/jre/lib/jsse.jar:/usr/lib/jvm/temurin-8-jdk-amd64/jre/lib/jce.jar:/usr/lib/jvm/temurin-8-jdk-amd64/jre/lib/charsets.jar:/usr/lib/jvm/temurin-8-jdk-amd64/jre/lib/jfr.jar:/usr/lib/jvm/temurin-8-jdk-amd64/jre/classes"/>
    <property name="sun.management.compiler" value="HotSpot 64-Bit Tiered Compilers"/>
    <property name="skip.npx" value="true"/>
    <property name="java.runtime.version" value="1.8.0_382-b05"/>
    <property name="java.net.preferIPv4Stack" value="true"/>
    <property name="user.name" value="runner"/>
    <property name="path.separator" value=":"/>
    <property name="java.security.egd" value="file:///dev/urandom"/>
    <property name="os.version" value="5.15.0-1045-azure"/>
    <property name="java.endorsed.dirs" value="/usr/lib/jvm/temurin-8-jdk-amd64/jre/lib/endorsed"/>
    <property name="java.runtime.name" value="OpenJDK Runtime Environment"/>
    <property name="file.encoding" value="UTF-8"/>
    <property name="java.vm.name" value="OpenJDK 64-Bit Server VM"/>
    <property name="test.build.webapps" value=""/>
    <property name="localRepository" value="/home/runner/.m2/repository"/>
    <property name="jetty.git.hash" value="b45c405e4544384de066f814ed42ae3dceacdd49"/>
    <property name="java.vendor.url.bug" value="https://github.com/adoptium/adoptium-support/issues"/>
    <property name="java.io.tmpdir" value="/tmp"/>
    <property name="require.test.libhadoop" value=""/>
    <property name="java.version" value="1.8.0_382"/>
    <property name="user.dir" value="/home/runner/work/ozone/ozone/hadoop-ozone/integration-test"/>
    <property name="os.arch" value="amd64"/>
    <property name="java.vm.specification.name" value="Java Virtual Machine Specification"/>
    <property name="test.build.classes" value="/home/runner/work/ozone/ozone/hadoop-ozone/integration-test/target/test-classes"/>
    <property name="java.awt.printerjob" value="sun.print.PSPrinterJob"/>
    <property name="sun.os.patch.level" value="unknown"/>
    <property name="org.apache.ratis.thirdparty.io.netty.allocator.useCacheForAllThreads" value="false"/>
    <property name="hadoop.tmp.dir" value="/home/runner/work/ozone/ozone/hadoop-ozone/integration-test/target/tmp"/>
    <property name="java.library.path" value="/usr/java/packages/lib/amd64:/usr/lib64:/lib64:/lib:/usr/lib"/>
    <property name="java.vm.info" value="mixed mode"/>
    <property name="java.vendor" value="Temurin"/>
    <property name="java.vm.version" value="25.382-b05"/>
    <property name="java.specification.maintenance.version" value="5"/>
    <property name="java.ext.dirs" value="/usr/lib/jvm/temurin-8-jdk-amd64/jre/lib/ext:/usr/java/packages/lib/ext"/>
    <property name="sun.io.unicode.encoding" value="UnicodeLittle"/>
    <property name="java.class.version" value="52.0"/>
  </properties>
  <testcase name="testGetTrashRoot" classname="TestOzoneFileSystem" time="25.057">
    <system-out><![CDATA[2023-09-08 11:16:11,147 [main] WARN  server.ServerUtils (ServerUtils.java:getScmDbDir(155)) - ozone.scm.db.dirs is not configured. We recommend adding this setting. Falling back to ozone.metadata.dirs instead.
2023-09-08 11:16:11,449 [main] INFO  reflections.Reflections (Reflections.java:scan(232)) - Reflections took 221 ms to scan 7 urls, producing 161 keys and 379 values 
2023-09-08 11:16:11,696 [main] WARN  server.ServerUtils (ServerUtils.java:getScmDbDir(155)) - ozone.scm.db.dirs is not configured. We recommend adding this setting. Falling back to ozone.metadata.dirs instead.
2023-09-08 11:16:11,702 [main] INFO  ha.SCMHANodeDetails (SCMHANodeDetails.java:loadSCMHAConfig(210)) - ServiceID for StorageContainerManager is null
2023-09-08 11:16:11,713 [main] WARN  ha.SCMHANodeDetails (SCMHANodeDetails.java:validateSCMHAConfig(183)) - Invalid config ozone.scm.ratis.enable. The config was not specified, but the default value true conflicts with the expected config value false. Falling back to the expected value. Current State of SCM: SCM is running in Non-HA without Ratis Ratis SCM -> Non Ratis SCM or Non HA SCM -> HA SCM is not supported
2023-09-08 11:16:11,714 [main] INFO  ha.SCMHANodeDetails (SCMHANodeDetails.java:loadSCMHAConfig(215)) - ozone.scm.default.service.id is not defined, falling back to ozone.scm.service.ids to find serviceID for StorageContainerManager if it is HA enabled cluster
2023-09-08 11:16:12,585 [main] WARN  utils.HAUtils (HAUtils.java:getMetaDir(339)) - ozone.scm.db.dirs is not configured. We recommend adding this setting. Falling back to ozone.metadata.dirs instead.
2023-09-08 11:16:12,746 [main] WARN  db.DBStoreBuilder (DBStoreBuilder.java:applyDBDefinition(166)) - ozone.scm.db.dirs is not configured. We recommend adding this setting. Falling back to ozone.metadata.dirs instead.
2023-09-08 11:16:13,021 [main] INFO  net.NodeSchemaLoader (NodeSchemaLoader.java:loadSchemaFromFile(129)) - Loading schema from [jar:file:/home/runner/.m2/repository/org/apache/ozone/hdds-common/1.4.0-SNAPSHOT/hdds-common-1.4.0-SNAPSHOT.jar!/network-topology-default.xml]
2023-09-08 11:16:13,023 [main] INFO  net.NodeSchemaLoader (NodeSchemaLoader.java:loadSchema(176)) - Loading network topology layer schema file
2023-09-08 11:16:13,073 [main] INFO  metrics.MetricRegistries (MetricRegistriesLoader.java:load(64)) - Loaded MetricRegistries class org.apache.ratis.metrics.impl.MetricRegistriesImpl
2023-09-08 11:16:13,089 [main] INFO  upgrade.AbstractLayoutVersionManager (AbstractLayoutVersionManager.java:init(83)) - Initializing Layout version manager with metadata layout = HADOOP_PRC_PORTS_IN_DATANODEDETAILS (version = 7), software layout = HADOOP_PRC_PORTS_IN_DATANODEDETAILS (version = 7)
2023-09-08 11:16:13,315 [main] INFO  ha.SequenceIdGenerator (SequenceIdGenerator.java:upgradeToSequenceId(365)) - upgrade localId to 111677748019200000
2023-09-08 11:16:13,317 [main] INFO  ha.SequenceIdGenerator (SequenceIdGenerator.java:upgradeToSequenceId(375)) - upgrade delTxnId to 0
2023-09-08 11:16:13,325 [main] INFO  ha.SequenceIdGenerator (SequenceIdGenerator.java:upgradeToSequenceId(392)) - upgrade containerId to 0
2023-09-08 11:16:13,329 [main] INFO  ha.SequenceIdGenerator (SequenceIdGenerator.java:upgradeToSequenceId(428)) - upgrade rootCertificateId to 1
2023-09-08 11:16:13,331 [main] INFO  ha.SequenceIdGenerator (SequenceIdGenerator.java:<init>(236)) - Init the HA SequenceIdGenerator.
2023-09-08 11:16:13,417 [main] WARN  server.ServerUtils (ServerUtils.java:sanitizeUserArgs(80)) - ozone.scm.stale.node.interval value = 300000 is larger than max = 100000 based on the key value of ozone.scm.heartbeat.thread.interval, reset to the max value 100000.
2023-09-08 11:16:13,418 [main] WARN  server.ServerUtils (ServerUtils.java:sanitizeUserArgs(80)) - ozone.scm.stale.node.interval value = 300000 is larger than max = 100000 based on the key value of ozone.scm.heartbeat.thread.interval, reset to the max value 100000.
2023-09-08 11:16:13,428 [main] INFO  node.SCMNodeManager (SCMNodeManager.java:<init>(157)) - Entering startup safe mode.
2023-09-08 11:16:13,457 [main] INFO  algorithms.ContainerPlacementPolicyFactory (ContainerPlacementPolicyFactory.java:getPolicyInternal(86)) - Create container placement policy of type org.apache.hadoop.hdds.scm.container.placement.algorithms.SCMContainerPlacementRackAware
2023-09-08 11:16:13,461 [main] INFO  algorithms.ContainerPlacementPolicyFactory (ContainerPlacementPolicyFactory.java:getPolicyInternal(86)) - Create container placement policy of type org.apache.hadoop.hdds.scm.container.placement.algorithms.SCMContainerPlacementRackScatter
2023-09-08 11:16:13,473 [main] INFO  pipeline.PipelineStateManagerImpl (PipelineStateManagerImpl.java:initialize(78)) - No pipeline exists in current db
2023-09-08 11:16:13,490 [main] INFO  algorithms.LeaderChoosePolicyFactory (LeaderChoosePolicyFactory.java:getPolicy(57)) - Create leader choose policy of type org.apache.hadoop.hdds.scm.pipeline.leader.choose.algorithms.MinLeaderCountChoosePolicy
2023-09-08 11:16:13,490 [main] INFO  algorithms.ContainerPlacementPolicyFactory (ContainerPlacementPolicyFactory.java:getPolicyInternal(86)) - Create container placement policy of type org.apache.hadoop.hdds.scm.container.placement.algorithms.SCMContainerPlacementRackScatter
2023-09-08 11:16:13,499 [main] INFO  ha.SCMServiceManager (SCMServiceManager.java:register(42)) - Registering service BackgroundPipelineCreator.
2023-09-08 11:16:13,499 [main] INFO  pipeline.BackgroundPipelineCreator (BackgroundPipelineCreator.java:start(124)) - Starting RatisPipelineUtilsThread.
2023-09-08 11:16:13,509 [main] INFO  BackgroundPipelineScrubber (BackgroundSCMService.java:start(68)) - Starting BackgroundPipelineScrubber Service.
2023-09-08 11:16:13,515 [main] INFO  ha.SCMServiceManager (SCMServiceManager.java:register(42)) - Registering service BackgroundPipelineScrubber.
2023-09-08 11:16:13,523 [main] INFO  ExpiredContainerReplicaOpScrubber (BackgroundSCMService.java:start(68)) - Starting ExpiredContainerReplicaOpScrubber Service.
2023-09-08 11:16:13,524 [main] INFO  ha.SCMServiceManager (SCMServiceManager.java:register(42)) - Registering service ExpiredContainerReplicaOpScrubber.
2023-09-08 11:16:13,565 [main] INFO  algorithms.PipelineChoosePolicyFactory (PipelineChoosePolicyFactory.java:createPipelineChoosePolicyFromClass(78)) - Create pipeline choose policy of type org.apache.hadoop.hdds.scm.pipeline.choose.algorithms.RandomPipelineChoosePolicy
2023-09-08 11:16:13,566 [main] INFO  algorithms.PipelineChoosePolicyFactory (PipelineChoosePolicyFactory.java:createPipelineChoosePolicyFromClass(78)) - Create pipeline choose policy of type org.apache.hadoop.hdds.scm.pipeline.choose.algorithms.RandomPipelineChoosePolicy
2023-09-08 11:16:13,607 [main] INFO  ha.SCMServiceManager (SCMServiceManager.java:register(42)) - Registering service SCMBlockDeletingService.
2023-09-08 11:16:13,712 [main] INFO  replication.ReplicationManager (ReplicationManager.java:start(291)) - Starting Replication Monitor Thread.
2023-09-08 11:16:13,714 [main] INFO  ha.SCMServiceManager (SCMServiceManager.java:register(42)) - Registering service ReplicationManager.
2023-09-08 11:16:13,719 [ReplicationMonitor] INFO  replication.ReplicationManager (ReplicationManager.java:processAll(365)) - Replication Manager is not ready to run until 3000ms after safemode exit
2023-09-08 11:16:13,730 [main] INFO  safemode.ContainerSafeModeRule (ContainerSafeModeRule.java:<init>(90)) - containers with one replica threshold count 0
2023-09-08 11:16:13,735 [main] INFO  safemode.HealthyPipelineSafeModeRule (HealthyPipelineSafeModeRule.java:initializeRule(169)) - Total pipeline count is 0, healthy pipeline threshold count is 1
2023-09-08 11:16:13,738 [main] INFO  safemode.OneReplicaPipelineSafeModeRule (OneReplicaPipelineSafeModeRule.java:initializeRule(180)) - Total pipeline count is 0, pipeline's with at least one datanode reported threshold count is 0
2023-09-08 11:16:13,799 [main] INFO  server.StorageContainerManager (StorageContainerManager.java:<init>(425)) - SCM start with adminUsers: [runner]
2023-09-08 11:16:14,233 [main] INFO  audit.AuditLogger (AuditLogger.java:refreshDebugCmdSet(126)) - Refresh DebugCmdSet for SCMAudit to [].
2023-09-08 11:16:14,270 [main] INFO  ipc.CallQueueManager (CallQueueManager.java:<init>(90)) - Using callQueue: class java.util.concurrent.LinkedBlockingQueue, queueCapacity: 2000, scheduler: class org.apache.hadoop.ipc.DefaultRpcScheduler, ipcBackoff: false.
2023-09-08 11:16:14,312 [main] INFO  ipc.Server (Server.java:<init>(1287)) - Listener at 0.0.0.0:15002
2023-09-08 11:16:14,317 [Socket Reader #1 for port 15002] INFO  ipc.Server (Server.java:run(1323)) - Starting Socket Reader #1 for port 15002
2023-09-08 11:16:14,389 [main] INFO  audit.AuditLogger (AuditLogger.java:refreshDebugCmdSet(126)) - Refresh DebugCmdSet for SCMAudit to [].
2023-09-08 11:16:14,400 [main] INFO  ipc.CallQueueManager (CallQueueManager.java:<init>(90)) - Using callQueue: class java.util.concurrent.LinkedBlockingQueue, queueCapacity: 2000, scheduler: class org.apache.hadoop.ipc.DefaultRpcScheduler, ipcBackoff: false.
2023-09-08 11:16:14,402 [main] INFO  ipc.Server (Server.java:<init>(1287)) - Listener at 0.0.0.0:15001
2023-09-08 11:16:14,403 [Socket Reader #1 for port 15001] INFO  ipc.Server (Server.java:run(1323)) - Starting Socket Reader #1 for port 15001
2023-09-08 11:16:14,440 [main] INFO  audit.AuditLogger (AuditLogger.java:refreshDebugCmdSet(126)) - Refresh DebugCmdSet for SCMAudit to [].
2023-09-08 11:16:14,456 [main] INFO  ipc.CallQueueManager (CallQueueManager.java:<init>(90)) - Using callQueue: class java.util.concurrent.LinkedBlockingQueue, queueCapacity: 2000, scheduler: class org.apache.hadoop.ipc.DefaultRpcScheduler, ipcBackoff: false.
2023-09-08 11:16:14,457 [main] INFO  ipc.Server (Server.java:<init>(1287)) - Listener at 0.0.0.0:15000
2023-09-08 11:16:14,457 [Socket Reader #1 for port 15000] INFO  ipc.Server (Server.java:run(1323)) - Starting Socket Reader #1 for port 15000
2023-09-08 11:16:14,526 [main] INFO  ha.SCMServiceManager (SCMServiceManager.java:register(42)) - Registering service ContainerBalancer.
2023-09-08 11:16:14,527 [main] INFO  server.StorageContainerManager (StorageContainerManager.java:<init>(438)) - 
Container Balancer status:
Key                            Value
Running                        false
Container Balancer Configuration values:
Key                                                Value
Threshold                                          10
Max Datanodes to Involve per Iteration(percent)    20
Max Size to Move per Iteration                     500GB
Max Size Entering Target per Iteration             26GB
Max Size Leaving Source per Iteration              26GB

2023-09-08 11:16:14,527 [main] INFO  ha.SCMContext (SCMContext.java:updateSafeModeStatus(228)) - Update SafeModeStatus from SafeModeStatus{safeModeStatus=true, preCheckPassed=false} to SafeModeStatus{safeModeStatus=true, preCheckPassed=false}.
2023-09-08 11:16:14,531 [main] INFO  server.StorageContainerManager (StorageContainerManager.java:start(1483)) - StorageContainerLocationProtocol RPC server is listening at /0.0.0.0:15000
2023-09-08 11:16:14,611 [main] WARN  impl.MetricsConfig (MetricsConfig.java:loadFirst(136)) - Cannot locate configuration: tried hadoop-metrics2-storagecontainermanager.properties,hadoop-metrics2.properties
2023-09-08 11:16:14,626 [main] INFO  impl.MetricsSystemImpl (MetricsSystemImpl.java:startTimer(378)) - Scheduled Metric snapshot period at 10 second(s).
2023-09-08 11:16:14,627 [main] INFO  impl.MetricsSystemImpl (MetricsSystemImpl.java:start(191)) - StorageContainerManager metrics system started
2023-09-08 11:16:14,936 [main] INFO  server.SCMClientProtocolServer (SCMClientProtocolServer.java:start(201)) - RPC server for Client  is listening at /0.0.0.0:15000
2023-09-08 11:16:14,937 [IPC Server Responder] INFO  ipc.Server (Server.java:run(1562)) - IPC Server Responder: starting
2023-09-08 11:16:14,944 [IPC Server listener on 15000] INFO  ipc.Server (Server.java:run(1402)) - IPC Server listener on 15000: starting
2023-09-08 11:16:14,958 [main] INFO  server.StorageContainerManager (StorageContainerManager.java:start(1496)) - ScmBlockLocationProtocol RPC server is listening at /0.0.0.0:15001
2023-09-08 11:16:14,959 [main] INFO  server.SCMBlockProtocolServer (SCMBlockProtocolServer.java:start(154)) - RPC server for Block Protocol is listening at /0.0.0.0:15001
2023-09-08 11:16:14,960 [IPC Server Responder] INFO  ipc.Server (Server.java:run(1562)) - IPC Server Responder: starting
2023-09-08 11:16:14,961 [IPC Server listener on 15001] INFO  ipc.Server (Server.java:run(1402)) - IPC Server listener on 15001: starting
2023-09-08 11:16:14,965 [main] INFO  server.SCMDatanodeProtocolServer (SCMDatanodeProtocolServer.java:start(193)) - ScmDatanodeProtocol RPC server for DataNodes is listening at /0.0.0.0:15002
2023-09-08 11:16:14,980 [IPC Server listener on 15002] INFO  ipc.Server (Server.java:run(1402)) - IPC Server listener on 15002: starting
2023-09-08 11:16:14,999 [IPC Server Responder] INFO  ipc.Server (Server.java:run(1562)) - IPC Server Responder: starting
2023-09-08 11:16:15,012 [JvmPauseMonitor0] INFO  util.JvmPauseMonitor (JvmPauseMonitor.java:run(103)) - JvmPauseMonitor-09ddc2e2-6770-475e-ba33-8322ea347e1f: Started
2023-09-08 11:16:15,037 [main] INFO  http.BaseHttpServer (BaseHttpServer.java:newHttpServer2BuilderForOzone(223)) - Starting Web-server for scm at: http://0.0.0.0:15003
2023-09-08 11:16:15,037 [main] INFO  http.BaseHttpServer (BaseHttpServer.java:<init>(110)) - Hadoop Security Enabled: false Ozone Security Enabled: false Ozone HTTP Security Enabled: false 
2023-09-08 11:16:15,071 [main] INFO  util.log (Log.java:initialized(170)) - Logging initialized @5854ms to org.eclipse.jetty.util.log.Slf4jLog
2023-09-08 11:16:15,201 [main] WARN  server.AuthenticationFilter (AuthenticationFilter.java:constructSecretProvider(240)) - Unable to initialize FileSignerSecretProvider, falling back to use random secrets. Reason: Could not read signature secret file: /home/runner/hadoop-http-auth-signature-secret
2023-09-08 11:16:15,214 [main] INFO  http.HttpRequestLog (HttpRequestLog.java:getRequestLog(86)) - Http request log for http.requests.scm is not defined
2023-09-08 11:16:15,228 [main] INFO  http.HttpServer2 (HttpServer2.java:addGlobalFilter(1031)) - Added global filter 'safety' (class=org.apache.hadoop.hdds.server.http.HttpServer2$QuotingInputFilter)
2023-09-08 11:16:15,232 [main] INFO  http.HttpServer2 (HttpServer2.java:addFilter(1007)) - Added filter static_user_filter (class=org.apache.hadoop.http.lib.StaticUserWebFilter$StaticUserFilter) to context scm
2023-09-08 11:16:15,232 [main] INFO  http.HttpServer2 (HttpServer2.java:addFilter(1015)) - Added filter static_user_filter (class=org.apache.hadoop.http.lib.StaticUserWebFilter$StaticUserFilter) to context static
2023-09-08 11:16:15,232 [main] INFO  http.HttpServer2 (HttpServer2.java:addFilter(1015)) - Added filter static_user_filter (class=org.apache.hadoop.http.lib.StaticUserWebFilter$StaticUserFilter) to context logs
2023-09-08 11:16:15,276 [main] INFO  http.BaseHttpServer (BaseHttpServer.java:<init>(189)) - HTTP server of scm uses base directory /home/runner/work/ozone/ozone/hadoop-ozone/integration-test/target/test-dir/MiniOzoneClusterImpl-4b7384aa-5f33-426b-b021-b584800a716a/ozone-meta/webserver
2023-09-08 11:16:15,277 [main] INFO  http.HttpServer2 (HttpServer2.java:bindListener(1231)) - Jetty bound to port 15003
2023-09-08 11:16:15,279 [main] INFO  server.Server (Server.java:doStart(375)) - jetty-9.4.51.v20230217; built: 2023-02-17T08:19:37.309Z; git: b45c405e4544384de066f814ed42ae3dceacdd49; jvm 1.8.0_382-b05
2023-09-08 11:16:15,311 [main] INFO  server.session (DefaultSessionIdManager.java:doStart(334)) - DefaultSessionIdManager workerName=node0
2023-09-08 11:16:15,311 [main] INFO  server.session (DefaultSessionIdManager.java:doStart(339)) - No SessionScavenger set, using defaults
2023-09-08 11:16:15,313 [main] INFO  server.session (HouseKeeper.java:startScavenging(132)) - node0 Scavenging every 660000ms
2023-09-08 11:16:15,330 [main] INFO  handler.ContextHandler (ContextHandler.java:doStart(921)) - Started o.e.j.s.ServletContextHandler@12e3cf1c{logs,/logs,file:///home/runner/work/ozone/ozone/hadoop-ozone/integration-test/target/log,AVAILABLE}
2023-09-08 11:16:15,332 [main] INFO  handler.ContextHandler (ContextHandler.java:doStart(921)) - Started o.e.j.s.ServletContextHandler@37227aa7{static,/static,file:///home/runner/work/ozone/ozone/hadoop-ozone/integration-test/target/test-classes/webapps/static,AVAILABLE}
2023-09-08 11:16:15,379 [main] INFO  handler.ContextHandler (ContextHandler.java:doStart(921)) - Started o.e.j.w.WebAppContext@3eed0375{scm,/,file:///home/runner/work/ozone/ozone/hadoop-ozone/integration-test/target/test-classes/webapps/scm/,AVAILABLE}{file:/home/runner/work/ozone/ozone/hadoop-ozone/integration-test/target/test-classes/webapps/scm}
2023-09-08 11:16:15,389 [main] INFO  server.AbstractConnector (AbstractConnector.java:doStart(333)) - Started ServerConnector@4c32aa7e{HTTP/1.1, (http/1.1)}{0.0.0.0:15003}
2023-09-08 11:16:15,390 [main] INFO  server.Server (Server.java:doStart(415)) - Started @6172ms
2023-09-08 11:16:15,395 [main] INFO  impl.MetricsSinkAdapter (MetricsSinkAdapter.java:start(204)) - Sink prometheus started
2023-09-08 11:16:15,395 [main] INFO  impl.MetricsSystemImpl (MetricsSystemImpl.java:registerSink(305)) - Registered sink prometheus
2023-09-08 11:16:15,396 [main] INFO  http.BaseHttpServer (BaseHttpServer.java:updateConnectorAddress(354)) - HTTP server of scm listening at http://0.0.0.0:15003
2023-09-08 11:16:15,401 [main] WARN  server.ServerUtils (ServerUtils.java:getDBPath(311)) - ozone.om.db.dirs is not configured. We recommend adding this setting. Falling back to ozone.metadata.dirs instead.
2023-09-08 11:16:15,470 [main] INFO  audit.AuditLogger (AuditLogger.java:refreshDebugCmdSet(126)) - Refresh DebugCmdSet for OMAudit to [].
2023-09-08 11:16:15,564 [main] INFO  ha.OMHANodeDetails (OMHANodeDetails.java:loadOMHAConfig(115)) - ozone.om.internal.service.id is not defined, falling back to ozone.om.service.ids to find serviceID for OzoneManager if it is HA enabled cluster
2023-09-08 11:16:15,568 [main] INFO  ha.OMHANodeDetails (OMHANodeDetails.java:loadOMHAConfig(226)) - Configuration does not have ozone.om.address set. Falling back to the default OM address /127.0.0.1:15004
2023-09-08 11:16:15,568 [main] INFO  ha.OMHANodeDetails (OMHANodeDetails.java:getOMNodeDetailsForNonHA(254)) - OM Service ID is not set. Setting it to the default ID: omServiceIdDefault
2023-09-08 11:16:15,569 [main] INFO  ha.OMHANodeDetails (OMHANodeDetails.java:getOMNodeDetailsForNonHA(261)) - OM Node ID is not set. Setting it to the default ID: om1
2023-09-08 11:16:15,573 [main] WARN  server.ServerUtils (ServerUtils.java:getDBPath(311)) - ozone.om.db.dirs is not configured. We recommend adding this setting. Falling back to ozone.metadata.dirs instead.
2023-09-08 11:16:15,578 [main] INFO  upgrade.AbstractLayoutVersionManager (AbstractLayoutVersionManager.java:init(83)) - Initializing Layout version manager with metadata layout = QUOTA (version = 6), software layout = QUOTA (version = 6)
2023-09-08 11:16:15,700 [main] INFO  reflections.Reflections (Reflections.java:scan(232)) - Reflections took 118 ms to scan 2 urls, producing 186 keys and 513 values [using 2 cores]
2023-09-08 11:16:15,707 [main] INFO  upgrade.OMLayoutVersionManager (OMLayoutVersionManager.java:lambda$0(115)) - Skipping Upgrade Action MockOmUpgradeAction since it has been finalized.
2023-09-08 11:16:15,707 [main] INFO  upgrade.OMLayoutVersionManager (OMLayoutVersionManager.java:lambda$0(115)) - Skipping Upgrade Action QuotaRepairUpgradeAction since it has been finalized.
2023-09-08 11:16:15,710 [main] WARN  server.ServerUtils (ServerUtils.java:getDBPath(311)) - ozone.om.db.dirs is not configured. We recommend adding this setting. Falling back to ozone.metadata.dirs instead.
2023-09-08 11:16:15,937 [main] INFO  proxy.SCMBlockLocationFailoverProxyProvider (SCMBlockLocationFailoverProxyProvider.java:<init>(114)) - Created block location fail-over proxy with 1 nodes: [nodeId=scmNodeId,nodeAddress=/0.0.0.0:15001]
2023-09-08 11:16:15,984 [main] INFO  proxy.SCMBlockLocationFailoverProxyProvider (SCMBlockLocationFailoverProxyProvider.java:<init>(114)) - Created block location fail-over proxy with 1 nodes: [nodeId=scmNodeId,nodeAddress=/0.0.0.0:15001]
2023-09-08 11:16:16,265 [main] INFO  om.OzoneManager (OzoneManager.java:<init>(665)) - OM start with adminUsers: [runner]
2023-09-08 11:16:16,283 [main] WARN  server.ServerUtils (ServerUtils.java:getDBPath(311)) - ozone.om.db.dirs is not configured. We recommend adding this setting. Falling back to ozone.metadata.dirs instead.
2023-09-08 11:16:16,319 [main] INFO  helpers.OmKeyInfo (OmKeyInfo.java:getCodec(71)) - OmKeyInfo.getCodec ignorePipeline = true
2023-09-08 11:16:16,678 [main] INFO  om.OzoneManager (OzoneManager.java:instantiateServices(794)) - S3 Multi-Tenancy is disabled
2023-09-08 11:16:16,721 [main] INFO  om.OmSnapshotManager (OmSnapshotManager.java:<init>(174)) - Ozone filesystem snapshot feature is enabled.
2023-09-08 11:16:16,732 [main] WARN  server.ServerUtils (ServerUtils.java:getDBPath(311)) - ozone.om.snapshot.diff.db.dir is not configured. We recommend adding this setting. Falling back to ozone.metadata.dirs instead.
2023-09-08 11:16:16,786 [main] INFO  utils.NativeLibraryLoader (NativeLibraryLoader.java:loadLibrary(108)) - Loading Library: ozone_rocksdb_tools
2023-09-08 11:16:16,788 [main] INFO  snapshot.SnapshotDiffManager (SnapshotDiffManager.java:closeExecutorService(1706)) - Shutting down executorService: 'SstDumpToolExecutor'
2023-09-08 11:16:16,897 [main] INFO  om.OzoneManager (OzoneManager.java:addS3GVolumeToDB(4301)) - Created Volume s3v With Owner runner required for S3Gateway operations.
2023-09-08 11:16:16,977 [main] WARN  server.ServerUtils (ServerUtils.java:getDefaultRatisDirectory(323)) - Storage directory for Ratis is not configured. It is a good idea to map this to an SSD disk. Falling back to ozone.metadata.dirs
2023-09-08 11:16:16,977 [main] WARN  utils.OzoneManagerRatisUtils (OzoneManagerRatisUtils.java:getOMRatisSnapshotDirectory(464)) - ozone.om.ratis.snapshot.dir is not configured. Falling back to ozone.metadata.dirs config
2023-09-08 11:16:16,999 [main] WARN  server.ServerUtils (ServerUtils.java:getDefaultRatisDirectory(323)) - Storage directory for Ratis is not configured. It is a good idea to map this to an SSD disk. Falling back to ozone.metadata.dirs
2023-09-08 11:16:17,032 [main] INFO  ratis.OzoneManagerRatisServer (OzoneManagerRatisServer.java:<init>(163)) - Instantiating OM Ratis server with groupID: omServiceIdDefault and peers: localhost:15007
2023-09-08 11:16:17,045 [main] INFO  ratis.OzoneManagerStateMachine (OzoneManagerStateMachine.java:loadSnapshotInfoFromDB(687)) - LastAppliedIndex is set from TransactionInfo from OM DB as (t:0, i:~)
2023-09-08 11:16:17,153 [main] INFO  server.RaftServer (ConfUtils.java:logGet(46)) - raft.rpc.type = GRPC (default)
2023-09-08 11:16:17,165 [main] INFO  grpc.GrpcConfigKeys (ConfUtils.java:logFallback(53)) - raft.grpc.admin.host = null (fallback to raft.grpc.server.host)
2023-09-08 11:16:17,167 [main] INFO  grpc.GrpcConfigKeys (ConfUtils.java:logFallback(53)) - raft.grpc.admin.port = 15007 (fallback to raft.grpc.server.port)
2023-09-08 11:16:17,168 [main] INFO  grpc.GrpcConfigKeys (ConfUtils.java:logFallback(53)) - raft.grpc.client.host = null (fallback to raft.grpc.server.host)
2023-09-08 11:16:17,170 [main] INFO  grpc.GrpcConfigKeys (ConfUtils.java:logFallback(53)) - raft.grpc.client.port = 15007 (fallback to raft.grpc.server.port)
2023-09-08 11:16:17,171 [main] INFO  grpc.GrpcConfigKeys (ConfUtils.java:logGet(46)) - raft.grpc.server.host = null (default)
2023-09-08 11:16:17,172 [main] INFO  grpc.GrpcConfigKeys (ConfUtils.java:logGet(46)) - raft.grpc.server.port = 15007 (custom)
2023-09-08 11:16:17,174 [main] INFO  server.GrpcService (ConfUtils.java:logGet(46)) - raft.grpc.message.size.max = 33554432 (custom)
2023-09-08 11:16:17,175 [main] INFO  server.RaftServerConfigKeys (ConfUtils.java:logGet(46)) - raft.server.log.appender.buffer.byte-limit = 33554432 (custom)
2023-09-08 11:16:17,176 [main] INFO  server.GrpcService (ConfUtils.java:logGet(46)) - raft.grpc.flow.control.window = 1MB (=1048576) (default)
2023-09-08 11:16:17,177 [main] INFO  server.RaftServerConfigKeys (ConfUtils.java:logGet(46)) - raft.server.rpc.request.timeout = 3000ms (default)
2023-09-08 11:16:17,194 [main] INFO  grpc.GrpcConfigKeys (ConfUtils.java:logGet(46)) - raft.grpc.server.heartbeat.channel = true (default)
2023-09-08 11:16:17,199 [main] INFO  grpc.GrpcConfigKeys (ConfUtils.java:logGet(46)) - raft.grpc.server.async.request.thread.pool.cached = true (default)
2023-09-08 11:16:17,200 [main] INFO  grpc.GrpcConfigKeys (ConfUtils.java:logGet(46)) - raft.grpc.server.async.request.thread.pool.size = 32 (default)
2023-09-08 11:16:17,458 [main] INFO  impl.DataStreamServerImpl (ConfUtils.java:logGet(46)) - raft.datastream.type = DISABLED (default)
2023-09-08 11:16:17,463 [main] INFO  server.RaftServerConfigKeys (ConfUtils.java:logGet(46)) - raft.server.threadpool.proxy.cached = true (default)
2023-09-08 11:16:17,466 [main] INFO  server.RaftServerConfigKeys (ConfUtils.java:logGet(46)) - raft.server.threadpool.proxy.size = 0 (default)
2023-09-08 11:16:17,466 [main] INFO  server.RaftServerConfigKeys (ConfUtils.java:logGet(46)) - raft.server.rpc.slowness.timeout = 120s (custom)
2023-09-08 11:16:17,467 [main] INFO  server.RaftServerConfigKeys (ConfUtils.java:logGet(46)) - raft.server.leaderelection.leader.step-down.wait-time = 10s (default)
2023-09-08 11:16:17,469 [main] INFO  server.RaftServerConfigKeys (ConfUtils.java:logGet(46)) - raft.server.storage.dir = [/home/runner/work/ozone/ozone/hadoop-ozone/integration-test/target/test-dir/MiniOzoneClusterImpl-4b7384aa-5f33-426b-b021-b584800a716a/ozone-meta/ratis] (custom)
2023-09-08 11:16:17,486 [main] INFO  server.RaftServer (RaftServerProxy.java:addNew(98)) - om1: addNew group-C5BA1605619E:[om1|rpc:localhost:15007|priority:0|startupRole:FOLLOWER] returns group-C5BA1605619E:java.util.concurrent.CompletableFuture@5dc7cde5[Not completed]
2023-09-08 11:16:17,486 [main] INFO  om.OzoneManager (OzoneManager.java:initializeRatisServer(2145)) - OzoneManager Ratis server initialized at port 15007
2023-09-08 11:16:17,490 [main] INFO  om.OzoneManager (OzoneManager.java:getRpcServer(1196)) - Creating RPC Server
2023-09-08 11:16:17,528 [om1-groupManagement] INFO  server.RaftServer$Division (RaftServerImpl.java:<init>(198)) - om1: new RaftServerImpl for group-C5BA1605619E:[om1|rpc:localhost:15007|priority:0|startupRole:FOLLOWER] with OzoneManagerStateMachine:uninitialized
2023-09-08 11:16:17,531 [om1-groupManagement] INFO  server.RaftServerConfigKeys (ConfUtils.java:logGet(46)) - raft.server.rpc.timeout.min = 1s (custom)
2023-09-08 11:16:17,533 [om1-groupManagement] INFO  server.RaftServerConfigKeys (ConfUtils.java:logGet(46)) - raft.server.rpc.timeout.max = 1200ms (custom)
2023-09-08 11:16:17,533 [om1-groupManagement] INFO  server.RaftServerConfigKeys (ConfUtils.java:logGet(46)) - raft.server.rpc.sleep.time = 25ms (default)
2023-09-08 11:16:17,533 [om1-groupManagement] INFO  server.RaftServerConfigKeys (ConfUtils.java:logGet(46)) - raft.server.rpc.slowness.timeout = 120s (custom)
2023-09-08 11:16:17,533 [om1-groupManagement] INFO  server.RaftServerConfigKeys (ConfUtils.java:logGet(46)) - raft.server.leaderelection.leader.step-down.wait-time = 10s (default)
2023-09-08 11:16:17,534 [om1-groupManagement] INFO  server.RaftServerConfigKeys (ConfUtils.java:logGet(46)) - raft.server.sleep.deviation.threshold = 300ms (default)
2023-09-08 11:16:17,770 [om1-groupManagement] INFO  server.RaftServer$Division (ServerState.java:<init>(120)) - om1@group-C5BA1605619E: ConfigurationManager, init=-1: peers:[om1|rpc:localhost:15007|priority:0|startupRole:FOLLOWER]|listeners:[], old=null, confs=<EMPTY_MAP>
2023-09-08 11:16:17,772 [om1-groupManagement] INFO  server.RaftServerConfigKeys (ConfUtils.java:logGet(46)) - raft.server.storage.dir = [/home/runner/work/ozone/ozone/hadoop-ozone/integration-test/target/test-dir/MiniOzoneClusterImpl-4b7384aa-5f33-426b-b021-b584800a716a/ozone-meta/ratis] (custom)
2023-09-08 11:16:17,788 [om1-groupManagement] INFO  server.RaftServerConfigKeys (ConfUtils.java:logGet(46)) - raft.server.log.corruption.policy = EXCEPTION (default)
2023-09-08 11:16:17,789 [om1-groupManagement] INFO  server.RaftServerConfigKeys (ConfUtils.java:logGet(46)) - raft.server.storage.free-space.min = 0MB (=0) (default)
2023-09-08 11:16:17,821 [om1-groupManagement] INFO  server.RaftServerConfigKeys (ConfUtils.java:logGet(46)) - raft.server.notification.no-leader.timeout = 120s (custom)
2023-09-08 11:16:17,829 [om1-groupManagement] INFO  server.RaftServerConfigKeys (ConfUtils.java:logGet(46)) - raft.server.read.timeout = 10s (default)
2023-09-08 11:16:17,845 [om1-groupManagement] INFO  server.RaftServerConfigKeys (ConfUtils.java:logGet(46)) - raft.server.retrycache.expirytime = 300s (custom)
2023-09-08 11:16:17,845 [om1-groupManagement] INFO  server.RaftServerConfigKeys (ConfUtils.java:logGet(46)) - raft.server.retrycache.statistics.expirytime = 100μs (default)
2023-09-08 11:16:17,930 [om1-groupManagement] INFO  server.RaftServerConfigKeys (ConfUtils.java:logGet(46)) - raft.server.read.option = DEFAULT (default)
2023-09-08 11:16:18,004 [om1-groupManagement] INFO  server.RaftServerConfigKeys (ConfUtils.java:logGet(46)) - raft.server.rpc.request.timeout = 3000ms (default)
2023-09-08 11:16:18,013 [om1-groupManagement] INFO  server.RaftServerConfigKeys (ConfUtils.java:logGet(46)) - raft.server.log.appender.install.snapshot.enabled = false (custom)
2023-09-08 11:16:18,013 [om1-groupManagement] INFO  server.RaftServerConfigKeys (ConfUtils.java:logGet(46)) - raft.server.threadpool.server.cached = true (default)
2023-09-08 11:16:18,015 [om1-groupManagement] INFO  server.RaftServerConfigKeys (ConfUtils.java:logGet(46)) - raft.server.threadpool.server.size = 0 (default)
2023-09-08 11:16:18,015 [om1-groupManagement] INFO  server.RaftServerConfigKeys (ConfUtils.java:logGet(46)) - raft.server.threadpool.client.cached = true (default)
2023-09-08 11:16:18,015 [om1-groupManagement] INFO  server.RaftServerConfigKeys (ConfUtils.java:logGet(46)) - raft.server.threadpool.client.size = 0 (default)
2023-09-08 11:16:18,541 [main] INFO  reflections.Reflections (Reflections.java:scan(232)) - Reflections took 746 ms to scan 19 urls, producing 70 keys and 5670 values [using 2 cores]
2023-09-08 11:16:18,743 [main] INFO  ipc.CallQueueManager (CallQueueManager.java:<init>(90)) - Using callQueue: class java.util.concurrent.LinkedBlockingQueue, queueCapacity: 2000, scheduler: class org.apache.hadoop.ipc.DefaultRpcScheduler, ipcBackoff: false.
2023-09-08 11:16:18,744 [main] INFO  ipc.Server (Server.java:<init>(1287)) - Listener at 127.0.0.1:15004
2023-09-08 11:16:18,744 [Socket Reader #1 for port 15004] INFO  ipc.Server (Server.java:run(1323)) - Starting Socket Reader #1 for port 15004
2023-09-08 11:16:18,784 [main] INFO  impl.MetricsSystemImpl (MetricsSystemImpl.java:init(158)) - OzoneManager metrics system started (again)
2023-09-08 11:16:18,799 [main] INFO  om.OzoneManager (OzoneManager.java:start(1630)) - OzoneManager RPC server is listening at localhost/127.0.0.1:15004
2023-09-08 11:16:18,800 [main] INFO  ratis.OzoneManagerRatisServer (OzoneManagerRatisServer.java:start(558)) - Starting OzoneManagerRatisServer om1 at port 15007
2023-09-08 11:16:18,803 [om1-impl-thread1] INFO  storage.RaftStorageDirectory (RaftStorageDirectoryImpl.java:analyzeStorage(137)) - The storage directory /home/runner/work/ozone/ozone/hadoop-ozone/integration-test/target/test-dir/MiniOzoneClusterImpl-4b7384aa-5f33-426b-b021-b584800a716a/ozone-meta/ratis/bf265839-605b-3f16-9796-c5ba1605619e does not exist. Creating ...
2023-09-08 11:16:18,808 [om1-impl-thread1] INFO  storage.RaftStorageDirectory (RaftStorageDirectoryImpl.java:tryLock(231)) - Lock on /home/runner/work/ozone/ozone/hadoop-ozone/integration-test/target/test-dir/MiniOzoneClusterImpl-4b7384aa-5f33-426b-b021-b584800a716a/ozone-meta/ratis/bf265839-605b-3f16-9796-c5ba1605619e/in_use.lock acquired by nodename 7549@fv-az203-160
2023-09-08 11:16:18,815 [om1-impl-thread1] INFO  storage.RaftStorage (RaftStorageImpl.java:format(96)) - Storage directory /home/runner/work/ozone/ozone/hadoop-ozone/integration-test/target/test-dir/MiniOzoneClusterImpl-4b7384aa-5f33-426b-b021-b584800a716a/ozone-meta/ratis/bf265839-605b-3f16-9796-c5ba1605619e has been successfully formatted.
2023-09-08 11:16:18,821 [om1-impl-thread1] INFO  server.RaftServerConfigKeys (ConfUtils.java:logGet(46)) - raft.server.log.use.memory = false (default)
2023-09-08 11:16:18,829 [om1-impl-thread1] INFO  server.RaftServerConfigKeys (ConfUtils.java:logGet(46)) - raft.server.log.purge.gap = 1000000 (custom)
2023-09-08 11:16:18,830 [om1-impl-thread1] INFO  server.RaftServerConfigKeys (ConfUtils.java:logGet(46)) - raft.server.log.appender.buffer.byte-limit = 33554432 (custom)
2023-09-08 11:16:18,831 [om1-impl-thread1] INFO  server.RaftServerConfigKeys (ConfUtils.java:logGet(46)) - raft.server.log.statemachine.data.read.timeout = 1000ms (default)
2023-09-08 11:16:18,832 [om1-impl-thread1] INFO  server.RaftServerConfigKeys (ConfUtils.java:logGet(46)) - raft.server.log.purge.preservation.log.num = 0 (default)
2023-09-08 11:16:18,835 [om1-impl-thread1] INFO  server.RaftServerConfigKeys (ConfUtils.java:logGet(46)) - raft.server.log.segment.size.max = 4194304 (custom)
2023-09-08 11:16:18,842 [om1-impl-thread1] INFO  server.RaftServerConfigKeys (ConfUtils.java:logGet(46)) - raft.server.log.segment.cache.num.max = 2 (custom)
2023-09-08 11:16:18,842 [om1-impl-thread1] INFO  server.RaftServerConfigKeys (ConfUtils.java:logGet(46)) - raft.server.log.segment.cache.size.max = 200MB (=209715200) (default)
2023-09-08 11:16:18,842 [om1-impl-thread1] INFO  server.RaftServerConfigKeys (ConfUtils.java:logGet(46)) - raft.server.log.appender.buffer.byte-limit = 33554432 (custom)
2023-09-08 11:16:18,849 [om1-impl-thread1] INFO  segmented.SegmentedRaftLogWorker (SegmentedRaftLogWorker.java:<init>(188)) - new om1@group-C5BA1605619E-SegmentedRaftLogWorker for RaftStorageImpl:Storage Directory /home/runner/work/ozone/ozone/hadoop-ozone/integration-test/target/test-dir/MiniOzoneClusterImpl-4b7384aa-5f33-426b-b021-b584800a716a/ozone-meta/ratis/bf265839-605b-3f16-9796-c5ba1605619e
2023-09-08 11:16:18,849 [om1-impl-thread1] INFO  server.RaftServerConfigKeys (ConfUtils.java:logGet(46)) - raft.server.log.queue.byte-limit = 64MB (=67108864) (default)
2023-09-08 11:16:18,850 [om1-impl-thread1] INFO  server.RaftServerConfigKeys (ConfUtils.java:logGet(46)) - raft.server.log.queue.element-limit = 4096 (default)
2023-09-08 11:16:18,852 [om1-impl-thread1] INFO  server.RaftServerConfigKeys (ConfUtils.java:logGet(46)) - raft.server.log.segment.size.max = 4194304 (custom)
2023-09-08 11:16:18,853 [om1-impl-thread1] INFO  server.RaftServerConfigKeys (ConfUtils.java:logGet(46)) - raft.server.log.preallocated.size = 4194304 (custom)
2023-09-08 11:16:18,853 [om1-impl-thread1] INFO  server.RaftServerConfigKeys (ConfUtils.java:logGet(46)) - raft.server.log.force.sync.num = 128 (default)
2023-09-08 11:16:18,854 [om1-impl-thread1] INFO  server.RaftServerConfigKeys (ConfUtils.java:logGet(46)) - raft.server.log.statemachine.data.sync = true (default)
2023-09-08 11:16:18,854 [om1-impl-thread1] INFO  server.RaftServerConfigKeys (ConfUtils.java:logGet(46)) - raft.server.log.statemachine.data.sync.timeout = 10s (default)
2023-09-08 11:16:18,855 [om1-impl-thread1] INFO  server.RaftServerConfigKeys (ConfUtils.java:logGet(46)) - raft.server.log.statemachine.data.sync.timeout.retry = -1 (default)
2023-09-08 11:16:18,867 [om1-impl-thread1] INFO  server.RaftServerConfigKeys (ConfUtils.java:logGet(46)) - raft.server.log.write.buffer.size = 64KB (=65536) (default)
2023-09-08 11:16:18,867 [om1-impl-thread1] INFO  server.RaftServerConfigKeys (ConfUtils.java:logGet(46)) - raft.server.log.appender.buffer.byte-limit = 33554432 (custom)
2023-09-08 11:16:18,875 [om1-impl-thread1] INFO  server.RaftServerConfigKeys (ConfUtils.java:logGet(46)) - raft.server.log.unsafe-flush.enabled = false (default)
2023-09-08 11:16:18,876 [om1-impl-thread1] INFO  server.RaftServerConfigKeys (ConfUtils.java:logGet(46)) - raft.server.log.async-flush.enabled = false (default)
2023-09-08 11:16:18,876 [om1-impl-thread1] INFO  server.RaftServerConfigKeys (ConfUtils.java:logGet(46)) - raft.server.log.statemachine.data.caching.enabled = false (default)
2023-09-08 11:16:18,884 [om1-impl-thread1] INFO  segmented.SegmentedRaftLogWorker (SegmentedRaftLogWorker.java:lambda$new$0(135)) - om1@group-C5BA1605619E-SegmentedRaftLogWorker: flushIndex: setUnconditionally 0 -> -1
2023-09-08 11:16:18,884 [om1-impl-thread1] INFO  segmented.SegmentedRaftLogWorker (SegmentedRaftLogWorker.java:lambda$new$0(135)) - om1@group-C5BA1605619E-SegmentedRaftLogWorker: safeCacheEvictIndex: setUnconditionally 0 -> -1
2023-09-08 11:16:18,888 [om1-impl-thread1] INFO  server.RaftServer$Division (RaftServerImpl.java:start(342)) - om1@group-C5BA1605619E: start as a follower, conf=-1: peers:[om1|rpc:localhost:15007|priority:0|startupRole:FOLLOWER]|listeners:[], old=null
2023-09-08 11:16:18,889 [om1-impl-thread1] INFO  server.RaftServer$Division (RaftServerImpl.java:setRole(329)) - om1@group-C5BA1605619E: changes role from      null to FOLLOWER at term 0 for startAsFollower
2023-09-08 11:16:18,890 [om1-impl-thread1] INFO  impl.RoleInfo (RoleInfo.java:updateAndGet(139)) - om1: start om1@group-C5BA1605619E-FollowerState
2023-09-08 11:16:18,896 [om1-impl-thread1] INFO  util.JmxRegister (JmxRegister.java:tryRegister(44)) - Successfully registered JMX Bean with object name Ratis:service=RaftServer,group=group-C5BA1605619E,id=om1
2023-09-08 11:16:18,905 [om1-impl-thread1] INFO  server.RaftServerConfigKeys (ConfUtils.java:logGet(46)) - raft.server.snapshot.auto.trigger.enabled = true (custom)
2023-09-08 11:16:18,905 [om1@group-C5BA1605619E-FollowerState] INFO  server.RaftServerConfigKeys (ConfUtils.java:logFallback(53)) - raft.server.rpc.first-election.timeout.min = 1s (fallback to raft.server.rpc.timeout.min)
2023-09-08 11:16:18,906 [om1@group-C5BA1605619E-FollowerState] INFO  server.RaftServerConfigKeys (ConfUtils.java:logFallback(53)) - raft.server.rpc.first-election.timeout.max = 1200ms (fallback to raft.server.rpc.timeout.max)
2023-09-08 11:16:18,907 [om1-impl-thread1] INFO  server.RaftServerConfigKeys (ConfUtils.java:logGet(46)) - raft.server.snapshot.auto.trigger.threshold = 400000 (default)
2023-09-08 11:16:18,907 [om1-impl-thread1] INFO  server.RaftServerConfigKeys (ConfUtils.java:logGet(46)) - raft.server.snapshot.retention.file.num = -1 (default)
2023-09-08 11:16:18,908 [om1-impl-thread1] INFO  server.RaftServerConfigKeys (ConfUtils.java:logGet(46)) - raft.server.log.purge.upto.snapshot.index = true (custom)
2023-09-08 11:16:18,913 [main] INFO  server.RaftServer (RaftServerProxy.java:startImpl(400)) - om1: start RPC server
2023-09-08 11:16:19,026 [main] INFO  server.GrpcService (GrpcService.java:startImpl(302)) - om1: GrpcService started, listening on 15007
2023-09-08 11:16:19,029 [main] INFO  om.OzoneManager (OzoneManager.java:start(1646)) - Version File has different layout version (6) than OM DB (null). That is expected if this OM has never been finalized to a newer layout version.
2023-09-08 11:16:19,035 [JvmPauseMonitor1] INFO  util.JvmPauseMonitor (JvmPauseMonitor.java:run(103)) - JvmPauseMonitor-om1: Started
2023-09-08 11:16:19,069 [main] INFO  http.BaseHttpServer (BaseHttpServer.java:newHttpServer2BuilderForOzone(223)) - Starting Web-server for ozoneManager at: http://0.0.0.0:15005
2023-09-08 11:16:19,070 [main] INFO  http.BaseHttpServer (BaseHttpServer.java:<init>(110)) - Hadoop Security Enabled: false Ozone Security Enabled: false Ozone HTTP Security Enabled: false 
2023-09-08 11:16:19,071 [main] WARN  server.AuthenticationFilter (AuthenticationFilter.java:constructSecretProvider(240)) - Unable to initialize FileSignerSecretProvider, falling back to use random secrets. Reason: Could not read signature secret file: /home/runner/hadoop-http-auth-signature-secret
2023-09-08 11:16:19,076 [main] INFO  http.HttpRequestLog (HttpRequestLog.java:getRequestLog(86)) - Http request log for http.requests.ozoneManager is not defined
2023-09-08 11:16:19,078 [main] INFO  http.HttpServer2 (HttpServer2.java:addGlobalFilter(1031)) - Added global filter 'safety' (class=org.apache.hadoop.hdds.server.http.HttpServer2$QuotingInputFilter)
2023-09-08 11:16:19,080 [main] INFO  http.HttpServer2 (HttpServer2.java:addFilter(1007)) - Added filter static_user_filter (class=org.apache.hadoop.http.lib.StaticUserWebFilter$StaticUserFilter) to context ozoneManager
2023-09-08 11:16:19,080 [main] INFO  http.HttpServer2 (HttpServer2.java:addFilter(1015)) - Added filter static_user_filter (class=org.apache.hadoop.http.lib.StaticUserWebFilter$StaticUserFilter) to context static
2023-09-08 11:16:19,080 [main] INFO  http.HttpServer2 (HttpServer2.java:addFilter(1015)) - Added filter static_user_filter (class=org.apache.hadoop.http.lib.StaticUserWebFilter$StaticUserFilter) to context logs
2023-09-08 11:16:19,082 [main] INFO  http.BaseHttpServer (BaseHttpServer.java:<init>(189)) - HTTP server of ozoneManager uses base directory /home/runner/work/ozone/ozone/hadoop-ozone/integration-test/target/test-dir/MiniOzoneClusterImpl-4b7384aa-5f33-426b-b021-b584800a716a/ozone-meta/webserver
2023-09-08 11:16:19,089 [main] INFO  http.HttpServer2 (HttpServer2.java:bindListener(1231)) - Jetty bound to port 15005
2023-09-08 11:16:19,089 [main] INFO  server.Server (Server.java:doStart(375)) - jetty-9.4.51.v20230217; built: 2023-02-17T08:19:37.309Z; git: b45c405e4544384de066f814ed42ae3dceacdd49; jvm 1.8.0_382-b05
2023-09-08 11:16:19,096 [main] INFO  server.session (DefaultSessionIdManager.java:doStart(334)) - DefaultSessionIdManager workerName=node0
2023-09-08 11:16:19,096 [main] INFO  server.session (DefaultSessionIdManager.java:doStart(339)) - No SessionScavenger set, using defaults
2023-09-08 11:16:19,096 [main] INFO  server.session (HouseKeeper.java:startScavenging(132)) - node0 Scavenging every 660000ms
2023-09-08 11:16:19,099 [main] INFO  handler.ContextHandler (ContextHandler.java:doStart(921)) - Started o.e.j.s.ServletContextHandler@6b4b8163{logs,/logs,file:///home/runner/work/ozone/ozone/hadoop-ozone/integration-test/target/log,AVAILABLE}
2023-09-08 11:16:19,100 [main] INFO  handler.ContextHandler (ContextHandler.java:doStart(921)) - Started o.e.j.s.ServletContextHandler@33697548{static,/static,file:///home/runner/work/ozone/ozone/hadoop-ozone/integration-test/target/test-classes/webapps/static,AVAILABLE}
2023-09-08 11:16:19,105 [main] INFO  handler.ContextHandler (ContextHandler.java:doStart(921)) - Started o.e.j.w.WebAppContext@504b52db{ozoneManager,/,file:///home/runner/work/ozone/ozone/hadoop-ozone/integration-test/target/test-classes/webapps/ozoneManager/,AVAILABLE}{file:/home/runner/work/ozone/ozone/hadoop-ozone/integration-test/target/test-classes/webapps/ozoneManager}
2023-09-08 11:16:19,107 [main] INFO  server.AbstractConnector (AbstractConnector.java:doStart(333)) - Started ServerConnector@5effdc4d{HTTP/1.1, (http/1.1)}{0.0.0.0:15005}
2023-09-08 11:16:19,108 [main] INFO  server.Server (Server.java:doStart(415)) - Started @9890ms
2023-09-08 11:16:19,108 [main] WARN  impl.MetricsSystemImpl (MetricsSystemImpl.java:register(279)) - Sink prometheus already exists!
2023-09-08 11:16:19,109 [main] INFO  http.BaseHttpServer (BaseHttpServer.java:updateConnectorAddress(354)) - HTTP server of ozoneManager listening at http://0.0.0.0:15005
2023-09-08 11:16:19,109 [IPC Server Responder] INFO  ipc.Server (Server.java:run(1562)) - IPC Server Responder: starting
2023-09-08 11:16:19,109 [IPC Server listener on 15004] INFO  ipc.Server (Server.java:run(1402)) - IPC Server listener on 15004: starting
2023-09-08 11:16:19,157 [main] INFO  om.TrashPolicyOzone (TrashPolicyOzone.java:<init>(277)) - Ozone Manager trash configuration: Deletion interval = 0 minutes, Emptier interval = 0 minutes.
2023-09-08 11:16:19,312 [main] WARN  impl.MetricRegistriesImpl (MetricRegistriesImpl.java:addReporterRegistration(111)) - New reporters are added after registries were created. Some metrics will be missing from the reporter. Please add reporter before adding any new registry.
2023-09-08 11:16:19,312 [main] WARN  impl.MetricRegistriesImpl (MetricRegistriesImpl.java:addReporterRegistration(111)) - New reporters are added after registries were created. Some metrics will be missing from the reporter. Please add reporter before adding any new registry.
2023-09-08 11:16:19,312 [main] INFO  impl.MetricsSystemImpl (MetricsSystemImpl.java:init(158)) - HddsDatanode metrics system started (again)
2023-09-08 11:16:19,345 [main] INFO  ozone.HddsDatanodeService (HddsDatanodeService.java:start(237)) - HddsDatanodeService host:fv-az203-160.hq41me5fykbulac445kfrvsskg.dx.internal.cloudapp.net ip:10.1.0.72
2023-09-08 11:16:19,395 [main] INFO  upgrade.AbstractLayoutVersionManager (AbstractLayoutVersionManager.java:init(83)) - Initializing Layout version manager with metadata layout = HADOOP_PRC_PORTS_IN_DATANODEDETAILS (version = 7), software layout = HADOOP_PRC_PORTS_IN_DATANODEDETAILS (version = 7)
2023-09-08 11:16:19,400 [main] INFO  statemachine.DatanodeStateMachine (DatanodeStateMachine.java:getEndPointTaskThreadPoolSize(282)) - Datanode State Machine Task Thread Pool size 2
2023-09-08 11:16:19,480 [main] INFO  volume.HddsVolume (HddsVolume.java:<init>(126)) - Creating HddsVolume: /home/runner/work/ozone/ozone/hadoop-ozone/integration-test/target/test-dir/MiniOzoneClusterImpl-4b7384aa-5f33-426b-b021-b584800a716a/datanode-0/data-0/containers/hdds of storage type : DISK capacity : 9223372036854775807
2023-09-08 11:16:19,483 [main] INFO  volume.MutableVolumeSet (MutableVolumeSet.java:initializeVolumeSet(173)) - Added Volume : /home/runner/work/ozone/ozone/hadoop-ozone/integration-test/target/test-dir/MiniOzoneClusterImpl-4b7384aa-5f33-426b-b021-b584800a716a/datanode-0/data-0/containers/hdds to VolumeSet
2023-09-08 11:16:19,491 [main] INFO  volume.MutableVolumeSet (MutableVolumeSet.java:initializeVolumeSet(173)) - Added Volume : /home/runner/work/ozone/ozone/hadoop-ozone/integration-test/target/test-dir/MiniOzoneClusterImpl-4b7384aa-5f33-426b-b021-b584800a716a/datanode-0/data/ratis to VolumeSet
2023-09-08 11:16:19,515 [Thread-140] INFO  ozoneimpl.ContainerReader (ContainerReader.java:readVolume(177)) - Finish verifying containers on volume /home/runner/work/ozone/ozone/hadoop-ozone/integration-test/target/test-dir/MiniOzoneClusterImpl-4b7384aa-5f33-426b-b021-b584800a716a/datanode-0/data-0/containers/hdds
2023-09-08 11:16:19,516 [main] INFO  ozoneimpl.OzoneContainer (OzoneContainer.java:buildContainerSet(314)) - Build ContainerSet costs 0s
2023-09-08 11:16:19,584 [main] INFO  audit.AuditLogger (AuditLogger.java:refreshDebugCmdSet(126)) - Refresh DebugCmdSet for DNAudit to [].
2023-09-08 11:16:19,623 [main] INFO  server.RaftServer (ConfUtils.java:logGet(46)) - raft.rpc.type = GRPC (default)
2023-09-08 11:16:19,624 [main] INFO  grpc.GrpcConfigKeys (ConfUtils.java:logFallback(53)) - raft.grpc.admin.host = null (fallback to raft.grpc.server.host)
2023-09-08 11:16:19,625 [main] INFO  grpc.GrpcConfigKeys (ConfUtils.java:logGet(46)) - raft.grpc.admin.port = 15013 (custom)
2023-09-08 11:16:19,625 [main] INFO  grpc.GrpcConfigKeys (ConfUtils.java:logFallback(53)) - raft.grpc.client.host = null (fallback to raft.grpc.server.host)
2023-09-08 11:16:19,626 [main] INFO  grpc.GrpcConfigKeys (ConfUtils.java:logGet(46)) - raft.grpc.client.port = 15012 (custom)
2023-09-08 11:16:19,626 [main] INFO  grpc.GrpcConfigKeys (ConfUtils.java:logGet(46)) - raft.grpc.server.host = null (default)
2023-09-08 11:16:19,626 [main] INFO  grpc.GrpcConfigKeys (ConfUtils.java:logGet(46)) - raft.grpc.server.port = 15014 (custom)
2023-09-08 11:16:19,626 [main] INFO  server.GrpcService (ConfUtils.java:logGet(46)) - raft.grpc.message.size.max = 32MB (=33554432) (custom)
2023-09-08 11:16:19,626 [main] INFO  server.RaftServerConfigKeys (ConfUtils.java:logGet(46)) - raft.server.log.appender.buffer.byte-limit = 33554432 (custom)
2023-09-08 11:16:19,626 [main] INFO  server.GrpcService (ConfUtils.java:logGet(46)) - raft.grpc.flow.control.window = 5MB (=5242880) (custom)
2023-09-08 11:16:19,627 [main] INFO  server.RaftServerConfigKeys (ConfUtils.java:logGet(46)) - raft.server.rpc.request.timeout = 60s (custom)
2023-09-08 11:16:19,627 [main] INFO  grpc.GrpcConfigKeys (ConfUtils.java:logGet(46)) - raft.grpc.server.heartbeat.channel = true (default)
2023-09-08 11:16:19,627 [main] INFO  grpc.GrpcConfigKeys (ConfUtils.java:logGet(46)) - raft.grpc.server.async.request.thread.pool.cached = true (default)
2023-09-08 11:16:19,627 [main] INFO  grpc.GrpcConfigKeys (ConfUtils.java:logGet(46)) - raft.grpc.server.async.request.thread.pool.size = 32 (default)
2023-09-08 11:16:19,632 [main] INFO  impl.DataStreamServerImpl (ConfUtils.java:logGet(46)) - raft.datastream.type = NETTY (custom)
2023-09-08 11:16:19,644 [main] INFO  server.RaftServerConfigKeys (ConfUtils.java:logGet(46)) - raft.server.data-stream.async.request.thread.pool.cached = false (default)
2023-09-08 11:16:19,647 [main] INFO  server.RaftServerConfigKeys (ConfUtils.java:logGet(46)) - raft.server.data-stream.async.request.thread.pool.size = 20 (custom)
2023-09-08 11:16:19,648 [main] INFO  server.RaftServerConfigKeys (ConfUtils.java:logGet(46)) - raft.server.data-stream.async.write.thread.pool.size = 16 (default)
2023-09-08 11:16:19,650 [main] INFO  server.RaftServerConfigKeys (ConfUtils.java:logGet(46)) - raft.server.data-stream.client.pool.size = 10 (default)
2023-09-08 11:16:19,654 [main] INFO  netty.NettyConfigKeys$DataStream (ConfUtils.java:logGet(46)) - raft.netty.dataStream.server.use-epoll = false (default)
2023-09-08 11:16:19,654 [main] INFO  netty.NettyConfigKeys$DataStream (ConfUtils.java:logGet(46)) - raft.netty.dataStream.server.boss-group.size = 0 (default)
2023-09-08 11:16:19,663 [main] INFO  netty.NettyConfigKeys$DataStream (ConfUtils.java:logGet(46)) - raft.netty.dataStream.server.worker-group.size = 0 (default)
2023-09-08 11:16:19,680 [main] INFO  netty.NettyConfigKeys$DataStream (ConfUtils.java:logGet(46)) - raft.netty.dataStream.server.tls.conf = null (default)
2023-09-08 11:16:19,682 [main] INFO  netty.NettyConfigKeys$DataStream (ConfUtils.java:logGet(46)) - raft.netty.dataStream.host = null (default)
2023-09-08 11:16:19,683 [main] INFO  netty.NettyConfigKeys$DataStream (ConfUtils.java:logGet(46)) - raft.netty.dataStream.port = 15015 (custom)
2023-09-08 11:16:19,698 [main] INFO  server.RaftServerConfigKeys (ConfUtils.java:logGet(46)) - raft.server.threadpool.proxy.cached = true (default)
2023-09-08 11:16:19,699 [main] INFO  server.RaftServerConfigKeys (ConfUtils.java:logGet(46)) - raft.server.threadpool.proxy.size = 0 (default)
2023-09-08 11:16:19,699 [main] INFO  server.RaftServerConfigKeys (ConfUtils.java:logGet(46)) - raft.server.rpc.slowness.timeout = 300s (custom)
2023-09-08 11:16:19,699 [main] INFO  server.RaftServerConfigKeys (ConfUtils.java:logGet(46)) - raft.server.leaderelection.leader.step-down.wait-time = 10s (default)
2023-09-08 11:16:19,699 [main] INFO  server.RaftServerConfigKeys (ConfUtils.java:logGet(46)) - raft.server.storage.dir = [/home/runner/work/ozone/ozone/hadoop-ozone/integration-test/target/test-dir/MiniOzoneClusterImpl-4b7384aa-5f33-426b-b021-b584800a716a/datanode-0/data/ratis] (custom)
2023-09-08 11:16:19,700 [f2514b4c-a867-463f-8d84-f95d86e9803a-impl-thread1] INFO  server.RaftServer (RaftServerProxy.java:initGroupDir(258)) - f2514b4c-a867-463f-8d84-f95d86e9803a: found a subdirectory /home/runner/work/ozone/ozone/hadoop-ozone/integration-test/target/test-dir/MiniOzoneClusterImpl-4b7384aa-5f33-426b-b021-b584800a716a/datanode-0/data/ratis/tmp
2023-09-08 11:16:19,701 [f2514b4c-a867-463f-8d84-f95d86e9803a-impl-thread1] INFO  server.RaftServer (RaftServerProxy.java:initGroupDir(263)) - f2514b4c-a867-463f-8d84-f95d86e9803a: The directory /home/runner/work/ozone/ozone/hadoop-ozone/integration-test/target/test-dir/MiniOzoneClusterImpl-4b7384aa-5f33-426b-b021-b584800a716a/datanode-0/data/ratis/tmp is not a group directory; ignoring it. 
2023-09-08 11:16:19,704 [main] INFO  replication.ReplicationServer (ReplicationServer.java:<init>(81)) - Initializing replication server with thread count = 10
2023-09-08 11:16:19,725 [f2514b4c-a867-463f-8d84-f95d86e9803a-NettyServerStreamRpc-bossGroup--thread1] INFO  logging.LoggingHandler (AbstractInternalLogger.java:log(148)) - [id: 0x4688081e] REGISTERED
2023-09-08 11:16:19,726 [f2514b4c-a867-463f-8d84-f95d86e9803a-NettyServerStreamRpc-bossGroup--thread1] INFO  logging.LoggingHandler (AbstractInternalLogger.java:log(148)) - [id: 0x4688081e] BIND: 0.0.0.0/0.0.0.0:15015
2023-09-08 11:16:19,727 [f2514b4c-a867-463f-8d84-f95d86e9803a-NettyServerStreamRpc-bossGroup--thread1] INFO  logging.LoggingHandler (AbstractInternalLogger.java:log(148)) - [id: 0x4688081e, L:/0:0:0:0:0:0:0:0:15015] ACTIVE
2023-09-08 11:16:19,729 [main] INFO  server.XceiverServerGrpc (XceiverServerGrpc.java:<init>(132)) - GrpcServer channel type EpollServerSocketChannel
2023-09-08 11:16:19,780 [main] INFO  replication.ReplicationSupervisor (ReplicationSupervisor.java:build(155)) - Initializing replication supervisor with thread count = 10
2023-09-08 11:16:19,781 [main] INFO  replication.ReplicationSupervisor (ReplicationSupervisor.java:nodeStateUpdated(307)) - Node state updated to IN_SERVICE, scaling executor pool size to 10
2023-09-08 11:16:19,849 [main] INFO  http.BaseHttpServer (BaseHttpServer.java:newHttpServer2BuilderForOzone(223)) - Starting Web-server for hddsDatanode at: http://0.0.0.0:15009
2023-09-08 11:16:19,849 [main] INFO  http.BaseHttpServer (BaseHttpServer.java:<init>(110)) - Hadoop Security Enabled: false Ozone Security Enabled: false Ozone HTTP Security Enabled: false 
2023-09-08 11:16:19,851 [main] WARN  server.AuthenticationFilter (AuthenticationFilter.java:constructSecretProvider(240)) - Unable to initialize FileSignerSecretProvider, falling back to use random secrets. Reason: Could not read signature secret file: /home/runner/hadoop-http-auth-signature-secret
2023-09-08 11:16:19,852 [main] INFO  http.HttpRequestLog (HttpRequestLog.java:getRequestLog(86)) - Http request log for http.requests.hddsDatanode is not defined
2023-09-08 11:16:19,854 [main] INFO  http.HttpServer2 (HttpServer2.java:addGlobalFilter(1031)) - Added global filter 'safety' (class=org.apache.hadoop.hdds.server.http.HttpServer2$QuotingInputFilter)
2023-09-08 11:16:19,856 [main] INFO  http.HttpServer2 (HttpServer2.java:addFilter(1007)) - Added filter static_user_filter (class=org.apache.hadoop.http.lib.StaticUserWebFilter$StaticUserFilter) to context hddsDatanode
2023-09-08 11:16:19,856 [main] INFO  http.HttpServer2 (HttpServer2.java:addFilter(1015)) - Added filter static_user_filter (class=org.apache.hadoop.http.lib.StaticUserWebFilter$StaticUserFilter) to context logs
2023-09-08 11:16:19,857 [main] INFO  http.HttpServer2 (HttpServer2.java:addFilter(1015)) - Added filter static_user_filter (class=org.apache.hadoop.http.lib.StaticUserWebFilter$StaticUserFilter) to context static
2023-09-08 11:16:19,861 [main] INFO  http.BaseHttpServer (BaseHttpServer.java:<init>(189)) - HTTP server of hddsDatanode uses base directory /home/runner/work/ozone/ozone/hadoop-ozone/integration-test/target/test-dir/MiniOzoneClusterImpl-4b7384aa-5f33-426b-b021-b584800a716a/datanode-0/meta/webserver
2023-09-08 11:16:19,861 [main] INFO  http.HttpServer2 (HttpServer2.java:bindListener(1231)) - Jetty bound to port 15009
2023-09-08 11:16:19,861 [main] INFO  server.Server (Server.java:doStart(375)) - jetty-9.4.51.v20230217; built: 2023-02-17T08:19:37.309Z; git: b45c405e4544384de066f814ed42ae3dceacdd49; jvm 1.8.0_382-b05
2023-09-08 11:16:19,866 [main] INFO  server.session (DefaultSessionIdManager.java:doStart(334)) - DefaultSessionIdManager workerName=node0
2023-09-08 11:16:19,866 [main] INFO  server.session (DefaultSessionIdManager.java:doStart(339)) - No SessionScavenger set, using defaults
2023-09-08 11:16:19,866 [main] INFO  server.session (HouseKeeper.java:startScavenging(132)) - node0 Scavenging every 660000ms
2023-09-08 11:16:19,868 [main] INFO  handler.ContextHandler (ContextHandler.java:doStart(921)) - Started o.e.j.s.ServletContextHandler@4d7648a5{logs,/logs,file:///home/runner/work/ozone/ozone/hadoop-ozone/integration-test/target/log,AVAILABLE}
2023-09-08 11:16:19,868 [main] INFO  handler.ContextHandler (ContextHandler.java:doStart(921)) - Started o.e.j.s.ServletContextHandler@1b78ce4{static,/static,jar:file:/home/runner/.m2/repository/org/apache/ozone/hdds-container-service/1.4.0-SNAPSHOT/hdds-container-service-1.4.0-SNAPSHOT.jar!/webapps/static,AVAILABLE}
2023-09-08 11:16:19,910 [om1@group-C5BA1605619E-FollowerState] INFO  impl.FollowerState (FollowerState.java:run(143)) - om1@group-C5BA1605619E-FollowerState: change to CANDIDATE, lastRpcElapsedTime:1019323894ns, electionTimeout:1001ms
2023-09-08 11:16:19,912 [om1@group-C5BA1605619E-FollowerState] INFO  impl.RoleInfo (RoleInfo.java:shutdownFollowerState(110)) - om1: shutdown om1@group-C5BA1605619E-FollowerState
2023-09-08 11:16:19,912 [om1@group-C5BA1605619E-FollowerState] INFO  server.RaftServer$Division (RaftServerImpl.java:setRole(329)) - om1@group-C5BA1605619E: changes role from  FOLLOWER to CANDIDATE at term 0 for changeToCandidate
2023-09-08 11:16:19,919 [om1@group-C5BA1605619E-FollowerState] INFO  server.RaftServerConfigKeys (ConfUtils.java:logGet(46)) - raft.server.leaderelection.pre-vote = true (default)
2023-09-08 11:16:19,919 [om1@group-C5BA1605619E-FollowerState] INFO  impl.RoleInfo (RoleInfo.java:updateAndGet(139)) - om1: start om1@group-C5BA1605619E-LeaderElection1
2023-09-08 11:16:19,932 [om1@group-C5BA1605619E-LeaderElection1] INFO  impl.LeaderElection (LeaderElection.java:askForVotes(321)) - om1@group-C5BA1605619E-LeaderElection1 PRE_VOTE round 0: submit vote requests at term 0 for -1: peers:[om1|rpc:localhost:15007|priority:0|startupRole:FOLLOWER]|listeners:[], old=null
2023-09-08 11:16:19,933 [om1@group-C5BA1605619E-LeaderElection1] INFO  impl.LeaderElection (LeaderElection.java:askForVotes(323)) - om1@group-C5BA1605619E-LeaderElection1 PRE_VOTE round 0: result PASSED (term=0)
2023-09-08 11:16:19,936 [om1@group-C5BA1605619E-LeaderElection1] INFO  impl.LeaderElection (LeaderElection.java:askForVotes(321)) - om1@group-C5BA1605619E-LeaderElection1 ELECTION round 0: submit vote requests at term 1 for -1: peers:[om1|rpc:localhost:15007|priority:0|startupRole:FOLLOWER]|listeners:[], old=null
2023-09-08 11:16:19,936 [om1@group-C5BA1605619E-LeaderElection1] INFO  impl.LeaderElection (LeaderElection.java:askForVotes(323)) - om1@group-C5BA1605619E-LeaderElection1 ELECTION round 0: result PASSED (term=1)
2023-09-08 11:16:19,936 [om1@group-C5BA1605619E-LeaderElection1] INFO  impl.RoleInfo (RoleInfo.java:shutdownLeaderElection(130)) - om1: shutdown om1@group-C5BA1605619E-LeaderElection1
2023-09-08 11:16:19,938 [om1@group-C5BA1605619E-LeaderElection1] INFO  server.RaftServer$Division (RaftServerImpl.java:setRole(329)) - om1@group-C5BA1605619E: changes role from CANDIDATE to LEADER at term 1 for changeToLeader
2023-09-08 11:16:19,944 [om1@group-C5BA1605619E-LeaderElection1] INFO  server.RaftServer$Division (ServerState.java:setLeader(317)) - om1@group-C5BA1605619E: change Leader from null to om1 at term 1 for becomeLeader, leader elected after 2117ms
2023-09-08 11:16:19,963 [om1@group-C5BA1605619E-LeaderElection1] INFO  server.RaftServerConfigKeys (ConfUtils.java:logGet(46)) - raft.server.staging.catchup.gap = 1000 (default)
2023-09-08 11:16:19,975 [om1@group-C5BA1605619E-LeaderElection1] INFO  server.RaftServerConfigKeys (ConfUtils.java:logGet(46)) - raft.server.write.element-limit = 4096 (default)
2023-09-08 11:16:19,977 [om1@group-C5BA1605619E-LeaderElection1] INFO  server.RaftServerConfigKeys (ConfUtils.java:logGet(46)) - raft.server.write.byte-limit = 64MB (=67108864) (default)
2023-09-08 11:16:19,988 [om1@group-C5BA1605619E-LeaderElection1] INFO  server.RaftServerConfigKeys (ConfUtils.java:logGet(46)) - raft.server.watch.timeout = 10s (default)
2023-09-08 11:16:19,988 [om1@group-C5BA1605619E-LeaderElection1] INFO  server.RaftServerConfigKeys (ConfUtils.java:logGet(46)) - raft.server.watch.timeout.denomination = 1s (default)
2023-09-08 11:16:19,990 [om1@group-C5BA1605619E-LeaderElection1] INFO  server.RaftServerConfigKeys (ConfUtils.java:logGet(46)) - raft.server.watch.element-limit = 65536 (default)
2023-09-08 11:16:20,004 [om1@group-C5BA1605619E-LeaderElection1] INFO  server.RaftServerConfigKeys (ConfUtils.java:logGet(46)) - raft.server.write.element-limit = 4096 (default)
2023-09-08 11:16:20,009 [om1@group-C5BA1605619E-LeaderElection1] INFO  server.RaftServerConfigKeys (ConfUtils.java:logGet(46)) - raft.server.write.follower.gap.ratio.max = -1.0 (default)
2023-09-08 11:16:20,012 [om1@group-C5BA1605619E-LeaderElection1] INFO  impl.RoleInfo (RoleInfo.java:updateAndGet(139)) - om1: start om1@group-C5BA1605619E-LeaderStateImpl
2023-09-08 11:16:20,098 [om1@group-C5BA1605619E-LeaderElection1] INFO  segmented.SegmentedRaftLogWorker (SegmentedRaftLogWorker.java:startLogSegment(447)) - om1@group-C5BA1605619E-SegmentedRaftLogWorker: Starting segment from index:0
2023-09-08 11:16:20,179 [om1@group-C5BA1605619E-LeaderElection1] INFO  server.RaftServer$Division (ServerState.java:setRaftConf(434)) - om1@group-C5BA1605619E: set configuration 0: peers:[om1|rpc:localhost:15007|admin:|client:|dataStream:|priority:0|startupRole:FOLLOWER]|listeners:[], old=null
2023-09-08 11:16:20,266 [om1@group-C5BA1605619E-SegmentedRaftLogWorker] INFO  segmented.SegmentedRaftLogWorker (SegmentedRaftLogWorker.java:execute(651)) - om1@group-C5BA1605619E-SegmentedRaftLogWorker: created new log segment /home/runner/work/ozone/ozone/hadoop-ozone/integration-test/target/test-dir/MiniOzoneClusterImpl-4b7384aa-5f33-426b-b021-b584800a716a/ozone-meta/ratis/bf265839-605b-3f16-9796-c5ba1605619e/current/log_inprogress_0
2023-09-08 11:16:20,403 [main] INFO  handler.ContextHandler (ContextHandler.java:doStart(921)) - Started o.e.j.w.WebAppContext@25b78608{hddsDatanode,/,file:///home/runner/work/ozone/ozone/hadoop-ozone/integration-test/target/test-dir/MiniOzoneClusterImpl-4b7384aa-5f33-426b-b021-b584800a716a/datanode-0/meta/webserver/jetty-0_0_0_0-15009-hdds-container-service-1_4_0-SNAPSHOT_jar-_-any-2163722816859281792/webapp/,AVAILABLE}{jar:file:/home/runner/.m2/repository/org/apache/ozone/hdds-container-service/1.4.0-SNAPSHOT/hdds-container-service-1.4.0-SNAPSHOT.jar!/webapps/hddsDatanode}
2023-09-08 11:16:20,407 [main] INFO  server.AbstractConnector (AbstractConnector.java:doStart(333)) - Started ServerConnector@3c53a002{HTTP/1.1, (http/1.1)}{0.0.0.0:15009}
2023-09-08 11:16:20,408 [main] INFO  server.Server (Server.java:doStart(415)) - Started @11190ms
2023-09-08 11:16:20,408 [main] WARN  impl.MetricsSystemImpl (MetricsSystemImpl.java:register(279)) - Sink prometheus already exists!
2023-09-08 11:16:20,409 [main] INFO  http.BaseHttpServer (BaseHttpServer.java:updateConnectorAddress(354)) - HTTP server of hddsDatanode listening at http://0.0.0.0:15009
2023-09-08 11:16:20,414 [main] INFO  ipc.CallQueueManager (CallQueueManager.java:<init>(90)) - Using callQueue: class java.util.concurrent.LinkedBlockingQueue, queueCapacity: 100, scheduler: class org.apache.hadoop.ipc.DefaultRpcScheduler, ipcBackoff: false.
2023-09-08 11:16:20,415 [main] INFO  ipc.Server (Server.java:<init>(1287)) - Listener at 0.0.0.0:15010
2023-09-08 11:16:20,416 [Socket Reader #1 for port 15010] INFO  ipc.Server (Server.java:run(1323)) - Starting Socket Reader #1 for port 15010
2023-09-08 11:16:20,418 [main] INFO  ozone.HddsDatanodeService (HddsDatanodeService.java:start(315)) - Datanode start with admins: [runner]
2023-09-08 11:16:20,423 [main] INFO  ozone.HddsDatanodeClientProtocolServer (HddsDatanodeClientProtocolServer.java:start(72)) - RPC server for Client /0.0.0.0:15010
2023-09-08 11:16:20,424 [IPC Server Responder] INFO  ipc.Server (Server.java:run(1562)) - IPC Server Responder: starting
2023-09-08 11:16:20,424 [IPC Server listener on 15010] INFO  ipc.Server (Server.java:run(1402)) - IPC Server listener on 15010: starting
2023-09-08 11:16:20,428 [main] WARN  impl.MetricRegistriesImpl (MetricRegistriesImpl.java:addReporterRegistration(111)) - New reporters are added after registries were created. Some metrics will be missing from the reporter. Please add reporter before adding any new registry.
2023-09-08 11:16:20,428 [main] WARN  impl.MetricRegistriesImpl (MetricRegistriesImpl.java:addReporterRegistration(111)) - New reporters are added after registries were created. Some metrics will be missing from the reporter. Please add reporter before adding any new registry.
2023-09-08 11:16:20,428 [main] INFO  impl.MetricsSystemImpl (MetricsSystemImpl.java:init(158)) - HddsDatanode metrics system started (again)
2023-09-08 11:16:20,439 [Datanode State Machine Daemon Thread] INFO  statemachine.DatanodeStateMachine (DatanodeStateMachine.java:lambda$startDaemon$0(538)) - Ozone container server started.
2023-09-08 11:16:20,457 [om1@group-C5BA1605619E-StateMachineUpdater] INFO  ratis.OzoneManagerStateMachine (OzoneManagerStateMachine.java:notifyConfigurationChanged(202)) - Received Configuration change notification from Ratis. New Peer list:
[id: "om1"
address: "localhost:15007"
startupRole: FOLLOWER
]
2023-09-08 11:16:20,472 [main] INFO  ozone.HddsDatanodeService (HddsDatanodeService.java:start(237)) - HddsDatanodeService host:fv-az203-160.hq41me5fykbulac445kfrvsskg.dx.internal.cloudapp.net ip:10.1.0.72
2023-09-08 11:16:20,518 [main] INFO  upgrade.AbstractLayoutVersionManager (AbstractLayoutVersionManager.java:init(83)) - Initializing Layout version manager with metadata layout = HADOOP_PRC_PORTS_IN_DATANODEDETAILS (version = 7), software layout = HADOOP_PRC_PORTS_IN_DATANODEDETAILS (version = 7)
2023-09-08 11:16:20,519 [main] INFO  statemachine.DatanodeStateMachine (DatanodeStateMachine.java:getEndPointTaskThreadPoolSize(282)) - Datanode State Machine Task Thread Pool size 2
2023-09-08 11:16:20,529 [main] INFO  volume.HddsVolume (HddsVolume.java:<init>(126)) - Creating HddsVolume: /home/runner/work/ozone/ozone/hadoop-ozone/integration-test/target/test-dir/MiniOzoneClusterImpl-4b7384aa-5f33-426b-b021-b584800a716a/datanode-1/data-0/containers/hdds of storage type : DISK capacity : 9223372036854775807
2023-09-08 11:16:20,530 [main] INFO  volume.MutableVolumeSet (MutableVolumeSet.java:initializeVolumeSet(173)) - Added Volume : /home/runner/work/ozone/ozone/hadoop-ozone/integration-test/target/test-dir/MiniOzoneClusterImpl-4b7384aa-5f33-426b-b021-b584800a716a/datanode-1/data-0/containers/hdds to VolumeSet
2023-09-08 11:16:20,534 [main] INFO  volume.MutableVolumeSet (MutableVolumeSet.java:initializeVolumeSet(173)) - Added Volume : /home/runner/work/ozone/ozone/hadoop-ozone/integration-test/target/test-dir/MiniOzoneClusterImpl-4b7384aa-5f33-426b-b021-b584800a716a/datanode-1/data/ratis to VolumeSet
2023-09-08 11:16:20,543 [Thread-159] INFO  ozoneimpl.ContainerReader (ContainerReader.java:readVolume(177)) - Finish verifying containers on volume /home/runner/work/ozone/ozone/hadoop-ozone/integration-test/target/test-dir/MiniOzoneClusterImpl-4b7384aa-5f33-426b-b021-b584800a716a/datanode-1/data-0/containers/hdds
2023-09-08 11:16:20,544 [main] INFO  ozoneimpl.OzoneContainer (OzoneContainer.java:buildContainerSet(314)) - Build ContainerSet costs 0s
2023-09-08 11:16:20,554 [main] INFO  server.RaftServer (ConfUtils.java:logGet(46)) - raft.rpc.type = GRPC (default)
2023-09-08 11:16:20,556 [main] INFO  grpc.GrpcConfigKeys (ConfUtils.java:logFallback(53)) - raft.grpc.admin.host = null (fallback to raft.grpc.server.host)
2023-09-08 11:16:20,556 [main] INFO  grpc.GrpcConfigKeys (ConfUtils.java:logGet(46)) - raft.grpc.admin.port = 15022 (custom)
2023-09-08 11:16:20,556 [main] INFO  grpc.GrpcConfigKeys (ConfUtils.java:logFallback(53)) - raft.grpc.client.host = null (fallback to raft.grpc.server.host)
2023-09-08 11:16:20,557 [main] INFO  grpc.GrpcConfigKeys (ConfUtils.java:logGet(46)) - raft.grpc.client.port = 15021 (custom)
2023-09-08 11:16:20,557 [main] INFO  grpc.GrpcConfigKeys (ConfUtils.java:logGet(46)) - raft.grpc.server.host = null (default)
2023-09-08 11:16:20,559 [main] INFO  grpc.GrpcConfigKeys (ConfUtils.java:logGet(46)) - raft.grpc.server.port = 15023 (custom)
2023-09-08 11:16:20,559 [main] INFO  server.GrpcService (ConfUtils.java:logGet(46)) - raft.grpc.message.size.max = 32MB (=33554432) (custom)
2023-09-08 11:16:20,559 [main] INFO  server.RaftServerConfigKeys (ConfUtils.java:logGet(46)) - raft.server.log.appender.buffer.byte-limit = 33554432 (custom)
2023-09-08 11:16:20,561 [main] INFO  server.GrpcService (ConfUtils.java:logGet(46)) - raft.grpc.flow.control.window = 5MB (=5242880) (custom)
2023-09-08 11:16:20,561 [main] INFO  server.RaftServerConfigKeys (ConfUtils.java:logGet(46)) - raft.server.rpc.request.timeout = 60s (custom)
2023-09-08 11:16:20,561 [main] INFO  grpc.GrpcConfigKeys (ConfUtils.java:logGet(46)) - raft.grpc.server.heartbeat.channel = true (default)
2023-09-08 11:16:20,561 [main] INFO  grpc.GrpcConfigKeys (ConfUtils.java:logGet(46)) - raft.grpc.server.async.request.thread.pool.cached = true (default)
2023-09-08 11:16:20,561 [main] INFO  grpc.GrpcConfigKeys (ConfUtils.java:logGet(46)) - raft.grpc.server.async.request.thread.pool.size = 32 (default)
2023-09-08 11:16:20,567 [main] INFO  impl.DataStreamServerImpl (ConfUtils.java:logGet(46)) - raft.datastream.type = NETTY (custom)
2023-09-08 11:16:20,571 [main] INFO  server.RaftServerConfigKeys (ConfUtils.java:logGet(46)) - raft.server.data-stream.async.request.thread.pool.cached = false (default)
2023-09-08 11:16:20,572 [main] INFO  server.RaftServerConfigKeys (ConfUtils.java:logGet(46)) - raft.server.data-stream.async.request.thread.pool.size = 20 (custom)
2023-09-08 11:16:20,572 [main] INFO  server.RaftServerConfigKeys (ConfUtils.java:logGet(46)) - raft.server.data-stream.async.write.thread.pool.size = 16 (default)
2023-09-08 11:16:20,572 [main] INFO  server.RaftServerConfigKeys (ConfUtils.java:logGet(46)) - raft.server.data-stream.client.pool.size = 10 (default)
2023-09-08 11:16:20,572 [main] INFO  netty.NettyConfigKeys$DataStream (ConfUtils.java:logGet(46)) - raft.netty.dataStream.server.use-epoll = false (default)
2023-09-08 11:16:20,572 [main] INFO  netty.NettyConfigKeys$DataStream (ConfUtils.java:logGet(46)) - raft.netty.dataStream.server.boss-group.size = 0 (default)
2023-09-08 11:16:20,574 [main] INFO  netty.NettyConfigKeys$DataStream (ConfUtils.java:logGet(46)) - raft.netty.dataStream.server.worker-group.size = 0 (default)
2023-09-08 11:16:20,576 [main] INFO  netty.NettyConfigKeys$DataStream (ConfUtils.java:logGet(46)) - raft.netty.dataStream.server.tls.conf = null (default)
2023-09-08 11:16:20,576 [main] INFO  netty.NettyConfigKeys$DataStream (ConfUtils.java:logGet(46)) - raft.netty.dataStream.host = null (default)
2023-09-08 11:16:20,576 [main] INFO  netty.NettyConfigKeys$DataStream (ConfUtils.java:logGet(46)) - raft.netty.dataStream.port = 15024 (custom)
2023-09-08 11:16:20,581 [main] INFO  server.RaftServerConfigKeys (ConfUtils.java:logGet(46)) - raft.server.threadpool.proxy.cached = true (default)
2023-09-08 11:16:20,582 [main] INFO  server.RaftServerConfigKeys (ConfUtils.java:logGet(46)) - raft.server.threadpool.proxy.size = 0 (default)
2023-09-08 11:16:20,582 [main] INFO  server.RaftServerConfigKeys (ConfUtils.java:logGet(46)) - raft.server.rpc.slowness.timeout = 300s (custom)
2023-09-08 11:16:20,582 [main] INFO  server.RaftServerConfigKeys (ConfUtils.java:logGet(46)) - raft.server.leaderelection.leader.step-down.wait-time = 10s (default)
2023-09-08 11:16:20,582 [main] INFO  server.RaftServerConfigKeys (ConfUtils.java:logGet(46)) - raft.server.storage.dir = [/home/runner/work/ozone/ozone/hadoop-ozone/integration-test/target/test-dir/MiniOzoneClusterImpl-4b7384aa-5f33-426b-b021-b584800a716a/datanode-1/data/ratis] (custom)
2023-09-08 11:16:20,592 [a3bbae93-4dbd-48a8-b7ec-9de03e51f535-NettyServerStreamRpc-bossGroup--thread1] INFO  logging.LoggingHandler (AbstractInternalLogger.java:log(148)) - [id: 0xb8e2f2c2] REGISTERED
2023-09-08 11:16:20,593 [a3bbae93-4dbd-48a8-b7ec-9de03e51f535-NettyServerStreamRpc-bossGroup--thread1] INFO  logging.LoggingHandler (AbstractInternalLogger.java:log(148)) - [id: 0xb8e2f2c2] BIND: 0.0.0.0/0.0.0.0:15024
2023-09-08 11:16:20,593 [a3bbae93-4dbd-48a8-b7ec-9de03e51f535-NettyServerStreamRpc-bossGroup--thread1] INFO  logging.LoggingHandler (AbstractInternalLogger.java:log(148)) - [id: 0xb8e2f2c2, L:/0:0:0:0:0:0:0:0:15024] ACTIVE
2023-09-08 11:16:20,594 [a3bbae93-4dbd-48a8-b7ec-9de03e51f535-impl-thread1] INFO  server.RaftServer (RaftServerProxy.java:initGroupDir(258)) - a3bbae93-4dbd-48a8-b7ec-9de03e51f535: found a subdirectory /home/runner/work/ozone/ozone/hadoop-ozone/integration-test/target/test-dir/MiniOzoneClusterImpl-4b7384aa-5f33-426b-b021-b584800a716a/datanode-1/data/ratis/tmp
2023-09-08 11:16:20,596 [a3bbae93-4dbd-48a8-b7ec-9de03e51f535-impl-thread1] INFO  server.RaftServer (RaftServerProxy.java:initGroupDir(263)) - a3bbae93-4dbd-48a8-b7ec-9de03e51f535: The directory /home/runner/work/ozone/ozone/hadoop-ozone/integration-test/target/test-dir/MiniOzoneClusterImpl-4b7384aa-5f33-426b-b021-b584800a716a/datanode-1/data/ratis/tmp is not a group directory; ignoring it. 
2023-09-08 11:16:20,596 [main] INFO  replication.ReplicationServer (ReplicationServer.java:<init>(81)) - Initializing replication server with thread count = 10
2023-09-08 11:16:20,598 [main] INFO  server.XceiverServerGrpc (XceiverServerGrpc.java:<init>(132)) - GrpcServer channel type EpollServerSocketChannel
2023-09-08 11:16:20,601 [main] INFO  replication.ReplicationSupervisor (ReplicationSupervisor.java:build(155)) - Initializing replication supervisor with thread count = 10
2023-09-08 11:16:20,602 [main] INFO  replication.ReplicationSupervisor (ReplicationSupervisor.java:nodeStateUpdated(307)) - Node state updated to IN_SERVICE, scaling executor pool size to 10
2023-09-08 11:16:20,605 [main] INFO  http.BaseHttpServer (BaseHttpServer.java:newHttpServer2BuilderForOzone(223)) - Starting Web-server for hddsDatanode at: http://0.0.0.0:15018
2023-09-08 11:16:20,605 [main] INFO  http.BaseHttpServer (BaseHttpServer.java:<init>(110)) - Hadoop Security Enabled: false Ozone Security Enabled: false Ozone HTTP Security Enabled: false 
2023-09-08 11:16:20,607 [main] WARN  server.AuthenticationFilter (AuthenticationFilter.java:constructSecretProvider(240)) - Unable to initialize FileSignerSecretProvider, falling back to use random secrets. Reason: Could not read signature secret file: /home/runner/hadoop-http-auth-signature-secret
2023-09-08 11:16:20,608 [main] INFO  http.HttpRequestLog (HttpRequestLog.java:getRequestLog(86)) - Http request log for http.requests.hddsDatanode is not defined
2023-09-08 11:16:20,611 [main] INFO  http.HttpServer2 (HttpServer2.java:addGlobalFilter(1031)) - Added global filter 'safety' (class=org.apache.hadoop.hdds.server.http.HttpServer2$QuotingInputFilter)
2023-09-08 11:16:20,612 [main] INFO  http.HttpServer2 (HttpServer2.java:addFilter(1007)) - Added filter static_user_filter (class=org.apache.hadoop.http.lib.StaticUserWebFilter$StaticUserFilter) to context hddsDatanode
2023-09-08 11:16:20,612 [main] INFO  http.HttpServer2 (HttpServer2.java:addFilter(1015)) - Added filter static_user_filter (class=org.apache.hadoop.http.lib.StaticUserWebFilter$StaticUserFilter) to context static
2023-09-08 11:16:20,613 [main] INFO  http.HttpServer2 (HttpServer2.java:addFilter(1015)) - Added filter static_user_filter (class=org.apache.hadoop.http.lib.StaticUserWebFilter$StaticUserFilter) to context logs
2023-09-08 11:16:20,613 [main] INFO  http.BaseHttpServer (BaseHttpServer.java:<init>(189)) - HTTP server of hddsDatanode uses base directory /home/runner/work/ozone/ozone/hadoop-ozone/integration-test/target/test-dir/MiniOzoneClusterImpl-4b7384aa-5f33-426b-b021-b584800a716a/datanode-1/meta/webserver
2023-09-08 11:16:20,614 [main] INFO  http.HttpServer2 (HttpServer2.java:bindListener(1231)) - Jetty bound to port 15018
2023-09-08 11:16:20,614 [main] INFO  server.Server (Server.java:doStart(375)) - jetty-9.4.51.v20230217; built: 2023-02-17T08:19:37.309Z; git: b45c405e4544384de066f814ed42ae3dceacdd49; jvm 1.8.0_382-b05
2023-09-08 11:16:20,620 [main] INFO  server.session (DefaultSessionIdManager.java:doStart(334)) - DefaultSessionIdManager workerName=node0
2023-09-08 11:16:20,620 [main] INFO  server.session (DefaultSessionIdManager.java:doStart(339)) - No SessionScavenger set, using defaults
2023-09-08 11:16:20,621 [main] INFO  server.session (HouseKeeper.java:startScavenging(132)) - node0 Scavenging every 600000ms
2023-09-08 11:16:20,627 [main] INFO  handler.ContextHandler (ContextHandler.java:doStart(921)) - Started o.e.j.s.ServletContextHandler@40574edf{logs,/logs,file:///home/runner/work/ozone/ozone/hadoop-ozone/integration-test/target/log,AVAILABLE}
2023-09-08 11:16:20,628 [main] INFO  handler.ContextHandler (ContextHandler.java:doStart(921)) - Started o.e.j.s.ServletContextHandler@6aecf059{static,/static,jar:file:/home/runner/.m2/repository/org/apache/ozone/hdds-container-service/1.4.0-SNAPSHOT/hdds-container-service-1.4.0-SNAPSHOT.jar!/webapps/static,AVAILABLE}
2023-09-08 11:16:20,750 [Datanode State Machine Task Thread - 0] INFO  datanode.InitDatanodeState (InitDatanodeState.java:persistContainerDatanodeDetails(138)) - DatanodeDetails is persisted to /home/runner/work/ozone/ozone/hadoop-ozone/integration-test/target/test-dir/MiniOzoneClusterImpl-4b7384aa-5f33-426b-b021-b584800a716a/datanode-0/meta/datanode.id
2023-09-08 11:16:20,896 [main] INFO  handler.ContextHandler (ContextHandler.java:doStart(921)) - Started o.e.j.w.WebAppContext@d28b90b{hddsDatanode,/,file:///home/runner/work/ozone/ozone/hadoop-ozone/integration-test/target/test-dir/MiniOzoneClusterImpl-4b7384aa-5f33-426b-b021-b584800a716a/datanode-1/meta/webserver/jetty-0_0_0_0-15018-hdds-container-service-1_4_0-SNAPSHOT_jar-_-any-1520852413622511050/webapp/,AVAILABLE}{jar:file:/home/runner/.m2/repository/org/apache/ozone/hdds-container-service/1.4.0-SNAPSHOT/hdds-container-service-1.4.0-SNAPSHOT.jar!/webapps/hddsDatanode}
2023-09-08 11:16:20,898 [main] INFO  server.AbstractConnector (AbstractConnector.java:doStart(333)) - Started ServerConnector@7b976364{HTTP/1.1, (http/1.1)}{0.0.0.0:15018}
2023-09-08 11:16:20,898 [main] INFO  server.Server (Server.java:doStart(415)) - Started @11680ms
2023-09-08 11:16:20,898 [main] WARN  impl.MetricsSystemImpl (MetricsSystemImpl.java:register(279)) - Sink prometheus already exists!
2023-09-08 11:16:20,899 [main] INFO  http.BaseHttpServer (BaseHttpServer.java:updateConnectorAddress(354)) - HTTP server of hddsDatanode listening at http://0.0.0.0:15018
2023-09-08 11:16:20,899 [main] INFO  ipc.CallQueueManager (CallQueueManager.java:<init>(90)) - Using callQueue: class java.util.concurrent.LinkedBlockingQueue, queueCapacity: 100, scheduler: class org.apache.hadoop.ipc.DefaultRpcScheduler, ipcBackoff: false.
2023-09-08 11:16:20,900 [main] INFO  ipc.Server (Server.java:<init>(1287)) - Listener at 0.0.0.0:15019
2023-09-08 11:16:20,900 [Socket Reader #1 for port 15019] INFO  ipc.Server (Server.java:run(1323)) - Starting Socket Reader #1 for port 15019
2023-09-08 11:16:20,902 [main] INFO  ozone.HddsDatanodeService (HddsDatanodeService.java:start(315)) - Datanode start with admins: [runner]
2023-09-08 11:16:20,909 [main] INFO  ozone.HddsDatanodeClientProtocolServer (HddsDatanodeClientProtocolServer.java:start(72)) - RPC server for Client /0.0.0.0:15019
2023-09-08 11:16:20,915 [IPC Server Responder] INFO  ipc.Server (Server.java:run(1562)) - IPC Server Responder: starting
2023-09-08 11:16:20,917 [IPC Server listener on 15019] INFO  ipc.Server (Server.java:run(1402)) - IPC Server listener on 15019: starting
2023-09-08 11:16:20,918 [main] WARN  impl.MetricRegistriesImpl (MetricRegistriesImpl.java:addReporterRegistration(111)) - New reporters are added after registries were created. Some metrics will be missing from the reporter. Please add reporter before adding any new registry.
2023-09-08 11:16:20,918 [main] WARN  impl.MetricRegistriesImpl (MetricRegistriesImpl.java:addReporterRegistration(111)) - New reporters are added after registries were created. Some metrics will be missing from the reporter. Please add reporter before adding any new registry.
2023-09-08 11:16:20,918 [main] INFO  impl.MetricsSystemImpl (MetricsSystemImpl.java:init(158)) - HddsDatanode metrics system started (again)
2023-09-08 11:16:20,927 [Datanode State Machine Daemon Thread] INFO  statemachine.DatanodeStateMachine (DatanodeStateMachine.java:lambda$startDaemon$0(538)) - Ozone container server started.
2023-09-08 11:16:20,949 [Datanode State Machine Task Thread - 0] INFO  datanode.InitDatanodeState (InitDatanodeState.java:persistContainerDatanodeDetails(138)) - DatanodeDetails is persisted to /home/runner/work/ozone/ozone/hadoop-ozone/integration-test/target/test-dir/MiniOzoneClusterImpl-4b7384aa-5f33-426b-b021-b584800a716a/datanode-1/meta/datanode.id
2023-09-08 11:16:20,955 [main] INFO  ozone.HddsDatanodeService (HddsDatanodeService.java:start(237)) - HddsDatanodeService host:fv-az203-160.hq41me5fykbulac445kfrvsskg.dx.internal.cloudapp.net ip:10.1.0.72
2023-09-08 11:16:20,987 [main] INFO  upgrade.AbstractLayoutVersionManager (AbstractLayoutVersionManager.java:init(83)) - Initializing Layout version manager with metadata layout = HADOOP_PRC_PORTS_IN_DATANODEDETAILS (version = 7), software layout = HADOOP_PRC_PORTS_IN_DATANODEDETAILS (version = 7)
2023-09-08 11:16:20,988 [main] INFO  statemachine.DatanodeStateMachine (DatanodeStateMachine.java:getEndPointTaskThreadPoolSize(282)) - Datanode State Machine Task Thread Pool size 2
2023-09-08 11:16:20,991 [main] INFO  volume.HddsVolume (HddsVolume.java:<init>(126)) - Creating HddsVolume: /home/runner/work/ozone/ozone/hadoop-ozone/integration-test/target/test-dir/MiniOzoneClusterImpl-4b7384aa-5f33-426b-b021-b584800a716a/datanode-2/data-0/containers/hdds of storage type : DISK capacity : 9223372036854775807
2023-09-08 11:16:20,992 [main] INFO  volume.MutableVolumeSet (MutableVolumeSet.java:initializeVolumeSet(173)) - Added Volume : /home/runner/work/ozone/ozone/hadoop-ozone/integration-test/target/test-dir/MiniOzoneClusterImpl-4b7384aa-5f33-426b-b021-b584800a716a/datanode-2/data-0/containers/hdds to VolumeSet
2023-09-08 11:16:20,999 [main] INFO  volume.MutableVolumeSet (MutableVolumeSet.java:initializeVolumeSet(173)) - Added Volume : /home/runner/work/ozone/ozone/hadoop-ozone/integration-test/target/test-dir/MiniOzoneClusterImpl-4b7384aa-5f33-426b-b021-b584800a716a/datanode-2/data/ratis to VolumeSet
2023-09-08 11:16:21,002 [Thread-176] INFO  ozoneimpl.ContainerReader (ContainerReader.java:readVolume(177)) - Finish verifying containers on volume /home/runner/work/ozone/ozone/hadoop-ozone/integration-test/target/test-dir/MiniOzoneClusterImpl-4b7384aa-5f33-426b-b021-b584800a716a/datanode-2/data-0/containers/hdds
2023-09-08 11:16:21,002 [main] INFO  ozoneimpl.OzoneContainer (OzoneContainer.java:buildContainerSet(314)) - Build ContainerSet costs 0s
2023-09-08 11:16:21,009 [main] INFO  server.RaftServer (ConfUtils.java:logGet(46)) - raft.rpc.type = GRPC (default)
2023-09-08 11:16:21,009 [main] INFO  grpc.GrpcConfigKeys (ConfUtils.java:logFallback(53)) - raft.grpc.admin.host = null (fallback to raft.grpc.server.host)
2023-09-08 11:16:21,009 [main] INFO  grpc.GrpcConfigKeys (ConfUtils.java:logGet(46)) - raft.grpc.admin.port = 15031 (custom)
2023-09-08 11:16:21,009 [main] INFO  grpc.GrpcConfigKeys (ConfUtils.java:logFallback(53)) - raft.grpc.client.host = null (fallback to raft.grpc.server.host)
2023-09-08 11:16:21,010 [main] INFO  grpc.GrpcConfigKeys (ConfUtils.java:logGet(46)) - raft.grpc.client.port = 15030 (custom)
2023-09-08 11:16:21,010 [main] INFO  grpc.GrpcConfigKeys (ConfUtils.java:logGet(46)) - raft.grpc.server.host = null (default)
2023-09-08 11:16:21,010 [main] INFO  grpc.GrpcConfigKeys (ConfUtils.java:logGet(46)) - raft.grpc.server.port = 15032 (custom)
2023-09-08 11:16:21,010 [main] INFO  server.GrpcService (ConfUtils.java:logGet(46)) - raft.grpc.message.size.max = 32MB (=33554432) (custom)
2023-09-08 11:16:21,010 [main] INFO  server.RaftServerConfigKeys (ConfUtils.java:logGet(46)) - raft.server.log.appender.buffer.byte-limit = 33554432 (custom)
2023-09-08 11:16:21,010 [main] INFO  server.GrpcService (ConfUtils.java:logGet(46)) - raft.grpc.flow.control.window = 5MB (=5242880) (custom)
2023-09-08 11:16:21,011 [main] INFO  server.RaftServerConfigKeys (ConfUtils.java:logGet(46)) - raft.server.rpc.request.timeout = 60s (custom)
2023-09-08 11:16:21,011 [main] INFO  grpc.GrpcConfigKeys (ConfUtils.java:logGet(46)) - raft.grpc.server.heartbeat.channel = true (default)
2023-09-08 11:16:21,011 [main] INFO  grpc.GrpcConfigKeys (ConfUtils.java:logGet(46)) - raft.grpc.server.async.request.thread.pool.cached = true (default)
2023-09-08 11:16:21,011 [main] INFO  grpc.GrpcConfigKeys (ConfUtils.java:logGet(46)) - raft.grpc.server.async.request.thread.pool.size = 32 (default)
2023-09-08 11:16:21,014 [main] INFO  impl.DataStreamServerImpl (ConfUtils.java:logGet(46)) - raft.datastream.type = NETTY (custom)
2023-09-08 11:16:21,015 [main] INFO  server.RaftServerConfigKeys (ConfUtils.java:logGet(46)) - raft.server.data-stream.async.request.thread.pool.cached = false (default)
2023-09-08 11:16:21,015 [main] INFO  server.RaftServerConfigKeys (ConfUtils.java:logGet(46)) - raft.server.data-stream.async.request.thread.pool.size = 20 (custom)
2023-09-08 11:16:21,015 [main] INFO  server.RaftServerConfigKeys (ConfUtils.java:logGet(46)) - raft.server.data-stream.async.write.thread.pool.size = 16 (default)
2023-09-08 11:16:21,015 [main] INFO  server.RaftServerConfigKeys (ConfUtils.java:logGet(46)) - raft.server.data-stream.client.pool.size = 10 (default)
2023-09-08 11:16:21,015 [main] INFO  netty.NettyConfigKeys$DataStream (ConfUtils.java:logGet(46)) - raft.netty.dataStream.server.use-epoll = false (default)
2023-09-08 11:16:21,015 [main] INFO  netty.NettyConfigKeys$DataStream (ConfUtils.java:logGet(46)) - raft.netty.dataStream.server.boss-group.size = 0 (default)
2023-09-08 11:16:21,016 [main] INFO  netty.NettyConfigKeys$DataStream (ConfUtils.java:logGet(46)) - raft.netty.dataStream.server.worker-group.size = 0 (default)
2023-09-08 11:16:21,016 [main] INFO  netty.NettyConfigKeys$DataStream (ConfUtils.java:logGet(46)) - raft.netty.dataStream.server.tls.conf = null (default)
2023-09-08 11:16:21,016 [main] INFO  netty.NettyConfigKeys$DataStream (ConfUtils.java:logGet(46)) - raft.netty.dataStream.host = null (default)
2023-09-08 11:16:21,017 [main] INFO  netty.NettyConfigKeys$DataStream (ConfUtils.java:logGet(46)) - raft.netty.dataStream.port = 15033 (custom)
2023-09-08 11:16:21,017 [main] INFO  server.RaftServerConfigKeys (ConfUtils.java:logGet(46)) - raft.server.threadpool.proxy.cached = true (default)
2023-09-08 11:16:21,017 [main] INFO  server.RaftServerConfigKeys (ConfUtils.java:logGet(46)) - raft.server.threadpool.proxy.size = 0 (default)
2023-09-08 11:16:21,018 [main] INFO  server.RaftServerConfigKeys (ConfUtils.java:logGet(46)) - raft.server.rpc.slowness.timeout = 300s (custom)
2023-09-08 11:16:21,018 [main] INFO  server.RaftServerConfigKeys (ConfUtils.java:logGet(46)) - raft.server.leaderelection.leader.step-down.wait-time = 10s (default)
2023-09-08 11:16:21,018 [main] INFO  server.RaftServerConfigKeys (ConfUtils.java:logGet(46)) - raft.server.storage.dir = [/home/runner/work/ozone/ozone/hadoop-ozone/integration-test/target/test-dir/MiniOzoneClusterImpl-4b7384aa-5f33-426b-b021-b584800a716a/datanode-2/data/ratis] (custom)
2023-09-08 11:16:21,022 [89f84e8b-2e80-4453-8736-c86c7ce839d9-NettyServerStreamRpc-bossGroup--thread1] INFO  logging.LoggingHandler (AbstractInternalLogger.java:log(148)) - [id: 0xb617b6de] REGISTERED
2023-09-08 11:16:21,022 [89f84e8b-2e80-4453-8736-c86c7ce839d9-impl-thread1] INFO  server.RaftServer (RaftServerProxy.java:initGroupDir(258)) - 89f84e8b-2e80-4453-8736-c86c7ce839d9: found a subdirectory /home/runner/work/ozone/ozone/hadoop-ozone/integration-test/target/test-dir/MiniOzoneClusterImpl-4b7384aa-5f33-426b-b021-b584800a716a/datanode-2/data/ratis/tmp
2023-09-08 11:16:21,023 [89f84e8b-2e80-4453-8736-c86c7ce839d9-impl-thread1] INFO  server.RaftServer (RaftServerProxy.java:initGroupDir(263)) - 89f84e8b-2e80-4453-8736-c86c7ce839d9: The directory /home/runner/work/ozone/ozone/hadoop-ozone/integration-test/target/test-dir/MiniOzoneClusterImpl-4b7384aa-5f33-426b-b021-b584800a716a/datanode-2/data/ratis/tmp is not a group directory; ignoring it. 
2023-09-08 11:16:21,023 [89f84e8b-2e80-4453-8736-c86c7ce839d9-NettyServerStreamRpc-bossGroup--thread1] INFO  logging.LoggingHandler (AbstractInternalLogger.java:log(148)) - [id: 0xb617b6de] BIND: 0.0.0.0/0.0.0.0:15033
2023-09-08 11:16:21,023 [89f84e8b-2e80-4453-8736-c86c7ce839d9-NettyServerStreamRpc-bossGroup--thread1] INFO  logging.LoggingHandler (AbstractInternalLogger.java:log(148)) - [id: 0xb617b6de, L:/0:0:0:0:0:0:0:0:15033] ACTIVE
2023-09-08 11:16:21,023 [main] INFO  replication.ReplicationServer (ReplicationServer.java:<init>(81)) - Initializing replication server with thread count = 10
2023-09-08 11:16:21,025 [main] INFO  server.XceiverServerGrpc (XceiverServerGrpc.java:<init>(132)) - GrpcServer channel type EpollServerSocketChannel
2023-09-08 11:16:21,028 [main] INFO  replication.ReplicationSupervisor (ReplicationSupervisor.java:build(155)) - Initializing replication supervisor with thread count = 10
2023-09-08 11:16:21,029 [main] INFO  replication.ReplicationSupervisor (ReplicationSupervisor.java:nodeStateUpdated(307)) - Node state updated to IN_SERVICE, scaling executor pool size to 10
2023-09-08 11:16:21,032 [main] INFO  http.BaseHttpServer (BaseHttpServer.java:newHttpServer2BuilderForOzone(223)) - Starting Web-server for hddsDatanode at: http://0.0.0.0:15027
2023-09-08 11:16:21,032 [main] INFO  http.BaseHttpServer (BaseHttpServer.java:<init>(110)) - Hadoop Security Enabled: false Ozone Security Enabled: false Ozone HTTP Security Enabled: false 
2023-09-08 11:16:21,033 [main] WARN  server.AuthenticationFilter (AuthenticationFilter.java:constructSecretProvider(240)) - Unable to initialize FileSignerSecretProvider, falling back to use random secrets. Reason: Could not read signature secret file: /home/runner/hadoop-http-auth-signature-secret
2023-09-08 11:16:21,034 [main] INFO  http.HttpRequestLog (HttpRequestLog.java:getRequestLog(86)) - Http request log for http.requests.hddsDatanode is not defined
2023-09-08 11:16:21,036 [main] INFO  http.HttpServer2 (HttpServer2.java:addGlobalFilter(1031)) - Added global filter 'safety' (class=org.apache.hadoop.hdds.server.http.HttpServer2$QuotingInputFilter)
2023-09-08 11:16:21,037 [main] INFO  http.HttpServer2 (HttpServer2.java:addFilter(1007)) - Added filter static_user_filter (class=org.apache.hadoop.http.lib.StaticUserWebFilter$StaticUserFilter) to context hddsDatanode
2023-09-08 11:16:21,038 [main] INFO  http.HttpServer2 (HttpServer2.java:addFilter(1015)) - Added filter static_user_filter (class=org.apache.hadoop.http.lib.StaticUserWebFilter$StaticUserFilter) to context static
2023-09-08 11:16:21,038 [main] INFO  http.HttpServer2 (HttpServer2.java:addFilter(1015)) - Added filter static_user_filter (class=org.apache.hadoop.http.lib.StaticUserWebFilter$StaticUserFilter) to context logs
2023-09-08 11:16:21,039 [main] INFO  http.BaseHttpServer (BaseHttpServer.java:<init>(189)) - HTTP server of hddsDatanode uses base directory /home/runner/work/ozone/ozone/hadoop-ozone/integration-test/target/test-dir/MiniOzoneClusterImpl-4b7384aa-5f33-426b-b021-b584800a716a/datanode-2/meta/webserver
2023-09-08 11:16:21,039 [main] INFO  http.HttpServer2 (HttpServer2.java:bindListener(1231)) - Jetty bound to port 15027
2023-09-08 11:16:21,039 [main] INFO  server.Server (Server.java:doStart(375)) - jetty-9.4.51.v20230217; built: 2023-02-17T08:19:37.309Z; git: b45c405e4544384de066f814ed42ae3dceacdd49; jvm 1.8.0_382-b05
2023-09-08 11:16:21,044 [main] INFO  server.session (DefaultSessionIdManager.java:doStart(334)) - DefaultSessionIdManager workerName=node0
2023-09-08 11:16:21,044 [main] INFO  server.session (DefaultSessionIdManager.java:doStart(339)) - No SessionScavenger set, using defaults
2023-09-08 11:16:21,044 [main] INFO  server.session (HouseKeeper.java:startScavenging(132)) - node0 Scavenging every 660000ms
2023-09-08 11:16:21,046 [main] INFO  handler.ContextHandler (ContextHandler.java:doStart(921)) - Started o.e.j.s.ServletContextHandler@2bad9fbb{logs,/logs,file:///home/runner/work/ozone/ozone/hadoop-ozone/integration-test/target/log,AVAILABLE}
2023-09-08 11:16:21,047 [main] INFO  handler.ContextHandler (ContextHandler.java:doStart(921)) - Started o.e.j.s.ServletContextHandler@1f43dd07{static,/static,jar:file:/home/runner/.m2/repository/org/apache/ozone/hdds-container-service/1.4.0-SNAPSHOT/hdds-container-service-1.4.0-SNAPSHOT.jar!/webapps/static,AVAILABLE}
2023-09-08 11:16:21,288 [main] INFO  handler.ContextHandler (ContextHandler.java:doStart(921)) - Started o.e.j.w.WebAppContext@2e33190f{hddsDatanode,/,file:///home/runner/work/ozone/ozone/hadoop-ozone/integration-test/target/test-dir/MiniOzoneClusterImpl-4b7384aa-5f33-426b-b021-b584800a716a/datanode-2/meta/webserver/jetty-0_0_0_0-15027-hdds-container-service-1_4_0-SNAPSHOT_jar-_-any-5213703811849081024/webapp/,AVAILABLE}{jar:file:/home/runner/.m2/repository/org/apache/ozone/hdds-container-service/1.4.0-SNAPSHOT/hdds-container-service-1.4.0-SNAPSHOT.jar!/webapps/hddsDatanode}
2023-09-08 11:16:21,290 [main] INFO  server.AbstractConnector (AbstractConnector.java:doStart(333)) - Started ServerConnector@14d9e3e1{HTTP/1.1, (http/1.1)}{0.0.0.0:15027}
2023-09-08 11:16:21,290 [main] INFO  server.Server (Server.java:doStart(415)) - Started @12072ms
2023-09-08 11:16:21,290 [main] WARN  impl.MetricsSystemImpl (MetricsSystemImpl.java:register(279)) - Sink prometheus already exists!
2023-09-08 11:16:21,293 [main] INFO  http.BaseHttpServer (BaseHttpServer.java:updateConnectorAddress(354)) - HTTP server of hddsDatanode listening at http://0.0.0.0:15027
2023-09-08 11:16:21,293 [main] INFO  ipc.CallQueueManager (CallQueueManager.java:<init>(90)) - Using callQueue: class java.util.concurrent.LinkedBlockingQueue, queueCapacity: 100, scheduler: class org.apache.hadoop.ipc.DefaultRpcScheduler, ipcBackoff: false.
2023-09-08 11:16:21,294 [main] INFO  ipc.Server (Server.java:<init>(1287)) - Listener at 0.0.0.0:15028
2023-09-08 11:16:21,295 [Socket Reader #1 for port 15028] INFO  ipc.Server (Server.java:run(1323)) - Starting Socket Reader #1 for port 15028
2023-09-08 11:16:21,297 [main] INFO  ozone.HddsDatanodeService (HddsDatanodeService.java:start(315)) - Datanode start with admins: [runner]
2023-09-08 11:16:21,298 [main] INFO  ozone.HddsDatanodeClientProtocolServer (HddsDatanodeClientProtocolServer.java:start(72)) - RPC server for Client /0.0.0.0:15028
2023-09-08 11:16:21,299 [IPC Server Responder] INFO  ipc.Server (Server.java:run(1562)) - IPC Server Responder: starting
2023-09-08 11:16:21,303 [Datanode State Machine Daemon Thread] INFO  statemachine.DatanodeStateMachine (DatanodeStateMachine.java:lambda$startDaemon$0(538)) - Ozone container server started.
2023-09-08 11:16:21,307 [main] WARN  impl.MetricRegistriesImpl (MetricRegistriesImpl.java:addReporterRegistration(111)) - New reporters are added after registries were created. Some metrics will be missing from the reporter. Please add reporter before adding any new registry.
2023-09-08 11:16:21,307 [main] WARN  impl.MetricRegistriesImpl (MetricRegistriesImpl.java:addReporterRegistration(111)) - New reporters are added after registries were created. Some metrics will be missing from the reporter. Please add reporter before adding any new registry.
2023-09-08 11:16:21,307 [main] INFO  impl.MetricsSystemImpl (MetricsSystemImpl.java:init(158)) - HddsDatanode metrics system started (again)
2023-09-08 11:16:21,311 [IPC Server listener on 15028] INFO  ipc.Server (Server.java:run(1402)) - IPC Server listener on 15028: starting
2023-09-08 11:16:21,311 [Datanode State Machine Task Thread - 0] INFO  datanode.InitDatanodeState (InitDatanodeState.java:persistContainerDatanodeDetails(138)) - DatanodeDetails is persisted to /home/runner/work/ozone/ozone/hadoop-ozone/integration-test/target/test-dir/MiniOzoneClusterImpl-4b7384aa-5f33-426b-b021-b584800a716a/datanode-2/meta/datanode.id
2023-09-08 11:16:21,327 [main] INFO  ozone.HddsDatanodeService (HddsDatanodeService.java:start(237)) - HddsDatanodeService host:fv-az203-160.hq41me5fykbulac445kfrvsskg.dx.internal.cloudapp.net ip:10.1.0.72
2023-09-08 11:16:21,362 [main] INFO  upgrade.AbstractLayoutVersionManager (AbstractLayoutVersionManager.java:init(83)) - Initializing Layout version manager with metadata layout = HADOOP_PRC_PORTS_IN_DATANODEDETAILS (version = 7), software layout = HADOOP_PRC_PORTS_IN_DATANODEDETAILS (version = 7)
2023-09-08 11:16:21,364 [main] INFO  statemachine.DatanodeStateMachine (DatanodeStateMachine.java:getEndPointTaskThreadPoolSize(282)) - Datanode State Machine Task Thread Pool size 2
2023-09-08 11:16:21,371 [main] INFO  volume.HddsVolume (HddsVolume.java:<init>(126)) - Creating HddsVolume: /home/runner/work/ozone/ozone/hadoop-ozone/integration-test/target/test-dir/MiniOzoneClusterImpl-4b7384aa-5f33-426b-b021-b584800a716a/datanode-3/data-0/containers/hdds of storage type : DISK capacity : 9223372036854775807
2023-09-08 11:16:21,372 [main] INFO  volume.MutableVolumeSet (MutableVolumeSet.java:initializeVolumeSet(173)) - Added Volume : /home/runner/work/ozone/ozone/hadoop-ozone/integration-test/target/test-dir/MiniOzoneClusterImpl-4b7384aa-5f33-426b-b021-b584800a716a/datanode-3/data-0/containers/hdds to VolumeSet
2023-09-08 11:16:21,377 [main] INFO  volume.MutableVolumeSet (MutableVolumeSet.java:initializeVolumeSet(173)) - Added Volume : /home/runner/work/ozone/ozone/hadoop-ozone/integration-test/target/test-dir/MiniOzoneClusterImpl-4b7384aa-5f33-426b-b021-b584800a716a/datanode-3/data/ratis to VolumeSet
2023-09-08 11:16:21,383 [Thread-193] INFO  ozoneimpl.ContainerReader (ContainerReader.java:readVolume(177)) - Finish verifying containers on volume /home/runner/work/ozone/ozone/hadoop-ozone/integration-test/target/test-dir/MiniOzoneClusterImpl-4b7384aa-5f33-426b-b021-b584800a716a/datanode-3/data-0/containers/hdds
2023-09-08 11:16:21,383 [main] INFO  ozoneimpl.OzoneContainer (OzoneContainer.java:buildContainerSet(314)) - Build ContainerSet costs 0s
2023-09-08 11:16:21,388 [main] INFO  server.RaftServer (ConfUtils.java:logGet(46)) - raft.rpc.type = GRPC (default)
2023-09-08 11:16:21,390 [main] INFO  grpc.GrpcConfigKeys (ConfUtils.java:logFallback(53)) - raft.grpc.admin.host = null (fallback to raft.grpc.server.host)
2023-09-08 11:16:21,390 [main] INFO  grpc.GrpcConfigKeys (ConfUtils.java:logGet(46)) - raft.grpc.admin.port = 15040 (custom)
2023-09-08 11:16:21,390 [main] INFO  grpc.GrpcConfigKeys (ConfUtils.java:logFallback(53)) - raft.grpc.client.host = null (fallback to raft.grpc.server.host)
2023-09-08 11:16:21,390 [main] INFO  grpc.GrpcConfigKeys (ConfUtils.java:logGet(46)) - raft.grpc.client.port = 15039 (custom)
2023-09-08 11:16:21,391 [main] INFO  grpc.GrpcConfigKeys (ConfUtils.java:logGet(46)) - raft.grpc.server.host = null (default)
2023-09-08 11:16:21,392 [main] INFO  grpc.GrpcConfigKeys (ConfUtils.java:logGet(46)) - raft.grpc.server.port = 15041 (custom)
2023-09-08 11:16:21,392 [main] INFO  server.GrpcService (ConfUtils.java:logGet(46)) - raft.grpc.message.size.max = 32MB (=33554432) (custom)
2023-09-08 11:16:21,392 [main] INFO  server.RaftServerConfigKeys (ConfUtils.java:logGet(46)) - raft.server.log.appender.buffer.byte-limit = 33554432 (custom)
2023-09-08 11:16:21,392 [main] INFO  server.GrpcService (ConfUtils.java:logGet(46)) - raft.grpc.flow.control.window = 5MB (=5242880) (custom)
2023-09-08 11:16:21,392 [main] INFO  server.RaftServerConfigKeys (ConfUtils.java:logGet(46)) - raft.server.rpc.request.timeout = 60s (custom)
2023-09-08 11:16:21,392 [main] INFO  grpc.GrpcConfigKeys (ConfUtils.java:logGet(46)) - raft.grpc.server.heartbeat.channel = true (default)
2023-09-08 11:16:21,393 [main] INFO  grpc.GrpcConfigKeys (ConfUtils.java:logGet(46)) - raft.grpc.server.async.request.thread.pool.cached = true (default)
2023-09-08 11:16:21,393 [main] INFO  grpc.GrpcConfigKeys (ConfUtils.java:logGet(46)) - raft.grpc.server.async.request.thread.pool.size = 32 (default)
2023-09-08 11:16:21,396 [main] INFO  impl.DataStreamServerImpl (ConfUtils.java:logGet(46)) - raft.datastream.type = NETTY (custom)
2023-09-08 11:16:21,396 [main] INFO  server.RaftServerConfigKeys (ConfUtils.java:logGet(46)) - raft.server.data-stream.async.request.thread.pool.cached = false (default)
2023-09-08 11:16:21,396 [main] INFO  server.RaftServerConfigKeys (ConfUtils.java:logGet(46)) - raft.server.data-stream.async.request.thread.pool.size = 20 (custom)
2023-09-08 11:16:21,397 [main] INFO  server.RaftServerConfigKeys (ConfUtils.java:logGet(46)) - raft.server.data-stream.async.write.thread.pool.size = 16 (default)
2023-09-08 11:16:21,397 [main] INFO  server.RaftServerConfigKeys (ConfUtils.java:logGet(46)) - raft.server.data-stream.client.pool.size = 10 (default)
2023-09-08 11:16:21,397 [main] INFO  netty.NettyConfigKeys$DataStream (ConfUtils.java:logGet(46)) - raft.netty.dataStream.server.use-epoll = false (default)
2023-09-08 11:16:21,397 [main] INFO  netty.NettyConfigKeys$DataStream (ConfUtils.java:logGet(46)) - raft.netty.dataStream.server.boss-group.size = 0 (default)
2023-09-08 11:16:21,398 [main] INFO  netty.NettyConfigKeys$DataStream (ConfUtils.java:logGet(46)) - raft.netty.dataStream.server.worker-group.size = 0 (default)
2023-09-08 11:16:21,398 [main] INFO  netty.NettyConfigKeys$DataStream (ConfUtils.java:logGet(46)) - raft.netty.dataStream.server.tls.conf = null (default)
2023-09-08 11:16:21,398 [main] INFO  netty.NettyConfigKeys$DataStream (ConfUtils.java:logGet(46)) - raft.netty.dataStream.host = null (default)
2023-09-08 11:16:21,398 [main] INFO  netty.NettyConfigKeys$DataStream (ConfUtils.java:logGet(46)) - raft.netty.dataStream.port = 15042 (custom)
2023-09-08 11:16:21,400 [main] INFO  server.RaftServerConfigKeys (ConfUtils.java:logGet(46)) - raft.server.threadpool.proxy.cached = true (default)
2023-09-08 11:16:21,400 [main] INFO  server.RaftServerConfigKeys (ConfUtils.java:logGet(46)) - raft.server.threadpool.proxy.size = 0 (default)
2023-09-08 11:16:21,401 [main] INFO  server.RaftServerConfigKeys (ConfUtils.java:logGet(46)) - raft.server.rpc.slowness.timeout = 300s (custom)
2023-09-08 11:16:21,401 [main] INFO  server.RaftServerConfigKeys (ConfUtils.java:logGet(46)) - raft.server.leaderelection.leader.step-down.wait-time = 10s (default)
2023-09-08 11:16:21,402 [main] INFO  server.RaftServerConfigKeys (ConfUtils.java:logGet(46)) - raft.server.storage.dir = [/home/runner/work/ozone/ozone/hadoop-ozone/integration-test/target/test-dir/MiniOzoneClusterImpl-4b7384aa-5f33-426b-b021-b584800a716a/datanode-3/data/ratis] (custom)
2023-09-08 11:16:21,402 [d33cef6e-fa1d-4bba-bddd-0d189def30bc-impl-thread1] INFO  server.RaftServer (RaftServerProxy.java:initGroupDir(258)) - d33cef6e-fa1d-4bba-bddd-0d189def30bc: found a subdirectory /home/runner/work/ozone/ozone/hadoop-ozone/integration-test/target/test-dir/MiniOzoneClusterImpl-4b7384aa-5f33-426b-b021-b584800a716a/datanode-3/data/ratis/tmp
2023-09-08 11:16:21,403 [d33cef6e-fa1d-4bba-bddd-0d189def30bc-impl-thread1] INFO  server.RaftServer (RaftServerProxy.java:initGroupDir(263)) - d33cef6e-fa1d-4bba-bddd-0d189def30bc: The directory /home/runner/work/ozone/ozone/hadoop-ozone/integration-test/target/test-dir/MiniOzoneClusterImpl-4b7384aa-5f33-426b-b021-b584800a716a/datanode-3/data/ratis/tmp is not a group directory; ignoring it. 
2023-09-08 11:16:21,403 [main] INFO  replication.ReplicationServer (ReplicationServer.java:<init>(81)) - Initializing replication server with thread count = 10
2023-09-08 11:16:21,405 [main] INFO  server.XceiverServerGrpc (XceiverServerGrpc.java:<init>(132)) - GrpcServer channel type EpollServerSocketChannel
2023-09-08 11:16:21,410 [d33cef6e-fa1d-4bba-bddd-0d189def30bc-NettyServerStreamRpc-bossGroup--thread1] INFO  logging.LoggingHandler (AbstractInternalLogger.java:log(148)) - [id: 0x64c74de8] REGISTERED
2023-09-08 11:16:21,410 [d33cef6e-fa1d-4bba-bddd-0d189def30bc-NettyServerStreamRpc-bossGroup--thread1] INFO  logging.LoggingHandler (AbstractInternalLogger.java:log(148)) - [id: 0x64c74de8] BIND: 0.0.0.0/0.0.0.0:15042
2023-09-08 11:16:21,410 [d33cef6e-fa1d-4bba-bddd-0d189def30bc-NettyServerStreamRpc-bossGroup--thread1] INFO  logging.LoggingHandler (AbstractInternalLogger.java:log(148)) - [id: 0x64c74de8, L:/0:0:0:0:0:0:0:0:15042] ACTIVE
2023-09-08 11:16:21,410 [main] INFO  replication.ReplicationSupervisor (ReplicationSupervisor.java:build(155)) - Initializing replication supervisor with thread count = 10
2023-09-08 11:16:21,411 [main] INFO  replication.ReplicationSupervisor (ReplicationSupervisor.java:nodeStateUpdated(307)) - Node state updated to IN_SERVICE, scaling executor pool size to 10
2023-09-08 11:16:21,423 [main] INFO  http.BaseHttpServer (BaseHttpServer.java:newHttpServer2BuilderForOzone(223)) - Starting Web-server for hddsDatanode at: http://0.0.0.0:15036
2023-09-08 11:16:21,424 [main] INFO  http.BaseHttpServer (BaseHttpServer.java:<init>(110)) - Hadoop Security Enabled: false Ozone Security Enabled: false Ozone HTTP Security Enabled: false 
2023-09-08 11:16:21,426 [main] WARN  server.AuthenticationFilter (AuthenticationFilter.java:constructSecretProvider(240)) - Unable to initialize FileSignerSecretProvider, falling back to use random secrets. Reason: Could not read signature secret file: /home/runner/hadoop-http-auth-signature-secret
2023-09-08 11:16:21,427 [main] INFO  http.HttpRequestLog (HttpRequestLog.java:getRequestLog(86)) - Http request log for http.requests.hddsDatanode is not defined
2023-09-08 11:16:21,431 [main] INFO  http.HttpServer2 (HttpServer2.java:addGlobalFilter(1031)) - Added global filter 'safety' (class=org.apache.hadoop.hdds.server.http.HttpServer2$QuotingInputFilter)
2023-09-08 11:16:21,433 [main] INFO  http.HttpServer2 (HttpServer2.java:addFilter(1007)) - Added filter static_user_filter (class=org.apache.hadoop.http.lib.StaticUserWebFilter$StaticUserFilter) to context hddsDatanode
2023-09-08 11:16:21,433 [main] INFO  http.HttpServer2 (HttpServer2.java:addFilter(1015)) - Added filter static_user_filter (class=org.apache.hadoop.http.lib.StaticUserWebFilter$StaticUserFilter) to context logs
2023-09-08 11:16:21,433 [main] INFO  http.HttpServer2 (HttpServer2.java:addFilter(1015)) - Added filter static_user_filter (class=org.apache.hadoop.http.lib.StaticUserWebFilter$StaticUserFilter) to context static
2023-09-08 11:16:21,435 [main] INFO  http.BaseHttpServer (BaseHttpServer.java:<init>(189)) - HTTP server of hddsDatanode uses base directory /home/runner/work/ozone/ozone/hadoop-ozone/integration-test/target/test-dir/MiniOzoneClusterImpl-4b7384aa-5f33-426b-b021-b584800a716a/datanode-3/meta/webserver
2023-09-08 11:16:21,436 [main] INFO  http.HttpServer2 (HttpServer2.java:bindListener(1231)) - Jetty bound to port 15036
2023-09-08 11:16:21,436 [main] INFO  server.Server (Server.java:doStart(375)) - jetty-9.4.51.v20230217; built: 2023-02-17T08:19:37.309Z; git: b45c405e4544384de066f814ed42ae3dceacdd49; jvm 1.8.0_382-b05
2023-09-08 11:16:21,469 [main] INFO  server.session (DefaultSessionIdManager.java:doStart(334)) - DefaultSessionIdManager workerName=node0
2023-09-08 11:16:21,469 [main] INFO  server.session (DefaultSessionIdManager.java:doStart(339)) - No SessionScavenger set, using defaults
2023-09-08 11:16:21,470 [main] INFO  server.session (HouseKeeper.java:startScavenging(132)) - node0 Scavenging every 600000ms
2023-09-08 11:16:21,472 [main] INFO  handler.ContextHandler (ContextHandler.java:doStart(921)) - Started o.e.j.s.ServletContextHandler@79cf42f2{logs,/logs,file:///home/runner/work/ozone/ozone/hadoop-ozone/integration-test/target/log,AVAILABLE}
2023-09-08 11:16:21,472 [main] INFO  handler.ContextHandler (ContextHandler.java:doStart(921)) - Started o.e.j.s.ServletContextHandler@562b6bd{static,/static,jar:file:/home/runner/.m2/repository/org/apache/ozone/hdds-container-service/1.4.0-SNAPSHOT/hdds-container-service-1.4.0-SNAPSHOT.jar!/webapps/static,AVAILABLE}
2023-09-08 11:16:21,715 [main] INFO  handler.ContextHandler (ContextHandler.java:doStart(921)) - Started o.e.j.w.WebAppContext@27db378a{hddsDatanode,/,file:///home/runner/work/ozone/ozone/hadoop-ozone/integration-test/target/test-dir/MiniOzoneClusterImpl-4b7384aa-5f33-426b-b021-b584800a716a/datanode-3/meta/webserver/jetty-0_0_0_0-15036-hdds-container-service-1_4_0-SNAPSHOT_jar-_-any-6903315761894878402/webapp/,AVAILABLE}{jar:file:/home/runner/.m2/repository/org/apache/ozone/hdds-container-service/1.4.0-SNAPSHOT/hdds-container-service-1.4.0-SNAPSHOT.jar!/webapps/hddsDatanode}
2023-09-08 11:16:21,717 [main] INFO  server.AbstractConnector (AbstractConnector.java:doStart(333)) - Started ServerConnector@7d4d30ac{HTTP/1.1, (http/1.1)}{0.0.0.0:15036}
2023-09-08 11:16:21,717 [main] INFO  server.Server (Server.java:doStart(415)) - Started @12500ms
2023-09-08 11:16:21,717 [main] WARN  impl.MetricsSystemImpl (MetricsSystemImpl.java:register(279)) - Sink prometheus already exists!
2023-09-08 11:16:21,718 [main] INFO  http.BaseHttpServer (BaseHttpServer.java:updateConnectorAddress(354)) - HTTP server of hddsDatanode listening at http://0.0.0.0:15036
2023-09-08 11:16:21,719 [main] INFO  ipc.CallQueueManager (CallQueueManager.java:<init>(90)) - Using callQueue: class java.util.concurrent.LinkedBlockingQueue, queueCapacity: 100, scheduler: class org.apache.hadoop.ipc.DefaultRpcScheduler, ipcBackoff: false.
2023-09-08 11:16:21,719 [main] INFO  ipc.Server (Server.java:<init>(1287)) - Listener at 0.0.0.0:15037
2023-09-08 11:16:21,720 [Socket Reader #1 for port 15037] INFO  ipc.Server (Server.java:run(1323)) - Starting Socket Reader #1 for port 15037
2023-09-08 11:16:21,722 [main] INFO  ozone.HddsDatanodeService (HddsDatanodeService.java:start(315)) - Datanode start with admins: [runner]
2023-09-08 11:16:21,728 [main] INFO  ozone.HddsDatanodeClientProtocolServer (HddsDatanodeClientProtocolServer.java:start(72)) - RPC server for Client /0.0.0.0:15037
2023-09-08 11:16:21,729 [IPC Server Responder] INFO  ipc.Server (Server.java:run(1562)) - IPC Server Responder: starting
2023-09-08 11:16:21,735 [IPC Server listener on 15037] INFO  ipc.Server (Server.java:run(1402)) - IPC Server listener on 15037: starting
2023-09-08 11:16:21,737 [Datanode State Machine Daemon Thread] INFO  statemachine.DatanodeStateMachine (DatanodeStateMachine.java:lambda$startDaemon$0(538)) - Ozone container server started.
2023-09-08 11:16:21,738 [main] WARN  impl.MetricRegistriesImpl (MetricRegistriesImpl.java:addReporterRegistration(111)) - New reporters are added after registries were created. Some metrics will be missing from the reporter. Please add reporter before adding any new registry.
2023-09-08 11:16:21,738 [main] WARN  impl.MetricRegistriesImpl (MetricRegistriesImpl.java:addReporterRegistration(111)) - New reporters are added after registries were created. Some metrics will be missing from the reporter. Please add reporter before adding any new registry.
2023-09-08 11:16:21,738 [main] INFO  impl.MetricsSystemImpl (MetricsSystemImpl.java:init(158)) - HddsDatanode metrics system started (again)
2023-09-08 11:16:21,750 [Datanode State Machine Task Thread - 0] INFO  datanode.InitDatanodeState (InitDatanodeState.java:persistContainerDatanodeDetails(138)) - DatanodeDetails is persisted to /home/runner/work/ozone/ozone/hadoop-ozone/integration-test/target/test-dir/MiniOzoneClusterImpl-4b7384aa-5f33-426b-b021-b584800a716a/datanode-3/meta/datanode.id
2023-09-08 11:16:21,758 [main] INFO  ozone.HddsDatanodeService (HddsDatanodeService.java:start(237)) - HddsDatanodeService host:fv-az203-160.hq41me5fykbulac445kfrvsskg.dx.internal.cloudapp.net ip:10.1.0.72
2023-09-08 11:16:21,789 [main] INFO  upgrade.AbstractLayoutVersionManager (AbstractLayoutVersionManager.java:init(83)) - Initializing Layout version manager with metadata layout = HADOOP_PRC_PORTS_IN_DATANODEDETAILS (version = 7), software layout = HADOOP_PRC_PORTS_IN_DATANODEDETAILS (version = 7)
2023-09-08 11:16:21,791 [main] INFO  statemachine.DatanodeStateMachine (DatanodeStateMachine.java:getEndPointTaskThreadPoolSize(282)) - Datanode State Machine Task Thread Pool size 2
2023-09-08 11:16:21,799 [main] INFO  volume.HddsVolume (HddsVolume.java:<init>(126)) - Creating HddsVolume: /home/runner/work/ozone/ozone/hadoop-ozone/integration-test/target/test-dir/MiniOzoneClusterImpl-4b7384aa-5f33-426b-b021-b584800a716a/datanode-4/data-0/containers/hdds of storage type : DISK capacity : 9223372036854775807
2023-09-08 11:16:21,799 [main] INFO  volume.MutableVolumeSet (MutableVolumeSet.java:initializeVolumeSet(173)) - Added Volume : /home/runner/work/ozone/ozone/hadoop-ozone/integration-test/target/test-dir/MiniOzoneClusterImpl-4b7384aa-5f33-426b-b021-b584800a716a/datanode-4/data-0/containers/hdds to VolumeSet
2023-09-08 11:16:21,801 [main] INFO  volume.MutableVolumeSet (MutableVolumeSet.java:initializeVolumeSet(173)) - Added Volume : /home/runner/work/ozone/ozone/hadoop-ozone/integration-test/target/test-dir/MiniOzoneClusterImpl-4b7384aa-5f33-426b-b021-b584800a716a/datanode-4/data/ratis to VolumeSet
2023-09-08 11:16:21,805 [Thread-210] INFO  ozoneimpl.ContainerReader (ContainerReader.java:readVolume(177)) - Finish verifying containers on volume /home/runner/work/ozone/ozone/hadoop-ozone/integration-test/target/test-dir/MiniOzoneClusterImpl-4b7384aa-5f33-426b-b021-b584800a716a/datanode-4/data-0/containers/hdds
2023-09-08 11:16:21,805 [main] INFO  ozoneimpl.OzoneContainer (OzoneContainer.java:buildContainerSet(314)) - Build ContainerSet costs 0s
2023-09-08 11:16:21,812 [main] INFO  server.RaftServer (ConfUtils.java:logGet(46)) - raft.rpc.type = GRPC (default)
2023-09-08 11:16:21,813 [main] INFO  grpc.GrpcConfigKeys (ConfUtils.java:logFallback(53)) - raft.grpc.admin.host = null (fallback to raft.grpc.server.host)
2023-09-08 11:16:21,813 [main] INFO  grpc.GrpcConfigKeys (ConfUtils.java:logGet(46)) - raft.grpc.admin.port = 15049 (custom)
2023-09-08 11:16:21,813 [main] INFO  grpc.GrpcConfigKeys (ConfUtils.java:logFallback(53)) - raft.grpc.client.host = null (fallback to raft.grpc.server.host)
2023-09-08 11:16:21,813 [main] INFO  grpc.GrpcConfigKeys (ConfUtils.java:logGet(46)) - raft.grpc.client.port = 15048 (custom)
2023-09-08 11:16:21,814 [main] INFO  grpc.GrpcConfigKeys (ConfUtils.java:logGet(46)) - raft.grpc.server.host = null (default)
2023-09-08 11:16:21,814 [main] INFO  grpc.GrpcConfigKeys (ConfUtils.java:logGet(46)) - raft.grpc.server.port = 15050 (custom)
2023-09-08 11:16:21,814 [main] INFO  server.GrpcService (ConfUtils.java:logGet(46)) - raft.grpc.message.size.max = 32MB (=33554432) (custom)
2023-09-08 11:16:21,814 [main] INFO  server.RaftServerConfigKeys (ConfUtils.java:logGet(46)) - raft.server.log.appender.buffer.byte-limit = 33554432 (custom)
2023-09-08 11:16:21,814 [main] INFO  server.GrpcService (ConfUtils.java:logGet(46)) - raft.grpc.flow.control.window = 5MB (=5242880) (custom)
2023-09-08 11:16:21,814 [main] INFO  server.RaftServerConfigKeys (ConfUtils.java:logGet(46)) - raft.server.rpc.request.timeout = 60s (custom)
2023-09-08 11:16:21,815 [main] INFO  grpc.GrpcConfigKeys (ConfUtils.java:logGet(46)) - raft.grpc.server.heartbeat.channel = true (default)
2023-09-08 11:16:21,815 [main] INFO  grpc.GrpcConfigKeys (ConfUtils.java:logGet(46)) - raft.grpc.server.async.request.thread.pool.cached = true (default)
2023-09-08 11:16:21,815 [main] INFO  grpc.GrpcConfigKeys (ConfUtils.java:logGet(46)) - raft.grpc.server.async.request.thread.pool.size = 32 (default)
2023-09-08 11:16:21,819 [main] INFO  impl.DataStreamServerImpl (ConfUtils.java:logGet(46)) - raft.datastream.type = NETTY (custom)
2023-09-08 11:16:21,819 [main] INFO  server.RaftServerConfigKeys (ConfUtils.java:logGet(46)) - raft.server.data-stream.async.request.thread.pool.cached = false (default)
2023-09-08 11:16:21,820 [main] INFO  server.RaftServerConfigKeys (ConfUtils.java:logGet(46)) - raft.server.data-stream.async.request.thread.pool.size = 20 (custom)
2023-09-08 11:16:21,820 [main] INFO  server.RaftServerConfigKeys (ConfUtils.java:logGet(46)) - raft.server.data-stream.async.write.thread.pool.size = 16 (default)
2023-09-08 11:16:21,820 [main] INFO  server.RaftServerConfigKeys (ConfUtils.java:logGet(46)) - raft.server.data-stream.client.pool.size = 10 (default)
2023-09-08 11:16:21,820 [main] INFO  netty.NettyConfigKeys$DataStream (ConfUtils.java:logGet(46)) - raft.netty.dataStream.server.use-epoll = false (default)
2023-09-08 11:16:21,820 [main] INFO  netty.NettyConfigKeys$DataStream (ConfUtils.java:logGet(46)) - raft.netty.dataStream.server.boss-group.size = 0 (default)
2023-09-08 11:16:21,821 [main] INFO  netty.NettyConfigKeys$DataStream (ConfUtils.java:logGet(46)) - raft.netty.dataStream.server.worker-group.size = 0 (default)
2023-09-08 11:16:21,822 [main] INFO  netty.NettyConfigKeys$DataStream (ConfUtils.java:logGet(46)) - raft.netty.dataStream.server.tls.conf = null (default)
2023-09-08 11:16:21,823 [main] INFO  netty.NettyConfigKeys$DataStream (ConfUtils.java:logGet(46)) - raft.netty.dataStream.host = null (default)
2023-09-08 11:16:21,827 [main] INFO  netty.NettyConfigKeys$DataStream (ConfUtils.java:logGet(46)) - raft.netty.dataStream.port = 15051 (custom)
2023-09-08 11:16:21,831 [main] INFO  server.RaftServerConfigKeys (ConfUtils.java:logGet(46)) - raft.server.threadpool.proxy.cached = true (default)
2023-09-08 11:16:21,832 [main] INFO  server.RaftServerConfigKeys (ConfUtils.java:logGet(46)) - raft.server.threadpool.proxy.size = 0 (default)
2023-09-08 11:16:21,832 [2dfd442c-a1c3-4c12-a15b-8aed08a5dec6-NettyServerStreamRpc-bossGroup--thread1] INFO  logging.LoggingHandler (AbstractInternalLogger.java:log(148)) - [id: 0x036cf765] REGISTERED
2023-09-08 11:16:21,832 [main] INFO  server.RaftServerConfigKeys (ConfUtils.java:logGet(46)) - raft.server.rpc.slowness.timeout = 300s (custom)
2023-09-08 11:16:21,832 [2dfd442c-a1c3-4c12-a15b-8aed08a5dec6-NettyServerStreamRpc-bossGroup--thread1] INFO  logging.LoggingHandler (AbstractInternalLogger.java:log(148)) - [id: 0x036cf765] BIND: 0.0.0.0/0.0.0.0:15051
2023-09-08 11:16:21,833 [main] INFO  server.RaftServerConfigKeys (ConfUtils.java:logGet(46)) - raft.server.leaderelection.leader.step-down.wait-time = 10s (default)
2023-09-08 11:16:21,833 [2dfd442c-a1c3-4c12-a15b-8aed08a5dec6-NettyServerStreamRpc-bossGroup--thread1] INFO  logging.LoggingHandler (AbstractInternalLogger.java:log(148)) - [id: 0x036cf765, L:/0:0:0:0:0:0:0:0:15051] ACTIVE
2023-09-08 11:16:21,834 [main] INFO  server.RaftServerConfigKeys (ConfUtils.java:logGet(46)) - raft.server.storage.dir = [/home/runner/work/ozone/ozone/hadoop-ozone/integration-test/target/test-dir/MiniOzoneClusterImpl-4b7384aa-5f33-426b-b021-b584800a716a/datanode-4/data/ratis] (custom)
2023-09-08 11:16:21,834 [2dfd442c-a1c3-4c12-a15b-8aed08a5dec6-impl-thread1] INFO  server.RaftServer (RaftServerProxy.java:initGroupDir(258)) - 2dfd442c-a1c3-4c12-a15b-8aed08a5dec6: found a subdirectory /home/runner/work/ozone/ozone/hadoop-ozone/integration-test/target/test-dir/MiniOzoneClusterImpl-4b7384aa-5f33-426b-b021-b584800a716a/datanode-4/data/ratis/tmp
2023-09-08 11:16:21,835 [2dfd442c-a1c3-4c12-a15b-8aed08a5dec6-impl-thread1] INFO  server.RaftServer (RaftServerProxy.java:initGroupDir(263)) - 2dfd442c-a1c3-4c12-a15b-8aed08a5dec6: The directory /home/runner/work/ozone/ozone/hadoop-ozone/integration-test/target/test-dir/MiniOzoneClusterImpl-4b7384aa-5f33-426b-b021-b584800a716a/datanode-4/data/ratis/tmp is not a group directory; ignoring it. 
2023-09-08 11:16:21,837 [main] INFO  replication.ReplicationServer (ReplicationServer.java:<init>(81)) - Initializing replication server with thread count = 10
2023-09-08 11:16:21,841 [main] INFO  server.XceiverServerGrpc (XceiverServerGrpc.java:<init>(132)) - GrpcServer channel type EpollServerSocketChannel
2023-09-08 11:16:21,844 [main] INFO  replication.ReplicationSupervisor (ReplicationSupervisor.java:build(155)) - Initializing replication supervisor with thread count = 10
2023-09-08 11:16:21,844 [main] INFO  replication.ReplicationSupervisor (ReplicationSupervisor.java:nodeStateUpdated(307)) - Node state updated to IN_SERVICE, scaling executor pool size to 10
2023-09-08 11:16:21,847 [main] INFO  http.BaseHttpServer (BaseHttpServer.java:newHttpServer2BuilderForOzone(223)) - Starting Web-server for hddsDatanode at: http://0.0.0.0:15045
2023-09-08 11:16:21,847 [main] INFO  http.BaseHttpServer (BaseHttpServer.java:<init>(110)) - Hadoop Security Enabled: false Ozone Security Enabled: false Ozone HTTP Security Enabled: false 
2023-09-08 11:16:21,849 [main] WARN  server.AuthenticationFilter (AuthenticationFilter.java:constructSecretProvider(240)) - Unable to initialize FileSignerSecretProvider, falling back to use random secrets. Reason: Could not read signature secret file: /home/runner/hadoop-http-auth-signature-secret
2023-09-08 11:16:21,850 [main] INFO  http.HttpRequestLog (HttpRequestLog.java:getRequestLog(86)) - Http request log for http.requests.hddsDatanode is not defined
2023-09-08 11:16:21,852 [main] INFO  http.HttpServer2 (HttpServer2.java:addGlobalFilter(1031)) - Added global filter 'safety' (class=org.apache.hadoop.hdds.server.http.HttpServer2$QuotingInputFilter)
2023-09-08 11:16:21,853 [main] INFO  http.HttpServer2 (HttpServer2.java:addFilter(1007)) - Added filter static_user_filter (class=org.apache.hadoop.http.lib.StaticUserWebFilter$StaticUserFilter) to context hddsDatanode
2023-09-08 11:16:21,853 [main] INFO  http.HttpServer2 (HttpServer2.java:addFilter(1015)) - Added filter static_user_filter (class=org.apache.hadoop.http.lib.StaticUserWebFilter$StaticUserFilter) to context static
2023-09-08 11:16:21,853 [main] INFO  http.HttpServer2 (HttpServer2.java:addFilter(1015)) - Added filter static_user_filter (class=org.apache.hadoop.http.lib.StaticUserWebFilter$StaticUserFilter) to context logs
2023-09-08 11:16:21,854 [main] INFO  http.BaseHttpServer (BaseHttpServer.java:<init>(189)) - HTTP server of hddsDatanode uses base directory /home/runner/work/ozone/ozone/hadoop-ozone/integration-test/target/test-dir/MiniOzoneClusterImpl-4b7384aa-5f33-426b-b021-b584800a716a/datanode-4/meta/webserver
2023-09-08 11:16:21,854 [main] INFO  http.HttpServer2 (HttpServer2.java:bindListener(1231)) - Jetty bound to port 15045
2023-09-08 11:16:21,855 [main] INFO  server.Server (Server.java:doStart(375)) - jetty-9.4.51.v20230217; built: 2023-02-17T08:19:37.309Z; git: b45c405e4544384de066f814ed42ae3dceacdd49; jvm 1.8.0_382-b05
2023-09-08 11:16:21,856 [main] INFO  server.session (DefaultSessionIdManager.java:doStart(334)) - DefaultSessionIdManager workerName=node0
2023-09-08 11:16:21,857 [main] INFO  server.session (DefaultSessionIdManager.java:doStart(339)) - No SessionScavenger set, using defaults
2023-09-08 11:16:21,857 [main] INFO  server.session (HouseKeeper.java:startScavenging(132)) - node0 Scavenging every 600000ms
2023-09-08 11:16:21,858 [main] INFO  handler.ContextHandler (ContextHandler.java:doStart(921)) - Started o.e.j.s.ServletContextHandler@6234c292{logs,/logs,file:///home/runner/work/ozone/ozone/hadoop-ozone/integration-test/target/log,AVAILABLE}
2023-09-08 11:16:21,858 [main] INFO  handler.ContextHandler (ContextHandler.java:doStart(921)) - Started o.e.j.s.ServletContextHandler@318979ec{static,/static,jar:file:/home/runner/.m2/repository/org/apache/ozone/hdds-container-service/1.4.0-SNAPSHOT/hdds-container-service-1.4.0-SNAPSHOT.jar!/webapps/static,AVAILABLE}
2023-09-08 11:16:22,113 [main] INFO  handler.ContextHandler (ContextHandler.java:doStart(921)) - Started o.e.j.w.WebAppContext@3bae5f78{hddsDatanode,/,file:///home/runner/work/ozone/ozone/hadoop-ozone/integration-test/target/test-dir/MiniOzoneClusterImpl-4b7384aa-5f33-426b-b021-b584800a716a/datanode-4/meta/webserver/jetty-0_0_0_0-15045-hdds-container-service-1_4_0-SNAPSHOT_jar-_-any-1014693758221351381/webapp/,AVAILABLE}{jar:file:/home/runner/.m2/repository/org/apache/ozone/hdds-container-service/1.4.0-SNAPSHOT/hdds-container-service-1.4.0-SNAPSHOT.jar!/webapps/hddsDatanode}
2023-09-08 11:16:22,115 [main] INFO  server.AbstractConnector (AbstractConnector.java:doStart(333)) - Started ServerConnector@58b5f661{HTTP/1.1, (http/1.1)}{0.0.0.0:15045}
2023-09-08 11:16:22,115 [main] INFO  server.Server (Server.java:doStart(415)) - Started @12897ms
2023-09-08 11:16:22,115 [main] WARN  impl.MetricsSystemImpl (MetricsSystemImpl.java:register(279)) - Sink prometheus already exists!
2023-09-08 11:16:22,116 [main] INFO  http.BaseHttpServer (BaseHttpServer.java:updateConnectorAddress(354)) - HTTP server of hddsDatanode listening at http://0.0.0.0:15045
2023-09-08 11:16:22,116 [main] INFO  ipc.CallQueueManager (CallQueueManager.java:<init>(90)) - Using callQueue: class java.util.concurrent.LinkedBlockingQueue, queueCapacity: 100, scheduler: class org.apache.hadoop.ipc.DefaultRpcScheduler, ipcBackoff: false.
2023-09-08 11:16:22,116 [main] INFO  ipc.Server (Server.java:<init>(1287)) - Listener at 0.0.0.0:15046
2023-09-08 11:16:22,117 [Socket Reader #1 for port 15046] INFO  ipc.Server (Server.java:run(1323)) - Starting Socket Reader #1 for port 15046
2023-09-08 11:16:22,121 [main] INFO  ozone.HddsDatanodeService (HddsDatanodeService.java:start(315)) - Datanode start with admins: [runner]
2023-09-08 11:16:22,121 [main] INFO  ozone.HddsDatanodeClientProtocolServer (HddsDatanodeClientProtocolServer.java:start(72)) - RPC server for Client /0.0.0.0:15046
2023-09-08 11:16:22,123 [IPC Server Responder] INFO  ipc.Server (Server.java:run(1562)) - IPC Server Responder: starting
2023-09-08 11:16:22,124 [IPC Server listener on 15046] INFO  ipc.Server (Server.java:run(1402)) - IPC Server listener on 15046: starting
2023-09-08 11:16:22,124 [Datanode State Machine Daemon Thread] INFO  statemachine.DatanodeStateMachine (DatanodeStateMachine.java:lambda$startDaemon$0(538)) - Ozone container server started.
2023-09-08 11:16:22,125 [main] INFO  ozone.MiniOzoneClusterImpl (MiniOzoneClusterImpl.java:lambda$waitForClusterToBeReady$0(224)) - Waiting for nodes to be ready. Got 0 of 5 DN Heartbeats.
2023-09-08 11:16:22,126 [main] INFO  ozone.MiniOzoneClusterImpl (MiniOzoneClusterImpl.java:lambda$waitForClusterToBeReady$0(227)) - Waiting for cluster to exit safe mode
2023-09-08 11:16:22,126 [main] INFO  ozone.MiniOzoneClusterImpl (MiniOzoneClusterImpl.java:lambda$waitForClusterToBeReady$0(229)) - SCM became leader
2023-09-08 11:16:22,134 [Datanode State Machine Task Thread - 0] INFO  datanode.InitDatanodeState (InitDatanodeState.java:persistContainerDatanodeDetails(138)) - DatanodeDetails is persisted to /home/runner/work/ozone/ozone/hadoop-ozone/integration-test/target/test-dir/MiniOzoneClusterImpl-4b7384aa-5f33-426b-b021-b584800a716a/datanode-4/meta/datanode.id
2023-09-08 11:16:22,627 [EndpointStateMachine task thread for /0.0.0.0:15002 - 0 ] INFO  utils.DatanodeStoreCache (DatanodeStoreCache.java:addDB(66)) - Added db /home/runner/work/ozone/ozone/hadoop-ozone/integration-test/target/test-dir/MiniOzoneClusterImpl-4b7384aa-5f33-426b-b021-b584800a716a/datanode-0/data-0/containers/hdds/4b7384aa-5f33-426b-b021-b584800a716a/DS-b89b19ef-60a0-476c-9822-01f9ab35f2c3/container.db to cache
2023-09-08 11:16:22,627 [EndpointStateMachine task thread for /0.0.0.0:15002 - 0 ] INFO  volume.HddsVolume (HddsVolume.java:createDbStore(422)) - SchemaV3 db is created and loaded at /home/runner/work/ozone/ozone/hadoop-ozone/integration-test/target/test-dir/MiniOzoneClusterImpl-4b7384aa-5f33-426b-b021-b584800a716a/datanode-0/data-0/containers/hdds/4b7384aa-5f33-426b-b021-b584800a716a/DS-b89b19ef-60a0-476c-9822-01f9ab35f2c3/container.db for volume DS-b89b19ef-60a0-476c-9822-01f9ab35f2c3
2023-09-08 11:16:22,632 [EndpointStateMachine task thread for /0.0.0.0:15002 - 0 ] INFO  volume.ThrottledAsyncChecker (ThrottledAsyncChecker.java:schedule(141)) - Scheduling a check for /home/runner/work/ozone/ozone/hadoop-ozone/integration-test/target/test-dir/MiniOzoneClusterImpl-4b7384aa-5f33-426b-b021-b584800a716a/datanode-0/data-0/containers/hdds
2023-09-08 11:16:22,664 [EndpointStateMachine task thread for /0.0.0.0:15002 - 0 ] INFO  volume.StorageVolumeChecker (StorageVolumeChecker.java:checkAllVolumes(213)) - Scheduled health check for volume /home/runner/work/ozone/ozone/hadoop-ozone/integration-test/target/test-dir/MiniOzoneClusterImpl-4b7384aa-5f33-426b-b021-b584800a716a/datanode-0/data-0/containers/hdds
2023-09-08 11:16:22,668 [EndpointStateMachine task thread for /0.0.0.0:15002 - 0 ] INFO  volume.ThrottledAsyncChecker (ThrottledAsyncChecker.java:schedule(141)) - Scheduling a check for /home/runner/work/ozone/ozone/hadoop-ozone/integration-test/target/test-dir/MiniOzoneClusterImpl-4b7384aa-5f33-426b-b021-b584800a716a/datanode-0/data/ratis
2023-09-08 11:16:22,668 [EndpointStateMachine task thread for /0.0.0.0:15002 - 0 ] INFO  volume.StorageVolumeChecker (StorageVolumeChecker.java:checkAllVolumes(213)) - Scheduled health check for volume /home/runner/work/ozone/ozone/hadoop-ozone/integration-test/target/test-dir/MiniOzoneClusterImpl-4b7384aa-5f33-426b-b021-b584800a716a/datanode-0/data/ratis
2023-09-08 11:16:22,670 [EndpointStateMachine task thread for /0.0.0.0:15002 - 0 ] INFO  ozoneimpl.OzoneContainer (OzoneContainer.java:start(429)) - Attempting to start container services.
2023-09-08 11:16:22,674 [EndpointStateMachine task thread for /0.0.0.0:15002 - 0 ] INFO  ozoneimpl.OzoneContainer (OzoneContainer.java:startContainerScrub(325)) - Scheduled background container scanners and the on-demand container scanner have been disabled.
2023-09-08 11:16:22,676 [EndpointStateMachine task thread for /0.0.0.0:15002 - 0 ] INFO  replication.ReplicationServer (ReplicationServer.java:start(130)) - ReplicationServer is started using port 15016
2023-09-08 11:16:22,677 [EndpointStateMachine task thread for /0.0.0.0:15002 - 0 ] INFO  ratis.XceiverServerRatis (XceiverServerRatis.java:start(517)) - Starting XceiverServerRatis f2514b4c-a867-463f-8d84-f95d86e9803a
2023-09-08 11:16:22,679 [EndpointStateMachine task thread for /0.0.0.0:15002 - 0 ] INFO  server.RaftServer (RaftServerProxy.java:startImpl(400)) - f2514b4c-a867-463f-8d84-f95d86e9803a: start RPC server
2023-09-08 11:16:22,687 [EndpointStateMachine task thread for /0.0.0.0:15002 - 0 ] INFO  server.GrpcService (GrpcService.java:startImpl(302)) - f2514b4c-a867-463f-8d84-f95d86e9803a: GrpcService started, listening on 15012
2023-09-08 11:16:22,699 [EndpointStateMachine task thread for /0.0.0.0:15002 - 0 ] INFO  server.GrpcService (GrpcService.java:startImpl(302)) - f2514b4c-a867-463f-8d84-f95d86e9803a: GrpcService started, listening on 15014
2023-09-08 11:16:22,702 [EndpointStateMachine task thread for /0.0.0.0:15002 - 0 ] INFO  server.GrpcService (GrpcService.java:startImpl(302)) - f2514b4c-a867-463f-8d84-f95d86e9803a: GrpcService started, listening on 15013
2023-09-08 11:16:22,703 [EndpointStateMachine task thread for /0.0.0.0:15002 - 0 ] INFO  ratis.XceiverServerRatis (XceiverServerRatis.java:getRealPort(543)) - XceiverServerRatis f2514b4c-a867-463f-8d84-f95d86e9803a is started using port 15012 for RATIS
2023-09-08 11:16:22,703 [EndpointStateMachine task thread for /0.0.0.0:15002 - 0 ] INFO  ratis.XceiverServerRatis (XceiverServerRatis.java:getRealPort(543)) - XceiverServerRatis f2514b4c-a867-463f-8d84-f95d86e9803a is started using port 15013 for RATIS_ADMIN
2023-09-08 11:16:22,703 [JvmPauseMonitor2] INFO  util.JvmPauseMonitor (JvmPauseMonitor.java:run(103)) - JvmPauseMonitor-f2514b4c-a867-463f-8d84-f95d86e9803a: Started
2023-09-08 11:16:22,703 [EndpointStateMachine task thread for /0.0.0.0:15002 - 0 ] INFO  ratis.XceiverServerRatis (XceiverServerRatis.java:getRealPort(543)) - XceiverServerRatis f2514b4c-a867-463f-8d84-f95d86e9803a is started using port 15014 for RATIS_SERVER
2023-09-08 11:16:22,704 [EndpointStateMachine task thread for /0.0.0.0:15002 - 0 ] INFO  ratis.XceiverServerRatis (XceiverServerRatis.java:getRealPort(543)) - XceiverServerRatis f2514b4c-a867-463f-8d84-f95d86e9803a is started using port 15015 for RATIS_DATASTREAM
2023-09-08 11:16:22,722 [BlockDeletingService#0] INFO  interfaces.ContainerDeletionChoosingPolicyTemplate (ContainerDeletionChoosingPolicyTemplate.java:chooseContainerForBlockDeletion(85)) - Chosen 0/5000 blocks from 0 candidate containers.
2023-09-08 11:16:22,983 [EndpointStateMachine task thread for /0.0.0.0:15002 - 0 ] INFO  utils.DatanodeStoreCache (DatanodeStoreCache.java:addDB(66)) - Added db /home/runner/work/ozone/ozone/hadoop-ozone/integration-test/target/test-dir/MiniOzoneClusterImpl-4b7384aa-5f33-426b-b021-b584800a716a/datanode-1/data-0/containers/hdds/4b7384aa-5f33-426b-b021-b584800a716a/DS-57d3eed3-4c05-4d83-ab0c-e6a308da9abe/container.db to cache
2023-09-08 11:16:22,984 [EndpointStateMachine task thread for /0.0.0.0:15002 - 0 ] INFO  volume.HddsVolume (HddsVolume.java:createDbStore(422)) - SchemaV3 db is created and loaded at /home/runner/work/ozone/ozone/hadoop-ozone/integration-test/target/test-dir/MiniOzoneClusterImpl-4b7384aa-5f33-426b-b021-b584800a716a/datanode-1/data-0/containers/hdds/4b7384aa-5f33-426b-b021-b584800a716a/DS-57d3eed3-4c05-4d83-ab0c-e6a308da9abe/container.db for volume DS-57d3eed3-4c05-4d83-ab0c-e6a308da9abe
2023-09-08 11:16:22,985 [EndpointStateMachine task thread for /0.0.0.0:15002 - 0 ] INFO  volume.ThrottledAsyncChecker (ThrottledAsyncChecker.java:schedule(141)) - Scheduling a check for /home/runner/work/ozone/ozone/hadoop-ozone/integration-test/target/test-dir/MiniOzoneClusterImpl-4b7384aa-5f33-426b-b021-b584800a716a/datanode-1/data-0/containers/hdds
2023-09-08 11:16:22,989 [EndpointStateMachine task thread for /0.0.0.0:15002 - 0 ] INFO  volume.StorageVolumeChecker (StorageVolumeChecker.java:checkAllVolumes(213)) - Scheduled health check for volume /home/runner/work/ozone/ozone/hadoop-ozone/integration-test/target/test-dir/MiniOzoneClusterImpl-4b7384aa-5f33-426b-b021-b584800a716a/datanode-1/data-0/containers/hdds
2023-09-08 11:16:22,991 [EndpointStateMachine task thread for /0.0.0.0:15002 - 0 ] INFO  volume.ThrottledAsyncChecker (ThrottledAsyncChecker.java:schedule(141)) - Scheduling a check for /home/runner/work/ozone/ozone/hadoop-ozone/integration-test/target/test-dir/MiniOzoneClusterImpl-4b7384aa-5f33-426b-b021-b584800a716a/datanode-1/data/ratis
2023-09-08 11:16:22,991 [EndpointStateMachine task thread for /0.0.0.0:15002 - 0 ] INFO  volume.StorageVolumeChecker (StorageVolumeChecker.java:checkAllVolumes(213)) - Scheduled health check for volume /home/runner/work/ozone/ozone/hadoop-ozone/integration-test/target/test-dir/MiniOzoneClusterImpl-4b7384aa-5f33-426b-b021-b584800a716a/datanode-1/data/ratis
2023-09-08 11:16:22,994 [EndpointStateMachine task thread for /0.0.0.0:15002 - 0 ] INFO  ozoneimpl.OzoneContainer (OzoneContainer.java:start(429)) - Attempting to start container services.
2023-09-08 11:16:22,994 [EndpointStateMachine task thread for /0.0.0.0:15002 - 0 ] INFO  ozoneimpl.OzoneContainer (OzoneContainer.java:startContainerScrub(325)) - Scheduled background container scanners and the on-demand container scanner have been disabled.
2023-09-08 11:16:22,996 [EndpointStateMachine task thread for /0.0.0.0:15002 - 0 ] INFO  replication.ReplicationServer (ReplicationServer.java:start(130)) - ReplicationServer is started using port 15025
2023-09-08 11:16:22,996 [EndpointStateMachine task thread for /0.0.0.0:15002 - 0 ] INFO  ratis.XceiverServerRatis (XceiverServerRatis.java:start(517)) - Starting XceiverServerRatis a3bbae93-4dbd-48a8-b7ec-9de03e51f535
2023-09-08 11:16:22,997 [EndpointStateMachine task thread for /0.0.0.0:15002 - 0 ] INFO  server.RaftServer (RaftServerProxy.java:startImpl(400)) - a3bbae93-4dbd-48a8-b7ec-9de03e51f535: start RPC server
2023-09-08 11:16:23,008 [EndpointStateMachine task thread for /0.0.0.0:15002 - 0 ] INFO  server.GrpcService (GrpcService.java:startImpl(302)) - a3bbae93-4dbd-48a8-b7ec-9de03e51f535: GrpcService started, listening on 15021
2023-09-08 11:16:23,009 [EndpointStateMachine task thread for /0.0.0.0:15002 - 0 ] INFO  server.GrpcService (GrpcService.java:startImpl(302)) - a3bbae93-4dbd-48a8-b7ec-9de03e51f535: GrpcService started, listening on 15023
2023-09-08 11:16:23,012 [EndpointStateMachine task thread for /0.0.0.0:15002 - 0 ] INFO  server.GrpcService (GrpcService.java:startImpl(302)) - a3bbae93-4dbd-48a8-b7ec-9de03e51f535: GrpcService started, listening on 15022
2023-09-08 11:16:23,013 [EndpointStateMachine task thread for /0.0.0.0:15002 - 0 ] INFO  ratis.XceiverServerRatis (XceiverServerRatis.java:getRealPort(543)) - XceiverServerRatis a3bbae93-4dbd-48a8-b7ec-9de03e51f535 is started using port 15021 for RATIS
2023-09-08 11:16:23,013 [EndpointStateMachine task thread for /0.0.0.0:15002 - 0 ] INFO  ratis.XceiverServerRatis (XceiverServerRatis.java:getRealPort(543)) - XceiverServerRatis a3bbae93-4dbd-48a8-b7ec-9de03e51f535 is started using port 15022 for RATIS_ADMIN
2023-09-08 11:16:23,013 [EndpointStateMachine task thread for /0.0.0.0:15002 - 0 ] INFO  ratis.XceiverServerRatis (XceiverServerRatis.java:getRealPort(543)) - XceiverServerRatis a3bbae93-4dbd-48a8-b7ec-9de03e51f535 is started using port 15023 for RATIS_SERVER
2023-09-08 11:16:23,013 [EndpointStateMachine task thread for /0.0.0.0:15002 - 0 ] INFO  ratis.XceiverServerRatis (XceiverServerRatis.java:getRealPort(543)) - XceiverServerRatis a3bbae93-4dbd-48a8-b7ec-9de03e51f535 is started using port 15024 for RATIS_DATASTREAM
2023-09-08 11:16:23,013 [JvmPauseMonitor3] INFO  util.JvmPauseMonitor (JvmPauseMonitor.java:run(103)) - JvmPauseMonitor-a3bbae93-4dbd-48a8-b7ec-9de03e51f535: Started
2023-09-08 11:16:23,028 [BlockDeletingService#0] INFO  interfaces.ContainerDeletionChoosingPolicyTemplate (ContainerDeletionChoosingPolicyTemplate.java:chooseContainerForBlockDeletion(85)) - Chosen 0/5000 blocks from 0 candidate containers.
2023-09-08 11:16:23,126 [main] INFO  ozone.MiniOzoneClusterImpl (MiniOzoneClusterImpl.java:lambda$waitForClusterToBeReady$0(224)) - Waiting for nodes to be ready. Got 0 of 5 DN Heartbeats.
2023-09-08 11:16:23,126 [main] INFO  ozone.MiniOzoneClusterImpl (MiniOzoneClusterImpl.java:lambda$waitForClusterToBeReady$0(227)) - Waiting for cluster to exit safe mode
2023-09-08 11:16:23,126 [main] INFO  ozone.MiniOzoneClusterImpl (MiniOzoneClusterImpl.java:lambda$waitForClusterToBeReady$0(229)) - SCM became leader
2023-09-08 11:16:23,356 [EndpointStateMachine task thread for /0.0.0.0:15002 - 0 ] INFO  utils.DatanodeStoreCache (DatanodeStoreCache.java:addDB(66)) - Added db /home/runner/work/ozone/ozone/hadoop-ozone/integration-test/target/test-dir/MiniOzoneClusterImpl-4b7384aa-5f33-426b-b021-b584800a716a/datanode-2/data-0/containers/hdds/4b7384aa-5f33-426b-b021-b584800a716a/DS-0e0b896b-b47d-41ce-8c48-44b4c2ba3782/container.db to cache
2023-09-08 11:16:23,356 [EndpointStateMachine task thread for /0.0.0.0:15002 - 0 ] INFO  volume.HddsVolume (HddsVolume.java:createDbStore(422)) - SchemaV3 db is created and loaded at /home/runner/work/ozone/ozone/hadoop-ozone/integration-test/target/test-dir/MiniOzoneClusterImpl-4b7384aa-5f33-426b-b021-b584800a716a/datanode-2/data-0/containers/hdds/4b7384aa-5f33-426b-b021-b584800a716a/DS-0e0b896b-b47d-41ce-8c48-44b4c2ba3782/container.db for volume DS-0e0b896b-b47d-41ce-8c48-44b4c2ba3782
2023-09-08 11:16:23,357 [EndpointStateMachine task thread for /0.0.0.0:15002 - 0 ] INFO  volume.ThrottledAsyncChecker (ThrottledAsyncChecker.java:schedule(141)) - Scheduling a check for /home/runner/work/ozone/ozone/hadoop-ozone/integration-test/target/test-dir/MiniOzoneClusterImpl-4b7384aa-5f33-426b-b021-b584800a716a/datanode-2/data-0/containers/hdds
2023-09-08 11:16:23,359 [EndpointStateMachine task thread for /0.0.0.0:15002 - 0 ] INFO  volume.StorageVolumeChecker (StorageVolumeChecker.java:checkAllVolumes(213)) - Scheduled health check for volume /home/runner/work/ozone/ozone/hadoop-ozone/integration-test/target/test-dir/MiniOzoneClusterImpl-4b7384aa-5f33-426b-b021-b584800a716a/datanode-2/data-0/containers/hdds
2023-09-08 11:16:23,367 [EndpointStateMachine task thread for /0.0.0.0:15002 - 0 ] INFO  volume.ThrottledAsyncChecker (ThrottledAsyncChecker.java:schedule(141)) - Scheduling a check for /home/runner/work/ozone/ozone/hadoop-ozone/integration-test/target/test-dir/MiniOzoneClusterImpl-4b7384aa-5f33-426b-b021-b584800a716a/datanode-2/data/ratis
2023-09-08 11:16:23,368 [EndpointStateMachine task thread for /0.0.0.0:15002 - 0 ] INFO  volume.StorageVolumeChecker (StorageVolumeChecker.java:checkAllVolumes(213)) - Scheduled health check for volume /home/runner/work/ozone/ozone/hadoop-ozone/integration-test/target/test-dir/MiniOzoneClusterImpl-4b7384aa-5f33-426b-b021-b584800a716a/datanode-2/data/ratis
2023-09-08 11:16:23,369 [EndpointStateMachine task thread for /0.0.0.0:15002 - 0 ] INFO  ozoneimpl.OzoneContainer (OzoneContainer.java:start(429)) - Attempting to start container services.
2023-09-08 11:16:23,369 [EndpointStateMachine task thread for /0.0.0.0:15002 - 0 ] INFO  ozoneimpl.OzoneContainer (OzoneContainer.java:startContainerScrub(325)) - Scheduled background container scanners and the on-demand container scanner have been disabled.
2023-09-08 11:16:23,372 [EndpointStateMachine task thread for /0.0.0.0:15002 - 0 ] INFO  replication.ReplicationServer (ReplicationServer.java:start(130)) - ReplicationServer is started using port 15034
2023-09-08 11:16:23,372 [EndpointStateMachine task thread for /0.0.0.0:15002 - 0 ] INFO  ratis.XceiverServerRatis (XceiverServerRatis.java:start(517)) - Starting XceiverServerRatis 89f84e8b-2e80-4453-8736-c86c7ce839d9
2023-09-08 11:16:23,373 [EndpointStateMachine task thread for /0.0.0.0:15002 - 0 ] INFO  server.RaftServer (RaftServerProxy.java:startImpl(400)) - 89f84e8b-2e80-4453-8736-c86c7ce839d9: start RPC server
2023-09-08 11:16:23,375 [EndpointStateMachine task thread for /0.0.0.0:15002 - 0 ] INFO  server.GrpcService (GrpcService.java:startImpl(302)) - 89f84e8b-2e80-4453-8736-c86c7ce839d9: GrpcService started, listening on 15030
2023-09-08 11:16:23,379 [EndpointStateMachine task thread for /0.0.0.0:15002 - 0 ] INFO  server.GrpcService (GrpcService.java:startImpl(302)) - 89f84e8b-2e80-4453-8736-c86c7ce839d9: GrpcService started, listening on 15032
2023-09-08 11:16:23,382 [EndpointStateMachine task thread for /0.0.0.0:15002 - 0 ] INFO  server.GrpcService (GrpcService.java:startImpl(302)) - 89f84e8b-2e80-4453-8736-c86c7ce839d9: GrpcService started, listening on 15031
2023-09-08 11:16:23,382 [EndpointStateMachine task thread for /0.0.0.0:15002 - 0 ] INFO  ratis.XceiverServerRatis (XceiverServerRatis.java:getRealPort(543)) - XceiverServerRatis 89f84e8b-2e80-4453-8736-c86c7ce839d9 is started using port 15030 for RATIS
2023-09-08 11:16:23,382 [JvmPauseMonitor4] INFO  util.JvmPauseMonitor (JvmPauseMonitor.java:run(103)) - JvmPauseMonitor-89f84e8b-2e80-4453-8736-c86c7ce839d9: Started
2023-09-08 11:16:23,382 [EndpointStateMachine task thread for /0.0.0.0:15002 - 0 ] INFO  ratis.XceiverServerRatis (XceiverServerRatis.java:getRealPort(543)) - XceiverServerRatis 89f84e8b-2e80-4453-8736-c86c7ce839d9 is started using port 15031 for RATIS_ADMIN
2023-09-08 11:16:23,383 [EndpointStateMachine task thread for /0.0.0.0:15002 - 0 ] INFO  ratis.XceiverServerRatis (XceiverServerRatis.java:getRealPort(543)) - XceiverServerRatis 89f84e8b-2e80-4453-8736-c86c7ce839d9 is started using port 15032 for RATIS_SERVER
2023-09-08 11:16:23,383 [EndpointStateMachine task thread for /0.0.0.0:15002 - 0 ] INFO  ratis.XceiverServerRatis (XceiverServerRatis.java:getRealPort(543)) - XceiverServerRatis 89f84e8b-2e80-4453-8736-c86c7ce839d9 is started using port 15033 for RATIS_DATASTREAM
2023-09-08 11:16:23,395 [BlockDeletingService#0] INFO  interfaces.ContainerDeletionChoosingPolicyTemplate (ContainerDeletionChoosingPolicyTemplate.java:chooseContainerForBlockDeletion(85)) - Chosen 0/5000 blocks from 0 candidate containers.
2023-09-08 11:16:23,810 [EndpointStateMachine task thread for /0.0.0.0:15002 - 0 ] INFO  utils.DatanodeStoreCache (DatanodeStoreCache.java:addDB(66)) - Added db /home/runner/work/ozone/ozone/hadoop-ozone/integration-test/target/test-dir/MiniOzoneClusterImpl-4b7384aa-5f33-426b-b021-b584800a716a/datanode-3/data-0/containers/hdds/4b7384aa-5f33-426b-b021-b584800a716a/DS-4bc78ca5-4ed4-49da-98bf-721441c6739d/container.db to cache
2023-09-08 11:16:23,810 [EndpointStateMachine task thread for /0.0.0.0:15002 - 0 ] INFO  volume.HddsVolume (HddsVolume.java:createDbStore(422)) - SchemaV3 db is created and loaded at /home/runner/work/ozone/ozone/hadoop-ozone/integration-test/target/test-dir/MiniOzoneClusterImpl-4b7384aa-5f33-426b-b021-b584800a716a/datanode-3/data-0/containers/hdds/4b7384aa-5f33-426b-b021-b584800a716a/DS-4bc78ca5-4ed4-49da-98bf-721441c6739d/container.db for volume DS-4bc78ca5-4ed4-49da-98bf-721441c6739d
2023-09-08 11:16:23,812 [EndpointStateMachine task thread for /0.0.0.0:15002 - 0 ] INFO  volume.ThrottledAsyncChecker (ThrottledAsyncChecker.java:schedule(141)) - Scheduling a check for /home/runner/work/ozone/ozone/hadoop-ozone/integration-test/target/test-dir/MiniOzoneClusterImpl-4b7384aa-5f33-426b-b021-b584800a716a/datanode-3/data-0/containers/hdds
2023-09-08 11:16:23,814 [EndpointStateMachine task thread for /0.0.0.0:15002 - 0 ] INFO  volume.StorageVolumeChecker (StorageVolumeChecker.java:checkAllVolumes(213)) - Scheduled health check for volume /home/runner/work/ozone/ozone/hadoop-ozone/integration-test/target/test-dir/MiniOzoneClusterImpl-4b7384aa-5f33-426b-b021-b584800a716a/datanode-3/data-0/containers/hdds
2023-09-08 11:16:23,821 [EndpointStateMachine task thread for /0.0.0.0:15002 - 0 ] INFO  volume.ThrottledAsyncChecker (ThrottledAsyncChecker.java:schedule(141)) - Scheduling a check for /home/runner/work/ozone/ozone/hadoop-ozone/integration-test/target/test-dir/MiniOzoneClusterImpl-4b7384aa-5f33-426b-b021-b584800a716a/datanode-3/data/ratis
2023-09-08 11:16:23,821 [EndpointStateMachine task thread for /0.0.0.0:15002 - 0 ] INFO  volume.StorageVolumeChecker (StorageVolumeChecker.java:checkAllVolumes(213)) - Scheduled health check for volume /home/runner/work/ozone/ozone/hadoop-ozone/integration-test/target/test-dir/MiniOzoneClusterImpl-4b7384aa-5f33-426b-b021-b584800a716a/datanode-3/data/ratis
2023-09-08 11:16:23,822 [EndpointStateMachine task thread for /0.0.0.0:15002 - 0 ] INFO  ozoneimpl.OzoneContainer (OzoneContainer.java:start(429)) - Attempting to start container services.
2023-09-08 11:16:23,823 [EndpointStateMachine task thread for /0.0.0.0:15002 - 0 ] INFO  ozoneimpl.OzoneContainer (OzoneContainer.java:startContainerScrub(325)) - Scheduled background container scanners and the on-demand container scanner have been disabled.
2023-09-08 11:16:23,826 [EndpointStateMachine task thread for /0.0.0.0:15002 - 0 ] INFO  replication.ReplicationServer (ReplicationServer.java:start(130)) - ReplicationServer is started using port 15043
2023-09-08 11:16:23,826 [EndpointStateMachine task thread for /0.0.0.0:15002 - 0 ] INFO  ratis.XceiverServerRatis (XceiverServerRatis.java:start(517)) - Starting XceiverServerRatis d33cef6e-fa1d-4bba-bddd-0d189def30bc
2023-09-08 11:16:23,827 [EndpointStateMachine task thread for /0.0.0.0:15002 - 0 ] INFO  server.RaftServer (RaftServerProxy.java:startImpl(400)) - d33cef6e-fa1d-4bba-bddd-0d189def30bc: start RPC server
2023-09-08 11:16:23,829 [EndpointStateMachine task thread for /0.0.0.0:15002 - 0 ] INFO  server.GrpcService (GrpcService.java:startImpl(302)) - d33cef6e-fa1d-4bba-bddd-0d189def30bc: GrpcService started, listening on 15039
2023-09-08 11:16:23,831 [EndpointStateMachine task thread for /0.0.0.0:15002 - 0 ] INFO  server.GrpcService (GrpcService.java:startImpl(302)) - d33cef6e-fa1d-4bba-bddd-0d189def30bc: GrpcService started, listening on 15041
2023-09-08 11:16:23,837 [EndpointStateMachine task thread for /0.0.0.0:15002 - 0 ] INFO  server.GrpcService (GrpcService.java:startImpl(302)) - d33cef6e-fa1d-4bba-bddd-0d189def30bc: GrpcService started, listening on 15040
2023-09-08 11:16:23,838 [EndpointStateMachine task thread for /0.0.0.0:15002 - 0 ] INFO  ratis.XceiverServerRatis (XceiverServerRatis.java:getRealPort(543)) - XceiverServerRatis d33cef6e-fa1d-4bba-bddd-0d189def30bc is started using port 15039 for RATIS
2023-09-08 11:16:23,838 [JvmPauseMonitor5] INFO  util.JvmPauseMonitor (JvmPauseMonitor.java:run(103)) - JvmPauseMonitor-d33cef6e-fa1d-4bba-bddd-0d189def30bc: Started
2023-09-08 11:16:23,838 [EndpointStateMachine task thread for /0.0.0.0:15002 - 0 ] INFO  ratis.XceiverServerRatis (XceiverServerRatis.java:getRealPort(543)) - XceiverServerRatis d33cef6e-fa1d-4bba-bddd-0d189def30bc is started using port 15040 for RATIS_ADMIN
2023-09-08 11:16:23,839 [EndpointStateMachine task thread for /0.0.0.0:15002 - 0 ] INFO  ratis.XceiverServerRatis (XceiverServerRatis.java:getRealPort(543)) - XceiverServerRatis d33cef6e-fa1d-4bba-bddd-0d189def30bc is started using port 15041 for RATIS_SERVER
2023-09-08 11:16:23,839 [EndpointStateMachine task thread for /0.0.0.0:15002 - 0 ] INFO  ratis.XceiverServerRatis (XceiverServerRatis.java:getRealPort(543)) - XceiverServerRatis d33cef6e-fa1d-4bba-bddd-0d189def30bc is started using port 15042 for RATIS_DATASTREAM
2023-09-08 11:16:23,861 [BlockDeletingService#0] INFO  interfaces.ContainerDeletionChoosingPolicyTemplate (ContainerDeletionChoosingPolicyTemplate.java:chooseContainerForBlockDeletion(85)) - Chosen 0/5000 blocks from 0 candidate containers.
2023-09-08 11:16:24,127 [main] INFO  ozone.MiniOzoneClusterImpl (MiniOzoneClusterImpl.java:lambda$waitForClusterToBeReady$0(224)) - Waiting for nodes to be ready. Got 0 of 5 DN Heartbeats.
2023-09-08 11:16:24,127 [main] INFO  ozone.MiniOzoneClusterImpl (MiniOzoneClusterImpl.java:lambda$waitForClusterToBeReady$0(227)) - Waiting for cluster to exit safe mode
2023-09-08 11:16:24,127 [main] INFO  ozone.MiniOzoneClusterImpl (MiniOzoneClusterImpl.java:lambda$waitForClusterToBeReady$0(229)) - SCM became leader
2023-09-08 11:16:24,176 [EndpointStateMachine task thread for /0.0.0.0:15002 - 0 ] INFO  utils.DatanodeStoreCache (DatanodeStoreCache.java:addDB(66)) - Added db /home/runner/work/ozone/ozone/hadoop-ozone/integration-test/target/test-dir/MiniOzoneClusterImpl-4b7384aa-5f33-426b-b021-b584800a716a/datanode-4/data-0/containers/hdds/4b7384aa-5f33-426b-b021-b584800a716a/DS-b2fda74a-f831-4ad6-a9b2-6a579f3421cb/container.db to cache
2023-09-08 11:16:24,176 [EndpointStateMachine task thread for /0.0.0.0:15002 - 0 ] INFO  volume.HddsVolume (HddsVolume.java:createDbStore(422)) - SchemaV3 db is created and loaded at /home/runner/work/ozone/ozone/hadoop-ozone/integration-test/target/test-dir/MiniOzoneClusterImpl-4b7384aa-5f33-426b-b021-b584800a716a/datanode-4/data-0/containers/hdds/4b7384aa-5f33-426b-b021-b584800a716a/DS-b2fda74a-f831-4ad6-a9b2-6a579f3421cb/container.db for volume DS-b2fda74a-f831-4ad6-a9b2-6a579f3421cb
2023-09-08 11:16:24,177 [EndpointStateMachine task thread for /0.0.0.0:15002 - 0 ] INFO  volume.ThrottledAsyncChecker (ThrottledAsyncChecker.java:schedule(141)) - Scheduling a check for /home/runner/work/ozone/ozone/hadoop-ozone/integration-test/target/test-dir/MiniOzoneClusterImpl-4b7384aa-5f33-426b-b021-b584800a716a/datanode-4/data-0/containers/hdds
2023-09-08 11:16:24,177 [EndpointStateMachine task thread for /0.0.0.0:15002 - 0 ] INFO  volume.StorageVolumeChecker (StorageVolumeChecker.java:checkAllVolumes(213)) - Scheduled health check for volume /home/runner/work/ozone/ozone/hadoop-ozone/integration-test/target/test-dir/MiniOzoneClusterImpl-4b7384aa-5f33-426b-b021-b584800a716a/datanode-4/data-0/containers/hdds
2023-09-08 11:16:24,181 [EndpointStateMachine task thread for /0.0.0.0:15002 - 0 ] INFO  volume.ThrottledAsyncChecker (ThrottledAsyncChecker.java:schedule(141)) - Scheduling a check for /home/runner/work/ozone/ozone/hadoop-ozone/integration-test/target/test-dir/MiniOzoneClusterImpl-4b7384aa-5f33-426b-b021-b584800a716a/datanode-4/data/ratis
2023-09-08 11:16:24,181 [EndpointStateMachine task thread for /0.0.0.0:15002 - 0 ] INFO  volume.StorageVolumeChecker (StorageVolumeChecker.java:checkAllVolumes(213)) - Scheduled health check for volume /home/runner/work/ozone/ozone/hadoop-ozone/integration-test/target/test-dir/MiniOzoneClusterImpl-4b7384aa-5f33-426b-b021-b584800a716a/datanode-4/data/ratis
2023-09-08 11:16:24,182 [EndpointStateMachine task thread for /0.0.0.0:15002 - 0 ] INFO  ozoneimpl.OzoneContainer (OzoneContainer.java:start(429)) - Attempting to start container services.
2023-09-08 11:16:24,182 [EndpointStateMachine task thread for /0.0.0.0:15002 - 0 ] INFO  ozoneimpl.OzoneContainer (OzoneContainer.java:startContainerScrub(325)) - Scheduled background container scanners and the on-demand container scanner have been disabled.
2023-09-08 11:16:24,184 [EndpointStateMachine task thread for /0.0.0.0:15002 - 0 ] INFO  replication.ReplicationServer (ReplicationServer.java:start(130)) - ReplicationServer is started using port 15052
2023-09-08 11:16:24,184 [EndpointStateMachine task thread for /0.0.0.0:15002 - 0 ] INFO  ratis.XceiverServerRatis (XceiverServerRatis.java:start(517)) - Starting XceiverServerRatis 2dfd442c-a1c3-4c12-a15b-8aed08a5dec6
2023-09-08 11:16:24,184 [EndpointStateMachine task thread for /0.0.0.0:15002 - 0 ] INFO  server.RaftServer (RaftServerProxy.java:startImpl(400)) - 2dfd442c-a1c3-4c12-a15b-8aed08a5dec6: start RPC server
2023-09-08 11:16:24,187 [EndpointStateMachine task thread for /0.0.0.0:15002 - 0 ] INFO  server.GrpcService (GrpcService.java:startImpl(302)) - 2dfd442c-a1c3-4c12-a15b-8aed08a5dec6: GrpcService started, listening on 15048
2023-09-08 11:16:24,188 [EndpointStateMachine task thread for /0.0.0.0:15002 - 0 ] INFO  server.GrpcService (GrpcService.java:startImpl(302)) - 2dfd442c-a1c3-4c12-a15b-8aed08a5dec6: GrpcService started, listening on 15050
2023-09-08 11:16:24,189 [EndpointStateMachine task thread for /0.0.0.0:15002 - 0 ] INFO  server.GrpcService (GrpcService.java:startImpl(302)) - 2dfd442c-a1c3-4c12-a15b-8aed08a5dec6: GrpcService started, listening on 15049
2023-09-08 11:16:24,189 [EndpointStateMachine task thread for /0.0.0.0:15002 - 0 ] INFO  ratis.XceiverServerRatis (XceiverServerRatis.java:getRealPort(543)) - XceiverServerRatis 2dfd442c-a1c3-4c12-a15b-8aed08a5dec6 is started using port 15048 for RATIS
2023-09-08 11:16:24,189 [EndpointStateMachine task thread for /0.0.0.0:15002 - 0 ] INFO  ratis.XceiverServerRatis (XceiverServerRatis.java:getRealPort(543)) - XceiverServerRatis 2dfd442c-a1c3-4c12-a15b-8aed08a5dec6 is started using port 15049 for RATIS_ADMIN
2023-09-08 11:16:24,189 [EndpointStateMachine task thread for /0.0.0.0:15002 - 0 ] INFO  ratis.XceiverServerRatis (XceiverServerRatis.java:getRealPort(543)) - XceiverServerRatis 2dfd442c-a1c3-4c12-a15b-8aed08a5dec6 is started using port 15050 for RATIS_SERVER
2023-09-08 11:16:24,189 [EndpointStateMachine task thread for /0.0.0.0:15002 - 0 ] INFO  ratis.XceiverServerRatis (XceiverServerRatis.java:getRealPort(543)) - XceiverServerRatis 2dfd442c-a1c3-4c12-a15b-8aed08a5dec6 is started using port 15051 for RATIS_DATASTREAM
2023-09-08 11:16:24,190 [JvmPauseMonitor6] INFO  util.JvmPauseMonitor (JvmPauseMonitor.java:run(103)) - JvmPauseMonitor-2dfd442c-a1c3-4c12-a15b-8aed08a5dec6: Started
2023-09-08 11:16:24,196 [BlockDeletingService#0] INFO  interfaces.ContainerDeletionChoosingPolicyTemplate (ContainerDeletionChoosingPolicyTemplate.java:chooseContainerForBlockDeletion(85)) - Chosen 0/5000 blocks from 0 candidate containers.
2023-09-08 11:16:24,504 [IPC Server handler 11 on default port 15002] INFO  net.NetworkTopologyImpl (NetworkTopologyImpl.java:add(112)) - Added a new node: /default-rack/f2514b4c-a867-463f-8d84-f95d86e9803a
2023-09-08 11:16:24,507 [IPC Server handler 11 on default port 15002] INFO  node.SCMNodeManager (SCMNodeManager.java:register(405)) - Registered Data node : f2514b4c-a867-463f-8d84-f95d86e9803a{ip: 10.1.0.72, host: fv-az203-160.hq41me5fykbulac445kfrvsskg.dx.internal.cloudapp.net, ports: [HTTP=15009, CLIENT_RPC=15010, REPLICATION=15016, RATIS=15012, RATIS_ADMIN=15013, RATIS_SERVER=15014, RATIS_DATASTREAM=15015, STANDALONE=15011], networkLocation: /default-rack, certSerialId: null, persistedOpState: null, persistedOpStateExpiryEpochSec: 0}
2023-09-08 11:16:24,511 [EventQueue-NewNodeForNewNodeHandler] INFO  pipeline.BackgroundPipelineCreator (BackgroundPipelineCreator.java:notifyEventTriggered(277)) - trigger a one-shot run on RatisPipelineUtilsThread.
2023-09-08 11:16:24,525 [RatisPipelineUtilsThread - 0] INFO  pipeline.RatisPipelineProvider (RatisPipelineProvider.java:lambda$create$0(206)) - Sending CreatePipelineCommand for pipeline:PipelineID=ee5124d9-574c-417a-9643-0850443ca208 to datanode:f2514b4c-a867-463f-8d84-f95d86e9803a
2023-09-08 11:16:24,533 [EventQueue-NodeRegistrationContainerReportForDataNodeSafeModeRule] INFO  safemode.SCMSafeModeManager (DataNodeSafeModeRule.java:process(71)) - SCM in safe mode. 1 DataNodes registered, 3 required.
2023-09-08 11:16:24,533 [EventQueue-NodeRegistrationContainerReportForContainerSafeModeRule] INFO  safemode.SCMSafeModeManager (SCMSafeModeManager.java:validateSafeModeExitRules(200)) - ContainerSafeModeRule rule is successfully validated
2023-09-08 11:16:24,537 [EventQueue-PipelineReportForOneReplicaPipelineSafeModeRule] INFO  safemode.SCMSafeModeManager (SCMSafeModeManager.java:validateSafeModeExitRules(200)) - AtleastOneDatanodeReportedRule rule is successfully validated
2023-09-08 11:16:24,554 [RatisPipelineUtilsThread - 0] INFO  pipeline.BackgroundPipelineCreator (BackgroundPipelineCreator.java:createPipelines(233)) - Created new pipeline Pipeline[ Id: ee5124d9-574c-417a-9643-0850443ca208, Nodes: f2514b4c-a867-463f-8d84-f95d86e9803a(fv-az203-160.hq41me5fykbulac445kfrvsskg.dx.internal.cloudapp.net/10.1.0.72), ReplicationConfig: RATIS/ONE, State:ALLOCATED, leaderId:, CreationTimestamp2023-09-08T11:16:24.523Z[Etc/UTC]]
2023-09-08 11:16:24,935 [IPC Server handler 10 on default port 15002] INFO  net.NetworkTopologyImpl (NetworkTopologyImpl.java:add(112)) - Added a new node: /default-rack/a3bbae93-4dbd-48a8-b7ec-9de03e51f535
2023-09-08 11:16:24,936 [IPC Server handler 10 on default port 15002] INFO  node.SCMNodeManager (SCMNodeManager.java:register(405)) - Registered Data node : a3bbae93-4dbd-48a8-b7ec-9de03e51f535{ip: 10.1.0.72, host: fv-az203-160.hq41me5fykbulac445kfrvsskg.dx.internal.cloudapp.net, ports: [HTTP=15018, CLIENT_RPC=15019, REPLICATION=15025, RATIS=15021, RATIS_ADMIN=15022, RATIS_SERVER=15023, RATIS_DATASTREAM=15024, STANDALONE=15020], networkLocation: /default-rack, certSerialId: null, persistedOpState: null, persistedOpStateExpiryEpochSec: 0}
2023-09-08 11:16:24,937 [EventQueue-NodeRegistrationContainerReportForDataNodeSafeModeRule] INFO  safemode.SCMSafeModeManager (DataNodeSafeModeRule.java:process(71)) - SCM in safe mode. 2 DataNodes registered, 3 required.
2023-09-08 11:16:24,938 [EventQueue-NewNodeForNewNodeHandler] INFO  pipeline.BackgroundPipelineCreator (BackgroundPipelineCreator.java:notifyEventTriggered(277)) - trigger a one-shot run on RatisPipelineUtilsThread.
2023-09-08 11:16:24,940 [RatisPipelineUtilsThread - 0] INFO  pipeline.RatisPipelineProvider (RatisPipelineProvider.java:lambda$create$0(206)) - Sending CreatePipelineCommand for pipeline:PipelineID=a86de6f5-e8b4-481d-880c-d2c97247619f to datanode:a3bbae93-4dbd-48a8-b7ec-9de03e51f535
2023-09-08 11:16:24,941 [RatisPipelineUtilsThread - 0] INFO  pipeline.BackgroundPipelineCreator (BackgroundPipelineCreator.java:createPipelines(233)) - Created new pipeline Pipeline[ Id: a86de6f5-e8b4-481d-880c-d2c97247619f, Nodes: a3bbae93-4dbd-48a8-b7ec-9de03e51f535(fv-az203-160.hq41me5fykbulac445kfrvsskg.dx.internal.cloudapp.net/10.1.0.72), ReplicationConfig: RATIS/ONE, State:ALLOCATED, leaderId:, CreationTimestamp2023-09-08T11:16:24.940Z[Etc/UTC]]
2023-09-08 11:16:25,128 [main] INFO  ozone.MiniOzoneClusterImpl (MiniOzoneClusterImpl.java:lambda$waitForClusterToBeReady$0(224)) - Waiting for nodes to be ready. Got 2 of 5 DN Heartbeats.
2023-09-08 11:16:25,128 [main] INFO  ozone.MiniOzoneClusterImpl (MiniOzoneClusterImpl.java:lambda$waitForClusterToBeReady$0(227)) - Waiting for cluster to exit safe mode
2023-09-08 11:16:25,128 [main] INFO  ozone.MiniOzoneClusterImpl (MiniOzoneClusterImpl.java:lambda$waitForClusterToBeReady$0(229)) - SCM became leader
2023-09-08 11:16:25,310 [IPC Server handler 11 on default port 15002] INFO  net.NetworkTopologyImpl (NetworkTopologyImpl.java:add(112)) - Added a new node: /default-rack/89f84e8b-2e80-4453-8736-c86c7ce839d9
2023-09-08 11:16:25,310 [IPC Server handler 11 on default port 15002] INFO  node.SCMNodeManager (SCMNodeManager.java:register(405)) - Registered Data node : 89f84e8b-2e80-4453-8736-c86c7ce839d9{ip: 10.1.0.72, host: fv-az203-160.hq41me5fykbulac445kfrvsskg.dx.internal.cloudapp.net, ports: [HTTP=15027, CLIENT_RPC=15028, REPLICATION=15034, RATIS=15030, RATIS_ADMIN=15031, RATIS_SERVER=15032, RATIS_DATASTREAM=15033, STANDALONE=15029], networkLocation: /default-rack, certSerialId: null, persistedOpState: null, persistedOpStateExpiryEpochSec: 0}
2023-09-08 11:16:25,310 [EventQueue-NewNodeForNewNodeHandler] INFO  pipeline.BackgroundPipelineCreator (BackgroundPipelineCreator.java:notifyEventTriggered(277)) - trigger a one-shot run on RatisPipelineUtilsThread.
2023-09-08 11:16:25,311 [RatisPipelineUtilsThread - 0] INFO  pipeline.RatisPipelineProvider (RatisPipelineProvider.java:lambda$create$0(206)) - Sending CreatePipelineCommand for pipeline:PipelineID=d29edb83-59f1-4d83-bfb0-70d93477139d to datanode:89f84e8b-2e80-4453-8736-c86c7ce839d9
2023-09-08 11:16:25,314 [EventQueue-NodeRegistrationContainerReportForDataNodeSafeModeRule] INFO  safemode.SCMSafeModeManager (DataNodeSafeModeRule.java:process(71)) - SCM in safe mode. 3 DataNodes registered, 3 required.
2023-09-08 11:16:25,314 [EventQueue-NodeRegistrationContainerReportForDataNodeSafeModeRule] INFO  safemode.SCMSafeModeManager (SCMSafeModeManager.java:validateSafeModeExitRules(200)) - DataNodeSafeModeRule rule is successfully validated
2023-09-08 11:16:25,314 [EventQueue-NodeRegistrationContainerReportForDataNodeSafeModeRule] INFO  safemode.SCMSafeModeManager (SCMSafeModeManager.java:completePreCheck(229)) - All SCM safe mode pre check rules have passed
2023-09-08 11:16:25,314 [EventQueue-NodeRegistrationContainerReportForDataNodeSafeModeRule] INFO  ha.SCMContext (SCMContext.java:updateSafeModeStatus(228)) - Update SafeModeStatus from SafeModeStatus{safeModeStatus=true, preCheckPassed=false} to SafeModeStatus{safeModeStatus=true, preCheckPassed=true}.
2023-09-08 11:16:25,314 [EventQueue-NodeRegistrationContainerReportForDataNodeSafeModeRule] INFO  pipeline.BackgroundPipelineCreator (BackgroundPipelineCreator.java:notifyEventTriggered(277)) - trigger a one-shot run on RatisPipelineUtilsThread.
2023-09-08 11:16:25,315 [RatisPipelineUtilsThread - 0] INFO  pipeline.BackgroundPipelineCreator (BackgroundPipelineCreator.java:createPipelines(233)) - Created new pipeline Pipeline[ Id: d29edb83-59f1-4d83-bfb0-70d93477139d, Nodes: 89f84e8b-2e80-4453-8736-c86c7ce839d9(fv-az203-160.hq41me5fykbulac445kfrvsskg.dx.internal.cloudapp.net/10.1.0.72), ReplicationConfig: RATIS/ONE, State:ALLOCATED, leaderId:, CreationTimestamp2023-09-08T11:16:25.311Z[Etc/UTC]]
2023-09-08 11:16:25,323 [RatisPipelineUtilsThread - 0] INFO  pipeline.RatisPipelineProvider (RatisPipelineProvider.java:lambda$create$0(206)) - Sending CreatePipelineCommand for pipeline:PipelineID=60d6c62b-63e3-4ed9-8629-628ffe3070b6 to datanode:a3bbae93-4dbd-48a8-b7ec-9de03e51f535
2023-09-08 11:16:25,323 [RatisPipelineUtilsThread - 0] INFO  pipeline.RatisPipelineProvider (RatisPipelineProvider.java:lambda$create$0(206)) - Sending CreatePipelineCommand for pipeline:PipelineID=60d6c62b-63e3-4ed9-8629-628ffe3070b6 to datanode:f2514b4c-a867-463f-8d84-f95d86e9803a
2023-09-08 11:16:25,323 [RatisPipelineUtilsThread - 0] INFO  pipeline.RatisPipelineProvider (RatisPipelineProvider.java:lambda$create$0(206)) - Sending CreatePipelineCommand for pipeline:PipelineID=60d6c62b-63e3-4ed9-8629-628ffe3070b6 to datanode:89f84e8b-2e80-4453-8736-c86c7ce839d9
2023-09-08 11:16:25,325 [RatisPipelineUtilsThread - 0] INFO  pipeline.BackgroundPipelineCreator (BackgroundPipelineCreator.java:createPipelines(233)) - Created new pipeline Pipeline[ Id: 60d6c62b-63e3-4ed9-8629-628ffe3070b6, Nodes: a3bbae93-4dbd-48a8-b7ec-9de03e51f535(fv-az203-160.hq41me5fykbulac445kfrvsskg.dx.internal.cloudapp.net/10.1.0.72)f2514b4c-a867-463f-8d84-f95d86e9803a(fv-az203-160.hq41me5fykbulac445kfrvsskg.dx.internal.cloudapp.net/10.1.0.72)89f84e8b-2e80-4453-8736-c86c7ce839d9(fv-az203-160.hq41me5fykbulac445kfrvsskg.dx.internal.cloudapp.net/10.1.0.72), ReplicationConfig: RATIS/THREE, State:ALLOCATED, leaderId:, CreationTimestamp2023-09-08T11:16:25.323Z[Etc/UTC]]
2023-09-08 11:16:25,327 [RatisPipelineUtilsThread - 0] INFO  pipeline.RatisPipelineProvider (RatisPipelineProvider.java:lambda$create$0(206)) - Sending CreatePipelineCommand for pipeline:PipelineID=b5442b98-4191-44ba-8ddd-20c2eeb7da89 to datanode:a3bbae93-4dbd-48a8-b7ec-9de03e51f535
2023-09-08 11:16:25,327 [RatisPipelineUtilsThread - 0] INFO  pipeline.RatisPipelineProvider (RatisPipelineProvider.java:lambda$create$0(206)) - Sending CreatePipelineCommand for pipeline:PipelineID=b5442b98-4191-44ba-8ddd-20c2eeb7da89 to datanode:89f84e8b-2e80-4453-8736-c86c7ce839d9
2023-09-08 11:16:25,328 [RatisPipelineUtilsThread - 0] INFO  pipeline.RatisPipelineProvider (RatisPipelineProvider.java:lambda$create$0(206)) - Sending CreatePipelineCommand for pipeline:PipelineID=b5442b98-4191-44ba-8ddd-20c2eeb7da89 to datanode:f2514b4c-a867-463f-8d84-f95d86e9803a
2023-09-08 11:16:25,329 [RatisPipelineUtilsThread - 0] INFO  pipeline.PipelineManagerImpl (PipelineManagerImpl.java:recordMetricsForPipeline(914)) - Pipeline: PipelineID=b5442b98-4191-44ba-8ddd-20c2eeb7da89 contains same datanodes as previous pipelines: PipelineID=60d6c62b-63e3-4ed9-8629-628ffe3070b6 nodeIds: a3bbae93-4dbd-48a8-b7ec-9de03e51f535, 89f84e8b-2e80-4453-8736-c86c7ce839d9, f2514b4c-a867-463f-8d84-f95d86e9803a
2023-09-08 11:16:25,330 [RatisPipelineUtilsThread - 0] INFO  pipeline.BackgroundPipelineCreator (BackgroundPipelineCreator.java:createPipelines(233)) - Created new pipeline Pipeline[ Id: b5442b98-4191-44ba-8ddd-20c2eeb7da89, Nodes: a3bbae93-4dbd-48a8-b7ec-9de03e51f535(fv-az203-160.hq41me5fykbulac445kfrvsskg.dx.internal.cloudapp.net/10.1.0.72)89f84e8b-2e80-4453-8736-c86c7ce839d9(fv-az203-160.hq41me5fykbulac445kfrvsskg.dx.internal.cloudapp.net/10.1.0.72)f2514b4c-a867-463f-8d84-f95d86e9803a(fv-az203-160.hq41me5fykbulac445kfrvsskg.dx.internal.cloudapp.net/10.1.0.72), ReplicationConfig: RATIS/THREE, State:ALLOCATED, leaderId:, CreationTimestamp2023-09-08T11:16:25.327Z[Etc/UTC]]
2023-09-08 11:16:25,749 [IPC Server handler 10 on default port 15002] INFO  net.NetworkTopologyImpl (NetworkTopologyImpl.java:add(112)) - Added a new node: /default-rack/d33cef6e-fa1d-4bba-bddd-0d189def30bc
2023-09-08 11:16:25,750 [IPC Server handler 10 on default port 15002] INFO  node.SCMNodeManager (SCMNodeManager.java:register(405)) - Registered Data node : d33cef6e-fa1d-4bba-bddd-0d189def30bc{ip: 10.1.0.72, host: fv-az203-160.hq41me5fykbulac445kfrvsskg.dx.internal.cloudapp.net, ports: [HTTP=15036, CLIENT_RPC=15037, REPLICATION=15043, RATIS=15039, RATIS_ADMIN=15040, RATIS_SERVER=15041, RATIS_DATASTREAM=15042, STANDALONE=15038], networkLocation: /default-rack, certSerialId: null, persistedOpState: null, persistedOpStateExpiryEpochSec: 0}
2023-09-08 11:16:25,751 [EventQueue-NewNodeForNewNodeHandler] INFO  pipeline.BackgroundPipelineCreator (BackgroundPipelineCreator.java:notifyEventTriggered(277)) - trigger a one-shot run on RatisPipelineUtilsThread.
2023-09-08 11:16:25,752 [RatisPipelineUtilsThread - 0] INFO  pipeline.RatisPipelineProvider (RatisPipelineProvider.java:lambda$create$0(206)) - Sending CreatePipelineCommand for pipeline:PipelineID=0e26e517-6922-4dd9-a357-0ce59774a31b to datanode:d33cef6e-fa1d-4bba-bddd-0d189def30bc
2023-09-08 11:16:25,754 [RatisPipelineUtilsThread - 0] INFO  pipeline.BackgroundPipelineCreator (BackgroundPipelineCreator.java:createPipelines(233)) - Created new pipeline Pipeline[ Id: 0e26e517-6922-4dd9-a357-0ce59774a31b, Nodes: d33cef6e-fa1d-4bba-bddd-0d189def30bc(fv-az203-160.hq41me5fykbulac445kfrvsskg.dx.internal.cloudapp.net/10.1.0.72), ReplicationConfig: RATIS/ONE, State:ALLOCATED, leaderId:, CreationTimestamp2023-09-08T11:16:25.752Z[Etc/UTC]]
2023-09-08 11:16:26,128 [main] INFO  ozone.MiniOzoneClusterImpl (MiniOzoneClusterImpl.java:lambda$waitForClusterToBeReady$0(224)) - Waiting for nodes to be ready. Got 4 of 5 DN Heartbeats.
2023-09-08 11:16:26,128 [main] INFO  ozone.MiniOzoneClusterImpl (MiniOzoneClusterImpl.java:lambda$waitForClusterToBeReady$0(227)) - Waiting for cluster to exit safe mode
2023-09-08 11:16:26,129 [main] INFO  ozone.MiniOzoneClusterImpl (MiniOzoneClusterImpl.java:lambda$waitForClusterToBeReady$0(229)) - SCM became leader
2023-09-08 11:16:26,132 [IPC Server handler 12 on default port 15002] INFO  net.NetworkTopologyImpl (NetworkTopologyImpl.java:add(112)) - Added a new node: /default-rack/2dfd442c-a1c3-4c12-a15b-8aed08a5dec6
2023-09-08 11:16:26,133 [IPC Server handler 12 on default port 15002] INFO  node.SCMNodeManager (SCMNodeManager.java:register(405)) - Registered Data node : 2dfd442c-a1c3-4c12-a15b-8aed08a5dec6{ip: 10.1.0.72, host: fv-az203-160.hq41me5fykbulac445kfrvsskg.dx.internal.cloudapp.net, ports: [HTTP=15045, CLIENT_RPC=15046, REPLICATION=15052, RATIS=15048, RATIS_ADMIN=15049, RATIS_SERVER=15050, RATIS_DATASTREAM=15051, STANDALONE=15047], networkLocation: /default-rack, certSerialId: null, persistedOpState: null, persistedOpStateExpiryEpochSec: 0}
2023-09-08 11:16:26,133 [EventQueue-NewNodeForNewNodeHandler] INFO  pipeline.BackgroundPipelineCreator (BackgroundPipelineCreator.java:notifyEventTriggered(277)) - trigger a one-shot run on RatisPipelineUtilsThread.
2023-09-08 11:16:26,134 [RatisPipelineUtilsThread - 0] INFO  pipeline.RatisPipelineProvider (RatisPipelineProvider.java:lambda$create$0(206)) - Sending CreatePipelineCommand for pipeline:PipelineID=bfb1ca3b-128b-41db-8775-1f90f7e40752 to datanode:2dfd442c-a1c3-4c12-a15b-8aed08a5dec6
2023-09-08 11:16:26,136 [RatisPipelineUtilsThread - 0] INFO  pipeline.BackgroundPipelineCreator (BackgroundPipelineCreator.java:createPipelines(233)) - Created new pipeline Pipeline[ Id: bfb1ca3b-128b-41db-8775-1f90f7e40752, Nodes: 2dfd442c-a1c3-4c12-a15b-8aed08a5dec6(fv-az203-160.hq41me5fykbulac445kfrvsskg.dx.internal.cloudapp.net/10.1.0.72), ReplicationConfig: RATIS/ONE, State:ALLOCATED, leaderId:, CreationTimestamp2023-09-08T11:16:26.134Z[Etc/UTC]]
2023-09-08 11:16:27,129 [main] INFO  ozone.MiniOzoneClusterImpl (MiniOzoneClusterImpl.java:lambda$waitForClusterToBeReady$0(224)) - Nodes are ready. Got 5 of 5 DN Heartbeats.
2023-09-08 11:16:27,129 [main] INFO  ozone.MiniOzoneClusterImpl (MiniOzoneClusterImpl.java:lambda$waitForClusterToBeReady$0(227)) - Waiting for cluster to exit safe mode
2023-09-08 11:16:27,129 [main] INFO  ozone.MiniOzoneClusterImpl (MiniOzoneClusterImpl.java:lambda$waitForClusterToBeReady$0(229)) - SCM became leader
2023-09-08 11:16:27,503 [PipelineCommandHandlerThread-0] INFO  server.RaftServer (RaftServerProxy.java:addNew(98)) - f2514b4c-a867-463f-8d84-f95d86e9803a: addNew group-0850443CA208:[f2514b4c-a867-463f-8d84-f95d86e9803a|rpc:10.1.0.72:15014|admin:10.1.0.72:15013|client:10.1.0.72:15012|dataStream:10.1.0.72:15015|priority:1|startupRole:FOLLOWER] returns group-0850443CA208:java.util.concurrent.CompletableFuture@4fb14960[Not completed]
2023-09-08 11:16:27,519 [f2514b4c-a867-463f-8d84-f95d86e9803a-groupManagement] INFO  server.RaftServer$Division (RaftServerImpl.java:<init>(198)) - f2514b4c-a867-463f-8d84-f95d86e9803a: new RaftServerImpl for group-0850443CA208:[f2514b4c-a867-463f-8d84-f95d86e9803a|rpc:10.1.0.72:15014|admin:10.1.0.72:15013|client:10.1.0.72:15012|dataStream:10.1.0.72:15015|priority:1|startupRole:FOLLOWER] with ContainerStateMachine:uninitialized
2023-09-08 11:16:27,519 [f2514b4c-a867-463f-8d84-f95d86e9803a-groupManagement] INFO  server.RaftServerConfigKeys (ConfUtils.java:logGet(46)) - raft.server.rpc.timeout.min = 5s (custom)
2023-09-08 11:16:27,520 [f2514b4c-a867-463f-8d84-f95d86e9803a-groupManagement] INFO  server.RaftServerConfigKeys (ConfUtils.java:logGet(46)) - raft.server.rpc.timeout.max = 5200ms (custom)
2023-09-08 11:16:27,520 [f2514b4c-a867-463f-8d84-f95d86e9803a-groupManagement] INFO  server.RaftServerConfigKeys (ConfUtils.java:logGet(46)) - raft.server.rpc.sleep.time = 25ms (default)
2023-09-08 11:16:27,520 [f2514b4c-a867-463f-8d84-f95d86e9803a-groupManagement] INFO  server.RaftServerConfigKeys (ConfUtils.java:logGet(46)) - raft.server.rpc.slowness.timeout = 300s (custom)
2023-09-08 11:16:27,520 [f2514b4c-a867-463f-8d84-f95d86e9803a-groupManagement] INFO  server.RaftServerConfigKeys (ConfUtils.java:logGet(46)) - raft.server.leaderelection.leader.step-down.wait-time = 10s (default)
2023-09-08 11:16:27,520 [f2514b4c-a867-463f-8d84-f95d86e9803a-groupManagement] INFO  server.RaftServerConfigKeys (ConfUtils.java:logGet(46)) - raft.server.sleep.deviation.threshold = 300ms (default)
2023-09-08 11:16:27,520 [f2514b4c-a867-463f-8d84-f95d86e9803a-groupManagement] INFO  server.RaftServer$Division (ServerState.java:<init>(120)) - f2514b4c-a867-463f-8d84-f95d86e9803a@group-0850443CA208: ConfigurationManager, init=-1: peers:[f2514b4c-a867-463f-8d84-f95d86e9803a|rpc:10.1.0.72:15014|admin:10.1.0.72:15013|client:10.1.0.72:15012|dataStream:10.1.0.72:15015|priority:1|startupRole:FOLLOWER]|listeners:[], old=null, confs=<EMPTY_MAP>
2023-09-08 11:16:27,520 [f2514b4c-a867-463f-8d84-f95d86e9803a-groupManagement] INFO  server.RaftServerConfigKeys (ConfUtils.java:logGet(46)) - raft.server.storage.dir = [/home/runner/work/ozone/ozone/hadoop-ozone/integration-test/target/test-dir/MiniOzoneClusterImpl-4b7384aa-5f33-426b-b021-b584800a716a/datanode-0/data/ratis] (custom)
2023-09-08 11:16:27,520 [f2514b4c-a867-463f-8d84-f95d86e9803a-groupManagement] INFO  server.RaftServerConfigKeys (ConfUtils.java:logGet(46)) - raft.server.log.corruption.policy = EXCEPTION (default)
2023-09-08 11:16:27,520 [f2514b4c-a867-463f-8d84-f95d86e9803a-groupManagement] INFO  server.RaftServerConfigKeys (ConfUtils.java:logGet(46)) - raft.server.storage.free-space.min = 0MB (=0) (default)
2023-09-08 11:16:27,521 [f2514b4c-a867-463f-8d84-f95d86e9803a-groupManagement] INFO  server.RaftServerConfigKeys (ConfUtils.java:logGet(46)) - raft.server.notification.no-leader.timeout = 300s (custom)
2023-09-08 11:16:27,521 [f2514b4c-a867-463f-8d84-f95d86e9803a-groupManagement] INFO  server.RaftServerConfigKeys (ConfUtils.java:logGet(46)) - raft.server.read.timeout = 10s (default)
2023-09-08 11:16:27,521 [f2514b4c-a867-463f-8d84-f95d86e9803a-groupManagement] INFO  server.RaftServerConfigKeys (ConfUtils.java:logGet(46)) - raft.server.retrycache.expirytime = 600000ms (custom)
2023-09-08 11:16:27,521 [f2514b4c-a867-463f-8d84-f95d86e9803a-groupManagement] INFO  server.RaftServerConfigKeys (ConfUtils.java:logGet(46)) - raft.server.retrycache.statistics.expirytime = 100μs (default)
2023-09-08 11:16:27,521 [f2514b4c-a867-463f-8d84-f95d86e9803a-groupManagement] INFO  server.RaftServerConfigKeys (ConfUtils.java:logGet(46)) - raft.server.read.option = DEFAULT (default)
2023-09-08 11:16:27,524 [f2514b4c-a867-463f-8d84-f95d86e9803a-groupManagement] INFO  server.RaftServerConfigKeys (ConfUtils.java:logGet(46)) - raft.server.rpc.request.timeout = 60s (custom)
2023-09-08 11:16:27,524 [f2514b4c-a867-463f-8d84-f95d86e9803a-groupManagement] INFO  server.RaftServerConfigKeys (ConfUtils.java:logGet(46)) - raft.server.log.appender.install.snapshot.enabled = false (custom)
2023-09-08 11:16:27,524 [f2514b4c-a867-463f-8d84-f95d86e9803a-groupManagement] INFO  server.RaftServerConfigKeys (ConfUtils.java:logGet(46)) - raft.server.threadpool.server.cached = true (default)
2023-09-08 11:16:27,524 [f2514b4c-a867-463f-8d84-f95d86e9803a-groupManagement] INFO  server.RaftServerConfigKeys (ConfUtils.java:logGet(46)) - raft.server.threadpool.server.size = 0 (default)
2023-09-08 11:16:27,524 [f2514b4c-a867-463f-8d84-f95d86e9803a-groupManagement] INFO  server.RaftServerConfigKeys (ConfUtils.java:logGet(46)) - raft.server.threadpool.client.cached = true (default)
2023-09-08 11:16:27,524 [f2514b4c-a867-463f-8d84-f95d86e9803a-groupManagement] INFO  server.RaftServerConfigKeys (ConfUtils.java:logGet(46)) - raft.server.threadpool.client.size = 0 (default)
2023-09-08 11:16:27,525 [f2514b4c-a867-463f-8d84-f95d86e9803a-groupManagement] INFO  storage.RaftStorageDirectory (RaftStorageDirectoryImpl.java:analyzeStorage(137)) - The storage directory /home/runner/work/ozone/ozone/hadoop-ozone/integration-test/target/test-dir/MiniOzoneClusterImpl-4b7384aa-5f33-426b-b021-b584800a716a/datanode-0/data/ratis/ee5124d9-574c-417a-9643-0850443ca208 does not exist. Creating ...
2023-09-08 11:16:27,529 [f2514b4c-a867-463f-8d84-f95d86e9803a-groupManagement] INFO  storage.RaftStorageDirectory (RaftStorageDirectoryImpl.java:tryLock(231)) - Lock on /home/runner/work/ozone/ozone/hadoop-ozone/integration-test/target/test-dir/MiniOzoneClusterImpl-4b7384aa-5f33-426b-b021-b584800a716a/datanode-0/data/ratis/ee5124d9-574c-417a-9643-0850443ca208/in_use.lock acquired by nodename 7549@fv-az203-160
2023-09-08 11:16:27,530 [f2514b4c-a867-463f-8d84-f95d86e9803a-groupManagement] INFO  storage.RaftStorage (RaftStorageImpl.java:format(96)) - Storage directory /home/runner/work/ozone/ozone/hadoop-ozone/integration-test/target/test-dir/MiniOzoneClusterImpl-4b7384aa-5f33-426b-b021-b584800a716a/datanode-0/data/ratis/ee5124d9-574c-417a-9643-0850443ca208 has been successfully formatted.
2023-09-08 11:16:27,538 [f2514b4c-a867-463f-8d84-f95d86e9803a-groupManagement] INFO  ratis.ContainerStateMachine (ContainerStateMachine.java:loadSnapshot(262)) - group-0850443CA208: The snapshot info is null. Setting the last applied indexto:(t:0, i:~)
2023-09-08 11:16:27,538 [f2514b4c-a867-463f-8d84-f95d86e9803a-groupManagement] INFO  server.RaftServerConfigKeys (ConfUtils.java:logGet(46)) - raft.server.log.use.memory = false (default)
2023-09-08 11:16:27,538 [f2514b4c-a867-463f-8d84-f95d86e9803a-groupManagement] INFO  server.RaftServerConfigKeys (ConfUtils.java:logGet(46)) - raft.server.log.purge.gap = 1000000 (custom)
2023-09-08 11:16:27,538 [f2514b4c-a867-463f-8d84-f95d86e9803a-groupManagement] INFO  server.RaftServerConfigKeys (ConfUtils.java:logGet(46)) - raft.server.log.appender.buffer.byte-limit = 33554432 (custom)
2023-09-08 11:16:27,539 [f2514b4c-a867-463f-8d84-f95d86e9803a-groupManagement] INFO  server.RaftServerConfigKeys (ConfUtils.java:logGet(46)) - raft.server.log.statemachine.data.read.timeout = 1000ms (default)
2023-09-08 11:16:27,539 [f2514b4c-a867-463f-8d84-f95d86e9803a-groupManagement] INFO  server.RaftServerConfigKeys (ConfUtils.java:logGet(46)) - raft.server.log.purge.preservation.log.num = 0 (default)
2023-09-08 11:16:27,546 [f2514b4c-a867-463f-8d84-f95d86e9803a-groupManagement] INFO  server.RaftServerConfigKeys (ConfUtils.java:logGet(46)) - raft.server.log.segment.size.max = 1048576 (custom)
2023-09-08 11:16:27,549 [f2514b4c-a867-463f-8d84-f95d86e9803a-groupManagement] INFO  server.RaftServerConfigKeys (ConfUtils.java:logGet(46)) - raft.server.log.segment.cache.num.max = 2 (custom)
2023-09-08 11:16:27,549 [f2514b4c-a867-463f-8d84-f95d86e9803a-groupManagement] INFO  server.RaftServerConfigKeys (ConfUtils.java:logGet(46)) - raft.server.log.segment.cache.size.max = 200MB (=209715200) (default)
2023-09-08 11:16:27,550 [f2514b4c-a867-463f-8d84-f95d86e9803a-groupManagement] INFO  server.RaftServerConfigKeys (ConfUtils.java:logGet(46)) - raft.server.log.appender.buffer.byte-limit = 33554432 (custom)
2023-09-08 11:16:27,550 [f2514b4c-a867-463f-8d84-f95d86e9803a-groupManagement] INFO  segmented.SegmentedRaftLogWorker (SegmentedRaftLogWorker.java:<init>(188)) - new f2514b4c-a867-463f-8d84-f95d86e9803a@group-0850443CA208-SegmentedRaftLogWorker for RaftStorageImpl:Storage Directory /home/runner/work/ozone/ozone/hadoop-ozone/integration-test/target/test-dir/MiniOzoneClusterImpl-4b7384aa-5f33-426b-b021-b584800a716a/datanode-0/data/ratis/ee5124d9-574c-417a-9643-0850443ca208
2023-09-08 11:16:27,551 [f2514b4c-a867-463f-8d84-f95d86e9803a-groupManagement] INFO  server.RaftServerConfigKeys (ConfUtils.java:logGet(46)) - raft.server.log.queue.byte-limit = 4294967296 (custom)
2023-09-08 11:16:27,551 [f2514b4c-a867-463f-8d84-f95d86e9803a-groupManagement] INFO  server.RaftServerConfigKeys (ConfUtils.java:logGet(46)) - raft.server.log.queue.element-limit = 1024 (custom)
2023-09-08 11:16:27,551 [f2514b4c-a867-463f-8d84-f95d86e9803a-groupManagement] INFO  server.RaftServerConfigKeys (ConfUtils.java:logGet(46)) - raft.server.log.segment.size.max = 1048576 (custom)
2023-09-08 11:16:27,551 [f2514b4c-a867-463f-8d84-f95d86e9803a-groupManagement] INFO  server.RaftServerConfigKeys (ConfUtils.java:logGet(46)) - raft.server.log.preallocated.size = 16384 (custom)
2023-09-08 11:16:27,551 [f2514b4c-a867-463f-8d84-f95d86e9803a-groupManagement] INFO  server.RaftServerConfigKeys (ConfUtils.java:logGet(46)) - raft.server.log.force.sync.num = 128 (default)
2023-09-08 11:16:27,551 [f2514b4c-a867-463f-8d84-f95d86e9803a-groupManagement] INFO  server.RaftServerConfigKeys (ConfUtils.java:logGet(46)) - raft.server.log.statemachine.data.sync = true (default)
2023-09-08 11:16:27,551 [f2514b4c-a867-463f-8d84-f95d86e9803a-groupManagement] INFO  server.RaftServerConfigKeys (ConfUtils.java:logGet(46)) - raft.server.log.statemachine.data.sync.timeout = 10s (default)
2023-09-08 11:16:27,551 [f2514b4c-a867-463f-8d84-f95d86e9803a-groupManagement] INFO  server.RaftServerConfigKeys (ConfUtils.java:logGet(46)) - raft.server.log.statemachine.data.sync.timeout.retry = -1 (default)
2023-09-08 11:16:27,555 [f2514b4c-a867-463f-8d84-f95d86e9803a-groupManagement] INFO  server.RaftServerConfigKeys (ConfUtils.java:logGet(46)) - raft.server.log.write.buffer.size = 1048576 (custom)
2023-09-08 11:16:27,561 [f2514b4c-a867-463f-8d84-f95d86e9803a-groupManagement] INFO  server.RaftServerConfigKeys (ConfUtils.java:logGet(46)) - raft.server.log.appender.buffer.byte-limit = 33554432 (custom)
2023-09-08 11:16:27,561 [EventQueue-PipelineReportForPipelineReportHandler] INFO  pipeline.PipelineReportHandler (PipelineReportHandler.java:processPipelineReport(136)) - Opened pipeline PipelineID=ee5124d9-574c-417a-9643-0850443ca208
2023-09-08 11:16:27,581 [f2514b4c-a867-463f-8d84-f95d86e9803a-groupManagement] INFO  server.RaftServerConfigKeys (ConfUtils.java:logGet(46)) - raft.server.log.unsafe-flush.enabled = false (default)
2023-09-08 11:16:27,581 [f2514b4c-a867-463f-8d84-f95d86e9803a-groupManagement] INFO  server.RaftServerConfigKeys (ConfUtils.java:logGet(46)) - raft.server.log.async-flush.enabled = false (default)
2023-09-08 11:16:27,581 [f2514b4c-a867-463f-8d84-f95d86e9803a-groupManagement] INFO  server.RaftServerConfigKeys (ConfUtils.java:logGet(46)) - raft.server.log.statemachine.data.caching.enabled = true (custom)
2023-09-08 11:16:27,581 [EventQueue-OpenPipelineForHealthyPipelineSafeModeRule] INFO  safemode.SCMSafeModeManager (HealthyPipelineSafeModeRule.java:process(137)) - SCM in safe mode. Healthy pipelines reported count is 0, required healthy pipeline reported count is 1
2023-09-08 11:16:27,582 [f2514b4c-a867-463f-8d84-f95d86e9803a-groupManagement] INFO  segmented.SegmentedRaftLogWorker (SegmentedRaftLogWorker.java:lambda$new$0(135)) - f2514b4c-a867-463f-8d84-f95d86e9803a@group-0850443CA208-SegmentedRaftLogWorker: flushIndex: setUnconditionally 0 -> -1
2023-09-08 11:16:27,582 [f2514b4c-a867-463f-8d84-f95d86e9803a-groupManagement] INFO  segmented.SegmentedRaftLogWorker (SegmentedRaftLogWorker.java:lambda$new$0(135)) - f2514b4c-a867-463f-8d84-f95d86e9803a@group-0850443CA208-SegmentedRaftLogWorker: safeCacheEvictIndex: setUnconditionally 0 -> -1
2023-09-08 11:16:27,582 [f2514b4c-a867-463f-8d84-f95d86e9803a-groupManagement] INFO  server.RaftServer$Division (RaftServerImpl.java:start(342)) - f2514b4c-a867-463f-8d84-f95d86e9803a@group-0850443CA208: start as a follower, conf=-1: peers:[f2514b4c-a867-463f-8d84-f95d86e9803a|rpc:10.1.0.72:15014|admin:10.1.0.72:15013|client:10.1.0.72:15012|dataStream:10.1.0.72:15015|priority:1|startupRole:FOLLOWER]|listeners:[], old=null
2023-09-08 11:16:27,582 [f2514b4c-a867-463f-8d84-f95d86e9803a-groupManagement] INFO  server.RaftServer$Division (RaftServerImpl.java:setRole(329)) - f2514b4c-a867-463f-8d84-f95d86e9803a@group-0850443CA208: changes role from      null to FOLLOWER at term 0 for startAsFollower
2023-09-08 11:16:27,582 [f2514b4c-a867-463f-8d84-f95d86e9803a-groupManagement] INFO  impl.RoleInfo (RoleInfo.java:updateAndGet(139)) - f2514b4c-a867-463f-8d84-f95d86e9803a: start f2514b4c-a867-463f-8d84-f95d86e9803a@group-0850443CA208-FollowerState
2023-09-08 11:16:27,583 [f2514b4c-a867-463f-8d84-f95d86e9803a-groupManagement] INFO  util.JmxRegister (JmxRegister.java:tryRegister(44)) - Successfully registered JMX Bean with object name Ratis:service=RaftServer,group=group-0850443CA208,id=f2514b4c-a867-463f-8d84-f95d86e9803a
2023-09-08 11:16:27,583 [f2514b4c-a867-463f-8d84-f95d86e9803a-groupManagement] INFO  server.RaftServerConfigKeys (ConfUtils.java:logGet(46)) - raft.server.snapshot.auto.trigger.enabled = true (custom)
2023-09-08 11:16:27,583 [f2514b4c-a867-463f-8d84-f95d86e9803a-groupManagement] INFO  server.RaftServerConfigKeys (ConfUtils.java:logGet(46)) - raft.server.snapshot.auto.trigger.threshold = 10000 (custom)
2023-09-08 11:16:27,583 [f2514b4c-a867-463f-8d84-f95d86e9803a-groupManagement] INFO  server.RaftServerConfigKeys (ConfUtils.java:logGet(46)) - raft.server.snapshot.retention.file.num = 5 (custom)
2023-09-08 11:16:27,583 [f2514b4c-a867-463f-8d84-f95d86e9803a-groupManagement] INFO  server.RaftServerConfigKeys (ConfUtils.java:logGet(46)) - raft.server.log.purge.upto.snapshot.index = false (default)
2023-09-08 11:16:27,584 [f2514b4c-a867-463f-8d84-f95d86e9803a@group-0850443CA208-FollowerState] INFO  server.RaftServerConfigKeys (ConfUtils.java:logFallback(53)) - raft.server.rpc.first-election.timeout.min = 5s (fallback to raft.server.rpc.timeout.min)
2023-09-08 11:16:27,584 [f2514b4c-a867-463f-8d84-f95d86e9803a@group-0850443CA208-FollowerState] INFO  server.RaftServerConfigKeys (ConfUtils.java:logFallback(53)) - raft.server.rpc.first-election.timeout.max = 5200ms (fallback to raft.server.rpc.timeout.max)
2023-09-08 11:16:27,592 [PipelineCommandHandlerThread-0] INFO  ratis.XceiverServerRatis (XceiverServerRatis.java:addGroup(804)) - Created group PipelineID=ee5124d9-574c-417a-9643-0850443ca208
2023-09-08 11:16:27,593 [PipelineCommandHandlerThread-0] INFO  commandhandler.CreatePipelineCommandHandler (CreatePipelineCommandHandler.java:lambda$handle$2(124)) - Created Pipeline RATIS ONE PipelineID=ee5124d9-574c-417a-9643-0850443ca208.
2023-09-08 11:16:27,594 [PipelineCommandHandlerThread-0] INFO  server.RaftServer (RaftServerProxy.java:addNew(98)) - f2514b4c-a867-463f-8d84-f95d86e9803a: addNew group-628FFE3070B6:[89f84e8b-2e80-4453-8736-c86c7ce839d9|rpc:10.1.0.72:15032|admin:10.1.0.72:15031|client:10.1.0.72:15030|dataStream:10.1.0.72:15033|priority:0|startupRole:FOLLOWER, a3bbae93-4dbd-48a8-b7ec-9de03e51f535|rpc:10.1.0.72:15023|admin:10.1.0.72:15022|client:10.1.0.72:15021|dataStream:10.1.0.72:15024|priority:1|startupRole:FOLLOWER, f2514b4c-a867-463f-8d84-f95d86e9803a|rpc:10.1.0.72:15014|admin:10.1.0.72:15013|client:10.1.0.72:15012|dataStream:10.1.0.72:15015|priority:0|startupRole:FOLLOWER] returns group-628FFE3070B6:java.util.concurrent.CompletableFuture@623abbef[Not completed]
2023-09-08 11:16:27,595 [f2514b4c-a867-463f-8d84-f95d86e9803a-groupManagement] INFO  server.RaftServer$Division (RaftServerImpl.java:<init>(198)) - f2514b4c-a867-463f-8d84-f95d86e9803a: new RaftServerImpl for group-628FFE3070B6:[89f84e8b-2e80-4453-8736-c86c7ce839d9|rpc:10.1.0.72:15032|admin:10.1.0.72:15031|client:10.1.0.72:15030|dataStream:10.1.0.72:15033|priority:0|startupRole:FOLLOWER, a3bbae93-4dbd-48a8-b7ec-9de03e51f535|rpc:10.1.0.72:15023|admin:10.1.0.72:15022|client:10.1.0.72:15021|dataStream:10.1.0.72:15024|priority:1|startupRole:FOLLOWER, f2514b4c-a867-463f-8d84-f95d86e9803a|rpc:10.1.0.72:15014|admin:10.1.0.72:15013|client:10.1.0.72:15012|dataStream:10.1.0.72:15015|priority:0|startupRole:FOLLOWER] with ContainerStateMachine:uninitialized
2023-09-08 11:16:27,595 [f2514b4c-a867-463f-8d84-f95d86e9803a-groupManagement] INFO  server.RaftServerConfigKeys (ConfUtils.java:logGet(46)) - raft.server.rpc.timeout.min = 5s (custom)
2023-09-08 11:16:27,595 [f2514b4c-a867-463f-8d84-f95d86e9803a-groupManagement] INFO  server.RaftServerConfigKeys (ConfUtils.java:logGet(46)) - raft.server.rpc.timeout.max = 5200ms (custom)
2023-09-08 11:16:27,595 [f2514b4c-a867-463f-8d84-f95d86e9803a-groupManagement] INFO  server.RaftServerConfigKeys (ConfUtils.java:logGet(46)) - raft.server.rpc.sleep.time = 25ms (default)
2023-09-08 11:16:27,595 [f2514b4c-a867-463f-8d84-f95d86e9803a-groupManagement] INFO  server.RaftServerConfigKeys (ConfUtils.java:logGet(46)) - raft.server.rpc.slowness.timeout = 300s (custom)
2023-09-08 11:16:27,595 [f2514b4c-a867-463f-8d84-f95d86e9803a-groupManagement] INFO  server.RaftServerConfigKeys (ConfUtils.java:logGet(46)) - raft.server.leaderelection.leader.step-down.wait-time = 10s (default)
2023-09-08 11:16:27,595 [f2514b4c-a867-463f-8d84-f95d86e9803a-groupManagement] INFO  server.RaftServerConfigKeys (ConfUtils.java:logGet(46)) - raft.server.sleep.deviation.threshold = 300ms (default)
2023-09-08 11:16:27,596 [f2514b4c-a867-463f-8d84-f95d86e9803a-groupManagement] INFO  server.RaftServer$Division (ServerState.java:<init>(120)) - f2514b4c-a867-463f-8d84-f95d86e9803a@group-628FFE3070B6: ConfigurationManager, init=-1: peers:[89f84e8b-2e80-4453-8736-c86c7ce839d9|rpc:10.1.0.72:15032|admin:10.1.0.72:15031|client:10.1.0.72:15030|dataStream:10.1.0.72:15033|priority:0|startupRole:FOLLOWER, a3bbae93-4dbd-48a8-b7ec-9de03e51f535|rpc:10.1.0.72:15023|admin:10.1.0.72:15022|client:10.1.0.72:15021|dataStream:10.1.0.72:15024|priority:1|startupRole:FOLLOWER, f2514b4c-a867-463f-8d84-f95d86e9803a|rpc:10.1.0.72:15014|admin:10.1.0.72:15013|client:10.1.0.72:15012|dataStream:10.1.0.72:15015|priority:0|startupRole:FOLLOWER]|listeners:[], old=null, confs=<EMPTY_MAP>
2023-09-08 11:16:27,596 [f2514b4c-a867-463f-8d84-f95d86e9803a-groupManagement] INFO  server.RaftServerConfigKeys (ConfUtils.java:logGet(46)) - raft.server.storage.dir = [/home/runner/work/ozone/ozone/hadoop-ozone/integration-test/target/test-dir/MiniOzoneClusterImpl-4b7384aa-5f33-426b-b021-b584800a716a/datanode-0/data/ratis] (custom)
2023-09-08 11:16:27,596 [f2514b4c-a867-463f-8d84-f95d86e9803a-groupManagement] INFO  server.RaftServerConfigKeys (ConfUtils.java:logGet(46)) - raft.server.log.corruption.policy = EXCEPTION (default)
2023-09-08 11:16:27,596 [f2514b4c-a867-463f-8d84-f95d86e9803a-groupManagement] INFO  server.RaftServerConfigKeys (ConfUtils.java:logGet(46)) - raft.server.storage.free-space.min = 0MB (=0) (default)
2023-09-08 11:16:27,596 [f2514b4c-a867-463f-8d84-f95d86e9803a-groupManagement] INFO  server.RaftServerConfigKeys (ConfUtils.java:logGet(46)) - raft.server.notification.no-leader.timeout = 300s (custom)
2023-09-08 11:16:27,596 [f2514b4c-a867-463f-8d84-f95d86e9803a-groupManagement] INFO  server.RaftServerConfigKeys (ConfUtils.java:logGet(46)) - raft.server.read.timeout = 10s (default)
2023-09-08 11:16:27,596 [f2514b4c-a867-463f-8d84-f95d86e9803a-groupManagement] INFO  server.RaftServerConfigKeys (ConfUtils.java:logGet(46)) - raft.server.retrycache.expirytime = 600000ms (custom)
2023-09-08 11:16:27,596 [f2514b4c-a867-463f-8d84-f95d86e9803a-groupManagement] INFO  server.RaftServerConfigKeys (ConfUtils.java:logGet(46)) - raft.server.retrycache.statistics.expirytime = 100μs (default)
2023-09-08 11:16:27,597 [f2514b4c-a867-463f-8d84-f95d86e9803a-groupManagement] INFO  server.RaftServerConfigKeys (ConfUtils.java:logGet(46)) - raft.server.read.option = DEFAULT (default)
2023-09-08 11:16:27,598 [f2514b4c-a867-463f-8d84-f95d86e9803a-groupManagement] INFO  server.RaftServerConfigKeys (ConfUtils.java:logGet(46)) - raft.server.rpc.request.timeout = 60s (custom)
2023-09-08 11:16:27,598 [f2514b4c-a867-463f-8d84-f95d86e9803a-groupManagement] INFO  server.RaftServerConfigKeys (ConfUtils.java:logGet(46)) - raft.server.log.appender.install.snapshot.enabled = false (custom)
2023-09-08 11:16:27,599 [f2514b4c-a867-463f-8d84-f95d86e9803a-groupManagement] INFO  server.RaftServerConfigKeys (ConfUtils.java:logGet(46)) - raft.server.threadpool.server.cached = true (default)
2023-09-08 11:16:27,599 [f2514b4c-a867-463f-8d84-f95d86e9803a-groupManagement] INFO  server.RaftServerConfigKeys (ConfUtils.java:logGet(46)) - raft.server.threadpool.server.size = 0 (default)
2023-09-08 11:16:27,599 [f2514b4c-a867-463f-8d84-f95d86e9803a-groupManagement] INFO  server.RaftServerConfigKeys (ConfUtils.java:logGet(46)) - raft.server.threadpool.client.cached = true (default)
2023-09-08 11:16:27,599 [f2514b4c-a867-463f-8d84-f95d86e9803a-groupManagement] INFO  server.RaftServerConfigKeys (ConfUtils.java:logGet(46)) - raft.server.threadpool.client.size = 0 (default)
2023-09-08 11:16:27,599 [f2514b4c-a867-463f-8d84-f95d86e9803a-groupManagement] INFO  storage.RaftStorageDirectory (RaftStorageDirectoryImpl.java:analyzeStorage(137)) - The storage directory /home/runner/work/ozone/ozone/hadoop-ozone/integration-test/target/test-dir/MiniOzoneClusterImpl-4b7384aa-5f33-426b-b021-b584800a716a/datanode-0/data/ratis/60d6c62b-63e3-4ed9-8629-628ffe3070b6 does not exist. Creating ...
2023-09-08 11:16:27,600 [f2514b4c-a867-463f-8d84-f95d86e9803a-groupManagement] INFO  storage.RaftStorageDirectory (RaftStorageDirectoryImpl.java:tryLock(231)) - Lock on /home/runner/work/ozone/ozone/hadoop-ozone/integration-test/target/test-dir/MiniOzoneClusterImpl-4b7384aa-5f33-426b-b021-b584800a716a/datanode-0/data/ratis/60d6c62b-63e3-4ed9-8629-628ffe3070b6/in_use.lock acquired by nodename 7549@fv-az203-160
2023-09-08 11:16:27,602 [f2514b4c-a867-463f-8d84-f95d86e9803a-groupManagement] INFO  storage.RaftStorage (RaftStorageImpl.java:format(96)) - Storage directory /home/runner/work/ozone/ozone/hadoop-ozone/integration-test/target/test-dir/MiniOzoneClusterImpl-4b7384aa-5f33-426b-b021-b584800a716a/datanode-0/data/ratis/60d6c62b-63e3-4ed9-8629-628ffe3070b6 has been successfully formatted.
2023-09-08 11:16:27,603 [f2514b4c-a867-463f-8d84-f95d86e9803a-groupManagement] INFO  ratis.ContainerStateMachine (ContainerStateMachine.java:loadSnapshot(262)) - group-628FFE3070B6: The snapshot info is null. Setting the last applied indexto:(t:0, i:~)
2023-09-08 11:16:27,603 [f2514b4c-a867-463f-8d84-f95d86e9803a-groupManagement] INFO  server.RaftServerConfigKeys (ConfUtils.java:logGet(46)) - raft.server.log.use.memory = false (default)
2023-09-08 11:16:27,603 [f2514b4c-a867-463f-8d84-f95d86e9803a-groupManagement] INFO  server.RaftServerConfigKeys (ConfUtils.java:logGet(46)) - raft.server.log.purge.gap = 1000000 (custom)
2023-09-08 11:16:27,603 [f2514b4c-a867-463f-8d84-f95d86e9803a-groupManagement] INFO  server.RaftServerConfigKeys (ConfUtils.java:logGet(46)) - raft.server.log.appender.buffer.byte-limit = 33554432 (custom)
2023-09-08 11:16:27,603 [f2514b4c-a867-463f-8d84-f95d86e9803a-groupManagement] INFO  server.RaftServerConfigKeys (ConfUtils.java:logGet(46)) - raft.server.log.statemachine.data.read.timeout = 1000ms (default)
2023-09-08 11:16:27,603 [f2514b4c-a867-463f-8d84-f95d86e9803a-groupManagement] INFO  server.RaftServerConfigKeys (ConfUtils.java:logGet(46)) - raft.server.log.purge.preservation.log.num = 0 (default)
2023-09-08 11:16:27,603 [f2514b4c-a867-463f-8d84-f95d86e9803a-groupManagement] INFO  server.RaftServerConfigKeys (ConfUtils.java:logGet(46)) - raft.server.log.segment.size.max = 1048576 (custom)
2023-09-08 11:16:27,604 [f2514b4c-a867-463f-8d84-f95d86e9803a-groupManagement] INFO  server.RaftServerConfigKeys (ConfUtils.java:logGet(46)) - raft.server.log.segment.cache.num.max = 2 (custom)
2023-09-08 11:16:27,604 [f2514b4c-a867-463f-8d84-f95d86e9803a-groupManagement] INFO  server.RaftServerConfigKeys (ConfUtils.java:logGet(46)) - raft.server.log.segment.cache.size.max = 200MB (=209715200) (default)
2023-09-08 11:16:27,604 [f2514b4c-a867-463f-8d84-f95d86e9803a-groupManagement] INFO  server.RaftServerConfigKeys (ConfUtils.java:logGet(46)) - raft.server.log.appender.buffer.byte-limit = 33554432 (custom)
2023-09-08 11:16:27,604 [f2514b4c-a867-463f-8d84-f95d86e9803a-groupManagement] INFO  segmented.SegmentedRaftLogWorker (SegmentedRaftLogWorker.java:<init>(188)) - new f2514b4c-a867-463f-8d84-f95d86e9803a@group-628FFE3070B6-SegmentedRaftLogWorker for RaftStorageImpl:Storage Directory /home/runner/work/ozone/ozone/hadoop-ozone/integration-test/target/test-dir/MiniOzoneClusterImpl-4b7384aa-5f33-426b-b021-b584800a716a/datanode-0/data/ratis/60d6c62b-63e3-4ed9-8629-628ffe3070b6
2023-09-08 11:16:27,604 [f2514b4c-a867-463f-8d84-f95d86e9803a-groupManagement] INFO  server.RaftServerConfigKeys (ConfUtils.java:logGet(46)) - raft.server.log.queue.byte-limit = 4294967296 (custom)
2023-09-08 11:16:27,604 [f2514b4c-a867-463f-8d84-f95d86e9803a-groupManagement] INFO  server.RaftServerConfigKeys (ConfUtils.java:logGet(46)) - raft.server.log.queue.element-limit = 1024 (custom)
2023-09-08 11:16:27,604 [f2514b4c-a867-463f-8d84-f95d86e9803a-groupManagement] INFO  server.RaftServerConfigKeys (ConfUtils.java:logGet(46)) - raft.server.log.segment.size.max = 1048576 (custom)
2023-09-08 11:16:27,604 [f2514b4c-a867-463f-8d84-f95d86e9803a-groupManagement] INFO  server.RaftServerConfigKeys (ConfUtils.java:logGet(46)) - raft.server.log.preallocated.size = 16384 (custom)
2023-09-08 11:16:27,604 [f2514b4c-a867-463f-8d84-f95d86e9803a-groupManagement] INFO  server.RaftServerConfigKeys (ConfUtils.java:logGet(46)) - raft.server.log.force.sync.num = 128 (default)
2023-09-08 11:16:27,605 [f2514b4c-a867-463f-8d84-f95d86e9803a-groupManagement] INFO  server.RaftServerConfigKeys (ConfUtils.java:logGet(46)) - raft.server.log.statemachine.data.sync = true (default)
2023-09-08 11:16:27,605 [f2514b4c-a867-463f-8d84-f95d86e9803a-groupManagement] INFO  server.RaftServerConfigKeys (ConfUtils.java:logGet(46)) - raft.server.log.statemachine.data.sync.timeout = 10s (default)
2023-09-08 11:16:27,605 [f2514b4c-a867-463f-8d84-f95d86e9803a-groupManagement] INFO  server.RaftServerConfigKeys (ConfUtils.java:logGet(46)) - raft.server.log.statemachine.data.sync.timeout.retry = -1 (default)
2023-09-08 11:16:27,609 [EventQueue-OpenPipelineForHealthyPipelineSafeModeRule] INFO  safemode.SCMSafeModeManager (HealthyPipelineSafeModeRule.java:process(137)) - SCM in safe mode. Healthy pipelines reported count is 0, required healthy pipeline reported count is 1
2023-09-08 11:16:27,615 [f2514b4c-a867-463f-8d84-f95d86e9803a-groupManagement] INFO  server.RaftServerConfigKeys (ConfUtils.java:logGet(46)) - raft.server.log.write.buffer.size = 1048576 (custom)
2023-09-08 11:16:27,617 [f2514b4c-a867-463f-8d84-f95d86e9803a-groupManagement] INFO  server.RaftServerConfigKeys (ConfUtils.java:logGet(46)) - raft.server.log.appender.buffer.byte-limit = 33554432 (custom)
2023-09-08 11:16:27,622 [f2514b4c-a867-463f-8d84-f95d86e9803a-groupManagement] INFO  server.RaftServerConfigKeys (ConfUtils.java:logGet(46)) - raft.server.log.unsafe-flush.enabled = false (default)
2023-09-08 11:16:27,623 [f2514b4c-a867-463f-8d84-f95d86e9803a-groupManagement] INFO  server.RaftServerConfigKeys (ConfUtils.java:logGet(46)) - raft.server.log.async-flush.enabled = false (default)
2023-09-08 11:16:27,623 [f2514b4c-a867-463f-8d84-f95d86e9803a-groupManagement] INFO  server.RaftServerConfigKeys (ConfUtils.java:logGet(46)) - raft.server.log.statemachine.data.caching.enabled = true (custom)
2023-09-08 11:16:27,623 [f2514b4c-a867-463f-8d84-f95d86e9803a-groupManagement] INFO  segmented.SegmentedRaftLogWorker (SegmentedRaftLogWorker.java:lambda$new$0(135)) - f2514b4c-a867-463f-8d84-f95d86e9803a@group-628FFE3070B6-SegmentedRaftLogWorker: flushIndex: setUnconditionally 0 -> -1
2023-09-08 11:16:27,623 [f2514b4c-a867-463f-8d84-f95d86e9803a-groupManagement] INFO  segmented.SegmentedRaftLogWorker (SegmentedRaftLogWorker.java:lambda$new$0(135)) - f2514b4c-a867-463f-8d84-f95d86e9803a@group-628FFE3070B6-SegmentedRaftLogWorker: safeCacheEvictIndex: setUnconditionally 0 -> -1
2023-09-08 11:16:27,624 [f2514b4c-a867-463f-8d84-f95d86e9803a-groupManagement] INFO  server.RaftServer$Division (RaftServerImpl.java:start(342)) - f2514b4c-a867-463f-8d84-f95d86e9803a@group-628FFE3070B6: start as a follower, conf=-1: peers:[89f84e8b-2e80-4453-8736-c86c7ce839d9|rpc:10.1.0.72:15032|admin:10.1.0.72:15031|client:10.1.0.72:15030|dataStream:10.1.0.72:15033|priority:0|startupRole:FOLLOWER, a3bbae93-4dbd-48a8-b7ec-9de03e51f535|rpc:10.1.0.72:15023|admin:10.1.0.72:15022|client:10.1.0.72:15021|dataStream:10.1.0.72:15024|priority:1|startupRole:FOLLOWER, f2514b4c-a867-463f-8d84-f95d86e9803a|rpc:10.1.0.72:15014|admin:10.1.0.72:15013|client:10.1.0.72:15012|dataStream:10.1.0.72:15015|priority:0|startupRole:FOLLOWER]|listeners:[], old=null
2023-09-08 11:16:27,624 [f2514b4c-a867-463f-8d84-f95d86e9803a-groupManagement] INFO  server.RaftServer$Division (RaftServerImpl.java:setRole(329)) - f2514b4c-a867-463f-8d84-f95d86e9803a@group-628FFE3070B6: changes role from      null to FOLLOWER at term 0 for startAsFollower
2023-09-08 11:16:27,624 [f2514b4c-a867-463f-8d84-f95d86e9803a-groupManagement] INFO  impl.RoleInfo (RoleInfo.java:updateAndGet(139)) - f2514b4c-a867-463f-8d84-f95d86e9803a: start f2514b4c-a867-463f-8d84-f95d86e9803a@group-628FFE3070B6-FollowerState
2023-09-08 11:16:27,624 [f2514b4c-a867-463f-8d84-f95d86e9803a-groupManagement] INFO  util.JmxRegister (JmxRegister.java:tryRegister(44)) - Successfully registered JMX Bean with object name Ratis:service=RaftServer,group=group-628FFE3070B6,id=f2514b4c-a867-463f-8d84-f95d86e9803a
2023-09-08 11:16:27,624 [f2514b4c-a867-463f-8d84-f95d86e9803a-groupManagement] INFO  server.RaftServerConfigKeys (ConfUtils.java:logGet(46)) - raft.server.snapshot.auto.trigger.enabled = true (custom)
2023-09-08 11:16:27,624 [f2514b4c-a867-463f-8d84-f95d86e9803a-groupManagement] INFO  server.RaftServerConfigKeys (ConfUtils.java:logGet(46)) - raft.server.snapshot.auto.trigger.threshold = 10000 (custom)
2023-09-08 11:16:27,624 [f2514b4c-a867-463f-8d84-f95d86e9803a-groupManagement] INFO  server.RaftServerConfigKeys (ConfUtils.java:logGet(46)) - raft.server.snapshot.retention.file.num = 5 (custom)
2023-09-08 11:16:27,625 [f2514b4c-a867-463f-8d84-f95d86e9803a-groupManagement] INFO  server.RaftServerConfigKeys (ConfUtils.java:logGet(46)) - raft.server.log.purge.upto.snapshot.index = false (default)
2023-09-08 11:16:27,626 [f2514b4c-a867-463f-8d84-f95d86e9803a@group-628FFE3070B6-FollowerState] INFO  server.RaftServerConfigKeys (ConfUtils.java:logFallback(53)) - raft.server.rpc.first-election.timeout.min = 5s (fallback to raft.server.rpc.timeout.min)
2023-09-08 11:16:27,629 [PipelineCommandHandlerThread-0] INFO  ratis.XceiverServerRatis (XceiverServerRatis.java:addGroup(804)) - Created group PipelineID=60d6c62b-63e3-4ed9-8629-628ffe3070b6
2023-09-08 11:16:27,629 [f2514b4c-a867-463f-8d84-f95d86e9803a@group-628FFE3070B6-FollowerState] INFO  server.RaftServerConfigKeys (ConfUtils.java:logFallback(53)) - raft.server.rpc.first-election.timeout.max = 5200ms (fallback to raft.server.rpc.timeout.max)
2023-09-08 11:16:27,945 [PipelineCommandHandlerThread-0] INFO  server.RaftServer (RaftServerProxy.java:addNew(98)) - a3bbae93-4dbd-48a8-b7ec-9de03e51f535: addNew group-D2C97247619F:[a3bbae93-4dbd-48a8-b7ec-9de03e51f535|rpc:10.1.0.72:15023|admin:10.1.0.72:15022|client:10.1.0.72:15021|dataStream:10.1.0.72:15024|priority:1|startupRole:FOLLOWER] returns group-D2C97247619F:java.util.concurrent.CompletableFuture@63babbbd[Not completed]
2023-09-08 11:16:27,947 [a3bbae93-4dbd-48a8-b7ec-9de03e51f535-groupManagement] INFO  server.RaftServer$Division (RaftServerImpl.java:<init>(198)) - a3bbae93-4dbd-48a8-b7ec-9de03e51f535: new RaftServerImpl for group-D2C97247619F:[a3bbae93-4dbd-48a8-b7ec-9de03e51f535|rpc:10.1.0.72:15023|admin:10.1.0.72:15022|client:10.1.0.72:15021|dataStream:10.1.0.72:15024|priority:1|startupRole:FOLLOWER] with ContainerStateMachine:uninitialized
2023-09-08 11:16:27,947 [a3bbae93-4dbd-48a8-b7ec-9de03e51f535-groupManagement] INFO  server.RaftServerConfigKeys (ConfUtils.java:logGet(46)) - raft.server.rpc.timeout.min = 5s (custom)
2023-09-08 11:16:27,947 [a3bbae93-4dbd-48a8-b7ec-9de03e51f535-groupManagement] INFO  server.RaftServerConfigKeys (ConfUtils.java:logGet(46)) - raft.server.rpc.timeout.max = 5200ms (custom)
2023-09-08 11:16:27,947 [a3bbae93-4dbd-48a8-b7ec-9de03e51f535-groupManagement] INFO  server.RaftServerConfigKeys (ConfUtils.java:logGet(46)) - raft.server.rpc.sleep.time = 25ms (default)
2023-09-08 11:16:27,947 [a3bbae93-4dbd-48a8-b7ec-9de03e51f535-groupManagement] INFO  server.RaftServerConfigKeys (ConfUtils.java:logGet(46)) - raft.server.rpc.slowness.timeout = 300s (custom)
2023-09-08 11:16:27,947 [a3bbae93-4dbd-48a8-b7ec-9de03e51f535-groupManagement] INFO  server.RaftServerConfigKeys (ConfUtils.java:logGet(46)) - raft.server.leaderelection.leader.step-down.wait-time = 10s (default)
2023-09-08 11:16:27,947 [a3bbae93-4dbd-48a8-b7ec-9de03e51f535-groupManagement] INFO  server.RaftServerConfigKeys (ConfUtils.java:logGet(46)) - raft.server.sleep.deviation.threshold = 300ms (default)
2023-09-08 11:16:27,947 [a3bbae93-4dbd-48a8-b7ec-9de03e51f535-groupManagement] INFO  server.RaftServer$Division (ServerState.java:<init>(120)) - a3bbae93-4dbd-48a8-b7ec-9de03e51f535@group-D2C97247619F: ConfigurationManager, init=-1: peers:[a3bbae93-4dbd-48a8-b7ec-9de03e51f535|rpc:10.1.0.72:15023|admin:10.1.0.72:15022|client:10.1.0.72:15021|dataStream:10.1.0.72:15024|priority:1|startupRole:FOLLOWER]|listeners:[], old=null, confs=<EMPTY_MAP>
2023-09-08 11:16:27,947 [a3bbae93-4dbd-48a8-b7ec-9de03e51f535-groupManagement] INFO  server.RaftServerConfigKeys (ConfUtils.java:logGet(46)) - raft.server.storage.dir = [/home/runner/work/ozone/ozone/hadoop-ozone/integration-test/target/test-dir/MiniOzoneClusterImpl-4b7384aa-5f33-426b-b021-b584800a716a/datanode-1/data/ratis] (custom)
2023-09-08 11:16:27,948 [a3bbae93-4dbd-48a8-b7ec-9de03e51f535-groupManagement] INFO  server.RaftServerConfigKeys (ConfUtils.java:logGet(46)) - raft.server.log.corruption.policy = EXCEPTION (default)
2023-09-08 11:16:27,948 [a3bbae93-4dbd-48a8-b7ec-9de03e51f535-groupManagement] INFO  server.RaftServerConfigKeys (ConfUtils.java:logGet(46)) - raft.server.storage.free-space.min = 0MB (=0) (default)
2023-09-08 11:16:27,948 [a3bbae93-4dbd-48a8-b7ec-9de03e51f535-groupManagement] INFO  server.RaftServerConfigKeys (ConfUtils.java:logGet(46)) - raft.server.notification.no-leader.timeout = 300s (custom)
2023-09-08 11:16:27,948 [a3bbae93-4dbd-48a8-b7ec-9de03e51f535-groupManagement] INFO  server.RaftServerConfigKeys (ConfUtils.java:logGet(46)) - raft.server.read.timeout = 10s (default)
2023-09-08 11:16:27,948 [a3bbae93-4dbd-48a8-b7ec-9de03e51f535-groupManagement] INFO  server.RaftServerConfigKeys (ConfUtils.java:logGet(46)) - raft.server.retrycache.expirytime = 600000ms (custom)
2023-09-08 11:16:27,948 [a3bbae93-4dbd-48a8-b7ec-9de03e51f535-groupManagement] INFO  server.RaftServerConfigKeys (ConfUtils.java:logGet(46)) - raft.server.retrycache.statistics.expirytime = 100μs (default)
2023-09-08 11:16:27,948 [a3bbae93-4dbd-48a8-b7ec-9de03e51f535-groupManagement] INFO  server.RaftServerConfigKeys (ConfUtils.java:logGet(46)) - raft.server.read.option = DEFAULT (default)
2023-09-08 11:16:27,951 [a3bbae93-4dbd-48a8-b7ec-9de03e51f535-groupManagement] INFO  server.RaftServerConfigKeys (ConfUtils.java:logGet(46)) - raft.server.rpc.request.timeout = 60s (custom)
2023-09-08 11:16:27,952 [a3bbae93-4dbd-48a8-b7ec-9de03e51f535-groupManagement] INFO  server.RaftServerConfigKeys (ConfUtils.java:logGet(46)) - raft.server.log.appender.install.snapshot.enabled = false (custom)
2023-09-08 11:16:27,952 [a3bbae93-4dbd-48a8-b7ec-9de03e51f535-groupManagement] INFO  server.RaftServerConfigKeys (ConfUtils.java:logGet(46)) - raft.server.threadpool.server.cached = true (default)
2023-09-08 11:16:27,952 [a3bbae93-4dbd-48a8-b7ec-9de03e51f535-groupManagement] INFO  server.RaftServerConfigKeys (ConfUtils.java:logGet(46)) - raft.server.threadpool.server.size = 0 (default)
2023-09-08 11:16:27,952 [a3bbae93-4dbd-48a8-b7ec-9de03e51f535-groupManagement] INFO  server.RaftServerConfigKeys (ConfUtils.java:logGet(46)) - raft.server.threadpool.client.cached = true (default)
2023-09-08 11:16:27,952 [a3bbae93-4dbd-48a8-b7ec-9de03e51f535-groupManagement] INFO  server.RaftServerConfigKeys (ConfUtils.java:logGet(46)) - raft.server.threadpool.client.size = 0 (default)
2023-09-08 11:16:27,952 [a3bbae93-4dbd-48a8-b7ec-9de03e51f535-groupManagement] INFO  storage.RaftStorageDirectory (RaftStorageDirectoryImpl.java:analyzeStorage(137)) - The storage directory /home/runner/work/ozone/ozone/hadoop-ozone/integration-test/target/test-dir/MiniOzoneClusterImpl-4b7384aa-5f33-426b-b021-b584800a716a/datanode-1/data/ratis/a86de6f5-e8b4-481d-880c-d2c97247619f does not exist. Creating ...
2023-09-08 11:16:27,956 [a3bbae93-4dbd-48a8-b7ec-9de03e51f535-groupManagement] INFO  storage.RaftStorageDirectory (RaftStorageDirectoryImpl.java:tryLock(231)) - Lock on /home/runner/work/ozone/ozone/hadoop-ozone/integration-test/target/test-dir/MiniOzoneClusterImpl-4b7384aa-5f33-426b-b021-b584800a716a/datanode-1/data/ratis/a86de6f5-e8b4-481d-880c-d2c97247619f/in_use.lock acquired by nodename 7549@fv-az203-160
2023-09-08 11:16:27,960 [a3bbae93-4dbd-48a8-b7ec-9de03e51f535-groupManagement] INFO  storage.RaftStorage (RaftStorageImpl.java:format(96)) - Storage directory /home/runner/work/ozone/ozone/hadoop-ozone/integration-test/target/test-dir/MiniOzoneClusterImpl-4b7384aa-5f33-426b-b021-b584800a716a/datanode-1/data/ratis/a86de6f5-e8b4-481d-880c-d2c97247619f has been successfully formatted.
2023-09-08 11:16:27,962 [a3bbae93-4dbd-48a8-b7ec-9de03e51f535-groupManagement] INFO  ratis.ContainerStateMachine (ContainerStateMachine.java:loadSnapshot(262)) - group-D2C97247619F: The snapshot info is null. Setting the last applied indexto:(t:0, i:~)
2023-09-08 11:16:27,968 [a3bbae93-4dbd-48a8-b7ec-9de03e51f535-groupManagement] INFO  server.RaftServerConfigKeys (ConfUtils.java:logGet(46)) - raft.server.log.use.memory = false (default)
2023-09-08 11:16:27,970 [a3bbae93-4dbd-48a8-b7ec-9de03e51f535-groupManagement] INFO  server.RaftServerConfigKeys (ConfUtils.java:logGet(46)) - raft.server.log.purge.gap = 1000000 (custom)
2023-09-08 11:16:27,970 [EventQueue-PipelineReportForPipelineReportHandler] INFO  pipeline.PipelineReportHandler (PipelineReportHandler.java:processPipelineReport(136)) - Opened pipeline PipelineID=a86de6f5-e8b4-481d-880c-d2c97247619f
2023-09-08 11:16:27,970 [EventQueue-OpenPipelineForHealthyPipelineSafeModeRule] INFO  safemode.SCMSafeModeManager (HealthyPipelineSafeModeRule.java:process(137)) - SCM in safe mode. Healthy pipelines reported count is 0, required healthy pipeline reported count is 1
2023-09-08 11:16:27,970 [a3bbae93-4dbd-48a8-b7ec-9de03e51f535-groupManagement] INFO  server.RaftServerConfigKeys (ConfUtils.java:logGet(46)) - raft.server.log.appender.buffer.byte-limit = 33554432 (custom)
2023-09-08 11:16:27,971 [a3bbae93-4dbd-48a8-b7ec-9de03e51f535-groupManagement] INFO  server.RaftServerConfigKeys (ConfUtils.java:logGet(46)) - raft.server.log.statemachine.data.read.timeout = 1000ms (default)
2023-09-08 11:16:27,971 [a3bbae93-4dbd-48a8-b7ec-9de03e51f535-groupManagement] INFO  server.RaftServerConfigKeys (ConfUtils.java:logGet(46)) - raft.server.log.purge.preservation.log.num = 0 (default)
2023-09-08 11:16:27,971 [a3bbae93-4dbd-48a8-b7ec-9de03e51f535-groupManagement] INFO  server.RaftServerConfigKeys (ConfUtils.java:logGet(46)) - raft.server.log.segment.size.max = 1048576 (custom)
2023-09-08 11:16:27,972 [a3bbae93-4dbd-48a8-b7ec-9de03e51f535-groupManagement] INFO  server.RaftServerConfigKeys (ConfUtils.java:logGet(46)) - raft.server.log.segment.cache.num.max = 2 (custom)
2023-09-08 11:16:27,972 [a3bbae93-4dbd-48a8-b7ec-9de03e51f535-groupManagement] INFO  server.RaftServerConfigKeys (ConfUtils.java:logGet(46)) - raft.server.log.segment.cache.size.max = 200MB (=209715200) (default)
2023-09-08 11:16:27,972 [a3bbae93-4dbd-48a8-b7ec-9de03e51f535-groupManagement] INFO  server.RaftServerConfigKeys (ConfUtils.java:logGet(46)) - raft.server.log.appender.buffer.byte-limit = 33554432 (custom)
2023-09-08 11:16:27,972 [a3bbae93-4dbd-48a8-b7ec-9de03e51f535-groupManagement] INFO  segmented.SegmentedRaftLogWorker (SegmentedRaftLogWorker.java:<init>(188)) - new a3bbae93-4dbd-48a8-b7ec-9de03e51f535@group-D2C97247619F-SegmentedRaftLogWorker for RaftStorageImpl:Storage Directory /home/runner/work/ozone/ozone/hadoop-ozone/integration-test/target/test-dir/MiniOzoneClusterImpl-4b7384aa-5f33-426b-b021-b584800a716a/datanode-1/data/ratis/a86de6f5-e8b4-481d-880c-d2c97247619f
2023-09-08 11:16:27,972 [a3bbae93-4dbd-48a8-b7ec-9de03e51f535-groupManagement] INFO  server.RaftServerConfigKeys (ConfUtils.java:logGet(46)) - raft.server.log.queue.byte-limit = 4294967296 (custom)
2023-09-08 11:16:27,973 [a3bbae93-4dbd-48a8-b7ec-9de03e51f535-groupManagement] INFO  server.RaftServerConfigKeys (ConfUtils.java:logGet(46)) - raft.server.log.queue.element-limit = 1024 (custom)
2023-09-08 11:16:27,973 [a3bbae93-4dbd-48a8-b7ec-9de03e51f535-groupManagement] INFO  server.RaftServerConfigKeys (ConfUtils.java:logGet(46)) - raft.server.log.segment.size.max = 1048576 (custom)
2023-09-08 11:16:27,973 [a3bbae93-4dbd-48a8-b7ec-9de03e51f535-groupManagement] INFO  server.RaftServerConfigKeys (ConfUtils.java:logGet(46)) - raft.server.log.preallocated.size = 16384 (custom)
2023-09-08 11:16:27,973 [a3bbae93-4dbd-48a8-b7ec-9de03e51f535-groupManagement] INFO  server.RaftServerConfigKeys (ConfUtils.java:logGet(46)) - raft.server.log.force.sync.num = 128 (default)
2023-09-08 11:16:27,975 [a3bbae93-4dbd-48a8-b7ec-9de03e51f535-groupManagement] INFO  server.RaftServerConfigKeys (ConfUtils.java:logGet(46)) - raft.server.log.statemachine.data.sync = true (default)
2023-09-08 11:16:27,976 [a3bbae93-4dbd-48a8-b7ec-9de03e51f535-groupManagement] INFO  server.RaftServerConfigKeys (ConfUtils.java:logGet(46)) - raft.server.log.statemachine.data.sync.timeout = 10s (default)
2023-09-08 11:16:27,976 [a3bbae93-4dbd-48a8-b7ec-9de03e51f535-groupManagement] INFO  server.RaftServerConfigKeys (ConfUtils.java:logGet(46)) - raft.server.log.statemachine.data.sync.timeout.retry = -1 (default)
2023-09-08 11:16:27,980 [a3bbae93-4dbd-48a8-b7ec-9de03e51f535-groupManagement] INFO  server.RaftServerConfigKeys (ConfUtils.java:logGet(46)) - raft.server.log.write.buffer.size = 1048576 (custom)
2023-09-08 11:16:27,980 [a3bbae93-4dbd-48a8-b7ec-9de03e51f535-groupManagement] INFO  server.RaftServerConfigKeys (ConfUtils.java:logGet(46)) - raft.server.log.appender.buffer.byte-limit = 33554432 (custom)
2023-09-08 11:16:27,993 [a3bbae93-4dbd-48a8-b7ec-9de03e51f535-groupManagement] INFO  server.RaftServerConfigKeys (ConfUtils.java:logGet(46)) - raft.server.log.unsafe-flush.enabled = false (default)
2023-09-08 11:16:27,994 [a3bbae93-4dbd-48a8-b7ec-9de03e51f535-groupManagement] INFO  server.RaftServerConfigKeys (ConfUtils.java:logGet(46)) - raft.server.log.async-flush.enabled = false (default)
2023-09-08 11:16:27,994 [a3bbae93-4dbd-48a8-b7ec-9de03e51f535-groupManagement] INFO  server.RaftServerConfigKeys (ConfUtils.java:logGet(46)) - raft.server.log.statemachine.data.caching.enabled = true (custom)
2023-09-08 11:16:27,994 [a3bbae93-4dbd-48a8-b7ec-9de03e51f535-groupManagement] INFO  segmented.SegmentedRaftLogWorker (SegmentedRaftLogWorker.java:lambda$new$0(135)) - a3bbae93-4dbd-48a8-b7ec-9de03e51f535@group-D2C97247619F-SegmentedRaftLogWorker: flushIndex: setUnconditionally 0 -> -1
2023-09-08 11:16:27,994 [a3bbae93-4dbd-48a8-b7ec-9de03e51f535-groupManagement] INFO  segmented.SegmentedRaftLogWorker (SegmentedRaftLogWorker.java:lambda$new$0(135)) - a3bbae93-4dbd-48a8-b7ec-9de03e51f535@group-D2C97247619F-SegmentedRaftLogWorker: safeCacheEvictIndex: setUnconditionally 0 -> -1
2023-09-08 11:16:27,997 [a3bbae93-4dbd-48a8-b7ec-9de03e51f535-groupManagement] INFO  server.RaftServer$Division (RaftServerImpl.java:start(342)) - a3bbae93-4dbd-48a8-b7ec-9de03e51f535@group-D2C97247619F: start as a follower, conf=-1: peers:[a3bbae93-4dbd-48a8-b7ec-9de03e51f535|rpc:10.1.0.72:15023|admin:10.1.0.72:15022|client:10.1.0.72:15021|dataStream:10.1.0.72:15024|priority:1|startupRole:FOLLOWER]|listeners:[], old=null
2023-09-08 11:16:27,998 [a3bbae93-4dbd-48a8-b7ec-9de03e51f535-groupManagement] INFO  server.RaftServer$Division (RaftServerImpl.java:setRole(329)) - a3bbae93-4dbd-48a8-b7ec-9de03e51f535@group-D2C97247619F: changes role from      null to FOLLOWER at term 0 for startAsFollower
2023-09-08 11:16:27,998 [a3bbae93-4dbd-48a8-b7ec-9de03e51f535-groupManagement] INFO  impl.RoleInfo (RoleInfo.java:updateAndGet(139)) - a3bbae93-4dbd-48a8-b7ec-9de03e51f535: start a3bbae93-4dbd-48a8-b7ec-9de03e51f535@group-D2C97247619F-FollowerState
2023-09-08 11:16:28,008 [a3bbae93-4dbd-48a8-b7ec-9de03e51f535@group-D2C97247619F-FollowerState] INFO  server.RaftServerConfigKeys (ConfUtils.java:logFallback(53)) - raft.server.rpc.first-election.timeout.min = 5s (fallback to raft.server.rpc.timeout.min)
2023-09-08 11:16:28,008 [a3bbae93-4dbd-48a8-b7ec-9de03e51f535-groupManagement] INFO  util.JmxRegister (JmxRegister.java:tryRegister(44)) - Successfully registered JMX Bean with object name Ratis:service=RaftServer,group=group-D2C97247619F,id=a3bbae93-4dbd-48a8-b7ec-9de03e51f535
2023-09-08 11:16:28,028 [a3bbae93-4dbd-48a8-b7ec-9de03e51f535-groupManagement] INFO  server.RaftServerConfigKeys (ConfUtils.java:logGet(46)) - raft.server.snapshot.auto.trigger.enabled = true (custom)
2023-09-08 11:16:28,029 [a3bbae93-4dbd-48a8-b7ec-9de03e51f535-groupManagement] INFO  server.RaftServerConfigKeys (ConfUtils.java:logGet(46)) - raft.server.snapshot.auto.trigger.threshold = 10000 (custom)
2023-09-08 11:16:28,029 [a3bbae93-4dbd-48a8-b7ec-9de03e51f535-groupManagement] INFO  server.RaftServerConfigKeys (ConfUtils.java:logGet(46)) - raft.server.snapshot.retention.file.num = 5 (custom)
2023-09-08 11:16:28,029 [a3bbae93-4dbd-48a8-b7ec-9de03e51f535-groupManagement] INFO  server.RaftServerConfigKeys (ConfUtils.java:logGet(46)) - raft.server.log.purge.upto.snapshot.index = false (default)
2023-09-08 11:16:28,030 [a3bbae93-4dbd-48a8-b7ec-9de03e51f535@group-D2C97247619F-FollowerState] INFO  server.RaftServerConfigKeys (ConfUtils.java:logFallback(53)) - raft.server.rpc.first-election.timeout.max = 5200ms (fallback to raft.server.rpc.timeout.max)
2023-09-08 11:16:28,032 [PipelineCommandHandlerThread-0] INFO  ratis.XceiverServerRatis (XceiverServerRatis.java:addGroup(804)) - Created group PipelineID=a86de6f5-e8b4-481d-880c-d2c97247619f
2023-09-08 11:16:28,032 [PipelineCommandHandlerThread-0] INFO  commandhandler.CreatePipelineCommandHandler (CreatePipelineCommandHandler.java:lambda$handle$2(124)) - Created Pipeline RATIS ONE PipelineID=a86de6f5-e8b4-481d-880c-d2c97247619f.
2023-09-08 11:16:28,036 [PipelineCommandHandlerThread-0] INFO  server.RaftServer (RaftServerProxy.java:addNew(98)) - a3bbae93-4dbd-48a8-b7ec-9de03e51f535: addNew group-628FFE3070B6:[89f84e8b-2e80-4453-8736-c86c7ce839d9|rpc:10.1.0.72:15032|admin:10.1.0.72:15031|client:10.1.0.72:15030|dataStream:10.1.0.72:15033|priority:0|startupRole:FOLLOWER, a3bbae93-4dbd-48a8-b7ec-9de03e51f535|rpc:10.1.0.72:15023|admin:10.1.0.72:15022|client:10.1.0.72:15021|dataStream:10.1.0.72:15024|priority:1|startupRole:FOLLOWER, f2514b4c-a867-463f-8d84-f95d86e9803a|rpc:10.1.0.72:15014|admin:10.1.0.72:15013|client:10.1.0.72:15012|dataStream:10.1.0.72:15015|priority:0|startupRole:FOLLOWER] returns group-628FFE3070B6:java.util.concurrent.CompletableFuture@67852312[Not completed]
2023-09-08 11:16:28,041 [a3bbae93-4dbd-48a8-b7ec-9de03e51f535-groupManagement] INFO  server.RaftServer$Division (RaftServerImpl.java:<init>(198)) - a3bbae93-4dbd-48a8-b7ec-9de03e51f535: new RaftServerImpl for group-628FFE3070B6:[89f84e8b-2e80-4453-8736-c86c7ce839d9|rpc:10.1.0.72:15032|admin:10.1.0.72:15031|client:10.1.0.72:15030|dataStream:10.1.0.72:15033|priority:0|startupRole:FOLLOWER, a3bbae93-4dbd-48a8-b7ec-9de03e51f535|rpc:10.1.0.72:15023|admin:10.1.0.72:15022|client:10.1.0.72:15021|dataStream:10.1.0.72:15024|priority:1|startupRole:FOLLOWER, f2514b4c-a867-463f-8d84-f95d86e9803a|rpc:10.1.0.72:15014|admin:10.1.0.72:15013|client:10.1.0.72:15012|dataStream:10.1.0.72:15015|priority:0|startupRole:FOLLOWER] with ContainerStateMachine:uninitialized
2023-09-08 11:16:28,041 [a3bbae93-4dbd-48a8-b7ec-9de03e51f535-groupManagement] INFO  server.RaftServerConfigKeys (ConfUtils.java:logGet(46)) - raft.server.rpc.timeout.min = 5s (custom)
2023-09-08 11:16:28,041 [a3bbae93-4dbd-48a8-b7ec-9de03e51f535-groupManagement] INFO  server.RaftServerConfigKeys (ConfUtils.java:logGet(46)) - raft.server.rpc.timeout.max = 5200ms (custom)
2023-09-08 11:16:28,041 [a3bbae93-4dbd-48a8-b7ec-9de03e51f535-groupManagement] INFO  server.RaftServerConfigKeys (ConfUtils.java:logGet(46)) - raft.server.rpc.sleep.time = 25ms (default)
2023-09-08 11:16:28,041 [a3bbae93-4dbd-48a8-b7ec-9de03e51f535-groupManagement] INFO  server.RaftServerConfigKeys (ConfUtils.java:logGet(46)) - raft.server.rpc.slowness.timeout = 300s (custom)
2023-09-08 11:16:28,041 [a3bbae93-4dbd-48a8-b7ec-9de03e51f535-groupManagement] INFO  server.RaftServerConfigKeys (ConfUtils.java:logGet(46)) - raft.server.leaderelection.leader.step-down.wait-time = 10s (default)
2023-09-08 11:16:28,041 [a3bbae93-4dbd-48a8-b7ec-9de03e51f535-groupManagement] INFO  server.RaftServerConfigKeys (ConfUtils.java:logGet(46)) - raft.server.sleep.deviation.threshold = 300ms (default)
2023-09-08 11:16:28,041 [a3bbae93-4dbd-48a8-b7ec-9de03e51f535-groupManagement] INFO  server.RaftServer$Division (ServerState.java:<init>(120)) - a3bbae93-4dbd-48a8-b7ec-9de03e51f535@group-628FFE3070B6: ConfigurationManager, init=-1: peers:[89f84e8b-2e80-4453-8736-c86c7ce839d9|rpc:10.1.0.72:15032|admin:10.1.0.72:15031|client:10.1.0.72:15030|dataStream:10.1.0.72:15033|priority:0|startupRole:FOLLOWER, a3bbae93-4dbd-48a8-b7ec-9de03e51f535|rpc:10.1.0.72:15023|admin:10.1.0.72:15022|client:10.1.0.72:15021|dataStream:10.1.0.72:15024|priority:1|startupRole:FOLLOWER, f2514b4c-a867-463f-8d84-f95d86e9803a|rpc:10.1.0.72:15014|admin:10.1.0.72:15013|client:10.1.0.72:15012|dataStream:10.1.0.72:15015|priority:0|startupRole:FOLLOWER]|listeners:[], old=null, confs=<EMPTY_MAP>
2023-09-08 11:16:28,041 [a3bbae93-4dbd-48a8-b7ec-9de03e51f535-groupManagement] INFO  server.RaftServerConfigKeys (ConfUtils.java:logGet(46)) - raft.server.storage.dir = [/home/runner/work/ozone/ozone/hadoop-ozone/integration-test/target/test-dir/MiniOzoneClusterImpl-4b7384aa-5f33-426b-b021-b584800a716a/datanode-1/data/ratis] (custom)
2023-09-08 11:16:28,042 [a3bbae93-4dbd-48a8-b7ec-9de03e51f535-groupManagement] INFO  server.RaftServerConfigKeys (ConfUtils.java:logGet(46)) - raft.server.log.corruption.policy = EXCEPTION (default)
2023-09-08 11:16:28,042 [a3bbae93-4dbd-48a8-b7ec-9de03e51f535-groupManagement] INFO  server.RaftServerConfigKeys (ConfUtils.java:logGet(46)) - raft.server.storage.free-space.min = 0MB (=0) (default)
2023-09-08 11:16:28,042 [a3bbae93-4dbd-48a8-b7ec-9de03e51f535-groupManagement] INFO  server.RaftServerConfigKeys (ConfUtils.java:logGet(46)) - raft.server.notification.no-leader.timeout = 300s (custom)
2023-09-08 11:16:28,042 [a3bbae93-4dbd-48a8-b7ec-9de03e51f535-groupManagement] INFO  server.RaftServerConfigKeys (ConfUtils.java:logGet(46)) - raft.server.read.timeout = 10s (default)
2023-09-08 11:16:28,042 [a3bbae93-4dbd-48a8-b7ec-9de03e51f535-groupManagement] INFO  server.RaftServerConfigKeys (ConfUtils.java:logGet(46)) - raft.server.retrycache.expirytime = 600000ms (custom)
2023-09-08 11:16:28,042 [a3bbae93-4dbd-48a8-b7ec-9de03e51f535-groupManagement] INFO  server.RaftServerConfigKeys (ConfUtils.java:logGet(46)) - raft.server.retrycache.statistics.expirytime = 100μs (default)
2023-09-08 11:16:28,042 [a3bbae93-4dbd-48a8-b7ec-9de03e51f535-groupManagement] INFO  server.RaftServerConfigKeys (ConfUtils.java:logGet(46)) - raft.server.read.option = DEFAULT (default)
2023-09-08 11:16:28,046 [a3bbae93-4dbd-48a8-b7ec-9de03e51f535-groupManagement] INFO  server.RaftServerConfigKeys (ConfUtils.java:logGet(46)) - raft.server.rpc.request.timeout = 60s (custom)
2023-09-08 11:16:28,047 [a3bbae93-4dbd-48a8-b7ec-9de03e51f535-groupManagement] INFO  server.RaftServerConfigKeys (ConfUtils.java:logGet(46)) - raft.server.log.appender.install.snapshot.enabled = false (custom)
2023-09-08 11:16:28,047 [a3bbae93-4dbd-48a8-b7ec-9de03e51f535-groupManagement] INFO  server.RaftServerConfigKeys (ConfUtils.java:logGet(46)) - raft.server.threadpool.server.cached = true (default)
2023-09-08 11:16:28,047 [a3bbae93-4dbd-48a8-b7ec-9de03e51f535-groupManagement] INFO  server.RaftServerConfigKeys (ConfUtils.java:logGet(46)) - raft.server.threadpool.server.size = 0 (default)
2023-09-08 11:16:28,047 [a3bbae93-4dbd-48a8-b7ec-9de03e51f535-groupManagement] INFO  server.RaftServerConfigKeys (ConfUtils.java:logGet(46)) - raft.server.threadpool.client.cached = true (default)
2023-09-08 11:16:28,048 [a3bbae93-4dbd-48a8-b7ec-9de03e51f535-groupManagement] INFO  server.RaftServerConfigKeys (ConfUtils.java:logGet(46)) - raft.server.threadpool.client.size = 0 (default)
2023-09-08 11:16:28,048 [a3bbae93-4dbd-48a8-b7ec-9de03e51f535-groupManagement] INFO  storage.RaftStorageDirectory (RaftStorageDirectoryImpl.java:analyzeStorage(137)) - The storage directory /home/runner/work/ozone/ozone/hadoop-ozone/integration-test/target/test-dir/MiniOzoneClusterImpl-4b7384aa-5f33-426b-b021-b584800a716a/datanode-1/data/ratis/60d6c62b-63e3-4ed9-8629-628ffe3070b6 does not exist. Creating ...
2023-09-08 11:16:28,051 [a3bbae93-4dbd-48a8-b7ec-9de03e51f535-groupManagement] INFO  storage.RaftStorageDirectory (RaftStorageDirectoryImpl.java:tryLock(231)) - Lock on /home/runner/work/ozone/ozone/hadoop-ozone/integration-test/target/test-dir/MiniOzoneClusterImpl-4b7384aa-5f33-426b-b021-b584800a716a/datanode-1/data/ratis/60d6c62b-63e3-4ed9-8629-628ffe3070b6/in_use.lock acquired by nodename 7549@fv-az203-160
2023-09-08 11:16:28,055 [a3bbae93-4dbd-48a8-b7ec-9de03e51f535-groupManagement] INFO  storage.RaftStorage (RaftStorageImpl.java:format(96)) - Storage directory /home/runner/work/ozone/ozone/hadoop-ozone/integration-test/target/test-dir/MiniOzoneClusterImpl-4b7384aa-5f33-426b-b021-b584800a716a/datanode-1/data/ratis/60d6c62b-63e3-4ed9-8629-628ffe3070b6 has been successfully formatted.
2023-09-08 11:16:28,055 [a3bbae93-4dbd-48a8-b7ec-9de03e51f535-groupManagement] INFO  ratis.ContainerStateMachine (ContainerStateMachine.java:loadSnapshot(262)) - group-628FFE3070B6: The snapshot info is null. Setting the last applied indexto:(t:0, i:~)
2023-09-08 11:16:28,055 [a3bbae93-4dbd-48a8-b7ec-9de03e51f535-groupManagement] INFO  server.RaftServerConfigKeys (ConfUtils.java:logGet(46)) - raft.server.log.use.memory = false (default)
2023-09-08 11:16:28,056 [a3bbae93-4dbd-48a8-b7ec-9de03e51f535-groupManagement] INFO  server.RaftServerConfigKeys (ConfUtils.java:logGet(46)) - raft.server.log.purge.gap = 1000000 (custom)
2023-09-08 11:16:28,059 [a3bbae93-4dbd-48a8-b7ec-9de03e51f535-groupManagement] INFO  server.RaftServerConfigKeys (ConfUtils.java:logGet(46)) - raft.server.log.appender.buffer.byte-limit = 33554432 (custom)
2023-09-08 11:16:28,059 [a3bbae93-4dbd-48a8-b7ec-9de03e51f535-groupManagement] INFO  server.RaftServerConfigKeys (ConfUtils.java:logGet(46)) - raft.server.log.statemachine.data.read.timeout = 1000ms (default)
2023-09-08 11:16:28,060 [EventQueue-OpenPipelineForHealthyPipelineSafeModeRule] INFO  safemode.SCMSafeModeManager (HealthyPipelineSafeModeRule.java:process(137)) - SCM in safe mode. Healthy pipelines reported count is 0, required healthy pipeline reported count is 1
2023-09-08 11:16:28,065 [a3bbae93-4dbd-48a8-b7ec-9de03e51f535-groupManagement] INFO  server.RaftServerConfigKeys (ConfUtils.java:logGet(46)) - raft.server.log.purge.preservation.log.num = 0 (default)
2023-09-08 11:16:28,067 [a3bbae93-4dbd-48a8-b7ec-9de03e51f535-groupManagement] INFO  server.RaftServerConfigKeys (ConfUtils.java:logGet(46)) - raft.server.log.segment.size.max = 1048576 (custom)
2023-09-08 11:16:28,069 [a3bbae93-4dbd-48a8-b7ec-9de03e51f535-groupManagement] INFO  server.RaftServerConfigKeys (ConfUtils.java:logGet(46)) - raft.server.log.segment.cache.num.max = 2 (custom)
2023-09-08 11:16:28,072 [a3bbae93-4dbd-48a8-b7ec-9de03e51f535-groupManagement] INFO  server.RaftServerConfigKeys (ConfUtils.java:logGet(46)) - raft.server.log.segment.cache.size.max = 200MB (=209715200) (default)
2023-09-08 11:16:28,072 [a3bbae93-4dbd-48a8-b7ec-9de03e51f535-groupManagement] INFO  server.RaftServerConfigKeys (ConfUtils.java:logGet(46)) - raft.server.log.appender.buffer.byte-limit = 33554432 (custom)
2023-09-08 11:16:28,072 [a3bbae93-4dbd-48a8-b7ec-9de03e51f535-groupManagement] INFO  segmented.SegmentedRaftLogWorker (SegmentedRaftLogWorker.java:<init>(188)) - new a3bbae93-4dbd-48a8-b7ec-9de03e51f535@group-628FFE3070B6-SegmentedRaftLogWorker for RaftStorageImpl:Storage Directory /home/runner/work/ozone/ozone/hadoop-ozone/integration-test/target/test-dir/MiniOzoneClusterImpl-4b7384aa-5f33-426b-b021-b584800a716a/datanode-1/data/ratis/60d6c62b-63e3-4ed9-8629-628ffe3070b6
2023-09-08 11:16:28,072 [a3bbae93-4dbd-48a8-b7ec-9de03e51f535-groupManagement] INFO  server.RaftServerConfigKeys (ConfUtils.java:logGet(46)) - raft.server.log.queue.byte-limit = 4294967296 (custom)
2023-09-08 11:16:28,072 [a3bbae93-4dbd-48a8-b7ec-9de03e51f535-groupManagement] INFO  server.RaftServerConfigKeys (ConfUtils.java:logGet(46)) - raft.server.log.queue.element-limit = 1024 (custom)
2023-09-08 11:16:28,072 [a3bbae93-4dbd-48a8-b7ec-9de03e51f535-groupManagement] INFO  server.RaftServerConfigKeys (ConfUtils.java:logGet(46)) - raft.server.log.segment.size.max = 1048576 (custom)
2023-09-08 11:16:28,072 [a3bbae93-4dbd-48a8-b7ec-9de03e51f535-groupManagement] INFO  server.RaftServerConfigKeys (ConfUtils.java:logGet(46)) - raft.server.log.preallocated.size = 16384 (custom)
2023-09-08 11:16:28,074 [a3bbae93-4dbd-48a8-b7ec-9de03e51f535-groupManagement] INFO  server.RaftServerConfigKeys (ConfUtils.java:logGet(46)) - raft.server.log.force.sync.num = 128 (default)
2023-09-08 11:16:28,074 [a3bbae93-4dbd-48a8-b7ec-9de03e51f535-groupManagement] INFO  server.RaftServerConfigKeys (ConfUtils.java:logGet(46)) - raft.server.log.statemachine.data.sync = true (default)
2023-09-08 11:16:28,074 [a3bbae93-4dbd-48a8-b7ec-9de03e51f535-groupManagement] INFO  server.RaftServerConfigKeys (ConfUtils.java:logGet(46)) - raft.server.log.statemachine.data.sync.timeout = 10s (default)
2023-09-08 11:16:28,075 [a3bbae93-4dbd-48a8-b7ec-9de03e51f535-groupManagement] INFO  server.RaftServerConfigKeys (ConfUtils.java:logGet(46)) - raft.server.log.statemachine.data.sync.timeout.retry = -1 (default)
2023-09-08 11:16:28,076 [a3bbae93-4dbd-48a8-b7ec-9de03e51f535-groupManagement] INFO  server.RaftServerConfigKeys (ConfUtils.java:logGet(46)) - raft.server.log.write.buffer.size = 1048576 (custom)
2023-09-08 11:16:28,076 [a3bbae93-4dbd-48a8-b7ec-9de03e51f535-groupManagement] INFO  server.RaftServerConfigKeys (ConfUtils.java:logGet(46)) - raft.server.log.appender.buffer.byte-limit = 33554432 (custom)
2023-09-08 11:16:28,417 [main] INFO  ozone.MiniOzoneClusterImpl (MiniOzoneClusterImpl.java:lambda$waitForClusterToBeReady$0(224)) - Nodes are ready. Got 5 of 5 DN Heartbeats.
2023-09-08 11:16:28,417 [main] INFO  ozone.MiniOzoneClusterImpl (MiniOzoneClusterImpl.java:lambda$waitForClusterToBeReady$0(227)) - Waiting for cluster to exit safe mode
2023-09-08 11:16:28,417 [main] INFO  ozone.MiniOzoneClusterImpl (MiniOzoneClusterImpl.java:lambda$waitForClusterToBeReady$0(229)) - SCM became leader
2023-09-08 11:16:28,417 [JvmPauseMonitor2] WARN  util.JvmPauseMonitor (JvmPauseMonitor.java:detectPause(124)) - JvmPauseMonitor-f2514b4c-a867-463f-8d84-f95d86e9803a: Detected pause in JVM or host machine approximately 0.211s with 0.334s GC time.
GC pool 'PS MarkSweep' had collection(s): count=1 time=281ms
GC pool 'PS Scavenge' had collection(s): count=1 time=53ms
2023-09-08 11:16:28,417 [JvmPauseMonitor6] WARN  util.JvmPauseMonitor (JvmPauseMonitor.java:detectPause(124)) - JvmPauseMonitor-2dfd442c-a1c3-4c12-a15b-8aed08a5dec6: Detected pause in JVM or host machine approximately 0.218s with 0.334s GC time.
GC pool 'PS MarkSweep' had collection(s): count=1 time=281ms
GC pool 'PS Scavenge' had collection(s): count=1 time=53ms
2023-09-08 11:16:28,434 [a3bbae93-4dbd-48a8-b7ec-9de03e51f535-groupManagement] INFO  server.RaftServerConfigKeys (ConfUtils.java:logGet(46)) - raft.server.log.unsafe-flush.enabled = false (default)
2023-09-08 11:16:28,434 [a3bbae93-4dbd-48a8-b7ec-9de03e51f535-groupManagement] INFO  server.RaftServerConfigKeys (ConfUtils.java:logGet(46)) - raft.server.log.async-flush.enabled = false (default)
2023-09-08 11:16:28,434 [a3bbae93-4dbd-48a8-b7ec-9de03e51f535-groupManagement] INFO  server.RaftServerConfigKeys (ConfUtils.java:logGet(46)) - raft.server.log.statemachine.data.caching.enabled = true (custom)
2023-09-08 11:16:28,434 [a3bbae93-4dbd-48a8-b7ec-9de03e51f535-groupManagement] INFO  segmented.SegmentedRaftLogWorker (SegmentedRaftLogWorker.java:lambda$new$0(135)) - a3bbae93-4dbd-48a8-b7ec-9de03e51f535@group-628FFE3070B6-SegmentedRaftLogWorker: flushIndex: setUnconditionally 0 -> -1
2023-09-08 11:16:28,434 [a3bbae93-4dbd-48a8-b7ec-9de03e51f535-groupManagement] INFO  segmented.SegmentedRaftLogWorker (SegmentedRaftLogWorker.java:lambda$new$0(135)) - a3bbae93-4dbd-48a8-b7ec-9de03e51f535@group-628FFE3070B6-SegmentedRaftLogWorker: safeCacheEvictIndex: setUnconditionally 0 -> -1
2023-09-08 11:16:28,435 [a3bbae93-4dbd-48a8-b7ec-9de03e51f535-groupManagement] INFO  server.RaftServer$Division (RaftServerImpl.java:start(342)) - a3bbae93-4dbd-48a8-b7ec-9de03e51f535@group-628FFE3070B6: start as a follower, conf=-1: peers:[89f84e8b-2e80-4453-8736-c86c7ce839d9|rpc:10.1.0.72:15032|admin:10.1.0.72:15031|client:10.1.0.72:15030|dataStream:10.1.0.72:15033|priority:0|startupRole:FOLLOWER, a3bbae93-4dbd-48a8-b7ec-9de03e51f535|rpc:10.1.0.72:15023|admin:10.1.0.72:15022|client:10.1.0.72:15021|dataStream:10.1.0.72:15024|priority:1|startupRole:FOLLOWER, f2514b4c-a867-463f-8d84-f95d86e9803a|rpc:10.1.0.72:15014|admin:10.1.0.72:15013|client:10.1.0.72:15012|dataStream:10.1.0.72:15015|priority:0|startupRole:FOLLOWER]|listeners:[], old=null
2023-09-08 11:16:28,435 [a3bbae93-4dbd-48a8-b7ec-9de03e51f535-groupManagement] INFO  server.RaftServer$Division (RaftServerImpl.java:setRole(329)) - a3bbae93-4dbd-48a8-b7ec-9de03e51f535@group-628FFE3070B6: changes role from      null to FOLLOWER at term 0 for startAsFollower
2023-09-08 11:16:28,435 [a3bbae93-4dbd-48a8-b7ec-9de03e51f535-groupManagement] INFO  impl.RoleInfo (RoleInfo.java:updateAndGet(139)) - a3bbae93-4dbd-48a8-b7ec-9de03e51f535: start a3bbae93-4dbd-48a8-b7ec-9de03e51f535@group-628FFE3070B6-FollowerState
2023-09-08 11:16:28,437 [a3bbae93-4dbd-48a8-b7ec-9de03e51f535-groupManagement] INFO  util.JmxRegister (JmxRegister.java:tryRegister(44)) - Successfully registered JMX Bean with object name Ratis:service=RaftServer,group=group-628FFE3070B6,id=a3bbae93-4dbd-48a8-b7ec-9de03e51f535
2023-09-08 11:16:28,437 [a3bbae93-4dbd-48a8-b7ec-9de03e51f535-groupManagement] INFO  server.RaftServerConfigKeys (ConfUtils.java:logGet(46)) - raft.server.snapshot.auto.trigger.enabled = true (custom)
2023-09-08 11:16:28,437 [a3bbae93-4dbd-48a8-b7ec-9de03e51f535-groupManagement] INFO  server.RaftServerConfigKeys (ConfUtils.java:logGet(46)) - raft.server.snapshot.auto.trigger.threshold = 10000 (custom)
2023-09-08 11:16:28,437 [a3bbae93-4dbd-48a8-b7ec-9de03e51f535-groupManagement] INFO  server.RaftServerConfigKeys (ConfUtils.java:logGet(46)) - raft.server.snapshot.retention.file.num = 5 (custom)
2023-09-08 11:16:28,438 [a3bbae93-4dbd-48a8-b7ec-9de03e51f535-groupManagement] INFO  server.RaftServerConfigKeys (ConfUtils.java:logGet(46)) - raft.server.log.purge.upto.snapshot.index = false (default)
2023-09-08 11:16:28,438 [a3bbae93-4dbd-48a8-b7ec-9de03e51f535@group-628FFE3070B6-FollowerState] INFO  server.RaftServerConfigKeys (ConfUtils.java:logFallback(53)) - raft.server.rpc.first-election.timeout.min = 5s (fallback to raft.server.rpc.timeout.min)
2023-09-08 11:16:28,443 [a3bbae93-4dbd-48a8-b7ec-9de03e51f535@group-628FFE3070B6-FollowerState] INFO  server.RaftServerConfigKeys (ConfUtils.java:logFallback(53)) - raft.server.rpc.first-election.timeout.max = 5200ms (fallback to raft.server.rpc.timeout.max)
2023-09-08 11:16:28,440 [89f84e8b-2e80-4453-8736-c86c7ce839d9-groupManagement] INFO  server.RaftServer$Division (RaftServerImpl.java:<init>(198)) - 89f84e8b-2e80-4453-8736-c86c7ce839d9: new RaftServerImpl for group-70D93477139D:[89f84e8b-2e80-4453-8736-c86c7ce839d9|rpc:10.1.0.72:15032|admin:10.1.0.72:15031|client:10.1.0.72:15030|dataStream:10.1.0.72:15033|priority:1|startupRole:FOLLOWER] with ContainerStateMachine:uninitialized
2023-09-08 11:16:28,438 [PipelineCommandHandlerThread-0] INFO  server.RaftServer (RaftServerProxy.java:addNew(98)) - 89f84e8b-2e80-4453-8736-c86c7ce839d9: addNew group-70D93477139D:[89f84e8b-2e80-4453-8736-c86c7ce839d9|rpc:10.1.0.72:15032|admin:10.1.0.72:15031|client:10.1.0.72:15030|dataStream:10.1.0.72:15033|priority:1|startupRole:FOLLOWER] returns group-70D93477139D:java.util.concurrent.CompletableFuture@147d64e2[Not completed]
2023-09-08 11:16:28,444 [89f84e8b-2e80-4453-8736-c86c7ce839d9-groupManagement] INFO  server.RaftServerConfigKeys (ConfUtils.java:logGet(46)) - raft.server.rpc.timeout.min = 5s (custom)
2023-09-08 11:16:28,444 [89f84e8b-2e80-4453-8736-c86c7ce839d9-groupManagement] INFO  server.RaftServerConfigKeys (ConfUtils.java:logGet(46)) - raft.server.rpc.timeout.max = 5200ms (custom)
2023-09-08 11:16:28,444 [89f84e8b-2e80-4453-8736-c86c7ce839d9-groupManagement] INFO  server.RaftServerConfigKeys (ConfUtils.java:logGet(46)) - raft.server.rpc.sleep.time = 25ms (default)
2023-09-08 11:16:28,444 [89f84e8b-2e80-4453-8736-c86c7ce839d9-groupManagement] INFO  server.RaftServerConfigKeys (ConfUtils.java:logGet(46)) - raft.server.rpc.slowness.timeout = 300s (custom)
2023-09-08 11:16:28,444 [89f84e8b-2e80-4453-8736-c86c7ce839d9-groupManagement] INFO  server.RaftServerConfigKeys (ConfUtils.java:logGet(46)) - raft.server.leaderelection.leader.step-down.wait-time = 10s (default)
2023-09-08 11:16:28,444 [89f84e8b-2e80-4453-8736-c86c7ce839d9-groupManagement] INFO  server.RaftServerConfigKeys (ConfUtils.java:logGet(46)) - raft.server.sleep.deviation.threshold = 300ms (default)
2023-09-08 11:16:28,444 [89f84e8b-2e80-4453-8736-c86c7ce839d9-groupManagement] INFO  server.RaftServer$Division (ServerState.java:<init>(120)) - 89f84e8b-2e80-4453-8736-c86c7ce839d9@group-70D93477139D: ConfigurationManager, init=-1: peers:[89f84e8b-2e80-4453-8736-c86c7ce839d9|rpc:10.1.0.72:15032|admin:10.1.0.72:15031|client:10.1.0.72:15030|dataStream:10.1.0.72:15033|priority:1|startupRole:FOLLOWER]|listeners:[], old=null, confs=<EMPTY_MAP>
2023-09-08 11:16:28,444 [89f84e8b-2e80-4453-8736-c86c7ce839d9-groupManagement] INFO  server.RaftServerConfigKeys (ConfUtils.java:logGet(46)) - raft.server.storage.dir = [/home/runner/work/ozone/ozone/hadoop-ozone/integration-test/target/test-dir/MiniOzoneClusterImpl-4b7384aa-5f33-426b-b021-b584800a716a/datanode-2/data/ratis] (custom)
2023-09-08 11:16:28,444 [89f84e8b-2e80-4453-8736-c86c7ce839d9-groupManagement] INFO  server.RaftServerConfigKeys (ConfUtils.java:logGet(46)) - raft.server.log.corruption.policy = EXCEPTION (default)
2023-09-08 11:16:28,444 [89f84e8b-2e80-4453-8736-c86c7ce839d9-groupManagement] INFO  server.RaftServerConfigKeys (ConfUtils.java:logGet(46)) - raft.server.storage.free-space.min = 0MB (=0) (default)
2023-09-08 11:16:28,444 [89f84e8b-2e80-4453-8736-c86c7ce839d9-groupManagement] INFO  server.RaftServerConfigKeys (ConfUtils.java:logGet(46)) - raft.server.notification.no-leader.timeout = 300s (custom)
2023-09-08 11:16:28,444 [89f84e8b-2e80-4453-8736-c86c7ce839d9-groupManagement] INFO  server.RaftServerConfigKeys (ConfUtils.java:logGet(46)) - raft.server.read.timeout = 10s (default)
2023-09-08 11:16:28,445 [89f84e8b-2e80-4453-8736-c86c7ce839d9-groupManagement] INFO  server.RaftServerConfigKeys (ConfUtils.java:logGet(46)) - raft.server.retrycache.expirytime = 600000ms (custom)
2023-09-08 11:16:28,445 [89f84e8b-2e80-4453-8736-c86c7ce839d9-groupManagement] INFO  server.RaftServerConfigKeys (ConfUtils.java:logGet(46)) - raft.server.retrycache.statistics.expirytime = 100μs (default)
2023-09-08 11:16:28,445 [89f84e8b-2e80-4453-8736-c86c7ce839d9-groupManagement] INFO  server.RaftServerConfigKeys (ConfUtils.java:logGet(46)) - raft.server.read.option = DEFAULT (default)
2023-09-08 11:16:28,447 [PipelineCommandHandlerThread-0] INFO  ratis.XceiverServerRatis (XceiverServerRatis.java:addGroup(804)) - Created group PipelineID=60d6c62b-63e3-4ed9-8629-628ffe3070b6
2023-09-08 11:16:28,461 [89f84e8b-2e80-4453-8736-c86c7ce839d9-groupManagement] INFO  server.RaftServerConfigKeys (ConfUtils.java:logGet(46)) - raft.server.rpc.request.timeout = 60s (custom)
2023-09-08 11:16:28,461 [89f84e8b-2e80-4453-8736-c86c7ce839d9-groupManagement] INFO  server.RaftServerConfigKeys (ConfUtils.java:logGet(46)) - raft.server.log.appender.install.snapshot.enabled = false (custom)
2023-09-08 11:16:28,461 [89f84e8b-2e80-4453-8736-c86c7ce839d9-groupManagement] INFO  server.RaftServerConfigKeys (ConfUtils.java:logGet(46)) - raft.server.threadpool.server.cached = true (default)
2023-09-08 11:16:28,461 [89f84e8b-2e80-4453-8736-c86c7ce839d9-groupManagement] INFO  server.RaftServerConfigKeys (ConfUtils.java:logGet(46)) - raft.server.threadpool.server.size = 0 (default)
2023-09-08 11:16:28,461 [89f84e8b-2e80-4453-8736-c86c7ce839d9-groupManagement] INFO  server.RaftServerConfigKeys (ConfUtils.java:logGet(46)) - raft.server.threadpool.client.cached = true (default)
2023-09-08 11:16:28,461 [89f84e8b-2e80-4453-8736-c86c7ce839d9-groupManagement] INFO  server.RaftServerConfigKeys (ConfUtils.java:logGet(46)) - raft.server.threadpool.client.size = 0 (default)
2023-09-08 11:16:28,462 [89f84e8b-2e80-4453-8736-c86c7ce839d9-groupManagement] INFO  storage.RaftStorageDirectory (RaftStorageDirectoryImpl.java:analyzeStorage(137)) - The storage directory /home/runner/work/ozone/ozone/hadoop-ozone/integration-test/target/test-dir/MiniOzoneClusterImpl-4b7384aa-5f33-426b-b021-b584800a716a/datanode-2/data/ratis/d29edb83-59f1-4d83-bfb0-70d93477139d does not exist. Creating ...
2023-09-08 11:16:28,464 [89f84e8b-2e80-4453-8736-c86c7ce839d9-groupManagement] INFO  storage.RaftStorageDirectory (RaftStorageDirectoryImpl.java:tryLock(231)) - Lock on /home/runner/work/ozone/ozone/hadoop-ozone/integration-test/target/test-dir/MiniOzoneClusterImpl-4b7384aa-5f33-426b-b021-b584800a716a/datanode-2/data/ratis/d29edb83-59f1-4d83-bfb0-70d93477139d/in_use.lock acquired by nodename 7549@fv-az203-160
2023-09-08 11:16:28,466 [89f84e8b-2e80-4453-8736-c86c7ce839d9-groupManagement] INFO  storage.RaftStorage (RaftStorageImpl.java:format(96)) - Storage directory /home/runner/work/ozone/ozone/hadoop-ozone/integration-test/target/test-dir/MiniOzoneClusterImpl-4b7384aa-5f33-426b-b021-b584800a716a/datanode-2/data/ratis/d29edb83-59f1-4d83-bfb0-70d93477139d has been successfully formatted.
2023-09-08 11:16:28,470 [89f84e8b-2e80-4453-8736-c86c7ce839d9-groupManagement] INFO  ratis.ContainerStateMachine (ContainerStateMachine.java:loadSnapshot(262)) - group-70D93477139D: The snapshot info is null. Setting the last applied indexto:(t:0, i:~)
2023-09-08 11:16:28,472 [EventQueue-PipelineReportForPipelineReportHandler] INFO  pipeline.PipelineReportHandler (PipelineReportHandler.java:processPipelineReport(136)) - Opened pipeline PipelineID=d29edb83-59f1-4d83-bfb0-70d93477139d
2023-09-08 11:16:28,474 [EventQueue-OpenPipelineForHealthyPipelineSafeModeRule] INFO  safemode.SCMSafeModeManager (HealthyPipelineSafeModeRule.java:process(137)) - SCM in safe mode. Healthy pipelines reported count is 0, required healthy pipeline reported count is 1
2023-09-08 11:16:28,474 [89f84e8b-2e80-4453-8736-c86c7ce839d9-groupManagement] INFO  server.RaftServerConfigKeys (ConfUtils.java:logGet(46)) - raft.server.log.use.memory = false (default)
2023-09-08 11:16:28,474 [89f84e8b-2e80-4453-8736-c86c7ce839d9-groupManagement] INFO  server.RaftServerConfigKeys (ConfUtils.java:logGet(46)) - raft.server.log.purge.gap = 1000000 (custom)
2023-09-08 11:16:28,475 [89f84e8b-2e80-4453-8736-c86c7ce839d9-groupManagement] INFO  server.RaftServerConfigKeys (ConfUtils.java:logGet(46)) - raft.server.log.appender.buffer.byte-limit = 33554432 (custom)
2023-09-08 11:16:28,475 [89f84e8b-2e80-4453-8736-c86c7ce839d9-groupManagement] INFO  server.RaftServerConfigKeys (ConfUtils.java:logGet(46)) - raft.server.log.statemachine.data.read.timeout = 1000ms (default)
2023-09-08 11:16:28,475 [89f84e8b-2e80-4453-8736-c86c7ce839d9-groupManagement] INFO  server.RaftServerConfigKeys (ConfUtils.java:logGet(46)) - raft.server.log.purge.preservation.log.num = 0 (default)
2023-09-08 11:16:28,476 [89f84e8b-2e80-4453-8736-c86c7ce839d9-groupManagement] INFO  server.RaftServerConfigKeys (ConfUtils.java:logGet(46)) - raft.server.log.segment.size.max = 1048576 (custom)
2023-09-08 11:16:28,478 [89f84e8b-2e80-4453-8736-c86c7ce839d9-groupManagement] INFO  server.RaftServerConfigKeys (ConfUtils.java:logGet(46)) - raft.server.log.segment.cache.num.max = 2 (custom)
2023-09-08 11:16:28,478 [89f84e8b-2e80-4453-8736-c86c7ce839d9-groupManagement] INFO  server.RaftServerConfigKeys (ConfUtils.java:logGet(46)) - raft.server.log.segment.cache.size.max = 200MB (=209715200) (default)
2023-09-08 11:16:28,478 [89f84e8b-2e80-4453-8736-c86c7ce839d9-groupManagement] INFO  server.RaftServerConfigKeys (ConfUtils.java:logGet(46)) - raft.server.log.appender.buffer.byte-limit = 33554432 (custom)
2023-09-08 11:16:28,479 [89f84e8b-2e80-4453-8736-c86c7ce839d9-groupManagement] INFO  segmented.SegmentedRaftLogWorker (SegmentedRaftLogWorker.java:<init>(188)) - new 89f84e8b-2e80-4453-8736-c86c7ce839d9@group-70D93477139D-SegmentedRaftLogWorker for RaftStorageImpl:Storage Directory /home/runner/work/ozone/ozone/hadoop-ozone/integration-test/target/test-dir/MiniOzoneClusterImpl-4b7384aa-5f33-426b-b021-b584800a716a/datanode-2/data/ratis/d29edb83-59f1-4d83-bfb0-70d93477139d
2023-09-08 11:16:28,479 [89f84e8b-2e80-4453-8736-c86c7ce839d9-groupManagement] INFO  server.RaftServerConfigKeys (ConfUtils.java:logGet(46)) - raft.server.log.queue.byte-limit = 4294967296 (custom)
2023-09-08 11:16:28,479 [89f84e8b-2e80-4453-8736-c86c7ce839d9-groupManagement] INFO  server.RaftServerConfigKeys (ConfUtils.java:logGet(46)) - raft.server.log.queue.element-limit = 1024 (custom)
2023-09-08 11:16:28,479 [89f84e8b-2e80-4453-8736-c86c7ce839d9-groupManagement] INFO  server.RaftServerConfigKeys (ConfUtils.java:logGet(46)) - raft.server.log.segment.size.max = 1048576 (custom)
2023-09-08 11:16:28,479 [89f84e8b-2e80-4453-8736-c86c7ce839d9-groupManagement] INFO  server.RaftServerConfigKeys (ConfUtils.java:logGet(46)) - raft.server.log.preallocated.size = 16384 (custom)
2023-09-08 11:16:28,479 [89f84e8b-2e80-4453-8736-c86c7ce839d9-groupManagement] INFO  server.RaftServerConfigKeys (ConfUtils.java:logGet(46)) - raft.server.log.force.sync.num = 128 (default)
2023-09-08 11:16:28,479 [89f84e8b-2e80-4453-8736-c86c7ce839d9-groupManagement] INFO  server.RaftServerConfigKeys (ConfUtils.java:logGet(46)) - raft.server.log.statemachine.data.sync = true (default)
2023-09-08 11:16:28,479 [89f84e8b-2e80-4453-8736-c86c7ce839d9-groupManagement] INFO  server.RaftServerConfigKeys (ConfUtils.java:logGet(46)) - raft.server.log.statemachine.data.sync.timeout = 10s (default)
2023-09-08 11:16:28,479 [89f84e8b-2e80-4453-8736-c86c7ce839d9-groupManagement] INFO  server.RaftServerConfigKeys (ConfUtils.java:logGet(46)) - raft.server.log.statemachine.data.sync.timeout.retry = -1 (default)
2023-09-08 11:16:28,484 [89f84e8b-2e80-4453-8736-c86c7ce839d9-groupManagement] INFO  server.RaftServerConfigKeys (ConfUtils.java:logGet(46)) - raft.server.log.write.buffer.size = 1048576 (custom)
2023-09-08 11:16:28,484 [89f84e8b-2e80-4453-8736-c86c7ce839d9-groupManagement] INFO  server.RaftServerConfigKeys (ConfUtils.java:logGet(46)) - raft.server.log.appender.buffer.byte-limit = 33554432 (custom)
2023-09-08 11:16:28,490 [89f84e8b-2e80-4453-8736-c86c7ce839d9-groupManagement] INFO  server.RaftServerConfigKeys (ConfUtils.java:logGet(46)) - raft.server.log.unsafe-flush.enabled = false (default)
2023-09-08 11:16:28,490 [89f84e8b-2e80-4453-8736-c86c7ce839d9-groupManagement] INFO  server.RaftServerConfigKeys (ConfUtils.java:logGet(46)) - raft.server.log.async-flush.enabled = false (default)
2023-09-08 11:16:28,490 [89f84e8b-2e80-4453-8736-c86c7ce839d9-groupManagement] INFO  server.RaftServerConfigKeys (ConfUtils.java:logGet(46)) - raft.server.log.statemachine.data.caching.enabled = true (custom)
2023-09-08 11:16:28,490 [89f84e8b-2e80-4453-8736-c86c7ce839d9-groupManagement] INFO  segmented.SegmentedRaftLogWorker (SegmentedRaftLogWorker.java:lambda$new$0(135)) - 89f84e8b-2e80-4453-8736-c86c7ce839d9@group-70D93477139D-SegmentedRaftLogWorker: flushIndex: setUnconditionally 0 -> -1
2023-09-08 11:16:28,490 [89f84e8b-2e80-4453-8736-c86c7ce839d9-groupManagement] INFO  segmented.SegmentedRaftLogWorker (SegmentedRaftLogWorker.java:lambda$new$0(135)) - 89f84e8b-2e80-4453-8736-c86c7ce839d9@group-70D93477139D-SegmentedRaftLogWorker: safeCacheEvictIndex: setUnconditionally 0 -> -1
2023-09-08 11:16:28,491 [89f84e8b-2e80-4453-8736-c86c7ce839d9-groupManagement] INFO  server.RaftServer$Division (RaftServerImpl.java:start(342)) - 89f84e8b-2e80-4453-8736-c86c7ce839d9@group-70D93477139D: start as a follower, conf=-1: peers:[89f84e8b-2e80-4453-8736-c86c7ce839d9|rpc:10.1.0.72:15032|admin:10.1.0.72:15031|client:10.1.0.72:15030|dataStream:10.1.0.72:15033|priority:1|startupRole:FOLLOWER]|listeners:[], old=null
2023-09-08 11:16:28,491 [89f84e8b-2e80-4453-8736-c86c7ce839d9-groupManagement] INFO  server.RaftServer$Division (RaftServerImpl.java:setRole(329)) - 89f84e8b-2e80-4453-8736-c86c7ce839d9@group-70D93477139D: changes role from      null to FOLLOWER at term 0 for startAsFollower
2023-09-08 11:16:28,491 [89f84e8b-2e80-4453-8736-c86c7ce839d9-groupManagement] INFO  impl.RoleInfo (RoleInfo.java:updateAndGet(139)) - 89f84e8b-2e80-4453-8736-c86c7ce839d9: start 89f84e8b-2e80-4453-8736-c86c7ce839d9@group-70D93477139D-FollowerState
2023-09-08 11:16:28,492 [89f84e8b-2e80-4453-8736-c86c7ce839d9-groupManagement] INFO  util.JmxRegister (JmxRegister.java:tryRegister(44)) - Successfully registered JMX Bean with object name Ratis:service=RaftServer,group=group-70D93477139D,id=89f84e8b-2e80-4453-8736-c86c7ce839d9
2023-09-08 11:16:28,492 [89f84e8b-2e80-4453-8736-c86c7ce839d9-groupManagement] INFO  server.RaftServerConfigKeys (ConfUtils.java:logGet(46)) - raft.server.snapshot.auto.trigger.enabled = true (custom)
2023-09-08 11:16:28,492 [89f84e8b-2e80-4453-8736-c86c7ce839d9-groupManagement] INFO  server.RaftServerConfigKeys (ConfUtils.java:logGet(46)) - raft.server.snapshot.auto.trigger.threshold = 10000 (custom)
2023-09-08 11:16:28,492 [89f84e8b-2e80-4453-8736-c86c7ce839d9-groupManagement] INFO  server.RaftServerConfigKeys (ConfUtils.java:logGet(46)) - raft.server.snapshot.retention.file.num = 5 (custom)
2023-09-08 11:16:28,492 [89f84e8b-2e80-4453-8736-c86c7ce839d9-groupManagement] INFO  server.RaftServerConfigKeys (ConfUtils.java:logGet(46)) - raft.server.log.purge.upto.snapshot.index = false (default)
2023-09-08 11:16:28,503 [89f84e8b-2e80-4453-8736-c86c7ce839d9@group-70D93477139D-FollowerState] INFO  server.RaftServerConfigKeys (ConfUtils.java:logFallback(53)) - raft.server.rpc.first-election.timeout.min = 5s (fallback to raft.server.rpc.timeout.min)
2023-09-08 11:16:28,503 [89f84e8b-2e80-4453-8736-c86c7ce839d9@group-70D93477139D-FollowerState] INFO  server.RaftServerConfigKeys (ConfUtils.java:logFallback(53)) - raft.server.rpc.first-election.timeout.max = 5200ms (fallback to raft.server.rpc.timeout.max)
2023-09-08 11:16:28,507 [PipelineCommandHandlerThread-0] INFO  ratis.XceiverServerRatis (XceiverServerRatis.java:addGroup(804)) - Created group PipelineID=d29edb83-59f1-4d83-bfb0-70d93477139d
2023-09-08 11:16:28,507 [PipelineCommandHandlerThread-0] INFO  commandhandler.CreatePipelineCommandHandler (CreatePipelineCommandHandler.java:lambda$handle$2(124)) - Created Pipeline RATIS ONE PipelineID=d29edb83-59f1-4d83-bfb0-70d93477139d.
2023-09-08 11:16:28,507 [PipelineCommandHandlerThread-0] INFO  server.RaftServer (RaftServerProxy.java:addNew(98)) - 89f84e8b-2e80-4453-8736-c86c7ce839d9: addNew group-628FFE3070B6:[89f84e8b-2e80-4453-8736-c86c7ce839d9|rpc:10.1.0.72:15032|admin:10.1.0.72:15031|client:10.1.0.72:15030|dataStream:10.1.0.72:15033|priority:0|startupRole:FOLLOWER, a3bbae93-4dbd-48a8-b7ec-9de03e51f535|rpc:10.1.0.72:15023|admin:10.1.0.72:15022|client:10.1.0.72:15021|dataStream:10.1.0.72:15024|priority:1|startupRole:FOLLOWER, f2514b4c-a867-463f-8d84-f95d86e9803a|rpc:10.1.0.72:15014|admin:10.1.0.72:15013|client:10.1.0.72:15012|dataStream:10.1.0.72:15015|priority:0|startupRole:FOLLOWER] returns group-628FFE3070B6:java.util.concurrent.CompletableFuture@1042e2b5[Not completed]
2023-09-08 11:16:28,508 [89f84e8b-2e80-4453-8736-c86c7ce839d9-groupManagement] INFO  server.RaftServer$Division (RaftServerImpl.java:<init>(198)) - 89f84e8b-2e80-4453-8736-c86c7ce839d9: new RaftServerImpl for group-628FFE3070B6:[89f84e8b-2e80-4453-8736-c86c7ce839d9|rpc:10.1.0.72:15032|admin:10.1.0.72:15031|client:10.1.0.72:15030|dataStream:10.1.0.72:15033|priority:0|startupRole:FOLLOWER, a3bbae93-4dbd-48a8-b7ec-9de03e51f535|rpc:10.1.0.72:15023|admin:10.1.0.72:15022|client:10.1.0.72:15021|dataStream:10.1.0.72:15024|priority:1|startupRole:FOLLOWER, f2514b4c-a867-463f-8d84-f95d86e9803a|rpc:10.1.0.72:15014|admin:10.1.0.72:15013|client:10.1.0.72:15012|dataStream:10.1.0.72:15015|priority:0|startupRole:FOLLOWER] with ContainerStateMachine:uninitialized
2023-09-08 11:16:28,509 [89f84e8b-2e80-4453-8736-c86c7ce839d9-groupManagement] INFO  server.RaftServerConfigKeys (ConfUtils.java:logGet(46)) - raft.server.rpc.timeout.min = 5s (custom)
2023-09-08 11:16:28,509 [89f84e8b-2e80-4453-8736-c86c7ce839d9-groupManagement] INFO  server.RaftServerConfigKeys (ConfUtils.java:logGet(46)) - raft.server.rpc.timeout.max = 5200ms (custom)
2023-09-08 11:16:28,509 [89f84e8b-2e80-4453-8736-c86c7ce839d9-groupManagement] INFO  server.RaftServerConfigKeys (ConfUtils.java:logGet(46)) - raft.server.rpc.sleep.time = 25ms (default)
2023-09-08 11:16:28,509 [89f84e8b-2e80-4453-8736-c86c7ce839d9-groupManagement] INFO  server.RaftServerConfigKeys (ConfUtils.java:logGet(46)) - raft.server.rpc.slowness.timeout = 300s (custom)
2023-09-08 11:16:28,509 [89f84e8b-2e80-4453-8736-c86c7ce839d9-groupManagement] INFO  server.RaftServerConfigKeys (ConfUtils.java:logGet(46)) - raft.server.leaderelection.leader.step-down.wait-time = 10s (default)
2023-09-08 11:16:28,509 [89f84e8b-2e80-4453-8736-c86c7ce839d9-groupManagement] INFO  server.RaftServerConfigKeys (ConfUtils.java:logGet(46)) - raft.server.sleep.deviation.threshold = 300ms (default)
2023-09-08 11:16:28,509 [89f84e8b-2e80-4453-8736-c86c7ce839d9-groupManagement] INFO  server.RaftServer$Division (ServerState.java:<init>(120)) - 89f84e8b-2e80-4453-8736-c86c7ce839d9@group-628FFE3070B6: ConfigurationManager, init=-1: peers:[89f84e8b-2e80-4453-8736-c86c7ce839d9|rpc:10.1.0.72:15032|admin:10.1.0.72:15031|client:10.1.0.72:15030|dataStream:10.1.0.72:15033|priority:0|startupRole:FOLLOWER, a3bbae93-4dbd-48a8-b7ec-9de03e51f535|rpc:10.1.0.72:15023|admin:10.1.0.72:15022|client:10.1.0.72:15021|dataStream:10.1.0.72:15024|priority:1|startupRole:FOLLOWER, f2514b4c-a867-463f-8d84-f95d86e9803a|rpc:10.1.0.72:15014|admin:10.1.0.72:15013|client:10.1.0.72:15012|dataStream:10.1.0.72:15015|priority:0|startupRole:FOLLOWER]|listeners:[], old=null, confs=<EMPTY_MAP>
2023-09-08 11:16:28,509 [89f84e8b-2e80-4453-8736-c86c7ce839d9-groupManagement] INFO  server.RaftServerConfigKeys (ConfUtils.java:logGet(46)) - raft.server.storage.dir = [/home/runner/work/ozone/ozone/hadoop-ozone/integration-test/target/test-dir/MiniOzoneClusterImpl-4b7384aa-5f33-426b-b021-b584800a716a/datanode-2/data/ratis] (custom)
2023-09-08 11:16:28,509 [89f84e8b-2e80-4453-8736-c86c7ce839d9-groupManagement] INFO  server.RaftServerConfigKeys (ConfUtils.java:logGet(46)) - raft.server.log.corruption.policy = EXCEPTION (default)
2023-09-08 11:16:28,509 [89f84e8b-2e80-4453-8736-c86c7ce839d9-groupManagement] INFO  server.RaftServerConfigKeys (ConfUtils.java:logGet(46)) - raft.server.storage.free-space.min = 0MB (=0) (default)
2023-09-08 11:16:28,509 [89f84e8b-2e80-4453-8736-c86c7ce839d9-groupManagement] INFO  server.RaftServerConfigKeys (ConfUtils.java:logGet(46)) - raft.server.notification.no-leader.timeout = 300s (custom)
2023-09-08 11:16:28,510 [89f84e8b-2e80-4453-8736-c86c7ce839d9-groupManagement] INFO  server.RaftServerConfigKeys (ConfUtils.java:logGet(46)) - raft.server.read.timeout = 10s (default)
2023-09-08 11:16:28,510 [89f84e8b-2e80-4453-8736-c86c7ce839d9-groupManagement] INFO  server.RaftServerConfigKeys (ConfUtils.java:logGet(46)) - raft.server.retrycache.expirytime = 600000ms (custom)
2023-09-08 11:16:28,510 [89f84e8b-2e80-4453-8736-c86c7ce839d9-groupManagement] INFO  server.RaftServerConfigKeys (ConfUtils.java:logGet(46)) - raft.server.retrycache.statistics.expirytime = 100μs (default)
2023-09-08 11:16:28,510 [89f84e8b-2e80-4453-8736-c86c7ce839d9-groupManagement] INFO  server.RaftServerConfigKeys (ConfUtils.java:logGet(46)) - raft.server.read.option = DEFAULT (default)
2023-09-08 11:16:28,511 [89f84e8b-2e80-4453-8736-c86c7ce839d9-groupManagement] INFO  server.RaftServerConfigKeys (ConfUtils.java:logGet(46)) - raft.server.rpc.request.timeout = 60s (custom)
2023-09-08 11:16:28,511 [89f84e8b-2e80-4453-8736-c86c7ce839d9-groupManagement] INFO  server.RaftServerConfigKeys (ConfUtils.java:logGet(46)) - raft.server.log.appender.install.snapshot.enabled = false (custom)
2023-09-08 11:16:28,511 [89f84e8b-2e80-4453-8736-c86c7ce839d9-groupManagement] INFO  server.RaftServerConfigKeys (ConfUtils.java:logGet(46)) - raft.server.threadpool.server.cached = true (default)
2023-09-08 11:16:28,511 [89f84e8b-2e80-4453-8736-c86c7ce839d9-groupManagement] INFO  server.RaftServerConfigKeys (ConfUtils.java:logGet(46)) - raft.server.threadpool.server.size = 0 (default)
2023-09-08 11:16:28,511 [89f84e8b-2e80-4453-8736-c86c7ce839d9-groupManagement] INFO  server.RaftServerConfigKeys (ConfUtils.java:logGet(46)) - raft.server.threadpool.client.cached = true (default)
2023-09-08 11:16:28,511 [89f84e8b-2e80-4453-8736-c86c7ce839d9-groupManagement] INFO  server.RaftServerConfigKeys (ConfUtils.java:logGet(46)) - raft.server.threadpool.client.size = 0 (default)
2023-09-08 11:16:28,512 [89f84e8b-2e80-4453-8736-c86c7ce839d9-groupManagement] INFO  storage.RaftStorageDirectory (RaftStorageDirectoryImpl.java:analyzeStorage(137)) - The storage directory /home/runner/work/ozone/ozone/hadoop-ozone/integration-test/target/test-dir/MiniOzoneClusterImpl-4b7384aa-5f33-426b-b021-b584800a716a/datanode-2/data/ratis/60d6c62b-63e3-4ed9-8629-628ffe3070b6 does not exist. Creating ...
2023-09-08 11:16:28,513 [89f84e8b-2e80-4453-8736-c86c7ce839d9-groupManagement] INFO  storage.RaftStorageDirectory (RaftStorageDirectoryImpl.java:tryLock(231)) - Lock on /home/runner/work/ozone/ozone/hadoop-ozone/integration-test/target/test-dir/MiniOzoneClusterImpl-4b7384aa-5f33-426b-b021-b584800a716a/datanode-2/data/ratis/60d6c62b-63e3-4ed9-8629-628ffe3070b6/in_use.lock acquired by nodename 7549@fv-az203-160
2023-09-08 11:16:28,515 [89f84e8b-2e80-4453-8736-c86c7ce839d9-groupManagement] INFO  storage.RaftStorage (RaftStorageImpl.java:format(96)) - Storage directory /home/runner/work/ozone/ozone/hadoop-ozone/integration-test/target/test-dir/MiniOzoneClusterImpl-4b7384aa-5f33-426b-b021-b584800a716a/datanode-2/data/ratis/60d6c62b-63e3-4ed9-8629-628ffe3070b6 has been successfully formatted.
2023-09-08 11:16:28,516 [89f84e8b-2e80-4453-8736-c86c7ce839d9-groupManagement] INFO  ratis.ContainerStateMachine (ContainerStateMachine.java:loadSnapshot(262)) - group-628FFE3070B6: The snapshot info is null. Setting the last applied indexto:(t:0, i:~)
2023-09-08 11:16:28,516 [89f84e8b-2e80-4453-8736-c86c7ce839d9-groupManagement] INFO  server.RaftServerConfigKeys (ConfUtils.java:logGet(46)) - raft.server.log.use.memory = false (default)
2023-09-08 11:16:28,516 [89f84e8b-2e80-4453-8736-c86c7ce839d9-groupManagement] INFO  server.RaftServerConfigKeys (ConfUtils.java:logGet(46)) - raft.server.log.purge.gap = 1000000 (custom)
2023-09-08 11:16:28,516 [89f84e8b-2e80-4453-8736-c86c7ce839d9-groupManagement] INFO  server.RaftServerConfigKeys (ConfUtils.java:logGet(46)) - raft.server.log.appender.buffer.byte-limit = 33554432 (custom)
2023-09-08 11:16:28,516 [89f84e8b-2e80-4453-8736-c86c7ce839d9-groupManagement] INFO  server.RaftServerConfigKeys (ConfUtils.java:logGet(46)) - raft.server.log.statemachine.data.read.timeout = 1000ms (default)
2023-09-08 11:16:28,516 [89f84e8b-2e80-4453-8736-c86c7ce839d9-groupManagement] INFO  server.RaftServerConfigKeys (ConfUtils.java:logGet(46)) - raft.server.log.purge.preservation.log.num = 0 (default)
2023-09-08 11:16:28,517 [89f84e8b-2e80-4453-8736-c86c7ce839d9-groupManagement] INFO  server.RaftServerConfigKeys (ConfUtils.java:logGet(46)) - raft.server.log.segment.size.max = 1048576 (custom)
2023-09-08 11:16:28,520 [EventQueue-OpenPipelineForHealthyPipelineSafeModeRule] INFO  safemode.SCMSafeModeManager (HealthyPipelineSafeModeRule.java:process(137)) - SCM in safe mode. Healthy pipelines reported count is 0, required healthy pipeline reported count is 1
2023-09-08 11:16:28,522 [89f84e8b-2e80-4453-8736-c86c7ce839d9-groupManagement] INFO  server.RaftServerConfigKeys (ConfUtils.java:logGet(46)) - raft.server.log.segment.cache.num.max = 2 (custom)
2023-09-08 11:16:28,522 [89f84e8b-2e80-4453-8736-c86c7ce839d9-groupManagement] INFO  server.RaftServerConfigKeys (ConfUtils.java:logGet(46)) - raft.server.log.segment.cache.size.max = 200MB (=209715200) (default)
2023-09-08 11:16:28,522 [89f84e8b-2e80-4453-8736-c86c7ce839d9-groupManagement] INFO  server.RaftServerConfigKeys (ConfUtils.java:logGet(46)) - raft.server.log.appender.buffer.byte-limit = 33554432 (custom)
2023-09-08 11:16:28,522 [89f84e8b-2e80-4453-8736-c86c7ce839d9-groupManagement] INFO  segmented.SegmentedRaftLogWorker (SegmentedRaftLogWorker.java:<init>(188)) - new 89f84e8b-2e80-4453-8736-c86c7ce839d9@group-628FFE3070B6-SegmentedRaftLogWorker for RaftStorageImpl:Storage Directory /home/runner/work/ozone/ozone/hadoop-ozone/integration-test/target/test-dir/MiniOzoneClusterImpl-4b7384aa-5f33-426b-b021-b584800a716a/datanode-2/data/ratis/60d6c62b-63e3-4ed9-8629-628ffe3070b6
2023-09-08 11:16:28,522 [89f84e8b-2e80-4453-8736-c86c7ce839d9-groupManagement] INFO  server.RaftServerConfigKeys (ConfUtils.java:logGet(46)) - raft.server.log.queue.byte-limit = 4294967296 (custom)
2023-09-08 11:16:28,522 [89f84e8b-2e80-4453-8736-c86c7ce839d9-groupManagement] INFO  server.RaftServerConfigKeys (ConfUtils.java:logGet(46)) - raft.server.log.queue.element-limit = 1024 (custom)
2023-09-08 11:16:28,522 [89f84e8b-2e80-4453-8736-c86c7ce839d9-groupManagement] INFO  server.RaftServerConfigKeys (ConfUtils.java:logGet(46)) - raft.server.log.segment.size.max = 1048576 (custom)
2023-09-08 11:16:28,522 [89f84e8b-2e80-4453-8736-c86c7ce839d9-groupManagement] INFO  server.RaftServerConfigKeys (ConfUtils.java:logGet(46)) - raft.server.log.preallocated.size = 16384 (custom)
2023-09-08 11:16:28,522 [89f84e8b-2e80-4453-8736-c86c7ce839d9-groupManagement] INFO  server.RaftServerConfigKeys (ConfUtils.java:logGet(46)) - raft.server.log.force.sync.num = 128 (default)
2023-09-08 11:16:28,522 [89f84e8b-2e80-4453-8736-c86c7ce839d9-groupManagement] INFO  server.RaftServerConfigKeys (ConfUtils.java:logGet(46)) - raft.server.log.statemachine.data.sync = true (default)
2023-09-08 11:16:28,522 [89f84e8b-2e80-4453-8736-c86c7ce839d9-groupManagement] INFO  server.RaftServerConfigKeys (ConfUtils.java:logGet(46)) - raft.server.log.statemachine.data.sync.timeout = 10s (default)
2023-09-08 11:16:28,522 [89f84e8b-2e80-4453-8736-c86c7ce839d9-groupManagement] INFO  server.RaftServerConfigKeys (ConfUtils.java:logGet(46)) - raft.server.log.statemachine.data.sync.timeout.retry = -1 (default)
2023-09-08 11:16:28,523 [89f84e8b-2e80-4453-8736-c86c7ce839d9-groupManagement] INFO  server.RaftServerConfigKeys (ConfUtils.java:logGet(46)) - raft.server.log.write.buffer.size = 1048576 (custom)
2023-09-08 11:16:28,524 [89f84e8b-2e80-4453-8736-c86c7ce839d9-groupManagement] INFO  server.RaftServerConfigKeys (ConfUtils.java:logGet(46)) - raft.server.log.appender.buffer.byte-limit = 33554432 (custom)
2023-09-08 11:16:28,536 [89f84e8b-2e80-4453-8736-c86c7ce839d9-groupManagement] INFO  server.RaftServerConfigKeys (ConfUtils.java:logGet(46)) - raft.server.log.unsafe-flush.enabled = false (default)
2023-09-08 11:16:28,536 [89f84e8b-2e80-4453-8736-c86c7ce839d9-groupManagement] INFO  server.RaftServerConfigKeys (ConfUtils.java:logGet(46)) - raft.server.log.async-flush.enabled = false (default)
2023-09-08 11:16:28,536 [89f84e8b-2e80-4453-8736-c86c7ce839d9-groupManagement] INFO  server.RaftServerConfigKeys (ConfUtils.java:logGet(46)) - raft.server.log.statemachine.data.caching.enabled = true (custom)
2023-09-08 11:16:28,536 [89f84e8b-2e80-4453-8736-c86c7ce839d9-groupManagement] INFO  segmented.SegmentedRaftLogWorker (SegmentedRaftLogWorker.java:lambda$new$0(135)) - 89f84e8b-2e80-4453-8736-c86c7ce839d9@group-628FFE3070B6-SegmentedRaftLogWorker: flushIndex: setUnconditionally 0 -> -1
2023-09-08 11:16:28,536 [89f84e8b-2e80-4453-8736-c86c7ce839d9-groupManagement] INFO  segmented.SegmentedRaftLogWorker (SegmentedRaftLogWorker.java:lambda$new$0(135)) - 89f84e8b-2e80-4453-8736-c86c7ce839d9@group-628FFE3070B6-SegmentedRaftLogWorker: safeCacheEvictIndex: setUnconditionally 0 -> -1
2023-09-08 11:16:28,543 [89f84e8b-2e80-4453-8736-c86c7ce839d9-groupManagement] INFO  server.RaftServer$Division (RaftServerImpl.java:start(342)) - 89f84e8b-2e80-4453-8736-c86c7ce839d9@group-628FFE3070B6: start as a follower, conf=-1: peers:[89f84e8b-2e80-4453-8736-c86c7ce839d9|rpc:10.1.0.72:15032|admin:10.1.0.72:15031|client:10.1.0.72:15030|dataStream:10.1.0.72:15033|priority:0|startupRole:FOLLOWER, a3bbae93-4dbd-48a8-b7ec-9de03e51f535|rpc:10.1.0.72:15023|admin:10.1.0.72:15022|client:10.1.0.72:15021|dataStream:10.1.0.72:15024|priority:1|startupRole:FOLLOWER, f2514b4c-a867-463f-8d84-f95d86e9803a|rpc:10.1.0.72:15014|admin:10.1.0.72:15013|client:10.1.0.72:15012|dataStream:10.1.0.72:15015|priority:0|startupRole:FOLLOWER]|listeners:[], old=null
2023-09-08 11:16:28,543 [89f84e8b-2e80-4453-8736-c86c7ce839d9-groupManagement] INFO  server.RaftServer$Division (RaftServerImpl.java:setRole(329)) - 89f84e8b-2e80-4453-8736-c86c7ce839d9@group-628FFE3070B6: changes role from      null to FOLLOWER at term 0 for startAsFollower
2023-09-08 11:16:28,543 [89f84e8b-2e80-4453-8736-c86c7ce839d9-groupManagement] INFO  impl.RoleInfo (RoleInfo.java:updateAndGet(139)) - 89f84e8b-2e80-4453-8736-c86c7ce839d9: start 89f84e8b-2e80-4453-8736-c86c7ce839d9@group-628FFE3070B6-FollowerState
2023-09-08 11:16:28,545 [89f84e8b-2e80-4453-8736-c86c7ce839d9-groupManagement] INFO  util.JmxRegister (JmxRegister.java:tryRegister(44)) - Successfully registered JMX Bean with object name Ratis:service=RaftServer,group=group-628FFE3070B6,id=89f84e8b-2e80-4453-8736-c86c7ce839d9
2023-09-08 11:16:28,546 [89f84e8b-2e80-4453-8736-c86c7ce839d9-groupManagement] INFO  server.RaftServerConfigKeys (ConfUtils.java:logGet(46)) - raft.server.snapshot.auto.trigger.enabled = true (custom)
2023-09-08 11:16:28,546 [89f84e8b-2e80-4453-8736-c86c7ce839d9-groupManagement] INFO  server.RaftServerConfigKeys (ConfUtils.java:logGet(46)) - raft.server.snapshot.auto.trigger.threshold = 10000 (custom)
2023-09-08 11:16:28,546 [89f84e8b-2e80-4453-8736-c86c7ce839d9-groupManagement] INFO  server.RaftServerConfigKeys (ConfUtils.java:logGet(46)) - raft.server.snapshot.retention.file.num = 5 (custom)
2023-09-08 11:16:28,546 [89f84e8b-2e80-4453-8736-c86c7ce839d9-groupManagement] INFO  server.RaftServerConfigKeys (ConfUtils.java:logGet(46)) - raft.server.log.purge.upto.snapshot.index = false (default)
2023-09-08 11:16:28,548 [89f84e8b-2e80-4453-8736-c86c7ce839d9@group-628FFE3070B6-FollowerState] INFO  server.RaftServerConfigKeys (ConfUtils.java:logFallback(53)) - raft.server.rpc.first-election.timeout.min = 5s (fallback to raft.server.rpc.timeout.min)
2023-09-08 11:16:28,556 [PipelineCommandHandlerThread-0] INFO  ratis.XceiverServerRatis (XceiverServerRatis.java:addGroup(804)) - Created group PipelineID=60d6c62b-63e3-4ed9-8629-628ffe3070b6
2023-09-08 11:16:28,567 [89f84e8b-2e80-4453-8736-c86c7ce839d9@group-628FFE3070B6-FollowerState] INFO  server.RaftServerConfigKeys (ConfUtils.java:logFallback(53)) - raft.server.rpc.first-election.timeout.max = 5200ms (fallback to raft.server.rpc.timeout.max)
2023-09-08 11:16:28,753 [PipelineCommandHandlerThread-0] INFO  server.RaftServer (RaftServerProxy.java:addNew(98)) - d33cef6e-fa1d-4bba-bddd-0d189def30bc: addNew group-0CE59774A31B:[d33cef6e-fa1d-4bba-bddd-0d189def30bc|rpc:10.1.0.72:15041|admin:10.1.0.72:15040|client:10.1.0.72:15039|dataStream:10.1.0.72:15042|priority:1|startupRole:FOLLOWER] returns group-0CE59774A31B:java.util.concurrent.CompletableFuture@2ba39dc[Not completed]
2023-09-08 11:16:28,754 [d33cef6e-fa1d-4bba-bddd-0d189def30bc-groupManagement] INFO  server.RaftServer$Division (RaftServerImpl.java:<init>(198)) - d33cef6e-fa1d-4bba-bddd-0d189def30bc: new RaftServerImpl for group-0CE59774A31B:[d33cef6e-fa1d-4bba-bddd-0d189def30bc|rpc:10.1.0.72:15041|admin:10.1.0.72:15040|client:10.1.0.72:15039|dataStream:10.1.0.72:15042|priority:1|startupRole:FOLLOWER] with ContainerStateMachine:uninitialized
2023-09-08 11:16:28,755 [d33cef6e-fa1d-4bba-bddd-0d189def30bc-groupManagement] INFO  server.RaftServerConfigKeys (ConfUtils.java:logGet(46)) - raft.server.rpc.timeout.min = 5s (custom)
2023-09-08 11:16:28,755 [d33cef6e-fa1d-4bba-bddd-0d189def30bc-groupManagement] INFO  server.RaftServerConfigKeys (ConfUtils.java:logGet(46)) - raft.server.rpc.timeout.max = 5200ms (custom)
2023-09-08 11:16:28,755 [d33cef6e-fa1d-4bba-bddd-0d189def30bc-groupManagement] INFO  server.RaftServerConfigKeys (ConfUtils.java:logGet(46)) - raft.server.rpc.sleep.time = 25ms (default)
2023-09-08 11:16:28,755 [d33cef6e-fa1d-4bba-bddd-0d189def30bc-groupManagement] INFO  server.RaftServerConfigKeys (ConfUtils.java:logGet(46)) - raft.server.rpc.slowness.timeout = 300s (custom)
2023-09-08 11:16:28,755 [d33cef6e-fa1d-4bba-bddd-0d189def30bc-groupManagement] INFO  server.RaftServerConfigKeys (ConfUtils.java:logGet(46)) - raft.server.leaderelection.leader.step-down.wait-time = 10s (default)
2023-09-08 11:16:28,755 [d33cef6e-fa1d-4bba-bddd-0d189def30bc-groupManagement] INFO  server.RaftServerConfigKeys (ConfUtils.java:logGet(46)) - raft.server.sleep.deviation.threshold = 300ms (default)
2023-09-08 11:16:28,755 [d33cef6e-fa1d-4bba-bddd-0d189def30bc-groupManagement] INFO  server.RaftServer$Division (ServerState.java:<init>(120)) - d33cef6e-fa1d-4bba-bddd-0d189def30bc@group-0CE59774A31B: ConfigurationManager, init=-1: peers:[d33cef6e-fa1d-4bba-bddd-0d189def30bc|rpc:10.1.0.72:15041|admin:10.1.0.72:15040|client:10.1.0.72:15039|dataStream:10.1.0.72:15042|priority:1|startupRole:FOLLOWER]|listeners:[], old=null, confs=<EMPTY_MAP>
2023-09-08 11:16:28,755 [d33cef6e-fa1d-4bba-bddd-0d189def30bc-groupManagement] INFO  server.RaftServerConfigKeys (ConfUtils.java:logGet(46)) - raft.server.storage.dir = [/home/runner/work/ozone/ozone/hadoop-ozone/integration-test/target/test-dir/MiniOzoneClusterImpl-4b7384aa-5f33-426b-b021-b584800a716a/datanode-3/data/ratis] (custom)
2023-09-08 11:16:28,755 [d33cef6e-fa1d-4bba-bddd-0d189def30bc-groupManagement] INFO  server.RaftServerConfigKeys (ConfUtils.java:logGet(46)) - raft.server.log.corruption.policy = EXCEPTION (default)
2023-09-08 11:16:28,755 [d33cef6e-fa1d-4bba-bddd-0d189def30bc-groupManagement] INFO  server.RaftServerConfigKeys (ConfUtils.java:logGet(46)) - raft.server.storage.free-space.min = 0MB (=0) (default)
2023-09-08 11:16:28,756 [d33cef6e-fa1d-4bba-bddd-0d189def30bc-groupManagement] INFO  server.RaftServerConfigKeys (ConfUtils.java:logGet(46)) - raft.server.notification.no-leader.timeout = 300s (custom)
2023-09-08 11:16:28,756 [d33cef6e-fa1d-4bba-bddd-0d189def30bc-groupManagement] INFO  server.RaftServerConfigKeys (ConfUtils.java:logGet(46)) - raft.server.read.timeout = 10s (default)
2023-09-08 11:16:28,756 [d33cef6e-fa1d-4bba-bddd-0d189def30bc-groupManagement] INFO  server.RaftServerConfigKeys (ConfUtils.java:logGet(46)) - raft.server.retrycache.expirytime = 600000ms (custom)
2023-09-08 11:16:28,756 [d33cef6e-fa1d-4bba-bddd-0d189def30bc-groupManagement] INFO  server.RaftServerConfigKeys (ConfUtils.java:logGet(46)) - raft.server.retrycache.statistics.expirytime = 100μs (default)
2023-09-08 11:16:28,756 [d33cef6e-fa1d-4bba-bddd-0d189def30bc-groupManagement] INFO  server.RaftServerConfigKeys (ConfUtils.java:logGet(46)) - raft.server.read.option = DEFAULT (default)
2023-09-08 11:16:28,766 [d33cef6e-fa1d-4bba-bddd-0d189def30bc-groupManagement] INFO  server.RaftServerConfigKeys (ConfUtils.java:logGet(46)) - raft.server.rpc.request.timeout = 60s (custom)
2023-09-08 11:16:28,766 [d33cef6e-fa1d-4bba-bddd-0d189def30bc-groupManagement] INFO  server.RaftServerConfigKeys (ConfUtils.java:logGet(46)) - raft.server.log.appender.install.snapshot.enabled = false (custom)
2023-09-08 11:16:28,766 [d33cef6e-fa1d-4bba-bddd-0d189def30bc-groupManagement] INFO  server.RaftServerConfigKeys (ConfUtils.java:logGet(46)) - raft.server.threadpool.server.cached = true (default)
2023-09-08 11:16:28,766 [d33cef6e-fa1d-4bba-bddd-0d189def30bc-groupManagement] INFO  server.RaftServerConfigKeys (ConfUtils.java:logGet(46)) - raft.server.threadpool.server.size = 0 (default)
2023-09-08 11:16:28,766 [d33cef6e-fa1d-4bba-bddd-0d189def30bc-groupManagement] INFO  server.RaftServerConfigKeys (ConfUtils.java:logGet(46)) - raft.server.threadpool.client.cached = true (default)
2023-09-08 11:16:28,766 [d33cef6e-fa1d-4bba-bddd-0d189def30bc-groupManagement] INFO  server.RaftServerConfigKeys (ConfUtils.java:logGet(46)) - raft.server.threadpool.client.size = 0 (default)
2023-09-08 11:16:28,766 [d33cef6e-fa1d-4bba-bddd-0d189def30bc-groupManagement] INFO  storage.RaftStorageDirectory (RaftStorageDirectoryImpl.java:analyzeStorage(137)) - The storage directory /home/runner/work/ozone/ozone/hadoop-ozone/integration-test/target/test-dir/MiniOzoneClusterImpl-4b7384aa-5f33-426b-b021-b584800a716a/datanode-3/data/ratis/0e26e517-6922-4dd9-a357-0ce59774a31b does not exist. Creating ...
2023-09-08 11:16:28,769 [d33cef6e-fa1d-4bba-bddd-0d189def30bc-groupManagement] INFO  storage.RaftStorageDirectory (RaftStorageDirectoryImpl.java:tryLock(231)) - Lock on /home/runner/work/ozone/ozone/hadoop-ozone/integration-test/target/test-dir/MiniOzoneClusterImpl-4b7384aa-5f33-426b-b021-b584800a716a/datanode-3/data/ratis/0e26e517-6922-4dd9-a357-0ce59774a31b/in_use.lock acquired by nodename 7549@fv-az203-160
2023-09-08 11:16:28,771 [d33cef6e-fa1d-4bba-bddd-0d189def30bc-groupManagement] INFO  storage.RaftStorage (RaftStorageImpl.java:format(96)) - Storage directory /home/runner/work/ozone/ozone/hadoop-ozone/integration-test/target/test-dir/MiniOzoneClusterImpl-4b7384aa-5f33-426b-b021-b584800a716a/datanode-3/data/ratis/0e26e517-6922-4dd9-a357-0ce59774a31b has been successfully formatted.
2023-09-08 11:16:28,776 [d33cef6e-fa1d-4bba-bddd-0d189def30bc-groupManagement] INFO  ratis.ContainerStateMachine (ContainerStateMachine.java:loadSnapshot(262)) - group-0CE59774A31B: The snapshot info is null. Setting the last applied indexto:(t:0, i:~)
2023-09-08 11:16:28,776 [d33cef6e-fa1d-4bba-bddd-0d189def30bc-groupManagement] INFO  server.RaftServerConfigKeys (ConfUtils.java:logGet(46)) - raft.server.log.use.memory = false (default)
2023-09-08 11:16:28,776 [d33cef6e-fa1d-4bba-bddd-0d189def30bc-groupManagement] INFO  server.RaftServerConfigKeys (ConfUtils.java:logGet(46)) - raft.server.log.purge.gap = 1000000 (custom)
2023-09-08 11:16:28,776 [d33cef6e-fa1d-4bba-bddd-0d189def30bc-groupManagement] INFO  server.RaftServerConfigKeys (ConfUtils.java:logGet(46)) - raft.server.log.appender.buffer.byte-limit = 33554432 (custom)
2023-09-08 11:16:28,776 [d33cef6e-fa1d-4bba-bddd-0d189def30bc-groupManagement] INFO  server.RaftServerConfigKeys (ConfUtils.java:logGet(46)) - raft.server.log.statemachine.data.read.timeout = 1000ms (default)
2023-09-08 11:16:28,776 [d33cef6e-fa1d-4bba-bddd-0d189def30bc-groupManagement] INFO  server.RaftServerConfigKeys (ConfUtils.java:logGet(46)) - raft.server.log.purge.preservation.log.num = 0 (default)
2023-09-08 11:16:28,777 [d33cef6e-fa1d-4bba-bddd-0d189def30bc-groupManagement] INFO  server.RaftServerConfigKeys (ConfUtils.java:logGet(46)) - raft.server.log.segment.size.max = 1048576 (custom)
2023-09-08 11:16:28,779 [d33cef6e-fa1d-4bba-bddd-0d189def30bc-groupManagement] INFO  server.RaftServerConfigKeys (ConfUtils.java:logGet(46)) - raft.server.log.segment.cache.num.max = 2 (custom)
2023-09-08 11:16:28,779 [d33cef6e-fa1d-4bba-bddd-0d189def30bc-groupManagement] INFO  server.RaftServerConfigKeys (ConfUtils.java:logGet(46)) - raft.server.log.segment.cache.size.max = 200MB (=209715200) (default)
2023-09-08 11:16:28,779 [d33cef6e-fa1d-4bba-bddd-0d189def30bc-groupManagement] INFO  server.RaftServerConfigKeys (ConfUtils.java:logGet(46)) - raft.server.log.appender.buffer.byte-limit = 33554432 (custom)
2023-09-08 11:16:28,779 [d33cef6e-fa1d-4bba-bddd-0d189def30bc-groupManagement] INFO  segmented.SegmentedRaftLogWorker (SegmentedRaftLogWorker.java:<init>(188)) - new d33cef6e-fa1d-4bba-bddd-0d189def30bc@group-0CE59774A31B-SegmentedRaftLogWorker for RaftStorageImpl:Storage Directory /home/runner/work/ozone/ozone/hadoop-ozone/integration-test/target/test-dir/MiniOzoneClusterImpl-4b7384aa-5f33-426b-b021-b584800a716a/datanode-3/data/ratis/0e26e517-6922-4dd9-a357-0ce59774a31b
2023-09-08 11:16:28,779 [d33cef6e-fa1d-4bba-bddd-0d189def30bc-groupManagement] INFO  server.RaftServerConfigKeys (ConfUtils.java:logGet(46)) - raft.server.log.queue.byte-limit = 4294967296 (custom)
2023-09-08 11:16:28,779 [d33cef6e-fa1d-4bba-bddd-0d189def30bc-groupManagement] INFO  server.RaftServerConfigKeys (ConfUtils.java:logGet(46)) - raft.server.log.queue.element-limit = 1024 (custom)
2023-09-08 11:16:28,779 [d33cef6e-fa1d-4bba-bddd-0d189def30bc-groupManagement] INFO  server.RaftServerConfigKeys (ConfUtils.java:logGet(46)) - raft.server.log.segment.size.max = 1048576 (custom)
2023-09-08 11:16:28,779 [d33cef6e-fa1d-4bba-bddd-0d189def30bc-groupManagement] INFO  server.RaftServerConfigKeys (ConfUtils.java:logGet(46)) - raft.server.log.preallocated.size = 16384 (custom)
2023-09-08 11:16:28,779 [d33cef6e-fa1d-4bba-bddd-0d189def30bc-groupManagement] INFO  server.RaftServerConfigKeys (ConfUtils.java:logGet(46)) - raft.server.log.force.sync.num = 128 (default)
2023-09-08 11:16:28,779 [d33cef6e-fa1d-4bba-bddd-0d189def30bc-groupManagement] INFO  server.RaftServerConfigKeys (ConfUtils.java:logGet(46)) - raft.server.log.statemachine.data.sync = true (default)
2023-09-08 11:16:28,781 [d33cef6e-fa1d-4bba-bddd-0d189def30bc-groupManagement] INFO  server.RaftServerConfigKeys (ConfUtils.java:logGet(46)) - raft.server.log.statemachine.data.sync.timeout = 10s (default)
2023-09-08 11:16:28,781 [d33cef6e-fa1d-4bba-bddd-0d189def30bc-groupManagement] INFO  server.RaftServerConfigKeys (ConfUtils.java:logGet(46)) - raft.server.log.statemachine.data.sync.timeout.retry = -1 (default)
2023-09-08 11:16:28,781 [d33cef6e-fa1d-4bba-bddd-0d189def30bc-groupManagement] INFO  server.RaftServerConfigKeys (ConfUtils.java:logGet(46)) - raft.server.log.write.buffer.size = 1048576 (custom)
2023-09-08 11:16:28,782 [d33cef6e-fa1d-4bba-bddd-0d189def30bc-groupManagement] INFO  server.RaftServerConfigKeys (ConfUtils.java:logGet(46)) - raft.server.log.appender.buffer.byte-limit = 33554432 (custom)
2023-09-08 11:16:28,791 [d33cef6e-fa1d-4bba-bddd-0d189def30bc-groupManagement] INFO  server.RaftServerConfigKeys (ConfUtils.java:logGet(46)) - raft.server.log.unsafe-flush.enabled = false (default)
2023-09-08 11:16:28,795 [d33cef6e-fa1d-4bba-bddd-0d189def30bc-groupManagement] INFO  server.RaftServerConfigKeys (ConfUtils.java:logGet(46)) - raft.server.log.async-flush.enabled = false (default)
2023-09-08 11:16:28,795 [d33cef6e-fa1d-4bba-bddd-0d189def30bc-groupManagement] INFO  server.RaftServerConfigKeys (ConfUtils.java:logGet(46)) - raft.server.log.statemachine.data.caching.enabled = true (custom)
2023-09-08 11:16:28,795 [d33cef6e-fa1d-4bba-bddd-0d189def30bc-groupManagement] INFO  segmented.SegmentedRaftLogWorker (SegmentedRaftLogWorker.java:lambda$new$0(135)) - d33cef6e-fa1d-4bba-bddd-0d189def30bc@group-0CE59774A31B-SegmentedRaftLogWorker: flushIndex: setUnconditionally 0 -> -1
2023-09-08 11:16:28,796 [d33cef6e-fa1d-4bba-bddd-0d189def30bc-groupManagement] INFO  segmented.SegmentedRaftLogWorker (SegmentedRaftLogWorker.java:lambda$new$0(135)) - d33cef6e-fa1d-4bba-bddd-0d189def30bc@group-0CE59774A31B-SegmentedRaftLogWorker: safeCacheEvictIndex: setUnconditionally 0 -> -1
2023-09-08 11:16:28,797 [EventQueue-PipelineReportForPipelineReportHandler] INFO  pipeline.PipelineReportHandler (PipelineReportHandler.java:processPipelineReport(136)) - Opened pipeline PipelineID=0e26e517-6922-4dd9-a357-0ce59774a31b
2023-09-08 11:16:28,797 [EventQueue-OpenPipelineForHealthyPipelineSafeModeRule] INFO  safemode.SCMSafeModeManager (HealthyPipelineSafeModeRule.java:process(137)) - SCM in safe mode. Healthy pipelines reported count is 0, required healthy pipeline reported count is 1
2023-09-08 11:16:28,811 [d33cef6e-fa1d-4bba-bddd-0d189def30bc-groupManagement] INFO  server.RaftServer$Division (RaftServerImpl.java:start(342)) - d33cef6e-fa1d-4bba-bddd-0d189def30bc@group-0CE59774A31B: start as a follower, conf=-1: peers:[d33cef6e-fa1d-4bba-bddd-0d189def30bc|rpc:10.1.0.72:15041|admin:10.1.0.72:15040|client:10.1.0.72:15039|dataStream:10.1.0.72:15042|priority:1|startupRole:FOLLOWER]|listeners:[], old=null
2023-09-08 11:16:28,811 [d33cef6e-fa1d-4bba-bddd-0d189def30bc-groupManagement] INFO  server.RaftServer$Division (RaftServerImpl.java:setRole(329)) - d33cef6e-fa1d-4bba-bddd-0d189def30bc@group-0CE59774A31B: changes role from      null to FOLLOWER at term 0 for startAsFollower
2023-09-08 11:16:28,811 [d33cef6e-fa1d-4bba-bddd-0d189def30bc-groupManagement] INFO  impl.RoleInfo (RoleInfo.java:updateAndGet(139)) - d33cef6e-fa1d-4bba-bddd-0d189def30bc: start d33cef6e-fa1d-4bba-bddd-0d189def30bc@group-0CE59774A31B-FollowerState
2023-09-08 11:16:28,812 [d33cef6e-fa1d-4bba-bddd-0d189def30bc-groupManagement] INFO  util.JmxRegister (JmxRegister.java:tryRegister(44)) - Successfully registered JMX Bean with object name Ratis:service=RaftServer,group=group-0CE59774A31B,id=d33cef6e-fa1d-4bba-bddd-0d189def30bc
2023-09-08 11:16:28,812 [d33cef6e-fa1d-4bba-bddd-0d189def30bc-groupManagement] INFO  server.RaftServerConfigKeys (ConfUtils.java:logGet(46)) - raft.server.snapshot.auto.trigger.enabled = true (custom)
2023-09-08 11:16:28,812 [d33cef6e-fa1d-4bba-bddd-0d189def30bc-groupManagement] INFO  server.RaftServerConfigKeys (ConfUtils.java:logGet(46)) - raft.server.snapshot.auto.trigger.threshold = 10000 (custom)
2023-09-08 11:16:28,812 [d33cef6e-fa1d-4bba-bddd-0d189def30bc-groupManagement] INFO  server.RaftServerConfigKeys (ConfUtils.java:logGet(46)) - raft.server.snapshot.retention.file.num = 5 (custom)
2023-09-08 11:16:28,812 [d33cef6e-fa1d-4bba-bddd-0d189def30bc-groupManagement] INFO  server.RaftServerConfigKeys (ConfUtils.java:logGet(46)) - raft.server.log.purge.upto.snapshot.index = false (default)
2023-09-08 11:16:28,813 [d33cef6e-fa1d-4bba-bddd-0d189def30bc@group-0CE59774A31B-FollowerState] INFO  server.RaftServerConfigKeys (ConfUtils.java:logFallback(53)) - raft.server.rpc.first-election.timeout.min = 5s (fallback to raft.server.rpc.timeout.min)
2023-09-08 11:16:28,813 [d33cef6e-fa1d-4bba-bddd-0d189def30bc@group-0CE59774A31B-FollowerState] INFO  server.RaftServerConfigKeys (ConfUtils.java:logFallback(53)) - raft.server.rpc.first-election.timeout.max = 5200ms (fallback to raft.server.rpc.timeout.max)
2023-09-08 11:16:28,813 [PipelineCommandHandlerThread-0] INFO  ratis.XceiverServerRatis (XceiverServerRatis.java:addGroup(804)) - Created group PipelineID=0e26e517-6922-4dd9-a357-0ce59774a31b
2023-09-08 11:16:28,813 [PipelineCommandHandlerThread-0] INFO  commandhandler.CreatePipelineCommandHandler (CreatePipelineCommandHandler.java:lambda$handle$2(124)) - Created Pipeline RATIS ONE PipelineID=0e26e517-6922-4dd9-a357-0ce59774a31b.
2023-09-08 11:16:28,819 [PipelineCommandHandlerThread-0] INFO  commandhandler.CreatePipelineCommandHandler (CreatePipelineCommandHandler.java:lambda$handle$2(124)) - Created Pipeline RATIS THREE PipelineID=60d6c62b-63e3-4ed9-8629-628ffe3070b6.
2023-09-08 11:16:28,820 [PipelineCommandHandlerThread-0] INFO  server.RaftServer (RaftServerProxy.java:addNew(98)) - a3bbae93-4dbd-48a8-b7ec-9de03e51f535: addNew group-20C2EEB7DA89:[89f84e8b-2e80-4453-8736-c86c7ce839d9|rpc:10.1.0.72:15032|admin:10.1.0.72:15031|client:10.1.0.72:15030|dataStream:10.1.0.72:15033|priority:1|startupRole:FOLLOWER, a3bbae93-4dbd-48a8-b7ec-9de03e51f535|rpc:10.1.0.72:15023|admin:10.1.0.72:15022|client:10.1.0.72:15021|dataStream:10.1.0.72:15024|priority:0|startupRole:FOLLOWER, f2514b4c-a867-463f-8d84-f95d86e9803a|rpc:10.1.0.72:15014|admin:10.1.0.72:15013|client:10.1.0.72:15012|dataStream:10.1.0.72:15015|priority:0|startupRole:FOLLOWER] returns group-20C2EEB7DA89:java.util.concurrent.CompletableFuture@e8a2487[Not completed]
2023-09-08 11:16:28,821 [a3bbae93-4dbd-48a8-b7ec-9de03e51f535-groupManagement] INFO  server.RaftServer$Division (RaftServerImpl.java:<init>(198)) - a3bbae93-4dbd-48a8-b7ec-9de03e51f535: new RaftServerImpl for group-20C2EEB7DA89:[89f84e8b-2e80-4453-8736-c86c7ce839d9|rpc:10.1.0.72:15032|admin:10.1.0.72:15031|client:10.1.0.72:15030|dataStream:10.1.0.72:15033|priority:1|startupRole:FOLLOWER, a3bbae93-4dbd-48a8-b7ec-9de03e51f535|rpc:10.1.0.72:15023|admin:10.1.0.72:15022|client:10.1.0.72:15021|dataStream:10.1.0.72:15024|priority:0|startupRole:FOLLOWER, f2514b4c-a867-463f-8d84-f95d86e9803a|rpc:10.1.0.72:15014|admin:10.1.0.72:15013|client:10.1.0.72:15012|dataStream:10.1.0.72:15015|priority:0|startupRole:FOLLOWER] with ContainerStateMachine:uninitialized
2023-09-08 11:16:28,821 [a3bbae93-4dbd-48a8-b7ec-9de03e51f535-groupManagement] INFO  server.RaftServerConfigKeys (ConfUtils.java:logGet(46)) - raft.server.rpc.timeout.min = 5s (custom)
2023-09-08 11:16:28,821 [a3bbae93-4dbd-48a8-b7ec-9de03e51f535-groupManagement] INFO  server.RaftServerConfigKeys (ConfUtils.java:logGet(46)) - raft.server.rpc.timeout.max = 5200ms (custom)
2023-09-08 11:16:28,821 [a3bbae93-4dbd-48a8-b7ec-9de03e51f535-groupManagement] INFO  server.RaftServerConfigKeys (ConfUtils.java:logGet(46)) - raft.server.rpc.sleep.time = 25ms (default)
2023-09-08 11:16:28,821 [a3bbae93-4dbd-48a8-b7ec-9de03e51f535-groupManagement] INFO  server.RaftServerConfigKeys (ConfUtils.java:logGet(46)) - raft.server.rpc.slowness.timeout = 300s (custom)
2023-09-08 11:16:28,821 [a3bbae93-4dbd-48a8-b7ec-9de03e51f535-groupManagement] INFO  server.RaftServerConfigKeys (ConfUtils.java:logGet(46)) - raft.server.leaderelection.leader.step-down.wait-time = 10s (default)
2023-09-08 11:16:28,821 [a3bbae93-4dbd-48a8-b7ec-9de03e51f535-groupManagement] INFO  server.RaftServerConfigKeys (ConfUtils.java:logGet(46)) - raft.server.sleep.deviation.threshold = 300ms (default)
2023-09-08 11:16:28,821 [a3bbae93-4dbd-48a8-b7ec-9de03e51f535-groupManagement] INFO  server.RaftServer$Division (ServerState.java:<init>(120)) - a3bbae93-4dbd-48a8-b7ec-9de03e51f535@group-20C2EEB7DA89: ConfigurationManager, init=-1: peers:[89f84e8b-2e80-4453-8736-c86c7ce839d9|rpc:10.1.0.72:15032|admin:10.1.0.72:15031|client:10.1.0.72:15030|dataStream:10.1.0.72:15033|priority:1|startupRole:FOLLOWER, a3bbae93-4dbd-48a8-b7ec-9de03e51f535|rpc:10.1.0.72:15023|admin:10.1.0.72:15022|client:10.1.0.72:15021|dataStream:10.1.0.72:15024|priority:0|startupRole:FOLLOWER, f2514b4c-a867-463f-8d84-f95d86e9803a|rpc:10.1.0.72:15014|admin:10.1.0.72:15013|client:10.1.0.72:15012|dataStream:10.1.0.72:15015|priority:0|startupRole:FOLLOWER]|listeners:[], old=null, confs=<EMPTY_MAP>
2023-09-08 11:16:28,822 [a3bbae93-4dbd-48a8-b7ec-9de03e51f535-groupManagement] INFO  server.RaftServerConfigKeys (ConfUtils.java:logGet(46)) - raft.server.storage.dir = [/home/runner/work/ozone/ozone/hadoop-ozone/integration-test/target/test-dir/MiniOzoneClusterImpl-4b7384aa-5f33-426b-b021-b584800a716a/datanode-1/data/ratis] (custom)
2023-09-08 11:16:28,825 [PipelineCommandHandlerThread-0] INFO  commandhandler.CreatePipelineCommandHandler (CreatePipelineCommandHandler.java:lambda$handle$2(124)) - Created Pipeline RATIS THREE PipelineID=60d6c62b-63e3-4ed9-8629-628ffe3070b6.
2023-09-08 11:16:28,828 [PipelineCommandHandlerThread-0] INFO  server.RaftServer (RaftServerProxy.java:addNew(98)) - f2514b4c-a867-463f-8d84-f95d86e9803a: addNew group-20C2EEB7DA89:[89f84e8b-2e80-4453-8736-c86c7ce839d9|rpc:10.1.0.72:15032|admin:10.1.0.72:15031|client:10.1.0.72:15030|dataStream:10.1.0.72:15033|priority:1|startupRole:FOLLOWER, a3bbae93-4dbd-48a8-b7ec-9de03e51f535|rpc:10.1.0.72:15023|admin:10.1.0.72:15022|client:10.1.0.72:15021|dataStream:10.1.0.72:15024|priority:0|startupRole:FOLLOWER, f2514b4c-a867-463f-8d84-f95d86e9803a|rpc:10.1.0.72:15014|admin:10.1.0.72:15013|client:10.1.0.72:15012|dataStream:10.1.0.72:15015|priority:0|startupRole:FOLLOWER] returns group-20C2EEB7DA89:java.util.concurrent.CompletableFuture@59d661f3[Not completed]
2023-09-08 11:16:28,830 [f2514b4c-a867-463f-8d84-f95d86e9803a-groupManagement] INFO  server.RaftServer$Division (RaftServerImpl.java:<init>(198)) - f2514b4c-a867-463f-8d84-f95d86e9803a: new RaftServerImpl for group-20C2EEB7DA89:[89f84e8b-2e80-4453-8736-c86c7ce839d9|rpc:10.1.0.72:15032|admin:10.1.0.72:15031|client:10.1.0.72:15030|dataStream:10.1.0.72:15033|priority:1|startupRole:FOLLOWER, a3bbae93-4dbd-48a8-b7ec-9de03e51f535|rpc:10.1.0.72:15023|admin:10.1.0.72:15022|client:10.1.0.72:15021|dataStream:10.1.0.72:15024|priority:0|startupRole:FOLLOWER, f2514b4c-a867-463f-8d84-f95d86e9803a|rpc:10.1.0.72:15014|admin:10.1.0.72:15013|client:10.1.0.72:15012|dataStream:10.1.0.72:15015|priority:0|startupRole:FOLLOWER] with ContainerStateMachine:uninitialized
2023-09-08 11:16:28,834 [f2514b4c-a867-463f-8d84-f95d86e9803a-groupManagement] INFO  server.RaftServerConfigKeys (ConfUtils.java:logGet(46)) - raft.server.rpc.timeout.min = 5s (custom)
2023-09-08 11:16:28,834 [f2514b4c-a867-463f-8d84-f95d86e9803a-groupManagement] INFO  server.RaftServerConfigKeys (ConfUtils.java:logGet(46)) - raft.server.rpc.timeout.max = 5200ms (custom)
2023-09-08 11:16:28,834 [f2514b4c-a867-463f-8d84-f95d86e9803a-groupManagement] INFO  server.RaftServerConfigKeys (ConfUtils.java:logGet(46)) - raft.server.rpc.sleep.time = 25ms (default)
2023-09-08 11:16:28,834 [f2514b4c-a867-463f-8d84-f95d86e9803a-groupManagement] INFO  server.RaftServerConfigKeys (ConfUtils.java:logGet(46)) - raft.server.rpc.slowness.timeout = 300s (custom)
2023-09-08 11:16:28,834 [f2514b4c-a867-463f-8d84-f95d86e9803a-groupManagement] INFO  server.RaftServerConfigKeys (ConfUtils.java:logGet(46)) - raft.server.leaderelection.leader.step-down.wait-time = 10s (default)
2023-09-08 11:16:28,834 [f2514b4c-a867-463f-8d84-f95d86e9803a-groupManagement] INFO  server.RaftServerConfigKeys (ConfUtils.java:logGet(46)) - raft.server.sleep.deviation.threshold = 300ms (default)
2023-09-08 11:16:28,834 [f2514b4c-a867-463f-8d84-f95d86e9803a-groupManagement] INFO  server.RaftServer$Division (ServerState.java:<init>(120)) - f2514b4c-a867-463f-8d84-f95d86e9803a@group-20C2EEB7DA89: ConfigurationManager, init=-1: peers:[89f84e8b-2e80-4453-8736-c86c7ce839d9|rpc:10.1.0.72:15032|admin:10.1.0.72:15031|client:10.1.0.72:15030|dataStream:10.1.0.72:15033|priority:1|startupRole:FOLLOWER, a3bbae93-4dbd-48a8-b7ec-9de03e51f535|rpc:10.1.0.72:15023|admin:10.1.0.72:15022|client:10.1.0.72:15021|dataStream:10.1.0.72:15024|priority:0|startupRole:FOLLOWER, f2514b4c-a867-463f-8d84-f95d86e9803a|rpc:10.1.0.72:15014|admin:10.1.0.72:15013|client:10.1.0.72:15012|dataStream:10.1.0.72:15015|priority:0|startupRole:FOLLOWER]|listeners:[], old=null, confs=<EMPTY_MAP>
2023-09-08 11:16:28,836 [f2514b4c-a867-463f-8d84-f95d86e9803a-groupManagement] INFO  server.RaftServerConfigKeys (ConfUtils.java:logGet(46)) - raft.server.storage.dir = [/home/runner/work/ozone/ozone/hadoop-ozone/integration-test/target/test-dir/MiniOzoneClusterImpl-4b7384aa-5f33-426b-b021-b584800a716a/datanode-0/data/ratis] (custom)
2023-09-08 11:16:28,836 [f2514b4c-a867-463f-8d84-f95d86e9803a-groupManagement] INFO  server.RaftServerConfigKeys (ConfUtils.java:logGet(46)) - raft.server.log.corruption.policy = EXCEPTION (default)
2023-09-08 11:16:28,836 [f2514b4c-a867-463f-8d84-f95d86e9803a-groupManagement] INFO  server.RaftServerConfigKeys (ConfUtils.java:logGet(46)) - raft.server.storage.free-space.min = 0MB (=0) (default)
2023-09-08 11:16:28,836 [f2514b4c-a867-463f-8d84-f95d86e9803a-groupManagement] INFO  server.RaftServerConfigKeys (ConfUtils.java:logGet(46)) - raft.server.notification.no-leader.timeout = 300s (custom)
2023-09-08 11:16:28,836 [f2514b4c-a867-463f-8d84-f95d86e9803a-groupManagement] INFO  server.RaftServerConfigKeys (ConfUtils.java:logGet(46)) - raft.server.read.timeout = 10s (default)
2023-09-08 11:16:28,836 [f2514b4c-a867-463f-8d84-f95d86e9803a-groupManagement] INFO  server.RaftServerConfigKeys (ConfUtils.java:logGet(46)) - raft.server.retrycache.expirytime = 600000ms (custom)
2023-09-08 11:16:28,837 [f2514b4c-a867-463f-8d84-f95d86e9803a-groupManagement] INFO  server.RaftServerConfigKeys (ConfUtils.java:logGet(46)) - raft.server.retrycache.statistics.expirytime = 100μs (default)
2023-09-08 11:16:28,825 [a3bbae93-4dbd-48a8-b7ec-9de03e51f535-groupManagement] INFO  server.RaftServerConfigKeys (ConfUtils.java:logGet(46)) - raft.server.log.corruption.policy = EXCEPTION (default)
2023-09-08 11:16:28,839 [a3bbae93-4dbd-48a8-b7ec-9de03e51f535-groupManagement] INFO  server.RaftServerConfigKeys (ConfUtils.java:logGet(46)) - raft.server.storage.free-space.min = 0MB (=0) (default)
2023-09-08 11:16:28,839 [a3bbae93-4dbd-48a8-b7ec-9de03e51f535-groupManagement] INFO  server.RaftServerConfigKeys (ConfUtils.java:logGet(46)) - raft.server.notification.no-leader.timeout = 300s (custom)
2023-09-08 11:16:28,839 [a3bbae93-4dbd-48a8-b7ec-9de03e51f535-groupManagement] INFO  server.RaftServerConfigKeys (ConfUtils.java:logGet(46)) - raft.server.read.timeout = 10s (default)
2023-09-08 11:16:28,839 [a3bbae93-4dbd-48a8-b7ec-9de03e51f535-groupManagement] INFO  server.RaftServerConfigKeys (ConfUtils.java:logGet(46)) - raft.server.retrycache.expirytime = 600000ms (custom)
2023-09-08 11:16:28,839 [a3bbae93-4dbd-48a8-b7ec-9de03e51f535-groupManagement] INFO  server.RaftServerConfigKeys (ConfUtils.java:logGet(46)) - raft.server.retrycache.statistics.expirytime = 100μs (default)
2023-09-08 11:16:28,839 [a3bbae93-4dbd-48a8-b7ec-9de03e51f535-groupManagement] INFO  server.RaftServerConfigKeys (ConfUtils.java:logGet(46)) - raft.server.read.option = DEFAULT (default)
2023-09-08 11:16:28,840 [a3bbae93-4dbd-48a8-b7ec-9de03e51f535-groupManagement] INFO  server.RaftServerConfigKeys (ConfUtils.java:logGet(46)) - raft.server.rpc.request.timeout = 60s (custom)
2023-09-08 11:16:28,841 [a3bbae93-4dbd-48a8-b7ec-9de03e51f535-groupManagement] INFO  server.RaftServerConfigKeys (ConfUtils.java:logGet(46)) - raft.server.log.appender.install.snapshot.enabled = false (custom)
2023-09-08 11:16:28,841 [a3bbae93-4dbd-48a8-b7ec-9de03e51f535-groupManagement] INFO  server.RaftServerConfigKeys (ConfUtils.java:logGet(46)) - raft.server.threadpool.server.cached = true (default)
2023-09-08 11:16:28,841 [a3bbae93-4dbd-48a8-b7ec-9de03e51f535-groupManagement] INFO  server.RaftServerConfigKeys (ConfUtils.java:logGet(46)) - raft.server.threadpool.server.size = 0 (default)
2023-09-08 11:16:28,841 [a3bbae93-4dbd-48a8-b7ec-9de03e51f535-groupManagement] INFO  server.RaftServerConfigKeys (ConfUtils.java:logGet(46)) - raft.server.threadpool.client.cached = true (default)
2023-09-08 11:16:28,841 [a3bbae93-4dbd-48a8-b7ec-9de03e51f535-groupManagement] INFO  server.RaftServerConfigKeys (ConfUtils.java:logGet(46)) - raft.server.threadpool.client.size = 0 (default)
2023-09-08 11:16:28,841 [a3bbae93-4dbd-48a8-b7ec-9de03e51f535-groupManagement] INFO  storage.RaftStorageDirectory (RaftStorageDirectoryImpl.java:analyzeStorage(137)) - The storage directory /home/runner/work/ozone/ozone/hadoop-ozone/integration-test/target/test-dir/MiniOzoneClusterImpl-4b7384aa-5f33-426b-b021-b584800a716a/datanode-1/data/ratis/b5442b98-4191-44ba-8ddd-20c2eeb7da89 does not exist. Creating ...
2023-09-08 11:16:28,837 [f2514b4c-a867-463f-8d84-f95d86e9803a-groupManagement] INFO  server.RaftServerConfigKeys (ConfUtils.java:logGet(46)) - raft.server.read.option = DEFAULT (default)
2023-09-08 11:16:28,843 [a3bbae93-4dbd-48a8-b7ec-9de03e51f535-groupManagement] INFO  storage.RaftStorageDirectory (RaftStorageDirectoryImpl.java:tryLock(231)) - Lock on /home/runner/work/ozone/ozone/hadoop-ozone/integration-test/target/test-dir/MiniOzoneClusterImpl-4b7384aa-5f33-426b-b021-b584800a716a/datanode-1/data/ratis/b5442b98-4191-44ba-8ddd-20c2eeb7da89/in_use.lock acquired by nodename 7549@fv-az203-160
2023-09-08 11:16:28,844 [a3bbae93-4dbd-48a8-b7ec-9de03e51f535-groupManagement] INFO  storage.RaftStorage (RaftStorageImpl.java:format(96)) - Storage directory /home/runner/work/ozone/ozone/hadoop-ozone/integration-test/target/test-dir/MiniOzoneClusterImpl-4b7384aa-5f33-426b-b021-b584800a716a/datanode-1/data/ratis/b5442b98-4191-44ba-8ddd-20c2eeb7da89 has been successfully formatted.
2023-09-08 11:16:28,845 [a3bbae93-4dbd-48a8-b7ec-9de03e51f535-groupManagement] INFO  ratis.ContainerStateMachine (ContainerStateMachine.java:loadSnapshot(262)) - group-20C2EEB7DA89: The snapshot info is null. Setting the last applied indexto:(t:0, i:~)
2023-09-08 11:16:28,845 [a3bbae93-4dbd-48a8-b7ec-9de03e51f535-groupManagement] INFO  server.RaftServerConfigKeys (ConfUtils.java:logGet(46)) - raft.server.log.use.memory = false (default)
2023-09-08 11:16:28,846 [a3bbae93-4dbd-48a8-b7ec-9de03e51f535-groupManagement] INFO  server.RaftServerConfigKeys (ConfUtils.java:logGet(46)) - raft.server.log.purge.gap = 1000000 (custom)
2023-09-08 11:16:28,846 [a3bbae93-4dbd-48a8-b7ec-9de03e51f535-groupManagement] INFO  server.RaftServerConfigKeys (ConfUtils.java:logGet(46)) - raft.server.log.appender.buffer.byte-limit = 33554432 (custom)
2023-09-08 11:16:28,846 [a3bbae93-4dbd-48a8-b7ec-9de03e51f535-groupManagement] INFO  server.RaftServerConfigKeys (ConfUtils.java:logGet(46)) - raft.server.log.statemachine.data.read.timeout = 1000ms (default)
2023-09-08 11:16:28,850 [PipelineCommandHandlerThread-0] INFO  commandhandler.CreatePipelineCommandHandler (CreatePipelineCommandHandler.java:lambda$handle$2(124)) - Created Pipeline RATIS THREE PipelineID=60d6c62b-63e3-4ed9-8629-628ffe3070b6.
2023-09-08 11:16:28,851 [PipelineCommandHandlerThread-0] INFO  server.RaftServer (RaftServerProxy.java:addNew(98)) - 89f84e8b-2e80-4453-8736-c86c7ce839d9: addNew group-20C2EEB7DA89:[89f84e8b-2e80-4453-8736-c86c7ce839d9|rpc:10.1.0.72:15032|admin:10.1.0.72:15031|client:10.1.0.72:15030|dataStream:10.1.0.72:15033|priority:1|startupRole:FOLLOWER, a3bbae93-4dbd-48a8-b7ec-9de03e51f535|rpc:10.1.0.72:15023|admin:10.1.0.72:15022|client:10.1.0.72:15021|dataStream:10.1.0.72:15024|priority:0|startupRole:FOLLOWER, f2514b4c-a867-463f-8d84-f95d86e9803a|rpc:10.1.0.72:15014|admin:10.1.0.72:15013|client:10.1.0.72:15012|dataStream:10.1.0.72:15015|priority:0|startupRole:FOLLOWER] returns group-20C2EEB7DA89:java.util.concurrent.CompletableFuture@169591e4[Not completed]
2023-09-08 11:16:28,849 [EventQueue-OpenPipelineForHealthyPipelineSafeModeRule] INFO  safemode.SCMSafeModeManager (HealthyPipelineSafeModeRule.java:process(137)) - SCM in safe mode. Healthy pipelines reported count is 0, required healthy pipeline reported count is 1
2023-09-08 11:16:28,848 [f2514b4c-a867-463f-8d84-f95d86e9803a-groupManagement] INFO  server.RaftServerConfigKeys (ConfUtils.java:logGet(46)) - raft.server.rpc.request.timeout = 60s (custom)
2023-09-08 11:16:28,852 [f2514b4c-a867-463f-8d84-f95d86e9803a-groupManagement] INFO  server.RaftServerConfigKeys (ConfUtils.java:logGet(46)) - raft.server.log.appender.install.snapshot.enabled = false (custom)
2023-09-08 11:16:28,852 [f2514b4c-a867-463f-8d84-f95d86e9803a-groupManagement] INFO  server.RaftServerConfigKeys (ConfUtils.java:logGet(46)) - raft.server.threadpool.server.cached = true (default)
2023-09-08 11:16:28,852 [f2514b4c-a867-463f-8d84-f95d86e9803a-groupManagement] INFO  server.RaftServerConfigKeys (ConfUtils.java:logGet(46)) - raft.server.threadpool.server.size = 0 (default)
2023-09-08 11:16:28,852 [f2514b4c-a867-463f-8d84-f95d86e9803a-groupManagement] INFO  server.RaftServerConfigKeys (ConfUtils.java:logGet(46)) - raft.server.threadpool.client.cached = true (default)
2023-09-08 11:16:28,852 [f2514b4c-a867-463f-8d84-f95d86e9803a-groupManagement] INFO  server.RaftServerConfigKeys (ConfUtils.java:logGet(46)) - raft.server.threadpool.client.size = 0 (default)
2023-09-08 11:16:28,852 [f2514b4c-a867-463f-8d84-f95d86e9803a-groupManagement] INFO  storage.RaftStorageDirectory (RaftStorageDirectoryImpl.java:analyzeStorage(137)) - The storage directory /home/runner/work/ozone/ozone/hadoop-ozone/integration-test/target/test-dir/MiniOzoneClusterImpl-4b7384aa-5f33-426b-b021-b584800a716a/datanode-0/data/ratis/b5442b98-4191-44ba-8ddd-20c2eeb7da89 does not exist. Creating ...
2023-09-08 11:16:28,850 [a3bbae93-4dbd-48a8-b7ec-9de03e51f535-groupManagement] INFO  server.RaftServerConfigKeys (ConfUtils.java:logGet(46)) - raft.server.log.purge.preservation.log.num = 0 (default)
2023-09-08 11:16:28,853 [a3bbae93-4dbd-48a8-b7ec-9de03e51f535-groupManagement] INFO  server.RaftServerConfigKeys (ConfUtils.java:logGet(46)) - raft.server.log.segment.size.max = 1048576 (custom)
2023-09-08 11:16:28,853 [a3bbae93-4dbd-48a8-b7ec-9de03e51f535-groupManagement] INFO  server.RaftServerConfigKeys (ConfUtils.java:logGet(46)) - raft.server.log.segment.cache.num.max = 2 (custom)
2023-09-08 11:16:28,853 [a3bbae93-4dbd-48a8-b7ec-9de03e51f535-groupManagement] INFO  server.RaftServerConfigKeys (ConfUtils.java:logGet(46)) - raft.server.log.segment.cache.size.max = 200MB (=209715200) (default)
2023-09-08 11:16:28,853 [a3bbae93-4dbd-48a8-b7ec-9de03e51f535-groupManagement] INFO  server.RaftServerConfigKeys (ConfUtils.java:logGet(46)) - raft.server.log.appender.buffer.byte-limit = 33554432 (custom)
2023-09-08 11:16:28,853 [a3bbae93-4dbd-48a8-b7ec-9de03e51f535-groupManagement] INFO  segmented.SegmentedRaftLogWorker (SegmentedRaftLogWorker.java:<init>(188)) - new a3bbae93-4dbd-48a8-b7ec-9de03e51f535@group-20C2EEB7DA89-SegmentedRaftLogWorker for RaftStorageImpl:Storage Directory /home/runner/work/ozone/ozone/hadoop-ozone/integration-test/target/test-dir/MiniOzoneClusterImpl-4b7384aa-5f33-426b-b021-b584800a716a/datanode-1/data/ratis/b5442b98-4191-44ba-8ddd-20c2eeb7da89
2023-09-08 11:16:28,853 [a3bbae93-4dbd-48a8-b7ec-9de03e51f535-groupManagement] INFO  server.RaftServerConfigKeys (ConfUtils.java:logGet(46)) - raft.server.log.queue.byte-limit = 4294967296 (custom)
2023-09-08 11:16:28,853 [a3bbae93-4dbd-48a8-b7ec-9de03e51f535-groupManagement] INFO  server.RaftServerConfigKeys (ConfUtils.java:logGet(46)) - raft.server.log.queue.element-limit = 1024 (custom)
2023-09-08 11:16:28,853 [a3bbae93-4dbd-48a8-b7ec-9de03e51f535-groupManagement] INFO  server.RaftServerConfigKeys (ConfUtils.java:logGet(46)) - raft.server.log.segment.size.max = 1048576 (custom)
2023-09-08 11:16:28,853 [a3bbae93-4dbd-48a8-b7ec-9de03e51f535-groupManagement] INFO  server.RaftServerConfigKeys (ConfUtils.java:logGet(46)) - raft.server.log.preallocated.size = 16384 (custom)
2023-09-08 11:16:28,853 [a3bbae93-4dbd-48a8-b7ec-9de03e51f535-groupManagement] INFO  server.RaftServerConfigKeys (ConfUtils.java:logGet(46)) - raft.server.log.force.sync.num = 128 (default)
2023-09-08 11:16:28,853 [89f84e8b-2e80-4453-8736-c86c7ce839d9-groupManagement] INFO  server.RaftServer$Division (RaftServerImpl.java:<init>(198)) - 89f84e8b-2e80-4453-8736-c86c7ce839d9: new RaftServerImpl for group-20C2EEB7DA89:[89f84e8b-2e80-4453-8736-c86c7ce839d9|rpc:10.1.0.72:15032|admin:10.1.0.72:15031|client:10.1.0.72:15030|dataStream:10.1.0.72:15033|priority:1|startupRole:FOLLOWER, a3bbae93-4dbd-48a8-b7ec-9de03e51f535|rpc:10.1.0.72:15023|admin:10.1.0.72:15022|client:10.1.0.72:15021|dataStream:10.1.0.72:15024|priority:0|startupRole:FOLLOWER, f2514b4c-a867-463f-8d84-f95d86e9803a|rpc:10.1.0.72:15014|admin:10.1.0.72:15013|client:10.1.0.72:15012|dataStream:10.1.0.72:15015|priority:0|startupRole:FOLLOWER] with ContainerStateMachine:uninitialized
2023-09-08 11:16:28,854 [89f84e8b-2e80-4453-8736-c86c7ce839d9-groupManagement] INFO  server.RaftServerConfigKeys (ConfUtils.java:logGet(46)) - raft.server.rpc.timeout.min = 5s (custom)
2023-09-08 11:16:28,854 [89f84e8b-2e80-4453-8736-c86c7ce839d9-groupManagement] INFO  server.RaftServerConfigKeys (ConfUtils.java:logGet(46)) - raft.server.rpc.timeout.max = 5200ms (custom)
2023-09-08 11:16:28,854 [89f84e8b-2e80-4453-8736-c86c7ce839d9-groupManagement] INFO  server.RaftServerConfigKeys (ConfUtils.java:logGet(46)) - raft.server.rpc.sleep.time = 25ms (default)
2023-09-08 11:16:28,854 [89f84e8b-2e80-4453-8736-c86c7ce839d9-groupManagement] INFO  server.RaftServerConfigKeys (ConfUtils.java:logGet(46)) - raft.server.rpc.slowness.timeout = 300s (custom)
2023-09-08 11:16:28,854 [89f84e8b-2e80-4453-8736-c86c7ce839d9-groupManagement] INFO  server.RaftServerConfigKeys (ConfUtils.java:logGet(46)) - raft.server.leaderelection.leader.step-down.wait-time = 10s (default)
2023-09-08 11:16:28,854 [89f84e8b-2e80-4453-8736-c86c7ce839d9-groupManagement] INFO  server.RaftServerConfigKeys (ConfUtils.java:logGet(46)) - raft.server.sleep.deviation.threshold = 300ms (default)
2023-09-08 11:16:28,854 [89f84e8b-2e80-4453-8736-c86c7ce839d9-groupManagement] INFO  server.RaftServer$Division (ServerState.java:<init>(120)) - 89f84e8b-2e80-4453-8736-c86c7ce839d9@group-20C2EEB7DA89: ConfigurationManager, init=-1: peers:[89f84e8b-2e80-4453-8736-c86c7ce839d9|rpc:10.1.0.72:15032|admin:10.1.0.72:15031|client:10.1.0.72:15030|dataStream:10.1.0.72:15033|priority:1|startupRole:FOLLOWER, a3bbae93-4dbd-48a8-b7ec-9de03e51f535|rpc:10.1.0.72:15023|admin:10.1.0.72:15022|client:10.1.0.72:15021|dataStream:10.1.0.72:15024|priority:0|startupRole:FOLLOWER, f2514b4c-a867-463f-8d84-f95d86e9803a|rpc:10.1.0.72:15014|admin:10.1.0.72:15013|client:10.1.0.72:15012|dataStream:10.1.0.72:15015|priority:0|startupRole:FOLLOWER]|listeners:[], old=null, confs=<EMPTY_MAP>
2023-09-08 11:16:28,854 [f2514b4c-a867-463f-8d84-f95d86e9803a-groupManagement] INFO  storage.RaftStorageDirectory (RaftStorageDirectoryImpl.java:tryLock(231)) - Lock on /home/runner/work/ozone/ozone/hadoop-ozone/integration-test/target/test-dir/MiniOzoneClusterImpl-4b7384aa-5f33-426b-b021-b584800a716a/datanode-0/data/ratis/b5442b98-4191-44ba-8ddd-20c2eeb7da89/in_use.lock acquired by nodename 7549@fv-az203-160
2023-09-08 11:16:28,854 [a3bbae93-4dbd-48a8-b7ec-9de03e51f535-groupManagement] INFO  server.RaftServerConfigKeys (ConfUtils.java:logGet(46)) - raft.server.log.statemachine.data.sync = true (default)
2023-09-08 11:16:28,855 [89f84e8b-2e80-4453-8736-c86c7ce839d9-groupManagement] INFO  server.RaftServerConfigKeys (ConfUtils.java:logGet(46)) - raft.server.storage.dir = [/home/runner/work/ozone/ozone/hadoop-ozone/integration-test/target/test-dir/MiniOzoneClusterImpl-4b7384aa-5f33-426b-b021-b584800a716a/datanode-2/data/ratis] (custom)
2023-09-08 11:16:28,856 [f2514b4c-a867-463f-8d84-f95d86e9803a-groupManagement] INFO  storage.RaftStorage (RaftStorageImpl.java:format(96)) - Storage directory /home/runner/work/ozone/ozone/hadoop-ozone/integration-test/target/test-dir/MiniOzoneClusterImpl-4b7384aa-5f33-426b-b021-b584800a716a/datanode-0/data/ratis/b5442b98-4191-44ba-8ddd-20c2eeb7da89 has been successfully formatted.
2023-09-08 11:16:28,857 [89f84e8b-2e80-4453-8736-c86c7ce839d9-groupManagement] INFO  server.RaftServerConfigKeys (ConfUtils.java:logGet(46)) - raft.server.log.corruption.policy = EXCEPTION (default)
2023-09-08 11:16:28,857 [89f84e8b-2e80-4453-8736-c86c7ce839d9-groupManagement] INFO  server.RaftServerConfigKeys (ConfUtils.java:logGet(46)) - raft.server.storage.free-space.min = 0MB (=0) (default)
2023-09-08 11:16:28,857 [89f84e8b-2e80-4453-8736-c86c7ce839d9-groupManagement] INFO  server.RaftServerConfigKeys (ConfUtils.java:logGet(46)) - raft.server.notification.no-leader.timeout = 300s (custom)
2023-09-08 11:16:28,857 [89f84e8b-2e80-4453-8736-c86c7ce839d9-groupManagement] INFO  server.RaftServerConfigKeys (ConfUtils.java:logGet(46)) - raft.server.read.timeout = 10s (default)
2023-09-08 11:16:28,857 [f2514b4c-a867-463f-8d84-f95d86e9803a-groupManagement] INFO  ratis.ContainerStateMachine (ContainerStateMachine.java:loadSnapshot(262)) - group-20C2EEB7DA89: The snapshot info is null. Setting the last applied indexto:(t:0, i:~)
2023-09-08 11:16:28,857 [89f84e8b-2e80-4453-8736-c86c7ce839d9-groupManagement] INFO  server.RaftServerConfigKeys (ConfUtils.java:logGet(46)) - raft.server.retrycache.expirytime = 600000ms (custom)
2023-09-08 11:16:28,857 [89f84e8b-2e80-4453-8736-c86c7ce839d9-groupManagement] INFO  server.RaftServerConfigKeys (ConfUtils.java:logGet(46)) - raft.server.retrycache.statistics.expirytime = 100μs (default)
2023-09-08 11:16:28,857 [89f84e8b-2e80-4453-8736-c86c7ce839d9-groupManagement] INFO  server.RaftServerConfigKeys (ConfUtils.java:logGet(46)) - raft.server.read.option = DEFAULT (default)
2023-09-08 11:16:28,858 [a3bbae93-4dbd-48a8-b7ec-9de03e51f535-groupManagement] INFO  server.RaftServerConfigKeys (ConfUtils.java:logGet(46)) - raft.server.log.statemachine.data.sync.timeout = 10s (default)
2023-09-08 11:16:28,858 [a3bbae93-4dbd-48a8-b7ec-9de03e51f535-groupManagement] INFO  server.RaftServerConfigKeys (ConfUtils.java:logGet(46)) - raft.server.log.statemachine.data.sync.timeout.retry = -1 (default)
2023-09-08 11:16:28,859 [89f84e8b-2e80-4453-8736-c86c7ce839d9-groupManagement] INFO  server.RaftServerConfigKeys (ConfUtils.java:logGet(46)) - raft.server.rpc.request.timeout = 60s (custom)
2023-09-08 11:16:28,859 [89f84e8b-2e80-4453-8736-c86c7ce839d9-groupManagement] INFO  server.RaftServerConfigKeys (ConfUtils.java:logGet(46)) - raft.server.log.appender.install.snapshot.enabled = false (custom)
2023-09-08 11:16:28,859 [89f84e8b-2e80-4453-8736-c86c7ce839d9-groupManagement] INFO  server.RaftServerConfigKeys (ConfUtils.java:logGet(46)) - raft.server.threadpool.server.cached = true (default)
2023-09-08 11:16:28,859 [89f84e8b-2e80-4453-8736-c86c7ce839d9-groupManagement] INFO  server.RaftServerConfigKeys (ConfUtils.java:logGet(46)) - raft.server.threadpool.server.size = 0 (default)
2023-09-08 11:16:28,859 [89f84e8b-2e80-4453-8736-c86c7ce839d9-groupManagement] INFO  server.RaftServerConfigKeys (ConfUtils.java:logGet(46)) - raft.server.threadpool.client.cached = true (default)
2023-09-08 11:16:28,860 [89f84e8b-2e80-4453-8736-c86c7ce839d9-groupManagement] INFO  server.RaftServerConfigKeys (ConfUtils.java:logGet(46)) - raft.server.threadpool.client.size = 0 (default)
2023-09-08 11:16:28,860 [89f84e8b-2e80-4453-8736-c86c7ce839d9-groupManagement] INFO  storage.RaftStorageDirectory (RaftStorageDirectoryImpl.java:analyzeStorage(137)) - The storage directory /home/runner/work/ozone/ozone/hadoop-ozone/integration-test/target/test-dir/MiniOzoneClusterImpl-4b7384aa-5f33-426b-b021-b584800a716a/datanode-2/data/ratis/b5442b98-4191-44ba-8ddd-20c2eeb7da89 does not exist. Creating ...
2023-09-08 11:16:28,863 [EventQueue-OpenPipelineForHealthyPipelineSafeModeRule] INFO  safemode.SCMSafeModeManager (HealthyPipelineSafeModeRule.java:process(137)) - SCM in safe mode. Healthy pipelines reported count is 0, required healthy pipeline reported count is 1
2023-09-08 11:16:28,870 [89f84e8b-2e80-4453-8736-c86c7ce839d9-groupManagement] INFO  storage.RaftStorageDirectory (RaftStorageDirectoryImpl.java:tryLock(231)) - Lock on /home/runner/work/ozone/ozone/hadoop-ozone/integration-test/target/test-dir/MiniOzoneClusterImpl-4b7384aa-5f33-426b-b021-b584800a716a/datanode-2/data/ratis/b5442b98-4191-44ba-8ddd-20c2eeb7da89/in_use.lock acquired by nodename 7549@fv-az203-160
2023-09-08 11:16:28,871 [f2514b4c-a867-463f-8d84-f95d86e9803a-groupManagement] INFO  server.RaftServerConfigKeys (ConfUtils.java:logGet(46)) - raft.server.log.use.memory = false (default)
2023-09-08 11:16:28,872 [f2514b4c-a867-463f-8d84-f95d86e9803a-groupManagement] INFO  server.RaftServerConfigKeys (ConfUtils.java:logGet(46)) - raft.server.log.purge.gap = 1000000 (custom)
2023-09-08 11:16:28,872 [f2514b4c-a867-463f-8d84-f95d86e9803a-groupManagement] INFO  server.RaftServerConfigKeys (ConfUtils.java:logGet(46)) - raft.server.log.appender.buffer.byte-limit = 33554432 (custom)
2023-09-08 11:16:28,872 [f2514b4c-a867-463f-8d84-f95d86e9803a-groupManagement] INFO  server.RaftServerConfigKeys (ConfUtils.java:logGet(46)) - raft.server.log.statemachine.data.read.timeout = 1000ms (default)
2023-09-08 11:16:28,872 [f2514b4c-a867-463f-8d84-f95d86e9803a-groupManagement] INFO  server.RaftServerConfigKeys (ConfUtils.java:logGet(46)) - raft.server.log.purge.preservation.log.num = 0 (default)
2023-09-08 11:16:28,872 [f2514b4c-a867-463f-8d84-f95d86e9803a-groupManagement] INFO  server.RaftServerConfigKeys (ConfUtils.java:logGet(46)) - raft.server.log.segment.size.max = 1048576 (custom)
2023-09-08 11:16:28,873 [f2514b4c-a867-463f-8d84-f95d86e9803a-groupManagement] INFO  server.RaftServerConfigKeys (ConfUtils.java:logGet(46)) - raft.server.log.segment.cache.num.max = 2 (custom)
2023-09-08 11:16:28,871 [a3bbae93-4dbd-48a8-b7ec-9de03e51f535-groupManagement] INFO  server.RaftServerConfigKeys (ConfUtils.java:logGet(46)) - raft.server.log.write.buffer.size = 1048576 (custom)
2023-09-08 11:16:28,873 [f2514b4c-a867-463f-8d84-f95d86e9803a-groupManagement] INFO  server.RaftServerConfigKeys (ConfUtils.java:logGet(46)) - raft.server.log.segment.cache.size.max = 200MB (=209715200) (default)
2023-09-08 11:16:28,873 [f2514b4c-a867-463f-8d84-f95d86e9803a-groupManagement] INFO  server.RaftServerConfigKeys (ConfUtils.java:logGet(46)) - raft.server.log.appender.buffer.byte-limit = 33554432 (custom)
2023-09-08 11:16:28,873 [f2514b4c-a867-463f-8d84-f95d86e9803a-groupManagement] INFO  segmented.SegmentedRaftLogWorker (SegmentedRaftLogWorker.java:<init>(188)) - new f2514b4c-a867-463f-8d84-f95d86e9803a@group-20C2EEB7DA89-SegmentedRaftLogWorker for RaftStorageImpl:Storage Directory /home/runner/work/ozone/ozone/hadoop-ozone/integration-test/target/test-dir/MiniOzoneClusterImpl-4b7384aa-5f33-426b-b021-b584800a716a/datanode-0/data/ratis/b5442b98-4191-44ba-8ddd-20c2eeb7da89
2023-09-08 11:16:28,873 [89f84e8b-2e80-4453-8736-c86c7ce839d9-groupManagement] INFO  storage.RaftStorage (RaftStorageImpl.java:format(96)) - Storage directory /home/runner/work/ozone/ozone/hadoop-ozone/integration-test/target/test-dir/MiniOzoneClusterImpl-4b7384aa-5f33-426b-b021-b584800a716a/datanode-2/data/ratis/b5442b98-4191-44ba-8ddd-20c2eeb7da89 has been successfully formatted.
2023-09-08 11:16:28,874 [89f84e8b-2e80-4453-8736-c86c7ce839d9-groupManagement] INFO  ratis.ContainerStateMachine (ContainerStateMachine.java:loadSnapshot(262)) - group-20C2EEB7DA89: The snapshot info is null. Setting the last applied indexto:(t:0, i:~)
2023-09-08 11:16:28,874 [89f84e8b-2e80-4453-8736-c86c7ce839d9-groupManagement] INFO  server.RaftServerConfigKeys (ConfUtils.java:logGet(46)) - raft.server.log.use.memory = false (default)
2023-09-08 11:16:28,874 [89f84e8b-2e80-4453-8736-c86c7ce839d9-groupManagement] INFO  server.RaftServerConfigKeys (ConfUtils.java:logGet(46)) - raft.server.log.purge.gap = 1000000 (custom)
2023-09-08 11:16:28,875 [89f84e8b-2e80-4453-8736-c86c7ce839d9-groupManagement] INFO  server.RaftServerConfigKeys (ConfUtils.java:logGet(46)) - raft.server.log.appender.buffer.byte-limit = 33554432 (custom)
2023-09-08 11:16:28,875 [89f84e8b-2e80-4453-8736-c86c7ce839d9-groupManagement] INFO  server.RaftServerConfigKeys (ConfUtils.java:logGet(46)) - raft.server.log.statemachine.data.read.timeout = 1000ms (default)
2023-09-08 11:16:28,875 [89f84e8b-2e80-4453-8736-c86c7ce839d9-groupManagement] INFO  server.RaftServerConfigKeys (ConfUtils.java:logGet(46)) - raft.server.log.purge.preservation.log.num = 0 (default)
2023-09-08 11:16:28,875 [89f84e8b-2e80-4453-8736-c86c7ce839d9-groupManagement] INFO  server.RaftServerConfigKeys (ConfUtils.java:logGet(46)) - raft.server.log.segment.size.max = 1048576 (custom)
2023-09-08 11:16:28,875 [89f84e8b-2e80-4453-8736-c86c7ce839d9-groupManagement] INFO  server.RaftServerConfigKeys (ConfUtils.java:logGet(46)) - raft.server.log.segment.cache.num.max = 2 (custom)
2023-09-08 11:16:28,875 [89f84e8b-2e80-4453-8736-c86c7ce839d9-groupManagement] INFO  server.RaftServerConfigKeys (ConfUtils.java:logGet(46)) - raft.server.log.segment.cache.size.max = 200MB (=209715200) (default)
2023-09-08 11:16:28,875 [89f84e8b-2e80-4453-8736-c86c7ce839d9-groupManagement] INFO  server.RaftServerConfigKeys (ConfUtils.java:logGet(46)) - raft.server.log.appender.buffer.byte-limit = 33554432 (custom)
2023-09-08 11:16:28,876 [89f84e8b-2e80-4453-8736-c86c7ce839d9-groupManagement] INFO  segmented.SegmentedRaftLogWorker (SegmentedRaftLogWorker.java:<init>(188)) - new 89f84e8b-2e80-4453-8736-c86c7ce839d9@group-20C2EEB7DA89-SegmentedRaftLogWorker for RaftStorageImpl:Storage Directory /home/runner/work/ozone/ozone/hadoop-ozone/integration-test/target/test-dir/MiniOzoneClusterImpl-4b7384aa-5f33-426b-b021-b584800a716a/datanode-2/data/ratis/b5442b98-4191-44ba-8ddd-20c2eeb7da89
2023-09-08 11:16:28,879 [a3bbae93-4dbd-48a8-b7ec-9de03e51f535-groupManagement] INFO  server.RaftServerConfigKeys (ConfUtils.java:logGet(46)) - raft.server.log.appender.buffer.byte-limit = 33554432 (custom)
2023-09-08 11:16:28,881 [89f84e8b-2e80-4453-8736-c86c7ce839d9-groupManagement] INFO  server.RaftServerConfigKeys (ConfUtils.java:logGet(46)) - raft.server.log.queue.byte-limit = 4294967296 (custom)
2023-09-08 11:16:28,881 [89f84e8b-2e80-4453-8736-c86c7ce839d9-groupManagement] INFO  server.RaftServerConfigKeys (ConfUtils.java:logGet(46)) - raft.server.log.queue.element-limit = 1024 (custom)
2023-09-08 11:16:28,881 [89f84e8b-2e80-4453-8736-c86c7ce839d9-groupManagement] INFO  server.RaftServerConfigKeys (ConfUtils.java:logGet(46)) - raft.server.log.segment.size.max = 1048576 (custom)
2023-09-08 11:16:28,881 [89f84e8b-2e80-4453-8736-c86c7ce839d9-groupManagement] INFO  server.RaftServerConfigKeys (ConfUtils.java:logGet(46)) - raft.server.log.preallocated.size = 16384 (custom)
2023-09-08 11:16:28,881 [89f84e8b-2e80-4453-8736-c86c7ce839d9-groupManagement] INFO  server.RaftServerConfigKeys (ConfUtils.java:logGet(46)) - raft.server.log.force.sync.num = 128 (default)
2023-09-08 11:16:28,881 [89f84e8b-2e80-4453-8736-c86c7ce839d9-groupManagement] INFO  server.RaftServerConfigKeys (ConfUtils.java:logGet(46)) - raft.server.log.statemachine.data.sync = true (default)
2023-09-08 11:16:28,881 [89f84e8b-2e80-4453-8736-c86c7ce839d9-groupManagement] INFO  server.RaftServerConfigKeys (ConfUtils.java:logGet(46)) - raft.server.log.statemachine.data.sync.timeout = 10s (default)
2023-09-08 11:16:28,881 [89f84e8b-2e80-4453-8736-c86c7ce839d9-groupManagement] INFO  server.RaftServerConfigKeys (ConfUtils.java:logGet(46)) - raft.server.log.statemachine.data.sync.timeout.retry = -1 (default)
2023-09-08 11:16:28,882 [89f84e8b-2e80-4453-8736-c86c7ce839d9-groupManagement] INFO  server.RaftServerConfigKeys (ConfUtils.java:logGet(46)) - raft.server.log.write.buffer.size = 1048576 (custom)
2023-09-08 11:16:28,883 [89f84e8b-2e80-4453-8736-c86c7ce839d9-groupManagement] INFO  server.RaftServerConfigKeys (ConfUtils.java:logGet(46)) - raft.server.log.appender.buffer.byte-limit = 33554432 (custom)
2023-09-08 11:16:28,884 [EventQueue-OpenPipelineForHealthyPipelineSafeModeRule] INFO  safemode.SCMSafeModeManager (HealthyPipelineSafeModeRule.java:process(137)) - SCM in safe mode. Healthy pipelines reported count is 0, required healthy pipeline reported count is 1
2023-09-08 11:16:28,887 [f2514b4c-a867-463f-8d84-f95d86e9803a-groupManagement] INFO  server.RaftServerConfigKeys (ConfUtils.java:logGet(46)) - raft.server.log.queue.byte-limit = 4294967296 (custom)
2023-09-08 11:16:28,887 [f2514b4c-a867-463f-8d84-f95d86e9803a-groupManagement] INFO  server.RaftServerConfigKeys (ConfUtils.java:logGet(46)) - raft.server.log.queue.element-limit = 1024 (custom)
2023-09-08 11:16:28,887 [f2514b4c-a867-463f-8d84-f95d86e9803a-groupManagement] INFO  server.RaftServerConfigKeys (ConfUtils.java:logGet(46)) - raft.server.log.segment.size.max = 1048576 (custom)
2023-09-08 11:16:28,887 [f2514b4c-a867-463f-8d84-f95d86e9803a-groupManagement] INFO  server.RaftServerConfigKeys (ConfUtils.java:logGet(46)) - raft.server.log.preallocated.size = 16384 (custom)
2023-09-08 11:16:28,887 [f2514b4c-a867-463f-8d84-f95d86e9803a-groupManagement] INFO  server.RaftServerConfigKeys (ConfUtils.java:logGet(46)) - raft.server.log.force.sync.num = 128 (default)
2023-09-08 11:16:28,887 [f2514b4c-a867-463f-8d84-f95d86e9803a-groupManagement] INFO  server.RaftServerConfigKeys (ConfUtils.java:logGet(46)) - raft.server.log.statemachine.data.sync = true (default)
2023-09-08 11:16:28,887 [f2514b4c-a867-463f-8d84-f95d86e9803a-groupManagement] INFO  server.RaftServerConfigKeys (ConfUtils.java:logGet(46)) - raft.server.log.statemachine.data.sync.timeout = 10s (default)
2023-09-08 11:16:28,887 [f2514b4c-a867-463f-8d84-f95d86e9803a-groupManagement] INFO  server.RaftServerConfigKeys (ConfUtils.java:logGet(46)) - raft.server.log.statemachine.data.sync.timeout.retry = -1 (default)
2023-09-08 11:16:28,889 [f2514b4c-a867-463f-8d84-f95d86e9803a-groupManagement] INFO  server.RaftServerConfigKeys (ConfUtils.java:logGet(46)) - raft.server.log.write.buffer.size = 1048576 (custom)
2023-09-08 11:16:28,890 [f2514b4c-a867-463f-8d84-f95d86e9803a-groupManagement] INFO  server.RaftServerConfigKeys (ConfUtils.java:logGet(46)) - raft.server.log.appender.buffer.byte-limit = 33554432 (custom)
2023-09-08 11:16:28,893 [89f84e8b-2e80-4453-8736-c86c7ce839d9-groupManagement] INFO  server.RaftServerConfigKeys (ConfUtils.java:logGet(46)) - raft.server.log.unsafe-flush.enabled = false (default)
2023-09-08 11:16:28,894 [89f84e8b-2e80-4453-8736-c86c7ce839d9-groupManagement] INFO  server.RaftServerConfigKeys (ConfUtils.java:logGet(46)) - raft.server.log.async-flush.enabled = false (default)
2023-09-08 11:16:28,894 [89f84e8b-2e80-4453-8736-c86c7ce839d9-groupManagement] INFO  server.RaftServerConfigKeys (ConfUtils.java:logGet(46)) - raft.server.log.statemachine.data.caching.enabled = true (custom)
2023-09-08 11:16:28,895 [89f84e8b-2e80-4453-8736-c86c7ce839d9-groupManagement] INFO  segmented.SegmentedRaftLogWorker (SegmentedRaftLogWorker.java:lambda$new$0(135)) - 89f84e8b-2e80-4453-8736-c86c7ce839d9@group-20C2EEB7DA89-SegmentedRaftLogWorker: flushIndex: setUnconditionally 0 -> -1
2023-09-08 11:16:28,895 [89f84e8b-2e80-4453-8736-c86c7ce839d9-groupManagement] INFO  segmented.SegmentedRaftLogWorker (SegmentedRaftLogWorker.java:lambda$new$0(135)) - 89f84e8b-2e80-4453-8736-c86c7ce839d9@group-20C2EEB7DA89-SegmentedRaftLogWorker: safeCacheEvictIndex: setUnconditionally 0 -> -1
2023-09-08 11:16:28,898 [f2514b4c-a867-463f-8d84-f95d86e9803a-groupManagement] INFO  server.RaftServerConfigKeys (ConfUtils.java:logGet(46)) - raft.server.log.unsafe-flush.enabled = false (default)
2023-09-08 11:16:28,898 [f2514b4c-a867-463f-8d84-f95d86e9803a-groupManagement] INFO  server.RaftServerConfigKeys (ConfUtils.java:logGet(46)) - raft.server.log.async-flush.enabled = false (default)
2023-09-08 11:16:28,898 [f2514b4c-a867-463f-8d84-f95d86e9803a-groupManagement] INFO  server.RaftServerConfigKeys (ConfUtils.java:logGet(46)) - raft.server.log.statemachine.data.caching.enabled = true (custom)
2023-09-08 11:16:28,898 [f2514b4c-a867-463f-8d84-f95d86e9803a-groupManagement] INFO  segmented.SegmentedRaftLogWorker (SegmentedRaftLogWorker.java:lambda$new$0(135)) - f2514b4c-a867-463f-8d84-f95d86e9803a@group-20C2EEB7DA89-SegmentedRaftLogWorker: flushIndex: setUnconditionally 0 -> -1
2023-09-08 11:16:28,898 [f2514b4c-a867-463f-8d84-f95d86e9803a-groupManagement] INFO  segmented.SegmentedRaftLogWorker (SegmentedRaftLogWorker.java:lambda$new$0(135)) - f2514b4c-a867-463f-8d84-f95d86e9803a@group-20C2EEB7DA89-SegmentedRaftLogWorker: safeCacheEvictIndex: setUnconditionally 0 -> -1
2023-09-08 11:16:28,899 [89f84e8b-2e80-4453-8736-c86c7ce839d9-groupManagement] INFO  server.RaftServer$Division (RaftServerImpl.java:start(342)) - 89f84e8b-2e80-4453-8736-c86c7ce839d9@group-20C2EEB7DA89: start as a follower, conf=-1: peers:[89f84e8b-2e80-4453-8736-c86c7ce839d9|rpc:10.1.0.72:15032|admin:10.1.0.72:15031|client:10.1.0.72:15030|dataStream:10.1.0.72:15033|priority:1|startupRole:FOLLOWER, a3bbae93-4dbd-48a8-b7ec-9de03e51f535|rpc:10.1.0.72:15023|admin:10.1.0.72:15022|client:10.1.0.72:15021|dataStream:10.1.0.72:15024|priority:0|startupRole:FOLLOWER, f2514b4c-a867-463f-8d84-f95d86e9803a|rpc:10.1.0.72:15014|admin:10.1.0.72:15013|client:10.1.0.72:15012|dataStream:10.1.0.72:15015|priority:0|startupRole:FOLLOWER]|listeners:[], old=null
2023-09-08 11:16:28,899 [89f84e8b-2e80-4453-8736-c86c7ce839d9-groupManagement] INFO  server.RaftServer$Division (RaftServerImpl.java:setRole(329)) - 89f84e8b-2e80-4453-8736-c86c7ce839d9@group-20C2EEB7DA89: changes role from      null to FOLLOWER at term 0 for startAsFollower
2023-09-08 11:16:28,899 [89f84e8b-2e80-4453-8736-c86c7ce839d9-groupManagement] INFO  impl.RoleInfo (RoleInfo.java:updateAndGet(139)) - 89f84e8b-2e80-4453-8736-c86c7ce839d9: start 89f84e8b-2e80-4453-8736-c86c7ce839d9@group-20C2EEB7DA89-FollowerState
2023-09-08 11:16:28,899 [89f84e8b-2e80-4453-8736-c86c7ce839d9-groupManagement] INFO  util.JmxRegister (JmxRegister.java:tryRegister(44)) - Successfully registered JMX Bean with object name Ratis:service=RaftServer,group=group-20C2EEB7DA89,id=89f84e8b-2e80-4453-8736-c86c7ce839d9
2023-09-08 11:16:28,899 [89f84e8b-2e80-4453-8736-c86c7ce839d9-groupManagement] INFO  server.RaftServerConfigKeys (ConfUtils.java:logGet(46)) - raft.server.snapshot.auto.trigger.enabled = true (custom)
2023-09-08 11:16:28,899 [89f84e8b-2e80-4453-8736-c86c7ce839d9-groupManagement] INFO  server.RaftServerConfigKeys (ConfUtils.java:logGet(46)) - raft.server.snapshot.auto.trigger.threshold = 10000 (custom)
2023-09-08 11:16:28,899 [89f84e8b-2e80-4453-8736-c86c7ce839d9-groupManagement] INFO  server.RaftServerConfigKeys (ConfUtils.java:logGet(46)) - raft.server.snapshot.retention.file.num = 5 (custom)
2023-09-08 11:16:28,899 [89f84e8b-2e80-4453-8736-c86c7ce839d9-groupManagement] INFO  server.RaftServerConfigKeys (ConfUtils.java:logGet(46)) - raft.server.log.purge.upto.snapshot.index = false (default)
2023-09-08 11:16:28,900 [89f84e8b-2e80-4453-8736-c86c7ce839d9@group-20C2EEB7DA89-FollowerState] INFO  server.RaftServerConfigKeys (ConfUtils.java:logFallback(53)) - raft.server.rpc.first-election.timeout.min = 5s (fallback to raft.server.rpc.timeout.min)
2023-09-08 11:16:28,907 [a3bbae93-4dbd-48a8-b7ec-9de03e51f535-groupManagement] INFO  server.RaftServerConfigKeys (ConfUtils.java:logGet(46)) - raft.server.log.unsafe-flush.enabled = false (default)
2023-09-08 11:16:28,901 [f2514b4c-a867-463f-8d84-f95d86e9803a-groupManagement] INFO  server.RaftServer$Division (RaftServerImpl.java:start(342)) - f2514b4c-a867-463f-8d84-f95d86e9803a@group-20C2EEB7DA89: start as a follower, conf=-1: peers:[89f84e8b-2e80-4453-8736-c86c7ce839d9|rpc:10.1.0.72:15032|admin:10.1.0.72:15031|client:10.1.0.72:15030|dataStream:10.1.0.72:15033|priority:1|startupRole:FOLLOWER, a3bbae93-4dbd-48a8-b7ec-9de03e51f535|rpc:10.1.0.72:15023|admin:10.1.0.72:15022|client:10.1.0.72:15021|dataStream:10.1.0.72:15024|priority:0|startupRole:FOLLOWER, f2514b4c-a867-463f-8d84-f95d86e9803a|rpc:10.1.0.72:15014|admin:10.1.0.72:15013|client:10.1.0.72:15012|dataStream:10.1.0.72:15015|priority:0|startupRole:FOLLOWER]|listeners:[], old=null
2023-09-08 11:16:28,908 [f2514b4c-a867-463f-8d84-f95d86e9803a-groupManagement] INFO  server.RaftServer$Division (RaftServerImpl.java:setRole(329)) - f2514b4c-a867-463f-8d84-f95d86e9803a@group-20C2EEB7DA89: changes role from      null to FOLLOWER at term 0 for startAsFollower
2023-09-08 11:16:28,908 [f2514b4c-a867-463f-8d84-f95d86e9803a-groupManagement] INFO  impl.RoleInfo (RoleInfo.java:updateAndGet(139)) - f2514b4c-a867-463f-8d84-f95d86e9803a: start f2514b4c-a867-463f-8d84-f95d86e9803a@group-20C2EEB7DA89-FollowerState
2023-09-08 11:16:28,900 [PipelineCommandHandlerThread-0] INFO  ratis.XceiverServerRatis (XceiverServerRatis.java:addGroup(804)) - Created group PipelineID=b5442b98-4191-44ba-8ddd-20c2eeb7da89
2023-09-08 11:16:28,911 [f2514b4c-a867-463f-8d84-f95d86e9803a@group-20C2EEB7DA89-FollowerState] INFO  server.RaftServerConfigKeys (ConfUtils.java:logFallback(53)) - raft.server.rpc.first-election.timeout.min = 5s (fallback to raft.server.rpc.timeout.min)
2023-09-08 11:16:28,911 [f2514b4c-a867-463f-8d84-f95d86e9803a-groupManagement] INFO  util.JmxRegister (JmxRegister.java:tryRegister(44)) - Successfully registered JMX Bean with object name Ratis:service=RaftServer,group=group-20C2EEB7DA89,id=f2514b4c-a867-463f-8d84-f95d86e9803a
2023-09-08 11:16:28,908 [a3bbae93-4dbd-48a8-b7ec-9de03e51f535-groupManagement] INFO  server.RaftServerConfigKeys (ConfUtils.java:logGet(46)) - raft.server.log.async-flush.enabled = false (default)
2023-09-08 11:16:28,921 [a3bbae93-4dbd-48a8-b7ec-9de03e51f535-groupManagement] INFO  server.RaftServerConfigKeys (ConfUtils.java:logGet(46)) - raft.server.log.statemachine.data.caching.enabled = true (custom)
2023-09-08 11:16:28,922 [a3bbae93-4dbd-48a8-b7ec-9de03e51f535-groupManagement] INFO  segmented.SegmentedRaftLogWorker (SegmentedRaftLogWorker.java:lambda$new$0(135)) - a3bbae93-4dbd-48a8-b7ec-9de03e51f535@group-20C2EEB7DA89-SegmentedRaftLogWorker: flushIndex: setUnconditionally 0 -> -1
2023-09-08 11:16:28,922 [a3bbae93-4dbd-48a8-b7ec-9de03e51f535-groupManagement] INFO  segmented.SegmentedRaftLogWorker (SegmentedRaftLogWorker.java:lambda$new$0(135)) - a3bbae93-4dbd-48a8-b7ec-9de03e51f535@group-20C2EEB7DA89-SegmentedRaftLogWorker: safeCacheEvictIndex: setUnconditionally 0 -> -1
2023-09-08 11:16:28,908 [89f84e8b-2e80-4453-8736-c86c7ce839d9@group-20C2EEB7DA89-FollowerState] INFO  server.RaftServerConfigKeys (ConfUtils.java:logFallback(53)) - raft.server.rpc.first-election.timeout.max = 5200ms (fallback to raft.server.rpc.timeout.max)
2023-09-08 11:16:28,922 [f2514b4c-a867-463f-8d84-f95d86e9803a@group-20C2EEB7DA89-FollowerState] INFO  server.RaftServerConfigKeys (ConfUtils.java:logFallback(53)) - raft.server.rpc.first-election.timeout.max = 5200ms (fallback to raft.server.rpc.timeout.max)
2023-09-08 11:16:28,921 [f2514b4c-a867-463f-8d84-f95d86e9803a-groupManagement] INFO  server.RaftServerConfigKeys (ConfUtils.java:logGet(46)) - raft.server.snapshot.auto.trigger.enabled = true (custom)
2023-09-08 11:16:28,922 [f2514b4c-a867-463f-8d84-f95d86e9803a-groupManagement] INFO  server.RaftServerConfigKeys (ConfUtils.java:logGet(46)) - raft.server.snapshot.auto.trigger.threshold = 10000 (custom)
2023-09-08 11:16:28,922 [f2514b4c-a867-463f-8d84-f95d86e9803a-groupManagement] INFO  server.RaftServerConfigKeys (ConfUtils.java:logGet(46)) - raft.server.snapshot.retention.file.num = 5 (custom)
2023-09-08 11:16:28,922 [f2514b4c-a867-463f-8d84-f95d86e9803a-groupManagement] INFO  server.RaftServerConfigKeys (ConfUtils.java:logGet(46)) - raft.server.log.purge.upto.snapshot.index = false (default)
2023-09-08 11:16:28,923 [a3bbae93-4dbd-48a8-b7ec-9de03e51f535-groupManagement] INFO  server.RaftServer$Division (RaftServerImpl.java:start(342)) - a3bbae93-4dbd-48a8-b7ec-9de03e51f535@group-20C2EEB7DA89: start as a follower, conf=-1: peers:[89f84e8b-2e80-4453-8736-c86c7ce839d9|rpc:10.1.0.72:15032|admin:10.1.0.72:15031|client:10.1.0.72:15030|dataStream:10.1.0.72:15033|priority:1|startupRole:FOLLOWER, a3bbae93-4dbd-48a8-b7ec-9de03e51f535|rpc:10.1.0.72:15023|admin:10.1.0.72:15022|client:10.1.0.72:15021|dataStream:10.1.0.72:15024|priority:0|startupRole:FOLLOWER, f2514b4c-a867-463f-8d84-f95d86e9803a|rpc:10.1.0.72:15014|admin:10.1.0.72:15013|client:10.1.0.72:15012|dataStream:10.1.0.72:15015|priority:0|startupRole:FOLLOWER]|listeners:[], old=null
2023-09-08 11:16:28,923 [a3bbae93-4dbd-48a8-b7ec-9de03e51f535-groupManagement] INFO  server.RaftServer$Division (RaftServerImpl.java:setRole(329)) - a3bbae93-4dbd-48a8-b7ec-9de03e51f535@group-20C2EEB7DA89: changes role from      null to FOLLOWER at term 0 for startAsFollower
2023-09-08 11:16:28,923 [a3bbae93-4dbd-48a8-b7ec-9de03e51f535-groupManagement] INFO  impl.RoleInfo (RoleInfo.java:updateAndGet(139)) - a3bbae93-4dbd-48a8-b7ec-9de03e51f535: start a3bbae93-4dbd-48a8-b7ec-9de03e51f535@group-20C2EEB7DA89-FollowerState
2023-09-08 11:16:28,924 [a3bbae93-4dbd-48a8-b7ec-9de03e51f535-groupManagement] INFO  util.JmxRegister (JmxRegister.java:tryRegister(44)) - Successfully registered JMX Bean with object name Ratis:service=RaftServer,group=group-20C2EEB7DA89,id=a3bbae93-4dbd-48a8-b7ec-9de03e51f535
2023-09-08 11:16:28,924 [a3bbae93-4dbd-48a8-b7ec-9de03e51f535-groupManagement] INFO  server.RaftServerConfigKeys (ConfUtils.java:logGet(46)) - raft.server.snapshot.auto.trigger.enabled = true (custom)
2023-09-08 11:16:28,924 [a3bbae93-4dbd-48a8-b7ec-9de03e51f535-groupManagement] INFO  server.RaftServerConfigKeys (ConfUtils.java:logGet(46)) - raft.server.snapshot.auto.trigger.threshold = 10000 (custom)
2023-09-08 11:16:28,924 [a3bbae93-4dbd-48a8-b7ec-9de03e51f535-groupManagement] INFO  server.RaftServerConfigKeys (ConfUtils.java:logGet(46)) - raft.server.snapshot.retention.file.num = 5 (custom)
2023-09-08 11:16:28,924 [a3bbae93-4dbd-48a8-b7ec-9de03e51f535-groupManagement] INFO  server.RaftServerConfigKeys (ConfUtils.java:logGet(46)) - raft.server.log.purge.upto.snapshot.index = false (default)
2023-09-08 11:16:28,926 [PipelineCommandHandlerThread-0] INFO  ratis.XceiverServerRatis (XceiverServerRatis.java:addGroup(804)) - Created group PipelineID=b5442b98-4191-44ba-8ddd-20c2eeb7da89
2023-09-08 11:16:28,929 [a3bbae93-4dbd-48a8-b7ec-9de03e51f535@group-20C2EEB7DA89-FollowerState] INFO  server.RaftServerConfigKeys (ConfUtils.java:logFallback(53)) - raft.server.rpc.first-election.timeout.min = 5s (fallback to raft.server.rpc.timeout.min)
2023-09-08 11:16:28,929 [a3bbae93-4dbd-48a8-b7ec-9de03e51f535@group-20C2EEB7DA89-FollowerState] INFO  server.RaftServerConfigKeys (ConfUtils.java:logFallback(53)) - raft.server.rpc.first-election.timeout.max = 5200ms (fallback to raft.server.rpc.timeout.max)
2023-09-08 11:16:28,935 [PipelineCommandHandlerThread-0] INFO  ratis.XceiverServerRatis (XceiverServerRatis.java:addGroup(804)) - Created group PipelineID=b5442b98-4191-44ba-8ddd-20c2eeb7da89
2023-09-08 11:16:29,107 [PipelineCommandHandlerThread-0] INFO  commandhandler.CreatePipelineCommandHandler (CreatePipelineCommandHandler.java:lambda$handle$2(124)) - Created Pipeline RATIS THREE PipelineID=b5442b98-4191-44ba-8ddd-20c2eeb7da89.
2023-09-08 11:16:29,108 [PipelineCommandHandlerThread-0] INFO  commandhandler.CreatePipelineCommandHandler (CreatePipelineCommandHandler.java:lambda$handle$2(124)) - Created Pipeline RATIS THREE PipelineID=b5442b98-4191-44ba-8ddd-20c2eeb7da89.
2023-09-08 11:16:29,115 [PipelineCommandHandlerThread-0] INFO  commandhandler.CreatePipelineCommandHandler (CreatePipelineCommandHandler.java:lambda$handle$2(124)) - Created Pipeline RATIS THREE PipelineID=b5442b98-4191-44ba-8ddd-20c2eeb7da89.
2023-09-08 11:16:29,132 [PipelineCommandHandlerThread-0] INFO  server.RaftServer (RaftServerProxy.java:addNew(98)) - 2dfd442c-a1c3-4c12-a15b-8aed08a5dec6: addNew group-1F90F7E40752:[2dfd442c-a1c3-4c12-a15b-8aed08a5dec6|rpc:10.1.0.72:15050|admin:10.1.0.72:15049|client:10.1.0.72:15048|dataStream:10.1.0.72:15051|priority:1|startupRole:FOLLOWER] returns group-1F90F7E40752:java.util.concurrent.CompletableFuture@4f6aabb6[Not completed]
2023-09-08 11:16:29,136 [2dfd442c-a1c3-4c12-a15b-8aed08a5dec6-groupManagement] INFO  server.RaftServer$Division (RaftServerImpl.java:<init>(198)) - 2dfd442c-a1c3-4c12-a15b-8aed08a5dec6: new RaftServerImpl for group-1F90F7E40752:[2dfd442c-a1c3-4c12-a15b-8aed08a5dec6|rpc:10.1.0.72:15050|admin:10.1.0.72:15049|client:10.1.0.72:15048|dataStream:10.1.0.72:15051|priority:1|startupRole:FOLLOWER] with ContainerStateMachine:uninitialized
2023-09-08 11:16:29,136 [2dfd442c-a1c3-4c12-a15b-8aed08a5dec6-groupManagement] INFO  server.RaftServerConfigKeys (ConfUtils.java:logGet(46)) - raft.server.rpc.timeout.min = 5s (custom)
2023-09-08 11:16:29,136 [2dfd442c-a1c3-4c12-a15b-8aed08a5dec6-groupManagement] INFO  server.RaftServerConfigKeys (ConfUtils.java:logGet(46)) - raft.server.rpc.timeout.max = 5200ms (custom)
2023-09-08 11:16:29,136 [2dfd442c-a1c3-4c12-a15b-8aed08a5dec6-groupManagement] INFO  server.RaftServerConfigKeys (ConfUtils.java:logGet(46)) - raft.server.rpc.sleep.time = 25ms (default)
2023-09-08 11:16:29,136 [2dfd442c-a1c3-4c12-a15b-8aed08a5dec6-groupManagement] INFO  server.RaftServerConfigKeys (ConfUtils.java:logGet(46)) - raft.server.rpc.slowness.timeout = 300s (custom)
2023-09-08 11:16:29,136 [2dfd442c-a1c3-4c12-a15b-8aed08a5dec6-groupManagement] INFO  server.RaftServerConfigKeys (ConfUtils.java:logGet(46)) - raft.server.leaderelection.leader.step-down.wait-time = 10s (default)
2023-09-08 11:16:29,136 [2dfd442c-a1c3-4c12-a15b-8aed08a5dec6-groupManagement] INFO  server.RaftServerConfigKeys (ConfUtils.java:logGet(46)) - raft.server.sleep.deviation.threshold = 300ms (default)
2023-09-08 11:16:29,144 [2dfd442c-a1c3-4c12-a15b-8aed08a5dec6-groupManagement] INFO  server.RaftServer$Division (ServerState.java:<init>(120)) - 2dfd442c-a1c3-4c12-a15b-8aed08a5dec6@group-1F90F7E40752: ConfigurationManager, init=-1: peers:[2dfd442c-a1c3-4c12-a15b-8aed08a5dec6|rpc:10.1.0.72:15050|admin:10.1.0.72:15049|client:10.1.0.72:15048|dataStream:10.1.0.72:15051|priority:1|startupRole:FOLLOWER]|listeners:[], old=null, confs=<EMPTY_MAP>
2023-09-08 11:16:29,144 [2dfd442c-a1c3-4c12-a15b-8aed08a5dec6-groupManagement] INFO  server.RaftServerConfigKeys (ConfUtils.java:logGet(46)) - raft.server.storage.dir = [/home/runner/work/ozone/ozone/hadoop-ozone/integration-test/target/test-dir/MiniOzoneClusterImpl-4b7384aa-5f33-426b-b021-b584800a716a/datanode-4/data/ratis] (custom)
2023-09-08 11:16:29,145 [2dfd442c-a1c3-4c12-a15b-8aed08a5dec6-groupManagement] INFO  server.RaftServerConfigKeys (ConfUtils.java:logGet(46)) - raft.server.log.corruption.policy = EXCEPTION (default)
2023-09-08 11:16:29,145 [2dfd442c-a1c3-4c12-a15b-8aed08a5dec6-groupManagement] INFO  server.RaftServerConfigKeys (ConfUtils.java:logGet(46)) - raft.server.storage.free-space.min = 0MB (=0) (default)
2023-09-08 11:16:29,145 [2dfd442c-a1c3-4c12-a15b-8aed08a5dec6-groupManagement] INFO  server.RaftServerConfigKeys (ConfUtils.java:logGet(46)) - raft.server.notification.no-leader.timeout = 300s (custom)
2023-09-08 11:16:29,145 [2dfd442c-a1c3-4c12-a15b-8aed08a5dec6-groupManagement] INFO  server.RaftServerConfigKeys (ConfUtils.java:logGet(46)) - raft.server.read.timeout = 10s (default)
2023-09-08 11:16:29,145 [2dfd442c-a1c3-4c12-a15b-8aed08a5dec6-groupManagement] INFO  server.RaftServerConfigKeys (ConfUtils.java:logGet(46)) - raft.server.retrycache.expirytime = 600000ms (custom)
2023-09-08 11:16:29,145 [2dfd442c-a1c3-4c12-a15b-8aed08a5dec6-groupManagement] INFO  server.RaftServerConfigKeys (ConfUtils.java:logGet(46)) - raft.server.retrycache.statistics.expirytime = 100μs (default)
2023-09-08 11:16:29,145 [2dfd442c-a1c3-4c12-a15b-8aed08a5dec6-groupManagement] INFO  server.RaftServerConfigKeys (ConfUtils.java:logGet(46)) - raft.server.read.option = DEFAULT (default)
2023-09-08 11:16:29,150 [2dfd442c-a1c3-4c12-a15b-8aed08a5dec6-groupManagement] INFO  server.RaftServerConfigKeys (ConfUtils.java:logGet(46)) - raft.server.rpc.request.timeout = 60s (custom)
2023-09-08 11:16:29,150 [2dfd442c-a1c3-4c12-a15b-8aed08a5dec6-groupManagement] INFO  server.RaftServerConfigKeys (ConfUtils.java:logGet(46)) - raft.server.log.appender.install.snapshot.enabled = false (custom)
2023-09-08 11:16:29,150 [2dfd442c-a1c3-4c12-a15b-8aed08a5dec6-groupManagement] INFO  server.RaftServerConfigKeys (ConfUtils.java:logGet(46)) - raft.server.threadpool.server.cached = true (default)
2023-09-08 11:16:29,150 [2dfd442c-a1c3-4c12-a15b-8aed08a5dec6-groupManagement] INFO  server.RaftServerConfigKeys (ConfUtils.java:logGet(46)) - raft.server.threadpool.server.size = 0 (default)
2023-09-08 11:16:29,150 [2dfd442c-a1c3-4c12-a15b-8aed08a5dec6-groupManagement] INFO  server.RaftServerConfigKeys (ConfUtils.java:logGet(46)) - raft.server.threadpool.client.cached = true (default)
2023-09-08 11:16:29,150 [2dfd442c-a1c3-4c12-a15b-8aed08a5dec6-groupManagement] INFO  server.RaftServerConfigKeys (ConfUtils.java:logGet(46)) - raft.server.threadpool.client.size = 0 (default)
2023-09-08 11:16:29,150 [2dfd442c-a1c3-4c12-a15b-8aed08a5dec6-groupManagement] INFO  storage.RaftStorageDirectory (RaftStorageDirectoryImpl.java:analyzeStorage(137)) - The storage directory /home/runner/work/ozone/ozone/hadoop-ozone/integration-test/target/test-dir/MiniOzoneClusterImpl-4b7384aa-5f33-426b-b021-b584800a716a/datanode-4/data/ratis/bfb1ca3b-128b-41db-8775-1f90f7e40752 does not exist. Creating ...
2023-09-08 11:16:29,152 [2dfd442c-a1c3-4c12-a15b-8aed08a5dec6-groupManagement] INFO  storage.RaftStorageDirectory (RaftStorageDirectoryImpl.java:tryLock(231)) - Lock on /home/runner/work/ozone/ozone/hadoop-ozone/integration-test/target/test-dir/MiniOzoneClusterImpl-4b7384aa-5f33-426b-b021-b584800a716a/datanode-4/data/ratis/bfb1ca3b-128b-41db-8775-1f90f7e40752/in_use.lock acquired by nodename 7549@fv-az203-160
2023-09-08 11:16:29,153 [2dfd442c-a1c3-4c12-a15b-8aed08a5dec6-groupManagement] INFO  storage.RaftStorage (RaftStorageImpl.java:format(96)) - Storage directory /home/runner/work/ozone/ozone/hadoop-ozone/integration-test/target/test-dir/MiniOzoneClusterImpl-4b7384aa-5f33-426b-b021-b584800a716a/datanode-4/data/ratis/bfb1ca3b-128b-41db-8775-1f90f7e40752 has been successfully formatted.
2023-09-08 11:16:29,155 [2dfd442c-a1c3-4c12-a15b-8aed08a5dec6-groupManagement] INFO  ratis.ContainerStateMachine (ContainerStateMachine.java:loadSnapshot(262)) - group-1F90F7E40752: The snapshot info is null. Setting the last applied indexto:(t:0, i:~)
2023-09-08 11:16:29,155 [2dfd442c-a1c3-4c12-a15b-8aed08a5dec6-groupManagement] INFO  server.RaftServerConfigKeys (ConfUtils.java:logGet(46)) - raft.server.log.use.memory = false (default)
2023-09-08 11:16:29,155 [2dfd442c-a1c3-4c12-a15b-8aed08a5dec6-groupManagement] INFO  server.RaftServerConfigKeys (ConfUtils.java:logGet(46)) - raft.server.log.purge.gap = 1000000 (custom)
2023-09-08 11:16:29,155 [2dfd442c-a1c3-4c12-a15b-8aed08a5dec6-groupManagement] INFO  server.RaftServerConfigKeys (ConfUtils.java:logGet(46)) - raft.server.log.appender.buffer.byte-limit = 33554432 (custom)
2023-09-08 11:16:29,155 [2dfd442c-a1c3-4c12-a15b-8aed08a5dec6-groupManagement] INFO  server.RaftServerConfigKeys (ConfUtils.java:logGet(46)) - raft.server.log.statemachine.data.read.timeout = 1000ms (default)
2023-09-08 11:16:29,155 [2dfd442c-a1c3-4c12-a15b-8aed08a5dec6-groupManagement] INFO  server.RaftServerConfigKeys (ConfUtils.java:logGet(46)) - raft.server.log.purge.preservation.log.num = 0 (default)
2023-09-08 11:16:29,161 [EventQueue-PipelineReportForPipelineReportHandler] INFO  pipeline.PipelineReportHandler (PipelineReportHandler.java:processPipelineReport(136)) - Opened pipeline PipelineID=bfb1ca3b-128b-41db-8775-1f90f7e40752
2023-09-08 11:16:29,161 [EventQueue-OpenPipelineForHealthyPipelineSafeModeRule] INFO  safemode.SCMSafeModeManager (HealthyPipelineSafeModeRule.java:process(137)) - SCM in safe mode. Healthy pipelines reported count is 0, required healthy pipeline reported count is 1
2023-09-08 11:16:29,163 [2dfd442c-a1c3-4c12-a15b-8aed08a5dec6-groupManagement] INFO  server.RaftServerConfigKeys (ConfUtils.java:logGet(46)) - raft.server.log.segment.size.max = 1048576 (custom)
2023-09-08 11:16:29,163 [2dfd442c-a1c3-4c12-a15b-8aed08a5dec6-groupManagement] INFO  server.RaftServerConfigKeys (ConfUtils.java:logGet(46)) - raft.server.log.segment.cache.num.max = 2 (custom)
2023-09-08 11:16:29,164 [2dfd442c-a1c3-4c12-a15b-8aed08a5dec6-groupManagement] INFO  server.RaftServerConfigKeys (ConfUtils.java:logGet(46)) - raft.server.log.segment.cache.size.max = 200MB (=209715200) (default)
2023-09-08 11:16:29,164 [2dfd442c-a1c3-4c12-a15b-8aed08a5dec6-groupManagement] INFO  server.RaftServerConfigKeys (ConfUtils.java:logGet(46)) - raft.server.log.appender.buffer.byte-limit = 33554432 (custom)
2023-09-08 11:16:29,164 [2dfd442c-a1c3-4c12-a15b-8aed08a5dec6-groupManagement] INFO  segmented.SegmentedRaftLogWorker (SegmentedRaftLogWorker.java:<init>(188)) - new 2dfd442c-a1c3-4c12-a15b-8aed08a5dec6@group-1F90F7E40752-SegmentedRaftLogWorker for RaftStorageImpl:Storage Directory /home/runner/work/ozone/ozone/hadoop-ozone/integration-test/target/test-dir/MiniOzoneClusterImpl-4b7384aa-5f33-426b-b021-b584800a716a/datanode-4/data/ratis/bfb1ca3b-128b-41db-8775-1f90f7e40752
2023-09-08 11:16:29,164 [2dfd442c-a1c3-4c12-a15b-8aed08a5dec6-groupManagement] INFO  server.RaftServerConfigKeys (ConfUtils.java:logGet(46)) - raft.server.log.queue.byte-limit = 4294967296 (custom)
2023-09-08 11:16:29,164 [2dfd442c-a1c3-4c12-a15b-8aed08a5dec6-groupManagement] INFO  server.RaftServerConfigKeys (ConfUtils.java:logGet(46)) - raft.server.log.queue.element-limit = 1024 (custom)
2023-09-08 11:16:29,164 [2dfd442c-a1c3-4c12-a15b-8aed08a5dec6-groupManagement] INFO  server.RaftServerConfigKeys (ConfUtils.java:logGet(46)) - raft.server.log.segment.size.max = 1048576 (custom)
2023-09-08 11:16:29,164 [2dfd442c-a1c3-4c12-a15b-8aed08a5dec6-groupManagement] INFO  server.RaftServerConfigKeys (ConfUtils.java:logGet(46)) - raft.server.log.preallocated.size = 16384 (custom)
2023-09-08 11:16:29,164 [2dfd442c-a1c3-4c12-a15b-8aed08a5dec6-groupManagement] INFO  server.RaftServerConfigKeys (ConfUtils.java:logGet(46)) - raft.server.log.force.sync.num = 128 (default)
2023-09-08 11:16:29,164 [2dfd442c-a1c3-4c12-a15b-8aed08a5dec6-groupManagement] INFO  server.RaftServerConfigKeys (ConfUtils.java:logGet(46)) - raft.server.log.statemachine.data.sync = true (default)
2023-09-08 11:16:29,164 [2dfd442c-a1c3-4c12-a15b-8aed08a5dec6-groupManagement] INFO  server.RaftServerConfigKeys (ConfUtils.java:logGet(46)) - raft.server.log.statemachine.data.sync.timeout = 10s (default)
2023-09-08 11:16:29,164 [2dfd442c-a1c3-4c12-a15b-8aed08a5dec6-groupManagement] INFO  server.RaftServerConfigKeys (ConfUtils.java:logGet(46)) - raft.server.log.statemachine.data.sync.timeout.retry = -1 (default)
2023-09-08 11:16:29,165 [2dfd442c-a1c3-4c12-a15b-8aed08a5dec6-groupManagement] INFO  server.RaftServerConfigKeys (ConfUtils.java:logGet(46)) - raft.server.log.write.buffer.size = 1048576 (custom)
2023-09-08 11:16:29,166 [2dfd442c-a1c3-4c12-a15b-8aed08a5dec6-groupManagement] INFO  server.RaftServerConfigKeys (ConfUtils.java:logGet(46)) - raft.server.log.appender.buffer.byte-limit = 33554432 (custom)
2023-09-08 11:16:29,171 [2dfd442c-a1c3-4c12-a15b-8aed08a5dec6-groupManagement] INFO  server.RaftServerConfigKeys (ConfUtils.java:logGet(46)) - raft.server.log.unsafe-flush.enabled = false (default)
2023-09-08 11:16:29,172 [2dfd442c-a1c3-4c12-a15b-8aed08a5dec6-groupManagement] INFO  server.RaftServerConfigKeys (ConfUtils.java:logGet(46)) - raft.server.log.async-flush.enabled = false (default)
2023-09-08 11:16:29,172 [2dfd442c-a1c3-4c12-a15b-8aed08a5dec6-groupManagement] INFO  server.RaftServerConfigKeys (ConfUtils.java:logGet(46)) - raft.server.log.statemachine.data.caching.enabled = true (custom)
2023-09-08 11:16:29,172 [2dfd442c-a1c3-4c12-a15b-8aed08a5dec6-groupManagement] INFO  segmented.SegmentedRaftLogWorker (SegmentedRaftLogWorker.java:lambda$new$0(135)) - 2dfd442c-a1c3-4c12-a15b-8aed08a5dec6@group-1F90F7E40752-SegmentedRaftLogWorker: flushIndex: setUnconditionally 0 -> -1
2023-09-08 11:16:29,172 [2dfd442c-a1c3-4c12-a15b-8aed08a5dec6-groupManagement] INFO  segmented.SegmentedRaftLogWorker (SegmentedRaftLogWorker.java:lambda$new$0(135)) - 2dfd442c-a1c3-4c12-a15b-8aed08a5dec6@group-1F90F7E40752-SegmentedRaftLogWorker: safeCacheEvictIndex: setUnconditionally 0 -> -1
2023-09-08 11:16:29,175 [2dfd442c-a1c3-4c12-a15b-8aed08a5dec6-groupManagement] INFO  server.RaftServer$Division (RaftServerImpl.java:start(342)) - 2dfd442c-a1c3-4c12-a15b-8aed08a5dec6@group-1F90F7E40752: start as a follower, conf=-1: peers:[2dfd442c-a1c3-4c12-a15b-8aed08a5dec6|rpc:10.1.0.72:15050|admin:10.1.0.72:15049|client:10.1.0.72:15048|dataStream:10.1.0.72:15051|priority:1|startupRole:FOLLOWER]|listeners:[], old=null
2023-09-08 11:16:29,175 [2dfd442c-a1c3-4c12-a15b-8aed08a5dec6-groupManagement] INFO  server.RaftServer$Division (RaftServerImpl.java:setRole(329)) - 2dfd442c-a1c3-4c12-a15b-8aed08a5dec6@group-1F90F7E40752: changes role from      null to FOLLOWER at term 0 for startAsFollower
2023-09-08 11:16:29,175 [2dfd442c-a1c3-4c12-a15b-8aed08a5dec6-groupManagement] INFO  impl.RoleInfo (RoleInfo.java:updateAndGet(139)) - 2dfd442c-a1c3-4c12-a15b-8aed08a5dec6: start 2dfd442c-a1c3-4c12-a15b-8aed08a5dec6@group-1F90F7E40752-FollowerState
2023-09-08 11:16:29,175 [2dfd442c-a1c3-4c12-a15b-8aed08a5dec6-groupManagement] INFO  util.JmxRegister (JmxRegister.java:tryRegister(44)) - Successfully registered JMX Bean with object name Ratis:service=RaftServer,group=group-1F90F7E40752,id=2dfd442c-a1c3-4c12-a15b-8aed08a5dec6
2023-09-08 11:16:29,175 [2dfd442c-a1c3-4c12-a15b-8aed08a5dec6-groupManagement] INFO  server.RaftServerConfigKeys (ConfUtils.java:logGet(46)) - raft.server.snapshot.auto.trigger.enabled = true (custom)
2023-09-08 11:16:29,175 [2dfd442c-a1c3-4c12-a15b-8aed08a5dec6-groupManagement] INFO  server.RaftServerConfigKeys (ConfUtils.java:logGet(46)) - raft.server.snapshot.auto.trigger.threshold = 10000 (custom)
2023-09-08 11:16:29,175 [2dfd442c-a1c3-4c12-a15b-8aed08a5dec6-groupManagement] INFO  server.RaftServerConfigKeys (ConfUtils.java:logGet(46)) - raft.server.snapshot.retention.file.num = 5 (custom)
2023-09-08 11:16:29,175 [2dfd442c-a1c3-4c12-a15b-8aed08a5dec6-groupManagement] INFO  server.RaftServerConfigKeys (ConfUtils.java:logGet(46)) - raft.server.log.purge.upto.snapshot.index = false (default)
2023-09-08 11:16:29,176 [2dfd442c-a1c3-4c12-a15b-8aed08a5dec6@group-1F90F7E40752-FollowerState] INFO  server.RaftServerConfigKeys (ConfUtils.java:logFallback(53)) - raft.server.rpc.first-election.timeout.min = 5s (fallback to raft.server.rpc.timeout.min)
2023-09-08 11:16:29,177 [2dfd442c-a1c3-4c12-a15b-8aed08a5dec6@group-1F90F7E40752-FollowerState] INFO  server.RaftServerConfigKeys (ConfUtils.java:logFallback(53)) - raft.server.rpc.first-election.timeout.max = 5200ms (fallback to raft.server.rpc.timeout.max)
2023-09-08 11:16:29,177 [PipelineCommandHandlerThread-0] INFO  ratis.XceiverServerRatis (XceiverServerRatis.java:addGroup(804)) - Created group PipelineID=bfb1ca3b-128b-41db-8775-1f90f7e40752
2023-09-08 11:16:29,177 [PipelineCommandHandlerThread-0] INFO  commandhandler.CreatePipelineCommandHandler (CreatePipelineCommandHandler.java:lambda$handle$2(124)) - Created Pipeline RATIS ONE PipelineID=bfb1ca3b-128b-41db-8775-1f90f7e40752.
2023-09-08 11:16:29,417 [main] INFO  ozone.MiniOzoneClusterImpl (MiniOzoneClusterImpl.java:lambda$waitForClusterToBeReady$0(224)) - Nodes are ready. Got 5 of 5 DN Heartbeats.
2023-09-08 11:16:29,418 [main] INFO  ozone.MiniOzoneClusterImpl (MiniOzoneClusterImpl.java:lambda$waitForClusterToBeReady$0(227)) - Waiting for cluster to exit safe mode
2023-09-08 11:16:29,418 [main] INFO  ozone.MiniOzoneClusterImpl (MiniOzoneClusterImpl.java:lambda$waitForClusterToBeReady$0(229)) - SCM became leader
2023-09-08 11:16:30,418 [main] INFO  ozone.MiniOzoneClusterImpl (MiniOzoneClusterImpl.java:lambda$waitForClusterToBeReady$0(224)) - Nodes are ready. Got 5 of 5 DN Heartbeats.
2023-09-08 11:16:30,418 [main] INFO  ozone.MiniOzoneClusterImpl (MiniOzoneClusterImpl.java:lambda$waitForClusterToBeReady$0(227)) - Waiting for cluster to exit safe mode
2023-09-08 11:16:30,418 [main] INFO  ozone.MiniOzoneClusterImpl (MiniOzoneClusterImpl.java:lambda$waitForClusterToBeReady$0(229)) - SCM became leader
2023-09-08 11:16:31,419 [main] INFO  ozone.MiniOzoneClusterImpl (MiniOzoneClusterImpl.java:lambda$waitForClusterToBeReady$0(224)) - Nodes are ready. Got 5 of 5 DN Heartbeats.
2023-09-08 11:16:31,419 [main] INFO  ozone.MiniOzoneClusterImpl (MiniOzoneClusterImpl.java:lambda$waitForClusterToBeReady$0(227)) - Waiting for cluster to exit safe mode
2023-09-08 11:16:31,419 [main] INFO  ozone.MiniOzoneClusterImpl (MiniOzoneClusterImpl.java:lambda$waitForClusterToBeReady$0(229)) - SCM became leader
2023-09-08 11:16:32,419 [main] INFO  ozone.MiniOzoneClusterImpl (MiniOzoneClusterImpl.java:lambda$waitForClusterToBeReady$0(224)) - Nodes are ready. Got 5 of 5 DN Heartbeats.
2023-09-08 11:16:32,420 [main] INFO  ozone.MiniOzoneClusterImpl (MiniOzoneClusterImpl.java:lambda$waitForClusterToBeReady$0(227)) - Waiting for cluster to exit safe mode
2023-09-08 11:16:32,420 [main] INFO  ozone.MiniOzoneClusterImpl (MiniOzoneClusterImpl.java:lambda$waitForClusterToBeReady$0(229)) - SCM became leader
2023-09-08 11:16:32,642 [f2514b4c-a867-463f-8d84-f95d86e9803a@group-628FFE3070B6-FollowerState] INFO  impl.FollowerState (FollowerState.java:run(143)) - f2514b4c-a867-463f-8d84-f95d86e9803a@group-628FFE3070B6-FollowerState: change to CANDIDATE, lastRpcElapsedTime:5018407942ns, electionTimeout:5013ms
2023-09-08 11:16:32,643 [f2514b4c-a867-463f-8d84-f95d86e9803a@group-628FFE3070B6-FollowerState] INFO  impl.RoleInfo (RoleInfo.java:shutdownFollowerState(110)) - f2514b4c-a867-463f-8d84-f95d86e9803a: shutdown f2514b4c-a867-463f-8d84-f95d86e9803a@group-628FFE3070B6-FollowerState
2023-09-08 11:16:32,643 [f2514b4c-a867-463f-8d84-f95d86e9803a@group-628FFE3070B6-FollowerState] INFO  server.RaftServer$Division (RaftServerImpl.java:setRole(329)) - f2514b4c-a867-463f-8d84-f95d86e9803a@group-628FFE3070B6: changes role from  FOLLOWER to CANDIDATE at term 0 for changeToCandidate
2023-09-08 11:16:32,642 [f2514b4c-a867-463f-8d84-f95d86e9803a@group-0850443CA208-FollowerState] INFO  impl.FollowerState (FollowerState.java:run(143)) - f2514b4c-a867-463f-8d84-f95d86e9803a@group-0850443CA208-FollowerState: change to CANDIDATE, lastRpcElapsedTime:5060160716ns, electionTimeout:5058ms
2023-09-08 11:16:32,644 [f2514b4c-a867-463f-8d84-f95d86e9803a@group-628FFE3070B6-FollowerState] INFO  server.RaftServerConfigKeys (ConfUtils.java:logGet(46)) - raft.server.leaderelection.pre-vote = true (default)
2023-09-08 11:16:32,644 [f2514b4c-a867-463f-8d84-f95d86e9803a@group-628FFE3070B6-FollowerState] INFO  impl.RoleInfo (RoleInfo.java:updateAndGet(139)) - f2514b4c-a867-463f-8d84-f95d86e9803a: start f2514b4c-a867-463f-8d84-f95d86e9803a@group-628FFE3070B6-LeaderElection2
2023-09-08 11:16:32,644 [f2514b4c-a867-463f-8d84-f95d86e9803a@group-0850443CA208-FollowerState] INFO  impl.RoleInfo (RoleInfo.java:shutdownFollowerState(110)) - f2514b4c-a867-463f-8d84-f95d86e9803a: shutdown f2514b4c-a867-463f-8d84-f95d86e9803a@group-0850443CA208-FollowerState
2023-09-08 11:16:32,644 [f2514b4c-a867-463f-8d84-f95d86e9803a@group-0850443CA208-FollowerState] INFO  server.RaftServer$Division (RaftServerImpl.java:setRole(329)) - f2514b4c-a867-463f-8d84-f95d86e9803a@group-0850443CA208: changes role from  FOLLOWER to CANDIDATE at term 0 for changeToCandidate
2023-09-08 11:16:32,649 [f2514b4c-a867-463f-8d84-f95d86e9803a@group-0850443CA208-FollowerState] INFO  server.RaftServerConfigKeys (ConfUtils.java:logGet(46)) - raft.server.leaderelection.pre-vote = true (default)
2023-09-08 11:16:32,649 [f2514b4c-a867-463f-8d84-f95d86e9803a@group-0850443CA208-FollowerState] INFO  impl.RoleInfo (RoleInfo.java:updateAndGet(139)) - f2514b4c-a867-463f-8d84-f95d86e9803a: start f2514b4c-a867-463f-8d84-f95d86e9803a@group-0850443CA208-LeaderElection3
2023-09-08 11:16:32,657 [f2514b4c-a867-463f-8d84-f95d86e9803a@group-0850443CA208-LeaderElection3] INFO  impl.LeaderElection (LeaderElection.java:askForVotes(321)) - f2514b4c-a867-463f-8d84-f95d86e9803a@group-0850443CA208-LeaderElection3 PRE_VOTE round 0: submit vote requests at term 0 for -1: peers:[f2514b4c-a867-463f-8d84-f95d86e9803a|rpc:10.1.0.72:15014|admin:10.1.0.72:15013|client:10.1.0.72:15012|dataStream:10.1.0.72:15015|priority:1|startupRole:FOLLOWER]|listeners:[], old=null
2023-09-08 11:16:32,657 [f2514b4c-a867-463f-8d84-f95d86e9803a@group-0850443CA208-LeaderElection3] INFO  impl.LeaderElection (LeaderElection.java:askForVotes(323)) - f2514b4c-a867-463f-8d84-f95d86e9803a@group-0850443CA208-LeaderElection3 PRE_VOTE round 0: result PASSED (term=0)
2023-09-08 11:16:32,657 [f2514b4c-a867-463f-8d84-f95d86e9803a@group-628FFE3070B6-LeaderElection2] INFO  impl.LeaderElection (LeaderElection.java:askForVotes(321)) - f2514b4c-a867-463f-8d84-f95d86e9803a@group-628FFE3070B6-LeaderElection2 PRE_VOTE round 0: submit vote requests at term 0 for -1: peers:[89f84e8b-2e80-4453-8736-c86c7ce839d9|rpc:10.1.0.72:15032|admin:10.1.0.72:15031|client:10.1.0.72:15030|dataStream:10.1.0.72:15033|priority:0|startupRole:FOLLOWER, a3bbae93-4dbd-48a8-b7ec-9de03e51f535|rpc:10.1.0.72:15023|admin:10.1.0.72:15022|client:10.1.0.72:15021|dataStream:10.1.0.72:15024|priority:1|startupRole:FOLLOWER, f2514b4c-a867-463f-8d84-f95d86e9803a|rpc:10.1.0.72:15014|admin:10.1.0.72:15013|client:10.1.0.72:15012|dataStream:10.1.0.72:15015|priority:0|startupRole:FOLLOWER]|listeners:[], old=null
2023-09-08 11:16:32,659 [f2514b4c-a867-463f-8d84-f95d86e9803a@group-0850443CA208-LeaderElection3] INFO  impl.LeaderElection (LeaderElection.java:askForVotes(321)) - f2514b4c-a867-463f-8d84-f95d86e9803a@group-0850443CA208-LeaderElection3 ELECTION round 0: submit vote requests at term 1 for -1: peers:[f2514b4c-a867-463f-8d84-f95d86e9803a|rpc:10.1.0.72:15014|admin:10.1.0.72:15013|client:10.1.0.72:15012|dataStream:10.1.0.72:15015|priority:1|startupRole:FOLLOWER]|listeners:[], old=null
2023-09-08 11:16:32,660 [f2514b4c-a867-463f-8d84-f95d86e9803a@group-0850443CA208-LeaderElection3] INFO  impl.LeaderElection (LeaderElection.java:askForVotes(323)) - f2514b4c-a867-463f-8d84-f95d86e9803a@group-0850443CA208-LeaderElection3 ELECTION round 0: result PASSED (term=1)
2023-09-08 11:16:32,660 [f2514b4c-a867-463f-8d84-f95d86e9803a@group-0850443CA208-LeaderElection3] INFO  impl.RoleInfo (RoleInfo.java:shutdownLeaderElection(130)) - f2514b4c-a867-463f-8d84-f95d86e9803a: shutdown f2514b4c-a867-463f-8d84-f95d86e9803a@group-0850443CA208-LeaderElection3
2023-09-08 11:16:32,660 [f2514b4c-a867-463f-8d84-f95d86e9803a@group-0850443CA208-LeaderElection3] INFO  server.RaftServer$Division (RaftServerImpl.java:setRole(329)) - f2514b4c-a867-463f-8d84-f95d86e9803a@group-0850443CA208: changes role from CANDIDATE to LEADER at term 1 for changeToLeader
2023-09-08 11:16:32,660 [f2514b4c-a867-463f-8d84-f95d86e9803a@group-0850443CA208-LeaderElection3] INFO  ratis.XceiverServerRatis (XceiverServerRatis.java:handleLeaderChangedNotification(902)) - Leader change notification received for group: group-0850443CA208 with new leaderId: f2514b4c-a867-463f-8d84-f95d86e9803a
2023-09-08 11:16:32,660 [f2514b4c-a867-463f-8d84-f95d86e9803a@group-0850443CA208-LeaderElection3] INFO  server.RaftServer$Division (ServerState.java:setLeader(317)) - f2514b4c-a867-463f-8d84-f95d86e9803a@group-0850443CA208: change Leader from null to f2514b4c-a867-463f-8d84-f95d86e9803a at term 1 for becomeLeader, leader elected after 5139ms
2023-09-08 11:16:32,660 [f2514b4c-a867-463f-8d84-f95d86e9803a@group-0850443CA208-LeaderElection3] INFO  server.RaftServerConfigKeys (ConfUtils.java:logGet(46)) - raft.server.staging.catchup.gap = 1000 (default)
2023-09-08 11:16:32,662 [EventQueue-OpenPipelineForHealthyPipelineSafeModeRule] INFO  safemode.SCMSafeModeManager (HealthyPipelineSafeModeRule.java:process(137)) - SCM in safe mode. Healthy pipelines reported count is 0, required healthy pipeline reported count is 1
2023-09-08 11:16:32,666 [f2514b4c-a867-463f-8d84-f95d86e9803a@group-0850443CA208-LeaderElection3] INFO  server.RaftServerConfigKeys (ConfUtils.java:logGet(46)) - raft.server.write.element-limit = 1024 (custom)
2023-09-08 11:16:32,666 [f2514b4c-a867-463f-8d84-f95d86e9803a@group-0850443CA208-LeaderElection3] INFO  server.RaftServerConfigKeys (ConfUtils.java:logGet(46)) - raft.server.write.byte-limit = 1024 M (=1073741824) (custom)
2023-09-08 11:16:32,667 [f2514b4c-a867-463f-8d84-f95d86e9803a@group-0850443CA208-LeaderElection3] INFO  server.RaftServerConfigKeys (ConfUtils.java:logGet(46)) - raft.server.watch.timeout = 180s (custom)
2023-09-08 11:16:32,667 [f2514b4c-a867-463f-8d84-f95d86e9803a@group-0850443CA208-LeaderElection3] INFO  server.RaftServerConfigKeys (ConfUtils.java:logGet(46)) - raft.server.watch.timeout.denomination = 1s (default)
2023-09-08 11:16:32,667 [f2514b4c-a867-463f-8d84-f95d86e9803a@group-0850443CA208-LeaderElection3] INFO  server.RaftServerConfigKeys (ConfUtils.java:logGet(46)) - raft.server.watch.element-limit = 65536 (default)
2023-09-08 11:16:32,667 [f2514b4c-a867-463f-8d84-f95d86e9803a@group-0850443CA208-LeaderElection3] INFO  server.RaftServerConfigKeys (ConfUtils.java:logGet(46)) - raft.server.write.element-limit = 1024 (custom)
2023-09-08 11:16:32,667 [f2514b4c-a867-463f-8d84-f95d86e9803a@group-0850443CA208-LeaderElection3] INFO  server.RaftServerConfigKeys (ConfUtils.java:logGet(46)) - raft.server.write.follower.gap.ratio.max = -1.0 (default)
2023-09-08 11:16:32,667 [f2514b4c-a867-463f-8d84-f95d86e9803a@group-0850443CA208-LeaderElection3] INFO  impl.RoleInfo (RoleInfo.java:updateAndGet(139)) - f2514b4c-a867-463f-8d84-f95d86e9803a: start f2514b4c-a867-463f-8d84-f95d86e9803a@group-0850443CA208-LeaderStateImpl
2023-09-08 11:16:32,667 [f2514b4c-a867-463f-8d84-f95d86e9803a@group-0850443CA208-LeaderElection3] INFO  segmented.SegmentedRaftLogWorker (SegmentedRaftLogWorker.java:startLogSegment(447)) - f2514b4c-a867-463f-8d84-f95d86e9803a@group-0850443CA208-SegmentedRaftLogWorker: Starting segment from index:0
2023-09-08 11:16:32,670 [f2514b4c-a867-463f-8d84-f95d86e9803a@group-0850443CA208-SegmentedRaftLogWorker] INFO  segmented.SegmentedRaftLogWorker (SegmentedRaftLogWorker.java:execute(651)) - f2514b4c-a867-463f-8d84-f95d86e9803a@group-0850443CA208-SegmentedRaftLogWorker: created new log segment /home/runner/work/ozone/ozone/hadoop-ozone/integration-test/target/test-dir/MiniOzoneClusterImpl-4b7384aa-5f33-426b-b021-b584800a716a/datanode-0/data/ratis/ee5124d9-574c-417a-9643-0850443ca208/current/log_inprogress_0
2023-09-08 11:16:32,673 [f2514b4c-a867-463f-8d84-f95d86e9803a@group-628FFE3070B6-LeaderElection2] INFO  server.RaftServerConfigKeys (ConfUtils.java:logFallback(53)) - raft.server.rpc.first-election.timeout.min = 5s (fallback to raft.server.rpc.timeout.min)
2023-09-08 11:16:32,673 [f2514b4c-a867-463f-8d84-f95d86e9803a@group-628FFE3070B6-LeaderElection2] INFO  server.RaftServerConfigKeys (ConfUtils.java:logFallback(53)) - raft.server.rpc.first-election.timeout.max = 5200ms (fallback to raft.server.rpc.timeout.max)
2023-09-08 11:16:32,678 [f2514b4c-a867-463f-8d84-f95d86e9803a@group-628FFE3070B6-LeaderElection2-1] INFO  server.GrpcServerProtocolClient (GrpcServerProtocolClient.java:<init>(65)) - Build channel for 89f84e8b-2e80-4453-8736-c86c7ce839d9
2023-09-08 11:16:32,691 [f2514b4c-a867-463f-8d84-f95d86e9803a@group-0850443CA208-LeaderElection3] INFO  server.RaftServer$Division (ServerState.java:setRaftConf(434)) - f2514b4c-a867-463f-8d84-f95d86e9803a@group-0850443CA208: set configuration 0: peers:[f2514b4c-a867-463f-8d84-f95d86e9803a|rpc:10.1.0.72:15014|admin:10.1.0.72:15013|client:10.1.0.72:15012|dataStream:10.1.0.72:15015|priority:1|startupRole:FOLLOWER]|listeners:[], old=null
2023-09-08 11:16:32,687 [f2514b4c-a867-463f-8d84-f95d86e9803a@group-628FFE3070B6-LeaderElection2-2] INFO  server.GrpcServerProtocolClient (GrpcServerProtocolClient.java:<init>(65)) - Build channel for a3bbae93-4dbd-48a8-b7ec-9de03e51f535
2023-09-08 11:16:32,703 [grpc-default-executor-2] INFO  server.RaftServer$Division (RaftServerImpl.java:requestVote(1302)) - 89f84e8b-2e80-4453-8736-c86c7ce839d9@group-628FFE3070B6: receive requestVote(PRE_VOTE, f2514b4c-a867-463f-8d84-f95d86e9803a, group-628FFE3070B6, 0, (t:0, i:0))
2023-09-08 11:16:32,706 [grpc-default-executor-2] INFO  impl.VoteContext (VoteContext.java:log(49)) - 89f84e8b-2e80-4453-8736-c86c7ce839d9@group-628FFE3070B6-FOLLOWER: accept PRE_VOTE from f2514b4c-a867-463f-8d84-f95d86e9803a: our priority 0 <= candidate's priority 0
2023-09-08 11:16:32,719 [grpc-default-executor-2] INFO  server.RaftServer$Division (RaftServerImpl.java:requestVote(1335)) - 89f84e8b-2e80-4453-8736-c86c7ce839d9@group-628FFE3070B6 replies to PRE_VOTE vote request: f2514b4c-a867-463f-8d84-f95d86e9803a<-89f84e8b-2e80-4453-8736-c86c7ce839d9#0:OK-t0. Peer's state: 89f84e8b-2e80-4453-8736-c86c7ce839d9@group-628FFE3070B6:t0, leader=null, voted=, raftlog=Memoized:89f84e8b-2e80-4453-8736-c86c7ce839d9@group-628FFE3070B6-SegmentedRaftLog:OPENED:c-1, conf=-1: peers:[89f84e8b-2e80-4453-8736-c86c7ce839d9|rpc:10.1.0.72:15032|admin:10.1.0.72:15031|client:10.1.0.72:15030|dataStream:10.1.0.72:15033|priority:0|startupRole:FOLLOWER, a3bbae93-4dbd-48a8-b7ec-9de03e51f535|rpc:10.1.0.72:15023|admin:10.1.0.72:15022|client:10.1.0.72:15021|dataStream:10.1.0.72:15024|priority:1|startupRole:FOLLOWER, f2514b4c-a867-463f-8d84-f95d86e9803a|rpc:10.1.0.72:15014|admin:10.1.0.72:15013|client:10.1.0.72:15012|dataStream:10.1.0.72:15015|priority:0|startupRole:FOLLOWER]|listeners:[], old=null
2023-09-08 11:16:32,728 [grpc-default-executor-2] INFO  server.RaftServer$Division (RaftServerImpl.java:requestVote(1302)) - a3bbae93-4dbd-48a8-b7ec-9de03e51f535@group-628FFE3070B6: receive requestVote(PRE_VOTE, f2514b4c-a867-463f-8d84-f95d86e9803a, group-628FFE3070B6, 0, (t:0, i:0))
2023-09-08 11:16:32,728 [grpc-default-executor-2] INFO  impl.VoteContext (VoteContext.java:log(49)) - a3bbae93-4dbd-48a8-b7ec-9de03e51f535@group-628FFE3070B6-FOLLOWER: reject PRE_VOTE from f2514b4c-a867-463f-8d84-f95d86e9803a: our priority 1 > candidate's priority 0
2023-09-08 11:16:32,728 [grpc-default-executor-2] INFO  server.RaftServer$Division (RaftServerImpl.java:requestVote(1335)) - a3bbae93-4dbd-48a8-b7ec-9de03e51f535@group-628FFE3070B6 replies to PRE_VOTE vote request: f2514b4c-a867-463f-8d84-f95d86e9803a<-a3bbae93-4dbd-48a8-b7ec-9de03e51f535#0:FAIL-t0. Peer's state: a3bbae93-4dbd-48a8-b7ec-9de03e51f535@group-628FFE3070B6:t0, leader=null, voted=, raftlog=Memoized:a3bbae93-4dbd-48a8-b7ec-9de03e51f535@group-628FFE3070B6-SegmentedRaftLog:OPENED:c-1, conf=-1: peers:[89f84e8b-2e80-4453-8736-c86c7ce839d9|rpc:10.1.0.72:15032|admin:10.1.0.72:15031|client:10.1.0.72:15030|dataStream:10.1.0.72:15033|priority:0|startupRole:FOLLOWER, a3bbae93-4dbd-48a8-b7ec-9de03e51f535|rpc:10.1.0.72:15023|admin:10.1.0.72:15022|client:10.1.0.72:15021|dataStream:10.1.0.72:15024|priority:1|startupRole:FOLLOWER, f2514b4c-a867-463f-8d84-f95d86e9803a|rpc:10.1.0.72:15014|admin:10.1.0.72:15013|client:10.1.0.72:15012|dataStream:10.1.0.72:15015|priority:0|startupRole:FOLLOWER]|listeners:[], old=null
2023-09-08 11:16:32,736 [f2514b4c-a867-463f-8d84-f95d86e9803a@group-628FFE3070B6-LeaderElection2] INFO  impl.LeaderElection (LeaderElection.java:logAndReturn(90)) - f2514b4c-a867-463f-8d84-f95d86e9803a@group-628FFE3070B6-LeaderElection2: PRE_VOTE REJECTED received 2 response(s) and 0 exception(s):
2023-09-08 11:16:32,739 [f2514b4c-a867-463f-8d84-f95d86e9803a@group-628FFE3070B6-LeaderElection2] INFO  impl.LeaderElection (LeaderElection.java:logAndReturn(94)) -   Response 0: f2514b4c-a867-463f-8d84-f95d86e9803a<-89f84e8b-2e80-4453-8736-c86c7ce839d9#0:OK-t0
2023-09-08 11:16:32,739 [f2514b4c-a867-463f-8d84-f95d86e9803a@group-628FFE3070B6-LeaderElection2] INFO  impl.LeaderElection (LeaderElection.java:logAndReturn(94)) -   Response 1: f2514b4c-a867-463f-8d84-f95d86e9803a<-a3bbae93-4dbd-48a8-b7ec-9de03e51f535#0:FAIL-t0
2023-09-08 11:16:32,739 [f2514b4c-a867-463f-8d84-f95d86e9803a@group-628FFE3070B6-LeaderElection2] INFO  impl.LeaderElection (LeaderElection.java:askForVotes(323)) - f2514b4c-a867-463f-8d84-f95d86e9803a@group-628FFE3070B6-LeaderElection2 PRE_VOTE round 0: result REJECTED
2023-09-08 11:16:32,741 [f2514b4c-a867-463f-8d84-f95d86e9803a@group-628FFE3070B6-LeaderElection2] INFO  server.RaftServer$Division (RaftServerImpl.java:setRole(329)) - f2514b4c-a867-463f-8d84-f95d86e9803a@group-628FFE3070B6: changes role from CANDIDATE to FOLLOWER at term 0 for REJECTED
2023-09-08 11:16:32,742 [f2514b4c-a867-463f-8d84-f95d86e9803a@group-628FFE3070B6-LeaderElection2] INFO  impl.RoleInfo (RoleInfo.java:shutdownLeaderElection(130)) - f2514b4c-a867-463f-8d84-f95d86e9803a: shutdown f2514b4c-a867-463f-8d84-f95d86e9803a@group-628FFE3070B6-LeaderElection2
2023-09-08 11:16:32,742 [f2514b4c-a867-463f-8d84-f95d86e9803a@group-628FFE3070B6-LeaderElection2] INFO  impl.RoleInfo (RoleInfo.java:updateAndGet(139)) - f2514b4c-a867-463f-8d84-f95d86e9803a: start f2514b4c-a867-463f-8d84-f95d86e9803a@group-628FFE3070B6-FollowerState
2023-09-08 11:16:33,210 [a3bbae93-4dbd-48a8-b7ec-9de03e51f535@group-D2C97247619F-FollowerState] INFO  impl.FollowerState (FollowerState.java:run(143)) - a3bbae93-4dbd-48a8-b7ec-9de03e51f535@group-D2C97247619F-FollowerState: change to CANDIDATE, lastRpcElapsedTime:5211333132ns, electionTimeout:5180ms
2023-09-08 11:16:33,211 [a3bbae93-4dbd-48a8-b7ec-9de03e51f535@group-D2C97247619F-FollowerState] INFO  impl.RoleInfo (RoleInfo.java:shutdownFollowerState(110)) - a3bbae93-4dbd-48a8-b7ec-9de03e51f535: shutdown a3bbae93-4dbd-48a8-b7ec-9de03e51f535@group-D2C97247619F-FollowerState
2023-09-08 11:16:33,211 [a3bbae93-4dbd-48a8-b7ec-9de03e51f535@group-D2C97247619F-FollowerState] INFO  server.RaftServer$Division (RaftServerImpl.java:setRole(329)) - a3bbae93-4dbd-48a8-b7ec-9de03e51f535@group-D2C97247619F: changes role from  FOLLOWER to CANDIDATE at term 0 for changeToCandidate
2023-09-08 11:16:33,214 [a3bbae93-4dbd-48a8-b7ec-9de03e51f535@group-D2C97247619F-FollowerState] INFO  server.RaftServerConfigKeys (ConfUtils.java:logGet(46)) - raft.server.leaderelection.pre-vote = true (default)
2023-09-08 11:16:33,214 [a3bbae93-4dbd-48a8-b7ec-9de03e51f535@group-D2C97247619F-FollowerState] INFO  impl.RoleInfo (RoleInfo.java:updateAndGet(139)) - a3bbae93-4dbd-48a8-b7ec-9de03e51f535: start a3bbae93-4dbd-48a8-b7ec-9de03e51f535@group-D2C97247619F-LeaderElection4
2023-09-08 11:16:33,220 [a3bbae93-4dbd-48a8-b7ec-9de03e51f535@group-D2C97247619F-LeaderElection4] INFO  impl.LeaderElection (LeaderElection.java:askForVotes(321)) - a3bbae93-4dbd-48a8-b7ec-9de03e51f535@group-D2C97247619F-LeaderElection4 PRE_VOTE round 0: submit vote requests at term 0 for -1: peers:[a3bbae93-4dbd-48a8-b7ec-9de03e51f535|rpc:10.1.0.72:15023|admin:10.1.0.72:15022|client:10.1.0.72:15021|dataStream:10.1.0.72:15024|priority:1|startupRole:FOLLOWER]|listeners:[], old=null
2023-09-08 11:16:33,220 [a3bbae93-4dbd-48a8-b7ec-9de03e51f535@group-D2C97247619F-LeaderElection4] INFO  impl.LeaderElection (LeaderElection.java:askForVotes(323)) - a3bbae93-4dbd-48a8-b7ec-9de03e51f535@group-D2C97247619F-LeaderElection4 PRE_VOTE round 0: result PASSED (term=0)
2023-09-08 11:16:33,222 [a3bbae93-4dbd-48a8-b7ec-9de03e51f535@group-D2C97247619F-LeaderElection4] INFO  impl.LeaderElection (LeaderElection.java:askForVotes(321)) - a3bbae93-4dbd-48a8-b7ec-9de03e51f535@group-D2C97247619F-LeaderElection4 ELECTION round 0: submit vote requests at term 1 for -1: peers:[a3bbae93-4dbd-48a8-b7ec-9de03e51f535|rpc:10.1.0.72:15023|admin:10.1.0.72:15022|client:10.1.0.72:15021|dataStream:10.1.0.72:15024|priority:1|startupRole:FOLLOWER]|listeners:[], old=null
2023-09-08 11:16:33,222 [a3bbae93-4dbd-48a8-b7ec-9de03e51f535@group-D2C97247619F-LeaderElection4] INFO  impl.LeaderElection (LeaderElection.java:askForVotes(323)) - a3bbae93-4dbd-48a8-b7ec-9de03e51f535@group-D2C97247619F-LeaderElection4 ELECTION round 0: result PASSED (term=1)
2023-09-08 11:16:33,222 [a3bbae93-4dbd-48a8-b7ec-9de03e51f535@group-D2C97247619F-LeaderElection4] INFO  impl.RoleInfo (RoleInfo.java:shutdownLeaderElection(130)) - a3bbae93-4dbd-48a8-b7ec-9de03e51f535: shutdown a3bbae93-4dbd-48a8-b7ec-9de03e51f535@group-D2C97247619F-LeaderElection4
2023-09-08 11:16:33,222 [a3bbae93-4dbd-48a8-b7ec-9de03e51f535@group-D2C97247619F-LeaderElection4] INFO  server.RaftServer$Division (RaftServerImpl.java:setRole(329)) - a3bbae93-4dbd-48a8-b7ec-9de03e51f535@group-D2C97247619F: changes role from CANDIDATE to LEADER at term 1 for changeToLeader
2023-09-08 11:16:33,222 [a3bbae93-4dbd-48a8-b7ec-9de03e51f535@group-D2C97247619F-LeaderElection4] INFO  ratis.XceiverServerRatis (XceiverServerRatis.java:handleLeaderChangedNotification(902)) - Leader change notification received for group: group-D2C97247619F with new leaderId: a3bbae93-4dbd-48a8-b7ec-9de03e51f535
2023-09-08 11:16:33,222 [a3bbae93-4dbd-48a8-b7ec-9de03e51f535@group-D2C97247619F-LeaderElection4] INFO  server.RaftServer$Division (ServerState.java:setLeader(317)) - a3bbae93-4dbd-48a8-b7ec-9de03e51f535@group-D2C97247619F: change Leader from null to a3bbae93-4dbd-48a8-b7ec-9de03e51f535 at term 1 for becomeLeader, leader elected after 5274ms
2023-09-08 11:16:33,222 [a3bbae93-4dbd-48a8-b7ec-9de03e51f535@group-D2C97247619F-LeaderElection4] INFO  server.RaftServerConfigKeys (ConfUtils.java:logGet(46)) - raft.server.staging.catchup.gap = 1000 (default)
2023-09-08 11:16:33,223 [a3bbae93-4dbd-48a8-b7ec-9de03e51f535@group-D2C97247619F-LeaderElection4] INFO  server.RaftServerConfigKeys (ConfUtils.java:logGet(46)) - raft.server.write.element-limit = 1024 (custom)
2023-09-08 11:16:33,223 [a3bbae93-4dbd-48a8-b7ec-9de03e51f535@group-D2C97247619F-LeaderElection4] INFO  server.RaftServerConfigKeys (ConfUtils.java:logGet(46)) - raft.server.write.byte-limit = 1024 M (=1073741824) (custom)
2023-09-08 11:16:33,223 [a3bbae93-4dbd-48a8-b7ec-9de03e51f535@group-D2C97247619F-LeaderElection4] INFO  server.RaftServerConfigKeys (ConfUtils.java:logGet(46)) - raft.server.watch.timeout = 180s (custom)
2023-09-08 11:16:33,223 [a3bbae93-4dbd-48a8-b7ec-9de03e51f535@group-D2C97247619F-LeaderElection4] INFO  server.RaftServerConfigKeys (ConfUtils.java:logGet(46)) - raft.server.watch.timeout.denomination = 1s (default)
2023-09-08 11:16:33,223 [a3bbae93-4dbd-48a8-b7ec-9de03e51f535@group-D2C97247619F-LeaderElection4] INFO  server.RaftServerConfigKeys (ConfUtils.java:logGet(46)) - raft.server.watch.element-limit = 65536 (default)
2023-09-08 11:16:33,224 [a3bbae93-4dbd-48a8-b7ec-9de03e51f535@group-D2C97247619F-LeaderElection4] INFO  server.RaftServerConfigKeys (ConfUtils.java:logGet(46)) - raft.server.write.element-limit = 1024 (custom)
2023-09-08 11:16:33,224 [a3bbae93-4dbd-48a8-b7ec-9de03e51f535@group-D2C97247619F-LeaderElection4] INFO  server.RaftServerConfigKeys (ConfUtils.java:logGet(46)) - raft.server.write.follower.gap.ratio.max = -1.0 (default)
2023-09-08 11:16:33,224 [EventQueue-OpenPipelineForHealthyPipelineSafeModeRule] INFO  safemode.SCMSafeModeManager (HealthyPipelineSafeModeRule.java:process(137)) - SCM in safe mode. Healthy pipelines reported count is 0, required healthy pipeline reported count is 1
2023-09-08 11:16:33,225 [a3bbae93-4dbd-48a8-b7ec-9de03e51f535@group-D2C97247619F-LeaderElection4] INFO  impl.RoleInfo (RoleInfo.java:updateAndGet(139)) - a3bbae93-4dbd-48a8-b7ec-9de03e51f535: start a3bbae93-4dbd-48a8-b7ec-9de03e51f535@group-D2C97247619F-LeaderStateImpl
2023-09-08 11:16:33,225 [a3bbae93-4dbd-48a8-b7ec-9de03e51f535@group-D2C97247619F-LeaderElection4] INFO  segmented.SegmentedRaftLogWorker (SegmentedRaftLogWorker.java:startLogSegment(447)) - a3bbae93-4dbd-48a8-b7ec-9de03e51f535@group-D2C97247619F-SegmentedRaftLogWorker: Starting segment from index:0
2023-09-08 11:16:33,234 [a3bbae93-4dbd-48a8-b7ec-9de03e51f535@group-D2C97247619F-LeaderElection4] INFO  server.RaftServer$Division (ServerState.java:setRaftConf(434)) - a3bbae93-4dbd-48a8-b7ec-9de03e51f535@group-D2C97247619F: set configuration 0: peers:[a3bbae93-4dbd-48a8-b7ec-9de03e51f535|rpc:10.1.0.72:15023|admin:10.1.0.72:15022|client:10.1.0.72:15021|dataStream:10.1.0.72:15024|priority:1|startupRole:FOLLOWER]|listeners:[], old=null
2023-09-08 11:16:33,235 [a3bbae93-4dbd-48a8-b7ec-9de03e51f535@group-D2C97247619F-SegmentedRaftLogWorker] INFO  segmented.SegmentedRaftLogWorker (SegmentedRaftLogWorker.java:execute(651)) - a3bbae93-4dbd-48a8-b7ec-9de03e51f535@group-D2C97247619F-SegmentedRaftLogWorker: created new log segment /home/runner/work/ozone/ozone/hadoop-ozone/integration-test/target/test-dir/MiniOzoneClusterImpl-4b7384aa-5f33-426b-b021-b584800a716a/datanode-1/data/ratis/a86de6f5-e8b4-481d-880c-d2c97247619f/current/log_inprogress_0
2023-09-08 11:16:33,420 [main] INFO  ozone.MiniOzoneClusterImpl (MiniOzoneClusterImpl.java:lambda$waitForClusterToBeReady$0(224)) - Nodes are ready. Got 5 of 5 DN Heartbeats.
2023-09-08 11:16:33,420 [main] INFO  ozone.MiniOzoneClusterImpl (MiniOzoneClusterImpl.java:lambda$waitForClusterToBeReady$0(227)) - Waiting for cluster to exit safe mode
2023-09-08 11:16:33,420 [main] INFO  ozone.MiniOzoneClusterImpl (MiniOzoneClusterImpl.java:lambda$waitForClusterToBeReady$0(229)) - SCM became leader
2023-09-08 11:16:33,607 [89f84e8b-2e80-4453-8736-c86c7ce839d9@group-70D93477139D-FollowerState] INFO  impl.FollowerState (FollowerState.java:run(143)) - 89f84e8b-2e80-4453-8736-c86c7ce839d9@group-70D93477139D-FollowerState: change to CANDIDATE, lastRpcElapsedTime:5116307803ns, electionTimeout:5104ms
2023-09-08 11:16:33,608 [89f84e8b-2e80-4453-8736-c86c7ce839d9@group-70D93477139D-FollowerState] INFO  impl.RoleInfo (RoleInfo.java:shutdownFollowerState(110)) - 89f84e8b-2e80-4453-8736-c86c7ce839d9: shutdown 89f84e8b-2e80-4453-8736-c86c7ce839d9@group-70D93477139D-FollowerState
2023-09-08 11:16:33,608 [89f84e8b-2e80-4453-8736-c86c7ce839d9@group-70D93477139D-FollowerState] INFO  server.RaftServer$Division (RaftServerImpl.java:setRole(329)) - 89f84e8b-2e80-4453-8736-c86c7ce839d9@group-70D93477139D: changes role from  FOLLOWER to CANDIDATE at term 0 for changeToCandidate
2023-09-08 11:16:33,610 [89f84e8b-2e80-4453-8736-c86c7ce839d9@group-70D93477139D-FollowerState] INFO  server.RaftServerConfigKeys (ConfUtils.java:logGet(46)) - raft.server.leaderelection.pre-vote = true (default)
2023-09-08 11:16:33,610 [89f84e8b-2e80-4453-8736-c86c7ce839d9@group-70D93477139D-FollowerState] INFO  impl.RoleInfo (RoleInfo.java:updateAndGet(139)) - 89f84e8b-2e80-4453-8736-c86c7ce839d9: start 89f84e8b-2e80-4453-8736-c86c7ce839d9@group-70D93477139D-LeaderElection5
2023-09-08 11:16:33,613 [89f84e8b-2e80-4453-8736-c86c7ce839d9@group-70D93477139D-LeaderElection5] INFO  impl.LeaderElection (LeaderElection.java:askForVotes(321)) - 89f84e8b-2e80-4453-8736-c86c7ce839d9@group-70D93477139D-LeaderElection5 PRE_VOTE round 0: submit vote requests at term 0 for -1: peers:[89f84e8b-2e80-4453-8736-c86c7ce839d9|rpc:10.1.0.72:15032|admin:10.1.0.72:15031|client:10.1.0.72:15030|dataStream:10.1.0.72:15033|priority:1|startupRole:FOLLOWER]|listeners:[], old=null
2023-09-08 11:16:33,613 [89f84e8b-2e80-4453-8736-c86c7ce839d9@group-70D93477139D-LeaderElection5] INFO  impl.LeaderElection (LeaderElection.java:askForVotes(323)) - 89f84e8b-2e80-4453-8736-c86c7ce839d9@group-70D93477139D-LeaderElection5 PRE_VOTE round 0: result PASSED (term=0)
2023-09-08 11:16:33,615 [89f84e8b-2e80-4453-8736-c86c7ce839d9@group-70D93477139D-LeaderElection5] INFO  impl.LeaderElection (LeaderElection.java:askForVotes(321)) - 89f84e8b-2e80-4453-8736-c86c7ce839d9@group-70D93477139D-LeaderElection5 ELECTION round 0: submit vote requests at term 1 for -1: peers:[89f84e8b-2e80-4453-8736-c86c7ce839d9|rpc:10.1.0.72:15032|admin:10.1.0.72:15031|client:10.1.0.72:15030|dataStream:10.1.0.72:15033|priority:1|startupRole:FOLLOWER]|listeners:[], old=null
2023-09-08 11:16:33,615 [89f84e8b-2e80-4453-8736-c86c7ce839d9@group-70D93477139D-LeaderElection5] INFO  impl.LeaderElection (LeaderElection.java:askForVotes(323)) - 89f84e8b-2e80-4453-8736-c86c7ce839d9@group-70D93477139D-LeaderElection5 ELECTION round 0: result PASSED (term=1)
2023-09-08 11:16:33,615 [89f84e8b-2e80-4453-8736-c86c7ce839d9@group-70D93477139D-LeaderElection5] INFO  impl.RoleInfo (RoleInfo.java:shutdownLeaderElection(130)) - 89f84e8b-2e80-4453-8736-c86c7ce839d9: shutdown 89f84e8b-2e80-4453-8736-c86c7ce839d9@group-70D93477139D-LeaderElection5
2023-09-08 11:16:33,615 [89f84e8b-2e80-4453-8736-c86c7ce839d9@group-70D93477139D-LeaderElection5] INFO  server.RaftServer$Division (RaftServerImpl.java:setRole(329)) - 89f84e8b-2e80-4453-8736-c86c7ce839d9@group-70D93477139D: changes role from CANDIDATE to LEADER at term 1 for changeToLeader
2023-09-08 11:16:33,615 [89f84e8b-2e80-4453-8736-c86c7ce839d9@group-70D93477139D-LeaderElection5] INFO  ratis.XceiverServerRatis (XceiverServerRatis.java:handleLeaderChangedNotification(902)) - Leader change notification received for group: group-70D93477139D with new leaderId: 89f84e8b-2e80-4453-8736-c86c7ce839d9
2023-09-08 11:16:33,616 [89f84e8b-2e80-4453-8736-c86c7ce839d9@group-70D93477139D-LeaderElection5] INFO  server.RaftServer$Division (ServerState.java:setLeader(317)) - 89f84e8b-2e80-4453-8736-c86c7ce839d9@group-70D93477139D: change Leader from null to 89f84e8b-2e80-4453-8736-c86c7ce839d9 at term 1 for becomeLeader, leader elected after 5171ms
2023-09-08 11:16:33,616 [89f84e8b-2e80-4453-8736-c86c7ce839d9@group-70D93477139D-LeaderElection5] INFO  server.RaftServerConfigKeys (ConfUtils.java:logGet(46)) - raft.server.staging.catchup.gap = 1000 (default)
2023-09-08 11:16:33,616 [89f84e8b-2e80-4453-8736-c86c7ce839d9@group-70D93477139D-LeaderElection5] INFO  server.RaftServerConfigKeys (ConfUtils.java:logGet(46)) - raft.server.write.element-limit = 1024 (custom)
2023-09-08 11:16:33,616 [89f84e8b-2e80-4453-8736-c86c7ce839d9@group-70D93477139D-LeaderElection5] INFO  server.RaftServerConfigKeys (ConfUtils.java:logGet(46)) - raft.server.write.byte-limit = 1024 M (=1073741824) (custom)
2023-09-08 11:16:33,617 [89f84e8b-2e80-4453-8736-c86c7ce839d9@group-70D93477139D-LeaderElection5] INFO  server.RaftServerConfigKeys (ConfUtils.java:logGet(46)) - raft.server.watch.timeout = 180s (custom)
2023-09-08 11:16:33,617 [89f84e8b-2e80-4453-8736-c86c7ce839d9@group-70D93477139D-LeaderElection5] INFO  server.RaftServerConfigKeys (ConfUtils.java:logGet(46)) - raft.server.watch.timeout.denomination = 1s (default)
2023-09-08 11:16:33,617 [89f84e8b-2e80-4453-8736-c86c7ce839d9@group-70D93477139D-LeaderElection5] INFO  server.RaftServerConfigKeys (ConfUtils.java:logGet(46)) - raft.server.watch.element-limit = 65536 (default)
2023-09-08 11:16:33,617 [89f84e8b-2e80-4453-8736-c86c7ce839d9@group-70D93477139D-LeaderElection5] INFO  server.RaftServerConfigKeys (ConfUtils.java:logGet(46)) - raft.server.write.element-limit = 1024 (custom)
2023-09-08 11:16:33,617 [89f84e8b-2e80-4453-8736-c86c7ce839d9@group-70D93477139D-LeaderElection5] INFO  server.RaftServerConfigKeys (ConfUtils.java:logGet(46)) - raft.server.write.follower.gap.ratio.max = -1.0 (default)
2023-09-08 11:16:33,617 [89f84e8b-2e80-4453-8736-c86c7ce839d9@group-70D93477139D-LeaderElection5] INFO  impl.RoleInfo (RoleInfo.java:updateAndGet(139)) - 89f84e8b-2e80-4453-8736-c86c7ce839d9: start 89f84e8b-2e80-4453-8736-c86c7ce839d9@group-70D93477139D-LeaderStateImpl
2023-09-08 11:16:33,618 [EventQueue-OpenPipelineForHealthyPipelineSafeModeRule] INFO  safemode.SCMSafeModeManager (HealthyPipelineSafeModeRule.java:process(137)) - SCM in safe mode. Healthy pipelines reported count is 0, required healthy pipeline reported count is 1
2023-09-08 11:16:33,619 [89f84e8b-2e80-4453-8736-c86c7ce839d9@group-70D93477139D-LeaderElection5] INFO  segmented.SegmentedRaftLogWorker (SegmentedRaftLogWorker.java:startLogSegment(447)) - 89f84e8b-2e80-4453-8736-c86c7ce839d9@group-70D93477139D-SegmentedRaftLogWorker: Starting segment from index:0
2023-09-08 11:16:33,620 [89f84e8b-2e80-4453-8736-c86c7ce839d9@group-70D93477139D-SegmentedRaftLogWorker] INFO  segmented.SegmentedRaftLogWorker (SegmentedRaftLogWorker.java:execute(651)) - 89f84e8b-2e80-4453-8736-c86c7ce839d9@group-70D93477139D-SegmentedRaftLogWorker: created new log segment /home/runner/work/ozone/ozone/hadoop-ozone/integration-test/target/test-dir/MiniOzoneClusterImpl-4b7384aa-5f33-426b-b021-b584800a716a/datanode-2/data/ratis/d29edb83-59f1-4d83-bfb0-70d93477139d/current/log_inprogress_0
2023-09-08 11:16:33,629 [89f84e8b-2e80-4453-8736-c86c7ce839d9@group-70D93477139D-LeaderElection5] INFO  server.RaftServer$Division (ServerState.java:setRaftConf(434)) - 89f84e8b-2e80-4453-8736-c86c7ce839d9@group-70D93477139D: set configuration 0: peers:[89f84e8b-2e80-4453-8736-c86c7ce839d9|rpc:10.1.0.72:15032|admin:10.1.0.72:15031|client:10.1.0.72:15030|dataStream:10.1.0.72:15033|priority:1|startupRole:FOLLOWER]|listeners:[], old=null
2023-09-08 11:16:33,635 [a3bbae93-4dbd-48a8-b7ec-9de03e51f535@group-628FFE3070B6-FollowerState] INFO  impl.FollowerState (FollowerState.java:run(143)) - a3bbae93-4dbd-48a8-b7ec-9de03e51f535@group-628FFE3070B6-FollowerState: change to CANDIDATE, lastRpcElapsedTime:5200392526ns, electionTimeout:5186ms
2023-09-08 11:16:33,636 [a3bbae93-4dbd-48a8-b7ec-9de03e51f535@group-628FFE3070B6-FollowerState] INFO  impl.RoleInfo (RoleInfo.java:shutdownFollowerState(110)) - a3bbae93-4dbd-48a8-b7ec-9de03e51f535: shutdown a3bbae93-4dbd-48a8-b7ec-9de03e51f535@group-628FFE3070B6-FollowerState
2023-09-08 11:16:33,636 [a3bbae93-4dbd-48a8-b7ec-9de03e51f535@group-628FFE3070B6-FollowerState] INFO  server.RaftServer$Division (RaftServerImpl.java:setRole(329)) - a3bbae93-4dbd-48a8-b7ec-9de03e51f535@group-628FFE3070B6: changes role from  FOLLOWER to CANDIDATE at term 0 for changeToCandidate
2023-09-08 11:16:33,636 [a3bbae93-4dbd-48a8-b7ec-9de03e51f535@group-628FFE3070B6-FollowerState] INFO  server.RaftServerConfigKeys (ConfUtils.java:logGet(46)) - raft.server.leaderelection.pre-vote = true (default)
2023-09-08 11:16:33,637 [a3bbae93-4dbd-48a8-b7ec-9de03e51f535@group-628FFE3070B6-FollowerState] INFO  impl.RoleInfo (RoleInfo.java:updateAndGet(139)) - a3bbae93-4dbd-48a8-b7ec-9de03e51f535: start a3bbae93-4dbd-48a8-b7ec-9de03e51f535@group-628FFE3070B6-LeaderElection6
2023-09-08 11:16:33,640 [a3bbae93-4dbd-48a8-b7ec-9de03e51f535@group-628FFE3070B6-LeaderElection6] INFO  impl.LeaderElection (LeaderElection.java:askForVotes(321)) - a3bbae93-4dbd-48a8-b7ec-9de03e51f535@group-628FFE3070B6-LeaderElection6 PRE_VOTE round 0: submit vote requests at term 0 for -1: peers:[89f84e8b-2e80-4453-8736-c86c7ce839d9|rpc:10.1.0.72:15032|admin:10.1.0.72:15031|client:10.1.0.72:15030|dataStream:10.1.0.72:15033|priority:0|startupRole:FOLLOWER, a3bbae93-4dbd-48a8-b7ec-9de03e51f535|rpc:10.1.0.72:15023|admin:10.1.0.72:15022|client:10.1.0.72:15021|dataStream:10.1.0.72:15024|priority:1|startupRole:FOLLOWER, f2514b4c-a867-463f-8d84-f95d86e9803a|rpc:10.1.0.72:15014|admin:10.1.0.72:15013|client:10.1.0.72:15012|dataStream:10.1.0.72:15015|priority:0|startupRole:FOLLOWER]|listeners:[], old=null
2023-09-08 11:16:33,642 [a3bbae93-4dbd-48a8-b7ec-9de03e51f535@group-628FFE3070B6-LeaderElection6-1] INFO  server.GrpcServerProtocolClient (GrpcServerProtocolClient.java:<init>(65)) - Build channel for 89f84e8b-2e80-4453-8736-c86c7ce839d9
2023-09-08 11:16:33,645 [a3bbae93-4dbd-48a8-b7ec-9de03e51f535@group-628FFE3070B6-LeaderElection6] INFO  server.RaftServerConfigKeys (ConfUtils.java:logFallback(53)) - raft.server.rpc.first-election.timeout.min = 5s (fallback to raft.server.rpc.timeout.min)
2023-09-08 11:16:33,647 [a3bbae93-4dbd-48a8-b7ec-9de03e51f535@group-628FFE3070B6-LeaderElection6] INFO  server.RaftServerConfigKeys (ConfUtils.java:logFallback(53)) - raft.server.rpc.first-election.timeout.max = 5200ms (fallback to raft.server.rpc.timeout.max)
2023-09-08 11:16:33,645 [a3bbae93-4dbd-48a8-b7ec-9de03e51f535@group-628FFE3070B6-LeaderElection6-2] INFO  server.GrpcServerProtocolClient (GrpcServerProtocolClient.java:<init>(65)) - Build channel for f2514b4c-a867-463f-8d84-f95d86e9803a
2023-09-08 11:16:33,654 [grpc-default-executor-2] INFO  server.RaftServer$Division (RaftServerImpl.java:requestVote(1302)) - 89f84e8b-2e80-4453-8736-c86c7ce839d9@group-628FFE3070B6: receive requestVote(PRE_VOTE, a3bbae93-4dbd-48a8-b7ec-9de03e51f535, group-628FFE3070B6, 0, (t:0, i:0))
2023-09-08 11:16:33,655 [grpc-default-executor-2] INFO  impl.VoteContext (VoteContext.java:log(49)) - 89f84e8b-2e80-4453-8736-c86c7ce839d9@group-628FFE3070B6-FOLLOWER: accept PRE_VOTE from a3bbae93-4dbd-48a8-b7ec-9de03e51f535: our priority 0 <= candidate's priority 1
2023-09-08 11:16:33,655 [grpc-default-executor-2] INFO  server.RaftServer$Division (RaftServerImpl.java:requestVote(1335)) - 89f84e8b-2e80-4453-8736-c86c7ce839d9@group-628FFE3070B6 replies to PRE_VOTE vote request: a3bbae93-4dbd-48a8-b7ec-9de03e51f535<-89f84e8b-2e80-4453-8736-c86c7ce839d9#0:OK-t0. Peer's state: 89f84e8b-2e80-4453-8736-c86c7ce839d9@group-628FFE3070B6:t0, leader=null, voted=, raftlog=Memoized:89f84e8b-2e80-4453-8736-c86c7ce839d9@group-628FFE3070B6-SegmentedRaftLog:OPENED:c-1, conf=-1: peers:[89f84e8b-2e80-4453-8736-c86c7ce839d9|rpc:10.1.0.72:15032|admin:10.1.0.72:15031|client:10.1.0.72:15030|dataStream:10.1.0.72:15033|priority:0|startupRole:FOLLOWER, a3bbae93-4dbd-48a8-b7ec-9de03e51f535|rpc:10.1.0.72:15023|admin:10.1.0.72:15022|client:10.1.0.72:15021|dataStream:10.1.0.72:15024|priority:1|startupRole:FOLLOWER, f2514b4c-a867-463f-8d84-f95d86e9803a|rpc:10.1.0.72:15014|admin:10.1.0.72:15013|client:10.1.0.72:15012|dataStream:10.1.0.72:15015|priority:0|startupRole:FOLLOWER]|listeners:[], old=null
2023-09-08 11:16:33,657 [a3bbae93-4dbd-48a8-b7ec-9de03e51f535@group-628FFE3070B6-LeaderElection6] INFO  impl.LeaderElection (LeaderElection.java:logAndReturn(90)) - a3bbae93-4dbd-48a8-b7ec-9de03e51f535@group-628FFE3070B6-LeaderElection6: PRE_VOTE PASSED received 1 response(s) and 0 exception(s):
2023-09-08 11:16:33,658 [a3bbae93-4dbd-48a8-b7ec-9de03e51f535@group-628FFE3070B6-LeaderElection6] INFO  impl.LeaderElection (LeaderElection.java:logAndReturn(94)) -   Response 0: a3bbae93-4dbd-48a8-b7ec-9de03e51f535<-89f84e8b-2e80-4453-8736-c86c7ce839d9#0:OK-t0
2023-09-08 11:16:33,658 [a3bbae93-4dbd-48a8-b7ec-9de03e51f535@group-628FFE3070B6-LeaderElection6] INFO  impl.LeaderElection (LeaderElection.java:askForVotes(323)) - a3bbae93-4dbd-48a8-b7ec-9de03e51f535@group-628FFE3070B6-LeaderElection6 PRE_VOTE round 0: result PASSED
2023-09-08 11:16:33,660 [89f84e8b-2e80-4453-8736-c86c7ce839d9@group-628FFE3070B6-FollowerState] INFO  server.RaftServerConfigKeys (ConfUtils.java:logFallback(53)) - raft.server.rpc.first-election.timeout.min = 5s (fallback to raft.server.rpc.timeout.min)
2023-09-08 11:16:33,660 [89f84e8b-2e80-4453-8736-c86c7ce839d9@group-628FFE3070B6-FollowerState] INFO  server.RaftServerConfigKeys (ConfUtils.java:logFallback(53)) - raft.server.rpc.first-election.timeout.max = 5200ms (fallback to raft.server.rpc.timeout.max)
2023-09-08 11:16:33,661 [a3bbae93-4dbd-48a8-b7ec-9de03e51f535@group-628FFE3070B6-LeaderElection6] INFO  impl.LeaderElection (LeaderElection.java:askForVotes(321)) - a3bbae93-4dbd-48a8-b7ec-9de03e51f535@group-628FFE3070B6-LeaderElection6 ELECTION round 0: submit vote requests at term 1 for -1: peers:[89f84e8b-2e80-4453-8736-c86c7ce839d9|rpc:10.1.0.72:15032|admin:10.1.0.72:15031|client:10.1.0.72:15030|dataStream:10.1.0.72:15033|priority:0|startupRole:FOLLOWER, a3bbae93-4dbd-48a8-b7ec-9de03e51f535|rpc:10.1.0.72:15023|admin:10.1.0.72:15022|client:10.1.0.72:15021|dataStream:10.1.0.72:15024|priority:1|startupRole:FOLLOWER, f2514b4c-a867-463f-8d84-f95d86e9803a|rpc:10.1.0.72:15014|admin:10.1.0.72:15013|client:10.1.0.72:15012|dataStream:10.1.0.72:15015|priority:0|startupRole:FOLLOWER]|listeners:[], old=null
2023-09-08 11:16:33,666 [a3bbae93-4dbd-48a8-b7ec-9de03e51f535@group-628FFE3070B6-LeaderElection6] INFO  server.RaftServerConfigKeys (ConfUtils.java:logFallback(53)) - raft.server.rpc.first-election.timeout.min = 5s (fallback to raft.server.rpc.timeout.min)
2023-09-08 11:16:33,666 [a3bbae93-4dbd-48a8-b7ec-9de03e51f535@group-628FFE3070B6-LeaderElection6] INFO  server.RaftServerConfigKeys (ConfUtils.java:logFallback(53)) - raft.server.rpc.first-election.timeout.max = 5200ms (fallback to raft.server.rpc.timeout.max)
2023-09-08 11:16:33,675 [grpc-default-executor-2] INFO  server.RaftServer$Division (RaftServerImpl.java:requestVote(1302)) - 89f84e8b-2e80-4453-8736-c86c7ce839d9@group-628FFE3070B6: receive requestVote(ELECTION, a3bbae93-4dbd-48a8-b7ec-9de03e51f535, group-628FFE3070B6, 1, (t:0, i:0))
2023-09-08 11:16:33,676 [grpc-default-executor-2] INFO  impl.VoteContext (VoteContext.java:log(49)) - 89f84e8b-2e80-4453-8736-c86c7ce839d9@group-628FFE3070B6-FOLLOWER: accept ELECTION from a3bbae93-4dbd-48a8-b7ec-9de03e51f535: our priority 0 <= candidate's priority 1
2023-09-08 11:16:33,676 [grpc-default-executor-2] INFO  server.RaftServer$Division (RaftServerImpl.java:setRole(329)) - 89f84e8b-2e80-4453-8736-c86c7ce839d9@group-628FFE3070B6: changes role from  FOLLOWER to FOLLOWER at term 1 for candidate:a3bbae93-4dbd-48a8-b7ec-9de03e51f535
2023-09-08 11:16:33,676 [grpc-default-executor-2] INFO  impl.RoleInfo (RoleInfo.java:shutdownFollowerState(110)) - 89f84e8b-2e80-4453-8736-c86c7ce839d9: shutdown 89f84e8b-2e80-4453-8736-c86c7ce839d9@group-628FFE3070B6-FollowerState
2023-09-08 11:16:33,677 [grpc-default-executor-2] INFO  impl.RoleInfo (RoleInfo.java:updateAndGet(139)) - 89f84e8b-2e80-4453-8736-c86c7ce839d9: start 89f84e8b-2e80-4453-8736-c86c7ce839d9@group-628FFE3070B6-FollowerState
2023-09-08 11:16:33,679 [grpc-default-executor-2] INFO  server.RaftServer$Division (RaftServerImpl.java:requestVote(1335)) - 89f84e8b-2e80-4453-8736-c86c7ce839d9@group-628FFE3070B6 replies to ELECTION vote request: a3bbae93-4dbd-48a8-b7ec-9de03e51f535<-89f84e8b-2e80-4453-8736-c86c7ce839d9#0:OK-t1. Peer's state: 89f84e8b-2e80-4453-8736-c86c7ce839d9@group-628FFE3070B6:t1, leader=null, voted=a3bbae93-4dbd-48a8-b7ec-9de03e51f535, raftlog=Memoized:89f84e8b-2e80-4453-8736-c86c7ce839d9@group-628FFE3070B6-SegmentedRaftLog:OPENED:c-1, conf=-1: peers:[89f84e8b-2e80-4453-8736-c86c7ce839d9|rpc:10.1.0.72:15032|admin:10.1.0.72:15031|client:10.1.0.72:15030|dataStream:10.1.0.72:15033|priority:0|startupRole:FOLLOWER, a3bbae93-4dbd-48a8-b7ec-9de03e51f535|rpc:10.1.0.72:15023|admin:10.1.0.72:15022|client:10.1.0.72:15021|dataStream:10.1.0.72:15024|priority:1|startupRole:FOLLOWER, f2514b4c-a867-463f-8d84-f95d86e9803a|rpc:10.1.0.72:15014|admin:10.1.0.72:15013|client:10.1.0.72:15012|dataStream:10.1.0.72:15015|priority:0|startupRole:FOLLOWER]|listeners:[], old=null
2023-09-08 11:16:33,679 [89f84e8b-2e80-4453-8736-c86c7ce839d9@group-628FFE3070B6-FollowerState] INFO  impl.FollowerState (FollowerState.java:run(152)) - 89f84e8b-2e80-4453-8736-c86c7ce839d9@group-628FFE3070B6-FollowerState was interrupted
2023-09-08 11:16:33,683 [grpc-default-executor-1] INFO  server.RaftServer$Division (RaftServerImpl.java:requestVote(1302)) - f2514b4c-a867-463f-8d84-f95d86e9803a@group-628FFE3070B6: receive requestVote(PRE_VOTE, a3bbae93-4dbd-48a8-b7ec-9de03e51f535, group-628FFE3070B6, 0, (t:0, i:0))
2023-09-08 11:16:33,684 [grpc-default-executor-1] INFO  impl.VoteContext (VoteContext.java:log(49)) - f2514b4c-a867-463f-8d84-f95d86e9803a@group-628FFE3070B6-FOLLOWER: accept PRE_VOTE from a3bbae93-4dbd-48a8-b7ec-9de03e51f535: our priority 0 <= candidate's priority 1
2023-09-08 11:16:33,685 [grpc-default-executor-1] INFO  server.RaftServer$Division (RaftServerImpl.java:requestVote(1335)) - f2514b4c-a867-463f-8d84-f95d86e9803a@group-628FFE3070B6 replies to PRE_VOTE vote request: a3bbae93-4dbd-48a8-b7ec-9de03e51f535<-f2514b4c-a867-463f-8d84-f95d86e9803a#0:OK-t0. Peer's state: f2514b4c-a867-463f-8d84-f95d86e9803a@group-628FFE3070B6:t0, leader=null, voted=, raftlog=Memoized:f2514b4c-a867-463f-8d84-f95d86e9803a@group-628FFE3070B6-SegmentedRaftLog:OPENED:c-1, conf=-1: peers:[89f84e8b-2e80-4453-8736-c86c7ce839d9|rpc:10.1.0.72:15032|admin:10.1.0.72:15031|client:10.1.0.72:15030|dataStream:10.1.0.72:15033|priority:0|startupRole:FOLLOWER, a3bbae93-4dbd-48a8-b7ec-9de03e51f535|rpc:10.1.0.72:15023|admin:10.1.0.72:15022|client:10.1.0.72:15021|dataStream:10.1.0.72:15024|priority:1|startupRole:FOLLOWER, f2514b4c-a867-463f-8d84-f95d86e9803a|rpc:10.1.0.72:15014|admin:10.1.0.72:15013|client:10.1.0.72:15012|dataStream:10.1.0.72:15015|priority:0|startupRole:FOLLOWER]|listeners:[], old=null
2023-09-08 11:16:33,687 [grpc-default-executor-2] INFO  server.RaftServer$Division (RaftServerImpl.java:requestVote(1302)) - f2514b4c-a867-463f-8d84-f95d86e9803a@group-628FFE3070B6: receive requestVote(ELECTION, a3bbae93-4dbd-48a8-b7ec-9de03e51f535, group-628FFE3070B6, 1, (t:0, i:0))
2023-09-08 11:16:33,687 [grpc-default-executor-2] INFO  impl.VoteContext (VoteContext.java:log(49)) - f2514b4c-a867-463f-8d84-f95d86e9803a@group-628FFE3070B6-FOLLOWER: accept ELECTION from a3bbae93-4dbd-48a8-b7ec-9de03e51f535: our priority 0 <= candidate's priority 1
2023-09-08 11:16:33,688 [grpc-default-executor-2] INFO  server.RaftServer$Division (RaftServerImpl.java:setRole(329)) - f2514b4c-a867-463f-8d84-f95d86e9803a@group-628FFE3070B6: changes role from  FOLLOWER to FOLLOWER at term 1 for candidate:a3bbae93-4dbd-48a8-b7ec-9de03e51f535
2023-09-08 11:16:33,688 [grpc-default-executor-2] INFO  impl.RoleInfo (RoleInfo.java:shutdownFollowerState(110)) - f2514b4c-a867-463f-8d84-f95d86e9803a: shutdown f2514b4c-a867-463f-8d84-f95d86e9803a@group-628FFE3070B6-FollowerState
2023-09-08 11:16:33,688 [f2514b4c-a867-463f-8d84-f95d86e9803a@group-628FFE3070B6-FollowerState] INFO  impl.FollowerState (FollowerState.java:run(152)) - f2514b4c-a867-463f-8d84-f95d86e9803a@group-628FFE3070B6-FollowerState was interrupted
2023-09-08 11:16:33,691 [grpc-default-executor-2] INFO  impl.RoleInfo (RoleInfo.java:updateAndGet(139)) - f2514b4c-a867-463f-8d84-f95d86e9803a: start f2514b4c-a867-463f-8d84-f95d86e9803a@group-628FFE3070B6-FollowerState
2023-09-08 11:16:33,695 [grpc-default-executor-2] INFO  server.RaftServer$Division (RaftServerImpl.java:requestVote(1335)) - f2514b4c-a867-463f-8d84-f95d86e9803a@group-628FFE3070B6 replies to ELECTION vote request: a3bbae93-4dbd-48a8-b7ec-9de03e51f535<-f2514b4c-a867-463f-8d84-f95d86e9803a#0:OK-t1. Peer's state: f2514b4c-a867-463f-8d84-f95d86e9803a@group-628FFE3070B6:t1, leader=null, voted=a3bbae93-4dbd-48a8-b7ec-9de03e51f535, raftlog=Memoized:f2514b4c-a867-463f-8d84-f95d86e9803a@group-628FFE3070B6-SegmentedRaftLog:OPENED:c-1, conf=-1: peers:[89f84e8b-2e80-4453-8736-c86c7ce839d9|rpc:10.1.0.72:15032|admin:10.1.0.72:15031|client:10.1.0.72:15030|dataStream:10.1.0.72:15033|priority:0|startupRole:FOLLOWER, a3bbae93-4dbd-48a8-b7ec-9de03e51f535|rpc:10.1.0.72:15023|admin:10.1.0.72:15022|client:10.1.0.72:15021|dataStream:10.1.0.72:15024|priority:1|startupRole:FOLLOWER, f2514b4c-a867-463f-8d84-f95d86e9803a|rpc:10.1.0.72:15014|admin:10.1.0.72:15013|client:10.1.0.72:15012|dataStream:10.1.0.72:15015|priority:0|startupRole:FOLLOWER]|listeners:[], old=null
2023-09-08 11:16:33,698 [a3bbae93-4dbd-48a8-b7ec-9de03e51f535@group-628FFE3070B6-LeaderElection6] INFO  impl.LeaderElection (LeaderElection.java:logAndReturn(90)) - a3bbae93-4dbd-48a8-b7ec-9de03e51f535@group-628FFE3070B6-LeaderElection6: ELECTION PASSED received 1 response(s) and 0 exception(s):
2023-09-08 11:16:33,698 [a3bbae93-4dbd-48a8-b7ec-9de03e51f535@group-628FFE3070B6-LeaderElection6] INFO  impl.LeaderElection (LeaderElection.java:logAndReturn(94)) -   Response 0: a3bbae93-4dbd-48a8-b7ec-9de03e51f535<-89f84e8b-2e80-4453-8736-c86c7ce839d9#0:OK-t1
2023-09-08 11:16:33,698 [a3bbae93-4dbd-48a8-b7ec-9de03e51f535@group-628FFE3070B6-LeaderElection6] INFO  impl.LeaderElection (LeaderElection.java:askForVotes(323)) - a3bbae93-4dbd-48a8-b7ec-9de03e51f535@group-628FFE3070B6-LeaderElection6 ELECTION round 0: result PASSED
2023-09-08 11:16:33,698 [a3bbae93-4dbd-48a8-b7ec-9de03e51f535@group-628FFE3070B6-LeaderElection6] INFO  impl.RoleInfo (RoleInfo.java:shutdownLeaderElection(130)) - a3bbae93-4dbd-48a8-b7ec-9de03e51f535: shutdown a3bbae93-4dbd-48a8-b7ec-9de03e51f535@group-628FFE3070B6-LeaderElection6
2023-09-08 11:16:33,698 [a3bbae93-4dbd-48a8-b7ec-9de03e51f535@group-628FFE3070B6-LeaderElection6] INFO  server.RaftServer$Division (RaftServerImpl.java:setRole(329)) - a3bbae93-4dbd-48a8-b7ec-9de03e51f535@group-628FFE3070B6: changes role from CANDIDATE to LEADER at term 1 for changeToLeader
2023-09-08 11:16:33,698 [a3bbae93-4dbd-48a8-b7ec-9de03e51f535@group-628FFE3070B6-LeaderElection6] INFO  ratis.XceiverServerRatis (XceiverServerRatis.java:handleLeaderChangedNotification(902)) - Leader change notification received for group: group-628FFE3070B6 with new leaderId: a3bbae93-4dbd-48a8-b7ec-9de03e51f535
2023-09-08 11:16:33,708 [a3bbae93-4dbd-48a8-b7ec-9de03e51f535@group-628FFE3070B6-LeaderElection6] INFO  server.RaftServer$Division (ServerState.java:setLeader(317)) - a3bbae93-4dbd-48a8-b7ec-9de03e51f535@group-628FFE3070B6: change Leader from null to a3bbae93-4dbd-48a8-b7ec-9de03e51f535 at term 1 for becomeLeader, leader elected after 5656ms
2023-09-08 11:16:33,708 [a3bbae93-4dbd-48a8-b7ec-9de03e51f535@group-628FFE3070B6-LeaderElection6] INFO  server.RaftServerConfigKeys (ConfUtils.java:logGet(46)) - raft.server.staging.catchup.gap = 1000 (default)
2023-09-08 11:16:33,709 [a3bbae93-4dbd-48a8-b7ec-9de03e51f535@group-628FFE3070B6-LeaderElection6] INFO  server.RaftServerConfigKeys (ConfUtils.java:logGet(46)) - raft.server.write.element-limit = 1024 (custom)
2023-09-08 11:16:33,709 [a3bbae93-4dbd-48a8-b7ec-9de03e51f535@group-628FFE3070B6-LeaderElection6] INFO  server.RaftServerConfigKeys (ConfUtils.java:logGet(46)) - raft.server.write.byte-limit = 1024 M (=1073741824) (custom)
2023-09-08 11:16:33,711 [a3bbae93-4dbd-48a8-b7ec-9de03e51f535@group-628FFE3070B6-LeaderElection6] INFO  server.RaftServerConfigKeys (ConfUtils.java:logGet(46)) - raft.server.watch.timeout = 180s (custom)
2023-09-08 11:16:33,711 [a3bbae93-4dbd-48a8-b7ec-9de03e51f535@group-628FFE3070B6-LeaderElection6] INFO  server.RaftServerConfigKeys (ConfUtils.java:logGet(46)) - raft.server.watch.timeout.denomination = 1s (default)
2023-09-08 11:16:33,711 [a3bbae93-4dbd-48a8-b7ec-9de03e51f535@group-628FFE3070B6-LeaderElection6] INFO  server.RaftServerConfigKeys (ConfUtils.java:logGet(46)) - raft.server.watch.element-limit = 65536 (default)
2023-09-08 11:16:33,711 [a3bbae93-4dbd-48a8-b7ec-9de03e51f535@group-628FFE3070B6-LeaderElection6] INFO  server.RaftServerConfigKeys (ConfUtils.java:logGet(46)) - raft.server.write.element-limit = 1024 (custom)
2023-09-08 11:16:33,711 [a3bbae93-4dbd-48a8-b7ec-9de03e51f535@group-628FFE3070B6-LeaderElection6] INFO  server.RaftServerConfigKeys (ConfUtils.java:logGet(46)) - raft.server.write.follower.gap.ratio.max = -1.0 (default)
2023-09-08 11:16:33,713 [EventQueue-PipelineReportForPipelineReportHandler] INFO  pipeline.PipelineReportHandler (PipelineReportHandler.java:processPipelineReport(136)) - Opened pipeline PipelineID=60d6c62b-63e3-4ed9-8629-628ffe3070b6
2023-09-08 11:16:33,714 [EventQueue-OpenPipelineForHealthyPipelineSafeModeRule] INFO  safemode.SCMSafeModeManager (HealthyPipelineSafeModeRule.java:process(137)) - SCM in safe mode. Healthy pipelines reported count is 1, required healthy pipeline reported count is 1
2023-09-08 11:16:33,715 [EventQueue-OpenPipelineForHealthyPipelineSafeModeRule] INFO  safemode.SCMSafeModeManager (SCMSafeModeManager.java:validateSafeModeExitRules(200)) - HealthyPipelineSafeModeRule rule is successfully validated
2023-09-08 11:16:33,715 [EventQueue-OpenPipelineForHealthyPipelineSafeModeRule] INFO  safemode.SCMSafeModeManager (SCMSafeModeManager.java:validateSafeModeExitRules(215)) - ScmSafeModeManager, all rules are successfully validated
2023-09-08 11:16:33,715 [EventQueue-OpenPipelineForHealthyPipelineSafeModeRule] INFO  safemode.SCMSafeModeManager (SCMSafeModeManager.java:exitSafeMode(244)) - SCM exiting safe mode.
2023-09-08 11:16:33,715 [EventQueue-OpenPipelineForHealthyPipelineSafeModeRule] INFO  ha.SCMContext (SCMContext.java:updateSafeModeStatus(228)) - Update SafeModeStatus from SafeModeStatus{safeModeStatus=true, preCheckPassed=true} to SafeModeStatus{safeModeStatus=false, preCheckPassed=true}.
2023-09-08 11:16:33,715 [EventQueue-OpenPipelineForHealthyPipelineSafeModeRule] INFO  pipeline.BackgroundPipelineCreator (BackgroundPipelineCreator.java:notifyStatusChanged(255)) - Service BackgroundPipelineCreator transitions to RUNNING.
2023-09-08 11:16:33,715 [EventQueue-OpenPipelineForHealthyPipelineSafeModeRule] INFO  BackgroundPipelineScrubber (BackgroundSCMService.java:notifyStatusChanged(82)) - Service BackgroundPipelineScrubber transitions to RUNNING.
2023-09-08 11:16:33,715 [EventQueue-OpenPipelineForHealthyPipelineSafeModeRule] INFO  ExpiredContainerReplicaOpScrubber (BackgroundSCMService.java:notifyStatusChanged(82)) - Service ExpiredContainerReplicaOpScrubber transitions to RUNNING.
2023-09-08 11:16:33,715 [EventQueue-OpenPipelineForHealthyPipelineSafeModeRule] INFO  replication.ReplicationManager (ReplicationManager.java:notifyStatusChanged(1370)) - Service ReplicationManager transitions to RUNNING.
2023-09-08 11:16:33,719 [EventQueue-OpenPipelineForHealthyPipelineSafeModeRule] WARN  balancer.ContainerBalancer (ContainerBalancer.java:shouldRun(134)) - Could not find persisted configuration for ContainerBalancer when checking if ContainerBalancer should run. ContainerBalancer should not run now.
2023-09-08 11:16:33,731 [a3bbae93-4dbd-48a8-b7ec-9de03e51f535@group-628FFE3070B6-LeaderElection6] INFO  server.RaftServerConfigKeys (ConfUtils.java:logGet(46)) - raft.server.log.appender.snapshot.chunk.size.max = 16MB (=16777216) (default)
2023-09-08 11:16:33,732 [a3bbae93-4dbd-48a8-b7ec-9de03e51f535@group-628FFE3070B6-LeaderElection6] INFO  server.RaftServerConfigKeys (ConfUtils.java:logGet(46)) - raft.server.log.appender.buffer.byte-limit = 33554432 (custom)
2023-09-08 11:16:33,732 [a3bbae93-4dbd-48a8-b7ec-9de03e51f535@group-628FFE3070B6-LeaderElection6] INFO  server.RaftServerConfigKeys (ConfUtils.java:logGet(46)) - raft.server.log.appender.buffer.element-limit = 1 (custom)
2023-09-08 11:16:33,735 [a3bbae93-4dbd-48a8-b7ec-9de03e51f535@group-628FFE3070B6-LeaderElection6] INFO  server.RaftServerConfigKeys (ConfUtils.java:logGet(46)) - raft.server.log.appender.wait-time.min = 10ms (default)
2023-09-08 11:16:33,736 [a3bbae93-4dbd-48a8-b7ec-9de03e51f535@group-628FFE3070B6-LeaderElection6] INFO  grpc.GrpcConfigKeys (ConfUtils.java:logGet(46)) - raft.grpc.server.leader.outstanding.appends.max = 128 (default)
2023-09-08 11:16:33,736 [a3bbae93-4dbd-48a8-b7ec-9de03e51f535@group-628FFE3070B6-LeaderElection6] INFO  server.RaftServerConfigKeys (ConfUtils.java:logGet(46)) - raft.server.rpc.request.timeout = 60s (custom)
2023-09-08 11:16:33,736 [a3bbae93-4dbd-48a8-b7ec-9de03e51f535@group-628FFE3070B6-LeaderElection6] INFO  grpc.GrpcConfigKeys (ConfUtils.java:logGet(46)) - raft.grpc.server.install_snapshot.request.element-limit = 8 (default)
2023-09-08 11:16:33,737 [a3bbae93-4dbd-48a8-b7ec-9de03e51f535@group-628FFE3070B6-LeaderElection6] INFO  grpc.GrpcConfigKeys (ConfUtils.java:logGet(46)) - raft.grpc.server.install_snapshot.request.timeout = 3000ms (default)
2023-09-08 11:16:33,737 [a3bbae93-4dbd-48a8-b7ec-9de03e51f535@group-628FFE3070B6-LeaderElection6] INFO  server.RaftServerConfigKeys (ConfUtils.java:logGet(46)) - raft.server.log.appender.install.snapshot.enabled = false (custom)
2023-09-08 11:16:33,737 [a3bbae93-4dbd-48a8-b7ec-9de03e51f535@group-628FFE3070B6-LeaderElection6] INFO  grpc.GrpcConfigKeys (ConfUtils.java:logGet(46)) - raft.grpc.server.heartbeat.channel = true (default)
2023-09-08 11:16:33,739 [a3bbae93-4dbd-48a8-b7ec-9de03e51f535@group-628FFE3070B6-LeaderElection6] INFO  server.RaftServerConfigKeys (ConfUtils.java:logGet(46)) - raft.server.log.appender.snapshot.chunk.size.max = 16MB (=16777216) (default)
2023-09-08 11:16:33,740 [a3bbae93-4dbd-48a8-b7ec-9de03e51f535@group-628FFE3070B6-LeaderElection6] INFO  server.RaftServerConfigKeys (ConfUtils.java:logGet(46)) - raft.server.log.appender.buffer.byte-limit = 33554432 (custom)
2023-09-08 11:16:33,740 [a3bbae93-4dbd-48a8-b7ec-9de03e51f535@group-628FFE3070B6-LeaderElection6] INFO  server.RaftServerConfigKeys (ConfUtils.java:logGet(46)) - raft.server.log.appender.buffer.element-limit = 1 (custom)
2023-09-08 11:16:33,740 [a3bbae93-4dbd-48a8-b7ec-9de03e51f535@group-628FFE3070B6-LeaderElection6] INFO  server.RaftServerConfigKeys (ConfUtils.java:logGet(46)) - raft.server.log.appender.wait-time.min = 10ms (default)
2023-09-08 11:16:33,740 [a3bbae93-4dbd-48a8-b7ec-9de03e51f535@group-628FFE3070B6-LeaderElection6] INFO  grpc.GrpcConfigKeys (ConfUtils.java:logGet(46)) - raft.grpc.server.leader.outstanding.appends.max = 128 (default)
2023-09-08 11:16:33,740 [a3bbae93-4dbd-48a8-b7ec-9de03e51f535@group-628FFE3070B6-LeaderElection6] INFO  server.RaftServerConfigKeys (ConfUtils.java:logGet(46)) - raft.server.rpc.request.timeout = 60s (custom)
2023-09-08 11:16:33,740 [a3bbae93-4dbd-48a8-b7ec-9de03e51f535@group-628FFE3070B6-LeaderElection6] INFO  grpc.GrpcConfigKeys (ConfUtils.java:logGet(46)) - raft.grpc.server.install_snapshot.request.element-limit = 8 (default)
2023-09-08 11:16:33,740 [a3bbae93-4dbd-48a8-b7ec-9de03e51f535@group-628FFE3070B6-LeaderElection6] INFO  grpc.GrpcConfigKeys (ConfUtils.java:logGet(46)) - raft.grpc.server.install_snapshot.request.timeout = 3000ms (default)
2023-09-08 11:16:33,740 [a3bbae93-4dbd-48a8-b7ec-9de03e51f535@group-628FFE3070B6-LeaderElection6] INFO  server.RaftServerConfigKeys (ConfUtils.java:logGet(46)) - raft.server.log.appender.install.snapshot.enabled = false (custom)
2023-09-08 11:16:33,740 [a3bbae93-4dbd-48a8-b7ec-9de03e51f535@group-628FFE3070B6-LeaderElection6] INFO  grpc.GrpcConfigKeys (ConfUtils.java:logGet(46)) - raft.grpc.server.heartbeat.channel = true (default)
2023-09-08 11:16:33,741 [a3bbae93-4dbd-48a8-b7ec-9de03e51f535@group-628FFE3070B6-LeaderElection6] INFO  impl.RoleInfo (RoleInfo.java:updateAndGet(139)) - a3bbae93-4dbd-48a8-b7ec-9de03e51f535: start a3bbae93-4dbd-48a8-b7ec-9de03e51f535@group-628FFE3070B6-LeaderStateImpl
2023-09-08 11:16:33,742 [a3bbae93-4dbd-48a8-b7ec-9de03e51f535@group-628FFE3070B6-LeaderElection6] INFO  segmented.SegmentedRaftLogWorker (SegmentedRaftLogWorker.java:startLogSegment(447)) - a3bbae93-4dbd-48a8-b7ec-9de03e51f535@group-628FFE3070B6-SegmentedRaftLogWorker: Starting segment from index:0
2023-09-08 11:16:33,745 [a3bbae93-4dbd-48a8-b7ec-9de03e51f535@group-628FFE3070B6-SegmentedRaftLogWorker] INFO  segmented.SegmentedRaftLogWorker (SegmentedRaftLogWorker.java:execute(651)) - a3bbae93-4dbd-48a8-b7ec-9de03e51f535@group-628FFE3070B6-SegmentedRaftLogWorker: created new log segment /home/runner/work/ozone/ozone/hadoop-ozone/integration-test/target/test-dir/MiniOzoneClusterImpl-4b7384aa-5f33-426b-b021-b584800a716a/datanode-1/data/ratis/60d6c62b-63e3-4ed9-8629-628ffe3070b6/current/log_inprogress_0
2023-09-08 11:16:33,757 [a3bbae93-4dbd-48a8-b7ec-9de03e51f535@group-628FFE3070B6-LeaderElection6] INFO  server.RaftServer$Division (ServerState.java:setRaftConf(434)) - a3bbae93-4dbd-48a8-b7ec-9de03e51f535@group-628FFE3070B6: set configuration 0: peers:[89f84e8b-2e80-4453-8736-c86c7ce839d9|rpc:10.1.0.72:15032|admin:10.1.0.72:15031|client:10.1.0.72:15030|dataStream:10.1.0.72:15033|priority:0|startupRole:FOLLOWER, a3bbae93-4dbd-48a8-b7ec-9de03e51f535|rpc:10.1.0.72:15023|admin:10.1.0.72:15022|client:10.1.0.72:15021|dataStream:10.1.0.72:15024|priority:1|startupRole:FOLLOWER, f2514b4c-a867-463f-8d84-f95d86e9803a|rpc:10.1.0.72:15014|admin:10.1.0.72:15013|client:10.1.0.72:15012|dataStream:10.1.0.72:15015|priority:0|startupRole:FOLLOWER]|listeners:[], old=null
2023-09-08 11:16:33,816 [f2514b4c-a867-463f-8d84-f95d86e9803a-server-thread1] INFO  ratis.XceiverServerRatis (XceiverServerRatis.java:handleLeaderChangedNotification(902)) - Leader change notification received for group: group-628FFE3070B6 with new leaderId: a3bbae93-4dbd-48a8-b7ec-9de03e51f535
2023-09-08 11:16:33,816 [f2514b4c-a867-463f-8d84-f95d86e9803a-server-thread1] INFO  server.RaftServer$Division (ServerState.java:setLeader(317)) - f2514b4c-a867-463f-8d84-f95d86e9803a@group-628FFE3070B6: change Leader from null to a3bbae93-4dbd-48a8-b7ec-9de03e51f535 at term 1 for appendEntries, leader elected after 6219ms
2023-09-08 11:16:33,821 [89f84e8b-2e80-4453-8736-c86c7ce839d9-server-thread1] INFO  ratis.XceiverServerRatis (XceiverServerRatis.java:handleLeaderChangedNotification(902)) - Leader change notification received for group: group-628FFE3070B6 with new leaderId: a3bbae93-4dbd-48a8-b7ec-9de03e51f535
2023-09-08 11:16:33,822 [89f84e8b-2e80-4453-8736-c86c7ce839d9-server-thread1] INFO  server.RaftServer$Division (ServerState.java:setLeader(317)) - 89f84e8b-2e80-4453-8736-c86c7ce839d9@group-628FFE3070B6: change Leader from null to a3bbae93-4dbd-48a8-b7ec-9de03e51f535 at term 1 for appendEntries, leader elected after 5311ms
2023-09-08 11:16:33,824 [f2514b4c-a867-463f-8d84-f95d86e9803a-server-thread1] INFO  server.RaftServer$Division (ServerState.java:setRaftConf(434)) - f2514b4c-a867-463f-8d84-f95d86e9803a@group-628FFE3070B6: set configuration 0: peers:[89f84e8b-2e80-4453-8736-c86c7ce839d9|rpc:10.1.0.72:15032|admin:10.1.0.72:15031|client:10.1.0.72:15030|dataStream:10.1.0.72:15033|priority:0|startupRole:FOLLOWER, a3bbae93-4dbd-48a8-b7ec-9de03e51f535|rpc:10.1.0.72:15023|admin:10.1.0.72:15022|client:10.1.0.72:15021|dataStream:10.1.0.72:15024|priority:1|startupRole:FOLLOWER, f2514b4c-a867-463f-8d84-f95d86e9803a|rpc:10.1.0.72:15014|admin:10.1.0.72:15013|client:10.1.0.72:15012|dataStream:10.1.0.72:15015|priority:0|startupRole:FOLLOWER]|listeners:[], old=null
2023-09-08 11:16:33,825 [f2514b4c-a867-463f-8d84-f95d86e9803a-server-thread1] INFO  segmented.SegmentedRaftLogWorker (SegmentedRaftLogWorker.java:startLogSegment(447)) - f2514b4c-a867-463f-8d84-f95d86e9803a@group-628FFE3070B6-SegmentedRaftLogWorker: Starting segment from index:0
2023-09-08 11:16:33,835 [89f84e8b-2e80-4453-8736-c86c7ce839d9-server-thread2] INFO  server.RaftServer$Division (ServerState.java:setRaftConf(434)) - 89f84e8b-2e80-4453-8736-c86c7ce839d9@group-628FFE3070B6: set configuration 0: peers:[89f84e8b-2e80-4453-8736-c86c7ce839d9|rpc:10.1.0.72:15032|admin:10.1.0.72:15031|client:10.1.0.72:15030|dataStream:10.1.0.72:15033|priority:0|startupRole:FOLLOWER, a3bbae93-4dbd-48a8-b7ec-9de03e51f535|rpc:10.1.0.72:15023|admin:10.1.0.72:15022|client:10.1.0.72:15021|dataStream:10.1.0.72:15024|priority:1|startupRole:FOLLOWER, f2514b4c-a867-463f-8d84-f95d86e9803a|rpc:10.1.0.72:15014|admin:10.1.0.72:15013|client:10.1.0.72:15012|dataStream:10.1.0.72:15015|priority:0|startupRole:FOLLOWER]|listeners:[], old=null
2023-09-08 11:16:33,836 [89f84e8b-2e80-4453-8736-c86c7ce839d9-server-thread2] INFO  segmented.SegmentedRaftLogWorker (SegmentedRaftLogWorker.java:startLogSegment(447)) - 89f84e8b-2e80-4453-8736-c86c7ce839d9@group-628FFE3070B6-SegmentedRaftLogWorker: Starting segment from index:0
2023-09-08 11:16:33,838 [f2514b4c-a867-463f-8d84-f95d86e9803a@group-628FFE3070B6-SegmentedRaftLogWorker] INFO  segmented.SegmentedRaftLogWorker (SegmentedRaftLogWorker.java:execute(651)) - f2514b4c-a867-463f-8d84-f95d86e9803a@group-628FFE3070B6-SegmentedRaftLogWorker: created new log segment /home/runner/work/ozone/ozone/hadoop-ozone/integration-test/target/test-dir/MiniOzoneClusterImpl-4b7384aa-5f33-426b-b021-b584800a716a/datanode-0/data/ratis/60d6c62b-63e3-4ed9-8629-628ffe3070b6/current/log_inprogress_0
2023-09-08 11:16:33,838 [89f84e8b-2e80-4453-8736-c86c7ce839d9@group-628FFE3070B6-SegmentedRaftLogWorker] INFO  segmented.SegmentedRaftLogWorker (SegmentedRaftLogWorker.java:execute(651)) - 89f84e8b-2e80-4453-8736-c86c7ce839d9@group-628FFE3070B6-SegmentedRaftLogWorker: created new log segment /home/runner/work/ozone/ozone/hadoop-ozone/integration-test/target/test-dir/MiniOzoneClusterImpl-4b7384aa-5f33-426b-b021-b584800a716a/datanode-2/data/ratis/60d6c62b-63e3-4ed9-8629-628ffe3070b6/current/log_inprogress_0
2023-09-08 11:16:33,909 [d33cef6e-fa1d-4bba-bddd-0d189def30bc@group-0CE59774A31B-FollowerState] INFO  impl.FollowerState (FollowerState.java:run(143)) - d33cef6e-fa1d-4bba-bddd-0d189def30bc@group-0CE59774A31B-FollowerState: change to CANDIDATE, lastRpcElapsedTime:5097436685ns, electionTimeout:5096ms
2023-09-08 11:16:33,909 [d33cef6e-fa1d-4bba-bddd-0d189def30bc@group-0CE59774A31B-FollowerState] INFO  impl.RoleInfo (RoleInfo.java:shutdownFollowerState(110)) - d33cef6e-fa1d-4bba-bddd-0d189def30bc: shutdown d33cef6e-fa1d-4bba-bddd-0d189def30bc@group-0CE59774A31B-FollowerState
2023-09-08 11:16:33,909 [d33cef6e-fa1d-4bba-bddd-0d189def30bc@group-0CE59774A31B-FollowerState] INFO  server.RaftServer$Division (RaftServerImpl.java:setRole(329)) - d33cef6e-fa1d-4bba-bddd-0d189def30bc@group-0CE59774A31B: changes role from  FOLLOWER to CANDIDATE at term 0 for changeToCandidate
2023-09-08 11:16:33,911 [d33cef6e-fa1d-4bba-bddd-0d189def30bc@group-0CE59774A31B-FollowerState] INFO  server.RaftServerConfigKeys (ConfUtils.java:logGet(46)) - raft.server.leaderelection.pre-vote = true (default)
2023-09-08 11:16:33,911 [d33cef6e-fa1d-4bba-bddd-0d189def30bc@group-0CE59774A31B-FollowerState] INFO  impl.RoleInfo (RoleInfo.java:updateAndGet(139)) - d33cef6e-fa1d-4bba-bddd-0d189def30bc: start d33cef6e-fa1d-4bba-bddd-0d189def30bc@group-0CE59774A31B-LeaderElection7
2023-09-08 11:16:33,913 [d33cef6e-fa1d-4bba-bddd-0d189def30bc@group-0CE59774A31B-LeaderElection7] INFO  impl.LeaderElection (LeaderElection.java:askForVotes(321)) - d33cef6e-fa1d-4bba-bddd-0d189def30bc@group-0CE59774A31B-LeaderElection7 PRE_VOTE round 0: submit vote requests at term 0 for -1: peers:[d33cef6e-fa1d-4bba-bddd-0d189def30bc|rpc:10.1.0.72:15041|admin:10.1.0.72:15040|client:10.1.0.72:15039|dataStream:10.1.0.72:15042|priority:1|startupRole:FOLLOWER]|listeners:[], old=null
2023-09-08 11:16:33,913 [d33cef6e-fa1d-4bba-bddd-0d189def30bc@group-0CE59774A31B-LeaderElection7] INFO  impl.LeaderElection (LeaderElection.java:askForVotes(323)) - d33cef6e-fa1d-4bba-bddd-0d189def30bc@group-0CE59774A31B-LeaderElection7 PRE_VOTE round 0: result PASSED (term=0)
2023-09-08 11:16:33,915 [d33cef6e-fa1d-4bba-bddd-0d189def30bc@group-0CE59774A31B-LeaderElection7] INFO  impl.LeaderElection (LeaderElection.java:askForVotes(321)) - d33cef6e-fa1d-4bba-bddd-0d189def30bc@group-0CE59774A31B-LeaderElection7 ELECTION round 0: submit vote requests at term 1 for -1: peers:[d33cef6e-fa1d-4bba-bddd-0d189def30bc|rpc:10.1.0.72:15041|admin:10.1.0.72:15040|client:10.1.0.72:15039|dataStream:10.1.0.72:15042|priority:1|startupRole:FOLLOWER]|listeners:[], old=null
2023-09-08 11:16:33,915 [d33cef6e-fa1d-4bba-bddd-0d189def30bc@group-0CE59774A31B-LeaderElection7] INFO  impl.LeaderElection (LeaderElection.java:askForVotes(323)) - d33cef6e-fa1d-4bba-bddd-0d189def30bc@group-0CE59774A31B-LeaderElection7 ELECTION round 0: result PASSED (term=1)
2023-09-08 11:16:33,915 [d33cef6e-fa1d-4bba-bddd-0d189def30bc@group-0CE59774A31B-LeaderElection7] INFO  impl.RoleInfo (RoleInfo.java:shutdownLeaderElection(130)) - d33cef6e-fa1d-4bba-bddd-0d189def30bc: shutdown d33cef6e-fa1d-4bba-bddd-0d189def30bc@group-0CE59774A31B-LeaderElection7
2023-09-08 11:16:33,915 [d33cef6e-fa1d-4bba-bddd-0d189def30bc@group-0CE59774A31B-LeaderElection7] INFO  server.RaftServer$Division (RaftServerImpl.java:setRole(329)) - d33cef6e-fa1d-4bba-bddd-0d189def30bc@group-0CE59774A31B: changes role from CANDIDATE to LEADER at term 1 for changeToLeader
2023-09-08 11:16:33,915 [d33cef6e-fa1d-4bba-bddd-0d189def30bc@group-0CE59774A31B-LeaderElection7] INFO  ratis.XceiverServerRatis (XceiverServerRatis.java:handleLeaderChangedNotification(902)) - Leader change notification received for group: group-0CE59774A31B with new leaderId: d33cef6e-fa1d-4bba-bddd-0d189def30bc
2023-09-08 11:16:33,916 [d33cef6e-fa1d-4bba-bddd-0d189def30bc@group-0CE59774A31B-LeaderElection7] INFO  server.RaftServer$Division (ServerState.java:setLeader(317)) - d33cef6e-fa1d-4bba-bddd-0d189def30bc@group-0CE59774A31B: change Leader from null to d33cef6e-fa1d-4bba-bddd-0d189def30bc at term 1 for becomeLeader, leader elected after 5159ms
2023-09-08 11:16:33,916 [d33cef6e-fa1d-4bba-bddd-0d189def30bc@group-0CE59774A31B-LeaderElection7] INFO  server.RaftServerConfigKeys (ConfUtils.java:logGet(46)) - raft.server.staging.catchup.gap = 1000 (default)
2023-09-08 11:16:33,917 [d33cef6e-fa1d-4bba-bddd-0d189def30bc@group-0CE59774A31B-LeaderElection7] INFO  server.RaftServerConfigKeys (ConfUtils.java:logGet(46)) - raft.server.write.element-limit = 1024 (custom)
2023-09-08 11:16:33,918 [d33cef6e-fa1d-4bba-bddd-0d189def30bc@group-0CE59774A31B-LeaderElection7] INFO  server.RaftServerConfigKeys (ConfUtils.java:logGet(46)) - raft.server.write.byte-limit = 1024 M (=1073741824) (custom)
2023-09-08 11:16:33,918 [d33cef6e-fa1d-4bba-bddd-0d189def30bc@group-0CE59774A31B-LeaderElection7] INFO  server.RaftServerConfigKeys (ConfUtils.java:logGet(46)) - raft.server.watch.timeout = 180s (custom)
2023-09-08 11:16:33,921 [d33cef6e-fa1d-4bba-bddd-0d189def30bc@group-0CE59774A31B-LeaderElection7] INFO  server.RaftServerConfigKeys (ConfUtils.java:logGet(46)) - raft.server.watch.timeout.denomination = 1s (default)
2023-09-08 11:16:33,921 [d33cef6e-fa1d-4bba-bddd-0d189def30bc@group-0CE59774A31B-LeaderElection7] INFO  server.RaftServerConfigKeys (ConfUtils.java:logGet(46)) - raft.server.watch.element-limit = 65536 (default)
2023-09-08 11:16:33,922 [d33cef6e-fa1d-4bba-bddd-0d189def30bc@group-0CE59774A31B-LeaderElection7] INFO  server.RaftServerConfigKeys (ConfUtils.java:logGet(46)) - raft.server.write.element-limit = 1024 (custom)
2023-09-08 11:16:33,922 [d33cef6e-fa1d-4bba-bddd-0d189def30bc@group-0CE59774A31B-LeaderElection7] INFO  server.RaftServerConfigKeys (ConfUtils.java:logGet(46)) - raft.server.write.follower.gap.ratio.max = -1.0 (default)
2023-09-08 11:16:33,922 [d33cef6e-fa1d-4bba-bddd-0d189def30bc@group-0CE59774A31B-LeaderElection7] INFO  impl.RoleInfo (RoleInfo.java:updateAndGet(139)) - d33cef6e-fa1d-4bba-bddd-0d189def30bc: start d33cef6e-fa1d-4bba-bddd-0d189def30bc@group-0CE59774A31B-LeaderStateImpl
2023-09-08 11:16:33,922 [d33cef6e-fa1d-4bba-bddd-0d189def30bc@group-0CE59774A31B-LeaderElection7] INFO  segmented.SegmentedRaftLogWorker (SegmentedRaftLogWorker.java:startLogSegment(447)) - d33cef6e-fa1d-4bba-bddd-0d189def30bc@group-0CE59774A31B-SegmentedRaftLogWorker: Starting segment from index:0
2023-09-08 11:16:33,924 [d33cef6e-fa1d-4bba-bddd-0d189def30bc@group-0CE59774A31B-LeaderElection7] INFO  server.RaftServer$Division (ServerState.java:setRaftConf(434)) - d33cef6e-fa1d-4bba-bddd-0d189def30bc@group-0CE59774A31B: set configuration 0: peers:[d33cef6e-fa1d-4bba-bddd-0d189def30bc|rpc:10.1.0.72:15041|admin:10.1.0.72:15040|client:10.1.0.72:15039|dataStream:10.1.0.72:15042|priority:1|startupRole:FOLLOWER]|listeners:[], old=null
2023-09-08 11:16:33,925 [d33cef6e-fa1d-4bba-bddd-0d189def30bc@group-0CE59774A31B-SegmentedRaftLogWorker] INFO  segmented.SegmentedRaftLogWorker (SegmentedRaftLogWorker.java:execute(651)) - d33cef6e-fa1d-4bba-bddd-0d189def30bc@group-0CE59774A31B-SegmentedRaftLogWorker: created new log segment /home/runner/work/ozone/ozone/hadoop-ozone/integration-test/target/test-dir/MiniOzoneClusterImpl-4b7384aa-5f33-426b-b021-b584800a716a/datanode-3/data/ratis/0e26e517-6922-4dd9-a357-0ce59774a31b/current/log_inprogress_0
2023-09-08 11:16:33,937 [89f84e8b-2e80-4453-8736-c86c7ce839d9@group-20C2EEB7DA89-FollowerState] INFO  impl.FollowerState (FollowerState.java:run(143)) - 89f84e8b-2e80-4453-8736-c86c7ce839d9@group-20C2EEB7DA89-FollowerState: change to CANDIDATE, lastRpcElapsedTime:5038163863ns, electionTimeout:5015ms
2023-09-08 11:16:33,937 [89f84e8b-2e80-4453-8736-c86c7ce839d9@group-20C2EEB7DA89-FollowerState] INFO  impl.RoleInfo (RoleInfo.java:shutdownFollowerState(110)) - 89f84e8b-2e80-4453-8736-c86c7ce839d9: shutdown 89f84e8b-2e80-4453-8736-c86c7ce839d9@group-20C2EEB7DA89-FollowerState
2023-09-08 11:16:33,938 [89f84e8b-2e80-4453-8736-c86c7ce839d9@group-20C2EEB7DA89-FollowerState] INFO  server.RaftServer$Division (RaftServerImpl.java:setRole(329)) - 89f84e8b-2e80-4453-8736-c86c7ce839d9@group-20C2EEB7DA89: changes role from  FOLLOWER to CANDIDATE at term 0 for changeToCandidate
2023-09-08 11:16:33,939 [a3bbae93-4dbd-48a8-b7ec-9de03e51f535@group-20C2EEB7DA89-FollowerState] INFO  impl.FollowerState (FollowerState.java:run(143)) - a3bbae93-4dbd-48a8-b7ec-9de03e51f535@group-20C2EEB7DA89-FollowerState: change to CANDIDATE, lastRpcElapsedTime:5015458398ns, electionTimeout:5009ms
2023-09-08 11:16:33,939 [a3bbae93-4dbd-48a8-b7ec-9de03e51f535@group-20C2EEB7DA89-FollowerState] INFO  impl.RoleInfo (RoleInfo.java:shutdownFollowerState(110)) - a3bbae93-4dbd-48a8-b7ec-9de03e51f535: shutdown a3bbae93-4dbd-48a8-b7ec-9de03e51f535@group-20C2EEB7DA89-FollowerState
2023-09-08 11:16:33,939 [a3bbae93-4dbd-48a8-b7ec-9de03e51f535@group-20C2EEB7DA89-FollowerState] INFO  server.RaftServer$Division (RaftServerImpl.java:setRole(329)) - a3bbae93-4dbd-48a8-b7ec-9de03e51f535@group-20C2EEB7DA89: changes role from  FOLLOWER to CANDIDATE at term 0 for changeToCandidate
2023-09-08 11:16:33,940 [89f84e8b-2e80-4453-8736-c86c7ce839d9@group-20C2EEB7DA89-FollowerState] INFO  server.RaftServerConfigKeys (ConfUtils.java:logGet(46)) - raft.server.leaderelection.pre-vote = true (default)
2023-09-08 11:16:33,940 [89f84e8b-2e80-4453-8736-c86c7ce839d9@group-20C2EEB7DA89-FollowerState] INFO  impl.RoleInfo (RoleInfo.java:updateAndGet(139)) - 89f84e8b-2e80-4453-8736-c86c7ce839d9: start 89f84e8b-2e80-4453-8736-c86c7ce839d9@group-20C2EEB7DA89-LeaderElection8
2023-09-08 11:16:33,943 [a3bbae93-4dbd-48a8-b7ec-9de03e51f535@group-20C2EEB7DA89-FollowerState] INFO  server.RaftServerConfigKeys (ConfUtils.java:logGet(46)) - raft.server.leaderelection.pre-vote = true (default)
2023-09-08 11:16:33,943 [a3bbae93-4dbd-48a8-b7ec-9de03e51f535@group-20C2EEB7DA89-FollowerState] INFO  impl.RoleInfo (RoleInfo.java:updateAndGet(139)) - a3bbae93-4dbd-48a8-b7ec-9de03e51f535: start a3bbae93-4dbd-48a8-b7ec-9de03e51f535@group-20C2EEB7DA89-LeaderElection9
2023-09-08 11:16:33,955 [89f84e8b-2e80-4453-8736-c86c7ce839d9@group-20C2EEB7DA89-LeaderElection8] INFO  impl.LeaderElection (LeaderElection.java:askForVotes(321)) - 89f84e8b-2e80-4453-8736-c86c7ce839d9@group-20C2EEB7DA89-LeaderElection8 PRE_VOTE round 0: submit vote requests at term 0 for -1: peers:[89f84e8b-2e80-4453-8736-c86c7ce839d9|rpc:10.1.0.72:15032|admin:10.1.0.72:15031|client:10.1.0.72:15030|dataStream:10.1.0.72:15033|priority:1|startupRole:FOLLOWER, a3bbae93-4dbd-48a8-b7ec-9de03e51f535|rpc:10.1.0.72:15023|admin:10.1.0.72:15022|client:10.1.0.72:15021|dataStream:10.1.0.72:15024|priority:0|startupRole:FOLLOWER, f2514b4c-a867-463f-8d84-f95d86e9803a|rpc:10.1.0.72:15014|admin:10.1.0.72:15013|client:10.1.0.72:15012|dataStream:10.1.0.72:15015|priority:0|startupRole:FOLLOWER]|listeners:[], old=null
2023-09-08 11:16:33,956 [89f84e8b-2e80-4453-8736-c86c7ce839d9@group-20C2EEB7DA89-LeaderElection8-1] INFO  server.GrpcServerProtocolClient (GrpcServerProtocolClient.java:<init>(65)) - Build channel for a3bbae93-4dbd-48a8-b7ec-9de03e51f535
2023-09-08 11:16:33,956 [89f84e8b-2e80-4453-8736-c86c7ce839d9@group-20C2EEB7DA89-LeaderElection8] INFO  server.RaftServerConfigKeys (ConfUtils.java:logFallback(53)) - raft.server.rpc.first-election.timeout.min = 5s (fallback to raft.server.rpc.timeout.min)
2023-09-08 11:16:33,958 [89f84e8b-2e80-4453-8736-c86c7ce839d9@group-20C2EEB7DA89-LeaderElection8] INFO  server.RaftServerConfigKeys (ConfUtils.java:logFallback(53)) - raft.server.rpc.first-election.timeout.max = 5200ms (fallback to raft.server.rpc.timeout.max)
2023-09-08 11:16:33,958 [a3bbae93-4dbd-48a8-b7ec-9de03e51f535@group-20C2EEB7DA89-LeaderElection9] INFO  impl.LeaderElection (LeaderElection.java:askForVotes(321)) - a3bbae93-4dbd-48a8-b7ec-9de03e51f535@group-20C2EEB7DA89-LeaderElection9 PRE_VOTE round 0: submit vote requests at term 0 for -1: peers:[89f84e8b-2e80-4453-8736-c86c7ce839d9|rpc:10.1.0.72:15032|admin:10.1.0.72:15031|client:10.1.0.72:15030|dataStream:10.1.0.72:15033|priority:1|startupRole:FOLLOWER, a3bbae93-4dbd-48a8-b7ec-9de03e51f535|rpc:10.1.0.72:15023|admin:10.1.0.72:15022|client:10.1.0.72:15021|dataStream:10.1.0.72:15024|priority:0|startupRole:FOLLOWER, f2514b4c-a867-463f-8d84-f95d86e9803a|rpc:10.1.0.72:15014|admin:10.1.0.72:15013|client:10.1.0.72:15012|dataStream:10.1.0.72:15015|priority:0|startupRole:FOLLOWER]|listeners:[], old=null
2023-09-08 11:16:33,961 [89f84e8b-2e80-4453-8736-c86c7ce839d9@group-20C2EEB7DA89-LeaderElection8-2] INFO  server.GrpcServerProtocolClient (GrpcServerProtocolClient.java:<init>(65)) - Build channel for f2514b4c-a867-463f-8d84-f95d86e9803a
2023-09-08 11:16:33,981 [a3bbae93-4dbd-48a8-b7ec-9de03e51f535@group-20C2EEB7DA89-LeaderElection9] INFO  server.RaftServerConfigKeys (ConfUtils.java:logFallback(53)) - raft.server.rpc.first-election.timeout.min = 5s (fallback to raft.server.rpc.timeout.min)
2023-09-08 11:16:33,981 [a3bbae93-4dbd-48a8-b7ec-9de03e51f535@group-20C2EEB7DA89-LeaderElection9] INFO  server.RaftServerConfigKeys (ConfUtils.java:logFallback(53)) - raft.server.rpc.first-election.timeout.max = 5200ms (fallback to raft.server.rpc.timeout.max)
2023-09-08 11:16:33,988 [grpc-default-executor-4] INFO  server.RaftServer$Division (RaftServerImpl.java:requestVote(1302)) - 89f84e8b-2e80-4453-8736-c86c7ce839d9@group-20C2EEB7DA89: receive requestVote(PRE_VOTE, a3bbae93-4dbd-48a8-b7ec-9de03e51f535, group-20C2EEB7DA89, 0, (t:0, i:0))
2023-09-08 11:16:33,988 [grpc-default-executor-4] INFO  impl.VoteContext (VoteContext.java:log(49)) - 89f84e8b-2e80-4453-8736-c86c7ce839d9@group-20C2EEB7DA89-CANDIDATE: reject PRE_VOTE from a3bbae93-4dbd-48a8-b7ec-9de03e51f535: our priority 1 > candidate's priority 0
2023-09-08 11:16:33,988 [grpc-default-executor-4] INFO  server.RaftServer$Division (RaftServerImpl.java:requestVote(1335)) - 89f84e8b-2e80-4453-8736-c86c7ce839d9@group-20C2EEB7DA89 replies to PRE_VOTE vote request: a3bbae93-4dbd-48a8-b7ec-9de03e51f535<-89f84e8b-2e80-4453-8736-c86c7ce839d9#0:FAIL-t0. Peer's state: 89f84e8b-2e80-4453-8736-c86c7ce839d9@group-20C2EEB7DA89:t0, leader=null, voted=, raftlog=Memoized:89f84e8b-2e80-4453-8736-c86c7ce839d9@group-20C2EEB7DA89-SegmentedRaftLog:OPENED:c-1, conf=-1: peers:[89f84e8b-2e80-4453-8736-c86c7ce839d9|rpc:10.1.0.72:15032|admin:10.1.0.72:15031|client:10.1.0.72:15030|dataStream:10.1.0.72:15033|priority:1|startupRole:FOLLOWER, a3bbae93-4dbd-48a8-b7ec-9de03e51f535|rpc:10.1.0.72:15023|admin:10.1.0.72:15022|client:10.1.0.72:15021|dataStream:10.1.0.72:15024|priority:0|startupRole:FOLLOWER, f2514b4c-a867-463f-8d84-f95d86e9803a|rpc:10.1.0.72:15014|admin:10.1.0.72:15013|client:10.1.0.72:15012|dataStream:10.1.0.72:15015|priority:0|startupRole:FOLLOWER]|listeners:[], old=null
2023-09-08 11:16:33,994 [a3bbae93-4dbd-48a8-b7ec-9de03e51f535@group-20C2EEB7DA89-LeaderElection9] INFO  impl.LeaderElection (LeaderElection.java:logAndReturn(90)) - a3bbae93-4dbd-48a8-b7ec-9de03e51f535@group-20C2EEB7DA89-LeaderElection9: PRE_VOTE REJECTED received 1 response(s) and 0 exception(s):
2023-09-08 11:16:33,994 [a3bbae93-4dbd-48a8-b7ec-9de03e51f535@group-20C2EEB7DA89-LeaderElection9] INFO  impl.LeaderElection (LeaderElection.java:logAndReturn(94)) -   Response 0: a3bbae93-4dbd-48a8-b7ec-9de03e51f535<-89f84e8b-2e80-4453-8736-c86c7ce839d9#0:FAIL-t0
2023-09-08 11:16:33,994 [a3bbae93-4dbd-48a8-b7ec-9de03e51f535@group-20C2EEB7DA89-LeaderElection9] INFO  impl.LeaderElection (LeaderElection.java:askForVotes(323)) - a3bbae93-4dbd-48a8-b7ec-9de03e51f535@group-20C2EEB7DA89-LeaderElection9 PRE_VOTE round 0: result REJECTED
2023-09-08 11:16:33,994 [a3bbae93-4dbd-48a8-b7ec-9de03e51f535@group-20C2EEB7DA89-LeaderElection9] INFO  server.RaftServer$Division (RaftServerImpl.java:setRole(329)) - a3bbae93-4dbd-48a8-b7ec-9de03e51f535@group-20C2EEB7DA89: changes role from CANDIDATE to FOLLOWER at term 0 for REJECTED
2023-09-08 11:16:33,994 [a3bbae93-4dbd-48a8-b7ec-9de03e51f535@group-20C2EEB7DA89-LeaderElection9] INFO  impl.RoleInfo (RoleInfo.java:shutdownLeaderElection(130)) - a3bbae93-4dbd-48a8-b7ec-9de03e51f535: shutdown a3bbae93-4dbd-48a8-b7ec-9de03e51f535@group-20C2EEB7DA89-LeaderElection9
2023-09-08 11:16:33,994 [a3bbae93-4dbd-48a8-b7ec-9de03e51f535@group-20C2EEB7DA89-LeaderElection9] INFO  impl.RoleInfo (RoleInfo.java:updateAndGet(139)) - a3bbae93-4dbd-48a8-b7ec-9de03e51f535: start a3bbae93-4dbd-48a8-b7ec-9de03e51f535@group-20C2EEB7DA89-FollowerState
2023-09-08 11:16:33,994 [f2514b4c-a867-463f-8d84-f95d86e9803a@group-20C2EEB7DA89-FollowerState] INFO  impl.FollowerState (FollowerState.java:run(143)) - f2514b4c-a867-463f-8d84-f95d86e9803a@group-20C2EEB7DA89-FollowerState: change to CANDIDATE, lastRpcElapsedTime:5086289567ns, electionTimeout:5072ms
2023-09-08 11:16:33,995 [f2514b4c-a867-463f-8d84-f95d86e9803a@group-20C2EEB7DA89-FollowerState] INFO  impl.RoleInfo (RoleInfo.java:shutdownFollowerState(110)) - f2514b4c-a867-463f-8d84-f95d86e9803a: shutdown f2514b4c-a867-463f-8d84-f95d86e9803a@group-20C2EEB7DA89-FollowerState
2023-09-08 11:16:33,995 [f2514b4c-a867-463f-8d84-f95d86e9803a@group-20C2EEB7DA89-FollowerState] INFO  server.RaftServer$Division (RaftServerImpl.java:setRole(329)) - f2514b4c-a867-463f-8d84-f95d86e9803a@group-20C2EEB7DA89: changes role from  FOLLOWER to CANDIDATE at term 0 for changeToCandidate
2023-09-08 11:16:33,999 [f2514b4c-a867-463f-8d84-f95d86e9803a@group-20C2EEB7DA89-FollowerState] INFO  server.RaftServerConfigKeys (ConfUtils.java:logGet(46)) - raft.server.leaderelection.pre-vote = true (default)
2023-09-08 11:16:33,999 [f2514b4c-a867-463f-8d84-f95d86e9803a@group-20C2EEB7DA89-FollowerState] INFO  impl.RoleInfo (RoleInfo.java:updateAndGet(139)) - f2514b4c-a867-463f-8d84-f95d86e9803a: start f2514b4c-a867-463f-8d84-f95d86e9803a@group-20C2EEB7DA89-LeaderElection10
2023-09-08 11:16:33,999 [grpc-default-executor-4] INFO  server.RaftServer$Division (RaftServerImpl.java:requestVote(1302)) - a3bbae93-4dbd-48a8-b7ec-9de03e51f535@group-20C2EEB7DA89: receive requestVote(PRE_VOTE, 89f84e8b-2e80-4453-8736-c86c7ce839d9, group-20C2EEB7DA89, 0, (t:0, i:0))
2023-09-08 11:16:33,999 [grpc-default-executor-4] INFO  impl.VoteContext (VoteContext.java:log(49)) - a3bbae93-4dbd-48a8-b7ec-9de03e51f535@group-20C2EEB7DA89-FOLLOWER: accept PRE_VOTE from 89f84e8b-2e80-4453-8736-c86c7ce839d9: our priority 0 <= candidate's priority 1
2023-09-08 11:16:34,000 [grpc-default-executor-4] INFO  server.RaftServer$Division (RaftServerImpl.java:requestVote(1335)) - a3bbae93-4dbd-48a8-b7ec-9de03e51f535@group-20C2EEB7DA89 replies to PRE_VOTE vote request: 89f84e8b-2e80-4453-8736-c86c7ce839d9<-a3bbae93-4dbd-48a8-b7ec-9de03e51f535#0:OK-t0. Peer's state: a3bbae93-4dbd-48a8-b7ec-9de03e51f535@group-20C2EEB7DA89:t0, leader=null, voted=, raftlog=Memoized:a3bbae93-4dbd-48a8-b7ec-9de03e51f535@group-20C2EEB7DA89-SegmentedRaftLog:OPENED:c-1, conf=-1: peers:[89f84e8b-2e80-4453-8736-c86c7ce839d9|rpc:10.1.0.72:15032|admin:10.1.0.72:15031|client:10.1.0.72:15030|dataStream:10.1.0.72:15033|priority:1|startupRole:FOLLOWER, a3bbae93-4dbd-48a8-b7ec-9de03e51f535|rpc:10.1.0.72:15023|admin:10.1.0.72:15022|client:10.1.0.72:15021|dataStream:10.1.0.72:15024|priority:0|startupRole:FOLLOWER, f2514b4c-a867-463f-8d84-f95d86e9803a|rpc:10.1.0.72:15014|admin:10.1.0.72:15013|client:10.1.0.72:15012|dataStream:10.1.0.72:15015|priority:0|startupRole:FOLLOWER]|listeners:[], old=null
2023-09-08 11:16:34,007 [f2514b4c-a867-463f-8d84-f95d86e9803a@group-20C2EEB7DA89-LeaderElection10] INFO  impl.LeaderElection (LeaderElection.java:askForVotes(321)) - f2514b4c-a867-463f-8d84-f95d86e9803a@group-20C2EEB7DA89-LeaderElection10 PRE_VOTE round 0: submit vote requests at term 0 for -1: peers:[89f84e8b-2e80-4453-8736-c86c7ce839d9|rpc:10.1.0.72:15032|admin:10.1.0.72:15031|client:10.1.0.72:15030|dataStream:10.1.0.72:15033|priority:1|startupRole:FOLLOWER, a3bbae93-4dbd-48a8-b7ec-9de03e51f535|rpc:10.1.0.72:15023|admin:10.1.0.72:15022|client:10.1.0.72:15021|dataStream:10.1.0.72:15024|priority:0|startupRole:FOLLOWER, f2514b4c-a867-463f-8d84-f95d86e9803a|rpc:10.1.0.72:15014|admin:10.1.0.72:15013|client:10.1.0.72:15012|dataStream:10.1.0.72:15015|priority:0|startupRole:FOLLOWER]|listeners:[], old=null
2023-09-08 11:16:34,013 [f2514b4c-a867-463f-8d84-f95d86e9803a@group-20C2EEB7DA89-LeaderElection10] INFO  server.RaftServerConfigKeys (ConfUtils.java:logFallback(53)) - raft.server.rpc.first-election.timeout.min = 5s (fallback to raft.server.rpc.timeout.min)
2023-09-08 11:16:34,014 [f2514b4c-a867-463f-8d84-f95d86e9803a@group-20C2EEB7DA89-LeaderElection10] INFO  server.RaftServerConfigKeys (ConfUtils.java:logFallback(53)) - raft.server.rpc.first-election.timeout.max = 5200ms (fallback to raft.server.rpc.timeout.max)
2023-09-08 11:16:34,017 [grpc-default-executor-3] INFO  server.RaftServer$Division (RaftServerImpl.java:requestVote(1302)) - 89f84e8b-2e80-4453-8736-c86c7ce839d9@group-20C2EEB7DA89: receive requestVote(PRE_VOTE, f2514b4c-a867-463f-8d84-f95d86e9803a, group-20C2EEB7DA89, 0, (t:0, i:0))
2023-09-08 11:16:34,018 [grpc-default-executor-3] INFO  impl.VoteContext (VoteContext.java:log(49)) - 89f84e8b-2e80-4453-8736-c86c7ce839d9@group-20C2EEB7DA89-CANDIDATE: reject PRE_VOTE from f2514b4c-a867-463f-8d84-f95d86e9803a: our priority 1 > candidate's priority 0
2023-09-08 11:16:34,018 [grpc-default-executor-3] INFO  server.RaftServer$Division (RaftServerImpl.java:requestVote(1335)) - 89f84e8b-2e80-4453-8736-c86c7ce839d9@group-20C2EEB7DA89 replies to PRE_VOTE vote request: f2514b4c-a867-463f-8d84-f95d86e9803a<-89f84e8b-2e80-4453-8736-c86c7ce839d9#0:FAIL-t0. Peer's state: 89f84e8b-2e80-4453-8736-c86c7ce839d9@group-20C2EEB7DA89:t0, leader=null, voted=, raftlog=Memoized:89f84e8b-2e80-4453-8736-c86c7ce839d9@group-20C2EEB7DA89-SegmentedRaftLog:OPENED:c-1, conf=-1: peers:[89f84e8b-2e80-4453-8736-c86c7ce839d9|rpc:10.1.0.72:15032|admin:10.1.0.72:15031|client:10.1.0.72:15030|dataStream:10.1.0.72:15033|priority:1|startupRole:FOLLOWER, a3bbae93-4dbd-48a8-b7ec-9de03e51f535|rpc:10.1.0.72:15023|admin:10.1.0.72:15022|client:10.1.0.72:15021|dataStream:10.1.0.72:15024|priority:0|startupRole:FOLLOWER, f2514b4c-a867-463f-8d84-f95d86e9803a|rpc:10.1.0.72:15014|admin:10.1.0.72:15013|client:10.1.0.72:15012|dataStream:10.1.0.72:15015|priority:0|startupRole:FOLLOWER]|listeners:[], old=null
2023-09-08 11:16:34,018 [89f84e8b-2e80-4453-8736-c86c7ce839d9@group-20C2EEB7DA89-LeaderElection8] INFO  impl.LeaderElection (LeaderElection.java:logAndReturn(90)) - 89f84e8b-2e80-4453-8736-c86c7ce839d9@group-20C2EEB7DA89-LeaderElection8: PRE_VOTE PASSED received 1 response(s) and 0 exception(s):
2023-09-08 11:16:34,018 [89f84e8b-2e80-4453-8736-c86c7ce839d9@group-20C2EEB7DA89-LeaderElection8] INFO  impl.LeaderElection (LeaderElection.java:logAndReturn(94)) -   Response 0: 89f84e8b-2e80-4453-8736-c86c7ce839d9<-a3bbae93-4dbd-48a8-b7ec-9de03e51f535#0:OK-t0
2023-09-08 11:16:34,019 [89f84e8b-2e80-4453-8736-c86c7ce839d9@group-20C2EEB7DA89-LeaderElection8] INFO  impl.LeaderElection (LeaderElection.java:askForVotes(323)) - 89f84e8b-2e80-4453-8736-c86c7ce839d9@group-20C2EEB7DA89-LeaderElection8 PRE_VOTE round 0: result PASSED
2023-09-08 11:16:34,019 [grpc-default-executor-4] INFO  server.RaftServer$Division (RaftServerImpl.java:requestVote(1302)) - f2514b4c-a867-463f-8d84-f95d86e9803a@group-20C2EEB7DA89: receive requestVote(PRE_VOTE, a3bbae93-4dbd-48a8-b7ec-9de03e51f535, group-20C2EEB7DA89, 0, (t:0, i:0))
2023-09-08 11:16:34,019 [grpc-default-executor-4] INFO  impl.VoteContext (VoteContext.java:log(49)) - f2514b4c-a867-463f-8d84-f95d86e9803a@group-20C2EEB7DA89-CANDIDATE: accept PRE_VOTE from a3bbae93-4dbd-48a8-b7ec-9de03e51f535: our priority 0 <= candidate's priority 0
2023-09-08 11:16:34,020 [grpc-default-executor-4] INFO  server.RaftServer$Division (RaftServerImpl.java:requestVote(1335)) - f2514b4c-a867-463f-8d84-f95d86e9803a@group-20C2EEB7DA89 replies to PRE_VOTE vote request: a3bbae93-4dbd-48a8-b7ec-9de03e51f535<-f2514b4c-a867-463f-8d84-f95d86e9803a#0:OK-t0. Peer's state: f2514b4c-a867-463f-8d84-f95d86e9803a@group-20C2EEB7DA89:t0, leader=null, voted=, raftlog=Memoized:f2514b4c-a867-463f-8d84-f95d86e9803a@group-20C2EEB7DA89-SegmentedRaftLog:OPENED:c-1, conf=-1: peers:[89f84e8b-2e80-4453-8736-c86c7ce839d9|rpc:10.1.0.72:15032|admin:10.1.0.72:15031|client:10.1.0.72:15030|dataStream:10.1.0.72:15033|priority:1|startupRole:FOLLOWER, a3bbae93-4dbd-48a8-b7ec-9de03e51f535|rpc:10.1.0.72:15023|admin:10.1.0.72:15022|client:10.1.0.72:15021|dataStream:10.1.0.72:15024|priority:0|startupRole:FOLLOWER, f2514b4c-a867-463f-8d84-f95d86e9803a|rpc:10.1.0.72:15014|admin:10.1.0.72:15013|client:10.1.0.72:15012|dataStream:10.1.0.72:15015|priority:0|startupRole:FOLLOWER]|listeners:[], old=null
2023-09-08 11:16:34,022 [89f84e8b-2e80-4453-8736-c86c7ce839d9@group-20C2EEB7DA89-LeaderElection8] INFO  impl.LeaderElection (LeaderElection.java:askForVotes(321)) - 89f84e8b-2e80-4453-8736-c86c7ce839d9@group-20C2EEB7DA89-LeaderElection8 ELECTION round 0: submit vote requests at term 1 for -1: peers:[89f84e8b-2e80-4453-8736-c86c7ce839d9|rpc:10.1.0.72:15032|admin:10.1.0.72:15031|client:10.1.0.72:15030|dataStream:10.1.0.72:15033|priority:1|startupRole:FOLLOWER, a3bbae93-4dbd-48a8-b7ec-9de03e51f535|rpc:10.1.0.72:15023|admin:10.1.0.72:15022|client:10.1.0.72:15021|dataStream:10.1.0.72:15024|priority:0|startupRole:FOLLOWER, f2514b4c-a867-463f-8d84-f95d86e9803a|rpc:10.1.0.72:15014|admin:10.1.0.72:15013|client:10.1.0.72:15012|dataStream:10.1.0.72:15015|priority:0|startupRole:FOLLOWER]|listeners:[], old=null
2023-09-08 11:16:34,024 [89f84e8b-2e80-4453-8736-c86c7ce839d9@group-20C2EEB7DA89-LeaderElection8] INFO  server.RaftServerConfigKeys (ConfUtils.java:logFallback(53)) - raft.server.rpc.first-election.timeout.min = 5s (fallback to raft.server.rpc.timeout.min)
2023-09-08 11:16:34,024 [89f84e8b-2e80-4453-8736-c86c7ce839d9@group-20C2EEB7DA89-LeaderElection8] INFO  server.RaftServerConfigKeys (ConfUtils.java:logFallback(53)) - raft.server.rpc.first-election.timeout.max = 5200ms (fallback to raft.server.rpc.timeout.max)
2023-09-08 11:16:34,027 [grpc-default-executor-4] INFO  server.RaftServer$Division (RaftServerImpl.java:requestVote(1302)) - f2514b4c-a867-463f-8d84-f95d86e9803a@group-20C2EEB7DA89: receive requestVote(PRE_VOTE, 89f84e8b-2e80-4453-8736-c86c7ce839d9, group-20C2EEB7DA89, 0, (t:0, i:0))
2023-09-08 11:16:34,028 [grpc-default-executor-4] INFO  impl.VoteContext (VoteContext.java:log(49)) - f2514b4c-a867-463f-8d84-f95d86e9803a@group-20C2EEB7DA89-CANDIDATE: accept PRE_VOTE from 89f84e8b-2e80-4453-8736-c86c7ce839d9: our priority 0 <= candidate's priority 1
2023-09-08 11:16:34,028 [grpc-default-executor-4] INFO  server.RaftServer$Division (RaftServerImpl.java:requestVote(1335)) - f2514b4c-a867-463f-8d84-f95d86e9803a@group-20C2EEB7DA89 replies to PRE_VOTE vote request: 89f84e8b-2e80-4453-8736-c86c7ce839d9<-f2514b4c-a867-463f-8d84-f95d86e9803a#0:OK-t0. Peer's state: f2514b4c-a867-463f-8d84-f95d86e9803a@group-20C2EEB7DA89:t0, leader=null, voted=, raftlog=Memoized:f2514b4c-a867-463f-8d84-f95d86e9803a@group-20C2EEB7DA89-SegmentedRaftLog:OPENED:c-1, conf=-1: peers:[89f84e8b-2e80-4453-8736-c86c7ce839d9|rpc:10.1.0.72:15032|admin:10.1.0.72:15031|client:10.1.0.72:15030|dataStream:10.1.0.72:15033|priority:1|startupRole:FOLLOWER, a3bbae93-4dbd-48a8-b7ec-9de03e51f535|rpc:10.1.0.72:15023|admin:10.1.0.72:15022|client:10.1.0.72:15021|dataStream:10.1.0.72:15024|priority:0|startupRole:FOLLOWER, f2514b4c-a867-463f-8d84-f95d86e9803a|rpc:10.1.0.72:15014|admin:10.1.0.72:15013|client:10.1.0.72:15012|dataStream:10.1.0.72:15015|priority:0|startupRole:FOLLOWER]|listeners:[], old=null
2023-09-08 11:16:34,035 [f2514b4c-a867-463f-8d84-f95d86e9803a@group-20C2EEB7DA89-LeaderElection10] INFO  impl.LeaderElection (LeaderElection.java:logAndReturn(90)) - f2514b4c-a867-463f-8d84-f95d86e9803a@group-20C2EEB7DA89-LeaderElection10: PRE_VOTE REJECTED received 1 response(s) and 0 exception(s):
2023-09-08 11:16:34,035 [f2514b4c-a867-463f-8d84-f95d86e9803a@group-20C2EEB7DA89-LeaderElection10] INFO  impl.LeaderElection (LeaderElection.java:logAndReturn(94)) -   Response 0: f2514b4c-a867-463f-8d84-f95d86e9803a<-89f84e8b-2e80-4453-8736-c86c7ce839d9#0:FAIL-t0
2023-09-08 11:16:34,035 [f2514b4c-a867-463f-8d84-f95d86e9803a@group-20C2EEB7DA89-LeaderElection10] INFO  impl.LeaderElection (LeaderElection.java:askForVotes(323)) - f2514b4c-a867-463f-8d84-f95d86e9803a@group-20C2EEB7DA89-LeaderElection10 PRE_VOTE round 0: result REJECTED
2023-09-08 11:16:34,035 [f2514b4c-a867-463f-8d84-f95d86e9803a@group-20C2EEB7DA89-LeaderElection10] INFO  server.RaftServer$Division (RaftServerImpl.java:setRole(329)) - f2514b4c-a867-463f-8d84-f95d86e9803a@group-20C2EEB7DA89: changes role from CANDIDATE to FOLLOWER at term 0 for REJECTED
2023-09-08 11:16:34,035 [f2514b4c-a867-463f-8d84-f95d86e9803a@group-20C2EEB7DA89-LeaderElection10] INFO  impl.RoleInfo (RoleInfo.java:shutdownLeaderElection(130)) - f2514b4c-a867-463f-8d84-f95d86e9803a: shutdown f2514b4c-a867-463f-8d84-f95d86e9803a@group-20C2EEB7DA89-LeaderElection10
2023-09-08 11:16:34,035 [f2514b4c-a867-463f-8d84-f95d86e9803a@group-20C2EEB7DA89-LeaderElection10] INFO  impl.RoleInfo (RoleInfo.java:updateAndGet(139)) - f2514b4c-a867-463f-8d84-f95d86e9803a: start f2514b4c-a867-463f-8d84-f95d86e9803a@group-20C2EEB7DA89-FollowerState
2023-09-08 11:16:34,036 [grpc-default-executor-3] INFO  server.RaftServer$Division (RaftServerImpl.java:requestVote(1302)) - a3bbae93-4dbd-48a8-b7ec-9de03e51f535@group-20C2EEB7DA89: receive requestVote(ELECTION, 89f84e8b-2e80-4453-8736-c86c7ce839d9, group-20C2EEB7DA89, 1, (t:0, i:0))
2023-09-08 11:16:34,036 [grpc-default-executor-3] INFO  impl.VoteContext (VoteContext.java:log(49)) - a3bbae93-4dbd-48a8-b7ec-9de03e51f535@group-20C2EEB7DA89-FOLLOWER: accept ELECTION from 89f84e8b-2e80-4453-8736-c86c7ce839d9: our priority 0 <= candidate's priority 1
2023-09-08 11:16:34,036 [grpc-default-executor-3] INFO  server.RaftServer$Division (RaftServerImpl.java:setRole(329)) - a3bbae93-4dbd-48a8-b7ec-9de03e51f535@group-20C2EEB7DA89: changes role from  FOLLOWER to FOLLOWER at term 1 for candidate:89f84e8b-2e80-4453-8736-c86c7ce839d9
2023-09-08 11:16:34,036 [grpc-default-executor-3] INFO  impl.RoleInfo (RoleInfo.java:shutdownFollowerState(110)) - a3bbae93-4dbd-48a8-b7ec-9de03e51f535: shutdown a3bbae93-4dbd-48a8-b7ec-9de03e51f535@group-20C2EEB7DA89-FollowerState
2023-09-08 11:16:34,040 [grpc-default-executor-3] INFO  impl.RoleInfo (RoleInfo.java:updateAndGet(139)) - a3bbae93-4dbd-48a8-b7ec-9de03e51f535: start a3bbae93-4dbd-48a8-b7ec-9de03e51f535@group-20C2EEB7DA89-FollowerState
2023-09-08 11:16:34,041 [a3bbae93-4dbd-48a8-b7ec-9de03e51f535@group-20C2EEB7DA89-FollowerState] INFO  impl.FollowerState (FollowerState.java:run(152)) - a3bbae93-4dbd-48a8-b7ec-9de03e51f535@group-20C2EEB7DA89-FollowerState was interrupted
2023-09-08 11:16:34,041 [grpc-default-executor-4] INFO  server.RaftServer$Division (RaftServerImpl.java:requestVote(1302)) - a3bbae93-4dbd-48a8-b7ec-9de03e51f535@group-20C2EEB7DA89: receive requestVote(PRE_VOTE, f2514b4c-a867-463f-8d84-f95d86e9803a, group-20C2EEB7DA89, 0, (t:0, i:0))
2023-09-08 11:16:34,041 [grpc-default-executor-0] INFO  server.RaftServer$Division (RaftServerImpl.java:requestVote(1302)) - f2514b4c-a867-463f-8d84-f95d86e9803a@group-20C2EEB7DA89: receive requestVote(ELECTION, 89f84e8b-2e80-4453-8736-c86c7ce839d9, group-20C2EEB7DA89, 1, (t:0, i:0))
2023-09-08 11:16:34,041 [grpc-default-executor-0] INFO  impl.VoteContext (VoteContext.java:log(49)) - f2514b4c-a867-463f-8d84-f95d86e9803a@group-20C2EEB7DA89-FOLLOWER: accept ELECTION from 89f84e8b-2e80-4453-8736-c86c7ce839d9: our priority 0 <= candidate's priority 1
2023-09-08 11:16:34,041 [grpc-default-executor-0] INFO  server.RaftServer$Division (RaftServerImpl.java:setRole(329)) - f2514b4c-a867-463f-8d84-f95d86e9803a@group-20C2EEB7DA89: changes role from  FOLLOWER to FOLLOWER at term 1 for candidate:89f84e8b-2e80-4453-8736-c86c7ce839d9
2023-09-08 11:16:34,041 [grpc-default-executor-0] INFO  impl.RoleInfo (RoleInfo.java:shutdownFollowerState(110)) - f2514b4c-a867-463f-8d84-f95d86e9803a: shutdown f2514b4c-a867-463f-8d84-f95d86e9803a@group-20C2EEB7DA89-FollowerState
2023-09-08 11:16:34,041 [grpc-default-executor-0] INFO  impl.RoleInfo (RoleInfo.java:updateAndGet(139)) - f2514b4c-a867-463f-8d84-f95d86e9803a: start f2514b4c-a867-463f-8d84-f95d86e9803a@group-20C2EEB7DA89-FollowerState
2023-09-08 11:16:34,042 [f2514b4c-a867-463f-8d84-f95d86e9803a@group-20C2EEB7DA89-FollowerState] INFO  impl.FollowerState (FollowerState.java:shouldRun(117)) - f2514b4c-a867-463f-8d84-f95d86e9803a@group-20C2EEB7DA89-FollowerState: Stopping now (isRunning? false, role = FOLLOWER)
2023-09-08 11:16:34,044 [grpc-default-executor-0] INFO  server.RaftServer$Division (RaftServerImpl.java:requestVote(1335)) - f2514b4c-a867-463f-8d84-f95d86e9803a@group-20C2EEB7DA89 replies to ELECTION vote request: 89f84e8b-2e80-4453-8736-c86c7ce839d9<-f2514b4c-a867-463f-8d84-f95d86e9803a#0:OK-t1. Peer's state: f2514b4c-a867-463f-8d84-f95d86e9803a@group-20C2EEB7DA89:t1, leader=null, voted=89f84e8b-2e80-4453-8736-c86c7ce839d9, raftlog=Memoized:f2514b4c-a867-463f-8d84-f95d86e9803a@group-20C2EEB7DA89-SegmentedRaftLog:OPENED:c-1, conf=-1: peers:[89f84e8b-2e80-4453-8736-c86c7ce839d9|rpc:10.1.0.72:15032|admin:10.1.0.72:15031|client:10.1.0.72:15030|dataStream:10.1.0.72:15033|priority:1|startupRole:FOLLOWER, a3bbae93-4dbd-48a8-b7ec-9de03e51f535|rpc:10.1.0.72:15023|admin:10.1.0.72:15022|client:10.1.0.72:15021|dataStream:10.1.0.72:15024|priority:0|startupRole:FOLLOWER, f2514b4c-a867-463f-8d84-f95d86e9803a|rpc:10.1.0.72:15014|admin:10.1.0.72:15013|client:10.1.0.72:15012|dataStream:10.1.0.72:15015|priority:0|startupRole:FOLLOWER]|listeners:[], old=null
2023-09-08 11:16:34,044 [grpc-default-executor-3] INFO  server.RaftServer$Division (RaftServerImpl.java:requestVote(1335)) - a3bbae93-4dbd-48a8-b7ec-9de03e51f535@group-20C2EEB7DA89 replies to ELECTION vote request: 89f84e8b-2e80-4453-8736-c86c7ce839d9<-a3bbae93-4dbd-48a8-b7ec-9de03e51f535#0:OK-t1. Peer's state: a3bbae93-4dbd-48a8-b7ec-9de03e51f535@group-20C2EEB7DA89:t1, leader=null, voted=89f84e8b-2e80-4453-8736-c86c7ce839d9, raftlog=Memoized:a3bbae93-4dbd-48a8-b7ec-9de03e51f535@group-20C2EEB7DA89-SegmentedRaftLog:OPENED:c-1, conf=-1: peers:[89f84e8b-2e80-4453-8736-c86c7ce839d9|rpc:10.1.0.72:15032|admin:10.1.0.72:15031|client:10.1.0.72:15030|dataStream:10.1.0.72:15033|priority:1|startupRole:FOLLOWER, a3bbae93-4dbd-48a8-b7ec-9de03e51f535|rpc:10.1.0.72:15023|admin:10.1.0.72:15022|client:10.1.0.72:15021|dataStream:10.1.0.72:15024|priority:0|startupRole:FOLLOWER, f2514b4c-a867-463f-8d84-f95d86e9803a|rpc:10.1.0.72:15014|admin:10.1.0.72:15013|client:10.1.0.72:15012|dataStream:10.1.0.72:15015|priority:0|startupRole:FOLLOWER]|listeners:[], old=null
2023-09-08 11:16:34,045 [grpc-default-executor-4] INFO  impl.VoteContext (VoteContext.java:log(49)) - a3bbae93-4dbd-48a8-b7ec-9de03e51f535@group-20C2EEB7DA89-FOLLOWER: accept PRE_VOTE from f2514b4c-a867-463f-8d84-f95d86e9803a: our priority 0 <= candidate's priority 0
2023-09-08 11:16:34,045 [grpc-default-executor-4] INFO  server.RaftServer$Division (RaftServerImpl.java:requestVote(1335)) - a3bbae93-4dbd-48a8-b7ec-9de03e51f535@group-20C2EEB7DA89 replies to PRE_VOTE vote request: f2514b4c-a867-463f-8d84-f95d86e9803a<-a3bbae93-4dbd-48a8-b7ec-9de03e51f535#0:OK-t1. Peer's state: a3bbae93-4dbd-48a8-b7ec-9de03e51f535@group-20C2EEB7DA89:t1, leader=null, voted=89f84e8b-2e80-4453-8736-c86c7ce839d9, raftlog=Memoized:a3bbae93-4dbd-48a8-b7ec-9de03e51f535@group-20C2EEB7DA89-SegmentedRaftLog:OPENED:c-1, conf=-1: peers:[89f84e8b-2e80-4453-8736-c86c7ce839d9|rpc:10.1.0.72:15032|admin:10.1.0.72:15031|client:10.1.0.72:15030|dataStream:10.1.0.72:15033|priority:1|startupRole:FOLLOWER, a3bbae93-4dbd-48a8-b7ec-9de03e51f535|rpc:10.1.0.72:15023|admin:10.1.0.72:15022|client:10.1.0.72:15021|dataStream:10.1.0.72:15024|priority:0|startupRole:FOLLOWER, f2514b4c-a867-463f-8d84-f95d86e9803a|rpc:10.1.0.72:15014|admin:10.1.0.72:15013|client:10.1.0.72:15012|dataStream:10.1.0.72:15015|priority:0|startupRole:FOLLOWER]|listeners:[], old=null
2023-09-08 11:16:34,051 [89f84e8b-2e80-4453-8736-c86c7ce839d9@group-20C2EEB7DA89-LeaderElection8] INFO  impl.LeaderElection (LeaderElection.java:logAndReturn(90)) - 89f84e8b-2e80-4453-8736-c86c7ce839d9@group-20C2EEB7DA89-LeaderElection8: ELECTION PASSED received 1 response(s) and 0 exception(s):
2023-09-08 11:16:34,051 [89f84e8b-2e80-4453-8736-c86c7ce839d9@group-20C2EEB7DA89-LeaderElection8] INFO  impl.LeaderElection (LeaderElection.java:logAndReturn(94)) -   Response 0: 89f84e8b-2e80-4453-8736-c86c7ce839d9<-a3bbae93-4dbd-48a8-b7ec-9de03e51f535#0:OK-t1
2023-09-08 11:16:34,051 [89f84e8b-2e80-4453-8736-c86c7ce839d9@group-20C2EEB7DA89-LeaderElection8] INFO  impl.LeaderElection (LeaderElection.java:askForVotes(323)) - 89f84e8b-2e80-4453-8736-c86c7ce839d9@group-20C2EEB7DA89-LeaderElection8 ELECTION round 0: result PASSED
2023-09-08 11:16:34,051 [89f84e8b-2e80-4453-8736-c86c7ce839d9@group-20C2EEB7DA89-LeaderElection8] INFO  impl.RoleInfo (RoleInfo.java:shutdownLeaderElection(130)) - 89f84e8b-2e80-4453-8736-c86c7ce839d9: shutdown 89f84e8b-2e80-4453-8736-c86c7ce839d9@group-20C2EEB7DA89-LeaderElection8
2023-09-08 11:16:34,051 [89f84e8b-2e80-4453-8736-c86c7ce839d9@group-20C2EEB7DA89-LeaderElection8] INFO  server.RaftServer$Division (RaftServerImpl.java:setRole(329)) - 89f84e8b-2e80-4453-8736-c86c7ce839d9@group-20C2EEB7DA89: changes role from CANDIDATE to LEADER at term 1 for changeToLeader
2023-09-08 11:16:34,051 [89f84e8b-2e80-4453-8736-c86c7ce839d9@group-20C2EEB7DA89-LeaderElection8] INFO  ratis.XceiverServerRatis (XceiverServerRatis.java:handleLeaderChangedNotification(902)) - Leader change notification received for group: group-20C2EEB7DA89 with new leaderId: 89f84e8b-2e80-4453-8736-c86c7ce839d9
2023-09-08 11:16:34,051 [89f84e8b-2e80-4453-8736-c86c7ce839d9@group-20C2EEB7DA89-LeaderElection8] INFO  server.RaftServer$Division (ServerState.java:setLeader(317)) - 89f84e8b-2e80-4453-8736-c86c7ce839d9@group-20C2EEB7DA89: change Leader from null to 89f84e8b-2e80-4453-8736-c86c7ce839d9 at term 1 for becomeLeader, leader elected after 5194ms
2023-09-08 11:16:34,052 [89f84e8b-2e80-4453-8736-c86c7ce839d9@group-20C2EEB7DA89-LeaderElection8] INFO  server.RaftServerConfigKeys (ConfUtils.java:logGet(46)) - raft.server.staging.catchup.gap = 1000 (default)
2023-09-08 11:16:34,052 [89f84e8b-2e80-4453-8736-c86c7ce839d9@group-20C2EEB7DA89-LeaderElection8] INFO  server.RaftServerConfigKeys (ConfUtils.java:logGet(46)) - raft.server.write.element-limit = 1024 (custom)
2023-09-08 11:16:34,052 [89f84e8b-2e80-4453-8736-c86c7ce839d9@group-20C2EEB7DA89-LeaderElection8] INFO  server.RaftServerConfigKeys (ConfUtils.java:logGet(46)) - raft.server.write.byte-limit = 1024 M (=1073741824) (custom)
2023-09-08 11:16:34,052 [89f84e8b-2e80-4453-8736-c86c7ce839d9@group-20C2EEB7DA89-LeaderElection8] INFO  server.RaftServerConfigKeys (ConfUtils.java:logGet(46)) - raft.server.watch.timeout = 180s (custom)
2023-09-08 11:16:34,052 [89f84e8b-2e80-4453-8736-c86c7ce839d9@group-20C2EEB7DA89-LeaderElection8] INFO  server.RaftServerConfigKeys (ConfUtils.java:logGet(46)) - raft.server.watch.timeout.denomination = 1s (default)
2023-09-08 11:16:34,052 [89f84e8b-2e80-4453-8736-c86c7ce839d9@group-20C2EEB7DA89-LeaderElection8] INFO  server.RaftServerConfigKeys (ConfUtils.java:logGet(46)) - raft.server.watch.element-limit = 65536 (default)
2023-09-08 11:16:34,052 [89f84e8b-2e80-4453-8736-c86c7ce839d9@group-20C2EEB7DA89-LeaderElection8] INFO  server.RaftServerConfigKeys (ConfUtils.java:logGet(46)) - raft.server.write.element-limit = 1024 (custom)
2023-09-08 11:16:34,052 [89f84e8b-2e80-4453-8736-c86c7ce839d9@group-20C2EEB7DA89-LeaderElection8] INFO  server.RaftServerConfigKeys (ConfUtils.java:logGet(46)) - raft.server.write.follower.gap.ratio.max = -1.0 (default)
2023-09-08 11:16:34,053 [89f84e8b-2e80-4453-8736-c86c7ce839d9@group-20C2EEB7DA89-LeaderElection8] INFO  server.RaftServerConfigKeys (ConfUtils.java:logGet(46)) - raft.server.log.appender.snapshot.chunk.size.max = 16MB (=16777216) (default)
2023-09-08 11:16:34,056 [89f84e8b-2e80-4453-8736-c86c7ce839d9@group-20C2EEB7DA89-LeaderElection8] INFO  server.RaftServerConfigKeys (ConfUtils.java:logGet(46)) - raft.server.log.appender.buffer.byte-limit = 33554432 (custom)
2023-09-08 11:16:34,056 [89f84e8b-2e80-4453-8736-c86c7ce839d9@group-20C2EEB7DA89-LeaderElection8] INFO  server.RaftServerConfigKeys (ConfUtils.java:logGet(46)) - raft.server.log.appender.buffer.element-limit = 1 (custom)
2023-09-08 11:16:34,056 [89f84e8b-2e80-4453-8736-c86c7ce839d9@group-20C2EEB7DA89-LeaderElection8] INFO  server.RaftServerConfigKeys (ConfUtils.java:logGet(46)) - raft.server.log.appender.wait-time.min = 10ms (default)
2023-09-08 11:16:34,056 [89f84e8b-2e80-4453-8736-c86c7ce839d9@group-20C2EEB7DA89-LeaderElection8] INFO  grpc.GrpcConfigKeys (ConfUtils.java:logGet(46)) - raft.grpc.server.leader.outstanding.appends.max = 128 (default)
2023-09-08 11:16:34,057 [89f84e8b-2e80-4453-8736-c86c7ce839d9@group-20C2EEB7DA89-LeaderElection8] INFO  server.RaftServerConfigKeys (ConfUtils.java:logGet(46)) - raft.server.rpc.request.timeout = 60s (custom)
2023-09-08 11:16:34,057 [89f84e8b-2e80-4453-8736-c86c7ce839d9@group-20C2EEB7DA89-LeaderElection8] INFO  grpc.GrpcConfigKeys (ConfUtils.java:logGet(46)) - raft.grpc.server.install_snapshot.request.element-limit = 8 (default)
2023-09-08 11:16:34,058 [89f84e8b-2e80-4453-8736-c86c7ce839d9@group-20C2EEB7DA89-LeaderElection8] INFO  grpc.GrpcConfigKeys (ConfUtils.java:logGet(46)) - raft.grpc.server.install_snapshot.request.timeout = 3000ms (default)
2023-09-08 11:16:34,058 [89f84e8b-2e80-4453-8736-c86c7ce839d9@group-20C2EEB7DA89-LeaderElection8] INFO  server.RaftServerConfigKeys (ConfUtils.java:logGet(46)) - raft.server.log.appender.install.snapshot.enabled = false (custom)
2023-09-08 11:16:34,058 [89f84e8b-2e80-4453-8736-c86c7ce839d9@group-20C2EEB7DA89-LeaderElection8] INFO  grpc.GrpcConfigKeys (ConfUtils.java:logGet(46)) - raft.grpc.server.heartbeat.channel = true (default)
2023-09-08 11:16:34,058 [89f84e8b-2e80-4453-8736-c86c7ce839d9@group-20C2EEB7DA89-LeaderElection8] INFO  server.RaftServerConfigKeys (ConfUtils.java:logGet(46)) - raft.server.log.appender.snapshot.chunk.size.max = 16MB (=16777216) (default)
2023-09-08 11:16:34,059 [89f84e8b-2e80-4453-8736-c86c7ce839d9@group-20C2EEB7DA89-LeaderElection8] INFO  server.RaftServerConfigKeys (ConfUtils.java:logGet(46)) - raft.server.log.appender.buffer.byte-limit = 33554432 (custom)
2023-09-08 11:16:34,059 [89f84e8b-2e80-4453-8736-c86c7ce839d9@group-20C2EEB7DA89-LeaderElection8] INFO  server.RaftServerConfigKeys (ConfUtils.java:logGet(46)) - raft.server.log.appender.buffer.element-limit = 1 (custom)
2023-09-08 11:16:34,059 [EventQueue-PipelineReportForPipelineReportHandler] INFO  pipeline.PipelineReportHandler (PipelineReportHandler.java:processPipelineReport(136)) - Opened pipeline PipelineID=b5442b98-4191-44ba-8ddd-20c2eeb7da89
2023-09-08 11:16:34,059 [89f84e8b-2e80-4453-8736-c86c7ce839d9@group-20C2EEB7DA89-LeaderElection8] INFO  server.RaftServerConfigKeys (ConfUtils.java:logGet(46)) - raft.server.log.appender.wait-time.min = 10ms (default)
2023-09-08 11:16:34,060 [89f84e8b-2e80-4453-8736-c86c7ce839d9@group-20C2EEB7DA89-LeaderElection8] INFO  grpc.GrpcConfigKeys (ConfUtils.java:logGet(46)) - raft.grpc.server.leader.outstanding.appends.max = 128 (default)
2023-09-08 11:16:34,060 [89f84e8b-2e80-4453-8736-c86c7ce839d9@group-20C2EEB7DA89-LeaderElection8] INFO  server.RaftServerConfigKeys (ConfUtils.java:logGet(46)) - raft.server.rpc.request.timeout = 60s (custom)
2023-09-08 11:16:34,060 [89f84e8b-2e80-4453-8736-c86c7ce839d9@group-20C2EEB7DA89-LeaderElection8] INFO  grpc.GrpcConfigKeys (ConfUtils.java:logGet(46)) - raft.grpc.server.install_snapshot.request.element-limit = 8 (default)
2023-09-08 11:16:34,060 [89f84e8b-2e80-4453-8736-c86c7ce839d9@group-20C2EEB7DA89-LeaderElection8] INFO  grpc.GrpcConfigKeys (ConfUtils.java:logGet(46)) - raft.grpc.server.install_snapshot.request.timeout = 3000ms (default)
2023-09-08 11:16:34,060 [89f84e8b-2e80-4453-8736-c86c7ce839d9@group-20C2EEB7DA89-LeaderElection8] INFO  server.RaftServerConfigKeys (ConfUtils.java:logGet(46)) - raft.server.log.appender.install.snapshot.enabled = false (custom)
2023-09-08 11:16:34,060 [89f84e8b-2e80-4453-8736-c86c7ce839d9@group-20C2EEB7DA89-LeaderElection8] INFO  grpc.GrpcConfigKeys (ConfUtils.java:logGet(46)) - raft.grpc.server.heartbeat.channel = true (default)
2023-09-08 11:16:34,060 [89f84e8b-2e80-4453-8736-c86c7ce839d9@group-20C2EEB7DA89-LeaderElection8] INFO  impl.RoleInfo (RoleInfo.java:updateAndGet(139)) - 89f84e8b-2e80-4453-8736-c86c7ce839d9: start 89f84e8b-2e80-4453-8736-c86c7ce839d9@group-20C2EEB7DA89-LeaderStateImpl
2023-09-08 11:16:34,061 [89f84e8b-2e80-4453-8736-c86c7ce839d9@group-20C2EEB7DA89-LeaderElection8] INFO  segmented.SegmentedRaftLogWorker (SegmentedRaftLogWorker.java:startLogSegment(447)) - 89f84e8b-2e80-4453-8736-c86c7ce839d9@group-20C2EEB7DA89-SegmentedRaftLogWorker: Starting segment from index:0
2023-09-08 11:16:34,062 [89f84e8b-2e80-4453-8736-c86c7ce839d9@group-20C2EEB7DA89-SegmentedRaftLogWorker] INFO  segmented.SegmentedRaftLogWorker (SegmentedRaftLogWorker.java:execute(651)) - 89f84e8b-2e80-4453-8736-c86c7ce839d9@group-20C2EEB7DA89-SegmentedRaftLogWorker: created new log segment /home/runner/work/ozone/ozone/hadoop-ozone/integration-test/target/test-dir/MiniOzoneClusterImpl-4b7384aa-5f33-426b-b021-b584800a716a/datanode-2/data/ratis/b5442b98-4191-44ba-8ddd-20c2eeb7da89/current/log_inprogress_0
2023-09-08 11:16:34,072 [89f84e8b-2e80-4453-8736-c86c7ce839d9@group-20C2EEB7DA89-LeaderElection8] INFO  server.RaftServer$Division (ServerState.java:setRaftConf(434)) - 89f84e8b-2e80-4453-8736-c86c7ce839d9@group-20C2EEB7DA89: set configuration 0: peers:[89f84e8b-2e80-4453-8736-c86c7ce839d9|rpc:10.1.0.72:15032|admin:10.1.0.72:15031|client:10.1.0.72:15030|dataStream:10.1.0.72:15033|priority:1|startupRole:FOLLOWER, a3bbae93-4dbd-48a8-b7ec-9de03e51f535|rpc:10.1.0.72:15023|admin:10.1.0.72:15022|client:10.1.0.72:15021|dataStream:10.1.0.72:15024|priority:0|startupRole:FOLLOWER, f2514b4c-a867-463f-8d84-f95d86e9803a|rpc:10.1.0.72:15014|admin:10.1.0.72:15013|client:10.1.0.72:15012|dataStream:10.1.0.72:15015|priority:0|startupRole:FOLLOWER]|listeners:[], old=null
2023-09-08 11:16:34,092 [a3bbae93-4dbd-48a8-b7ec-9de03e51f535-server-thread1] INFO  ratis.XceiverServerRatis (XceiverServerRatis.java:handleLeaderChangedNotification(902)) - Leader change notification received for group: group-20C2EEB7DA89 with new leaderId: 89f84e8b-2e80-4453-8736-c86c7ce839d9
2023-09-08 11:16:34,092 [a3bbae93-4dbd-48a8-b7ec-9de03e51f535-server-thread1] INFO  server.RaftServer$Division (ServerState.java:setLeader(317)) - a3bbae93-4dbd-48a8-b7ec-9de03e51f535@group-20C2EEB7DA89: change Leader from null to 89f84e8b-2e80-4453-8736-c86c7ce839d9 at term 1 for appendEntries, leader elected after 5252ms
2023-09-08 11:16:34,097 [f2514b4c-a867-463f-8d84-f95d86e9803a-server-thread1] INFO  ratis.XceiverServerRatis (XceiverServerRatis.java:handleLeaderChangedNotification(902)) - Leader change notification received for group: group-20C2EEB7DA89 with new leaderId: 89f84e8b-2e80-4453-8736-c86c7ce839d9
2023-09-08 11:16:34,097 [f2514b4c-a867-463f-8d84-f95d86e9803a-server-thread1] INFO  server.RaftServer$Division (ServerState.java:setLeader(317)) - f2514b4c-a867-463f-8d84-f95d86e9803a@group-20C2EEB7DA89: change Leader from null to 89f84e8b-2e80-4453-8736-c86c7ce839d9 at term 1 for appendEntries, leader elected after 5260ms
2023-09-08 11:16:34,101 [f2514b4c-a867-463f-8d84-f95d86e9803a-server-thread2] INFO  server.RaftServer$Division (ServerState.java:setRaftConf(434)) - f2514b4c-a867-463f-8d84-f95d86e9803a@group-20C2EEB7DA89: set configuration 0: peers:[89f84e8b-2e80-4453-8736-c86c7ce839d9|rpc:10.1.0.72:15032|admin:10.1.0.72:15031|client:10.1.0.72:15030|dataStream:10.1.0.72:15033|priority:1|startupRole:FOLLOWER, a3bbae93-4dbd-48a8-b7ec-9de03e51f535|rpc:10.1.0.72:15023|admin:10.1.0.72:15022|client:10.1.0.72:15021|dataStream:10.1.0.72:15024|priority:0|startupRole:FOLLOWER, f2514b4c-a867-463f-8d84-f95d86e9803a|rpc:10.1.0.72:15014|admin:10.1.0.72:15013|client:10.1.0.72:15012|dataStream:10.1.0.72:15015|priority:0|startupRole:FOLLOWER]|listeners:[], old=null
2023-09-08 11:16:34,102 [f2514b4c-a867-463f-8d84-f95d86e9803a-server-thread2] INFO  segmented.SegmentedRaftLogWorker (SegmentedRaftLogWorker.java:startLogSegment(447)) - f2514b4c-a867-463f-8d84-f95d86e9803a@group-20C2EEB7DA89-SegmentedRaftLogWorker: Starting segment from index:0
2023-09-08 11:16:34,111 [f2514b4c-a867-463f-8d84-f95d86e9803a@group-20C2EEB7DA89-SegmentedRaftLogWorker] INFO  segmented.SegmentedRaftLogWorker (SegmentedRaftLogWorker.java:execute(651)) - f2514b4c-a867-463f-8d84-f95d86e9803a@group-20C2EEB7DA89-SegmentedRaftLogWorker: created new log segment /home/runner/work/ozone/ozone/hadoop-ozone/integration-test/target/test-dir/MiniOzoneClusterImpl-4b7384aa-5f33-426b-b021-b584800a716a/datanode-0/data/ratis/b5442b98-4191-44ba-8ddd-20c2eeb7da89/current/log_inprogress_0
2023-09-08 11:16:34,112 [a3bbae93-4dbd-48a8-b7ec-9de03e51f535-server-thread2] INFO  server.RaftServer$Division (ServerState.java:setRaftConf(434)) - a3bbae93-4dbd-48a8-b7ec-9de03e51f535@group-20C2EEB7DA89: set configuration 0: peers:[89f84e8b-2e80-4453-8736-c86c7ce839d9|rpc:10.1.0.72:15032|admin:10.1.0.72:15031|client:10.1.0.72:15030|dataStream:10.1.0.72:15033|priority:1|startupRole:FOLLOWER, a3bbae93-4dbd-48a8-b7ec-9de03e51f535|rpc:10.1.0.72:15023|admin:10.1.0.72:15022|client:10.1.0.72:15021|dataStream:10.1.0.72:15024|priority:0|startupRole:FOLLOWER, f2514b4c-a867-463f-8d84-f95d86e9803a|rpc:10.1.0.72:15014|admin:10.1.0.72:15013|client:10.1.0.72:15012|dataStream:10.1.0.72:15015|priority:0|startupRole:FOLLOWER]|listeners:[], old=null
2023-09-08 11:16:34,112 [a3bbae93-4dbd-48a8-b7ec-9de03e51f535-server-thread2] INFO  segmented.SegmentedRaftLogWorker (SegmentedRaftLogWorker.java:startLogSegment(447)) - a3bbae93-4dbd-48a8-b7ec-9de03e51f535@group-20C2EEB7DA89-SegmentedRaftLogWorker: Starting segment from index:0
2023-09-08 11:16:34,114 [a3bbae93-4dbd-48a8-b7ec-9de03e51f535@group-20C2EEB7DA89-SegmentedRaftLogWorker] INFO  segmented.SegmentedRaftLogWorker (SegmentedRaftLogWorker.java:execute(651)) - a3bbae93-4dbd-48a8-b7ec-9de03e51f535@group-20C2EEB7DA89-SegmentedRaftLogWorker: created new log segment /home/runner/work/ozone/ozone/hadoop-ozone/integration-test/target/test-dir/MiniOzoneClusterImpl-4b7384aa-5f33-426b-b021-b584800a716a/datanode-1/data/ratis/b5442b98-4191-44ba-8ddd-20c2eeb7da89/current/log_inprogress_0
2023-09-08 11:16:34,310 [2dfd442c-a1c3-4c12-a15b-8aed08a5dec6@group-1F90F7E40752-FollowerState] INFO  impl.FollowerState (FollowerState.java:run(143)) - 2dfd442c-a1c3-4c12-a15b-8aed08a5dec6@group-1F90F7E40752-FollowerState: change to CANDIDATE, lastRpcElapsedTime:5135163319ns, electionTimeout:5133ms
2023-09-08 11:16:34,310 [2dfd442c-a1c3-4c12-a15b-8aed08a5dec6@group-1F90F7E40752-FollowerState] INFO  impl.RoleInfo (RoleInfo.java:shutdownFollowerState(110)) - 2dfd442c-a1c3-4c12-a15b-8aed08a5dec6: shutdown 2dfd442c-a1c3-4c12-a15b-8aed08a5dec6@group-1F90F7E40752-FollowerState
2023-09-08 11:16:34,310 [2dfd442c-a1c3-4c12-a15b-8aed08a5dec6@group-1F90F7E40752-FollowerState] INFO  server.RaftServer$Division (RaftServerImpl.java:setRole(329)) - 2dfd442c-a1c3-4c12-a15b-8aed08a5dec6@group-1F90F7E40752: changes role from  FOLLOWER to CANDIDATE at term 0 for changeToCandidate
2023-09-08 11:16:34,312 [2dfd442c-a1c3-4c12-a15b-8aed08a5dec6@group-1F90F7E40752-FollowerState] INFO  server.RaftServerConfigKeys (ConfUtils.java:logGet(46)) - raft.server.leaderelection.pre-vote = true (default)
2023-09-08 11:16:34,312 [2dfd442c-a1c3-4c12-a15b-8aed08a5dec6@group-1F90F7E40752-FollowerState] INFO  impl.RoleInfo (RoleInfo.java:updateAndGet(139)) - 2dfd442c-a1c3-4c12-a15b-8aed08a5dec6: start 2dfd442c-a1c3-4c12-a15b-8aed08a5dec6@group-1F90F7E40752-LeaderElection11
2023-09-08 11:16:34,316 [2dfd442c-a1c3-4c12-a15b-8aed08a5dec6@group-1F90F7E40752-LeaderElection11] INFO  impl.LeaderElection (LeaderElection.java:askForVotes(321)) - 2dfd442c-a1c3-4c12-a15b-8aed08a5dec6@group-1F90F7E40752-LeaderElection11 PRE_VOTE round 0: submit vote requests at term 0 for -1: peers:[2dfd442c-a1c3-4c12-a15b-8aed08a5dec6|rpc:10.1.0.72:15050|admin:10.1.0.72:15049|client:10.1.0.72:15048|dataStream:10.1.0.72:15051|priority:1|startupRole:FOLLOWER]|listeners:[], old=null
2023-09-08 11:16:34,316 [2dfd442c-a1c3-4c12-a15b-8aed08a5dec6@group-1F90F7E40752-LeaderElection11] INFO  impl.LeaderElection (LeaderElection.java:askForVotes(323)) - 2dfd442c-a1c3-4c12-a15b-8aed08a5dec6@group-1F90F7E40752-LeaderElection11 PRE_VOTE round 0: result PASSED (term=0)
2023-09-08 11:16:34,318 [2dfd442c-a1c3-4c12-a15b-8aed08a5dec6@group-1F90F7E40752-LeaderElection11] INFO  impl.LeaderElection (LeaderElection.java:askForVotes(321)) - 2dfd442c-a1c3-4c12-a15b-8aed08a5dec6@group-1F90F7E40752-LeaderElection11 ELECTION round 0: submit vote requests at term 1 for -1: peers:[2dfd442c-a1c3-4c12-a15b-8aed08a5dec6|rpc:10.1.0.72:15050|admin:10.1.0.72:15049|client:10.1.0.72:15048|dataStream:10.1.0.72:15051|priority:1|startupRole:FOLLOWER]|listeners:[], old=null
2023-09-08 11:16:34,318 [2dfd442c-a1c3-4c12-a15b-8aed08a5dec6@group-1F90F7E40752-LeaderElection11] INFO  impl.LeaderElection (LeaderElection.java:askForVotes(323)) - 2dfd442c-a1c3-4c12-a15b-8aed08a5dec6@group-1F90F7E40752-LeaderElection11 ELECTION round 0: result PASSED (term=1)
2023-09-08 11:16:34,681 [2dfd442c-a1c3-4c12-a15b-8aed08a5dec6@group-1F90F7E40752-LeaderElection11] INFO  impl.RoleInfo (RoleInfo.java:shutdownLeaderElection(130)) - 2dfd442c-a1c3-4c12-a15b-8aed08a5dec6: shutdown 2dfd442c-a1c3-4c12-a15b-8aed08a5dec6@group-1F90F7E40752-LeaderElection11
2023-09-08 11:16:34,681 [2dfd442c-a1c3-4c12-a15b-8aed08a5dec6@group-1F90F7E40752-LeaderElection11] INFO  server.RaftServer$Division (RaftServerImpl.java:setRole(329)) - 2dfd442c-a1c3-4c12-a15b-8aed08a5dec6@group-1F90F7E40752: changes role from CANDIDATE to LEADER at term 1 for changeToLeader
2023-09-08 11:16:34,681 [2dfd442c-a1c3-4c12-a15b-8aed08a5dec6@group-1F90F7E40752-LeaderElection11] INFO  ratis.XceiverServerRatis (XceiverServerRatis.java:handleLeaderChangedNotification(902)) - Leader change notification received for group: group-1F90F7E40752 with new leaderId: 2dfd442c-a1c3-4c12-a15b-8aed08a5dec6
2023-09-08 11:16:34,681 [2dfd442c-a1c3-4c12-a15b-8aed08a5dec6@group-1F90F7E40752-LeaderElection11] INFO  server.RaftServer$Division (ServerState.java:setLeader(317)) - 2dfd442c-a1c3-4c12-a15b-8aed08a5dec6@group-1F90F7E40752: change Leader from null to 2dfd442c-a1c3-4c12-a15b-8aed08a5dec6 at term 1 for becomeLeader, leader elected after 5535ms
2023-09-08 11:16:34,681 [2dfd442c-a1c3-4c12-a15b-8aed08a5dec6@group-1F90F7E40752-LeaderElection11] INFO  server.RaftServerConfigKeys (ConfUtils.java:logGet(46)) - raft.server.staging.catchup.gap = 1000 (default)
2023-09-08 11:16:34,682 [2dfd442c-a1c3-4c12-a15b-8aed08a5dec6@group-1F90F7E40752-LeaderElection11] INFO  server.RaftServerConfigKeys (ConfUtils.java:logGet(46)) - raft.server.write.element-limit = 1024 (custom)
2023-09-08 11:16:34,682 [2dfd442c-a1c3-4c12-a15b-8aed08a5dec6@group-1F90F7E40752-LeaderElection11] INFO  server.RaftServerConfigKeys (ConfUtils.java:logGet(46)) - raft.server.write.byte-limit = 1024 M (=1073741824) (custom)
2023-09-08 11:16:34,682 [2dfd442c-a1c3-4c12-a15b-8aed08a5dec6@group-1F90F7E40752-LeaderElection11] INFO  server.RaftServerConfigKeys (ConfUtils.java:logGet(46)) - raft.server.watch.timeout = 180s (custom)
2023-09-08 11:16:34,682 [2dfd442c-a1c3-4c12-a15b-8aed08a5dec6@group-1F90F7E40752-LeaderElection11] INFO  server.RaftServerConfigKeys (ConfUtils.java:logGet(46)) - raft.server.watch.timeout.denomination = 1s (default)
2023-09-08 11:16:34,683 [2dfd442c-a1c3-4c12-a15b-8aed08a5dec6@group-1F90F7E40752-LeaderElection11] INFO  server.RaftServerConfigKeys (ConfUtils.java:logGet(46)) - raft.server.watch.element-limit = 65536 (default)
2023-09-08 11:16:34,683 [2dfd442c-a1c3-4c12-a15b-8aed08a5dec6@group-1F90F7E40752-LeaderElection11] INFO  server.RaftServerConfigKeys (ConfUtils.java:logGet(46)) - raft.server.write.element-limit = 1024 (custom)
2023-09-08 11:16:34,683 [2dfd442c-a1c3-4c12-a15b-8aed08a5dec6@group-1F90F7E40752-LeaderElection11] INFO  server.RaftServerConfigKeys (ConfUtils.java:logGet(46)) - raft.server.write.follower.gap.ratio.max = -1.0 (default)
2023-09-08 11:16:34,683 [2dfd442c-a1c3-4c12-a15b-8aed08a5dec6@group-1F90F7E40752-LeaderElection11] INFO  impl.RoleInfo (RoleInfo.java:updateAndGet(139)) - 2dfd442c-a1c3-4c12-a15b-8aed08a5dec6: start 2dfd442c-a1c3-4c12-a15b-8aed08a5dec6@group-1F90F7E40752-LeaderStateImpl
2023-09-08 11:16:34,684 [2dfd442c-a1c3-4c12-a15b-8aed08a5dec6@group-1F90F7E40752-LeaderElection11] INFO  segmented.SegmentedRaftLogWorker (SegmentedRaftLogWorker.java:startLogSegment(447)) - 2dfd442c-a1c3-4c12-a15b-8aed08a5dec6@group-1F90F7E40752-SegmentedRaftLogWorker: Starting segment from index:0
2023-09-08 11:16:34,687 [JvmPauseMonitor1] WARN  util.JvmPauseMonitor (JvmPauseMonitor.java:detectPause(124)) - JvmPauseMonitor-om1: Detected pause in JVM or host machine approximately 0.142s with 0.361s GC time.
GC pool 'PS MarkSweep' had collection(s): count=1 time=263ms
GC pool 'PS Scavenge' had collection(s): count=1 time=98ms
2023-09-08 11:16:34,687 [JvmPauseMonitor0] WARN  util.JvmPauseMonitor (JvmPauseMonitor.java:detectPause(124)) - JvmPauseMonitor-09ddc2e2-6770-475e-ba33-8322ea347e1f: Detected pause in JVM or host machine approximately 0.141s with 0.361s GC time.
GC pool 'PS MarkSweep' had collection(s): count=1 time=263ms
GC pool 'PS Scavenge' had collection(s): count=1 time=98ms
2023-09-08 11:16:34,693 [JvmPauseMonitor2] WARN  util.JvmPauseMonitor (JvmPauseMonitor.java:detectPause(124)) - JvmPauseMonitor-f2514b4c-a867-463f-8d84-f95d86e9803a: Detected pause in JVM or host machine approximately 0.274s with 0.361s GC time.
GC pool 'PS MarkSweep' had collection(s): count=1 time=263ms
GC pool 'PS Scavenge' had collection(s): count=1 time=98ms
2023-09-08 11:16:34,693 [main] INFO  ozone.MiniOzoneClusterImpl (MiniOzoneClusterImpl.java:lambda$waitForClusterToBeReady$0(224)) - Nodes are ready. Got 5 of 5 DN Heartbeats.
2023-09-08 11:16:34,704 [main] INFO  ozone.MiniOzoneClusterImpl (MiniOzoneClusterImpl.java:lambda$waitForClusterToBeReady$0(227)) - Cluster exits safe mode
2023-09-08 11:16:34,705 [main] INFO  ozone.MiniOzoneClusterImpl (MiniOzoneClusterImpl.java:lambda$waitForClusterToBeReady$0(229)) - SCM became leader
2023-09-08 11:16:34,705 [JvmPauseMonitor5] WARN  util.JvmPauseMonitor (JvmPauseMonitor.java:detectPause(124)) - JvmPauseMonitor-d33cef6e-fa1d-4bba-bddd-0d189def30bc: Detected pause in JVM or host machine approximately 0.269s with 0.361s GC time.
GC pool 'PS MarkSweep' had collection(s): count=1 time=263ms
GC pool 'PS Scavenge' had collection(s): count=1 time=98ms
2023-09-08 11:16:34,706 [JvmPauseMonitor4] WARN  util.JvmPauseMonitor (JvmPauseMonitor.java:detectPause(124)) - JvmPauseMonitor-89f84e8b-2e80-4453-8736-c86c7ce839d9: Detected pause in JVM or host machine approximately 0.269s with 0.361s GC time.
GC pool 'PS MarkSweep' had collection(s): count=1 time=263ms
GC pool 'PS Scavenge' had collection(s): count=1 time=98ms
2023-09-08 11:16:34,691 [JvmPauseMonitor6] WARN  util.JvmPauseMonitor (JvmPauseMonitor.java:detectPause(124)) - JvmPauseMonitor-2dfd442c-a1c3-4c12-a15b-8aed08a5dec6: Detected pause in JVM or host machine approximately 0.270s with 0.361s GC time.
GC pool 'PS MarkSweep' had collection(s): count=1 time=263ms
GC pool 'PS Scavenge' had collection(s): count=1 time=98ms
2023-09-08 11:16:34,689 [JvmPauseMonitor3] WARN  util.JvmPauseMonitor (JvmPauseMonitor.java:detectPause(124)) - JvmPauseMonitor-a3bbae93-4dbd-48a8-b7ec-9de03e51f535: Detected pause in JVM or host machine approximately 0.170s with 0.361s GC time.
GC pool 'PS MarkSweep' had collection(s): count=1 time=263ms
GC pool 'PS Scavenge' had collection(s): count=1 time=98ms
2023-09-08 11:16:34,717 [2dfd442c-a1c3-4c12-a15b-8aed08a5dec6@group-1F90F7E40752-LeaderElection11] INFO  server.RaftServer$Division (ServerState.java:setRaftConf(434)) - 2dfd442c-a1c3-4c12-a15b-8aed08a5dec6@group-1F90F7E40752: set configuration 0: peers:[2dfd442c-a1c3-4c12-a15b-8aed08a5dec6|rpc:10.1.0.72:15050|admin:10.1.0.72:15049|client:10.1.0.72:15048|dataStream:10.1.0.72:15051|priority:1|startupRole:FOLLOWER]|listeners:[], old=null
2023-09-08 11:16:34,717 [2dfd442c-a1c3-4c12-a15b-8aed08a5dec6@group-1F90F7E40752-SegmentedRaftLogWorker] INFO  segmented.SegmentedRaftLogWorker (SegmentedRaftLogWorker.java:execute(651)) - 2dfd442c-a1c3-4c12-a15b-8aed08a5dec6@group-1F90F7E40752-SegmentedRaftLogWorker: created new log segment /home/runner/work/ozone/ozone/hadoop-ozone/integration-test/target/test-dir/MiniOzoneClusterImpl-4b7384aa-5f33-426b-b021-b584800a716a/datanode-4/data/ratis/bfb1ca3b-128b-41db-8775-1f90f7e40752/current/log_inprogress_0
2023-09-08 11:16:35,471 [main] INFO  rpc.RpcClient (RpcClient.java:createVolume(461)) - Creating Volume: volume76163, with user76173 as owner and space quota set to -1 bytes, counts quota set to -1
2023-09-08 11:16:35,541 [OM StateMachine ApplyTransaction Thread - 0] INFO  volume.OMVolumeCreateRequest (OMVolumeCreateRequest.java:validateAndUpdateCache(196)) - created volume:volume76163 for user:user76173
2023-09-08 11:16:35,558 [main] INFO  rpc.RpcClient (RpcClient.java:createBucket(688)) - Creating Bucket: volume76163/bucket78113, with bucket layout LEGACY, runner as owner, Versioning false, Storage Type set to DISK and Encryption set to false, Replication Type set to server-side default replication type, Namespace Quota set to -1, Space Quota set to -1 
2023-09-08 11:16:35,590 [OM StateMachine ApplyTransaction Thread - 0] INFO  bucket.OMBucketCreateRequest (OMBucketCreateRequest.java:validateAndUpdateCache(270)) - created bucket: bucket78113 of layout LEGACY in volume: volume76163
]]></system-out>
  </testcase>
  <testcase name="testGetTrashRoot" classname="TestOzoneFileSystem" time="18.789">
    <system-out><![CDATA[2023-09-08 11:17:56,360 [main] INFO  ozone.MiniOzoneClusterImpl (MiniOzoneClusterImpl.java:shutdown(443)) - Shutting down the Mini Ozone Cluster
2023-09-08 11:17:56,361 [main] INFO  ozone.MiniOzoneClusterImpl (MiniOzoneClusterImpl.java:stop(460)) - Stopping the Mini Ozone Cluster
2023-09-08 11:17:56,361 [main] INFO  ozone.MiniOzoneClusterImpl (MiniOzoneClusterImpl.java:stopOM(551)) - Stopping the OzoneManager
2023-09-08 11:17:56,361 [main] INFO  om.OzoneManager (OzoneManager.java:stop(2204)) - om1[localhost:15004]: Stopping Ozone Manager
2023-09-08 11:17:56,361 [main] INFO  ipc.Server (Server.java:stop(3523)) - Stopping server on 15004
2023-09-08 11:17:56,379 [IPC Server listener on 15004] INFO  ipc.Server (Server.java:run(1434)) - Stopping IPC Server listener on 15004
2023-09-08 11:17:56,379 [IPC Server Responder] INFO  ipc.Server (Server.java:run(1567)) - Stopping IPC Server Responder
2023-09-08 11:17:56,382 [main] INFO  server.RaftServer (RaftServerProxy.java:lambda$close$6(416)) - om1: close
2023-09-08 11:17:56,383 [main] INFO  server.GrpcService (GrpcService.java:closeImpl(311)) - om1: shutdown server GrpcServerProtocolService now
2023-09-08 11:17:56,384 [om1-impl-thread2] INFO  server.RaftServer$Division (RaftServerImpl.java:lambda$close$4(466)) - om1@group-C5BA1605619E: shutdown
2023-09-08 11:17:56,384 [om1-impl-thread2] INFO  util.JmxRegister (JmxRegister.java:unregister(73)) - Successfully un-registered JMX Bean with object name Ratis:service=RaftServer,group=group-C5BA1605619E,id=om1
2023-09-08 11:17:56,384 [om1-impl-thread2] INFO  impl.RoleInfo (RoleInfo.java:shutdownLeaderState(93)) - om1: shutdown om1@group-C5BA1605619E-LeaderStateImpl
2023-09-08 11:17:56,385 [om1-impl-thread2] INFO  impl.PendingRequests (PendingRequests.java:sendNotLeaderResponses(289)) - om1@group-C5BA1605619E-PendingRequests: sendNotLeaderResponses
2023-09-08 11:17:56,392 [main] INFO  server.GrpcService (GrpcService.java:closeImpl(320)) - om1: shutdown server GrpcServerProtocolService successfully
2023-09-08 11:17:56,393 [om1@group-C5BA1605619E-StateMachineUpdater] INFO  ratis.OzoneManagerStateMachine (OzoneManagerStateMachine.java:takeSnapshot(480)) - Current Snapshot Index (t:1, i:37011)
2023-09-08 11:17:56,395 [om1-impl-thread2] INFO  impl.StateMachineUpdater (StateMachineUpdater.java:stopAndJoin(155)) - om1@group-C5BA1605619E-StateMachineUpdater: set stopIndex = 37011
2023-09-08 11:17:56,441 [om1@group-C5BA1605619E-StateMachineUpdater] INFO  impl.StateMachineUpdater (StateMachineUpdater.java:takeSnapshot(291)) - om1@group-C5BA1605619E-StateMachineUpdater: Took a snapshot at index 37011
2023-09-08 11:17:56,443 [om1@group-C5BA1605619E-StateMachineUpdater] INFO  impl.StateMachineUpdater (StateMachineUpdater.java:lambda$new$0(97)) - om1@group-C5BA1605619E-StateMachineUpdater: snapshotIndex: updateIncreasingly -1 -> 37011
2023-09-08 11:17:56,443 [om1@group-C5BA1605619E-StateMachineUpdater] INFO  ratis.OzoneManagerStateMachine (OzoneManagerStateMachine.java:close(534)) - StateMachine has shutdown. Shutdown OzoneManager if not already shutdown.
2023-09-08 11:17:56,443 [om1@group-C5BA1605619E-StateMachineUpdater] INFO  ratis.OzoneManagerDoubleBuffer (OzoneManagerDoubleBuffer.java:stopDaemon(551)) - Stopping OMDoubleBuffer flush thread
2023-09-08 11:17:56,443 [OMDoubleBufferFlushThread] INFO  ratis.OzoneManagerDoubleBuffer (OzoneManagerDoubleBuffer.java:canFlush(638)) - OMDoubleBuffer flush thread OMDoubleBufferFlushThread is interrupted and will exit.
2023-09-08 11:17:56,447 [om1-impl-thread2] INFO  server.RaftServer$Division (ServerState.java:close(472)) - om1@group-C5BA1605619E: closes. applyIndex: 37011
2023-09-08 11:17:57,352 [om1-impl-thread2] INFO  segmented.SegmentedRaftLogWorker (SegmentedRaftLogWorker.java:close(252)) - om1@group-C5BA1605619E-SegmentedRaftLogWorker close()
2023-09-08 11:17:57,355 [JvmPauseMonitor1] INFO  util.JvmPauseMonitor (JvmPauseMonitor.java:run(109)) - JvmPauseMonitor-om1: Stopped
2023-09-08 11:17:57,356 [main] INFO  ratis.OzoneManagerStateMachine (OzoneManagerStateMachine.java:close(534)) - StateMachine has shutdown. Shutdown OzoneManager if not already shutdown.
2023-09-08 11:17:57,356 [main] INFO  ratis.OzoneManagerDoubleBuffer (OzoneManagerDoubleBuffer.java:stopDaemon(560)) - OMDoubleBuffer flush thread is not running.
2023-09-08 11:17:57,357 [main] INFO  utils.BackgroundService (BackgroundService.java:shutdown(141)) - Shutting down service KeyDeletingService
2023-09-08 11:17:57,357 [main] INFO  utils.BackgroundService (BackgroundService.java:shutdown(141)) - Shutting down service KeyDeletingService
2023-09-08 11:17:57,358 [main] INFO  utils.BackgroundService (BackgroundService.java:shutdown(141)) - Shutting down service OpenKeyCleanupService
2023-09-08 11:17:57,358 [main] INFO  utils.BackgroundService (BackgroundService.java:shutdown(141)) - Shutting down service SstFilteringService
2023-09-08 11:17:57,358 [main] INFO  utils.BackgroundService (BackgroundService.java:shutdown(141)) - Shutting down service SnapshotDeletingService
2023-09-08 11:17:57,360 [main] INFO  handler.ContextHandler (ContextHandler.java:doStop(1159)) - Stopped o.e.j.w.WebAppContext@504b52db{ozoneManager,/,null,STOPPED}{file:/home/runner/work/ozone/ozone/hadoop-ozone/integration-test/target/test-classes/webapps/ozoneManager}
2023-09-08 11:17:57,365 [main] INFO  server.AbstractConnector (AbstractConnector.java:doStop(383)) - Stopped ServerConnector@5effdc4d{HTTP/1.1, (http/1.1)}{0.0.0.0:15005}
2023-09-08 11:17:57,365 [main] INFO  server.session (HouseKeeper.java:stopScavenging(149)) - node0 Stopped scavenging
2023-09-08 11:17:57,365 [main] INFO  handler.ContextHandler (ContextHandler.java:doStop(1159)) - Stopped o.e.j.s.ServletContextHandler@33697548{static,/static,file:///home/runner/work/ozone/ozone/hadoop-ozone/integration-test/target/test-classes/webapps/static,STOPPED}
2023-09-08 11:17:57,365 [main] INFO  handler.ContextHandler (ContextHandler.java:doStop(1159)) - Stopped o.e.j.s.ServletContextHandler@6b4b8163{logs,/logs,file:///home/runner/work/ozone/ozone/hadoop-ozone/integration-test/target/log,STOPPED}
2023-09-08 11:17:57,368 [main] INFO  rocksdiff.RocksDBCheckpointDiffer (RocksDBCheckpointDiffer.java:close(343)) - Shutting down CompactionDagPruningService.
2023-09-08 11:17:57,368 [Trash Emptier] ERROR om.TrashPolicyOzone (TrashPolicyOzone.java:run(350)) - Error attempting to shutdown
java.lang.InterruptedException
	at java.util.concurrent.locks.AbstractQueuedSynchronizer$ConditionObject.awaitNanos(AbstractQueuedSynchronizer.java:2067)
	at java.util.concurrent.ThreadPoolExecutor.awaitTermination(ThreadPoolExecutor.java:1475)
	at org.apache.hadoop.ozone.om.TrashPolicyOzone$Emptier.run(TrashPolicyOzone.java:348)
	at java.lang.Thread.run(Thread.java:750)
2023-09-08 11:17:57,385 [main] INFO  snapshot.SnapshotDiffManager (SnapshotDiffManager.java:closeExecutorService(1706)) - Shutting down executorService: 'SnapDiffExecutor'
2023-09-08 11:17:57,387 [main] INFO  snapshot.SnapshotDiffManager (SnapshotDiffManager.java:closeExecutorService(1706)) - Shutting down executorService: 'SstDumpToolExecutor'
2023-09-08 11:17:57,387 [main] INFO  utils.BackgroundService (BackgroundService.java:shutdown(141)) - Shutting down service SnapshotDiffCleanupService
2023-09-08 11:17:57,389 [main] INFO  ozone.MiniOzoneClusterImpl (MiniOzoneClusterImpl.java:stopDatanodes(528)) - Stopping the HddsDatanodes
2023-09-08 11:17:57,395 [ForkJoinPool.commonPool-worker-0] INFO  ozoneimpl.OzoneContainer (OzoneContainer.java:stop(451)) - Attempting to stop container services.
2023-09-08 11:17:57,399 [ForkJoinPool.commonPool-worker-0] INFO  server.RaftServer (RaftServerProxy.java:lambda$close$6(416)) - a3bbae93-4dbd-48a8-b7ec-9de03e51f535: close
2023-09-08 11:17:57,400 [a3bbae93-4dbd-48a8-b7ec-9de03e51f535-impl-thread2] INFO  server.RaftServer$Division (RaftServerImpl.java:lambda$close$4(466)) - a3bbae93-4dbd-48a8-b7ec-9de03e51f535@group-20C2EEB7DA89: shutdown
2023-09-08 11:17:57,400 [a3bbae93-4dbd-48a8-b7ec-9de03e51f535-impl-thread2] INFO  util.JmxRegister (JmxRegister.java:unregister(73)) - Successfully un-registered JMX Bean with object name Ratis:service=RaftServer,group=group-20C2EEB7DA89,id=a3bbae93-4dbd-48a8-b7ec-9de03e51f535
2023-09-08 11:17:57,400 [a3bbae93-4dbd-48a8-b7ec-9de03e51f535-impl-thread2] INFO  impl.RoleInfo (RoleInfo.java:shutdownFollowerState(110)) - a3bbae93-4dbd-48a8-b7ec-9de03e51f535: shutdown a3bbae93-4dbd-48a8-b7ec-9de03e51f535@group-20C2EEB7DA89-FollowerState
2023-09-08 11:17:57,403 [a3bbae93-4dbd-48a8-b7ec-9de03e51f535-impl-thread3] INFO  server.RaftServer$Division (RaftServerImpl.java:lambda$close$4(466)) - a3bbae93-4dbd-48a8-b7ec-9de03e51f535@group-628FFE3070B6: shutdown
2023-09-08 11:17:57,403 [a3bbae93-4dbd-48a8-b7ec-9de03e51f535-impl-thread3] INFO  util.JmxRegister (JmxRegister.java:unregister(73)) - Successfully un-registered JMX Bean with object name Ratis:service=RaftServer,group=group-628FFE3070B6,id=a3bbae93-4dbd-48a8-b7ec-9de03e51f535
2023-09-08 11:17:57,403 [a3bbae93-4dbd-48a8-b7ec-9de03e51f535-impl-thread3] INFO  impl.RoleInfo (RoleInfo.java:shutdownLeaderState(93)) - a3bbae93-4dbd-48a8-b7ec-9de03e51f535: shutdown a3bbae93-4dbd-48a8-b7ec-9de03e51f535@group-628FFE3070B6-LeaderStateImpl
2023-09-08 11:17:57,408 [a3bbae93-4dbd-48a8-b7ec-9de03e51f535-impl-thread4] INFO  server.RaftServer$Division (RaftServerImpl.java:lambda$close$4(466)) - a3bbae93-4dbd-48a8-b7ec-9de03e51f535@group-D2C97247619F: shutdown
2023-09-08 11:17:57,408 [ForkJoinPool.commonPool-worker-0] INFO  server.GrpcService (GrpcService.java:closeImpl(311)) - a3bbae93-4dbd-48a8-b7ec-9de03e51f535: shutdown server org.apache.ratis.grpc.server.GrpcClientProtocolService now
2023-09-08 11:17:57,408 [a3bbae93-4dbd-48a8-b7ec-9de03e51f535-impl-thread4] INFO  util.JmxRegister (JmxRegister.java:unregister(73)) - Successfully un-registered JMX Bean with object name Ratis:service=RaftServer,group=group-D2C97247619F,id=a3bbae93-4dbd-48a8-b7ec-9de03e51f535
2023-09-08 11:17:57,408 [a3bbae93-4dbd-48a8-b7ec-9de03e51f535-impl-thread4] INFO  impl.RoleInfo (RoleInfo.java:shutdownLeaderState(93)) - a3bbae93-4dbd-48a8-b7ec-9de03e51f535: shutdown a3bbae93-4dbd-48a8-b7ec-9de03e51f535@group-D2C97247619F-LeaderStateImpl
2023-09-08 11:17:57,408 [a3bbae93-4dbd-48a8-b7ec-9de03e51f535-impl-thread4] INFO  impl.PendingRequests (PendingRequests.java:sendNotLeaderResponses(289)) - a3bbae93-4dbd-48a8-b7ec-9de03e51f535@group-D2C97247619F-PendingRequests: sendNotLeaderResponses
2023-09-08 11:17:57,411 [a3bbae93-4dbd-48a8-b7ec-9de03e51f535@group-628FFE3070B6->89f84e8b-2e80-4453-8736-c86c7ce839d9-GrpcLogAppender-LogAppenderDaemon] WARN  server.GrpcLogAppender (GrpcLogAppender.java:mayWait(199)) - a3bbae93-4dbd-48a8-b7ec-9de03e51f535@group-628FFE3070B6->89f84e8b-2e80-4453-8736-c86c7ce839d9-GrpcLogAppender: Wait interrupted by java.lang.InterruptedException
2023-09-08 11:17:57,413 [grpc-default-executor-5] INFO  server.GrpcServerProtocolService (GrpcServerProtocolService.java:onCompleted(155)) - 89f84e8b-2e80-4453-8736-c86c7ce839d9: Completed APPEND_ENTRIES, lastRequest: a3bbae93-4dbd-48a8-b7ec-9de03e51f535->89f84e8b-2e80-4453-8736-c86c7ce839d9#48-t1,previous=(t:1, i:25),leaderCommit=25,initializing? true,entries: size=1, first=(t:1, i:26), METADATAENTRY(c:24)
2023-09-08 11:17:57,414 [grpc-default-executor-5] INFO  server.GrpcServerProtocolService (GrpcServerProtocolService.java:lambda$onCompleted$5(157)) - 89f84e8b-2e80-4453-8736-c86c7ce839d9: Completed APPEND_ENTRIES, lastReply: null
2023-09-08 11:17:57,415 [a3bbae93-4dbd-48a8-b7ec-9de03e51f535-impl-thread2] INFO  impl.StateMachineUpdater (StateMachineUpdater.java:stopAndJoin(155)) - a3bbae93-4dbd-48a8-b7ec-9de03e51f535@group-20C2EEB7DA89-StateMachineUpdater: set stopIndex = 2
2023-09-08 11:17:57,415 [a3bbae93-4dbd-48a8-b7ec-9de03e51f535-impl-thread3] INFO  impl.PendingRequests (PendingRequests.java:sendNotLeaderResponses(289)) - a3bbae93-4dbd-48a8-b7ec-9de03e51f535@group-628FFE3070B6-PendingRequests: sendNotLeaderResponses
2023-09-08 11:17:57,415 [a3bbae93-4dbd-48a8-b7ec-9de03e51f535@group-20C2EEB7DA89-FollowerState] INFO  impl.FollowerState (FollowerState.java:run(152)) - a3bbae93-4dbd-48a8-b7ec-9de03e51f535@group-20C2EEB7DA89-FollowerState was interrupted
2023-09-08 11:17:57,415 [a3bbae93-4dbd-48a8-b7ec-9de03e51f535@group-628FFE3070B6->f2514b4c-a867-463f-8d84-f95d86e9803a-GrpcLogAppender-LogAppenderDaemon] WARN  server.GrpcLogAppender (GrpcLogAppender.java:mayWait(199)) - a3bbae93-4dbd-48a8-b7ec-9de03e51f535@group-628FFE3070B6->f2514b4c-a867-463f-8d84-f95d86e9803a-GrpcLogAppender: Wait interrupted by java.lang.InterruptedException
2023-09-08 11:17:57,415 [grpc-default-executor-0] INFO  server.GrpcLogAppender (GrpcLogAppender.java:onCompleted(428)) - a3bbae93-4dbd-48a8-b7ec-9de03e51f535@group-628FFE3070B6->89f84e8b-2e80-4453-8736-c86c7ce839d9-AppendLogResponseHandler: follower responses appendEntries COMPLETED
2023-09-08 11:17:57,417 [a3bbae93-4dbd-48a8-b7ec-9de03e51f535-impl-thread4] INFO  impl.StateMachineUpdater (StateMachineUpdater.java:stopAndJoin(155)) - a3bbae93-4dbd-48a8-b7ec-9de03e51f535@group-D2C97247619F-StateMachineUpdater: set stopIndex = 0
2023-09-08 11:17:57,419 [a3bbae93-4dbd-48a8-b7ec-9de03e51f535@group-D2C97247619F-StateMachineUpdater] INFO  ratis.ContainerStateMachine (ContainerStateMachine.java:takeSnapshot(330)) - group-D2C97247619F: Taking a snapshot at:(t:1, i:0) file /home/runner/work/ozone/ozone/hadoop-ozone/integration-test/target/test-dir/MiniOzoneClusterImpl-4b7384aa-5f33-426b-b021-b584800a716a/datanode-1/data/ratis/a86de6f5-e8b4-481d-880c-d2c97247619f/sm/snapshot.1_0
2023-09-08 11:17:57,420 [grpc-default-executor-0] INFO  leader.FollowerInfo (FollowerInfoImpl.java:lambda$new$0(52)) - a3bbae93-4dbd-48a8-b7ec-9de03e51f535@group-628FFE3070B6->89f84e8b-2e80-4453-8736-c86c7ce839d9: decreaseNextIndex nextIndex: updateUnconditionally 27 -> 26
2023-09-08 11:17:57,423 [Thread-535] INFO  server.GrpcServerProtocolClient (GrpcServerProtocolClient.java:close(103)) - 89f84e8b-2e80-4453-8736-c86c7ce839d9 Close channels
2023-09-08 11:17:57,424 [Thread-537] INFO  server.GrpcServerProtocolClient (GrpcServerProtocolClient.java:close(103)) - f2514b4c-a867-463f-8d84-f95d86e9803a Close channels
2023-09-08 11:17:57,419 [grpc-default-executor-2] INFO  server.GrpcServerProtocolService (GrpcServerProtocolService.java:onCompleted(155)) - f2514b4c-a867-463f-8d84-f95d86e9803a: Completed APPEND_ENTRIES, lastRequest: null
2023-09-08 11:17:57,424 [a3bbae93-4dbd-48a8-b7ec-9de03e51f535@group-20C2EEB7DA89-StateMachineUpdater] INFO  ratis.ContainerStateMachine (ContainerStateMachine.java:takeSnapshot(330)) - group-20C2EEB7DA89: Taking a snapshot at:(t:1, i:2) file /home/runner/work/ozone/ozone/hadoop-ozone/integration-test/target/test-dir/MiniOzoneClusterImpl-4b7384aa-5f33-426b-b021-b584800a716a/datanode-1/data/ratis/b5442b98-4191-44ba-8ddd-20c2eeb7da89/sm/snapshot.1_2
2023-09-08 11:17:57,426 [grpc-default-executor-2] INFO  server.GrpcServerProtocolService (GrpcServerProtocolService.java:lambda$onCompleted$5(157)) - f2514b4c-a867-463f-8d84-f95d86e9803a: Completed APPEND_ENTRIES, lastReply: serverReply {
  requestorId: "a3bbae93-4dbd-48a8-b7ec-9de03e51f535"
  replyId: "f2514b4c-a867-463f-8d84-f95d86e9803a"
  raftGroupId {
    id: "`\326\306+c\343N\331\206)b\217\3760p\266"
  }
  callId: 80
  success: true
}
term: 1
nextIndex: 27
followerCommit: 26
matchIndex: 18446744073709551615
isHearbeat: true

2023-09-08 11:17:57,431 [grpc-default-executor-2] INFO  server.GrpcLogAppender (GrpcLogAppender.java:onCompleted(428)) - a3bbae93-4dbd-48a8-b7ec-9de03e51f535@group-628FFE3070B6->f2514b4c-a867-463f-8d84-f95d86e9803a-AppendLogResponseHandler: follower responses appendEntries COMPLETED
2023-09-08 11:17:57,432 [grpc-default-executor-2] WARN  server.GrpcLogAppender (GrpcLogAppender.java:resetClient(137)) - a3bbae93-4dbd-48a8-b7ec-9de03e51f535@group-628FFE3070B6->f2514b4c-a867-463f-8d84-f95d86e9803a-GrpcLogAppender: Failed to getClient for f2514b4c-a867-463f-8d84-f95d86e9803a
org.apache.ratis.protocol.exceptions.AlreadyClosedException: a3bbae93-4dbd-48a8-b7ec-9de03e51f535 is already CLOSED
	at org.apache.ratis.util.PeerProxyMap$PeerAndProxy.getProxy(PeerProxyMap.java:61)
	at org.apache.ratis.util.PeerProxyMap.getProxy(PeerProxyMap.java:115)
	at org.apache.ratis.grpc.server.GrpcLogAppender.getClient(GrpcLogAppender.java:112)
	at org.apache.ratis.grpc.server.GrpcLogAppender.resetClient(GrpcLogAppender.java:117)
	at org.apache.ratis.grpc.server.GrpcLogAppender.access$500(GrpcLogAppender.java:56)
	at org.apache.ratis.grpc.server.GrpcLogAppender$AppendLogResponseHandler.onCompleted(GrpcLogAppender.java:429)
	at org.apache.ratis.thirdparty.io.grpc.stub.ClientCalls$StreamObserverToCallListenerAdapter.onClose(ClientCalls.java:485)
	at org.apache.ratis.thirdparty.io.grpc.internal.DelayedClientCall$DelayedListener$3.run(DelayedClientCall.java:471)
	at org.apache.ratis.thirdparty.io.grpc.internal.DelayedClientCall$DelayedListener.delayOrExecute(DelayedClientCall.java:435)
	at org.apache.ratis.thirdparty.io.grpc.internal.DelayedClientCall$DelayedListener.onClose(DelayedClientCall.java:468)
	at org.apache.ratis.thirdparty.io.grpc.internal.ClientCallImpl.closeObserver(ClientCallImpl.java:563)
	at org.apache.ratis.thirdparty.io.grpc.internal.ClientCallImpl.access$300(ClientCallImpl.java:70)
	at org.apache.ratis.thirdparty.io.grpc.internal.ClientCallImpl$ClientStreamListenerImpl$1StreamClosed.runInternal(ClientCallImpl.java:744)
	at org.apache.ratis.thirdparty.io.grpc.internal.ClientCallImpl$ClientStreamListenerImpl$1StreamClosed.runInContext(ClientCallImpl.java:723)
	at org.apache.ratis.thirdparty.io.grpc.internal.ContextRunnable.run(ContextRunnable.java:37)
	at org.apache.ratis.thirdparty.io.grpc.internal.SerializingExecutor.run(SerializingExecutor.java:133)
	at java.util.concurrent.ThreadPoolExecutor.runWorker(ThreadPoolExecutor.java:1149)
	at java.util.concurrent.ThreadPoolExecutor$Worker.run(ThreadPoolExecutor.java:624)
	at java.lang.Thread.run(Thread.java:750)
2023-09-08 11:17:57,432 [main] INFO  ozoneimpl.OzoneContainer (OzoneContainer.java:stop(451)) - Attempting to stop container services.
2023-09-08 11:17:57,433 [grpc-default-executor-2] INFO  server.GrpcServerProtocolService (GrpcServerProtocolService.java:onCompleted(155)) - f2514b4c-a867-463f-8d84-f95d86e9803a: Completed APPEND_ENTRIES, lastRequest: a3bbae93-4dbd-48a8-b7ec-9de03e51f535->f2514b4c-a867-463f-8d84-f95d86e9803a#47-t1,previous=(t:1, i:25),leaderCommit=25,initializing? true,entries: size=1, first=(t:1, i:26), METADATAENTRY(c:24)
2023-09-08 11:17:57,433 [grpc-default-executor-2] INFO  server.GrpcServerProtocolService (GrpcServerProtocolService.java:lambda$onCompleted$5(157)) - f2514b4c-a867-463f-8d84-f95d86e9803a: Completed APPEND_ENTRIES, lastReply: null
2023-09-08 11:17:57,433 [grpc-default-executor-5] INFO  server.GrpcServerProtocolService (GrpcServerProtocolService.java:onCompleted(155)) - 89f84e8b-2e80-4453-8736-c86c7ce839d9: Completed APPEND_ENTRIES, lastRequest: null
2023-09-08 11:17:57,433 [grpc-default-executor-5] INFO  server.GrpcServerProtocolService (GrpcServerProtocolService.java:lambda$onCompleted$5(157)) - 89f84e8b-2e80-4453-8736-c86c7ce839d9: Completed APPEND_ENTRIES, lastReply: serverReply {
  requestorId: "a3bbae93-4dbd-48a8-b7ec-9de03e51f535"
  replyId: "89f84e8b-2e80-4453-8736-c86c7ce839d9"
  raftGroupId {
    id: "`\326\306+c\343N\331\206)b\217\3760p\266"
  }
  callId: 82
  success: true
}
term: 1
nextIndex: 27
followerCommit: 26
matchIndex: 18446744073709551615
isHearbeat: true

2023-09-08 11:17:57,433 [main] INFO  server.RaftServer (RaftServerProxy.java:lambda$close$6(416)) - 89f84e8b-2e80-4453-8736-c86c7ce839d9: close
2023-09-08 11:17:57,437 [89f84e8b-2e80-4453-8736-c86c7ce839d9-impl-thread2] INFO  server.RaftServer$Division (RaftServerImpl.java:lambda$close$4(466)) - 89f84e8b-2e80-4453-8736-c86c7ce839d9@group-20C2EEB7DA89: shutdown
2023-09-08 11:17:57,440 [89f84e8b-2e80-4453-8736-c86c7ce839d9-impl-thread2] INFO  util.JmxRegister (JmxRegister.java:unregister(73)) - Successfully un-registered JMX Bean with object name Ratis:service=RaftServer,group=group-20C2EEB7DA89,id=89f84e8b-2e80-4453-8736-c86c7ce839d9
2023-09-08 11:17:57,440 [89f84e8b-2e80-4453-8736-c86c7ce839d9-impl-thread2] INFO  impl.RoleInfo (RoleInfo.java:shutdownLeaderState(93)) - 89f84e8b-2e80-4453-8736-c86c7ce839d9: shutdown 89f84e8b-2e80-4453-8736-c86c7ce839d9@group-20C2EEB7DA89-LeaderStateImpl
2023-09-08 11:17:57,440 [89f84e8b-2e80-4453-8736-c86c7ce839d9-impl-thread2] INFO  impl.PendingRequests (PendingRequests.java:sendNotLeaderResponses(289)) - 89f84e8b-2e80-4453-8736-c86c7ce839d9@group-20C2EEB7DA89-PendingRequests: sendNotLeaderResponses
2023-09-08 11:17:57,440 [grpc-default-executor-0] INFO  server.GrpcLogAppender (GrpcLogAppender.java:onCompleted(428)) - a3bbae93-4dbd-48a8-b7ec-9de03e51f535@group-628FFE3070B6->89f84e8b-2e80-4453-8736-c86c7ce839d9-AppendLogResponseHandler: follower responses appendEntries COMPLETED
2023-09-08 11:17:57,441 [grpc-default-executor-0] WARN  server.GrpcLogAppender (GrpcLogAppender.java:resetClient(137)) - a3bbae93-4dbd-48a8-b7ec-9de03e51f535@group-628FFE3070B6->89f84e8b-2e80-4453-8736-c86c7ce839d9-GrpcLogAppender: Failed to getClient for 89f84e8b-2e80-4453-8736-c86c7ce839d9
org.apache.ratis.protocol.exceptions.AlreadyClosedException: a3bbae93-4dbd-48a8-b7ec-9de03e51f535 is already CLOSED
	at org.apache.ratis.util.PeerProxyMap$PeerAndProxy.getProxy(PeerProxyMap.java:61)
	at org.apache.ratis.util.PeerProxyMap.getProxy(PeerProxyMap.java:115)
	at org.apache.ratis.grpc.server.GrpcLogAppender.getClient(GrpcLogAppender.java:112)
	at org.apache.ratis.grpc.server.GrpcLogAppender.resetClient(GrpcLogAppender.java:117)
	at org.apache.ratis.grpc.server.GrpcLogAppender.access$500(GrpcLogAppender.java:56)
	at org.apache.ratis.grpc.server.GrpcLogAppender$AppendLogResponseHandler.onCompleted(GrpcLogAppender.java:429)
	at org.apache.ratis.thirdparty.io.grpc.stub.ClientCalls$StreamObserverToCallListenerAdapter.onClose(ClientCalls.java:485)
	at org.apache.ratis.thirdparty.io.grpc.internal.DelayedClientCall$DelayedListener$3.run(DelayedClientCall.java:471)
	at org.apache.ratis.thirdparty.io.grpc.internal.DelayedClientCall$DelayedListener.delayOrExecute(DelayedClientCall.java:435)
	at org.apache.ratis.thirdparty.io.grpc.internal.DelayedClientCall$DelayedListener.onClose(DelayedClientCall.java:468)
	at org.apache.ratis.thirdparty.io.grpc.internal.ClientCallImpl.closeObserver(ClientCallImpl.java:563)
	at org.apache.ratis.thirdparty.io.grpc.internal.ClientCallImpl.access$300(ClientCallImpl.java:70)
	at org.apache.ratis.thirdparty.io.grpc.internal.ClientCallImpl$ClientStreamListenerImpl$1StreamClosed.runInternal(ClientCallImpl.java:744)
	at org.apache.ratis.thirdparty.io.grpc.internal.ClientCallImpl$ClientStreamListenerImpl$1StreamClosed.runInContext(ClientCallImpl.java:723)
	at org.apache.ratis.thirdparty.io.grpc.internal.ContextRunnable.run(ContextRunnable.java:37)
	at org.apache.ratis.thirdparty.io.grpc.internal.SerializingExecutor.run(SerializingExecutor.java:133)
	at java.util.concurrent.ThreadPoolExecutor.runWorker(ThreadPoolExecutor.java:1149)
	at java.util.concurrent.ThreadPoolExecutor$Worker.run(ThreadPoolExecutor.java:624)
	at java.lang.Thread.run(Thread.java:750)
2023-09-08 11:17:57,443 [89f84e8b-2e80-4453-8736-c86c7ce839d9@group-20C2EEB7DA89->a3bbae93-4dbd-48a8-b7ec-9de03e51f535-GrpcLogAppender-LogAppenderDaemon] WARN  server.GrpcLogAppender (GrpcLogAppender.java:mayWait(199)) - 89f84e8b-2e80-4453-8736-c86c7ce839d9@group-20C2EEB7DA89->a3bbae93-4dbd-48a8-b7ec-9de03e51f535-GrpcLogAppender: Wait interrupted by java.lang.InterruptedException
2023-09-08 11:17:57,445 [ForkJoinPool.commonPool-worker-1] INFO  ozoneimpl.OzoneContainer (OzoneContainer.java:stop(451)) - Attempting to stop container services.
2023-09-08 11:17:57,446 [grpc-default-executor-0] INFO  server.GrpcLogAppender (GrpcLogAppender.java:onCompleted(428)) - a3bbae93-4dbd-48a8-b7ec-9de03e51f535@group-628FFE3070B6->f2514b4c-a867-463f-8d84-f95d86e9803a-AppendLogResponseHandler: follower responses appendEntries COMPLETED
2023-09-08 11:17:57,446 [grpc-default-executor-0] WARN  server.GrpcLogAppender (GrpcLogAppender.java:resetClient(137)) - a3bbae93-4dbd-48a8-b7ec-9de03e51f535@group-628FFE3070B6->f2514b4c-a867-463f-8d84-f95d86e9803a-GrpcLogAppender: Failed to getClient for f2514b4c-a867-463f-8d84-f95d86e9803a
org.apache.ratis.protocol.exceptions.AlreadyClosedException: a3bbae93-4dbd-48a8-b7ec-9de03e51f535 is already CLOSED
	at org.apache.ratis.util.PeerProxyMap$PeerAndProxy.getProxy(PeerProxyMap.java:61)
	at org.apache.ratis.util.PeerProxyMap.getProxy(PeerProxyMap.java:115)
	at org.apache.ratis.grpc.server.GrpcLogAppender.getClient(GrpcLogAppender.java:112)
	at org.apache.ratis.grpc.server.GrpcLogAppender.resetClient(GrpcLogAppender.java:117)
	at org.apache.ratis.grpc.server.GrpcLogAppender.access$500(GrpcLogAppender.java:56)
	at org.apache.ratis.grpc.server.GrpcLogAppender$AppendLogResponseHandler.onCompleted(GrpcLogAppender.java:429)
	at org.apache.ratis.thirdparty.io.grpc.stub.ClientCalls$StreamObserverToCallListenerAdapter.onClose(ClientCalls.java:485)
	at org.apache.ratis.thirdparty.io.grpc.internal.ClientCallImpl.closeObserver(ClientCallImpl.java:563)
	at org.apache.ratis.thirdparty.io.grpc.internal.ClientCallImpl.access$300(ClientCallImpl.java:70)
	at org.apache.ratis.thirdparty.io.grpc.internal.ClientCallImpl$ClientStreamListenerImpl$1StreamClosed.runInternal(ClientCallImpl.java:744)
	at org.apache.ratis.thirdparty.io.grpc.internal.ClientCallImpl$ClientStreamListenerImpl$1StreamClosed.runInContext(ClientCallImpl.java:723)
	at org.apache.ratis.thirdparty.io.grpc.internal.ContextRunnable.run(ContextRunnable.java:37)
	at org.apache.ratis.thirdparty.io.grpc.internal.SerializingExecutor.run(SerializingExecutor.java:133)
	at java.util.concurrent.ThreadPoolExecutor.runWorker(ThreadPoolExecutor.java:1149)
	at java.util.concurrent.ThreadPoolExecutor$Worker.run(ThreadPoolExecutor.java:624)
	at java.lang.Thread.run(Thread.java:750)
2023-09-08 11:17:57,446 [ForkJoinPool.commonPool-worker-1] INFO  server.RaftServer (RaftServerProxy.java:lambda$close$6(416)) - f2514b4c-a867-463f-8d84-f95d86e9803a: close
2023-09-08 11:17:57,437 [89f84e8b-2e80-4453-8736-c86c7ce839d9-impl-thread3] INFO  server.RaftServer$Division (RaftServerImpl.java:lambda$close$4(466)) - 89f84e8b-2e80-4453-8736-c86c7ce839d9@group-628FFE3070B6: shutdown
2023-09-08 11:17:57,450 [89f84e8b-2e80-4453-8736-c86c7ce839d9-impl-thread3] INFO  util.JmxRegister (JmxRegister.java:unregister(73)) - Successfully un-registered JMX Bean with object name Ratis:service=RaftServer,group=group-628FFE3070B6,id=89f84e8b-2e80-4453-8736-c86c7ce839d9
2023-09-08 11:17:57,450 [89f84e8b-2e80-4453-8736-c86c7ce839d9-impl-thread3] INFO  impl.RoleInfo (RoleInfo.java:shutdownFollowerState(110)) - 89f84e8b-2e80-4453-8736-c86c7ce839d9: shutdown 89f84e8b-2e80-4453-8736-c86c7ce839d9@group-628FFE3070B6-FollowerState
2023-09-08 11:17:57,451 [f2514b4c-a867-463f-8d84-f95d86e9803a-impl-thread2] INFO  server.RaftServer$Division (RaftServerImpl.java:lambda$close$4(466)) - f2514b4c-a867-463f-8d84-f95d86e9803a@group-20C2EEB7DA89: shutdown
2023-09-08 11:17:57,451 [f2514b4c-a867-463f-8d84-f95d86e9803a-impl-thread2] INFO  util.JmxRegister (JmxRegister.java:unregister(73)) - Successfully un-registered JMX Bean with object name Ratis:service=RaftServer,group=group-20C2EEB7DA89,id=f2514b4c-a867-463f-8d84-f95d86e9803a
2023-09-08 11:17:57,451 [f2514b4c-a867-463f-8d84-f95d86e9803a-impl-thread2] INFO  impl.RoleInfo (RoleInfo.java:shutdownFollowerState(110)) - f2514b4c-a867-463f-8d84-f95d86e9803a: shutdown f2514b4c-a867-463f-8d84-f95d86e9803a@group-20C2EEB7DA89-FollowerState
2023-09-08 11:17:57,438 [89f84e8b-2e80-4453-8736-c86c7ce839d9-impl-thread4] INFO  server.RaftServer$Division (RaftServerImpl.java:lambda$close$4(466)) - 89f84e8b-2e80-4453-8736-c86c7ce839d9@group-70D93477139D: shutdown
2023-09-08 11:17:57,438 [a3bbae93-4dbd-48a8-b7ec-9de03e51f535@group-628FFE3070B6-StateMachineUpdater] INFO  ratis.ContainerStateMachine (ContainerStateMachine.java:takeSnapshot(330)) - group-628FFE3070B6: Taking a snapshot at:(t:1, i:26) file /home/runner/work/ozone/ozone/hadoop-ozone/integration-test/target/test-dir/MiniOzoneClusterImpl-4b7384aa-5f33-426b-b021-b584800a716a/datanode-1/data/ratis/60d6c62b-63e3-4ed9-8629-628ffe3070b6/sm/snapshot.1_26
2023-09-08 11:17:57,437 [a3bbae93-4dbd-48a8-b7ec-9de03e51f535-impl-thread3] INFO  impl.StateMachineUpdater (StateMachineUpdater.java:stopAndJoin(155)) - a3bbae93-4dbd-48a8-b7ec-9de03e51f535@group-628FFE3070B6-StateMachineUpdater: set stopIndex = 26
2023-09-08 11:17:57,437 [main] INFO  server.GrpcService (GrpcService.java:closeImpl(311)) - 89f84e8b-2e80-4453-8736-c86c7ce839d9: shutdown server org.apache.ratis.grpc.server.GrpcClientProtocolService now
2023-09-08 11:17:57,441 [89f84e8b-2e80-4453-8736-c86c7ce839d9@group-20C2EEB7DA89->f2514b4c-a867-463f-8d84-f95d86e9803a-GrpcLogAppender-LogAppenderDaemon] WARN  server.GrpcLogAppender (GrpcLogAppender.java:mayWait(199)) - 89f84e8b-2e80-4453-8736-c86c7ce839d9@group-20C2EEB7DA89->f2514b4c-a867-463f-8d84-f95d86e9803a-GrpcLogAppender: Wait interrupted by java.lang.InterruptedException
2023-09-08 11:17:57,454 [89f84e8b-2e80-4453-8736-c86c7ce839d9-impl-thread4] INFO  util.JmxRegister (JmxRegister.java:unregister(73)) - Successfully un-registered JMX Bean with object name Ratis:service=RaftServer,group=group-70D93477139D,id=89f84e8b-2e80-4453-8736-c86c7ce839d9
2023-09-08 11:17:57,454 [89f84e8b-2e80-4453-8736-c86c7ce839d9-impl-thread4] INFO  impl.RoleInfo (RoleInfo.java:shutdownLeaderState(93)) - 89f84e8b-2e80-4453-8736-c86c7ce839d9: shutdown 89f84e8b-2e80-4453-8736-c86c7ce839d9@group-70D93477139D-LeaderStateImpl
2023-09-08 11:17:57,454 [89f84e8b-2e80-4453-8736-c86c7ce839d9-impl-thread4] INFO  impl.PendingRequests (PendingRequests.java:sendNotLeaderResponses(289)) - 89f84e8b-2e80-4453-8736-c86c7ce839d9@group-70D93477139D-PendingRequests: sendNotLeaderResponses
2023-09-08 11:17:57,454 [ForkJoinPool.commonPool-worker-1] INFO  server.GrpcService (GrpcService.java:closeImpl(311)) - f2514b4c-a867-463f-8d84-f95d86e9803a: shutdown server org.apache.ratis.grpc.server.GrpcClientProtocolService now
2023-09-08 11:17:57,455 [89f84e8b-2e80-4453-8736-c86c7ce839d9-impl-thread3] INFO  impl.StateMachineUpdater (StateMachineUpdater.java:stopAndJoin(155)) - 89f84e8b-2e80-4453-8736-c86c7ce839d9@group-628FFE3070B6-StateMachineUpdater: set stopIndex = 26
2023-09-08 11:17:57,455 [89f84e8b-2e80-4453-8736-c86c7ce839d9@group-628FFE3070B6-FollowerState] INFO  impl.FollowerState (FollowerState.java:run(152)) - 89f84e8b-2e80-4453-8736-c86c7ce839d9@group-628FFE3070B6-FollowerState was interrupted
2023-09-08 11:17:57,454 [f2514b4c-a867-463f-8d84-f95d86e9803a-impl-thread3] INFO  server.RaftServer$Division (RaftServerImpl.java:lambda$close$4(466)) - f2514b4c-a867-463f-8d84-f95d86e9803a@group-628FFE3070B6: shutdown
2023-09-08 11:17:57,464 [f2514b4c-a867-463f-8d84-f95d86e9803a@group-20C2EEB7DA89-StateMachineUpdater] INFO  ratis.ContainerStateMachine (ContainerStateMachine.java:takeSnapshot(330)) - group-20C2EEB7DA89: Taking a snapshot at:(t:1, i:2) file /home/runner/work/ozone/ozone/hadoop-ozone/integration-test/target/test-dir/MiniOzoneClusterImpl-4b7384aa-5f33-426b-b021-b584800a716a/datanode-0/data/ratis/b5442b98-4191-44ba-8ddd-20c2eeb7da89/sm/snapshot.1_2
2023-09-08 11:17:57,464 [f2514b4c-a867-463f-8d84-f95d86e9803a@group-20C2EEB7DA89-FollowerState] INFO  impl.FollowerState (FollowerState.java:run(152)) - f2514b4c-a867-463f-8d84-f95d86e9803a@group-20C2EEB7DA89-FollowerState was interrupted
2023-09-08 11:17:57,464 [f2514b4c-a867-463f-8d84-f95d86e9803a-impl-thread2] INFO  impl.StateMachineUpdater (StateMachineUpdater.java:stopAndJoin(155)) - f2514b4c-a867-463f-8d84-f95d86e9803a@group-20C2EEB7DA89-StateMachineUpdater: set stopIndex = 2
2023-09-08 11:17:57,464 [89f84e8b-2e80-4453-8736-c86c7ce839d9@group-628FFE3070B6-StateMachineUpdater] INFO  ratis.ContainerStateMachine (ContainerStateMachine.java:takeSnapshot(330)) - group-628FFE3070B6: Taking a snapshot at:(t:1, i:26) file /home/runner/work/ozone/ozone/hadoop-ozone/integration-test/target/test-dir/MiniOzoneClusterImpl-4b7384aa-5f33-426b-b021-b584800a716a/datanode-2/data/ratis/60d6c62b-63e3-4ed9-8629-628ffe3070b6/sm/snapshot.1_26
2023-09-08 11:17:57,463 [f2514b4c-a867-463f-8d84-f95d86e9803a-impl-thread4] INFO  server.RaftServer$Division (RaftServerImpl.java:lambda$close$4(466)) - f2514b4c-a867-463f-8d84-f95d86e9803a@group-0850443CA208: shutdown
2023-09-08 11:17:57,465 [f2514b4c-a867-463f-8d84-f95d86e9803a-impl-thread4] INFO  util.JmxRegister (JmxRegister.java:unregister(73)) - Successfully un-registered JMX Bean with object name Ratis:service=RaftServer,group=group-0850443CA208,id=f2514b4c-a867-463f-8d84-f95d86e9803a
2023-09-08 11:17:57,465 [f2514b4c-a867-463f-8d84-f95d86e9803a-impl-thread4] INFO  impl.RoleInfo (RoleInfo.java:shutdownLeaderState(93)) - f2514b4c-a867-463f-8d84-f95d86e9803a: shutdown f2514b4c-a867-463f-8d84-f95d86e9803a@group-0850443CA208-LeaderStateImpl
2023-09-08 11:17:57,465 [f2514b4c-a867-463f-8d84-f95d86e9803a-impl-thread4] INFO  impl.PendingRequests (PendingRequests.java:sendNotLeaderResponses(289)) - f2514b4c-a867-463f-8d84-f95d86e9803a@group-0850443CA208-PendingRequests: sendNotLeaderResponses
2023-09-08 11:17:57,465 [f2514b4c-a867-463f-8d84-f95d86e9803a-impl-thread4] INFO  impl.StateMachineUpdater (StateMachineUpdater.java:stopAndJoin(155)) - f2514b4c-a867-463f-8d84-f95d86e9803a@group-0850443CA208-StateMachineUpdater: set stopIndex = 0
2023-09-08 11:17:57,463 [89f84e8b-2e80-4453-8736-c86c7ce839d9@group-70D93477139D-StateMachineUpdater] INFO  ratis.ContainerStateMachine (ContainerStateMachine.java:takeSnapshot(330)) - group-70D93477139D: Taking a snapshot at:(t:1, i:0) file /home/runner/work/ozone/ozone/hadoop-ozone/integration-test/target/test-dir/MiniOzoneClusterImpl-4b7384aa-5f33-426b-b021-b584800a716a/datanode-2/data/ratis/d29edb83-59f1-4d83-bfb0-70d93477139d/sm/snapshot.1_0
2023-09-08 11:17:57,466 [f2514b4c-a867-463f-8d84-f95d86e9803a@group-0850443CA208-StateMachineUpdater] INFO  ratis.ContainerStateMachine (ContainerStateMachine.java:takeSnapshot(330)) - group-0850443CA208: Taking a snapshot at:(t:1, i:0) file /home/runner/work/ozone/ozone/hadoop-ozone/integration-test/target/test-dir/MiniOzoneClusterImpl-4b7384aa-5f33-426b-b021-b584800a716a/datanode-0/data/ratis/ee5124d9-574c-417a-9643-0850443ca208/sm/snapshot.1_0
2023-09-08 11:17:57,463 [89f84e8b-2e80-4453-8736-c86c7ce839d9-impl-thread4] INFO  impl.StateMachineUpdater (StateMachineUpdater.java:stopAndJoin(155)) - 89f84e8b-2e80-4453-8736-c86c7ce839d9@group-70D93477139D-StateMachineUpdater: set stopIndex = 0
2023-09-08 11:17:57,458 [grpc-default-executor-0] INFO  server.GrpcServerProtocolService (GrpcServerProtocolService.java:onCompleted(155)) - a3bbae93-4dbd-48a8-b7ec-9de03e51f535: Completed APPEND_ENTRIES, lastRequest: 89f84e8b-2e80-4453-8736-c86c7ce839d9->a3bbae93-4dbd-48a8-b7ec-9de03e51f535#39-t1,previous=(t:1, i:3),leaderCommit=2,initializing? true,entries: size=1, first=(t:1, i:4), METADATAENTRY(c:2)
2023-09-08 11:17:57,466 [grpc-default-executor-0] INFO  server.GrpcServerProtocolService (GrpcServerProtocolService.java:lambda$onCompleted$5(157)) - a3bbae93-4dbd-48a8-b7ec-9de03e51f535: Completed APPEND_ENTRIES, lastReply: null
2023-09-08 11:17:57,458 [grpc-default-executor-5] INFO  server.GrpcServerProtocolService (GrpcServerProtocolService.java:onCompleted(155)) - a3bbae93-4dbd-48a8-b7ec-9de03e51f535: Completed APPEND_ENTRIES, lastRequest: null
2023-09-08 11:17:57,457 [grpc-default-executor-2] INFO  server.GrpcServerProtocolService (GrpcServerProtocolService.java:onCompleted(155)) - f2514b4c-a867-463f-8d84-f95d86e9803a: Completed APPEND_ENTRIES, lastRequest: 89f84e8b-2e80-4453-8736-c86c7ce839d9->f2514b4c-a867-463f-8d84-f95d86e9803a#41-t1,previous=(t:1, i:3),leaderCommit=2,initializing? true,entries: size=1, first=(t:1, i:4), METADATAENTRY(c:2)
2023-09-08 11:17:57,466 [grpc-default-executor-2] INFO  server.GrpcServerProtocolService (GrpcServerProtocolService.java:lambda$onCompleted$5(157)) - f2514b4c-a867-463f-8d84-f95d86e9803a: Completed APPEND_ENTRIES, lastReply: null
2023-09-08 11:17:57,464 [f2514b4c-a867-463f-8d84-f95d86e9803a-impl-thread3] INFO  util.JmxRegister (JmxRegister.java:unregister(73)) - Successfully un-registered JMX Bean with object name Ratis:service=RaftServer,group=group-628FFE3070B6,id=f2514b4c-a867-463f-8d84-f95d86e9803a
2023-09-08 11:17:57,467 [f2514b4c-a867-463f-8d84-f95d86e9803a-impl-thread3] INFO  impl.RoleInfo (RoleInfo.java:shutdownFollowerState(110)) - f2514b4c-a867-463f-8d84-f95d86e9803a: shutdown f2514b4c-a867-463f-8d84-f95d86e9803a@group-628FFE3070B6-FollowerState
2023-09-08 11:17:57,467 [grpc-default-executor-5] INFO  server.GrpcServerProtocolService (GrpcServerProtocolService.java:lambda$onCompleted$5(157)) - a3bbae93-4dbd-48a8-b7ec-9de03e51f535: Completed APPEND_ENTRIES, lastReply: serverReply {
  requestorId: "89f84e8b-2e80-4453-8736-c86c7ce839d9"
  replyId: "a3bbae93-4dbd-48a8-b7ec-9de03e51f535"
  raftGroupId {
    id: "\265D+\230A\221D\272\215\335 \302\356\267\332\211"
  }
  callId: 35
  success: true
}
term: 1
nextIndex: 1
matchIndex: 18446744073709551615
isHearbeat: true

2023-09-08 11:17:57,476 [f2514b4c-a867-463f-8d84-f95d86e9803a-impl-thread3] INFO  impl.StateMachineUpdater (StateMachineUpdater.java:stopAndJoin(155)) - f2514b4c-a867-463f-8d84-f95d86e9803a@group-628FFE3070B6-StateMachineUpdater: set stopIndex = 26
2023-09-08 11:17:57,476 [f2514b4c-a867-463f-8d84-f95d86e9803a@group-628FFE3070B6-FollowerState] INFO  impl.FollowerState (FollowerState.java:run(152)) - f2514b4c-a867-463f-8d84-f95d86e9803a@group-628FFE3070B6-FollowerState was interrupted
2023-09-08 11:17:57,477 [f2514b4c-a867-463f-8d84-f95d86e9803a@group-628FFE3070B6-StateMachineUpdater] INFO  ratis.ContainerStateMachine (ContainerStateMachine.java:takeSnapshot(330)) - group-628FFE3070B6: Taking a snapshot at:(t:1, i:26) file /home/runner/work/ozone/ozone/hadoop-ozone/integration-test/target/test-dir/MiniOzoneClusterImpl-4b7384aa-5f33-426b-b021-b584800a716a/datanode-0/data/ratis/60d6c62b-63e3-4ed9-8629-628ffe3070b6/sm/snapshot.1_26
2023-09-08 11:17:57,477 [Thread-545] INFO  server.GrpcServerProtocolClient (GrpcServerProtocolClient.java:close(103)) - 89f84e8b-2e80-4453-8736-c86c7ce839d9 Close channels
2023-09-08 11:17:57,477 [Thread-546] INFO  server.GrpcServerProtocolClient (GrpcServerProtocolClient.java:close(103)) - a3bbae93-4dbd-48a8-b7ec-9de03e51f535 Close channels
2023-09-08 11:17:57,479 [ForkJoinPool.commonPool-worker-0] INFO  server.GrpcService (GrpcService.java:closeImpl(320)) - a3bbae93-4dbd-48a8-b7ec-9de03e51f535: shutdown server org.apache.ratis.grpc.server.GrpcClientProtocolService successfully
2023-09-08 11:17:57,479 [ForkJoinPool.commonPool-worker-0] INFO  server.GrpcService (GrpcService.java:closeImpl(311)) - a3bbae93-4dbd-48a8-b7ec-9de03e51f535: shutdown server GrpcServerProtocolService now
2023-09-08 11:17:57,480 [Thread-548] INFO  server.GrpcServerProtocolClient (GrpcServerProtocolClient.java:close(103)) - a3bbae93-4dbd-48a8-b7ec-9de03e51f535 Close channels
2023-09-08 11:17:57,480 [Thread-549] INFO  server.GrpcServerProtocolClient (GrpcServerProtocolClient.java:close(103)) - f2514b4c-a867-463f-8d84-f95d86e9803a Close channels
2023-09-08 11:17:57,481 [grpc-default-executor-0] WARN  server.GrpcClientProtocolService (LogUtils.java:warn(122)) - 0-OrderedRequestStreamObserver0: onError: org.apache.ratis.thirdparty.io.grpc.StatusRuntimeException: CANCELLED: client cancelled
2023-09-08 11:17:57,484 [grpc-default-executor-0] INFO  server.GrpcServerProtocolService (GrpcServerProtocolService.java:onCompleted(155)) - f2514b4c-a867-463f-8d84-f95d86e9803a: Completed APPEND_ENTRIES, lastRequest: null
2023-09-08 11:17:57,485 [grpc-default-executor-0] INFO  server.GrpcServerProtocolService (GrpcServerProtocolService.java:lambda$onCompleted$5(157)) - f2514b4c-a867-463f-8d84-f95d86e9803a: Completed APPEND_ENTRIES, lastReply: serverReply {
  requestorId: "89f84e8b-2e80-4453-8736-c86c7ce839d9"
  replyId: "f2514b4c-a867-463f-8d84-f95d86e9803a"
  raftGroupId {
    id: "\265D+\230A\221D\272\215\335 \302\356\267\332\211"
  }
  callId: 36
  success: true
}
term: 1
nextIndex: 1
matchIndex: 18446744073709551615
isHearbeat: true

2023-09-08 11:17:57,490 [89f84e8b-2e80-4453-8736-c86c7ce839d9-impl-thread2] INFO  impl.StateMachineUpdater (StateMachineUpdater.java:stopAndJoin(155)) - 89f84e8b-2e80-4453-8736-c86c7ce839d9@group-20C2EEB7DA89-StateMachineUpdater: set stopIndex = 4
2023-09-08 11:17:57,492 [89f84e8b-2e80-4453-8736-c86c7ce839d9@group-20C2EEB7DA89-StateMachineUpdater] INFO  ratis.ContainerStateMachine (ContainerStateMachine.java:takeSnapshot(330)) - group-20C2EEB7DA89: Taking a snapshot at:(t:1, i:4) file /home/runner/work/ozone/ozone/hadoop-ozone/integration-test/target/test-dir/MiniOzoneClusterImpl-4b7384aa-5f33-426b-b021-b584800a716a/datanode-2/data/ratis/b5442b98-4191-44ba-8ddd-20c2eeb7da89/sm/snapshot.1_4
2023-09-08 11:17:57,492 [grpc-default-executor-0] INFO  server.GrpcLogAppender (GrpcLogAppender.java:onCompleted(428)) - 89f84e8b-2e80-4453-8736-c86c7ce839d9@group-20C2EEB7DA89->a3bbae93-4dbd-48a8-b7ec-9de03e51f535-AppendLogResponseHandler: follower responses appendEntries COMPLETED
2023-09-08 11:17:57,492 [grpc-default-executor-0] WARN  server.GrpcLogAppender (GrpcLogAppender.java:resetClient(137)) - 89f84e8b-2e80-4453-8736-c86c7ce839d9@group-20C2EEB7DA89->a3bbae93-4dbd-48a8-b7ec-9de03e51f535-GrpcLogAppender: Failed to getClient for a3bbae93-4dbd-48a8-b7ec-9de03e51f535
org.apache.ratis.protocol.exceptions.AlreadyClosedException: 89f84e8b-2e80-4453-8736-c86c7ce839d9 is already CLOSED
	at org.apache.ratis.util.PeerProxyMap$PeerAndProxy.getProxy(PeerProxyMap.java:61)
	at org.apache.ratis.util.PeerProxyMap.getProxy(PeerProxyMap.java:115)
	at org.apache.ratis.grpc.server.GrpcLogAppender.getClient(GrpcLogAppender.java:112)
	at org.apache.ratis.grpc.server.GrpcLogAppender.resetClient(GrpcLogAppender.java:117)
	at org.apache.ratis.grpc.server.GrpcLogAppender.access$500(GrpcLogAppender.java:56)
	at org.apache.ratis.grpc.server.GrpcLogAppender$AppendLogResponseHandler.onCompleted(GrpcLogAppender.java:429)
	at org.apache.ratis.thirdparty.io.grpc.stub.ClientCalls$StreamObserverToCallListenerAdapter.onClose(ClientCalls.java:485)
	at org.apache.ratis.thirdparty.io.grpc.internal.ClientCallImpl.closeObserver(ClientCallImpl.java:563)
	at org.apache.ratis.thirdparty.io.grpc.internal.ClientCallImpl.access$300(ClientCallImpl.java:70)
	at org.apache.ratis.thirdparty.io.grpc.internal.ClientCallImpl$ClientStreamListenerImpl$1StreamClosed.runInternal(ClientCallImpl.java:744)
	at org.apache.ratis.thirdparty.io.grpc.internal.ClientCallImpl$ClientStreamListenerImpl$1StreamClosed.runInContext(ClientCallImpl.java:723)
	at org.apache.ratis.thirdparty.io.grpc.internal.ContextRunnable.run(ContextRunnable.java:37)
	at org.apache.ratis.thirdparty.io.grpc.internal.SerializingExecutor.run(SerializingExecutor.java:133)
	at java.util.concurrent.ThreadPoolExecutor.runWorker(ThreadPoolExecutor.java:1149)
	at java.util.concurrent.ThreadPoolExecutor$Worker.run(ThreadPoolExecutor.java:624)
	at java.lang.Thread.run(Thread.java:750)
2023-09-08 11:17:57,493 [grpc-default-executor-0] INFO  server.GrpcLogAppender (GrpcLogAppender.java:onCompleted(428)) - 89f84e8b-2e80-4453-8736-c86c7ce839d9@group-20C2EEB7DA89->f2514b4c-a867-463f-8d84-f95d86e9803a-AppendLogResponseHandler: follower responses appendEntries COMPLETED
2023-09-08 11:17:57,493 [grpc-default-executor-0] WARN  server.GrpcLogAppender (GrpcLogAppender.java:resetClient(137)) - 89f84e8b-2e80-4453-8736-c86c7ce839d9@group-20C2EEB7DA89->f2514b4c-a867-463f-8d84-f95d86e9803a-GrpcLogAppender: Failed to getClient for f2514b4c-a867-463f-8d84-f95d86e9803a
org.apache.ratis.protocol.exceptions.AlreadyClosedException: 89f84e8b-2e80-4453-8736-c86c7ce839d9 is already CLOSED
	at org.apache.ratis.util.PeerProxyMap$PeerAndProxy.getProxy(PeerProxyMap.java:61)
	at org.apache.ratis.util.PeerProxyMap.getProxy(PeerProxyMap.java:115)
	at org.apache.ratis.grpc.server.GrpcLogAppender.getClient(GrpcLogAppender.java:112)
	at org.apache.ratis.grpc.server.GrpcLogAppender.resetClient(GrpcLogAppender.java:117)
	at org.apache.ratis.grpc.server.GrpcLogAppender.access$500(GrpcLogAppender.java:56)
	at org.apache.ratis.grpc.server.GrpcLogAppender$AppendLogResponseHandler.onCompleted(GrpcLogAppender.java:429)
	at org.apache.ratis.thirdparty.io.grpc.stub.ClientCalls$StreamObserverToCallListenerAdapter.onClose(ClientCalls.java:485)
	at org.apache.ratis.thirdparty.io.grpc.internal.ClientCallImpl.closeObserver(ClientCallImpl.java:563)
	at org.apache.ratis.thirdparty.io.grpc.internal.ClientCallImpl.access$300(ClientCallImpl.java:70)
	at org.apache.ratis.thirdparty.io.grpc.internal.ClientCallImpl$ClientStreamListenerImpl$1StreamClosed.runInternal(ClientCallImpl.java:744)
	at org.apache.ratis.thirdparty.io.grpc.internal.ClientCallImpl$ClientStreamListenerImpl$1StreamClosed.runInContext(ClientCallImpl.java:723)
	at org.apache.ratis.thirdparty.io.grpc.internal.ContextRunnable.run(ContextRunnable.java:37)
	at org.apache.ratis.thirdparty.io.grpc.internal.SerializingExecutor.run(SerializingExecutor.java:133)
	at java.util.concurrent.ThreadPoolExecutor.runWorker(ThreadPoolExecutor.java:1149)
	at java.util.concurrent.ThreadPoolExecutor$Worker.run(ThreadPoolExecutor.java:624)
	at java.lang.Thread.run(Thread.java:750)
2023-09-08 11:17:57,496 [grpc-default-executor-0] INFO  server.GrpcLogAppender (GrpcLogAppender.java:onCompleted(428)) - 89f84e8b-2e80-4453-8736-c86c7ce839d9@group-20C2EEB7DA89->a3bbae93-4dbd-48a8-b7ec-9de03e51f535-AppendLogResponseHandler: follower responses appendEntries COMPLETED
2023-09-08 11:17:57,496 [grpc-default-executor-0] WARN  server.GrpcLogAppender (GrpcLogAppender.java:resetClient(137)) - 89f84e8b-2e80-4453-8736-c86c7ce839d9@group-20C2EEB7DA89->a3bbae93-4dbd-48a8-b7ec-9de03e51f535-GrpcLogAppender: Failed to getClient for a3bbae93-4dbd-48a8-b7ec-9de03e51f535
org.apache.ratis.protocol.exceptions.AlreadyClosedException: 89f84e8b-2e80-4453-8736-c86c7ce839d9 is already CLOSED
	at org.apache.ratis.util.PeerProxyMap$PeerAndProxy.getProxy(PeerProxyMap.java:61)
	at org.apache.ratis.util.PeerProxyMap.getProxy(PeerProxyMap.java:115)
	at org.apache.ratis.grpc.server.GrpcLogAppender.getClient(GrpcLogAppender.java:112)
	at org.apache.ratis.grpc.server.GrpcLogAppender.resetClient(GrpcLogAppender.java:117)
	at org.apache.ratis.grpc.server.GrpcLogAppender.access$500(GrpcLogAppender.java:56)
	at org.apache.ratis.grpc.server.GrpcLogAppender$AppendLogResponseHandler.onCompleted(GrpcLogAppender.java:429)
	at org.apache.ratis.thirdparty.io.grpc.stub.ClientCalls$StreamObserverToCallListenerAdapter.onClose(ClientCalls.java:485)
	at org.apache.ratis.thirdparty.io.grpc.internal.ClientCallImpl.closeObserver(ClientCallImpl.java:563)
	at org.apache.ratis.thirdparty.io.grpc.internal.ClientCallImpl.access$300(ClientCallImpl.java:70)
	at org.apache.ratis.thirdparty.io.grpc.internal.ClientCallImpl$ClientStreamListenerImpl$1StreamClosed.runInternal(ClientCallImpl.java:744)
	at org.apache.ratis.thirdparty.io.grpc.internal.ClientCallImpl$ClientStreamListenerImpl$1StreamClosed.runInContext(ClientCallImpl.java:723)
	at org.apache.ratis.thirdparty.io.grpc.internal.ContextRunnable.run(ContextRunnable.java:37)
	at org.apache.ratis.thirdparty.io.grpc.internal.SerializingExecutor.run(SerializingExecutor.java:133)
	at java.util.concurrent.ThreadPoolExecutor.runWorker(ThreadPoolExecutor.java:1149)
	at java.util.concurrent.ThreadPoolExecutor$Worker.run(ThreadPoolExecutor.java:624)
	at java.lang.Thread.run(Thread.java:750)
2023-09-08 11:17:57,497 [ForkJoinPool.commonPool-worker-2] INFO  ozoneimpl.OzoneContainer (OzoneContainer.java:stop(451)) - Attempting to stop container services.
2023-09-08 11:17:57,499 [ForkJoinPool.commonPool-worker-2] INFO  server.RaftServer (RaftServerProxy.java:lambda$close$6(416)) - 2dfd442c-a1c3-4c12-a15b-8aed08a5dec6: close
2023-09-08 11:17:57,499 [ForkJoinPool.commonPool-worker-2] INFO  server.GrpcService (GrpcService.java:closeImpl(311)) - 2dfd442c-a1c3-4c12-a15b-8aed08a5dec6: shutdown server org.apache.ratis.grpc.server.GrpcClientProtocolService now
2023-09-08 11:17:57,503 [ForkJoinPool.commonPool-worker-2] INFO  server.GrpcService (GrpcService.java:closeImpl(320)) - 2dfd442c-a1c3-4c12-a15b-8aed08a5dec6: shutdown server org.apache.ratis.grpc.server.GrpcClientProtocolService successfully
2023-09-08 11:17:57,504 [ForkJoinPool.commonPool-worker-2] INFO  server.GrpcService (GrpcService.java:closeImpl(311)) - 2dfd442c-a1c3-4c12-a15b-8aed08a5dec6: shutdown server GrpcServerProtocolService now
2023-09-08 11:17:57,504 [2dfd442c-a1c3-4c12-a15b-8aed08a5dec6-impl-thread2] INFO  server.RaftServer$Division (RaftServerImpl.java:lambda$close$4(466)) - 2dfd442c-a1c3-4c12-a15b-8aed08a5dec6@group-1F90F7E40752: shutdown
2023-09-08 11:17:57,505 [2dfd442c-a1c3-4c12-a15b-8aed08a5dec6-impl-thread2] INFO  util.JmxRegister (JmxRegister.java:unregister(73)) - Successfully un-registered JMX Bean with object name Ratis:service=RaftServer,group=group-1F90F7E40752,id=2dfd442c-a1c3-4c12-a15b-8aed08a5dec6
2023-09-08 11:17:57,505 [2dfd442c-a1c3-4c12-a15b-8aed08a5dec6-impl-thread2] INFO  impl.RoleInfo (RoleInfo.java:shutdownLeaderState(93)) - 2dfd442c-a1c3-4c12-a15b-8aed08a5dec6: shutdown 2dfd442c-a1c3-4c12-a15b-8aed08a5dec6@group-1F90F7E40752-LeaderStateImpl
2023-09-08 11:17:57,505 [2dfd442c-a1c3-4c12-a15b-8aed08a5dec6-impl-thread2] INFO  impl.PendingRequests (PendingRequests.java:sendNotLeaderResponses(289)) - 2dfd442c-a1c3-4c12-a15b-8aed08a5dec6@group-1F90F7E40752-PendingRequests: sendNotLeaderResponses
2023-09-08 11:17:57,505 [2dfd442c-a1c3-4c12-a15b-8aed08a5dec6-impl-thread2] INFO  impl.StateMachineUpdater (StateMachineUpdater.java:stopAndJoin(155)) - 2dfd442c-a1c3-4c12-a15b-8aed08a5dec6@group-1F90F7E40752-StateMachineUpdater: set stopIndex = 0
2023-09-08 11:17:57,506 [ForkJoinPool.commonPool-worker-1] INFO  server.GrpcService (GrpcService.java:closeImpl(320)) - f2514b4c-a867-463f-8d84-f95d86e9803a: shutdown server org.apache.ratis.grpc.server.GrpcClientProtocolService successfully
2023-09-08 11:17:57,506 [ForkJoinPool.commonPool-worker-1] INFO  server.GrpcService (GrpcService.java:closeImpl(311)) - f2514b4c-a867-463f-8d84-f95d86e9803a: shutdown server GrpcServerProtocolService now
2023-09-08 11:17:57,509 [2dfd442c-a1c3-4c12-a15b-8aed08a5dec6@group-1F90F7E40752-StateMachineUpdater] INFO  ratis.ContainerStateMachine (ContainerStateMachine.java:takeSnapshot(330)) - group-1F90F7E40752: Taking a snapshot at:(t:1, i:0) file /home/runner/work/ozone/ozone/hadoop-ozone/integration-test/target/test-dir/MiniOzoneClusterImpl-4b7384aa-5f33-426b-b021-b584800a716a/datanode-4/data/ratis/bfb1ca3b-128b-41db-8775-1f90f7e40752/sm/snapshot.1_0
2023-09-08 11:17:57,510 [ForkJoinPool.commonPool-worker-0] INFO  server.GrpcService (GrpcService.java:closeImpl(320)) - a3bbae93-4dbd-48a8-b7ec-9de03e51f535: shutdown server GrpcServerProtocolService successfully
2023-09-08 11:17:57,510 [ForkJoinPool.commonPool-worker-0] INFO  server.GrpcService (GrpcService.java:closeImpl(311)) - a3bbae93-4dbd-48a8-b7ec-9de03e51f535: shutdown server org.apache.ratis.grpc.server.GrpcAdminProtocolService now
2023-09-08 11:17:57,528 [grpc-default-executor-0] INFO  server.GrpcLogAppender (GrpcLogAppender.java:onCompleted(428)) - 89f84e8b-2e80-4453-8736-c86c7ce839d9@group-20C2EEB7DA89->f2514b4c-a867-463f-8d84-f95d86e9803a-AppendLogResponseHandler: follower responses appendEntries COMPLETED
2023-09-08 11:17:57,528 [grpc-default-executor-0] WARN  server.GrpcLogAppender (GrpcLogAppender.java:resetClient(137)) - 89f84e8b-2e80-4453-8736-c86c7ce839d9@group-20C2EEB7DA89->f2514b4c-a867-463f-8d84-f95d86e9803a-GrpcLogAppender: Failed to getClient for f2514b4c-a867-463f-8d84-f95d86e9803a
org.apache.ratis.protocol.exceptions.AlreadyClosedException: 89f84e8b-2e80-4453-8736-c86c7ce839d9 is already CLOSED
	at org.apache.ratis.util.PeerProxyMap$PeerAndProxy.getProxy(PeerProxyMap.java:61)
	at org.apache.ratis.util.PeerProxyMap.getProxy(PeerProxyMap.java:115)
	at org.apache.ratis.grpc.server.GrpcLogAppender.getClient(GrpcLogAppender.java:112)
	at org.apache.ratis.grpc.server.GrpcLogAppender.resetClient(GrpcLogAppender.java:117)
	at org.apache.ratis.grpc.server.GrpcLogAppender.access$500(GrpcLogAppender.java:56)
	at org.apache.ratis.grpc.server.GrpcLogAppender$AppendLogResponseHandler.onCompleted(GrpcLogAppender.java:429)
	at org.apache.ratis.thirdparty.io.grpc.stub.ClientCalls$StreamObserverToCallListenerAdapter.onClose(ClientCalls.java:485)
	at org.apache.ratis.thirdparty.io.grpc.internal.DelayedClientCall$DelayedListener$3.run(DelayedClientCall.java:471)
	at org.apache.ratis.thirdparty.io.grpc.internal.DelayedClientCall$DelayedListener.delayOrExecute(DelayedClientCall.java:435)
	at org.apache.ratis.thirdparty.io.grpc.internal.DelayedClientCall$DelayedListener.onClose(DelayedClientCall.java:468)
	at org.apache.ratis.thirdparty.io.grpc.internal.ClientCallImpl.closeObserver(ClientCallImpl.java:563)
	at org.apache.ratis.thirdparty.io.grpc.internal.ClientCallImpl.access$300(ClientCallImpl.java:70)
	at org.apache.ratis.thirdparty.io.grpc.internal.ClientCallImpl$ClientStreamListenerImpl$1StreamClosed.runInternal(ClientCallImpl.java:744)
	at org.apache.ratis.thirdparty.io.grpc.internal.ClientCallImpl$ClientStreamListenerImpl$1StreamClosed.runInContext(ClientCallImpl.java:723)
	at org.apache.ratis.thirdparty.io.grpc.internal.ContextRunnable.run(ContextRunnable.java:37)
	at org.apache.ratis.thirdparty.io.grpc.internal.SerializingExecutor.run(SerializingExecutor.java:133)
	at java.util.concurrent.ThreadPoolExecutor.runWorker(ThreadPoolExecutor.java:1149)
	at java.util.concurrent.ThreadPoolExecutor$Worker.run(ThreadPoolExecutor.java:624)
	at java.lang.Thread.run(Thread.java:750)
2023-09-08 11:17:57,530 [main] INFO  server.GrpcService (GrpcService.java:closeImpl(320)) - 89f84e8b-2e80-4453-8736-c86c7ce839d9: shutdown server org.apache.ratis.grpc.server.GrpcClientProtocolService successfully
2023-09-08 11:17:57,530 [main] INFO  server.GrpcService (GrpcService.java:closeImpl(311)) - 89f84e8b-2e80-4453-8736-c86c7ce839d9: shutdown server GrpcServerProtocolService now
2023-09-08 11:17:57,531 [ForkJoinPool.commonPool-worker-2] INFO  server.GrpcService (GrpcService.java:closeImpl(320)) - 2dfd442c-a1c3-4c12-a15b-8aed08a5dec6: shutdown server GrpcServerProtocolService successfully
2023-09-08 11:17:57,531 [ForkJoinPool.commonPool-worker-2] INFO  server.GrpcService (GrpcService.java:closeImpl(311)) - 2dfd442c-a1c3-4c12-a15b-8aed08a5dec6: shutdown server org.apache.ratis.grpc.server.GrpcAdminProtocolService now
2023-09-08 11:17:57,532 [main] INFO  server.GrpcService (GrpcService.java:closeImpl(320)) - 89f84e8b-2e80-4453-8736-c86c7ce839d9: shutdown server GrpcServerProtocolService successfully
2023-09-08 11:17:57,532 [main] INFO  server.GrpcService (GrpcService.java:closeImpl(311)) - 89f84e8b-2e80-4453-8736-c86c7ce839d9: shutdown server org.apache.ratis.grpc.server.GrpcAdminProtocolService now
2023-09-08 11:17:57,534 [a3bbae93-4dbd-48a8-b7ec-9de03e51f535@group-D2C97247619F-StateMachineUpdater] INFO  ratis.ContainerStateMachine (ContainerStateMachine.java:takeSnapshot(341)) - group-D2C97247619F: Finished taking a snapshot at:(t:1, i:0) file:/home/runner/work/ozone/ozone/hadoop-ozone/integration-test/target/test-dir/MiniOzoneClusterImpl-4b7384aa-5f33-426b-b021-b584800a716a/datanode-1/data/ratis/a86de6f5-e8b4-481d-880c-d2c97247619f/sm/snapshot.1_0 took: 115 ms
2023-09-08 11:17:57,534 [ForkJoinPool.commonPool-worker-3] INFO  ozoneimpl.OzoneContainer (OzoneContainer.java:stop(451)) - Attempting to stop container services.
2023-09-08 11:17:57,534 [ForkJoinPool.commonPool-worker-1] INFO  server.GrpcService (GrpcService.java:closeImpl(320)) - f2514b4c-a867-463f-8d84-f95d86e9803a: shutdown server GrpcServerProtocolService successfully
2023-09-08 11:17:57,535 [ForkJoinPool.commonPool-worker-1] INFO  server.GrpcService (GrpcService.java:closeImpl(311)) - f2514b4c-a867-463f-8d84-f95d86e9803a: shutdown server org.apache.ratis.grpc.server.GrpcAdminProtocolService now
2023-09-08 11:17:57,534 [2dfd442c-a1c3-4c12-a15b-8aed08a5dec6@group-1F90F7E40752-StateMachineUpdater] INFO  ratis.ContainerStateMachine (ContainerStateMachine.java:takeSnapshot(341)) - group-1F90F7E40752: Finished taking a snapshot at:(t:1, i:0) file:/home/runner/work/ozone/ozone/hadoop-ozone/integration-test/target/test-dir/MiniOzoneClusterImpl-4b7384aa-5f33-426b-b021-b584800a716a/datanode-4/data/ratis/bfb1ca3b-128b-41db-8775-1f90f7e40752/sm/snapshot.1_0 took: 25 ms
2023-09-08 11:17:57,537 [2dfd442c-a1c3-4c12-a15b-8aed08a5dec6@group-1F90F7E40752-StateMachineUpdater] INFO  impl.StateMachineUpdater (StateMachineUpdater.java:takeSnapshot(291)) - 2dfd442c-a1c3-4c12-a15b-8aed08a5dec6@group-1F90F7E40752-StateMachineUpdater: Took a snapshot at index 0
2023-09-08 11:17:57,537 [2dfd442c-a1c3-4c12-a15b-8aed08a5dec6@group-1F90F7E40752-StateMachineUpdater] INFO  impl.StateMachineUpdater (StateMachineUpdater.java:lambda$new$0(97)) - 2dfd442c-a1c3-4c12-a15b-8aed08a5dec6@group-1F90F7E40752-StateMachineUpdater: snapshotIndex: updateIncreasingly -1 -> 0
2023-09-08 11:17:57,535 [f2514b4c-a867-463f-8d84-f95d86e9803a@group-0850443CA208-StateMachineUpdater] INFO  ratis.ContainerStateMachine (ContainerStateMachine.java:takeSnapshot(341)) - group-0850443CA208: Finished taking a snapshot at:(t:1, i:0) file:/home/runner/work/ozone/ozone/hadoop-ozone/integration-test/target/test-dir/MiniOzoneClusterImpl-4b7384aa-5f33-426b-b021-b584800a716a/datanode-0/data/ratis/ee5124d9-574c-417a-9643-0850443ca208/sm/snapshot.1_0 took: 69 ms
2023-09-08 11:17:57,535 [ForkJoinPool.commonPool-worker-3] INFO  server.RaftServer (RaftServerProxy.java:lambda$close$6(416)) - d33cef6e-fa1d-4bba-bddd-0d189def30bc: close
2023-09-08 11:17:57,535 [89f84e8b-2e80-4453-8736-c86c7ce839d9@group-70D93477139D-StateMachineUpdater] INFO  ratis.ContainerStateMachine (ContainerStateMachine.java:takeSnapshot(341)) - group-70D93477139D: Finished taking a snapshot at:(t:1, i:0) file:/home/runner/work/ozone/ozone/hadoop-ozone/integration-test/target/test-dir/MiniOzoneClusterImpl-4b7384aa-5f33-426b-b021-b584800a716a/datanode-2/data/ratis/d29edb83-59f1-4d83-bfb0-70d93477139d/sm/snapshot.1_0 took: 72 ms
2023-09-08 11:17:57,540 [a3bbae93-4dbd-48a8-b7ec-9de03e51f535@group-D2C97247619F-StateMachineUpdater] INFO  impl.StateMachineUpdater (StateMachineUpdater.java:takeSnapshot(291)) - a3bbae93-4dbd-48a8-b7ec-9de03e51f535@group-D2C97247619F-StateMachineUpdater: Took a snapshot at index 0
2023-09-08 11:17:57,540 [a3bbae93-4dbd-48a8-b7ec-9de03e51f535@group-D2C97247619F-StateMachineUpdater] INFO  impl.StateMachineUpdater (StateMachineUpdater.java:lambda$new$0(97)) - a3bbae93-4dbd-48a8-b7ec-9de03e51f535@group-D2C97247619F-StateMachineUpdater: snapshotIndex: updateIncreasingly -1 -> 0
2023-09-08 11:17:57,543 [89f84e8b-2e80-4453-8736-c86c7ce839d9@group-70D93477139D-StateMachineUpdater] INFO  impl.StateMachineUpdater (StateMachineUpdater.java:takeSnapshot(291)) - 89f84e8b-2e80-4453-8736-c86c7ce839d9@group-70D93477139D-StateMachineUpdater: Took a snapshot at index 0
2023-09-08 11:17:57,543 [89f84e8b-2e80-4453-8736-c86c7ce839d9@group-70D93477139D-StateMachineUpdater] INFO  impl.StateMachineUpdater (StateMachineUpdater.java:lambda$new$0(97)) - 89f84e8b-2e80-4453-8736-c86c7ce839d9@group-70D93477139D-StateMachineUpdater: snapshotIndex: updateIncreasingly -1 -> 0
2023-09-08 11:17:57,543 [f2514b4c-a867-463f-8d84-f95d86e9803a@group-0850443CA208-StateMachineUpdater] INFO  impl.StateMachineUpdater (StateMachineUpdater.java:takeSnapshot(291)) - f2514b4c-a867-463f-8d84-f95d86e9803a@group-0850443CA208-StateMachineUpdater: Took a snapshot at index 0
2023-09-08 11:17:57,543 [f2514b4c-a867-463f-8d84-f95d86e9803a@group-0850443CA208-StateMachineUpdater] INFO  impl.StateMachineUpdater (StateMachineUpdater.java:lambda$new$0(97)) - f2514b4c-a867-463f-8d84-f95d86e9803a@group-0850443CA208-StateMachineUpdater: snapshotIndex: updateIncreasingly -1 -> 0
2023-09-08 11:17:57,544 [89f84e8b-2e80-4453-8736-c86c7ce839d9@group-628FFE3070B6-StateMachineUpdater] INFO  ratis.ContainerStateMachine (ContainerStateMachine.java:takeSnapshot(341)) - group-628FFE3070B6: Finished taking a snapshot at:(t:1, i:26) file:/home/runner/work/ozone/ozone/hadoop-ozone/integration-test/target/test-dir/MiniOzoneClusterImpl-4b7384aa-5f33-426b-b021-b584800a716a/datanode-2/data/ratis/60d6c62b-63e3-4ed9-8629-628ffe3070b6/sm/snapshot.1_26 took: 89 ms
2023-09-08 11:17:57,544 [89f84e8b-2e80-4453-8736-c86c7ce839d9@group-628FFE3070B6-StateMachineUpdater] INFO  impl.StateMachineUpdater (StateMachineUpdater.java:takeSnapshot(291)) - 89f84e8b-2e80-4453-8736-c86c7ce839d9@group-628FFE3070B6-StateMachineUpdater: Took a snapshot at index 26
2023-09-08 11:17:57,544 [89f84e8b-2e80-4453-8736-c86c7ce839d9@group-628FFE3070B6-StateMachineUpdater] INFO  impl.StateMachineUpdater (StateMachineUpdater.java:lambda$new$0(97)) - 89f84e8b-2e80-4453-8736-c86c7ce839d9@group-628FFE3070B6-StateMachineUpdater: snapshotIndex: updateIncreasingly -1 -> 26
2023-09-08 11:17:57,544 [89f84e8b-2e80-4453-8736-c86c7ce839d9@group-20C2EEB7DA89-StateMachineUpdater] INFO  ratis.ContainerStateMachine (ContainerStateMachine.java:takeSnapshot(341)) - group-20C2EEB7DA89: Finished taking a snapshot at:(t:1, i:4) file:/home/runner/work/ozone/ozone/hadoop-ozone/integration-test/target/test-dir/MiniOzoneClusterImpl-4b7384aa-5f33-426b-b021-b584800a716a/datanode-2/data/ratis/b5442b98-4191-44ba-8ddd-20c2eeb7da89/sm/snapshot.1_4 took: 53 ms
2023-09-08 11:17:57,545 [89f84e8b-2e80-4453-8736-c86c7ce839d9@group-20C2EEB7DA89-StateMachineUpdater] INFO  impl.StateMachineUpdater (StateMachineUpdater.java:takeSnapshot(291)) - 89f84e8b-2e80-4453-8736-c86c7ce839d9@group-20C2EEB7DA89-StateMachineUpdater: Took a snapshot at index 4
2023-09-08 11:17:57,545 [89f84e8b-2e80-4453-8736-c86c7ce839d9@group-20C2EEB7DA89-StateMachineUpdater] INFO  impl.StateMachineUpdater (StateMachineUpdater.java:lambda$new$0(97)) - 89f84e8b-2e80-4453-8736-c86c7ce839d9@group-20C2EEB7DA89-StateMachineUpdater: snapshotIndex: updateIncreasingly -1 -> 4
2023-09-08 11:17:57,545 [f2514b4c-a867-463f-8d84-f95d86e9803a@group-628FFE3070B6-StateMachineUpdater] INFO  ratis.ContainerStateMachine (ContainerStateMachine.java:takeSnapshot(341)) - group-628FFE3070B6: Finished taking a snapshot at:(t:1, i:26) file:/home/runner/work/ozone/ozone/hadoop-ozone/integration-test/target/test-dir/MiniOzoneClusterImpl-4b7384aa-5f33-426b-b021-b584800a716a/datanode-0/data/ratis/60d6c62b-63e3-4ed9-8629-628ffe3070b6/sm/snapshot.1_26 took: 68 ms
2023-09-08 11:17:57,545 [f2514b4c-a867-463f-8d84-f95d86e9803a@group-628FFE3070B6-StateMachineUpdater] INFO  impl.StateMachineUpdater (StateMachineUpdater.java:takeSnapshot(291)) - f2514b4c-a867-463f-8d84-f95d86e9803a@group-628FFE3070B6-StateMachineUpdater: Took a snapshot at index 26
2023-09-08 11:17:57,545 [f2514b4c-a867-463f-8d84-f95d86e9803a@group-628FFE3070B6-StateMachineUpdater] INFO  impl.StateMachineUpdater (StateMachineUpdater.java:lambda$new$0(97)) - f2514b4c-a867-463f-8d84-f95d86e9803a@group-628FFE3070B6-StateMachineUpdater: snapshotIndex: updateIncreasingly -1 -> 26
2023-09-08 11:17:57,545 [f2514b4c-a867-463f-8d84-f95d86e9803a@group-20C2EEB7DA89-StateMachineUpdater] INFO  ratis.ContainerStateMachine (ContainerStateMachine.java:takeSnapshot(341)) - group-20C2EEB7DA89: Finished taking a snapshot at:(t:1, i:2) file:/home/runner/work/ozone/ozone/hadoop-ozone/integration-test/target/test-dir/MiniOzoneClusterImpl-4b7384aa-5f33-426b-b021-b584800a716a/datanode-0/data/ratis/b5442b98-4191-44ba-8ddd-20c2eeb7da89/sm/snapshot.1_2 took: 81 ms
2023-09-08 11:17:57,546 [a3bbae93-4dbd-48a8-b7ec-9de03e51f535@group-628FFE3070B6-StateMachineUpdater] INFO  ratis.ContainerStateMachine (ContainerStateMachine.java:takeSnapshot(341)) - group-628FFE3070B6: Finished taking a snapshot at:(t:1, i:26) file:/home/runner/work/ozone/ozone/hadoop-ozone/integration-test/target/test-dir/MiniOzoneClusterImpl-4b7384aa-5f33-426b-b021-b584800a716a/datanode-1/data/ratis/60d6c62b-63e3-4ed9-8629-628ffe3070b6/sm/snapshot.1_26 took: 108 ms
2023-09-08 11:17:57,546 [a3bbae93-4dbd-48a8-b7ec-9de03e51f535@group-628FFE3070B6-StateMachineUpdater] INFO  impl.StateMachineUpdater (StateMachineUpdater.java:takeSnapshot(291)) - a3bbae93-4dbd-48a8-b7ec-9de03e51f535@group-628FFE3070B6-StateMachineUpdater: Took a snapshot at index 26
2023-09-08 11:17:57,546 [a3bbae93-4dbd-48a8-b7ec-9de03e51f535@group-628FFE3070B6-StateMachineUpdater] INFO  impl.StateMachineUpdater (StateMachineUpdater.java:lambda$new$0(97)) - a3bbae93-4dbd-48a8-b7ec-9de03e51f535@group-628FFE3070B6-StateMachineUpdater: snapshotIndex: updateIncreasingly -1 -> 26
2023-09-08 11:17:57,547 [f2514b4c-a867-463f-8d84-f95d86e9803a@group-20C2EEB7DA89-StateMachineUpdater] INFO  impl.StateMachineUpdater (StateMachineUpdater.java:takeSnapshot(291)) - f2514b4c-a867-463f-8d84-f95d86e9803a@group-20C2EEB7DA89-StateMachineUpdater: Took a snapshot at index 2
2023-09-08 11:17:57,547 [f2514b4c-a867-463f-8d84-f95d86e9803a@group-20C2EEB7DA89-StateMachineUpdater] INFO  impl.StateMachineUpdater (StateMachineUpdater.java:lambda$new$0(97)) - f2514b4c-a867-463f-8d84-f95d86e9803a@group-20C2EEB7DA89-StateMachineUpdater: snapshotIndex: updateIncreasingly -1 -> 2
2023-09-08 11:17:57,547 [a3bbae93-4dbd-48a8-b7ec-9de03e51f535@group-20C2EEB7DA89-StateMachineUpdater] INFO  ratis.ContainerStateMachine (ContainerStateMachine.java:takeSnapshot(341)) - group-20C2EEB7DA89: Finished taking a snapshot at:(t:1, i:2) file:/home/runner/work/ozone/ozone/hadoop-ozone/integration-test/target/test-dir/MiniOzoneClusterImpl-4b7384aa-5f33-426b-b021-b584800a716a/datanode-1/data/ratis/b5442b98-4191-44ba-8ddd-20c2eeb7da89/sm/snapshot.1_2 took: 123 ms
2023-09-08 11:17:57,548 [a3bbae93-4dbd-48a8-b7ec-9de03e51f535@group-20C2EEB7DA89-StateMachineUpdater] INFO  impl.StateMachineUpdater (StateMachineUpdater.java:takeSnapshot(291)) - a3bbae93-4dbd-48a8-b7ec-9de03e51f535@group-20C2EEB7DA89-StateMachineUpdater: Took a snapshot at index 2
2023-09-08 11:17:57,548 [a3bbae93-4dbd-48a8-b7ec-9de03e51f535@group-20C2EEB7DA89-StateMachineUpdater] INFO  impl.StateMachineUpdater (StateMachineUpdater.java:lambda$new$0(97)) - a3bbae93-4dbd-48a8-b7ec-9de03e51f535@group-20C2EEB7DA89-StateMachineUpdater: snapshotIndex: updateIncreasingly -1 -> 2
2023-09-08 11:17:57,549 [ForkJoinPool.commonPool-worker-3] INFO  server.GrpcService (GrpcService.java:closeImpl(311)) - d33cef6e-fa1d-4bba-bddd-0d189def30bc: shutdown server org.apache.ratis.grpc.server.GrpcClientProtocolService now
2023-09-08 11:17:57,555 [ForkJoinPool.commonPool-worker-0] INFO  server.GrpcService (GrpcService.java:closeImpl(320)) - a3bbae93-4dbd-48a8-b7ec-9de03e51f535: shutdown server org.apache.ratis.grpc.server.GrpcAdminProtocolService successfully
2023-09-08 11:17:57,556 [ForkJoinPool.commonPool-worker-3] INFO  server.GrpcService (GrpcService.java:closeImpl(320)) - d33cef6e-fa1d-4bba-bddd-0d189def30bc: shutdown server org.apache.ratis.grpc.server.GrpcClientProtocolService successfully
2023-09-08 11:17:57,556 [ForkJoinPool.commonPool-worker-3] INFO  server.GrpcService (GrpcService.java:closeImpl(311)) - d33cef6e-fa1d-4bba-bddd-0d189def30bc: shutdown server GrpcServerProtocolService now
2023-09-08 11:17:57,556 [main] INFO  server.GrpcService (GrpcService.java:closeImpl(320)) - 89f84e8b-2e80-4453-8736-c86c7ce839d9: shutdown server org.apache.ratis.grpc.server.GrpcAdminProtocolService successfully
2023-09-08 11:17:57,558 [ForkJoinPool.commonPool-worker-2] INFO  server.GrpcService (GrpcService.java:closeImpl(320)) - 2dfd442c-a1c3-4c12-a15b-8aed08a5dec6: shutdown server org.apache.ratis.grpc.server.GrpcAdminProtocolService successfully
2023-09-08 11:17:57,556 [a3bbae93-4dbd-48a8-b7ec-9de03e51f535-impl-thread2] INFO  server.RaftServer$Division (ServerState.java:close(472)) - a3bbae93-4dbd-48a8-b7ec-9de03e51f535@group-20C2EEB7DA89: closes. applyIndex: 2
2023-09-08 11:17:57,559 [2dfd442c-a1c3-4c12-a15b-8aed08a5dec6-NettyServerStreamRpc-bossGroup--thread1] INFO  logging.LoggingHandler (AbstractInternalLogger.java:log(148)) - [id: 0x036cf765, L:/0:0:0:0:0:0:0:0:15051] CLOSE
2023-09-08 11:17:57,559 [2dfd442c-a1c3-4c12-a15b-8aed08a5dec6-NettyServerStreamRpc-bossGroup--thread1] INFO  logging.LoggingHandler (AbstractInternalLogger.java:log(148)) - [id: 0x036cf765, L:/0:0:0:0:0:0:0:0:15051] INACTIVE
2023-09-08 11:17:57,559 [2dfd442c-a1c3-4c12-a15b-8aed08a5dec6-NettyServerStreamRpc-bossGroup--thread1] INFO  logging.LoggingHandler (AbstractInternalLogger.java:log(148)) - [id: 0x036cf765, L:/0:0:0:0:0:0:0:0:15051] UNREGISTERED
2023-09-08 11:17:57,559 [ForkJoinPool.commonPool-worker-1] INFO  server.GrpcService (GrpcService.java:closeImpl(320)) - f2514b4c-a867-463f-8d84-f95d86e9803a: shutdown server org.apache.ratis.grpc.server.GrpcAdminProtocolService successfully
2023-09-08 11:17:57,559 [f2514b4c-a867-463f-8d84-f95d86e9803a-NettyServerStreamRpc-bossGroup--thread1] INFO  logging.LoggingHandler (AbstractInternalLogger.java:log(148)) - [id: 0x4688081e, L:/0:0:0:0:0:0:0:0:15015] CLOSE
2023-09-08 11:17:57,560 [f2514b4c-a867-463f-8d84-f95d86e9803a-NettyServerStreamRpc-bossGroup--thread1] INFO  logging.LoggingHandler (AbstractInternalLogger.java:log(148)) - [id: 0x4688081e, L:/0:0:0:0:0:0:0:0:15015] INACTIVE
2023-09-08 11:17:57,560 [f2514b4c-a867-463f-8d84-f95d86e9803a-NettyServerStreamRpc-bossGroup--thread1] INFO  logging.LoggingHandler (AbstractInternalLogger.java:log(148)) - [id: 0x4688081e, L:/0:0:0:0:0:0:0:0:15015] UNREGISTERED
2023-09-08 11:17:57,560 [89f84e8b-2e80-4453-8736-c86c7ce839d9-NettyServerStreamRpc-bossGroup--thread1] INFO  logging.LoggingHandler (AbstractInternalLogger.java:log(148)) - [id: 0xb617b6de, L:/0:0:0:0:0:0:0:0:15033] CLOSE
2023-09-08 11:17:57,560 [89f84e8b-2e80-4453-8736-c86c7ce839d9-NettyServerStreamRpc-bossGroup--thread1] INFO  logging.LoggingHandler (AbstractInternalLogger.java:log(148)) - [id: 0xb617b6de, L:/0:0:0:0:0:0:0:0:15033] INACTIVE
2023-09-08 11:17:57,560 [89f84e8b-2e80-4453-8736-c86c7ce839d9-NettyServerStreamRpc-bossGroup--thread1] INFO  logging.LoggingHandler (AbstractInternalLogger.java:log(148)) - [id: 0xb617b6de, L:/0:0:0:0:0:0:0:0:15033] UNREGISTERED
2023-09-08 11:17:57,561 [a3bbae93-4dbd-48a8-b7ec-9de03e51f535-NettyServerStreamRpc-bossGroup--thread1] INFO  logging.LoggingHandler (AbstractInternalLogger.java:log(148)) - [id: 0xb8e2f2c2, L:/0:0:0:0:0:0:0:0:15024] CLOSE
2023-09-08 11:17:57,561 [a3bbae93-4dbd-48a8-b7ec-9de03e51f535-NettyServerStreamRpc-bossGroup--thread1] INFO  logging.LoggingHandler (AbstractInternalLogger.java:log(148)) - [id: 0xb8e2f2c2, L:/0:0:0:0:0:0:0:0:15024] INACTIVE
2023-09-08 11:17:57,561 [a3bbae93-4dbd-48a8-b7ec-9de03e51f535-NettyServerStreamRpc-bossGroup--thread1] INFO  logging.LoggingHandler (AbstractInternalLogger.java:log(148)) - [id: 0xb8e2f2c2, L:/0:0:0:0:0:0:0:0:15024] UNREGISTERED
2023-09-08 11:17:57,561 [f2514b4c-a867-463f-8d84-f95d86e9803a-impl-thread2] INFO  server.RaftServer$Division (ServerState.java:close(472)) - f2514b4c-a867-463f-8d84-f95d86e9803a@group-20C2EEB7DA89: closes. applyIndex: 2
2023-09-08 11:17:57,562 [89f84e8b-2e80-4453-8736-c86c7ce839d9-impl-thread4] INFO  server.RaftServer$Division (ServerState.java:close(472)) - 89f84e8b-2e80-4453-8736-c86c7ce839d9@group-70D93477139D: closes. applyIndex: 0
2023-09-08 11:17:57,562 [a3bbae93-4dbd-48a8-b7ec-9de03e51f535-impl-thread3] INFO  server.RaftServer$Division (ServerState.java:close(472)) - a3bbae93-4dbd-48a8-b7ec-9de03e51f535@group-628FFE3070B6: closes. applyIndex: 26
2023-09-08 11:17:57,563 [f2514b4c-a867-463f-8d84-f95d86e9803a-impl-thread4] INFO  server.RaftServer$Division (ServerState.java:close(472)) - f2514b4c-a867-463f-8d84-f95d86e9803a@group-0850443CA208: closes. applyIndex: 0
2023-09-08 11:17:57,563 [f2514b4c-a867-463f-8d84-f95d86e9803a-impl-thread3] INFO  server.RaftServer$Division (ServerState.java:close(472)) - f2514b4c-a867-463f-8d84-f95d86e9803a@group-628FFE3070B6: closes. applyIndex: 26
2023-09-08 11:17:57,563 [89f84e8b-2e80-4453-8736-c86c7ce839d9-impl-thread2] INFO  server.RaftServer$Division (ServerState.java:close(472)) - 89f84e8b-2e80-4453-8736-c86c7ce839d9@group-20C2EEB7DA89: closes. applyIndex: 4
2023-09-08 11:17:57,565 [89f84e8b-2e80-4453-8736-c86c7ce839d9-impl-thread3] INFO  server.RaftServer$Division (ServerState.java:close(472)) - 89f84e8b-2e80-4453-8736-c86c7ce839d9@group-628FFE3070B6: closes. applyIndex: 26
2023-09-08 11:17:57,565 [2dfd442c-a1c3-4c12-a15b-8aed08a5dec6-impl-thread2] INFO  server.RaftServer$Division (ServerState.java:close(472)) - 2dfd442c-a1c3-4c12-a15b-8aed08a5dec6@group-1F90F7E40752: closes. applyIndex: 0
2023-09-08 11:17:57,565 [ForkJoinPool.commonPool-worker-3] INFO  server.GrpcService (GrpcService.java:closeImpl(320)) - d33cef6e-fa1d-4bba-bddd-0d189def30bc: shutdown server GrpcServerProtocolService successfully
2023-09-08 11:17:57,566 [a3bbae93-4dbd-48a8-b7ec-9de03e51f535-impl-thread4] INFO  server.RaftServer$Division (ServerState.java:close(472)) - a3bbae93-4dbd-48a8-b7ec-9de03e51f535@group-D2C97247619F: closes. applyIndex: 0
2023-09-08 11:17:57,566 [ForkJoinPool.commonPool-worker-3] INFO  server.GrpcService (GrpcService.java:closeImpl(311)) - d33cef6e-fa1d-4bba-bddd-0d189def30bc: shutdown server org.apache.ratis.grpc.server.GrpcAdminProtocolService now
2023-09-08 11:17:57,568 [d33cef6e-fa1d-4bba-bddd-0d189def30bc-impl-thread2] INFO  server.RaftServer$Division (RaftServerImpl.java:lambda$close$4(466)) - d33cef6e-fa1d-4bba-bddd-0d189def30bc@group-0CE59774A31B: shutdown
2023-09-08 11:17:57,568 [d33cef6e-fa1d-4bba-bddd-0d189def30bc-impl-thread2] INFO  util.JmxRegister (JmxRegister.java:unregister(73)) - Successfully un-registered JMX Bean with object name Ratis:service=RaftServer,group=group-0CE59774A31B,id=d33cef6e-fa1d-4bba-bddd-0d189def30bc
2023-09-08 11:17:57,568 [d33cef6e-fa1d-4bba-bddd-0d189def30bc-impl-thread2] INFO  impl.RoleInfo (RoleInfo.java:shutdownLeaderState(93)) - d33cef6e-fa1d-4bba-bddd-0d189def30bc: shutdown d33cef6e-fa1d-4bba-bddd-0d189def30bc@group-0CE59774A31B-LeaderStateImpl
2023-09-08 11:17:57,568 [d33cef6e-fa1d-4bba-bddd-0d189def30bc-impl-thread2] INFO  impl.PendingRequests (PendingRequests.java:sendNotLeaderResponses(289)) - d33cef6e-fa1d-4bba-bddd-0d189def30bc@group-0CE59774A31B-PendingRequests: sendNotLeaderResponses
2023-09-08 11:17:57,568 [d33cef6e-fa1d-4bba-bddd-0d189def30bc@group-0CE59774A31B-StateMachineUpdater] INFO  ratis.ContainerStateMachine (ContainerStateMachine.java:takeSnapshot(330)) - group-0CE59774A31B: Taking a snapshot at:(t:1, i:0) file /home/runner/work/ozone/ozone/hadoop-ozone/integration-test/target/test-dir/MiniOzoneClusterImpl-4b7384aa-5f33-426b-b021-b584800a716a/datanode-3/data/ratis/0e26e517-6922-4dd9-a357-0ce59774a31b/sm/snapshot.1_0
2023-09-08 11:17:57,569 [d33cef6e-fa1d-4bba-bddd-0d189def30bc-impl-thread2] INFO  impl.StateMachineUpdater (StateMachineUpdater.java:stopAndJoin(155)) - d33cef6e-fa1d-4bba-bddd-0d189def30bc@group-0CE59774A31B-StateMachineUpdater: set stopIndex = 0
2023-09-08 11:17:57,569 [d33cef6e-fa1d-4bba-bddd-0d189def30bc@group-0CE59774A31B-StateMachineUpdater] INFO  ratis.ContainerStateMachine (ContainerStateMachine.java:takeSnapshot(341)) - group-0CE59774A31B: Finished taking a snapshot at:(t:1, i:0) file:/home/runner/work/ozone/ozone/hadoop-ozone/integration-test/target/test-dir/MiniOzoneClusterImpl-4b7384aa-5f33-426b-b021-b584800a716a/datanode-3/data/ratis/0e26e517-6922-4dd9-a357-0ce59774a31b/sm/snapshot.1_0 took: 1 ms
2023-09-08 11:17:57,569 [d33cef6e-fa1d-4bba-bddd-0d189def30bc@group-0CE59774A31B-StateMachineUpdater] INFO  impl.StateMachineUpdater (StateMachineUpdater.java:takeSnapshot(291)) - d33cef6e-fa1d-4bba-bddd-0d189def30bc@group-0CE59774A31B-StateMachineUpdater: Took a snapshot at index 0
2023-09-08 11:17:57,569 [d33cef6e-fa1d-4bba-bddd-0d189def30bc@group-0CE59774A31B-StateMachineUpdater] INFO  impl.StateMachineUpdater (StateMachineUpdater.java:lambda$new$0(97)) - d33cef6e-fa1d-4bba-bddd-0d189def30bc@group-0CE59774A31B-StateMachineUpdater: snapshotIndex: updateIncreasingly -1 -> 0
2023-09-08 11:17:57,570 [d33cef6e-fa1d-4bba-bddd-0d189def30bc-impl-thread2] INFO  server.RaftServer$Division (ServerState.java:close(472)) - d33cef6e-fa1d-4bba-bddd-0d189def30bc@group-0CE59774A31B: closes. applyIndex: 0
2023-09-08 11:17:57,606 [ForkJoinPool.commonPool-worker-3] INFO  server.GrpcService (GrpcService.java:closeImpl(320)) - d33cef6e-fa1d-4bba-bddd-0d189def30bc: shutdown server org.apache.ratis.grpc.server.GrpcAdminProtocolService successfully
2023-09-08 11:17:57,606 [d33cef6e-fa1d-4bba-bddd-0d189def30bc-NettyServerStreamRpc-bossGroup--thread1] INFO  logging.LoggingHandler (AbstractInternalLogger.java:log(148)) - [id: 0x64c74de8, L:/0:0:0:0:0:0:0:0:15042] CLOSE
2023-09-08 11:17:57,606 [d33cef6e-fa1d-4bba-bddd-0d189def30bc-NettyServerStreamRpc-bossGroup--thread1] INFO  logging.LoggingHandler (AbstractInternalLogger.java:log(148)) - [id: 0x64c74de8, L:/0:0:0:0:0:0:0:0:15042] INACTIVE
2023-09-08 11:17:57,607 [d33cef6e-fa1d-4bba-bddd-0d189def30bc-NettyServerStreamRpc-bossGroup--thread1] INFO  logging.LoggingHandler (AbstractInternalLogger.java:log(148)) - [id: 0x64c74de8, L:/0:0:0:0:0:0:0:0:15042] UNREGISTERED
2023-09-08 11:17:57,924 [a3bbae93-4dbd-48a8-b7ec-9de03e51f535-impl-thread3] INFO  segmented.SegmentedRaftLogWorker (SegmentedRaftLogWorker.java:close(252)) - a3bbae93-4dbd-48a8-b7ec-9de03e51f535@group-628FFE3070B6-SegmentedRaftLogWorker close()
2023-09-08 11:17:57,924 [2dfd442c-a1c3-4c12-a15b-8aed08a5dec6-impl-thread2] INFO  segmented.SegmentedRaftLogWorker (SegmentedRaftLogWorker.java:close(252)) - 2dfd442c-a1c3-4c12-a15b-8aed08a5dec6@group-1F90F7E40752-SegmentedRaftLogWorker close()
2023-09-08 11:17:57,924 [89f84e8b-2e80-4453-8736-c86c7ce839d9-impl-thread3] INFO  segmented.SegmentedRaftLogWorker (SegmentedRaftLogWorker.java:close(252)) - 89f84e8b-2e80-4453-8736-c86c7ce839d9@group-628FFE3070B6-SegmentedRaftLogWorker close()
2023-09-08 11:17:57,924 [89f84e8b-2e80-4453-8736-c86c7ce839d9-impl-thread4] INFO  segmented.SegmentedRaftLogWorker (SegmentedRaftLogWorker.java:close(252)) - 89f84e8b-2e80-4453-8736-c86c7ce839d9@group-70D93477139D-SegmentedRaftLogWorker close()
2023-09-08 11:17:57,928 [f2514b4c-a867-463f-8d84-f95d86e9803a-impl-thread4] INFO  segmented.SegmentedRaftLogWorker (SegmentedRaftLogWorker.java:close(252)) - f2514b4c-a867-463f-8d84-f95d86e9803a@group-0850443CA208-SegmentedRaftLogWorker close()
2023-09-08 11:17:57,929 [JvmPauseMonitor6] INFO  util.JvmPauseMonitor (JvmPauseMonitor.java:run(109)) - JvmPauseMonitor-2dfd442c-a1c3-4c12-a15b-8aed08a5dec6: Stopped
2023-09-08 11:17:58,037 [d33cef6e-fa1d-4bba-bddd-0d189def30bc-impl-thread2] INFO  segmented.SegmentedRaftLogWorker (SegmentedRaftLogWorker.java:close(252)) - d33cef6e-fa1d-4bba-bddd-0d189def30bc@group-0CE59774A31B-SegmentedRaftLogWorker close()
2023-09-08 11:17:58,042 [f2514b4c-a867-463f-8d84-f95d86e9803a-impl-thread3] INFO  segmented.SegmentedRaftLogWorker (SegmentedRaftLogWorker.java:close(252)) - f2514b4c-a867-463f-8d84-f95d86e9803a@group-628FFE3070B6-SegmentedRaftLogWorker close()
2023-09-08 11:17:58,042 [JvmPauseMonitor5] INFO  util.JvmPauseMonitor (JvmPauseMonitor.java:run(109)) - JvmPauseMonitor-d33cef6e-fa1d-4bba-bddd-0d189def30bc: Stopped
2023-09-08 11:17:58,221 [89f84e8b-2e80-4453-8736-c86c7ce839d9-impl-thread2] INFO  segmented.SegmentedRaftLogWorker (SegmentedRaftLogWorker.java:close(252)) - 89f84e8b-2e80-4453-8736-c86c7ce839d9@group-20C2EEB7DA89-SegmentedRaftLogWorker close()
2023-09-08 11:17:58,223 [JvmPauseMonitor4] INFO  util.JvmPauseMonitor (JvmPauseMonitor.java:run(109)) - JvmPauseMonitor-89f84e8b-2e80-4453-8736-c86c7ce839d9: Stopped
2023-09-08 11:17:58,227 [a3bbae93-4dbd-48a8-b7ec-9de03e51f535-impl-thread2] INFO  segmented.SegmentedRaftLogWorker (SegmentedRaftLogWorker.java:close(252)) - a3bbae93-4dbd-48a8-b7ec-9de03e51f535@group-20C2EEB7DA89-SegmentedRaftLogWorker close()
2023-09-08 11:17:58,227 [f2514b4c-a867-463f-8d84-f95d86e9803a-impl-thread2] INFO  segmented.SegmentedRaftLogWorker (SegmentedRaftLogWorker.java:close(252)) - f2514b4c-a867-463f-8d84-f95d86e9803a@group-20C2EEB7DA89-SegmentedRaftLogWorker close()
2023-09-08 11:17:58,231 [JvmPauseMonitor2] INFO  util.JvmPauseMonitor (JvmPauseMonitor.java:run(109)) - JvmPauseMonitor-f2514b4c-a867-463f-8d84-f95d86e9803a: Stopped
2023-09-08 11:17:58,324 [a3bbae93-4dbd-48a8-b7ec-9de03e51f535-impl-thread4] INFO  segmented.SegmentedRaftLogWorker (SegmentedRaftLogWorker.java:close(252)) - a3bbae93-4dbd-48a8-b7ec-9de03e51f535@group-D2C97247619F-SegmentedRaftLogWorker close()
2023-09-08 11:17:58,326 [JvmPauseMonitor3] INFO  util.JvmPauseMonitor (JvmPauseMonitor.java:run(109)) - JvmPauseMonitor-a3bbae93-4dbd-48a8-b7ec-9de03e51f535: Stopped
2023-09-08 11:17:59,954 [ForkJoinPool.commonPool-worker-2] INFO  utils.DatanodeStoreCache (DatanodeStoreCache.java:shutdownCache(110)) - Skip clearing cache in mini cluster mode. Entries left: [/home/runner/work/ozone/ozone/hadoop-ozone/integration-test/target/test-dir/MiniOzoneClusterImpl-4b7384aa-5f33-426b-b021-b584800a716a/datanode-0/data-0/containers/hdds/4b7384aa-5f33-426b-b021-b584800a716a/DS-b89b19ef-60a0-476c-9822-01f9ab35f2c3/container.db, /home/runner/work/ozone/ozone/hadoop-ozone/integration-test/target/test-dir/MiniOzoneClusterImpl-4b7384aa-5f33-426b-b021-b584800a716a/datanode-1/data-0/containers/hdds/4b7384aa-5f33-426b-b021-b584800a716a/DS-57d3eed3-4c05-4d83-ab0c-e6a308da9abe/container.db, /home/runner/work/ozone/ozone/hadoop-ozone/integration-test/target/test-dir/MiniOzoneClusterImpl-4b7384aa-5f33-426b-b021-b584800a716a/datanode-2/data-0/containers/hdds/4b7384aa-5f33-426b-b021-b584800a716a/DS-0e0b896b-b47d-41ce-8c48-44b4c2ba3782/container.db, /home/runner/work/ozone/ozone/hadoop-ozone/integration-test/target/test-dir/MiniOzoneClusterImpl-4b7384aa-5f33-426b-b021-b584800a716a/datanode-3/data-0/containers/hdds/4b7384aa-5f33-426b-b021-b584800a716a/DS-4bc78ca5-4ed4-49da-98bf-721441c6739d/container.db, /home/runner/work/ozone/ozone/hadoop-ozone/integration-test/target/test-dir/MiniOzoneClusterImpl-4b7384aa-5f33-426b-b021-b584800a716a/datanode-4/data-0/containers/hdds/4b7384aa-5f33-426b-b021-b584800a716a/DS-b2fda74a-f831-4ad6-a9b2-6a579f3421cb/container.db]
2023-09-08 11:17:59,961 [ForkJoinPool.commonPool-worker-2] INFO  utils.DatanodeStoreCache (DatanodeStoreCache.java:removeDB(104)) - Removed db /home/runner/work/ozone/ozone/hadoop-ozone/integration-test/target/test-dir/MiniOzoneClusterImpl-4b7384aa-5f33-426b-b021-b584800a716a/datanode-4/data-0/containers/hdds/4b7384aa-5f33-426b-b021-b584800a716a/DS-b2fda74a-f831-4ad6-a9b2-6a579f3421cb/container.db from cache
2023-09-08 11:17:59,961 [ForkJoinPool.commonPool-worker-2] INFO  volume.HddsVolume (HddsVolume.java:closeDbStore(453)) - SchemaV3 db is stopped at /home/runner/work/ozone/ozone/hadoop-ozone/integration-test/target/test-dir/MiniOzoneClusterImpl-4b7384aa-5f33-426b-b021-b584800a716a/datanode-4/data-0/containers/hdds/4b7384aa-5f33-426b-b021-b584800a716a/DS-b2fda74a-f831-4ad6-a9b2-6a579f3421cb/container.db for volume DS-b2fda74a-f831-4ad6-a9b2-6a579f3421cb
2023-09-08 11:17:59,963 [ForkJoinPool.commonPool-worker-2] INFO  utils.BackgroundService (BackgroundService.java:shutdown(141)) - Shutting down service BlockDeletingService
2023-09-08 11:17:59,963 [ForkJoinPool.commonPool-worker-2] INFO  utils.BackgroundService (BackgroundService.java:shutdown(141)) - Shutting down service StaleRecoveringContainerScrubbingService
2023-09-08 11:17:59,970 [ForkJoinPool.commonPool-worker-2] INFO  statemachine.DatanodeStateMachine (DatanodeStateMachine.java:stopDaemon(620)) - Ozone container server stopped.
2023-09-08 11:17:59,999 [ForkJoinPool.commonPool-worker-2] INFO  handler.ContextHandler (ContextHandler.java:doStop(1159)) - Stopped o.e.j.w.WebAppContext@3bae5f78{hddsDatanode,/,null,STOPPED}{jar:file:/home/runner/.m2/repository/org/apache/ozone/hdds-container-service/1.4.0-SNAPSHOT/hdds-container-service-1.4.0-SNAPSHOT.jar!/webapps/hddsDatanode}
2023-09-08 11:18:00,000 [ForkJoinPool.commonPool-worker-2] INFO  server.AbstractConnector (AbstractConnector.java:doStop(383)) - Stopped ServerConnector@58b5f661{HTTP/1.1, (http/1.1)}{0.0.0.0:15045}
2023-09-08 11:18:00,001 [ForkJoinPool.commonPool-worker-2] INFO  server.session (HouseKeeper.java:stopScavenging(149)) - node0 Stopped scavenging
2023-09-08 11:18:00,002 [ForkJoinPool.commonPool-worker-2] INFO  handler.ContextHandler (ContextHandler.java:doStop(1159)) - Stopped o.e.j.s.ServletContextHandler@318979ec{static,/static,jar:file:/home/runner/.m2/repository/org/apache/ozone/hdds-container-service/1.4.0-SNAPSHOT/hdds-container-service-1.4.0-SNAPSHOT.jar!/webapps/static,STOPPED}
2023-09-08 11:18:00,005 [ForkJoinPool.commonPool-worker-2] INFO  handler.ContextHandler (ContextHandler.java:doStop(1159)) - Stopped o.e.j.s.ServletContextHandler@6234c292{logs,/logs,file:///home/runner/work/ozone/ozone/hadoop-ozone/integration-test/target/log,STOPPED}
2023-09-08 11:18:00,007 [ForkJoinPool.commonPool-worker-2] INFO  ozone.HddsDatanodeClientProtocolServer (HddsDatanodeClientProtocolServer.java:stop(78)) - Stopping the RPC server for Client Protocol
2023-09-08 11:18:00,007 [ForkJoinPool.commonPool-worker-2] INFO  ipc.Server (Server.java:stop(3523)) - Stopping server on 15046
2023-09-08 11:18:00,009 [IPC Server Responder] INFO  ipc.Server (Server.java:run(1567)) - Stopping IPC Server Responder
2023-09-08 11:18:00,009 [IPC Server listener on 15046] INFO  ipc.Server (Server.java:run(1434)) - Stopping IPC Server listener on 15046
2023-09-08 11:18:00,051 [ForkJoinPool.commonPool-worker-3] INFO  utils.DatanodeStoreCache (DatanodeStoreCache.java:shutdownCache(110)) - Skip clearing cache in mini cluster mode. Entries left: [/home/runner/work/ozone/ozone/hadoop-ozone/integration-test/target/test-dir/MiniOzoneClusterImpl-4b7384aa-5f33-426b-b021-b584800a716a/datanode-0/data-0/containers/hdds/4b7384aa-5f33-426b-b021-b584800a716a/DS-b89b19ef-60a0-476c-9822-01f9ab35f2c3/container.db, /home/runner/work/ozone/ozone/hadoop-ozone/integration-test/target/test-dir/MiniOzoneClusterImpl-4b7384aa-5f33-426b-b021-b584800a716a/datanode-1/data-0/containers/hdds/4b7384aa-5f33-426b-b021-b584800a716a/DS-57d3eed3-4c05-4d83-ab0c-e6a308da9abe/container.db, /home/runner/work/ozone/ozone/hadoop-ozone/integration-test/target/test-dir/MiniOzoneClusterImpl-4b7384aa-5f33-426b-b021-b584800a716a/datanode-2/data-0/containers/hdds/4b7384aa-5f33-426b-b021-b584800a716a/DS-0e0b896b-b47d-41ce-8c48-44b4c2ba3782/container.db, /home/runner/work/ozone/ozone/hadoop-ozone/integration-test/target/test-dir/MiniOzoneClusterImpl-4b7384aa-5f33-426b-b021-b584800a716a/datanode-3/data-0/containers/hdds/4b7384aa-5f33-426b-b021-b584800a716a/DS-4bc78ca5-4ed4-49da-98bf-721441c6739d/container.db]
2023-09-08 11:18:00,053 [ForkJoinPool.commonPool-worker-3] INFO  utils.DatanodeStoreCache (DatanodeStoreCache.java:removeDB(104)) - Removed db /home/runner/work/ozone/ozone/hadoop-ozone/integration-test/target/test-dir/MiniOzoneClusterImpl-4b7384aa-5f33-426b-b021-b584800a716a/datanode-3/data-0/containers/hdds/4b7384aa-5f33-426b-b021-b584800a716a/DS-4bc78ca5-4ed4-49da-98bf-721441c6739d/container.db from cache
2023-09-08 11:18:00,053 [ForkJoinPool.commonPool-worker-3] INFO  volume.HddsVolume (HddsVolume.java:closeDbStore(453)) - SchemaV3 db is stopped at /home/runner/work/ozone/ozone/hadoop-ozone/integration-test/target/test-dir/MiniOzoneClusterImpl-4b7384aa-5f33-426b-b021-b584800a716a/datanode-3/data-0/containers/hdds/4b7384aa-5f33-426b-b021-b584800a716a/DS-4bc78ca5-4ed4-49da-98bf-721441c6739d/container.db for volume DS-4bc78ca5-4ed4-49da-98bf-721441c6739d
2023-09-08 11:18:00,054 [ForkJoinPool.commonPool-worker-3] INFO  utils.BackgroundService (BackgroundService.java:shutdown(141)) - Shutting down service BlockDeletingService
2023-09-08 11:18:00,055 [ForkJoinPool.commonPool-worker-3] INFO  utils.BackgroundService (BackgroundService.java:shutdown(141)) - Shutting down service StaleRecoveringContainerScrubbingService
2023-09-08 11:18:00,060 [ForkJoinPool.commonPool-worker-3] INFO  statemachine.DatanodeStateMachine (DatanodeStateMachine.java:stopDaemon(620)) - Ozone container server stopped.
2023-09-08 11:18:00,082 [ForkJoinPool.commonPool-worker-3] INFO  handler.ContextHandler (ContextHandler.java:doStop(1159)) - Stopped o.e.j.w.WebAppContext@27db378a{hddsDatanode,/,null,STOPPED}{jar:file:/home/runner/.m2/repository/org/apache/ozone/hdds-container-service/1.4.0-SNAPSHOT/hdds-container-service-1.4.0-SNAPSHOT.jar!/webapps/hddsDatanode}
2023-09-08 11:18:00,083 [ForkJoinPool.commonPool-worker-3] INFO  server.AbstractConnector (AbstractConnector.java:doStop(383)) - Stopped ServerConnector@7d4d30ac{HTTP/1.1, (http/1.1)}{0.0.0.0:15036}
2023-09-08 11:18:00,083 [ForkJoinPool.commonPool-worker-3] INFO  server.session (HouseKeeper.java:stopScavenging(149)) - node0 Stopped scavenging
2023-09-08 11:18:00,087 [ForkJoinPool.commonPool-worker-3] INFO  handler.ContextHandler (ContextHandler.java:doStop(1159)) - Stopped o.e.j.s.ServletContextHandler@562b6bd{static,/static,jar:file:/home/runner/.m2/repository/org/apache/ozone/hdds-container-service/1.4.0-SNAPSHOT/hdds-container-service-1.4.0-SNAPSHOT.jar!/webapps/static,STOPPED}
2023-09-08 11:18:00,088 [ForkJoinPool.commonPool-worker-3] INFO  handler.ContextHandler (ContextHandler.java:doStop(1159)) - Stopped o.e.j.s.ServletContextHandler@79cf42f2{logs,/logs,file:///home/runner/work/ozone/ozone/hadoop-ozone/integration-test/target/log,STOPPED}
2023-09-08 11:18:00,089 [ForkJoinPool.commonPool-worker-3] INFO  ozone.HddsDatanodeClientProtocolServer (HddsDatanodeClientProtocolServer.java:stop(78)) - Stopping the RPC server for Client Protocol
2023-09-08 11:18:00,093 [ForkJoinPool.commonPool-worker-3] INFO  ipc.Server (Server.java:stop(3523)) - Stopping server on 15037
2023-09-08 11:18:00,094 [IPC Server listener on 15037] INFO  ipc.Server (Server.java:run(1434)) - Stopping IPC Server listener on 15037
2023-09-08 11:18:00,095 [IPC Server Responder] INFO  ipc.Server (Server.java:run(1567)) - Stopping IPC Server Responder
2023-09-08 11:18:00,235 [ForkJoinPool.commonPool-worker-1] INFO  utils.DatanodeStoreCache (DatanodeStoreCache.java:shutdownCache(110)) - Skip clearing cache in mini cluster mode. Entries left: [/home/runner/work/ozone/ozone/hadoop-ozone/integration-test/target/test-dir/MiniOzoneClusterImpl-4b7384aa-5f33-426b-b021-b584800a716a/datanode-0/data-0/containers/hdds/4b7384aa-5f33-426b-b021-b584800a716a/DS-b89b19ef-60a0-476c-9822-01f9ab35f2c3/container.db, /home/runner/work/ozone/ozone/hadoop-ozone/integration-test/target/test-dir/MiniOzoneClusterImpl-4b7384aa-5f33-426b-b021-b584800a716a/datanode-1/data-0/containers/hdds/4b7384aa-5f33-426b-b021-b584800a716a/DS-57d3eed3-4c05-4d83-ab0c-e6a308da9abe/container.db, /home/runner/work/ozone/ozone/hadoop-ozone/integration-test/target/test-dir/MiniOzoneClusterImpl-4b7384aa-5f33-426b-b021-b584800a716a/datanode-2/data-0/containers/hdds/4b7384aa-5f33-426b-b021-b584800a716a/DS-0e0b896b-b47d-41ce-8c48-44b4c2ba3782/container.db]
2023-09-08 11:18:00,235 [main] INFO  utils.DatanodeStoreCache (DatanodeStoreCache.java:shutdownCache(110)) - Skip clearing cache in mini cluster mode. Entries left: [/home/runner/work/ozone/ozone/hadoop-ozone/integration-test/target/test-dir/MiniOzoneClusterImpl-4b7384aa-5f33-426b-b021-b584800a716a/datanode-0/data-0/containers/hdds/4b7384aa-5f33-426b-b021-b584800a716a/DS-b89b19ef-60a0-476c-9822-01f9ab35f2c3/container.db, /home/runner/work/ozone/ozone/hadoop-ozone/integration-test/target/test-dir/MiniOzoneClusterImpl-4b7384aa-5f33-426b-b021-b584800a716a/datanode-1/data-0/containers/hdds/4b7384aa-5f33-426b-b021-b584800a716a/DS-57d3eed3-4c05-4d83-ab0c-e6a308da9abe/container.db, /home/runner/work/ozone/ozone/hadoop-ozone/integration-test/target/test-dir/MiniOzoneClusterImpl-4b7384aa-5f33-426b-b021-b584800a716a/datanode-2/data-0/containers/hdds/4b7384aa-5f33-426b-b021-b584800a716a/DS-0e0b896b-b47d-41ce-8c48-44b4c2ba3782/container.db]
2023-09-08 11:18:00,237 [ForkJoinPool.commonPool-worker-1] INFO  utils.DatanodeStoreCache (DatanodeStoreCache.java:removeDB(104)) - Removed db /home/runner/work/ozone/ozone/hadoop-ozone/integration-test/target/test-dir/MiniOzoneClusterImpl-4b7384aa-5f33-426b-b021-b584800a716a/datanode-0/data-0/containers/hdds/4b7384aa-5f33-426b-b021-b584800a716a/DS-b89b19ef-60a0-476c-9822-01f9ab35f2c3/container.db from cache
2023-09-08 11:18:00,238 [ForkJoinPool.commonPool-worker-1] INFO  volume.HddsVolume (HddsVolume.java:closeDbStore(453)) - SchemaV3 db is stopped at /home/runner/work/ozone/ozone/hadoop-ozone/integration-test/target/test-dir/MiniOzoneClusterImpl-4b7384aa-5f33-426b-b021-b584800a716a/datanode-0/data-0/containers/hdds/4b7384aa-5f33-426b-b021-b584800a716a/DS-b89b19ef-60a0-476c-9822-01f9ab35f2c3/container.db for volume DS-b89b19ef-60a0-476c-9822-01f9ab35f2c3
2023-09-08 11:18:00,239 [main] INFO  utils.DatanodeStoreCache (DatanodeStoreCache.java:removeDB(104)) - Removed db /home/runner/work/ozone/ozone/hadoop-ozone/integration-test/target/test-dir/MiniOzoneClusterImpl-4b7384aa-5f33-426b-b021-b584800a716a/datanode-2/data-0/containers/hdds/4b7384aa-5f33-426b-b021-b584800a716a/DS-0e0b896b-b47d-41ce-8c48-44b4c2ba3782/container.db from cache
2023-09-08 11:18:00,239 [main] INFO  volume.HddsVolume (HddsVolume.java:closeDbStore(453)) - SchemaV3 db is stopped at /home/runner/work/ozone/ozone/hadoop-ozone/integration-test/target/test-dir/MiniOzoneClusterImpl-4b7384aa-5f33-426b-b021-b584800a716a/datanode-2/data-0/containers/hdds/4b7384aa-5f33-426b-b021-b584800a716a/DS-0e0b896b-b47d-41ce-8c48-44b4c2ba3782/container.db for volume DS-0e0b896b-b47d-41ce-8c48-44b4c2ba3782
2023-09-08 11:18:00,240 [ForkJoinPool.commonPool-worker-1] INFO  utils.BackgroundService (BackgroundService.java:shutdown(141)) - Shutting down service BlockDeletingService
2023-09-08 11:18:00,241 [main] INFO  utils.BackgroundService (BackgroundService.java:shutdown(141)) - Shutting down service BlockDeletingService
2023-09-08 11:18:00,241 [ForkJoinPool.commonPool-worker-1] INFO  utils.BackgroundService (BackgroundService.java:shutdown(141)) - Shutting down service StaleRecoveringContainerScrubbingService
2023-09-08 11:18:00,242 [main] INFO  utils.BackgroundService (BackgroundService.java:shutdown(141)) - Shutting down service StaleRecoveringContainerScrubbingService
2023-09-08 11:18:00,242 [main] INFO  statemachine.DatanodeStateMachine (DatanodeStateMachine.java:stopDaemon(620)) - Ozone container server stopped.
2023-09-08 11:18:00,244 [ForkJoinPool.commonPool-worker-1] INFO  statemachine.DatanodeStateMachine (DatanodeStateMachine.java:stopDaemon(620)) - Ozone container server stopped.
2023-09-08 11:18:00,260 [ForkJoinPool.commonPool-worker-1] INFO  handler.ContextHandler (ContextHandler.java:doStop(1159)) - Stopped o.e.j.w.WebAppContext@25b78608{hddsDatanode,/,null,STOPPED}{jar:file:/home/runner/.m2/repository/org/apache/ozone/hdds-container-service/1.4.0-SNAPSHOT/hdds-container-service-1.4.0-SNAPSHOT.jar!/webapps/hddsDatanode}
2023-09-08 11:18:00,262 [ForkJoinPool.commonPool-worker-1] INFO  server.AbstractConnector (AbstractConnector.java:doStop(383)) - Stopped ServerConnector@3c53a002{HTTP/1.1, (http/1.1)}{0.0.0.0:15009}
2023-09-08 11:18:00,262 [ForkJoinPool.commonPool-worker-1] INFO  server.session (HouseKeeper.java:stopScavenging(149)) - node0 Stopped scavenging
2023-09-08 11:18:00,263 [ForkJoinPool.commonPool-worker-1] INFO  handler.ContextHandler (ContextHandler.java:doStop(1159)) - Stopped o.e.j.s.ServletContextHandler@1b78ce4{static,/static,jar:file:/home/runner/.m2/repository/org/apache/ozone/hdds-container-service/1.4.0-SNAPSHOT/hdds-container-service-1.4.0-SNAPSHOT.jar!/webapps/static,STOPPED}
2023-09-08 11:18:00,267 [ForkJoinPool.commonPool-worker-1] INFO  handler.ContextHandler (ContextHandler.java:doStop(1159)) - Stopped o.e.j.s.ServletContextHandler@4d7648a5{logs,/logs,file:///home/runner/work/ozone/ozone/hadoop-ozone/integration-test/target/log,STOPPED}
2023-09-08 11:18:00,273 [ForkJoinPool.commonPool-worker-1] INFO  ozone.HddsDatanodeClientProtocolServer (HddsDatanodeClientProtocolServer.java:stop(78)) - Stopping the RPC server for Client Protocol
2023-09-08 11:18:00,275 [ForkJoinPool.commonPool-worker-1] INFO  ipc.Server (Server.java:stop(3523)) - Stopping server on 15010
2023-09-08 11:18:00,278 [IPC Server listener on 15010] INFO  ipc.Server (Server.java:run(1434)) - Stopping IPC Server listener on 15010
2023-09-08 11:18:00,279 [IPC Server Responder] INFO  ipc.Server (Server.java:run(1567)) - Stopping IPC Server Responder
2023-09-08 11:18:00,284 [main] INFO  handler.ContextHandler (ContextHandler.java:doStop(1159)) - Stopped o.e.j.w.WebAppContext@2e33190f{hddsDatanode,/,null,STOPPED}{jar:file:/home/runner/.m2/repository/org/apache/ozone/hdds-container-service/1.4.0-SNAPSHOT/hdds-container-service-1.4.0-SNAPSHOT.jar!/webapps/hddsDatanode}
2023-09-08 11:18:00,285 [main] INFO  server.AbstractConnector (AbstractConnector.java:doStop(383)) - Stopped ServerConnector@14d9e3e1{HTTP/1.1, (http/1.1)}{0.0.0.0:15027}
2023-09-08 11:18:00,285 [main] INFO  server.session (HouseKeeper.java:stopScavenging(149)) - node0 Stopped scavenging
2023-09-08 11:18:00,285 [main] INFO  handler.ContextHandler (ContextHandler.java:doStop(1159)) - Stopped o.e.j.s.ServletContextHandler@1f43dd07{static,/static,jar:file:/home/runner/.m2/repository/org/apache/ozone/hdds-container-service/1.4.0-SNAPSHOT/hdds-container-service-1.4.0-SNAPSHOT.jar!/webapps/static,STOPPED}
2023-09-08 11:18:00,286 [main] INFO  handler.ContextHandler (ContextHandler.java:doStop(1159)) - Stopped o.e.j.s.ServletContextHandler@2bad9fbb{logs,/logs,file:///home/runner/work/ozone/ozone/hadoop-ozone/integration-test/target/log,STOPPED}
2023-09-08 11:18:00,287 [main] INFO  ozone.HddsDatanodeClientProtocolServer (HddsDatanodeClientProtocolServer.java:stop(78)) - Stopping the RPC server for Client Protocol
2023-09-08 11:18:00,287 [main] INFO  ipc.Server (Server.java:stop(3523)) - Stopping server on 15028
2023-09-08 11:18:00,287 [IPC Server listener on 15028] INFO  ipc.Server (Server.java:run(1434)) - Stopping IPC Server listener on 15028
2023-09-08 11:18:00,294 [IPC Server Responder] INFO  ipc.Server (Server.java:run(1567)) - Stopping IPC Server Responder
2023-09-08 11:18:00,332 [ForkJoinPool.commonPool-worker-0] INFO  utils.DatanodeStoreCache (DatanodeStoreCache.java:shutdownCache(110)) - Skip clearing cache in mini cluster mode. Entries left: [/home/runner/work/ozone/ozone/hadoop-ozone/integration-test/target/test-dir/MiniOzoneClusterImpl-4b7384aa-5f33-426b-b021-b584800a716a/datanode-1/data-0/containers/hdds/4b7384aa-5f33-426b-b021-b584800a716a/DS-57d3eed3-4c05-4d83-ab0c-e6a308da9abe/container.db]
2023-09-08 11:18:00,334 [ForkJoinPool.commonPool-worker-0] INFO  utils.DatanodeStoreCache (DatanodeStoreCache.java:removeDB(104)) - Removed db /home/runner/work/ozone/ozone/hadoop-ozone/integration-test/target/test-dir/MiniOzoneClusterImpl-4b7384aa-5f33-426b-b021-b584800a716a/datanode-1/data-0/containers/hdds/4b7384aa-5f33-426b-b021-b584800a716a/DS-57d3eed3-4c05-4d83-ab0c-e6a308da9abe/container.db from cache
2023-09-08 11:18:00,335 [ForkJoinPool.commonPool-worker-0] INFO  volume.HddsVolume (HddsVolume.java:closeDbStore(453)) - SchemaV3 db is stopped at /home/runner/work/ozone/ozone/hadoop-ozone/integration-test/target/test-dir/MiniOzoneClusterImpl-4b7384aa-5f33-426b-b021-b584800a716a/datanode-1/data-0/containers/hdds/4b7384aa-5f33-426b-b021-b584800a716a/DS-57d3eed3-4c05-4d83-ab0c-e6a308da9abe/container.db for volume DS-57d3eed3-4c05-4d83-ab0c-e6a308da9abe
2023-09-08 11:18:00,335 [ForkJoinPool.commonPool-worker-0] INFO  utils.BackgroundService (BackgroundService.java:shutdown(141)) - Shutting down service BlockDeletingService
2023-09-08 11:18:00,336 [ForkJoinPool.commonPool-worker-0] INFO  utils.BackgroundService (BackgroundService.java:shutdown(141)) - Shutting down service StaleRecoveringContainerScrubbingService
2023-09-08 11:18:00,338 [ForkJoinPool.commonPool-worker-0] INFO  statemachine.DatanodeStateMachine (DatanodeStateMachine.java:stopDaemon(620)) - Ozone container server stopped.
2023-09-08 11:18:00,352 [ForkJoinPool.commonPool-worker-0] INFO  handler.ContextHandler (ContextHandler.java:doStop(1159)) - Stopped o.e.j.w.WebAppContext@d28b90b{hddsDatanode,/,null,STOPPED}{jar:file:/home/runner/.m2/repository/org/apache/ozone/hdds-container-service/1.4.0-SNAPSHOT/hdds-container-service-1.4.0-SNAPSHOT.jar!/webapps/hddsDatanode}
2023-09-08 11:18:00,352 [ForkJoinPool.commonPool-worker-0] INFO  server.AbstractConnector (AbstractConnector.java:doStop(383)) - Stopped ServerConnector@7b976364{HTTP/1.1, (http/1.1)}{0.0.0.0:15018}
2023-09-08 11:18:00,352 [ForkJoinPool.commonPool-worker-0] INFO  server.session (HouseKeeper.java:stopScavenging(149)) - node0 Stopped scavenging
2023-09-08 11:18:00,354 [ForkJoinPool.commonPool-worker-0] INFO  handler.ContextHandler (ContextHandler.java:doStop(1159)) - Stopped o.e.j.s.ServletContextHandler@6aecf059{static,/static,jar:file:/home/runner/.m2/repository/org/apache/ozone/hdds-container-service/1.4.0-SNAPSHOT/hdds-container-service-1.4.0-SNAPSHOT.jar!/webapps/static,STOPPED}
2023-09-08 11:18:00,355 [ForkJoinPool.commonPool-worker-0] INFO  handler.ContextHandler (ContextHandler.java:doStop(1159)) - Stopped o.e.j.s.ServletContextHandler@40574edf{logs,/logs,file:///home/runner/work/ozone/ozone/hadoop-ozone/integration-test/target/log,STOPPED}
2023-09-08 11:18:00,356 [ForkJoinPool.commonPool-worker-0] INFO  ozone.HddsDatanodeClientProtocolServer (HddsDatanodeClientProtocolServer.java:stop(78)) - Stopping the RPC server for Client Protocol
2023-09-08 11:18:00,357 [ForkJoinPool.commonPool-worker-0] INFO  ipc.Server (Server.java:stop(3523)) - Stopping server on 15019
2023-09-08 11:18:00,358 [IPC Server listener on 15019] INFO  ipc.Server (Server.java:run(1434)) - Stopping IPC Server listener on 15019
2023-09-08 11:18:00,358 [IPC Server Responder] INFO  ipc.Server (Server.java:run(1567)) - Stopping IPC Server Responder
2023-09-08 11:18:00,359 [main] INFO  ozone.MiniOzoneClusterImpl (MiniOzoneClusterImpl.java:stopSCM(543)) - Stopping the StorageContainerManager
2023-09-08 11:18:00,360 [main] INFO  server.StorageContainerManager (StorageContainerManager.java:stop(1591)) - Container Balancer is not running.
2023-09-08 11:18:00,360 [main] INFO  server.StorageContainerManager (StorageContainerManager.java:stopReplicationManager(1724)) - Stopping Replication Manager Service.
2023-09-08 11:18:00,360 [main] INFO  replication.ReplicationManager (ReplicationManager.java:stop(323)) - Stopping Replication Monitor Thread.
2023-09-08 11:18:00,360 [main] INFO  server.StorageContainerManager (StorageContainerManager.java:stop(1600)) - Stopping the Datanode Admin Monitor.
2023-09-08 11:18:00,360 [Over Replicated Processor] WARN  replication.UnhealthyReplicationProcessor (UnhealthyReplicationProcessor.java:run(180)) - Over Replicated Processor interrupted. Exiting...
2023-09-08 11:18:00,360 [main] INFO  server.StorageContainerManager (StorageContainerManager.java:stop(1607)) - Stopping datanode service RPC server
2023-09-08 11:18:00,360 [main] INFO  server.SCMDatanodeProtocolServer (SCMDatanodeProtocolServer.java:stop(424)) - Stopping the RPC server for DataNodes
2023-09-08 11:18:00,361 [ReplicationMonitor] INFO  replication.ReplicationManager (ReplicationManager.java:run(921)) - Replication Monitor Thread is stopped
2023-09-08 11:18:00,360 [Under Replicated Processor] WARN  replication.UnhealthyReplicationProcessor (UnhealthyReplicationProcessor.java:run(180)) - Under Replicated Processor interrupted. Exiting...
2023-09-08 11:18:00,361 [main] INFO  ipc.Server (Server.java:stop(3523)) - Stopping server on 15002
2023-09-08 11:18:00,365 [IPC Server listener on 15002] INFO  ipc.Server (Server.java:run(1434)) - Stopping IPC Server listener on 15002
2023-09-08 11:18:00,365 [IPC Server Responder] INFO  ipc.Server (Server.java:run(1567)) - Stopping IPC Server Responder
2023-09-08 11:18:00,433 [SCM Heartbeat Processing Thread - 0] WARN  node.NodeStateManager (NodeStateManager.java:scheduleNextHealthCheck(874)) - Current Thread is interrupted, shutting down HB processing thread for Node Manager.
2023-09-08 11:18:00,433 [main] INFO  server.StorageContainerManager (StorageContainerManager.java:stop(1615)) - Stopping block service RPC server
2023-09-08 11:18:00,433 [main] INFO  server.SCMBlockProtocolServer (SCMBlockProtocolServer.java:stop(163)) - Stopping the RPC server for Block Protocol
2023-09-08 11:18:00,433 [main] INFO  ipc.Server (Server.java:stop(3523)) - Stopping server on 15001
2023-09-08 11:18:00,434 [IPC Server listener on 15001] INFO  ipc.Server (Server.java:run(1434)) - Stopping IPC Server listener on 15001
2023-09-08 11:18:00,437 [IPC Server Responder] INFO  ipc.Server (Server.java:run(1567)) - Stopping IPC Server Responder
2023-09-08 11:18:00,437 [main] INFO  server.StorageContainerManager (StorageContainerManager.java:stop(1622)) - Stopping the StorageContainerLocationProtocol RPC server
2023-09-08 11:18:00,438 [main] INFO  server.SCMClientProtocolServer (SCMClientProtocolServer.java:stop(210)) - Stopping the RPC server for Client Protocol
2023-09-08 11:18:00,438 [main] INFO  ipc.Server (Server.java:stop(3523)) - Stopping server on 15000
2023-09-08 11:18:00,438 [IPC Server listener on 15000] INFO  ipc.Server (Server.java:run(1434)) - Stopping IPC Server listener on 15000
2023-09-08 11:18:00,441 [IPC Server Responder] INFO  ipc.Server (Server.java:run(1567)) - Stopping IPC Server Responder
2023-09-08 11:18:00,442 [main] INFO  server.StorageContainerManager (StorageContainerManager.java:stop(1629)) - Stopping Storage Container Manager HTTP server.
2023-09-08 11:18:00,443 [main] INFO  handler.ContextHandler (ContextHandler.java:doStop(1159)) - Stopped o.e.j.w.WebAppContext@3eed0375{scm,/,null,STOPPED}{file:/home/runner/work/ozone/ozone/hadoop-ozone/integration-test/target/test-classes/webapps/scm}
2023-09-08 11:18:00,444 [main] INFO  server.AbstractConnector (AbstractConnector.java:doStop(383)) - Stopped ServerConnector@4c32aa7e{HTTP/1.1, (http/1.1)}{0.0.0.0:15003}
2023-09-08 11:18:00,445 [main] INFO  server.session (HouseKeeper.java:stopScavenging(149)) - node0 Stopped scavenging
2023-09-08 11:18:00,445 [main] INFO  handler.ContextHandler (ContextHandler.java:doStop(1159)) - Stopped o.e.j.s.ServletContextHandler@37227aa7{static,/static,file:///home/runner/work/ozone/ozone/hadoop-ozone/integration-test/target/test-classes/webapps/static,STOPPED}
2023-09-08 11:18:00,445 [main] INFO  handler.ContextHandler (ContextHandler.java:doStop(1159)) - Stopped o.e.j.s.ServletContextHandler@12e3cf1c{logs,/logs,file:///home/runner/work/ozone/ozone/hadoop-ozone/integration-test/target/log,STOPPED}
2023-09-08 11:18:00,448 [main] INFO  server.StorageContainerManager (StorageContainerManager.java:stop(1637)) - Stopping SCM LayoutVersionManager Service.
2023-09-08 11:18:00,448 [main] INFO  server.StorageContainerManager (StorageContainerManager.java:stop(1649)) - Stopping Block Manager Service.
2023-09-08 11:18:00,448 [main] INFO  utils.BackgroundService (BackgroundService.java:shutdown(141)) - Shutting down service SCMBlockDeletingService
2023-09-08 11:18:00,448 [main] INFO  utils.BackgroundService (BackgroundService.java:shutdown(141)) - Shutting down service SCMBlockDeletingService
2023-09-08 11:18:00,449 [main] INFO  server.StorageContainerManager (StorageContainerManager.java:stop(1669)) - Stopping SCM Event Queue.
2023-09-08 11:18:00,451 [JvmPauseMonitor0] INFO  util.JvmPauseMonitor (JvmPauseMonitor.java:run(109)) - JvmPauseMonitor-09ddc2e2-6770-475e-ba33-8322ea347e1f: Stopped
2023-09-08 11:18:00,455 [main] INFO  server.StorageContainerManager (StorageContainerManager.java:stop(1680)) - Stopping SCM HA services.
2023-09-08 11:18:00,455 [main] INFO  pipeline.BackgroundPipelineCreator (BackgroundPipelineCreator.java:stop(149)) - Stopping RatisPipelineUtilsThread.
2023-09-08 11:18:00,455 [RatisPipelineUtilsThread - 0] WARN  pipeline.BackgroundPipelineCreator (BackgroundPipelineCreator.java:run(180)) - RatisPipelineUtilsThread is interrupted.
2023-09-08 11:18:00,456 [BackgroundPipelineScrubberThread] WARN  BackgroundPipelineScrubber (BackgroundSCMService.java:run(115)) - BackgroundPipelineScrubber is interrupted, exit
2023-09-08 11:18:00,456 [main] INFO  BackgroundPipelineScrubber (BackgroundSCMService.java:stop(131)) - Stopping BackgroundPipelineScrubber Service.
2023-09-08 11:18:00,457 [main] INFO  impl.MetricsSystemImpl (MetricsSystemImpl.java:stop(210)) - Stopping XceiverClientMetrics metrics system...
2023-09-08 11:18:00,461 [prometheus] INFO  impl.MetricsSinkAdapter (MetricsSinkAdapter.java:publishMetricsFromQueue(141)) - prometheus thread interrupted.
2023-09-08 11:18:00,463 [main] INFO  impl.MetricsSystemImpl (MetricsSystemImpl.java:stop(216)) - XceiverClientMetrics metrics system stopped.
2023-09-08 11:18:00,463 [main] WARN  pipeline.BackgroundPipelineCreator (BackgroundPipelineCreator.java:stop(145)) - RatisPipelineUtilsThread is not running, just ignore.
2023-09-08 11:18:00,464 [main] INFO  BackgroundPipelineScrubber (BackgroundSCMService.java:stop(126)) - BackgroundPipelineScrubber Service is not running, skip stop.
2023-09-08 11:18:00,464 [main] INFO  ExpiredContainerReplicaOpScrubber (BackgroundSCMService.java:stop(131)) - Stopping ExpiredContainerReplicaOpScrubber Service.
2023-09-08 11:18:00,464 [ExpiredContainerReplicaOpScrubberThread] WARN  ExpiredContainerReplicaOpScrubber (BackgroundSCMService.java:run(115)) - ExpiredContainerReplicaOpScrubber is interrupted, exit
2023-09-08 11:18:00,464 [main] INFO  utils.BackgroundService (BackgroundService.java:shutdown(141)) - Shutting down service SCMBlockDeletingService
2023-09-08 11:18:00,464 [main] INFO  replication.ReplicationManager (ReplicationManager.java:stop(333)) - Replication Monitor Thread is not running.
2023-09-08 11:18:00,464 [main] WARN  balancer.ContainerBalancer (ContainerBalancer.java:stop(326)) - Cannot stop Container Balancer because it's not running or stopping
2023-09-08 11:18:00,465 [Lease Manager-LeaseManager#LeaseMonitor] WARN  lease.LeaseManager (LeaseManager.java:run(272)) - Lease manager is interrupted. Shutting down...
java.lang.InterruptedException
	at java.util.concurrent.locks.AbstractQueuedSynchronizer.doAcquireSharedNanos(AbstractQueuedSynchronizer.java:1039)
	at java.util.concurrent.locks.AbstractQueuedSynchronizer.tryAcquireSharedNanos(AbstractQueuedSynchronizer.java:1328)
	at java.util.concurrent.Semaphore.tryAcquire(Semaphore.java:409)
	at org.apache.hadoop.ozone.lease.LeaseManager$LeaseMonitor.run(LeaseManager.java:270)
	at java.lang.Thread.run(Thread.java:750)
2023-09-08 11:18:00,465 [main] INFO  server.StorageContainerManager (StorageContainerManager.java:stop(1715)) - Stopping SCM MetadataStore.
2023-09-08 11:18:00,567 [main] WARN  server.ServerUtils (ServerUtils.java:getScmDbDir(155)) - ozone.scm.db.dirs is not configured. We recommend adding this setting. Falling back to ozone.metadata.dirs instead.
2023-09-08 11:18:00,573 [main] WARN  server.ServerUtils (ServerUtils.java:getScmDbDir(155)) - ozone.scm.db.dirs is not configured. We recommend adding this setting. Falling back to ozone.metadata.dirs instead.
2023-09-08 11:18:00,573 [main] INFO  ha.SCMHANodeDetails (SCMHANodeDetails.java:loadSCMHAConfig(210)) - ServiceID for StorageContainerManager is null
2023-09-08 11:18:00,573 [main] INFO  ha.SCMHANodeDetails (SCMHANodeDetails.java:loadSCMHAConfig(215)) - ozone.scm.default.service.id is not defined, falling back to ozone.scm.service.ids to find serviceID for StorageContainerManager if it is HA enabled cluster
2023-09-08 11:18:00,575 [main] WARN  utils.HAUtils (HAUtils.java:getMetaDir(339)) - ozone.scm.db.dirs is not configured. We recommend adding this setting. Falling back to ozone.metadata.dirs instead.
2023-09-08 11:18:00,575 [main] WARN  db.DBStoreBuilder (DBStoreBuilder.java:applyDBDefinition(166)) - ozone.scm.db.dirs is not configured. We recommend adding this setting. Falling back to ozone.metadata.dirs instead.
2023-09-08 11:18:00,728 [main] INFO  net.NodeSchemaLoader (NodeSchemaLoader.java:loadSchemaFromFile(129)) - Loading schema from [jar:file:/home/runner/.m2/repository/org/apache/ozone/hdds-common/1.4.0-SNAPSHOT/hdds-common-1.4.0-SNAPSHOT.jar!/network-topology-default.xml]
2023-09-08 11:18:00,728 [main] INFO  net.NodeSchemaLoader (NodeSchemaLoader.java:loadSchema(176)) - Loading network topology layer schema file
2023-09-08 11:18:00,731 [main] INFO  upgrade.AbstractLayoutVersionManager (AbstractLayoutVersionManager.java:init(83)) - Initializing Layout version manager with metadata layout = HADOOP_PRC_PORTS_IN_DATANODEDETAILS (version = 7), software layout = HADOOP_PRC_PORTS_IN_DATANODEDETAILS (version = 7)
2023-09-08 11:18:00,733 [main] INFO  ha.SequenceIdGenerator (SequenceIdGenerator.java:upgradeToSequenceId(365)) - upgrade localId to 111677748019200000
2023-09-08 11:18:00,734 [main] INFO  ha.SequenceIdGenerator (SequenceIdGenerator.java:upgradeToSequenceId(375)) - upgrade delTxnId to 0
2023-09-08 11:18:00,735 [main] INFO  ha.SequenceIdGenerator (SequenceIdGenerator.java:upgradeToSequenceId(392)) - upgrade containerId to 0
2023-09-08 11:18:00,736 [main] INFO  ha.SequenceIdGenerator (SequenceIdGenerator.java:upgradeToSequenceId(428)) - upgrade rootCertificateId to 1
2023-09-08 11:18:00,736 [main] INFO  ha.SequenceIdGenerator (SequenceIdGenerator.java:<init>(236)) - Init the HA SequenceIdGenerator.
2023-09-08 11:18:00,736 [main] WARN  server.ServerUtils (ServerUtils.java:sanitizeUserArgs(80)) - ozone.scm.stale.node.interval value = 300000 is larger than max = 100000 based on the key value of ozone.scm.heartbeat.thread.interval, reset to the max value 100000.
2023-09-08 11:18:00,737 [main] WARN  server.ServerUtils (ServerUtils.java:sanitizeUserArgs(80)) - ozone.scm.stale.node.interval value = 300000 is larger than max = 100000 based on the key value of ozone.scm.heartbeat.thread.interval, reset to the max value 100000.
2023-09-08 11:18:00,737 [main] INFO  node.SCMNodeManager (SCMNodeManager.java:<init>(157)) - Entering startup safe mode.
2023-09-08 11:18:00,737 [main] INFO  algorithms.ContainerPlacementPolicyFactory (ContainerPlacementPolicyFactory.java:getPolicyInternal(86)) - Create container placement policy of type org.apache.hadoop.hdds.scm.container.placement.algorithms.SCMContainerPlacementRackAware
2023-09-08 11:18:00,738 [main] INFO  algorithms.ContainerPlacementPolicyFactory (ContainerPlacementPolicyFactory.java:getPolicyInternal(86)) - Create container placement policy of type org.apache.hadoop.hdds.scm.container.placement.algorithms.SCMContainerPlacementRackScatter
2023-09-08 11:18:00,738 [main] INFO  pipeline.PipelineStateManagerImpl (PipelineStateManagerImpl.java:initialize(78)) - No pipeline exists in current db
2023-09-08 11:18:00,738 [main] INFO  algorithms.LeaderChoosePolicyFactory (LeaderChoosePolicyFactory.java:getPolicy(57)) - Create leader choose policy of type org.apache.hadoop.hdds.scm.pipeline.leader.choose.algorithms.MinLeaderCountChoosePolicy
2023-09-08 11:18:00,738 [main] INFO  algorithms.ContainerPlacementPolicyFactory (ContainerPlacementPolicyFactory.java:getPolicyInternal(86)) - Create container placement policy of type org.apache.hadoop.hdds.scm.container.placement.algorithms.SCMContainerPlacementRackScatter
2023-09-08 11:18:00,739 [main] INFO  ha.SCMServiceManager (SCMServiceManager.java:register(42)) - Registering service BackgroundPipelineCreator.
2023-09-08 11:18:00,739 [main] INFO  pipeline.BackgroundPipelineCreator (BackgroundPipelineCreator.java:start(124)) - Starting RatisPipelineUtilsThread.
2023-09-08 11:18:00,739 [main] INFO  BackgroundPipelineScrubber (BackgroundSCMService.java:start(68)) - Starting BackgroundPipelineScrubber Service.
2023-09-08 11:18:00,739 [main] INFO  ha.SCMServiceManager (SCMServiceManager.java:register(42)) - Registering service BackgroundPipelineScrubber.
2023-09-08 11:18:00,740 [main] INFO  ExpiredContainerReplicaOpScrubber (BackgroundSCMService.java:start(68)) - Starting ExpiredContainerReplicaOpScrubber Service.
2023-09-08 11:18:00,740 [main] INFO  ha.SCMServiceManager (SCMServiceManager.java:register(42)) - Registering service ExpiredContainerReplicaOpScrubber.
2023-09-08 11:18:00,741 [main] INFO  algorithms.PipelineChoosePolicyFactory (PipelineChoosePolicyFactory.java:createPipelineChoosePolicyFromClass(78)) - Create pipeline choose policy of type org.apache.hadoop.hdds.scm.pipeline.choose.algorithms.RandomPipelineChoosePolicy
2023-09-08 11:18:00,741 [main] INFO  algorithms.PipelineChoosePolicyFactory (PipelineChoosePolicyFactory.java:createPipelineChoosePolicyFromClass(78)) - Create pipeline choose policy of type org.apache.hadoop.hdds.scm.pipeline.choose.algorithms.RandomPipelineChoosePolicy
2023-09-08 11:18:00,741 [main] INFO  ha.SCMServiceManager (SCMServiceManager.java:register(42)) - Registering service SCMBlockDeletingService.
2023-09-08 11:18:00,742 [main] INFO  replication.ReplicationManager (ReplicationManager.java:start(291)) - Starting Replication Monitor Thread.
2023-09-08 11:18:00,743 [main] INFO  ha.SCMServiceManager (SCMServiceManager.java:register(42)) - Registering service ReplicationManager.
2023-09-08 11:18:00,744 [main] INFO  safemode.ContainerSafeModeRule (ContainerSafeModeRule.java:<init>(90)) - containers with one replica threshold count 0
2023-09-08 11:18:00,744 [main] INFO  safemode.HealthyPipelineSafeModeRule (HealthyPipelineSafeModeRule.java:initializeRule(169)) - Total pipeline count is 0, healthy pipeline threshold count is 1
2023-09-08 11:18:00,744 [main] INFO  safemode.OneReplicaPipelineSafeModeRule (OneReplicaPipelineSafeModeRule.java:initializeRule(180)) - Total pipeline count is 0, pipeline's with at least one datanode reported threshold count is 0
2023-09-08 11:18:00,745 [main] INFO  server.StorageContainerManager (StorageContainerManager.java:<init>(425)) - SCM start with adminUsers: [runner]
2023-09-08 11:18:00,745 [main] INFO  ipc.CallQueueManager (CallQueueManager.java:<init>(90)) - Using callQueue: class java.util.concurrent.LinkedBlockingQueue, queueCapacity: 2000, scheduler: class org.apache.hadoop.ipc.DefaultRpcScheduler, ipcBackoff: false.
2023-09-08 11:18:00,746 [main] INFO  ipc.Server (Server.java:<init>(1287)) - Listener at 0.0.0.0:15055
2023-09-08 11:18:00,746 [Socket Reader #1 for port 15055] INFO  ipc.Server (Server.java:run(1323)) - Starting Socket Reader #1 for port 15055
2023-09-08 11:18:00,747 [main] INFO  ipc.CallQueueManager (CallQueueManager.java:<init>(90)) - Using callQueue: class java.util.concurrent.LinkedBlockingQueue, queueCapacity: 2000, scheduler: class org.apache.hadoop.ipc.DefaultRpcScheduler, ipcBackoff: false.
2023-09-08 11:18:00,748 [main] INFO  ipc.Server (Server.java:<init>(1287)) - Listener at 0.0.0.0:15054
2023-09-08 11:18:00,748 [Socket Reader #1 for port 15054] INFO  ipc.Server (Server.java:run(1323)) - Starting Socket Reader #1 for port 15054
2023-09-08 11:18:00,751 [ReplicationMonitor] INFO  replication.ReplicationManager (ReplicationManager.java:processAll(365)) - Replication Manager is not ready to run until 3000ms after safemode exit
2023-09-08 11:18:00,751 [main] INFO  ipc.CallQueueManager (CallQueueManager.java:<init>(90)) - Using callQueue: class java.util.concurrent.LinkedBlockingQueue, queueCapacity: 2000, scheduler: class org.apache.hadoop.ipc.DefaultRpcScheduler, ipcBackoff: false.
2023-09-08 11:18:00,751 [main] INFO  ipc.Server (Server.java:<init>(1287)) - Listener at 0.0.0.0:15053
2023-09-08 11:18:00,752 [Socket Reader #1 for port 15053] INFO  ipc.Server (Server.java:run(1323)) - Starting Socket Reader #1 for port 15053
2023-09-08 11:18:00,760 [main] INFO  ha.SCMServiceManager (SCMServiceManager.java:register(42)) - Registering service ContainerBalancer.
2023-09-08 11:18:00,760 [main] INFO  server.StorageContainerManager (StorageContainerManager.java:<init>(438)) - 
Container Balancer status:
Key                            Value
Running                        false
Container Balancer Configuration values:
Key                                                Value
Threshold                                          10
Max Datanodes to Involve per Iteration(percent)    20
Max Size to Move per Iteration                     500GB
Max Size Entering Target per Iteration             26GB
Max Size Leaving Source per Iteration              26GB

2023-09-08 11:18:00,760 [main] INFO  ha.SCMContext (SCMContext.java:updateSafeModeStatus(228)) - Update SafeModeStatus from SafeModeStatus{safeModeStatus=true, preCheckPassed=false} to SafeModeStatus{safeModeStatus=true, preCheckPassed=false}.
2023-09-08 11:18:00,760 [main] INFO  server.StorageContainerManager (StorageContainerManager.java:start(1483)) - StorageContainerLocationProtocol RPC server is listening at /0.0.0.0:15053
2023-09-08 11:18:00,763 [main] WARN  impl.MetricsConfig (MetricsConfig.java:loadFirst(136)) - Cannot locate configuration: tried hadoop-metrics2-storagecontainermanager.properties,hadoop-metrics2.properties
2023-09-08 11:18:00,769 [main] INFO  impl.MetricsSystemImpl (MetricsSystemImpl.java:startTimer(378)) - Scheduled Metric snapshot period at 10 second(s).
2023-09-08 11:18:00,769 [main] INFO  impl.MetricsSystemImpl (MetricsSystemImpl.java:start(191)) - StorageContainerManager metrics system started
2023-09-08 11:18:00,798 [main] INFO  impl.MetricsSinkAdapter (MetricsSinkAdapter.java:start(204)) - Sink prometheus started
2023-09-08 11:18:00,803 [main] INFO  impl.MetricsSystemImpl (MetricsSystemImpl.java:registerSink(305)) - Registered sink prometheus
2023-09-08 11:18:00,821 [main] INFO  server.SCMClientProtocolServer (SCMClientProtocolServer.java:start(201)) - RPC server for Client  is listening at /0.0.0.0:15053
2023-09-08 11:18:00,822 [IPC Server Responder] INFO  ipc.Server (Server.java:run(1562)) - IPC Server Responder: starting
2023-09-08 11:18:00,823 [IPC Server listener on 15053] INFO  ipc.Server (Server.java:run(1402)) - IPC Server listener on 15053: starting
2023-09-08 11:18:00,832 [main] INFO  server.StorageContainerManager (StorageContainerManager.java:start(1496)) - ScmBlockLocationProtocol RPC server is listening at /0.0.0.0:15054
2023-09-08 11:18:00,833 [main] INFO  server.SCMBlockProtocolServer (SCMBlockProtocolServer.java:start(154)) - RPC server for Block Protocol is listening at /0.0.0.0:15054
2023-09-08 11:18:00,833 [IPC Server Responder] INFO  ipc.Server (Server.java:run(1562)) - IPC Server Responder: starting
2023-09-08 11:18:00,834 [IPC Server listener on 15054] INFO  ipc.Server (Server.java:run(1402)) - IPC Server listener on 15054: starting
2023-09-08 11:18:00,836 [main] INFO  server.SCMDatanodeProtocolServer (SCMDatanodeProtocolServer.java:start(193)) - ScmDatanodeProtocol RPC server for DataNodes is listening at /0.0.0.0:15055
2023-09-08 11:18:00,837 [IPC Server Responder] INFO  ipc.Server (Server.java:run(1562)) - IPC Server Responder: starting
2023-09-08 11:18:00,837 [IPC Server listener on 15055] INFO  ipc.Server (Server.java:run(1402)) - IPC Server listener on 15055: starting
2023-09-08 11:18:00,849 [main] INFO  http.BaseHttpServer (BaseHttpServer.java:newHttpServer2BuilderForOzone(223)) - Starting Web-server for scm at: http://0.0.0.0:15056
2023-09-08 11:18:00,849 [main] INFO  http.BaseHttpServer (BaseHttpServer.java:<init>(110)) - Hadoop Security Enabled: false Ozone Security Enabled: false Ozone HTTP Security Enabled: false 
2023-09-08 11:18:00,851 [main] WARN  server.AuthenticationFilter (AuthenticationFilter.java:constructSecretProvider(240)) - Unable to initialize FileSignerSecretProvider, falling back to use random secrets. Reason: Could not read signature secret file: /home/runner/hadoop-http-auth-signature-secret
2023-09-08 11:18:00,852 [JvmPauseMonitor7] INFO  util.JvmPauseMonitor (JvmPauseMonitor.java:run(103)) - JvmPauseMonitor-620db5d8-8243-4086-8fee-01e118d61b2e: Started
2023-09-08 11:18:00,853 [main] INFO  http.HttpRequestLog (HttpRequestLog.java:getRequestLog(86)) - Http request log for http.requests.scm is not defined
2023-09-08 11:18:00,855 [main] INFO  http.HttpServer2 (HttpServer2.java:addGlobalFilter(1031)) - Added global filter 'safety' (class=org.apache.hadoop.hdds.server.http.HttpServer2$QuotingInputFilter)
2023-09-08 11:18:00,856 [main] INFO  http.HttpServer2 (HttpServer2.java:addFilter(1007)) - Added filter static_user_filter (class=org.apache.hadoop.http.lib.StaticUserWebFilter$StaticUserFilter) to context scm
2023-09-08 11:18:00,856 [main] INFO  http.HttpServer2 (HttpServer2.java:addFilter(1015)) - Added filter static_user_filter (class=org.apache.hadoop.http.lib.StaticUserWebFilter$StaticUserFilter) to context logs
2023-09-08 11:18:00,856 [main] INFO  http.HttpServer2 (HttpServer2.java:addFilter(1015)) - Added filter static_user_filter (class=org.apache.hadoop.http.lib.StaticUserWebFilter$StaticUserFilter) to context static
2023-09-08 11:18:00,857 [main] INFO  http.BaseHttpServer (BaseHttpServer.java:<init>(189)) - HTTP server of scm uses base directory /home/runner/work/ozone/ozone/hadoop-ozone/integration-test/target/test-dir/MiniOzoneClusterImpl-fc42fee5-8bb2-43c7-8c2a-cc72dd658d38/ozone-meta/webserver
2023-09-08 11:18:00,860 [main] INFO  http.HttpServer2 (HttpServer2.java:bindListener(1231)) - Jetty bound to port 15056
2023-09-08 11:18:00,860 [main] INFO  server.Server (Server.java:doStart(375)) - jetty-9.4.51.v20230217; built: 2023-02-17T08:19:37.309Z; git: b45c405e4544384de066f814ed42ae3dceacdd49; jvm 1.8.0_382-b05
2023-09-08 11:18:00,865 [main] INFO  server.session (DefaultSessionIdManager.java:doStart(334)) - DefaultSessionIdManager workerName=node0
2023-09-08 11:18:00,865 [main] INFO  server.session (DefaultSessionIdManager.java:doStart(339)) - No SessionScavenger set, using defaults
2023-09-08 11:18:00,869 [main] INFO  server.session (HouseKeeper.java:startScavenging(132)) - node0 Scavenging every 600000ms
2023-09-08 11:18:00,871 [main] INFO  handler.ContextHandler (ContextHandler.java:doStart(921)) - Started o.e.j.s.ServletContextHandler@ccbf3f{logs,/logs,file:///home/runner/work/ozone/ozone/hadoop-ozone/integration-test/target/log,AVAILABLE}
2023-09-08 11:18:00,871 [main] INFO  handler.ContextHandler (ContextHandler.java:doStart(921)) - Started o.e.j.s.ServletContextHandler@10673631{static,/static,file:///home/runner/work/ozone/ozone/hadoop-ozone/integration-test/target/test-classes/webapps/static,AVAILABLE}
2023-09-08 11:18:00,877 [main] INFO  handler.ContextHandler (ContextHandler.java:doStart(921)) - Started o.e.j.w.WebAppContext@318356b2{scm,/,file:///home/runner/work/ozone/ozone/hadoop-ozone/integration-test/target/test-classes/webapps/scm/,AVAILABLE}{file:/home/runner/work/ozone/ozone/hadoop-ozone/integration-test/target/test-classes/webapps/scm}
2023-09-08 11:18:00,879 [main] INFO  server.AbstractConnector (AbstractConnector.java:doStart(333)) - Started ServerConnector@424ca071{HTTP/1.1, (http/1.1)}{0.0.0.0:15056}
2023-09-08 11:18:00,879 [main] INFO  server.Server (Server.java:doStart(415)) - Started @111662ms
2023-09-08 11:18:00,879 [main] WARN  impl.MetricsSystemImpl (MetricsSystemImpl.java:register(279)) - Sink prometheus already exists!
2023-09-08 11:18:00,880 [main] INFO  http.BaseHttpServer (BaseHttpServer.java:updateConnectorAddress(354)) - HTTP server of scm listening at http://0.0.0.0:15056
2023-09-08 11:18:00,880 [main] WARN  server.ServerUtils (ServerUtils.java:getDBPath(311)) - ozone.om.db.dirs is not configured. We recommend adding this setting. Falling back to ozone.metadata.dirs instead.
2023-09-08 11:18:00,882 [main] INFO  ha.OMHANodeDetails (OMHANodeDetails.java:loadOMHAConfig(115)) - ozone.om.internal.service.id is not defined, falling back to ozone.om.service.ids to find serviceID for OzoneManager if it is HA enabled cluster
2023-09-08 11:18:00,883 [main] INFO  ha.OMHANodeDetails (OMHANodeDetails.java:loadOMHAConfig(226)) - Configuration does not have ozone.om.address set. Falling back to the default OM address /127.0.0.1:15057
2023-09-08 11:18:00,883 [main] INFO  ha.OMHANodeDetails (OMHANodeDetails.java:getOMNodeDetailsForNonHA(254)) - OM Service ID is not set. Setting it to the default ID: omServiceIdDefault
2023-09-08 11:18:00,883 [main] INFO  ha.OMHANodeDetails (OMHANodeDetails.java:getOMNodeDetailsForNonHA(261)) - OM Node ID is not set. Setting it to the default ID: om1
2023-09-08 11:18:00,883 [main] WARN  server.ServerUtils (ServerUtils.java:getDBPath(311)) - ozone.om.db.dirs is not configured. We recommend adding this setting. Falling back to ozone.metadata.dirs instead.
2023-09-08 11:18:00,885 [main] INFO  upgrade.AbstractLayoutVersionManager (AbstractLayoutVersionManager.java:init(83)) - Initializing Layout version manager with metadata layout = QUOTA (version = 6), software layout = QUOTA (version = 6)
2023-09-08 11:18:00,979 [main] INFO  reflections.Reflections (Reflections.java:scan(232)) - Reflections took 92 ms to scan 2 urls, producing 186 keys and 513 values [using 2 cores]
2023-09-08 11:18:00,979 [main] INFO  upgrade.OMLayoutVersionManager (OMLayoutVersionManager.java:lambda$0(115)) - Skipping Upgrade Action MockOmUpgradeAction since it has been finalized.
2023-09-08 11:18:00,979 [main] INFO  upgrade.OMLayoutVersionManager (OMLayoutVersionManager.java:lambda$0(115)) - Skipping Upgrade Action QuotaRepairUpgradeAction since it has been finalized.
2023-09-08 11:18:00,980 [main] WARN  server.ServerUtils (ServerUtils.java:getDBPath(311)) - ozone.om.db.dirs is not configured. We recommend adding this setting. Falling back to ozone.metadata.dirs instead.
2023-09-08 11:18:00,981 [main] INFO  proxy.SCMBlockLocationFailoverProxyProvider (SCMBlockLocationFailoverProxyProvider.java:<init>(114)) - Created block location fail-over proxy with 1 nodes: [nodeId=scmNodeId,nodeAddress=/0.0.0.0:15054]
2023-09-08 11:18:00,982 [main] INFO  proxy.SCMBlockLocationFailoverProxyProvider (SCMBlockLocationFailoverProxyProvider.java:<init>(114)) - Created block location fail-over proxy with 1 nodes: [nodeId=scmNodeId,nodeAddress=/0.0.0.0:15054]
2023-09-08 11:18:01,001 [main] INFO  om.OzoneManager (OzoneManager.java:<init>(665)) - OM start with adminUsers: [runner]
2023-09-08 11:18:01,003 [main] WARN  server.ServerUtils (ServerUtils.java:getDBPath(311)) - ozone.om.db.dirs is not configured. We recommend adding this setting. Falling back to ozone.metadata.dirs instead.
2023-09-08 11:18:01,004 [main] INFO  helpers.OmKeyInfo (OmKeyInfo.java:getCodec(71)) - OmKeyInfo.getCodec ignorePipeline = true
2023-09-08 11:18:01,265 [main] INFO  om.OzoneManager (OzoneManager.java:instantiateServices(794)) - S3 Multi-Tenancy is disabled
2023-09-08 11:18:01,265 [main] INFO  om.OmSnapshotManager (OmSnapshotManager.java:<init>(174)) - Ozone filesystem snapshot feature is enabled.
2023-09-08 11:18:01,266 [main] WARN  server.ServerUtils (ServerUtils.java:getDBPath(311)) - ozone.om.snapshot.diff.db.dir is not configured. We recommend adding this setting. Falling back to ozone.metadata.dirs instead.
2023-09-08 11:18:01,298 [main] INFO  snapshot.SnapshotDiffManager (SnapshotDiffManager.java:closeExecutorService(1706)) - Shutting down executorService: 'SstDumpToolExecutor'
2023-09-08 11:18:01,300 [main] INFO  om.OzoneManager (OzoneManager.java:addS3GVolumeToDB(4301)) - Created Volume s3v With Owner runner required for S3Gateway operations.
2023-09-08 11:18:01,300 [main] INFO  om.OzoneManager (OzoneManager.java:getRpcServer(1196)) - Creating RPC Server
2023-09-08 11:18:01,963 [JvmPauseMonitor7] WARN  util.JvmPauseMonitor (JvmPauseMonitor.java:detectPause(124)) - JvmPauseMonitor-620db5d8-8243-4086-8fee-01e118d61b2e: Detected pause in JVM or host machine approximately 0.110s with 0.148s GC time.
GC pool 'PS Scavenge' had collection(s): count=1 time=148ms
2023-09-08 11:18:02,031 [main] INFO  reflections.Reflections (Reflections.java:scan(232)) - Reflections took 729 ms to scan 19 urls, producing 70 keys and 5670 values [using 2 cores]
2023-09-08 11:18:02,033 [main] INFO  ipc.CallQueueManager (CallQueueManager.java:<init>(90)) - Using callQueue: class java.util.concurrent.LinkedBlockingQueue, queueCapacity: 2000, scheduler: class org.apache.hadoop.ipc.DefaultRpcScheduler, ipcBackoff: false.
2023-09-08 11:18:02,033 [main] INFO  ipc.Server (Server.java:<init>(1287)) - Listener at 127.0.0.1:15057
2023-09-08 11:18:02,036 [Socket Reader #1 for port 15057] INFO  ipc.Server (Server.java:run(1323)) - Starting Socket Reader #1 for port 15057
2023-09-08 11:18:02,074 [main] INFO  impl.MetricsSystemImpl (MetricsSystemImpl.java:init(158)) - OzoneManager metrics system started (again)
2023-09-08 11:18:02,088 [main] INFO  om.OzoneManager (OzoneManager.java:start(1630)) - OzoneManager RPC server is listening at localhost/127.0.0.1:15057
2023-09-08 11:18:02,089 [main] INFO  om.OzoneManager (OzoneManager.java:start(1646)) - Version File has different layout version (6) than OM DB (null). That is expected if this OM has never been finalized to a newer layout version.
2023-09-08 11:18:02,092 [main] INFO  http.BaseHttpServer (BaseHttpServer.java:newHttpServer2BuilderForOzone(223)) - Starting Web-server for ozoneManager at: http://0.0.0.0:15058
2023-09-08 11:18:02,092 [main] INFO  http.BaseHttpServer (BaseHttpServer.java:<init>(110)) - Hadoop Security Enabled: false Ozone Security Enabled: false Ozone HTTP Security Enabled: false 
2023-09-08 11:18:02,094 [main] WARN  server.AuthenticationFilter (AuthenticationFilter.java:constructSecretProvider(240)) - Unable to initialize FileSignerSecretProvider, falling back to use random secrets. Reason: Could not read signature secret file: /home/runner/hadoop-http-auth-signature-secret
2023-09-08 11:18:02,107 [main] INFO  http.HttpRequestLog (HttpRequestLog.java:getRequestLog(86)) - Http request log for http.requests.ozoneManager is not defined
2023-09-08 11:18:02,109 [main] INFO  http.HttpServer2 (HttpServer2.java:addGlobalFilter(1031)) - Added global filter 'safety' (class=org.apache.hadoop.hdds.server.http.HttpServer2$QuotingInputFilter)
2023-09-08 11:18:02,110 [main] INFO  http.HttpServer2 (HttpServer2.java:addFilter(1007)) - Added filter static_user_filter (class=org.apache.hadoop.http.lib.StaticUserWebFilter$StaticUserFilter) to context ozoneManager
2023-09-08 11:18:02,110 [main] INFO  http.HttpServer2 (HttpServer2.java:addFilter(1015)) - Added filter static_user_filter (class=org.apache.hadoop.http.lib.StaticUserWebFilter$StaticUserFilter) to context static
2023-09-08 11:18:02,110 [main] INFO  http.HttpServer2 (HttpServer2.java:addFilter(1015)) - Added filter static_user_filter (class=org.apache.hadoop.http.lib.StaticUserWebFilter$StaticUserFilter) to context logs
2023-09-08 11:18:02,111 [main] INFO  http.BaseHttpServer (BaseHttpServer.java:<init>(189)) - HTTP server of ozoneManager uses base directory /home/runner/work/ozone/ozone/hadoop-ozone/integration-test/target/test-dir/MiniOzoneClusterImpl-fc42fee5-8bb2-43c7-8c2a-cc72dd658d38/ozone-meta/webserver
2023-09-08 11:18:02,111 [main] INFO  http.HttpServer2 (HttpServer2.java:bindListener(1231)) - Jetty bound to port 15058
2023-09-08 11:18:02,111 [main] INFO  server.Server (Server.java:doStart(375)) - jetty-9.4.51.v20230217; built: 2023-02-17T08:19:37.309Z; git: b45c405e4544384de066f814ed42ae3dceacdd49; jvm 1.8.0_382-b05
2023-09-08 11:18:02,116 [main] INFO  server.session (DefaultSessionIdManager.java:doStart(334)) - DefaultSessionIdManager workerName=node0
2023-09-08 11:18:02,116 [main] INFO  server.session (DefaultSessionIdManager.java:doStart(339)) - No SessionScavenger set, using defaults
2023-09-08 11:18:02,117 [main] INFO  server.session (HouseKeeper.java:startScavenging(132)) - node0 Scavenging every 660000ms
2023-09-08 11:18:02,118 [main] INFO  handler.ContextHandler (ContextHandler.java:doStart(921)) - Started o.e.j.s.ServletContextHandler@428156ae{logs,/logs,file:///home/runner/work/ozone/ozone/hadoop-ozone/integration-test/target/log,AVAILABLE}
2023-09-08 11:18:02,119 [main] INFO  handler.ContextHandler (ContextHandler.java:doStart(921)) - Started o.e.j.s.ServletContextHandler@679bc4ea{static,/static,file:///home/runner/work/ozone/ozone/hadoop-ozone/integration-test/target/test-classes/webapps/static,AVAILABLE}
2023-09-08 11:18:02,124 [main] INFO  handler.ContextHandler (ContextHandler.java:doStart(921)) - Started o.e.j.w.WebAppContext@5d1ad273{ozoneManager,/,file:///home/runner/work/ozone/ozone/hadoop-ozone/integration-test/target/test-classes/webapps/ozoneManager/,AVAILABLE}{file:/home/runner/work/ozone/ozone/hadoop-ozone/integration-test/target/test-classes/webapps/ozoneManager}
2023-09-08 11:18:02,131 [main] INFO  server.AbstractConnector (AbstractConnector.java:doStart(333)) - Started ServerConnector@64a23d65{HTTP/1.1, (http/1.1)}{0.0.0.0:15058}
2023-09-08 11:18:02,134 [main] INFO  server.Server (Server.java:doStart(415)) - Started @112913ms
2023-09-08 11:18:02,134 [main] WARN  impl.MetricsSystemImpl (MetricsSystemImpl.java:register(279)) - Sink prometheus already exists!
2023-09-08 11:18:02,135 [main] INFO  http.BaseHttpServer (BaseHttpServer.java:updateConnectorAddress(354)) - HTTP server of ozoneManager listening at http://0.0.0.0:15058
2023-09-08 11:18:02,135 [IPC Server Responder] INFO  ipc.Server (Server.java:run(1562)) - IPC Server Responder: starting
2023-09-08 11:18:02,135 [IPC Server listener on 15057] INFO  ipc.Server (Server.java:run(1402)) - IPC Server listener on 15057: starting
2023-09-08 11:18:02,139 [main] INFO  om.TrashPolicyOzone (TrashPolicyOzone.java:<init>(277)) - Ozone Manager trash configuration: Deletion interval = 0 minutes, Emptier interval = 0 minutes.
2023-09-08 11:18:02,166 [JvmPauseMonitor8] INFO  util.JvmPauseMonitor (JvmPauseMonitor.java:run(103)) - JvmPauseMonitor-21b00820-aacc-4f21-bc29-897c751438ee: Started
2023-09-08 11:18:02,168 [main] INFO  impl.MetricsSystemImpl (MetricsSystemImpl.java:init(158)) - HddsDatanode metrics system started (again)
2023-09-08 11:18:02,190 [main] INFO  ozone.HddsDatanodeService (HddsDatanodeService.java:start(237)) - HddsDatanodeService host:fv-az203-160.hq41me5fykbulac445kfrvsskg.dx.internal.cloudapp.net ip:10.1.0.72
2023-09-08 11:18:02,228 [main] INFO  upgrade.AbstractLayoutVersionManager (AbstractLayoutVersionManager.java:init(83)) - Initializing Layout version manager with metadata layout = HADOOP_PRC_PORTS_IN_DATANODEDETAILS (version = 7), software layout = HADOOP_PRC_PORTS_IN_DATANODEDETAILS (version = 7)
2023-09-08 11:18:02,232 [main] INFO  statemachine.DatanodeStateMachine (DatanodeStateMachine.java:getEndPointTaskThreadPoolSize(282)) - Datanode State Machine Task Thread Pool size 2
2023-09-08 11:18:02,235 [main] INFO  volume.HddsVolume (HddsVolume.java:<init>(126)) - Creating HddsVolume: /home/runner/work/ozone/ozone/hadoop-ozone/integration-test/target/test-dir/MiniOzoneClusterImpl-fc42fee5-8bb2-43c7-8c2a-cc72dd658d38/datanode-0/data-0/containers/hdds of storage type : DISK capacity : 9223372036854775807
2023-09-08 11:18:02,235 [main] INFO  volume.MutableVolumeSet (MutableVolumeSet.java:initializeVolumeSet(173)) - Added Volume : /home/runner/work/ozone/ozone/hadoop-ozone/integration-test/target/test-dir/MiniOzoneClusterImpl-fc42fee5-8bb2-43c7-8c2a-cc72dd658d38/datanode-0/data-0/containers/hdds to VolumeSet
2023-09-08 11:18:02,236 [main] INFO  volume.MutableVolumeSet (MutableVolumeSet.java:initializeVolumeSet(173)) - Added Volume : /home/runner/work/ozone/ozone/hadoop-ozone/integration-test/target/test-dir/MiniOzoneClusterImpl-fc42fee5-8bb2-43c7-8c2a-cc72dd658d38/datanode-0/data/ratis to VolumeSet
2023-09-08 11:18:02,237 [Thread-803] INFO  ozoneimpl.ContainerReader (ContainerReader.java:readVolume(177)) - Finish verifying containers on volume /home/runner/work/ozone/ozone/hadoop-ozone/integration-test/target/test-dir/MiniOzoneClusterImpl-fc42fee5-8bb2-43c7-8c2a-cc72dd658d38/datanode-0/data-0/containers/hdds
2023-09-08 11:18:02,237 [main] INFO  ozoneimpl.OzoneContainer (OzoneContainer.java:buildContainerSet(314)) - Build ContainerSet costs 0s
2023-09-08 11:18:02,240 [main] INFO  server.RaftServer (ConfUtils.java:logGet(46)) - raft.rpc.type = GRPC (default)
2023-09-08 11:18:02,241 [main] INFO  grpc.GrpcConfigKeys (ConfUtils.java:logFallback(53)) - raft.grpc.admin.host = null (fallback to raft.grpc.server.host)
2023-09-08 11:18:02,241 [main] INFO  grpc.GrpcConfigKeys (ConfUtils.java:logGet(46)) - raft.grpc.admin.port = 15066 (custom)
2023-09-08 11:18:02,241 [main] INFO  grpc.GrpcConfigKeys (ConfUtils.java:logFallback(53)) - raft.grpc.client.host = null (fallback to raft.grpc.server.host)
2023-09-08 11:18:02,241 [main] INFO  grpc.GrpcConfigKeys (ConfUtils.java:logGet(46)) - raft.grpc.client.port = 15065 (custom)
2023-09-08 11:18:02,241 [main] INFO  grpc.GrpcConfigKeys (ConfUtils.java:logGet(46)) - raft.grpc.server.host = null (default)
2023-09-08 11:18:02,241 [main] INFO  grpc.GrpcConfigKeys (ConfUtils.java:logGet(46)) - raft.grpc.server.port = 15067 (custom)
2023-09-08 11:18:02,241 [main] INFO  server.GrpcService (ConfUtils.java:logGet(46)) - raft.grpc.message.size.max = 32MB (=33554432) (custom)
2023-09-08 11:18:02,241 [main] INFO  server.RaftServerConfigKeys (ConfUtils.java:logGet(46)) - raft.server.log.appender.buffer.byte-limit = 33554432 (custom)
2023-09-08 11:18:02,242 [main] INFO  server.GrpcService (ConfUtils.java:logGet(46)) - raft.grpc.flow.control.window = 5MB (=5242880) (custom)
2023-09-08 11:18:02,242 [main] INFO  server.RaftServerConfigKeys (ConfUtils.java:logGet(46)) - raft.server.rpc.request.timeout = 60s (custom)
2023-09-08 11:18:02,242 [main] INFO  grpc.GrpcConfigKeys (ConfUtils.java:logGet(46)) - raft.grpc.server.heartbeat.channel = true (default)
2023-09-08 11:18:02,242 [main] INFO  grpc.GrpcConfigKeys (ConfUtils.java:logGet(46)) - raft.grpc.server.async.request.thread.pool.cached = true (default)
2023-09-08 11:18:02,242 [main] INFO  grpc.GrpcConfigKeys (ConfUtils.java:logGet(46)) - raft.grpc.server.async.request.thread.pool.size = 32 (default)
2023-09-08 11:18:02,248 [main] INFO  impl.DataStreamServerImpl (ConfUtils.java:logGet(46)) - raft.datastream.type = NETTY (custom)
2023-09-08 11:18:02,251 [main] INFO  server.RaftServerConfigKeys (ConfUtils.java:logGet(46)) - raft.server.data-stream.async.request.thread.pool.cached = false (default)
2023-09-08 11:18:02,251 [main] INFO  server.RaftServerConfigKeys (ConfUtils.java:logGet(46)) - raft.server.data-stream.async.request.thread.pool.size = 20 (custom)
2023-09-08 11:18:02,251 [main] INFO  server.RaftServerConfigKeys (ConfUtils.java:logGet(46)) - raft.server.data-stream.async.write.thread.pool.size = 16 (default)
2023-09-08 11:18:02,251 [main] INFO  server.RaftServerConfigKeys (ConfUtils.java:logGet(46)) - raft.server.data-stream.client.pool.size = 10 (default)
2023-09-08 11:18:02,251 [main] INFO  netty.NettyConfigKeys$DataStream (ConfUtils.java:logGet(46)) - raft.netty.dataStream.server.use-epoll = false (default)
2023-09-08 11:18:02,252 [main] INFO  netty.NettyConfigKeys$DataStream (ConfUtils.java:logGet(46)) - raft.netty.dataStream.server.boss-group.size = 0 (default)
2023-09-08 11:18:02,252 [main] INFO  netty.NettyConfigKeys$DataStream (ConfUtils.java:logGet(46)) - raft.netty.dataStream.server.worker-group.size = 0 (default)
2023-09-08 11:18:02,252 [main] INFO  netty.NettyConfigKeys$DataStream (ConfUtils.java:logGet(46)) - raft.netty.dataStream.server.tls.conf = null (default)
2023-09-08 11:18:02,252 [main] INFO  netty.NettyConfigKeys$DataStream (ConfUtils.java:logGet(46)) - raft.netty.dataStream.host = null (default)
2023-09-08 11:18:02,253 [main] INFO  netty.NettyConfigKeys$DataStream (ConfUtils.java:logGet(46)) - raft.netty.dataStream.port = 15068 (custom)
2023-09-08 11:18:02,253 [main] INFO  server.RaftServerConfigKeys (ConfUtils.java:logGet(46)) - raft.server.threadpool.proxy.cached = true (default)
2023-09-08 11:18:02,253 [main] INFO  server.RaftServerConfigKeys (ConfUtils.java:logGet(46)) - raft.server.threadpool.proxy.size = 0 (default)
2023-09-08 11:18:02,253 [main] INFO  server.RaftServerConfigKeys (ConfUtils.java:logGet(46)) - raft.server.rpc.slowness.timeout = 300s (custom)
2023-09-08 11:18:02,253 [main] INFO  server.RaftServerConfigKeys (ConfUtils.java:logGet(46)) - raft.server.leaderelection.leader.step-down.wait-time = 10s (default)
2023-09-08 11:18:02,254 [main] INFO  server.RaftServerConfigKeys (ConfUtils.java:logGet(46)) - raft.server.storage.dir = [/home/runner/work/ozone/ozone/hadoop-ozone/integration-test/target/test-dir/MiniOzoneClusterImpl-fc42fee5-8bb2-43c7-8c2a-cc72dd658d38/datanode-0/data/ratis] (custom)
2023-09-08 11:18:02,254 [250abfd1-bd23-40f0-a4b0-f7070b21e986-NettyServerStreamRpc-bossGroup--thread1] INFO  logging.LoggingHandler (AbstractInternalLogger.java:log(148)) - [id: 0x9c263042] REGISTERED
2023-09-08 11:18:02,254 [250abfd1-bd23-40f0-a4b0-f7070b21e986-NettyServerStreamRpc-bossGroup--thread1] INFO  logging.LoggingHandler (AbstractInternalLogger.java:log(148)) - [id: 0x9c263042] BIND: 0.0.0.0/0.0.0.0:15068
2023-09-08 11:18:02,255 [250abfd1-bd23-40f0-a4b0-f7070b21e986-NettyServerStreamRpc-bossGroup--thread1] INFO  logging.LoggingHandler (AbstractInternalLogger.java:log(148)) - [id: 0x9c263042, L:/0:0:0:0:0:0:0:0:15068] ACTIVE
2023-09-08 11:18:02,257 [250abfd1-bd23-40f0-a4b0-f7070b21e986-impl-thread1] INFO  server.RaftServer (RaftServerProxy.java:initGroupDir(258)) - 250abfd1-bd23-40f0-a4b0-f7070b21e986: found a subdirectory /home/runner/work/ozone/ozone/hadoop-ozone/integration-test/target/test-dir/MiniOzoneClusterImpl-fc42fee5-8bb2-43c7-8c2a-cc72dd658d38/datanode-0/data/ratis/tmp
2023-09-08 11:18:02,257 [250abfd1-bd23-40f0-a4b0-f7070b21e986-impl-thread1] INFO  server.RaftServer (RaftServerProxy.java:initGroupDir(263)) - 250abfd1-bd23-40f0-a4b0-f7070b21e986: The directory /home/runner/work/ozone/ozone/hadoop-ozone/integration-test/target/test-dir/MiniOzoneClusterImpl-fc42fee5-8bb2-43c7-8c2a-cc72dd658d38/datanode-0/data/ratis/tmp is not a group directory; ignoring it. 
2023-09-08 11:18:02,257 [main] INFO  replication.ReplicationServer (ReplicationServer.java:<init>(81)) - Initializing replication server with thread count = 10
2023-09-08 11:18:02,261 [main] INFO  server.XceiverServerGrpc (XceiverServerGrpc.java:<init>(132)) - GrpcServer channel type EpollServerSocketChannel
2023-09-08 11:18:02,266 [main] INFO  replication.ReplicationSupervisor (ReplicationSupervisor.java:build(155)) - Initializing replication supervisor with thread count = 10
2023-09-08 11:18:02,267 [main] INFO  replication.ReplicationSupervisor (ReplicationSupervisor.java:nodeStateUpdated(307)) - Node state updated to IN_SERVICE, scaling executor pool size to 10
2023-09-08 11:18:02,270 [main] INFO  http.BaseHttpServer (BaseHttpServer.java:newHttpServer2BuilderForOzone(223)) - Starting Web-server for hddsDatanode at: http://0.0.0.0:15062
2023-09-08 11:18:02,270 [main] INFO  http.BaseHttpServer (BaseHttpServer.java:<init>(110)) - Hadoop Security Enabled: false Ozone Security Enabled: false Ozone HTTP Security Enabled: false 
2023-09-08 11:18:02,272 [main] WARN  server.AuthenticationFilter (AuthenticationFilter.java:constructSecretProvider(240)) - Unable to initialize FileSignerSecretProvider, falling back to use random secrets. Reason: Could not read signature secret file: /home/runner/hadoop-http-auth-signature-secret
2023-09-08 11:18:02,275 [main] INFO  http.HttpRequestLog (HttpRequestLog.java:getRequestLog(86)) - Http request log for http.requests.hddsDatanode is not defined
2023-09-08 11:18:02,277 [main] INFO  http.HttpServer2 (HttpServer2.java:addGlobalFilter(1031)) - Added global filter 'safety' (class=org.apache.hadoop.hdds.server.http.HttpServer2$QuotingInputFilter)
2023-09-08 11:18:02,278 [main] INFO  http.HttpServer2 (HttpServer2.java:addFilter(1007)) - Added filter static_user_filter (class=org.apache.hadoop.http.lib.StaticUserWebFilter$StaticUserFilter) to context hddsDatanode
2023-09-08 11:18:02,278 [main] INFO  http.HttpServer2 (HttpServer2.java:addFilter(1015)) - Added filter static_user_filter (class=org.apache.hadoop.http.lib.StaticUserWebFilter$StaticUserFilter) to context static
2023-09-08 11:18:02,279 [main] INFO  http.HttpServer2 (HttpServer2.java:addFilter(1015)) - Added filter static_user_filter (class=org.apache.hadoop.http.lib.StaticUserWebFilter$StaticUserFilter) to context logs
2023-09-08 11:18:02,280 [main] INFO  http.BaseHttpServer (BaseHttpServer.java:<init>(189)) - HTTP server of hddsDatanode uses base directory /home/runner/work/ozone/ozone/hadoop-ozone/integration-test/target/test-dir/MiniOzoneClusterImpl-fc42fee5-8bb2-43c7-8c2a-cc72dd658d38/datanode-0/meta/webserver
2023-09-08 11:18:02,280 [main] INFO  http.HttpServer2 (HttpServer2.java:bindListener(1231)) - Jetty bound to port 15062
2023-09-08 11:18:02,280 [main] INFO  server.Server (Server.java:doStart(375)) - jetty-9.4.51.v20230217; built: 2023-02-17T08:19:37.309Z; git: b45c405e4544384de066f814ed42ae3dceacdd49; jvm 1.8.0_382-b05
2023-09-08 11:18:02,284 [main] INFO  server.session (DefaultSessionIdManager.java:doStart(334)) - DefaultSessionIdManager workerName=node0
2023-09-08 11:18:02,284 [main] INFO  server.session (DefaultSessionIdManager.java:doStart(339)) - No SessionScavenger set, using defaults
2023-09-08 11:18:02,285 [main] INFO  server.session (HouseKeeper.java:startScavenging(132)) - node0 Scavenging every 660000ms
2023-09-08 11:18:02,286 [main] INFO  handler.ContextHandler (ContextHandler.java:doStart(921)) - Started o.e.j.s.ServletContextHandler@21778922{logs,/logs,file:///home/runner/work/ozone/ozone/hadoop-ozone/integration-test/target/log,AVAILABLE}
2023-09-08 11:18:02,286 [main] INFO  handler.ContextHandler (ContextHandler.java:doStart(921)) - Started o.e.j.s.ServletContextHandler@1eb294c3{static,/static,jar:file:/home/runner/.m2/repository/org/apache/ozone/hdds-container-service/1.4.0-SNAPSHOT/hdds-container-service-1.4.0-SNAPSHOT.jar!/webapps/static,AVAILABLE}
2023-09-08 11:18:02,539 [main] INFO  handler.ContextHandler (ContextHandler.java:doStart(921)) - Started o.e.j.w.WebAppContext@3ad300bc{hddsDatanode,/,file:///home/runner/work/ozone/ozone/hadoop-ozone/integration-test/target/test-dir/MiniOzoneClusterImpl-fc42fee5-8bb2-43c7-8c2a-cc72dd658d38/datanode-0/meta/webserver/jetty-0_0_0_0-15062-hdds-container-service-1_4_0-SNAPSHOT_jar-_-any-6978390601088918874/webapp/,AVAILABLE}{jar:file:/home/runner/.m2/repository/org/apache/ozone/hdds-container-service/1.4.0-SNAPSHOT/hdds-container-service-1.4.0-SNAPSHOT.jar!/webapps/hddsDatanode}
2023-09-08 11:18:02,541 [main] INFO  server.AbstractConnector (AbstractConnector.java:doStart(333)) - Started ServerConnector@42854070{HTTP/1.1, (http/1.1)}{0.0.0.0:15062}
2023-09-08 11:18:02,541 [main] INFO  server.Server (Server.java:doStart(415)) - Started @113324ms
2023-09-08 11:18:02,541 [main] WARN  impl.MetricsSystemImpl (MetricsSystemImpl.java:register(279)) - Sink prometheus already exists!
2023-09-08 11:18:02,542 [main] INFO  http.BaseHttpServer (BaseHttpServer.java:updateConnectorAddress(354)) - HTTP server of hddsDatanode listening at http://0.0.0.0:15062
2023-09-08 11:18:02,543 [main] INFO  ipc.CallQueueManager (CallQueueManager.java:<init>(90)) - Using callQueue: class java.util.concurrent.LinkedBlockingQueue, queueCapacity: 100, scheduler: class org.apache.hadoop.ipc.DefaultRpcScheduler, ipcBackoff: false.
2023-09-08 11:18:02,543 [main] INFO  ipc.Server (Server.java:<init>(1287)) - Listener at 0.0.0.0:15063
2023-09-08 11:18:02,544 [Socket Reader #1 for port 15063] INFO  ipc.Server (Server.java:run(1323)) - Starting Socket Reader #1 for port 15063
2023-09-08 11:18:02,547 [main] INFO  ozone.HddsDatanodeService (HddsDatanodeService.java:start(315)) - Datanode start with admins: [runner]
2023-09-08 11:18:02,547 [main] INFO  ozone.HddsDatanodeClientProtocolServer (HddsDatanodeClientProtocolServer.java:start(72)) - RPC server for Client /0.0.0.0:15063
2023-09-08 11:18:02,548 [IPC Server Responder] INFO  ipc.Server (Server.java:run(1562)) - IPC Server Responder: starting
2023-09-08 11:18:02,548 [IPC Server listener on 15063] INFO  ipc.Server (Server.java:run(1402)) - IPC Server listener on 15063: starting
2023-09-08 11:18:02,548 [Datanode State Machine Daemon Thread] INFO  statemachine.DatanodeStateMachine (DatanodeStateMachine.java:lambda$startDaemon$0(538)) - Ozone container server started.
2023-09-08 11:18:02,548 [main] WARN  impl.MetricRegistriesImpl (MetricRegistriesImpl.java:addReporterRegistration(111)) - New reporters are added after registries were created. Some metrics will be missing from the reporter. Please add reporter before adding any new registry.
2023-09-08 11:18:02,548 [main] WARN  impl.MetricRegistriesImpl (MetricRegistriesImpl.java:addReporterRegistration(111)) - New reporters are added after registries were created. Some metrics will be missing from the reporter. Please add reporter before adding any new registry.
2023-09-08 11:18:02,549 [main] INFO  impl.MetricsSystemImpl (MetricsSystemImpl.java:init(158)) - HddsDatanode metrics system started (again)
2023-09-08 11:18:02,562 [Datanode State Machine Task Thread - 0] INFO  datanode.InitDatanodeState (InitDatanodeState.java:persistContainerDatanodeDetails(138)) - DatanodeDetails is persisted to /home/runner/work/ozone/ozone/hadoop-ozone/integration-test/target/test-dir/MiniOzoneClusterImpl-fc42fee5-8bb2-43c7-8c2a-cc72dd658d38/datanode-0/meta/datanode.id
2023-09-08 11:18:02,573 [main] INFO  ozone.HddsDatanodeService (HddsDatanodeService.java:start(237)) - HddsDatanodeService host:fv-az203-160.hq41me5fykbulac445kfrvsskg.dx.internal.cloudapp.net ip:10.1.0.72
2023-09-08 11:18:02,602 [main] INFO  upgrade.AbstractLayoutVersionManager (AbstractLayoutVersionManager.java:init(83)) - Initializing Layout version manager with metadata layout = HADOOP_PRC_PORTS_IN_DATANODEDETAILS (version = 7), software layout = HADOOP_PRC_PORTS_IN_DATANODEDETAILS (version = 7)
2023-09-08 11:18:02,602 [main] INFO  statemachine.DatanodeStateMachine (DatanodeStateMachine.java:getEndPointTaskThreadPoolSize(282)) - Datanode State Machine Task Thread Pool size 2
2023-09-08 11:18:02,608 [main] INFO  volume.HddsVolume (HddsVolume.java:<init>(126)) - Creating HddsVolume: /home/runner/work/ozone/ozone/hadoop-ozone/integration-test/target/test-dir/MiniOzoneClusterImpl-fc42fee5-8bb2-43c7-8c2a-cc72dd658d38/datanode-1/data-0/containers/hdds of storage type : DISK capacity : 9223372036854775807
2023-09-08 11:18:02,608 [main] INFO  volume.MutableVolumeSet (MutableVolumeSet.java:initializeVolumeSet(173)) - Added Volume : /home/runner/work/ozone/ozone/hadoop-ozone/integration-test/target/test-dir/MiniOzoneClusterImpl-fc42fee5-8bb2-43c7-8c2a-cc72dd658d38/datanode-1/data-0/containers/hdds to VolumeSet
2023-09-08 11:18:02,609 [main] INFO  volume.MutableVolumeSet (MutableVolumeSet.java:initializeVolumeSet(173)) - Added Volume : /home/runner/work/ozone/ozone/hadoop-ozone/integration-test/target/test-dir/MiniOzoneClusterImpl-fc42fee5-8bb2-43c7-8c2a-cc72dd658d38/datanode-1/data/ratis to VolumeSet
2023-09-08 11:18:02,610 [Thread-820] INFO  ozoneimpl.ContainerReader (ContainerReader.java:readVolume(177)) - Finish verifying containers on volume /home/runner/work/ozone/ozone/hadoop-ozone/integration-test/target/test-dir/MiniOzoneClusterImpl-fc42fee5-8bb2-43c7-8c2a-cc72dd658d38/datanode-1/data-0/containers/hdds
2023-09-08 11:18:02,610 [main] INFO  ozoneimpl.OzoneContainer (OzoneContainer.java:buildContainerSet(314)) - Build ContainerSet costs 0s
2023-09-08 11:18:02,615 [main] INFO  server.RaftServer (ConfUtils.java:logGet(46)) - raft.rpc.type = GRPC (default)
2023-09-08 11:18:02,615 [main] INFO  grpc.GrpcConfigKeys (ConfUtils.java:logFallback(53)) - raft.grpc.admin.host = null (fallback to raft.grpc.server.host)
2023-09-08 11:18:02,615 [main] INFO  grpc.GrpcConfigKeys (ConfUtils.java:logGet(46)) - raft.grpc.admin.port = 15075 (custom)
2023-09-08 11:18:02,616 [main] INFO  grpc.GrpcConfigKeys (ConfUtils.java:logFallback(53)) - raft.grpc.client.host = null (fallback to raft.grpc.server.host)
2023-09-08 11:18:02,616 [main] INFO  grpc.GrpcConfigKeys (ConfUtils.java:logGet(46)) - raft.grpc.client.port = 15074 (custom)
2023-09-08 11:18:02,616 [main] INFO  grpc.GrpcConfigKeys (ConfUtils.java:logGet(46)) - raft.grpc.server.host = null (default)
2023-09-08 11:18:02,616 [main] INFO  grpc.GrpcConfigKeys (ConfUtils.java:logGet(46)) - raft.grpc.server.port = 15076 (custom)
2023-09-08 11:18:02,616 [main] INFO  server.GrpcService (ConfUtils.java:logGet(46)) - raft.grpc.message.size.max = 32MB (=33554432) (custom)
2023-09-08 11:18:02,616 [main] INFO  server.RaftServerConfigKeys (ConfUtils.java:logGet(46)) - raft.server.log.appender.buffer.byte-limit = 33554432 (custom)
2023-09-08 11:18:02,616 [main] INFO  server.GrpcService (ConfUtils.java:logGet(46)) - raft.grpc.flow.control.window = 5MB (=5242880) (custom)
2023-09-08 11:18:02,616 [main] INFO  server.RaftServerConfigKeys (ConfUtils.java:logGet(46)) - raft.server.rpc.request.timeout = 60s (custom)
2023-09-08 11:18:02,617 [main] INFO  grpc.GrpcConfigKeys (ConfUtils.java:logGet(46)) - raft.grpc.server.heartbeat.channel = true (default)
2023-09-08 11:18:02,617 [main] INFO  grpc.GrpcConfigKeys (ConfUtils.java:logGet(46)) - raft.grpc.server.async.request.thread.pool.cached = true (default)
2023-09-08 11:18:02,617 [main] INFO  grpc.GrpcConfigKeys (ConfUtils.java:logGet(46)) - raft.grpc.server.async.request.thread.pool.size = 32 (default)
2023-09-08 11:18:02,625 [main] INFO  impl.DataStreamServerImpl (ConfUtils.java:logGet(46)) - raft.datastream.type = NETTY (custom)
2023-09-08 11:18:02,626 [main] INFO  server.RaftServerConfigKeys (ConfUtils.java:logGet(46)) - raft.server.data-stream.async.request.thread.pool.cached = false (default)
2023-09-08 11:18:02,627 [main] INFO  server.RaftServerConfigKeys (ConfUtils.java:logGet(46)) - raft.server.data-stream.async.request.thread.pool.size = 20 (custom)
2023-09-08 11:18:02,627 [main] INFO  server.RaftServerConfigKeys (ConfUtils.java:logGet(46)) - raft.server.data-stream.async.write.thread.pool.size = 16 (default)
2023-09-08 11:18:02,628 [main] INFO  server.RaftServerConfigKeys (ConfUtils.java:logGet(46)) - raft.server.data-stream.client.pool.size = 10 (default)
2023-09-08 11:18:02,628 [main] INFO  netty.NettyConfigKeys$DataStream (ConfUtils.java:logGet(46)) - raft.netty.dataStream.server.use-epoll = false (default)
2023-09-08 11:18:02,628 [main] INFO  netty.NettyConfigKeys$DataStream (ConfUtils.java:logGet(46)) - raft.netty.dataStream.server.boss-group.size = 0 (default)
2023-09-08 11:18:02,628 [main] INFO  netty.NettyConfigKeys$DataStream (ConfUtils.java:logGet(46)) - raft.netty.dataStream.server.worker-group.size = 0 (default)
2023-09-08 11:18:02,629 [main] INFO  netty.NettyConfigKeys$DataStream (ConfUtils.java:logGet(46)) - raft.netty.dataStream.server.tls.conf = null (default)
2023-09-08 11:18:02,629 [main] INFO  netty.NettyConfigKeys$DataStream (ConfUtils.java:logGet(46)) - raft.netty.dataStream.host = null (default)
2023-09-08 11:18:02,629 [main] INFO  netty.NettyConfigKeys$DataStream (ConfUtils.java:logGet(46)) - raft.netty.dataStream.port = 15077 (custom)
2023-09-08 11:18:02,635 [main] INFO  server.RaftServerConfigKeys (ConfUtils.java:logGet(46)) - raft.server.threadpool.proxy.cached = true (default)
2023-09-08 11:18:02,635 [main] INFO  server.RaftServerConfigKeys (ConfUtils.java:logGet(46)) - raft.server.threadpool.proxy.size = 0 (default)
2023-09-08 11:18:02,635 [main] INFO  server.RaftServerConfigKeys (ConfUtils.java:logGet(46)) - raft.server.rpc.slowness.timeout = 300s (custom)
2023-09-08 11:18:02,635 [main] INFO  server.RaftServerConfigKeys (ConfUtils.java:logGet(46)) - raft.server.leaderelection.leader.step-down.wait-time = 10s (default)
2023-09-08 11:18:02,635 [main] INFO  server.RaftServerConfigKeys (ConfUtils.java:logGet(46)) - raft.server.storage.dir = [/home/runner/work/ozone/ozone/hadoop-ozone/integration-test/target/test-dir/MiniOzoneClusterImpl-fc42fee5-8bb2-43c7-8c2a-cc72dd658d38/datanode-1/data/ratis] (custom)
2023-09-08 11:18:02,638 [31c5dcde-db57-40d7-a24d-ec5de7583a50-NettyServerStreamRpc-bossGroup--thread1] INFO  logging.LoggingHandler (AbstractInternalLogger.java:log(148)) - [id: 0x35bae2bb] REGISTERED
2023-09-08 11:18:02,638 [31c5dcde-db57-40d7-a24d-ec5de7583a50-impl-thread1] INFO  server.RaftServer (RaftServerProxy.java:initGroupDir(258)) - 31c5dcde-db57-40d7-a24d-ec5de7583a50: found a subdirectory /home/runner/work/ozone/ozone/hadoop-ozone/integration-test/target/test-dir/MiniOzoneClusterImpl-fc42fee5-8bb2-43c7-8c2a-cc72dd658d38/datanode-1/data/ratis/tmp
2023-09-08 11:18:02,638 [31c5dcde-db57-40d7-a24d-ec5de7583a50-impl-thread1] INFO  server.RaftServer (RaftServerProxy.java:initGroupDir(263)) - 31c5dcde-db57-40d7-a24d-ec5de7583a50: The directory /home/runner/work/ozone/ozone/hadoop-ozone/integration-test/target/test-dir/MiniOzoneClusterImpl-fc42fee5-8bb2-43c7-8c2a-cc72dd658d38/datanode-1/data/ratis/tmp is not a group directory; ignoring it. 
2023-09-08 11:18:02,638 [31c5dcde-db57-40d7-a24d-ec5de7583a50-NettyServerStreamRpc-bossGroup--thread1] INFO  logging.LoggingHandler (AbstractInternalLogger.java:log(148)) - [id: 0x35bae2bb] BIND: 0.0.0.0/0.0.0.0:15077
2023-09-08 11:18:02,638 [main] INFO  replication.ReplicationServer (ReplicationServer.java:<init>(81)) - Initializing replication server with thread count = 10
2023-09-08 11:18:02,640 [31c5dcde-db57-40d7-a24d-ec5de7583a50-NettyServerStreamRpc-bossGroup--thread1] INFO  logging.LoggingHandler (AbstractInternalLogger.java:log(148)) - [id: 0x35bae2bb, L:/0:0:0:0:0:0:0:0:15077] ACTIVE
2023-09-08 11:18:02,641 [main] INFO  server.XceiverServerGrpc (XceiverServerGrpc.java:<init>(132)) - GrpcServer channel type EpollServerSocketChannel
2023-09-08 11:18:02,645 [main] INFO  replication.ReplicationSupervisor (ReplicationSupervisor.java:build(155)) - Initializing replication supervisor with thread count = 10
2023-09-08 11:18:02,645 [main] INFO  replication.ReplicationSupervisor (ReplicationSupervisor.java:nodeStateUpdated(307)) - Node state updated to IN_SERVICE, scaling executor pool size to 10
2023-09-08 11:18:02,649 [main] INFO  http.BaseHttpServer (BaseHttpServer.java:newHttpServer2BuilderForOzone(223)) - Starting Web-server for hddsDatanode at: http://0.0.0.0:15071
2023-09-08 11:18:02,649 [main] INFO  http.BaseHttpServer (BaseHttpServer.java:<init>(110)) - Hadoop Security Enabled: false Ozone Security Enabled: false Ozone HTTP Security Enabled: false 
2023-09-08 11:18:02,651 [main] WARN  server.AuthenticationFilter (AuthenticationFilter.java:constructSecretProvider(240)) - Unable to initialize FileSignerSecretProvider, falling back to use random secrets. Reason: Could not read signature secret file: /home/runner/hadoop-http-auth-signature-secret
2023-09-08 11:18:02,651 [main] INFO  http.HttpRequestLog (HttpRequestLog.java:getRequestLog(86)) - Http request log for http.requests.hddsDatanode is not defined
2023-09-08 11:18:02,653 [main] INFO  http.HttpServer2 (HttpServer2.java:addGlobalFilter(1031)) - Added global filter 'safety' (class=org.apache.hadoop.hdds.server.http.HttpServer2$QuotingInputFilter)
2023-09-08 11:18:02,654 [main] INFO  http.HttpServer2 (HttpServer2.java:addFilter(1007)) - Added filter static_user_filter (class=org.apache.hadoop.http.lib.StaticUserWebFilter$StaticUserFilter) to context hddsDatanode
2023-09-08 11:18:02,654 [main] INFO  http.HttpServer2 (HttpServer2.java:addFilter(1015)) - Added filter static_user_filter (class=org.apache.hadoop.http.lib.StaticUserWebFilter$StaticUserFilter) to context static
2023-09-08 11:18:02,654 [main] INFO  http.HttpServer2 (HttpServer2.java:addFilter(1015)) - Added filter static_user_filter (class=org.apache.hadoop.http.lib.StaticUserWebFilter$StaticUserFilter) to context logs
2023-09-08 11:18:02,655 [main] INFO  http.BaseHttpServer (BaseHttpServer.java:<init>(189)) - HTTP server of hddsDatanode uses base directory /home/runner/work/ozone/ozone/hadoop-ozone/integration-test/target/test-dir/MiniOzoneClusterImpl-fc42fee5-8bb2-43c7-8c2a-cc72dd658d38/datanode-1/meta/webserver
2023-09-08 11:18:02,656 [main] INFO  http.HttpServer2 (HttpServer2.java:bindListener(1231)) - Jetty bound to port 15071
2023-09-08 11:18:02,656 [main] INFO  server.Server (Server.java:doStart(375)) - jetty-9.4.51.v20230217; built: 2023-02-17T08:19:37.309Z; git: b45c405e4544384de066f814ed42ae3dceacdd49; jvm 1.8.0_382-b05
2023-09-08 11:18:02,658 [main] INFO  server.session (DefaultSessionIdManager.java:doStart(334)) - DefaultSessionIdManager workerName=node0
2023-09-08 11:18:02,658 [main] INFO  server.session (DefaultSessionIdManager.java:doStart(339)) - No SessionScavenger set, using defaults
2023-09-08 11:18:02,658 [main] INFO  server.session (HouseKeeper.java:startScavenging(132)) - node0 Scavenging every 660000ms
2023-09-08 11:18:02,659 [main] INFO  handler.ContextHandler (ContextHandler.java:doStart(921)) - Started o.e.j.s.ServletContextHandler@4ec763de{logs,/logs,file:///home/runner/work/ozone/ozone/hadoop-ozone/integration-test/target/log,AVAILABLE}
2023-09-08 11:18:02,659 [main] INFO  handler.ContextHandler (ContextHandler.java:doStart(921)) - Started o.e.j.s.ServletContextHandler@6afa7f5a{static,/static,jar:file:/home/runner/.m2/repository/org/apache/ozone/hdds-container-service/1.4.0-SNAPSHOT/hdds-container-service-1.4.0-SNAPSHOT.jar!/webapps/static,AVAILABLE}
2023-09-08 11:18:02,919 [main] INFO  handler.ContextHandler (ContextHandler.java:doStart(921)) - Started o.e.j.w.WebAppContext@2d4aeaaa{hddsDatanode,/,file:///home/runner/work/ozone/ozone/hadoop-ozone/integration-test/target/test-dir/MiniOzoneClusterImpl-fc42fee5-8bb2-43c7-8c2a-cc72dd658d38/datanode-1/meta/webserver/jetty-0_0_0_0-15071-hdds-container-service-1_4_0-SNAPSHOT_jar-_-any-915580464900843192/webapp/,AVAILABLE}{jar:file:/home/runner/.m2/repository/org/apache/ozone/hdds-container-service/1.4.0-SNAPSHOT/hdds-container-service-1.4.0-SNAPSHOT.jar!/webapps/hddsDatanode}
2023-09-08 11:18:02,921 [main] INFO  server.AbstractConnector (AbstractConnector.java:doStart(333)) - Started ServerConnector@31cb308{HTTP/1.1, (http/1.1)}{0.0.0.0:15071}
2023-09-08 11:18:02,922 [main] INFO  server.Server (Server.java:doStart(415)) - Started @113704ms
2023-09-08 11:18:02,922 [main] WARN  impl.MetricsSystemImpl (MetricsSystemImpl.java:register(279)) - Sink prometheus already exists!
2023-09-08 11:18:02,923 [main] INFO  http.BaseHttpServer (BaseHttpServer.java:updateConnectorAddress(354)) - HTTP server of hddsDatanode listening at http://0.0.0.0:15071
2023-09-08 11:18:02,923 [main] INFO  ipc.CallQueueManager (CallQueueManager.java:<init>(90)) - Using callQueue: class java.util.concurrent.LinkedBlockingQueue, queueCapacity: 100, scheduler: class org.apache.hadoop.ipc.DefaultRpcScheduler, ipcBackoff: false.
2023-09-08 11:18:02,924 [main] INFO  ipc.Server (Server.java:<init>(1287)) - Listener at 0.0.0.0:15072
2023-09-08 11:18:02,924 [Socket Reader #1 for port 15072] INFO  ipc.Server (Server.java:run(1323)) - Starting Socket Reader #1 for port 15072
2023-09-08 11:18:02,929 [main] INFO  ozone.HddsDatanodeService (HddsDatanodeService.java:start(315)) - Datanode start with admins: [runner]
2023-09-08 11:18:02,929 [main] INFO  ozone.HddsDatanodeClientProtocolServer (HddsDatanodeClientProtocolServer.java:start(72)) - RPC server for Client /0.0.0.0:15072
2023-09-08 11:18:02,929 [IPC Server Responder] INFO  ipc.Server (Server.java:run(1562)) - IPC Server Responder: starting
2023-09-08 11:18:02,929 [IPC Server listener on 15072] INFO  ipc.Server (Server.java:run(1402)) - IPC Server listener on 15072: starting
2023-09-08 11:18:02,930 [Datanode State Machine Daemon Thread] INFO  statemachine.DatanodeStateMachine (DatanodeStateMachine.java:lambda$startDaemon$0(538)) - Ozone container server started.
2023-09-08 11:18:02,930 [main] WARN  impl.MetricRegistriesImpl (MetricRegistriesImpl.java:addReporterRegistration(111)) - New reporters are added after registries were created. Some metrics will be missing from the reporter. Please add reporter before adding any new registry.
2023-09-08 11:18:02,930 [main] WARN  impl.MetricRegistriesImpl (MetricRegistriesImpl.java:addReporterRegistration(111)) - New reporters are added after registries were created. Some metrics will be missing from the reporter. Please add reporter before adding any new registry.
2023-09-08 11:18:02,930 [main] INFO  impl.MetricsSystemImpl (MetricsSystemImpl.java:init(158)) - HddsDatanode metrics system started (again)
2023-09-08 11:18:02,951 [main] INFO  ozone.HddsDatanodeService (HddsDatanodeService.java:start(237)) - HddsDatanodeService host:fv-az203-160.hq41me5fykbulac445kfrvsskg.dx.internal.cloudapp.net ip:10.1.0.72
2023-09-08 11:18:02,954 [Datanode State Machine Task Thread - 0] INFO  datanode.InitDatanodeState (InitDatanodeState.java:persistContainerDatanodeDetails(138)) - DatanodeDetails is persisted to /home/runner/work/ozone/ozone/hadoop-ozone/integration-test/target/test-dir/MiniOzoneClusterImpl-fc42fee5-8bb2-43c7-8c2a-cc72dd658d38/datanode-1/meta/datanode.id
2023-09-08 11:18:02,988 [main] INFO  upgrade.AbstractLayoutVersionManager (AbstractLayoutVersionManager.java:init(83)) - Initializing Layout version manager with metadata layout = HADOOP_PRC_PORTS_IN_DATANODEDETAILS (version = 7), software layout = HADOOP_PRC_PORTS_IN_DATANODEDETAILS (version = 7)
2023-09-08 11:18:02,989 [main] INFO  statemachine.DatanodeStateMachine (DatanodeStateMachine.java:getEndPointTaskThreadPoolSize(282)) - Datanode State Machine Task Thread Pool size 2
2023-09-08 11:18:02,993 [main] INFO  volume.HddsVolume (HddsVolume.java:<init>(126)) - Creating HddsVolume: /home/runner/work/ozone/ozone/hadoop-ozone/integration-test/target/test-dir/MiniOzoneClusterImpl-fc42fee5-8bb2-43c7-8c2a-cc72dd658d38/datanode-2/data-0/containers/hdds of storage type : DISK capacity : 9223372036854775807
2023-09-08 11:18:02,993 [main] INFO  volume.MutableVolumeSet (MutableVolumeSet.java:initializeVolumeSet(173)) - Added Volume : /home/runner/work/ozone/ozone/hadoop-ozone/integration-test/target/test-dir/MiniOzoneClusterImpl-fc42fee5-8bb2-43c7-8c2a-cc72dd658d38/datanode-2/data-0/containers/hdds to VolumeSet
2023-09-08 11:18:02,997 [main] INFO  volume.MutableVolumeSet (MutableVolumeSet.java:initializeVolumeSet(173)) - Added Volume : /home/runner/work/ozone/ozone/hadoop-ozone/integration-test/target/test-dir/MiniOzoneClusterImpl-fc42fee5-8bb2-43c7-8c2a-cc72dd658d38/datanode-2/data/ratis to VolumeSet
2023-09-08 11:18:02,998 [Thread-837] INFO  ozoneimpl.ContainerReader (ContainerReader.java:readVolume(177)) - Finish verifying containers on volume /home/runner/work/ozone/ozone/hadoop-ozone/integration-test/target/test-dir/MiniOzoneClusterImpl-fc42fee5-8bb2-43c7-8c2a-cc72dd658d38/datanode-2/data-0/containers/hdds
2023-09-08 11:18:02,998 [main] INFO  ozoneimpl.OzoneContainer (OzoneContainer.java:buildContainerSet(314)) - Build ContainerSet costs 0s
2023-09-08 11:18:03,001 [main] INFO  server.RaftServer (ConfUtils.java:logGet(46)) - raft.rpc.type = GRPC (default)
2023-09-08 11:18:03,001 [main] INFO  grpc.GrpcConfigKeys (ConfUtils.java:logFallback(53)) - raft.grpc.admin.host = null (fallback to raft.grpc.server.host)
2023-09-08 11:18:03,001 [main] INFO  grpc.GrpcConfigKeys (ConfUtils.java:logGet(46)) - raft.grpc.admin.port = 15084 (custom)
2023-09-08 11:18:03,001 [main] INFO  grpc.GrpcConfigKeys (ConfUtils.java:logFallback(53)) - raft.grpc.client.host = null (fallback to raft.grpc.server.host)
2023-09-08 11:18:03,001 [main] INFO  grpc.GrpcConfigKeys (ConfUtils.java:logGet(46)) - raft.grpc.client.port = 15083 (custom)
2023-09-08 11:18:03,001 [main] INFO  grpc.GrpcConfigKeys (ConfUtils.java:logGet(46)) - raft.grpc.server.host = null (default)
2023-09-08 11:18:03,002 [main] INFO  grpc.GrpcConfigKeys (ConfUtils.java:logGet(46)) - raft.grpc.server.port = 15085 (custom)
2023-09-08 11:18:03,002 [main] INFO  server.GrpcService (ConfUtils.java:logGet(46)) - raft.grpc.message.size.max = 32MB (=33554432) (custom)
2023-09-08 11:18:03,002 [main] INFO  server.RaftServerConfigKeys (ConfUtils.java:logGet(46)) - raft.server.log.appender.buffer.byte-limit = 33554432 (custom)
2023-09-08 11:18:03,002 [main] INFO  server.GrpcService (ConfUtils.java:logGet(46)) - raft.grpc.flow.control.window = 5MB (=5242880) (custom)
2023-09-08 11:18:03,002 [main] INFO  server.RaftServerConfigKeys (ConfUtils.java:logGet(46)) - raft.server.rpc.request.timeout = 60s (custom)
2023-09-08 11:18:03,002 [main] INFO  grpc.GrpcConfigKeys (ConfUtils.java:logGet(46)) - raft.grpc.server.heartbeat.channel = true (default)
2023-09-08 11:18:03,003 [main] INFO  grpc.GrpcConfigKeys (ConfUtils.java:logGet(46)) - raft.grpc.server.async.request.thread.pool.cached = true (default)
2023-09-08 11:18:03,003 [main] INFO  grpc.GrpcConfigKeys (ConfUtils.java:logGet(46)) - raft.grpc.server.async.request.thread.pool.size = 32 (default)
2023-09-08 11:18:03,007 [main] INFO  impl.DataStreamServerImpl (ConfUtils.java:logGet(46)) - raft.datastream.type = NETTY (custom)
2023-09-08 11:18:03,007 [main] INFO  server.RaftServerConfigKeys (ConfUtils.java:logGet(46)) - raft.server.data-stream.async.request.thread.pool.cached = false (default)
2023-09-08 11:18:03,008 [main] INFO  server.RaftServerConfigKeys (ConfUtils.java:logGet(46)) - raft.server.data-stream.async.request.thread.pool.size = 20 (custom)
2023-09-08 11:18:03,008 [main] INFO  server.RaftServerConfigKeys (ConfUtils.java:logGet(46)) - raft.server.data-stream.async.write.thread.pool.size = 16 (default)
2023-09-08 11:18:03,008 [main] INFO  server.RaftServerConfigKeys (ConfUtils.java:logGet(46)) - raft.server.data-stream.client.pool.size = 10 (default)
2023-09-08 11:18:03,008 [main] INFO  netty.NettyConfigKeys$DataStream (ConfUtils.java:logGet(46)) - raft.netty.dataStream.server.use-epoll = false (default)
2023-09-08 11:18:03,008 [main] INFO  netty.NettyConfigKeys$DataStream (ConfUtils.java:logGet(46)) - raft.netty.dataStream.server.boss-group.size = 0 (default)
2023-09-08 11:18:03,009 [main] INFO  netty.NettyConfigKeys$DataStream (ConfUtils.java:logGet(46)) - raft.netty.dataStream.server.worker-group.size = 0 (default)
2023-09-08 11:18:03,009 [main] INFO  netty.NettyConfigKeys$DataStream (ConfUtils.java:logGet(46)) - raft.netty.dataStream.server.tls.conf = null (default)
2023-09-08 11:18:03,009 [main] INFO  netty.NettyConfigKeys$DataStream (ConfUtils.java:logGet(46)) - raft.netty.dataStream.host = null (default)
2023-09-08 11:18:03,009 [main] INFO  netty.NettyConfigKeys$DataStream (ConfUtils.java:logGet(46)) - raft.netty.dataStream.port = 15086 (custom)
2023-09-08 11:18:03,010 [main] INFO  server.RaftServerConfigKeys (ConfUtils.java:logGet(46)) - raft.server.threadpool.proxy.cached = true (default)
2023-09-08 11:18:03,010 [main] INFO  server.RaftServerConfigKeys (ConfUtils.java:logGet(46)) - raft.server.threadpool.proxy.size = 0 (default)
2023-09-08 11:18:03,010 [main] INFO  server.RaftServerConfigKeys (ConfUtils.java:logGet(46)) - raft.server.rpc.slowness.timeout = 300s (custom)
2023-09-08 11:18:03,010 [main] INFO  server.RaftServerConfigKeys (ConfUtils.java:logGet(46)) - raft.server.leaderelection.leader.step-down.wait-time = 10s (default)
2023-09-08 11:18:03,010 [e7773167-2049-479c-a584-e45e7fe0d5b5-NettyServerStreamRpc-bossGroup--thread1] INFO  logging.LoggingHandler (AbstractInternalLogger.java:log(148)) - [id: 0xe9c73cf4] REGISTERED
2023-09-08 11:18:03,010 [main] INFO  server.RaftServerConfigKeys (ConfUtils.java:logGet(46)) - raft.server.storage.dir = [/home/runner/work/ozone/ozone/hadoop-ozone/integration-test/target/test-dir/MiniOzoneClusterImpl-fc42fee5-8bb2-43c7-8c2a-cc72dd658d38/datanode-2/data/ratis] (custom)
2023-09-08 11:18:03,011 [e7773167-2049-479c-a584-e45e7fe0d5b5-NettyServerStreamRpc-bossGroup--thread1] INFO  logging.LoggingHandler (AbstractInternalLogger.java:log(148)) - [id: 0xe9c73cf4] BIND: 0.0.0.0/0.0.0.0:15086
2023-09-08 11:18:03,011 [e7773167-2049-479c-a584-e45e7fe0d5b5-NettyServerStreamRpc-bossGroup--thread1] INFO  logging.LoggingHandler (AbstractInternalLogger.java:log(148)) - [id: 0xe9c73cf4, L:/0:0:0:0:0:0:0:0:15086] ACTIVE
2023-09-08 11:18:03,011 [e7773167-2049-479c-a584-e45e7fe0d5b5-impl-thread1] INFO  server.RaftServer (RaftServerProxy.java:initGroupDir(258)) - e7773167-2049-479c-a584-e45e7fe0d5b5: found a subdirectory /home/runner/work/ozone/ozone/hadoop-ozone/integration-test/target/test-dir/MiniOzoneClusterImpl-fc42fee5-8bb2-43c7-8c2a-cc72dd658d38/datanode-2/data/ratis/tmp
2023-09-08 11:18:03,011 [e7773167-2049-479c-a584-e45e7fe0d5b5-impl-thread1] INFO  server.RaftServer (RaftServerProxy.java:initGroupDir(263)) - e7773167-2049-479c-a584-e45e7fe0d5b5: The directory /home/runner/work/ozone/ozone/hadoop-ozone/integration-test/target/test-dir/MiniOzoneClusterImpl-fc42fee5-8bb2-43c7-8c2a-cc72dd658d38/datanode-2/data/ratis/tmp is not a group directory; ignoring it. 
2023-09-08 11:18:03,012 [main] INFO  replication.ReplicationServer (ReplicationServer.java:<init>(81)) - Initializing replication server with thread count = 10
2023-09-08 11:18:03,013 [main] INFO  server.XceiverServerGrpc (XceiverServerGrpc.java:<init>(132)) - GrpcServer channel type EpollServerSocketChannel
2023-09-08 11:18:03,015 [main] INFO  replication.ReplicationSupervisor (ReplicationSupervisor.java:build(155)) - Initializing replication supervisor with thread count = 10
2023-09-08 11:18:03,016 [main] INFO  replication.ReplicationSupervisor (ReplicationSupervisor.java:nodeStateUpdated(307)) - Node state updated to IN_SERVICE, scaling executor pool size to 10
2023-09-08 11:18:03,018 [main] INFO  http.BaseHttpServer (BaseHttpServer.java:newHttpServer2BuilderForOzone(223)) - Starting Web-server for hddsDatanode at: http://0.0.0.0:15080
2023-09-08 11:18:03,018 [main] INFO  http.BaseHttpServer (BaseHttpServer.java:<init>(110)) - Hadoop Security Enabled: false Ozone Security Enabled: false Ozone HTTP Security Enabled: false 
2023-09-08 11:18:03,020 [main] WARN  server.AuthenticationFilter (AuthenticationFilter.java:constructSecretProvider(240)) - Unable to initialize FileSignerSecretProvider, falling back to use random secrets. Reason: Could not read signature secret file: /home/runner/hadoop-http-auth-signature-secret
2023-09-08 11:18:03,021 [main] INFO  http.HttpRequestLog (HttpRequestLog.java:getRequestLog(86)) - Http request log for http.requests.hddsDatanode is not defined
2023-09-08 11:18:03,022 [main] INFO  http.HttpServer2 (HttpServer2.java:addGlobalFilter(1031)) - Added global filter 'safety' (class=org.apache.hadoop.hdds.server.http.HttpServer2$QuotingInputFilter)
2023-09-08 11:18:03,023 [main] INFO  http.HttpServer2 (HttpServer2.java:addFilter(1007)) - Added filter static_user_filter (class=org.apache.hadoop.http.lib.StaticUserWebFilter$StaticUserFilter) to context hddsDatanode
2023-09-08 11:18:03,023 [main] INFO  http.HttpServer2 (HttpServer2.java:addFilter(1015)) - Added filter static_user_filter (class=org.apache.hadoop.http.lib.StaticUserWebFilter$StaticUserFilter) to context logs
2023-09-08 11:18:03,023 [main] INFO  http.HttpServer2 (HttpServer2.java:addFilter(1015)) - Added filter static_user_filter (class=org.apache.hadoop.http.lib.StaticUserWebFilter$StaticUserFilter) to context static
2023-09-08 11:18:03,024 [main] INFO  http.BaseHttpServer (BaseHttpServer.java:<init>(189)) - HTTP server of hddsDatanode uses base directory /home/runner/work/ozone/ozone/hadoop-ozone/integration-test/target/test-dir/MiniOzoneClusterImpl-fc42fee5-8bb2-43c7-8c2a-cc72dd658d38/datanode-2/meta/webserver
2023-09-08 11:18:03,024 [main] INFO  http.HttpServer2 (HttpServer2.java:bindListener(1231)) - Jetty bound to port 15080
2023-09-08 11:18:03,025 [main] INFO  server.Server (Server.java:doStart(375)) - jetty-9.4.51.v20230217; built: 2023-02-17T08:19:37.309Z; git: b45c405e4544384de066f814ed42ae3dceacdd49; jvm 1.8.0_382-b05
2023-09-08 11:18:03,028 [main] INFO  server.session (DefaultSessionIdManager.java:doStart(334)) - DefaultSessionIdManager workerName=node0
2023-09-08 11:18:03,029 [main] INFO  server.session (DefaultSessionIdManager.java:doStart(339)) - No SessionScavenger set, using defaults
2023-09-08 11:18:03,029 [main] INFO  server.session (HouseKeeper.java:startScavenging(132)) - node0 Scavenging every 600000ms
2023-09-08 11:18:03,030 [main] INFO  handler.ContextHandler (ContextHandler.java:doStart(921)) - Started o.e.j.s.ServletContextHandler@14bcd50f{logs,/logs,file:///home/runner/work/ozone/ozone/hadoop-ozone/integration-test/target/log,AVAILABLE}
2023-09-08 11:18:03,031 [main] INFO  handler.ContextHandler (ContextHandler.java:doStart(921)) - Started o.e.j.s.ServletContextHandler@4e9c4bc2{static,/static,jar:file:/home/runner/.m2/repository/org/apache/ozone/hdds-container-service/1.4.0-SNAPSHOT/hdds-container-service-1.4.0-SNAPSHOT.jar!/webapps/static,AVAILABLE}
2023-09-08 11:18:03,275 [main] INFO  handler.ContextHandler (ContextHandler.java:doStart(921)) - Started o.e.j.w.WebAppContext@1ecead58{hddsDatanode,/,file:///home/runner/work/ozone/ozone/hadoop-ozone/integration-test/target/test-dir/MiniOzoneClusterImpl-fc42fee5-8bb2-43c7-8c2a-cc72dd658d38/datanode-2/meta/webserver/jetty-0_0_0_0-15080-hdds-container-service-1_4_0-SNAPSHOT_jar-_-any-8381590016410934291/webapp/,AVAILABLE}{jar:file:/home/runner/.m2/repository/org/apache/ozone/hdds-container-service/1.4.0-SNAPSHOT/hdds-container-service-1.4.0-SNAPSHOT.jar!/webapps/hddsDatanode}
2023-09-08 11:18:03,277 [main] INFO  server.AbstractConnector (AbstractConnector.java:doStart(333)) - Started ServerConnector@7c22947b{HTTP/1.1, (http/1.1)}{0.0.0.0:15080}
2023-09-08 11:18:03,277 [main] INFO  server.Server (Server.java:doStart(415)) - Started @114059ms
2023-09-08 11:18:03,277 [main] WARN  impl.MetricsSystemImpl (MetricsSystemImpl.java:register(279)) - Sink prometheus already exists!
2023-09-08 11:18:03,278 [main] INFO  http.BaseHttpServer (BaseHttpServer.java:updateConnectorAddress(354)) - HTTP server of hddsDatanode listening at http://0.0.0.0:15080
2023-09-08 11:18:03,279 [main] INFO  ipc.CallQueueManager (CallQueueManager.java:<init>(90)) - Using callQueue: class java.util.concurrent.LinkedBlockingQueue, queueCapacity: 100, scheduler: class org.apache.hadoop.ipc.DefaultRpcScheduler, ipcBackoff: false.
2023-09-08 11:18:03,279 [main] INFO  ipc.Server (Server.java:<init>(1287)) - Listener at 0.0.0.0:15081
2023-09-08 11:18:03,280 [Socket Reader #1 for port 15081] INFO  ipc.Server (Server.java:run(1323)) - Starting Socket Reader #1 for port 15081
2023-09-08 11:18:03,281 [main] INFO  ozone.HddsDatanodeService (HddsDatanodeService.java:start(315)) - Datanode start with admins: [runner]
2023-09-08 11:18:03,281 [main] INFO  ozone.HddsDatanodeClientProtocolServer (HddsDatanodeClientProtocolServer.java:start(72)) - RPC server for Client /0.0.0.0:15081
2023-09-08 11:18:03,283 [IPC Server Responder] INFO  ipc.Server (Server.java:run(1562)) - IPC Server Responder: starting
2023-09-08 11:18:03,288 [IPC Server listener on 15081] INFO  ipc.Server (Server.java:run(1402)) - IPC Server listener on 15081: starting
2023-09-08 11:18:03,289 [main] WARN  impl.MetricRegistriesImpl (MetricRegistriesImpl.java:addReporterRegistration(111)) - New reporters are added after registries were created. Some metrics will be missing from the reporter. Please add reporter before adding any new registry.
2023-09-08 11:18:03,289 [main] WARN  impl.MetricRegistriesImpl (MetricRegistriesImpl.java:addReporterRegistration(111)) - New reporters are added after registries were created. Some metrics will be missing from the reporter. Please add reporter before adding any new registry.
2023-09-08 11:18:03,289 [main] INFO  impl.MetricsSystemImpl (MetricsSystemImpl.java:init(158)) - HddsDatanode metrics system started (again)
2023-09-08 11:18:03,301 [Datanode State Machine Daemon Thread] INFO  statemachine.DatanodeStateMachine (DatanodeStateMachine.java:lambda$startDaemon$0(538)) - Ozone container server started.
2023-09-08 11:18:03,312 [Datanode State Machine Task Thread - 0] INFO  datanode.InitDatanodeState (InitDatanodeState.java:persistContainerDatanodeDetails(138)) - DatanodeDetails is persisted to /home/runner/work/ozone/ozone/hadoop-ozone/integration-test/target/test-dir/MiniOzoneClusterImpl-fc42fee5-8bb2-43c7-8c2a-cc72dd658d38/datanode-2/meta/datanode.id
2023-09-08 11:18:03,316 [main] INFO  ozone.HddsDatanodeService (HddsDatanodeService.java:start(237)) - HddsDatanodeService host:fv-az203-160.hq41me5fykbulac445kfrvsskg.dx.internal.cloudapp.net ip:10.1.0.72
2023-09-08 11:18:03,345 [main] INFO  upgrade.AbstractLayoutVersionManager (AbstractLayoutVersionManager.java:init(83)) - Initializing Layout version manager with metadata layout = HADOOP_PRC_PORTS_IN_DATANODEDETAILS (version = 7), software layout = HADOOP_PRC_PORTS_IN_DATANODEDETAILS (version = 7)
2023-09-08 11:18:03,346 [main] INFO  statemachine.DatanodeStateMachine (DatanodeStateMachine.java:getEndPointTaskThreadPoolSize(282)) - Datanode State Machine Task Thread Pool size 2
2023-09-08 11:18:03,349 [main] INFO  volume.HddsVolume (HddsVolume.java:<init>(126)) - Creating HddsVolume: /home/runner/work/ozone/ozone/hadoop-ozone/integration-test/target/test-dir/MiniOzoneClusterImpl-fc42fee5-8bb2-43c7-8c2a-cc72dd658d38/datanode-3/data-0/containers/hdds of storage type : DISK capacity : 9223372036854775807
2023-09-08 11:18:03,349 [main] INFO  volume.MutableVolumeSet (MutableVolumeSet.java:initializeVolumeSet(173)) - Added Volume : /home/runner/work/ozone/ozone/hadoop-ozone/integration-test/target/test-dir/MiniOzoneClusterImpl-fc42fee5-8bb2-43c7-8c2a-cc72dd658d38/datanode-3/data-0/containers/hdds to VolumeSet
2023-09-08 11:18:03,350 [main] INFO  volume.MutableVolumeSet (MutableVolumeSet.java:initializeVolumeSet(173)) - Added Volume : /home/runner/work/ozone/ozone/hadoop-ozone/integration-test/target/test-dir/MiniOzoneClusterImpl-fc42fee5-8bb2-43c7-8c2a-cc72dd658d38/datanode-3/data/ratis to VolumeSet
2023-09-08 11:18:03,351 [Thread-854] INFO  ozoneimpl.ContainerReader (ContainerReader.java:readVolume(177)) - Finish verifying containers on volume /home/runner/work/ozone/ozone/hadoop-ozone/integration-test/target/test-dir/MiniOzoneClusterImpl-fc42fee5-8bb2-43c7-8c2a-cc72dd658d38/datanode-3/data-0/containers/hdds
2023-09-08 11:18:03,351 [main] INFO  ozoneimpl.OzoneContainer (OzoneContainer.java:buildContainerSet(314)) - Build ContainerSet costs 0s
2023-09-08 11:18:03,354 [main] INFO  server.RaftServer (ConfUtils.java:logGet(46)) - raft.rpc.type = GRPC (default)
2023-09-08 11:18:03,354 [main] INFO  grpc.GrpcConfigKeys (ConfUtils.java:logFallback(53)) - raft.grpc.admin.host = null (fallback to raft.grpc.server.host)
2023-09-08 11:18:03,354 [main] INFO  grpc.GrpcConfigKeys (ConfUtils.java:logGet(46)) - raft.grpc.admin.port = 15093 (custom)
2023-09-08 11:18:03,354 [main] INFO  grpc.GrpcConfigKeys (ConfUtils.java:logFallback(53)) - raft.grpc.client.host = null (fallback to raft.grpc.server.host)
2023-09-08 11:18:03,354 [main] INFO  grpc.GrpcConfigKeys (ConfUtils.java:logGet(46)) - raft.grpc.client.port = 15092 (custom)
2023-09-08 11:18:03,355 [main] INFO  grpc.GrpcConfigKeys (ConfUtils.java:logGet(46)) - raft.grpc.server.host = null (default)
2023-09-08 11:18:03,357 [main] INFO  grpc.GrpcConfigKeys (ConfUtils.java:logGet(46)) - raft.grpc.server.port = 15094 (custom)
2023-09-08 11:18:03,357 [main] INFO  server.GrpcService (ConfUtils.java:logGet(46)) - raft.grpc.message.size.max = 32MB (=33554432) (custom)
2023-09-08 11:18:03,357 [main] INFO  server.RaftServerConfigKeys (ConfUtils.java:logGet(46)) - raft.server.log.appender.buffer.byte-limit = 33554432 (custom)
2023-09-08 11:18:03,357 [main] INFO  server.GrpcService (ConfUtils.java:logGet(46)) - raft.grpc.flow.control.window = 5MB (=5242880) (custom)
2023-09-08 11:18:03,358 [main] INFO  server.RaftServerConfigKeys (ConfUtils.java:logGet(46)) - raft.server.rpc.request.timeout = 60s (custom)
2023-09-08 11:18:03,358 [main] INFO  grpc.GrpcConfigKeys (ConfUtils.java:logGet(46)) - raft.grpc.server.heartbeat.channel = true (default)
2023-09-08 11:18:03,358 [main] INFO  grpc.GrpcConfigKeys (ConfUtils.java:logGet(46)) - raft.grpc.server.async.request.thread.pool.cached = true (default)
2023-09-08 11:18:03,358 [main] INFO  grpc.GrpcConfigKeys (ConfUtils.java:logGet(46)) - raft.grpc.server.async.request.thread.pool.size = 32 (default)
2023-09-08 11:18:03,361 [main] INFO  impl.DataStreamServerImpl (ConfUtils.java:logGet(46)) - raft.datastream.type = NETTY (custom)
2023-09-08 11:18:03,361 [main] INFO  server.RaftServerConfigKeys (ConfUtils.java:logGet(46)) - raft.server.data-stream.async.request.thread.pool.cached = false (default)
2023-09-08 11:18:03,361 [main] INFO  server.RaftServerConfigKeys (ConfUtils.java:logGet(46)) - raft.server.data-stream.async.request.thread.pool.size = 20 (custom)
2023-09-08 11:18:03,362 [main] INFO  server.RaftServerConfigKeys (ConfUtils.java:logGet(46)) - raft.server.data-stream.async.write.thread.pool.size = 16 (default)
2023-09-08 11:18:03,362 [main] INFO  server.RaftServerConfigKeys (ConfUtils.java:logGet(46)) - raft.server.data-stream.client.pool.size = 10 (default)
2023-09-08 11:18:03,363 [main] INFO  netty.NettyConfigKeys$DataStream (ConfUtils.java:logGet(46)) - raft.netty.dataStream.server.use-epoll = false (default)
2023-09-08 11:18:03,363 [main] INFO  netty.NettyConfigKeys$DataStream (ConfUtils.java:logGet(46)) - raft.netty.dataStream.server.boss-group.size = 0 (default)
2023-09-08 11:18:03,364 [main] INFO  netty.NettyConfigKeys$DataStream (ConfUtils.java:logGet(46)) - raft.netty.dataStream.server.worker-group.size = 0 (default)
2023-09-08 11:18:03,365 [main] INFO  netty.NettyConfigKeys$DataStream (ConfUtils.java:logGet(46)) - raft.netty.dataStream.server.tls.conf = null (default)
2023-09-08 11:18:03,365 [main] INFO  netty.NettyConfigKeys$DataStream (ConfUtils.java:logGet(46)) - raft.netty.dataStream.host = null (default)
2023-09-08 11:18:03,365 [main] INFO  netty.NettyConfigKeys$DataStream (ConfUtils.java:logGet(46)) - raft.netty.dataStream.port = 15095 (custom)
2023-09-08 11:18:03,366 [main] INFO  server.RaftServerConfigKeys (ConfUtils.java:logGet(46)) - raft.server.threadpool.proxy.cached = true (default)
2023-09-08 11:18:03,367 [main] INFO  server.RaftServerConfigKeys (ConfUtils.java:logGet(46)) - raft.server.threadpool.proxy.size = 0 (default)
2023-09-08 11:18:03,367 [main] INFO  server.RaftServerConfigKeys (ConfUtils.java:logGet(46)) - raft.server.rpc.slowness.timeout = 300s (custom)
2023-09-08 11:18:03,368 [main] INFO  server.RaftServerConfigKeys (ConfUtils.java:logGet(46)) - raft.server.leaderelection.leader.step-down.wait-time = 10s (default)
2023-09-08 11:18:03,368 [main] INFO  server.RaftServerConfigKeys (ConfUtils.java:logGet(46)) - raft.server.storage.dir = [/home/runner/work/ozone/ozone/hadoop-ozone/integration-test/target/test-dir/MiniOzoneClusterImpl-fc42fee5-8bb2-43c7-8c2a-cc72dd658d38/datanode-3/data/ratis] (custom)
2023-09-08 11:18:03,369 [17f9ea42-0da3-466f-953b-33021d7cf2c6-NettyServerStreamRpc-bossGroup--thread1] INFO  logging.LoggingHandler (AbstractInternalLogger.java:log(148)) - [id: 0x8318a09c] REGISTERED
2023-09-08 11:18:03,370 [17f9ea42-0da3-466f-953b-33021d7cf2c6-NettyServerStreamRpc-bossGroup--thread1] INFO  logging.LoggingHandler (AbstractInternalLogger.java:log(148)) - [id: 0x8318a09c] BIND: 0.0.0.0/0.0.0.0:15095
2023-09-08 11:18:03,370 [17f9ea42-0da3-466f-953b-33021d7cf2c6-impl-thread1] INFO  server.RaftServer (RaftServerProxy.java:initGroupDir(258)) - 17f9ea42-0da3-466f-953b-33021d7cf2c6: found a subdirectory /home/runner/work/ozone/ozone/hadoop-ozone/integration-test/target/test-dir/MiniOzoneClusterImpl-fc42fee5-8bb2-43c7-8c2a-cc72dd658d38/datanode-3/data/ratis/tmp
2023-09-08 11:18:03,370 [17f9ea42-0da3-466f-953b-33021d7cf2c6-NettyServerStreamRpc-bossGroup--thread1] INFO  logging.LoggingHandler (AbstractInternalLogger.java:log(148)) - [id: 0x8318a09c, L:/0:0:0:0:0:0:0:0:15095] ACTIVE
2023-09-08 11:18:03,370 [17f9ea42-0da3-466f-953b-33021d7cf2c6-impl-thread1] INFO  server.RaftServer (RaftServerProxy.java:initGroupDir(263)) - 17f9ea42-0da3-466f-953b-33021d7cf2c6: The directory /home/runner/work/ozone/ozone/hadoop-ozone/integration-test/target/test-dir/MiniOzoneClusterImpl-fc42fee5-8bb2-43c7-8c2a-cc72dd658d38/datanode-3/data/ratis/tmp is not a group directory; ignoring it. 
2023-09-08 11:18:03,371 [main] INFO  replication.ReplicationServer (ReplicationServer.java:<init>(81)) - Initializing replication server with thread count = 10
2023-09-08 11:18:03,372 [main] INFO  server.XceiverServerGrpc (XceiverServerGrpc.java:<init>(132)) - GrpcServer channel type EpollServerSocketChannel
2023-09-08 11:18:03,374 [main] INFO  replication.ReplicationSupervisor (ReplicationSupervisor.java:build(155)) - Initializing replication supervisor with thread count = 10
2023-09-08 11:18:03,374 [main] INFO  replication.ReplicationSupervisor (ReplicationSupervisor.java:nodeStateUpdated(307)) - Node state updated to IN_SERVICE, scaling executor pool size to 10
2023-09-08 11:18:03,378 [main] INFO  http.BaseHttpServer (BaseHttpServer.java:newHttpServer2BuilderForOzone(223)) - Starting Web-server for hddsDatanode at: http://0.0.0.0:15089
2023-09-08 11:18:03,378 [main] INFO  http.BaseHttpServer (BaseHttpServer.java:<init>(110)) - Hadoop Security Enabled: false Ozone Security Enabled: false Ozone HTTP Security Enabled: false 
2023-09-08 11:18:03,380 [main] WARN  server.AuthenticationFilter (AuthenticationFilter.java:constructSecretProvider(240)) - Unable to initialize FileSignerSecretProvider, falling back to use random secrets. Reason: Could not read signature secret file: /home/runner/hadoop-http-auth-signature-secret
2023-09-08 11:18:03,382 [main] INFO  http.HttpRequestLog (HttpRequestLog.java:getRequestLog(86)) - Http request log for http.requests.hddsDatanode is not defined
2023-09-08 11:18:03,384 [main] INFO  http.HttpServer2 (HttpServer2.java:addGlobalFilter(1031)) - Added global filter 'safety' (class=org.apache.hadoop.hdds.server.http.HttpServer2$QuotingInputFilter)
2023-09-08 11:18:03,385 [main] INFO  http.HttpServer2 (HttpServer2.java:addFilter(1007)) - Added filter static_user_filter (class=org.apache.hadoop.http.lib.StaticUserWebFilter$StaticUserFilter) to context hddsDatanode
2023-09-08 11:18:03,388 [main] INFO  http.HttpServer2 (HttpServer2.java:addFilter(1015)) - Added filter static_user_filter (class=org.apache.hadoop.http.lib.StaticUserWebFilter$StaticUserFilter) to context logs
2023-09-08 11:18:03,389 [main] INFO  http.HttpServer2 (HttpServer2.java:addFilter(1015)) - Added filter static_user_filter (class=org.apache.hadoop.http.lib.StaticUserWebFilter$StaticUserFilter) to context static
2023-09-08 11:18:03,391 [main] INFO  http.BaseHttpServer (BaseHttpServer.java:<init>(189)) - HTTP server of hddsDatanode uses base directory /home/runner/work/ozone/ozone/hadoop-ozone/integration-test/target/test-dir/MiniOzoneClusterImpl-fc42fee5-8bb2-43c7-8c2a-cc72dd658d38/datanode-3/meta/webserver
2023-09-08 11:18:03,391 [main] INFO  http.HttpServer2 (HttpServer2.java:bindListener(1231)) - Jetty bound to port 15089
2023-09-08 11:18:03,391 [main] INFO  server.Server (Server.java:doStart(375)) - jetty-9.4.51.v20230217; built: 2023-02-17T08:19:37.309Z; git: b45c405e4544384de066f814ed42ae3dceacdd49; jvm 1.8.0_382-b05
2023-09-08 11:18:03,393 [main] INFO  server.session (DefaultSessionIdManager.java:doStart(334)) - DefaultSessionIdManager workerName=node0
2023-09-08 11:18:03,393 [main] INFO  server.session (DefaultSessionIdManager.java:doStart(339)) - No SessionScavenger set, using defaults
2023-09-08 11:18:03,393 [main] INFO  server.session (HouseKeeper.java:startScavenging(132)) - node0 Scavenging every 600000ms
2023-09-08 11:18:03,394 [main] INFO  handler.ContextHandler (ContextHandler.java:doStart(921)) - Started o.e.j.s.ServletContextHandler@59350677{logs,/logs,file:///home/runner/work/ozone/ozone/hadoop-ozone/integration-test/target/log,AVAILABLE}
2023-09-08 11:18:03,395 [main] INFO  handler.ContextHandler (ContextHandler.java:doStart(921)) - Started o.e.j.s.ServletContextHandler@4acfc821{static,/static,jar:file:/home/runner/.m2/repository/org/apache/ozone/hdds-container-service/1.4.0-SNAPSHOT/hdds-container-service-1.4.0-SNAPSHOT.jar!/webapps/static,AVAILABLE}
2023-09-08 11:18:03,649 [main] INFO  handler.ContextHandler (ContextHandler.java:doStart(921)) - Started o.e.j.w.WebAppContext@33a95758{hddsDatanode,/,file:///home/runner/work/ozone/ozone/hadoop-ozone/integration-test/target/test-dir/MiniOzoneClusterImpl-fc42fee5-8bb2-43c7-8c2a-cc72dd658d38/datanode-3/meta/webserver/jetty-0_0_0_0-15089-hdds-container-service-1_4_0-SNAPSHOT_jar-_-any-5576253676321802990/webapp/,AVAILABLE}{jar:file:/home/runner/.m2/repository/org/apache/ozone/hdds-container-service/1.4.0-SNAPSHOT/hdds-container-service-1.4.0-SNAPSHOT.jar!/webapps/hddsDatanode}
2023-09-08 11:18:03,650 [main] INFO  server.AbstractConnector (AbstractConnector.java:doStart(333)) - Started ServerConnector@190db09c{HTTP/1.1, (http/1.1)}{0.0.0.0:15089}
2023-09-08 11:18:03,651 [main] INFO  server.Server (Server.java:doStart(415)) - Started @114433ms
2023-09-08 11:18:03,651 [main] WARN  impl.MetricsSystemImpl (MetricsSystemImpl.java:register(279)) - Sink prometheus already exists!
2023-09-08 11:18:03,652 [main] INFO  http.BaseHttpServer (BaseHttpServer.java:updateConnectorAddress(354)) - HTTP server of hddsDatanode listening at http://0.0.0.0:15089
2023-09-08 11:18:03,652 [main] INFO  ipc.CallQueueManager (CallQueueManager.java:<init>(90)) - Using callQueue: class java.util.concurrent.LinkedBlockingQueue, queueCapacity: 100, scheduler: class org.apache.hadoop.ipc.DefaultRpcScheduler, ipcBackoff: false.
2023-09-08 11:18:03,653 [main] INFO  ipc.Server (Server.java:<init>(1287)) - Listener at 0.0.0.0:15090
2023-09-08 11:18:03,654 [Socket Reader #1 for port 15090] INFO  ipc.Server (Server.java:run(1323)) - Starting Socket Reader #1 for port 15090
2023-09-08 11:18:03,661 [main] INFO  ozone.HddsDatanodeService (HddsDatanodeService.java:start(315)) - Datanode start with admins: [runner]
2023-09-08 11:18:03,661 [main] INFO  ozone.HddsDatanodeClientProtocolServer (HddsDatanodeClientProtocolServer.java:start(72)) - RPC server for Client /0.0.0.0:15090
2023-09-08 11:18:03,661 [IPC Server Responder] INFO  ipc.Server (Server.java:run(1562)) - IPC Server Responder: starting
2023-09-08 11:18:03,663 [IPC Server listener on 15090] INFO  ipc.Server (Server.java:run(1402)) - IPC Server listener on 15090: starting
2023-09-08 11:18:03,663 [Datanode State Machine Daemon Thread] INFO  statemachine.DatanodeStateMachine (DatanodeStateMachine.java:lambda$startDaemon$0(538)) - Ozone container server started.
2023-09-08 11:18:03,663 [main] WARN  impl.MetricRegistriesImpl (MetricRegistriesImpl.java:addReporterRegistration(111)) - New reporters are added after registries were created. Some metrics will be missing from the reporter. Please add reporter before adding any new registry.
2023-09-08 11:18:03,663 [main] WARN  impl.MetricRegistriesImpl (MetricRegistriesImpl.java:addReporterRegistration(111)) - New reporters are added after registries were created. Some metrics will be missing from the reporter. Please add reporter before adding any new registry.
2023-09-08 11:18:03,663 [main] INFO  impl.MetricsSystemImpl (MetricsSystemImpl.java:init(158)) - HddsDatanode metrics system started (again)
2023-09-08 11:18:03,687 [main] INFO  ozone.HddsDatanodeService (HddsDatanodeService.java:start(237)) - HddsDatanodeService host:fv-az203-160.hq41me5fykbulac445kfrvsskg.dx.internal.cloudapp.net ip:10.1.0.72
2023-09-08 11:18:03,700 [Datanode State Machine Task Thread - 0] INFO  datanode.InitDatanodeState (InitDatanodeState.java:persistContainerDatanodeDetails(138)) - DatanodeDetails is persisted to /home/runner/work/ozone/ozone/hadoop-ozone/integration-test/target/test-dir/MiniOzoneClusterImpl-fc42fee5-8bb2-43c7-8c2a-cc72dd658d38/datanode-3/meta/datanode.id
2023-09-08 11:18:03,711 [main] INFO  upgrade.AbstractLayoutVersionManager (AbstractLayoutVersionManager.java:init(83)) - Initializing Layout version manager with metadata layout = HADOOP_PRC_PORTS_IN_DATANODEDETAILS (version = 7), software layout = HADOOP_PRC_PORTS_IN_DATANODEDETAILS (version = 7)
2023-09-08 11:18:03,712 [main] INFO  statemachine.DatanodeStateMachine (DatanodeStateMachine.java:getEndPointTaskThreadPoolSize(282)) - Datanode State Machine Task Thread Pool size 2
2023-09-08 11:18:03,714 [main] INFO  volume.HddsVolume (HddsVolume.java:<init>(126)) - Creating HddsVolume: /home/runner/work/ozone/ozone/hadoop-ozone/integration-test/target/test-dir/MiniOzoneClusterImpl-fc42fee5-8bb2-43c7-8c2a-cc72dd658d38/datanode-4/data-0/containers/hdds of storage type : DISK capacity : 9223372036854775807
2023-09-08 11:18:03,714 [main] INFO  volume.MutableVolumeSet (MutableVolumeSet.java:initializeVolumeSet(173)) - Added Volume : /home/runner/work/ozone/ozone/hadoop-ozone/integration-test/target/test-dir/MiniOzoneClusterImpl-fc42fee5-8bb2-43c7-8c2a-cc72dd658d38/datanode-4/data-0/containers/hdds to VolumeSet
2023-09-08 11:18:03,715 [main] INFO  volume.MutableVolumeSet (MutableVolumeSet.java:initializeVolumeSet(173)) - Added Volume : /home/runner/work/ozone/ozone/hadoop-ozone/integration-test/target/test-dir/MiniOzoneClusterImpl-fc42fee5-8bb2-43c7-8c2a-cc72dd658d38/datanode-4/data/ratis to VolumeSet
2023-09-08 11:18:03,719 [Thread-871] INFO  ozoneimpl.ContainerReader (ContainerReader.java:readVolume(177)) - Finish verifying containers on volume /home/runner/work/ozone/ozone/hadoop-ozone/integration-test/target/test-dir/MiniOzoneClusterImpl-fc42fee5-8bb2-43c7-8c2a-cc72dd658d38/datanode-4/data-0/containers/hdds
2023-09-08 11:18:03,719 [main] INFO  ozoneimpl.OzoneContainer (OzoneContainer.java:buildContainerSet(314)) - Build ContainerSet costs 0s
2023-09-08 11:18:03,723 [main] INFO  server.RaftServer (ConfUtils.java:logGet(46)) - raft.rpc.type = GRPC (default)
2023-09-08 11:18:03,723 [main] INFO  grpc.GrpcConfigKeys (ConfUtils.java:logFallback(53)) - raft.grpc.admin.host = null (fallback to raft.grpc.server.host)
2023-09-08 11:18:03,723 [main] INFO  grpc.GrpcConfigKeys (ConfUtils.java:logGet(46)) - raft.grpc.admin.port = 15102 (custom)
2023-09-08 11:18:03,723 [main] INFO  grpc.GrpcConfigKeys (ConfUtils.java:logFallback(53)) - raft.grpc.client.host = null (fallback to raft.grpc.server.host)
2023-09-08 11:18:03,723 [main] INFO  grpc.GrpcConfigKeys (ConfUtils.java:logGet(46)) - raft.grpc.client.port = 15101 (custom)
2023-09-08 11:18:03,724 [main] INFO  grpc.GrpcConfigKeys (ConfUtils.java:logGet(46)) - raft.grpc.server.host = null (default)
2023-09-08 11:18:03,724 [main] INFO  grpc.GrpcConfigKeys (ConfUtils.java:logGet(46)) - raft.grpc.server.port = 15103 (custom)
2023-09-08 11:18:03,724 [main] INFO  server.GrpcService (ConfUtils.java:logGet(46)) - raft.grpc.message.size.max = 32MB (=33554432) (custom)
2023-09-08 11:18:03,724 [main] INFO  server.RaftServerConfigKeys (ConfUtils.java:logGet(46)) - raft.server.log.appender.buffer.byte-limit = 33554432 (custom)
2023-09-08 11:18:03,724 [main] INFO  server.GrpcService (ConfUtils.java:logGet(46)) - raft.grpc.flow.control.window = 5MB (=5242880) (custom)
2023-09-08 11:18:03,724 [main] INFO  server.RaftServerConfigKeys (ConfUtils.java:logGet(46)) - raft.server.rpc.request.timeout = 60s (custom)
2023-09-08 11:18:03,724 [main] INFO  grpc.GrpcConfigKeys (ConfUtils.java:logGet(46)) - raft.grpc.server.heartbeat.channel = true (default)
2023-09-08 11:18:03,724 [main] INFO  grpc.GrpcConfigKeys (ConfUtils.java:logGet(46)) - raft.grpc.server.async.request.thread.pool.cached = true (default)
2023-09-08 11:18:03,724 [main] INFO  grpc.GrpcConfigKeys (ConfUtils.java:logGet(46)) - raft.grpc.server.async.request.thread.pool.size = 32 (default)
2023-09-08 11:18:03,728 [main] INFO  impl.DataStreamServerImpl (ConfUtils.java:logGet(46)) - raft.datastream.type = NETTY (custom)
2023-09-08 11:18:03,728 [main] INFO  server.RaftServerConfigKeys (ConfUtils.java:logGet(46)) - raft.server.data-stream.async.request.thread.pool.cached = false (default)
2023-09-08 11:18:03,728 [main] INFO  server.RaftServerConfigKeys (ConfUtils.java:logGet(46)) - raft.server.data-stream.async.request.thread.pool.size = 20 (custom)
2023-09-08 11:18:03,728 [main] INFO  server.RaftServerConfigKeys (ConfUtils.java:logGet(46)) - raft.server.data-stream.async.write.thread.pool.size = 16 (default)
2023-09-08 11:18:03,728 [main] INFO  server.RaftServerConfigKeys (ConfUtils.java:logGet(46)) - raft.server.data-stream.client.pool.size = 10 (default)
2023-09-08 11:18:03,729 [main] INFO  netty.NettyConfigKeys$DataStream (ConfUtils.java:logGet(46)) - raft.netty.dataStream.server.use-epoll = false (default)
2023-09-08 11:18:03,729 [main] INFO  netty.NettyConfigKeys$DataStream (ConfUtils.java:logGet(46)) - raft.netty.dataStream.server.boss-group.size = 0 (default)
2023-09-08 11:18:03,729 [main] INFO  netty.NettyConfigKeys$DataStream (ConfUtils.java:logGet(46)) - raft.netty.dataStream.server.worker-group.size = 0 (default)
2023-09-08 11:18:03,729 [main] INFO  netty.NettyConfigKeys$DataStream (ConfUtils.java:logGet(46)) - raft.netty.dataStream.server.tls.conf = null (default)
2023-09-08 11:18:03,730 [main] INFO  netty.NettyConfigKeys$DataStream (ConfUtils.java:logGet(46)) - raft.netty.dataStream.host = null (default)
2023-09-08 11:18:03,732 [main] INFO  netty.NettyConfigKeys$DataStream (ConfUtils.java:logGet(46)) - raft.netty.dataStream.port = 15104 (custom)
2023-09-08 11:18:03,733 [main] INFO  server.RaftServerConfigKeys (ConfUtils.java:logGet(46)) - raft.server.threadpool.proxy.cached = true (default)
2023-09-08 11:18:03,733 [main] INFO  server.RaftServerConfigKeys (ConfUtils.java:logGet(46)) - raft.server.threadpool.proxy.size = 0 (default)
2023-09-08 11:18:03,733 [main] INFO  server.RaftServerConfigKeys (ConfUtils.java:logGet(46)) - raft.server.rpc.slowness.timeout = 300s (custom)
2023-09-08 11:18:03,733 [main] INFO  server.RaftServerConfigKeys (ConfUtils.java:logGet(46)) - raft.server.leaderelection.leader.step-down.wait-time = 10s (default)
2023-09-08 11:18:03,734 [main] INFO  server.RaftServerConfigKeys (ConfUtils.java:logGet(46)) - raft.server.storage.dir = [/home/runner/work/ozone/ozone/hadoop-ozone/integration-test/target/test-dir/MiniOzoneClusterImpl-fc42fee5-8bb2-43c7-8c2a-cc72dd658d38/datanode-4/data/ratis] (custom)
2023-09-08 11:18:03,734 [cc8e8696-e38e-4ced-9d90-ae7c9c418c99-NettyServerStreamRpc-bossGroup--thread1] INFO  logging.LoggingHandler (AbstractInternalLogger.java:log(148)) - [id: 0x5cf39aa5] REGISTERED
2023-09-08 11:18:03,734 [cc8e8696-e38e-4ced-9d90-ae7c9c418c99-NettyServerStreamRpc-bossGroup--thread1] INFO  logging.LoggingHandler (AbstractInternalLogger.java:log(148)) - [id: 0x5cf39aa5] BIND: 0.0.0.0/0.0.0.0:15104
2023-09-08 11:18:03,734 [cc8e8696-e38e-4ced-9d90-ae7c9c418c99-NettyServerStreamRpc-bossGroup--thread1] INFO  logging.LoggingHandler (AbstractInternalLogger.java:log(148)) - [id: 0x5cf39aa5, L:/0:0:0:0:0:0:0:0:15104] ACTIVE
2023-09-08 11:18:03,735 [cc8e8696-e38e-4ced-9d90-ae7c9c418c99-impl-thread1] INFO  server.RaftServer (RaftServerProxy.java:initGroupDir(258)) - cc8e8696-e38e-4ced-9d90-ae7c9c418c99: found a subdirectory /home/runner/work/ozone/ozone/hadoop-ozone/integration-test/target/test-dir/MiniOzoneClusterImpl-fc42fee5-8bb2-43c7-8c2a-cc72dd658d38/datanode-4/data/ratis/tmp
2023-09-08 11:18:03,735 [cc8e8696-e38e-4ced-9d90-ae7c9c418c99-impl-thread1] INFO  server.RaftServer (RaftServerProxy.java:initGroupDir(263)) - cc8e8696-e38e-4ced-9d90-ae7c9c418c99: The directory /home/runner/work/ozone/ozone/hadoop-ozone/integration-test/target/test-dir/MiniOzoneClusterImpl-fc42fee5-8bb2-43c7-8c2a-cc72dd658d38/datanode-4/data/ratis/tmp is not a group directory; ignoring it. 
2023-09-08 11:18:03,735 [main] INFO  replication.ReplicationServer (ReplicationServer.java:<init>(81)) - Initializing replication server with thread count = 10
2023-09-08 11:18:03,736 [main] INFO  server.XceiverServerGrpc (XceiverServerGrpc.java:<init>(132)) - GrpcServer channel type EpollServerSocketChannel
2023-09-08 11:18:03,738 [main] INFO  replication.ReplicationSupervisor (ReplicationSupervisor.java:build(155)) - Initializing replication supervisor with thread count = 10
2023-09-08 11:18:03,738 [main] INFO  replication.ReplicationSupervisor (ReplicationSupervisor.java:nodeStateUpdated(307)) - Node state updated to IN_SERVICE, scaling executor pool size to 10
2023-09-08 11:18:03,740 [main] INFO  http.BaseHttpServer (BaseHttpServer.java:newHttpServer2BuilderForOzone(223)) - Starting Web-server for hddsDatanode at: http://0.0.0.0:15098
2023-09-08 11:18:03,741 [main] INFO  http.BaseHttpServer (BaseHttpServer.java:<init>(110)) - Hadoop Security Enabled: false Ozone Security Enabled: false Ozone HTTP Security Enabled: false 
2023-09-08 11:18:03,742 [main] WARN  server.AuthenticationFilter (AuthenticationFilter.java:constructSecretProvider(240)) - Unable to initialize FileSignerSecretProvider, falling back to use random secrets. Reason: Could not read signature secret file: /home/runner/hadoop-http-auth-signature-secret
2023-09-08 11:18:03,747 [main] INFO  http.HttpRequestLog (HttpRequestLog.java:getRequestLog(86)) - Http request log for http.requests.hddsDatanode is not defined
2023-09-08 11:18:03,749 [main] INFO  http.HttpServer2 (HttpServer2.java:addGlobalFilter(1031)) - Added global filter 'safety' (class=org.apache.hadoop.hdds.server.http.HttpServer2$QuotingInputFilter)
2023-09-08 11:18:03,750 [main] INFO  http.HttpServer2 (HttpServer2.java:addFilter(1007)) - Added filter static_user_filter (class=org.apache.hadoop.http.lib.StaticUserWebFilter$StaticUserFilter) to context hddsDatanode
2023-09-08 11:18:03,750 [main] INFO  http.HttpServer2 (HttpServer2.java:addFilter(1015)) - Added filter static_user_filter (class=org.apache.hadoop.http.lib.StaticUserWebFilter$StaticUserFilter) to context static
2023-09-08 11:18:03,750 [main] INFO  http.HttpServer2 (HttpServer2.java:addFilter(1015)) - Added filter static_user_filter (class=org.apache.hadoop.http.lib.StaticUserWebFilter$StaticUserFilter) to context logs
2023-09-08 11:18:03,752 [main] INFO  http.BaseHttpServer (BaseHttpServer.java:<init>(189)) - HTTP server of hddsDatanode uses base directory /home/runner/work/ozone/ozone/hadoop-ozone/integration-test/target/test-dir/MiniOzoneClusterImpl-fc42fee5-8bb2-43c7-8c2a-cc72dd658d38/datanode-4/meta/webserver
2023-09-08 11:18:03,752 [main] INFO  http.HttpServer2 (HttpServer2.java:bindListener(1231)) - Jetty bound to port 15098
2023-09-08 11:18:03,752 [main] INFO  server.Server (Server.java:doStart(375)) - jetty-9.4.51.v20230217; built: 2023-02-17T08:19:37.309Z; git: b45c405e4544384de066f814ed42ae3dceacdd49; jvm 1.8.0_382-b05
2023-09-08 11:18:03,754 [main] INFO  server.session (DefaultSessionIdManager.java:doStart(334)) - DefaultSessionIdManager workerName=node0
2023-09-08 11:18:03,755 [main] INFO  server.session (DefaultSessionIdManager.java:doStart(339)) - No SessionScavenger set, using defaults
2023-09-08 11:18:03,755 [main] INFO  server.session (HouseKeeper.java:startScavenging(132)) - node0 Scavenging every 600000ms
2023-09-08 11:18:03,758 [main] INFO  handler.ContextHandler (ContextHandler.java:doStart(921)) - Started o.e.j.s.ServletContextHandler@506da71e{logs,/logs,file:///home/runner/work/ozone/ozone/hadoop-ozone/integration-test/target/log,AVAILABLE}
2023-09-08 11:18:03,759 [main] INFO  handler.ContextHandler (ContextHandler.java:doStart(921)) - Started o.e.j.s.ServletContextHandler@4f02c083{static,/static,jar:file:/home/runner/.m2/repository/org/apache/ozone/hdds-container-service/1.4.0-SNAPSHOT/hdds-container-service-1.4.0-SNAPSHOT.jar!/webapps/static,AVAILABLE}
2023-09-08 11:18:04,032 [main] INFO  handler.ContextHandler (ContextHandler.java:doStart(921)) - Started o.e.j.w.WebAppContext@7c194a69{hddsDatanode,/,file:///home/runner/work/ozone/ozone/hadoop-ozone/integration-test/target/test-dir/MiniOzoneClusterImpl-fc42fee5-8bb2-43c7-8c2a-cc72dd658d38/datanode-4/meta/webserver/jetty-0_0_0_0-15098-hdds-container-service-1_4_0-SNAPSHOT_jar-_-any-8775778016590671728/webapp/,AVAILABLE}{jar:file:/home/runner/.m2/repository/org/apache/ozone/hdds-container-service/1.4.0-SNAPSHOT/hdds-container-service-1.4.0-SNAPSHOT.jar!/webapps/hddsDatanode}
2023-09-08 11:18:04,036 [main] INFO  server.AbstractConnector (AbstractConnector.java:doStart(333)) - Started ServerConnector@698c7c27{HTTP/1.1, (http/1.1)}{0.0.0.0:15098}
2023-09-08 11:18:04,036 [main] INFO  server.Server (Server.java:doStart(415)) - Started @114818ms
2023-09-08 11:18:04,036 [main] WARN  impl.MetricsSystemImpl (MetricsSystemImpl.java:register(279)) - Sink prometheus already exists!
2023-09-08 11:18:04,038 [main] INFO  http.BaseHttpServer (BaseHttpServer.java:updateConnectorAddress(354)) - HTTP server of hddsDatanode listening at http://0.0.0.0:15098
2023-09-08 11:18:04,039 [main] INFO  ipc.CallQueueManager (CallQueueManager.java:<init>(90)) - Using callQueue: class java.util.concurrent.LinkedBlockingQueue, queueCapacity: 100, scheduler: class org.apache.hadoop.ipc.DefaultRpcScheduler, ipcBackoff: false.
2023-09-08 11:18:04,039 [main] INFO  ipc.Server (Server.java:<init>(1287)) - Listener at 0.0.0.0:15099
2023-09-08 11:18:04,040 [Socket Reader #1 for port 15099] INFO  ipc.Server (Server.java:run(1323)) - Starting Socket Reader #1 for port 15099
2023-09-08 11:18:04,043 [main] INFO  ozone.HddsDatanodeService (HddsDatanodeService.java:start(315)) - Datanode start with admins: [runner]
2023-09-08 11:18:04,044 [main] INFO  ozone.HddsDatanodeClientProtocolServer (HddsDatanodeClientProtocolServer.java:start(72)) - RPC server for Client /0.0.0.0:15099
2023-09-08 11:18:04,045 [IPC Server Responder] INFO  ipc.Server (Server.java:run(1562)) - IPC Server Responder: starting
2023-09-08 11:18:04,045 [IPC Server listener on 15099] INFO  ipc.Server (Server.java:run(1402)) - IPC Server listener on 15099: starting
2023-09-08 11:18:04,048 [main] INFO  ozone.MiniOzoneClusterImpl (MiniOzoneClusterImpl.java:lambda$waitForClusterToBeReady$0(224)) - Waiting for nodes to be ready. Got 0 of 5 DN Heartbeats.
2023-09-08 11:18:04,051 [main] INFO  ozone.MiniOzoneClusterImpl (MiniOzoneClusterImpl.java:lambda$waitForClusterToBeReady$0(227)) - Waiting for cluster to exit safe mode
2023-09-08 11:18:04,051 [main] INFO  ozone.MiniOzoneClusterImpl (MiniOzoneClusterImpl.java:lambda$waitForClusterToBeReady$0(229)) - SCM became leader
2023-09-08 11:18:04,048 [Datanode State Machine Daemon Thread] INFO  statemachine.DatanodeStateMachine (DatanodeStateMachine.java:lambda$startDaemon$0(538)) - Ozone container server started.
2023-09-08 11:18:04,065 [Datanode State Machine Task Thread - 0] INFO  datanode.InitDatanodeState (InitDatanodeState.java:persistContainerDatanodeDetails(138)) - DatanodeDetails is persisted to /home/runner/work/ozone/ozone/hadoop-ozone/integration-test/target/test-dir/MiniOzoneClusterImpl-fc42fee5-8bb2-43c7-8c2a-cc72dd658d38/datanode-4/meta/datanode.id
2023-09-08 11:18:04,616 [EndpointStateMachine task thread for /0.0.0.0:15055 - 0 ] INFO  utils.DatanodeStoreCache (DatanodeStoreCache.java:addDB(66)) - Added db /home/runner/work/ozone/ozone/hadoop-ozone/integration-test/target/test-dir/MiniOzoneClusterImpl-fc42fee5-8bb2-43c7-8c2a-cc72dd658d38/datanode-0/data-0/containers/hdds/fc42fee5-8bb2-43c7-8c2a-cc72dd658d38/DS-763642c1-d3a0-4a29-b7fa-dab17cb4e428/container.db to cache
2023-09-08 11:18:04,616 [EndpointStateMachine task thread for /0.0.0.0:15055 - 0 ] INFO  volume.HddsVolume (HddsVolume.java:createDbStore(422)) - SchemaV3 db is created and loaded at /home/runner/work/ozone/ozone/hadoop-ozone/integration-test/target/test-dir/MiniOzoneClusterImpl-fc42fee5-8bb2-43c7-8c2a-cc72dd658d38/datanode-0/data-0/containers/hdds/fc42fee5-8bb2-43c7-8c2a-cc72dd658d38/DS-763642c1-d3a0-4a29-b7fa-dab17cb4e428/container.db for volume DS-763642c1-d3a0-4a29-b7fa-dab17cb4e428
2023-09-08 11:18:04,619 [EndpointStateMachine task thread for /0.0.0.0:15055 - 0 ] INFO  volume.ThrottledAsyncChecker (ThrottledAsyncChecker.java:schedule(141)) - Scheduling a check for /home/runner/work/ozone/ozone/hadoop-ozone/integration-test/target/test-dir/MiniOzoneClusterImpl-fc42fee5-8bb2-43c7-8c2a-cc72dd658d38/datanode-0/data-0/containers/hdds
2023-09-08 11:18:04,620 [EndpointStateMachine task thread for /0.0.0.0:15055 - 0 ] INFO  volume.StorageVolumeChecker (StorageVolumeChecker.java:checkAllVolumes(213)) - Scheduled health check for volume /home/runner/work/ozone/ozone/hadoop-ozone/integration-test/target/test-dir/MiniOzoneClusterImpl-fc42fee5-8bb2-43c7-8c2a-cc72dd658d38/datanode-0/data-0/containers/hdds
2023-09-08 11:18:04,627 [EndpointStateMachine task thread for /0.0.0.0:15055 - 0 ] INFO  volume.ThrottledAsyncChecker (ThrottledAsyncChecker.java:schedule(141)) - Scheduling a check for /home/runner/work/ozone/ozone/hadoop-ozone/integration-test/target/test-dir/MiniOzoneClusterImpl-fc42fee5-8bb2-43c7-8c2a-cc72dd658d38/datanode-0/data/ratis
2023-09-08 11:18:04,627 [EndpointStateMachine task thread for /0.0.0.0:15055 - 0 ] INFO  volume.StorageVolumeChecker (StorageVolumeChecker.java:checkAllVolumes(213)) - Scheduled health check for volume /home/runner/work/ozone/ozone/hadoop-ozone/integration-test/target/test-dir/MiniOzoneClusterImpl-fc42fee5-8bb2-43c7-8c2a-cc72dd658d38/datanode-0/data/ratis
2023-09-08 11:18:04,629 [EndpointStateMachine task thread for /0.0.0.0:15055 - 0 ] INFO  ozoneimpl.OzoneContainer (OzoneContainer.java:start(429)) - Attempting to start container services.
2023-09-08 11:18:04,629 [EndpointStateMachine task thread for /0.0.0.0:15055 - 0 ] INFO  ozoneimpl.OzoneContainer (OzoneContainer.java:startContainerScrub(325)) - Scheduled background container scanners and the on-demand container scanner have been disabled.
2023-09-08 11:18:04,631 [EndpointStateMachine task thread for /0.0.0.0:15055 - 0 ] INFO  replication.ReplicationServer (ReplicationServer.java:start(130)) - ReplicationServer is started using port 15069
2023-09-08 11:18:04,631 [EndpointStateMachine task thread for /0.0.0.0:15055 - 0 ] INFO  ratis.XceiverServerRatis (XceiverServerRatis.java:start(517)) - Starting XceiverServerRatis 250abfd1-bd23-40f0-a4b0-f7070b21e986
2023-09-08 11:18:04,632 [EndpointStateMachine task thread for /0.0.0.0:15055 - 0 ] INFO  server.RaftServer (RaftServerProxy.java:startImpl(400)) - 250abfd1-bd23-40f0-a4b0-f7070b21e986: start RPC server
2023-09-08 11:18:04,633 [EndpointStateMachine task thread for /0.0.0.0:15055 - 0 ] INFO  server.GrpcService (GrpcService.java:startImpl(302)) - 250abfd1-bd23-40f0-a4b0-f7070b21e986: GrpcService started, listening on 15065
2023-09-08 11:18:04,634 [EndpointStateMachine task thread for /0.0.0.0:15055 - 0 ] INFO  server.GrpcService (GrpcService.java:startImpl(302)) - 250abfd1-bd23-40f0-a4b0-f7070b21e986: GrpcService started, listening on 15067
2023-09-08 11:18:04,637 [EndpointStateMachine task thread for /0.0.0.0:15055 - 0 ] INFO  server.GrpcService (GrpcService.java:startImpl(302)) - 250abfd1-bd23-40f0-a4b0-f7070b21e986: GrpcService started, listening on 15066
2023-09-08 11:18:04,637 [EndpointStateMachine task thread for /0.0.0.0:15055 - 0 ] INFO  ratis.XceiverServerRatis (XceiverServerRatis.java:getRealPort(543)) - XceiverServerRatis 250abfd1-bd23-40f0-a4b0-f7070b21e986 is started using port 15065 for RATIS
2023-09-08 11:18:04,637 [JvmPauseMonitor9] INFO  util.JvmPauseMonitor (JvmPauseMonitor.java:run(103)) - JvmPauseMonitor-250abfd1-bd23-40f0-a4b0-f7070b21e986: Started
2023-09-08 11:18:04,637 [EndpointStateMachine task thread for /0.0.0.0:15055 - 0 ] INFO  ratis.XceiverServerRatis (XceiverServerRatis.java:getRealPort(543)) - XceiverServerRatis 250abfd1-bd23-40f0-a4b0-f7070b21e986 is started using port 15066 for RATIS_ADMIN
2023-09-08 11:18:04,637 [EndpointStateMachine task thread for /0.0.0.0:15055 - 0 ] INFO  ratis.XceiverServerRatis (XceiverServerRatis.java:getRealPort(543)) - XceiverServerRatis 250abfd1-bd23-40f0-a4b0-f7070b21e986 is started using port 15067 for RATIS_SERVER
2023-09-08 11:18:04,637 [EndpointStateMachine task thread for /0.0.0.0:15055 - 0 ] INFO  ratis.XceiverServerRatis (XceiverServerRatis.java:getRealPort(543)) - XceiverServerRatis 250abfd1-bd23-40f0-a4b0-f7070b21e986 is started using port 15068 for RATIS_DATASTREAM
2023-09-08 11:18:04,639 [BlockDeletingService#0] INFO  interfaces.ContainerDeletionChoosingPolicyTemplate (ContainerDeletionChoosingPolicyTemplate.java:chooseContainerForBlockDeletion(85)) - Chosen 0/5000 blocks from 0 candidate containers.
2023-09-08 11:18:04,984 [EndpointStateMachine task thread for /0.0.0.0:15055 - 0 ] INFO  utils.DatanodeStoreCache (DatanodeStoreCache.java:addDB(66)) - Added db /home/runner/work/ozone/ozone/hadoop-ozone/integration-test/target/test-dir/MiniOzoneClusterImpl-fc42fee5-8bb2-43c7-8c2a-cc72dd658d38/datanode-1/data-0/containers/hdds/fc42fee5-8bb2-43c7-8c2a-cc72dd658d38/DS-2219b7de-04fd-42ae-9f4b-52e06280b465/container.db to cache
2023-09-08 11:18:04,984 [EndpointStateMachine task thread for /0.0.0.0:15055 - 0 ] INFO  volume.HddsVolume (HddsVolume.java:createDbStore(422)) - SchemaV3 db is created and loaded at /home/runner/work/ozone/ozone/hadoop-ozone/integration-test/target/test-dir/MiniOzoneClusterImpl-fc42fee5-8bb2-43c7-8c2a-cc72dd658d38/datanode-1/data-0/containers/hdds/fc42fee5-8bb2-43c7-8c2a-cc72dd658d38/DS-2219b7de-04fd-42ae-9f4b-52e06280b465/container.db for volume DS-2219b7de-04fd-42ae-9f4b-52e06280b465
2023-09-08 11:18:04,985 [EndpointStateMachine task thread for /0.0.0.0:15055 - 0 ] INFO  volume.ThrottledAsyncChecker (ThrottledAsyncChecker.java:schedule(141)) - Scheduling a check for /home/runner/work/ozone/ozone/hadoop-ozone/integration-test/target/test-dir/MiniOzoneClusterImpl-fc42fee5-8bb2-43c7-8c2a-cc72dd658d38/datanode-1/data-0/containers/hdds
2023-09-08 11:18:04,985 [EndpointStateMachine task thread for /0.0.0.0:15055 - 0 ] INFO  volume.StorageVolumeChecker (StorageVolumeChecker.java:checkAllVolumes(213)) - Scheduled health check for volume /home/runner/work/ozone/ozone/hadoop-ozone/integration-test/target/test-dir/MiniOzoneClusterImpl-fc42fee5-8bb2-43c7-8c2a-cc72dd658d38/datanode-1/data-0/containers/hdds
2023-09-08 11:18:04,989 [EndpointStateMachine task thread for /0.0.0.0:15055 - 0 ] INFO  volume.ThrottledAsyncChecker (ThrottledAsyncChecker.java:schedule(141)) - Scheduling a check for /home/runner/work/ozone/ozone/hadoop-ozone/integration-test/target/test-dir/MiniOzoneClusterImpl-fc42fee5-8bb2-43c7-8c2a-cc72dd658d38/datanode-1/data/ratis
2023-09-08 11:18:04,989 [EndpointStateMachine task thread for /0.0.0.0:15055 - 0 ] INFO  volume.StorageVolumeChecker (StorageVolumeChecker.java:checkAllVolumes(213)) - Scheduled health check for volume /home/runner/work/ozone/ozone/hadoop-ozone/integration-test/target/test-dir/MiniOzoneClusterImpl-fc42fee5-8bb2-43c7-8c2a-cc72dd658d38/datanode-1/data/ratis
2023-09-08 11:18:04,990 [EndpointStateMachine task thread for /0.0.0.0:15055 - 0 ] INFO  ozoneimpl.OzoneContainer (OzoneContainer.java:start(429)) - Attempting to start container services.
2023-09-08 11:18:04,990 [EndpointStateMachine task thread for /0.0.0.0:15055 - 0 ] INFO  ozoneimpl.OzoneContainer (OzoneContainer.java:startContainerScrub(325)) - Scheduled background container scanners and the on-demand container scanner have been disabled.
2023-09-08 11:18:04,992 [EndpointStateMachine task thread for /0.0.0.0:15055 - 0 ] INFO  replication.ReplicationServer (ReplicationServer.java:start(130)) - ReplicationServer is started using port 15078
2023-09-08 11:18:04,992 [EndpointStateMachine task thread for /0.0.0.0:15055 - 0 ] INFO  ratis.XceiverServerRatis (XceiverServerRatis.java:start(517)) - Starting XceiverServerRatis 31c5dcde-db57-40d7-a24d-ec5de7583a50
2023-09-08 11:18:04,994 [EndpointStateMachine task thread for /0.0.0.0:15055 - 0 ] INFO  server.RaftServer (RaftServerProxy.java:startImpl(400)) - 31c5dcde-db57-40d7-a24d-ec5de7583a50: start RPC server
2023-09-08 11:18:04,995 [EndpointStateMachine task thread for /0.0.0.0:15055 - 0 ] INFO  server.GrpcService (GrpcService.java:startImpl(302)) - 31c5dcde-db57-40d7-a24d-ec5de7583a50: GrpcService started, listening on 15074
2023-09-08 11:18:04,996 [EndpointStateMachine task thread for /0.0.0.0:15055 - 0 ] INFO  server.GrpcService (GrpcService.java:startImpl(302)) - 31c5dcde-db57-40d7-a24d-ec5de7583a50: GrpcService started, listening on 15076
2023-09-08 11:18:04,999 [EndpointStateMachine task thread for /0.0.0.0:15055 - 0 ] INFO  server.GrpcService (GrpcService.java:startImpl(302)) - 31c5dcde-db57-40d7-a24d-ec5de7583a50: GrpcService started, listening on 15075
2023-09-08 11:18:04,999 [EndpointStateMachine task thread for /0.0.0.0:15055 - 0 ] INFO  ratis.XceiverServerRatis (XceiverServerRatis.java:getRealPort(543)) - XceiverServerRatis 31c5dcde-db57-40d7-a24d-ec5de7583a50 is started using port 15074 for RATIS
2023-09-08 11:18:04,999 [JvmPauseMonitor10] INFO  util.JvmPauseMonitor (JvmPauseMonitor.java:run(103)) - JvmPauseMonitor-31c5dcde-db57-40d7-a24d-ec5de7583a50: Started
2023-09-08 11:18:05,002 [EndpointStateMachine task thread for /0.0.0.0:15055 - 0 ] INFO  ratis.XceiverServerRatis (XceiverServerRatis.java:getRealPort(543)) - XceiverServerRatis 31c5dcde-db57-40d7-a24d-ec5de7583a50 is started using port 15075 for RATIS_ADMIN
2023-09-08 11:18:05,002 [EndpointStateMachine task thread for /0.0.0.0:15055 - 0 ] INFO  ratis.XceiverServerRatis (XceiverServerRatis.java:getRealPort(543)) - XceiverServerRatis 31c5dcde-db57-40d7-a24d-ec5de7583a50 is started using port 15076 for RATIS_SERVER
2023-09-08 11:18:05,002 [EndpointStateMachine task thread for /0.0.0.0:15055 - 0 ] INFO  ratis.XceiverServerRatis (XceiverServerRatis.java:getRealPort(543)) - XceiverServerRatis 31c5dcde-db57-40d7-a24d-ec5de7583a50 is started using port 15077 for RATIS_DATASTREAM
2023-09-08 11:18:05,007 [BlockDeletingService#0] INFO  interfaces.ContainerDeletionChoosingPolicyTemplate (ContainerDeletionChoosingPolicyTemplate.java:chooseContainerForBlockDeletion(85)) - Chosen 0/5000 blocks from 0 candidate containers.
2023-09-08 11:18:05,051 [main] INFO  ozone.MiniOzoneClusterImpl (MiniOzoneClusterImpl.java:lambda$waitForClusterToBeReady$0(224)) - Waiting for nodes to be ready. Got 0 of 5 DN Heartbeats.
2023-09-08 11:18:05,051 [main] INFO  ozone.MiniOzoneClusterImpl (MiniOzoneClusterImpl.java:lambda$waitForClusterToBeReady$0(227)) - Waiting for cluster to exit safe mode
2023-09-08 11:18:05,051 [main] INFO  ozone.MiniOzoneClusterImpl (MiniOzoneClusterImpl.java:lambda$waitForClusterToBeReady$0(229)) - SCM became leader
2023-09-08 11:18:05,350 [EndpointStateMachine task thread for /0.0.0.0:15055 - 0 ] INFO  utils.DatanodeStoreCache (DatanodeStoreCache.java:addDB(66)) - Added db /home/runner/work/ozone/ozone/hadoop-ozone/integration-test/target/test-dir/MiniOzoneClusterImpl-fc42fee5-8bb2-43c7-8c2a-cc72dd658d38/datanode-2/data-0/containers/hdds/fc42fee5-8bb2-43c7-8c2a-cc72dd658d38/DS-68c01ead-9d8f-411c-823f-36faf608937f/container.db to cache
2023-09-08 11:18:05,350 [EndpointStateMachine task thread for /0.0.0.0:15055 - 0 ] INFO  volume.HddsVolume (HddsVolume.java:createDbStore(422)) - SchemaV3 db is created and loaded at /home/runner/work/ozone/ozone/hadoop-ozone/integration-test/target/test-dir/MiniOzoneClusterImpl-fc42fee5-8bb2-43c7-8c2a-cc72dd658d38/datanode-2/data-0/containers/hdds/fc42fee5-8bb2-43c7-8c2a-cc72dd658d38/DS-68c01ead-9d8f-411c-823f-36faf608937f/container.db for volume DS-68c01ead-9d8f-411c-823f-36faf608937f
2023-09-08 11:18:05,351 [EndpointStateMachine task thread for /0.0.0.0:15055 - 0 ] INFO  volume.ThrottledAsyncChecker (ThrottledAsyncChecker.java:schedule(141)) - Scheduling a check for /home/runner/work/ozone/ozone/hadoop-ozone/integration-test/target/test-dir/MiniOzoneClusterImpl-fc42fee5-8bb2-43c7-8c2a-cc72dd658d38/datanode-2/data-0/containers/hdds
2023-09-08 11:18:05,351 [EndpointStateMachine task thread for /0.0.0.0:15055 - 0 ] INFO  volume.StorageVolumeChecker (StorageVolumeChecker.java:checkAllVolumes(213)) - Scheduled health check for volume /home/runner/work/ozone/ozone/hadoop-ozone/integration-test/target/test-dir/MiniOzoneClusterImpl-fc42fee5-8bb2-43c7-8c2a-cc72dd658d38/datanode-2/data-0/containers/hdds
2023-09-08 11:18:05,354 [EndpointStateMachine task thread for /0.0.0.0:15055 - 0 ] INFO  volume.ThrottledAsyncChecker (ThrottledAsyncChecker.java:schedule(141)) - Scheduling a check for /home/runner/work/ozone/ozone/hadoop-ozone/integration-test/target/test-dir/MiniOzoneClusterImpl-fc42fee5-8bb2-43c7-8c2a-cc72dd658d38/datanode-2/data/ratis
2023-09-08 11:18:05,355 [EndpointStateMachine task thread for /0.0.0.0:15055 - 0 ] INFO  volume.StorageVolumeChecker (StorageVolumeChecker.java:checkAllVolumes(213)) - Scheduled health check for volume /home/runner/work/ozone/ozone/hadoop-ozone/integration-test/target/test-dir/MiniOzoneClusterImpl-fc42fee5-8bb2-43c7-8c2a-cc72dd658d38/datanode-2/data/ratis
2023-09-08 11:18:05,355 [EndpointStateMachine task thread for /0.0.0.0:15055 - 0 ] INFO  ozoneimpl.OzoneContainer (OzoneContainer.java:start(429)) - Attempting to start container services.
2023-09-08 11:18:05,356 [EndpointStateMachine task thread for /0.0.0.0:15055 - 0 ] INFO  ozoneimpl.OzoneContainer (OzoneContainer.java:startContainerScrub(325)) - Scheduled background container scanners and the on-demand container scanner have been disabled.
2023-09-08 11:18:05,357 [EndpointStateMachine task thread for /0.0.0.0:15055 - 0 ] INFO  replication.ReplicationServer (ReplicationServer.java:start(130)) - ReplicationServer is started using port 15087
2023-09-08 11:18:05,357 [EndpointStateMachine task thread for /0.0.0.0:15055 - 0 ] INFO  ratis.XceiverServerRatis (XceiverServerRatis.java:start(517)) - Starting XceiverServerRatis e7773167-2049-479c-a584-e45e7fe0d5b5
2023-09-08 11:18:05,358 [EndpointStateMachine task thread for /0.0.0.0:15055 - 0 ] INFO  server.RaftServer (RaftServerProxy.java:startImpl(400)) - e7773167-2049-479c-a584-e45e7fe0d5b5: start RPC server
2023-09-08 11:18:05,360 [EndpointStateMachine task thread for /0.0.0.0:15055 - 0 ] INFO  server.GrpcService (GrpcService.java:startImpl(302)) - e7773167-2049-479c-a584-e45e7fe0d5b5: GrpcService started, listening on 15083
2023-09-08 11:18:05,363 [EndpointStateMachine task thread for /0.0.0.0:15055 - 0 ] INFO  server.GrpcService (GrpcService.java:startImpl(302)) - e7773167-2049-479c-a584-e45e7fe0d5b5: GrpcService started, listening on 15085
2023-09-08 11:18:05,365 [EndpointStateMachine task thread for /0.0.0.0:15055 - 0 ] INFO  server.GrpcService (GrpcService.java:startImpl(302)) - e7773167-2049-479c-a584-e45e7fe0d5b5: GrpcService started, listening on 15084
2023-09-08 11:18:05,365 [EndpointStateMachine task thread for /0.0.0.0:15055 - 0 ] INFO  ratis.XceiverServerRatis (XceiverServerRatis.java:getRealPort(543)) - XceiverServerRatis e7773167-2049-479c-a584-e45e7fe0d5b5 is started using port 15083 for RATIS
2023-09-08 11:18:05,365 [JvmPauseMonitor11] INFO  util.JvmPauseMonitor (JvmPauseMonitor.java:run(103)) - JvmPauseMonitor-e7773167-2049-479c-a584-e45e7fe0d5b5: Started
2023-09-08 11:18:05,365 [EndpointStateMachine task thread for /0.0.0.0:15055 - 0 ] INFO  ratis.XceiverServerRatis (XceiverServerRatis.java:getRealPort(543)) - XceiverServerRatis e7773167-2049-479c-a584-e45e7fe0d5b5 is started using port 15084 for RATIS_ADMIN
2023-09-08 11:18:05,365 [EndpointStateMachine task thread for /0.0.0.0:15055 - 0 ] INFO  ratis.XceiverServerRatis (XceiverServerRatis.java:getRealPort(543)) - XceiverServerRatis e7773167-2049-479c-a584-e45e7fe0d5b5 is started using port 15085 for RATIS_SERVER
2023-09-08 11:18:05,365 [EndpointStateMachine task thread for /0.0.0.0:15055 - 0 ] INFO  ratis.XceiverServerRatis (XceiverServerRatis.java:getRealPort(543)) - XceiverServerRatis e7773167-2049-479c-a584-e45e7fe0d5b5 is started using port 15086 for RATIS_DATASTREAM
2023-09-08 11:18:05,368 [BlockDeletingService#0] INFO  interfaces.ContainerDeletionChoosingPolicyTemplate (ContainerDeletionChoosingPolicyTemplate.java:chooseContainerForBlockDeletion(85)) - Chosen 0/5000 blocks from 0 candidate containers.
2023-09-08 11:18:05,734 [EndpointStateMachine task thread for /0.0.0.0:15055 - 0 ] INFO  utils.DatanodeStoreCache (DatanodeStoreCache.java:addDB(66)) - Added db /home/runner/work/ozone/ozone/hadoop-ozone/integration-test/target/test-dir/MiniOzoneClusterImpl-fc42fee5-8bb2-43c7-8c2a-cc72dd658d38/datanode-3/data-0/containers/hdds/fc42fee5-8bb2-43c7-8c2a-cc72dd658d38/DS-de102083-540c-437a-a4d6-6fd8a6cb20dd/container.db to cache
2023-09-08 11:18:05,734 [EndpointStateMachine task thread for /0.0.0.0:15055 - 0 ] INFO  volume.HddsVolume (HddsVolume.java:createDbStore(422)) - SchemaV3 db is created and loaded at /home/runner/work/ozone/ozone/hadoop-ozone/integration-test/target/test-dir/MiniOzoneClusterImpl-fc42fee5-8bb2-43c7-8c2a-cc72dd658d38/datanode-3/data-0/containers/hdds/fc42fee5-8bb2-43c7-8c2a-cc72dd658d38/DS-de102083-540c-437a-a4d6-6fd8a6cb20dd/container.db for volume DS-de102083-540c-437a-a4d6-6fd8a6cb20dd
2023-09-08 11:18:05,735 [EndpointStateMachine task thread for /0.0.0.0:15055 - 0 ] INFO  volume.ThrottledAsyncChecker (ThrottledAsyncChecker.java:schedule(141)) - Scheduling a check for /home/runner/work/ozone/ozone/hadoop-ozone/integration-test/target/test-dir/MiniOzoneClusterImpl-fc42fee5-8bb2-43c7-8c2a-cc72dd658d38/datanode-3/data-0/containers/hdds
2023-09-08 11:18:05,736 [EndpointStateMachine task thread for /0.0.0.0:15055 - 0 ] INFO  volume.StorageVolumeChecker (StorageVolumeChecker.java:checkAllVolumes(213)) - Scheduled health check for volume /home/runner/work/ozone/ozone/hadoop-ozone/integration-test/target/test-dir/MiniOzoneClusterImpl-fc42fee5-8bb2-43c7-8c2a-cc72dd658d38/datanode-3/data-0/containers/hdds
2023-09-08 11:18:05,738 [EndpointStateMachine task thread for /0.0.0.0:15055 - 0 ] INFO  volume.ThrottledAsyncChecker (ThrottledAsyncChecker.java:schedule(141)) - Scheduling a check for /home/runner/work/ozone/ozone/hadoop-ozone/integration-test/target/test-dir/MiniOzoneClusterImpl-fc42fee5-8bb2-43c7-8c2a-cc72dd658d38/datanode-3/data/ratis
2023-09-08 11:18:05,738 [EndpointStateMachine task thread for /0.0.0.0:15055 - 0 ] INFO  volume.StorageVolumeChecker (StorageVolumeChecker.java:checkAllVolumes(213)) - Scheduled health check for volume /home/runner/work/ozone/ozone/hadoop-ozone/integration-test/target/test-dir/MiniOzoneClusterImpl-fc42fee5-8bb2-43c7-8c2a-cc72dd658d38/datanode-3/data/ratis
2023-09-08 11:18:05,739 [EndpointStateMachine task thread for /0.0.0.0:15055 - 0 ] INFO  ozoneimpl.OzoneContainer (OzoneContainer.java:start(429)) - Attempting to start container services.
2023-09-08 11:18:05,739 [EndpointStateMachine task thread for /0.0.0.0:15055 - 0 ] INFO  ozoneimpl.OzoneContainer (OzoneContainer.java:startContainerScrub(325)) - Scheduled background container scanners and the on-demand container scanner have been disabled.
2023-09-08 11:18:05,741 [EndpointStateMachine task thread for /0.0.0.0:15055 - 0 ] INFO  replication.ReplicationServer (ReplicationServer.java:start(130)) - ReplicationServer is started using port 15096
2023-09-08 11:18:05,741 [EndpointStateMachine task thread for /0.0.0.0:15055 - 0 ] INFO  ratis.XceiverServerRatis (XceiverServerRatis.java:start(517)) - Starting XceiverServerRatis 17f9ea42-0da3-466f-953b-33021d7cf2c6
2023-09-08 11:18:05,741 [EndpointStateMachine task thread for /0.0.0.0:15055 - 0 ] INFO  server.RaftServer (RaftServerProxy.java:startImpl(400)) - 17f9ea42-0da3-466f-953b-33021d7cf2c6: start RPC server
2023-09-08 11:18:05,743 [EndpointStateMachine task thread for /0.0.0.0:15055 - 0 ] INFO  server.GrpcService (GrpcService.java:startImpl(302)) - 17f9ea42-0da3-466f-953b-33021d7cf2c6: GrpcService started, listening on 15092
2023-09-08 11:18:05,743 [EndpointStateMachine task thread for /0.0.0.0:15055 - 0 ] INFO  server.GrpcService (GrpcService.java:startImpl(302)) - 17f9ea42-0da3-466f-953b-33021d7cf2c6: GrpcService started, listening on 15094
2023-09-08 11:18:05,746 [EndpointStateMachine task thread for /0.0.0.0:15055 - 0 ] INFO  server.GrpcService (GrpcService.java:startImpl(302)) - 17f9ea42-0da3-466f-953b-33021d7cf2c6: GrpcService started, listening on 15093
2023-09-08 11:18:05,746 [EndpointStateMachine task thread for /0.0.0.0:15055 - 0 ] INFO  ratis.XceiverServerRatis (XceiverServerRatis.java:getRealPort(543)) - XceiverServerRatis 17f9ea42-0da3-466f-953b-33021d7cf2c6 is started using port 15092 for RATIS
2023-09-08 11:18:05,746 [EndpointStateMachine task thread for /0.0.0.0:15055 - 0 ] INFO  ratis.XceiverServerRatis (XceiverServerRatis.java:getRealPort(543)) - XceiverServerRatis 17f9ea42-0da3-466f-953b-33021d7cf2c6 is started using port 15093 for RATIS_ADMIN
2023-09-08 11:18:05,746 [EndpointStateMachine task thread for /0.0.0.0:15055 - 0 ] INFO  ratis.XceiverServerRatis (XceiverServerRatis.java:getRealPort(543)) - XceiverServerRatis 17f9ea42-0da3-466f-953b-33021d7cf2c6 is started using port 15094 for RATIS_SERVER
2023-09-08 11:18:05,746 [EndpointStateMachine task thread for /0.0.0.0:15055 - 0 ] INFO  ratis.XceiverServerRatis (XceiverServerRatis.java:getRealPort(543)) - XceiverServerRatis 17f9ea42-0da3-466f-953b-33021d7cf2c6 is started using port 15095 for RATIS_DATASTREAM
2023-09-08 11:18:05,747 [JvmPauseMonitor12] INFO  util.JvmPauseMonitor (JvmPauseMonitor.java:run(103)) - JvmPauseMonitor-17f9ea42-0da3-466f-953b-33021d7cf2c6: Started
2023-09-08 11:18:05,759 [BlockDeletingService#0] INFO  interfaces.ContainerDeletionChoosingPolicyTemplate (ContainerDeletionChoosingPolicyTemplate.java:chooseContainerForBlockDeletion(85)) - Chosen 0/5000 blocks from 0 candidate containers.
2023-09-08 11:18:06,052 [main] INFO  ozone.MiniOzoneClusterImpl (MiniOzoneClusterImpl.java:lambda$waitForClusterToBeReady$0(224)) - Waiting for nodes to be ready. Got 0 of 5 DN Heartbeats.
2023-09-08 11:18:06,052 [main] INFO  ozone.MiniOzoneClusterImpl (MiniOzoneClusterImpl.java:lambda$waitForClusterToBeReady$0(227)) - Waiting for cluster to exit safe mode
2023-09-08 11:18:06,052 [main] INFO  ozone.MiniOzoneClusterImpl (MiniOzoneClusterImpl.java:lambda$waitForClusterToBeReady$0(229)) - SCM became leader
2023-09-08 11:18:06,103 [EndpointStateMachine task thread for /0.0.0.0:15055 - 0 ] INFO  utils.DatanodeStoreCache (DatanodeStoreCache.java:addDB(66)) - Added db /home/runner/work/ozone/ozone/hadoop-ozone/integration-test/target/test-dir/MiniOzoneClusterImpl-fc42fee5-8bb2-43c7-8c2a-cc72dd658d38/datanode-4/data-0/containers/hdds/fc42fee5-8bb2-43c7-8c2a-cc72dd658d38/DS-86638bd4-deb6-4df8-b6f5-98fa55f9d1c2/container.db to cache
2023-09-08 11:18:06,103 [EndpointStateMachine task thread for /0.0.0.0:15055 - 0 ] INFO  volume.HddsVolume (HddsVolume.java:createDbStore(422)) - SchemaV3 db is created and loaded at /home/runner/work/ozone/ozone/hadoop-ozone/integration-test/target/test-dir/MiniOzoneClusterImpl-fc42fee5-8bb2-43c7-8c2a-cc72dd658d38/datanode-4/data-0/containers/hdds/fc42fee5-8bb2-43c7-8c2a-cc72dd658d38/DS-86638bd4-deb6-4df8-b6f5-98fa55f9d1c2/container.db for volume DS-86638bd4-deb6-4df8-b6f5-98fa55f9d1c2
2023-09-08 11:18:06,104 [EndpointStateMachine task thread for /0.0.0.0:15055 - 0 ] INFO  volume.ThrottledAsyncChecker (ThrottledAsyncChecker.java:schedule(141)) - Scheduling a check for /home/runner/work/ozone/ozone/hadoop-ozone/integration-test/target/test-dir/MiniOzoneClusterImpl-fc42fee5-8bb2-43c7-8c2a-cc72dd658d38/datanode-4/data-0/containers/hdds
2023-09-08 11:18:06,105 [EndpointStateMachine task thread for /0.0.0.0:15055 - 0 ] INFO  volume.StorageVolumeChecker (StorageVolumeChecker.java:checkAllVolumes(213)) - Scheduled health check for volume /home/runner/work/ozone/ozone/hadoop-ozone/integration-test/target/test-dir/MiniOzoneClusterImpl-fc42fee5-8bb2-43c7-8c2a-cc72dd658d38/datanode-4/data-0/containers/hdds
2023-09-08 11:18:06,108 [EndpointStateMachine task thread for /0.0.0.0:15055 - 0 ] INFO  volume.ThrottledAsyncChecker (ThrottledAsyncChecker.java:schedule(141)) - Scheduling a check for /home/runner/work/ozone/ozone/hadoop-ozone/integration-test/target/test-dir/MiniOzoneClusterImpl-fc42fee5-8bb2-43c7-8c2a-cc72dd658d38/datanode-4/data/ratis
2023-09-08 11:18:06,108 [EndpointStateMachine task thread for /0.0.0.0:15055 - 0 ] INFO  volume.StorageVolumeChecker (StorageVolumeChecker.java:checkAllVolumes(213)) - Scheduled health check for volume /home/runner/work/ozone/ozone/hadoop-ozone/integration-test/target/test-dir/MiniOzoneClusterImpl-fc42fee5-8bb2-43c7-8c2a-cc72dd658d38/datanode-4/data/ratis
2023-09-08 11:18:06,111 [EndpointStateMachine task thread for /0.0.0.0:15055 - 0 ] INFO  ozoneimpl.OzoneContainer (OzoneContainer.java:start(429)) - Attempting to start container services.
2023-09-08 11:18:06,111 [EndpointStateMachine task thread for /0.0.0.0:15055 - 0 ] INFO  ozoneimpl.OzoneContainer (OzoneContainer.java:startContainerScrub(325)) - Scheduled background container scanners and the on-demand container scanner have been disabled.
2023-09-08 11:18:06,113 [EndpointStateMachine task thread for /0.0.0.0:15055 - 0 ] INFO  replication.ReplicationServer (ReplicationServer.java:start(130)) - ReplicationServer is started using port 15105
2023-09-08 11:18:06,113 [EndpointStateMachine task thread for /0.0.0.0:15055 - 0 ] INFO  ratis.XceiverServerRatis (XceiverServerRatis.java:start(517)) - Starting XceiverServerRatis cc8e8696-e38e-4ced-9d90-ae7c9c418c99
2023-09-08 11:18:06,113 [EndpointStateMachine task thread for /0.0.0.0:15055 - 0 ] INFO  server.RaftServer (RaftServerProxy.java:startImpl(400)) - cc8e8696-e38e-4ced-9d90-ae7c9c418c99: start RPC server
2023-09-08 11:18:06,115 [EndpointStateMachine task thread for /0.0.0.0:15055 - 0 ] INFO  server.GrpcService (GrpcService.java:startImpl(302)) - cc8e8696-e38e-4ced-9d90-ae7c9c418c99: GrpcService started, listening on 15101
2023-09-08 11:18:06,117 [EndpointStateMachine task thread for /0.0.0.0:15055 - 0 ] INFO  server.GrpcService (GrpcService.java:startImpl(302)) - cc8e8696-e38e-4ced-9d90-ae7c9c418c99: GrpcService started, listening on 15103
2023-09-08 11:18:06,118 [EndpointStateMachine task thread for /0.0.0.0:15055 - 0 ] INFO  server.GrpcService (GrpcService.java:startImpl(302)) - cc8e8696-e38e-4ced-9d90-ae7c9c418c99: GrpcService started, listening on 15102
2023-09-08 11:18:06,118 [EndpointStateMachine task thread for /0.0.0.0:15055 - 0 ] INFO  ratis.XceiverServerRatis (XceiverServerRatis.java:getRealPort(543)) - XceiverServerRatis cc8e8696-e38e-4ced-9d90-ae7c9c418c99 is started using port 15101 for RATIS
2023-09-08 11:18:06,118 [EndpointStateMachine task thread for /0.0.0.0:15055 - 0 ] INFO  ratis.XceiverServerRatis (XceiverServerRatis.java:getRealPort(543)) - XceiverServerRatis cc8e8696-e38e-4ced-9d90-ae7c9c418c99 is started using port 15102 for RATIS_ADMIN
2023-09-08 11:18:06,119 [EndpointStateMachine task thread for /0.0.0.0:15055 - 0 ] INFO  ratis.XceiverServerRatis (XceiverServerRatis.java:getRealPort(543)) - XceiverServerRatis cc8e8696-e38e-4ced-9d90-ae7c9c418c99 is started using port 15103 for RATIS_SERVER
2023-09-08 11:18:06,119 [EndpointStateMachine task thread for /0.0.0.0:15055 - 0 ] INFO  ratis.XceiverServerRatis (XceiverServerRatis.java:getRealPort(543)) - XceiverServerRatis cc8e8696-e38e-4ced-9d90-ae7c9c418c99 is started using port 15104 for RATIS_DATASTREAM
2023-09-08 11:18:06,119 [JvmPauseMonitor13] INFO  util.JvmPauseMonitor (JvmPauseMonitor.java:run(103)) - JvmPauseMonitor-cc8e8696-e38e-4ced-9d90-ae7c9c418c99: Started
2023-09-08 11:18:06,122 [BlockDeletingService#0] INFO  interfaces.ContainerDeletionChoosingPolicyTemplate (ContainerDeletionChoosingPolicyTemplate.java:chooseContainerForBlockDeletion(85)) - Chosen 0/5000 blocks from 0 candidate containers.
2023-09-08 11:18:06,561 [IPC Server handler 12 on default port 15055] INFO  net.NetworkTopologyImpl (NetworkTopologyImpl.java:add(112)) - Added a new node: /default-rack/250abfd1-bd23-40f0-a4b0-f7070b21e986
2023-09-08 11:18:06,561 [IPC Server handler 12 on default port 15055] INFO  node.SCMNodeManager (SCMNodeManager.java:register(405)) - Registered Data node : 250abfd1-bd23-40f0-a4b0-f7070b21e986{ip: 10.1.0.72, host: fv-az203-160.hq41me5fykbulac445kfrvsskg.dx.internal.cloudapp.net, ports: [HTTP=15062, CLIENT_RPC=15063, REPLICATION=15069, RATIS=15065, RATIS_ADMIN=15066, RATIS_SERVER=15067, RATIS_DATASTREAM=15068, STANDALONE=15064], networkLocation: /default-rack, certSerialId: null, persistedOpState: null, persistedOpStateExpiryEpochSec: 0}
2023-09-08 11:18:06,565 [EventQueue-NodeRegistrationContainerReportForDataNodeSafeModeRule] INFO  safemode.SCMSafeModeManager (DataNodeSafeModeRule.java:process(71)) - SCM in safe mode. 1 DataNodes registered, 3 required.
2023-09-08 11:18:06,565 [EventQueue-NodeRegistrationContainerReportForContainerSafeModeRule] INFO  safemode.SCMSafeModeManager (SCMSafeModeManager.java:validateSafeModeExitRules(200)) - ContainerSafeModeRule rule is successfully validated
2023-09-08 11:18:06,567 [EventQueue-PipelineReportForOneReplicaPipelineSafeModeRule] INFO  safemode.SCMSafeModeManager (SCMSafeModeManager.java:validateSafeModeExitRules(200)) - AtleastOneDatanodeReportedRule rule is successfully validated
2023-09-08 11:18:06,572 [EventQueue-NewNodeForNewNodeHandler] INFO  pipeline.BackgroundPipelineCreator (BackgroundPipelineCreator.java:notifyEventTriggered(277)) - trigger a one-shot run on RatisPipelineUtilsThread.
2023-09-08 11:18:06,572 [RatisPipelineUtilsThread - 0] INFO  pipeline.RatisPipelineProvider (RatisPipelineProvider.java:lambda$create$0(206)) - Sending CreatePipelineCommand for pipeline:PipelineID=1cb03a45-e29c-4dc9-bdfe-8f03ce2a9cec to datanode:250abfd1-bd23-40f0-a4b0-f7070b21e986
2023-09-08 11:18:06,573 [RatisPipelineUtilsThread - 0] INFO  pipeline.BackgroundPipelineCreator (BackgroundPipelineCreator.java:createPipelines(233)) - Created new pipeline Pipeline[ Id: 1cb03a45-e29c-4dc9-bdfe-8f03ce2a9cec, Nodes: 250abfd1-bd23-40f0-a4b0-f7070b21e986(fv-az203-160.hq41me5fykbulac445kfrvsskg.dx.internal.cloudapp.net/10.1.0.72), ReplicationConfig: RATIS/ONE, State:ALLOCATED, leaderId:, CreationTimestamp2023-09-08T11:18:06.572Z[Etc/UTC]]
2023-09-08 11:18:06,940 [IPC Server handler 11 on default port 15055] INFO  net.NetworkTopologyImpl (NetworkTopologyImpl.java:add(112)) - Added a new node: /default-rack/31c5dcde-db57-40d7-a24d-ec5de7583a50
2023-09-08 11:18:06,941 [IPC Server handler 11 on default port 15055] INFO  node.SCMNodeManager (SCMNodeManager.java:register(405)) - Registered Data node : 31c5dcde-db57-40d7-a24d-ec5de7583a50{ip: 10.1.0.72, host: fv-az203-160.hq41me5fykbulac445kfrvsskg.dx.internal.cloudapp.net, ports: [HTTP=15071, CLIENT_RPC=15072, REPLICATION=15078, RATIS=15074, RATIS_ADMIN=15075, RATIS_SERVER=15076, RATIS_DATASTREAM=15077, STANDALONE=15073], networkLocation: /default-rack, certSerialId: null, persistedOpState: null, persistedOpStateExpiryEpochSec: 0}
2023-09-08 11:18:06,941 [EventQueue-NewNodeForNewNodeHandler] INFO  pipeline.BackgroundPipelineCreator (BackgroundPipelineCreator.java:notifyEventTriggered(277)) - trigger a one-shot run on RatisPipelineUtilsThread.
2023-09-08 11:18:06,941 [EventQueue-NodeRegistrationContainerReportForDataNodeSafeModeRule] INFO  safemode.SCMSafeModeManager (DataNodeSafeModeRule.java:process(71)) - SCM in safe mode. 2 DataNodes registered, 3 required.
2023-09-08 11:18:06,942 [RatisPipelineUtilsThread - 0] INFO  pipeline.RatisPipelineProvider (RatisPipelineProvider.java:lambda$create$0(206)) - Sending CreatePipelineCommand for pipeline:PipelineID=4699ad16-16f7-44fe-b270-d302e3903700 to datanode:31c5dcde-db57-40d7-a24d-ec5de7583a50
2023-09-08 11:18:06,943 [RatisPipelineUtilsThread - 0] INFO  pipeline.BackgroundPipelineCreator (BackgroundPipelineCreator.java:createPipelines(233)) - Created new pipeline Pipeline[ Id: 4699ad16-16f7-44fe-b270-d302e3903700, Nodes: 31c5dcde-db57-40d7-a24d-ec5de7583a50(fv-az203-160.hq41me5fykbulac445kfrvsskg.dx.internal.cloudapp.net/10.1.0.72), ReplicationConfig: RATIS/ONE, State:ALLOCATED, leaderId:, CreationTimestamp2023-09-08T11:18:06.942Z[Etc/UTC]]
2023-09-08 11:18:07,052 [main] INFO  ozone.MiniOzoneClusterImpl (MiniOzoneClusterImpl.java:lambda$waitForClusterToBeReady$0(224)) - Waiting for nodes to be ready. Got 2 of 5 DN Heartbeats.
2023-09-08 11:18:07,053 [main] INFO  ozone.MiniOzoneClusterImpl (MiniOzoneClusterImpl.java:lambda$waitForClusterToBeReady$0(227)) - Waiting for cluster to exit safe mode
2023-09-08 11:18:07,053 [main] INFO  ozone.MiniOzoneClusterImpl (MiniOzoneClusterImpl.java:lambda$waitForClusterToBeReady$0(229)) - SCM became leader
2023-09-08 11:18:07,307 [IPC Server handler 12 on default port 15055] INFO  net.NetworkTopologyImpl (NetworkTopologyImpl.java:add(112)) - Added a new node: /default-rack/e7773167-2049-479c-a584-e45e7fe0d5b5
2023-09-08 11:18:07,308 [IPC Server handler 12 on default port 15055] INFO  node.SCMNodeManager (SCMNodeManager.java:register(405)) - Registered Data node : e7773167-2049-479c-a584-e45e7fe0d5b5{ip: 10.1.0.72, host: fv-az203-160.hq41me5fykbulac445kfrvsskg.dx.internal.cloudapp.net, ports: [HTTP=15080, CLIENT_RPC=15081, REPLICATION=15087, RATIS=15083, RATIS_ADMIN=15084, RATIS_SERVER=15085, RATIS_DATASTREAM=15086, STANDALONE=15082], networkLocation: /default-rack, certSerialId: null, persistedOpState: null, persistedOpStateExpiryEpochSec: 0}
2023-09-08 11:18:07,308 [EventQueue-NewNodeForNewNodeHandler] INFO  pipeline.BackgroundPipelineCreator (BackgroundPipelineCreator.java:notifyEventTriggered(277)) - trigger a one-shot run on RatisPipelineUtilsThread.
2023-09-08 11:18:07,308 [EventQueue-NodeRegistrationContainerReportForDataNodeSafeModeRule] INFO  safemode.SCMSafeModeManager (DataNodeSafeModeRule.java:process(71)) - SCM in safe mode. 3 DataNodes registered, 3 required.
2023-09-08 11:18:07,308 [EventQueue-NodeRegistrationContainerReportForDataNodeSafeModeRule] INFO  safemode.SCMSafeModeManager (SCMSafeModeManager.java:validateSafeModeExitRules(200)) - DataNodeSafeModeRule rule is successfully validated
2023-09-08 11:18:07,308 [EventQueue-NodeRegistrationContainerReportForDataNodeSafeModeRule] INFO  safemode.SCMSafeModeManager (SCMSafeModeManager.java:completePreCheck(229)) - All SCM safe mode pre check rules have passed
2023-09-08 11:18:07,308 [EventQueue-NodeRegistrationContainerReportForDataNodeSafeModeRule] INFO  ha.SCMContext (SCMContext.java:updateSafeModeStatus(228)) - Update SafeModeStatus from SafeModeStatus{safeModeStatus=true, preCheckPassed=false} to SafeModeStatus{safeModeStatus=true, preCheckPassed=true}.
2023-09-08 11:18:07,308 [EventQueue-NodeRegistrationContainerReportForDataNodeSafeModeRule] INFO  pipeline.BackgroundPipelineCreator (BackgroundPipelineCreator.java:notifyEventTriggered(277)) - trigger a one-shot run on RatisPipelineUtilsThread.
2023-09-08 11:18:07,310 [RatisPipelineUtilsThread - 0] INFO  pipeline.RatisPipelineProvider (RatisPipelineProvider.java:lambda$create$0(206)) - Sending CreatePipelineCommand for pipeline:PipelineID=8326c035-37f4-475c-b667-310911e93b88 to datanode:e7773167-2049-479c-a584-e45e7fe0d5b5
2023-09-08 11:18:07,311 [RatisPipelineUtilsThread - 0] INFO  pipeline.BackgroundPipelineCreator (BackgroundPipelineCreator.java:createPipelines(233)) - Created new pipeline Pipeline[ Id: 8326c035-37f4-475c-b667-310911e93b88, Nodes: e7773167-2049-479c-a584-e45e7fe0d5b5(fv-az203-160.hq41me5fykbulac445kfrvsskg.dx.internal.cloudapp.net/10.1.0.72), ReplicationConfig: RATIS/ONE, State:ALLOCATED, leaderId:, CreationTimestamp2023-09-08T11:18:07.310Z[Etc/UTC]]
2023-09-08 11:18:07,311 [RatisPipelineUtilsThread - 0] INFO  pipeline.RatisPipelineProvider (RatisPipelineProvider.java:lambda$create$0(206)) - Sending CreatePipelineCommand for pipeline:PipelineID=cae1cfef-08b9-4dc8-a6cf-0148662441ed to datanode:31c5dcde-db57-40d7-a24d-ec5de7583a50
2023-09-08 11:18:07,311 [RatisPipelineUtilsThread - 0] INFO  pipeline.RatisPipelineProvider (RatisPipelineProvider.java:lambda$create$0(206)) - Sending CreatePipelineCommand for pipeline:PipelineID=cae1cfef-08b9-4dc8-a6cf-0148662441ed to datanode:e7773167-2049-479c-a584-e45e7fe0d5b5
2023-09-08 11:18:07,311 [RatisPipelineUtilsThread - 0] INFO  pipeline.RatisPipelineProvider (RatisPipelineProvider.java:lambda$create$0(206)) - Sending CreatePipelineCommand for pipeline:PipelineID=cae1cfef-08b9-4dc8-a6cf-0148662441ed to datanode:250abfd1-bd23-40f0-a4b0-f7070b21e986
2023-09-08 11:18:07,312 [RatisPipelineUtilsThread - 0] INFO  pipeline.BackgroundPipelineCreator (BackgroundPipelineCreator.java:createPipelines(233)) - Created new pipeline Pipeline[ Id: cae1cfef-08b9-4dc8-a6cf-0148662441ed, Nodes: 31c5dcde-db57-40d7-a24d-ec5de7583a50(fv-az203-160.hq41me5fykbulac445kfrvsskg.dx.internal.cloudapp.net/10.1.0.72)e7773167-2049-479c-a584-e45e7fe0d5b5(fv-az203-160.hq41me5fykbulac445kfrvsskg.dx.internal.cloudapp.net/10.1.0.72)250abfd1-bd23-40f0-a4b0-f7070b21e986(fv-az203-160.hq41me5fykbulac445kfrvsskg.dx.internal.cloudapp.net/10.1.0.72), ReplicationConfig: RATIS/THREE, State:ALLOCATED, leaderId:, CreationTimestamp2023-09-08T11:18:07.311Z[Etc/UTC]]
2023-09-08 11:18:07,319 [RatisPipelineUtilsThread - 0] INFO  pipeline.RatisPipelineProvider (RatisPipelineProvider.java:lambda$create$0(206)) - Sending CreatePipelineCommand for pipeline:PipelineID=214054d4-b789-494d-8505-120be6a4a936 to datanode:250abfd1-bd23-40f0-a4b0-f7070b21e986
2023-09-08 11:18:07,319 [RatisPipelineUtilsThread - 0] INFO  pipeline.RatisPipelineProvider (RatisPipelineProvider.java:lambda$create$0(206)) - Sending CreatePipelineCommand for pipeline:PipelineID=214054d4-b789-494d-8505-120be6a4a936 to datanode:31c5dcde-db57-40d7-a24d-ec5de7583a50
2023-09-08 11:18:07,319 [RatisPipelineUtilsThread - 0] INFO  pipeline.RatisPipelineProvider (RatisPipelineProvider.java:lambda$create$0(206)) - Sending CreatePipelineCommand for pipeline:PipelineID=214054d4-b789-494d-8505-120be6a4a936 to datanode:e7773167-2049-479c-a584-e45e7fe0d5b5
2023-09-08 11:18:07,320 [RatisPipelineUtilsThread - 0] INFO  pipeline.PipelineManagerImpl (PipelineManagerImpl.java:recordMetricsForPipeline(914)) - Pipeline: PipelineID=214054d4-b789-494d-8505-120be6a4a936 contains same datanodes as previous pipelines: PipelineID=cae1cfef-08b9-4dc8-a6cf-0148662441ed nodeIds: 250abfd1-bd23-40f0-a4b0-f7070b21e986, 31c5dcde-db57-40d7-a24d-ec5de7583a50, e7773167-2049-479c-a584-e45e7fe0d5b5
2023-09-08 11:18:07,320 [RatisPipelineUtilsThread - 0] INFO  pipeline.BackgroundPipelineCreator (BackgroundPipelineCreator.java:createPipelines(233)) - Created new pipeline Pipeline[ Id: 214054d4-b789-494d-8505-120be6a4a936, Nodes: 250abfd1-bd23-40f0-a4b0-f7070b21e986(fv-az203-160.hq41me5fykbulac445kfrvsskg.dx.internal.cloudapp.net/10.1.0.72)31c5dcde-db57-40d7-a24d-ec5de7583a50(fv-az203-160.hq41me5fykbulac445kfrvsskg.dx.internal.cloudapp.net/10.1.0.72)e7773167-2049-479c-a584-e45e7fe0d5b5(fv-az203-160.hq41me5fykbulac445kfrvsskg.dx.internal.cloudapp.net/10.1.0.72), ReplicationConfig: RATIS/THREE, State:ALLOCATED, leaderId:, CreationTimestamp2023-09-08T11:18:07.319Z[Etc/UTC]]
2023-09-08 11:18:07,690 [IPC Server handler 11 on default port 15055] INFO  net.NetworkTopologyImpl (NetworkTopologyImpl.java:add(112)) - Added a new node: /default-rack/17f9ea42-0da3-466f-953b-33021d7cf2c6
2023-09-08 11:18:07,690 [IPC Server handler 11 on default port 15055] INFO  node.SCMNodeManager (SCMNodeManager.java:register(405)) - Registered Data node : 17f9ea42-0da3-466f-953b-33021d7cf2c6{ip: 10.1.0.72, host: fv-az203-160.hq41me5fykbulac445kfrvsskg.dx.internal.cloudapp.net, ports: [HTTP=15089, CLIENT_RPC=15090, REPLICATION=15096, RATIS=15092, RATIS_ADMIN=15093, RATIS_SERVER=15094, RATIS_DATASTREAM=15095, STANDALONE=15091], networkLocation: /default-rack, certSerialId: null, persistedOpState: null, persistedOpStateExpiryEpochSec: 0}
2023-09-08 11:18:07,692 [EventQueue-NewNodeForNewNodeHandler] INFO  pipeline.BackgroundPipelineCreator (BackgroundPipelineCreator.java:notifyEventTriggered(277)) - trigger a one-shot run on RatisPipelineUtilsThread.
2023-09-08 11:18:07,693 [RatisPipelineUtilsThread - 0] INFO  pipeline.RatisPipelineProvider (RatisPipelineProvider.java:lambda$create$0(206)) - Sending CreatePipelineCommand for pipeline:PipelineID=631529a6-3bfb-49a1-9734-cba28d4c7e1c to datanode:17f9ea42-0da3-466f-953b-33021d7cf2c6
2023-09-08 11:18:07,694 [RatisPipelineUtilsThread - 0] INFO  pipeline.BackgroundPipelineCreator (BackgroundPipelineCreator.java:createPipelines(233)) - Created new pipeline Pipeline[ Id: 631529a6-3bfb-49a1-9734-cba28d4c7e1c, Nodes: 17f9ea42-0da3-466f-953b-33021d7cf2c6(fv-az203-160.hq41me5fykbulac445kfrvsskg.dx.internal.cloudapp.net/10.1.0.72), ReplicationConfig: RATIS/ONE, State:ALLOCATED, leaderId:, CreationTimestamp2023-09-08T11:18:07.693Z[Etc/UTC]]
2023-09-08 11:18:08,053 [main] INFO  ozone.MiniOzoneClusterImpl (MiniOzoneClusterImpl.java:lambda$waitForClusterToBeReady$0(224)) - Waiting for nodes to be ready. Got 4 of 5 DN Heartbeats.
2023-09-08 11:18:08,053 [main] INFO  ozone.MiniOzoneClusterImpl (MiniOzoneClusterImpl.java:lambda$waitForClusterToBeReady$0(227)) - Waiting for cluster to exit safe mode
2023-09-08 11:18:08,053 [main] INFO  ozone.MiniOzoneClusterImpl (MiniOzoneClusterImpl.java:lambda$waitForClusterToBeReady$0(229)) - SCM became leader
2023-09-08 11:18:08,063 [IPC Server handler 13 on default port 15055] INFO  net.NetworkTopologyImpl (NetworkTopologyImpl.java:add(112)) - Added a new node: /default-rack/cc8e8696-e38e-4ced-9d90-ae7c9c418c99
2023-09-08 11:18:08,063 [IPC Server handler 13 on default port 15055] INFO  node.SCMNodeManager (SCMNodeManager.java:register(405)) - Registered Data node : cc8e8696-e38e-4ced-9d90-ae7c9c418c99{ip: 10.1.0.72, host: fv-az203-160.hq41me5fykbulac445kfrvsskg.dx.internal.cloudapp.net, ports: [HTTP=15098, CLIENT_RPC=15099, REPLICATION=15105, RATIS=15101, RATIS_ADMIN=15102, RATIS_SERVER=15103, RATIS_DATASTREAM=15104, STANDALONE=15100], networkLocation: /default-rack, certSerialId: null, persistedOpState: null, persistedOpStateExpiryEpochSec: 0}
2023-09-08 11:18:08,064 [EventQueue-NewNodeForNewNodeHandler] INFO  pipeline.BackgroundPipelineCreator (BackgroundPipelineCreator.java:notifyEventTriggered(277)) - trigger a one-shot run on RatisPipelineUtilsThread.
2023-09-08 11:18:08,065 [RatisPipelineUtilsThread - 0] INFO  pipeline.RatisPipelineProvider (RatisPipelineProvider.java:lambda$create$0(206)) - Sending CreatePipelineCommand for pipeline:PipelineID=859aeb8e-1801-453f-a1ff-79a5f6026b9f to datanode:cc8e8696-e38e-4ced-9d90-ae7c9c418c99
2023-09-08 11:18:08,066 [RatisPipelineUtilsThread - 0] INFO  pipeline.BackgroundPipelineCreator (BackgroundPipelineCreator.java:createPipelines(233)) - Created new pipeline Pipeline[ Id: 859aeb8e-1801-453f-a1ff-79a5f6026b9f, Nodes: cc8e8696-e38e-4ced-9d90-ae7c9c418c99(fv-az203-160.hq41me5fykbulac445kfrvsskg.dx.internal.cloudapp.net/10.1.0.72), ReplicationConfig: RATIS/ONE, State:ALLOCATED, leaderId:, CreationTimestamp2023-09-08T11:18:08.065Z[Etc/UTC]]
2023-09-08 11:18:09,054 [main] INFO  ozone.MiniOzoneClusterImpl (MiniOzoneClusterImpl.java:lambda$waitForClusterToBeReady$0(224)) - Nodes are ready. Got 5 of 5 DN Heartbeats.
2023-09-08 11:18:09,054 [main] INFO  ozone.MiniOzoneClusterImpl (MiniOzoneClusterImpl.java:lambda$waitForClusterToBeReady$0(227)) - Waiting for cluster to exit safe mode
2023-09-08 11:18:09,054 [main] INFO  ozone.MiniOzoneClusterImpl (MiniOzoneClusterImpl.java:lambda$waitForClusterToBeReady$0(229)) - SCM became leader
2023-09-08 11:18:09,562 [PipelineCommandHandlerThread-0] INFO  server.RaftServer (RaftServerProxy.java:addNew(98)) - 250abfd1-bd23-40f0-a4b0-f7070b21e986: addNew group-8F03CE2A9CEC:[250abfd1-bd23-40f0-a4b0-f7070b21e986|rpc:10.1.0.72:15067|admin:10.1.0.72:15066|client:10.1.0.72:15065|dataStream:10.1.0.72:15068|priority:1|startupRole:FOLLOWER] returns group-8F03CE2A9CEC:java.util.concurrent.CompletableFuture@1c11b373[Not completed]
2023-09-08 11:18:09,563 [250abfd1-bd23-40f0-a4b0-f7070b21e986-groupManagement] INFO  server.RaftServer$Division (RaftServerImpl.java:<init>(198)) - 250abfd1-bd23-40f0-a4b0-f7070b21e986: new RaftServerImpl for group-8F03CE2A9CEC:[250abfd1-bd23-40f0-a4b0-f7070b21e986|rpc:10.1.0.72:15067|admin:10.1.0.72:15066|client:10.1.0.72:15065|dataStream:10.1.0.72:15068|priority:1|startupRole:FOLLOWER] with ContainerStateMachine:uninitialized
2023-09-08 11:18:09,563 [250abfd1-bd23-40f0-a4b0-f7070b21e986-groupManagement] INFO  server.RaftServerConfigKeys (ConfUtils.java:logGet(46)) - raft.server.rpc.timeout.min = 5s (custom)
2023-09-08 11:18:09,564 [250abfd1-bd23-40f0-a4b0-f7070b21e986-groupManagement] INFO  server.RaftServerConfigKeys (ConfUtils.java:logGet(46)) - raft.server.rpc.timeout.max = 5200ms (custom)
2023-09-08 11:18:09,564 [250abfd1-bd23-40f0-a4b0-f7070b21e986-groupManagement] INFO  server.RaftServerConfigKeys (ConfUtils.java:logGet(46)) - raft.server.rpc.sleep.time = 25ms (default)
2023-09-08 11:18:09,564 [250abfd1-bd23-40f0-a4b0-f7070b21e986-groupManagement] INFO  server.RaftServerConfigKeys (ConfUtils.java:logGet(46)) - raft.server.rpc.slowness.timeout = 300s (custom)
2023-09-08 11:18:09,564 [250abfd1-bd23-40f0-a4b0-f7070b21e986-groupManagement] INFO  server.RaftServerConfigKeys (ConfUtils.java:logGet(46)) - raft.server.leaderelection.leader.step-down.wait-time = 10s (default)
2023-09-08 11:18:09,564 [250abfd1-bd23-40f0-a4b0-f7070b21e986-groupManagement] INFO  server.RaftServerConfigKeys (ConfUtils.java:logGet(46)) - raft.server.sleep.deviation.threshold = 300ms (default)
2023-09-08 11:18:09,564 [250abfd1-bd23-40f0-a4b0-f7070b21e986-groupManagement] INFO  server.RaftServer$Division (ServerState.java:<init>(120)) - 250abfd1-bd23-40f0-a4b0-f7070b21e986@group-8F03CE2A9CEC: ConfigurationManager, init=-1: peers:[250abfd1-bd23-40f0-a4b0-f7070b21e986|rpc:10.1.0.72:15067|admin:10.1.0.72:15066|client:10.1.0.72:15065|dataStream:10.1.0.72:15068|priority:1|startupRole:FOLLOWER]|listeners:[], old=null, confs=<EMPTY_MAP>
2023-09-08 11:18:09,564 [250abfd1-bd23-40f0-a4b0-f7070b21e986-groupManagement] INFO  server.RaftServerConfigKeys (ConfUtils.java:logGet(46)) - raft.server.storage.dir = [/home/runner/work/ozone/ozone/hadoop-ozone/integration-test/target/test-dir/MiniOzoneClusterImpl-fc42fee5-8bb2-43c7-8c2a-cc72dd658d38/datanode-0/data/ratis] (custom)
2023-09-08 11:18:09,564 [250abfd1-bd23-40f0-a4b0-f7070b21e986-groupManagement] INFO  server.RaftServerConfigKeys (ConfUtils.java:logGet(46)) - raft.server.log.corruption.policy = EXCEPTION (default)
2023-09-08 11:18:09,564 [250abfd1-bd23-40f0-a4b0-f7070b21e986-groupManagement] INFO  server.RaftServerConfigKeys (ConfUtils.java:logGet(46)) - raft.server.storage.free-space.min = 0MB (=0) (default)
2023-09-08 11:18:09,564 [250abfd1-bd23-40f0-a4b0-f7070b21e986-groupManagement] INFO  server.RaftServerConfigKeys (ConfUtils.java:logGet(46)) - raft.server.notification.no-leader.timeout = 300s (custom)
2023-09-08 11:18:09,564 [250abfd1-bd23-40f0-a4b0-f7070b21e986-groupManagement] INFO  server.RaftServerConfigKeys (ConfUtils.java:logGet(46)) - raft.server.read.timeout = 10s (default)
2023-09-08 11:18:09,564 [250abfd1-bd23-40f0-a4b0-f7070b21e986-groupManagement] INFO  server.RaftServerConfigKeys (ConfUtils.java:logGet(46)) - raft.server.retrycache.expirytime = 600000ms (custom)
2023-09-08 11:18:09,564 [250abfd1-bd23-40f0-a4b0-f7070b21e986-groupManagement] INFO  server.RaftServerConfigKeys (ConfUtils.java:logGet(46)) - raft.server.retrycache.statistics.expirytime = 100μs (default)
2023-09-08 11:18:09,565 [250abfd1-bd23-40f0-a4b0-f7070b21e986-groupManagement] INFO  server.RaftServerConfigKeys (ConfUtils.java:logGet(46)) - raft.server.read.option = DEFAULT (default)
2023-09-08 11:18:09,565 [250abfd1-bd23-40f0-a4b0-f7070b21e986-groupManagement] INFO  server.RaftServerConfigKeys (ConfUtils.java:logGet(46)) - raft.server.rpc.request.timeout = 60s (custom)
2023-09-08 11:18:09,566 [250abfd1-bd23-40f0-a4b0-f7070b21e986-groupManagement] INFO  server.RaftServerConfigKeys (ConfUtils.java:logGet(46)) - raft.server.log.appender.install.snapshot.enabled = false (custom)
2023-09-08 11:18:09,566 [250abfd1-bd23-40f0-a4b0-f7070b21e986-groupManagement] INFO  server.RaftServerConfigKeys (ConfUtils.java:logGet(46)) - raft.server.threadpool.server.cached = true (default)
2023-09-08 11:18:09,566 [250abfd1-bd23-40f0-a4b0-f7070b21e986-groupManagement] INFO  server.RaftServerConfigKeys (ConfUtils.java:logGet(46)) - raft.server.threadpool.server.size = 0 (default)
2023-09-08 11:18:09,566 [250abfd1-bd23-40f0-a4b0-f7070b21e986-groupManagement] INFO  server.RaftServerConfigKeys (ConfUtils.java:logGet(46)) - raft.server.threadpool.client.cached = true (default)
2023-09-08 11:18:09,566 [250abfd1-bd23-40f0-a4b0-f7070b21e986-groupManagement] INFO  server.RaftServerConfigKeys (ConfUtils.java:logGet(46)) - raft.server.threadpool.client.size = 0 (default)
2023-09-08 11:18:09,566 [250abfd1-bd23-40f0-a4b0-f7070b21e986-groupManagement] INFO  storage.RaftStorageDirectory (RaftStorageDirectoryImpl.java:analyzeStorage(137)) - The storage directory /home/runner/work/ozone/ozone/hadoop-ozone/integration-test/target/test-dir/MiniOzoneClusterImpl-fc42fee5-8bb2-43c7-8c2a-cc72dd658d38/datanode-0/data/ratis/1cb03a45-e29c-4dc9-bdfe-8f03ce2a9cec does not exist. Creating ...
2023-09-08 11:18:09,568 [250abfd1-bd23-40f0-a4b0-f7070b21e986-groupManagement] INFO  storage.RaftStorageDirectory (RaftStorageDirectoryImpl.java:tryLock(231)) - Lock on /home/runner/work/ozone/ozone/hadoop-ozone/integration-test/target/test-dir/MiniOzoneClusterImpl-fc42fee5-8bb2-43c7-8c2a-cc72dd658d38/datanode-0/data/ratis/1cb03a45-e29c-4dc9-bdfe-8f03ce2a9cec/in_use.lock acquired by nodename 7549@fv-az203-160
2023-09-08 11:18:09,569 [250abfd1-bd23-40f0-a4b0-f7070b21e986-groupManagement] INFO  storage.RaftStorage (RaftStorageImpl.java:format(96)) - Storage directory /home/runner/work/ozone/ozone/hadoop-ozone/integration-test/target/test-dir/MiniOzoneClusterImpl-fc42fee5-8bb2-43c7-8c2a-cc72dd658d38/datanode-0/data/ratis/1cb03a45-e29c-4dc9-bdfe-8f03ce2a9cec has been successfully formatted.
2023-09-08 11:18:09,571 [250abfd1-bd23-40f0-a4b0-f7070b21e986-groupManagement] INFO  ratis.ContainerStateMachine (ContainerStateMachine.java:loadSnapshot(262)) - group-8F03CE2A9CEC: The snapshot info is null. Setting the last applied indexto:(t:0, i:~)
2023-09-08 11:18:09,574 [250abfd1-bd23-40f0-a4b0-f7070b21e986-groupManagement] INFO  server.RaftServerConfigKeys (ConfUtils.java:logGet(46)) - raft.server.log.use.memory = false (default)
2023-09-08 11:18:09,573 [EventQueue-PipelineReportForPipelineReportHandler] INFO  pipeline.PipelineReportHandler (PipelineReportHandler.java:processPipelineReport(136)) - Opened pipeline PipelineID=1cb03a45-e29c-4dc9-bdfe-8f03ce2a9cec
2023-09-08 11:18:09,574 [250abfd1-bd23-40f0-a4b0-f7070b21e986-groupManagement] INFO  server.RaftServerConfigKeys (ConfUtils.java:logGet(46)) - raft.server.log.purge.gap = 1000000 (custom)
2023-09-08 11:18:09,575 [250abfd1-bd23-40f0-a4b0-f7070b21e986-groupManagement] INFO  server.RaftServerConfigKeys (ConfUtils.java:logGet(46)) - raft.server.log.appender.buffer.byte-limit = 33554432 (custom)
2023-09-08 11:18:09,575 [250abfd1-bd23-40f0-a4b0-f7070b21e986-groupManagement] INFO  server.RaftServerConfigKeys (ConfUtils.java:logGet(46)) - raft.server.log.statemachine.data.read.timeout = 1000ms (default)
2023-09-08 11:18:09,576 [250abfd1-bd23-40f0-a4b0-f7070b21e986-groupManagement] INFO  server.RaftServerConfigKeys (ConfUtils.java:logGet(46)) - raft.server.log.purge.preservation.log.num = 0 (default)
2023-09-08 11:18:09,576 [EventQueue-OpenPipelineForHealthyPipelineSafeModeRule] INFO  safemode.SCMSafeModeManager (HealthyPipelineSafeModeRule.java:process(137)) - SCM in safe mode. Healthy pipelines reported count is 0, required healthy pipeline reported count is 1
2023-09-08 11:18:09,576 [250abfd1-bd23-40f0-a4b0-f7070b21e986-groupManagement] INFO  server.RaftServerConfigKeys (ConfUtils.java:logGet(46)) - raft.server.log.segment.size.max = 1048576 (custom)
2023-09-08 11:18:09,576 [250abfd1-bd23-40f0-a4b0-f7070b21e986-groupManagement] INFO  server.RaftServerConfigKeys (ConfUtils.java:logGet(46)) - raft.server.log.segment.cache.num.max = 2 (custom)
2023-09-08 11:18:09,576 [250abfd1-bd23-40f0-a4b0-f7070b21e986-groupManagement] INFO  server.RaftServerConfigKeys (ConfUtils.java:logGet(46)) - raft.server.log.segment.cache.size.max = 200MB (=209715200) (default)
2023-09-08 11:18:09,577 [250abfd1-bd23-40f0-a4b0-f7070b21e986-groupManagement] INFO  server.RaftServerConfigKeys (ConfUtils.java:logGet(46)) - raft.server.log.appender.buffer.byte-limit = 33554432 (custom)
2023-09-08 11:18:09,577 [250abfd1-bd23-40f0-a4b0-f7070b21e986-groupManagement] INFO  segmented.SegmentedRaftLogWorker (SegmentedRaftLogWorker.java:<init>(188)) - new 250abfd1-bd23-40f0-a4b0-f7070b21e986@group-8F03CE2A9CEC-SegmentedRaftLogWorker for RaftStorageImpl:Storage Directory /home/runner/work/ozone/ozone/hadoop-ozone/integration-test/target/test-dir/MiniOzoneClusterImpl-fc42fee5-8bb2-43c7-8c2a-cc72dd658d38/datanode-0/data/ratis/1cb03a45-e29c-4dc9-bdfe-8f03ce2a9cec
2023-09-08 11:18:09,577 [250abfd1-bd23-40f0-a4b0-f7070b21e986-groupManagement] INFO  server.RaftServerConfigKeys (ConfUtils.java:logGet(46)) - raft.server.log.queue.byte-limit = 4294967296 (custom)
2023-09-08 11:18:09,577 [250abfd1-bd23-40f0-a4b0-f7070b21e986-groupManagement] INFO  server.RaftServerConfigKeys (ConfUtils.java:logGet(46)) - raft.server.log.queue.element-limit = 1024 (custom)
2023-09-08 11:18:09,577 [250abfd1-bd23-40f0-a4b0-f7070b21e986-groupManagement] INFO  server.RaftServerConfigKeys (ConfUtils.java:logGet(46)) - raft.server.log.segment.size.max = 1048576 (custom)
2023-09-08 11:18:09,577 [250abfd1-bd23-40f0-a4b0-f7070b21e986-groupManagement] INFO  server.RaftServerConfigKeys (ConfUtils.java:logGet(46)) - raft.server.log.preallocated.size = 16384 (custom)
2023-09-08 11:18:09,577 [250abfd1-bd23-40f0-a4b0-f7070b21e986-groupManagement] INFO  server.RaftServerConfigKeys (ConfUtils.java:logGet(46)) - raft.server.log.force.sync.num = 128 (default)
2023-09-08 11:18:09,577 [250abfd1-bd23-40f0-a4b0-f7070b21e986-groupManagement] INFO  server.RaftServerConfigKeys (ConfUtils.java:logGet(46)) - raft.server.log.statemachine.data.sync = true (default)
2023-09-08 11:18:09,577 [250abfd1-bd23-40f0-a4b0-f7070b21e986-groupManagement] INFO  server.RaftServerConfigKeys (ConfUtils.java:logGet(46)) - raft.server.log.statemachine.data.sync.timeout = 10s (default)
2023-09-08 11:18:09,577 [250abfd1-bd23-40f0-a4b0-f7070b21e986-groupManagement] INFO  server.RaftServerConfigKeys (ConfUtils.java:logGet(46)) - raft.server.log.statemachine.data.sync.timeout.retry = -1 (default)
2023-09-08 11:18:09,578 [250abfd1-bd23-40f0-a4b0-f7070b21e986-groupManagement] INFO  server.RaftServerConfigKeys (ConfUtils.java:logGet(46)) - raft.server.log.write.buffer.size = 1048576 (custom)
2023-09-08 11:18:09,578 [250abfd1-bd23-40f0-a4b0-f7070b21e986-groupManagement] INFO  server.RaftServerConfigKeys (ConfUtils.java:logGet(46)) - raft.server.log.appender.buffer.byte-limit = 33554432 (custom)
2023-09-08 11:18:09,583 [250abfd1-bd23-40f0-a4b0-f7070b21e986-groupManagement] INFO  server.RaftServerConfigKeys (ConfUtils.java:logGet(46)) - raft.server.log.unsafe-flush.enabled = false (default)
2023-09-08 11:18:09,584 [250abfd1-bd23-40f0-a4b0-f7070b21e986-groupManagement] INFO  server.RaftServerConfigKeys (ConfUtils.java:logGet(46)) - raft.server.log.async-flush.enabled = false (default)
2023-09-08 11:18:09,584 [250abfd1-bd23-40f0-a4b0-f7070b21e986-groupManagement] INFO  server.RaftServerConfigKeys (ConfUtils.java:logGet(46)) - raft.server.log.statemachine.data.caching.enabled = true (custom)
2023-09-08 11:18:09,584 [250abfd1-bd23-40f0-a4b0-f7070b21e986-groupManagement] INFO  segmented.SegmentedRaftLogWorker (SegmentedRaftLogWorker.java:lambda$new$0(135)) - 250abfd1-bd23-40f0-a4b0-f7070b21e986@group-8F03CE2A9CEC-SegmentedRaftLogWorker: flushIndex: setUnconditionally 0 -> -1
2023-09-08 11:18:09,584 [250abfd1-bd23-40f0-a4b0-f7070b21e986-groupManagement] INFO  segmented.SegmentedRaftLogWorker (SegmentedRaftLogWorker.java:lambda$new$0(135)) - 250abfd1-bd23-40f0-a4b0-f7070b21e986@group-8F03CE2A9CEC-SegmentedRaftLogWorker: safeCacheEvictIndex: setUnconditionally 0 -> -1
2023-09-08 11:18:09,584 [250abfd1-bd23-40f0-a4b0-f7070b21e986-groupManagement] INFO  server.RaftServer$Division (RaftServerImpl.java:start(342)) - 250abfd1-bd23-40f0-a4b0-f7070b21e986@group-8F03CE2A9CEC: start as a follower, conf=-1: peers:[250abfd1-bd23-40f0-a4b0-f7070b21e986|rpc:10.1.0.72:15067|admin:10.1.0.72:15066|client:10.1.0.72:15065|dataStream:10.1.0.72:15068|priority:1|startupRole:FOLLOWER]|listeners:[], old=null
2023-09-08 11:18:09,584 [250abfd1-bd23-40f0-a4b0-f7070b21e986-groupManagement] INFO  server.RaftServer$Division (RaftServerImpl.java:setRole(329)) - 250abfd1-bd23-40f0-a4b0-f7070b21e986@group-8F03CE2A9CEC: changes role from      null to FOLLOWER at term 0 for startAsFollower
2023-09-08 11:18:09,584 [250abfd1-bd23-40f0-a4b0-f7070b21e986-groupManagement] INFO  impl.RoleInfo (RoleInfo.java:updateAndGet(139)) - 250abfd1-bd23-40f0-a4b0-f7070b21e986: start 250abfd1-bd23-40f0-a4b0-f7070b21e986@group-8F03CE2A9CEC-FollowerState
2023-09-08 11:18:09,585 [250abfd1-bd23-40f0-a4b0-f7070b21e986-groupManagement] INFO  util.JmxRegister (JmxRegister.java:tryRegister(44)) - Successfully registered JMX Bean with object name Ratis:service=RaftServer,group=group-8F03CE2A9CEC,id=250abfd1-bd23-40f0-a4b0-f7070b21e986
2023-09-08 11:18:09,585 [250abfd1-bd23-40f0-a4b0-f7070b21e986@group-8F03CE2A9CEC-FollowerState] INFO  server.RaftServerConfigKeys (ConfUtils.java:logFallback(53)) - raft.server.rpc.first-election.timeout.min = 5s (fallback to raft.server.rpc.timeout.min)
2023-09-08 11:18:09,585 [250abfd1-bd23-40f0-a4b0-f7070b21e986-groupManagement] INFO  server.RaftServerConfigKeys (ConfUtils.java:logGet(46)) - raft.server.snapshot.auto.trigger.enabled = true (custom)
2023-09-08 11:18:09,585 [250abfd1-bd23-40f0-a4b0-f7070b21e986@group-8F03CE2A9CEC-FollowerState] INFO  server.RaftServerConfigKeys (ConfUtils.java:logFallback(53)) - raft.server.rpc.first-election.timeout.max = 5200ms (fallback to raft.server.rpc.timeout.max)
2023-09-08 11:18:09,585 [250abfd1-bd23-40f0-a4b0-f7070b21e986-groupManagement] INFO  server.RaftServerConfigKeys (ConfUtils.java:logGet(46)) - raft.server.snapshot.auto.trigger.threshold = 10000 (custom)
2023-09-08 11:18:09,585 [250abfd1-bd23-40f0-a4b0-f7070b21e986-groupManagement] INFO  server.RaftServerConfigKeys (ConfUtils.java:logGet(46)) - raft.server.snapshot.retention.file.num = 5 (custom)
2023-09-08 11:18:09,585 [250abfd1-bd23-40f0-a4b0-f7070b21e986-groupManagement] INFO  server.RaftServerConfigKeys (ConfUtils.java:logGet(46)) - raft.server.log.purge.upto.snapshot.index = false (default)
2023-09-08 11:18:09,586 [PipelineCommandHandlerThread-0] INFO  ratis.XceiverServerRatis (XceiverServerRatis.java:addGroup(804)) - Created group PipelineID=1cb03a45-e29c-4dc9-bdfe-8f03ce2a9cec
2023-09-08 11:18:09,586 [PipelineCommandHandlerThread-0] INFO  commandhandler.CreatePipelineCommandHandler (CreatePipelineCommandHandler.java:lambda$handle$2(124)) - Created Pipeline RATIS ONE PipelineID=1cb03a45-e29c-4dc9-bdfe-8f03ce2a9cec.
2023-09-08 11:18:09,587 [PipelineCommandHandlerThread-0] INFO  server.RaftServer (RaftServerProxy.java:addNew(98)) - 250abfd1-bd23-40f0-a4b0-f7070b21e986: addNew group-0148662441ED:[250abfd1-bd23-40f0-a4b0-f7070b21e986|rpc:10.1.0.72:15067|admin:10.1.0.72:15066|client:10.1.0.72:15065|dataStream:10.1.0.72:15068|priority:0|startupRole:FOLLOWER, 31c5dcde-db57-40d7-a24d-ec5de7583a50|rpc:10.1.0.72:15076|admin:10.1.0.72:15075|client:10.1.0.72:15074|dataStream:10.1.0.72:15077|priority:1|startupRole:FOLLOWER, e7773167-2049-479c-a584-e45e7fe0d5b5|rpc:10.1.0.72:15085|admin:10.1.0.72:15084|client:10.1.0.72:15083|dataStream:10.1.0.72:15086|priority:0|startupRole:FOLLOWER] returns group-0148662441ED:java.util.concurrent.CompletableFuture@182e2429[Not completed]
2023-09-08 11:18:09,588 [250abfd1-bd23-40f0-a4b0-f7070b21e986-groupManagement] INFO  server.RaftServer$Division (RaftServerImpl.java:<init>(198)) - 250abfd1-bd23-40f0-a4b0-f7070b21e986: new RaftServerImpl for group-0148662441ED:[250abfd1-bd23-40f0-a4b0-f7070b21e986|rpc:10.1.0.72:15067|admin:10.1.0.72:15066|client:10.1.0.72:15065|dataStream:10.1.0.72:15068|priority:0|startupRole:FOLLOWER, 31c5dcde-db57-40d7-a24d-ec5de7583a50|rpc:10.1.0.72:15076|admin:10.1.0.72:15075|client:10.1.0.72:15074|dataStream:10.1.0.72:15077|priority:1|startupRole:FOLLOWER, e7773167-2049-479c-a584-e45e7fe0d5b5|rpc:10.1.0.72:15085|admin:10.1.0.72:15084|client:10.1.0.72:15083|dataStream:10.1.0.72:15086|priority:0|startupRole:FOLLOWER] with ContainerStateMachine:uninitialized
2023-09-08 11:18:09,588 [250abfd1-bd23-40f0-a4b0-f7070b21e986-groupManagement] INFO  server.RaftServerConfigKeys (ConfUtils.java:logGet(46)) - raft.server.rpc.timeout.min = 5s (custom)
2023-09-08 11:18:09,588 [250abfd1-bd23-40f0-a4b0-f7070b21e986-groupManagement] INFO  server.RaftServerConfigKeys (ConfUtils.java:logGet(46)) - raft.server.rpc.timeout.max = 5200ms (custom)
2023-09-08 11:18:09,588 [250abfd1-bd23-40f0-a4b0-f7070b21e986-groupManagement] INFO  server.RaftServerConfigKeys (ConfUtils.java:logGet(46)) - raft.server.rpc.sleep.time = 25ms (default)
2023-09-08 11:18:09,588 [250abfd1-bd23-40f0-a4b0-f7070b21e986-groupManagement] INFO  server.RaftServerConfigKeys (ConfUtils.java:logGet(46)) - raft.server.rpc.slowness.timeout = 300s (custom)
2023-09-08 11:18:09,588 [250abfd1-bd23-40f0-a4b0-f7070b21e986-groupManagement] INFO  server.RaftServerConfigKeys (ConfUtils.java:logGet(46)) - raft.server.leaderelection.leader.step-down.wait-time = 10s (default)
2023-09-08 11:18:09,588 [250abfd1-bd23-40f0-a4b0-f7070b21e986-groupManagement] INFO  server.RaftServerConfigKeys (ConfUtils.java:logGet(46)) - raft.server.sleep.deviation.threshold = 300ms (default)
2023-09-08 11:18:09,588 [250abfd1-bd23-40f0-a4b0-f7070b21e986-groupManagement] INFO  server.RaftServer$Division (ServerState.java:<init>(120)) - 250abfd1-bd23-40f0-a4b0-f7070b21e986@group-0148662441ED: ConfigurationManager, init=-1: peers:[250abfd1-bd23-40f0-a4b0-f7070b21e986|rpc:10.1.0.72:15067|admin:10.1.0.72:15066|client:10.1.0.72:15065|dataStream:10.1.0.72:15068|priority:0|startupRole:FOLLOWER, 31c5dcde-db57-40d7-a24d-ec5de7583a50|rpc:10.1.0.72:15076|admin:10.1.0.72:15075|client:10.1.0.72:15074|dataStream:10.1.0.72:15077|priority:1|startupRole:FOLLOWER, e7773167-2049-479c-a584-e45e7fe0d5b5|rpc:10.1.0.72:15085|admin:10.1.0.72:15084|client:10.1.0.72:15083|dataStream:10.1.0.72:15086|priority:0|startupRole:FOLLOWER]|listeners:[], old=null, confs=<EMPTY_MAP>
2023-09-08 11:18:09,588 [250abfd1-bd23-40f0-a4b0-f7070b21e986-groupManagement] INFO  server.RaftServerConfigKeys (ConfUtils.java:logGet(46)) - raft.server.storage.dir = [/home/runner/work/ozone/ozone/hadoop-ozone/integration-test/target/test-dir/MiniOzoneClusterImpl-fc42fee5-8bb2-43c7-8c2a-cc72dd658d38/datanode-0/data/ratis] (custom)
2023-09-08 11:18:09,589 [250abfd1-bd23-40f0-a4b0-f7070b21e986-groupManagement] INFO  server.RaftServerConfigKeys (ConfUtils.java:logGet(46)) - raft.server.log.corruption.policy = EXCEPTION (default)
2023-09-08 11:18:09,589 [250abfd1-bd23-40f0-a4b0-f7070b21e986-groupManagement] INFO  server.RaftServerConfigKeys (ConfUtils.java:logGet(46)) - raft.server.storage.free-space.min = 0MB (=0) (default)
2023-09-08 11:18:09,589 [250abfd1-bd23-40f0-a4b0-f7070b21e986-groupManagement] INFO  server.RaftServerConfigKeys (ConfUtils.java:logGet(46)) - raft.server.notification.no-leader.timeout = 300s (custom)
2023-09-08 11:18:09,589 [250abfd1-bd23-40f0-a4b0-f7070b21e986-groupManagement] INFO  server.RaftServerConfigKeys (ConfUtils.java:logGet(46)) - raft.server.read.timeout = 10s (default)
2023-09-08 11:18:09,589 [250abfd1-bd23-40f0-a4b0-f7070b21e986-groupManagement] INFO  server.RaftServerConfigKeys (ConfUtils.java:logGet(46)) - raft.server.retrycache.expirytime = 600000ms (custom)
2023-09-08 11:18:09,589 [250abfd1-bd23-40f0-a4b0-f7070b21e986-groupManagement] INFO  server.RaftServerConfigKeys (ConfUtils.java:logGet(46)) - raft.server.retrycache.statistics.expirytime = 100μs (default)
2023-09-08 11:18:09,589 [250abfd1-bd23-40f0-a4b0-f7070b21e986-groupManagement] INFO  server.RaftServerConfigKeys (ConfUtils.java:logGet(46)) - raft.server.read.option = DEFAULT (default)
2023-09-08 11:18:09,590 [250abfd1-bd23-40f0-a4b0-f7070b21e986-groupManagement] INFO  server.RaftServerConfigKeys (ConfUtils.java:logGet(46)) - raft.server.rpc.request.timeout = 60s (custom)
2023-09-08 11:18:09,590 [250abfd1-bd23-40f0-a4b0-f7070b21e986-groupManagement] INFO  server.RaftServerConfigKeys (ConfUtils.java:logGet(46)) - raft.server.log.appender.install.snapshot.enabled = false (custom)
2023-09-08 11:18:09,590 [250abfd1-bd23-40f0-a4b0-f7070b21e986-groupManagement] INFO  server.RaftServerConfigKeys (ConfUtils.java:logGet(46)) - raft.server.threadpool.server.cached = true (default)
2023-09-08 11:18:09,590 [250abfd1-bd23-40f0-a4b0-f7070b21e986-groupManagement] INFO  server.RaftServerConfigKeys (ConfUtils.java:logGet(46)) - raft.server.threadpool.server.size = 0 (default)
2023-09-08 11:18:09,590 [250abfd1-bd23-40f0-a4b0-f7070b21e986-groupManagement] INFO  server.RaftServerConfigKeys (ConfUtils.java:logGet(46)) - raft.server.threadpool.client.cached = true (default)
2023-09-08 11:18:09,590 [250abfd1-bd23-40f0-a4b0-f7070b21e986-groupManagement] INFO  server.RaftServerConfigKeys (ConfUtils.java:logGet(46)) - raft.server.threadpool.client.size = 0 (default)
2023-09-08 11:18:09,590 [250abfd1-bd23-40f0-a4b0-f7070b21e986-groupManagement] INFO  storage.RaftStorageDirectory (RaftStorageDirectoryImpl.java:analyzeStorage(137)) - The storage directory /home/runner/work/ozone/ozone/hadoop-ozone/integration-test/target/test-dir/MiniOzoneClusterImpl-fc42fee5-8bb2-43c7-8c2a-cc72dd658d38/datanode-0/data/ratis/cae1cfef-08b9-4dc8-a6cf-0148662441ed does not exist. Creating ...
2023-09-08 11:18:09,591 [250abfd1-bd23-40f0-a4b0-f7070b21e986-groupManagement] INFO  storage.RaftStorageDirectory (RaftStorageDirectoryImpl.java:tryLock(231)) - Lock on /home/runner/work/ozone/ozone/hadoop-ozone/integration-test/target/test-dir/MiniOzoneClusterImpl-fc42fee5-8bb2-43c7-8c2a-cc72dd658d38/datanode-0/data/ratis/cae1cfef-08b9-4dc8-a6cf-0148662441ed/in_use.lock acquired by nodename 7549@fv-az203-160
2023-09-08 11:18:09,592 [250abfd1-bd23-40f0-a4b0-f7070b21e986-groupManagement] INFO  storage.RaftStorage (RaftStorageImpl.java:format(96)) - Storage directory /home/runner/work/ozone/ozone/hadoop-ozone/integration-test/target/test-dir/MiniOzoneClusterImpl-fc42fee5-8bb2-43c7-8c2a-cc72dd658d38/datanode-0/data/ratis/cae1cfef-08b9-4dc8-a6cf-0148662441ed has been successfully formatted.
2023-09-08 11:18:09,594 [250abfd1-bd23-40f0-a4b0-f7070b21e986-groupManagement] INFO  ratis.ContainerStateMachine (ContainerStateMachine.java:loadSnapshot(262)) - group-0148662441ED: The snapshot info is null. Setting the last applied indexto:(t:0, i:~)
2023-09-08 11:18:09,594 [EventQueue-OpenPipelineForHealthyPipelineSafeModeRule] INFO  safemode.SCMSafeModeManager (HealthyPipelineSafeModeRule.java:process(137)) - SCM in safe mode. Healthy pipelines reported count is 0, required healthy pipeline reported count is 1
2023-09-08 11:18:09,594 [250abfd1-bd23-40f0-a4b0-f7070b21e986-groupManagement] INFO  server.RaftServerConfigKeys (ConfUtils.java:logGet(46)) - raft.server.log.use.memory = false (default)
2023-09-08 11:18:09,594 [250abfd1-bd23-40f0-a4b0-f7070b21e986-groupManagement] INFO  server.RaftServerConfigKeys (ConfUtils.java:logGet(46)) - raft.server.log.purge.gap = 1000000 (custom)
2023-09-08 11:18:09,594 [250abfd1-bd23-40f0-a4b0-f7070b21e986-groupManagement] INFO  server.RaftServerConfigKeys (ConfUtils.java:logGet(46)) - raft.server.log.appender.buffer.byte-limit = 33554432 (custom)
2023-09-08 11:18:09,594 [250abfd1-bd23-40f0-a4b0-f7070b21e986-groupManagement] INFO  server.RaftServerConfigKeys (ConfUtils.java:logGet(46)) - raft.server.log.statemachine.data.read.timeout = 1000ms (default)
2023-09-08 11:18:09,595 [250abfd1-bd23-40f0-a4b0-f7070b21e986-groupManagement] INFO  server.RaftServerConfigKeys (ConfUtils.java:logGet(46)) - raft.server.log.purge.preservation.log.num = 0 (default)
2023-09-08 11:18:09,595 [250abfd1-bd23-40f0-a4b0-f7070b21e986-groupManagement] INFO  server.RaftServerConfigKeys (ConfUtils.java:logGet(46)) - raft.server.log.segment.size.max = 1048576 (custom)
2023-09-08 11:18:09,595 [250abfd1-bd23-40f0-a4b0-f7070b21e986-groupManagement] INFO  server.RaftServerConfigKeys (ConfUtils.java:logGet(46)) - raft.server.log.segment.cache.num.max = 2 (custom)
2023-09-08 11:18:09,595 [250abfd1-bd23-40f0-a4b0-f7070b21e986-groupManagement] INFO  server.RaftServerConfigKeys (ConfUtils.java:logGet(46)) - raft.server.log.segment.cache.size.max = 200MB (=209715200) (default)
2023-09-08 11:18:09,595 [250abfd1-bd23-40f0-a4b0-f7070b21e986-groupManagement] INFO  server.RaftServerConfigKeys (ConfUtils.java:logGet(46)) - raft.server.log.appender.buffer.byte-limit = 33554432 (custom)
2023-09-08 11:18:09,595 [250abfd1-bd23-40f0-a4b0-f7070b21e986-groupManagement] INFO  segmented.SegmentedRaftLogWorker (SegmentedRaftLogWorker.java:<init>(188)) - new 250abfd1-bd23-40f0-a4b0-f7070b21e986@group-0148662441ED-SegmentedRaftLogWorker for RaftStorageImpl:Storage Directory /home/runner/work/ozone/ozone/hadoop-ozone/integration-test/target/test-dir/MiniOzoneClusterImpl-fc42fee5-8bb2-43c7-8c2a-cc72dd658d38/datanode-0/data/ratis/cae1cfef-08b9-4dc8-a6cf-0148662441ed
2023-09-08 11:18:09,595 [250abfd1-bd23-40f0-a4b0-f7070b21e986-groupManagement] INFO  server.RaftServerConfigKeys (ConfUtils.java:logGet(46)) - raft.server.log.queue.byte-limit = 4294967296 (custom)
2023-09-08 11:18:09,595 [250abfd1-bd23-40f0-a4b0-f7070b21e986-groupManagement] INFO  server.RaftServerConfigKeys (ConfUtils.java:logGet(46)) - raft.server.log.queue.element-limit = 1024 (custom)
2023-09-08 11:18:09,595 [250abfd1-bd23-40f0-a4b0-f7070b21e986-groupManagement] INFO  server.RaftServerConfigKeys (ConfUtils.java:logGet(46)) - raft.server.log.segment.size.max = 1048576 (custom)
2023-09-08 11:18:09,596 [250abfd1-bd23-40f0-a4b0-f7070b21e986-groupManagement] INFO  server.RaftServerConfigKeys (ConfUtils.java:logGet(46)) - raft.server.log.preallocated.size = 16384 (custom)
2023-09-08 11:18:09,596 [250abfd1-bd23-40f0-a4b0-f7070b21e986-groupManagement] INFO  server.RaftServerConfigKeys (ConfUtils.java:logGet(46)) - raft.server.log.force.sync.num = 128 (default)
2023-09-08 11:18:09,596 [250abfd1-bd23-40f0-a4b0-f7070b21e986-groupManagement] INFO  server.RaftServerConfigKeys (ConfUtils.java:logGet(46)) - raft.server.log.statemachine.data.sync = true (default)
2023-09-08 11:18:09,596 [250abfd1-bd23-40f0-a4b0-f7070b21e986-groupManagement] INFO  server.RaftServerConfigKeys (ConfUtils.java:logGet(46)) - raft.server.log.statemachine.data.sync.timeout = 10s (default)
2023-09-08 11:18:09,596 [250abfd1-bd23-40f0-a4b0-f7070b21e986-groupManagement] INFO  server.RaftServerConfigKeys (ConfUtils.java:logGet(46)) - raft.server.log.statemachine.data.sync.timeout.retry = -1 (default)
2023-09-08 11:18:09,596 [250abfd1-bd23-40f0-a4b0-f7070b21e986-groupManagement] INFO  server.RaftServerConfigKeys (ConfUtils.java:logGet(46)) - raft.server.log.write.buffer.size = 1048576 (custom)
2023-09-08 11:18:09,597 [250abfd1-bd23-40f0-a4b0-f7070b21e986-groupManagement] INFO  server.RaftServerConfigKeys (ConfUtils.java:logGet(46)) - raft.server.log.appender.buffer.byte-limit = 33554432 (custom)
2023-09-08 11:18:09,602 [250abfd1-bd23-40f0-a4b0-f7070b21e986-groupManagement] INFO  server.RaftServerConfigKeys (ConfUtils.java:logGet(46)) - raft.server.log.unsafe-flush.enabled = false (default)
2023-09-08 11:18:09,602 [250abfd1-bd23-40f0-a4b0-f7070b21e986-groupManagement] INFO  server.RaftServerConfigKeys (ConfUtils.java:logGet(46)) - raft.server.log.async-flush.enabled = false (default)
2023-09-08 11:18:09,603 [250abfd1-bd23-40f0-a4b0-f7070b21e986-groupManagement] INFO  server.RaftServerConfigKeys (ConfUtils.java:logGet(46)) - raft.server.log.statemachine.data.caching.enabled = true (custom)
2023-09-08 11:18:09,603 [250abfd1-bd23-40f0-a4b0-f7070b21e986-groupManagement] INFO  segmented.SegmentedRaftLogWorker (SegmentedRaftLogWorker.java:lambda$new$0(135)) - 250abfd1-bd23-40f0-a4b0-f7070b21e986@group-0148662441ED-SegmentedRaftLogWorker: flushIndex: setUnconditionally 0 -> -1
2023-09-08 11:18:09,603 [250abfd1-bd23-40f0-a4b0-f7070b21e986-groupManagement] INFO  segmented.SegmentedRaftLogWorker (SegmentedRaftLogWorker.java:lambda$new$0(135)) - 250abfd1-bd23-40f0-a4b0-f7070b21e986@group-0148662441ED-SegmentedRaftLogWorker: safeCacheEvictIndex: setUnconditionally 0 -> -1
2023-09-08 11:18:09,603 [250abfd1-bd23-40f0-a4b0-f7070b21e986-groupManagement] INFO  server.RaftServer$Division (RaftServerImpl.java:start(342)) - 250abfd1-bd23-40f0-a4b0-f7070b21e986@group-0148662441ED: start as a follower, conf=-1: peers:[250abfd1-bd23-40f0-a4b0-f7070b21e986|rpc:10.1.0.72:15067|admin:10.1.0.72:15066|client:10.1.0.72:15065|dataStream:10.1.0.72:15068|priority:0|startupRole:FOLLOWER, 31c5dcde-db57-40d7-a24d-ec5de7583a50|rpc:10.1.0.72:15076|admin:10.1.0.72:15075|client:10.1.0.72:15074|dataStream:10.1.0.72:15077|priority:1|startupRole:FOLLOWER, e7773167-2049-479c-a584-e45e7fe0d5b5|rpc:10.1.0.72:15085|admin:10.1.0.72:15084|client:10.1.0.72:15083|dataStream:10.1.0.72:15086|priority:0|startupRole:FOLLOWER]|listeners:[], old=null
2023-09-08 11:18:09,603 [250abfd1-bd23-40f0-a4b0-f7070b21e986-groupManagement] INFO  server.RaftServer$Division (RaftServerImpl.java:setRole(329)) - 250abfd1-bd23-40f0-a4b0-f7070b21e986@group-0148662441ED: changes role from      null to FOLLOWER at term 0 for startAsFollower
2023-09-08 11:18:09,603 [250abfd1-bd23-40f0-a4b0-f7070b21e986-groupManagement] INFO  impl.RoleInfo (RoleInfo.java:updateAndGet(139)) - 250abfd1-bd23-40f0-a4b0-f7070b21e986: start 250abfd1-bd23-40f0-a4b0-f7070b21e986@group-0148662441ED-FollowerState
2023-09-08 11:18:09,604 [250abfd1-bd23-40f0-a4b0-f7070b21e986-groupManagement] INFO  util.JmxRegister (JmxRegister.java:tryRegister(44)) - Successfully registered JMX Bean with object name Ratis:service=RaftServer,group=group-0148662441ED,id=250abfd1-bd23-40f0-a4b0-f7070b21e986
2023-09-08 11:18:09,604 [250abfd1-bd23-40f0-a4b0-f7070b21e986-groupManagement] INFO  server.RaftServerConfigKeys (ConfUtils.java:logGet(46)) - raft.server.snapshot.auto.trigger.enabled = true (custom)
2023-09-08 11:18:09,604 [250abfd1-bd23-40f0-a4b0-f7070b21e986-groupManagement] INFO  server.RaftServerConfigKeys (ConfUtils.java:logGet(46)) - raft.server.snapshot.auto.trigger.threshold = 10000 (custom)
2023-09-08 11:18:09,604 [250abfd1-bd23-40f0-a4b0-f7070b21e986-groupManagement] INFO  server.RaftServerConfigKeys (ConfUtils.java:logGet(46)) - raft.server.snapshot.retention.file.num = 5 (custom)
2023-09-08 11:18:09,604 [250abfd1-bd23-40f0-a4b0-f7070b21e986-groupManagement] INFO  server.RaftServerConfigKeys (ConfUtils.java:logGet(46)) - raft.server.log.purge.upto.snapshot.index = false (default)
2023-09-08 11:18:09,605 [250abfd1-bd23-40f0-a4b0-f7070b21e986@group-0148662441ED-FollowerState] INFO  server.RaftServerConfigKeys (ConfUtils.java:logFallback(53)) - raft.server.rpc.first-election.timeout.min = 5s (fallback to raft.server.rpc.timeout.min)
2023-09-08 11:18:09,605 [250abfd1-bd23-40f0-a4b0-f7070b21e986@group-0148662441ED-FollowerState] INFO  server.RaftServerConfigKeys (ConfUtils.java:logFallback(53)) - raft.server.rpc.first-election.timeout.max = 5200ms (fallback to raft.server.rpc.timeout.max)
2023-09-08 11:18:09,606 [PipelineCommandHandlerThread-0] INFO  ratis.XceiverServerRatis (XceiverServerRatis.java:addGroup(804)) - Created group PipelineID=cae1cfef-08b9-4dc8-a6cf-0148662441ed
2023-09-08 11:18:09,628 [grpc-default-executor-0] INFO  server.RaftServer (RaftServerProxy.java:addNew(98)) - 31c5dcde-db57-40d7-a24d-ec5de7583a50: addNew group-0148662441ED:[250abfd1-bd23-40f0-a4b0-f7070b21e986|rpc:10.1.0.72:15067|admin:10.1.0.72:15066|client:10.1.0.72:15065|dataStream:10.1.0.72:15068|priority:0|startupRole:FOLLOWER, 31c5dcde-db57-40d7-a24d-ec5de7583a50|rpc:10.1.0.72:15076|admin:10.1.0.72:15075|client:10.1.0.72:15074|dataStream:10.1.0.72:15077|priority:1|startupRole:FOLLOWER, e7773167-2049-479c-a584-e45e7fe0d5b5|rpc:10.1.0.72:15085|admin:10.1.0.72:15084|client:10.1.0.72:15083|dataStream:10.1.0.72:15086|priority:0|startupRole:FOLLOWER] returns group-0148662441ED:java.util.concurrent.CompletableFuture@39743361[Not completed]
2023-09-08 11:18:09,630 [31c5dcde-db57-40d7-a24d-ec5de7583a50-groupManagement] INFO  server.RaftServer$Division (RaftServerImpl.java:<init>(198)) - 31c5dcde-db57-40d7-a24d-ec5de7583a50: new RaftServerImpl for group-0148662441ED:[250abfd1-bd23-40f0-a4b0-f7070b21e986|rpc:10.1.0.72:15067|admin:10.1.0.72:15066|client:10.1.0.72:15065|dataStream:10.1.0.72:15068|priority:0|startupRole:FOLLOWER, 31c5dcde-db57-40d7-a24d-ec5de7583a50|rpc:10.1.0.72:15076|admin:10.1.0.72:15075|client:10.1.0.72:15074|dataStream:10.1.0.72:15077|priority:1|startupRole:FOLLOWER, e7773167-2049-479c-a584-e45e7fe0d5b5|rpc:10.1.0.72:15085|admin:10.1.0.72:15084|client:10.1.0.72:15083|dataStream:10.1.0.72:15086|priority:0|startupRole:FOLLOWER] with ContainerStateMachine:uninitialized
2023-09-08 11:18:09,630 [31c5dcde-db57-40d7-a24d-ec5de7583a50-groupManagement] INFO  server.RaftServerConfigKeys (ConfUtils.java:logGet(46)) - raft.server.rpc.timeout.min = 5s (custom)
2023-09-08 11:18:09,630 [31c5dcde-db57-40d7-a24d-ec5de7583a50-groupManagement] INFO  server.RaftServerConfigKeys (ConfUtils.java:logGet(46)) - raft.server.rpc.timeout.max = 5200ms (custom)
2023-09-08 11:18:09,630 [31c5dcde-db57-40d7-a24d-ec5de7583a50-groupManagement] INFO  server.RaftServerConfigKeys (ConfUtils.java:logGet(46)) - raft.server.rpc.sleep.time = 25ms (default)
2023-09-08 11:18:09,630 [31c5dcde-db57-40d7-a24d-ec5de7583a50-groupManagement] INFO  server.RaftServerConfigKeys (ConfUtils.java:logGet(46)) - raft.server.rpc.slowness.timeout = 300s (custom)
2023-09-08 11:18:09,630 [31c5dcde-db57-40d7-a24d-ec5de7583a50-groupManagement] INFO  server.RaftServerConfigKeys (ConfUtils.java:logGet(46)) - raft.server.leaderelection.leader.step-down.wait-time = 10s (default)
2023-09-08 11:18:09,630 [31c5dcde-db57-40d7-a24d-ec5de7583a50-groupManagement] INFO  server.RaftServerConfigKeys (ConfUtils.java:logGet(46)) - raft.server.sleep.deviation.threshold = 300ms (default)
2023-09-08 11:18:09,630 [31c5dcde-db57-40d7-a24d-ec5de7583a50-groupManagement] INFO  server.RaftServer$Division (ServerState.java:<init>(120)) - 31c5dcde-db57-40d7-a24d-ec5de7583a50@group-0148662441ED: ConfigurationManager, init=-1: peers:[250abfd1-bd23-40f0-a4b0-f7070b21e986|rpc:10.1.0.72:15067|admin:10.1.0.72:15066|client:10.1.0.72:15065|dataStream:10.1.0.72:15068|priority:0|startupRole:FOLLOWER, 31c5dcde-db57-40d7-a24d-ec5de7583a50|rpc:10.1.0.72:15076|admin:10.1.0.72:15075|client:10.1.0.72:15074|dataStream:10.1.0.72:15077|priority:1|startupRole:FOLLOWER, e7773167-2049-479c-a584-e45e7fe0d5b5|rpc:10.1.0.72:15085|admin:10.1.0.72:15084|client:10.1.0.72:15083|dataStream:10.1.0.72:15086|priority:0|startupRole:FOLLOWER]|listeners:[], old=null, confs=<EMPTY_MAP>
2023-09-08 11:18:09,630 [31c5dcde-db57-40d7-a24d-ec5de7583a50-groupManagement] INFO  server.RaftServerConfigKeys (ConfUtils.java:logGet(46)) - raft.server.storage.dir = [/home/runner/work/ozone/ozone/hadoop-ozone/integration-test/target/test-dir/MiniOzoneClusterImpl-fc42fee5-8bb2-43c7-8c2a-cc72dd658d38/datanode-1/data/ratis] (custom)
2023-09-08 11:18:09,630 [31c5dcde-db57-40d7-a24d-ec5de7583a50-groupManagement] INFO  server.RaftServerConfigKeys (ConfUtils.java:logGet(46)) - raft.server.log.corruption.policy = EXCEPTION (default)
2023-09-08 11:18:09,631 [31c5dcde-db57-40d7-a24d-ec5de7583a50-groupManagement] INFO  server.RaftServerConfigKeys (ConfUtils.java:logGet(46)) - raft.server.storage.free-space.min = 0MB (=0) (default)
2023-09-08 11:18:09,631 [31c5dcde-db57-40d7-a24d-ec5de7583a50-groupManagement] INFO  server.RaftServerConfigKeys (ConfUtils.java:logGet(46)) - raft.server.notification.no-leader.timeout = 300s (custom)
2023-09-08 11:18:09,631 [31c5dcde-db57-40d7-a24d-ec5de7583a50-groupManagement] INFO  server.RaftServerConfigKeys (ConfUtils.java:logGet(46)) - raft.server.read.timeout = 10s (default)
2023-09-08 11:18:09,631 [31c5dcde-db57-40d7-a24d-ec5de7583a50-groupManagement] INFO  server.RaftServerConfigKeys (ConfUtils.java:logGet(46)) - raft.server.retrycache.expirytime = 600000ms (custom)
2023-09-08 11:18:09,631 [31c5dcde-db57-40d7-a24d-ec5de7583a50-groupManagement] INFO  server.RaftServerConfigKeys (ConfUtils.java:logGet(46)) - raft.server.retrycache.statistics.expirytime = 100μs (default)
2023-09-08 11:18:09,631 [31c5dcde-db57-40d7-a24d-ec5de7583a50-groupManagement] INFO  server.RaftServerConfigKeys (ConfUtils.java:logGet(46)) - raft.server.read.option = DEFAULT (default)
2023-09-08 11:18:09,632 [31c5dcde-db57-40d7-a24d-ec5de7583a50-groupManagement] INFO  server.RaftServerConfigKeys (ConfUtils.java:logGet(46)) - raft.server.rpc.request.timeout = 60s (custom)
2023-09-08 11:18:09,632 [31c5dcde-db57-40d7-a24d-ec5de7583a50-groupManagement] INFO  server.RaftServerConfigKeys (ConfUtils.java:logGet(46)) - raft.server.log.appender.install.snapshot.enabled = false (custom)
2023-09-08 11:18:09,632 [31c5dcde-db57-40d7-a24d-ec5de7583a50-groupManagement] INFO  server.RaftServerConfigKeys (ConfUtils.java:logGet(46)) - raft.server.threadpool.server.cached = true (default)
2023-09-08 11:18:09,632 [31c5dcde-db57-40d7-a24d-ec5de7583a50-groupManagement] INFO  server.RaftServerConfigKeys (ConfUtils.java:logGet(46)) - raft.server.threadpool.server.size = 0 (default)
2023-09-08 11:18:09,632 [31c5dcde-db57-40d7-a24d-ec5de7583a50-groupManagement] INFO  server.RaftServerConfigKeys (ConfUtils.java:logGet(46)) - raft.server.threadpool.client.cached = true (default)
2023-09-08 11:18:09,632 [31c5dcde-db57-40d7-a24d-ec5de7583a50-groupManagement] INFO  server.RaftServerConfigKeys (ConfUtils.java:logGet(46)) - raft.server.threadpool.client.size = 0 (default)
2023-09-08 11:18:09,632 [31c5dcde-db57-40d7-a24d-ec5de7583a50-groupManagement] INFO  storage.RaftStorageDirectory (RaftStorageDirectoryImpl.java:analyzeStorage(137)) - The storage directory /home/runner/work/ozone/ozone/hadoop-ozone/integration-test/target/test-dir/MiniOzoneClusterImpl-fc42fee5-8bb2-43c7-8c2a-cc72dd658d38/datanode-1/data/ratis/cae1cfef-08b9-4dc8-a6cf-0148662441ed does not exist. Creating ...
2023-09-08 11:18:09,634 [31c5dcde-db57-40d7-a24d-ec5de7583a50-groupManagement] INFO  storage.RaftStorageDirectory (RaftStorageDirectoryImpl.java:tryLock(231)) - Lock on /home/runner/work/ozone/ozone/hadoop-ozone/integration-test/target/test-dir/MiniOzoneClusterImpl-fc42fee5-8bb2-43c7-8c2a-cc72dd658d38/datanode-1/data/ratis/cae1cfef-08b9-4dc8-a6cf-0148662441ed/in_use.lock acquired by nodename 7549@fv-az203-160
2023-09-08 11:18:09,635 [31c5dcde-db57-40d7-a24d-ec5de7583a50-groupManagement] INFO  storage.RaftStorage (RaftStorageImpl.java:format(96)) - Storage directory /home/runner/work/ozone/ozone/hadoop-ozone/integration-test/target/test-dir/MiniOzoneClusterImpl-fc42fee5-8bb2-43c7-8c2a-cc72dd658d38/datanode-1/data/ratis/cae1cfef-08b9-4dc8-a6cf-0148662441ed has been successfully formatted.
2023-09-08 11:18:09,636 [31c5dcde-db57-40d7-a24d-ec5de7583a50-groupManagement] INFO  ratis.ContainerStateMachine (ContainerStateMachine.java:loadSnapshot(262)) - group-0148662441ED: The snapshot info is null. Setting the last applied indexto:(t:0, i:~)
2023-09-08 11:18:09,637 [31c5dcde-db57-40d7-a24d-ec5de7583a50-groupManagement] INFO  server.RaftServerConfigKeys (ConfUtils.java:logGet(46)) - raft.server.log.use.memory = false (default)
2023-09-08 11:18:09,637 [31c5dcde-db57-40d7-a24d-ec5de7583a50-groupManagement] INFO  server.RaftServerConfigKeys (ConfUtils.java:logGet(46)) - raft.server.log.purge.gap = 1000000 (custom)
2023-09-08 11:18:09,637 [31c5dcde-db57-40d7-a24d-ec5de7583a50-groupManagement] INFO  server.RaftServerConfigKeys (ConfUtils.java:logGet(46)) - raft.server.log.appender.buffer.byte-limit = 33554432 (custom)
2023-09-08 11:18:09,638 [31c5dcde-db57-40d7-a24d-ec5de7583a50-groupManagement] INFO  server.RaftServerConfigKeys (ConfUtils.java:logGet(46)) - raft.server.log.statemachine.data.read.timeout = 1000ms (default)
2023-09-08 11:18:09,638 [31c5dcde-db57-40d7-a24d-ec5de7583a50-groupManagement] INFO  server.RaftServerConfigKeys (ConfUtils.java:logGet(46)) - raft.server.log.purge.preservation.log.num = 0 (default)
2023-09-08 11:18:09,638 [31c5dcde-db57-40d7-a24d-ec5de7583a50-groupManagement] INFO  server.RaftServerConfigKeys (ConfUtils.java:logGet(46)) - raft.server.log.segment.size.max = 1048576 (custom)
2023-09-08 11:18:09,638 [31c5dcde-db57-40d7-a24d-ec5de7583a50-groupManagement] INFO  server.RaftServerConfigKeys (ConfUtils.java:logGet(46)) - raft.server.log.segment.cache.num.max = 2 (custom)
2023-09-08 11:18:09,638 [31c5dcde-db57-40d7-a24d-ec5de7583a50-groupManagement] INFO  server.RaftServerConfigKeys (ConfUtils.java:logGet(46)) - raft.server.log.segment.cache.size.max = 200MB (=209715200) (default)
2023-09-08 11:18:09,638 [31c5dcde-db57-40d7-a24d-ec5de7583a50-groupManagement] INFO  server.RaftServerConfigKeys (ConfUtils.java:logGet(46)) - raft.server.log.appender.buffer.byte-limit = 33554432 (custom)
2023-09-08 11:18:09,638 [31c5dcde-db57-40d7-a24d-ec5de7583a50-groupManagement] INFO  segmented.SegmentedRaftLogWorker (SegmentedRaftLogWorker.java:<init>(188)) - new 31c5dcde-db57-40d7-a24d-ec5de7583a50@group-0148662441ED-SegmentedRaftLogWorker for RaftStorageImpl:Storage Directory /home/runner/work/ozone/ozone/hadoop-ozone/integration-test/target/test-dir/MiniOzoneClusterImpl-fc42fee5-8bb2-43c7-8c2a-cc72dd658d38/datanode-1/data/ratis/cae1cfef-08b9-4dc8-a6cf-0148662441ed
2023-09-08 11:18:09,638 [31c5dcde-db57-40d7-a24d-ec5de7583a50-groupManagement] INFO  server.RaftServerConfigKeys (ConfUtils.java:logGet(46)) - raft.server.log.queue.byte-limit = 4294967296 (custom)
2023-09-08 11:18:09,638 [31c5dcde-db57-40d7-a24d-ec5de7583a50-groupManagement] INFO  server.RaftServerConfigKeys (ConfUtils.java:logGet(46)) - raft.server.log.queue.element-limit = 1024 (custom)
2023-09-08 11:18:09,638 [31c5dcde-db57-40d7-a24d-ec5de7583a50-groupManagement] INFO  server.RaftServerConfigKeys (ConfUtils.java:logGet(46)) - raft.server.log.segment.size.max = 1048576 (custom)
2023-09-08 11:18:09,638 [31c5dcde-db57-40d7-a24d-ec5de7583a50-groupManagement] INFO  server.RaftServerConfigKeys (ConfUtils.java:logGet(46)) - raft.server.log.preallocated.size = 16384 (custom)
2023-09-08 11:18:09,639 [31c5dcde-db57-40d7-a24d-ec5de7583a50-groupManagement] INFO  server.RaftServerConfigKeys (ConfUtils.java:logGet(46)) - raft.server.log.force.sync.num = 128 (default)
2023-09-08 11:18:09,639 [31c5dcde-db57-40d7-a24d-ec5de7583a50-groupManagement] INFO  server.RaftServerConfigKeys (ConfUtils.java:logGet(46)) - raft.server.log.statemachine.data.sync = true (default)
2023-09-08 11:18:09,639 [31c5dcde-db57-40d7-a24d-ec5de7583a50-groupManagement] INFO  server.RaftServerConfigKeys (ConfUtils.java:logGet(46)) - raft.server.log.statemachine.data.sync.timeout = 10s (default)
2023-09-08 11:18:09,639 [31c5dcde-db57-40d7-a24d-ec5de7583a50-groupManagement] INFO  server.RaftServerConfigKeys (ConfUtils.java:logGet(46)) - raft.server.log.statemachine.data.sync.timeout.retry = -1 (default)
2023-09-08 11:18:09,640 [31c5dcde-db57-40d7-a24d-ec5de7583a50-groupManagement] INFO  server.RaftServerConfigKeys (ConfUtils.java:logGet(46)) - raft.server.log.write.buffer.size = 1048576 (custom)
2023-09-08 11:18:09,640 [31c5dcde-db57-40d7-a24d-ec5de7583a50-groupManagement] INFO  server.RaftServerConfigKeys (ConfUtils.java:logGet(46)) - raft.server.log.appender.buffer.byte-limit = 33554432 (custom)
2023-09-08 11:18:09,646 [31c5dcde-db57-40d7-a24d-ec5de7583a50-groupManagement] INFO  server.RaftServerConfigKeys (ConfUtils.java:logGet(46)) - raft.server.log.unsafe-flush.enabled = false (default)
2023-09-08 11:18:09,646 [31c5dcde-db57-40d7-a24d-ec5de7583a50-groupManagement] INFO  server.RaftServerConfigKeys (ConfUtils.java:logGet(46)) - raft.server.log.async-flush.enabled = false (default)
2023-09-08 11:18:09,646 [31c5dcde-db57-40d7-a24d-ec5de7583a50-groupManagement] INFO  server.RaftServerConfigKeys (ConfUtils.java:logGet(46)) - raft.server.log.statemachine.data.caching.enabled = true (custom)
2023-09-08 11:18:09,646 [31c5dcde-db57-40d7-a24d-ec5de7583a50-groupManagement] INFO  segmented.SegmentedRaftLogWorker (SegmentedRaftLogWorker.java:lambda$new$0(135)) - 31c5dcde-db57-40d7-a24d-ec5de7583a50@group-0148662441ED-SegmentedRaftLogWorker: flushIndex: setUnconditionally 0 -> -1
2023-09-08 11:18:09,646 [31c5dcde-db57-40d7-a24d-ec5de7583a50-groupManagement] INFO  segmented.SegmentedRaftLogWorker (SegmentedRaftLogWorker.java:lambda$new$0(135)) - 31c5dcde-db57-40d7-a24d-ec5de7583a50@group-0148662441ED-SegmentedRaftLogWorker: safeCacheEvictIndex: setUnconditionally 0 -> -1
2023-09-08 11:18:09,647 [31c5dcde-db57-40d7-a24d-ec5de7583a50-groupManagement] INFO  server.RaftServer$Division (RaftServerImpl.java:start(342)) - 31c5dcde-db57-40d7-a24d-ec5de7583a50@group-0148662441ED: start as a follower, conf=-1: peers:[250abfd1-bd23-40f0-a4b0-f7070b21e986|rpc:10.1.0.72:15067|admin:10.1.0.72:15066|client:10.1.0.72:15065|dataStream:10.1.0.72:15068|priority:0|startupRole:FOLLOWER, 31c5dcde-db57-40d7-a24d-ec5de7583a50|rpc:10.1.0.72:15076|admin:10.1.0.72:15075|client:10.1.0.72:15074|dataStream:10.1.0.72:15077|priority:1|startupRole:FOLLOWER, e7773167-2049-479c-a584-e45e7fe0d5b5|rpc:10.1.0.72:15085|admin:10.1.0.72:15084|client:10.1.0.72:15083|dataStream:10.1.0.72:15086|priority:0|startupRole:FOLLOWER]|listeners:[], old=null
2023-09-08 11:18:09,647 [31c5dcde-db57-40d7-a24d-ec5de7583a50-groupManagement] INFO  server.RaftServer$Division (RaftServerImpl.java:setRole(329)) - 31c5dcde-db57-40d7-a24d-ec5de7583a50@group-0148662441ED: changes role from      null to FOLLOWER at term 0 for startAsFollower
2023-09-08 11:18:09,647 [31c5dcde-db57-40d7-a24d-ec5de7583a50-groupManagement] INFO  impl.RoleInfo (RoleInfo.java:updateAndGet(139)) - 31c5dcde-db57-40d7-a24d-ec5de7583a50: start 31c5dcde-db57-40d7-a24d-ec5de7583a50@group-0148662441ED-FollowerState
2023-09-08 11:18:09,652 [31c5dcde-db57-40d7-a24d-ec5de7583a50-groupManagement] INFO  util.JmxRegister (JmxRegister.java:tryRegister(44)) - Successfully registered JMX Bean with object name Ratis:service=RaftServer,group=group-0148662441ED,id=31c5dcde-db57-40d7-a24d-ec5de7583a50
2023-09-08 11:18:09,652 [31c5dcde-db57-40d7-a24d-ec5de7583a50-groupManagement] INFO  server.RaftServerConfigKeys (ConfUtils.java:logGet(46)) - raft.server.snapshot.auto.trigger.enabled = true (custom)
2023-09-08 11:18:09,652 [31c5dcde-db57-40d7-a24d-ec5de7583a50-groupManagement] INFO  server.RaftServerConfigKeys (ConfUtils.java:logGet(46)) - raft.server.snapshot.auto.trigger.threshold = 10000 (custom)
2023-09-08 11:18:09,652 [31c5dcde-db57-40d7-a24d-ec5de7583a50-groupManagement] INFO  server.RaftServerConfigKeys (ConfUtils.java:logGet(46)) - raft.server.snapshot.retention.file.num = 5 (custom)
2023-09-08 11:18:09,652 [31c5dcde-db57-40d7-a24d-ec5de7583a50-groupManagement] INFO  server.RaftServerConfigKeys (ConfUtils.java:logGet(46)) - raft.server.log.purge.upto.snapshot.index = false (default)
2023-09-08 11:18:09,655 [31c5dcde-db57-40d7-a24d-ec5de7583a50@group-0148662441ED-FollowerState] INFO  server.RaftServerConfigKeys (ConfUtils.java:logFallback(53)) - raft.server.rpc.first-election.timeout.min = 5s (fallback to raft.server.rpc.timeout.min)
2023-09-08 11:18:09,655 [31c5dcde-db57-40d7-a24d-ec5de7583a50@group-0148662441ED-FollowerState] INFO  server.RaftServerConfigKeys (ConfUtils.java:logFallback(53)) - raft.server.rpc.first-election.timeout.max = 5200ms (fallback to raft.server.rpc.timeout.max)
2023-09-08 11:18:09,688 [grpc-default-executor-0] INFO  server.RaftServer (RaftServerProxy.java:addNew(98)) - e7773167-2049-479c-a584-e45e7fe0d5b5: addNew group-0148662441ED:[250abfd1-bd23-40f0-a4b0-f7070b21e986|rpc:10.1.0.72:15067|admin:10.1.0.72:15066|client:10.1.0.72:15065|dataStream:10.1.0.72:15068|priority:0|startupRole:FOLLOWER, 31c5dcde-db57-40d7-a24d-ec5de7583a50|rpc:10.1.0.72:15076|admin:10.1.0.72:15075|client:10.1.0.72:15074|dataStream:10.1.0.72:15077|priority:1|startupRole:FOLLOWER, e7773167-2049-479c-a584-e45e7fe0d5b5|rpc:10.1.0.72:15085|admin:10.1.0.72:15084|client:10.1.0.72:15083|dataStream:10.1.0.72:15086|priority:0|startupRole:FOLLOWER] returns group-0148662441ED:java.util.concurrent.CompletableFuture@6319481c[Not completed]
2023-09-08 11:18:09,690 [e7773167-2049-479c-a584-e45e7fe0d5b5-groupManagement] INFO  server.RaftServer$Division (RaftServerImpl.java:<init>(198)) - e7773167-2049-479c-a584-e45e7fe0d5b5: new RaftServerImpl for group-0148662441ED:[250abfd1-bd23-40f0-a4b0-f7070b21e986|rpc:10.1.0.72:15067|admin:10.1.0.72:15066|client:10.1.0.72:15065|dataStream:10.1.0.72:15068|priority:0|startupRole:FOLLOWER, 31c5dcde-db57-40d7-a24d-ec5de7583a50|rpc:10.1.0.72:15076|admin:10.1.0.72:15075|client:10.1.0.72:15074|dataStream:10.1.0.72:15077|priority:1|startupRole:FOLLOWER, e7773167-2049-479c-a584-e45e7fe0d5b5|rpc:10.1.0.72:15085|admin:10.1.0.72:15084|client:10.1.0.72:15083|dataStream:10.1.0.72:15086|priority:0|startupRole:FOLLOWER] with ContainerStateMachine:uninitialized
2023-09-08 11:18:09,690 [e7773167-2049-479c-a584-e45e7fe0d5b5-groupManagement] INFO  server.RaftServerConfigKeys (ConfUtils.java:logGet(46)) - raft.server.rpc.timeout.min = 5s (custom)
2023-09-08 11:18:09,690 [e7773167-2049-479c-a584-e45e7fe0d5b5-groupManagement] INFO  server.RaftServerConfigKeys (ConfUtils.java:logGet(46)) - raft.server.rpc.timeout.max = 5200ms (custom)
2023-09-08 11:18:09,690 [e7773167-2049-479c-a584-e45e7fe0d5b5-groupManagement] INFO  server.RaftServerConfigKeys (ConfUtils.java:logGet(46)) - raft.server.rpc.sleep.time = 25ms (default)
2023-09-08 11:18:09,690 [e7773167-2049-479c-a584-e45e7fe0d5b5-groupManagement] INFO  server.RaftServerConfigKeys (ConfUtils.java:logGet(46)) - raft.server.rpc.slowness.timeout = 300s (custom)
2023-09-08 11:18:09,690 [e7773167-2049-479c-a584-e45e7fe0d5b5-groupManagement] INFO  server.RaftServerConfigKeys (ConfUtils.java:logGet(46)) - raft.server.leaderelection.leader.step-down.wait-time = 10s (default)
2023-09-08 11:18:09,690 [e7773167-2049-479c-a584-e45e7fe0d5b5-groupManagement] INFO  server.RaftServerConfigKeys (ConfUtils.java:logGet(46)) - raft.server.sleep.deviation.threshold = 300ms (default)
2023-09-08 11:18:09,691 [e7773167-2049-479c-a584-e45e7fe0d5b5-groupManagement] INFO  server.RaftServer$Division (ServerState.java:<init>(120)) - e7773167-2049-479c-a584-e45e7fe0d5b5@group-0148662441ED: ConfigurationManager, init=-1: peers:[250abfd1-bd23-40f0-a4b0-f7070b21e986|rpc:10.1.0.72:15067|admin:10.1.0.72:15066|client:10.1.0.72:15065|dataStream:10.1.0.72:15068|priority:0|startupRole:FOLLOWER, 31c5dcde-db57-40d7-a24d-ec5de7583a50|rpc:10.1.0.72:15076|admin:10.1.0.72:15075|client:10.1.0.72:15074|dataStream:10.1.0.72:15077|priority:1|startupRole:FOLLOWER, e7773167-2049-479c-a584-e45e7fe0d5b5|rpc:10.1.0.72:15085|admin:10.1.0.72:15084|client:10.1.0.72:15083|dataStream:10.1.0.72:15086|priority:0|startupRole:FOLLOWER]|listeners:[], old=null, confs=<EMPTY_MAP>
2023-09-08 11:18:09,691 [e7773167-2049-479c-a584-e45e7fe0d5b5-groupManagement] INFO  server.RaftServerConfigKeys (ConfUtils.java:logGet(46)) - raft.server.storage.dir = [/home/runner/work/ozone/ozone/hadoop-ozone/integration-test/target/test-dir/MiniOzoneClusterImpl-fc42fee5-8bb2-43c7-8c2a-cc72dd658d38/datanode-2/data/ratis] (custom)
2023-09-08 11:18:09,691 [e7773167-2049-479c-a584-e45e7fe0d5b5-groupManagement] INFO  server.RaftServerConfigKeys (ConfUtils.java:logGet(46)) - raft.server.log.corruption.policy = EXCEPTION (default)
2023-09-08 11:18:09,691 [e7773167-2049-479c-a584-e45e7fe0d5b5-groupManagement] INFO  server.RaftServerConfigKeys (ConfUtils.java:logGet(46)) - raft.server.storage.free-space.min = 0MB (=0) (default)
2023-09-08 11:18:09,692 [e7773167-2049-479c-a584-e45e7fe0d5b5-groupManagement] INFO  server.RaftServerConfigKeys (ConfUtils.java:logGet(46)) - raft.server.notification.no-leader.timeout = 300s (custom)
2023-09-08 11:18:09,692 [e7773167-2049-479c-a584-e45e7fe0d5b5-groupManagement] INFO  server.RaftServerConfigKeys (ConfUtils.java:logGet(46)) - raft.server.read.timeout = 10s (default)
2023-09-08 11:18:09,692 [e7773167-2049-479c-a584-e45e7fe0d5b5-groupManagement] INFO  server.RaftServerConfigKeys (ConfUtils.java:logGet(46)) - raft.server.retrycache.expirytime = 600000ms (custom)
2023-09-08 11:18:09,692 [e7773167-2049-479c-a584-e45e7fe0d5b5-groupManagement] INFO  server.RaftServerConfigKeys (ConfUtils.java:logGet(46)) - raft.server.retrycache.statistics.expirytime = 100μs (default)
2023-09-08 11:18:09,692 [e7773167-2049-479c-a584-e45e7fe0d5b5-groupManagement] INFO  server.RaftServerConfigKeys (ConfUtils.java:logGet(46)) - raft.server.read.option = DEFAULT (default)
2023-09-08 11:18:09,693 [e7773167-2049-479c-a584-e45e7fe0d5b5-groupManagement] INFO  server.RaftServerConfigKeys (ConfUtils.java:logGet(46)) - raft.server.rpc.request.timeout = 60s (custom)
2023-09-08 11:18:09,693 [e7773167-2049-479c-a584-e45e7fe0d5b5-groupManagement] INFO  server.RaftServerConfigKeys (ConfUtils.java:logGet(46)) - raft.server.log.appender.install.snapshot.enabled = false (custom)
2023-09-08 11:18:09,694 [e7773167-2049-479c-a584-e45e7fe0d5b5-groupManagement] INFO  server.RaftServerConfigKeys (ConfUtils.java:logGet(46)) - raft.server.threadpool.server.cached = true (default)
2023-09-08 11:18:09,694 [e7773167-2049-479c-a584-e45e7fe0d5b5-groupManagement] INFO  server.RaftServerConfigKeys (ConfUtils.java:logGet(46)) - raft.server.threadpool.server.size = 0 (default)
2023-09-08 11:18:09,694 [e7773167-2049-479c-a584-e45e7fe0d5b5-groupManagement] INFO  server.RaftServerConfigKeys (ConfUtils.java:logGet(46)) - raft.server.threadpool.client.cached = true (default)
2023-09-08 11:18:09,694 [e7773167-2049-479c-a584-e45e7fe0d5b5-groupManagement] INFO  server.RaftServerConfigKeys (ConfUtils.java:logGet(46)) - raft.server.threadpool.client.size = 0 (default)
2023-09-08 11:18:09,694 [e7773167-2049-479c-a584-e45e7fe0d5b5-groupManagement] INFO  storage.RaftStorageDirectory (RaftStorageDirectoryImpl.java:analyzeStorage(137)) - The storage directory /home/runner/work/ozone/ozone/hadoop-ozone/integration-test/target/test-dir/MiniOzoneClusterImpl-fc42fee5-8bb2-43c7-8c2a-cc72dd658d38/datanode-2/data/ratis/cae1cfef-08b9-4dc8-a6cf-0148662441ed does not exist. Creating ...
2023-09-08 11:18:09,695 [e7773167-2049-479c-a584-e45e7fe0d5b5-groupManagement] INFO  storage.RaftStorageDirectory (RaftStorageDirectoryImpl.java:tryLock(231)) - Lock on /home/runner/work/ozone/ozone/hadoop-ozone/integration-test/target/test-dir/MiniOzoneClusterImpl-fc42fee5-8bb2-43c7-8c2a-cc72dd658d38/datanode-2/data/ratis/cae1cfef-08b9-4dc8-a6cf-0148662441ed/in_use.lock acquired by nodename 7549@fv-az203-160
2023-09-08 11:18:09,697 [e7773167-2049-479c-a584-e45e7fe0d5b5-groupManagement] INFO  storage.RaftStorage (RaftStorageImpl.java:format(96)) - Storage directory /home/runner/work/ozone/ozone/hadoop-ozone/integration-test/target/test-dir/MiniOzoneClusterImpl-fc42fee5-8bb2-43c7-8c2a-cc72dd658d38/datanode-2/data/ratis/cae1cfef-08b9-4dc8-a6cf-0148662441ed has been successfully formatted.
2023-09-08 11:18:09,700 [e7773167-2049-479c-a584-e45e7fe0d5b5-groupManagement] INFO  ratis.ContainerStateMachine (ContainerStateMachine.java:loadSnapshot(262)) - group-0148662441ED: The snapshot info is null. Setting the last applied indexto:(t:0, i:~)
2023-09-08 11:18:09,700 [e7773167-2049-479c-a584-e45e7fe0d5b5-groupManagement] INFO  server.RaftServerConfigKeys (ConfUtils.java:logGet(46)) - raft.server.log.use.memory = false (default)
2023-09-08 11:18:09,700 [e7773167-2049-479c-a584-e45e7fe0d5b5-groupManagement] INFO  server.RaftServerConfigKeys (ConfUtils.java:logGet(46)) - raft.server.log.purge.gap = 1000000 (custom)
2023-09-08 11:18:09,702 [e7773167-2049-479c-a584-e45e7fe0d5b5-groupManagement] INFO  server.RaftServerConfigKeys (ConfUtils.java:logGet(46)) - raft.server.log.appender.buffer.byte-limit = 33554432 (custom)
2023-09-08 11:18:09,702 [e7773167-2049-479c-a584-e45e7fe0d5b5-groupManagement] INFO  server.RaftServerConfigKeys (ConfUtils.java:logGet(46)) - raft.server.log.statemachine.data.read.timeout = 1000ms (default)
2023-09-08 11:18:09,702 [e7773167-2049-479c-a584-e45e7fe0d5b5-groupManagement] INFO  server.RaftServerConfigKeys (ConfUtils.java:logGet(46)) - raft.server.log.purge.preservation.log.num = 0 (default)
2023-09-08 11:18:09,702 [e7773167-2049-479c-a584-e45e7fe0d5b5-groupManagement] INFO  server.RaftServerConfigKeys (ConfUtils.java:logGet(46)) - raft.server.log.segment.size.max = 1048576 (custom)
2023-09-08 11:18:09,702 [e7773167-2049-479c-a584-e45e7fe0d5b5-groupManagement] INFO  server.RaftServerConfigKeys (ConfUtils.java:logGet(46)) - raft.server.log.segment.cache.num.max = 2 (custom)
2023-09-08 11:18:09,703 [e7773167-2049-479c-a584-e45e7fe0d5b5-groupManagement] INFO  server.RaftServerConfigKeys (ConfUtils.java:logGet(46)) - raft.server.log.segment.cache.size.max = 200MB (=209715200) (default)
2023-09-08 11:18:09,703 [e7773167-2049-479c-a584-e45e7fe0d5b5-groupManagement] INFO  server.RaftServerConfigKeys (ConfUtils.java:logGet(46)) - raft.server.log.appender.buffer.byte-limit = 33554432 (custom)
2023-09-08 11:18:09,703 [e7773167-2049-479c-a584-e45e7fe0d5b5-groupManagement] INFO  segmented.SegmentedRaftLogWorker (SegmentedRaftLogWorker.java:<init>(188)) - new e7773167-2049-479c-a584-e45e7fe0d5b5@group-0148662441ED-SegmentedRaftLogWorker for RaftStorageImpl:Storage Directory /home/runner/work/ozone/ozone/hadoop-ozone/integration-test/target/test-dir/MiniOzoneClusterImpl-fc42fee5-8bb2-43c7-8c2a-cc72dd658d38/datanode-2/data/ratis/cae1cfef-08b9-4dc8-a6cf-0148662441ed
2023-09-08 11:18:09,703 [e7773167-2049-479c-a584-e45e7fe0d5b5-groupManagement] INFO  server.RaftServerConfigKeys (ConfUtils.java:logGet(46)) - raft.server.log.queue.byte-limit = 4294967296 (custom)
2023-09-08 11:18:09,703 [e7773167-2049-479c-a584-e45e7fe0d5b5-groupManagement] INFO  server.RaftServerConfigKeys (ConfUtils.java:logGet(46)) - raft.server.log.queue.element-limit = 1024 (custom)
2023-09-08 11:18:09,704 [e7773167-2049-479c-a584-e45e7fe0d5b5-groupManagement] INFO  server.RaftServerConfigKeys (ConfUtils.java:logGet(46)) - raft.server.log.segment.size.max = 1048576 (custom)
2023-09-08 11:18:09,704 [e7773167-2049-479c-a584-e45e7fe0d5b5-groupManagement] INFO  server.RaftServerConfigKeys (ConfUtils.java:logGet(46)) - raft.server.log.preallocated.size = 16384 (custom)
2023-09-08 11:18:09,704 [e7773167-2049-479c-a584-e45e7fe0d5b5-groupManagement] INFO  server.RaftServerConfigKeys (ConfUtils.java:logGet(46)) - raft.server.log.force.sync.num = 128 (default)
2023-09-08 11:18:09,704 [e7773167-2049-479c-a584-e45e7fe0d5b5-groupManagement] INFO  server.RaftServerConfigKeys (ConfUtils.java:logGet(46)) - raft.server.log.statemachine.data.sync = true (default)
2023-09-08 11:18:09,704 [e7773167-2049-479c-a584-e45e7fe0d5b5-groupManagement] INFO  server.RaftServerConfigKeys (ConfUtils.java:logGet(46)) - raft.server.log.statemachine.data.sync.timeout = 10s (default)
2023-09-08 11:18:09,704 [e7773167-2049-479c-a584-e45e7fe0d5b5-groupManagement] INFO  server.RaftServerConfigKeys (ConfUtils.java:logGet(46)) - raft.server.log.statemachine.data.sync.timeout.retry = -1 (default)
2023-09-08 11:18:09,705 [e7773167-2049-479c-a584-e45e7fe0d5b5-groupManagement] INFO  server.RaftServerConfigKeys (ConfUtils.java:logGet(46)) - raft.server.log.write.buffer.size = 1048576 (custom)
2023-09-08 11:18:09,705 [e7773167-2049-479c-a584-e45e7fe0d5b5-groupManagement] INFO  server.RaftServerConfigKeys (ConfUtils.java:logGet(46)) - raft.server.log.appender.buffer.byte-limit = 33554432 (custom)
2023-09-08 11:18:09,715 [e7773167-2049-479c-a584-e45e7fe0d5b5-groupManagement] INFO  server.RaftServerConfigKeys (ConfUtils.java:logGet(46)) - raft.server.log.unsafe-flush.enabled = false (default)
2023-09-08 11:18:09,715 [e7773167-2049-479c-a584-e45e7fe0d5b5-groupManagement] INFO  server.RaftServerConfigKeys (ConfUtils.java:logGet(46)) - raft.server.log.async-flush.enabled = false (default)
2023-09-08 11:18:09,715 [e7773167-2049-479c-a584-e45e7fe0d5b5-groupManagement] INFO  server.RaftServerConfigKeys (ConfUtils.java:logGet(46)) - raft.server.log.statemachine.data.caching.enabled = true (custom)
2023-09-08 11:18:09,716 [e7773167-2049-479c-a584-e45e7fe0d5b5-groupManagement] INFO  segmented.SegmentedRaftLogWorker (SegmentedRaftLogWorker.java:lambda$new$0(135)) - e7773167-2049-479c-a584-e45e7fe0d5b5@group-0148662441ED-SegmentedRaftLogWorker: flushIndex: setUnconditionally 0 -> -1
2023-09-08 11:18:09,716 [e7773167-2049-479c-a584-e45e7fe0d5b5-groupManagement] INFO  segmented.SegmentedRaftLogWorker (SegmentedRaftLogWorker.java:lambda$new$0(135)) - e7773167-2049-479c-a584-e45e7fe0d5b5@group-0148662441ED-SegmentedRaftLogWorker: safeCacheEvictIndex: setUnconditionally 0 -> -1
2023-09-08 11:18:09,716 [e7773167-2049-479c-a584-e45e7fe0d5b5-groupManagement] INFO  server.RaftServer$Division (RaftServerImpl.java:start(342)) - e7773167-2049-479c-a584-e45e7fe0d5b5@group-0148662441ED: start as a follower, conf=-1: peers:[250abfd1-bd23-40f0-a4b0-f7070b21e986|rpc:10.1.0.72:15067|admin:10.1.0.72:15066|client:10.1.0.72:15065|dataStream:10.1.0.72:15068|priority:0|startupRole:FOLLOWER, 31c5dcde-db57-40d7-a24d-ec5de7583a50|rpc:10.1.0.72:15076|admin:10.1.0.72:15075|client:10.1.0.72:15074|dataStream:10.1.0.72:15077|priority:1|startupRole:FOLLOWER, e7773167-2049-479c-a584-e45e7fe0d5b5|rpc:10.1.0.72:15085|admin:10.1.0.72:15084|client:10.1.0.72:15083|dataStream:10.1.0.72:15086|priority:0|startupRole:FOLLOWER]|listeners:[], old=null
2023-09-08 11:18:09,716 [e7773167-2049-479c-a584-e45e7fe0d5b5-groupManagement] INFO  server.RaftServer$Division (RaftServerImpl.java:setRole(329)) - e7773167-2049-479c-a584-e45e7fe0d5b5@group-0148662441ED: changes role from      null to FOLLOWER at term 0 for startAsFollower
2023-09-08 11:18:09,716 [e7773167-2049-479c-a584-e45e7fe0d5b5-groupManagement] INFO  impl.RoleInfo (RoleInfo.java:updateAndGet(139)) - e7773167-2049-479c-a584-e45e7fe0d5b5: start e7773167-2049-479c-a584-e45e7fe0d5b5@group-0148662441ED-FollowerState
2023-09-08 11:18:09,719 [e7773167-2049-479c-a584-e45e7fe0d5b5-groupManagement] INFO  util.JmxRegister (JmxRegister.java:tryRegister(44)) - Successfully registered JMX Bean with object name Ratis:service=RaftServer,group=group-0148662441ED,id=e7773167-2049-479c-a584-e45e7fe0d5b5
2023-09-08 11:18:09,719 [e7773167-2049-479c-a584-e45e7fe0d5b5-groupManagement] INFO  server.RaftServerConfigKeys (ConfUtils.java:logGet(46)) - raft.server.snapshot.auto.trigger.enabled = true (custom)
2023-09-08 11:18:09,719 [e7773167-2049-479c-a584-e45e7fe0d5b5-groupManagement] INFO  server.RaftServerConfigKeys (ConfUtils.java:logGet(46)) - raft.server.snapshot.auto.trigger.threshold = 10000 (custom)
2023-09-08 11:18:09,719 [e7773167-2049-479c-a584-e45e7fe0d5b5-groupManagement] INFO  server.RaftServerConfigKeys (ConfUtils.java:logGet(46)) - raft.server.snapshot.retention.file.num = 5 (custom)
2023-09-08 11:18:09,719 [e7773167-2049-479c-a584-e45e7fe0d5b5-groupManagement] INFO  server.RaftServerConfigKeys (ConfUtils.java:logGet(46)) - raft.server.log.purge.upto.snapshot.index = false (default)
2023-09-08 11:18:09,720 [e7773167-2049-479c-a584-e45e7fe0d5b5@group-0148662441ED-FollowerState] INFO  server.RaftServerConfigKeys (ConfUtils.java:logFallback(53)) - raft.server.rpc.first-election.timeout.min = 5s (fallback to raft.server.rpc.timeout.min)
2023-09-08 11:18:09,720 [e7773167-2049-479c-a584-e45e7fe0d5b5@group-0148662441ED-FollowerState] INFO  server.RaftServerConfigKeys (ConfUtils.java:logFallback(53)) - raft.server.rpc.first-election.timeout.max = 5200ms (fallback to raft.server.rpc.timeout.max)
2023-09-08 11:18:09,735 [PipelineCommandHandlerThread-0] INFO  commandhandler.CreatePipelineCommandHandler (CreatePipelineCommandHandler.java:lambda$handle$2(124)) - Created Pipeline RATIS THREE PipelineID=cae1cfef-08b9-4dc8-a6cf-0148662441ed.
2023-09-08 11:18:09,735 [PipelineCommandHandlerThread-0] INFO  server.RaftServer (RaftServerProxy.java:addNew(98)) - 250abfd1-bd23-40f0-a4b0-f7070b21e986: addNew group-120BE6A4A936:[250abfd1-bd23-40f0-a4b0-f7070b21e986|rpc:10.1.0.72:15067|admin:10.1.0.72:15066|client:10.1.0.72:15065|dataStream:10.1.0.72:15068|priority:1|startupRole:FOLLOWER, 31c5dcde-db57-40d7-a24d-ec5de7583a50|rpc:10.1.0.72:15076|admin:10.1.0.72:15075|client:10.1.0.72:15074|dataStream:10.1.0.72:15077|priority:0|startupRole:FOLLOWER, e7773167-2049-479c-a584-e45e7fe0d5b5|rpc:10.1.0.72:15085|admin:10.1.0.72:15084|client:10.1.0.72:15083|dataStream:10.1.0.72:15086|priority:0|startupRole:FOLLOWER] returns group-120BE6A4A936:java.util.concurrent.CompletableFuture@25b51208[Not completed]
2023-09-08 11:18:09,736 [250abfd1-bd23-40f0-a4b0-f7070b21e986-groupManagement] INFO  server.RaftServer$Division (RaftServerImpl.java:<init>(198)) - 250abfd1-bd23-40f0-a4b0-f7070b21e986: new RaftServerImpl for group-120BE6A4A936:[250abfd1-bd23-40f0-a4b0-f7070b21e986|rpc:10.1.0.72:15067|admin:10.1.0.72:15066|client:10.1.0.72:15065|dataStream:10.1.0.72:15068|priority:1|startupRole:FOLLOWER, 31c5dcde-db57-40d7-a24d-ec5de7583a50|rpc:10.1.0.72:15076|admin:10.1.0.72:15075|client:10.1.0.72:15074|dataStream:10.1.0.72:15077|priority:0|startupRole:FOLLOWER, e7773167-2049-479c-a584-e45e7fe0d5b5|rpc:10.1.0.72:15085|admin:10.1.0.72:15084|client:10.1.0.72:15083|dataStream:10.1.0.72:15086|priority:0|startupRole:FOLLOWER] with ContainerStateMachine:uninitialized
2023-09-08 11:18:09,736 [250abfd1-bd23-40f0-a4b0-f7070b21e986-groupManagement] INFO  server.RaftServerConfigKeys (ConfUtils.java:logGet(46)) - raft.server.rpc.timeout.min = 5s (custom)
2023-09-08 11:18:09,736 [250abfd1-bd23-40f0-a4b0-f7070b21e986-groupManagement] INFO  server.RaftServerConfigKeys (ConfUtils.java:logGet(46)) - raft.server.rpc.timeout.max = 5200ms (custom)
2023-09-08 11:18:09,736 [250abfd1-bd23-40f0-a4b0-f7070b21e986-groupManagement] INFO  server.RaftServerConfigKeys (ConfUtils.java:logGet(46)) - raft.server.rpc.sleep.time = 25ms (default)
2023-09-08 11:18:09,736 [250abfd1-bd23-40f0-a4b0-f7070b21e986-groupManagement] INFO  server.RaftServerConfigKeys (ConfUtils.java:logGet(46)) - raft.server.rpc.slowness.timeout = 300s (custom)
2023-09-08 11:18:09,736 [250abfd1-bd23-40f0-a4b0-f7070b21e986-groupManagement] INFO  server.RaftServerConfigKeys (ConfUtils.java:logGet(46)) - raft.server.leaderelection.leader.step-down.wait-time = 10s (default)
2023-09-08 11:18:09,737 [250abfd1-bd23-40f0-a4b0-f7070b21e986-groupManagement] INFO  server.RaftServerConfigKeys (ConfUtils.java:logGet(46)) - raft.server.sleep.deviation.threshold = 300ms (default)
2023-09-08 11:18:09,737 [250abfd1-bd23-40f0-a4b0-f7070b21e986-groupManagement] INFO  server.RaftServer$Division (ServerState.java:<init>(120)) - 250abfd1-bd23-40f0-a4b0-f7070b21e986@group-120BE6A4A936: ConfigurationManager, init=-1: peers:[250abfd1-bd23-40f0-a4b0-f7070b21e986|rpc:10.1.0.72:15067|admin:10.1.0.72:15066|client:10.1.0.72:15065|dataStream:10.1.0.72:15068|priority:1|startupRole:FOLLOWER, 31c5dcde-db57-40d7-a24d-ec5de7583a50|rpc:10.1.0.72:15076|admin:10.1.0.72:15075|client:10.1.0.72:15074|dataStream:10.1.0.72:15077|priority:0|startupRole:FOLLOWER, e7773167-2049-479c-a584-e45e7fe0d5b5|rpc:10.1.0.72:15085|admin:10.1.0.72:15084|client:10.1.0.72:15083|dataStream:10.1.0.72:15086|priority:0|startupRole:FOLLOWER]|listeners:[], old=null, confs=<EMPTY_MAP>
2023-09-08 11:18:09,737 [250abfd1-bd23-40f0-a4b0-f7070b21e986-groupManagement] INFO  server.RaftServerConfigKeys (ConfUtils.java:logGet(46)) - raft.server.storage.dir = [/home/runner/work/ozone/ozone/hadoop-ozone/integration-test/target/test-dir/MiniOzoneClusterImpl-fc42fee5-8bb2-43c7-8c2a-cc72dd658d38/datanode-0/data/ratis] (custom)
2023-09-08 11:18:09,737 [250abfd1-bd23-40f0-a4b0-f7070b21e986-groupManagement] INFO  server.RaftServerConfigKeys (ConfUtils.java:logGet(46)) - raft.server.log.corruption.policy = EXCEPTION (default)
2023-09-08 11:18:09,737 [250abfd1-bd23-40f0-a4b0-f7070b21e986-groupManagement] INFO  server.RaftServerConfigKeys (ConfUtils.java:logGet(46)) - raft.server.storage.free-space.min = 0MB (=0) (default)
2023-09-08 11:18:09,737 [250abfd1-bd23-40f0-a4b0-f7070b21e986-groupManagement] INFO  server.RaftServerConfigKeys (ConfUtils.java:logGet(46)) - raft.server.notification.no-leader.timeout = 300s (custom)
2023-09-08 11:18:09,737 [250abfd1-bd23-40f0-a4b0-f7070b21e986-groupManagement] INFO  server.RaftServerConfigKeys (ConfUtils.java:logGet(46)) - raft.server.read.timeout = 10s (default)
2023-09-08 11:18:09,737 [250abfd1-bd23-40f0-a4b0-f7070b21e986-groupManagement] INFO  server.RaftServerConfigKeys (ConfUtils.java:logGet(46)) - raft.server.retrycache.expirytime = 600000ms (custom)
2023-09-08 11:18:09,737 [250abfd1-bd23-40f0-a4b0-f7070b21e986-groupManagement] INFO  server.RaftServerConfigKeys (ConfUtils.java:logGet(46)) - raft.server.retrycache.statistics.expirytime = 100μs (default)
2023-09-08 11:18:09,737 [250abfd1-bd23-40f0-a4b0-f7070b21e986-groupManagement] INFO  server.RaftServerConfigKeys (ConfUtils.java:logGet(46)) - raft.server.read.option = DEFAULT (default)
2023-09-08 11:18:09,739 [250abfd1-bd23-40f0-a4b0-f7070b21e986-groupManagement] INFO  server.RaftServerConfigKeys (ConfUtils.java:logGet(46)) - raft.server.rpc.request.timeout = 60s (custom)
2023-09-08 11:18:09,739 [250abfd1-bd23-40f0-a4b0-f7070b21e986-groupManagement] INFO  server.RaftServerConfigKeys (ConfUtils.java:logGet(46)) - raft.server.log.appender.install.snapshot.enabled = false (custom)
2023-09-08 11:18:09,739 [250abfd1-bd23-40f0-a4b0-f7070b21e986-groupManagement] INFO  server.RaftServerConfigKeys (ConfUtils.java:logGet(46)) - raft.server.threadpool.server.cached = true (default)
2023-09-08 11:18:09,739 [250abfd1-bd23-40f0-a4b0-f7070b21e986-groupManagement] INFO  server.RaftServerConfigKeys (ConfUtils.java:logGet(46)) - raft.server.threadpool.server.size = 0 (default)
2023-09-08 11:18:09,739 [250abfd1-bd23-40f0-a4b0-f7070b21e986-groupManagement] INFO  server.RaftServerConfigKeys (ConfUtils.java:logGet(46)) - raft.server.threadpool.client.cached = true (default)
2023-09-08 11:18:09,739 [250abfd1-bd23-40f0-a4b0-f7070b21e986-groupManagement] INFO  server.RaftServerConfigKeys (ConfUtils.java:logGet(46)) - raft.server.threadpool.client.size = 0 (default)
2023-09-08 11:18:09,740 [250abfd1-bd23-40f0-a4b0-f7070b21e986-groupManagement] INFO  storage.RaftStorageDirectory (RaftStorageDirectoryImpl.java:analyzeStorage(137)) - The storage directory /home/runner/work/ozone/ozone/hadoop-ozone/integration-test/target/test-dir/MiniOzoneClusterImpl-fc42fee5-8bb2-43c7-8c2a-cc72dd658d38/datanode-0/data/ratis/214054d4-b789-494d-8505-120be6a4a936 does not exist. Creating ...
2023-09-08 11:18:09,741 [250abfd1-bd23-40f0-a4b0-f7070b21e986-groupManagement] INFO  storage.RaftStorageDirectory (RaftStorageDirectoryImpl.java:tryLock(231)) - Lock on /home/runner/work/ozone/ozone/hadoop-ozone/integration-test/target/test-dir/MiniOzoneClusterImpl-fc42fee5-8bb2-43c7-8c2a-cc72dd658d38/datanode-0/data/ratis/214054d4-b789-494d-8505-120be6a4a936/in_use.lock acquired by nodename 7549@fv-az203-160
2023-09-08 11:18:09,742 [250abfd1-bd23-40f0-a4b0-f7070b21e986-groupManagement] INFO  storage.RaftStorage (RaftStorageImpl.java:format(96)) - Storage directory /home/runner/work/ozone/ozone/hadoop-ozone/integration-test/target/test-dir/MiniOzoneClusterImpl-fc42fee5-8bb2-43c7-8c2a-cc72dd658d38/datanode-0/data/ratis/214054d4-b789-494d-8505-120be6a4a936 has been successfully formatted.
2023-09-08 11:18:09,743 [250abfd1-bd23-40f0-a4b0-f7070b21e986-groupManagement] INFO  ratis.ContainerStateMachine (ContainerStateMachine.java:loadSnapshot(262)) - group-120BE6A4A936: The snapshot info is null. Setting the last applied indexto:(t:0, i:~)
2023-09-08 11:18:09,743 [250abfd1-bd23-40f0-a4b0-f7070b21e986-groupManagement] INFO  server.RaftServerConfigKeys (ConfUtils.java:logGet(46)) - raft.server.log.use.memory = false (default)
2023-09-08 11:18:09,744 [250abfd1-bd23-40f0-a4b0-f7070b21e986-groupManagement] INFO  server.RaftServerConfigKeys (ConfUtils.java:logGet(46)) - raft.server.log.purge.gap = 1000000 (custom)
2023-09-08 11:18:09,744 [EventQueue-OpenPipelineForHealthyPipelineSafeModeRule] INFO  safemode.SCMSafeModeManager (HealthyPipelineSafeModeRule.java:process(137)) - SCM in safe mode. Healthy pipelines reported count is 0, required healthy pipeline reported count is 1
2023-09-08 11:18:09,744 [250abfd1-bd23-40f0-a4b0-f7070b21e986-groupManagement] INFO  server.RaftServerConfigKeys (ConfUtils.java:logGet(46)) - raft.server.log.appender.buffer.byte-limit = 33554432 (custom)
2023-09-08 11:18:09,744 [250abfd1-bd23-40f0-a4b0-f7070b21e986-groupManagement] INFO  server.RaftServerConfigKeys (ConfUtils.java:logGet(46)) - raft.server.log.statemachine.data.read.timeout = 1000ms (default)
2023-09-08 11:18:09,744 [250abfd1-bd23-40f0-a4b0-f7070b21e986-groupManagement] INFO  server.RaftServerConfigKeys (ConfUtils.java:logGet(46)) - raft.server.log.purge.preservation.log.num = 0 (default)
2023-09-08 11:18:09,744 [250abfd1-bd23-40f0-a4b0-f7070b21e986-groupManagement] INFO  server.RaftServerConfigKeys (ConfUtils.java:logGet(46)) - raft.server.log.segment.size.max = 1048576 (custom)
2023-09-08 11:18:09,745 [250abfd1-bd23-40f0-a4b0-f7070b21e986-groupManagement] INFO  server.RaftServerConfigKeys (ConfUtils.java:logGet(46)) - raft.server.log.segment.cache.num.max = 2 (custom)
2023-09-08 11:18:09,745 [250abfd1-bd23-40f0-a4b0-f7070b21e986-groupManagement] INFO  server.RaftServerConfigKeys (ConfUtils.java:logGet(46)) - raft.server.log.segment.cache.size.max = 200MB (=209715200) (default)
2023-09-08 11:18:09,745 [250abfd1-bd23-40f0-a4b0-f7070b21e986-groupManagement] INFO  server.RaftServerConfigKeys (ConfUtils.java:logGet(46)) - raft.server.log.appender.buffer.byte-limit = 33554432 (custom)
2023-09-08 11:18:09,745 [250abfd1-bd23-40f0-a4b0-f7070b21e986-groupManagement] INFO  segmented.SegmentedRaftLogWorker (SegmentedRaftLogWorker.java:<init>(188)) - new 250abfd1-bd23-40f0-a4b0-f7070b21e986@group-120BE6A4A936-SegmentedRaftLogWorker for RaftStorageImpl:Storage Directory /home/runner/work/ozone/ozone/hadoop-ozone/integration-test/target/test-dir/MiniOzoneClusterImpl-fc42fee5-8bb2-43c7-8c2a-cc72dd658d38/datanode-0/data/ratis/214054d4-b789-494d-8505-120be6a4a936
2023-09-08 11:18:09,745 [250abfd1-bd23-40f0-a4b0-f7070b21e986-groupManagement] INFO  server.RaftServerConfigKeys (ConfUtils.java:logGet(46)) - raft.server.log.queue.byte-limit = 4294967296 (custom)
2023-09-08 11:18:09,745 [250abfd1-bd23-40f0-a4b0-f7070b21e986-groupManagement] INFO  server.RaftServerConfigKeys (ConfUtils.java:logGet(46)) - raft.server.log.queue.element-limit = 1024 (custom)
2023-09-08 11:18:09,745 [250abfd1-bd23-40f0-a4b0-f7070b21e986-groupManagement] INFO  server.RaftServerConfigKeys (ConfUtils.java:logGet(46)) - raft.server.log.segment.size.max = 1048576 (custom)
2023-09-08 11:18:09,745 [250abfd1-bd23-40f0-a4b0-f7070b21e986-groupManagement] INFO  server.RaftServerConfigKeys (ConfUtils.java:logGet(46)) - raft.server.log.preallocated.size = 16384 (custom)
2023-09-08 11:18:09,745 [250abfd1-bd23-40f0-a4b0-f7070b21e986-groupManagement] INFO  server.RaftServerConfigKeys (ConfUtils.java:logGet(46)) - raft.server.log.force.sync.num = 128 (default)
2023-09-08 11:18:09,746 [250abfd1-bd23-40f0-a4b0-f7070b21e986-groupManagement] INFO  server.RaftServerConfigKeys (ConfUtils.java:logGet(46)) - raft.server.log.statemachine.data.sync = true (default)
2023-09-08 11:18:09,746 [250abfd1-bd23-40f0-a4b0-f7070b21e986-groupManagement] INFO  server.RaftServerConfigKeys (ConfUtils.java:logGet(46)) - raft.server.log.statemachine.data.sync.timeout = 10s (default)
2023-09-08 11:18:09,746 [250abfd1-bd23-40f0-a4b0-f7070b21e986-groupManagement] INFO  server.RaftServerConfigKeys (ConfUtils.java:logGet(46)) - raft.server.log.statemachine.data.sync.timeout.retry = -1 (default)
2023-09-08 11:18:09,746 [250abfd1-bd23-40f0-a4b0-f7070b21e986-groupManagement] INFO  server.RaftServerConfigKeys (ConfUtils.java:logGet(46)) - raft.server.log.write.buffer.size = 1048576 (custom)
2023-09-08 11:18:09,747 [250abfd1-bd23-40f0-a4b0-f7070b21e986-groupManagement] INFO  server.RaftServerConfigKeys (ConfUtils.java:logGet(46)) - raft.server.log.appender.buffer.byte-limit = 33554432 (custom)
2023-09-08 11:18:09,753 [250abfd1-bd23-40f0-a4b0-f7070b21e986-groupManagement] INFO  server.RaftServerConfigKeys (ConfUtils.java:logGet(46)) - raft.server.log.unsafe-flush.enabled = false (default)
2023-09-08 11:18:09,753 [250abfd1-bd23-40f0-a4b0-f7070b21e986-groupManagement] INFO  server.RaftServerConfigKeys (ConfUtils.java:logGet(46)) - raft.server.log.async-flush.enabled = false (default)
2023-09-08 11:18:09,753 [250abfd1-bd23-40f0-a4b0-f7070b21e986-groupManagement] INFO  server.RaftServerConfigKeys (ConfUtils.java:logGet(46)) - raft.server.log.statemachine.data.caching.enabled = true (custom)
2023-09-08 11:18:09,753 [250abfd1-bd23-40f0-a4b0-f7070b21e986-groupManagement] INFO  segmented.SegmentedRaftLogWorker (SegmentedRaftLogWorker.java:lambda$new$0(135)) - 250abfd1-bd23-40f0-a4b0-f7070b21e986@group-120BE6A4A936-SegmentedRaftLogWorker: flushIndex: setUnconditionally 0 -> -1
2023-09-08 11:18:09,753 [250abfd1-bd23-40f0-a4b0-f7070b21e986-groupManagement] INFO  segmented.SegmentedRaftLogWorker (SegmentedRaftLogWorker.java:lambda$new$0(135)) - 250abfd1-bd23-40f0-a4b0-f7070b21e986@group-120BE6A4A936-SegmentedRaftLogWorker: safeCacheEvictIndex: setUnconditionally 0 -> -1
2023-09-08 11:18:09,753 [250abfd1-bd23-40f0-a4b0-f7070b21e986-groupManagement] INFO  server.RaftServer$Division (RaftServerImpl.java:start(342)) - 250abfd1-bd23-40f0-a4b0-f7070b21e986@group-120BE6A4A936: start as a follower, conf=-1: peers:[250abfd1-bd23-40f0-a4b0-f7070b21e986|rpc:10.1.0.72:15067|admin:10.1.0.72:15066|client:10.1.0.72:15065|dataStream:10.1.0.72:15068|priority:1|startupRole:FOLLOWER, 31c5dcde-db57-40d7-a24d-ec5de7583a50|rpc:10.1.0.72:15076|admin:10.1.0.72:15075|client:10.1.0.72:15074|dataStream:10.1.0.72:15077|priority:0|startupRole:FOLLOWER, e7773167-2049-479c-a584-e45e7fe0d5b5|rpc:10.1.0.72:15085|admin:10.1.0.72:15084|client:10.1.0.72:15083|dataStream:10.1.0.72:15086|priority:0|startupRole:FOLLOWER]|listeners:[], old=null
2023-09-08 11:18:09,753 [250abfd1-bd23-40f0-a4b0-f7070b21e986-groupManagement] INFO  server.RaftServer$Division (RaftServerImpl.java:setRole(329)) - 250abfd1-bd23-40f0-a4b0-f7070b21e986@group-120BE6A4A936: changes role from      null to FOLLOWER at term 0 for startAsFollower
2023-09-08 11:18:09,753 [250abfd1-bd23-40f0-a4b0-f7070b21e986-groupManagement] INFO  impl.RoleInfo (RoleInfo.java:updateAndGet(139)) - 250abfd1-bd23-40f0-a4b0-f7070b21e986: start 250abfd1-bd23-40f0-a4b0-f7070b21e986@group-120BE6A4A936-FollowerState
2023-09-08 11:18:09,755 [250abfd1-bd23-40f0-a4b0-f7070b21e986-groupManagement] INFO  util.JmxRegister (JmxRegister.java:tryRegister(44)) - Successfully registered JMX Bean with object name Ratis:service=RaftServer,group=group-120BE6A4A936,id=250abfd1-bd23-40f0-a4b0-f7070b21e986
2023-09-08 11:18:09,755 [250abfd1-bd23-40f0-a4b0-f7070b21e986-groupManagement] INFO  server.RaftServerConfigKeys (ConfUtils.java:logGet(46)) - raft.server.snapshot.auto.trigger.enabled = true (custom)
2023-09-08 11:18:09,755 [250abfd1-bd23-40f0-a4b0-f7070b21e986-groupManagement] INFO  server.RaftServerConfigKeys (ConfUtils.java:logGet(46)) - raft.server.snapshot.auto.trigger.threshold = 10000 (custom)
2023-09-08 11:18:09,755 [250abfd1-bd23-40f0-a4b0-f7070b21e986-groupManagement] INFO  server.RaftServerConfigKeys (ConfUtils.java:logGet(46)) - raft.server.snapshot.retention.file.num = 5 (custom)
2023-09-08 11:18:09,755 [250abfd1-bd23-40f0-a4b0-f7070b21e986-groupManagement] INFO  server.RaftServerConfigKeys (ConfUtils.java:logGet(46)) - raft.server.log.purge.upto.snapshot.index = false (default)
2023-09-08 11:18:09,756 [250abfd1-bd23-40f0-a4b0-f7070b21e986@group-120BE6A4A936-FollowerState] INFO  server.RaftServerConfigKeys (ConfUtils.java:logFallback(53)) - raft.server.rpc.first-election.timeout.min = 5s (fallback to raft.server.rpc.timeout.min)
2023-09-08 11:18:09,756 [250abfd1-bd23-40f0-a4b0-f7070b21e986@group-120BE6A4A936-FollowerState] INFO  server.RaftServerConfigKeys (ConfUtils.java:logFallback(53)) - raft.server.rpc.first-election.timeout.max = 5200ms (fallback to raft.server.rpc.timeout.max)
2023-09-08 11:18:09,759 [PipelineCommandHandlerThread-0] INFO  ratis.XceiverServerRatis (XceiverServerRatis.java:addGroup(804)) - Created group PipelineID=214054d4-b789-494d-8505-120be6a4a936
2023-09-08 11:18:09,770 [grpc-default-executor-0] INFO  server.RaftServer (RaftServerProxy.java:addNew(98)) - 31c5dcde-db57-40d7-a24d-ec5de7583a50: addNew group-120BE6A4A936:[250abfd1-bd23-40f0-a4b0-f7070b21e986|rpc:10.1.0.72:15067|admin:10.1.0.72:15066|client:10.1.0.72:15065|dataStream:10.1.0.72:15068|priority:1|startupRole:FOLLOWER, 31c5dcde-db57-40d7-a24d-ec5de7583a50|rpc:10.1.0.72:15076|admin:10.1.0.72:15075|client:10.1.0.72:15074|dataStream:10.1.0.72:15077|priority:0|startupRole:FOLLOWER, e7773167-2049-479c-a584-e45e7fe0d5b5|rpc:10.1.0.72:15085|admin:10.1.0.72:15084|client:10.1.0.72:15083|dataStream:10.1.0.72:15086|priority:0|startupRole:FOLLOWER] returns group-120BE6A4A936:java.util.concurrent.CompletableFuture@428e7b34[Not completed]
2023-09-08 11:18:09,771 [31c5dcde-db57-40d7-a24d-ec5de7583a50-groupManagement] INFO  server.RaftServer$Division (RaftServerImpl.java:<init>(198)) - 31c5dcde-db57-40d7-a24d-ec5de7583a50: new RaftServerImpl for group-120BE6A4A936:[250abfd1-bd23-40f0-a4b0-f7070b21e986|rpc:10.1.0.72:15067|admin:10.1.0.72:15066|client:10.1.0.72:15065|dataStream:10.1.0.72:15068|priority:1|startupRole:FOLLOWER, 31c5dcde-db57-40d7-a24d-ec5de7583a50|rpc:10.1.0.72:15076|admin:10.1.0.72:15075|client:10.1.0.72:15074|dataStream:10.1.0.72:15077|priority:0|startupRole:FOLLOWER, e7773167-2049-479c-a584-e45e7fe0d5b5|rpc:10.1.0.72:15085|admin:10.1.0.72:15084|client:10.1.0.72:15083|dataStream:10.1.0.72:15086|priority:0|startupRole:FOLLOWER] with ContainerStateMachine:uninitialized
2023-09-08 11:18:09,772 [31c5dcde-db57-40d7-a24d-ec5de7583a50-groupManagement] INFO  server.RaftServerConfigKeys (ConfUtils.java:logGet(46)) - raft.server.rpc.timeout.min = 5s (custom)
2023-09-08 11:18:09,772 [31c5dcde-db57-40d7-a24d-ec5de7583a50-groupManagement] INFO  server.RaftServerConfigKeys (ConfUtils.java:logGet(46)) - raft.server.rpc.timeout.max = 5200ms (custom)
2023-09-08 11:18:09,772 [31c5dcde-db57-40d7-a24d-ec5de7583a50-groupManagement] INFO  server.RaftServerConfigKeys (ConfUtils.java:logGet(46)) - raft.server.rpc.sleep.time = 25ms (default)
2023-09-08 11:18:09,772 [31c5dcde-db57-40d7-a24d-ec5de7583a50-groupManagement] INFO  server.RaftServerConfigKeys (ConfUtils.java:logGet(46)) - raft.server.rpc.slowness.timeout = 300s (custom)
2023-09-08 11:18:09,772 [31c5dcde-db57-40d7-a24d-ec5de7583a50-groupManagement] INFO  server.RaftServerConfigKeys (ConfUtils.java:logGet(46)) - raft.server.leaderelection.leader.step-down.wait-time = 10s (default)
2023-09-08 11:18:09,772 [31c5dcde-db57-40d7-a24d-ec5de7583a50-groupManagement] INFO  server.RaftServerConfigKeys (ConfUtils.java:logGet(46)) - raft.server.sleep.deviation.threshold = 300ms (default)
2023-09-08 11:18:09,772 [31c5dcde-db57-40d7-a24d-ec5de7583a50-groupManagement] INFO  server.RaftServer$Division (ServerState.java:<init>(120)) - 31c5dcde-db57-40d7-a24d-ec5de7583a50@group-120BE6A4A936: ConfigurationManager, init=-1: peers:[250abfd1-bd23-40f0-a4b0-f7070b21e986|rpc:10.1.0.72:15067|admin:10.1.0.72:15066|client:10.1.0.72:15065|dataStream:10.1.0.72:15068|priority:1|startupRole:FOLLOWER, 31c5dcde-db57-40d7-a24d-ec5de7583a50|rpc:10.1.0.72:15076|admin:10.1.0.72:15075|client:10.1.0.72:15074|dataStream:10.1.0.72:15077|priority:0|startupRole:FOLLOWER, e7773167-2049-479c-a584-e45e7fe0d5b5|rpc:10.1.0.72:15085|admin:10.1.0.72:15084|client:10.1.0.72:15083|dataStream:10.1.0.72:15086|priority:0|startupRole:FOLLOWER]|listeners:[], old=null, confs=<EMPTY_MAP>
2023-09-08 11:18:09,772 [31c5dcde-db57-40d7-a24d-ec5de7583a50-groupManagement] INFO  server.RaftServerConfigKeys (ConfUtils.java:logGet(46)) - raft.server.storage.dir = [/home/runner/work/ozone/ozone/hadoop-ozone/integration-test/target/test-dir/MiniOzoneClusterImpl-fc42fee5-8bb2-43c7-8c2a-cc72dd658d38/datanode-1/data/ratis] (custom)
2023-09-08 11:18:09,772 [31c5dcde-db57-40d7-a24d-ec5de7583a50-groupManagement] INFO  server.RaftServerConfigKeys (ConfUtils.java:logGet(46)) - raft.server.log.corruption.policy = EXCEPTION (default)
2023-09-08 11:18:09,772 [31c5dcde-db57-40d7-a24d-ec5de7583a50-groupManagement] INFO  server.RaftServerConfigKeys (ConfUtils.java:logGet(46)) - raft.server.storage.free-space.min = 0MB (=0) (default)
2023-09-08 11:18:09,772 [31c5dcde-db57-40d7-a24d-ec5de7583a50-groupManagement] INFO  server.RaftServerConfigKeys (ConfUtils.java:logGet(46)) - raft.server.notification.no-leader.timeout = 300s (custom)
2023-09-08 11:18:09,773 [31c5dcde-db57-40d7-a24d-ec5de7583a50-groupManagement] INFO  server.RaftServerConfigKeys (ConfUtils.java:logGet(46)) - raft.server.read.timeout = 10s (default)
2023-09-08 11:18:09,773 [31c5dcde-db57-40d7-a24d-ec5de7583a50-groupManagement] INFO  server.RaftServerConfigKeys (ConfUtils.java:logGet(46)) - raft.server.retrycache.expirytime = 600000ms (custom)
2023-09-08 11:18:09,773 [31c5dcde-db57-40d7-a24d-ec5de7583a50-groupManagement] INFO  server.RaftServerConfigKeys (ConfUtils.java:logGet(46)) - raft.server.retrycache.statistics.expirytime = 100μs (default)
2023-09-08 11:18:09,773 [31c5dcde-db57-40d7-a24d-ec5de7583a50-groupManagement] INFO  server.RaftServerConfigKeys (ConfUtils.java:logGet(46)) - raft.server.read.option = DEFAULT (default)
2023-09-08 11:18:09,773 [31c5dcde-db57-40d7-a24d-ec5de7583a50-groupManagement] INFO  server.RaftServerConfigKeys (ConfUtils.java:logGet(46)) - raft.server.rpc.request.timeout = 60s (custom)
2023-09-08 11:18:09,774 [31c5dcde-db57-40d7-a24d-ec5de7583a50-groupManagement] INFO  server.RaftServerConfigKeys (ConfUtils.java:logGet(46)) - raft.server.log.appender.install.snapshot.enabled = false (custom)
2023-09-08 11:18:09,774 [31c5dcde-db57-40d7-a24d-ec5de7583a50-groupManagement] INFO  server.RaftServerConfigKeys (ConfUtils.java:logGet(46)) - raft.server.threadpool.server.cached = true (default)
2023-09-08 11:18:09,774 [31c5dcde-db57-40d7-a24d-ec5de7583a50-groupManagement] INFO  server.RaftServerConfigKeys (ConfUtils.java:logGet(46)) - raft.server.threadpool.server.size = 0 (default)
2023-09-08 11:18:09,774 [31c5dcde-db57-40d7-a24d-ec5de7583a50-groupManagement] INFO  server.RaftServerConfigKeys (ConfUtils.java:logGet(46)) - raft.server.threadpool.client.cached = true (default)
2023-09-08 11:18:09,774 [31c5dcde-db57-40d7-a24d-ec5de7583a50-groupManagement] INFO  server.RaftServerConfigKeys (ConfUtils.java:logGet(46)) - raft.server.threadpool.client.size = 0 (default)
2023-09-08 11:18:09,774 [31c5dcde-db57-40d7-a24d-ec5de7583a50-groupManagement] INFO  storage.RaftStorageDirectory (RaftStorageDirectoryImpl.java:analyzeStorage(137)) - The storage directory /home/runner/work/ozone/ozone/hadoop-ozone/integration-test/target/test-dir/MiniOzoneClusterImpl-fc42fee5-8bb2-43c7-8c2a-cc72dd658d38/datanode-1/data/ratis/214054d4-b789-494d-8505-120be6a4a936 does not exist. Creating ...
2023-09-08 11:18:09,775 [31c5dcde-db57-40d7-a24d-ec5de7583a50-groupManagement] INFO  storage.RaftStorageDirectory (RaftStorageDirectoryImpl.java:tryLock(231)) - Lock on /home/runner/work/ozone/ozone/hadoop-ozone/integration-test/target/test-dir/MiniOzoneClusterImpl-fc42fee5-8bb2-43c7-8c2a-cc72dd658d38/datanode-1/data/ratis/214054d4-b789-494d-8505-120be6a4a936/in_use.lock acquired by nodename 7549@fv-az203-160
2023-09-08 11:18:09,777 [31c5dcde-db57-40d7-a24d-ec5de7583a50-groupManagement] INFO  storage.RaftStorage (RaftStorageImpl.java:format(96)) - Storage directory /home/runner/work/ozone/ozone/hadoop-ozone/integration-test/target/test-dir/MiniOzoneClusterImpl-fc42fee5-8bb2-43c7-8c2a-cc72dd658d38/datanode-1/data/ratis/214054d4-b789-494d-8505-120be6a4a936 has been successfully formatted.
2023-09-08 11:18:09,777 [31c5dcde-db57-40d7-a24d-ec5de7583a50-groupManagement] INFO  ratis.ContainerStateMachine (ContainerStateMachine.java:loadSnapshot(262)) - group-120BE6A4A936: The snapshot info is null. Setting the last applied indexto:(t:0, i:~)
2023-09-08 11:18:09,777 [31c5dcde-db57-40d7-a24d-ec5de7583a50-groupManagement] INFO  server.RaftServerConfigKeys (ConfUtils.java:logGet(46)) - raft.server.log.use.memory = false (default)
2023-09-08 11:18:09,777 [31c5dcde-db57-40d7-a24d-ec5de7583a50-groupManagement] INFO  server.RaftServerConfigKeys (ConfUtils.java:logGet(46)) - raft.server.log.purge.gap = 1000000 (custom)
2023-09-08 11:18:09,778 [31c5dcde-db57-40d7-a24d-ec5de7583a50-groupManagement] INFO  server.RaftServerConfigKeys (ConfUtils.java:logGet(46)) - raft.server.log.appender.buffer.byte-limit = 33554432 (custom)
2023-09-08 11:18:09,778 [31c5dcde-db57-40d7-a24d-ec5de7583a50-groupManagement] INFO  server.RaftServerConfigKeys (ConfUtils.java:logGet(46)) - raft.server.log.statemachine.data.read.timeout = 1000ms (default)
2023-09-08 11:18:09,779 [31c5dcde-db57-40d7-a24d-ec5de7583a50-groupManagement] INFO  server.RaftServerConfigKeys (ConfUtils.java:logGet(46)) - raft.server.log.purge.preservation.log.num = 0 (default)
2023-09-08 11:18:09,779 [31c5dcde-db57-40d7-a24d-ec5de7583a50-groupManagement] INFO  server.RaftServerConfigKeys (ConfUtils.java:logGet(46)) - raft.server.log.segment.size.max = 1048576 (custom)
2023-09-08 11:18:09,779 [31c5dcde-db57-40d7-a24d-ec5de7583a50-groupManagement] INFO  server.RaftServerConfigKeys (ConfUtils.java:logGet(46)) - raft.server.log.segment.cache.num.max = 2 (custom)
2023-09-08 11:18:09,779 [31c5dcde-db57-40d7-a24d-ec5de7583a50-groupManagement] INFO  server.RaftServerConfigKeys (ConfUtils.java:logGet(46)) - raft.server.log.segment.cache.size.max = 200MB (=209715200) (default)
2023-09-08 11:18:09,779 [31c5dcde-db57-40d7-a24d-ec5de7583a50-groupManagement] INFO  server.RaftServerConfigKeys (ConfUtils.java:logGet(46)) - raft.server.log.appender.buffer.byte-limit = 33554432 (custom)
2023-09-08 11:18:09,779 [31c5dcde-db57-40d7-a24d-ec5de7583a50-groupManagement] INFO  segmented.SegmentedRaftLogWorker (SegmentedRaftLogWorker.java:<init>(188)) - new 31c5dcde-db57-40d7-a24d-ec5de7583a50@group-120BE6A4A936-SegmentedRaftLogWorker for RaftStorageImpl:Storage Directory /home/runner/work/ozone/ozone/hadoop-ozone/integration-test/target/test-dir/MiniOzoneClusterImpl-fc42fee5-8bb2-43c7-8c2a-cc72dd658d38/datanode-1/data/ratis/214054d4-b789-494d-8505-120be6a4a936
2023-09-08 11:18:09,779 [31c5dcde-db57-40d7-a24d-ec5de7583a50-groupManagement] INFO  server.RaftServerConfigKeys (ConfUtils.java:logGet(46)) - raft.server.log.queue.byte-limit = 4294967296 (custom)
2023-09-08 11:18:09,779 [31c5dcde-db57-40d7-a24d-ec5de7583a50-groupManagement] INFO  server.RaftServerConfigKeys (ConfUtils.java:logGet(46)) - raft.server.log.queue.element-limit = 1024 (custom)
2023-09-08 11:18:09,779 [31c5dcde-db57-40d7-a24d-ec5de7583a50-groupManagement] INFO  server.RaftServerConfigKeys (ConfUtils.java:logGet(46)) - raft.server.log.segment.size.max = 1048576 (custom)
2023-09-08 11:18:09,779 [31c5dcde-db57-40d7-a24d-ec5de7583a50-groupManagement] INFO  server.RaftServerConfigKeys (ConfUtils.java:logGet(46)) - raft.server.log.preallocated.size = 16384 (custom)
2023-09-08 11:18:09,779 [31c5dcde-db57-40d7-a24d-ec5de7583a50-groupManagement] INFO  server.RaftServerConfigKeys (ConfUtils.java:logGet(46)) - raft.server.log.force.sync.num = 128 (default)
2023-09-08 11:18:09,780 [31c5dcde-db57-40d7-a24d-ec5de7583a50-groupManagement] INFO  server.RaftServerConfigKeys (ConfUtils.java:logGet(46)) - raft.server.log.statemachine.data.sync = true (default)
2023-09-08 11:18:09,780 [31c5dcde-db57-40d7-a24d-ec5de7583a50-groupManagement] INFO  server.RaftServerConfigKeys (ConfUtils.java:logGet(46)) - raft.server.log.statemachine.data.sync.timeout = 10s (default)
2023-09-08 11:18:09,780 [31c5dcde-db57-40d7-a24d-ec5de7583a50-groupManagement] INFO  server.RaftServerConfigKeys (ConfUtils.java:logGet(46)) - raft.server.log.statemachine.data.sync.timeout.retry = -1 (default)
2023-09-08 11:18:09,780 [31c5dcde-db57-40d7-a24d-ec5de7583a50-groupManagement] INFO  server.RaftServerConfigKeys (ConfUtils.java:logGet(46)) - raft.server.log.write.buffer.size = 1048576 (custom)
2023-09-08 11:18:09,781 [31c5dcde-db57-40d7-a24d-ec5de7583a50-groupManagement] INFO  server.RaftServerConfigKeys (ConfUtils.java:logGet(46)) - raft.server.log.appender.buffer.byte-limit = 33554432 (custom)
2023-09-08 11:18:09,786 [31c5dcde-db57-40d7-a24d-ec5de7583a50-groupManagement] INFO  server.RaftServerConfigKeys (ConfUtils.java:logGet(46)) - raft.server.log.unsafe-flush.enabled = false (default)
2023-09-08 11:18:09,786 [31c5dcde-db57-40d7-a24d-ec5de7583a50-groupManagement] INFO  server.RaftServerConfigKeys (ConfUtils.java:logGet(46)) - raft.server.log.async-flush.enabled = false (default)
2023-09-08 11:18:09,786 [31c5dcde-db57-40d7-a24d-ec5de7583a50-groupManagement] INFO  server.RaftServerConfigKeys (ConfUtils.java:logGet(46)) - raft.server.log.statemachine.data.caching.enabled = true (custom)
2023-09-08 11:18:09,787 [31c5dcde-db57-40d7-a24d-ec5de7583a50-groupManagement] INFO  segmented.SegmentedRaftLogWorker (SegmentedRaftLogWorker.java:lambda$new$0(135)) - 31c5dcde-db57-40d7-a24d-ec5de7583a50@group-120BE6A4A936-SegmentedRaftLogWorker: flushIndex: setUnconditionally 0 -> -1
2023-09-08 11:18:09,787 [31c5dcde-db57-40d7-a24d-ec5de7583a50-groupManagement] INFO  segmented.SegmentedRaftLogWorker (SegmentedRaftLogWorker.java:lambda$new$0(135)) - 31c5dcde-db57-40d7-a24d-ec5de7583a50@group-120BE6A4A936-SegmentedRaftLogWorker: safeCacheEvictIndex: setUnconditionally 0 -> -1
2023-09-08 11:18:09,787 [31c5dcde-db57-40d7-a24d-ec5de7583a50-groupManagement] INFO  server.RaftServer$Division (RaftServerImpl.java:start(342)) - 31c5dcde-db57-40d7-a24d-ec5de7583a50@group-120BE6A4A936: start as a follower, conf=-1: peers:[250abfd1-bd23-40f0-a4b0-f7070b21e986|rpc:10.1.0.72:15067|admin:10.1.0.72:15066|client:10.1.0.72:15065|dataStream:10.1.0.72:15068|priority:1|startupRole:FOLLOWER, 31c5dcde-db57-40d7-a24d-ec5de7583a50|rpc:10.1.0.72:15076|admin:10.1.0.72:15075|client:10.1.0.72:15074|dataStream:10.1.0.72:15077|priority:0|startupRole:FOLLOWER, e7773167-2049-479c-a584-e45e7fe0d5b5|rpc:10.1.0.72:15085|admin:10.1.0.72:15084|client:10.1.0.72:15083|dataStream:10.1.0.72:15086|priority:0|startupRole:FOLLOWER]|listeners:[], old=null
2023-09-08 11:18:09,787 [31c5dcde-db57-40d7-a24d-ec5de7583a50-groupManagement] INFO  server.RaftServer$Division (RaftServerImpl.java:setRole(329)) - 31c5dcde-db57-40d7-a24d-ec5de7583a50@group-120BE6A4A936: changes role from      null to FOLLOWER at term 0 for startAsFollower
2023-09-08 11:18:09,787 [31c5dcde-db57-40d7-a24d-ec5de7583a50-groupManagement] INFO  impl.RoleInfo (RoleInfo.java:updateAndGet(139)) - 31c5dcde-db57-40d7-a24d-ec5de7583a50: start 31c5dcde-db57-40d7-a24d-ec5de7583a50@group-120BE6A4A936-FollowerState
2023-09-08 11:18:09,788 [31c5dcde-db57-40d7-a24d-ec5de7583a50-groupManagement] INFO  util.JmxRegister (JmxRegister.java:tryRegister(44)) - Successfully registered JMX Bean with object name Ratis:service=RaftServer,group=group-120BE6A4A936,id=31c5dcde-db57-40d7-a24d-ec5de7583a50
2023-09-08 11:18:09,788 [31c5dcde-db57-40d7-a24d-ec5de7583a50-groupManagement] INFO  server.RaftServerConfigKeys (ConfUtils.java:logGet(46)) - raft.server.snapshot.auto.trigger.enabled = true (custom)
2023-09-08 11:18:09,788 [31c5dcde-db57-40d7-a24d-ec5de7583a50-groupManagement] INFO  server.RaftServerConfigKeys (ConfUtils.java:logGet(46)) - raft.server.snapshot.auto.trigger.threshold = 10000 (custom)
2023-09-08 11:18:09,788 [31c5dcde-db57-40d7-a24d-ec5de7583a50-groupManagement] INFO  server.RaftServerConfigKeys (ConfUtils.java:logGet(46)) - raft.server.snapshot.retention.file.num = 5 (custom)
2023-09-08 11:18:09,788 [31c5dcde-db57-40d7-a24d-ec5de7583a50-groupManagement] INFO  server.RaftServerConfigKeys (ConfUtils.java:logGet(46)) - raft.server.log.purge.upto.snapshot.index = false (default)
2023-09-08 11:18:09,788 [31c5dcde-db57-40d7-a24d-ec5de7583a50@group-120BE6A4A936-FollowerState] INFO  server.RaftServerConfigKeys (ConfUtils.java:logFallback(53)) - raft.server.rpc.first-election.timeout.min = 5s (fallback to raft.server.rpc.timeout.min)
2023-09-08 11:18:09,789 [31c5dcde-db57-40d7-a24d-ec5de7583a50@group-120BE6A4A936-FollowerState] INFO  server.RaftServerConfigKeys (ConfUtils.java:logFallback(53)) - raft.server.rpc.first-election.timeout.max = 5200ms (fallback to raft.server.rpc.timeout.max)
2023-09-08 11:18:09,811 [grpc-default-executor-0] INFO  server.RaftServer (RaftServerProxy.java:addNew(98)) - e7773167-2049-479c-a584-e45e7fe0d5b5: addNew group-120BE6A4A936:[250abfd1-bd23-40f0-a4b0-f7070b21e986|rpc:10.1.0.72:15067|admin:10.1.0.72:15066|client:10.1.0.72:15065|dataStream:10.1.0.72:15068|priority:1|startupRole:FOLLOWER, 31c5dcde-db57-40d7-a24d-ec5de7583a50|rpc:10.1.0.72:15076|admin:10.1.0.72:15075|client:10.1.0.72:15074|dataStream:10.1.0.72:15077|priority:0|startupRole:FOLLOWER, e7773167-2049-479c-a584-e45e7fe0d5b5|rpc:10.1.0.72:15085|admin:10.1.0.72:15084|client:10.1.0.72:15083|dataStream:10.1.0.72:15086|priority:0|startupRole:FOLLOWER] returns group-120BE6A4A936:java.util.concurrent.CompletableFuture@c1dadfe[Not completed]
2023-09-08 11:18:09,812 [e7773167-2049-479c-a584-e45e7fe0d5b5-groupManagement] INFO  server.RaftServer$Division (RaftServerImpl.java:<init>(198)) - e7773167-2049-479c-a584-e45e7fe0d5b5: new RaftServerImpl for group-120BE6A4A936:[250abfd1-bd23-40f0-a4b0-f7070b21e986|rpc:10.1.0.72:15067|admin:10.1.0.72:15066|client:10.1.0.72:15065|dataStream:10.1.0.72:15068|priority:1|startupRole:FOLLOWER, 31c5dcde-db57-40d7-a24d-ec5de7583a50|rpc:10.1.0.72:15076|admin:10.1.0.72:15075|client:10.1.0.72:15074|dataStream:10.1.0.72:15077|priority:0|startupRole:FOLLOWER, e7773167-2049-479c-a584-e45e7fe0d5b5|rpc:10.1.0.72:15085|admin:10.1.0.72:15084|client:10.1.0.72:15083|dataStream:10.1.0.72:15086|priority:0|startupRole:FOLLOWER] with ContainerStateMachine:uninitialized
2023-09-08 11:18:09,812 [e7773167-2049-479c-a584-e45e7fe0d5b5-groupManagement] INFO  server.RaftServerConfigKeys (ConfUtils.java:logGet(46)) - raft.server.rpc.timeout.min = 5s (custom)
2023-09-08 11:18:09,812 [e7773167-2049-479c-a584-e45e7fe0d5b5-groupManagement] INFO  server.RaftServerConfigKeys (ConfUtils.java:logGet(46)) - raft.server.rpc.timeout.max = 5200ms (custom)
2023-09-08 11:18:09,812 [e7773167-2049-479c-a584-e45e7fe0d5b5-groupManagement] INFO  server.RaftServerConfigKeys (ConfUtils.java:logGet(46)) - raft.server.rpc.sleep.time = 25ms (default)
2023-09-08 11:18:09,812 [e7773167-2049-479c-a584-e45e7fe0d5b5-groupManagement] INFO  server.RaftServerConfigKeys (ConfUtils.java:logGet(46)) - raft.server.rpc.slowness.timeout = 300s (custom)
2023-09-08 11:18:09,812 [e7773167-2049-479c-a584-e45e7fe0d5b5-groupManagement] INFO  server.RaftServerConfigKeys (ConfUtils.java:logGet(46)) - raft.server.leaderelection.leader.step-down.wait-time = 10s (default)
2023-09-08 11:18:09,812 [e7773167-2049-479c-a584-e45e7fe0d5b5-groupManagement] INFO  server.RaftServerConfigKeys (ConfUtils.java:logGet(46)) - raft.server.sleep.deviation.threshold = 300ms (default)
2023-09-08 11:18:09,812 [e7773167-2049-479c-a584-e45e7fe0d5b5-groupManagement] INFO  server.RaftServer$Division (ServerState.java:<init>(120)) - e7773167-2049-479c-a584-e45e7fe0d5b5@group-120BE6A4A936: ConfigurationManager, init=-1: peers:[250abfd1-bd23-40f0-a4b0-f7070b21e986|rpc:10.1.0.72:15067|admin:10.1.0.72:15066|client:10.1.0.72:15065|dataStream:10.1.0.72:15068|priority:1|startupRole:FOLLOWER, 31c5dcde-db57-40d7-a24d-ec5de7583a50|rpc:10.1.0.72:15076|admin:10.1.0.72:15075|client:10.1.0.72:15074|dataStream:10.1.0.72:15077|priority:0|startupRole:FOLLOWER, e7773167-2049-479c-a584-e45e7fe0d5b5|rpc:10.1.0.72:15085|admin:10.1.0.72:15084|client:10.1.0.72:15083|dataStream:10.1.0.72:15086|priority:0|startupRole:FOLLOWER]|listeners:[], old=null, confs=<EMPTY_MAP>
2023-09-08 11:18:09,812 [e7773167-2049-479c-a584-e45e7fe0d5b5-groupManagement] INFO  server.RaftServerConfigKeys (ConfUtils.java:logGet(46)) - raft.server.storage.dir = [/home/runner/work/ozone/ozone/hadoop-ozone/integration-test/target/test-dir/MiniOzoneClusterImpl-fc42fee5-8bb2-43c7-8c2a-cc72dd658d38/datanode-2/data/ratis] (custom)
2023-09-08 11:18:09,813 [e7773167-2049-479c-a584-e45e7fe0d5b5-groupManagement] INFO  server.RaftServerConfigKeys (ConfUtils.java:logGet(46)) - raft.server.log.corruption.policy = EXCEPTION (default)
2023-09-08 11:18:09,813 [e7773167-2049-479c-a584-e45e7fe0d5b5-groupManagement] INFO  server.RaftServerConfigKeys (ConfUtils.java:logGet(46)) - raft.server.storage.free-space.min = 0MB (=0) (default)
2023-09-08 11:18:09,813 [e7773167-2049-479c-a584-e45e7fe0d5b5-groupManagement] INFO  server.RaftServerConfigKeys (ConfUtils.java:logGet(46)) - raft.server.notification.no-leader.timeout = 300s (custom)
2023-09-08 11:18:09,813 [e7773167-2049-479c-a584-e45e7fe0d5b5-groupManagement] INFO  server.RaftServerConfigKeys (ConfUtils.java:logGet(46)) - raft.server.read.timeout = 10s (default)
2023-09-08 11:18:09,813 [e7773167-2049-479c-a584-e45e7fe0d5b5-groupManagement] INFO  server.RaftServerConfigKeys (ConfUtils.java:logGet(46)) - raft.server.retrycache.expirytime = 600000ms (custom)
2023-09-08 11:18:09,813 [e7773167-2049-479c-a584-e45e7fe0d5b5-groupManagement] INFO  server.RaftServerConfigKeys (ConfUtils.java:logGet(46)) - raft.server.retrycache.statistics.expirytime = 100μs (default)
2023-09-08 11:18:09,813 [e7773167-2049-479c-a584-e45e7fe0d5b5-groupManagement] INFO  server.RaftServerConfigKeys (ConfUtils.java:logGet(46)) - raft.server.read.option = DEFAULT (default)
2023-09-08 11:18:09,814 [e7773167-2049-479c-a584-e45e7fe0d5b5-groupManagement] INFO  server.RaftServerConfigKeys (ConfUtils.java:logGet(46)) - raft.server.rpc.request.timeout = 60s (custom)
2023-09-08 11:18:09,814 [e7773167-2049-479c-a584-e45e7fe0d5b5-groupManagement] INFO  server.RaftServerConfigKeys (ConfUtils.java:logGet(46)) - raft.server.log.appender.install.snapshot.enabled = false (custom)
2023-09-08 11:18:09,814 [e7773167-2049-479c-a584-e45e7fe0d5b5-groupManagement] INFO  server.RaftServerConfigKeys (ConfUtils.java:logGet(46)) - raft.server.threadpool.server.cached = true (default)
2023-09-08 11:18:09,814 [e7773167-2049-479c-a584-e45e7fe0d5b5-groupManagement] INFO  server.RaftServerConfigKeys (ConfUtils.java:logGet(46)) - raft.server.threadpool.server.size = 0 (default)
2023-09-08 11:18:09,814 [e7773167-2049-479c-a584-e45e7fe0d5b5-groupManagement] INFO  server.RaftServerConfigKeys (ConfUtils.java:logGet(46)) - raft.server.threadpool.client.cached = true (default)
2023-09-08 11:18:09,814 [e7773167-2049-479c-a584-e45e7fe0d5b5-groupManagement] INFO  server.RaftServerConfigKeys (ConfUtils.java:logGet(46)) - raft.server.threadpool.client.size = 0 (default)
2023-09-08 11:18:09,814 [e7773167-2049-479c-a584-e45e7fe0d5b5-groupManagement] INFO  storage.RaftStorageDirectory (RaftStorageDirectoryImpl.java:analyzeStorage(137)) - The storage directory /home/runner/work/ozone/ozone/hadoop-ozone/integration-test/target/test-dir/MiniOzoneClusterImpl-fc42fee5-8bb2-43c7-8c2a-cc72dd658d38/datanode-2/data/ratis/214054d4-b789-494d-8505-120be6a4a936 does not exist. Creating ...
2023-09-08 11:18:09,817 [e7773167-2049-479c-a584-e45e7fe0d5b5-groupManagement] INFO  storage.RaftStorageDirectory (RaftStorageDirectoryImpl.java:tryLock(231)) - Lock on /home/runner/work/ozone/ozone/hadoop-ozone/integration-test/target/test-dir/MiniOzoneClusterImpl-fc42fee5-8bb2-43c7-8c2a-cc72dd658d38/datanode-2/data/ratis/214054d4-b789-494d-8505-120be6a4a936/in_use.lock acquired by nodename 7549@fv-az203-160
2023-09-08 11:18:09,819 [e7773167-2049-479c-a584-e45e7fe0d5b5-groupManagement] INFO  storage.RaftStorage (RaftStorageImpl.java:format(96)) - Storage directory /home/runner/work/ozone/ozone/hadoop-ozone/integration-test/target/test-dir/MiniOzoneClusterImpl-fc42fee5-8bb2-43c7-8c2a-cc72dd658d38/datanode-2/data/ratis/214054d4-b789-494d-8505-120be6a4a936 has been successfully formatted.
2023-09-08 11:18:09,819 [e7773167-2049-479c-a584-e45e7fe0d5b5-groupManagement] INFO  ratis.ContainerStateMachine (ContainerStateMachine.java:loadSnapshot(262)) - group-120BE6A4A936: The snapshot info is null. Setting the last applied indexto:(t:0, i:~)
2023-09-08 11:18:09,820 [e7773167-2049-479c-a584-e45e7fe0d5b5-groupManagement] INFO  server.RaftServerConfigKeys (ConfUtils.java:logGet(46)) - raft.server.log.use.memory = false (default)
2023-09-08 11:18:09,820 [e7773167-2049-479c-a584-e45e7fe0d5b5-groupManagement] INFO  server.RaftServerConfigKeys (ConfUtils.java:logGet(46)) - raft.server.log.purge.gap = 1000000 (custom)
2023-09-08 11:18:09,820 [e7773167-2049-479c-a584-e45e7fe0d5b5-groupManagement] INFO  server.RaftServerConfigKeys (ConfUtils.java:logGet(46)) - raft.server.log.appender.buffer.byte-limit = 33554432 (custom)
2023-09-08 11:18:09,820 [e7773167-2049-479c-a584-e45e7fe0d5b5-groupManagement] INFO  server.RaftServerConfigKeys (ConfUtils.java:logGet(46)) - raft.server.log.statemachine.data.read.timeout = 1000ms (default)
2023-09-08 11:18:09,821 [e7773167-2049-479c-a584-e45e7fe0d5b5-groupManagement] INFO  server.RaftServerConfigKeys (ConfUtils.java:logGet(46)) - raft.server.log.purge.preservation.log.num = 0 (default)
2023-09-08 11:18:09,821 [e7773167-2049-479c-a584-e45e7fe0d5b5-groupManagement] INFO  server.RaftServerConfigKeys (ConfUtils.java:logGet(46)) - raft.server.log.segment.size.max = 1048576 (custom)
2023-09-08 11:18:09,821 [e7773167-2049-479c-a584-e45e7fe0d5b5-groupManagement] INFO  server.RaftServerConfigKeys (ConfUtils.java:logGet(46)) - raft.server.log.segment.cache.num.max = 2 (custom)
2023-09-08 11:18:09,821 [e7773167-2049-479c-a584-e45e7fe0d5b5-groupManagement] INFO  server.RaftServerConfigKeys (ConfUtils.java:logGet(46)) - raft.server.log.segment.cache.size.max = 200MB (=209715200) (default)
2023-09-08 11:18:09,821 [e7773167-2049-479c-a584-e45e7fe0d5b5-groupManagement] INFO  server.RaftServerConfigKeys (ConfUtils.java:logGet(46)) - raft.server.log.appender.buffer.byte-limit = 33554432 (custom)
2023-09-08 11:18:09,821 [e7773167-2049-479c-a584-e45e7fe0d5b5-groupManagement] INFO  segmented.SegmentedRaftLogWorker (SegmentedRaftLogWorker.java:<init>(188)) - new e7773167-2049-479c-a584-e45e7fe0d5b5@group-120BE6A4A936-SegmentedRaftLogWorker for RaftStorageImpl:Storage Directory /home/runner/work/ozone/ozone/hadoop-ozone/integration-test/target/test-dir/MiniOzoneClusterImpl-fc42fee5-8bb2-43c7-8c2a-cc72dd658d38/datanode-2/data/ratis/214054d4-b789-494d-8505-120be6a4a936
2023-09-08 11:18:09,821 [e7773167-2049-479c-a584-e45e7fe0d5b5-groupManagement] INFO  server.RaftServerConfigKeys (ConfUtils.java:logGet(46)) - raft.server.log.queue.byte-limit = 4294967296 (custom)
2023-09-08 11:18:09,822 [e7773167-2049-479c-a584-e45e7fe0d5b5-groupManagement] INFO  server.RaftServerConfigKeys (ConfUtils.java:logGet(46)) - raft.server.log.queue.element-limit = 1024 (custom)
2023-09-08 11:18:09,822 [e7773167-2049-479c-a584-e45e7fe0d5b5-groupManagement] INFO  server.RaftServerConfigKeys (ConfUtils.java:logGet(46)) - raft.server.log.segment.size.max = 1048576 (custom)
2023-09-08 11:18:09,822 [e7773167-2049-479c-a584-e45e7fe0d5b5-groupManagement] INFO  server.RaftServerConfigKeys (ConfUtils.java:logGet(46)) - raft.server.log.preallocated.size = 16384 (custom)
2023-09-08 11:18:09,822 [e7773167-2049-479c-a584-e45e7fe0d5b5-groupManagement] INFO  server.RaftServerConfigKeys (ConfUtils.java:logGet(46)) - raft.server.log.force.sync.num = 128 (default)
2023-09-08 11:18:09,822 [e7773167-2049-479c-a584-e45e7fe0d5b5-groupManagement] INFO  server.RaftServerConfigKeys (ConfUtils.java:logGet(46)) - raft.server.log.statemachine.data.sync = true (default)
2023-09-08 11:18:09,822 [e7773167-2049-479c-a584-e45e7fe0d5b5-groupManagement] INFO  server.RaftServerConfigKeys (ConfUtils.java:logGet(46)) - raft.server.log.statemachine.data.sync.timeout = 10s (default)
2023-09-08 11:18:09,822 [e7773167-2049-479c-a584-e45e7fe0d5b5-groupManagement] INFO  server.RaftServerConfigKeys (ConfUtils.java:logGet(46)) - raft.server.log.statemachine.data.sync.timeout.retry = -1 (default)
2023-09-08 11:18:09,824 [e7773167-2049-479c-a584-e45e7fe0d5b5-groupManagement] INFO  server.RaftServerConfigKeys (ConfUtils.java:logGet(46)) - raft.server.log.write.buffer.size = 1048576 (custom)
2023-09-08 11:18:09,824 [e7773167-2049-479c-a584-e45e7fe0d5b5-groupManagement] INFO  server.RaftServerConfigKeys (ConfUtils.java:logGet(46)) - raft.server.log.appender.buffer.byte-limit = 33554432 (custom)
2023-09-08 11:18:09,830 [e7773167-2049-479c-a584-e45e7fe0d5b5-groupManagement] INFO  server.RaftServerConfigKeys (ConfUtils.java:logGet(46)) - raft.server.log.unsafe-flush.enabled = false (default)
2023-09-08 11:18:09,830 [e7773167-2049-479c-a584-e45e7fe0d5b5-groupManagement] INFO  server.RaftServerConfigKeys (ConfUtils.java:logGet(46)) - raft.server.log.async-flush.enabled = false (default)
2023-09-08 11:18:09,830 [e7773167-2049-479c-a584-e45e7fe0d5b5-groupManagement] INFO  server.RaftServerConfigKeys (ConfUtils.java:logGet(46)) - raft.server.log.statemachine.data.caching.enabled = true (custom)
2023-09-08 11:18:09,830 [e7773167-2049-479c-a584-e45e7fe0d5b5-groupManagement] INFO  segmented.SegmentedRaftLogWorker (SegmentedRaftLogWorker.java:lambda$new$0(135)) - e7773167-2049-479c-a584-e45e7fe0d5b5@group-120BE6A4A936-SegmentedRaftLogWorker: flushIndex: setUnconditionally 0 -> -1
2023-09-08 11:18:09,830 [e7773167-2049-479c-a584-e45e7fe0d5b5-groupManagement] INFO  segmented.SegmentedRaftLogWorker (SegmentedRaftLogWorker.java:lambda$new$0(135)) - e7773167-2049-479c-a584-e45e7fe0d5b5@group-120BE6A4A936-SegmentedRaftLogWorker: safeCacheEvictIndex: setUnconditionally 0 -> -1
2023-09-08 11:18:09,835 [e7773167-2049-479c-a584-e45e7fe0d5b5-groupManagement] INFO  server.RaftServer$Division (RaftServerImpl.java:start(342)) - e7773167-2049-479c-a584-e45e7fe0d5b5@group-120BE6A4A936: start as a follower, conf=-1: peers:[250abfd1-bd23-40f0-a4b0-f7070b21e986|rpc:10.1.0.72:15067|admin:10.1.0.72:15066|client:10.1.0.72:15065|dataStream:10.1.0.72:15068|priority:1|startupRole:FOLLOWER, 31c5dcde-db57-40d7-a24d-ec5de7583a50|rpc:10.1.0.72:15076|admin:10.1.0.72:15075|client:10.1.0.72:15074|dataStream:10.1.0.72:15077|priority:0|startupRole:FOLLOWER, e7773167-2049-479c-a584-e45e7fe0d5b5|rpc:10.1.0.72:15085|admin:10.1.0.72:15084|client:10.1.0.72:15083|dataStream:10.1.0.72:15086|priority:0|startupRole:FOLLOWER]|listeners:[], old=null
2023-09-08 11:18:09,835 [e7773167-2049-479c-a584-e45e7fe0d5b5-groupManagement] INFO  server.RaftServer$Division (RaftServerImpl.java:setRole(329)) - e7773167-2049-479c-a584-e45e7fe0d5b5@group-120BE6A4A936: changes role from      null to FOLLOWER at term 0 for startAsFollower
2023-09-08 11:18:09,835 [e7773167-2049-479c-a584-e45e7fe0d5b5-groupManagement] INFO  impl.RoleInfo (RoleInfo.java:updateAndGet(139)) - e7773167-2049-479c-a584-e45e7fe0d5b5: start e7773167-2049-479c-a584-e45e7fe0d5b5@group-120BE6A4A936-FollowerState
2023-09-08 11:18:09,835 [e7773167-2049-479c-a584-e45e7fe0d5b5-groupManagement] INFO  util.JmxRegister (JmxRegister.java:tryRegister(44)) - Successfully registered JMX Bean with object name Ratis:service=RaftServer,group=group-120BE6A4A936,id=e7773167-2049-479c-a584-e45e7fe0d5b5
2023-09-08 11:18:09,835 [e7773167-2049-479c-a584-e45e7fe0d5b5-groupManagement] INFO  server.RaftServerConfigKeys (ConfUtils.java:logGet(46)) - raft.server.snapshot.auto.trigger.enabled = true (custom)
2023-09-08 11:18:09,836 [e7773167-2049-479c-a584-e45e7fe0d5b5-groupManagement] INFO  server.RaftServerConfigKeys (ConfUtils.java:logGet(46)) - raft.server.snapshot.auto.trigger.threshold = 10000 (custom)
2023-09-08 11:18:09,836 [e7773167-2049-479c-a584-e45e7fe0d5b5-groupManagement] INFO  server.RaftServerConfigKeys (ConfUtils.java:logGet(46)) - raft.server.snapshot.retention.file.num = 5 (custom)
2023-09-08 11:18:09,836 [e7773167-2049-479c-a584-e45e7fe0d5b5-groupManagement] INFO  server.RaftServerConfigKeys (ConfUtils.java:logGet(46)) - raft.server.log.purge.upto.snapshot.index = false (default)
2023-09-08 11:18:09,836 [e7773167-2049-479c-a584-e45e7fe0d5b5@group-120BE6A4A936-FollowerState] INFO  server.RaftServerConfigKeys (ConfUtils.java:logFallback(53)) - raft.server.rpc.first-election.timeout.min = 5s (fallback to raft.server.rpc.timeout.min)
2023-09-08 11:18:09,836 [e7773167-2049-479c-a584-e45e7fe0d5b5@group-120BE6A4A936-FollowerState] INFO  server.RaftServerConfigKeys (ConfUtils.java:logFallback(53)) - raft.server.rpc.first-election.timeout.max = 5200ms (fallback to raft.server.rpc.timeout.max)
2023-09-08 11:18:09,845 [PipelineCommandHandlerThread-0] INFO  commandhandler.CreatePipelineCommandHandler (CreatePipelineCommandHandler.java:lambda$handle$2(124)) - Created Pipeline RATIS THREE PipelineID=214054d4-b789-494d-8505-120be6a4a936.
2023-09-08 11:18:09,940 [PipelineCommandHandlerThread-0] INFO  server.RaftServer (RaftServerProxy.java:addNew(98)) - 31c5dcde-db57-40d7-a24d-ec5de7583a50: addNew group-D302E3903700:[31c5dcde-db57-40d7-a24d-ec5de7583a50|rpc:10.1.0.72:15076|admin:10.1.0.72:15075|client:10.1.0.72:15074|dataStream:10.1.0.72:15077|priority:1|startupRole:FOLLOWER] returns group-D302E3903700:java.util.concurrent.CompletableFuture@9fee631[Not completed]
2023-09-08 11:18:09,942 [31c5dcde-db57-40d7-a24d-ec5de7583a50-groupManagement] INFO  server.RaftServer$Division (RaftServerImpl.java:<init>(198)) - 31c5dcde-db57-40d7-a24d-ec5de7583a50: new RaftServerImpl for group-D302E3903700:[31c5dcde-db57-40d7-a24d-ec5de7583a50|rpc:10.1.0.72:15076|admin:10.1.0.72:15075|client:10.1.0.72:15074|dataStream:10.1.0.72:15077|priority:1|startupRole:FOLLOWER] with ContainerStateMachine:uninitialized
2023-09-08 11:18:09,942 [31c5dcde-db57-40d7-a24d-ec5de7583a50-groupManagement] INFO  server.RaftServerConfigKeys (ConfUtils.java:logGet(46)) - raft.server.rpc.timeout.min = 5s (custom)
2023-09-08 11:18:09,942 [31c5dcde-db57-40d7-a24d-ec5de7583a50-groupManagement] INFO  server.RaftServerConfigKeys (ConfUtils.java:logGet(46)) - raft.server.rpc.timeout.max = 5200ms (custom)
2023-09-08 11:18:09,942 [31c5dcde-db57-40d7-a24d-ec5de7583a50-groupManagement] INFO  server.RaftServerConfigKeys (ConfUtils.java:logGet(46)) - raft.server.rpc.sleep.time = 25ms (default)
2023-09-08 11:18:09,942 [31c5dcde-db57-40d7-a24d-ec5de7583a50-groupManagement] INFO  server.RaftServerConfigKeys (ConfUtils.java:logGet(46)) - raft.server.rpc.slowness.timeout = 300s (custom)
2023-09-08 11:18:09,942 [31c5dcde-db57-40d7-a24d-ec5de7583a50-groupManagement] INFO  server.RaftServerConfigKeys (ConfUtils.java:logGet(46)) - raft.server.leaderelection.leader.step-down.wait-time = 10s (default)
2023-09-08 11:18:09,942 [31c5dcde-db57-40d7-a24d-ec5de7583a50-groupManagement] INFO  server.RaftServerConfigKeys (ConfUtils.java:logGet(46)) - raft.server.sleep.deviation.threshold = 300ms (default)
2023-09-08 11:18:09,942 [31c5dcde-db57-40d7-a24d-ec5de7583a50-groupManagement] INFO  server.RaftServer$Division (ServerState.java:<init>(120)) - 31c5dcde-db57-40d7-a24d-ec5de7583a50@group-D302E3903700: ConfigurationManager, init=-1: peers:[31c5dcde-db57-40d7-a24d-ec5de7583a50|rpc:10.1.0.72:15076|admin:10.1.0.72:15075|client:10.1.0.72:15074|dataStream:10.1.0.72:15077|priority:1|startupRole:FOLLOWER]|listeners:[], old=null, confs=<EMPTY_MAP>
2023-09-08 11:18:09,942 [31c5dcde-db57-40d7-a24d-ec5de7583a50-groupManagement] INFO  server.RaftServerConfigKeys (ConfUtils.java:logGet(46)) - raft.server.storage.dir = [/home/runner/work/ozone/ozone/hadoop-ozone/integration-test/target/test-dir/MiniOzoneClusterImpl-fc42fee5-8bb2-43c7-8c2a-cc72dd658d38/datanode-1/data/ratis] (custom)
2023-09-08 11:18:09,942 [31c5dcde-db57-40d7-a24d-ec5de7583a50-groupManagement] INFO  server.RaftServerConfigKeys (ConfUtils.java:logGet(46)) - raft.server.log.corruption.policy = EXCEPTION (default)
2023-09-08 11:18:09,943 [31c5dcde-db57-40d7-a24d-ec5de7583a50-groupManagement] INFO  server.RaftServerConfigKeys (ConfUtils.java:logGet(46)) - raft.server.storage.free-space.min = 0MB (=0) (default)
2023-09-08 11:18:09,943 [31c5dcde-db57-40d7-a24d-ec5de7583a50-groupManagement] INFO  server.RaftServerConfigKeys (ConfUtils.java:logGet(46)) - raft.server.notification.no-leader.timeout = 300s (custom)
2023-09-08 11:18:09,943 [31c5dcde-db57-40d7-a24d-ec5de7583a50-groupManagement] INFO  server.RaftServerConfigKeys (ConfUtils.java:logGet(46)) - raft.server.read.timeout = 10s (default)
2023-09-08 11:18:09,943 [31c5dcde-db57-40d7-a24d-ec5de7583a50-groupManagement] INFO  server.RaftServerConfigKeys (ConfUtils.java:logGet(46)) - raft.server.retrycache.expirytime = 600000ms (custom)
2023-09-08 11:18:09,943 [31c5dcde-db57-40d7-a24d-ec5de7583a50-groupManagement] INFO  server.RaftServerConfigKeys (ConfUtils.java:logGet(46)) - raft.server.retrycache.statistics.expirytime = 100μs (default)
2023-09-08 11:18:09,943 [31c5dcde-db57-40d7-a24d-ec5de7583a50-groupManagement] INFO  server.RaftServerConfigKeys (ConfUtils.java:logGet(46)) - raft.server.read.option = DEFAULT (default)
2023-09-08 11:18:09,944 [31c5dcde-db57-40d7-a24d-ec5de7583a50-groupManagement] INFO  server.RaftServerConfigKeys (ConfUtils.java:logGet(46)) - raft.server.rpc.request.timeout = 60s (custom)
2023-09-08 11:18:09,944 [31c5dcde-db57-40d7-a24d-ec5de7583a50-groupManagement] INFO  server.RaftServerConfigKeys (ConfUtils.java:logGet(46)) - raft.server.log.appender.install.snapshot.enabled = false (custom)
2023-09-08 11:18:09,944 [31c5dcde-db57-40d7-a24d-ec5de7583a50-groupManagement] INFO  server.RaftServerConfigKeys (ConfUtils.java:logGet(46)) - raft.server.threadpool.server.cached = true (default)
2023-09-08 11:18:09,944 [31c5dcde-db57-40d7-a24d-ec5de7583a50-groupManagement] INFO  server.RaftServerConfigKeys (ConfUtils.java:logGet(46)) - raft.server.threadpool.server.size = 0 (default)
2023-09-08 11:18:09,944 [31c5dcde-db57-40d7-a24d-ec5de7583a50-groupManagement] INFO  server.RaftServerConfigKeys (ConfUtils.java:logGet(46)) - raft.server.threadpool.client.cached = true (default)
2023-09-08 11:18:09,944 [31c5dcde-db57-40d7-a24d-ec5de7583a50-groupManagement] INFO  server.RaftServerConfigKeys (ConfUtils.java:logGet(46)) - raft.server.threadpool.client.size = 0 (default)
2023-09-08 11:18:09,944 [31c5dcde-db57-40d7-a24d-ec5de7583a50-groupManagement] INFO  storage.RaftStorageDirectory (RaftStorageDirectoryImpl.java:analyzeStorage(137)) - The storage directory /home/runner/work/ozone/ozone/hadoop-ozone/integration-test/target/test-dir/MiniOzoneClusterImpl-fc42fee5-8bb2-43c7-8c2a-cc72dd658d38/datanode-1/data/ratis/4699ad16-16f7-44fe-b270-d302e3903700 does not exist. Creating ...
2023-09-08 11:18:09,945 [31c5dcde-db57-40d7-a24d-ec5de7583a50-groupManagement] INFO  storage.RaftStorageDirectory (RaftStorageDirectoryImpl.java:tryLock(231)) - Lock on /home/runner/work/ozone/ozone/hadoop-ozone/integration-test/target/test-dir/MiniOzoneClusterImpl-fc42fee5-8bb2-43c7-8c2a-cc72dd658d38/datanode-1/data/ratis/4699ad16-16f7-44fe-b270-d302e3903700/in_use.lock acquired by nodename 7549@fv-az203-160
2023-09-08 11:18:09,947 [31c5dcde-db57-40d7-a24d-ec5de7583a50-groupManagement] INFO  storage.RaftStorage (RaftStorageImpl.java:format(96)) - Storage directory /home/runner/work/ozone/ozone/hadoop-ozone/integration-test/target/test-dir/MiniOzoneClusterImpl-fc42fee5-8bb2-43c7-8c2a-cc72dd658d38/datanode-1/data/ratis/4699ad16-16f7-44fe-b270-d302e3903700 has been successfully formatted.
2023-09-08 11:18:09,948 [31c5dcde-db57-40d7-a24d-ec5de7583a50-groupManagement] INFO  ratis.ContainerStateMachine (ContainerStateMachine.java:loadSnapshot(262)) - group-D302E3903700: The snapshot info is null. Setting the last applied indexto:(t:0, i:~)
2023-09-08 11:18:09,948 [31c5dcde-db57-40d7-a24d-ec5de7583a50-groupManagement] INFO  server.RaftServerConfigKeys (ConfUtils.java:logGet(46)) - raft.server.log.use.memory = false (default)
2023-09-08 11:18:09,948 [31c5dcde-db57-40d7-a24d-ec5de7583a50-groupManagement] INFO  server.RaftServerConfigKeys (ConfUtils.java:logGet(46)) - raft.server.log.purge.gap = 1000000 (custom)
2023-09-08 11:18:09,948 [31c5dcde-db57-40d7-a24d-ec5de7583a50-groupManagement] INFO  server.RaftServerConfigKeys (ConfUtils.java:logGet(46)) - raft.server.log.appender.buffer.byte-limit = 33554432 (custom)
2023-09-08 11:18:09,949 [31c5dcde-db57-40d7-a24d-ec5de7583a50-groupManagement] INFO  server.RaftServerConfigKeys (ConfUtils.java:logGet(46)) - raft.server.log.statemachine.data.read.timeout = 1000ms (default)
2023-09-08 11:18:09,949 [31c5dcde-db57-40d7-a24d-ec5de7583a50-groupManagement] INFO  server.RaftServerConfigKeys (ConfUtils.java:logGet(46)) - raft.server.log.purge.preservation.log.num = 0 (default)
2023-09-08 11:18:09,949 [31c5dcde-db57-40d7-a24d-ec5de7583a50-groupManagement] INFO  server.RaftServerConfigKeys (ConfUtils.java:logGet(46)) - raft.server.log.segment.size.max = 1048576 (custom)
2023-09-08 11:18:09,949 [31c5dcde-db57-40d7-a24d-ec5de7583a50-groupManagement] INFO  server.RaftServerConfigKeys (ConfUtils.java:logGet(46)) - raft.server.log.segment.cache.num.max = 2 (custom)
2023-09-08 11:18:09,949 [31c5dcde-db57-40d7-a24d-ec5de7583a50-groupManagement] INFO  server.RaftServerConfigKeys (ConfUtils.java:logGet(46)) - raft.server.log.segment.cache.size.max = 200MB (=209715200) (default)
2023-09-08 11:18:09,949 [31c5dcde-db57-40d7-a24d-ec5de7583a50-groupManagement] INFO  server.RaftServerConfigKeys (ConfUtils.java:logGet(46)) - raft.server.log.appender.buffer.byte-limit = 33554432 (custom)
2023-09-08 11:18:09,949 [31c5dcde-db57-40d7-a24d-ec5de7583a50-groupManagement] INFO  segmented.SegmentedRaftLogWorker (SegmentedRaftLogWorker.java:<init>(188)) - new 31c5dcde-db57-40d7-a24d-ec5de7583a50@group-D302E3903700-SegmentedRaftLogWorker for RaftStorageImpl:Storage Directory /home/runner/work/ozone/ozone/hadoop-ozone/integration-test/target/test-dir/MiniOzoneClusterImpl-fc42fee5-8bb2-43c7-8c2a-cc72dd658d38/datanode-1/data/ratis/4699ad16-16f7-44fe-b270-d302e3903700
2023-09-08 11:18:09,949 [31c5dcde-db57-40d7-a24d-ec5de7583a50-groupManagement] INFO  server.RaftServerConfigKeys (ConfUtils.java:logGet(46)) - raft.server.log.queue.byte-limit = 4294967296 (custom)
2023-09-08 11:18:09,949 [31c5dcde-db57-40d7-a24d-ec5de7583a50-groupManagement] INFO  server.RaftServerConfigKeys (ConfUtils.java:logGet(46)) - raft.server.log.queue.element-limit = 1024 (custom)
2023-09-08 11:18:09,950 [31c5dcde-db57-40d7-a24d-ec5de7583a50-groupManagement] INFO  server.RaftServerConfigKeys (ConfUtils.java:logGet(46)) - raft.server.log.segment.size.max = 1048576 (custom)
2023-09-08 11:18:09,950 [31c5dcde-db57-40d7-a24d-ec5de7583a50-groupManagement] INFO  server.RaftServerConfigKeys (ConfUtils.java:logGet(46)) - raft.server.log.preallocated.size = 16384 (custom)
2023-09-08 11:18:09,950 [31c5dcde-db57-40d7-a24d-ec5de7583a50-groupManagement] INFO  server.RaftServerConfigKeys (ConfUtils.java:logGet(46)) - raft.server.log.force.sync.num = 128 (default)
2023-09-08 11:18:09,950 [31c5dcde-db57-40d7-a24d-ec5de7583a50-groupManagement] INFO  server.RaftServerConfigKeys (ConfUtils.java:logGet(46)) - raft.server.log.statemachine.data.sync = true (default)
2023-09-08 11:18:09,950 [31c5dcde-db57-40d7-a24d-ec5de7583a50-groupManagement] INFO  server.RaftServerConfigKeys (ConfUtils.java:logGet(46)) - raft.server.log.statemachine.data.sync.timeout = 10s (default)
2023-09-08 11:18:09,950 [31c5dcde-db57-40d7-a24d-ec5de7583a50-groupManagement] INFO  server.RaftServerConfigKeys (ConfUtils.java:logGet(46)) - raft.server.log.statemachine.data.sync.timeout.retry = -1 (default)
2023-09-08 11:18:09,952 [EventQueue-PipelineReportForPipelineReportHandler] INFO  pipeline.PipelineReportHandler (PipelineReportHandler.java:processPipelineReport(136)) - Opened pipeline PipelineID=4699ad16-16f7-44fe-b270-d302e3903700
2023-09-08 11:18:09,952 [31c5dcde-db57-40d7-a24d-ec5de7583a50-groupManagement] INFO  server.RaftServerConfigKeys (ConfUtils.java:logGet(46)) - raft.server.log.write.buffer.size = 1048576 (custom)
2023-09-08 11:18:09,952 [EventQueue-OpenPipelineForHealthyPipelineSafeModeRule] INFO  safemode.SCMSafeModeManager (HealthyPipelineSafeModeRule.java:process(137)) - SCM in safe mode. Healthy pipelines reported count is 0, required healthy pipeline reported count is 1
2023-09-08 11:18:09,953 [31c5dcde-db57-40d7-a24d-ec5de7583a50-groupManagement] INFO  server.RaftServerConfigKeys (ConfUtils.java:logGet(46)) - raft.server.log.appender.buffer.byte-limit = 33554432 (custom)
2023-09-08 11:18:09,959 [31c5dcde-db57-40d7-a24d-ec5de7583a50-groupManagement] INFO  server.RaftServerConfigKeys (ConfUtils.java:logGet(46)) - raft.server.log.unsafe-flush.enabled = false (default)
2023-09-08 11:18:09,959 [31c5dcde-db57-40d7-a24d-ec5de7583a50-groupManagement] INFO  server.RaftServerConfigKeys (ConfUtils.java:logGet(46)) - raft.server.log.async-flush.enabled = false (default)
2023-09-08 11:18:09,959 [31c5dcde-db57-40d7-a24d-ec5de7583a50-groupManagement] INFO  server.RaftServerConfigKeys (ConfUtils.java:logGet(46)) - raft.server.log.statemachine.data.caching.enabled = true (custom)
2023-09-08 11:18:09,960 [31c5dcde-db57-40d7-a24d-ec5de7583a50-groupManagement] INFO  segmented.SegmentedRaftLogWorker (SegmentedRaftLogWorker.java:lambda$new$0(135)) - 31c5dcde-db57-40d7-a24d-ec5de7583a50@group-D302E3903700-SegmentedRaftLogWorker: flushIndex: setUnconditionally 0 -> -1
2023-09-08 11:18:09,960 [31c5dcde-db57-40d7-a24d-ec5de7583a50-groupManagement] INFO  segmented.SegmentedRaftLogWorker (SegmentedRaftLogWorker.java:lambda$new$0(135)) - 31c5dcde-db57-40d7-a24d-ec5de7583a50@group-D302E3903700-SegmentedRaftLogWorker: safeCacheEvictIndex: setUnconditionally 0 -> -1
2023-09-08 11:18:09,960 [31c5dcde-db57-40d7-a24d-ec5de7583a50-groupManagement] INFO  server.RaftServer$Division (RaftServerImpl.java:start(342)) - 31c5dcde-db57-40d7-a24d-ec5de7583a50@group-D302E3903700: start as a follower, conf=-1: peers:[31c5dcde-db57-40d7-a24d-ec5de7583a50|rpc:10.1.0.72:15076|admin:10.1.0.72:15075|client:10.1.0.72:15074|dataStream:10.1.0.72:15077|priority:1|startupRole:FOLLOWER]|listeners:[], old=null
2023-09-08 11:18:09,960 [31c5dcde-db57-40d7-a24d-ec5de7583a50-groupManagement] INFO  server.RaftServer$Division (RaftServerImpl.java:setRole(329)) - 31c5dcde-db57-40d7-a24d-ec5de7583a50@group-D302E3903700: changes role from      null to FOLLOWER at term 0 for startAsFollower
2023-09-08 11:18:09,960 [31c5dcde-db57-40d7-a24d-ec5de7583a50-groupManagement] INFO  impl.RoleInfo (RoleInfo.java:updateAndGet(139)) - 31c5dcde-db57-40d7-a24d-ec5de7583a50: start 31c5dcde-db57-40d7-a24d-ec5de7583a50@group-D302E3903700-FollowerState
2023-09-08 11:18:09,967 [31c5dcde-db57-40d7-a24d-ec5de7583a50-groupManagement] INFO  util.JmxRegister (JmxRegister.java:tryRegister(44)) - Successfully registered JMX Bean with object name Ratis:service=RaftServer,group=group-D302E3903700,id=31c5dcde-db57-40d7-a24d-ec5de7583a50
2023-09-08 11:18:09,967 [31c5dcde-db57-40d7-a24d-ec5de7583a50-groupManagement] INFO  server.RaftServerConfigKeys (ConfUtils.java:logGet(46)) - raft.server.snapshot.auto.trigger.enabled = true (custom)
2023-09-08 11:18:09,967 [31c5dcde-db57-40d7-a24d-ec5de7583a50-groupManagement] INFO  server.RaftServerConfigKeys (ConfUtils.java:logGet(46)) - raft.server.snapshot.auto.trigger.threshold = 10000 (custom)
2023-09-08 11:18:09,967 [31c5dcde-db57-40d7-a24d-ec5de7583a50-groupManagement] INFO  server.RaftServerConfigKeys (ConfUtils.java:logGet(46)) - raft.server.snapshot.retention.file.num = 5 (custom)
2023-09-08 11:18:09,967 [31c5dcde-db57-40d7-a24d-ec5de7583a50-groupManagement] INFO  server.RaftServerConfigKeys (ConfUtils.java:logGet(46)) - raft.server.log.purge.upto.snapshot.index = false (default)
2023-09-08 11:18:09,968 [PipelineCommandHandlerThread-0] INFO  ratis.XceiverServerRatis (XceiverServerRatis.java:addGroup(804)) - Created group PipelineID=4699ad16-16f7-44fe-b270-d302e3903700
2023-09-08 11:18:09,968 [PipelineCommandHandlerThread-0] INFO  commandhandler.CreatePipelineCommandHandler (CreatePipelineCommandHandler.java:lambda$handle$2(124)) - Created Pipeline RATIS ONE PipelineID=4699ad16-16f7-44fe-b270-d302e3903700.
2023-09-08 11:18:09,969 [31c5dcde-db57-40d7-a24d-ec5de7583a50@group-D302E3903700-FollowerState] INFO  server.RaftServerConfigKeys (ConfUtils.java:logFallback(53)) - raft.server.rpc.first-election.timeout.min = 5s (fallback to raft.server.rpc.timeout.min)
2023-09-08 11:18:09,969 [31c5dcde-db57-40d7-a24d-ec5de7583a50@group-D302E3903700-FollowerState] INFO  server.RaftServerConfigKeys (ConfUtils.java:logFallback(53)) - raft.server.rpc.first-election.timeout.max = 5200ms (fallback to raft.server.rpc.timeout.max)
2023-09-08 11:18:10,054 [main] INFO  ozone.MiniOzoneClusterImpl (MiniOzoneClusterImpl.java:lambda$waitForClusterToBeReady$0(224)) - Nodes are ready. Got 5 of 5 DN Heartbeats.
2023-09-08 11:18:10,055 [main] INFO  ozone.MiniOzoneClusterImpl (MiniOzoneClusterImpl.java:lambda$waitForClusterToBeReady$0(227)) - Waiting for cluster to exit safe mode
2023-09-08 11:18:10,055 [main] INFO  ozone.MiniOzoneClusterImpl (MiniOzoneClusterImpl.java:lambda$waitForClusterToBeReady$0(229)) - SCM became leader
2023-09-08 11:18:10,306 [PipelineCommandHandlerThread-0] INFO  server.RaftServer (RaftServerProxy.java:addNew(98)) - e7773167-2049-479c-a584-e45e7fe0d5b5: addNew group-310911E93B88:[e7773167-2049-479c-a584-e45e7fe0d5b5|rpc:10.1.0.72:15085|admin:10.1.0.72:15084|client:10.1.0.72:15083|dataStream:10.1.0.72:15086|priority:1|startupRole:FOLLOWER] returns group-310911E93B88:java.util.concurrent.CompletableFuture@174ac971[Not completed]
2023-09-08 11:18:10,307 [e7773167-2049-479c-a584-e45e7fe0d5b5-groupManagement] INFO  server.RaftServer$Division (RaftServerImpl.java:<init>(198)) - e7773167-2049-479c-a584-e45e7fe0d5b5: new RaftServerImpl for group-310911E93B88:[e7773167-2049-479c-a584-e45e7fe0d5b5|rpc:10.1.0.72:15085|admin:10.1.0.72:15084|client:10.1.0.72:15083|dataStream:10.1.0.72:15086|priority:1|startupRole:FOLLOWER] with ContainerStateMachine:uninitialized
2023-09-08 11:18:10,307 [e7773167-2049-479c-a584-e45e7fe0d5b5-groupManagement] INFO  server.RaftServerConfigKeys (ConfUtils.java:logGet(46)) - raft.server.rpc.timeout.min = 5s (custom)
2023-09-08 11:18:10,308 [e7773167-2049-479c-a584-e45e7fe0d5b5-groupManagement] INFO  server.RaftServerConfigKeys (ConfUtils.java:logGet(46)) - raft.server.rpc.timeout.max = 5200ms (custom)
2023-09-08 11:18:10,308 [e7773167-2049-479c-a584-e45e7fe0d5b5-groupManagement] INFO  server.RaftServerConfigKeys (ConfUtils.java:logGet(46)) - raft.server.rpc.sleep.time = 25ms (default)
2023-09-08 11:18:10,308 [e7773167-2049-479c-a584-e45e7fe0d5b5-groupManagement] INFO  server.RaftServerConfigKeys (ConfUtils.java:logGet(46)) - raft.server.rpc.slowness.timeout = 300s (custom)
2023-09-08 11:18:10,308 [e7773167-2049-479c-a584-e45e7fe0d5b5-groupManagement] INFO  server.RaftServerConfigKeys (ConfUtils.java:logGet(46)) - raft.server.leaderelection.leader.step-down.wait-time = 10s (default)
2023-09-08 11:18:10,308 [e7773167-2049-479c-a584-e45e7fe0d5b5-groupManagement] INFO  server.RaftServerConfigKeys (ConfUtils.java:logGet(46)) - raft.server.sleep.deviation.threshold = 300ms (default)
2023-09-08 11:18:10,308 [e7773167-2049-479c-a584-e45e7fe0d5b5-groupManagement] INFO  server.RaftServer$Division (ServerState.java:<init>(120)) - e7773167-2049-479c-a584-e45e7fe0d5b5@group-310911E93B88: ConfigurationManager, init=-1: peers:[e7773167-2049-479c-a584-e45e7fe0d5b5|rpc:10.1.0.72:15085|admin:10.1.0.72:15084|client:10.1.0.72:15083|dataStream:10.1.0.72:15086|priority:1|startupRole:FOLLOWER]|listeners:[], old=null, confs=<EMPTY_MAP>
2023-09-08 11:18:10,308 [e7773167-2049-479c-a584-e45e7fe0d5b5-groupManagement] INFO  server.RaftServerConfigKeys (ConfUtils.java:logGet(46)) - raft.server.storage.dir = [/home/runner/work/ozone/ozone/hadoop-ozone/integration-test/target/test-dir/MiniOzoneClusterImpl-fc42fee5-8bb2-43c7-8c2a-cc72dd658d38/datanode-2/data/ratis] (custom)
2023-09-08 11:18:10,308 [e7773167-2049-479c-a584-e45e7fe0d5b5-groupManagement] INFO  server.RaftServerConfigKeys (ConfUtils.java:logGet(46)) - raft.server.log.corruption.policy = EXCEPTION (default)
2023-09-08 11:18:10,308 [e7773167-2049-479c-a584-e45e7fe0d5b5-groupManagement] INFO  server.RaftServerConfigKeys (ConfUtils.java:logGet(46)) - raft.server.storage.free-space.min = 0MB (=0) (default)
2023-09-08 11:18:10,308 [e7773167-2049-479c-a584-e45e7fe0d5b5-groupManagement] INFO  server.RaftServerConfigKeys (ConfUtils.java:logGet(46)) - raft.server.notification.no-leader.timeout = 300s (custom)
2023-09-08 11:18:10,308 [e7773167-2049-479c-a584-e45e7fe0d5b5-groupManagement] INFO  server.RaftServerConfigKeys (ConfUtils.java:logGet(46)) - raft.server.read.timeout = 10s (default)
2023-09-08 11:18:10,308 [e7773167-2049-479c-a584-e45e7fe0d5b5-groupManagement] INFO  server.RaftServerConfigKeys (ConfUtils.java:logGet(46)) - raft.server.retrycache.expirytime = 600000ms (custom)
2023-09-08 11:18:10,308 [e7773167-2049-479c-a584-e45e7fe0d5b5-groupManagement] INFO  server.RaftServerConfigKeys (ConfUtils.java:logGet(46)) - raft.server.retrycache.statistics.expirytime = 100μs (default)
2023-09-08 11:18:10,308 [e7773167-2049-479c-a584-e45e7fe0d5b5-groupManagement] INFO  server.RaftServerConfigKeys (ConfUtils.java:logGet(46)) - raft.server.read.option = DEFAULT (default)
2023-09-08 11:18:10,311 [e7773167-2049-479c-a584-e45e7fe0d5b5-groupManagement] INFO  server.RaftServerConfigKeys (ConfUtils.java:logGet(46)) - raft.server.rpc.request.timeout = 60s (custom)
2023-09-08 11:18:10,311 [e7773167-2049-479c-a584-e45e7fe0d5b5-groupManagement] INFO  server.RaftServerConfigKeys (ConfUtils.java:logGet(46)) - raft.server.log.appender.install.snapshot.enabled = false (custom)
2023-09-08 11:18:10,311 [e7773167-2049-479c-a584-e45e7fe0d5b5-groupManagement] INFO  server.RaftServerConfigKeys (ConfUtils.java:logGet(46)) - raft.server.threadpool.server.cached = true (default)
2023-09-08 11:18:10,311 [e7773167-2049-479c-a584-e45e7fe0d5b5-groupManagement] INFO  server.RaftServerConfigKeys (ConfUtils.java:logGet(46)) - raft.server.threadpool.server.size = 0 (default)
2023-09-08 11:18:10,311 [e7773167-2049-479c-a584-e45e7fe0d5b5-groupManagement] INFO  server.RaftServerConfigKeys (ConfUtils.java:logGet(46)) - raft.server.threadpool.client.cached = true (default)
2023-09-08 11:18:10,311 [e7773167-2049-479c-a584-e45e7fe0d5b5-groupManagement] INFO  server.RaftServerConfigKeys (ConfUtils.java:logGet(46)) - raft.server.threadpool.client.size = 0 (default)
2023-09-08 11:18:10,312 [e7773167-2049-479c-a584-e45e7fe0d5b5-groupManagement] INFO  storage.RaftStorageDirectory (RaftStorageDirectoryImpl.java:analyzeStorage(137)) - The storage directory /home/runner/work/ozone/ozone/hadoop-ozone/integration-test/target/test-dir/MiniOzoneClusterImpl-fc42fee5-8bb2-43c7-8c2a-cc72dd658d38/datanode-2/data/ratis/8326c035-37f4-475c-b667-310911e93b88 does not exist. Creating ...
2023-09-08 11:18:10,313 [e7773167-2049-479c-a584-e45e7fe0d5b5-groupManagement] INFO  storage.RaftStorageDirectory (RaftStorageDirectoryImpl.java:tryLock(231)) - Lock on /home/runner/work/ozone/ozone/hadoop-ozone/integration-test/target/test-dir/MiniOzoneClusterImpl-fc42fee5-8bb2-43c7-8c2a-cc72dd658d38/datanode-2/data/ratis/8326c035-37f4-475c-b667-310911e93b88/in_use.lock acquired by nodename 7549@fv-az203-160
2023-09-08 11:18:10,315 [e7773167-2049-479c-a584-e45e7fe0d5b5-groupManagement] INFO  storage.RaftStorage (RaftStorageImpl.java:format(96)) - Storage directory /home/runner/work/ozone/ozone/hadoop-ozone/integration-test/target/test-dir/MiniOzoneClusterImpl-fc42fee5-8bb2-43c7-8c2a-cc72dd658d38/datanode-2/data/ratis/8326c035-37f4-475c-b667-310911e93b88 has been successfully formatted.
2023-09-08 11:18:10,317 [e7773167-2049-479c-a584-e45e7fe0d5b5-groupManagement] INFO  ratis.ContainerStateMachine (ContainerStateMachine.java:loadSnapshot(262)) - group-310911E93B88: The snapshot info is null. Setting the last applied indexto:(t:0, i:~)
2023-09-08 11:18:10,317 [e7773167-2049-479c-a584-e45e7fe0d5b5-groupManagement] INFO  server.RaftServerConfigKeys (ConfUtils.java:logGet(46)) - raft.server.log.use.memory = false (default)
2023-09-08 11:18:10,317 [e7773167-2049-479c-a584-e45e7fe0d5b5-groupManagement] INFO  server.RaftServerConfigKeys (ConfUtils.java:logGet(46)) - raft.server.log.purge.gap = 1000000 (custom)
2023-09-08 11:18:10,317 [e7773167-2049-479c-a584-e45e7fe0d5b5-groupManagement] INFO  server.RaftServerConfigKeys (ConfUtils.java:logGet(46)) - raft.server.log.appender.buffer.byte-limit = 33554432 (custom)
2023-09-08 11:18:10,317 [e7773167-2049-479c-a584-e45e7fe0d5b5-groupManagement] INFO  server.RaftServerConfigKeys (ConfUtils.java:logGet(46)) - raft.server.log.statemachine.data.read.timeout = 1000ms (default)
2023-09-08 11:18:10,317 [e7773167-2049-479c-a584-e45e7fe0d5b5-groupManagement] INFO  server.RaftServerConfigKeys (ConfUtils.java:logGet(46)) - raft.server.log.purge.preservation.log.num = 0 (default)
2023-09-08 11:18:10,318 [e7773167-2049-479c-a584-e45e7fe0d5b5-groupManagement] INFO  server.RaftServerConfigKeys (ConfUtils.java:logGet(46)) - raft.server.log.segment.size.max = 1048576 (custom)
2023-09-08 11:18:10,318 [EventQueue-PipelineReportForPipelineReportHandler] INFO  pipeline.PipelineReportHandler (PipelineReportHandler.java:processPipelineReport(136)) - Opened pipeline PipelineID=8326c035-37f4-475c-b667-310911e93b88
2023-09-08 11:18:10,318 [e7773167-2049-479c-a584-e45e7fe0d5b5-groupManagement] INFO  server.RaftServerConfigKeys (ConfUtils.java:logGet(46)) - raft.server.log.segment.cache.num.max = 2 (custom)
2023-09-08 11:18:10,318 [e7773167-2049-479c-a584-e45e7fe0d5b5-groupManagement] INFO  server.RaftServerConfigKeys (ConfUtils.java:logGet(46)) - raft.server.log.segment.cache.size.max = 200MB (=209715200) (default)
2023-09-08 11:18:10,318 [EventQueue-OpenPipelineForHealthyPipelineSafeModeRule] INFO  safemode.SCMSafeModeManager (HealthyPipelineSafeModeRule.java:process(137)) - SCM in safe mode. Healthy pipelines reported count is 0, required healthy pipeline reported count is 1
2023-09-08 11:18:10,318 [e7773167-2049-479c-a584-e45e7fe0d5b5-groupManagement] INFO  server.RaftServerConfigKeys (ConfUtils.java:logGet(46)) - raft.server.log.appender.buffer.byte-limit = 33554432 (custom)
2023-09-08 11:18:10,318 [e7773167-2049-479c-a584-e45e7fe0d5b5-groupManagement] INFO  segmented.SegmentedRaftLogWorker (SegmentedRaftLogWorker.java:<init>(188)) - new e7773167-2049-479c-a584-e45e7fe0d5b5@group-310911E93B88-SegmentedRaftLogWorker for RaftStorageImpl:Storage Directory /home/runner/work/ozone/ozone/hadoop-ozone/integration-test/target/test-dir/MiniOzoneClusterImpl-fc42fee5-8bb2-43c7-8c2a-cc72dd658d38/datanode-2/data/ratis/8326c035-37f4-475c-b667-310911e93b88
2023-09-08 11:18:10,319 [e7773167-2049-479c-a584-e45e7fe0d5b5-groupManagement] INFO  server.RaftServerConfigKeys (ConfUtils.java:logGet(46)) - raft.server.log.queue.byte-limit = 4294967296 (custom)
2023-09-08 11:18:10,319 [e7773167-2049-479c-a584-e45e7fe0d5b5-groupManagement] INFO  server.RaftServerConfigKeys (ConfUtils.java:logGet(46)) - raft.server.log.queue.element-limit = 1024 (custom)
2023-09-08 11:18:10,319 [e7773167-2049-479c-a584-e45e7fe0d5b5-groupManagement] INFO  server.RaftServerConfigKeys (ConfUtils.java:logGet(46)) - raft.server.log.segment.size.max = 1048576 (custom)
2023-09-08 11:18:10,319 [e7773167-2049-479c-a584-e45e7fe0d5b5-groupManagement] INFO  server.RaftServerConfigKeys (ConfUtils.java:logGet(46)) - raft.server.log.preallocated.size = 16384 (custom)
2023-09-08 11:18:10,319 [e7773167-2049-479c-a584-e45e7fe0d5b5-groupManagement] INFO  server.RaftServerConfigKeys (ConfUtils.java:logGet(46)) - raft.server.log.force.sync.num = 128 (default)
2023-09-08 11:18:10,319 [e7773167-2049-479c-a584-e45e7fe0d5b5-groupManagement] INFO  server.RaftServerConfigKeys (ConfUtils.java:logGet(46)) - raft.server.log.statemachine.data.sync = true (default)
2023-09-08 11:18:10,319 [e7773167-2049-479c-a584-e45e7fe0d5b5-groupManagement] INFO  server.RaftServerConfigKeys (ConfUtils.java:logGet(46)) - raft.server.log.statemachine.data.sync.timeout = 10s (default)
2023-09-08 11:18:10,319 [e7773167-2049-479c-a584-e45e7fe0d5b5-groupManagement] INFO  server.RaftServerConfigKeys (ConfUtils.java:logGet(46)) - raft.server.log.statemachine.data.sync.timeout.retry = -1 (default)
2023-09-08 11:18:10,319 [e7773167-2049-479c-a584-e45e7fe0d5b5-groupManagement] INFO  server.RaftServerConfigKeys (ConfUtils.java:logGet(46)) - raft.server.log.write.buffer.size = 1048576 (custom)
2023-09-08 11:18:10,320 [e7773167-2049-479c-a584-e45e7fe0d5b5-groupManagement] INFO  server.RaftServerConfigKeys (ConfUtils.java:logGet(46)) - raft.server.log.appender.buffer.byte-limit = 33554432 (custom)
2023-09-08 11:18:10,326 [e7773167-2049-479c-a584-e45e7fe0d5b5-groupManagement] INFO  server.RaftServerConfigKeys (ConfUtils.java:logGet(46)) - raft.server.log.unsafe-flush.enabled = false (default)
2023-09-08 11:18:10,326 [e7773167-2049-479c-a584-e45e7fe0d5b5-groupManagement] INFO  server.RaftServerConfigKeys (ConfUtils.java:logGet(46)) - raft.server.log.async-flush.enabled = false (default)
2023-09-08 11:18:10,326 [e7773167-2049-479c-a584-e45e7fe0d5b5-groupManagement] INFO  server.RaftServerConfigKeys (ConfUtils.java:logGet(46)) - raft.server.log.statemachine.data.caching.enabled = true (custom)
2023-09-08 11:18:10,326 [e7773167-2049-479c-a584-e45e7fe0d5b5-groupManagement] INFO  segmented.SegmentedRaftLogWorker (SegmentedRaftLogWorker.java:lambda$new$0(135)) - e7773167-2049-479c-a584-e45e7fe0d5b5@group-310911E93B88-SegmentedRaftLogWorker: flushIndex: setUnconditionally 0 -> -1
2023-09-08 11:18:10,326 [e7773167-2049-479c-a584-e45e7fe0d5b5-groupManagement] INFO  segmented.SegmentedRaftLogWorker (SegmentedRaftLogWorker.java:lambda$new$0(135)) - e7773167-2049-479c-a584-e45e7fe0d5b5@group-310911E93B88-SegmentedRaftLogWorker: safeCacheEvictIndex: setUnconditionally 0 -> -1
2023-09-08 11:18:10,327 [e7773167-2049-479c-a584-e45e7fe0d5b5-groupManagement] INFO  server.RaftServer$Division (RaftServerImpl.java:start(342)) - e7773167-2049-479c-a584-e45e7fe0d5b5@group-310911E93B88: start as a follower, conf=-1: peers:[e7773167-2049-479c-a584-e45e7fe0d5b5|rpc:10.1.0.72:15085|admin:10.1.0.72:15084|client:10.1.0.72:15083|dataStream:10.1.0.72:15086|priority:1|startupRole:FOLLOWER]|listeners:[], old=null
2023-09-08 11:18:10,327 [e7773167-2049-479c-a584-e45e7fe0d5b5-groupManagement] INFO  server.RaftServer$Division (RaftServerImpl.java:setRole(329)) - e7773167-2049-479c-a584-e45e7fe0d5b5@group-310911E93B88: changes role from      null to FOLLOWER at term 0 for startAsFollower
2023-09-08 11:18:10,327 [e7773167-2049-479c-a584-e45e7fe0d5b5-groupManagement] INFO  impl.RoleInfo (RoleInfo.java:updateAndGet(139)) - e7773167-2049-479c-a584-e45e7fe0d5b5: start e7773167-2049-479c-a584-e45e7fe0d5b5@group-310911E93B88-FollowerState
2023-09-08 11:18:10,327 [e7773167-2049-479c-a584-e45e7fe0d5b5-groupManagement] INFO  util.JmxRegister (JmxRegister.java:tryRegister(44)) - Successfully registered JMX Bean with object name Ratis:service=RaftServer,group=group-310911E93B88,id=e7773167-2049-479c-a584-e45e7fe0d5b5
2023-09-08 11:18:10,327 [e7773167-2049-479c-a584-e45e7fe0d5b5-groupManagement] INFO  server.RaftServerConfigKeys (ConfUtils.java:logGet(46)) - raft.server.snapshot.auto.trigger.enabled = true (custom)
2023-09-08 11:18:10,327 [e7773167-2049-479c-a584-e45e7fe0d5b5-groupManagement] INFO  server.RaftServerConfigKeys (ConfUtils.java:logGet(46)) - raft.server.snapshot.auto.trigger.threshold = 10000 (custom)
2023-09-08 11:18:10,327 [e7773167-2049-479c-a584-e45e7fe0d5b5-groupManagement] INFO  server.RaftServerConfigKeys (ConfUtils.java:logGet(46)) - raft.server.snapshot.retention.file.num = 5 (custom)
2023-09-08 11:18:10,327 [e7773167-2049-479c-a584-e45e7fe0d5b5-groupManagement] INFO  server.RaftServerConfigKeys (ConfUtils.java:logGet(46)) - raft.server.log.purge.upto.snapshot.index = false (default)
2023-09-08 11:18:10,328 [e7773167-2049-479c-a584-e45e7fe0d5b5@group-310911E93B88-FollowerState] INFO  server.RaftServerConfigKeys (ConfUtils.java:logFallback(53)) - raft.server.rpc.first-election.timeout.min = 5s (fallback to raft.server.rpc.timeout.min)
2023-09-08 11:18:10,328 [e7773167-2049-479c-a584-e45e7fe0d5b5@group-310911E93B88-FollowerState] INFO  server.RaftServerConfigKeys (ConfUtils.java:logFallback(53)) - raft.server.rpc.first-election.timeout.max = 5200ms (fallback to raft.server.rpc.timeout.max)
2023-09-08 11:18:10,330 [PipelineCommandHandlerThread-0] INFO  ratis.XceiverServerRatis (XceiverServerRatis.java:addGroup(804)) - Created group PipelineID=8326c035-37f4-475c-b667-310911e93b88
2023-09-08 11:18:10,331 [PipelineCommandHandlerThread-0] INFO  commandhandler.CreatePipelineCommandHandler (CreatePipelineCommandHandler.java:lambda$handle$2(124)) - Created Pipeline RATIS ONE PipelineID=8326c035-37f4-475c-b667-310911e93b88.
2023-09-08 11:18:10,695 [PipelineCommandHandlerThread-0] INFO  server.RaftServer (RaftServerProxy.java:addNew(98)) - 17f9ea42-0da3-466f-953b-33021d7cf2c6: addNew group-CBA28D4C7E1C:[17f9ea42-0da3-466f-953b-33021d7cf2c6|rpc:10.1.0.72:15094|admin:10.1.0.72:15093|client:10.1.0.72:15092|dataStream:10.1.0.72:15095|priority:1|startupRole:FOLLOWER] returns group-CBA28D4C7E1C:java.util.concurrent.CompletableFuture@2d30e9bc[Not completed]
2023-09-08 11:18:10,696 [17f9ea42-0da3-466f-953b-33021d7cf2c6-groupManagement] INFO  server.RaftServer$Division (RaftServerImpl.java:<init>(198)) - 17f9ea42-0da3-466f-953b-33021d7cf2c6: new RaftServerImpl for group-CBA28D4C7E1C:[17f9ea42-0da3-466f-953b-33021d7cf2c6|rpc:10.1.0.72:15094|admin:10.1.0.72:15093|client:10.1.0.72:15092|dataStream:10.1.0.72:15095|priority:1|startupRole:FOLLOWER] with ContainerStateMachine:uninitialized
2023-09-08 11:18:10,696 [17f9ea42-0da3-466f-953b-33021d7cf2c6-groupManagement] INFO  server.RaftServerConfigKeys (ConfUtils.java:logGet(46)) - raft.server.rpc.timeout.min = 5s (custom)
2023-09-08 11:18:10,696 [17f9ea42-0da3-466f-953b-33021d7cf2c6-groupManagement] INFO  server.RaftServerConfigKeys (ConfUtils.java:logGet(46)) - raft.server.rpc.timeout.max = 5200ms (custom)
2023-09-08 11:18:10,696 [17f9ea42-0da3-466f-953b-33021d7cf2c6-groupManagement] INFO  server.RaftServerConfigKeys (ConfUtils.java:logGet(46)) - raft.server.rpc.sleep.time = 25ms (default)
2023-09-08 11:18:10,696 [17f9ea42-0da3-466f-953b-33021d7cf2c6-groupManagement] INFO  server.RaftServerConfigKeys (ConfUtils.java:logGet(46)) - raft.server.rpc.slowness.timeout = 300s (custom)
2023-09-08 11:18:10,696 [17f9ea42-0da3-466f-953b-33021d7cf2c6-groupManagement] INFO  server.RaftServerConfigKeys (ConfUtils.java:logGet(46)) - raft.server.leaderelection.leader.step-down.wait-time = 10s (default)
2023-09-08 11:18:10,697 [17f9ea42-0da3-466f-953b-33021d7cf2c6-groupManagement] INFO  server.RaftServerConfigKeys (ConfUtils.java:logGet(46)) - raft.server.sleep.deviation.threshold = 300ms (default)
2023-09-08 11:18:10,697 [17f9ea42-0da3-466f-953b-33021d7cf2c6-groupManagement] INFO  server.RaftServer$Division (ServerState.java:<init>(120)) - 17f9ea42-0da3-466f-953b-33021d7cf2c6@group-CBA28D4C7E1C: ConfigurationManager, init=-1: peers:[17f9ea42-0da3-466f-953b-33021d7cf2c6|rpc:10.1.0.72:15094|admin:10.1.0.72:15093|client:10.1.0.72:15092|dataStream:10.1.0.72:15095|priority:1|startupRole:FOLLOWER]|listeners:[], old=null, confs=<EMPTY_MAP>
2023-09-08 11:18:10,697 [17f9ea42-0da3-466f-953b-33021d7cf2c6-groupManagement] INFO  server.RaftServerConfigKeys (ConfUtils.java:logGet(46)) - raft.server.storage.dir = [/home/runner/work/ozone/ozone/hadoop-ozone/integration-test/target/test-dir/MiniOzoneClusterImpl-fc42fee5-8bb2-43c7-8c2a-cc72dd658d38/datanode-3/data/ratis] (custom)
2023-09-08 11:18:10,697 [17f9ea42-0da3-466f-953b-33021d7cf2c6-groupManagement] INFO  server.RaftServerConfigKeys (ConfUtils.java:logGet(46)) - raft.server.log.corruption.policy = EXCEPTION (default)
2023-09-08 11:18:10,697 [17f9ea42-0da3-466f-953b-33021d7cf2c6-groupManagement] INFO  server.RaftServerConfigKeys (ConfUtils.java:logGet(46)) - raft.server.storage.free-space.min = 0MB (=0) (default)
2023-09-08 11:18:10,697 [17f9ea42-0da3-466f-953b-33021d7cf2c6-groupManagement] INFO  server.RaftServerConfigKeys (ConfUtils.java:logGet(46)) - raft.server.notification.no-leader.timeout = 300s (custom)
2023-09-08 11:18:10,697 [17f9ea42-0da3-466f-953b-33021d7cf2c6-groupManagement] INFO  server.RaftServerConfigKeys (ConfUtils.java:logGet(46)) - raft.server.read.timeout = 10s (default)
2023-09-08 11:18:10,697 [17f9ea42-0da3-466f-953b-33021d7cf2c6-groupManagement] INFO  server.RaftServerConfigKeys (ConfUtils.java:logGet(46)) - raft.server.retrycache.expirytime = 600000ms (custom)
2023-09-08 11:18:10,697 [17f9ea42-0da3-466f-953b-33021d7cf2c6-groupManagement] INFO  server.RaftServerConfigKeys (ConfUtils.java:logGet(46)) - raft.server.retrycache.statistics.expirytime = 100μs (default)
2023-09-08 11:18:10,697 [17f9ea42-0da3-466f-953b-33021d7cf2c6-groupManagement] INFO  server.RaftServerConfigKeys (ConfUtils.java:logGet(46)) - raft.server.read.option = DEFAULT (default)
2023-09-08 11:18:10,698 [17f9ea42-0da3-466f-953b-33021d7cf2c6-groupManagement] INFO  server.RaftServerConfigKeys (ConfUtils.java:logGet(46)) - raft.server.rpc.request.timeout = 60s (custom)
2023-09-08 11:18:10,698 [17f9ea42-0da3-466f-953b-33021d7cf2c6-groupManagement] INFO  server.RaftServerConfigKeys (ConfUtils.java:logGet(46)) - raft.server.log.appender.install.snapshot.enabled = false (custom)
2023-09-08 11:18:10,699 [17f9ea42-0da3-466f-953b-33021d7cf2c6-groupManagement] INFO  server.RaftServerConfigKeys (ConfUtils.java:logGet(46)) - raft.server.threadpool.server.cached = true (default)
2023-09-08 11:18:10,699 [17f9ea42-0da3-466f-953b-33021d7cf2c6-groupManagement] INFO  server.RaftServerConfigKeys (ConfUtils.java:logGet(46)) - raft.server.threadpool.server.size = 0 (default)
2023-09-08 11:18:10,699 [17f9ea42-0da3-466f-953b-33021d7cf2c6-groupManagement] INFO  server.RaftServerConfigKeys (ConfUtils.java:logGet(46)) - raft.server.threadpool.client.cached = true (default)
2023-09-08 11:18:10,699 [17f9ea42-0da3-466f-953b-33021d7cf2c6-groupManagement] INFO  server.RaftServerConfigKeys (ConfUtils.java:logGet(46)) - raft.server.threadpool.client.size = 0 (default)
2023-09-08 11:18:10,699 [17f9ea42-0da3-466f-953b-33021d7cf2c6-groupManagement] INFO  storage.RaftStorageDirectory (RaftStorageDirectoryImpl.java:analyzeStorage(137)) - The storage directory /home/runner/work/ozone/ozone/hadoop-ozone/integration-test/target/test-dir/MiniOzoneClusterImpl-fc42fee5-8bb2-43c7-8c2a-cc72dd658d38/datanode-3/data/ratis/631529a6-3bfb-49a1-9734-cba28d4c7e1c does not exist. Creating ...
2023-09-08 11:18:10,701 [17f9ea42-0da3-466f-953b-33021d7cf2c6-groupManagement] INFO  storage.RaftStorageDirectory (RaftStorageDirectoryImpl.java:tryLock(231)) - Lock on /home/runner/work/ozone/ozone/hadoop-ozone/integration-test/target/test-dir/MiniOzoneClusterImpl-fc42fee5-8bb2-43c7-8c2a-cc72dd658d38/datanode-3/data/ratis/631529a6-3bfb-49a1-9734-cba28d4c7e1c/in_use.lock acquired by nodename 7549@fv-az203-160
2023-09-08 11:18:10,702 [17f9ea42-0da3-466f-953b-33021d7cf2c6-groupManagement] INFO  storage.RaftStorage (RaftStorageImpl.java:format(96)) - Storage directory /home/runner/work/ozone/ozone/hadoop-ozone/integration-test/target/test-dir/MiniOzoneClusterImpl-fc42fee5-8bb2-43c7-8c2a-cc72dd658d38/datanode-3/data/ratis/631529a6-3bfb-49a1-9734-cba28d4c7e1c has been successfully formatted.
2023-09-08 11:18:10,704 [17f9ea42-0da3-466f-953b-33021d7cf2c6-groupManagement] INFO  ratis.ContainerStateMachine (ContainerStateMachine.java:loadSnapshot(262)) - group-CBA28D4C7E1C: The snapshot info is null. Setting the last applied indexto:(t:0, i:~)
2023-09-08 11:18:10,704 [17f9ea42-0da3-466f-953b-33021d7cf2c6-groupManagement] INFO  server.RaftServerConfigKeys (ConfUtils.java:logGet(46)) - raft.server.log.use.memory = false (default)
2023-09-08 11:18:10,704 [17f9ea42-0da3-466f-953b-33021d7cf2c6-groupManagement] INFO  server.RaftServerConfigKeys (ConfUtils.java:logGet(46)) - raft.server.log.purge.gap = 1000000 (custom)
2023-09-08 11:18:10,704 [17f9ea42-0da3-466f-953b-33021d7cf2c6-groupManagement] INFO  server.RaftServerConfigKeys (ConfUtils.java:logGet(46)) - raft.server.log.appender.buffer.byte-limit = 33554432 (custom)
2023-09-08 11:18:10,705 [17f9ea42-0da3-466f-953b-33021d7cf2c6-groupManagement] INFO  server.RaftServerConfigKeys (ConfUtils.java:logGet(46)) - raft.server.log.statemachine.data.read.timeout = 1000ms (default)
2023-09-08 11:18:10,705 [EventQueue-PipelineReportForPipelineReportHandler] INFO  pipeline.PipelineReportHandler (PipelineReportHandler.java:processPipelineReport(136)) - Opened pipeline PipelineID=631529a6-3bfb-49a1-9734-cba28d4c7e1c
2023-09-08 11:18:10,706 [EventQueue-OpenPipelineForHealthyPipelineSafeModeRule] INFO  safemode.SCMSafeModeManager (HealthyPipelineSafeModeRule.java:process(137)) - SCM in safe mode. Healthy pipelines reported count is 0, required healthy pipeline reported count is 1
2023-09-08 11:18:10,705 [17f9ea42-0da3-466f-953b-33021d7cf2c6-groupManagement] INFO  server.RaftServerConfigKeys (ConfUtils.java:logGet(46)) - raft.server.log.purge.preservation.log.num = 0 (default)
2023-09-08 11:18:10,706 [17f9ea42-0da3-466f-953b-33021d7cf2c6-groupManagement] INFO  server.RaftServerConfigKeys (ConfUtils.java:logGet(46)) - raft.server.log.segment.size.max = 1048576 (custom)
2023-09-08 11:18:10,706 [17f9ea42-0da3-466f-953b-33021d7cf2c6-groupManagement] INFO  server.RaftServerConfigKeys (ConfUtils.java:logGet(46)) - raft.server.log.segment.cache.num.max = 2 (custom)
2023-09-08 11:18:10,706 [17f9ea42-0da3-466f-953b-33021d7cf2c6-groupManagement] INFO  server.RaftServerConfigKeys (ConfUtils.java:logGet(46)) - raft.server.log.segment.cache.size.max = 200MB (=209715200) (default)
2023-09-08 11:18:10,706 [17f9ea42-0da3-466f-953b-33021d7cf2c6-groupManagement] INFO  server.RaftServerConfigKeys (ConfUtils.java:logGet(46)) - raft.server.log.appender.buffer.byte-limit = 33554432 (custom)
2023-09-08 11:18:10,706 [17f9ea42-0da3-466f-953b-33021d7cf2c6-groupManagement] INFO  segmented.SegmentedRaftLogWorker (SegmentedRaftLogWorker.java:<init>(188)) - new 17f9ea42-0da3-466f-953b-33021d7cf2c6@group-CBA28D4C7E1C-SegmentedRaftLogWorker for RaftStorageImpl:Storage Directory /home/runner/work/ozone/ozone/hadoop-ozone/integration-test/target/test-dir/MiniOzoneClusterImpl-fc42fee5-8bb2-43c7-8c2a-cc72dd658d38/datanode-3/data/ratis/631529a6-3bfb-49a1-9734-cba28d4c7e1c
2023-09-08 11:18:10,706 [17f9ea42-0da3-466f-953b-33021d7cf2c6-groupManagement] INFO  server.RaftServerConfigKeys (ConfUtils.java:logGet(46)) - raft.server.log.queue.byte-limit = 4294967296 (custom)
2023-09-08 11:18:10,706 [17f9ea42-0da3-466f-953b-33021d7cf2c6-groupManagement] INFO  server.RaftServerConfigKeys (ConfUtils.java:logGet(46)) - raft.server.log.queue.element-limit = 1024 (custom)
2023-09-08 11:18:10,707 [17f9ea42-0da3-466f-953b-33021d7cf2c6-groupManagement] INFO  server.RaftServerConfigKeys (ConfUtils.java:logGet(46)) - raft.server.log.segment.size.max = 1048576 (custom)
2023-09-08 11:18:10,707 [17f9ea42-0da3-466f-953b-33021d7cf2c6-groupManagement] INFO  server.RaftServerConfigKeys (ConfUtils.java:logGet(46)) - raft.server.log.preallocated.size = 16384 (custom)
2023-09-08 11:18:10,707 [17f9ea42-0da3-466f-953b-33021d7cf2c6-groupManagement] INFO  server.RaftServerConfigKeys (ConfUtils.java:logGet(46)) - raft.server.log.force.sync.num = 128 (default)
2023-09-08 11:18:10,707 [17f9ea42-0da3-466f-953b-33021d7cf2c6-groupManagement] INFO  server.RaftServerConfigKeys (ConfUtils.java:logGet(46)) - raft.server.log.statemachine.data.sync = true (default)
2023-09-08 11:18:10,707 [17f9ea42-0da3-466f-953b-33021d7cf2c6-groupManagement] INFO  server.RaftServerConfigKeys (ConfUtils.java:logGet(46)) - raft.server.log.statemachine.data.sync.timeout = 10s (default)
2023-09-08 11:18:10,707 [17f9ea42-0da3-466f-953b-33021d7cf2c6-groupManagement] INFO  server.RaftServerConfigKeys (ConfUtils.java:logGet(46)) - raft.server.log.statemachine.data.sync.timeout.retry = -1 (default)
2023-09-08 11:18:10,707 [17f9ea42-0da3-466f-953b-33021d7cf2c6-groupManagement] INFO  server.RaftServerConfigKeys (ConfUtils.java:logGet(46)) - raft.server.log.write.buffer.size = 1048576 (custom)
2023-09-08 11:18:10,708 [17f9ea42-0da3-466f-953b-33021d7cf2c6-groupManagement] INFO  server.RaftServerConfigKeys (ConfUtils.java:logGet(46)) - raft.server.log.appender.buffer.byte-limit = 33554432 (custom)
2023-09-08 11:18:10,713 [17f9ea42-0da3-466f-953b-33021d7cf2c6-groupManagement] INFO  server.RaftServerConfigKeys (ConfUtils.java:logGet(46)) - raft.server.log.unsafe-flush.enabled = false (default)
2023-09-08 11:18:10,713 [17f9ea42-0da3-466f-953b-33021d7cf2c6-groupManagement] INFO  server.RaftServerConfigKeys (ConfUtils.java:logGet(46)) - raft.server.log.async-flush.enabled = false (default)
2023-09-08 11:18:10,714 [17f9ea42-0da3-466f-953b-33021d7cf2c6-groupManagement] INFO  server.RaftServerConfigKeys (ConfUtils.java:logGet(46)) - raft.server.log.statemachine.data.caching.enabled = true (custom)
2023-09-08 11:18:10,714 [17f9ea42-0da3-466f-953b-33021d7cf2c6-groupManagement] INFO  segmented.SegmentedRaftLogWorker (SegmentedRaftLogWorker.java:lambda$new$0(135)) - 17f9ea42-0da3-466f-953b-33021d7cf2c6@group-CBA28D4C7E1C-SegmentedRaftLogWorker: flushIndex: setUnconditionally 0 -> -1
2023-09-08 11:18:10,714 [17f9ea42-0da3-466f-953b-33021d7cf2c6-groupManagement] INFO  segmented.SegmentedRaftLogWorker (SegmentedRaftLogWorker.java:lambda$new$0(135)) - 17f9ea42-0da3-466f-953b-33021d7cf2c6@group-CBA28D4C7E1C-SegmentedRaftLogWorker: safeCacheEvictIndex: setUnconditionally 0 -> -1
2023-09-08 11:18:10,714 [17f9ea42-0da3-466f-953b-33021d7cf2c6-groupManagement] INFO  server.RaftServer$Division (RaftServerImpl.java:start(342)) - 17f9ea42-0da3-466f-953b-33021d7cf2c6@group-CBA28D4C7E1C: start as a follower, conf=-1: peers:[17f9ea42-0da3-466f-953b-33021d7cf2c6|rpc:10.1.0.72:15094|admin:10.1.0.72:15093|client:10.1.0.72:15092|dataStream:10.1.0.72:15095|priority:1|startupRole:FOLLOWER]|listeners:[], old=null
2023-09-08 11:18:10,714 [17f9ea42-0da3-466f-953b-33021d7cf2c6-groupManagement] INFO  server.RaftServer$Division (RaftServerImpl.java:setRole(329)) - 17f9ea42-0da3-466f-953b-33021d7cf2c6@group-CBA28D4C7E1C: changes role from      null to FOLLOWER at term 0 for startAsFollower
2023-09-08 11:18:10,714 [17f9ea42-0da3-466f-953b-33021d7cf2c6-groupManagement] INFO  impl.RoleInfo (RoleInfo.java:updateAndGet(139)) - 17f9ea42-0da3-466f-953b-33021d7cf2c6: start 17f9ea42-0da3-466f-953b-33021d7cf2c6@group-CBA28D4C7E1C-FollowerState
2023-09-08 11:18:10,715 [17f9ea42-0da3-466f-953b-33021d7cf2c6@group-CBA28D4C7E1C-FollowerState] INFO  server.RaftServerConfigKeys (ConfUtils.java:logFallback(53)) - raft.server.rpc.first-election.timeout.min = 5s (fallback to raft.server.rpc.timeout.min)
2023-09-08 11:18:10,715 [17f9ea42-0da3-466f-953b-33021d7cf2c6@group-CBA28D4C7E1C-FollowerState] INFO  server.RaftServerConfigKeys (ConfUtils.java:logFallback(53)) - raft.server.rpc.first-election.timeout.max = 5200ms (fallback to raft.server.rpc.timeout.max)
2023-09-08 11:18:10,716 [17f9ea42-0da3-466f-953b-33021d7cf2c6-groupManagement] INFO  util.JmxRegister (JmxRegister.java:tryRegister(44)) - Successfully registered JMX Bean with object name Ratis:service=RaftServer,group=group-CBA28D4C7E1C,id=17f9ea42-0da3-466f-953b-33021d7cf2c6
2023-09-08 11:18:10,716 [17f9ea42-0da3-466f-953b-33021d7cf2c6-groupManagement] INFO  server.RaftServerConfigKeys (ConfUtils.java:logGet(46)) - raft.server.snapshot.auto.trigger.enabled = true (custom)
2023-09-08 11:18:10,716 [17f9ea42-0da3-466f-953b-33021d7cf2c6-groupManagement] INFO  server.RaftServerConfigKeys (ConfUtils.java:logGet(46)) - raft.server.snapshot.auto.trigger.threshold = 10000 (custom)
2023-09-08 11:18:10,716 [17f9ea42-0da3-466f-953b-33021d7cf2c6-groupManagement] INFO  server.RaftServerConfigKeys (ConfUtils.java:logGet(46)) - raft.server.snapshot.retention.file.num = 5 (custom)
2023-09-08 11:18:10,716 [17f9ea42-0da3-466f-953b-33021d7cf2c6-groupManagement] INFO  server.RaftServerConfigKeys (ConfUtils.java:logGet(46)) - raft.server.log.purge.upto.snapshot.index = false (default)
2023-09-08 11:18:10,717 [PipelineCommandHandlerThread-0] INFO  ratis.XceiverServerRatis (XceiverServerRatis.java:addGroup(804)) - Created group PipelineID=631529a6-3bfb-49a1-9734-cba28d4c7e1c
2023-09-08 11:18:10,717 [PipelineCommandHandlerThread-0] INFO  commandhandler.CreatePipelineCommandHandler (CreatePipelineCommandHandler.java:lambda$handle$2(124)) - Created Pipeline RATIS ONE PipelineID=631529a6-3bfb-49a1-9734-cba28d4c7e1c.
2023-09-08 11:18:11,055 [main] INFO  ozone.MiniOzoneClusterImpl (MiniOzoneClusterImpl.java:lambda$waitForClusterToBeReady$0(224)) - Nodes are ready. Got 5 of 5 DN Heartbeats.
2023-09-08 11:18:11,055 [main] INFO  ozone.MiniOzoneClusterImpl (MiniOzoneClusterImpl.java:lambda$waitForClusterToBeReady$0(227)) - Waiting for cluster to exit safe mode
2023-09-08 11:18:11,055 [main] INFO  ozone.MiniOzoneClusterImpl (MiniOzoneClusterImpl.java:lambda$waitForClusterToBeReady$0(229)) - SCM became leader
2023-09-08 11:18:11,066 [PipelineCommandHandlerThread-0] INFO  server.RaftServer (RaftServerProxy.java:addNew(98)) - cc8e8696-e38e-4ced-9d90-ae7c9c418c99: addNew group-79A5F6026B9F:[cc8e8696-e38e-4ced-9d90-ae7c9c418c99|rpc:10.1.0.72:15103|admin:10.1.0.72:15102|client:10.1.0.72:15101|dataStream:10.1.0.72:15104|priority:1|startupRole:FOLLOWER] returns group-79A5F6026B9F:java.util.concurrent.CompletableFuture@470a1af8[Not completed]
2023-09-08 11:18:11,067 [cc8e8696-e38e-4ced-9d90-ae7c9c418c99-groupManagement] INFO  server.RaftServer$Division (RaftServerImpl.java:<init>(198)) - cc8e8696-e38e-4ced-9d90-ae7c9c418c99: new RaftServerImpl for group-79A5F6026B9F:[cc8e8696-e38e-4ced-9d90-ae7c9c418c99|rpc:10.1.0.72:15103|admin:10.1.0.72:15102|client:10.1.0.72:15101|dataStream:10.1.0.72:15104|priority:1|startupRole:FOLLOWER] with ContainerStateMachine:uninitialized
2023-09-08 11:18:11,068 [cc8e8696-e38e-4ced-9d90-ae7c9c418c99-groupManagement] INFO  server.RaftServerConfigKeys (ConfUtils.java:logGet(46)) - raft.server.rpc.timeout.min = 5s (custom)
2023-09-08 11:18:11,068 [cc8e8696-e38e-4ced-9d90-ae7c9c418c99-groupManagement] INFO  server.RaftServerConfigKeys (ConfUtils.java:logGet(46)) - raft.server.rpc.timeout.max = 5200ms (custom)
2023-09-08 11:18:11,068 [cc8e8696-e38e-4ced-9d90-ae7c9c418c99-groupManagement] INFO  server.RaftServerConfigKeys (ConfUtils.java:logGet(46)) - raft.server.rpc.sleep.time = 25ms (default)
2023-09-08 11:18:11,068 [cc8e8696-e38e-4ced-9d90-ae7c9c418c99-groupManagement] INFO  server.RaftServerConfigKeys (ConfUtils.java:logGet(46)) - raft.server.rpc.slowness.timeout = 300s (custom)
2023-09-08 11:18:11,068 [cc8e8696-e38e-4ced-9d90-ae7c9c418c99-groupManagement] INFO  server.RaftServerConfigKeys (ConfUtils.java:logGet(46)) - raft.server.leaderelection.leader.step-down.wait-time = 10s (default)
2023-09-08 11:18:11,068 [cc8e8696-e38e-4ced-9d90-ae7c9c418c99-groupManagement] INFO  server.RaftServerConfigKeys (ConfUtils.java:logGet(46)) - raft.server.sleep.deviation.threshold = 300ms (default)
2023-09-08 11:18:11,068 [cc8e8696-e38e-4ced-9d90-ae7c9c418c99-groupManagement] INFO  server.RaftServer$Division (ServerState.java:<init>(120)) - cc8e8696-e38e-4ced-9d90-ae7c9c418c99@group-79A5F6026B9F: ConfigurationManager, init=-1: peers:[cc8e8696-e38e-4ced-9d90-ae7c9c418c99|rpc:10.1.0.72:15103|admin:10.1.0.72:15102|client:10.1.0.72:15101|dataStream:10.1.0.72:15104|priority:1|startupRole:FOLLOWER]|listeners:[], old=null, confs=<EMPTY_MAP>
2023-09-08 11:18:11,068 [cc8e8696-e38e-4ced-9d90-ae7c9c418c99-groupManagement] INFO  server.RaftServerConfigKeys (ConfUtils.java:logGet(46)) - raft.server.storage.dir = [/home/runner/work/ozone/ozone/hadoop-ozone/integration-test/target/test-dir/MiniOzoneClusterImpl-fc42fee5-8bb2-43c7-8c2a-cc72dd658d38/datanode-4/data/ratis] (custom)
2023-09-08 11:18:11,068 [cc8e8696-e38e-4ced-9d90-ae7c9c418c99-groupManagement] INFO  server.RaftServerConfigKeys (ConfUtils.java:logGet(46)) - raft.server.log.corruption.policy = EXCEPTION (default)
2023-09-08 11:18:11,068 [cc8e8696-e38e-4ced-9d90-ae7c9c418c99-groupManagement] INFO  server.RaftServerConfigKeys (ConfUtils.java:logGet(46)) - raft.server.storage.free-space.min = 0MB (=0) (default)
2023-09-08 11:18:11,068 [cc8e8696-e38e-4ced-9d90-ae7c9c418c99-groupManagement] INFO  server.RaftServerConfigKeys (ConfUtils.java:logGet(46)) - raft.server.notification.no-leader.timeout = 300s (custom)
2023-09-08 11:18:11,068 [cc8e8696-e38e-4ced-9d90-ae7c9c418c99-groupManagement] INFO  server.RaftServerConfigKeys (ConfUtils.java:logGet(46)) - raft.server.read.timeout = 10s (default)
2023-09-08 11:18:11,068 [cc8e8696-e38e-4ced-9d90-ae7c9c418c99-groupManagement] INFO  server.RaftServerConfigKeys (ConfUtils.java:logGet(46)) - raft.server.retrycache.expirytime = 600000ms (custom)
2023-09-08 11:18:11,068 [cc8e8696-e38e-4ced-9d90-ae7c9c418c99-groupManagement] INFO  server.RaftServerConfigKeys (ConfUtils.java:logGet(46)) - raft.server.retrycache.statistics.expirytime = 100μs (default)
2023-09-08 11:18:11,069 [cc8e8696-e38e-4ced-9d90-ae7c9c418c99-groupManagement] INFO  server.RaftServerConfigKeys (ConfUtils.java:logGet(46)) - raft.server.read.option = DEFAULT (default)
2023-09-08 11:18:11,070 [cc8e8696-e38e-4ced-9d90-ae7c9c418c99-groupManagement] INFO  server.RaftServerConfigKeys (ConfUtils.java:logGet(46)) - raft.server.rpc.request.timeout = 60s (custom)
2023-09-08 11:18:11,070 [cc8e8696-e38e-4ced-9d90-ae7c9c418c99-groupManagement] INFO  server.RaftServerConfigKeys (ConfUtils.java:logGet(46)) - raft.server.log.appender.install.snapshot.enabled = false (custom)
2023-09-08 11:18:11,070 [cc8e8696-e38e-4ced-9d90-ae7c9c418c99-groupManagement] INFO  server.RaftServerConfigKeys (ConfUtils.java:logGet(46)) - raft.server.threadpool.server.cached = true (default)
2023-09-08 11:18:11,070 [cc8e8696-e38e-4ced-9d90-ae7c9c418c99-groupManagement] INFO  server.RaftServerConfigKeys (ConfUtils.java:logGet(46)) - raft.server.threadpool.server.size = 0 (default)
2023-09-08 11:18:11,070 [cc8e8696-e38e-4ced-9d90-ae7c9c418c99-groupManagement] INFO  server.RaftServerConfigKeys (ConfUtils.java:logGet(46)) - raft.server.threadpool.client.cached = true (default)
2023-09-08 11:18:11,070 [cc8e8696-e38e-4ced-9d90-ae7c9c418c99-groupManagement] INFO  server.RaftServerConfigKeys (ConfUtils.java:logGet(46)) - raft.server.threadpool.client.size = 0 (default)
2023-09-08 11:18:11,070 [cc8e8696-e38e-4ced-9d90-ae7c9c418c99-groupManagement] INFO  storage.RaftStorageDirectory (RaftStorageDirectoryImpl.java:analyzeStorage(137)) - The storage directory /home/runner/work/ozone/ozone/hadoop-ozone/integration-test/target/test-dir/MiniOzoneClusterImpl-fc42fee5-8bb2-43c7-8c2a-cc72dd658d38/datanode-4/data/ratis/859aeb8e-1801-453f-a1ff-79a5f6026b9f does not exist. Creating ...
2023-09-08 11:18:11,071 [cc8e8696-e38e-4ced-9d90-ae7c9c418c99-groupManagement] INFO  storage.RaftStorageDirectory (RaftStorageDirectoryImpl.java:tryLock(231)) - Lock on /home/runner/work/ozone/ozone/hadoop-ozone/integration-test/target/test-dir/MiniOzoneClusterImpl-fc42fee5-8bb2-43c7-8c2a-cc72dd658d38/datanode-4/data/ratis/859aeb8e-1801-453f-a1ff-79a5f6026b9f/in_use.lock acquired by nodename 7549@fv-az203-160
2023-09-08 11:18:11,073 [cc8e8696-e38e-4ced-9d90-ae7c9c418c99-groupManagement] INFO  storage.RaftStorage (RaftStorageImpl.java:format(96)) - Storage directory /home/runner/work/ozone/ozone/hadoop-ozone/integration-test/target/test-dir/MiniOzoneClusterImpl-fc42fee5-8bb2-43c7-8c2a-cc72dd658d38/datanode-4/data/ratis/859aeb8e-1801-453f-a1ff-79a5f6026b9f has been successfully formatted.
2023-09-08 11:18:11,075 [cc8e8696-e38e-4ced-9d90-ae7c9c418c99-groupManagement] INFO  ratis.ContainerStateMachine (ContainerStateMachine.java:loadSnapshot(262)) - group-79A5F6026B9F: The snapshot info is null. Setting the last applied indexto:(t:0, i:~)
2023-09-08 11:18:11,075 [cc8e8696-e38e-4ced-9d90-ae7c9c418c99-groupManagement] INFO  server.RaftServerConfigKeys (ConfUtils.java:logGet(46)) - raft.server.log.use.memory = false (default)
2023-09-08 11:18:11,075 [cc8e8696-e38e-4ced-9d90-ae7c9c418c99-groupManagement] INFO  server.RaftServerConfigKeys (ConfUtils.java:logGet(46)) - raft.server.log.purge.gap = 1000000 (custom)
2023-09-08 11:18:11,075 [cc8e8696-e38e-4ced-9d90-ae7c9c418c99-groupManagement] INFO  server.RaftServerConfigKeys (ConfUtils.java:logGet(46)) - raft.server.log.appender.buffer.byte-limit = 33554432 (custom)
2023-09-08 11:18:11,076 [cc8e8696-e38e-4ced-9d90-ae7c9c418c99-groupManagement] INFO  server.RaftServerConfigKeys (ConfUtils.java:logGet(46)) - raft.server.log.statemachine.data.read.timeout = 1000ms (default)
2023-09-08 11:18:11,076 [cc8e8696-e38e-4ced-9d90-ae7c9c418c99-groupManagement] INFO  server.RaftServerConfigKeys (ConfUtils.java:logGet(46)) - raft.server.log.purge.preservation.log.num = 0 (default)
2023-09-08 11:18:11,076 [cc8e8696-e38e-4ced-9d90-ae7c9c418c99-groupManagement] INFO  server.RaftServerConfigKeys (ConfUtils.java:logGet(46)) - raft.server.log.segment.size.max = 1048576 (custom)
2023-09-08 11:18:11,076 [cc8e8696-e38e-4ced-9d90-ae7c9c418c99-groupManagement] INFO  server.RaftServerConfigKeys (ConfUtils.java:logGet(46)) - raft.server.log.segment.cache.num.max = 2 (custom)
2023-09-08 11:18:11,076 [cc8e8696-e38e-4ced-9d90-ae7c9c418c99-groupManagement] INFO  server.RaftServerConfigKeys (ConfUtils.java:logGet(46)) - raft.server.log.segment.cache.size.max = 200MB (=209715200) (default)
2023-09-08 11:18:11,076 [cc8e8696-e38e-4ced-9d90-ae7c9c418c99-groupManagement] INFO  server.RaftServerConfigKeys (ConfUtils.java:logGet(46)) - raft.server.log.appender.buffer.byte-limit = 33554432 (custom)
2023-09-08 11:18:11,076 [cc8e8696-e38e-4ced-9d90-ae7c9c418c99-groupManagement] INFO  segmented.SegmentedRaftLogWorker (SegmentedRaftLogWorker.java:<init>(188)) - new cc8e8696-e38e-4ced-9d90-ae7c9c418c99@group-79A5F6026B9F-SegmentedRaftLogWorker for RaftStorageImpl:Storage Directory /home/runner/work/ozone/ozone/hadoop-ozone/integration-test/target/test-dir/MiniOzoneClusterImpl-fc42fee5-8bb2-43c7-8c2a-cc72dd658d38/datanode-4/data/ratis/859aeb8e-1801-453f-a1ff-79a5f6026b9f
2023-09-08 11:18:11,076 [cc8e8696-e38e-4ced-9d90-ae7c9c418c99-groupManagement] INFO  server.RaftServerConfigKeys (ConfUtils.java:logGet(46)) - raft.server.log.queue.byte-limit = 4294967296 (custom)
2023-09-08 11:18:11,076 [cc8e8696-e38e-4ced-9d90-ae7c9c418c99-groupManagement] INFO  server.RaftServerConfigKeys (ConfUtils.java:logGet(46)) - raft.server.log.queue.element-limit = 1024 (custom)
2023-09-08 11:18:11,076 [cc8e8696-e38e-4ced-9d90-ae7c9c418c99-groupManagement] INFO  server.RaftServerConfigKeys (ConfUtils.java:logGet(46)) - raft.server.log.segment.size.max = 1048576 (custom)
2023-09-08 11:18:11,076 [cc8e8696-e38e-4ced-9d90-ae7c9c418c99-groupManagement] INFO  server.RaftServerConfigKeys (ConfUtils.java:logGet(46)) - raft.server.log.preallocated.size = 16384 (custom)
2023-09-08 11:18:11,076 [cc8e8696-e38e-4ced-9d90-ae7c9c418c99-groupManagement] INFO  server.RaftServerConfigKeys (ConfUtils.java:logGet(46)) - raft.server.log.force.sync.num = 128 (default)
2023-09-08 11:18:11,077 [cc8e8696-e38e-4ced-9d90-ae7c9c418c99-groupManagement] INFO  server.RaftServerConfigKeys (ConfUtils.java:logGet(46)) - raft.server.log.statemachine.data.sync = true (default)
2023-09-08 11:18:11,077 [cc8e8696-e38e-4ced-9d90-ae7c9c418c99-groupManagement] INFO  server.RaftServerConfigKeys (ConfUtils.java:logGet(46)) - raft.server.log.statemachine.data.sync.timeout = 10s (default)
2023-09-08 11:18:11,077 [cc8e8696-e38e-4ced-9d90-ae7c9c418c99-groupManagement] INFO  server.RaftServerConfigKeys (ConfUtils.java:logGet(46)) - raft.server.log.statemachine.data.sync.timeout.retry = -1 (default)
2023-09-08 11:18:11,077 [EventQueue-PipelineReportForPipelineReportHandler] INFO  pipeline.PipelineReportHandler (PipelineReportHandler.java:processPipelineReport(136)) - Opened pipeline PipelineID=859aeb8e-1801-453f-a1ff-79a5f6026b9f
2023-09-08 11:18:11,077 [EventQueue-OpenPipelineForHealthyPipelineSafeModeRule] INFO  safemode.SCMSafeModeManager (HealthyPipelineSafeModeRule.java:process(137)) - SCM in safe mode. Healthy pipelines reported count is 0, required healthy pipeline reported count is 1
2023-09-08 11:18:11,077 [cc8e8696-e38e-4ced-9d90-ae7c9c418c99-groupManagement] INFO  server.RaftServerConfigKeys (ConfUtils.java:logGet(46)) - raft.server.log.write.buffer.size = 1048576 (custom)
2023-09-08 11:18:11,078 [cc8e8696-e38e-4ced-9d90-ae7c9c418c99-groupManagement] INFO  server.RaftServerConfigKeys (ConfUtils.java:logGet(46)) - raft.server.log.appender.buffer.byte-limit = 33554432 (custom)
2023-09-08 11:18:11,083 [cc8e8696-e38e-4ced-9d90-ae7c9c418c99-groupManagement] INFO  server.RaftServerConfigKeys (ConfUtils.java:logGet(46)) - raft.server.log.unsafe-flush.enabled = false (default)
2023-09-08 11:18:11,083 [cc8e8696-e38e-4ced-9d90-ae7c9c418c99-groupManagement] INFO  server.RaftServerConfigKeys (ConfUtils.java:logGet(46)) - raft.server.log.async-flush.enabled = false (default)
2023-09-08 11:18:11,083 [cc8e8696-e38e-4ced-9d90-ae7c9c418c99-groupManagement] INFO  server.RaftServerConfigKeys (ConfUtils.java:logGet(46)) - raft.server.log.statemachine.data.caching.enabled = true (custom)
2023-09-08 11:18:11,084 [cc8e8696-e38e-4ced-9d90-ae7c9c418c99-groupManagement] INFO  segmented.SegmentedRaftLogWorker (SegmentedRaftLogWorker.java:lambda$new$0(135)) - cc8e8696-e38e-4ced-9d90-ae7c9c418c99@group-79A5F6026B9F-SegmentedRaftLogWorker: flushIndex: setUnconditionally 0 -> -1
2023-09-08 11:18:11,084 [cc8e8696-e38e-4ced-9d90-ae7c9c418c99-groupManagement] INFO  segmented.SegmentedRaftLogWorker (SegmentedRaftLogWorker.java:lambda$new$0(135)) - cc8e8696-e38e-4ced-9d90-ae7c9c418c99@group-79A5F6026B9F-SegmentedRaftLogWorker: safeCacheEvictIndex: setUnconditionally 0 -> -1
2023-09-08 11:18:11,084 [cc8e8696-e38e-4ced-9d90-ae7c9c418c99-groupManagement] INFO  server.RaftServer$Division (RaftServerImpl.java:start(342)) - cc8e8696-e38e-4ced-9d90-ae7c9c418c99@group-79A5F6026B9F: start as a follower, conf=-1: peers:[cc8e8696-e38e-4ced-9d90-ae7c9c418c99|rpc:10.1.0.72:15103|admin:10.1.0.72:15102|client:10.1.0.72:15101|dataStream:10.1.0.72:15104|priority:1|startupRole:FOLLOWER]|listeners:[], old=null
2023-09-08 11:18:11,084 [cc8e8696-e38e-4ced-9d90-ae7c9c418c99-groupManagement] INFO  server.RaftServer$Division (RaftServerImpl.java:setRole(329)) - cc8e8696-e38e-4ced-9d90-ae7c9c418c99@group-79A5F6026B9F: changes role from      null to FOLLOWER at term 0 for startAsFollower
2023-09-08 11:18:11,084 [cc8e8696-e38e-4ced-9d90-ae7c9c418c99-groupManagement] INFO  impl.RoleInfo (RoleInfo.java:updateAndGet(139)) - cc8e8696-e38e-4ced-9d90-ae7c9c418c99: start cc8e8696-e38e-4ced-9d90-ae7c9c418c99@group-79A5F6026B9F-FollowerState
2023-09-08 11:18:11,087 [cc8e8696-e38e-4ced-9d90-ae7c9c418c99-groupManagement] INFO  util.JmxRegister (JmxRegister.java:tryRegister(44)) - Successfully registered JMX Bean with object name Ratis:service=RaftServer,group=group-79A5F6026B9F,id=cc8e8696-e38e-4ced-9d90-ae7c9c418c99
2023-09-08 11:18:11,087 [cc8e8696-e38e-4ced-9d90-ae7c9c418c99-groupManagement] INFO  server.RaftServerConfigKeys (ConfUtils.java:logGet(46)) - raft.server.snapshot.auto.trigger.enabled = true (custom)
2023-09-08 11:18:11,087 [cc8e8696-e38e-4ced-9d90-ae7c9c418c99-groupManagement] INFO  server.RaftServerConfigKeys (ConfUtils.java:logGet(46)) - raft.server.snapshot.auto.trigger.threshold = 10000 (custom)
2023-09-08 11:18:11,087 [cc8e8696-e38e-4ced-9d90-ae7c9c418c99-groupManagement] INFO  server.RaftServerConfigKeys (ConfUtils.java:logGet(46)) - raft.server.snapshot.retention.file.num = 5 (custom)
2023-09-08 11:18:11,087 [cc8e8696-e38e-4ced-9d90-ae7c9c418c99-groupManagement] INFO  server.RaftServerConfigKeys (ConfUtils.java:logGet(46)) - raft.server.log.purge.upto.snapshot.index = false (default)
2023-09-08 11:18:11,090 [cc8e8696-e38e-4ced-9d90-ae7c9c418c99@group-79A5F6026B9F-FollowerState] INFO  server.RaftServerConfigKeys (ConfUtils.java:logFallback(53)) - raft.server.rpc.first-election.timeout.min = 5s (fallback to raft.server.rpc.timeout.min)
2023-09-08 11:18:11,090 [cc8e8696-e38e-4ced-9d90-ae7c9c418c99@group-79A5F6026B9F-FollowerState] INFO  server.RaftServerConfigKeys (ConfUtils.java:logFallback(53)) - raft.server.rpc.first-election.timeout.max = 5200ms (fallback to raft.server.rpc.timeout.max)
2023-09-08 11:18:11,091 [PipelineCommandHandlerThread-0] INFO  ratis.XceiverServerRatis (XceiverServerRatis.java:addGroup(804)) - Created group PipelineID=859aeb8e-1801-453f-a1ff-79a5f6026b9f
2023-09-08 11:18:11,091 [PipelineCommandHandlerThread-0] INFO  commandhandler.CreatePipelineCommandHandler (CreatePipelineCommandHandler.java:lambda$handle$2(124)) - Created Pipeline RATIS ONE PipelineID=859aeb8e-1801-453f-a1ff-79a5f6026b9f.
2023-09-08 11:18:12,056 [main] INFO  ozone.MiniOzoneClusterImpl (MiniOzoneClusterImpl.java:lambda$waitForClusterToBeReady$0(224)) - Nodes are ready. Got 5 of 5 DN Heartbeats.
2023-09-08 11:18:12,056 [main] INFO  ozone.MiniOzoneClusterImpl (MiniOzoneClusterImpl.java:lambda$waitForClusterToBeReady$0(227)) - Waiting for cluster to exit safe mode
2023-09-08 11:18:12,056 [main] INFO  ozone.MiniOzoneClusterImpl (MiniOzoneClusterImpl.java:lambda$waitForClusterToBeReady$0(229)) - SCM became leader
2023-09-08 11:18:13,056 [main] INFO  ozone.MiniOzoneClusterImpl (MiniOzoneClusterImpl.java:lambda$waitForClusterToBeReady$0(224)) - Nodes are ready. Got 5 of 5 DN Heartbeats.
2023-09-08 11:18:13,057 [main] INFO  ozone.MiniOzoneClusterImpl (MiniOzoneClusterImpl.java:lambda$waitForClusterToBeReady$0(227)) - Waiting for cluster to exit safe mode
2023-09-08 11:18:13,057 [main] INFO  ozone.MiniOzoneClusterImpl (MiniOzoneClusterImpl.java:lambda$waitForClusterToBeReady$0(229)) - SCM became leader
2023-09-08 11:18:14,057 [main] INFO  ozone.MiniOzoneClusterImpl (MiniOzoneClusterImpl.java:lambda$waitForClusterToBeReady$0(224)) - Nodes are ready. Got 5 of 5 DN Heartbeats.
2023-09-08 11:18:14,057 [main] INFO  ozone.MiniOzoneClusterImpl (MiniOzoneClusterImpl.java:lambda$waitForClusterToBeReady$0(227)) - Waiting for cluster to exit safe mode
2023-09-08 11:18:14,057 [main] INFO  ozone.MiniOzoneClusterImpl (MiniOzoneClusterImpl.java:lambda$waitForClusterToBeReady$0(229)) - SCM became leader
2023-09-08 11:18:14,678 [250abfd1-bd23-40f0-a4b0-f7070b21e986@group-0148662441ED-FollowerState] INFO  impl.FollowerState (FollowerState.java:run(143)) - 250abfd1-bd23-40f0-a4b0-f7070b21e986@group-0148662441ED-FollowerState: change to CANDIDATE, lastRpcElapsedTime:5074585440ns, electionTimeout:5073ms
2023-09-08 11:18:14,678 [250abfd1-bd23-40f0-a4b0-f7070b21e986@group-8F03CE2A9CEC-FollowerState] INFO  impl.FollowerState (FollowerState.java:run(143)) - 250abfd1-bd23-40f0-a4b0-f7070b21e986@group-8F03CE2A9CEC-FollowerState: change to CANDIDATE, lastRpcElapsedTime:5093892151ns, electionTimeout:5093ms
2023-09-08 11:18:14,678 [250abfd1-bd23-40f0-a4b0-f7070b21e986@group-0148662441ED-FollowerState] INFO  impl.RoleInfo (RoleInfo.java:shutdownFollowerState(110)) - 250abfd1-bd23-40f0-a4b0-f7070b21e986: shutdown 250abfd1-bd23-40f0-a4b0-f7070b21e986@group-0148662441ED-FollowerState
2023-09-08 11:18:14,678 [250abfd1-bd23-40f0-a4b0-f7070b21e986@group-0148662441ED-FollowerState] INFO  server.RaftServer$Division (RaftServerImpl.java:setRole(329)) - 250abfd1-bd23-40f0-a4b0-f7070b21e986@group-0148662441ED: changes role from  FOLLOWER to CANDIDATE at term 0 for changeToCandidate
2023-09-08 11:18:14,678 [250abfd1-bd23-40f0-a4b0-f7070b21e986@group-8F03CE2A9CEC-FollowerState] INFO  impl.RoleInfo (RoleInfo.java:shutdownFollowerState(110)) - 250abfd1-bd23-40f0-a4b0-f7070b21e986: shutdown 250abfd1-bd23-40f0-a4b0-f7070b21e986@group-8F03CE2A9CEC-FollowerState
2023-09-08 11:18:14,679 [250abfd1-bd23-40f0-a4b0-f7070b21e986@group-8F03CE2A9CEC-FollowerState] INFO  server.RaftServer$Division (RaftServerImpl.java:setRole(329)) - 250abfd1-bd23-40f0-a4b0-f7070b21e986@group-8F03CE2A9CEC: changes role from  FOLLOWER to CANDIDATE at term 0 for changeToCandidate
2023-09-08 11:18:14,679 [250abfd1-bd23-40f0-a4b0-f7070b21e986@group-0148662441ED-FollowerState] INFO  server.RaftServerConfigKeys (ConfUtils.java:logGet(46)) - raft.server.leaderelection.pre-vote = true (default)
2023-09-08 11:18:14,679 [250abfd1-bd23-40f0-a4b0-f7070b21e986@group-8F03CE2A9CEC-FollowerState] INFO  server.RaftServerConfigKeys (ConfUtils.java:logGet(46)) - raft.server.leaderelection.pre-vote = true (default)
2023-09-08 11:18:14,679 [250abfd1-bd23-40f0-a4b0-f7070b21e986@group-8F03CE2A9CEC-FollowerState] INFO  impl.RoleInfo (RoleInfo.java:updateAndGet(139)) - 250abfd1-bd23-40f0-a4b0-f7070b21e986: start 250abfd1-bd23-40f0-a4b0-f7070b21e986@group-8F03CE2A9CEC-LeaderElection13
2023-09-08 11:18:14,679 [250abfd1-bd23-40f0-a4b0-f7070b21e986@group-0148662441ED-FollowerState] INFO  impl.RoleInfo (RoleInfo.java:updateAndGet(139)) - 250abfd1-bd23-40f0-a4b0-f7070b21e986: start 250abfd1-bd23-40f0-a4b0-f7070b21e986@group-0148662441ED-LeaderElection12
2023-09-08 11:18:14,688 [250abfd1-bd23-40f0-a4b0-f7070b21e986@group-8F03CE2A9CEC-LeaderElection13] INFO  impl.LeaderElection (LeaderElection.java:askForVotes(321)) - 250abfd1-bd23-40f0-a4b0-f7070b21e986@group-8F03CE2A9CEC-LeaderElection13 PRE_VOTE round 0: submit vote requests at term 0 for -1: peers:[250abfd1-bd23-40f0-a4b0-f7070b21e986|rpc:10.1.0.72:15067|admin:10.1.0.72:15066|client:10.1.0.72:15065|dataStream:10.1.0.72:15068|priority:1|startupRole:FOLLOWER]|listeners:[], old=null
2023-09-08 11:18:14,688 [250abfd1-bd23-40f0-a4b0-f7070b21e986@group-8F03CE2A9CEC-LeaderElection13] INFO  impl.LeaderElection (LeaderElection.java:askForVotes(323)) - 250abfd1-bd23-40f0-a4b0-f7070b21e986@group-8F03CE2A9CEC-LeaderElection13 PRE_VOTE round 0: result PASSED (term=0)
2023-09-08 11:18:14,691 [250abfd1-bd23-40f0-a4b0-f7070b21e986@group-8F03CE2A9CEC-LeaderElection13] INFO  impl.LeaderElection (LeaderElection.java:askForVotes(321)) - 250abfd1-bd23-40f0-a4b0-f7070b21e986@group-8F03CE2A9CEC-LeaderElection13 ELECTION round 0: submit vote requests at term 1 for -1: peers:[250abfd1-bd23-40f0-a4b0-f7070b21e986|rpc:10.1.0.72:15067|admin:10.1.0.72:15066|client:10.1.0.72:15065|dataStream:10.1.0.72:15068|priority:1|startupRole:FOLLOWER]|listeners:[], old=null
2023-09-08 11:18:14,691 [250abfd1-bd23-40f0-a4b0-f7070b21e986@group-8F03CE2A9CEC-LeaderElection13] INFO  impl.LeaderElection (LeaderElection.java:askForVotes(323)) - 250abfd1-bd23-40f0-a4b0-f7070b21e986@group-8F03CE2A9CEC-LeaderElection13 ELECTION round 0: result PASSED (term=1)
2023-09-08 11:18:14,691 [250abfd1-bd23-40f0-a4b0-f7070b21e986@group-8F03CE2A9CEC-LeaderElection13] INFO  impl.RoleInfo (RoleInfo.java:shutdownLeaderElection(130)) - 250abfd1-bd23-40f0-a4b0-f7070b21e986: shutdown 250abfd1-bd23-40f0-a4b0-f7070b21e986@group-8F03CE2A9CEC-LeaderElection13
2023-09-08 11:18:14,691 [250abfd1-bd23-40f0-a4b0-f7070b21e986@group-8F03CE2A9CEC-LeaderElection13] INFO  server.RaftServer$Division (RaftServerImpl.java:setRole(329)) - 250abfd1-bd23-40f0-a4b0-f7070b21e986@group-8F03CE2A9CEC: changes role from CANDIDATE to LEADER at term 1 for changeToLeader
2023-09-08 11:18:14,691 [250abfd1-bd23-40f0-a4b0-f7070b21e986@group-8F03CE2A9CEC-LeaderElection13] INFO  ratis.XceiverServerRatis (XceiverServerRatis.java:handleLeaderChangedNotification(902)) - Leader change notification received for group: group-8F03CE2A9CEC with new leaderId: 250abfd1-bd23-40f0-a4b0-f7070b21e986
2023-09-08 11:18:14,691 [250abfd1-bd23-40f0-a4b0-f7070b21e986@group-8F03CE2A9CEC-LeaderElection13] INFO  server.RaftServer$Division (ServerState.java:setLeader(317)) - 250abfd1-bd23-40f0-a4b0-f7070b21e986@group-8F03CE2A9CEC: change Leader from null to 250abfd1-bd23-40f0-a4b0-f7070b21e986 at term 1 for becomeLeader, leader elected after 5126ms
2023-09-08 11:18:14,691 [250abfd1-bd23-40f0-a4b0-f7070b21e986@group-8F03CE2A9CEC-LeaderElection13] INFO  server.RaftServerConfigKeys (ConfUtils.java:logGet(46)) - raft.server.staging.catchup.gap = 1000 (default)
2023-09-08 11:18:14,692 [250abfd1-bd23-40f0-a4b0-f7070b21e986@group-8F03CE2A9CEC-LeaderElection13] INFO  server.RaftServerConfigKeys (ConfUtils.java:logGet(46)) - raft.server.write.element-limit = 1024 (custom)
2023-09-08 11:18:14,692 [250abfd1-bd23-40f0-a4b0-f7070b21e986@group-0148662441ED-LeaderElection12] INFO  impl.LeaderElection (LeaderElection.java:askForVotes(321)) - 250abfd1-bd23-40f0-a4b0-f7070b21e986@group-0148662441ED-LeaderElection12 PRE_VOTE round 0: submit vote requests at term 0 for -1: peers:[250abfd1-bd23-40f0-a4b0-f7070b21e986|rpc:10.1.0.72:15067|admin:10.1.0.72:15066|client:10.1.0.72:15065|dataStream:10.1.0.72:15068|priority:0|startupRole:FOLLOWER, 31c5dcde-db57-40d7-a24d-ec5de7583a50|rpc:10.1.0.72:15076|admin:10.1.0.72:15075|client:10.1.0.72:15074|dataStream:10.1.0.72:15077|priority:1|startupRole:FOLLOWER, e7773167-2049-479c-a584-e45e7fe0d5b5|rpc:10.1.0.72:15085|admin:10.1.0.72:15084|client:10.1.0.72:15083|dataStream:10.1.0.72:15086|priority:0|startupRole:FOLLOWER]|listeners:[], old=null
2023-09-08 11:18:14,693 [EventQueue-OpenPipelineForHealthyPipelineSafeModeRule] INFO  safemode.SCMSafeModeManager (HealthyPipelineSafeModeRule.java:process(137)) - SCM in safe mode. Healthy pipelines reported count is 0, required healthy pipeline reported count is 1
2023-09-08 11:18:14,693 [250abfd1-bd23-40f0-a4b0-f7070b21e986@group-8F03CE2A9CEC-LeaderElection13] INFO  server.RaftServerConfigKeys (ConfUtils.java:logGet(46)) - raft.server.write.byte-limit = 1024 M (=1073741824) (custom)
2023-09-08 11:18:14,693 [250abfd1-bd23-40f0-a4b0-f7070b21e986@group-8F03CE2A9CEC-LeaderElection13] INFO  server.RaftServerConfigKeys (ConfUtils.java:logGet(46)) - raft.server.watch.timeout = 180s (custom)
2023-09-08 11:18:14,694 [250abfd1-bd23-40f0-a4b0-f7070b21e986@group-8F03CE2A9CEC-LeaderElection13] INFO  server.RaftServerConfigKeys (ConfUtils.java:logGet(46)) - raft.server.watch.timeout.denomination = 1s (default)
2023-09-08 11:18:14,694 [250abfd1-bd23-40f0-a4b0-f7070b21e986@group-8F03CE2A9CEC-LeaderElection13] INFO  server.RaftServerConfigKeys (ConfUtils.java:logGet(46)) - raft.server.watch.element-limit = 65536 (default)
2023-09-08 11:18:14,694 [250abfd1-bd23-40f0-a4b0-f7070b21e986@group-8F03CE2A9CEC-LeaderElection13] INFO  server.RaftServerConfigKeys (ConfUtils.java:logGet(46)) - raft.server.write.element-limit = 1024 (custom)
2023-09-08 11:18:14,694 [250abfd1-bd23-40f0-a4b0-f7070b21e986@group-0148662441ED-LeaderElection12-1] INFO  server.GrpcServerProtocolClient (GrpcServerProtocolClient.java:<init>(65)) - Build channel for 31c5dcde-db57-40d7-a24d-ec5de7583a50
2023-09-08 11:18:14,694 [250abfd1-bd23-40f0-a4b0-f7070b21e986@group-0148662441ED-LeaderElection12] INFO  server.RaftServerConfigKeys (ConfUtils.java:logFallback(53)) - raft.server.rpc.first-election.timeout.min = 5s (fallback to raft.server.rpc.timeout.min)
2023-09-08 11:18:14,694 [250abfd1-bd23-40f0-a4b0-f7070b21e986@group-0148662441ED-LeaderElection12] INFO  server.RaftServerConfigKeys (ConfUtils.java:logFallback(53)) - raft.server.rpc.first-election.timeout.max = 5200ms (fallback to raft.server.rpc.timeout.max)
2023-09-08 11:18:14,694 [250abfd1-bd23-40f0-a4b0-f7070b21e986@group-8F03CE2A9CEC-LeaderElection13] INFO  server.RaftServerConfigKeys (ConfUtils.java:logGet(46)) - raft.server.write.follower.gap.ratio.max = -1.0 (default)
2023-09-08 11:18:14,695 [250abfd1-bd23-40f0-a4b0-f7070b21e986@group-8F03CE2A9CEC-LeaderElection13] INFO  impl.RoleInfo (RoleInfo.java:updateAndGet(139)) - 250abfd1-bd23-40f0-a4b0-f7070b21e986: start 250abfd1-bd23-40f0-a4b0-f7070b21e986@group-8F03CE2A9CEC-LeaderStateImpl
2023-09-08 11:18:14,695 [250abfd1-bd23-40f0-a4b0-f7070b21e986@group-8F03CE2A9CEC-LeaderElection13] INFO  segmented.SegmentedRaftLogWorker (SegmentedRaftLogWorker.java:startLogSegment(447)) - 250abfd1-bd23-40f0-a4b0-f7070b21e986@group-8F03CE2A9CEC-SegmentedRaftLogWorker: Starting segment from index:0
2023-09-08 11:18:14,696 [250abfd1-bd23-40f0-a4b0-f7070b21e986@group-0148662441ED-LeaderElection12-2] INFO  server.GrpcServerProtocolClient (GrpcServerProtocolClient.java:<init>(65)) - Build channel for e7773167-2049-479c-a584-e45e7fe0d5b5
2023-09-08 11:18:14,697 [250abfd1-bd23-40f0-a4b0-f7070b21e986@group-8F03CE2A9CEC-SegmentedRaftLogWorker] INFO  segmented.SegmentedRaftLogWorker (SegmentedRaftLogWorker.java:execute(651)) - 250abfd1-bd23-40f0-a4b0-f7070b21e986@group-8F03CE2A9CEC-SegmentedRaftLogWorker: created new log segment /home/runner/work/ozone/ozone/hadoop-ozone/integration-test/target/test-dir/MiniOzoneClusterImpl-fc42fee5-8bb2-43c7-8c2a-cc72dd658d38/datanode-0/data/ratis/1cb03a45-e29c-4dc9-bdfe-8f03ce2a9cec/current/log_inprogress_0
2023-09-08 11:18:14,716 [grpc-default-executor-0] INFO  server.RaftServer$Division (RaftServerImpl.java:requestVote(1302)) - e7773167-2049-479c-a584-e45e7fe0d5b5@group-0148662441ED: receive requestVote(PRE_VOTE, 250abfd1-bd23-40f0-a4b0-f7070b21e986, group-0148662441ED, 0, (t:0, i:0))
2023-09-08 11:18:14,717 [grpc-default-executor-0] INFO  impl.VoteContext (VoteContext.java:log(49)) - e7773167-2049-479c-a584-e45e7fe0d5b5@group-0148662441ED-FOLLOWER: accept PRE_VOTE from 250abfd1-bd23-40f0-a4b0-f7070b21e986: our priority 0 <= candidate's priority 0
2023-09-08 11:18:14,717 [grpc-default-executor-0] INFO  server.RaftServer$Division (RaftServerImpl.java:requestVote(1335)) - e7773167-2049-479c-a584-e45e7fe0d5b5@group-0148662441ED replies to PRE_VOTE vote request: 250abfd1-bd23-40f0-a4b0-f7070b21e986<-e7773167-2049-479c-a584-e45e7fe0d5b5#0:OK-t0. Peer's state: e7773167-2049-479c-a584-e45e7fe0d5b5@group-0148662441ED:t0, leader=null, voted=, raftlog=Memoized:e7773167-2049-479c-a584-e45e7fe0d5b5@group-0148662441ED-SegmentedRaftLog:OPENED:c-1, conf=-1: peers:[250abfd1-bd23-40f0-a4b0-f7070b21e986|rpc:10.1.0.72:15067|admin:10.1.0.72:15066|client:10.1.0.72:15065|dataStream:10.1.0.72:15068|priority:0|startupRole:FOLLOWER, 31c5dcde-db57-40d7-a24d-ec5de7583a50|rpc:10.1.0.72:15076|admin:10.1.0.72:15075|client:10.1.0.72:15074|dataStream:10.1.0.72:15077|priority:1|startupRole:FOLLOWER, e7773167-2049-479c-a584-e45e7fe0d5b5|rpc:10.1.0.72:15085|admin:10.1.0.72:15084|client:10.1.0.72:15083|dataStream:10.1.0.72:15086|priority:0|startupRole:FOLLOWER]|listeners:[], old=null
2023-09-08 11:18:14,719 [250abfd1-bd23-40f0-a4b0-f7070b21e986@group-8F03CE2A9CEC-LeaderElection13] INFO  server.RaftServer$Division (ServerState.java:setRaftConf(434)) - 250abfd1-bd23-40f0-a4b0-f7070b21e986@group-8F03CE2A9CEC: set configuration 0: peers:[250abfd1-bd23-40f0-a4b0-f7070b21e986|rpc:10.1.0.72:15067|admin:10.1.0.72:15066|client:10.1.0.72:15065|dataStream:10.1.0.72:15068|priority:1|startupRole:FOLLOWER]|listeners:[], old=null
2023-09-08 11:18:14,725 [grpc-default-executor-0] INFO  server.RaftServer$Division (RaftServerImpl.java:requestVote(1302)) - 31c5dcde-db57-40d7-a24d-ec5de7583a50@group-0148662441ED: receive requestVote(PRE_VOTE, 250abfd1-bd23-40f0-a4b0-f7070b21e986, group-0148662441ED, 0, (t:0, i:0))
2023-09-08 11:18:14,725 [grpc-default-executor-0] INFO  impl.VoteContext (VoteContext.java:log(49)) - 31c5dcde-db57-40d7-a24d-ec5de7583a50@group-0148662441ED-FOLLOWER: reject PRE_VOTE from 250abfd1-bd23-40f0-a4b0-f7070b21e986: our priority 1 > candidate's priority 0
2023-09-08 11:18:14,726 [grpc-default-executor-0] INFO  server.RaftServer$Division (RaftServerImpl.java:requestVote(1335)) - 31c5dcde-db57-40d7-a24d-ec5de7583a50@group-0148662441ED replies to PRE_VOTE vote request: 250abfd1-bd23-40f0-a4b0-f7070b21e986<-31c5dcde-db57-40d7-a24d-ec5de7583a50#0:FAIL-t0. Peer's state: 31c5dcde-db57-40d7-a24d-ec5de7583a50@group-0148662441ED:t0, leader=null, voted=, raftlog=Memoized:31c5dcde-db57-40d7-a24d-ec5de7583a50@group-0148662441ED-SegmentedRaftLog:OPENED:c-1, conf=-1: peers:[250abfd1-bd23-40f0-a4b0-f7070b21e986|rpc:10.1.0.72:15067|admin:10.1.0.72:15066|client:10.1.0.72:15065|dataStream:10.1.0.72:15068|priority:0|startupRole:FOLLOWER, 31c5dcde-db57-40d7-a24d-ec5de7583a50|rpc:10.1.0.72:15076|admin:10.1.0.72:15075|client:10.1.0.72:15074|dataStream:10.1.0.72:15077|priority:1|startupRole:FOLLOWER, e7773167-2049-479c-a584-e45e7fe0d5b5|rpc:10.1.0.72:15085|admin:10.1.0.72:15084|client:10.1.0.72:15083|dataStream:10.1.0.72:15086|priority:0|startupRole:FOLLOWER]|listeners:[], old=null
2023-09-08 11:18:14,728 [250abfd1-bd23-40f0-a4b0-f7070b21e986@group-0148662441ED-LeaderElection12] INFO  impl.LeaderElection (LeaderElection.java:logAndReturn(90)) - 250abfd1-bd23-40f0-a4b0-f7070b21e986@group-0148662441ED-LeaderElection12: PRE_VOTE REJECTED received 2 response(s) and 0 exception(s):
2023-09-08 11:18:14,728 [250abfd1-bd23-40f0-a4b0-f7070b21e986@group-0148662441ED-LeaderElection12] INFO  impl.LeaderElection (LeaderElection.java:logAndReturn(94)) -   Response 0: 250abfd1-bd23-40f0-a4b0-f7070b21e986<-31c5dcde-db57-40d7-a24d-ec5de7583a50#0:FAIL-t0
2023-09-08 11:18:14,728 [250abfd1-bd23-40f0-a4b0-f7070b21e986@group-0148662441ED-LeaderElection12] INFO  impl.LeaderElection (LeaderElection.java:logAndReturn(94)) -   Response 1: 250abfd1-bd23-40f0-a4b0-f7070b21e986<-e7773167-2049-479c-a584-e45e7fe0d5b5#0:OK-t0
2023-09-08 11:18:14,728 [250abfd1-bd23-40f0-a4b0-f7070b21e986@group-0148662441ED-LeaderElection12] INFO  impl.LeaderElection (LeaderElection.java:askForVotes(323)) - 250abfd1-bd23-40f0-a4b0-f7070b21e986@group-0148662441ED-LeaderElection12 PRE_VOTE round 0: result REJECTED
2023-09-08 11:18:14,728 [250abfd1-bd23-40f0-a4b0-f7070b21e986@group-0148662441ED-LeaderElection12] INFO  server.RaftServer$Division (RaftServerImpl.java:setRole(329)) - 250abfd1-bd23-40f0-a4b0-f7070b21e986@group-0148662441ED: changes role from CANDIDATE to FOLLOWER at term 0 for REJECTED
2023-09-08 11:18:14,728 [250abfd1-bd23-40f0-a4b0-f7070b21e986@group-0148662441ED-LeaderElection12] INFO  impl.RoleInfo (RoleInfo.java:shutdownLeaderElection(130)) - 250abfd1-bd23-40f0-a4b0-f7070b21e986: shutdown 250abfd1-bd23-40f0-a4b0-f7070b21e986@group-0148662441ED-LeaderElection12
2023-09-08 11:18:14,728 [250abfd1-bd23-40f0-a4b0-f7070b21e986@group-0148662441ED-LeaderElection12] INFO  impl.RoleInfo (RoleInfo.java:updateAndGet(139)) - 250abfd1-bd23-40f0-a4b0-f7070b21e986: start 250abfd1-bd23-40f0-a4b0-f7070b21e986@group-0148662441ED-FollowerState
2023-09-08 11:18:14,778 [250abfd1-bd23-40f0-a4b0-f7070b21e986@group-120BE6A4A936-FollowerState] INFO  impl.FollowerState (FollowerState.java:run(143)) - 250abfd1-bd23-40f0-a4b0-f7070b21e986@group-120BE6A4A936-FollowerState: change to CANDIDATE, lastRpcElapsedTime:5024300387ns, electionTimeout:5022ms
2023-09-08 11:18:14,778 [250abfd1-bd23-40f0-a4b0-f7070b21e986@group-120BE6A4A936-FollowerState] INFO  impl.RoleInfo (RoleInfo.java:shutdownFollowerState(110)) - 250abfd1-bd23-40f0-a4b0-f7070b21e986: shutdown 250abfd1-bd23-40f0-a4b0-f7070b21e986@group-120BE6A4A936-FollowerState
2023-09-08 11:18:14,778 [250abfd1-bd23-40f0-a4b0-f7070b21e986@group-120BE6A4A936-FollowerState] INFO  server.RaftServer$Division (RaftServerImpl.java:setRole(329)) - 250abfd1-bd23-40f0-a4b0-f7070b21e986@group-120BE6A4A936: changes role from  FOLLOWER to CANDIDATE at term 0 for changeToCandidate
2023-09-08 11:18:14,779 [250abfd1-bd23-40f0-a4b0-f7070b21e986@group-120BE6A4A936-FollowerState] INFO  server.RaftServerConfigKeys (ConfUtils.java:logGet(46)) - raft.server.leaderelection.pre-vote = true (default)
2023-09-08 11:18:14,779 [250abfd1-bd23-40f0-a4b0-f7070b21e986@group-120BE6A4A936-FollowerState] INFO  impl.RoleInfo (RoleInfo.java:updateAndGet(139)) - 250abfd1-bd23-40f0-a4b0-f7070b21e986: start 250abfd1-bd23-40f0-a4b0-f7070b21e986@group-120BE6A4A936-LeaderElection14
2023-09-08 11:18:14,780 [250abfd1-bd23-40f0-a4b0-f7070b21e986@group-120BE6A4A936-LeaderElection14] INFO  impl.LeaderElection (LeaderElection.java:askForVotes(321)) - 250abfd1-bd23-40f0-a4b0-f7070b21e986@group-120BE6A4A936-LeaderElection14 PRE_VOTE round 0: submit vote requests at term 0 for -1: peers:[250abfd1-bd23-40f0-a4b0-f7070b21e986|rpc:10.1.0.72:15067|admin:10.1.0.72:15066|client:10.1.0.72:15065|dataStream:10.1.0.72:15068|priority:1|startupRole:FOLLOWER, 31c5dcde-db57-40d7-a24d-ec5de7583a50|rpc:10.1.0.72:15076|admin:10.1.0.72:15075|client:10.1.0.72:15074|dataStream:10.1.0.72:15077|priority:0|startupRole:FOLLOWER, e7773167-2049-479c-a584-e45e7fe0d5b5|rpc:10.1.0.72:15085|admin:10.1.0.72:15084|client:10.1.0.72:15083|dataStream:10.1.0.72:15086|priority:0|startupRole:FOLLOWER]|listeners:[], old=null
2023-09-08 11:18:14,783 [250abfd1-bd23-40f0-a4b0-f7070b21e986@group-120BE6A4A936-LeaderElection14] INFO  server.RaftServerConfigKeys (ConfUtils.java:logFallback(53)) - raft.server.rpc.first-election.timeout.min = 5s (fallback to raft.server.rpc.timeout.min)
2023-09-08 11:18:14,783 [250abfd1-bd23-40f0-a4b0-f7070b21e986@group-120BE6A4A936-LeaderElection14] INFO  server.RaftServerConfigKeys (ConfUtils.java:logFallback(53)) - raft.server.rpc.first-election.timeout.max = 5200ms (fallback to raft.server.rpc.timeout.max)
2023-09-08 11:18:14,789 [grpc-default-executor-1] INFO  server.RaftServer$Division (RaftServerImpl.java:requestVote(1302)) - 31c5dcde-db57-40d7-a24d-ec5de7583a50@group-120BE6A4A936: receive requestVote(PRE_VOTE, 250abfd1-bd23-40f0-a4b0-f7070b21e986, group-120BE6A4A936, 0, (t:0, i:0))
2023-09-08 11:18:14,789 [grpc-default-executor-1] INFO  impl.VoteContext (VoteContext.java:log(49)) - 31c5dcde-db57-40d7-a24d-ec5de7583a50@group-120BE6A4A936-FOLLOWER: accept PRE_VOTE from 250abfd1-bd23-40f0-a4b0-f7070b21e986: our priority 0 <= candidate's priority 1
2023-09-08 11:18:14,789 [grpc-default-executor-1] INFO  server.RaftServer$Division (RaftServerImpl.java:requestVote(1335)) - 31c5dcde-db57-40d7-a24d-ec5de7583a50@group-120BE6A4A936 replies to PRE_VOTE vote request: 250abfd1-bd23-40f0-a4b0-f7070b21e986<-31c5dcde-db57-40d7-a24d-ec5de7583a50#0:OK-t0. Peer's state: 31c5dcde-db57-40d7-a24d-ec5de7583a50@group-120BE6A4A936:t0, leader=null, voted=, raftlog=Memoized:31c5dcde-db57-40d7-a24d-ec5de7583a50@group-120BE6A4A936-SegmentedRaftLog:OPENED:c-1, conf=-1: peers:[250abfd1-bd23-40f0-a4b0-f7070b21e986|rpc:10.1.0.72:15067|admin:10.1.0.72:15066|client:10.1.0.72:15065|dataStream:10.1.0.72:15068|priority:1|startupRole:FOLLOWER, 31c5dcde-db57-40d7-a24d-ec5de7583a50|rpc:10.1.0.72:15076|admin:10.1.0.72:15075|client:10.1.0.72:15074|dataStream:10.1.0.72:15077|priority:0|startupRole:FOLLOWER, e7773167-2049-479c-a584-e45e7fe0d5b5|rpc:10.1.0.72:15085|admin:10.1.0.72:15084|client:10.1.0.72:15083|dataStream:10.1.0.72:15086|priority:0|startupRole:FOLLOWER]|listeners:[], old=null
2023-09-08 11:18:14,789 [grpc-default-executor-0] INFO  server.RaftServer$Division (RaftServerImpl.java:requestVote(1302)) - e7773167-2049-479c-a584-e45e7fe0d5b5@group-120BE6A4A936: receive requestVote(PRE_VOTE, 250abfd1-bd23-40f0-a4b0-f7070b21e986, group-120BE6A4A936, 0, (t:0, i:0))
2023-09-08 11:18:14,789 [grpc-default-executor-0] INFO  impl.VoteContext (VoteContext.java:log(49)) - e7773167-2049-479c-a584-e45e7fe0d5b5@group-120BE6A4A936-FOLLOWER: accept PRE_VOTE from 250abfd1-bd23-40f0-a4b0-f7070b21e986: our priority 0 <= candidate's priority 1
2023-09-08 11:18:14,789 [grpc-default-executor-0] INFO  server.RaftServer$Division (RaftServerImpl.java:requestVote(1335)) - e7773167-2049-479c-a584-e45e7fe0d5b5@group-120BE6A4A936 replies to PRE_VOTE vote request: 250abfd1-bd23-40f0-a4b0-f7070b21e986<-e7773167-2049-479c-a584-e45e7fe0d5b5#0:OK-t0. Peer's state: e7773167-2049-479c-a584-e45e7fe0d5b5@group-120BE6A4A936:t0, leader=null, voted=, raftlog=Memoized:e7773167-2049-479c-a584-e45e7fe0d5b5@group-120BE6A4A936-SegmentedRaftLog:OPENED:c-1, conf=-1: peers:[250abfd1-bd23-40f0-a4b0-f7070b21e986|rpc:10.1.0.72:15067|admin:10.1.0.72:15066|client:10.1.0.72:15065|dataStream:10.1.0.72:15068|priority:1|startupRole:FOLLOWER, 31c5dcde-db57-40d7-a24d-ec5de7583a50|rpc:10.1.0.72:15076|admin:10.1.0.72:15075|client:10.1.0.72:15074|dataStream:10.1.0.72:15077|priority:0|startupRole:FOLLOWER, e7773167-2049-479c-a584-e45e7fe0d5b5|rpc:10.1.0.72:15085|admin:10.1.0.72:15084|client:10.1.0.72:15083|dataStream:10.1.0.72:15086|priority:0|startupRole:FOLLOWER]|listeners:[], old=null
2023-09-08 11:18:14,791 [250abfd1-bd23-40f0-a4b0-f7070b21e986@group-120BE6A4A936-LeaderElection14] INFO  impl.LeaderElection (LeaderElection.java:logAndReturn(90)) - 250abfd1-bd23-40f0-a4b0-f7070b21e986@group-120BE6A4A936-LeaderElection14: PRE_VOTE PASSED received 1 response(s) and 0 exception(s):
2023-09-08 11:18:14,791 [250abfd1-bd23-40f0-a4b0-f7070b21e986@group-120BE6A4A936-LeaderElection14] INFO  impl.LeaderElection (LeaderElection.java:logAndReturn(94)) -   Response 0: 250abfd1-bd23-40f0-a4b0-f7070b21e986<-31c5dcde-db57-40d7-a24d-ec5de7583a50#0:OK-t0
2023-09-08 11:18:14,791 [250abfd1-bd23-40f0-a4b0-f7070b21e986@group-120BE6A4A936-LeaderElection14] INFO  impl.LeaderElection (LeaderElection.java:askForVotes(323)) - 250abfd1-bd23-40f0-a4b0-f7070b21e986@group-120BE6A4A936-LeaderElection14 PRE_VOTE round 0: result PASSED
2023-09-08 11:18:14,793 [250abfd1-bd23-40f0-a4b0-f7070b21e986@group-120BE6A4A936-LeaderElection14] INFO  impl.LeaderElection (LeaderElection.java:askForVotes(321)) - 250abfd1-bd23-40f0-a4b0-f7070b21e986@group-120BE6A4A936-LeaderElection14 ELECTION round 0: submit vote requests at term 1 for -1: peers:[250abfd1-bd23-40f0-a4b0-f7070b21e986|rpc:10.1.0.72:15067|admin:10.1.0.72:15066|client:10.1.0.72:15065|dataStream:10.1.0.72:15068|priority:1|startupRole:FOLLOWER, 31c5dcde-db57-40d7-a24d-ec5de7583a50|rpc:10.1.0.72:15076|admin:10.1.0.72:15075|client:10.1.0.72:15074|dataStream:10.1.0.72:15077|priority:0|startupRole:FOLLOWER, e7773167-2049-479c-a584-e45e7fe0d5b5|rpc:10.1.0.72:15085|admin:10.1.0.72:15084|client:10.1.0.72:15083|dataStream:10.1.0.72:15086|priority:0|startupRole:FOLLOWER]|listeners:[], old=null
2023-09-08 11:18:14,794 [250abfd1-bd23-40f0-a4b0-f7070b21e986@group-120BE6A4A936-LeaderElection14] INFO  server.RaftServerConfigKeys (ConfUtils.java:logFallback(53)) - raft.server.rpc.first-election.timeout.min = 5s (fallback to raft.server.rpc.timeout.min)
2023-09-08 11:18:14,794 [250abfd1-bd23-40f0-a4b0-f7070b21e986@group-120BE6A4A936-LeaderElection14] INFO  server.RaftServerConfigKeys (ConfUtils.java:logFallback(53)) - raft.server.rpc.first-election.timeout.max = 5200ms (fallback to raft.server.rpc.timeout.max)
2023-09-08 11:18:14,801 [grpc-default-executor-0] INFO  server.RaftServer$Division (RaftServerImpl.java:requestVote(1302)) - 31c5dcde-db57-40d7-a24d-ec5de7583a50@group-120BE6A4A936: receive requestVote(ELECTION, 250abfd1-bd23-40f0-a4b0-f7070b21e986, group-120BE6A4A936, 1, (t:0, i:0))
2023-09-08 11:18:14,801 [grpc-default-executor-1] INFO  server.RaftServer$Division (RaftServerImpl.java:requestVote(1302)) - e7773167-2049-479c-a584-e45e7fe0d5b5@group-120BE6A4A936: receive requestVote(ELECTION, 250abfd1-bd23-40f0-a4b0-f7070b21e986, group-120BE6A4A936, 1, (t:0, i:0))
2023-09-08 11:18:14,803 [grpc-default-executor-0] INFO  impl.VoteContext (VoteContext.java:log(49)) - 31c5dcde-db57-40d7-a24d-ec5de7583a50@group-120BE6A4A936-FOLLOWER: accept ELECTION from 250abfd1-bd23-40f0-a4b0-f7070b21e986: our priority 0 <= candidate's priority 1
2023-09-08 11:18:14,803 [grpc-default-executor-0] INFO  server.RaftServer$Division (RaftServerImpl.java:setRole(329)) - 31c5dcde-db57-40d7-a24d-ec5de7583a50@group-120BE6A4A936: changes role from  FOLLOWER to FOLLOWER at term 1 for candidate:250abfd1-bd23-40f0-a4b0-f7070b21e986
2023-09-08 11:18:14,803 [grpc-default-executor-0] INFO  impl.RoleInfo (RoleInfo.java:shutdownFollowerState(110)) - 31c5dcde-db57-40d7-a24d-ec5de7583a50: shutdown 31c5dcde-db57-40d7-a24d-ec5de7583a50@group-120BE6A4A936-FollowerState
2023-09-08 11:18:14,803 [grpc-default-executor-0] INFO  impl.RoleInfo (RoleInfo.java:updateAndGet(139)) - 31c5dcde-db57-40d7-a24d-ec5de7583a50: start 31c5dcde-db57-40d7-a24d-ec5de7583a50@group-120BE6A4A936-FollowerState
2023-09-08 11:18:14,803 [31c5dcde-db57-40d7-a24d-ec5de7583a50@group-120BE6A4A936-FollowerState] INFO  impl.FollowerState (FollowerState.java:run(152)) - 31c5dcde-db57-40d7-a24d-ec5de7583a50@group-120BE6A4A936-FollowerState was interrupted
2023-09-08 11:18:14,803 [grpc-default-executor-1] INFO  impl.VoteContext (VoteContext.java:log(49)) - e7773167-2049-479c-a584-e45e7fe0d5b5@group-120BE6A4A936-FOLLOWER: accept ELECTION from 250abfd1-bd23-40f0-a4b0-f7070b21e986: our priority 0 <= candidate's priority 1
2023-09-08 11:18:14,803 [grpc-default-executor-1] INFO  server.RaftServer$Division (RaftServerImpl.java:setRole(329)) - e7773167-2049-479c-a584-e45e7fe0d5b5@group-120BE6A4A936: changes role from  FOLLOWER to FOLLOWER at term 1 for candidate:250abfd1-bd23-40f0-a4b0-f7070b21e986
2023-09-08 11:18:14,803 [grpc-default-executor-1] INFO  impl.RoleInfo (RoleInfo.java:shutdownFollowerState(110)) - e7773167-2049-479c-a584-e45e7fe0d5b5: shutdown e7773167-2049-479c-a584-e45e7fe0d5b5@group-120BE6A4A936-FollowerState
2023-09-08 11:18:14,804 [grpc-default-executor-1] INFO  impl.RoleInfo (RoleInfo.java:updateAndGet(139)) - e7773167-2049-479c-a584-e45e7fe0d5b5: start e7773167-2049-479c-a584-e45e7fe0d5b5@group-120BE6A4A936-FollowerState
2023-09-08 11:18:14,804 [e7773167-2049-479c-a584-e45e7fe0d5b5@group-120BE6A4A936-FollowerState] INFO  impl.FollowerState (FollowerState.java:run(152)) - e7773167-2049-479c-a584-e45e7fe0d5b5@group-120BE6A4A936-FollowerState was interrupted
2023-09-08 11:18:14,805 [grpc-default-executor-0] INFO  server.RaftServer$Division (RaftServerImpl.java:requestVote(1335)) - 31c5dcde-db57-40d7-a24d-ec5de7583a50@group-120BE6A4A936 replies to ELECTION vote request: 250abfd1-bd23-40f0-a4b0-f7070b21e986<-31c5dcde-db57-40d7-a24d-ec5de7583a50#0:OK-t1. Peer's state: 31c5dcde-db57-40d7-a24d-ec5de7583a50@group-120BE6A4A936:t1, leader=null, voted=250abfd1-bd23-40f0-a4b0-f7070b21e986, raftlog=Memoized:31c5dcde-db57-40d7-a24d-ec5de7583a50@group-120BE6A4A936-SegmentedRaftLog:OPENED:c-1, conf=-1: peers:[250abfd1-bd23-40f0-a4b0-f7070b21e986|rpc:10.1.0.72:15067|admin:10.1.0.72:15066|client:10.1.0.72:15065|dataStream:10.1.0.72:15068|priority:1|startupRole:FOLLOWER, 31c5dcde-db57-40d7-a24d-ec5de7583a50|rpc:10.1.0.72:15076|admin:10.1.0.72:15075|client:10.1.0.72:15074|dataStream:10.1.0.72:15077|priority:0|startupRole:FOLLOWER, e7773167-2049-479c-a584-e45e7fe0d5b5|rpc:10.1.0.72:15085|admin:10.1.0.72:15084|client:10.1.0.72:15083|dataStream:10.1.0.72:15086|priority:0|startupRole:FOLLOWER]|listeners:[], old=null
2023-09-08 11:18:14,807 [250abfd1-bd23-40f0-a4b0-f7070b21e986@group-120BE6A4A936-LeaderElection14] INFO  impl.LeaderElection (LeaderElection.java:logAndReturn(90)) - 250abfd1-bd23-40f0-a4b0-f7070b21e986@group-120BE6A4A936-LeaderElection14: ELECTION PASSED received 1 response(s) and 0 exception(s):
2023-09-08 11:18:14,807 [250abfd1-bd23-40f0-a4b0-f7070b21e986@group-120BE6A4A936-LeaderElection14] INFO  impl.LeaderElection (LeaderElection.java:logAndReturn(94)) -   Response 0: 250abfd1-bd23-40f0-a4b0-f7070b21e986<-31c5dcde-db57-40d7-a24d-ec5de7583a50#0:OK-t1
2023-09-08 11:18:14,807 [250abfd1-bd23-40f0-a4b0-f7070b21e986@group-120BE6A4A936-LeaderElection14] INFO  impl.LeaderElection (LeaderElection.java:askForVotes(323)) - 250abfd1-bd23-40f0-a4b0-f7070b21e986@group-120BE6A4A936-LeaderElection14 ELECTION round 0: result PASSED
2023-09-08 11:18:14,807 [250abfd1-bd23-40f0-a4b0-f7070b21e986@group-120BE6A4A936-LeaderElection14] INFO  impl.RoleInfo (RoleInfo.java:shutdownLeaderElection(130)) - 250abfd1-bd23-40f0-a4b0-f7070b21e986: shutdown 250abfd1-bd23-40f0-a4b0-f7070b21e986@group-120BE6A4A936-LeaderElection14
2023-09-08 11:18:14,807 [grpc-default-executor-1] INFO  server.RaftServer$Division (RaftServerImpl.java:requestVote(1335)) - e7773167-2049-479c-a584-e45e7fe0d5b5@group-120BE6A4A936 replies to ELECTION vote request: 250abfd1-bd23-40f0-a4b0-f7070b21e986<-e7773167-2049-479c-a584-e45e7fe0d5b5#0:OK-t1. Peer's state: e7773167-2049-479c-a584-e45e7fe0d5b5@group-120BE6A4A936:t1, leader=null, voted=250abfd1-bd23-40f0-a4b0-f7070b21e986, raftlog=Memoized:e7773167-2049-479c-a584-e45e7fe0d5b5@group-120BE6A4A936-SegmentedRaftLog:OPENED:c-1, conf=-1: peers:[250abfd1-bd23-40f0-a4b0-f7070b21e986|rpc:10.1.0.72:15067|admin:10.1.0.72:15066|client:10.1.0.72:15065|dataStream:10.1.0.72:15068|priority:1|startupRole:FOLLOWER, 31c5dcde-db57-40d7-a24d-ec5de7583a50|rpc:10.1.0.72:15076|admin:10.1.0.72:15075|client:10.1.0.72:15074|dataStream:10.1.0.72:15077|priority:0|startupRole:FOLLOWER, e7773167-2049-479c-a584-e45e7fe0d5b5|rpc:10.1.0.72:15085|admin:10.1.0.72:15084|client:10.1.0.72:15083|dataStream:10.1.0.72:15086|priority:0|startupRole:FOLLOWER]|listeners:[], old=null
2023-09-08 11:18:14,807 [250abfd1-bd23-40f0-a4b0-f7070b21e986@group-120BE6A4A936-LeaderElection14] INFO  server.RaftServer$Division (RaftServerImpl.java:setRole(329)) - 250abfd1-bd23-40f0-a4b0-f7070b21e986@group-120BE6A4A936: changes role from CANDIDATE to LEADER at term 1 for changeToLeader
2023-09-08 11:18:14,808 [250abfd1-bd23-40f0-a4b0-f7070b21e986@group-120BE6A4A936-LeaderElection14] INFO  ratis.XceiverServerRatis (XceiverServerRatis.java:handleLeaderChangedNotification(902)) - Leader change notification received for group: group-120BE6A4A936 with new leaderId: 250abfd1-bd23-40f0-a4b0-f7070b21e986
2023-09-08 11:18:14,808 [250abfd1-bd23-40f0-a4b0-f7070b21e986@group-120BE6A4A936-LeaderElection14] INFO  server.RaftServer$Division (ServerState.java:setLeader(317)) - 250abfd1-bd23-40f0-a4b0-f7070b21e986@group-120BE6A4A936: change Leader from null to 250abfd1-bd23-40f0-a4b0-f7070b21e986 at term 1 for becomeLeader, leader elected after 5070ms
2023-09-08 11:18:14,808 [250abfd1-bd23-40f0-a4b0-f7070b21e986@group-120BE6A4A936-LeaderElection14] INFO  server.RaftServerConfigKeys (ConfUtils.java:logGet(46)) - raft.server.staging.catchup.gap = 1000 (default)
2023-09-08 11:18:14,808 [250abfd1-bd23-40f0-a4b0-f7070b21e986@group-120BE6A4A936-LeaderElection14] INFO  server.RaftServerConfigKeys (ConfUtils.java:logGet(46)) - raft.server.write.element-limit = 1024 (custom)
2023-09-08 11:18:14,808 [250abfd1-bd23-40f0-a4b0-f7070b21e986@group-120BE6A4A936-LeaderElection14] INFO  server.RaftServerConfigKeys (ConfUtils.java:logGet(46)) - raft.server.write.byte-limit = 1024 M (=1073741824) (custom)
2023-09-08 11:18:14,808 [250abfd1-bd23-40f0-a4b0-f7070b21e986@group-120BE6A4A936-LeaderElection14] INFO  server.RaftServerConfigKeys (ConfUtils.java:logGet(46)) - raft.server.watch.timeout = 180s (custom)
2023-09-08 11:18:14,809 [250abfd1-bd23-40f0-a4b0-f7070b21e986@group-120BE6A4A936-LeaderElection14] INFO  server.RaftServerConfigKeys (ConfUtils.java:logGet(46)) - raft.server.watch.timeout.denomination = 1s (default)
2023-09-08 11:18:14,809 [250abfd1-bd23-40f0-a4b0-f7070b21e986@group-120BE6A4A936-LeaderElection14] INFO  server.RaftServerConfigKeys (ConfUtils.java:logGet(46)) - raft.server.watch.element-limit = 65536 (default)
2023-09-08 11:18:14,809 [250abfd1-bd23-40f0-a4b0-f7070b21e986@group-120BE6A4A936-LeaderElection14] INFO  server.RaftServerConfigKeys (ConfUtils.java:logGet(46)) - raft.server.write.element-limit = 1024 (custom)
2023-09-08 11:18:14,809 [250abfd1-bd23-40f0-a4b0-f7070b21e986@group-120BE6A4A936-LeaderElection14] INFO  server.RaftServerConfigKeys (ConfUtils.java:logGet(46)) - raft.server.write.follower.gap.ratio.max = -1.0 (default)
2023-09-08 11:18:14,818 [250abfd1-bd23-40f0-a4b0-f7070b21e986@group-120BE6A4A936-LeaderElection14] INFO  server.RaftServerConfigKeys (ConfUtils.java:logGet(46)) - raft.server.log.appender.snapshot.chunk.size.max = 16MB (=16777216) (default)
2023-09-08 11:18:14,818 [250abfd1-bd23-40f0-a4b0-f7070b21e986@group-120BE6A4A936-LeaderElection14] INFO  server.RaftServerConfigKeys (ConfUtils.java:logGet(46)) - raft.server.log.appender.buffer.byte-limit = 33554432 (custom)
2023-09-08 11:18:14,818 [250abfd1-bd23-40f0-a4b0-f7070b21e986@group-120BE6A4A936-LeaderElection14] INFO  server.RaftServerConfigKeys (ConfUtils.java:logGet(46)) - raft.server.log.appender.buffer.element-limit = 1 (custom)
2023-09-08 11:18:14,818 [250abfd1-bd23-40f0-a4b0-f7070b21e986@group-120BE6A4A936-LeaderElection14] INFO  server.RaftServerConfigKeys (ConfUtils.java:logGet(46)) - raft.server.log.appender.wait-time.min = 10ms (default)
2023-09-08 11:18:14,818 [250abfd1-bd23-40f0-a4b0-f7070b21e986@group-120BE6A4A936-LeaderElection14] INFO  grpc.GrpcConfigKeys (ConfUtils.java:logGet(46)) - raft.grpc.server.leader.outstanding.appends.max = 128 (default)
2023-09-08 11:18:14,818 [250abfd1-bd23-40f0-a4b0-f7070b21e986@group-120BE6A4A936-LeaderElection14] INFO  server.RaftServerConfigKeys (ConfUtils.java:logGet(46)) - raft.server.rpc.request.timeout = 60s (custom)
2023-09-08 11:18:14,819 [250abfd1-bd23-40f0-a4b0-f7070b21e986@group-120BE6A4A936-LeaderElection14] INFO  grpc.GrpcConfigKeys (ConfUtils.java:logGet(46)) - raft.grpc.server.install_snapshot.request.element-limit = 8 (default)
2023-09-08 11:18:14,819 [250abfd1-bd23-40f0-a4b0-f7070b21e986@group-120BE6A4A936-LeaderElection14] INFO  grpc.GrpcConfigKeys (ConfUtils.java:logGet(46)) - raft.grpc.server.install_snapshot.request.timeout = 3000ms (default)
2023-09-08 11:18:14,819 [250abfd1-bd23-40f0-a4b0-f7070b21e986@group-120BE6A4A936-LeaderElection14] INFO  server.RaftServerConfigKeys (ConfUtils.java:logGet(46)) - raft.server.log.appender.install.snapshot.enabled = false (custom)
2023-09-08 11:18:14,819 [250abfd1-bd23-40f0-a4b0-f7070b21e986@group-120BE6A4A936-LeaderElection14] INFO  grpc.GrpcConfigKeys (ConfUtils.java:logGet(46)) - raft.grpc.server.heartbeat.channel = true (default)
2023-09-08 11:18:14,819 [250abfd1-bd23-40f0-a4b0-f7070b21e986@group-120BE6A4A936-LeaderElection14] INFO  server.RaftServerConfigKeys (ConfUtils.java:logGet(46)) - raft.server.log.appender.snapshot.chunk.size.max = 16MB (=16777216) (default)
2023-09-08 11:18:14,819 [250abfd1-bd23-40f0-a4b0-f7070b21e986@group-120BE6A4A936-LeaderElection14] INFO  server.RaftServerConfigKeys (ConfUtils.java:logGet(46)) - raft.server.log.appender.buffer.byte-limit = 33554432 (custom)
2023-09-08 11:18:14,819 [250abfd1-bd23-40f0-a4b0-f7070b21e986@group-120BE6A4A936-LeaderElection14] INFO  server.RaftServerConfigKeys (ConfUtils.java:logGet(46)) - raft.server.log.appender.buffer.element-limit = 1 (custom)
2023-09-08 11:18:14,820 [250abfd1-bd23-40f0-a4b0-f7070b21e986@group-120BE6A4A936-LeaderElection14] INFO  server.RaftServerConfigKeys (ConfUtils.java:logGet(46)) - raft.server.log.appender.wait-time.min = 10ms (default)
2023-09-08 11:18:14,820 [250abfd1-bd23-40f0-a4b0-f7070b21e986@group-120BE6A4A936-LeaderElection14] INFO  grpc.GrpcConfigKeys (ConfUtils.java:logGet(46)) - raft.grpc.server.leader.outstanding.appends.max = 128 (default)
2023-09-08 11:18:14,820 [250abfd1-bd23-40f0-a4b0-f7070b21e986@group-120BE6A4A936-LeaderElection14] INFO  server.RaftServerConfigKeys (ConfUtils.java:logGet(46)) - raft.server.rpc.request.timeout = 60s (custom)
2023-09-08 11:18:14,820 [250abfd1-bd23-40f0-a4b0-f7070b21e986@group-120BE6A4A936-LeaderElection14] INFO  grpc.GrpcConfigKeys (ConfUtils.java:logGet(46)) - raft.grpc.server.install_snapshot.request.element-limit = 8 (default)
2023-09-08 11:18:14,820 [250abfd1-bd23-40f0-a4b0-f7070b21e986@group-120BE6A4A936-LeaderElection14] INFO  grpc.GrpcConfigKeys (ConfUtils.java:logGet(46)) - raft.grpc.server.install_snapshot.request.timeout = 3000ms (default)
2023-09-08 11:18:14,820 [250abfd1-bd23-40f0-a4b0-f7070b21e986@group-120BE6A4A936-LeaderElection14] INFO  server.RaftServerConfigKeys (ConfUtils.java:logGet(46)) - raft.server.log.appender.install.snapshot.enabled = false (custom)
2023-09-08 11:18:14,820 [250abfd1-bd23-40f0-a4b0-f7070b21e986@group-120BE6A4A936-LeaderElection14] INFO  grpc.GrpcConfigKeys (ConfUtils.java:logGet(46)) - raft.grpc.server.heartbeat.channel = true (default)
2023-09-08 11:18:14,820 [250abfd1-bd23-40f0-a4b0-f7070b21e986@group-120BE6A4A936-LeaderElection14] INFO  impl.RoleInfo (RoleInfo.java:updateAndGet(139)) - 250abfd1-bd23-40f0-a4b0-f7070b21e986: start 250abfd1-bd23-40f0-a4b0-f7070b21e986@group-120BE6A4A936-LeaderStateImpl
2023-09-08 11:18:14,821 [31c5dcde-db57-40d7-a24d-ec5de7583a50@group-0148662441ED-FollowerState] INFO  impl.FollowerState (FollowerState.java:run(143)) - 31c5dcde-db57-40d7-a24d-ec5de7583a50@group-0148662441ED-FollowerState: change to CANDIDATE, lastRpcElapsedTime:5174492090ns, electionTimeout:5165ms
2023-09-08 11:18:14,821 [31c5dcde-db57-40d7-a24d-ec5de7583a50@group-0148662441ED-FollowerState] INFO  impl.RoleInfo (RoleInfo.java:shutdownFollowerState(110)) - 31c5dcde-db57-40d7-a24d-ec5de7583a50: shutdown 31c5dcde-db57-40d7-a24d-ec5de7583a50@group-0148662441ED-FollowerState
2023-09-08 11:18:14,821 [31c5dcde-db57-40d7-a24d-ec5de7583a50@group-0148662441ED-FollowerState] INFO  server.RaftServer$Division (RaftServerImpl.java:setRole(329)) - 31c5dcde-db57-40d7-a24d-ec5de7583a50@group-0148662441ED: changes role from  FOLLOWER to CANDIDATE at term 0 for changeToCandidate
2023-09-08 11:18:14,821 [31c5dcde-db57-40d7-a24d-ec5de7583a50@group-0148662441ED-FollowerState] INFO  server.RaftServerConfigKeys (ConfUtils.java:logGet(46)) - raft.server.leaderelection.pre-vote = true (default)
2023-09-08 11:18:14,822 [31c5dcde-db57-40d7-a24d-ec5de7583a50@group-0148662441ED-FollowerState] INFO  impl.RoleInfo (RoleInfo.java:updateAndGet(139)) - 31c5dcde-db57-40d7-a24d-ec5de7583a50: start 31c5dcde-db57-40d7-a24d-ec5de7583a50@group-0148662441ED-LeaderElection15
2023-09-08 11:18:14,824 [EventQueue-PipelineReportForPipelineReportHandler] INFO  pipeline.PipelineReportHandler (PipelineReportHandler.java:processPipelineReport(136)) - Opened pipeline PipelineID=214054d4-b789-494d-8505-120be6a4a936
2023-09-08 11:18:14,824 [EventQueue-OpenPipelineForHealthyPipelineSafeModeRule] INFO  safemode.SCMSafeModeManager (HealthyPipelineSafeModeRule.java:process(137)) - SCM in safe mode. Healthy pipelines reported count is 0, required healthy pipeline reported count is 1
2023-09-08 11:18:14,824 [EventQueue-OpenPipelineForHealthyPipelineSafeModeRule] INFO  safemode.SCMSafeModeManager (HealthyPipelineSafeModeRule.java:process(137)) - SCM in safe mode. Healthy pipelines reported count is 1, required healthy pipeline reported count is 1
2023-09-08 11:18:14,824 [EventQueue-OpenPipelineForHealthyPipelineSafeModeRule] INFO  safemode.SCMSafeModeManager (SCMSafeModeManager.java:validateSafeModeExitRules(200)) - HealthyPipelineSafeModeRule rule is successfully validated
2023-09-08 11:18:14,824 [EventQueue-OpenPipelineForHealthyPipelineSafeModeRule] INFO  safemode.SCMSafeModeManager (SCMSafeModeManager.java:validateSafeModeExitRules(215)) - ScmSafeModeManager, all rules are successfully validated
2023-09-08 11:18:14,824 [EventQueue-OpenPipelineForHealthyPipelineSafeModeRule] INFO  safemode.SCMSafeModeManager (SCMSafeModeManager.java:exitSafeMode(244)) - SCM exiting safe mode.
2023-09-08 11:18:14,824 [EventQueue-OpenPipelineForHealthyPipelineSafeModeRule] INFO  ha.SCMContext (SCMContext.java:updateSafeModeStatus(228)) - Update SafeModeStatus from SafeModeStatus{safeModeStatus=true, preCheckPassed=true} to SafeModeStatus{safeModeStatus=false, preCheckPassed=true}.
2023-09-08 11:18:14,824 [EventQueue-OpenPipelineForHealthyPipelineSafeModeRule] INFO  pipeline.BackgroundPipelineCreator (BackgroundPipelineCreator.java:notifyStatusChanged(255)) - Service BackgroundPipelineCreator transitions to RUNNING.
2023-09-08 11:18:14,825 [EventQueue-OpenPipelineForHealthyPipelineSafeModeRule] INFO  BackgroundPipelineScrubber (BackgroundSCMService.java:notifyStatusChanged(82)) - Service BackgroundPipelineScrubber transitions to RUNNING.
2023-09-08 11:18:14,825 [EventQueue-OpenPipelineForHealthyPipelineSafeModeRule] INFO  ExpiredContainerReplicaOpScrubber (BackgroundSCMService.java:notifyStatusChanged(82)) - Service ExpiredContainerReplicaOpScrubber transitions to RUNNING.
2023-09-08 11:18:14,825 [EventQueue-OpenPipelineForHealthyPipelineSafeModeRule] INFO  replication.ReplicationManager (ReplicationManager.java:notifyStatusChanged(1370)) - Service ReplicationManager transitions to RUNNING.
2023-09-08 11:18:14,825 [EventQueue-OpenPipelineForHealthyPipelineSafeModeRule] WARN  balancer.ContainerBalancer (ContainerBalancer.java:shouldRun(134)) - Could not find persisted configuration for ContainerBalancer when checking if ContainerBalancer should run. ContainerBalancer should not run now.
2023-09-08 11:18:14,826 [250abfd1-bd23-40f0-a4b0-f7070b21e986@group-120BE6A4A936-LeaderElection14] INFO  segmented.SegmentedRaftLogWorker (SegmentedRaftLogWorker.java:startLogSegment(447)) - 250abfd1-bd23-40f0-a4b0-f7070b21e986@group-120BE6A4A936-SegmentedRaftLogWorker: Starting segment from index:0
2023-09-08 11:18:14,827 [31c5dcde-db57-40d7-a24d-ec5de7583a50@group-0148662441ED-LeaderElection15] INFO  impl.LeaderElection (LeaderElection.java:askForVotes(321)) - 31c5dcde-db57-40d7-a24d-ec5de7583a50@group-0148662441ED-LeaderElection15 PRE_VOTE round 0: submit vote requests at term 0 for -1: peers:[250abfd1-bd23-40f0-a4b0-f7070b21e986|rpc:10.1.0.72:15067|admin:10.1.0.72:15066|client:10.1.0.72:15065|dataStream:10.1.0.72:15068|priority:0|startupRole:FOLLOWER, 31c5dcde-db57-40d7-a24d-ec5de7583a50|rpc:10.1.0.72:15076|admin:10.1.0.72:15075|client:10.1.0.72:15074|dataStream:10.1.0.72:15077|priority:1|startupRole:FOLLOWER, e7773167-2049-479c-a584-e45e7fe0d5b5|rpc:10.1.0.72:15085|admin:10.1.0.72:15084|client:10.1.0.72:15083|dataStream:10.1.0.72:15086|priority:0|startupRole:FOLLOWER]|listeners:[], old=null
2023-09-08 11:18:14,828 [31c5dcde-db57-40d7-a24d-ec5de7583a50@group-0148662441ED-LeaderElection15-1] INFO  server.GrpcServerProtocolClient (GrpcServerProtocolClient.java:<init>(65)) - Build channel for 250abfd1-bd23-40f0-a4b0-f7070b21e986
2023-09-08 11:18:14,829 [250abfd1-bd23-40f0-a4b0-f7070b21e986@group-120BE6A4A936-SegmentedRaftLogWorker] INFO  segmented.SegmentedRaftLogWorker (SegmentedRaftLogWorker.java:execute(651)) - 250abfd1-bd23-40f0-a4b0-f7070b21e986@group-120BE6A4A936-SegmentedRaftLogWorker: created new log segment /home/runner/work/ozone/ozone/hadoop-ozone/integration-test/target/test-dir/MiniOzoneClusterImpl-fc42fee5-8bb2-43c7-8c2a-cc72dd658d38/datanode-0/data/ratis/214054d4-b789-494d-8505-120be6a4a936/current/log_inprogress_0
2023-09-08 11:18:14,839 [31c5dcde-db57-40d7-a24d-ec5de7583a50@group-0148662441ED-LeaderElection15] INFO  server.RaftServerConfigKeys (ConfUtils.java:logFallback(53)) - raft.server.rpc.first-election.timeout.min = 5s (fallback to raft.server.rpc.timeout.min)
2023-09-08 11:18:14,839 [31c5dcde-db57-40d7-a24d-ec5de7583a50@group-0148662441ED-LeaderElection15] INFO  server.RaftServerConfigKeys (ConfUtils.java:logFallback(53)) - raft.server.rpc.first-election.timeout.max = 5200ms (fallback to raft.server.rpc.timeout.max)
2023-09-08 11:18:14,844 [250abfd1-bd23-40f0-a4b0-f7070b21e986@group-120BE6A4A936-LeaderElection14] INFO  server.RaftServer$Division (ServerState.java:setRaftConf(434)) - 250abfd1-bd23-40f0-a4b0-f7070b21e986@group-120BE6A4A936: set configuration 0: peers:[250abfd1-bd23-40f0-a4b0-f7070b21e986|rpc:10.1.0.72:15067|admin:10.1.0.72:15066|client:10.1.0.72:15065|dataStream:10.1.0.72:15068|priority:1|startupRole:FOLLOWER, 31c5dcde-db57-40d7-a24d-ec5de7583a50|rpc:10.1.0.72:15076|admin:10.1.0.72:15075|client:10.1.0.72:15074|dataStream:10.1.0.72:15077|priority:0|startupRole:FOLLOWER, e7773167-2049-479c-a584-e45e7fe0d5b5|rpc:10.1.0.72:15085|admin:10.1.0.72:15084|client:10.1.0.72:15083|dataStream:10.1.0.72:15086|priority:0|startupRole:FOLLOWER]|listeners:[], old=null
2023-09-08 11:18:14,848 [31c5dcde-db57-40d7-a24d-ec5de7583a50@group-0148662441ED-LeaderElection15-2] INFO  server.GrpcServerProtocolClient (GrpcServerProtocolClient.java:<init>(65)) - Build channel for e7773167-2049-479c-a584-e45e7fe0d5b5
2023-09-08 11:18:14,858 [31c5dcde-db57-40d7-a24d-ec5de7583a50-server-thread1] INFO  ratis.XceiverServerRatis (XceiverServerRatis.java:handleLeaderChangedNotification(902)) - Leader change notification received for group: group-120BE6A4A936 with new leaderId: 250abfd1-bd23-40f0-a4b0-f7070b21e986
2023-09-08 11:18:14,858 [31c5dcde-db57-40d7-a24d-ec5de7583a50-server-thread1] INFO  server.RaftServer$Division (ServerState.java:setLeader(317)) - 31c5dcde-db57-40d7-a24d-ec5de7583a50@group-120BE6A4A936: change Leader from null to 250abfd1-bd23-40f0-a4b0-f7070b21e986 at term 1 for appendEntries, leader elected after 5085ms
2023-09-08 11:18:14,861 [grpc-default-executor-1] INFO  server.RaftServer$Division (RaftServerImpl.java:requestVote(1302)) - 250abfd1-bd23-40f0-a4b0-f7070b21e986@group-0148662441ED: receive requestVote(PRE_VOTE, 31c5dcde-db57-40d7-a24d-ec5de7583a50, group-0148662441ED, 0, (t:0, i:0))
2023-09-08 11:18:14,861 [grpc-default-executor-1] INFO  impl.VoteContext (VoteContext.java:log(49)) - 250abfd1-bd23-40f0-a4b0-f7070b21e986@group-0148662441ED-FOLLOWER: accept PRE_VOTE from 31c5dcde-db57-40d7-a24d-ec5de7583a50: our priority 0 <= candidate's priority 1
2023-09-08 11:18:14,861 [grpc-default-executor-1] INFO  server.RaftServer$Division (RaftServerImpl.java:requestVote(1335)) - 250abfd1-bd23-40f0-a4b0-f7070b21e986@group-0148662441ED replies to PRE_VOTE vote request: 31c5dcde-db57-40d7-a24d-ec5de7583a50<-250abfd1-bd23-40f0-a4b0-f7070b21e986#0:OK-t0. Peer's state: 250abfd1-bd23-40f0-a4b0-f7070b21e986@group-0148662441ED:t0, leader=null, voted=, raftlog=Memoized:250abfd1-bd23-40f0-a4b0-f7070b21e986@group-0148662441ED-SegmentedRaftLog:OPENED:c-1, conf=-1: peers:[250abfd1-bd23-40f0-a4b0-f7070b21e986|rpc:10.1.0.72:15067|admin:10.1.0.72:15066|client:10.1.0.72:15065|dataStream:10.1.0.72:15068|priority:0|startupRole:FOLLOWER, 31c5dcde-db57-40d7-a24d-ec5de7583a50|rpc:10.1.0.72:15076|admin:10.1.0.72:15075|client:10.1.0.72:15074|dataStream:10.1.0.72:15077|priority:1|startupRole:FOLLOWER, e7773167-2049-479c-a584-e45e7fe0d5b5|rpc:10.1.0.72:15085|admin:10.1.0.72:15084|client:10.1.0.72:15083|dataStream:10.1.0.72:15086|priority:0|startupRole:FOLLOWER]|listeners:[], old=null
2023-09-08 11:18:14,868 [31c5dcde-db57-40d7-a24d-ec5de7583a50-server-thread2] INFO  server.RaftServer$Division (ServerState.java:setRaftConf(434)) - 31c5dcde-db57-40d7-a24d-ec5de7583a50@group-120BE6A4A936: set configuration 0: peers:[250abfd1-bd23-40f0-a4b0-f7070b21e986|rpc:10.1.0.72:15067|admin:10.1.0.72:15066|client:10.1.0.72:15065|dataStream:10.1.0.72:15068|priority:1|startupRole:FOLLOWER, 31c5dcde-db57-40d7-a24d-ec5de7583a50|rpc:10.1.0.72:15076|admin:10.1.0.72:15075|client:10.1.0.72:15074|dataStream:10.1.0.72:15077|priority:0|startupRole:FOLLOWER, e7773167-2049-479c-a584-e45e7fe0d5b5|rpc:10.1.0.72:15085|admin:10.1.0.72:15084|client:10.1.0.72:15083|dataStream:10.1.0.72:15086|priority:0|startupRole:FOLLOWER]|listeners:[], old=null
2023-09-08 11:18:14,868 [31c5dcde-db57-40d7-a24d-ec5de7583a50-server-thread2] INFO  segmented.SegmentedRaftLogWorker (SegmentedRaftLogWorker.java:startLogSegment(447)) - 31c5dcde-db57-40d7-a24d-ec5de7583a50@group-120BE6A4A936-SegmentedRaftLogWorker: Starting segment from index:0
2023-09-08 11:18:14,868 [31c5dcde-db57-40d7-a24d-ec5de7583a50@group-0148662441ED-LeaderElection15] INFO  impl.LeaderElection (LeaderElection.java:logAndReturn(90)) - 31c5dcde-db57-40d7-a24d-ec5de7583a50@group-0148662441ED-LeaderElection15: PRE_VOTE PASSED received 1 response(s) and 0 exception(s):
2023-09-08 11:18:14,869 [31c5dcde-db57-40d7-a24d-ec5de7583a50@group-0148662441ED-LeaderElection15] INFO  impl.LeaderElection (LeaderElection.java:logAndReturn(94)) -   Response 0: 31c5dcde-db57-40d7-a24d-ec5de7583a50<-250abfd1-bd23-40f0-a4b0-f7070b21e986#0:OK-t0
2023-09-08 11:18:14,869 [31c5dcde-db57-40d7-a24d-ec5de7583a50@group-0148662441ED-LeaderElection15] INFO  impl.LeaderElection (LeaderElection.java:askForVotes(323)) - 31c5dcde-db57-40d7-a24d-ec5de7583a50@group-0148662441ED-LeaderElection15 PRE_VOTE round 0: result PASSED
2023-09-08 11:18:14,873 [31c5dcde-db57-40d7-a24d-ec5de7583a50@group-120BE6A4A936-SegmentedRaftLogWorker] INFO  segmented.SegmentedRaftLogWorker (SegmentedRaftLogWorker.java:execute(651)) - 31c5dcde-db57-40d7-a24d-ec5de7583a50@group-120BE6A4A936-SegmentedRaftLogWorker: created new log segment /home/runner/work/ozone/ozone/hadoop-ozone/integration-test/target/test-dir/MiniOzoneClusterImpl-fc42fee5-8bb2-43c7-8c2a-cc72dd658d38/datanode-1/data/ratis/214054d4-b789-494d-8505-120be6a4a936/current/log_inprogress_0
2023-09-08 11:18:14,873 [31c5dcde-db57-40d7-a24d-ec5de7583a50@group-0148662441ED-LeaderElection15] INFO  impl.LeaderElection (LeaderElection.java:askForVotes(321)) - 31c5dcde-db57-40d7-a24d-ec5de7583a50@group-0148662441ED-LeaderElection15 ELECTION round 0: submit vote requests at term 1 for -1: peers:[250abfd1-bd23-40f0-a4b0-f7070b21e986|rpc:10.1.0.72:15067|admin:10.1.0.72:15066|client:10.1.0.72:15065|dataStream:10.1.0.72:15068|priority:0|startupRole:FOLLOWER, 31c5dcde-db57-40d7-a24d-ec5de7583a50|rpc:10.1.0.72:15076|admin:10.1.0.72:15075|client:10.1.0.72:15074|dataStream:10.1.0.72:15077|priority:1|startupRole:FOLLOWER, e7773167-2049-479c-a584-e45e7fe0d5b5|rpc:10.1.0.72:15085|admin:10.1.0.72:15084|client:10.1.0.72:15083|dataStream:10.1.0.72:15086|priority:0|startupRole:FOLLOWER]|listeners:[], old=null
2023-09-08 11:18:14,875 [e7773167-2049-479c-a584-e45e7fe0d5b5-server-thread1] INFO  ratis.XceiverServerRatis (XceiverServerRatis.java:handleLeaderChangedNotification(902)) - Leader change notification received for group: group-120BE6A4A936 with new leaderId: 250abfd1-bd23-40f0-a4b0-f7070b21e986
2023-09-08 11:18:14,875 [e7773167-2049-479c-a584-e45e7fe0d5b5-server-thread1] INFO  server.RaftServer$Division (ServerState.java:setLeader(317)) - e7773167-2049-479c-a584-e45e7fe0d5b5@group-120BE6A4A936: change Leader from null to 250abfd1-bd23-40f0-a4b0-f7070b21e986 at term 1 for appendEntries, leader elected after 5062ms
2023-09-08 11:18:14,879 [31c5dcde-db57-40d7-a24d-ec5de7583a50@group-0148662441ED-LeaderElection15] INFO  server.RaftServerConfigKeys (ConfUtils.java:logFallback(53)) - raft.server.rpc.first-election.timeout.min = 5s (fallback to raft.server.rpc.timeout.min)
2023-09-08 11:18:14,879 [31c5dcde-db57-40d7-a24d-ec5de7583a50@group-0148662441ED-LeaderElection15] INFO  server.RaftServerConfigKeys (ConfUtils.java:logFallback(53)) - raft.server.rpc.first-election.timeout.max = 5200ms (fallback to raft.server.rpc.timeout.max)
2023-09-08 11:18:14,883 [grpc-default-executor-3] INFO  server.RaftServer$Division (RaftServerImpl.java:requestVote(1302)) - e7773167-2049-479c-a584-e45e7fe0d5b5@group-0148662441ED: receive requestVote(PRE_VOTE, 31c5dcde-db57-40d7-a24d-ec5de7583a50, group-0148662441ED, 0, (t:0, i:0))
2023-09-08 11:18:14,883 [e7773167-2049-479c-a584-e45e7fe0d5b5-server-thread2] INFO  server.RaftServer$Division (ServerState.java:setRaftConf(434)) - e7773167-2049-479c-a584-e45e7fe0d5b5@group-120BE6A4A936: set configuration 0: peers:[250abfd1-bd23-40f0-a4b0-f7070b21e986|rpc:10.1.0.72:15067|admin:10.1.0.72:15066|client:10.1.0.72:15065|dataStream:10.1.0.72:15068|priority:1|startupRole:FOLLOWER, 31c5dcde-db57-40d7-a24d-ec5de7583a50|rpc:10.1.0.72:15076|admin:10.1.0.72:15075|client:10.1.0.72:15074|dataStream:10.1.0.72:15077|priority:0|startupRole:FOLLOWER, e7773167-2049-479c-a584-e45e7fe0d5b5|rpc:10.1.0.72:15085|admin:10.1.0.72:15084|client:10.1.0.72:15083|dataStream:10.1.0.72:15086|priority:0|startupRole:FOLLOWER]|listeners:[], old=null
2023-09-08 11:18:14,884 [e7773167-2049-479c-a584-e45e7fe0d5b5-server-thread2] INFO  segmented.SegmentedRaftLogWorker (SegmentedRaftLogWorker.java:startLogSegment(447)) - e7773167-2049-479c-a584-e45e7fe0d5b5@group-120BE6A4A936-SegmentedRaftLogWorker: Starting segment from index:0
2023-09-08 11:18:14,885 [grpc-default-executor-2] INFO  server.RaftServer$Division (RaftServerImpl.java:requestVote(1302)) - 250abfd1-bd23-40f0-a4b0-f7070b21e986@group-0148662441ED: receive requestVote(ELECTION, 31c5dcde-db57-40d7-a24d-ec5de7583a50, group-0148662441ED, 1, (t:0, i:0))
2023-09-08 11:18:14,885 [grpc-default-executor-2] INFO  impl.VoteContext (VoteContext.java:log(49)) - 250abfd1-bd23-40f0-a4b0-f7070b21e986@group-0148662441ED-FOLLOWER: accept ELECTION from 31c5dcde-db57-40d7-a24d-ec5de7583a50: our priority 0 <= candidate's priority 1
2023-09-08 11:18:14,885 [grpc-default-executor-2] INFO  server.RaftServer$Division (RaftServerImpl.java:setRole(329)) - 250abfd1-bd23-40f0-a4b0-f7070b21e986@group-0148662441ED: changes role from  FOLLOWER to FOLLOWER at term 1 for candidate:31c5dcde-db57-40d7-a24d-ec5de7583a50
2023-09-08 11:18:14,885 [grpc-default-executor-2] INFO  impl.RoleInfo (RoleInfo.java:shutdownFollowerState(110)) - 250abfd1-bd23-40f0-a4b0-f7070b21e986: shutdown 250abfd1-bd23-40f0-a4b0-f7070b21e986@group-0148662441ED-FollowerState
2023-09-08 11:18:14,886 [grpc-default-executor-2] INFO  impl.RoleInfo (RoleInfo.java:updateAndGet(139)) - 250abfd1-bd23-40f0-a4b0-f7070b21e986: start 250abfd1-bd23-40f0-a4b0-f7070b21e986@group-0148662441ED-FollowerState
2023-09-08 11:18:14,886 [250abfd1-bd23-40f0-a4b0-f7070b21e986@group-0148662441ED-FollowerState] INFO  impl.FollowerState (FollowerState.java:run(152)) - 250abfd1-bd23-40f0-a4b0-f7070b21e986@group-0148662441ED-FollowerState was interrupted
2023-09-08 11:18:14,886 [e7773167-2049-479c-a584-e45e7fe0d5b5@group-120BE6A4A936-SegmentedRaftLogWorker] INFO  segmented.SegmentedRaftLogWorker (SegmentedRaftLogWorker.java:execute(651)) - e7773167-2049-479c-a584-e45e7fe0d5b5@group-120BE6A4A936-SegmentedRaftLogWorker: created new log segment /home/runner/work/ozone/ozone/hadoop-ozone/integration-test/target/test-dir/MiniOzoneClusterImpl-fc42fee5-8bb2-43c7-8c2a-cc72dd658d38/datanode-2/data/ratis/214054d4-b789-494d-8505-120be6a4a936/current/log_inprogress_0
2023-09-08 11:18:14,894 [grpc-default-executor-2] INFO  server.RaftServer$Division (RaftServerImpl.java:requestVote(1335)) - 250abfd1-bd23-40f0-a4b0-f7070b21e986@group-0148662441ED replies to ELECTION vote request: 31c5dcde-db57-40d7-a24d-ec5de7583a50<-250abfd1-bd23-40f0-a4b0-f7070b21e986#0:OK-t1. Peer's state: 250abfd1-bd23-40f0-a4b0-f7070b21e986@group-0148662441ED:t1, leader=null, voted=31c5dcde-db57-40d7-a24d-ec5de7583a50, raftlog=Memoized:250abfd1-bd23-40f0-a4b0-f7070b21e986@group-0148662441ED-SegmentedRaftLog:OPENED:c-1, conf=-1: peers:[250abfd1-bd23-40f0-a4b0-f7070b21e986|rpc:10.1.0.72:15067|admin:10.1.0.72:15066|client:10.1.0.72:15065|dataStream:10.1.0.72:15068|priority:0|startupRole:FOLLOWER, 31c5dcde-db57-40d7-a24d-ec5de7583a50|rpc:10.1.0.72:15076|admin:10.1.0.72:15075|client:10.1.0.72:15074|dataStream:10.1.0.72:15077|priority:1|startupRole:FOLLOWER, e7773167-2049-479c-a584-e45e7fe0d5b5|rpc:10.1.0.72:15085|admin:10.1.0.72:15084|client:10.1.0.72:15083|dataStream:10.1.0.72:15086|priority:0|startupRole:FOLLOWER]|listeners:[], old=null
2023-09-08 11:18:14,895 [grpc-default-executor-6] INFO  server.RaftServer$Division (RaftServerImpl.java:requestVote(1302)) - e7773167-2049-479c-a584-e45e7fe0d5b5@group-0148662441ED: receive requestVote(ELECTION, 31c5dcde-db57-40d7-a24d-ec5de7583a50, group-0148662441ED, 1, (t:0, i:0))
2023-09-08 11:18:14,894 [grpc-default-executor-3] INFO  impl.VoteContext (VoteContext.java:log(49)) - e7773167-2049-479c-a584-e45e7fe0d5b5@group-0148662441ED-FOLLOWER: accept PRE_VOTE from 31c5dcde-db57-40d7-a24d-ec5de7583a50: our priority 0 <= candidate's priority 1
2023-09-08 11:18:14,895 [grpc-default-executor-3] INFO  server.RaftServer$Division (RaftServerImpl.java:requestVote(1335)) - e7773167-2049-479c-a584-e45e7fe0d5b5@group-0148662441ED replies to PRE_VOTE vote request: 31c5dcde-db57-40d7-a24d-ec5de7583a50<-e7773167-2049-479c-a584-e45e7fe0d5b5#0:OK-t0. Peer's state: e7773167-2049-479c-a584-e45e7fe0d5b5@group-0148662441ED:t0, leader=null, voted=, raftlog=Memoized:e7773167-2049-479c-a584-e45e7fe0d5b5@group-0148662441ED-SegmentedRaftLog:OPENED:c-1, conf=-1: peers:[250abfd1-bd23-40f0-a4b0-f7070b21e986|rpc:10.1.0.72:15067|admin:10.1.0.72:15066|client:10.1.0.72:15065|dataStream:10.1.0.72:15068|priority:0|startupRole:FOLLOWER, 31c5dcde-db57-40d7-a24d-ec5de7583a50|rpc:10.1.0.72:15076|admin:10.1.0.72:15075|client:10.1.0.72:15074|dataStream:10.1.0.72:15077|priority:1|startupRole:FOLLOWER, e7773167-2049-479c-a584-e45e7fe0d5b5|rpc:10.1.0.72:15085|admin:10.1.0.72:15084|client:10.1.0.72:15083|dataStream:10.1.0.72:15086|priority:0|startupRole:FOLLOWER]|listeners:[], old=null
2023-09-08 11:18:14,895 [e7773167-2049-479c-a584-e45e7fe0d5b5@group-0148662441ED-FollowerState] INFO  server.RaftServerConfigKeys (ConfUtils.java:logFallback(53)) - raft.server.rpc.first-election.timeout.min = 5s (fallback to raft.server.rpc.timeout.min)
2023-09-08 11:18:14,895 [e7773167-2049-479c-a584-e45e7fe0d5b5@group-0148662441ED-FollowerState] INFO  server.RaftServerConfigKeys (ConfUtils.java:logFallback(53)) - raft.server.rpc.first-election.timeout.max = 5200ms (fallback to raft.server.rpc.timeout.max)
2023-09-08 11:18:14,896 [grpc-default-executor-6] INFO  impl.VoteContext (VoteContext.java:log(49)) - e7773167-2049-479c-a584-e45e7fe0d5b5@group-0148662441ED-FOLLOWER: accept ELECTION from 31c5dcde-db57-40d7-a24d-ec5de7583a50: our priority 0 <= candidate's priority 1
2023-09-08 11:18:14,896 [grpc-default-executor-6] INFO  server.RaftServer$Division (RaftServerImpl.java:setRole(329)) - e7773167-2049-479c-a584-e45e7fe0d5b5@group-0148662441ED: changes role from  FOLLOWER to FOLLOWER at term 1 for candidate:31c5dcde-db57-40d7-a24d-ec5de7583a50
2023-09-08 11:18:14,896 [grpc-default-executor-6] INFO  impl.RoleInfo (RoleInfo.java:shutdownFollowerState(110)) - e7773167-2049-479c-a584-e45e7fe0d5b5: shutdown e7773167-2049-479c-a584-e45e7fe0d5b5@group-0148662441ED-FollowerState
2023-09-08 11:18:14,896 [grpc-default-executor-6] INFO  impl.RoleInfo (RoleInfo.java:updateAndGet(139)) - e7773167-2049-479c-a584-e45e7fe0d5b5: start e7773167-2049-479c-a584-e45e7fe0d5b5@group-0148662441ED-FollowerState
2023-09-08 11:18:14,896 [e7773167-2049-479c-a584-e45e7fe0d5b5@group-0148662441ED-FollowerState] INFO  impl.FollowerState (FollowerState.java:run(152)) - e7773167-2049-479c-a584-e45e7fe0d5b5@group-0148662441ED-FollowerState was interrupted
2023-09-08 11:18:14,900 [grpc-default-executor-6] INFO  server.RaftServer$Division (RaftServerImpl.java:requestVote(1335)) - e7773167-2049-479c-a584-e45e7fe0d5b5@group-0148662441ED replies to ELECTION vote request: 31c5dcde-db57-40d7-a24d-ec5de7583a50<-e7773167-2049-479c-a584-e45e7fe0d5b5#0:OK-t1. Peer's state: e7773167-2049-479c-a584-e45e7fe0d5b5@group-0148662441ED:t1, leader=null, voted=31c5dcde-db57-40d7-a24d-ec5de7583a50, raftlog=Memoized:e7773167-2049-479c-a584-e45e7fe0d5b5@group-0148662441ED-SegmentedRaftLog:OPENED:c-1, conf=-1: peers:[250abfd1-bd23-40f0-a4b0-f7070b21e986|rpc:10.1.0.72:15067|admin:10.1.0.72:15066|client:10.1.0.72:15065|dataStream:10.1.0.72:15068|priority:0|startupRole:FOLLOWER, 31c5dcde-db57-40d7-a24d-ec5de7583a50|rpc:10.1.0.72:15076|admin:10.1.0.72:15075|client:10.1.0.72:15074|dataStream:10.1.0.72:15077|priority:1|startupRole:FOLLOWER, e7773167-2049-479c-a584-e45e7fe0d5b5|rpc:10.1.0.72:15085|admin:10.1.0.72:15084|client:10.1.0.72:15083|dataStream:10.1.0.72:15086|priority:0|startupRole:FOLLOWER]|listeners:[], old=null
2023-09-08 11:18:14,902 [31c5dcde-db57-40d7-a24d-ec5de7583a50@group-0148662441ED-LeaderElection15] INFO  impl.LeaderElection (LeaderElection.java:logAndReturn(90)) - 31c5dcde-db57-40d7-a24d-ec5de7583a50@group-0148662441ED-LeaderElection15: ELECTION PASSED received 1 response(s) and 0 exception(s):
2023-09-08 11:18:14,902 [31c5dcde-db57-40d7-a24d-ec5de7583a50@group-0148662441ED-LeaderElection15] INFO  impl.LeaderElection (LeaderElection.java:logAndReturn(94)) -   Response 0: 31c5dcde-db57-40d7-a24d-ec5de7583a50<-250abfd1-bd23-40f0-a4b0-f7070b21e986#0:OK-t1
2023-09-08 11:18:14,902 [31c5dcde-db57-40d7-a24d-ec5de7583a50@group-0148662441ED-LeaderElection15] INFO  impl.LeaderElection (LeaderElection.java:askForVotes(323)) - 31c5dcde-db57-40d7-a24d-ec5de7583a50@group-0148662441ED-LeaderElection15 ELECTION round 0: result PASSED
2023-09-08 11:18:14,902 [31c5dcde-db57-40d7-a24d-ec5de7583a50@group-0148662441ED-LeaderElection15] INFO  impl.RoleInfo (RoleInfo.java:shutdownLeaderElection(130)) - 31c5dcde-db57-40d7-a24d-ec5de7583a50: shutdown 31c5dcde-db57-40d7-a24d-ec5de7583a50@group-0148662441ED-LeaderElection15
2023-09-08 11:18:14,902 [31c5dcde-db57-40d7-a24d-ec5de7583a50@group-0148662441ED-LeaderElection15] INFO  server.RaftServer$Division (RaftServerImpl.java:setRole(329)) - 31c5dcde-db57-40d7-a24d-ec5de7583a50@group-0148662441ED: changes role from CANDIDATE to LEADER at term 1 for changeToLeader
2023-09-08 11:18:14,902 [31c5dcde-db57-40d7-a24d-ec5de7583a50@group-0148662441ED-LeaderElection15] INFO  ratis.XceiverServerRatis (XceiverServerRatis.java:handleLeaderChangedNotification(902)) - Leader change notification received for group: group-0148662441ED with new leaderId: 31c5dcde-db57-40d7-a24d-ec5de7583a50
2023-09-08 11:18:14,903 [31c5dcde-db57-40d7-a24d-ec5de7583a50@group-0148662441ED-LeaderElection15] INFO  server.RaftServer$Division (ServerState.java:setLeader(317)) - 31c5dcde-db57-40d7-a24d-ec5de7583a50@group-0148662441ED: change Leader from null to 31c5dcde-db57-40d7-a24d-ec5de7583a50 at term 1 for becomeLeader, leader elected after 5271ms
2023-09-08 11:18:14,903 [31c5dcde-db57-40d7-a24d-ec5de7583a50@group-0148662441ED-LeaderElection15] INFO  server.RaftServerConfigKeys (ConfUtils.java:logGet(46)) - raft.server.staging.catchup.gap = 1000 (default)
2023-09-08 11:18:14,903 [31c5dcde-db57-40d7-a24d-ec5de7583a50@group-0148662441ED-LeaderElection15] INFO  server.RaftServerConfigKeys (ConfUtils.java:logGet(46)) - raft.server.write.element-limit = 1024 (custom)
2023-09-08 11:18:14,903 [31c5dcde-db57-40d7-a24d-ec5de7583a50@group-0148662441ED-LeaderElection15] INFO  server.RaftServerConfigKeys (ConfUtils.java:logGet(46)) - raft.server.write.byte-limit = 1024 M (=1073741824) (custom)
2023-09-08 11:18:14,903 [31c5dcde-db57-40d7-a24d-ec5de7583a50@group-0148662441ED-LeaderElection15] INFO  server.RaftServerConfigKeys (ConfUtils.java:logGet(46)) - raft.server.watch.timeout = 180s (custom)
2023-09-08 11:18:14,904 [31c5dcde-db57-40d7-a24d-ec5de7583a50@group-0148662441ED-LeaderElection15] INFO  server.RaftServerConfigKeys (ConfUtils.java:logGet(46)) - raft.server.watch.timeout.denomination = 1s (default)
2023-09-08 11:18:14,904 [31c5dcde-db57-40d7-a24d-ec5de7583a50@group-0148662441ED-LeaderElection15] INFO  server.RaftServerConfigKeys (ConfUtils.java:logGet(46)) - raft.server.watch.element-limit = 65536 (default)
2023-09-08 11:18:14,904 [31c5dcde-db57-40d7-a24d-ec5de7583a50@group-0148662441ED-LeaderElection15] INFO  server.RaftServerConfigKeys (ConfUtils.java:logGet(46)) - raft.server.write.element-limit = 1024 (custom)
2023-09-08 11:18:14,904 [31c5dcde-db57-40d7-a24d-ec5de7583a50@group-0148662441ED-LeaderElection15] INFO  server.RaftServerConfigKeys (ConfUtils.java:logGet(46)) - raft.server.write.follower.gap.ratio.max = -1.0 (default)
2023-09-08 11:18:14,904 [31c5dcde-db57-40d7-a24d-ec5de7583a50@group-0148662441ED-LeaderElection15] INFO  server.RaftServerConfigKeys (ConfUtils.java:logGet(46)) - raft.server.log.appender.snapshot.chunk.size.max = 16MB (=16777216) (default)
2023-09-08 11:18:14,904 [31c5dcde-db57-40d7-a24d-ec5de7583a50@group-0148662441ED-LeaderElection15] INFO  server.RaftServerConfigKeys (ConfUtils.java:logGet(46)) - raft.server.log.appender.buffer.byte-limit = 33554432 (custom)
2023-09-08 11:18:14,905 [31c5dcde-db57-40d7-a24d-ec5de7583a50@group-0148662441ED-LeaderElection15] INFO  server.RaftServerConfigKeys (ConfUtils.java:logGet(46)) - raft.server.log.appender.buffer.element-limit = 1 (custom)
2023-09-08 11:18:14,905 [31c5dcde-db57-40d7-a24d-ec5de7583a50@group-0148662441ED-LeaderElection15] INFO  server.RaftServerConfigKeys (ConfUtils.java:logGet(46)) - raft.server.log.appender.wait-time.min = 10ms (default)
2023-09-08 11:18:14,905 [31c5dcde-db57-40d7-a24d-ec5de7583a50@group-0148662441ED-LeaderElection15] INFO  grpc.GrpcConfigKeys (ConfUtils.java:logGet(46)) - raft.grpc.server.leader.outstanding.appends.max = 128 (default)
2023-09-08 11:18:14,905 [31c5dcde-db57-40d7-a24d-ec5de7583a50@group-0148662441ED-LeaderElection15] INFO  server.RaftServerConfigKeys (ConfUtils.java:logGet(46)) - raft.server.rpc.request.timeout = 60s (custom)
2023-09-08 11:18:14,909 [31c5dcde-db57-40d7-a24d-ec5de7583a50@group-0148662441ED-LeaderElection15] INFO  grpc.GrpcConfigKeys (ConfUtils.java:logGet(46)) - raft.grpc.server.install_snapshot.request.element-limit = 8 (default)
2023-09-08 11:18:14,909 [31c5dcde-db57-40d7-a24d-ec5de7583a50@group-0148662441ED-LeaderElection15] INFO  grpc.GrpcConfigKeys (ConfUtils.java:logGet(46)) - raft.grpc.server.install_snapshot.request.timeout = 3000ms (default)
2023-09-08 11:18:14,909 [31c5dcde-db57-40d7-a24d-ec5de7583a50@group-0148662441ED-LeaderElection15] INFO  server.RaftServerConfigKeys (ConfUtils.java:logGet(46)) - raft.server.log.appender.install.snapshot.enabled = false (custom)
2023-09-08 11:18:14,909 [31c5dcde-db57-40d7-a24d-ec5de7583a50@group-0148662441ED-LeaderElection15] INFO  grpc.GrpcConfigKeys (ConfUtils.java:logGet(46)) - raft.grpc.server.heartbeat.channel = true (default)
2023-09-08 11:18:14,910 [EventQueue-PipelineReportForPipelineReportHandler] INFO  pipeline.PipelineReportHandler (PipelineReportHandler.java:processPipelineReport(136)) - Opened pipeline PipelineID=cae1cfef-08b9-4dc8-a6cf-0148662441ed
2023-09-08 11:18:14,911 [31c5dcde-db57-40d7-a24d-ec5de7583a50@group-0148662441ED-LeaderElection15] INFO  server.RaftServerConfigKeys (ConfUtils.java:logGet(46)) - raft.server.log.appender.snapshot.chunk.size.max = 16MB (=16777216) (default)
2023-09-08 11:18:14,911 [31c5dcde-db57-40d7-a24d-ec5de7583a50@group-0148662441ED-LeaderElection15] INFO  server.RaftServerConfigKeys (ConfUtils.java:logGet(46)) - raft.server.log.appender.buffer.byte-limit = 33554432 (custom)
2023-09-08 11:18:14,911 [31c5dcde-db57-40d7-a24d-ec5de7583a50@group-0148662441ED-LeaderElection15] INFO  server.RaftServerConfigKeys (ConfUtils.java:logGet(46)) - raft.server.log.appender.buffer.element-limit = 1 (custom)
2023-09-08 11:18:14,911 [31c5dcde-db57-40d7-a24d-ec5de7583a50@group-0148662441ED-LeaderElection15] INFO  server.RaftServerConfigKeys (ConfUtils.java:logGet(46)) - raft.server.log.appender.wait-time.min = 10ms (default)
2023-09-08 11:18:14,911 [31c5dcde-db57-40d7-a24d-ec5de7583a50@group-0148662441ED-LeaderElection15] INFO  grpc.GrpcConfigKeys (ConfUtils.java:logGet(46)) - raft.grpc.server.leader.outstanding.appends.max = 128 (default)
2023-09-08 11:18:14,911 [31c5dcde-db57-40d7-a24d-ec5de7583a50@group-0148662441ED-LeaderElection15] INFO  server.RaftServerConfigKeys (ConfUtils.java:logGet(46)) - raft.server.rpc.request.timeout = 60s (custom)
2023-09-08 11:18:14,912 [31c5dcde-db57-40d7-a24d-ec5de7583a50@group-0148662441ED-LeaderElection15] INFO  grpc.GrpcConfigKeys (ConfUtils.java:logGet(46)) - raft.grpc.server.install_snapshot.request.element-limit = 8 (default)
2023-09-08 11:18:14,912 [31c5dcde-db57-40d7-a24d-ec5de7583a50@group-0148662441ED-LeaderElection15] INFO  grpc.GrpcConfigKeys (ConfUtils.java:logGet(46)) - raft.grpc.server.install_snapshot.request.timeout = 3000ms (default)
2023-09-08 11:18:14,912 [31c5dcde-db57-40d7-a24d-ec5de7583a50@group-0148662441ED-LeaderElection15] INFO  server.RaftServerConfigKeys (ConfUtils.java:logGet(46)) - raft.server.log.appender.install.snapshot.enabled = false (custom)
2023-09-08 11:18:14,912 [31c5dcde-db57-40d7-a24d-ec5de7583a50@group-0148662441ED-LeaderElection15] INFO  grpc.GrpcConfigKeys (ConfUtils.java:logGet(46)) - raft.grpc.server.heartbeat.channel = true (default)
2023-09-08 11:18:14,912 [31c5dcde-db57-40d7-a24d-ec5de7583a50@group-0148662441ED-LeaderElection15] INFO  impl.RoleInfo (RoleInfo.java:updateAndGet(139)) - 31c5dcde-db57-40d7-a24d-ec5de7583a50: start 31c5dcde-db57-40d7-a24d-ec5de7583a50@group-0148662441ED-LeaderStateImpl
2023-09-08 11:18:14,912 [31c5dcde-db57-40d7-a24d-ec5de7583a50@group-0148662441ED-LeaderElection15] INFO  segmented.SegmentedRaftLogWorker (SegmentedRaftLogWorker.java:startLogSegment(447)) - 31c5dcde-db57-40d7-a24d-ec5de7583a50@group-0148662441ED-SegmentedRaftLogWorker: Starting segment from index:0
2023-09-08 11:18:14,914 [31c5dcde-db57-40d7-a24d-ec5de7583a50@group-0148662441ED-SegmentedRaftLogWorker] INFO  segmented.SegmentedRaftLogWorker (SegmentedRaftLogWorker.java:execute(651)) - 31c5dcde-db57-40d7-a24d-ec5de7583a50@group-0148662441ED-SegmentedRaftLogWorker: created new log segment /home/runner/work/ozone/ozone/hadoop-ozone/integration-test/target/test-dir/MiniOzoneClusterImpl-fc42fee5-8bb2-43c7-8c2a-cc72dd658d38/datanode-1/data/ratis/cae1cfef-08b9-4dc8-a6cf-0148662441ed/current/log_inprogress_0
2023-09-08 11:18:14,930 [31c5dcde-db57-40d7-a24d-ec5de7583a50@group-0148662441ED-LeaderElection15] INFO  server.RaftServer$Division (ServerState.java:setRaftConf(434)) - 31c5dcde-db57-40d7-a24d-ec5de7583a50@group-0148662441ED: set configuration 0: peers:[250abfd1-bd23-40f0-a4b0-f7070b21e986|rpc:10.1.0.72:15067|admin:10.1.0.72:15066|client:10.1.0.72:15065|dataStream:10.1.0.72:15068|priority:0|startupRole:FOLLOWER, 31c5dcde-db57-40d7-a24d-ec5de7583a50|rpc:10.1.0.72:15076|admin:10.1.0.72:15075|client:10.1.0.72:15074|dataStream:10.1.0.72:15077|priority:1|startupRole:FOLLOWER, e7773167-2049-479c-a584-e45e7fe0d5b5|rpc:10.1.0.72:15085|admin:10.1.0.72:15084|client:10.1.0.72:15083|dataStream:10.1.0.72:15086|priority:0|startupRole:FOLLOWER]|listeners:[], old=null
2023-09-08 11:18:14,943 [e7773167-2049-479c-a584-e45e7fe0d5b5-server-thread1] INFO  ratis.XceiverServerRatis (XceiverServerRatis.java:handleLeaderChangedNotification(902)) - Leader change notification received for group: group-0148662441ED with new leaderId: 31c5dcde-db57-40d7-a24d-ec5de7583a50
2023-09-08 11:18:14,943 [e7773167-2049-479c-a584-e45e7fe0d5b5-server-thread1] INFO  server.RaftServer$Division (ServerState.java:setLeader(317)) - e7773167-2049-479c-a584-e45e7fe0d5b5@group-0148662441ED: change Leader from null to 31c5dcde-db57-40d7-a24d-ec5de7583a50 at term 1 for appendEntries, leader elected after 5250ms
2023-09-08 11:18:14,952 [250abfd1-bd23-40f0-a4b0-f7070b21e986-server-thread1] INFO  ratis.XceiverServerRatis (XceiverServerRatis.java:handleLeaderChangedNotification(902)) - Leader change notification received for group: group-0148662441ED with new leaderId: 31c5dcde-db57-40d7-a24d-ec5de7583a50
2023-09-08 11:18:14,952 [250abfd1-bd23-40f0-a4b0-f7070b21e986-server-thread1] INFO  server.RaftServer$Division (ServerState.java:setLeader(317)) - 250abfd1-bd23-40f0-a4b0-f7070b21e986@group-0148662441ED: change Leader from null to 31c5dcde-db57-40d7-a24d-ec5de7583a50 at term 1 for appendEntries, leader elected after 5363ms
2023-09-08 11:18:14,969 [250abfd1-bd23-40f0-a4b0-f7070b21e986-server-thread2] INFO  server.RaftServer$Division (ServerState.java:setRaftConf(434)) - 250abfd1-bd23-40f0-a4b0-f7070b21e986@group-0148662441ED: set configuration 0: peers:[250abfd1-bd23-40f0-a4b0-f7070b21e986|rpc:10.1.0.72:15067|admin:10.1.0.72:15066|client:10.1.0.72:15065|dataStream:10.1.0.72:15068|priority:0|startupRole:FOLLOWER, 31c5dcde-db57-40d7-a24d-ec5de7583a50|rpc:10.1.0.72:15076|admin:10.1.0.72:15075|client:10.1.0.72:15074|dataStream:10.1.0.72:15077|priority:1|startupRole:FOLLOWER, e7773167-2049-479c-a584-e45e7fe0d5b5|rpc:10.1.0.72:15085|admin:10.1.0.72:15084|client:10.1.0.72:15083|dataStream:10.1.0.72:15086|priority:0|startupRole:FOLLOWER]|listeners:[], old=null
2023-09-08 11:18:14,969 [250abfd1-bd23-40f0-a4b0-f7070b21e986-server-thread2] INFO  segmented.SegmentedRaftLogWorker (SegmentedRaftLogWorker.java:startLogSegment(447)) - 250abfd1-bd23-40f0-a4b0-f7070b21e986@group-0148662441ED-SegmentedRaftLogWorker: Starting segment from index:0
2023-09-08 11:18:14,970 [e7773167-2049-479c-a584-e45e7fe0d5b5-server-thread3] INFO  server.RaftServer$Division (ServerState.java:setRaftConf(434)) - e7773167-2049-479c-a584-e45e7fe0d5b5@group-0148662441ED: set configuration 0: peers:[250abfd1-bd23-40f0-a4b0-f7070b21e986|rpc:10.1.0.72:15067|admin:10.1.0.72:15066|client:10.1.0.72:15065|dataStream:10.1.0.72:15068|priority:0|startupRole:FOLLOWER, 31c5dcde-db57-40d7-a24d-ec5de7583a50|rpc:10.1.0.72:15076|admin:10.1.0.72:15075|client:10.1.0.72:15074|dataStream:10.1.0.72:15077|priority:1|startupRole:FOLLOWER, e7773167-2049-479c-a584-e45e7fe0d5b5|rpc:10.1.0.72:15085|admin:10.1.0.72:15084|client:10.1.0.72:15083|dataStream:10.1.0.72:15086|priority:0|startupRole:FOLLOWER]|listeners:[], old=null
2023-09-08 11:18:14,970 [e7773167-2049-479c-a584-e45e7fe0d5b5-server-thread3] INFO  segmented.SegmentedRaftLogWorker (SegmentedRaftLogWorker.java:startLogSegment(447)) - e7773167-2049-479c-a584-e45e7fe0d5b5@group-0148662441ED-SegmentedRaftLogWorker: Starting segment from index:0
2023-09-08 11:18:14,972 [250abfd1-bd23-40f0-a4b0-f7070b21e986@group-0148662441ED-SegmentedRaftLogWorker] INFO  segmented.SegmentedRaftLogWorker (SegmentedRaftLogWorker.java:execute(651)) - 250abfd1-bd23-40f0-a4b0-f7070b21e986@group-0148662441ED-SegmentedRaftLogWorker: created new log segment /home/runner/work/ozone/ozone/hadoop-ozone/integration-test/target/test-dir/MiniOzoneClusterImpl-fc42fee5-8bb2-43c7-8c2a-cc72dd658d38/datanode-0/data/ratis/cae1cfef-08b9-4dc8-a6cf-0148662441ed/current/log_inprogress_0
2023-09-08 11:18:14,974 [e7773167-2049-479c-a584-e45e7fe0d5b5@group-0148662441ED-SegmentedRaftLogWorker] INFO  segmented.SegmentedRaftLogWorker (SegmentedRaftLogWorker.java:execute(651)) - e7773167-2049-479c-a584-e45e7fe0d5b5@group-0148662441ED-SegmentedRaftLogWorker: created new log segment /home/runner/work/ozone/ozone/hadoop-ozone/integration-test/target/test-dir/MiniOzoneClusterImpl-fc42fee5-8bb2-43c7-8c2a-cc72dd658d38/datanode-2/data/ratis/cae1cfef-08b9-4dc8-a6cf-0148662441ed/current/log_inprogress_0
2023-09-08 11:18:15,058 [main] INFO  ozone.MiniOzoneClusterImpl (MiniOzoneClusterImpl.java:lambda$waitForClusterToBeReady$0(224)) - Nodes are ready. Got 5 of 5 DN Heartbeats.
2023-09-08 11:18:15,058 [main] INFO  ozone.MiniOzoneClusterImpl (MiniOzoneClusterImpl.java:lambda$waitForClusterToBeReady$0(227)) - Cluster exits safe mode
2023-09-08 11:18:15,058 [main] INFO  ozone.MiniOzoneClusterImpl (MiniOzoneClusterImpl.java:lambda$waitForClusterToBeReady$0(229)) - SCM became leader
2023-09-08 11:18:15,077 [31c5dcde-db57-40d7-a24d-ec5de7583a50@group-D302E3903700-FollowerState] INFO  impl.FollowerState (FollowerState.java:run(143)) - 31c5dcde-db57-40d7-a24d-ec5de7583a50@group-D302E3903700-FollowerState: change to CANDIDATE, lastRpcElapsedTime:5116978113ns, electionTimeout:5108ms
2023-09-08 11:18:15,077 [31c5dcde-db57-40d7-a24d-ec5de7583a50@group-D302E3903700-FollowerState] INFO  impl.RoleInfo (RoleInfo.java:shutdownFollowerState(110)) - 31c5dcde-db57-40d7-a24d-ec5de7583a50: shutdown 31c5dcde-db57-40d7-a24d-ec5de7583a50@group-D302E3903700-FollowerState
2023-09-08 11:18:15,077 [31c5dcde-db57-40d7-a24d-ec5de7583a50@group-D302E3903700-FollowerState] INFO  server.RaftServer$Division (RaftServerImpl.java:setRole(329)) - 31c5dcde-db57-40d7-a24d-ec5de7583a50@group-D302E3903700: changes role from  FOLLOWER to CANDIDATE at term 0 for changeToCandidate
2023-09-08 11:18:15,078 [31c5dcde-db57-40d7-a24d-ec5de7583a50@group-D302E3903700-FollowerState] INFO  server.RaftServerConfigKeys (ConfUtils.java:logGet(46)) - raft.server.leaderelection.pre-vote = true (default)
2023-09-08 11:18:15,078 [31c5dcde-db57-40d7-a24d-ec5de7583a50@group-D302E3903700-FollowerState] INFO  impl.RoleInfo (RoleInfo.java:updateAndGet(139)) - 31c5dcde-db57-40d7-a24d-ec5de7583a50: start 31c5dcde-db57-40d7-a24d-ec5de7583a50@group-D302E3903700-LeaderElection16
2023-09-08 11:18:15,091 [main] INFO  rpc.RpcClient (RpcClient.java:createVolume(461)) - Creating Volume: volume79664, with user96359 as owner and space quota set to -1 bytes, counts quota set to -1
2023-09-08 11:18:15,098 [31c5dcde-db57-40d7-a24d-ec5de7583a50@group-D302E3903700-LeaderElection16] INFO  impl.LeaderElection (LeaderElection.java:askForVotes(321)) - 31c5dcde-db57-40d7-a24d-ec5de7583a50@group-D302E3903700-LeaderElection16 PRE_VOTE round 0: submit vote requests at term 0 for -1: peers:[31c5dcde-db57-40d7-a24d-ec5de7583a50|rpc:10.1.0.72:15076|admin:10.1.0.72:15075|client:10.1.0.72:15074|dataStream:10.1.0.72:15077|priority:1|startupRole:FOLLOWER]|listeners:[], old=null
2023-09-08 11:18:15,098 [31c5dcde-db57-40d7-a24d-ec5de7583a50@group-D302E3903700-LeaderElection16] INFO  impl.LeaderElection (LeaderElection.java:askForVotes(323)) - 31c5dcde-db57-40d7-a24d-ec5de7583a50@group-D302E3903700-LeaderElection16 PRE_VOTE round 0: result PASSED (term=0)
2023-09-08 11:18:15,104 [31c5dcde-db57-40d7-a24d-ec5de7583a50@group-D302E3903700-LeaderElection16] INFO  impl.LeaderElection (LeaderElection.java:askForVotes(321)) - 31c5dcde-db57-40d7-a24d-ec5de7583a50@group-D302E3903700-LeaderElection16 ELECTION round 0: submit vote requests at term 1 for -1: peers:[31c5dcde-db57-40d7-a24d-ec5de7583a50|rpc:10.1.0.72:15076|admin:10.1.0.72:15075|client:10.1.0.72:15074|dataStream:10.1.0.72:15077|priority:1|startupRole:FOLLOWER]|listeners:[], old=null
2023-09-08 11:18:15,104 [31c5dcde-db57-40d7-a24d-ec5de7583a50@group-D302E3903700-LeaderElection16] INFO  impl.LeaderElection (LeaderElection.java:askForVotes(323)) - 31c5dcde-db57-40d7-a24d-ec5de7583a50@group-D302E3903700-LeaderElection16 ELECTION round 0: result PASSED (term=1)
2023-09-08 11:18:15,104 [31c5dcde-db57-40d7-a24d-ec5de7583a50@group-D302E3903700-LeaderElection16] INFO  impl.RoleInfo (RoleInfo.java:shutdownLeaderElection(130)) - 31c5dcde-db57-40d7-a24d-ec5de7583a50: shutdown 31c5dcde-db57-40d7-a24d-ec5de7583a50@group-D302E3903700-LeaderElection16
2023-09-08 11:18:15,104 [31c5dcde-db57-40d7-a24d-ec5de7583a50@group-D302E3903700-LeaderElection16] INFO  server.RaftServer$Division (RaftServerImpl.java:setRole(329)) - 31c5dcde-db57-40d7-a24d-ec5de7583a50@group-D302E3903700: changes role from CANDIDATE to LEADER at term 1 for changeToLeader
2023-09-08 11:18:15,104 [31c5dcde-db57-40d7-a24d-ec5de7583a50@group-D302E3903700-LeaderElection16] INFO  ratis.XceiverServerRatis (XceiverServerRatis.java:handleLeaderChangedNotification(902)) - Leader change notification received for group: group-D302E3903700 with new leaderId: 31c5dcde-db57-40d7-a24d-ec5de7583a50
2023-09-08 11:18:15,105 [31c5dcde-db57-40d7-a24d-ec5de7583a50@group-D302E3903700-LeaderElection16] INFO  server.RaftServer$Division (ServerState.java:setLeader(317)) - 31c5dcde-db57-40d7-a24d-ec5de7583a50@group-D302E3903700: change Leader from null to 31c5dcde-db57-40d7-a24d-ec5de7583a50 at term 1 for becomeLeader, leader elected after 5161ms
2023-09-08 11:18:15,105 [31c5dcde-db57-40d7-a24d-ec5de7583a50@group-D302E3903700-LeaderElection16] INFO  server.RaftServerConfigKeys (ConfUtils.java:logGet(46)) - raft.server.staging.catchup.gap = 1000 (default)
2023-09-08 11:18:15,105 [31c5dcde-db57-40d7-a24d-ec5de7583a50@group-D302E3903700-LeaderElection16] INFO  server.RaftServerConfigKeys (ConfUtils.java:logGet(46)) - raft.server.write.element-limit = 1024 (custom)
2023-09-08 11:18:15,105 [31c5dcde-db57-40d7-a24d-ec5de7583a50@group-D302E3903700-LeaderElection16] INFO  server.RaftServerConfigKeys (ConfUtils.java:logGet(46)) - raft.server.write.byte-limit = 1024 M (=1073741824) (custom)
2023-09-08 11:18:15,105 [31c5dcde-db57-40d7-a24d-ec5de7583a50@group-D302E3903700-LeaderElection16] INFO  server.RaftServerConfigKeys (ConfUtils.java:logGet(46)) - raft.server.watch.timeout = 180s (custom)
2023-09-08 11:18:15,106 [31c5dcde-db57-40d7-a24d-ec5de7583a50@group-D302E3903700-LeaderElection16] INFO  server.RaftServerConfigKeys (ConfUtils.java:logGet(46)) - raft.server.watch.timeout.denomination = 1s (default)
2023-09-08 11:18:15,106 [31c5dcde-db57-40d7-a24d-ec5de7583a50@group-D302E3903700-LeaderElection16] INFO  server.RaftServerConfigKeys (ConfUtils.java:logGet(46)) - raft.server.watch.element-limit = 65536 (default)
2023-09-08 11:18:15,106 [31c5dcde-db57-40d7-a24d-ec5de7583a50@group-D302E3903700-LeaderElection16] INFO  server.RaftServerConfigKeys (ConfUtils.java:logGet(46)) - raft.server.write.element-limit = 1024 (custom)
2023-09-08 11:18:15,106 [31c5dcde-db57-40d7-a24d-ec5de7583a50@group-D302E3903700-LeaderElection16] INFO  server.RaftServerConfigKeys (ConfUtils.java:logGet(46)) - raft.server.write.follower.gap.ratio.max = -1.0 (default)
2023-09-08 11:18:15,106 [31c5dcde-db57-40d7-a24d-ec5de7583a50@group-D302E3903700-LeaderElection16] INFO  impl.RoleInfo (RoleInfo.java:updateAndGet(139)) - 31c5dcde-db57-40d7-a24d-ec5de7583a50: start 31c5dcde-db57-40d7-a24d-ec5de7583a50@group-D302E3903700-LeaderStateImpl
2023-09-08 11:18:15,106 [31c5dcde-db57-40d7-a24d-ec5de7583a50@group-D302E3903700-LeaderElection16] INFO  segmented.SegmentedRaftLogWorker (SegmentedRaftLogWorker.java:startLogSegment(447)) - 31c5dcde-db57-40d7-a24d-ec5de7583a50@group-D302E3903700-SegmentedRaftLogWorker: Starting segment from index:0
2023-09-08 11:18:15,093 [IPC Server handler 1 on default port 15057] INFO  volume.OMVolumeCreateRequest (OMVolumeCreateRequest.java:validateAndUpdateCache(196)) - created volume:volume79664 for user:user96359
2023-09-08 11:18:15,114 [31c5dcde-db57-40d7-a24d-ec5de7583a50@group-D302E3903700-LeaderElection16] INFO  server.RaftServer$Division (ServerState.java:setRaftConf(434)) - 31c5dcde-db57-40d7-a24d-ec5de7583a50@group-D302E3903700: set configuration 0: peers:[31c5dcde-db57-40d7-a24d-ec5de7583a50|rpc:10.1.0.72:15076|admin:10.1.0.72:15075|client:10.1.0.72:15074|dataStream:10.1.0.72:15077|priority:1|startupRole:FOLLOWER]|listeners:[], old=null
2023-09-08 11:18:15,115 [31c5dcde-db57-40d7-a24d-ec5de7583a50@group-D302E3903700-SegmentedRaftLogWorker] INFO  segmented.SegmentedRaftLogWorker (SegmentedRaftLogWorker.java:execute(651)) - 31c5dcde-db57-40d7-a24d-ec5de7583a50@group-D302E3903700-SegmentedRaftLogWorker: created new log segment /home/runner/work/ozone/ozone/hadoop-ozone/integration-test/target/test-dir/MiniOzoneClusterImpl-fc42fee5-8bb2-43c7-8c2a-cc72dd658d38/datanode-1/data/ratis/4699ad16-16f7-44fe-b270-d302e3903700/current/log_inprogress_0
2023-09-08 11:18:15,119 [main] INFO  rpc.RpcClient (RpcClient.java:createBucket(688)) - Creating Bucket: volume79664/bucket82507, with bucket layout LEGACY, runner as owner, Versioning false, Storage Type set to DISK and Encryption set to false, Replication Type set to server-side default replication type, Namespace Quota set to -1, Space Quota set to -1 
2023-09-08 11:18:15,121 [IPC Server handler 3 on default port 15057] INFO  bucket.OMBucketCreateRequest (OMBucketCreateRequest.java:validateAndUpdateCache(270)) - created bucket: bucket82507 of layout LEGACY in volume: volume79664
]]></system-out>
  </testcase>
  <testcase name="testGetTrashRoot" classname="TestOzoneFileSystem" time="17.744">
    <system-out><![CDATA[2023-09-08 11:19:15,575 [main] INFO  ozone.MiniOzoneClusterImpl (MiniOzoneClusterImpl.java:shutdown(443)) - Shutting down the Mini Ozone Cluster
2023-09-08 11:19:15,575 [main] INFO  ozone.MiniOzoneClusterImpl (MiniOzoneClusterImpl.java:stop(460)) - Stopping the Mini Ozone Cluster
2023-09-08 11:19:15,575 [main] INFO  ozone.MiniOzoneClusterImpl (MiniOzoneClusterImpl.java:stopOM(551)) - Stopping the OzoneManager
2023-09-08 11:19:15,575 [main] INFO  om.OzoneManager (OzoneManager.java:stop(2204)) - om1[localhost:15057]: Stopping Ozone Manager
2023-09-08 11:19:15,575 [main] INFO  ipc.Server (Server.java:stop(3523)) - Stopping server on 15057
2023-09-08 11:19:15,581 [IPC Server listener on 15057] INFO  ipc.Server (Server.java:run(1434)) - Stopping IPC Server listener on 15057
2023-09-08 11:19:15,584 [IPC Server Responder] INFO  ipc.Server (Server.java:run(1567)) - Stopping IPC Server Responder
2023-09-08 11:19:15,585 [main] INFO  ratis.OzoneManagerDoubleBuffer (OzoneManagerDoubleBuffer.java:stopDaemon(551)) - Stopping OMDoubleBuffer flush thread
2023-09-08 11:19:15,585 [OMDoubleBufferFlushThread] INFO  ratis.OzoneManagerDoubleBuffer (OzoneManagerDoubleBuffer.java:canFlush(638)) - OMDoubleBuffer flush thread OMDoubleBufferFlushThread is interrupted and will exit.
2023-09-08 11:19:15,585 [main] INFO  utils.BackgroundService (BackgroundService.java:shutdown(141)) - Shutting down service KeyDeletingService
2023-09-08 11:19:15,585 [main] INFO  utils.BackgroundService (BackgroundService.java:shutdown(141)) - Shutting down service KeyDeletingService
2023-09-08 11:19:15,585 [main] INFO  utils.BackgroundService (BackgroundService.java:shutdown(141)) - Shutting down service OpenKeyCleanupService
2023-09-08 11:19:15,586 [main] INFO  utils.BackgroundService (BackgroundService.java:shutdown(141)) - Shutting down service SstFilteringService
2023-09-08 11:19:15,586 [main] INFO  utils.BackgroundService (BackgroundService.java:shutdown(141)) - Shutting down service SnapshotDeletingService
2023-09-08 11:19:15,587 [main] INFO  handler.ContextHandler (ContextHandler.java:doStop(1159)) - Stopped o.e.j.w.WebAppContext@5d1ad273{ozoneManager,/,null,STOPPED}{file:/home/runner/work/ozone/ozone/hadoop-ozone/integration-test/target/test-classes/webapps/ozoneManager}
2023-09-08 11:19:15,588 [main] INFO  server.AbstractConnector (AbstractConnector.java:doStop(383)) - Stopped ServerConnector@64a23d65{HTTP/1.1, (http/1.1)}{0.0.0.0:15058}
2023-09-08 11:19:15,588 [main] INFO  server.session (HouseKeeper.java:stopScavenging(149)) - node0 Stopped scavenging
2023-09-08 11:19:15,588 [main] INFO  handler.ContextHandler (ContextHandler.java:doStop(1159)) - Stopped o.e.j.s.ServletContextHandler@679bc4ea{static,/static,file:///home/runner/work/ozone/ozone/hadoop-ozone/integration-test/target/test-classes/webapps/static,STOPPED}
2023-09-08 11:19:15,588 [main] INFO  handler.ContextHandler (ContextHandler.java:doStop(1159)) - Stopped o.e.j.s.ServletContextHandler@428156ae{logs,/logs,file:///home/runner/work/ozone/ozone/hadoop-ozone/integration-test/target/log,STOPPED}
2023-09-08 11:19:15,589 [main] INFO  rocksdiff.RocksDBCheckpointDiffer (RocksDBCheckpointDiffer.java:close(343)) - Shutting down CompactionDagPruningService.
2023-09-08 11:19:15,589 [Trash Emptier] ERROR om.TrashPolicyOzone (TrashPolicyOzone.java:run(350)) - Error attempting to shutdown
java.lang.InterruptedException
	at java.util.concurrent.locks.AbstractQueuedSynchronizer$ConditionObject.awaitNanos(AbstractQueuedSynchronizer.java:2067)
	at java.util.concurrent.ThreadPoolExecutor.awaitTermination(ThreadPoolExecutor.java:1475)
	at org.apache.hadoop.ozone.om.TrashPolicyOzone$Emptier.run(TrashPolicyOzone.java:348)
	at java.lang.Thread.run(Thread.java:750)
2023-09-08 11:19:15,592 [main] INFO  snapshot.SnapshotDiffManager (SnapshotDiffManager.java:closeExecutorService(1706)) - Shutting down executorService: 'SnapDiffExecutor'
2023-09-08 11:19:15,592 [main] INFO  snapshot.SnapshotDiffManager (SnapshotDiffManager.java:closeExecutorService(1706)) - Shutting down executorService: 'SstDumpToolExecutor'
2023-09-08 11:19:15,592 [main] INFO  utils.BackgroundService (BackgroundService.java:shutdown(141)) - Shutting down service SnapshotDiffCleanupService
2023-09-08 11:19:15,594 [JvmPauseMonitor8] INFO  util.JvmPauseMonitor (JvmPauseMonitor.java:run(109)) - JvmPauseMonitor-21b00820-aacc-4f21-bc29-897c751438ee: Stopped
2023-09-08 11:19:15,594 [main] INFO  ozone.MiniOzoneClusterImpl (MiniOzoneClusterImpl.java:stopDatanodes(528)) - Stopping the HddsDatanodes
2023-09-08 11:19:15,601 [ForkJoinPool.commonPool-worker-3] INFO  ozoneimpl.OzoneContainer (OzoneContainer.java:stop(451)) - Attempting to stop container services.
2023-09-08 11:19:15,602 [ForkJoinPool.commonPool-worker-3] INFO  server.RaftServer (RaftServerProxy.java:lambda$close$6(416)) - 31c5dcde-db57-40d7-a24d-ec5de7583a50: close
2023-09-08 11:19:15,607 [31c5dcde-db57-40d7-a24d-ec5de7583a50-impl-thread2] INFO  server.RaftServer$Division (RaftServerImpl.java:lambda$close$4(466)) - 31c5dcde-db57-40d7-a24d-ec5de7583a50@group-0148662441ED: shutdown
2023-09-08 11:19:15,607 [31c5dcde-db57-40d7-a24d-ec5de7583a50-impl-thread2] INFO  util.JmxRegister (JmxRegister.java:unregister(73)) - Successfully un-registered JMX Bean with object name Ratis:service=RaftServer,group=group-0148662441ED,id=31c5dcde-db57-40d7-a24d-ec5de7583a50
2023-09-08 11:19:15,607 [31c5dcde-db57-40d7-a24d-ec5de7583a50-impl-thread2] INFO  impl.RoleInfo (RoleInfo.java:shutdownLeaderState(93)) - 31c5dcde-db57-40d7-a24d-ec5de7583a50: shutdown 31c5dcde-db57-40d7-a24d-ec5de7583a50@group-0148662441ED-LeaderStateImpl
2023-09-08 11:19:15,608 [31c5dcde-db57-40d7-a24d-ec5de7583a50-impl-thread3] INFO  server.RaftServer$Division (RaftServerImpl.java:lambda$close$4(466)) - 31c5dcde-db57-40d7-a24d-ec5de7583a50@group-D302E3903700: shutdown
2023-09-08 11:19:15,608 [31c5dcde-db57-40d7-a24d-ec5de7583a50-impl-thread3] INFO  util.JmxRegister (JmxRegister.java:unregister(73)) - Successfully un-registered JMX Bean with object name Ratis:service=RaftServer,group=group-D302E3903700,id=31c5dcde-db57-40d7-a24d-ec5de7583a50
2023-09-08 11:19:15,608 [31c5dcde-db57-40d7-a24d-ec5de7583a50-impl-thread3] INFO  impl.RoleInfo (RoleInfo.java:shutdownLeaderState(93)) - 31c5dcde-db57-40d7-a24d-ec5de7583a50: shutdown 31c5dcde-db57-40d7-a24d-ec5de7583a50@group-D302E3903700-LeaderStateImpl
2023-09-08 11:19:15,608 [31c5dcde-db57-40d7-a24d-ec5de7583a50-impl-thread3] INFO  impl.PendingRequests (PendingRequests.java:sendNotLeaderResponses(289)) - 31c5dcde-db57-40d7-a24d-ec5de7583a50@group-D302E3903700-PendingRequests: sendNotLeaderResponses
2023-09-08 11:19:15,609 [31c5dcde-db57-40d7-a24d-ec5de7583a50@group-D302E3903700-StateMachineUpdater] INFO  ratis.ContainerStateMachine (ContainerStateMachine.java:takeSnapshot(330)) - group-D302E3903700: Taking a snapshot at:(t:1, i:0) file /home/runner/work/ozone/ozone/hadoop-ozone/integration-test/target/test-dir/MiniOzoneClusterImpl-fc42fee5-8bb2-43c7-8c2a-cc72dd658d38/datanode-1/data/ratis/4699ad16-16f7-44fe-b270-d302e3903700/sm/snapshot.1_0
2023-09-08 11:19:15,609 [31c5dcde-db57-40d7-a24d-ec5de7583a50-impl-thread3] INFO  impl.StateMachineUpdater (StateMachineUpdater.java:stopAndJoin(155)) - 31c5dcde-db57-40d7-a24d-ec5de7583a50@group-D302E3903700-StateMachineUpdater: set stopIndex = 0
2023-09-08 11:19:15,610 [ForkJoinPool.commonPool-worker-3] INFO  server.GrpcService (GrpcService.java:closeImpl(311)) - 31c5dcde-db57-40d7-a24d-ec5de7583a50: shutdown server org.apache.ratis.grpc.server.GrpcClientProtocolService now
2023-09-08 11:19:15,610 [31c5dcde-db57-40d7-a24d-ec5de7583a50@group-D302E3903700-StateMachineUpdater] INFO  ratis.ContainerStateMachine (ContainerStateMachine.java:takeSnapshot(341)) - group-D302E3903700: Finished taking a snapshot at:(t:1, i:0) file:/home/runner/work/ozone/ozone/hadoop-ozone/integration-test/target/test-dir/MiniOzoneClusterImpl-fc42fee5-8bb2-43c7-8c2a-cc72dd658d38/datanode-1/data/ratis/4699ad16-16f7-44fe-b270-d302e3903700/sm/snapshot.1_0 took: 1 ms
2023-09-08 11:19:15,612 [31c5dcde-db57-40d7-a24d-ec5de7583a50@group-D302E3903700-StateMachineUpdater] INFO  impl.StateMachineUpdater (StateMachineUpdater.java:takeSnapshot(291)) - 31c5dcde-db57-40d7-a24d-ec5de7583a50@group-D302E3903700-StateMachineUpdater: Took a snapshot at index 0
2023-09-08 11:19:15,612 [31c5dcde-db57-40d7-a24d-ec5de7583a50@group-D302E3903700-StateMachineUpdater] INFO  impl.StateMachineUpdater (StateMachineUpdater.java:lambda$new$0(97)) - 31c5dcde-db57-40d7-a24d-ec5de7583a50@group-D302E3903700-StateMachineUpdater: snapshotIndex: updateIncreasingly -1 -> 0
2023-09-08 11:19:15,612 [31c5dcde-db57-40d7-a24d-ec5de7583a50-impl-thread3] INFO  server.RaftServer$Division (ServerState.java:close(472)) - 31c5dcde-db57-40d7-a24d-ec5de7583a50@group-D302E3903700: closes. applyIndex: 0
2023-09-08 11:19:15,612 [31c5dcde-db57-40d7-a24d-ec5de7583a50-impl-thread4] INFO  server.RaftServer$Division (RaftServerImpl.java:lambda$close$4(466)) - 31c5dcde-db57-40d7-a24d-ec5de7583a50@group-120BE6A4A936: shutdown
2023-09-08 11:19:15,613 [31c5dcde-db57-40d7-a24d-ec5de7583a50-impl-thread4] INFO  util.JmxRegister (JmxRegister.java:unregister(73)) - Successfully un-registered JMX Bean with object name Ratis:service=RaftServer,group=group-120BE6A4A936,id=31c5dcde-db57-40d7-a24d-ec5de7583a50
2023-09-08 11:19:15,613 [31c5dcde-db57-40d7-a24d-ec5de7583a50-impl-thread4] INFO  impl.RoleInfo (RoleInfo.java:shutdownFollowerState(110)) - 31c5dcde-db57-40d7-a24d-ec5de7583a50: shutdown 31c5dcde-db57-40d7-a24d-ec5de7583a50@group-120BE6A4A936-FollowerState
2023-09-08 11:19:15,613 [31c5dcde-db57-40d7-a24d-ec5de7583a50-impl-thread2] INFO  impl.PendingRequests (PendingRequests.java:sendNotLeaderResponses(289)) - 31c5dcde-db57-40d7-a24d-ec5de7583a50@group-0148662441ED-PendingRequests: sendNotLeaderResponses
2023-09-08 11:19:15,613 [31c5dcde-db57-40d7-a24d-ec5de7583a50@group-0148662441ED->e7773167-2049-479c-a584-e45e7fe0d5b5-GrpcLogAppender-LogAppenderDaemon] WARN  server.GrpcLogAppender (GrpcLogAppender.java:mayWait(199)) - 31c5dcde-db57-40d7-a24d-ec5de7583a50@group-0148662441ED->e7773167-2049-479c-a584-e45e7fe0d5b5-GrpcLogAppender: Wait interrupted by java.lang.InterruptedException
2023-09-08 11:19:15,614 [31c5dcde-db57-40d7-a24d-ec5de7583a50-impl-thread4] INFO  impl.StateMachineUpdater (StateMachineUpdater.java:stopAndJoin(155)) - 31c5dcde-db57-40d7-a24d-ec5de7583a50@group-120BE6A4A936-StateMachineUpdater: set stopIndex = 11
2023-09-08 11:19:15,614 [31c5dcde-db57-40d7-a24d-ec5de7583a50@group-120BE6A4A936-FollowerState] INFO  impl.FollowerState (FollowerState.java:run(152)) - 31c5dcde-db57-40d7-a24d-ec5de7583a50@group-120BE6A4A936-FollowerState was interrupted
2023-09-08 11:19:15,613 [31c5dcde-db57-40d7-a24d-ec5de7583a50@group-0148662441ED->250abfd1-bd23-40f0-a4b0-f7070b21e986-GrpcLogAppender-LogAppenderDaemon] WARN  server.GrpcLogAppender (GrpcLogAppender.java:mayWait(199)) - 31c5dcde-db57-40d7-a24d-ec5de7583a50@group-0148662441ED->250abfd1-bd23-40f0-a4b0-f7070b21e986-GrpcLogAppender: Wait interrupted by java.lang.InterruptedException
2023-09-08 11:19:15,625 [grpc-default-executor-2] INFO  server.GrpcServerProtocolService (GrpcServerProtocolService.java:onCompleted(155)) - e7773167-2049-479c-a584-e45e7fe0d5b5: Completed APPEND_ENTRIES, lastRequest: null
2023-09-08 11:19:15,629 [grpc-default-executor-2] INFO  server.GrpcServerProtocolService (GrpcServerProtocolService.java:lambda$onCompleted$5(157)) - e7773167-2049-479c-a584-e45e7fe0d5b5: Completed APPEND_ENTRIES, lastReply: serverReply {
  requestorId: "31c5dcde-db57-40d7-a24d-ec5de7583a50"
  replyId: "e7773167-2049-479c-a584-e45e7fe0d5b5"
  raftGroupId {
    id: "\312\341\317\357\b\271M\310\246\317\001Hf$A\355"
  }
  callId: 63
  success: true
}
term: 1
nextIndex: 19
followerCommit: 18
matchIndex: 18446744073709551615
isHearbeat: true

2023-09-08 11:19:15,625 [grpc-default-executor-3] INFO  server.GrpcServerProtocolService (GrpcServerProtocolService.java:onCompleted(155)) - e7773167-2049-479c-a584-e45e7fe0d5b5: Completed APPEND_ENTRIES, lastRequest: 31c5dcde-db57-40d7-a24d-ec5de7583a50->e7773167-2049-479c-a584-e45e7fe0d5b5#37-t1,previous=(t:1, i:17),leaderCommit=17,initializing? true,entries: size=1, first=(t:1, i:18), METADATAENTRY(c:17)
2023-09-08 11:19:15,629 [grpc-default-executor-3] INFO  server.GrpcServerProtocolService (GrpcServerProtocolService.java:lambda$onCompleted$5(157)) - e7773167-2049-479c-a584-e45e7fe0d5b5: Completed APPEND_ENTRIES, lastReply: null
2023-09-08 11:19:15,625 [grpc-default-executor-6] WARN  server.GrpcClientProtocolService (LogUtils.java:warn(122)) - 0-OrderedRequestStreamObserver0: onError: org.apache.ratis.thirdparty.io.grpc.StatusRuntimeException: CANCELLED: client cancelled
2023-09-08 11:19:15,624 [main] INFO  ozoneimpl.OzoneContainer (OzoneContainer.java:stop(451)) - Attempting to stop container services.
2023-09-08 11:19:15,624 [Thread-1057] INFO  server.GrpcServerProtocolClient (GrpcServerProtocolClient.java:close(103)) - e7773167-2049-479c-a584-e45e7fe0d5b5 Close channels
2023-09-08 11:19:15,624 [Thread-1055] INFO  server.GrpcServerProtocolClient (GrpcServerProtocolClient.java:close(103)) - 250abfd1-bd23-40f0-a4b0-f7070b21e986 Close channels
2023-09-08 11:19:15,628 [31c5dcde-db57-40d7-a24d-ec5de7583a50@group-120BE6A4A936-StateMachineUpdater] INFO  ratis.ContainerStateMachine (ContainerStateMachine.java:takeSnapshot(330)) - group-120BE6A4A936: Taking a snapshot at:(t:1, i:11) file /home/runner/work/ozone/ozone/hadoop-ozone/integration-test/target/test-dir/MiniOzoneClusterImpl-fc42fee5-8bb2-43c7-8c2a-cc72dd658d38/datanode-1/data/ratis/214054d4-b789-494d-8505-120be6a4a936/sm/snapshot.1_11
2023-09-08 11:19:15,632 [grpc-default-executor-5] INFO  server.GrpcServerProtocolService (GrpcServerProtocolService.java:onCompleted(155)) - 250abfd1-bd23-40f0-a4b0-f7070b21e986: Completed APPEND_ENTRIES, lastRequest: null
2023-09-08 11:19:15,632 [grpc-default-executor-5] INFO  server.GrpcServerProtocolService (GrpcServerProtocolService.java:lambda$onCompleted$5(157)) - 250abfd1-bd23-40f0-a4b0-f7070b21e986: Completed APPEND_ENTRIES, lastReply: serverReply {
  requestorId: "31c5dcde-db57-40d7-a24d-ec5de7583a50"
  replyId: "250abfd1-bd23-40f0-a4b0-f7070b21e986"
  raftGroupId {
    id: "\312\341\317\357\b\271M\310\246\317\001Hf$A\355"
  }
  callId: 61
  success: true
}
term: 1
nextIndex: 19
followerCommit: 18
matchIndex: 18446744073709551615
isHearbeat: true

2023-09-08 11:19:15,632 [grpc-default-executor-6] INFO  server.GrpcServerProtocolService (GrpcServerProtocolService.java:onCompleted(155)) - 250abfd1-bd23-40f0-a4b0-f7070b21e986: Completed APPEND_ENTRIES, lastRequest: 31c5dcde-db57-40d7-a24d-ec5de7583a50->250abfd1-bd23-40f0-a4b0-f7070b21e986#35-t1,previous=(t:1, i:17),leaderCommit=17,initializing? true,entries: size=1, first=(t:1, i:18), METADATAENTRY(c:17)
2023-09-08 11:19:15,632 [grpc-default-executor-6] INFO  server.GrpcServerProtocolService (GrpcServerProtocolService.java:lambda$onCompleted$5(157)) - 250abfd1-bd23-40f0-a4b0-f7070b21e986: Completed APPEND_ENTRIES, lastReply: null
2023-09-08 11:19:15,632 [31c5dcde-db57-40d7-a24d-ec5de7583a50@group-120BE6A4A936-StateMachineUpdater] INFO  ratis.ContainerStateMachine (ContainerStateMachine.java:takeSnapshot(341)) - group-120BE6A4A936: Finished taking a snapshot at:(t:1, i:11) file:/home/runner/work/ozone/ozone/hadoop-ozone/integration-test/target/test-dir/MiniOzoneClusterImpl-fc42fee5-8bb2-43c7-8c2a-cc72dd658d38/datanode-1/data/ratis/214054d4-b789-494d-8505-120be6a4a936/sm/snapshot.1_11 took: 5 ms
2023-09-08 11:19:15,633 [main] INFO  server.RaftServer (RaftServerProxy.java:lambda$close$6(416)) - e7773167-2049-479c-a584-e45e7fe0d5b5: close
2023-09-08 11:19:15,633 [31c5dcde-db57-40d7-a24d-ec5de7583a50@group-120BE6A4A936-StateMachineUpdater] INFO  impl.StateMachineUpdater (StateMachineUpdater.java:takeSnapshot(291)) - 31c5dcde-db57-40d7-a24d-ec5de7583a50@group-120BE6A4A936-StateMachineUpdater: Took a snapshot at index 11
2023-09-08 11:19:15,633 [31c5dcde-db57-40d7-a24d-ec5de7583a50@group-120BE6A4A936-StateMachineUpdater] INFO  impl.StateMachineUpdater (StateMachineUpdater.java:lambda$new$0(97)) - 31c5dcde-db57-40d7-a24d-ec5de7583a50@group-120BE6A4A936-StateMachineUpdater: snapshotIndex: updateIncreasingly -1 -> 11
2023-09-08 11:19:15,634 [31c5dcde-db57-40d7-a24d-ec5de7583a50-impl-thread2] INFO  impl.StateMachineUpdater (StateMachineUpdater.java:stopAndJoin(155)) - 31c5dcde-db57-40d7-a24d-ec5de7583a50@group-0148662441ED-StateMachineUpdater: set stopIndex = 18
2023-09-08 11:19:15,635 [31c5dcde-db57-40d7-a24d-ec5de7583a50@group-0148662441ED-StateMachineUpdater] INFO  ratis.ContainerStateMachine (ContainerStateMachine.java:takeSnapshot(330)) - group-0148662441ED: Taking a snapshot at:(t:1, i:18) file /home/runner/work/ozone/ozone/hadoop-ozone/integration-test/target/test-dir/MiniOzoneClusterImpl-fc42fee5-8bb2-43c7-8c2a-cc72dd658d38/datanode-1/data/ratis/cae1cfef-08b9-4dc8-a6cf-0148662441ed/sm/snapshot.1_18
2023-09-08 11:19:15,636 [31c5dcde-db57-40d7-a24d-ec5de7583a50@group-0148662441ED-StateMachineUpdater] INFO  ratis.ContainerStateMachine (ContainerStateMachine.java:takeSnapshot(341)) - group-0148662441ED: Finished taking a snapshot at:(t:1, i:18) file:/home/runner/work/ozone/ozone/hadoop-ozone/integration-test/target/test-dir/MiniOzoneClusterImpl-fc42fee5-8bb2-43c7-8c2a-cc72dd658d38/datanode-1/data/ratis/cae1cfef-08b9-4dc8-a6cf-0148662441ed/sm/snapshot.1_18 took: 1 ms
2023-09-08 11:19:15,636 [31c5dcde-db57-40d7-a24d-ec5de7583a50@group-0148662441ED-StateMachineUpdater] INFO  impl.StateMachineUpdater (StateMachineUpdater.java:takeSnapshot(291)) - 31c5dcde-db57-40d7-a24d-ec5de7583a50@group-0148662441ED-StateMachineUpdater: Took a snapshot at index 18
2023-09-08 11:19:15,636 [31c5dcde-db57-40d7-a24d-ec5de7583a50@group-0148662441ED-StateMachineUpdater] INFO  impl.StateMachineUpdater (StateMachineUpdater.java:lambda$new$0(97)) - 31c5dcde-db57-40d7-a24d-ec5de7583a50@group-0148662441ED-StateMachineUpdater: snapshotIndex: updateIncreasingly -1 -> 18
2023-09-08 11:19:15,637 [grpc-default-executor-7] INFO  server.GrpcLogAppender (GrpcLogAppender.java:onCompleted(428)) - 31c5dcde-db57-40d7-a24d-ec5de7583a50@group-0148662441ED->e7773167-2049-479c-a584-e45e7fe0d5b5-AppendLogResponseHandler: follower responses appendEntries COMPLETED
2023-09-08 11:19:15,638 [grpc-default-executor-7] WARN  server.GrpcLogAppender (GrpcLogAppender.java:resetClient(137)) - 31c5dcde-db57-40d7-a24d-ec5de7583a50@group-0148662441ED->e7773167-2049-479c-a584-e45e7fe0d5b5-GrpcLogAppender: Failed to getClient for e7773167-2049-479c-a584-e45e7fe0d5b5
org.apache.ratis.protocol.exceptions.AlreadyClosedException: 31c5dcde-db57-40d7-a24d-ec5de7583a50 is already CLOSED
	at org.apache.ratis.util.PeerProxyMap$PeerAndProxy.getProxy(PeerProxyMap.java:61)
	at org.apache.ratis.util.PeerProxyMap.getProxy(PeerProxyMap.java:115)
	at org.apache.ratis.grpc.server.GrpcLogAppender.getClient(GrpcLogAppender.java:112)
	at org.apache.ratis.grpc.server.GrpcLogAppender.resetClient(GrpcLogAppender.java:117)
	at org.apache.ratis.grpc.server.GrpcLogAppender.access$500(GrpcLogAppender.java:56)
	at org.apache.ratis.grpc.server.GrpcLogAppender$AppendLogResponseHandler.onCompleted(GrpcLogAppender.java:429)
	at org.apache.ratis.thirdparty.io.grpc.stub.ClientCalls$StreamObserverToCallListenerAdapter.onClose(ClientCalls.java:485)
	at org.apache.ratis.thirdparty.io.grpc.internal.ClientCallImpl.closeObserver(ClientCallImpl.java:563)
	at org.apache.ratis.thirdparty.io.grpc.internal.ClientCallImpl.access$300(ClientCallImpl.java:70)
	at org.apache.ratis.thirdparty.io.grpc.internal.ClientCallImpl$ClientStreamListenerImpl$1StreamClosed.runInternal(ClientCallImpl.java:744)
	at org.apache.ratis.thirdparty.io.grpc.internal.ClientCallImpl$ClientStreamListenerImpl$1StreamClosed.runInContext(ClientCallImpl.java:723)
	at org.apache.ratis.thirdparty.io.grpc.internal.ContextRunnable.run(ContextRunnable.java:37)
	at org.apache.ratis.thirdparty.io.grpc.internal.SerializingExecutor.run(SerializingExecutor.java:133)
	at java.util.concurrent.ThreadPoolExecutor.runWorker(ThreadPoolExecutor.java:1149)
	at java.util.concurrent.ThreadPoolExecutor$Worker.run(ThreadPoolExecutor.java:624)
	at java.lang.Thread.run(Thread.java:750)
2023-09-08 11:19:15,639 [e7773167-2049-479c-a584-e45e7fe0d5b5-impl-thread2] INFO  server.RaftServer$Division (RaftServerImpl.java:lambda$close$4(466)) - e7773167-2049-479c-a584-e45e7fe0d5b5@group-0148662441ED: shutdown
2023-09-08 11:19:15,639 [e7773167-2049-479c-a584-e45e7fe0d5b5-impl-thread2] INFO  util.JmxRegister (JmxRegister.java:unregister(73)) - Successfully un-registered JMX Bean with object name Ratis:service=RaftServer,group=group-0148662441ED,id=e7773167-2049-479c-a584-e45e7fe0d5b5
2023-09-08 11:19:15,639 [e7773167-2049-479c-a584-e45e7fe0d5b5-impl-thread2] INFO  impl.RoleInfo (RoleInfo.java:shutdownFollowerState(110)) - e7773167-2049-479c-a584-e45e7fe0d5b5: shutdown e7773167-2049-479c-a584-e45e7fe0d5b5@group-0148662441ED-FollowerState
2023-09-08 11:19:15,639 [e7773167-2049-479c-a584-e45e7fe0d5b5@group-0148662441ED-FollowerState] INFO  impl.FollowerState (FollowerState.java:run(152)) - e7773167-2049-479c-a584-e45e7fe0d5b5@group-0148662441ED-FollowerState was interrupted
2023-09-08 11:19:15,639 [e7773167-2049-479c-a584-e45e7fe0d5b5-impl-thread2] INFO  impl.StateMachineUpdater (StateMachineUpdater.java:stopAndJoin(155)) - e7773167-2049-479c-a584-e45e7fe0d5b5@group-0148662441ED-StateMachineUpdater: set stopIndex = 18
2023-09-08 11:19:15,639 [e7773167-2049-479c-a584-e45e7fe0d5b5@group-0148662441ED-StateMachineUpdater] INFO  ratis.ContainerStateMachine (ContainerStateMachine.java:takeSnapshot(330)) - group-0148662441ED: Taking a snapshot at:(t:1, i:18) file /home/runner/work/ozone/ozone/hadoop-ozone/integration-test/target/test-dir/MiniOzoneClusterImpl-fc42fee5-8bb2-43c7-8c2a-cc72dd658d38/datanode-2/data/ratis/cae1cfef-08b9-4dc8-a6cf-0148662441ed/sm/snapshot.1_18
2023-09-08 11:19:15,643 [31c5dcde-db57-40d7-a24d-ec5de7583a50-impl-thread2] INFO  server.RaftServer$Division (ServerState.java:close(472)) - 31c5dcde-db57-40d7-a24d-ec5de7583a50@group-0148662441ED: closes. applyIndex: 18
2023-09-08 11:19:15,644 [31c5dcde-db57-40d7-a24d-ec5de7583a50-impl-thread4] INFO  server.RaftServer$Division (ServerState.java:close(472)) - 31c5dcde-db57-40d7-a24d-ec5de7583a50@group-120BE6A4A936: closes. applyIndex: 11
2023-09-08 11:19:15,644 [e7773167-2049-479c-a584-e45e7fe0d5b5@group-0148662441ED-StateMachineUpdater] INFO  ratis.ContainerStateMachine (ContainerStateMachine.java:takeSnapshot(341)) - group-0148662441ED: Finished taking a snapshot at:(t:1, i:18) file:/home/runner/work/ozone/ozone/hadoop-ozone/integration-test/target/test-dir/MiniOzoneClusterImpl-fc42fee5-8bb2-43c7-8c2a-cc72dd658d38/datanode-2/data/ratis/cae1cfef-08b9-4dc8-a6cf-0148662441ed/sm/snapshot.1_18 took: 5 ms
2023-09-08 11:19:15,645 [e7773167-2049-479c-a584-e45e7fe0d5b5@group-0148662441ED-StateMachineUpdater] INFO  impl.StateMachineUpdater (StateMachineUpdater.java:takeSnapshot(291)) - e7773167-2049-479c-a584-e45e7fe0d5b5@group-0148662441ED-StateMachineUpdater: Took a snapshot at index 18
2023-09-08 11:19:15,645 [e7773167-2049-479c-a584-e45e7fe0d5b5@group-0148662441ED-StateMachineUpdater] INFO  impl.StateMachineUpdater (StateMachineUpdater.java:lambda$new$0(97)) - e7773167-2049-479c-a584-e45e7fe0d5b5@group-0148662441ED-StateMachineUpdater: snapshotIndex: updateIncreasingly -1 -> 18
2023-09-08 11:19:15,645 [grpc-default-executor-5] INFO  server.GrpcLogAppender (GrpcLogAppender.java:onCompleted(428)) - 31c5dcde-db57-40d7-a24d-ec5de7583a50@group-0148662441ED->e7773167-2049-479c-a584-e45e7fe0d5b5-AppendLogResponseHandler: follower responses appendEntries COMPLETED
2023-09-08 11:19:15,645 [grpc-default-executor-5] WARN  server.GrpcLogAppender (GrpcLogAppender.java:resetClient(137)) - 31c5dcde-db57-40d7-a24d-ec5de7583a50@group-0148662441ED->e7773167-2049-479c-a584-e45e7fe0d5b5-GrpcLogAppender: Failed to getClient for e7773167-2049-479c-a584-e45e7fe0d5b5
org.apache.ratis.protocol.exceptions.AlreadyClosedException: 31c5dcde-db57-40d7-a24d-ec5de7583a50 is already CLOSED
	at org.apache.ratis.util.PeerProxyMap$PeerAndProxy.getProxy(PeerProxyMap.java:61)
	at org.apache.ratis.util.PeerProxyMap.getProxy(PeerProxyMap.java:115)
	at org.apache.ratis.grpc.server.GrpcLogAppender.getClient(GrpcLogAppender.java:112)
	at org.apache.ratis.grpc.server.GrpcLogAppender.resetClient(GrpcLogAppender.java:117)
	at org.apache.ratis.grpc.server.GrpcLogAppender.access$500(GrpcLogAppender.java:56)
	at org.apache.ratis.grpc.server.GrpcLogAppender$AppendLogResponseHandler.onCompleted(GrpcLogAppender.java:429)
	at org.apache.ratis.thirdparty.io.grpc.stub.ClientCalls$StreamObserverToCallListenerAdapter.onClose(ClientCalls.java:485)
	at org.apache.ratis.thirdparty.io.grpc.internal.ClientCallImpl.closeObserver(ClientCallImpl.java:563)
	at org.apache.ratis.thirdparty.io.grpc.internal.ClientCallImpl.access$300(ClientCallImpl.java:70)
	at org.apache.ratis.thirdparty.io.grpc.internal.ClientCallImpl$ClientStreamListenerImpl$1StreamClosed.runInternal(ClientCallImpl.java:744)
	at org.apache.ratis.thirdparty.io.grpc.internal.ClientCallImpl$ClientStreamListenerImpl$1StreamClosed.runInContext(ClientCallImpl.java:723)
	at org.apache.ratis.thirdparty.io.grpc.internal.ContextRunnable.run(ContextRunnable.java:37)
	at org.apache.ratis.thirdparty.io.grpc.internal.SerializingExecutor.run(SerializingExecutor.java:133)
	at java.util.concurrent.ThreadPoolExecutor.runWorker(ThreadPoolExecutor.java:1149)
	at java.util.concurrent.ThreadPoolExecutor$Worker.run(ThreadPoolExecutor.java:624)
	at java.lang.Thread.run(Thread.java:750)
2023-09-08 11:19:15,646 [grpc-default-executor-6] INFO  server.GrpcLogAppender (GrpcLogAppender.java:onCompleted(428)) - 31c5dcde-db57-40d7-a24d-ec5de7583a50@group-0148662441ED->250abfd1-bd23-40f0-a4b0-f7070b21e986-AppendLogResponseHandler: follower responses appendEntries COMPLETED
2023-09-08 11:19:15,646 [grpc-default-executor-6] WARN  server.GrpcLogAppender (GrpcLogAppender.java:resetClient(137)) - 31c5dcde-db57-40d7-a24d-ec5de7583a50@group-0148662441ED->250abfd1-bd23-40f0-a4b0-f7070b21e986-GrpcLogAppender: Failed to getClient for 250abfd1-bd23-40f0-a4b0-f7070b21e986
org.apache.ratis.protocol.exceptions.AlreadyClosedException: 31c5dcde-db57-40d7-a24d-ec5de7583a50 is already CLOSED
	at org.apache.ratis.util.PeerProxyMap$PeerAndProxy.getProxy(PeerProxyMap.java:61)
	at org.apache.ratis.util.PeerProxyMap.getProxy(PeerProxyMap.java:115)
	at org.apache.ratis.grpc.server.GrpcLogAppender.getClient(GrpcLogAppender.java:112)
	at org.apache.ratis.grpc.server.GrpcLogAppender.resetClient(GrpcLogAppender.java:117)
	at org.apache.ratis.grpc.server.GrpcLogAppender.access$500(GrpcLogAppender.java:56)
	at org.apache.ratis.grpc.server.GrpcLogAppender$AppendLogResponseHandler.onCompleted(GrpcLogAppender.java:429)
	at org.apache.ratis.thirdparty.io.grpc.stub.ClientCalls$StreamObserverToCallListenerAdapter.onClose(ClientCalls.java:485)
	at org.apache.ratis.thirdparty.io.grpc.internal.ClientCallImpl.closeObserver(ClientCallImpl.java:563)
	at org.apache.ratis.thirdparty.io.grpc.internal.ClientCallImpl.access$300(ClientCallImpl.java:70)
	at org.apache.ratis.thirdparty.io.grpc.internal.ClientCallImpl$ClientStreamListenerImpl$1StreamClosed.runInternal(ClientCallImpl.java:744)
	at org.apache.ratis.thirdparty.io.grpc.internal.ClientCallImpl$ClientStreamListenerImpl$1StreamClosed.runInContext(ClientCallImpl.java:723)
	at org.apache.ratis.thirdparty.io.grpc.internal.ContextRunnable.run(ContextRunnable.java:37)
	at org.apache.ratis.thirdparty.io.grpc.internal.SerializingExecutor.run(SerializingExecutor.java:133)
	at java.util.concurrent.ThreadPoolExecutor.runWorker(ThreadPoolExecutor.java:1149)
	at java.util.concurrent.ThreadPoolExecutor$Worker.run(ThreadPoolExecutor.java:624)
	at java.lang.Thread.run(Thread.java:750)
2023-09-08 11:19:15,647 [e7773167-2049-479c-a584-e45e7fe0d5b5-impl-thread2] INFO  server.RaftServer$Division (ServerState.java:close(472)) - e7773167-2049-479c-a584-e45e7fe0d5b5@group-0148662441ED: closes. applyIndex: 18
2023-09-08 11:19:15,647 [grpc-default-executor-8] INFO  server.GrpcLogAppender (GrpcLogAppender.java:onCompleted(428)) - 31c5dcde-db57-40d7-a24d-ec5de7583a50@group-0148662441ED->250abfd1-bd23-40f0-a4b0-f7070b21e986-AppendLogResponseHandler: follower responses appendEntries COMPLETED
2023-09-08 11:19:15,648 [grpc-default-executor-8] WARN  server.GrpcLogAppender (GrpcLogAppender.java:resetClient(137)) - 31c5dcde-db57-40d7-a24d-ec5de7583a50@group-0148662441ED->250abfd1-bd23-40f0-a4b0-f7070b21e986-GrpcLogAppender: Failed to getClient for 250abfd1-bd23-40f0-a4b0-f7070b21e986
org.apache.ratis.protocol.exceptions.AlreadyClosedException: 31c5dcde-db57-40d7-a24d-ec5de7583a50 is already CLOSED
	at org.apache.ratis.util.PeerProxyMap$PeerAndProxy.getProxy(PeerProxyMap.java:61)
	at org.apache.ratis.util.PeerProxyMap.getProxy(PeerProxyMap.java:115)
	at org.apache.ratis.grpc.server.GrpcLogAppender.getClient(GrpcLogAppender.java:112)
	at org.apache.ratis.grpc.server.GrpcLogAppender.resetClient(GrpcLogAppender.java:117)
	at org.apache.ratis.grpc.server.GrpcLogAppender.access$500(GrpcLogAppender.java:56)
	at org.apache.ratis.grpc.server.GrpcLogAppender$AppendLogResponseHandler.onCompleted(GrpcLogAppender.java:429)
	at org.apache.ratis.thirdparty.io.grpc.stub.ClientCalls$StreamObserverToCallListenerAdapter.onClose(ClientCalls.java:485)
	at org.apache.ratis.thirdparty.io.grpc.internal.ClientCallImpl.closeObserver(ClientCallImpl.java:563)
	at org.apache.ratis.thirdparty.io.grpc.internal.ClientCallImpl.access$300(ClientCallImpl.java:70)
	at org.apache.ratis.thirdparty.io.grpc.internal.ClientCallImpl$ClientStreamListenerImpl$1StreamClosed.runInternal(ClientCallImpl.java:744)
	at org.apache.ratis.thirdparty.io.grpc.internal.ClientCallImpl$ClientStreamListenerImpl$1StreamClosed.runInContext(ClientCallImpl.java:723)
	at org.apache.ratis.thirdparty.io.grpc.internal.ContextRunnable.run(ContextRunnable.java:37)
	at org.apache.ratis.thirdparty.io.grpc.internal.SerializingExecutor.run(SerializingExecutor.java:133)
	at java.util.concurrent.ThreadPoolExecutor.runWorker(ThreadPoolExecutor.java:1149)
	at java.util.concurrent.ThreadPoolExecutor$Worker.run(ThreadPoolExecutor.java:624)
	at java.lang.Thread.run(Thread.java:750)
2023-09-08 11:19:15,651 [e7773167-2049-479c-a584-e45e7fe0d5b5-impl-thread3] INFO  server.RaftServer$Division (RaftServerImpl.java:lambda$close$4(466)) - e7773167-2049-479c-a584-e45e7fe0d5b5@group-310911E93B88: shutdown
2023-09-08 11:19:15,651 [e7773167-2049-479c-a584-e45e7fe0d5b5-impl-thread3] INFO  util.JmxRegister (JmxRegister.java:unregister(73)) - Successfully un-registered JMX Bean with object name Ratis:service=RaftServer,group=group-310911E93B88,id=e7773167-2049-479c-a584-e45e7fe0d5b5
2023-09-08 11:19:15,651 [e7773167-2049-479c-a584-e45e7fe0d5b5-impl-thread3] INFO  impl.RoleInfo (RoleInfo.java:shutdownLeaderState(93)) - e7773167-2049-479c-a584-e45e7fe0d5b5: shutdown e7773167-2049-479c-a584-e45e7fe0d5b5@group-310911E93B88-LeaderStateImpl
2023-09-08 11:19:15,651 [e7773167-2049-479c-a584-e45e7fe0d5b5-impl-thread3] INFO  impl.PendingRequests (PendingRequests.java:sendNotLeaderResponses(289)) - e7773167-2049-479c-a584-e45e7fe0d5b5@group-310911E93B88-PendingRequests: sendNotLeaderResponses
2023-09-08 11:19:15,651 [e7773167-2049-479c-a584-e45e7fe0d5b5-impl-thread3] INFO  impl.StateMachineUpdater (StateMachineUpdater.java:stopAndJoin(155)) - e7773167-2049-479c-a584-e45e7fe0d5b5@group-310911E93B88-StateMachineUpdater: set stopIndex = 0
2023-09-08 11:19:15,652 [main] INFO  server.GrpcService (GrpcService.java:closeImpl(311)) - e7773167-2049-479c-a584-e45e7fe0d5b5: shutdown server org.apache.ratis.grpc.server.GrpcClientProtocolService now
2023-09-08 11:19:15,652 [e7773167-2049-479c-a584-e45e7fe0d5b5@group-310911E93B88-StateMachineUpdater] INFO  ratis.ContainerStateMachine (ContainerStateMachine.java:takeSnapshot(330)) - group-310911E93B88: Taking a snapshot at:(t:1, i:0) file /home/runner/work/ozone/ozone/hadoop-ozone/integration-test/target/test-dir/MiniOzoneClusterImpl-fc42fee5-8bb2-43c7-8c2a-cc72dd658d38/datanode-2/data/ratis/8326c035-37f4-475c-b667-310911e93b88/sm/snapshot.1_0
2023-09-08 11:19:15,661 [e7773167-2049-479c-a584-e45e7fe0d5b5-impl-thread4] INFO  server.RaftServer$Division (RaftServerImpl.java:lambda$close$4(466)) - e7773167-2049-479c-a584-e45e7fe0d5b5@group-120BE6A4A936: shutdown
2023-09-08 11:19:15,661 [e7773167-2049-479c-a584-e45e7fe0d5b5-impl-thread4] INFO  util.JmxRegister (JmxRegister.java:unregister(73)) - Successfully un-registered JMX Bean with object name Ratis:service=RaftServer,group=group-120BE6A4A936,id=e7773167-2049-479c-a584-e45e7fe0d5b5
2023-09-08 11:19:15,661 [e7773167-2049-479c-a584-e45e7fe0d5b5-impl-thread4] INFO  impl.RoleInfo (RoleInfo.java:shutdownFollowerState(110)) - e7773167-2049-479c-a584-e45e7fe0d5b5: shutdown e7773167-2049-479c-a584-e45e7fe0d5b5@group-120BE6A4A936-FollowerState
2023-09-08 11:19:15,661 [e7773167-2049-479c-a584-e45e7fe0d5b5@group-120BE6A4A936-FollowerState] INFO  impl.FollowerState (FollowerState.java:run(152)) - e7773167-2049-479c-a584-e45e7fe0d5b5@group-120BE6A4A936-FollowerState was interrupted
2023-09-08 11:19:15,661 [e7773167-2049-479c-a584-e45e7fe0d5b5@group-120BE6A4A936-StateMachineUpdater] INFO  ratis.ContainerStateMachine (ContainerStateMachine.java:takeSnapshot(330)) - group-120BE6A4A936: Taking a snapshot at:(t:1, i:11) file /home/runner/work/ozone/ozone/hadoop-ozone/integration-test/target/test-dir/MiniOzoneClusterImpl-fc42fee5-8bb2-43c7-8c2a-cc72dd658d38/datanode-2/data/ratis/214054d4-b789-494d-8505-120be6a4a936/sm/snapshot.1_11
2023-09-08 11:19:15,662 [e7773167-2049-479c-a584-e45e7fe0d5b5-impl-thread4] INFO  impl.StateMachineUpdater (StateMachineUpdater.java:stopAndJoin(155)) - e7773167-2049-479c-a584-e45e7fe0d5b5@group-120BE6A4A936-StateMachineUpdater: set stopIndex = 11
2023-09-08 11:19:15,663 [ForkJoinPool.commonPool-worker-3] INFO  server.GrpcService (GrpcService.java:closeImpl(320)) - 31c5dcde-db57-40d7-a24d-ec5de7583a50: shutdown server org.apache.ratis.grpc.server.GrpcClientProtocolService successfully
2023-09-08 11:19:15,664 [ForkJoinPool.commonPool-worker-3] INFO  server.GrpcService (GrpcService.java:closeImpl(311)) - 31c5dcde-db57-40d7-a24d-ec5de7583a50: shutdown server GrpcServerProtocolService now
2023-09-08 11:19:15,664 [e7773167-2049-479c-a584-e45e7fe0d5b5@group-120BE6A4A936-StateMachineUpdater] INFO  ratis.ContainerStateMachine (ContainerStateMachine.java:takeSnapshot(341)) - group-120BE6A4A936: Finished taking a snapshot at:(t:1, i:11) file:/home/runner/work/ozone/ozone/hadoop-ozone/integration-test/target/test-dir/MiniOzoneClusterImpl-fc42fee5-8bb2-43c7-8c2a-cc72dd658d38/datanode-2/data/ratis/214054d4-b789-494d-8505-120be6a4a936/sm/snapshot.1_11 took: 3 ms
2023-09-08 11:19:15,664 [e7773167-2049-479c-a584-e45e7fe0d5b5@group-120BE6A4A936-StateMachineUpdater] INFO  impl.StateMachineUpdater (StateMachineUpdater.java:takeSnapshot(291)) - e7773167-2049-479c-a584-e45e7fe0d5b5@group-120BE6A4A936-StateMachineUpdater: Took a snapshot at index 11
2023-09-08 11:19:15,664 [e7773167-2049-479c-a584-e45e7fe0d5b5@group-120BE6A4A936-StateMachineUpdater] INFO  impl.StateMachineUpdater (StateMachineUpdater.java:lambda$new$0(97)) - e7773167-2049-479c-a584-e45e7fe0d5b5@group-120BE6A4A936-StateMachineUpdater: snapshotIndex: updateIncreasingly -1 -> 11
2023-09-08 11:19:15,664 [main] INFO  server.GrpcService (GrpcService.java:closeImpl(320)) - e7773167-2049-479c-a584-e45e7fe0d5b5: shutdown server org.apache.ratis.grpc.server.GrpcClientProtocolService successfully
2023-09-08 11:19:15,665 [main] INFO  server.GrpcService (GrpcService.java:closeImpl(311)) - e7773167-2049-479c-a584-e45e7fe0d5b5: shutdown server GrpcServerProtocolService now
2023-09-08 11:19:15,664 [e7773167-2049-479c-a584-e45e7fe0d5b5@group-310911E93B88-StateMachineUpdater] INFO  ratis.ContainerStateMachine (ContainerStateMachine.java:takeSnapshot(341)) - group-310911E93B88: Finished taking a snapshot at:(t:1, i:0) file:/home/runner/work/ozone/ozone/hadoop-ozone/integration-test/target/test-dir/MiniOzoneClusterImpl-fc42fee5-8bb2-43c7-8c2a-cc72dd658d38/datanode-2/data/ratis/8326c035-37f4-475c-b667-310911e93b88/sm/snapshot.1_0 took: 12 ms
2023-09-08 11:19:15,665 [e7773167-2049-479c-a584-e45e7fe0d5b5@group-310911E93B88-StateMachineUpdater] INFO  impl.StateMachineUpdater (StateMachineUpdater.java:takeSnapshot(291)) - e7773167-2049-479c-a584-e45e7fe0d5b5@group-310911E93B88-StateMachineUpdater: Took a snapshot at index 0
2023-09-08 11:19:15,665 [e7773167-2049-479c-a584-e45e7fe0d5b5@group-310911E93B88-StateMachineUpdater] INFO  impl.StateMachineUpdater (StateMachineUpdater.java:lambda$new$0(97)) - e7773167-2049-479c-a584-e45e7fe0d5b5@group-310911E93B88-StateMachineUpdater: snapshotIndex: updateIncreasingly -1 -> 0
2023-09-08 11:19:15,666 [e7773167-2049-479c-a584-e45e7fe0d5b5-impl-thread4] INFO  server.RaftServer$Division (ServerState.java:close(472)) - e7773167-2049-479c-a584-e45e7fe0d5b5@group-120BE6A4A936: closes. applyIndex: 11
2023-09-08 11:19:15,666 [e7773167-2049-479c-a584-e45e7fe0d5b5-impl-thread3] INFO  server.RaftServer$Division (ServerState.java:close(472)) - e7773167-2049-479c-a584-e45e7fe0d5b5@group-310911E93B88: closes. applyIndex: 0
2023-09-08 11:19:15,677 [ForkJoinPool.commonPool-worker-0] INFO  ozoneimpl.OzoneContainer (OzoneContainer.java:stop(451)) - Attempting to stop container services.
2023-09-08 11:19:15,684 [grpc-default-executor-6] WARN  server.GrpcServerProtocolService (LogUtils.java:warn(122)) - 31c5dcde-db57-40d7-a24d-ec5de7583a50: APPEND_ENTRIES onError, lastRequest: 250abfd1-bd23-40f0-a4b0-f7070b21e986->31c5dcde-db57-40d7-a24d-ec5de7583a50#45-t1,previous=(t:1, i:11),leaderCommit=11,initializing? true,entries: size=1, first=(t:1, i:12), METADATAENTRY(c:10): org.apache.ratis.thirdparty.io.grpc.StatusRuntimeException: CANCELLED: client cancelled
2023-09-08 11:19:15,684 [grpc-default-executor-3] WARN  server.GrpcServerProtocolService (LogUtils.java:warn(122)) - 31c5dcde-db57-40d7-a24d-ec5de7583a50: APPEND_ENTRIES onError, lastRequest: null: org.apache.ratis.thirdparty.io.grpc.StatusRuntimeException: CANCELLED: client cancelled
2023-09-08 11:19:15,684 [grpc-default-executor-2] WARN  server.GrpcServerProtocolService (LogUtils.java:warn(122)) - e7773167-2049-479c-a584-e45e7fe0d5b5: APPEND_ENTRIES onError, lastRequest: 250abfd1-bd23-40f0-a4b0-f7070b21e986->e7773167-2049-479c-a584-e45e7fe0d5b5#43-t1,previous=(t:1, i:11),leaderCommit=11,initializing? true,entries: size=1, first=(t:1, i:12), METADATAENTRY(c:10): org.apache.ratis.thirdparty.io.grpc.StatusRuntimeException: CANCELLED: client cancelled
2023-09-08 11:19:15,686 [ForkJoinPool.commonPool-worker-3] INFO  server.GrpcService (GrpcService.java:closeImpl(320)) - 31c5dcde-db57-40d7-a24d-ec5de7583a50: shutdown server GrpcServerProtocolService successfully
2023-09-08 11:19:15,686 [ForkJoinPool.commonPool-worker-3] INFO  server.GrpcService (GrpcService.java:closeImpl(311)) - 31c5dcde-db57-40d7-a24d-ec5de7583a50: shutdown server org.apache.ratis.grpc.server.GrpcAdminProtocolService now
2023-09-08 11:19:15,690 [grpc-default-executor-5] WARN  server.GrpcLogAppender (LogUtils.java:warn(122)) - 250abfd1-bd23-40f0-a4b0-f7070b21e986@group-120BE6A4A936->31c5dcde-db57-40d7-a24d-ec5de7583a50-AppendLogResponseHandler: Failed appendEntries: org.apache.ratis.thirdparty.io.grpc.StatusRuntimeException: CANCELLED: RST_STREAM closed stream. HTTP/2 error code: CANCEL
2023-09-08 11:19:15,691 [grpc-default-executor-5] INFO  leader.FollowerInfo (FollowerInfoImpl.java:lambda$new$0(52)) - 250abfd1-bd23-40f0-a4b0-f7070b21e986@group-120BE6A4A936->31c5dcde-db57-40d7-a24d-ec5de7583a50: decreaseNextIndex nextIndex: updateUnconditionally 13 -> 12
2023-09-08 11:19:15,691 [ForkJoinPool.commonPool-worker-0] INFO  server.RaftServer (RaftServerProxy.java:lambda$close$6(416)) - 250abfd1-bd23-40f0-a4b0-f7070b21e986: close
2023-09-08 11:19:15,694 [grpc-default-executor-9] WARN  server.GrpcLogAppender (LogUtils.java:warn(122)) - 250abfd1-bd23-40f0-a4b0-f7070b21e986@group-120BE6A4A936->31c5dcde-db57-40d7-a24d-ec5de7583a50-AppendLogResponseHandler: Failed appendEntries: org.apache.ratis.thirdparty.io.grpc.StatusRuntimeException: CANCELLED: RST_STREAM closed stream. HTTP/2 error code: CANCEL
2023-09-08 11:19:15,696 [ForkJoinPool.commonPool-worker-3] INFO  server.GrpcService (GrpcService.java:closeImpl(320)) - 31c5dcde-db57-40d7-a24d-ec5de7583a50: shutdown server org.apache.ratis.grpc.server.GrpcAdminProtocolService successfully
2023-09-08 11:19:15,696 [31c5dcde-db57-40d7-a24d-ec5de7583a50-NettyServerStreamRpc-bossGroup--thread1] INFO  logging.LoggingHandler (AbstractInternalLogger.java:log(148)) - [id: 0x35bae2bb, L:/0:0:0:0:0:0:0:0:15077] CLOSE
2023-09-08 11:19:15,696 [31c5dcde-db57-40d7-a24d-ec5de7583a50-NettyServerStreamRpc-bossGroup--thread1] INFO  logging.LoggingHandler (AbstractInternalLogger.java:log(148)) - [id: 0x35bae2bb, L:/0:0:0:0:0:0:0:0:15077] INACTIVE
2023-09-08 11:19:15,697 [31c5dcde-db57-40d7-a24d-ec5de7583a50-NettyServerStreamRpc-bossGroup--thread1] INFO  logging.LoggingHandler (AbstractInternalLogger.java:log(148)) - [id: 0x35bae2bb, L:/0:0:0:0:0:0:0:0:15077] UNREGISTERED
2023-09-08 11:19:15,697 [250abfd1-bd23-40f0-a4b0-f7070b21e986-impl-thread2] INFO  server.RaftServer$Division (RaftServerImpl.java:lambda$close$4(466)) - 250abfd1-bd23-40f0-a4b0-f7070b21e986@group-0148662441ED: shutdown
2023-09-08 11:19:15,697 [250abfd1-bd23-40f0-a4b0-f7070b21e986-impl-thread2] INFO  util.JmxRegister (JmxRegister.java:unregister(73)) - Successfully un-registered JMX Bean with object name Ratis:service=RaftServer,group=group-0148662441ED,id=250abfd1-bd23-40f0-a4b0-f7070b21e986
2023-09-08 11:19:15,695 [grpc-default-executor-9] INFO  leader.FollowerInfo (FollowerInfoImpl.java:lambda$new$0(52)) - 250abfd1-bd23-40f0-a4b0-f7070b21e986@group-120BE6A4A936->31c5dcde-db57-40d7-a24d-ec5de7583a50: decreaseNextIndex nextIndex: updateUnconditionally 12 -> 11
2023-09-08 11:19:15,697 [250abfd1-bd23-40f0-a4b0-f7070b21e986-impl-thread2] INFO  impl.RoleInfo (RoleInfo.java:shutdownFollowerState(110)) - 250abfd1-bd23-40f0-a4b0-f7070b21e986: shutdown 250abfd1-bd23-40f0-a4b0-f7070b21e986@group-0148662441ED-FollowerState
2023-09-08 11:19:15,698 [250abfd1-bd23-40f0-a4b0-f7070b21e986-impl-thread3] INFO  server.RaftServer$Division (RaftServerImpl.java:lambda$close$4(466)) - 250abfd1-bd23-40f0-a4b0-f7070b21e986@group-8F03CE2A9CEC: shutdown
2023-09-08 11:19:15,699 [250abfd1-bd23-40f0-a4b0-f7070b21e986-impl-thread3] INFO  util.JmxRegister (JmxRegister.java:unregister(73)) - Successfully un-registered JMX Bean with object name Ratis:service=RaftServer,group=group-8F03CE2A9CEC,id=250abfd1-bd23-40f0-a4b0-f7070b21e986
2023-09-08 11:19:15,699 [250abfd1-bd23-40f0-a4b0-f7070b21e986-impl-thread3] INFO  impl.RoleInfo (RoleInfo.java:shutdownLeaderState(93)) - 250abfd1-bd23-40f0-a4b0-f7070b21e986: shutdown 250abfd1-bd23-40f0-a4b0-f7070b21e986@group-8F03CE2A9CEC-LeaderStateImpl
2023-09-08 11:19:15,699 [250abfd1-bd23-40f0-a4b0-f7070b21e986-impl-thread3] INFO  impl.PendingRequests (PendingRequests.java:sendNotLeaderResponses(289)) - 250abfd1-bd23-40f0-a4b0-f7070b21e986@group-8F03CE2A9CEC-PendingRequests: sendNotLeaderResponses
2023-09-08 11:19:15,701 [250abfd1-bd23-40f0-a4b0-f7070b21e986-impl-thread3] INFO  impl.StateMachineUpdater (StateMachineUpdater.java:stopAndJoin(155)) - 250abfd1-bd23-40f0-a4b0-f7070b21e986@group-8F03CE2A9CEC-StateMachineUpdater: set stopIndex = 0
2023-09-08 11:19:15,701 [ForkJoinPool.commonPool-worker-0] INFO  server.GrpcService (GrpcService.java:closeImpl(311)) - 250abfd1-bd23-40f0-a4b0-f7070b21e986: shutdown server org.apache.ratis.grpc.server.GrpcClientProtocolService now
2023-09-08 11:19:15,702 [250abfd1-bd23-40f0-a4b0-f7070b21e986@group-8F03CE2A9CEC-StateMachineUpdater] INFO  ratis.ContainerStateMachine (ContainerStateMachine.java:takeSnapshot(330)) - group-8F03CE2A9CEC: Taking a snapshot at:(t:1, i:0) file /home/runner/work/ozone/ozone/hadoop-ozone/integration-test/target/test-dir/MiniOzoneClusterImpl-fc42fee5-8bb2-43c7-8c2a-cc72dd658d38/datanode-0/data/ratis/1cb03a45-e29c-4dc9-bdfe-8f03ce2a9cec/sm/snapshot.1_0
2023-09-08 11:19:15,702 [250abfd1-bd23-40f0-a4b0-f7070b21e986-impl-thread4] INFO  server.RaftServer$Division (RaftServerImpl.java:lambda$close$4(466)) - 250abfd1-bd23-40f0-a4b0-f7070b21e986@group-120BE6A4A936: shutdown
2023-09-08 11:19:15,702 [250abfd1-bd23-40f0-a4b0-f7070b21e986-impl-thread4] INFO  util.JmxRegister (JmxRegister.java:unregister(73)) - Successfully un-registered JMX Bean with object name Ratis:service=RaftServer,group=group-120BE6A4A936,id=250abfd1-bd23-40f0-a4b0-f7070b21e986
2023-09-08 11:19:15,702 [250abfd1-bd23-40f0-a4b0-f7070b21e986-impl-thread4] INFO  impl.RoleInfo (RoleInfo.java:shutdownLeaderState(93)) - 250abfd1-bd23-40f0-a4b0-f7070b21e986: shutdown 250abfd1-bd23-40f0-a4b0-f7070b21e986@group-120BE6A4A936-LeaderStateImpl
2023-09-08 11:19:15,702 [250abfd1-bd23-40f0-a4b0-f7070b21e986@group-8F03CE2A9CEC-StateMachineUpdater] INFO  ratis.ContainerStateMachine (ContainerStateMachine.java:takeSnapshot(341)) - group-8F03CE2A9CEC: Finished taking a snapshot at:(t:1, i:0) file:/home/runner/work/ozone/ozone/hadoop-ozone/integration-test/target/test-dir/MiniOzoneClusterImpl-fc42fee5-8bb2-43c7-8c2a-cc72dd658d38/datanode-0/data/ratis/1cb03a45-e29c-4dc9-bdfe-8f03ce2a9cec/sm/snapshot.1_0 took: 0 ms
2023-09-08 11:19:15,703 [250abfd1-bd23-40f0-a4b0-f7070b21e986@group-8F03CE2A9CEC-StateMachineUpdater] INFO  impl.StateMachineUpdater (StateMachineUpdater.java:takeSnapshot(291)) - 250abfd1-bd23-40f0-a4b0-f7070b21e986@group-8F03CE2A9CEC-StateMachineUpdater: Took a snapshot at index 0
2023-09-08 11:19:15,703 [250abfd1-bd23-40f0-a4b0-f7070b21e986@group-8F03CE2A9CEC-StateMachineUpdater] INFO  impl.StateMachineUpdater (StateMachineUpdater.java:lambda$new$0(97)) - 250abfd1-bd23-40f0-a4b0-f7070b21e986@group-8F03CE2A9CEC-StateMachineUpdater: snapshotIndex: updateIncreasingly -1 -> 0
2023-09-08 11:19:15,703 [250abfd1-bd23-40f0-a4b0-f7070b21e986-impl-thread3] INFO  server.RaftServer$Division (ServerState.java:close(472)) - 250abfd1-bd23-40f0-a4b0-f7070b21e986@group-8F03CE2A9CEC: closes. applyIndex: 0
2023-09-08 11:19:15,708 [250abfd1-bd23-40f0-a4b0-f7070b21e986@group-120BE6A4A936->31c5dcde-db57-40d7-a24d-ec5de7583a50-GrpcLogAppender-LogAppenderDaemon] WARN  server.GrpcLogAppender (GrpcLogAppender.java:mayWait(199)) - 250abfd1-bd23-40f0-a4b0-f7070b21e986@group-120BE6A4A936->31c5dcde-db57-40d7-a24d-ec5de7583a50-GrpcLogAppender: Wait interrupted by java.lang.InterruptedException
2023-09-08 11:19:15,708 [250abfd1-bd23-40f0-a4b0-f7070b21e986@group-120BE6A4A936->e7773167-2049-479c-a584-e45e7fe0d5b5-GrpcLogAppender-LogAppenderDaemon] WARN  server.GrpcLogAppender (GrpcLogAppender.java:mayWait(199)) - 250abfd1-bd23-40f0-a4b0-f7070b21e986@group-120BE6A4A936->e7773167-2049-479c-a584-e45e7fe0d5b5-GrpcLogAppender: Wait interrupted by java.lang.InterruptedException
2023-09-08 11:19:15,708 [250abfd1-bd23-40f0-a4b0-f7070b21e986-impl-thread2] INFO  impl.StateMachineUpdater (StateMachineUpdater.java:stopAndJoin(155)) - 250abfd1-bd23-40f0-a4b0-f7070b21e986@group-0148662441ED-StateMachineUpdater: set stopIndex = 18
2023-09-08 11:19:15,708 [250abfd1-bd23-40f0-a4b0-f7070b21e986@group-0148662441ED-FollowerState] INFO  impl.FollowerState (FollowerState.java:run(152)) - 250abfd1-bd23-40f0-a4b0-f7070b21e986@group-0148662441ED-FollowerState was interrupted
2023-09-08 11:19:15,708 [250abfd1-bd23-40f0-a4b0-f7070b21e986-impl-thread4] INFO  impl.PendingRequests (PendingRequests.java:sendNotLeaderResponses(289)) - 250abfd1-bd23-40f0-a4b0-f7070b21e986@group-120BE6A4A936-PendingRequests: sendNotLeaderResponses
2023-09-08 11:19:15,710 [250abfd1-bd23-40f0-a4b0-f7070b21e986@group-0148662441ED-StateMachineUpdater] INFO  ratis.ContainerStateMachine (ContainerStateMachine.java:takeSnapshot(330)) - group-0148662441ED: Taking a snapshot at:(t:1, i:18) file /home/runner/work/ozone/ozone/hadoop-ozone/integration-test/target/test-dir/MiniOzoneClusterImpl-fc42fee5-8bb2-43c7-8c2a-cc72dd658d38/datanode-0/data/ratis/cae1cfef-08b9-4dc8-a6cf-0148662441ed/sm/snapshot.1_18
2023-09-08 11:19:15,710 [Thread-1079] INFO  server.GrpcServerProtocolClient (GrpcServerProtocolClient.java:close(103)) - e7773167-2049-479c-a584-e45e7fe0d5b5 Close channels
2023-09-08 11:19:15,710 [Thread-1078] INFO  server.GrpcServerProtocolClient (GrpcServerProtocolClient.java:close(103)) - 31c5dcde-db57-40d7-a24d-ec5de7583a50 Close channels
2023-09-08 11:19:15,716 [grpc-default-executor-5] INFO  server.GrpcLogAppender (GrpcLogAppender.java:onError(417)) - 250abfd1-bd23-40f0-a4b0-f7070b21e986@group-120BE6A4A936->e7773167-2049-479c-a584-e45e7fe0d5b5-GrpcLogAppender is already stopped
2023-09-08 11:19:15,715 [250abfd1-bd23-40f0-a4b0-f7070b21e986@group-120BE6A4A936-StateMachineUpdater] INFO  ratis.ContainerStateMachine (ContainerStateMachine.java:takeSnapshot(330)) - group-120BE6A4A936: Taking a snapshot at:(t:1, i:12) file /home/runner/work/ozone/ozone/hadoop-ozone/integration-test/target/test-dir/MiniOzoneClusterImpl-fc42fee5-8bb2-43c7-8c2a-cc72dd658d38/datanode-0/data/ratis/214054d4-b789-494d-8505-120be6a4a936/sm/snapshot.1_12
2023-09-08 11:19:15,714 [250abfd1-bd23-40f0-a4b0-f7070b21e986-impl-thread4] INFO  impl.StateMachineUpdater (StateMachineUpdater.java:stopAndJoin(155)) - 250abfd1-bd23-40f0-a4b0-f7070b21e986@group-120BE6A4A936-StateMachineUpdater: set stopIndex = 12
2023-09-08 11:19:15,718 [main] INFO  server.GrpcService (GrpcService.java:closeImpl(320)) - e7773167-2049-479c-a584-e45e7fe0d5b5: shutdown server GrpcServerProtocolService successfully
2023-09-08 11:19:15,718 [main] INFO  server.GrpcService (GrpcService.java:closeImpl(311)) - e7773167-2049-479c-a584-e45e7fe0d5b5: shutdown server org.apache.ratis.grpc.server.GrpcAdminProtocolService now
2023-09-08 11:19:15,718 [grpc-default-executor-9] WARN  server.GrpcServerProtocolService (LogUtils.java:warn(122)) - e7773167-2049-479c-a584-e45e7fe0d5b5: APPEND_ENTRIES onError, lastRequest: null: org.apache.ratis.thirdparty.io.grpc.StatusRuntimeException: CANCELLED: client cancelled
2023-09-08 11:19:15,719 [250abfd1-bd23-40f0-a4b0-f7070b21e986@group-120BE6A4A936-StateMachineUpdater] INFO  ratis.ContainerStateMachine (ContainerStateMachine.java:takeSnapshot(341)) - group-120BE6A4A936: Finished taking a snapshot at:(t:1, i:12) file:/home/runner/work/ozone/ozone/hadoop-ozone/integration-test/target/test-dir/MiniOzoneClusterImpl-fc42fee5-8bb2-43c7-8c2a-cc72dd658d38/datanode-0/data/ratis/214054d4-b789-494d-8505-120be6a4a936/sm/snapshot.1_12 took: 4 ms
2023-09-08 11:19:15,719 [250abfd1-bd23-40f0-a4b0-f7070b21e986@group-120BE6A4A936-StateMachineUpdater] INFO  impl.StateMachineUpdater (StateMachineUpdater.java:takeSnapshot(291)) - 250abfd1-bd23-40f0-a4b0-f7070b21e986@group-120BE6A4A936-StateMachineUpdater: Took a snapshot at index 12
2023-09-08 11:19:15,719 [250abfd1-bd23-40f0-a4b0-f7070b21e986@group-120BE6A4A936-StateMachineUpdater] INFO  impl.StateMachineUpdater (StateMachineUpdater.java:lambda$new$0(97)) - 250abfd1-bd23-40f0-a4b0-f7070b21e986@group-120BE6A4A936-StateMachineUpdater: snapshotIndex: updateIncreasingly -1 -> 12
2023-09-08 11:19:15,720 [250abfd1-bd23-40f0-a4b0-f7070b21e986@group-0148662441ED-StateMachineUpdater] INFO  ratis.ContainerStateMachine (ContainerStateMachine.java:takeSnapshot(341)) - group-0148662441ED: Finished taking a snapshot at:(t:1, i:18) file:/home/runner/work/ozone/ozone/hadoop-ozone/integration-test/target/test-dir/MiniOzoneClusterImpl-fc42fee5-8bb2-43c7-8c2a-cc72dd658d38/datanode-0/data/ratis/cae1cfef-08b9-4dc8-a6cf-0148662441ed/sm/snapshot.1_18 took: 10 ms
2023-09-08 11:19:15,720 [250abfd1-bd23-40f0-a4b0-f7070b21e986@group-0148662441ED-StateMachineUpdater] INFO  impl.StateMachineUpdater (StateMachineUpdater.java:takeSnapshot(291)) - 250abfd1-bd23-40f0-a4b0-f7070b21e986@group-0148662441ED-StateMachineUpdater: Took a snapshot at index 18
2023-09-08 11:19:15,720 [250abfd1-bd23-40f0-a4b0-f7070b21e986@group-0148662441ED-StateMachineUpdater] INFO  impl.StateMachineUpdater (StateMachineUpdater.java:lambda$new$0(97)) - 250abfd1-bd23-40f0-a4b0-f7070b21e986@group-0148662441ED-StateMachineUpdater: snapshotIndex: updateIncreasingly -1 -> 18
2023-09-08 11:19:15,718 [grpc-default-executor-3] WARN  server.GrpcClientProtocolService (LogUtils.java:warn(122)) - 2-OrderedRequestStreamObserver2: onError: org.apache.ratis.thirdparty.io.grpc.StatusRuntimeException: CANCELLED: client cancelled
2023-09-08 11:19:15,725 [grpc-default-executor-6] INFO  server.GrpcLogAppender (GrpcLogAppender.java:onError(417)) - 250abfd1-bd23-40f0-a4b0-f7070b21e986@group-120BE6A4A936->e7773167-2049-479c-a584-e45e7fe0d5b5-GrpcLogAppender is already stopped
2023-09-08 11:19:15,725 [ForkJoinPool.commonPool-worker-0] INFO  server.GrpcService (GrpcService.java:closeImpl(320)) - 250abfd1-bd23-40f0-a4b0-f7070b21e986: shutdown server org.apache.ratis.grpc.server.GrpcClientProtocolService successfully
2023-09-08 11:19:15,725 [ForkJoinPool.commonPool-worker-0] INFO  server.GrpcService (GrpcService.java:closeImpl(311)) - 250abfd1-bd23-40f0-a4b0-f7070b21e986: shutdown server GrpcServerProtocolService now
2023-09-08 11:19:15,727 [main] INFO  server.GrpcService (GrpcService.java:closeImpl(320)) - e7773167-2049-479c-a584-e45e7fe0d5b5: shutdown server org.apache.ratis.grpc.server.GrpcAdminProtocolService successfully
2023-09-08 11:19:15,728 [e7773167-2049-479c-a584-e45e7fe0d5b5-NettyServerStreamRpc-bossGroup--thread1] INFO  logging.LoggingHandler (AbstractInternalLogger.java:log(148)) - [id: 0xe9c73cf4, L:/0:0:0:0:0:0:0:0:15086] CLOSE
2023-09-08 11:19:15,728 [e7773167-2049-479c-a584-e45e7fe0d5b5-NettyServerStreamRpc-bossGroup--thread1] INFO  logging.LoggingHandler (AbstractInternalLogger.java:log(148)) - [id: 0xe9c73cf4, L:/0:0:0:0:0:0:0:0:15086] INACTIVE
2023-09-08 11:19:15,728 [e7773167-2049-479c-a584-e45e7fe0d5b5-NettyServerStreamRpc-bossGroup--thread1] INFO  logging.LoggingHandler (AbstractInternalLogger.java:log(148)) - [id: 0xe9c73cf4, L:/0:0:0:0:0:0:0:0:15086] UNREGISTERED
2023-09-08 11:19:15,731 [250abfd1-bd23-40f0-a4b0-f7070b21e986-impl-thread2] INFO  server.RaftServer$Division (ServerState.java:close(472)) - 250abfd1-bd23-40f0-a4b0-f7070b21e986@group-0148662441ED: closes. applyIndex: 18
2023-09-08 11:19:15,731 [250abfd1-bd23-40f0-a4b0-f7070b21e986-impl-thread4] INFO  server.RaftServer$Division (ServerState.java:close(472)) - 250abfd1-bd23-40f0-a4b0-f7070b21e986@group-120BE6A4A936: closes. applyIndex: 12
2023-09-08 11:19:15,736 [ForkJoinPool.commonPool-worker-0] INFO  server.GrpcService (GrpcService.java:closeImpl(320)) - 250abfd1-bd23-40f0-a4b0-f7070b21e986: shutdown server GrpcServerProtocolService successfully
2023-09-08 11:19:15,736 [ForkJoinPool.commonPool-worker-0] INFO  server.GrpcService (GrpcService.java:closeImpl(311)) - 250abfd1-bd23-40f0-a4b0-f7070b21e986: shutdown server org.apache.ratis.grpc.server.GrpcAdminProtocolService now
2023-09-08 11:19:15,741 [ForkJoinPool.commonPool-worker-0] INFO  server.GrpcService (GrpcService.java:closeImpl(320)) - 250abfd1-bd23-40f0-a4b0-f7070b21e986: shutdown server org.apache.ratis.grpc.server.GrpcAdminProtocolService successfully
2023-09-08 11:19:15,744 [250abfd1-bd23-40f0-a4b0-f7070b21e986-NettyServerStreamRpc-bossGroup--thread1] INFO  logging.LoggingHandler (AbstractInternalLogger.java:log(148)) - [id: 0x9c263042, L:/0:0:0:0:0:0:0:0:15068] CLOSE
2023-09-08 11:19:15,744 [250abfd1-bd23-40f0-a4b0-f7070b21e986-NettyServerStreamRpc-bossGroup--thread1] INFO  logging.LoggingHandler (AbstractInternalLogger.java:log(148)) - [id: 0x9c263042, L:/0:0:0:0:0:0:0:0:15068] INACTIVE
2023-09-08 11:19:15,745 [250abfd1-bd23-40f0-a4b0-f7070b21e986-NettyServerStreamRpc-bossGroup--thread1] INFO  logging.LoggingHandler (AbstractInternalLogger.java:log(148)) - [id: 0x9c263042, L:/0:0:0:0:0:0:0:0:15068] UNREGISTERED
2023-09-08 11:19:15,752 [ForkJoinPool.commonPool-worker-1] INFO  ozoneimpl.OzoneContainer (OzoneContainer.java:stop(451)) - Attempting to stop container services.
2023-09-08 11:19:15,753 [ForkJoinPool.commonPool-worker-1] INFO  server.RaftServer (RaftServerProxy.java:lambda$close$6(416)) - cc8e8696-e38e-4ced-9d90-ae7c9c418c99: close
2023-09-08 11:19:15,753 [ForkJoinPool.commonPool-worker-1] INFO  server.GrpcService (GrpcService.java:closeImpl(311)) - cc8e8696-e38e-4ced-9d90-ae7c9c418c99: shutdown server org.apache.ratis.grpc.server.GrpcClientProtocolService now
2023-09-08 11:19:15,753 [cc8e8696-e38e-4ced-9d90-ae7c9c418c99-impl-thread2] INFO  server.RaftServer$Division (RaftServerImpl.java:lambda$close$4(466)) - cc8e8696-e38e-4ced-9d90-ae7c9c418c99@group-79A5F6026B9F: shutdown
2023-09-08 11:19:15,754 [cc8e8696-e38e-4ced-9d90-ae7c9c418c99-impl-thread2] INFO  util.JmxRegister (JmxRegister.java:unregister(73)) - Successfully un-registered JMX Bean with object name Ratis:service=RaftServer,group=group-79A5F6026B9F,id=cc8e8696-e38e-4ced-9d90-ae7c9c418c99
2023-09-08 11:19:15,754 [cc8e8696-e38e-4ced-9d90-ae7c9c418c99-impl-thread2] INFO  impl.RoleInfo (RoleInfo.java:shutdownLeaderState(93)) - cc8e8696-e38e-4ced-9d90-ae7c9c418c99: shutdown cc8e8696-e38e-4ced-9d90-ae7c9c418c99@group-79A5F6026B9F-LeaderStateImpl
2023-09-08 11:19:15,754 [cc8e8696-e38e-4ced-9d90-ae7c9c418c99-impl-thread2] INFO  impl.PendingRequests (PendingRequests.java:sendNotLeaderResponses(289)) - cc8e8696-e38e-4ced-9d90-ae7c9c418c99@group-79A5F6026B9F-PendingRequests: sendNotLeaderResponses
2023-09-08 11:19:15,755 [cc8e8696-e38e-4ced-9d90-ae7c9c418c99-impl-thread2] INFO  impl.StateMachineUpdater (StateMachineUpdater.java:stopAndJoin(155)) - cc8e8696-e38e-4ced-9d90-ae7c9c418c99@group-79A5F6026B9F-StateMachineUpdater: set stopIndex = 0
2023-09-08 11:19:15,755 [cc8e8696-e38e-4ced-9d90-ae7c9c418c99@group-79A5F6026B9F-StateMachineUpdater] INFO  ratis.ContainerStateMachine (ContainerStateMachine.java:takeSnapshot(330)) - group-79A5F6026B9F: Taking a snapshot at:(t:1, i:0) file /home/runner/work/ozone/ozone/hadoop-ozone/integration-test/target/test-dir/MiniOzoneClusterImpl-fc42fee5-8bb2-43c7-8c2a-cc72dd658d38/datanode-4/data/ratis/859aeb8e-1801-453f-a1ff-79a5f6026b9f/sm/snapshot.1_0
2023-09-08 11:19:15,756 [ForkJoinPool.commonPool-worker-1] INFO  server.GrpcService (GrpcService.java:closeImpl(320)) - cc8e8696-e38e-4ced-9d90-ae7c9c418c99: shutdown server org.apache.ratis.grpc.server.GrpcClientProtocolService successfully
2023-09-08 11:19:15,757 [ForkJoinPool.commonPool-worker-1] INFO  server.GrpcService (GrpcService.java:closeImpl(311)) - cc8e8696-e38e-4ced-9d90-ae7c9c418c99: shutdown server GrpcServerProtocolService now
2023-09-08 11:19:15,757 [cc8e8696-e38e-4ced-9d90-ae7c9c418c99@group-79A5F6026B9F-StateMachineUpdater] INFO  ratis.ContainerStateMachine (ContainerStateMachine.java:takeSnapshot(341)) - group-79A5F6026B9F: Finished taking a snapshot at:(t:1, i:0) file:/home/runner/work/ozone/ozone/hadoop-ozone/integration-test/target/test-dir/MiniOzoneClusterImpl-fc42fee5-8bb2-43c7-8c2a-cc72dd658d38/datanode-4/data/ratis/859aeb8e-1801-453f-a1ff-79a5f6026b9f/sm/snapshot.1_0 took: 2 ms
2023-09-08 11:19:15,757 [cc8e8696-e38e-4ced-9d90-ae7c9c418c99@group-79A5F6026B9F-StateMachineUpdater] INFO  impl.StateMachineUpdater (StateMachineUpdater.java:takeSnapshot(291)) - cc8e8696-e38e-4ced-9d90-ae7c9c418c99@group-79A5F6026B9F-StateMachineUpdater: Took a snapshot at index 0
2023-09-08 11:19:15,757 [cc8e8696-e38e-4ced-9d90-ae7c9c418c99@group-79A5F6026B9F-StateMachineUpdater] INFO  impl.StateMachineUpdater (StateMachineUpdater.java:lambda$new$0(97)) - cc8e8696-e38e-4ced-9d90-ae7c9c418c99@group-79A5F6026B9F-StateMachineUpdater: snapshotIndex: updateIncreasingly -1 -> 0
2023-09-08 11:19:15,758 [cc8e8696-e38e-4ced-9d90-ae7c9c418c99-impl-thread2] INFO  server.RaftServer$Division (ServerState.java:close(472)) - cc8e8696-e38e-4ced-9d90-ae7c9c418c99@group-79A5F6026B9F: closes. applyIndex: 0
2023-09-08 11:19:15,759 [ForkJoinPool.commonPool-worker-1] INFO  server.GrpcService (GrpcService.java:closeImpl(320)) - cc8e8696-e38e-4ced-9d90-ae7c9c418c99: shutdown server GrpcServerProtocolService successfully
2023-09-08 11:19:15,759 [ForkJoinPool.commonPool-worker-1] INFO  server.GrpcService (GrpcService.java:closeImpl(311)) - cc8e8696-e38e-4ced-9d90-ae7c9c418c99: shutdown server org.apache.ratis.grpc.server.GrpcAdminProtocolService now
2023-09-08 11:19:15,768 [ForkJoinPool.commonPool-worker-1] INFO  server.GrpcService (GrpcService.java:closeImpl(320)) - cc8e8696-e38e-4ced-9d90-ae7c9c418c99: shutdown server org.apache.ratis.grpc.server.GrpcAdminProtocolService successfully
2023-09-08 11:19:15,768 [cc8e8696-e38e-4ced-9d90-ae7c9c418c99-NettyServerStreamRpc-bossGroup--thread1] INFO  logging.LoggingHandler (AbstractInternalLogger.java:log(148)) - [id: 0x5cf39aa5, L:/0:0:0:0:0:0:0:0:15104] CLOSE
2023-09-08 11:19:15,768 [cc8e8696-e38e-4ced-9d90-ae7c9c418c99-NettyServerStreamRpc-bossGroup--thread1] INFO  logging.LoggingHandler (AbstractInternalLogger.java:log(148)) - [id: 0x5cf39aa5, L:/0:0:0:0:0:0:0:0:15104] INACTIVE
2023-09-08 11:19:15,768 [cc8e8696-e38e-4ced-9d90-ae7c9c418c99-NettyServerStreamRpc-bossGroup--thread1] INFO  logging.LoggingHandler (AbstractInternalLogger.java:log(148)) - [id: 0x5cf39aa5, L:/0:0:0:0:0:0:0:0:15104] UNREGISTERED
2023-09-08 11:19:15,774 [ForkJoinPool.commonPool-worker-2] INFO  ozoneimpl.OzoneContainer (OzoneContainer.java:stop(451)) - Attempting to stop container services.
2023-09-08 11:19:15,775 [ForkJoinPool.commonPool-worker-2] INFO  server.RaftServer (RaftServerProxy.java:lambda$close$6(416)) - 17f9ea42-0da3-466f-953b-33021d7cf2c6: close
2023-09-08 11:19:15,776 [ForkJoinPool.commonPool-worker-2] INFO  server.GrpcService (GrpcService.java:closeImpl(311)) - 17f9ea42-0da3-466f-953b-33021d7cf2c6: shutdown server org.apache.ratis.grpc.server.GrpcClientProtocolService now
2023-09-08 11:19:15,776 [17f9ea42-0da3-466f-953b-33021d7cf2c6-impl-thread2] INFO  server.RaftServer$Division (RaftServerImpl.java:lambda$close$4(466)) - 17f9ea42-0da3-466f-953b-33021d7cf2c6@group-CBA28D4C7E1C: shutdown
2023-09-08 11:19:15,776 [ForkJoinPool.commonPool-worker-2] INFO  server.GrpcService (GrpcService.java:closeImpl(320)) - 17f9ea42-0da3-466f-953b-33021d7cf2c6: shutdown server org.apache.ratis.grpc.server.GrpcClientProtocolService successfully
2023-09-08 11:19:15,776 [ForkJoinPool.commonPool-worker-2] INFO  server.GrpcService (GrpcService.java:closeImpl(311)) - 17f9ea42-0da3-466f-953b-33021d7cf2c6: shutdown server GrpcServerProtocolService now
2023-09-08 11:19:15,776 [17f9ea42-0da3-466f-953b-33021d7cf2c6-impl-thread2] INFO  util.JmxRegister (JmxRegister.java:unregister(73)) - Successfully un-registered JMX Bean with object name Ratis:service=RaftServer,group=group-CBA28D4C7E1C,id=17f9ea42-0da3-466f-953b-33021d7cf2c6
2023-09-08 11:19:15,780 [17f9ea42-0da3-466f-953b-33021d7cf2c6-impl-thread2] INFO  impl.RoleInfo (RoleInfo.java:shutdownLeaderState(93)) - 17f9ea42-0da3-466f-953b-33021d7cf2c6: shutdown 17f9ea42-0da3-466f-953b-33021d7cf2c6@group-CBA28D4C7E1C-LeaderStateImpl
2023-09-08 11:19:15,780 [ForkJoinPool.commonPool-worker-2] INFO  server.GrpcService (GrpcService.java:closeImpl(320)) - 17f9ea42-0da3-466f-953b-33021d7cf2c6: shutdown server GrpcServerProtocolService successfully
2023-09-08 11:19:15,780 [ForkJoinPool.commonPool-worker-2] INFO  server.GrpcService (GrpcService.java:closeImpl(311)) - 17f9ea42-0da3-466f-953b-33021d7cf2c6: shutdown server org.apache.ratis.grpc.server.GrpcAdminProtocolService now
2023-09-08 11:19:15,780 [17f9ea42-0da3-466f-953b-33021d7cf2c6-impl-thread2] INFO  impl.PendingRequests (PendingRequests.java:sendNotLeaderResponses(289)) - 17f9ea42-0da3-466f-953b-33021d7cf2c6@group-CBA28D4C7E1C-PendingRequests: sendNotLeaderResponses
2023-09-08 11:19:15,782 [ForkJoinPool.commonPool-worker-2] INFO  server.GrpcService (GrpcService.java:closeImpl(320)) - 17f9ea42-0da3-466f-953b-33021d7cf2c6: shutdown server org.apache.ratis.grpc.server.GrpcAdminProtocolService successfully
2023-09-08 11:19:15,782 [17f9ea42-0da3-466f-953b-33021d7cf2c6-NettyServerStreamRpc-bossGroup--thread1] INFO  logging.LoggingHandler (AbstractInternalLogger.java:log(148)) - [id: 0x8318a09c, L:/0:0:0:0:0:0:0:0:15095] CLOSE
2023-09-08 11:19:15,782 [17f9ea42-0da3-466f-953b-33021d7cf2c6-NettyServerStreamRpc-bossGroup--thread1] INFO  logging.LoggingHandler (AbstractInternalLogger.java:log(148)) - [id: 0x8318a09c, L:/0:0:0:0:0:0:0:0:15095] INACTIVE
2023-09-08 11:19:15,782 [17f9ea42-0da3-466f-953b-33021d7cf2c6-NettyServerStreamRpc-bossGroup--thread1] INFO  logging.LoggingHandler (AbstractInternalLogger.java:log(148)) - [id: 0x8318a09c, L:/0:0:0:0:0:0:0:0:15095] UNREGISTERED
2023-09-08 11:19:15,783 [17f9ea42-0da3-466f-953b-33021d7cf2c6-impl-thread2] INFO  impl.StateMachineUpdater (StateMachineUpdater.java:stopAndJoin(155)) - 17f9ea42-0da3-466f-953b-33021d7cf2c6@group-CBA28D4C7E1C-StateMachineUpdater: set stopIndex = 0
2023-09-08 11:19:15,783 [17f9ea42-0da3-466f-953b-33021d7cf2c6@group-CBA28D4C7E1C-StateMachineUpdater] INFO  ratis.ContainerStateMachine (ContainerStateMachine.java:takeSnapshot(330)) - group-CBA28D4C7E1C: Taking a snapshot at:(t:1, i:0) file /home/runner/work/ozone/ozone/hadoop-ozone/integration-test/target/test-dir/MiniOzoneClusterImpl-fc42fee5-8bb2-43c7-8c2a-cc72dd658d38/datanode-3/data/ratis/631529a6-3bfb-49a1-9734-cba28d4c7e1c/sm/snapshot.1_0
2023-09-08 11:19:15,784 [17f9ea42-0da3-466f-953b-33021d7cf2c6@group-CBA28D4C7E1C-StateMachineUpdater] INFO  ratis.ContainerStateMachine (ContainerStateMachine.java:takeSnapshot(341)) - group-CBA28D4C7E1C: Finished taking a snapshot at:(t:1, i:0) file:/home/runner/work/ozone/ozone/hadoop-ozone/integration-test/target/test-dir/MiniOzoneClusterImpl-fc42fee5-8bb2-43c7-8c2a-cc72dd658d38/datanode-3/data/ratis/631529a6-3bfb-49a1-9734-cba28d4c7e1c/sm/snapshot.1_0 took: 1 ms
2023-09-08 11:19:15,784 [17f9ea42-0da3-466f-953b-33021d7cf2c6@group-CBA28D4C7E1C-StateMachineUpdater] INFO  impl.StateMachineUpdater (StateMachineUpdater.java:takeSnapshot(291)) - 17f9ea42-0da3-466f-953b-33021d7cf2c6@group-CBA28D4C7E1C-StateMachineUpdater: Took a snapshot at index 0
2023-09-08 11:19:15,784 [17f9ea42-0da3-466f-953b-33021d7cf2c6@group-CBA28D4C7E1C-StateMachineUpdater] INFO  impl.StateMachineUpdater (StateMachineUpdater.java:lambda$new$0(97)) - 17f9ea42-0da3-466f-953b-33021d7cf2c6@group-CBA28D4C7E1C-StateMachineUpdater: snapshotIndex: updateIncreasingly -1 -> 0
2023-09-08 11:19:15,786 [17f9ea42-0da3-466f-953b-33021d7cf2c6-impl-thread2] INFO  server.RaftServer$Division (ServerState.java:close(472)) - 17f9ea42-0da3-466f-953b-33021d7cf2c6@group-CBA28D4C7E1C: closes. applyIndex: 0
2023-09-08 11:19:16,155 [31c5dcde-db57-40d7-a24d-ec5de7583a50-impl-thread3] INFO  segmented.SegmentedRaftLogWorker (SegmentedRaftLogWorker.java:close(252)) - 31c5dcde-db57-40d7-a24d-ec5de7583a50@group-D302E3903700-SegmentedRaftLogWorker close()
2023-09-08 11:19:16,162 [e7773167-2049-479c-a584-e45e7fe0d5b5-impl-thread2] INFO  segmented.SegmentedRaftLogWorker (SegmentedRaftLogWorker.java:close(252)) - e7773167-2049-479c-a584-e45e7fe0d5b5@group-0148662441ED-SegmentedRaftLogWorker close()
2023-09-08 11:19:16,162 [31c5dcde-db57-40d7-a24d-ec5de7583a50-impl-thread2] INFO  segmented.SegmentedRaftLogWorker (SegmentedRaftLogWorker.java:close(252)) - 31c5dcde-db57-40d7-a24d-ec5de7583a50@group-0148662441ED-SegmentedRaftLogWorker close()
2023-09-08 11:19:16,163 [250abfd1-bd23-40f0-a4b0-f7070b21e986-impl-thread2] INFO  segmented.SegmentedRaftLogWorker (SegmentedRaftLogWorker.java:close(252)) - 250abfd1-bd23-40f0-a4b0-f7070b21e986@group-0148662441ED-SegmentedRaftLogWorker close()
2023-09-08 11:19:16,164 [250abfd1-bd23-40f0-a4b0-f7070b21e986-impl-thread3] INFO  segmented.SegmentedRaftLogWorker (SegmentedRaftLogWorker.java:close(252)) - 250abfd1-bd23-40f0-a4b0-f7070b21e986@group-8F03CE2A9CEC-SegmentedRaftLogWorker close()
2023-09-08 11:19:16,164 [17f9ea42-0da3-466f-953b-33021d7cf2c6-impl-thread2] INFO  segmented.SegmentedRaftLogWorker (SegmentedRaftLogWorker.java:close(252)) - 17f9ea42-0da3-466f-953b-33021d7cf2c6@group-CBA28D4C7E1C-SegmentedRaftLogWorker close()
2023-09-08 11:19:16,164 [e7773167-2049-479c-a584-e45e7fe0d5b5-impl-thread3] INFO  segmented.SegmentedRaftLogWorker (SegmentedRaftLogWorker.java:close(252)) - e7773167-2049-479c-a584-e45e7fe0d5b5@group-310911E93B88-SegmentedRaftLogWorker close()
2023-09-08 11:19:16,167 [JvmPauseMonitor12] INFO  util.JvmPauseMonitor (JvmPauseMonitor.java:run(109)) - JvmPauseMonitor-17f9ea42-0da3-466f-953b-33021d7cf2c6: Stopped
2023-09-08 11:19:16,327 [cc8e8696-e38e-4ced-9d90-ae7c9c418c99-impl-thread2] INFO  segmented.SegmentedRaftLogWorker (SegmentedRaftLogWorker.java:close(252)) - cc8e8696-e38e-4ced-9d90-ae7c9c418c99@group-79A5F6026B9F-SegmentedRaftLogWorker close()
2023-09-08 11:19:16,330 [JvmPauseMonitor13] INFO  util.JvmPauseMonitor (JvmPauseMonitor.java:run(109)) - JvmPauseMonitor-cc8e8696-e38e-4ced-9d90-ae7c9c418c99: Stopped
2023-09-08 11:19:16,496 [250abfd1-bd23-40f0-a4b0-f7070b21e986-impl-thread4] INFO  segmented.SegmentedRaftLogWorker (SegmentedRaftLogWorker.java:close(252)) - 250abfd1-bd23-40f0-a4b0-f7070b21e986@group-120BE6A4A936-SegmentedRaftLogWorker close()
2023-09-08 11:19:16,497 [JvmPauseMonitor9] INFO  util.JvmPauseMonitor (JvmPauseMonitor.java:run(109)) - JvmPauseMonitor-250abfd1-bd23-40f0-a4b0-f7070b21e986: Stopped
2023-09-08 11:19:16,514 [e7773167-2049-479c-a584-e45e7fe0d5b5-impl-thread4] INFO  segmented.SegmentedRaftLogWorker (SegmentedRaftLogWorker.java:close(252)) - e7773167-2049-479c-a584-e45e7fe0d5b5@group-120BE6A4A936-SegmentedRaftLogWorker close()
2023-09-08 11:19:16,515 [31c5dcde-db57-40d7-a24d-ec5de7583a50-impl-thread4] INFO  segmented.SegmentedRaftLogWorker (SegmentedRaftLogWorker.java:close(252)) - 31c5dcde-db57-40d7-a24d-ec5de7583a50@group-120BE6A4A936-SegmentedRaftLogWorker close()
2023-09-08 11:19:16,515 [JvmPauseMonitor11] INFO  util.JvmPauseMonitor (JvmPauseMonitor.java:run(109)) - JvmPauseMonitor-e7773167-2049-479c-a584-e45e7fe0d5b5: Stopped
2023-09-08 11:19:16,517 [JvmPauseMonitor10] INFO  util.JvmPauseMonitor (JvmPauseMonitor.java:run(109)) - JvmPauseMonitor-31c5dcde-db57-40d7-a24d-ec5de7583a50: Stopped
2023-09-08 11:19:18,171 [ForkJoinPool.commonPool-worker-2] INFO  utils.DatanodeStoreCache (DatanodeStoreCache.java:shutdownCache(110)) - Skip clearing cache in mini cluster mode. Entries left: [/home/runner/work/ozone/ozone/hadoop-ozone/integration-test/target/test-dir/MiniOzoneClusterImpl-fc42fee5-8bb2-43c7-8c2a-cc72dd658d38/datanode-0/data-0/containers/hdds/fc42fee5-8bb2-43c7-8c2a-cc72dd658d38/DS-763642c1-d3a0-4a29-b7fa-dab17cb4e428/container.db, /home/runner/work/ozone/ozone/hadoop-ozone/integration-test/target/test-dir/MiniOzoneClusterImpl-fc42fee5-8bb2-43c7-8c2a-cc72dd658d38/datanode-1/data-0/containers/hdds/fc42fee5-8bb2-43c7-8c2a-cc72dd658d38/DS-2219b7de-04fd-42ae-9f4b-52e06280b465/container.db, /home/runner/work/ozone/ozone/hadoop-ozone/integration-test/target/test-dir/MiniOzoneClusterImpl-fc42fee5-8bb2-43c7-8c2a-cc72dd658d38/datanode-2/data-0/containers/hdds/fc42fee5-8bb2-43c7-8c2a-cc72dd658d38/DS-68c01ead-9d8f-411c-823f-36faf608937f/container.db, /home/runner/work/ozone/ozone/hadoop-ozone/integration-test/target/test-dir/MiniOzoneClusterImpl-fc42fee5-8bb2-43c7-8c2a-cc72dd658d38/datanode-3/data-0/containers/hdds/fc42fee5-8bb2-43c7-8c2a-cc72dd658d38/DS-de102083-540c-437a-a4d6-6fd8a6cb20dd/container.db, /home/runner/work/ozone/ozone/hadoop-ozone/integration-test/target/test-dir/MiniOzoneClusterImpl-fc42fee5-8bb2-43c7-8c2a-cc72dd658d38/datanode-4/data-0/containers/hdds/fc42fee5-8bb2-43c7-8c2a-cc72dd658d38/DS-86638bd4-deb6-4df8-b6f5-98fa55f9d1c2/container.db]
2023-09-08 11:19:18,177 [ForkJoinPool.commonPool-worker-2] INFO  utils.DatanodeStoreCache (DatanodeStoreCache.java:removeDB(104)) - Removed db /home/runner/work/ozone/ozone/hadoop-ozone/integration-test/target/test-dir/MiniOzoneClusterImpl-fc42fee5-8bb2-43c7-8c2a-cc72dd658d38/datanode-3/data-0/containers/hdds/fc42fee5-8bb2-43c7-8c2a-cc72dd658d38/DS-de102083-540c-437a-a4d6-6fd8a6cb20dd/container.db from cache
2023-09-08 11:19:18,177 [ForkJoinPool.commonPool-worker-2] INFO  volume.HddsVolume (HddsVolume.java:closeDbStore(453)) - SchemaV3 db is stopped at /home/runner/work/ozone/ozone/hadoop-ozone/integration-test/target/test-dir/MiniOzoneClusterImpl-fc42fee5-8bb2-43c7-8c2a-cc72dd658d38/datanode-3/data-0/containers/hdds/fc42fee5-8bb2-43c7-8c2a-cc72dd658d38/DS-de102083-540c-437a-a4d6-6fd8a6cb20dd/container.db for volume DS-de102083-540c-437a-a4d6-6fd8a6cb20dd
2023-09-08 11:19:18,178 [ForkJoinPool.commonPool-worker-2] INFO  utils.BackgroundService (BackgroundService.java:shutdown(141)) - Shutting down service BlockDeletingService
2023-09-08 11:19:18,178 [ForkJoinPool.commonPool-worker-2] INFO  utils.BackgroundService (BackgroundService.java:shutdown(141)) - Shutting down service StaleRecoveringContainerScrubbingService
2023-09-08 11:19:18,190 [ForkJoinPool.commonPool-worker-2] INFO  statemachine.DatanodeStateMachine (DatanodeStateMachine.java:stopDaemon(620)) - Ozone container server stopped.
2023-09-08 11:19:18,206 [ForkJoinPool.commonPool-worker-2] INFO  handler.ContextHandler (ContextHandler.java:doStop(1159)) - Stopped o.e.j.w.WebAppContext@33a95758{hddsDatanode,/,null,STOPPED}{jar:file:/home/runner/.m2/repository/org/apache/ozone/hdds-container-service/1.4.0-SNAPSHOT/hdds-container-service-1.4.0-SNAPSHOT.jar!/webapps/hddsDatanode}
2023-09-08 11:19:18,207 [ForkJoinPool.commonPool-worker-2] INFO  server.AbstractConnector (AbstractConnector.java:doStop(383)) - Stopped ServerConnector@190db09c{HTTP/1.1, (http/1.1)}{0.0.0.0:15089}
2023-09-08 11:19:18,207 [ForkJoinPool.commonPool-worker-2] INFO  server.session (HouseKeeper.java:stopScavenging(149)) - node0 Stopped scavenging
2023-09-08 11:19:18,209 [ForkJoinPool.commonPool-worker-2] INFO  handler.ContextHandler (ContextHandler.java:doStop(1159)) - Stopped o.e.j.s.ServletContextHandler@4acfc821{static,/static,jar:file:/home/runner/.m2/repository/org/apache/ozone/hdds-container-service/1.4.0-SNAPSHOT/hdds-container-service-1.4.0-SNAPSHOT.jar!/webapps/static,STOPPED}
2023-09-08 11:19:18,210 [ForkJoinPool.commonPool-worker-2] INFO  handler.ContextHandler (ContextHandler.java:doStop(1159)) - Stopped o.e.j.s.ServletContextHandler@59350677{logs,/logs,file:///home/runner/work/ozone/ozone/hadoop-ozone/integration-test/target/log,STOPPED}
2023-09-08 11:19:18,211 [ForkJoinPool.commonPool-worker-2] INFO  ozone.HddsDatanodeClientProtocolServer (HddsDatanodeClientProtocolServer.java:stop(78)) - Stopping the RPC server for Client Protocol
2023-09-08 11:19:18,212 [ForkJoinPool.commonPool-worker-2] INFO  ipc.Server (Server.java:stop(3523)) - Stopping server on 15090
2023-09-08 11:19:18,212 [IPC Server listener on 15090] INFO  ipc.Server (Server.java:run(1434)) - Stopping IPC Server listener on 15090
2023-09-08 11:19:18,213 [IPC Server Responder] INFO  ipc.Server (Server.java:run(1567)) - Stopping IPC Server Responder
2023-09-08 11:19:18,334 [ForkJoinPool.commonPool-worker-1] INFO  utils.DatanodeStoreCache (DatanodeStoreCache.java:shutdownCache(110)) - Skip clearing cache in mini cluster mode. Entries left: [/home/runner/work/ozone/ozone/hadoop-ozone/integration-test/target/test-dir/MiniOzoneClusterImpl-fc42fee5-8bb2-43c7-8c2a-cc72dd658d38/datanode-0/data-0/containers/hdds/fc42fee5-8bb2-43c7-8c2a-cc72dd658d38/DS-763642c1-d3a0-4a29-b7fa-dab17cb4e428/container.db, /home/runner/work/ozone/ozone/hadoop-ozone/integration-test/target/test-dir/MiniOzoneClusterImpl-fc42fee5-8bb2-43c7-8c2a-cc72dd658d38/datanode-1/data-0/containers/hdds/fc42fee5-8bb2-43c7-8c2a-cc72dd658d38/DS-2219b7de-04fd-42ae-9f4b-52e06280b465/container.db, /home/runner/work/ozone/ozone/hadoop-ozone/integration-test/target/test-dir/MiniOzoneClusterImpl-fc42fee5-8bb2-43c7-8c2a-cc72dd658d38/datanode-2/data-0/containers/hdds/fc42fee5-8bb2-43c7-8c2a-cc72dd658d38/DS-68c01ead-9d8f-411c-823f-36faf608937f/container.db, /home/runner/work/ozone/ozone/hadoop-ozone/integration-test/target/test-dir/MiniOzoneClusterImpl-fc42fee5-8bb2-43c7-8c2a-cc72dd658d38/datanode-4/data-0/containers/hdds/fc42fee5-8bb2-43c7-8c2a-cc72dd658d38/DS-86638bd4-deb6-4df8-b6f5-98fa55f9d1c2/container.db]
2023-09-08 11:19:18,342 [ForkJoinPool.commonPool-worker-1] INFO  utils.DatanodeStoreCache (DatanodeStoreCache.java:removeDB(104)) - Removed db /home/runner/work/ozone/ozone/hadoop-ozone/integration-test/target/test-dir/MiniOzoneClusterImpl-fc42fee5-8bb2-43c7-8c2a-cc72dd658d38/datanode-4/data-0/containers/hdds/fc42fee5-8bb2-43c7-8c2a-cc72dd658d38/DS-86638bd4-deb6-4df8-b6f5-98fa55f9d1c2/container.db from cache
2023-09-08 11:19:18,342 [ForkJoinPool.commonPool-worker-1] INFO  volume.HddsVolume (HddsVolume.java:closeDbStore(453)) - SchemaV3 db is stopped at /home/runner/work/ozone/ozone/hadoop-ozone/integration-test/target/test-dir/MiniOzoneClusterImpl-fc42fee5-8bb2-43c7-8c2a-cc72dd658d38/datanode-4/data-0/containers/hdds/fc42fee5-8bb2-43c7-8c2a-cc72dd658d38/DS-86638bd4-deb6-4df8-b6f5-98fa55f9d1c2/container.db for volume DS-86638bd4-deb6-4df8-b6f5-98fa55f9d1c2
2023-09-08 11:19:18,343 [ForkJoinPool.commonPool-worker-1] INFO  utils.BackgroundService (BackgroundService.java:shutdown(141)) - Shutting down service BlockDeletingService
2023-09-08 11:19:18,345 [ForkJoinPool.commonPool-worker-1] INFO  utils.BackgroundService (BackgroundService.java:shutdown(141)) - Shutting down service StaleRecoveringContainerScrubbingService
2023-09-08 11:19:18,346 [ForkJoinPool.commonPool-worker-1] INFO  statemachine.DatanodeStateMachine (DatanodeStateMachine.java:stopDaemon(620)) - Ozone container server stopped.
2023-09-08 11:19:18,360 [ForkJoinPool.commonPool-worker-1] INFO  handler.ContextHandler (ContextHandler.java:doStop(1159)) - Stopped o.e.j.w.WebAppContext@7c194a69{hddsDatanode,/,null,STOPPED}{jar:file:/home/runner/.m2/repository/org/apache/ozone/hdds-container-service/1.4.0-SNAPSHOT/hdds-container-service-1.4.0-SNAPSHOT.jar!/webapps/hddsDatanode}
2023-09-08 11:19:18,363 [ForkJoinPool.commonPool-worker-1] INFO  server.AbstractConnector (AbstractConnector.java:doStop(383)) - Stopped ServerConnector@698c7c27{HTTP/1.1, (http/1.1)}{0.0.0.0:15098}
2023-09-08 11:19:18,363 [ForkJoinPool.commonPool-worker-1] INFO  server.session (HouseKeeper.java:stopScavenging(149)) - node0 Stopped scavenging
2023-09-08 11:19:18,368 [ForkJoinPool.commonPool-worker-1] INFO  handler.ContextHandler (ContextHandler.java:doStop(1159)) - Stopped o.e.j.s.ServletContextHandler@4f02c083{static,/static,jar:file:/home/runner/.m2/repository/org/apache/ozone/hdds-container-service/1.4.0-SNAPSHOT/hdds-container-service-1.4.0-SNAPSHOT.jar!/webapps/static,STOPPED}
2023-09-08 11:19:18,369 [ForkJoinPool.commonPool-worker-1] INFO  handler.ContextHandler (ContextHandler.java:doStop(1159)) - Stopped o.e.j.s.ServletContextHandler@506da71e{logs,/logs,file:///home/runner/work/ozone/ozone/hadoop-ozone/integration-test/target/log,STOPPED}
2023-09-08 11:19:18,370 [ForkJoinPool.commonPool-worker-1] INFO  ozone.HddsDatanodeClientProtocolServer (HddsDatanodeClientProtocolServer.java:stop(78)) - Stopping the RPC server for Client Protocol
2023-09-08 11:19:18,372 [ForkJoinPool.commonPool-worker-1] INFO  ipc.Server (Server.java:stop(3523)) - Stopping server on 15099
2023-09-08 11:19:18,373 [IPC Server listener on 15099] INFO  ipc.Server (Server.java:run(1434)) - Stopping IPC Server listener on 15099
2023-09-08 11:19:18,373 [IPC Server Responder] INFO  ipc.Server (Server.java:run(1567)) - Stopping IPC Server Responder
2023-09-08 11:19:18,501 [ForkJoinPool.commonPool-worker-0] INFO  utils.DatanodeStoreCache (DatanodeStoreCache.java:shutdownCache(110)) - Skip clearing cache in mini cluster mode. Entries left: [/home/runner/work/ozone/ozone/hadoop-ozone/integration-test/target/test-dir/MiniOzoneClusterImpl-fc42fee5-8bb2-43c7-8c2a-cc72dd658d38/datanode-0/data-0/containers/hdds/fc42fee5-8bb2-43c7-8c2a-cc72dd658d38/DS-763642c1-d3a0-4a29-b7fa-dab17cb4e428/container.db, /home/runner/work/ozone/ozone/hadoop-ozone/integration-test/target/test-dir/MiniOzoneClusterImpl-fc42fee5-8bb2-43c7-8c2a-cc72dd658d38/datanode-1/data-0/containers/hdds/fc42fee5-8bb2-43c7-8c2a-cc72dd658d38/DS-2219b7de-04fd-42ae-9f4b-52e06280b465/container.db, /home/runner/work/ozone/ozone/hadoop-ozone/integration-test/target/test-dir/MiniOzoneClusterImpl-fc42fee5-8bb2-43c7-8c2a-cc72dd658d38/datanode-2/data-0/containers/hdds/fc42fee5-8bb2-43c7-8c2a-cc72dd658d38/DS-68c01ead-9d8f-411c-823f-36faf608937f/container.db]
2023-09-08 11:19:18,504 [ForkJoinPool.commonPool-worker-0] INFO  utils.DatanodeStoreCache (DatanodeStoreCache.java:removeDB(104)) - Removed db /home/runner/work/ozone/ozone/hadoop-ozone/integration-test/target/test-dir/MiniOzoneClusterImpl-fc42fee5-8bb2-43c7-8c2a-cc72dd658d38/datanode-0/data-0/containers/hdds/fc42fee5-8bb2-43c7-8c2a-cc72dd658d38/DS-763642c1-d3a0-4a29-b7fa-dab17cb4e428/container.db from cache
2023-09-08 11:19:18,504 [ForkJoinPool.commonPool-worker-0] INFO  volume.HddsVolume (HddsVolume.java:closeDbStore(453)) - SchemaV3 db is stopped at /home/runner/work/ozone/ozone/hadoop-ozone/integration-test/target/test-dir/MiniOzoneClusterImpl-fc42fee5-8bb2-43c7-8c2a-cc72dd658d38/datanode-0/data-0/containers/hdds/fc42fee5-8bb2-43c7-8c2a-cc72dd658d38/DS-763642c1-d3a0-4a29-b7fa-dab17cb4e428/container.db for volume DS-763642c1-d3a0-4a29-b7fa-dab17cb4e428
2023-09-08 11:19:18,505 [ForkJoinPool.commonPool-worker-0] INFO  utils.BackgroundService (BackgroundService.java:shutdown(141)) - Shutting down service BlockDeletingService
2023-09-08 11:19:18,505 [ForkJoinPool.commonPool-worker-0] INFO  utils.BackgroundService (BackgroundService.java:shutdown(141)) - Shutting down service StaleRecoveringContainerScrubbingService
2023-09-08 11:19:18,506 [ForkJoinPool.commonPool-worker-0] INFO  statemachine.DatanodeStateMachine (DatanodeStateMachine.java:stopDaemon(620)) - Ozone container server stopped.
2023-09-08 11:19:18,521 [main] INFO  utils.DatanodeStoreCache (DatanodeStoreCache.java:shutdownCache(110)) - Skip clearing cache in mini cluster mode. Entries left: [/home/runner/work/ozone/ozone/hadoop-ozone/integration-test/target/test-dir/MiniOzoneClusterImpl-fc42fee5-8bb2-43c7-8c2a-cc72dd658d38/datanode-1/data-0/containers/hdds/fc42fee5-8bb2-43c7-8c2a-cc72dd658d38/DS-2219b7de-04fd-42ae-9f4b-52e06280b465/container.db, /home/runner/work/ozone/ozone/hadoop-ozone/integration-test/target/test-dir/MiniOzoneClusterImpl-fc42fee5-8bb2-43c7-8c2a-cc72dd658d38/datanode-2/data-0/containers/hdds/fc42fee5-8bb2-43c7-8c2a-cc72dd658d38/DS-68c01ead-9d8f-411c-823f-36faf608937f/container.db]
2023-09-08 11:19:18,523 [ForkJoinPool.commonPool-worker-0] INFO  handler.ContextHandler (ContextHandler.java:doStop(1159)) - Stopped o.e.j.w.WebAppContext@3ad300bc{hddsDatanode,/,null,STOPPED}{jar:file:/home/runner/.m2/repository/org/apache/ozone/hdds-container-service/1.4.0-SNAPSHOT/hdds-container-service-1.4.0-SNAPSHOT.jar!/webapps/hddsDatanode}
2023-09-08 11:19:18,523 [main] INFO  utils.DatanodeStoreCache (DatanodeStoreCache.java:removeDB(104)) - Removed db /home/runner/work/ozone/ozone/hadoop-ozone/integration-test/target/test-dir/MiniOzoneClusterImpl-fc42fee5-8bb2-43c7-8c2a-cc72dd658d38/datanode-2/data-0/containers/hdds/fc42fee5-8bb2-43c7-8c2a-cc72dd658d38/DS-68c01ead-9d8f-411c-823f-36faf608937f/container.db from cache
2023-09-08 11:19:18,524 [main] INFO  volume.HddsVolume (HddsVolume.java:closeDbStore(453)) - SchemaV3 db is stopped at /home/runner/work/ozone/ozone/hadoop-ozone/integration-test/target/test-dir/MiniOzoneClusterImpl-fc42fee5-8bb2-43c7-8c2a-cc72dd658d38/datanode-2/data-0/containers/hdds/fc42fee5-8bb2-43c7-8c2a-cc72dd658d38/DS-68c01ead-9d8f-411c-823f-36faf608937f/container.db for volume DS-68c01ead-9d8f-411c-823f-36faf608937f
2023-09-08 11:19:18,523 [ForkJoinPool.commonPool-worker-3] INFO  utils.DatanodeStoreCache (DatanodeStoreCache.java:shutdownCache(110)) - Skip clearing cache in mini cluster mode. Entries left: [/home/runner/work/ozone/ozone/hadoop-ozone/integration-test/target/test-dir/MiniOzoneClusterImpl-fc42fee5-8bb2-43c7-8c2a-cc72dd658d38/datanode-1/data-0/containers/hdds/fc42fee5-8bb2-43c7-8c2a-cc72dd658d38/DS-2219b7de-04fd-42ae-9f4b-52e06280b465/container.db]
2023-09-08 11:19:18,526 [ForkJoinPool.commonPool-worker-3] INFO  utils.DatanodeStoreCache (DatanodeStoreCache.java:removeDB(104)) - Removed db /home/runner/work/ozone/ozone/hadoop-ozone/integration-test/target/test-dir/MiniOzoneClusterImpl-fc42fee5-8bb2-43c7-8c2a-cc72dd658d38/datanode-1/data-0/containers/hdds/fc42fee5-8bb2-43c7-8c2a-cc72dd658d38/DS-2219b7de-04fd-42ae-9f4b-52e06280b465/container.db from cache
2023-09-08 11:19:18,526 [ForkJoinPool.commonPool-worker-3] INFO  volume.HddsVolume (HddsVolume.java:closeDbStore(453)) - SchemaV3 db is stopped at /home/runner/work/ozone/ozone/hadoop-ozone/integration-test/target/test-dir/MiniOzoneClusterImpl-fc42fee5-8bb2-43c7-8c2a-cc72dd658d38/datanode-1/data-0/containers/hdds/fc42fee5-8bb2-43c7-8c2a-cc72dd658d38/DS-2219b7de-04fd-42ae-9f4b-52e06280b465/container.db for volume DS-2219b7de-04fd-42ae-9f4b-52e06280b465
2023-09-08 11:19:18,527 [ForkJoinPool.commonPool-worker-3] INFO  utils.BackgroundService (BackgroundService.java:shutdown(141)) - Shutting down service BlockDeletingService
2023-09-08 11:19:18,528 [ForkJoinPool.commonPool-worker-3] INFO  utils.BackgroundService (BackgroundService.java:shutdown(141)) - Shutting down service StaleRecoveringContainerScrubbingService
2023-09-08 11:19:18,528 [main] INFO  utils.BackgroundService (BackgroundService.java:shutdown(141)) - Shutting down service BlockDeletingService
2023-09-08 11:19:18,528 [ForkJoinPool.commonPool-worker-0] INFO  server.AbstractConnector (AbstractConnector.java:doStop(383)) - Stopped ServerConnector@42854070{HTTP/1.1, (http/1.1)}{0.0.0.0:15062}
2023-09-08 11:19:18,530 [main] INFO  utils.BackgroundService (BackgroundService.java:shutdown(141)) - Shutting down service StaleRecoveringContainerScrubbingService
2023-09-08 11:19:18,535 [ForkJoinPool.commonPool-worker-3] INFO  statemachine.DatanodeStateMachine (DatanodeStateMachine.java:stopDaemon(620)) - Ozone container server stopped.
2023-09-08 11:19:18,540 [main] INFO  statemachine.DatanodeStateMachine (DatanodeStateMachine.java:stopDaemon(620)) - Ozone container server stopped.
2023-09-08 11:19:18,551 [ForkJoinPool.commonPool-worker-0] INFO  server.session (HouseKeeper.java:stopScavenging(149)) - node0 Stopped scavenging
2023-09-08 11:19:18,554 [ForkJoinPool.commonPool-worker-0] INFO  handler.ContextHandler (ContextHandler.java:doStop(1159)) - Stopped o.e.j.s.ServletContextHandler@1eb294c3{static,/static,jar:file:/home/runner/.m2/repository/org/apache/ozone/hdds-container-service/1.4.0-SNAPSHOT/hdds-container-service-1.4.0-SNAPSHOT.jar!/webapps/static,STOPPED}
2023-09-08 11:19:18,554 [ForkJoinPool.commonPool-worker-0] INFO  handler.ContextHandler (ContextHandler.java:doStop(1159)) - Stopped o.e.j.s.ServletContextHandler@21778922{logs,/logs,file:///home/runner/work/ozone/ozone/hadoop-ozone/integration-test/target/log,STOPPED}
2023-09-08 11:19:18,556 [ForkJoinPool.commonPool-worker-0] INFO  ozone.HddsDatanodeClientProtocolServer (HddsDatanodeClientProtocolServer.java:stop(78)) - Stopping the RPC server for Client Protocol
2023-09-08 11:19:18,557 [ForkJoinPool.commonPool-worker-0] INFO  ipc.Server (Server.java:stop(3523)) - Stopping server on 15063
2023-09-08 11:19:18,557 [IPC Server listener on 15063] INFO  ipc.Server (Server.java:run(1434)) - Stopping IPC Server listener on 15063
2023-09-08 11:19:18,561 [IPC Server Responder] INFO  ipc.Server (Server.java:run(1567)) - Stopping IPC Server Responder
2023-09-08 11:19:18,561 [ForkJoinPool.commonPool-worker-3] INFO  handler.ContextHandler (ContextHandler.java:doStop(1159)) - Stopped o.e.j.w.WebAppContext@2d4aeaaa{hddsDatanode,/,null,STOPPED}{jar:file:/home/runner/.m2/repository/org/apache/ozone/hdds-container-service/1.4.0-SNAPSHOT/hdds-container-service-1.4.0-SNAPSHOT.jar!/webapps/hddsDatanode}
2023-09-08 11:19:18,562 [ForkJoinPool.commonPool-worker-3] INFO  server.AbstractConnector (AbstractConnector.java:doStop(383)) - Stopped ServerConnector@31cb308{HTTP/1.1, (http/1.1)}{0.0.0.0:15071}
2023-09-08 11:19:18,562 [ForkJoinPool.commonPool-worker-3] INFO  server.session (HouseKeeper.java:stopScavenging(149)) - node0 Stopped scavenging
2023-09-08 11:19:18,562 [ForkJoinPool.commonPool-worker-3] INFO  handler.ContextHandler (ContextHandler.java:doStop(1159)) - Stopped o.e.j.s.ServletContextHandler@6afa7f5a{static,/static,jar:file:/home/runner/.m2/repository/org/apache/ozone/hdds-container-service/1.4.0-SNAPSHOT/hdds-container-service-1.4.0-SNAPSHOT.jar!/webapps/static,STOPPED}
2023-09-08 11:19:18,562 [ForkJoinPool.commonPool-worker-3] INFO  handler.ContextHandler (ContextHandler.java:doStop(1159)) - Stopped o.e.j.s.ServletContextHandler@4ec763de{logs,/logs,file:///home/runner/work/ozone/ozone/hadoop-ozone/integration-test/target/log,STOPPED}
2023-09-08 11:19:18,563 [ForkJoinPool.commonPool-worker-3] INFO  ozone.HddsDatanodeClientProtocolServer (HddsDatanodeClientProtocolServer.java:stop(78)) - Stopping the RPC server for Client Protocol
2023-09-08 11:19:18,564 [ForkJoinPool.commonPool-worker-3] INFO  ipc.Server (Server.java:stop(3523)) - Stopping server on 15072
2023-09-08 11:19:18,567 [IPC Server listener on 15072] INFO  ipc.Server (Server.java:run(1434)) - Stopping IPC Server listener on 15072
2023-09-08 11:19:18,567 [main] INFO  handler.ContextHandler (ContextHandler.java:doStop(1159)) - Stopped o.e.j.w.WebAppContext@1ecead58{hddsDatanode,/,null,STOPPED}{jar:file:/home/runner/.m2/repository/org/apache/ozone/hdds-container-service/1.4.0-SNAPSHOT/hdds-container-service-1.4.0-SNAPSHOT.jar!/webapps/hddsDatanode}
2023-09-08 11:19:18,568 [IPC Server Responder] INFO  ipc.Server (Server.java:run(1567)) - Stopping IPC Server Responder
2023-09-08 11:19:18,569 [main] INFO  server.AbstractConnector (AbstractConnector.java:doStop(383)) - Stopped ServerConnector@7c22947b{HTTP/1.1, (http/1.1)}{0.0.0.0:15080}
2023-09-08 11:19:18,569 [main] INFO  server.session (HouseKeeper.java:stopScavenging(149)) - node0 Stopped scavenging
2023-09-08 11:19:18,569 [main] INFO  handler.ContextHandler (ContextHandler.java:doStop(1159)) - Stopped o.e.j.s.ServletContextHandler@4e9c4bc2{static,/static,jar:file:/home/runner/.m2/repository/org/apache/ozone/hdds-container-service/1.4.0-SNAPSHOT/hdds-container-service-1.4.0-SNAPSHOT.jar!/webapps/static,STOPPED}
2023-09-08 11:19:18,569 [main] INFO  handler.ContextHandler (ContextHandler.java:doStop(1159)) - Stopped o.e.j.s.ServletContextHandler@14bcd50f{logs,/logs,file:///home/runner/work/ozone/ozone/hadoop-ozone/integration-test/target/log,STOPPED}
2023-09-08 11:19:18,570 [main] INFO  ozone.HddsDatanodeClientProtocolServer (HddsDatanodeClientProtocolServer.java:stop(78)) - Stopping the RPC server for Client Protocol
2023-09-08 11:19:18,571 [main] INFO  ipc.Server (Server.java:stop(3523)) - Stopping server on 15081
2023-09-08 11:19:18,578 [IPC Server Responder] INFO  ipc.Server (Server.java:run(1567)) - Stopping IPC Server Responder
2023-09-08 11:19:18,579 [IPC Server listener on 15081] INFO  ipc.Server (Server.java:run(1434)) - Stopping IPC Server listener on 15081
2023-09-08 11:19:18,580 [main] INFO  ozone.MiniOzoneClusterImpl (MiniOzoneClusterImpl.java:stopSCM(543)) - Stopping the StorageContainerManager
2023-09-08 11:19:18,580 [main] INFO  server.StorageContainerManager (StorageContainerManager.java:stop(1591)) - Container Balancer is not running.
2023-09-08 11:19:18,580 [main] INFO  server.StorageContainerManager (StorageContainerManager.java:stopReplicationManager(1724)) - Stopping Replication Manager Service.
2023-09-08 11:19:18,580 [main] INFO  replication.ReplicationManager (ReplicationManager.java:stop(323)) - Stopping Replication Monitor Thread.
2023-09-08 11:19:18,581 [main] INFO  server.StorageContainerManager (StorageContainerManager.java:stop(1600)) - Stopping the Datanode Admin Monitor.
2023-09-08 11:19:18,581 [Over Replicated Processor] WARN  replication.UnhealthyReplicationProcessor (UnhealthyReplicationProcessor.java:run(180)) - Over Replicated Processor interrupted. Exiting...
2023-09-08 11:19:18,581 [Under Replicated Processor] WARN  replication.UnhealthyReplicationProcessor (UnhealthyReplicationProcessor.java:run(180)) - Under Replicated Processor interrupted. Exiting...
2023-09-08 11:19:18,581 [ReplicationMonitor] INFO  replication.ReplicationManager (ReplicationManager.java:run(921)) - Replication Monitor Thread is stopped
2023-09-08 11:19:18,581 [main] INFO  server.StorageContainerManager (StorageContainerManager.java:stop(1607)) - Stopping datanode service RPC server
2023-09-08 11:19:18,581 [main] INFO  server.SCMDatanodeProtocolServer (SCMDatanodeProtocolServer.java:stop(424)) - Stopping the RPC server for DataNodes
2023-09-08 11:19:18,581 [main] INFO  ipc.Server (Server.java:stop(3523)) - Stopping server on 15055
2023-09-08 11:19:18,583 [IPC Server listener on 15055] INFO  ipc.Server (Server.java:run(1434)) - Stopping IPC Server listener on 15055
2023-09-08 11:19:18,586 [IPC Server Responder] INFO  ipc.Server (Server.java:run(1567)) - Stopping IPC Server Responder
2023-09-08 11:19:18,636 [SCM Heartbeat Processing Thread - 0] WARN  node.NodeStateManager (NodeStateManager.java:scheduleNextHealthCheck(874)) - Current Thread is interrupted, shutting down HB processing thread for Node Manager.
2023-09-08 11:19:18,636 [main] INFO  server.StorageContainerManager (StorageContainerManager.java:stop(1615)) - Stopping block service RPC server
2023-09-08 11:19:18,636 [main] INFO  server.SCMBlockProtocolServer (SCMBlockProtocolServer.java:stop(163)) - Stopping the RPC server for Block Protocol
2023-09-08 11:19:18,636 [main] INFO  ipc.Server (Server.java:stop(3523)) - Stopping server on 15054
2023-09-08 11:19:18,638 [IPC Server listener on 15054] INFO  ipc.Server (Server.java:run(1434)) - Stopping IPC Server listener on 15054
2023-09-08 11:19:18,641 [IPC Server Responder] INFO  ipc.Server (Server.java:run(1567)) - Stopping IPC Server Responder
2023-09-08 11:19:18,642 [main] INFO  server.StorageContainerManager (StorageContainerManager.java:stop(1622)) - Stopping the StorageContainerLocationProtocol RPC server
2023-09-08 11:19:18,642 [main] INFO  server.SCMClientProtocolServer (SCMClientProtocolServer.java:stop(210)) - Stopping the RPC server for Client Protocol
2023-09-08 11:19:18,642 [main] INFO  ipc.Server (Server.java:stop(3523)) - Stopping server on 15053
2023-09-08 11:19:18,643 [IPC Server listener on 15053] INFO  ipc.Server (Server.java:run(1434)) - Stopping IPC Server listener on 15053
2023-09-08 11:19:18,644 [IPC Server Responder] INFO  ipc.Server (Server.java:run(1567)) - Stopping IPC Server Responder
2023-09-08 11:19:18,645 [main] INFO  server.StorageContainerManager (StorageContainerManager.java:stop(1629)) - Stopping Storage Container Manager HTTP server.
2023-09-08 11:19:18,646 [main] INFO  handler.ContextHandler (ContextHandler.java:doStop(1159)) - Stopped o.e.j.w.WebAppContext@318356b2{scm,/,null,STOPPED}{file:/home/runner/work/ozone/ozone/hadoop-ozone/integration-test/target/test-classes/webapps/scm}
2023-09-08 11:19:18,646 [main] INFO  server.AbstractConnector (AbstractConnector.java:doStop(383)) - Stopped ServerConnector@424ca071{HTTP/1.1, (http/1.1)}{0.0.0.0:15056}
2023-09-08 11:19:18,646 [main] INFO  server.session (HouseKeeper.java:stopScavenging(149)) - node0 Stopped scavenging
2023-09-08 11:19:18,647 [main] INFO  handler.ContextHandler (ContextHandler.java:doStop(1159)) - Stopped o.e.j.s.ServletContextHandler@10673631{static,/static,file:///home/runner/work/ozone/ozone/hadoop-ozone/integration-test/target/test-classes/webapps/static,STOPPED}
2023-09-08 11:19:18,647 [main] INFO  handler.ContextHandler (ContextHandler.java:doStop(1159)) - Stopped o.e.j.s.ServletContextHandler@ccbf3f{logs,/logs,file:///home/runner/work/ozone/ozone/hadoop-ozone/integration-test/target/log,STOPPED}
2023-09-08 11:19:18,648 [main] INFO  server.StorageContainerManager (StorageContainerManager.java:stop(1637)) - Stopping SCM LayoutVersionManager Service.
2023-09-08 11:19:18,648 [main] INFO  server.StorageContainerManager (StorageContainerManager.java:stop(1649)) - Stopping Block Manager Service.
2023-09-08 11:19:18,648 [main] INFO  utils.BackgroundService (BackgroundService.java:shutdown(141)) - Shutting down service SCMBlockDeletingService
2023-09-08 11:19:18,649 [main] INFO  utils.BackgroundService (BackgroundService.java:shutdown(141)) - Shutting down service SCMBlockDeletingService
2023-09-08 11:19:18,649 [main] INFO  server.StorageContainerManager (StorageContainerManager.java:stop(1669)) - Stopping SCM Event Queue.
2023-09-08 11:19:18,650 [JvmPauseMonitor7] INFO  util.JvmPauseMonitor (JvmPauseMonitor.java:run(109)) - JvmPauseMonitor-620db5d8-8243-4086-8fee-01e118d61b2e: Stopped
2023-09-08 11:19:18,650 [main] INFO  server.StorageContainerManager (StorageContainerManager.java:stop(1680)) - Stopping SCM HA services.
2023-09-08 11:19:18,650 [main] INFO  pipeline.BackgroundPipelineCreator (BackgroundPipelineCreator.java:stop(149)) - Stopping RatisPipelineUtilsThread.
2023-09-08 11:19:18,651 [RatisPipelineUtilsThread - 0] WARN  pipeline.BackgroundPipelineCreator (BackgroundPipelineCreator.java:run(180)) - RatisPipelineUtilsThread is interrupted.
2023-09-08 11:19:18,651 [BackgroundPipelineScrubberThread] WARN  BackgroundPipelineScrubber (BackgroundSCMService.java:run(115)) - BackgroundPipelineScrubber is interrupted, exit
2023-09-08 11:19:18,651 [main] INFO  BackgroundPipelineScrubber (BackgroundSCMService.java:stop(131)) - Stopping BackgroundPipelineScrubber Service.
2023-09-08 11:19:18,652 [main] INFO  impl.MetricsSystemImpl (MetricsSystemImpl.java:stop(210)) - Stopping HddsDatanode metrics system...
2023-09-08 11:19:18,653 [prometheus] INFO  impl.MetricsSinkAdapter (MetricsSinkAdapter.java:publishMetricsFromQueue(141)) - prometheus thread interrupted.
2023-09-08 11:19:18,653 [main] INFO  impl.MetricsSystemImpl (MetricsSystemImpl.java:stop(216)) - HddsDatanode metrics system stopped.
2023-09-08 11:19:18,654 [main] WARN  pipeline.BackgroundPipelineCreator (BackgroundPipelineCreator.java:stop(145)) - RatisPipelineUtilsThread is not running, just ignore.
2023-09-08 11:19:18,654 [main] INFO  BackgroundPipelineScrubber (BackgroundSCMService.java:stop(126)) - BackgroundPipelineScrubber Service is not running, skip stop.
2023-09-08 11:19:18,654 [main] INFO  ExpiredContainerReplicaOpScrubber (BackgroundSCMService.java:stop(131)) - Stopping ExpiredContainerReplicaOpScrubber Service.
2023-09-08 11:19:18,654 [main] INFO  utils.BackgroundService (BackgroundService.java:shutdown(141)) - Shutting down service SCMBlockDeletingService
2023-09-08 11:19:18,654 [main] INFO  replication.ReplicationManager (ReplicationManager.java:stop(333)) - Replication Monitor Thread is not running.
2023-09-08 11:19:18,654 [main] WARN  balancer.ContainerBalancer (ContainerBalancer.java:stop(326)) - Cannot stop Container Balancer because it's not running or stopping
2023-09-08 11:19:18,654 [main] INFO  server.StorageContainerManager (StorageContainerManager.java:stop(1715)) - Stopping SCM MetadataStore.
2023-09-08 11:19:18,658 [ExpiredContainerReplicaOpScrubberThread] WARN  ExpiredContainerReplicaOpScrubber (BackgroundSCMService.java:run(115)) - ExpiredContainerReplicaOpScrubber is interrupted, exit
2023-09-08 11:19:18,747 [main] WARN  server.ServerUtils (ServerUtils.java:getScmDbDir(155)) - ozone.scm.db.dirs is not configured. We recommend adding this setting. Falling back to ozone.metadata.dirs instead.
2023-09-08 11:19:18,752 [main] WARN  server.ServerUtils (ServerUtils.java:getScmDbDir(155)) - ozone.scm.db.dirs is not configured. We recommend adding this setting. Falling back to ozone.metadata.dirs instead.
2023-09-08 11:19:18,753 [main] INFO  ha.SCMHANodeDetails (SCMHANodeDetails.java:loadSCMHAConfig(210)) - ServiceID for StorageContainerManager is null
2023-09-08 11:19:18,753 [main] INFO  ha.SCMHANodeDetails (SCMHANodeDetails.java:loadSCMHAConfig(215)) - ozone.scm.default.service.id is not defined, falling back to ozone.scm.service.ids to find serviceID for StorageContainerManager if it is HA enabled cluster
2023-09-08 11:19:18,754 [main] WARN  utils.HAUtils (HAUtils.java:getMetaDir(339)) - ozone.scm.db.dirs is not configured. We recommend adding this setting. Falling back to ozone.metadata.dirs instead.
2023-09-08 11:19:18,754 [main] WARN  db.DBStoreBuilder (DBStoreBuilder.java:applyDBDefinition(166)) - ozone.scm.db.dirs is not configured. We recommend adding this setting. Falling back to ozone.metadata.dirs instead.
2023-09-08 11:19:18,899 [main] INFO  net.NodeSchemaLoader (NodeSchemaLoader.java:loadSchemaFromFile(129)) - Loading schema from [jar:file:/home/runner/.m2/repository/org/apache/ozone/hdds-common/1.4.0-SNAPSHOT/hdds-common-1.4.0-SNAPSHOT.jar!/network-topology-default.xml]
2023-09-08 11:19:18,899 [main] INFO  net.NodeSchemaLoader (NodeSchemaLoader.java:loadSchema(176)) - Loading network topology layer schema file
2023-09-08 11:19:18,902 [main] INFO  upgrade.AbstractLayoutVersionManager (AbstractLayoutVersionManager.java:init(83)) - Initializing Layout version manager with metadata layout = HADOOP_PRC_PORTS_IN_DATANODEDETAILS (version = 7), software layout = HADOOP_PRC_PORTS_IN_DATANODEDETAILS (version = 7)
2023-09-08 11:19:18,904 [main] INFO  ha.SequenceIdGenerator (SequenceIdGenerator.java:upgradeToSequenceId(365)) - upgrade localId to 111677748019200000
2023-09-08 11:19:18,904 [main] INFO  ha.SequenceIdGenerator (SequenceIdGenerator.java:upgradeToSequenceId(375)) - upgrade delTxnId to 0
2023-09-08 11:19:18,905 [main] INFO  ha.SequenceIdGenerator (SequenceIdGenerator.java:upgradeToSequenceId(392)) - upgrade containerId to 0
2023-09-08 11:19:18,906 [main] INFO  ha.SequenceIdGenerator (SequenceIdGenerator.java:upgradeToSequenceId(428)) - upgrade rootCertificateId to 1
2023-09-08 11:19:18,906 [main] INFO  ha.SequenceIdGenerator (SequenceIdGenerator.java:<init>(236)) - Init the HA SequenceIdGenerator.
2023-09-08 11:19:18,906 [main] WARN  server.ServerUtils (ServerUtils.java:sanitizeUserArgs(80)) - ozone.scm.stale.node.interval value = 300000 is larger than max = 100000 based on the key value of ozone.scm.heartbeat.thread.interval, reset to the max value 100000.
2023-09-08 11:19:18,906 [main] WARN  server.ServerUtils (ServerUtils.java:sanitizeUserArgs(80)) - ozone.scm.stale.node.interval value = 300000 is larger than max = 100000 based on the key value of ozone.scm.heartbeat.thread.interval, reset to the max value 100000.
2023-09-08 11:19:18,907 [main] INFO  node.SCMNodeManager (SCMNodeManager.java:<init>(157)) - Entering startup safe mode.
2023-09-08 11:19:18,907 [main] INFO  algorithms.ContainerPlacementPolicyFactory (ContainerPlacementPolicyFactory.java:getPolicyInternal(86)) - Create container placement policy of type org.apache.hadoop.hdds.scm.container.placement.algorithms.SCMContainerPlacementRackAware
2023-09-08 11:19:18,907 [main] INFO  algorithms.ContainerPlacementPolicyFactory (ContainerPlacementPolicyFactory.java:getPolicyInternal(86)) - Create container placement policy of type org.apache.hadoop.hdds.scm.container.placement.algorithms.SCMContainerPlacementRackScatter
2023-09-08 11:19:18,908 [main] INFO  pipeline.PipelineStateManagerImpl (PipelineStateManagerImpl.java:initialize(78)) - No pipeline exists in current db
2023-09-08 11:19:18,908 [main] INFO  algorithms.LeaderChoosePolicyFactory (LeaderChoosePolicyFactory.java:getPolicy(57)) - Create leader choose policy of type org.apache.hadoop.hdds.scm.pipeline.leader.choose.algorithms.MinLeaderCountChoosePolicy
2023-09-08 11:19:18,908 [main] INFO  algorithms.ContainerPlacementPolicyFactory (ContainerPlacementPolicyFactory.java:getPolicyInternal(86)) - Create container placement policy of type org.apache.hadoop.hdds.scm.container.placement.algorithms.SCMContainerPlacementRackScatter
2023-09-08 11:19:18,908 [main] INFO  ha.SCMServiceManager (SCMServiceManager.java:register(42)) - Registering service BackgroundPipelineCreator.
2023-09-08 11:19:18,908 [main] INFO  pipeline.BackgroundPipelineCreator (BackgroundPipelineCreator.java:start(124)) - Starting RatisPipelineUtilsThread.
2023-09-08 11:19:18,909 [main] INFO  BackgroundPipelineScrubber (BackgroundSCMService.java:start(68)) - Starting BackgroundPipelineScrubber Service.
2023-09-08 11:19:18,909 [main] INFO  ha.SCMServiceManager (SCMServiceManager.java:register(42)) - Registering service BackgroundPipelineScrubber.
2023-09-08 11:19:18,909 [main] INFO  ExpiredContainerReplicaOpScrubber (BackgroundSCMService.java:start(68)) - Starting ExpiredContainerReplicaOpScrubber Service.
2023-09-08 11:19:18,910 [main] INFO  ha.SCMServiceManager (SCMServiceManager.java:register(42)) - Registering service ExpiredContainerReplicaOpScrubber.
2023-09-08 11:19:18,911 [main] INFO  algorithms.PipelineChoosePolicyFactory (PipelineChoosePolicyFactory.java:createPipelineChoosePolicyFromClass(78)) - Create pipeline choose policy of type org.apache.hadoop.hdds.scm.pipeline.choose.algorithms.RandomPipelineChoosePolicy
2023-09-08 11:19:18,911 [main] INFO  algorithms.PipelineChoosePolicyFactory (PipelineChoosePolicyFactory.java:createPipelineChoosePolicyFromClass(78)) - Create pipeline choose policy of type org.apache.hadoop.hdds.scm.pipeline.choose.algorithms.RandomPipelineChoosePolicy
2023-09-08 11:19:18,913 [main] INFO  ha.SCMServiceManager (SCMServiceManager.java:register(42)) - Registering service SCMBlockDeletingService.
2023-09-08 11:19:18,914 [main] INFO  replication.ReplicationManager (ReplicationManager.java:start(291)) - Starting Replication Monitor Thread.
2023-09-08 11:19:18,919 [ReplicationMonitor] INFO  replication.ReplicationManager (ReplicationManager.java:processAll(365)) - Replication Manager is not ready to run until 3000ms after safemode exit
2023-09-08 11:19:18,919 [main] INFO  ha.SCMServiceManager (SCMServiceManager.java:register(42)) - Registering service ReplicationManager.
2023-09-08 11:19:18,920 [main] INFO  safemode.ContainerSafeModeRule (ContainerSafeModeRule.java:<init>(90)) - containers with one replica threshold count 0
2023-09-08 11:19:18,920 [main] INFO  safemode.HealthyPipelineSafeModeRule (HealthyPipelineSafeModeRule.java:initializeRule(169)) - Total pipeline count is 0, healthy pipeline threshold count is 1
2023-09-08 11:19:18,920 [main] INFO  safemode.OneReplicaPipelineSafeModeRule (OneReplicaPipelineSafeModeRule.java:initializeRule(180)) - Total pipeline count is 0, pipeline's with at least one datanode reported threshold count is 0
2023-09-08 11:19:18,921 [main] INFO  server.StorageContainerManager (StorageContainerManager.java:<init>(425)) - SCM start with adminUsers: [runner]
2023-09-08 11:19:18,921 [main] INFO  ipc.CallQueueManager (CallQueueManager.java:<init>(90)) - Using callQueue: class java.util.concurrent.LinkedBlockingQueue, queueCapacity: 2000, scheduler: class org.apache.hadoop.ipc.DefaultRpcScheduler, ipcBackoff: false.
2023-09-08 11:19:18,921 [main] INFO  ipc.Server (Server.java:<init>(1287)) - Listener at 0.0.0.0:15108
2023-09-08 11:19:18,922 [Socket Reader #1 for port 15108] INFO  ipc.Server (Server.java:run(1323)) - Starting Socket Reader #1 for port 15108
2023-09-08 11:19:18,925 [main] INFO  ipc.CallQueueManager (CallQueueManager.java:<init>(90)) - Using callQueue: class java.util.concurrent.LinkedBlockingQueue, queueCapacity: 2000, scheduler: class org.apache.hadoop.ipc.DefaultRpcScheduler, ipcBackoff: false.
2023-09-08 11:19:18,926 [main] INFO  ipc.Server (Server.java:<init>(1287)) - Listener at 0.0.0.0:15107
2023-09-08 11:19:18,926 [Socket Reader #1 for port 15107] INFO  ipc.Server (Server.java:run(1323)) - Starting Socket Reader #1 for port 15107
2023-09-08 11:19:18,930 [main] INFO  ipc.CallQueueManager (CallQueueManager.java:<init>(90)) - Using callQueue: class java.util.concurrent.LinkedBlockingQueue, queueCapacity: 2000, scheduler: class org.apache.hadoop.ipc.DefaultRpcScheduler, ipcBackoff: false.
2023-09-08 11:19:18,931 [main] INFO  ipc.Server (Server.java:<init>(1287)) - Listener at 0.0.0.0:15106
2023-09-08 11:19:18,931 [Socket Reader #1 for port 15106] INFO  ipc.Server (Server.java:run(1323)) - Starting Socket Reader #1 for port 15106
2023-09-08 11:19:18,943 [main] INFO  ha.SCMServiceManager (SCMServiceManager.java:register(42)) - Registering service ContainerBalancer.
2023-09-08 11:19:18,944 [main] INFO  server.StorageContainerManager (StorageContainerManager.java:<init>(438)) - 
Container Balancer status:
Key                            Value
Running                        false
Container Balancer Configuration values:
Key                                                Value
Threshold                                          10
Max Datanodes to Involve per Iteration(percent)    20
Max Size to Move per Iteration                     500GB
Max Size Entering Target per Iteration             26GB
Max Size Leaving Source per Iteration              26GB

2023-09-08 11:19:18,944 [main] INFO  ha.SCMContext (SCMContext.java:updateSafeModeStatus(228)) - Update SafeModeStatus from SafeModeStatus{safeModeStatus=true, preCheckPassed=false} to SafeModeStatus{safeModeStatus=true, preCheckPassed=false}.
2023-09-08 11:19:18,944 [main] INFO  server.StorageContainerManager (StorageContainerManager.java:start(1483)) - StorageContainerLocationProtocol RPC server is listening at /0.0.0.0:15106
2023-09-08 11:19:18,946 [main] WARN  impl.MetricsConfig (MetricsConfig.java:loadFirst(136)) - Cannot locate configuration: tried hadoop-metrics2-storagecontainermanager.properties,hadoop-metrics2.properties
2023-09-08 11:19:18,946 [main] INFO  impl.MetricsSystemImpl (MetricsSystemImpl.java:startTimer(378)) - Scheduled Metric snapshot period at 10 second(s).
2023-09-08 11:19:18,947 [main] INFO  impl.MetricsSystemImpl (MetricsSystemImpl.java:start(191)) - StorageContainerManager metrics system started
2023-09-08 11:19:18,952 [main] INFO  impl.MetricsSinkAdapter (MetricsSinkAdapter.java:start(204)) - Sink prometheus started
2023-09-08 11:19:18,952 [main] INFO  impl.MetricsSystemImpl (MetricsSystemImpl.java:registerSink(305)) - Registered sink prometheus
2023-09-08 11:19:18,995 [main] INFO  server.SCMClientProtocolServer (SCMClientProtocolServer.java:start(201)) - RPC server for Client  is listening at /0.0.0.0:15106
2023-09-08 11:19:18,995 [IPC Server Responder] INFO  ipc.Server (Server.java:run(1562)) - IPC Server Responder: starting
2023-09-08 11:19:18,995 [IPC Server listener on 15106] INFO  ipc.Server (Server.java:run(1402)) - IPC Server listener on 15106: starting
2023-09-08 11:19:19,018 [main] INFO  server.StorageContainerManager (StorageContainerManager.java:start(1496)) - ScmBlockLocationProtocol RPC server is listening at /0.0.0.0:15107
2023-09-08 11:19:19,019 [main] INFO  server.SCMBlockProtocolServer (SCMBlockProtocolServer.java:start(154)) - RPC server for Block Protocol is listening at /0.0.0.0:15107
2023-09-08 11:19:19,019 [IPC Server Responder] INFO  ipc.Server (Server.java:run(1562)) - IPC Server Responder: starting
2023-09-08 11:19:19,019 [IPC Server listener on 15107] INFO  ipc.Server (Server.java:run(1402)) - IPC Server listener on 15107: starting
2023-09-08 11:19:19,021 [main] INFO  server.SCMDatanodeProtocolServer (SCMDatanodeProtocolServer.java:start(193)) - ScmDatanodeProtocol RPC server for DataNodes is listening at /0.0.0.0:15108
2023-09-08 11:19:19,022 [IPC Server Responder] INFO  ipc.Server (Server.java:run(1562)) - IPC Server Responder: starting
2023-09-08 11:19:19,023 [IPC Server listener on 15108] INFO  ipc.Server (Server.java:run(1402)) - IPC Server listener on 15108: starting
2023-09-08 11:19:19,027 [JvmPauseMonitor14] INFO  util.JvmPauseMonitor (JvmPauseMonitor.java:run(103)) - JvmPauseMonitor-955b9a2d-23d7-4de5-ae60-786a38030137: Started
2023-09-08 11:19:19,034 [main] INFO  http.BaseHttpServer (BaseHttpServer.java:newHttpServer2BuilderForOzone(223)) - Starting Web-server for scm at: http://0.0.0.0:15109
2023-09-08 11:19:19,034 [main] INFO  http.BaseHttpServer (BaseHttpServer.java:<init>(110)) - Hadoop Security Enabled: false Ozone Security Enabled: false Ozone HTTP Security Enabled: false 
2023-09-08 11:19:19,036 [main] WARN  server.AuthenticationFilter (AuthenticationFilter.java:constructSecretProvider(240)) - Unable to initialize FileSignerSecretProvider, falling back to use random secrets. Reason: Could not read signature secret file: /home/runner/hadoop-http-auth-signature-secret
2023-09-08 11:19:19,037 [main] INFO  http.HttpRequestLog (HttpRequestLog.java:getRequestLog(86)) - Http request log for http.requests.scm is not defined
2023-09-08 11:19:19,039 [main] INFO  http.HttpServer2 (HttpServer2.java:addGlobalFilter(1031)) - Added global filter 'safety' (class=org.apache.hadoop.hdds.server.http.HttpServer2$QuotingInputFilter)
2023-09-08 11:19:19,040 [main] INFO  http.HttpServer2 (HttpServer2.java:addFilter(1007)) - Added filter static_user_filter (class=org.apache.hadoop.http.lib.StaticUserWebFilter$StaticUserFilter) to context scm
2023-09-08 11:19:19,040 [main] INFO  http.HttpServer2 (HttpServer2.java:addFilter(1015)) - Added filter static_user_filter (class=org.apache.hadoop.http.lib.StaticUserWebFilter$StaticUserFilter) to context logs
2023-09-08 11:19:19,040 [main] INFO  http.HttpServer2 (HttpServer2.java:addFilter(1015)) - Added filter static_user_filter (class=org.apache.hadoop.http.lib.StaticUserWebFilter$StaticUserFilter) to context static
2023-09-08 11:19:19,041 [main] INFO  http.BaseHttpServer (BaseHttpServer.java:<init>(189)) - HTTP server of scm uses base directory /home/runner/work/ozone/ozone/hadoop-ozone/integration-test/target/test-dir/MiniOzoneClusterImpl-b03496ff-6041-4009-870e-fb613b325751/ozone-meta/webserver
2023-09-08 11:19:19,041 [main] INFO  http.HttpServer2 (HttpServer2.java:bindListener(1231)) - Jetty bound to port 15109
2023-09-08 11:19:19,041 [main] INFO  server.Server (Server.java:doStart(375)) - jetty-9.4.51.v20230217; built: 2023-02-17T08:19:37.309Z; git: b45c405e4544384de066f814ed42ae3dceacdd49; jvm 1.8.0_382-b05
2023-09-08 11:19:19,046 [main] INFO  server.session (DefaultSessionIdManager.java:doStart(334)) - DefaultSessionIdManager workerName=node0
2023-09-08 11:19:19,046 [main] INFO  server.session (DefaultSessionIdManager.java:doStart(339)) - No SessionScavenger set, using defaults
2023-09-08 11:19:19,047 [main] INFO  server.session (HouseKeeper.java:startScavenging(132)) - node0 Scavenging every 660000ms
2023-09-08 11:19:19,047 [main] INFO  handler.ContextHandler (ContextHandler.java:doStart(921)) - Started o.e.j.s.ServletContextHandler@8e49207{logs,/logs,file:///home/runner/work/ozone/ozone/hadoop-ozone/integration-test/target/log,AVAILABLE}
2023-09-08 11:19:19,048 [main] INFO  handler.ContextHandler (ContextHandler.java:doStart(921)) - Started o.e.j.s.ServletContextHandler@5e3193ac{static,/static,file:///home/runner/work/ozone/ozone/hadoop-ozone/integration-test/target/test-classes/webapps/static,AVAILABLE}
2023-09-08 11:19:19,054 [main] INFO  handler.ContextHandler (ContextHandler.java:doStart(921)) - Started o.e.j.w.WebAppContext@7f37f587{scm,/,file:///home/runner/work/ozone/ozone/hadoop-ozone/integration-test/target/test-classes/webapps/scm/,AVAILABLE}{file:/home/runner/work/ozone/ozone/hadoop-ozone/integration-test/target/test-classes/webapps/scm}
2023-09-08 11:19:19,056 [main] INFO  server.AbstractConnector (AbstractConnector.java:doStart(333)) - Started ServerConnector@4bac40fd{HTTP/1.1, (http/1.1)}{0.0.0.0:15109}
2023-09-08 11:19:19,056 [main] INFO  server.Server (Server.java:doStart(415)) - Started @189839ms
2023-09-08 11:19:19,057 [main] WARN  impl.MetricsSystemImpl (MetricsSystemImpl.java:register(279)) - Sink prometheus already exists!
2023-09-08 11:19:19,058 [main] INFO  http.BaseHttpServer (BaseHttpServer.java:updateConnectorAddress(354)) - HTTP server of scm listening at http://0.0.0.0:15109
2023-09-08 11:19:19,058 [main] WARN  server.ServerUtils (ServerUtils.java:getDBPath(311)) - ozone.om.db.dirs is not configured. We recommend adding this setting. Falling back to ozone.metadata.dirs instead.
2023-09-08 11:19:19,060 [main] INFO  ha.OMHANodeDetails (OMHANodeDetails.java:loadOMHAConfig(115)) - ozone.om.internal.service.id is not defined, falling back to ozone.om.service.ids to find serviceID for OzoneManager if it is HA enabled cluster
2023-09-08 11:19:19,060 [main] INFO  ha.OMHANodeDetails (OMHANodeDetails.java:loadOMHAConfig(226)) - Configuration does not have ozone.om.address set. Falling back to the default OM address /127.0.0.1:15110
2023-09-08 11:19:19,060 [main] INFO  ha.OMHANodeDetails (OMHANodeDetails.java:getOMNodeDetailsForNonHA(254)) - OM Service ID is not set. Setting it to the default ID: omServiceIdDefault
2023-09-08 11:19:19,060 [main] INFO  ha.OMHANodeDetails (OMHANodeDetails.java:getOMNodeDetailsForNonHA(261)) - OM Node ID is not set. Setting it to the default ID: om1
2023-09-08 11:19:19,061 [main] WARN  server.ServerUtils (ServerUtils.java:getDBPath(311)) - ozone.om.db.dirs is not configured. We recommend adding this setting. Falling back to ozone.metadata.dirs instead.
2023-09-08 11:19:19,062 [main] INFO  upgrade.AbstractLayoutVersionManager (AbstractLayoutVersionManager.java:init(83)) - Initializing Layout version manager with metadata layout = QUOTA (version = 6), software layout = QUOTA (version = 6)
2023-09-08 11:19:19,151 [main] INFO  reflections.Reflections (Reflections.java:scan(232)) - Reflections took 88 ms to scan 2 urls, producing 186 keys and 513 values [using 2 cores]
2023-09-08 11:19:19,152 [main] INFO  upgrade.OMLayoutVersionManager (OMLayoutVersionManager.java:lambda$0(115)) - Skipping Upgrade Action MockOmUpgradeAction since it has been finalized.
2023-09-08 11:19:19,152 [main] INFO  upgrade.OMLayoutVersionManager (OMLayoutVersionManager.java:lambda$0(115)) - Skipping Upgrade Action QuotaRepairUpgradeAction since it has been finalized.
2023-09-08 11:19:19,152 [main] WARN  server.ServerUtils (ServerUtils.java:getDBPath(311)) - ozone.om.db.dirs is not configured. We recommend adding this setting. Falling back to ozone.metadata.dirs instead.
2023-09-08 11:19:19,154 [main] INFO  proxy.SCMBlockLocationFailoverProxyProvider (SCMBlockLocationFailoverProxyProvider.java:<init>(114)) - Created block location fail-over proxy with 1 nodes: [nodeId=scmNodeId,nodeAddress=/0.0.0.0:15107]
2023-09-08 11:19:19,156 [main] INFO  proxy.SCMBlockLocationFailoverProxyProvider (SCMBlockLocationFailoverProxyProvider.java:<init>(114)) - Created block location fail-over proxy with 1 nodes: [nodeId=scmNodeId,nodeAddress=/0.0.0.0:15107]
2023-09-08 11:19:19,166 [main] INFO  om.OzoneManager (OzoneManager.java:<init>(665)) - OM start with adminUsers: [runner]
2023-09-08 11:19:19,171 [main] WARN  server.ServerUtils (ServerUtils.java:getDBPath(311)) - ozone.om.db.dirs is not configured. We recommend adding this setting. Falling back to ozone.metadata.dirs instead.
2023-09-08 11:19:19,172 [main] INFO  helpers.OmKeyInfo (OmKeyInfo.java:getCodec(71)) - OmKeyInfo.getCodec ignorePipeline = true
2023-09-08 11:19:19,418 [main] INFO  om.OzoneManager (OzoneManager.java:instantiateServices(794)) - S3 Multi-Tenancy is disabled
2023-09-08 11:19:19,418 [main] INFO  om.OmSnapshotManager (OmSnapshotManager.java:<init>(174)) - Ozone filesystem snapshot feature is enabled.
2023-09-08 11:19:19,418 [main] WARN  server.ServerUtils (ServerUtils.java:getDBPath(311)) - ozone.om.snapshot.diff.db.dir is not configured. We recommend adding this setting. Falling back to ozone.metadata.dirs instead.
2023-09-08 11:19:19,445 [main] INFO  snapshot.SnapshotDiffManager (SnapshotDiffManager.java:closeExecutorService(1706)) - Shutting down executorService: 'SstDumpToolExecutor'
2023-09-08 11:19:19,447 [main] INFO  om.OzoneManager (OzoneManager.java:addS3GVolumeToDB(4301)) - Created Volume s3v With Owner runner required for S3Gateway operations.
2023-09-08 11:19:19,447 [main] WARN  server.ServerUtils (ServerUtils.java:getDefaultRatisDirectory(323)) - Storage directory for Ratis is not configured. It is a good idea to map this to an SSD disk. Falling back to ozone.metadata.dirs
2023-09-08 11:19:19,448 [main] WARN  utils.OzoneManagerRatisUtils (OzoneManagerRatisUtils.java:getOMRatisSnapshotDirectory(464)) - ozone.om.ratis.snapshot.dir is not configured. Falling back to ozone.metadata.dirs config
2023-09-08 11:19:19,448 [main] WARN  server.ServerUtils (ServerUtils.java:getDefaultRatisDirectory(323)) - Storage directory for Ratis is not configured. It is a good idea to map this to an SSD disk. Falling back to ozone.metadata.dirs
2023-09-08 11:19:19,449 [main] INFO  ratis.OzoneManagerRatisServer (OzoneManagerRatisServer.java:<init>(163)) - Instantiating OM Ratis server with groupID: omServiceIdDefault and peers: localhost:15113
2023-09-08 11:19:19,450 [main] INFO  ratis.OzoneManagerStateMachine (OzoneManagerStateMachine.java:loadSnapshotInfoFromDB(687)) - LastAppliedIndex is set from TransactionInfo from OM DB as (t:0, i:~)
2023-09-08 11:19:19,451 [main] INFO  server.RaftServer (ConfUtils.java:logGet(46)) - raft.rpc.type = GRPC (default)
2023-09-08 11:19:19,451 [main] INFO  grpc.GrpcConfigKeys (ConfUtils.java:logFallback(53)) - raft.grpc.admin.host = null (fallback to raft.grpc.server.host)
2023-09-08 11:19:19,451 [main] INFO  grpc.GrpcConfigKeys (ConfUtils.java:logFallback(53)) - raft.grpc.admin.port = 15113 (fallback to raft.grpc.server.port)
2023-09-08 11:19:19,451 [main] INFO  grpc.GrpcConfigKeys (ConfUtils.java:logFallback(53)) - raft.grpc.client.host = null (fallback to raft.grpc.server.host)
2023-09-08 11:19:19,451 [main] INFO  grpc.GrpcConfigKeys (ConfUtils.java:logFallback(53)) - raft.grpc.client.port = 15113 (fallback to raft.grpc.server.port)
2023-09-08 11:19:19,451 [main] INFO  grpc.GrpcConfigKeys (ConfUtils.java:logGet(46)) - raft.grpc.server.host = null (default)
2023-09-08 11:19:19,452 [main] INFO  grpc.GrpcConfigKeys (ConfUtils.java:logGet(46)) - raft.grpc.server.port = 15113 (custom)
2023-09-08 11:19:19,452 [main] INFO  server.GrpcService (ConfUtils.java:logGet(46)) - raft.grpc.message.size.max = 33554432 (custom)
2023-09-08 11:19:19,452 [main] INFO  server.RaftServerConfigKeys (ConfUtils.java:logGet(46)) - raft.server.log.appender.buffer.byte-limit = 33554432 (custom)
2023-09-08 11:19:19,452 [main] INFO  server.GrpcService (ConfUtils.java:logGet(46)) - raft.grpc.flow.control.window = 1MB (=1048576) (default)
2023-09-08 11:19:19,452 [main] INFO  server.RaftServerConfigKeys (ConfUtils.java:logGet(46)) - raft.server.rpc.request.timeout = 3000ms (default)
2023-09-08 11:19:19,452 [main] INFO  grpc.GrpcConfigKeys (ConfUtils.java:logGet(46)) - raft.grpc.server.heartbeat.channel = true (default)
2023-09-08 11:19:19,452 [main] INFO  grpc.GrpcConfigKeys (ConfUtils.java:logGet(46)) - raft.grpc.server.async.request.thread.pool.cached = true (default)
2023-09-08 11:19:19,452 [main] INFO  grpc.GrpcConfigKeys (ConfUtils.java:logGet(46)) - raft.grpc.server.async.request.thread.pool.size = 32 (default)
2023-09-08 11:19:19,454 [main] INFO  impl.DataStreamServerImpl (ConfUtils.java:logGet(46)) - raft.datastream.type = DISABLED (default)
2023-09-08 11:19:19,455 [main] INFO  server.RaftServerConfigKeys (ConfUtils.java:logGet(46)) - raft.server.threadpool.proxy.cached = true (default)
2023-09-08 11:19:19,455 [main] INFO  server.RaftServerConfigKeys (ConfUtils.java:logGet(46)) - raft.server.threadpool.proxy.size = 0 (default)
2023-09-08 11:19:19,455 [main] INFO  server.RaftServerConfigKeys (ConfUtils.java:logGet(46)) - raft.server.rpc.slowness.timeout = 120s (custom)
2023-09-08 11:19:19,455 [main] INFO  server.RaftServerConfigKeys (ConfUtils.java:logGet(46)) - raft.server.leaderelection.leader.step-down.wait-time = 10s (default)
2023-09-08 11:19:19,455 [main] INFO  server.RaftServerConfigKeys (ConfUtils.java:logGet(46)) - raft.server.storage.dir = [/home/runner/work/ozone/ozone/hadoop-ozone/integration-test/target/test-dir/MiniOzoneClusterImpl-b03496ff-6041-4009-870e-fb613b325751/ozone-meta/ratis] (custom)
2023-09-08 11:19:19,457 [main] INFO  server.RaftServer (RaftServerProxy.java:addNew(98)) - om1: addNew group-C5BA1605619E:[om1|rpc:localhost:15113|priority:0|startupRole:FOLLOWER] returns group-C5BA1605619E:java.util.concurrent.CompletableFuture@45f7d6ff[Not completed]
2023-09-08 11:19:19,457 [om1-groupManagement] INFO  server.RaftServer$Division (RaftServerImpl.java:<init>(198)) - om1: new RaftServerImpl for group-C5BA1605619E:[om1|rpc:localhost:15113|priority:0|startupRole:FOLLOWER] with OzoneManagerStateMachine:uninitialized
2023-09-08 11:19:19,457 [main] INFO  om.OzoneManager (OzoneManager.java:initializeRatisServer(2145)) - OzoneManager Ratis server initialized at port 15113
2023-09-08 11:19:19,457 [om1-groupManagement] INFO  server.RaftServerConfigKeys (ConfUtils.java:logGet(46)) - raft.server.rpc.timeout.min = 1s (custom)
2023-09-08 11:19:19,457 [main] INFO  om.OzoneManager (OzoneManager.java:getRpcServer(1196)) - Creating RPC Server
2023-09-08 11:19:19,457 [om1-groupManagement] INFO  server.RaftServerConfigKeys (ConfUtils.java:logGet(46)) - raft.server.rpc.timeout.max = 1200ms (custom)
2023-09-08 11:19:19,458 [om1-groupManagement] INFO  server.RaftServerConfigKeys (ConfUtils.java:logGet(46)) - raft.server.rpc.sleep.time = 25ms (default)
2023-09-08 11:19:19,458 [om1-groupManagement] INFO  server.RaftServerConfigKeys (ConfUtils.java:logGet(46)) - raft.server.rpc.slowness.timeout = 120s (custom)
2023-09-08 11:19:19,458 [om1-groupManagement] INFO  server.RaftServerConfigKeys (ConfUtils.java:logGet(46)) - raft.server.leaderelection.leader.step-down.wait-time = 10s (default)
2023-09-08 11:19:19,458 [om1-groupManagement] INFO  server.RaftServerConfigKeys (ConfUtils.java:logGet(46)) - raft.server.sleep.deviation.threshold = 300ms (default)
2023-09-08 11:19:19,458 [om1-groupManagement] INFO  server.RaftServer$Division (ServerState.java:<init>(120)) - om1@group-C5BA1605619E: ConfigurationManager, init=-1: peers:[om1|rpc:localhost:15113|priority:0|startupRole:FOLLOWER]|listeners:[], old=null, confs=<EMPTY_MAP>
2023-09-08 11:19:19,458 [om1-groupManagement] INFO  server.RaftServerConfigKeys (ConfUtils.java:logGet(46)) - raft.server.storage.dir = [/home/runner/work/ozone/ozone/hadoop-ozone/integration-test/target/test-dir/MiniOzoneClusterImpl-b03496ff-6041-4009-870e-fb613b325751/ozone-meta/ratis] (custom)
2023-09-08 11:19:19,458 [om1-groupManagement] INFO  server.RaftServerConfigKeys (ConfUtils.java:logGet(46)) - raft.server.log.corruption.policy = EXCEPTION (default)
2023-09-08 11:19:19,458 [om1-groupManagement] INFO  server.RaftServerConfigKeys (ConfUtils.java:logGet(46)) - raft.server.storage.free-space.min = 0MB (=0) (default)
2023-09-08 11:19:19,458 [om1-groupManagement] INFO  server.RaftServerConfigKeys (ConfUtils.java:logGet(46)) - raft.server.notification.no-leader.timeout = 120s (custom)
2023-09-08 11:19:19,458 [om1-groupManagement] INFO  server.RaftServerConfigKeys (ConfUtils.java:logGet(46)) - raft.server.read.timeout = 10s (default)
2023-09-08 11:19:19,458 [om1-groupManagement] INFO  server.RaftServerConfigKeys (ConfUtils.java:logGet(46)) - raft.server.retrycache.expirytime = 300s (custom)
2023-09-08 11:19:19,459 [om1-groupManagement] INFO  server.RaftServerConfigKeys (ConfUtils.java:logGet(46)) - raft.server.retrycache.statistics.expirytime = 100μs (default)
2023-09-08 11:19:19,459 [om1-groupManagement] INFO  server.RaftServerConfigKeys (ConfUtils.java:logGet(46)) - raft.server.read.option = DEFAULT (default)
2023-09-08 11:19:19,459 [om1-groupManagement] INFO  server.RaftServerConfigKeys (ConfUtils.java:logGet(46)) - raft.server.rpc.request.timeout = 3000ms (default)
2023-09-08 11:19:19,459 [om1-groupManagement] INFO  server.RaftServerConfigKeys (ConfUtils.java:logGet(46)) - raft.server.log.appender.install.snapshot.enabled = false (custom)
2023-09-08 11:19:19,459 [om1-groupManagement] INFO  server.RaftServerConfigKeys (ConfUtils.java:logGet(46)) - raft.server.threadpool.server.cached = true (default)
2023-09-08 11:19:19,459 [om1-groupManagement] INFO  server.RaftServerConfigKeys (ConfUtils.java:logGet(46)) - raft.server.threadpool.server.size = 0 (default)
2023-09-08 11:19:19,459 [om1-groupManagement] INFO  server.RaftServerConfigKeys (ConfUtils.java:logGet(46)) - raft.server.threadpool.client.cached = true (default)
2023-09-08 11:19:19,459 [om1-groupManagement] INFO  server.RaftServerConfigKeys (ConfUtils.java:logGet(46)) - raft.server.threadpool.client.size = 0 (default)
2023-09-08 11:19:20,159 [main] INFO  reflections.Reflections (Reflections.java:scan(232)) - Reflections took 701 ms to scan 19 urls, producing 70 keys and 5670 values [using 2 cores]
2023-09-08 11:19:20,163 [main] INFO  ipc.CallQueueManager (CallQueueManager.java:<init>(90)) - Using callQueue: class java.util.concurrent.LinkedBlockingQueue, queueCapacity: 2000, scheduler: class org.apache.hadoop.ipc.DefaultRpcScheduler, ipcBackoff: false.
2023-09-08 11:19:20,163 [main] INFO  ipc.Server (Server.java:<init>(1287)) - Listener at 127.0.0.1:15110
2023-09-08 11:19:20,167 [Socket Reader #1 for port 15110] INFO  ipc.Server (Server.java:run(1323)) - Starting Socket Reader #1 for port 15110
2023-09-08 11:19:20,193 [main] INFO  impl.MetricsSystemImpl (MetricsSystemImpl.java:init(158)) - OzoneManager metrics system started (again)
2023-09-08 11:19:20,207 [main] INFO  om.OzoneManager (OzoneManager.java:start(1630)) - OzoneManager RPC server is listening at localhost/127.0.0.1:15110
2023-09-08 11:19:20,207 [main] INFO  ratis.OzoneManagerRatisServer (OzoneManagerRatisServer.java:start(558)) - Starting OzoneManagerRatisServer om1 at port 15113
2023-09-08 11:19:20,207 [om1-impl-thread1] INFO  storage.RaftStorageDirectory (RaftStorageDirectoryImpl.java:analyzeStorage(137)) - The storage directory /home/runner/work/ozone/ozone/hadoop-ozone/integration-test/target/test-dir/MiniOzoneClusterImpl-b03496ff-6041-4009-870e-fb613b325751/ozone-meta/ratis/bf265839-605b-3f16-9796-c5ba1605619e does not exist. Creating ...
2023-09-08 11:19:20,209 [om1-impl-thread1] INFO  storage.RaftStorageDirectory (RaftStorageDirectoryImpl.java:tryLock(231)) - Lock on /home/runner/work/ozone/ozone/hadoop-ozone/integration-test/target/test-dir/MiniOzoneClusterImpl-b03496ff-6041-4009-870e-fb613b325751/ozone-meta/ratis/bf265839-605b-3f16-9796-c5ba1605619e/in_use.lock acquired by nodename 7549@fv-az203-160
2023-09-08 11:19:20,211 [om1-impl-thread1] INFO  storage.RaftStorage (RaftStorageImpl.java:format(96)) - Storage directory /home/runner/work/ozone/ozone/hadoop-ozone/integration-test/target/test-dir/MiniOzoneClusterImpl-b03496ff-6041-4009-870e-fb613b325751/ozone-meta/ratis/bf265839-605b-3f16-9796-c5ba1605619e has been successfully formatted.
2023-09-08 11:19:20,211 [om1-impl-thread1] INFO  server.RaftServerConfigKeys (ConfUtils.java:logGet(46)) - raft.server.log.use.memory = false (default)
2023-09-08 11:19:20,211 [om1-impl-thread1] INFO  server.RaftServerConfigKeys (ConfUtils.java:logGet(46)) - raft.server.log.purge.gap = 1000000 (custom)
2023-09-08 11:19:20,211 [om1-impl-thread1] INFO  server.RaftServerConfigKeys (ConfUtils.java:logGet(46)) - raft.server.log.appender.buffer.byte-limit = 33554432 (custom)
2023-09-08 11:19:20,211 [om1-impl-thread1] INFO  server.RaftServerConfigKeys (ConfUtils.java:logGet(46)) - raft.server.log.statemachine.data.read.timeout = 1000ms (default)
2023-09-08 11:19:20,211 [om1-impl-thread1] INFO  server.RaftServerConfigKeys (ConfUtils.java:logGet(46)) - raft.server.log.purge.preservation.log.num = 0 (default)
2023-09-08 11:19:20,211 [om1-impl-thread1] INFO  server.RaftServerConfigKeys (ConfUtils.java:logGet(46)) - raft.server.log.segment.size.max = 4194304 (custom)
2023-09-08 11:19:20,212 [om1-impl-thread1] INFO  server.RaftServerConfigKeys (ConfUtils.java:logGet(46)) - raft.server.log.segment.cache.num.max = 2 (custom)
2023-09-08 11:19:20,212 [om1-impl-thread1] INFO  server.RaftServerConfigKeys (ConfUtils.java:logGet(46)) - raft.server.log.segment.cache.size.max = 200MB (=209715200) (default)
2023-09-08 11:19:20,212 [om1-impl-thread1] INFO  server.RaftServerConfigKeys (ConfUtils.java:logGet(46)) - raft.server.log.appender.buffer.byte-limit = 33554432 (custom)
2023-09-08 11:19:20,212 [om1-impl-thread1] INFO  segmented.SegmentedRaftLogWorker (SegmentedRaftLogWorker.java:<init>(188)) - new om1@group-C5BA1605619E-SegmentedRaftLogWorker for RaftStorageImpl:Storage Directory /home/runner/work/ozone/ozone/hadoop-ozone/integration-test/target/test-dir/MiniOzoneClusterImpl-b03496ff-6041-4009-870e-fb613b325751/ozone-meta/ratis/bf265839-605b-3f16-9796-c5ba1605619e
2023-09-08 11:19:20,212 [om1-impl-thread1] INFO  server.RaftServerConfigKeys (ConfUtils.java:logGet(46)) - raft.server.log.queue.byte-limit = 64MB (=67108864) (default)
2023-09-08 11:19:20,212 [om1-impl-thread1] INFO  server.RaftServerConfigKeys (ConfUtils.java:logGet(46)) - raft.server.log.queue.element-limit = 4096 (default)
2023-09-08 11:19:20,212 [om1-impl-thread1] INFO  server.RaftServerConfigKeys (ConfUtils.java:logGet(46)) - raft.server.log.segment.size.max = 4194304 (custom)
2023-09-08 11:19:20,212 [om1-impl-thread1] INFO  server.RaftServerConfigKeys (ConfUtils.java:logGet(46)) - raft.server.log.preallocated.size = 4194304 (custom)
2023-09-08 11:19:20,212 [om1-impl-thread1] INFO  server.RaftServerConfigKeys (ConfUtils.java:logGet(46)) - raft.server.log.force.sync.num = 128 (default)
2023-09-08 11:19:20,212 [om1-impl-thread1] INFO  server.RaftServerConfigKeys (ConfUtils.java:logGet(46)) - raft.server.log.statemachine.data.sync = true (default)
2023-09-08 11:19:20,212 [om1-impl-thread1] INFO  server.RaftServerConfigKeys (ConfUtils.java:logGet(46)) - raft.server.log.statemachine.data.sync.timeout = 10s (default)
2023-09-08 11:19:20,212 [om1-impl-thread1] INFO  server.RaftServerConfigKeys (ConfUtils.java:logGet(46)) - raft.server.log.statemachine.data.sync.timeout.retry = -1 (default)
2023-09-08 11:19:20,213 [om1-impl-thread1] INFO  server.RaftServerConfigKeys (ConfUtils.java:logGet(46)) - raft.server.log.write.buffer.size = 64KB (=65536) (default)
2023-09-08 11:19:20,213 [om1-impl-thread1] INFO  server.RaftServerConfigKeys (ConfUtils.java:logGet(46)) - raft.server.log.appender.buffer.byte-limit = 33554432 (custom)
2023-09-08 11:19:20,219 [om1-impl-thread1] INFO  server.RaftServerConfigKeys (ConfUtils.java:logGet(46)) - raft.server.log.unsafe-flush.enabled = false (default)
2023-09-08 11:19:20,219 [om1-impl-thread1] INFO  server.RaftServerConfigKeys (ConfUtils.java:logGet(46)) - raft.server.log.async-flush.enabled = false (default)
2023-09-08 11:19:20,219 [om1-impl-thread1] INFO  server.RaftServerConfigKeys (ConfUtils.java:logGet(46)) - raft.server.log.statemachine.data.caching.enabled = false (default)
2023-09-08 11:19:20,219 [om1-impl-thread1] INFO  segmented.SegmentedRaftLogWorker (SegmentedRaftLogWorker.java:lambda$new$0(135)) - om1@group-C5BA1605619E-SegmentedRaftLogWorker: flushIndex: setUnconditionally 0 -> -1
2023-09-08 11:19:20,219 [om1-impl-thread1] INFO  segmented.SegmentedRaftLogWorker (SegmentedRaftLogWorker.java:lambda$new$0(135)) - om1@group-C5BA1605619E-SegmentedRaftLogWorker: safeCacheEvictIndex: setUnconditionally 0 -> -1
2023-09-08 11:19:20,220 [om1-impl-thread1] INFO  server.RaftServer$Division (RaftServerImpl.java:start(342)) - om1@group-C5BA1605619E: start as a follower, conf=-1: peers:[om1|rpc:localhost:15113|priority:0|startupRole:FOLLOWER]|listeners:[], old=null
2023-09-08 11:19:20,220 [om1-impl-thread1] INFO  server.RaftServer$Division (RaftServerImpl.java:setRole(329)) - om1@group-C5BA1605619E: changes role from      null to FOLLOWER at term 0 for startAsFollower
2023-09-08 11:19:20,220 [om1-impl-thread1] INFO  impl.RoleInfo (RoleInfo.java:updateAndGet(139)) - om1: start om1@group-C5BA1605619E-FollowerState
2023-09-08 11:19:20,220 [om1-impl-thread1] INFO  util.JmxRegister (JmxRegister.java:tryRegister(44)) - Successfully registered JMX Bean with object name Ratis:service=RaftServer,group=group-C5BA1605619E,id=om1
2023-09-08 11:19:20,220 [om1-impl-thread1] INFO  server.RaftServerConfigKeys (ConfUtils.java:logGet(46)) - raft.server.snapshot.auto.trigger.enabled = true (custom)
2023-09-08 11:19:20,220 [om1-impl-thread1] INFO  server.RaftServerConfigKeys (ConfUtils.java:logGet(46)) - raft.server.snapshot.auto.trigger.threshold = 400000 (default)
2023-09-08 11:19:20,220 [om1-impl-thread1] INFO  server.RaftServerConfigKeys (ConfUtils.java:logGet(46)) - raft.server.snapshot.retention.file.num = -1 (default)
2023-09-08 11:19:20,220 [om1-impl-thread1] INFO  server.RaftServerConfigKeys (ConfUtils.java:logGet(46)) - raft.server.log.purge.upto.snapshot.index = true (custom)
2023-09-08 11:19:20,221 [om1@group-C5BA1605619E-FollowerState] INFO  server.RaftServerConfigKeys (ConfUtils.java:logFallback(53)) - raft.server.rpc.first-election.timeout.min = 1s (fallback to raft.server.rpc.timeout.min)
2023-09-08 11:19:20,221 [om1@group-C5BA1605619E-FollowerState] INFO  server.RaftServerConfigKeys (ConfUtils.java:logFallback(53)) - raft.server.rpc.first-election.timeout.max = 1200ms (fallback to raft.server.rpc.timeout.max)
2023-09-08 11:19:20,223 [main] INFO  server.RaftServer (RaftServerProxy.java:startImpl(400)) - om1: start RPC server
2023-09-08 11:19:20,227 [main] INFO  server.GrpcService (GrpcService.java:startImpl(302)) - om1: GrpcService started, listening on 15113
2023-09-08 11:19:20,227 [JvmPauseMonitor15] INFO  util.JvmPauseMonitor (JvmPauseMonitor.java:run(103)) - JvmPauseMonitor-om1: Started
2023-09-08 11:19:20,227 [main] INFO  om.OzoneManager (OzoneManager.java:start(1646)) - Version File has different layout version (6) than OM DB (null). That is expected if this OM has never been finalized to a newer layout version.
2023-09-08 11:19:20,235 [main] INFO  http.BaseHttpServer (BaseHttpServer.java:newHttpServer2BuilderForOzone(223)) - Starting Web-server for ozoneManager at: http://0.0.0.0:15111
2023-09-08 11:19:20,235 [main] INFO  http.BaseHttpServer (BaseHttpServer.java:<init>(110)) - Hadoop Security Enabled: false Ozone Security Enabled: false Ozone HTTP Security Enabled: false 
2023-09-08 11:19:20,236 [main] WARN  server.AuthenticationFilter (AuthenticationFilter.java:constructSecretProvider(240)) - Unable to initialize FileSignerSecretProvider, falling back to use random secrets. Reason: Could not read signature secret file: /home/runner/hadoop-http-auth-signature-secret
2023-09-08 11:19:20,238 [main] INFO  http.HttpRequestLog (HttpRequestLog.java:getRequestLog(86)) - Http request log for http.requests.ozoneManager is not defined
2023-09-08 11:19:20,240 [main] INFO  http.HttpServer2 (HttpServer2.java:addGlobalFilter(1031)) - Added global filter 'safety' (class=org.apache.hadoop.hdds.server.http.HttpServer2$QuotingInputFilter)
2023-09-08 11:19:20,241 [main] INFO  http.HttpServer2 (HttpServer2.java:addFilter(1007)) - Added filter static_user_filter (class=org.apache.hadoop.http.lib.StaticUserWebFilter$StaticUserFilter) to context ozoneManager
2023-09-08 11:19:20,241 [main] INFO  http.HttpServer2 (HttpServer2.java:addFilter(1015)) - Added filter static_user_filter (class=org.apache.hadoop.http.lib.StaticUserWebFilter$StaticUserFilter) to context logs
2023-09-08 11:19:20,241 [main] INFO  http.HttpServer2 (HttpServer2.java:addFilter(1015)) - Added filter static_user_filter (class=org.apache.hadoop.http.lib.StaticUserWebFilter$StaticUserFilter) to context static
2023-09-08 11:19:20,242 [main] INFO  http.BaseHttpServer (BaseHttpServer.java:<init>(189)) - HTTP server of ozoneManager uses base directory /home/runner/work/ozone/ozone/hadoop-ozone/integration-test/target/test-dir/MiniOzoneClusterImpl-b03496ff-6041-4009-870e-fb613b325751/ozone-meta/webserver
2023-09-08 11:19:20,242 [main] INFO  http.HttpServer2 (HttpServer2.java:bindListener(1231)) - Jetty bound to port 15111
2023-09-08 11:19:20,243 [main] INFO  server.Server (Server.java:doStart(375)) - jetty-9.4.51.v20230217; built: 2023-02-17T08:19:37.309Z; git: b45c405e4544384de066f814ed42ae3dceacdd49; jvm 1.8.0_382-b05
2023-09-08 11:19:20,245 [main] INFO  server.session (DefaultSessionIdManager.java:doStart(334)) - DefaultSessionIdManager workerName=node0
2023-09-08 11:19:20,245 [main] INFO  server.session (DefaultSessionIdManager.java:doStart(339)) - No SessionScavenger set, using defaults
2023-09-08 11:19:20,246 [main] INFO  server.session (HouseKeeper.java:startScavenging(132)) - node0 Scavenging every 660000ms
2023-09-08 11:19:20,247 [main] INFO  handler.ContextHandler (ContextHandler.java:doStart(921)) - Started o.e.j.s.ServletContextHandler@38b786b6{logs,/logs,file:///home/runner/work/ozone/ozone/hadoop-ozone/integration-test/target/log,AVAILABLE}
2023-09-08 11:19:20,247 [main] INFO  handler.ContextHandler (ContextHandler.java:doStart(921)) - Started o.e.j.s.ServletContextHandler@1a6a5b16{static,/static,file:///home/runner/work/ozone/ozone/hadoop-ozone/integration-test/target/test-classes/webapps/static,AVAILABLE}
2023-09-08 11:19:20,252 [main] INFO  handler.ContextHandler (ContextHandler.java:doStart(921)) - Started o.e.j.w.WebAppContext@6a16220f{ozoneManager,/,file:///home/runner/work/ozone/ozone/hadoop-ozone/integration-test/target/test-classes/webapps/ozoneManager/,AVAILABLE}{file:/home/runner/work/ozone/ozone/hadoop-ozone/integration-test/target/test-classes/webapps/ozoneManager}
2023-09-08 11:19:20,256 [main] INFO  server.AbstractConnector (AbstractConnector.java:doStart(333)) - Started ServerConnector@6ee7ce52{HTTP/1.1, (http/1.1)}{0.0.0.0:15111}
2023-09-08 11:19:20,257 [main] INFO  server.Server (Server.java:doStart(415)) - Started @191039ms
2023-09-08 11:19:20,257 [main] WARN  impl.MetricsSystemImpl (MetricsSystemImpl.java:register(279)) - Sink prometheus already exists!
2023-09-08 11:19:20,257 [main] INFO  http.BaseHttpServer (BaseHttpServer.java:updateConnectorAddress(354)) - HTTP server of ozoneManager listening at http://0.0.0.0:15111
2023-09-08 11:19:20,258 [IPC Server Responder] INFO  ipc.Server (Server.java:run(1562)) - IPC Server Responder: starting
2023-09-08 11:19:20,264 [IPC Server listener on 15110] INFO  ipc.Server (Server.java:run(1402)) - IPC Server listener on 15110: starting
2023-09-08 11:19:20,275 [main] INFO  om.TrashPolicyOzone (TrashPolicyOzone.java:<init>(277)) - Ozone Manager trash configuration: Deletion interval = 0 minutes, Emptier interval = 0 minutes.
2023-09-08 11:19:20,290 [main] WARN  impl.MetricRegistriesImpl (MetricRegistriesImpl.java:addReporterRegistration(111)) - New reporters are added after registries were created. Some metrics will be missing from the reporter. Please add reporter before adding any new registry.
2023-09-08 11:19:20,290 [main] WARN  impl.MetricRegistriesImpl (MetricRegistriesImpl.java:addReporterRegistration(111)) - New reporters are added after registries were created. Some metrics will be missing from the reporter. Please add reporter before adding any new registry.
2023-09-08 11:19:20,290 [main] INFO  impl.MetricsSystemImpl (MetricsSystemImpl.java:init(158)) - HddsDatanode metrics system started (again)
2023-09-08 11:19:20,306 [main] INFO  ozone.HddsDatanodeService (HddsDatanodeService.java:start(237)) - HddsDatanodeService host:fv-az203-160.hq41me5fykbulac445kfrvsskg.dx.internal.cloudapp.net ip:10.1.0.72
2023-09-08 11:19:20,341 [main] INFO  upgrade.AbstractLayoutVersionManager (AbstractLayoutVersionManager.java:init(83)) - Initializing Layout version manager with metadata layout = HADOOP_PRC_PORTS_IN_DATANODEDETAILS (version = 7), software layout = HADOOP_PRC_PORTS_IN_DATANODEDETAILS (version = 7)
2023-09-08 11:19:20,342 [main] INFO  statemachine.DatanodeStateMachine (DatanodeStateMachine.java:getEndPointTaskThreadPoolSize(282)) - Datanode State Machine Task Thread Pool size 2
2023-09-08 11:19:20,343 [main] INFO  volume.HddsVolume (HddsVolume.java:<init>(126)) - Creating HddsVolume: /home/runner/work/ozone/ozone/hadoop-ozone/integration-test/target/test-dir/MiniOzoneClusterImpl-b03496ff-6041-4009-870e-fb613b325751/datanode-0/data-0/containers/hdds of storage type : DISK capacity : 9223372036854775807
2023-09-08 11:19:20,344 [main] INFO  volume.MutableVolumeSet (MutableVolumeSet.java:initializeVolumeSet(173)) - Added Volume : /home/runner/work/ozone/ozone/hadoop-ozone/integration-test/target/test-dir/MiniOzoneClusterImpl-b03496ff-6041-4009-870e-fb613b325751/datanode-0/data-0/containers/hdds to VolumeSet
2023-09-08 11:19:20,347 [main] INFO  volume.MutableVolumeSet (MutableVolumeSet.java:initializeVolumeSet(173)) - Added Volume : /home/runner/work/ozone/ozone/hadoop-ozone/integration-test/target/test-dir/MiniOzoneClusterImpl-b03496ff-6041-4009-870e-fb613b325751/datanode-0/data/ratis to VolumeSet
2023-09-08 11:19:20,348 [Thread-1331] INFO  ozoneimpl.ContainerReader (ContainerReader.java:readVolume(177)) - Finish verifying containers on volume /home/runner/work/ozone/ozone/hadoop-ozone/integration-test/target/test-dir/MiniOzoneClusterImpl-b03496ff-6041-4009-870e-fb613b325751/datanode-0/data-0/containers/hdds
2023-09-08 11:19:20,348 [main] INFO  ozoneimpl.OzoneContainer (OzoneContainer.java:buildContainerSet(314)) - Build ContainerSet costs 0s
2023-09-08 11:19:20,353 [main] INFO  server.RaftServer (ConfUtils.java:logGet(46)) - raft.rpc.type = GRPC (default)
2023-09-08 11:19:20,353 [main] INFO  grpc.GrpcConfigKeys (ConfUtils.java:logFallback(53)) - raft.grpc.admin.host = null (fallback to raft.grpc.server.host)
2023-09-08 11:19:20,353 [main] INFO  grpc.GrpcConfigKeys (ConfUtils.java:logGet(46)) - raft.grpc.admin.port = 15119 (custom)
2023-09-08 11:19:20,353 [main] INFO  grpc.GrpcConfigKeys (ConfUtils.java:logFallback(53)) - raft.grpc.client.host = null (fallback to raft.grpc.server.host)
2023-09-08 11:19:20,353 [main] INFO  grpc.GrpcConfigKeys (ConfUtils.java:logGet(46)) - raft.grpc.client.port = 15118 (custom)
2023-09-08 11:19:20,354 [main] INFO  grpc.GrpcConfigKeys (ConfUtils.java:logGet(46)) - raft.grpc.server.host = null (default)
2023-09-08 11:19:20,354 [main] INFO  grpc.GrpcConfigKeys (ConfUtils.java:logGet(46)) - raft.grpc.server.port = 15120 (custom)
2023-09-08 11:19:20,354 [main] INFO  server.GrpcService (ConfUtils.java:logGet(46)) - raft.grpc.message.size.max = 32MB (=33554432) (custom)
2023-09-08 11:19:20,354 [main] INFO  server.RaftServerConfigKeys (ConfUtils.java:logGet(46)) - raft.server.log.appender.buffer.byte-limit = 33554432 (custom)
2023-09-08 11:19:20,354 [main] INFO  server.GrpcService (ConfUtils.java:logGet(46)) - raft.grpc.flow.control.window = 5MB (=5242880) (custom)
2023-09-08 11:19:20,354 [main] INFO  server.RaftServerConfigKeys (ConfUtils.java:logGet(46)) - raft.server.rpc.request.timeout = 60s (custom)
2023-09-08 11:19:20,354 [main] INFO  grpc.GrpcConfigKeys (ConfUtils.java:logGet(46)) - raft.grpc.server.heartbeat.channel = true (default)
2023-09-08 11:19:20,354 [main] INFO  grpc.GrpcConfigKeys (ConfUtils.java:logGet(46)) - raft.grpc.server.async.request.thread.pool.cached = true (default)
2023-09-08 11:19:20,355 [main] INFO  grpc.GrpcConfigKeys (ConfUtils.java:logGet(46)) - raft.grpc.server.async.request.thread.pool.size = 32 (default)
2023-09-08 11:19:20,357 [main] INFO  impl.DataStreamServerImpl (ConfUtils.java:logGet(46)) - raft.datastream.type = NETTY (custom)
2023-09-08 11:19:20,358 [main] INFO  server.RaftServerConfigKeys (ConfUtils.java:logGet(46)) - raft.server.data-stream.async.request.thread.pool.cached = false (default)
2023-09-08 11:19:20,358 [main] INFO  server.RaftServerConfigKeys (ConfUtils.java:logGet(46)) - raft.server.data-stream.async.request.thread.pool.size = 20 (custom)
2023-09-08 11:19:20,358 [main] INFO  server.RaftServerConfigKeys (ConfUtils.java:logGet(46)) - raft.server.data-stream.async.write.thread.pool.size = 16 (default)
2023-09-08 11:19:20,358 [main] INFO  server.RaftServerConfigKeys (ConfUtils.java:logGet(46)) - raft.server.data-stream.client.pool.size = 10 (default)
2023-09-08 11:19:20,358 [main] INFO  netty.NettyConfigKeys$DataStream (ConfUtils.java:logGet(46)) - raft.netty.dataStream.server.use-epoll = false (default)
2023-09-08 11:19:20,358 [main] INFO  netty.NettyConfigKeys$DataStream (ConfUtils.java:logGet(46)) - raft.netty.dataStream.server.boss-group.size = 0 (default)
2023-09-08 11:19:20,359 [main] INFO  netty.NettyConfigKeys$DataStream (ConfUtils.java:logGet(46)) - raft.netty.dataStream.server.worker-group.size = 0 (default)
2023-09-08 11:19:20,360 [main] INFO  netty.NettyConfigKeys$DataStream (ConfUtils.java:logGet(46)) - raft.netty.dataStream.server.tls.conf = null (default)
2023-09-08 11:19:20,360 [main] INFO  netty.NettyConfigKeys$DataStream (ConfUtils.java:logGet(46)) - raft.netty.dataStream.host = null (default)
2023-09-08 11:19:20,360 [main] INFO  netty.NettyConfigKeys$DataStream (ConfUtils.java:logGet(46)) - raft.netty.dataStream.port = 15121 (custom)
2023-09-08 11:19:20,360 [main] INFO  server.RaftServerConfigKeys (ConfUtils.java:logGet(46)) - raft.server.threadpool.proxy.cached = true (default)
2023-09-08 11:19:20,361 [main] INFO  server.RaftServerConfigKeys (ConfUtils.java:logGet(46)) - raft.server.threadpool.proxy.size = 0 (default)
2023-09-08 11:19:20,361 [main] INFO  server.RaftServerConfigKeys (ConfUtils.java:logGet(46)) - raft.server.rpc.slowness.timeout = 300s (custom)
2023-09-08 11:19:20,361 [ccde687e-3bc0-46e3-98cf-cb73a4745fdb-NettyServerStreamRpc-bossGroup--thread1] INFO  logging.LoggingHandler (AbstractInternalLogger.java:log(148)) - [id: 0x1e847aa1] REGISTERED
2023-09-08 11:19:20,361 [main] INFO  server.RaftServerConfigKeys (ConfUtils.java:logGet(46)) - raft.server.leaderelection.leader.step-down.wait-time = 10s (default)
2023-09-08 11:19:20,362 [ccde687e-3bc0-46e3-98cf-cb73a4745fdb-NettyServerStreamRpc-bossGroup--thread1] INFO  logging.LoggingHandler (AbstractInternalLogger.java:log(148)) - [id: 0x1e847aa1] BIND: 0.0.0.0/0.0.0.0:15121
2023-09-08 11:19:20,362 [main] INFO  server.RaftServerConfigKeys (ConfUtils.java:logGet(46)) - raft.server.storage.dir = [/home/runner/work/ozone/ozone/hadoop-ozone/integration-test/target/test-dir/MiniOzoneClusterImpl-b03496ff-6041-4009-870e-fb613b325751/datanode-0/data/ratis] (custom)
2023-09-08 11:19:20,362 [ccde687e-3bc0-46e3-98cf-cb73a4745fdb-NettyServerStreamRpc-bossGroup--thread1] INFO  logging.LoggingHandler (AbstractInternalLogger.java:log(148)) - [id: 0x1e847aa1, L:/0:0:0:0:0:0:0:0:15121] ACTIVE
2023-09-08 11:19:20,362 [ccde687e-3bc0-46e3-98cf-cb73a4745fdb-impl-thread1] INFO  server.RaftServer (RaftServerProxy.java:initGroupDir(258)) - ccde687e-3bc0-46e3-98cf-cb73a4745fdb: found a subdirectory /home/runner/work/ozone/ozone/hadoop-ozone/integration-test/target/test-dir/MiniOzoneClusterImpl-b03496ff-6041-4009-870e-fb613b325751/datanode-0/data/ratis/tmp
2023-09-08 11:19:20,362 [ccde687e-3bc0-46e3-98cf-cb73a4745fdb-impl-thread1] INFO  server.RaftServer (RaftServerProxy.java:initGroupDir(263)) - ccde687e-3bc0-46e3-98cf-cb73a4745fdb: The directory /home/runner/work/ozone/ozone/hadoop-ozone/integration-test/target/test-dir/MiniOzoneClusterImpl-b03496ff-6041-4009-870e-fb613b325751/datanode-0/data/ratis/tmp is not a group directory; ignoring it. 
2023-09-08 11:19:20,363 [main] INFO  replication.ReplicationServer (ReplicationServer.java:<init>(81)) - Initializing replication server with thread count = 10
2023-09-08 11:19:20,365 [main] INFO  server.XceiverServerGrpc (XceiverServerGrpc.java:<init>(132)) - GrpcServer channel type EpollServerSocketChannel
2023-09-08 11:19:20,367 [main] INFO  replication.ReplicationSupervisor (ReplicationSupervisor.java:build(155)) - Initializing replication supervisor with thread count = 10
2023-09-08 11:19:20,368 [main] INFO  replication.ReplicationSupervisor (ReplicationSupervisor.java:nodeStateUpdated(307)) - Node state updated to IN_SERVICE, scaling executor pool size to 10
2023-09-08 11:19:20,371 [main] INFO  http.BaseHttpServer (BaseHttpServer.java:newHttpServer2BuilderForOzone(223)) - Starting Web-server for hddsDatanode at: http://0.0.0.0:15115
2023-09-08 11:19:20,371 [main] INFO  http.BaseHttpServer (BaseHttpServer.java:<init>(110)) - Hadoop Security Enabled: false Ozone Security Enabled: false Ozone HTTP Security Enabled: false 
2023-09-08 11:19:20,372 [main] WARN  server.AuthenticationFilter (AuthenticationFilter.java:constructSecretProvider(240)) - Unable to initialize FileSignerSecretProvider, falling back to use random secrets. Reason: Could not read signature secret file: /home/runner/hadoop-http-auth-signature-secret
2023-09-08 11:19:20,373 [main] INFO  http.HttpRequestLog (HttpRequestLog.java:getRequestLog(86)) - Http request log for http.requests.hddsDatanode is not defined
2023-09-08 11:19:20,376 [main] INFO  http.HttpServer2 (HttpServer2.java:addGlobalFilter(1031)) - Added global filter 'safety' (class=org.apache.hadoop.hdds.server.http.HttpServer2$QuotingInputFilter)
2023-09-08 11:19:20,377 [main] INFO  http.HttpServer2 (HttpServer2.java:addFilter(1007)) - Added filter static_user_filter (class=org.apache.hadoop.http.lib.StaticUserWebFilter$StaticUserFilter) to context hddsDatanode
2023-09-08 11:19:20,378 [main] INFO  http.HttpServer2 (HttpServer2.java:addFilter(1015)) - Added filter static_user_filter (class=org.apache.hadoop.http.lib.StaticUserWebFilter$StaticUserFilter) to context logs
2023-09-08 11:19:20,378 [main] INFO  http.HttpServer2 (HttpServer2.java:addFilter(1015)) - Added filter static_user_filter (class=org.apache.hadoop.http.lib.StaticUserWebFilter$StaticUserFilter) to context static
2023-09-08 11:19:20,383 [main] INFO  http.BaseHttpServer (BaseHttpServer.java:<init>(189)) - HTTP server of hddsDatanode uses base directory /home/runner/work/ozone/ozone/hadoop-ozone/integration-test/target/test-dir/MiniOzoneClusterImpl-b03496ff-6041-4009-870e-fb613b325751/datanode-0/meta/webserver
2023-09-08 11:19:20,385 [main] INFO  http.HttpServer2 (HttpServer2.java:bindListener(1231)) - Jetty bound to port 15115
2023-09-08 11:19:20,386 [main] INFO  server.Server (Server.java:doStart(375)) - jetty-9.4.51.v20230217; built: 2023-02-17T08:19:37.309Z; git: b45c405e4544384de066f814ed42ae3dceacdd49; jvm 1.8.0_382-b05
2023-09-08 11:19:20,393 [main] INFO  server.session (DefaultSessionIdManager.java:doStart(334)) - DefaultSessionIdManager workerName=node0
2023-09-08 11:19:20,393 [main] INFO  server.session (DefaultSessionIdManager.java:doStart(339)) - No SessionScavenger set, using defaults
2023-09-08 11:19:20,393 [main] INFO  server.session (HouseKeeper.java:startScavenging(132)) - node0 Scavenging every 600000ms
2023-09-08 11:19:20,394 [main] INFO  handler.ContextHandler (ContextHandler.java:doStart(921)) - Started o.e.j.s.ServletContextHandler@38cc8baa{logs,/logs,file:///home/runner/work/ozone/ozone/hadoop-ozone/integration-test/target/log,AVAILABLE}
2023-09-08 11:19:20,395 [main] INFO  handler.ContextHandler (ContextHandler.java:doStart(921)) - Started o.e.j.s.ServletContextHandler@367f3fe5{static,/static,jar:file:/home/runner/.m2/repository/org/apache/ozone/hdds-container-service/1.4.0-SNAPSHOT/hdds-container-service-1.4.0-SNAPSHOT.jar!/webapps/static,AVAILABLE}
2023-09-08 11:19:20,643 [main] INFO  handler.ContextHandler (ContextHandler.java:doStart(921)) - Started o.e.j.w.WebAppContext@35d43d72{hddsDatanode,/,file:///home/runner/work/ozone/ozone/hadoop-ozone/integration-test/target/test-dir/MiniOzoneClusterImpl-b03496ff-6041-4009-870e-fb613b325751/datanode-0/meta/webserver/jetty-0_0_0_0-15115-hdds-container-service-1_4_0-SNAPSHOT_jar-_-any-8543385514989437381/webapp/,AVAILABLE}{jar:file:/home/runner/.m2/repository/org/apache/ozone/hdds-container-service/1.4.0-SNAPSHOT/hdds-container-service-1.4.0-SNAPSHOT.jar!/webapps/hddsDatanode}
2023-09-08 11:19:20,644 [main] INFO  server.AbstractConnector (AbstractConnector.java:doStart(333)) - Started ServerConnector@4010ad81{HTTP/1.1, (http/1.1)}{0.0.0.0:15115}
2023-09-08 11:19:20,645 [main] INFO  server.Server (Server.java:doStart(415)) - Started @191427ms
2023-09-08 11:19:20,645 [main] WARN  impl.MetricsSystemImpl (MetricsSystemImpl.java:register(279)) - Sink prometheus already exists!
2023-09-08 11:19:20,645 [main] INFO  http.BaseHttpServer (BaseHttpServer.java:updateConnectorAddress(354)) - HTTP server of hddsDatanode listening at http://0.0.0.0:15115
2023-09-08 11:19:20,646 [main] INFO  ipc.CallQueueManager (CallQueueManager.java:<init>(90)) - Using callQueue: class java.util.concurrent.LinkedBlockingQueue, queueCapacity: 100, scheduler: class org.apache.hadoop.ipc.DefaultRpcScheduler, ipcBackoff: false.
2023-09-08 11:19:20,646 [main] INFO  ipc.Server (Server.java:<init>(1287)) - Listener at 0.0.0.0:15116
2023-09-08 11:19:20,647 [Socket Reader #1 for port 15116] INFO  ipc.Server (Server.java:run(1323)) - Starting Socket Reader #1 for port 15116
2023-09-08 11:19:20,653 [main] INFO  ozone.HddsDatanodeService (HddsDatanodeService.java:start(315)) - Datanode start with admins: [runner]
2023-09-08 11:19:20,653 [main] INFO  ozone.HddsDatanodeClientProtocolServer (HddsDatanodeClientProtocolServer.java:start(72)) - RPC server for Client /0.0.0.0:15116
2023-09-08 11:19:20,653 [IPC Server Responder] INFO  ipc.Server (Server.java:run(1562)) - IPC Server Responder: starting
2023-09-08 11:19:20,654 [Datanode State Machine Daemon Thread] INFO  statemachine.DatanodeStateMachine (DatanodeStateMachine.java:lambda$startDaemon$0(538)) - Ozone container server started.
2023-09-08 11:19:20,654 [main] WARN  impl.MetricRegistriesImpl (MetricRegistriesImpl.java:addReporterRegistration(111)) - New reporters are added after registries were created. Some metrics will be missing from the reporter. Please add reporter before adding any new registry.
2023-09-08 11:19:20,654 [main] WARN  impl.MetricRegistriesImpl (MetricRegistriesImpl.java:addReporterRegistration(111)) - New reporters are added after registries were created. Some metrics will be missing from the reporter. Please add reporter before adding any new registry.
2023-09-08 11:19:20,654 [main] INFO  impl.MetricsSystemImpl (MetricsSystemImpl.java:init(158)) - HddsDatanode metrics system started (again)
2023-09-08 11:19:20,654 [IPC Server listener on 15116] INFO  ipc.Server (Server.java:run(1402)) - IPC Server listener on 15116: starting
2023-09-08 11:19:20,670 [Datanode State Machine Task Thread - 0] INFO  datanode.InitDatanodeState (InitDatanodeState.java:persistContainerDatanodeDetails(138)) - DatanodeDetails is persisted to /home/runner/work/ozone/ozone/hadoop-ozone/integration-test/target/test-dir/MiniOzoneClusterImpl-b03496ff-6041-4009-870e-fb613b325751/datanode-0/meta/datanode.id
2023-09-08 11:19:20,674 [main] INFO  ozone.HddsDatanodeService (HddsDatanodeService.java:start(237)) - HddsDatanodeService host:fv-az203-160.hq41me5fykbulac445kfrvsskg.dx.internal.cloudapp.net ip:10.1.0.72
2023-09-08 11:19:20,698 [main] INFO  upgrade.AbstractLayoutVersionManager (AbstractLayoutVersionManager.java:init(83)) - Initializing Layout version manager with metadata layout = HADOOP_PRC_PORTS_IN_DATANODEDETAILS (version = 7), software layout = HADOOP_PRC_PORTS_IN_DATANODEDETAILS (version = 7)
2023-09-08 11:19:20,699 [main] INFO  statemachine.DatanodeStateMachine (DatanodeStateMachine.java:getEndPointTaskThreadPoolSize(282)) - Datanode State Machine Task Thread Pool size 2
2023-09-08 11:19:20,701 [main] INFO  volume.HddsVolume (HddsVolume.java:<init>(126)) - Creating HddsVolume: /home/runner/work/ozone/ozone/hadoop-ozone/integration-test/target/test-dir/MiniOzoneClusterImpl-b03496ff-6041-4009-870e-fb613b325751/datanode-1/data-0/containers/hdds of storage type : DISK capacity : 9223372036854775807
2023-09-08 11:19:20,701 [main] INFO  volume.MutableVolumeSet (MutableVolumeSet.java:initializeVolumeSet(173)) - Added Volume : /home/runner/work/ozone/ozone/hadoop-ozone/integration-test/target/test-dir/MiniOzoneClusterImpl-b03496ff-6041-4009-870e-fb613b325751/datanode-1/data-0/containers/hdds to VolumeSet
2023-09-08 11:19:20,702 [main] INFO  volume.MutableVolumeSet (MutableVolumeSet.java:initializeVolumeSet(173)) - Added Volume : /home/runner/work/ozone/ozone/hadoop-ozone/integration-test/target/test-dir/MiniOzoneClusterImpl-b03496ff-6041-4009-870e-fb613b325751/datanode-1/data/ratis to VolumeSet
2023-09-08 11:19:20,703 [Thread-1348] INFO  ozoneimpl.ContainerReader (ContainerReader.java:readVolume(177)) - Finish verifying containers on volume /home/runner/work/ozone/ozone/hadoop-ozone/integration-test/target/test-dir/MiniOzoneClusterImpl-b03496ff-6041-4009-870e-fb613b325751/datanode-1/data-0/containers/hdds
2023-09-08 11:19:20,703 [main] INFO  ozoneimpl.OzoneContainer (OzoneContainer.java:buildContainerSet(314)) - Build ContainerSet costs 0s
2023-09-08 11:19:20,709 [main] INFO  server.RaftServer (ConfUtils.java:logGet(46)) - raft.rpc.type = GRPC (default)
2023-09-08 11:19:20,709 [main] INFO  grpc.GrpcConfigKeys (ConfUtils.java:logFallback(53)) - raft.grpc.admin.host = null (fallback to raft.grpc.server.host)
2023-09-08 11:19:20,710 [main] INFO  grpc.GrpcConfigKeys (ConfUtils.java:logGet(46)) - raft.grpc.admin.port = 15128 (custom)
2023-09-08 11:19:20,710 [main] INFO  grpc.GrpcConfigKeys (ConfUtils.java:logFallback(53)) - raft.grpc.client.host = null (fallback to raft.grpc.server.host)
2023-09-08 11:19:20,710 [main] INFO  grpc.GrpcConfigKeys (ConfUtils.java:logGet(46)) - raft.grpc.client.port = 15127 (custom)
2023-09-08 11:19:20,710 [main] INFO  grpc.GrpcConfigKeys (ConfUtils.java:logGet(46)) - raft.grpc.server.host = null (default)
2023-09-08 11:19:20,710 [main] INFO  grpc.GrpcConfigKeys (ConfUtils.java:logGet(46)) - raft.grpc.server.port = 15129 (custom)
2023-09-08 11:19:20,710 [main] INFO  server.GrpcService (ConfUtils.java:logGet(46)) - raft.grpc.message.size.max = 32MB (=33554432) (custom)
2023-09-08 11:19:20,711 [main] INFO  server.RaftServerConfigKeys (ConfUtils.java:logGet(46)) - raft.server.log.appender.buffer.byte-limit = 33554432 (custom)
2023-09-08 11:19:20,711 [main] INFO  server.GrpcService (ConfUtils.java:logGet(46)) - raft.grpc.flow.control.window = 5MB (=5242880) (custom)
2023-09-08 11:19:20,711 [main] INFO  server.RaftServerConfigKeys (ConfUtils.java:logGet(46)) - raft.server.rpc.request.timeout = 60s (custom)
2023-09-08 11:19:20,712 [main] INFO  grpc.GrpcConfigKeys (ConfUtils.java:logGet(46)) - raft.grpc.server.heartbeat.channel = true (default)
2023-09-08 11:19:20,712 [main] INFO  grpc.GrpcConfigKeys (ConfUtils.java:logGet(46)) - raft.grpc.server.async.request.thread.pool.cached = true (default)
2023-09-08 11:19:20,712 [main] INFO  grpc.GrpcConfigKeys (ConfUtils.java:logGet(46)) - raft.grpc.server.async.request.thread.pool.size = 32 (default)
2023-09-08 11:19:20,717 [main] INFO  impl.DataStreamServerImpl (ConfUtils.java:logGet(46)) - raft.datastream.type = NETTY (custom)
2023-09-08 11:19:20,717 [main] INFO  server.RaftServerConfigKeys (ConfUtils.java:logGet(46)) - raft.server.data-stream.async.request.thread.pool.cached = false (default)
2023-09-08 11:19:20,717 [main] INFO  server.RaftServerConfigKeys (ConfUtils.java:logGet(46)) - raft.server.data-stream.async.request.thread.pool.size = 20 (custom)
2023-09-08 11:19:20,717 [main] INFO  server.RaftServerConfigKeys (ConfUtils.java:logGet(46)) - raft.server.data-stream.async.write.thread.pool.size = 16 (default)
2023-09-08 11:19:20,717 [main] INFO  server.RaftServerConfigKeys (ConfUtils.java:logGet(46)) - raft.server.data-stream.client.pool.size = 10 (default)
2023-09-08 11:19:20,718 [main] INFO  netty.NettyConfigKeys$DataStream (ConfUtils.java:logGet(46)) - raft.netty.dataStream.server.use-epoll = false (default)
2023-09-08 11:19:20,718 [main] INFO  netty.NettyConfigKeys$DataStream (ConfUtils.java:logGet(46)) - raft.netty.dataStream.server.boss-group.size = 0 (default)
2023-09-08 11:19:20,718 [main] INFO  netty.NettyConfigKeys$DataStream (ConfUtils.java:logGet(46)) - raft.netty.dataStream.server.worker-group.size = 0 (default)
2023-09-08 11:19:20,719 [main] INFO  netty.NettyConfigKeys$DataStream (ConfUtils.java:logGet(46)) - raft.netty.dataStream.server.tls.conf = null (default)
2023-09-08 11:19:20,720 [main] INFO  netty.NettyConfigKeys$DataStream (ConfUtils.java:logGet(46)) - raft.netty.dataStream.host = null (default)
2023-09-08 11:19:20,720 [main] INFO  netty.NettyConfigKeys$DataStream (ConfUtils.java:logGet(46)) - raft.netty.dataStream.port = 15130 (custom)
2023-09-08 11:19:20,720 [main] INFO  server.RaftServerConfigKeys (ConfUtils.java:logGet(46)) - raft.server.threadpool.proxy.cached = true (default)
2023-09-08 11:19:20,720 [main] INFO  server.RaftServerConfigKeys (ConfUtils.java:logGet(46)) - raft.server.threadpool.proxy.size = 0 (default)
2023-09-08 11:19:20,721 [03f108d1-7670-46de-a663-64a53fa7aba7-NettyServerStreamRpc-bossGroup--thread1] INFO  logging.LoggingHandler (AbstractInternalLogger.java:log(148)) - [id: 0x465602e8] REGISTERED
2023-09-08 11:19:20,722 [03f108d1-7670-46de-a663-64a53fa7aba7-NettyServerStreamRpc-bossGroup--thread1] INFO  logging.LoggingHandler (AbstractInternalLogger.java:log(148)) - [id: 0x465602e8] BIND: 0.0.0.0/0.0.0.0:15130
2023-09-08 11:19:20,722 [03f108d1-7670-46de-a663-64a53fa7aba7-NettyServerStreamRpc-bossGroup--thread1] INFO  logging.LoggingHandler (AbstractInternalLogger.java:log(148)) - [id: 0x465602e8, L:/0:0:0:0:0:0:0:0:15130] ACTIVE
2023-09-08 11:19:20,726 [main] INFO  server.RaftServerConfigKeys (ConfUtils.java:logGet(46)) - raft.server.rpc.slowness.timeout = 300s (custom)
2023-09-08 11:19:20,731 [main] INFO  server.RaftServerConfigKeys (ConfUtils.java:logGet(46)) - raft.server.leaderelection.leader.step-down.wait-time = 10s (default)
2023-09-08 11:19:20,731 [main] INFO  server.RaftServerConfigKeys (ConfUtils.java:logGet(46)) - raft.server.storage.dir = [/home/runner/work/ozone/ozone/hadoop-ozone/integration-test/target/test-dir/MiniOzoneClusterImpl-b03496ff-6041-4009-870e-fb613b325751/datanode-1/data/ratis] (custom)
2023-09-08 11:19:20,733 [03f108d1-7670-46de-a663-64a53fa7aba7-impl-thread1] INFO  server.RaftServer (RaftServerProxy.java:initGroupDir(258)) - 03f108d1-7670-46de-a663-64a53fa7aba7: found a subdirectory /home/runner/work/ozone/ozone/hadoop-ozone/integration-test/target/test-dir/MiniOzoneClusterImpl-b03496ff-6041-4009-870e-fb613b325751/datanode-1/data/ratis/tmp
2023-09-08 11:19:20,733 [03f108d1-7670-46de-a663-64a53fa7aba7-impl-thread1] INFO  server.RaftServer (RaftServerProxy.java:initGroupDir(263)) - 03f108d1-7670-46de-a663-64a53fa7aba7: The directory /home/runner/work/ozone/ozone/hadoop-ozone/integration-test/target/test-dir/MiniOzoneClusterImpl-b03496ff-6041-4009-870e-fb613b325751/datanode-1/data/ratis/tmp is not a group directory; ignoring it. 
2023-09-08 11:19:20,734 [main] INFO  replication.ReplicationServer (ReplicationServer.java:<init>(81)) - Initializing replication server with thread count = 10
2023-09-08 11:19:20,735 [main] INFO  server.XceiverServerGrpc (XceiverServerGrpc.java:<init>(132)) - GrpcServer channel type EpollServerSocketChannel
2023-09-08 11:19:20,737 [main] INFO  replication.ReplicationSupervisor (ReplicationSupervisor.java:build(155)) - Initializing replication supervisor with thread count = 10
2023-09-08 11:19:20,738 [main] INFO  replication.ReplicationSupervisor (ReplicationSupervisor.java:nodeStateUpdated(307)) - Node state updated to IN_SERVICE, scaling executor pool size to 10
2023-09-08 11:19:20,740 [main] INFO  http.BaseHttpServer (BaseHttpServer.java:newHttpServer2BuilderForOzone(223)) - Starting Web-server for hddsDatanode at: http://0.0.0.0:15124
2023-09-08 11:19:20,740 [main] INFO  http.BaseHttpServer (BaseHttpServer.java:<init>(110)) - Hadoop Security Enabled: false Ozone Security Enabled: false Ozone HTTP Security Enabled: false 
2023-09-08 11:19:20,742 [main] WARN  server.AuthenticationFilter (AuthenticationFilter.java:constructSecretProvider(240)) - Unable to initialize FileSignerSecretProvider, falling back to use random secrets. Reason: Could not read signature secret file: /home/runner/hadoop-http-auth-signature-secret
2023-09-08 11:19:20,743 [main] INFO  http.HttpRequestLog (HttpRequestLog.java:getRequestLog(86)) - Http request log for http.requests.hddsDatanode is not defined
2023-09-08 11:19:20,744 [main] INFO  http.HttpServer2 (HttpServer2.java:addGlobalFilter(1031)) - Added global filter 'safety' (class=org.apache.hadoop.hdds.server.http.HttpServer2$QuotingInputFilter)
2023-09-08 11:19:20,745 [main] INFO  http.HttpServer2 (HttpServer2.java:addFilter(1007)) - Added filter static_user_filter (class=org.apache.hadoop.http.lib.StaticUserWebFilter$StaticUserFilter) to context hddsDatanode
2023-09-08 11:19:20,745 [main] INFO  http.HttpServer2 (HttpServer2.java:addFilter(1015)) - Added filter static_user_filter (class=org.apache.hadoop.http.lib.StaticUserWebFilter$StaticUserFilter) to context logs
2023-09-08 11:19:20,745 [main] INFO  http.HttpServer2 (HttpServer2.java:addFilter(1015)) - Added filter static_user_filter (class=org.apache.hadoop.http.lib.StaticUserWebFilter$StaticUserFilter) to context static
2023-09-08 11:19:20,745 [main] INFO  http.BaseHttpServer (BaseHttpServer.java:<init>(189)) - HTTP server of hddsDatanode uses base directory /home/runner/work/ozone/ozone/hadoop-ozone/integration-test/target/test-dir/MiniOzoneClusterImpl-b03496ff-6041-4009-870e-fb613b325751/datanode-1/meta/webserver
2023-09-08 11:19:20,746 [main] INFO  http.HttpServer2 (HttpServer2.java:bindListener(1231)) - Jetty bound to port 15124
2023-09-08 11:19:20,748 [main] INFO  server.Server (Server.java:doStart(375)) - jetty-9.4.51.v20230217; built: 2023-02-17T08:19:37.309Z; git: b45c405e4544384de066f814ed42ae3dceacdd49; jvm 1.8.0_382-b05
2023-09-08 11:19:20,750 [main] INFO  server.session (DefaultSessionIdManager.java:doStart(334)) - DefaultSessionIdManager workerName=node0
2023-09-08 11:19:20,750 [main] INFO  server.session (DefaultSessionIdManager.java:doStart(339)) - No SessionScavenger set, using defaults
2023-09-08 11:19:20,750 [main] INFO  server.session (HouseKeeper.java:startScavenging(132)) - node0 Scavenging every 660000ms
2023-09-08 11:19:20,754 [main] INFO  handler.ContextHandler (ContextHandler.java:doStart(921)) - Started o.e.j.s.ServletContextHandler@443ca53a{logs,/logs,file:///home/runner/work/ozone/ozone/hadoop-ozone/integration-test/target/log,AVAILABLE}
2023-09-08 11:19:20,754 [main] INFO  handler.ContextHandler (ContextHandler.java:doStart(921)) - Started o.e.j.s.ServletContextHandler@2c76c4f{static,/static,jar:file:/home/runner/.m2/repository/org/apache/ozone/hdds-container-service/1.4.0-SNAPSHOT/hdds-container-service-1.4.0-SNAPSHOT.jar!/webapps/static,AVAILABLE}
2023-09-08 11:19:21,005 [main] INFO  handler.ContextHandler (ContextHandler.java:doStart(921)) - Started o.e.j.w.WebAppContext@6f6e50ce{hddsDatanode,/,file:///home/runner/work/ozone/ozone/hadoop-ozone/integration-test/target/test-dir/MiniOzoneClusterImpl-b03496ff-6041-4009-870e-fb613b325751/datanode-1/meta/webserver/jetty-0_0_0_0-15124-hdds-container-service-1_4_0-SNAPSHOT_jar-_-any-7921129405730238434/webapp/,AVAILABLE}{jar:file:/home/runner/.m2/repository/org/apache/ozone/hdds-container-service/1.4.0-SNAPSHOT/hdds-container-service-1.4.0-SNAPSHOT.jar!/webapps/hddsDatanode}
2023-09-08 11:19:21,007 [main] INFO  server.AbstractConnector (AbstractConnector.java:doStart(333)) - Started ServerConnector@3454f039{HTTP/1.1, (http/1.1)}{0.0.0.0:15124}
2023-09-08 11:19:21,007 [main] INFO  server.Server (Server.java:doStart(415)) - Started @191789ms
2023-09-08 11:19:21,007 [main] WARN  impl.MetricsSystemImpl (MetricsSystemImpl.java:register(279)) - Sink prometheus already exists!
2023-09-08 11:19:21,008 [main] INFO  http.BaseHttpServer (BaseHttpServer.java:updateConnectorAddress(354)) - HTTP server of hddsDatanode listening at http://0.0.0.0:15124
2023-09-08 11:19:21,008 [main] INFO  ipc.CallQueueManager (CallQueueManager.java:<init>(90)) - Using callQueue: class java.util.concurrent.LinkedBlockingQueue, queueCapacity: 100, scheduler: class org.apache.hadoop.ipc.DefaultRpcScheduler, ipcBackoff: false.
2023-09-08 11:19:21,009 [main] INFO  ipc.Server (Server.java:<init>(1287)) - Listener at 0.0.0.0:15125
2023-09-08 11:19:21,009 [Socket Reader #1 for port 15125] INFO  ipc.Server (Server.java:run(1323)) - Starting Socket Reader #1 for port 15125
2023-09-08 11:19:21,017 [main] INFO  ozone.HddsDatanodeService (HddsDatanodeService.java:start(315)) - Datanode start with admins: [runner]
2023-09-08 11:19:21,017 [main] INFO  ozone.HddsDatanodeClientProtocolServer (HddsDatanodeClientProtocolServer.java:start(72)) - RPC server for Client /0.0.0.0:15125
2023-09-08 11:19:21,025 [IPC Server Responder] INFO  ipc.Server (Server.java:run(1562)) - IPC Server Responder: starting
2023-09-08 11:19:21,025 [IPC Server listener on 15125] INFO  ipc.Server (Server.java:run(1402)) - IPC Server listener on 15125: starting
2023-09-08 11:19:21,026 [Datanode State Machine Daemon Thread] INFO  statemachine.DatanodeStateMachine (DatanodeStateMachine.java:lambda$startDaemon$0(538)) - Ozone container server started.
2023-09-08 11:19:21,026 [main] WARN  impl.MetricRegistriesImpl (MetricRegistriesImpl.java:addReporterRegistration(111)) - New reporters are added after registries were created. Some metrics will be missing from the reporter. Please add reporter before adding any new registry.
2023-09-08 11:19:21,026 [main] WARN  impl.MetricRegistriesImpl (MetricRegistriesImpl.java:addReporterRegistration(111)) - New reporters are added after registries were created. Some metrics will be missing from the reporter. Please add reporter before adding any new registry.
2023-09-08 11:19:21,026 [main] INFO  impl.MetricsSystemImpl (MetricsSystemImpl.java:init(158)) - HddsDatanode metrics system started (again)
2023-09-08 11:19:21,052 [main] INFO  ozone.HddsDatanodeService (HddsDatanodeService.java:start(237)) - HddsDatanodeService host:fv-az203-160.hq41me5fykbulac445kfrvsskg.dx.internal.cloudapp.net ip:10.1.0.72
2023-09-08 11:19:21,064 [Datanode State Machine Task Thread - 0] INFO  datanode.InitDatanodeState (InitDatanodeState.java:persistContainerDatanodeDetails(138)) - DatanodeDetails is persisted to /home/runner/work/ozone/ozone/hadoop-ozone/integration-test/target/test-dir/MiniOzoneClusterImpl-b03496ff-6041-4009-870e-fb613b325751/datanode-1/meta/datanode.id
2023-09-08 11:19:21,097 [main] INFO  upgrade.AbstractLayoutVersionManager (AbstractLayoutVersionManager.java:init(83)) - Initializing Layout version manager with metadata layout = HADOOP_PRC_PORTS_IN_DATANODEDETAILS (version = 7), software layout = HADOOP_PRC_PORTS_IN_DATANODEDETAILS (version = 7)
2023-09-08 11:19:21,106 [main] INFO  statemachine.DatanodeStateMachine (DatanodeStateMachine.java:getEndPointTaskThreadPoolSize(282)) - Datanode State Machine Task Thread Pool size 2
2023-09-08 11:19:21,109 [main] INFO  volume.HddsVolume (HddsVolume.java:<init>(126)) - Creating HddsVolume: /home/runner/work/ozone/ozone/hadoop-ozone/integration-test/target/test-dir/MiniOzoneClusterImpl-b03496ff-6041-4009-870e-fb613b325751/datanode-2/data-0/containers/hdds of storage type : DISK capacity : 9223372036854775807
2023-09-08 11:19:21,109 [main] INFO  volume.MutableVolumeSet (MutableVolumeSet.java:initializeVolumeSet(173)) - Added Volume : /home/runner/work/ozone/ozone/hadoop-ozone/integration-test/target/test-dir/MiniOzoneClusterImpl-b03496ff-6041-4009-870e-fb613b325751/datanode-2/data-0/containers/hdds to VolumeSet
2023-09-08 11:19:21,110 [main] INFO  volume.MutableVolumeSet (MutableVolumeSet.java:initializeVolumeSet(173)) - Added Volume : /home/runner/work/ozone/ozone/hadoop-ozone/integration-test/target/test-dir/MiniOzoneClusterImpl-b03496ff-6041-4009-870e-fb613b325751/datanode-2/data/ratis to VolumeSet
2023-09-08 11:19:21,112 [Thread-1365] INFO  ozoneimpl.ContainerReader (ContainerReader.java:readVolume(177)) - Finish verifying containers on volume /home/runner/work/ozone/ozone/hadoop-ozone/integration-test/target/test-dir/MiniOzoneClusterImpl-b03496ff-6041-4009-870e-fb613b325751/datanode-2/data-0/containers/hdds
2023-09-08 11:19:21,112 [main] INFO  ozoneimpl.OzoneContainer (OzoneContainer.java:buildContainerSet(314)) - Build ContainerSet costs 0s
2023-09-08 11:19:21,115 [main] INFO  server.RaftServer (ConfUtils.java:logGet(46)) - raft.rpc.type = GRPC (default)
2023-09-08 11:19:21,116 [main] INFO  grpc.GrpcConfigKeys (ConfUtils.java:logFallback(53)) - raft.grpc.admin.host = null (fallback to raft.grpc.server.host)
2023-09-08 11:19:21,116 [main] INFO  grpc.GrpcConfigKeys (ConfUtils.java:logGet(46)) - raft.grpc.admin.port = 15137 (custom)
2023-09-08 11:19:21,116 [main] INFO  grpc.GrpcConfigKeys (ConfUtils.java:logFallback(53)) - raft.grpc.client.host = null (fallback to raft.grpc.server.host)
2023-09-08 11:19:21,116 [main] INFO  grpc.GrpcConfigKeys (ConfUtils.java:logGet(46)) - raft.grpc.client.port = 15136 (custom)
2023-09-08 11:19:21,116 [main] INFO  grpc.GrpcConfigKeys (ConfUtils.java:logGet(46)) - raft.grpc.server.host = null (default)
2023-09-08 11:19:21,116 [main] INFO  grpc.GrpcConfigKeys (ConfUtils.java:logGet(46)) - raft.grpc.server.port = 15138 (custom)
2023-09-08 11:19:21,117 [main] INFO  server.GrpcService (ConfUtils.java:logGet(46)) - raft.grpc.message.size.max = 32MB (=33554432) (custom)
2023-09-08 11:19:21,117 [main] INFO  server.RaftServerConfigKeys (ConfUtils.java:logGet(46)) - raft.server.log.appender.buffer.byte-limit = 33554432 (custom)
2023-09-08 11:19:21,117 [main] INFO  server.GrpcService (ConfUtils.java:logGet(46)) - raft.grpc.flow.control.window = 5MB (=5242880) (custom)
2023-09-08 11:19:21,117 [main] INFO  server.RaftServerConfigKeys (ConfUtils.java:logGet(46)) - raft.server.rpc.request.timeout = 60s (custom)
2023-09-08 11:19:21,117 [main] INFO  grpc.GrpcConfigKeys (ConfUtils.java:logGet(46)) - raft.grpc.server.heartbeat.channel = true (default)
2023-09-08 11:19:21,117 [main] INFO  grpc.GrpcConfigKeys (ConfUtils.java:logGet(46)) - raft.grpc.server.async.request.thread.pool.cached = true (default)
2023-09-08 11:19:21,117 [main] INFO  grpc.GrpcConfigKeys (ConfUtils.java:logGet(46)) - raft.grpc.server.async.request.thread.pool.size = 32 (default)
2023-09-08 11:19:21,120 [main] INFO  impl.DataStreamServerImpl (ConfUtils.java:logGet(46)) - raft.datastream.type = NETTY (custom)
2023-09-08 11:19:21,120 [main] INFO  server.RaftServerConfigKeys (ConfUtils.java:logGet(46)) - raft.server.data-stream.async.request.thread.pool.cached = false (default)
2023-09-08 11:19:21,121 [main] INFO  server.RaftServerConfigKeys (ConfUtils.java:logGet(46)) - raft.server.data-stream.async.request.thread.pool.size = 20 (custom)
2023-09-08 11:19:21,121 [main] INFO  server.RaftServerConfigKeys (ConfUtils.java:logGet(46)) - raft.server.data-stream.async.write.thread.pool.size = 16 (default)
2023-09-08 11:19:21,121 [main] INFO  server.RaftServerConfigKeys (ConfUtils.java:logGet(46)) - raft.server.data-stream.client.pool.size = 10 (default)
2023-09-08 11:19:21,121 [main] INFO  netty.NettyConfigKeys$DataStream (ConfUtils.java:logGet(46)) - raft.netty.dataStream.server.use-epoll = false (default)
2023-09-08 11:19:21,121 [main] INFO  netty.NettyConfigKeys$DataStream (ConfUtils.java:logGet(46)) - raft.netty.dataStream.server.boss-group.size = 0 (default)
2023-09-08 11:19:21,122 [main] INFO  netty.NettyConfigKeys$DataStream (ConfUtils.java:logGet(46)) - raft.netty.dataStream.server.worker-group.size = 0 (default)
2023-09-08 11:19:21,122 [main] INFO  netty.NettyConfigKeys$DataStream (ConfUtils.java:logGet(46)) - raft.netty.dataStream.server.tls.conf = null (default)
2023-09-08 11:19:21,122 [main] INFO  netty.NettyConfigKeys$DataStream (ConfUtils.java:logGet(46)) - raft.netty.dataStream.host = null (default)
2023-09-08 11:19:21,122 [main] INFO  netty.NettyConfigKeys$DataStream (ConfUtils.java:logGet(46)) - raft.netty.dataStream.port = 15139 (custom)
2023-09-08 11:19:21,123 [main] INFO  server.RaftServerConfigKeys (ConfUtils.java:logGet(46)) - raft.server.threadpool.proxy.cached = true (default)
2023-09-08 11:19:21,123 [main] INFO  server.RaftServerConfigKeys (ConfUtils.java:logGet(46)) - raft.server.threadpool.proxy.size = 0 (default)
2023-09-08 11:19:21,123 [main] INFO  server.RaftServerConfigKeys (ConfUtils.java:logGet(46)) - raft.server.rpc.slowness.timeout = 300s (custom)
2023-09-08 11:19:21,123 [main] INFO  server.RaftServerConfigKeys (ConfUtils.java:logGet(46)) - raft.server.leaderelection.leader.step-down.wait-time = 10s (default)
2023-09-08 11:19:21,123 [main] INFO  server.RaftServerConfigKeys (ConfUtils.java:logGet(46)) - raft.server.storage.dir = [/home/runner/work/ozone/ozone/hadoop-ozone/integration-test/target/test-dir/MiniOzoneClusterImpl-b03496ff-6041-4009-870e-fb613b325751/datanode-2/data/ratis] (custom)
2023-09-08 11:19:21,124 [86b604ca-d593-47c1-a869-330a99737efc-NettyServerStreamRpc-bossGroup--thread1] INFO  logging.LoggingHandler (AbstractInternalLogger.java:log(148)) - [id: 0x7dbd08a8] REGISTERED
2023-09-08 11:19:21,124 [86b604ca-d593-47c1-a869-330a99737efc-NettyServerStreamRpc-bossGroup--thread1] INFO  logging.LoggingHandler (AbstractInternalLogger.java:log(148)) - [id: 0x7dbd08a8] BIND: 0.0.0.0/0.0.0.0:15139
2023-09-08 11:19:21,124 [86b604ca-d593-47c1-a869-330a99737efc-NettyServerStreamRpc-bossGroup--thread1] INFO  logging.LoggingHandler (AbstractInternalLogger.java:log(148)) - [id: 0x7dbd08a8, L:/0:0:0:0:0:0:0:0:15139] ACTIVE
2023-09-08 11:19:21,126 [86b604ca-d593-47c1-a869-330a99737efc-impl-thread1] INFO  server.RaftServer (RaftServerProxy.java:initGroupDir(258)) - 86b604ca-d593-47c1-a869-330a99737efc: found a subdirectory /home/runner/work/ozone/ozone/hadoop-ozone/integration-test/target/test-dir/MiniOzoneClusterImpl-b03496ff-6041-4009-870e-fb613b325751/datanode-2/data/ratis/tmp
2023-09-08 11:19:21,126 [86b604ca-d593-47c1-a869-330a99737efc-impl-thread1] INFO  server.RaftServer (RaftServerProxy.java:initGroupDir(263)) - 86b604ca-d593-47c1-a869-330a99737efc: The directory /home/runner/work/ozone/ozone/hadoop-ozone/integration-test/target/test-dir/MiniOzoneClusterImpl-b03496ff-6041-4009-870e-fb613b325751/datanode-2/data/ratis/tmp is not a group directory; ignoring it. 
2023-09-08 11:19:21,127 [main] INFO  replication.ReplicationServer (ReplicationServer.java:<init>(81)) - Initializing replication server with thread count = 10
2023-09-08 11:19:21,129 [main] INFO  server.XceiverServerGrpc (XceiverServerGrpc.java:<init>(132)) - GrpcServer channel type EpollServerSocketChannel
2023-09-08 11:19:21,131 [main] INFO  replication.ReplicationSupervisor (ReplicationSupervisor.java:build(155)) - Initializing replication supervisor with thread count = 10
2023-09-08 11:19:21,132 [main] INFO  replication.ReplicationSupervisor (ReplicationSupervisor.java:nodeStateUpdated(307)) - Node state updated to IN_SERVICE, scaling executor pool size to 10
2023-09-08 11:19:21,134 [main] INFO  http.BaseHttpServer (BaseHttpServer.java:newHttpServer2BuilderForOzone(223)) - Starting Web-server for hddsDatanode at: http://0.0.0.0:15133
2023-09-08 11:19:21,134 [main] INFO  http.BaseHttpServer (BaseHttpServer.java:<init>(110)) - Hadoop Security Enabled: false Ozone Security Enabled: false Ozone HTTP Security Enabled: false 
2023-09-08 11:19:21,135 [main] WARN  server.AuthenticationFilter (AuthenticationFilter.java:constructSecretProvider(240)) - Unable to initialize FileSignerSecretProvider, falling back to use random secrets. Reason: Could not read signature secret file: /home/runner/hadoop-http-auth-signature-secret
2023-09-08 11:19:21,136 [main] INFO  http.HttpRequestLog (HttpRequestLog.java:getRequestLog(86)) - Http request log for http.requests.hddsDatanode is not defined
2023-09-08 11:19:21,137 [main] INFO  http.HttpServer2 (HttpServer2.java:addGlobalFilter(1031)) - Added global filter 'safety' (class=org.apache.hadoop.hdds.server.http.HttpServer2$QuotingInputFilter)
2023-09-08 11:19:21,138 [main] INFO  http.HttpServer2 (HttpServer2.java:addFilter(1007)) - Added filter static_user_filter (class=org.apache.hadoop.http.lib.StaticUserWebFilter$StaticUserFilter) to context hddsDatanode
2023-09-08 11:19:21,138 [main] INFO  http.HttpServer2 (HttpServer2.java:addFilter(1015)) - Added filter static_user_filter (class=org.apache.hadoop.http.lib.StaticUserWebFilter$StaticUserFilter) to context logs
2023-09-08 11:19:21,138 [main] INFO  http.HttpServer2 (HttpServer2.java:addFilter(1015)) - Added filter static_user_filter (class=org.apache.hadoop.http.lib.StaticUserWebFilter$StaticUserFilter) to context static
2023-09-08 11:19:21,139 [main] INFO  http.BaseHttpServer (BaseHttpServer.java:<init>(189)) - HTTP server of hddsDatanode uses base directory /home/runner/work/ozone/ozone/hadoop-ozone/integration-test/target/test-dir/MiniOzoneClusterImpl-b03496ff-6041-4009-870e-fb613b325751/datanode-2/meta/webserver
2023-09-08 11:19:21,139 [main] INFO  http.HttpServer2 (HttpServer2.java:bindListener(1231)) - Jetty bound to port 15133
2023-09-08 11:19:21,139 [main] INFO  server.Server (Server.java:doStart(375)) - jetty-9.4.51.v20230217; built: 2023-02-17T08:19:37.309Z; git: b45c405e4544384de066f814ed42ae3dceacdd49; jvm 1.8.0_382-b05
2023-09-08 11:19:21,141 [main] INFO  server.session (DefaultSessionIdManager.java:doStart(334)) - DefaultSessionIdManager workerName=node0
2023-09-08 11:19:21,142 [main] INFO  server.session (DefaultSessionIdManager.java:doStart(339)) - No SessionScavenger set, using defaults
2023-09-08 11:19:21,142 [main] INFO  server.session (HouseKeeper.java:startScavenging(132)) - node0 Scavenging every 660000ms
2023-09-08 11:19:21,146 [main] INFO  handler.ContextHandler (ContextHandler.java:doStart(921)) - Started o.e.j.s.ServletContextHandler@70509f26{logs,/logs,file:///home/runner/work/ozone/ozone/hadoop-ozone/integration-test/target/log,AVAILABLE}
2023-09-08 11:19:21,147 [main] INFO  handler.ContextHandler (ContextHandler.java:doStart(921)) - Started o.e.j.s.ServletContextHandler@1799d41f{static,/static,jar:file:/home/runner/.m2/repository/org/apache/ozone/hdds-container-service/1.4.0-SNAPSHOT/hdds-container-service-1.4.0-SNAPSHOT.jar!/webapps/static,AVAILABLE}
2023-09-08 11:19:21,369 [om1@group-C5BA1605619E-FollowerState] INFO  impl.FollowerState (FollowerState.java:run(143)) - om1@group-C5BA1605619E-FollowerState: change to CANDIDATE, lastRpcElapsedTime:1148881360ns, electionTimeout:1147ms
2023-09-08 11:19:21,369 [om1@group-C5BA1605619E-FollowerState] INFO  impl.RoleInfo (RoleInfo.java:shutdownFollowerState(110)) - om1: shutdown om1@group-C5BA1605619E-FollowerState
2023-09-08 11:19:21,369 [om1@group-C5BA1605619E-FollowerState] INFO  server.RaftServer$Division (RaftServerImpl.java:setRole(329)) - om1@group-C5BA1605619E: changes role from  FOLLOWER to CANDIDATE at term 0 for changeToCandidate
2023-09-08 11:19:21,369 [om1@group-C5BA1605619E-FollowerState] INFO  server.RaftServerConfigKeys (ConfUtils.java:logGet(46)) - raft.server.leaderelection.pre-vote = true (default)
2023-09-08 11:19:21,369 [om1@group-C5BA1605619E-FollowerState] INFO  impl.RoleInfo (RoleInfo.java:updateAndGet(139)) - om1: start om1@group-C5BA1605619E-LeaderElection20
2023-09-08 11:19:21,373 [om1@group-C5BA1605619E-LeaderElection20] INFO  impl.LeaderElection (LeaderElection.java:askForVotes(321)) - om1@group-C5BA1605619E-LeaderElection20 PRE_VOTE round 0: submit vote requests at term 0 for -1: peers:[om1|rpc:localhost:15113|priority:0|startupRole:FOLLOWER]|listeners:[], old=null
2023-09-08 11:19:21,374 [om1@group-C5BA1605619E-LeaderElection20] INFO  impl.LeaderElection (LeaderElection.java:askForVotes(323)) - om1@group-C5BA1605619E-LeaderElection20 PRE_VOTE round 0: result PASSED (term=0)
2023-09-08 11:19:21,376 [om1@group-C5BA1605619E-LeaderElection20] INFO  impl.LeaderElection (LeaderElection.java:askForVotes(321)) - om1@group-C5BA1605619E-LeaderElection20 ELECTION round 0: submit vote requests at term 1 for -1: peers:[om1|rpc:localhost:15113|priority:0|startupRole:FOLLOWER]|listeners:[], old=null
2023-09-08 11:19:21,376 [om1@group-C5BA1605619E-LeaderElection20] INFO  impl.LeaderElection (LeaderElection.java:askForVotes(323)) - om1@group-C5BA1605619E-LeaderElection20 ELECTION round 0: result PASSED (term=1)
2023-09-08 11:19:21,376 [om1@group-C5BA1605619E-LeaderElection20] INFO  impl.RoleInfo (RoleInfo.java:shutdownLeaderElection(130)) - om1: shutdown om1@group-C5BA1605619E-LeaderElection20
2023-09-08 11:19:21,376 [om1@group-C5BA1605619E-LeaderElection20] INFO  server.RaftServer$Division (RaftServerImpl.java:setRole(329)) - om1@group-C5BA1605619E: changes role from CANDIDATE to LEADER at term 1 for changeToLeader
2023-09-08 11:19:21,377 [om1@group-C5BA1605619E-LeaderElection20] INFO  server.RaftServer$Division (ServerState.java:setLeader(317)) - om1@group-C5BA1605619E: change Leader from null to om1 at term 1 for becomeLeader, leader elected after 1917ms
2023-09-08 11:19:21,377 [om1@group-C5BA1605619E-LeaderElection20] INFO  server.RaftServerConfigKeys (ConfUtils.java:logGet(46)) - raft.server.staging.catchup.gap = 1000 (default)
2023-09-08 11:19:21,377 [om1@group-C5BA1605619E-LeaderElection20] INFO  server.RaftServerConfigKeys (ConfUtils.java:logGet(46)) - raft.server.write.element-limit = 4096 (default)
2023-09-08 11:19:21,377 [om1@group-C5BA1605619E-LeaderElection20] INFO  server.RaftServerConfigKeys (ConfUtils.java:logGet(46)) - raft.server.write.byte-limit = 64MB (=67108864) (default)
2023-09-08 11:19:21,377 [om1@group-C5BA1605619E-LeaderElection20] INFO  server.RaftServerConfigKeys (ConfUtils.java:logGet(46)) - raft.server.watch.timeout = 10s (default)
2023-09-08 11:19:21,377 [om1@group-C5BA1605619E-LeaderElection20] INFO  server.RaftServerConfigKeys (ConfUtils.java:logGet(46)) - raft.server.watch.timeout.denomination = 1s (default)
2023-09-08 11:19:21,377 [om1@group-C5BA1605619E-LeaderElection20] INFO  server.RaftServerConfigKeys (ConfUtils.java:logGet(46)) - raft.server.watch.element-limit = 65536 (default)
2023-09-08 11:19:21,377 [om1@group-C5BA1605619E-LeaderElection20] INFO  server.RaftServerConfigKeys (ConfUtils.java:logGet(46)) - raft.server.write.element-limit = 4096 (default)
2023-09-08 11:19:21,377 [om1@group-C5BA1605619E-LeaderElection20] INFO  server.RaftServerConfigKeys (ConfUtils.java:logGet(46)) - raft.server.write.follower.gap.ratio.max = -1.0 (default)
2023-09-08 11:19:21,378 [om1@group-C5BA1605619E-LeaderElection20] INFO  impl.RoleInfo (RoleInfo.java:updateAndGet(139)) - om1: start om1@group-C5BA1605619E-LeaderStateImpl
2023-09-08 11:19:21,378 [om1@group-C5BA1605619E-LeaderElection20] INFO  segmented.SegmentedRaftLogWorker (SegmentedRaftLogWorker.java:startLogSegment(447)) - om1@group-C5BA1605619E-SegmentedRaftLogWorker: Starting segment from index:0
2023-09-08 11:19:21,384 [om1@group-C5BA1605619E-LeaderElection20] INFO  server.RaftServer$Division (ServerState.java:setRaftConf(434)) - om1@group-C5BA1605619E: set configuration 0: peers:[om1|rpc:localhost:15113|admin:|client:|dataStream:|priority:0|startupRole:FOLLOWER]|listeners:[], old=null
2023-09-08 11:19:21,393 [om1@group-C5BA1605619E-SegmentedRaftLogWorker] INFO  segmented.SegmentedRaftLogWorker (SegmentedRaftLogWorker.java:execute(651)) - om1@group-C5BA1605619E-SegmentedRaftLogWorker: created new log segment /home/runner/work/ozone/ozone/hadoop-ozone/integration-test/target/test-dir/MiniOzoneClusterImpl-b03496ff-6041-4009-870e-fb613b325751/ozone-meta/ratis/bf265839-605b-3f16-9796-c5ba1605619e/current/log_inprogress_0
2023-09-08 11:19:21,395 [main] INFO  handler.ContextHandler (ContextHandler.java:doStart(921)) - Started o.e.j.w.WebAppContext@1d3a324c{hddsDatanode,/,file:///home/runner/work/ozone/ozone/hadoop-ozone/integration-test/target/test-dir/MiniOzoneClusterImpl-b03496ff-6041-4009-870e-fb613b325751/datanode-2/meta/webserver/jetty-0_0_0_0-15133-hdds-container-service-1_4_0-SNAPSHOT_jar-_-any-3692602672872320425/webapp/,AVAILABLE}{jar:file:/home/runner/.m2/repository/org/apache/ozone/hdds-container-service/1.4.0-SNAPSHOT/hdds-container-service-1.4.0-SNAPSHOT.jar!/webapps/hddsDatanode}
2023-09-08 11:19:21,397 [main] INFO  server.AbstractConnector (AbstractConnector.java:doStart(333)) - Started ServerConnector@2012d857{HTTP/1.1, (http/1.1)}{0.0.0.0:15133}
2023-09-08 11:19:21,397 [main] INFO  server.Server (Server.java:doStart(415)) - Started @192179ms
2023-09-08 11:19:21,397 [main] WARN  impl.MetricsSystemImpl (MetricsSystemImpl.java:register(279)) - Sink prometheus already exists!
2023-09-08 11:19:21,398 [main] INFO  http.BaseHttpServer (BaseHttpServer.java:updateConnectorAddress(354)) - HTTP server of hddsDatanode listening at http://0.0.0.0:15133
2023-09-08 11:19:21,398 [main] INFO  ipc.CallQueueManager (CallQueueManager.java:<init>(90)) - Using callQueue: class java.util.concurrent.LinkedBlockingQueue, queueCapacity: 100, scheduler: class org.apache.hadoop.ipc.DefaultRpcScheduler, ipcBackoff: false.
2023-09-08 11:19:21,398 [main] INFO  ipc.Server (Server.java:<init>(1287)) - Listener at 0.0.0.0:15134
2023-09-08 11:19:21,399 [om1@group-C5BA1605619E-StateMachineUpdater] INFO  ratis.OzoneManagerStateMachine (OzoneManagerStateMachine.java:notifyConfigurationChanged(202)) - Received Configuration change notification from Ratis. New Peer list:
[id: "om1"
address: "localhost:15113"
startupRole: FOLLOWER
]
2023-09-08 11:19:21,400 [Socket Reader #1 for port 15134] INFO  ipc.Server (Server.java:run(1323)) - Starting Socket Reader #1 for port 15134
2023-09-08 11:19:21,402 [main] INFO  ozone.HddsDatanodeService (HddsDatanodeService.java:start(315)) - Datanode start with admins: [runner]
2023-09-08 11:19:21,402 [main] INFO  ozone.HddsDatanodeClientProtocolServer (HddsDatanodeClientProtocolServer.java:start(72)) - RPC server for Client /0.0.0.0:15134
2023-09-08 11:19:21,403 [IPC Server Responder] INFO  ipc.Server (Server.java:run(1562)) - IPC Server Responder: starting
2023-09-08 11:19:21,403 [Datanode State Machine Daemon Thread] INFO  statemachine.DatanodeStateMachine (DatanodeStateMachine.java:lambda$startDaemon$0(538)) - Ozone container server started.
2023-09-08 11:19:21,403 [main] WARN  impl.MetricRegistriesImpl (MetricRegistriesImpl.java:addReporterRegistration(111)) - New reporters are added after registries were created. Some metrics will be missing from the reporter. Please add reporter before adding any new registry.
2023-09-08 11:19:21,403 [main] WARN  impl.MetricRegistriesImpl (MetricRegistriesImpl.java:addReporterRegistration(111)) - New reporters are added after registries were created. Some metrics will be missing from the reporter. Please add reporter before adding any new registry.
2023-09-08 11:19:21,403 [main] INFO  impl.MetricsSystemImpl (MetricsSystemImpl.java:init(158)) - HddsDatanode metrics system started (again)
2023-09-08 11:19:21,409 [IPC Server listener on 15134] INFO  ipc.Server (Server.java:run(1402)) - IPC Server listener on 15134: starting
2023-09-08 11:19:21,417 [Datanode State Machine Task Thread - 0] INFO  datanode.InitDatanodeState (InitDatanodeState.java:persistContainerDatanodeDetails(138)) - DatanodeDetails is persisted to /home/runner/work/ozone/ozone/hadoop-ozone/integration-test/target/test-dir/MiniOzoneClusterImpl-b03496ff-6041-4009-870e-fb613b325751/datanode-2/meta/datanode.id
2023-09-08 11:19:21,423 [main] INFO  ozone.HddsDatanodeService (HddsDatanodeService.java:start(237)) - HddsDatanodeService host:fv-az203-160.hq41me5fykbulac445kfrvsskg.dx.internal.cloudapp.net ip:10.1.0.72
2023-09-08 11:19:21,446 [main] INFO  upgrade.AbstractLayoutVersionManager (AbstractLayoutVersionManager.java:init(83)) - Initializing Layout version manager with metadata layout = HADOOP_PRC_PORTS_IN_DATANODEDETAILS (version = 7), software layout = HADOOP_PRC_PORTS_IN_DATANODEDETAILS (version = 7)
2023-09-08 11:19:21,446 [main] INFO  statemachine.DatanodeStateMachine (DatanodeStateMachine.java:getEndPointTaskThreadPoolSize(282)) - Datanode State Machine Task Thread Pool size 2
2023-09-08 11:19:21,449 [main] INFO  volume.HddsVolume (HddsVolume.java:<init>(126)) - Creating HddsVolume: /home/runner/work/ozone/ozone/hadoop-ozone/integration-test/target/test-dir/MiniOzoneClusterImpl-b03496ff-6041-4009-870e-fb613b325751/datanode-3/data-0/containers/hdds of storage type : DISK capacity : 9223372036854775807
2023-09-08 11:19:21,450 [main] INFO  volume.MutableVolumeSet (MutableVolumeSet.java:initializeVolumeSet(173)) - Added Volume : /home/runner/work/ozone/ozone/hadoop-ozone/integration-test/target/test-dir/MiniOzoneClusterImpl-b03496ff-6041-4009-870e-fb613b325751/datanode-3/data-0/containers/hdds to VolumeSet
2023-09-08 11:19:21,452 [main] INFO  volume.MutableVolumeSet (MutableVolumeSet.java:initializeVolumeSet(173)) - Added Volume : /home/runner/work/ozone/ozone/hadoop-ozone/integration-test/target/test-dir/MiniOzoneClusterImpl-b03496ff-6041-4009-870e-fb613b325751/datanode-3/data/ratis to VolumeSet
2023-09-08 11:19:21,453 [Thread-1384] INFO  ozoneimpl.ContainerReader (ContainerReader.java:readVolume(177)) - Finish verifying containers on volume /home/runner/work/ozone/ozone/hadoop-ozone/integration-test/target/test-dir/MiniOzoneClusterImpl-b03496ff-6041-4009-870e-fb613b325751/datanode-3/data-0/containers/hdds
2023-09-08 11:19:21,453 [main] INFO  ozoneimpl.OzoneContainer (OzoneContainer.java:buildContainerSet(314)) - Build ContainerSet costs 0s
2023-09-08 11:19:21,456 [main] INFO  server.RaftServer (ConfUtils.java:logGet(46)) - raft.rpc.type = GRPC (default)
2023-09-08 11:19:21,456 [main] INFO  grpc.GrpcConfigKeys (ConfUtils.java:logFallback(53)) - raft.grpc.admin.host = null (fallback to raft.grpc.server.host)
2023-09-08 11:19:21,457 [main] INFO  grpc.GrpcConfigKeys (ConfUtils.java:logGet(46)) - raft.grpc.admin.port = 15146 (custom)
2023-09-08 11:19:21,457 [main] INFO  grpc.GrpcConfigKeys (ConfUtils.java:logFallback(53)) - raft.grpc.client.host = null (fallback to raft.grpc.server.host)
2023-09-08 11:19:21,457 [main] INFO  grpc.GrpcConfigKeys (ConfUtils.java:logGet(46)) - raft.grpc.client.port = 15145 (custom)
2023-09-08 11:19:21,457 [main] INFO  grpc.GrpcConfigKeys (ConfUtils.java:logGet(46)) - raft.grpc.server.host = null (default)
2023-09-08 11:19:21,457 [main] INFO  grpc.GrpcConfigKeys (ConfUtils.java:logGet(46)) - raft.grpc.server.port = 15147 (custom)
2023-09-08 11:19:21,457 [main] INFO  server.GrpcService (ConfUtils.java:logGet(46)) - raft.grpc.message.size.max = 32MB (=33554432) (custom)
2023-09-08 11:19:21,457 [main] INFO  server.RaftServerConfigKeys (ConfUtils.java:logGet(46)) - raft.server.log.appender.buffer.byte-limit = 33554432 (custom)
2023-09-08 11:19:21,457 [main] INFO  server.GrpcService (ConfUtils.java:logGet(46)) - raft.grpc.flow.control.window = 5MB (=5242880) (custom)
2023-09-08 11:19:21,457 [main] INFO  server.RaftServerConfigKeys (ConfUtils.java:logGet(46)) - raft.server.rpc.request.timeout = 60s (custom)
2023-09-08 11:19:21,458 [main] INFO  grpc.GrpcConfigKeys (ConfUtils.java:logGet(46)) - raft.grpc.server.heartbeat.channel = true (default)
2023-09-08 11:19:21,458 [main] INFO  grpc.GrpcConfigKeys (ConfUtils.java:logGet(46)) - raft.grpc.server.async.request.thread.pool.cached = true (default)
2023-09-08 11:19:21,458 [main] INFO  grpc.GrpcConfigKeys (ConfUtils.java:logGet(46)) - raft.grpc.server.async.request.thread.pool.size = 32 (default)
2023-09-08 11:19:21,462 [main] INFO  impl.DataStreamServerImpl (ConfUtils.java:logGet(46)) - raft.datastream.type = NETTY (custom)
2023-09-08 11:19:21,462 [main] INFO  server.RaftServerConfigKeys (ConfUtils.java:logGet(46)) - raft.server.data-stream.async.request.thread.pool.cached = false (default)
2023-09-08 11:19:21,463 [main] INFO  server.RaftServerConfigKeys (ConfUtils.java:logGet(46)) - raft.server.data-stream.async.request.thread.pool.size = 20 (custom)
2023-09-08 11:19:21,463 [main] INFO  server.RaftServerConfigKeys (ConfUtils.java:logGet(46)) - raft.server.data-stream.async.write.thread.pool.size = 16 (default)
2023-09-08 11:19:21,463 [main] INFO  server.RaftServerConfigKeys (ConfUtils.java:logGet(46)) - raft.server.data-stream.client.pool.size = 10 (default)
2023-09-08 11:19:21,463 [main] INFO  netty.NettyConfigKeys$DataStream (ConfUtils.java:logGet(46)) - raft.netty.dataStream.server.use-epoll = false (default)
2023-09-08 11:19:21,463 [main] INFO  netty.NettyConfigKeys$DataStream (ConfUtils.java:logGet(46)) - raft.netty.dataStream.server.boss-group.size = 0 (default)
2023-09-08 11:19:21,464 [main] INFO  netty.NettyConfigKeys$DataStream (ConfUtils.java:logGet(46)) - raft.netty.dataStream.server.worker-group.size = 0 (default)
2023-09-08 11:19:21,464 [main] INFO  netty.NettyConfigKeys$DataStream (ConfUtils.java:logGet(46)) - raft.netty.dataStream.server.tls.conf = null (default)
2023-09-08 11:19:21,464 [main] INFO  netty.NettyConfigKeys$DataStream (ConfUtils.java:logGet(46)) - raft.netty.dataStream.host = null (default)
2023-09-08 11:19:21,464 [main] INFO  netty.NettyConfigKeys$DataStream (ConfUtils.java:logGet(46)) - raft.netty.dataStream.port = 15148 (custom)
2023-09-08 11:19:21,465 [main] INFO  server.RaftServerConfigKeys (ConfUtils.java:logGet(46)) - raft.server.threadpool.proxy.cached = true (default)
2023-09-08 11:19:21,465 [main] INFO  server.RaftServerConfigKeys (ConfUtils.java:logGet(46)) - raft.server.threadpool.proxy.size = 0 (default)
2023-09-08 11:19:21,465 [main] INFO  server.RaftServerConfigKeys (ConfUtils.java:logGet(46)) - raft.server.rpc.slowness.timeout = 300s (custom)
2023-09-08 11:19:21,465 [main] INFO  server.RaftServerConfigKeys (ConfUtils.java:logGet(46)) - raft.server.leaderelection.leader.step-down.wait-time = 10s (default)
2023-09-08 11:19:21,465 [main] INFO  server.RaftServerConfigKeys (ConfUtils.java:logGet(46)) - raft.server.storage.dir = [/home/runner/work/ozone/ozone/hadoop-ozone/integration-test/target/test-dir/MiniOzoneClusterImpl-b03496ff-6041-4009-870e-fb613b325751/datanode-3/data/ratis] (custom)
2023-09-08 11:19:21,466 [82b47503-614b-4a1f-aa0a-75391d5c12a5-impl-thread1] INFO  server.RaftServer (RaftServerProxy.java:initGroupDir(258)) - 82b47503-614b-4a1f-aa0a-75391d5c12a5: found a subdirectory /home/runner/work/ozone/ozone/hadoop-ozone/integration-test/target/test-dir/MiniOzoneClusterImpl-b03496ff-6041-4009-870e-fb613b325751/datanode-3/data/ratis/tmp
2023-09-08 11:19:21,466 [82b47503-614b-4a1f-aa0a-75391d5c12a5-impl-thread1] INFO  server.RaftServer (RaftServerProxy.java:initGroupDir(263)) - 82b47503-614b-4a1f-aa0a-75391d5c12a5: The directory /home/runner/work/ozone/ozone/hadoop-ozone/integration-test/target/test-dir/MiniOzoneClusterImpl-b03496ff-6041-4009-870e-fb613b325751/datanode-3/data/ratis/tmp is not a group directory; ignoring it. 
2023-09-08 11:19:21,466 [82b47503-614b-4a1f-aa0a-75391d5c12a5-NettyServerStreamRpc-bossGroup--thread1] INFO  logging.LoggingHandler (AbstractInternalLogger.java:log(148)) - [id: 0x9b0d7aa1] REGISTERED
2023-09-08 11:19:21,466 [main] INFO  replication.ReplicationServer (ReplicationServer.java:<init>(81)) - Initializing replication server with thread count = 10
2023-09-08 11:19:21,466 [82b47503-614b-4a1f-aa0a-75391d5c12a5-NettyServerStreamRpc-bossGroup--thread1] INFO  logging.LoggingHandler (AbstractInternalLogger.java:log(148)) - [id: 0x9b0d7aa1] BIND: 0.0.0.0/0.0.0.0:15148
2023-09-08 11:19:21,467 [82b47503-614b-4a1f-aa0a-75391d5c12a5-NettyServerStreamRpc-bossGroup--thread1] INFO  logging.LoggingHandler (AbstractInternalLogger.java:log(148)) - [id: 0x9b0d7aa1, L:/0:0:0:0:0:0:0:0:15148] ACTIVE
2023-09-08 11:19:21,468 [main] INFO  server.XceiverServerGrpc (XceiverServerGrpc.java:<init>(132)) - GrpcServer channel type EpollServerSocketChannel
2023-09-08 11:19:21,469 [main] INFO  replication.ReplicationSupervisor (ReplicationSupervisor.java:build(155)) - Initializing replication supervisor with thread count = 10
2023-09-08 11:19:21,469 [main] INFO  replication.ReplicationSupervisor (ReplicationSupervisor.java:nodeStateUpdated(307)) - Node state updated to IN_SERVICE, scaling executor pool size to 10
2023-09-08 11:19:21,472 [main] INFO  http.BaseHttpServer (BaseHttpServer.java:newHttpServer2BuilderForOzone(223)) - Starting Web-server for hddsDatanode at: http://0.0.0.0:15142
2023-09-08 11:19:21,473 [main] INFO  http.BaseHttpServer (BaseHttpServer.java:<init>(110)) - Hadoop Security Enabled: false Ozone Security Enabled: false Ozone HTTP Security Enabled: false 
2023-09-08 11:19:21,477 [main] WARN  server.AuthenticationFilter (AuthenticationFilter.java:constructSecretProvider(240)) - Unable to initialize FileSignerSecretProvider, falling back to use random secrets. Reason: Could not read signature secret file: /home/runner/hadoop-http-auth-signature-secret
2023-09-08 11:19:21,478 [main] INFO  http.HttpRequestLog (HttpRequestLog.java:getRequestLog(86)) - Http request log for http.requests.hddsDatanode is not defined
2023-09-08 11:19:21,480 [main] INFO  http.HttpServer2 (HttpServer2.java:addGlobalFilter(1031)) - Added global filter 'safety' (class=org.apache.hadoop.hdds.server.http.HttpServer2$QuotingInputFilter)
2023-09-08 11:19:21,481 [main] INFO  http.HttpServer2 (HttpServer2.java:addFilter(1007)) - Added filter static_user_filter (class=org.apache.hadoop.http.lib.StaticUserWebFilter$StaticUserFilter) to context hddsDatanode
2023-09-08 11:19:21,481 [main] INFO  http.HttpServer2 (HttpServer2.java:addFilter(1015)) - Added filter static_user_filter (class=org.apache.hadoop.http.lib.StaticUserWebFilter$StaticUserFilter) to context logs
2023-09-08 11:19:21,481 [main] INFO  http.HttpServer2 (HttpServer2.java:addFilter(1015)) - Added filter static_user_filter (class=org.apache.hadoop.http.lib.StaticUserWebFilter$StaticUserFilter) to context static
2023-09-08 11:19:21,481 [main] INFO  http.BaseHttpServer (BaseHttpServer.java:<init>(189)) - HTTP server of hddsDatanode uses base directory /home/runner/work/ozone/ozone/hadoop-ozone/integration-test/target/test-dir/MiniOzoneClusterImpl-b03496ff-6041-4009-870e-fb613b325751/datanode-3/meta/webserver
2023-09-08 11:19:21,482 [main] INFO  http.HttpServer2 (HttpServer2.java:bindListener(1231)) - Jetty bound to port 15142
2023-09-08 11:19:21,483 [main] INFO  server.Server (Server.java:doStart(375)) - jetty-9.4.51.v20230217; built: 2023-02-17T08:19:37.309Z; git: b45c405e4544384de066f814ed42ae3dceacdd49; jvm 1.8.0_382-b05
2023-09-08 11:19:21,485 [main] INFO  server.session (DefaultSessionIdManager.java:doStart(334)) - DefaultSessionIdManager workerName=node0
2023-09-08 11:19:21,485 [main] INFO  server.session (DefaultSessionIdManager.java:doStart(339)) - No SessionScavenger set, using defaults
2023-09-08 11:19:21,488 [main] INFO  server.session (HouseKeeper.java:startScavenging(132)) - node0 Scavenging every 660000ms
2023-09-08 11:19:21,489 [main] INFO  handler.ContextHandler (ContextHandler.java:doStart(921)) - Started o.e.j.s.ServletContextHandler@4db96fd{logs,/logs,file:///home/runner/work/ozone/ozone/hadoop-ozone/integration-test/target/log,AVAILABLE}
2023-09-08 11:19:21,489 [main] INFO  handler.ContextHandler (ContextHandler.java:doStart(921)) - Started o.e.j.s.ServletContextHandler@208d03da{static,/static,jar:file:/home/runner/.m2/repository/org/apache/ozone/hdds-container-service/1.4.0-SNAPSHOT/hdds-container-service-1.4.0-SNAPSHOT.jar!/webapps/static,AVAILABLE}
2023-09-08 11:19:21,717 [main] INFO  handler.ContextHandler (ContextHandler.java:doStart(921)) - Started o.e.j.w.WebAppContext@1c4ec15f{hddsDatanode,/,file:///home/runner/work/ozone/ozone/hadoop-ozone/integration-test/target/test-dir/MiniOzoneClusterImpl-b03496ff-6041-4009-870e-fb613b325751/datanode-3/meta/webserver/jetty-0_0_0_0-15142-hdds-container-service-1_4_0-SNAPSHOT_jar-_-any-4393428335451232678/webapp/,AVAILABLE}{jar:file:/home/runner/.m2/repository/org/apache/ozone/hdds-container-service/1.4.0-SNAPSHOT/hdds-container-service-1.4.0-SNAPSHOT.jar!/webapps/hddsDatanode}
2023-09-08 11:19:21,720 [main] INFO  server.AbstractConnector (AbstractConnector.java:doStart(333)) - Started ServerConnector@31710a8b{HTTP/1.1, (http/1.1)}{0.0.0.0:15142}
2023-09-08 11:19:21,720 [main] INFO  server.Server (Server.java:doStart(415)) - Started @192503ms
2023-09-08 11:19:21,720 [main] WARN  impl.MetricsSystemImpl (MetricsSystemImpl.java:register(279)) - Sink prometheus already exists!
2023-09-08 11:19:21,721 [main] INFO  http.BaseHttpServer (BaseHttpServer.java:updateConnectorAddress(354)) - HTTP server of hddsDatanode listening at http://0.0.0.0:15142
2023-09-08 11:19:21,721 [main] INFO  ipc.CallQueueManager (CallQueueManager.java:<init>(90)) - Using callQueue: class java.util.concurrent.LinkedBlockingQueue, queueCapacity: 100, scheduler: class org.apache.hadoop.ipc.DefaultRpcScheduler, ipcBackoff: false.
2023-09-08 11:19:21,722 [main] INFO  ipc.Server (Server.java:<init>(1287)) - Listener at 0.0.0.0:15143
2023-09-08 11:19:21,722 [Socket Reader #1 for port 15143] INFO  ipc.Server (Server.java:run(1323)) - Starting Socket Reader #1 for port 15143
2023-09-08 11:19:21,729 [main] INFO  ozone.HddsDatanodeService (HddsDatanodeService.java:start(315)) - Datanode start with admins: [runner]
2023-09-08 11:19:21,730 [main] INFO  ozone.HddsDatanodeClientProtocolServer (HddsDatanodeClientProtocolServer.java:start(72)) - RPC server for Client /0.0.0.0:15143
2023-09-08 11:19:21,730 [IPC Server Responder] INFO  ipc.Server (Server.java:run(1562)) - IPC Server Responder: starting
2023-09-08 11:19:21,735 [IPC Server listener on 15143] INFO  ipc.Server (Server.java:run(1402)) - IPC Server listener on 15143: starting
2023-09-08 11:19:21,740 [main] WARN  impl.MetricRegistriesImpl (MetricRegistriesImpl.java:addReporterRegistration(111)) - New reporters are added after registries were created. Some metrics will be missing from the reporter. Please add reporter before adding any new registry.
2023-09-08 11:19:21,740 [main] WARN  impl.MetricRegistriesImpl (MetricRegistriesImpl.java:addReporterRegistration(111)) - New reporters are added after registries were created. Some metrics will be missing from the reporter. Please add reporter before adding any new registry.
2023-09-08 11:19:21,740 [main] INFO  impl.MetricsSystemImpl (MetricsSystemImpl.java:init(158)) - HddsDatanode metrics system started (again)
2023-09-08 11:19:21,745 [Datanode State Machine Daemon Thread] INFO  statemachine.DatanodeStateMachine (DatanodeStateMachine.java:lambda$startDaemon$0(538)) - Ozone container server started.
2023-09-08 11:19:21,749 [Datanode State Machine Task Thread - 0] INFO  datanode.InitDatanodeState (InitDatanodeState.java:persistContainerDatanodeDetails(138)) - DatanodeDetails is persisted to /home/runner/work/ozone/ozone/hadoop-ozone/integration-test/target/test-dir/MiniOzoneClusterImpl-b03496ff-6041-4009-870e-fb613b325751/datanode-3/meta/datanode.id
2023-09-08 11:19:21,763 [main] INFO  ozone.HddsDatanodeService (HddsDatanodeService.java:start(237)) - HddsDatanodeService host:fv-az203-160.hq41me5fykbulac445kfrvsskg.dx.internal.cloudapp.net ip:10.1.0.72
2023-09-08 11:19:21,790 [main] INFO  upgrade.AbstractLayoutVersionManager (AbstractLayoutVersionManager.java:init(83)) - Initializing Layout version manager with metadata layout = HADOOP_PRC_PORTS_IN_DATANODEDETAILS (version = 7), software layout = HADOOP_PRC_PORTS_IN_DATANODEDETAILS (version = 7)
2023-09-08 11:19:21,793 [main] INFO  statemachine.DatanodeStateMachine (DatanodeStateMachine.java:getEndPointTaskThreadPoolSize(282)) - Datanode State Machine Task Thread Pool size 2
2023-09-08 11:19:21,794 [main] INFO  volume.HddsVolume (HddsVolume.java:<init>(126)) - Creating HddsVolume: /home/runner/work/ozone/ozone/hadoop-ozone/integration-test/target/test-dir/MiniOzoneClusterImpl-b03496ff-6041-4009-870e-fb613b325751/datanode-4/data-0/containers/hdds of storage type : DISK capacity : 9223372036854775807
2023-09-08 11:19:21,794 [main] INFO  volume.MutableVolumeSet (MutableVolumeSet.java:initializeVolumeSet(173)) - Added Volume : /home/runner/work/ozone/ozone/hadoop-ozone/integration-test/target/test-dir/MiniOzoneClusterImpl-b03496ff-6041-4009-870e-fb613b325751/datanode-4/data-0/containers/hdds to VolumeSet
2023-09-08 11:19:21,796 [main] INFO  volume.MutableVolumeSet (MutableVolumeSet.java:initializeVolumeSet(173)) - Added Volume : /home/runner/work/ozone/ozone/hadoop-ozone/integration-test/target/test-dir/MiniOzoneClusterImpl-b03496ff-6041-4009-870e-fb613b325751/datanode-4/data/ratis to VolumeSet
2023-09-08 11:19:21,797 [Thread-1401] INFO  ozoneimpl.ContainerReader (ContainerReader.java:readVolume(177)) - Finish verifying containers on volume /home/runner/work/ozone/ozone/hadoop-ozone/integration-test/target/test-dir/MiniOzoneClusterImpl-b03496ff-6041-4009-870e-fb613b325751/datanode-4/data-0/containers/hdds
2023-09-08 11:19:21,797 [main] INFO  ozoneimpl.OzoneContainer (OzoneContainer.java:buildContainerSet(314)) - Build ContainerSet costs 0s
2023-09-08 11:19:21,799 [main] INFO  server.RaftServer (ConfUtils.java:logGet(46)) - raft.rpc.type = GRPC (default)
2023-09-08 11:19:21,799 [main] INFO  grpc.GrpcConfigKeys (ConfUtils.java:logFallback(53)) - raft.grpc.admin.host = null (fallback to raft.grpc.server.host)
2023-09-08 11:19:21,799 [main] INFO  grpc.GrpcConfigKeys (ConfUtils.java:logGet(46)) - raft.grpc.admin.port = 15155 (custom)
2023-09-08 11:19:21,799 [main] INFO  grpc.GrpcConfigKeys (ConfUtils.java:logFallback(53)) - raft.grpc.client.host = null (fallback to raft.grpc.server.host)
2023-09-08 11:19:21,799 [main] INFO  grpc.GrpcConfigKeys (ConfUtils.java:logGet(46)) - raft.grpc.client.port = 15154 (custom)
2023-09-08 11:19:21,799 [main] INFO  grpc.GrpcConfigKeys (ConfUtils.java:logGet(46)) - raft.grpc.server.host = null (default)
2023-09-08 11:19:21,799 [main] INFO  grpc.GrpcConfigKeys (ConfUtils.java:logGet(46)) - raft.grpc.server.port = 15156 (custom)
2023-09-08 11:19:21,800 [main] INFO  server.GrpcService (ConfUtils.java:logGet(46)) - raft.grpc.message.size.max = 32MB (=33554432) (custom)
2023-09-08 11:19:21,800 [main] INFO  server.RaftServerConfigKeys (ConfUtils.java:logGet(46)) - raft.server.log.appender.buffer.byte-limit = 33554432 (custom)
2023-09-08 11:19:21,800 [main] INFO  server.GrpcService (ConfUtils.java:logGet(46)) - raft.grpc.flow.control.window = 5MB (=5242880) (custom)
2023-09-08 11:19:21,800 [main] INFO  server.RaftServerConfigKeys (ConfUtils.java:logGet(46)) - raft.server.rpc.request.timeout = 60s (custom)
2023-09-08 11:19:21,800 [main] INFO  grpc.GrpcConfigKeys (ConfUtils.java:logGet(46)) - raft.grpc.server.heartbeat.channel = true (default)
2023-09-08 11:19:21,800 [main] INFO  grpc.GrpcConfigKeys (ConfUtils.java:logGet(46)) - raft.grpc.server.async.request.thread.pool.cached = true (default)
2023-09-08 11:19:21,800 [main] INFO  grpc.GrpcConfigKeys (ConfUtils.java:logGet(46)) - raft.grpc.server.async.request.thread.pool.size = 32 (default)
2023-09-08 11:19:21,804 [main] INFO  impl.DataStreamServerImpl (ConfUtils.java:logGet(46)) - raft.datastream.type = NETTY (custom)
2023-09-08 11:19:21,806 [main] INFO  server.RaftServerConfigKeys (ConfUtils.java:logGet(46)) - raft.server.data-stream.async.request.thread.pool.cached = false (default)
2023-09-08 11:19:21,806 [main] INFO  server.RaftServerConfigKeys (ConfUtils.java:logGet(46)) - raft.server.data-stream.async.request.thread.pool.size = 20 (custom)
2023-09-08 11:19:21,806 [main] INFO  server.RaftServerConfigKeys (ConfUtils.java:logGet(46)) - raft.server.data-stream.async.write.thread.pool.size = 16 (default)
2023-09-08 11:19:21,806 [main] INFO  server.RaftServerConfigKeys (ConfUtils.java:logGet(46)) - raft.server.data-stream.client.pool.size = 10 (default)
2023-09-08 11:19:21,806 [main] INFO  netty.NettyConfigKeys$DataStream (ConfUtils.java:logGet(46)) - raft.netty.dataStream.server.use-epoll = false (default)
2023-09-08 11:19:21,806 [main] INFO  netty.NettyConfigKeys$DataStream (ConfUtils.java:logGet(46)) - raft.netty.dataStream.server.boss-group.size = 0 (default)
2023-09-08 11:19:21,808 [main] INFO  netty.NettyConfigKeys$DataStream (ConfUtils.java:logGet(46)) - raft.netty.dataStream.server.worker-group.size = 0 (default)
2023-09-08 11:19:21,808 [main] INFO  netty.NettyConfigKeys$DataStream (ConfUtils.java:logGet(46)) - raft.netty.dataStream.server.tls.conf = null (default)
2023-09-08 11:19:21,808 [main] INFO  netty.NettyConfigKeys$DataStream (ConfUtils.java:logGet(46)) - raft.netty.dataStream.host = null (default)
2023-09-08 11:19:21,809 [main] INFO  netty.NettyConfigKeys$DataStream (ConfUtils.java:logGet(46)) - raft.netty.dataStream.port = 15157 (custom)
2023-09-08 11:19:21,813 [main] INFO  server.RaftServerConfigKeys (ConfUtils.java:logGet(46)) - raft.server.threadpool.proxy.cached = true (default)
2023-09-08 11:19:21,813 [main] INFO  server.RaftServerConfigKeys (ConfUtils.java:logGet(46)) - raft.server.threadpool.proxy.size = 0 (default)
2023-09-08 11:19:21,813 [main] INFO  server.RaftServerConfigKeys (ConfUtils.java:logGet(46)) - raft.server.rpc.slowness.timeout = 300s (custom)
2023-09-08 11:19:21,813 [main] INFO  server.RaftServerConfigKeys (ConfUtils.java:logGet(46)) - raft.server.leaderelection.leader.step-down.wait-time = 10s (default)
2023-09-08 11:19:21,813 [main] INFO  server.RaftServerConfigKeys (ConfUtils.java:logGet(46)) - raft.server.storage.dir = [/home/runner/work/ozone/ozone/hadoop-ozone/integration-test/target/test-dir/MiniOzoneClusterImpl-b03496ff-6041-4009-870e-fb613b325751/datanode-4/data/ratis] (custom)
2023-09-08 11:19:21,814 [ced5577c-1b9f-4df4-b1d3-afb76f4739eb-NettyServerStreamRpc-bossGroup--thread1] INFO  logging.LoggingHandler (AbstractInternalLogger.java:log(148)) - [id: 0x28091002] REGISTERED
2023-09-08 11:19:21,814 [ced5577c-1b9f-4df4-b1d3-afb76f4739eb-NettyServerStreamRpc-bossGroup--thread1] INFO  logging.LoggingHandler (AbstractInternalLogger.java:log(148)) - [id: 0x28091002] BIND: 0.0.0.0/0.0.0.0:15157
2023-09-08 11:19:21,814 [ced5577c-1b9f-4df4-b1d3-afb76f4739eb-NettyServerStreamRpc-bossGroup--thread1] INFO  logging.LoggingHandler (AbstractInternalLogger.java:log(148)) - [id: 0x28091002, L:/0:0:0:0:0:0:0:0:15157] ACTIVE
2023-09-08 11:19:21,815 [ced5577c-1b9f-4df4-b1d3-afb76f4739eb-impl-thread1] INFO  server.RaftServer (RaftServerProxy.java:initGroupDir(258)) - ced5577c-1b9f-4df4-b1d3-afb76f4739eb: found a subdirectory /home/runner/work/ozone/ozone/hadoop-ozone/integration-test/target/test-dir/MiniOzoneClusterImpl-b03496ff-6041-4009-870e-fb613b325751/datanode-4/data/ratis/tmp
2023-09-08 11:19:21,815 [ced5577c-1b9f-4df4-b1d3-afb76f4739eb-impl-thread1] INFO  server.RaftServer (RaftServerProxy.java:initGroupDir(263)) - ced5577c-1b9f-4df4-b1d3-afb76f4739eb: The directory /home/runner/work/ozone/ozone/hadoop-ozone/integration-test/target/test-dir/MiniOzoneClusterImpl-b03496ff-6041-4009-870e-fb613b325751/datanode-4/data/ratis/tmp is not a group directory; ignoring it. 
2023-09-08 11:19:21,815 [main] INFO  replication.ReplicationServer (ReplicationServer.java:<init>(81)) - Initializing replication server with thread count = 10
2023-09-08 11:19:21,816 [main] INFO  server.XceiverServerGrpc (XceiverServerGrpc.java:<init>(132)) - GrpcServer channel type EpollServerSocketChannel
2023-09-08 11:19:21,818 [main] INFO  replication.ReplicationSupervisor (ReplicationSupervisor.java:build(155)) - Initializing replication supervisor with thread count = 10
2023-09-08 11:19:21,818 [main] INFO  replication.ReplicationSupervisor (ReplicationSupervisor.java:nodeStateUpdated(307)) - Node state updated to IN_SERVICE, scaling executor pool size to 10
2023-09-08 11:19:21,824 [main] INFO  http.BaseHttpServer (BaseHttpServer.java:newHttpServer2BuilderForOzone(223)) - Starting Web-server for hddsDatanode at: http://0.0.0.0:15151
2023-09-08 11:19:21,824 [main] INFO  http.BaseHttpServer (BaseHttpServer.java:<init>(110)) - Hadoop Security Enabled: false Ozone Security Enabled: false Ozone HTTP Security Enabled: false 
2023-09-08 11:19:21,826 [main] WARN  server.AuthenticationFilter (AuthenticationFilter.java:constructSecretProvider(240)) - Unable to initialize FileSignerSecretProvider, falling back to use random secrets. Reason: Could not read signature secret file: /home/runner/hadoop-http-auth-signature-secret
2023-09-08 11:19:21,829 [main] INFO  http.HttpRequestLog (HttpRequestLog.java:getRequestLog(86)) - Http request log for http.requests.hddsDatanode is not defined
2023-09-08 11:19:21,831 [main] INFO  http.HttpServer2 (HttpServer2.java:addGlobalFilter(1031)) - Added global filter 'safety' (class=org.apache.hadoop.hdds.server.http.HttpServer2$QuotingInputFilter)
2023-09-08 11:19:21,831 [main] INFO  http.HttpServer2 (HttpServer2.java:addFilter(1007)) - Added filter static_user_filter (class=org.apache.hadoop.http.lib.StaticUserWebFilter$StaticUserFilter) to context hddsDatanode
2023-09-08 11:19:21,832 [main] INFO  http.HttpServer2 (HttpServer2.java:addFilter(1015)) - Added filter static_user_filter (class=org.apache.hadoop.http.lib.StaticUserWebFilter$StaticUserFilter) to context static
2023-09-08 11:19:21,832 [main] INFO  http.HttpServer2 (HttpServer2.java:addFilter(1015)) - Added filter static_user_filter (class=org.apache.hadoop.http.lib.StaticUserWebFilter$StaticUserFilter) to context logs
2023-09-08 11:19:21,832 [main] INFO  http.BaseHttpServer (BaseHttpServer.java:<init>(189)) - HTTP server of hddsDatanode uses base directory /home/runner/work/ozone/ozone/hadoop-ozone/integration-test/target/test-dir/MiniOzoneClusterImpl-b03496ff-6041-4009-870e-fb613b325751/datanode-4/meta/webserver
2023-09-08 11:19:21,832 [main] INFO  http.HttpServer2 (HttpServer2.java:bindListener(1231)) - Jetty bound to port 15151
2023-09-08 11:19:21,833 [main] INFO  server.Server (Server.java:doStart(375)) - jetty-9.4.51.v20230217; built: 2023-02-17T08:19:37.309Z; git: b45c405e4544384de066f814ed42ae3dceacdd49; jvm 1.8.0_382-b05
2023-09-08 11:19:21,840 [main] INFO  server.session (DefaultSessionIdManager.java:doStart(334)) - DefaultSessionIdManager workerName=node0
2023-09-08 11:19:21,840 [main] INFO  server.session (DefaultSessionIdManager.java:doStart(339)) - No SessionScavenger set, using defaults
2023-09-08 11:19:21,841 [main] INFO  server.session (HouseKeeper.java:startScavenging(132)) - node0 Scavenging every 600000ms
2023-09-08 11:19:21,842 [main] INFO  handler.ContextHandler (ContextHandler.java:doStart(921)) - Started o.e.j.s.ServletContextHandler@679fdfe2{logs,/logs,file:///home/runner/work/ozone/ozone/hadoop-ozone/integration-test/target/log,AVAILABLE}
2023-09-08 11:19:21,843 [main] INFO  handler.ContextHandler (ContextHandler.java:doStart(921)) - Started o.e.j.s.ServletContextHandler@31cbe718{static,/static,jar:file:/home/runner/.m2/repository/org/apache/ozone/hdds-container-service/1.4.0-SNAPSHOT/hdds-container-service-1.4.0-SNAPSHOT.jar!/webapps/static,AVAILABLE}
2023-09-08 11:19:22,075 [main] INFO  handler.ContextHandler (ContextHandler.java:doStart(921)) - Started o.e.j.w.WebAppContext@513028e3{hddsDatanode,/,file:///home/runner/work/ozone/ozone/hadoop-ozone/integration-test/target/test-dir/MiniOzoneClusterImpl-b03496ff-6041-4009-870e-fb613b325751/datanode-4/meta/webserver/jetty-0_0_0_0-15151-hdds-container-service-1_4_0-SNAPSHOT_jar-_-any-8058769766047083499/webapp/,AVAILABLE}{jar:file:/home/runner/.m2/repository/org/apache/ozone/hdds-container-service/1.4.0-SNAPSHOT/hdds-container-service-1.4.0-SNAPSHOT.jar!/webapps/hddsDatanode}
2023-09-08 11:19:22,077 [main] INFO  server.AbstractConnector (AbstractConnector.java:doStart(333)) - Started ServerConnector@2207b69c{HTTP/1.1, (http/1.1)}{0.0.0.0:15151}
2023-09-08 11:19:22,078 [main] INFO  server.Server (Server.java:doStart(415)) - Started @192860ms
2023-09-08 11:19:22,078 [main] WARN  impl.MetricsSystemImpl (MetricsSystemImpl.java:register(279)) - Sink prometheus already exists!
2023-09-08 11:19:22,079 [main] INFO  http.BaseHttpServer (BaseHttpServer.java:updateConnectorAddress(354)) - HTTP server of hddsDatanode listening at http://0.0.0.0:15151
2023-09-08 11:19:22,079 [main] INFO  ipc.CallQueueManager (CallQueueManager.java:<init>(90)) - Using callQueue: class java.util.concurrent.LinkedBlockingQueue, queueCapacity: 100, scheduler: class org.apache.hadoop.ipc.DefaultRpcScheduler, ipcBackoff: false.
2023-09-08 11:19:22,079 [main] INFO  ipc.Server (Server.java:<init>(1287)) - Listener at 0.0.0.0:15152
2023-09-08 11:19:22,080 [Socket Reader #1 for port 15152] INFO  ipc.Server (Server.java:run(1323)) - Starting Socket Reader #1 for port 15152
2023-09-08 11:19:22,081 [main] INFO  ozone.HddsDatanodeService (HddsDatanodeService.java:start(315)) - Datanode start with admins: [runner]
2023-09-08 11:19:22,081 [main] INFO  ozone.HddsDatanodeClientProtocolServer (HddsDatanodeClientProtocolServer.java:start(72)) - RPC server for Client /0.0.0.0:15152
2023-09-08 11:19:22,082 [IPC Server Responder] INFO  ipc.Server (Server.java:run(1562)) - IPC Server Responder: starting
2023-09-08 11:19:22,082 [IPC Server listener on 15152] INFO  ipc.Server (Server.java:run(1402)) - IPC Server listener on 15152: starting
2023-09-08 11:19:22,083 [main] INFO  ozone.MiniOzoneClusterImpl (MiniOzoneClusterImpl.java:lambda$waitForClusterToBeReady$0(224)) - Waiting for nodes to be ready. Got 0 of 5 DN Heartbeats.
2023-09-08 11:19:22,083 [main] INFO  ozone.MiniOzoneClusterImpl (MiniOzoneClusterImpl.java:lambda$waitForClusterToBeReady$0(227)) - Waiting for cluster to exit safe mode
2023-09-08 11:19:22,083 [main] INFO  ozone.MiniOzoneClusterImpl (MiniOzoneClusterImpl.java:lambda$waitForClusterToBeReady$0(229)) - SCM became leader
2023-09-08 11:19:22,091 [Datanode State Machine Daemon Thread] INFO  statemachine.DatanodeStateMachine (DatanodeStateMachine.java:lambda$startDaemon$0(538)) - Ozone container server started.
2023-09-08 11:19:22,096 [Datanode State Machine Task Thread - 0] INFO  datanode.InitDatanodeState (InitDatanodeState.java:persistContainerDatanodeDetails(138)) - DatanodeDetails is persisted to /home/runner/work/ozone/ozone/hadoop-ozone/integration-test/target/test-dir/MiniOzoneClusterImpl-b03496ff-6041-4009-870e-fb613b325751/datanode-4/meta/datanode.id
2023-09-08 11:19:22,714 [EndpointStateMachine task thread for /0.0.0.0:15108 - 0 ] INFO  utils.DatanodeStoreCache (DatanodeStoreCache.java:addDB(66)) - Added db /home/runner/work/ozone/ozone/hadoop-ozone/integration-test/target/test-dir/MiniOzoneClusterImpl-b03496ff-6041-4009-870e-fb613b325751/datanode-0/data-0/containers/hdds/b03496ff-6041-4009-870e-fb613b325751/DS-04cb81fb-14b2-456d-b60d-ef68bffae4ce/container.db to cache
2023-09-08 11:19:22,714 [EndpointStateMachine task thread for /0.0.0.0:15108 - 0 ] INFO  volume.HddsVolume (HddsVolume.java:createDbStore(422)) - SchemaV3 db is created and loaded at /home/runner/work/ozone/ozone/hadoop-ozone/integration-test/target/test-dir/MiniOzoneClusterImpl-b03496ff-6041-4009-870e-fb613b325751/datanode-0/data-0/containers/hdds/b03496ff-6041-4009-870e-fb613b325751/DS-04cb81fb-14b2-456d-b60d-ef68bffae4ce/container.db for volume DS-04cb81fb-14b2-456d-b60d-ef68bffae4ce
2023-09-08 11:19:22,715 [EndpointStateMachine task thread for /0.0.0.0:15108 - 0 ] INFO  volume.ThrottledAsyncChecker (ThrottledAsyncChecker.java:schedule(141)) - Scheduling a check for /home/runner/work/ozone/ozone/hadoop-ozone/integration-test/target/test-dir/MiniOzoneClusterImpl-b03496ff-6041-4009-870e-fb613b325751/datanode-0/data-0/containers/hdds
2023-09-08 11:19:22,716 [EndpointStateMachine task thread for /0.0.0.0:15108 - 0 ] INFO  volume.StorageVolumeChecker (StorageVolumeChecker.java:checkAllVolumes(213)) - Scheduled health check for volume /home/runner/work/ozone/ozone/hadoop-ozone/integration-test/target/test-dir/MiniOzoneClusterImpl-b03496ff-6041-4009-870e-fb613b325751/datanode-0/data-0/containers/hdds
2023-09-08 11:19:22,719 [EndpointStateMachine task thread for /0.0.0.0:15108 - 0 ] INFO  volume.ThrottledAsyncChecker (ThrottledAsyncChecker.java:schedule(141)) - Scheduling a check for /home/runner/work/ozone/ozone/hadoop-ozone/integration-test/target/test-dir/MiniOzoneClusterImpl-b03496ff-6041-4009-870e-fb613b325751/datanode-0/data/ratis
2023-09-08 11:19:22,719 [EndpointStateMachine task thread for /0.0.0.0:15108 - 0 ] INFO  volume.StorageVolumeChecker (StorageVolumeChecker.java:checkAllVolumes(213)) - Scheduled health check for volume /home/runner/work/ozone/ozone/hadoop-ozone/integration-test/target/test-dir/MiniOzoneClusterImpl-b03496ff-6041-4009-870e-fb613b325751/datanode-0/data/ratis
2023-09-08 11:19:22,720 [EndpointStateMachine task thread for /0.0.0.0:15108 - 0 ] INFO  ozoneimpl.OzoneContainer (OzoneContainer.java:start(429)) - Attempting to start container services.
2023-09-08 11:19:22,720 [EndpointStateMachine task thread for /0.0.0.0:15108 - 0 ] INFO  ozoneimpl.OzoneContainer (OzoneContainer.java:startContainerScrub(325)) - Scheduled background container scanners and the on-demand container scanner have been disabled.
2023-09-08 11:19:22,723 [EndpointStateMachine task thread for /0.0.0.0:15108 - 0 ] INFO  replication.ReplicationServer (ReplicationServer.java:start(130)) - ReplicationServer is started using port 15122
2023-09-08 11:19:22,724 [EndpointStateMachine task thread for /0.0.0.0:15108 - 0 ] INFO  ratis.XceiverServerRatis (XceiverServerRatis.java:start(517)) - Starting XceiverServerRatis ccde687e-3bc0-46e3-98cf-cb73a4745fdb
2023-09-08 11:19:22,731 [EndpointStateMachine task thread for /0.0.0.0:15108 - 0 ] INFO  server.RaftServer (RaftServerProxy.java:startImpl(400)) - ccde687e-3bc0-46e3-98cf-cb73a4745fdb: start RPC server
2023-09-08 11:19:22,733 [EndpointStateMachine task thread for /0.0.0.0:15108 - 0 ] INFO  server.GrpcService (GrpcService.java:startImpl(302)) - ccde687e-3bc0-46e3-98cf-cb73a4745fdb: GrpcService started, listening on 15118
2023-09-08 11:19:22,737 [EndpointStateMachine task thread for /0.0.0.0:15108 - 0 ] INFO  server.GrpcService (GrpcService.java:startImpl(302)) - ccde687e-3bc0-46e3-98cf-cb73a4745fdb: GrpcService started, listening on 15120
2023-09-08 11:19:22,743 [EndpointStateMachine task thread for /0.0.0.0:15108 - 0 ] INFO  server.GrpcService (GrpcService.java:startImpl(302)) - ccde687e-3bc0-46e3-98cf-cb73a4745fdb: GrpcService started, listening on 15119
2023-09-08 11:19:22,743 [EndpointStateMachine task thread for /0.0.0.0:15108 - 0 ] INFO  ratis.XceiverServerRatis (XceiverServerRatis.java:getRealPort(543)) - XceiverServerRatis ccde687e-3bc0-46e3-98cf-cb73a4745fdb is started using port 15118 for RATIS
2023-09-08 11:19:22,743 [EndpointStateMachine task thread for /0.0.0.0:15108 - 0 ] INFO  ratis.XceiverServerRatis (XceiverServerRatis.java:getRealPort(543)) - XceiverServerRatis ccde687e-3bc0-46e3-98cf-cb73a4745fdb is started using port 15119 for RATIS_ADMIN
2023-09-08 11:19:22,743 [JvmPauseMonitor16] INFO  util.JvmPauseMonitor (JvmPauseMonitor.java:run(103)) - JvmPauseMonitor-ccde687e-3bc0-46e3-98cf-cb73a4745fdb: Started
2023-09-08 11:19:22,743 [EndpointStateMachine task thread for /0.0.0.0:15108 - 0 ] INFO  ratis.XceiverServerRatis (XceiverServerRatis.java:getRealPort(543)) - XceiverServerRatis ccde687e-3bc0-46e3-98cf-cb73a4745fdb is started using port 15120 for RATIS_SERVER
2023-09-08 11:19:22,743 [EndpointStateMachine task thread for /0.0.0.0:15108 - 0 ] INFO  ratis.XceiverServerRatis (XceiverServerRatis.java:getRealPort(543)) - XceiverServerRatis ccde687e-3bc0-46e3-98cf-cb73a4745fdb is started using port 15121 for RATIS_DATASTREAM
2023-09-08 11:19:22,752 [BlockDeletingService#0] INFO  interfaces.ContainerDeletionChoosingPolicyTemplate (ContainerDeletionChoosingPolicyTemplate.java:chooseContainerForBlockDeletion(85)) - Chosen 0/5000 blocks from 0 candidate containers.
2023-09-08 11:19:23,083 [main] INFO  ozone.MiniOzoneClusterImpl (MiniOzoneClusterImpl.java:lambda$waitForClusterToBeReady$0(224)) - Waiting for nodes to be ready. Got 0 of 5 DN Heartbeats.
2023-09-08 11:19:23,083 [main] INFO  ozone.MiniOzoneClusterImpl (MiniOzoneClusterImpl.java:lambda$waitForClusterToBeReady$0(227)) - Waiting for cluster to exit safe mode
2023-09-08 11:19:23,083 [main] INFO  ozone.MiniOzoneClusterImpl (MiniOzoneClusterImpl.java:lambda$waitForClusterToBeReady$0(229)) - SCM became leader
2023-09-08 11:19:23,095 [EndpointStateMachine task thread for /0.0.0.0:15108 - 0 ] INFO  utils.DatanodeStoreCache (DatanodeStoreCache.java:addDB(66)) - Added db /home/runner/work/ozone/ozone/hadoop-ozone/integration-test/target/test-dir/MiniOzoneClusterImpl-b03496ff-6041-4009-870e-fb613b325751/datanode-1/data-0/containers/hdds/b03496ff-6041-4009-870e-fb613b325751/DS-64eaabf9-3d1c-45f8-ac55-c9ddb8528349/container.db to cache
2023-09-08 11:19:23,096 [EndpointStateMachine task thread for /0.0.0.0:15108 - 0 ] INFO  volume.HddsVolume (HddsVolume.java:createDbStore(422)) - SchemaV3 db is created and loaded at /home/runner/work/ozone/ozone/hadoop-ozone/integration-test/target/test-dir/MiniOzoneClusterImpl-b03496ff-6041-4009-870e-fb613b325751/datanode-1/data-0/containers/hdds/b03496ff-6041-4009-870e-fb613b325751/DS-64eaabf9-3d1c-45f8-ac55-c9ddb8528349/container.db for volume DS-64eaabf9-3d1c-45f8-ac55-c9ddb8528349
2023-09-08 11:19:23,096 [EndpointStateMachine task thread for /0.0.0.0:15108 - 0 ] INFO  volume.ThrottledAsyncChecker (ThrottledAsyncChecker.java:schedule(141)) - Scheduling a check for /home/runner/work/ozone/ozone/hadoop-ozone/integration-test/target/test-dir/MiniOzoneClusterImpl-b03496ff-6041-4009-870e-fb613b325751/datanode-1/data-0/containers/hdds
2023-09-08 11:19:23,097 [EndpointStateMachine task thread for /0.0.0.0:15108 - 0 ] INFO  volume.StorageVolumeChecker (StorageVolumeChecker.java:checkAllVolumes(213)) - Scheduled health check for volume /home/runner/work/ozone/ozone/hadoop-ozone/integration-test/target/test-dir/MiniOzoneClusterImpl-b03496ff-6041-4009-870e-fb613b325751/datanode-1/data-0/containers/hdds
2023-09-08 11:19:23,100 [EndpointStateMachine task thread for /0.0.0.0:15108 - 0 ] INFO  volume.ThrottledAsyncChecker (ThrottledAsyncChecker.java:schedule(141)) - Scheduling a check for /home/runner/work/ozone/ozone/hadoop-ozone/integration-test/target/test-dir/MiniOzoneClusterImpl-b03496ff-6041-4009-870e-fb613b325751/datanode-1/data/ratis
2023-09-08 11:19:23,100 [EndpointStateMachine task thread for /0.0.0.0:15108 - 0 ] INFO  volume.StorageVolumeChecker (StorageVolumeChecker.java:checkAllVolumes(213)) - Scheduled health check for volume /home/runner/work/ozone/ozone/hadoop-ozone/integration-test/target/test-dir/MiniOzoneClusterImpl-b03496ff-6041-4009-870e-fb613b325751/datanode-1/data/ratis
2023-09-08 11:19:23,102 [EndpointStateMachine task thread for /0.0.0.0:15108 - 0 ] INFO  ozoneimpl.OzoneContainer (OzoneContainer.java:start(429)) - Attempting to start container services.
2023-09-08 11:19:23,102 [EndpointStateMachine task thread for /0.0.0.0:15108 - 0 ] INFO  ozoneimpl.OzoneContainer (OzoneContainer.java:startContainerScrub(325)) - Scheduled background container scanners and the on-demand container scanner have been disabled.
2023-09-08 11:19:23,103 [EndpointStateMachine task thread for /0.0.0.0:15108 - 0 ] INFO  replication.ReplicationServer (ReplicationServer.java:start(130)) - ReplicationServer is started using port 15131
2023-09-08 11:19:23,104 [EndpointStateMachine task thread for /0.0.0.0:15108 - 0 ] INFO  ratis.XceiverServerRatis (XceiverServerRatis.java:start(517)) - Starting XceiverServerRatis 03f108d1-7670-46de-a663-64a53fa7aba7
2023-09-08 11:19:23,104 [EndpointStateMachine task thread for /0.0.0.0:15108 - 0 ] INFO  server.RaftServer (RaftServerProxy.java:startImpl(400)) - 03f108d1-7670-46de-a663-64a53fa7aba7: start RPC server
2023-09-08 11:19:23,113 [EndpointStateMachine task thread for /0.0.0.0:15108 - 0 ] INFO  server.GrpcService (GrpcService.java:startImpl(302)) - 03f108d1-7670-46de-a663-64a53fa7aba7: GrpcService started, listening on 15127
2023-09-08 11:19:23,116 [EndpointStateMachine task thread for /0.0.0.0:15108 - 0 ] INFO  server.GrpcService (GrpcService.java:startImpl(302)) - 03f108d1-7670-46de-a663-64a53fa7aba7: GrpcService started, listening on 15129
2023-09-08 11:19:23,117 [EndpointStateMachine task thread for /0.0.0.0:15108 - 0 ] INFO  server.GrpcService (GrpcService.java:startImpl(302)) - 03f108d1-7670-46de-a663-64a53fa7aba7: GrpcService started, listening on 15128
2023-09-08 11:19:23,117 [EndpointStateMachine task thread for /0.0.0.0:15108 - 0 ] INFO  ratis.XceiverServerRatis (XceiverServerRatis.java:getRealPort(543)) - XceiverServerRatis 03f108d1-7670-46de-a663-64a53fa7aba7 is started using port 15127 for RATIS
2023-09-08 11:19:23,117 [EndpointStateMachine task thread for /0.0.0.0:15108 - 0 ] INFO  ratis.XceiverServerRatis (XceiverServerRatis.java:getRealPort(543)) - XceiverServerRatis 03f108d1-7670-46de-a663-64a53fa7aba7 is started using port 15128 for RATIS_ADMIN
2023-09-08 11:19:23,117 [EndpointStateMachine task thread for /0.0.0.0:15108 - 0 ] INFO  ratis.XceiverServerRatis (XceiverServerRatis.java:getRealPort(543)) - XceiverServerRatis 03f108d1-7670-46de-a663-64a53fa7aba7 is started using port 15129 for RATIS_SERVER
2023-09-08 11:19:23,117 [EndpointStateMachine task thread for /0.0.0.0:15108 - 0 ] INFO  ratis.XceiverServerRatis (XceiverServerRatis.java:getRealPort(543)) - XceiverServerRatis 03f108d1-7670-46de-a663-64a53fa7aba7 is started using port 15130 for RATIS_DATASTREAM
2023-09-08 11:19:23,117 [JvmPauseMonitor17] INFO  util.JvmPauseMonitor (JvmPauseMonitor.java:run(103)) - JvmPauseMonitor-03f108d1-7670-46de-a663-64a53fa7aba7: Started
2023-09-08 11:19:23,124 [BlockDeletingService#0] INFO  interfaces.ContainerDeletionChoosingPolicyTemplate (ContainerDeletionChoosingPolicyTemplate.java:chooseContainerForBlockDeletion(85)) - Chosen 0/5000 blocks from 0 candidate containers.
2023-09-08 11:19:23,469 [EndpointStateMachine task thread for /0.0.0.0:15108 - 0 ] INFO  utils.DatanodeStoreCache (DatanodeStoreCache.java:addDB(66)) - Added db /home/runner/work/ozone/ozone/hadoop-ozone/integration-test/target/test-dir/MiniOzoneClusterImpl-b03496ff-6041-4009-870e-fb613b325751/datanode-2/data-0/containers/hdds/b03496ff-6041-4009-870e-fb613b325751/DS-7071b575-57e6-4099-8ad9-16c714c968b9/container.db to cache
2023-09-08 11:19:23,469 [EndpointStateMachine task thread for /0.0.0.0:15108 - 0 ] INFO  volume.HddsVolume (HddsVolume.java:createDbStore(422)) - SchemaV3 db is created and loaded at /home/runner/work/ozone/ozone/hadoop-ozone/integration-test/target/test-dir/MiniOzoneClusterImpl-b03496ff-6041-4009-870e-fb613b325751/datanode-2/data-0/containers/hdds/b03496ff-6041-4009-870e-fb613b325751/DS-7071b575-57e6-4099-8ad9-16c714c968b9/container.db for volume DS-7071b575-57e6-4099-8ad9-16c714c968b9
2023-09-08 11:19:23,470 [EndpointStateMachine task thread for /0.0.0.0:15108 - 0 ] INFO  volume.ThrottledAsyncChecker (ThrottledAsyncChecker.java:schedule(141)) - Scheduling a check for /home/runner/work/ozone/ozone/hadoop-ozone/integration-test/target/test-dir/MiniOzoneClusterImpl-b03496ff-6041-4009-870e-fb613b325751/datanode-2/data-0/containers/hdds
2023-09-08 11:19:23,475 [EndpointStateMachine task thread for /0.0.0.0:15108 - 0 ] INFO  volume.StorageVolumeChecker (StorageVolumeChecker.java:checkAllVolumes(213)) - Scheduled health check for volume /home/runner/work/ozone/ozone/hadoop-ozone/integration-test/target/test-dir/MiniOzoneClusterImpl-b03496ff-6041-4009-870e-fb613b325751/datanode-2/data-0/containers/hdds
2023-09-08 11:19:23,476 [EndpointStateMachine task thread for /0.0.0.0:15108 - 0 ] INFO  volume.ThrottledAsyncChecker (ThrottledAsyncChecker.java:schedule(141)) - Scheduling a check for /home/runner/work/ozone/ozone/hadoop-ozone/integration-test/target/test-dir/MiniOzoneClusterImpl-b03496ff-6041-4009-870e-fb613b325751/datanode-2/data/ratis
2023-09-08 11:19:23,476 [EndpointStateMachine task thread for /0.0.0.0:15108 - 0 ] INFO  volume.StorageVolumeChecker (StorageVolumeChecker.java:checkAllVolumes(213)) - Scheduled health check for volume /home/runner/work/ozone/ozone/hadoop-ozone/integration-test/target/test-dir/MiniOzoneClusterImpl-b03496ff-6041-4009-870e-fb613b325751/datanode-2/data/ratis
2023-09-08 11:19:23,479 [EndpointStateMachine task thread for /0.0.0.0:15108 - 0 ] INFO  ozoneimpl.OzoneContainer (OzoneContainer.java:start(429)) - Attempting to start container services.
2023-09-08 11:19:23,479 [EndpointStateMachine task thread for /0.0.0.0:15108 - 0 ] INFO  ozoneimpl.OzoneContainer (OzoneContainer.java:startContainerScrub(325)) - Scheduled background container scanners and the on-demand container scanner have been disabled.
2023-09-08 11:19:23,483 [EndpointStateMachine task thread for /0.0.0.0:15108 - 0 ] INFO  replication.ReplicationServer (ReplicationServer.java:start(130)) - ReplicationServer is started using port 15140
2023-09-08 11:19:23,483 [EndpointStateMachine task thread for /0.0.0.0:15108 - 0 ] INFO  ratis.XceiverServerRatis (XceiverServerRatis.java:start(517)) - Starting XceiverServerRatis 86b604ca-d593-47c1-a869-330a99737efc
2023-09-08 11:19:23,486 [EndpointStateMachine task thread for /0.0.0.0:15108 - 0 ] INFO  server.RaftServer (RaftServerProxy.java:startImpl(400)) - 86b604ca-d593-47c1-a869-330a99737efc: start RPC server
2023-09-08 11:19:23,496 [EndpointStateMachine task thread for /0.0.0.0:15108 - 0 ] INFO  server.GrpcService (GrpcService.java:startImpl(302)) - 86b604ca-d593-47c1-a869-330a99737efc: GrpcService started, listening on 15136
2023-09-08 11:19:23,498 [EndpointStateMachine task thread for /0.0.0.0:15108 - 0 ] INFO  server.GrpcService (GrpcService.java:startImpl(302)) - 86b604ca-d593-47c1-a869-330a99737efc: GrpcService started, listening on 15138
2023-09-08 11:19:23,501 [EndpointStateMachine task thread for /0.0.0.0:15108 - 0 ] INFO  server.GrpcService (GrpcService.java:startImpl(302)) - 86b604ca-d593-47c1-a869-330a99737efc: GrpcService started, listening on 15137
2023-09-08 11:19:23,501 [EndpointStateMachine task thread for /0.0.0.0:15108 - 0 ] INFO  ratis.XceiverServerRatis (XceiverServerRatis.java:getRealPort(543)) - XceiverServerRatis 86b604ca-d593-47c1-a869-330a99737efc is started using port 15136 for RATIS
2023-09-08 11:19:23,501 [EndpointStateMachine task thread for /0.0.0.0:15108 - 0 ] INFO  ratis.XceiverServerRatis (XceiverServerRatis.java:getRealPort(543)) - XceiverServerRatis 86b604ca-d593-47c1-a869-330a99737efc is started using port 15137 for RATIS_ADMIN
2023-09-08 11:19:23,501 [EndpointStateMachine task thread for /0.0.0.0:15108 - 0 ] INFO  ratis.XceiverServerRatis (XceiverServerRatis.java:getRealPort(543)) - XceiverServerRatis 86b604ca-d593-47c1-a869-330a99737efc is started using port 15138 for RATIS_SERVER
2023-09-08 11:19:23,501 [EndpointStateMachine task thread for /0.0.0.0:15108 - 0 ] INFO  ratis.XceiverServerRatis (XceiverServerRatis.java:getRealPort(543)) - XceiverServerRatis 86b604ca-d593-47c1-a869-330a99737efc is started using port 15139 for RATIS_DATASTREAM
2023-09-08 11:19:23,502 [JvmPauseMonitor18] INFO  util.JvmPauseMonitor (JvmPauseMonitor.java:run(103)) - JvmPauseMonitor-86b604ca-d593-47c1-a869-330a99737efc: Started
2023-09-08 11:19:23,505 [BlockDeletingService#0] INFO  interfaces.ContainerDeletionChoosingPolicyTemplate (ContainerDeletionChoosingPolicyTemplate.java:chooseContainerForBlockDeletion(85)) - Chosen 0/5000 blocks from 0 candidate containers.
2023-09-08 11:19:23,799 [EndpointStateMachine task thread for /0.0.0.0:15108 - 0 ] INFO  utils.DatanodeStoreCache (DatanodeStoreCache.java:addDB(66)) - Added db /home/runner/work/ozone/ozone/hadoop-ozone/integration-test/target/test-dir/MiniOzoneClusterImpl-b03496ff-6041-4009-870e-fb613b325751/datanode-3/data-0/containers/hdds/b03496ff-6041-4009-870e-fb613b325751/DS-885616ab-6c5a-4f07-9e75-6cfce5f60d59/container.db to cache
2023-09-08 11:19:23,799 [EndpointStateMachine task thread for /0.0.0.0:15108 - 0 ] INFO  volume.HddsVolume (HddsVolume.java:createDbStore(422)) - SchemaV3 db is created and loaded at /home/runner/work/ozone/ozone/hadoop-ozone/integration-test/target/test-dir/MiniOzoneClusterImpl-b03496ff-6041-4009-870e-fb613b325751/datanode-3/data-0/containers/hdds/b03496ff-6041-4009-870e-fb613b325751/DS-885616ab-6c5a-4f07-9e75-6cfce5f60d59/container.db for volume DS-885616ab-6c5a-4f07-9e75-6cfce5f60d59
2023-09-08 11:19:23,800 [EndpointStateMachine task thread for /0.0.0.0:15108 - 0 ] INFO  volume.ThrottledAsyncChecker (ThrottledAsyncChecker.java:schedule(141)) - Scheduling a check for /home/runner/work/ozone/ozone/hadoop-ozone/integration-test/target/test-dir/MiniOzoneClusterImpl-b03496ff-6041-4009-870e-fb613b325751/datanode-3/data-0/containers/hdds
2023-09-08 11:19:23,801 [EndpointStateMachine task thread for /0.0.0.0:15108 - 0 ] INFO  volume.StorageVolumeChecker (StorageVolumeChecker.java:checkAllVolumes(213)) - Scheduled health check for volume /home/runner/work/ozone/ozone/hadoop-ozone/integration-test/target/test-dir/MiniOzoneClusterImpl-b03496ff-6041-4009-870e-fb613b325751/datanode-3/data-0/containers/hdds
2023-09-08 11:19:23,804 [EndpointStateMachine task thread for /0.0.0.0:15108 - 0 ] INFO  volume.ThrottledAsyncChecker (ThrottledAsyncChecker.java:schedule(141)) - Scheduling a check for /home/runner/work/ozone/ozone/hadoop-ozone/integration-test/target/test-dir/MiniOzoneClusterImpl-b03496ff-6041-4009-870e-fb613b325751/datanode-3/data/ratis
2023-09-08 11:19:23,804 [EndpointStateMachine task thread for /0.0.0.0:15108 - 0 ] INFO  volume.StorageVolumeChecker (StorageVolumeChecker.java:checkAllVolumes(213)) - Scheduled health check for volume /home/runner/work/ozone/ozone/hadoop-ozone/integration-test/target/test-dir/MiniOzoneClusterImpl-b03496ff-6041-4009-870e-fb613b325751/datanode-3/data/ratis
2023-09-08 11:19:23,806 [EndpointStateMachine task thread for /0.0.0.0:15108 - 0 ] INFO  ozoneimpl.OzoneContainer (OzoneContainer.java:start(429)) - Attempting to start container services.
2023-09-08 11:19:23,806 [EndpointStateMachine task thread for /0.0.0.0:15108 - 0 ] INFO  ozoneimpl.OzoneContainer (OzoneContainer.java:startContainerScrub(325)) - Scheduled background container scanners and the on-demand container scanner have been disabled.
2023-09-08 11:19:23,807 [EndpointStateMachine task thread for /0.0.0.0:15108 - 0 ] INFO  replication.ReplicationServer (ReplicationServer.java:start(130)) - ReplicationServer is started using port 15149
2023-09-08 11:19:23,807 [EndpointStateMachine task thread for /0.0.0.0:15108 - 0 ] INFO  ratis.XceiverServerRatis (XceiverServerRatis.java:start(517)) - Starting XceiverServerRatis 82b47503-614b-4a1f-aa0a-75391d5c12a5
2023-09-08 11:19:23,813 [EndpointStateMachine task thread for /0.0.0.0:15108 - 0 ] INFO  server.RaftServer (RaftServerProxy.java:startImpl(400)) - 82b47503-614b-4a1f-aa0a-75391d5c12a5: start RPC server
2023-09-08 11:19:23,815 [EndpointStateMachine task thread for /0.0.0.0:15108 - 0 ] INFO  server.GrpcService (GrpcService.java:startImpl(302)) - 82b47503-614b-4a1f-aa0a-75391d5c12a5: GrpcService started, listening on 15145
2023-09-08 11:19:23,818 [EndpointStateMachine task thread for /0.0.0.0:15108 - 0 ] INFO  server.GrpcService (GrpcService.java:startImpl(302)) - 82b47503-614b-4a1f-aa0a-75391d5c12a5: GrpcService started, listening on 15147
2023-09-08 11:19:23,821 [EndpointStateMachine task thread for /0.0.0.0:15108 - 0 ] INFO  server.GrpcService (GrpcService.java:startImpl(302)) - 82b47503-614b-4a1f-aa0a-75391d5c12a5: GrpcService started, listening on 15146
2023-09-08 11:19:23,822 [EndpointStateMachine task thread for /0.0.0.0:15108 - 0 ] INFO  ratis.XceiverServerRatis (XceiverServerRatis.java:getRealPort(543)) - XceiverServerRatis 82b47503-614b-4a1f-aa0a-75391d5c12a5 is started using port 15145 for RATIS
2023-09-08 11:19:23,822 [EndpointStateMachine task thread for /0.0.0.0:15108 - 0 ] INFO  ratis.XceiverServerRatis (XceiverServerRatis.java:getRealPort(543)) - XceiverServerRatis 82b47503-614b-4a1f-aa0a-75391d5c12a5 is started using port 15146 for RATIS_ADMIN
2023-09-08 11:19:23,822 [EndpointStateMachine task thread for /0.0.0.0:15108 - 0 ] INFO  ratis.XceiverServerRatis (XceiverServerRatis.java:getRealPort(543)) - XceiverServerRatis 82b47503-614b-4a1f-aa0a-75391d5c12a5 is started using port 15147 for RATIS_SERVER
2023-09-08 11:19:23,822 [EndpointStateMachine task thread for /0.0.0.0:15108 - 0 ] INFO  ratis.XceiverServerRatis (XceiverServerRatis.java:getRealPort(543)) - XceiverServerRatis 82b47503-614b-4a1f-aa0a-75391d5c12a5 is started using port 15148 for RATIS_DATASTREAM
2023-09-08 11:19:23,822 [JvmPauseMonitor19] INFO  util.JvmPauseMonitor (JvmPauseMonitor.java:run(103)) - JvmPauseMonitor-82b47503-614b-4a1f-aa0a-75391d5c12a5: Started
2023-09-08 11:19:23,825 [BlockDeletingService#0] INFO  interfaces.ContainerDeletionChoosingPolicyTemplate (ContainerDeletionChoosingPolicyTemplate.java:chooseContainerForBlockDeletion(85)) - Chosen 0/5000 blocks from 0 candidate containers.
2023-09-08 11:19:24,084 [main] INFO  ozone.MiniOzoneClusterImpl (MiniOzoneClusterImpl.java:lambda$waitForClusterToBeReady$0(224)) - Waiting for nodes to be ready. Got 0 of 5 DN Heartbeats.
2023-09-08 11:19:24,084 [main] INFO  ozone.MiniOzoneClusterImpl (MiniOzoneClusterImpl.java:lambda$waitForClusterToBeReady$0(227)) - Waiting for cluster to exit safe mode
2023-09-08 11:19:24,084 [main] INFO  ozone.MiniOzoneClusterImpl (MiniOzoneClusterImpl.java:lambda$waitForClusterToBeReady$0(229)) - SCM became leader
2023-09-08 11:19:24,142 [EndpointStateMachine task thread for /0.0.0.0:15108 - 0 ] INFO  utils.DatanodeStoreCache (DatanodeStoreCache.java:addDB(66)) - Added db /home/runner/work/ozone/ozone/hadoop-ozone/integration-test/target/test-dir/MiniOzoneClusterImpl-b03496ff-6041-4009-870e-fb613b325751/datanode-4/data-0/containers/hdds/b03496ff-6041-4009-870e-fb613b325751/DS-69fedf0a-61b9-4b94-9813-f689da174aec/container.db to cache
2023-09-08 11:19:24,142 [EndpointStateMachine task thread for /0.0.0.0:15108 - 0 ] INFO  volume.HddsVolume (HddsVolume.java:createDbStore(422)) - SchemaV3 db is created and loaded at /home/runner/work/ozone/ozone/hadoop-ozone/integration-test/target/test-dir/MiniOzoneClusterImpl-b03496ff-6041-4009-870e-fb613b325751/datanode-4/data-0/containers/hdds/b03496ff-6041-4009-870e-fb613b325751/DS-69fedf0a-61b9-4b94-9813-f689da174aec/container.db for volume DS-69fedf0a-61b9-4b94-9813-f689da174aec
2023-09-08 11:19:24,143 [EndpointStateMachine task thread for /0.0.0.0:15108 - 0 ] INFO  volume.ThrottledAsyncChecker (ThrottledAsyncChecker.java:schedule(141)) - Scheduling a check for /home/runner/work/ozone/ozone/hadoop-ozone/integration-test/target/test-dir/MiniOzoneClusterImpl-b03496ff-6041-4009-870e-fb613b325751/datanode-4/data-0/containers/hdds
2023-09-08 11:19:24,143 [EndpointStateMachine task thread for /0.0.0.0:15108 - 0 ] INFO  volume.StorageVolumeChecker (StorageVolumeChecker.java:checkAllVolumes(213)) - Scheduled health check for volume /home/runner/work/ozone/ozone/hadoop-ozone/integration-test/target/test-dir/MiniOzoneClusterImpl-b03496ff-6041-4009-870e-fb613b325751/datanode-4/data-0/containers/hdds
2023-09-08 11:19:24,146 [EndpointStateMachine task thread for /0.0.0.0:15108 - 0 ] INFO  volume.ThrottledAsyncChecker (ThrottledAsyncChecker.java:schedule(141)) - Scheduling a check for /home/runner/work/ozone/ozone/hadoop-ozone/integration-test/target/test-dir/MiniOzoneClusterImpl-b03496ff-6041-4009-870e-fb613b325751/datanode-4/data/ratis
2023-09-08 11:19:24,146 [EndpointStateMachine task thread for /0.0.0.0:15108 - 0 ] INFO  volume.StorageVolumeChecker (StorageVolumeChecker.java:checkAllVolumes(213)) - Scheduled health check for volume /home/runner/work/ozone/ozone/hadoop-ozone/integration-test/target/test-dir/MiniOzoneClusterImpl-b03496ff-6041-4009-870e-fb613b325751/datanode-4/data/ratis
2023-09-08 11:19:24,147 [EndpointStateMachine task thread for /0.0.0.0:15108 - 0 ] INFO  ozoneimpl.OzoneContainer (OzoneContainer.java:start(429)) - Attempting to start container services.
2023-09-08 11:19:24,147 [EndpointStateMachine task thread for /0.0.0.0:15108 - 0 ] INFO  ozoneimpl.OzoneContainer (OzoneContainer.java:startContainerScrub(325)) - Scheduled background container scanners and the on-demand container scanner have been disabled.
2023-09-08 11:19:24,149 [EndpointStateMachine task thread for /0.0.0.0:15108 - 0 ] INFO  replication.ReplicationServer (ReplicationServer.java:start(130)) - ReplicationServer is started using port 15158
2023-09-08 11:19:24,149 [EndpointStateMachine task thread for /0.0.0.0:15108 - 0 ] INFO  ratis.XceiverServerRatis (XceiverServerRatis.java:start(517)) - Starting XceiverServerRatis ced5577c-1b9f-4df4-b1d3-afb76f4739eb
2023-09-08 11:19:24,150 [EndpointStateMachine task thread for /0.0.0.0:15108 - 0 ] INFO  server.RaftServer (RaftServerProxy.java:startImpl(400)) - ced5577c-1b9f-4df4-b1d3-afb76f4739eb: start RPC server
2023-09-08 11:19:24,152 [EndpointStateMachine task thread for /0.0.0.0:15108 - 0 ] INFO  server.GrpcService (GrpcService.java:startImpl(302)) - ced5577c-1b9f-4df4-b1d3-afb76f4739eb: GrpcService started, listening on 15154
2023-09-08 11:19:24,156 [EndpointStateMachine task thread for /0.0.0.0:15108 - 0 ] INFO  server.GrpcService (GrpcService.java:startImpl(302)) - ced5577c-1b9f-4df4-b1d3-afb76f4739eb: GrpcService started, listening on 15156
2023-09-08 11:19:24,157 [EndpointStateMachine task thread for /0.0.0.0:15108 - 0 ] INFO  server.GrpcService (GrpcService.java:startImpl(302)) - ced5577c-1b9f-4df4-b1d3-afb76f4739eb: GrpcService started, listening on 15155
2023-09-08 11:19:24,157 [EndpointStateMachine task thread for /0.0.0.0:15108 - 0 ] INFO  ratis.XceiverServerRatis (XceiverServerRatis.java:getRealPort(543)) - XceiverServerRatis ced5577c-1b9f-4df4-b1d3-afb76f4739eb is started using port 15154 for RATIS
2023-09-08 11:19:24,157 [EndpointStateMachine task thread for /0.0.0.0:15108 - 0 ] INFO  ratis.XceiverServerRatis (XceiverServerRatis.java:getRealPort(543)) - XceiverServerRatis ced5577c-1b9f-4df4-b1d3-afb76f4739eb is started using port 15155 for RATIS_ADMIN
2023-09-08 11:19:24,157 [JvmPauseMonitor20] INFO  util.JvmPauseMonitor (JvmPauseMonitor.java:run(103)) - JvmPauseMonitor-ced5577c-1b9f-4df4-b1d3-afb76f4739eb: Started
2023-09-08 11:19:24,157 [EndpointStateMachine task thread for /0.0.0.0:15108 - 0 ] INFO  ratis.XceiverServerRatis (XceiverServerRatis.java:getRealPort(543)) - XceiverServerRatis ced5577c-1b9f-4df4-b1d3-afb76f4739eb is started using port 15156 for RATIS_SERVER
2023-09-08 11:19:24,157 [EndpointStateMachine task thread for /0.0.0.0:15108 - 0 ] INFO  ratis.XceiverServerRatis (XceiverServerRatis.java:getRealPort(543)) - XceiverServerRatis ced5577c-1b9f-4df4-b1d3-afb76f4739eb is started using port 15157 for RATIS_DATASTREAM
2023-09-08 11:19:24,160 [BlockDeletingService#0] INFO  interfaces.ContainerDeletionChoosingPolicyTemplate (ContainerDeletionChoosingPolicyTemplate.java:chooseContainerForBlockDeletion(85)) - Chosen 0/5000 blocks from 0 candidate containers.
2023-09-08 11:19:24,665 [IPC Server handler 4 on default port 15108] INFO  net.NetworkTopologyImpl (NetworkTopologyImpl.java:add(112)) - Added a new node: /default-rack/ccde687e-3bc0-46e3-98cf-cb73a4745fdb
2023-09-08 11:19:24,666 [IPC Server handler 4 on default port 15108] INFO  node.SCMNodeManager (SCMNodeManager.java:register(405)) - Registered Data node : ccde687e-3bc0-46e3-98cf-cb73a4745fdb{ip: 10.1.0.72, host: fv-az203-160.hq41me5fykbulac445kfrvsskg.dx.internal.cloudapp.net, ports: [HTTP=15115, CLIENT_RPC=15116, REPLICATION=15122, RATIS=15118, RATIS_ADMIN=15119, RATIS_SERVER=15120, RATIS_DATASTREAM=15121, STANDALONE=15117], networkLocation: /default-rack, certSerialId: null, persistedOpState: null, persistedOpStateExpiryEpochSec: 0}
2023-09-08 11:19:24,669 [EventQueue-NodeRegistrationContainerReportForDataNodeSafeModeRule] INFO  safemode.SCMSafeModeManager (DataNodeSafeModeRule.java:process(71)) - SCM in safe mode. 1 DataNodes registered, 3 required.
2023-09-08 11:19:24,670 [EventQueue-NodeRegistrationContainerReportForContainerSafeModeRule] INFO  safemode.SCMSafeModeManager (SCMSafeModeManager.java:validateSafeModeExitRules(200)) - ContainerSafeModeRule rule is successfully validated
2023-09-08 11:19:24,672 [EventQueue-PipelineReportForOneReplicaPipelineSafeModeRule] INFO  safemode.SCMSafeModeManager (SCMSafeModeManager.java:validateSafeModeExitRules(200)) - AtleastOneDatanodeReportedRule rule is successfully validated
2023-09-08 11:19:24,672 [EventQueue-NewNodeForNewNodeHandler] INFO  pipeline.BackgroundPipelineCreator (BackgroundPipelineCreator.java:notifyEventTriggered(277)) - trigger a one-shot run on RatisPipelineUtilsThread.
2023-09-08 11:19:24,672 [RatisPipelineUtilsThread - 0] INFO  pipeline.RatisPipelineProvider (RatisPipelineProvider.java:lambda$create$0(206)) - Sending CreatePipelineCommand for pipeline:PipelineID=12032404-8111-4f99-87d5-b81657ea62b4 to datanode:ccde687e-3bc0-46e3-98cf-cb73a4745fdb
2023-09-08 11:19:24,673 [RatisPipelineUtilsThread - 0] INFO  pipeline.BackgroundPipelineCreator (BackgroundPipelineCreator.java:createPipelines(233)) - Created new pipeline Pipeline[ Id: 12032404-8111-4f99-87d5-b81657ea62b4, Nodes: ccde687e-3bc0-46e3-98cf-cb73a4745fdb(fv-az203-160.hq41me5fykbulac445kfrvsskg.dx.internal.cloudapp.net/10.1.0.72), ReplicationConfig: RATIS/ONE, State:ALLOCATED, leaderId:, CreationTimestamp2023-09-08T11:19:24.672Z[Etc/UTC]]
2023-09-08 11:19:25,061 [IPC Server handler 0 on default port 15108] INFO  net.NetworkTopologyImpl (NetworkTopologyImpl.java:add(112)) - Added a new node: /default-rack/03f108d1-7670-46de-a663-64a53fa7aba7
2023-09-08 11:19:25,062 [IPC Server handler 0 on default port 15108] INFO  node.SCMNodeManager (SCMNodeManager.java:register(405)) - Registered Data node : 03f108d1-7670-46de-a663-64a53fa7aba7{ip: 10.1.0.72, host: fv-az203-160.hq41me5fykbulac445kfrvsskg.dx.internal.cloudapp.net, ports: [HTTP=15124, CLIENT_RPC=15125, REPLICATION=15131, RATIS=15127, RATIS_ADMIN=15128, RATIS_SERVER=15129, RATIS_DATASTREAM=15130, STANDALONE=15126], networkLocation: /default-rack, certSerialId: null, persistedOpState: null, persistedOpStateExpiryEpochSec: 0}
2023-09-08 11:19:25,063 [EventQueue-NewNodeForNewNodeHandler] INFO  pipeline.BackgroundPipelineCreator (BackgroundPipelineCreator.java:notifyEventTriggered(277)) - trigger a one-shot run on RatisPipelineUtilsThread.
2023-09-08 11:19:25,063 [EventQueue-NodeRegistrationContainerReportForDataNodeSafeModeRule] INFO  safemode.SCMSafeModeManager (DataNodeSafeModeRule.java:process(71)) - SCM in safe mode. 2 DataNodes registered, 3 required.
2023-09-08 11:19:25,064 [RatisPipelineUtilsThread - 0] INFO  pipeline.RatisPipelineProvider (RatisPipelineProvider.java:lambda$create$0(206)) - Sending CreatePipelineCommand for pipeline:PipelineID=e24e7845-d183-465d-82b9-f4d0e7223d43 to datanode:03f108d1-7670-46de-a663-64a53fa7aba7
2023-09-08 11:19:25,065 [RatisPipelineUtilsThread - 0] INFO  pipeline.BackgroundPipelineCreator (BackgroundPipelineCreator.java:createPipelines(233)) - Created new pipeline Pipeline[ Id: e24e7845-d183-465d-82b9-f4d0e7223d43, Nodes: 03f108d1-7670-46de-a663-64a53fa7aba7(fv-az203-160.hq41me5fykbulac445kfrvsskg.dx.internal.cloudapp.net/10.1.0.72), ReplicationConfig: RATIS/ONE, State:ALLOCATED, leaderId:, CreationTimestamp2023-09-08T11:19:25.064Z[Etc/UTC]]
2023-09-08 11:19:25,084 [main] INFO  ozone.MiniOzoneClusterImpl (MiniOzoneClusterImpl.java:lambda$waitForClusterToBeReady$0(224)) - Waiting for nodes to be ready. Got 2 of 5 DN Heartbeats.
2023-09-08 11:19:25,084 [main] INFO  ozone.MiniOzoneClusterImpl (MiniOzoneClusterImpl.java:lambda$waitForClusterToBeReady$0(227)) - Waiting for cluster to exit safe mode
2023-09-08 11:19:25,085 [main] INFO  ozone.MiniOzoneClusterImpl (MiniOzoneClusterImpl.java:lambda$waitForClusterToBeReady$0(229)) - SCM became leader
2023-09-08 11:19:25,422 [IPC Server handler 4 on default port 15108] INFO  net.NetworkTopologyImpl (NetworkTopologyImpl.java:add(112)) - Added a new node: /default-rack/86b604ca-d593-47c1-a869-330a99737efc
2023-09-08 11:19:25,422 [IPC Server handler 4 on default port 15108] INFO  node.SCMNodeManager (SCMNodeManager.java:register(405)) - Registered Data node : 86b604ca-d593-47c1-a869-330a99737efc{ip: 10.1.0.72, host: fv-az203-160.hq41me5fykbulac445kfrvsskg.dx.internal.cloudapp.net, ports: [HTTP=15133, CLIENT_RPC=15134, REPLICATION=15140, RATIS=15136, RATIS_ADMIN=15137, RATIS_SERVER=15138, RATIS_DATASTREAM=15139, STANDALONE=15135], networkLocation: /default-rack, certSerialId: null, persistedOpState: null, persistedOpStateExpiryEpochSec: 0}
2023-09-08 11:19:25,423 [EventQueue-NewNodeForNewNodeHandler] INFO  pipeline.BackgroundPipelineCreator (BackgroundPipelineCreator.java:notifyEventTriggered(277)) - trigger a one-shot run on RatisPipelineUtilsThread.
2023-09-08 11:19:25,423 [EventQueue-NodeRegistrationContainerReportForDataNodeSafeModeRule] INFO  safemode.SCMSafeModeManager (DataNodeSafeModeRule.java:process(71)) - SCM in safe mode. 3 DataNodes registered, 3 required.
2023-09-08 11:19:25,423 [EventQueue-NodeRegistrationContainerReportForDataNodeSafeModeRule] INFO  safemode.SCMSafeModeManager (SCMSafeModeManager.java:validateSafeModeExitRules(200)) - DataNodeSafeModeRule rule is successfully validated
2023-09-08 11:19:25,423 [EventQueue-NodeRegistrationContainerReportForDataNodeSafeModeRule] INFO  safemode.SCMSafeModeManager (SCMSafeModeManager.java:completePreCheck(229)) - All SCM safe mode pre check rules have passed
2023-09-08 11:19:25,423 [EventQueue-NodeRegistrationContainerReportForDataNodeSafeModeRule] INFO  ha.SCMContext (SCMContext.java:updateSafeModeStatus(228)) - Update SafeModeStatus from SafeModeStatus{safeModeStatus=true, preCheckPassed=false} to SafeModeStatus{safeModeStatus=true, preCheckPassed=true}.
2023-09-08 11:19:25,423 [EventQueue-NodeRegistrationContainerReportForDataNodeSafeModeRule] INFO  pipeline.BackgroundPipelineCreator (BackgroundPipelineCreator.java:notifyEventTriggered(277)) - trigger a one-shot run on RatisPipelineUtilsThread.
2023-09-08 11:19:25,423 [RatisPipelineUtilsThread - 0] INFO  pipeline.RatisPipelineProvider (RatisPipelineProvider.java:lambda$create$0(206)) - Sending CreatePipelineCommand for pipeline:PipelineID=22170cb6-17d0-466a-8562-e5c8ce52e2cd to datanode:86b604ca-d593-47c1-a869-330a99737efc
2023-09-08 11:19:25,424 [RatisPipelineUtilsThread - 0] INFO  pipeline.BackgroundPipelineCreator (BackgroundPipelineCreator.java:createPipelines(233)) - Created new pipeline Pipeline[ Id: 22170cb6-17d0-466a-8562-e5c8ce52e2cd, Nodes: 86b604ca-d593-47c1-a869-330a99737efc(fv-az203-160.hq41me5fykbulac445kfrvsskg.dx.internal.cloudapp.net/10.1.0.72), ReplicationConfig: RATIS/ONE, State:ALLOCATED, leaderId:, CreationTimestamp2023-09-08T11:19:25.423Z[Etc/UTC]]
2023-09-08 11:19:25,424 [RatisPipelineUtilsThread - 0] INFO  pipeline.RatisPipelineProvider (RatisPipelineProvider.java:lambda$create$0(206)) - Sending CreatePipelineCommand for pipeline:PipelineID=f56822c3-6ef4-41d9-89bd-7c7f1ae0e7d9 to datanode:86b604ca-d593-47c1-a869-330a99737efc
2023-09-08 11:19:25,424 [RatisPipelineUtilsThread - 0] INFO  pipeline.RatisPipelineProvider (RatisPipelineProvider.java:lambda$create$0(206)) - Sending CreatePipelineCommand for pipeline:PipelineID=f56822c3-6ef4-41d9-89bd-7c7f1ae0e7d9 to datanode:ccde687e-3bc0-46e3-98cf-cb73a4745fdb
2023-09-08 11:19:25,424 [RatisPipelineUtilsThread - 0] INFO  pipeline.RatisPipelineProvider (RatisPipelineProvider.java:lambda$create$0(206)) - Sending CreatePipelineCommand for pipeline:PipelineID=f56822c3-6ef4-41d9-89bd-7c7f1ae0e7d9 to datanode:03f108d1-7670-46de-a663-64a53fa7aba7
2023-09-08 11:19:25,425 [RatisPipelineUtilsThread - 0] INFO  pipeline.BackgroundPipelineCreator (BackgroundPipelineCreator.java:createPipelines(233)) - Created new pipeline Pipeline[ Id: f56822c3-6ef4-41d9-89bd-7c7f1ae0e7d9, Nodes: 86b604ca-d593-47c1-a869-330a99737efc(fv-az203-160.hq41me5fykbulac445kfrvsskg.dx.internal.cloudapp.net/10.1.0.72)ccde687e-3bc0-46e3-98cf-cb73a4745fdb(fv-az203-160.hq41me5fykbulac445kfrvsskg.dx.internal.cloudapp.net/10.1.0.72)03f108d1-7670-46de-a663-64a53fa7aba7(fv-az203-160.hq41me5fykbulac445kfrvsskg.dx.internal.cloudapp.net/10.1.0.72), ReplicationConfig: RATIS/THREE, State:ALLOCATED, leaderId:, CreationTimestamp2023-09-08T11:19:25.424Z[Etc/UTC]]
2023-09-08 11:19:25,425 [RatisPipelineUtilsThread - 0] INFO  pipeline.RatisPipelineProvider (RatisPipelineProvider.java:lambda$create$0(206)) - Sending CreatePipelineCommand for pipeline:PipelineID=7a8bc299-87da-4858-abc5-02558dd72f89 to datanode:03f108d1-7670-46de-a663-64a53fa7aba7
2023-09-08 11:19:25,425 [RatisPipelineUtilsThread - 0] INFO  pipeline.RatisPipelineProvider (RatisPipelineProvider.java:lambda$create$0(206)) - Sending CreatePipelineCommand for pipeline:PipelineID=7a8bc299-87da-4858-abc5-02558dd72f89 to datanode:ccde687e-3bc0-46e3-98cf-cb73a4745fdb
2023-09-08 11:19:25,426 [RatisPipelineUtilsThread - 0] INFO  pipeline.RatisPipelineProvider (RatisPipelineProvider.java:lambda$create$0(206)) - Sending CreatePipelineCommand for pipeline:PipelineID=7a8bc299-87da-4858-abc5-02558dd72f89 to datanode:86b604ca-d593-47c1-a869-330a99737efc
2023-09-08 11:19:25,426 [RatisPipelineUtilsThread - 0] INFO  pipeline.PipelineManagerImpl (PipelineManagerImpl.java:recordMetricsForPipeline(914)) - Pipeline: PipelineID=7a8bc299-87da-4858-abc5-02558dd72f89 contains same datanodes as previous pipelines: PipelineID=f56822c3-6ef4-41d9-89bd-7c7f1ae0e7d9 nodeIds: 03f108d1-7670-46de-a663-64a53fa7aba7, ccde687e-3bc0-46e3-98cf-cb73a4745fdb, 86b604ca-d593-47c1-a869-330a99737efc
2023-09-08 11:19:25,426 [RatisPipelineUtilsThread - 0] INFO  pipeline.BackgroundPipelineCreator (BackgroundPipelineCreator.java:createPipelines(233)) - Created new pipeline Pipeline[ Id: 7a8bc299-87da-4858-abc5-02558dd72f89, Nodes: 03f108d1-7670-46de-a663-64a53fa7aba7(fv-az203-160.hq41me5fykbulac445kfrvsskg.dx.internal.cloudapp.net/10.1.0.72)ccde687e-3bc0-46e3-98cf-cb73a4745fdb(fv-az203-160.hq41me5fykbulac445kfrvsskg.dx.internal.cloudapp.net/10.1.0.72)86b604ca-d593-47c1-a869-330a99737efc(fv-az203-160.hq41me5fykbulac445kfrvsskg.dx.internal.cloudapp.net/10.1.0.72), ReplicationConfig: RATIS/THREE, State:ALLOCATED, leaderId:, CreationTimestamp2023-09-08T11:19:25.425Z[Etc/UTC]]
2023-09-08 11:19:25,748 [IPC Server handler 5 on default port 15108] INFO  net.NetworkTopologyImpl (NetworkTopologyImpl.java:add(112)) - Added a new node: /default-rack/82b47503-614b-4a1f-aa0a-75391d5c12a5
2023-09-08 11:19:25,748 [IPC Server handler 5 on default port 15108] INFO  node.SCMNodeManager (SCMNodeManager.java:register(405)) - Registered Data node : 82b47503-614b-4a1f-aa0a-75391d5c12a5{ip: 10.1.0.72, host: fv-az203-160.hq41me5fykbulac445kfrvsskg.dx.internal.cloudapp.net, ports: [HTTP=15142, CLIENT_RPC=15143, REPLICATION=15149, RATIS=15145, RATIS_ADMIN=15146, RATIS_SERVER=15147, RATIS_DATASTREAM=15148, STANDALONE=15144], networkLocation: /default-rack, certSerialId: null, persistedOpState: null, persistedOpStateExpiryEpochSec: 0}
2023-09-08 11:19:25,749 [EventQueue-NewNodeForNewNodeHandler] INFO  pipeline.BackgroundPipelineCreator (BackgroundPipelineCreator.java:notifyEventTriggered(277)) - trigger a one-shot run on RatisPipelineUtilsThread.
2023-09-08 11:19:25,751 [RatisPipelineUtilsThread - 0] INFO  pipeline.RatisPipelineProvider (RatisPipelineProvider.java:lambda$create$0(206)) - Sending CreatePipelineCommand for pipeline:PipelineID=de0e35c7-a7ce-41fa-86f3-ec417510140a to datanode:82b47503-614b-4a1f-aa0a-75391d5c12a5
2023-09-08 11:19:25,752 [RatisPipelineUtilsThread - 0] INFO  pipeline.BackgroundPipelineCreator (BackgroundPipelineCreator.java:createPipelines(233)) - Created new pipeline Pipeline[ Id: de0e35c7-a7ce-41fa-86f3-ec417510140a, Nodes: 82b47503-614b-4a1f-aa0a-75391d5c12a5(fv-az203-160.hq41me5fykbulac445kfrvsskg.dx.internal.cloudapp.net/10.1.0.72), ReplicationConfig: RATIS/ONE, State:ALLOCATED, leaderId:, CreationTimestamp2023-09-08T11:19:25.751Z[Etc/UTC]]
2023-09-08 11:19:26,085 [main] INFO  ozone.MiniOzoneClusterImpl (MiniOzoneClusterImpl.java:lambda$waitForClusterToBeReady$0(224)) - Waiting for nodes to be ready. Got 4 of 5 DN Heartbeats.
2023-09-08 11:19:26,085 [main] INFO  ozone.MiniOzoneClusterImpl (MiniOzoneClusterImpl.java:lambda$waitForClusterToBeReady$0(227)) - Waiting for cluster to exit safe mode
2023-09-08 11:19:26,085 [main] INFO  ozone.MiniOzoneClusterImpl (MiniOzoneClusterImpl.java:lambda$waitForClusterToBeReady$0(229)) - SCM became leader
2023-09-08 11:19:26,095 [IPC Server handler 3 on default port 15108] INFO  net.NetworkTopologyImpl (NetworkTopologyImpl.java:add(112)) - Added a new node: /default-rack/ced5577c-1b9f-4df4-b1d3-afb76f4739eb
2023-09-08 11:19:26,096 [IPC Server handler 3 on default port 15108] INFO  node.SCMNodeManager (SCMNodeManager.java:register(405)) - Registered Data node : ced5577c-1b9f-4df4-b1d3-afb76f4739eb{ip: 10.1.0.72, host: fv-az203-160.hq41me5fykbulac445kfrvsskg.dx.internal.cloudapp.net, ports: [HTTP=15151, CLIENT_RPC=15152, REPLICATION=15158, RATIS=15154, RATIS_ADMIN=15155, RATIS_SERVER=15156, RATIS_DATASTREAM=15157, STANDALONE=15153], networkLocation: /default-rack, certSerialId: null, persistedOpState: null, persistedOpStateExpiryEpochSec: 0}
2023-09-08 11:19:26,096 [EventQueue-NewNodeForNewNodeHandler] INFO  pipeline.BackgroundPipelineCreator (BackgroundPipelineCreator.java:notifyEventTriggered(277)) - trigger a one-shot run on RatisPipelineUtilsThread.
2023-09-08 11:19:26,097 [RatisPipelineUtilsThread - 0] INFO  pipeline.RatisPipelineProvider (RatisPipelineProvider.java:lambda$create$0(206)) - Sending CreatePipelineCommand for pipeline:PipelineID=a687d425-9231-4658-b1a1-ac77705e4be5 to datanode:ced5577c-1b9f-4df4-b1d3-afb76f4739eb
2023-09-08 11:19:26,098 [RatisPipelineUtilsThread - 0] INFO  pipeline.BackgroundPipelineCreator (BackgroundPipelineCreator.java:createPipelines(233)) - Created new pipeline Pipeline[ Id: a687d425-9231-4658-b1a1-ac77705e4be5, Nodes: ced5577c-1b9f-4df4-b1d3-afb76f4739eb(fv-az203-160.hq41me5fykbulac445kfrvsskg.dx.internal.cloudapp.net/10.1.0.72), ReplicationConfig: RATIS/ONE, State:ALLOCATED, leaderId:, CreationTimestamp2023-09-08T11:19:26.097Z[Etc/UTC]]
2023-09-08 11:19:27,086 [main] INFO  ozone.MiniOzoneClusterImpl (MiniOzoneClusterImpl.java:lambda$waitForClusterToBeReady$0(224)) - Nodes are ready. Got 5 of 5 DN Heartbeats.
2023-09-08 11:19:27,086 [main] INFO  ozone.MiniOzoneClusterImpl (MiniOzoneClusterImpl.java:lambda$waitForClusterToBeReady$0(227)) - Waiting for cluster to exit safe mode
2023-09-08 11:19:27,086 [main] INFO  ozone.MiniOzoneClusterImpl (MiniOzoneClusterImpl.java:lambda$waitForClusterToBeReady$0(229)) - SCM became leader
2023-09-08 11:19:27,667 [PipelineCommandHandlerThread-0] INFO  server.RaftServer (RaftServerProxy.java:addNew(98)) - ccde687e-3bc0-46e3-98cf-cb73a4745fdb: addNew group-B81657EA62B4:[ccde687e-3bc0-46e3-98cf-cb73a4745fdb|rpc:10.1.0.72:15120|admin:10.1.0.72:15119|client:10.1.0.72:15118|dataStream:10.1.0.72:15121|priority:1|startupRole:FOLLOWER] returns group-B81657EA62B4:java.util.concurrent.CompletableFuture@1abb02f6[Not completed]
2023-09-08 11:19:27,668 [ccde687e-3bc0-46e3-98cf-cb73a4745fdb-groupManagement] INFO  server.RaftServer$Division (RaftServerImpl.java:<init>(198)) - ccde687e-3bc0-46e3-98cf-cb73a4745fdb: new RaftServerImpl for group-B81657EA62B4:[ccde687e-3bc0-46e3-98cf-cb73a4745fdb|rpc:10.1.0.72:15120|admin:10.1.0.72:15119|client:10.1.0.72:15118|dataStream:10.1.0.72:15121|priority:1|startupRole:FOLLOWER] with ContainerStateMachine:uninitialized
2023-09-08 11:19:27,668 [ccde687e-3bc0-46e3-98cf-cb73a4745fdb-groupManagement] INFO  server.RaftServerConfigKeys (ConfUtils.java:logGet(46)) - raft.server.rpc.timeout.min = 5s (custom)
2023-09-08 11:19:27,668 [ccde687e-3bc0-46e3-98cf-cb73a4745fdb-groupManagement] INFO  server.RaftServerConfigKeys (ConfUtils.java:logGet(46)) - raft.server.rpc.timeout.max = 5200ms (custom)
2023-09-08 11:19:27,668 [ccde687e-3bc0-46e3-98cf-cb73a4745fdb-groupManagement] INFO  server.RaftServerConfigKeys (ConfUtils.java:logGet(46)) - raft.server.rpc.sleep.time = 25ms (default)
2023-09-08 11:19:27,668 [ccde687e-3bc0-46e3-98cf-cb73a4745fdb-groupManagement] INFO  server.RaftServerConfigKeys (ConfUtils.java:logGet(46)) - raft.server.rpc.slowness.timeout = 300s (custom)
2023-09-08 11:19:27,668 [ccde687e-3bc0-46e3-98cf-cb73a4745fdb-groupManagement] INFO  server.RaftServerConfigKeys (ConfUtils.java:logGet(46)) - raft.server.leaderelection.leader.step-down.wait-time = 10s (default)
2023-09-08 11:19:27,668 [ccde687e-3bc0-46e3-98cf-cb73a4745fdb-groupManagement] INFO  server.RaftServerConfigKeys (ConfUtils.java:logGet(46)) - raft.server.sleep.deviation.threshold = 300ms (default)
2023-09-08 11:19:27,668 [ccde687e-3bc0-46e3-98cf-cb73a4745fdb-groupManagement] INFO  server.RaftServer$Division (ServerState.java:<init>(120)) - ccde687e-3bc0-46e3-98cf-cb73a4745fdb@group-B81657EA62B4: ConfigurationManager, init=-1: peers:[ccde687e-3bc0-46e3-98cf-cb73a4745fdb|rpc:10.1.0.72:15120|admin:10.1.0.72:15119|client:10.1.0.72:15118|dataStream:10.1.0.72:15121|priority:1|startupRole:FOLLOWER]|listeners:[], old=null, confs=<EMPTY_MAP>
2023-09-08 11:19:27,668 [ccde687e-3bc0-46e3-98cf-cb73a4745fdb-groupManagement] INFO  server.RaftServerConfigKeys (ConfUtils.java:logGet(46)) - raft.server.storage.dir = [/home/runner/work/ozone/ozone/hadoop-ozone/integration-test/target/test-dir/MiniOzoneClusterImpl-b03496ff-6041-4009-870e-fb613b325751/datanode-0/data/ratis] (custom)
2023-09-08 11:19:27,668 [ccde687e-3bc0-46e3-98cf-cb73a4745fdb-groupManagement] INFO  server.RaftServerConfigKeys (ConfUtils.java:logGet(46)) - raft.server.log.corruption.policy = EXCEPTION (default)
2023-09-08 11:19:27,668 [ccde687e-3bc0-46e3-98cf-cb73a4745fdb-groupManagement] INFO  server.RaftServerConfigKeys (ConfUtils.java:logGet(46)) - raft.server.storage.free-space.min = 0MB (=0) (default)
2023-09-08 11:19:27,669 [ccde687e-3bc0-46e3-98cf-cb73a4745fdb-groupManagement] INFO  server.RaftServerConfigKeys (ConfUtils.java:logGet(46)) - raft.server.notification.no-leader.timeout = 300s (custom)
2023-09-08 11:19:27,669 [ccde687e-3bc0-46e3-98cf-cb73a4745fdb-groupManagement] INFO  server.RaftServerConfigKeys (ConfUtils.java:logGet(46)) - raft.server.read.timeout = 10s (default)
2023-09-08 11:19:27,669 [ccde687e-3bc0-46e3-98cf-cb73a4745fdb-groupManagement] INFO  server.RaftServerConfigKeys (ConfUtils.java:logGet(46)) - raft.server.retrycache.expirytime = 600000ms (custom)
2023-09-08 11:19:27,669 [ccde687e-3bc0-46e3-98cf-cb73a4745fdb-groupManagement] INFO  server.RaftServerConfigKeys (ConfUtils.java:logGet(46)) - raft.server.retrycache.statistics.expirytime = 100μs (default)
2023-09-08 11:19:27,669 [ccde687e-3bc0-46e3-98cf-cb73a4745fdb-groupManagement] INFO  server.RaftServerConfigKeys (ConfUtils.java:logGet(46)) - raft.server.read.option = DEFAULT (default)
2023-09-08 11:19:27,670 [ccde687e-3bc0-46e3-98cf-cb73a4745fdb-groupManagement] INFO  server.RaftServerConfigKeys (ConfUtils.java:logGet(46)) - raft.server.rpc.request.timeout = 60s (custom)
2023-09-08 11:19:27,670 [ccde687e-3bc0-46e3-98cf-cb73a4745fdb-groupManagement] INFO  server.RaftServerConfigKeys (ConfUtils.java:logGet(46)) - raft.server.log.appender.install.snapshot.enabled = false (custom)
2023-09-08 11:19:27,670 [ccde687e-3bc0-46e3-98cf-cb73a4745fdb-groupManagement] INFO  server.RaftServerConfigKeys (ConfUtils.java:logGet(46)) - raft.server.threadpool.server.cached = true (default)
2023-09-08 11:19:27,670 [ccde687e-3bc0-46e3-98cf-cb73a4745fdb-groupManagement] INFO  server.RaftServerConfigKeys (ConfUtils.java:logGet(46)) - raft.server.threadpool.server.size = 0 (default)
2023-09-08 11:19:27,670 [ccde687e-3bc0-46e3-98cf-cb73a4745fdb-groupManagement] INFO  server.RaftServerConfigKeys (ConfUtils.java:logGet(46)) - raft.server.threadpool.client.cached = true (default)
2023-09-08 11:19:27,670 [ccde687e-3bc0-46e3-98cf-cb73a4745fdb-groupManagement] INFO  server.RaftServerConfigKeys (ConfUtils.java:logGet(46)) - raft.server.threadpool.client.size = 0 (default)
2023-09-08 11:19:27,670 [ccde687e-3bc0-46e3-98cf-cb73a4745fdb-groupManagement] INFO  storage.RaftStorageDirectory (RaftStorageDirectoryImpl.java:analyzeStorage(137)) - The storage directory /home/runner/work/ozone/ozone/hadoop-ozone/integration-test/target/test-dir/MiniOzoneClusterImpl-b03496ff-6041-4009-870e-fb613b325751/datanode-0/data/ratis/12032404-8111-4f99-87d5-b81657ea62b4 does not exist. Creating ...
2023-09-08 11:19:27,672 [ccde687e-3bc0-46e3-98cf-cb73a4745fdb-groupManagement] INFO  storage.RaftStorageDirectory (RaftStorageDirectoryImpl.java:tryLock(231)) - Lock on /home/runner/work/ozone/ozone/hadoop-ozone/integration-test/target/test-dir/MiniOzoneClusterImpl-b03496ff-6041-4009-870e-fb613b325751/datanode-0/data/ratis/12032404-8111-4f99-87d5-b81657ea62b4/in_use.lock acquired by nodename 7549@fv-az203-160
2023-09-08 11:19:27,674 [ccde687e-3bc0-46e3-98cf-cb73a4745fdb-groupManagement] INFO  storage.RaftStorage (RaftStorageImpl.java:format(96)) - Storage directory /home/runner/work/ozone/ozone/hadoop-ozone/integration-test/target/test-dir/MiniOzoneClusterImpl-b03496ff-6041-4009-870e-fb613b325751/datanode-0/data/ratis/12032404-8111-4f99-87d5-b81657ea62b4 has been successfully formatted.
2023-09-08 11:19:27,676 [ccde687e-3bc0-46e3-98cf-cb73a4745fdb-groupManagement] INFO  ratis.ContainerStateMachine (ContainerStateMachine.java:loadSnapshot(262)) - group-B81657EA62B4: The snapshot info is null. Setting the last applied indexto:(t:0, i:~)
2023-09-08 11:19:27,676 [ccde687e-3bc0-46e3-98cf-cb73a4745fdb-groupManagement] INFO  server.RaftServerConfigKeys (ConfUtils.java:logGet(46)) - raft.server.log.use.memory = false (default)
2023-09-08 11:19:27,677 [ccde687e-3bc0-46e3-98cf-cb73a4745fdb-groupManagement] INFO  server.RaftServerConfigKeys (ConfUtils.java:logGet(46)) - raft.server.log.purge.gap = 1000000 (custom)
2023-09-08 11:19:27,677 [ccde687e-3bc0-46e3-98cf-cb73a4745fdb-groupManagement] INFO  server.RaftServerConfigKeys (ConfUtils.java:logGet(46)) - raft.server.log.appender.buffer.byte-limit = 33554432 (custom)
2023-09-08 11:19:27,677 [ccde687e-3bc0-46e3-98cf-cb73a4745fdb-groupManagement] INFO  server.RaftServerConfigKeys (ConfUtils.java:logGet(46)) - raft.server.log.statemachine.data.read.timeout = 1000ms (default)
2023-09-08 11:19:27,677 [ccde687e-3bc0-46e3-98cf-cb73a4745fdb-groupManagement] INFO  server.RaftServerConfigKeys (ConfUtils.java:logGet(46)) - raft.server.log.purge.preservation.log.num = 0 (default)
2023-09-08 11:19:27,677 [ccde687e-3bc0-46e3-98cf-cb73a4745fdb-groupManagement] INFO  server.RaftServerConfigKeys (ConfUtils.java:logGet(46)) - raft.server.log.segment.size.max = 1048576 (custom)
2023-09-08 11:19:27,677 [ccde687e-3bc0-46e3-98cf-cb73a4745fdb-groupManagement] INFO  server.RaftServerConfigKeys (ConfUtils.java:logGet(46)) - raft.server.log.segment.cache.num.max = 2 (custom)
2023-09-08 11:19:27,677 [EventQueue-PipelineReportForPipelineReportHandler] INFO  pipeline.PipelineReportHandler (PipelineReportHandler.java:processPipelineReport(136)) - Opened pipeline PipelineID=12032404-8111-4f99-87d5-b81657ea62b4
2023-09-08 11:19:27,677 [ccde687e-3bc0-46e3-98cf-cb73a4745fdb-groupManagement] INFO  server.RaftServerConfigKeys (ConfUtils.java:logGet(46)) - raft.server.log.segment.cache.size.max = 200MB (=209715200) (default)
2023-09-08 11:19:27,678 [ccde687e-3bc0-46e3-98cf-cb73a4745fdb-groupManagement] INFO  server.RaftServerConfigKeys (ConfUtils.java:logGet(46)) - raft.server.log.appender.buffer.byte-limit = 33554432 (custom)
2023-09-08 11:19:27,678 [ccde687e-3bc0-46e3-98cf-cb73a4745fdb-groupManagement] INFO  segmented.SegmentedRaftLogWorker (SegmentedRaftLogWorker.java:<init>(188)) - new ccde687e-3bc0-46e3-98cf-cb73a4745fdb@group-B81657EA62B4-SegmentedRaftLogWorker for RaftStorageImpl:Storage Directory /home/runner/work/ozone/ozone/hadoop-ozone/integration-test/target/test-dir/MiniOzoneClusterImpl-b03496ff-6041-4009-870e-fb613b325751/datanode-0/data/ratis/12032404-8111-4f99-87d5-b81657ea62b4
2023-09-08 11:19:27,678 [ccde687e-3bc0-46e3-98cf-cb73a4745fdb-groupManagement] INFO  server.RaftServerConfigKeys (ConfUtils.java:logGet(46)) - raft.server.log.queue.byte-limit = 4294967296 (custom)
2023-09-08 11:19:27,678 [ccde687e-3bc0-46e3-98cf-cb73a4745fdb-groupManagement] INFO  server.RaftServerConfigKeys (ConfUtils.java:logGet(46)) - raft.server.log.queue.element-limit = 1024 (custom)
2023-09-08 11:19:27,678 [ccde687e-3bc0-46e3-98cf-cb73a4745fdb-groupManagement] INFO  server.RaftServerConfigKeys (ConfUtils.java:logGet(46)) - raft.server.log.segment.size.max = 1048576 (custom)
2023-09-08 11:19:27,678 [ccde687e-3bc0-46e3-98cf-cb73a4745fdb-groupManagement] INFO  server.RaftServerConfigKeys (ConfUtils.java:logGet(46)) - raft.server.log.preallocated.size = 16384 (custom)
2023-09-08 11:19:27,678 [ccde687e-3bc0-46e3-98cf-cb73a4745fdb-groupManagement] INFO  server.RaftServerConfigKeys (ConfUtils.java:logGet(46)) - raft.server.log.force.sync.num = 128 (default)
2023-09-08 11:19:27,678 [ccde687e-3bc0-46e3-98cf-cb73a4745fdb-groupManagement] INFO  server.RaftServerConfigKeys (ConfUtils.java:logGet(46)) - raft.server.log.statemachine.data.sync = true (default)
2023-09-08 11:19:27,678 [ccde687e-3bc0-46e3-98cf-cb73a4745fdb-groupManagement] INFO  server.RaftServerConfigKeys (ConfUtils.java:logGet(46)) - raft.server.log.statemachine.data.sync.timeout = 10s (default)
2023-09-08 11:19:27,678 [ccde687e-3bc0-46e3-98cf-cb73a4745fdb-groupManagement] INFO  server.RaftServerConfigKeys (ConfUtils.java:logGet(46)) - raft.server.log.statemachine.data.sync.timeout.retry = -1 (default)
2023-09-08 11:19:27,680 [ccde687e-3bc0-46e3-98cf-cb73a4745fdb-groupManagement] INFO  server.RaftServerConfigKeys (ConfUtils.java:logGet(46)) - raft.server.log.write.buffer.size = 1048576 (custom)
2023-09-08 11:19:27,680 [ccde687e-3bc0-46e3-98cf-cb73a4745fdb-groupManagement] INFO  server.RaftServerConfigKeys (ConfUtils.java:logGet(46)) - raft.server.log.appender.buffer.byte-limit = 33554432 (custom)
2023-09-08 11:19:27,687 [EventQueue-OpenPipelineForHealthyPipelineSafeModeRule] INFO  safemode.SCMSafeModeManager (HealthyPipelineSafeModeRule.java:process(137)) - SCM in safe mode. Healthy pipelines reported count is 0, required healthy pipeline reported count is 1
2023-09-08 11:19:27,688 [ccde687e-3bc0-46e3-98cf-cb73a4745fdb-groupManagement] INFO  server.RaftServerConfigKeys (ConfUtils.java:logGet(46)) - raft.server.log.unsafe-flush.enabled = false (default)
2023-09-08 11:19:27,688 [ccde687e-3bc0-46e3-98cf-cb73a4745fdb-groupManagement] INFO  server.RaftServerConfigKeys (ConfUtils.java:logGet(46)) - raft.server.log.async-flush.enabled = false (default)
2023-09-08 11:19:27,688 [ccde687e-3bc0-46e3-98cf-cb73a4745fdb-groupManagement] INFO  server.RaftServerConfigKeys (ConfUtils.java:logGet(46)) - raft.server.log.statemachine.data.caching.enabled = true (custom)
2023-09-08 11:19:27,688 [ccde687e-3bc0-46e3-98cf-cb73a4745fdb-groupManagement] INFO  segmented.SegmentedRaftLogWorker (SegmentedRaftLogWorker.java:lambda$new$0(135)) - ccde687e-3bc0-46e3-98cf-cb73a4745fdb@group-B81657EA62B4-SegmentedRaftLogWorker: flushIndex: setUnconditionally 0 -> -1
2023-09-08 11:19:27,688 [ccde687e-3bc0-46e3-98cf-cb73a4745fdb-groupManagement] INFO  segmented.SegmentedRaftLogWorker (SegmentedRaftLogWorker.java:lambda$new$0(135)) - ccde687e-3bc0-46e3-98cf-cb73a4745fdb@group-B81657EA62B4-SegmentedRaftLogWorker: safeCacheEvictIndex: setUnconditionally 0 -> -1
2023-09-08 11:19:27,688 [ccde687e-3bc0-46e3-98cf-cb73a4745fdb-groupManagement] INFO  server.RaftServer$Division (RaftServerImpl.java:start(342)) - ccde687e-3bc0-46e3-98cf-cb73a4745fdb@group-B81657EA62B4: start as a follower, conf=-1: peers:[ccde687e-3bc0-46e3-98cf-cb73a4745fdb|rpc:10.1.0.72:15120|admin:10.1.0.72:15119|client:10.1.0.72:15118|dataStream:10.1.0.72:15121|priority:1|startupRole:FOLLOWER]|listeners:[], old=null
2023-09-08 11:19:27,688 [ccde687e-3bc0-46e3-98cf-cb73a4745fdb-groupManagement] INFO  server.RaftServer$Division (RaftServerImpl.java:setRole(329)) - ccde687e-3bc0-46e3-98cf-cb73a4745fdb@group-B81657EA62B4: changes role from      null to FOLLOWER at term 0 for startAsFollower
2023-09-08 11:19:27,688 [ccde687e-3bc0-46e3-98cf-cb73a4745fdb-groupManagement] INFO  impl.RoleInfo (RoleInfo.java:updateAndGet(139)) - ccde687e-3bc0-46e3-98cf-cb73a4745fdb: start ccde687e-3bc0-46e3-98cf-cb73a4745fdb@group-B81657EA62B4-FollowerState
2023-09-08 11:19:27,689 [ccde687e-3bc0-46e3-98cf-cb73a4745fdb-groupManagement] INFO  util.JmxRegister (JmxRegister.java:tryRegister(44)) - Successfully registered JMX Bean with object name Ratis:service=RaftServer,group=group-B81657EA62B4,id=ccde687e-3bc0-46e3-98cf-cb73a4745fdb
2023-09-08 11:19:27,689 [ccde687e-3bc0-46e3-98cf-cb73a4745fdb-groupManagement] INFO  server.RaftServerConfigKeys (ConfUtils.java:logGet(46)) - raft.server.snapshot.auto.trigger.enabled = true (custom)
2023-09-08 11:19:27,689 [ccde687e-3bc0-46e3-98cf-cb73a4745fdb-groupManagement] INFO  server.RaftServerConfigKeys (ConfUtils.java:logGet(46)) - raft.server.snapshot.auto.trigger.threshold = 10000 (custom)
2023-09-08 11:19:27,689 [ccde687e-3bc0-46e3-98cf-cb73a4745fdb-groupManagement] INFO  server.RaftServerConfigKeys (ConfUtils.java:logGet(46)) - raft.server.snapshot.retention.file.num = 5 (custom)
2023-09-08 11:19:27,689 [ccde687e-3bc0-46e3-98cf-cb73a4745fdb-groupManagement] INFO  server.RaftServerConfigKeys (ConfUtils.java:logGet(46)) - raft.server.log.purge.upto.snapshot.index = false (default)
2023-09-08 11:19:27,690 [PipelineCommandHandlerThread-0] INFO  ratis.XceiverServerRatis (XceiverServerRatis.java:addGroup(804)) - Created group PipelineID=12032404-8111-4f99-87d5-b81657ea62b4
2023-09-08 11:19:27,690 [PipelineCommandHandlerThread-0] INFO  commandhandler.CreatePipelineCommandHandler (CreatePipelineCommandHandler.java:lambda$handle$2(124)) - Created Pipeline RATIS ONE PipelineID=12032404-8111-4f99-87d5-b81657ea62b4.
2023-09-08 11:19:27,690 [ccde687e-3bc0-46e3-98cf-cb73a4745fdb@group-B81657EA62B4-FollowerState] INFO  server.RaftServerConfigKeys (ConfUtils.java:logFallback(53)) - raft.server.rpc.first-election.timeout.min = 5s (fallback to raft.server.rpc.timeout.min)
2023-09-08 11:19:27,690 [ccde687e-3bc0-46e3-98cf-cb73a4745fdb@group-B81657EA62B4-FollowerState] INFO  server.RaftServerConfigKeys (ConfUtils.java:logFallback(53)) - raft.server.rpc.first-election.timeout.max = 5200ms (fallback to raft.server.rpc.timeout.max)
2023-09-08 11:19:27,690 [PipelineCommandHandlerThread-0] INFO  server.RaftServer (RaftServerProxy.java:addNew(98)) - ccde687e-3bc0-46e3-98cf-cb73a4745fdb: addNew group-7C7F1AE0E7D9:[86b604ca-d593-47c1-a869-330a99737efc|rpc:10.1.0.72:15138|admin:10.1.0.72:15137|client:10.1.0.72:15136|dataStream:10.1.0.72:15139|priority:0|startupRole:FOLLOWER, 03f108d1-7670-46de-a663-64a53fa7aba7|rpc:10.1.0.72:15129|admin:10.1.0.72:15128|client:10.1.0.72:15127|dataStream:10.1.0.72:15130|priority:0|startupRole:FOLLOWER, ccde687e-3bc0-46e3-98cf-cb73a4745fdb|rpc:10.1.0.72:15120|admin:10.1.0.72:15119|client:10.1.0.72:15118|dataStream:10.1.0.72:15121|priority:1|startupRole:FOLLOWER] returns group-7C7F1AE0E7D9:java.util.concurrent.CompletableFuture@1e849579[Not completed]
2023-09-08 11:19:27,691 [ccde687e-3bc0-46e3-98cf-cb73a4745fdb-groupManagement] INFO  server.RaftServer$Division (RaftServerImpl.java:<init>(198)) - ccde687e-3bc0-46e3-98cf-cb73a4745fdb: new RaftServerImpl for group-7C7F1AE0E7D9:[86b604ca-d593-47c1-a869-330a99737efc|rpc:10.1.0.72:15138|admin:10.1.0.72:15137|client:10.1.0.72:15136|dataStream:10.1.0.72:15139|priority:0|startupRole:FOLLOWER, 03f108d1-7670-46de-a663-64a53fa7aba7|rpc:10.1.0.72:15129|admin:10.1.0.72:15128|client:10.1.0.72:15127|dataStream:10.1.0.72:15130|priority:0|startupRole:FOLLOWER, ccde687e-3bc0-46e3-98cf-cb73a4745fdb|rpc:10.1.0.72:15120|admin:10.1.0.72:15119|client:10.1.0.72:15118|dataStream:10.1.0.72:15121|priority:1|startupRole:FOLLOWER] with ContainerStateMachine:uninitialized
2023-09-08 11:19:27,691 [ccde687e-3bc0-46e3-98cf-cb73a4745fdb-groupManagement] INFO  server.RaftServerConfigKeys (ConfUtils.java:logGet(46)) - raft.server.rpc.timeout.min = 5s (custom)
2023-09-08 11:19:27,691 [ccde687e-3bc0-46e3-98cf-cb73a4745fdb-groupManagement] INFO  server.RaftServerConfigKeys (ConfUtils.java:logGet(46)) - raft.server.rpc.timeout.max = 5200ms (custom)
2023-09-08 11:19:27,691 [ccde687e-3bc0-46e3-98cf-cb73a4745fdb-groupManagement] INFO  server.RaftServerConfigKeys (ConfUtils.java:logGet(46)) - raft.server.rpc.sleep.time = 25ms (default)
2023-09-08 11:19:27,691 [ccde687e-3bc0-46e3-98cf-cb73a4745fdb-groupManagement] INFO  server.RaftServerConfigKeys (ConfUtils.java:logGet(46)) - raft.server.rpc.slowness.timeout = 300s (custom)
2023-09-08 11:19:27,691 [ccde687e-3bc0-46e3-98cf-cb73a4745fdb-groupManagement] INFO  server.RaftServerConfigKeys (ConfUtils.java:logGet(46)) - raft.server.leaderelection.leader.step-down.wait-time = 10s (default)
2023-09-08 11:19:27,691 [ccde687e-3bc0-46e3-98cf-cb73a4745fdb-groupManagement] INFO  server.RaftServerConfigKeys (ConfUtils.java:logGet(46)) - raft.server.sleep.deviation.threshold = 300ms (default)
2023-09-08 11:19:27,691 [ccde687e-3bc0-46e3-98cf-cb73a4745fdb-groupManagement] INFO  server.RaftServer$Division (ServerState.java:<init>(120)) - ccde687e-3bc0-46e3-98cf-cb73a4745fdb@group-7C7F1AE0E7D9: ConfigurationManager, init=-1: peers:[86b604ca-d593-47c1-a869-330a99737efc|rpc:10.1.0.72:15138|admin:10.1.0.72:15137|client:10.1.0.72:15136|dataStream:10.1.0.72:15139|priority:0|startupRole:FOLLOWER, 03f108d1-7670-46de-a663-64a53fa7aba7|rpc:10.1.0.72:15129|admin:10.1.0.72:15128|client:10.1.0.72:15127|dataStream:10.1.0.72:15130|priority:0|startupRole:FOLLOWER, ccde687e-3bc0-46e3-98cf-cb73a4745fdb|rpc:10.1.0.72:15120|admin:10.1.0.72:15119|client:10.1.0.72:15118|dataStream:10.1.0.72:15121|priority:1|startupRole:FOLLOWER]|listeners:[], old=null, confs=<EMPTY_MAP>
2023-09-08 11:19:27,691 [ccde687e-3bc0-46e3-98cf-cb73a4745fdb-groupManagement] INFO  server.RaftServerConfigKeys (ConfUtils.java:logGet(46)) - raft.server.storage.dir = [/home/runner/work/ozone/ozone/hadoop-ozone/integration-test/target/test-dir/MiniOzoneClusterImpl-b03496ff-6041-4009-870e-fb613b325751/datanode-0/data/ratis] (custom)
2023-09-08 11:19:27,692 [ccde687e-3bc0-46e3-98cf-cb73a4745fdb-groupManagement] INFO  server.RaftServerConfigKeys (ConfUtils.java:logGet(46)) - raft.server.log.corruption.policy = EXCEPTION (default)
2023-09-08 11:19:27,692 [ccde687e-3bc0-46e3-98cf-cb73a4745fdb-groupManagement] INFO  server.RaftServerConfigKeys (ConfUtils.java:logGet(46)) - raft.server.storage.free-space.min = 0MB (=0) (default)
2023-09-08 11:19:27,692 [ccde687e-3bc0-46e3-98cf-cb73a4745fdb-groupManagement] INFO  server.RaftServerConfigKeys (ConfUtils.java:logGet(46)) - raft.server.notification.no-leader.timeout = 300s (custom)
2023-09-08 11:19:27,692 [ccde687e-3bc0-46e3-98cf-cb73a4745fdb-groupManagement] INFO  server.RaftServerConfigKeys (ConfUtils.java:logGet(46)) - raft.server.read.timeout = 10s (default)
2023-09-08 11:19:27,692 [ccde687e-3bc0-46e3-98cf-cb73a4745fdb-groupManagement] INFO  server.RaftServerConfigKeys (ConfUtils.java:logGet(46)) - raft.server.retrycache.expirytime = 600000ms (custom)
2023-09-08 11:19:27,692 [ccde687e-3bc0-46e3-98cf-cb73a4745fdb-groupManagement] INFO  server.RaftServerConfigKeys (ConfUtils.java:logGet(46)) - raft.server.retrycache.statistics.expirytime = 100μs (default)
2023-09-08 11:19:27,692 [ccde687e-3bc0-46e3-98cf-cb73a4745fdb-groupManagement] INFO  server.RaftServerConfigKeys (ConfUtils.java:logGet(46)) - raft.server.read.option = DEFAULT (default)
2023-09-08 11:19:27,693 [ccde687e-3bc0-46e3-98cf-cb73a4745fdb-groupManagement] INFO  server.RaftServerConfigKeys (ConfUtils.java:logGet(46)) - raft.server.rpc.request.timeout = 60s (custom)
2023-09-08 11:19:27,693 [ccde687e-3bc0-46e3-98cf-cb73a4745fdb-groupManagement] INFO  server.RaftServerConfigKeys (ConfUtils.java:logGet(46)) - raft.server.log.appender.install.snapshot.enabled = false (custom)
2023-09-08 11:19:27,693 [ccde687e-3bc0-46e3-98cf-cb73a4745fdb-groupManagement] INFO  server.RaftServerConfigKeys (ConfUtils.java:logGet(46)) - raft.server.threadpool.server.cached = true (default)
2023-09-08 11:19:27,693 [ccde687e-3bc0-46e3-98cf-cb73a4745fdb-groupManagement] INFO  server.RaftServerConfigKeys (ConfUtils.java:logGet(46)) - raft.server.threadpool.server.size = 0 (default)
2023-09-08 11:19:27,693 [ccde687e-3bc0-46e3-98cf-cb73a4745fdb-groupManagement] INFO  server.RaftServerConfigKeys (ConfUtils.java:logGet(46)) - raft.server.threadpool.client.cached = true (default)
2023-09-08 11:19:27,693 [ccde687e-3bc0-46e3-98cf-cb73a4745fdb-groupManagement] INFO  server.RaftServerConfigKeys (ConfUtils.java:logGet(46)) - raft.server.threadpool.client.size = 0 (default)
2023-09-08 11:19:27,693 [ccde687e-3bc0-46e3-98cf-cb73a4745fdb-groupManagement] INFO  storage.RaftStorageDirectory (RaftStorageDirectoryImpl.java:analyzeStorage(137)) - The storage directory /home/runner/work/ozone/ozone/hadoop-ozone/integration-test/target/test-dir/MiniOzoneClusterImpl-b03496ff-6041-4009-870e-fb613b325751/datanode-0/data/ratis/f56822c3-6ef4-41d9-89bd-7c7f1ae0e7d9 does not exist. Creating ...
2023-09-08 11:19:27,695 [ccde687e-3bc0-46e3-98cf-cb73a4745fdb-groupManagement] INFO  storage.RaftStorageDirectory (RaftStorageDirectoryImpl.java:tryLock(231)) - Lock on /home/runner/work/ozone/ozone/hadoop-ozone/integration-test/target/test-dir/MiniOzoneClusterImpl-b03496ff-6041-4009-870e-fb613b325751/datanode-0/data/ratis/f56822c3-6ef4-41d9-89bd-7c7f1ae0e7d9/in_use.lock acquired by nodename 7549@fv-az203-160
2023-09-08 11:19:27,696 [ccde687e-3bc0-46e3-98cf-cb73a4745fdb-groupManagement] INFO  storage.RaftStorage (RaftStorageImpl.java:format(96)) - Storage directory /home/runner/work/ozone/ozone/hadoop-ozone/integration-test/target/test-dir/MiniOzoneClusterImpl-b03496ff-6041-4009-870e-fb613b325751/datanode-0/data/ratis/f56822c3-6ef4-41d9-89bd-7c7f1ae0e7d9 has been successfully formatted.
2023-09-08 11:19:27,696 [ccde687e-3bc0-46e3-98cf-cb73a4745fdb-groupManagement] INFO  ratis.ContainerStateMachine (ContainerStateMachine.java:loadSnapshot(262)) - group-7C7F1AE0E7D9: The snapshot info is null. Setting the last applied indexto:(t:0, i:~)
2023-09-08 11:19:27,696 [ccde687e-3bc0-46e3-98cf-cb73a4745fdb-groupManagement] INFO  server.RaftServerConfigKeys (ConfUtils.java:logGet(46)) - raft.server.log.use.memory = false (default)
2023-09-08 11:19:27,697 [ccde687e-3bc0-46e3-98cf-cb73a4745fdb-groupManagement] INFO  server.RaftServerConfigKeys (ConfUtils.java:logGet(46)) - raft.server.log.purge.gap = 1000000 (custom)
2023-09-08 11:19:27,697 [ccde687e-3bc0-46e3-98cf-cb73a4745fdb-groupManagement] INFO  server.RaftServerConfigKeys (ConfUtils.java:logGet(46)) - raft.server.log.appender.buffer.byte-limit = 33554432 (custom)
2023-09-08 11:19:27,697 [ccde687e-3bc0-46e3-98cf-cb73a4745fdb-groupManagement] INFO  server.RaftServerConfigKeys (ConfUtils.java:logGet(46)) - raft.server.log.statemachine.data.read.timeout = 1000ms (default)
2023-09-08 11:19:27,697 [ccde687e-3bc0-46e3-98cf-cb73a4745fdb-groupManagement] INFO  server.RaftServerConfigKeys (ConfUtils.java:logGet(46)) - raft.server.log.purge.preservation.log.num = 0 (default)
2023-09-08 11:19:27,697 [ccde687e-3bc0-46e3-98cf-cb73a4745fdb-groupManagement] INFO  server.RaftServerConfigKeys (ConfUtils.java:logGet(46)) - raft.server.log.segment.size.max = 1048576 (custom)
2023-09-08 11:19:27,697 [EventQueue-OpenPipelineForHealthyPipelineSafeModeRule] INFO  safemode.SCMSafeModeManager (HealthyPipelineSafeModeRule.java:process(137)) - SCM in safe mode. Healthy pipelines reported count is 0, required healthy pipeline reported count is 1
2023-09-08 11:19:27,698 [ccde687e-3bc0-46e3-98cf-cb73a4745fdb-groupManagement] INFO  server.RaftServerConfigKeys (ConfUtils.java:logGet(46)) - raft.server.log.segment.cache.num.max = 2 (custom)
2023-09-08 11:19:27,698 [ccde687e-3bc0-46e3-98cf-cb73a4745fdb-groupManagement] INFO  server.RaftServerConfigKeys (ConfUtils.java:logGet(46)) - raft.server.log.segment.cache.size.max = 200MB (=209715200) (default)
2023-09-08 11:19:27,698 [ccde687e-3bc0-46e3-98cf-cb73a4745fdb-groupManagement] INFO  server.RaftServerConfigKeys (ConfUtils.java:logGet(46)) - raft.server.log.appender.buffer.byte-limit = 33554432 (custom)
2023-09-08 11:19:27,698 [ccde687e-3bc0-46e3-98cf-cb73a4745fdb-groupManagement] INFO  segmented.SegmentedRaftLogWorker (SegmentedRaftLogWorker.java:<init>(188)) - new ccde687e-3bc0-46e3-98cf-cb73a4745fdb@group-7C7F1AE0E7D9-SegmentedRaftLogWorker for RaftStorageImpl:Storage Directory /home/runner/work/ozone/ozone/hadoop-ozone/integration-test/target/test-dir/MiniOzoneClusterImpl-b03496ff-6041-4009-870e-fb613b325751/datanode-0/data/ratis/f56822c3-6ef4-41d9-89bd-7c7f1ae0e7d9
2023-09-08 11:19:27,698 [ccde687e-3bc0-46e3-98cf-cb73a4745fdb-groupManagement] INFO  server.RaftServerConfigKeys (ConfUtils.java:logGet(46)) - raft.server.log.queue.byte-limit = 4294967296 (custom)
2023-09-08 11:19:27,698 [ccde687e-3bc0-46e3-98cf-cb73a4745fdb-groupManagement] INFO  server.RaftServerConfigKeys (ConfUtils.java:logGet(46)) - raft.server.log.queue.element-limit = 1024 (custom)
2023-09-08 11:19:27,698 [ccde687e-3bc0-46e3-98cf-cb73a4745fdb-groupManagement] INFO  server.RaftServerConfigKeys (ConfUtils.java:logGet(46)) - raft.server.log.segment.size.max = 1048576 (custom)
2023-09-08 11:19:27,698 [ccde687e-3bc0-46e3-98cf-cb73a4745fdb-groupManagement] INFO  server.RaftServerConfigKeys (ConfUtils.java:logGet(46)) - raft.server.log.preallocated.size = 16384 (custom)
2023-09-08 11:19:27,698 [ccde687e-3bc0-46e3-98cf-cb73a4745fdb-groupManagement] INFO  server.RaftServerConfigKeys (ConfUtils.java:logGet(46)) - raft.server.log.force.sync.num = 128 (default)
2023-09-08 11:19:27,698 [ccde687e-3bc0-46e3-98cf-cb73a4745fdb-groupManagement] INFO  server.RaftServerConfigKeys (ConfUtils.java:logGet(46)) - raft.server.log.statemachine.data.sync = true (default)
2023-09-08 11:19:27,698 [ccde687e-3bc0-46e3-98cf-cb73a4745fdb-groupManagement] INFO  server.RaftServerConfigKeys (ConfUtils.java:logGet(46)) - raft.server.log.statemachine.data.sync.timeout = 10s (default)
2023-09-08 11:19:27,698 [ccde687e-3bc0-46e3-98cf-cb73a4745fdb-groupManagement] INFO  server.RaftServerConfigKeys (ConfUtils.java:logGet(46)) - raft.server.log.statemachine.data.sync.timeout.retry = -1 (default)
2023-09-08 11:19:27,703 [ccde687e-3bc0-46e3-98cf-cb73a4745fdb-groupManagement] INFO  server.RaftServerConfigKeys (ConfUtils.java:logGet(46)) - raft.server.log.write.buffer.size = 1048576 (custom)
2023-09-08 11:19:27,704 [ccde687e-3bc0-46e3-98cf-cb73a4745fdb-groupManagement] INFO  server.RaftServerConfigKeys (ConfUtils.java:logGet(46)) - raft.server.log.appender.buffer.byte-limit = 33554432 (custom)
2023-09-08 11:19:27,709 [ccde687e-3bc0-46e3-98cf-cb73a4745fdb-groupManagement] INFO  server.RaftServerConfigKeys (ConfUtils.java:logGet(46)) - raft.server.log.unsafe-flush.enabled = false (default)
2023-09-08 11:19:27,710 [ccde687e-3bc0-46e3-98cf-cb73a4745fdb-groupManagement] INFO  server.RaftServerConfigKeys (ConfUtils.java:logGet(46)) - raft.server.log.async-flush.enabled = false (default)
2023-09-08 11:19:27,710 [ccde687e-3bc0-46e3-98cf-cb73a4745fdb-groupManagement] INFO  server.RaftServerConfigKeys (ConfUtils.java:logGet(46)) - raft.server.log.statemachine.data.caching.enabled = true (custom)
2023-09-08 11:19:27,710 [ccde687e-3bc0-46e3-98cf-cb73a4745fdb-groupManagement] INFO  segmented.SegmentedRaftLogWorker (SegmentedRaftLogWorker.java:lambda$new$0(135)) - ccde687e-3bc0-46e3-98cf-cb73a4745fdb@group-7C7F1AE0E7D9-SegmentedRaftLogWorker: flushIndex: setUnconditionally 0 -> -1
2023-09-08 11:19:27,710 [ccde687e-3bc0-46e3-98cf-cb73a4745fdb-groupManagement] INFO  segmented.SegmentedRaftLogWorker (SegmentedRaftLogWorker.java:lambda$new$0(135)) - ccde687e-3bc0-46e3-98cf-cb73a4745fdb@group-7C7F1AE0E7D9-SegmentedRaftLogWorker: safeCacheEvictIndex: setUnconditionally 0 -> -1
2023-09-08 11:19:27,710 [ccde687e-3bc0-46e3-98cf-cb73a4745fdb-groupManagement] INFO  server.RaftServer$Division (RaftServerImpl.java:start(342)) - ccde687e-3bc0-46e3-98cf-cb73a4745fdb@group-7C7F1AE0E7D9: start as a follower, conf=-1: peers:[86b604ca-d593-47c1-a869-330a99737efc|rpc:10.1.0.72:15138|admin:10.1.0.72:15137|client:10.1.0.72:15136|dataStream:10.1.0.72:15139|priority:0|startupRole:FOLLOWER, 03f108d1-7670-46de-a663-64a53fa7aba7|rpc:10.1.0.72:15129|admin:10.1.0.72:15128|client:10.1.0.72:15127|dataStream:10.1.0.72:15130|priority:0|startupRole:FOLLOWER, ccde687e-3bc0-46e3-98cf-cb73a4745fdb|rpc:10.1.0.72:15120|admin:10.1.0.72:15119|client:10.1.0.72:15118|dataStream:10.1.0.72:15121|priority:1|startupRole:FOLLOWER]|listeners:[], old=null
2023-09-08 11:19:27,710 [ccde687e-3bc0-46e3-98cf-cb73a4745fdb-groupManagement] INFO  server.RaftServer$Division (RaftServerImpl.java:setRole(329)) - ccde687e-3bc0-46e3-98cf-cb73a4745fdb@group-7C7F1AE0E7D9: changes role from      null to FOLLOWER at term 0 for startAsFollower
2023-09-08 11:19:27,710 [ccde687e-3bc0-46e3-98cf-cb73a4745fdb-groupManagement] INFO  impl.RoleInfo (RoleInfo.java:updateAndGet(139)) - ccde687e-3bc0-46e3-98cf-cb73a4745fdb: start ccde687e-3bc0-46e3-98cf-cb73a4745fdb@group-7C7F1AE0E7D9-FollowerState
2023-09-08 11:19:27,711 [ccde687e-3bc0-46e3-98cf-cb73a4745fdb-groupManagement] INFO  util.JmxRegister (JmxRegister.java:tryRegister(44)) - Successfully registered JMX Bean with object name Ratis:service=RaftServer,group=group-7C7F1AE0E7D9,id=ccde687e-3bc0-46e3-98cf-cb73a4745fdb
2023-09-08 11:19:27,711 [ccde687e-3bc0-46e3-98cf-cb73a4745fdb-groupManagement] INFO  server.RaftServerConfigKeys (ConfUtils.java:logGet(46)) - raft.server.snapshot.auto.trigger.enabled = true (custom)
2023-09-08 11:19:27,711 [ccde687e-3bc0-46e3-98cf-cb73a4745fdb-groupManagement] INFO  server.RaftServerConfigKeys (ConfUtils.java:logGet(46)) - raft.server.snapshot.auto.trigger.threshold = 10000 (custom)
2023-09-08 11:19:27,711 [ccde687e-3bc0-46e3-98cf-cb73a4745fdb-groupManagement] INFO  server.RaftServerConfigKeys (ConfUtils.java:logGet(46)) - raft.server.snapshot.retention.file.num = 5 (custom)
2023-09-08 11:19:27,711 [ccde687e-3bc0-46e3-98cf-cb73a4745fdb-groupManagement] INFO  server.RaftServerConfigKeys (ConfUtils.java:logGet(46)) - raft.server.log.purge.upto.snapshot.index = false (default)
2023-09-08 11:19:27,712 [ccde687e-3bc0-46e3-98cf-cb73a4745fdb@group-7C7F1AE0E7D9-FollowerState] INFO  server.RaftServerConfigKeys (ConfUtils.java:logFallback(53)) - raft.server.rpc.first-election.timeout.min = 5s (fallback to raft.server.rpc.timeout.min)
2023-09-08 11:19:27,712 [ccde687e-3bc0-46e3-98cf-cb73a4745fdb@group-7C7F1AE0E7D9-FollowerState] INFO  server.RaftServerConfigKeys (ConfUtils.java:logFallback(53)) - raft.server.rpc.first-election.timeout.max = 5200ms (fallback to raft.server.rpc.timeout.max)
2023-09-08 11:19:27,712 [PipelineCommandHandlerThread-0] INFO  ratis.XceiverServerRatis (XceiverServerRatis.java:addGroup(804)) - Created group PipelineID=f56822c3-6ef4-41d9-89bd-7c7f1ae0e7d9
2023-09-08 11:19:27,733 [grpc-default-executor-0] INFO  server.RaftServer (RaftServerProxy.java:addNew(98)) - 86b604ca-d593-47c1-a869-330a99737efc: addNew group-7C7F1AE0E7D9:[86b604ca-d593-47c1-a869-330a99737efc|rpc:10.1.0.72:15138|admin:10.1.0.72:15137|client:10.1.0.72:15136|dataStream:10.1.0.72:15139|priority:0|startupRole:FOLLOWER, 03f108d1-7670-46de-a663-64a53fa7aba7|rpc:10.1.0.72:15129|admin:10.1.0.72:15128|client:10.1.0.72:15127|dataStream:10.1.0.72:15130|priority:0|startupRole:FOLLOWER, ccde687e-3bc0-46e3-98cf-cb73a4745fdb|rpc:10.1.0.72:15120|admin:10.1.0.72:15119|client:10.1.0.72:15118|dataStream:10.1.0.72:15121|priority:1|startupRole:FOLLOWER] returns group-7C7F1AE0E7D9:java.util.concurrent.CompletableFuture@43c6432e[Not completed]
2023-09-08 11:19:27,734 [86b604ca-d593-47c1-a869-330a99737efc-groupManagement] INFO  server.RaftServer$Division (RaftServerImpl.java:<init>(198)) - 86b604ca-d593-47c1-a869-330a99737efc: new RaftServerImpl for group-7C7F1AE0E7D9:[86b604ca-d593-47c1-a869-330a99737efc|rpc:10.1.0.72:15138|admin:10.1.0.72:15137|client:10.1.0.72:15136|dataStream:10.1.0.72:15139|priority:0|startupRole:FOLLOWER, 03f108d1-7670-46de-a663-64a53fa7aba7|rpc:10.1.0.72:15129|admin:10.1.0.72:15128|client:10.1.0.72:15127|dataStream:10.1.0.72:15130|priority:0|startupRole:FOLLOWER, ccde687e-3bc0-46e3-98cf-cb73a4745fdb|rpc:10.1.0.72:15120|admin:10.1.0.72:15119|client:10.1.0.72:15118|dataStream:10.1.0.72:15121|priority:1|startupRole:FOLLOWER] with ContainerStateMachine:uninitialized
2023-09-08 11:19:27,734 [86b604ca-d593-47c1-a869-330a99737efc-groupManagement] INFO  server.RaftServerConfigKeys (ConfUtils.java:logGet(46)) - raft.server.rpc.timeout.min = 5s (custom)
2023-09-08 11:19:27,735 [86b604ca-d593-47c1-a869-330a99737efc-groupManagement] INFO  server.RaftServerConfigKeys (ConfUtils.java:logGet(46)) - raft.server.rpc.timeout.max = 5200ms (custom)
2023-09-08 11:19:27,735 [86b604ca-d593-47c1-a869-330a99737efc-groupManagement] INFO  server.RaftServerConfigKeys (ConfUtils.java:logGet(46)) - raft.server.rpc.sleep.time = 25ms (default)
2023-09-08 11:19:27,735 [86b604ca-d593-47c1-a869-330a99737efc-groupManagement] INFO  server.RaftServerConfigKeys (ConfUtils.java:logGet(46)) - raft.server.rpc.slowness.timeout = 300s (custom)
2023-09-08 11:19:27,735 [86b604ca-d593-47c1-a869-330a99737efc-groupManagement] INFO  server.RaftServerConfigKeys (ConfUtils.java:logGet(46)) - raft.server.leaderelection.leader.step-down.wait-time = 10s (default)
2023-09-08 11:19:27,735 [86b604ca-d593-47c1-a869-330a99737efc-groupManagement] INFO  server.RaftServerConfigKeys (ConfUtils.java:logGet(46)) - raft.server.sleep.deviation.threshold = 300ms (default)
2023-09-08 11:19:27,735 [86b604ca-d593-47c1-a869-330a99737efc-groupManagement] INFO  server.RaftServer$Division (ServerState.java:<init>(120)) - 86b604ca-d593-47c1-a869-330a99737efc@group-7C7F1AE0E7D9: ConfigurationManager, init=-1: peers:[86b604ca-d593-47c1-a869-330a99737efc|rpc:10.1.0.72:15138|admin:10.1.0.72:15137|client:10.1.0.72:15136|dataStream:10.1.0.72:15139|priority:0|startupRole:FOLLOWER, 03f108d1-7670-46de-a663-64a53fa7aba7|rpc:10.1.0.72:15129|admin:10.1.0.72:15128|client:10.1.0.72:15127|dataStream:10.1.0.72:15130|priority:0|startupRole:FOLLOWER, ccde687e-3bc0-46e3-98cf-cb73a4745fdb|rpc:10.1.0.72:15120|admin:10.1.0.72:15119|client:10.1.0.72:15118|dataStream:10.1.0.72:15121|priority:1|startupRole:FOLLOWER]|listeners:[], old=null, confs=<EMPTY_MAP>
2023-09-08 11:19:27,735 [86b604ca-d593-47c1-a869-330a99737efc-groupManagement] INFO  server.RaftServerConfigKeys (ConfUtils.java:logGet(46)) - raft.server.storage.dir = [/home/runner/work/ozone/ozone/hadoop-ozone/integration-test/target/test-dir/MiniOzoneClusterImpl-b03496ff-6041-4009-870e-fb613b325751/datanode-2/data/ratis] (custom)
2023-09-08 11:19:27,735 [86b604ca-d593-47c1-a869-330a99737efc-groupManagement] INFO  server.RaftServerConfigKeys (ConfUtils.java:logGet(46)) - raft.server.log.corruption.policy = EXCEPTION (default)
2023-09-08 11:19:27,735 [86b604ca-d593-47c1-a869-330a99737efc-groupManagement] INFO  server.RaftServerConfigKeys (ConfUtils.java:logGet(46)) - raft.server.storage.free-space.min = 0MB (=0) (default)
2023-09-08 11:19:27,735 [86b604ca-d593-47c1-a869-330a99737efc-groupManagement] INFO  server.RaftServerConfigKeys (ConfUtils.java:logGet(46)) - raft.server.notification.no-leader.timeout = 300s (custom)
2023-09-08 11:19:27,735 [86b604ca-d593-47c1-a869-330a99737efc-groupManagement] INFO  server.RaftServerConfigKeys (ConfUtils.java:logGet(46)) - raft.server.read.timeout = 10s (default)
2023-09-08 11:19:27,735 [86b604ca-d593-47c1-a869-330a99737efc-groupManagement] INFO  server.RaftServerConfigKeys (ConfUtils.java:logGet(46)) - raft.server.retrycache.expirytime = 600000ms (custom)
2023-09-08 11:19:27,735 [86b604ca-d593-47c1-a869-330a99737efc-groupManagement] INFO  server.RaftServerConfigKeys (ConfUtils.java:logGet(46)) - raft.server.retrycache.statistics.expirytime = 100μs (default)
2023-09-08 11:19:27,735 [86b604ca-d593-47c1-a869-330a99737efc-groupManagement] INFO  server.RaftServerConfigKeys (ConfUtils.java:logGet(46)) - raft.server.read.option = DEFAULT (default)
2023-09-08 11:19:27,736 [86b604ca-d593-47c1-a869-330a99737efc-groupManagement] INFO  server.RaftServerConfigKeys (ConfUtils.java:logGet(46)) - raft.server.rpc.request.timeout = 60s (custom)
2023-09-08 11:19:27,736 [86b604ca-d593-47c1-a869-330a99737efc-groupManagement] INFO  server.RaftServerConfigKeys (ConfUtils.java:logGet(46)) - raft.server.log.appender.install.snapshot.enabled = false (custom)
2023-09-08 11:19:27,736 [86b604ca-d593-47c1-a869-330a99737efc-groupManagement] INFO  server.RaftServerConfigKeys (ConfUtils.java:logGet(46)) - raft.server.threadpool.server.cached = true (default)
2023-09-08 11:19:27,736 [86b604ca-d593-47c1-a869-330a99737efc-groupManagement] INFO  server.RaftServerConfigKeys (ConfUtils.java:logGet(46)) - raft.server.threadpool.server.size = 0 (default)
2023-09-08 11:19:27,737 [86b604ca-d593-47c1-a869-330a99737efc-groupManagement] INFO  server.RaftServerConfigKeys (ConfUtils.java:logGet(46)) - raft.server.threadpool.client.cached = true (default)
2023-09-08 11:19:27,737 [86b604ca-d593-47c1-a869-330a99737efc-groupManagement] INFO  server.RaftServerConfigKeys (ConfUtils.java:logGet(46)) - raft.server.threadpool.client.size = 0 (default)
2023-09-08 11:19:27,737 [86b604ca-d593-47c1-a869-330a99737efc-groupManagement] INFO  storage.RaftStorageDirectory (RaftStorageDirectoryImpl.java:analyzeStorage(137)) - The storage directory /home/runner/work/ozone/ozone/hadoop-ozone/integration-test/target/test-dir/MiniOzoneClusterImpl-b03496ff-6041-4009-870e-fb613b325751/datanode-2/data/ratis/f56822c3-6ef4-41d9-89bd-7c7f1ae0e7d9 does not exist. Creating ...
2023-09-08 11:19:27,739 [86b604ca-d593-47c1-a869-330a99737efc-groupManagement] INFO  storage.RaftStorageDirectory (RaftStorageDirectoryImpl.java:tryLock(231)) - Lock on /home/runner/work/ozone/ozone/hadoop-ozone/integration-test/target/test-dir/MiniOzoneClusterImpl-b03496ff-6041-4009-870e-fb613b325751/datanode-2/data/ratis/f56822c3-6ef4-41d9-89bd-7c7f1ae0e7d9/in_use.lock acquired by nodename 7549@fv-az203-160
2023-09-08 11:19:27,741 [86b604ca-d593-47c1-a869-330a99737efc-groupManagement] INFO  storage.RaftStorage (RaftStorageImpl.java:format(96)) - Storage directory /home/runner/work/ozone/ozone/hadoop-ozone/integration-test/target/test-dir/MiniOzoneClusterImpl-b03496ff-6041-4009-870e-fb613b325751/datanode-2/data/ratis/f56822c3-6ef4-41d9-89bd-7c7f1ae0e7d9 has been successfully formatted.
2023-09-08 11:19:27,742 [86b604ca-d593-47c1-a869-330a99737efc-groupManagement] INFO  ratis.ContainerStateMachine (ContainerStateMachine.java:loadSnapshot(262)) - group-7C7F1AE0E7D9: The snapshot info is null. Setting the last applied indexto:(t:0, i:~)
2023-09-08 11:19:27,743 [86b604ca-d593-47c1-a869-330a99737efc-groupManagement] INFO  server.RaftServerConfigKeys (ConfUtils.java:logGet(46)) - raft.server.log.use.memory = false (default)
2023-09-08 11:19:27,743 [86b604ca-d593-47c1-a869-330a99737efc-groupManagement] INFO  server.RaftServerConfigKeys (ConfUtils.java:logGet(46)) - raft.server.log.purge.gap = 1000000 (custom)
2023-09-08 11:19:27,743 [86b604ca-d593-47c1-a869-330a99737efc-groupManagement] INFO  server.RaftServerConfigKeys (ConfUtils.java:logGet(46)) - raft.server.log.appender.buffer.byte-limit = 33554432 (custom)
2023-09-08 11:19:27,743 [86b604ca-d593-47c1-a869-330a99737efc-groupManagement] INFO  server.RaftServerConfigKeys (ConfUtils.java:logGet(46)) - raft.server.log.statemachine.data.read.timeout = 1000ms (default)
2023-09-08 11:19:27,743 [86b604ca-d593-47c1-a869-330a99737efc-groupManagement] INFO  server.RaftServerConfigKeys (ConfUtils.java:logGet(46)) - raft.server.log.purge.preservation.log.num = 0 (default)
2023-09-08 11:19:27,743 [86b604ca-d593-47c1-a869-330a99737efc-groupManagement] INFO  server.RaftServerConfigKeys (ConfUtils.java:logGet(46)) - raft.server.log.segment.size.max = 1048576 (custom)
2023-09-08 11:19:27,744 [86b604ca-d593-47c1-a869-330a99737efc-groupManagement] INFO  server.RaftServerConfigKeys (ConfUtils.java:logGet(46)) - raft.server.log.segment.cache.num.max = 2 (custom)
2023-09-08 11:19:27,744 [86b604ca-d593-47c1-a869-330a99737efc-groupManagement] INFO  server.RaftServerConfigKeys (ConfUtils.java:logGet(46)) - raft.server.log.segment.cache.size.max = 200MB (=209715200) (default)
2023-09-08 11:19:27,744 [86b604ca-d593-47c1-a869-330a99737efc-groupManagement] INFO  server.RaftServerConfigKeys (ConfUtils.java:logGet(46)) - raft.server.log.appender.buffer.byte-limit = 33554432 (custom)
2023-09-08 11:19:27,744 [86b604ca-d593-47c1-a869-330a99737efc-groupManagement] INFO  segmented.SegmentedRaftLogWorker (SegmentedRaftLogWorker.java:<init>(188)) - new 86b604ca-d593-47c1-a869-330a99737efc@group-7C7F1AE0E7D9-SegmentedRaftLogWorker for RaftStorageImpl:Storage Directory /home/runner/work/ozone/ozone/hadoop-ozone/integration-test/target/test-dir/MiniOzoneClusterImpl-b03496ff-6041-4009-870e-fb613b325751/datanode-2/data/ratis/f56822c3-6ef4-41d9-89bd-7c7f1ae0e7d9
2023-09-08 11:19:27,744 [86b604ca-d593-47c1-a869-330a99737efc-groupManagement] INFO  server.RaftServerConfigKeys (ConfUtils.java:logGet(46)) - raft.server.log.queue.byte-limit = 4294967296 (custom)
2023-09-08 11:19:27,744 [86b604ca-d593-47c1-a869-330a99737efc-groupManagement] INFO  server.RaftServerConfigKeys (ConfUtils.java:logGet(46)) - raft.server.log.queue.element-limit = 1024 (custom)
2023-09-08 11:19:27,744 [86b604ca-d593-47c1-a869-330a99737efc-groupManagement] INFO  server.RaftServerConfigKeys (ConfUtils.java:logGet(46)) - raft.server.log.segment.size.max = 1048576 (custom)
2023-09-08 11:19:27,744 [86b604ca-d593-47c1-a869-330a99737efc-groupManagement] INFO  server.RaftServerConfigKeys (ConfUtils.java:logGet(46)) - raft.server.log.preallocated.size = 16384 (custom)
2023-09-08 11:19:27,744 [86b604ca-d593-47c1-a869-330a99737efc-groupManagement] INFO  server.RaftServerConfigKeys (ConfUtils.java:logGet(46)) - raft.server.log.force.sync.num = 128 (default)
2023-09-08 11:19:27,744 [86b604ca-d593-47c1-a869-330a99737efc-groupManagement] INFO  server.RaftServerConfigKeys (ConfUtils.java:logGet(46)) - raft.server.log.statemachine.data.sync = true (default)
2023-09-08 11:19:27,744 [86b604ca-d593-47c1-a869-330a99737efc-groupManagement] INFO  server.RaftServerConfigKeys (ConfUtils.java:logGet(46)) - raft.server.log.statemachine.data.sync.timeout = 10s (default)
2023-09-08 11:19:27,744 [86b604ca-d593-47c1-a869-330a99737efc-groupManagement] INFO  server.RaftServerConfigKeys (ConfUtils.java:logGet(46)) - raft.server.log.statemachine.data.sync.timeout.retry = -1 (default)
2023-09-08 11:19:27,746 [86b604ca-d593-47c1-a869-330a99737efc-groupManagement] INFO  server.RaftServerConfigKeys (ConfUtils.java:logGet(46)) - raft.server.log.write.buffer.size = 1048576 (custom)
2023-09-08 11:19:27,746 [86b604ca-d593-47c1-a869-330a99737efc-groupManagement] INFO  server.RaftServerConfigKeys (ConfUtils.java:logGet(46)) - raft.server.log.appender.buffer.byte-limit = 33554432 (custom)
2023-09-08 11:19:27,752 [86b604ca-d593-47c1-a869-330a99737efc-groupManagement] INFO  server.RaftServerConfigKeys (ConfUtils.java:logGet(46)) - raft.server.log.unsafe-flush.enabled = false (default)
2023-09-08 11:19:27,752 [86b604ca-d593-47c1-a869-330a99737efc-groupManagement] INFO  server.RaftServerConfigKeys (ConfUtils.java:logGet(46)) - raft.server.log.async-flush.enabled = false (default)
2023-09-08 11:19:27,752 [86b604ca-d593-47c1-a869-330a99737efc-groupManagement] INFO  server.RaftServerConfigKeys (ConfUtils.java:logGet(46)) - raft.server.log.statemachine.data.caching.enabled = true (custom)
2023-09-08 11:19:27,752 [86b604ca-d593-47c1-a869-330a99737efc-groupManagement] INFO  segmented.SegmentedRaftLogWorker (SegmentedRaftLogWorker.java:lambda$new$0(135)) - 86b604ca-d593-47c1-a869-330a99737efc@group-7C7F1AE0E7D9-SegmentedRaftLogWorker: flushIndex: setUnconditionally 0 -> -1
2023-09-08 11:19:27,752 [86b604ca-d593-47c1-a869-330a99737efc-groupManagement] INFO  segmented.SegmentedRaftLogWorker (SegmentedRaftLogWorker.java:lambda$new$0(135)) - 86b604ca-d593-47c1-a869-330a99737efc@group-7C7F1AE0E7D9-SegmentedRaftLogWorker: safeCacheEvictIndex: setUnconditionally 0 -> -1
2023-09-08 11:19:27,753 [86b604ca-d593-47c1-a869-330a99737efc-groupManagement] INFO  server.RaftServer$Division (RaftServerImpl.java:start(342)) - 86b604ca-d593-47c1-a869-330a99737efc@group-7C7F1AE0E7D9: start as a follower, conf=-1: peers:[86b604ca-d593-47c1-a869-330a99737efc|rpc:10.1.0.72:15138|admin:10.1.0.72:15137|client:10.1.0.72:15136|dataStream:10.1.0.72:15139|priority:0|startupRole:FOLLOWER, 03f108d1-7670-46de-a663-64a53fa7aba7|rpc:10.1.0.72:15129|admin:10.1.0.72:15128|client:10.1.0.72:15127|dataStream:10.1.0.72:15130|priority:0|startupRole:FOLLOWER, ccde687e-3bc0-46e3-98cf-cb73a4745fdb|rpc:10.1.0.72:15120|admin:10.1.0.72:15119|client:10.1.0.72:15118|dataStream:10.1.0.72:15121|priority:1|startupRole:FOLLOWER]|listeners:[], old=null
2023-09-08 11:19:27,753 [86b604ca-d593-47c1-a869-330a99737efc-groupManagement] INFO  server.RaftServer$Division (RaftServerImpl.java:setRole(329)) - 86b604ca-d593-47c1-a869-330a99737efc@group-7C7F1AE0E7D9: changes role from      null to FOLLOWER at term 0 for startAsFollower
2023-09-08 11:19:27,753 [86b604ca-d593-47c1-a869-330a99737efc-groupManagement] INFO  impl.RoleInfo (RoleInfo.java:updateAndGet(139)) - 86b604ca-d593-47c1-a869-330a99737efc: start 86b604ca-d593-47c1-a869-330a99737efc@group-7C7F1AE0E7D9-FollowerState
2023-09-08 11:19:27,753 [86b604ca-d593-47c1-a869-330a99737efc-groupManagement] INFO  util.JmxRegister (JmxRegister.java:tryRegister(44)) - Successfully registered JMX Bean with object name Ratis:service=RaftServer,group=group-7C7F1AE0E7D9,id=86b604ca-d593-47c1-a869-330a99737efc
2023-09-08 11:19:27,753 [86b604ca-d593-47c1-a869-330a99737efc-groupManagement] INFO  server.RaftServerConfigKeys (ConfUtils.java:logGet(46)) - raft.server.snapshot.auto.trigger.enabled = true (custom)
2023-09-08 11:19:27,753 [86b604ca-d593-47c1-a869-330a99737efc-groupManagement] INFO  server.RaftServerConfigKeys (ConfUtils.java:logGet(46)) - raft.server.snapshot.auto.trigger.threshold = 10000 (custom)
2023-09-08 11:19:27,753 [86b604ca-d593-47c1-a869-330a99737efc-groupManagement] INFO  server.RaftServerConfigKeys (ConfUtils.java:logGet(46)) - raft.server.snapshot.retention.file.num = 5 (custom)
2023-09-08 11:19:27,753 [86b604ca-d593-47c1-a869-330a99737efc-groupManagement] INFO  server.RaftServerConfigKeys (ConfUtils.java:logGet(46)) - raft.server.log.purge.upto.snapshot.index = false (default)
2023-09-08 11:19:27,754 [86b604ca-d593-47c1-a869-330a99737efc@group-7C7F1AE0E7D9-FollowerState] INFO  server.RaftServerConfigKeys (ConfUtils.java:logFallback(53)) - raft.server.rpc.first-election.timeout.min = 5s (fallback to raft.server.rpc.timeout.min)
2023-09-08 11:19:27,754 [86b604ca-d593-47c1-a869-330a99737efc@group-7C7F1AE0E7D9-FollowerState] INFO  server.RaftServerConfigKeys (ConfUtils.java:logFallback(53)) - raft.server.rpc.first-election.timeout.max = 5200ms (fallback to raft.server.rpc.timeout.max)
2023-09-08 11:19:27,779 [grpc-default-executor-0] INFO  server.RaftServer (RaftServerProxy.java:addNew(98)) - 03f108d1-7670-46de-a663-64a53fa7aba7: addNew group-7C7F1AE0E7D9:[86b604ca-d593-47c1-a869-330a99737efc|rpc:10.1.0.72:15138|admin:10.1.0.72:15137|client:10.1.0.72:15136|dataStream:10.1.0.72:15139|priority:0|startupRole:FOLLOWER, 03f108d1-7670-46de-a663-64a53fa7aba7|rpc:10.1.0.72:15129|admin:10.1.0.72:15128|client:10.1.0.72:15127|dataStream:10.1.0.72:15130|priority:0|startupRole:FOLLOWER, ccde687e-3bc0-46e3-98cf-cb73a4745fdb|rpc:10.1.0.72:15120|admin:10.1.0.72:15119|client:10.1.0.72:15118|dataStream:10.1.0.72:15121|priority:1|startupRole:FOLLOWER] returns group-7C7F1AE0E7D9:java.util.concurrent.CompletableFuture@20720913[Not completed]
2023-09-08 11:19:27,781 [03f108d1-7670-46de-a663-64a53fa7aba7-groupManagement] INFO  server.RaftServer$Division (RaftServerImpl.java:<init>(198)) - 03f108d1-7670-46de-a663-64a53fa7aba7: new RaftServerImpl for group-7C7F1AE0E7D9:[86b604ca-d593-47c1-a869-330a99737efc|rpc:10.1.0.72:15138|admin:10.1.0.72:15137|client:10.1.0.72:15136|dataStream:10.1.0.72:15139|priority:0|startupRole:FOLLOWER, 03f108d1-7670-46de-a663-64a53fa7aba7|rpc:10.1.0.72:15129|admin:10.1.0.72:15128|client:10.1.0.72:15127|dataStream:10.1.0.72:15130|priority:0|startupRole:FOLLOWER, ccde687e-3bc0-46e3-98cf-cb73a4745fdb|rpc:10.1.0.72:15120|admin:10.1.0.72:15119|client:10.1.0.72:15118|dataStream:10.1.0.72:15121|priority:1|startupRole:FOLLOWER] with ContainerStateMachine:uninitialized
2023-09-08 11:19:27,781 [03f108d1-7670-46de-a663-64a53fa7aba7-groupManagement] INFO  server.RaftServerConfigKeys (ConfUtils.java:logGet(46)) - raft.server.rpc.timeout.min = 5s (custom)
2023-09-08 11:19:27,781 [03f108d1-7670-46de-a663-64a53fa7aba7-groupManagement] INFO  server.RaftServerConfigKeys (ConfUtils.java:logGet(46)) - raft.server.rpc.timeout.max = 5200ms (custom)
2023-09-08 11:19:27,781 [03f108d1-7670-46de-a663-64a53fa7aba7-groupManagement] INFO  server.RaftServerConfigKeys (ConfUtils.java:logGet(46)) - raft.server.rpc.sleep.time = 25ms (default)
2023-09-08 11:19:27,781 [03f108d1-7670-46de-a663-64a53fa7aba7-groupManagement] INFO  server.RaftServerConfigKeys (ConfUtils.java:logGet(46)) - raft.server.rpc.slowness.timeout = 300s (custom)
2023-09-08 11:19:27,782 [03f108d1-7670-46de-a663-64a53fa7aba7-groupManagement] INFO  server.RaftServerConfigKeys (ConfUtils.java:logGet(46)) - raft.server.leaderelection.leader.step-down.wait-time = 10s (default)
2023-09-08 11:19:27,782 [03f108d1-7670-46de-a663-64a53fa7aba7-groupManagement] INFO  server.RaftServerConfigKeys (ConfUtils.java:logGet(46)) - raft.server.sleep.deviation.threshold = 300ms (default)
2023-09-08 11:19:27,782 [03f108d1-7670-46de-a663-64a53fa7aba7-groupManagement] INFO  server.RaftServer$Division (ServerState.java:<init>(120)) - 03f108d1-7670-46de-a663-64a53fa7aba7@group-7C7F1AE0E7D9: ConfigurationManager, init=-1: peers:[86b604ca-d593-47c1-a869-330a99737efc|rpc:10.1.0.72:15138|admin:10.1.0.72:15137|client:10.1.0.72:15136|dataStream:10.1.0.72:15139|priority:0|startupRole:FOLLOWER, 03f108d1-7670-46de-a663-64a53fa7aba7|rpc:10.1.0.72:15129|admin:10.1.0.72:15128|client:10.1.0.72:15127|dataStream:10.1.0.72:15130|priority:0|startupRole:FOLLOWER, ccde687e-3bc0-46e3-98cf-cb73a4745fdb|rpc:10.1.0.72:15120|admin:10.1.0.72:15119|client:10.1.0.72:15118|dataStream:10.1.0.72:15121|priority:1|startupRole:FOLLOWER]|listeners:[], old=null, confs=<EMPTY_MAP>
2023-09-08 11:19:27,782 [03f108d1-7670-46de-a663-64a53fa7aba7-groupManagement] INFO  server.RaftServerConfigKeys (ConfUtils.java:logGet(46)) - raft.server.storage.dir = [/home/runner/work/ozone/ozone/hadoop-ozone/integration-test/target/test-dir/MiniOzoneClusterImpl-b03496ff-6041-4009-870e-fb613b325751/datanode-1/data/ratis] (custom)
2023-09-08 11:19:27,782 [03f108d1-7670-46de-a663-64a53fa7aba7-groupManagement] INFO  server.RaftServerConfigKeys (ConfUtils.java:logGet(46)) - raft.server.log.corruption.policy = EXCEPTION (default)
2023-09-08 11:19:27,782 [03f108d1-7670-46de-a663-64a53fa7aba7-groupManagement] INFO  server.RaftServerConfigKeys (ConfUtils.java:logGet(46)) - raft.server.storage.free-space.min = 0MB (=0) (default)
2023-09-08 11:19:27,782 [03f108d1-7670-46de-a663-64a53fa7aba7-groupManagement] INFO  server.RaftServerConfigKeys (ConfUtils.java:logGet(46)) - raft.server.notification.no-leader.timeout = 300s (custom)
2023-09-08 11:19:27,782 [03f108d1-7670-46de-a663-64a53fa7aba7-groupManagement] INFO  server.RaftServerConfigKeys (ConfUtils.java:logGet(46)) - raft.server.read.timeout = 10s (default)
2023-09-08 11:19:27,782 [03f108d1-7670-46de-a663-64a53fa7aba7-groupManagement] INFO  server.RaftServerConfigKeys (ConfUtils.java:logGet(46)) - raft.server.retrycache.expirytime = 600000ms (custom)
2023-09-08 11:19:27,782 [03f108d1-7670-46de-a663-64a53fa7aba7-groupManagement] INFO  server.RaftServerConfigKeys (ConfUtils.java:logGet(46)) - raft.server.retrycache.statistics.expirytime = 100μs (default)
2023-09-08 11:19:27,785 [03f108d1-7670-46de-a663-64a53fa7aba7-groupManagement] INFO  server.RaftServerConfigKeys (ConfUtils.java:logGet(46)) - raft.server.read.option = DEFAULT (default)
2023-09-08 11:19:27,786 [03f108d1-7670-46de-a663-64a53fa7aba7-groupManagement] INFO  server.RaftServerConfigKeys (ConfUtils.java:logGet(46)) - raft.server.rpc.request.timeout = 60s (custom)
2023-09-08 11:19:27,786 [03f108d1-7670-46de-a663-64a53fa7aba7-groupManagement] INFO  server.RaftServerConfigKeys (ConfUtils.java:logGet(46)) - raft.server.log.appender.install.snapshot.enabled = false (custom)
2023-09-08 11:19:27,786 [03f108d1-7670-46de-a663-64a53fa7aba7-groupManagement] INFO  server.RaftServerConfigKeys (ConfUtils.java:logGet(46)) - raft.server.threadpool.server.cached = true (default)
2023-09-08 11:19:27,786 [03f108d1-7670-46de-a663-64a53fa7aba7-groupManagement] INFO  server.RaftServerConfigKeys (ConfUtils.java:logGet(46)) - raft.server.threadpool.server.size = 0 (default)
2023-09-08 11:19:27,786 [03f108d1-7670-46de-a663-64a53fa7aba7-groupManagement] INFO  server.RaftServerConfigKeys (ConfUtils.java:logGet(46)) - raft.server.threadpool.client.cached = true (default)
2023-09-08 11:19:27,786 [03f108d1-7670-46de-a663-64a53fa7aba7-groupManagement] INFO  server.RaftServerConfigKeys (ConfUtils.java:logGet(46)) - raft.server.threadpool.client.size = 0 (default)
2023-09-08 11:19:27,786 [03f108d1-7670-46de-a663-64a53fa7aba7-groupManagement] INFO  storage.RaftStorageDirectory (RaftStorageDirectoryImpl.java:analyzeStorage(137)) - The storage directory /home/runner/work/ozone/ozone/hadoop-ozone/integration-test/target/test-dir/MiniOzoneClusterImpl-b03496ff-6041-4009-870e-fb613b325751/datanode-1/data/ratis/f56822c3-6ef4-41d9-89bd-7c7f1ae0e7d9 does not exist. Creating ...
2023-09-08 11:19:27,787 [03f108d1-7670-46de-a663-64a53fa7aba7-groupManagement] INFO  storage.RaftStorageDirectory (RaftStorageDirectoryImpl.java:tryLock(231)) - Lock on /home/runner/work/ozone/ozone/hadoop-ozone/integration-test/target/test-dir/MiniOzoneClusterImpl-b03496ff-6041-4009-870e-fb613b325751/datanode-1/data/ratis/f56822c3-6ef4-41d9-89bd-7c7f1ae0e7d9/in_use.lock acquired by nodename 7549@fv-az203-160
2023-09-08 11:19:27,790 [03f108d1-7670-46de-a663-64a53fa7aba7-groupManagement] INFO  storage.RaftStorage (RaftStorageImpl.java:format(96)) - Storage directory /home/runner/work/ozone/ozone/hadoop-ozone/integration-test/target/test-dir/MiniOzoneClusterImpl-b03496ff-6041-4009-870e-fb613b325751/datanode-1/data/ratis/f56822c3-6ef4-41d9-89bd-7c7f1ae0e7d9 has been successfully formatted.
2023-09-08 11:19:27,794 [03f108d1-7670-46de-a663-64a53fa7aba7-groupManagement] INFO  ratis.ContainerStateMachine (ContainerStateMachine.java:loadSnapshot(262)) - group-7C7F1AE0E7D9: The snapshot info is null. Setting the last applied indexto:(t:0, i:~)
2023-09-08 11:19:27,794 [03f108d1-7670-46de-a663-64a53fa7aba7-groupManagement] INFO  server.RaftServerConfigKeys (ConfUtils.java:logGet(46)) - raft.server.log.use.memory = false (default)
2023-09-08 11:19:27,794 [03f108d1-7670-46de-a663-64a53fa7aba7-groupManagement] INFO  server.RaftServerConfigKeys (ConfUtils.java:logGet(46)) - raft.server.log.purge.gap = 1000000 (custom)
2023-09-08 11:19:27,794 [03f108d1-7670-46de-a663-64a53fa7aba7-groupManagement] INFO  server.RaftServerConfigKeys (ConfUtils.java:logGet(46)) - raft.server.log.appender.buffer.byte-limit = 33554432 (custom)
2023-09-08 11:19:27,795 [03f108d1-7670-46de-a663-64a53fa7aba7-groupManagement] INFO  server.RaftServerConfigKeys (ConfUtils.java:logGet(46)) - raft.server.log.statemachine.data.read.timeout = 1000ms (default)
2023-09-08 11:19:27,795 [03f108d1-7670-46de-a663-64a53fa7aba7-groupManagement] INFO  server.RaftServerConfigKeys (ConfUtils.java:logGet(46)) - raft.server.log.purge.preservation.log.num = 0 (default)
2023-09-08 11:19:27,795 [03f108d1-7670-46de-a663-64a53fa7aba7-groupManagement] INFO  server.RaftServerConfigKeys (ConfUtils.java:logGet(46)) - raft.server.log.segment.size.max = 1048576 (custom)
2023-09-08 11:19:27,795 [03f108d1-7670-46de-a663-64a53fa7aba7-groupManagement] INFO  server.RaftServerConfigKeys (ConfUtils.java:logGet(46)) - raft.server.log.segment.cache.num.max = 2 (custom)
2023-09-08 11:19:27,795 [03f108d1-7670-46de-a663-64a53fa7aba7-groupManagement] INFO  server.RaftServerConfigKeys (ConfUtils.java:logGet(46)) - raft.server.log.segment.cache.size.max = 200MB (=209715200) (default)
2023-09-08 11:19:27,795 [03f108d1-7670-46de-a663-64a53fa7aba7-groupManagement] INFO  server.RaftServerConfigKeys (ConfUtils.java:logGet(46)) - raft.server.log.appender.buffer.byte-limit = 33554432 (custom)
2023-09-08 11:19:27,795 [03f108d1-7670-46de-a663-64a53fa7aba7-groupManagement] INFO  segmented.SegmentedRaftLogWorker (SegmentedRaftLogWorker.java:<init>(188)) - new 03f108d1-7670-46de-a663-64a53fa7aba7@group-7C7F1AE0E7D9-SegmentedRaftLogWorker for RaftStorageImpl:Storage Directory /home/runner/work/ozone/ozone/hadoop-ozone/integration-test/target/test-dir/MiniOzoneClusterImpl-b03496ff-6041-4009-870e-fb613b325751/datanode-1/data/ratis/f56822c3-6ef4-41d9-89bd-7c7f1ae0e7d9
2023-09-08 11:19:27,795 [03f108d1-7670-46de-a663-64a53fa7aba7-groupManagement] INFO  server.RaftServerConfigKeys (ConfUtils.java:logGet(46)) - raft.server.log.queue.byte-limit = 4294967296 (custom)
2023-09-08 11:19:27,796 [03f108d1-7670-46de-a663-64a53fa7aba7-groupManagement] INFO  server.RaftServerConfigKeys (ConfUtils.java:logGet(46)) - raft.server.log.queue.element-limit = 1024 (custom)
2023-09-08 11:19:27,796 [03f108d1-7670-46de-a663-64a53fa7aba7-groupManagement] INFO  server.RaftServerConfigKeys (ConfUtils.java:logGet(46)) - raft.server.log.segment.size.max = 1048576 (custom)
2023-09-08 11:19:27,796 [03f108d1-7670-46de-a663-64a53fa7aba7-groupManagement] INFO  server.RaftServerConfigKeys (ConfUtils.java:logGet(46)) - raft.server.log.preallocated.size = 16384 (custom)
2023-09-08 11:19:27,796 [03f108d1-7670-46de-a663-64a53fa7aba7-groupManagement] INFO  server.RaftServerConfigKeys (ConfUtils.java:logGet(46)) - raft.server.log.force.sync.num = 128 (default)
2023-09-08 11:19:27,796 [03f108d1-7670-46de-a663-64a53fa7aba7-groupManagement] INFO  server.RaftServerConfigKeys (ConfUtils.java:logGet(46)) - raft.server.log.statemachine.data.sync = true (default)
2023-09-08 11:19:27,796 [03f108d1-7670-46de-a663-64a53fa7aba7-groupManagement] INFO  server.RaftServerConfigKeys (ConfUtils.java:logGet(46)) - raft.server.log.statemachine.data.sync.timeout = 10s (default)
2023-09-08 11:19:27,796 [03f108d1-7670-46de-a663-64a53fa7aba7-groupManagement] INFO  server.RaftServerConfigKeys (ConfUtils.java:logGet(46)) - raft.server.log.statemachine.data.sync.timeout.retry = -1 (default)
2023-09-08 11:19:27,796 [03f108d1-7670-46de-a663-64a53fa7aba7-groupManagement] INFO  server.RaftServerConfigKeys (ConfUtils.java:logGet(46)) - raft.server.log.write.buffer.size = 1048576 (custom)
2023-09-08 11:19:27,797 [03f108d1-7670-46de-a663-64a53fa7aba7-groupManagement] INFO  server.RaftServerConfigKeys (ConfUtils.java:logGet(46)) - raft.server.log.appender.buffer.byte-limit = 33554432 (custom)
2023-09-08 11:19:27,802 [03f108d1-7670-46de-a663-64a53fa7aba7-groupManagement] INFO  server.RaftServerConfigKeys (ConfUtils.java:logGet(46)) - raft.server.log.unsafe-flush.enabled = false (default)
2023-09-08 11:19:27,802 [03f108d1-7670-46de-a663-64a53fa7aba7-groupManagement] INFO  server.RaftServerConfigKeys (ConfUtils.java:logGet(46)) - raft.server.log.async-flush.enabled = false (default)
2023-09-08 11:19:27,802 [03f108d1-7670-46de-a663-64a53fa7aba7-groupManagement] INFO  server.RaftServerConfigKeys (ConfUtils.java:logGet(46)) - raft.server.log.statemachine.data.caching.enabled = true (custom)
2023-09-08 11:19:27,802 [03f108d1-7670-46de-a663-64a53fa7aba7-groupManagement] INFO  segmented.SegmentedRaftLogWorker (SegmentedRaftLogWorker.java:lambda$new$0(135)) - 03f108d1-7670-46de-a663-64a53fa7aba7@group-7C7F1AE0E7D9-SegmentedRaftLogWorker: flushIndex: setUnconditionally 0 -> -1
2023-09-08 11:19:27,803 [03f108d1-7670-46de-a663-64a53fa7aba7-groupManagement] INFO  segmented.SegmentedRaftLogWorker (SegmentedRaftLogWorker.java:lambda$new$0(135)) - 03f108d1-7670-46de-a663-64a53fa7aba7@group-7C7F1AE0E7D9-SegmentedRaftLogWorker: safeCacheEvictIndex: setUnconditionally 0 -> -1
2023-09-08 11:19:27,803 [03f108d1-7670-46de-a663-64a53fa7aba7-groupManagement] INFO  server.RaftServer$Division (RaftServerImpl.java:start(342)) - 03f108d1-7670-46de-a663-64a53fa7aba7@group-7C7F1AE0E7D9: start as a follower, conf=-1: peers:[86b604ca-d593-47c1-a869-330a99737efc|rpc:10.1.0.72:15138|admin:10.1.0.72:15137|client:10.1.0.72:15136|dataStream:10.1.0.72:15139|priority:0|startupRole:FOLLOWER, 03f108d1-7670-46de-a663-64a53fa7aba7|rpc:10.1.0.72:15129|admin:10.1.0.72:15128|client:10.1.0.72:15127|dataStream:10.1.0.72:15130|priority:0|startupRole:FOLLOWER, ccde687e-3bc0-46e3-98cf-cb73a4745fdb|rpc:10.1.0.72:15120|admin:10.1.0.72:15119|client:10.1.0.72:15118|dataStream:10.1.0.72:15121|priority:1|startupRole:FOLLOWER]|listeners:[], old=null
2023-09-08 11:19:27,803 [03f108d1-7670-46de-a663-64a53fa7aba7-groupManagement] INFO  server.RaftServer$Division (RaftServerImpl.java:setRole(329)) - 03f108d1-7670-46de-a663-64a53fa7aba7@group-7C7F1AE0E7D9: changes role from      null to FOLLOWER at term 0 for startAsFollower
2023-09-08 11:19:27,803 [03f108d1-7670-46de-a663-64a53fa7aba7-groupManagement] INFO  impl.RoleInfo (RoleInfo.java:updateAndGet(139)) - 03f108d1-7670-46de-a663-64a53fa7aba7: start 03f108d1-7670-46de-a663-64a53fa7aba7@group-7C7F1AE0E7D9-FollowerState
2023-09-08 11:19:27,807 [03f108d1-7670-46de-a663-64a53fa7aba7-groupManagement] INFO  util.JmxRegister (JmxRegister.java:tryRegister(44)) - Successfully registered JMX Bean with object name Ratis:service=RaftServer,group=group-7C7F1AE0E7D9,id=03f108d1-7670-46de-a663-64a53fa7aba7
2023-09-08 11:19:27,807 [03f108d1-7670-46de-a663-64a53fa7aba7-groupManagement] INFO  server.RaftServerConfigKeys (ConfUtils.java:logGet(46)) - raft.server.snapshot.auto.trigger.enabled = true (custom)
2023-09-08 11:19:27,807 [03f108d1-7670-46de-a663-64a53fa7aba7-groupManagement] INFO  server.RaftServerConfigKeys (ConfUtils.java:logGet(46)) - raft.server.snapshot.auto.trigger.threshold = 10000 (custom)
2023-09-08 11:19:27,807 [03f108d1-7670-46de-a663-64a53fa7aba7-groupManagement] INFO  server.RaftServerConfigKeys (ConfUtils.java:logGet(46)) - raft.server.snapshot.retention.file.num = 5 (custom)
2023-09-08 11:19:27,807 [03f108d1-7670-46de-a663-64a53fa7aba7-groupManagement] INFO  server.RaftServerConfigKeys (ConfUtils.java:logGet(46)) - raft.server.log.purge.upto.snapshot.index = false (default)
2023-09-08 11:19:27,807 [03f108d1-7670-46de-a663-64a53fa7aba7@group-7C7F1AE0E7D9-FollowerState] INFO  server.RaftServerConfigKeys (ConfUtils.java:logFallback(53)) - raft.server.rpc.first-election.timeout.min = 5s (fallback to raft.server.rpc.timeout.min)
2023-09-08 11:19:27,808 [03f108d1-7670-46de-a663-64a53fa7aba7@group-7C7F1AE0E7D9-FollowerState] INFO  server.RaftServerConfigKeys (ConfUtils.java:logFallback(53)) - raft.server.rpc.first-election.timeout.max = 5200ms (fallback to raft.server.rpc.timeout.max)
2023-09-08 11:19:27,835 [PipelineCommandHandlerThread-0] INFO  commandhandler.CreatePipelineCommandHandler (CreatePipelineCommandHandler.java:lambda$handle$2(124)) - Created Pipeline RATIS THREE PipelineID=f56822c3-6ef4-41d9-89bd-7c7f1ae0e7d9.
2023-09-08 11:19:27,835 [PipelineCommandHandlerThread-0] INFO  server.RaftServer (RaftServerProxy.java:addNew(98)) - ccde687e-3bc0-46e3-98cf-cb73a4745fdb: addNew group-02558DD72F89:[86b604ca-d593-47c1-a869-330a99737efc|rpc:10.1.0.72:15138|admin:10.1.0.72:15137|client:10.1.0.72:15136|dataStream:10.1.0.72:15139|priority:1|startupRole:FOLLOWER, 03f108d1-7670-46de-a663-64a53fa7aba7|rpc:10.1.0.72:15129|admin:10.1.0.72:15128|client:10.1.0.72:15127|dataStream:10.1.0.72:15130|priority:0|startupRole:FOLLOWER, ccde687e-3bc0-46e3-98cf-cb73a4745fdb|rpc:10.1.0.72:15120|admin:10.1.0.72:15119|client:10.1.0.72:15118|dataStream:10.1.0.72:15121|priority:0|startupRole:FOLLOWER] returns group-02558DD72F89:java.util.concurrent.CompletableFuture@1da57297[Not completed]
2023-09-08 11:19:27,841 [ccde687e-3bc0-46e3-98cf-cb73a4745fdb-groupManagement] INFO  server.RaftServer$Division (RaftServerImpl.java:<init>(198)) - ccde687e-3bc0-46e3-98cf-cb73a4745fdb: new RaftServerImpl for group-02558DD72F89:[86b604ca-d593-47c1-a869-330a99737efc|rpc:10.1.0.72:15138|admin:10.1.0.72:15137|client:10.1.0.72:15136|dataStream:10.1.0.72:15139|priority:1|startupRole:FOLLOWER, 03f108d1-7670-46de-a663-64a53fa7aba7|rpc:10.1.0.72:15129|admin:10.1.0.72:15128|client:10.1.0.72:15127|dataStream:10.1.0.72:15130|priority:0|startupRole:FOLLOWER, ccde687e-3bc0-46e3-98cf-cb73a4745fdb|rpc:10.1.0.72:15120|admin:10.1.0.72:15119|client:10.1.0.72:15118|dataStream:10.1.0.72:15121|priority:0|startupRole:FOLLOWER] with ContainerStateMachine:uninitialized
2023-09-08 11:19:27,841 [ccde687e-3bc0-46e3-98cf-cb73a4745fdb-groupManagement] INFO  server.RaftServerConfigKeys (ConfUtils.java:logGet(46)) - raft.server.rpc.timeout.min = 5s (custom)
2023-09-08 11:19:27,841 [ccde687e-3bc0-46e3-98cf-cb73a4745fdb-groupManagement] INFO  server.RaftServerConfigKeys (ConfUtils.java:logGet(46)) - raft.server.rpc.timeout.max = 5200ms (custom)
2023-09-08 11:19:27,841 [ccde687e-3bc0-46e3-98cf-cb73a4745fdb-groupManagement] INFO  server.RaftServerConfigKeys (ConfUtils.java:logGet(46)) - raft.server.rpc.sleep.time = 25ms (default)
2023-09-08 11:19:27,841 [ccde687e-3bc0-46e3-98cf-cb73a4745fdb-groupManagement] INFO  server.RaftServerConfigKeys (ConfUtils.java:logGet(46)) - raft.server.rpc.slowness.timeout = 300s (custom)
2023-09-08 11:19:27,841 [ccde687e-3bc0-46e3-98cf-cb73a4745fdb-groupManagement] INFO  server.RaftServerConfigKeys (ConfUtils.java:logGet(46)) - raft.server.leaderelection.leader.step-down.wait-time = 10s (default)
2023-09-08 11:19:27,841 [ccde687e-3bc0-46e3-98cf-cb73a4745fdb-groupManagement] INFO  server.RaftServerConfigKeys (ConfUtils.java:logGet(46)) - raft.server.sleep.deviation.threshold = 300ms (default)
2023-09-08 11:19:27,841 [ccde687e-3bc0-46e3-98cf-cb73a4745fdb-groupManagement] INFO  server.RaftServer$Division (ServerState.java:<init>(120)) - ccde687e-3bc0-46e3-98cf-cb73a4745fdb@group-02558DD72F89: ConfigurationManager, init=-1: peers:[86b604ca-d593-47c1-a869-330a99737efc|rpc:10.1.0.72:15138|admin:10.1.0.72:15137|client:10.1.0.72:15136|dataStream:10.1.0.72:15139|priority:1|startupRole:FOLLOWER, 03f108d1-7670-46de-a663-64a53fa7aba7|rpc:10.1.0.72:15129|admin:10.1.0.72:15128|client:10.1.0.72:15127|dataStream:10.1.0.72:15130|priority:0|startupRole:FOLLOWER, ccde687e-3bc0-46e3-98cf-cb73a4745fdb|rpc:10.1.0.72:15120|admin:10.1.0.72:15119|client:10.1.0.72:15118|dataStream:10.1.0.72:15121|priority:0|startupRole:FOLLOWER]|listeners:[], old=null, confs=<EMPTY_MAP>
2023-09-08 11:19:27,841 [ccde687e-3bc0-46e3-98cf-cb73a4745fdb-groupManagement] INFO  server.RaftServerConfigKeys (ConfUtils.java:logGet(46)) - raft.server.storage.dir = [/home/runner/work/ozone/ozone/hadoop-ozone/integration-test/target/test-dir/MiniOzoneClusterImpl-b03496ff-6041-4009-870e-fb613b325751/datanode-0/data/ratis] (custom)
2023-09-08 11:19:27,841 [ccde687e-3bc0-46e3-98cf-cb73a4745fdb-groupManagement] INFO  server.RaftServerConfigKeys (ConfUtils.java:logGet(46)) - raft.server.log.corruption.policy = EXCEPTION (default)
2023-09-08 11:19:27,841 [ccde687e-3bc0-46e3-98cf-cb73a4745fdb-groupManagement] INFO  server.RaftServerConfigKeys (ConfUtils.java:logGet(46)) - raft.server.storage.free-space.min = 0MB (=0) (default)
2023-09-08 11:19:27,842 [ccde687e-3bc0-46e3-98cf-cb73a4745fdb-groupManagement] INFO  server.RaftServerConfigKeys (ConfUtils.java:logGet(46)) - raft.server.notification.no-leader.timeout = 300s (custom)
2023-09-08 11:19:27,842 [ccde687e-3bc0-46e3-98cf-cb73a4745fdb-groupManagement] INFO  server.RaftServerConfigKeys (ConfUtils.java:logGet(46)) - raft.server.read.timeout = 10s (default)
2023-09-08 11:19:27,842 [ccde687e-3bc0-46e3-98cf-cb73a4745fdb-groupManagement] INFO  server.RaftServerConfigKeys (ConfUtils.java:logGet(46)) - raft.server.retrycache.expirytime = 600000ms (custom)
2023-09-08 11:19:27,842 [ccde687e-3bc0-46e3-98cf-cb73a4745fdb-groupManagement] INFO  server.RaftServerConfigKeys (ConfUtils.java:logGet(46)) - raft.server.retrycache.statistics.expirytime = 100μs (default)
2023-09-08 11:19:27,842 [ccde687e-3bc0-46e3-98cf-cb73a4745fdb-groupManagement] INFO  server.RaftServerConfigKeys (ConfUtils.java:logGet(46)) - raft.server.read.option = DEFAULT (default)
2023-09-08 11:19:27,843 [ccde687e-3bc0-46e3-98cf-cb73a4745fdb-groupManagement] INFO  server.RaftServerConfigKeys (ConfUtils.java:logGet(46)) - raft.server.rpc.request.timeout = 60s (custom)
2023-09-08 11:19:27,843 [ccde687e-3bc0-46e3-98cf-cb73a4745fdb-groupManagement] INFO  server.RaftServerConfigKeys (ConfUtils.java:logGet(46)) - raft.server.log.appender.install.snapshot.enabled = false (custom)
2023-09-08 11:19:27,843 [ccde687e-3bc0-46e3-98cf-cb73a4745fdb-groupManagement] INFO  server.RaftServerConfigKeys (ConfUtils.java:logGet(46)) - raft.server.threadpool.server.cached = true (default)
2023-09-08 11:19:27,843 [ccde687e-3bc0-46e3-98cf-cb73a4745fdb-groupManagement] INFO  server.RaftServerConfigKeys (ConfUtils.java:logGet(46)) - raft.server.threadpool.server.size = 0 (default)
2023-09-08 11:19:27,843 [ccde687e-3bc0-46e3-98cf-cb73a4745fdb-groupManagement] INFO  server.RaftServerConfigKeys (ConfUtils.java:logGet(46)) - raft.server.threadpool.client.cached = true (default)
2023-09-08 11:19:27,843 [ccde687e-3bc0-46e3-98cf-cb73a4745fdb-groupManagement] INFO  server.RaftServerConfigKeys (ConfUtils.java:logGet(46)) - raft.server.threadpool.client.size = 0 (default)
2023-09-08 11:19:27,843 [ccde687e-3bc0-46e3-98cf-cb73a4745fdb-groupManagement] INFO  storage.RaftStorageDirectory (RaftStorageDirectoryImpl.java:analyzeStorage(137)) - The storage directory /home/runner/work/ozone/ozone/hadoop-ozone/integration-test/target/test-dir/MiniOzoneClusterImpl-b03496ff-6041-4009-870e-fb613b325751/datanode-0/data/ratis/7a8bc299-87da-4858-abc5-02558dd72f89 does not exist. Creating ...
2023-09-08 11:19:27,844 [ccde687e-3bc0-46e3-98cf-cb73a4745fdb-groupManagement] INFO  storage.RaftStorageDirectory (RaftStorageDirectoryImpl.java:tryLock(231)) - Lock on /home/runner/work/ozone/ozone/hadoop-ozone/integration-test/target/test-dir/MiniOzoneClusterImpl-b03496ff-6041-4009-870e-fb613b325751/datanode-0/data/ratis/7a8bc299-87da-4858-abc5-02558dd72f89/in_use.lock acquired by nodename 7549@fv-az203-160
2023-09-08 11:19:27,846 [ccde687e-3bc0-46e3-98cf-cb73a4745fdb-groupManagement] INFO  storage.RaftStorage (RaftStorageImpl.java:format(96)) - Storage directory /home/runner/work/ozone/ozone/hadoop-ozone/integration-test/target/test-dir/MiniOzoneClusterImpl-b03496ff-6041-4009-870e-fb613b325751/datanode-0/data/ratis/7a8bc299-87da-4858-abc5-02558dd72f89 has been successfully formatted.
2023-09-08 11:19:27,847 [ccde687e-3bc0-46e3-98cf-cb73a4745fdb-groupManagement] INFO  ratis.ContainerStateMachine (ContainerStateMachine.java:loadSnapshot(262)) - group-02558DD72F89: The snapshot info is null. Setting the last applied indexto:(t:0, i:~)
2023-09-08 11:19:27,847 [ccde687e-3bc0-46e3-98cf-cb73a4745fdb-groupManagement] INFO  server.RaftServerConfigKeys (ConfUtils.java:logGet(46)) - raft.server.log.use.memory = false (default)
2023-09-08 11:19:27,847 [ccde687e-3bc0-46e3-98cf-cb73a4745fdb-groupManagement] INFO  server.RaftServerConfigKeys (ConfUtils.java:logGet(46)) - raft.server.log.purge.gap = 1000000 (custom)
2023-09-08 11:19:27,847 [ccde687e-3bc0-46e3-98cf-cb73a4745fdb-groupManagement] INFO  server.RaftServerConfigKeys (ConfUtils.java:logGet(46)) - raft.server.log.appender.buffer.byte-limit = 33554432 (custom)
2023-09-08 11:19:27,847 [ccde687e-3bc0-46e3-98cf-cb73a4745fdb-groupManagement] INFO  server.RaftServerConfigKeys (ConfUtils.java:logGet(46)) - raft.server.log.statemachine.data.read.timeout = 1000ms (default)
2023-09-08 11:19:27,847 [ccde687e-3bc0-46e3-98cf-cb73a4745fdb-groupManagement] INFO  server.RaftServerConfigKeys (ConfUtils.java:logGet(46)) - raft.server.log.purge.preservation.log.num = 0 (default)
2023-09-08 11:19:27,848 [ccde687e-3bc0-46e3-98cf-cb73a4745fdb-groupManagement] INFO  server.RaftServerConfigKeys (ConfUtils.java:logGet(46)) - raft.server.log.segment.size.max = 1048576 (custom)
2023-09-08 11:19:27,848 [EventQueue-OpenPipelineForHealthyPipelineSafeModeRule] INFO  safemode.SCMSafeModeManager (HealthyPipelineSafeModeRule.java:process(137)) - SCM in safe mode. Healthy pipelines reported count is 0, required healthy pipeline reported count is 1
2023-09-08 11:19:27,848 [ccde687e-3bc0-46e3-98cf-cb73a4745fdb-groupManagement] INFO  server.RaftServerConfigKeys (ConfUtils.java:logGet(46)) - raft.server.log.segment.cache.num.max = 2 (custom)
2023-09-08 11:19:27,848 [ccde687e-3bc0-46e3-98cf-cb73a4745fdb-groupManagement] INFO  server.RaftServerConfigKeys (ConfUtils.java:logGet(46)) - raft.server.log.segment.cache.size.max = 200MB (=209715200) (default)
2023-09-08 11:19:27,848 [ccde687e-3bc0-46e3-98cf-cb73a4745fdb-groupManagement] INFO  server.RaftServerConfigKeys (ConfUtils.java:logGet(46)) - raft.server.log.appender.buffer.byte-limit = 33554432 (custom)
2023-09-08 11:19:27,848 [ccde687e-3bc0-46e3-98cf-cb73a4745fdb-groupManagement] INFO  segmented.SegmentedRaftLogWorker (SegmentedRaftLogWorker.java:<init>(188)) - new ccde687e-3bc0-46e3-98cf-cb73a4745fdb@group-02558DD72F89-SegmentedRaftLogWorker for RaftStorageImpl:Storage Directory /home/runner/work/ozone/ozone/hadoop-ozone/integration-test/target/test-dir/MiniOzoneClusterImpl-b03496ff-6041-4009-870e-fb613b325751/datanode-0/data/ratis/7a8bc299-87da-4858-abc5-02558dd72f89
2023-09-08 11:19:27,848 [ccde687e-3bc0-46e3-98cf-cb73a4745fdb-groupManagement] INFO  server.RaftServerConfigKeys (ConfUtils.java:logGet(46)) - raft.server.log.queue.byte-limit = 4294967296 (custom)
2023-09-08 11:19:27,848 [ccde687e-3bc0-46e3-98cf-cb73a4745fdb-groupManagement] INFO  server.RaftServerConfigKeys (ConfUtils.java:logGet(46)) - raft.server.log.queue.element-limit = 1024 (custom)
2023-09-08 11:19:27,848 [ccde687e-3bc0-46e3-98cf-cb73a4745fdb-groupManagement] INFO  server.RaftServerConfigKeys (ConfUtils.java:logGet(46)) - raft.server.log.segment.size.max = 1048576 (custom)
2023-09-08 11:19:27,848 [ccde687e-3bc0-46e3-98cf-cb73a4745fdb-groupManagement] INFO  server.RaftServerConfigKeys (ConfUtils.java:logGet(46)) - raft.server.log.preallocated.size = 16384 (custom)
2023-09-08 11:19:27,849 [ccde687e-3bc0-46e3-98cf-cb73a4745fdb-groupManagement] INFO  server.RaftServerConfigKeys (ConfUtils.java:logGet(46)) - raft.server.log.force.sync.num = 128 (default)
2023-09-08 11:19:27,849 [ccde687e-3bc0-46e3-98cf-cb73a4745fdb-groupManagement] INFO  server.RaftServerConfigKeys (ConfUtils.java:logGet(46)) - raft.server.log.statemachine.data.sync = true (default)
2023-09-08 11:19:27,849 [ccde687e-3bc0-46e3-98cf-cb73a4745fdb-groupManagement] INFO  server.RaftServerConfigKeys (ConfUtils.java:logGet(46)) - raft.server.log.statemachine.data.sync.timeout = 10s (default)
2023-09-08 11:19:27,849 [ccde687e-3bc0-46e3-98cf-cb73a4745fdb-groupManagement] INFO  server.RaftServerConfigKeys (ConfUtils.java:logGet(46)) - raft.server.log.statemachine.data.sync.timeout.retry = -1 (default)
2023-09-08 11:19:27,849 [ccde687e-3bc0-46e3-98cf-cb73a4745fdb-groupManagement] INFO  server.RaftServerConfigKeys (ConfUtils.java:logGet(46)) - raft.server.log.write.buffer.size = 1048576 (custom)
2023-09-08 11:19:27,850 [ccde687e-3bc0-46e3-98cf-cb73a4745fdb-groupManagement] INFO  server.RaftServerConfigKeys (ConfUtils.java:logGet(46)) - raft.server.log.appender.buffer.byte-limit = 33554432 (custom)
2023-09-08 11:19:27,855 [ccde687e-3bc0-46e3-98cf-cb73a4745fdb-groupManagement] INFO  server.RaftServerConfigKeys (ConfUtils.java:logGet(46)) - raft.server.log.unsafe-flush.enabled = false (default)
2023-09-08 11:19:27,855 [ccde687e-3bc0-46e3-98cf-cb73a4745fdb-groupManagement] INFO  server.RaftServerConfigKeys (ConfUtils.java:logGet(46)) - raft.server.log.async-flush.enabled = false (default)
2023-09-08 11:19:27,855 [ccde687e-3bc0-46e3-98cf-cb73a4745fdb-groupManagement] INFO  server.RaftServerConfigKeys (ConfUtils.java:logGet(46)) - raft.server.log.statemachine.data.caching.enabled = true (custom)
2023-09-08 11:19:27,855 [ccde687e-3bc0-46e3-98cf-cb73a4745fdb-groupManagement] INFO  segmented.SegmentedRaftLogWorker (SegmentedRaftLogWorker.java:lambda$new$0(135)) - ccde687e-3bc0-46e3-98cf-cb73a4745fdb@group-02558DD72F89-SegmentedRaftLogWorker: flushIndex: setUnconditionally 0 -> -1
2023-09-08 11:19:27,855 [ccde687e-3bc0-46e3-98cf-cb73a4745fdb-groupManagement] INFO  segmented.SegmentedRaftLogWorker (SegmentedRaftLogWorker.java:lambda$new$0(135)) - ccde687e-3bc0-46e3-98cf-cb73a4745fdb@group-02558DD72F89-SegmentedRaftLogWorker: safeCacheEvictIndex: setUnconditionally 0 -> -1
2023-09-08 11:19:27,856 [ccde687e-3bc0-46e3-98cf-cb73a4745fdb-groupManagement] INFO  server.RaftServer$Division (RaftServerImpl.java:start(342)) - ccde687e-3bc0-46e3-98cf-cb73a4745fdb@group-02558DD72F89: start as a follower, conf=-1: peers:[86b604ca-d593-47c1-a869-330a99737efc|rpc:10.1.0.72:15138|admin:10.1.0.72:15137|client:10.1.0.72:15136|dataStream:10.1.0.72:15139|priority:1|startupRole:FOLLOWER, 03f108d1-7670-46de-a663-64a53fa7aba7|rpc:10.1.0.72:15129|admin:10.1.0.72:15128|client:10.1.0.72:15127|dataStream:10.1.0.72:15130|priority:0|startupRole:FOLLOWER, ccde687e-3bc0-46e3-98cf-cb73a4745fdb|rpc:10.1.0.72:15120|admin:10.1.0.72:15119|client:10.1.0.72:15118|dataStream:10.1.0.72:15121|priority:0|startupRole:FOLLOWER]|listeners:[], old=null
2023-09-08 11:19:27,856 [ccde687e-3bc0-46e3-98cf-cb73a4745fdb-groupManagement] INFO  server.RaftServer$Division (RaftServerImpl.java:setRole(329)) - ccde687e-3bc0-46e3-98cf-cb73a4745fdb@group-02558DD72F89: changes role from      null to FOLLOWER at term 0 for startAsFollower
2023-09-08 11:19:27,856 [ccde687e-3bc0-46e3-98cf-cb73a4745fdb-groupManagement] INFO  impl.RoleInfo (RoleInfo.java:updateAndGet(139)) - ccde687e-3bc0-46e3-98cf-cb73a4745fdb: start ccde687e-3bc0-46e3-98cf-cb73a4745fdb@group-02558DD72F89-FollowerState
2023-09-08 11:19:27,856 [ccde687e-3bc0-46e3-98cf-cb73a4745fdb-groupManagement] INFO  util.JmxRegister (JmxRegister.java:tryRegister(44)) - Successfully registered JMX Bean with object name Ratis:service=RaftServer,group=group-02558DD72F89,id=ccde687e-3bc0-46e3-98cf-cb73a4745fdb
2023-09-08 11:19:27,856 [ccde687e-3bc0-46e3-98cf-cb73a4745fdb-groupManagement] INFO  server.RaftServerConfigKeys (ConfUtils.java:logGet(46)) - raft.server.snapshot.auto.trigger.enabled = true (custom)
2023-09-08 11:19:27,856 [ccde687e-3bc0-46e3-98cf-cb73a4745fdb-groupManagement] INFO  server.RaftServerConfigKeys (ConfUtils.java:logGet(46)) - raft.server.snapshot.auto.trigger.threshold = 10000 (custom)
2023-09-08 11:19:27,856 [ccde687e-3bc0-46e3-98cf-cb73a4745fdb-groupManagement] INFO  server.RaftServerConfigKeys (ConfUtils.java:logGet(46)) - raft.server.snapshot.retention.file.num = 5 (custom)
2023-09-08 11:19:27,856 [ccde687e-3bc0-46e3-98cf-cb73a4745fdb-groupManagement] INFO  server.RaftServerConfigKeys (ConfUtils.java:logGet(46)) - raft.server.log.purge.upto.snapshot.index = false (default)
2023-09-08 11:19:27,857 [ccde687e-3bc0-46e3-98cf-cb73a4745fdb@group-02558DD72F89-FollowerState] INFO  server.RaftServerConfigKeys (ConfUtils.java:logFallback(53)) - raft.server.rpc.first-election.timeout.min = 5s (fallback to raft.server.rpc.timeout.min)
2023-09-08 11:19:27,857 [ccde687e-3bc0-46e3-98cf-cb73a4745fdb@group-02558DD72F89-FollowerState] INFO  server.RaftServerConfigKeys (ConfUtils.java:logFallback(53)) - raft.server.rpc.first-election.timeout.max = 5200ms (fallback to raft.server.rpc.timeout.max)
2023-09-08 11:19:27,857 [PipelineCommandHandlerThread-0] INFO  ratis.XceiverServerRatis (XceiverServerRatis.java:addGroup(804)) - Created group PipelineID=7a8bc299-87da-4858-abc5-02558dd72f89
2023-09-08 11:19:27,869 [grpc-default-executor-0] INFO  server.RaftServer (RaftServerProxy.java:addNew(98)) - 03f108d1-7670-46de-a663-64a53fa7aba7: addNew group-02558DD72F89:[86b604ca-d593-47c1-a869-330a99737efc|rpc:10.1.0.72:15138|admin:10.1.0.72:15137|client:10.1.0.72:15136|dataStream:10.1.0.72:15139|priority:1|startupRole:FOLLOWER, 03f108d1-7670-46de-a663-64a53fa7aba7|rpc:10.1.0.72:15129|admin:10.1.0.72:15128|client:10.1.0.72:15127|dataStream:10.1.0.72:15130|priority:0|startupRole:FOLLOWER, ccde687e-3bc0-46e3-98cf-cb73a4745fdb|rpc:10.1.0.72:15120|admin:10.1.0.72:15119|client:10.1.0.72:15118|dataStream:10.1.0.72:15121|priority:0|startupRole:FOLLOWER] returns group-02558DD72F89:java.util.concurrent.CompletableFuture@4e0a9a96[Not completed]
2023-09-08 11:19:27,870 [03f108d1-7670-46de-a663-64a53fa7aba7-groupManagement] INFO  server.RaftServer$Division (RaftServerImpl.java:<init>(198)) - 03f108d1-7670-46de-a663-64a53fa7aba7: new RaftServerImpl for group-02558DD72F89:[86b604ca-d593-47c1-a869-330a99737efc|rpc:10.1.0.72:15138|admin:10.1.0.72:15137|client:10.1.0.72:15136|dataStream:10.1.0.72:15139|priority:1|startupRole:FOLLOWER, 03f108d1-7670-46de-a663-64a53fa7aba7|rpc:10.1.0.72:15129|admin:10.1.0.72:15128|client:10.1.0.72:15127|dataStream:10.1.0.72:15130|priority:0|startupRole:FOLLOWER, ccde687e-3bc0-46e3-98cf-cb73a4745fdb|rpc:10.1.0.72:15120|admin:10.1.0.72:15119|client:10.1.0.72:15118|dataStream:10.1.0.72:15121|priority:0|startupRole:FOLLOWER] with ContainerStateMachine:uninitialized
2023-09-08 11:19:27,870 [03f108d1-7670-46de-a663-64a53fa7aba7-groupManagement] INFO  server.RaftServerConfigKeys (ConfUtils.java:logGet(46)) - raft.server.rpc.timeout.min = 5s (custom)
2023-09-08 11:19:27,870 [03f108d1-7670-46de-a663-64a53fa7aba7-groupManagement] INFO  server.RaftServerConfigKeys (ConfUtils.java:logGet(46)) - raft.server.rpc.timeout.max = 5200ms (custom)
2023-09-08 11:19:27,870 [03f108d1-7670-46de-a663-64a53fa7aba7-groupManagement] INFO  server.RaftServerConfigKeys (ConfUtils.java:logGet(46)) - raft.server.rpc.sleep.time = 25ms (default)
2023-09-08 11:19:27,871 [03f108d1-7670-46de-a663-64a53fa7aba7-groupManagement] INFO  server.RaftServerConfigKeys (ConfUtils.java:logGet(46)) - raft.server.rpc.slowness.timeout = 300s (custom)
2023-09-08 11:19:27,871 [03f108d1-7670-46de-a663-64a53fa7aba7-groupManagement] INFO  server.RaftServerConfigKeys (ConfUtils.java:logGet(46)) - raft.server.leaderelection.leader.step-down.wait-time = 10s (default)
2023-09-08 11:19:27,871 [03f108d1-7670-46de-a663-64a53fa7aba7-groupManagement] INFO  server.RaftServerConfigKeys (ConfUtils.java:logGet(46)) - raft.server.sleep.deviation.threshold = 300ms (default)
2023-09-08 11:19:27,871 [03f108d1-7670-46de-a663-64a53fa7aba7-groupManagement] INFO  server.RaftServer$Division (ServerState.java:<init>(120)) - 03f108d1-7670-46de-a663-64a53fa7aba7@group-02558DD72F89: ConfigurationManager, init=-1: peers:[86b604ca-d593-47c1-a869-330a99737efc|rpc:10.1.0.72:15138|admin:10.1.0.72:15137|client:10.1.0.72:15136|dataStream:10.1.0.72:15139|priority:1|startupRole:FOLLOWER, 03f108d1-7670-46de-a663-64a53fa7aba7|rpc:10.1.0.72:15129|admin:10.1.0.72:15128|client:10.1.0.72:15127|dataStream:10.1.0.72:15130|priority:0|startupRole:FOLLOWER, ccde687e-3bc0-46e3-98cf-cb73a4745fdb|rpc:10.1.0.72:15120|admin:10.1.0.72:15119|client:10.1.0.72:15118|dataStream:10.1.0.72:15121|priority:0|startupRole:FOLLOWER]|listeners:[], old=null, confs=<EMPTY_MAP>
2023-09-08 11:19:27,871 [03f108d1-7670-46de-a663-64a53fa7aba7-groupManagement] INFO  server.RaftServerConfigKeys (ConfUtils.java:logGet(46)) - raft.server.storage.dir = [/home/runner/work/ozone/ozone/hadoop-ozone/integration-test/target/test-dir/MiniOzoneClusterImpl-b03496ff-6041-4009-870e-fb613b325751/datanode-1/data/ratis] (custom)
2023-09-08 11:19:27,871 [03f108d1-7670-46de-a663-64a53fa7aba7-groupManagement] INFO  server.RaftServerConfigKeys (ConfUtils.java:logGet(46)) - raft.server.log.corruption.policy = EXCEPTION (default)
2023-09-08 11:19:27,871 [03f108d1-7670-46de-a663-64a53fa7aba7-groupManagement] INFO  server.RaftServerConfigKeys (ConfUtils.java:logGet(46)) - raft.server.storage.free-space.min = 0MB (=0) (default)
2023-09-08 11:19:27,871 [03f108d1-7670-46de-a663-64a53fa7aba7-groupManagement] INFO  server.RaftServerConfigKeys (ConfUtils.java:logGet(46)) - raft.server.notification.no-leader.timeout = 300s (custom)
2023-09-08 11:19:27,871 [03f108d1-7670-46de-a663-64a53fa7aba7-groupManagement] INFO  server.RaftServerConfigKeys (ConfUtils.java:logGet(46)) - raft.server.read.timeout = 10s (default)
2023-09-08 11:19:27,871 [03f108d1-7670-46de-a663-64a53fa7aba7-groupManagement] INFO  server.RaftServerConfigKeys (ConfUtils.java:logGet(46)) - raft.server.retrycache.expirytime = 600000ms (custom)
2023-09-08 11:19:27,871 [03f108d1-7670-46de-a663-64a53fa7aba7-groupManagement] INFO  server.RaftServerConfigKeys (ConfUtils.java:logGet(46)) - raft.server.retrycache.statistics.expirytime = 100μs (default)
2023-09-08 11:19:27,871 [03f108d1-7670-46de-a663-64a53fa7aba7-groupManagement] INFO  server.RaftServerConfigKeys (ConfUtils.java:logGet(46)) - raft.server.read.option = DEFAULT (default)
2023-09-08 11:19:27,873 [03f108d1-7670-46de-a663-64a53fa7aba7-groupManagement] INFO  server.RaftServerConfigKeys (ConfUtils.java:logGet(46)) - raft.server.rpc.request.timeout = 60s (custom)
2023-09-08 11:19:27,873 [03f108d1-7670-46de-a663-64a53fa7aba7-groupManagement] INFO  server.RaftServerConfigKeys (ConfUtils.java:logGet(46)) - raft.server.log.appender.install.snapshot.enabled = false (custom)
2023-09-08 11:19:27,873 [03f108d1-7670-46de-a663-64a53fa7aba7-groupManagement] INFO  server.RaftServerConfigKeys (ConfUtils.java:logGet(46)) - raft.server.threadpool.server.cached = true (default)
2023-09-08 11:19:27,873 [03f108d1-7670-46de-a663-64a53fa7aba7-groupManagement] INFO  server.RaftServerConfigKeys (ConfUtils.java:logGet(46)) - raft.server.threadpool.server.size = 0 (default)
2023-09-08 11:19:27,873 [03f108d1-7670-46de-a663-64a53fa7aba7-groupManagement] INFO  server.RaftServerConfigKeys (ConfUtils.java:logGet(46)) - raft.server.threadpool.client.cached = true (default)
2023-09-08 11:19:27,873 [03f108d1-7670-46de-a663-64a53fa7aba7-groupManagement] INFO  server.RaftServerConfigKeys (ConfUtils.java:logGet(46)) - raft.server.threadpool.client.size = 0 (default)
2023-09-08 11:19:27,874 [03f108d1-7670-46de-a663-64a53fa7aba7-groupManagement] INFO  storage.RaftStorageDirectory (RaftStorageDirectoryImpl.java:analyzeStorage(137)) - The storage directory /home/runner/work/ozone/ozone/hadoop-ozone/integration-test/target/test-dir/MiniOzoneClusterImpl-b03496ff-6041-4009-870e-fb613b325751/datanode-1/data/ratis/7a8bc299-87da-4858-abc5-02558dd72f89 does not exist. Creating ...
2023-09-08 11:19:27,876 [03f108d1-7670-46de-a663-64a53fa7aba7-groupManagement] INFO  storage.RaftStorageDirectory (RaftStorageDirectoryImpl.java:tryLock(231)) - Lock on /home/runner/work/ozone/ozone/hadoop-ozone/integration-test/target/test-dir/MiniOzoneClusterImpl-b03496ff-6041-4009-870e-fb613b325751/datanode-1/data/ratis/7a8bc299-87da-4858-abc5-02558dd72f89/in_use.lock acquired by nodename 7549@fv-az203-160
2023-09-08 11:19:27,878 [03f108d1-7670-46de-a663-64a53fa7aba7-groupManagement] INFO  storage.RaftStorage (RaftStorageImpl.java:format(96)) - Storage directory /home/runner/work/ozone/ozone/hadoop-ozone/integration-test/target/test-dir/MiniOzoneClusterImpl-b03496ff-6041-4009-870e-fb613b325751/datanode-1/data/ratis/7a8bc299-87da-4858-abc5-02558dd72f89 has been successfully formatted.
2023-09-08 11:19:27,879 [03f108d1-7670-46de-a663-64a53fa7aba7-groupManagement] INFO  ratis.ContainerStateMachine (ContainerStateMachine.java:loadSnapshot(262)) - group-02558DD72F89: The snapshot info is null. Setting the last applied indexto:(t:0, i:~)
2023-09-08 11:19:27,879 [03f108d1-7670-46de-a663-64a53fa7aba7-groupManagement] INFO  server.RaftServerConfigKeys (ConfUtils.java:logGet(46)) - raft.server.log.use.memory = false (default)
2023-09-08 11:19:27,880 [03f108d1-7670-46de-a663-64a53fa7aba7-groupManagement] INFO  server.RaftServerConfigKeys (ConfUtils.java:logGet(46)) - raft.server.log.purge.gap = 1000000 (custom)
2023-09-08 11:19:27,880 [03f108d1-7670-46de-a663-64a53fa7aba7-groupManagement] INFO  server.RaftServerConfigKeys (ConfUtils.java:logGet(46)) - raft.server.log.appender.buffer.byte-limit = 33554432 (custom)
2023-09-08 11:19:27,880 [03f108d1-7670-46de-a663-64a53fa7aba7-groupManagement] INFO  server.RaftServerConfigKeys (ConfUtils.java:logGet(46)) - raft.server.log.statemachine.data.read.timeout = 1000ms (default)
2023-09-08 11:19:27,880 [03f108d1-7670-46de-a663-64a53fa7aba7-groupManagement] INFO  server.RaftServerConfigKeys (ConfUtils.java:logGet(46)) - raft.server.log.purge.preservation.log.num = 0 (default)
2023-09-08 11:19:27,880 [03f108d1-7670-46de-a663-64a53fa7aba7-groupManagement] INFO  server.RaftServerConfigKeys (ConfUtils.java:logGet(46)) - raft.server.log.segment.size.max = 1048576 (custom)
2023-09-08 11:19:27,880 [03f108d1-7670-46de-a663-64a53fa7aba7-groupManagement] INFO  server.RaftServerConfigKeys (ConfUtils.java:logGet(46)) - raft.server.log.segment.cache.num.max = 2 (custom)
2023-09-08 11:19:27,881 [03f108d1-7670-46de-a663-64a53fa7aba7-groupManagement] INFO  server.RaftServerConfigKeys (ConfUtils.java:logGet(46)) - raft.server.log.segment.cache.size.max = 200MB (=209715200) (default)
2023-09-08 11:19:27,881 [03f108d1-7670-46de-a663-64a53fa7aba7-groupManagement] INFO  server.RaftServerConfigKeys (ConfUtils.java:logGet(46)) - raft.server.log.appender.buffer.byte-limit = 33554432 (custom)
2023-09-08 11:19:27,881 [03f108d1-7670-46de-a663-64a53fa7aba7-groupManagement] INFO  segmented.SegmentedRaftLogWorker (SegmentedRaftLogWorker.java:<init>(188)) - new 03f108d1-7670-46de-a663-64a53fa7aba7@group-02558DD72F89-SegmentedRaftLogWorker for RaftStorageImpl:Storage Directory /home/runner/work/ozone/ozone/hadoop-ozone/integration-test/target/test-dir/MiniOzoneClusterImpl-b03496ff-6041-4009-870e-fb613b325751/datanode-1/data/ratis/7a8bc299-87da-4858-abc5-02558dd72f89
2023-09-08 11:19:27,881 [03f108d1-7670-46de-a663-64a53fa7aba7-groupManagement] INFO  server.RaftServerConfigKeys (ConfUtils.java:logGet(46)) - raft.server.log.queue.byte-limit = 4294967296 (custom)
2023-09-08 11:19:27,881 [03f108d1-7670-46de-a663-64a53fa7aba7-groupManagement] INFO  server.RaftServerConfigKeys (ConfUtils.java:logGet(46)) - raft.server.log.queue.element-limit = 1024 (custom)
2023-09-08 11:19:27,881 [03f108d1-7670-46de-a663-64a53fa7aba7-groupManagement] INFO  server.RaftServerConfigKeys (ConfUtils.java:logGet(46)) - raft.server.log.segment.size.max = 1048576 (custom)
2023-09-08 11:19:27,881 [03f108d1-7670-46de-a663-64a53fa7aba7-groupManagement] INFO  server.RaftServerConfigKeys (ConfUtils.java:logGet(46)) - raft.server.log.preallocated.size = 16384 (custom)
2023-09-08 11:19:27,881 [03f108d1-7670-46de-a663-64a53fa7aba7-groupManagement] INFO  server.RaftServerConfigKeys (ConfUtils.java:logGet(46)) - raft.server.log.force.sync.num = 128 (default)
2023-09-08 11:19:27,881 [03f108d1-7670-46de-a663-64a53fa7aba7-groupManagement] INFO  server.RaftServerConfigKeys (ConfUtils.java:logGet(46)) - raft.server.log.statemachine.data.sync = true (default)
2023-09-08 11:19:27,881 [03f108d1-7670-46de-a663-64a53fa7aba7-groupManagement] INFO  server.RaftServerConfigKeys (ConfUtils.java:logGet(46)) - raft.server.log.statemachine.data.sync.timeout = 10s (default)
2023-09-08 11:19:27,881 [03f108d1-7670-46de-a663-64a53fa7aba7-groupManagement] INFO  server.RaftServerConfigKeys (ConfUtils.java:logGet(46)) - raft.server.log.statemachine.data.sync.timeout.retry = -1 (default)
2023-09-08 11:19:27,882 [03f108d1-7670-46de-a663-64a53fa7aba7-groupManagement] INFO  server.RaftServerConfigKeys (ConfUtils.java:logGet(46)) - raft.server.log.write.buffer.size = 1048576 (custom)
2023-09-08 11:19:27,882 [03f108d1-7670-46de-a663-64a53fa7aba7-groupManagement] INFO  server.RaftServerConfigKeys (ConfUtils.java:logGet(46)) - raft.server.log.appender.buffer.byte-limit = 33554432 (custom)
2023-09-08 11:19:27,887 [03f108d1-7670-46de-a663-64a53fa7aba7-groupManagement] INFO  server.RaftServerConfigKeys (ConfUtils.java:logGet(46)) - raft.server.log.unsafe-flush.enabled = false (default)
2023-09-08 11:19:27,887 [03f108d1-7670-46de-a663-64a53fa7aba7-groupManagement] INFO  server.RaftServerConfigKeys (ConfUtils.java:logGet(46)) - raft.server.log.async-flush.enabled = false (default)
2023-09-08 11:19:27,887 [03f108d1-7670-46de-a663-64a53fa7aba7-groupManagement] INFO  server.RaftServerConfigKeys (ConfUtils.java:logGet(46)) - raft.server.log.statemachine.data.caching.enabled = true (custom)
2023-09-08 11:19:27,888 [03f108d1-7670-46de-a663-64a53fa7aba7-groupManagement] INFO  segmented.SegmentedRaftLogWorker (SegmentedRaftLogWorker.java:lambda$new$0(135)) - 03f108d1-7670-46de-a663-64a53fa7aba7@group-02558DD72F89-SegmentedRaftLogWorker: flushIndex: setUnconditionally 0 -> -1
2023-09-08 11:19:27,888 [03f108d1-7670-46de-a663-64a53fa7aba7-groupManagement] INFO  segmented.SegmentedRaftLogWorker (SegmentedRaftLogWorker.java:lambda$new$0(135)) - 03f108d1-7670-46de-a663-64a53fa7aba7@group-02558DD72F89-SegmentedRaftLogWorker: safeCacheEvictIndex: setUnconditionally 0 -> -1
2023-09-08 11:19:27,888 [03f108d1-7670-46de-a663-64a53fa7aba7-groupManagement] INFO  server.RaftServer$Division (RaftServerImpl.java:start(342)) - 03f108d1-7670-46de-a663-64a53fa7aba7@group-02558DD72F89: start as a follower, conf=-1: peers:[86b604ca-d593-47c1-a869-330a99737efc|rpc:10.1.0.72:15138|admin:10.1.0.72:15137|client:10.1.0.72:15136|dataStream:10.1.0.72:15139|priority:1|startupRole:FOLLOWER, 03f108d1-7670-46de-a663-64a53fa7aba7|rpc:10.1.0.72:15129|admin:10.1.0.72:15128|client:10.1.0.72:15127|dataStream:10.1.0.72:15130|priority:0|startupRole:FOLLOWER, ccde687e-3bc0-46e3-98cf-cb73a4745fdb|rpc:10.1.0.72:15120|admin:10.1.0.72:15119|client:10.1.0.72:15118|dataStream:10.1.0.72:15121|priority:0|startupRole:FOLLOWER]|listeners:[], old=null
2023-09-08 11:19:27,888 [03f108d1-7670-46de-a663-64a53fa7aba7-groupManagement] INFO  server.RaftServer$Division (RaftServerImpl.java:setRole(329)) - 03f108d1-7670-46de-a663-64a53fa7aba7@group-02558DD72F89: changes role from      null to FOLLOWER at term 0 for startAsFollower
2023-09-08 11:19:27,888 [03f108d1-7670-46de-a663-64a53fa7aba7-groupManagement] INFO  impl.RoleInfo (RoleInfo.java:updateAndGet(139)) - 03f108d1-7670-46de-a663-64a53fa7aba7: start 03f108d1-7670-46de-a663-64a53fa7aba7@group-02558DD72F89-FollowerState
2023-09-08 11:19:27,888 [03f108d1-7670-46de-a663-64a53fa7aba7-groupManagement] INFO  util.JmxRegister (JmxRegister.java:tryRegister(44)) - Successfully registered JMX Bean with object name Ratis:service=RaftServer,group=group-02558DD72F89,id=03f108d1-7670-46de-a663-64a53fa7aba7
2023-09-08 11:19:27,888 [03f108d1-7670-46de-a663-64a53fa7aba7-groupManagement] INFO  server.RaftServerConfigKeys (ConfUtils.java:logGet(46)) - raft.server.snapshot.auto.trigger.enabled = true (custom)
2023-09-08 11:19:27,889 [03f108d1-7670-46de-a663-64a53fa7aba7-groupManagement] INFO  server.RaftServerConfigKeys (ConfUtils.java:logGet(46)) - raft.server.snapshot.auto.trigger.threshold = 10000 (custom)
2023-09-08 11:19:27,889 [03f108d1-7670-46de-a663-64a53fa7aba7-groupManagement] INFO  server.RaftServerConfigKeys (ConfUtils.java:logGet(46)) - raft.server.snapshot.retention.file.num = 5 (custom)
2023-09-08 11:19:27,889 [03f108d1-7670-46de-a663-64a53fa7aba7-groupManagement] INFO  server.RaftServerConfigKeys (ConfUtils.java:logGet(46)) - raft.server.log.purge.upto.snapshot.index = false (default)
2023-09-08 11:19:27,889 [03f108d1-7670-46de-a663-64a53fa7aba7@group-02558DD72F89-FollowerState] INFO  server.RaftServerConfigKeys (ConfUtils.java:logFallback(53)) - raft.server.rpc.first-election.timeout.min = 5s (fallback to raft.server.rpc.timeout.min)
2023-09-08 11:19:27,889 [03f108d1-7670-46de-a663-64a53fa7aba7@group-02558DD72F89-FollowerState] INFO  server.RaftServerConfigKeys (ConfUtils.java:logFallback(53)) - raft.server.rpc.first-election.timeout.max = 5200ms (fallback to raft.server.rpc.timeout.max)
2023-09-08 11:19:27,924 [grpc-default-executor-0] INFO  server.RaftServer (RaftServerProxy.java:addNew(98)) - 86b604ca-d593-47c1-a869-330a99737efc: addNew group-02558DD72F89:[86b604ca-d593-47c1-a869-330a99737efc|rpc:10.1.0.72:15138|admin:10.1.0.72:15137|client:10.1.0.72:15136|dataStream:10.1.0.72:15139|priority:1|startupRole:FOLLOWER, 03f108d1-7670-46de-a663-64a53fa7aba7|rpc:10.1.0.72:15129|admin:10.1.0.72:15128|client:10.1.0.72:15127|dataStream:10.1.0.72:15130|priority:0|startupRole:FOLLOWER, ccde687e-3bc0-46e3-98cf-cb73a4745fdb|rpc:10.1.0.72:15120|admin:10.1.0.72:15119|client:10.1.0.72:15118|dataStream:10.1.0.72:15121|priority:0|startupRole:FOLLOWER] returns group-02558DD72F89:java.util.concurrent.CompletableFuture@52817c35[Not completed]
2023-09-08 11:19:27,925 [86b604ca-d593-47c1-a869-330a99737efc-groupManagement] INFO  server.RaftServer$Division (RaftServerImpl.java:<init>(198)) - 86b604ca-d593-47c1-a869-330a99737efc: new RaftServerImpl for group-02558DD72F89:[86b604ca-d593-47c1-a869-330a99737efc|rpc:10.1.0.72:15138|admin:10.1.0.72:15137|client:10.1.0.72:15136|dataStream:10.1.0.72:15139|priority:1|startupRole:FOLLOWER, 03f108d1-7670-46de-a663-64a53fa7aba7|rpc:10.1.0.72:15129|admin:10.1.0.72:15128|client:10.1.0.72:15127|dataStream:10.1.0.72:15130|priority:0|startupRole:FOLLOWER, ccde687e-3bc0-46e3-98cf-cb73a4745fdb|rpc:10.1.0.72:15120|admin:10.1.0.72:15119|client:10.1.0.72:15118|dataStream:10.1.0.72:15121|priority:0|startupRole:FOLLOWER] with ContainerStateMachine:uninitialized
2023-09-08 11:19:27,925 [86b604ca-d593-47c1-a869-330a99737efc-groupManagement] INFO  server.RaftServerConfigKeys (ConfUtils.java:logGet(46)) - raft.server.rpc.timeout.min = 5s (custom)
2023-09-08 11:19:27,925 [86b604ca-d593-47c1-a869-330a99737efc-groupManagement] INFO  server.RaftServerConfigKeys (ConfUtils.java:logGet(46)) - raft.server.rpc.timeout.max = 5200ms (custom)
2023-09-08 11:19:27,925 [86b604ca-d593-47c1-a869-330a99737efc-groupManagement] INFO  server.RaftServerConfigKeys (ConfUtils.java:logGet(46)) - raft.server.rpc.sleep.time = 25ms (default)
2023-09-08 11:19:27,925 [86b604ca-d593-47c1-a869-330a99737efc-groupManagement] INFO  server.RaftServerConfigKeys (ConfUtils.java:logGet(46)) - raft.server.rpc.slowness.timeout = 300s (custom)
2023-09-08 11:19:27,925 [86b604ca-d593-47c1-a869-330a99737efc-groupManagement] INFO  server.RaftServerConfigKeys (ConfUtils.java:logGet(46)) - raft.server.leaderelection.leader.step-down.wait-time = 10s (default)
2023-09-08 11:19:27,925 [86b604ca-d593-47c1-a869-330a99737efc-groupManagement] INFO  server.RaftServerConfigKeys (ConfUtils.java:logGet(46)) - raft.server.sleep.deviation.threshold = 300ms (default)
2023-09-08 11:19:27,925 [86b604ca-d593-47c1-a869-330a99737efc-groupManagement] INFO  server.RaftServer$Division (ServerState.java:<init>(120)) - 86b604ca-d593-47c1-a869-330a99737efc@group-02558DD72F89: ConfigurationManager, init=-1: peers:[86b604ca-d593-47c1-a869-330a99737efc|rpc:10.1.0.72:15138|admin:10.1.0.72:15137|client:10.1.0.72:15136|dataStream:10.1.0.72:15139|priority:1|startupRole:FOLLOWER, 03f108d1-7670-46de-a663-64a53fa7aba7|rpc:10.1.0.72:15129|admin:10.1.0.72:15128|client:10.1.0.72:15127|dataStream:10.1.0.72:15130|priority:0|startupRole:FOLLOWER, ccde687e-3bc0-46e3-98cf-cb73a4745fdb|rpc:10.1.0.72:15120|admin:10.1.0.72:15119|client:10.1.0.72:15118|dataStream:10.1.0.72:15121|priority:0|startupRole:FOLLOWER]|listeners:[], old=null, confs=<EMPTY_MAP>
2023-09-08 11:19:27,925 [86b604ca-d593-47c1-a869-330a99737efc-groupManagement] INFO  server.RaftServerConfigKeys (ConfUtils.java:logGet(46)) - raft.server.storage.dir = [/home/runner/work/ozone/ozone/hadoop-ozone/integration-test/target/test-dir/MiniOzoneClusterImpl-b03496ff-6041-4009-870e-fb613b325751/datanode-2/data/ratis] (custom)
2023-09-08 11:19:27,925 [86b604ca-d593-47c1-a869-330a99737efc-groupManagement] INFO  server.RaftServerConfigKeys (ConfUtils.java:logGet(46)) - raft.server.log.corruption.policy = EXCEPTION (default)
2023-09-08 11:19:27,925 [86b604ca-d593-47c1-a869-330a99737efc-groupManagement] INFO  server.RaftServerConfigKeys (ConfUtils.java:logGet(46)) - raft.server.storage.free-space.min = 0MB (=0) (default)
2023-09-08 11:19:27,925 [86b604ca-d593-47c1-a869-330a99737efc-groupManagement] INFO  server.RaftServerConfigKeys (ConfUtils.java:logGet(46)) - raft.server.notification.no-leader.timeout = 300s (custom)
2023-09-08 11:19:27,926 [86b604ca-d593-47c1-a869-330a99737efc-groupManagement] INFO  server.RaftServerConfigKeys (ConfUtils.java:logGet(46)) - raft.server.read.timeout = 10s (default)
2023-09-08 11:19:27,926 [86b604ca-d593-47c1-a869-330a99737efc-groupManagement] INFO  server.RaftServerConfigKeys (ConfUtils.java:logGet(46)) - raft.server.retrycache.expirytime = 600000ms (custom)
2023-09-08 11:19:27,926 [86b604ca-d593-47c1-a869-330a99737efc-groupManagement] INFO  server.RaftServerConfigKeys (ConfUtils.java:logGet(46)) - raft.server.retrycache.statistics.expirytime = 100μs (default)
2023-09-08 11:19:27,926 [86b604ca-d593-47c1-a869-330a99737efc-groupManagement] INFO  server.RaftServerConfigKeys (ConfUtils.java:logGet(46)) - raft.server.read.option = DEFAULT (default)
2023-09-08 11:19:27,926 [86b604ca-d593-47c1-a869-330a99737efc-groupManagement] INFO  server.RaftServerConfigKeys (ConfUtils.java:logGet(46)) - raft.server.rpc.request.timeout = 60s (custom)
2023-09-08 11:19:27,927 [86b604ca-d593-47c1-a869-330a99737efc-groupManagement] INFO  server.RaftServerConfigKeys (ConfUtils.java:logGet(46)) - raft.server.log.appender.install.snapshot.enabled = false (custom)
2023-09-08 11:19:27,927 [86b604ca-d593-47c1-a869-330a99737efc-groupManagement] INFO  server.RaftServerConfigKeys (ConfUtils.java:logGet(46)) - raft.server.threadpool.server.cached = true (default)
2023-09-08 11:19:27,927 [86b604ca-d593-47c1-a869-330a99737efc-groupManagement] INFO  server.RaftServerConfigKeys (ConfUtils.java:logGet(46)) - raft.server.threadpool.server.size = 0 (default)
2023-09-08 11:19:27,927 [86b604ca-d593-47c1-a869-330a99737efc-groupManagement] INFO  server.RaftServerConfigKeys (ConfUtils.java:logGet(46)) - raft.server.threadpool.client.cached = true (default)
2023-09-08 11:19:27,927 [86b604ca-d593-47c1-a869-330a99737efc-groupManagement] INFO  server.RaftServerConfigKeys (ConfUtils.java:logGet(46)) - raft.server.threadpool.client.size = 0 (default)
2023-09-08 11:19:27,927 [86b604ca-d593-47c1-a869-330a99737efc-groupManagement] INFO  storage.RaftStorageDirectory (RaftStorageDirectoryImpl.java:analyzeStorage(137)) - The storage directory /home/runner/work/ozone/ozone/hadoop-ozone/integration-test/target/test-dir/MiniOzoneClusterImpl-b03496ff-6041-4009-870e-fb613b325751/datanode-2/data/ratis/7a8bc299-87da-4858-abc5-02558dd72f89 does not exist. Creating ...
2023-09-08 11:19:27,930 [86b604ca-d593-47c1-a869-330a99737efc-groupManagement] INFO  storage.RaftStorageDirectory (RaftStorageDirectoryImpl.java:tryLock(231)) - Lock on /home/runner/work/ozone/ozone/hadoop-ozone/integration-test/target/test-dir/MiniOzoneClusterImpl-b03496ff-6041-4009-870e-fb613b325751/datanode-2/data/ratis/7a8bc299-87da-4858-abc5-02558dd72f89/in_use.lock acquired by nodename 7549@fv-az203-160
2023-09-08 11:19:27,932 [86b604ca-d593-47c1-a869-330a99737efc-groupManagement] INFO  storage.RaftStorage (RaftStorageImpl.java:format(96)) - Storage directory /home/runner/work/ozone/ozone/hadoop-ozone/integration-test/target/test-dir/MiniOzoneClusterImpl-b03496ff-6041-4009-870e-fb613b325751/datanode-2/data/ratis/7a8bc299-87da-4858-abc5-02558dd72f89 has been successfully formatted.
2023-09-08 11:19:27,932 [86b604ca-d593-47c1-a869-330a99737efc-groupManagement] INFO  ratis.ContainerStateMachine (ContainerStateMachine.java:loadSnapshot(262)) - group-02558DD72F89: The snapshot info is null. Setting the last applied indexto:(t:0, i:~)
2023-09-08 11:19:27,932 [86b604ca-d593-47c1-a869-330a99737efc-groupManagement] INFO  server.RaftServerConfigKeys (ConfUtils.java:logGet(46)) - raft.server.log.use.memory = false (default)
2023-09-08 11:19:27,932 [86b604ca-d593-47c1-a869-330a99737efc-groupManagement] INFO  server.RaftServerConfigKeys (ConfUtils.java:logGet(46)) - raft.server.log.purge.gap = 1000000 (custom)
2023-09-08 11:19:27,933 [86b604ca-d593-47c1-a869-330a99737efc-groupManagement] INFO  server.RaftServerConfigKeys (ConfUtils.java:logGet(46)) - raft.server.log.appender.buffer.byte-limit = 33554432 (custom)
2023-09-08 11:19:27,933 [86b604ca-d593-47c1-a869-330a99737efc-groupManagement] INFO  server.RaftServerConfigKeys (ConfUtils.java:logGet(46)) - raft.server.log.statemachine.data.read.timeout = 1000ms (default)
2023-09-08 11:19:27,933 [86b604ca-d593-47c1-a869-330a99737efc-groupManagement] INFO  server.RaftServerConfigKeys (ConfUtils.java:logGet(46)) - raft.server.log.purge.preservation.log.num = 0 (default)
2023-09-08 11:19:27,934 [86b604ca-d593-47c1-a869-330a99737efc-groupManagement] INFO  server.RaftServerConfigKeys (ConfUtils.java:logGet(46)) - raft.server.log.segment.size.max = 1048576 (custom)
2023-09-08 11:19:27,934 [86b604ca-d593-47c1-a869-330a99737efc-groupManagement] INFO  server.RaftServerConfigKeys (ConfUtils.java:logGet(46)) - raft.server.log.segment.cache.num.max = 2 (custom)
2023-09-08 11:19:27,934 [86b604ca-d593-47c1-a869-330a99737efc-groupManagement] INFO  server.RaftServerConfigKeys (ConfUtils.java:logGet(46)) - raft.server.log.segment.cache.size.max = 200MB (=209715200) (default)
2023-09-08 11:19:27,934 [86b604ca-d593-47c1-a869-330a99737efc-groupManagement] INFO  server.RaftServerConfigKeys (ConfUtils.java:logGet(46)) - raft.server.log.appender.buffer.byte-limit = 33554432 (custom)
2023-09-08 11:19:27,934 [86b604ca-d593-47c1-a869-330a99737efc-groupManagement] INFO  segmented.SegmentedRaftLogWorker (SegmentedRaftLogWorker.java:<init>(188)) - new 86b604ca-d593-47c1-a869-330a99737efc@group-02558DD72F89-SegmentedRaftLogWorker for RaftStorageImpl:Storage Directory /home/runner/work/ozone/ozone/hadoop-ozone/integration-test/target/test-dir/MiniOzoneClusterImpl-b03496ff-6041-4009-870e-fb613b325751/datanode-2/data/ratis/7a8bc299-87da-4858-abc5-02558dd72f89
2023-09-08 11:19:27,934 [86b604ca-d593-47c1-a869-330a99737efc-groupManagement] INFO  server.RaftServerConfigKeys (ConfUtils.java:logGet(46)) - raft.server.log.queue.byte-limit = 4294967296 (custom)
2023-09-08 11:19:27,934 [86b604ca-d593-47c1-a869-330a99737efc-groupManagement] INFO  server.RaftServerConfigKeys (ConfUtils.java:logGet(46)) - raft.server.log.queue.element-limit = 1024 (custom)
2023-09-08 11:19:27,934 [86b604ca-d593-47c1-a869-330a99737efc-groupManagement] INFO  server.RaftServerConfigKeys (ConfUtils.java:logGet(46)) - raft.server.log.segment.size.max = 1048576 (custom)
2023-09-08 11:19:27,934 [86b604ca-d593-47c1-a869-330a99737efc-groupManagement] INFO  server.RaftServerConfigKeys (ConfUtils.java:logGet(46)) - raft.server.log.preallocated.size = 16384 (custom)
2023-09-08 11:19:27,934 [86b604ca-d593-47c1-a869-330a99737efc-groupManagement] INFO  server.RaftServerConfigKeys (ConfUtils.java:logGet(46)) - raft.server.log.force.sync.num = 128 (default)
2023-09-08 11:19:27,934 [86b604ca-d593-47c1-a869-330a99737efc-groupManagement] INFO  server.RaftServerConfigKeys (ConfUtils.java:logGet(46)) - raft.server.log.statemachine.data.sync = true (default)
2023-09-08 11:19:27,934 [86b604ca-d593-47c1-a869-330a99737efc-groupManagement] INFO  server.RaftServerConfigKeys (ConfUtils.java:logGet(46)) - raft.server.log.statemachine.data.sync.timeout = 10s (default)
2023-09-08 11:19:27,934 [86b604ca-d593-47c1-a869-330a99737efc-groupManagement] INFO  server.RaftServerConfigKeys (ConfUtils.java:logGet(46)) - raft.server.log.statemachine.data.sync.timeout.retry = -1 (default)
2023-09-08 11:19:27,935 [86b604ca-d593-47c1-a869-330a99737efc-groupManagement] INFO  server.RaftServerConfigKeys (ConfUtils.java:logGet(46)) - raft.server.log.write.buffer.size = 1048576 (custom)
2023-09-08 11:19:27,935 [86b604ca-d593-47c1-a869-330a99737efc-groupManagement] INFO  server.RaftServerConfigKeys (ConfUtils.java:logGet(46)) - raft.server.log.appender.buffer.byte-limit = 33554432 (custom)
2023-09-08 11:19:27,941 [86b604ca-d593-47c1-a869-330a99737efc-groupManagement] INFO  server.RaftServerConfigKeys (ConfUtils.java:logGet(46)) - raft.server.log.unsafe-flush.enabled = false (default)
2023-09-08 11:19:27,942 [86b604ca-d593-47c1-a869-330a99737efc-groupManagement] INFO  server.RaftServerConfigKeys (ConfUtils.java:logGet(46)) - raft.server.log.async-flush.enabled = false (default)
2023-09-08 11:19:27,942 [86b604ca-d593-47c1-a869-330a99737efc-groupManagement] INFO  server.RaftServerConfigKeys (ConfUtils.java:logGet(46)) - raft.server.log.statemachine.data.caching.enabled = true (custom)
2023-09-08 11:19:27,942 [86b604ca-d593-47c1-a869-330a99737efc-groupManagement] INFO  segmented.SegmentedRaftLogWorker (SegmentedRaftLogWorker.java:lambda$new$0(135)) - 86b604ca-d593-47c1-a869-330a99737efc@group-02558DD72F89-SegmentedRaftLogWorker: flushIndex: setUnconditionally 0 -> -1
2023-09-08 11:19:27,942 [86b604ca-d593-47c1-a869-330a99737efc-groupManagement] INFO  segmented.SegmentedRaftLogWorker (SegmentedRaftLogWorker.java:lambda$new$0(135)) - 86b604ca-d593-47c1-a869-330a99737efc@group-02558DD72F89-SegmentedRaftLogWorker: safeCacheEvictIndex: setUnconditionally 0 -> -1
2023-09-08 11:19:27,942 [86b604ca-d593-47c1-a869-330a99737efc-groupManagement] INFO  server.RaftServer$Division (RaftServerImpl.java:start(342)) - 86b604ca-d593-47c1-a869-330a99737efc@group-02558DD72F89: start as a follower, conf=-1: peers:[86b604ca-d593-47c1-a869-330a99737efc|rpc:10.1.0.72:15138|admin:10.1.0.72:15137|client:10.1.0.72:15136|dataStream:10.1.0.72:15139|priority:1|startupRole:FOLLOWER, 03f108d1-7670-46de-a663-64a53fa7aba7|rpc:10.1.0.72:15129|admin:10.1.0.72:15128|client:10.1.0.72:15127|dataStream:10.1.0.72:15130|priority:0|startupRole:FOLLOWER, ccde687e-3bc0-46e3-98cf-cb73a4745fdb|rpc:10.1.0.72:15120|admin:10.1.0.72:15119|client:10.1.0.72:15118|dataStream:10.1.0.72:15121|priority:0|startupRole:FOLLOWER]|listeners:[], old=null
2023-09-08 11:19:27,942 [86b604ca-d593-47c1-a869-330a99737efc-groupManagement] INFO  server.RaftServer$Division (RaftServerImpl.java:setRole(329)) - 86b604ca-d593-47c1-a869-330a99737efc@group-02558DD72F89: changes role from      null to FOLLOWER at term 0 for startAsFollower
2023-09-08 11:19:27,942 [86b604ca-d593-47c1-a869-330a99737efc-groupManagement] INFO  impl.RoleInfo (RoleInfo.java:updateAndGet(139)) - 86b604ca-d593-47c1-a869-330a99737efc: start 86b604ca-d593-47c1-a869-330a99737efc@group-02558DD72F89-FollowerState
2023-09-08 11:19:27,943 [86b604ca-d593-47c1-a869-330a99737efc-groupManagement] INFO  util.JmxRegister (JmxRegister.java:tryRegister(44)) - Successfully registered JMX Bean with object name Ratis:service=RaftServer,group=group-02558DD72F89,id=86b604ca-d593-47c1-a869-330a99737efc
2023-09-08 11:19:27,943 [86b604ca-d593-47c1-a869-330a99737efc-groupManagement] INFO  server.RaftServerConfigKeys (ConfUtils.java:logGet(46)) - raft.server.snapshot.auto.trigger.enabled = true (custom)
2023-09-08 11:19:27,943 [86b604ca-d593-47c1-a869-330a99737efc-groupManagement] INFO  server.RaftServerConfigKeys (ConfUtils.java:logGet(46)) - raft.server.snapshot.auto.trigger.threshold = 10000 (custom)
2023-09-08 11:19:27,943 [86b604ca-d593-47c1-a869-330a99737efc-groupManagement] INFO  server.RaftServerConfigKeys (ConfUtils.java:logGet(46)) - raft.server.snapshot.retention.file.num = 5 (custom)
2023-09-08 11:19:27,943 [86b604ca-d593-47c1-a869-330a99737efc-groupManagement] INFO  server.RaftServerConfigKeys (ConfUtils.java:logGet(46)) - raft.server.log.purge.upto.snapshot.index = false (default)
2023-09-08 11:19:27,943 [86b604ca-d593-47c1-a869-330a99737efc@group-02558DD72F89-FollowerState] INFO  server.RaftServerConfigKeys (ConfUtils.java:logFallback(53)) - raft.server.rpc.first-election.timeout.min = 5s (fallback to raft.server.rpc.timeout.min)
2023-09-08 11:19:27,943 [86b604ca-d593-47c1-a869-330a99737efc@group-02558DD72F89-FollowerState] INFO  server.RaftServerConfigKeys (ConfUtils.java:logFallback(53)) - raft.server.rpc.first-election.timeout.max = 5200ms (fallback to raft.server.rpc.timeout.max)
2023-09-08 11:19:27,956 [PipelineCommandHandlerThread-0] INFO  commandhandler.CreatePipelineCommandHandler (CreatePipelineCommandHandler.java:lambda$handle$2(124)) - Created Pipeline RATIS THREE PipelineID=7a8bc299-87da-4858-abc5-02558dd72f89.
2023-09-08 11:19:28,060 [PipelineCommandHandlerThread-0] INFO  server.RaftServer (RaftServerProxy.java:addNew(98)) - 03f108d1-7670-46de-a663-64a53fa7aba7: addNew group-F4D0E7223D43:[03f108d1-7670-46de-a663-64a53fa7aba7|rpc:10.1.0.72:15129|admin:10.1.0.72:15128|client:10.1.0.72:15127|dataStream:10.1.0.72:15130|priority:1|startupRole:FOLLOWER] returns group-F4D0E7223D43:java.util.concurrent.CompletableFuture@f226b01[Not completed]
2023-09-08 11:19:28,060 [03f108d1-7670-46de-a663-64a53fa7aba7-groupManagement] INFO  server.RaftServer$Division (RaftServerImpl.java:<init>(198)) - 03f108d1-7670-46de-a663-64a53fa7aba7: new RaftServerImpl for group-F4D0E7223D43:[03f108d1-7670-46de-a663-64a53fa7aba7|rpc:10.1.0.72:15129|admin:10.1.0.72:15128|client:10.1.0.72:15127|dataStream:10.1.0.72:15130|priority:1|startupRole:FOLLOWER] with ContainerStateMachine:uninitialized
2023-09-08 11:19:28,060 [03f108d1-7670-46de-a663-64a53fa7aba7-groupManagement] INFO  server.RaftServerConfigKeys (ConfUtils.java:logGet(46)) - raft.server.rpc.timeout.min = 5s (custom)
2023-09-08 11:19:28,061 [03f108d1-7670-46de-a663-64a53fa7aba7-groupManagement] INFO  server.RaftServerConfigKeys (ConfUtils.java:logGet(46)) - raft.server.rpc.timeout.max = 5200ms (custom)
2023-09-08 11:19:28,061 [03f108d1-7670-46de-a663-64a53fa7aba7-groupManagement] INFO  server.RaftServerConfigKeys (ConfUtils.java:logGet(46)) - raft.server.rpc.sleep.time = 25ms (default)
2023-09-08 11:19:28,061 [03f108d1-7670-46de-a663-64a53fa7aba7-groupManagement] INFO  server.RaftServerConfigKeys (ConfUtils.java:logGet(46)) - raft.server.rpc.slowness.timeout = 300s (custom)
2023-09-08 11:19:28,061 [03f108d1-7670-46de-a663-64a53fa7aba7-groupManagement] INFO  server.RaftServerConfigKeys (ConfUtils.java:logGet(46)) - raft.server.leaderelection.leader.step-down.wait-time = 10s (default)
2023-09-08 11:19:28,061 [03f108d1-7670-46de-a663-64a53fa7aba7-groupManagement] INFO  server.RaftServerConfigKeys (ConfUtils.java:logGet(46)) - raft.server.sleep.deviation.threshold = 300ms (default)
2023-09-08 11:19:28,061 [03f108d1-7670-46de-a663-64a53fa7aba7-groupManagement] INFO  server.RaftServer$Division (ServerState.java:<init>(120)) - 03f108d1-7670-46de-a663-64a53fa7aba7@group-F4D0E7223D43: ConfigurationManager, init=-1: peers:[03f108d1-7670-46de-a663-64a53fa7aba7|rpc:10.1.0.72:15129|admin:10.1.0.72:15128|client:10.1.0.72:15127|dataStream:10.1.0.72:15130|priority:1|startupRole:FOLLOWER]|listeners:[], old=null, confs=<EMPTY_MAP>
2023-09-08 11:19:28,061 [03f108d1-7670-46de-a663-64a53fa7aba7-groupManagement] INFO  server.RaftServerConfigKeys (ConfUtils.java:logGet(46)) - raft.server.storage.dir = [/home/runner/work/ozone/ozone/hadoop-ozone/integration-test/target/test-dir/MiniOzoneClusterImpl-b03496ff-6041-4009-870e-fb613b325751/datanode-1/data/ratis] (custom)
2023-09-08 11:19:28,061 [03f108d1-7670-46de-a663-64a53fa7aba7-groupManagement] INFO  server.RaftServerConfigKeys (ConfUtils.java:logGet(46)) - raft.server.log.corruption.policy = EXCEPTION (default)
2023-09-08 11:19:28,061 [03f108d1-7670-46de-a663-64a53fa7aba7-groupManagement] INFO  server.RaftServerConfigKeys (ConfUtils.java:logGet(46)) - raft.server.storage.free-space.min = 0MB (=0) (default)
2023-09-08 11:19:28,061 [03f108d1-7670-46de-a663-64a53fa7aba7-groupManagement] INFO  server.RaftServerConfigKeys (ConfUtils.java:logGet(46)) - raft.server.notification.no-leader.timeout = 300s (custom)
2023-09-08 11:19:28,061 [03f108d1-7670-46de-a663-64a53fa7aba7-groupManagement] INFO  server.RaftServerConfigKeys (ConfUtils.java:logGet(46)) - raft.server.read.timeout = 10s (default)
2023-09-08 11:19:28,061 [03f108d1-7670-46de-a663-64a53fa7aba7-groupManagement] INFO  server.RaftServerConfigKeys (ConfUtils.java:logGet(46)) - raft.server.retrycache.expirytime = 600000ms (custom)
2023-09-08 11:19:28,061 [03f108d1-7670-46de-a663-64a53fa7aba7-groupManagement] INFO  server.RaftServerConfigKeys (ConfUtils.java:logGet(46)) - raft.server.retrycache.statistics.expirytime = 100μs (default)
2023-09-08 11:19:28,061 [03f108d1-7670-46de-a663-64a53fa7aba7-groupManagement] INFO  server.RaftServerConfigKeys (ConfUtils.java:logGet(46)) - raft.server.read.option = DEFAULT (default)
2023-09-08 11:19:28,062 [03f108d1-7670-46de-a663-64a53fa7aba7-groupManagement] INFO  server.RaftServerConfigKeys (ConfUtils.java:logGet(46)) - raft.server.rpc.request.timeout = 60s (custom)
2023-09-08 11:19:28,062 [03f108d1-7670-46de-a663-64a53fa7aba7-groupManagement] INFO  server.RaftServerConfigKeys (ConfUtils.java:logGet(46)) - raft.server.log.appender.install.snapshot.enabled = false (custom)
2023-09-08 11:19:28,062 [03f108d1-7670-46de-a663-64a53fa7aba7-groupManagement] INFO  server.RaftServerConfigKeys (ConfUtils.java:logGet(46)) - raft.server.threadpool.server.cached = true (default)
2023-09-08 11:19:28,062 [03f108d1-7670-46de-a663-64a53fa7aba7-groupManagement] INFO  server.RaftServerConfigKeys (ConfUtils.java:logGet(46)) - raft.server.threadpool.server.size = 0 (default)
2023-09-08 11:19:28,062 [03f108d1-7670-46de-a663-64a53fa7aba7-groupManagement] INFO  server.RaftServerConfigKeys (ConfUtils.java:logGet(46)) - raft.server.threadpool.client.cached = true (default)
2023-09-08 11:19:28,062 [03f108d1-7670-46de-a663-64a53fa7aba7-groupManagement] INFO  server.RaftServerConfigKeys (ConfUtils.java:logGet(46)) - raft.server.threadpool.client.size = 0 (default)
2023-09-08 11:19:28,063 [03f108d1-7670-46de-a663-64a53fa7aba7-groupManagement] INFO  storage.RaftStorageDirectory (RaftStorageDirectoryImpl.java:analyzeStorage(137)) - The storage directory /home/runner/work/ozone/ozone/hadoop-ozone/integration-test/target/test-dir/MiniOzoneClusterImpl-b03496ff-6041-4009-870e-fb613b325751/datanode-1/data/ratis/e24e7845-d183-465d-82b9-f4d0e7223d43 does not exist. Creating ...
2023-09-08 11:19:28,064 [03f108d1-7670-46de-a663-64a53fa7aba7-groupManagement] INFO  storage.RaftStorageDirectory (RaftStorageDirectoryImpl.java:tryLock(231)) - Lock on /home/runner/work/ozone/ozone/hadoop-ozone/integration-test/target/test-dir/MiniOzoneClusterImpl-b03496ff-6041-4009-870e-fb613b325751/datanode-1/data/ratis/e24e7845-d183-465d-82b9-f4d0e7223d43/in_use.lock acquired by nodename 7549@fv-az203-160
2023-09-08 11:19:28,071 [03f108d1-7670-46de-a663-64a53fa7aba7-groupManagement] INFO  storage.RaftStorage (RaftStorageImpl.java:format(96)) - Storage directory /home/runner/work/ozone/ozone/hadoop-ozone/integration-test/target/test-dir/MiniOzoneClusterImpl-b03496ff-6041-4009-870e-fb613b325751/datanode-1/data/ratis/e24e7845-d183-465d-82b9-f4d0e7223d43 has been successfully formatted.
2023-09-08 11:19:28,071 [03f108d1-7670-46de-a663-64a53fa7aba7-groupManagement] INFO  ratis.ContainerStateMachine (ContainerStateMachine.java:loadSnapshot(262)) - group-F4D0E7223D43: The snapshot info is null. Setting the last applied indexto:(t:0, i:~)
2023-09-08 11:19:28,072 [03f108d1-7670-46de-a663-64a53fa7aba7-groupManagement] INFO  server.RaftServerConfigKeys (ConfUtils.java:logGet(46)) - raft.server.log.use.memory = false (default)
2023-09-08 11:19:28,072 [03f108d1-7670-46de-a663-64a53fa7aba7-groupManagement] INFO  server.RaftServerConfigKeys (ConfUtils.java:logGet(46)) - raft.server.log.purge.gap = 1000000 (custom)
2023-09-08 11:19:28,072 [03f108d1-7670-46de-a663-64a53fa7aba7-groupManagement] INFO  server.RaftServerConfigKeys (ConfUtils.java:logGet(46)) - raft.server.log.appender.buffer.byte-limit = 33554432 (custom)
2023-09-08 11:19:28,072 [03f108d1-7670-46de-a663-64a53fa7aba7-groupManagement] INFO  server.RaftServerConfigKeys (ConfUtils.java:logGet(46)) - raft.server.log.statemachine.data.read.timeout = 1000ms (default)
2023-09-08 11:19:28,072 [03f108d1-7670-46de-a663-64a53fa7aba7-groupManagement] INFO  server.RaftServerConfigKeys (ConfUtils.java:logGet(46)) - raft.server.log.purge.preservation.log.num = 0 (default)
2023-09-08 11:19:28,072 [03f108d1-7670-46de-a663-64a53fa7aba7-groupManagement] INFO  server.RaftServerConfigKeys (ConfUtils.java:logGet(46)) - raft.server.log.segment.size.max = 1048576 (custom)
2023-09-08 11:19:28,072 [03f108d1-7670-46de-a663-64a53fa7aba7-groupManagement] INFO  server.RaftServerConfigKeys (ConfUtils.java:logGet(46)) - raft.server.log.segment.cache.num.max = 2 (custom)
2023-09-08 11:19:28,073 [03f108d1-7670-46de-a663-64a53fa7aba7-groupManagement] INFO  server.RaftServerConfigKeys (ConfUtils.java:logGet(46)) - raft.server.log.segment.cache.size.max = 200MB (=209715200) (default)
2023-09-08 11:19:28,073 [03f108d1-7670-46de-a663-64a53fa7aba7-groupManagement] INFO  server.RaftServerConfigKeys (ConfUtils.java:logGet(46)) - raft.server.log.appender.buffer.byte-limit = 33554432 (custom)
2023-09-08 11:19:28,073 [03f108d1-7670-46de-a663-64a53fa7aba7-groupManagement] INFO  segmented.SegmentedRaftLogWorker (SegmentedRaftLogWorker.java:<init>(188)) - new 03f108d1-7670-46de-a663-64a53fa7aba7@group-F4D0E7223D43-SegmentedRaftLogWorker for RaftStorageImpl:Storage Directory /home/runner/work/ozone/ozone/hadoop-ozone/integration-test/target/test-dir/MiniOzoneClusterImpl-b03496ff-6041-4009-870e-fb613b325751/datanode-1/data/ratis/e24e7845-d183-465d-82b9-f4d0e7223d43
2023-09-08 11:19:28,073 [03f108d1-7670-46de-a663-64a53fa7aba7-groupManagement] INFO  server.RaftServerConfigKeys (ConfUtils.java:logGet(46)) - raft.server.log.queue.byte-limit = 4294967296 (custom)
2023-09-08 11:19:28,073 [03f108d1-7670-46de-a663-64a53fa7aba7-groupManagement] INFO  server.RaftServerConfigKeys (ConfUtils.java:logGet(46)) - raft.server.log.queue.element-limit = 1024 (custom)
2023-09-08 11:19:28,073 [03f108d1-7670-46de-a663-64a53fa7aba7-groupManagement] INFO  server.RaftServerConfigKeys (ConfUtils.java:logGet(46)) - raft.server.log.segment.size.max = 1048576 (custom)
2023-09-08 11:19:28,073 [03f108d1-7670-46de-a663-64a53fa7aba7-groupManagement] INFO  server.RaftServerConfigKeys (ConfUtils.java:logGet(46)) - raft.server.log.preallocated.size = 16384 (custom)
2023-09-08 11:19:28,073 [03f108d1-7670-46de-a663-64a53fa7aba7-groupManagement] INFO  server.RaftServerConfigKeys (ConfUtils.java:logGet(46)) - raft.server.log.force.sync.num = 128 (default)
2023-09-08 11:19:28,073 [03f108d1-7670-46de-a663-64a53fa7aba7-groupManagement] INFO  server.RaftServerConfigKeys (ConfUtils.java:logGet(46)) - raft.server.log.statemachine.data.sync = true (default)
2023-09-08 11:19:28,073 [03f108d1-7670-46de-a663-64a53fa7aba7-groupManagement] INFO  server.RaftServerConfigKeys (ConfUtils.java:logGet(46)) - raft.server.log.statemachine.data.sync.timeout = 10s (default)
2023-09-08 11:19:28,073 [03f108d1-7670-46de-a663-64a53fa7aba7-groupManagement] INFO  server.RaftServerConfigKeys (ConfUtils.java:logGet(46)) - raft.server.log.statemachine.data.sync.timeout.retry = -1 (default)
2023-09-08 11:19:28,074 [03f108d1-7670-46de-a663-64a53fa7aba7-groupManagement] INFO  server.RaftServerConfigKeys (ConfUtils.java:logGet(46)) - raft.server.log.write.buffer.size = 1048576 (custom)
2023-09-08 11:19:28,074 [03f108d1-7670-46de-a663-64a53fa7aba7-groupManagement] INFO  server.RaftServerConfigKeys (ConfUtils.java:logGet(46)) - raft.server.log.appender.buffer.byte-limit = 33554432 (custom)
2023-09-08 11:19:28,075 [EventQueue-PipelineReportForPipelineReportHandler] INFO  pipeline.PipelineReportHandler (PipelineReportHandler.java:processPipelineReport(136)) - Opened pipeline PipelineID=e24e7845-d183-465d-82b9-f4d0e7223d43
2023-09-08 11:19:28,075 [EventQueue-OpenPipelineForHealthyPipelineSafeModeRule] INFO  safemode.SCMSafeModeManager (HealthyPipelineSafeModeRule.java:process(137)) - SCM in safe mode. Healthy pipelines reported count is 0, required healthy pipeline reported count is 1
2023-09-08 11:19:28,080 [03f108d1-7670-46de-a663-64a53fa7aba7-groupManagement] INFO  server.RaftServerConfigKeys (ConfUtils.java:logGet(46)) - raft.server.log.unsafe-flush.enabled = false (default)
2023-09-08 11:19:28,081 [03f108d1-7670-46de-a663-64a53fa7aba7-groupManagement] INFO  server.RaftServerConfigKeys (ConfUtils.java:logGet(46)) - raft.server.log.async-flush.enabled = false (default)
2023-09-08 11:19:28,081 [03f108d1-7670-46de-a663-64a53fa7aba7-groupManagement] INFO  server.RaftServerConfigKeys (ConfUtils.java:logGet(46)) - raft.server.log.statemachine.data.caching.enabled = true (custom)
2023-09-08 11:19:28,081 [03f108d1-7670-46de-a663-64a53fa7aba7-groupManagement] INFO  segmented.SegmentedRaftLogWorker (SegmentedRaftLogWorker.java:lambda$new$0(135)) - 03f108d1-7670-46de-a663-64a53fa7aba7@group-F4D0E7223D43-SegmentedRaftLogWorker: flushIndex: setUnconditionally 0 -> -1
2023-09-08 11:19:28,081 [03f108d1-7670-46de-a663-64a53fa7aba7-groupManagement] INFO  segmented.SegmentedRaftLogWorker (SegmentedRaftLogWorker.java:lambda$new$0(135)) - 03f108d1-7670-46de-a663-64a53fa7aba7@group-F4D0E7223D43-SegmentedRaftLogWorker: safeCacheEvictIndex: setUnconditionally 0 -> -1
2023-09-08 11:19:28,081 [03f108d1-7670-46de-a663-64a53fa7aba7-groupManagement] INFO  server.RaftServer$Division (RaftServerImpl.java:start(342)) - 03f108d1-7670-46de-a663-64a53fa7aba7@group-F4D0E7223D43: start as a follower, conf=-1: peers:[03f108d1-7670-46de-a663-64a53fa7aba7|rpc:10.1.0.72:15129|admin:10.1.0.72:15128|client:10.1.0.72:15127|dataStream:10.1.0.72:15130|priority:1|startupRole:FOLLOWER]|listeners:[], old=null
2023-09-08 11:19:28,081 [03f108d1-7670-46de-a663-64a53fa7aba7-groupManagement] INFO  server.RaftServer$Division (RaftServerImpl.java:setRole(329)) - 03f108d1-7670-46de-a663-64a53fa7aba7@group-F4D0E7223D43: changes role from      null to FOLLOWER at term 0 for startAsFollower
2023-09-08 11:19:28,081 [03f108d1-7670-46de-a663-64a53fa7aba7-groupManagement] INFO  impl.RoleInfo (RoleInfo.java:updateAndGet(139)) - 03f108d1-7670-46de-a663-64a53fa7aba7: start 03f108d1-7670-46de-a663-64a53fa7aba7@group-F4D0E7223D43-FollowerState
2023-09-08 11:19:28,082 [03f108d1-7670-46de-a663-64a53fa7aba7@group-F4D0E7223D43-FollowerState] INFO  server.RaftServerConfigKeys (ConfUtils.java:logFallback(53)) - raft.server.rpc.first-election.timeout.min = 5s (fallback to raft.server.rpc.timeout.min)
2023-09-08 11:19:28,082 [03f108d1-7670-46de-a663-64a53fa7aba7-groupManagement] INFO  util.JmxRegister (JmxRegister.java:tryRegister(44)) - Successfully registered JMX Bean with object name Ratis:service=RaftServer,group=group-F4D0E7223D43,id=03f108d1-7670-46de-a663-64a53fa7aba7
2023-09-08 11:19:28,082 [03f108d1-7670-46de-a663-64a53fa7aba7@group-F4D0E7223D43-FollowerState] INFO  server.RaftServerConfigKeys (ConfUtils.java:logFallback(53)) - raft.server.rpc.first-election.timeout.max = 5200ms (fallback to raft.server.rpc.timeout.max)
2023-09-08 11:19:28,082 [03f108d1-7670-46de-a663-64a53fa7aba7-groupManagement] INFO  server.RaftServerConfigKeys (ConfUtils.java:logGet(46)) - raft.server.snapshot.auto.trigger.enabled = true (custom)
2023-09-08 11:19:28,082 [03f108d1-7670-46de-a663-64a53fa7aba7-groupManagement] INFO  server.RaftServerConfigKeys (ConfUtils.java:logGet(46)) - raft.server.snapshot.auto.trigger.threshold = 10000 (custom)
2023-09-08 11:19:28,082 [03f108d1-7670-46de-a663-64a53fa7aba7-groupManagement] INFO  server.RaftServerConfigKeys (ConfUtils.java:logGet(46)) - raft.server.snapshot.retention.file.num = 5 (custom)
2023-09-08 11:19:28,082 [03f108d1-7670-46de-a663-64a53fa7aba7-groupManagement] INFO  server.RaftServerConfigKeys (ConfUtils.java:logGet(46)) - raft.server.log.purge.upto.snapshot.index = false (default)
2023-09-08 11:19:28,083 [PipelineCommandHandlerThread-0] INFO  ratis.XceiverServerRatis (XceiverServerRatis.java:addGroup(804)) - Created group PipelineID=e24e7845-d183-465d-82b9-f4d0e7223d43
2023-09-08 11:19:28,083 [PipelineCommandHandlerThread-0] INFO  commandhandler.CreatePipelineCommandHandler (CreatePipelineCommandHandler.java:lambda$handle$2(124)) - Created Pipeline RATIS ONE PipelineID=e24e7845-d183-465d-82b9-f4d0e7223d43.
2023-09-08 11:19:28,086 [main] INFO  ozone.MiniOzoneClusterImpl (MiniOzoneClusterImpl.java:lambda$waitForClusterToBeReady$0(224)) - Nodes are ready. Got 5 of 5 DN Heartbeats.
2023-09-08 11:19:28,086 [main] INFO  ozone.MiniOzoneClusterImpl (MiniOzoneClusterImpl.java:lambda$waitForClusterToBeReady$0(227)) - Waiting for cluster to exit safe mode
2023-09-08 11:19:28,086 [main] INFO  ozone.MiniOzoneClusterImpl (MiniOzoneClusterImpl.java:lambda$waitForClusterToBeReady$0(229)) - SCM became leader
2023-09-08 11:19:28,416 [PipelineCommandHandlerThread-0] INFO  server.RaftServer (RaftServerProxy.java:addNew(98)) - 86b604ca-d593-47c1-a869-330a99737efc: addNew group-E5C8CE52E2CD:[86b604ca-d593-47c1-a869-330a99737efc|rpc:10.1.0.72:15138|admin:10.1.0.72:15137|client:10.1.0.72:15136|dataStream:10.1.0.72:15139|priority:1|startupRole:FOLLOWER] returns group-E5C8CE52E2CD:java.util.concurrent.CompletableFuture@712c0593[Not completed]
2023-09-08 11:19:28,416 [86b604ca-d593-47c1-a869-330a99737efc-groupManagement] INFO  server.RaftServer$Division (RaftServerImpl.java:<init>(198)) - 86b604ca-d593-47c1-a869-330a99737efc: new RaftServerImpl for group-E5C8CE52E2CD:[86b604ca-d593-47c1-a869-330a99737efc|rpc:10.1.0.72:15138|admin:10.1.0.72:15137|client:10.1.0.72:15136|dataStream:10.1.0.72:15139|priority:1|startupRole:FOLLOWER] with ContainerStateMachine:uninitialized
2023-09-08 11:19:28,417 [86b604ca-d593-47c1-a869-330a99737efc-groupManagement] INFO  server.RaftServerConfigKeys (ConfUtils.java:logGet(46)) - raft.server.rpc.timeout.min = 5s (custom)
2023-09-08 11:19:28,417 [86b604ca-d593-47c1-a869-330a99737efc-groupManagement] INFO  server.RaftServerConfigKeys (ConfUtils.java:logGet(46)) - raft.server.rpc.timeout.max = 5200ms (custom)
2023-09-08 11:19:28,417 [86b604ca-d593-47c1-a869-330a99737efc-groupManagement] INFO  server.RaftServerConfigKeys (ConfUtils.java:logGet(46)) - raft.server.rpc.sleep.time = 25ms (default)
2023-09-08 11:19:28,417 [86b604ca-d593-47c1-a869-330a99737efc-groupManagement] INFO  server.RaftServerConfigKeys (ConfUtils.java:logGet(46)) - raft.server.rpc.slowness.timeout = 300s (custom)
2023-09-08 11:19:28,417 [86b604ca-d593-47c1-a869-330a99737efc-groupManagement] INFO  server.RaftServerConfigKeys (ConfUtils.java:logGet(46)) - raft.server.leaderelection.leader.step-down.wait-time = 10s (default)
2023-09-08 11:19:28,417 [86b604ca-d593-47c1-a869-330a99737efc-groupManagement] INFO  server.RaftServerConfigKeys (ConfUtils.java:logGet(46)) - raft.server.sleep.deviation.threshold = 300ms (default)
2023-09-08 11:19:28,417 [86b604ca-d593-47c1-a869-330a99737efc-groupManagement] INFO  server.RaftServer$Division (ServerState.java:<init>(120)) - 86b604ca-d593-47c1-a869-330a99737efc@group-E5C8CE52E2CD: ConfigurationManager, init=-1: peers:[86b604ca-d593-47c1-a869-330a99737efc|rpc:10.1.0.72:15138|admin:10.1.0.72:15137|client:10.1.0.72:15136|dataStream:10.1.0.72:15139|priority:1|startupRole:FOLLOWER]|listeners:[], old=null, confs=<EMPTY_MAP>
2023-09-08 11:19:28,417 [86b604ca-d593-47c1-a869-330a99737efc-groupManagement] INFO  server.RaftServerConfigKeys (ConfUtils.java:logGet(46)) - raft.server.storage.dir = [/home/runner/work/ozone/ozone/hadoop-ozone/integration-test/target/test-dir/MiniOzoneClusterImpl-b03496ff-6041-4009-870e-fb613b325751/datanode-2/data/ratis] (custom)
2023-09-08 11:19:28,417 [86b604ca-d593-47c1-a869-330a99737efc-groupManagement] INFO  server.RaftServerConfigKeys (ConfUtils.java:logGet(46)) - raft.server.log.corruption.policy = EXCEPTION (default)
2023-09-08 11:19:28,417 [86b604ca-d593-47c1-a869-330a99737efc-groupManagement] INFO  server.RaftServerConfigKeys (ConfUtils.java:logGet(46)) - raft.server.storage.free-space.min = 0MB (=0) (default)
2023-09-08 11:19:28,417 [86b604ca-d593-47c1-a869-330a99737efc-groupManagement] INFO  server.RaftServerConfigKeys (ConfUtils.java:logGet(46)) - raft.server.notification.no-leader.timeout = 300s (custom)
2023-09-08 11:19:28,417 [86b604ca-d593-47c1-a869-330a99737efc-groupManagement] INFO  server.RaftServerConfigKeys (ConfUtils.java:logGet(46)) - raft.server.read.timeout = 10s (default)
2023-09-08 11:19:28,417 [86b604ca-d593-47c1-a869-330a99737efc-groupManagement] INFO  server.RaftServerConfigKeys (ConfUtils.java:logGet(46)) - raft.server.retrycache.expirytime = 600000ms (custom)
2023-09-08 11:19:28,417 [86b604ca-d593-47c1-a869-330a99737efc-groupManagement] INFO  server.RaftServerConfigKeys (ConfUtils.java:logGet(46)) - raft.server.retrycache.statistics.expirytime = 100μs (default)
2023-09-08 11:19:28,417 [86b604ca-d593-47c1-a869-330a99737efc-groupManagement] INFO  server.RaftServerConfigKeys (ConfUtils.java:logGet(46)) - raft.server.read.option = DEFAULT (default)
2023-09-08 11:19:28,418 [86b604ca-d593-47c1-a869-330a99737efc-groupManagement] INFO  server.RaftServerConfigKeys (ConfUtils.java:logGet(46)) - raft.server.rpc.request.timeout = 60s (custom)
2023-09-08 11:19:28,418 [86b604ca-d593-47c1-a869-330a99737efc-groupManagement] INFO  server.RaftServerConfigKeys (ConfUtils.java:logGet(46)) - raft.server.log.appender.install.snapshot.enabled = false (custom)
2023-09-08 11:19:28,418 [86b604ca-d593-47c1-a869-330a99737efc-groupManagement] INFO  server.RaftServerConfigKeys (ConfUtils.java:logGet(46)) - raft.server.threadpool.server.cached = true (default)
2023-09-08 11:19:28,418 [86b604ca-d593-47c1-a869-330a99737efc-groupManagement] INFO  server.RaftServerConfigKeys (ConfUtils.java:logGet(46)) - raft.server.threadpool.server.size = 0 (default)
2023-09-08 11:19:28,418 [86b604ca-d593-47c1-a869-330a99737efc-groupManagement] INFO  server.RaftServerConfigKeys (ConfUtils.java:logGet(46)) - raft.server.threadpool.client.cached = true (default)
2023-09-08 11:19:28,418 [86b604ca-d593-47c1-a869-330a99737efc-groupManagement] INFO  server.RaftServerConfigKeys (ConfUtils.java:logGet(46)) - raft.server.threadpool.client.size = 0 (default)
2023-09-08 11:19:28,418 [86b604ca-d593-47c1-a869-330a99737efc-groupManagement] INFO  storage.RaftStorageDirectory (RaftStorageDirectoryImpl.java:analyzeStorage(137)) - The storage directory /home/runner/work/ozone/ozone/hadoop-ozone/integration-test/target/test-dir/MiniOzoneClusterImpl-b03496ff-6041-4009-870e-fb613b325751/datanode-2/data/ratis/22170cb6-17d0-466a-8562-e5c8ce52e2cd does not exist. Creating ...
2023-09-08 11:19:28,420 [86b604ca-d593-47c1-a869-330a99737efc-groupManagement] INFO  storage.RaftStorageDirectory (RaftStorageDirectoryImpl.java:tryLock(231)) - Lock on /home/runner/work/ozone/ozone/hadoop-ozone/integration-test/target/test-dir/MiniOzoneClusterImpl-b03496ff-6041-4009-870e-fb613b325751/datanode-2/data/ratis/22170cb6-17d0-466a-8562-e5c8ce52e2cd/in_use.lock acquired by nodename 7549@fv-az203-160
2023-09-08 11:19:28,422 [86b604ca-d593-47c1-a869-330a99737efc-groupManagement] INFO  storage.RaftStorage (RaftStorageImpl.java:format(96)) - Storage directory /home/runner/work/ozone/ozone/hadoop-ozone/integration-test/target/test-dir/MiniOzoneClusterImpl-b03496ff-6041-4009-870e-fb613b325751/datanode-2/data/ratis/22170cb6-17d0-466a-8562-e5c8ce52e2cd has been successfully formatted.
2023-09-08 11:19:28,422 [86b604ca-d593-47c1-a869-330a99737efc-groupManagement] INFO  ratis.ContainerStateMachine (ContainerStateMachine.java:loadSnapshot(262)) - group-E5C8CE52E2CD: The snapshot info is null. Setting the last applied indexto:(t:0, i:~)
2023-09-08 11:19:28,422 [86b604ca-d593-47c1-a869-330a99737efc-groupManagement] INFO  server.RaftServerConfigKeys (ConfUtils.java:logGet(46)) - raft.server.log.use.memory = false (default)
2023-09-08 11:19:28,422 [86b604ca-d593-47c1-a869-330a99737efc-groupManagement] INFO  server.RaftServerConfigKeys (ConfUtils.java:logGet(46)) - raft.server.log.purge.gap = 1000000 (custom)
2023-09-08 11:19:28,422 [86b604ca-d593-47c1-a869-330a99737efc-groupManagement] INFO  server.RaftServerConfigKeys (ConfUtils.java:logGet(46)) - raft.server.log.appender.buffer.byte-limit = 33554432 (custom)
2023-09-08 11:19:28,422 [86b604ca-d593-47c1-a869-330a99737efc-groupManagement] INFO  server.RaftServerConfigKeys (ConfUtils.java:logGet(46)) - raft.server.log.statemachine.data.read.timeout = 1000ms (default)
2023-09-08 11:19:28,423 [86b604ca-d593-47c1-a869-330a99737efc-groupManagement] INFO  server.RaftServerConfigKeys (ConfUtils.java:logGet(46)) - raft.server.log.purge.preservation.log.num = 0 (default)
2023-09-08 11:19:28,423 [EventQueue-PipelineReportForPipelineReportHandler] INFO  pipeline.PipelineReportHandler (PipelineReportHandler.java:processPipelineReport(136)) - Opened pipeline PipelineID=22170cb6-17d0-466a-8562-e5c8ce52e2cd
2023-09-08 11:19:28,423 [EventQueue-OpenPipelineForHealthyPipelineSafeModeRule] INFO  safemode.SCMSafeModeManager (HealthyPipelineSafeModeRule.java:process(137)) - SCM in safe mode. Healthy pipelines reported count is 0, required healthy pipeline reported count is 1
2023-09-08 11:19:28,423 [86b604ca-d593-47c1-a869-330a99737efc-groupManagement] INFO  server.RaftServerConfigKeys (ConfUtils.java:logGet(46)) - raft.server.log.segment.size.max = 1048576 (custom)
2023-09-08 11:19:28,424 [86b604ca-d593-47c1-a869-330a99737efc-groupManagement] INFO  server.RaftServerConfigKeys (ConfUtils.java:logGet(46)) - raft.server.log.segment.cache.num.max = 2 (custom)
2023-09-08 11:19:28,424 [86b604ca-d593-47c1-a869-330a99737efc-groupManagement] INFO  server.RaftServerConfigKeys (ConfUtils.java:logGet(46)) - raft.server.log.segment.cache.size.max = 200MB (=209715200) (default)
2023-09-08 11:19:28,424 [86b604ca-d593-47c1-a869-330a99737efc-groupManagement] INFO  server.RaftServerConfigKeys (ConfUtils.java:logGet(46)) - raft.server.log.appender.buffer.byte-limit = 33554432 (custom)
2023-09-08 11:19:28,424 [86b604ca-d593-47c1-a869-330a99737efc-groupManagement] INFO  segmented.SegmentedRaftLogWorker (SegmentedRaftLogWorker.java:<init>(188)) - new 86b604ca-d593-47c1-a869-330a99737efc@group-E5C8CE52E2CD-SegmentedRaftLogWorker for RaftStorageImpl:Storage Directory /home/runner/work/ozone/ozone/hadoop-ozone/integration-test/target/test-dir/MiniOzoneClusterImpl-b03496ff-6041-4009-870e-fb613b325751/datanode-2/data/ratis/22170cb6-17d0-466a-8562-e5c8ce52e2cd
2023-09-08 11:19:28,424 [86b604ca-d593-47c1-a869-330a99737efc-groupManagement] INFO  server.RaftServerConfigKeys (ConfUtils.java:logGet(46)) - raft.server.log.queue.byte-limit = 4294967296 (custom)
2023-09-08 11:19:28,424 [86b604ca-d593-47c1-a869-330a99737efc-groupManagement] INFO  server.RaftServerConfigKeys (ConfUtils.java:logGet(46)) - raft.server.log.queue.element-limit = 1024 (custom)
2023-09-08 11:19:28,424 [86b604ca-d593-47c1-a869-330a99737efc-groupManagement] INFO  server.RaftServerConfigKeys (ConfUtils.java:logGet(46)) - raft.server.log.segment.size.max = 1048576 (custom)
2023-09-08 11:19:28,424 [86b604ca-d593-47c1-a869-330a99737efc-groupManagement] INFO  server.RaftServerConfigKeys (ConfUtils.java:logGet(46)) - raft.server.log.preallocated.size = 16384 (custom)
2023-09-08 11:19:28,424 [86b604ca-d593-47c1-a869-330a99737efc-groupManagement] INFO  server.RaftServerConfigKeys (ConfUtils.java:logGet(46)) - raft.server.log.force.sync.num = 128 (default)
2023-09-08 11:19:28,424 [86b604ca-d593-47c1-a869-330a99737efc-groupManagement] INFO  server.RaftServerConfigKeys (ConfUtils.java:logGet(46)) - raft.server.log.statemachine.data.sync = true (default)
2023-09-08 11:19:28,424 [86b604ca-d593-47c1-a869-330a99737efc-groupManagement] INFO  server.RaftServerConfigKeys (ConfUtils.java:logGet(46)) - raft.server.log.statemachine.data.sync.timeout = 10s (default)
2023-09-08 11:19:28,424 [86b604ca-d593-47c1-a869-330a99737efc-groupManagement] INFO  server.RaftServerConfigKeys (ConfUtils.java:logGet(46)) - raft.server.log.statemachine.data.sync.timeout.retry = -1 (default)
2023-09-08 11:19:28,425 [86b604ca-d593-47c1-a869-330a99737efc-groupManagement] INFO  server.RaftServerConfigKeys (ConfUtils.java:logGet(46)) - raft.server.log.write.buffer.size = 1048576 (custom)
2023-09-08 11:19:28,425 [86b604ca-d593-47c1-a869-330a99737efc-groupManagement] INFO  server.RaftServerConfigKeys (ConfUtils.java:logGet(46)) - raft.server.log.appender.buffer.byte-limit = 33554432 (custom)
2023-09-08 11:19:28,430 [86b604ca-d593-47c1-a869-330a99737efc-groupManagement] INFO  server.RaftServerConfigKeys (ConfUtils.java:logGet(46)) - raft.server.log.unsafe-flush.enabled = false (default)
2023-09-08 11:19:28,431 [86b604ca-d593-47c1-a869-330a99737efc-groupManagement] INFO  server.RaftServerConfigKeys (ConfUtils.java:logGet(46)) - raft.server.log.async-flush.enabled = false (default)
2023-09-08 11:19:28,431 [86b604ca-d593-47c1-a869-330a99737efc-groupManagement] INFO  server.RaftServerConfigKeys (ConfUtils.java:logGet(46)) - raft.server.log.statemachine.data.caching.enabled = true (custom)
2023-09-08 11:19:28,431 [86b604ca-d593-47c1-a869-330a99737efc-groupManagement] INFO  segmented.SegmentedRaftLogWorker (SegmentedRaftLogWorker.java:lambda$new$0(135)) - 86b604ca-d593-47c1-a869-330a99737efc@group-E5C8CE52E2CD-SegmentedRaftLogWorker: flushIndex: setUnconditionally 0 -> -1
2023-09-08 11:19:28,431 [86b604ca-d593-47c1-a869-330a99737efc-groupManagement] INFO  segmented.SegmentedRaftLogWorker (SegmentedRaftLogWorker.java:lambda$new$0(135)) - 86b604ca-d593-47c1-a869-330a99737efc@group-E5C8CE52E2CD-SegmentedRaftLogWorker: safeCacheEvictIndex: setUnconditionally 0 -> -1
2023-09-08 11:19:28,431 [86b604ca-d593-47c1-a869-330a99737efc-groupManagement] INFO  server.RaftServer$Division (RaftServerImpl.java:start(342)) - 86b604ca-d593-47c1-a869-330a99737efc@group-E5C8CE52E2CD: start as a follower, conf=-1: peers:[86b604ca-d593-47c1-a869-330a99737efc|rpc:10.1.0.72:15138|admin:10.1.0.72:15137|client:10.1.0.72:15136|dataStream:10.1.0.72:15139|priority:1|startupRole:FOLLOWER]|listeners:[], old=null
2023-09-08 11:19:28,431 [86b604ca-d593-47c1-a869-330a99737efc-groupManagement] INFO  server.RaftServer$Division (RaftServerImpl.java:setRole(329)) - 86b604ca-d593-47c1-a869-330a99737efc@group-E5C8CE52E2CD: changes role from      null to FOLLOWER at term 0 for startAsFollower
2023-09-08 11:19:28,431 [86b604ca-d593-47c1-a869-330a99737efc-groupManagement] INFO  impl.RoleInfo (RoleInfo.java:updateAndGet(139)) - 86b604ca-d593-47c1-a869-330a99737efc: start 86b604ca-d593-47c1-a869-330a99737efc@group-E5C8CE52E2CD-FollowerState
2023-09-08 11:19:28,432 [86b604ca-d593-47c1-a869-330a99737efc-groupManagement] INFO  util.JmxRegister (JmxRegister.java:tryRegister(44)) - Successfully registered JMX Bean with object name Ratis:service=RaftServer,group=group-E5C8CE52E2CD,id=86b604ca-d593-47c1-a869-330a99737efc
2023-09-08 11:19:28,432 [86b604ca-d593-47c1-a869-330a99737efc@group-E5C8CE52E2CD-FollowerState] INFO  server.RaftServerConfigKeys (ConfUtils.java:logFallback(53)) - raft.server.rpc.first-election.timeout.min = 5s (fallback to raft.server.rpc.timeout.min)
2023-09-08 11:19:28,432 [86b604ca-d593-47c1-a869-330a99737efc@group-E5C8CE52E2CD-FollowerState] INFO  server.RaftServerConfigKeys (ConfUtils.java:logFallback(53)) - raft.server.rpc.first-election.timeout.max = 5200ms (fallback to raft.server.rpc.timeout.max)
2023-09-08 11:19:28,432 [86b604ca-d593-47c1-a869-330a99737efc-groupManagement] INFO  server.RaftServerConfigKeys (ConfUtils.java:logGet(46)) - raft.server.snapshot.auto.trigger.enabled = true (custom)
2023-09-08 11:19:28,434 [86b604ca-d593-47c1-a869-330a99737efc-groupManagement] INFO  server.RaftServerConfigKeys (ConfUtils.java:logGet(46)) - raft.server.snapshot.auto.trigger.threshold = 10000 (custom)
2023-09-08 11:19:28,434 [86b604ca-d593-47c1-a869-330a99737efc-groupManagement] INFO  server.RaftServerConfigKeys (ConfUtils.java:logGet(46)) - raft.server.snapshot.retention.file.num = 5 (custom)
2023-09-08 11:19:28,434 [86b604ca-d593-47c1-a869-330a99737efc-groupManagement] INFO  server.RaftServerConfigKeys (ConfUtils.java:logGet(46)) - raft.server.log.purge.upto.snapshot.index = false (default)
2023-09-08 11:19:28,435 [PipelineCommandHandlerThread-0] INFO  ratis.XceiverServerRatis (XceiverServerRatis.java:addGroup(804)) - Created group PipelineID=22170cb6-17d0-466a-8562-e5c8ce52e2cd
2023-09-08 11:19:28,435 [PipelineCommandHandlerThread-0] INFO  commandhandler.CreatePipelineCommandHandler (CreatePipelineCommandHandler.java:lambda$handle$2(124)) - Created Pipeline RATIS ONE PipelineID=22170cb6-17d0-466a-8562-e5c8ce52e2cd.
2023-09-08 11:19:28,750 [PipelineCommandHandlerThread-0] INFO  server.RaftServer (RaftServerProxy.java:addNew(98)) - 82b47503-614b-4a1f-aa0a-75391d5c12a5: addNew group-EC417510140A:[82b47503-614b-4a1f-aa0a-75391d5c12a5|rpc:10.1.0.72:15147|admin:10.1.0.72:15146|client:10.1.0.72:15145|dataStream:10.1.0.72:15148|priority:1|startupRole:FOLLOWER] returns group-EC417510140A:java.util.concurrent.CompletableFuture@57c70784[Not completed]
2023-09-08 11:19:28,751 [82b47503-614b-4a1f-aa0a-75391d5c12a5-groupManagement] INFO  server.RaftServer$Division (RaftServerImpl.java:<init>(198)) - 82b47503-614b-4a1f-aa0a-75391d5c12a5: new RaftServerImpl for group-EC417510140A:[82b47503-614b-4a1f-aa0a-75391d5c12a5|rpc:10.1.0.72:15147|admin:10.1.0.72:15146|client:10.1.0.72:15145|dataStream:10.1.0.72:15148|priority:1|startupRole:FOLLOWER] with ContainerStateMachine:uninitialized
2023-09-08 11:19:28,751 [82b47503-614b-4a1f-aa0a-75391d5c12a5-groupManagement] INFO  server.RaftServerConfigKeys (ConfUtils.java:logGet(46)) - raft.server.rpc.timeout.min = 5s (custom)
2023-09-08 11:19:28,751 [82b47503-614b-4a1f-aa0a-75391d5c12a5-groupManagement] INFO  server.RaftServerConfigKeys (ConfUtils.java:logGet(46)) - raft.server.rpc.timeout.max = 5200ms (custom)
2023-09-08 11:19:28,751 [82b47503-614b-4a1f-aa0a-75391d5c12a5-groupManagement] INFO  server.RaftServerConfigKeys (ConfUtils.java:logGet(46)) - raft.server.rpc.sleep.time = 25ms (default)
2023-09-08 11:19:28,751 [82b47503-614b-4a1f-aa0a-75391d5c12a5-groupManagement] INFO  server.RaftServerConfigKeys (ConfUtils.java:logGet(46)) - raft.server.rpc.slowness.timeout = 300s (custom)
2023-09-08 11:19:28,751 [82b47503-614b-4a1f-aa0a-75391d5c12a5-groupManagement] INFO  server.RaftServerConfigKeys (ConfUtils.java:logGet(46)) - raft.server.leaderelection.leader.step-down.wait-time = 10s (default)
2023-09-08 11:19:28,751 [82b47503-614b-4a1f-aa0a-75391d5c12a5-groupManagement] INFO  server.RaftServerConfigKeys (ConfUtils.java:logGet(46)) - raft.server.sleep.deviation.threshold = 300ms (default)
2023-09-08 11:19:28,751 [82b47503-614b-4a1f-aa0a-75391d5c12a5-groupManagement] INFO  server.RaftServer$Division (ServerState.java:<init>(120)) - 82b47503-614b-4a1f-aa0a-75391d5c12a5@group-EC417510140A: ConfigurationManager, init=-1: peers:[82b47503-614b-4a1f-aa0a-75391d5c12a5|rpc:10.1.0.72:15147|admin:10.1.0.72:15146|client:10.1.0.72:15145|dataStream:10.1.0.72:15148|priority:1|startupRole:FOLLOWER]|listeners:[], old=null, confs=<EMPTY_MAP>
2023-09-08 11:19:28,751 [82b47503-614b-4a1f-aa0a-75391d5c12a5-groupManagement] INFO  server.RaftServerConfigKeys (ConfUtils.java:logGet(46)) - raft.server.storage.dir = [/home/runner/work/ozone/ozone/hadoop-ozone/integration-test/target/test-dir/MiniOzoneClusterImpl-b03496ff-6041-4009-870e-fb613b325751/datanode-3/data/ratis] (custom)
2023-09-08 11:19:28,752 [82b47503-614b-4a1f-aa0a-75391d5c12a5-groupManagement] INFO  server.RaftServerConfigKeys (ConfUtils.java:logGet(46)) - raft.server.log.corruption.policy = EXCEPTION (default)
2023-09-08 11:19:28,752 [82b47503-614b-4a1f-aa0a-75391d5c12a5-groupManagement] INFO  server.RaftServerConfigKeys (ConfUtils.java:logGet(46)) - raft.server.storage.free-space.min = 0MB (=0) (default)
2023-09-08 11:19:28,752 [82b47503-614b-4a1f-aa0a-75391d5c12a5-groupManagement] INFO  server.RaftServerConfigKeys (ConfUtils.java:logGet(46)) - raft.server.notification.no-leader.timeout = 300s (custom)
2023-09-08 11:19:28,752 [82b47503-614b-4a1f-aa0a-75391d5c12a5-groupManagement] INFO  server.RaftServerConfigKeys (ConfUtils.java:logGet(46)) - raft.server.read.timeout = 10s (default)
2023-09-08 11:19:28,752 [82b47503-614b-4a1f-aa0a-75391d5c12a5-groupManagement] INFO  server.RaftServerConfigKeys (ConfUtils.java:logGet(46)) - raft.server.retrycache.expirytime = 600000ms (custom)
2023-09-08 11:19:28,752 [82b47503-614b-4a1f-aa0a-75391d5c12a5-groupManagement] INFO  server.RaftServerConfigKeys (ConfUtils.java:logGet(46)) - raft.server.retrycache.statistics.expirytime = 100μs (default)
2023-09-08 11:19:28,752 [82b47503-614b-4a1f-aa0a-75391d5c12a5-groupManagement] INFO  server.RaftServerConfigKeys (ConfUtils.java:logGet(46)) - raft.server.read.option = DEFAULT (default)
2023-09-08 11:19:28,753 [82b47503-614b-4a1f-aa0a-75391d5c12a5-groupManagement] INFO  server.RaftServerConfigKeys (ConfUtils.java:logGet(46)) - raft.server.rpc.request.timeout = 60s (custom)
2023-09-08 11:19:28,753 [82b47503-614b-4a1f-aa0a-75391d5c12a5-groupManagement] INFO  server.RaftServerConfigKeys (ConfUtils.java:logGet(46)) - raft.server.log.appender.install.snapshot.enabled = false (custom)
2023-09-08 11:19:28,753 [82b47503-614b-4a1f-aa0a-75391d5c12a5-groupManagement] INFO  server.RaftServerConfigKeys (ConfUtils.java:logGet(46)) - raft.server.threadpool.server.cached = true (default)
2023-09-08 11:19:28,753 [82b47503-614b-4a1f-aa0a-75391d5c12a5-groupManagement] INFO  server.RaftServerConfigKeys (ConfUtils.java:logGet(46)) - raft.server.threadpool.server.size = 0 (default)
2023-09-08 11:19:28,753 [82b47503-614b-4a1f-aa0a-75391d5c12a5-groupManagement] INFO  server.RaftServerConfigKeys (ConfUtils.java:logGet(46)) - raft.server.threadpool.client.cached = true (default)
2023-09-08 11:19:28,753 [82b47503-614b-4a1f-aa0a-75391d5c12a5-groupManagement] INFO  server.RaftServerConfigKeys (ConfUtils.java:logGet(46)) - raft.server.threadpool.client.size = 0 (default)
2023-09-08 11:19:28,753 [82b47503-614b-4a1f-aa0a-75391d5c12a5-groupManagement] INFO  storage.RaftStorageDirectory (RaftStorageDirectoryImpl.java:analyzeStorage(137)) - The storage directory /home/runner/work/ozone/ozone/hadoop-ozone/integration-test/target/test-dir/MiniOzoneClusterImpl-b03496ff-6041-4009-870e-fb613b325751/datanode-3/data/ratis/de0e35c7-a7ce-41fa-86f3-ec417510140a does not exist. Creating ...
2023-09-08 11:19:28,755 [82b47503-614b-4a1f-aa0a-75391d5c12a5-groupManagement] INFO  storage.RaftStorageDirectory (RaftStorageDirectoryImpl.java:tryLock(231)) - Lock on /home/runner/work/ozone/ozone/hadoop-ozone/integration-test/target/test-dir/MiniOzoneClusterImpl-b03496ff-6041-4009-870e-fb613b325751/datanode-3/data/ratis/de0e35c7-a7ce-41fa-86f3-ec417510140a/in_use.lock acquired by nodename 7549@fv-az203-160
2023-09-08 11:19:28,757 [82b47503-614b-4a1f-aa0a-75391d5c12a5-groupManagement] INFO  storage.RaftStorage (RaftStorageImpl.java:format(96)) - Storage directory /home/runner/work/ozone/ozone/hadoop-ozone/integration-test/target/test-dir/MiniOzoneClusterImpl-b03496ff-6041-4009-870e-fb613b325751/datanode-3/data/ratis/de0e35c7-a7ce-41fa-86f3-ec417510140a has been successfully formatted.
2023-09-08 11:19:28,759 [82b47503-614b-4a1f-aa0a-75391d5c12a5-groupManagement] INFO  ratis.ContainerStateMachine (ContainerStateMachine.java:loadSnapshot(262)) - group-EC417510140A: The snapshot info is null. Setting the last applied indexto:(t:0, i:~)
2023-09-08 11:19:28,759 [82b47503-614b-4a1f-aa0a-75391d5c12a5-groupManagement] INFO  server.RaftServerConfigKeys (ConfUtils.java:logGet(46)) - raft.server.log.use.memory = false (default)
2023-09-08 11:19:28,759 [82b47503-614b-4a1f-aa0a-75391d5c12a5-groupManagement] INFO  server.RaftServerConfigKeys (ConfUtils.java:logGet(46)) - raft.server.log.purge.gap = 1000000 (custom)
2023-09-08 11:19:28,759 [82b47503-614b-4a1f-aa0a-75391d5c12a5-groupManagement] INFO  server.RaftServerConfigKeys (ConfUtils.java:logGet(46)) - raft.server.log.appender.buffer.byte-limit = 33554432 (custom)
2023-09-08 11:19:28,759 [82b47503-614b-4a1f-aa0a-75391d5c12a5-groupManagement] INFO  server.RaftServerConfigKeys (ConfUtils.java:logGet(46)) - raft.server.log.statemachine.data.read.timeout = 1000ms (default)
2023-09-08 11:19:28,760 [EventQueue-PipelineReportForPipelineReportHandler] INFO  pipeline.PipelineReportHandler (PipelineReportHandler.java:processPipelineReport(136)) - Opened pipeline PipelineID=de0e35c7-a7ce-41fa-86f3-ec417510140a
2023-09-08 11:19:28,760 [EventQueue-OpenPipelineForHealthyPipelineSafeModeRule] INFO  safemode.SCMSafeModeManager (HealthyPipelineSafeModeRule.java:process(137)) - SCM in safe mode. Healthy pipelines reported count is 0, required healthy pipeline reported count is 1
2023-09-08 11:19:28,760 [82b47503-614b-4a1f-aa0a-75391d5c12a5-groupManagement] INFO  server.RaftServerConfigKeys (ConfUtils.java:logGet(46)) - raft.server.log.purge.preservation.log.num = 0 (default)
2023-09-08 11:19:28,760 [82b47503-614b-4a1f-aa0a-75391d5c12a5-groupManagement] INFO  server.RaftServerConfigKeys (ConfUtils.java:logGet(46)) - raft.server.log.segment.size.max = 1048576 (custom)
2023-09-08 11:19:28,761 [82b47503-614b-4a1f-aa0a-75391d5c12a5-groupManagement] INFO  server.RaftServerConfigKeys (ConfUtils.java:logGet(46)) - raft.server.log.segment.cache.num.max = 2 (custom)
2023-09-08 11:19:28,761 [82b47503-614b-4a1f-aa0a-75391d5c12a5-groupManagement] INFO  server.RaftServerConfigKeys (ConfUtils.java:logGet(46)) - raft.server.log.segment.cache.size.max = 200MB (=209715200) (default)
2023-09-08 11:19:28,761 [82b47503-614b-4a1f-aa0a-75391d5c12a5-groupManagement] INFO  server.RaftServerConfigKeys (ConfUtils.java:logGet(46)) - raft.server.log.appender.buffer.byte-limit = 33554432 (custom)
2023-09-08 11:19:28,761 [82b47503-614b-4a1f-aa0a-75391d5c12a5-groupManagement] INFO  segmented.SegmentedRaftLogWorker (SegmentedRaftLogWorker.java:<init>(188)) - new 82b47503-614b-4a1f-aa0a-75391d5c12a5@group-EC417510140A-SegmentedRaftLogWorker for RaftStorageImpl:Storage Directory /home/runner/work/ozone/ozone/hadoop-ozone/integration-test/target/test-dir/MiniOzoneClusterImpl-b03496ff-6041-4009-870e-fb613b325751/datanode-3/data/ratis/de0e35c7-a7ce-41fa-86f3-ec417510140a
2023-09-08 11:19:28,761 [82b47503-614b-4a1f-aa0a-75391d5c12a5-groupManagement] INFO  server.RaftServerConfigKeys (ConfUtils.java:logGet(46)) - raft.server.log.queue.byte-limit = 4294967296 (custom)
2023-09-08 11:19:28,761 [82b47503-614b-4a1f-aa0a-75391d5c12a5-groupManagement] INFO  server.RaftServerConfigKeys (ConfUtils.java:logGet(46)) - raft.server.log.queue.element-limit = 1024 (custom)
2023-09-08 11:19:28,761 [82b47503-614b-4a1f-aa0a-75391d5c12a5-groupManagement] INFO  server.RaftServerConfigKeys (ConfUtils.java:logGet(46)) - raft.server.log.segment.size.max = 1048576 (custom)
2023-09-08 11:19:28,761 [82b47503-614b-4a1f-aa0a-75391d5c12a5-groupManagement] INFO  server.RaftServerConfigKeys (ConfUtils.java:logGet(46)) - raft.server.log.preallocated.size = 16384 (custom)
2023-09-08 11:19:28,761 [82b47503-614b-4a1f-aa0a-75391d5c12a5-groupManagement] INFO  server.RaftServerConfigKeys (ConfUtils.java:logGet(46)) - raft.server.log.force.sync.num = 128 (default)
2023-09-08 11:19:28,761 [82b47503-614b-4a1f-aa0a-75391d5c12a5-groupManagement] INFO  server.RaftServerConfigKeys (ConfUtils.java:logGet(46)) - raft.server.log.statemachine.data.sync = true (default)
2023-09-08 11:19:28,761 [82b47503-614b-4a1f-aa0a-75391d5c12a5-groupManagement] INFO  server.RaftServerConfigKeys (ConfUtils.java:logGet(46)) - raft.server.log.statemachine.data.sync.timeout = 10s (default)
2023-09-08 11:19:28,761 [82b47503-614b-4a1f-aa0a-75391d5c12a5-groupManagement] INFO  server.RaftServerConfigKeys (ConfUtils.java:logGet(46)) - raft.server.log.statemachine.data.sync.timeout.retry = -1 (default)
2023-09-08 11:19:28,762 [82b47503-614b-4a1f-aa0a-75391d5c12a5-groupManagement] INFO  server.RaftServerConfigKeys (ConfUtils.java:logGet(46)) - raft.server.log.write.buffer.size = 1048576 (custom)
2023-09-08 11:19:28,762 [82b47503-614b-4a1f-aa0a-75391d5c12a5-groupManagement] INFO  server.RaftServerConfigKeys (ConfUtils.java:logGet(46)) - raft.server.log.appender.buffer.byte-limit = 33554432 (custom)
2023-09-08 11:19:28,768 [82b47503-614b-4a1f-aa0a-75391d5c12a5-groupManagement] INFO  server.RaftServerConfigKeys (ConfUtils.java:logGet(46)) - raft.server.log.unsafe-flush.enabled = false (default)
2023-09-08 11:19:28,768 [82b47503-614b-4a1f-aa0a-75391d5c12a5-groupManagement] INFO  server.RaftServerConfigKeys (ConfUtils.java:logGet(46)) - raft.server.log.async-flush.enabled = false (default)
2023-09-08 11:19:28,768 [82b47503-614b-4a1f-aa0a-75391d5c12a5-groupManagement] INFO  server.RaftServerConfigKeys (ConfUtils.java:logGet(46)) - raft.server.log.statemachine.data.caching.enabled = true (custom)
2023-09-08 11:19:28,768 [82b47503-614b-4a1f-aa0a-75391d5c12a5-groupManagement] INFO  segmented.SegmentedRaftLogWorker (SegmentedRaftLogWorker.java:lambda$new$0(135)) - 82b47503-614b-4a1f-aa0a-75391d5c12a5@group-EC417510140A-SegmentedRaftLogWorker: flushIndex: setUnconditionally 0 -> -1
2023-09-08 11:19:28,768 [82b47503-614b-4a1f-aa0a-75391d5c12a5-groupManagement] INFO  segmented.SegmentedRaftLogWorker (SegmentedRaftLogWorker.java:lambda$new$0(135)) - 82b47503-614b-4a1f-aa0a-75391d5c12a5@group-EC417510140A-SegmentedRaftLogWorker: safeCacheEvictIndex: setUnconditionally 0 -> -1
2023-09-08 11:19:28,769 [82b47503-614b-4a1f-aa0a-75391d5c12a5-groupManagement] INFO  server.RaftServer$Division (RaftServerImpl.java:start(342)) - 82b47503-614b-4a1f-aa0a-75391d5c12a5@group-EC417510140A: start as a follower, conf=-1: peers:[82b47503-614b-4a1f-aa0a-75391d5c12a5|rpc:10.1.0.72:15147|admin:10.1.0.72:15146|client:10.1.0.72:15145|dataStream:10.1.0.72:15148|priority:1|startupRole:FOLLOWER]|listeners:[], old=null
2023-09-08 11:19:28,769 [82b47503-614b-4a1f-aa0a-75391d5c12a5-groupManagement] INFO  server.RaftServer$Division (RaftServerImpl.java:setRole(329)) - 82b47503-614b-4a1f-aa0a-75391d5c12a5@group-EC417510140A: changes role from      null to FOLLOWER at term 0 for startAsFollower
2023-09-08 11:19:28,769 [82b47503-614b-4a1f-aa0a-75391d5c12a5-groupManagement] INFO  impl.RoleInfo (RoleInfo.java:updateAndGet(139)) - 82b47503-614b-4a1f-aa0a-75391d5c12a5: start 82b47503-614b-4a1f-aa0a-75391d5c12a5@group-EC417510140A-FollowerState
2023-09-08 11:19:28,769 [82b47503-614b-4a1f-aa0a-75391d5c12a5-groupManagement] INFO  util.JmxRegister (JmxRegister.java:tryRegister(44)) - Successfully registered JMX Bean with object name Ratis:service=RaftServer,group=group-EC417510140A,id=82b47503-614b-4a1f-aa0a-75391d5c12a5
2023-09-08 11:19:28,769 [82b47503-614b-4a1f-aa0a-75391d5c12a5-groupManagement] INFO  server.RaftServerConfigKeys (ConfUtils.java:logGet(46)) - raft.server.snapshot.auto.trigger.enabled = true (custom)
2023-09-08 11:19:28,770 [82b47503-614b-4a1f-aa0a-75391d5c12a5-groupManagement] INFO  server.RaftServerConfigKeys (ConfUtils.java:logGet(46)) - raft.server.snapshot.auto.trigger.threshold = 10000 (custom)
2023-09-08 11:19:28,770 [82b47503-614b-4a1f-aa0a-75391d5c12a5@group-EC417510140A-FollowerState] INFO  server.RaftServerConfigKeys (ConfUtils.java:logFallback(53)) - raft.server.rpc.first-election.timeout.min = 5s (fallback to raft.server.rpc.timeout.min)
2023-09-08 11:19:28,770 [82b47503-614b-4a1f-aa0a-75391d5c12a5-groupManagement] INFO  server.RaftServerConfigKeys (ConfUtils.java:logGet(46)) - raft.server.snapshot.retention.file.num = 5 (custom)
2023-09-08 11:19:28,770 [82b47503-614b-4a1f-aa0a-75391d5c12a5-groupManagement] INFO  server.RaftServerConfigKeys (ConfUtils.java:logGet(46)) - raft.server.log.purge.upto.snapshot.index = false (default)
2023-09-08 11:19:28,770 [82b47503-614b-4a1f-aa0a-75391d5c12a5@group-EC417510140A-FollowerState] INFO  server.RaftServerConfigKeys (ConfUtils.java:logFallback(53)) - raft.server.rpc.first-election.timeout.max = 5200ms (fallback to raft.server.rpc.timeout.max)
2023-09-08 11:19:28,775 [PipelineCommandHandlerThread-0] INFO  ratis.XceiverServerRatis (XceiverServerRatis.java:addGroup(804)) - Created group PipelineID=de0e35c7-a7ce-41fa-86f3-ec417510140a
2023-09-08 11:19:28,775 [PipelineCommandHandlerThread-0] INFO  commandhandler.CreatePipelineCommandHandler (CreatePipelineCommandHandler.java:lambda$handle$2(124)) - Created Pipeline RATIS ONE PipelineID=de0e35c7-a7ce-41fa-86f3-ec417510140a.
2023-09-08 11:19:29,087 [main] INFO  ozone.MiniOzoneClusterImpl (MiniOzoneClusterImpl.java:lambda$waitForClusterToBeReady$0(224)) - Nodes are ready. Got 5 of 5 DN Heartbeats.
2023-09-08 11:19:29,087 [main] INFO  ozone.MiniOzoneClusterImpl (MiniOzoneClusterImpl.java:lambda$waitForClusterToBeReady$0(227)) - Waiting for cluster to exit safe mode
2023-09-08 11:19:29,087 [main] INFO  ozone.MiniOzoneClusterImpl (MiniOzoneClusterImpl.java:lambda$waitForClusterToBeReady$0(229)) - SCM became leader
2023-09-08 11:19:29,100 [PipelineCommandHandlerThread-0] INFO  server.RaftServer (RaftServerProxy.java:addNew(98)) - ced5577c-1b9f-4df4-b1d3-afb76f4739eb: addNew group-AC77705E4BE5:[ced5577c-1b9f-4df4-b1d3-afb76f4739eb|rpc:10.1.0.72:15156|admin:10.1.0.72:15155|client:10.1.0.72:15154|dataStream:10.1.0.72:15157|priority:1|startupRole:FOLLOWER] returns group-AC77705E4BE5:java.util.concurrent.CompletableFuture@67345c7a[Not completed]
2023-09-08 11:19:29,101 [ced5577c-1b9f-4df4-b1d3-afb76f4739eb-groupManagement] INFO  server.RaftServer$Division (RaftServerImpl.java:<init>(198)) - ced5577c-1b9f-4df4-b1d3-afb76f4739eb: new RaftServerImpl for group-AC77705E4BE5:[ced5577c-1b9f-4df4-b1d3-afb76f4739eb|rpc:10.1.0.72:15156|admin:10.1.0.72:15155|client:10.1.0.72:15154|dataStream:10.1.0.72:15157|priority:1|startupRole:FOLLOWER] with ContainerStateMachine:uninitialized
2023-09-08 11:19:29,101 [ced5577c-1b9f-4df4-b1d3-afb76f4739eb-groupManagement] INFO  server.RaftServerConfigKeys (ConfUtils.java:logGet(46)) - raft.server.rpc.timeout.min = 5s (custom)
2023-09-08 11:19:29,101 [ced5577c-1b9f-4df4-b1d3-afb76f4739eb-groupManagement] INFO  server.RaftServerConfigKeys (ConfUtils.java:logGet(46)) - raft.server.rpc.timeout.max = 5200ms (custom)
2023-09-08 11:19:29,102 [ced5577c-1b9f-4df4-b1d3-afb76f4739eb-groupManagement] INFO  server.RaftServerConfigKeys (ConfUtils.java:logGet(46)) - raft.server.rpc.sleep.time = 25ms (default)
2023-09-08 11:19:29,102 [ced5577c-1b9f-4df4-b1d3-afb76f4739eb-groupManagement] INFO  server.RaftServerConfigKeys (ConfUtils.java:logGet(46)) - raft.server.rpc.slowness.timeout = 300s (custom)
2023-09-08 11:19:29,102 [ced5577c-1b9f-4df4-b1d3-afb76f4739eb-groupManagement] INFO  server.RaftServerConfigKeys (ConfUtils.java:logGet(46)) - raft.server.leaderelection.leader.step-down.wait-time = 10s (default)
2023-09-08 11:19:29,102 [ced5577c-1b9f-4df4-b1d3-afb76f4739eb-groupManagement] INFO  server.RaftServerConfigKeys (ConfUtils.java:logGet(46)) - raft.server.sleep.deviation.threshold = 300ms (default)
2023-09-08 11:19:29,102 [ced5577c-1b9f-4df4-b1d3-afb76f4739eb-groupManagement] INFO  server.RaftServer$Division (ServerState.java:<init>(120)) - ced5577c-1b9f-4df4-b1d3-afb76f4739eb@group-AC77705E4BE5: ConfigurationManager, init=-1: peers:[ced5577c-1b9f-4df4-b1d3-afb76f4739eb|rpc:10.1.0.72:15156|admin:10.1.0.72:15155|client:10.1.0.72:15154|dataStream:10.1.0.72:15157|priority:1|startupRole:FOLLOWER]|listeners:[], old=null, confs=<EMPTY_MAP>
2023-09-08 11:19:29,102 [ced5577c-1b9f-4df4-b1d3-afb76f4739eb-groupManagement] INFO  server.RaftServerConfigKeys (ConfUtils.java:logGet(46)) - raft.server.storage.dir = [/home/runner/work/ozone/ozone/hadoop-ozone/integration-test/target/test-dir/MiniOzoneClusterImpl-b03496ff-6041-4009-870e-fb613b325751/datanode-4/data/ratis] (custom)
2023-09-08 11:19:29,102 [ced5577c-1b9f-4df4-b1d3-afb76f4739eb-groupManagement] INFO  server.RaftServerConfigKeys (ConfUtils.java:logGet(46)) - raft.server.log.corruption.policy = EXCEPTION (default)
2023-09-08 11:19:29,102 [ced5577c-1b9f-4df4-b1d3-afb76f4739eb-groupManagement] INFO  server.RaftServerConfigKeys (ConfUtils.java:logGet(46)) - raft.server.storage.free-space.min = 0MB (=0) (default)
2023-09-08 11:19:29,102 [ced5577c-1b9f-4df4-b1d3-afb76f4739eb-groupManagement] INFO  server.RaftServerConfigKeys (ConfUtils.java:logGet(46)) - raft.server.notification.no-leader.timeout = 300s (custom)
2023-09-08 11:19:29,102 [ced5577c-1b9f-4df4-b1d3-afb76f4739eb-groupManagement] INFO  server.RaftServerConfigKeys (ConfUtils.java:logGet(46)) - raft.server.read.timeout = 10s (default)
2023-09-08 11:19:29,102 [ced5577c-1b9f-4df4-b1d3-afb76f4739eb-groupManagement] INFO  server.RaftServerConfigKeys (ConfUtils.java:logGet(46)) - raft.server.retrycache.expirytime = 600000ms (custom)
2023-09-08 11:19:29,102 [ced5577c-1b9f-4df4-b1d3-afb76f4739eb-groupManagement] INFO  server.RaftServerConfigKeys (ConfUtils.java:logGet(46)) - raft.server.retrycache.statistics.expirytime = 100μs (default)
2023-09-08 11:19:29,103 [ced5577c-1b9f-4df4-b1d3-afb76f4739eb-groupManagement] INFO  server.RaftServerConfigKeys (ConfUtils.java:logGet(46)) - raft.server.read.option = DEFAULT (default)
2023-09-08 11:19:29,106 [ced5577c-1b9f-4df4-b1d3-afb76f4739eb-groupManagement] INFO  server.RaftServerConfigKeys (ConfUtils.java:logGet(46)) - raft.server.rpc.request.timeout = 60s (custom)
2023-09-08 11:19:29,106 [ced5577c-1b9f-4df4-b1d3-afb76f4739eb-groupManagement] INFO  server.RaftServerConfigKeys (ConfUtils.java:logGet(46)) - raft.server.log.appender.install.snapshot.enabled = false (custom)
2023-09-08 11:19:29,106 [ced5577c-1b9f-4df4-b1d3-afb76f4739eb-groupManagement] INFO  server.RaftServerConfigKeys (ConfUtils.java:logGet(46)) - raft.server.threadpool.server.cached = true (default)
2023-09-08 11:19:29,106 [ced5577c-1b9f-4df4-b1d3-afb76f4739eb-groupManagement] INFO  server.RaftServerConfigKeys (ConfUtils.java:logGet(46)) - raft.server.threadpool.server.size = 0 (default)
2023-09-08 11:19:29,106 [ced5577c-1b9f-4df4-b1d3-afb76f4739eb-groupManagement] INFO  server.RaftServerConfigKeys (ConfUtils.java:logGet(46)) - raft.server.threadpool.client.cached = true (default)
2023-09-08 11:19:29,106 [ced5577c-1b9f-4df4-b1d3-afb76f4739eb-groupManagement] INFO  server.RaftServerConfigKeys (ConfUtils.java:logGet(46)) - raft.server.threadpool.client.size = 0 (default)
2023-09-08 11:19:29,107 [ced5577c-1b9f-4df4-b1d3-afb76f4739eb-groupManagement] INFO  storage.RaftStorageDirectory (RaftStorageDirectoryImpl.java:analyzeStorage(137)) - The storage directory /home/runner/work/ozone/ozone/hadoop-ozone/integration-test/target/test-dir/MiniOzoneClusterImpl-b03496ff-6041-4009-870e-fb613b325751/datanode-4/data/ratis/a687d425-9231-4658-b1a1-ac77705e4be5 does not exist. Creating ...
2023-09-08 11:19:29,112 [ced5577c-1b9f-4df4-b1d3-afb76f4739eb-groupManagement] INFO  storage.RaftStorageDirectory (RaftStorageDirectoryImpl.java:tryLock(231)) - Lock on /home/runner/work/ozone/ozone/hadoop-ozone/integration-test/target/test-dir/MiniOzoneClusterImpl-b03496ff-6041-4009-870e-fb613b325751/datanode-4/data/ratis/a687d425-9231-4658-b1a1-ac77705e4be5/in_use.lock acquired by nodename 7549@fv-az203-160
2023-09-08 11:19:29,114 [ced5577c-1b9f-4df4-b1d3-afb76f4739eb-groupManagement] INFO  storage.RaftStorage (RaftStorageImpl.java:format(96)) - Storage directory /home/runner/work/ozone/ozone/hadoop-ozone/integration-test/target/test-dir/MiniOzoneClusterImpl-b03496ff-6041-4009-870e-fb613b325751/datanode-4/data/ratis/a687d425-9231-4658-b1a1-ac77705e4be5 has been successfully formatted.
2023-09-08 11:19:29,119 [ced5577c-1b9f-4df4-b1d3-afb76f4739eb-groupManagement] INFO  ratis.ContainerStateMachine (ContainerStateMachine.java:loadSnapshot(262)) - group-AC77705E4BE5: The snapshot info is null. Setting the last applied indexto:(t:0, i:~)
2023-09-08 11:19:29,120 [EventQueue-PipelineReportForPipelineReportHandler] INFO  pipeline.PipelineReportHandler (PipelineReportHandler.java:processPipelineReport(136)) - Opened pipeline PipelineID=a687d425-9231-4658-b1a1-ac77705e4be5
2023-09-08 11:19:29,124 [EventQueue-OpenPipelineForHealthyPipelineSafeModeRule] INFO  safemode.SCMSafeModeManager (HealthyPipelineSafeModeRule.java:process(137)) - SCM in safe mode. Healthy pipelines reported count is 0, required healthy pipeline reported count is 1
2023-09-08 11:19:29,124 [ced5577c-1b9f-4df4-b1d3-afb76f4739eb-groupManagement] INFO  server.RaftServerConfigKeys (ConfUtils.java:logGet(46)) - raft.server.log.use.memory = false (default)
2023-09-08 11:19:29,124 [ced5577c-1b9f-4df4-b1d3-afb76f4739eb-groupManagement] INFO  server.RaftServerConfigKeys (ConfUtils.java:logGet(46)) - raft.server.log.purge.gap = 1000000 (custom)
2023-09-08 11:19:29,124 [ced5577c-1b9f-4df4-b1d3-afb76f4739eb-groupManagement] INFO  server.RaftServerConfigKeys (ConfUtils.java:logGet(46)) - raft.server.log.appender.buffer.byte-limit = 33554432 (custom)
2023-09-08 11:19:29,124 [ced5577c-1b9f-4df4-b1d3-afb76f4739eb-groupManagement] INFO  server.RaftServerConfigKeys (ConfUtils.java:logGet(46)) - raft.server.log.statemachine.data.read.timeout = 1000ms (default)
2023-09-08 11:19:29,124 [ced5577c-1b9f-4df4-b1d3-afb76f4739eb-groupManagement] INFO  server.RaftServerConfigKeys (ConfUtils.java:logGet(46)) - raft.server.log.purge.preservation.log.num = 0 (default)
2023-09-08 11:19:29,124 [ced5577c-1b9f-4df4-b1d3-afb76f4739eb-groupManagement] INFO  server.RaftServerConfigKeys (ConfUtils.java:logGet(46)) - raft.server.log.segment.size.max = 1048576 (custom)
2023-09-08 11:19:29,126 [ced5577c-1b9f-4df4-b1d3-afb76f4739eb-groupManagement] INFO  server.RaftServerConfigKeys (ConfUtils.java:logGet(46)) - raft.server.log.segment.cache.num.max = 2 (custom)
2023-09-08 11:19:29,126 [ced5577c-1b9f-4df4-b1d3-afb76f4739eb-groupManagement] INFO  server.RaftServerConfigKeys (ConfUtils.java:logGet(46)) - raft.server.log.segment.cache.size.max = 200MB (=209715200) (default)
2023-09-08 11:19:29,126 [ced5577c-1b9f-4df4-b1d3-afb76f4739eb-groupManagement] INFO  server.RaftServerConfigKeys (ConfUtils.java:logGet(46)) - raft.server.log.appender.buffer.byte-limit = 33554432 (custom)
2023-09-08 11:19:29,126 [ced5577c-1b9f-4df4-b1d3-afb76f4739eb-groupManagement] INFO  segmented.SegmentedRaftLogWorker (SegmentedRaftLogWorker.java:<init>(188)) - new ced5577c-1b9f-4df4-b1d3-afb76f4739eb@group-AC77705E4BE5-SegmentedRaftLogWorker for RaftStorageImpl:Storage Directory /home/runner/work/ozone/ozone/hadoop-ozone/integration-test/target/test-dir/MiniOzoneClusterImpl-b03496ff-6041-4009-870e-fb613b325751/datanode-4/data/ratis/a687d425-9231-4658-b1a1-ac77705e4be5
2023-09-08 11:19:29,126 [ced5577c-1b9f-4df4-b1d3-afb76f4739eb-groupManagement] INFO  server.RaftServerConfigKeys (ConfUtils.java:logGet(46)) - raft.server.log.queue.byte-limit = 4294967296 (custom)
2023-09-08 11:19:29,127 [ced5577c-1b9f-4df4-b1d3-afb76f4739eb-groupManagement] INFO  server.RaftServerConfigKeys (ConfUtils.java:logGet(46)) - raft.server.log.queue.element-limit = 1024 (custom)
2023-09-08 11:19:29,128 [ced5577c-1b9f-4df4-b1d3-afb76f4739eb-groupManagement] INFO  server.RaftServerConfigKeys (ConfUtils.java:logGet(46)) - raft.server.log.segment.size.max = 1048576 (custom)
2023-09-08 11:19:29,128 [ced5577c-1b9f-4df4-b1d3-afb76f4739eb-groupManagement] INFO  server.RaftServerConfigKeys (ConfUtils.java:logGet(46)) - raft.server.log.preallocated.size = 16384 (custom)
2023-09-08 11:19:29,128 [ced5577c-1b9f-4df4-b1d3-afb76f4739eb-groupManagement] INFO  server.RaftServerConfigKeys (ConfUtils.java:logGet(46)) - raft.server.log.force.sync.num = 128 (default)
2023-09-08 11:19:29,128 [ced5577c-1b9f-4df4-b1d3-afb76f4739eb-groupManagement] INFO  server.RaftServerConfigKeys (ConfUtils.java:logGet(46)) - raft.server.log.statemachine.data.sync = true (default)
2023-09-08 11:19:29,128 [ced5577c-1b9f-4df4-b1d3-afb76f4739eb-groupManagement] INFO  server.RaftServerConfigKeys (ConfUtils.java:logGet(46)) - raft.server.log.statemachine.data.sync.timeout = 10s (default)
2023-09-08 11:19:29,128 [ced5577c-1b9f-4df4-b1d3-afb76f4739eb-groupManagement] INFO  server.RaftServerConfigKeys (ConfUtils.java:logGet(46)) - raft.server.log.statemachine.data.sync.timeout.retry = -1 (default)
2023-09-08 11:19:29,129 [ced5577c-1b9f-4df4-b1d3-afb76f4739eb-groupManagement] INFO  server.RaftServerConfigKeys (ConfUtils.java:logGet(46)) - raft.server.log.write.buffer.size = 1048576 (custom)
2023-09-08 11:19:29,129 [ced5577c-1b9f-4df4-b1d3-afb76f4739eb-groupManagement] INFO  server.RaftServerConfigKeys (ConfUtils.java:logGet(46)) - raft.server.log.appender.buffer.byte-limit = 33554432 (custom)
2023-09-08 11:19:29,386 [JvmPauseMonitor16] WARN  util.JvmPauseMonitor (JvmPauseMonitor.java:detectPause(124)) - JvmPauseMonitor-ccde687e-3bc0-46e3-98cf-cb73a4745fdb: Detected pause in JVM or host machine approximately 0.142s with 0.255s GC time.
GC pool 'PS Scavenge' had collection(s): count=1 time=255ms
2023-09-08 11:19:29,386 [JvmPauseMonitor15] WARN  util.JvmPauseMonitor (JvmPauseMonitor.java:detectPause(124)) - JvmPauseMonitor-om1: Detected pause in JVM or host machine approximately 0.153s with 0.255s GC time.
GC pool 'PS Scavenge' had collection(s): count=1 time=255ms
2023-09-08 11:19:29,387 [JvmPauseMonitor20] WARN  util.JvmPauseMonitor (JvmPauseMonitor.java:detectPause(124)) - JvmPauseMonitor-ced5577c-1b9f-4df4-b1d3-afb76f4739eb: Detected pause in JVM or host machine approximately 0.228s with 0.255s GC time.
GC pool 'PS Scavenge' had collection(s): count=1 time=255ms
2023-09-08 11:19:29,399 [ced5577c-1b9f-4df4-b1d3-afb76f4739eb-groupManagement] INFO  server.RaftServerConfigKeys (ConfUtils.java:logGet(46)) - raft.server.log.unsafe-flush.enabled = false (default)
2023-09-08 11:19:29,399 [ced5577c-1b9f-4df4-b1d3-afb76f4739eb-groupManagement] INFO  server.RaftServerConfigKeys (ConfUtils.java:logGet(46)) - raft.server.log.async-flush.enabled = false (default)
2023-09-08 11:19:29,399 [ced5577c-1b9f-4df4-b1d3-afb76f4739eb-groupManagement] INFO  server.RaftServerConfigKeys (ConfUtils.java:logGet(46)) - raft.server.log.statemachine.data.caching.enabled = true (custom)
2023-09-08 11:19:29,399 [ced5577c-1b9f-4df4-b1d3-afb76f4739eb-groupManagement] INFO  segmented.SegmentedRaftLogWorker (SegmentedRaftLogWorker.java:lambda$new$0(135)) - ced5577c-1b9f-4df4-b1d3-afb76f4739eb@group-AC77705E4BE5-SegmentedRaftLogWorker: flushIndex: setUnconditionally 0 -> -1
2023-09-08 11:19:29,399 [ced5577c-1b9f-4df4-b1d3-afb76f4739eb-groupManagement] INFO  segmented.SegmentedRaftLogWorker (SegmentedRaftLogWorker.java:lambda$new$0(135)) - ced5577c-1b9f-4df4-b1d3-afb76f4739eb@group-AC77705E4BE5-SegmentedRaftLogWorker: safeCacheEvictIndex: setUnconditionally 0 -> -1
2023-09-08 11:19:29,403 [ced5577c-1b9f-4df4-b1d3-afb76f4739eb-groupManagement] INFO  server.RaftServer$Division (RaftServerImpl.java:start(342)) - ced5577c-1b9f-4df4-b1d3-afb76f4739eb@group-AC77705E4BE5: start as a follower, conf=-1: peers:[ced5577c-1b9f-4df4-b1d3-afb76f4739eb|rpc:10.1.0.72:15156|admin:10.1.0.72:15155|client:10.1.0.72:15154|dataStream:10.1.0.72:15157|priority:1|startupRole:FOLLOWER]|listeners:[], old=null
2023-09-08 11:19:29,403 [ced5577c-1b9f-4df4-b1d3-afb76f4739eb-groupManagement] INFO  server.RaftServer$Division (RaftServerImpl.java:setRole(329)) - ced5577c-1b9f-4df4-b1d3-afb76f4739eb@group-AC77705E4BE5: changes role from      null to FOLLOWER at term 0 for startAsFollower
2023-09-08 11:19:29,403 [ced5577c-1b9f-4df4-b1d3-afb76f4739eb-groupManagement] INFO  impl.RoleInfo (RoleInfo.java:updateAndGet(139)) - ced5577c-1b9f-4df4-b1d3-afb76f4739eb: start ced5577c-1b9f-4df4-b1d3-afb76f4739eb@group-AC77705E4BE5-FollowerState
2023-09-08 11:19:29,408 [ced5577c-1b9f-4df4-b1d3-afb76f4739eb-groupManagement] INFO  util.JmxRegister (JmxRegister.java:tryRegister(44)) - Successfully registered JMX Bean with object name Ratis:service=RaftServer,group=group-AC77705E4BE5,id=ced5577c-1b9f-4df4-b1d3-afb76f4739eb
2023-09-08 11:19:29,408 [ced5577c-1b9f-4df4-b1d3-afb76f4739eb-groupManagement] INFO  server.RaftServerConfigKeys (ConfUtils.java:logGet(46)) - raft.server.snapshot.auto.trigger.enabled = true (custom)
2023-09-08 11:19:29,408 [ced5577c-1b9f-4df4-b1d3-afb76f4739eb-groupManagement] INFO  server.RaftServerConfigKeys (ConfUtils.java:logGet(46)) - raft.server.snapshot.auto.trigger.threshold = 10000 (custom)
2023-09-08 11:19:29,408 [ced5577c-1b9f-4df4-b1d3-afb76f4739eb-groupManagement] INFO  server.RaftServerConfigKeys (ConfUtils.java:logGet(46)) - raft.server.snapshot.retention.file.num = 5 (custom)
2023-09-08 11:19:29,408 [ced5577c-1b9f-4df4-b1d3-afb76f4739eb-groupManagement] INFO  server.RaftServerConfigKeys (ConfUtils.java:logGet(46)) - raft.server.log.purge.upto.snapshot.index = false (default)
2023-09-08 11:19:29,408 [ced5577c-1b9f-4df4-b1d3-afb76f4739eb@group-AC77705E4BE5-FollowerState] INFO  server.RaftServerConfigKeys (ConfUtils.java:logFallback(53)) - raft.server.rpc.first-election.timeout.min = 5s (fallback to raft.server.rpc.timeout.min)
2023-09-08 11:19:29,408 [ced5577c-1b9f-4df4-b1d3-afb76f4739eb@group-AC77705E4BE5-FollowerState] INFO  server.RaftServerConfigKeys (ConfUtils.java:logFallback(53)) - raft.server.rpc.first-election.timeout.max = 5200ms (fallback to raft.server.rpc.timeout.max)
2023-09-08 11:19:29,414 [PipelineCommandHandlerThread-0] INFO  ratis.XceiverServerRatis (XceiverServerRatis.java:addGroup(804)) - Created group PipelineID=a687d425-9231-4658-b1a1-ac77705e4be5
2023-09-08 11:19:29,414 [PipelineCommandHandlerThread-0] INFO  commandhandler.CreatePipelineCommandHandler (CreatePipelineCommandHandler.java:lambda$handle$2(124)) - Created Pipeline RATIS ONE PipelineID=a687d425-9231-4658-b1a1-ac77705e4be5.
2023-09-08 11:19:30,087 [main] INFO  ozone.MiniOzoneClusterImpl (MiniOzoneClusterImpl.java:lambda$waitForClusterToBeReady$0(224)) - Nodes are ready. Got 5 of 5 DN Heartbeats.
2023-09-08 11:19:30,088 [main] INFO  ozone.MiniOzoneClusterImpl (MiniOzoneClusterImpl.java:lambda$waitForClusterToBeReady$0(227)) - Waiting for cluster to exit safe mode
2023-09-08 11:19:30,088 [main] INFO  ozone.MiniOzoneClusterImpl (MiniOzoneClusterImpl.java:lambda$waitForClusterToBeReady$0(229)) - SCM became leader
2023-09-08 11:19:31,088 [main] INFO  ozone.MiniOzoneClusterImpl (MiniOzoneClusterImpl.java:lambda$waitForClusterToBeReady$0(224)) - Nodes are ready. Got 5 of 5 DN Heartbeats.
2023-09-08 11:19:31,088 [main] INFO  ozone.MiniOzoneClusterImpl (MiniOzoneClusterImpl.java:lambda$waitForClusterToBeReady$0(227)) - Waiting for cluster to exit safe mode
2023-09-08 11:19:31,088 [main] INFO  ozone.MiniOzoneClusterImpl (MiniOzoneClusterImpl.java:lambda$waitForClusterToBeReady$0(229)) - SCM became leader
2023-09-08 11:19:32,088 [main] INFO  ozone.MiniOzoneClusterImpl (MiniOzoneClusterImpl.java:lambda$waitForClusterToBeReady$0(224)) - Nodes are ready. Got 5 of 5 DN Heartbeats.
2023-09-08 11:19:32,089 [main] INFO  ozone.MiniOzoneClusterImpl (MiniOzoneClusterImpl.java:lambda$waitForClusterToBeReady$0(227)) - Waiting for cluster to exit safe mode
2023-09-08 11:19:32,089 [main] INFO  ozone.MiniOzoneClusterImpl (MiniOzoneClusterImpl.java:lambda$waitForClusterToBeReady$0(229)) - SCM became leader
2023-09-08 11:19:32,797 [86b604ca-d593-47c1-a869-330a99737efc@group-7C7F1AE0E7D9-FollowerState] INFO  impl.FollowerState (FollowerState.java:run(143)) - 86b604ca-d593-47c1-a869-330a99737efc@group-7C7F1AE0E7D9-FollowerState: change to CANDIDATE, lastRpcElapsedTime:5044403397ns, electionTimeout:5043ms
2023-09-08 11:19:32,797 [86b604ca-d593-47c1-a869-330a99737efc@group-7C7F1AE0E7D9-FollowerState] INFO  impl.RoleInfo (RoleInfo.java:shutdownFollowerState(110)) - 86b604ca-d593-47c1-a869-330a99737efc: shutdown 86b604ca-d593-47c1-a869-330a99737efc@group-7C7F1AE0E7D9-FollowerState
2023-09-08 11:19:32,798 [86b604ca-d593-47c1-a869-330a99737efc@group-7C7F1AE0E7D9-FollowerState] INFO  server.RaftServer$Division (RaftServerImpl.java:setRole(329)) - 86b604ca-d593-47c1-a869-330a99737efc@group-7C7F1AE0E7D9: changes role from  FOLLOWER to CANDIDATE at term 0 for changeToCandidate
2023-09-08 11:19:32,798 [86b604ca-d593-47c1-a869-330a99737efc@group-7C7F1AE0E7D9-FollowerState] INFO  server.RaftServerConfigKeys (ConfUtils.java:logGet(46)) - raft.server.leaderelection.pre-vote = true (default)
2023-09-08 11:19:32,798 [86b604ca-d593-47c1-a869-330a99737efc@group-7C7F1AE0E7D9-FollowerState] INFO  impl.RoleInfo (RoleInfo.java:updateAndGet(139)) - 86b604ca-d593-47c1-a869-330a99737efc: start 86b604ca-d593-47c1-a869-330a99737efc@group-7C7F1AE0E7D9-LeaderElection21
2023-09-08 11:19:32,801 [86b604ca-d593-47c1-a869-330a99737efc@group-7C7F1AE0E7D9-LeaderElection21] INFO  impl.LeaderElection (LeaderElection.java:askForVotes(321)) - 86b604ca-d593-47c1-a869-330a99737efc@group-7C7F1AE0E7D9-LeaderElection21 PRE_VOTE round 0: submit vote requests at term 0 for -1: peers:[86b604ca-d593-47c1-a869-330a99737efc|rpc:10.1.0.72:15138|admin:10.1.0.72:15137|client:10.1.0.72:15136|dataStream:10.1.0.72:15139|priority:0|startupRole:FOLLOWER, 03f108d1-7670-46de-a663-64a53fa7aba7|rpc:10.1.0.72:15129|admin:10.1.0.72:15128|client:10.1.0.72:15127|dataStream:10.1.0.72:15130|priority:0|startupRole:FOLLOWER, ccde687e-3bc0-46e3-98cf-cb73a4745fdb|rpc:10.1.0.72:15120|admin:10.1.0.72:15119|client:10.1.0.72:15118|dataStream:10.1.0.72:15121|priority:1|startupRole:FOLLOWER]|listeners:[], old=null
2023-09-08 11:19:32,801 [86b604ca-d593-47c1-a869-330a99737efc@group-7C7F1AE0E7D9-LeaderElection21-1] INFO  server.GrpcServerProtocolClient (GrpcServerProtocolClient.java:<init>(65)) - Build channel for 03f108d1-7670-46de-a663-64a53fa7aba7
2023-09-08 11:19:32,802 [86b604ca-d593-47c1-a869-330a99737efc@group-7C7F1AE0E7D9-LeaderElection21] INFO  server.RaftServerConfigKeys (ConfUtils.java:logFallback(53)) - raft.server.rpc.first-election.timeout.min = 5s (fallback to raft.server.rpc.timeout.min)
2023-09-08 11:19:32,802 [86b604ca-d593-47c1-a869-330a99737efc@group-7C7F1AE0E7D9-LeaderElection21] INFO  server.RaftServerConfigKeys (ConfUtils.java:logFallback(53)) - raft.server.rpc.first-election.timeout.max = 5200ms (fallback to raft.server.rpc.timeout.max)
2023-09-08 11:19:32,802 [86b604ca-d593-47c1-a869-330a99737efc@group-7C7F1AE0E7D9-LeaderElection21-2] INFO  server.GrpcServerProtocolClient (GrpcServerProtocolClient.java:<init>(65)) - Build channel for ccde687e-3bc0-46e3-98cf-cb73a4745fdb
2023-09-08 11:19:32,812 [grpc-default-executor-0] INFO  server.RaftServer$Division (RaftServerImpl.java:requestVote(1302)) - ccde687e-3bc0-46e3-98cf-cb73a4745fdb@group-7C7F1AE0E7D9: receive requestVote(PRE_VOTE, 86b604ca-d593-47c1-a869-330a99737efc, group-7C7F1AE0E7D9, 0, (t:0, i:0))
2023-09-08 11:19:32,812 [grpc-default-executor-0] INFO  impl.VoteContext (VoteContext.java:log(49)) - ccde687e-3bc0-46e3-98cf-cb73a4745fdb@group-7C7F1AE0E7D9-FOLLOWER: reject PRE_VOTE from 86b604ca-d593-47c1-a869-330a99737efc: our priority 1 > candidate's priority 0
2023-09-08 11:19:32,813 [grpc-default-executor-0] INFO  server.RaftServer$Division (RaftServerImpl.java:requestVote(1335)) - ccde687e-3bc0-46e3-98cf-cb73a4745fdb@group-7C7F1AE0E7D9 replies to PRE_VOTE vote request: 86b604ca-d593-47c1-a869-330a99737efc<-ccde687e-3bc0-46e3-98cf-cb73a4745fdb#0:FAIL-t0. Peer's state: ccde687e-3bc0-46e3-98cf-cb73a4745fdb@group-7C7F1AE0E7D9:t0, leader=null, voted=, raftlog=Memoized:ccde687e-3bc0-46e3-98cf-cb73a4745fdb@group-7C7F1AE0E7D9-SegmentedRaftLog:OPENED:c-1, conf=-1: peers:[86b604ca-d593-47c1-a869-330a99737efc|rpc:10.1.0.72:15138|admin:10.1.0.72:15137|client:10.1.0.72:15136|dataStream:10.1.0.72:15139|priority:0|startupRole:FOLLOWER, 03f108d1-7670-46de-a663-64a53fa7aba7|rpc:10.1.0.72:15129|admin:10.1.0.72:15128|client:10.1.0.72:15127|dataStream:10.1.0.72:15130|priority:0|startupRole:FOLLOWER, ccde687e-3bc0-46e3-98cf-cb73a4745fdb|rpc:10.1.0.72:15120|admin:10.1.0.72:15119|client:10.1.0.72:15118|dataStream:10.1.0.72:15121|priority:1|startupRole:FOLLOWER]|listeners:[], old=null
2023-09-08 11:19:32,816 [86b604ca-d593-47c1-a869-330a99737efc@group-7C7F1AE0E7D9-LeaderElection21] INFO  impl.LeaderElection (LeaderElection.java:logAndReturn(90)) - 86b604ca-d593-47c1-a869-330a99737efc@group-7C7F1AE0E7D9-LeaderElection21: PRE_VOTE REJECTED received 1 response(s) and 0 exception(s):
2023-09-08 11:19:32,816 [86b604ca-d593-47c1-a869-330a99737efc@group-7C7F1AE0E7D9-LeaderElection21] INFO  impl.LeaderElection (LeaderElection.java:logAndReturn(94)) -   Response 0: 86b604ca-d593-47c1-a869-330a99737efc<-ccde687e-3bc0-46e3-98cf-cb73a4745fdb#0:FAIL-t0
2023-09-08 11:19:32,816 [86b604ca-d593-47c1-a869-330a99737efc@group-7C7F1AE0E7D9-LeaderElection21] INFO  impl.LeaderElection (LeaderElection.java:askForVotes(323)) - 86b604ca-d593-47c1-a869-330a99737efc@group-7C7F1AE0E7D9-LeaderElection21 PRE_VOTE round 0: result REJECTED
2023-09-08 11:19:32,816 [86b604ca-d593-47c1-a869-330a99737efc@group-7C7F1AE0E7D9-LeaderElection21] INFO  server.RaftServer$Division (RaftServerImpl.java:setRole(329)) - 86b604ca-d593-47c1-a869-330a99737efc@group-7C7F1AE0E7D9: changes role from CANDIDATE to FOLLOWER at term 0 for REJECTED
2023-09-08 11:19:32,817 [86b604ca-d593-47c1-a869-330a99737efc@group-7C7F1AE0E7D9-LeaderElection21] INFO  impl.RoleInfo (RoleInfo.java:shutdownLeaderElection(130)) - 86b604ca-d593-47c1-a869-330a99737efc: shutdown 86b604ca-d593-47c1-a869-330a99737efc@group-7C7F1AE0E7D9-LeaderElection21
2023-09-08 11:19:32,817 [86b604ca-d593-47c1-a869-330a99737efc@group-7C7F1AE0E7D9-LeaderElection21] INFO  impl.RoleInfo (RoleInfo.java:updateAndGet(139)) - 86b604ca-d593-47c1-a869-330a99737efc: start 86b604ca-d593-47c1-a869-330a99737efc@group-7C7F1AE0E7D9-FollowerState
2023-09-08 11:19:32,823 [grpc-default-executor-0] INFO  server.RaftServer$Division (RaftServerImpl.java:requestVote(1302)) - 03f108d1-7670-46de-a663-64a53fa7aba7@group-7C7F1AE0E7D9: receive requestVote(PRE_VOTE, 86b604ca-d593-47c1-a869-330a99737efc, group-7C7F1AE0E7D9, 0, (t:0, i:0))
2023-09-08 11:19:32,824 [grpc-default-executor-0] INFO  impl.VoteContext (VoteContext.java:log(49)) - 03f108d1-7670-46de-a663-64a53fa7aba7@group-7C7F1AE0E7D9-FOLLOWER: accept PRE_VOTE from 86b604ca-d593-47c1-a869-330a99737efc: our priority 0 <= candidate's priority 0
2023-09-08 11:19:32,824 [grpc-default-executor-0] INFO  server.RaftServer$Division (RaftServerImpl.java:requestVote(1335)) - 03f108d1-7670-46de-a663-64a53fa7aba7@group-7C7F1AE0E7D9 replies to PRE_VOTE vote request: 86b604ca-d593-47c1-a869-330a99737efc<-03f108d1-7670-46de-a663-64a53fa7aba7#0:OK-t0. Peer's state: 03f108d1-7670-46de-a663-64a53fa7aba7@group-7C7F1AE0E7D9:t0, leader=null, voted=, raftlog=Memoized:03f108d1-7670-46de-a663-64a53fa7aba7@group-7C7F1AE0E7D9-SegmentedRaftLog:OPENED:c-1, conf=-1: peers:[86b604ca-d593-47c1-a869-330a99737efc|rpc:10.1.0.72:15138|admin:10.1.0.72:15137|client:10.1.0.72:15136|dataStream:10.1.0.72:15139|priority:0|startupRole:FOLLOWER, 03f108d1-7670-46de-a663-64a53fa7aba7|rpc:10.1.0.72:15129|admin:10.1.0.72:15128|client:10.1.0.72:15127|dataStream:10.1.0.72:15130|priority:0|startupRole:FOLLOWER, ccde687e-3bc0-46e3-98cf-cb73a4745fdb|rpc:10.1.0.72:15120|admin:10.1.0.72:15119|client:10.1.0.72:15118|dataStream:10.1.0.72:15121|priority:1|startupRole:FOLLOWER]|listeners:[], old=null
2023-09-08 11:19:32,851 [ccde687e-3bc0-46e3-98cf-cb73a4745fdb@group-B81657EA62B4-FollowerState] INFO  impl.FollowerState (FollowerState.java:run(143)) - ccde687e-3bc0-46e3-98cf-cb73a4745fdb@group-B81657EA62B4-FollowerState: change to CANDIDATE, lastRpcElapsedTime:5162506705ns, electionTimeout:5161ms
2023-09-08 11:19:32,851 [ccde687e-3bc0-46e3-98cf-cb73a4745fdb@group-B81657EA62B4-FollowerState] INFO  impl.RoleInfo (RoleInfo.java:shutdownFollowerState(110)) - ccde687e-3bc0-46e3-98cf-cb73a4745fdb: shutdown ccde687e-3bc0-46e3-98cf-cb73a4745fdb@group-B81657EA62B4-FollowerState
2023-09-08 11:19:32,851 [ccde687e-3bc0-46e3-98cf-cb73a4745fdb@group-B81657EA62B4-FollowerState] INFO  server.RaftServer$Division (RaftServerImpl.java:setRole(329)) - ccde687e-3bc0-46e3-98cf-cb73a4745fdb@group-B81657EA62B4: changes role from  FOLLOWER to CANDIDATE at term 0 for changeToCandidate
2023-09-08 11:19:32,851 [ccde687e-3bc0-46e3-98cf-cb73a4745fdb@group-B81657EA62B4-FollowerState] INFO  server.RaftServerConfigKeys (ConfUtils.java:logGet(46)) - raft.server.leaderelection.pre-vote = true (default)
2023-09-08 11:19:32,851 [ccde687e-3bc0-46e3-98cf-cb73a4745fdb@group-B81657EA62B4-FollowerState] INFO  impl.RoleInfo (RoleInfo.java:updateAndGet(139)) - ccde687e-3bc0-46e3-98cf-cb73a4745fdb: start ccde687e-3bc0-46e3-98cf-cb73a4745fdb@group-B81657EA62B4-LeaderElection22
2023-09-08 11:19:32,857 [ccde687e-3bc0-46e3-98cf-cb73a4745fdb@group-B81657EA62B4-LeaderElection22] INFO  impl.LeaderElection (LeaderElection.java:askForVotes(321)) - ccde687e-3bc0-46e3-98cf-cb73a4745fdb@group-B81657EA62B4-LeaderElection22 PRE_VOTE round 0: submit vote requests at term 0 for -1: peers:[ccde687e-3bc0-46e3-98cf-cb73a4745fdb|rpc:10.1.0.72:15120|admin:10.1.0.72:15119|client:10.1.0.72:15118|dataStream:10.1.0.72:15121|priority:1|startupRole:FOLLOWER]|listeners:[], old=null
2023-09-08 11:19:32,857 [ccde687e-3bc0-46e3-98cf-cb73a4745fdb@group-B81657EA62B4-LeaderElection22] INFO  impl.LeaderElection (LeaderElection.java:askForVotes(323)) - ccde687e-3bc0-46e3-98cf-cb73a4745fdb@group-B81657EA62B4-LeaderElection22 PRE_VOTE round 0: result PASSED (term=0)
2023-09-08 11:19:32,861 [ccde687e-3bc0-46e3-98cf-cb73a4745fdb@group-B81657EA62B4-LeaderElection22] INFO  impl.LeaderElection (LeaderElection.java:askForVotes(321)) - ccde687e-3bc0-46e3-98cf-cb73a4745fdb@group-B81657EA62B4-LeaderElection22 ELECTION round 0: submit vote requests at term 1 for -1: peers:[ccde687e-3bc0-46e3-98cf-cb73a4745fdb|rpc:10.1.0.72:15120|admin:10.1.0.72:15119|client:10.1.0.72:15118|dataStream:10.1.0.72:15121|priority:1|startupRole:FOLLOWER]|listeners:[], old=null
2023-09-08 11:19:32,861 [ccde687e-3bc0-46e3-98cf-cb73a4745fdb@group-B81657EA62B4-LeaderElection22] INFO  impl.LeaderElection (LeaderElection.java:askForVotes(323)) - ccde687e-3bc0-46e3-98cf-cb73a4745fdb@group-B81657EA62B4-LeaderElection22 ELECTION round 0: result PASSED (term=1)
2023-09-08 11:19:32,861 [ccde687e-3bc0-46e3-98cf-cb73a4745fdb@group-B81657EA62B4-LeaderElection22] INFO  impl.RoleInfo (RoleInfo.java:shutdownLeaderElection(130)) - ccde687e-3bc0-46e3-98cf-cb73a4745fdb: shutdown ccde687e-3bc0-46e3-98cf-cb73a4745fdb@group-B81657EA62B4-LeaderElection22
2023-09-08 11:19:32,861 [ccde687e-3bc0-46e3-98cf-cb73a4745fdb@group-B81657EA62B4-LeaderElection22] INFO  server.RaftServer$Division (RaftServerImpl.java:setRole(329)) - ccde687e-3bc0-46e3-98cf-cb73a4745fdb@group-B81657EA62B4: changes role from CANDIDATE to LEADER at term 1 for changeToLeader
2023-09-08 11:19:32,861 [ccde687e-3bc0-46e3-98cf-cb73a4745fdb@group-B81657EA62B4-LeaderElection22] INFO  ratis.XceiverServerRatis (XceiverServerRatis.java:handleLeaderChangedNotification(902)) - Leader change notification received for group: group-B81657EA62B4 with new leaderId: ccde687e-3bc0-46e3-98cf-cb73a4745fdb
2023-09-08 11:19:32,862 [ccde687e-3bc0-46e3-98cf-cb73a4745fdb@group-B81657EA62B4-LeaderElection22] INFO  server.RaftServer$Division (ServerState.java:setLeader(317)) - ccde687e-3bc0-46e3-98cf-cb73a4745fdb@group-B81657EA62B4: change Leader from null to ccde687e-3bc0-46e3-98cf-cb73a4745fdb at term 1 for becomeLeader, leader elected after 5192ms
2023-09-08 11:19:32,862 [ccde687e-3bc0-46e3-98cf-cb73a4745fdb@group-B81657EA62B4-LeaderElection22] INFO  server.RaftServerConfigKeys (ConfUtils.java:logGet(46)) - raft.server.staging.catchup.gap = 1000 (default)
2023-09-08 11:19:32,862 [ccde687e-3bc0-46e3-98cf-cb73a4745fdb@group-B81657EA62B4-LeaderElection22] INFO  server.RaftServerConfigKeys (ConfUtils.java:logGet(46)) - raft.server.write.element-limit = 1024 (custom)
2023-09-08 11:19:32,863 [EventQueue-OpenPipelineForHealthyPipelineSafeModeRule] INFO  safemode.SCMSafeModeManager (HealthyPipelineSafeModeRule.java:process(137)) - SCM in safe mode. Healthy pipelines reported count is 0, required healthy pipeline reported count is 1
2023-09-08 11:19:32,863 [ccde687e-3bc0-46e3-98cf-cb73a4745fdb@group-B81657EA62B4-LeaderElection22] INFO  server.RaftServerConfigKeys (ConfUtils.java:logGet(46)) - raft.server.write.byte-limit = 1024 M (=1073741824) (custom)
2023-09-08 11:19:32,863 [ccde687e-3bc0-46e3-98cf-cb73a4745fdb@group-B81657EA62B4-LeaderElection22] INFO  server.RaftServerConfigKeys (ConfUtils.java:logGet(46)) - raft.server.watch.timeout = 180s (custom)
2023-09-08 11:19:32,863 [ccde687e-3bc0-46e3-98cf-cb73a4745fdb@group-B81657EA62B4-LeaderElection22] INFO  server.RaftServerConfigKeys (ConfUtils.java:logGet(46)) - raft.server.watch.timeout.denomination = 1s (default)
2023-09-08 11:19:32,863 [ccde687e-3bc0-46e3-98cf-cb73a4745fdb@group-B81657EA62B4-LeaderElection22] INFO  server.RaftServerConfigKeys (ConfUtils.java:logGet(46)) - raft.server.watch.element-limit = 65536 (default)
2023-09-08 11:19:32,864 [ccde687e-3bc0-46e3-98cf-cb73a4745fdb@group-B81657EA62B4-LeaderElection22] INFO  server.RaftServerConfigKeys (ConfUtils.java:logGet(46)) - raft.server.write.element-limit = 1024 (custom)
2023-09-08 11:19:32,864 [ccde687e-3bc0-46e3-98cf-cb73a4745fdb@group-B81657EA62B4-LeaderElection22] INFO  server.RaftServerConfigKeys (ConfUtils.java:logGet(46)) - raft.server.write.follower.gap.ratio.max = -1.0 (default)
2023-09-08 11:19:32,864 [ccde687e-3bc0-46e3-98cf-cb73a4745fdb@group-B81657EA62B4-LeaderElection22] INFO  impl.RoleInfo (RoleInfo.java:updateAndGet(139)) - ccde687e-3bc0-46e3-98cf-cb73a4745fdb: start ccde687e-3bc0-46e3-98cf-cb73a4745fdb@group-B81657EA62B4-LeaderStateImpl
2023-09-08 11:19:32,864 [ccde687e-3bc0-46e3-98cf-cb73a4745fdb@group-B81657EA62B4-LeaderElection22] INFO  segmented.SegmentedRaftLogWorker (SegmentedRaftLogWorker.java:startLogSegment(447)) - ccde687e-3bc0-46e3-98cf-cb73a4745fdb@group-B81657EA62B4-SegmentedRaftLogWorker: Starting segment from index:0
2023-09-08 11:19:32,868 [ccde687e-3bc0-46e3-98cf-cb73a4745fdb@group-B81657EA62B4-SegmentedRaftLogWorker] INFO  segmented.SegmentedRaftLogWorker (SegmentedRaftLogWorker.java:execute(651)) - ccde687e-3bc0-46e3-98cf-cb73a4745fdb@group-B81657EA62B4-SegmentedRaftLogWorker: created new log segment /home/runner/work/ozone/ozone/hadoop-ozone/integration-test/target/test-dir/MiniOzoneClusterImpl-b03496ff-6041-4009-870e-fb613b325751/datanode-0/data/ratis/12032404-8111-4f99-87d5-b81657ea62b4/current/log_inprogress_0
2023-09-08 11:19:32,868 [ccde687e-3bc0-46e3-98cf-cb73a4745fdb@group-B81657EA62B4-LeaderElection22] INFO  server.RaftServer$Division (ServerState.java:setRaftConf(434)) - ccde687e-3bc0-46e3-98cf-cb73a4745fdb@group-B81657EA62B4: set configuration 0: peers:[ccde687e-3bc0-46e3-98cf-cb73a4745fdb|rpc:10.1.0.72:15120|admin:10.1.0.72:15119|client:10.1.0.72:15118|dataStream:10.1.0.72:15121|priority:1|startupRole:FOLLOWER]|listeners:[], old=null
2023-09-08 11:19:32,877 [ccde687e-3bc0-46e3-98cf-cb73a4745fdb@group-7C7F1AE0E7D9-FollowerState] INFO  impl.FollowerState (FollowerState.java:run(143)) - ccde687e-3bc0-46e3-98cf-cb73a4745fdb@group-7C7F1AE0E7D9-FollowerState: change to CANDIDATE, lastRpcElapsedTime:5166696138ns, electionTimeout:5164ms
2023-09-08 11:19:32,877 [ccde687e-3bc0-46e3-98cf-cb73a4745fdb@group-7C7F1AE0E7D9-FollowerState] INFO  impl.RoleInfo (RoleInfo.java:shutdownFollowerState(110)) - ccde687e-3bc0-46e3-98cf-cb73a4745fdb: shutdown ccde687e-3bc0-46e3-98cf-cb73a4745fdb@group-7C7F1AE0E7D9-FollowerState
2023-09-08 11:19:32,877 [ccde687e-3bc0-46e3-98cf-cb73a4745fdb@group-7C7F1AE0E7D9-FollowerState] INFO  server.RaftServer$Division (RaftServerImpl.java:setRole(329)) - ccde687e-3bc0-46e3-98cf-cb73a4745fdb@group-7C7F1AE0E7D9: changes role from  FOLLOWER to CANDIDATE at term 0 for changeToCandidate
2023-09-08 11:19:32,877 [ccde687e-3bc0-46e3-98cf-cb73a4745fdb@group-7C7F1AE0E7D9-FollowerState] INFO  server.RaftServerConfigKeys (ConfUtils.java:logGet(46)) - raft.server.leaderelection.pre-vote = true (default)
2023-09-08 11:19:32,877 [ccde687e-3bc0-46e3-98cf-cb73a4745fdb@group-7C7F1AE0E7D9-FollowerState] INFO  impl.RoleInfo (RoleInfo.java:updateAndGet(139)) - ccde687e-3bc0-46e3-98cf-cb73a4745fdb: start ccde687e-3bc0-46e3-98cf-cb73a4745fdb@group-7C7F1AE0E7D9-LeaderElection23
2023-09-08 11:19:32,884 [ccde687e-3bc0-46e3-98cf-cb73a4745fdb@group-02558DD72F89-FollowerState] INFO  impl.FollowerState (FollowerState.java:run(143)) - ccde687e-3bc0-46e3-98cf-cb73a4745fdb@group-02558DD72F89-FollowerState: change to CANDIDATE, lastRpcElapsedTime:5027810823ns, electionTimeout:5025ms
2023-09-08 11:19:32,884 [ccde687e-3bc0-46e3-98cf-cb73a4745fdb@group-02558DD72F89-FollowerState] INFO  impl.RoleInfo (RoleInfo.java:shutdownFollowerState(110)) - ccde687e-3bc0-46e3-98cf-cb73a4745fdb: shutdown ccde687e-3bc0-46e3-98cf-cb73a4745fdb@group-02558DD72F89-FollowerState
2023-09-08 11:19:32,884 [ccde687e-3bc0-46e3-98cf-cb73a4745fdb@group-7C7F1AE0E7D9-LeaderElection23] INFO  impl.LeaderElection (LeaderElection.java:askForVotes(321)) - ccde687e-3bc0-46e3-98cf-cb73a4745fdb@group-7C7F1AE0E7D9-LeaderElection23 PRE_VOTE round 0: submit vote requests at term 0 for -1: peers:[86b604ca-d593-47c1-a869-330a99737efc|rpc:10.1.0.72:15138|admin:10.1.0.72:15137|client:10.1.0.72:15136|dataStream:10.1.0.72:15139|priority:0|startupRole:FOLLOWER, 03f108d1-7670-46de-a663-64a53fa7aba7|rpc:10.1.0.72:15129|admin:10.1.0.72:15128|client:10.1.0.72:15127|dataStream:10.1.0.72:15130|priority:0|startupRole:FOLLOWER, ccde687e-3bc0-46e3-98cf-cb73a4745fdb|rpc:10.1.0.72:15120|admin:10.1.0.72:15119|client:10.1.0.72:15118|dataStream:10.1.0.72:15121|priority:1|startupRole:FOLLOWER]|listeners:[], old=null
2023-09-08 11:19:32,884 [ccde687e-3bc0-46e3-98cf-cb73a4745fdb@group-02558DD72F89-FollowerState] INFO  server.RaftServer$Division (RaftServerImpl.java:setRole(329)) - ccde687e-3bc0-46e3-98cf-cb73a4745fdb@group-02558DD72F89: changes role from  FOLLOWER to CANDIDATE at term 0 for changeToCandidate
2023-09-08 11:19:32,884 [ccde687e-3bc0-46e3-98cf-cb73a4745fdb@group-02558DD72F89-FollowerState] INFO  server.RaftServerConfigKeys (ConfUtils.java:logGet(46)) - raft.server.leaderelection.pre-vote = true (default)
2023-09-08 11:19:32,884 [ccde687e-3bc0-46e3-98cf-cb73a4745fdb@group-02558DD72F89-FollowerState] INFO  impl.RoleInfo (RoleInfo.java:updateAndGet(139)) - ccde687e-3bc0-46e3-98cf-cb73a4745fdb: start ccde687e-3bc0-46e3-98cf-cb73a4745fdb@group-02558DD72F89-LeaderElection24
2023-09-08 11:19:32,887 [ccde687e-3bc0-46e3-98cf-cb73a4745fdb@group-7C7F1AE0E7D9-LeaderElection23] INFO  server.RaftServerConfigKeys (ConfUtils.java:logFallback(53)) - raft.server.rpc.first-election.timeout.min = 5s (fallback to raft.server.rpc.timeout.min)
2023-09-08 11:19:32,887 [ccde687e-3bc0-46e3-98cf-cb73a4745fdb@group-7C7F1AE0E7D9-LeaderElection23] INFO  server.RaftServerConfigKeys (ConfUtils.java:logFallback(53)) - raft.server.rpc.first-election.timeout.max = 5200ms (fallback to raft.server.rpc.timeout.max)
2023-09-08 11:19:32,887 [ccde687e-3bc0-46e3-98cf-cb73a4745fdb@group-7C7F1AE0E7D9-LeaderElection23-1] INFO  server.GrpcServerProtocolClient (GrpcServerProtocolClient.java:<init>(65)) - Build channel for 86b604ca-d593-47c1-a869-330a99737efc
2023-09-08 11:19:32,888 [ccde687e-3bc0-46e3-98cf-cb73a4745fdb@group-02558DD72F89-LeaderElection24] INFO  impl.LeaderElection (LeaderElection.java:askForVotes(321)) - ccde687e-3bc0-46e3-98cf-cb73a4745fdb@group-02558DD72F89-LeaderElection24 PRE_VOTE round 0: submit vote requests at term 0 for -1: peers:[86b604ca-d593-47c1-a869-330a99737efc|rpc:10.1.0.72:15138|admin:10.1.0.72:15137|client:10.1.0.72:15136|dataStream:10.1.0.72:15139|priority:1|startupRole:FOLLOWER, 03f108d1-7670-46de-a663-64a53fa7aba7|rpc:10.1.0.72:15129|admin:10.1.0.72:15128|client:10.1.0.72:15127|dataStream:10.1.0.72:15130|priority:0|startupRole:FOLLOWER, ccde687e-3bc0-46e3-98cf-cb73a4745fdb|rpc:10.1.0.72:15120|admin:10.1.0.72:15119|client:10.1.0.72:15118|dataStream:10.1.0.72:15121|priority:0|startupRole:FOLLOWER]|listeners:[], old=null
2023-09-08 11:19:32,891 [ccde687e-3bc0-46e3-98cf-cb73a4745fdb@group-7C7F1AE0E7D9-LeaderElection23-2] INFO  server.GrpcServerProtocolClient (GrpcServerProtocolClient.java:<init>(65)) - Build channel for 03f108d1-7670-46de-a663-64a53fa7aba7
2023-09-08 11:19:32,895 [ccde687e-3bc0-46e3-98cf-cb73a4745fdb@group-02558DD72F89-LeaderElection24] INFO  server.RaftServerConfigKeys (ConfUtils.java:logFallback(53)) - raft.server.rpc.first-election.timeout.min = 5s (fallback to raft.server.rpc.timeout.min)
2023-09-08 11:19:32,895 [ccde687e-3bc0-46e3-98cf-cb73a4745fdb@group-02558DD72F89-LeaderElection24] INFO  server.RaftServerConfigKeys (ConfUtils.java:logFallback(53)) - raft.server.rpc.first-election.timeout.max = 5200ms (fallback to raft.server.rpc.timeout.max)
2023-09-08 11:19:32,907 [grpc-default-executor-0] INFO  server.RaftServer$Division (RaftServerImpl.java:requestVote(1302)) - 86b604ca-d593-47c1-a869-330a99737efc@group-02558DD72F89: receive requestVote(PRE_VOTE, ccde687e-3bc0-46e3-98cf-cb73a4745fdb, group-02558DD72F89, 0, (t:0, i:0))
2023-09-08 11:19:32,907 [grpc-default-executor-0] INFO  impl.VoteContext (VoteContext.java:log(49)) - 86b604ca-d593-47c1-a869-330a99737efc@group-02558DD72F89-FOLLOWER: reject PRE_VOTE from ccde687e-3bc0-46e3-98cf-cb73a4745fdb: our priority 1 > candidate's priority 0
2023-09-08 11:19:32,907 [grpc-default-executor-0] INFO  server.RaftServer$Division (RaftServerImpl.java:requestVote(1335)) - 86b604ca-d593-47c1-a869-330a99737efc@group-02558DD72F89 replies to PRE_VOTE vote request: ccde687e-3bc0-46e3-98cf-cb73a4745fdb<-86b604ca-d593-47c1-a869-330a99737efc#0:FAIL-t0. Peer's state: 86b604ca-d593-47c1-a869-330a99737efc@group-02558DD72F89:t0, leader=null, voted=, raftlog=Memoized:86b604ca-d593-47c1-a869-330a99737efc@group-02558DD72F89-SegmentedRaftLog:OPENED:c-1, conf=-1: peers:[86b604ca-d593-47c1-a869-330a99737efc|rpc:10.1.0.72:15138|admin:10.1.0.72:15137|client:10.1.0.72:15136|dataStream:10.1.0.72:15139|priority:1|startupRole:FOLLOWER, 03f108d1-7670-46de-a663-64a53fa7aba7|rpc:10.1.0.72:15129|admin:10.1.0.72:15128|client:10.1.0.72:15127|dataStream:10.1.0.72:15130|priority:0|startupRole:FOLLOWER, ccde687e-3bc0-46e3-98cf-cb73a4745fdb|rpc:10.1.0.72:15120|admin:10.1.0.72:15119|client:10.1.0.72:15118|dataStream:10.1.0.72:15121|priority:0|startupRole:FOLLOWER]|listeners:[], old=null
2023-09-08 11:19:32,913 [ccde687e-3bc0-46e3-98cf-cb73a4745fdb@group-02558DD72F89-LeaderElection24] INFO  impl.LeaderElection (LeaderElection.java:logAndReturn(90)) - ccde687e-3bc0-46e3-98cf-cb73a4745fdb@group-02558DD72F89-LeaderElection24: PRE_VOTE REJECTED received 1 response(s) and 0 exception(s):
2023-09-08 11:19:32,913 [ccde687e-3bc0-46e3-98cf-cb73a4745fdb@group-02558DD72F89-LeaderElection24] INFO  impl.LeaderElection (LeaderElection.java:logAndReturn(94)) -   Response 0: ccde687e-3bc0-46e3-98cf-cb73a4745fdb<-86b604ca-d593-47c1-a869-330a99737efc#0:FAIL-t0
2023-09-08 11:19:32,913 [ccde687e-3bc0-46e3-98cf-cb73a4745fdb@group-02558DD72F89-LeaderElection24] INFO  impl.LeaderElection (LeaderElection.java:askForVotes(323)) - ccde687e-3bc0-46e3-98cf-cb73a4745fdb@group-02558DD72F89-LeaderElection24 PRE_VOTE round 0: result REJECTED
2023-09-08 11:19:32,913 [ccde687e-3bc0-46e3-98cf-cb73a4745fdb@group-02558DD72F89-LeaderElection24] INFO  server.RaftServer$Division (RaftServerImpl.java:setRole(329)) - ccde687e-3bc0-46e3-98cf-cb73a4745fdb@group-02558DD72F89: changes role from CANDIDATE to FOLLOWER at term 0 for REJECTED
2023-09-08 11:19:32,913 [ccde687e-3bc0-46e3-98cf-cb73a4745fdb@group-02558DD72F89-LeaderElection24] INFO  impl.RoleInfo (RoleInfo.java:shutdownLeaderElection(130)) - ccde687e-3bc0-46e3-98cf-cb73a4745fdb: shutdown ccde687e-3bc0-46e3-98cf-cb73a4745fdb@group-02558DD72F89-LeaderElection24
2023-09-08 11:19:32,913 [ccde687e-3bc0-46e3-98cf-cb73a4745fdb@group-02558DD72F89-LeaderElection24] INFO  impl.RoleInfo (RoleInfo.java:updateAndGet(139)) - ccde687e-3bc0-46e3-98cf-cb73a4745fdb: start ccde687e-3bc0-46e3-98cf-cb73a4745fdb@group-02558DD72F89-FollowerState
2023-09-08 11:19:32,920 [grpc-default-executor-0] INFO  server.RaftServer$Division (RaftServerImpl.java:requestVote(1302)) - 86b604ca-d593-47c1-a869-330a99737efc@group-7C7F1AE0E7D9: receive requestVote(PRE_VOTE, ccde687e-3bc0-46e3-98cf-cb73a4745fdb, group-7C7F1AE0E7D9, 0, (t:0, i:0))
2023-09-08 11:19:32,920 [grpc-default-executor-0] INFO  impl.VoteContext (VoteContext.java:log(49)) - 86b604ca-d593-47c1-a869-330a99737efc@group-7C7F1AE0E7D9-FOLLOWER: accept PRE_VOTE from ccde687e-3bc0-46e3-98cf-cb73a4745fdb: our priority 0 <= candidate's priority 1
2023-09-08 11:19:32,920 [grpc-default-executor-0] INFO  server.RaftServer$Division (RaftServerImpl.java:requestVote(1335)) - 86b604ca-d593-47c1-a869-330a99737efc@group-7C7F1AE0E7D9 replies to PRE_VOTE vote request: ccde687e-3bc0-46e3-98cf-cb73a4745fdb<-86b604ca-d593-47c1-a869-330a99737efc#0:OK-t0. Peer's state: 86b604ca-d593-47c1-a869-330a99737efc@group-7C7F1AE0E7D9:t0, leader=null, voted=, raftlog=Memoized:86b604ca-d593-47c1-a869-330a99737efc@group-7C7F1AE0E7D9-SegmentedRaftLog:OPENED:c-1, conf=-1: peers:[86b604ca-d593-47c1-a869-330a99737efc|rpc:10.1.0.72:15138|admin:10.1.0.72:15137|client:10.1.0.72:15136|dataStream:10.1.0.72:15139|priority:0|startupRole:FOLLOWER, 03f108d1-7670-46de-a663-64a53fa7aba7|rpc:10.1.0.72:15129|admin:10.1.0.72:15128|client:10.1.0.72:15127|dataStream:10.1.0.72:15130|priority:0|startupRole:FOLLOWER, ccde687e-3bc0-46e3-98cf-cb73a4745fdb|rpc:10.1.0.72:15120|admin:10.1.0.72:15119|client:10.1.0.72:15118|dataStream:10.1.0.72:15121|priority:1|startupRole:FOLLOWER]|listeners:[], old=null
2023-09-08 11:19:32,929 [ccde687e-3bc0-46e3-98cf-cb73a4745fdb@group-7C7F1AE0E7D9-LeaderElection23] INFO  impl.LeaderElection (LeaderElection.java:logAndReturn(90)) - ccde687e-3bc0-46e3-98cf-cb73a4745fdb@group-7C7F1AE0E7D9-LeaderElection23: PRE_VOTE PASSED received 1 response(s) and 0 exception(s):
2023-09-08 11:19:32,929 [ccde687e-3bc0-46e3-98cf-cb73a4745fdb@group-7C7F1AE0E7D9-LeaderElection23] INFO  impl.LeaderElection (LeaderElection.java:logAndReturn(94)) -   Response 0: ccde687e-3bc0-46e3-98cf-cb73a4745fdb<-86b604ca-d593-47c1-a869-330a99737efc#0:OK-t0
2023-09-08 11:19:32,929 [ccde687e-3bc0-46e3-98cf-cb73a4745fdb@group-7C7F1AE0E7D9-LeaderElection23] INFO  impl.LeaderElection (LeaderElection.java:askForVotes(323)) - ccde687e-3bc0-46e3-98cf-cb73a4745fdb@group-7C7F1AE0E7D9-LeaderElection23 PRE_VOTE round 0: result PASSED
2023-09-08 11:19:32,931 [ccde687e-3bc0-46e3-98cf-cb73a4745fdb@group-7C7F1AE0E7D9-LeaderElection23] INFO  impl.LeaderElection (LeaderElection.java:askForVotes(321)) - ccde687e-3bc0-46e3-98cf-cb73a4745fdb@group-7C7F1AE0E7D9-LeaderElection23 ELECTION round 0: submit vote requests at term 1 for -1: peers:[86b604ca-d593-47c1-a869-330a99737efc|rpc:10.1.0.72:15138|admin:10.1.0.72:15137|client:10.1.0.72:15136|dataStream:10.1.0.72:15139|priority:0|startupRole:FOLLOWER, 03f108d1-7670-46de-a663-64a53fa7aba7|rpc:10.1.0.72:15129|admin:10.1.0.72:15128|client:10.1.0.72:15127|dataStream:10.1.0.72:15130|priority:0|startupRole:FOLLOWER, ccde687e-3bc0-46e3-98cf-cb73a4745fdb|rpc:10.1.0.72:15120|admin:10.1.0.72:15119|client:10.1.0.72:15118|dataStream:10.1.0.72:15121|priority:1|startupRole:FOLLOWER]|listeners:[], old=null
2023-09-08 11:19:32,942 [grpc-default-executor-1] INFO  server.RaftServer$Division (RaftServerImpl.java:requestVote(1302)) - 03f108d1-7670-46de-a663-64a53fa7aba7@group-02558DD72F89: receive requestVote(PRE_VOTE, ccde687e-3bc0-46e3-98cf-cb73a4745fdb, group-02558DD72F89, 0, (t:0, i:0))
2023-09-08 11:19:32,942 [grpc-default-executor-0] INFO  server.RaftServer$Division (RaftServerImpl.java:requestVote(1302)) - 03f108d1-7670-46de-a663-64a53fa7aba7@group-7C7F1AE0E7D9: receive requestVote(PRE_VOTE, ccde687e-3bc0-46e3-98cf-cb73a4745fdb, group-7C7F1AE0E7D9, 0, (t:0, i:0))
2023-09-08 11:19:32,943 [grpc-default-executor-1] INFO  impl.VoteContext (VoteContext.java:log(49)) - 03f108d1-7670-46de-a663-64a53fa7aba7@group-02558DD72F89-FOLLOWER: accept PRE_VOTE from ccde687e-3bc0-46e3-98cf-cb73a4745fdb: our priority 0 <= candidate's priority 0
2023-09-08 11:19:32,943 [grpc-default-executor-0] INFO  impl.VoteContext (VoteContext.java:log(49)) - 03f108d1-7670-46de-a663-64a53fa7aba7@group-7C7F1AE0E7D9-FOLLOWER: accept PRE_VOTE from ccde687e-3bc0-46e3-98cf-cb73a4745fdb: our priority 0 <= candidate's priority 1
2023-09-08 11:19:32,943 [grpc-default-executor-1] INFO  server.RaftServer$Division (RaftServerImpl.java:requestVote(1335)) - 03f108d1-7670-46de-a663-64a53fa7aba7@group-02558DD72F89 replies to PRE_VOTE vote request: ccde687e-3bc0-46e3-98cf-cb73a4745fdb<-03f108d1-7670-46de-a663-64a53fa7aba7#0:OK-t0. Peer's state: 03f108d1-7670-46de-a663-64a53fa7aba7@group-02558DD72F89:t0, leader=null, voted=, raftlog=Memoized:03f108d1-7670-46de-a663-64a53fa7aba7@group-02558DD72F89-SegmentedRaftLog:OPENED:c-1, conf=-1: peers:[86b604ca-d593-47c1-a869-330a99737efc|rpc:10.1.0.72:15138|admin:10.1.0.72:15137|client:10.1.0.72:15136|dataStream:10.1.0.72:15139|priority:1|startupRole:FOLLOWER, 03f108d1-7670-46de-a663-64a53fa7aba7|rpc:10.1.0.72:15129|admin:10.1.0.72:15128|client:10.1.0.72:15127|dataStream:10.1.0.72:15130|priority:0|startupRole:FOLLOWER, ccde687e-3bc0-46e3-98cf-cb73a4745fdb|rpc:10.1.0.72:15120|admin:10.1.0.72:15119|client:10.1.0.72:15118|dataStream:10.1.0.72:15121|priority:0|startupRole:FOLLOWER]|listeners:[], old=null
2023-09-08 11:19:32,943 [grpc-default-executor-0] INFO  server.RaftServer$Division (RaftServerImpl.java:requestVote(1335)) - 03f108d1-7670-46de-a663-64a53fa7aba7@group-7C7F1AE0E7D9 replies to PRE_VOTE vote request: ccde687e-3bc0-46e3-98cf-cb73a4745fdb<-03f108d1-7670-46de-a663-64a53fa7aba7#0:OK-t0. Peer's state: 03f108d1-7670-46de-a663-64a53fa7aba7@group-7C7F1AE0E7D9:t0, leader=null, voted=, raftlog=Memoized:03f108d1-7670-46de-a663-64a53fa7aba7@group-7C7F1AE0E7D9-SegmentedRaftLog:OPENED:c-1, conf=-1: peers:[86b604ca-d593-47c1-a869-330a99737efc|rpc:10.1.0.72:15138|admin:10.1.0.72:15137|client:10.1.0.72:15136|dataStream:10.1.0.72:15139|priority:0|startupRole:FOLLOWER, 03f108d1-7670-46de-a663-64a53fa7aba7|rpc:10.1.0.72:15129|admin:10.1.0.72:15128|client:10.1.0.72:15127|dataStream:10.1.0.72:15130|priority:0|startupRole:FOLLOWER, ccde687e-3bc0-46e3-98cf-cb73a4745fdb|rpc:10.1.0.72:15120|admin:10.1.0.72:15119|client:10.1.0.72:15118|dataStream:10.1.0.72:15121|priority:1|startupRole:FOLLOWER]|listeners:[], old=null
2023-09-08 11:19:32,943 [ccde687e-3bc0-46e3-98cf-cb73a4745fdb@group-7C7F1AE0E7D9-LeaderElection23] INFO  server.RaftServerConfigKeys (ConfUtils.java:logFallback(53)) - raft.server.rpc.first-election.timeout.min = 5s (fallback to raft.server.rpc.timeout.min)
2023-09-08 11:19:32,944 [ccde687e-3bc0-46e3-98cf-cb73a4745fdb@group-7C7F1AE0E7D9-LeaderElection23] INFO  server.RaftServerConfigKeys (ConfUtils.java:logFallback(53)) - raft.server.rpc.first-election.timeout.max = 5200ms (fallback to raft.server.rpc.timeout.max)
2023-09-08 11:19:32,956 [03f108d1-7670-46de-a663-64a53fa7aba7@group-7C7F1AE0E7D9-FollowerState] INFO  server.RaftServerConfigKeys (ConfUtils.java:logFallback(53)) - raft.server.rpc.first-election.timeout.min = 5s (fallback to raft.server.rpc.timeout.min)
2023-09-08 11:19:32,956 [03f108d1-7670-46de-a663-64a53fa7aba7@group-7C7F1AE0E7D9-FollowerState] INFO  server.RaftServerConfigKeys (ConfUtils.java:logFallback(53)) - raft.server.rpc.first-election.timeout.max = 5200ms (fallback to raft.server.rpc.timeout.max)
2023-09-08 11:19:32,960 [grpc-default-executor-0] INFO  server.RaftServer$Division (RaftServerImpl.java:requestVote(1302)) - 86b604ca-d593-47c1-a869-330a99737efc@group-7C7F1AE0E7D9: receive requestVote(ELECTION, ccde687e-3bc0-46e3-98cf-cb73a4745fdb, group-7C7F1AE0E7D9, 1, (t:0, i:0))
2023-09-08 11:19:32,960 [grpc-default-executor-0] INFO  impl.VoteContext (VoteContext.java:log(49)) - 86b604ca-d593-47c1-a869-330a99737efc@group-7C7F1AE0E7D9-FOLLOWER: accept ELECTION from ccde687e-3bc0-46e3-98cf-cb73a4745fdb: our priority 0 <= candidate's priority 1
2023-09-08 11:19:32,961 [grpc-default-executor-0] INFO  server.RaftServer$Division (RaftServerImpl.java:setRole(329)) - 86b604ca-d593-47c1-a869-330a99737efc@group-7C7F1AE0E7D9: changes role from  FOLLOWER to FOLLOWER at term 1 for candidate:ccde687e-3bc0-46e3-98cf-cb73a4745fdb
2023-09-08 11:19:32,961 [grpc-default-executor-0] INFO  impl.RoleInfo (RoleInfo.java:shutdownFollowerState(110)) - 86b604ca-d593-47c1-a869-330a99737efc: shutdown 86b604ca-d593-47c1-a869-330a99737efc@group-7C7F1AE0E7D9-FollowerState
2023-09-08 11:19:32,961 [grpc-default-executor-0] INFO  impl.RoleInfo (RoleInfo.java:updateAndGet(139)) - 86b604ca-d593-47c1-a869-330a99737efc: start 86b604ca-d593-47c1-a869-330a99737efc@group-7C7F1AE0E7D9-FollowerState
2023-09-08 11:19:32,961 [86b604ca-d593-47c1-a869-330a99737efc@group-7C7F1AE0E7D9-FollowerState] INFO  impl.FollowerState (FollowerState.java:run(152)) - 86b604ca-d593-47c1-a869-330a99737efc@group-7C7F1AE0E7D9-FollowerState was interrupted
2023-09-08 11:19:32,962 [grpc-default-executor-2] INFO  server.RaftServer$Division (RaftServerImpl.java:requestVote(1302)) - 03f108d1-7670-46de-a663-64a53fa7aba7@group-7C7F1AE0E7D9: receive requestVote(ELECTION, ccde687e-3bc0-46e3-98cf-cb73a4745fdb, group-7C7F1AE0E7D9, 1, (t:0, i:0))
2023-09-08 11:19:32,962 [grpc-default-executor-2] INFO  impl.VoteContext (VoteContext.java:log(49)) - 03f108d1-7670-46de-a663-64a53fa7aba7@group-7C7F1AE0E7D9-FOLLOWER: accept ELECTION from ccde687e-3bc0-46e3-98cf-cb73a4745fdb: our priority 0 <= candidate's priority 1
2023-09-08 11:19:32,962 [grpc-default-executor-2] INFO  server.RaftServer$Division (RaftServerImpl.java:setRole(329)) - 03f108d1-7670-46de-a663-64a53fa7aba7@group-7C7F1AE0E7D9: changes role from  FOLLOWER to FOLLOWER at term 1 for candidate:ccde687e-3bc0-46e3-98cf-cb73a4745fdb
2023-09-08 11:19:32,962 [grpc-default-executor-2] INFO  impl.RoleInfo (RoleInfo.java:shutdownFollowerState(110)) - 03f108d1-7670-46de-a663-64a53fa7aba7: shutdown 03f108d1-7670-46de-a663-64a53fa7aba7@group-7C7F1AE0E7D9-FollowerState
2023-09-08 11:19:32,963 [03f108d1-7670-46de-a663-64a53fa7aba7@group-7C7F1AE0E7D9-FollowerState] INFO  impl.FollowerState (FollowerState.java:run(152)) - 03f108d1-7670-46de-a663-64a53fa7aba7@group-7C7F1AE0E7D9-FollowerState was interrupted
2023-09-08 11:19:32,965 [grpc-default-executor-2] INFO  impl.RoleInfo (RoleInfo.java:updateAndGet(139)) - 03f108d1-7670-46de-a663-64a53fa7aba7: start 03f108d1-7670-46de-a663-64a53fa7aba7@group-7C7F1AE0E7D9-FollowerState
2023-09-08 11:19:32,967 [grpc-default-executor-0] INFO  server.RaftServer$Division (RaftServerImpl.java:requestVote(1335)) - 86b604ca-d593-47c1-a869-330a99737efc@group-7C7F1AE0E7D9 replies to ELECTION vote request: ccde687e-3bc0-46e3-98cf-cb73a4745fdb<-86b604ca-d593-47c1-a869-330a99737efc#0:OK-t1. Peer's state: 86b604ca-d593-47c1-a869-330a99737efc@group-7C7F1AE0E7D9:t1, leader=null, voted=ccde687e-3bc0-46e3-98cf-cb73a4745fdb, raftlog=Memoized:86b604ca-d593-47c1-a869-330a99737efc@group-7C7F1AE0E7D9-SegmentedRaftLog:OPENED:c-1, conf=-1: peers:[86b604ca-d593-47c1-a869-330a99737efc|rpc:10.1.0.72:15138|admin:10.1.0.72:15137|client:10.1.0.72:15136|dataStream:10.1.0.72:15139|priority:0|startupRole:FOLLOWER, 03f108d1-7670-46de-a663-64a53fa7aba7|rpc:10.1.0.72:15129|admin:10.1.0.72:15128|client:10.1.0.72:15127|dataStream:10.1.0.72:15130|priority:0|startupRole:FOLLOWER, ccde687e-3bc0-46e3-98cf-cb73a4745fdb|rpc:10.1.0.72:15120|admin:10.1.0.72:15119|client:10.1.0.72:15118|dataStream:10.1.0.72:15121|priority:1|startupRole:FOLLOWER]|listeners:[], old=null
2023-09-08 11:19:32,969 [ccde687e-3bc0-46e3-98cf-cb73a4745fdb@group-7C7F1AE0E7D9-LeaderElection23] INFO  impl.LeaderElection (LeaderElection.java:logAndReturn(90)) - ccde687e-3bc0-46e3-98cf-cb73a4745fdb@group-7C7F1AE0E7D9-LeaderElection23: ELECTION PASSED received 1 response(s) and 0 exception(s):
2023-09-08 11:19:32,969 [ccde687e-3bc0-46e3-98cf-cb73a4745fdb@group-7C7F1AE0E7D9-LeaderElection23] INFO  impl.LeaderElection (LeaderElection.java:logAndReturn(94)) -   Response 0: ccde687e-3bc0-46e3-98cf-cb73a4745fdb<-86b604ca-d593-47c1-a869-330a99737efc#0:OK-t1
2023-09-08 11:19:32,969 [ccde687e-3bc0-46e3-98cf-cb73a4745fdb@group-7C7F1AE0E7D9-LeaderElection23] INFO  impl.LeaderElection (LeaderElection.java:askForVotes(323)) - ccde687e-3bc0-46e3-98cf-cb73a4745fdb@group-7C7F1AE0E7D9-LeaderElection23 ELECTION round 0: result PASSED
2023-09-08 11:19:32,969 [ccde687e-3bc0-46e3-98cf-cb73a4745fdb@group-7C7F1AE0E7D9-LeaderElection23] INFO  impl.RoleInfo (RoleInfo.java:shutdownLeaderElection(130)) - ccde687e-3bc0-46e3-98cf-cb73a4745fdb: shutdown ccde687e-3bc0-46e3-98cf-cb73a4745fdb@group-7C7F1AE0E7D9-LeaderElection23
2023-09-08 11:19:32,969 [ccde687e-3bc0-46e3-98cf-cb73a4745fdb@group-7C7F1AE0E7D9-LeaderElection23] INFO  server.RaftServer$Division (RaftServerImpl.java:setRole(329)) - ccde687e-3bc0-46e3-98cf-cb73a4745fdb@group-7C7F1AE0E7D9: changes role from CANDIDATE to LEADER at term 1 for changeToLeader
2023-09-08 11:19:32,969 [ccde687e-3bc0-46e3-98cf-cb73a4745fdb@group-7C7F1AE0E7D9-LeaderElection23] INFO  ratis.XceiverServerRatis (XceiverServerRatis.java:handleLeaderChangedNotification(902)) - Leader change notification received for group: group-7C7F1AE0E7D9 with new leaderId: ccde687e-3bc0-46e3-98cf-cb73a4745fdb
2023-09-08 11:19:32,969 [ccde687e-3bc0-46e3-98cf-cb73a4745fdb@group-7C7F1AE0E7D9-LeaderElection23] INFO  server.RaftServer$Division (ServerState.java:setLeader(317)) - ccde687e-3bc0-46e3-98cf-cb73a4745fdb@group-7C7F1AE0E7D9: change Leader from null to ccde687e-3bc0-46e3-98cf-cb73a4745fdb at term 1 for becomeLeader, leader elected after 5277ms
2023-09-08 11:19:32,969 [ccde687e-3bc0-46e3-98cf-cb73a4745fdb@group-7C7F1AE0E7D9-LeaderElection23] INFO  server.RaftServerConfigKeys (ConfUtils.java:logGet(46)) - raft.server.staging.catchup.gap = 1000 (default)
2023-09-08 11:19:32,970 [ccde687e-3bc0-46e3-98cf-cb73a4745fdb@group-7C7F1AE0E7D9-LeaderElection23] INFO  server.RaftServerConfigKeys (ConfUtils.java:logGet(46)) - raft.server.write.element-limit = 1024 (custom)
2023-09-08 11:19:32,970 [ccde687e-3bc0-46e3-98cf-cb73a4745fdb@group-7C7F1AE0E7D9-LeaderElection23] INFO  server.RaftServerConfigKeys (ConfUtils.java:logGet(46)) - raft.server.write.byte-limit = 1024 M (=1073741824) (custom)
2023-09-08 11:19:32,970 [ccde687e-3bc0-46e3-98cf-cb73a4745fdb@group-7C7F1AE0E7D9-LeaderElection23] INFO  server.RaftServerConfigKeys (ConfUtils.java:logGet(46)) - raft.server.watch.timeout = 180s (custom)
2023-09-08 11:19:32,970 [ccde687e-3bc0-46e3-98cf-cb73a4745fdb@group-7C7F1AE0E7D9-LeaderElection23] INFO  server.RaftServerConfigKeys (ConfUtils.java:logGet(46)) - raft.server.watch.timeout.denomination = 1s (default)
2023-09-08 11:19:32,970 [ccde687e-3bc0-46e3-98cf-cb73a4745fdb@group-7C7F1AE0E7D9-LeaderElection23] INFO  server.RaftServerConfigKeys (ConfUtils.java:logGet(46)) - raft.server.watch.element-limit = 65536 (default)
2023-09-08 11:19:32,970 [ccde687e-3bc0-46e3-98cf-cb73a4745fdb@group-7C7F1AE0E7D9-LeaderElection23] INFO  server.RaftServerConfigKeys (ConfUtils.java:logGet(46)) - raft.server.write.element-limit = 1024 (custom)
2023-09-08 11:19:32,970 [ccde687e-3bc0-46e3-98cf-cb73a4745fdb@group-7C7F1AE0E7D9-LeaderElection23] INFO  server.RaftServerConfigKeys (ConfUtils.java:logGet(46)) - raft.server.write.follower.gap.ratio.max = -1.0 (default)
2023-09-08 11:19:32,973 [grpc-default-executor-2] INFO  server.RaftServer$Division (RaftServerImpl.java:requestVote(1335)) - 03f108d1-7670-46de-a663-64a53fa7aba7@group-7C7F1AE0E7D9 replies to ELECTION vote request: ccde687e-3bc0-46e3-98cf-cb73a4745fdb<-03f108d1-7670-46de-a663-64a53fa7aba7#0:OK-t1. Peer's state: 03f108d1-7670-46de-a663-64a53fa7aba7@group-7C7F1AE0E7D9:t1, leader=null, voted=ccde687e-3bc0-46e3-98cf-cb73a4745fdb, raftlog=Memoized:03f108d1-7670-46de-a663-64a53fa7aba7@group-7C7F1AE0E7D9-SegmentedRaftLog:OPENED:c-1, conf=-1: peers:[86b604ca-d593-47c1-a869-330a99737efc|rpc:10.1.0.72:15138|admin:10.1.0.72:15137|client:10.1.0.72:15136|dataStream:10.1.0.72:15139|priority:0|startupRole:FOLLOWER, 03f108d1-7670-46de-a663-64a53fa7aba7|rpc:10.1.0.72:15129|admin:10.1.0.72:15128|client:10.1.0.72:15127|dataStream:10.1.0.72:15130|priority:0|startupRole:FOLLOWER, ccde687e-3bc0-46e3-98cf-cb73a4745fdb|rpc:10.1.0.72:15120|admin:10.1.0.72:15119|client:10.1.0.72:15118|dataStream:10.1.0.72:15121|priority:1|startupRole:FOLLOWER]|listeners:[], old=null
2023-09-08 11:19:32,973 [ccde687e-3bc0-46e3-98cf-cb73a4745fdb@group-7C7F1AE0E7D9-LeaderElection23] INFO  server.RaftServerConfigKeys (ConfUtils.java:logGet(46)) - raft.server.log.appender.snapshot.chunk.size.max = 16MB (=16777216) (default)
2023-09-08 11:19:32,973 [ccde687e-3bc0-46e3-98cf-cb73a4745fdb@group-7C7F1AE0E7D9-LeaderElection23] INFO  server.RaftServerConfigKeys (ConfUtils.java:logGet(46)) - raft.server.log.appender.buffer.byte-limit = 33554432 (custom)
2023-09-08 11:19:32,975 [EventQueue-OpenPipelineForHealthyPipelineSafeModeRule] INFO  safemode.SCMSafeModeManager (HealthyPipelineSafeModeRule.java:process(137)) - SCM in safe mode. Healthy pipelines reported count is 0, required healthy pipeline reported count is 1
2023-09-08 11:19:32,977 [EventQueue-PipelineReportForPipelineReportHandler] INFO  pipeline.PipelineReportHandler (PipelineReportHandler.java:processPipelineReport(136)) - Opened pipeline PipelineID=f56822c3-6ef4-41d9-89bd-7c7f1ae0e7d9
2023-09-08 11:19:32,977 [EventQueue-OpenPipelineForHealthyPipelineSafeModeRule] INFO  safemode.SCMSafeModeManager (HealthyPipelineSafeModeRule.java:process(137)) - SCM in safe mode. Healthy pipelines reported count is 1, required healthy pipeline reported count is 1
2023-09-08 11:19:32,977 [EventQueue-OpenPipelineForHealthyPipelineSafeModeRule] INFO  safemode.SCMSafeModeManager (SCMSafeModeManager.java:validateSafeModeExitRules(200)) - HealthyPipelineSafeModeRule rule is successfully validated
2023-09-08 11:19:32,977 [EventQueue-OpenPipelineForHealthyPipelineSafeModeRule] INFO  safemode.SCMSafeModeManager (SCMSafeModeManager.java:validateSafeModeExitRules(215)) - ScmSafeModeManager, all rules are successfully validated
2023-09-08 11:19:32,977 [EventQueue-OpenPipelineForHealthyPipelineSafeModeRule] INFO  safemode.SCMSafeModeManager (SCMSafeModeManager.java:exitSafeMode(244)) - SCM exiting safe mode.
2023-09-08 11:19:32,977 [EventQueue-OpenPipelineForHealthyPipelineSafeModeRule] INFO  ha.SCMContext (SCMContext.java:updateSafeModeStatus(228)) - Update SafeModeStatus from SafeModeStatus{safeModeStatus=true, preCheckPassed=true} to SafeModeStatus{safeModeStatus=false, preCheckPassed=true}.
2023-09-08 11:19:32,977 [EventQueue-OpenPipelineForHealthyPipelineSafeModeRule] INFO  pipeline.BackgroundPipelineCreator (BackgroundPipelineCreator.java:notifyStatusChanged(255)) - Service BackgroundPipelineCreator transitions to RUNNING.
2023-09-08 11:19:32,977 [EventQueue-OpenPipelineForHealthyPipelineSafeModeRule] INFO  BackgroundPipelineScrubber (BackgroundSCMService.java:notifyStatusChanged(82)) - Service BackgroundPipelineScrubber transitions to RUNNING.
2023-09-08 11:19:32,977 [EventQueue-OpenPipelineForHealthyPipelineSafeModeRule] INFO  ExpiredContainerReplicaOpScrubber (BackgroundSCMService.java:notifyStatusChanged(82)) - Service ExpiredContainerReplicaOpScrubber transitions to RUNNING.
2023-09-08 11:19:32,977 [EventQueue-OpenPipelineForHealthyPipelineSafeModeRule] INFO  replication.ReplicationManager (ReplicationManager.java:notifyStatusChanged(1370)) - Service ReplicationManager transitions to RUNNING.
2023-09-08 11:19:32,977 [EventQueue-OpenPipelineForHealthyPipelineSafeModeRule] WARN  balancer.ContainerBalancer (ContainerBalancer.java:shouldRun(134)) - Could not find persisted configuration for ContainerBalancer when checking if ContainerBalancer should run. ContainerBalancer should not run now.
2023-09-08 11:19:32,978 [ccde687e-3bc0-46e3-98cf-cb73a4745fdb@group-7C7F1AE0E7D9-LeaderElection23] INFO  server.RaftServerConfigKeys (ConfUtils.java:logGet(46)) - raft.server.log.appender.buffer.element-limit = 1 (custom)
2023-09-08 11:19:32,978 [ccde687e-3bc0-46e3-98cf-cb73a4745fdb@group-7C7F1AE0E7D9-LeaderElection23] INFO  server.RaftServerConfigKeys (ConfUtils.java:logGet(46)) - raft.server.log.appender.wait-time.min = 10ms (default)
2023-09-08 11:19:32,978 [ccde687e-3bc0-46e3-98cf-cb73a4745fdb@group-7C7F1AE0E7D9-LeaderElection23] INFO  grpc.GrpcConfigKeys (ConfUtils.java:logGet(46)) - raft.grpc.server.leader.outstanding.appends.max = 128 (default)
2023-09-08 11:19:32,978 [ccde687e-3bc0-46e3-98cf-cb73a4745fdb@group-7C7F1AE0E7D9-LeaderElection23] INFO  server.RaftServerConfigKeys (ConfUtils.java:logGet(46)) - raft.server.rpc.request.timeout = 60s (custom)
2023-09-08 11:19:32,978 [ccde687e-3bc0-46e3-98cf-cb73a4745fdb@group-7C7F1AE0E7D9-LeaderElection23] INFO  grpc.GrpcConfigKeys (ConfUtils.java:logGet(46)) - raft.grpc.server.install_snapshot.request.element-limit = 8 (default)
2023-09-08 11:19:32,978 [ccde687e-3bc0-46e3-98cf-cb73a4745fdb@group-7C7F1AE0E7D9-LeaderElection23] INFO  grpc.GrpcConfigKeys (ConfUtils.java:logGet(46)) - raft.grpc.server.install_snapshot.request.timeout = 3000ms (default)
2023-09-08 11:19:32,978 [ccde687e-3bc0-46e3-98cf-cb73a4745fdb@group-7C7F1AE0E7D9-LeaderElection23] INFO  server.RaftServerConfigKeys (ConfUtils.java:logGet(46)) - raft.server.log.appender.install.snapshot.enabled = false (custom)
2023-09-08 11:19:32,978 [ccde687e-3bc0-46e3-98cf-cb73a4745fdb@group-7C7F1AE0E7D9-LeaderElection23] INFO  grpc.GrpcConfigKeys (ConfUtils.java:logGet(46)) - raft.grpc.server.heartbeat.channel = true (default)
2023-09-08 11:19:32,979 [ccde687e-3bc0-46e3-98cf-cb73a4745fdb@group-7C7F1AE0E7D9-LeaderElection23] INFO  server.RaftServerConfigKeys (ConfUtils.java:logGet(46)) - raft.server.log.appender.snapshot.chunk.size.max = 16MB (=16777216) (default)
2023-09-08 11:19:32,979 [ccde687e-3bc0-46e3-98cf-cb73a4745fdb@group-7C7F1AE0E7D9-LeaderElection23] INFO  server.RaftServerConfigKeys (ConfUtils.java:logGet(46)) - raft.server.log.appender.buffer.byte-limit = 33554432 (custom)
2023-09-08 11:19:32,979 [ccde687e-3bc0-46e3-98cf-cb73a4745fdb@group-7C7F1AE0E7D9-LeaderElection23] INFO  server.RaftServerConfigKeys (ConfUtils.java:logGet(46)) - raft.server.log.appender.buffer.element-limit = 1 (custom)
2023-09-08 11:19:32,979 [ccde687e-3bc0-46e3-98cf-cb73a4745fdb@group-7C7F1AE0E7D9-LeaderElection23] INFO  server.RaftServerConfigKeys (ConfUtils.java:logGet(46)) - raft.server.log.appender.wait-time.min = 10ms (default)
2023-09-08 11:19:32,979 [ccde687e-3bc0-46e3-98cf-cb73a4745fdb@group-7C7F1AE0E7D9-LeaderElection23] INFO  grpc.GrpcConfigKeys (ConfUtils.java:logGet(46)) - raft.grpc.server.leader.outstanding.appends.max = 128 (default)
2023-09-08 11:19:32,979 [ccde687e-3bc0-46e3-98cf-cb73a4745fdb@group-7C7F1AE0E7D9-LeaderElection23] INFO  server.RaftServerConfigKeys (ConfUtils.java:logGet(46)) - raft.server.rpc.request.timeout = 60s (custom)
2023-09-08 11:19:32,979 [ccde687e-3bc0-46e3-98cf-cb73a4745fdb@group-7C7F1AE0E7D9-LeaderElection23] INFO  grpc.GrpcConfigKeys (ConfUtils.java:logGet(46)) - raft.grpc.server.install_snapshot.request.element-limit = 8 (default)
2023-09-08 11:19:32,979 [ccde687e-3bc0-46e3-98cf-cb73a4745fdb@group-7C7F1AE0E7D9-LeaderElection23] INFO  grpc.GrpcConfigKeys (ConfUtils.java:logGet(46)) - raft.grpc.server.install_snapshot.request.timeout = 3000ms (default)
2023-09-08 11:19:32,979 [ccde687e-3bc0-46e3-98cf-cb73a4745fdb@group-7C7F1AE0E7D9-LeaderElection23] INFO  server.RaftServerConfigKeys (ConfUtils.java:logGet(46)) - raft.server.log.appender.install.snapshot.enabled = false (custom)
2023-09-08 11:19:32,979 [ccde687e-3bc0-46e3-98cf-cb73a4745fdb@group-7C7F1AE0E7D9-LeaderElection23] INFO  grpc.GrpcConfigKeys (ConfUtils.java:logGet(46)) - raft.grpc.server.heartbeat.channel = true (default)
2023-09-08 11:19:32,980 [ccde687e-3bc0-46e3-98cf-cb73a4745fdb@group-7C7F1AE0E7D9-LeaderElection23] INFO  impl.RoleInfo (RoleInfo.java:updateAndGet(139)) - ccde687e-3bc0-46e3-98cf-cb73a4745fdb: start ccde687e-3bc0-46e3-98cf-cb73a4745fdb@group-7C7F1AE0E7D9-LeaderStateImpl
2023-09-08 11:19:32,980 [ccde687e-3bc0-46e3-98cf-cb73a4745fdb@group-7C7F1AE0E7D9-LeaderElection23] INFO  segmented.SegmentedRaftLogWorker (SegmentedRaftLogWorker.java:startLogSegment(447)) - ccde687e-3bc0-46e3-98cf-cb73a4745fdb@group-7C7F1AE0E7D9-SegmentedRaftLogWorker: Starting segment from index:0
2023-09-08 11:19:32,981 [ccde687e-3bc0-46e3-98cf-cb73a4745fdb@group-7C7F1AE0E7D9-SegmentedRaftLogWorker] INFO  segmented.SegmentedRaftLogWorker (SegmentedRaftLogWorker.java:execute(651)) - ccde687e-3bc0-46e3-98cf-cb73a4745fdb@group-7C7F1AE0E7D9-SegmentedRaftLogWorker: created new log segment /home/runner/work/ozone/ozone/hadoop-ozone/integration-test/target/test-dir/MiniOzoneClusterImpl-b03496ff-6041-4009-870e-fb613b325751/datanode-0/data/ratis/f56822c3-6ef4-41d9-89bd-7c7f1ae0e7d9/current/log_inprogress_0
2023-09-08 11:19:32,984 [ccde687e-3bc0-46e3-98cf-cb73a4745fdb@group-7C7F1AE0E7D9-LeaderElection23] INFO  server.RaftServer$Division (ServerState.java:setRaftConf(434)) - ccde687e-3bc0-46e3-98cf-cb73a4745fdb@group-7C7F1AE0E7D9: set configuration 0: peers:[86b604ca-d593-47c1-a869-330a99737efc|rpc:10.1.0.72:15138|admin:10.1.0.72:15137|client:10.1.0.72:15136|dataStream:10.1.0.72:15139|priority:0|startupRole:FOLLOWER, 03f108d1-7670-46de-a663-64a53fa7aba7|rpc:10.1.0.72:15129|admin:10.1.0.72:15128|client:10.1.0.72:15127|dataStream:10.1.0.72:15130|priority:0|startupRole:FOLLOWER, ccde687e-3bc0-46e3-98cf-cb73a4745fdb|rpc:10.1.0.72:15120|admin:10.1.0.72:15119|client:10.1.0.72:15118|dataStream:10.1.0.72:15121|priority:1|startupRole:FOLLOWER]|listeners:[], old=null
2023-09-08 11:19:32,996 [03f108d1-7670-46de-a663-64a53fa7aba7-server-thread1] INFO  ratis.XceiverServerRatis (XceiverServerRatis.java:handleLeaderChangedNotification(902)) - Leader change notification received for group: group-7C7F1AE0E7D9 with new leaderId: ccde687e-3bc0-46e3-98cf-cb73a4745fdb
2023-09-08 11:19:32,996 [03f108d1-7670-46de-a663-64a53fa7aba7-server-thread1] INFO  server.RaftServer$Division (ServerState.java:setLeader(317)) - 03f108d1-7670-46de-a663-64a53fa7aba7@group-7C7F1AE0E7D9: change Leader from null to ccde687e-3bc0-46e3-98cf-cb73a4745fdb at term 1 for appendEntries, leader elected after 5213ms
2023-09-08 11:19:32,997 [86b604ca-d593-47c1-a869-330a99737efc-server-thread1] INFO  ratis.XceiverServerRatis (XceiverServerRatis.java:handleLeaderChangedNotification(902)) - Leader change notification received for group: group-7C7F1AE0E7D9 with new leaderId: ccde687e-3bc0-46e3-98cf-cb73a4745fdb
2023-09-08 11:19:32,997 [86b604ca-d593-47c1-a869-330a99737efc-server-thread1] INFO  server.RaftServer$Division (ServerState.java:setLeader(317)) - 86b604ca-d593-47c1-a869-330a99737efc@group-7C7F1AE0E7D9: change Leader from null to ccde687e-3bc0-46e3-98cf-cb73a4745fdb at term 1 for appendEntries, leader elected after 5261ms
2023-09-08 11:19:33,016 [03f108d1-7670-46de-a663-64a53fa7aba7@group-02558DD72F89-FollowerState] INFO  server.RaftServerConfigKeys (ConfUtils.java:logFallback(53)) - raft.server.rpc.first-election.timeout.min = 5s (fallback to raft.server.rpc.timeout.min)
2023-09-08 11:19:33,016 [03f108d1-7670-46de-a663-64a53fa7aba7@group-02558DD72F89-FollowerState] INFO  server.RaftServerConfigKeys (ConfUtils.java:logFallback(53)) - raft.server.rpc.first-election.timeout.max = 5200ms (fallback to raft.server.rpc.timeout.max)
2023-09-08 11:19:33,028 [03f108d1-7670-46de-a663-64a53fa7aba7-server-thread2] INFO  server.RaftServer$Division (ServerState.java:setRaftConf(434)) - 03f108d1-7670-46de-a663-64a53fa7aba7@group-7C7F1AE0E7D9: set configuration 0: peers:[86b604ca-d593-47c1-a869-330a99737efc|rpc:10.1.0.72:15138|admin:10.1.0.72:15137|client:10.1.0.72:15136|dataStream:10.1.0.72:15139|priority:0|startupRole:FOLLOWER, 03f108d1-7670-46de-a663-64a53fa7aba7|rpc:10.1.0.72:15129|admin:10.1.0.72:15128|client:10.1.0.72:15127|dataStream:10.1.0.72:15130|priority:0|startupRole:FOLLOWER, ccde687e-3bc0-46e3-98cf-cb73a4745fdb|rpc:10.1.0.72:15120|admin:10.1.0.72:15119|client:10.1.0.72:15118|dataStream:10.1.0.72:15121|priority:1|startupRole:FOLLOWER]|listeners:[], old=null
2023-09-08 11:19:33,028 [03f108d1-7670-46de-a663-64a53fa7aba7-server-thread2] INFO  segmented.SegmentedRaftLogWorker (SegmentedRaftLogWorker.java:startLogSegment(447)) - 03f108d1-7670-46de-a663-64a53fa7aba7@group-7C7F1AE0E7D9-SegmentedRaftLogWorker: Starting segment from index:0
2023-09-08 11:19:33,033 [86b604ca-d593-47c1-a869-330a99737efc-server-thread2] INFO  server.RaftServer$Division (ServerState.java:setRaftConf(434)) - 86b604ca-d593-47c1-a869-330a99737efc@group-7C7F1AE0E7D9: set configuration 0: peers:[86b604ca-d593-47c1-a869-330a99737efc|rpc:10.1.0.72:15138|admin:10.1.0.72:15137|client:10.1.0.72:15136|dataStream:10.1.0.72:15139|priority:0|startupRole:FOLLOWER, 03f108d1-7670-46de-a663-64a53fa7aba7|rpc:10.1.0.72:15129|admin:10.1.0.72:15128|client:10.1.0.72:15127|dataStream:10.1.0.72:15130|priority:0|startupRole:FOLLOWER, ccde687e-3bc0-46e3-98cf-cb73a4745fdb|rpc:10.1.0.72:15120|admin:10.1.0.72:15119|client:10.1.0.72:15118|dataStream:10.1.0.72:15121|priority:1|startupRole:FOLLOWER]|listeners:[], old=null
2023-09-08 11:19:33,034 [86b604ca-d593-47c1-a869-330a99737efc-server-thread2] INFO  segmented.SegmentedRaftLogWorker (SegmentedRaftLogWorker.java:startLogSegment(447)) - 86b604ca-d593-47c1-a869-330a99737efc@group-7C7F1AE0E7D9-SegmentedRaftLogWorker: Starting segment from index:0
2023-09-08 11:19:33,033 [03f108d1-7670-46de-a663-64a53fa7aba7@group-7C7F1AE0E7D9-SegmentedRaftLogWorker] INFO  segmented.SegmentedRaftLogWorker (SegmentedRaftLogWorker.java:execute(651)) - 03f108d1-7670-46de-a663-64a53fa7aba7@group-7C7F1AE0E7D9-SegmentedRaftLogWorker: created new log segment /home/runner/work/ozone/ozone/hadoop-ozone/integration-test/target/test-dir/MiniOzoneClusterImpl-b03496ff-6041-4009-870e-fb613b325751/datanode-1/data/ratis/f56822c3-6ef4-41d9-89bd-7c7f1ae0e7d9/current/log_inprogress_0
2023-09-08 11:19:33,038 [86b604ca-d593-47c1-a869-330a99737efc@group-7C7F1AE0E7D9-SegmentedRaftLogWorker] INFO  segmented.SegmentedRaftLogWorker (SegmentedRaftLogWorker.java:execute(651)) - 86b604ca-d593-47c1-a869-330a99737efc@group-7C7F1AE0E7D9-SegmentedRaftLogWorker: created new log segment /home/runner/work/ozone/ozone/hadoop-ozone/integration-test/target/test-dir/MiniOzoneClusterImpl-b03496ff-6041-4009-870e-fb613b325751/datanode-2/data/ratis/f56822c3-6ef4-41d9-89bd-7c7f1ae0e7d9/current/log_inprogress_0
2023-09-08 11:19:33,089 [86b604ca-d593-47c1-a869-330a99737efc@group-02558DD72F89-FollowerState] INFO  impl.FollowerState (FollowerState.java:run(143)) - 86b604ca-d593-47c1-a869-330a99737efc@group-02558DD72F89-FollowerState: change to CANDIDATE, lastRpcElapsedTime:5146707969ns, electionTimeout:5144ms
2023-09-08 11:19:33,089 [main] INFO  ozone.MiniOzoneClusterImpl (MiniOzoneClusterImpl.java:lambda$waitForClusterToBeReady$0(224)) - Nodes are ready. Got 5 of 5 DN Heartbeats.
2023-09-08 11:19:33,089 [main] INFO  ozone.MiniOzoneClusterImpl (MiniOzoneClusterImpl.java:lambda$waitForClusterToBeReady$0(227)) - Cluster exits safe mode
2023-09-08 11:19:33,089 [main] INFO  ozone.MiniOzoneClusterImpl (MiniOzoneClusterImpl.java:lambda$waitForClusterToBeReady$0(229)) - SCM became leader
2023-09-08 11:19:33,089 [86b604ca-d593-47c1-a869-330a99737efc@group-02558DD72F89-FollowerState] INFO  impl.RoleInfo (RoleInfo.java:shutdownFollowerState(110)) - 86b604ca-d593-47c1-a869-330a99737efc: shutdown 86b604ca-d593-47c1-a869-330a99737efc@group-02558DD72F89-FollowerState
2023-09-08 11:19:33,090 [86b604ca-d593-47c1-a869-330a99737efc@group-02558DD72F89-FollowerState] INFO  server.RaftServer$Division (RaftServerImpl.java:setRole(329)) - 86b604ca-d593-47c1-a869-330a99737efc@group-02558DD72F89: changes role from  FOLLOWER to CANDIDATE at term 0 for changeToCandidate
2023-09-08 11:19:33,090 [86b604ca-d593-47c1-a869-330a99737efc@group-02558DD72F89-FollowerState] INFO  server.RaftServerConfigKeys (ConfUtils.java:logGet(46)) - raft.server.leaderelection.pre-vote = true (default)
2023-09-08 11:19:33,090 [86b604ca-d593-47c1-a869-330a99737efc@group-02558DD72F89-FollowerState] INFO  impl.RoleInfo (RoleInfo.java:updateAndGet(139)) - 86b604ca-d593-47c1-a869-330a99737efc: start 86b604ca-d593-47c1-a869-330a99737efc@group-02558DD72F89-LeaderElection25
2023-09-08 11:19:33,103 [86b604ca-d593-47c1-a869-330a99737efc@group-02558DD72F89-LeaderElection25] INFO  impl.LeaderElection (LeaderElection.java:askForVotes(321)) - 86b604ca-d593-47c1-a869-330a99737efc@group-02558DD72F89-LeaderElection25 PRE_VOTE round 0: submit vote requests at term 0 for -1: peers:[86b604ca-d593-47c1-a869-330a99737efc|rpc:10.1.0.72:15138|admin:10.1.0.72:15137|client:10.1.0.72:15136|dataStream:10.1.0.72:15139|priority:1|startupRole:FOLLOWER, 03f108d1-7670-46de-a663-64a53fa7aba7|rpc:10.1.0.72:15129|admin:10.1.0.72:15128|client:10.1.0.72:15127|dataStream:10.1.0.72:15130|priority:0|startupRole:FOLLOWER, ccde687e-3bc0-46e3-98cf-cb73a4745fdb|rpc:10.1.0.72:15120|admin:10.1.0.72:15119|client:10.1.0.72:15118|dataStream:10.1.0.72:15121|priority:0|startupRole:FOLLOWER]|listeners:[], old=null
2023-09-08 11:19:33,123 [86b604ca-d593-47c1-a869-330a99737efc@group-02558DD72F89-LeaderElection25] INFO  server.RaftServerConfigKeys (ConfUtils.java:logFallback(53)) - raft.server.rpc.first-election.timeout.min = 5s (fallback to raft.server.rpc.timeout.min)
2023-09-08 11:19:33,123 [86b604ca-d593-47c1-a869-330a99737efc@group-02558DD72F89-LeaderElection25] INFO  server.RaftServerConfigKeys (ConfUtils.java:logFallback(53)) - raft.server.rpc.first-election.timeout.max = 5200ms (fallback to raft.server.rpc.timeout.max)
2023-09-08 11:19:33,129 [grpc-default-executor-0] INFO  server.RaftServer$Division (RaftServerImpl.java:requestVote(1302)) - ccde687e-3bc0-46e3-98cf-cb73a4745fdb@group-02558DD72F89: receive requestVote(PRE_VOTE, 86b604ca-d593-47c1-a869-330a99737efc, group-02558DD72F89, 0, (t:0, i:0))
2023-09-08 11:19:33,130 [grpc-default-executor-0] INFO  impl.VoteContext (VoteContext.java:log(49)) - ccde687e-3bc0-46e3-98cf-cb73a4745fdb@group-02558DD72F89-FOLLOWER: accept PRE_VOTE from 86b604ca-d593-47c1-a869-330a99737efc: our priority 0 <= candidate's priority 1
2023-09-08 11:19:33,130 [grpc-default-executor-0] INFO  server.RaftServer$Division (RaftServerImpl.java:requestVote(1335)) - ccde687e-3bc0-46e3-98cf-cb73a4745fdb@group-02558DD72F89 replies to PRE_VOTE vote request: 86b604ca-d593-47c1-a869-330a99737efc<-ccde687e-3bc0-46e3-98cf-cb73a4745fdb#0:OK-t0. Peer's state: ccde687e-3bc0-46e3-98cf-cb73a4745fdb@group-02558DD72F89:t0, leader=null, voted=, raftlog=Memoized:ccde687e-3bc0-46e3-98cf-cb73a4745fdb@group-02558DD72F89-SegmentedRaftLog:OPENED:c-1, conf=-1: peers:[86b604ca-d593-47c1-a869-330a99737efc|rpc:10.1.0.72:15138|admin:10.1.0.72:15137|client:10.1.0.72:15136|dataStream:10.1.0.72:15139|priority:1|startupRole:FOLLOWER, 03f108d1-7670-46de-a663-64a53fa7aba7|rpc:10.1.0.72:15129|admin:10.1.0.72:15128|client:10.1.0.72:15127|dataStream:10.1.0.72:15130|priority:0|startupRole:FOLLOWER, ccde687e-3bc0-46e3-98cf-cb73a4745fdb|rpc:10.1.0.72:15120|admin:10.1.0.72:15119|client:10.1.0.72:15118|dataStream:10.1.0.72:15121|priority:0|startupRole:FOLLOWER]|listeners:[], old=null
2023-09-08 11:19:33,130 [grpc-default-executor-3] INFO  server.RaftServer$Division (RaftServerImpl.java:requestVote(1302)) - 03f108d1-7670-46de-a663-64a53fa7aba7@group-02558DD72F89: receive requestVote(PRE_VOTE, 86b604ca-d593-47c1-a869-330a99737efc, group-02558DD72F89, 0, (t:0, i:0))
2023-09-08 11:19:33,131 [grpc-default-executor-3] INFO  impl.VoteContext (VoteContext.java:log(49)) - 03f108d1-7670-46de-a663-64a53fa7aba7@group-02558DD72F89-FOLLOWER: accept PRE_VOTE from 86b604ca-d593-47c1-a869-330a99737efc: our priority 0 <= candidate's priority 1
2023-09-08 11:19:33,131 [grpc-default-executor-3] INFO  server.RaftServer$Division (RaftServerImpl.java:requestVote(1335)) - 03f108d1-7670-46de-a663-64a53fa7aba7@group-02558DD72F89 replies to PRE_VOTE vote request: 86b604ca-d593-47c1-a869-330a99737efc<-03f108d1-7670-46de-a663-64a53fa7aba7#0:OK-t0. Peer's state: 03f108d1-7670-46de-a663-64a53fa7aba7@group-02558DD72F89:t0, leader=null, voted=, raftlog=Memoized:03f108d1-7670-46de-a663-64a53fa7aba7@group-02558DD72F89-SegmentedRaftLog:OPENED:c-1, conf=-1: peers:[86b604ca-d593-47c1-a869-330a99737efc|rpc:10.1.0.72:15138|admin:10.1.0.72:15137|client:10.1.0.72:15136|dataStream:10.1.0.72:15139|priority:1|startupRole:FOLLOWER, 03f108d1-7670-46de-a663-64a53fa7aba7|rpc:10.1.0.72:15129|admin:10.1.0.72:15128|client:10.1.0.72:15127|dataStream:10.1.0.72:15130|priority:0|startupRole:FOLLOWER, ccde687e-3bc0-46e3-98cf-cb73a4745fdb|rpc:10.1.0.72:15120|admin:10.1.0.72:15119|client:10.1.0.72:15118|dataStream:10.1.0.72:15121|priority:0|startupRole:FOLLOWER]|listeners:[], old=null
2023-09-08 11:19:33,132 [86b604ca-d593-47c1-a869-330a99737efc@group-02558DD72F89-LeaderElection25] INFO  impl.LeaderElection (LeaderElection.java:logAndReturn(90)) - 86b604ca-d593-47c1-a869-330a99737efc@group-02558DD72F89-LeaderElection25: PRE_VOTE PASSED received 1 response(s) and 0 exception(s):
2023-09-08 11:19:33,132 [86b604ca-d593-47c1-a869-330a99737efc@group-02558DD72F89-LeaderElection25] INFO  impl.LeaderElection (LeaderElection.java:logAndReturn(94)) -   Response 0: 86b604ca-d593-47c1-a869-330a99737efc<-ccde687e-3bc0-46e3-98cf-cb73a4745fdb#0:OK-t0
2023-09-08 11:19:33,132 [86b604ca-d593-47c1-a869-330a99737efc@group-02558DD72F89-LeaderElection25] INFO  impl.LeaderElection (LeaderElection.java:askForVotes(323)) - 86b604ca-d593-47c1-a869-330a99737efc@group-02558DD72F89-LeaderElection25 PRE_VOTE round 0: result PASSED
2023-09-08 11:19:33,144 [86b604ca-d593-47c1-a869-330a99737efc@group-02558DD72F89-LeaderElection25] INFO  impl.LeaderElection (LeaderElection.java:askForVotes(321)) - 86b604ca-d593-47c1-a869-330a99737efc@group-02558DD72F89-LeaderElection25 ELECTION round 0: submit vote requests at term 1 for -1: peers:[86b604ca-d593-47c1-a869-330a99737efc|rpc:10.1.0.72:15138|admin:10.1.0.72:15137|client:10.1.0.72:15136|dataStream:10.1.0.72:15139|priority:1|startupRole:FOLLOWER, 03f108d1-7670-46de-a663-64a53fa7aba7|rpc:10.1.0.72:15129|admin:10.1.0.72:15128|client:10.1.0.72:15127|dataStream:10.1.0.72:15130|priority:0|startupRole:FOLLOWER, ccde687e-3bc0-46e3-98cf-cb73a4745fdb|rpc:10.1.0.72:15120|admin:10.1.0.72:15119|client:10.1.0.72:15118|dataStream:10.1.0.72:15121|priority:0|startupRole:FOLLOWER]|listeners:[], old=null
2023-09-08 11:19:33,148 [86b604ca-d593-47c1-a869-330a99737efc@group-02558DD72F89-LeaderElection25] INFO  server.RaftServerConfigKeys (ConfUtils.java:logFallback(53)) - raft.server.rpc.first-election.timeout.min = 5s (fallback to raft.server.rpc.timeout.min)
2023-09-08 11:19:33,148 [86b604ca-d593-47c1-a869-330a99737efc@group-02558DD72F89-LeaderElection25] INFO  server.RaftServerConfigKeys (ConfUtils.java:logFallback(53)) - raft.server.rpc.first-election.timeout.max = 5200ms (fallback to raft.server.rpc.timeout.max)
2023-09-08 11:19:33,153 [grpc-default-executor-3] INFO  server.RaftServer$Division (RaftServerImpl.java:requestVote(1302)) - 03f108d1-7670-46de-a663-64a53fa7aba7@group-02558DD72F89: receive requestVote(ELECTION, 86b604ca-d593-47c1-a869-330a99737efc, group-02558DD72F89, 1, (t:0, i:0))
2023-09-08 11:19:33,153 [grpc-default-executor-3] INFO  impl.VoteContext (VoteContext.java:log(49)) - 03f108d1-7670-46de-a663-64a53fa7aba7@group-02558DD72F89-FOLLOWER: accept ELECTION from 86b604ca-d593-47c1-a869-330a99737efc: our priority 0 <= candidate's priority 1
2023-09-08 11:19:33,153 [grpc-default-executor-3] INFO  server.RaftServer$Division (RaftServerImpl.java:setRole(329)) - 03f108d1-7670-46de-a663-64a53fa7aba7@group-02558DD72F89: changes role from  FOLLOWER to FOLLOWER at term 1 for candidate:86b604ca-d593-47c1-a869-330a99737efc
2023-09-08 11:19:33,153 [grpc-default-executor-3] INFO  impl.RoleInfo (RoleInfo.java:shutdownFollowerState(110)) - 03f108d1-7670-46de-a663-64a53fa7aba7: shutdown 03f108d1-7670-46de-a663-64a53fa7aba7@group-02558DD72F89-FollowerState
2023-09-08 11:19:33,153 [grpc-default-executor-3] INFO  impl.RoleInfo (RoleInfo.java:updateAndGet(139)) - 03f108d1-7670-46de-a663-64a53fa7aba7: start 03f108d1-7670-46de-a663-64a53fa7aba7@group-02558DD72F89-FollowerState
2023-09-08 11:19:33,154 [03f108d1-7670-46de-a663-64a53fa7aba7@group-02558DD72F89-FollowerState] INFO  impl.FollowerState (FollowerState.java:run(152)) - 03f108d1-7670-46de-a663-64a53fa7aba7@group-02558DD72F89-FollowerState was interrupted
2023-09-08 11:19:33,164 [main] INFO  rpc.RpcClient (RpcClient.java:createVolume(461)) - Creating Volume: volume57283, with user60624 as owner and space quota set to -1 bytes, counts quota set to -1
2023-09-08 11:19:33,167 [grpc-default-executor-3] INFO  server.RaftServer$Division (RaftServerImpl.java:requestVote(1335)) - 03f108d1-7670-46de-a663-64a53fa7aba7@group-02558DD72F89 replies to ELECTION vote request: 86b604ca-d593-47c1-a869-330a99737efc<-03f108d1-7670-46de-a663-64a53fa7aba7#0:OK-t1. Peer's state: 03f108d1-7670-46de-a663-64a53fa7aba7@group-02558DD72F89:t1, leader=null, voted=86b604ca-d593-47c1-a869-330a99737efc, raftlog=Memoized:03f108d1-7670-46de-a663-64a53fa7aba7@group-02558DD72F89-SegmentedRaftLog:OPENED:c-1, conf=-1: peers:[86b604ca-d593-47c1-a869-330a99737efc|rpc:10.1.0.72:15138|admin:10.1.0.72:15137|client:10.1.0.72:15136|dataStream:10.1.0.72:15139|priority:1|startupRole:FOLLOWER, 03f108d1-7670-46de-a663-64a53fa7aba7|rpc:10.1.0.72:15129|admin:10.1.0.72:15128|client:10.1.0.72:15127|dataStream:10.1.0.72:15130|priority:0|startupRole:FOLLOWER, ccde687e-3bc0-46e3-98cf-cb73a4745fdb|rpc:10.1.0.72:15120|admin:10.1.0.72:15119|client:10.1.0.72:15118|dataStream:10.1.0.72:15121|priority:0|startupRole:FOLLOWER]|listeners:[], old=null
2023-09-08 11:19:33,170 [86b604ca-d593-47c1-a869-330a99737efc@group-02558DD72F89-LeaderElection25] INFO  impl.LeaderElection (LeaderElection.java:logAndReturn(90)) - 86b604ca-d593-47c1-a869-330a99737efc@group-02558DD72F89-LeaderElection25: ELECTION PASSED received 1 response(s) and 0 exception(s):
2023-09-08 11:19:33,170 [grpc-default-executor-0] INFO  server.RaftServer$Division (RaftServerImpl.java:requestVote(1302)) - ccde687e-3bc0-46e3-98cf-cb73a4745fdb@group-02558DD72F89: receive requestVote(ELECTION, 86b604ca-d593-47c1-a869-330a99737efc, group-02558DD72F89, 1, (t:0, i:0))
2023-09-08 11:19:33,170 [86b604ca-d593-47c1-a869-330a99737efc@group-02558DD72F89-LeaderElection25] INFO  impl.LeaderElection (LeaderElection.java:logAndReturn(94)) -   Response 0: 86b604ca-d593-47c1-a869-330a99737efc<-03f108d1-7670-46de-a663-64a53fa7aba7#0:OK-t1
2023-09-08 11:19:33,170 [86b604ca-d593-47c1-a869-330a99737efc@group-02558DD72F89-LeaderElection25] INFO  impl.LeaderElection (LeaderElection.java:askForVotes(323)) - 86b604ca-d593-47c1-a869-330a99737efc@group-02558DD72F89-LeaderElection25 ELECTION round 0: result PASSED
2023-09-08 11:19:33,170 [grpc-default-executor-0] INFO  impl.VoteContext (VoteContext.java:log(49)) - ccde687e-3bc0-46e3-98cf-cb73a4745fdb@group-02558DD72F89-FOLLOWER: accept ELECTION from 86b604ca-d593-47c1-a869-330a99737efc: our priority 0 <= candidate's priority 1
2023-09-08 11:19:33,170 [86b604ca-d593-47c1-a869-330a99737efc@group-02558DD72F89-LeaderElection25] INFO  impl.RoleInfo (RoleInfo.java:shutdownLeaderElection(130)) - 86b604ca-d593-47c1-a869-330a99737efc: shutdown 86b604ca-d593-47c1-a869-330a99737efc@group-02558DD72F89-LeaderElection25
2023-09-08 11:19:33,172 [grpc-default-executor-0] INFO  server.RaftServer$Division (RaftServerImpl.java:setRole(329)) - ccde687e-3bc0-46e3-98cf-cb73a4745fdb@group-02558DD72F89: changes role from  FOLLOWER to FOLLOWER at term 1 for candidate:86b604ca-d593-47c1-a869-330a99737efc
2023-09-08 11:19:33,172 [grpc-default-executor-0] INFO  impl.RoleInfo (RoleInfo.java:shutdownFollowerState(110)) - ccde687e-3bc0-46e3-98cf-cb73a4745fdb: shutdown ccde687e-3bc0-46e3-98cf-cb73a4745fdb@group-02558DD72F89-FollowerState
2023-09-08 11:19:33,172 [grpc-default-executor-0] INFO  impl.RoleInfo (RoleInfo.java:updateAndGet(139)) - ccde687e-3bc0-46e3-98cf-cb73a4745fdb: start ccde687e-3bc0-46e3-98cf-cb73a4745fdb@group-02558DD72F89-FollowerState
2023-09-08 11:19:33,172 [ccde687e-3bc0-46e3-98cf-cb73a4745fdb@group-02558DD72F89-FollowerState] INFO  impl.FollowerState (FollowerState.java:run(152)) - ccde687e-3bc0-46e3-98cf-cb73a4745fdb@group-02558DD72F89-FollowerState was interrupted
2023-09-08 11:19:33,172 [86b604ca-d593-47c1-a869-330a99737efc@group-02558DD72F89-LeaderElection25] INFO  server.RaftServer$Division (RaftServerImpl.java:setRole(329)) - 86b604ca-d593-47c1-a869-330a99737efc@group-02558DD72F89: changes role from CANDIDATE to LEADER at term 1 for changeToLeader
2023-09-08 11:19:33,172 [86b604ca-d593-47c1-a869-330a99737efc@group-02558DD72F89-LeaderElection25] INFO  ratis.XceiverServerRatis (XceiverServerRatis.java:handleLeaderChangedNotification(902)) - Leader change notification received for group: group-02558DD72F89 with new leaderId: 86b604ca-d593-47c1-a869-330a99737efc
2023-09-08 11:19:33,176 [86b604ca-d593-47c1-a869-330a99737efc@group-02558DD72F89-LeaderElection25] INFO  server.RaftServer$Division (ServerState.java:setLeader(317)) - 86b604ca-d593-47c1-a869-330a99737efc@group-02558DD72F89: change Leader from null to 86b604ca-d593-47c1-a869-330a99737efc at term 1 for becomeLeader, leader elected after 5246ms
2023-09-08 11:19:33,176 [86b604ca-d593-47c1-a869-330a99737efc@group-02558DD72F89-LeaderElection25] INFO  server.RaftServerConfigKeys (ConfUtils.java:logGet(46)) - raft.server.staging.catchup.gap = 1000 (default)
2023-09-08 11:19:33,176 [86b604ca-d593-47c1-a869-330a99737efc@group-02558DD72F89-LeaderElection25] INFO  server.RaftServerConfigKeys (ConfUtils.java:logGet(46)) - raft.server.write.element-limit = 1024 (custom)
2023-09-08 11:19:33,176 [86b604ca-d593-47c1-a869-330a99737efc@group-02558DD72F89-LeaderElection25] INFO  server.RaftServerConfigKeys (ConfUtils.java:logGet(46)) - raft.server.write.byte-limit = 1024 M (=1073741824) (custom)
2023-09-08 11:19:33,176 [grpc-default-executor-0] INFO  server.RaftServer$Division (RaftServerImpl.java:requestVote(1335)) - ccde687e-3bc0-46e3-98cf-cb73a4745fdb@group-02558DD72F89 replies to ELECTION vote request: 86b604ca-d593-47c1-a869-330a99737efc<-ccde687e-3bc0-46e3-98cf-cb73a4745fdb#0:OK-t1. Peer's state: ccde687e-3bc0-46e3-98cf-cb73a4745fdb@group-02558DD72F89:t1, leader=null, voted=86b604ca-d593-47c1-a869-330a99737efc, raftlog=Memoized:ccde687e-3bc0-46e3-98cf-cb73a4745fdb@group-02558DD72F89-SegmentedRaftLog:OPENED:c-1, conf=-1: peers:[86b604ca-d593-47c1-a869-330a99737efc|rpc:10.1.0.72:15138|admin:10.1.0.72:15137|client:10.1.0.72:15136|dataStream:10.1.0.72:15139|priority:1|startupRole:FOLLOWER, 03f108d1-7670-46de-a663-64a53fa7aba7|rpc:10.1.0.72:15129|admin:10.1.0.72:15128|client:10.1.0.72:15127|dataStream:10.1.0.72:15130|priority:0|startupRole:FOLLOWER, ccde687e-3bc0-46e3-98cf-cb73a4745fdb|rpc:10.1.0.72:15120|admin:10.1.0.72:15119|client:10.1.0.72:15118|dataStream:10.1.0.72:15121|priority:0|startupRole:FOLLOWER]|listeners:[], old=null
2023-09-08 11:19:33,176 [86b604ca-d593-47c1-a869-330a99737efc@group-02558DD72F89-LeaderElection25] INFO  server.RaftServerConfigKeys (ConfUtils.java:logGet(46)) - raft.server.watch.timeout = 180s (custom)
2023-09-08 11:19:33,176 [86b604ca-d593-47c1-a869-330a99737efc@group-02558DD72F89-LeaderElection25] INFO  server.RaftServerConfigKeys (ConfUtils.java:logGet(46)) - raft.server.watch.timeout.denomination = 1s (default)
2023-09-08 11:19:33,176 [86b604ca-d593-47c1-a869-330a99737efc@group-02558DD72F89-LeaderElection25] INFO  server.RaftServerConfigKeys (ConfUtils.java:logGet(46)) - raft.server.watch.element-limit = 65536 (default)
2023-09-08 11:19:33,176 [86b604ca-d593-47c1-a869-330a99737efc@group-02558DD72F89-LeaderElection25] INFO  server.RaftServerConfigKeys (ConfUtils.java:logGet(46)) - raft.server.write.element-limit = 1024 (custom)
2023-09-08 11:19:33,176 [86b604ca-d593-47c1-a869-330a99737efc@group-02558DD72F89-LeaderElection25] INFO  server.RaftServerConfigKeys (ConfUtils.java:logGet(46)) - raft.server.write.follower.gap.ratio.max = -1.0 (default)
2023-09-08 11:19:33,177 [86b604ca-d593-47c1-a869-330a99737efc@group-02558DD72F89-LeaderElection25] INFO  server.RaftServerConfigKeys (ConfUtils.java:logGet(46)) - raft.server.log.appender.snapshot.chunk.size.max = 16MB (=16777216) (default)
2023-09-08 11:19:33,177 [86b604ca-d593-47c1-a869-330a99737efc@group-02558DD72F89-LeaderElection25] INFO  server.RaftServerConfigKeys (ConfUtils.java:logGet(46)) - raft.server.log.appender.buffer.byte-limit = 33554432 (custom)
2023-09-08 11:19:33,177 [86b604ca-d593-47c1-a869-330a99737efc@group-02558DD72F89-LeaderElection25] INFO  server.RaftServerConfigKeys (ConfUtils.java:logGet(46)) - raft.server.log.appender.buffer.element-limit = 1 (custom)
2023-09-08 11:19:33,177 [86b604ca-d593-47c1-a869-330a99737efc@group-02558DD72F89-LeaderElection25] INFO  server.RaftServerConfigKeys (ConfUtils.java:logGet(46)) - raft.server.log.appender.wait-time.min = 10ms (default)
2023-09-08 11:19:33,177 [86b604ca-d593-47c1-a869-330a99737efc@group-02558DD72F89-LeaderElection25] INFO  grpc.GrpcConfigKeys (ConfUtils.java:logGet(46)) - raft.grpc.server.leader.outstanding.appends.max = 128 (default)
2023-09-08 11:19:33,177 [86b604ca-d593-47c1-a869-330a99737efc@group-02558DD72F89-LeaderElection25] INFO  server.RaftServerConfigKeys (ConfUtils.java:logGet(46)) - raft.server.rpc.request.timeout = 60s (custom)
2023-09-08 11:19:33,177 [86b604ca-d593-47c1-a869-330a99737efc@group-02558DD72F89-LeaderElection25] INFO  grpc.GrpcConfigKeys (ConfUtils.java:logGet(46)) - raft.grpc.server.install_snapshot.request.element-limit = 8 (default)
2023-09-08 11:19:33,177 [86b604ca-d593-47c1-a869-330a99737efc@group-02558DD72F89-LeaderElection25] INFO  grpc.GrpcConfigKeys (ConfUtils.java:logGet(46)) - raft.grpc.server.install_snapshot.request.timeout = 3000ms (default)
2023-09-08 11:19:33,177 [86b604ca-d593-47c1-a869-330a99737efc@group-02558DD72F89-LeaderElection25] INFO  server.RaftServerConfigKeys (ConfUtils.java:logGet(46)) - raft.server.log.appender.install.snapshot.enabled = false (custom)
2023-09-08 11:19:33,177 [86b604ca-d593-47c1-a869-330a99737efc@group-02558DD72F89-LeaderElection25] INFO  grpc.GrpcConfigKeys (ConfUtils.java:logGet(46)) - raft.grpc.server.heartbeat.channel = true (default)
2023-09-08 11:19:33,178 [86b604ca-d593-47c1-a869-330a99737efc@group-02558DD72F89-LeaderElection25] INFO  server.RaftServerConfigKeys (ConfUtils.java:logGet(46)) - raft.server.log.appender.snapshot.chunk.size.max = 16MB (=16777216) (default)
2023-09-08 11:19:33,178 [86b604ca-d593-47c1-a869-330a99737efc@group-02558DD72F89-LeaderElection25] INFO  server.RaftServerConfigKeys (ConfUtils.java:logGet(46)) - raft.server.log.appender.buffer.byte-limit = 33554432 (custom)
2023-09-08 11:19:33,178 [86b604ca-d593-47c1-a869-330a99737efc@group-02558DD72F89-LeaderElection25] INFO  server.RaftServerConfigKeys (ConfUtils.java:logGet(46)) - raft.server.log.appender.buffer.element-limit = 1 (custom)
2023-09-08 11:19:33,178 [86b604ca-d593-47c1-a869-330a99737efc@group-02558DD72F89-LeaderElection25] INFO  server.RaftServerConfigKeys (ConfUtils.java:logGet(46)) - raft.server.log.appender.wait-time.min = 10ms (default)
2023-09-08 11:19:33,178 [86b604ca-d593-47c1-a869-330a99737efc@group-02558DD72F89-LeaderElection25] INFO  grpc.GrpcConfigKeys (ConfUtils.java:logGet(46)) - raft.grpc.server.leader.outstanding.appends.max = 128 (default)
2023-09-08 11:19:33,178 [86b604ca-d593-47c1-a869-330a99737efc@group-02558DD72F89-LeaderElection25] INFO  server.RaftServerConfigKeys (ConfUtils.java:logGet(46)) - raft.server.rpc.request.timeout = 60s (custom)
2023-09-08 11:19:33,178 [86b604ca-d593-47c1-a869-330a99737efc@group-02558DD72F89-LeaderElection25] INFO  grpc.GrpcConfigKeys (ConfUtils.java:logGet(46)) - raft.grpc.server.install_snapshot.request.element-limit = 8 (default)
2023-09-08 11:19:33,179 [86b604ca-d593-47c1-a869-330a99737efc@group-02558DD72F89-LeaderElection25] INFO  grpc.GrpcConfigKeys (ConfUtils.java:logGet(46)) - raft.grpc.server.install_snapshot.request.timeout = 3000ms (default)
2023-09-08 11:19:33,179 [86b604ca-d593-47c1-a869-330a99737efc@group-02558DD72F89-LeaderElection25] INFO  server.RaftServerConfigKeys (ConfUtils.java:logGet(46)) - raft.server.log.appender.install.snapshot.enabled = false (custom)
2023-09-08 11:19:33,179 [86b604ca-d593-47c1-a869-330a99737efc@group-02558DD72F89-LeaderElection25] INFO  grpc.GrpcConfigKeys (ConfUtils.java:logGet(46)) - raft.grpc.server.heartbeat.channel = true (default)
2023-09-08 11:19:33,180 [EventQueue-PipelineReportForPipelineReportHandler] INFO  pipeline.PipelineReportHandler (PipelineReportHandler.java:processPipelineReport(136)) - Opened pipeline PipelineID=7a8bc299-87da-4858-abc5-02558dd72f89
2023-09-08 11:19:33,181 [86b604ca-d593-47c1-a869-330a99737efc@group-02558DD72F89-LeaderElection25] INFO  impl.RoleInfo (RoleInfo.java:updateAndGet(139)) - 86b604ca-d593-47c1-a869-330a99737efc: start 86b604ca-d593-47c1-a869-330a99737efc@group-02558DD72F89-LeaderStateImpl
2023-09-08 11:19:33,181 [86b604ca-d593-47c1-a869-330a99737efc@group-02558DD72F89-LeaderElection25] INFO  segmented.SegmentedRaftLogWorker (SegmentedRaftLogWorker.java:startLogSegment(447)) - 86b604ca-d593-47c1-a869-330a99737efc@group-02558DD72F89-SegmentedRaftLogWorker: Starting segment from index:0
2023-09-08 11:19:33,182 [86b604ca-d593-47c1-a869-330a99737efc@group-02558DD72F89-SegmentedRaftLogWorker] INFO  segmented.SegmentedRaftLogWorker (SegmentedRaftLogWorker.java:execute(651)) - 86b604ca-d593-47c1-a869-330a99737efc@group-02558DD72F89-SegmentedRaftLogWorker: created new log segment /home/runner/work/ozone/ozone/hadoop-ozone/integration-test/target/test-dir/MiniOzoneClusterImpl-b03496ff-6041-4009-870e-fb613b325751/datanode-2/data/ratis/7a8bc299-87da-4858-abc5-02558dd72f89/current/log_inprogress_0
2023-09-08 11:19:33,187 [03f108d1-7670-46de-a663-64a53fa7aba7@group-F4D0E7223D43-FollowerState] INFO  impl.FollowerState (FollowerState.java:run(143)) - 03f108d1-7670-46de-a663-64a53fa7aba7@group-F4D0E7223D43-FollowerState: change to CANDIDATE, lastRpcElapsedTime:5105533886ns, electionTimeout:5105ms
2023-09-08 11:19:33,187 [03f108d1-7670-46de-a663-64a53fa7aba7@group-F4D0E7223D43-FollowerState] INFO  impl.RoleInfo (RoleInfo.java:shutdownFollowerState(110)) - 03f108d1-7670-46de-a663-64a53fa7aba7: shutdown 03f108d1-7670-46de-a663-64a53fa7aba7@group-F4D0E7223D43-FollowerState
2023-09-08 11:19:33,187 [03f108d1-7670-46de-a663-64a53fa7aba7@group-F4D0E7223D43-FollowerState] INFO  server.RaftServer$Division (RaftServerImpl.java:setRole(329)) - 03f108d1-7670-46de-a663-64a53fa7aba7@group-F4D0E7223D43: changes role from  FOLLOWER to CANDIDATE at term 0 for changeToCandidate
2023-09-08 11:19:33,199 [03f108d1-7670-46de-a663-64a53fa7aba7@group-F4D0E7223D43-FollowerState] INFO  server.RaftServerConfigKeys (ConfUtils.java:logGet(46)) - raft.server.leaderelection.pre-vote = true (default)
2023-09-08 11:19:33,199 [03f108d1-7670-46de-a663-64a53fa7aba7@group-F4D0E7223D43-FollowerState] INFO  impl.RoleInfo (RoleInfo.java:updateAndGet(139)) - 03f108d1-7670-46de-a663-64a53fa7aba7: start 03f108d1-7670-46de-a663-64a53fa7aba7@group-F4D0E7223D43-LeaderElection26
2023-09-08 11:19:33,209 [86b604ca-d593-47c1-a869-330a99737efc@group-02558DD72F89-LeaderElection25] INFO  server.RaftServer$Division (ServerState.java:setRaftConf(434)) - 86b604ca-d593-47c1-a869-330a99737efc@group-02558DD72F89: set configuration 0: peers:[86b604ca-d593-47c1-a869-330a99737efc|rpc:10.1.0.72:15138|admin:10.1.0.72:15137|client:10.1.0.72:15136|dataStream:10.1.0.72:15139|priority:1|startupRole:FOLLOWER, 03f108d1-7670-46de-a663-64a53fa7aba7|rpc:10.1.0.72:15129|admin:10.1.0.72:15128|client:10.1.0.72:15127|dataStream:10.1.0.72:15130|priority:0|startupRole:FOLLOWER, ccde687e-3bc0-46e3-98cf-cb73a4745fdb|rpc:10.1.0.72:15120|admin:10.1.0.72:15119|client:10.1.0.72:15118|dataStream:10.1.0.72:15121|priority:0|startupRole:FOLLOWER]|listeners:[], old=null
2023-09-08 11:19:33,215 [OM StateMachine ApplyTransaction Thread - 0] INFO  volume.OMVolumeCreateRequest (OMVolumeCreateRequest.java:validateAndUpdateCache(196)) - created volume:volume57283 for user:user60624
2023-09-08 11:19:33,218 [03f108d1-7670-46de-a663-64a53fa7aba7-server-thread1] INFO  ratis.XceiverServerRatis (XceiverServerRatis.java:handleLeaderChangedNotification(902)) - Leader change notification received for group: group-02558DD72F89 with new leaderId: 86b604ca-d593-47c1-a869-330a99737efc
2023-09-08 11:19:33,218 [03f108d1-7670-46de-a663-64a53fa7aba7-server-thread1] INFO  server.RaftServer$Division (ServerState.java:setLeader(317)) - 03f108d1-7670-46de-a663-64a53fa7aba7@group-02558DD72F89: change Leader from null to 86b604ca-d593-47c1-a869-330a99737efc at term 1 for appendEntries, leader elected after 5346ms
2023-09-08 11:19:33,226 [03f108d1-7670-46de-a663-64a53fa7aba7-server-thread2] INFO  server.RaftServer$Division (ServerState.java:setRaftConf(434)) - 03f108d1-7670-46de-a663-64a53fa7aba7@group-02558DD72F89: set configuration 0: peers:[86b604ca-d593-47c1-a869-330a99737efc|rpc:10.1.0.72:15138|admin:10.1.0.72:15137|client:10.1.0.72:15136|dataStream:10.1.0.72:15139|priority:1|startupRole:FOLLOWER, 03f108d1-7670-46de-a663-64a53fa7aba7|rpc:10.1.0.72:15129|admin:10.1.0.72:15128|client:10.1.0.72:15127|dataStream:10.1.0.72:15130|priority:0|startupRole:FOLLOWER, ccde687e-3bc0-46e3-98cf-cb73a4745fdb|rpc:10.1.0.72:15120|admin:10.1.0.72:15119|client:10.1.0.72:15118|dataStream:10.1.0.72:15121|priority:0|startupRole:FOLLOWER]|listeners:[], old=null
2023-09-08 11:19:33,226 [03f108d1-7670-46de-a663-64a53fa7aba7-server-thread2] INFO  segmented.SegmentedRaftLogWorker (SegmentedRaftLogWorker.java:startLogSegment(447)) - 03f108d1-7670-46de-a663-64a53fa7aba7@group-02558DD72F89-SegmentedRaftLogWorker: Starting segment from index:0
2023-09-08 11:19:33,227 [main] INFO  rpc.RpcClient (RpcClient.java:createBucket(688)) - Creating Bucket: volume57283/bucket81356, with bucket layout LEGACY, runner as owner, Versioning false, Storage Type set to DISK and Encryption set to false, Replication Type set to server-side default replication type, Namespace Quota set to -1, Space Quota set to -1 
2023-09-08 11:19:33,228 [03f108d1-7670-46de-a663-64a53fa7aba7@group-02558DD72F89-SegmentedRaftLogWorker] INFO  segmented.SegmentedRaftLogWorker (SegmentedRaftLogWorker.java:execute(651)) - 03f108d1-7670-46de-a663-64a53fa7aba7@group-02558DD72F89-SegmentedRaftLogWorker: created new log segment /home/runner/work/ozone/ozone/hadoop-ozone/integration-test/target/test-dir/MiniOzoneClusterImpl-b03496ff-6041-4009-870e-fb613b325751/datanode-1/data/ratis/7a8bc299-87da-4858-abc5-02558dd72f89/current/log_inprogress_0
2023-09-08 11:19:33,229 [03f108d1-7670-46de-a663-64a53fa7aba7@group-F4D0E7223D43-LeaderElection26] INFO  impl.LeaderElection (LeaderElection.java:askForVotes(321)) - 03f108d1-7670-46de-a663-64a53fa7aba7@group-F4D0E7223D43-LeaderElection26 PRE_VOTE round 0: submit vote requests at term 0 for -1: peers:[03f108d1-7670-46de-a663-64a53fa7aba7|rpc:10.1.0.72:15129|admin:10.1.0.72:15128|client:10.1.0.72:15127|dataStream:10.1.0.72:15130|priority:1|startupRole:FOLLOWER]|listeners:[], old=null
2023-09-08 11:19:33,229 [03f108d1-7670-46de-a663-64a53fa7aba7@group-F4D0E7223D43-LeaderElection26] INFO  impl.LeaderElection (LeaderElection.java:askForVotes(323)) - 03f108d1-7670-46de-a663-64a53fa7aba7@group-F4D0E7223D43-LeaderElection26 PRE_VOTE round 0: result PASSED (term=0)
2023-09-08 11:19:33,233 [03f108d1-7670-46de-a663-64a53fa7aba7@group-F4D0E7223D43-LeaderElection26] INFO  impl.LeaderElection (LeaderElection.java:askForVotes(321)) - 03f108d1-7670-46de-a663-64a53fa7aba7@group-F4D0E7223D43-LeaderElection26 ELECTION round 0: submit vote requests at term 1 for -1: peers:[03f108d1-7670-46de-a663-64a53fa7aba7|rpc:10.1.0.72:15129|admin:10.1.0.72:15128|client:10.1.0.72:15127|dataStream:10.1.0.72:15130|priority:1|startupRole:FOLLOWER]|listeners:[], old=null
2023-09-08 11:19:33,233 [03f108d1-7670-46de-a663-64a53fa7aba7@group-F4D0E7223D43-LeaderElection26] INFO  impl.LeaderElection (LeaderElection.java:askForVotes(323)) - 03f108d1-7670-46de-a663-64a53fa7aba7@group-F4D0E7223D43-LeaderElection26 ELECTION round 0: result PASSED (term=1)
2023-09-08 11:19:33,233 [03f108d1-7670-46de-a663-64a53fa7aba7@group-F4D0E7223D43-LeaderElection26] INFO  impl.RoleInfo (RoleInfo.java:shutdownLeaderElection(130)) - 03f108d1-7670-46de-a663-64a53fa7aba7: shutdown 03f108d1-7670-46de-a663-64a53fa7aba7@group-F4D0E7223D43-LeaderElection26
2023-09-08 11:19:33,233 [03f108d1-7670-46de-a663-64a53fa7aba7@group-F4D0E7223D43-LeaderElection26] INFO  server.RaftServer$Division (RaftServerImpl.java:setRole(329)) - 03f108d1-7670-46de-a663-64a53fa7aba7@group-F4D0E7223D43: changes role from CANDIDATE to LEADER at term 1 for changeToLeader
2023-09-08 11:19:33,233 [03f108d1-7670-46de-a663-64a53fa7aba7@group-F4D0E7223D43-LeaderElection26] INFO  ratis.XceiverServerRatis (XceiverServerRatis.java:handleLeaderChangedNotification(902)) - Leader change notification received for group: group-F4D0E7223D43 with new leaderId: 03f108d1-7670-46de-a663-64a53fa7aba7
2023-09-08 11:19:33,238 [OM StateMachine ApplyTransaction Thread - 0] INFO  bucket.OMBucketCreateRequest (OMBucketCreateRequest.java:validateAndUpdateCache(270)) - created bucket: bucket81356 of layout LEGACY in volume: volume57283
2023-09-08 11:19:33,247 [03f108d1-7670-46de-a663-64a53fa7aba7@group-F4D0E7223D43-LeaderElection26] INFO  server.RaftServer$Division (ServerState.java:setLeader(317)) - 03f108d1-7670-46de-a663-64a53fa7aba7@group-F4D0E7223D43: change Leader from null to 03f108d1-7670-46de-a663-64a53fa7aba7 at term 1 for becomeLeader, leader elected after 5171ms
2023-09-08 11:19:33,247 [03f108d1-7670-46de-a663-64a53fa7aba7@group-F4D0E7223D43-LeaderElection26] INFO  server.RaftServerConfigKeys (ConfUtils.java:logGet(46)) - raft.server.staging.catchup.gap = 1000 (default)
2023-09-08 11:19:33,247 [03f108d1-7670-46de-a663-64a53fa7aba7@group-F4D0E7223D43-LeaderElection26] INFO  server.RaftServerConfigKeys (ConfUtils.java:logGet(46)) - raft.server.write.element-limit = 1024 (custom)
2023-09-08 11:19:33,247 [03f108d1-7670-46de-a663-64a53fa7aba7@group-F4D0E7223D43-LeaderElection26] INFO  server.RaftServerConfigKeys (ConfUtils.java:logGet(46)) - raft.server.write.byte-limit = 1024 M (=1073741824) (custom)
2023-09-08 11:19:33,247 [03f108d1-7670-46de-a663-64a53fa7aba7@group-F4D0E7223D43-LeaderElection26] INFO  server.RaftServerConfigKeys (ConfUtils.java:logGet(46)) - raft.server.watch.timeout = 180s (custom)
2023-09-08 11:19:33,247 [03f108d1-7670-46de-a663-64a53fa7aba7@group-F4D0E7223D43-LeaderElection26] INFO  server.RaftServerConfigKeys (ConfUtils.java:logGet(46)) - raft.server.watch.timeout.denomination = 1s (default)
2023-09-08 11:19:33,247 [03f108d1-7670-46de-a663-64a53fa7aba7@group-F4D0E7223D43-LeaderElection26] INFO  server.RaftServerConfigKeys (ConfUtils.java:logGet(46)) - raft.server.watch.element-limit = 65536 (default)
2023-09-08 11:19:33,247 [03f108d1-7670-46de-a663-64a53fa7aba7@group-F4D0E7223D43-LeaderElection26] INFO  server.RaftServerConfigKeys (ConfUtils.java:logGet(46)) - raft.server.write.element-limit = 1024 (custom)
2023-09-08 11:19:33,247 [03f108d1-7670-46de-a663-64a53fa7aba7@group-F4D0E7223D43-LeaderElection26] INFO  server.RaftServerConfigKeys (ConfUtils.java:logGet(46)) - raft.server.write.follower.gap.ratio.max = -1.0 (default)
2023-09-08 11:19:33,247 [03f108d1-7670-46de-a663-64a53fa7aba7@group-F4D0E7223D43-LeaderElection26] INFO  impl.RoleInfo (RoleInfo.java:updateAndGet(139)) - 03f108d1-7670-46de-a663-64a53fa7aba7: start 03f108d1-7670-46de-a663-64a53fa7aba7@group-F4D0E7223D43-LeaderStateImpl
2023-09-08 11:19:33,248 [03f108d1-7670-46de-a663-64a53fa7aba7@group-F4D0E7223D43-LeaderElection26] INFO  segmented.SegmentedRaftLogWorker (SegmentedRaftLogWorker.java:startLogSegment(447)) - 03f108d1-7670-46de-a663-64a53fa7aba7@group-F4D0E7223D43-SegmentedRaftLogWorker: Starting segment from index:0
2023-09-08 11:19:33,250 [03f108d1-7670-46de-a663-64a53fa7aba7@group-F4D0E7223D43-SegmentedRaftLogWorker] INFO  segmented.SegmentedRaftLogWorker (SegmentedRaftLogWorker.java:execute(651)) - 03f108d1-7670-46de-a663-64a53fa7aba7@group-F4D0E7223D43-SegmentedRaftLogWorker: created new log segment /home/runner/work/ozone/ozone/hadoop-ozone/integration-test/target/test-dir/MiniOzoneClusterImpl-b03496ff-6041-4009-870e-fb613b325751/datanode-1/data/ratis/e24e7845-d183-465d-82b9-f4d0e7223d43/current/log_inprogress_0
2023-09-08 11:19:33,250 [ccde687e-3bc0-46e3-98cf-cb73a4745fdb-server-thread1] INFO  ratis.XceiverServerRatis (XceiverServerRatis.java:handleLeaderChangedNotification(902)) - Leader change notification received for group: group-02558DD72F89 with new leaderId: 86b604ca-d593-47c1-a869-330a99737efc
2023-09-08 11:19:33,250 [ccde687e-3bc0-46e3-98cf-cb73a4745fdb-server-thread1] INFO  server.RaftServer$Division (ServerState.java:setLeader(317)) - ccde687e-3bc0-46e3-98cf-cb73a4745fdb@group-02558DD72F89: change Leader from null to 86b604ca-d593-47c1-a869-330a99737efc at term 1 for appendEntries, leader elected after 5407ms
2023-09-08 11:19:33,278 [03f108d1-7670-46de-a663-64a53fa7aba7@group-F4D0E7223D43-LeaderElection26] INFO  server.RaftServer$Division (ServerState.java:setRaftConf(434)) - 03f108d1-7670-46de-a663-64a53fa7aba7@group-F4D0E7223D43: set configuration 0: peers:[03f108d1-7670-46de-a663-64a53fa7aba7|rpc:10.1.0.72:15129|admin:10.1.0.72:15128|client:10.1.0.72:15127|dataStream:10.1.0.72:15130|priority:1|startupRole:FOLLOWER]|listeners:[], old=null
2023-09-08 11:19:33,278 [ccde687e-3bc0-46e3-98cf-cb73a4745fdb-server-thread2] INFO  server.RaftServer$Division (ServerState.java:setRaftConf(434)) - ccde687e-3bc0-46e3-98cf-cb73a4745fdb@group-02558DD72F89: set configuration 0: peers:[86b604ca-d593-47c1-a869-330a99737efc|rpc:10.1.0.72:15138|admin:10.1.0.72:15137|client:10.1.0.72:15136|dataStream:10.1.0.72:15139|priority:1|startupRole:FOLLOWER, 03f108d1-7670-46de-a663-64a53fa7aba7|rpc:10.1.0.72:15129|admin:10.1.0.72:15128|client:10.1.0.72:15127|dataStream:10.1.0.72:15130|priority:0|startupRole:FOLLOWER, ccde687e-3bc0-46e3-98cf-cb73a4745fdb|rpc:10.1.0.72:15120|admin:10.1.0.72:15119|client:10.1.0.72:15118|dataStream:10.1.0.72:15121|priority:0|startupRole:FOLLOWER]|listeners:[], old=null
2023-09-08 11:19:33,279 [ccde687e-3bc0-46e3-98cf-cb73a4745fdb-server-thread2] INFO  segmented.SegmentedRaftLogWorker (SegmentedRaftLogWorker.java:startLogSegment(447)) - ccde687e-3bc0-46e3-98cf-cb73a4745fdb@group-02558DD72F89-SegmentedRaftLogWorker: Starting segment from index:0
2023-09-08 11:19:33,287 [ccde687e-3bc0-46e3-98cf-cb73a4745fdb@group-02558DD72F89-SegmentedRaftLogWorker] INFO  segmented.SegmentedRaftLogWorker (SegmentedRaftLogWorker.java:execute(651)) - ccde687e-3bc0-46e3-98cf-cb73a4745fdb@group-02558DD72F89-SegmentedRaftLogWorker: created new log segment /home/runner/work/ozone/ozone/hadoop-ozone/integration-test/target/test-dir/MiniOzoneClusterImpl-b03496ff-6041-4009-870e-fb613b325751/datanode-0/data/ratis/7a8bc299-87da-4858-abc5-02558dd72f89/current/log_inprogress_0
]]></system-out>
  </testcase>
  <testcase name="testGetTrashRoot" classname="TestOzoneFileSystem" time="19.083">
    <system-out><![CDATA[2023-09-08 11:20:40,262 [main] INFO  ozone.MiniOzoneClusterImpl (MiniOzoneClusterImpl.java:shutdown(443)) - Shutting down the Mini Ozone Cluster
2023-09-08 11:20:40,263 [main] INFO  ozone.MiniOzoneClusterImpl (MiniOzoneClusterImpl.java:stop(460)) - Stopping the Mini Ozone Cluster
2023-09-08 11:20:40,263 [main] INFO  ozone.MiniOzoneClusterImpl (MiniOzoneClusterImpl.java:stopOM(551)) - Stopping the OzoneManager
2023-09-08 11:20:40,263 [main] INFO  om.OzoneManager (OzoneManager.java:stop(2204)) - om1[localhost:15110]: Stopping Ozone Manager
2023-09-08 11:20:40,263 [main] INFO  ipc.Server (Server.java:stop(3523)) - Stopping server on 15110
2023-09-08 11:20:40,270 [IPC Server listener on 15110] INFO  ipc.Server (Server.java:run(1434)) - Stopping IPC Server listener on 15110
2023-09-08 11:20:40,270 [IPC Server Responder] INFO  ipc.Server (Server.java:run(1567)) - Stopping IPC Server Responder
2023-09-08 11:20:40,272 [main] INFO  server.RaftServer (RaftServerProxy.java:lambda$close$6(416)) - om1: close
2023-09-08 11:20:40,273 [main] INFO  server.GrpcService (GrpcService.java:closeImpl(311)) - om1: shutdown server GrpcServerProtocolService now
2023-09-08 11:20:40,273 [om1-impl-thread2] INFO  server.RaftServer$Division (RaftServerImpl.java:lambda$close$4(466)) - om1@group-C5BA1605619E: shutdown
2023-09-08 11:20:40,273 [om1-impl-thread2] INFO  util.JmxRegister (JmxRegister.java:unregister(73)) - Successfully un-registered JMX Bean with object name Ratis:service=RaftServer,group=group-C5BA1605619E,id=om1
2023-09-08 11:20:40,273 [om1-impl-thread2] INFO  impl.RoleInfo (RoleInfo.java:shutdownLeaderState(93)) - om1: shutdown om1@group-C5BA1605619E-LeaderStateImpl
2023-09-08 11:20:40,273 [om1-impl-thread2] INFO  impl.PendingRequests (PendingRequests.java:sendNotLeaderResponses(289)) - om1@group-C5BA1605619E-PendingRequests: sendNotLeaderResponses
2023-09-08 11:20:40,281 [om1-impl-thread2] INFO  impl.StateMachineUpdater (StateMachineUpdater.java:stopAndJoin(155)) - om1@group-C5BA1605619E-StateMachineUpdater: set stopIndex = 37008
2023-09-08 11:20:40,281 [om1@group-C5BA1605619E-StateMachineUpdater] INFO  ratis.OzoneManagerStateMachine (OzoneManagerStateMachine.java:takeSnapshot(480)) - Current Snapshot Index (t:1, i:37008)
2023-09-08 11:20:40,284 [main] INFO  server.GrpcService (GrpcService.java:closeImpl(320)) - om1: shutdown server GrpcServerProtocolService successfully
2023-09-08 11:20:40,325 [om1@group-C5BA1605619E-StateMachineUpdater] INFO  impl.StateMachineUpdater (StateMachineUpdater.java:takeSnapshot(291)) - om1@group-C5BA1605619E-StateMachineUpdater: Took a snapshot at index 37008
2023-09-08 11:20:40,325 [om1@group-C5BA1605619E-StateMachineUpdater] INFO  impl.StateMachineUpdater (StateMachineUpdater.java:lambda$new$0(97)) - om1@group-C5BA1605619E-StateMachineUpdater: snapshotIndex: updateIncreasingly -1 -> 37008
2023-09-08 11:20:40,325 [om1@group-C5BA1605619E-StateMachineUpdater] INFO  ratis.OzoneManagerStateMachine (OzoneManagerStateMachine.java:close(534)) - StateMachine has shutdown. Shutdown OzoneManager if not already shutdown.
2023-09-08 11:20:40,325 [om1@group-C5BA1605619E-StateMachineUpdater] INFO  ratis.OzoneManagerDoubleBuffer (OzoneManagerDoubleBuffer.java:stopDaemon(551)) - Stopping OMDoubleBuffer flush thread
2023-09-08 11:20:40,325 [OMDoubleBufferFlushThread] INFO  ratis.OzoneManagerDoubleBuffer (OzoneManagerDoubleBuffer.java:canFlush(638)) - OMDoubleBuffer flush thread OMDoubleBufferFlushThread is interrupted and will exit.
2023-09-08 11:20:40,327 [om1-impl-thread2] INFO  server.RaftServer$Division (ServerState.java:close(472)) - om1@group-C5BA1605619E: closes. applyIndex: 37008
2023-09-08 11:20:41,257 [om1-impl-thread2] INFO  segmented.SegmentedRaftLogWorker (SegmentedRaftLogWorker.java:close(252)) - om1@group-C5BA1605619E-SegmentedRaftLogWorker close()
2023-09-08 11:20:41,259 [JvmPauseMonitor15] INFO  util.JvmPauseMonitor (JvmPauseMonitor.java:run(109)) - JvmPauseMonitor-om1: Stopped
2023-09-08 11:20:41,259 [main] INFO  ratis.OzoneManagerStateMachine (OzoneManagerStateMachine.java:close(534)) - StateMachine has shutdown. Shutdown OzoneManager if not already shutdown.
2023-09-08 11:20:41,259 [main] INFO  ratis.OzoneManagerDoubleBuffer (OzoneManagerDoubleBuffer.java:stopDaemon(560)) - OMDoubleBuffer flush thread is not running.
2023-09-08 11:20:41,260 [main] INFO  utils.BackgroundService (BackgroundService.java:shutdown(141)) - Shutting down service KeyDeletingService
2023-09-08 11:20:41,260 [main] INFO  utils.BackgroundService (BackgroundService.java:shutdown(141)) - Shutting down service KeyDeletingService
2023-09-08 11:20:41,261 [main] INFO  utils.BackgroundService (BackgroundService.java:shutdown(141)) - Shutting down service OpenKeyCleanupService
2023-09-08 11:20:41,261 [main] INFO  utils.BackgroundService (BackgroundService.java:shutdown(141)) - Shutting down service SstFilteringService
2023-09-08 11:20:41,261 [main] INFO  utils.BackgroundService (BackgroundService.java:shutdown(141)) - Shutting down service SnapshotDeletingService
2023-09-08 11:20:41,262 [main] INFO  handler.ContextHandler (ContextHandler.java:doStop(1159)) - Stopped o.e.j.w.WebAppContext@6a16220f{ozoneManager,/,null,STOPPED}{file:/home/runner/work/ozone/ozone/hadoop-ozone/integration-test/target/test-classes/webapps/ozoneManager}
2023-09-08 11:20:41,262 [main] INFO  server.AbstractConnector (AbstractConnector.java:doStop(383)) - Stopped ServerConnector@6ee7ce52{HTTP/1.1, (http/1.1)}{0.0.0.0:15111}
2023-09-08 11:20:41,263 [main] INFO  server.session (HouseKeeper.java:stopScavenging(149)) - node0 Stopped scavenging
2023-09-08 11:20:41,263 [main] INFO  handler.ContextHandler (ContextHandler.java:doStop(1159)) - Stopped o.e.j.s.ServletContextHandler@1a6a5b16{static,/static,file:///home/runner/work/ozone/ozone/hadoop-ozone/integration-test/target/test-classes/webapps/static,STOPPED}
2023-09-08 11:20:41,263 [main] INFO  handler.ContextHandler (ContextHandler.java:doStop(1159)) - Stopped o.e.j.s.ServletContextHandler@38b786b6{logs,/logs,file:///home/runner/work/ozone/ozone/hadoop-ozone/integration-test/target/log,STOPPED}
2023-09-08 11:20:41,264 [Trash Emptier] ERROR om.TrashPolicyOzone (TrashPolicyOzone.java:run(350)) - Error attempting to shutdown
java.lang.InterruptedException
	at java.util.concurrent.locks.AbstractQueuedSynchronizer$ConditionObject.awaitNanos(AbstractQueuedSynchronizer.java:2067)
	at java.util.concurrent.ThreadPoolExecutor.awaitTermination(ThreadPoolExecutor.java:1475)
	at org.apache.hadoop.ozone.om.TrashPolicyOzone$Emptier.run(TrashPolicyOzone.java:348)
	at java.lang.Thread.run(Thread.java:750)
2023-09-08 11:20:41,265 [main] INFO  rocksdiff.RocksDBCheckpointDiffer (RocksDBCheckpointDiffer.java:close(343)) - Shutting down CompactionDagPruningService.
2023-09-08 11:20:41,267 [main] INFO  snapshot.SnapshotDiffManager (SnapshotDiffManager.java:closeExecutorService(1706)) - Shutting down executorService: 'SnapDiffExecutor'
2023-09-08 11:20:41,267 [main] INFO  snapshot.SnapshotDiffManager (SnapshotDiffManager.java:closeExecutorService(1706)) - Shutting down executorService: 'SstDumpToolExecutor'
2023-09-08 11:20:41,267 [main] INFO  utils.BackgroundService (BackgroundService.java:shutdown(141)) - Shutting down service SnapshotDiffCleanupService
2023-09-08 11:20:41,268 [main] INFO  ozone.MiniOzoneClusterImpl (MiniOzoneClusterImpl.java:stopDatanodes(528)) - Stopping the HddsDatanodes
2023-09-08 11:20:41,277 [ForkJoinPool.commonPool-worker-2] INFO  ozoneimpl.OzoneContainer (OzoneContainer.java:stop(451)) - Attempting to stop container services.
2023-09-08 11:20:41,277 [ForkJoinPool.commonPool-worker-2] INFO  server.RaftServer (RaftServerProxy.java:lambda$close$6(416)) - 03f108d1-7670-46de-a663-64a53fa7aba7: close
2023-09-08 11:20:41,279 [03f108d1-7670-46de-a663-64a53fa7aba7-impl-thread2] INFO  server.RaftServer$Division (RaftServerImpl.java:lambda$close$4(466)) - 03f108d1-7670-46de-a663-64a53fa7aba7@group-7C7F1AE0E7D9: shutdown
2023-09-08 11:20:41,279 [03f108d1-7670-46de-a663-64a53fa7aba7-impl-thread2] INFO  util.JmxRegister (JmxRegister.java:unregister(73)) - Successfully un-registered JMX Bean with object name Ratis:service=RaftServer,group=group-7C7F1AE0E7D9,id=03f108d1-7670-46de-a663-64a53fa7aba7
2023-09-08 11:20:41,279 [03f108d1-7670-46de-a663-64a53fa7aba7-impl-thread2] INFO  impl.RoleInfo (RoleInfo.java:shutdownFollowerState(110)) - 03f108d1-7670-46de-a663-64a53fa7aba7: shutdown 03f108d1-7670-46de-a663-64a53fa7aba7@group-7C7F1AE0E7D9-FollowerState
2023-09-08 11:20:41,279 [03f108d1-7670-46de-a663-64a53fa7aba7-impl-thread3] INFO  server.RaftServer$Division (RaftServerImpl.java:lambda$close$4(466)) - 03f108d1-7670-46de-a663-64a53fa7aba7@group-F4D0E7223D43: shutdown
2023-09-08 11:20:41,279 [03f108d1-7670-46de-a663-64a53fa7aba7-impl-thread3] INFO  util.JmxRegister (JmxRegister.java:unregister(73)) - Successfully un-registered JMX Bean with object name Ratis:service=RaftServer,group=group-F4D0E7223D43,id=03f108d1-7670-46de-a663-64a53fa7aba7
2023-09-08 11:20:41,279 [03f108d1-7670-46de-a663-64a53fa7aba7-impl-thread3] INFO  impl.RoleInfo (RoleInfo.java:shutdownLeaderState(93)) - 03f108d1-7670-46de-a663-64a53fa7aba7: shutdown 03f108d1-7670-46de-a663-64a53fa7aba7@group-F4D0E7223D43-LeaderStateImpl
2023-09-08 11:20:41,279 [03f108d1-7670-46de-a663-64a53fa7aba7-impl-thread3] INFO  impl.PendingRequests (PendingRequests.java:sendNotLeaderResponses(289)) - 03f108d1-7670-46de-a663-64a53fa7aba7@group-F4D0E7223D43-PendingRequests: sendNotLeaderResponses
2023-09-08 11:20:41,280 [03f108d1-7670-46de-a663-64a53fa7aba7-impl-thread3] INFO  impl.StateMachineUpdater (StateMachineUpdater.java:stopAndJoin(155)) - 03f108d1-7670-46de-a663-64a53fa7aba7@group-F4D0E7223D43-StateMachineUpdater: set stopIndex = 0
2023-09-08 11:20:41,280 [03f108d1-7670-46de-a663-64a53fa7aba7@group-F4D0E7223D43-StateMachineUpdater] INFO  ratis.ContainerStateMachine (ContainerStateMachine.java:takeSnapshot(330)) - group-F4D0E7223D43: Taking a snapshot at:(t:1, i:0) file /home/runner/work/ozone/ozone/hadoop-ozone/integration-test/target/test-dir/MiniOzoneClusterImpl-b03496ff-6041-4009-870e-fb613b325751/datanode-1/data/ratis/e24e7845-d183-465d-82b9-f4d0e7223d43/sm/snapshot.1_0
2023-09-08 11:20:41,280 [ForkJoinPool.commonPool-worker-2] INFO  server.GrpcService (GrpcService.java:closeImpl(311)) - 03f108d1-7670-46de-a663-64a53fa7aba7: shutdown server org.apache.ratis.grpc.server.GrpcClientProtocolService now
2023-09-08 11:20:41,281 [03f108d1-7670-46de-a663-64a53fa7aba7-impl-thread2] INFO  impl.StateMachineUpdater (StateMachineUpdater.java:stopAndJoin(155)) - 03f108d1-7670-46de-a663-64a53fa7aba7@group-7C7F1AE0E7D9-StateMachineUpdater: set stopIndex = 8
2023-09-08 11:20:41,281 [03f108d1-7670-46de-a663-64a53fa7aba7@group-7C7F1AE0E7D9-StateMachineUpdater] INFO  ratis.ContainerStateMachine (ContainerStateMachine.java:takeSnapshot(330)) - group-7C7F1AE0E7D9: Taking a snapshot at:(t:1, i:8) file /home/runner/work/ozone/ozone/hadoop-ozone/integration-test/target/test-dir/MiniOzoneClusterImpl-b03496ff-6041-4009-870e-fb613b325751/datanode-1/data/ratis/f56822c3-6ef4-41d9-89bd-7c7f1ae0e7d9/sm/snapshot.1_8
2023-09-08 11:20:41,281 [03f108d1-7670-46de-a663-64a53fa7aba7@group-7C7F1AE0E7D9-FollowerState] INFO  impl.FollowerState (FollowerState.java:run(152)) - 03f108d1-7670-46de-a663-64a53fa7aba7@group-7C7F1AE0E7D9-FollowerState was interrupted
2023-09-08 11:20:41,283 [03f108d1-7670-46de-a663-64a53fa7aba7@group-F4D0E7223D43-StateMachineUpdater] INFO  ratis.ContainerStateMachine (ContainerStateMachine.java:takeSnapshot(341)) - group-F4D0E7223D43: Finished taking a snapshot at:(t:1, i:0) file:/home/runner/work/ozone/ozone/hadoop-ozone/integration-test/target/test-dir/MiniOzoneClusterImpl-b03496ff-6041-4009-870e-fb613b325751/datanode-1/data/ratis/e24e7845-d183-465d-82b9-f4d0e7223d43/sm/snapshot.1_0 took: 3 ms
2023-09-08 11:20:41,283 [03f108d1-7670-46de-a663-64a53fa7aba7@group-F4D0E7223D43-StateMachineUpdater] INFO  impl.StateMachineUpdater (StateMachineUpdater.java:takeSnapshot(291)) - 03f108d1-7670-46de-a663-64a53fa7aba7@group-F4D0E7223D43-StateMachineUpdater: Took a snapshot at index 0
2023-09-08 11:20:41,284 [03f108d1-7670-46de-a663-64a53fa7aba7@group-F4D0E7223D43-StateMachineUpdater] INFO  impl.StateMachineUpdater (StateMachineUpdater.java:lambda$new$0(97)) - 03f108d1-7670-46de-a663-64a53fa7aba7@group-F4D0E7223D43-StateMachineUpdater: snapshotIndex: updateIncreasingly -1 -> 0
2023-09-08 11:20:41,284 [03f108d1-7670-46de-a663-64a53fa7aba7@group-7C7F1AE0E7D9-StateMachineUpdater] INFO  ratis.ContainerStateMachine (ContainerStateMachine.java:takeSnapshot(341)) - group-7C7F1AE0E7D9: Finished taking a snapshot at:(t:1, i:8) file:/home/runner/work/ozone/ozone/hadoop-ozone/integration-test/target/test-dir/MiniOzoneClusterImpl-b03496ff-6041-4009-870e-fb613b325751/datanode-1/data/ratis/f56822c3-6ef4-41d9-89bd-7c7f1ae0e7d9/sm/snapshot.1_8 took: 3 ms
2023-09-08 11:20:41,284 [03f108d1-7670-46de-a663-64a53fa7aba7@group-7C7F1AE0E7D9-StateMachineUpdater] INFO  impl.StateMachineUpdater (StateMachineUpdater.java:takeSnapshot(291)) - 03f108d1-7670-46de-a663-64a53fa7aba7@group-7C7F1AE0E7D9-StateMachineUpdater: Took a snapshot at index 8
2023-09-08 11:20:41,284 [03f108d1-7670-46de-a663-64a53fa7aba7@group-7C7F1AE0E7D9-StateMachineUpdater] INFO  impl.StateMachineUpdater (StateMachineUpdater.java:lambda$new$0(97)) - 03f108d1-7670-46de-a663-64a53fa7aba7@group-7C7F1AE0E7D9-StateMachineUpdater: snapshotIndex: updateIncreasingly -1 -> 8
2023-09-08 11:20:41,284 [03f108d1-7670-46de-a663-64a53fa7aba7-impl-thread3] INFO  server.RaftServer$Division (ServerState.java:close(472)) - 03f108d1-7670-46de-a663-64a53fa7aba7@group-F4D0E7223D43: closes. applyIndex: 0
2023-09-08 11:20:41,284 [03f108d1-7670-46de-a663-64a53fa7aba7-impl-thread2] INFO  server.RaftServer$Division (ServerState.java:close(472)) - 03f108d1-7670-46de-a663-64a53fa7aba7@group-7C7F1AE0E7D9: closes. applyIndex: 8
2023-09-08 11:20:41,286 [main] INFO  ozoneimpl.OzoneContainer (OzoneContainer.java:stop(451)) - Attempting to stop container services.
2023-09-08 11:20:41,287 [03f108d1-7670-46de-a663-64a53fa7aba7-impl-thread4] INFO  server.RaftServer$Division (RaftServerImpl.java:lambda$close$4(466)) - 03f108d1-7670-46de-a663-64a53fa7aba7@group-02558DD72F89: shutdown
2023-09-08 11:20:41,292 [03f108d1-7670-46de-a663-64a53fa7aba7-impl-thread4] INFO  util.JmxRegister (JmxRegister.java:unregister(73)) - Successfully un-registered JMX Bean with object name Ratis:service=RaftServer,group=group-02558DD72F89,id=03f108d1-7670-46de-a663-64a53fa7aba7
2023-09-08 11:20:41,292 [03f108d1-7670-46de-a663-64a53fa7aba7-impl-thread4] INFO  impl.RoleInfo (RoleInfo.java:shutdownFollowerState(110)) - 03f108d1-7670-46de-a663-64a53fa7aba7: shutdown 03f108d1-7670-46de-a663-64a53fa7aba7@group-02558DD72F89-FollowerState
2023-09-08 11:20:41,292 [03f108d1-7670-46de-a663-64a53fa7aba7@group-02558DD72F89-FollowerState] INFO  impl.FollowerState (FollowerState.java:run(152)) - 03f108d1-7670-46de-a663-64a53fa7aba7@group-02558DD72F89-FollowerState was interrupted
2023-09-08 11:20:41,291 [ForkJoinPool.commonPool-worker-2] INFO  server.GrpcService (GrpcService.java:closeImpl(320)) - 03f108d1-7670-46de-a663-64a53fa7aba7: shutdown server org.apache.ratis.grpc.server.GrpcClientProtocolService successfully
2023-09-08 11:20:41,295 [ForkJoinPool.commonPool-worker-2] INFO  server.GrpcService (GrpcService.java:closeImpl(311)) - 03f108d1-7670-46de-a663-64a53fa7aba7: shutdown server GrpcServerProtocolService now
2023-09-08 11:20:41,295 [grpc-default-executor-0] WARN  server.GrpcServerProtocolService (LogUtils.java:warn(122)) - 03f108d1-7670-46de-a663-64a53fa7aba7: APPEND_ENTRIES onError, lastRequest: null: org.apache.ratis.thirdparty.io.grpc.StatusRuntimeException: CANCELLED: client cancelled
2023-09-08 11:20:41,287 [main] INFO  server.RaftServer (RaftServerProxy.java:lambda$close$6(416)) - 86b604ca-d593-47c1-a869-330a99737efc: close
2023-09-08 11:20:41,299 [03f108d1-7670-46de-a663-64a53fa7aba7-impl-thread4] INFO  impl.StateMachineUpdater (StateMachineUpdater.java:stopAndJoin(155)) - 03f108d1-7670-46de-a663-64a53fa7aba7@group-02558DD72F89-StateMachineUpdater: set stopIndex = 20
2023-09-08 11:20:41,303 [03f108d1-7670-46de-a663-64a53fa7aba7@group-02558DD72F89-StateMachineUpdater] INFO  ratis.ContainerStateMachine (ContainerStateMachine.java:takeSnapshot(330)) - group-02558DD72F89: Taking a snapshot at:(t:1, i:20) file /home/runner/work/ozone/ozone/hadoop-ozone/integration-test/target/test-dir/MiniOzoneClusterImpl-b03496ff-6041-4009-870e-fb613b325751/datanode-1/data/ratis/7a8bc299-87da-4858-abc5-02558dd72f89/sm/snapshot.1_20
2023-09-08 11:20:41,305 [03f108d1-7670-46de-a663-64a53fa7aba7@group-02558DD72F89-StateMachineUpdater] INFO  ratis.ContainerStateMachine (ContainerStateMachine.java:takeSnapshot(341)) - group-02558DD72F89: Finished taking a snapshot at:(t:1, i:20) file:/home/runner/work/ozone/ozone/hadoop-ozone/integration-test/target/test-dir/MiniOzoneClusterImpl-b03496ff-6041-4009-870e-fb613b325751/datanode-1/data/ratis/7a8bc299-87da-4858-abc5-02558dd72f89/sm/snapshot.1_20 took: 2 ms
2023-09-08 11:20:41,305 [86b604ca-d593-47c1-a869-330a99737efc-impl-thread2] INFO  server.RaftServer$Division (RaftServerImpl.java:lambda$close$4(466)) - 86b604ca-d593-47c1-a869-330a99737efc@group-7C7F1AE0E7D9: shutdown
2023-09-08 11:20:41,305 [86b604ca-d593-47c1-a869-330a99737efc-impl-thread2] INFO  util.JmxRegister (JmxRegister.java:unregister(73)) - Successfully un-registered JMX Bean with object name Ratis:service=RaftServer,group=group-7C7F1AE0E7D9,id=86b604ca-d593-47c1-a869-330a99737efc
2023-09-08 11:20:41,305 [86b604ca-d593-47c1-a869-330a99737efc-impl-thread2] INFO  impl.RoleInfo (RoleInfo.java:shutdownFollowerState(110)) - 86b604ca-d593-47c1-a869-330a99737efc: shutdown 86b604ca-d593-47c1-a869-330a99737efc@group-7C7F1AE0E7D9-FollowerState
2023-09-08 11:20:41,305 [03f108d1-7670-46de-a663-64a53fa7aba7@group-02558DD72F89-StateMachineUpdater] INFO  impl.StateMachineUpdater (StateMachineUpdater.java:takeSnapshot(291)) - 03f108d1-7670-46de-a663-64a53fa7aba7@group-02558DD72F89-StateMachineUpdater: Took a snapshot at index 20
2023-09-08 11:20:41,305 [03f108d1-7670-46de-a663-64a53fa7aba7@group-02558DD72F89-StateMachineUpdater] INFO  impl.StateMachineUpdater (StateMachineUpdater.java:lambda$new$0(97)) - 03f108d1-7670-46de-a663-64a53fa7aba7@group-02558DD72F89-StateMachineUpdater: snapshotIndex: updateIncreasingly -1 -> 20
2023-09-08 11:20:41,306 [86b604ca-d593-47c1-a869-330a99737efc-impl-thread3] INFO  server.RaftServer$Division (RaftServerImpl.java:lambda$close$4(466)) - 86b604ca-d593-47c1-a869-330a99737efc@group-02558DD72F89: shutdown
2023-09-08 11:20:41,306 [86b604ca-d593-47c1-a869-330a99737efc-impl-thread3] INFO  util.JmxRegister (JmxRegister.java:unregister(73)) - Successfully un-registered JMX Bean with object name Ratis:service=RaftServer,group=group-02558DD72F89,id=86b604ca-d593-47c1-a869-330a99737efc
2023-09-08 11:20:41,306 [86b604ca-d593-47c1-a869-330a99737efc-impl-thread3] INFO  impl.RoleInfo (RoleInfo.java:shutdownLeaderState(93)) - 86b604ca-d593-47c1-a869-330a99737efc: shutdown 86b604ca-d593-47c1-a869-330a99737efc@group-02558DD72F89-LeaderStateImpl
2023-09-08 11:20:41,306 [main] INFO  server.GrpcService (GrpcService.java:closeImpl(311)) - 86b604ca-d593-47c1-a869-330a99737efc: shutdown server org.apache.ratis.grpc.server.GrpcClientProtocolService now
2023-09-08 11:20:41,306 [86b604ca-d593-47c1-a869-330a99737efc-impl-thread4] INFO  server.RaftServer$Division (RaftServerImpl.java:lambda$close$4(466)) - 86b604ca-d593-47c1-a869-330a99737efc@group-E5C8CE52E2CD: shutdown
2023-09-08 11:20:41,307 [86b604ca-d593-47c1-a869-330a99737efc-impl-thread4] INFO  util.JmxRegister (JmxRegister.java:unregister(73)) - Successfully un-registered JMX Bean with object name Ratis:service=RaftServer,group=group-E5C8CE52E2CD,id=86b604ca-d593-47c1-a869-330a99737efc
2023-09-08 11:20:41,307 [86b604ca-d593-47c1-a869-330a99737efc-impl-thread4] INFO  impl.RoleInfo (RoleInfo.java:shutdownLeaderState(93)) - 86b604ca-d593-47c1-a869-330a99737efc: shutdown 86b604ca-d593-47c1-a869-330a99737efc@group-E5C8CE52E2CD-LeaderStateImpl
2023-09-08 11:20:41,307 [86b604ca-d593-47c1-a869-330a99737efc-impl-thread4] INFO  impl.PendingRequests (PendingRequests.java:sendNotLeaderResponses(289)) - 86b604ca-d593-47c1-a869-330a99737efc@group-E5C8CE52E2CD-PendingRequests: sendNotLeaderResponses
2023-09-08 11:20:41,307 [86b604ca-d593-47c1-a869-330a99737efc@group-E5C8CE52E2CD-StateMachineUpdater] INFO  ratis.ContainerStateMachine (ContainerStateMachine.java:takeSnapshot(330)) - group-E5C8CE52E2CD: Taking a snapshot at:(t:1, i:0) file /home/runner/work/ozone/ozone/hadoop-ozone/integration-test/target/test-dir/MiniOzoneClusterImpl-b03496ff-6041-4009-870e-fb613b325751/datanode-2/data/ratis/22170cb6-17d0-466a-8562-e5c8ce52e2cd/sm/snapshot.1_0
2023-09-08 11:20:41,308 [86b604ca-d593-47c1-a869-330a99737efc-impl-thread4] INFO  impl.StateMachineUpdater (StateMachineUpdater.java:stopAndJoin(155)) - 86b604ca-d593-47c1-a869-330a99737efc@group-E5C8CE52E2CD-StateMachineUpdater: set stopIndex = 0
2023-09-08 11:20:41,308 [86b604ca-d593-47c1-a869-330a99737efc@group-02558DD72F89->03f108d1-7670-46de-a663-64a53fa7aba7-GrpcLogAppender-LogAppenderDaemon] WARN  server.GrpcLogAppender (GrpcLogAppender.java:mayWait(199)) - 86b604ca-d593-47c1-a869-330a99737efc@group-02558DD72F89->03f108d1-7670-46de-a663-64a53fa7aba7-GrpcLogAppender: Wait interrupted by java.lang.InterruptedException
2023-09-08 11:20:41,308 [86b604ca-d593-47c1-a869-330a99737efc@group-E5C8CE52E2CD-StateMachineUpdater] INFO  ratis.ContainerStateMachine (ContainerStateMachine.java:takeSnapshot(341)) - group-E5C8CE52E2CD: Finished taking a snapshot at:(t:1, i:0) file:/home/runner/work/ozone/ozone/hadoop-ozone/integration-test/target/test-dir/MiniOzoneClusterImpl-b03496ff-6041-4009-870e-fb613b325751/datanode-2/data/ratis/22170cb6-17d0-466a-8562-e5c8ce52e2cd/sm/snapshot.1_0 took: 1 ms
2023-09-08 11:20:41,308 [86b604ca-d593-47c1-a869-330a99737efc@group-E5C8CE52E2CD-StateMachineUpdater] INFO  impl.StateMachineUpdater (StateMachineUpdater.java:takeSnapshot(291)) - 86b604ca-d593-47c1-a869-330a99737efc@group-E5C8CE52E2CD-StateMachineUpdater: Took a snapshot at index 0
2023-09-08 11:20:41,308 [86b604ca-d593-47c1-a869-330a99737efc@group-E5C8CE52E2CD-StateMachineUpdater] INFO  impl.StateMachineUpdater (StateMachineUpdater.java:lambda$new$0(97)) - 86b604ca-d593-47c1-a869-330a99737efc@group-E5C8CE52E2CD-StateMachineUpdater: snapshotIndex: updateIncreasingly -1 -> 0
2023-09-08 11:20:41,309 [86b604ca-d593-47c1-a869-330a99737efc-impl-thread4] INFO  server.RaftServer$Division (ServerState.java:close(472)) - 86b604ca-d593-47c1-a869-330a99737efc@group-E5C8CE52E2CD: closes. applyIndex: 0
2023-09-08 11:20:41,311 [grpc-default-executor-1] INFO  server.GrpcLogAppender (GrpcLogAppender.java:onError(417)) - 86b604ca-d593-47c1-a869-330a99737efc@group-02558DD72F89->03f108d1-7670-46de-a663-64a53fa7aba7-GrpcLogAppender is already stopped
2023-09-08 11:20:41,313 [86b604ca-d593-47c1-a869-330a99737efc@group-7C7F1AE0E7D9-FollowerState] INFO  impl.FollowerState (FollowerState.java:run(152)) - 86b604ca-d593-47c1-a869-330a99737efc@group-7C7F1AE0E7D9-FollowerState was interrupted
2023-09-08 11:20:41,313 [86b604ca-d593-47c1-a869-330a99737efc-impl-thread2] INFO  impl.StateMachineUpdater (StateMachineUpdater.java:stopAndJoin(155)) - 86b604ca-d593-47c1-a869-330a99737efc@group-7C7F1AE0E7D9-StateMachineUpdater: set stopIndex = 8
2023-09-08 11:20:41,314 [86b604ca-d593-47c1-a869-330a99737efc@group-7C7F1AE0E7D9-StateMachineUpdater] INFO  ratis.ContainerStateMachine (ContainerStateMachine.java:takeSnapshot(330)) - group-7C7F1AE0E7D9: Taking a snapshot at:(t:1, i:8) file /home/runner/work/ozone/ozone/hadoop-ozone/integration-test/target/test-dir/MiniOzoneClusterImpl-b03496ff-6041-4009-870e-fb613b325751/datanode-2/data/ratis/f56822c3-6ef4-41d9-89bd-7c7f1ae0e7d9/sm/snapshot.1_8
2023-09-08 11:20:41,314 [grpc-default-executor-3] WARN  server.GrpcServerProtocolService (LogUtils.java:warn(122)) - 03f108d1-7670-46de-a663-64a53fa7aba7: APPEND_ENTRIES onError, lastRequest: ccde687e-3bc0-46e3-98cf-cb73a4745fdb->03f108d1-7670-46de-a663-64a53fa7aba7#15-t1,previous=(t:1, i:7),leaderCommit=6,initializing? true,entries: size=1, first=(t:1, i:8), METADATAENTRY(c:6): org.apache.ratis.thirdparty.io.grpc.StatusRuntimeException: CANCELLED: client cancelled
2023-09-08 11:20:41,315 [03f108d1-7670-46de-a663-64a53fa7aba7-impl-thread4] INFO  server.RaftServer$Division (ServerState.java:close(472)) - 03f108d1-7670-46de-a663-64a53fa7aba7@group-02558DD72F89: closes. applyIndex: 20
2023-09-08 11:20:41,318 [Thread-1687] INFO  server.GrpcServerProtocolClient (GrpcServerProtocolClient.java:close(103)) - 03f108d1-7670-46de-a663-64a53fa7aba7 Close channels
2023-09-08 11:20:41,319 [86b604ca-d593-47c1-a869-330a99737efc-impl-thread3] INFO  impl.PendingRequests (PendingRequests.java:sendNotLeaderResponses(289)) - 86b604ca-d593-47c1-a869-330a99737efc@group-02558DD72F89-PendingRequests: sendNotLeaderResponses
2023-09-08 11:20:41,321 [86b604ca-d593-47c1-a869-330a99737efc-impl-thread3] INFO  impl.StateMachineUpdater (StateMachineUpdater.java:stopAndJoin(155)) - 86b604ca-d593-47c1-a869-330a99737efc@group-02558DD72F89-StateMachineUpdater: set stopIndex = 22
2023-09-08 11:20:41,321 [86b604ca-d593-47c1-a869-330a99737efc@group-7C7F1AE0E7D9-StateMachineUpdater] INFO  ratis.ContainerStateMachine (ContainerStateMachine.java:takeSnapshot(341)) - group-7C7F1AE0E7D9: Finished taking a snapshot at:(t:1, i:8) file:/home/runner/work/ozone/ozone/hadoop-ozone/integration-test/target/test-dir/MiniOzoneClusterImpl-b03496ff-6041-4009-870e-fb613b325751/datanode-2/data/ratis/f56822c3-6ef4-41d9-89bd-7c7f1ae0e7d9/sm/snapshot.1_8 took: 7 ms
2023-09-08 11:20:41,321 [86b604ca-d593-47c1-a869-330a99737efc@group-02558DD72F89-StateMachineUpdater] INFO  ratis.ContainerStateMachine (ContainerStateMachine.java:takeSnapshot(330)) - group-02558DD72F89: Taking a snapshot at:(t:1, i:22) file /home/runner/work/ozone/ozone/hadoop-ozone/integration-test/target/test-dir/MiniOzoneClusterImpl-b03496ff-6041-4009-870e-fb613b325751/datanode-2/data/ratis/7a8bc299-87da-4858-abc5-02558dd72f89/sm/snapshot.1_22
2023-09-08 11:20:41,321 [86b604ca-d593-47c1-a869-330a99737efc@group-7C7F1AE0E7D9-StateMachineUpdater] INFO  impl.StateMachineUpdater (StateMachineUpdater.java:takeSnapshot(291)) - 86b604ca-d593-47c1-a869-330a99737efc@group-7C7F1AE0E7D9-StateMachineUpdater: Took a snapshot at index 8
2023-09-08 11:20:41,321 [86b604ca-d593-47c1-a869-330a99737efc@group-7C7F1AE0E7D9-StateMachineUpdater] INFO  impl.StateMachineUpdater (StateMachineUpdater.java:lambda$new$0(97)) - 86b604ca-d593-47c1-a869-330a99737efc@group-7C7F1AE0E7D9-StateMachineUpdater: snapshotIndex: updateIncreasingly -1 -> 8
2023-09-08 11:20:41,321 [86b604ca-d593-47c1-a869-330a99737efc-impl-thread2] INFO  server.RaftServer$Division (ServerState.java:close(472)) - 86b604ca-d593-47c1-a869-330a99737efc@group-7C7F1AE0E7D9: closes. applyIndex: 8
2023-09-08 11:20:41,326 [grpc-default-executor-4] WARN  server.GrpcServerProtocolService (LogUtils.java:warn(122)) - 03f108d1-7670-46de-a663-64a53fa7aba7: APPEND_ENTRIES onError, lastRequest: null: org.apache.ratis.thirdparty.io.grpc.StatusRuntimeException: CANCELLED: client cancelled
2023-09-08 11:20:41,327 [86b604ca-d593-47c1-a869-330a99737efc@group-02558DD72F89->ccde687e-3bc0-46e3-98cf-cb73a4745fdb-GrpcLogAppender-LogAppenderDaemon] WARN  server.GrpcLogAppender (GrpcLogAppender.java:mayWait(199)) - 86b604ca-d593-47c1-a869-330a99737efc@group-02558DD72F89->ccde687e-3bc0-46e3-98cf-cb73a4745fdb-GrpcLogAppender: Wait interrupted by java.lang.InterruptedException
2023-09-08 11:20:41,327 [ForkJoinPool.commonPool-worker-3] INFO  ozoneimpl.OzoneContainer (OzoneContainer.java:stop(451)) - Attempting to stop container services.
2023-09-08 11:20:41,327 [Thread-1688] INFO  server.GrpcServerProtocolClient (GrpcServerProtocolClient.java:close(103)) - ccde687e-3bc0-46e3-98cf-cb73a4745fdb Close channels
2023-09-08 11:20:41,341 [grpc-default-executor-6] INFO  server.GrpcServerProtocolService (GrpcServerProtocolService.java:onCompleted(155)) - ccde687e-3bc0-46e3-98cf-cb73a4745fdb: Completed APPEND_ENTRIES, lastRequest: 86b604ca-d593-47c1-a869-330a99737efc->ccde687e-3bc0-46e3-98cf-cb73a4745fdb#66-t1,previous=(t:1, i:21),leaderCommit=20,initializing? true,entries: size=1, first=(t:1, i:22), METADATAENTRY(c:20)
2023-09-08 11:20:41,342 [grpc-default-executor-6] INFO  server.GrpcServerProtocolService (GrpcServerProtocolService.java:lambda$onCompleted$5(157)) - ccde687e-3bc0-46e3-98cf-cb73a4745fdb: Completed APPEND_ENTRIES, lastReply: null
2023-09-08 11:20:41,341 [grpc-default-executor-7] WARN  server.GrpcLogAppender (LogUtils.java:warn(122)) - ccde687e-3bc0-46e3-98cf-cb73a4745fdb@group-7C7F1AE0E7D9->03f108d1-7670-46de-a663-64a53fa7aba7-AppendLogResponseHandler: Failed appendEntries: org.apache.ratis.thirdparty.io.grpc.StatusRuntimeException: CANCELLED: RST_STREAM closed stream. HTTP/2 error code: CANCEL
2023-09-08 11:20:41,335 [grpc-default-executor-1] INFO  server.GrpcLogAppender (GrpcLogAppender.java:onError(417)) - 86b604ca-d593-47c1-a869-330a99737efc@group-02558DD72F89->03f108d1-7670-46de-a663-64a53fa7aba7-GrpcLogAppender is already stopped
2023-09-08 11:20:41,333 [grpc-default-executor-3] WARN  server.GrpcServerProtocolService (LogUtils.java:warn(122)) - 03f108d1-7670-46de-a663-64a53fa7aba7: APPEND_ENTRIES onError, lastRequest: 86b604ca-d593-47c1-a869-330a99737efc->03f108d1-7670-46de-a663-64a53fa7aba7#66-t1,previous=(t:1, i:21),leaderCommit=20,initializing? true,entries: size=1, first=(t:1, i:22), METADATAENTRY(c:20): org.apache.ratis.thirdparty.io.grpc.StatusRuntimeException: CANCELLED: client cancelled
2023-09-08 11:20:41,332 [grpc-default-executor-0] WARN  server.GrpcClientProtocolService (LogUtils.java:warn(122)) - 1-OrderedRequestStreamObserver1: onError: org.apache.ratis.thirdparty.io.grpc.StatusRuntimeException: CANCELLED: client cancelled
2023-09-08 11:20:41,332 [ForkJoinPool.commonPool-worker-2] INFO  server.GrpcService (GrpcService.java:closeImpl(320)) - 03f108d1-7670-46de-a663-64a53fa7aba7: shutdown server GrpcServerProtocolService successfully
2023-09-08 11:20:41,343 [ForkJoinPool.commonPool-worker-2] INFO  server.GrpcService (GrpcService.java:closeImpl(311)) - 03f108d1-7670-46de-a663-64a53fa7aba7: shutdown server org.apache.ratis.grpc.server.GrpcAdminProtocolService now
2023-09-08 11:20:41,331 [grpc-default-executor-4] WARN  server.GrpcLogAppender (LogUtils.java:warn(122)) - ccde687e-3bc0-46e3-98cf-cb73a4745fdb@group-7C7F1AE0E7D9->03f108d1-7670-46de-a663-64a53fa7aba7-AppendLogResponseHandler: Failed appendEntries: org.apache.ratis.thirdparty.io.grpc.StatusRuntimeException: CANCELLED: RST_STREAM closed stream. HTTP/2 error code: CANCEL
2023-09-08 11:20:41,331 [86b604ca-d593-47c1-a869-330a99737efc@group-02558DD72F89-StateMachineUpdater] INFO  ratis.ContainerStateMachine (ContainerStateMachine.java:takeSnapshot(341)) - group-02558DD72F89: Finished taking a snapshot at:(t:1, i:22) file:/home/runner/work/ozone/ozone/hadoop-ozone/integration-test/target/test-dir/MiniOzoneClusterImpl-b03496ff-6041-4009-870e-fb613b325751/datanode-2/data/ratis/7a8bc299-87da-4858-abc5-02558dd72f89/sm/snapshot.1_22 took: 10 ms
2023-09-08 11:20:41,344 [86b604ca-d593-47c1-a869-330a99737efc@group-02558DD72F89-StateMachineUpdater] INFO  impl.StateMachineUpdater (StateMachineUpdater.java:takeSnapshot(291)) - 86b604ca-d593-47c1-a869-330a99737efc@group-02558DD72F89-StateMachineUpdater: Took a snapshot at index 22
2023-09-08 11:20:41,344 [86b604ca-d593-47c1-a869-330a99737efc@group-02558DD72F89-StateMachineUpdater] INFO  impl.StateMachineUpdater (StateMachineUpdater.java:lambda$new$0(97)) - 86b604ca-d593-47c1-a869-330a99737efc@group-02558DD72F89-StateMachineUpdater: snapshotIndex: updateIncreasingly -1 -> 22
2023-09-08 11:20:41,327 [ForkJoinPool.commonPool-worker-3] INFO  server.RaftServer (RaftServerProxy.java:lambda$close$6(416)) - ccde687e-3bc0-46e3-98cf-cb73a4745fdb: close
2023-09-08 11:20:41,344 [grpc-default-executor-7] INFO  leader.FollowerInfo (FollowerInfoImpl.java:lambda$new$0(52)) - ccde687e-3bc0-46e3-98cf-cb73a4745fdb@group-7C7F1AE0E7D9->03f108d1-7670-46de-a663-64a53fa7aba7: decreaseNextIndex nextIndex: updateUnconditionally 9 -> 8
2023-09-08 11:20:41,345 [grpc-default-executor-4] INFO  leader.FollowerInfo (FollowerInfoImpl.java:lambda$new$0(52)) - ccde687e-3bc0-46e3-98cf-cb73a4745fdb@group-7C7F1AE0E7D9->03f108d1-7670-46de-a663-64a53fa7aba7: decreaseNextIndex nextIndex: updateUnconditionally 8 -> 7
2023-09-08 11:20:41,347 [grpc-default-executor-8] INFO  server.GrpcServerProtocolService (GrpcServerProtocolService.java:onCompleted(155)) - ccde687e-3bc0-46e3-98cf-cb73a4745fdb: Completed APPEND_ENTRIES, lastRequest: null
2023-09-08 11:20:41,347 [grpc-default-executor-4] INFO  server.GrpcLogAppender (GrpcLogAppender.java:onCompleted(428)) - 86b604ca-d593-47c1-a869-330a99737efc@group-02558DD72F89->ccde687e-3bc0-46e3-98cf-cb73a4745fdb-AppendLogResponseHandler: follower responses appendEntries COMPLETED
2023-09-08 11:20:41,347 [grpc-default-executor-8] INFO  server.GrpcServerProtocolService (GrpcServerProtocolService.java:lambda$onCompleted$5(157)) - ccde687e-3bc0-46e3-98cf-cb73a4745fdb: Completed APPEND_ENTRIES, lastReply: serverReply {
  requestorId: "86b604ca-d593-47c1-a869-330a99737efc"
  replyId: "ccde687e-3bc0-46e3-98cf-cb73a4745fdb"
  raftGroupId {
    id: "z\213\302\231\207\332HX\253\305\002U\215\327/\211"
  }
  callId: 62
  success: true
}
term: 1
nextIndex: 19
followerCommit: 18
matchIndex: 18446744073709551615
isHearbeat: true

2023-09-08 11:20:41,347 [ccde687e-3bc0-46e3-98cf-cb73a4745fdb-impl-thread2] INFO  server.RaftServer$Division (RaftServerImpl.java:lambda$close$4(466)) - ccde687e-3bc0-46e3-98cf-cb73a4745fdb@group-B81657EA62B4: shutdown
2023-09-08 11:20:41,347 [ccde687e-3bc0-46e3-98cf-cb73a4745fdb-impl-thread2] INFO  util.JmxRegister (JmxRegister.java:unregister(73)) - Successfully un-registered JMX Bean with object name Ratis:service=RaftServer,group=group-B81657EA62B4,id=ccde687e-3bc0-46e3-98cf-cb73a4745fdb
2023-09-08 11:20:41,347 [ccde687e-3bc0-46e3-98cf-cb73a4745fdb-impl-thread2] INFO  impl.RoleInfo (RoleInfo.java:shutdownLeaderState(93)) - ccde687e-3bc0-46e3-98cf-cb73a4745fdb: shutdown ccde687e-3bc0-46e3-98cf-cb73a4745fdb@group-B81657EA62B4-LeaderStateImpl
2023-09-08 11:20:41,348 [ccde687e-3bc0-46e3-98cf-cb73a4745fdb-impl-thread2] INFO  impl.PendingRequests (PendingRequests.java:sendNotLeaderResponses(289)) - ccde687e-3bc0-46e3-98cf-cb73a4745fdb@group-B81657EA62B4-PendingRequests: sendNotLeaderResponses
2023-09-08 11:20:41,348 [ccde687e-3bc0-46e3-98cf-cb73a4745fdb@group-B81657EA62B4-StateMachineUpdater] INFO  ratis.ContainerStateMachine (ContainerStateMachine.java:takeSnapshot(330)) - group-B81657EA62B4: Taking a snapshot at:(t:1, i:0) file /home/runner/work/ozone/ozone/hadoop-ozone/integration-test/target/test-dir/MiniOzoneClusterImpl-b03496ff-6041-4009-870e-fb613b325751/datanode-0/data/ratis/12032404-8111-4f99-87d5-b81657ea62b4/sm/snapshot.1_0
2023-09-08 11:20:41,348 [ccde687e-3bc0-46e3-98cf-cb73a4745fdb-impl-thread2] INFO  impl.StateMachineUpdater (StateMachineUpdater.java:stopAndJoin(155)) - ccde687e-3bc0-46e3-98cf-cb73a4745fdb@group-B81657EA62B4-StateMachineUpdater: set stopIndex = 0
2023-09-08 11:20:41,348 [ccde687e-3bc0-46e3-98cf-cb73a4745fdb-impl-thread3] INFO  server.RaftServer$Division (RaftServerImpl.java:lambda$close$4(466)) - ccde687e-3bc0-46e3-98cf-cb73a4745fdb@group-7C7F1AE0E7D9: shutdown
2023-09-08 11:20:41,348 [ccde687e-3bc0-46e3-98cf-cb73a4745fdb-impl-thread3] INFO  util.JmxRegister (JmxRegister.java:unregister(73)) - Successfully un-registered JMX Bean with object name Ratis:service=RaftServer,group=group-7C7F1AE0E7D9,id=ccde687e-3bc0-46e3-98cf-cb73a4745fdb
2023-09-08 11:20:41,348 [ccde687e-3bc0-46e3-98cf-cb73a4745fdb-impl-thread3] INFO  impl.RoleInfo (RoleInfo.java:shutdownLeaderState(93)) - ccde687e-3bc0-46e3-98cf-cb73a4745fdb: shutdown ccde687e-3bc0-46e3-98cf-cb73a4745fdb@group-7C7F1AE0E7D9-LeaderStateImpl
2023-09-08 11:20:41,349 [ForkJoinPool.commonPool-worker-3] INFO  server.GrpcService (GrpcService.java:closeImpl(311)) - ccde687e-3bc0-46e3-98cf-cb73a4745fdb: shutdown server org.apache.ratis.grpc.server.GrpcClientProtocolService now
2023-09-08 11:20:41,349 [ccde687e-3bc0-46e3-98cf-cb73a4745fdb-impl-thread4] INFO  server.RaftServer$Division (RaftServerImpl.java:lambda$close$4(466)) - ccde687e-3bc0-46e3-98cf-cb73a4745fdb@group-02558DD72F89: shutdown
2023-09-08 11:20:41,349 [ccde687e-3bc0-46e3-98cf-cb73a4745fdb@group-B81657EA62B4-StateMachineUpdater] INFO  ratis.ContainerStateMachine (ContainerStateMachine.java:takeSnapshot(341)) - group-B81657EA62B4: Finished taking a snapshot at:(t:1, i:0) file:/home/runner/work/ozone/ozone/hadoop-ozone/integration-test/target/test-dir/MiniOzoneClusterImpl-b03496ff-6041-4009-870e-fb613b325751/datanode-0/data/ratis/12032404-8111-4f99-87d5-b81657ea62b4/sm/snapshot.1_0 took: 1 ms
2023-09-08 11:20:41,349 [ccde687e-3bc0-46e3-98cf-cb73a4745fdb@group-B81657EA62B4-StateMachineUpdater] INFO  impl.StateMachineUpdater (StateMachineUpdater.java:takeSnapshot(291)) - ccde687e-3bc0-46e3-98cf-cb73a4745fdb@group-B81657EA62B4-StateMachineUpdater: Took a snapshot at index 0
2023-09-08 11:20:41,349 [ccde687e-3bc0-46e3-98cf-cb73a4745fdb@group-B81657EA62B4-StateMachineUpdater] INFO  impl.StateMachineUpdater (StateMachineUpdater.java:lambda$new$0(97)) - ccde687e-3bc0-46e3-98cf-cb73a4745fdb@group-B81657EA62B4-StateMachineUpdater: snapshotIndex: updateIncreasingly -1 -> 0
2023-09-08 11:20:41,349 [ccde687e-3bc0-46e3-98cf-cb73a4745fdb-impl-thread2] INFO  server.RaftServer$Division (ServerState.java:close(472)) - ccde687e-3bc0-46e3-98cf-cb73a4745fdb@group-B81657EA62B4: closes. applyIndex: 0
2023-09-08 11:20:41,349 [ccde687e-3bc0-46e3-98cf-cb73a4745fdb-impl-thread4] INFO  util.JmxRegister (JmxRegister.java:unregister(73)) - Successfully un-registered JMX Bean with object name Ratis:service=RaftServer,group=group-02558DD72F89,id=ccde687e-3bc0-46e3-98cf-cb73a4745fdb
2023-09-08 11:20:41,349 [ccde687e-3bc0-46e3-98cf-cb73a4745fdb-impl-thread4] INFO  impl.RoleInfo (RoleInfo.java:shutdownFollowerState(110)) - ccde687e-3bc0-46e3-98cf-cb73a4745fdb: shutdown ccde687e-3bc0-46e3-98cf-cb73a4745fdb@group-02558DD72F89-FollowerState
2023-09-08 11:20:41,366 [ForkJoinPool.commonPool-worker-2] INFO  server.GrpcService (GrpcService.java:closeImpl(320)) - 03f108d1-7670-46de-a663-64a53fa7aba7: shutdown server org.apache.ratis.grpc.server.GrpcAdminProtocolService successfully
2023-09-08 11:20:41,366 [ccde687e-3bc0-46e3-98cf-cb73a4745fdb-impl-thread4] INFO  impl.StateMachineUpdater (StateMachineUpdater.java:stopAndJoin(155)) - ccde687e-3bc0-46e3-98cf-cb73a4745fdb@group-02558DD72F89-StateMachineUpdater: set stopIndex = 20
2023-09-08 11:20:41,366 [ccde687e-3bc0-46e3-98cf-cb73a4745fdb@group-02558DD72F89-FollowerState] INFO  impl.FollowerState (FollowerState.java:run(152)) - ccde687e-3bc0-46e3-98cf-cb73a4745fdb@group-02558DD72F89-FollowerState was interrupted
2023-09-08 11:20:41,366 [grpc-default-executor-4] WARN  server.GrpcLogAppender (GrpcLogAppender.java:resetClient(137)) - 86b604ca-d593-47c1-a869-330a99737efc@group-02558DD72F89->ccde687e-3bc0-46e3-98cf-cb73a4745fdb-GrpcLogAppender: Failed to getClient for ccde687e-3bc0-46e3-98cf-cb73a4745fdb
org.apache.ratis.protocol.exceptions.AlreadyClosedException: 86b604ca-d593-47c1-a869-330a99737efc is already CLOSED
	at org.apache.ratis.util.PeerProxyMap$PeerAndProxy.getProxy(PeerProxyMap.java:61)
	at org.apache.ratis.util.PeerProxyMap.getProxy(PeerProxyMap.java:115)
	at org.apache.ratis.grpc.server.GrpcLogAppender.getClient(GrpcLogAppender.java:112)
	at org.apache.ratis.grpc.server.GrpcLogAppender.resetClient(GrpcLogAppender.java:117)
	at org.apache.ratis.grpc.server.GrpcLogAppender.access$500(GrpcLogAppender.java:56)
	at org.apache.ratis.grpc.server.GrpcLogAppender$AppendLogResponseHandler.onCompleted(GrpcLogAppender.java:429)
	at org.apache.ratis.thirdparty.io.grpc.stub.ClientCalls$StreamObserverToCallListenerAdapter.onClose(ClientCalls.java:485)
	at org.apache.ratis.thirdparty.io.grpc.internal.ClientCallImpl.closeObserver(ClientCallImpl.java:563)
	at org.apache.ratis.thirdparty.io.grpc.internal.ClientCallImpl.access$300(ClientCallImpl.java:70)
	at org.apache.ratis.thirdparty.io.grpc.internal.ClientCallImpl$ClientStreamListenerImpl$1StreamClosed.runInternal(ClientCallImpl.java:744)
	at org.apache.ratis.thirdparty.io.grpc.internal.ClientCallImpl$ClientStreamListenerImpl$1StreamClosed.runInContext(ClientCallImpl.java:723)
	at org.apache.ratis.thirdparty.io.grpc.internal.ContextRunnable.run(ContextRunnable.java:37)
	at org.apache.ratis.thirdparty.io.grpc.internal.SerializingExecutor.run(SerializingExecutor.java:133)
	at java.util.concurrent.ThreadPoolExecutor.runWorker(ThreadPoolExecutor.java:1149)
	at java.util.concurrent.ThreadPoolExecutor$Worker.run(ThreadPoolExecutor.java:624)
	at java.lang.Thread.run(Thread.java:750)
2023-09-08 11:20:41,367 [03f108d1-7670-46de-a663-64a53fa7aba7-NettyServerStreamRpc-bossGroup--thread1] INFO  logging.LoggingHandler (AbstractInternalLogger.java:log(148)) - [id: 0x465602e8, L:/0:0:0:0:0:0:0:0:15130] CLOSE
2023-09-08 11:20:41,367 [03f108d1-7670-46de-a663-64a53fa7aba7-NettyServerStreamRpc-bossGroup--thread1] INFO  logging.LoggingHandler (AbstractInternalLogger.java:log(148)) - [id: 0x465602e8, L:/0:0:0:0:0:0:0:0:15130] INACTIVE
2023-09-08 11:20:41,367 [03f108d1-7670-46de-a663-64a53fa7aba7-NettyServerStreamRpc-bossGroup--thread1] INFO  logging.LoggingHandler (AbstractInternalLogger.java:log(148)) - [id: 0x465602e8, L:/0:0:0:0:0:0:0:0:15130] UNREGISTERED
2023-09-08 11:20:41,368 [ccde687e-3bc0-46e3-98cf-cb73a4745fdb@group-02558DD72F89-StateMachineUpdater] INFO  ratis.ContainerStateMachine (ContainerStateMachine.java:takeSnapshot(330)) - group-02558DD72F89: Taking a snapshot at:(t:1, i:20) file /home/runner/work/ozone/ozone/hadoop-ozone/integration-test/target/test-dir/MiniOzoneClusterImpl-b03496ff-6041-4009-870e-fb613b325751/datanode-0/data/ratis/7a8bc299-87da-4858-abc5-02558dd72f89/sm/snapshot.1_20
2023-09-08 11:20:41,368 [Thread-1695] INFO  server.GrpcServerProtocolClient (GrpcServerProtocolClient.java:close(103)) - 86b604ca-d593-47c1-a869-330a99737efc Close channels
2023-09-08 11:20:41,369 [ccde687e-3bc0-46e3-98cf-cb73a4745fdb@group-02558DD72F89-StateMachineUpdater] INFO  ratis.ContainerStateMachine (ContainerStateMachine.java:takeSnapshot(341)) - group-02558DD72F89: Finished taking a snapshot at:(t:1, i:20) file:/home/runner/work/ozone/ozone/hadoop-ozone/integration-test/target/test-dir/MiniOzoneClusterImpl-b03496ff-6041-4009-870e-fb613b325751/datanode-0/data/ratis/7a8bc299-87da-4858-abc5-02558dd72f89/sm/snapshot.1_20 took: 1 ms
2023-09-08 11:20:41,371 [ccde687e-3bc0-46e3-98cf-cb73a4745fdb@group-02558DD72F89-StateMachineUpdater] INFO  impl.StateMachineUpdater (StateMachineUpdater.java:takeSnapshot(291)) - ccde687e-3bc0-46e3-98cf-cb73a4745fdb@group-02558DD72F89-StateMachineUpdater: Took a snapshot at index 20
2023-09-08 11:20:41,371 [ccde687e-3bc0-46e3-98cf-cb73a4745fdb@group-02558DD72F89-StateMachineUpdater] INFO  impl.StateMachineUpdater (StateMachineUpdater.java:lambda$new$0(97)) - ccde687e-3bc0-46e3-98cf-cb73a4745fdb@group-02558DD72F89-StateMachineUpdater: snapshotIndex: updateIncreasingly -1 -> 20
2023-09-08 11:20:41,372 [Thread-1697] INFO  server.GrpcServerProtocolClient (GrpcServerProtocolClient.java:close(103)) - 03f108d1-7670-46de-a663-64a53fa7aba7 Close channels
2023-09-08 11:20:41,375 [ccde687e-3bc0-46e3-98cf-cb73a4745fdb-impl-thread3] INFO  impl.PendingRequests (PendingRequests.java:sendNotLeaderResponses(289)) - ccde687e-3bc0-46e3-98cf-cb73a4745fdb@group-7C7F1AE0E7D9-PendingRequests: sendNotLeaderResponses
2023-09-08 11:20:41,375 [ccde687e-3bc0-46e3-98cf-cb73a4745fdb@group-7C7F1AE0E7D9->86b604ca-d593-47c1-a869-330a99737efc-GrpcLogAppender-LogAppenderDaemon] WARN  server.GrpcLogAppender (GrpcLogAppender.java:mayWait(199)) - ccde687e-3bc0-46e3-98cf-cb73a4745fdb@group-7C7F1AE0E7D9->86b604ca-d593-47c1-a869-330a99737efc-GrpcLogAppender: Wait interrupted by java.lang.InterruptedException
2023-09-08 11:20:41,375 [grpc-default-executor-5] WARN  server.GrpcClientProtocolService (LogUtils.java:warn(122)) - 0-OrderedRequestStreamObserver0: onError: org.apache.ratis.thirdparty.io.grpc.StatusRuntimeException: CANCELLED: client cancelled
2023-09-08 11:20:41,376 [grpc-default-executor-0] WARN  server.GrpcClientProtocolService (LogUtils.java:warn(122)) - 1-UnorderedRequestStreamObserver1: onError: org.apache.ratis.thirdparty.io.grpc.StatusRuntimeException: CANCELLED: client cancelled
2023-09-08 11:20:41,376 [ccde687e-3bc0-46e3-98cf-cb73a4745fdb@group-7C7F1AE0E7D9->03f108d1-7670-46de-a663-64a53fa7aba7-GrpcLogAppender-LogAppenderDaemon] WARN  server.GrpcLogAppender (GrpcLogAppender.java:mayWait(199)) - ccde687e-3bc0-46e3-98cf-cb73a4745fdb@group-7C7F1AE0E7D9->03f108d1-7670-46de-a663-64a53fa7aba7-GrpcLogAppender: Wait interrupted by java.lang.InterruptedException
2023-09-08 11:20:41,377 [grpc-default-executor-7] INFO  server.GrpcLogAppender (GrpcLogAppender.java:onCompleted(428)) - 86b604ca-d593-47c1-a869-330a99737efc@group-02558DD72F89->ccde687e-3bc0-46e3-98cf-cb73a4745fdb-AppendLogResponseHandler: follower responses appendEntries COMPLETED
2023-09-08 11:20:41,380 [grpc-default-executor-7] WARN  server.GrpcLogAppender (GrpcLogAppender.java:resetClient(137)) - 86b604ca-d593-47c1-a869-330a99737efc@group-02558DD72F89->ccde687e-3bc0-46e3-98cf-cb73a4745fdb-GrpcLogAppender: Failed to getClient for ccde687e-3bc0-46e3-98cf-cb73a4745fdb
org.apache.ratis.protocol.exceptions.AlreadyClosedException: 86b604ca-d593-47c1-a869-330a99737efc is already CLOSED
	at org.apache.ratis.util.PeerProxyMap$PeerAndProxy.getProxy(PeerProxyMap.java:61)
	at org.apache.ratis.util.PeerProxyMap.getProxy(PeerProxyMap.java:115)
	at org.apache.ratis.grpc.server.GrpcLogAppender.getClient(GrpcLogAppender.java:112)
	at org.apache.ratis.grpc.server.GrpcLogAppender.resetClient(GrpcLogAppender.java:117)
	at org.apache.ratis.grpc.server.GrpcLogAppender.access$500(GrpcLogAppender.java:56)
	at org.apache.ratis.grpc.server.GrpcLogAppender$AppendLogResponseHandler.onCompleted(GrpcLogAppender.java:429)
	at org.apache.ratis.thirdparty.io.grpc.stub.ClientCalls$StreamObserverToCallListenerAdapter.onClose(ClientCalls.java:485)
	at org.apache.ratis.thirdparty.io.grpc.internal.ClientCallImpl.closeObserver(ClientCallImpl.java:563)
	at org.apache.ratis.thirdparty.io.grpc.internal.ClientCallImpl.access$300(ClientCallImpl.java:70)
	at org.apache.ratis.thirdparty.io.grpc.internal.ClientCallImpl$ClientStreamListenerImpl$1StreamClosed.runInternal(ClientCallImpl.java:744)
	at org.apache.ratis.thirdparty.io.grpc.internal.ClientCallImpl$ClientStreamListenerImpl$1StreamClosed.runInContext(ClientCallImpl.java:723)
	at org.apache.ratis.thirdparty.io.grpc.internal.ContextRunnable.run(ContextRunnable.java:37)
	at org.apache.ratis.thirdparty.io.grpc.internal.SerializingExecutor.run(SerializingExecutor.java:133)
	at java.util.concurrent.ThreadPoolExecutor.runWorker(ThreadPoolExecutor.java:1149)
	at java.util.concurrent.ThreadPoolExecutor$Worker.run(ThreadPoolExecutor.java:624)
	at java.lang.Thread.run(Thread.java:750)
2023-09-08 11:20:41,379 [grpc-default-executor-1] INFO  server.GrpcServerProtocolService (GrpcServerProtocolService.java:onCompleted(155)) - 86b604ca-d593-47c1-a869-330a99737efc: Completed APPEND_ENTRIES, lastRequest: null
2023-09-08 11:20:41,383 [grpc-default-executor-10] INFO  server.GrpcServerProtocolService (GrpcServerProtocolService.java:onCompleted(155)) - 86b604ca-d593-47c1-a869-330a99737efc: Completed APPEND_ENTRIES, lastRequest: ccde687e-3bc0-46e3-98cf-cb73a4745fdb->86b604ca-d593-47c1-a869-330a99737efc#14-t1,previous=(t:1, i:7),leaderCommit=6,initializing? true,entries: size=1, first=(t:1, i:8), METADATAENTRY(c:6)
2023-09-08 11:20:41,383 [grpc-default-executor-10] INFO  server.GrpcServerProtocolService (GrpcServerProtocolService.java:lambda$onCompleted$5(157)) - 86b604ca-d593-47c1-a869-330a99737efc: Completed APPEND_ENTRIES, lastReply: null
2023-09-08 11:20:41,384 [86b604ca-d593-47c1-a869-330a99737efc-impl-thread3] INFO  server.RaftServer$Division (ServerState.java:close(472)) - 86b604ca-d593-47c1-a869-330a99737efc@group-02558DD72F89: closes. applyIndex: 22
2023-09-08 11:20:41,385 [main] INFO  server.GrpcService (GrpcService.java:closeImpl(320)) - 86b604ca-d593-47c1-a869-330a99737efc: shutdown server org.apache.ratis.grpc.server.GrpcClientProtocolService successfully
2023-09-08 11:20:41,385 [main] INFO  server.GrpcService (GrpcService.java:closeImpl(311)) - 86b604ca-d593-47c1-a869-330a99737efc: shutdown server GrpcServerProtocolService now
2023-09-08 11:20:41,386 [grpc-default-executor-1] INFO  server.GrpcServerProtocolService (GrpcServerProtocolService.java:lambda$onCompleted$5(157)) - 86b604ca-d593-47c1-a869-330a99737efc: Completed APPEND_ENTRIES, lastReply: serverReply {
  requestorId: "ccde687e-3bc0-46e3-98cf-cb73a4745fdb"
  replyId: "86b604ca-d593-47c1-a869-330a99737efc"
  raftGroupId {
    id: "\365h\"\303n\364A\331\211\275|\177\032\340\347\331"
  }
  callId: 42
  success: true
}
term: 1
nextIndex: 9
followerCommit: 8
matchIndex: 18446744073709551615
isHearbeat: true

2023-09-08 11:20:41,386 [grpc-default-executor-7] INFO  server.GrpcLogAppender (GrpcLogAppender.java:onCompleted(428)) - ccde687e-3bc0-46e3-98cf-cb73a4745fdb@group-7C7F1AE0E7D9->86b604ca-d593-47c1-a869-330a99737efc-AppendLogResponseHandler: follower responses appendEntries COMPLETED
2023-09-08 11:20:41,392 [ccde687e-3bc0-46e3-98cf-cb73a4745fdb-impl-thread4] INFO  server.RaftServer$Division (ServerState.java:close(472)) - ccde687e-3bc0-46e3-98cf-cb73a4745fdb@group-02558DD72F89: closes. applyIndex: 20
2023-09-08 11:20:41,392 [grpc-default-executor-7] WARN  server.GrpcLogAppender (GrpcLogAppender.java:resetClient(137)) - ccde687e-3bc0-46e3-98cf-cb73a4745fdb@group-7C7F1AE0E7D9->86b604ca-d593-47c1-a869-330a99737efc-GrpcLogAppender: Failed to getClient for 86b604ca-d593-47c1-a869-330a99737efc
org.apache.ratis.protocol.exceptions.AlreadyClosedException: ccde687e-3bc0-46e3-98cf-cb73a4745fdb is already CLOSED
	at org.apache.ratis.util.PeerProxyMap$PeerAndProxy.getProxy(PeerProxyMap.java:61)
	at org.apache.ratis.util.PeerProxyMap.getProxy(PeerProxyMap.java:115)
	at org.apache.ratis.grpc.server.GrpcLogAppender.getClient(GrpcLogAppender.java:112)
	at org.apache.ratis.grpc.server.GrpcLogAppender.resetClient(GrpcLogAppender.java:117)
	at org.apache.ratis.grpc.server.GrpcLogAppender.access$500(GrpcLogAppender.java:56)
	at org.apache.ratis.grpc.server.GrpcLogAppender$AppendLogResponseHandler.onCompleted(GrpcLogAppender.java:429)
	at org.apache.ratis.thirdparty.io.grpc.stub.ClientCalls$StreamObserverToCallListenerAdapter.onClose(ClientCalls.java:485)
	at org.apache.ratis.thirdparty.io.grpc.internal.ClientCallImpl.closeObserver(ClientCallImpl.java:563)
	at org.apache.ratis.thirdparty.io.grpc.internal.ClientCallImpl.access$300(ClientCallImpl.java:70)
	at org.apache.ratis.thirdparty.io.grpc.internal.ClientCallImpl$ClientStreamListenerImpl$1StreamClosed.runInternal(ClientCallImpl.java:744)
	at org.apache.ratis.thirdparty.io.grpc.internal.ClientCallImpl$ClientStreamListenerImpl$1StreamClosed.runInContext(ClientCallImpl.java:723)
	at org.apache.ratis.thirdparty.io.grpc.internal.ContextRunnable.run(ContextRunnable.java:37)
	at org.apache.ratis.thirdparty.io.grpc.internal.SerializingExecutor.run(SerializingExecutor.java:133)
	at java.util.concurrent.ThreadPoolExecutor.runWorker(ThreadPoolExecutor.java:1149)
	at java.util.concurrent.ThreadPoolExecutor$Worker.run(ThreadPoolExecutor.java:624)
	at java.lang.Thread.run(Thread.java:750)
2023-09-08 11:20:41,393 [main] INFO  server.GrpcService (GrpcService.java:closeImpl(320)) - 86b604ca-d593-47c1-a869-330a99737efc: shutdown server GrpcServerProtocolService successfully
2023-09-08 11:20:41,393 [main] INFO  server.GrpcService (GrpcService.java:closeImpl(311)) - 86b604ca-d593-47c1-a869-330a99737efc: shutdown server org.apache.ratis.grpc.server.GrpcAdminProtocolService now
2023-09-08 11:20:41,403 [ccde687e-3bc0-46e3-98cf-cb73a4745fdb-impl-thread3] INFO  impl.StateMachineUpdater (StateMachineUpdater.java:stopAndJoin(155)) - ccde687e-3bc0-46e3-98cf-cb73a4745fdb@group-7C7F1AE0E7D9-StateMachineUpdater: set stopIndex = 8
2023-09-08 11:20:41,403 [ccde687e-3bc0-46e3-98cf-cb73a4745fdb@group-7C7F1AE0E7D9-StateMachineUpdater] INFO  ratis.ContainerStateMachine (ContainerStateMachine.java:takeSnapshot(330)) - group-7C7F1AE0E7D9: Taking a snapshot at:(t:1, i:8) file /home/runner/work/ozone/ozone/hadoop-ozone/integration-test/target/test-dir/MiniOzoneClusterImpl-b03496ff-6041-4009-870e-fb613b325751/datanode-0/data/ratis/f56822c3-6ef4-41d9-89bd-7c7f1ae0e7d9/sm/snapshot.1_8
2023-09-08 11:20:41,404 [main] INFO  server.GrpcService (GrpcService.java:closeImpl(320)) - 86b604ca-d593-47c1-a869-330a99737efc: shutdown server org.apache.ratis.grpc.server.GrpcAdminProtocolService successfully
2023-09-08 11:20:41,404 [grpc-default-executor-12] INFO  server.GrpcLogAppender (GrpcLogAppender.java:onError(417)) - ccde687e-3bc0-46e3-98cf-cb73a4745fdb@group-7C7F1AE0E7D9->86b604ca-d593-47c1-a869-330a99737efc-GrpcLogAppender is already stopped
2023-09-08 11:20:41,404 [86b604ca-d593-47c1-a869-330a99737efc-NettyServerStreamRpc-bossGroup--thread1] INFO  logging.LoggingHandler (AbstractInternalLogger.java:log(148)) - [id: 0x7dbd08a8, L:/0:0:0:0:0:0:0:0:15139] CLOSE
2023-09-08 11:20:41,404 [86b604ca-d593-47c1-a869-330a99737efc-NettyServerStreamRpc-bossGroup--thread1] INFO  logging.LoggingHandler (AbstractInternalLogger.java:log(148)) - [id: 0x7dbd08a8, L:/0:0:0:0:0:0:0:0:15139] INACTIVE
2023-09-08 11:20:41,404 [ForkJoinPool.commonPool-worker-3] INFO  server.GrpcService (GrpcService.java:closeImpl(320)) - ccde687e-3bc0-46e3-98cf-cb73a4745fdb: shutdown server org.apache.ratis.grpc.server.GrpcClientProtocolService successfully
2023-09-08 11:20:41,405 [ccde687e-3bc0-46e3-98cf-cb73a4745fdb@group-7C7F1AE0E7D9-StateMachineUpdater] INFO  ratis.ContainerStateMachine (ContainerStateMachine.java:takeSnapshot(341)) - group-7C7F1AE0E7D9: Finished taking a snapshot at:(t:1, i:8) file:/home/runner/work/ozone/ozone/hadoop-ozone/integration-test/target/test-dir/MiniOzoneClusterImpl-b03496ff-6041-4009-870e-fb613b325751/datanode-0/data/ratis/f56822c3-6ef4-41d9-89bd-7c7f1ae0e7d9/sm/snapshot.1_8 took: 2 ms
2023-09-08 11:20:41,405 [ccde687e-3bc0-46e3-98cf-cb73a4745fdb@group-7C7F1AE0E7D9-StateMachineUpdater] INFO  impl.StateMachineUpdater (StateMachineUpdater.java:takeSnapshot(291)) - ccde687e-3bc0-46e3-98cf-cb73a4745fdb@group-7C7F1AE0E7D9-StateMachineUpdater: Took a snapshot at index 8
2023-09-08 11:20:41,405 [ccde687e-3bc0-46e3-98cf-cb73a4745fdb@group-7C7F1AE0E7D9-StateMachineUpdater] INFO  impl.StateMachineUpdater (StateMachineUpdater.java:lambda$new$0(97)) - ccde687e-3bc0-46e3-98cf-cb73a4745fdb@group-7C7F1AE0E7D9-StateMachineUpdater: snapshotIndex: updateIncreasingly -1 -> 8
2023-09-08 11:20:41,405 [ForkJoinPool.commonPool-worker-3] INFO  server.GrpcService (GrpcService.java:closeImpl(311)) - ccde687e-3bc0-46e3-98cf-cb73a4745fdb: shutdown server GrpcServerProtocolService now
2023-09-08 11:20:41,405 [86b604ca-d593-47c1-a869-330a99737efc-NettyServerStreamRpc-bossGroup--thread1] INFO  logging.LoggingHandler (AbstractInternalLogger.java:log(148)) - [id: 0x7dbd08a8, L:/0:0:0:0:0:0:0:0:15139] UNREGISTERED
2023-09-08 11:20:41,416 [ccde687e-3bc0-46e3-98cf-cb73a4745fdb-impl-thread3] INFO  server.RaftServer$Division (ServerState.java:close(472)) - ccde687e-3bc0-46e3-98cf-cb73a4745fdb@group-7C7F1AE0E7D9: closes. applyIndex: 8
2023-09-08 11:20:41,417 [ForkJoinPool.commonPool-worker-3] INFO  server.GrpcService (GrpcService.java:closeImpl(320)) - ccde687e-3bc0-46e3-98cf-cb73a4745fdb: shutdown server GrpcServerProtocolService successfully
2023-09-08 11:20:41,417 [ForkJoinPool.commonPool-worker-3] INFO  server.GrpcService (GrpcService.java:closeImpl(311)) - ccde687e-3bc0-46e3-98cf-cb73a4745fdb: shutdown server org.apache.ratis.grpc.server.GrpcAdminProtocolService now
2023-09-08 11:20:41,428 [ForkJoinPool.commonPool-worker-3] INFO  server.GrpcService (GrpcService.java:closeImpl(320)) - ccde687e-3bc0-46e3-98cf-cb73a4745fdb: shutdown server org.apache.ratis.grpc.server.GrpcAdminProtocolService successfully
2023-09-08 11:20:41,429 [ccde687e-3bc0-46e3-98cf-cb73a4745fdb-NettyServerStreamRpc-bossGroup--thread1] INFO  logging.LoggingHandler (AbstractInternalLogger.java:log(148)) - [id: 0x1e847aa1, L:/0:0:0:0:0:0:0:0:15121] CLOSE
2023-09-08 11:20:41,429 [ccde687e-3bc0-46e3-98cf-cb73a4745fdb-NettyServerStreamRpc-bossGroup--thread1] INFO  logging.LoggingHandler (AbstractInternalLogger.java:log(148)) - [id: 0x1e847aa1, L:/0:0:0:0:0:0:0:0:15121] INACTIVE
2023-09-08 11:20:41,429 [ccde687e-3bc0-46e3-98cf-cb73a4745fdb-NettyServerStreamRpc-bossGroup--thread1] INFO  logging.LoggingHandler (AbstractInternalLogger.java:log(148)) - [id: 0x1e847aa1, L:/0:0:0:0:0:0:0:0:15121] UNREGISTERED
2023-09-08 11:20:41,434 [ForkJoinPool.commonPool-worker-0] INFO  ozoneimpl.OzoneContainer (OzoneContainer.java:stop(451)) - Attempting to stop container services.
2023-09-08 11:20:41,434 [ForkJoinPool.commonPool-worker-0] INFO  server.RaftServer (RaftServerProxy.java:lambda$close$6(416)) - ced5577c-1b9f-4df4-b1d3-afb76f4739eb: close
2023-09-08 11:20:41,436 [ForkJoinPool.commonPool-worker-0] INFO  server.GrpcService (GrpcService.java:closeImpl(311)) - ced5577c-1b9f-4df4-b1d3-afb76f4739eb: shutdown server org.apache.ratis.grpc.server.GrpcClientProtocolService now
2023-09-08 11:20:41,436 [ced5577c-1b9f-4df4-b1d3-afb76f4739eb-impl-thread2] INFO  server.RaftServer$Division (RaftServerImpl.java:lambda$close$4(466)) - ced5577c-1b9f-4df4-b1d3-afb76f4739eb@group-AC77705E4BE5: shutdown
2023-09-08 11:20:41,436 [ced5577c-1b9f-4df4-b1d3-afb76f4739eb-impl-thread2] INFO  util.JmxRegister (JmxRegister.java:unregister(73)) - Successfully un-registered JMX Bean with object name Ratis:service=RaftServer,group=group-AC77705E4BE5,id=ced5577c-1b9f-4df4-b1d3-afb76f4739eb
2023-09-08 11:20:41,436 [ced5577c-1b9f-4df4-b1d3-afb76f4739eb-impl-thread2] INFO  impl.RoleInfo (RoleInfo.java:shutdownLeaderState(93)) - ced5577c-1b9f-4df4-b1d3-afb76f4739eb: shutdown ced5577c-1b9f-4df4-b1d3-afb76f4739eb@group-AC77705E4BE5-LeaderStateImpl
2023-09-08 11:20:41,436 [ced5577c-1b9f-4df4-b1d3-afb76f4739eb-impl-thread2] INFO  impl.PendingRequests (PendingRequests.java:sendNotLeaderResponses(289)) - ced5577c-1b9f-4df4-b1d3-afb76f4739eb@group-AC77705E4BE5-PendingRequests: sendNotLeaderResponses
2023-09-08 11:20:41,437 [ced5577c-1b9f-4df4-b1d3-afb76f4739eb@group-AC77705E4BE5-StateMachineUpdater] INFO  ratis.ContainerStateMachine (ContainerStateMachine.java:takeSnapshot(330)) - group-AC77705E4BE5: Taking a snapshot at:(t:1, i:0) file /home/runner/work/ozone/ozone/hadoop-ozone/integration-test/target/test-dir/MiniOzoneClusterImpl-b03496ff-6041-4009-870e-fb613b325751/datanode-4/data/ratis/a687d425-9231-4658-b1a1-ac77705e4be5/sm/snapshot.1_0
2023-09-08 11:20:41,437 [ced5577c-1b9f-4df4-b1d3-afb76f4739eb-impl-thread2] INFO  impl.StateMachineUpdater (StateMachineUpdater.java:stopAndJoin(155)) - ced5577c-1b9f-4df4-b1d3-afb76f4739eb@group-AC77705E4BE5-StateMachineUpdater: set stopIndex = 0
2023-09-08 11:20:41,438 [ced5577c-1b9f-4df4-b1d3-afb76f4739eb@group-AC77705E4BE5-StateMachineUpdater] INFO  ratis.ContainerStateMachine (ContainerStateMachine.java:takeSnapshot(341)) - group-AC77705E4BE5: Finished taking a snapshot at:(t:1, i:0) file:/home/runner/work/ozone/ozone/hadoop-ozone/integration-test/target/test-dir/MiniOzoneClusterImpl-b03496ff-6041-4009-870e-fb613b325751/datanode-4/data/ratis/a687d425-9231-4658-b1a1-ac77705e4be5/sm/snapshot.1_0 took: 1 ms
2023-09-08 11:20:41,438 [ced5577c-1b9f-4df4-b1d3-afb76f4739eb@group-AC77705E4BE5-StateMachineUpdater] INFO  impl.StateMachineUpdater (StateMachineUpdater.java:takeSnapshot(291)) - ced5577c-1b9f-4df4-b1d3-afb76f4739eb@group-AC77705E4BE5-StateMachineUpdater: Took a snapshot at index 0
2023-09-08 11:20:41,438 [ced5577c-1b9f-4df4-b1d3-afb76f4739eb@group-AC77705E4BE5-StateMachineUpdater] INFO  impl.StateMachineUpdater (StateMachineUpdater.java:lambda$new$0(97)) - ced5577c-1b9f-4df4-b1d3-afb76f4739eb@group-AC77705E4BE5-StateMachineUpdater: snapshotIndex: updateIncreasingly -1 -> 0
2023-09-08 11:20:41,438 [ced5577c-1b9f-4df4-b1d3-afb76f4739eb-impl-thread2] INFO  server.RaftServer$Division (ServerState.java:close(472)) - ced5577c-1b9f-4df4-b1d3-afb76f4739eb@group-AC77705E4BE5: closes. applyIndex: 0
2023-09-08 11:20:41,447 [ForkJoinPool.commonPool-worker-0] INFO  server.GrpcService (GrpcService.java:closeImpl(320)) - ced5577c-1b9f-4df4-b1d3-afb76f4739eb: shutdown server org.apache.ratis.grpc.server.GrpcClientProtocolService successfully
2023-09-08 11:20:41,447 [ForkJoinPool.commonPool-worker-0] INFO  server.GrpcService (GrpcService.java:closeImpl(311)) - ced5577c-1b9f-4df4-b1d3-afb76f4739eb: shutdown server GrpcServerProtocolService now
2023-09-08 11:20:41,448 [ForkJoinPool.commonPool-worker-0] INFO  server.GrpcService (GrpcService.java:closeImpl(320)) - ced5577c-1b9f-4df4-b1d3-afb76f4739eb: shutdown server GrpcServerProtocolService successfully
2023-09-08 11:20:41,448 [ForkJoinPool.commonPool-worker-0] INFO  server.GrpcService (GrpcService.java:closeImpl(311)) - ced5577c-1b9f-4df4-b1d3-afb76f4739eb: shutdown server org.apache.ratis.grpc.server.GrpcAdminProtocolService now
2023-09-08 11:20:41,450 [ForkJoinPool.commonPool-worker-0] INFO  server.GrpcService (GrpcService.java:closeImpl(320)) - ced5577c-1b9f-4df4-b1d3-afb76f4739eb: shutdown server org.apache.ratis.grpc.server.GrpcAdminProtocolService successfully
2023-09-08 11:20:41,451 [ced5577c-1b9f-4df4-b1d3-afb76f4739eb-NettyServerStreamRpc-bossGroup--thread1] INFO  logging.LoggingHandler (AbstractInternalLogger.java:log(148)) - [id: 0x28091002, L:/0:0:0:0:0:0:0:0:15157] CLOSE
2023-09-08 11:20:41,451 [ced5577c-1b9f-4df4-b1d3-afb76f4739eb-NettyServerStreamRpc-bossGroup--thread1] INFO  logging.LoggingHandler (AbstractInternalLogger.java:log(148)) - [id: 0x28091002, L:/0:0:0:0:0:0:0:0:15157] INACTIVE
2023-09-08 11:20:41,451 [ced5577c-1b9f-4df4-b1d3-afb76f4739eb-NettyServerStreamRpc-bossGroup--thread1] INFO  logging.LoggingHandler (AbstractInternalLogger.java:log(148)) - [id: 0x28091002, L:/0:0:0:0:0:0:0:0:15157] UNREGISTERED
2023-09-08 11:20:41,456 [ForkJoinPool.commonPool-worker-1] INFO  ozoneimpl.OzoneContainer (OzoneContainer.java:stop(451)) - Attempting to stop container services.
2023-09-08 11:20:41,457 [ForkJoinPool.commonPool-worker-1] INFO  server.RaftServer (RaftServerProxy.java:lambda$close$6(416)) - 82b47503-614b-4a1f-aa0a-75391d5c12a5: close
2023-09-08 11:20:41,458 [ForkJoinPool.commonPool-worker-1] INFO  server.GrpcService (GrpcService.java:closeImpl(311)) - 82b47503-614b-4a1f-aa0a-75391d5c12a5: shutdown server org.apache.ratis.grpc.server.GrpcClientProtocolService now
2023-09-08 11:20:41,458 [82b47503-614b-4a1f-aa0a-75391d5c12a5-impl-thread2] INFO  server.RaftServer$Division (RaftServerImpl.java:lambda$close$4(466)) - 82b47503-614b-4a1f-aa0a-75391d5c12a5@group-EC417510140A: shutdown
2023-09-08 11:20:41,458 [82b47503-614b-4a1f-aa0a-75391d5c12a5-impl-thread2] INFO  util.JmxRegister (JmxRegister.java:unregister(73)) - Successfully un-registered JMX Bean with object name Ratis:service=RaftServer,group=group-EC417510140A,id=82b47503-614b-4a1f-aa0a-75391d5c12a5
2023-09-08 11:20:41,458 [82b47503-614b-4a1f-aa0a-75391d5c12a5-impl-thread2] INFO  impl.RoleInfo (RoleInfo.java:shutdownLeaderState(93)) - 82b47503-614b-4a1f-aa0a-75391d5c12a5: shutdown 82b47503-614b-4a1f-aa0a-75391d5c12a5@group-EC417510140A-LeaderStateImpl
2023-09-08 11:20:41,458 [82b47503-614b-4a1f-aa0a-75391d5c12a5-impl-thread2] INFO  impl.PendingRequests (PendingRequests.java:sendNotLeaderResponses(289)) - 82b47503-614b-4a1f-aa0a-75391d5c12a5@group-EC417510140A-PendingRequests: sendNotLeaderResponses
2023-09-08 11:20:41,459 [82b47503-614b-4a1f-aa0a-75391d5c12a5-impl-thread2] INFO  impl.StateMachineUpdater (StateMachineUpdater.java:stopAndJoin(155)) - 82b47503-614b-4a1f-aa0a-75391d5c12a5@group-EC417510140A-StateMachineUpdater: set stopIndex = 0
2023-09-08 11:20:41,459 [82b47503-614b-4a1f-aa0a-75391d5c12a5@group-EC417510140A-StateMachineUpdater] INFO  ratis.ContainerStateMachine (ContainerStateMachine.java:takeSnapshot(330)) - group-EC417510140A: Taking a snapshot at:(t:1, i:0) file /home/runner/work/ozone/ozone/hadoop-ozone/integration-test/target/test-dir/MiniOzoneClusterImpl-b03496ff-6041-4009-870e-fb613b325751/datanode-3/data/ratis/de0e35c7-a7ce-41fa-86f3-ec417510140a/sm/snapshot.1_0
2023-09-08 11:20:41,459 [ForkJoinPool.commonPool-worker-1] INFO  server.GrpcService (GrpcService.java:closeImpl(320)) - 82b47503-614b-4a1f-aa0a-75391d5c12a5: shutdown server org.apache.ratis.grpc.server.GrpcClientProtocolService successfully
2023-09-08 11:20:41,459 [ForkJoinPool.commonPool-worker-1] INFO  server.GrpcService (GrpcService.java:closeImpl(311)) - 82b47503-614b-4a1f-aa0a-75391d5c12a5: shutdown server GrpcServerProtocolService now
2023-09-08 11:20:41,460 [82b47503-614b-4a1f-aa0a-75391d5c12a5@group-EC417510140A-StateMachineUpdater] INFO  ratis.ContainerStateMachine (ContainerStateMachine.java:takeSnapshot(341)) - group-EC417510140A: Finished taking a snapshot at:(t:1, i:0) file:/home/runner/work/ozone/ozone/hadoop-ozone/integration-test/target/test-dir/MiniOzoneClusterImpl-b03496ff-6041-4009-870e-fb613b325751/datanode-3/data/ratis/de0e35c7-a7ce-41fa-86f3-ec417510140a/sm/snapshot.1_0 took: 1 ms
2023-09-08 11:20:41,460 [82b47503-614b-4a1f-aa0a-75391d5c12a5@group-EC417510140A-StateMachineUpdater] INFO  impl.StateMachineUpdater (StateMachineUpdater.java:takeSnapshot(291)) - 82b47503-614b-4a1f-aa0a-75391d5c12a5@group-EC417510140A-StateMachineUpdater: Took a snapshot at index 0
2023-09-08 11:20:41,460 [82b47503-614b-4a1f-aa0a-75391d5c12a5@group-EC417510140A-StateMachineUpdater] INFO  impl.StateMachineUpdater (StateMachineUpdater.java:lambda$new$0(97)) - 82b47503-614b-4a1f-aa0a-75391d5c12a5@group-EC417510140A-StateMachineUpdater: snapshotIndex: updateIncreasingly -1 -> 0
2023-09-08 11:20:41,460 [82b47503-614b-4a1f-aa0a-75391d5c12a5-impl-thread2] INFO  server.RaftServer$Division (ServerState.java:close(472)) - 82b47503-614b-4a1f-aa0a-75391d5c12a5@group-EC417510140A: closes. applyIndex: 0
2023-09-08 11:20:41,467 [ForkJoinPool.commonPool-worker-1] INFO  server.GrpcService (GrpcService.java:closeImpl(320)) - 82b47503-614b-4a1f-aa0a-75391d5c12a5: shutdown server GrpcServerProtocolService successfully
2023-09-08 11:20:41,467 [ForkJoinPool.commonPool-worker-1] INFO  server.GrpcService (GrpcService.java:closeImpl(311)) - 82b47503-614b-4a1f-aa0a-75391d5c12a5: shutdown server org.apache.ratis.grpc.server.GrpcAdminProtocolService now
2023-09-08 11:20:41,469 [ForkJoinPool.commonPool-worker-1] INFO  server.GrpcService (GrpcService.java:closeImpl(320)) - 82b47503-614b-4a1f-aa0a-75391d5c12a5: shutdown server org.apache.ratis.grpc.server.GrpcAdminProtocolService successfully
2023-09-08 11:20:41,469 [82b47503-614b-4a1f-aa0a-75391d5c12a5-NettyServerStreamRpc-bossGroup--thread1] INFO  logging.LoggingHandler (AbstractInternalLogger.java:log(148)) - [id: 0x9b0d7aa1, L:/0:0:0:0:0:0:0:0:15148] CLOSE
2023-09-08 11:20:41,469 [82b47503-614b-4a1f-aa0a-75391d5c12a5-NettyServerStreamRpc-bossGroup--thread1] INFO  logging.LoggingHandler (AbstractInternalLogger.java:log(148)) - [id: 0x9b0d7aa1, L:/0:0:0:0:0:0:0:0:15148] INACTIVE
2023-09-08 11:20:41,469 [82b47503-614b-4a1f-aa0a-75391d5c12a5-NettyServerStreamRpc-bossGroup--thread1] INFO  logging.LoggingHandler (AbstractInternalLogger.java:log(148)) - [id: 0x9b0d7aa1, L:/0:0:0:0:0:0:0:0:15148] UNREGISTERED
2023-09-08 11:20:41,748 [ced5577c-1b9f-4df4-b1d3-afb76f4739eb-impl-thread2] INFO  segmented.SegmentedRaftLogWorker (SegmentedRaftLogWorker.java:close(252)) - ced5577c-1b9f-4df4-b1d3-afb76f4739eb@group-AC77705E4BE5-SegmentedRaftLogWorker close()
2023-09-08 11:20:41,749 [JvmPauseMonitor20] INFO  util.JvmPauseMonitor (JvmPauseMonitor.java:run(109)) - JvmPauseMonitor-ced5577c-1b9f-4df4-b1d3-afb76f4739eb: Stopped
2023-09-08 11:20:41,755 [ccde687e-3bc0-46e3-98cf-cb73a4745fdb-impl-thread3] INFO  segmented.SegmentedRaftLogWorker (SegmentedRaftLogWorker.java:close(252)) - ccde687e-3bc0-46e3-98cf-cb73a4745fdb@group-7C7F1AE0E7D9-SegmentedRaftLogWorker close()
2023-09-08 11:20:41,758 [86b604ca-d593-47c1-a869-330a99737efc-impl-thread2] INFO  segmented.SegmentedRaftLogWorker (SegmentedRaftLogWorker.java:close(252)) - 86b604ca-d593-47c1-a869-330a99737efc@group-7C7F1AE0E7D9-SegmentedRaftLogWorker close()
2023-09-08 11:20:41,758 [86b604ca-d593-47c1-a869-330a99737efc-impl-thread4] INFO  segmented.SegmentedRaftLogWorker (SegmentedRaftLogWorker.java:close(252)) - 86b604ca-d593-47c1-a869-330a99737efc@group-E5C8CE52E2CD-SegmentedRaftLogWorker close()
2023-09-08 11:20:41,758 [03f108d1-7670-46de-a663-64a53fa7aba7-impl-thread3] INFO  segmented.SegmentedRaftLogWorker (SegmentedRaftLogWorker.java:close(252)) - 03f108d1-7670-46de-a663-64a53fa7aba7@group-F4D0E7223D43-SegmentedRaftLogWorker close()
2023-09-08 11:20:41,760 [03f108d1-7670-46de-a663-64a53fa7aba7-impl-thread2] INFO  segmented.SegmentedRaftLogWorker (SegmentedRaftLogWorker.java:close(252)) - 03f108d1-7670-46de-a663-64a53fa7aba7@group-7C7F1AE0E7D9-SegmentedRaftLogWorker close()
2023-09-08 11:20:41,762 [82b47503-614b-4a1f-aa0a-75391d5c12a5-impl-thread2] INFO  segmented.SegmentedRaftLogWorker (SegmentedRaftLogWorker.java:close(252)) - 82b47503-614b-4a1f-aa0a-75391d5c12a5@group-EC417510140A-SegmentedRaftLogWorker close()
2023-09-08 11:20:41,764 [JvmPauseMonitor19] INFO  util.JvmPauseMonitor (JvmPauseMonitor.java:run(109)) - JvmPauseMonitor-82b47503-614b-4a1f-aa0a-75391d5c12a5: Stopped
2023-09-08 11:20:41,765 [ccde687e-3bc0-46e3-98cf-cb73a4745fdb-impl-thread2] INFO  segmented.SegmentedRaftLogWorker (SegmentedRaftLogWorker.java:close(252)) - ccde687e-3bc0-46e3-98cf-cb73a4745fdb@group-B81657EA62B4-SegmentedRaftLogWorker close()
2023-09-08 11:20:42,206 [86b604ca-d593-47c1-a869-330a99737efc-impl-thread3] INFO  segmented.SegmentedRaftLogWorker (SegmentedRaftLogWorker.java:close(252)) - 86b604ca-d593-47c1-a869-330a99737efc@group-02558DD72F89-SegmentedRaftLogWorker close()
2023-09-08 11:20:42,206 [JvmPauseMonitor18] INFO  util.JvmPauseMonitor (JvmPauseMonitor.java:run(109)) - JvmPauseMonitor-86b604ca-d593-47c1-a869-330a99737efc: Stopped
2023-09-08 11:20:42,228 [ccde687e-3bc0-46e3-98cf-cb73a4745fdb-impl-thread4] INFO  segmented.SegmentedRaftLogWorker (SegmentedRaftLogWorker.java:close(252)) - ccde687e-3bc0-46e3-98cf-cb73a4745fdb@group-02558DD72F89-SegmentedRaftLogWorker close()
2023-09-08 11:20:42,229 [03f108d1-7670-46de-a663-64a53fa7aba7-impl-thread4] INFO  segmented.SegmentedRaftLogWorker (SegmentedRaftLogWorker.java:close(252)) - 03f108d1-7670-46de-a663-64a53fa7aba7@group-02558DD72F89-SegmentedRaftLogWorker close()
2023-09-08 11:20:42,229 [JvmPauseMonitor16] INFO  util.JvmPauseMonitor (JvmPauseMonitor.java:run(109)) - JvmPauseMonitor-ccde687e-3bc0-46e3-98cf-cb73a4745fdb: Stopped
2023-09-08 11:20:42,230 [JvmPauseMonitor17] INFO  util.JvmPauseMonitor (JvmPauseMonitor.java:run(109)) - JvmPauseMonitor-03f108d1-7670-46de-a663-64a53fa7aba7: Stopped
2023-09-08 11:20:43,753 [ForkJoinPool.commonPool-worker-0] INFO  utils.DatanodeStoreCache (DatanodeStoreCache.java:shutdownCache(110)) - Skip clearing cache in mini cluster mode. Entries left: [/home/runner/work/ozone/ozone/hadoop-ozone/integration-test/target/test-dir/MiniOzoneClusterImpl-b03496ff-6041-4009-870e-fb613b325751/datanode-0/data-0/containers/hdds/b03496ff-6041-4009-870e-fb613b325751/DS-04cb81fb-14b2-456d-b60d-ef68bffae4ce/container.db, /home/runner/work/ozone/ozone/hadoop-ozone/integration-test/target/test-dir/MiniOzoneClusterImpl-b03496ff-6041-4009-870e-fb613b325751/datanode-1/data-0/containers/hdds/b03496ff-6041-4009-870e-fb613b325751/DS-64eaabf9-3d1c-45f8-ac55-c9ddb8528349/container.db, /home/runner/work/ozone/ozone/hadoop-ozone/integration-test/target/test-dir/MiniOzoneClusterImpl-b03496ff-6041-4009-870e-fb613b325751/datanode-2/data-0/containers/hdds/b03496ff-6041-4009-870e-fb613b325751/DS-7071b575-57e6-4099-8ad9-16c714c968b9/container.db, /home/runner/work/ozone/ozone/hadoop-ozone/integration-test/target/test-dir/MiniOzoneClusterImpl-b03496ff-6041-4009-870e-fb613b325751/datanode-3/data-0/containers/hdds/b03496ff-6041-4009-870e-fb613b325751/DS-885616ab-6c5a-4f07-9e75-6cfce5f60d59/container.db, /home/runner/work/ozone/ozone/hadoop-ozone/integration-test/target/test-dir/MiniOzoneClusterImpl-b03496ff-6041-4009-870e-fb613b325751/datanode-4/data-0/containers/hdds/b03496ff-6041-4009-870e-fb613b325751/DS-69fedf0a-61b9-4b94-9813-f689da174aec/container.db]
2023-09-08 11:20:43,759 [ForkJoinPool.commonPool-worker-0] INFO  utils.DatanodeStoreCache (DatanodeStoreCache.java:removeDB(104)) - Removed db /home/runner/work/ozone/ozone/hadoop-ozone/integration-test/target/test-dir/MiniOzoneClusterImpl-b03496ff-6041-4009-870e-fb613b325751/datanode-4/data-0/containers/hdds/b03496ff-6041-4009-870e-fb613b325751/DS-69fedf0a-61b9-4b94-9813-f689da174aec/container.db from cache
2023-09-08 11:20:43,760 [ForkJoinPool.commonPool-worker-0] INFO  volume.HddsVolume (HddsVolume.java:closeDbStore(453)) - SchemaV3 db is stopped at /home/runner/work/ozone/ozone/hadoop-ozone/integration-test/target/test-dir/MiniOzoneClusterImpl-b03496ff-6041-4009-870e-fb613b325751/datanode-4/data-0/containers/hdds/b03496ff-6041-4009-870e-fb613b325751/DS-69fedf0a-61b9-4b94-9813-f689da174aec/container.db for volume DS-69fedf0a-61b9-4b94-9813-f689da174aec
2023-09-08 11:20:43,760 [ForkJoinPool.commonPool-worker-0] INFO  utils.BackgroundService (BackgroundService.java:shutdown(141)) - Shutting down service BlockDeletingService
2023-09-08 11:20:43,761 [ForkJoinPool.commonPool-worker-0] INFO  utils.BackgroundService (BackgroundService.java:shutdown(141)) - Shutting down service StaleRecoveringContainerScrubbingService
2023-09-08 11:20:43,767 [ForkJoinPool.commonPool-worker-1] INFO  utils.DatanodeStoreCache (DatanodeStoreCache.java:shutdownCache(110)) - Skip clearing cache in mini cluster mode. Entries left: [/home/runner/work/ozone/ozone/hadoop-ozone/integration-test/target/test-dir/MiniOzoneClusterImpl-b03496ff-6041-4009-870e-fb613b325751/datanode-0/data-0/containers/hdds/b03496ff-6041-4009-870e-fb613b325751/DS-04cb81fb-14b2-456d-b60d-ef68bffae4ce/container.db, /home/runner/work/ozone/ozone/hadoop-ozone/integration-test/target/test-dir/MiniOzoneClusterImpl-b03496ff-6041-4009-870e-fb613b325751/datanode-1/data-0/containers/hdds/b03496ff-6041-4009-870e-fb613b325751/DS-64eaabf9-3d1c-45f8-ac55-c9ddb8528349/container.db, /home/runner/work/ozone/ozone/hadoop-ozone/integration-test/target/test-dir/MiniOzoneClusterImpl-b03496ff-6041-4009-870e-fb613b325751/datanode-2/data-0/containers/hdds/b03496ff-6041-4009-870e-fb613b325751/DS-7071b575-57e6-4099-8ad9-16c714c968b9/container.db, /home/runner/work/ozone/ozone/hadoop-ozone/integration-test/target/test-dir/MiniOzoneClusterImpl-b03496ff-6041-4009-870e-fb613b325751/datanode-3/data-0/containers/hdds/b03496ff-6041-4009-870e-fb613b325751/DS-885616ab-6c5a-4f07-9e75-6cfce5f60d59/container.db]
2023-09-08 11:20:43,772 [ForkJoinPool.commonPool-worker-0] INFO  statemachine.DatanodeStateMachine (DatanodeStateMachine.java:stopDaemon(620)) - Ozone container server stopped.
2023-09-08 11:20:43,785 [ForkJoinPool.commonPool-worker-1] INFO  utils.DatanodeStoreCache (DatanodeStoreCache.java:removeDB(104)) - Removed db /home/runner/work/ozone/ozone/hadoop-ozone/integration-test/target/test-dir/MiniOzoneClusterImpl-b03496ff-6041-4009-870e-fb613b325751/datanode-3/data-0/containers/hdds/b03496ff-6041-4009-870e-fb613b325751/DS-885616ab-6c5a-4f07-9e75-6cfce5f60d59/container.db from cache
2023-09-08 11:20:43,785 [ForkJoinPool.commonPool-worker-1] INFO  volume.HddsVolume (HddsVolume.java:closeDbStore(453)) - SchemaV3 db is stopped at /home/runner/work/ozone/ozone/hadoop-ozone/integration-test/target/test-dir/MiniOzoneClusterImpl-b03496ff-6041-4009-870e-fb613b325751/datanode-3/data-0/containers/hdds/b03496ff-6041-4009-870e-fb613b325751/DS-885616ab-6c5a-4f07-9e75-6cfce5f60d59/container.db for volume DS-885616ab-6c5a-4f07-9e75-6cfce5f60d59
2023-09-08 11:20:43,787 [ForkJoinPool.commonPool-worker-1] INFO  utils.BackgroundService (BackgroundService.java:shutdown(141)) - Shutting down service BlockDeletingService
2023-09-08 11:20:43,787 [ForkJoinPool.commonPool-worker-1] INFO  utils.BackgroundService (BackgroundService.java:shutdown(141)) - Shutting down service StaleRecoveringContainerScrubbingService
2023-09-08 11:20:43,788 [ForkJoinPool.commonPool-worker-1] INFO  statemachine.DatanodeStateMachine (DatanodeStateMachine.java:stopDaemon(620)) - Ozone container server stopped.
2023-09-08 11:20:43,803 [ForkJoinPool.commonPool-worker-0] INFO  handler.ContextHandler (ContextHandler.java:doStop(1159)) - Stopped o.e.j.w.WebAppContext@513028e3{hddsDatanode,/,null,STOPPED}{jar:file:/home/runner/.m2/repository/org/apache/ozone/hdds-container-service/1.4.0-SNAPSHOT/hdds-container-service-1.4.0-SNAPSHOT.jar!/webapps/hddsDatanode}
2023-09-08 11:20:43,803 [ForkJoinPool.commonPool-worker-1] INFO  handler.ContextHandler (ContextHandler.java:doStop(1159)) - Stopped o.e.j.w.WebAppContext@1c4ec15f{hddsDatanode,/,null,STOPPED}{jar:file:/home/runner/.m2/repository/org/apache/ozone/hdds-container-service/1.4.0-SNAPSHOT/hdds-container-service-1.4.0-SNAPSHOT.jar!/webapps/hddsDatanode}
2023-09-08 11:20:43,804 [ForkJoinPool.commonPool-worker-1] INFO  server.AbstractConnector (AbstractConnector.java:doStop(383)) - Stopped ServerConnector@31710a8b{HTTP/1.1, (http/1.1)}{0.0.0.0:15142}
2023-09-08 11:20:43,805 [ForkJoinPool.commonPool-worker-1] INFO  server.session (HouseKeeper.java:stopScavenging(149)) - node0 Stopped scavenging
2023-09-08 11:20:43,804 [ForkJoinPool.commonPool-worker-0] INFO  server.AbstractConnector (AbstractConnector.java:doStop(383)) - Stopped ServerConnector@2207b69c{HTTP/1.1, (http/1.1)}{0.0.0.0:15151}
2023-09-08 11:20:43,805 [ForkJoinPool.commonPool-worker-0] INFO  server.session (HouseKeeper.java:stopScavenging(149)) - node0 Stopped scavenging
2023-09-08 11:20:43,807 [ForkJoinPool.commonPool-worker-1] INFO  handler.ContextHandler (ContextHandler.java:doStop(1159)) - Stopped o.e.j.s.ServletContextHandler@208d03da{static,/static,jar:file:/home/runner/.m2/repository/org/apache/ozone/hdds-container-service/1.4.0-SNAPSHOT/hdds-container-service-1.4.0-SNAPSHOT.jar!/webapps/static,STOPPED}
2023-09-08 11:20:43,808 [ForkJoinPool.commonPool-worker-0] INFO  handler.ContextHandler (ContextHandler.java:doStop(1159)) - Stopped o.e.j.s.ServletContextHandler@31cbe718{static,/static,jar:file:/home/runner/.m2/repository/org/apache/ozone/hdds-container-service/1.4.0-SNAPSHOT/hdds-container-service-1.4.0-SNAPSHOT.jar!/webapps/static,STOPPED}
2023-09-08 11:20:43,808 [ForkJoinPool.commonPool-worker-0] INFO  handler.ContextHandler (ContextHandler.java:doStop(1159)) - Stopped o.e.j.s.ServletContextHandler@679fdfe2{logs,/logs,file:///home/runner/work/ozone/ozone/hadoop-ozone/integration-test/target/log,STOPPED}
2023-09-08 11:20:43,809 [ForkJoinPool.commonPool-worker-1] INFO  handler.ContextHandler (ContextHandler.java:doStop(1159)) - Stopped o.e.j.s.ServletContextHandler@4db96fd{logs,/logs,file:///home/runner/work/ozone/ozone/hadoop-ozone/integration-test/target/log,STOPPED}
2023-09-08 11:20:43,809 [ForkJoinPool.commonPool-worker-0] INFO  ozone.HddsDatanodeClientProtocolServer (HddsDatanodeClientProtocolServer.java:stop(78)) - Stopping the RPC server for Client Protocol
2023-09-08 11:20:43,817 [ForkJoinPool.commonPool-worker-1] INFO  ozone.HddsDatanodeClientProtocolServer (HddsDatanodeClientProtocolServer.java:stop(78)) - Stopping the RPC server for Client Protocol
2023-09-08 11:20:43,817 [ForkJoinPool.commonPool-worker-0] INFO  ipc.Server (Server.java:stop(3523)) - Stopping server on 15152
2023-09-08 11:20:43,817 [ForkJoinPool.commonPool-worker-1] INFO  ipc.Server (Server.java:stop(3523)) - Stopping server on 15143
2023-09-08 11:20:43,817 [IPC Server listener on 15143] INFO  ipc.Server (Server.java:run(1434)) - Stopping IPC Server listener on 15143
2023-09-08 11:20:43,818 [IPC Server Responder] INFO  ipc.Server (Server.java:run(1567)) - Stopping IPC Server Responder
2023-09-08 11:20:43,819 [IPC Server listener on 15152] INFO  ipc.Server (Server.java:run(1434)) - Stopping IPC Server listener on 15152
2023-09-08 11:20:43,821 [IPC Server Responder] INFO  ipc.Server (Server.java:run(1567)) - Stopping IPC Server Responder
2023-09-08 11:20:44,217 [main] INFO  utils.DatanodeStoreCache (DatanodeStoreCache.java:shutdownCache(110)) - Skip clearing cache in mini cluster mode. Entries left: [/home/runner/work/ozone/ozone/hadoop-ozone/integration-test/target/test-dir/MiniOzoneClusterImpl-b03496ff-6041-4009-870e-fb613b325751/datanode-0/data-0/containers/hdds/b03496ff-6041-4009-870e-fb613b325751/DS-04cb81fb-14b2-456d-b60d-ef68bffae4ce/container.db, /home/runner/work/ozone/ozone/hadoop-ozone/integration-test/target/test-dir/MiniOzoneClusterImpl-b03496ff-6041-4009-870e-fb613b325751/datanode-1/data-0/containers/hdds/b03496ff-6041-4009-870e-fb613b325751/DS-64eaabf9-3d1c-45f8-ac55-c9ddb8528349/container.db, /home/runner/work/ozone/ozone/hadoop-ozone/integration-test/target/test-dir/MiniOzoneClusterImpl-b03496ff-6041-4009-870e-fb613b325751/datanode-2/data-0/containers/hdds/b03496ff-6041-4009-870e-fb613b325751/DS-7071b575-57e6-4099-8ad9-16c714c968b9/container.db]
2023-09-08 11:20:44,219 [main] INFO  utils.DatanodeStoreCache (DatanodeStoreCache.java:removeDB(104)) - Removed db /home/runner/work/ozone/ozone/hadoop-ozone/integration-test/target/test-dir/MiniOzoneClusterImpl-b03496ff-6041-4009-870e-fb613b325751/datanode-2/data-0/containers/hdds/b03496ff-6041-4009-870e-fb613b325751/DS-7071b575-57e6-4099-8ad9-16c714c968b9/container.db from cache
2023-09-08 11:20:44,219 [main] INFO  volume.HddsVolume (HddsVolume.java:closeDbStore(453)) - SchemaV3 db is stopped at /home/runner/work/ozone/ozone/hadoop-ozone/integration-test/target/test-dir/MiniOzoneClusterImpl-b03496ff-6041-4009-870e-fb613b325751/datanode-2/data-0/containers/hdds/b03496ff-6041-4009-870e-fb613b325751/DS-7071b575-57e6-4099-8ad9-16c714c968b9/container.db for volume DS-7071b575-57e6-4099-8ad9-16c714c968b9
2023-09-08 11:20:44,219 [main] INFO  utils.BackgroundService (BackgroundService.java:shutdown(141)) - Shutting down service BlockDeletingService
2023-09-08 11:20:44,220 [main] INFO  utils.BackgroundService (BackgroundService.java:shutdown(141)) - Shutting down service StaleRecoveringContainerScrubbingService
2023-09-08 11:20:44,220 [main] INFO  statemachine.DatanodeStateMachine (DatanodeStateMachine.java:stopDaemon(620)) - Ozone container server stopped.
2023-09-08 11:20:44,233 [ForkJoinPool.commonPool-worker-3] INFO  utils.DatanodeStoreCache (DatanodeStoreCache.java:shutdownCache(110)) - Skip clearing cache in mini cluster mode. Entries left: [/home/runner/work/ozone/ozone/hadoop-ozone/integration-test/target/test-dir/MiniOzoneClusterImpl-b03496ff-6041-4009-870e-fb613b325751/datanode-0/data-0/containers/hdds/b03496ff-6041-4009-870e-fb613b325751/DS-04cb81fb-14b2-456d-b60d-ef68bffae4ce/container.db, /home/runner/work/ozone/ozone/hadoop-ozone/integration-test/target/test-dir/MiniOzoneClusterImpl-b03496ff-6041-4009-870e-fb613b325751/datanode-1/data-0/containers/hdds/b03496ff-6041-4009-870e-fb613b325751/DS-64eaabf9-3d1c-45f8-ac55-c9ddb8528349/container.db]
2023-09-08 11:20:44,234 [ForkJoinPool.commonPool-worker-2] INFO  utils.DatanodeStoreCache (DatanodeStoreCache.java:shutdownCache(110)) - Skip clearing cache in mini cluster mode. Entries left: [/home/runner/work/ozone/ozone/hadoop-ozone/integration-test/target/test-dir/MiniOzoneClusterImpl-b03496ff-6041-4009-870e-fb613b325751/datanode-1/data-0/containers/hdds/b03496ff-6041-4009-870e-fb613b325751/DS-64eaabf9-3d1c-45f8-ac55-c9ddb8528349/container.db]
2023-09-08 11:20:44,234 [ForkJoinPool.commonPool-worker-3] INFO  utils.DatanodeStoreCache (DatanodeStoreCache.java:removeDB(104)) - Removed db /home/runner/work/ozone/ozone/hadoop-ozone/integration-test/target/test-dir/MiniOzoneClusterImpl-b03496ff-6041-4009-870e-fb613b325751/datanode-0/data-0/containers/hdds/b03496ff-6041-4009-870e-fb613b325751/DS-04cb81fb-14b2-456d-b60d-ef68bffae4ce/container.db from cache
2023-09-08 11:20:44,234 [ForkJoinPool.commonPool-worker-3] INFO  volume.HddsVolume (HddsVolume.java:closeDbStore(453)) - SchemaV3 db is stopped at /home/runner/work/ozone/ozone/hadoop-ozone/integration-test/target/test-dir/MiniOzoneClusterImpl-b03496ff-6041-4009-870e-fb613b325751/datanode-0/data-0/containers/hdds/b03496ff-6041-4009-870e-fb613b325751/DS-04cb81fb-14b2-456d-b60d-ef68bffae4ce/container.db for volume DS-04cb81fb-14b2-456d-b60d-ef68bffae4ce
2023-09-08 11:20:44,235 [ForkJoinPool.commonPool-worker-3] INFO  utils.BackgroundService (BackgroundService.java:shutdown(141)) - Shutting down service BlockDeletingService
2023-09-08 11:20:44,235 [main] INFO  handler.ContextHandler (ContextHandler.java:doStop(1159)) - Stopped o.e.j.w.WebAppContext@1d3a324c{hddsDatanode,/,null,STOPPED}{jar:file:/home/runner/.m2/repository/org/apache/ozone/hdds-container-service/1.4.0-SNAPSHOT/hdds-container-service-1.4.0-SNAPSHOT.jar!/webapps/hddsDatanode}
2023-09-08 11:20:44,238 [ForkJoinPool.commonPool-worker-3] INFO  utils.BackgroundService (BackgroundService.java:shutdown(141)) - Shutting down service StaleRecoveringContainerScrubbingService
2023-09-08 11:20:44,235 [ForkJoinPool.commonPool-worker-2] INFO  utils.DatanodeStoreCache (DatanodeStoreCache.java:removeDB(104)) - Removed db /home/runner/work/ozone/ozone/hadoop-ozone/integration-test/target/test-dir/MiniOzoneClusterImpl-b03496ff-6041-4009-870e-fb613b325751/datanode-1/data-0/containers/hdds/b03496ff-6041-4009-870e-fb613b325751/DS-64eaabf9-3d1c-45f8-ac55-c9ddb8528349/container.db from cache
2023-09-08 11:20:44,238 [ForkJoinPool.commonPool-worker-2] INFO  volume.HddsVolume (HddsVolume.java:closeDbStore(453)) - SchemaV3 db is stopped at /home/runner/work/ozone/ozone/hadoop-ozone/integration-test/target/test-dir/MiniOzoneClusterImpl-b03496ff-6041-4009-870e-fb613b325751/datanode-1/data-0/containers/hdds/b03496ff-6041-4009-870e-fb613b325751/DS-64eaabf9-3d1c-45f8-ac55-c9ddb8528349/container.db for volume DS-64eaabf9-3d1c-45f8-ac55-c9ddb8528349
2023-09-08 11:20:44,240 [ForkJoinPool.commonPool-worker-3] INFO  statemachine.DatanodeStateMachine (DatanodeStateMachine.java:stopDaemon(620)) - Ozone container server stopped.
2023-09-08 11:20:44,240 [ForkJoinPool.commonPool-worker-2] INFO  utils.BackgroundService (BackgroundService.java:shutdown(141)) - Shutting down service BlockDeletingService
2023-09-08 11:20:44,242 [ForkJoinPool.commonPool-worker-2] INFO  utils.BackgroundService (BackgroundService.java:shutdown(141)) - Shutting down service StaleRecoveringContainerScrubbingService
2023-09-08 11:20:44,242 [main] INFO  server.AbstractConnector (AbstractConnector.java:doStop(383)) - Stopped ServerConnector@2012d857{HTTP/1.1, (http/1.1)}{0.0.0.0:15133}
2023-09-08 11:20:44,243 [main] INFO  server.session (HouseKeeper.java:stopScavenging(149)) - node0 Stopped scavenging
2023-09-08 11:20:44,243 [main] INFO  handler.ContextHandler (ContextHandler.java:doStop(1159)) - Stopped o.e.j.s.ServletContextHandler@1799d41f{static,/static,jar:file:/home/runner/.m2/repository/org/apache/ozone/hdds-container-service/1.4.0-SNAPSHOT/hdds-container-service-1.4.0-SNAPSHOT.jar!/webapps/static,STOPPED}
2023-09-08 11:20:44,244 [main] INFO  handler.ContextHandler (ContextHandler.java:doStop(1159)) - Stopped o.e.j.s.ServletContextHandler@70509f26{logs,/logs,file:///home/runner/work/ozone/ozone/hadoop-ozone/integration-test/target/log,STOPPED}
2023-09-08 11:20:44,244 [main] INFO  ozone.HddsDatanodeClientProtocolServer (HddsDatanodeClientProtocolServer.java:stop(78)) - Stopping the RPC server for Client Protocol
2023-09-08 11:20:44,245 [main] INFO  ipc.Server (Server.java:stop(3523)) - Stopping server on 15134
2023-09-08 11:20:44,246 [IPC Server listener on 15134] INFO  ipc.Server (Server.java:run(1434)) - Stopping IPC Server listener on 15134
2023-09-08 11:20:44,246 [IPC Server Responder] INFO  ipc.Server (Server.java:run(1567)) - Stopping IPC Server Responder
2023-09-08 11:20:44,251 [ForkJoinPool.commonPool-worker-2] INFO  statemachine.DatanodeStateMachine (DatanodeStateMachine.java:stopDaemon(620)) - Ozone container server stopped.
2023-09-08 11:20:44,271 [ForkJoinPool.commonPool-worker-2] INFO  handler.ContextHandler (ContextHandler.java:doStop(1159)) - Stopped o.e.j.w.WebAppContext@6f6e50ce{hddsDatanode,/,null,STOPPED}{jar:file:/home/runner/.m2/repository/org/apache/ozone/hdds-container-service/1.4.0-SNAPSHOT/hdds-container-service-1.4.0-SNAPSHOT.jar!/webapps/hddsDatanode}
2023-09-08 11:20:44,271 [ForkJoinPool.commonPool-worker-2] INFO  server.AbstractConnector (AbstractConnector.java:doStop(383)) - Stopped ServerConnector@3454f039{HTTP/1.1, (http/1.1)}{0.0.0.0:15124}
2023-09-08 11:20:44,271 [ForkJoinPool.commonPool-worker-2] INFO  server.session (HouseKeeper.java:stopScavenging(149)) - node0 Stopped scavenging
2023-09-08 11:20:44,272 [ForkJoinPool.commonPool-worker-2] INFO  handler.ContextHandler (ContextHandler.java:doStop(1159)) - Stopped o.e.j.s.ServletContextHandler@2c76c4f{static,/static,jar:file:/home/runner/.m2/repository/org/apache/ozone/hdds-container-service/1.4.0-SNAPSHOT/hdds-container-service-1.4.0-SNAPSHOT.jar!/webapps/static,STOPPED}
2023-09-08 11:20:44,273 [ForkJoinPool.commonPool-worker-2] INFO  handler.ContextHandler (ContextHandler.java:doStop(1159)) - Stopped o.e.j.s.ServletContextHandler@443ca53a{logs,/logs,file:///home/runner/work/ozone/ozone/hadoop-ozone/integration-test/target/log,STOPPED}
2023-09-08 11:20:44,274 [ForkJoinPool.commonPool-worker-2] INFO  ozone.HddsDatanodeClientProtocolServer (HddsDatanodeClientProtocolServer.java:stop(78)) - Stopping the RPC server for Client Protocol
2023-09-08 11:20:44,274 [ForkJoinPool.commonPool-worker-2] INFO  ipc.Server (Server.java:stop(3523)) - Stopping server on 15125
2023-09-08 11:20:44,274 [IPC Server listener on 15125] INFO  ipc.Server (Server.java:run(1434)) - Stopping IPC Server listener on 15125
2023-09-08 11:20:44,275 [IPC Server Responder] INFO  ipc.Server (Server.java:run(1567)) - Stopping IPC Server Responder
2023-09-08 11:20:44,283 [ForkJoinPool.commonPool-worker-3] INFO  handler.ContextHandler (ContextHandler.java:doStop(1159)) - Stopped o.e.j.w.WebAppContext@35d43d72{hddsDatanode,/,null,STOPPED}{jar:file:/home/runner/.m2/repository/org/apache/ozone/hdds-container-service/1.4.0-SNAPSHOT/hdds-container-service-1.4.0-SNAPSHOT.jar!/webapps/hddsDatanode}
2023-09-08 11:20:44,284 [ForkJoinPool.commonPool-worker-3] INFO  server.AbstractConnector (AbstractConnector.java:doStop(383)) - Stopped ServerConnector@4010ad81{HTTP/1.1, (http/1.1)}{0.0.0.0:15115}
2023-09-08 11:20:44,284 [ForkJoinPool.commonPool-worker-3] INFO  server.session (HouseKeeper.java:stopScavenging(149)) - node0 Stopped scavenging
2023-09-08 11:20:44,288 [ForkJoinPool.commonPool-worker-3] INFO  handler.ContextHandler (ContextHandler.java:doStop(1159)) - Stopped o.e.j.s.ServletContextHandler@367f3fe5{static,/static,jar:file:/home/runner/.m2/repository/org/apache/ozone/hdds-container-service/1.4.0-SNAPSHOT/hdds-container-service-1.4.0-SNAPSHOT.jar!/webapps/static,STOPPED}
2023-09-08 11:20:44,288 [ForkJoinPool.commonPool-worker-3] INFO  handler.ContextHandler (ContextHandler.java:doStop(1159)) - Stopped o.e.j.s.ServletContextHandler@38cc8baa{logs,/logs,file:///home/runner/work/ozone/ozone/hadoop-ozone/integration-test/target/log,STOPPED}
2023-09-08 11:20:44,291 [ForkJoinPool.commonPool-worker-3] INFO  ozone.HddsDatanodeClientProtocolServer (HddsDatanodeClientProtocolServer.java:stop(78)) - Stopping the RPC server for Client Protocol
2023-09-08 11:20:44,291 [ForkJoinPool.commonPool-worker-3] INFO  ipc.Server (Server.java:stop(3523)) - Stopping server on 15116
2023-09-08 11:20:44,291 [IPC Server listener on 15116] INFO  ipc.Server (Server.java:run(1434)) - Stopping IPC Server listener on 15116
2023-09-08 11:20:44,293 [IPC Server Responder] INFO  ipc.Server (Server.java:run(1567)) - Stopping IPC Server Responder
2023-09-08 11:20:44,294 [main] INFO  ozone.MiniOzoneClusterImpl (MiniOzoneClusterImpl.java:stopSCM(543)) - Stopping the StorageContainerManager
2023-09-08 11:20:44,294 [main] INFO  server.StorageContainerManager (StorageContainerManager.java:stop(1591)) - Container Balancer is not running.
2023-09-08 11:20:44,294 [main] INFO  server.StorageContainerManager (StorageContainerManager.java:stopReplicationManager(1724)) - Stopping Replication Manager Service.
2023-09-08 11:20:44,294 [main] INFO  replication.ReplicationManager (ReplicationManager.java:stop(323)) - Stopping Replication Monitor Thread.
2023-09-08 11:20:44,294 [main] INFO  server.StorageContainerManager (StorageContainerManager.java:stop(1600)) - Stopping the Datanode Admin Monitor.
2023-09-08 11:20:44,294 [ReplicationMonitor] INFO  replication.ReplicationManager (ReplicationManager.java:run(921)) - Replication Monitor Thread is stopped
2023-09-08 11:20:44,294 [Over Replicated Processor] WARN  replication.UnhealthyReplicationProcessor (UnhealthyReplicationProcessor.java:run(180)) - Over Replicated Processor interrupted. Exiting...
2023-09-08 11:20:44,294 [Under Replicated Processor] WARN  replication.UnhealthyReplicationProcessor (UnhealthyReplicationProcessor.java:run(180)) - Under Replicated Processor interrupted. Exiting...
2023-09-08 11:20:44,294 [main] INFO  server.StorageContainerManager (StorageContainerManager.java:stop(1607)) - Stopping datanode service RPC server
2023-09-08 11:20:44,295 [main] INFO  server.SCMDatanodeProtocolServer (SCMDatanodeProtocolServer.java:stop(424)) - Stopping the RPC server for DataNodes
2023-09-08 11:20:44,295 [main] INFO  ipc.Server (Server.java:stop(3523)) - Stopping server on 15108
2023-09-08 11:20:44,301 [IPC Server Responder] INFO  ipc.Server (Server.java:run(1567)) - Stopping IPC Server Responder
2023-09-08 11:20:44,301 [IPC Server listener on 15108] INFO  ipc.Server (Server.java:run(1434)) - Stopping IPC Server listener on 15108
2023-09-08 11:20:44,371 [SCM Heartbeat Processing Thread - 0] WARN  node.NodeStateManager (NodeStateManager.java:scheduleNextHealthCheck(874)) - Current Thread is interrupted, shutting down HB processing thread for Node Manager.
2023-09-08 11:20:44,371 [main] INFO  server.StorageContainerManager (StorageContainerManager.java:stop(1615)) - Stopping block service RPC server
2023-09-08 11:20:44,372 [main] INFO  server.SCMBlockProtocolServer (SCMBlockProtocolServer.java:stop(163)) - Stopping the RPC server for Block Protocol
2023-09-08 11:20:44,372 [main] INFO  ipc.Server (Server.java:stop(3523)) - Stopping server on 15107
2023-09-08 11:20:44,373 [IPC Server listener on 15107] INFO  ipc.Server (Server.java:run(1434)) - Stopping IPC Server listener on 15107
2023-09-08 11:20:44,376 [IPC Server Responder] INFO  ipc.Server (Server.java:run(1567)) - Stopping IPC Server Responder
2023-09-08 11:20:44,376 [main] INFO  server.StorageContainerManager (StorageContainerManager.java:stop(1622)) - Stopping the StorageContainerLocationProtocol RPC server
2023-09-08 11:20:44,377 [main] INFO  server.SCMClientProtocolServer (SCMClientProtocolServer.java:stop(210)) - Stopping the RPC server for Client Protocol
2023-09-08 11:20:44,377 [main] INFO  ipc.Server (Server.java:stop(3523)) - Stopping server on 15106
2023-09-08 11:20:44,378 [IPC Server listener on 15106] INFO  ipc.Server (Server.java:run(1434)) - Stopping IPC Server listener on 15106
2023-09-08 11:20:44,381 [IPC Server Responder] INFO  ipc.Server (Server.java:run(1567)) - Stopping IPC Server Responder
2023-09-08 11:20:44,381 [main] INFO  server.StorageContainerManager (StorageContainerManager.java:stop(1629)) - Stopping Storage Container Manager HTTP server.
2023-09-08 11:20:44,382 [main] INFO  handler.ContextHandler (ContextHandler.java:doStop(1159)) - Stopped o.e.j.w.WebAppContext@7f37f587{scm,/,null,STOPPED}{file:/home/runner/work/ozone/ozone/hadoop-ozone/integration-test/target/test-classes/webapps/scm}
2023-09-08 11:20:44,386 [main] INFO  server.AbstractConnector (AbstractConnector.java:doStop(383)) - Stopped ServerConnector@4bac40fd{HTTP/1.1, (http/1.1)}{0.0.0.0:15109}
2023-09-08 11:20:44,386 [main] INFO  server.session (HouseKeeper.java:stopScavenging(149)) - node0 Stopped scavenging
2023-09-08 11:20:44,386 [main] INFO  handler.ContextHandler (ContextHandler.java:doStop(1159)) - Stopped o.e.j.s.ServletContextHandler@5e3193ac{static,/static,file:///home/runner/work/ozone/ozone/hadoop-ozone/integration-test/target/test-classes/webapps/static,STOPPED}
2023-09-08 11:20:44,386 [main] INFO  handler.ContextHandler (ContextHandler.java:doStop(1159)) - Stopped o.e.j.s.ServletContextHandler@8e49207{logs,/logs,file:///home/runner/work/ozone/ozone/hadoop-ozone/integration-test/target/log,STOPPED}
2023-09-08 11:20:44,388 [main] INFO  server.StorageContainerManager (StorageContainerManager.java:stop(1637)) - Stopping SCM LayoutVersionManager Service.
2023-09-08 11:20:44,388 [main] INFO  server.StorageContainerManager (StorageContainerManager.java:stop(1649)) - Stopping Block Manager Service.
2023-09-08 11:20:44,388 [main] INFO  utils.BackgroundService (BackgroundService.java:shutdown(141)) - Shutting down service SCMBlockDeletingService
2023-09-08 11:20:44,388 [main] INFO  utils.BackgroundService (BackgroundService.java:shutdown(141)) - Shutting down service SCMBlockDeletingService
2023-09-08 11:20:44,388 [main] INFO  server.StorageContainerManager (StorageContainerManager.java:stop(1669)) - Stopping SCM Event Queue.
2023-09-08 11:20:44,391 [JvmPauseMonitor14] INFO  util.JvmPauseMonitor (JvmPauseMonitor.java:run(109)) - JvmPauseMonitor-955b9a2d-23d7-4de5-ae60-786a38030137: Stopped
2023-09-08 11:20:44,392 [main] INFO  server.StorageContainerManager (StorageContainerManager.java:stop(1680)) - Stopping SCM HA services.
2023-09-08 11:20:44,392 [main] INFO  pipeline.BackgroundPipelineCreator (BackgroundPipelineCreator.java:stop(149)) - Stopping RatisPipelineUtilsThread.
2023-09-08 11:20:44,392 [RatisPipelineUtilsThread - 0] WARN  pipeline.BackgroundPipelineCreator (BackgroundPipelineCreator.java:run(180)) - RatisPipelineUtilsThread is interrupted.
2023-09-08 11:20:44,392 [BackgroundPipelineScrubberThread] WARN  BackgroundPipelineScrubber (BackgroundSCMService.java:run(115)) - BackgroundPipelineScrubber is interrupted, exit
2023-09-08 11:20:44,392 [main] INFO  BackgroundPipelineScrubber (BackgroundSCMService.java:stop(131)) - Stopping BackgroundPipelineScrubber Service.
2023-09-08 11:20:44,393 [main] INFO  impl.MetricsSystemImpl (MetricsSystemImpl.java:stop(210)) - Stopping HddsDatanode metrics system...
2023-09-08 11:20:44,399 [prometheus] INFO  impl.MetricsSinkAdapter (MetricsSinkAdapter.java:publishMetricsFromQueue(141)) - prometheus thread interrupted.
2023-09-08 11:20:44,399 [main] INFO  impl.MetricsSystemImpl (MetricsSystemImpl.java:stop(216)) - HddsDatanode metrics system stopped.
2023-09-08 11:20:44,399 [main] WARN  pipeline.BackgroundPipelineCreator (BackgroundPipelineCreator.java:stop(145)) - RatisPipelineUtilsThread is not running, just ignore.
2023-09-08 11:20:44,399 [main] INFO  BackgroundPipelineScrubber (BackgroundSCMService.java:stop(126)) - BackgroundPipelineScrubber Service is not running, skip stop.
2023-09-08 11:20:44,399 [main] INFO  ExpiredContainerReplicaOpScrubber (BackgroundSCMService.java:stop(131)) - Stopping ExpiredContainerReplicaOpScrubber Service.
2023-09-08 11:20:44,399 [ExpiredContainerReplicaOpScrubberThread] WARN  ExpiredContainerReplicaOpScrubber (BackgroundSCMService.java:run(115)) - ExpiredContainerReplicaOpScrubber is interrupted, exit
2023-09-08 11:20:44,399 [main] INFO  utils.BackgroundService (BackgroundService.java:shutdown(141)) - Shutting down service SCMBlockDeletingService
2023-09-08 11:20:44,403 [main] INFO  replication.ReplicationManager (ReplicationManager.java:stop(333)) - Replication Monitor Thread is not running.
2023-09-08 11:20:44,403 [main] WARN  balancer.ContainerBalancer (ContainerBalancer.java:stop(326)) - Cannot stop Container Balancer because it's not running or stopping
2023-09-08 11:20:44,403 [main] INFO  server.StorageContainerManager (StorageContainerManager.java:stop(1715)) - Stopping SCM MetadataStore.
2023-09-08 11:20:44,474 [main] WARN  server.ServerUtils (ServerUtils.java:getScmDbDir(155)) - ozone.scm.db.dirs is not configured. We recommend adding this setting. Falling back to ozone.metadata.dirs instead.
2023-09-08 11:20:44,480 [main] WARN  server.ServerUtils (ServerUtils.java:getScmDbDir(155)) - ozone.scm.db.dirs is not configured. We recommend adding this setting. Falling back to ozone.metadata.dirs instead.
2023-09-08 11:20:44,480 [main] INFO  ha.SCMHANodeDetails (SCMHANodeDetails.java:loadSCMHAConfig(210)) - ServiceID for StorageContainerManager is null
2023-09-08 11:20:44,481 [main] INFO  ha.SCMHANodeDetails (SCMHANodeDetails.java:loadSCMHAConfig(215)) - ozone.scm.default.service.id is not defined, falling back to ozone.scm.service.ids to find serviceID for StorageContainerManager if it is HA enabled cluster
2023-09-08 11:20:44,481 [main] WARN  utils.HAUtils (HAUtils.java:getMetaDir(339)) - ozone.scm.db.dirs is not configured. We recommend adding this setting. Falling back to ozone.metadata.dirs instead.
2023-09-08 11:20:44,482 [main] WARN  db.DBStoreBuilder (DBStoreBuilder.java:applyDBDefinition(166)) - ozone.scm.db.dirs is not configured. We recommend adding this setting. Falling back to ozone.metadata.dirs instead.
2023-09-08 11:20:44,622 [main] INFO  net.NodeSchemaLoader (NodeSchemaLoader.java:loadSchemaFromFile(129)) - Loading schema from [jar:file:/home/runner/.m2/repository/org/apache/ozone/hdds-common/1.4.0-SNAPSHOT/hdds-common-1.4.0-SNAPSHOT.jar!/network-topology-default.xml]
2023-09-08 11:20:44,622 [main] INFO  net.NodeSchemaLoader (NodeSchemaLoader.java:loadSchema(176)) - Loading network topology layer schema file
2023-09-08 11:20:44,625 [main] INFO  upgrade.AbstractLayoutVersionManager (AbstractLayoutVersionManager.java:init(83)) - Initializing Layout version manager with metadata layout = HADOOP_PRC_PORTS_IN_DATANODEDETAILS (version = 7), software layout = HADOOP_PRC_PORTS_IN_DATANODEDETAILS (version = 7)
2023-09-08 11:20:44,626 [main] INFO  ha.SequenceIdGenerator (SequenceIdGenerator.java:upgradeToSequenceId(365)) - upgrade localId to 111677748019200000
2023-09-08 11:20:44,627 [main] INFO  ha.SequenceIdGenerator (SequenceIdGenerator.java:upgradeToSequenceId(375)) - upgrade delTxnId to 0
2023-09-08 11:20:44,628 [main] INFO  ha.SequenceIdGenerator (SequenceIdGenerator.java:upgradeToSequenceId(392)) - upgrade containerId to 0
2023-09-08 11:20:44,628 [main] INFO  ha.SequenceIdGenerator (SequenceIdGenerator.java:upgradeToSequenceId(428)) - upgrade rootCertificateId to 1
2023-09-08 11:20:44,629 [main] INFO  ha.SequenceIdGenerator (SequenceIdGenerator.java:<init>(236)) - Init the HA SequenceIdGenerator.
2023-09-08 11:20:44,629 [main] WARN  server.ServerUtils (ServerUtils.java:sanitizeUserArgs(80)) - ozone.scm.stale.node.interval value = 300000 is larger than max = 100000 based on the key value of ozone.scm.heartbeat.thread.interval, reset to the max value 100000.
2023-09-08 11:20:44,629 [main] WARN  server.ServerUtils (ServerUtils.java:sanitizeUserArgs(80)) - ozone.scm.stale.node.interval value = 300000 is larger than max = 100000 based on the key value of ozone.scm.heartbeat.thread.interval, reset to the max value 100000.
2023-09-08 11:20:44,629 [main] INFO  node.SCMNodeManager (SCMNodeManager.java:<init>(157)) - Entering startup safe mode.
2023-09-08 11:20:44,630 [main] INFO  algorithms.ContainerPlacementPolicyFactory (ContainerPlacementPolicyFactory.java:getPolicyInternal(86)) - Create container placement policy of type org.apache.hadoop.hdds.scm.container.placement.algorithms.SCMContainerPlacementRackAware
2023-09-08 11:20:44,630 [main] INFO  algorithms.ContainerPlacementPolicyFactory (ContainerPlacementPolicyFactory.java:getPolicyInternal(86)) - Create container placement policy of type org.apache.hadoop.hdds.scm.container.placement.algorithms.SCMContainerPlacementRackScatter
2023-09-08 11:20:44,630 [main] INFO  pipeline.PipelineStateManagerImpl (PipelineStateManagerImpl.java:initialize(78)) - No pipeline exists in current db
2023-09-08 11:20:44,630 [main] INFO  algorithms.LeaderChoosePolicyFactory (LeaderChoosePolicyFactory.java:getPolicy(57)) - Create leader choose policy of type org.apache.hadoop.hdds.scm.pipeline.leader.choose.algorithms.MinLeaderCountChoosePolicy
2023-09-08 11:20:44,631 [main] INFO  algorithms.ContainerPlacementPolicyFactory (ContainerPlacementPolicyFactory.java:getPolicyInternal(86)) - Create container placement policy of type org.apache.hadoop.hdds.scm.container.placement.algorithms.SCMContainerPlacementRackScatter
2023-09-08 11:20:44,631 [main] INFO  ha.SCMServiceManager (SCMServiceManager.java:register(42)) - Registering service BackgroundPipelineCreator.
2023-09-08 11:20:44,631 [main] INFO  pipeline.BackgroundPipelineCreator (BackgroundPipelineCreator.java:start(124)) - Starting RatisPipelineUtilsThread.
2023-09-08 11:20:44,631 [main] INFO  BackgroundPipelineScrubber (BackgroundSCMService.java:start(68)) - Starting BackgroundPipelineScrubber Service.
2023-09-08 11:20:44,632 [main] INFO  ha.SCMServiceManager (SCMServiceManager.java:register(42)) - Registering service BackgroundPipelineScrubber.
2023-09-08 11:20:44,632 [main] INFO  ExpiredContainerReplicaOpScrubber (BackgroundSCMService.java:start(68)) - Starting ExpiredContainerReplicaOpScrubber Service.
2023-09-08 11:20:44,632 [main] INFO  ha.SCMServiceManager (SCMServiceManager.java:register(42)) - Registering service ExpiredContainerReplicaOpScrubber.
2023-09-08 11:20:44,633 [main] INFO  algorithms.PipelineChoosePolicyFactory (PipelineChoosePolicyFactory.java:createPipelineChoosePolicyFromClass(78)) - Create pipeline choose policy of type org.apache.hadoop.hdds.scm.pipeline.choose.algorithms.RandomPipelineChoosePolicy
2023-09-08 11:20:44,633 [main] INFO  algorithms.PipelineChoosePolicyFactory (PipelineChoosePolicyFactory.java:createPipelineChoosePolicyFromClass(78)) - Create pipeline choose policy of type org.apache.hadoop.hdds.scm.pipeline.choose.algorithms.RandomPipelineChoosePolicy
2023-09-08 11:20:44,633 [main] INFO  ha.SCMServiceManager (SCMServiceManager.java:register(42)) - Registering service SCMBlockDeletingService.
2023-09-08 11:20:44,634 [main] INFO  replication.ReplicationManager (ReplicationManager.java:start(291)) - Starting Replication Monitor Thread.
2023-09-08 11:20:44,635 [main] INFO  ha.SCMServiceManager (SCMServiceManager.java:register(42)) - Registering service ReplicationManager.
2023-09-08 11:20:44,635 [ReplicationMonitor] INFO  replication.ReplicationManager (ReplicationManager.java:processAll(365)) - Replication Manager is not ready to run until 3000ms after safemode exit
2023-09-08 11:20:44,636 [main] INFO  safemode.ContainerSafeModeRule (ContainerSafeModeRule.java:<init>(90)) - containers with one replica threshold count 0
2023-09-08 11:20:44,636 [main] INFO  safemode.HealthyPipelineSafeModeRule (HealthyPipelineSafeModeRule.java:initializeRule(169)) - Total pipeline count is 0, healthy pipeline threshold count is 1
2023-09-08 11:20:44,636 [main] INFO  safemode.OneReplicaPipelineSafeModeRule (OneReplicaPipelineSafeModeRule.java:initializeRule(180)) - Total pipeline count is 0, pipeline's with at least one datanode reported threshold count is 0
2023-09-08 11:20:44,636 [main] INFO  server.StorageContainerManager (StorageContainerManager.java:<init>(425)) - SCM start with adminUsers: [runner]
2023-09-08 11:20:44,637 [main] INFO  ipc.CallQueueManager (CallQueueManager.java:<init>(90)) - Using callQueue: class java.util.concurrent.LinkedBlockingQueue, queueCapacity: 2000, scheduler: class org.apache.hadoop.ipc.DefaultRpcScheduler, ipcBackoff: false.
2023-09-08 11:20:44,637 [main] INFO  ipc.Server (Server.java:<init>(1287)) - Listener at 0.0.0.0:15161
2023-09-08 11:20:44,637 [Socket Reader #1 for port 15161] INFO  ipc.Server (Server.java:run(1323)) - Starting Socket Reader #1 for port 15161
2023-09-08 11:20:44,638 [main] INFO  ipc.CallQueueManager (CallQueueManager.java:<init>(90)) - Using callQueue: class java.util.concurrent.LinkedBlockingQueue, queueCapacity: 2000, scheduler: class org.apache.hadoop.ipc.DefaultRpcScheduler, ipcBackoff: false.
2023-09-08 11:20:44,638 [main] INFO  ipc.Server (Server.java:<init>(1287)) - Listener at 0.0.0.0:15160
2023-09-08 11:20:44,638 [Socket Reader #1 for port 15160] INFO  ipc.Server (Server.java:run(1323)) - Starting Socket Reader #1 for port 15160
2023-09-08 11:20:44,640 [main] INFO  ipc.CallQueueManager (CallQueueManager.java:<init>(90)) - Using callQueue: class java.util.concurrent.LinkedBlockingQueue, queueCapacity: 2000, scheduler: class org.apache.hadoop.ipc.DefaultRpcScheduler, ipcBackoff: false.
2023-09-08 11:20:44,640 [main] INFO  ipc.Server (Server.java:<init>(1287)) - Listener at 0.0.0.0:15159
2023-09-08 11:20:44,640 [Socket Reader #1 for port 15159] INFO  ipc.Server (Server.java:run(1323)) - Starting Socket Reader #1 for port 15159
2023-09-08 11:20:44,649 [main] INFO  ha.SCMServiceManager (SCMServiceManager.java:register(42)) - Registering service ContainerBalancer.
2023-09-08 11:20:44,649 [main] INFO  server.StorageContainerManager (StorageContainerManager.java:<init>(438)) - 
Container Balancer status:
Key                            Value
Running                        false
Container Balancer Configuration values:
Key                                                Value
Threshold                                          10
Max Datanodes to Involve per Iteration(percent)    20
Max Size to Move per Iteration                     500GB
Max Size Entering Target per Iteration             26GB
Max Size Leaving Source per Iteration              26GB

2023-09-08 11:20:44,649 [main] INFO  ha.SCMContext (SCMContext.java:updateSafeModeStatus(228)) - Update SafeModeStatus from SafeModeStatus{safeModeStatus=true, preCheckPassed=false} to SafeModeStatus{safeModeStatus=true, preCheckPassed=false}.
2023-09-08 11:20:44,650 [main] INFO  server.StorageContainerManager (StorageContainerManager.java:start(1483)) - StorageContainerLocationProtocol RPC server is listening at /0.0.0.0:15159
2023-09-08 11:20:44,656 [main] WARN  impl.MetricsConfig (MetricsConfig.java:loadFirst(136)) - Cannot locate configuration: tried hadoop-metrics2-storagecontainermanager.properties,hadoop-metrics2.properties
2023-09-08 11:20:44,659 [main] INFO  impl.MetricsSystemImpl (MetricsSystemImpl.java:startTimer(378)) - Scheduled Metric snapshot period at 10 second(s).
2023-09-08 11:20:44,659 [main] INFO  impl.MetricsSystemImpl (MetricsSystemImpl.java:start(191)) - StorageContainerManager metrics system started
2023-09-08 11:20:44,674 [main] INFO  impl.MetricsSinkAdapter (MetricsSinkAdapter.java:start(204)) - Sink prometheus started
2023-09-08 11:20:44,674 [main] INFO  impl.MetricsSystemImpl (MetricsSystemImpl.java:registerSink(305)) - Registered sink prometheus
2023-09-08 11:20:44,715 [main] INFO  server.SCMClientProtocolServer (SCMClientProtocolServer.java:start(201)) - RPC server for Client  is listening at /0.0.0.0:15159
2023-09-08 11:20:44,715 [IPC Server Responder] INFO  ipc.Server (Server.java:run(1562)) - IPC Server Responder: starting
2023-09-08 11:20:44,719 [main] INFO  server.StorageContainerManager (StorageContainerManager.java:start(1496)) - ScmBlockLocationProtocol RPC server is listening at /0.0.0.0:15160
2023-09-08 11:20:44,720 [main] INFO  server.SCMBlockProtocolServer (SCMBlockProtocolServer.java:start(154)) - RPC server for Block Protocol is listening at /0.0.0.0:15160
2023-09-08 11:20:44,720 [IPC Server Responder] INFO  ipc.Server (Server.java:run(1562)) - IPC Server Responder: starting
2023-09-08 11:20:44,721 [IPC Server listener on 15159] INFO  ipc.Server (Server.java:run(1402)) - IPC Server listener on 15159: starting
2023-09-08 11:20:44,723 [IPC Server listener on 15160] INFO  ipc.Server (Server.java:run(1402)) - IPC Server listener on 15160: starting
2023-09-08 11:20:44,728 [main] INFO  server.SCMDatanodeProtocolServer (SCMDatanodeProtocolServer.java:start(193)) - ScmDatanodeProtocol RPC server for DataNodes is listening at /0.0.0.0:15161
2023-09-08 11:20:44,728 [IPC Server Responder] INFO  ipc.Server (Server.java:run(1562)) - IPC Server Responder: starting
2023-09-08 11:20:44,729 [IPC Server listener on 15161] INFO  ipc.Server (Server.java:run(1402)) - IPC Server listener on 15161: starting
2023-09-08 11:20:44,734 [JvmPauseMonitor21] INFO  util.JvmPauseMonitor (JvmPauseMonitor.java:run(103)) - JvmPauseMonitor-ab52667c-1e1c-4b1f-a18f-8aec15dd96e5: Started
2023-09-08 11:20:44,735 [main] INFO  http.BaseHttpServer (BaseHttpServer.java:newHttpServer2BuilderForOzone(223)) - Starting Web-server for scm at: http://0.0.0.0:15162
2023-09-08 11:20:44,735 [main] INFO  http.BaseHttpServer (BaseHttpServer.java:<init>(110)) - Hadoop Security Enabled: false Ozone Security Enabled: false Ozone HTTP Security Enabled: false 
2023-09-08 11:20:44,736 [main] WARN  server.AuthenticationFilter (AuthenticationFilter.java:constructSecretProvider(240)) - Unable to initialize FileSignerSecretProvider, falling back to use random secrets. Reason: Could not read signature secret file: /home/runner/hadoop-http-auth-signature-secret
2023-09-08 11:20:44,737 [main] INFO  http.HttpRequestLog (HttpRequestLog.java:getRequestLog(86)) - Http request log for http.requests.scm is not defined
2023-09-08 11:20:44,738 [main] INFO  http.HttpServer2 (HttpServer2.java:addGlobalFilter(1031)) - Added global filter 'safety' (class=org.apache.hadoop.hdds.server.http.HttpServer2$QuotingInputFilter)
2023-09-08 11:20:44,739 [main] INFO  http.HttpServer2 (HttpServer2.java:addFilter(1007)) - Added filter static_user_filter (class=org.apache.hadoop.http.lib.StaticUserWebFilter$StaticUserFilter) to context scm
2023-09-08 11:20:44,739 [main] INFO  http.HttpServer2 (HttpServer2.java:addFilter(1015)) - Added filter static_user_filter (class=org.apache.hadoop.http.lib.StaticUserWebFilter$StaticUserFilter) to context static
2023-09-08 11:20:44,739 [main] INFO  http.HttpServer2 (HttpServer2.java:addFilter(1015)) - Added filter static_user_filter (class=org.apache.hadoop.http.lib.StaticUserWebFilter$StaticUserFilter) to context logs
2023-09-08 11:20:44,740 [main] INFO  http.BaseHttpServer (BaseHttpServer.java:<init>(189)) - HTTP server of scm uses base directory /home/runner/work/ozone/ozone/hadoop-ozone/integration-test/target/test-dir/MiniOzoneClusterImpl-b855b142-6583-46b6-8838-7b3da9243682/ozone-meta/webserver
2023-09-08 11:20:44,740 [main] INFO  http.HttpServer2 (HttpServer2.java:bindListener(1231)) - Jetty bound to port 15162
2023-09-08 11:20:44,740 [main] INFO  server.Server (Server.java:doStart(375)) - jetty-9.4.51.v20230217; built: 2023-02-17T08:19:37.309Z; git: b45c405e4544384de066f814ed42ae3dceacdd49; jvm 1.8.0_382-b05
2023-09-08 11:20:44,742 [main] INFO  server.session (DefaultSessionIdManager.java:doStart(334)) - DefaultSessionIdManager workerName=node0
2023-09-08 11:20:44,742 [main] INFO  server.session (DefaultSessionIdManager.java:doStart(339)) - No SessionScavenger set, using defaults
2023-09-08 11:20:44,742 [main] INFO  server.session (HouseKeeper.java:startScavenging(132)) - node0 Scavenging every 660000ms
2023-09-08 11:20:44,743 [main] INFO  handler.ContextHandler (ContextHandler.java:doStart(921)) - Started o.e.j.s.ServletContextHandler@58c33a7c{logs,/logs,file:///home/runner/work/ozone/ozone/hadoop-ozone/integration-test/target/log,AVAILABLE}
2023-09-08 11:20:44,744 [main] INFO  handler.ContextHandler (ContextHandler.java:doStart(921)) - Started o.e.j.s.ServletContextHandler@37aafdc6{static,/static,file:///home/runner/work/ozone/ozone/hadoop-ozone/integration-test/target/test-classes/webapps/static,AVAILABLE}
2023-09-08 11:20:44,747 [main] INFO  handler.ContextHandler (ContextHandler.java:doStart(921)) - Started o.e.j.w.WebAppContext@156d8f7b{scm,/,file:///home/runner/work/ozone/ozone/hadoop-ozone/integration-test/target/test-classes/webapps/scm/,AVAILABLE}{file:/home/runner/work/ozone/ozone/hadoop-ozone/integration-test/target/test-classes/webapps/scm}
2023-09-08 11:20:44,748 [main] INFO  server.AbstractConnector (AbstractConnector.java:doStart(333)) - Started ServerConnector@6391ef13{HTTP/1.1, (http/1.1)}{0.0.0.0:15162}
2023-09-08 11:20:44,748 [main] INFO  server.Server (Server.java:doStart(415)) - Started @275531ms
2023-09-08 11:20:44,748 [main] WARN  impl.MetricsSystemImpl (MetricsSystemImpl.java:register(279)) - Sink prometheus already exists!
2023-09-08 11:20:44,749 [main] INFO  http.BaseHttpServer (BaseHttpServer.java:updateConnectorAddress(354)) - HTTP server of scm listening at http://0.0.0.0:15162
2023-09-08 11:20:44,749 [main] WARN  server.ServerUtils (ServerUtils.java:getDBPath(311)) - ozone.om.db.dirs is not configured. We recommend adding this setting. Falling back to ozone.metadata.dirs instead.
2023-09-08 11:20:44,752 [main] INFO  ha.OMHANodeDetails (OMHANodeDetails.java:loadOMHAConfig(115)) - ozone.om.internal.service.id is not defined, falling back to ozone.om.service.ids to find serviceID for OzoneManager if it is HA enabled cluster
2023-09-08 11:20:44,752 [main] INFO  ha.OMHANodeDetails (OMHANodeDetails.java:loadOMHAConfig(226)) - Configuration does not have ozone.om.address set. Falling back to the default OM address /127.0.0.1:15163
2023-09-08 11:20:44,752 [main] INFO  ha.OMHANodeDetails (OMHANodeDetails.java:getOMNodeDetailsForNonHA(254)) - OM Service ID is not set. Setting it to the default ID: omServiceIdDefault
2023-09-08 11:20:44,752 [main] INFO  ha.OMHANodeDetails (OMHANodeDetails.java:getOMNodeDetailsForNonHA(261)) - OM Node ID is not set. Setting it to the default ID: om1
2023-09-08 11:20:44,752 [main] WARN  server.ServerUtils (ServerUtils.java:getDBPath(311)) - ozone.om.db.dirs is not configured. We recommend adding this setting. Falling back to ozone.metadata.dirs instead.
2023-09-08 11:20:44,753 [main] INFO  upgrade.AbstractLayoutVersionManager (AbstractLayoutVersionManager.java:init(83)) - Initializing Layout version manager with metadata layout = QUOTA (version = 6), software layout = QUOTA (version = 6)
2023-09-08 11:20:44,847 [main] INFO  reflections.Reflections (Reflections.java:scan(232)) - Reflections took 93 ms to scan 2 urls, producing 186 keys and 513 values [using 2 cores]
2023-09-08 11:20:44,848 [main] INFO  upgrade.OMLayoutVersionManager (OMLayoutVersionManager.java:lambda$0(115)) - Skipping Upgrade Action MockOmUpgradeAction since it has been finalized.
2023-09-08 11:20:44,848 [main] INFO  upgrade.OMLayoutVersionManager (OMLayoutVersionManager.java:lambda$0(115)) - Skipping Upgrade Action QuotaRepairUpgradeAction since it has been finalized.
2023-09-08 11:20:44,848 [main] WARN  server.ServerUtils (ServerUtils.java:getDBPath(311)) - ozone.om.db.dirs is not configured. We recommend adding this setting. Falling back to ozone.metadata.dirs instead.
2023-09-08 11:20:44,849 [main] INFO  proxy.SCMBlockLocationFailoverProxyProvider (SCMBlockLocationFailoverProxyProvider.java:<init>(114)) - Created block location fail-over proxy with 1 nodes: [nodeId=scmNodeId,nodeAddress=/0.0.0.0:15160]
2023-09-08 11:20:44,850 [main] INFO  proxy.SCMBlockLocationFailoverProxyProvider (SCMBlockLocationFailoverProxyProvider.java:<init>(114)) - Created block location fail-over proxy with 1 nodes: [nodeId=scmNodeId,nodeAddress=/0.0.0.0:15160]
2023-09-08 11:20:44,859 [main] INFO  om.OzoneManager (OzoneManager.java:<init>(665)) - OM start with adminUsers: [runner]
2023-09-08 11:20:44,860 [main] WARN  server.ServerUtils (ServerUtils.java:getDBPath(311)) - ozone.om.db.dirs is not configured. We recommend adding this setting. Falling back to ozone.metadata.dirs instead.
2023-09-08 11:20:44,860 [main] INFO  helpers.OmKeyInfo (OmKeyInfo.java:getCodec(71)) - OmKeyInfo.getCodec ignorePipeline = true
2023-09-08 11:20:45,093 [main] INFO  om.OzoneManager (OzoneManager.java:instantiateServices(794)) - S3 Multi-Tenancy is disabled
2023-09-08 11:20:45,094 [main] INFO  om.OmSnapshotManager (OmSnapshotManager.java:<init>(174)) - Ozone filesystem snapshot feature is enabled.
2023-09-08 11:20:45,094 [main] WARN  server.ServerUtils (ServerUtils.java:getDBPath(311)) - ozone.om.snapshot.diff.db.dir is not configured. We recommend adding this setting. Falling back to ozone.metadata.dirs instead.
2023-09-08 11:20:45,120 [main] INFO  snapshot.SnapshotDiffManager (SnapshotDiffManager.java:closeExecutorService(1706)) - Shutting down executorService: 'SstDumpToolExecutor'
2023-09-08 11:20:45,127 [main] INFO  om.OzoneManager (OzoneManager.java:addS3GVolumeToDB(4301)) - Created Volume s3v With Owner runner required for S3Gateway operations.
2023-09-08 11:20:45,127 [main] INFO  om.OzoneManager (OzoneManager.java:getRpcServer(1196)) - Creating RPC Server
2023-09-08 11:20:45,601 [main] INFO  reflections.Reflections (Reflections.java:scan(232)) - Reflections took 472 ms to scan 19 urls, producing 70 keys and 5670 values [using 2 cores]
2023-09-08 11:20:45,602 [main] INFO  ipc.CallQueueManager (CallQueueManager.java:<init>(90)) - Using callQueue: class java.util.concurrent.LinkedBlockingQueue, queueCapacity: 2000, scheduler: class org.apache.hadoop.ipc.DefaultRpcScheduler, ipcBackoff: false.
2023-09-08 11:20:45,603 [main] INFO  ipc.Server (Server.java:<init>(1287)) - Listener at 127.0.0.1:15163
2023-09-08 11:20:45,604 [Socket Reader #1 for port 15163] INFO  ipc.Server (Server.java:run(1323)) - Starting Socket Reader #1 for port 15163
2023-09-08 11:20:45,630 [main] INFO  impl.MetricsSystemImpl (MetricsSystemImpl.java:init(158)) - OzoneManager metrics system started (again)
2023-09-08 11:20:45,643 [main] INFO  om.OzoneManager (OzoneManager.java:start(1630)) - OzoneManager RPC server is listening at localhost/127.0.0.1:15163
2023-09-08 11:20:45,643 [main] INFO  om.OzoneManager (OzoneManager.java:start(1646)) - Version File has different layout version (6) than OM DB (null). That is expected if this OM has never been finalized to a newer layout version.
2023-09-08 11:20:45,646 [main] INFO  http.BaseHttpServer (BaseHttpServer.java:newHttpServer2BuilderForOzone(223)) - Starting Web-server for ozoneManager at: http://0.0.0.0:15164
2023-09-08 11:20:45,646 [main] INFO  http.BaseHttpServer (BaseHttpServer.java:<init>(110)) - Hadoop Security Enabled: false Ozone Security Enabled: false Ozone HTTP Security Enabled: false 
2023-09-08 11:20:45,647 [main] WARN  server.AuthenticationFilter (AuthenticationFilter.java:constructSecretProvider(240)) - Unable to initialize FileSignerSecretProvider, falling back to use random secrets. Reason: Could not read signature secret file: /home/runner/hadoop-http-auth-signature-secret
2023-09-08 11:20:45,648 [main] INFO  http.HttpRequestLog (HttpRequestLog.java:getRequestLog(86)) - Http request log for http.requests.ozoneManager is not defined
2023-09-08 11:20:45,649 [main] INFO  http.HttpServer2 (HttpServer2.java:addGlobalFilter(1031)) - Added global filter 'safety' (class=org.apache.hadoop.hdds.server.http.HttpServer2$QuotingInputFilter)
2023-09-08 11:20:45,649 [main] INFO  http.HttpServer2 (HttpServer2.java:addFilter(1007)) - Added filter static_user_filter (class=org.apache.hadoop.http.lib.StaticUserWebFilter$StaticUserFilter) to context ozoneManager
2023-09-08 11:20:45,649 [main] INFO  http.HttpServer2 (HttpServer2.java:addFilter(1015)) - Added filter static_user_filter (class=org.apache.hadoop.http.lib.StaticUserWebFilter$StaticUserFilter) to context logs
2023-09-08 11:20:45,649 [main] INFO  http.HttpServer2 (HttpServer2.java:addFilter(1015)) - Added filter static_user_filter (class=org.apache.hadoop.http.lib.StaticUserWebFilter$StaticUserFilter) to context static
2023-09-08 11:20:45,650 [main] INFO  http.BaseHttpServer (BaseHttpServer.java:<init>(189)) - HTTP server of ozoneManager uses base directory /home/runner/work/ozone/ozone/hadoop-ozone/integration-test/target/test-dir/MiniOzoneClusterImpl-b855b142-6583-46b6-8838-7b3da9243682/ozone-meta/webserver
2023-09-08 11:20:45,650 [main] INFO  http.HttpServer2 (HttpServer2.java:bindListener(1231)) - Jetty bound to port 15164
2023-09-08 11:20:45,650 [main] INFO  server.Server (Server.java:doStart(375)) - jetty-9.4.51.v20230217; built: 2023-02-17T08:19:37.309Z; git: b45c405e4544384de066f814ed42ae3dceacdd49; jvm 1.8.0_382-b05
2023-09-08 11:20:45,651 [main] INFO  server.session (DefaultSessionIdManager.java:doStart(334)) - DefaultSessionIdManager workerName=node0
2023-09-08 11:20:45,651 [main] INFO  server.session (DefaultSessionIdManager.java:doStart(339)) - No SessionScavenger set, using defaults
2023-09-08 11:20:45,652 [main] INFO  server.session (HouseKeeper.java:startScavenging(132)) - node0 Scavenging every 660000ms
2023-09-08 11:20:45,654 [main] INFO  handler.ContextHandler (ContextHandler.java:doStart(921)) - Started o.e.j.s.ServletContextHandler@423d5c81{logs,/logs,file:///home/runner/work/ozone/ozone/hadoop-ozone/integration-test/target/log,AVAILABLE}
2023-09-08 11:20:45,655 [main] INFO  handler.ContextHandler (ContextHandler.java:doStart(921)) - Started o.e.j.s.ServletContextHandler@6030fd3e{static,/static,file:///home/runner/work/ozone/ozone/hadoop-ozone/integration-test/target/test-classes/webapps/static,AVAILABLE}
2023-09-08 11:20:45,657 [main] INFO  handler.ContextHandler (ContextHandler.java:doStart(921)) - Started o.e.j.w.WebAppContext@40f9f6a4{ozoneManager,/,file:///home/runner/work/ozone/ozone/hadoop-ozone/integration-test/target/test-classes/webapps/ozoneManager/,AVAILABLE}{file:/home/runner/work/ozone/ozone/hadoop-ozone/integration-test/target/test-classes/webapps/ozoneManager}
2023-09-08 11:20:45,658 [main] INFO  server.AbstractConnector (AbstractConnector.java:doStart(333)) - Started ServerConnector@23f054a6{HTTP/1.1, (http/1.1)}{0.0.0.0:15164}
2023-09-08 11:20:45,659 [main] INFO  server.Server (Server.java:doStart(415)) - Started @276441ms
2023-09-08 11:20:45,659 [main] WARN  impl.MetricsSystemImpl (MetricsSystemImpl.java:register(279)) - Sink prometheus already exists!
2023-09-08 11:20:45,659 [main] INFO  http.BaseHttpServer (BaseHttpServer.java:updateConnectorAddress(354)) - HTTP server of ozoneManager listening at http://0.0.0.0:15164
2023-09-08 11:20:45,660 [IPC Server listener on 15163] INFO  ipc.Server (Server.java:run(1402)) - IPC Server listener on 15163: starting
2023-09-08 11:20:45,660 [IPC Server Responder] INFO  ipc.Server (Server.java:run(1562)) - IPC Server Responder: starting
2023-09-08 11:20:45,668 [main] INFO  om.TrashPolicyOzone (TrashPolicyOzone.java:<init>(277)) - Ozone Manager trash configuration: Deletion interval = 0 minutes, Emptier interval = 0 minutes.
2023-09-08 11:20:45,669 [JvmPauseMonitor22] INFO  util.JvmPauseMonitor (JvmPauseMonitor.java:run(103)) - JvmPauseMonitor-e0876351-9e1d-459e-9e72-c1488b7cea8c: Started
2023-09-08 11:20:45,680 [main] INFO  impl.MetricsSystemImpl (MetricsSystemImpl.java:init(158)) - HddsDatanode metrics system started (again)
2023-09-08 11:20:45,694 [main] INFO  ozone.HddsDatanodeService (HddsDatanodeService.java:start(237)) - HddsDatanodeService host:fv-az203-160.hq41me5fykbulac445kfrvsskg.dx.internal.cloudapp.net ip:10.1.0.72
2023-09-08 11:20:45,721 [main] INFO  upgrade.AbstractLayoutVersionManager (AbstractLayoutVersionManager.java:init(83)) - Initializing Layout version manager with metadata layout = HADOOP_PRC_PORTS_IN_DATANODEDETAILS (version = 7), software layout = HADOOP_PRC_PORTS_IN_DATANODEDETAILS (version = 7)
2023-09-08 11:20:45,722 [main] INFO  statemachine.DatanodeStateMachine (DatanodeStateMachine.java:getEndPointTaskThreadPoolSize(282)) - Datanode State Machine Task Thread Pool size 2
2023-09-08 11:20:45,723 [main] INFO  volume.HddsVolume (HddsVolume.java:<init>(126)) - Creating HddsVolume: /home/runner/work/ozone/ozone/hadoop-ozone/integration-test/target/test-dir/MiniOzoneClusterImpl-b855b142-6583-46b6-8838-7b3da9243682/datanode-0/data-0/containers/hdds of storage type : DISK capacity : 9223372036854775807
2023-09-08 11:20:45,724 [main] INFO  volume.MutableVolumeSet (MutableVolumeSet.java:initializeVolumeSet(173)) - Added Volume : /home/runner/work/ozone/ozone/hadoop-ozone/integration-test/target/test-dir/MiniOzoneClusterImpl-b855b142-6583-46b6-8838-7b3da9243682/datanode-0/data-0/containers/hdds to VolumeSet
2023-09-08 11:20:45,724 [main] INFO  volume.MutableVolumeSet (MutableVolumeSet.java:initializeVolumeSet(173)) - Added Volume : /home/runner/work/ozone/ozone/hadoop-ozone/integration-test/target/test-dir/MiniOzoneClusterImpl-b855b142-6583-46b6-8838-7b3da9243682/datanode-0/data/ratis to VolumeSet
2023-09-08 11:20:45,725 [Thread-1948] INFO  ozoneimpl.ContainerReader (ContainerReader.java:readVolume(177)) - Finish verifying containers on volume /home/runner/work/ozone/ozone/hadoop-ozone/integration-test/target/test-dir/MiniOzoneClusterImpl-b855b142-6583-46b6-8838-7b3da9243682/datanode-0/data-0/containers/hdds
2023-09-08 11:20:45,725 [main] INFO  ozoneimpl.OzoneContainer (OzoneContainer.java:buildContainerSet(314)) - Build ContainerSet costs 0s
2023-09-08 11:20:45,727 [main] INFO  server.RaftServer (ConfUtils.java:logGet(46)) - raft.rpc.type = GRPC (default)
2023-09-08 11:20:45,727 [main] INFO  grpc.GrpcConfigKeys (ConfUtils.java:logFallback(53)) - raft.grpc.admin.host = null (fallback to raft.grpc.server.host)
2023-09-08 11:20:45,727 [main] INFO  grpc.GrpcConfigKeys (ConfUtils.java:logGet(46)) - raft.grpc.admin.port = 15172 (custom)
2023-09-08 11:20:45,727 [main] INFO  grpc.GrpcConfigKeys (ConfUtils.java:logFallback(53)) - raft.grpc.client.host = null (fallback to raft.grpc.server.host)
2023-09-08 11:20:45,727 [main] INFO  grpc.GrpcConfigKeys (ConfUtils.java:logGet(46)) - raft.grpc.client.port = 15171 (custom)
2023-09-08 11:20:45,727 [main] INFO  grpc.GrpcConfigKeys (ConfUtils.java:logGet(46)) - raft.grpc.server.host = null (default)
2023-09-08 11:20:45,728 [main] INFO  grpc.GrpcConfigKeys (ConfUtils.java:logGet(46)) - raft.grpc.server.port = 15173 (custom)
2023-09-08 11:20:45,728 [main] INFO  server.GrpcService (ConfUtils.java:logGet(46)) - raft.grpc.message.size.max = 32MB (=33554432) (custom)
2023-09-08 11:20:45,728 [main] INFO  server.RaftServerConfigKeys (ConfUtils.java:logGet(46)) - raft.server.log.appender.buffer.byte-limit = 33554432 (custom)
2023-09-08 11:20:45,728 [main] INFO  server.GrpcService (ConfUtils.java:logGet(46)) - raft.grpc.flow.control.window = 5MB (=5242880) (custom)
2023-09-08 11:20:45,728 [main] INFO  server.RaftServerConfigKeys (ConfUtils.java:logGet(46)) - raft.server.rpc.request.timeout = 60s (custom)
2023-09-08 11:20:45,728 [main] INFO  grpc.GrpcConfigKeys (ConfUtils.java:logGet(46)) - raft.grpc.server.heartbeat.channel = true (default)
2023-09-08 11:20:45,728 [main] INFO  grpc.GrpcConfigKeys (ConfUtils.java:logGet(46)) - raft.grpc.server.async.request.thread.pool.cached = true (default)
2023-09-08 11:20:45,728 [main] INFO  grpc.GrpcConfigKeys (ConfUtils.java:logGet(46)) - raft.grpc.server.async.request.thread.pool.size = 32 (default)
2023-09-08 11:20:45,731 [main] INFO  impl.DataStreamServerImpl (ConfUtils.java:logGet(46)) - raft.datastream.type = NETTY (custom)
2023-09-08 11:20:45,732 [main] INFO  server.RaftServerConfigKeys (ConfUtils.java:logGet(46)) - raft.server.data-stream.async.request.thread.pool.cached = false (default)
2023-09-08 11:20:45,732 [main] INFO  server.RaftServerConfigKeys (ConfUtils.java:logGet(46)) - raft.server.data-stream.async.request.thread.pool.size = 20 (custom)
2023-09-08 11:20:45,732 [main] INFO  server.RaftServerConfigKeys (ConfUtils.java:logGet(46)) - raft.server.data-stream.async.write.thread.pool.size = 16 (default)
2023-09-08 11:20:45,732 [main] INFO  server.RaftServerConfigKeys (ConfUtils.java:logGet(46)) - raft.server.data-stream.client.pool.size = 10 (default)
2023-09-08 11:20:45,733 [main] INFO  netty.NettyConfigKeys$DataStream (ConfUtils.java:logGet(46)) - raft.netty.dataStream.server.use-epoll = false (default)
2023-09-08 11:20:45,733 [main] INFO  netty.NettyConfigKeys$DataStream (ConfUtils.java:logGet(46)) - raft.netty.dataStream.server.boss-group.size = 0 (default)
2023-09-08 11:20:45,733 [main] INFO  netty.NettyConfigKeys$DataStream (ConfUtils.java:logGet(46)) - raft.netty.dataStream.server.worker-group.size = 0 (default)
2023-09-08 11:20:45,733 [main] INFO  netty.NettyConfigKeys$DataStream (ConfUtils.java:logGet(46)) - raft.netty.dataStream.server.tls.conf = null (default)
2023-09-08 11:20:45,734 [main] INFO  netty.NettyConfigKeys$DataStream (ConfUtils.java:logGet(46)) - raft.netty.dataStream.host = null (default)
2023-09-08 11:20:45,734 [main] INFO  netty.NettyConfigKeys$DataStream (ConfUtils.java:logGet(46)) - raft.netty.dataStream.port = 15174 (custom)
2023-09-08 11:20:45,734 [main] INFO  server.RaftServerConfigKeys (ConfUtils.java:logGet(46)) - raft.server.threadpool.proxy.cached = true (default)
2023-09-08 11:20:45,735 [main] INFO  server.RaftServerConfigKeys (ConfUtils.java:logGet(46)) - raft.server.threadpool.proxy.size = 0 (default)
2023-09-08 11:20:45,735 [main] INFO  server.RaftServerConfigKeys (ConfUtils.java:logGet(46)) - raft.server.rpc.slowness.timeout = 300s (custom)
2023-09-08 11:20:45,735 [main] INFO  server.RaftServerConfigKeys (ConfUtils.java:logGet(46)) - raft.server.leaderelection.leader.step-down.wait-time = 10s (default)
2023-09-08 11:20:45,735 [main] INFO  server.RaftServerConfigKeys (ConfUtils.java:logGet(46)) - raft.server.storage.dir = [/home/runner/work/ozone/ozone/hadoop-ozone/integration-test/target/test-dir/MiniOzoneClusterImpl-b855b142-6583-46b6-8838-7b3da9243682/datanode-0/data/ratis] (custom)
2023-09-08 11:20:45,735 [8f9fa227-a509-4f05-89e4-89393bf4f6e1-NettyServerStreamRpc-bossGroup--thread1] INFO  logging.LoggingHandler (AbstractInternalLogger.java:log(148)) - [id: 0xcdaeda66] REGISTERED
2023-09-08 11:20:45,736 [8f9fa227-a509-4f05-89e4-89393bf4f6e1-NettyServerStreamRpc-bossGroup--thread1] INFO  logging.LoggingHandler (AbstractInternalLogger.java:log(148)) - [id: 0xcdaeda66] BIND: 0.0.0.0/0.0.0.0:15174
2023-09-08 11:20:45,736 [8f9fa227-a509-4f05-89e4-89393bf4f6e1-NettyServerStreamRpc-bossGroup--thread1] INFO  logging.LoggingHandler (AbstractInternalLogger.java:log(148)) - [id: 0xcdaeda66, L:/0:0:0:0:0:0:0:0:15174] ACTIVE
2023-09-08 11:20:45,738 [8f9fa227-a509-4f05-89e4-89393bf4f6e1-impl-thread1] INFO  server.RaftServer (RaftServerProxy.java:initGroupDir(258)) - 8f9fa227-a509-4f05-89e4-89393bf4f6e1: found a subdirectory /home/runner/work/ozone/ozone/hadoop-ozone/integration-test/target/test-dir/MiniOzoneClusterImpl-b855b142-6583-46b6-8838-7b3da9243682/datanode-0/data/ratis/tmp
2023-09-08 11:20:45,738 [8f9fa227-a509-4f05-89e4-89393bf4f6e1-impl-thread1] INFO  server.RaftServer (RaftServerProxy.java:initGroupDir(263)) - 8f9fa227-a509-4f05-89e4-89393bf4f6e1: The directory /home/runner/work/ozone/ozone/hadoop-ozone/integration-test/target/test-dir/MiniOzoneClusterImpl-b855b142-6583-46b6-8838-7b3da9243682/datanode-0/data/ratis/tmp is not a group directory; ignoring it. 
2023-09-08 11:20:45,738 [main] INFO  replication.ReplicationServer (ReplicationServer.java:<init>(81)) - Initializing replication server with thread count = 10
2023-09-08 11:20:45,739 [main] INFO  server.XceiverServerGrpc (XceiverServerGrpc.java:<init>(132)) - GrpcServer channel type EpollServerSocketChannel
2023-09-08 11:20:45,741 [main] INFO  replication.ReplicationSupervisor (ReplicationSupervisor.java:build(155)) - Initializing replication supervisor with thread count = 10
2023-09-08 11:20:45,741 [main] INFO  replication.ReplicationSupervisor (ReplicationSupervisor.java:nodeStateUpdated(307)) - Node state updated to IN_SERVICE, scaling executor pool size to 10
2023-09-08 11:20:45,744 [main] INFO  http.BaseHttpServer (BaseHttpServer.java:newHttpServer2BuilderForOzone(223)) - Starting Web-server for hddsDatanode at: http://0.0.0.0:15168
2023-09-08 11:20:45,744 [main] INFO  http.BaseHttpServer (BaseHttpServer.java:<init>(110)) - Hadoop Security Enabled: false Ozone Security Enabled: false Ozone HTTP Security Enabled: false 
2023-09-08 11:20:45,745 [main] WARN  server.AuthenticationFilter (AuthenticationFilter.java:constructSecretProvider(240)) - Unable to initialize FileSignerSecretProvider, falling back to use random secrets. Reason: Could not read signature secret file: /home/runner/hadoop-http-auth-signature-secret
2023-09-08 11:20:45,746 [main] INFO  http.HttpRequestLog (HttpRequestLog.java:getRequestLog(86)) - Http request log for http.requests.hddsDatanode is not defined
2023-09-08 11:20:45,747 [main] INFO  http.HttpServer2 (HttpServer2.java:addGlobalFilter(1031)) - Added global filter 'safety' (class=org.apache.hadoop.hdds.server.http.HttpServer2$QuotingInputFilter)
2023-09-08 11:20:45,747 [main] INFO  http.HttpServer2 (HttpServer2.java:addFilter(1007)) - Added filter static_user_filter (class=org.apache.hadoop.http.lib.StaticUserWebFilter$StaticUserFilter) to context hddsDatanode
2023-09-08 11:20:45,747 [main] INFO  http.HttpServer2 (HttpServer2.java:addFilter(1015)) - Added filter static_user_filter (class=org.apache.hadoop.http.lib.StaticUserWebFilter$StaticUserFilter) to context logs
2023-09-08 11:20:45,748 [main] INFO  http.HttpServer2 (HttpServer2.java:addFilter(1015)) - Added filter static_user_filter (class=org.apache.hadoop.http.lib.StaticUserWebFilter$StaticUserFilter) to context static
2023-09-08 11:20:45,748 [main] INFO  http.BaseHttpServer (BaseHttpServer.java:<init>(189)) - HTTP server of hddsDatanode uses base directory /home/runner/work/ozone/ozone/hadoop-ozone/integration-test/target/test-dir/MiniOzoneClusterImpl-b855b142-6583-46b6-8838-7b3da9243682/datanode-0/meta/webserver
2023-09-08 11:20:45,748 [main] INFO  http.HttpServer2 (HttpServer2.java:bindListener(1231)) - Jetty bound to port 15168
2023-09-08 11:20:45,748 [main] INFO  server.Server (Server.java:doStart(375)) - jetty-9.4.51.v20230217; built: 2023-02-17T08:19:37.309Z; git: b45c405e4544384de066f814ed42ae3dceacdd49; jvm 1.8.0_382-b05
2023-09-08 11:20:45,754 [main] INFO  server.session (DefaultSessionIdManager.java:doStart(334)) - DefaultSessionIdManager workerName=node0
2023-09-08 11:20:45,754 [main] INFO  server.session (DefaultSessionIdManager.java:doStart(339)) - No SessionScavenger set, using defaults
2023-09-08 11:20:45,754 [main] INFO  server.session (HouseKeeper.java:startScavenging(132)) - node0 Scavenging every 660000ms
2023-09-08 11:20:45,755 [main] INFO  handler.ContextHandler (ContextHandler.java:doStart(921)) - Started o.e.j.s.ServletContextHandler@516501d4{logs,/logs,file:///home/runner/work/ozone/ozone/hadoop-ozone/integration-test/target/log,AVAILABLE}
2023-09-08 11:20:45,756 [main] INFO  handler.ContextHandler (ContextHandler.java:doStart(921)) - Started o.e.j.s.ServletContextHandler@75af9a18{static,/static,jar:file:/home/runner/.m2/repository/org/apache/ozone/hdds-container-service/1.4.0-SNAPSHOT/hdds-container-service-1.4.0-SNAPSHOT.jar!/webapps/static,AVAILABLE}
2023-09-08 11:20:45,983 [main] INFO  handler.ContextHandler (ContextHandler.java:doStart(921)) - Started o.e.j.w.WebAppContext@5e31df0a{hddsDatanode,/,file:///home/runner/work/ozone/ozone/hadoop-ozone/integration-test/target/test-dir/MiniOzoneClusterImpl-b855b142-6583-46b6-8838-7b3da9243682/datanode-0/meta/webserver/jetty-0_0_0_0-15168-hdds-container-service-1_4_0-SNAPSHOT_jar-_-any-3095460942227330256/webapp/,AVAILABLE}{jar:file:/home/runner/.m2/repository/org/apache/ozone/hdds-container-service/1.4.0-SNAPSHOT/hdds-container-service-1.4.0-SNAPSHOT.jar!/webapps/hddsDatanode}
2023-09-08 11:20:45,984 [main] INFO  server.AbstractConnector (AbstractConnector.java:doStart(333)) - Started ServerConnector@29092e4b{HTTP/1.1, (http/1.1)}{0.0.0.0:15168}
2023-09-08 11:20:45,984 [main] INFO  server.Server (Server.java:doStart(415)) - Started @276767ms
2023-09-08 11:20:45,985 [main] WARN  impl.MetricsSystemImpl (MetricsSystemImpl.java:register(279)) - Sink prometheus already exists!
2023-09-08 11:20:45,985 [main] INFO  http.BaseHttpServer (BaseHttpServer.java:updateConnectorAddress(354)) - HTTP server of hddsDatanode listening at http://0.0.0.0:15168
2023-09-08 11:20:45,986 [main] INFO  ipc.CallQueueManager (CallQueueManager.java:<init>(90)) - Using callQueue: class java.util.concurrent.LinkedBlockingQueue, queueCapacity: 100, scheduler: class org.apache.hadoop.ipc.DefaultRpcScheduler, ipcBackoff: false.
2023-09-08 11:20:45,986 [main] INFO  ipc.Server (Server.java:<init>(1287)) - Listener at 0.0.0.0:15169
2023-09-08 11:20:45,986 [Socket Reader #1 for port 15169] INFO  ipc.Server (Server.java:run(1323)) - Starting Socket Reader #1 for port 15169
2023-09-08 11:20:45,993 [main] INFO  ozone.HddsDatanodeService (HddsDatanodeService.java:start(315)) - Datanode start with admins: [runner]
2023-09-08 11:20:45,993 [main] INFO  ozone.HddsDatanodeClientProtocolServer (HddsDatanodeClientProtocolServer.java:start(72)) - RPC server for Client /0.0.0.0:15169
2023-09-08 11:20:45,993 [IPC Server Responder] INFO  ipc.Server (Server.java:run(1562)) - IPC Server Responder: starting
2023-09-08 11:20:45,995 [IPC Server listener on 15169] INFO  ipc.Server (Server.java:run(1402)) - IPC Server listener on 15169: starting
2023-09-08 11:20:45,995 [Datanode State Machine Daemon Thread] INFO  statemachine.DatanodeStateMachine (DatanodeStateMachine.java:lambda$startDaemon$0(538)) - Ozone container server started.
2023-09-08 11:20:45,995 [main] WARN  impl.MetricRegistriesImpl (MetricRegistriesImpl.java:addReporterRegistration(111)) - New reporters are added after registries were created. Some metrics will be missing from the reporter. Please add reporter before adding any new registry.
2023-09-08 11:20:45,996 [main] WARN  impl.MetricRegistriesImpl (MetricRegistriesImpl.java:addReporterRegistration(111)) - New reporters are added after registries were created. Some metrics will be missing from the reporter. Please add reporter before adding any new registry.
2023-09-08 11:20:45,996 [main] INFO  impl.MetricsSystemImpl (MetricsSystemImpl.java:init(158)) - HddsDatanode metrics system started (again)
2023-09-08 11:20:46,013 [Datanode State Machine Task Thread - 0] INFO  datanode.InitDatanodeState (InitDatanodeState.java:persistContainerDatanodeDetails(138)) - DatanodeDetails is persisted to /home/runner/work/ozone/ozone/hadoop-ozone/integration-test/target/test-dir/MiniOzoneClusterImpl-b855b142-6583-46b6-8838-7b3da9243682/datanode-0/meta/datanode.id
2023-09-08 11:20:46,014 [main] INFO  ozone.HddsDatanodeService (HddsDatanodeService.java:start(237)) - HddsDatanodeService host:fv-az203-160.hq41me5fykbulac445kfrvsskg.dx.internal.cloudapp.net ip:10.1.0.72
2023-09-08 11:20:46,041 [main] INFO  upgrade.AbstractLayoutVersionManager (AbstractLayoutVersionManager.java:init(83)) - Initializing Layout version manager with metadata layout = HADOOP_PRC_PORTS_IN_DATANODEDETAILS (version = 7), software layout = HADOOP_PRC_PORTS_IN_DATANODEDETAILS (version = 7)
2023-09-08 11:20:46,042 [main] INFO  statemachine.DatanodeStateMachine (DatanodeStateMachine.java:getEndPointTaskThreadPoolSize(282)) - Datanode State Machine Task Thread Pool size 2
2023-09-08 11:20:46,043 [main] INFO  volume.HddsVolume (HddsVolume.java:<init>(126)) - Creating HddsVolume: /home/runner/work/ozone/ozone/hadoop-ozone/integration-test/target/test-dir/MiniOzoneClusterImpl-b855b142-6583-46b6-8838-7b3da9243682/datanode-1/data-0/containers/hdds of storage type : DISK capacity : 9223372036854775807
2023-09-08 11:20:46,043 [main] INFO  volume.MutableVolumeSet (MutableVolumeSet.java:initializeVolumeSet(173)) - Added Volume : /home/runner/work/ozone/ozone/hadoop-ozone/integration-test/target/test-dir/MiniOzoneClusterImpl-b855b142-6583-46b6-8838-7b3da9243682/datanode-1/data-0/containers/hdds to VolumeSet
2023-09-08 11:20:46,044 [main] INFO  volume.MutableVolumeSet (MutableVolumeSet.java:initializeVolumeSet(173)) - Added Volume : /home/runner/work/ozone/ozone/hadoop-ozone/integration-test/target/test-dir/MiniOzoneClusterImpl-b855b142-6583-46b6-8838-7b3da9243682/datanode-1/data/ratis to VolumeSet
2023-09-08 11:20:46,045 [Thread-1965] INFO  ozoneimpl.ContainerReader (ContainerReader.java:readVolume(177)) - Finish verifying containers on volume /home/runner/work/ozone/ozone/hadoop-ozone/integration-test/target/test-dir/MiniOzoneClusterImpl-b855b142-6583-46b6-8838-7b3da9243682/datanode-1/data-0/containers/hdds
2023-09-08 11:20:46,045 [main] INFO  ozoneimpl.OzoneContainer (OzoneContainer.java:buildContainerSet(314)) - Build ContainerSet costs 0s
2023-09-08 11:20:46,047 [main] INFO  server.RaftServer (ConfUtils.java:logGet(46)) - raft.rpc.type = GRPC (default)
2023-09-08 11:20:46,047 [main] INFO  grpc.GrpcConfigKeys (ConfUtils.java:logFallback(53)) - raft.grpc.admin.host = null (fallback to raft.grpc.server.host)
2023-09-08 11:20:46,047 [main] INFO  grpc.GrpcConfigKeys (ConfUtils.java:logGet(46)) - raft.grpc.admin.port = 15181 (custom)
2023-09-08 11:20:46,047 [main] INFO  grpc.GrpcConfigKeys (ConfUtils.java:logFallback(53)) - raft.grpc.client.host = null (fallback to raft.grpc.server.host)
2023-09-08 11:20:46,047 [main] INFO  grpc.GrpcConfigKeys (ConfUtils.java:logGet(46)) - raft.grpc.client.port = 15180 (custom)
2023-09-08 11:20:46,047 [main] INFO  grpc.GrpcConfigKeys (ConfUtils.java:logGet(46)) - raft.grpc.server.host = null (default)
2023-09-08 11:20:46,047 [main] INFO  grpc.GrpcConfigKeys (ConfUtils.java:logGet(46)) - raft.grpc.server.port = 15182 (custom)
2023-09-08 11:20:46,047 [main] INFO  server.GrpcService (ConfUtils.java:logGet(46)) - raft.grpc.message.size.max = 32MB (=33554432) (custom)
2023-09-08 11:20:46,048 [main] INFO  server.RaftServerConfigKeys (ConfUtils.java:logGet(46)) - raft.server.log.appender.buffer.byte-limit = 33554432 (custom)
2023-09-08 11:20:46,048 [main] INFO  server.GrpcService (ConfUtils.java:logGet(46)) - raft.grpc.flow.control.window = 5MB (=5242880) (custom)
2023-09-08 11:20:46,048 [main] INFO  server.RaftServerConfigKeys (ConfUtils.java:logGet(46)) - raft.server.rpc.request.timeout = 60s (custom)
2023-09-08 11:20:46,048 [main] INFO  grpc.GrpcConfigKeys (ConfUtils.java:logGet(46)) - raft.grpc.server.heartbeat.channel = true (default)
2023-09-08 11:20:46,048 [main] INFO  grpc.GrpcConfigKeys (ConfUtils.java:logGet(46)) - raft.grpc.server.async.request.thread.pool.cached = true (default)
2023-09-08 11:20:46,048 [main] INFO  grpc.GrpcConfigKeys (ConfUtils.java:logGet(46)) - raft.grpc.server.async.request.thread.pool.size = 32 (default)
2023-09-08 11:20:46,051 [main] INFO  impl.DataStreamServerImpl (ConfUtils.java:logGet(46)) - raft.datastream.type = NETTY (custom)
2023-09-08 11:20:46,051 [main] INFO  server.RaftServerConfigKeys (ConfUtils.java:logGet(46)) - raft.server.data-stream.async.request.thread.pool.cached = false (default)
2023-09-08 11:20:46,051 [main] INFO  server.RaftServerConfigKeys (ConfUtils.java:logGet(46)) - raft.server.data-stream.async.request.thread.pool.size = 20 (custom)
2023-09-08 11:20:46,051 [main] INFO  server.RaftServerConfigKeys (ConfUtils.java:logGet(46)) - raft.server.data-stream.async.write.thread.pool.size = 16 (default)
2023-09-08 11:20:46,051 [main] INFO  server.RaftServerConfigKeys (ConfUtils.java:logGet(46)) - raft.server.data-stream.client.pool.size = 10 (default)
2023-09-08 11:20:46,052 [main] INFO  netty.NettyConfigKeys$DataStream (ConfUtils.java:logGet(46)) - raft.netty.dataStream.server.use-epoll = false (default)
2023-09-08 11:20:46,052 [main] INFO  netty.NettyConfigKeys$DataStream (ConfUtils.java:logGet(46)) - raft.netty.dataStream.server.boss-group.size = 0 (default)
2023-09-08 11:20:46,052 [main] INFO  netty.NettyConfigKeys$DataStream (ConfUtils.java:logGet(46)) - raft.netty.dataStream.server.worker-group.size = 0 (default)
2023-09-08 11:20:46,053 [main] INFO  netty.NettyConfigKeys$DataStream (ConfUtils.java:logGet(46)) - raft.netty.dataStream.server.tls.conf = null (default)
2023-09-08 11:20:46,053 [main] INFO  netty.NettyConfigKeys$DataStream (ConfUtils.java:logGet(46)) - raft.netty.dataStream.host = null (default)
2023-09-08 11:20:46,053 [main] INFO  netty.NettyConfigKeys$DataStream (ConfUtils.java:logGet(46)) - raft.netty.dataStream.port = 15183 (custom)
2023-09-08 11:20:46,053 [main] INFO  server.RaftServerConfigKeys (ConfUtils.java:logGet(46)) - raft.server.threadpool.proxy.cached = true (default)
2023-09-08 11:20:46,053 [main] INFO  server.RaftServerConfigKeys (ConfUtils.java:logGet(46)) - raft.server.threadpool.proxy.size = 0 (default)
2023-09-08 11:20:46,054 [main] INFO  server.RaftServerConfigKeys (ConfUtils.java:logGet(46)) - raft.server.rpc.slowness.timeout = 300s (custom)
2023-09-08 11:20:46,054 [main] INFO  server.RaftServerConfigKeys (ConfUtils.java:logGet(46)) - raft.server.leaderelection.leader.step-down.wait-time = 10s (default)
2023-09-08 11:20:46,054 [main] INFO  server.RaftServerConfigKeys (ConfUtils.java:logGet(46)) - raft.server.storage.dir = [/home/runner/work/ozone/ozone/hadoop-ozone/integration-test/target/test-dir/MiniOzoneClusterImpl-b855b142-6583-46b6-8838-7b3da9243682/datanode-1/data/ratis] (custom)
2023-09-08 11:20:46,055 [95dc1813-fd59-4f21-8387-058ccbf2ac19-NettyServerStreamRpc-bossGroup--thread1] INFO  logging.LoggingHandler (AbstractInternalLogger.java:log(148)) - [id: 0x384665ec] REGISTERED
2023-09-08 11:20:46,055 [95dc1813-fd59-4f21-8387-058ccbf2ac19-NettyServerStreamRpc-bossGroup--thread1] INFO  logging.LoggingHandler (AbstractInternalLogger.java:log(148)) - [id: 0x384665ec] BIND: 0.0.0.0/0.0.0.0:15183
2023-09-08 11:20:46,055 [95dc1813-fd59-4f21-8387-058ccbf2ac19-NettyServerStreamRpc-bossGroup--thread1] INFO  logging.LoggingHandler (AbstractInternalLogger.java:log(148)) - [id: 0x384665ec, L:/0:0:0:0:0:0:0:0:15183] ACTIVE
2023-09-08 11:20:46,057 [95dc1813-fd59-4f21-8387-058ccbf2ac19-impl-thread1] INFO  server.RaftServer (RaftServerProxy.java:initGroupDir(258)) - 95dc1813-fd59-4f21-8387-058ccbf2ac19: found a subdirectory /home/runner/work/ozone/ozone/hadoop-ozone/integration-test/target/test-dir/MiniOzoneClusterImpl-b855b142-6583-46b6-8838-7b3da9243682/datanode-1/data/ratis/tmp
2023-09-08 11:20:46,057 [95dc1813-fd59-4f21-8387-058ccbf2ac19-impl-thread1] INFO  server.RaftServer (RaftServerProxy.java:initGroupDir(263)) - 95dc1813-fd59-4f21-8387-058ccbf2ac19: The directory /home/runner/work/ozone/ozone/hadoop-ozone/integration-test/target/test-dir/MiniOzoneClusterImpl-b855b142-6583-46b6-8838-7b3da9243682/datanode-1/data/ratis/tmp is not a group directory; ignoring it. 
2023-09-08 11:20:46,057 [main] INFO  replication.ReplicationServer (ReplicationServer.java:<init>(81)) - Initializing replication server with thread count = 10
2023-09-08 11:20:46,058 [main] INFO  server.XceiverServerGrpc (XceiverServerGrpc.java:<init>(132)) - GrpcServer channel type EpollServerSocketChannel
2023-09-08 11:20:46,060 [main] INFO  replication.ReplicationSupervisor (ReplicationSupervisor.java:build(155)) - Initializing replication supervisor with thread count = 10
2023-09-08 11:20:46,060 [main] INFO  replication.ReplicationSupervisor (ReplicationSupervisor.java:nodeStateUpdated(307)) - Node state updated to IN_SERVICE, scaling executor pool size to 10
2023-09-08 11:20:46,062 [main] INFO  http.BaseHttpServer (BaseHttpServer.java:newHttpServer2BuilderForOzone(223)) - Starting Web-server for hddsDatanode at: http://0.0.0.0:15177
2023-09-08 11:20:46,062 [main] INFO  http.BaseHttpServer (BaseHttpServer.java:<init>(110)) - Hadoop Security Enabled: false Ozone Security Enabled: false Ozone HTTP Security Enabled: false 
2023-09-08 11:20:46,063 [main] WARN  server.AuthenticationFilter (AuthenticationFilter.java:constructSecretProvider(240)) - Unable to initialize FileSignerSecretProvider, falling back to use random secrets. Reason: Could not read signature secret file: /home/runner/hadoop-http-auth-signature-secret
2023-09-08 11:20:46,063 [main] INFO  http.HttpRequestLog (HttpRequestLog.java:getRequestLog(86)) - Http request log for http.requests.hddsDatanode is not defined
2023-09-08 11:20:46,064 [main] INFO  http.HttpServer2 (HttpServer2.java:addGlobalFilter(1031)) - Added global filter 'safety' (class=org.apache.hadoop.hdds.server.http.HttpServer2$QuotingInputFilter)
2023-09-08 11:20:46,065 [main] INFO  http.HttpServer2 (HttpServer2.java:addFilter(1007)) - Added filter static_user_filter (class=org.apache.hadoop.http.lib.StaticUserWebFilter$StaticUserFilter) to context hddsDatanode
2023-09-08 11:20:46,065 [main] INFO  http.HttpServer2 (HttpServer2.java:addFilter(1015)) - Added filter static_user_filter (class=org.apache.hadoop.http.lib.StaticUserWebFilter$StaticUserFilter) to context static
2023-09-08 11:20:46,065 [main] INFO  http.HttpServer2 (HttpServer2.java:addFilter(1015)) - Added filter static_user_filter (class=org.apache.hadoop.http.lib.StaticUserWebFilter$StaticUserFilter) to context logs
2023-09-08 11:20:46,066 [main] INFO  http.BaseHttpServer (BaseHttpServer.java:<init>(189)) - HTTP server of hddsDatanode uses base directory /home/runner/work/ozone/ozone/hadoop-ozone/integration-test/target/test-dir/MiniOzoneClusterImpl-b855b142-6583-46b6-8838-7b3da9243682/datanode-1/meta/webserver
2023-09-08 11:20:46,066 [main] INFO  http.HttpServer2 (HttpServer2.java:bindListener(1231)) - Jetty bound to port 15177
2023-09-08 11:20:46,066 [main] INFO  server.Server (Server.java:doStart(375)) - jetty-9.4.51.v20230217; built: 2023-02-17T08:19:37.309Z; git: b45c405e4544384de066f814ed42ae3dceacdd49; jvm 1.8.0_382-b05
2023-09-08 11:20:46,067 [main] INFO  server.session (DefaultSessionIdManager.java:doStart(334)) - DefaultSessionIdManager workerName=node0
2023-09-08 11:20:46,067 [main] INFO  server.session (DefaultSessionIdManager.java:doStart(339)) - No SessionScavenger set, using defaults
2023-09-08 11:20:46,068 [main] INFO  server.session (HouseKeeper.java:startScavenging(132)) - node0 Scavenging every 660000ms
2023-09-08 11:20:46,068 [main] INFO  handler.ContextHandler (ContextHandler.java:doStart(921)) - Started o.e.j.s.ServletContextHandler@2c4430d5{logs,/logs,file:///home/runner/work/ozone/ozone/hadoop-ozone/integration-test/target/log,AVAILABLE}
2023-09-08 11:20:46,068 [main] INFO  handler.ContextHandler (ContextHandler.java:doStart(921)) - Started o.e.j.s.ServletContextHandler@3670ff30{static,/static,jar:file:/home/runner/.m2/repository/org/apache/ozone/hdds-container-service/1.4.0-SNAPSHOT/hdds-container-service-1.4.0-SNAPSHOT.jar!/webapps/static,AVAILABLE}
2023-09-08 11:20:46,296 [main] INFO  handler.ContextHandler (ContextHandler.java:doStart(921)) - Started o.e.j.w.WebAppContext@46fe4149{hddsDatanode,/,file:///home/runner/work/ozone/ozone/hadoop-ozone/integration-test/target/test-dir/MiniOzoneClusterImpl-b855b142-6583-46b6-8838-7b3da9243682/datanode-1/meta/webserver/jetty-0_0_0_0-15177-hdds-container-service-1_4_0-SNAPSHOT_jar-_-any-4917132908317955900/webapp/,AVAILABLE}{jar:file:/home/runner/.m2/repository/org/apache/ozone/hdds-container-service/1.4.0-SNAPSHOT/hdds-container-service-1.4.0-SNAPSHOT.jar!/webapps/hddsDatanode}
2023-09-08 11:20:46,298 [main] INFO  server.AbstractConnector (AbstractConnector.java:doStart(333)) - Started ServerConnector@24c25bcb{HTTP/1.1, (http/1.1)}{0.0.0.0:15177}
2023-09-08 11:20:46,298 [main] INFO  server.Server (Server.java:doStart(415)) - Started @277080ms
2023-09-08 11:20:46,298 [main] WARN  impl.MetricsSystemImpl (MetricsSystemImpl.java:register(279)) - Sink prometheus already exists!
2023-09-08 11:20:46,299 [main] INFO  http.BaseHttpServer (BaseHttpServer.java:updateConnectorAddress(354)) - HTTP server of hddsDatanode listening at http://0.0.0.0:15177
2023-09-08 11:20:46,299 [main] INFO  ipc.CallQueueManager (CallQueueManager.java:<init>(90)) - Using callQueue: class java.util.concurrent.LinkedBlockingQueue, queueCapacity: 100, scheduler: class org.apache.hadoop.ipc.DefaultRpcScheduler, ipcBackoff: false.
2023-09-08 11:20:46,299 [main] INFO  ipc.Server (Server.java:<init>(1287)) - Listener at 0.0.0.0:15178
2023-09-08 11:20:46,301 [Socket Reader #1 for port 15178] INFO  ipc.Server (Server.java:run(1323)) - Starting Socket Reader #1 for port 15178
2023-09-08 11:20:46,308 [main] INFO  ozone.HddsDatanodeService (HddsDatanodeService.java:start(315)) - Datanode start with admins: [runner]
2023-09-08 11:20:46,308 [main] INFO  ozone.HddsDatanodeClientProtocolServer (HddsDatanodeClientProtocolServer.java:start(72)) - RPC server for Client /0.0.0.0:15178
2023-09-08 11:20:46,308 [IPC Server Responder] INFO  ipc.Server (Server.java:run(1562)) - IPC Server Responder: starting
2023-09-08 11:20:46,309 [main] WARN  impl.MetricRegistriesImpl (MetricRegistriesImpl.java:addReporterRegistration(111)) - New reporters are added after registries were created. Some metrics will be missing from the reporter. Please add reporter before adding any new registry.
2023-09-08 11:20:46,309 [main] WARN  impl.MetricRegistriesImpl (MetricRegistriesImpl.java:addReporterRegistration(111)) - New reporters are added after registries were created. Some metrics will be missing from the reporter. Please add reporter before adding any new registry.
2023-09-08 11:20:46,310 [main] INFO  impl.MetricsSystemImpl (MetricsSystemImpl.java:init(158)) - HddsDatanode metrics system started (again)
2023-09-08 11:20:46,311 [Datanode State Machine Daemon Thread] INFO  statemachine.DatanodeStateMachine (DatanodeStateMachine.java:lambda$startDaemon$0(538)) - Ozone container server started.
2023-09-08 11:20:46,315 [IPC Server listener on 15178] INFO  ipc.Server (Server.java:run(1402)) - IPC Server listener on 15178: starting
2023-09-08 11:20:46,329 [Datanode State Machine Task Thread - 0] INFO  datanode.InitDatanodeState (InitDatanodeState.java:persistContainerDatanodeDetails(138)) - DatanodeDetails is persisted to /home/runner/work/ozone/ozone/hadoop-ozone/integration-test/target/test-dir/MiniOzoneClusterImpl-b855b142-6583-46b6-8838-7b3da9243682/datanode-1/meta/datanode.id
2023-09-08 11:20:46,330 [main] INFO  ozone.HddsDatanodeService (HddsDatanodeService.java:start(237)) - HddsDatanodeService host:fv-az203-160.hq41me5fykbulac445kfrvsskg.dx.internal.cloudapp.net ip:10.1.0.72
2023-09-08 11:20:46,355 [main] INFO  upgrade.AbstractLayoutVersionManager (AbstractLayoutVersionManager.java:init(83)) - Initializing Layout version manager with metadata layout = HADOOP_PRC_PORTS_IN_DATANODEDETAILS (version = 7), software layout = HADOOP_PRC_PORTS_IN_DATANODEDETAILS (version = 7)
2023-09-08 11:20:46,356 [main] INFO  statemachine.DatanodeStateMachine (DatanodeStateMachine.java:getEndPointTaskThreadPoolSize(282)) - Datanode State Machine Task Thread Pool size 2
2023-09-08 11:20:46,357 [main] INFO  volume.HddsVolume (HddsVolume.java:<init>(126)) - Creating HddsVolume: /home/runner/work/ozone/ozone/hadoop-ozone/integration-test/target/test-dir/MiniOzoneClusterImpl-b855b142-6583-46b6-8838-7b3da9243682/datanode-2/data-0/containers/hdds of storage type : DISK capacity : 9223372036854775807
2023-09-08 11:20:46,357 [main] INFO  volume.MutableVolumeSet (MutableVolumeSet.java:initializeVolumeSet(173)) - Added Volume : /home/runner/work/ozone/ozone/hadoop-ozone/integration-test/target/test-dir/MiniOzoneClusterImpl-b855b142-6583-46b6-8838-7b3da9243682/datanode-2/data-0/containers/hdds to VolumeSet
2023-09-08 11:20:46,358 [main] INFO  volume.MutableVolumeSet (MutableVolumeSet.java:initializeVolumeSet(173)) - Added Volume : /home/runner/work/ozone/ozone/hadoop-ozone/integration-test/target/test-dir/MiniOzoneClusterImpl-b855b142-6583-46b6-8838-7b3da9243682/datanode-2/data/ratis to VolumeSet
2023-09-08 11:20:46,359 [Thread-1982] INFO  ozoneimpl.ContainerReader (ContainerReader.java:readVolume(177)) - Finish verifying containers on volume /home/runner/work/ozone/ozone/hadoop-ozone/integration-test/target/test-dir/MiniOzoneClusterImpl-b855b142-6583-46b6-8838-7b3da9243682/datanode-2/data-0/containers/hdds
2023-09-08 11:20:46,359 [main] INFO  ozoneimpl.OzoneContainer (OzoneContainer.java:buildContainerSet(314)) - Build ContainerSet costs 0s
2023-09-08 11:20:46,361 [main] INFO  server.RaftServer (ConfUtils.java:logGet(46)) - raft.rpc.type = GRPC (default)
2023-09-08 11:20:46,361 [main] INFO  grpc.GrpcConfigKeys (ConfUtils.java:logFallback(53)) - raft.grpc.admin.host = null (fallback to raft.grpc.server.host)
2023-09-08 11:20:46,361 [main] INFO  grpc.GrpcConfigKeys (ConfUtils.java:logGet(46)) - raft.grpc.admin.port = 15190 (custom)
2023-09-08 11:20:46,361 [main] INFO  grpc.GrpcConfigKeys (ConfUtils.java:logFallback(53)) - raft.grpc.client.host = null (fallback to raft.grpc.server.host)
2023-09-08 11:20:46,361 [main] INFO  grpc.GrpcConfigKeys (ConfUtils.java:logGet(46)) - raft.grpc.client.port = 15189 (custom)
2023-09-08 11:20:46,361 [main] INFO  grpc.GrpcConfigKeys (ConfUtils.java:logGet(46)) - raft.grpc.server.host = null (default)
2023-09-08 11:20:46,361 [main] INFO  grpc.GrpcConfigKeys (ConfUtils.java:logGet(46)) - raft.grpc.server.port = 15191 (custom)
2023-09-08 11:20:46,362 [main] INFO  server.GrpcService (ConfUtils.java:logGet(46)) - raft.grpc.message.size.max = 32MB (=33554432) (custom)
2023-09-08 11:20:46,362 [main] INFO  server.RaftServerConfigKeys (ConfUtils.java:logGet(46)) - raft.server.log.appender.buffer.byte-limit = 33554432 (custom)
2023-09-08 11:20:46,362 [main] INFO  server.GrpcService (ConfUtils.java:logGet(46)) - raft.grpc.flow.control.window = 5MB (=5242880) (custom)
2023-09-08 11:20:46,362 [main] INFO  server.RaftServerConfigKeys (ConfUtils.java:logGet(46)) - raft.server.rpc.request.timeout = 60s (custom)
2023-09-08 11:20:46,362 [main] INFO  grpc.GrpcConfigKeys (ConfUtils.java:logGet(46)) - raft.grpc.server.heartbeat.channel = true (default)
2023-09-08 11:20:46,362 [main] INFO  grpc.GrpcConfigKeys (ConfUtils.java:logGet(46)) - raft.grpc.server.async.request.thread.pool.cached = true (default)
2023-09-08 11:20:46,362 [main] INFO  grpc.GrpcConfigKeys (ConfUtils.java:logGet(46)) - raft.grpc.server.async.request.thread.pool.size = 32 (default)
2023-09-08 11:20:46,366 [main] INFO  impl.DataStreamServerImpl (ConfUtils.java:logGet(46)) - raft.datastream.type = NETTY (custom)
2023-09-08 11:20:46,366 [main] INFO  server.RaftServerConfigKeys (ConfUtils.java:logGet(46)) - raft.server.data-stream.async.request.thread.pool.cached = false (default)
2023-09-08 11:20:46,366 [main] INFO  server.RaftServerConfigKeys (ConfUtils.java:logGet(46)) - raft.server.data-stream.async.request.thread.pool.size = 20 (custom)
2023-09-08 11:20:46,366 [main] INFO  server.RaftServerConfigKeys (ConfUtils.java:logGet(46)) - raft.server.data-stream.async.write.thread.pool.size = 16 (default)
2023-09-08 11:20:46,367 [main] INFO  server.RaftServerConfigKeys (ConfUtils.java:logGet(46)) - raft.server.data-stream.client.pool.size = 10 (default)
2023-09-08 11:20:46,367 [main] INFO  netty.NettyConfigKeys$DataStream (ConfUtils.java:logGet(46)) - raft.netty.dataStream.server.use-epoll = false (default)
2023-09-08 11:20:46,367 [main] INFO  netty.NettyConfigKeys$DataStream (ConfUtils.java:logGet(46)) - raft.netty.dataStream.server.boss-group.size = 0 (default)
2023-09-08 11:20:46,367 [main] INFO  netty.NettyConfigKeys$DataStream (ConfUtils.java:logGet(46)) - raft.netty.dataStream.server.worker-group.size = 0 (default)
2023-09-08 11:20:46,368 [main] INFO  netty.NettyConfigKeys$DataStream (ConfUtils.java:logGet(46)) - raft.netty.dataStream.server.tls.conf = null (default)
2023-09-08 11:20:46,368 [main] INFO  netty.NettyConfigKeys$DataStream (ConfUtils.java:logGet(46)) - raft.netty.dataStream.host = null (default)
2023-09-08 11:20:46,368 [main] INFO  netty.NettyConfigKeys$DataStream (ConfUtils.java:logGet(46)) - raft.netty.dataStream.port = 15192 (custom)
2023-09-08 11:20:46,368 [main] INFO  server.RaftServerConfigKeys (ConfUtils.java:logGet(46)) - raft.server.threadpool.proxy.cached = true (default)
2023-09-08 11:20:46,368 [main] INFO  server.RaftServerConfigKeys (ConfUtils.java:logGet(46)) - raft.server.threadpool.proxy.size = 0 (default)
2023-09-08 11:20:46,369 [main] INFO  server.RaftServerConfigKeys (ConfUtils.java:logGet(46)) - raft.server.rpc.slowness.timeout = 300s (custom)
2023-09-08 11:20:46,369 [main] INFO  server.RaftServerConfigKeys (ConfUtils.java:logGet(46)) - raft.server.leaderelection.leader.step-down.wait-time = 10s (default)
2023-09-08 11:20:46,369 [main] INFO  server.RaftServerConfigKeys (ConfUtils.java:logGet(46)) - raft.server.storage.dir = [/home/runner/work/ozone/ozone/hadoop-ozone/integration-test/target/test-dir/MiniOzoneClusterImpl-b855b142-6583-46b6-8838-7b3da9243682/datanode-2/data/ratis] (custom)
2023-09-08 11:20:46,369 [7a683abd-c78e-4222-b82d-306c946a3e7e-impl-thread1] INFO  server.RaftServer (RaftServerProxy.java:initGroupDir(258)) - 7a683abd-c78e-4222-b82d-306c946a3e7e: found a subdirectory /home/runner/work/ozone/ozone/hadoop-ozone/integration-test/target/test-dir/MiniOzoneClusterImpl-b855b142-6583-46b6-8838-7b3da9243682/datanode-2/data/ratis/tmp
2023-09-08 11:20:46,370 [7a683abd-c78e-4222-b82d-306c946a3e7e-impl-thread1] INFO  server.RaftServer (RaftServerProxy.java:initGroupDir(263)) - 7a683abd-c78e-4222-b82d-306c946a3e7e: The directory /home/runner/work/ozone/ozone/hadoop-ozone/integration-test/target/test-dir/MiniOzoneClusterImpl-b855b142-6583-46b6-8838-7b3da9243682/datanode-2/data/ratis/tmp is not a group directory; ignoring it. 
2023-09-08 11:20:46,370 [main] INFO  replication.ReplicationServer (ReplicationServer.java:<init>(81)) - Initializing replication server with thread count = 10
2023-09-08 11:20:46,371 [main] INFO  server.XceiverServerGrpc (XceiverServerGrpc.java:<init>(132)) - GrpcServer channel type EpollServerSocketChannel
2023-09-08 11:20:46,373 [main] INFO  replication.ReplicationSupervisor (ReplicationSupervisor.java:build(155)) - Initializing replication supervisor with thread count = 10
2023-09-08 11:20:46,373 [main] INFO  replication.ReplicationSupervisor (ReplicationSupervisor.java:nodeStateUpdated(307)) - Node state updated to IN_SERVICE, scaling executor pool size to 10
2023-09-08 11:20:46,374 [7a683abd-c78e-4222-b82d-306c946a3e7e-NettyServerStreamRpc-bossGroup--thread1] INFO  logging.LoggingHandler (AbstractInternalLogger.java:log(148)) - [id: 0x3ceb4cd5] REGISTERED
2023-09-08 11:20:46,374 [7a683abd-c78e-4222-b82d-306c946a3e7e-NettyServerStreamRpc-bossGroup--thread1] INFO  logging.LoggingHandler (AbstractInternalLogger.java:log(148)) - [id: 0x3ceb4cd5] BIND: 0.0.0.0/0.0.0.0:15192
2023-09-08 11:20:46,374 [7a683abd-c78e-4222-b82d-306c946a3e7e-NettyServerStreamRpc-bossGroup--thread1] INFO  logging.LoggingHandler (AbstractInternalLogger.java:log(148)) - [id: 0x3ceb4cd5, L:/0:0:0:0:0:0:0:0:15192] ACTIVE
2023-09-08 11:20:46,376 [main] INFO  http.BaseHttpServer (BaseHttpServer.java:newHttpServer2BuilderForOzone(223)) - Starting Web-server for hddsDatanode at: http://0.0.0.0:15186
2023-09-08 11:20:46,376 [main] INFO  http.BaseHttpServer (BaseHttpServer.java:<init>(110)) - Hadoop Security Enabled: false Ozone Security Enabled: false Ozone HTTP Security Enabled: false 
2023-09-08 11:20:46,377 [main] WARN  server.AuthenticationFilter (AuthenticationFilter.java:constructSecretProvider(240)) - Unable to initialize FileSignerSecretProvider, falling back to use random secrets. Reason: Could not read signature secret file: /home/runner/hadoop-http-auth-signature-secret
2023-09-08 11:20:46,378 [main] INFO  http.HttpRequestLog (HttpRequestLog.java:getRequestLog(86)) - Http request log for http.requests.hddsDatanode is not defined
2023-09-08 11:20:46,379 [main] INFO  http.HttpServer2 (HttpServer2.java:addGlobalFilter(1031)) - Added global filter 'safety' (class=org.apache.hadoop.hdds.server.http.HttpServer2$QuotingInputFilter)
2023-09-08 11:20:46,379 [main] INFO  http.HttpServer2 (HttpServer2.java:addFilter(1007)) - Added filter static_user_filter (class=org.apache.hadoop.http.lib.StaticUserWebFilter$StaticUserFilter) to context hddsDatanode
2023-09-08 11:20:46,380 [main] INFO  http.HttpServer2 (HttpServer2.java:addFilter(1015)) - Added filter static_user_filter (class=org.apache.hadoop.http.lib.StaticUserWebFilter$StaticUserFilter) to context static
2023-09-08 11:20:46,380 [main] INFO  http.HttpServer2 (HttpServer2.java:addFilter(1015)) - Added filter static_user_filter (class=org.apache.hadoop.http.lib.StaticUserWebFilter$StaticUserFilter) to context logs
2023-09-08 11:20:46,380 [main] INFO  http.BaseHttpServer (BaseHttpServer.java:<init>(189)) - HTTP server of hddsDatanode uses base directory /home/runner/work/ozone/ozone/hadoop-ozone/integration-test/target/test-dir/MiniOzoneClusterImpl-b855b142-6583-46b6-8838-7b3da9243682/datanode-2/meta/webserver
2023-09-08 11:20:46,380 [main] INFO  http.HttpServer2 (HttpServer2.java:bindListener(1231)) - Jetty bound to port 15186
2023-09-08 11:20:46,380 [main] INFO  server.Server (Server.java:doStart(375)) - jetty-9.4.51.v20230217; built: 2023-02-17T08:19:37.309Z; git: b45c405e4544384de066f814ed42ae3dceacdd49; jvm 1.8.0_382-b05
2023-09-08 11:20:46,388 [main] INFO  server.session (DefaultSessionIdManager.java:doStart(334)) - DefaultSessionIdManager workerName=node0
2023-09-08 11:20:46,389 [main] INFO  server.session (DefaultSessionIdManager.java:doStart(339)) - No SessionScavenger set, using defaults
2023-09-08 11:20:46,389 [main] INFO  server.session (HouseKeeper.java:startScavenging(132)) - node0 Scavenging every 600000ms
2023-09-08 11:20:46,391 [main] INFO  handler.ContextHandler (ContextHandler.java:doStart(921)) - Started o.e.j.s.ServletContextHandler@477bab38{logs,/logs,file:///home/runner/work/ozone/ozone/hadoop-ozone/integration-test/target/log,AVAILABLE}
2023-09-08 11:20:46,391 [main] INFO  handler.ContextHandler (ContextHandler.java:doStart(921)) - Started o.e.j.s.ServletContextHandler@5f727670{static,/static,jar:file:/home/runner/.m2/repository/org/apache/ozone/hdds-container-service/1.4.0-SNAPSHOT/hdds-container-service-1.4.0-SNAPSHOT.jar!/webapps/static,AVAILABLE}
2023-09-08 11:20:46,618 [main] INFO  handler.ContextHandler (ContextHandler.java:doStart(921)) - Started o.e.j.w.WebAppContext@2ac76b0d{hddsDatanode,/,file:///home/runner/work/ozone/ozone/hadoop-ozone/integration-test/target/test-dir/MiniOzoneClusterImpl-b855b142-6583-46b6-8838-7b3da9243682/datanode-2/meta/webserver/jetty-0_0_0_0-15186-hdds-container-service-1_4_0-SNAPSHOT_jar-_-any-8935761960241458070/webapp/,AVAILABLE}{jar:file:/home/runner/.m2/repository/org/apache/ozone/hdds-container-service/1.4.0-SNAPSHOT/hdds-container-service-1.4.0-SNAPSHOT.jar!/webapps/hddsDatanode}
2023-09-08 11:20:46,620 [main] INFO  server.AbstractConnector (AbstractConnector.java:doStart(333)) - Started ServerConnector@124caf47{HTTP/1.1, (http/1.1)}{0.0.0.0:15186}
2023-09-08 11:20:46,620 [main] INFO  server.Server (Server.java:doStart(415)) - Started @277402ms
2023-09-08 11:20:46,620 [main] WARN  impl.MetricsSystemImpl (MetricsSystemImpl.java:register(279)) - Sink prometheus already exists!
2023-09-08 11:20:46,621 [main] INFO  http.BaseHttpServer (BaseHttpServer.java:updateConnectorAddress(354)) - HTTP server of hddsDatanode listening at http://0.0.0.0:15186
2023-09-08 11:20:46,621 [main] INFO  ipc.CallQueueManager (CallQueueManager.java:<init>(90)) - Using callQueue: class java.util.concurrent.LinkedBlockingQueue, queueCapacity: 100, scheduler: class org.apache.hadoop.ipc.DefaultRpcScheduler, ipcBackoff: false.
2023-09-08 11:20:46,621 [main] INFO  ipc.Server (Server.java:<init>(1287)) - Listener at 0.0.0.0:15187
2023-09-08 11:20:46,623 [Socket Reader #1 for port 15187] INFO  ipc.Server (Server.java:run(1323)) - Starting Socket Reader #1 for port 15187
2023-09-08 11:20:46,627 [main] INFO  ozone.HddsDatanodeService (HddsDatanodeService.java:start(315)) - Datanode start with admins: [runner]
2023-09-08 11:20:46,627 [main] INFO  ozone.HddsDatanodeClientProtocolServer (HddsDatanodeClientProtocolServer.java:start(72)) - RPC server for Client /0.0.0.0:15187
2023-09-08 11:20:46,627 [IPC Server Responder] INFO  ipc.Server (Server.java:run(1562)) - IPC Server Responder: starting
2023-09-08 11:20:46,628 [IPC Server listener on 15187] INFO  ipc.Server (Server.java:run(1402)) - IPC Server listener on 15187: starting
2023-09-08 11:20:46,628 [main] WARN  impl.MetricRegistriesImpl (MetricRegistriesImpl.java:addReporterRegistration(111)) - New reporters are added after registries were created. Some metrics will be missing from the reporter. Please add reporter before adding any new registry.
2023-09-08 11:20:46,629 [main] WARN  impl.MetricRegistriesImpl (MetricRegistriesImpl.java:addReporterRegistration(111)) - New reporters are added after registries were created. Some metrics will be missing from the reporter. Please add reporter before adding any new registry.
2023-09-08 11:20:46,629 [main] INFO  impl.MetricsSystemImpl (MetricsSystemImpl.java:init(158)) - HddsDatanode metrics system started (again)
2023-09-08 11:20:46,638 [Datanode State Machine Daemon Thread] INFO  statemachine.DatanodeStateMachine (DatanodeStateMachine.java:lambda$startDaemon$0(538)) - Ozone container server started.
2023-09-08 11:20:46,645 [main] INFO  ozone.HddsDatanodeService (HddsDatanodeService.java:start(237)) - HddsDatanodeService host:fv-az203-160.hq41me5fykbulac445kfrvsskg.dx.internal.cloudapp.net ip:10.1.0.72
2023-09-08 11:20:46,645 [Datanode State Machine Task Thread - 0] INFO  datanode.InitDatanodeState (InitDatanodeState.java:persistContainerDatanodeDetails(138)) - DatanodeDetails is persisted to /home/runner/work/ozone/ozone/hadoop-ozone/integration-test/target/test-dir/MiniOzoneClusterImpl-b855b142-6583-46b6-8838-7b3da9243682/datanode-2/meta/datanode.id
2023-09-08 11:20:46,671 [main] INFO  upgrade.AbstractLayoutVersionManager (AbstractLayoutVersionManager.java:init(83)) - Initializing Layout version manager with metadata layout = HADOOP_PRC_PORTS_IN_DATANODEDETAILS (version = 7), software layout = HADOOP_PRC_PORTS_IN_DATANODEDETAILS (version = 7)
2023-09-08 11:20:46,672 [main] INFO  statemachine.DatanodeStateMachine (DatanodeStateMachine.java:getEndPointTaskThreadPoolSize(282)) - Datanode State Machine Task Thread Pool size 2
2023-09-08 11:20:46,673 [main] INFO  volume.HddsVolume (HddsVolume.java:<init>(126)) - Creating HddsVolume: /home/runner/work/ozone/ozone/hadoop-ozone/integration-test/target/test-dir/MiniOzoneClusterImpl-b855b142-6583-46b6-8838-7b3da9243682/datanode-3/data-0/containers/hdds of storage type : DISK capacity : 9223372036854775807
2023-09-08 11:20:46,673 [main] INFO  volume.MutableVolumeSet (MutableVolumeSet.java:initializeVolumeSet(173)) - Added Volume : /home/runner/work/ozone/ozone/hadoop-ozone/integration-test/target/test-dir/MiniOzoneClusterImpl-b855b142-6583-46b6-8838-7b3da9243682/datanode-3/data-0/containers/hdds to VolumeSet
2023-09-08 11:20:46,674 [main] INFO  volume.MutableVolumeSet (MutableVolumeSet.java:initializeVolumeSet(173)) - Added Volume : /home/runner/work/ozone/ozone/hadoop-ozone/integration-test/target/test-dir/MiniOzoneClusterImpl-b855b142-6583-46b6-8838-7b3da9243682/datanode-3/data/ratis to VolumeSet
2023-09-08 11:20:46,674 [Thread-1999] INFO  ozoneimpl.ContainerReader (ContainerReader.java:readVolume(177)) - Finish verifying containers on volume /home/runner/work/ozone/ozone/hadoop-ozone/integration-test/target/test-dir/MiniOzoneClusterImpl-b855b142-6583-46b6-8838-7b3da9243682/datanode-3/data-0/containers/hdds
2023-09-08 11:20:46,674 [main] INFO  ozoneimpl.OzoneContainer (OzoneContainer.java:buildContainerSet(314)) - Build ContainerSet costs 0s
2023-09-08 11:20:46,676 [main] INFO  server.RaftServer (ConfUtils.java:logGet(46)) - raft.rpc.type = GRPC (default)
2023-09-08 11:20:46,676 [main] INFO  grpc.GrpcConfigKeys (ConfUtils.java:logFallback(53)) - raft.grpc.admin.host = null (fallback to raft.grpc.server.host)
2023-09-08 11:20:46,676 [main] INFO  grpc.GrpcConfigKeys (ConfUtils.java:logGet(46)) - raft.grpc.admin.port = 15199 (custom)
2023-09-08 11:20:46,677 [main] INFO  grpc.GrpcConfigKeys (ConfUtils.java:logFallback(53)) - raft.grpc.client.host = null (fallback to raft.grpc.server.host)
2023-09-08 11:20:46,677 [main] INFO  grpc.GrpcConfigKeys (ConfUtils.java:logGet(46)) - raft.grpc.client.port = 15198 (custom)
2023-09-08 11:20:46,677 [main] INFO  grpc.GrpcConfigKeys (ConfUtils.java:logGet(46)) - raft.grpc.server.host = null (default)
2023-09-08 11:20:46,677 [main] INFO  grpc.GrpcConfigKeys (ConfUtils.java:logGet(46)) - raft.grpc.server.port = 15200 (custom)
2023-09-08 11:20:46,677 [main] INFO  server.GrpcService (ConfUtils.java:logGet(46)) - raft.grpc.message.size.max = 32MB (=33554432) (custom)
2023-09-08 11:20:46,677 [main] INFO  server.RaftServerConfigKeys (ConfUtils.java:logGet(46)) - raft.server.log.appender.buffer.byte-limit = 33554432 (custom)
2023-09-08 11:20:46,677 [main] INFO  server.GrpcService (ConfUtils.java:logGet(46)) - raft.grpc.flow.control.window = 5MB (=5242880) (custom)
2023-09-08 11:20:46,677 [main] INFO  server.RaftServerConfigKeys (ConfUtils.java:logGet(46)) - raft.server.rpc.request.timeout = 60s (custom)
2023-09-08 11:20:46,677 [main] INFO  grpc.GrpcConfigKeys (ConfUtils.java:logGet(46)) - raft.grpc.server.heartbeat.channel = true (default)
2023-09-08 11:20:46,677 [main] INFO  grpc.GrpcConfigKeys (ConfUtils.java:logGet(46)) - raft.grpc.server.async.request.thread.pool.cached = true (default)
2023-09-08 11:20:46,678 [main] INFO  grpc.GrpcConfigKeys (ConfUtils.java:logGet(46)) - raft.grpc.server.async.request.thread.pool.size = 32 (default)
2023-09-08 11:20:46,680 [main] INFO  impl.DataStreamServerImpl (ConfUtils.java:logGet(46)) - raft.datastream.type = NETTY (custom)
2023-09-08 11:20:46,680 [main] INFO  server.RaftServerConfigKeys (ConfUtils.java:logGet(46)) - raft.server.data-stream.async.request.thread.pool.cached = false (default)
2023-09-08 11:20:46,680 [main] INFO  server.RaftServerConfigKeys (ConfUtils.java:logGet(46)) - raft.server.data-stream.async.request.thread.pool.size = 20 (custom)
2023-09-08 11:20:46,681 [main] INFO  server.RaftServerConfigKeys (ConfUtils.java:logGet(46)) - raft.server.data-stream.async.write.thread.pool.size = 16 (default)
2023-09-08 11:20:46,681 [main] INFO  server.RaftServerConfigKeys (ConfUtils.java:logGet(46)) - raft.server.data-stream.client.pool.size = 10 (default)
2023-09-08 11:20:46,681 [main] INFO  netty.NettyConfigKeys$DataStream (ConfUtils.java:logGet(46)) - raft.netty.dataStream.server.use-epoll = false (default)
2023-09-08 11:20:46,681 [main] INFO  netty.NettyConfigKeys$DataStream (ConfUtils.java:logGet(46)) - raft.netty.dataStream.server.boss-group.size = 0 (default)
2023-09-08 11:20:46,681 [main] INFO  netty.NettyConfigKeys$DataStream (ConfUtils.java:logGet(46)) - raft.netty.dataStream.server.worker-group.size = 0 (default)
2023-09-08 11:20:46,682 [main] INFO  netty.NettyConfigKeys$DataStream (ConfUtils.java:logGet(46)) - raft.netty.dataStream.server.tls.conf = null (default)
2023-09-08 11:20:46,682 [main] INFO  netty.NettyConfigKeys$DataStream (ConfUtils.java:logGet(46)) - raft.netty.dataStream.host = null (default)
2023-09-08 11:20:46,682 [main] INFO  netty.NettyConfigKeys$DataStream (ConfUtils.java:logGet(46)) - raft.netty.dataStream.port = 15201 (custom)
2023-09-08 11:20:46,682 [main] INFO  server.RaftServerConfigKeys (ConfUtils.java:logGet(46)) - raft.server.threadpool.proxy.cached = true (default)
2023-09-08 11:20:46,682 [main] INFO  server.RaftServerConfigKeys (ConfUtils.java:logGet(46)) - raft.server.threadpool.proxy.size = 0 (default)
2023-09-08 11:20:46,683 [main] INFO  server.RaftServerConfigKeys (ConfUtils.java:logGet(46)) - raft.server.rpc.slowness.timeout = 300s (custom)
2023-09-08 11:20:46,683 [main] INFO  server.RaftServerConfigKeys (ConfUtils.java:logGet(46)) - raft.server.leaderelection.leader.step-down.wait-time = 10s (default)
2023-09-08 11:20:46,683 [main] INFO  server.RaftServerConfigKeys (ConfUtils.java:logGet(46)) - raft.server.storage.dir = [/home/runner/work/ozone/ozone/hadoop-ozone/integration-test/target/test-dir/MiniOzoneClusterImpl-b855b142-6583-46b6-8838-7b3da9243682/datanode-3/data/ratis] (custom)
2023-09-08 11:20:46,683 [8abc5b5b-9557-42e0-ad65-3a4f82792924-NettyServerStreamRpc-bossGroup--thread1] INFO  logging.LoggingHandler (AbstractInternalLogger.java:log(148)) - [id: 0x67f6611b] REGISTERED
2023-09-08 11:20:46,683 [8abc5b5b-9557-42e0-ad65-3a4f82792924-NettyServerStreamRpc-bossGroup--thread1] INFO  logging.LoggingHandler (AbstractInternalLogger.java:log(148)) - [id: 0x67f6611b] BIND: 0.0.0.0/0.0.0.0:15201
2023-09-08 11:20:46,683 [8abc5b5b-9557-42e0-ad65-3a4f82792924-impl-thread1] INFO  server.RaftServer (RaftServerProxy.java:initGroupDir(258)) - 8abc5b5b-9557-42e0-ad65-3a4f82792924: found a subdirectory /home/runner/work/ozone/ozone/hadoop-ozone/integration-test/target/test-dir/MiniOzoneClusterImpl-b855b142-6583-46b6-8838-7b3da9243682/datanode-3/data/ratis/tmp
2023-09-08 11:20:46,683 [8abc5b5b-9557-42e0-ad65-3a4f82792924-impl-thread1] INFO  server.RaftServer (RaftServerProxy.java:initGroupDir(263)) - 8abc5b5b-9557-42e0-ad65-3a4f82792924: The directory /home/runner/work/ozone/ozone/hadoop-ozone/integration-test/target/test-dir/MiniOzoneClusterImpl-b855b142-6583-46b6-8838-7b3da9243682/datanode-3/data/ratis/tmp is not a group directory; ignoring it. 
2023-09-08 11:20:46,683 [main] INFO  replication.ReplicationServer (ReplicationServer.java:<init>(81)) - Initializing replication server with thread count = 10
2023-09-08 11:20:46,684 [8abc5b5b-9557-42e0-ad65-3a4f82792924-NettyServerStreamRpc-bossGroup--thread1] INFO  logging.LoggingHandler (AbstractInternalLogger.java:log(148)) - [id: 0x67f6611b, L:/0:0:0:0:0:0:0:0:15201] ACTIVE
2023-09-08 11:20:46,684 [main] INFO  server.XceiverServerGrpc (XceiverServerGrpc.java:<init>(132)) - GrpcServer channel type EpollServerSocketChannel
2023-09-08 11:20:46,686 [main] INFO  replication.ReplicationSupervisor (ReplicationSupervisor.java:build(155)) - Initializing replication supervisor with thread count = 10
2023-09-08 11:20:46,686 [main] INFO  replication.ReplicationSupervisor (ReplicationSupervisor.java:nodeStateUpdated(307)) - Node state updated to IN_SERVICE, scaling executor pool size to 10
2023-09-08 11:20:46,688 [main] INFO  http.BaseHttpServer (BaseHttpServer.java:newHttpServer2BuilderForOzone(223)) - Starting Web-server for hddsDatanode at: http://0.0.0.0:15195
2023-09-08 11:20:46,688 [main] INFO  http.BaseHttpServer (BaseHttpServer.java:<init>(110)) - Hadoop Security Enabled: false Ozone Security Enabled: false Ozone HTTP Security Enabled: false 
2023-09-08 11:20:46,689 [main] WARN  server.AuthenticationFilter (AuthenticationFilter.java:constructSecretProvider(240)) - Unable to initialize FileSignerSecretProvider, falling back to use random secrets. Reason: Could not read signature secret file: /home/runner/hadoop-http-auth-signature-secret
2023-09-08 11:20:46,689 [main] INFO  http.HttpRequestLog (HttpRequestLog.java:getRequestLog(86)) - Http request log for http.requests.hddsDatanode is not defined
2023-09-08 11:20:46,690 [main] INFO  http.HttpServer2 (HttpServer2.java:addGlobalFilter(1031)) - Added global filter 'safety' (class=org.apache.hadoop.hdds.server.http.HttpServer2$QuotingInputFilter)
2023-09-08 11:20:46,691 [main] INFO  http.HttpServer2 (HttpServer2.java:addFilter(1007)) - Added filter static_user_filter (class=org.apache.hadoop.http.lib.StaticUserWebFilter$StaticUserFilter) to context hddsDatanode
2023-09-08 11:20:46,691 [main] INFO  http.HttpServer2 (HttpServer2.java:addFilter(1015)) - Added filter static_user_filter (class=org.apache.hadoop.http.lib.StaticUserWebFilter$StaticUserFilter) to context logs
2023-09-08 11:20:46,691 [main] INFO  http.HttpServer2 (HttpServer2.java:addFilter(1015)) - Added filter static_user_filter (class=org.apache.hadoop.http.lib.StaticUserWebFilter$StaticUserFilter) to context static
2023-09-08 11:20:46,692 [main] INFO  http.BaseHttpServer (BaseHttpServer.java:<init>(189)) - HTTP server of hddsDatanode uses base directory /home/runner/work/ozone/ozone/hadoop-ozone/integration-test/target/test-dir/MiniOzoneClusterImpl-b855b142-6583-46b6-8838-7b3da9243682/datanode-3/meta/webserver
2023-09-08 11:20:46,692 [main] INFO  http.HttpServer2 (HttpServer2.java:bindListener(1231)) - Jetty bound to port 15195
2023-09-08 11:20:46,692 [main] INFO  server.Server (Server.java:doStart(375)) - jetty-9.4.51.v20230217; built: 2023-02-17T08:19:37.309Z; git: b45c405e4544384de066f814ed42ae3dceacdd49; jvm 1.8.0_382-b05
2023-09-08 11:20:46,693 [main] INFO  server.session (DefaultSessionIdManager.java:doStart(334)) - DefaultSessionIdManager workerName=node0
2023-09-08 11:20:46,693 [main] INFO  server.session (DefaultSessionIdManager.java:doStart(339)) - No SessionScavenger set, using defaults
2023-09-08 11:20:46,694 [main] INFO  server.session (HouseKeeper.java:startScavenging(132)) - node0 Scavenging every 660000ms
2023-09-08 11:20:46,694 [main] INFO  handler.ContextHandler (ContextHandler.java:doStart(921)) - Started o.e.j.s.ServletContextHandler@1de2d467{logs,/logs,file:///home/runner/work/ozone/ozone/hadoop-ozone/integration-test/target/log,AVAILABLE}
2023-09-08 11:20:46,695 [main] INFO  handler.ContextHandler (ContextHandler.java:doStart(921)) - Started o.e.j.s.ServletContextHandler@7ca4a0ce{static,/static,jar:file:/home/runner/.m2/repository/org/apache/ozone/hdds-container-service/1.4.0-SNAPSHOT/hdds-container-service-1.4.0-SNAPSHOT.jar!/webapps/static,AVAILABLE}
2023-09-08 11:20:46,917 [main] INFO  handler.ContextHandler (ContextHandler.java:doStart(921)) - Started o.e.j.w.WebAppContext@30179ec1{hddsDatanode,/,file:///home/runner/work/ozone/ozone/hadoop-ozone/integration-test/target/test-dir/MiniOzoneClusterImpl-b855b142-6583-46b6-8838-7b3da9243682/datanode-3/meta/webserver/jetty-0_0_0_0-15195-hdds-container-service-1_4_0-SNAPSHOT_jar-_-any-2916520799192018338/webapp/,AVAILABLE}{jar:file:/home/runner/.m2/repository/org/apache/ozone/hdds-container-service/1.4.0-SNAPSHOT/hdds-container-service-1.4.0-SNAPSHOT.jar!/webapps/hddsDatanode}
2023-09-08 11:20:46,918 [main] INFO  server.AbstractConnector (AbstractConnector.java:doStart(333)) - Started ServerConnector@6998139e{HTTP/1.1, (http/1.1)}{0.0.0.0:15195}
2023-09-08 11:20:46,919 [main] INFO  server.Server (Server.java:doStart(415)) - Started @277701ms
2023-09-08 11:20:46,919 [main] WARN  impl.MetricsSystemImpl (MetricsSystemImpl.java:register(279)) - Sink prometheus already exists!
2023-09-08 11:20:46,919 [main] INFO  http.BaseHttpServer (BaseHttpServer.java:updateConnectorAddress(354)) - HTTP server of hddsDatanode listening at http://0.0.0.0:15195
2023-09-08 11:20:46,920 [main] INFO  ipc.CallQueueManager (CallQueueManager.java:<init>(90)) - Using callQueue: class java.util.concurrent.LinkedBlockingQueue, queueCapacity: 100, scheduler: class org.apache.hadoop.ipc.DefaultRpcScheduler, ipcBackoff: false.
2023-09-08 11:20:46,920 [main] INFO  ipc.Server (Server.java:<init>(1287)) - Listener at 0.0.0.0:15196
2023-09-08 11:20:46,920 [Socket Reader #1 for port 15196] INFO  ipc.Server (Server.java:run(1323)) - Starting Socket Reader #1 for port 15196
2023-09-08 11:20:46,927 [main] INFO  ozone.HddsDatanodeService (HddsDatanodeService.java:start(315)) - Datanode start with admins: [runner]
2023-09-08 11:20:46,927 [main] INFO  ozone.HddsDatanodeClientProtocolServer (HddsDatanodeClientProtocolServer.java:start(72)) - RPC server for Client /0.0.0.0:15196
2023-09-08 11:20:46,928 [IPC Server Responder] INFO  ipc.Server (Server.java:run(1562)) - IPC Server Responder: starting
2023-09-08 11:20:46,928 [IPC Server listener on 15196] INFO  ipc.Server (Server.java:run(1402)) - IPC Server listener on 15196: starting
2023-09-08 11:20:46,932 [main] WARN  impl.MetricRegistriesImpl (MetricRegistriesImpl.java:addReporterRegistration(111)) - New reporters are added after registries were created. Some metrics will be missing from the reporter. Please add reporter before adding any new registry.
2023-09-08 11:20:46,932 [main] WARN  impl.MetricRegistriesImpl (MetricRegistriesImpl.java:addReporterRegistration(111)) - New reporters are added after registries were created. Some metrics will be missing from the reporter. Please add reporter before adding any new registry.
2023-09-08 11:20:46,932 [main] INFO  impl.MetricsSystemImpl (MetricsSystemImpl.java:init(158)) - HddsDatanode metrics system started (again)
2023-09-08 11:20:46,933 [Datanode State Machine Daemon Thread] INFO  statemachine.DatanodeStateMachine (DatanodeStateMachine.java:lambda$startDaemon$0(538)) - Ozone container server started.
2023-09-08 11:20:46,940 [Datanode State Machine Task Thread - 0] INFO  datanode.InitDatanodeState (InitDatanodeState.java:persistContainerDatanodeDetails(138)) - DatanodeDetails is persisted to /home/runner/work/ozone/ozone/hadoop-ozone/integration-test/target/test-dir/MiniOzoneClusterImpl-b855b142-6583-46b6-8838-7b3da9243682/datanode-3/meta/datanode.id
2023-09-08 11:20:46,947 [main] INFO  ozone.HddsDatanodeService (HddsDatanodeService.java:start(237)) - HddsDatanodeService host:fv-az203-160.hq41me5fykbulac445kfrvsskg.dx.internal.cloudapp.net ip:10.1.0.72
2023-09-08 11:20:46,972 [main] INFO  upgrade.AbstractLayoutVersionManager (AbstractLayoutVersionManager.java:init(83)) - Initializing Layout version manager with metadata layout = HADOOP_PRC_PORTS_IN_DATANODEDETAILS (version = 7), software layout = HADOOP_PRC_PORTS_IN_DATANODEDETAILS (version = 7)
2023-09-08 11:20:46,973 [main] INFO  statemachine.DatanodeStateMachine (DatanodeStateMachine.java:getEndPointTaskThreadPoolSize(282)) - Datanode State Machine Task Thread Pool size 2
2023-09-08 11:20:46,974 [main] INFO  volume.HddsVolume (HddsVolume.java:<init>(126)) - Creating HddsVolume: /home/runner/work/ozone/ozone/hadoop-ozone/integration-test/target/test-dir/MiniOzoneClusterImpl-b855b142-6583-46b6-8838-7b3da9243682/datanode-4/data-0/containers/hdds of storage type : DISK capacity : 9223372036854775807
2023-09-08 11:20:46,974 [main] INFO  volume.MutableVolumeSet (MutableVolumeSet.java:initializeVolumeSet(173)) - Added Volume : /home/runner/work/ozone/ozone/hadoop-ozone/integration-test/target/test-dir/MiniOzoneClusterImpl-b855b142-6583-46b6-8838-7b3da9243682/datanode-4/data-0/containers/hdds to VolumeSet
2023-09-08 11:20:46,975 [main] INFO  volume.MutableVolumeSet (MutableVolumeSet.java:initializeVolumeSet(173)) - Added Volume : /home/runner/work/ozone/ozone/hadoop-ozone/integration-test/target/test-dir/MiniOzoneClusterImpl-b855b142-6583-46b6-8838-7b3da9243682/datanode-4/data/ratis to VolumeSet
2023-09-08 11:20:46,975 [Thread-2016] INFO  ozoneimpl.ContainerReader (ContainerReader.java:readVolume(177)) - Finish verifying containers on volume /home/runner/work/ozone/ozone/hadoop-ozone/integration-test/target/test-dir/MiniOzoneClusterImpl-b855b142-6583-46b6-8838-7b3da9243682/datanode-4/data-0/containers/hdds
2023-09-08 11:20:46,975 [main] INFO  ozoneimpl.OzoneContainer (OzoneContainer.java:buildContainerSet(314)) - Build ContainerSet costs 0s
2023-09-08 11:20:46,977 [main] INFO  server.RaftServer (ConfUtils.java:logGet(46)) - raft.rpc.type = GRPC (default)
2023-09-08 11:20:46,977 [main] INFO  grpc.GrpcConfigKeys (ConfUtils.java:logFallback(53)) - raft.grpc.admin.host = null (fallback to raft.grpc.server.host)
2023-09-08 11:20:46,977 [main] INFO  grpc.GrpcConfigKeys (ConfUtils.java:logGet(46)) - raft.grpc.admin.port = 15208 (custom)
2023-09-08 11:20:46,977 [main] INFO  grpc.GrpcConfigKeys (ConfUtils.java:logFallback(53)) - raft.grpc.client.host = null (fallback to raft.grpc.server.host)
2023-09-08 11:20:46,977 [main] INFO  grpc.GrpcConfigKeys (ConfUtils.java:logGet(46)) - raft.grpc.client.port = 15207 (custom)
2023-09-08 11:20:46,978 [main] INFO  grpc.GrpcConfigKeys (ConfUtils.java:logGet(46)) - raft.grpc.server.host = null (default)
2023-09-08 11:20:46,978 [main] INFO  grpc.GrpcConfigKeys (ConfUtils.java:logGet(46)) - raft.grpc.server.port = 15209 (custom)
2023-09-08 11:20:46,978 [main] INFO  server.GrpcService (ConfUtils.java:logGet(46)) - raft.grpc.message.size.max = 32MB (=33554432) (custom)
2023-09-08 11:20:46,978 [main] INFO  server.RaftServerConfigKeys (ConfUtils.java:logGet(46)) - raft.server.log.appender.buffer.byte-limit = 33554432 (custom)
2023-09-08 11:20:46,978 [main] INFO  server.GrpcService (ConfUtils.java:logGet(46)) - raft.grpc.flow.control.window = 5MB (=5242880) (custom)
2023-09-08 11:20:46,978 [main] INFO  server.RaftServerConfigKeys (ConfUtils.java:logGet(46)) - raft.server.rpc.request.timeout = 60s (custom)
2023-09-08 11:20:46,978 [main] INFO  grpc.GrpcConfigKeys (ConfUtils.java:logGet(46)) - raft.grpc.server.heartbeat.channel = true (default)
2023-09-08 11:20:46,978 [main] INFO  grpc.GrpcConfigKeys (ConfUtils.java:logGet(46)) - raft.grpc.server.async.request.thread.pool.cached = true (default)
2023-09-08 11:20:46,979 [main] INFO  grpc.GrpcConfigKeys (ConfUtils.java:logGet(46)) - raft.grpc.server.async.request.thread.pool.size = 32 (default)
2023-09-08 11:20:46,981 [main] INFO  impl.DataStreamServerImpl (ConfUtils.java:logGet(46)) - raft.datastream.type = NETTY (custom)
2023-09-08 11:20:46,982 [main] INFO  server.RaftServerConfigKeys (ConfUtils.java:logGet(46)) - raft.server.data-stream.async.request.thread.pool.cached = false (default)
2023-09-08 11:20:46,982 [main] INFO  server.RaftServerConfigKeys (ConfUtils.java:logGet(46)) - raft.server.data-stream.async.request.thread.pool.size = 20 (custom)
2023-09-08 11:20:46,982 [main] INFO  server.RaftServerConfigKeys (ConfUtils.java:logGet(46)) - raft.server.data-stream.async.write.thread.pool.size = 16 (default)
2023-09-08 11:20:46,982 [main] INFO  server.RaftServerConfigKeys (ConfUtils.java:logGet(46)) - raft.server.data-stream.client.pool.size = 10 (default)
2023-09-08 11:20:46,982 [main] INFO  netty.NettyConfigKeys$DataStream (ConfUtils.java:logGet(46)) - raft.netty.dataStream.server.use-epoll = false (default)
2023-09-08 11:20:46,982 [main] INFO  netty.NettyConfigKeys$DataStream (ConfUtils.java:logGet(46)) - raft.netty.dataStream.server.boss-group.size = 0 (default)
2023-09-08 11:20:46,983 [main] INFO  netty.NettyConfigKeys$DataStream (ConfUtils.java:logGet(46)) - raft.netty.dataStream.server.worker-group.size = 0 (default)
2023-09-08 11:20:46,983 [main] INFO  netty.NettyConfigKeys$DataStream (ConfUtils.java:logGet(46)) - raft.netty.dataStream.server.tls.conf = null (default)
2023-09-08 11:20:46,983 [main] INFO  netty.NettyConfigKeys$DataStream (ConfUtils.java:logGet(46)) - raft.netty.dataStream.host = null (default)
2023-09-08 11:20:46,983 [main] INFO  netty.NettyConfigKeys$DataStream (ConfUtils.java:logGet(46)) - raft.netty.dataStream.port = 15210 (custom)
2023-09-08 11:20:46,983 [main] INFO  server.RaftServerConfigKeys (ConfUtils.java:logGet(46)) - raft.server.threadpool.proxy.cached = true (default)
2023-09-08 11:20:46,984 [main] INFO  server.RaftServerConfigKeys (ConfUtils.java:logGet(46)) - raft.server.threadpool.proxy.size = 0 (default)
2023-09-08 11:20:46,984 [main] INFO  server.RaftServerConfigKeys (ConfUtils.java:logGet(46)) - raft.server.rpc.slowness.timeout = 300s (custom)
2023-09-08 11:20:46,984 [main] INFO  server.RaftServerConfigKeys (ConfUtils.java:logGet(46)) - raft.server.leaderelection.leader.step-down.wait-time = 10s (default)
2023-09-08 11:20:46,984 [main] INFO  server.RaftServerConfigKeys (ConfUtils.java:logGet(46)) - raft.server.storage.dir = [/home/runner/work/ozone/ozone/hadoop-ozone/integration-test/target/test-dir/MiniOzoneClusterImpl-b855b142-6583-46b6-8838-7b3da9243682/datanode-4/data/ratis] (custom)
2023-09-08 11:20:46,984 [c4d580d2-2f88-474d-8696-feb170900697-NettyServerStreamRpc-bossGroup--thread1] INFO  logging.LoggingHandler (AbstractInternalLogger.java:log(148)) - [id: 0x77083f73] REGISTERED
2023-09-08 11:20:46,985 [c4d580d2-2f88-474d-8696-feb170900697-NettyServerStreamRpc-bossGroup--thread1] INFO  logging.LoggingHandler (AbstractInternalLogger.java:log(148)) - [id: 0x77083f73] BIND: 0.0.0.0/0.0.0.0:15210
2023-09-08 11:20:46,985 [c4d580d2-2f88-474d-8696-feb170900697-NettyServerStreamRpc-bossGroup--thread1] INFO  logging.LoggingHandler (AbstractInternalLogger.java:log(148)) - [id: 0x77083f73, L:/0:0:0:0:0:0:0:0:15210] ACTIVE
2023-09-08 11:20:46,985 [c4d580d2-2f88-474d-8696-feb170900697-impl-thread1] INFO  server.RaftServer (RaftServerProxy.java:initGroupDir(258)) - c4d580d2-2f88-474d-8696-feb170900697: found a subdirectory /home/runner/work/ozone/ozone/hadoop-ozone/integration-test/target/test-dir/MiniOzoneClusterImpl-b855b142-6583-46b6-8838-7b3da9243682/datanode-4/data/ratis/tmp
2023-09-08 11:20:46,985 [c4d580d2-2f88-474d-8696-feb170900697-impl-thread1] INFO  server.RaftServer (RaftServerProxy.java:initGroupDir(263)) - c4d580d2-2f88-474d-8696-feb170900697: The directory /home/runner/work/ozone/ozone/hadoop-ozone/integration-test/target/test-dir/MiniOzoneClusterImpl-b855b142-6583-46b6-8838-7b3da9243682/datanode-4/data/ratis/tmp is not a group directory; ignoring it. 
2023-09-08 11:20:46,985 [main] INFO  replication.ReplicationServer (ReplicationServer.java:<init>(81)) - Initializing replication server with thread count = 10
2023-09-08 11:20:46,986 [main] INFO  server.XceiverServerGrpc (XceiverServerGrpc.java:<init>(132)) - GrpcServer channel type EpollServerSocketChannel
2023-09-08 11:20:46,987 [main] INFO  replication.ReplicationSupervisor (ReplicationSupervisor.java:build(155)) - Initializing replication supervisor with thread count = 10
2023-09-08 11:20:46,988 [main] INFO  replication.ReplicationSupervisor (ReplicationSupervisor.java:nodeStateUpdated(307)) - Node state updated to IN_SERVICE, scaling executor pool size to 10
2023-09-08 11:20:46,989 [main] INFO  http.BaseHttpServer (BaseHttpServer.java:newHttpServer2BuilderForOzone(223)) - Starting Web-server for hddsDatanode at: http://0.0.0.0:15204
2023-09-08 11:20:46,989 [main] INFO  http.BaseHttpServer (BaseHttpServer.java:<init>(110)) - Hadoop Security Enabled: false Ozone Security Enabled: false Ozone HTTP Security Enabled: false 
2023-09-08 11:20:46,991 [main] WARN  server.AuthenticationFilter (AuthenticationFilter.java:constructSecretProvider(240)) - Unable to initialize FileSignerSecretProvider, falling back to use random secrets. Reason: Could not read signature secret file: /home/runner/hadoop-http-auth-signature-secret
2023-09-08 11:20:46,991 [main] INFO  http.HttpRequestLog (HttpRequestLog.java:getRequestLog(86)) - Http request log for http.requests.hddsDatanode is not defined
2023-09-08 11:20:46,992 [main] INFO  http.HttpServer2 (HttpServer2.java:addGlobalFilter(1031)) - Added global filter 'safety' (class=org.apache.hadoop.hdds.server.http.HttpServer2$QuotingInputFilter)
2023-09-08 11:20:46,993 [main] INFO  http.HttpServer2 (HttpServer2.java:addFilter(1007)) - Added filter static_user_filter (class=org.apache.hadoop.http.lib.StaticUserWebFilter$StaticUserFilter) to context hddsDatanode
2023-09-08 11:20:46,993 [main] INFO  http.HttpServer2 (HttpServer2.java:addFilter(1015)) - Added filter static_user_filter (class=org.apache.hadoop.http.lib.StaticUserWebFilter$StaticUserFilter) to context static
2023-09-08 11:20:46,993 [main] INFO  http.HttpServer2 (HttpServer2.java:addFilter(1015)) - Added filter static_user_filter (class=org.apache.hadoop.http.lib.StaticUserWebFilter$StaticUserFilter) to context logs
2023-09-08 11:20:46,993 [main] INFO  http.BaseHttpServer (BaseHttpServer.java:<init>(189)) - HTTP server of hddsDatanode uses base directory /home/runner/work/ozone/ozone/hadoop-ozone/integration-test/target/test-dir/MiniOzoneClusterImpl-b855b142-6583-46b6-8838-7b3da9243682/datanode-4/meta/webserver
2023-09-08 11:20:46,994 [main] INFO  http.HttpServer2 (HttpServer2.java:bindListener(1231)) - Jetty bound to port 15204
2023-09-08 11:20:46,994 [main] INFO  server.Server (Server.java:doStart(375)) - jetty-9.4.51.v20230217; built: 2023-02-17T08:19:37.309Z; git: b45c405e4544384de066f814ed42ae3dceacdd49; jvm 1.8.0_382-b05
2023-09-08 11:20:47,005 [main] INFO  server.session (DefaultSessionIdManager.java:doStart(334)) - DefaultSessionIdManager workerName=node0
2023-09-08 11:20:47,005 [main] INFO  server.session (DefaultSessionIdManager.java:doStart(339)) - No SessionScavenger set, using defaults
2023-09-08 11:20:47,006 [main] INFO  server.session (HouseKeeper.java:startScavenging(132)) - node0 Scavenging every 600000ms
2023-09-08 11:20:47,006 [main] INFO  handler.ContextHandler (ContextHandler.java:doStart(921)) - Started o.e.j.s.ServletContextHandler@5987db91{logs,/logs,file:///home/runner/work/ozone/ozone/hadoop-ozone/integration-test/target/log,AVAILABLE}
2023-09-08 11:20:47,007 [main] INFO  handler.ContextHandler (ContextHandler.java:doStart(921)) - Started o.e.j.s.ServletContextHandler@12a25d41{static,/static,jar:file:/home/runner/.m2/repository/org/apache/ozone/hdds-container-service/1.4.0-SNAPSHOT/hdds-container-service-1.4.0-SNAPSHOT.jar!/webapps/static,AVAILABLE}
2023-09-08 11:20:47,260 [main] INFO  handler.ContextHandler (ContextHandler.java:doStart(921)) - Started o.e.j.w.WebAppContext@1931edf4{hddsDatanode,/,file:///home/runner/work/ozone/ozone/hadoop-ozone/integration-test/target/test-dir/MiniOzoneClusterImpl-b855b142-6583-46b6-8838-7b3da9243682/datanode-4/meta/webserver/jetty-0_0_0_0-15204-hdds-container-service-1_4_0-SNAPSHOT_jar-_-any-5862232073998788261/webapp/,AVAILABLE}{jar:file:/home/runner/.m2/repository/org/apache/ozone/hdds-container-service/1.4.0-SNAPSHOT/hdds-container-service-1.4.0-SNAPSHOT.jar!/webapps/hddsDatanode}
2023-09-08 11:20:47,261 [main] INFO  server.AbstractConnector (AbstractConnector.java:doStart(333)) - Started ServerConnector@5c5eaad{HTTP/1.1, (http/1.1)}{0.0.0.0:15204}
2023-09-08 11:20:47,262 [main] INFO  server.Server (Server.java:doStart(415)) - Started @278044ms
2023-09-08 11:20:47,262 [main] WARN  impl.MetricsSystemImpl (MetricsSystemImpl.java:register(279)) - Sink prometheus already exists!
2023-09-08 11:20:47,262 [main] INFO  http.BaseHttpServer (BaseHttpServer.java:updateConnectorAddress(354)) - HTTP server of hddsDatanode listening at http://0.0.0.0:15204
2023-09-08 11:20:47,263 [main] INFO  ipc.CallQueueManager (CallQueueManager.java:<init>(90)) - Using callQueue: class java.util.concurrent.LinkedBlockingQueue, queueCapacity: 100, scheduler: class org.apache.hadoop.ipc.DefaultRpcScheduler, ipcBackoff: false.
2023-09-08 11:20:47,263 [main] INFO  ipc.Server (Server.java:<init>(1287)) - Listener at 0.0.0.0:15205
2023-09-08 11:20:47,264 [Socket Reader #1 for port 15205] INFO  ipc.Server (Server.java:run(1323)) - Starting Socket Reader #1 for port 15205
2023-09-08 11:20:47,268 [main] INFO  ozone.HddsDatanodeService (HddsDatanodeService.java:start(315)) - Datanode start with admins: [runner]
2023-09-08 11:20:47,268 [main] INFO  ozone.HddsDatanodeClientProtocolServer (HddsDatanodeClientProtocolServer.java:start(72)) - RPC server for Client /0.0.0.0:15205
2023-09-08 11:20:47,269 [IPC Server Responder] INFO  ipc.Server (Server.java:run(1562)) - IPC Server Responder: starting
2023-09-08 11:20:47,269 [IPC Server listener on 15205] INFO  ipc.Server (Server.java:run(1402)) - IPC Server listener on 15205: starting
2023-09-08 11:20:47,269 [main] INFO  ozone.MiniOzoneClusterImpl (MiniOzoneClusterImpl.java:lambda$waitForClusterToBeReady$0(224)) - Waiting for nodes to be ready. Got 0 of 5 DN Heartbeats.
2023-09-08 11:20:47,269 [main] INFO  ozone.MiniOzoneClusterImpl (MiniOzoneClusterImpl.java:lambda$waitForClusterToBeReady$0(227)) - Waiting for cluster to exit safe mode
2023-09-08 11:20:47,269 [main] INFO  ozone.MiniOzoneClusterImpl (MiniOzoneClusterImpl.java:lambda$waitForClusterToBeReady$0(229)) - SCM became leader
2023-09-08 11:20:47,273 [Datanode State Machine Daemon Thread] INFO  statemachine.DatanodeStateMachine (DatanodeStateMachine.java:lambda$startDaemon$0(538)) - Ozone container server started.
2023-09-08 11:20:47,278 [Datanode State Machine Task Thread - 0] INFO  datanode.InitDatanodeState (InitDatanodeState.java:persistContainerDatanodeDetails(138)) - DatanodeDetails is persisted to /home/runner/work/ozone/ozone/hadoop-ozone/integration-test/target/test-dir/MiniOzoneClusterImpl-b855b142-6583-46b6-8838-7b3da9243682/datanode-4/meta/datanode.id
2023-09-08 11:20:48,072 [EndpointStateMachine task thread for /0.0.0.0:15161 - 0 ] INFO  utils.DatanodeStoreCache (DatanodeStoreCache.java:addDB(66)) - Added db /home/runner/work/ozone/ozone/hadoop-ozone/integration-test/target/test-dir/MiniOzoneClusterImpl-b855b142-6583-46b6-8838-7b3da9243682/datanode-0/data-0/containers/hdds/b855b142-6583-46b6-8838-7b3da9243682/DS-5517c6ee-8ba8-4baf-8104-bcf3e7333854/container.db to cache
2023-09-08 11:20:48,073 [EndpointStateMachine task thread for /0.0.0.0:15161 - 0 ] INFO  volume.HddsVolume (HddsVolume.java:createDbStore(422)) - SchemaV3 db is created and loaded at /home/runner/work/ozone/ozone/hadoop-ozone/integration-test/target/test-dir/MiniOzoneClusterImpl-b855b142-6583-46b6-8838-7b3da9243682/datanode-0/data-0/containers/hdds/b855b142-6583-46b6-8838-7b3da9243682/DS-5517c6ee-8ba8-4baf-8104-bcf3e7333854/container.db for volume DS-5517c6ee-8ba8-4baf-8104-bcf3e7333854
2023-09-08 11:20:48,073 [EndpointStateMachine task thread for /0.0.0.0:15161 - 0 ] INFO  volume.ThrottledAsyncChecker (ThrottledAsyncChecker.java:schedule(141)) - Scheduling a check for /home/runner/work/ozone/ozone/hadoop-ozone/integration-test/target/test-dir/MiniOzoneClusterImpl-b855b142-6583-46b6-8838-7b3da9243682/datanode-0/data-0/containers/hdds
2023-09-08 11:20:48,076 [EndpointStateMachine task thread for /0.0.0.0:15161 - 0 ] INFO  volume.StorageVolumeChecker (StorageVolumeChecker.java:checkAllVolumes(213)) - Scheduled health check for volume /home/runner/work/ozone/ozone/hadoop-ozone/integration-test/target/test-dir/MiniOzoneClusterImpl-b855b142-6583-46b6-8838-7b3da9243682/datanode-0/data-0/containers/hdds
2023-09-08 11:20:48,079 [EndpointStateMachine task thread for /0.0.0.0:15161 - 0 ] INFO  volume.ThrottledAsyncChecker (ThrottledAsyncChecker.java:schedule(141)) - Scheduling a check for /home/runner/work/ozone/ozone/hadoop-ozone/integration-test/target/test-dir/MiniOzoneClusterImpl-b855b142-6583-46b6-8838-7b3da9243682/datanode-0/data/ratis
2023-09-08 11:20:48,079 [EndpointStateMachine task thread for /0.0.0.0:15161 - 0 ] INFO  volume.StorageVolumeChecker (StorageVolumeChecker.java:checkAllVolumes(213)) - Scheduled health check for volume /home/runner/work/ozone/ozone/hadoop-ozone/integration-test/target/test-dir/MiniOzoneClusterImpl-b855b142-6583-46b6-8838-7b3da9243682/datanode-0/data/ratis
2023-09-08 11:20:48,081 [EndpointStateMachine task thread for /0.0.0.0:15161 - 0 ] INFO  ozoneimpl.OzoneContainer (OzoneContainer.java:start(429)) - Attempting to start container services.
2023-09-08 11:20:48,082 [EndpointStateMachine task thread for /0.0.0.0:15161 - 0 ] INFO  ozoneimpl.OzoneContainer (OzoneContainer.java:startContainerScrub(325)) - Scheduled background container scanners and the on-demand container scanner have been disabled.
2023-09-08 11:20:48,084 [EndpointStateMachine task thread for /0.0.0.0:15161 - 0 ] INFO  replication.ReplicationServer (ReplicationServer.java:start(130)) - ReplicationServer is started using port 15175
2023-09-08 11:20:48,084 [EndpointStateMachine task thread for /0.0.0.0:15161 - 0 ] INFO  ratis.XceiverServerRatis (XceiverServerRatis.java:start(517)) - Starting XceiverServerRatis 8f9fa227-a509-4f05-89e4-89393bf4f6e1
2023-09-08 11:20:48,084 [EndpointStateMachine task thread for /0.0.0.0:15161 - 0 ] INFO  server.RaftServer (RaftServerProxy.java:startImpl(400)) - 8f9fa227-a509-4f05-89e4-89393bf4f6e1: start RPC server
2023-09-08 11:20:48,086 [EndpointStateMachine task thread for /0.0.0.0:15161 - 0 ] INFO  server.GrpcService (GrpcService.java:startImpl(302)) - 8f9fa227-a509-4f05-89e4-89393bf4f6e1: GrpcService started, listening on 15171
2023-09-08 11:20:48,087 [EndpointStateMachine task thread for /0.0.0.0:15161 - 0 ] INFO  server.GrpcService (GrpcService.java:startImpl(302)) - 8f9fa227-a509-4f05-89e4-89393bf4f6e1: GrpcService started, listening on 15173
2023-09-08 11:20:48,089 [EndpointStateMachine task thread for /0.0.0.0:15161 - 0 ] INFO  server.GrpcService (GrpcService.java:startImpl(302)) - 8f9fa227-a509-4f05-89e4-89393bf4f6e1: GrpcService started, listening on 15172
2023-09-08 11:20:48,089 [EndpointStateMachine task thread for /0.0.0.0:15161 - 0 ] INFO  ratis.XceiverServerRatis (XceiverServerRatis.java:getRealPort(543)) - XceiverServerRatis 8f9fa227-a509-4f05-89e4-89393bf4f6e1 is started using port 15171 for RATIS
2023-09-08 11:20:48,089 [EndpointStateMachine task thread for /0.0.0.0:15161 - 0 ] INFO  ratis.XceiverServerRatis (XceiverServerRatis.java:getRealPort(543)) - XceiverServerRatis 8f9fa227-a509-4f05-89e4-89393bf4f6e1 is started using port 15172 for RATIS_ADMIN
2023-09-08 11:20:48,089 [JvmPauseMonitor23] INFO  util.JvmPauseMonitor (JvmPauseMonitor.java:run(103)) - JvmPauseMonitor-8f9fa227-a509-4f05-89e4-89393bf4f6e1: Started
2023-09-08 11:20:48,089 [EndpointStateMachine task thread for /0.0.0.0:15161 - 0 ] INFO  ratis.XceiverServerRatis (XceiverServerRatis.java:getRealPort(543)) - XceiverServerRatis 8f9fa227-a509-4f05-89e4-89393bf4f6e1 is started using port 15173 for RATIS_SERVER
2023-09-08 11:20:48,091 [EndpointStateMachine task thread for /0.0.0.0:15161 - 0 ] INFO  ratis.XceiverServerRatis (XceiverServerRatis.java:getRealPort(543)) - XceiverServerRatis 8f9fa227-a509-4f05-89e4-89393bf4f6e1 is started using port 15174 for RATIS_DATASTREAM
2023-09-08 11:20:48,093 [BlockDeletingService#0] INFO  interfaces.ContainerDeletionChoosingPolicyTemplate (ContainerDeletionChoosingPolicyTemplate.java:chooseContainerForBlockDeletion(85)) - Chosen 0/5000 blocks from 0 candidate containers.
2023-09-08 11:20:48,270 [main] INFO  ozone.MiniOzoneClusterImpl (MiniOzoneClusterImpl.java:lambda$waitForClusterToBeReady$0(224)) - Waiting for nodes to be ready. Got 0 of 5 DN Heartbeats.
2023-09-08 11:20:48,270 [main] INFO  ozone.MiniOzoneClusterImpl (MiniOzoneClusterImpl.java:lambda$waitForClusterToBeReady$0(227)) - Waiting for cluster to exit safe mode
2023-09-08 11:20:48,270 [main] INFO  ozone.MiniOzoneClusterImpl (MiniOzoneClusterImpl.java:lambda$waitForClusterToBeReady$0(229)) - SCM became leader
2023-09-08 11:20:48,363 [EndpointStateMachine task thread for /0.0.0.0:15161 - 0 ] INFO  utils.DatanodeStoreCache (DatanodeStoreCache.java:addDB(66)) - Added db /home/runner/work/ozone/ozone/hadoop-ozone/integration-test/target/test-dir/MiniOzoneClusterImpl-b855b142-6583-46b6-8838-7b3da9243682/datanode-1/data-0/containers/hdds/b855b142-6583-46b6-8838-7b3da9243682/DS-a1bbf736-d7d5-4450-808a-54f19753b874/container.db to cache
2023-09-08 11:20:48,364 [EndpointStateMachine task thread for /0.0.0.0:15161 - 0 ] INFO  volume.HddsVolume (HddsVolume.java:createDbStore(422)) - SchemaV3 db is created and loaded at /home/runner/work/ozone/ozone/hadoop-ozone/integration-test/target/test-dir/MiniOzoneClusterImpl-b855b142-6583-46b6-8838-7b3da9243682/datanode-1/data-0/containers/hdds/b855b142-6583-46b6-8838-7b3da9243682/DS-a1bbf736-d7d5-4450-808a-54f19753b874/container.db for volume DS-a1bbf736-d7d5-4450-808a-54f19753b874
2023-09-08 11:20:48,367 [EndpointStateMachine task thread for /0.0.0.0:15161 - 0 ] INFO  volume.ThrottledAsyncChecker (ThrottledAsyncChecker.java:schedule(141)) - Scheduling a check for /home/runner/work/ozone/ozone/hadoop-ozone/integration-test/target/test-dir/MiniOzoneClusterImpl-b855b142-6583-46b6-8838-7b3da9243682/datanode-1/data-0/containers/hdds
2023-09-08 11:20:48,369 [EndpointStateMachine task thread for /0.0.0.0:15161 - 0 ] INFO  volume.StorageVolumeChecker (StorageVolumeChecker.java:checkAllVolumes(213)) - Scheduled health check for volume /home/runner/work/ozone/ozone/hadoop-ozone/integration-test/target/test-dir/MiniOzoneClusterImpl-b855b142-6583-46b6-8838-7b3da9243682/datanode-1/data-0/containers/hdds
2023-09-08 11:20:48,371 [EndpointStateMachine task thread for /0.0.0.0:15161 - 0 ] INFO  volume.ThrottledAsyncChecker (ThrottledAsyncChecker.java:schedule(141)) - Scheduling a check for /home/runner/work/ozone/ozone/hadoop-ozone/integration-test/target/test-dir/MiniOzoneClusterImpl-b855b142-6583-46b6-8838-7b3da9243682/datanode-1/data/ratis
2023-09-08 11:20:48,372 [EndpointStateMachine task thread for /0.0.0.0:15161 - 0 ] INFO  volume.StorageVolumeChecker (StorageVolumeChecker.java:checkAllVolumes(213)) - Scheduled health check for volume /home/runner/work/ozone/ozone/hadoop-ozone/integration-test/target/test-dir/MiniOzoneClusterImpl-b855b142-6583-46b6-8838-7b3da9243682/datanode-1/data/ratis
2023-09-08 11:20:48,373 [EndpointStateMachine task thread for /0.0.0.0:15161 - 0 ] INFO  ozoneimpl.OzoneContainer (OzoneContainer.java:start(429)) - Attempting to start container services.
2023-09-08 11:20:48,373 [EndpointStateMachine task thread for /0.0.0.0:15161 - 0 ] INFO  ozoneimpl.OzoneContainer (OzoneContainer.java:startContainerScrub(325)) - Scheduled background container scanners and the on-demand container scanner have been disabled.
2023-09-08 11:20:48,376 [EndpointStateMachine task thread for /0.0.0.0:15161 - 0 ] INFO  replication.ReplicationServer (ReplicationServer.java:start(130)) - ReplicationServer is started using port 15184
2023-09-08 11:20:48,376 [EndpointStateMachine task thread for /0.0.0.0:15161 - 0 ] INFO  ratis.XceiverServerRatis (XceiverServerRatis.java:start(517)) - Starting XceiverServerRatis 95dc1813-fd59-4f21-8387-058ccbf2ac19
2023-09-08 11:20:48,378 [EndpointStateMachine task thread for /0.0.0.0:15161 - 0 ] INFO  server.RaftServer (RaftServerProxy.java:startImpl(400)) - 95dc1813-fd59-4f21-8387-058ccbf2ac19: start RPC server
2023-09-08 11:20:48,379 [EndpointStateMachine task thread for /0.0.0.0:15161 - 0 ] INFO  server.GrpcService (GrpcService.java:startImpl(302)) - 95dc1813-fd59-4f21-8387-058ccbf2ac19: GrpcService started, listening on 15180
2023-09-08 11:20:48,380 [EndpointStateMachine task thread for /0.0.0.0:15161 - 0 ] INFO  server.GrpcService (GrpcService.java:startImpl(302)) - 95dc1813-fd59-4f21-8387-058ccbf2ac19: GrpcService started, listening on 15182
2023-09-08 11:20:48,382 [EndpointStateMachine task thread for /0.0.0.0:15161 - 0 ] INFO  server.GrpcService (GrpcService.java:startImpl(302)) - 95dc1813-fd59-4f21-8387-058ccbf2ac19: GrpcService started, listening on 15181
2023-09-08 11:20:48,382 [EndpointStateMachine task thread for /0.0.0.0:15161 - 0 ] INFO  ratis.XceiverServerRatis (XceiverServerRatis.java:getRealPort(543)) - XceiverServerRatis 95dc1813-fd59-4f21-8387-058ccbf2ac19 is started using port 15180 for RATIS
2023-09-08 11:20:48,382 [EndpointStateMachine task thread for /0.0.0.0:15161 - 0 ] INFO  ratis.XceiverServerRatis (XceiverServerRatis.java:getRealPort(543)) - XceiverServerRatis 95dc1813-fd59-4f21-8387-058ccbf2ac19 is started using port 15181 for RATIS_ADMIN
2023-09-08 11:20:48,382 [JvmPauseMonitor24] INFO  util.JvmPauseMonitor (JvmPauseMonitor.java:run(103)) - JvmPauseMonitor-95dc1813-fd59-4f21-8387-058ccbf2ac19: Started
2023-09-08 11:20:48,382 [EndpointStateMachine task thread for /0.0.0.0:15161 - 0 ] INFO  ratis.XceiverServerRatis (XceiverServerRatis.java:getRealPort(543)) - XceiverServerRatis 95dc1813-fd59-4f21-8387-058ccbf2ac19 is started using port 15182 for RATIS_SERVER
2023-09-08 11:20:48,382 [EndpointStateMachine task thread for /0.0.0.0:15161 - 0 ] INFO  ratis.XceiverServerRatis (XceiverServerRatis.java:getRealPort(543)) - XceiverServerRatis 95dc1813-fd59-4f21-8387-058ccbf2ac19 is started using port 15183 for RATIS_DATASTREAM
2023-09-08 11:20:48,385 [BlockDeletingService#0] INFO  interfaces.ContainerDeletionChoosingPolicyTemplate (ContainerDeletionChoosingPolicyTemplate.java:chooseContainerForBlockDeletion(85)) - Chosen 0/5000 blocks from 0 candidate containers.
2023-09-08 11:20:48,685 [EndpointStateMachine task thread for /0.0.0.0:15161 - 0 ] INFO  utils.DatanodeStoreCache (DatanodeStoreCache.java:addDB(66)) - Added db /home/runner/work/ozone/ozone/hadoop-ozone/integration-test/target/test-dir/MiniOzoneClusterImpl-b855b142-6583-46b6-8838-7b3da9243682/datanode-2/data-0/containers/hdds/b855b142-6583-46b6-8838-7b3da9243682/DS-2e1b0490-6265-4128-888e-6967e7f4284e/container.db to cache
2023-09-08 11:20:48,685 [EndpointStateMachine task thread for /0.0.0.0:15161 - 0 ] INFO  volume.HddsVolume (HddsVolume.java:createDbStore(422)) - SchemaV3 db is created and loaded at /home/runner/work/ozone/ozone/hadoop-ozone/integration-test/target/test-dir/MiniOzoneClusterImpl-b855b142-6583-46b6-8838-7b3da9243682/datanode-2/data-0/containers/hdds/b855b142-6583-46b6-8838-7b3da9243682/DS-2e1b0490-6265-4128-888e-6967e7f4284e/container.db for volume DS-2e1b0490-6265-4128-888e-6967e7f4284e
2023-09-08 11:20:48,686 [EndpointStateMachine task thread for /0.0.0.0:15161 - 0 ] INFO  volume.ThrottledAsyncChecker (ThrottledAsyncChecker.java:schedule(141)) - Scheduling a check for /home/runner/work/ozone/ozone/hadoop-ozone/integration-test/target/test-dir/MiniOzoneClusterImpl-b855b142-6583-46b6-8838-7b3da9243682/datanode-2/data-0/containers/hdds
2023-09-08 11:20:48,686 [EndpointStateMachine task thread for /0.0.0.0:15161 - 0 ] INFO  volume.StorageVolumeChecker (StorageVolumeChecker.java:checkAllVolumes(213)) - Scheduled health check for volume /home/runner/work/ozone/ozone/hadoop-ozone/integration-test/target/test-dir/MiniOzoneClusterImpl-b855b142-6583-46b6-8838-7b3da9243682/datanode-2/data-0/containers/hdds
2023-09-08 11:20:48,689 [EndpointStateMachine task thread for /0.0.0.0:15161 - 0 ] INFO  volume.ThrottledAsyncChecker (ThrottledAsyncChecker.java:schedule(141)) - Scheduling a check for /home/runner/work/ozone/ozone/hadoop-ozone/integration-test/target/test-dir/MiniOzoneClusterImpl-b855b142-6583-46b6-8838-7b3da9243682/datanode-2/data/ratis
2023-09-08 11:20:48,689 [EndpointStateMachine task thread for /0.0.0.0:15161 - 0 ] INFO  volume.StorageVolumeChecker (StorageVolumeChecker.java:checkAllVolumes(213)) - Scheduled health check for volume /home/runner/work/ozone/ozone/hadoop-ozone/integration-test/target/test-dir/MiniOzoneClusterImpl-b855b142-6583-46b6-8838-7b3da9243682/datanode-2/data/ratis
2023-09-08 11:20:48,691 [EndpointStateMachine task thread for /0.0.0.0:15161 - 0 ] INFO  ozoneimpl.OzoneContainer (OzoneContainer.java:start(429)) - Attempting to start container services.
2023-09-08 11:20:48,691 [EndpointStateMachine task thread for /0.0.0.0:15161 - 0 ] INFO  ozoneimpl.OzoneContainer (OzoneContainer.java:startContainerScrub(325)) - Scheduled background container scanners and the on-demand container scanner have been disabled.
2023-09-08 11:20:48,692 [EndpointStateMachine task thread for /0.0.0.0:15161 - 0 ] INFO  replication.ReplicationServer (ReplicationServer.java:start(130)) - ReplicationServer is started using port 15193
2023-09-08 11:20:48,692 [EndpointStateMachine task thread for /0.0.0.0:15161 - 0 ] INFO  ratis.XceiverServerRatis (XceiverServerRatis.java:start(517)) - Starting XceiverServerRatis 7a683abd-c78e-4222-b82d-306c946a3e7e
2023-09-08 11:20:48,694 [EndpointStateMachine task thread for /0.0.0.0:15161 - 0 ] INFO  server.RaftServer (RaftServerProxy.java:startImpl(400)) - 7a683abd-c78e-4222-b82d-306c946a3e7e: start RPC server
2023-09-08 11:20:48,695 [EndpointStateMachine task thread for /0.0.0.0:15161 - 0 ] INFO  server.GrpcService (GrpcService.java:startImpl(302)) - 7a683abd-c78e-4222-b82d-306c946a3e7e: GrpcService started, listening on 15189
2023-09-08 11:20:48,698 [EndpointStateMachine task thread for /0.0.0.0:15161 - 0 ] INFO  server.GrpcService (GrpcService.java:startImpl(302)) - 7a683abd-c78e-4222-b82d-306c946a3e7e: GrpcService started, listening on 15191
2023-09-08 11:20:48,699 [EndpointStateMachine task thread for /0.0.0.0:15161 - 0 ] INFO  server.GrpcService (GrpcService.java:startImpl(302)) - 7a683abd-c78e-4222-b82d-306c946a3e7e: GrpcService started, listening on 15190
2023-09-08 11:20:48,700 [EndpointStateMachine task thread for /0.0.0.0:15161 - 0 ] INFO  ratis.XceiverServerRatis (XceiverServerRatis.java:getRealPort(543)) - XceiverServerRatis 7a683abd-c78e-4222-b82d-306c946a3e7e is started using port 15189 for RATIS
2023-09-08 11:20:48,700 [EndpointStateMachine task thread for /0.0.0.0:15161 - 0 ] INFO  ratis.XceiverServerRatis (XceiverServerRatis.java:getRealPort(543)) - XceiverServerRatis 7a683abd-c78e-4222-b82d-306c946a3e7e is started using port 15190 for RATIS_ADMIN
2023-09-08 11:20:48,700 [JvmPauseMonitor25] INFO  util.JvmPauseMonitor (JvmPauseMonitor.java:run(103)) - JvmPauseMonitor-7a683abd-c78e-4222-b82d-306c946a3e7e: Started
2023-09-08 11:20:48,700 [EndpointStateMachine task thread for /0.0.0.0:15161 - 0 ] INFO  ratis.XceiverServerRatis (XceiverServerRatis.java:getRealPort(543)) - XceiverServerRatis 7a683abd-c78e-4222-b82d-306c946a3e7e is started using port 15191 for RATIS_SERVER
2023-09-08 11:20:48,700 [EndpointStateMachine task thread for /0.0.0.0:15161 - 0 ] INFO  ratis.XceiverServerRatis (XceiverServerRatis.java:getRealPort(543)) - XceiverServerRatis 7a683abd-c78e-4222-b82d-306c946a3e7e is started using port 15192 for RATIS_DATASTREAM
2023-09-08 11:20:48,702 [BlockDeletingService#0] INFO  interfaces.ContainerDeletionChoosingPolicyTemplate (ContainerDeletionChoosingPolicyTemplate.java:chooseContainerForBlockDeletion(85)) - Chosen 0/5000 blocks from 0 candidate containers.
2023-09-08 11:20:48,973 [EndpointStateMachine task thread for /0.0.0.0:15161 - 0 ] INFO  utils.DatanodeStoreCache (DatanodeStoreCache.java:addDB(66)) - Added db /home/runner/work/ozone/ozone/hadoop-ozone/integration-test/target/test-dir/MiniOzoneClusterImpl-b855b142-6583-46b6-8838-7b3da9243682/datanode-3/data-0/containers/hdds/b855b142-6583-46b6-8838-7b3da9243682/DS-ff26eea4-95c8-4c1f-9f26-bc5cdceb580b/container.db to cache
2023-09-08 11:20:48,974 [EndpointStateMachine task thread for /0.0.0.0:15161 - 0 ] INFO  volume.HddsVolume (HddsVolume.java:createDbStore(422)) - SchemaV3 db is created and loaded at /home/runner/work/ozone/ozone/hadoop-ozone/integration-test/target/test-dir/MiniOzoneClusterImpl-b855b142-6583-46b6-8838-7b3da9243682/datanode-3/data-0/containers/hdds/b855b142-6583-46b6-8838-7b3da9243682/DS-ff26eea4-95c8-4c1f-9f26-bc5cdceb580b/container.db for volume DS-ff26eea4-95c8-4c1f-9f26-bc5cdceb580b
2023-09-08 11:20:48,974 [EndpointStateMachine task thread for /0.0.0.0:15161 - 0 ] INFO  volume.ThrottledAsyncChecker (ThrottledAsyncChecker.java:schedule(141)) - Scheduling a check for /home/runner/work/ozone/ozone/hadoop-ozone/integration-test/target/test-dir/MiniOzoneClusterImpl-b855b142-6583-46b6-8838-7b3da9243682/datanode-3/data-0/containers/hdds
2023-09-08 11:20:48,979 [EndpointStateMachine task thread for /0.0.0.0:15161 - 0 ] INFO  volume.StorageVolumeChecker (StorageVolumeChecker.java:checkAllVolumes(213)) - Scheduled health check for volume /home/runner/work/ozone/ozone/hadoop-ozone/integration-test/target/test-dir/MiniOzoneClusterImpl-b855b142-6583-46b6-8838-7b3da9243682/datanode-3/data-0/containers/hdds
2023-09-08 11:20:48,983 [EndpointStateMachine task thread for /0.0.0.0:15161 - 0 ] INFO  volume.ThrottledAsyncChecker (ThrottledAsyncChecker.java:schedule(141)) - Scheduling a check for /home/runner/work/ozone/ozone/hadoop-ozone/integration-test/target/test-dir/MiniOzoneClusterImpl-b855b142-6583-46b6-8838-7b3da9243682/datanode-3/data/ratis
2023-09-08 11:20:48,983 [EndpointStateMachine task thread for /0.0.0.0:15161 - 0 ] INFO  volume.StorageVolumeChecker (StorageVolumeChecker.java:checkAllVolumes(213)) - Scheduled health check for volume /home/runner/work/ozone/ozone/hadoop-ozone/integration-test/target/test-dir/MiniOzoneClusterImpl-b855b142-6583-46b6-8838-7b3da9243682/datanode-3/data/ratis
2023-09-08 11:20:48,984 [EndpointStateMachine task thread for /0.0.0.0:15161 - 0 ] INFO  ozoneimpl.OzoneContainer (OzoneContainer.java:start(429)) - Attempting to start container services.
2023-09-08 11:20:48,984 [EndpointStateMachine task thread for /0.0.0.0:15161 - 0 ] INFO  ozoneimpl.OzoneContainer (OzoneContainer.java:startContainerScrub(325)) - Scheduled background container scanners and the on-demand container scanner have been disabled.
2023-09-08 11:20:48,986 [EndpointStateMachine task thread for /0.0.0.0:15161 - 0 ] INFO  replication.ReplicationServer (ReplicationServer.java:start(130)) - ReplicationServer is started using port 15202
2023-09-08 11:20:48,987 [EndpointStateMachine task thread for /0.0.0.0:15161 - 0 ] INFO  ratis.XceiverServerRatis (XceiverServerRatis.java:start(517)) - Starting XceiverServerRatis 8abc5b5b-9557-42e0-ad65-3a4f82792924
2023-09-08 11:20:48,987 [EndpointStateMachine task thread for /0.0.0.0:15161 - 0 ] INFO  server.RaftServer (RaftServerProxy.java:startImpl(400)) - 8abc5b5b-9557-42e0-ad65-3a4f82792924: start RPC server
2023-09-08 11:20:48,989 [EndpointStateMachine task thread for /0.0.0.0:15161 - 0 ] INFO  server.GrpcService (GrpcService.java:startImpl(302)) - 8abc5b5b-9557-42e0-ad65-3a4f82792924: GrpcService started, listening on 15198
2023-09-08 11:20:48,990 [EndpointStateMachine task thread for /0.0.0.0:15161 - 0 ] INFO  server.GrpcService (GrpcService.java:startImpl(302)) - 8abc5b5b-9557-42e0-ad65-3a4f82792924: GrpcService started, listening on 15200
2023-09-08 11:20:48,992 [EndpointStateMachine task thread for /0.0.0.0:15161 - 0 ] INFO  server.GrpcService (GrpcService.java:startImpl(302)) - 8abc5b5b-9557-42e0-ad65-3a4f82792924: GrpcService started, listening on 15199
2023-09-08 11:20:48,992 [EndpointStateMachine task thread for /0.0.0.0:15161 - 0 ] INFO  ratis.XceiverServerRatis (XceiverServerRatis.java:getRealPort(543)) - XceiverServerRatis 8abc5b5b-9557-42e0-ad65-3a4f82792924 is started using port 15198 for RATIS
2023-09-08 11:20:48,993 [JvmPauseMonitor26] INFO  util.JvmPauseMonitor (JvmPauseMonitor.java:run(103)) - JvmPauseMonitor-8abc5b5b-9557-42e0-ad65-3a4f82792924: Started
2023-09-08 11:20:48,993 [EndpointStateMachine task thread for /0.0.0.0:15161 - 0 ] INFO  ratis.XceiverServerRatis (XceiverServerRatis.java:getRealPort(543)) - XceiverServerRatis 8abc5b5b-9557-42e0-ad65-3a4f82792924 is started using port 15199 for RATIS_ADMIN
2023-09-08 11:20:48,993 [EndpointStateMachine task thread for /0.0.0.0:15161 - 0 ] INFO  ratis.XceiverServerRatis (XceiverServerRatis.java:getRealPort(543)) - XceiverServerRatis 8abc5b5b-9557-42e0-ad65-3a4f82792924 is started using port 15200 for RATIS_SERVER
2023-09-08 11:20:48,993 [EndpointStateMachine task thread for /0.0.0.0:15161 - 0 ] INFO  ratis.XceiverServerRatis (XceiverServerRatis.java:getRealPort(543)) - XceiverServerRatis 8abc5b5b-9557-42e0-ad65-3a4f82792924 is started using port 15201 for RATIS_DATASTREAM
2023-09-08 11:20:48,996 [BlockDeletingService#0] INFO  interfaces.ContainerDeletionChoosingPolicyTemplate (ContainerDeletionChoosingPolicyTemplate.java:chooseContainerForBlockDeletion(85)) - Chosen 0/5000 blocks from 0 candidate containers.
2023-09-08 11:20:49,270 [main] INFO  ozone.MiniOzoneClusterImpl (MiniOzoneClusterImpl.java:lambda$waitForClusterToBeReady$0(224)) - Waiting for nodes to be ready. Got 0 of 5 DN Heartbeats.
2023-09-08 11:20:49,270 [main] INFO  ozone.MiniOzoneClusterImpl (MiniOzoneClusterImpl.java:lambda$waitForClusterToBeReady$0(227)) - Waiting for cluster to exit safe mode
2023-09-08 11:20:49,271 [main] INFO  ozone.MiniOzoneClusterImpl (MiniOzoneClusterImpl.java:lambda$waitForClusterToBeReady$0(229)) - SCM became leader
2023-09-08 11:20:49,319 [EndpointStateMachine task thread for /0.0.0.0:15161 - 0 ] INFO  utils.DatanodeStoreCache (DatanodeStoreCache.java:addDB(66)) - Added db /home/runner/work/ozone/ozone/hadoop-ozone/integration-test/target/test-dir/MiniOzoneClusterImpl-b855b142-6583-46b6-8838-7b3da9243682/datanode-4/data-0/containers/hdds/b855b142-6583-46b6-8838-7b3da9243682/DS-a15b1e47-e504-42ce-8ccf-573e4a7478ab/container.db to cache
2023-09-08 11:20:49,320 [EndpointStateMachine task thread for /0.0.0.0:15161 - 0 ] INFO  volume.HddsVolume (HddsVolume.java:createDbStore(422)) - SchemaV3 db is created and loaded at /home/runner/work/ozone/ozone/hadoop-ozone/integration-test/target/test-dir/MiniOzoneClusterImpl-b855b142-6583-46b6-8838-7b3da9243682/datanode-4/data-0/containers/hdds/b855b142-6583-46b6-8838-7b3da9243682/DS-a15b1e47-e504-42ce-8ccf-573e4a7478ab/container.db for volume DS-a15b1e47-e504-42ce-8ccf-573e4a7478ab
2023-09-08 11:20:49,320 [EndpointStateMachine task thread for /0.0.0.0:15161 - 0 ] INFO  volume.ThrottledAsyncChecker (ThrottledAsyncChecker.java:schedule(141)) - Scheduling a check for /home/runner/work/ozone/ozone/hadoop-ozone/integration-test/target/test-dir/MiniOzoneClusterImpl-b855b142-6583-46b6-8838-7b3da9243682/datanode-4/data-0/containers/hdds
2023-09-08 11:20:49,321 [EndpointStateMachine task thread for /0.0.0.0:15161 - 0 ] INFO  volume.StorageVolumeChecker (StorageVolumeChecker.java:checkAllVolumes(213)) - Scheduled health check for volume /home/runner/work/ozone/ozone/hadoop-ozone/integration-test/target/test-dir/MiniOzoneClusterImpl-b855b142-6583-46b6-8838-7b3da9243682/datanode-4/data-0/containers/hdds
2023-09-08 11:20:49,326 [EndpointStateMachine task thread for /0.0.0.0:15161 - 0 ] INFO  volume.ThrottledAsyncChecker (ThrottledAsyncChecker.java:schedule(141)) - Scheduling a check for /home/runner/work/ozone/ozone/hadoop-ozone/integration-test/target/test-dir/MiniOzoneClusterImpl-b855b142-6583-46b6-8838-7b3da9243682/datanode-4/data/ratis
2023-09-08 11:20:49,326 [EndpointStateMachine task thread for /0.0.0.0:15161 - 0 ] INFO  volume.StorageVolumeChecker (StorageVolumeChecker.java:checkAllVolumes(213)) - Scheduled health check for volume /home/runner/work/ozone/ozone/hadoop-ozone/integration-test/target/test-dir/MiniOzoneClusterImpl-b855b142-6583-46b6-8838-7b3da9243682/datanode-4/data/ratis
2023-09-08 11:20:49,327 [EndpointStateMachine task thread for /0.0.0.0:15161 - 0 ] INFO  ozoneimpl.OzoneContainer (OzoneContainer.java:start(429)) - Attempting to start container services.
2023-09-08 11:20:49,327 [EndpointStateMachine task thread for /0.0.0.0:15161 - 0 ] INFO  ozoneimpl.OzoneContainer (OzoneContainer.java:startContainerScrub(325)) - Scheduled background container scanners and the on-demand container scanner have been disabled.
2023-09-08 11:20:49,330 [EndpointStateMachine task thread for /0.0.0.0:15161 - 0 ] INFO  replication.ReplicationServer (ReplicationServer.java:start(130)) - ReplicationServer is started using port 15211
2023-09-08 11:20:49,330 [EndpointStateMachine task thread for /0.0.0.0:15161 - 0 ] INFO  ratis.XceiverServerRatis (XceiverServerRatis.java:start(517)) - Starting XceiverServerRatis c4d580d2-2f88-474d-8696-feb170900697
2023-09-08 11:20:49,331 [EndpointStateMachine task thread for /0.0.0.0:15161 - 0 ] INFO  server.RaftServer (RaftServerProxy.java:startImpl(400)) - c4d580d2-2f88-474d-8696-feb170900697: start RPC server
2023-09-08 11:20:49,332 [EndpointStateMachine task thread for /0.0.0.0:15161 - 0 ] INFO  server.GrpcService (GrpcService.java:startImpl(302)) - c4d580d2-2f88-474d-8696-feb170900697: GrpcService started, listening on 15207
2023-09-08 11:20:49,334 [EndpointStateMachine task thread for /0.0.0.0:15161 - 0 ] INFO  server.GrpcService (GrpcService.java:startImpl(302)) - c4d580d2-2f88-474d-8696-feb170900697: GrpcService started, listening on 15209
2023-09-08 11:20:49,335 [EndpointStateMachine task thread for /0.0.0.0:15161 - 0 ] INFO  server.GrpcService (GrpcService.java:startImpl(302)) - c4d580d2-2f88-474d-8696-feb170900697: GrpcService started, listening on 15208
2023-09-08 11:20:49,335 [EndpointStateMachine task thread for /0.0.0.0:15161 - 0 ] INFO  ratis.XceiverServerRatis (XceiverServerRatis.java:getRealPort(543)) - XceiverServerRatis c4d580d2-2f88-474d-8696-feb170900697 is started using port 15207 for RATIS
2023-09-08 11:20:49,335 [EndpointStateMachine task thread for /0.0.0.0:15161 - 0 ] INFO  ratis.XceiverServerRatis (XceiverServerRatis.java:getRealPort(543)) - XceiverServerRatis c4d580d2-2f88-474d-8696-feb170900697 is started using port 15208 for RATIS_ADMIN
2023-09-08 11:20:49,335 [EndpointStateMachine task thread for /0.0.0.0:15161 - 0 ] INFO  ratis.XceiverServerRatis (XceiverServerRatis.java:getRealPort(543)) - XceiverServerRatis c4d580d2-2f88-474d-8696-feb170900697 is started using port 15209 for RATIS_SERVER
2023-09-08 11:20:49,335 [EndpointStateMachine task thread for /0.0.0.0:15161 - 0 ] INFO  ratis.XceiverServerRatis (XceiverServerRatis.java:getRealPort(543)) - XceiverServerRatis c4d580d2-2f88-474d-8696-feb170900697 is started using port 15210 for RATIS_DATASTREAM
2023-09-08 11:20:49,336 [JvmPauseMonitor27] INFO  util.JvmPauseMonitor (JvmPauseMonitor.java:run(103)) - JvmPauseMonitor-c4d580d2-2f88-474d-8696-feb170900697: Started
2023-09-08 11:20:49,341 [BlockDeletingService#0] INFO  interfaces.ContainerDeletionChoosingPolicyTemplate (ContainerDeletionChoosingPolicyTemplate.java:chooseContainerForBlockDeletion(85)) - Chosen 0/5000 blocks from 0 candidate containers.
2023-09-08 11:20:50,008 [IPC Server handler 3 on default port 15161] INFO  net.NetworkTopologyImpl (NetworkTopologyImpl.java:add(112)) - Added a new node: /default-rack/8f9fa227-a509-4f05-89e4-89393bf4f6e1
2023-09-08 11:20:50,008 [IPC Server handler 3 on default port 15161] INFO  node.SCMNodeManager (SCMNodeManager.java:register(405)) - Registered Data node : 8f9fa227-a509-4f05-89e4-89393bf4f6e1{ip: 10.1.0.72, host: fv-az203-160.hq41me5fykbulac445kfrvsskg.dx.internal.cloudapp.net, ports: [HTTP=15168, CLIENT_RPC=15169, REPLICATION=15175, RATIS=15171, RATIS_ADMIN=15172, RATIS_SERVER=15173, RATIS_DATASTREAM=15174, STANDALONE=15170], networkLocation: /default-rack, certSerialId: null, persistedOpState: null, persistedOpStateExpiryEpochSec: 0}
2023-09-08 11:20:50,012 [EventQueue-NodeRegistrationContainerReportForContainerSafeModeRule] INFO  safemode.SCMSafeModeManager (SCMSafeModeManager.java:validateSafeModeExitRules(200)) - ContainerSafeModeRule rule is successfully validated
2023-09-08 11:20:50,012 [EventQueue-NodeRegistrationContainerReportForDataNodeSafeModeRule] INFO  safemode.SCMSafeModeManager (DataNodeSafeModeRule.java:process(71)) - SCM in safe mode. 1 DataNodes registered, 3 required.
2023-09-08 11:20:50,015 [EventQueue-PipelineReportForOneReplicaPipelineSafeModeRule] INFO  safemode.SCMSafeModeManager (SCMSafeModeManager.java:validateSafeModeExitRules(200)) - AtleastOneDatanodeReportedRule rule is successfully validated
2023-09-08 11:20:50,016 [EventQueue-NewNodeForNewNodeHandler] INFO  pipeline.BackgroundPipelineCreator (BackgroundPipelineCreator.java:notifyEventTriggered(277)) - trigger a one-shot run on RatisPipelineUtilsThread.
2023-09-08 11:20:50,016 [RatisPipelineUtilsThread - 0] INFO  pipeline.RatisPipelineProvider (RatisPipelineProvider.java:lambda$create$0(206)) - Sending CreatePipelineCommand for pipeline:PipelineID=ba937ebe-09ff-41c9-bc01-d2830ee719d7 to datanode:8f9fa227-a509-4f05-89e4-89393bf4f6e1
2023-09-08 11:20:50,017 [RatisPipelineUtilsThread - 0] INFO  pipeline.BackgroundPipelineCreator (BackgroundPipelineCreator.java:createPipelines(233)) - Created new pipeline Pipeline[ Id: ba937ebe-09ff-41c9-bc01-d2830ee719d7, Nodes: 8f9fa227-a509-4f05-89e4-89393bf4f6e1(fv-az203-160.hq41me5fykbulac445kfrvsskg.dx.internal.cloudapp.net/10.1.0.72), ReplicationConfig: RATIS/ONE, State:ALLOCATED, leaderId:, CreationTimestamp2023-09-08T11:20:50.016Z[Etc/UTC]]
2023-09-08 11:20:50,271 [main] INFO  ozone.MiniOzoneClusterImpl (MiniOzoneClusterImpl.java:lambda$waitForClusterToBeReady$0(224)) - Waiting for nodes to be ready. Got 1 of 5 DN Heartbeats.
2023-09-08 11:20:50,271 [main] INFO  ozone.MiniOzoneClusterImpl (MiniOzoneClusterImpl.java:lambda$waitForClusterToBeReady$0(227)) - Waiting for cluster to exit safe mode
2023-09-08 11:20:50,271 [main] INFO  ozone.MiniOzoneClusterImpl (MiniOzoneClusterImpl.java:lambda$waitForClusterToBeReady$0(229)) - SCM became leader
2023-09-08 11:20:50,323 [IPC Server handler 4 on default port 15161] INFO  net.NetworkTopologyImpl (NetworkTopologyImpl.java:add(112)) - Added a new node: /default-rack/95dc1813-fd59-4f21-8387-058ccbf2ac19
2023-09-08 11:20:50,323 [IPC Server handler 4 on default port 15161] INFO  node.SCMNodeManager (SCMNodeManager.java:register(405)) - Registered Data node : 95dc1813-fd59-4f21-8387-058ccbf2ac19{ip: 10.1.0.72, host: fv-az203-160.hq41me5fykbulac445kfrvsskg.dx.internal.cloudapp.net, ports: [HTTP=15177, CLIENT_RPC=15178, REPLICATION=15184, RATIS=15180, RATIS_ADMIN=15181, RATIS_SERVER=15182, RATIS_DATASTREAM=15183, STANDALONE=15179], networkLocation: /default-rack, certSerialId: null, persistedOpState: null, persistedOpStateExpiryEpochSec: 0}
2023-09-08 11:20:50,325 [EventQueue-NewNodeForNewNodeHandler] INFO  pipeline.BackgroundPipelineCreator (BackgroundPipelineCreator.java:notifyEventTriggered(277)) - trigger a one-shot run on RatisPipelineUtilsThread.
2023-09-08 11:20:50,325 [EventQueue-NodeRegistrationContainerReportForDataNodeSafeModeRule] INFO  safemode.SCMSafeModeManager (DataNodeSafeModeRule.java:process(71)) - SCM in safe mode. 2 DataNodes registered, 3 required.
2023-09-08 11:20:50,326 [RatisPipelineUtilsThread - 0] INFO  pipeline.RatisPipelineProvider (RatisPipelineProvider.java:lambda$create$0(206)) - Sending CreatePipelineCommand for pipeline:PipelineID=373c7311-f913-419b-ad72-f08605a5ce9e to datanode:95dc1813-fd59-4f21-8387-058ccbf2ac19
2023-09-08 11:20:50,326 [RatisPipelineUtilsThread - 0] INFO  pipeline.BackgroundPipelineCreator (BackgroundPipelineCreator.java:createPipelines(233)) - Created new pipeline Pipeline[ Id: 373c7311-f913-419b-ad72-f08605a5ce9e, Nodes: 95dc1813-fd59-4f21-8387-058ccbf2ac19(fv-az203-160.hq41me5fykbulac445kfrvsskg.dx.internal.cloudapp.net/10.1.0.72), ReplicationConfig: RATIS/ONE, State:ALLOCATED, leaderId:, CreationTimestamp2023-09-08T11:20:50.326Z[Etc/UTC]]
2023-09-08 11:20:50,643 [IPC Server handler 1 on default port 15161] INFO  net.NetworkTopologyImpl (NetworkTopologyImpl.java:add(112)) - Added a new node: /default-rack/7a683abd-c78e-4222-b82d-306c946a3e7e
2023-09-08 11:20:50,644 [IPC Server handler 1 on default port 15161] INFO  node.SCMNodeManager (SCMNodeManager.java:register(405)) - Registered Data node : 7a683abd-c78e-4222-b82d-306c946a3e7e{ip: 10.1.0.72, host: fv-az203-160.hq41me5fykbulac445kfrvsskg.dx.internal.cloudapp.net, ports: [HTTP=15186, CLIENT_RPC=15187, REPLICATION=15193, RATIS=15189, RATIS_ADMIN=15190, RATIS_SERVER=15191, RATIS_DATASTREAM=15192, STANDALONE=15188], networkLocation: /default-rack, certSerialId: null, persistedOpState: null, persistedOpStateExpiryEpochSec: 0}
2023-09-08 11:20:50,645 [EventQueue-NodeRegistrationContainerReportForDataNodeSafeModeRule] INFO  safemode.SCMSafeModeManager (DataNodeSafeModeRule.java:process(71)) - SCM in safe mode. 3 DataNodes registered, 3 required.
2023-09-08 11:20:50,645 [EventQueue-NodeRegistrationContainerReportForDataNodeSafeModeRule] INFO  safemode.SCMSafeModeManager (SCMSafeModeManager.java:validateSafeModeExitRules(200)) - DataNodeSafeModeRule rule is successfully validated
2023-09-08 11:20:50,645 [EventQueue-NewNodeForNewNodeHandler] INFO  pipeline.BackgroundPipelineCreator (BackgroundPipelineCreator.java:notifyEventTriggered(277)) - trigger a one-shot run on RatisPipelineUtilsThread.
2023-09-08 11:20:50,646 [EventQueue-NodeRegistrationContainerReportForDataNodeSafeModeRule] INFO  safemode.SCMSafeModeManager (SCMSafeModeManager.java:completePreCheck(229)) - All SCM safe mode pre check rules have passed
2023-09-08 11:20:50,646 [EventQueue-NodeRegistrationContainerReportForDataNodeSafeModeRule] INFO  ha.SCMContext (SCMContext.java:updateSafeModeStatus(228)) - Update SafeModeStatus from SafeModeStatus{safeModeStatus=true, preCheckPassed=false} to SafeModeStatus{safeModeStatus=true, preCheckPassed=true}.
2023-09-08 11:20:50,646 [EventQueue-NodeRegistrationContainerReportForDataNodeSafeModeRule] INFO  pipeline.BackgroundPipelineCreator (BackgroundPipelineCreator.java:notifyEventTriggered(277)) - trigger a one-shot run on RatisPipelineUtilsThread.
2023-09-08 11:20:50,646 [RatisPipelineUtilsThread - 0] INFO  pipeline.RatisPipelineProvider (RatisPipelineProvider.java:lambda$create$0(206)) - Sending CreatePipelineCommand for pipeline:PipelineID=897dfb88-7e43-42fa-85f3-e1884211ae1e to datanode:7a683abd-c78e-4222-b82d-306c946a3e7e
2023-09-08 11:20:50,647 [RatisPipelineUtilsThread - 0] INFO  pipeline.BackgroundPipelineCreator (BackgroundPipelineCreator.java:createPipelines(233)) - Created new pipeline Pipeline[ Id: 897dfb88-7e43-42fa-85f3-e1884211ae1e, Nodes: 7a683abd-c78e-4222-b82d-306c946a3e7e(fv-az203-160.hq41me5fykbulac445kfrvsskg.dx.internal.cloudapp.net/10.1.0.72), ReplicationConfig: RATIS/ONE, State:ALLOCATED, leaderId:, CreationTimestamp2023-09-08T11:20:50.646Z[Etc/UTC]]
2023-09-08 11:20:50,647 [RatisPipelineUtilsThread - 0] INFO  pipeline.RatisPipelineProvider (RatisPipelineProvider.java:lambda$create$0(206)) - Sending CreatePipelineCommand for pipeline:PipelineID=0b9a189f-3dfe-47db-bfa2-0151a36e717f to datanode:8f9fa227-a509-4f05-89e4-89393bf4f6e1
2023-09-08 11:20:50,647 [RatisPipelineUtilsThread - 0] INFO  pipeline.RatisPipelineProvider (RatisPipelineProvider.java:lambda$create$0(206)) - Sending CreatePipelineCommand for pipeline:PipelineID=0b9a189f-3dfe-47db-bfa2-0151a36e717f to datanode:95dc1813-fd59-4f21-8387-058ccbf2ac19
2023-09-08 11:20:50,647 [RatisPipelineUtilsThread - 0] INFO  pipeline.RatisPipelineProvider (RatisPipelineProvider.java:lambda$create$0(206)) - Sending CreatePipelineCommand for pipeline:PipelineID=0b9a189f-3dfe-47db-bfa2-0151a36e717f to datanode:7a683abd-c78e-4222-b82d-306c946a3e7e
2023-09-08 11:20:50,648 [RatisPipelineUtilsThread - 0] INFO  pipeline.BackgroundPipelineCreator (BackgroundPipelineCreator.java:createPipelines(233)) - Created new pipeline Pipeline[ Id: 0b9a189f-3dfe-47db-bfa2-0151a36e717f, Nodes: 8f9fa227-a509-4f05-89e4-89393bf4f6e1(fv-az203-160.hq41me5fykbulac445kfrvsskg.dx.internal.cloudapp.net/10.1.0.72)95dc1813-fd59-4f21-8387-058ccbf2ac19(fv-az203-160.hq41me5fykbulac445kfrvsskg.dx.internal.cloudapp.net/10.1.0.72)7a683abd-c78e-4222-b82d-306c946a3e7e(fv-az203-160.hq41me5fykbulac445kfrvsskg.dx.internal.cloudapp.net/10.1.0.72), ReplicationConfig: RATIS/THREE, State:ALLOCATED, leaderId:, CreationTimestamp2023-09-08T11:20:50.647Z[Etc/UTC]]
2023-09-08 11:20:50,649 [RatisPipelineUtilsThread - 0] INFO  pipeline.RatisPipelineProvider (RatisPipelineProvider.java:lambda$create$0(206)) - Sending CreatePipelineCommand for pipeline:PipelineID=7400896a-f043-4aff-b7b6-c1e63a429653 to datanode:8f9fa227-a509-4f05-89e4-89393bf4f6e1
2023-09-08 11:20:50,650 [RatisPipelineUtilsThread - 0] INFO  pipeline.RatisPipelineProvider (RatisPipelineProvider.java:lambda$create$0(206)) - Sending CreatePipelineCommand for pipeline:PipelineID=7400896a-f043-4aff-b7b6-c1e63a429653 to datanode:7a683abd-c78e-4222-b82d-306c946a3e7e
2023-09-08 11:20:50,650 [RatisPipelineUtilsThread - 0] INFO  pipeline.RatisPipelineProvider (RatisPipelineProvider.java:lambda$create$0(206)) - Sending CreatePipelineCommand for pipeline:PipelineID=7400896a-f043-4aff-b7b6-c1e63a429653 to datanode:95dc1813-fd59-4f21-8387-058ccbf2ac19
2023-09-08 11:20:50,650 [RatisPipelineUtilsThread - 0] INFO  pipeline.PipelineManagerImpl (PipelineManagerImpl.java:recordMetricsForPipeline(914)) - Pipeline: PipelineID=7400896a-f043-4aff-b7b6-c1e63a429653 contains same datanodes as previous pipelines: PipelineID=0b9a189f-3dfe-47db-bfa2-0151a36e717f nodeIds: 8f9fa227-a509-4f05-89e4-89393bf4f6e1, 7a683abd-c78e-4222-b82d-306c946a3e7e, 95dc1813-fd59-4f21-8387-058ccbf2ac19
2023-09-08 11:20:50,650 [RatisPipelineUtilsThread - 0] INFO  pipeline.BackgroundPipelineCreator (BackgroundPipelineCreator.java:createPipelines(233)) - Created new pipeline Pipeline[ Id: 7400896a-f043-4aff-b7b6-c1e63a429653, Nodes: 8f9fa227-a509-4f05-89e4-89393bf4f6e1(fv-az203-160.hq41me5fykbulac445kfrvsskg.dx.internal.cloudapp.net/10.1.0.72)7a683abd-c78e-4222-b82d-306c946a3e7e(fv-az203-160.hq41me5fykbulac445kfrvsskg.dx.internal.cloudapp.net/10.1.0.72)95dc1813-fd59-4f21-8387-058ccbf2ac19(fv-az203-160.hq41me5fykbulac445kfrvsskg.dx.internal.cloudapp.net/10.1.0.72), ReplicationConfig: RATIS/THREE, State:ALLOCATED, leaderId:, CreationTimestamp2023-09-08T11:20:50.649Z[Etc/UTC]]
2023-09-08 11:20:50,937 [IPC Server handler 0 on default port 15161] INFO  net.NetworkTopologyImpl (NetworkTopologyImpl.java:add(112)) - Added a new node: /default-rack/8abc5b5b-9557-42e0-ad65-3a4f82792924
2023-09-08 11:20:50,937 [IPC Server handler 0 on default port 15161] INFO  node.SCMNodeManager (SCMNodeManager.java:register(405)) - Registered Data node : 8abc5b5b-9557-42e0-ad65-3a4f82792924{ip: 10.1.0.72, host: fv-az203-160.hq41me5fykbulac445kfrvsskg.dx.internal.cloudapp.net, ports: [HTTP=15195, CLIENT_RPC=15196, REPLICATION=15202, RATIS=15198, RATIS_ADMIN=15199, RATIS_SERVER=15200, RATIS_DATASTREAM=15201, STANDALONE=15197], networkLocation: /default-rack, certSerialId: null, persistedOpState: null, persistedOpStateExpiryEpochSec: 0}
2023-09-08 11:20:50,940 [EventQueue-NewNodeForNewNodeHandler] INFO  pipeline.BackgroundPipelineCreator (BackgroundPipelineCreator.java:notifyEventTriggered(277)) - trigger a one-shot run on RatisPipelineUtilsThread.
2023-09-08 11:20:50,940 [RatisPipelineUtilsThread - 0] INFO  pipeline.RatisPipelineProvider (RatisPipelineProvider.java:lambda$create$0(206)) - Sending CreatePipelineCommand for pipeline:PipelineID=d9cff193-a2f6-4520-8ba1-b092eb65f64d to datanode:8abc5b5b-9557-42e0-ad65-3a4f82792924
2023-09-08 11:20:50,941 [RatisPipelineUtilsThread - 0] INFO  pipeline.BackgroundPipelineCreator (BackgroundPipelineCreator.java:createPipelines(233)) - Created new pipeline Pipeline[ Id: d9cff193-a2f6-4520-8ba1-b092eb65f64d, Nodes: 8abc5b5b-9557-42e0-ad65-3a4f82792924(fv-az203-160.hq41me5fykbulac445kfrvsskg.dx.internal.cloudapp.net/10.1.0.72), ReplicationConfig: RATIS/ONE, State:ALLOCATED, leaderId:, CreationTimestamp2023-09-08T11:20:50.940Z[Etc/UTC]]
2023-09-08 11:20:51,271 [main] INFO  ozone.MiniOzoneClusterImpl (MiniOzoneClusterImpl.java:lambda$waitForClusterToBeReady$0(224)) - Waiting for nodes to be ready. Got 4 of 5 DN Heartbeats.
2023-09-08 11:20:51,272 [main] INFO  ozone.MiniOzoneClusterImpl (MiniOzoneClusterImpl.java:lambda$waitForClusterToBeReady$0(227)) - Waiting for cluster to exit safe mode
2023-09-08 11:20:51,272 [main] INFO  ozone.MiniOzoneClusterImpl (MiniOzoneClusterImpl.java:lambda$waitForClusterToBeReady$0(229)) - SCM became leader
2023-09-08 11:20:51,277 [IPC Server handler 4 on default port 15161] INFO  net.NetworkTopologyImpl (NetworkTopologyImpl.java:add(112)) - Added a new node: /default-rack/c4d580d2-2f88-474d-8696-feb170900697
2023-09-08 11:20:51,277 [IPC Server handler 4 on default port 15161] INFO  node.SCMNodeManager (SCMNodeManager.java:register(405)) - Registered Data node : c4d580d2-2f88-474d-8696-feb170900697{ip: 10.1.0.72, host: fv-az203-160.hq41me5fykbulac445kfrvsskg.dx.internal.cloudapp.net, ports: [HTTP=15204, CLIENT_RPC=15205, REPLICATION=15211, RATIS=15207, RATIS_ADMIN=15208, RATIS_SERVER=15209, RATIS_DATASTREAM=15210, STANDALONE=15206], networkLocation: /default-rack, certSerialId: null, persistedOpState: null, persistedOpStateExpiryEpochSec: 0}
2023-09-08 11:20:51,277 [EventQueue-NewNodeForNewNodeHandler] INFO  pipeline.BackgroundPipelineCreator (BackgroundPipelineCreator.java:notifyEventTriggered(277)) - trigger a one-shot run on RatisPipelineUtilsThread.
2023-09-08 11:20:51,278 [RatisPipelineUtilsThread - 0] INFO  pipeline.RatisPipelineProvider (RatisPipelineProvider.java:lambda$create$0(206)) - Sending CreatePipelineCommand for pipeline:PipelineID=618640b2-dab0-4c5d-bc08-1a30a5744338 to datanode:c4d580d2-2f88-474d-8696-feb170900697
2023-09-08 11:20:51,278 [RatisPipelineUtilsThread - 0] INFO  pipeline.BackgroundPipelineCreator (BackgroundPipelineCreator.java:createPipelines(233)) - Created new pipeline Pipeline[ Id: 618640b2-dab0-4c5d-bc08-1a30a5744338, Nodes: c4d580d2-2f88-474d-8696-feb170900697(fv-az203-160.hq41me5fykbulac445kfrvsskg.dx.internal.cloudapp.net/10.1.0.72), ReplicationConfig: RATIS/ONE, State:ALLOCATED, leaderId:, CreationTimestamp2023-09-08T11:20:51.278Z[Etc/UTC]]
2023-09-08 11:20:52,272 [main] INFO  ozone.MiniOzoneClusterImpl (MiniOzoneClusterImpl.java:lambda$waitForClusterToBeReady$0(224)) - Nodes are ready. Got 5 of 5 DN Heartbeats.
2023-09-08 11:20:52,272 [main] INFO  ozone.MiniOzoneClusterImpl (MiniOzoneClusterImpl.java:lambda$waitForClusterToBeReady$0(227)) - Waiting for cluster to exit safe mode
2023-09-08 11:20:52,272 [main] INFO  ozone.MiniOzoneClusterImpl (MiniOzoneClusterImpl.java:lambda$waitForClusterToBeReady$0(229)) - SCM became leader
2023-09-08 11:20:53,009 [PipelineCommandHandlerThread-0] INFO  server.RaftServer (RaftServerProxy.java:addNew(98)) - 8f9fa227-a509-4f05-89e4-89393bf4f6e1: addNew group-D2830EE719D7:[8f9fa227-a509-4f05-89e4-89393bf4f6e1|rpc:10.1.0.72:15173|admin:10.1.0.72:15172|client:10.1.0.72:15171|dataStream:10.1.0.72:15174|priority:1|startupRole:FOLLOWER] returns group-D2830EE719D7:java.util.concurrent.CompletableFuture@4571ca7[Not completed]
2023-09-08 11:20:53,010 [8f9fa227-a509-4f05-89e4-89393bf4f6e1-groupManagement] INFO  server.RaftServer$Division (RaftServerImpl.java:<init>(198)) - 8f9fa227-a509-4f05-89e4-89393bf4f6e1: new RaftServerImpl for group-D2830EE719D7:[8f9fa227-a509-4f05-89e4-89393bf4f6e1|rpc:10.1.0.72:15173|admin:10.1.0.72:15172|client:10.1.0.72:15171|dataStream:10.1.0.72:15174|priority:1|startupRole:FOLLOWER] with ContainerStateMachine:uninitialized
2023-09-08 11:20:53,010 [8f9fa227-a509-4f05-89e4-89393bf4f6e1-groupManagement] INFO  server.RaftServerConfigKeys (ConfUtils.java:logGet(46)) - raft.server.rpc.timeout.min = 5s (custom)
2023-09-08 11:20:53,010 [8f9fa227-a509-4f05-89e4-89393bf4f6e1-groupManagement] INFO  server.RaftServerConfigKeys (ConfUtils.java:logGet(46)) - raft.server.rpc.timeout.max = 5200ms (custom)
2023-09-08 11:20:53,010 [8f9fa227-a509-4f05-89e4-89393bf4f6e1-groupManagement] INFO  server.RaftServerConfigKeys (ConfUtils.java:logGet(46)) - raft.server.rpc.sleep.time = 25ms (default)
2023-09-08 11:20:53,010 [8f9fa227-a509-4f05-89e4-89393bf4f6e1-groupManagement] INFO  server.RaftServerConfigKeys (ConfUtils.java:logGet(46)) - raft.server.rpc.slowness.timeout = 300s (custom)
2023-09-08 11:20:53,010 [8f9fa227-a509-4f05-89e4-89393bf4f6e1-groupManagement] INFO  server.RaftServerConfigKeys (ConfUtils.java:logGet(46)) - raft.server.leaderelection.leader.step-down.wait-time = 10s (default)
2023-09-08 11:20:53,010 [8f9fa227-a509-4f05-89e4-89393bf4f6e1-groupManagement] INFO  server.RaftServerConfigKeys (ConfUtils.java:logGet(46)) - raft.server.sleep.deviation.threshold = 300ms (default)
2023-09-08 11:20:53,011 [8f9fa227-a509-4f05-89e4-89393bf4f6e1-groupManagement] INFO  server.RaftServer$Division (ServerState.java:<init>(120)) - 8f9fa227-a509-4f05-89e4-89393bf4f6e1@group-D2830EE719D7: ConfigurationManager, init=-1: peers:[8f9fa227-a509-4f05-89e4-89393bf4f6e1|rpc:10.1.0.72:15173|admin:10.1.0.72:15172|client:10.1.0.72:15171|dataStream:10.1.0.72:15174|priority:1|startupRole:FOLLOWER]|listeners:[], old=null, confs=<EMPTY_MAP>
2023-09-08 11:20:53,011 [8f9fa227-a509-4f05-89e4-89393bf4f6e1-groupManagement] INFO  server.RaftServerConfigKeys (ConfUtils.java:logGet(46)) - raft.server.storage.dir = [/home/runner/work/ozone/ozone/hadoop-ozone/integration-test/target/test-dir/MiniOzoneClusterImpl-b855b142-6583-46b6-8838-7b3da9243682/datanode-0/data/ratis] (custom)
2023-09-08 11:20:53,011 [8f9fa227-a509-4f05-89e4-89393bf4f6e1-groupManagement] INFO  server.RaftServerConfigKeys (ConfUtils.java:logGet(46)) - raft.server.log.corruption.policy = EXCEPTION (default)
2023-09-08 11:20:53,011 [8f9fa227-a509-4f05-89e4-89393bf4f6e1-groupManagement] INFO  server.RaftServerConfigKeys (ConfUtils.java:logGet(46)) - raft.server.storage.free-space.min = 0MB (=0) (default)
2023-09-08 11:20:53,011 [8f9fa227-a509-4f05-89e4-89393bf4f6e1-groupManagement] INFO  server.RaftServerConfigKeys (ConfUtils.java:logGet(46)) - raft.server.notification.no-leader.timeout = 300s (custom)
2023-09-08 11:20:53,011 [8f9fa227-a509-4f05-89e4-89393bf4f6e1-groupManagement] INFO  server.RaftServerConfigKeys (ConfUtils.java:logGet(46)) - raft.server.read.timeout = 10s (default)
2023-09-08 11:20:53,011 [8f9fa227-a509-4f05-89e4-89393bf4f6e1-groupManagement] INFO  server.RaftServerConfigKeys (ConfUtils.java:logGet(46)) - raft.server.retrycache.expirytime = 600000ms (custom)
2023-09-08 11:20:53,011 [8f9fa227-a509-4f05-89e4-89393bf4f6e1-groupManagement] INFO  server.RaftServerConfigKeys (ConfUtils.java:logGet(46)) - raft.server.retrycache.statistics.expirytime = 100μs (default)
2023-09-08 11:20:53,011 [8f9fa227-a509-4f05-89e4-89393bf4f6e1-groupManagement] INFO  server.RaftServerConfigKeys (ConfUtils.java:logGet(46)) - raft.server.read.option = DEFAULT (default)
2023-09-08 11:20:53,012 [8f9fa227-a509-4f05-89e4-89393bf4f6e1-groupManagement] INFO  server.RaftServerConfigKeys (ConfUtils.java:logGet(46)) - raft.server.rpc.request.timeout = 60s (custom)
2023-09-08 11:20:53,012 [8f9fa227-a509-4f05-89e4-89393bf4f6e1-groupManagement] INFO  server.RaftServerConfigKeys (ConfUtils.java:logGet(46)) - raft.server.log.appender.install.snapshot.enabled = false (custom)
2023-09-08 11:20:53,012 [8f9fa227-a509-4f05-89e4-89393bf4f6e1-groupManagement] INFO  server.RaftServerConfigKeys (ConfUtils.java:logGet(46)) - raft.server.threadpool.server.cached = true (default)
2023-09-08 11:20:53,012 [8f9fa227-a509-4f05-89e4-89393bf4f6e1-groupManagement] INFO  server.RaftServerConfigKeys (ConfUtils.java:logGet(46)) - raft.server.threadpool.server.size = 0 (default)
2023-09-08 11:20:53,012 [8f9fa227-a509-4f05-89e4-89393bf4f6e1-groupManagement] INFO  server.RaftServerConfigKeys (ConfUtils.java:logGet(46)) - raft.server.threadpool.client.cached = true (default)
2023-09-08 11:20:53,012 [8f9fa227-a509-4f05-89e4-89393bf4f6e1-groupManagement] INFO  server.RaftServerConfigKeys (ConfUtils.java:logGet(46)) - raft.server.threadpool.client.size = 0 (default)
2023-09-08 11:20:53,012 [8f9fa227-a509-4f05-89e4-89393bf4f6e1-groupManagement] INFO  storage.RaftStorageDirectory (RaftStorageDirectoryImpl.java:analyzeStorage(137)) - The storage directory /home/runner/work/ozone/ozone/hadoop-ozone/integration-test/target/test-dir/MiniOzoneClusterImpl-b855b142-6583-46b6-8838-7b3da9243682/datanode-0/data/ratis/ba937ebe-09ff-41c9-bc01-d2830ee719d7 does not exist. Creating ...
2023-09-08 11:20:53,013 [8f9fa227-a509-4f05-89e4-89393bf4f6e1-groupManagement] INFO  storage.RaftStorageDirectory (RaftStorageDirectoryImpl.java:tryLock(231)) - Lock on /home/runner/work/ozone/ozone/hadoop-ozone/integration-test/target/test-dir/MiniOzoneClusterImpl-b855b142-6583-46b6-8838-7b3da9243682/datanode-0/data/ratis/ba937ebe-09ff-41c9-bc01-d2830ee719d7/in_use.lock acquired by nodename 7549@fv-az203-160
2023-09-08 11:20:53,015 [8f9fa227-a509-4f05-89e4-89393bf4f6e1-groupManagement] INFO  storage.RaftStorage (RaftStorageImpl.java:format(96)) - Storage directory /home/runner/work/ozone/ozone/hadoop-ozone/integration-test/target/test-dir/MiniOzoneClusterImpl-b855b142-6583-46b6-8838-7b3da9243682/datanode-0/data/ratis/ba937ebe-09ff-41c9-bc01-d2830ee719d7 has been successfully formatted.
2023-09-08 11:20:53,016 [8f9fa227-a509-4f05-89e4-89393bf4f6e1-groupManagement] INFO  ratis.ContainerStateMachine (ContainerStateMachine.java:loadSnapshot(262)) - group-D2830EE719D7: The snapshot info is null. Setting the last applied indexto:(t:0, i:~)
2023-09-08 11:20:53,017 [8f9fa227-a509-4f05-89e4-89393bf4f6e1-groupManagement] INFO  server.RaftServerConfigKeys (ConfUtils.java:logGet(46)) - raft.server.log.use.memory = false (default)
2023-09-08 11:20:53,017 [8f9fa227-a509-4f05-89e4-89393bf4f6e1-groupManagement] INFO  server.RaftServerConfigKeys (ConfUtils.java:logGet(46)) - raft.server.log.purge.gap = 1000000 (custom)
2023-09-08 11:20:53,017 [8f9fa227-a509-4f05-89e4-89393bf4f6e1-groupManagement] INFO  server.RaftServerConfigKeys (ConfUtils.java:logGet(46)) - raft.server.log.appender.buffer.byte-limit = 33554432 (custom)
2023-09-08 11:20:53,017 [8f9fa227-a509-4f05-89e4-89393bf4f6e1-groupManagement] INFO  server.RaftServerConfigKeys (ConfUtils.java:logGet(46)) - raft.server.log.statemachine.data.read.timeout = 1000ms (default)
2023-09-08 11:20:53,017 [8f9fa227-a509-4f05-89e4-89393bf4f6e1-groupManagement] INFO  server.RaftServerConfigKeys (ConfUtils.java:logGet(46)) - raft.server.log.purge.preservation.log.num = 0 (default)
2023-09-08 11:20:53,017 [8f9fa227-a509-4f05-89e4-89393bf4f6e1-groupManagement] INFO  server.RaftServerConfigKeys (ConfUtils.java:logGet(46)) - raft.server.log.segment.size.max = 1048576 (custom)
2023-09-08 11:20:53,018 [8f9fa227-a509-4f05-89e4-89393bf4f6e1-groupManagement] INFO  server.RaftServerConfigKeys (ConfUtils.java:logGet(46)) - raft.server.log.segment.cache.num.max = 2 (custom)
2023-09-08 11:20:53,018 [8f9fa227-a509-4f05-89e4-89393bf4f6e1-groupManagement] INFO  server.RaftServerConfigKeys (ConfUtils.java:logGet(46)) - raft.server.log.segment.cache.size.max = 200MB (=209715200) (default)
2023-09-08 11:20:53,018 [8f9fa227-a509-4f05-89e4-89393bf4f6e1-groupManagement] INFO  server.RaftServerConfigKeys (ConfUtils.java:logGet(46)) - raft.server.log.appender.buffer.byte-limit = 33554432 (custom)
2023-09-08 11:20:53,018 [EventQueue-PipelineReportForPipelineReportHandler] INFO  pipeline.PipelineReportHandler (PipelineReportHandler.java:processPipelineReport(136)) - Opened pipeline PipelineID=ba937ebe-09ff-41c9-bc01-d2830ee719d7
2023-09-08 11:20:53,018 [8f9fa227-a509-4f05-89e4-89393bf4f6e1-groupManagement] INFO  segmented.SegmentedRaftLogWorker (SegmentedRaftLogWorker.java:<init>(188)) - new 8f9fa227-a509-4f05-89e4-89393bf4f6e1@group-D2830EE719D7-SegmentedRaftLogWorker for RaftStorageImpl:Storage Directory /home/runner/work/ozone/ozone/hadoop-ozone/integration-test/target/test-dir/MiniOzoneClusterImpl-b855b142-6583-46b6-8838-7b3da9243682/datanode-0/data/ratis/ba937ebe-09ff-41c9-bc01-d2830ee719d7
2023-09-08 11:20:53,018 [8f9fa227-a509-4f05-89e4-89393bf4f6e1-groupManagement] INFO  server.RaftServerConfigKeys (ConfUtils.java:logGet(46)) - raft.server.log.queue.byte-limit = 4294967296 (custom)
2023-09-08 11:20:53,018 [8f9fa227-a509-4f05-89e4-89393bf4f6e1-groupManagement] INFO  server.RaftServerConfigKeys (ConfUtils.java:logGet(46)) - raft.server.log.queue.element-limit = 1024 (custom)
2023-09-08 11:20:53,018 [8f9fa227-a509-4f05-89e4-89393bf4f6e1-groupManagement] INFO  server.RaftServerConfigKeys (ConfUtils.java:logGet(46)) - raft.server.log.segment.size.max = 1048576 (custom)
2023-09-08 11:20:53,020 [EventQueue-OpenPipelineForHealthyPipelineSafeModeRule] INFO  safemode.SCMSafeModeManager (HealthyPipelineSafeModeRule.java:process(137)) - SCM in safe mode. Healthy pipelines reported count is 0, required healthy pipeline reported count is 1
2023-09-08 11:20:53,020 [8f9fa227-a509-4f05-89e4-89393bf4f6e1-groupManagement] INFO  server.RaftServerConfigKeys (ConfUtils.java:logGet(46)) - raft.server.log.preallocated.size = 16384 (custom)
2023-09-08 11:20:53,020 [8f9fa227-a509-4f05-89e4-89393bf4f6e1-groupManagement] INFO  server.RaftServerConfigKeys (ConfUtils.java:logGet(46)) - raft.server.log.force.sync.num = 128 (default)
2023-09-08 11:20:53,020 [8f9fa227-a509-4f05-89e4-89393bf4f6e1-groupManagement] INFO  server.RaftServerConfigKeys (ConfUtils.java:logGet(46)) - raft.server.log.statemachine.data.sync = true (default)
2023-09-08 11:20:53,021 [8f9fa227-a509-4f05-89e4-89393bf4f6e1-groupManagement] INFO  server.RaftServerConfigKeys (ConfUtils.java:logGet(46)) - raft.server.log.statemachine.data.sync.timeout = 10s (default)
2023-09-08 11:20:53,021 [8f9fa227-a509-4f05-89e4-89393bf4f6e1-groupManagement] INFO  server.RaftServerConfigKeys (ConfUtils.java:logGet(46)) - raft.server.log.statemachine.data.sync.timeout.retry = -1 (default)
2023-09-08 11:20:53,021 [8f9fa227-a509-4f05-89e4-89393bf4f6e1-groupManagement] INFO  server.RaftServerConfigKeys (ConfUtils.java:logGet(46)) - raft.server.log.write.buffer.size = 1048576 (custom)
2023-09-08 11:20:53,021 [8f9fa227-a509-4f05-89e4-89393bf4f6e1-groupManagement] INFO  server.RaftServerConfigKeys (ConfUtils.java:logGet(46)) - raft.server.log.appender.buffer.byte-limit = 33554432 (custom)
2023-09-08 11:20:53,027 [8f9fa227-a509-4f05-89e4-89393bf4f6e1-groupManagement] INFO  server.RaftServerConfigKeys (ConfUtils.java:logGet(46)) - raft.server.log.unsafe-flush.enabled = false (default)
2023-09-08 11:20:53,027 [8f9fa227-a509-4f05-89e4-89393bf4f6e1-groupManagement] INFO  server.RaftServerConfigKeys (ConfUtils.java:logGet(46)) - raft.server.log.async-flush.enabled = false (default)
2023-09-08 11:20:53,027 [8f9fa227-a509-4f05-89e4-89393bf4f6e1-groupManagement] INFO  server.RaftServerConfigKeys (ConfUtils.java:logGet(46)) - raft.server.log.statemachine.data.caching.enabled = true (custom)
2023-09-08 11:20:53,027 [8f9fa227-a509-4f05-89e4-89393bf4f6e1-groupManagement] INFO  segmented.SegmentedRaftLogWorker (SegmentedRaftLogWorker.java:lambda$new$0(135)) - 8f9fa227-a509-4f05-89e4-89393bf4f6e1@group-D2830EE719D7-SegmentedRaftLogWorker: flushIndex: setUnconditionally 0 -> -1
2023-09-08 11:20:53,028 [8f9fa227-a509-4f05-89e4-89393bf4f6e1-groupManagement] INFO  segmented.SegmentedRaftLogWorker (SegmentedRaftLogWorker.java:lambda$new$0(135)) - 8f9fa227-a509-4f05-89e4-89393bf4f6e1@group-D2830EE719D7-SegmentedRaftLogWorker: safeCacheEvictIndex: setUnconditionally 0 -> -1
2023-09-08 11:20:53,028 [8f9fa227-a509-4f05-89e4-89393bf4f6e1-groupManagement] INFO  server.RaftServer$Division (RaftServerImpl.java:start(342)) - 8f9fa227-a509-4f05-89e4-89393bf4f6e1@group-D2830EE719D7: start as a follower, conf=-1: peers:[8f9fa227-a509-4f05-89e4-89393bf4f6e1|rpc:10.1.0.72:15173|admin:10.1.0.72:15172|client:10.1.0.72:15171|dataStream:10.1.0.72:15174|priority:1|startupRole:FOLLOWER]|listeners:[], old=null
2023-09-08 11:20:53,028 [8f9fa227-a509-4f05-89e4-89393bf4f6e1-groupManagement] INFO  server.RaftServer$Division (RaftServerImpl.java:setRole(329)) - 8f9fa227-a509-4f05-89e4-89393bf4f6e1@group-D2830EE719D7: changes role from      null to FOLLOWER at term 0 for startAsFollower
2023-09-08 11:20:53,028 [8f9fa227-a509-4f05-89e4-89393bf4f6e1-groupManagement] INFO  impl.RoleInfo (RoleInfo.java:updateAndGet(139)) - 8f9fa227-a509-4f05-89e4-89393bf4f6e1: start 8f9fa227-a509-4f05-89e4-89393bf4f6e1@group-D2830EE719D7-FollowerState
2023-09-08 11:20:53,028 [8f9fa227-a509-4f05-89e4-89393bf4f6e1-groupManagement] INFO  util.JmxRegister (JmxRegister.java:tryRegister(44)) - Successfully registered JMX Bean with object name Ratis:service=RaftServer,group=group-D2830EE719D7,id=8f9fa227-a509-4f05-89e4-89393bf4f6e1
2023-09-08 11:20:53,028 [8f9fa227-a509-4f05-89e4-89393bf4f6e1-groupManagement] INFO  server.RaftServerConfigKeys (ConfUtils.java:logGet(46)) - raft.server.snapshot.auto.trigger.enabled = true (custom)
2023-09-08 11:20:53,028 [8f9fa227-a509-4f05-89e4-89393bf4f6e1-groupManagement] INFO  server.RaftServerConfigKeys (ConfUtils.java:logGet(46)) - raft.server.snapshot.auto.trigger.threshold = 10000 (custom)
2023-09-08 11:20:53,029 [8f9fa227-a509-4f05-89e4-89393bf4f6e1-groupManagement] INFO  server.RaftServerConfigKeys (ConfUtils.java:logGet(46)) - raft.server.snapshot.retention.file.num = 5 (custom)
2023-09-08 11:20:53,029 [8f9fa227-a509-4f05-89e4-89393bf4f6e1-groupManagement] INFO  server.RaftServerConfigKeys (ConfUtils.java:logGet(46)) - raft.server.log.purge.upto.snapshot.index = false (default)
2023-09-08 11:20:53,029 [8f9fa227-a509-4f05-89e4-89393bf4f6e1@group-D2830EE719D7-FollowerState] INFO  server.RaftServerConfigKeys (ConfUtils.java:logFallback(53)) - raft.server.rpc.first-election.timeout.min = 5s (fallback to raft.server.rpc.timeout.min)
2023-09-08 11:20:53,029 [8f9fa227-a509-4f05-89e4-89393bf4f6e1@group-D2830EE719D7-FollowerState] INFO  server.RaftServerConfigKeys (ConfUtils.java:logFallback(53)) - raft.server.rpc.first-election.timeout.max = 5200ms (fallback to raft.server.rpc.timeout.max)
2023-09-08 11:20:53,036 [PipelineCommandHandlerThread-0] INFO  ratis.XceiverServerRatis (XceiverServerRatis.java:addGroup(804)) - Created group PipelineID=ba937ebe-09ff-41c9-bc01-d2830ee719d7
2023-09-08 11:20:53,036 [PipelineCommandHandlerThread-0] INFO  commandhandler.CreatePipelineCommandHandler (CreatePipelineCommandHandler.java:lambda$handle$2(124)) - Created Pipeline RATIS ONE PipelineID=ba937ebe-09ff-41c9-bc01-d2830ee719d7.
2023-09-08 11:20:53,037 [PipelineCommandHandlerThread-0] INFO  server.RaftServer (RaftServerProxy.java:addNew(98)) - 8f9fa227-a509-4f05-89e4-89393bf4f6e1: addNew group-0151A36E717F:[95dc1813-fd59-4f21-8387-058ccbf2ac19|rpc:10.1.0.72:15182|admin:10.1.0.72:15181|client:10.1.0.72:15180|dataStream:10.1.0.72:15183|priority:1|startupRole:FOLLOWER, 7a683abd-c78e-4222-b82d-306c946a3e7e|rpc:10.1.0.72:15191|admin:10.1.0.72:15190|client:10.1.0.72:15189|dataStream:10.1.0.72:15192|priority:0|startupRole:FOLLOWER, 8f9fa227-a509-4f05-89e4-89393bf4f6e1|rpc:10.1.0.72:15173|admin:10.1.0.72:15172|client:10.1.0.72:15171|dataStream:10.1.0.72:15174|priority:0|startupRole:FOLLOWER] returns group-0151A36E717F:java.util.concurrent.CompletableFuture@6888f5[Not completed]
2023-09-08 11:20:53,038 [8f9fa227-a509-4f05-89e4-89393bf4f6e1-groupManagement] INFO  server.RaftServer$Division (RaftServerImpl.java:<init>(198)) - 8f9fa227-a509-4f05-89e4-89393bf4f6e1: new RaftServerImpl for group-0151A36E717F:[95dc1813-fd59-4f21-8387-058ccbf2ac19|rpc:10.1.0.72:15182|admin:10.1.0.72:15181|client:10.1.0.72:15180|dataStream:10.1.0.72:15183|priority:1|startupRole:FOLLOWER, 7a683abd-c78e-4222-b82d-306c946a3e7e|rpc:10.1.0.72:15191|admin:10.1.0.72:15190|client:10.1.0.72:15189|dataStream:10.1.0.72:15192|priority:0|startupRole:FOLLOWER, 8f9fa227-a509-4f05-89e4-89393bf4f6e1|rpc:10.1.0.72:15173|admin:10.1.0.72:15172|client:10.1.0.72:15171|dataStream:10.1.0.72:15174|priority:0|startupRole:FOLLOWER] with ContainerStateMachine:uninitialized
2023-09-08 11:20:53,038 [8f9fa227-a509-4f05-89e4-89393bf4f6e1-groupManagement] INFO  server.RaftServerConfigKeys (ConfUtils.java:logGet(46)) - raft.server.rpc.timeout.min = 5s (custom)
2023-09-08 11:20:53,038 [8f9fa227-a509-4f05-89e4-89393bf4f6e1-groupManagement] INFO  server.RaftServerConfigKeys (ConfUtils.java:logGet(46)) - raft.server.rpc.timeout.max = 5200ms (custom)
2023-09-08 11:20:53,038 [8f9fa227-a509-4f05-89e4-89393bf4f6e1-groupManagement] INFO  server.RaftServerConfigKeys (ConfUtils.java:logGet(46)) - raft.server.rpc.sleep.time = 25ms (default)
2023-09-08 11:20:53,038 [8f9fa227-a509-4f05-89e4-89393bf4f6e1-groupManagement] INFO  server.RaftServerConfigKeys (ConfUtils.java:logGet(46)) - raft.server.rpc.slowness.timeout = 300s (custom)
2023-09-08 11:20:53,038 [8f9fa227-a509-4f05-89e4-89393bf4f6e1-groupManagement] INFO  server.RaftServerConfigKeys (ConfUtils.java:logGet(46)) - raft.server.leaderelection.leader.step-down.wait-time = 10s (default)
2023-09-08 11:20:53,038 [8f9fa227-a509-4f05-89e4-89393bf4f6e1-groupManagement] INFO  server.RaftServerConfigKeys (ConfUtils.java:logGet(46)) - raft.server.sleep.deviation.threshold = 300ms (default)
2023-09-08 11:20:53,038 [8f9fa227-a509-4f05-89e4-89393bf4f6e1-groupManagement] INFO  server.RaftServer$Division (ServerState.java:<init>(120)) - 8f9fa227-a509-4f05-89e4-89393bf4f6e1@group-0151A36E717F: ConfigurationManager, init=-1: peers:[95dc1813-fd59-4f21-8387-058ccbf2ac19|rpc:10.1.0.72:15182|admin:10.1.0.72:15181|client:10.1.0.72:15180|dataStream:10.1.0.72:15183|priority:1|startupRole:FOLLOWER, 7a683abd-c78e-4222-b82d-306c946a3e7e|rpc:10.1.0.72:15191|admin:10.1.0.72:15190|client:10.1.0.72:15189|dataStream:10.1.0.72:15192|priority:0|startupRole:FOLLOWER, 8f9fa227-a509-4f05-89e4-89393bf4f6e1|rpc:10.1.0.72:15173|admin:10.1.0.72:15172|client:10.1.0.72:15171|dataStream:10.1.0.72:15174|priority:0|startupRole:FOLLOWER]|listeners:[], old=null, confs=<EMPTY_MAP>
2023-09-08 11:20:53,038 [8f9fa227-a509-4f05-89e4-89393bf4f6e1-groupManagement] INFO  server.RaftServerConfigKeys (ConfUtils.java:logGet(46)) - raft.server.storage.dir = [/home/runner/work/ozone/ozone/hadoop-ozone/integration-test/target/test-dir/MiniOzoneClusterImpl-b855b142-6583-46b6-8838-7b3da9243682/datanode-0/data/ratis] (custom)
2023-09-08 11:20:53,039 [8f9fa227-a509-4f05-89e4-89393bf4f6e1-groupManagement] INFO  server.RaftServerConfigKeys (ConfUtils.java:logGet(46)) - raft.server.log.corruption.policy = EXCEPTION (default)
2023-09-08 11:20:53,039 [8f9fa227-a509-4f05-89e4-89393bf4f6e1-groupManagement] INFO  server.RaftServerConfigKeys (ConfUtils.java:logGet(46)) - raft.server.storage.free-space.min = 0MB (=0) (default)
2023-09-08 11:20:53,039 [8f9fa227-a509-4f05-89e4-89393bf4f6e1-groupManagement] INFO  server.RaftServerConfigKeys (ConfUtils.java:logGet(46)) - raft.server.notification.no-leader.timeout = 300s (custom)
2023-09-08 11:20:53,039 [8f9fa227-a509-4f05-89e4-89393bf4f6e1-groupManagement] INFO  server.RaftServerConfigKeys (ConfUtils.java:logGet(46)) - raft.server.read.timeout = 10s (default)
2023-09-08 11:20:53,039 [8f9fa227-a509-4f05-89e4-89393bf4f6e1-groupManagement] INFO  server.RaftServerConfigKeys (ConfUtils.java:logGet(46)) - raft.server.retrycache.expirytime = 600000ms (custom)
2023-09-08 11:20:53,039 [8f9fa227-a509-4f05-89e4-89393bf4f6e1-groupManagement] INFO  server.RaftServerConfigKeys (ConfUtils.java:logGet(46)) - raft.server.retrycache.statistics.expirytime = 100μs (default)
2023-09-08 11:20:53,039 [8f9fa227-a509-4f05-89e4-89393bf4f6e1-groupManagement] INFO  server.RaftServerConfigKeys (ConfUtils.java:logGet(46)) - raft.server.read.option = DEFAULT (default)
2023-09-08 11:20:53,040 [8f9fa227-a509-4f05-89e4-89393bf4f6e1-groupManagement] INFO  server.RaftServerConfigKeys (ConfUtils.java:logGet(46)) - raft.server.rpc.request.timeout = 60s (custom)
2023-09-08 11:20:53,040 [8f9fa227-a509-4f05-89e4-89393bf4f6e1-groupManagement] INFO  server.RaftServerConfigKeys (ConfUtils.java:logGet(46)) - raft.server.log.appender.install.snapshot.enabled = false (custom)
2023-09-08 11:20:53,040 [8f9fa227-a509-4f05-89e4-89393bf4f6e1-groupManagement] INFO  server.RaftServerConfigKeys (ConfUtils.java:logGet(46)) - raft.server.threadpool.server.cached = true (default)
2023-09-08 11:20:53,040 [8f9fa227-a509-4f05-89e4-89393bf4f6e1-groupManagement] INFO  server.RaftServerConfigKeys (ConfUtils.java:logGet(46)) - raft.server.threadpool.server.size = 0 (default)
2023-09-08 11:20:53,040 [8f9fa227-a509-4f05-89e4-89393bf4f6e1-groupManagement] INFO  server.RaftServerConfigKeys (ConfUtils.java:logGet(46)) - raft.server.threadpool.client.cached = true (default)
2023-09-08 11:20:53,040 [8f9fa227-a509-4f05-89e4-89393bf4f6e1-groupManagement] INFO  server.RaftServerConfigKeys (ConfUtils.java:logGet(46)) - raft.server.threadpool.client.size = 0 (default)
2023-09-08 11:20:53,040 [8f9fa227-a509-4f05-89e4-89393bf4f6e1-groupManagement] INFO  storage.RaftStorageDirectory (RaftStorageDirectoryImpl.java:analyzeStorage(137)) - The storage directory /home/runner/work/ozone/ozone/hadoop-ozone/integration-test/target/test-dir/MiniOzoneClusterImpl-b855b142-6583-46b6-8838-7b3da9243682/datanode-0/data/ratis/0b9a189f-3dfe-47db-bfa2-0151a36e717f does not exist. Creating ...
2023-09-08 11:20:53,041 [8f9fa227-a509-4f05-89e4-89393bf4f6e1-groupManagement] INFO  storage.RaftStorageDirectory (RaftStorageDirectoryImpl.java:tryLock(231)) - Lock on /home/runner/work/ozone/ozone/hadoop-ozone/integration-test/target/test-dir/MiniOzoneClusterImpl-b855b142-6583-46b6-8838-7b3da9243682/datanode-0/data/ratis/0b9a189f-3dfe-47db-bfa2-0151a36e717f/in_use.lock acquired by nodename 7549@fv-az203-160
2023-09-08 11:20:53,043 [8f9fa227-a509-4f05-89e4-89393bf4f6e1-groupManagement] INFO  storage.RaftStorage (RaftStorageImpl.java:format(96)) - Storage directory /home/runner/work/ozone/ozone/hadoop-ozone/integration-test/target/test-dir/MiniOzoneClusterImpl-b855b142-6583-46b6-8838-7b3da9243682/datanode-0/data/ratis/0b9a189f-3dfe-47db-bfa2-0151a36e717f has been successfully formatted.
2023-09-08 11:20:53,044 [8f9fa227-a509-4f05-89e4-89393bf4f6e1-groupManagement] INFO  ratis.ContainerStateMachine (ContainerStateMachine.java:loadSnapshot(262)) - group-0151A36E717F: The snapshot info is null. Setting the last applied indexto:(t:0, i:~)
2023-09-08 11:20:53,044 [8f9fa227-a509-4f05-89e4-89393bf4f6e1-groupManagement] INFO  server.RaftServerConfigKeys (ConfUtils.java:logGet(46)) - raft.server.log.use.memory = false (default)
2023-09-08 11:20:53,044 [8f9fa227-a509-4f05-89e4-89393bf4f6e1-groupManagement] INFO  server.RaftServerConfigKeys (ConfUtils.java:logGet(46)) - raft.server.log.purge.gap = 1000000 (custom)
2023-09-08 11:20:53,044 [8f9fa227-a509-4f05-89e4-89393bf4f6e1-groupManagement] INFO  server.RaftServerConfigKeys (ConfUtils.java:logGet(46)) - raft.server.log.appender.buffer.byte-limit = 33554432 (custom)
2023-09-08 11:20:53,045 [EventQueue-OpenPipelineForHealthyPipelineSafeModeRule] INFO  safemode.SCMSafeModeManager (HealthyPipelineSafeModeRule.java:process(137)) - SCM in safe mode. Healthy pipelines reported count is 0, required healthy pipeline reported count is 1
2023-09-08 11:20:53,045 [8f9fa227-a509-4f05-89e4-89393bf4f6e1-groupManagement] INFO  server.RaftServerConfigKeys (ConfUtils.java:logGet(46)) - raft.server.log.statemachine.data.read.timeout = 1000ms (default)
2023-09-08 11:20:53,045 [8f9fa227-a509-4f05-89e4-89393bf4f6e1-groupManagement] INFO  server.RaftServerConfigKeys (ConfUtils.java:logGet(46)) - raft.server.log.purge.preservation.log.num = 0 (default)
2023-09-08 11:20:53,045 [8f9fa227-a509-4f05-89e4-89393bf4f6e1-groupManagement] INFO  server.RaftServerConfigKeys (ConfUtils.java:logGet(46)) - raft.server.log.segment.size.max = 1048576 (custom)
2023-09-08 11:20:53,045 [8f9fa227-a509-4f05-89e4-89393bf4f6e1-groupManagement] INFO  server.RaftServerConfigKeys (ConfUtils.java:logGet(46)) - raft.server.log.segment.cache.num.max = 2 (custom)
2023-09-08 11:20:53,045 [8f9fa227-a509-4f05-89e4-89393bf4f6e1-groupManagement] INFO  server.RaftServerConfigKeys (ConfUtils.java:logGet(46)) - raft.server.log.segment.cache.size.max = 200MB (=209715200) (default)
2023-09-08 11:20:53,045 [8f9fa227-a509-4f05-89e4-89393bf4f6e1-groupManagement] INFO  server.RaftServerConfigKeys (ConfUtils.java:logGet(46)) - raft.server.log.appender.buffer.byte-limit = 33554432 (custom)
2023-09-08 11:20:53,046 [8f9fa227-a509-4f05-89e4-89393bf4f6e1-groupManagement] INFO  segmented.SegmentedRaftLogWorker (SegmentedRaftLogWorker.java:<init>(188)) - new 8f9fa227-a509-4f05-89e4-89393bf4f6e1@group-0151A36E717F-SegmentedRaftLogWorker for RaftStorageImpl:Storage Directory /home/runner/work/ozone/ozone/hadoop-ozone/integration-test/target/test-dir/MiniOzoneClusterImpl-b855b142-6583-46b6-8838-7b3da9243682/datanode-0/data/ratis/0b9a189f-3dfe-47db-bfa2-0151a36e717f
2023-09-08 11:20:53,046 [8f9fa227-a509-4f05-89e4-89393bf4f6e1-groupManagement] INFO  server.RaftServerConfigKeys (ConfUtils.java:logGet(46)) - raft.server.log.queue.byte-limit = 4294967296 (custom)
2023-09-08 11:20:53,046 [8f9fa227-a509-4f05-89e4-89393bf4f6e1-groupManagement] INFO  server.RaftServerConfigKeys (ConfUtils.java:logGet(46)) - raft.server.log.queue.element-limit = 1024 (custom)
2023-09-08 11:20:53,046 [8f9fa227-a509-4f05-89e4-89393bf4f6e1-groupManagement] INFO  server.RaftServerConfigKeys (ConfUtils.java:logGet(46)) - raft.server.log.segment.size.max = 1048576 (custom)
2023-09-08 11:20:53,046 [8f9fa227-a509-4f05-89e4-89393bf4f6e1-groupManagement] INFO  server.RaftServerConfigKeys (ConfUtils.java:logGet(46)) - raft.server.log.preallocated.size = 16384 (custom)
2023-09-08 11:20:53,046 [8f9fa227-a509-4f05-89e4-89393bf4f6e1-groupManagement] INFO  server.RaftServerConfigKeys (ConfUtils.java:logGet(46)) - raft.server.log.force.sync.num = 128 (default)
2023-09-08 11:20:53,046 [8f9fa227-a509-4f05-89e4-89393bf4f6e1-groupManagement] INFO  server.RaftServerConfigKeys (ConfUtils.java:logGet(46)) - raft.server.log.statemachine.data.sync = true (default)
2023-09-08 11:20:53,046 [8f9fa227-a509-4f05-89e4-89393bf4f6e1-groupManagement] INFO  server.RaftServerConfigKeys (ConfUtils.java:logGet(46)) - raft.server.log.statemachine.data.sync.timeout = 10s (default)
2023-09-08 11:20:53,046 [8f9fa227-a509-4f05-89e4-89393bf4f6e1-groupManagement] INFO  server.RaftServerConfigKeys (ConfUtils.java:logGet(46)) - raft.server.log.statemachine.data.sync.timeout.retry = -1 (default)
2023-09-08 11:20:53,046 [8f9fa227-a509-4f05-89e4-89393bf4f6e1-groupManagement] INFO  server.RaftServerConfigKeys (ConfUtils.java:logGet(46)) - raft.server.log.write.buffer.size = 1048576 (custom)
2023-09-08 11:20:53,047 [8f9fa227-a509-4f05-89e4-89393bf4f6e1-groupManagement] INFO  server.RaftServerConfigKeys (ConfUtils.java:logGet(46)) - raft.server.log.appender.buffer.byte-limit = 33554432 (custom)
2023-09-08 11:20:53,054 [8f9fa227-a509-4f05-89e4-89393bf4f6e1-groupManagement] INFO  server.RaftServerConfigKeys (ConfUtils.java:logGet(46)) - raft.server.log.unsafe-flush.enabled = false (default)
2023-09-08 11:20:53,054 [8f9fa227-a509-4f05-89e4-89393bf4f6e1-groupManagement] INFO  server.RaftServerConfigKeys (ConfUtils.java:logGet(46)) - raft.server.log.async-flush.enabled = false (default)
2023-09-08 11:20:53,054 [8f9fa227-a509-4f05-89e4-89393bf4f6e1-groupManagement] INFO  server.RaftServerConfigKeys (ConfUtils.java:logGet(46)) - raft.server.log.statemachine.data.caching.enabled = true (custom)
2023-09-08 11:20:53,054 [8f9fa227-a509-4f05-89e4-89393bf4f6e1-groupManagement] INFO  segmented.SegmentedRaftLogWorker (SegmentedRaftLogWorker.java:lambda$new$0(135)) - 8f9fa227-a509-4f05-89e4-89393bf4f6e1@group-0151A36E717F-SegmentedRaftLogWorker: flushIndex: setUnconditionally 0 -> -1
2023-09-08 11:20:53,054 [8f9fa227-a509-4f05-89e4-89393bf4f6e1-groupManagement] INFO  segmented.SegmentedRaftLogWorker (SegmentedRaftLogWorker.java:lambda$new$0(135)) - 8f9fa227-a509-4f05-89e4-89393bf4f6e1@group-0151A36E717F-SegmentedRaftLogWorker: safeCacheEvictIndex: setUnconditionally 0 -> -1
2023-09-08 11:20:53,054 [8f9fa227-a509-4f05-89e4-89393bf4f6e1-groupManagement] INFO  server.RaftServer$Division (RaftServerImpl.java:start(342)) - 8f9fa227-a509-4f05-89e4-89393bf4f6e1@group-0151A36E717F: start as a follower, conf=-1: peers:[95dc1813-fd59-4f21-8387-058ccbf2ac19|rpc:10.1.0.72:15182|admin:10.1.0.72:15181|client:10.1.0.72:15180|dataStream:10.1.0.72:15183|priority:1|startupRole:FOLLOWER, 7a683abd-c78e-4222-b82d-306c946a3e7e|rpc:10.1.0.72:15191|admin:10.1.0.72:15190|client:10.1.0.72:15189|dataStream:10.1.0.72:15192|priority:0|startupRole:FOLLOWER, 8f9fa227-a509-4f05-89e4-89393bf4f6e1|rpc:10.1.0.72:15173|admin:10.1.0.72:15172|client:10.1.0.72:15171|dataStream:10.1.0.72:15174|priority:0|startupRole:FOLLOWER]|listeners:[], old=null
2023-09-08 11:20:53,055 [8f9fa227-a509-4f05-89e4-89393bf4f6e1-groupManagement] INFO  server.RaftServer$Division (RaftServerImpl.java:setRole(329)) - 8f9fa227-a509-4f05-89e4-89393bf4f6e1@group-0151A36E717F: changes role from      null to FOLLOWER at term 0 for startAsFollower
2023-09-08 11:20:53,055 [8f9fa227-a509-4f05-89e4-89393bf4f6e1-groupManagement] INFO  impl.RoleInfo (RoleInfo.java:updateAndGet(139)) - 8f9fa227-a509-4f05-89e4-89393bf4f6e1: start 8f9fa227-a509-4f05-89e4-89393bf4f6e1@group-0151A36E717F-FollowerState
2023-09-08 11:20:53,055 [8f9fa227-a509-4f05-89e4-89393bf4f6e1-groupManagement] INFO  util.JmxRegister (JmxRegister.java:tryRegister(44)) - Successfully registered JMX Bean with object name Ratis:service=RaftServer,group=group-0151A36E717F,id=8f9fa227-a509-4f05-89e4-89393bf4f6e1
2023-09-08 11:20:53,055 [8f9fa227-a509-4f05-89e4-89393bf4f6e1@group-0151A36E717F-FollowerState] INFO  server.RaftServerConfigKeys (ConfUtils.java:logFallback(53)) - raft.server.rpc.first-election.timeout.min = 5s (fallback to raft.server.rpc.timeout.min)
2023-09-08 11:20:53,055 [8f9fa227-a509-4f05-89e4-89393bf4f6e1-groupManagement] INFO  server.RaftServerConfigKeys (ConfUtils.java:logGet(46)) - raft.server.snapshot.auto.trigger.enabled = true (custom)
2023-09-08 11:20:53,055 [8f9fa227-a509-4f05-89e4-89393bf4f6e1@group-0151A36E717F-FollowerState] INFO  server.RaftServerConfigKeys (ConfUtils.java:logFallback(53)) - raft.server.rpc.first-election.timeout.max = 5200ms (fallback to raft.server.rpc.timeout.max)
2023-09-08 11:20:53,055 [8f9fa227-a509-4f05-89e4-89393bf4f6e1-groupManagement] INFO  server.RaftServerConfigKeys (ConfUtils.java:logGet(46)) - raft.server.snapshot.auto.trigger.threshold = 10000 (custom)
2023-09-08 11:20:53,055 [8f9fa227-a509-4f05-89e4-89393bf4f6e1-groupManagement] INFO  server.RaftServerConfigKeys (ConfUtils.java:logGet(46)) - raft.server.snapshot.retention.file.num = 5 (custom)
2023-09-08 11:20:53,055 [8f9fa227-a509-4f05-89e4-89393bf4f6e1-groupManagement] INFO  server.RaftServerConfigKeys (ConfUtils.java:logGet(46)) - raft.server.log.purge.upto.snapshot.index = false (default)
2023-09-08 11:20:53,056 [PipelineCommandHandlerThread-0] INFO  ratis.XceiverServerRatis (XceiverServerRatis.java:addGroup(804)) - Created group PipelineID=0b9a189f-3dfe-47db-bfa2-0151a36e717f
2023-09-08 11:20:53,073 [grpc-default-executor-0] INFO  server.RaftServer (RaftServerProxy.java:addNew(98)) - 95dc1813-fd59-4f21-8387-058ccbf2ac19: addNew group-0151A36E717F:[95dc1813-fd59-4f21-8387-058ccbf2ac19|rpc:10.1.0.72:15182|admin:10.1.0.72:15181|client:10.1.0.72:15180|dataStream:10.1.0.72:15183|priority:1|startupRole:FOLLOWER, 7a683abd-c78e-4222-b82d-306c946a3e7e|rpc:10.1.0.72:15191|admin:10.1.0.72:15190|client:10.1.0.72:15189|dataStream:10.1.0.72:15192|priority:0|startupRole:FOLLOWER, 8f9fa227-a509-4f05-89e4-89393bf4f6e1|rpc:10.1.0.72:15173|admin:10.1.0.72:15172|client:10.1.0.72:15171|dataStream:10.1.0.72:15174|priority:0|startupRole:FOLLOWER] returns group-0151A36E717F:java.util.concurrent.CompletableFuture@11d94760[Not completed]
2023-09-08 11:20:53,074 [95dc1813-fd59-4f21-8387-058ccbf2ac19-groupManagement] INFO  server.RaftServer$Division (RaftServerImpl.java:<init>(198)) - 95dc1813-fd59-4f21-8387-058ccbf2ac19: new RaftServerImpl for group-0151A36E717F:[95dc1813-fd59-4f21-8387-058ccbf2ac19|rpc:10.1.0.72:15182|admin:10.1.0.72:15181|client:10.1.0.72:15180|dataStream:10.1.0.72:15183|priority:1|startupRole:FOLLOWER, 7a683abd-c78e-4222-b82d-306c946a3e7e|rpc:10.1.0.72:15191|admin:10.1.0.72:15190|client:10.1.0.72:15189|dataStream:10.1.0.72:15192|priority:0|startupRole:FOLLOWER, 8f9fa227-a509-4f05-89e4-89393bf4f6e1|rpc:10.1.0.72:15173|admin:10.1.0.72:15172|client:10.1.0.72:15171|dataStream:10.1.0.72:15174|priority:0|startupRole:FOLLOWER] with ContainerStateMachine:uninitialized
2023-09-08 11:20:53,074 [95dc1813-fd59-4f21-8387-058ccbf2ac19-groupManagement] INFO  server.RaftServerConfigKeys (ConfUtils.java:logGet(46)) - raft.server.rpc.timeout.min = 5s (custom)
2023-09-08 11:20:53,074 [95dc1813-fd59-4f21-8387-058ccbf2ac19-groupManagement] INFO  server.RaftServerConfigKeys (ConfUtils.java:logGet(46)) - raft.server.rpc.timeout.max = 5200ms (custom)
2023-09-08 11:20:53,074 [95dc1813-fd59-4f21-8387-058ccbf2ac19-groupManagement] INFO  server.RaftServerConfigKeys (ConfUtils.java:logGet(46)) - raft.server.rpc.sleep.time = 25ms (default)
2023-09-08 11:20:53,074 [95dc1813-fd59-4f21-8387-058ccbf2ac19-groupManagement] INFO  server.RaftServerConfigKeys (ConfUtils.java:logGet(46)) - raft.server.rpc.slowness.timeout = 300s (custom)
2023-09-08 11:20:53,074 [95dc1813-fd59-4f21-8387-058ccbf2ac19-groupManagement] INFO  server.RaftServerConfigKeys (ConfUtils.java:logGet(46)) - raft.server.leaderelection.leader.step-down.wait-time = 10s (default)
2023-09-08 11:20:53,074 [95dc1813-fd59-4f21-8387-058ccbf2ac19-groupManagement] INFO  server.RaftServerConfigKeys (ConfUtils.java:logGet(46)) - raft.server.sleep.deviation.threshold = 300ms (default)
2023-09-08 11:20:53,074 [95dc1813-fd59-4f21-8387-058ccbf2ac19-groupManagement] INFO  server.RaftServer$Division (ServerState.java:<init>(120)) - 95dc1813-fd59-4f21-8387-058ccbf2ac19@group-0151A36E717F: ConfigurationManager, init=-1: peers:[95dc1813-fd59-4f21-8387-058ccbf2ac19|rpc:10.1.0.72:15182|admin:10.1.0.72:15181|client:10.1.0.72:15180|dataStream:10.1.0.72:15183|priority:1|startupRole:FOLLOWER, 7a683abd-c78e-4222-b82d-306c946a3e7e|rpc:10.1.0.72:15191|admin:10.1.0.72:15190|client:10.1.0.72:15189|dataStream:10.1.0.72:15192|priority:0|startupRole:FOLLOWER, 8f9fa227-a509-4f05-89e4-89393bf4f6e1|rpc:10.1.0.72:15173|admin:10.1.0.72:15172|client:10.1.0.72:15171|dataStream:10.1.0.72:15174|priority:0|startupRole:FOLLOWER]|listeners:[], old=null, confs=<EMPTY_MAP>
2023-09-08 11:20:53,074 [95dc1813-fd59-4f21-8387-058ccbf2ac19-groupManagement] INFO  server.RaftServerConfigKeys (ConfUtils.java:logGet(46)) - raft.server.storage.dir = [/home/runner/work/ozone/ozone/hadoop-ozone/integration-test/target/test-dir/MiniOzoneClusterImpl-b855b142-6583-46b6-8838-7b3da9243682/datanode-1/data/ratis] (custom)
2023-09-08 11:20:53,075 [95dc1813-fd59-4f21-8387-058ccbf2ac19-groupManagement] INFO  server.RaftServerConfigKeys (ConfUtils.java:logGet(46)) - raft.server.log.corruption.policy = EXCEPTION (default)
2023-09-08 11:20:53,075 [95dc1813-fd59-4f21-8387-058ccbf2ac19-groupManagement] INFO  server.RaftServerConfigKeys (ConfUtils.java:logGet(46)) - raft.server.storage.free-space.min = 0MB (=0) (default)
2023-09-08 11:20:53,075 [95dc1813-fd59-4f21-8387-058ccbf2ac19-groupManagement] INFO  server.RaftServerConfigKeys (ConfUtils.java:logGet(46)) - raft.server.notification.no-leader.timeout = 300s (custom)
2023-09-08 11:20:53,075 [95dc1813-fd59-4f21-8387-058ccbf2ac19-groupManagement] INFO  server.RaftServerConfigKeys (ConfUtils.java:logGet(46)) - raft.server.read.timeout = 10s (default)
2023-09-08 11:20:53,075 [95dc1813-fd59-4f21-8387-058ccbf2ac19-groupManagement] INFO  server.RaftServerConfigKeys (ConfUtils.java:logGet(46)) - raft.server.retrycache.expirytime = 600000ms (custom)
2023-09-08 11:20:53,075 [95dc1813-fd59-4f21-8387-058ccbf2ac19-groupManagement] INFO  server.RaftServerConfigKeys (ConfUtils.java:logGet(46)) - raft.server.retrycache.statistics.expirytime = 100μs (default)
2023-09-08 11:20:53,075 [95dc1813-fd59-4f21-8387-058ccbf2ac19-groupManagement] INFO  server.RaftServerConfigKeys (ConfUtils.java:logGet(46)) - raft.server.read.option = DEFAULT (default)
2023-09-08 11:20:53,076 [95dc1813-fd59-4f21-8387-058ccbf2ac19-groupManagement] INFO  server.RaftServerConfigKeys (ConfUtils.java:logGet(46)) - raft.server.rpc.request.timeout = 60s (custom)
2023-09-08 11:20:53,076 [95dc1813-fd59-4f21-8387-058ccbf2ac19-groupManagement] INFO  server.RaftServerConfigKeys (ConfUtils.java:logGet(46)) - raft.server.log.appender.install.snapshot.enabled = false (custom)
2023-09-08 11:20:53,076 [95dc1813-fd59-4f21-8387-058ccbf2ac19-groupManagement] INFO  server.RaftServerConfigKeys (ConfUtils.java:logGet(46)) - raft.server.threadpool.server.cached = true (default)
2023-09-08 11:20:53,076 [95dc1813-fd59-4f21-8387-058ccbf2ac19-groupManagement] INFO  server.RaftServerConfigKeys (ConfUtils.java:logGet(46)) - raft.server.threadpool.server.size = 0 (default)
2023-09-08 11:20:53,076 [95dc1813-fd59-4f21-8387-058ccbf2ac19-groupManagement] INFO  server.RaftServerConfigKeys (ConfUtils.java:logGet(46)) - raft.server.threadpool.client.cached = true (default)
2023-09-08 11:20:53,076 [95dc1813-fd59-4f21-8387-058ccbf2ac19-groupManagement] INFO  server.RaftServerConfigKeys (ConfUtils.java:logGet(46)) - raft.server.threadpool.client.size = 0 (default)
2023-09-08 11:20:53,076 [95dc1813-fd59-4f21-8387-058ccbf2ac19-groupManagement] INFO  storage.RaftStorageDirectory (RaftStorageDirectoryImpl.java:analyzeStorage(137)) - The storage directory /home/runner/work/ozone/ozone/hadoop-ozone/integration-test/target/test-dir/MiniOzoneClusterImpl-b855b142-6583-46b6-8838-7b3da9243682/datanode-1/data/ratis/0b9a189f-3dfe-47db-bfa2-0151a36e717f does not exist. Creating ...
2023-09-08 11:20:53,077 [95dc1813-fd59-4f21-8387-058ccbf2ac19-groupManagement] INFO  storage.RaftStorageDirectory (RaftStorageDirectoryImpl.java:tryLock(231)) - Lock on /home/runner/work/ozone/ozone/hadoop-ozone/integration-test/target/test-dir/MiniOzoneClusterImpl-b855b142-6583-46b6-8838-7b3da9243682/datanode-1/data/ratis/0b9a189f-3dfe-47db-bfa2-0151a36e717f/in_use.lock acquired by nodename 7549@fv-az203-160
2023-09-08 11:20:53,079 [95dc1813-fd59-4f21-8387-058ccbf2ac19-groupManagement] INFO  storage.RaftStorage (RaftStorageImpl.java:format(96)) - Storage directory /home/runner/work/ozone/ozone/hadoop-ozone/integration-test/target/test-dir/MiniOzoneClusterImpl-b855b142-6583-46b6-8838-7b3da9243682/datanode-1/data/ratis/0b9a189f-3dfe-47db-bfa2-0151a36e717f has been successfully formatted.
2023-09-08 11:20:53,080 [95dc1813-fd59-4f21-8387-058ccbf2ac19-groupManagement] INFO  ratis.ContainerStateMachine (ContainerStateMachine.java:loadSnapshot(262)) - group-0151A36E717F: The snapshot info is null. Setting the last applied indexto:(t:0, i:~)
2023-09-08 11:20:53,080 [95dc1813-fd59-4f21-8387-058ccbf2ac19-groupManagement] INFO  server.RaftServerConfigKeys (ConfUtils.java:logGet(46)) - raft.server.log.use.memory = false (default)
2023-09-08 11:20:53,081 [95dc1813-fd59-4f21-8387-058ccbf2ac19-groupManagement] INFO  server.RaftServerConfigKeys (ConfUtils.java:logGet(46)) - raft.server.log.purge.gap = 1000000 (custom)
2023-09-08 11:20:53,081 [95dc1813-fd59-4f21-8387-058ccbf2ac19-groupManagement] INFO  server.RaftServerConfigKeys (ConfUtils.java:logGet(46)) - raft.server.log.appender.buffer.byte-limit = 33554432 (custom)
2023-09-08 11:20:53,081 [95dc1813-fd59-4f21-8387-058ccbf2ac19-groupManagement] INFO  server.RaftServerConfigKeys (ConfUtils.java:logGet(46)) - raft.server.log.statemachine.data.read.timeout = 1000ms (default)
2023-09-08 11:20:53,081 [95dc1813-fd59-4f21-8387-058ccbf2ac19-groupManagement] INFO  server.RaftServerConfigKeys (ConfUtils.java:logGet(46)) - raft.server.log.purge.preservation.log.num = 0 (default)
2023-09-08 11:20:53,081 [95dc1813-fd59-4f21-8387-058ccbf2ac19-groupManagement] INFO  server.RaftServerConfigKeys (ConfUtils.java:logGet(46)) - raft.server.log.segment.size.max = 1048576 (custom)
2023-09-08 11:20:53,082 [95dc1813-fd59-4f21-8387-058ccbf2ac19-groupManagement] INFO  server.RaftServerConfigKeys (ConfUtils.java:logGet(46)) - raft.server.log.segment.cache.num.max = 2 (custom)
2023-09-08 11:20:53,082 [95dc1813-fd59-4f21-8387-058ccbf2ac19-groupManagement] INFO  server.RaftServerConfigKeys (ConfUtils.java:logGet(46)) - raft.server.log.segment.cache.size.max = 200MB (=209715200) (default)
2023-09-08 11:20:53,082 [95dc1813-fd59-4f21-8387-058ccbf2ac19-groupManagement] INFO  server.RaftServerConfigKeys (ConfUtils.java:logGet(46)) - raft.server.log.appender.buffer.byte-limit = 33554432 (custom)
2023-09-08 11:20:53,082 [95dc1813-fd59-4f21-8387-058ccbf2ac19-groupManagement] INFO  segmented.SegmentedRaftLogWorker (SegmentedRaftLogWorker.java:<init>(188)) - new 95dc1813-fd59-4f21-8387-058ccbf2ac19@group-0151A36E717F-SegmentedRaftLogWorker for RaftStorageImpl:Storage Directory /home/runner/work/ozone/ozone/hadoop-ozone/integration-test/target/test-dir/MiniOzoneClusterImpl-b855b142-6583-46b6-8838-7b3da9243682/datanode-1/data/ratis/0b9a189f-3dfe-47db-bfa2-0151a36e717f
2023-09-08 11:20:53,082 [95dc1813-fd59-4f21-8387-058ccbf2ac19-groupManagement] INFO  server.RaftServerConfigKeys (ConfUtils.java:logGet(46)) - raft.server.log.queue.byte-limit = 4294967296 (custom)
2023-09-08 11:20:53,082 [95dc1813-fd59-4f21-8387-058ccbf2ac19-groupManagement] INFO  server.RaftServerConfigKeys (ConfUtils.java:logGet(46)) - raft.server.log.queue.element-limit = 1024 (custom)
2023-09-08 11:20:53,082 [95dc1813-fd59-4f21-8387-058ccbf2ac19-groupManagement] INFO  server.RaftServerConfigKeys (ConfUtils.java:logGet(46)) - raft.server.log.segment.size.max = 1048576 (custom)
2023-09-08 11:20:53,082 [95dc1813-fd59-4f21-8387-058ccbf2ac19-groupManagement] INFO  server.RaftServerConfigKeys (ConfUtils.java:logGet(46)) - raft.server.log.preallocated.size = 16384 (custom)
2023-09-08 11:20:53,082 [95dc1813-fd59-4f21-8387-058ccbf2ac19-groupManagement] INFO  server.RaftServerConfigKeys (ConfUtils.java:logGet(46)) - raft.server.log.force.sync.num = 128 (default)
2023-09-08 11:20:53,082 [95dc1813-fd59-4f21-8387-058ccbf2ac19-groupManagement] INFO  server.RaftServerConfigKeys (ConfUtils.java:logGet(46)) - raft.server.log.statemachine.data.sync = true (default)
2023-09-08 11:20:53,082 [95dc1813-fd59-4f21-8387-058ccbf2ac19-groupManagement] INFO  server.RaftServerConfigKeys (ConfUtils.java:logGet(46)) - raft.server.log.statemachine.data.sync.timeout = 10s (default)
2023-09-08 11:20:53,082 [95dc1813-fd59-4f21-8387-058ccbf2ac19-groupManagement] INFO  server.RaftServerConfigKeys (ConfUtils.java:logGet(46)) - raft.server.log.statemachine.data.sync.timeout.retry = -1 (default)
2023-09-08 11:20:53,083 [95dc1813-fd59-4f21-8387-058ccbf2ac19-groupManagement] INFO  server.RaftServerConfigKeys (ConfUtils.java:logGet(46)) - raft.server.log.write.buffer.size = 1048576 (custom)
2023-09-08 11:20:53,083 [95dc1813-fd59-4f21-8387-058ccbf2ac19-groupManagement] INFO  server.RaftServerConfigKeys (ConfUtils.java:logGet(46)) - raft.server.log.appender.buffer.byte-limit = 33554432 (custom)
2023-09-08 11:20:53,088 [95dc1813-fd59-4f21-8387-058ccbf2ac19-groupManagement] INFO  server.RaftServerConfigKeys (ConfUtils.java:logGet(46)) - raft.server.log.unsafe-flush.enabled = false (default)
2023-09-08 11:20:53,088 [95dc1813-fd59-4f21-8387-058ccbf2ac19-groupManagement] INFO  server.RaftServerConfigKeys (ConfUtils.java:logGet(46)) - raft.server.log.async-flush.enabled = false (default)
2023-09-08 11:20:53,088 [95dc1813-fd59-4f21-8387-058ccbf2ac19-groupManagement] INFO  server.RaftServerConfigKeys (ConfUtils.java:logGet(46)) - raft.server.log.statemachine.data.caching.enabled = true (custom)
2023-09-08 11:20:53,089 [95dc1813-fd59-4f21-8387-058ccbf2ac19-groupManagement] INFO  segmented.SegmentedRaftLogWorker (SegmentedRaftLogWorker.java:lambda$new$0(135)) - 95dc1813-fd59-4f21-8387-058ccbf2ac19@group-0151A36E717F-SegmentedRaftLogWorker: flushIndex: setUnconditionally 0 -> -1
2023-09-08 11:20:53,089 [95dc1813-fd59-4f21-8387-058ccbf2ac19-groupManagement] INFO  segmented.SegmentedRaftLogWorker (SegmentedRaftLogWorker.java:lambda$new$0(135)) - 95dc1813-fd59-4f21-8387-058ccbf2ac19@group-0151A36E717F-SegmentedRaftLogWorker: safeCacheEvictIndex: setUnconditionally 0 -> -1
2023-09-08 11:20:53,089 [95dc1813-fd59-4f21-8387-058ccbf2ac19-groupManagement] INFO  server.RaftServer$Division (RaftServerImpl.java:start(342)) - 95dc1813-fd59-4f21-8387-058ccbf2ac19@group-0151A36E717F: start as a follower, conf=-1: peers:[95dc1813-fd59-4f21-8387-058ccbf2ac19|rpc:10.1.0.72:15182|admin:10.1.0.72:15181|client:10.1.0.72:15180|dataStream:10.1.0.72:15183|priority:1|startupRole:FOLLOWER, 7a683abd-c78e-4222-b82d-306c946a3e7e|rpc:10.1.0.72:15191|admin:10.1.0.72:15190|client:10.1.0.72:15189|dataStream:10.1.0.72:15192|priority:0|startupRole:FOLLOWER, 8f9fa227-a509-4f05-89e4-89393bf4f6e1|rpc:10.1.0.72:15173|admin:10.1.0.72:15172|client:10.1.0.72:15171|dataStream:10.1.0.72:15174|priority:0|startupRole:FOLLOWER]|listeners:[], old=null
2023-09-08 11:20:53,089 [95dc1813-fd59-4f21-8387-058ccbf2ac19-groupManagement] INFO  server.RaftServer$Division (RaftServerImpl.java:setRole(329)) - 95dc1813-fd59-4f21-8387-058ccbf2ac19@group-0151A36E717F: changes role from      null to FOLLOWER at term 0 for startAsFollower
2023-09-08 11:20:53,089 [95dc1813-fd59-4f21-8387-058ccbf2ac19-groupManagement] INFO  impl.RoleInfo (RoleInfo.java:updateAndGet(139)) - 95dc1813-fd59-4f21-8387-058ccbf2ac19: start 95dc1813-fd59-4f21-8387-058ccbf2ac19@group-0151A36E717F-FollowerState
2023-09-08 11:20:53,089 [95dc1813-fd59-4f21-8387-058ccbf2ac19-groupManagement] INFO  util.JmxRegister (JmxRegister.java:tryRegister(44)) - Successfully registered JMX Bean with object name Ratis:service=RaftServer,group=group-0151A36E717F,id=95dc1813-fd59-4f21-8387-058ccbf2ac19
2023-09-08 11:20:53,089 [95dc1813-fd59-4f21-8387-058ccbf2ac19@group-0151A36E717F-FollowerState] INFO  server.RaftServerConfigKeys (ConfUtils.java:logFallback(53)) - raft.server.rpc.first-election.timeout.min = 5s (fallback to raft.server.rpc.timeout.min)
2023-09-08 11:20:53,089 [95dc1813-fd59-4f21-8387-058ccbf2ac19-groupManagement] INFO  server.RaftServerConfigKeys (ConfUtils.java:logGet(46)) - raft.server.snapshot.auto.trigger.enabled = true (custom)
2023-09-08 11:20:53,089 [95dc1813-fd59-4f21-8387-058ccbf2ac19@group-0151A36E717F-FollowerState] INFO  server.RaftServerConfigKeys (ConfUtils.java:logFallback(53)) - raft.server.rpc.first-election.timeout.max = 5200ms (fallback to raft.server.rpc.timeout.max)
2023-09-08 11:20:53,090 [95dc1813-fd59-4f21-8387-058ccbf2ac19-groupManagement] INFO  server.RaftServerConfigKeys (ConfUtils.java:logGet(46)) - raft.server.snapshot.auto.trigger.threshold = 10000 (custom)
2023-09-08 11:20:53,090 [95dc1813-fd59-4f21-8387-058ccbf2ac19-groupManagement] INFO  server.RaftServerConfigKeys (ConfUtils.java:logGet(46)) - raft.server.snapshot.retention.file.num = 5 (custom)
2023-09-08 11:20:53,090 [95dc1813-fd59-4f21-8387-058ccbf2ac19-groupManagement] INFO  server.RaftServerConfigKeys (ConfUtils.java:logGet(46)) - raft.server.log.purge.upto.snapshot.index = false (default)
2023-09-08 11:20:53,117 [grpc-default-executor-0] INFO  server.RaftServer (RaftServerProxy.java:addNew(98)) - 7a683abd-c78e-4222-b82d-306c946a3e7e: addNew group-0151A36E717F:[95dc1813-fd59-4f21-8387-058ccbf2ac19|rpc:10.1.0.72:15182|admin:10.1.0.72:15181|client:10.1.0.72:15180|dataStream:10.1.0.72:15183|priority:1|startupRole:FOLLOWER, 7a683abd-c78e-4222-b82d-306c946a3e7e|rpc:10.1.0.72:15191|admin:10.1.0.72:15190|client:10.1.0.72:15189|dataStream:10.1.0.72:15192|priority:0|startupRole:FOLLOWER, 8f9fa227-a509-4f05-89e4-89393bf4f6e1|rpc:10.1.0.72:15173|admin:10.1.0.72:15172|client:10.1.0.72:15171|dataStream:10.1.0.72:15174|priority:0|startupRole:FOLLOWER] returns group-0151A36E717F:java.util.concurrent.CompletableFuture@693399da[Not completed]
2023-09-08 11:20:53,118 [7a683abd-c78e-4222-b82d-306c946a3e7e-groupManagement] INFO  server.RaftServer$Division (RaftServerImpl.java:<init>(198)) - 7a683abd-c78e-4222-b82d-306c946a3e7e: new RaftServerImpl for group-0151A36E717F:[95dc1813-fd59-4f21-8387-058ccbf2ac19|rpc:10.1.0.72:15182|admin:10.1.0.72:15181|client:10.1.0.72:15180|dataStream:10.1.0.72:15183|priority:1|startupRole:FOLLOWER, 7a683abd-c78e-4222-b82d-306c946a3e7e|rpc:10.1.0.72:15191|admin:10.1.0.72:15190|client:10.1.0.72:15189|dataStream:10.1.0.72:15192|priority:0|startupRole:FOLLOWER, 8f9fa227-a509-4f05-89e4-89393bf4f6e1|rpc:10.1.0.72:15173|admin:10.1.0.72:15172|client:10.1.0.72:15171|dataStream:10.1.0.72:15174|priority:0|startupRole:FOLLOWER] with ContainerStateMachine:uninitialized
2023-09-08 11:20:53,118 [7a683abd-c78e-4222-b82d-306c946a3e7e-groupManagement] INFO  server.RaftServerConfigKeys (ConfUtils.java:logGet(46)) - raft.server.rpc.timeout.min = 5s (custom)
2023-09-08 11:20:53,118 [7a683abd-c78e-4222-b82d-306c946a3e7e-groupManagement] INFO  server.RaftServerConfigKeys (ConfUtils.java:logGet(46)) - raft.server.rpc.timeout.max = 5200ms (custom)
2023-09-08 11:20:53,118 [7a683abd-c78e-4222-b82d-306c946a3e7e-groupManagement] INFO  server.RaftServerConfigKeys (ConfUtils.java:logGet(46)) - raft.server.rpc.sleep.time = 25ms (default)
2023-09-08 11:20:53,118 [7a683abd-c78e-4222-b82d-306c946a3e7e-groupManagement] INFO  server.RaftServerConfigKeys (ConfUtils.java:logGet(46)) - raft.server.rpc.slowness.timeout = 300s (custom)
2023-09-08 11:20:53,118 [7a683abd-c78e-4222-b82d-306c946a3e7e-groupManagement] INFO  server.RaftServerConfigKeys (ConfUtils.java:logGet(46)) - raft.server.leaderelection.leader.step-down.wait-time = 10s (default)
2023-09-08 11:20:53,118 [7a683abd-c78e-4222-b82d-306c946a3e7e-groupManagement] INFO  server.RaftServerConfigKeys (ConfUtils.java:logGet(46)) - raft.server.sleep.deviation.threshold = 300ms (default)
2023-09-08 11:20:53,118 [7a683abd-c78e-4222-b82d-306c946a3e7e-groupManagement] INFO  server.RaftServer$Division (ServerState.java:<init>(120)) - 7a683abd-c78e-4222-b82d-306c946a3e7e@group-0151A36E717F: ConfigurationManager, init=-1: peers:[95dc1813-fd59-4f21-8387-058ccbf2ac19|rpc:10.1.0.72:15182|admin:10.1.0.72:15181|client:10.1.0.72:15180|dataStream:10.1.0.72:15183|priority:1|startupRole:FOLLOWER, 7a683abd-c78e-4222-b82d-306c946a3e7e|rpc:10.1.0.72:15191|admin:10.1.0.72:15190|client:10.1.0.72:15189|dataStream:10.1.0.72:15192|priority:0|startupRole:FOLLOWER, 8f9fa227-a509-4f05-89e4-89393bf4f6e1|rpc:10.1.0.72:15173|admin:10.1.0.72:15172|client:10.1.0.72:15171|dataStream:10.1.0.72:15174|priority:0|startupRole:FOLLOWER]|listeners:[], old=null, confs=<EMPTY_MAP>
2023-09-08 11:20:53,118 [7a683abd-c78e-4222-b82d-306c946a3e7e-groupManagement] INFO  server.RaftServerConfigKeys (ConfUtils.java:logGet(46)) - raft.server.storage.dir = [/home/runner/work/ozone/ozone/hadoop-ozone/integration-test/target/test-dir/MiniOzoneClusterImpl-b855b142-6583-46b6-8838-7b3da9243682/datanode-2/data/ratis] (custom)
2023-09-08 11:20:53,118 [7a683abd-c78e-4222-b82d-306c946a3e7e-groupManagement] INFO  server.RaftServerConfigKeys (ConfUtils.java:logGet(46)) - raft.server.log.corruption.policy = EXCEPTION (default)
2023-09-08 11:20:53,118 [7a683abd-c78e-4222-b82d-306c946a3e7e-groupManagement] INFO  server.RaftServerConfigKeys (ConfUtils.java:logGet(46)) - raft.server.storage.free-space.min = 0MB (=0) (default)
2023-09-08 11:20:53,119 [7a683abd-c78e-4222-b82d-306c946a3e7e-groupManagement] INFO  server.RaftServerConfigKeys (ConfUtils.java:logGet(46)) - raft.server.notification.no-leader.timeout = 300s (custom)
2023-09-08 11:20:53,119 [7a683abd-c78e-4222-b82d-306c946a3e7e-groupManagement] INFO  server.RaftServerConfigKeys (ConfUtils.java:logGet(46)) - raft.server.read.timeout = 10s (default)
2023-09-08 11:20:53,119 [7a683abd-c78e-4222-b82d-306c946a3e7e-groupManagement] INFO  server.RaftServerConfigKeys (ConfUtils.java:logGet(46)) - raft.server.retrycache.expirytime = 600000ms (custom)
2023-09-08 11:20:53,119 [7a683abd-c78e-4222-b82d-306c946a3e7e-groupManagement] INFO  server.RaftServerConfigKeys (ConfUtils.java:logGet(46)) - raft.server.retrycache.statistics.expirytime = 100μs (default)
2023-09-08 11:20:53,119 [7a683abd-c78e-4222-b82d-306c946a3e7e-groupManagement] INFO  server.RaftServerConfigKeys (ConfUtils.java:logGet(46)) - raft.server.read.option = DEFAULT (default)
2023-09-08 11:20:53,119 [7a683abd-c78e-4222-b82d-306c946a3e7e-groupManagement] INFO  server.RaftServerConfigKeys (ConfUtils.java:logGet(46)) - raft.server.rpc.request.timeout = 60s (custom)
2023-09-08 11:20:53,119 [7a683abd-c78e-4222-b82d-306c946a3e7e-groupManagement] INFO  server.RaftServerConfigKeys (ConfUtils.java:logGet(46)) - raft.server.log.appender.install.snapshot.enabled = false (custom)
2023-09-08 11:20:53,119 [7a683abd-c78e-4222-b82d-306c946a3e7e-groupManagement] INFO  server.RaftServerConfigKeys (ConfUtils.java:logGet(46)) - raft.server.threadpool.server.cached = true (default)
2023-09-08 11:20:53,119 [7a683abd-c78e-4222-b82d-306c946a3e7e-groupManagement] INFO  server.RaftServerConfigKeys (ConfUtils.java:logGet(46)) - raft.server.threadpool.server.size = 0 (default)
2023-09-08 11:20:53,119 [7a683abd-c78e-4222-b82d-306c946a3e7e-groupManagement] INFO  server.RaftServerConfigKeys (ConfUtils.java:logGet(46)) - raft.server.threadpool.client.cached = true (default)
2023-09-08 11:20:53,119 [7a683abd-c78e-4222-b82d-306c946a3e7e-groupManagement] INFO  server.RaftServerConfigKeys (ConfUtils.java:logGet(46)) - raft.server.threadpool.client.size = 0 (default)
2023-09-08 11:20:53,120 [7a683abd-c78e-4222-b82d-306c946a3e7e-groupManagement] INFO  storage.RaftStorageDirectory (RaftStorageDirectoryImpl.java:analyzeStorage(137)) - The storage directory /home/runner/work/ozone/ozone/hadoop-ozone/integration-test/target/test-dir/MiniOzoneClusterImpl-b855b142-6583-46b6-8838-7b3da9243682/datanode-2/data/ratis/0b9a189f-3dfe-47db-bfa2-0151a36e717f does not exist. Creating ...
2023-09-08 11:20:53,122 [7a683abd-c78e-4222-b82d-306c946a3e7e-groupManagement] INFO  storage.RaftStorageDirectory (RaftStorageDirectoryImpl.java:tryLock(231)) - Lock on /home/runner/work/ozone/ozone/hadoop-ozone/integration-test/target/test-dir/MiniOzoneClusterImpl-b855b142-6583-46b6-8838-7b3da9243682/datanode-2/data/ratis/0b9a189f-3dfe-47db-bfa2-0151a36e717f/in_use.lock acquired by nodename 7549@fv-az203-160
2023-09-08 11:20:53,124 [7a683abd-c78e-4222-b82d-306c946a3e7e-groupManagement] INFO  storage.RaftStorage (RaftStorageImpl.java:format(96)) - Storage directory /home/runner/work/ozone/ozone/hadoop-ozone/integration-test/target/test-dir/MiniOzoneClusterImpl-b855b142-6583-46b6-8838-7b3da9243682/datanode-2/data/ratis/0b9a189f-3dfe-47db-bfa2-0151a36e717f has been successfully formatted.
2023-09-08 11:20:53,126 [7a683abd-c78e-4222-b82d-306c946a3e7e-groupManagement] INFO  ratis.ContainerStateMachine (ContainerStateMachine.java:loadSnapshot(262)) - group-0151A36E717F: The snapshot info is null. Setting the last applied indexto:(t:0, i:~)
2023-09-08 11:20:53,126 [7a683abd-c78e-4222-b82d-306c946a3e7e-groupManagement] INFO  server.RaftServerConfigKeys (ConfUtils.java:logGet(46)) - raft.server.log.use.memory = false (default)
2023-09-08 11:20:53,126 [7a683abd-c78e-4222-b82d-306c946a3e7e-groupManagement] INFO  server.RaftServerConfigKeys (ConfUtils.java:logGet(46)) - raft.server.log.purge.gap = 1000000 (custom)
2023-09-08 11:20:53,126 [7a683abd-c78e-4222-b82d-306c946a3e7e-groupManagement] INFO  server.RaftServerConfigKeys (ConfUtils.java:logGet(46)) - raft.server.log.appender.buffer.byte-limit = 33554432 (custom)
2023-09-08 11:20:53,126 [7a683abd-c78e-4222-b82d-306c946a3e7e-groupManagement] INFO  server.RaftServerConfigKeys (ConfUtils.java:logGet(46)) - raft.server.log.statemachine.data.read.timeout = 1000ms (default)
2023-09-08 11:20:53,126 [7a683abd-c78e-4222-b82d-306c946a3e7e-groupManagement] INFO  server.RaftServerConfigKeys (ConfUtils.java:logGet(46)) - raft.server.log.purge.preservation.log.num = 0 (default)
2023-09-08 11:20:53,126 [7a683abd-c78e-4222-b82d-306c946a3e7e-groupManagement] INFO  server.RaftServerConfigKeys (ConfUtils.java:logGet(46)) - raft.server.log.segment.size.max = 1048576 (custom)
2023-09-08 11:20:53,127 [7a683abd-c78e-4222-b82d-306c946a3e7e-groupManagement] INFO  server.RaftServerConfigKeys (ConfUtils.java:logGet(46)) - raft.server.log.segment.cache.num.max = 2 (custom)
2023-09-08 11:20:53,127 [7a683abd-c78e-4222-b82d-306c946a3e7e-groupManagement] INFO  server.RaftServerConfigKeys (ConfUtils.java:logGet(46)) - raft.server.log.segment.cache.size.max = 200MB (=209715200) (default)
2023-09-08 11:20:53,127 [7a683abd-c78e-4222-b82d-306c946a3e7e-groupManagement] INFO  server.RaftServerConfigKeys (ConfUtils.java:logGet(46)) - raft.server.log.appender.buffer.byte-limit = 33554432 (custom)
2023-09-08 11:20:53,127 [7a683abd-c78e-4222-b82d-306c946a3e7e-groupManagement] INFO  segmented.SegmentedRaftLogWorker (SegmentedRaftLogWorker.java:<init>(188)) - new 7a683abd-c78e-4222-b82d-306c946a3e7e@group-0151A36E717F-SegmentedRaftLogWorker for RaftStorageImpl:Storage Directory /home/runner/work/ozone/ozone/hadoop-ozone/integration-test/target/test-dir/MiniOzoneClusterImpl-b855b142-6583-46b6-8838-7b3da9243682/datanode-2/data/ratis/0b9a189f-3dfe-47db-bfa2-0151a36e717f
2023-09-08 11:20:53,127 [7a683abd-c78e-4222-b82d-306c946a3e7e-groupManagement] INFO  server.RaftServerConfigKeys (ConfUtils.java:logGet(46)) - raft.server.log.queue.byte-limit = 4294967296 (custom)
2023-09-08 11:20:53,127 [7a683abd-c78e-4222-b82d-306c946a3e7e-groupManagement] INFO  server.RaftServerConfigKeys (ConfUtils.java:logGet(46)) - raft.server.log.queue.element-limit = 1024 (custom)
2023-09-08 11:20:53,127 [7a683abd-c78e-4222-b82d-306c946a3e7e-groupManagement] INFO  server.RaftServerConfigKeys (ConfUtils.java:logGet(46)) - raft.server.log.segment.size.max = 1048576 (custom)
2023-09-08 11:20:53,127 [7a683abd-c78e-4222-b82d-306c946a3e7e-groupManagement] INFO  server.RaftServerConfigKeys (ConfUtils.java:logGet(46)) - raft.server.log.preallocated.size = 16384 (custom)
2023-09-08 11:20:53,127 [7a683abd-c78e-4222-b82d-306c946a3e7e-groupManagement] INFO  server.RaftServerConfigKeys (ConfUtils.java:logGet(46)) - raft.server.log.force.sync.num = 128 (default)
2023-09-08 11:20:53,127 [7a683abd-c78e-4222-b82d-306c946a3e7e-groupManagement] INFO  server.RaftServerConfigKeys (ConfUtils.java:logGet(46)) - raft.server.log.statemachine.data.sync = true (default)
2023-09-08 11:20:53,127 [7a683abd-c78e-4222-b82d-306c946a3e7e-groupManagement] INFO  server.RaftServerConfigKeys (ConfUtils.java:logGet(46)) - raft.server.log.statemachine.data.sync.timeout = 10s (default)
2023-09-08 11:20:53,127 [7a683abd-c78e-4222-b82d-306c946a3e7e-groupManagement] INFO  server.RaftServerConfigKeys (ConfUtils.java:logGet(46)) - raft.server.log.statemachine.data.sync.timeout.retry = -1 (default)
2023-09-08 11:20:53,128 [7a683abd-c78e-4222-b82d-306c946a3e7e-groupManagement] INFO  server.RaftServerConfigKeys (ConfUtils.java:logGet(46)) - raft.server.log.write.buffer.size = 1048576 (custom)
2023-09-08 11:20:53,128 [7a683abd-c78e-4222-b82d-306c946a3e7e-groupManagement] INFO  server.RaftServerConfigKeys (ConfUtils.java:logGet(46)) - raft.server.log.appender.buffer.byte-limit = 33554432 (custom)
2023-09-08 11:20:53,134 [7a683abd-c78e-4222-b82d-306c946a3e7e-groupManagement] INFO  server.RaftServerConfigKeys (ConfUtils.java:logGet(46)) - raft.server.log.unsafe-flush.enabled = false (default)
2023-09-08 11:20:53,134 [7a683abd-c78e-4222-b82d-306c946a3e7e-groupManagement] INFO  server.RaftServerConfigKeys (ConfUtils.java:logGet(46)) - raft.server.log.async-flush.enabled = false (default)
2023-09-08 11:20:53,134 [7a683abd-c78e-4222-b82d-306c946a3e7e-groupManagement] INFO  server.RaftServerConfigKeys (ConfUtils.java:logGet(46)) - raft.server.log.statemachine.data.caching.enabled = true (custom)
2023-09-08 11:20:53,134 [7a683abd-c78e-4222-b82d-306c946a3e7e-groupManagement] INFO  segmented.SegmentedRaftLogWorker (SegmentedRaftLogWorker.java:lambda$new$0(135)) - 7a683abd-c78e-4222-b82d-306c946a3e7e@group-0151A36E717F-SegmentedRaftLogWorker: flushIndex: setUnconditionally 0 -> -1
2023-09-08 11:20:53,134 [7a683abd-c78e-4222-b82d-306c946a3e7e-groupManagement] INFO  segmented.SegmentedRaftLogWorker (SegmentedRaftLogWorker.java:lambda$new$0(135)) - 7a683abd-c78e-4222-b82d-306c946a3e7e@group-0151A36E717F-SegmentedRaftLogWorker: safeCacheEvictIndex: setUnconditionally 0 -> -1
2023-09-08 11:20:53,135 [7a683abd-c78e-4222-b82d-306c946a3e7e-groupManagement] INFO  server.RaftServer$Division (RaftServerImpl.java:start(342)) - 7a683abd-c78e-4222-b82d-306c946a3e7e@group-0151A36E717F: start as a follower, conf=-1: peers:[95dc1813-fd59-4f21-8387-058ccbf2ac19|rpc:10.1.0.72:15182|admin:10.1.0.72:15181|client:10.1.0.72:15180|dataStream:10.1.0.72:15183|priority:1|startupRole:FOLLOWER, 7a683abd-c78e-4222-b82d-306c946a3e7e|rpc:10.1.0.72:15191|admin:10.1.0.72:15190|client:10.1.0.72:15189|dataStream:10.1.0.72:15192|priority:0|startupRole:FOLLOWER, 8f9fa227-a509-4f05-89e4-89393bf4f6e1|rpc:10.1.0.72:15173|admin:10.1.0.72:15172|client:10.1.0.72:15171|dataStream:10.1.0.72:15174|priority:0|startupRole:FOLLOWER]|listeners:[], old=null
2023-09-08 11:20:53,135 [7a683abd-c78e-4222-b82d-306c946a3e7e-groupManagement] INFO  server.RaftServer$Division (RaftServerImpl.java:setRole(329)) - 7a683abd-c78e-4222-b82d-306c946a3e7e@group-0151A36E717F: changes role from      null to FOLLOWER at term 0 for startAsFollower
2023-09-08 11:20:53,135 [7a683abd-c78e-4222-b82d-306c946a3e7e-groupManagement] INFO  impl.RoleInfo (RoleInfo.java:updateAndGet(139)) - 7a683abd-c78e-4222-b82d-306c946a3e7e: start 7a683abd-c78e-4222-b82d-306c946a3e7e@group-0151A36E717F-FollowerState
2023-09-08 11:20:53,140 [7a683abd-c78e-4222-b82d-306c946a3e7e-groupManagement] INFO  util.JmxRegister (JmxRegister.java:tryRegister(44)) - Successfully registered JMX Bean with object name Ratis:service=RaftServer,group=group-0151A36E717F,id=7a683abd-c78e-4222-b82d-306c946a3e7e
2023-09-08 11:20:53,140 [7a683abd-c78e-4222-b82d-306c946a3e7e-groupManagement] INFO  server.RaftServerConfigKeys (ConfUtils.java:logGet(46)) - raft.server.snapshot.auto.trigger.enabled = true (custom)
2023-09-08 11:20:53,140 [7a683abd-c78e-4222-b82d-306c946a3e7e-groupManagement] INFO  server.RaftServerConfigKeys (ConfUtils.java:logGet(46)) - raft.server.snapshot.auto.trigger.threshold = 10000 (custom)
2023-09-08 11:20:53,140 [7a683abd-c78e-4222-b82d-306c946a3e7e-groupManagement] INFO  server.RaftServerConfigKeys (ConfUtils.java:logGet(46)) - raft.server.snapshot.retention.file.num = 5 (custom)
2023-09-08 11:20:53,140 [7a683abd-c78e-4222-b82d-306c946a3e7e-groupManagement] INFO  server.RaftServerConfigKeys (ConfUtils.java:logGet(46)) - raft.server.log.purge.upto.snapshot.index = false (default)
2023-09-08 11:20:53,155 [7a683abd-c78e-4222-b82d-306c946a3e7e@group-0151A36E717F-FollowerState] INFO  server.RaftServerConfigKeys (ConfUtils.java:logFallback(53)) - raft.server.rpc.first-election.timeout.min = 5s (fallback to raft.server.rpc.timeout.min)
2023-09-08 11:20:53,155 [7a683abd-c78e-4222-b82d-306c946a3e7e@group-0151A36E717F-FollowerState] INFO  server.RaftServerConfigKeys (ConfUtils.java:logFallback(53)) - raft.server.rpc.first-election.timeout.max = 5200ms (fallback to raft.server.rpc.timeout.max)
2023-09-08 11:20:53,158 [PipelineCommandHandlerThread-0] INFO  commandhandler.CreatePipelineCommandHandler (CreatePipelineCommandHandler.java:lambda$handle$2(124)) - Created Pipeline RATIS THREE PipelineID=0b9a189f-3dfe-47db-bfa2-0151a36e717f.
2023-09-08 11:20:53,158 [PipelineCommandHandlerThread-0] INFO  server.RaftServer (RaftServerProxy.java:addNew(98)) - 8f9fa227-a509-4f05-89e4-89393bf4f6e1: addNew group-C1E63A429653:[7a683abd-c78e-4222-b82d-306c946a3e7e|rpc:10.1.0.72:15191|admin:10.1.0.72:15190|client:10.1.0.72:15189|dataStream:10.1.0.72:15192|priority:0|startupRole:FOLLOWER, 95dc1813-fd59-4f21-8387-058ccbf2ac19|rpc:10.1.0.72:15182|admin:10.1.0.72:15181|client:10.1.0.72:15180|dataStream:10.1.0.72:15183|priority:0|startupRole:FOLLOWER, 8f9fa227-a509-4f05-89e4-89393bf4f6e1|rpc:10.1.0.72:15173|admin:10.1.0.72:15172|client:10.1.0.72:15171|dataStream:10.1.0.72:15174|priority:1|startupRole:FOLLOWER] returns group-C1E63A429653:java.util.concurrent.CompletableFuture@1bca1afb[Not completed]
2023-09-08 11:20:53,159 [8f9fa227-a509-4f05-89e4-89393bf4f6e1-groupManagement] INFO  server.RaftServer$Division (RaftServerImpl.java:<init>(198)) - 8f9fa227-a509-4f05-89e4-89393bf4f6e1: new RaftServerImpl for group-C1E63A429653:[7a683abd-c78e-4222-b82d-306c946a3e7e|rpc:10.1.0.72:15191|admin:10.1.0.72:15190|client:10.1.0.72:15189|dataStream:10.1.0.72:15192|priority:0|startupRole:FOLLOWER, 95dc1813-fd59-4f21-8387-058ccbf2ac19|rpc:10.1.0.72:15182|admin:10.1.0.72:15181|client:10.1.0.72:15180|dataStream:10.1.0.72:15183|priority:0|startupRole:FOLLOWER, 8f9fa227-a509-4f05-89e4-89393bf4f6e1|rpc:10.1.0.72:15173|admin:10.1.0.72:15172|client:10.1.0.72:15171|dataStream:10.1.0.72:15174|priority:1|startupRole:FOLLOWER] with ContainerStateMachine:uninitialized
2023-09-08 11:20:53,159 [8f9fa227-a509-4f05-89e4-89393bf4f6e1-groupManagement] INFO  server.RaftServerConfigKeys (ConfUtils.java:logGet(46)) - raft.server.rpc.timeout.min = 5s (custom)
2023-09-08 11:20:53,159 [8f9fa227-a509-4f05-89e4-89393bf4f6e1-groupManagement] INFO  server.RaftServerConfigKeys (ConfUtils.java:logGet(46)) - raft.server.rpc.timeout.max = 5200ms (custom)
2023-09-08 11:20:53,159 [8f9fa227-a509-4f05-89e4-89393bf4f6e1-groupManagement] INFO  server.RaftServerConfigKeys (ConfUtils.java:logGet(46)) - raft.server.rpc.sleep.time = 25ms (default)
2023-09-08 11:20:53,159 [8f9fa227-a509-4f05-89e4-89393bf4f6e1-groupManagement] INFO  server.RaftServerConfigKeys (ConfUtils.java:logGet(46)) - raft.server.rpc.slowness.timeout = 300s (custom)
2023-09-08 11:20:53,159 [8f9fa227-a509-4f05-89e4-89393bf4f6e1-groupManagement] INFO  server.RaftServerConfigKeys (ConfUtils.java:logGet(46)) - raft.server.leaderelection.leader.step-down.wait-time = 10s (default)
2023-09-08 11:20:53,159 [8f9fa227-a509-4f05-89e4-89393bf4f6e1-groupManagement] INFO  server.RaftServerConfigKeys (ConfUtils.java:logGet(46)) - raft.server.sleep.deviation.threshold = 300ms (default)
2023-09-08 11:20:53,159 [8f9fa227-a509-4f05-89e4-89393bf4f6e1-groupManagement] INFO  server.RaftServer$Division (ServerState.java:<init>(120)) - 8f9fa227-a509-4f05-89e4-89393bf4f6e1@group-C1E63A429653: ConfigurationManager, init=-1: peers:[7a683abd-c78e-4222-b82d-306c946a3e7e|rpc:10.1.0.72:15191|admin:10.1.0.72:15190|client:10.1.0.72:15189|dataStream:10.1.0.72:15192|priority:0|startupRole:FOLLOWER, 95dc1813-fd59-4f21-8387-058ccbf2ac19|rpc:10.1.0.72:15182|admin:10.1.0.72:15181|client:10.1.0.72:15180|dataStream:10.1.0.72:15183|priority:0|startupRole:FOLLOWER, 8f9fa227-a509-4f05-89e4-89393bf4f6e1|rpc:10.1.0.72:15173|admin:10.1.0.72:15172|client:10.1.0.72:15171|dataStream:10.1.0.72:15174|priority:1|startupRole:FOLLOWER]|listeners:[], old=null, confs=<EMPTY_MAP>
2023-09-08 11:20:53,159 [8f9fa227-a509-4f05-89e4-89393bf4f6e1-groupManagement] INFO  server.RaftServerConfigKeys (ConfUtils.java:logGet(46)) - raft.server.storage.dir = [/home/runner/work/ozone/ozone/hadoop-ozone/integration-test/target/test-dir/MiniOzoneClusterImpl-b855b142-6583-46b6-8838-7b3da9243682/datanode-0/data/ratis] (custom)
2023-09-08 11:20:53,159 [8f9fa227-a509-4f05-89e4-89393bf4f6e1-groupManagement] INFO  server.RaftServerConfigKeys (ConfUtils.java:logGet(46)) - raft.server.log.corruption.policy = EXCEPTION (default)
2023-09-08 11:20:53,160 [8f9fa227-a509-4f05-89e4-89393bf4f6e1-groupManagement] INFO  server.RaftServerConfigKeys (ConfUtils.java:logGet(46)) - raft.server.storage.free-space.min = 0MB (=0) (default)
2023-09-08 11:20:53,160 [8f9fa227-a509-4f05-89e4-89393bf4f6e1-groupManagement] INFO  server.RaftServerConfigKeys (ConfUtils.java:logGet(46)) - raft.server.notification.no-leader.timeout = 300s (custom)
2023-09-08 11:20:53,160 [8f9fa227-a509-4f05-89e4-89393bf4f6e1-groupManagement] INFO  server.RaftServerConfigKeys (ConfUtils.java:logGet(46)) - raft.server.read.timeout = 10s (default)
2023-09-08 11:20:53,160 [8f9fa227-a509-4f05-89e4-89393bf4f6e1-groupManagement] INFO  server.RaftServerConfigKeys (ConfUtils.java:logGet(46)) - raft.server.retrycache.expirytime = 600000ms (custom)
2023-09-08 11:20:53,160 [8f9fa227-a509-4f05-89e4-89393bf4f6e1-groupManagement] INFO  server.RaftServerConfigKeys (ConfUtils.java:logGet(46)) - raft.server.retrycache.statistics.expirytime = 100μs (default)
2023-09-08 11:20:53,160 [8f9fa227-a509-4f05-89e4-89393bf4f6e1-groupManagement] INFO  server.RaftServerConfigKeys (ConfUtils.java:logGet(46)) - raft.server.read.option = DEFAULT (default)
2023-09-08 11:20:53,160 [8f9fa227-a509-4f05-89e4-89393bf4f6e1-groupManagement] INFO  server.RaftServerConfigKeys (ConfUtils.java:logGet(46)) - raft.server.rpc.request.timeout = 60s (custom)
2023-09-08 11:20:53,160 [8f9fa227-a509-4f05-89e4-89393bf4f6e1-groupManagement] INFO  server.RaftServerConfigKeys (ConfUtils.java:logGet(46)) - raft.server.log.appender.install.snapshot.enabled = false (custom)
2023-09-08 11:20:53,161 [8f9fa227-a509-4f05-89e4-89393bf4f6e1-groupManagement] INFO  server.RaftServerConfigKeys (ConfUtils.java:logGet(46)) - raft.server.threadpool.server.cached = true (default)
2023-09-08 11:20:53,161 [8f9fa227-a509-4f05-89e4-89393bf4f6e1-groupManagement] INFO  server.RaftServerConfigKeys (ConfUtils.java:logGet(46)) - raft.server.threadpool.server.size = 0 (default)
2023-09-08 11:20:53,161 [8f9fa227-a509-4f05-89e4-89393bf4f6e1-groupManagement] INFO  server.RaftServerConfigKeys (ConfUtils.java:logGet(46)) - raft.server.threadpool.client.cached = true (default)
2023-09-08 11:20:53,161 [8f9fa227-a509-4f05-89e4-89393bf4f6e1-groupManagement] INFO  server.RaftServerConfigKeys (ConfUtils.java:logGet(46)) - raft.server.threadpool.client.size = 0 (default)
2023-09-08 11:20:53,161 [8f9fa227-a509-4f05-89e4-89393bf4f6e1-groupManagement] INFO  storage.RaftStorageDirectory (RaftStorageDirectoryImpl.java:analyzeStorage(137)) - The storage directory /home/runner/work/ozone/ozone/hadoop-ozone/integration-test/target/test-dir/MiniOzoneClusterImpl-b855b142-6583-46b6-8838-7b3da9243682/datanode-0/data/ratis/7400896a-f043-4aff-b7b6-c1e63a429653 does not exist. Creating ...
2023-09-08 11:20:53,163 [8f9fa227-a509-4f05-89e4-89393bf4f6e1-groupManagement] INFO  storage.RaftStorageDirectory (RaftStorageDirectoryImpl.java:tryLock(231)) - Lock on /home/runner/work/ozone/ozone/hadoop-ozone/integration-test/target/test-dir/MiniOzoneClusterImpl-b855b142-6583-46b6-8838-7b3da9243682/datanode-0/data/ratis/7400896a-f043-4aff-b7b6-c1e63a429653/in_use.lock acquired by nodename 7549@fv-az203-160
2023-09-08 11:20:53,165 [8f9fa227-a509-4f05-89e4-89393bf4f6e1-groupManagement] INFO  storage.RaftStorage (RaftStorageImpl.java:format(96)) - Storage directory /home/runner/work/ozone/ozone/hadoop-ozone/integration-test/target/test-dir/MiniOzoneClusterImpl-b855b142-6583-46b6-8838-7b3da9243682/datanode-0/data/ratis/7400896a-f043-4aff-b7b6-c1e63a429653 has been successfully formatted.
2023-09-08 11:20:53,165 [8f9fa227-a509-4f05-89e4-89393bf4f6e1-groupManagement] INFO  ratis.ContainerStateMachine (ContainerStateMachine.java:loadSnapshot(262)) - group-C1E63A429653: The snapshot info is null. Setting the last applied indexto:(t:0, i:~)
2023-09-08 11:20:53,166 [8f9fa227-a509-4f05-89e4-89393bf4f6e1-groupManagement] INFO  server.RaftServerConfigKeys (ConfUtils.java:logGet(46)) - raft.server.log.use.memory = false (default)
2023-09-08 11:20:53,166 [8f9fa227-a509-4f05-89e4-89393bf4f6e1-groupManagement] INFO  server.RaftServerConfigKeys (ConfUtils.java:logGet(46)) - raft.server.log.purge.gap = 1000000 (custom)
2023-09-08 11:20:53,166 [8f9fa227-a509-4f05-89e4-89393bf4f6e1-groupManagement] INFO  server.RaftServerConfigKeys (ConfUtils.java:logGet(46)) - raft.server.log.appender.buffer.byte-limit = 33554432 (custom)
2023-09-08 11:20:53,166 [EventQueue-OpenPipelineForHealthyPipelineSafeModeRule] INFO  safemode.SCMSafeModeManager (HealthyPipelineSafeModeRule.java:process(137)) - SCM in safe mode. Healthy pipelines reported count is 0, required healthy pipeline reported count is 1
2023-09-08 11:20:53,166 [8f9fa227-a509-4f05-89e4-89393bf4f6e1-groupManagement] INFO  server.RaftServerConfigKeys (ConfUtils.java:logGet(46)) - raft.server.log.statemachine.data.read.timeout = 1000ms (default)
2023-09-08 11:20:53,166 [8f9fa227-a509-4f05-89e4-89393bf4f6e1-groupManagement] INFO  server.RaftServerConfigKeys (ConfUtils.java:logGet(46)) - raft.server.log.purge.preservation.log.num = 0 (default)
2023-09-08 11:20:53,167 [8f9fa227-a509-4f05-89e4-89393bf4f6e1-groupManagement] INFO  server.RaftServerConfigKeys (ConfUtils.java:logGet(46)) - raft.server.log.segment.size.max = 1048576 (custom)
2023-09-08 11:20:53,167 [8f9fa227-a509-4f05-89e4-89393bf4f6e1-groupManagement] INFO  server.RaftServerConfigKeys (ConfUtils.java:logGet(46)) - raft.server.log.segment.cache.num.max = 2 (custom)
2023-09-08 11:20:53,167 [8f9fa227-a509-4f05-89e4-89393bf4f6e1-groupManagement] INFO  server.RaftServerConfigKeys (ConfUtils.java:logGet(46)) - raft.server.log.segment.cache.size.max = 200MB (=209715200) (default)
2023-09-08 11:20:53,167 [8f9fa227-a509-4f05-89e4-89393bf4f6e1-groupManagement] INFO  server.RaftServerConfigKeys (ConfUtils.java:logGet(46)) - raft.server.log.appender.buffer.byte-limit = 33554432 (custom)
2023-09-08 11:20:53,167 [8f9fa227-a509-4f05-89e4-89393bf4f6e1-groupManagement] INFO  segmented.SegmentedRaftLogWorker (SegmentedRaftLogWorker.java:<init>(188)) - new 8f9fa227-a509-4f05-89e4-89393bf4f6e1@group-C1E63A429653-SegmentedRaftLogWorker for RaftStorageImpl:Storage Directory /home/runner/work/ozone/ozone/hadoop-ozone/integration-test/target/test-dir/MiniOzoneClusterImpl-b855b142-6583-46b6-8838-7b3da9243682/datanode-0/data/ratis/7400896a-f043-4aff-b7b6-c1e63a429653
2023-09-08 11:20:53,167 [8f9fa227-a509-4f05-89e4-89393bf4f6e1-groupManagement] INFO  server.RaftServerConfigKeys (ConfUtils.java:logGet(46)) - raft.server.log.queue.byte-limit = 4294967296 (custom)
2023-09-08 11:20:53,167 [8f9fa227-a509-4f05-89e4-89393bf4f6e1-groupManagement] INFO  server.RaftServerConfigKeys (ConfUtils.java:logGet(46)) - raft.server.log.queue.element-limit = 1024 (custom)
2023-09-08 11:20:53,167 [8f9fa227-a509-4f05-89e4-89393bf4f6e1-groupManagement] INFO  server.RaftServerConfigKeys (ConfUtils.java:logGet(46)) - raft.server.log.segment.size.max = 1048576 (custom)
2023-09-08 11:20:53,167 [8f9fa227-a509-4f05-89e4-89393bf4f6e1-groupManagement] INFO  server.RaftServerConfigKeys (ConfUtils.java:logGet(46)) - raft.server.log.preallocated.size = 16384 (custom)
2023-09-08 11:20:53,167 [8f9fa227-a509-4f05-89e4-89393bf4f6e1-groupManagement] INFO  server.RaftServerConfigKeys (ConfUtils.java:logGet(46)) - raft.server.log.force.sync.num = 128 (default)
2023-09-08 11:20:53,167 [8f9fa227-a509-4f05-89e4-89393bf4f6e1-groupManagement] INFO  server.RaftServerConfigKeys (ConfUtils.java:logGet(46)) - raft.server.log.statemachine.data.sync = true (default)
2023-09-08 11:20:53,168 [8f9fa227-a509-4f05-89e4-89393bf4f6e1-groupManagement] INFO  server.RaftServerConfigKeys (ConfUtils.java:logGet(46)) - raft.server.log.statemachine.data.sync.timeout = 10s (default)
2023-09-08 11:20:53,168 [8f9fa227-a509-4f05-89e4-89393bf4f6e1-groupManagement] INFO  server.RaftServerConfigKeys (ConfUtils.java:logGet(46)) - raft.server.log.statemachine.data.sync.timeout.retry = -1 (default)
2023-09-08 11:20:53,168 [8f9fa227-a509-4f05-89e4-89393bf4f6e1-groupManagement] INFO  server.RaftServerConfigKeys (ConfUtils.java:logGet(46)) - raft.server.log.write.buffer.size = 1048576 (custom)
2023-09-08 11:20:53,169 [8f9fa227-a509-4f05-89e4-89393bf4f6e1-groupManagement] INFO  server.RaftServerConfigKeys (ConfUtils.java:logGet(46)) - raft.server.log.appender.buffer.byte-limit = 33554432 (custom)
2023-09-08 11:20:53,226 [8f9fa227-a509-4f05-89e4-89393bf4f6e1-groupManagement] INFO  server.RaftServerConfigKeys (ConfUtils.java:logGet(46)) - raft.server.log.unsafe-flush.enabled = false (default)
2023-09-08 11:20:53,226 [8f9fa227-a509-4f05-89e4-89393bf4f6e1-groupManagement] INFO  server.RaftServerConfigKeys (ConfUtils.java:logGet(46)) - raft.server.log.async-flush.enabled = false (default)
2023-09-08 11:20:53,226 [8f9fa227-a509-4f05-89e4-89393bf4f6e1-groupManagement] INFO  server.RaftServerConfigKeys (ConfUtils.java:logGet(46)) - raft.server.log.statemachine.data.caching.enabled = true (custom)
2023-09-08 11:20:53,226 [8f9fa227-a509-4f05-89e4-89393bf4f6e1-groupManagement] INFO  segmented.SegmentedRaftLogWorker (SegmentedRaftLogWorker.java:lambda$new$0(135)) - 8f9fa227-a509-4f05-89e4-89393bf4f6e1@group-C1E63A429653-SegmentedRaftLogWorker: flushIndex: setUnconditionally 0 -> -1
2023-09-08 11:20:53,226 [8f9fa227-a509-4f05-89e4-89393bf4f6e1-groupManagement] INFO  segmented.SegmentedRaftLogWorker (SegmentedRaftLogWorker.java:lambda$new$0(135)) - 8f9fa227-a509-4f05-89e4-89393bf4f6e1@group-C1E63A429653-SegmentedRaftLogWorker: safeCacheEvictIndex: setUnconditionally 0 -> -1
2023-09-08 11:20:53,227 [8f9fa227-a509-4f05-89e4-89393bf4f6e1-groupManagement] INFO  server.RaftServer$Division (RaftServerImpl.java:start(342)) - 8f9fa227-a509-4f05-89e4-89393bf4f6e1@group-C1E63A429653: start as a follower, conf=-1: peers:[7a683abd-c78e-4222-b82d-306c946a3e7e|rpc:10.1.0.72:15191|admin:10.1.0.72:15190|client:10.1.0.72:15189|dataStream:10.1.0.72:15192|priority:0|startupRole:FOLLOWER, 95dc1813-fd59-4f21-8387-058ccbf2ac19|rpc:10.1.0.72:15182|admin:10.1.0.72:15181|client:10.1.0.72:15180|dataStream:10.1.0.72:15183|priority:0|startupRole:FOLLOWER, 8f9fa227-a509-4f05-89e4-89393bf4f6e1|rpc:10.1.0.72:15173|admin:10.1.0.72:15172|client:10.1.0.72:15171|dataStream:10.1.0.72:15174|priority:1|startupRole:FOLLOWER]|listeners:[], old=null
2023-09-08 11:20:53,227 [8f9fa227-a509-4f05-89e4-89393bf4f6e1-groupManagement] INFO  server.RaftServer$Division (RaftServerImpl.java:setRole(329)) - 8f9fa227-a509-4f05-89e4-89393bf4f6e1@group-C1E63A429653: changes role from      null to FOLLOWER at term 0 for startAsFollower
2023-09-08 11:20:53,227 [8f9fa227-a509-4f05-89e4-89393bf4f6e1-groupManagement] INFO  impl.RoleInfo (RoleInfo.java:updateAndGet(139)) - 8f9fa227-a509-4f05-89e4-89393bf4f6e1: start 8f9fa227-a509-4f05-89e4-89393bf4f6e1@group-C1E63A429653-FollowerState
2023-09-08 11:20:53,227 [8f9fa227-a509-4f05-89e4-89393bf4f6e1-groupManagement] INFO  util.JmxRegister (JmxRegister.java:tryRegister(44)) - Successfully registered JMX Bean with object name Ratis:service=RaftServer,group=group-C1E63A429653,id=8f9fa227-a509-4f05-89e4-89393bf4f6e1
2023-09-08 11:20:53,227 [8f9fa227-a509-4f05-89e4-89393bf4f6e1-groupManagement] INFO  server.RaftServerConfigKeys (ConfUtils.java:logGet(46)) - raft.server.snapshot.auto.trigger.enabled = true (custom)
2023-09-08 11:20:53,228 [8f9fa227-a509-4f05-89e4-89393bf4f6e1-groupManagement] INFO  server.RaftServerConfigKeys (ConfUtils.java:logGet(46)) - raft.server.snapshot.auto.trigger.threshold = 10000 (custom)
2023-09-08 11:20:53,228 [8f9fa227-a509-4f05-89e4-89393bf4f6e1-groupManagement] INFO  server.RaftServerConfigKeys (ConfUtils.java:logGet(46)) - raft.server.snapshot.retention.file.num = 5 (custom)
2023-09-08 11:20:53,228 [8f9fa227-a509-4f05-89e4-89393bf4f6e1-groupManagement] INFO  server.RaftServerConfigKeys (ConfUtils.java:logGet(46)) - raft.server.log.purge.upto.snapshot.index = false (default)
2023-09-08 11:20:53,235 [PipelineCommandHandlerThread-0] INFO  ratis.XceiverServerRatis (XceiverServerRatis.java:addGroup(804)) - Created group PipelineID=7400896a-f043-4aff-b7b6-c1e63a429653
2023-09-08 11:20:53,238 [8f9fa227-a509-4f05-89e4-89393bf4f6e1@group-C1E63A429653-FollowerState] INFO  server.RaftServerConfigKeys (ConfUtils.java:logFallback(53)) - raft.server.rpc.first-election.timeout.min = 5s (fallback to raft.server.rpc.timeout.min)
2023-09-08 11:20:53,238 [8f9fa227-a509-4f05-89e4-89393bf4f6e1@group-C1E63A429653-FollowerState] INFO  server.RaftServerConfigKeys (ConfUtils.java:logFallback(53)) - raft.server.rpc.first-election.timeout.max = 5200ms (fallback to raft.server.rpc.timeout.max)
2023-09-08 11:20:53,254 [grpc-default-executor-0] INFO  server.RaftServer (RaftServerProxy.java:addNew(98)) - 7a683abd-c78e-4222-b82d-306c946a3e7e: addNew group-C1E63A429653:[7a683abd-c78e-4222-b82d-306c946a3e7e|rpc:10.1.0.72:15191|admin:10.1.0.72:15190|client:10.1.0.72:15189|dataStream:10.1.0.72:15192|priority:0|startupRole:FOLLOWER, 95dc1813-fd59-4f21-8387-058ccbf2ac19|rpc:10.1.0.72:15182|admin:10.1.0.72:15181|client:10.1.0.72:15180|dataStream:10.1.0.72:15183|priority:0|startupRole:FOLLOWER, 8f9fa227-a509-4f05-89e4-89393bf4f6e1|rpc:10.1.0.72:15173|admin:10.1.0.72:15172|client:10.1.0.72:15171|dataStream:10.1.0.72:15174|priority:1|startupRole:FOLLOWER] returns group-C1E63A429653:java.util.concurrent.CompletableFuture@5e6b527d[Not completed]
2023-09-08 11:20:53,255 [7a683abd-c78e-4222-b82d-306c946a3e7e-groupManagement] INFO  server.RaftServer$Division (RaftServerImpl.java:<init>(198)) - 7a683abd-c78e-4222-b82d-306c946a3e7e: new RaftServerImpl for group-C1E63A429653:[7a683abd-c78e-4222-b82d-306c946a3e7e|rpc:10.1.0.72:15191|admin:10.1.0.72:15190|client:10.1.0.72:15189|dataStream:10.1.0.72:15192|priority:0|startupRole:FOLLOWER, 95dc1813-fd59-4f21-8387-058ccbf2ac19|rpc:10.1.0.72:15182|admin:10.1.0.72:15181|client:10.1.0.72:15180|dataStream:10.1.0.72:15183|priority:0|startupRole:FOLLOWER, 8f9fa227-a509-4f05-89e4-89393bf4f6e1|rpc:10.1.0.72:15173|admin:10.1.0.72:15172|client:10.1.0.72:15171|dataStream:10.1.0.72:15174|priority:1|startupRole:FOLLOWER] with ContainerStateMachine:uninitialized
2023-09-08 11:20:53,255 [7a683abd-c78e-4222-b82d-306c946a3e7e-groupManagement] INFO  server.RaftServerConfigKeys (ConfUtils.java:logGet(46)) - raft.server.rpc.timeout.min = 5s (custom)
2023-09-08 11:20:53,255 [7a683abd-c78e-4222-b82d-306c946a3e7e-groupManagement] INFO  server.RaftServerConfigKeys (ConfUtils.java:logGet(46)) - raft.server.rpc.timeout.max = 5200ms (custom)
2023-09-08 11:20:53,255 [7a683abd-c78e-4222-b82d-306c946a3e7e-groupManagement] INFO  server.RaftServerConfigKeys (ConfUtils.java:logGet(46)) - raft.server.rpc.sleep.time = 25ms (default)
2023-09-08 11:20:53,255 [7a683abd-c78e-4222-b82d-306c946a3e7e-groupManagement] INFO  server.RaftServerConfigKeys (ConfUtils.java:logGet(46)) - raft.server.rpc.slowness.timeout = 300s (custom)
2023-09-08 11:20:53,255 [7a683abd-c78e-4222-b82d-306c946a3e7e-groupManagement] INFO  server.RaftServerConfigKeys (ConfUtils.java:logGet(46)) - raft.server.leaderelection.leader.step-down.wait-time = 10s (default)
2023-09-08 11:20:53,256 [7a683abd-c78e-4222-b82d-306c946a3e7e-groupManagement] INFO  server.RaftServerConfigKeys (ConfUtils.java:logGet(46)) - raft.server.sleep.deviation.threshold = 300ms (default)
2023-09-08 11:20:53,256 [7a683abd-c78e-4222-b82d-306c946a3e7e-groupManagement] INFO  server.RaftServer$Division (ServerState.java:<init>(120)) - 7a683abd-c78e-4222-b82d-306c946a3e7e@group-C1E63A429653: ConfigurationManager, init=-1: peers:[7a683abd-c78e-4222-b82d-306c946a3e7e|rpc:10.1.0.72:15191|admin:10.1.0.72:15190|client:10.1.0.72:15189|dataStream:10.1.0.72:15192|priority:0|startupRole:FOLLOWER, 95dc1813-fd59-4f21-8387-058ccbf2ac19|rpc:10.1.0.72:15182|admin:10.1.0.72:15181|client:10.1.0.72:15180|dataStream:10.1.0.72:15183|priority:0|startupRole:FOLLOWER, 8f9fa227-a509-4f05-89e4-89393bf4f6e1|rpc:10.1.0.72:15173|admin:10.1.0.72:15172|client:10.1.0.72:15171|dataStream:10.1.0.72:15174|priority:1|startupRole:FOLLOWER]|listeners:[], old=null, confs=<EMPTY_MAP>
2023-09-08 11:20:53,256 [7a683abd-c78e-4222-b82d-306c946a3e7e-groupManagement] INFO  server.RaftServerConfigKeys (ConfUtils.java:logGet(46)) - raft.server.storage.dir = [/home/runner/work/ozone/ozone/hadoop-ozone/integration-test/target/test-dir/MiniOzoneClusterImpl-b855b142-6583-46b6-8838-7b3da9243682/datanode-2/data/ratis] (custom)
2023-09-08 11:20:53,256 [7a683abd-c78e-4222-b82d-306c946a3e7e-groupManagement] INFO  server.RaftServerConfigKeys (ConfUtils.java:logGet(46)) - raft.server.log.corruption.policy = EXCEPTION (default)
2023-09-08 11:20:53,256 [7a683abd-c78e-4222-b82d-306c946a3e7e-groupManagement] INFO  server.RaftServerConfigKeys (ConfUtils.java:logGet(46)) - raft.server.storage.free-space.min = 0MB (=0) (default)
2023-09-08 11:20:53,256 [7a683abd-c78e-4222-b82d-306c946a3e7e-groupManagement] INFO  server.RaftServerConfigKeys (ConfUtils.java:logGet(46)) - raft.server.notification.no-leader.timeout = 300s (custom)
2023-09-08 11:20:53,256 [7a683abd-c78e-4222-b82d-306c946a3e7e-groupManagement] INFO  server.RaftServerConfigKeys (ConfUtils.java:logGet(46)) - raft.server.read.timeout = 10s (default)
2023-09-08 11:20:53,256 [7a683abd-c78e-4222-b82d-306c946a3e7e-groupManagement] INFO  server.RaftServerConfigKeys (ConfUtils.java:logGet(46)) - raft.server.retrycache.expirytime = 600000ms (custom)
2023-09-08 11:20:53,256 [7a683abd-c78e-4222-b82d-306c946a3e7e-groupManagement] INFO  server.RaftServerConfigKeys (ConfUtils.java:logGet(46)) - raft.server.retrycache.statistics.expirytime = 100μs (default)
2023-09-08 11:20:53,256 [7a683abd-c78e-4222-b82d-306c946a3e7e-groupManagement] INFO  server.RaftServerConfigKeys (ConfUtils.java:logGet(46)) - raft.server.read.option = DEFAULT (default)
2023-09-08 11:20:53,257 [7a683abd-c78e-4222-b82d-306c946a3e7e-groupManagement] INFO  server.RaftServerConfigKeys (ConfUtils.java:logGet(46)) - raft.server.rpc.request.timeout = 60s (custom)
2023-09-08 11:20:53,257 [7a683abd-c78e-4222-b82d-306c946a3e7e-groupManagement] INFO  server.RaftServerConfigKeys (ConfUtils.java:logGet(46)) - raft.server.log.appender.install.snapshot.enabled = false (custom)
2023-09-08 11:20:53,257 [7a683abd-c78e-4222-b82d-306c946a3e7e-groupManagement] INFO  server.RaftServerConfigKeys (ConfUtils.java:logGet(46)) - raft.server.threadpool.server.cached = true (default)
2023-09-08 11:20:53,257 [7a683abd-c78e-4222-b82d-306c946a3e7e-groupManagement] INFO  server.RaftServerConfigKeys (ConfUtils.java:logGet(46)) - raft.server.threadpool.server.size = 0 (default)
2023-09-08 11:20:53,257 [7a683abd-c78e-4222-b82d-306c946a3e7e-groupManagement] INFO  server.RaftServerConfigKeys (ConfUtils.java:logGet(46)) - raft.server.threadpool.client.cached = true (default)
2023-09-08 11:20:53,257 [7a683abd-c78e-4222-b82d-306c946a3e7e-groupManagement] INFO  server.RaftServerConfigKeys (ConfUtils.java:logGet(46)) - raft.server.threadpool.client.size = 0 (default)
2023-09-08 11:20:53,257 [7a683abd-c78e-4222-b82d-306c946a3e7e-groupManagement] INFO  storage.RaftStorageDirectory (RaftStorageDirectoryImpl.java:analyzeStorage(137)) - The storage directory /home/runner/work/ozone/ozone/hadoop-ozone/integration-test/target/test-dir/MiniOzoneClusterImpl-b855b142-6583-46b6-8838-7b3da9243682/datanode-2/data/ratis/7400896a-f043-4aff-b7b6-c1e63a429653 does not exist. Creating ...
2023-09-08 11:20:53,266 [7a683abd-c78e-4222-b82d-306c946a3e7e-groupManagement] INFO  storage.RaftStorageDirectory (RaftStorageDirectoryImpl.java:tryLock(231)) - Lock on /home/runner/work/ozone/ozone/hadoop-ozone/integration-test/target/test-dir/MiniOzoneClusterImpl-b855b142-6583-46b6-8838-7b3da9243682/datanode-2/data/ratis/7400896a-f043-4aff-b7b6-c1e63a429653/in_use.lock acquired by nodename 7549@fv-az203-160
2023-09-08 11:20:53,268 [7a683abd-c78e-4222-b82d-306c946a3e7e-groupManagement] INFO  storage.RaftStorage (RaftStorageImpl.java:format(96)) - Storage directory /home/runner/work/ozone/ozone/hadoop-ozone/integration-test/target/test-dir/MiniOzoneClusterImpl-b855b142-6583-46b6-8838-7b3da9243682/datanode-2/data/ratis/7400896a-f043-4aff-b7b6-c1e63a429653 has been successfully formatted.
2023-09-08 11:20:53,269 [7a683abd-c78e-4222-b82d-306c946a3e7e-groupManagement] INFO  ratis.ContainerStateMachine (ContainerStateMachine.java:loadSnapshot(262)) - group-C1E63A429653: The snapshot info is null. Setting the last applied indexto:(t:0, i:~)
2023-09-08 11:20:53,269 [7a683abd-c78e-4222-b82d-306c946a3e7e-groupManagement] INFO  server.RaftServerConfigKeys (ConfUtils.java:logGet(46)) - raft.server.log.use.memory = false (default)
2023-09-08 11:20:53,269 [7a683abd-c78e-4222-b82d-306c946a3e7e-groupManagement] INFO  server.RaftServerConfigKeys (ConfUtils.java:logGet(46)) - raft.server.log.purge.gap = 1000000 (custom)
2023-09-08 11:20:53,269 [7a683abd-c78e-4222-b82d-306c946a3e7e-groupManagement] INFO  server.RaftServerConfigKeys (ConfUtils.java:logGet(46)) - raft.server.log.appender.buffer.byte-limit = 33554432 (custom)
2023-09-08 11:20:53,270 [7a683abd-c78e-4222-b82d-306c946a3e7e-groupManagement] INFO  server.RaftServerConfigKeys (ConfUtils.java:logGet(46)) - raft.server.log.statemachine.data.read.timeout = 1000ms (default)
2023-09-08 11:20:53,270 [7a683abd-c78e-4222-b82d-306c946a3e7e-groupManagement] INFO  server.RaftServerConfigKeys (ConfUtils.java:logGet(46)) - raft.server.log.purge.preservation.log.num = 0 (default)
2023-09-08 11:20:53,270 [7a683abd-c78e-4222-b82d-306c946a3e7e-groupManagement] INFO  server.RaftServerConfigKeys (ConfUtils.java:logGet(46)) - raft.server.log.segment.size.max = 1048576 (custom)
2023-09-08 11:20:53,270 [7a683abd-c78e-4222-b82d-306c946a3e7e-groupManagement] INFO  server.RaftServerConfigKeys (ConfUtils.java:logGet(46)) - raft.server.log.segment.cache.num.max = 2 (custom)
2023-09-08 11:20:53,270 [7a683abd-c78e-4222-b82d-306c946a3e7e-groupManagement] INFO  server.RaftServerConfigKeys (ConfUtils.java:logGet(46)) - raft.server.log.segment.cache.size.max = 200MB (=209715200) (default)
2023-09-08 11:20:53,270 [7a683abd-c78e-4222-b82d-306c946a3e7e-groupManagement] INFO  server.RaftServerConfigKeys (ConfUtils.java:logGet(46)) - raft.server.log.appender.buffer.byte-limit = 33554432 (custom)
2023-09-08 11:20:53,270 [7a683abd-c78e-4222-b82d-306c946a3e7e-groupManagement] INFO  segmented.SegmentedRaftLogWorker (SegmentedRaftLogWorker.java:<init>(188)) - new 7a683abd-c78e-4222-b82d-306c946a3e7e@group-C1E63A429653-SegmentedRaftLogWorker for RaftStorageImpl:Storage Directory /home/runner/work/ozone/ozone/hadoop-ozone/integration-test/target/test-dir/MiniOzoneClusterImpl-b855b142-6583-46b6-8838-7b3da9243682/datanode-2/data/ratis/7400896a-f043-4aff-b7b6-c1e63a429653
2023-09-08 11:20:53,270 [7a683abd-c78e-4222-b82d-306c946a3e7e-groupManagement] INFO  server.RaftServerConfigKeys (ConfUtils.java:logGet(46)) - raft.server.log.queue.byte-limit = 4294967296 (custom)
2023-09-08 11:20:53,270 [7a683abd-c78e-4222-b82d-306c946a3e7e-groupManagement] INFO  server.RaftServerConfigKeys (ConfUtils.java:logGet(46)) - raft.server.log.queue.element-limit = 1024 (custom)
2023-09-08 11:20:53,270 [7a683abd-c78e-4222-b82d-306c946a3e7e-groupManagement] INFO  server.RaftServerConfigKeys (ConfUtils.java:logGet(46)) - raft.server.log.segment.size.max = 1048576 (custom)
2023-09-08 11:20:53,270 [7a683abd-c78e-4222-b82d-306c946a3e7e-groupManagement] INFO  server.RaftServerConfigKeys (ConfUtils.java:logGet(46)) - raft.server.log.preallocated.size = 16384 (custom)
2023-09-08 11:20:53,270 [7a683abd-c78e-4222-b82d-306c946a3e7e-groupManagement] INFO  server.RaftServerConfigKeys (ConfUtils.java:logGet(46)) - raft.server.log.force.sync.num = 128 (default)
2023-09-08 11:20:53,270 [7a683abd-c78e-4222-b82d-306c946a3e7e-groupManagement] INFO  server.RaftServerConfigKeys (ConfUtils.java:logGet(46)) - raft.server.log.statemachine.data.sync = true (default)
2023-09-08 11:20:53,270 [7a683abd-c78e-4222-b82d-306c946a3e7e-groupManagement] INFO  server.RaftServerConfigKeys (ConfUtils.java:logGet(46)) - raft.server.log.statemachine.data.sync.timeout = 10s (default)
2023-09-08 11:20:53,270 [7a683abd-c78e-4222-b82d-306c946a3e7e-groupManagement] INFO  server.RaftServerConfigKeys (ConfUtils.java:logGet(46)) - raft.server.log.statemachine.data.sync.timeout.retry = -1 (default)
2023-09-08 11:20:53,271 [7a683abd-c78e-4222-b82d-306c946a3e7e-groupManagement] INFO  server.RaftServerConfigKeys (ConfUtils.java:logGet(46)) - raft.server.log.write.buffer.size = 1048576 (custom)
2023-09-08 11:20:53,271 [7a683abd-c78e-4222-b82d-306c946a3e7e-groupManagement] INFO  server.RaftServerConfigKeys (ConfUtils.java:logGet(46)) - raft.server.log.appender.buffer.byte-limit = 33554432 (custom)
2023-09-08 11:20:53,273 [main] INFO  ozone.MiniOzoneClusterImpl (MiniOzoneClusterImpl.java:lambda$waitForClusterToBeReady$0(224)) - Nodes are ready. Got 5 of 5 DN Heartbeats.
2023-09-08 11:20:53,273 [main] INFO  ozone.MiniOzoneClusterImpl (MiniOzoneClusterImpl.java:lambda$waitForClusterToBeReady$0(227)) - Waiting for cluster to exit safe mode
2023-09-08 11:20:53,273 [main] INFO  ozone.MiniOzoneClusterImpl (MiniOzoneClusterImpl.java:lambda$waitForClusterToBeReady$0(229)) - SCM became leader
2023-09-08 11:20:53,278 [7a683abd-c78e-4222-b82d-306c946a3e7e-groupManagement] INFO  server.RaftServerConfigKeys (ConfUtils.java:logGet(46)) - raft.server.log.unsafe-flush.enabled = false (default)
2023-09-08 11:20:53,278 [7a683abd-c78e-4222-b82d-306c946a3e7e-groupManagement] INFO  server.RaftServerConfigKeys (ConfUtils.java:logGet(46)) - raft.server.log.async-flush.enabled = false (default)
2023-09-08 11:20:53,278 [7a683abd-c78e-4222-b82d-306c946a3e7e-groupManagement] INFO  server.RaftServerConfigKeys (ConfUtils.java:logGet(46)) - raft.server.log.statemachine.data.caching.enabled = true (custom)
2023-09-08 11:20:53,278 [7a683abd-c78e-4222-b82d-306c946a3e7e-groupManagement] INFO  segmented.SegmentedRaftLogWorker (SegmentedRaftLogWorker.java:lambda$new$0(135)) - 7a683abd-c78e-4222-b82d-306c946a3e7e@group-C1E63A429653-SegmentedRaftLogWorker: flushIndex: setUnconditionally 0 -> -1
2023-09-08 11:20:53,278 [7a683abd-c78e-4222-b82d-306c946a3e7e-groupManagement] INFO  segmented.SegmentedRaftLogWorker (SegmentedRaftLogWorker.java:lambda$new$0(135)) - 7a683abd-c78e-4222-b82d-306c946a3e7e@group-C1E63A429653-SegmentedRaftLogWorker: safeCacheEvictIndex: setUnconditionally 0 -> -1
2023-09-08 11:20:53,279 [7a683abd-c78e-4222-b82d-306c946a3e7e-groupManagement] INFO  server.RaftServer$Division (RaftServerImpl.java:start(342)) - 7a683abd-c78e-4222-b82d-306c946a3e7e@group-C1E63A429653: start as a follower, conf=-1: peers:[7a683abd-c78e-4222-b82d-306c946a3e7e|rpc:10.1.0.72:15191|admin:10.1.0.72:15190|client:10.1.0.72:15189|dataStream:10.1.0.72:15192|priority:0|startupRole:FOLLOWER, 95dc1813-fd59-4f21-8387-058ccbf2ac19|rpc:10.1.0.72:15182|admin:10.1.0.72:15181|client:10.1.0.72:15180|dataStream:10.1.0.72:15183|priority:0|startupRole:FOLLOWER, 8f9fa227-a509-4f05-89e4-89393bf4f6e1|rpc:10.1.0.72:15173|admin:10.1.0.72:15172|client:10.1.0.72:15171|dataStream:10.1.0.72:15174|priority:1|startupRole:FOLLOWER]|listeners:[], old=null
2023-09-08 11:20:53,279 [7a683abd-c78e-4222-b82d-306c946a3e7e-groupManagement] INFO  server.RaftServer$Division (RaftServerImpl.java:setRole(329)) - 7a683abd-c78e-4222-b82d-306c946a3e7e@group-C1E63A429653: changes role from      null to FOLLOWER at term 0 for startAsFollower
2023-09-08 11:20:53,279 [7a683abd-c78e-4222-b82d-306c946a3e7e-groupManagement] INFO  impl.RoleInfo (RoleInfo.java:updateAndGet(139)) - 7a683abd-c78e-4222-b82d-306c946a3e7e: start 7a683abd-c78e-4222-b82d-306c946a3e7e@group-C1E63A429653-FollowerState
2023-09-08 11:20:53,281 [7a683abd-c78e-4222-b82d-306c946a3e7e-groupManagement] INFO  util.JmxRegister (JmxRegister.java:tryRegister(44)) - Successfully registered JMX Bean with object name Ratis:service=RaftServer,group=group-C1E63A429653,id=7a683abd-c78e-4222-b82d-306c946a3e7e
2023-09-08 11:20:53,281 [7a683abd-c78e-4222-b82d-306c946a3e7e-groupManagement] INFO  server.RaftServerConfigKeys (ConfUtils.java:logGet(46)) - raft.server.snapshot.auto.trigger.enabled = true (custom)
2023-09-08 11:20:53,281 [7a683abd-c78e-4222-b82d-306c946a3e7e-groupManagement] INFO  server.RaftServerConfigKeys (ConfUtils.java:logGet(46)) - raft.server.snapshot.auto.trigger.threshold = 10000 (custom)
2023-09-08 11:20:53,281 [7a683abd-c78e-4222-b82d-306c946a3e7e-groupManagement] INFO  server.RaftServerConfigKeys (ConfUtils.java:logGet(46)) - raft.server.snapshot.retention.file.num = 5 (custom)
2023-09-08 11:20:53,281 [7a683abd-c78e-4222-b82d-306c946a3e7e-groupManagement] INFO  server.RaftServerConfigKeys (ConfUtils.java:logGet(46)) - raft.server.log.purge.upto.snapshot.index = false (default)
2023-09-08 11:20:53,281 [7a683abd-c78e-4222-b82d-306c946a3e7e@group-C1E63A429653-FollowerState] INFO  server.RaftServerConfigKeys (ConfUtils.java:logFallback(53)) - raft.server.rpc.first-election.timeout.min = 5s (fallback to raft.server.rpc.timeout.min)
2023-09-08 11:20:53,281 [7a683abd-c78e-4222-b82d-306c946a3e7e@group-C1E63A429653-FollowerState] INFO  server.RaftServerConfigKeys (ConfUtils.java:logFallback(53)) - raft.server.rpc.first-election.timeout.max = 5200ms (fallback to raft.server.rpc.timeout.max)
2023-09-08 11:20:53,304 [grpc-default-executor-0] INFO  server.RaftServer (RaftServerProxy.java:addNew(98)) - 95dc1813-fd59-4f21-8387-058ccbf2ac19: addNew group-C1E63A429653:[7a683abd-c78e-4222-b82d-306c946a3e7e|rpc:10.1.0.72:15191|admin:10.1.0.72:15190|client:10.1.0.72:15189|dataStream:10.1.0.72:15192|priority:0|startupRole:FOLLOWER, 95dc1813-fd59-4f21-8387-058ccbf2ac19|rpc:10.1.0.72:15182|admin:10.1.0.72:15181|client:10.1.0.72:15180|dataStream:10.1.0.72:15183|priority:0|startupRole:FOLLOWER, 8f9fa227-a509-4f05-89e4-89393bf4f6e1|rpc:10.1.0.72:15173|admin:10.1.0.72:15172|client:10.1.0.72:15171|dataStream:10.1.0.72:15174|priority:1|startupRole:FOLLOWER] returns group-C1E63A429653:java.util.concurrent.CompletableFuture@33c0037d[Not completed]
2023-09-08 11:20:53,305 [95dc1813-fd59-4f21-8387-058ccbf2ac19-groupManagement] INFO  server.RaftServer$Division (RaftServerImpl.java:<init>(198)) - 95dc1813-fd59-4f21-8387-058ccbf2ac19: new RaftServerImpl for group-C1E63A429653:[7a683abd-c78e-4222-b82d-306c946a3e7e|rpc:10.1.0.72:15191|admin:10.1.0.72:15190|client:10.1.0.72:15189|dataStream:10.1.0.72:15192|priority:0|startupRole:FOLLOWER, 95dc1813-fd59-4f21-8387-058ccbf2ac19|rpc:10.1.0.72:15182|admin:10.1.0.72:15181|client:10.1.0.72:15180|dataStream:10.1.0.72:15183|priority:0|startupRole:FOLLOWER, 8f9fa227-a509-4f05-89e4-89393bf4f6e1|rpc:10.1.0.72:15173|admin:10.1.0.72:15172|client:10.1.0.72:15171|dataStream:10.1.0.72:15174|priority:1|startupRole:FOLLOWER] with ContainerStateMachine:uninitialized
2023-09-08 11:20:53,305 [95dc1813-fd59-4f21-8387-058ccbf2ac19-groupManagement] INFO  server.RaftServerConfigKeys (ConfUtils.java:logGet(46)) - raft.server.rpc.timeout.min = 5s (custom)
2023-09-08 11:20:53,305 [95dc1813-fd59-4f21-8387-058ccbf2ac19-groupManagement] INFO  server.RaftServerConfigKeys (ConfUtils.java:logGet(46)) - raft.server.rpc.timeout.max = 5200ms (custom)
2023-09-08 11:20:53,305 [95dc1813-fd59-4f21-8387-058ccbf2ac19-groupManagement] INFO  server.RaftServerConfigKeys (ConfUtils.java:logGet(46)) - raft.server.rpc.sleep.time = 25ms (default)
2023-09-08 11:20:53,305 [95dc1813-fd59-4f21-8387-058ccbf2ac19-groupManagement] INFO  server.RaftServerConfigKeys (ConfUtils.java:logGet(46)) - raft.server.rpc.slowness.timeout = 300s (custom)
2023-09-08 11:20:53,305 [95dc1813-fd59-4f21-8387-058ccbf2ac19-groupManagement] INFO  server.RaftServerConfigKeys (ConfUtils.java:logGet(46)) - raft.server.leaderelection.leader.step-down.wait-time = 10s (default)
2023-09-08 11:20:53,305 [95dc1813-fd59-4f21-8387-058ccbf2ac19-groupManagement] INFO  server.RaftServerConfigKeys (ConfUtils.java:logGet(46)) - raft.server.sleep.deviation.threshold = 300ms (default)
2023-09-08 11:20:53,305 [95dc1813-fd59-4f21-8387-058ccbf2ac19-groupManagement] INFO  server.RaftServer$Division (ServerState.java:<init>(120)) - 95dc1813-fd59-4f21-8387-058ccbf2ac19@group-C1E63A429653: ConfigurationManager, init=-1: peers:[7a683abd-c78e-4222-b82d-306c946a3e7e|rpc:10.1.0.72:15191|admin:10.1.0.72:15190|client:10.1.0.72:15189|dataStream:10.1.0.72:15192|priority:0|startupRole:FOLLOWER, 95dc1813-fd59-4f21-8387-058ccbf2ac19|rpc:10.1.0.72:15182|admin:10.1.0.72:15181|client:10.1.0.72:15180|dataStream:10.1.0.72:15183|priority:0|startupRole:FOLLOWER, 8f9fa227-a509-4f05-89e4-89393bf4f6e1|rpc:10.1.0.72:15173|admin:10.1.0.72:15172|client:10.1.0.72:15171|dataStream:10.1.0.72:15174|priority:1|startupRole:FOLLOWER]|listeners:[], old=null, confs=<EMPTY_MAP>
2023-09-08 11:20:53,305 [95dc1813-fd59-4f21-8387-058ccbf2ac19-groupManagement] INFO  server.RaftServerConfigKeys (ConfUtils.java:logGet(46)) - raft.server.storage.dir = [/home/runner/work/ozone/ozone/hadoop-ozone/integration-test/target/test-dir/MiniOzoneClusterImpl-b855b142-6583-46b6-8838-7b3da9243682/datanode-1/data/ratis] (custom)
2023-09-08 11:20:53,305 [95dc1813-fd59-4f21-8387-058ccbf2ac19-groupManagement] INFO  server.RaftServerConfigKeys (ConfUtils.java:logGet(46)) - raft.server.log.corruption.policy = EXCEPTION (default)
2023-09-08 11:20:53,305 [95dc1813-fd59-4f21-8387-058ccbf2ac19-groupManagement] INFO  server.RaftServerConfigKeys (ConfUtils.java:logGet(46)) - raft.server.storage.free-space.min = 0MB (=0) (default)
2023-09-08 11:20:53,305 [95dc1813-fd59-4f21-8387-058ccbf2ac19-groupManagement] INFO  server.RaftServerConfigKeys (ConfUtils.java:logGet(46)) - raft.server.notification.no-leader.timeout = 300s (custom)
2023-09-08 11:20:53,305 [95dc1813-fd59-4f21-8387-058ccbf2ac19-groupManagement] INFO  server.RaftServerConfigKeys (ConfUtils.java:logGet(46)) - raft.server.read.timeout = 10s (default)
2023-09-08 11:20:53,305 [95dc1813-fd59-4f21-8387-058ccbf2ac19-groupManagement] INFO  server.RaftServerConfigKeys (ConfUtils.java:logGet(46)) - raft.server.retrycache.expirytime = 600000ms (custom)
2023-09-08 11:20:53,305 [95dc1813-fd59-4f21-8387-058ccbf2ac19-groupManagement] INFO  server.RaftServerConfigKeys (ConfUtils.java:logGet(46)) - raft.server.retrycache.statistics.expirytime = 100μs (default)
2023-09-08 11:20:53,306 [95dc1813-fd59-4f21-8387-058ccbf2ac19-groupManagement] INFO  server.RaftServerConfigKeys (ConfUtils.java:logGet(46)) - raft.server.read.option = DEFAULT (default)
2023-09-08 11:20:53,306 [95dc1813-fd59-4f21-8387-058ccbf2ac19-groupManagement] INFO  server.RaftServerConfigKeys (ConfUtils.java:logGet(46)) - raft.server.rpc.request.timeout = 60s (custom)
2023-09-08 11:20:53,306 [95dc1813-fd59-4f21-8387-058ccbf2ac19-groupManagement] INFO  server.RaftServerConfigKeys (ConfUtils.java:logGet(46)) - raft.server.log.appender.install.snapshot.enabled = false (custom)
2023-09-08 11:20:53,306 [95dc1813-fd59-4f21-8387-058ccbf2ac19-groupManagement] INFO  server.RaftServerConfigKeys (ConfUtils.java:logGet(46)) - raft.server.threadpool.server.cached = true (default)
2023-09-08 11:20:53,306 [95dc1813-fd59-4f21-8387-058ccbf2ac19-groupManagement] INFO  server.RaftServerConfigKeys (ConfUtils.java:logGet(46)) - raft.server.threadpool.server.size = 0 (default)
2023-09-08 11:20:53,306 [95dc1813-fd59-4f21-8387-058ccbf2ac19-groupManagement] INFO  server.RaftServerConfigKeys (ConfUtils.java:logGet(46)) - raft.server.threadpool.client.cached = true (default)
2023-09-08 11:20:53,306 [95dc1813-fd59-4f21-8387-058ccbf2ac19-groupManagement] INFO  server.RaftServerConfigKeys (ConfUtils.java:logGet(46)) - raft.server.threadpool.client.size = 0 (default)
2023-09-08 11:20:53,307 [95dc1813-fd59-4f21-8387-058ccbf2ac19-groupManagement] INFO  storage.RaftStorageDirectory (RaftStorageDirectoryImpl.java:analyzeStorage(137)) - The storage directory /home/runner/work/ozone/ozone/hadoop-ozone/integration-test/target/test-dir/MiniOzoneClusterImpl-b855b142-6583-46b6-8838-7b3da9243682/datanode-1/data/ratis/7400896a-f043-4aff-b7b6-c1e63a429653 does not exist. Creating ...
2023-09-08 11:20:53,308 [95dc1813-fd59-4f21-8387-058ccbf2ac19-groupManagement] INFO  storage.RaftStorageDirectory (RaftStorageDirectoryImpl.java:tryLock(231)) - Lock on /home/runner/work/ozone/ozone/hadoop-ozone/integration-test/target/test-dir/MiniOzoneClusterImpl-b855b142-6583-46b6-8838-7b3da9243682/datanode-1/data/ratis/7400896a-f043-4aff-b7b6-c1e63a429653/in_use.lock acquired by nodename 7549@fv-az203-160
2023-09-08 11:20:53,309 [95dc1813-fd59-4f21-8387-058ccbf2ac19-groupManagement] INFO  storage.RaftStorage (RaftStorageImpl.java:format(96)) - Storage directory /home/runner/work/ozone/ozone/hadoop-ozone/integration-test/target/test-dir/MiniOzoneClusterImpl-b855b142-6583-46b6-8838-7b3da9243682/datanode-1/data/ratis/7400896a-f043-4aff-b7b6-c1e63a429653 has been successfully formatted.
2023-09-08 11:20:53,310 [95dc1813-fd59-4f21-8387-058ccbf2ac19-groupManagement] INFO  ratis.ContainerStateMachine (ContainerStateMachine.java:loadSnapshot(262)) - group-C1E63A429653: The snapshot info is null. Setting the last applied indexto:(t:0, i:~)
2023-09-08 11:20:53,310 [95dc1813-fd59-4f21-8387-058ccbf2ac19-groupManagement] INFO  server.RaftServerConfigKeys (ConfUtils.java:logGet(46)) - raft.server.log.use.memory = false (default)
2023-09-08 11:20:53,311 [95dc1813-fd59-4f21-8387-058ccbf2ac19-groupManagement] INFO  server.RaftServerConfigKeys (ConfUtils.java:logGet(46)) - raft.server.log.purge.gap = 1000000 (custom)
2023-09-08 11:20:53,311 [95dc1813-fd59-4f21-8387-058ccbf2ac19-groupManagement] INFO  server.RaftServerConfigKeys (ConfUtils.java:logGet(46)) - raft.server.log.appender.buffer.byte-limit = 33554432 (custom)
2023-09-08 11:20:53,311 [95dc1813-fd59-4f21-8387-058ccbf2ac19-groupManagement] INFO  server.RaftServerConfigKeys (ConfUtils.java:logGet(46)) - raft.server.log.statemachine.data.read.timeout = 1000ms (default)
2023-09-08 11:20:53,311 [95dc1813-fd59-4f21-8387-058ccbf2ac19-groupManagement] INFO  server.RaftServerConfigKeys (ConfUtils.java:logGet(46)) - raft.server.log.purge.preservation.log.num = 0 (default)
2023-09-08 11:20:53,311 [95dc1813-fd59-4f21-8387-058ccbf2ac19-groupManagement] INFO  server.RaftServerConfigKeys (ConfUtils.java:logGet(46)) - raft.server.log.segment.size.max = 1048576 (custom)
2023-09-08 11:20:53,311 [95dc1813-fd59-4f21-8387-058ccbf2ac19-groupManagement] INFO  server.RaftServerConfigKeys (ConfUtils.java:logGet(46)) - raft.server.log.segment.cache.num.max = 2 (custom)
2023-09-08 11:20:53,311 [95dc1813-fd59-4f21-8387-058ccbf2ac19-groupManagement] INFO  server.RaftServerConfigKeys (ConfUtils.java:logGet(46)) - raft.server.log.segment.cache.size.max = 200MB (=209715200) (default)
2023-09-08 11:20:53,311 [95dc1813-fd59-4f21-8387-058ccbf2ac19-groupManagement] INFO  server.RaftServerConfigKeys (ConfUtils.java:logGet(46)) - raft.server.log.appender.buffer.byte-limit = 33554432 (custom)
2023-09-08 11:20:53,311 [95dc1813-fd59-4f21-8387-058ccbf2ac19-groupManagement] INFO  segmented.SegmentedRaftLogWorker (SegmentedRaftLogWorker.java:<init>(188)) - new 95dc1813-fd59-4f21-8387-058ccbf2ac19@group-C1E63A429653-SegmentedRaftLogWorker for RaftStorageImpl:Storage Directory /home/runner/work/ozone/ozone/hadoop-ozone/integration-test/target/test-dir/MiniOzoneClusterImpl-b855b142-6583-46b6-8838-7b3da9243682/datanode-1/data/ratis/7400896a-f043-4aff-b7b6-c1e63a429653
2023-09-08 11:20:53,311 [95dc1813-fd59-4f21-8387-058ccbf2ac19-groupManagement] INFO  server.RaftServerConfigKeys (ConfUtils.java:logGet(46)) - raft.server.log.queue.byte-limit = 4294967296 (custom)
2023-09-08 11:20:53,312 [95dc1813-fd59-4f21-8387-058ccbf2ac19-groupManagement] INFO  server.RaftServerConfigKeys (ConfUtils.java:logGet(46)) - raft.server.log.queue.element-limit = 1024 (custom)
2023-09-08 11:20:53,312 [95dc1813-fd59-4f21-8387-058ccbf2ac19-groupManagement] INFO  server.RaftServerConfigKeys (ConfUtils.java:logGet(46)) - raft.server.log.segment.size.max = 1048576 (custom)
2023-09-08 11:20:53,312 [95dc1813-fd59-4f21-8387-058ccbf2ac19-groupManagement] INFO  server.RaftServerConfigKeys (ConfUtils.java:logGet(46)) - raft.server.log.preallocated.size = 16384 (custom)
2023-09-08 11:20:53,312 [95dc1813-fd59-4f21-8387-058ccbf2ac19-groupManagement] INFO  server.RaftServerConfigKeys (ConfUtils.java:logGet(46)) - raft.server.log.force.sync.num = 128 (default)
2023-09-08 11:20:53,312 [95dc1813-fd59-4f21-8387-058ccbf2ac19-groupManagement] INFO  server.RaftServerConfigKeys (ConfUtils.java:logGet(46)) - raft.server.log.statemachine.data.sync = true (default)
2023-09-08 11:20:53,312 [95dc1813-fd59-4f21-8387-058ccbf2ac19-groupManagement] INFO  server.RaftServerConfigKeys (ConfUtils.java:logGet(46)) - raft.server.log.statemachine.data.sync.timeout = 10s (default)
2023-09-08 11:20:53,312 [95dc1813-fd59-4f21-8387-058ccbf2ac19-groupManagement] INFO  server.RaftServerConfigKeys (ConfUtils.java:logGet(46)) - raft.server.log.statemachine.data.sync.timeout.retry = -1 (default)
2023-09-08 11:20:53,312 [95dc1813-fd59-4f21-8387-058ccbf2ac19-groupManagement] INFO  server.RaftServerConfigKeys (ConfUtils.java:logGet(46)) - raft.server.log.write.buffer.size = 1048576 (custom)
2023-09-08 11:20:53,312 [95dc1813-fd59-4f21-8387-058ccbf2ac19-groupManagement] INFO  server.RaftServerConfigKeys (ConfUtils.java:logGet(46)) - raft.server.log.appender.buffer.byte-limit = 33554432 (custom)
2023-09-08 11:20:53,318 [95dc1813-fd59-4f21-8387-058ccbf2ac19-groupManagement] INFO  server.RaftServerConfigKeys (ConfUtils.java:logGet(46)) - raft.server.log.unsafe-flush.enabled = false (default)
2023-09-08 11:20:53,318 [95dc1813-fd59-4f21-8387-058ccbf2ac19-groupManagement] INFO  server.RaftServerConfigKeys (ConfUtils.java:logGet(46)) - raft.server.log.async-flush.enabled = false (default)
2023-09-08 11:20:53,318 [95dc1813-fd59-4f21-8387-058ccbf2ac19-groupManagement] INFO  server.RaftServerConfigKeys (ConfUtils.java:logGet(46)) - raft.server.log.statemachine.data.caching.enabled = true (custom)
2023-09-08 11:20:53,318 [95dc1813-fd59-4f21-8387-058ccbf2ac19-groupManagement] INFO  segmented.SegmentedRaftLogWorker (SegmentedRaftLogWorker.java:lambda$new$0(135)) - 95dc1813-fd59-4f21-8387-058ccbf2ac19@group-C1E63A429653-SegmentedRaftLogWorker: flushIndex: setUnconditionally 0 -> -1
2023-09-08 11:20:53,319 [95dc1813-fd59-4f21-8387-058ccbf2ac19-groupManagement] INFO  segmented.SegmentedRaftLogWorker (SegmentedRaftLogWorker.java:lambda$new$0(135)) - 95dc1813-fd59-4f21-8387-058ccbf2ac19@group-C1E63A429653-SegmentedRaftLogWorker: safeCacheEvictIndex: setUnconditionally 0 -> -1
2023-09-08 11:20:53,319 [95dc1813-fd59-4f21-8387-058ccbf2ac19-groupManagement] INFO  server.RaftServer$Division (RaftServerImpl.java:start(342)) - 95dc1813-fd59-4f21-8387-058ccbf2ac19@group-C1E63A429653: start as a follower, conf=-1: peers:[7a683abd-c78e-4222-b82d-306c946a3e7e|rpc:10.1.0.72:15191|admin:10.1.0.72:15190|client:10.1.0.72:15189|dataStream:10.1.0.72:15192|priority:0|startupRole:FOLLOWER, 95dc1813-fd59-4f21-8387-058ccbf2ac19|rpc:10.1.0.72:15182|admin:10.1.0.72:15181|client:10.1.0.72:15180|dataStream:10.1.0.72:15183|priority:0|startupRole:FOLLOWER, 8f9fa227-a509-4f05-89e4-89393bf4f6e1|rpc:10.1.0.72:15173|admin:10.1.0.72:15172|client:10.1.0.72:15171|dataStream:10.1.0.72:15174|priority:1|startupRole:FOLLOWER]|listeners:[], old=null
2023-09-08 11:20:53,319 [95dc1813-fd59-4f21-8387-058ccbf2ac19-groupManagement] INFO  server.RaftServer$Division (RaftServerImpl.java:setRole(329)) - 95dc1813-fd59-4f21-8387-058ccbf2ac19@group-C1E63A429653: changes role from      null to FOLLOWER at term 0 for startAsFollower
2023-09-08 11:20:53,319 [95dc1813-fd59-4f21-8387-058ccbf2ac19-groupManagement] INFO  impl.RoleInfo (RoleInfo.java:updateAndGet(139)) - 95dc1813-fd59-4f21-8387-058ccbf2ac19: start 95dc1813-fd59-4f21-8387-058ccbf2ac19@group-C1E63A429653-FollowerState
2023-09-08 11:20:53,319 [95dc1813-fd59-4f21-8387-058ccbf2ac19-groupManagement] INFO  util.JmxRegister (JmxRegister.java:tryRegister(44)) - Successfully registered JMX Bean with object name Ratis:service=RaftServer,group=group-C1E63A429653,id=95dc1813-fd59-4f21-8387-058ccbf2ac19
2023-09-08 11:20:53,319 [95dc1813-fd59-4f21-8387-058ccbf2ac19@group-C1E63A429653-FollowerState] INFO  server.RaftServerConfigKeys (ConfUtils.java:logFallback(53)) - raft.server.rpc.first-election.timeout.min = 5s (fallback to raft.server.rpc.timeout.min)
2023-09-08 11:20:53,319 [95dc1813-fd59-4f21-8387-058ccbf2ac19-groupManagement] INFO  server.RaftServerConfigKeys (ConfUtils.java:logGet(46)) - raft.server.snapshot.auto.trigger.enabled = true (custom)
2023-09-08 11:20:53,319 [95dc1813-fd59-4f21-8387-058ccbf2ac19@group-C1E63A429653-FollowerState] INFO  server.RaftServerConfigKeys (ConfUtils.java:logFallback(53)) - raft.server.rpc.first-election.timeout.max = 5200ms (fallback to raft.server.rpc.timeout.max)
2023-09-08 11:20:53,319 [95dc1813-fd59-4f21-8387-058ccbf2ac19-groupManagement] INFO  server.RaftServerConfigKeys (ConfUtils.java:logGet(46)) - raft.server.snapshot.auto.trigger.threshold = 10000 (custom)
2023-09-08 11:20:53,320 [95dc1813-fd59-4f21-8387-058ccbf2ac19-groupManagement] INFO  server.RaftServerConfigKeys (ConfUtils.java:logGet(46)) - raft.server.snapshot.retention.file.num = 5 (custom)
2023-09-08 11:20:53,320 [95dc1813-fd59-4f21-8387-058ccbf2ac19-groupManagement] INFO  server.RaftServerConfigKeys (ConfUtils.java:logGet(46)) - raft.server.log.purge.upto.snapshot.index = false (default)
2023-09-08 11:20:53,325 [95dc1813-fd59-4f21-8387-058ccbf2ac19-groupManagement] INFO  server.RaftServer$Division (RaftServerImpl.java:<init>(198)) - 95dc1813-fd59-4f21-8387-058ccbf2ac19: new RaftServerImpl for group-F08605A5CE9E:[95dc1813-fd59-4f21-8387-058ccbf2ac19|rpc:10.1.0.72:15182|admin:10.1.0.72:15181|client:10.1.0.72:15180|dataStream:10.1.0.72:15183|priority:1|startupRole:FOLLOWER] with ContainerStateMachine:uninitialized
2023-09-08 11:20:53,325 [95dc1813-fd59-4f21-8387-058ccbf2ac19-groupManagement] INFO  server.RaftServerConfigKeys (ConfUtils.java:logGet(46)) - raft.server.rpc.timeout.min = 5s (custom)
2023-09-08 11:20:53,326 [95dc1813-fd59-4f21-8387-058ccbf2ac19-groupManagement] INFO  server.RaftServerConfigKeys (ConfUtils.java:logGet(46)) - raft.server.rpc.timeout.max = 5200ms (custom)
2023-09-08 11:20:53,326 [95dc1813-fd59-4f21-8387-058ccbf2ac19-groupManagement] INFO  server.RaftServerConfigKeys (ConfUtils.java:logGet(46)) - raft.server.rpc.sleep.time = 25ms (default)
2023-09-08 11:20:53,326 [95dc1813-fd59-4f21-8387-058ccbf2ac19-groupManagement] INFO  server.RaftServerConfigKeys (ConfUtils.java:logGet(46)) - raft.server.rpc.slowness.timeout = 300s (custom)
2023-09-08 11:20:53,326 [95dc1813-fd59-4f21-8387-058ccbf2ac19-groupManagement] INFO  server.RaftServerConfigKeys (ConfUtils.java:logGet(46)) - raft.server.leaderelection.leader.step-down.wait-time = 10s (default)
2023-09-08 11:20:53,326 [95dc1813-fd59-4f21-8387-058ccbf2ac19-groupManagement] INFO  server.RaftServerConfigKeys (ConfUtils.java:logGet(46)) - raft.server.sleep.deviation.threshold = 300ms (default)
2023-09-08 11:20:53,326 [95dc1813-fd59-4f21-8387-058ccbf2ac19-groupManagement] INFO  server.RaftServer$Division (ServerState.java:<init>(120)) - 95dc1813-fd59-4f21-8387-058ccbf2ac19@group-F08605A5CE9E: ConfigurationManager, init=-1: peers:[95dc1813-fd59-4f21-8387-058ccbf2ac19|rpc:10.1.0.72:15182|admin:10.1.0.72:15181|client:10.1.0.72:15180|dataStream:10.1.0.72:15183|priority:1|startupRole:FOLLOWER]|listeners:[], old=null, confs=<EMPTY_MAP>
2023-09-08 11:20:53,326 [95dc1813-fd59-4f21-8387-058ccbf2ac19-groupManagement] INFO  server.RaftServerConfigKeys (ConfUtils.java:logGet(46)) - raft.server.storage.dir = [/home/runner/work/ozone/ozone/hadoop-ozone/integration-test/target/test-dir/MiniOzoneClusterImpl-b855b142-6583-46b6-8838-7b3da9243682/datanode-1/data/ratis] (custom)
2023-09-08 11:20:53,326 [95dc1813-fd59-4f21-8387-058ccbf2ac19-groupManagement] INFO  server.RaftServerConfigKeys (ConfUtils.java:logGet(46)) - raft.server.log.corruption.policy = EXCEPTION (default)
2023-09-08 11:20:53,326 [95dc1813-fd59-4f21-8387-058ccbf2ac19-groupManagement] INFO  server.RaftServerConfigKeys (ConfUtils.java:logGet(46)) - raft.server.storage.free-space.min = 0MB (=0) (default)
2023-09-08 11:20:53,326 [95dc1813-fd59-4f21-8387-058ccbf2ac19-groupManagement] INFO  server.RaftServerConfigKeys (ConfUtils.java:logGet(46)) - raft.server.notification.no-leader.timeout = 300s (custom)
2023-09-08 11:20:53,326 [95dc1813-fd59-4f21-8387-058ccbf2ac19-groupManagement] INFO  server.RaftServerConfigKeys (ConfUtils.java:logGet(46)) - raft.server.read.timeout = 10s (default)
2023-09-08 11:20:53,326 [95dc1813-fd59-4f21-8387-058ccbf2ac19-groupManagement] INFO  server.RaftServerConfigKeys (ConfUtils.java:logGet(46)) - raft.server.retrycache.expirytime = 600000ms (custom)
2023-09-08 11:20:53,326 [95dc1813-fd59-4f21-8387-058ccbf2ac19-groupManagement] INFO  server.RaftServerConfigKeys (ConfUtils.java:logGet(46)) - raft.server.retrycache.statistics.expirytime = 100μs (default)
2023-09-08 11:20:53,326 [95dc1813-fd59-4f21-8387-058ccbf2ac19-groupManagement] INFO  server.RaftServerConfigKeys (ConfUtils.java:logGet(46)) - raft.server.read.option = DEFAULT (default)
2023-09-08 11:20:53,327 [PipelineCommandHandlerThread-0] INFO  server.RaftServer (RaftServerProxy.java:addNew(98)) - 95dc1813-fd59-4f21-8387-058ccbf2ac19: addNew group-F08605A5CE9E:[95dc1813-fd59-4f21-8387-058ccbf2ac19|rpc:10.1.0.72:15182|admin:10.1.0.72:15181|client:10.1.0.72:15180|dataStream:10.1.0.72:15183|priority:1|startupRole:FOLLOWER] returns group-F08605A5CE9E:java.util.concurrent.CompletableFuture@750fee34[Not completed]
2023-09-08 11:20:53,332 [95dc1813-fd59-4f21-8387-058ccbf2ac19-groupManagement] INFO  server.RaftServerConfigKeys (ConfUtils.java:logGet(46)) - raft.server.rpc.request.timeout = 60s (custom)
2023-09-08 11:20:53,332 [95dc1813-fd59-4f21-8387-058ccbf2ac19-groupManagement] INFO  server.RaftServerConfigKeys (ConfUtils.java:logGet(46)) - raft.server.log.appender.install.snapshot.enabled = false (custom)
2023-09-08 11:20:53,332 [95dc1813-fd59-4f21-8387-058ccbf2ac19-groupManagement] INFO  server.RaftServerConfigKeys (ConfUtils.java:logGet(46)) - raft.server.threadpool.server.cached = true (default)
2023-09-08 11:20:53,332 [95dc1813-fd59-4f21-8387-058ccbf2ac19-groupManagement] INFO  server.RaftServerConfigKeys (ConfUtils.java:logGet(46)) - raft.server.threadpool.server.size = 0 (default)
2023-09-08 11:20:53,332 [95dc1813-fd59-4f21-8387-058ccbf2ac19-groupManagement] INFO  server.RaftServerConfigKeys (ConfUtils.java:logGet(46)) - raft.server.threadpool.client.cached = true (default)
2023-09-08 11:20:53,332 [95dc1813-fd59-4f21-8387-058ccbf2ac19-groupManagement] INFO  server.RaftServerConfigKeys (ConfUtils.java:logGet(46)) - raft.server.threadpool.client.size = 0 (default)
2023-09-08 11:20:53,336 [PipelineCommandHandlerThread-0] INFO  commandhandler.CreatePipelineCommandHandler (CreatePipelineCommandHandler.java:lambda$handle$2(124)) - Created Pipeline RATIS THREE PipelineID=7400896a-f043-4aff-b7b6-c1e63a429653.
2023-09-08 11:20:53,336 [95dc1813-fd59-4f21-8387-058ccbf2ac19-groupManagement] INFO  storage.RaftStorageDirectory (RaftStorageDirectoryImpl.java:analyzeStorage(137)) - The storage directory /home/runner/work/ozone/ozone/hadoop-ozone/integration-test/target/test-dir/MiniOzoneClusterImpl-b855b142-6583-46b6-8838-7b3da9243682/datanode-1/data/ratis/373c7311-f913-419b-ad72-f08605a5ce9e does not exist. Creating ...
2023-09-08 11:20:53,338 [95dc1813-fd59-4f21-8387-058ccbf2ac19-groupManagement] INFO  storage.RaftStorageDirectory (RaftStorageDirectoryImpl.java:tryLock(231)) - Lock on /home/runner/work/ozone/ozone/hadoop-ozone/integration-test/target/test-dir/MiniOzoneClusterImpl-b855b142-6583-46b6-8838-7b3da9243682/datanode-1/data/ratis/373c7311-f913-419b-ad72-f08605a5ce9e/in_use.lock acquired by nodename 7549@fv-az203-160
2023-09-08 11:20:53,340 [95dc1813-fd59-4f21-8387-058ccbf2ac19-groupManagement] INFO  storage.RaftStorage (RaftStorageImpl.java:format(96)) - Storage directory /home/runner/work/ozone/ozone/hadoop-ozone/integration-test/target/test-dir/MiniOzoneClusterImpl-b855b142-6583-46b6-8838-7b3da9243682/datanode-1/data/ratis/373c7311-f913-419b-ad72-f08605a5ce9e has been successfully formatted.
2023-09-08 11:20:53,342 [95dc1813-fd59-4f21-8387-058ccbf2ac19-groupManagement] INFO  ratis.ContainerStateMachine (ContainerStateMachine.java:loadSnapshot(262)) - group-F08605A5CE9E: The snapshot info is null. Setting the last applied indexto:(t:0, i:~)
2023-09-08 11:20:53,342 [95dc1813-fd59-4f21-8387-058ccbf2ac19-groupManagement] INFO  server.RaftServerConfigKeys (ConfUtils.java:logGet(46)) - raft.server.log.use.memory = false (default)
2023-09-08 11:20:53,342 [95dc1813-fd59-4f21-8387-058ccbf2ac19-groupManagement] INFO  server.RaftServerConfigKeys (ConfUtils.java:logGet(46)) - raft.server.log.purge.gap = 1000000 (custom)
2023-09-08 11:20:53,342 [95dc1813-fd59-4f21-8387-058ccbf2ac19-groupManagement] INFO  server.RaftServerConfigKeys (ConfUtils.java:logGet(46)) - raft.server.log.appender.buffer.byte-limit = 33554432 (custom)
2023-09-08 11:20:53,342 [95dc1813-fd59-4f21-8387-058ccbf2ac19-groupManagement] INFO  server.RaftServerConfigKeys (ConfUtils.java:logGet(46)) - raft.server.log.statemachine.data.read.timeout = 1000ms (default)
2023-09-08 11:20:53,342 [95dc1813-fd59-4f21-8387-058ccbf2ac19-groupManagement] INFO  server.RaftServerConfigKeys (ConfUtils.java:logGet(46)) - raft.server.log.purge.preservation.log.num = 0 (default)
2023-09-08 11:20:53,342 [EventQueue-PipelineReportForPipelineReportHandler] INFO  pipeline.PipelineReportHandler (PipelineReportHandler.java:processPipelineReport(136)) - Opened pipeline PipelineID=373c7311-f913-419b-ad72-f08605a5ce9e
2023-09-08 11:20:53,342 [95dc1813-fd59-4f21-8387-058ccbf2ac19-groupManagement] INFO  server.RaftServerConfigKeys (ConfUtils.java:logGet(46)) - raft.server.log.segment.size.max = 1048576 (custom)
2023-09-08 11:20:53,342 [EventQueue-OpenPipelineForHealthyPipelineSafeModeRule] INFO  safemode.SCMSafeModeManager (HealthyPipelineSafeModeRule.java:process(137)) - SCM in safe mode. Healthy pipelines reported count is 0, required healthy pipeline reported count is 1
2023-09-08 11:20:53,343 [95dc1813-fd59-4f21-8387-058ccbf2ac19-groupManagement] INFO  server.RaftServerConfigKeys (ConfUtils.java:logGet(46)) - raft.server.log.segment.cache.num.max = 2 (custom)
2023-09-08 11:20:53,343 [95dc1813-fd59-4f21-8387-058ccbf2ac19-groupManagement] INFO  server.RaftServerConfigKeys (ConfUtils.java:logGet(46)) - raft.server.log.segment.cache.size.max = 200MB (=209715200) (default)
2023-09-08 11:20:53,343 [95dc1813-fd59-4f21-8387-058ccbf2ac19-groupManagement] INFO  server.RaftServerConfigKeys (ConfUtils.java:logGet(46)) - raft.server.log.appender.buffer.byte-limit = 33554432 (custom)
2023-09-08 11:20:53,343 [95dc1813-fd59-4f21-8387-058ccbf2ac19-groupManagement] INFO  segmented.SegmentedRaftLogWorker (SegmentedRaftLogWorker.java:<init>(188)) - new 95dc1813-fd59-4f21-8387-058ccbf2ac19@group-F08605A5CE9E-SegmentedRaftLogWorker for RaftStorageImpl:Storage Directory /home/runner/work/ozone/ozone/hadoop-ozone/integration-test/target/test-dir/MiniOzoneClusterImpl-b855b142-6583-46b6-8838-7b3da9243682/datanode-1/data/ratis/373c7311-f913-419b-ad72-f08605a5ce9e
2023-09-08 11:20:53,343 [95dc1813-fd59-4f21-8387-058ccbf2ac19-groupManagement] INFO  server.RaftServerConfigKeys (ConfUtils.java:logGet(46)) - raft.server.log.queue.byte-limit = 4294967296 (custom)
2023-09-08 11:20:53,343 [95dc1813-fd59-4f21-8387-058ccbf2ac19-groupManagement] INFO  server.RaftServerConfigKeys (ConfUtils.java:logGet(46)) - raft.server.log.queue.element-limit = 1024 (custom)
2023-09-08 11:20:53,343 [95dc1813-fd59-4f21-8387-058ccbf2ac19-groupManagement] INFO  server.RaftServerConfigKeys (ConfUtils.java:logGet(46)) - raft.server.log.segment.size.max = 1048576 (custom)
2023-09-08 11:20:53,343 [95dc1813-fd59-4f21-8387-058ccbf2ac19-groupManagement] INFO  server.RaftServerConfigKeys (ConfUtils.java:logGet(46)) - raft.server.log.preallocated.size = 16384 (custom)
2023-09-08 11:20:53,343 [95dc1813-fd59-4f21-8387-058ccbf2ac19-groupManagement] INFO  server.RaftServerConfigKeys (ConfUtils.java:logGet(46)) - raft.server.log.force.sync.num = 128 (default)
2023-09-08 11:20:53,343 [95dc1813-fd59-4f21-8387-058ccbf2ac19-groupManagement] INFO  server.RaftServerConfigKeys (ConfUtils.java:logGet(46)) - raft.server.log.statemachine.data.sync = true (default)
2023-09-08 11:20:53,343 [95dc1813-fd59-4f21-8387-058ccbf2ac19-groupManagement] INFO  server.RaftServerConfigKeys (ConfUtils.java:logGet(46)) - raft.server.log.statemachine.data.sync.timeout = 10s (default)
2023-09-08 11:20:53,343 [95dc1813-fd59-4f21-8387-058ccbf2ac19-groupManagement] INFO  server.RaftServerConfigKeys (ConfUtils.java:logGet(46)) - raft.server.log.statemachine.data.sync.timeout.retry = -1 (default)
2023-09-08 11:20:53,344 [95dc1813-fd59-4f21-8387-058ccbf2ac19-groupManagement] INFO  server.RaftServerConfigKeys (ConfUtils.java:logGet(46)) - raft.server.log.write.buffer.size = 1048576 (custom)
2023-09-08 11:20:53,344 [95dc1813-fd59-4f21-8387-058ccbf2ac19-groupManagement] INFO  server.RaftServerConfigKeys (ConfUtils.java:logGet(46)) - raft.server.log.appender.buffer.byte-limit = 33554432 (custom)
2023-09-08 11:20:53,349 [95dc1813-fd59-4f21-8387-058ccbf2ac19-groupManagement] INFO  server.RaftServerConfigKeys (ConfUtils.java:logGet(46)) - raft.server.log.unsafe-flush.enabled = false (default)
2023-09-08 11:20:53,349 [95dc1813-fd59-4f21-8387-058ccbf2ac19-groupManagement] INFO  server.RaftServerConfigKeys (ConfUtils.java:logGet(46)) - raft.server.log.async-flush.enabled = false (default)
2023-09-08 11:20:53,349 [95dc1813-fd59-4f21-8387-058ccbf2ac19-groupManagement] INFO  server.RaftServerConfigKeys (ConfUtils.java:logGet(46)) - raft.server.log.statemachine.data.caching.enabled = true (custom)
2023-09-08 11:20:53,349 [95dc1813-fd59-4f21-8387-058ccbf2ac19-groupManagement] INFO  segmented.SegmentedRaftLogWorker (SegmentedRaftLogWorker.java:lambda$new$0(135)) - 95dc1813-fd59-4f21-8387-058ccbf2ac19@group-F08605A5CE9E-SegmentedRaftLogWorker: flushIndex: setUnconditionally 0 -> -1
2023-09-08 11:20:53,349 [95dc1813-fd59-4f21-8387-058ccbf2ac19-groupManagement] INFO  segmented.SegmentedRaftLogWorker (SegmentedRaftLogWorker.java:lambda$new$0(135)) - 95dc1813-fd59-4f21-8387-058ccbf2ac19@group-F08605A5CE9E-SegmentedRaftLogWorker: safeCacheEvictIndex: setUnconditionally 0 -> -1
2023-09-08 11:20:53,350 [95dc1813-fd59-4f21-8387-058ccbf2ac19-groupManagement] INFO  server.RaftServer$Division (RaftServerImpl.java:start(342)) - 95dc1813-fd59-4f21-8387-058ccbf2ac19@group-F08605A5CE9E: start as a follower, conf=-1: peers:[95dc1813-fd59-4f21-8387-058ccbf2ac19|rpc:10.1.0.72:15182|admin:10.1.0.72:15181|client:10.1.0.72:15180|dataStream:10.1.0.72:15183|priority:1|startupRole:FOLLOWER]|listeners:[], old=null
2023-09-08 11:20:53,350 [95dc1813-fd59-4f21-8387-058ccbf2ac19-groupManagement] INFO  server.RaftServer$Division (RaftServerImpl.java:setRole(329)) - 95dc1813-fd59-4f21-8387-058ccbf2ac19@group-F08605A5CE9E: changes role from      null to FOLLOWER at term 0 for startAsFollower
2023-09-08 11:20:53,350 [95dc1813-fd59-4f21-8387-058ccbf2ac19-groupManagement] INFO  impl.RoleInfo (RoleInfo.java:updateAndGet(139)) - 95dc1813-fd59-4f21-8387-058ccbf2ac19: start 95dc1813-fd59-4f21-8387-058ccbf2ac19@group-F08605A5CE9E-FollowerState
2023-09-08 11:20:53,358 [95dc1813-fd59-4f21-8387-058ccbf2ac19-groupManagement] INFO  util.JmxRegister (JmxRegister.java:tryRegister(44)) - Successfully registered JMX Bean with object name Ratis:service=RaftServer,group=group-F08605A5CE9E,id=95dc1813-fd59-4f21-8387-058ccbf2ac19
2023-09-08 11:20:53,358 [95dc1813-fd59-4f21-8387-058ccbf2ac19-groupManagement] INFO  server.RaftServerConfigKeys (ConfUtils.java:logGet(46)) - raft.server.snapshot.auto.trigger.enabled = true (custom)
2023-09-08 11:20:53,358 [95dc1813-fd59-4f21-8387-058ccbf2ac19-groupManagement] INFO  server.RaftServerConfigKeys (ConfUtils.java:logGet(46)) - raft.server.snapshot.auto.trigger.threshold = 10000 (custom)
2023-09-08 11:20:53,358 [95dc1813-fd59-4f21-8387-058ccbf2ac19-groupManagement] INFO  server.RaftServerConfigKeys (ConfUtils.java:logGet(46)) - raft.server.snapshot.retention.file.num = 5 (custom)
2023-09-08 11:20:53,358 [95dc1813-fd59-4f21-8387-058ccbf2ac19-groupManagement] INFO  server.RaftServerConfigKeys (ConfUtils.java:logGet(46)) - raft.server.log.purge.upto.snapshot.index = false (default)
2023-09-08 11:20:53,359 [PipelineCommandHandlerThread-0] INFO  ratis.XceiverServerRatis (XceiverServerRatis.java:addGroup(804)) - Created group PipelineID=373c7311-f913-419b-ad72-f08605a5ce9e
2023-09-08 11:20:53,359 [95dc1813-fd59-4f21-8387-058ccbf2ac19@group-F08605A5CE9E-FollowerState] INFO  server.RaftServerConfigKeys (ConfUtils.java:logFallback(53)) - raft.server.rpc.first-election.timeout.min = 5s (fallback to raft.server.rpc.timeout.min)
2023-09-08 11:20:53,359 [PipelineCommandHandlerThread-0] INFO  commandhandler.CreatePipelineCommandHandler (CreatePipelineCommandHandler.java:lambda$handle$2(124)) - Created Pipeline RATIS ONE PipelineID=373c7311-f913-419b-ad72-f08605a5ce9e.
2023-09-08 11:20:53,359 [95dc1813-fd59-4f21-8387-058ccbf2ac19@group-F08605A5CE9E-FollowerState] INFO  server.RaftServerConfigKeys (ConfUtils.java:logFallback(53)) - raft.server.rpc.first-election.timeout.max = 5200ms (fallback to raft.server.rpc.timeout.max)
2023-09-08 11:20:53,643 [PipelineCommandHandlerThread-0] INFO  server.RaftServer (RaftServerProxy.java:addNew(98)) - 7a683abd-c78e-4222-b82d-306c946a3e7e: addNew group-E1884211AE1E:[7a683abd-c78e-4222-b82d-306c946a3e7e|rpc:10.1.0.72:15191|admin:10.1.0.72:15190|client:10.1.0.72:15189|dataStream:10.1.0.72:15192|priority:1|startupRole:FOLLOWER] returns group-E1884211AE1E:java.util.concurrent.CompletableFuture@4b69cfc1[Not completed]
2023-09-08 11:20:53,644 [7a683abd-c78e-4222-b82d-306c946a3e7e-groupManagement] INFO  server.RaftServer$Division (RaftServerImpl.java:<init>(198)) - 7a683abd-c78e-4222-b82d-306c946a3e7e: new RaftServerImpl for group-E1884211AE1E:[7a683abd-c78e-4222-b82d-306c946a3e7e|rpc:10.1.0.72:15191|admin:10.1.0.72:15190|client:10.1.0.72:15189|dataStream:10.1.0.72:15192|priority:1|startupRole:FOLLOWER] with ContainerStateMachine:uninitialized
2023-09-08 11:20:53,644 [7a683abd-c78e-4222-b82d-306c946a3e7e-groupManagement] INFO  server.RaftServerConfigKeys (ConfUtils.java:logGet(46)) - raft.server.rpc.timeout.min = 5s (custom)
2023-09-08 11:20:53,644 [7a683abd-c78e-4222-b82d-306c946a3e7e-groupManagement] INFO  server.RaftServerConfigKeys (ConfUtils.java:logGet(46)) - raft.server.rpc.timeout.max = 5200ms (custom)
2023-09-08 11:20:53,644 [7a683abd-c78e-4222-b82d-306c946a3e7e-groupManagement] INFO  server.RaftServerConfigKeys (ConfUtils.java:logGet(46)) - raft.server.rpc.sleep.time = 25ms (default)
2023-09-08 11:20:53,644 [7a683abd-c78e-4222-b82d-306c946a3e7e-groupManagement] INFO  server.RaftServerConfigKeys (ConfUtils.java:logGet(46)) - raft.server.rpc.slowness.timeout = 300s (custom)
2023-09-08 11:20:53,644 [7a683abd-c78e-4222-b82d-306c946a3e7e-groupManagement] INFO  server.RaftServerConfigKeys (ConfUtils.java:logGet(46)) - raft.server.leaderelection.leader.step-down.wait-time = 10s (default)
2023-09-08 11:20:53,644 [7a683abd-c78e-4222-b82d-306c946a3e7e-groupManagement] INFO  server.RaftServerConfigKeys (ConfUtils.java:logGet(46)) - raft.server.sleep.deviation.threshold = 300ms (default)
2023-09-08 11:20:53,644 [7a683abd-c78e-4222-b82d-306c946a3e7e-groupManagement] INFO  server.RaftServer$Division (ServerState.java:<init>(120)) - 7a683abd-c78e-4222-b82d-306c946a3e7e@group-E1884211AE1E: ConfigurationManager, init=-1: peers:[7a683abd-c78e-4222-b82d-306c946a3e7e|rpc:10.1.0.72:15191|admin:10.1.0.72:15190|client:10.1.0.72:15189|dataStream:10.1.0.72:15192|priority:1|startupRole:FOLLOWER]|listeners:[], old=null, confs=<EMPTY_MAP>
2023-09-08 11:20:53,644 [7a683abd-c78e-4222-b82d-306c946a3e7e-groupManagement] INFO  server.RaftServerConfigKeys (ConfUtils.java:logGet(46)) - raft.server.storage.dir = [/home/runner/work/ozone/ozone/hadoop-ozone/integration-test/target/test-dir/MiniOzoneClusterImpl-b855b142-6583-46b6-8838-7b3da9243682/datanode-2/data/ratis] (custom)
2023-09-08 11:20:53,644 [7a683abd-c78e-4222-b82d-306c946a3e7e-groupManagement] INFO  server.RaftServerConfigKeys (ConfUtils.java:logGet(46)) - raft.server.log.corruption.policy = EXCEPTION (default)
2023-09-08 11:20:53,645 [7a683abd-c78e-4222-b82d-306c946a3e7e-groupManagement] INFO  server.RaftServerConfigKeys (ConfUtils.java:logGet(46)) - raft.server.storage.free-space.min = 0MB (=0) (default)
2023-09-08 11:20:53,645 [7a683abd-c78e-4222-b82d-306c946a3e7e-groupManagement] INFO  server.RaftServerConfigKeys (ConfUtils.java:logGet(46)) - raft.server.notification.no-leader.timeout = 300s (custom)
2023-09-08 11:20:53,645 [7a683abd-c78e-4222-b82d-306c946a3e7e-groupManagement] INFO  server.RaftServerConfigKeys (ConfUtils.java:logGet(46)) - raft.server.read.timeout = 10s (default)
2023-09-08 11:20:53,645 [7a683abd-c78e-4222-b82d-306c946a3e7e-groupManagement] INFO  server.RaftServerConfigKeys (ConfUtils.java:logGet(46)) - raft.server.retrycache.expirytime = 600000ms (custom)
2023-09-08 11:20:53,645 [7a683abd-c78e-4222-b82d-306c946a3e7e-groupManagement] INFO  server.RaftServerConfigKeys (ConfUtils.java:logGet(46)) - raft.server.retrycache.statistics.expirytime = 100μs (default)
2023-09-08 11:20:53,645 [7a683abd-c78e-4222-b82d-306c946a3e7e-groupManagement] INFO  server.RaftServerConfigKeys (ConfUtils.java:logGet(46)) - raft.server.read.option = DEFAULT (default)
2023-09-08 11:20:53,646 [7a683abd-c78e-4222-b82d-306c946a3e7e-groupManagement] INFO  server.RaftServerConfigKeys (ConfUtils.java:logGet(46)) - raft.server.rpc.request.timeout = 60s (custom)
2023-09-08 11:20:53,646 [7a683abd-c78e-4222-b82d-306c946a3e7e-groupManagement] INFO  server.RaftServerConfigKeys (ConfUtils.java:logGet(46)) - raft.server.log.appender.install.snapshot.enabled = false (custom)
2023-09-08 11:20:53,646 [7a683abd-c78e-4222-b82d-306c946a3e7e-groupManagement] INFO  server.RaftServerConfigKeys (ConfUtils.java:logGet(46)) - raft.server.threadpool.server.cached = true (default)
2023-09-08 11:20:53,646 [7a683abd-c78e-4222-b82d-306c946a3e7e-groupManagement] INFO  server.RaftServerConfigKeys (ConfUtils.java:logGet(46)) - raft.server.threadpool.server.size = 0 (default)
2023-09-08 11:20:53,646 [7a683abd-c78e-4222-b82d-306c946a3e7e-groupManagement] INFO  server.RaftServerConfigKeys (ConfUtils.java:logGet(46)) - raft.server.threadpool.client.cached = true (default)
2023-09-08 11:20:53,646 [7a683abd-c78e-4222-b82d-306c946a3e7e-groupManagement] INFO  server.RaftServerConfigKeys (ConfUtils.java:logGet(46)) - raft.server.threadpool.client.size = 0 (default)
2023-09-08 11:20:53,646 [7a683abd-c78e-4222-b82d-306c946a3e7e-groupManagement] INFO  storage.RaftStorageDirectory (RaftStorageDirectoryImpl.java:analyzeStorage(137)) - The storage directory /home/runner/work/ozone/ozone/hadoop-ozone/integration-test/target/test-dir/MiniOzoneClusterImpl-b855b142-6583-46b6-8838-7b3da9243682/datanode-2/data/ratis/897dfb88-7e43-42fa-85f3-e1884211ae1e does not exist. Creating ...
2023-09-08 11:20:53,649 [7a683abd-c78e-4222-b82d-306c946a3e7e-groupManagement] INFO  storage.RaftStorageDirectory (RaftStorageDirectoryImpl.java:tryLock(231)) - Lock on /home/runner/work/ozone/ozone/hadoop-ozone/integration-test/target/test-dir/MiniOzoneClusterImpl-b855b142-6583-46b6-8838-7b3da9243682/datanode-2/data/ratis/897dfb88-7e43-42fa-85f3-e1884211ae1e/in_use.lock acquired by nodename 7549@fv-az203-160
2023-09-08 11:20:53,651 [7a683abd-c78e-4222-b82d-306c946a3e7e-groupManagement] INFO  storage.RaftStorage (RaftStorageImpl.java:format(96)) - Storage directory /home/runner/work/ozone/ozone/hadoop-ozone/integration-test/target/test-dir/MiniOzoneClusterImpl-b855b142-6583-46b6-8838-7b3da9243682/datanode-2/data/ratis/897dfb88-7e43-42fa-85f3-e1884211ae1e has been successfully formatted.
2023-09-08 11:20:53,651 [7a683abd-c78e-4222-b82d-306c946a3e7e-groupManagement] INFO  ratis.ContainerStateMachine (ContainerStateMachine.java:loadSnapshot(262)) - group-E1884211AE1E: The snapshot info is null. Setting the last applied indexto:(t:0, i:~)
2023-09-08 11:20:53,651 [7a683abd-c78e-4222-b82d-306c946a3e7e-groupManagement] INFO  server.RaftServerConfigKeys (ConfUtils.java:logGet(46)) - raft.server.log.use.memory = false (default)
2023-09-08 11:20:53,651 [7a683abd-c78e-4222-b82d-306c946a3e7e-groupManagement] INFO  server.RaftServerConfigKeys (ConfUtils.java:logGet(46)) - raft.server.log.purge.gap = 1000000 (custom)
2023-09-08 11:20:53,651 [7a683abd-c78e-4222-b82d-306c946a3e7e-groupManagement] INFO  server.RaftServerConfigKeys (ConfUtils.java:logGet(46)) - raft.server.log.appender.buffer.byte-limit = 33554432 (custom)
2023-09-08 11:20:53,652 [7a683abd-c78e-4222-b82d-306c946a3e7e-groupManagement] INFO  server.RaftServerConfigKeys (ConfUtils.java:logGet(46)) - raft.server.log.statemachine.data.read.timeout = 1000ms (default)
2023-09-08 11:20:53,652 [7a683abd-c78e-4222-b82d-306c946a3e7e-groupManagement] INFO  server.RaftServerConfigKeys (ConfUtils.java:logGet(46)) - raft.server.log.purge.preservation.log.num = 0 (default)
2023-09-08 11:20:53,652 [7a683abd-c78e-4222-b82d-306c946a3e7e-groupManagement] INFO  server.RaftServerConfigKeys (ConfUtils.java:logGet(46)) - raft.server.log.segment.size.max = 1048576 (custom)
2023-09-08 11:20:53,652 [7a683abd-c78e-4222-b82d-306c946a3e7e-groupManagement] INFO  server.RaftServerConfigKeys (ConfUtils.java:logGet(46)) - raft.server.log.segment.cache.num.max = 2 (custom)
2023-09-08 11:20:53,652 [7a683abd-c78e-4222-b82d-306c946a3e7e-groupManagement] INFO  server.RaftServerConfigKeys (ConfUtils.java:logGet(46)) - raft.server.log.segment.cache.size.max = 200MB (=209715200) (default)
2023-09-08 11:20:53,652 [7a683abd-c78e-4222-b82d-306c946a3e7e-groupManagement] INFO  server.RaftServerConfigKeys (ConfUtils.java:logGet(46)) - raft.server.log.appender.buffer.byte-limit = 33554432 (custom)
2023-09-08 11:20:53,652 [7a683abd-c78e-4222-b82d-306c946a3e7e-groupManagement] INFO  segmented.SegmentedRaftLogWorker (SegmentedRaftLogWorker.java:<init>(188)) - new 7a683abd-c78e-4222-b82d-306c946a3e7e@group-E1884211AE1E-SegmentedRaftLogWorker for RaftStorageImpl:Storage Directory /home/runner/work/ozone/ozone/hadoop-ozone/integration-test/target/test-dir/MiniOzoneClusterImpl-b855b142-6583-46b6-8838-7b3da9243682/datanode-2/data/ratis/897dfb88-7e43-42fa-85f3-e1884211ae1e
2023-09-08 11:20:53,652 [7a683abd-c78e-4222-b82d-306c946a3e7e-groupManagement] INFO  server.RaftServerConfigKeys (ConfUtils.java:logGet(46)) - raft.server.log.queue.byte-limit = 4294967296 (custom)
2023-09-08 11:20:53,652 [7a683abd-c78e-4222-b82d-306c946a3e7e-groupManagement] INFO  server.RaftServerConfigKeys (ConfUtils.java:logGet(46)) - raft.server.log.queue.element-limit = 1024 (custom)
2023-09-08 11:20:53,652 [7a683abd-c78e-4222-b82d-306c946a3e7e-groupManagement] INFO  server.RaftServerConfigKeys (ConfUtils.java:logGet(46)) - raft.server.log.segment.size.max = 1048576 (custom)
2023-09-08 11:20:53,652 [7a683abd-c78e-4222-b82d-306c946a3e7e-groupManagement] INFO  server.RaftServerConfigKeys (ConfUtils.java:logGet(46)) - raft.server.log.preallocated.size = 16384 (custom)
2023-09-08 11:20:53,652 [7a683abd-c78e-4222-b82d-306c946a3e7e-groupManagement] INFO  server.RaftServerConfigKeys (ConfUtils.java:logGet(46)) - raft.server.log.force.sync.num = 128 (default)
2023-09-08 11:20:53,652 [7a683abd-c78e-4222-b82d-306c946a3e7e-groupManagement] INFO  server.RaftServerConfigKeys (ConfUtils.java:logGet(46)) - raft.server.log.statemachine.data.sync = true (default)
2023-09-08 11:20:53,653 [7a683abd-c78e-4222-b82d-306c946a3e7e-groupManagement] INFO  server.RaftServerConfigKeys (ConfUtils.java:logGet(46)) - raft.server.log.statemachine.data.sync.timeout = 10s (default)
2023-09-08 11:20:53,653 [7a683abd-c78e-4222-b82d-306c946a3e7e-groupManagement] INFO  server.RaftServerConfigKeys (ConfUtils.java:logGet(46)) - raft.server.log.statemachine.data.sync.timeout.retry = -1 (default)
2023-09-08 11:20:53,653 [7a683abd-c78e-4222-b82d-306c946a3e7e-groupManagement] INFO  server.RaftServerConfigKeys (ConfUtils.java:logGet(46)) - raft.server.log.write.buffer.size = 1048576 (custom)
2023-09-08 11:20:53,653 [EventQueue-PipelineReportForPipelineReportHandler] INFO  pipeline.PipelineReportHandler (PipelineReportHandler.java:processPipelineReport(136)) - Opened pipeline PipelineID=897dfb88-7e43-42fa-85f3-e1884211ae1e
2023-09-08 11:20:53,653 [7a683abd-c78e-4222-b82d-306c946a3e7e-groupManagement] INFO  server.RaftServerConfigKeys (ConfUtils.java:logGet(46)) - raft.server.log.appender.buffer.byte-limit = 33554432 (custom)
2023-09-08 11:20:53,653 [EventQueue-OpenPipelineForHealthyPipelineSafeModeRule] INFO  safemode.SCMSafeModeManager (HealthyPipelineSafeModeRule.java:process(137)) - SCM in safe mode. Healthy pipelines reported count is 0, required healthy pipeline reported count is 1
2023-09-08 11:20:53,659 [7a683abd-c78e-4222-b82d-306c946a3e7e-groupManagement] INFO  server.RaftServerConfigKeys (ConfUtils.java:logGet(46)) - raft.server.log.unsafe-flush.enabled = false (default)
2023-09-08 11:20:53,659 [7a683abd-c78e-4222-b82d-306c946a3e7e-groupManagement] INFO  server.RaftServerConfigKeys (ConfUtils.java:logGet(46)) - raft.server.log.async-flush.enabled = false (default)
2023-09-08 11:20:53,659 [7a683abd-c78e-4222-b82d-306c946a3e7e-groupManagement] INFO  server.RaftServerConfigKeys (ConfUtils.java:logGet(46)) - raft.server.log.statemachine.data.caching.enabled = true (custom)
2023-09-08 11:20:53,659 [7a683abd-c78e-4222-b82d-306c946a3e7e-groupManagement] INFO  segmented.SegmentedRaftLogWorker (SegmentedRaftLogWorker.java:lambda$new$0(135)) - 7a683abd-c78e-4222-b82d-306c946a3e7e@group-E1884211AE1E-SegmentedRaftLogWorker: flushIndex: setUnconditionally 0 -> -1
2023-09-08 11:20:53,659 [7a683abd-c78e-4222-b82d-306c946a3e7e-groupManagement] INFO  segmented.SegmentedRaftLogWorker (SegmentedRaftLogWorker.java:lambda$new$0(135)) - 7a683abd-c78e-4222-b82d-306c946a3e7e@group-E1884211AE1E-SegmentedRaftLogWorker: safeCacheEvictIndex: setUnconditionally 0 -> -1
2023-09-08 11:20:53,660 [7a683abd-c78e-4222-b82d-306c946a3e7e-groupManagement] INFO  server.RaftServer$Division (RaftServerImpl.java:start(342)) - 7a683abd-c78e-4222-b82d-306c946a3e7e@group-E1884211AE1E: start as a follower, conf=-1: peers:[7a683abd-c78e-4222-b82d-306c946a3e7e|rpc:10.1.0.72:15191|admin:10.1.0.72:15190|client:10.1.0.72:15189|dataStream:10.1.0.72:15192|priority:1|startupRole:FOLLOWER]|listeners:[], old=null
2023-09-08 11:20:53,660 [7a683abd-c78e-4222-b82d-306c946a3e7e-groupManagement] INFO  server.RaftServer$Division (RaftServerImpl.java:setRole(329)) - 7a683abd-c78e-4222-b82d-306c946a3e7e@group-E1884211AE1E: changes role from      null to FOLLOWER at term 0 for startAsFollower
2023-09-08 11:20:53,660 [7a683abd-c78e-4222-b82d-306c946a3e7e-groupManagement] INFO  impl.RoleInfo (RoleInfo.java:updateAndGet(139)) - 7a683abd-c78e-4222-b82d-306c946a3e7e: start 7a683abd-c78e-4222-b82d-306c946a3e7e@group-E1884211AE1E-FollowerState
2023-09-08 11:20:53,660 [7a683abd-c78e-4222-b82d-306c946a3e7e-groupManagement] INFO  util.JmxRegister (JmxRegister.java:tryRegister(44)) - Successfully registered JMX Bean with object name Ratis:service=RaftServer,group=group-E1884211AE1E,id=7a683abd-c78e-4222-b82d-306c946a3e7e
2023-09-08 11:20:53,660 [7a683abd-c78e-4222-b82d-306c946a3e7e-groupManagement] INFO  server.RaftServerConfigKeys (ConfUtils.java:logGet(46)) - raft.server.snapshot.auto.trigger.enabled = true (custom)
2023-09-08 11:20:53,660 [7a683abd-c78e-4222-b82d-306c946a3e7e-groupManagement] INFO  server.RaftServerConfigKeys (ConfUtils.java:logGet(46)) - raft.server.snapshot.auto.trigger.threshold = 10000 (custom)
2023-09-08 11:20:53,660 [7a683abd-c78e-4222-b82d-306c946a3e7e-groupManagement] INFO  server.RaftServerConfigKeys (ConfUtils.java:logGet(46)) - raft.server.snapshot.retention.file.num = 5 (custom)
2023-09-08 11:20:53,660 [7a683abd-c78e-4222-b82d-306c946a3e7e-groupManagement] INFO  server.RaftServerConfigKeys (ConfUtils.java:logGet(46)) - raft.server.log.purge.upto.snapshot.index = false (default)
2023-09-08 11:20:53,661 [7a683abd-c78e-4222-b82d-306c946a3e7e@group-E1884211AE1E-FollowerState] INFO  server.RaftServerConfigKeys (ConfUtils.java:logFallback(53)) - raft.server.rpc.first-election.timeout.min = 5s (fallback to raft.server.rpc.timeout.min)
2023-09-08 11:20:53,661 [7a683abd-c78e-4222-b82d-306c946a3e7e@group-E1884211AE1E-FollowerState] INFO  server.RaftServerConfigKeys (ConfUtils.java:logFallback(53)) - raft.server.rpc.first-election.timeout.max = 5200ms (fallback to raft.server.rpc.timeout.max)
2023-09-08 11:20:53,661 [PipelineCommandHandlerThread-0] INFO  ratis.XceiverServerRatis (XceiverServerRatis.java:addGroup(804)) - Created group PipelineID=897dfb88-7e43-42fa-85f3-e1884211ae1e
2023-09-08 11:20:53,661 [PipelineCommandHandlerThread-0] INFO  commandhandler.CreatePipelineCommandHandler (CreatePipelineCommandHandler.java:lambda$handle$2(124)) - Created Pipeline RATIS ONE PipelineID=897dfb88-7e43-42fa-85f3-e1884211ae1e.
2023-09-08 11:20:53,938 [PipelineCommandHandlerThread-0] INFO  server.RaftServer (RaftServerProxy.java:addNew(98)) - 8abc5b5b-9557-42e0-ad65-3a4f82792924: addNew group-B092EB65F64D:[8abc5b5b-9557-42e0-ad65-3a4f82792924|rpc:10.1.0.72:15200|admin:10.1.0.72:15199|client:10.1.0.72:15198|dataStream:10.1.0.72:15201|priority:1|startupRole:FOLLOWER] returns group-B092EB65F64D:java.util.concurrent.CompletableFuture@701a0ac2[Not completed]
2023-09-08 11:20:53,939 [8abc5b5b-9557-42e0-ad65-3a4f82792924-groupManagement] INFO  server.RaftServer$Division (RaftServerImpl.java:<init>(198)) - 8abc5b5b-9557-42e0-ad65-3a4f82792924: new RaftServerImpl for group-B092EB65F64D:[8abc5b5b-9557-42e0-ad65-3a4f82792924|rpc:10.1.0.72:15200|admin:10.1.0.72:15199|client:10.1.0.72:15198|dataStream:10.1.0.72:15201|priority:1|startupRole:FOLLOWER] with ContainerStateMachine:uninitialized
2023-09-08 11:20:53,939 [8abc5b5b-9557-42e0-ad65-3a4f82792924-groupManagement] INFO  server.RaftServerConfigKeys (ConfUtils.java:logGet(46)) - raft.server.rpc.timeout.min = 5s (custom)
2023-09-08 11:20:53,939 [8abc5b5b-9557-42e0-ad65-3a4f82792924-groupManagement] INFO  server.RaftServerConfigKeys (ConfUtils.java:logGet(46)) - raft.server.rpc.timeout.max = 5200ms (custom)
2023-09-08 11:20:53,940 [8abc5b5b-9557-42e0-ad65-3a4f82792924-groupManagement] INFO  server.RaftServerConfigKeys (ConfUtils.java:logGet(46)) - raft.server.rpc.sleep.time = 25ms (default)
2023-09-08 11:20:53,940 [8abc5b5b-9557-42e0-ad65-3a4f82792924-groupManagement] INFO  server.RaftServerConfigKeys (ConfUtils.java:logGet(46)) - raft.server.rpc.slowness.timeout = 300s (custom)
2023-09-08 11:20:53,940 [8abc5b5b-9557-42e0-ad65-3a4f82792924-groupManagement] INFO  server.RaftServerConfigKeys (ConfUtils.java:logGet(46)) - raft.server.leaderelection.leader.step-down.wait-time = 10s (default)
2023-09-08 11:20:53,940 [8abc5b5b-9557-42e0-ad65-3a4f82792924-groupManagement] INFO  server.RaftServerConfigKeys (ConfUtils.java:logGet(46)) - raft.server.sleep.deviation.threshold = 300ms (default)
2023-09-08 11:20:53,940 [8abc5b5b-9557-42e0-ad65-3a4f82792924-groupManagement] INFO  server.RaftServer$Division (ServerState.java:<init>(120)) - 8abc5b5b-9557-42e0-ad65-3a4f82792924@group-B092EB65F64D: ConfigurationManager, init=-1: peers:[8abc5b5b-9557-42e0-ad65-3a4f82792924|rpc:10.1.0.72:15200|admin:10.1.0.72:15199|client:10.1.0.72:15198|dataStream:10.1.0.72:15201|priority:1|startupRole:FOLLOWER]|listeners:[], old=null, confs=<EMPTY_MAP>
2023-09-08 11:20:53,940 [8abc5b5b-9557-42e0-ad65-3a4f82792924-groupManagement] INFO  server.RaftServerConfigKeys (ConfUtils.java:logGet(46)) - raft.server.storage.dir = [/home/runner/work/ozone/ozone/hadoop-ozone/integration-test/target/test-dir/MiniOzoneClusterImpl-b855b142-6583-46b6-8838-7b3da9243682/datanode-3/data/ratis] (custom)
2023-09-08 11:20:53,940 [8abc5b5b-9557-42e0-ad65-3a4f82792924-groupManagement] INFO  server.RaftServerConfigKeys (ConfUtils.java:logGet(46)) - raft.server.log.corruption.policy = EXCEPTION (default)
2023-09-08 11:20:53,940 [8abc5b5b-9557-42e0-ad65-3a4f82792924-groupManagement] INFO  server.RaftServerConfigKeys (ConfUtils.java:logGet(46)) - raft.server.storage.free-space.min = 0MB (=0) (default)
2023-09-08 11:20:53,940 [8abc5b5b-9557-42e0-ad65-3a4f82792924-groupManagement] INFO  server.RaftServerConfigKeys (ConfUtils.java:logGet(46)) - raft.server.notification.no-leader.timeout = 300s (custom)
2023-09-08 11:20:53,940 [8abc5b5b-9557-42e0-ad65-3a4f82792924-groupManagement] INFO  server.RaftServerConfigKeys (ConfUtils.java:logGet(46)) - raft.server.read.timeout = 10s (default)
2023-09-08 11:20:53,940 [8abc5b5b-9557-42e0-ad65-3a4f82792924-groupManagement] INFO  server.RaftServerConfigKeys (ConfUtils.java:logGet(46)) - raft.server.retrycache.expirytime = 600000ms (custom)
2023-09-08 11:20:53,940 [8abc5b5b-9557-42e0-ad65-3a4f82792924-groupManagement] INFO  server.RaftServerConfigKeys (ConfUtils.java:logGet(46)) - raft.server.retrycache.statistics.expirytime = 100μs (default)
2023-09-08 11:20:53,940 [8abc5b5b-9557-42e0-ad65-3a4f82792924-groupManagement] INFO  server.RaftServerConfigKeys (ConfUtils.java:logGet(46)) - raft.server.read.option = DEFAULT (default)
2023-09-08 11:20:53,941 [8abc5b5b-9557-42e0-ad65-3a4f82792924-groupManagement] INFO  server.RaftServerConfigKeys (ConfUtils.java:logGet(46)) - raft.server.rpc.request.timeout = 60s (custom)
2023-09-08 11:20:53,941 [8abc5b5b-9557-42e0-ad65-3a4f82792924-groupManagement] INFO  server.RaftServerConfigKeys (ConfUtils.java:logGet(46)) - raft.server.log.appender.install.snapshot.enabled = false (custom)
2023-09-08 11:20:53,941 [8abc5b5b-9557-42e0-ad65-3a4f82792924-groupManagement] INFO  server.RaftServerConfigKeys (ConfUtils.java:logGet(46)) - raft.server.threadpool.server.cached = true (default)
2023-09-08 11:20:53,941 [8abc5b5b-9557-42e0-ad65-3a4f82792924-groupManagement] INFO  server.RaftServerConfigKeys (ConfUtils.java:logGet(46)) - raft.server.threadpool.server.size = 0 (default)
2023-09-08 11:20:53,941 [8abc5b5b-9557-42e0-ad65-3a4f82792924-groupManagement] INFO  server.RaftServerConfigKeys (ConfUtils.java:logGet(46)) - raft.server.threadpool.client.cached = true (default)
2023-09-08 11:20:53,941 [8abc5b5b-9557-42e0-ad65-3a4f82792924-groupManagement] INFO  server.RaftServerConfigKeys (ConfUtils.java:logGet(46)) - raft.server.threadpool.client.size = 0 (default)
2023-09-08 11:20:53,941 [8abc5b5b-9557-42e0-ad65-3a4f82792924-groupManagement] INFO  storage.RaftStorageDirectory (RaftStorageDirectoryImpl.java:analyzeStorage(137)) - The storage directory /home/runner/work/ozone/ozone/hadoop-ozone/integration-test/target/test-dir/MiniOzoneClusterImpl-b855b142-6583-46b6-8838-7b3da9243682/datanode-3/data/ratis/d9cff193-a2f6-4520-8ba1-b092eb65f64d does not exist. Creating ...
2023-09-08 11:20:53,943 [8abc5b5b-9557-42e0-ad65-3a4f82792924-groupManagement] INFO  storage.RaftStorageDirectory (RaftStorageDirectoryImpl.java:tryLock(231)) - Lock on /home/runner/work/ozone/ozone/hadoop-ozone/integration-test/target/test-dir/MiniOzoneClusterImpl-b855b142-6583-46b6-8838-7b3da9243682/datanode-3/data/ratis/d9cff193-a2f6-4520-8ba1-b092eb65f64d/in_use.lock acquired by nodename 7549@fv-az203-160
2023-09-08 11:20:53,944 [8abc5b5b-9557-42e0-ad65-3a4f82792924-groupManagement] INFO  storage.RaftStorage (RaftStorageImpl.java:format(96)) - Storage directory /home/runner/work/ozone/ozone/hadoop-ozone/integration-test/target/test-dir/MiniOzoneClusterImpl-b855b142-6583-46b6-8838-7b3da9243682/datanode-3/data/ratis/d9cff193-a2f6-4520-8ba1-b092eb65f64d has been successfully formatted.
2023-09-08 11:20:53,946 [8abc5b5b-9557-42e0-ad65-3a4f82792924-groupManagement] INFO  ratis.ContainerStateMachine (ContainerStateMachine.java:loadSnapshot(262)) - group-B092EB65F64D: The snapshot info is null. Setting the last applied indexto:(t:0, i:~)
2023-09-08 11:20:53,946 [8abc5b5b-9557-42e0-ad65-3a4f82792924-groupManagement] INFO  server.RaftServerConfigKeys (ConfUtils.java:logGet(46)) - raft.server.log.use.memory = false (default)
2023-09-08 11:20:53,947 [8abc5b5b-9557-42e0-ad65-3a4f82792924-groupManagement] INFO  server.RaftServerConfigKeys (ConfUtils.java:logGet(46)) - raft.server.log.purge.gap = 1000000 (custom)
2023-09-08 11:20:53,947 [8abc5b5b-9557-42e0-ad65-3a4f82792924-groupManagement] INFO  server.RaftServerConfigKeys (ConfUtils.java:logGet(46)) - raft.server.log.appender.buffer.byte-limit = 33554432 (custom)
2023-09-08 11:20:53,947 [8abc5b5b-9557-42e0-ad65-3a4f82792924-groupManagement] INFO  server.RaftServerConfigKeys (ConfUtils.java:logGet(46)) - raft.server.log.statemachine.data.read.timeout = 1000ms (default)
2023-09-08 11:20:53,947 [EventQueue-PipelineReportForPipelineReportHandler] INFO  pipeline.PipelineReportHandler (PipelineReportHandler.java:processPipelineReport(136)) - Opened pipeline PipelineID=d9cff193-a2f6-4520-8ba1-b092eb65f64d
2023-09-08 11:20:53,948 [EventQueue-OpenPipelineForHealthyPipelineSafeModeRule] INFO  safemode.SCMSafeModeManager (HealthyPipelineSafeModeRule.java:process(137)) - SCM in safe mode. Healthy pipelines reported count is 0, required healthy pipeline reported count is 1
2023-09-08 11:20:53,948 [8abc5b5b-9557-42e0-ad65-3a4f82792924-groupManagement] INFO  server.RaftServerConfigKeys (ConfUtils.java:logGet(46)) - raft.server.log.purge.preservation.log.num = 0 (default)
2023-09-08 11:20:53,948 [8abc5b5b-9557-42e0-ad65-3a4f82792924-groupManagement] INFO  server.RaftServerConfigKeys (ConfUtils.java:logGet(46)) - raft.server.log.segment.size.max = 1048576 (custom)
2023-09-08 11:20:53,948 [8abc5b5b-9557-42e0-ad65-3a4f82792924-groupManagement] INFO  server.RaftServerConfigKeys (ConfUtils.java:logGet(46)) - raft.server.log.segment.cache.num.max = 2 (custom)
2023-09-08 11:20:53,948 [8abc5b5b-9557-42e0-ad65-3a4f82792924-groupManagement] INFO  server.RaftServerConfigKeys (ConfUtils.java:logGet(46)) - raft.server.log.segment.cache.size.max = 200MB (=209715200) (default)
2023-09-08 11:20:53,948 [8abc5b5b-9557-42e0-ad65-3a4f82792924-groupManagement] INFO  server.RaftServerConfigKeys (ConfUtils.java:logGet(46)) - raft.server.log.appender.buffer.byte-limit = 33554432 (custom)
2023-09-08 11:20:53,948 [8abc5b5b-9557-42e0-ad65-3a4f82792924-groupManagement] INFO  segmented.SegmentedRaftLogWorker (SegmentedRaftLogWorker.java:<init>(188)) - new 8abc5b5b-9557-42e0-ad65-3a4f82792924@group-B092EB65F64D-SegmentedRaftLogWorker for RaftStorageImpl:Storage Directory /home/runner/work/ozone/ozone/hadoop-ozone/integration-test/target/test-dir/MiniOzoneClusterImpl-b855b142-6583-46b6-8838-7b3da9243682/datanode-3/data/ratis/d9cff193-a2f6-4520-8ba1-b092eb65f64d
2023-09-08 11:20:53,948 [8abc5b5b-9557-42e0-ad65-3a4f82792924-groupManagement] INFO  server.RaftServerConfigKeys (ConfUtils.java:logGet(46)) - raft.server.log.queue.byte-limit = 4294967296 (custom)
2023-09-08 11:20:53,948 [8abc5b5b-9557-42e0-ad65-3a4f82792924-groupManagement] INFO  server.RaftServerConfigKeys (ConfUtils.java:logGet(46)) - raft.server.log.queue.element-limit = 1024 (custom)
2023-09-08 11:20:53,948 [8abc5b5b-9557-42e0-ad65-3a4f82792924-groupManagement] INFO  server.RaftServerConfigKeys (ConfUtils.java:logGet(46)) - raft.server.log.segment.size.max = 1048576 (custom)
2023-09-08 11:20:53,948 [8abc5b5b-9557-42e0-ad65-3a4f82792924-groupManagement] INFO  server.RaftServerConfigKeys (ConfUtils.java:logGet(46)) - raft.server.log.preallocated.size = 16384 (custom)
2023-09-08 11:20:53,949 [8abc5b5b-9557-42e0-ad65-3a4f82792924-groupManagement] INFO  server.RaftServerConfigKeys (ConfUtils.java:logGet(46)) - raft.server.log.force.sync.num = 128 (default)
2023-09-08 11:20:53,949 [8abc5b5b-9557-42e0-ad65-3a4f82792924-groupManagement] INFO  server.RaftServerConfigKeys (ConfUtils.java:logGet(46)) - raft.server.log.statemachine.data.sync = true (default)
2023-09-08 11:20:53,949 [8abc5b5b-9557-42e0-ad65-3a4f82792924-groupManagement] INFO  server.RaftServerConfigKeys (ConfUtils.java:logGet(46)) - raft.server.log.statemachine.data.sync.timeout = 10s (default)
2023-09-08 11:20:53,949 [8abc5b5b-9557-42e0-ad65-3a4f82792924-groupManagement] INFO  server.RaftServerConfigKeys (ConfUtils.java:logGet(46)) - raft.server.log.statemachine.data.sync.timeout.retry = -1 (default)
2023-09-08 11:20:53,949 [8abc5b5b-9557-42e0-ad65-3a4f82792924-groupManagement] INFO  server.RaftServerConfigKeys (ConfUtils.java:logGet(46)) - raft.server.log.write.buffer.size = 1048576 (custom)
2023-09-08 11:20:53,949 [8abc5b5b-9557-42e0-ad65-3a4f82792924-groupManagement] INFO  server.RaftServerConfigKeys (ConfUtils.java:logGet(46)) - raft.server.log.appender.buffer.byte-limit = 33554432 (custom)
2023-09-08 11:20:53,955 [8abc5b5b-9557-42e0-ad65-3a4f82792924-groupManagement] INFO  server.RaftServerConfigKeys (ConfUtils.java:logGet(46)) - raft.server.log.unsafe-flush.enabled = false (default)
2023-09-08 11:20:53,955 [8abc5b5b-9557-42e0-ad65-3a4f82792924-groupManagement] INFO  server.RaftServerConfigKeys (ConfUtils.java:logGet(46)) - raft.server.log.async-flush.enabled = false (default)
2023-09-08 11:20:53,955 [8abc5b5b-9557-42e0-ad65-3a4f82792924-groupManagement] INFO  server.RaftServerConfigKeys (ConfUtils.java:logGet(46)) - raft.server.log.statemachine.data.caching.enabled = true (custom)
2023-09-08 11:20:53,955 [8abc5b5b-9557-42e0-ad65-3a4f82792924-groupManagement] INFO  segmented.SegmentedRaftLogWorker (SegmentedRaftLogWorker.java:lambda$new$0(135)) - 8abc5b5b-9557-42e0-ad65-3a4f82792924@group-B092EB65F64D-SegmentedRaftLogWorker: flushIndex: setUnconditionally 0 -> -1
2023-09-08 11:20:53,955 [8abc5b5b-9557-42e0-ad65-3a4f82792924-groupManagement] INFO  segmented.SegmentedRaftLogWorker (SegmentedRaftLogWorker.java:lambda$new$0(135)) - 8abc5b5b-9557-42e0-ad65-3a4f82792924@group-B092EB65F64D-SegmentedRaftLogWorker: safeCacheEvictIndex: setUnconditionally 0 -> -1
2023-09-08 11:20:53,956 [8abc5b5b-9557-42e0-ad65-3a4f82792924-groupManagement] INFO  server.RaftServer$Division (RaftServerImpl.java:start(342)) - 8abc5b5b-9557-42e0-ad65-3a4f82792924@group-B092EB65F64D: start as a follower, conf=-1: peers:[8abc5b5b-9557-42e0-ad65-3a4f82792924|rpc:10.1.0.72:15200|admin:10.1.0.72:15199|client:10.1.0.72:15198|dataStream:10.1.0.72:15201|priority:1|startupRole:FOLLOWER]|listeners:[], old=null
2023-09-08 11:20:53,956 [8abc5b5b-9557-42e0-ad65-3a4f82792924-groupManagement] INFO  server.RaftServer$Division (RaftServerImpl.java:setRole(329)) - 8abc5b5b-9557-42e0-ad65-3a4f82792924@group-B092EB65F64D: changes role from      null to FOLLOWER at term 0 for startAsFollower
2023-09-08 11:20:53,956 [8abc5b5b-9557-42e0-ad65-3a4f82792924-groupManagement] INFO  impl.RoleInfo (RoleInfo.java:updateAndGet(139)) - 8abc5b5b-9557-42e0-ad65-3a4f82792924: start 8abc5b5b-9557-42e0-ad65-3a4f82792924@group-B092EB65F64D-FollowerState
2023-09-08 11:20:53,956 [8abc5b5b-9557-42e0-ad65-3a4f82792924-groupManagement] INFO  util.JmxRegister (JmxRegister.java:tryRegister(44)) - Successfully registered JMX Bean with object name Ratis:service=RaftServer,group=group-B092EB65F64D,id=8abc5b5b-9557-42e0-ad65-3a4f82792924
2023-09-08 11:20:53,956 [8abc5b5b-9557-42e0-ad65-3a4f82792924@group-B092EB65F64D-FollowerState] INFO  server.RaftServerConfigKeys (ConfUtils.java:logFallback(53)) - raft.server.rpc.first-election.timeout.min = 5s (fallback to raft.server.rpc.timeout.min)
2023-09-08 11:20:53,957 [8abc5b5b-9557-42e0-ad65-3a4f82792924-groupManagement] INFO  server.RaftServerConfigKeys (ConfUtils.java:logGet(46)) - raft.server.snapshot.auto.trigger.enabled = true (custom)
2023-09-08 11:20:53,957 [8abc5b5b-9557-42e0-ad65-3a4f82792924@group-B092EB65F64D-FollowerState] INFO  server.RaftServerConfigKeys (ConfUtils.java:logFallback(53)) - raft.server.rpc.first-election.timeout.max = 5200ms (fallback to raft.server.rpc.timeout.max)
2023-09-08 11:20:53,957 [8abc5b5b-9557-42e0-ad65-3a4f82792924-groupManagement] INFO  server.RaftServerConfigKeys (ConfUtils.java:logGet(46)) - raft.server.snapshot.auto.trigger.threshold = 10000 (custom)
2023-09-08 11:20:53,957 [8abc5b5b-9557-42e0-ad65-3a4f82792924-groupManagement] INFO  server.RaftServerConfigKeys (ConfUtils.java:logGet(46)) - raft.server.snapshot.retention.file.num = 5 (custom)
2023-09-08 11:20:53,957 [8abc5b5b-9557-42e0-ad65-3a4f82792924-groupManagement] INFO  server.RaftServerConfigKeys (ConfUtils.java:logGet(46)) - raft.server.log.purge.upto.snapshot.index = false (default)
2023-09-08 11:20:53,957 [PipelineCommandHandlerThread-0] INFO  ratis.XceiverServerRatis (XceiverServerRatis.java:addGroup(804)) - Created group PipelineID=d9cff193-a2f6-4520-8ba1-b092eb65f64d
2023-09-08 11:20:53,958 [PipelineCommandHandlerThread-0] INFO  commandhandler.CreatePipelineCommandHandler (CreatePipelineCommandHandler.java:lambda$handle$2(124)) - Created Pipeline RATIS ONE PipelineID=d9cff193-a2f6-4520-8ba1-b092eb65f64d.
2023-09-08 11:20:54,273 [main] INFO  ozone.MiniOzoneClusterImpl (MiniOzoneClusterImpl.java:lambda$waitForClusterToBeReady$0(224)) - Nodes are ready. Got 5 of 5 DN Heartbeats.
2023-09-08 11:20:54,273 [main] INFO  ozone.MiniOzoneClusterImpl (MiniOzoneClusterImpl.java:lambda$waitForClusterToBeReady$0(227)) - Waiting for cluster to exit safe mode
2023-09-08 11:20:54,274 [main] INFO  ozone.MiniOzoneClusterImpl (MiniOzoneClusterImpl.java:lambda$waitForClusterToBeReady$0(229)) - SCM became leader
2023-09-08 11:20:54,287 [PipelineCommandHandlerThread-0] INFO  server.RaftServer (RaftServerProxy.java:addNew(98)) - c4d580d2-2f88-474d-8696-feb170900697: addNew group-1A30A5744338:[c4d580d2-2f88-474d-8696-feb170900697|rpc:10.1.0.72:15209|admin:10.1.0.72:15208|client:10.1.0.72:15207|dataStream:10.1.0.72:15210|priority:1|startupRole:FOLLOWER] returns group-1A30A5744338:java.util.concurrent.CompletableFuture@538df065[Not completed]
2023-09-08 11:20:54,289 [c4d580d2-2f88-474d-8696-feb170900697-groupManagement] INFO  server.RaftServer$Division (RaftServerImpl.java:<init>(198)) - c4d580d2-2f88-474d-8696-feb170900697: new RaftServerImpl for group-1A30A5744338:[c4d580d2-2f88-474d-8696-feb170900697|rpc:10.1.0.72:15209|admin:10.1.0.72:15208|client:10.1.0.72:15207|dataStream:10.1.0.72:15210|priority:1|startupRole:FOLLOWER] with ContainerStateMachine:uninitialized
2023-09-08 11:20:54,289 [c4d580d2-2f88-474d-8696-feb170900697-groupManagement] INFO  server.RaftServerConfigKeys (ConfUtils.java:logGet(46)) - raft.server.rpc.timeout.min = 5s (custom)
2023-09-08 11:20:54,289 [c4d580d2-2f88-474d-8696-feb170900697-groupManagement] INFO  server.RaftServerConfigKeys (ConfUtils.java:logGet(46)) - raft.server.rpc.timeout.max = 5200ms (custom)
2023-09-08 11:20:54,289 [c4d580d2-2f88-474d-8696-feb170900697-groupManagement] INFO  server.RaftServerConfigKeys (ConfUtils.java:logGet(46)) - raft.server.rpc.sleep.time = 25ms (default)
2023-09-08 11:20:54,289 [c4d580d2-2f88-474d-8696-feb170900697-groupManagement] INFO  server.RaftServerConfigKeys (ConfUtils.java:logGet(46)) - raft.server.rpc.slowness.timeout = 300s (custom)
2023-09-08 11:20:54,289 [c4d580d2-2f88-474d-8696-feb170900697-groupManagement] INFO  server.RaftServerConfigKeys (ConfUtils.java:logGet(46)) - raft.server.leaderelection.leader.step-down.wait-time = 10s (default)
2023-09-08 11:20:54,290 [c4d580d2-2f88-474d-8696-feb170900697-groupManagement] INFO  server.RaftServerConfigKeys (ConfUtils.java:logGet(46)) - raft.server.sleep.deviation.threshold = 300ms (default)
2023-09-08 11:20:54,290 [c4d580d2-2f88-474d-8696-feb170900697-groupManagement] INFO  server.RaftServer$Division (ServerState.java:<init>(120)) - c4d580d2-2f88-474d-8696-feb170900697@group-1A30A5744338: ConfigurationManager, init=-1: peers:[c4d580d2-2f88-474d-8696-feb170900697|rpc:10.1.0.72:15209|admin:10.1.0.72:15208|client:10.1.0.72:15207|dataStream:10.1.0.72:15210|priority:1|startupRole:FOLLOWER]|listeners:[], old=null, confs=<EMPTY_MAP>
2023-09-08 11:20:54,290 [c4d580d2-2f88-474d-8696-feb170900697-groupManagement] INFO  server.RaftServerConfigKeys (ConfUtils.java:logGet(46)) - raft.server.storage.dir = [/home/runner/work/ozone/ozone/hadoop-ozone/integration-test/target/test-dir/MiniOzoneClusterImpl-b855b142-6583-46b6-8838-7b3da9243682/datanode-4/data/ratis] (custom)
2023-09-08 11:20:54,290 [c4d580d2-2f88-474d-8696-feb170900697-groupManagement] INFO  server.RaftServerConfigKeys (ConfUtils.java:logGet(46)) - raft.server.log.corruption.policy = EXCEPTION (default)
2023-09-08 11:20:54,290 [c4d580d2-2f88-474d-8696-feb170900697-groupManagement] INFO  server.RaftServerConfigKeys (ConfUtils.java:logGet(46)) - raft.server.storage.free-space.min = 0MB (=0) (default)
2023-09-08 11:20:54,290 [c4d580d2-2f88-474d-8696-feb170900697-groupManagement] INFO  server.RaftServerConfigKeys (ConfUtils.java:logGet(46)) - raft.server.notification.no-leader.timeout = 300s (custom)
2023-09-08 11:20:54,290 [c4d580d2-2f88-474d-8696-feb170900697-groupManagement] INFO  server.RaftServerConfigKeys (ConfUtils.java:logGet(46)) - raft.server.read.timeout = 10s (default)
2023-09-08 11:20:54,290 [c4d580d2-2f88-474d-8696-feb170900697-groupManagement] INFO  server.RaftServerConfigKeys (ConfUtils.java:logGet(46)) - raft.server.retrycache.expirytime = 600000ms (custom)
2023-09-08 11:20:54,291 [c4d580d2-2f88-474d-8696-feb170900697-groupManagement] INFO  server.RaftServerConfigKeys (ConfUtils.java:logGet(46)) - raft.server.retrycache.statistics.expirytime = 100μs (default)
2023-09-08 11:20:54,291 [c4d580d2-2f88-474d-8696-feb170900697-groupManagement] INFO  server.RaftServerConfigKeys (ConfUtils.java:logGet(46)) - raft.server.read.option = DEFAULT (default)
2023-09-08 11:20:54,291 [c4d580d2-2f88-474d-8696-feb170900697-groupManagement] INFO  server.RaftServerConfigKeys (ConfUtils.java:logGet(46)) - raft.server.rpc.request.timeout = 60s (custom)
2023-09-08 11:20:54,291 [c4d580d2-2f88-474d-8696-feb170900697-groupManagement] INFO  server.RaftServerConfigKeys (ConfUtils.java:logGet(46)) - raft.server.log.appender.install.snapshot.enabled = false (custom)
2023-09-08 11:20:54,292 [c4d580d2-2f88-474d-8696-feb170900697-groupManagement] INFO  server.RaftServerConfigKeys (ConfUtils.java:logGet(46)) - raft.server.threadpool.server.cached = true (default)
2023-09-08 11:20:54,292 [c4d580d2-2f88-474d-8696-feb170900697-groupManagement] INFO  server.RaftServerConfigKeys (ConfUtils.java:logGet(46)) - raft.server.threadpool.server.size = 0 (default)
2023-09-08 11:20:54,292 [c4d580d2-2f88-474d-8696-feb170900697-groupManagement] INFO  server.RaftServerConfigKeys (ConfUtils.java:logGet(46)) - raft.server.threadpool.client.cached = true (default)
2023-09-08 11:20:54,292 [c4d580d2-2f88-474d-8696-feb170900697-groupManagement] INFO  server.RaftServerConfigKeys (ConfUtils.java:logGet(46)) - raft.server.threadpool.client.size = 0 (default)
2023-09-08 11:20:54,292 [c4d580d2-2f88-474d-8696-feb170900697-groupManagement] INFO  storage.RaftStorageDirectory (RaftStorageDirectoryImpl.java:analyzeStorage(137)) - The storage directory /home/runner/work/ozone/ozone/hadoop-ozone/integration-test/target/test-dir/MiniOzoneClusterImpl-b855b142-6583-46b6-8838-7b3da9243682/datanode-4/data/ratis/618640b2-dab0-4c5d-bc08-1a30a5744338 does not exist. Creating ...
2023-09-08 11:20:54,293 [c4d580d2-2f88-474d-8696-feb170900697-groupManagement] INFO  storage.RaftStorageDirectory (RaftStorageDirectoryImpl.java:tryLock(231)) - Lock on /home/runner/work/ozone/ozone/hadoop-ozone/integration-test/target/test-dir/MiniOzoneClusterImpl-b855b142-6583-46b6-8838-7b3da9243682/datanode-4/data/ratis/618640b2-dab0-4c5d-bc08-1a30a5744338/in_use.lock acquired by nodename 7549@fv-az203-160
2023-09-08 11:20:54,295 [c4d580d2-2f88-474d-8696-feb170900697-groupManagement] INFO  storage.RaftStorage (RaftStorageImpl.java:format(96)) - Storage directory /home/runner/work/ozone/ozone/hadoop-ozone/integration-test/target/test-dir/MiniOzoneClusterImpl-b855b142-6583-46b6-8838-7b3da9243682/datanode-4/data/ratis/618640b2-dab0-4c5d-bc08-1a30a5744338 has been successfully formatted.
2023-09-08 11:20:54,311 [c4d580d2-2f88-474d-8696-feb170900697-groupManagement] INFO  ratis.ContainerStateMachine (ContainerStateMachine.java:loadSnapshot(262)) - group-1A30A5744338: The snapshot info is null. Setting the last applied indexto:(t:0, i:~)
2023-09-08 11:20:54,313 [c4d580d2-2f88-474d-8696-feb170900697-groupManagement] INFO  server.RaftServerConfigKeys (ConfUtils.java:logGet(46)) - raft.server.log.use.memory = false (default)
2023-09-08 11:20:54,313 [c4d580d2-2f88-474d-8696-feb170900697-groupManagement] INFO  server.RaftServerConfigKeys (ConfUtils.java:logGet(46)) - raft.server.log.purge.gap = 1000000 (custom)
2023-09-08 11:20:54,313 [EventQueue-PipelineReportForPipelineReportHandler] INFO  pipeline.PipelineReportHandler (PipelineReportHandler.java:processPipelineReport(136)) - Opened pipeline PipelineID=618640b2-dab0-4c5d-bc08-1a30a5744338
2023-09-08 11:20:54,314 [c4d580d2-2f88-474d-8696-feb170900697-groupManagement] INFO  server.RaftServerConfigKeys (ConfUtils.java:logGet(46)) - raft.server.log.appender.buffer.byte-limit = 33554432 (custom)
2023-09-08 11:20:54,314 [EventQueue-OpenPipelineForHealthyPipelineSafeModeRule] INFO  safemode.SCMSafeModeManager (HealthyPipelineSafeModeRule.java:process(137)) - SCM in safe mode. Healthy pipelines reported count is 0, required healthy pipeline reported count is 1
2023-09-08 11:20:54,314 [c4d580d2-2f88-474d-8696-feb170900697-groupManagement] INFO  server.RaftServerConfigKeys (ConfUtils.java:logGet(46)) - raft.server.log.statemachine.data.read.timeout = 1000ms (default)
2023-09-08 11:20:54,314 [c4d580d2-2f88-474d-8696-feb170900697-groupManagement] INFO  server.RaftServerConfigKeys (ConfUtils.java:logGet(46)) - raft.server.log.purge.preservation.log.num = 0 (default)
2023-09-08 11:20:54,315 [c4d580d2-2f88-474d-8696-feb170900697-groupManagement] INFO  server.RaftServerConfigKeys (ConfUtils.java:logGet(46)) - raft.server.log.segment.size.max = 1048576 (custom)
2023-09-08 11:20:54,315 [c4d580d2-2f88-474d-8696-feb170900697-groupManagement] INFO  server.RaftServerConfigKeys (ConfUtils.java:logGet(46)) - raft.server.log.segment.cache.num.max = 2 (custom)
2023-09-08 11:20:54,315 [c4d580d2-2f88-474d-8696-feb170900697-groupManagement] INFO  server.RaftServerConfigKeys (ConfUtils.java:logGet(46)) - raft.server.log.segment.cache.size.max = 200MB (=209715200) (default)
2023-09-08 11:20:54,315 [c4d580d2-2f88-474d-8696-feb170900697-groupManagement] INFO  server.RaftServerConfigKeys (ConfUtils.java:logGet(46)) - raft.server.log.appender.buffer.byte-limit = 33554432 (custom)
2023-09-08 11:20:54,315 [c4d580d2-2f88-474d-8696-feb170900697-groupManagement] INFO  segmented.SegmentedRaftLogWorker (SegmentedRaftLogWorker.java:<init>(188)) - new c4d580d2-2f88-474d-8696-feb170900697@group-1A30A5744338-SegmentedRaftLogWorker for RaftStorageImpl:Storage Directory /home/runner/work/ozone/ozone/hadoop-ozone/integration-test/target/test-dir/MiniOzoneClusterImpl-b855b142-6583-46b6-8838-7b3da9243682/datanode-4/data/ratis/618640b2-dab0-4c5d-bc08-1a30a5744338
2023-09-08 11:20:54,315 [c4d580d2-2f88-474d-8696-feb170900697-groupManagement] INFO  server.RaftServerConfigKeys (ConfUtils.java:logGet(46)) - raft.server.log.queue.byte-limit = 4294967296 (custom)
2023-09-08 11:20:54,315 [c4d580d2-2f88-474d-8696-feb170900697-groupManagement] INFO  server.RaftServerConfigKeys (ConfUtils.java:logGet(46)) - raft.server.log.queue.element-limit = 1024 (custom)
2023-09-08 11:20:54,315 [c4d580d2-2f88-474d-8696-feb170900697-groupManagement] INFO  server.RaftServerConfigKeys (ConfUtils.java:logGet(46)) - raft.server.log.segment.size.max = 1048576 (custom)
2023-09-08 11:20:54,315 [c4d580d2-2f88-474d-8696-feb170900697-groupManagement] INFO  server.RaftServerConfigKeys (ConfUtils.java:logGet(46)) - raft.server.log.preallocated.size = 16384 (custom)
2023-09-08 11:20:54,315 [c4d580d2-2f88-474d-8696-feb170900697-groupManagement] INFO  server.RaftServerConfigKeys (ConfUtils.java:logGet(46)) - raft.server.log.force.sync.num = 128 (default)
2023-09-08 11:20:54,315 [c4d580d2-2f88-474d-8696-feb170900697-groupManagement] INFO  server.RaftServerConfigKeys (ConfUtils.java:logGet(46)) - raft.server.log.statemachine.data.sync = true (default)
2023-09-08 11:20:54,315 [c4d580d2-2f88-474d-8696-feb170900697-groupManagement] INFO  server.RaftServerConfigKeys (ConfUtils.java:logGet(46)) - raft.server.log.statemachine.data.sync.timeout = 10s (default)
2023-09-08 11:20:54,315 [c4d580d2-2f88-474d-8696-feb170900697-groupManagement] INFO  server.RaftServerConfigKeys (ConfUtils.java:logGet(46)) - raft.server.log.statemachine.data.sync.timeout.retry = -1 (default)
2023-09-08 11:20:54,316 [c4d580d2-2f88-474d-8696-feb170900697-groupManagement] INFO  server.RaftServerConfigKeys (ConfUtils.java:logGet(46)) - raft.server.log.write.buffer.size = 1048576 (custom)
2023-09-08 11:20:54,316 [c4d580d2-2f88-474d-8696-feb170900697-groupManagement] INFO  server.RaftServerConfigKeys (ConfUtils.java:logGet(46)) - raft.server.log.appender.buffer.byte-limit = 33554432 (custom)
2023-09-08 11:20:54,322 [c4d580d2-2f88-474d-8696-feb170900697-groupManagement] INFO  server.RaftServerConfigKeys (ConfUtils.java:logGet(46)) - raft.server.log.unsafe-flush.enabled = false (default)
2023-09-08 11:20:54,322 [c4d580d2-2f88-474d-8696-feb170900697-groupManagement] INFO  server.RaftServerConfigKeys (ConfUtils.java:logGet(46)) - raft.server.log.async-flush.enabled = false (default)
2023-09-08 11:20:54,322 [c4d580d2-2f88-474d-8696-feb170900697-groupManagement] INFO  server.RaftServerConfigKeys (ConfUtils.java:logGet(46)) - raft.server.log.statemachine.data.caching.enabled = true (custom)
2023-09-08 11:20:54,322 [c4d580d2-2f88-474d-8696-feb170900697-groupManagement] INFO  segmented.SegmentedRaftLogWorker (SegmentedRaftLogWorker.java:lambda$new$0(135)) - c4d580d2-2f88-474d-8696-feb170900697@group-1A30A5744338-SegmentedRaftLogWorker: flushIndex: setUnconditionally 0 -> -1
2023-09-08 11:20:54,322 [c4d580d2-2f88-474d-8696-feb170900697-groupManagement] INFO  segmented.SegmentedRaftLogWorker (SegmentedRaftLogWorker.java:lambda$new$0(135)) - c4d580d2-2f88-474d-8696-feb170900697@group-1A30A5744338-SegmentedRaftLogWorker: safeCacheEvictIndex: setUnconditionally 0 -> -1
2023-09-08 11:20:54,322 [c4d580d2-2f88-474d-8696-feb170900697-groupManagement] INFO  server.RaftServer$Division (RaftServerImpl.java:start(342)) - c4d580d2-2f88-474d-8696-feb170900697@group-1A30A5744338: start as a follower, conf=-1: peers:[c4d580d2-2f88-474d-8696-feb170900697|rpc:10.1.0.72:15209|admin:10.1.0.72:15208|client:10.1.0.72:15207|dataStream:10.1.0.72:15210|priority:1|startupRole:FOLLOWER]|listeners:[], old=null
2023-09-08 11:20:54,323 [c4d580d2-2f88-474d-8696-feb170900697-groupManagement] INFO  server.RaftServer$Division (RaftServerImpl.java:setRole(329)) - c4d580d2-2f88-474d-8696-feb170900697@group-1A30A5744338: changes role from      null to FOLLOWER at term 0 for startAsFollower
2023-09-08 11:20:54,323 [c4d580d2-2f88-474d-8696-feb170900697-groupManagement] INFO  impl.RoleInfo (RoleInfo.java:updateAndGet(139)) - c4d580d2-2f88-474d-8696-feb170900697: start c4d580d2-2f88-474d-8696-feb170900697@group-1A30A5744338-FollowerState
2023-09-08 11:20:54,323 [c4d580d2-2f88-474d-8696-feb170900697-groupManagement] INFO  util.JmxRegister (JmxRegister.java:tryRegister(44)) - Successfully registered JMX Bean with object name Ratis:service=RaftServer,group=group-1A30A5744338,id=c4d580d2-2f88-474d-8696-feb170900697
2023-09-08 11:20:54,323 [c4d580d2-2f88-474d-8696-feb170900697@group-1A30A5744338-FollowerState] INFO  server.RaftServerConfigKeys (ConfUtils.java:logFallback(53)) - raft.server.rpc.first-election.timeout.min = 5s (fallback to raft.server.rpc.timeout.min)
2023-09-08 11:20:54,323 [c4d580d2-2f88-474d-8696-feb170900697-groupManagement] INFO  server.RaftServerConfigKeys (ConfUtils.java:logGet(46)) - raft.server.snapshot.auto.trigger.enabled = true (custom)
2023-09-08 11:20:54,323 [c4d580d2-2f88-474d-8696-feb170900697@group-1A30A5744338-FollowerState] INFO  server.RaftServerConfigKeys (ConfUtils.java:logFallback(53)) - raft.server.rpc.first-election.timeout.max = 5200ms (fallback to raft.server.rpc.timeout.max)
2023-09-08 11:20:54,323 [c4d580d2-2f88-474d-8696-feb170900697-groupManagement] INFO  server.RaftServerConfigKeys (ConfUtils.java:logGet(46)) - raft.server.snapshot.auto.trigger.threshold = 10000 (custom)
2023-09-08 11:20:54,323 [c4d580d2-2f88-474d-8696-feb170900697-groupManagement] INFO  server.RaftServerConfigKeys (ConfUtils.java:logGet(46)) - raft.server.snapshot.retention.file.num = 5 (custom)
2023-09-08 11:20:54,323 [c4d580d2-2f88-474d-8696-feb170900697-groupManagement] INFO  server.RaftServerConfigKeys (ConfUtils.java:logGet(46)) - raft.server.log.purge.upto.snapshot.index = false (default)
2023-09-08 11:20:54,324 [PipelineCommandHandlerThread-0] INFO  ratis.XceiverServerRatis (XceiverServerRatis.java:addGroup(804)) - Created group PipelineID=618640b2-dab0-4c5d-bc08-1a30a5744338
2023-09-08 11:20:54,324 [PipelineCommandHandlerThread-0] INFO  commandhandler.CreatePipelineCommandHandler (CreatePipelineCommandHandler.java:lambda$handle$2(124)) - Created Pipeline RATIS ONE PipelineID=618640b2-dab0-4c5d-bc08-1a30a5744338.
2023-09-08 11:20:55,276 [main] INFO  ozone.MiniOzoneClusterImpl (MiniOzoneClusterImpl.java:lambda$waitForClusterToBeReady$0(224)) - Nodes are ready. Got 5 of 5 DN Heartbeats.
2023-09-08 11:20:55,276 [main] INFO  ozone.MiniOzoneClusterImpl (MiniOzoneClusterImpl.java:lambda$waitForClusterToBeReady$0(227)) - Waiting for cluster to exit safe mode
2023-09-08 11:20:55,276 [main] INFO  ozone.MiniOzoneClusterImpl (MiniOzoneClusterImpl.java:lambda$waitForClusterToBeReady$0(229)) - SCM became leader
2023-09-08 11:20:56,276 [main] INFO  ozone.MiniOzoneClusterImpl (MiniOzoneClusterImpl.java:lambda$waitForClusterToBeReady$0(224)) - Nodes are ready. Got 5 of 5 DN Heartbeats.
2023-09-08 11:20:56,276 [main] INFO  ozone.MiniOzoneClusterImpl (MiniOzoneClusterImpl.java:lambda$waitForClusterToBeReady$0(227)) - Waiting for cluster to exit safe mode
2023-09-08 11:20:56,277 [main] INFO  ozone.MiniOzoneClusterImpl (MiniOzoneClusterImpl.java:lambda$waitForClusterToBeReady$0(229)) - SCM became leader
2023-09-08 11:20:57,277 [main] INFO  ozone.MiniOzoneClusterImpl (MiniOzoneClusterImpl.java:lambda$waitForClusterToBeReady$0(224)) - Nodes are ready. Got 5 of 5 DN Heartbeats.
2023-09-08 11:20:57,277 [main] INFO  ozone.MiniOzoneClusterImpl (MiniOzoneClusterImpl.java:lambda$waitForClusterToBeReady$0(227)) - Waiting for cluster to exit safe mode
2023-09-08 11:20:57,277 [main] INFO  ozone.MiniOzoneClusterImpl (MiniOzoneClusterImpl.java:lambda$waitForClusterToBeReady$0(229)) - SCM became leader
2023-09-08 11:20:58,134 [8f9fa227-a509-4f05-89e4-89393bf4f6e1@group-D2830EE719D7-FollowerState] INFO  impl.FollowerState (FollowerState.java:run(143)) - 8f9fa227-a509-4f05-89e4-89393bf4f6e1@group-D2830EE719D7-FollowerState: change to CANDIDATE, lastRpcElapsedTime:5106237352ns, electionTimeout:5105ms
2023-09-08 11:20:58,134 [8f9fa227-a509-4f05-89e4-89393bf4f6e1@group-D2830EE719D7-FollowerState] INFO  impl.RoleInfo (RoleInfo.java:shutdownFollowerState(110)) - 8f9fa227-a509-4f05-89e4-89393bf4f6e1: shutdown 8f9fa227-a509-4f05-89e4-89393bf4f6e1@group-D2830EE719D7-FollowerState
2023-09-08 11:20:58,135 [8f9fa227-a509-4f05-89e4-89393bf4f6e1@group-D2830EE719D7-FollowerState] INFO  server.RaftServer$Division (RaftServerImpl.java:setRole(329)) - 8f9fa227-a509-4f05-89e4-89393bf4f6e1@group-D2830EE719D7: changes role from  FOLLOWER to CANDIDATE at term 0 for changeToCandidate
2023-09-08 11:20:58,135 [8f9fa227-a509-4f05-89e4-89393bf4f6e1@group-D2830EE719D7-FollowerState] INFO  server.RaftServerConfigKeys (ConfUtils.java:logGet(46)) - raft.server.leaderelection.pre-vote = true (default)
2023-09-08 11:20:58,135 [8f9fa227-a509-4f05-89e4-89393bf4f6e1@group-D2830EE719D7-FollowerState] INFO  impl.RoleInfo (RoleInfo.java:updateAndGet(139)) - 8f9fa227-a509-4f05-89e4-89393bf4f6e1: start 8f9fa227-a509-4f05-89e4-89393bf4f6e1@group-D2830EE719D7-LeaderElection30
2023-09-08 11:20:58,138 [8f9fa227-a509-4f05-89e4-89393bf4f6e1@group-D2830EE719D7-LeaderElection30] INFO  impl.LeaderElection (LeaderElection.java:askForVotes(321)) - 8f9fa227-a509-4f05-89e4-89393bf4f6e1@group-D2830EE719D7-LeaderElection30 PRE_VOTE round 0: submit vote requests at term 0 for -1: peers:[8f9fa227-a509-4f05-89e4-89393bf4f6e1|rpc:10.1.0.72:15173|admin:10.1.0.72:15172|client:10.1.0.72:15171|dataStream:10.1.0.72:15174|priority:1|startupRole:FOLLOWER]|listeners:[], old=null
2023-09-08 11:20:58,138 [8f9fa227-a509-4f05-89e4-89393bf4f6e1@group-D2830EE719D7-LeaderElection30] INFO  impl.LeaderElection (LeaderElection.java:askForVotes(323)) - 8f9fa227-a509-4f05-89e4-89393bf4f6e1@group-D2830EE719D7-LeaderElection30 PRE_VOTE round 0: result PASSED (term=0)
2023-09-08 11:20:58,143 [8f9fa227-a509-4f05-89e4-89393bf4f6e1@group-D2830EE719D7-LeaderElection30] INFO  impl.LeaderElection (LeaderElection.java:askForVotes(321)) - 8f9fa227-a509-4f05-89e4-89393bf4f6e1@group-D2830EE719D7-LeaderElection30 ELECTION round 0: submit vote requests at term 1 for -1: peers:[8f9fa227-a509-4f05-89e4-89393bf4f6e1|rpc:10.1.0.72:15173|admin:10.1.0.72:15172|client:10.1.0.72:15171|dataStream:10.1.0.72:15174|priority:1|startupRole:FOLLOWER]|listeners:[], old=null
2023-09-08 11:20:58,144 [8f9fa227-a509-4f05-89e4-89393bf4f6e1@group-D2830EE719D7-LeaderElection30] INFO  impl.LeaderElection (LeaderElection.java:askForVotes(323)) - 8f9fa227-a509-4f05-89e4-89393bf4f6e1@group-D2830EE719D7-LeaderElection30 ELECTION round 0: result PASSED (term=1)
2023-09-08 11:20:58,144 [8f9fa227-a509-4f05-89e4-89393bf4f6e1@group-D2830EE719D7-LeaderElection30] INFO  impl.RoleInfo (RoleInfo.java:shutdownLeaderElection(130)) - 8f9fa227-a509-4f05-89e4-89393bf4f6e1: shutdown 8f9fa227-a509-4f05-89e4-89393bf4f6e1@group-D2830EE719D7-LeaderElection30
2023-09-08 11:20:58,144 [8f9fa227-a509-4f05-89e4-89393bf4f6e1@group-D2830EE719D7-LeaderElection30] INFO  server.RaftServer$Division (RaftServerImpl.java:setRole(329)) - 8f9fa227-a509-4f05-89e4-89393bf4f6e1@group-D2830EE719D7: changes role from CANDIDATE to LEADER at term 1 for changeToLeader
2023-09-08 11:20:58,144 [8f9fa227-a509-4f05-89e4-89393bf4f6e1@group-D2830EE719D7-LeaderElection30] INFO  ratis.XceiverServerRatis (XceiverServerRatis.java:handleLeaderChangedNotification(902)) - Leader change notification received for group: group-D2830EE719D7 with new leaderId: 8f9fa227-a509-4f05-89e4-89393bf4f6e1
2023-09-08 11:20:58,144 [8f9fa227-a509-4f05-89e4-89393bf4f6e1@group-D2830EE719D7-LeaderElection30] INFO  server.RaftServer$Division (ServerState.java:setLeader(317)) - 8f9fa227-a509-4f05-89e4-89393bf4f6e1@group-D2830EE719D7: change Leader from null to 8f9fa227-a509-4f05-89e4-89393bf4f6e1 at term 1 for becomeLeader, leader elected after 5132ms
2023-09-08 11:20:58,144 [8f9fa227-a509-4f05-89e4-89393bf4f6e1@group-D2830EE719D7-LeaderElection30] INFO  server.RaftServerConfigKeys (ConfUtils.java:logGet(46)) - raft.server.staging.catchup.gap = 1000 (default)
2023-09-08 11:20:58,144 [8f9fa227-a509-4f05-89e4-89393bf4f6e1@group-D2830EE719D7-LeaderElection30] INFO  server.RaftServerConfigKeys (ConfUtils.java:logGet(46)) - raft.server.write.element-limit = 1024 (custom)
2023-09-08 11:20:58,145 [8f9fa227-a509-4f05-89e4-89393bf4f6e1@group-D2830EE719D7-LeaderElection30] INFO  server.RaftServerConfigKeys (ConfUtils.java:logGet(46)) - raft.server.write.byte-limit = 1024 M (=1073741824) (custom)
2023-09-08 11:20:58,145 [EventQueue-OpenPipelineForHealthyPipelineSafeModeRule] INFO  safemode.SCMSafeModeManager (HealthyPipelineSafeModeRule.java:process(137)) - SCM in safe mode. Healthy pipelines reported count is 0, required healthy pipeline reported count is 1
2023-09-08 11:20:58,145 [8f9fa227-a509-4f05-89e4-89393bf4f6e1@group-D2830EE719D7-LeaderElection30] INFO  server.RaftServerConfigKeys (ConfUtils.java:logGet(46)) - raft.server.watch.timeout = 180s (custom)
2023-09-08 11:20:58,146 [8f9fa227-a509-4f05-89e4-89393bf4f6e1@group-D2830EE719D7-LeaderElection30] INFO  server.RaftServerConfigKeys (ConfUtils.java:logGet(46)) - raft.server.watch.timeout.denomination = 1s (default)
2023-09-08 11:20:58,146 [8f9fa227-a509-4f05-89e4-89393bf4f6e1@group-D2830EE719D7-LeaderElection30] INFO  server.RaftServerConfigKeys (ConfUtils.java:logGet(46)) - raft.server.watch.element-limit = 65536 (default)
2023-09-08 11:20:58,146 [8f9fa227-a509-4f05-89e4-89393bf4f6e1@group-D2830EE719D7-LeaderElection30] INFO  server.RaftServerConfigKeys (ConfUtils.java:logGet(46)) - raft.server.write.element-limit = 1024 (custom)
2023-09-08 11:20:58,146 [8f9fa227-a509-4f05-89e4-89393bf4f6e1@group-D2830EE719D7-LeaderElection30] INFO  server.RaftServerConfigKeys (ConfUtils.java:logGet(46)) - raft.server.write.follower.gap.ratio.max = -1.0 (default)
2023-09-08 11:20:58,147 [8f9fa227-a509-4f05-89e4-89393bf4f6e1@group-D2830EE719D7-LeaderElection30] INFO  impl.RoleInfo (RoleInfo.java:updateAndGet(139)) - 8f9fa227-a509-4f05-89e4-89393bf4f6e1: start 8f9fa227-a509-4f05-89e4-89393bf4f6e1@group-D2830EE719D7-LeaderStateImpl
2023-09-08 11:20:58,148 [8f9fa227-a509-4f05-89e4-89393bf4f6e1@group-D2830EE719D7-LeaderElection30] INFO  segmented.SegmentedRaftLogWorker (SegmentedRaftLogWorker.java:startLogSegment(447)) - 8f9fa227-a509-4f05-89e4-89393bf4f6e1@group-D2830EE719D7-SegmentedRaftLogWorker: Starting segment from index:0
2023-09-08 11:20:58,152 [8f9fa227-a509-4f05-89e4-89393bf4f6e1@group-D2830EE719D7-SegmentedRaftLogWorker] INFO  segmented.SegmentedRaftLogWorker (SegmentedRaftLogWorker.java:execute(651)) - 8f9fa227-a509-4f05-89e4-89393bf4f6e1@group-D2830EE719D7-SegmentedRaftLogWorker: created new log segment /home/runner/work/ozone/ozone/hadoop-ozone/integration-test/target/test-dir/MiniOzoneClusterImpl-b855b142-6583-46b6-8838-7b3da9243682/datanode-0/data/ratis/ba937ebe-09ff-41c9-bc01-d2830ee719d7/current/log_inprogress_0
2023-09-08 11:20:58,152 [8f9fa227-a509-4f05-89e4-89393bf4f6e1@group-D2830EE719D7-LeaderElection30] INFO  server.RaftServer$Division (ServerState.java:setRaftConf(434)) - 8f9fa227-a509-4f05-89e4-89393bf4f6e1@group-D2830EE719D7: set configuration 0: peers:[8f9fa227-a509-4f05-89e4-89393bf4f6e1|rpc:10.1.0.72:15173|admin:10.1.0.72:15172|client:10.1.0.72:15171|dataStream:10.1.0.72:15174|priority:1|startupRole:FOLLOWER]|listeners:[], old=null
2023-09-08 11:20:58,194 [8f9fa227-a509-4f05-89e4-89393bf4f6e1@group-0151A36E717F-FollowerState] INFO  impl.FollowerState (FollowerState.java:run(143)) - 8f9fa227-a509-4f05-89e4-89393bf4f6e1@group-0151A36E717F-FollowerState: change to CANDIDATE, lastRpcElapsedTime:5139814048ns, electionTimeout:5139ms
2023-09-08 11:20:58,195 [8f9fa227-a509-4f05-89e4-89393bf4f6e1@group-0151A36E717F-FollowerState] INFO  impl.RoleInfo (RoleInfo.java:shutdownFollowerState(110)) - 8f9fa227-a509-4f05-89e4-89393bf4f6e1: shutdown 8f9fa227-a509-4f05-89e4-89393bf4f6e1@group-0151A36E717F-FollowerState
2023-09-08 11:20:58,195 [8f9fa227-a509-4f05-89e4-89393bf4f6e1@group-0151A36E717F-FollowerState] INFO  server.RaftServer$Division (RaftServerImpl.java:setRole(329)) - 8f9fa227-a509-4f05-89e4-89393bf4f6e1@group-0151A36E717F: changes role from  FOLLOWER to CANDIDATE at term 0 for changeToCandidate
2023-09-08 11:20:58,195 [8f9fa227-a509-4f05-89e4-89393bf4f6e1@group-0151A36E717F-FollowerState] INFO  server.RaftServerConfigKeys (ConfUtils.java:logGet(46)) - raft.server.leaderelection.pre-vote = true (default)
2023-09-08 11:20:58,195 [8f9fa227-a509-4f05-89e4-89393bf4f6e1@group-0151A36E717F-FollowerState] INFO  impl.RoleInfo (RoleInfo.java:updateAndGet(139)) - 8f9fa227-a509-4f05-89e4-89393bf4f6e1: start 8f9fa227-a509-4f05-89e4-89393bf4f6e1@group-0151A36E717F-LeaderElection31
2023-09-08 11:20:58,200 [95dc1813-fd59-4f21-8387-058ccbf2ac19@group-0151A36E717F-FollowerState] INFO  impl.FollowerState (FollowerState.java:run(143)) - 95dc1813-fd59-4f21-8387-058ccbf2ac19@group-0151A36E717F-FollowerState: change to CANDIDATE, lastRpcElapsedTime:5110594698ns, electionTimeout:5109ms
2023-09-08 11:20:58,200 [95dc1813-fd59-4f21-8387-058ccbf2ac19@group-0151A36E717F-FollowerState] INFO  impl.RoleInfo (RoleInfo.java:shutdownFollowerState(110)) - 95dc1813-fd59-4f21-8387-058ccbf2ac19: shutdown 95dc1813-fd59-4f21-8387-058ccbf2ac19@group-0151A36E717F-FollowerState
2023-09-08 11:20:58,201 [8f9fa227-a509-4f05-89e4-89393bf4f6e1@group-0151A36E717F-LeaderElection31] INFO  impl.LeaderElection (LeaderElection.java:askForVotes(321)) - 8f9fa227-a509-4f05-89e4-89393bf4f6e1@group-0151A36E717F-LeaderElection31 PRE_VOTE round 0: submit vote requests at term 0 for -1: peers:[95dc1813-fd59-4f21-8387-058ccbf2ac19|rpc:10.1.0.72:15182|admin:10.1.0.72:15181|client:10.1.0.72:15180|dataStream:10.1.0.72:15183|priority:1|startupRole:FOLLOWER, 7a683abd-c78e-4222-b82d-306c946a3e7e|rpc:10.1.0.72:15191|admin:10.1.0.72:15190|client:10.1.0.72:15189|dataStream:10.1.0.72:15192|priority:0|startupRole:FOLLOWER, 8f9fa227-a509-4f05-89e4-89393bf4f6e1|rpc:10.1.0.72:15173|admin:10.1.0.72:15172|client:10.1.0.72:15171|dataStream:10.1.0.72:15174|priority:0|startupRole:FOLLOWER]|listeners:[], old=null
2023-09-08 11:20:58,201 [95dc1813-fd59-4f21-8387-058ccbf2ac19@group-0151A36E717F-FollowerState] INFO  server.RaftServer$Division (RaftServerImpl.java:setRole(329)) - 95dc1813-fd59-4f21-8387-058ccbf2ac19@group-0151A36E717F: changes role from  FOLLOWER to CANDIDATE at term 0 for changeToCandidate
2023-09-08 11:20:58,201 [95dc1813-fd59-4f21-8387-058ccbf2ac19@group-0151A36E717F-FollowerState] INFO  server.RaftServerConfigKeys (ConfUtils.java:logGet(46)) - raft.server.leaderelection.pre-vote = true (default)
2023-09-08 11:20:58,201 [95dc1813-fd59-4f21-8387-058ccbf2ac19@group-0151A36E717F-FollowerState] INFO  impl.RoleInfo (RoleInfo.java:updateAndGet(139)) - 95dc1813-fd59-4f21-8387-058ccbf2ac19: start 95dc1813-fd59-4f21-8387-058ccbf2ac19@group-0151A36E717F-LeaderElection32
2023-09-08 11:20:58,202 [8f9fa227-a509-4f05-89e4-89393bf4f6e1@group-0151A36E717F-LeaderElection31-1] INFO  server.GrpcServerProtocolClient (GrpcServerProtocolClient.java:<init>(65)) - Build channel for 95dc1813-fd59-4f21-8387-058ccbf2ac19
2023-09-08 11:20:58,205 [8f9fa227-a509-4f05-89e4-89393bf4f6e1@group-0151A36E717F-LeaderElection31] INFO  server.RaftServerConfigKeys (ConfUtils.java:logFallback(53)) - raft.server.rpc.first-election.timeout.min = 5s (fallback to raft.server.rpc.timeout.min)
2023-09-08 11:20:58,205 [8f9fa227-a509-4f05-89e4-89393bf4f6e1@group-0151A36E717F-LeaderElection31] INFO  server.RaftServerConfigKeys (ConfUtils.java:logFallback(53)) - raft.server.rpc.first-election.timeout.max = 5200ms (fallback to raft.server.rpc.timeout.max)
2023-09-08 11:20:58,216 [95dc1813-fd59-4f21-8387-058ccbf2ac19@group-0151A36E717F-LeaderElection32] INFO  impl.LeaderElection (LeaderElection.java:askForVotes(321)) - 95dc1813-fd59-4f21-8387-058ccbf2ac19@group-0151A36E717F-LeaderElection32 PRE_VOTE round 0: submit vote requests at term 0 for -1: peers:[95dc1813-fd59-4f21-8387-058ccbf2ac19|rpc:10.1.0.72:15182|admin:10.1.0.72:15181|client:10.1.0.72:15180|dataStream:10.1.0.72:15183|priority:1|startupRole:FOLLOWER, 7a683abd-c78e-4222-b82d-306c946a3e7e|rpc:10.1.0.72:15191|admin:10.1.0.72:15190|client:10.1.0.72:15189|dataStream:10.1.0.72:15192|priority:0|startupRole:FOLLOWER, 8f9fa227-a509-4f05-89e4-89393bf4f6e1|rpc:10.1.0.72:15173|admin:10.1.0.72:15172|client:10.1.0.72:15171|dataStream:10.1.0.72:15174|priority:0|startupRole:FOLLOWER]|listeners:[], old=null
2023-09-08 11:20:58,216 [8f9fa227-a509-4f05-89e4-89393bf4f6e1@group-0151A36E717F-LeaderElection31-2] INFO  server.GrpcServerProtocolClient (GrpcServerProtocolClient.java:<init>(65)) - Build channel for 7a683abd-c78e-4222-b82d-306c946a3e7e
2023-09-08 11:20:58,222 [95dc1813-fd59-4f21-8387-058ccbf2ac19@group-0151A36E717F-LeaderElection32-1] INFO  server.GrpcServerProtocolClient (GrpcServerProtocolClient.java:<init>(65)) - Build channel for 7a683abd-c78e-4222-b82d-306c946a3e7e
2023-09-08 11:20:58,227 [95dc1813-fd59-4f21-8387-058ccbf2ac19@group-0151A36E717F-LeaderElection32] INFO  server.RaftServerConfigKeys (ConfUtils.java:logFallback(53)) - raft.server.rpc.first-election.timeout.min = 5s (fallback to raft.server.rpc.timeout.min)
2023-09-08 11:20:58,227 [95dc1813-fd59-4f21-8387-058ccbf2ac19@group-0151A36E717F-LeaderElection32] INFO  server.RaftServerConfigKeys (ConfUtils.java:logFallback(53)) - raft.server.rpc.first-election.timeout.max = 5200ms (fallback to raft.server.rpc.timeout.max)
2023-09-08 11:20:58,230 [grpc-default-executor-0] INFO  server.RaftServer$Division (RaftServerImpl.java:requestVote(1302)) - 7a683abd-c78e-4222-b82d-306c946a3e7e@group-0151A36E717F: receive requestVote(PRE_VOTE, 8f9fa227-a509-4f05-89e4-89393bf4f6e1, group-0151A36E717F, 0, (t:0, i:0))
2023-09-08 11:20:58,230 [grpc-default-executor-0] INFO  impl.VoteContext (VoteContext.java:log(49)) - 7a683abd-c78e-4222-b82d-306c946a3e7e@group-0151A36E717F-FOLLOWER: accept PRE_VOTE from 8f9fa227-a509-4f05-89e4-89393bf4f6e1: our priority 0 <= candidate's priority 0
2023-09-08 11:20:58,231 [grpc-default-executor-0] INFO  server.RaftServer$Division (RaftServerImpl.java:requestVote(1335)) - 7a683abd-c78e-4222-b82d-306c946a3e7e@group-0151A36E717F replies to PRE_VOTE vote request: 8f9fa227-a509-4f05-89e4-89393bf4f6e1<-7a683abd-c78e-4222-b82d-306c946a3e7e#0:OK-t0. Peer's state: 7a683abd-c78e-4222-b82d-306c946a3e7e@group-0151A36E717F:t0, leader=null, voted=, raftlog=Memoized:7a683abd-c78e-4222-b82d-306c946a3e7e@group-0151A36E717F-SegmentedRaftLog:OPENED:c-1, conf=-1: peers:[95dc1813-fd59-4f21-8387-058ccbf2ac19|rpc:10.1.0.72:15182|admin:10.1.0.72:15181|client:10.1.0.72:15180|dataStream:10.1.0.72:15183|priority:1|startupRole:FOLLOWER, 7a683abd-c78e-4222-b82d-306c946a3e7e|rpc:10.1.0.72:15191|admin:10.1.0.72:15190|client:10.1.0.72:15189|dataStream:10.1.0.72:15192|priority:0|startupRole:FOLLOWER, 8f9fa227-a509-4f05-89e4-89393bf4f6e1|rpc:10.1.0.72:15173|admin:10.1.0.72:15172|client:10.1.0.72:15171|dataStream:10.1.0.72:15174|priority:0|startupRole:FOLLOWER]|listeners:[], old=null
2023-09-08 11:20:58,231 [95dc1813-fd59-4f21-8387-058ccbf2ac19@group-0151A36E717F-LeaderElection32-2] INFO  server.GrpcServerProtocolClient (GrpcServerProtocolClient.java:<init>(65)) - Build channel for 8f9fa227-a509-4f05-89e4-89393bf4f6e1
2023-09-08 11:20:58,231 [grpc-default-executor-1] INFO  server.RaftServer$Division (RaftServerImpl.java:requestVote(1302)) - 95dc1813-fd59-4f21-8387-058ccbf2ac19@group-0151A36E717F: receive requestVote(PRE_VOTE, 8f9fa227-a509-4f05-89e4-89393bf4f6e1, group-0151A36E717F, 0, (t:0, i:0))
2023-09-08 11:20:58,231 [grpc-default-executor-1] INFO  impl.VoteContext (VoteContext.java:log(49)) - 95dc1813-fd59-4f21-8387-058ccbf2ac19@group-0151A36E717F-CANDIDATE: reject PRE_VOTE from 8f9fa227-a509-4f05-89e4-89393bf4f6e1: our priority 1 > candidate's priority 0
2023-09-08 11:20:58,232 [grpc-default-executor-1] INFO  server.RaftServer$Division (RaftServerImpl.java:requestVote(1335)) - 95dc1813-fd59-4f21-8387-058ccbf2ac19@group-0151A36E717F replies to PRE_VOTE vote request: 8f9fa227-a509-4f05-89e4-89393bf4f6e1<-95dc1813-fd59-4f21-8387-058ccbf2ac19#0:FAIL-t0. Peer's state: 95dc1813-fd59-4f21-8387-058ccbf2ac19@group-0151A36E717F:t0, leader=null, voted=, raftlog=Memoized:95dc1813-fd59-4f21-8387-058ccbf2ac19@group-0151A36E717F-SegmentedRaftLog:OPENED:c-1, conf=-1: peers:[95dc1813-fd59-4f21-8387-058ccbf2ac19|rpc:10.1.0.72:15182|admin:10.1.0.72:15181|client:10.1.0.72:15180|dataStream:10.1.0.72:15183|priority:1|startupRole:FOLLOWER, 7a683abd-c78e-4222-b82d-306c946a3e7e|rpc:10.1.0.72:15191|admin:10.1.0.72:15190|client:10.1.0.72:15189|dataStream:10.1.0.72:15192|priority:0|startupRole:FOLLOWER, 8f9fa227-a509-4f05-89e4-89393bf4f6e1|rpc:10.1.0.72:15173|admin:10.1.0.72:15172|client:10.1.0.72:15171|dataStream:10.1.0.72:15174|priority:0|startupRole:FOLLOWER]|listeners:[], old=null
2023-09-08 11:20:58,235 [8f9fa227-a509-4f05-89e4-89393bf4f6e1@group-0151A36E717F-LeaderElection31] INFO  impl.LeaderElection (LeaderElection.java:logAndReturn(90)) - 8f9fa227-a509-4f05-89e4-89393bf4f6e1@group-0151A36E717F-LeaderElection31: PRE_VOTE REJECTED received 2 response(s) and 0 exception(s):
2023-09-08 11:20:58,235 [8f9fa227-a509-4f05-89e4-89393bf4f6e1@group-0151A36E717F-LeaderElection31] INFO  impl.LeaderElection (LeaderElection.java:logAndReturn(94)) -   Response 0: 8f9fa227-a509-4f05-89e4-89393bf4f6e1<-7a683abd-c78e-4222-b82d-306c946a3e7e#0:OK-t0
2023-09-08 11:20:58,235 [8f9fa227-a509-4f05-89e4-89393bf4f6e1@group-0151A36E717F-LeaderElection31] INFO  impl.LeaderElection (LeaderElection.java:logAndReturn(94)) -   Response 1: 8f9fa227-a509-4f05-89e4-89393bf4f6e1<-95dc1813-fd59-4f21-8387-058ccbf2ac19#0:FAIL-t0
2023-09-08 11:20:58,235 [8f9fa227-a509-4f05-89e4-89393bf4f6e1@group-0151A36E717F-LeaderElection31] INFO  impl.LeaderElection (LeaderElection.java:askForVotes(323)) - 8f9fa227-a509-4f05-89e4-89393bf4f6e1@group-0151A36E717F-LeaderElection31 PRE_VOTE round 0: result REJECTED
2023-09-08 11:20:58,235 [8f9fa227-a509-4f05-89e4-89393bf4f6e1@group-0151A36E717F-LeaderElection31] INFO  server.RaftServer$Division (RaftServerImpl.java:setRole(329)) - 8f9fa227-a509-4f05-89e4-89393bf4f6e1@group-0151A36E717F: changes role from CANDIDATE to FOLLOWER at term 0 for REJECTED
2023-09-08 11:20:58,235 [8f9fa227-a509-4f05-89e4-89393bf4f6e1@group-0151A36E717F-LeaderElection31] INFO  impl.RoleInfo (RoleInfo.java:shutdownLeaderElection(130)) - 8f9fa227-a509-4f05-89e4-89393bf4f6e1: shutdown 8f9fa227-a509-4f05-89e4-89393bf4f6e1@group-0151A36E717F-LeaderElection31
2023-09-08 11:20:58,235 [8f9fa227-a509-4f05-89e4-89393bf4f6e1@group-0151A36E717F-LeaderElection31] INFO  impl.RoleInfo (RoleInfo.java:updateAndGet(139)) - 8f9fa227-a509-4f05-89e4-89393bf4f6e1: start 8f9fa227-a509-4f05-89e4-89393bf4f6e1@group-0151A36E717F-FollowerState
2023-09-08 11:20:58,246 [grpc-default-executor-1] INFO  server.RaftServer$Division (RaftServerImpl.java:requestVote(1302)) - 8f9fa227-a509-4f05-89e4-89393bf4f6e1@group-0151A36E717F: receive requestVote(PRE_VOTE, 95dc1813-fd59-4f21-8387-058ccbf2ac19, group-0151A36E717F, 0, (t:0, i:0))
2023-09-08 11:20:58,246 [grpc-default-executor-1] INFO  impl.VoteContext (VoteContext.java:log(49)) - 8f9fa227-a509-4f05-89e4-89393bf4f6e1@group-0151A36E717F-FOLLOWER: accept PRE_VOTE from 95dc1813-fd59-4f21-8387-058ccbf2ac19: our priority 0 <= candidate's priority 1
2023-09-08 11:20:58,246 [grpc-default-executor-1] INFO  server.RaftServer$Division (RaftServerImpl.java:requestVote(1335)) - 8f9fa227-a509-4f05-89e4-89393bf4f6e1@group-0151A36E717F replies to PRE_VOTE vote request: 95dc1813-fd59-4f21-8387-058ccbf2ac19<-8f9fa227-a509-4f05-89e4-89393bf4f6e1#0:OK-t0. Peer's state: 8f9fa227-a509-4f05-89e4-89393bf4f6e1@group-0151A36E717F:t0, leader=null, voted=, raftlog=Memoized:8f9fa227-a509-4f05-89e4-89393bf4f6e1@group-0151A36E717F-SegmentedRaftLog:OPENED:c-1, conf=-1: peers:[95dc1813-fd59-4f21-8387-058ccbf2ac19|rpc:10.1.0.72:15182|admin:10.1.0.72:15181|client:10.1.0.72:15180|dataStream:10.1.0.72:15183|priority:1|startupRole:FOLLOWER, 7a683abd-c78e-4222-b82d-306c946a3e7e|rpc:10.1.0.72:15191|admin:10.1.0.72:15190|client:10.1.0.72:15189|dataStream:10.1.0.72:15192|priority:0|startupRole:FOLLOWER, 8f9fa227-a509-4f05-89e4-89393bf4f6e1|rpc:10.1.0.72:15173|admin:10.1.0.72:15172|client:10.1.0.72:15171|dataStream:10.1.0.72:15174|priority:0|startupRole:FOLLOWER]|listeners:[], old=null
2023-09-08 11:20:58,250 [95dc1813-fd59-4f21-8387-058ccbf2ac19@group-0151A36E717F-LeaderElection32] INFO  impl.LeaderElection (LeaderElection.java:logAndReturn(90)) - 95dc1813-fd59-4f21-8387-058ccbf2ac19@group-0151A36E717F-LeaderElection32: PRE_VOTE PASSED received 1 response(s) and 0 exception(s):
2023-09-08 11:20:58,250 [95dc1813-fd59-4f21-8387-058ccbf2ac19@group-0151A36E717F-LeaderElection32] INFO  impl.LeaderElection (LeaderElection.java:logAndReturn(94)) -   Response 0: 95dc1813-fd59-4f21-8387-058ccbf2ac19<-8f9fa227-a509-4f05-89e4-89393bf4f6e1#0:OK-t0
2023-09-08 11:20:58,250 [95dc1813-fd59-4f21-8387-058ccbf2ac19@group-0151A36E717F-LeaderElection32] INFO  impl.LeaderElection (LeaderElection.java:askForVotes(323)) - 95dc1813-fd59-4f21-8387-058ccbf2ac19@group-0151A36E717F-LeaderElection32 PRE_VOTE round 0: result PASSED
2023-09-08 11:20:58,252 [95dc1813-fd59-4f21-8387-058ccbf2ac19@group-0151A36E717F-LeaderElection32] INFO  impl.LeaderElection (LeaderElection.java:askForVotes(321)) - 95dc1813-fd59-4f21-8387-058ccbf2ac19@group-0151A36E717F-LeaderElection32 ELECTION round 0: submit vote requests at term 1 for -1: peers:[95dc1813-fd59-4f21-8387-058ccbf2ac19|rpc:10.1.0.72:15182|admin:10.1.0.72:15181|client:10.1.0.72:15180|dataStream:10.1.0.72:15183|priority:1|startupRole:FOLLOWER, 7a683abd-c78e-4222-b82d-306c946a3e7e|rpc:10.1.0.72:15191|admin:10.1.0.72:15190|client:10.1.0.72:15189|dataStream:10.1.0.72:15192|priority:0|startupRole:FOLLOWER, 8f9fa227-a509-4f05-89e4-89393bf4f6e1|rpc:10.1.0.72:15173|admin:10.1.0.72:15172|client:10.1.0.72:15171|dataStream:10.1.0.72:15174|priority:0|startupRole:FOLLOWER]|listeners:[], old=null
2023-09-08 11:20:58,253 [95dc1813-fd59-4f21-8387-058ccbf2ac19@group-0151A36E717F-LeaderElection32] INFO  server.RaftServerConfigKeys (ConfUtils.java:logFallback(53)) - raft.server.rpc.first-election.timeout.min = 5s (fallback to raft.server.rpc.timeout.min)
2023-09-08 11:20:58,253 [95dc1813-fd59-4f21-8387-058ccbf2ac19@group-0151A36E717F-LeaderElection32] INFO  server.RaftServerConfigKeys (ConfUtils.java:logFallback(53)) - raft.server.rpc.first-election.timeout.max = 5200ms (fallback to raft.server.rpc.timeout.max)
2023-09-08 11:20:58,255 [grpc-default-executor-2] INFO  server.RaftServer$Division (RaftServerImpl.java:requestVote(1302)) - 7a683abd-c78e-4222-b82d-306c946a3e7e@group-0151A36E717F: receive requestVote(PRE_VOTE, 95dc1813-fd59-4f21-8387-058ccbf2ac19, group-0151A36E717F, 0, (t:0, i:0))
2023-09-08 11:20:58,257 [grpc-default-executor-2] INFO  impl.VoteContext (VoteContext.java:log(49)) - 7a683abd-c78e-4222-b82d-306c946a3e7e@group-0151A36E717F-FOLLOWER: accept PRE_VOTE from 95dc1813-fd59-4f21-8387-058ccbf2ac19: our priority 0 <= candidate's priority 1
2023-09-08 11:20:58,257 [grpc-default-executor-2] INFO  server.RaftServer$Division (RaftServerImpl.java:requestVote(1335)) - 7a683abd-c78e-4222-b82d-306c946a3e7e@group-0151A36E717F replies to PRE_VOTE vote request: 95dc1813-fd59-4f21-8387-058ccbf2ac19<-7a683abd-c78e-4222-b82d-306c946a3e7e#0:OK-t0. Peer's state: 7a683abd-c78e-4222-b82d-306c946a3e7e@group-0151A36E717F:t0, leader=null, voted=, raftlog=Memoized:7a683abd-c78e-4222-b82d-306c946a3e7e@group-0151A36E717F-SegmentedRaftLog:OPENED:c-1, conf=-1: peers:[95dc1813-fd59-4f21-8387-058ccbf2ac19|rpc:10.1.0.72:15182|admin:10.1.0.72:15181|client:10.1.0.72:15180|dataStream:10.1.0.72:15183|priority:1|startupRole:FOLLOWER, 7a683abd-c78e-4222-b82d-306c946a3e7e|rpc:10.1.0.72:15191|admin:10.1.0.72:15190|client:10.1.0.72:15189|dataStream:10.1.0.72:15192|priority:0|startupRole:FOLLOWER, 8f9fa227-a509-4f05-89e4-89393bf4f6e1|rpc:10.1.0.72:15173|admin:10.1.0.72:15172|client:10.1.0.72:15171|dataStream:10.1.0.72:15174|priority:0|startupRole:FOLLOWER]|listeners:[], old=null
2023-09-08 11:20:58,258 [grpc-default-executor-1] INFO  server.RaftServer$Division (RaftServerImpl.java:requestVote(1302)) - 7a683abd-c78e-4222-b82d-306c946a3e7e@group-0151A36E717F: receive requestVote(ELECTION, 95dc1813-fd59-4f21-8387-058ccbf2ac19, group-0151A36E717F, 1, (t:0, i:0))
2023-09-08 11:20:58,258 [grpc-default-executor-1] INFO  impl.VoteContext (VoteContext.java:log(49)) - 7a683abd-c78e-4222-b82d-306c946a3e7e@group-0151A36E717F-FOLLOWER: accept ELECTION from 95dc1813-fd59-4f21-8387-058ccbf2ac19: our priority 0 <= candidate's priority 1
2023-09-08 11:20:58,258 [grpc-default-executor-1] INFO  server.RaftServer$Division (RaftServerImpl.java:setRole(329)) - 7a683abd-c78e-4222-b82d-306c946a3e7e@group-0151A36E717F: changes role from  FOLLOWER to FOLLOWER at term 1 for candidate:95dc1813-fd59-4f21-8387-058ccbf2ac19
2023-09-08 11:20:58,258 [grpc-default-executor-1] INFO  impl.RoleInfo (RoleInfo.java:shutdownFollowerState(110)) - 7a683abd-c78e-4222-b82d-306c946a3e7e: shutdown 7a683abd-c78e-4222-b82d-306c946a3e7e@group-0151A36E717F-FollowerState
2023-09-08 11:20:58,258 [grpc-default-executor-1] INFO  impl.RoleInfo (RoleInfo.java:updateAndGet(139)) - 7a683abd-c78e-4222-b82d-306c946a3e7e: start 7a683abd-c78e-4222-b82d-306c946a3e7e@group-0151A36E717F-FollowerState
2023-09-08 11:20:58,258 [7a683abd-c78e-4222-b82d-306c946a3e7e@group-0151A36E717F-FollowerState] INFO  impl.FollowerState (FollowerState.java:run(152)) - 7a683abd-c78e-4222-b82d-306c946a3e7e@group-0151A36E717F-FollowerState was interrupted
2023-09-08 11:20:58,266 [grpc-default-executor-1] INFO  server.RaftServer$Division (RaftServerImpl.java:requestVote(1335)) - 7a683abd-c78e-4222-b82d-306c946a3e7e@group-0151A36E717F replies to ELECTION vote request: 95dc1813-fd59-4f21-8387-058ccbf2ac19<-7a683abd-c78e-4222-b82d-306c946a3e7e#0:OK-t1. Peer's state: 7a683abd-c78e-4222-b82d-306c946a3e7e@group-0151A36E717F:t1, leader=null, voted=95dc1813-fd59-4f21-8387-058ccbf2ac19, raftlog=Memoized:7a683abd-c78e-4222-b82d-306c946a3e7e@group-0151A36E717F-SegmentedRaftLog:OPENED:c-1, conf=-1: peers:[95dc1813-fd59-4f21-8387-058ccbf2ac19|rpc:10.1.0.72:15182|admin:10.1.0.72:15181|client:10.1.0.72:15180|dataStream:10.1.0.72:15183|priority:1|startupRole:FOLLOWER, 7a683abd-c78e-4222-b82d-306c946a3e7e|rpc:10.1.0.72:15191|admin:10.1.0.72:15190|client:10.1.0.72:15189|dataStream:10.1.0.72:15192|priority:0|startupRole:FOLLOWER, 8f9fa227-a509-4f05-89e4-89393bf4f6e1|rpc:10.1.0.72:15173|admin:10.1.0.72:15172|client:10.1.0.72:15171|dataStream:10.1.0.72:15174|priority:0|startupRole:FOLLOWER]|listeners:[], old=null
2023-09-08 11:20:58,268 [grpc-default-executor-1] INFO  server.RaftServer$Division (RaftServerImpl.java:requestVote(1302)) - 8f9fa227-a509-4f05-89e4-89393bf4f6e1@group-0151A36E717F: receive requestVote(ELECTION, 95dc1813-fd59-4f21-8387-058ccbf2ac19, group-0151A36E717F, 1, (t:0, i:0))
2023-09-08 11:20:58,268 [grpc-default-executor-1] INFO  impl.VoteContext (VoteContext.java:log(49)) - 8f9fa227-a509-4f05-89e4-89393bf4f6e1@group-0151A36E717F-FOLLOWER: accept ELECTION from 95dc1813-fd59-4f21-8387-058ccbf2ac19: our priority 0 <= candidate's priority 1
2023-09-08 11:20:58,268 [grpc-default-executor-1] INFO  server.RaftServer$Division (RaftServerImpl.java:setRole(329)) - 8f9fa227-a509-4f05-89e4-89393bf4f6e1@group-0151A36E717F: changes role from  FOLLOWER to FOLLOWER at term 1 for candidate:95dc1813-fd59-4f21-8387-058ccbf2ac19
2023-09-08 11:20:58,268 [grpc-default-executor-1] INFO  impl.RoleInfo (RoleInfo.java:shutdownFollowerState(110)) - 8f9fa227-a509-4f05-89e4-89393bf4f6e1: shutdown 8f9fa227-a509-4f05-89e4-89393bf4f6e1@group-0151A36E717F-FollowerState
2023-09-08 11:20:58,268 [8f9fa227-a509-4f05-89e4-89393bf4f6e1@group-0151A36E717F-FollowerState] INFO  impl.FollowerState (FollowerState.java:run(152)) - 8f9fa227-a509-4f05-89e4-89393bf4f6e1@group-0151A36E717F-FollowerState was interrupted
2023-09-08 11:20:58,268 [grpc-default-executor-1] INFO  impl.RoleInfo (RoleInfo.java:updateAndGet(139)) - 8f9fa227-a509-4f05-89e4-89393bf4f6e1: start 8f9fa227-a509-4f05-89e4-89393bf4f6e1@group-0151A36E717F-FollowerState
2023-09-08 11:20:58,274 [95dc1813-fd59-4f21-8387-058ccbf2ac19@group-0151A36E717F-LeaderElection32] INFO  impl.LeaderElection (LeaderElection.java:logAndReturn(90)) - 95dc1813-fd59-4f21-8387-058ccbf2ac19@group-0151A36E717F-LeaderElection32: ELECTION PASSED received 1 response(s) and 0 exception(s):
2023-09-08 11:20:58,274 [95dc1813-fd59-4f21-8387-058ccbf2ac19@group-0151A36E717F-LeaderElection32] INFO  impl.LeaderElection (LeaderElection.java:logAndReturn(94)) -   Response 0: 95dc1813-fd59-4f21-8387-058ccbf2ac19<-7a683abd-c78e-4222-b82d-306c946a3e7e#0:OK-t1
2023-09-08 11:20:58,274 [95dc1813-fd59-4f21-8387-058ccbf2ac19@group-0151A36E717F-LeaderElection32] INFO  impl.LeaderElection (LeaderElection.java:askForVotes(323)) - 95dc1813-fd59-4f21-8387-058ccbf2ac19@group-0151A36E717F-LeaderElection32 ELECTION round 0: result PASSED
2023-09-08 11:20:58,274 [95dc1813-fd59-4f21-8387-058ccbf2ac19@group-0151A36E717F-LeaderElection32] INFO  impl.RoleInfo (RoleInfo.java:shutdownLeaderElection(130)) - 95dc1813-fd59-4f21-8387-058ccbf2ac19: shutdown 95dc1813-fd59-4f21-8387-058ccbf2ac19@group-0151A36E717F-LeaderElection32
2023-09-08 11:20:58,274 [95dc1813-fd59-4f21-8387-058ccbf2ac19@group-0151A36E717F-LeaderElection32] INFO  server.RaftServer$Division (RaftServerImpl.java:setRole(329)) - 95dc1813-fd59-4f21-8387-058ccbf2ac19@group-0151A36E717F: changes role from CANDIDATE to LEADER at term 1 for changeToLeader
2023-09-08 11:20:58,274 [95dc1813-fd59-4f21-8387-058ccbf2ac19@group-0151A36E717F-LeaderElection32] INFO  ratis.XceiverServerRatis (XceiverServerRatis.java:handleLeaderChangedNotification(902)) - Leader change notification received for group: group-0151A36E717F with new leaderId: 95dc1813-fd59-4f21-8387-058ccbf2ac19
2023-09-08 11:20:58,275 [95dc1813-fd59-4f21-8387-058ccbf2ac19@group-0151A36E717F-LeaderElection32] INFO  server.RaftServer$Division (ServerState.java:setLeader(317)) - 95dc1813-fd59-4f21-8387-058ccbf2ac19@group-0151A36E717F: change Leader from null to 95dc1813-fd59-4f21-8387-058ccbf2ac19 at term 1 for becomeLeader, leader elected after 5199ms
2023-09-08 11:20:58,275 [95dc1813-fd59-4f21-8387-058ccbf2ac19@group-0151A36E717F-LeaderElection32] INFO  server.RaftServerConfigKeys (ConfUtils.java:logGet(46)) - raft.server.staging.catchup.gap = 1000 (default)
2023-09-08 11:20:58,275 [95dc1813-fd59-4f21-8387-058ccbf2ac19@group-0151A36E717F-LeaderElection32] INFO  server.RaftServerConfigKeys (ConfUtils.java:logGet(46)) - raft.server.write.element-limit = 1024 (custom)
2023-09-08 11:20:58,275 [95dc1813-fd59-4f21-8387-058ccbf2ac19@group-0151A36E717F-LeaderElection32] INFO  server.RaftServerConfigKeys (ConfUtils.java:logGet(46)) - raft.server.write.byte-limit = 1024 M (=1073741824) (custom)
2023-09-08 11:20:58,275 [95dc1813-fd59-4f21-8387-058ccbf2ac19@group-0151A36E717F-LeaderElection32] INFO  server.RaftServerConfigKeys (ConfUtils.java:logGet(46)) - raft.server.watch.timeout = 180s (custom)
2023-09-08 11:20:58,275 [95dc1813-fd59-4f21-8387-058ccbf2ac19@group-0151A36E717F-LeaderElection32] INFO  server.RaftServerConfigKeys (ConfUtils.java:logGet(46)) - raft.server.watch.timeout.denomination = 1s (default)
2023-09-08 11:20:58,276 [95dc1813-fd59-4f21-8387-058ccbf2ac19@group-0151A36E717F-LeaderElection32] INFO  server.RaftServerConfigKeys (ConfUtils.java:logGet(46)) - raft.server.watch.element-limit = 65536 (default)
2023-09-08 11:20:58,276 [95dc1813-fd59-4f21-8387-058ccbf2ac19@group-0151A36E717F-LeaderElection32] INFO  server.RaftServerConfigKeys (ConfUtils.java:logGet(46)) - raft.server.write.element-limit = 1024 (custom)
2023-09-08 11:20:58,276 [95dc1813-fd59-4f21-8387-058ccbf2ac19@group-0151A36E717F-LeaderElection32] INFO  server.RaftServerConfigKeys (ConfUtils.java:logGet(46)) - raft.server.write.follower.gap.ratio.max = -1.0 (default)
2023-09-08 11:20:58,276 [95dc1813-fd59-4f21-8387-058ccbf2ac19@group-0151A36E717F-LeaderElection32] INFO  server.RaftServerConfigKeys (ConfUtils.java:logGet(46)) - raft.server.log.appender.snapshot.chunk.size.max = 16MB (=16777216) (default)
2023-09-08 11:20:58,276 [95dc1813-fd59-4f21-8387-058ccbf2ac19@group-0151A36E717F-LeaderElection32] INFO  server.RaftServerConfigKeys (ConfUtils.java:logGet(46)) - raft.server.log.appender.buffer.byte-limit = 33554432 (custom)
2023-09-08 11:20:58,276 [95dc1813-fd59-4f21-8387-058ccbf2ac19@group-0151A36E717F-LeaderElection32] INFO  server.RaftServerConfigKeys (ConfUtils.java:logGet(46)) - raft.server.log.appender.buffer.element-limit = 1 (custom)
2023-09-08 11:20:58,276 [95dc1813-fd59-4f21-8387-058ccbf2ac19@group-0151A36E717F-LeaderElection32] INFO  server.RaftServerConfigKeys (ConfUtils.java:logGet(46)) - raft.server.log.appender.wait-time.min = 10ms (default)
2023-09-08 11:20:58,276 [95dc1813-fd59-4f21-8387-058ccbf2ac19@group-0151A36E717F-LeaderElection32] INFO  grpc.GrpcConfigKeys (ConfUtils.java:logGet(46)) - raft.grpc.server.leader.outstanding.appends.max = 128 (default)
2023-09-08 11:20:58,276 [95dc1813-fd59-4f21-8387-058ccbf2ac19@group-0151A36E717F-LeaderElection32] INFO  server.RaftServerConfigKeys (ConfUtils.java:logGet(46)) - raft.server.rpc.request.timeout = 60s (custom)
2023-09-08 11:20:58,276 [95dc1813-fd59-4f21-8387-058ccbf2ac19@group-0151A36E717F-LeaderElection32] INFO  grpc.GrpcConfigKeys (ConfUtils.java:logGet(46)) - raft.grpc.server.install_snapshot.request.element-limit = 8 (default)
2023-09-08 11:20:58,276 [95dc1813-fd59-4f21-8387-058ccbf2ac19@group-0151A36E717F-LeaderElection32] INFO  grpc.GrpcConfigKeys (ConfUtils.java:logGet(46)) - raft.grpc.server.install_snapshot.request.timeout = 3000ms (default)
2023-09-08 11:20:58,276 [95dc1813-fd59-4f21-8387-058ccbf2ac19@group-0151A36E717F-LeaderElection32] INFO  server.RaftServerConfigKeys (ConfUtils.java:logGet(46)) - raft.server.log.appender.install.snapshot.enabled = false (custom)
2023-09-08 11:20:58,276 [95dc1813-fd59-4f21-8387-058ccbf2ac19@group-0151A36E717F-LeaderElection32] INFO  grpc.GrpcConfigKeys (ConfUtils.java:logGet(46)) - raft.grpc.server.heartbeat.channel = true (default)
2023-09-08 11:20:58,277 [95dc1813-fd59-4f21-8387-058ccbf2ac19@group-0151A36E717F-LeaderElection32] INFO  server.RaftServerConfigKeys (ConfUtils.java:logGet(46)) - raft.server.log.appender.snapshot.chunk.size.max = 16MB (=16777216) (default)
2023-09-08 11:20:58,277 [95dc1813-fd59-4f21-8387-058ccbf2ac19@group-0151A36E717F-LeaderElection32] INFO  server.RaftServerConfigKeys (ConfUtils.java:logGet(46)) - raft.server.log.appender.buffer.byte-limit = 33554432 (custom)
2023-09-08 11:20:58,277 [95dc1813-fd59-4f21-8387-058ccbf2ac19@group-0151A36E717F-LeaderElection32] INFO  server.RaftServerConfigKeys (ConfUtils.java:logGet(46)) - raft.server.log.appender.buffer.element-limit = 1 (custom)
2023-09-08 11:20:58,277 [95dc1813-fd59-4f21-8387-058ccbf2ac19@group-0151A36E717F-LeaderElection32] INFO  server.RaftServerConfigKeys (ConfUtils.java:logGet(46)) - raft.server.log.appender.wait-time.min = 10ms (default)
2023-09-08 11:20:58,277 [95dc1813-fd59-4f21-8387-058ccbf2ac19@group-0151A36E717F-LeaderElection32] INFO  grpc.GrpcConfigKeys (ConfUtils.java:logGet(46)) - raft.grpc.server.leader.outstanding.appends.max = 128 (default)
2023-09-08 11:20:58,277 [95dc1813-fd59-4f21-8387-058ccbf2ac19@group-0151A36E717F-LeaderElection32] INFO  server.RaftServerConfigKeys (ConfUtils.java:logGet(46)) - raft.server.rpc.request.timeout = 60s (custom)
2023-09-08 11:20:58,277 [95dc1813-fd59-4f21-8387-058ccbf2ac19@group-0151A36E717F-LeaderElection32] INFO  grpc.GrpcConfigKeys (ConfUtils.java:logGet(46)) - raft.grpc.server.install_snapshot.request.element-limit = 8 (default)
2023-09-08 11:20:58,277 [95dc1813-fd59-4f21-8387-058ccbf2ac19@group-0151A36E717F-LeaderElection32] INFO  grpc.GrpcConfigKeys (ConfUtils.java:logGet(46)) - raft.grpc.server.install_snapshot.request.timeout = 3000ms (default)
2023-09-08 11:20:58,277 [95dc1813-fd59-4f21-8387-058ccbf2ac19@group-0151A36E717F-LeaderElection32] INFO  server.RaftServerConfigKeys (ConfUtils.java:logGet(46)) - raft.server.log.appender.install.snapshot.enabled = false (custom)
2023-09-08 11:20:58,277 [95dc1813-fd59-4f21-8387-058ccbf2ac19@group-0151A36E717F-LeaderElection32] INFO  grpc.GrpcConfigKeys (ConfUtils.java:logGet(46)) - raft.grpc.server.heartbeat.channel = true (default)
2023-09-08 11:20:58,277 [main] INFO  ozone.MiniOzoneClusterImpl (MiniOzoneClusterImpl.java:lambda$waitForClusterToBeReady$0(224)) - Nodes are ready. Got 5 of 5 DN Heartbeats.
2023-09-08 11:20:58,278 [main] INFO  ozone.MiniOzoneClusterImpl (MiniOzoneClusterImpl.java:lambda$waitForClusterToBeReady$0(227)) - Waiting for cluster to exit safe mode
2023-09-08 11:20:58,278 [main] INFO  ozone.MiniOzoneClusterImpl (MiniOzoneClusterImpl.java:lambda$waitForClusterToBeReady$0(229)) - SCM became leader
2023-09-08 11:20:58,281 [EventQueue-PipelineReportForPipelineReportHandler] INFO  pipeline.PipelineReportHandler (PipelineReportHandler.java:processPipelineReport(136)) - Opened pipeline PipelineID=0b9a189f-3dfe-47db-bfa2-0151a36e717f
2023-09-08 11:20:58,281 [EventQueue-OpenPipelineForHealthyPipelineSafeModeRule] INFO  safemode.SCMSafeModeManager (HealthyPipelineSafeModeRule.java:process(137)) - SCM in safe mode. Healthy pipelines reported count is 1, required healthy pipeline reported count is 1
2023-09-08 11:20:58,281 [EventQueue-OpenPipelineForHealthyPipelineSafeModeRule] INFO  safemode.SCMSafeModeManager (SCMSafeModeManager.java:validateSafeModeExitRules(200)) - HealthyPipelineSafeModeRule rule is successfully validated
2023-09-08 11:20:58,281 [EventQueue-OpenPipelineForHealthyPipelineSafeModeRule] INFO  safemode.SCMSafeModeManager (SCMSafeModeManager.java:validateSafeModeExitRules(215)) - ScmSafeModeManager, all rules are successfully validated
2023-09-08 11:20:58,281 [EventQueue-OpenPipelineForHealthyPipelineSafeModeRule] INFO  safemode.SCMSafeModeManager (SCMSafeModeManager.java:exitSafeMode(244)) - SCM exiting safe mode.
2023-09-08 11:20:58,281 [EventQueue-OpenPipelineForHealthyPipelineSafeModeRule] INFO  ha.SCMContext (SCMContext.java:updateSafeModeStatus(228)) - Update SafeModeStatus from SafeModeStatus{safeModeStatus=true, preCheckPassed=true} to SafeModeStatus{safeModeStatus=false, preCheckPassed=true}.
2023-09-08 11:20:58,281 [EventQueue-OpenPipelineForHealthyPipelineSafeModeRule] INFO  pipeline.BackgroundPipelineCreator (BackgroundPipelineCreator.java:notifyStatusChanged(255)) - Service BackgroundPipelineCreator transitions to RUNNING.
2023-09-08 11:20:58,281 [EventQueue-OpenPipelineForHealthyPipelineSafeModeRule] INFO  BackgroundPipelineScrubber (BackgroundSCMService.java:notifyStatusChanged(82)) - Service BackgroundPipelineScrubber transitions to RUNNING.
2023-09-08 11:20:58,281 [EventQueue-OpenPipelineForHealthyPipelineSafeModeRule] INFO  ExpiredContainerReplicaOpScrubber (BackgroundSCMService.java:notifyStatusChanged(82)) - Service ExpiredContainerReplicaOpScrubber transitions to RUNNING.
2023-09-08 11:20:58,281 [EventQueue-OpenPipelineForHealthyPipelineSafeModeRule] INFO  replication.ReplicationManager (ReplicationManager.java:notifyStatusChanged(1370)) - Service ReplicationManager transitions to RUNNING.
2023-09-08 11:20:58,281 [EventQueue-OpenPipelineForHealthyPipelineSafeModeRule] WARN  balancer.ContainerBalancer (ContainerBalancer.java:shouldRun(134)) - Could not find persisted configuration for ContainerBalancer when checking if ContainerBalancer should run. ContainerBalancer should not run now.
2023-09-08 11:20:58,282 [grpc-default-executor-1] INFO  server.RaftServer$Division (RaftServerImpl.java:requestVote(1335)) - 8f9fa227-a509-4f05-89e4-89393bf4f6e1@group-0151A36E717F replies to ELECTION vote request: 95dc1813-fd59-4f21-8387-058ccbf2ac19<-8f9fa227-a509-4f05-89e4-89393bf4f6e1#0:OK-t1. Peer's state: 8f9fa227-a509-4f05-89e4-89393bf4f6e1@group-0151A36E717F:t1, leader=null, voted=95dc1813-fd59-4f21-8387-058ccbf2ac19, raftlog=Memoized:8f9fa227-a509-4f05-89e4-89393bf4f6e1@group-0151A36E717F-SegmentedRaftLog:OPENED:c-1, conf=-1: peers:[95dc1813-fd59-4f21-8387-058ccbf2ac19|rpc:10.1.0.72:15182|admin:10.1.0.72:15181|client:10.1.0.72:15180|dataStream:10.1.0.72:15183|priority:1|startupRole:FOLLOWER, 7a683abd-c78e-4222-b82d-306c946a3e7e|rpc:10.1.0.72:15191|admin:10.1.0.72:15190|client:10.1.0.72:15189|dataStream:10.1.0.72:15192|priority:0|startupRole:FOLLOWER, 8f9fa227-a509-4f05-89e4-89393bf4f6e1|rpc:10.1.0.72:15173|admin:10.1.0.72:15172|client:10.1.0.72:15171|dataStream:10.1.0.72:15174|priority:0|startupRole:FOLLOWER]|listeners:[], old=null
2023-09-08 11:20:58,277 [95dc1813-fd59-4f21-8387-058ccbf2ac19@group-0151A36E717F-LeaderElection32] INFO  impl.RoleInfo (RoleInfo.java:updateAndGet(139)) - 95dc1813-fd59-4f21-8387-058ccbf2ac19: start 95dc1813-fd59-4f21-8387-058ccbf2ac19@group-0151A36E717F-LeaderStateImpl
2023-09-08 11:20:58,284 [95dc1813-fd59-4f21-8387-058ccbf2ac19@group-0151A36E717F-LeaderElection32] INFO  segmented.SegmentedRaftLogWorker (SegmentedRaftLogWorker.java:startLogSegment(447)) - 95dc1813-fd59-4f21-8387-058ccbf2ac19@group-0151A36E717F-SegmentedRaftLogWorker: Starting segment from index:0
2023-09-08 11:20:58,285 [95dc1813-fd59-4f21-8387-058ccbf2ac19@group-0151A36E717F-SegmentedRaftLogWorker] INFO  segmented.SegmentedRaftLogWorker (SegmentedRaftLogWorker.java:execute(651)) - 95dc1813-fd59-4f21-8387-058ccbf2ac19@group-0151A36E717F-SegmentedRaftLogWorker: created new log segment /home/runner/work/ozone/ozone/hadoop-ozone/integration-test/target/test-dir/MiniOzoneClusterImpl-b855b142-6583-46b6-8838-7b3da9243682/datanode-1/data/ratis/0b9a189f-3dfe-47db-bfa2-0151a36e717f/current/log_inprogress_0
2023-09-08 11:20:58,292 [95dc1813-fd59-4f21-8387-058ccbf2ac19@group-0151A36E717F-LeaderElection32] INFO  server.RaftServer$Division (ServerState.java:setRaftConf(434)) - 95dc1813-fd59-4f21-8387-058ccbf2ac19@group-0151A36E717F: set configuration 0: peers:[95dc1813-fd59-4f21-8387-058ccbf2ac19|rpc:10.1.0.72:15182|admin:10.1.0.72:15181|client:10.1.0.72:15180|dataStream:10.1.0.72:15183|priority:1|startupRole:FOLLOWER, 7a683abd-c78e-4222-b82d-306c946a3e7e|rpc:10.1.0.72:15191|admin:10.1.0.72:15190|client:10.1.0.72:15189|dataStream:10.1.0.72:15192|priority:0|startupRole:FOLLOWER, 8f9fa227-a509-4f05-89e4-89393bf4f6e1|rpc:10.1.0.72:15173|admin:10.1.0.72:15172|client:10.1.0.72:15171|dataStream:10.1.0.72:15174|priority:0|startupRole:FOLLOWER]|listeners:[], old=null
2023-09-08 11:20:58,319 [8f9fa227-a509-4f05-89e4-89393bf4f6e1-server-thread1] INFO  ratis.XceiverServerRatis (XceiverServerRatis.java:handleLeaderChangedNotification(902)) - Leader change notification received for group: group-0151A36E717F with new leaderId: 95dc1813-fd59-4f21-8387-058ccbf2ac19
2023-09-08 11:20:58,319 [8f9fa227-a509-4f05-89e4-89393bf4f6e1-server-thread1] INFO  server.RaftServer$Division (ServerState.java:setLeader(317)) - 8f9fa227-a509-4f05-89e4-89393bf4f6e1@group-0151A36E717F: change Leader from null to 95dc1813-fd59-4f21-8387-058ccbf2ac19 at term 1 for appendEntries, leader elected after 5280ms
2023-09-08 11:20:58,323 [7a683abd-c78e-4222-b82d-306c946a3e7e-server-thread2] INFO  ratis.XceiverServerRatis (XceiverServerRatis.java:handleLeaderChangedNotification(902)) - Leader change notification received for group: group-0151A36E717F with new leaderId: 95dc1813-fd59-4f21-8387-058ccbf2ac19
2023-09-08 11:20:58,323 [7a683abd-c78e-4222-b82d-306c946a3e7e-server-thread2] INFO  server.RaftServer$Division (ServerState.java:setLeader(317)) - 7a683abd-c78e-4222-b82d-306c946a3e7e@group-0151A36E717F: change Leader from null to 95dc1813-fd59-4f21-8387-058ccbf2ac19 at term 1 for appendEntries, leader elected after 5204ms
2023-09-08 11:20:58,326 [7a683abd-c78e-4222-b82d-306c946a3e7e@group-C1E63A429653-FollowerState] INFO  impl.FollowerState (FollowerState.java:run(143)) - 7a683abd-c78e-4222-b82d-306c946a3e7e@group-C1E63A429653-FollowerState: change to CANDIDATE, lastRpcElapsedTime:5047019109ns, electionTimeout:5044ms
2023-09-08 11:20:58,326 [7a683abd-c78e-4222-b82d-306c946a3e7e@group-C1E63A429653-FollowerState] INFO  impl.RoleInfo (RoleInfo.java:shutdownFollowerState(110)) - 7a683abd-c78e-4222-b82d-306c946a3e7e: shutdown 7a683abd-c78e-4222-b82d-306c946a3e7e@group-C1E63A429653-FollowerState
2023-09-08 11:20:58,326 [7a683abd-c78e-4222-b82d-306c946a3e7e@group-C1E63A429653-FollowerState] INFO  server.RaftServer$Division (RaftServerImpl.java:setRole(329)) - 7a683abd-c78e-4222-b82d-306c946a3e7e@group-C1E63A429653: changes role from  FOLLOWER to CANDIDATE at term 0 for changeToCandidate
2023-09-08 11:20:58,328 [7a683abd-c78e-4222-b82d-306c946a3e7e@group-C1E63A429653-FollowerState] INFO  server.RaftServerConfigKeys (ConfUtils.java:logGet(46)) - raft.server.leaderelection.pre-vote = true (default)
2023-09-08 11:20:58,328 [7a683abd-c78e-4222-b82d-306c946a3e7e@group-C1E63A429653-FollowerState] INFO  impl.RoleInfo (RoleInfo.java:updateAndGet(139)) - 7a683abd-c78e-4222-b82d-306c946a3e7e: start 7a683abd-c78e-4222-b82d-306c946a3e7e@group-C1E63A429653-LeaderElection33
2023-09-08 11:20:58,339 [7a683abd-c78e-4222-b82d-306c946a3e7e@group-C1E63A429653-LeaderElection33] INFO  impl.LeaderElection (LeaderElection.java:askForVotes(321)) - 7a683abd-c78e-4222-b82d-306c946a3e7e@group-C1E63A429653-LeaderElection33 PRE_VOTE round 0: submit vote requests at term 0 for -1: peers:[7a683abd-c78e-4222-b82d-306c946a3e7e|rpc:10.1.0.72:15191|admin:10.1.0.72:15190|client:10.1.0.72:15189|dataStream:10.1.0.72:15192|priority:0|startupRole:FOLLOWER, 95dc1813-fd59-4f21-8387-058ccbf2ac19|rpc:10.1.0.72:15182|admin:10.1.0.72:15181|client:10.1.0.72:15180|dataStream:10.1.0.72:15183|priority:0|startupRole:FOLLOWER, 8f9fa227-a509-4f05-89e4-89393bf4f6e1|rpc:10.1.0.72:15173|admin:10.1.0.72:15172|client:10.1.0.72:15171|dataStream:10.1.0.72:15174|priority:1|startupRole:FOLLOWER]|listeners:[], old=null
2023-09-08 11:20:58,339 [7a683abd-c78e-4222-b82d-306c946a3e7e@group-C1E63A429653-LeaderElection33-1] INFO  server.GrpcServerProtocolClient (GrpcServerProtocolClient.java:<init>(65)) - Build channel for 95dc1813-fd59-4f21-8387-058ccbf2ac19
2023-09-08 11:20:58,341 [8f9fa227-a509-4f05-89e4-89393bf4f6e1@group-C1E63A429653-FollowerState] INFO  impl.FollowerState (FollowerState.java:run(143)) - 8f9fa227-a509-4f05-89e4-89393bf4f6e1@group-C1E63A429653-FollowerState: change to CANDIDATE, lastRpcElapsedTime:5113579567ns, electionTimeout:5102ms
2023-09-08 11:20:58,341 [8f9fa227-a509-4f05-89e4-89393bf4f6e1@group-C1E63A429653-FollowerState] INFO  impl.RoleInfo (RoleInfo.java:shutdownFollowerState(110)) - 8f9fa227-a509-4f05-89e4-89393bf4f6e1: shutdown 8f9fa227-a509-4f05-89e4-89393bf4f6e1@group-C1E63A429653-FollowerState
2023-09-08 11:20:58,341 [8f9fa227-a509-4f05-89e4-89393bf4f6e1@group-C1E63A429653-FollowerState] INFO  server.RaftServer$Division (RaftServerImpl.java:setRole(329)) - 8f9fa227-a509-4f05-89e4-89393bf4f6e1@group-C1E63A429653: changes role from  FOLLOWER to CANDIDATE at term 0 for changeToCandidate
2023-09-08 11:20:58,343 [7a683abd-c78e-4222-b82d-306c946a3e7e@group-C1E63A429653-LeaderElection33] INFO  server.RaftServerConfigKeys (ConfUtils.java:logFallback(53)) - raft.server.rpc.first-election.timeout.min = 5s (fallback to raft.server.rpc.timeout.min)
2023-09-08 11:20:58,343 [7a683abd-c78e-4222-b82d-306c946a3e7e@group-C1E63A429653-LeaderElection33] INFO  server.RaftServerConfigKeys (ConfUtils.java:logFallback(53)) - raft.server.rpc.first-election.timeout.max = 5200ms (fallback to raft.server.rpc.timeout.max)
2023-09-08 11:20:58,344 [7a683abd-c78e-4222-b82d-306c946a3e7e-server-thread2] INFO  server.RaftServer$Division (ServerState.java:setRaftConf(434)) - 7a683abd-c78e-4222-b82d-306c946a3e7e@group-0151A36E717F: set configuration 0: peers:[95dc1813-fd59-4f21-8387-058ccbf2ac19|rpc:10.1.0.72:15182|admin:10.1.0.72:15181|client:10.1.0.72:15180|dataStream:10.1.0.72:15183|priority:1|startupRole:FOLLOWER, 7a683abd-c78e-4222-b82d-306c946a3e7e|rpc:10.1.0.72:15191|admin:10.1.0.72:15190|client:10.1.0.72:15189|dataStream:10.1.0.72:15192|priority:0|startupRole:FOLLOWER, 8f9fa227-a509-4f05-89e4-89393bf4f6e1|rpc:10.1.0.72:15173|admin:10.1.0.72:15172|client:10.1.0.72:15171|dataStream:10.1.0.72:15174|priority:0|startupRole:FOLLOWER]|listeners:[], old=null
2023-09-08 11:20:58,344 [7a683abd-c78e-4222-b82d-306c946a3e7e-server-thread2] INFO  segmented.SegmentedRaftLogWorker (SegmentedRaftLogWorker.java:startLogSegment(447)) - 7a683abd-c78e-4222-b82d-306c946a3e7e@group-0151A36E717F-SegmentedRaftLogWorker: Starting segment from index:0
2023-09-08 11:20:58,346 [7a683abd-c78e-4222-b82d-306c946a3e7e@group-0151A36E717F-SegmentedRaftLogWorker] INFO  segmented.SegmentedRaftLogWorker (SegmentedRaftLogWorker.java:execute(651)) - 7a683abd-c78e-4222-b82d-306c946a3e7e@group-0151A36E717F-SegmentedRaftLogWorker: created new log segment /home/runner/work/ozone/ozone/hadoop-ozone/integration-test/target/test-dir/MiniOzoneClusterImpl-b855b142-6583-46b6-8838-7b3da9243682/datanode-2/data/ratis/0b9a189f-3dfe-47db-bfa2-0151a36e717f/current/log_inprogress_0
2023-09-08 11:20:58,348 [8f9fa227-a509-4f05-89e4-89393bf4f6e1@group-C1E63A429653-FollowerState] INFO  server.RaftServerConfigKeys (ConfUtils.java:logGet(46)) - raft.server.leaderelection.pre-vote = true (default)
2023-09-08 11:20:58,350 [8f9fa227-a509-4f05-89e4-89393bf4f6e1@group-C1E63A429653-FollowerState] INFO  impl.RoleInfo (RoleInfo.java:updateAndGet(139)) - 8f9fa227-a509-4f05-89e4-89393bf4f6e1: start 8f9fa227-a509-4f05-89e4-89393bf4f6e1@group-C1E63A429653-LeaderElection34
2023-09-08 11:20:58,351 [8f9fa227-a509-4f05-89e4-89393bf4f6e1-server-thread2] INFO  server.RaftServer$Division (ServerState.java:setRaftConf(434)) - 8f9fa227-a509-4f05-89e4-89393bf4f6e1@group-0151A36E717F: set configuration 0: peers:[95dc1813-fd59-4f21-8387-058ccbf2ac19|rpc:10.1.0.72:15182|admin:10.1.0.72:15181|client:10.1.0.72:15180|dataStream:10.1.0.72:15183|priority:1|startupRole:FOLLOWER, 7a683abd-c78e-4222-b82d-306c946a3e7e|rpc:10.1.0.72:15191|admin:10.1.0.72:15190|client:10.1.0.72:15189|dataStream:10.1.0.72:15192|priority:0|startupRole:FOLLOWER, 8f9fa227-a509-4f05-89e4-89393bf4f6e1|rpc:10.1.0.72:15173|admin:10.1.0.72:15172|client:10.1.0.72:15171|dataStream:10.1.0.72:15174|priority:0|startupRole:FOLLOWER]|listeners:[], old=null
2023-09-08 11:20:58,351 [8f9fa227-a509-4f05-89e4-89393bf4f6e1-server-thread2] INFO  segmented.SegmentedRaftLogWorker (SegmentedRaftLogWorker.java:startLogSegment(447)) - 8f9fa227-a509-4f05-89e4-89393bf4f6e1@group-0151A36E717F-SegmentedRaftLogWorker: Starting segment from index:0
2023-09-08 11:20:58,348 [7a683abd-c78e-4222-b82d-306c946a3e7e@group-C1E63A429653-LeaderElection33-2] INFO  server.GrpcServerProtocolClient (GrpcServerProtocolClient.java:<init>(65)) - Build channel for 8f9fa227-a509-4f05-89e4-89393bf4f6e1
2023-09-08 11:20:58,353 [8f9fa227-a509-4f05-89e4-89393bf4f6e1@group-0151A36E717F-SegmentedRaftLogWorker] INFO  segmented.SegmentedRaftLogWorker (SegmentedRaftLogWorker.java:execute(651)) - 8f9fa227-a509-4f05-89e4-89393bf4f6e1@group-0151A36E717F-SegmentedRaftLogWorker: created new log segment /home/runner/work/ozone/ozone/hadoop-ozone/integration-test/target/test-dir/MiniOzoneClusterImpl-b855b142-6583-46b6-8838-7b3da9243682/datanode-0/data/ratis/0b9a189f-3dfe-47db-bfa2-0151a36e717f/current/log_inprogress_0
2023-09-08 11:20:58,360 [grpc-default-executor-4] INFO  server.RaftServer$Division (RaftServerImpl.java:requestVote(1302)) - 8f9fa227-a509-4f05-89e4-89393bf4f6e1@group-C1E63A429653: receive requestVote(PRE_VOTE, 7a683abd-c78e-4222-b82d-306c946a3e7e, group-C1E63A429653, 0, (t:0, i:0))
2023-09-08 11:20:58,360 [grpc-default-executor-4] INFO  impl.VoteContext (VoteContext.java:log(49)) - 8f9fa227-a509-4f05-89e4-89393bf4f6e1@group-C1E63A429653-CANDIDATE: reject PRE_VOTE from 7a683abd-c78e-4222-b82d-306c946a3e7e: our priority 1 > candidate's priority 0
2023-09-08 11:20:58,360 [grpc-default-executor-4] INFO  server.RaftServer$Division (RaftServerImpl.java:requestVote(1335)) - 8f9fa227-a509-4f05-89e4-89393bf4f6e1@group-C1E63A429653 replies to PRE_VOTE vote request: 7a683abd-c78e-4222-b82d-306c946a3e7e<-8f9fa227-a509-4f05-89e4-89393bf4f6e1#0:FAIL-t0. Peer's state: 8f9fa227-a509-4f05-89e4-89393bf4f6e1@group-C1E63A429653:t0, leader=null, voted=, raftlog=Memoized:8f9fa227-a509-4f05-89e4-89393bf4f6e1@group-C1E63A429653-SegmentedRaftLog:OPENED:c-1, conf=-1: peers:[7a683abd-c78e-4222-b82d-306c946a3e7e|rpc:10.1.0.72:15191|admin:10.1.0.72:15190|client:10.1.0.72:15189|dataStream:10.1.0.72:15192|priority:0|startupRole:FOLLOWER, 95dc1813-fd59-4f21-8387-058ccbf2ac19|rpc:10.1.0.72:15182|admin:10.1.0.72:15181|client:10.1.0.72:15180|dataStream:10.1.0.72:15183|priority:0|startupRole:FOLLOWER, 8f9fa227-a509-4f05-89e4-89393bf4f6e1|rpc:10.1.0.72:15173|admin:10.1.0.72:15172|client:10.1.0.72:15171|dataStream:10.1.0.72:15174|priority:1|startupRole:FOLLOWER]|listeners:[], old=null
2023-09-08 11:20:58,361 [grpc-default-executor-0] INFO  server.RaftServer$Division (RaftServerImpl.java:requestVote(1302)) - 95dc1813-fd59-4f21-8387-058ccbf2ac19@group-C1E63A429653: receive requestVote(PRE_VOTE, 7a683abd-c78e-4222-b82d-306c946a3e7e, group-C1E63A429653, 0, (t:0, i:0))
2023-09-08 11:20:58,361 [grpc-default-executor-0] INFO  impl.VoteContext (VoteContext.java:log(49)) - 95dc1813-fd59-4f21-8387-058ccbf2ac19@group-C1E63A429653-FOLLOWER: accept PRE_VOTE from 7a683abd-c78e-4222-b82d-306c946a3e7e: our priority 0 <= candidate's priority 0
2023-09-08 11:20:58,361 [grpc-default-executor-0] INFO  server.RaftServer$Division (RaftServerImpl.java:requestVote(1335)) - 95dc1813-fd59-4f21-8387-058ccbf2ac19@group-C1E63A429653 replies to PRE_VOTE vote request: 7a683abd-c78e-4222-b82d-306c946a3e7e<-95dc1813-fd59-4f21-8387-058ccbf2ac19#0:OK-t0. Peer's state: 95dc1813-fd59-4f21-8387-058ccbf2ac19@group-C1E63A429653:t0, leader=null, voted=, raftlog=Memoized:95dc1813-fd59-4f21-8387-058ccbf2ac19@group-C1E63A429653-SegmentedRaftLog:OPENED:c-1, conf=-1: peers:[7a683abd-c78e-4222-b82d-306c946a3e7e|rpc:10.1.0.72:15191|admin:10.1.0.72:15190|client:10.1.0.72:15189|dataStream:10.1.0.72:15192|priority:0|startupRole:FOLLOWER, 95dc1813-fd59-4f21-8387-058ccbf2ac19|rpc:10.1.0.72:15182|admin:10.1.0.72:15181|client:10.1.0.72:15180|dataStream:10.1.0.72:15183|priority:0|startupRole:FOLLOWER, 8f9fa227-a509-4f05-89e4-89393bf4f6e1|rpc:10.1.0.72:15173|admin:10.1.0.72:15172|client:10.1.0.72:15171|dataStream:10.1.0.72:15174|priority:1|startupRole:FOLLOWER]|listeners:[], old=null
2023-09-08 11:20:58,365 [8f9fa227-a509-4f05-89e4-89393bf4f6e1@group-C1E63A429653-LeaderElection34] INFO  impl.LeaderElection (LeaderElection.java:askForVotes(321)) - 8f9fa227-a509-4f05-89e4-89393bf4f6e1@group-C1E63A429653-LeaderElection34 PRE_VOTE round 0: submit vote requests at term 0 for -1: peers:[7a683abd-c78e-4222-b82d-306c946a3e7e|rpc:10.1.0.72:15191|admin:10.1.0.72:15190|client:10.1.0.72:15189|dataStream:10.1.0.72:15192|priority:0|startupRole:FOLLOWER, 95dc1813-fd59-4f21-8387-058ccbf2ac19|rpc:10.1.0.72:15182|admin:10.1.0.72:15181|client:10.1.0.72:15180|dataStream:10.1.0.72:15183|priority:0|startupRole:FOLLOWER, 8f9fa227-a509-4f05-89e4-89393bf4f6e1|rpc:10.1.0.72:15173|admin:10.1.0.72:15172|client:10.1.0.72:15171|dataStream:10.1.0.72:15174|priority:1|startupRole:FOLLOWER]|listeners:[], old=null
2023-09-08 11:20:58,366 [8f9fa227-a509-4f05-89e4-89393bf4f6e1@group-C1E63A429653-LeaderElection34] INFO  server.RaftServerConfigKeys (ConfUtils.java:logFallback(53)) - raft.server.rpc.first-election.timeout.min = 5s (fallback to raft.server.rpc.timeout.min)
2023-09-08 11:20:58,366 [8f9fa227-a509-4f05-89e4-89393bf4f6e1@group-C1E63A429653-LeaderElection34] INFO  server.RaftServerConfigKeys (ConfUtils.java:logFallback(53)) - raft.server.rpc.first-election.timeout.max = 5200ms (fallback to raft.server.rpc.timeout.max)
2023-09-08 11:20:58,367 [7a683abd-c78e-4222-b82d-306c946a3e7e@group-C1E63A429653-LeaderElection33] INFO  impl.LeaderElection (LeaderElection.java:logAndReturn(90)) - 7a683abd-c78e-4222-b82d-306c946a3e7e@group-C1E63A429653-LeaderElection33: PRE_VOTE REJECTED received 2 response(s) and 0 exception(s):
2023-09-08 11:20:58,367 [7a683abd-c78e-4222-b82d-306c946a3e7e@group-C1E63A429653-LeaderElection33] INFO  impl.LeaderElection (LeaderElection.java:logAndReturn(94)) -   Response 0: 7a683abd-c78e-4222-b82d-306c946a3e7e<-95dc1813-fd59-4f21-8387-058ccbf2ac19#0:OK-t0
2023-09-08 11:20:58,367 [7a683abd-c78e-4222-b82d-306c946a3e7e@group-C1E63A429653-LeaderElection33] INFO  impl.LeaderElection (LeaderElection.java:logAndReturn(94)) -   Response 1: 7a683abd-c78e-4222-b82d-306c946a3e7e<-8f9fa227-a509-4f05-89e4-89393bf4f6e1#0:FAIL-t0
2023-09-08 11:20:58,367 [7a683abd-c78e-4222-b82d-306c946a3e7e@group-C1E63A429653-LeaderElection33] INFO  impl.LeaderElection (LeaderElection.java:askForVotes(323)) - 7a683abd-c78e-4222-b82d-306c946a3e7e@group-C1E63A429653-LeaderElection33 PRE_VOTE round 0: result REJECTED
2023-09-08 11:20:58,367 [7a683abd-c78e-4222-b82d-306c946a3e7e@group-C1E63A429653-LeaderElection33] INFO  server.RaftServer$Division (RaftServerImpl.java:setRole(329)) - 7a683abd-c78e-4222-b82d-306c946a3e7e@group-C1E63A429653: changes role from CANDIDATE to FOLLOWER at term 0 for REJECTED
2023-09-08 11:20:58,367 [7a683abd-c78e-4222-b82d-306c946a3e7e@group-C1E63A429653-LeaderElection33] INFO  impl.RoleInfo (RoleInfo.java:shutdownLeaderElection(130)) - 7a683abd-c78e-4222-b82d-306c946a3e7e: shutdown 7a683abd-c78e-4222-b82d-306c946a3e7e@group-C1E63A429653-LeaderElection33
2023-09-08 11:20:58,368 [grpc-default-executor-4] INFO  server.RaftServer$Division (RaftServerImpl.java:requestVote(1302)) - 95dc1813-fd59-4f21-8387-058ccbf2ac19@group-C1E63A429653: receive requestVote(PRE_VOTE, 8f9fa227-a509-4f05-89e4-89393bf4f6e1, group-C1E63A429653, 0, (t:0, i:0))
2023-09-08 11:20:58,368 [7a683abd-c78e-4222-b82d-306c946a3e7e@group-C1E63A429653-LeaderElection33] INFO  impl.RoleInfo (RoleInfo.java:updateAndGet(139)) - 7a683abd-c78e-4222-b82d-306c946a3e7e: start 7a683abd-c78e-4222-b82d-306c946a3e7e@group-C1E63A429653-FollowerState
2023-09-08 11:20:58,375 [95dc1813-fd59-4f21-8387-058ccbf2ac19@group-C1E63A429653-FollowerState] INFO  server.RaftServerConfigKeys (ConfUtils.java:logFallback(53)) - raft.server.rpc.first-election.timeout.min = 5s (fallback to raft.server.rpc.timeout.min)
2023-09-08 11:20:58,375 [95dc1813-fd59-4f21-8387-058ccbf2ac19@group-C1E63A429653-FollowerState] INFO  server.RaftServerConfigKeys (ConfUtils.java:logFallback(53)) - raft.server.rpc.first-election.timeout.max = 5200ms (fallback to raft.server.rpc.timeout.max)
2023-09-08 11:20:58,375 [grpc-default-executor-4] INFO  impl.VoteContext (VoteContext.java:log(49)) - 95dc1813-fd59-4f21-8387-058ccbf2ac19@group-C1E63A429653-FOLLOWER: accept PRE_VOTE from 8f9fa227-a509-4f05-89e4-89393bf4f6e1: our priority 0 <= candidate's priority 1
2023-09-08 11:20:58,375 [grpc-default-executor-4] INFO  server.RaftServer$Division (RaftServerImpl.java:requestVote(1335)) - 95dc1813-fd59-4f21-8387-058ccbf2ac19@group-C1E63A429653 replies to PRE_VOTE vote request: 8f9fa227-a509-4f05-89e4-89393bf4f6e1<-95dc1813-fd59-4f21-8387-058ccbf2ac19#0:OK-t0. Peer's state: 95dc1813-fd59-4f21-8387-058ccbf2ac19@group-C1E63A429653:t0, leader=null, voted=, raftlog=Memoized:95dc1813-fd59-4f21-8387-058ccbf2ac19@group-C1E63A429653-SegmentedRaftLog:OPENED:c-1, conf=-1: peers:[7a683abd-c78e-4222-b82d-306c946a3e7e|rpc:10.1.0.72:15191|admin:10.1.0.72:15190|client:10.1.0.72:15189|dataStream:10.1.0.72:15192|priority:0|startupRole:FOLLOWER, 95dc1813-fd59-4f21-8387-058ccbf2ac19|rpc:10.1.0.72:15182|admin:10.1.0.72:15181|client:10.1.0.72:15180|dataStream:10.1.0.72:15183|priority:0|startupRole:FOLLOWER, 8f9fa227-a509-4f05-89e4-89393bf4f6e1|rpc:10.1.0.72:15173|admin:10.1.0.72:15172|client:10.1.0.72:15171|dataStream:10.1.0.72:15174|priority:1|startupRole:FOLLOWER]|listeners:[], old=null
2023-09-08 11:20:58,376 [8f9fa227-a509-4f05-89e4-89393bf4f6e1@group-C1E63A429653-LeaderElection34] INFO  impl.LeaderElection (LeaderElection.java:logAndReturn(90)) - 8f9fa227-a509-4f05-89e4-89393bf4f6e1@group-C1E63A429653-LeaderElection34: PRE_VOTE PASSED received 1 response(s) and 0 exception(s):
2023-09-08 11:20:58,376 [8f9fa227-a509-4f05-89e4-89393bf4f6e1@group-C1E63A429653-LeaderElection34] INFO  impl.LeaderElection (LeaderElection.java:logAndReturn(94)) -   Response 0: 8f9fa227-a509-4f05-89e4-89393bf4f6e1<-95dc1813-fd59-4f21-8387-058ccbf2ac19#0:OK-t0
2023-09-08 11:20:58,376 [8f9fa227-a509-4f05-89e4-89393bf4f6e1@group-C1E63A429653-LeaderElection34] INFO  impl.LeaderElection (LeaderElection.java:askForVotes(323)) - 8f9fa227-a509-4f05-89e4-89393bf4f6e1@group-C1E63A429653-LeaderElection34 PRE_VOTE round 0: result PASSED
2023-09-08 11:20:58,378 [8f9fa227-a509-4f05-89e4-89393bf4f6e1@group-C1E63A429653-LeaderElection34] INFO  impl.LeaderElection (LeaderElection.java:askForVotes(321)) - 8f9fa227-a509-4f05-89e4-89393bf4f6e1@group-C1E63A429653-LeaderElection34 ELECTION round 0: submit vote requests at term 1 for -1: peers:[7a683abd-c78e-4222-b82d-306c946a3e7e|rpc:10.1.0.72:15191|admin:10.1.0.72:15190|client:10.1.0.72:15189|dataStream:10.1.0.72:15192|priority:0|startupRole:FOLLOWER, 95dc1813-fd59-4f21-8387-058ccbf2ac19|rpc:10.1.0.72:15182|admin:10.1.0.72:15181|client:10.1.0.72:15180|dataStream:10.1.0.72:15183|priority:0|startupRole:FOLLOWER, 8f9fa227-a509-4f05-89e4-89393bf4f6e1|rpc:10.1.0.72:15173|admin:10.1.0.72:15172|client:10.1.0.72:15171|dataStream:10.1.0.72:15174|priority:1|startupRole:FOLLOWER]|listeners:[], old=null
2023-09-08 11:20:58,379 [8f9fa227-a509-4f05-89e4-89393bf4f6e1@group-C1E63A429653-LeaderElection34] INFO  server.RaftServerConfigKeys (ConfUtils.java:logFallback(53)) - raft.server.rpc.first-election.timeout.min = 5s (fallback to raft.server.rpc.timeout.min)
2023-09-08 11:20:58,380 [8f9fa227-a509-4f05-89e4-89393bf4f6e1@group-C1E63A429653-LeaderElection34] INFO  server.RaftServerConfigKeys (ConfUtils.java:logFallback(53)) - raft.server.rpc.first-election.timeout.max = 5200ms (fallback to raft.server.rpc.timeout.max)
2023-09-08 11:20:58,393 [grpc-default-executor-4] INFO  server.RaftServer$Division (RaftServerImpl.java:requestVote(1302)) - 7a683abd-c78e-4222-b82d-306c946a3e7e@group-C1E63A429653: receive requestVote(PRE_VOTE, 8f9fa227-a509-4f05-89e4-89393bf4f6e1, group-C1E63A429653, 0, (t:0, i:0))
2023-09-08 11:20:58,393 [grpc-default-executor-4] INFO  impl.VoteContext (VoteContext.java:log(49)) - 7a683abd-c78e-4222-b82d-306c946a3e7e@group-C1E63A429653-FOLLOWER: accept PRE_VOTE from 8f9fa227-a509-4f05-89e4-89393bf4f6e1: our priority 0 <= candidate's priority 1
2023-09-08 11:20:58,393 [grpc-default-executor-4] INFO  server.RaftServer$Division (RaftServerImpl.java:requestVote(1335)) - 7a683abd-c78e-4222-b82d-306c946a3e7e@group-C1E63A429653 replies to PRE_VOTE vote request: 8f9fa227-a509-4f05-89e4-89393bf4f6e1<-7a683abd-c78e-4222-b82d-306c946a3e7e#0:OK-t0. Peer's state: 7a683abd-c78e-4222-b82d-306c946a3e7e@group-C1E63A429653:t0, leader=null, voted=, raftlog=Memoized:7a683abd-c78e-4222-b82d-306c946a3e7e@group-C1E63A429653-SegmentedRaftLog:OPENED:c-1, conf=-1: peers:[7a683abd-c78e-4222-b82d-306c946a3e7e|rpc:10.1.0.72:15191|admin:10.1.0.72:15190|client:10.1.0.72:15189|dataStream:10.1.0.72:15192|priority:0|startupRole:FOLLOWER, 95dc1813-fd59-4f21-8387-058ccbf2ac19|rpc:10.1.0.72:15182|admin:10.1.0.72:15181|client:10.1.0.72:15180|dataStream:10.1.0.72:15183|priority:0|startupRole:FOLLOWER, 8f9fa227-a509-4f05-89e4-89393bf4f6e1|rpc:10.1.0.72:15173|admin:10.1.0.72:15172|client:10.1.0.72:15171|dataStream:10.1.0.72:15174|priority:1|startupRole:FOLLOWER]|listeners:[], old=null
2023-09-08 11:20:58,396 [grpc-default-executor-0] INFO  server.RaftServer$Division (RaftServerImpl.java:requestVote(1302)) - 7a683abd-c78e-4222-b82d-306c946a3e7e@group-C1E63A429653: receive requestVote(ELECTION, 8f9fa227-a509-4f05-89e4-89393bf4f6e1, group-C1E63A429653, 1, (t:0, i:0))
2023-09-08 11:20:58,397 [grpc-default-executor-0] INFO  impl.VoteContext (VoteContext.java:log(49)) - 7a683abd-c78e-4222-b82d-306c946a3e7e@group-C1E63A429653-FOLLOWER: accept ELECTION from 8f9fa227-a509-4f05-89e4-89393bf4f6e1: our priority 0 <= candidate's priority 1
2023-09-08 11:20:58,397 [grpc-default-executor-0] INFO  server.RaftServer$Division (RaftServerImpl.java:setRole(329)) - 7a683abd-c78e-4222-b82d-306c946a3e7e@group-C1E63A429653: changes role from  FOLLOWER to FOLLOWER at term 1 for candidate:8f9fa227-a509-4f05-89e4-89393bf4f6e1
2023-09-08 11:20:58,397 [grpc-default-executor-0] INFO  impl.RoleInfo (RoleInfo.java:shutdownFollowerState(110)) - 7a683abd-c78e-4222-b82d-306c946a3e7e: shutdown 7a683abd-c78e-4222-b82d-306c946a3e7e@group-C1E63A429653-FollowerState
2023-09-08 11:20:58,397 [grpc-default-executor-0] INFO  impl.RoleInfo (RoleInfo.java:updateAndGet(139)) - 7a683abd-c78e-4222-b82d-306c946a3e7e: start 7a683abd-c78e-4222-b82d-306c946a3e7e@group-C1E63A429653-FollowerState
2023-09-08 11:20:58,401 [7a683abd-c78e-4222-b82d-306c946a3e7e@group-C1E63A429653-FollowerState] INFO  impl.FollowerState (FollowerState.java:run(152)) - 7a683abd-c78e-4222-b82d-306c946a3e7e@group-C1E63A429653-FollowerState was interrupted
2023-09-08 11:20:58,408 [grpc-default-executor-5] INFO  server.RaftServer$Division (RaftServerImpl.java:requestVote(1302)) - 95dc1813-fd59-4f21-8387-058ccbf2ac19@group-C1E63A429653: receive requestVote(ELECTION, 8f9fa227-a509-4f05-89e4-89393bf4f6e1, group-C1E63A429653, 1, (t:0, i:0))
2023-09-08 11:20:58,408 [grpc-default-executor-5] INFO  impl.VoteContext (VoteContext.java:log(49)) - 95dc1813-fd59-4f21-8387-058ccbf2ac19@group-C1E63A429653-FOLLOWER: accept ELECTION from 8f9fa227-a509-4f05-89e4-89393bf4f6e1: our priority 0 <= candidate's priority 1
2023-09-08 11:20:58,408 [grpc-default-executor-0] INFO  server.RaftServer$Division (RaftServerImpl.java:requestVote(1335)) - 7a683abd-c78e-4222-b82d-306c946a3e7e@group-C1E63A429653 replies to ELECTION vote request: 8f9fa227-a509-4f05-89e4-89393bf4f6e1<-7a683abd-c78e-4222-b82d-306c946a3e7e#0:OK-t1. Peer's state: 7a683abd-c78e-4222-b82d-306c946a3e7e@group-C1E63A429653:t1, leader=null, voted=8f9fa227-a509-4f05-89e4-89393bf4f6e1, raftlog=Memoized:7a683abd-c78e-4222-b82d-306c946a3e7e@group-C1E63A429653-SegmentedRaftLog:OPENED:c-1, conf=-1: peers:[7a683abd-c78e-4222-b82d-306c946a3e7e|rpc:10.1.0.72:15191|admin:10.1.0.72:15190|client:10.1.0.72:15189|dataStream:10.1.0.72:15192|priority:0|startupRole:FOLLOWER, 95dc1813-fd59-4f21-8387-058ccbf2ac19|rpc:10.1.0.72:15182|admin:10.1.0.72:15181|client:10.1.0.72:15180|dataStream:10.1.0.72:15183|priority:0|startupRole:FOLLOWER, 8f9fa227-a509-4f05-89e4-89393bf4f6e1|rpc:10.1.0.72:15173|admin:10.1.0.72:15172|client:10.1.0.72:15171|dataStream:10.1.0.72:15174|priority:1|startupRole:FOLLOWER]|listeners:[], old=null
2023-09-08 11:20:58,408 [grpc-default-executor-5] INFO  server.RaftServer$Division (RaftServerImpl.java:setRole(329)) - 95dc1813-fd59-4f21-8387-058ccbf2ac19@group-C1E63A429653: changes role from  FOLLOWER to FOLLOWER at term 1 for candidate:8f9fa227-a509-4f05-89e4-89393bf4f6e1
2023-09-08 11:20:58,408 [grpc-default-executor-5] INFO  impl.RoleInfo (RoleInfo.java:shutdownFollowerState(110)) - 95dc1813-fd59-4f21-8387-058ccbf2ac19: shutdown 95dc1813-fd59-4f21-8387-058ccbf2ac19@group-C1E63A429653-FollowerState
2023-09-08 11:20:58,408 [grpc-default-executor-5] INFO  impl.RoleInfo (RoleInfo.java:updateAndGet(139)) - 95dc1813-fd59-4f21-8387-058ccbf2ac19: start 95dc1813-fd59-4f21-8387-058ccbf2ac19@group-C1E63A429653-FollowerState
2023-09-08 11:20:58,408 [95dc1813-fd59-4f21-8387-058ccbf2ac19@group-C1E63A429653-FollowerState] INFO  impl.FollowerState (FollowerState.java:run(152)) - 95dc1813-fd59-4f21-8387-058ccbf2ac19@group-C1E63A429653-FollowerState was interrupted
2023-09-08 11:20:58,410 [grpc-default-executor-5] INFO  server.RaftServer$Division (RaftServerImpl.java:requestVote(1335)) - 95dc1813-fd59-4f21-8387-058ccbf2ac19@group-C1E63A429653 replies to ELECTION vote request: 8f9fa227-a509-4f05-89e4-89393bf4f6e1<-95dc1813-fd59-4f21-8387-058ccbf2ac19#0:OK-t1. Peer's state: 95dc1813-fd59-4f21-8387-058ccbf2ac19@group-C1E63A429653:t1, leader=null, voted=8f9fa227-a509-4f05-89e4-89393bf4f6e1, raftlog=Memoized:95dc1813-fd59-4f21-8387-058ccbf2ac19@group-C1E63A429653-SegmentedRaftLog:OPENED:c-1, conf=-1: peers:[7a683abd-c78e-4222-b82d-306c946a3e7e|rpc:10.1.0.72:15191|admin:10.1.0.72:15190|client:10.1.0.72:15189|dataStream:10.1.0.72:15192|priority:0|startupRole:FOLLOWER, 95dc1813-fd59-4f21-8387-058ccbf2ac19|rpc:10.1.0.72:15182|admin:10.1.0.72:15181|client:10.1.0.72:15180|dataStream:10.1.0.72:15183|priority:0|startupRole:FOLLOWER, 8f9fa227-a509-4f05-89e4-89393bf4f6e1|rpc:10.1.0.72:15173|admin:10.1.0.72:15172|client:10.1.0.72:15171|dataStream:10.1.0.72:15174|priority:1|startupRole:FOLLOWER]|listeners:[], old=null
2023-09-08 11:20:58,411 [8f9fa227-a509-4f05-89e4-89393bf4f6e1@group-C1E63A429653-LeaderElection34] INFO  impl.LeaderElection (LeaderElection.java:logAndReturn(90)) - 8f9fa227-a509-4f05-89e4-89393bf4f6e1@group-C1E63A429653-LeaderElection34: ELECTION PASSED received 1 response(s) and 0 exception(s):
2023-09-08 11:20:58,411 [8f9fa227-a509-4f05-89e4-89393bf4f6e1@group-C1E63A429653-LeaderElection34] INFO  impl.LeaderElection (LeaderElection.java:logAndReturn(94)) -   Response 0: 8f9fa227-a509-4f05-89e4-89393bf4f6e1<-7a683abd-c78e-4222-b82d-306c946a3e7e#0:OK-t1
2023-09-08 11:20:58,411 [8f9fa227-a509-4f05-89e4-89393bf4f6e1@group-C1E63A429653-LeaderElection34] INFO  impl.LeaderElection (LeaderElection.java:askForVotes(323)) - 8f9fa227-a509-4f05-89e4-89393bf4f6e1@group-C1E63A429653-LeaderElection34 ELECTION round 0: result PASSED
2023-09-08 11:20:58,411 [8f9fa227-a509-4f05-89e4-89393bf4f6e1@group-C1E63A429653-LeaderElection34] INFO  impl.RoleInfo (RoleInfo.java:shutdownLeaderElection(130)) - 8f9fa227-a509-4f05-89e4-89393bf4f6e1: shutdown 8f9fa227-a509-4f05-89e4-89393bf4f6e1@group-C1E63A429653-LeaderElection34
2023-09-08 11:20:58,411 [8f9fa227-a509-4f05-89e4-89393bf4f6e1@group-C1E63A429653-LeaderElection34] INFO  server.RaftServer$Division (RaftServerImpl.java:setRole(329)) - 8f9fa227-a509-4f05-89e4-89393bf4f6e1@group-C1E63A429653: changes role from CANDIDATE to LEADER at term 1 for changeToLeader
2023-09-08 11:20:58,411 [8f9fa227-a509-4f05-89e4-89393bf4f6e1@group-C1E63A429653-LeaderElection34] INFO  ratis.XceiverServerRatis (XceiverServerRatis.java:handleLeaderChangedNotification(902)) - Leader change notification received for group: group-C1E63A429653 with new leaderId: 8f9fa227-a509-4f05-89e4-89393bf4f6e1
2023-09-08 11:20:58,411 [8f9fa227-a509-4f05-89e4-89393bf4f6e1@group-C1E63A429653-LeaderElection34] INFO  server.RaftServer$Division (ServerState.java:setLeader(317)) - 8f9fa227-a509-4f05-89e4-89393bf4f6e1@group-C1E63A429653: change Leader from null to 8f9fa227-a509-4f05-89e4-89393bf4f6e1 at term 1 for becomeLeader, leader elected after 5251ms
2023-09-08 11:20:58,411 [8f9fa227-a509-4f05-89e4-89393bf4f6e1@group-C1E63A429653-LeaderElection34] INFO  server.RaftServerConfigKeys (ConfUtils.java:logGet(46)) - raft.server.staging.catchup.gap = 1000 (default)
2023-09-08 11:20:58,411 [8f9fa227-a509-4f05-89e4-89393bf4f6e1@group-C1E63A429653-LeaderElection34] INFO  server.RaftServerConfigKeys (ConfUtils.java:logGet(46)) - raft.server.write.element-limit = 1024 (custom)
2023-09-08 11:20:58,411 [8f9fa227-a509-4f05-89e4-89393bf4f6e1@group-C1E63A429653-LeaderElection34] INFO  server.RaftServerConfigKeys (ConfUtils.java:logGet(46)) - raft.server.write.byte-limit = 1024 M (=1073741824) (custom)
2023-09-08 11:20:58,412 [8f9fa227-a509-4f05-89e4-89393bf4f6e1@group-C1E63A429653-LeaderElection34] INFO  server.RaftServerConfigKeys (ConfUtils.java:logGet(46)) - raft.server.watch.timeout = 180s (custom)
2023-09-08 11:20:58,412 [8f9fa227-a509-4f05-89e4-89393bf4f6e1@group-C1E63A429653-LeaderElection34] INFO  server.RaftServerConfigKeys (ConfUtils.java:logGet(46)) - raft.server.watch.timeout.denomination = 1s (default)
2023-09-08 11:20:58,412 [8f9fa227-a509-4f05-89e4-89393bf4f6e1@group-C1E63A429653-LeaderElection34] INFO  server.RaftServerConfigKeys (ConfUtils.java:logGet(46)) - raft.server.watch.element-limit = 65536 (default)
2023-09-08 11:20:58,412 [8f9fa227-a509-4f05-89e4-89393bf4f6e1@group-C1E63A429653-LeaderElection34] INFO  server.RaftServerConfigKeys (ConfUtils.java:logGet(46)) - raft.server.write.element-limit = 1024 (custom)
2023-09-08 11:20:58,412 [8f9fa227-a509-4f05-89e4-89393bf4f6e1@group-C1E63A429653-LeaderElection34] INFO  server.RaftServerConfigKeys (ConfUtils.java:logGet(46)) - raft.server.write.follower.gap.ratio.max = -1.0 (default)
2023-09-08 11:20:58,412 [8f9fa227-a509-4f05-89e4-89393bf4f6e1@group-C1E63A429653-LeaderElection34] INFO  server.RaftServerConfigKeys (ConfUtils.java:logGet(46)) - raft.server.log.appender.snapshot.chunk.size.max = 16MB (=16777216) (default)
2023-09-08 11:20:58,412 [8f9fa227-a509-4f05-89e4-89393bf4f6e1@group-C1E63A429653-LeaderElection34] INFO  server.RaftServerConfigKeys (ConfUtils.java:logGet(46)) - raft.server.log.appender.buffer.byte-limit = 33554432 (custom)
2023-09-08 11:20:58,412 [8f9fa227-a509-4f05-89e4-89393bf4f6e1@group-C1E63A429653-LeaderElection34] INFO  server.RaftServerConfigKeys (ConfUtils.java:logGet(46)) - raft.server.log.appender.buffer.element-limit = 1 (custom)
2023-09-08 11:20:58,412 [8f9fa227-a509-4f05-89e4-89393bf4f6e1@group-C1E63A429653-LeaderElection34] INFO  server.RaftServerConfigKeys (ConfUtils.java:logGet(46)) - raft.server.log.appender.wait-time.min = 10ms (default)
2023-09-08 11:20:58,413 [8f9fa227-a509-4f05-89e4-89393bf4f6e1@group-C1E63A429653-LeaderElection34] INFO  grpc.GrpcConfigKeys (ConfUtils.java:logGet(46)) - raft.grpc.server.leader.outstanding.appends.max = 128 (default)
2023-09-08 11:20:58,413 [8f9fa227-a509-4f05-89e4-89393bf4f6e1@group-C1E63A429653-LeaderElection34] INFO  server.RaftServerConfigKeys (ConfUtils.java:logGet(46)) - raft.server.rpc.request.timeout = 60s (custom)
2023-09-08 11:20:58,413 [8f9fa227-a509-4f05-89e4-89393bf4f6e1@group-C1E63A429653-LeaderElection34] INFO  grpc.GrpcConfigKeys (ConfUtils.java:logGet(46)) - raft.grpc.server.install_snapshot.request.element-limit = 8 (default)
2023-09-08 11:20:58,413 [8f9fa227-a509-4f05-89e4-89393bf4f6e1@group-C1E63A429653-LeaderElection34] INFO  grpc.GrpcConfigKeys (ConfUtils.java:logGet(46)) - raft.grpc.server.install_snapshot.request.timeout = 3000ms (default)
2023-09-08 11:20:58,413 [8f9fa227-a509-4f05-89e4-89393bf4f6e1@group-C1E63A429653-LeaderElection34] INFO  server.RaftServerConfigKeys (ConfUtils.java:logGet(46)) - raft.server.log.appender.install.snapshot.enabled = false (custom)
2023-09-08 11:20:58,413 [8f9fa227-a509-4f05-89e4-89393bf4f6e1@group-C1E63A429653-LeaderElection34] INFO  grpc.GrpcConfigKeys (ConfUtils.java:logGet(46)) - raft.grpc.server.heartbeat.channel = true (default)
2023-09-08 11:20:58,413 [8f9fa227-a509-4f05-89e4-89393bf4f6e1@group-C1E63A429653-LeaderElection34] INFO  server.RaftServerConfigKeys (ConfUtils.java:logGet(46)) - raft.server.log.appender.snapshot.chunk.size.max = 16MB (=16777216) (default)
2023-09-08 11:20:58,413 [8f9fa227-a509-4f05-89e4-89393bf4f6e1@group-C1E63A429653-LeaderElection34] INFO  server.RaftServerConfigKeys (ConfUtils.java:logGet(46)) - raft.server.log.appender.buffer.byte-limit = 33554432 (custom)
2023-09-08 11:20:58,413 [8f9fa227-a509-4f05-89e4-89393bf4f6e1@group-C1E63A429653-LeaderElection34] INFO  server.RaftServerConfigKeys (ConfUtils.java:logGet(46)) - raft.server.log.appender.buffer.element-limit = 1 (custom)
2023-09-08 11:20:58,413 [8f9fa227-a509-4f05-89e4-89393bf4f6e1@group-C1E63A429653-LeaderElection34] INFO  server.RaftServerConfigKeys (ConfUtils.java:logGet(46)) - raft.server.log.appender.wait-time.min = 10ms (default)
2023-09-08 11:20:58,413 [8f9fa227-a509-4f05-89e4-89393bf4f6e1@group-C1E63A429653-LeaderElection34] INFO  grpc.GrpcConfigKeys (ConfUtils.java:logGet(46)) - raft.grpc.server.leader.outstanding.appends.max = 128 (default)
2023-09-08 11:20:58,413 [8f9fa227-a509-4f05-89e4-89393bf4f6e1@group-C1E63A429653-LeaderElection34] INFO  server.RaftServerConfigKeys (ConfUtils.java:logGet(46)) - raft.server.rpc.request.timeout = 60s (custom)
2023-09-08 11:20:58,414 [8f9fa227-a509-4f05-89e4-89393bf4f6e1@group-C1E63A429653-LeaderElection34] INFO  grpc.GrpcConfigKeys (ConfUtils.java:logGet(46)) - raft.grpc.server.install_snapshot.request.element-limit = 8 (default)
2023-09-08 11:20:58,414 [8f9fa227-a509-4f05-89e4-89393bf4f6e1@group-C1E63A429653-LeaderElection34] INFO  grpc.GrpcConfigKeys (ConfUtils.java:logGet(46)) - raft.grpc.server.install_snapshot.request.timeout = 3000ms (default)
2023-09-08 11:20:58,414 [8f9fa227-a509-4f05-89e4-89393bf4f6e1@group-C1E63A429653-LeaderElection34] INFO  server.RaftServerConfigKeys (ConfUtils.java:logGet(46)) - raft.server.log.appender.install.snapshot.enabled = false (custom)
2023-09-08 11:20:58,414 [8f9fa227-a509-4f05-89e4-89393bf4f6e1@group-C1E63A429653-LeaderElection34] INFO  grpc.GrpcConfigKeys (ConfUtils.java:logGet(46)) - raft.grpc.server.heartbeat.channel = true (default)
2023-09-08 11:20:58,414 [8f9fa227-a509-4f05-89e4-89393bf4f6e1@group-C1E63A429653-LeaderElection34] INFO  impl.RoleInfo (RoleInfo.java:updateAndGet(139)) - 8f9fa227-a509-4f05-89e4-89393bf4f6e1: start 8f9fa227-a509-4f05-89e4-89393bf4f6e1@group-C1E63A429653-LeaderStateImpl
2023-09-08 11:20:58,414 [8f9fa227-a509-4f05-89e4-89393bf4f6e1@group-C1E63A429653-LeaderElection34] INFO  segmented.SegmentedRaftLogWorker (SegmentedRaftLogWorker.java:startLogSegment(447)) - 8f9fa227-a509-4f05-89e4-89393bf4f6e1@group-C1E63A429653-SegmentedRaftLogWorker: Starting segment from index:0
2023-09-08 11:20:58,416 [8f9fa227-a509-4f05-89e4-89393bf4f6e1@group-C1E63A429653-SegmentedRaftLogWorker] INFO  segmented.SegmentedRaftLogWorker (SegmentedRaftLogWorker.java:execute(651)) - 8f9fa227-a509-4f05-89e4-89393bf4f6e1@group-C1E63A429653-SegmentedRaftLogWorker: created new log segment /home/runner/work/ozone/ozone/hadoop-ozone/integration-test/target/test-dir/MiniOzoneClusterImpl-b855b142-6583-46b6-8838-7b3da9243682/datanode-0/data/ratis/7400896a-f043-4aff-b7b6-c1e63a429653/current/log_inprogress_0
2023-09-08 11:20:58,417 [EventQueue-PipelineReportForPipelineReportHandler] INFO  pipeline.PipelineReportHandler (PipelineReportHandler.java:processPipelineReport(136)) - Opened pipeline PipelineID=7400896a-f043-4aff-b7b6-c1e63a429653
2023-09-08 11:20:58,422 [8f9fa227-a509-4f05-89e4-89393bf4f6e1@group-C1E63A429653-LeaderElection34] INFO  server.RaftServer$Division (ServerState.java:setRaftConf(434)) - 8f9fa227-a509-4f05-89e4-89393bf4f6e1@group-C1E63A429653: set configuration 0: peers:[7a683abd-c78e-4222-b82d-306c946a3e7e|rpc:10.1.0.72:15191|admin:10.1.0.72:15190|client:10.1.0.72:15189|dataStream:10.1.0.72:15192|priority:0|startupRole:FOLLOWER, 95dc1813-fd59-4f21-8387-058ccbf2ac19|rpc:10.1.0.72:15182|admin:10.1.0.72:15181|client:10.1.0.72:15180|dataStream:10.1.0.72:15183|priority:0|startupRole:FOLLOWER, 8f9fa227-a509-4f05-89e4-89393bf4f6e1|rpc:10.1.0.72:15173|admin:10.1.0.72:15172|client:10.1.0.72:15171|dataStream:10.1.0.72:15174|priority:1|startupRole:FOLLOWER]|listeners:[], old=null
2023-09-08 11:20:58,426 [7a683abd-c78e-4222-b82d-306c946a3e7e-server-thread1] INFO  ratis.XceiverServerRatis (XceiverServerRatis.java:handleLeaderChangedNotification(902)) - Leader change notification received for group: group-C1E63A429653 with new leaderId: 8f9fa227-a509-4f05-89e4-89393bf4f6e1
2023-09-08 11:20:58,426 [7a683abd-c78e-4222-b82d-306c946a3e7e-server-thread1] INFO  server.RaftServer$Division (ServerState.java:setLeader(317)) - 7a683abd-c78e-4222-b82d-306c946a3e7e@group-C1E63A429653: change Leader from null to 8f9fa227-a509-4f05-89e4-89393bf4f6e1 at term 1 for appendEntries, leader elected after 5169ms
2023-09-08 11:20:58,426 [95dc1813-fd59-4f21-8387-058ccbf2ac19-server-thread1] INFO  ratis.XceiverServerRatis (XceiverServerRatis.java:handleLeaderChangedNotification(902)) - Leader change notification received for group: group-C1E63A429653 with new leaderId: 8f9fa227-a509-4f05-89e4-89393bf4f6e1
2023-09-08 11:20:58,427 [95dc1813-fd59-4f21-8387-058ccbf2ac19-server-thread1] INFO  server.RaftServer$Division (ServerState.java:setLeader(317)) - 95dc1813-fd59-4f21-8387-058ccbf2ac19@group-C1E63A429653: change Leader from null to 8f9fa227-a509-4f05-89e4-89393bf4f6e1 at term 1 for appendEntries, leader elected after 5121ms
2023-09-08 11:20:58,433 [7a683abd-c78e-4222-b82d-306c946a3e7e-server-thread2] INFO  server.RaftServer$Division (ServerState.java:setRaftConf(434)) - 7a683abd-c78e-4222-b82d-306c946a3e7e@group-C1E63A429653: set configuration 0: peers:[7a683abd-c78e-4222-b82d-306c946a3e7e|rpc:10.1.0.72:15191|admin:10.1.0.72:15190|client:10.1.0.72:15189|dataStream:10.1.0.72:15192|priority:0|startupRole:FOLLOWER, 95dc1813-fd59-4f21-8387-058ccbf2ac19|rpc:10.1.0.72:15182|admin:10.1.0.72:15181|client:10.1.0.72:15180|dataStream:10.1.0.72:15183|priority:0|startupRole:FOLLOWER, 8f9fa227-a509-4f05-89e4-89393bf4f6e1|rpc:10.1.0.72:15173|admin:10.1.0.72:15172|client:10.1.0.72:15171|dataStream:10.1.0.72:15174|priority:1|startupRole:FOLLOWER]|listeners:[], old=null
2023-09-08 11:20:58,433 [7a683abd-c78e-4222-b82d-306c946a3e7e-server-thread2] INFO  segmented.SegmentedRaftLogWorker (SegmentedRaftLogWorker.java:startLogSegment(447)) - 7a683abd-c78e-4222-b82d-306c946a3e7e@group-C1E63A429653-SegmentedRaftLogWorker: Starting segment from index:0
2023-09-08 11:20:58,435 [7a683abd-c78e-4222-b82d-306c946a3e7e@group-C1E63A429653-SegmentedRaftLogWorker] INFO  segmented.SegmentedRaftLogWorker (SegmentedRaftLogWorker.java:execute(651)) - 7a683abd-c78e-4222-b82d-306c946a3e7e@group-C1E63A429653-SegmentedRaftLogWorker: created new log segment /home/runner/work/ozone/ozone/hadoop-ozone/integration-test/target/test-dir/MiniOzoneClusterImpl-b855b142-6583-46b6-8838-7b3da9243682/datanode-2/data/ratis/7400896a-f043-4aff-b7b6-c1e63a429653/current/log_inprogress_0
2023-09-08 11:20:58,438 [95dc1813-fd59-4f21-8387-058ccbf2ac19-server-thread2] INFO  server.RaftServer$Division (ServerState.java:setRaftConf(434)) - 95dc1813-fd59-4f21-8387-058ccbf2ac19@group-C1E63A429653: set configuration 0: peers:[7a683abd-c78e-4222-b82d-306c946a3e7e|rpc:10.1.0.72:15191|admin:10.1.0.72:15190|client:10.1.0.72:15189|dataStream:10.1.0.72:15192|priority:0|startupRole:FOLLOWER, 95dc1813-fd59-4f21-8387-058ccbf2ac19|rpc:10.1.0.72:15182|admin:10.1.0.72:15181|client:10.1.0.72:15180|dataStream:10.1.0.72:15183|priority:0|startupRole:FOLLOWER, 8f9fa227-a509-4f05-89e4-89393bf4f6e1|rpc:10.1.0.72:15173|admin:10.1.0.72:15172|client:10.1.0.72:15171|dataStream:10.1.0.72:15174|priority:1|startupRole:FOLLOWER]|listeners:[], old=null
2023-09-08 11:20:58,438 [95dc1813-fd59-4f21-8387-058ccbf2ac19-server-thread2] INFO  segmented.SegmentedRaftLogWorker (SegmentedRaftLogWorker.java:startLogSegment(447)) - 95dc1813-fd59-4f21-8387-058ccbf2ac19@group-C1E63A429653-SegmentedRaftLogWorker: Starting segment from index:0
2023-09-08 11:20:58,439 [95dc1813-fd59-4f21-8387-058ccbf2ac19@group-C1E63A429653-SegmentedRaftLogWorker] INFO  segmented.SegmentedRaftLogWorker (SegmentedRaftLogWorker.java:execute(651)) - 95dc1813-fd59-4f21-8387-058ccbf2ac19@group-C1E63A429653-SegmentedRaftLogWorker: created new log segment /home/runner/work/ozone/ozone/hadoop-ozone/integration-test/target/test-dir/MiniOzoneClusterImpl-b855b142-6583-46b6-8838-7b3da9243682/datanode-1/data/ratis/7400896a-f043-4aff-b7b6-c1e63a429653/current/log_inprogress_0
2023-09-08 11:20:58,526 [95dc1813-fd59-4f21-8387-058ccbf2ac19@group-F08605A5CE9E-FollowerState] INFO  impl.FollowerState (FollowerState.java:run(143)) - 95dc1813-fd59-4f21-8387-058ccbf2ac19@group-F08605A5CE9E-FollowerState: change to CANDIDATE, lastRpcElapsedTime:5176558522ns, electionTimeout:5167ms
2023-09-08 11:20:58,527 [95dc1813-fd59-4f21-8387-058ccbf2ac19@group-F08605A5CE9E-FollowerState] INFO  impl.RoleInfo (RoleInfo.java:shutdownFollowerState(110)) - 95dc1813-fd59-4f21-8387-058ccbf2ac19: shutdown 95dc1813-fd59-4f21-8387-058ccbf2ac19@group-F08605A5CE9E-FollowerState
2023-09-08 11:20:58,527 [95dc1813-fd59-4f21-8387-058ccbf2ac19@group-F08605A5CE9E-FollowerState] INFO  server.RaftServer$Division (RaftServerImpl.java:setRole(329)) - 95dc1813-fd59-4f21-8387-058ccbf2ac19@group-F08605A5CE9E: changes role from  FOLLOWER to CANDIDATE at term 0 for changeToCandidate
2023-09-08 11:20:58,527 [95dc1813-fd59-4f21-8387-058ccbf2ac19@group-F08605A5CE9E-FollowerState] INFO  server.RaftServerConfigKeys (ConfUtils.java:logGet(46)) - raft.server.leaderelection.pre-vote = true (default)
2023-09-08 11:20:58,527 [95dc1813-fd59-4f21-8387-058ccbf2ac19@group-F08605A5CE9E-FollowerState] INFO  impl.RoleInfo (RoleInfo.java:updateAndGet(139)) - 95dc1813-fd59-4f21-8387-058ccbf2ac19: start 95dc1813-fd59-4f21-8387-058ccbf2ac19@group-F08605A5CE9E-LeaderElection35
2023-09-08 11:20:58,533 [95dc1813-fd59-4f21-8387-058ccbf2ac19@group-F08605A5CE9E-LeaderElection35] INFO  impl.LeaderElection (LeaderElection.java:askForVotes(321)) - 95dc1813-fd59-4f21-8387-058ccbf2ac19@group-F08605A5CE9E-LeaderElection35 PRE_VOTE round 0: submit vote requests at term 0 for -1: peers:[95dc1813-fd59-4f21-8387-058ccbf2ac19|rpc:10.1.0.72:15182|admin:10.1.0.72:15181|client:10.1.0.72:15180|dataStream:10.1.0.72:15183|priority:1|startupRole:FOLLOWER]|listeners:[], old=null
2023-09-08 11:20:58,533 [95dc1813-fd59-4f21-8387-058ccbf2ac19@group-F08605A5CE9E-LeaderElection35] INFO  impl.LeaderElection (LeaderElection.java:askForVotes(323)) - 95dc1813-fd59-4f21-8387-058ccbf2ac19@group-F08605A5CE9E-LeaderElection35 PRE_VOTE round 0: result PASSED (term=0)
2023-09-08 11:20:58,534 [95dc1813-fd59-4f21-8387-058ccbf2ac19@group-F08605A5CE9E-LeaderElection35] INFO  impl.LeaderElection (LeaderElection.java:askForVotes(321)) - 95dc1813-fd59-4f21-8387-058ccbf2ac19@group-F08605A5CE9E-LeaderElection35 ELECTION round 0: submit vote requests at term 1 for -1: peers:[95dc1813-fd59-4f21-8387-058ccbf2ac19|rpc:10.1.0.72:15182|admin:10.1.0.72:15181|client:10.1.0.72:15180|dataStream:10.1.0.72:15183|priority:1|startupRole:FOLLOWER]|listeners:[], old=null
2023-09-08 11:20:58,534 [95dc1813-fd59-4f21-8387-058ccbf2ac19@group-F08605A5CE9E-LeaderElection35] INFO  impl.LeaderElection (LeaderElection.java:askForVotes(323)) - 95dc1813-fd59-4f21-8387-058ccbf2ac19@group-F08605A5CE9E-LeaderElection35 ELECTION round 0: result PASSED (term=1)
2023-09-08 11:20:58,535 [95dc1813-fd59-4f21-8387-058ccbf2ac19@group-F08605A5CE9E-LeaderElection35] INFO  impl.RoleInfo (RoleInfo.java:shutdownLeaderElection(130)) - 95dc1813-fd59-4f21-8387-058ccbf2ac19: shutdown 95dc1813-fd59-4f21-8387-058ccbf2ac19@group-F08605A5CE9E-LeaderElection35
2023-09-08 11:20:58,535 [95dc1813-fd59-4f21-8387-058ccbf2ac19@group-F08605A5CE9E-LeaderElection35] INFO  server.RaftServer$Division (RaftServerImpl.java:setRole(329)) - 95dc1813-fd59-4f21-8387-058ccbf2ac19@group-F08605A5CE9E: changes role from CANDIDATE to LEADER at term 1 for changeToLeader
2023-09-08 11:20:58,535 [95dc1813-fd59-4f21-8387-058ccbf2ac19@group-F08605A5CE9E-LeaderElection35] INFO  ratis.XceiverServerRatis (XceiverServerRatis.java:handleLeaderChangedNotification(902)) - Leader change notification received for group: group-F08605A5CE9E with new leaderId: 95dc1813-fd59-4f21-8387-058ccbf2ac19
2023-09-08 11:20:58,535 [95dc1813-fd59-4f21-8387-058ccbf2ac19@group-F08605A5CE9E-LeaderElection35] INFO  server.RaftServer$Division (ServerState.java:setLeader(317)) - 95dc1813-fd59-4f21-8387-058ccbf2ac19@group-F08605A5CE9E: change Leader from null to 95dc1813-fd59-4f21-8387-058ccbf2ac19 at term 1 for becomeLeader, leader elected after 5208ms
2023-09-08 11:20:58,535 [95dc1813-fd59-4f21-8387-058ccbf2ac19@group-F08605A5CE9E-LeaderElection35] INFO  server.RaftServerConfigKeys (ConfUtils.java:logGet(46)) - raft.server.staging.catchup.gap = 1000 (default)
2023-09-08 11:20:58,535 [95dc1813-fd59-4f21-8387-058ccbf2ac19@group-F08605A5CE9E-LeaderElection35] INFO  server.RaftServerConfigKeys (ConfUtils.java:logGet(46)) - raft.server.write.element-limit = 1024 (custom)
2023-09-08 11:20:58,535 [95dc1813-fd59-4f21-8387-058ccbf2ac19@group-F08605A5CE9E-LeaderElection35] INFO  server.RaftServerConfigKeys (ConfUtils.java:logGet(46)) - raft.server.write.byte-limit = 1024 M (=1073741824) (custom)
2023-09-08 11:20:58,535 [95dc1813-fd59-4f21-8387-058ccbf2ac19@group-F08605A5CE9E-LeaderElection35] INFO  server.RaftServerConfigKeys (ConfUtils.java:logGet(46)) - raft.server.watch.timeout = 180s (custom)
2023-09-08 11:20:58,536 [95dc1813-fd59-4f21-8387-058ccbf2ac19@group-F08605A5CE9E-LeaderElection35] INFO  server.RaftServerConfigKeys (ConfUtils.java:logGet(46)) - raft.server.watch.timeout.denomination = 1s (default)
2023-09-08 11:20:58,536 [95dc1813-fd59-4f21-8387-058ccbf2ac19@group-F08605A5CE9E-LeaderElection35] INFO  server.RaftServerConfigKeys (ConfUtils.java:logGet(46)) - raft.server.watch.element-limit = 65536 (default)
2023-09-08 11:20:58,536 [95dc1813-fd59-4f21-8387-058ccbf2ac19@group-F08605A5CE9E-LeaderElection35] INFO  server.RaftServerConfigKeys (ConfUtils.java:logGet(46)) - raft.server.write.element-limit = 1024 (custom)
2023-09-08 11:20:58,536 [95dc1813-fd59-4f21-8387-058ccbf2ac19@group-F08605A5CE9E-LeaderElection35] INFO  server.RaftServerConfigKeys (ConfUtils.java:logGet(46)) - raft.server.write.follower.gap.ratio.max = -1.0 (default)
2023-09-08 11:20:58,536 [95dc1813-fd59-4f21-8387-058ccbf2ac19@group-F08605A5CE9E-LeaderElection35] INFO  impl.RoleInfo (RoleInfo.java:updateAndGet(139)) - 95dc1813-fd59-4f21-8387-058ccbf2ac19: start 95dc1813-fd59-4f21-8387-058ccbf2ac19@group-F08605A5CE9E-LeaderStateImpl
2023-09-08 11:20:58,536 [95dc1813-fd59-4f21-8387-058ccbf2ac19@group-F08605A5CE9E-LeaderElection35] INFO  segmented.SegmentedRaftLogWorker (SegmentedRaftLogWorker.java:startLogSegment(447)) - 95dc1813-fd59-4f21-8387-058ccbf2ac19@group-F08605A5CE9E-SegmentedRaftLogWorker: Starting segment from index:0
2023-09-08 11:20:58,542 [95dc1813-fd59-4f21-8387-058ccbf2ac19@group-F08605A5CE9E-LeaderElection35] INFO  server.RaftServer$Division (ServerState.java:setRaftConf(434)) - 95dc1813-fd59-4f21-8387-058ccbf2ac19@group-F08605A5CE9E: set configuration 0: peers:[95dc1813-fd59-4f21-8387-058ccbf2ac19|rpc:10.1.0.72:15182|admin:10.1.0.72:15181|client:10.1.0.72:15180|dataStream:10.1.0.72:15183|priority:1|startupRole:FOLLOWER]|listeners:[], old=null
2023-09-08 11:20:58,543 [95dc1813-fd59-4f21-8387-058ccbf2ac19@group-F08605A5CE9E-SegmentedRaftLogWorker] INFO  segmented.SegmentedRaftLogWorker (SegmentedRaftLogWorker.java:execute(651)) - 95dc1813-fd59-4f21-8387-058ccbf2ac19@group-F08605A5CE9E-SegmentedRaftLogWorker: created new log segment /home/runner/work/ozone/ozone/hadoop-ozone/integration-test/target/test-dir/MiniOzoneClusterImpl-b855b142-6583-46b6-8838-7b3da9243682/datanode-1/data/ratis/373c7311-f913-419b-ad72-f08605a5ce9e/current/log_inprogress_0
2023-09-08 11:20:58,661 [7a683abd-c78e-4222-b82d-306c946a3e7e@group-E1884211AE1E-FollowerState] INFO  impl.FollowerState (FollowerState.java:run(143)) - 7a683abd-c78e-4222-b82d-306c946a3e7e@group-E1884211AE1E-FollowerState: change to CANDIDATE, lastRpcElapsedTime:5001076716ns, electionTimeout:5000ms
2023-09-08 11:20:58,661 [7a683abd-c78e-4222-b82d-306c946a3e7e@group-E1884211AE1E-FollowerState] INFO  impl.RoleInfo (RoleInfo.java:shutdownFollowerState(110)) - 7a683abd-c78e-4222-b82d-306c946a3e7e: shutdown 7a683abd-c78e-4222-b82d-306c946a3e7e@group-E1884211AE1E-FollowerState
2023-09-08 11:20:58,661 [7a683abd-c78e-4222-b82d-306c946a3e7e@group-E1884211AE1E-FollowerState] INFO  server.RaftServer$Division (RaftServerImpl.java:setRole(329)) - 7a683abd-c78e-4222-b82d-306c946a3e7e@group-E1884211AE1E: changes role from  FOLLOWER to CANDIDATE at term 0 for changeToCandidate
2023-09-08 11:20:58,662 [7a683abd-c78e-4222-b82d-306c946a3e7e@group-E1884211AE1E-FollowerState] INFO  server.RaftServerConfigKeys (ConfUtils.java:logGet(46)) - raft.server.leaderelection.pre-vote = true (default)
2023-09-08 11:20:58,662 [7a683abd-c78e-4222-b82d-306c946a3e7e@group-E1884211AE1E-FollowerState] INFO  impl.RoleInfo (RoleInfo.java:updateAndGet(139)) - 7a683abd-c78e-4222-b82d-306c946a3e7e: start 7a683abd-c78e-4222-b82d-306c946a3e7e@group-E1884211AE1E-LeaderElection36
2023-09-08 11:20:58,665 [7a683abd-c78e-4222-b82d-306c946a3e7e@group-E1884211AE1E-LeaderElection36] INFO  impl.LeaderElection (LeaderElection.java:askForVotes(321)) - 7a683abd-c78e-4222-b82d-306c946a3e7e@group-E1884211AE1E-LeaderElection36 PRE_VOTE round 0: submit vote requests at term 0 for -1: peers:[7a683abd-c78e-4222-b82d-306c946a3e7e|rpc:10.1.0.72:15191|admin:10.1.0.72:15190|client:10.1.0.72:15189|dataStream:10.1.0.72:15192|priority:1|startupRole:FOLLOWER]|listeners:[], old=null
2023-09-08 11:20:58,665 [7a683abd-c78e-4222-b82d-306c946a3e7e@group-E1884211AE1E-LeaderElection36] INFO  impl.LeaderElection (LeaderElection.java:askForVotes(323)) - 7a683abd-c78e-4222-b82d-306c946a3e7e@group-E1884211AE1E-LeaderElection36 PRE_VOTE round 0: result PASSED (term=0)
2023-09-08 11:20:58,666 [7a683abd-c78e-4222-b82d-306c946a3e7e@group-E1884211AE1E-LeaderElection36] INFO  impl.LeaderElection (LeaderElection.java:askForVotes(321)) - 7a683abd-c78e-4222-b82d-306c946a3e7e@group-E1884211AE1E-LeaderElection36 ELECTION round 0: submit vote requests at term 1 for -1: peers:[7a683abd-c78e-4222-b82d-306c946a3e7e|rpc:10.1.0.72:15191|admin:10.1.0.72:15190|client:10.1.0.72:15189|dataStream:10.1.0.72:15192|priority:1|startupRole:FOLLOWER]|listeners:[], old=null
2023-09-08 11:20:58,666 [7a683abd-c78e-4222-b82d-306c946a3e7e@group-E1884211AE1E-LeaderElection36] INFO  impl.LeaderElection (LeaderElection.java:askForVotes(323)) - 7a683abd-c78e-4222-b82d-306c946a3e7e@group-E1884211AE1E-LeaderElection36 ELECTION round 0: result PASSED (term=1)
2023-09-08 11:20:58,666 [7a683abd-c78e-4222-b82d-306c946a3e7e@group-E1884211AE1E-LeaderElection36] INFO  impl.RoleInfo (RoleInfo.java:shutdownLeaderElection(130)) - 7a683abd-c78e-4222-b82d-306c946a3e7e: shutdown 7a683abd-c78e-4222-b82d-306c946a3e7e@group-E1884211AE1E-LeaderElection36
2023-09-08 11:20:58,667 [7a683abd-c78e-4222-b82d-306c946a3e7e@group-E1884211AE1E-LeaderElection36] INFO  server.RaftServer$Division (RaftServerImpl.java:setRole(329)) - 7a683abd-c78e-4222-b82d-306c946a3e7e@group-E1884211AE1E: changes role from CANDIDATE to LEADER at term 1 for changeToLeader
2023-09-08 11:20:58,667 [7a683abd-c78e-4222-b82d-306c946a3e7e@group-E1884211AE1E-LeaderElection36] INFO  ratis.XceiverServerRatis (XceiverServerRatis.java:handleLeaderChangedNotification(902)) - Leader change notification received for group: group-E1884211AE1E with new leaderId: 7a683abd-c78e-4222-b82d-306c946a3e7e
2023-09-08 11:20:58,667 [7a683abd-c78e-4222-b82d-306c946a3e7e@group-E1884211AE1E-LeaderElection36] INFO  server.RaftServer$Division (ServerState.java:setLeader(317)) - 7a683abd-c78e-4222-b82d-306c946a3e7e@group-E1884211AE1E: change Leader from null to 7a683abd-c78e-4222-b82d-306c946a3e7e at term 1 for becomeLeader, leader elected after 5021ms
2023-09-08 11:20:58,667 [7a683abd-c78e-4222-b82d-306c946a3e7e@group-E1884211AE1E-LeaderElection36] INFO  server.RaftServerConfigKeys (ConfUtils.java:logGet(46)) - raft.server.staging.catchup.gap = 1000 (default)
2023-09-08 11:20:58,668 [7a683abd-c78e-4222-b82d-306c946a3e7e@group-E1884211AE1E-LeaderElection36] INFO  server.RaftServerConfigKeys (ConfUtils.java:logGet(46)) - raft.server.write.element-limit = 1024 (custom)
2023-09-08 11:20:58,668 [7a683abd-c78e-4222-b82d-306c946a3e7e@group-E1884211AE1E-LeaderElection36] INFO  server.RaftServerConfigKeys (ConfUtils.java:logGet(46)) - raft.server.write.byte-limit = 1024 M (=1073741824) (custom)
2023-09-08 11:20:58,669 [7a683abd-c78e-4222-b82d-306c946a3e7e@group-E1884211AE1E-LeaderElection36] INFO  server.RaftServerConfigKeys (ConfUtils.java:logGet(46)) - raft.server.watch.timeout = 180s (custom)
2023-09-08 11:20:58,669 [7a683abd-c78e-4222-b82d-306c946a3e7e@group-E1884211AE1E-LeaderElection36] INFO  server.RaftServerConfigKeys (ConfUtils.java:logGet(46)) - raft.server.watch.timeout.denomination = 1s (default)
2023-09-08 11:20:58,669 [7a683abd-c78e-4222-b82d-306c946a3e7e@group-E1884211AE1E-LeaderElection36] INFO  server.RaftServerConfigKeys (ConfUtils.java:logGet(46)) - raft.server.watch.element-limit = 65536 (default)
2023-09-08 11:20:58,669 [7a683abd-c78e-4222-b82d-306c946a3e7e@group-E1884211AE1E-LeaderElection36] INFO  server.RaftServerConfigKeys (ConfUtils.java:logGet(46)) - raft.server.write.element-limit = 1024 (custom)
2023-09-08 11:20:58,669 [7a683abd-c78e-4222-b82d-306c946a3e7e@group-E1884211AE1E-LeaderElection36] INFO  server.RaftServerConfigKeys (ConfUtils.java:logGet(46)) - raft.server.write.follower.gap.ratio.max = -1.0 (default)
2023-09-08 11:20:58,669 [7a683abd-c78e-4222-b82d-306c946a3e7e@group-E1884211AE1E-LeaderElection36] INFO  impl.RoleInfo (RoleInfo.java:updateAndGet(139)) - 7a683abd-c78e-4222-b82d-306c946a3e7e: start 7a683abd-c78e-4222-b82d-306c946a3e7e@group-E1884211AE1E-LeaderStateImpl
2023-09-08 11:20:58,669 [7a683abd-c78e-4222-b82d-306c946a3e7e@group-E1884211AE1E-LeaderElection36] INFO  segmented.SegmentedRaftLogWorker (SegmentedRaftLogWorker.java:startLogSegment(447)) - 7a683abd-c78e-4222-b82d-306c946a3e7e@group-E1884211AE1E-SegmentedRaftLogWorker: Starting segment from index:0
2023-09-08 11:20:58,670 [7a683abd-c78e-4222-b82d-306c946a3e7e@group-E1884211AE1E-LeaderElection36] INFO  server.RaftServer$Division (ServerState.java:setRaftConf(434)) - 7a683abd-c78e-4222-b82d-306c946a3e7e@group-E1884211AE1E: set configuration 0: peers:[7a683abd-c78e-4222-b82d-306c946a3e7e|rpc:10.1.0.72:15191|admin:10.1.0.72:15190|client:10.1.0.72:15189|dataStream:10.1.0.72:15192|priority:1|startupRole:FOLLOWER]|listeners:[], old=null
2023-09-08 11:20:58,671 [7a683abd-c78e-4222-b82d-306c946a3e7e@group-E1884211AE1E-SegmentedRaftLogWorker] INFO  segmented.SegmentedRaftLogWorker (SegmentedRaftLogWorker.java:execute(651)) - 7a683abd-c78e-4222-b82d-306c946a3e7e@group-E1884211AE1E-SegmentedRaftLogWorker: created new log segment /home/runner/work/ozone/ozone/hadoop-ozone/integration-test/target/test-dir/MiniOzoneClusterImpl-b855b142-6583-46b6-8838-7b3da9243682/datanode-2/data/ratis/897dfb88-7e43-42fa-85f3-e1884211ae1e/current/log_inprogress_0
2023-09-08 11:20:59,069 [8abc5b5b-9557-42e0-ad65-3a4f82792924@group-B092EB65F64D-FollowerState] INFO  impl.FollowerState (FollowerState.java:run(143)) - 8abc5b5b-9557-42e0-ad65-3a4f82792924@group-B092EB65F64D-FollowerState: change to CANDIDATE, lastRpcElapsedTime:5112968933ns, electionTimeout:5112ms
2023-09-08 11:20:59,069 [8abc5b5b-9557-42e0-ad65-3a4f82792924@group-B092EB65F64D-FollowerState] INFO  impl.RoleInfo (RoleInfo.java:shutdownFollowerState(110)) - 8abc5b5b-9557-42e0-ad65-3a4f82792924: shutdown 8abc5b5b-9557-42e0-ad65-3a4f82792924@group-B092EB65F64D-FollowerState
2023-09-08 11:20:59,069 [8abc5b5b-9557-42e0-ad65-3a4f82792924@group-B092EB65F64D-FollowerState] INFO  server.RaftServer$Division (RaftServerImpl.java:setRole(329)) - 8abc5b5b-9557-42e0-ad65-3a4f82792924@group-B092EB65F64D: changes role from  FOLLOWER to CANDIDATE at term 0 for changeToCandidate
2023-09-08 11:20:59,069 [8abc5b5b-9557-42e0-ad65-3a4f82792924@group-B092EB65F64D-FollowerState] INFO  server.RaftServerConfigKeys (ConfUtils.java:logGet(46)) - raft.server.leaderelection.pre-vote = true (default)
2023-09-08 11:20:59,069 [8abc5b5b-9557-42e0-ad65-3a4f82792924@group-B092EB65F64D-FollowerState] INFO  impl.RoleInfo (RoleInfo.java:updateAndGet(139)) - 8abc5b5b-9557-42e0-ad65-3a4f82792924: start 8abc5b5b-9557-42e0-ad65-3a4f82792924@group-B092EB65F64D-LeaderElection37
2023-09-08 11:20:59,072 [8abc5b5b-9557-42e0-ad65-3a4f82792924@group-B092EB65F64D-LeaderElection37] INFO  impl.LeaderElection (LeaderElection.java:askForVotes(321)) - 8abc5b5b-9557-42e0-ad65-3a4f82792924@group-B092EB65F64D-LeaderElection37 PRE_VOTE round 0: submit vote requests at term 0 for -1: peers:[8abc5b5b-9557-42e0-ad65-3a4f82792924|rpc:10.1.0.72:15200|admin:10.1.0.72:15199|client:10.1.0.72:15198|dataStream:10.1.0.72:15201|priority:1|startupRole:FOLLOWER]|listeners:[], old=null
2023-09-08 11:20:59,073 [8abc5b5b-9557-42e0-ad65-3a4f82792924@group-B092EB65F64D-LeaderElection37] INFO  impl.LeaderElection (LeaderElection.java:askForVotes(323)) - 8abc5b5b-9557-42e0-ad65-3a4f82792924@group-B092EB65F64D-LeaderElection37 PRE_VOTE round 0: result PASSED (term=0)
2023-09-08 11:20:59,074 [8abc5b5b-9557-42e0-ad65-3a4f82792924@group-B092EB65F64D-LeaderElection37] INFO  impl.LeaderElection (LeaderElection.java:askForVotes(321)) - 8abc5b5b-9557-42e0-ad65-3a4f82792924@group-B092EB65F64D-LeaderElection37 ELECTION round 0: submit vote requests at term 1 for -1: peers:[8abc5b5b-9557-42e0-ad65-3a4f82792924|rpc:10.1.0.72:15200|admin:10.1.0.72:15199|client:10.1.0.72:15198|dataStream:10.1.0.72:15201|priority:1|startupRole:FOLLOWER]|listeners:[], old=null
2023-09-08 11:20:59,074 [8abc5b5b-9557-42e0-ad65-3a4f82792924@group-B092EB65F64D-LeaderElection37] INFO  impl.LeaderElection (LeaderElection.java:askForVotes(323)) - 8abc5b5b-9557-42e0-ad65-3a4f82792924@group-B092EB65F64D-LeaderElection37 ELECTION round 0: result PASSED (term=1)
2023-09-08 11:20:59,075 [8abc5b5b-9557-42e0-ad65-3a4f82792924@group-B092EB65F64D-LeaderElection37] INFO  impl.RoleInfo (RoleInfo.java:shutdownLeaderElection(130)) - 8abc5b5b-9557-42e0-ad65-3a4f82792924: shutdown 8abc5b5b-9557-42e0-ad65-3a4f82792924@group-B092EB65F64D-LeaderElection37
2023-09-08 11:20:59,075 [8abc5b5b-9557-42e0-ad65-3a4f82792924@group-B092EB65F64D-LeaderElection37] INFO  server.RaftServer$Division (RaftServerImpl.java:setRole(329)) - 8abc5b5b-9557-42e0-ad65-3a4f82792924@group-B092EB65F64D: changes role from CANDIDATE to LEADER at term 1 for changeToLeader
2023-09-08 11:20:59,075 [8abc5b5b-9557-42e0-ad65-3a4f82792924@group-B092EB65F64D-LeaderElection37] INFO  ratis.XceiverServerRatis (XceiverServerRatis.java:handleLeaderChangedNotification(902)) - Leader change notification received for group: group-B092EB65F64D with new leaderId: 8abc5b5b-9557-42e0-ad65-3a4f82792924
2023-09-08 11:20:59,075 [8abc5b5b-9557-42e0-ad65-3a4f82792924@group-B092EB65F64D-LeaderElection37] INFO  server.RaftServer$Division (ServerState.java:setLeader(317)) - 8abc5b5b-9557-42e0-ad65-3a4f82792924@group-B092EB65F64D: change Leader from null to 8abc5b5b-9557-42e0-ad65-3a4f82792924 at term 1 for becomeLeader, leader elected after 5134ms
2023-09-08 11:20:59,075 [8abc5b5b-9557-42e0-ad65-3a4f82792924@group-B092EB65F64D-LeaderElection37] INFO  server.RaftServerConfigKeys (ConfUtils.java:logGet(46)) - raft.server.staging.catchup.gap = 1000 (default)
2023-09-08 11:20:59,075 [8abc5b5b-9557-42e0-ad65-3a4f82792924@group-B092EB65F64D-LeaderElection37] INFO  server.RaftServerConfigKeys (ConfUtils.java:logGet(46)) - raft.server.write.element-limit = 1024 (custom)
2023-09-08 11:20:59,075 [8abc5b5b-9557-42e0-ad65-3a4f82792924@group-B092EB65F64D-LeaderElection37] INFO  server.RaftServerConfigKeys (ConfUtils.java:logGet(46)) - raft.server.write.byte-limit = 1024 M (=1073741824) (custom)
2023-09-08 11:20:59,076 [8abc5b5b-9557-42e0-ad65-3a4f82792924@group-B092EB65F64D-LeaderElection37] INFO  server.RaftServerConfigKeys (ConfUtils.java:logGet(46)) - raft.server.watch.timeout = 180s (custom)
2023-09-08 11:20:59,076 [8abc5b5b-9557-42e0-ad65-3a4f82792924@group-B092EB65F64D-LeaderElection37] INFO  server.RaftServerConfigKeys (ConfUtils.java:logGet(46)) - raft.server.watch.timeout.denomination = 1s (default)
2023-09-08 11:20:59,076 [8abc5b5b-9557-42e0-ad65-3a4f82792924@group-B092EB65F64D-LeaderElection37] INFO  server.RaftServerConfigKeys (ConfUtils.java:logGet(46)) - raft.server.watch.element-limit = 65536 (default)
2023-09-08 11:20:59,076 [8abc5b5b-9557-42e0-ad65-3a4f82792924@group-B092EB65F64D-LeaderElection37] INFO  server.RaftServerConfigKeys (ConfUtils.java:logGet(46)) - raft.server.write.element-limit = 1024 (custom)
2023-09-08 11:20:59,076 [8abc5b5b-9557-42e0-ad65-3a4f82792924@group-B092EB65F64D-LeaderElection37] INFO  server.RaftServerConfigKeys (ConfUtils.java:logGet(46)) - raft.server.write.follower.gap.ratio.max = -1.0 (default)
2023-09-08 11:20:59,076 [8abc5b5b-9557-42e0-ad65-3a4f82792924@group-B092EB65F64D-LeaderElection37] INFO  impl.RoleInfo (RoleInfo.java:updateAndGet(139)) - 8abc5b5b-9557-42e0-ad65-3a4f82792924: start 8abc5b5b-9557-42e0-ad65-3a4f82792924@group-B092EB65F64D-LeaderStateImpl
2023-09-08 11:20:59,076 [8abc5b5b-9557-42e0-ad65-3a4f82792924@group-B092EB65F64D-LeaderElection37] INFO  segmented.SegmentedRaftLogWorker (SegmentedRaftLogWorker.java:startLogSegment(447)) - 8abc5b5b-9557-42e0-ad65-3a4f82792924@group-B092EB65F64D-SegmentedRaftLogWorker: Starting segment from index:0
2023-09-08 11:20:59,077 [8abc5b5b-9557-42e0-ad65-3a4f82792924@group-B092EB65F64D-LeaderElection37] INFO  server.RaftServer$Division (ServerState.java:setRaftConf(434)) - 8abc5b5b-9557-42e0-ad65-3a4f82792924@group-B092EB65F64D: set configuration 0: peers:[8abc5b5b-9557-42e0-ad65-3a4f82792924|rpc:10.1.0.72:15200|admin:10.1.0.72:15199|client:10.1.0.72:15198|dataStream:10.1.0.72:15201|priority:1|startupRole:FOLLOWER]|listeners:[], old=null
2023-09-08 11:20:59,078 [8abc5b5b-9557-42e0-ad65-3a4f82792924@group-B092EB65F64D-SegmentedRaftLogWorker] INFO  segmented.SegmentedRaftLogWorker (SegmentedRaftLogWorker.java:execute(651)) - 8abc5b5b-9557-42e0-ad65-3a4f82792924@group-B092EB65F64D-SegmentedRaftLogWorker: created new log segment /home/runner/work/ozone/ozone/hadoop-ozone/integration-test/target/test-dir/MiniOzoneClusterImpl-b855b142-6583-46b6-8838-7b3da9243682/datanode-3/data/ratis/d9cff193-a2f6-4520-8ba1-b092eb65f64d/current/log_inprogress_0
2023-09-08 11:20:59,278 [main] INFO  ozone.MiniOzoneClusterImpl (MiniOzoneClusterImpl.java:lambda$waitForClusterToBeReady$0(224)) - Nodes are ready. Got 5 of 5 DN Heartbeats.
2023-09-08 11:20:59,278 [main] INFO  ozone.MiniOzoneClusterImpl (MiniOzoneClusterImpl.java:lambda$waitForClusterToBeReady$0(227)) - Cluster exits safe mode
2023-09-08 11:20:59,278 [main] INFO  ozone.MiniOzoneClusterImpl (MiniOzoneClusterImpl.java:lambda$waitForClusterToBeReady$0(229)) - SCM became leader
2023-09-08 11:20:59,314 [main] INFO  rpc.RpcClient (RpcClient.java:createVolume(461)) - Creating Volume: volume69610, with user12478 as owner and space quota set to -1 bytes, counts quota set to -1
2023-09-08 11:20:59,316 [IPC Server handler 3 on default port 15163] INFO  volume.OMVolumeCreateRequest (OMVolumeCreateRequest.java:validateAndUpdateCache(196)) - created volume:volume69610 for user:user12478
2023-09-08 11:20:59,318 [main] INFO  rpc.RpcClient (RpcClient.java:createBucket(688)) - Creating Bucket: volume69610/bucket82402, with bucket layout LEGACY, runner as owner, Versioning false, Storage Type set to DISK and Encryption set to false, Replication Type set to server-side default replication type, Namespace Quota set to -1, Space Quota set to -1 
2023-09-08 11:20:59,320 [IPC Server handler 1 on default port 15163] INFO  bucket.OMBucketCreateRequest (OMBucketCreateRequest.java:validateAndUpdateCache(270)) - created bucket: bucket82402 of layout LEGACY in volume: volume69610
]]></system-out>
  </testcase>
  <testcase name="testSeekOnFileLength" classname="TestOzoneFileSystem" time="1.047">
    <system-out><![CDATA[2023-09-08 11:16:35,911 [IPC Server handler 1 on default port 15001] INFO  ha.SequenceIdGenerator (SequenceIdGenerator.java:getNextId(140)) - Allocate a batch for containerId, change lastId from 0 to 1000.
2023-09-08 11:16:35,943 [IPC Server handler 1 on default port 15001] WARN  ha.SequenceIdGenerator (SequenceIdGenerator.java:allocateBatch(253)) - Failed to allocate a batch for localId, expected lastId is 0, actual lastId is 111677748019200000.
2023-09-08 11:16:35,944 [IPC Server handler 1 on default port 15001] INFO  ha.SequenceIdGenerator (SequenceIdGenerator.java:getNextId(140)) - Allocate a batch for localId, change lastId from 111677748019200000 to 111677748019201000.
2023-09-08 11:16:36,106 [Time-limited test] INFO  impl.MetricsSystemImpl (MetricsSystemImpl.java:init(158)) - XceiverClientMetrics metrics system started (again)
2023-09-08 11:16:36,106 [Time-limited test] INFO  lib.Interns (Interns.java:removeEldestEntry(50)) - Metrics intern cache overflow at 2011 for MetricsSystem={MetricsSystem=MetricsInfoImpl{name=MetricsSystem, description=MetricsSystem}, MetricsSystem record=MetricsInfoImpl{name=MetricsSystem, description=MetricsSystem record}}
2023-09-08 11:16:36,803 [IPC Server handler 1 on default port 15001] WARN  node.SCMNodeManager (SCMNodeManager.java:getNodesByAddress(1373)) - Cannot find node for address 127.0.0.1
11:16:36.847 [IPC Server handler 3 on default port 15004] ERROR OMAudit - user=runner | ip=127.0.0.1 | op=READ_KEY {volume=volume76163, bucket=bucket78113, key=file_notexist, dataSize=0, replicationConfig=null} | ret=FAILURE
org.apache.hadoop.ozone.om.exceptions.OMException: Key:file_notexist not found
	at org.apache.hadoop.ozone.om.KeyManagerImpl.readKeyInfo(KeyManagerImpl.java:427) ~[ozone-manager-1.4.0-SNAPSHOT.jar:?]
	at org.apache.hadoop.ozone.om.KeyManagerImpl.lambda$9(KeyManagerImpl.java:1931) ~[ozone-manager-1.4.0-SNAPSHOT.jar:?]
	at org.apache.hadoop.util.MetricUtil.captureLatencyNs(MetricUtil.java:39) ~[hdds-common-1.4.0-SNAPSHOT.jar:?]
	at org.apache.hadoop.ozone.om.KeyManagerImpl.getKeyInfo(KeyManagerImpl.java:1929) ~[ozone-manager-1.4.0-SNAPSHOT.jar:?]
	at org.apache.hadoop.ozone.om.OmMetadataReader.getKeyInfo(OmMetadataReader.java:185) ~[ozone-manager-1.4.0-SNAPSHOT.jar:?]
	at org.apache.hadoop.ozone.om.OzoneManager.getKeyInfo(OzoneManager.java:2827) ~[ozone-manager-1.4.0-SNAPSHOT.jar:?]
	at org.apache.hadoop.ozone.protocolPB.OzoneManagerRequestHandler.getKeyInfo(OzoneManagerRequestHandler.java:585) ~[ozone-manager-1.4.0-SNAPSHOT.jar:?]
	at org.apache.hadoop.ozone.protocolPB.OzoneManagerRequestHandler.handleReadRequest(OzoneManagerRequestHandler.java:304) ~[ozone-manager-1.4.0-SNAPSHOT.jar:?]
	at org.apache.hadoop.ozone.protocolPB.OzoneManagerProtocolServerSideTranslatorPB.submitReadRequestToOM(OzoneManagerProtocolServerSideTranslatorPB.java:225) ~[ozone-manager-1.4.0-SNAPSHOT.jar:?]
	at org.apache.hadoop.ozone.protocolPB.OzoneManagerProtocolServerSideTranslatorPB.processRequest(OzoneManagerProtocolServerSideTranslatorPB.java:179) ~[ozone-manager-1.4.0-SNAPSHOT.jar:?]
	at org.apache.hadoop.hdds.server.OzoneProtocolMessageDispatcher.processRequest(OzoneProtocolMessageDispatcher.java:87) [hdds-server-framework-1.4.0-SNAPSHOT.jar:?]
	at org.apache.hadoop.ozone.protocolPB.OzoneManagerProtocolServerSideTranslatorPB.submitRequest(OzoneManagerProtocolServerSideTranslatorPB.java:148) [ozone-manager-1.4.0-SNAPSHOT.jar:?]
	at org.apache.hadoop.ozone.protocol.proto.OzoneManagerProtocolProtos$OzoneManagerService$2.callBlockingMethod(OzoneManagerProtocolProtos.java) [ozone-interface-client-1.4.0-SNAPSHOT.jar:?]
	at org.apache.hadoop.ipc.ProtobufRpcEngine$Server.processCall(ProtobufRpcEngine.java:484) [hadoop-common-3.3.6.jar:?]
	at org.apache.hadoop.ipc.ProtobufRpcEngine2$Server$ProtoBufRpcInvoker.call(ProtobufRpcEngine2.java:595) [hadoop-common-3.3.6.jar:?]
	at org.apache.hadoop.ipc.ProtobufRpcEngine2$Server$ProtoBufRpcInvoker.call(ProtobufRpcEngine2.java:573) [hadoop-common-3.3.6.jar:?]
	at org.apache.hadoop.ipc.RPC$Server.call(RPC.java:1227) [hadoop-common-3.3.6.jar:?]
	at org.apache.hadoop.ipc.Server$RpcCall.run(Server.java:1094) [hadoop-common-3.3.6.jar:?]
	at org.apache.hadoop.ipc.Server$RpcCall.run(Server.java:1017) [hadoop-common-3.3.6.jar:?]
	at java.security.AccessController.doPrivileged(Native Method) ~[?:1.8.0_382]
	at javax.security.auth.Subject.doAs(Subject.java:422) [?:1.8.0_382]
	at org.apache.hadoop.security.UserGroupInformation.doAs(UserGroupInformation.java:1899) [hadoop-common-3.3.6.jar:?]
	at org.apache.hadoop.ipc.Server$Handler.run(Server.java:3048) [hadoop-common-3.3.6.jar:?]
]]></system-out>
  </testcase>
  <testcase name="testSeekOnFileLength" classname="TestOzoneFileSystem" time="0.193">
    <system-out><![CDATA[2023-09-08 11:18:15,174 [IPC Server handler 1 on default port 15054] INFO  ha.SequenceIdGenerator (SequenceIdGenerator.java:getNextId(140)) - Allocate a batch for containerId, change lastId from 0 to 1000.
2023-09-08 11:18:15,175 [IPC Server handler 1 on default port 15054] WARN  ha.SequenceIdGenerator (SequenceIdGenerator.java:allocateBatch(253)) - Failed to allocate a batch for localId, expected lastId is 0, actual lastId is 111677748019200000.
2023-09-08 11:18:15,175 [IPC Server handler 1 on default port 15054] INFO  ha.SequenceIdGenerator (SequenceIdGenerator.java:getNextId(140)) - Allocate a batch for localId, change lastId from 111677748019200000 to 111677748019201000.
2023-09-08 11:18:15,322 [IPC Server handler 18 on default port 15054] WARN  node.SCMNodeManager (SCMNodeManager.java:getNodesByAddress(1373)) - Cannot find node for address 127.0.0.1
11:18:15.332 [IPC Server handler 10 on default port 15057] ERROR OMAudit - user=runner | ip=127.0.0.1 | op=READ_KEY {volume=volume79664, bucket=bucket82507, key=file_notexist, dataSize=0, replicationConfig=null} | ret=FAILURE
org.apache.hadoop.ozone.om.exceptions.OMException: Key:file_notexist not found
	at org.apache.hadoop.ozone.om.KeyManagerImpl.readKeyInfo(KeyManagerImpl.java:427) ~[ozone-manager-1.4.0-SNAPSHOT.jar:?]
	at org.apache.hadoop.ozone.om.KeyManagerImpl.lambda$9(KeyManagerImpl.java:1931) ~[ozone-manager-1.4.0-SNAPSHOT.jar:?]
	at org.apache.hadoop.util.MetricUtil.captureLatencyNs(MetricUtil.java:39) ~[hdds-common-1.4.0-SNAPSHOT.jar:?]
	at org.apache.hadoop.ozone.om.KeyManagerImpl.getKeyInfo(KeyManagerImpl.java:1929) ~[ozone-manager-1.4.0-SNAPSHOT.jar:?]
	at org.apache.hadoop.ozone.om.OmMetadataReader.getKeyInfo(OmMetadataReader.java:185) ~[ozone-manager-1.4.0-SNAPSHOT.jar:?]
	at org.apache.hadoop.ozone.om.OzoneManager.getKeyInfo(OzoneManager.java:2827) ~[ozone-manager-1.4.0-SNAPSHOT.jar:?]
	at org.apache.hadoop.ozone.protocolPB.OzoneManagerRequestHandler.getKeyInfo(OzoneManagerRequestHandler.java:585) ~[ozone-manager-1.4.0-SNAPSHOT.jar:?]
	at org.apache.hadoop.ozone.protocolPB.OzoneManagerRequestHandler.handleReadRequest(OzoneManagerRequestHandler.java:304) ~[ozone-manager-1.4.0-SNAPSHOT.jar:?]
	at org.apache.hadoop.ozone.protocolPB.OzoneManagerProtocolServerSideTranslatorPB.submitRequestDirectlyToOM(OzoneManagerProtocolServerSideTranslatorPB.java:274) ~[ozone-manager-1.4.0-SNAPSHOT.jar:?]
	at org.apache.hadoop.ozone.protocolPB.OzoneManagerProtocolServerSideTranslatorPB.processRequest(OzoneManagerProtocolServerSideTranslatorPB.java:175) ~[ozone-manager-1.4.0-SNAPSHOT.jar:?]
	at org.apache.hadoop.hdds.server.OzoneProtocolMessageDispatcher.processRequest(OzoneProtocolMessageDispatcher.java:87) [hdds-server-framework-1.4.0-SNAPSHOT.jar:?]
	at org.apache.hadoop.ozone.protocolPB.OzoneManagerProtocolServerSideTranslatorPB.submitRequest(OzoneManagerProtocolServerSideTranslatorPB.java:148) [ozone-manager-1.4.0-SNAPSHOT.jar:?]
	at org.apache.hadoop.ozone.protocol.proto.OzoneManagerProtocolProtos$OzoneManagerService$2.callBlockingMethod(OzoneManagerProtocolProtos.java) [ozone-interface-client-1.4.0-SNAPSHOT.jar:?]
	at org.apache.hadoop.ipc.ProtobufRpcEngine$Server.processCall(ProtobufRpcEngine.java:484) [hadoop-common-3.3.6.jar:?]
	at org.apache.hadoop.ipc.ProtobufRpcEngine2$Server$ProtoBufRpcInvoker.call(ProtobufRpcEngine2.java:595) [hadoop-common-3.3.6.jar:?]
	at org.apache.hadoop.ipc.ProtobufRpcEngine2$Server$ProtoBufRpcInvoker.call(ProtobufRpcEngine2.java:573) [hadoop-common-3.3.6.jar:?]
	at org.apache.hadoop.ipc.RPC$Server.call(RPC.java:1227) [hadoop-common-3.3.6.jar:?]
	at org.apache.hadoop.ipc.Server$RpcCall.run(Server.java:1094) [hadoop-common-3.3.6.jar:?]
	at org.apache.hadoop.ipc.Server$RpcCall.run(Server.java:1017) [hadoop-common-3.3.6.jar:?]
	at java.security.AccessController.doPrivileged(Native Method) ~[?:1.8.0_382]
	at javax.security.auth.Subject.doAs(Subject.java:422) [?:1.8.0_382]
	at org.apache.hadoop.security.UserGroupInformation.doAs(UserGroupInformation.java:1899) [hadoop-common-3.3.6.jar:?]
	at org.apache.hadoop.ipc.Server$Handler.run(Server.java:3048) [hadoop-common-3.3.6.jar:?]
]]></system-out>
  </testcase>
  <testcase name="testSeekOnFileLength" classname="TestOzoneFileSystem" time="0.209">
    <failure type="java.lang.AssertionError"><![CDATA[java.lang.AssertionError: Delete root failed! expected:<0> but was:<1>
	at org.junit.Assert.fail(Assert.java:89)
	at org.junit.Assert.failNotEquals(Assert.java:835)
	at org.junit.Assert.assertEquals(Assert.java:647)
	at org.apache.hadoop.fs.ozone.TestOzoneFileSystem.deleteRootDir(TestOzoneFileSystem.java:811)
	at org.apache.hadoop.fs.ozone.TestOzoneFileSystem.cleanup(TestOzoneFileSystem.java:231)
	at sun.reflect.GeneratedMethodAccessor47.invoke(Unknown Source)
	at sun.reflect.DelegatingMethodAccessorImpl.invoke(DelegatingMethodAccessorImpl.java:43)
	at java.lang.reflect.Method.invoke(Method.java:498)
	at org.junit.runners.model.FrameworkMethod$1.runReflectiveCall(FrameworkMethod.java:59)
	at org.junit.internal.runners.model.ReflectiveCallable.run(ReflectiveCallable.java:12)
	at org.junit.runners.model.FrameworkMethod.invokeExplosively(FrameworkMethod.java:56)
	at org.junit.internal.runners.statements.RunAfters.invokeMethod(RunAfters.java:46)
	at org.junit.internal.runners.statements.RunAfters.evaluate(RunAfters.java:33)
	at org.junit.internal.runners.statements.FailOnTimeout$CallableStatement.call(FailOnTimeout.java:288)
	at org.junit.internal.runners.statements.FailOnTimeout$CallableStatement.call(FailOnTimeout.java:282)
	at java.util.concurrent.FutureTask.run(FutureTask.java:266)
	at java.lang.Thread.run(Thread.java:750)
]]></failure>
    <system-out><![CDATA[2023-09-08 11:19:33,333 [IPC Server handler 0 on default port 15107] INFO  ha.SequenceIdGenerator (SequenceIdGenerator.java:getNextId(140)) - Allocate a batch for containerId, change lastId from 0 to 1000.
2023-09-08 11:19:33,333 [IPC Server handler 0 on default port 15107] WARN  ha.SequenceIdGenerator (SequenceIdGenerator.java:allocateBatch(253)) - Failed to allocate a batch for localId, expected lastId is 0, actual lastId is 111677748019200000.
2023-09-08 11:19:33,334 [IPC Server handler 0 on default port 15107] INFO  ha.SequenceIdGenerator (SequenceIdGenerator.java:getNextId(140)) - Allocate a batch for localId, change lastId from 111677748019200000 to 111677748019201000.
2023-09-08 11:19:33,462 [86b604ca-d593-47c1-a869-330a99737efc@group-E5C8CE52E2CD-FollowerState] INFO  impl.FollowerState (FollowerState.java:run(143)) - 86b604ca-d593-47c1-a869-330a99737efc@group-E5C8CE52E2CD-FollowerState: change to CANDIDATE, lastRpcElapsedTime:5030706848ns, electionTimeout:5030ms
2023-09-08 11:19:33,462 [86b604ca-d593-47c1-a869-330a99737efc@group-E5C8CE52E2CD-FollowerState] INFO  impl.RoleInfo (RoleInfo.java:shutdownFollowerState(110)) - 86b604ca-d593-47c1-a869-330a99737efc: shutdown 86b604ca-d593-47c1-a869-330a99737efc@group-E5C8CE52E2CD-FollowerState
2023-09-08 11:19:33,462 [86b604ca-d593-47c1-a869-330a99737efc@group-E5C8CE52E2CD-FollowerState] INFO  server.RaftServer$Division (RaftServerImpl.java:setRole(329)) - 86b604ca-d593-47c1-a869-330a99737efc@group-E5C8CE52E2CD: changes role from  FOLLOWER to CANDIDATE at term 0 for changeToCandidate
2023-09-08 11:19:33,462 [86b604ca-d593-47c1-a869-330a99737efc@group-E5C8CE52E2CD-FollowerState] INFO  server.RaftServerConfigKeys (ConfUtils.java:logGet(46)) - raft.server.leaderelection.pre-vote = true (default)
2023-09-08 11:19:33,462 [86b604ca-d593-47c1-a869-330a99737efc@group-E5C8CE52E2CD-FollowerState] INFO  impl.RoleInfo (RoleInfo.java:updateAndGet(139)) - 86b604ca-d593-47c1-a869-330a99737efc: start 86b604ca-d593-47c1-a869-330a99737efc@group-E5C8CE52E2CD-LeaderElection27
2023-09-08 11:19:33,482 [86b604ca-d593-47c1-a869-330a99737efc@group-E5C8CE52E2CD-LeaderElection27] INFO  impl.LeaderElection (LeaderElection.java:askForVotes(321)) - 86b604ca-d593-47c1-a869-330a99737efc@group-E5C8CE52E2CD-LeaderElection27 PRE_VOTE round 0: submit vote requests at term 0 for -1: peers:[86b604ca-d593-47c1-a869-330a99737efc|rpc:10.1.0.72:15138|admin:10.1.0.72:15137|client:10.1.0.72:15136|dataStream:10.1.0.72:15139|priority:1|startupRole:FOLLOWER]|listeners:[], old=null
2023-09-08 11:19:33,482 [86b604ca-d593-47c1-a869-330a99737efc@group-E5C8CE52E2CD-LeaderElection27] INFO  impl.LeaderElection (LeaderElection.java:askForVotes(323)) - 86b604ca-d593-47c1-a869-330a99737efc@group-E5C8CE52E2CD-LeaderElection27 PRE_VOTE round 0: result PASSED (term=0)
2023-09-08 11:19:33,489 [86b604ca-d593-47c1-a869-330a99737efc@group-E5C8CE52E2CD-LeaderElection27] INFO  impl.LeaderElection (LeaderElection.java:askForVotes(321)) - 86b604ca-d593-47c1-a869-330a99737efc@group-E5C8CE52E2CD-LeaderElection27 ELECTION round 0: submit vote requests at term 1 for -1: peers:[86b604ca-d593-47c1-a869-330a99737efc|rpc:10.1.0.72:15138|admin:10.1.0.72:15137|client:10.1.0.72:15136|dataStream:10.1.0.72:15139|priority:1|startupRole:FOLLOWER]|listeners:[], old=null
2023-09-08 11:19:33,490 [86b604ca-d593-47c1-a869-330a99737efc@group-E5C8CE52E2CD-LeaderElection27] INFO  impl.LeaderElection (LeaderElection.java:askForVotes(323)) - 86b604ca-d593-47c1-a869-330a99737efc@group-E5C8CE52E2CD-LeaderElection27 ELECTION round 0: result PASSED (term=1)
2023-09-08 11:19:33,490 [86b604ca-d593-47c1-a869-330a99737efc@group-E5C8CE52E2CD-LeaderElection27] INFO  impl.RoleInfo (RoleInfo.java:shutdownLeaderElection(130)) - 86b604ca-d593-47c1-a869-330a99737efc: shutdown 86b604ca-d593-47c1-a869-330a99737efc@group-E5C8CE52E2CD-LeaderElection27
2023-09-08 11:19:33,490 [86b604ca-d593-47c1-a869-330a99737efc@group-E5C8CE52E2CD-LeaderElection27] INFO  server.RaftServer$Division (RaftServerImpl.java:setRole(329)) - 86b604ca-d593-47c1-a869-330a99737efc@group-E5C8CE52E2CD: changes role from CANDIDATE to LEADER at term 1 for changeToLeader
2023-09-08 11:19:33,490 [86b604ca-d593-47c1-a869-330a99737efc@group-E5C8CE52E2CD-LeaderElection27] INFO  ratis.XceiverServerRatis (XceiverServerRatis.java:handleLeaderChangedNotification(902)) - Leader change notification received for group: group-E5C8CE52E2CD with new leaderId: 86b604ca-d593-47c1-a869-330a99737efc
2023-09-08 11:19:33,490 [86b604ca-d593-47c1-a869-330a99737efc@group-E5C8CE52E2CD-LeaderElection27] INFO  server.RaftServer$Division (ServerState.java:setLeader(317)) - 86b604ca-d593-47c1-a869-330a99737efc@group-E5C8CE52E2CD: change Leader from null to 86b604ca-d593-47c1-a869-330a99737efc at term 1 for becomeLeader, leader elected after 5072ms
2023-09-08 11:19:33,490 [86b604ca-d593-47c1-a869-330a99737efc@group-E5C8CE52E2CD-LeaderElection27] INFO  server.RaftServerConfigKeys (ConfUtils.java:logGet(46)) - raft.server.staging.catchup.gap = 1000 (default)
2023-09-08 11:19:33,490 [86b604ca-d593-47c1-a869-330a99737efc@group-E5C8CE52E2CD-LeaderElection27] INFO  server.RaftServerConfigKeys (ConfUtils.java:logGet(46)) - raft.server.write.element-limit = 1024 (custom)
2023-09-08 11:19:33,490 [86b604ca-d593-47c1-a869-330a99737efc@group-E5C8CE52E2CD-LeaderElection27] INFO  server.RaftServerConfigKeys (ConfUtils.java:logGet(46)) - raft.server.write.byte-limit = 1024 M (=1073741824) (custom)
2023-09-08 11:19:33,494 [86b604ca-d593-47c1-a869-330a99737efc@group-E5C8CE52E2CD-LeaderElection27] INFO  server.RaftServerConfigKeys (ConfUtils.java:logGet(46)) - raft.server.watch.timeout = 180s (custom)
2023-09-08 11:19:33,496 [86b604ca-d593-47c1-a869-330a99737efc@group-E5C8CE52E2CD-LeaderElection27] INFO  server.RaftServerConfigKeys (ConfUtils.java:logGet(46)) - raft.server.watch.timeout.denomination = 1s (default)
2023-09-08 11:19:33,496 [86b604ca-d593-47c1-a869-330a99737efc@group-E5C8CE52E2CD-LeaderElection27] INFO  server.RaftServerConfigKeys (ConfUtils.java:logGet(46)) - raft.server.watch.element-limit = 65536 (default)
2023-09-08 11:19:33,496 [86b604ca-d593-47c1-a869-330a99737efc@group-E5C8CE52E2CD-LeaderElection27] INFO  server.RaftServerConfigKeys (ConfUtils.java:logGet(46)) - raft.server.write.element-limit = 1024 (custom)
2023-09-08 11:19:33,496 [86b604ca-d593-47c1-a869-330a99737efc@group-E5C8CE52E2CD-LeaderElection27] INFO  server.RaftServerConfigKeys (ConfUtils.java:logGet(46)) - raft.server.write.follower.gap.ratio.max = -1.0 (default)
2023-09-08 11:19:33,496 [86b604ca-d593-47c1-a869-330a99737efc@group-E5C8CE52E2CD-LeaderElection27] INFO  impl.RoleInfo (RoleInfo.java:updateAndGet(139)) - 86b604ca-d593-47c1-a869-330a99737efc: start 86b604ca-d593-47c1-a869-330a99737efc@group-E5C8CE52E2CD-LeaderStateImpl
2023-09-08 11:19:33,496 [86b604ca-d593-47c1-a869-330a99737efc@group-E5C8CE52E2CD-LeaderElection27] INFO  segmented.SegmentedRaftLogWorker (SegmentedRaftLogWorker.java:startLogSegment(447)) - 86b604ca-d593-47c1-a869-330a99737efc@group-E5C8CE52E2CD-SegmentedRaftLogWorker: Starting segment from index:0
2023-09-08 11:19:33,500 [86b604ca-d593-47c1-a869-330a99737efc@group-E5C8CE52E2CD-LeaderElection27] INFO  server.RaftServer$Division (ServerState.java:setRaftConf(434)) - 86b604ca-d593-47c1-a869-330a99737efc@group-E5C8CE52E2CD: set configuration 0: peers:[86b604ca-d593-47c1-a869-330a99737efc|rpc:10.1.0.72:15138|admin:10.1.0.72:15137|client:10.1.0.72:15136|dataStream:10.1.0.72:15139|priority:1|startupRole:FOLLOWER]|listeners:[], old=null
2023-09-08 11:19:33,503 [86b604ca-d593-47c1-a869-330a99737efc@group-E5C8CE52E2CD-SegmentedRaftLogWorker] INFO  segmented.SegmentedRaftLogWorker (SegmentedRaftLogWorker.java:execute(651)) - 86b604ca-d593-47c1-a869-330a99737efc@group-E5C8CE52E2CD-SegmentedRaftLogWorker: created new log segment /home/runner/work/ozone/ozone/hadoop-ozone/integration-test/target/test-dir/MiniOzoneClusterImpl-b03496ff-6041-4009-870e-fb613b325751/datanode-2/data/ratis/22170cb6-17d0-466a-8562-e5c8ce52e2cd/current/log_inprogress_0
2023-09-08 11:19:33,506 [IPC Server handler 17 on default port 15107] WARN  node.SCMNodeManager (SCMNodeManager.java:getNodesByAddress(1373)) - Cannot find node for address 127.0.0.1
11:19:33.513 [IPC Server handler 0 on default port 15110] ERROR OMAudit - user=runner | ip=127.0.0.1 | op=READ_KEY {volume=volume57283, bucket=bucket81356, key=file_notexist, dataSize=0, replicationConfig=null} | ret=FAILURE
org.apache.hadoop.ozone.om.exceptions.OMException: Key:file_notexist not found
	at org.apache.hadoop.ozone.om.KeyManagerImpl.readKeyInfo(KeyManagerImpl.java:427) ~[ozone-manager-1.4.0-SNAPSHOT.jar:?]
	at org.apache.hadoop.ozone.om.KeyManagerImpl.lambda$9(KeyManagerImpl.java:1931) ~[ozone-manager-1.4.0-SNAPSHOT.jar:?]
	at org.apache.hadoop.util.MetricUtil.captureLatencyNs(MetricUtil.java:39) ~[hdds-common-1.4.0-SNAPSHOT.jar:?]
	at org.apache.hadoop.ozone.om.KeyManagerImpl.getKeyInfo(KeyManagerImpl.java:1929) ~[ozone-manager-1.4.0-SNAPSHOT.jar:?]
	at org.apache.hadoop.ozone.om.OmMetadataReader.getKeyInfo(OmMetadataReader.java:185) ~[ozone-manager-1.4.0-SNAPSHOT.jar:?]
	at org.apache.hadoop.ozone.om.OzoneManager.getKeyInfo(OzoneManager.java:2827) ~[ozone-manager-1.4.0-SNAPSHOT.jar:?]
	at org.apache.hadoop.ozone.protocolPB.OzoneManagerRequestHandler.getKeyInfo(OzoneManagerRequestHandler.java:585) ~[ozone-manager-1.4.0-SNAPSHOT.jar:?]
	at org.apache.hadoop.ozone.protocolPB.OzoneManagerRequestHandler.handleReadRequest(OzoneManagerRequestHandler.java:304) ~[ozone-manager-1.4.0-SNAPSHOT.jar:?]
	at org.apache.hadoop.ozone.protocolPB.OzoneManagerProtocolServerSideTranslatorPB.submitReadRequestToOM(OzoneManagerProtocolServerSideTranslatorPB.java:225) ~[ozone-manager-1.4.0-SNAPSHOT.jar:?]
	at org.apache.hadoop.ozone.protocolPB.OzoneManagerProtocolServerSideTranslatorPB.processRequest(OzoneManagerProtocolServerSideTranslatorPB.java:179) ~[ozone-manager-1.4.0-SNAPSHOT.jar:?]
	at org.apache.hadoop.hdds.server.OzoneProtocolMessageDispatcher.processRequest(OzoneProtocolMessageDispatcher.java:87) [hdds-server-framework-1.4.0-SNAPSHOT.jar:?]
	at org.apache.hadoop.ozone.protocolPB.OzoneManagerProtocolServerSideTranslatorPB.submitRequest(OzoneManagerProtocolServerSideTranslatorPB.java:148) [ozone-manager-1.4.0-SNAPSHOT.jar:?]
	at org.apache.hadoop.ozone.protocol.proto.OzoneManagerProtocolProtos$OzoneManagerService$2.callBlockingMethod(OzoneManagerProtocolProtos.java) [ozone-interface-client-1.4.0-SNAPSHOT.jar:?]
	at org.apache.hadoop.ipc.ProtobufRpcEngine$Server.processCall(ProtobufRpcEngine.java:484) [hadoop-common-3.3.6.jar:?]
	at org.apache.hadoop.ipc.ProtobufRpcEngine2$Server$ProtoBufRpcInvoker.call(ProtobufRpcEngine2.java:595) [hadoop-common-3.3.6.jar:?]
	at org.apache.hadoop.ipc.ProtobufRpcEngine2$Server$ProtoBufRpcInvoker.call(ProtobufRpcEngine2.java:573) [hadoop-common-3.3.6.jar:?]
	at org.apache.hadoop.ipc.RPC$Server.call(RPC.java:1227) [hadoop-common-3.3.6.jar:?]
	at org.apache.hadoop.ipc.Server$RpcCall.run(Server.java:1094) [hadoop-common-3.3.6.jar:?]
	at org.apache.hadoop.ipc.Server$RpcCall.run(Server.java:1017) [hadoop-common-3.3.6.jar:?]
	at java.security.AccessController.doPrivileged(Native Method) ~[?:1.8.0_382]
	at javax.security.auth.Subject.doAs(Subject.java:422) [?:1.8.0_382]
	at org.apache.hadoop.security.UserGroupInformation.doAs(UserGroupInformation.java:1899) [hadoop-common-3.3.6.jar:?]
	at org.apache.hadoop.ipc.Server$Handler.run(Server.java:3048) [hadoop-common-3.3.6.jar:?]
2023-09-08 11:19:33,521 [Time-limited test] ERROR ozone.TestOzoneFileSystem (TestOzoneFileSystem.java:deleteRootDir(809)) - Unexpected file, should have been deleted: LocatedFileStatus{path=o3fs://bucket81356.volume57283/file; isDirectory=false; length=1; replication=3; blocksize=4194304; modification_time=1694171973487; access_time=1694171973487; owner=runner; group=runner; permission=rw-rw-rw-; isSymlink=false; hasAcl=false; isEncrypted=false; isErasureCoded=false}
]]></system-out>
  </testcase>
  <testcase name="testSeekOnFileLength" classname="TestOzoneFileSystem" time="0.173">
    <system-out><![CDATA[2023-09-08 11:20:59,364 [IPC Server handler 2 on default port 15160] INFO  ha.SequenceIdGenerator (SequenceIdGenerator.java:getNextId(140)) - Allocate a batch for containerId, change lastId from 0 to 1000.
2023-09-08 11:20:59,365 [IPC Server handler 2 on default port 15160] WARN  ha.SequenceIdGenerator (SequenceIdGenerator.java:allocateBatch(253)) - Failed to allocate a batch for localId, expected lastId is 0, actual lastId is 111677748019200000.
2023-09-08 11:20:59,366 [IPC Server handler 2 on default port 15160] INFO  ha.SequenceIdGenerator (SequenceIdGenerator.java:getNextId(140)) - Allocate a batch for localId, change lastId from 111677748019200000 to 111677748019201000.
2023-09-08 11:20:59,414 [c4d580d2-2f88-474d-8696-feb170900697@group-1A30A5744338-FollowerState] INFO  impl.FollowerState (FollowerState.java:run(143)) - c4d580d2-2f88-474d-8696-feb170900697@group-1A30A5744338-FollowerState: change to CANDIDATE, lastRpcElapsedTime:5090982691ns, electionTimeout:5088ms
2023-09-08 11:20:59,414 [c4d580d2-2f88-474d-8696-feb170900697@group-1A30A5744338-FollowerState] INFO  impl.RoleInfo (RoleInfo.java:shutdownFollowerState(110)) - c4d580d2-2f88-474d-8696-feb170900697: shutdown c4d580d2-2f88-474d-8696-feb170900697@group-1A30A5744338-FollowerState
2023-09-08 11:20:59,414 [c4d580d2-2f88-474d-8696-feb170900697@group-1A30A5744338-FollowerState] INFO  server.RaftServer$Division (RaftServerImpl.java:setRole(329)) - c4d580d2-2f88-474d-8696-feb170900697@group-1A30A5744338: changes role from  FOLLOWER to CANDIDATE at term 0 for changeToCandidate
2023-09-08 11:20:59,414 [c4d580d2-2f88-474d-8696-feb170900697@group-1A30A5744338-FollowerState] INFO  server.RaftServerConfigKeys (ConfUtils.java:logGet(46)) - raft.server.leaderelection.pre-vote = true (default)
2023-09-08 11:20:59,414 [c4d580d2-2f88-474d-8696-feb170900697@group-1A30A5744338-FollowerState] INFO  impl.RoleInfo (RoleInfo.java:updateAndGet(139)) - c4d580d2-2f88-474d-8696-feb170900697: start c4d580d2-2f88-474d-8696-feb170900697@group-1A30A5744338-LeaderElection38
2023-09-08 11:20:59,446 [c4d580d2-2f88-474d-8696-feb170900697@group-1A30A5744338-LeaderElection38] INFO  impl.LeaderElection (LeaderElection.java:askForVotes(321)) - c4d580d2-2f88-474d-8696-feb170900697@group-1A30A5744338-LeaderElection38 PRE_VOTE round 0: submit vote requests at term 0 for -1: peers:[c4d580d2-2f88-474d-8696-feb170900697|rpc:10.1.0.72:15209|admin:10.1.0.72:15208|client:10.1.0.72:15207|dataStream:10.1.0.72:15210|priority:1|startupRole:FOLLOWER]|listeners:[], old=null
2023-09-08 11:20:59,446 [c4d580d2-2f88-474d-8696-feb170900697@group-1A30A5744338-LeaderElection38] INFO  impl.LeaderElection (LeaderElection.java:askForVotes(323)) - c4d580d2-2f88-474d-8696-feb170900697@group-1A30A5744338-LeaderElection38 PRE_VOTE round 0: result PASSED (term=0)
2023-09-08 11:20:59,449 [c4d580d2-2f88-474d-8696-feb170900697@group-1A30A5744338-LeaderElection38] INFO  impl.LeaderElection (LeaderElection.java:askForVotes(321)) - c4d580d2-2f88-474d-8696-feb170900697@group-1A30A5744338-LeaderElection38 ELECTION round 0: submit vote requests at term 1 for -1: peers:[c4d580d2-2f88-474d-8696-feb170900697|rpc:10.1.0.72:15209|admin:10.1.0.72:15208|client:10.1.0.72:15207|dataStream:10.1.0.72:15210|priority:1|startupRole:FOLLOWER]|listeners:[], old=null
2023-09-08 11:20:59,449 [c4d580d2-2f88-474d-8696-feb170900697@group-1A30A5744338-LeaderElection38] INFO  impl.LeaderElection (LeaderElection.java:askForVotes(323)) - c4d580d2-2f88-474d-8696-feb170900697@group-1A30A5744338-LeaderElection38 ELECTION round 0: result PASSED (term=1)
2023-09-08 11:20:59,449 [c4d580d2-2f88-474d-8696-feb170900697@group-1A30A5744338-LeaderElection38] INFO  impl.RoleInfo (RoleInfo.java:shutdownLeaderElection(130)) - c4d580d2-2f88-474d-8696-feb170900697: shutdown c4d580d2-2f88-474d-8696-feb170900697@group-1A30A5744338-LeaderElection38
2023-09-08 11:20:59,449 [c4d580d2-2f88-474d-8696-feb170900697@group-1A30A5744338-LeaderElection38] INFO  server.RaftServer$Division (RaftServerImpl.java:setRole(329)) - c4d580d2-2f88-474d-8696-feb170900697@group-1A30A5744338: changes role from CANDIDATE to LEADER at term 1 for changeToLeader
2023-09-08 11:20:59,449 [c4d580d2-2f88-474d-8696-feb170900697@group-1A30A5744338-LeaderElection38] INFO  ratis.XceiverServerRatis (XceiverServerRatis.java:handleLeaderChangedNotification(902)) - Leader change notification received for group: group-1A30A5744338 with new leaderId: c4d580d2-2f88-474d-8696-feb170900697
2023-09-08 11:20:59,455 [c4d580d2-2f88-474d-8696-feb170900697@group-1A30A5744338-LeaderElection38] INFO  server.RaftServer$Division (ServerState.java:setLeader(317)) - c4d580d2-2f88-474d-8696-feb170900697@group-1A30A5744338: change Leader from null to c4d580d2-2f88-474d-8696-feb170900697 at term 1 for becomeLeader, leader elected after 5159ms
2023-09-08 11:20:59,455 [c4d580d2-2f88-474d-8696-feb170900697@group-1A30A5744338-LeaderElection38] INFO  server.RaftServerConfigKeys (ConfUtils.java:logGet(46)) - raft.server.staging.catchup.gap = 1000 (default)
2023-09-08 11:20:59,455 [c4d580d2-2f88-474d-8696-feb170900697@group-1A30A5744338-LeaderElection38] INFO  server.RaftServerConfigKeys (ConfUtils.java:logGet(46)) - raft.server.write.element-limit = 1024 (custom)
2023-09-08 11:20:59,455 [c4d580d2-2f88-474d-8696-feb170900697@group-1A30A5744338-LeaderElection38] INFO  server.RaftServerConfigKeys (ConfUtils.java:logGet(46)) - raft.server.write.byte-limit = 1024 M (=1073741824) (custom)
2023-09-08 11:20:59,456 [c4d580d2-2f88-474d-8696-feb170900697@group-1A30A5744338-LeaderElection38] INFO  server.RaftServerConfigKeys (ConfUtils.java:logGet(46)) - raft.server.watch.timeout = 180s (custom)
2023-09-08 11:20:59,456 [c4d580d2-2f88-474d-8696-feb170900697@group-1A30A5744338-LeaderElection38] INFO  server.RaftServerConfigKeys (ConfUtils.java:logGet(46)) - raft.server.watch.timeout.denomination = 1s (default)
2023-09-08 11:20:59,456 [c4d580d2-2f88-474d-8696-feb170900697@group-1A30A5744338-LeaderElection38] INFO  server.RaftServerConfigKeys (ConfUtils.java:logGet(46)) - raft.server.watch.element-limit = 65536 (default)
2023-09-08 11:20:59,456 [c4d580d2-2f88-474d-8696-feb170900697@group-1A30A5744338-LeaderElection38] INFO  server.RaftServerConfigKeys (ConfUtils.java:logGet(46)) - raft.server.write.element-limit = 1024 (custom)
2023-09-08 11:20:59,456 [c4d580d2-2f88-474d-8696-feb170900697@group-1A30A5744338-LeaderElection38] INFO  server.RaftServerConfigKeys (ConfUtils.java:logGet(46)) - raft.server.write.follower.gap.ratio.max = -1.0 (default)
2023-09-08 11:20:59,456 [c4d580d2-2f88-474d-8696-feb170900697@group-1A30A5744338-LeaderElection38] INFO  impl.RoleInfo (RoleInfo.java:updateAndGet(139)) - c4d580d2-2f88-474d-8696-feb170900697: start c4d580d2-2f88-474d-8696-feb170900697@group-1A30A5744338-LeaderStateImpl
2023-09-08 11:20:59,457 [c4d580d2-2f88-474d-8696-feb170900697@group-1A30A5744338-LeaderElection38] INFO  segmented.SegmentedRaftLogWorker (SegmentedRaftLogWorker.java:startLogSegment(447)) - c4d580d2-2f88-474d-8696-feb170900697@group-1A30A5744338-SegmentedRaftLogWorker: Starting segment from index:0
2023-09-08 11:20:59,457 [c4d580d2-2f88-474d-8696-feb170900697@group-1A30A5744338-LeaderElection38] INFO  server.RaftServer$Division (ServerState.java:setRaftConf(434)) - c4d580d2-2f88-474d-8696-feb170900697@group-1A30A5744338: set configuration 0: peers:[c4d580d2-2f88-474d-8696-feb170900697|rpc:10.1.0.72:15209|admin:10.1.0.72:15208|client:10.1.0.72:15207|dataStream:10.1.0.72:15210|priority:1|startupRole:FOLLOWER]|listeners:[], old=null
2023-09-08 11:20:59,458 [c4d580d2-2f88-474d-8696-feb170900697@group-1A30A5744338-SegmentedRaftLogWorker] INFO  segmented.SegmentedRaftLogWorker (SegmentedRaftLogWorker.java:execute(651)) - c4d580d2-2f88-474d-8696-feb170900697@group-1A30A5744338-SegmentedRaftLogWorker: created new log segment /home/runner/work/ozone/ozone/hadoop-ozone/integration-test/target/test-dir/MiniOzoneClusterImpl-b855b142-6583-46b6-8838-7b3da9243682/datanode-4/data/ratis/618640b2-dab0-4c5d-bc08-1a30a5744338/current/log_inprogress_0
2023-09-08 11:20:59,499 [IPC Server handler 5 on default port 15160] WARN  node.SCMNodeManager (SCMNodeManager.java:getNodesByAddress(1373)) - Cannot find node for address 127.0.0.1
11:20:59.513 [IPC Server handler 8 on default port 15163] ERROR OMAudit - user=runner | ip=127.0.0.1 | op=READ_KEY {volume=volume69610, bucket=bucket82402, key=file_notexist, dataSize=0, replicationConfig=null} | ret=FAILURE
org.apache.hadoop.ozone.om.exceptions.OMException: Key:file_notexist not found
	at org.apache.hadoop.ozone.om.KeyManagerImpl.readKeyInfo(KeyManagerImpl.java:427) ~[ozone-manager-1.4.0-SNAPSHOT.jar:?]
	at org.apache.hadoop.ozone.om.KeyManagerImpl.lambda$9(KeyManagerImpl.java:1931) ~[ozone-manager-1.4.0-SNAPSHOT.jar:?]
	at org.apache.hadoop.util.MetricUtil.captureLatencyNs(MetricUtil.java:39) ~[hdds-common-1.4.0-SNAPSHOT.jar:?]
	at org.apache.hadoop.ozone.om.KeyManagerImpl.getKeyInfo(KeyManagerImpl.java:1929) ~[ozone-manager-1.4.0-SNAPSHOT.jar:?]
	at org.apache.hadoop.ozone.om.OmMetadataReader.getKeyInfo(OmMetadataReader.java:185) ~[ozone-manager-1.4.0-SNAPSHOT.jar:?]
	at org.apache.hadoop.ozone.om.OzoneManager.getKeyInfo(OzoneManager.java:2827) ~[ozone-manager-1.4.0-SNAPSHOT.jar:?]
	at org.apache.hadoop.ozone.protocolPB.OzoneManagerRequestHandler.getKeyInfo(OzoneManagerRequestHandler.java:585) ~[ozone-manager-1.4.0-SNAPSHOT.jar:?]
	at org.apache.hadoop.ozone.protocolPB.OzoneManagerRequestHandler.handleReadRequest(OzoneManagerRequestHandler.java:304) ~[ozone-manager-1.4.0-SNAPSHOT.jar:?]
	at org.apache.hadoop.ozone.protocolPB.OzoneManagerProtocolServerSideTranslatorPB.submitRequestDirectlyToOM(OzoneManagerProtocolServerSideTranslatorPB.java:274) ~[ozone-manager-1.4.0-SNAPSHOT.jar:?]
	at org.apache.hadoop.ozone.protocolPB.OzoneManagerProtocolServerSideTranslatorPB.processRequest(OzoneManagerProtocolServerSideTranslatorPB.java:175) ~[ozone-manager-1.4.0-SNAPSHOT.jar:?]
	at org.apache.hadoop.hdds.server.OzoneProtocolMessageDispatcher.processRequest(OzoneProtocolMessageDispatcher.java:87) [hdds-server-framework-1.4.0-SNAPSHOT.jar:?]
	at org.apache.hadoop.ozone.protocolPB.OzoneManagerProtocolServerSideTranslatorPB.submitRequest(OzoneManagerProtocolServerSideTranslatorPB.java:148) [ozone-manager-1.4.0-SNAPSHOT.jar:?]
	at org.apache.hadoop.ozone.protocol.proto.OzoneManagerProtocolProtos$OzoneManagerService$2.callBlockingMethod(OzoneManagerProtocolProtos.java) [ozone-interface-client-1.4.0-SNAPSHOT.jar:?]
	at org.apache.hadoop.ipc.ProtobufRpcEngine$Server.processCall(ProtobufRpcEngine.java:484) [hadoop-common-3.3.6.jar:?]
	at org.apache.hadoop.ipc.ProtobufRpcEngine2$Server$ProtoBufRpcInvoker.call(ProtobufRpcEngine2.java:595) [hadoop-common-3.3.6.jar:?]
	at org.apache.hadoop.ipc.ProtobufRpcEngine2$Server$ProtoBufRpcInvoker.call(ProtobufRpcEngine2.java:573) [hadoop-common-3.3.6.jar:?]
	at org.apache.hadoop.ipc.RPC$Server.call(RPC.java:1227) [hadoop-common-3.3.6.jar:?]
	at org.apache.hadoop.ipc.Server$RpcCall.run(Server.java:1094) [hadoop-common-3.3.6.jar:?]
	at org.apache.hadoop.ipc.Server$RpcCall.run(Server.java:1017) [hadoop-common-3.3.6.jar:?]
	at java.security.AccessController.doPrivileged(Native Method) ~[?:1.8.0_382]
	at javax.security.auth.Subject.doAs(Subject.java:422) [?:1.8.0_382]
	at org.apache.hadoop.security.UserGroupInformation.doAs(UserGroupInformation.java:1899) [hadoop-common-3.3.6.jar:?]
	at org.apache.hadoop.ipc.Server$Handler.run(Server.java:3048) [hadoop-common-3.3.6.jar:?]
]]></system-out>
  </testcase>
  <testcase name="testRenameFile" classname="TestOzoneFileSystem" time="0.265">
    <system-out><![CDATA[11:16:36.971 [IPC Server handler 17 on default port 15004] ERROR OMAudit - user=runner | ip=127.0.0.1 | op=GET_FILE_STATUS {volume=volume76163, bucket=bucket78113, key=root/file1, dataSize=0, replicationConfig=null} | ret=FAILURE
org.apache.hadoop.ozone.om.exceptions.OMException: Unable to get file status: volume: volume76163 bucket: bucket78113 key: root/file1
	at org.apache.hadoop.ozone.om.KeyManagerImpl.getOzoneFileStatus(KeyManagerImpl.java:1195) ~[ozone-manager-1.4.0-SNAPSHOT.jar:?]
	at org.apache.hadoop.ozone.om.KeyManagerImpl.getFileStatus(KeyManagerImpl.java:1113) ~[ozone-manager-1.4.0-SNAPSHOT.jar:?]
	at org.apache.hadoop.ozone.om.OmMetadataReader.getFileStatus(OmMetadataReader.java:262) ~[ozone-manager-1.4.0-SNAPSHOT.jar:?]
	at org.apache.hadoop.ozone.om.OzoneManager.getFileStatus(OzoneManager.java:3530) ~[ozone-manager-1.4.0-SNAPSHOT.jar:?]
	at org.apache.hadoop.ozone.protocolPB.OzoneManagerRequestHandler.getOzoneFileStatus(OzoneManagerRequestHandler.java:971) ~[ozone-manager-1.4.0-SNAPSHOT.jar:?]
	at org.apache.hadoop.ozone.protocolPB.OzoneManagerRequestHandler.handleReadRequest(OzoneManagerRequestHandler.java:250) ~[ozone-manager-1.4.0-SNAPSHOT.jar:?]
	at org.apache.hadoop.ozone.protocolPB.OzoneManagerProtocolServerSideTranslatorPB.submitReadRequestToOM(OzoneManagerProtocolServerSideTranslatorPB.java:225) ~[ozone-manager-1.4.0-SNAPSHOT.jar:?]
	at org.apache.hadoop.ozone.protocolPB.OzoneManagerProtocolServerSideTranslatorPB.processRequest(OzoneManagerProtocolServerSideTranslatorPB.java:179) ~[ozone-manager-1.4.0-SNAPSHOT.jar:?]
	at org.apache.hadoop.hdds.server.OzoneProtocolMessageDispatcher.processRequest(OzoneProtocolMessageDispatcher.java:87) [hdds-server-framework-1.4.0-SNAPSHOT.jar:?]
	at org.apache.hadoop.ozone.protocolPB.OzoneManagerProtocolServerSideTranslatorPB.submitRequest(OzoneManagerProtocolServerSideTranslatorPB.java:148) [ozone-manager-1.4.0-SNAPSHOT.jar:?]
	at org.apache.hadoop.ozone.protocol.proto.OzoneManagerProtocolProtos$OzoneManagerService$2.callBlockingMethod(OzoneManagerProtocolProtos.java) [ozone-interface-client-1.4.0-SNAPSHOT.jar:?]
	at org.apache.hadoop.ipc.ProtobufRpcEngine$Server.processCall(ProtobufRpcEngine.java:484) [hadoop-common-3.3.6.jar:?]
	at org.apache.hadoop.ipc.ProtobufRpcEngine2$Server$ProtoBufRpcInvoker.call(ProtobufRpcEngine2.java:595) [hadoop-common-3.3.6.jar:?]
	at org.apache.hadoop.ipc.ProtobufRpcEngine2$Server$ProtoBufRpcInvoker.call(ProtobufRpcEngine2.java:573) [hadoop-common-3.3.6.jar:?]
	at org.apache.hadoop.ipc.RPC$Server.call(RPC.java:1227) [hadoop-common-3.3.6.jar:?]
	at org.apache.hadoop.ipc.Server$RpcCall.run(Server.java:1094) [hadoop-common-3.3.6.jar:?]
	at org.apache.hadoop.ipc.Server$RpcCall.run(Server.java:1017) [hadoop-common-3.3.6.jar:?]
	at java.security.AccessController.doPrivileged(Native Method) ~[?:1.8.0_382]
	at javax.security.auth.Subject.doAs(Subject.java:422) [?:1.8.0_382]
	at org.apache.hadoop.security.UserGroupInformation.doAs(UserGroupInformation.java:1899) [hadoop-common-3.3.6.jar:?]
	at org.apache.hadoop.ipc.Server$Handler.run(Server.java:3048) [hadoop-common-3.3.6.jar:?]
]]></system-out>
  </testcase>
  <testcase name="testRenameFile" classname="TestOzoneFileSystem" time="0.043">
    <system-out><![CDATA[11:18:15.357 [IPC Server handler 12 on default port 15057] ERROR OMAudit - user=runner | ip=127.0.0.1 | op=GET_FILE_STATUS {volume=volume79664, bucket=bucket82507, key=root/file1, dataSize=0, replicationConfig=null} | ret=FAILURE
org.apache.hadoop.ozone.om.exceptions.OMException: Unable to get file status: volume: volume79664 bucket: bucket82507 key: root/file1
	at org.apache.hadoop.ozone.om.KeyManagerImpl.getOzoneFileStatus(KeyManagerImpl.java:1195) ~[ozone-manager-1.4.0-SNAPSHOT.jar:?]
	at org.apache.hadoop.ozone.om.KeyManagerImpl.getFileStatus(KeyManagerImpl.java:1113) ~[ozone-manager-1.4.0-SNAPSHOT.jar:?]
	at org.apache.hadoop.ozone.om.OmMetadataReader.getFileStatus(OmMetadataReader.java:262) ~[ozone-manager-1.4.0-SNAPSHOT.jar:?]
	at org.apache.hadoop.ozone.om.OzoneManager.getFileStatus(OzoneManager.java:3530) ~[ozone-manager-1.4.0-SNAPSHOT.jar:?]
	at org.apache.hadoop.ozone.protocolPB.OzoneManagerRequestHandler.getOzoneFileStatus(OzoneManagerRequestHandler.java:971) ~[ozone-manager-1.4.0-SNAPSHOT.jar:?]
	at org.apache.hadoop.ozone.protocolPB.OzoneManagerRequestHandler.handleReadRequest(OzoneManagerRequestHandler.java:250) ~[ozone-manager-1.4.0-SNAPSHOT.jar:?]
	at org.apache.hadoop.ozone.protocolPB.OzoneManagerProtocolServerSideTranslatorPB.submitRequestDirectlyToOM(OzoneManagerProtocolServerSideTranslatorPB.java:274) ~[ozone-manager-1.4.0-SNAPSHOT.jar:?]
	at org.apache.hadoop.ozone.protocolPB.OzoneManagerProtocolServerSideTranslatorPB.processRequest(OzoneManagerProtocolServerSideTranslatorPB.java:175) ~[ozone-manager-1.4.0-SNAPSHOT.jar:?]
	at org.apache.hadoop.hdds.server.OzoneProtocolMessageDispatcher.processRequest(OzoneProtocolMessageDispatcher.java:87) [hdds-server-framework-1.4.0-SNAPSHOT.jar:?]
	at org.apache.hadoop.ozone.protocolPB.OzoneManagerProtocolServerSideTranslatorPB.submitRequest(OzoneManagerProtocolServerSideTranslatorPB.java:148) [ozone-manager-1.4.0-SNAPSHOT.jar:?]
	at org.apache.hadoop.ozone.protocol.proto.OzoneManagerProtocolProtos$OzoneManagerService$2.callBlockingMethod(OzoneManagerProtocolProtos.java) [ozone-interface-client-1.4.0-SNAPSHOT.jar:?]
	at org.apache.hadoop.ipc.ProtobufRpcEngine$Server.processCall(ProtobufRpcEngine.java:484) [hadoop-common-3.3.6.jar:?]
	at org.apache.hadoop.ipc.ProtobufRpcEngine2$Server$ProtoBufRpcInvoker.call(ProtobufRpcEngine2.java:595) [hadoop-common-3.3.6.jar:?]
	at org.apache.hadoop.ipc.ProtobufRpcEngine2$Server$ProtoBufRpcInvoker.call(ProtobufRpcEngine2.java:573) [hadoop-common-3.3.6.jar:?]
	at org.apache.hadoop.ipc.RPC$Server.call(RPC.java:1227) [hadoop-common-3.3.6.jar:?]
	at org.apache.hadoop.ipc.Server$RpcCall.run(Server.java:1094) [hadoop-common-3.3.6.jar:?]
	at org.apache.hadoop.ipc.Server$RpcCall.run(Server.java:1017) [hadoop-common-3.3.6.jar:?]
	at java.security.AccessController.doPrivileged(Native Method) ~[?:1.8.0_382]
	at javax.security.auth.Subject.doAs(Subject.java:422) [?:1.8.0_382]
	at org.apache.hadoop.security.UserGroupInformation.doAs(UserGroupInformation.java:1899) [hadoop-common-3.3.6.jar:?]
	at org.apache.hadoop.ipc.Server$Handler.run(Server.java:3048) [hadoop-common-3.3.6.jar:?]
]]></system-out>
  </testcase>
  <testcase name="testRenameFile" classname="TestOzoneFileSystem" time="0.041">
    <system-out><![CDATA[11:19:33.548 [IPC Server handler 11 on default port 15110] ERROR OMAudit - user=runner | ip=127.0.0.1 | op=GET_FILE_STATUS {volume=volume57283, bucket=bucket81356, key=root/file1, dataSize=0, replicationConfig=null} | ret=FAILURE
org.apache.hadoop.ozone.om.exceptions.OMException: Unable to get file status: volume: volume57283 bucket: bucket81356 key: root/file1
	at org.apache.hadoop.ozone.om.KeyManagerImpl.getOzoneFileStatus(KeyManagerImpl.java:1195) ~[ozone-manager-1.4.0-SNAPSHOT.jar:?]
	at org.apache.hadoop.ozone.om.KeyManagerImpl.getFileStatus(KeyManagerImpl.java:1113) ~[ozone-manager-1.4.0-SNAPSHOT.jar:?]
	at org.apache.hadoop.ozone.om.OmMetadataReader.getFileStatus(OmMetadataReader.java:262) ~[ozone-manager-1.4.0-SNAPSHOT.jar:?]
	at org.apache.hadoop.ozone.om.OzoneManager.getFileStatus(OzoneManager.java:3530) ~[ozone-manager-1.4.0-SNAPSHOT.jar:?]
	at org.apache.hadoop.ozone.protocolPB.OzoneManagerRequestHandler.getOzoneFileStatus(OzoneManagerRequestHandler.java:971) ~[ozone-manager-1.4.0-SNAPSHOT.jar:?]
	at org.apache.hadoop.ozone.protocolPB.OzoneManagerRequestHandler.handleReadRequest(OzoneManagerRequestHandler.java:250) ~[ozone-manager-1.4.0-SNAPSHOT.jar:?]
	at org.apache.hadoop.ozone.protocolPB.OzoneManagerProtocolServerSideTranslatorPB.submitReadRequestToOM(OzoneManagerProtocolServerSideTranslatorPB.java:225) ~[ozone-manager-1.4.0-SNAPSHOT.jar:?]
	at org.apache.hadoop.ozone.protocolPB.OzoneManagerProtocolServerSideTranslatorPB.processRequest(OzoneManagerProtocolServerSideTranslatorPB.java:179) ~[ozone-manager-1.4.0-SNAPSHOT.jar:?]
	at org.apache.hadoop.hdds.server.OzoneProtocolMessageDispatcher.processRequest(OzoneProtocolMessageDispatcher.java:87) [hdds-server-framework-1.4.0-SNAPSHOT.jar:?]
	at org.apache.hadoop.ozone.protocolPB.OzoneManagerProtocolServerSideTranslatorPB.submitRequest(OzoneManagerProtocolServerSideTranslatorPB.java:148) [ozone-manager-1.4.0-SNAPSHOT.jar:?]
	at org.apache.hadoop.ozone.protocol.proto.OzoneManagerProtocolProtos$OzoneManagerService$2.callBlockingMethod(OzoneManagerProtocolProtos.java) [ozone-interface-client-1.4.0-SNAPSHOT.jar:?]
	at org.apache.hadoop.ipc.ProtobufRpcEngine$Server.processCall(ProtobufRpcEngine.java:484) [hadoop-common-3.3.6.jar:?]
	at org.apache.hadoop.ipc.ProtobufRpcEngine2$Server$ProtoBufRpcInvoker.call(ProtobufRpcEngine2.java:595) [hadoop-common-3.3.6.jar:?]
	at org.apache.hadoop.ipc.ProtobufRpcEngine2$Server$ProtoBufRpcInvoker.call(ProtobufRpcEngine2.java:573) [hadoop-common-3.3.6.jar:?]
	at org.apache.hadoop.ipc.RPC$Server.call(RPC.java:1227) [hadoop-common-3.3.6.jar:?]
	at org.apache.hadoop.ipc.Server$RpcCall.run(Server.java:1094) [hadoop-common-3.3.6.jar:?]
	at org.apache.hadoop.ipc.Server$RpcCall.run(Server.java:1017) [hadoop-common-3.3.6.jar:?]
	at java.security.AccessController.doPrivileged(Native Method) ~[?:1.8.0_382]
	at javax.security.auth.Subject.doAs(Subject.java:422) [?:1.8.0_382]
	at org.apache.hadoop.security.UserGroupInformation.doAs(UserGroupInformation.java:1899) [hadoop-common-3.3.6.jar:?]
	at org.apache.hadoop.ipc.Server$Handler.run(Server.java:3048) [hadoop-common-3.3.6.jar:?]
]]></system-out>
  </testcase>
  <testcase name="testRenameFile" classname="TestOzoneFileSystem" time="0.033">
    <system-out><![CDATA[11:20:59.529 [IPC Server handler 1 on default port 15163] ERROR OMAudit - user=runner | ip=127.0.0.1 | op=GET_FILE_STATUS {volume=volume69610, bucket=bucket82402, key=root/file1, dataSize=0, replicationConfig=null} | ret=FAILURE
org.apache.hadoop.ozone.om.exceptions.OMException: Unable to get file status: volume: volume69610 bucket: bucket82402 key: root/file1
	at org.apache.hadoop.ozone.om.KeyManagerImpl.getOzoneFileStatus(KeyManagerImpl.java:1195) ~[ozone-manager-1.4.0-SNAPSHOT.jar:?]
	at org.apache.hadoop.ozone.om.KeyManagerImpl.getFileStatus(KeyManagerImpl.java:1113) ~[ozone-manager-1.4.0-SNAPSHOT.jar:?]
	at org.apache.hadoop.ozone.om.OmMetadataReader.getFileStatus(OmMetadataReader.java:262) ~[ozone-manager-1.4.0-SNAPSHOT.jar:?]
	at org.apache.hadoop.ozone.om.OzoneManager.getFileStatus(OzoneManager.java:3530) ~[ozone-manager-1.4.0-SNAPSHOT.jar:?]
	at org.apache.hadoop.ozone.protocolPB.OzoneManagerRequestHandler.getOzoneFileStatus(OzoneManagerRequestHandler.java:971) ~[ozone-manager-1.4.0-SNAPSHOT.jar:?]
	at org.apache.hadoop.ozone.protocolPB.OzoneManagerRequestHandler.handleReadRequest(OzoneManagerRequestHandler.java:250) ~[ozone-manager-1.4.0-SNAPSHOT.jar:?]
	at org.apache.hadoop.ozone.protocolPB.OzoneManagerProtocolServerSideTranslatorPB.submitRequestDirectlyToOM(OzoneManagerProtocolServerSideTranslatorPB.java:274) ~[ozone-manager-1.4.0-SNAPSHOT.jar:?]
	at org.apache.hadoop.ozone.protocolPB.OzoneManagerProtocolServerSideTranslatorPB.processRequest(OzoneManagerProtocolServerSideTranslatorPB.java:175) ~[ozone-manager-1.4.0-SNAPSHOT.jar:?]
	at org.apache.hadoop.hdds.server.OzoneProtocolMessageDispatcher.processRequest(OzoneProtocolMessageDispatcher.java:87) [hdds-server-framework-1.4.0-SNAPSHOT.jar:?]
	at org.apache.hadoop.ozone.protocolPB.OzoneManagerProtocolServerSideTranslatorPB.submitRequest(OzoneManagerProtocolServerSideTranslatorPB.java:148) [ozone-manager-1.4.0-SNAPSHOT.jar:?]
	at org.apache.hadoop.ozone.protocol.proto.OzoneManagerProtocolProtos$OzoneManagerService$2.callBlockingMethod(OzoneManagerProtocolProtos.java) [ozone-interface-client-1.4.0-SNAPSHOT.jar:?]
	at org.apache.hadoop.ipc.ProtobufRpcEngine$Server.processCall(ProtobufRpcEngine.java:484) [hadoop-common-3.3.6.jar:?]
	at org.apache.hadoop.ipc.ProtobufRpcEngine2$Server$ProtoBufRpcInvoker.call(ProtobufRpcEngine2.java:595) [hadoop-common-3.3.6.jar:?]
	at org.apache.hadoop.ipc.ProtobufRpcEngine2$Server$ProtoBufRpcInvoker.call(ProtobufRpcEngine2.java:573) [hadoop-common-3.3.6.jar:?]
	at org.apache.hadoop.ipc.RPC$Server.call(RPC.java:1227) [hadoop-common-3.3.6.jar:?]
	at org.apache.hadoop.ipc.Server$RpcCall.run(Server.java:1094) [hadoop-common-3.3.6.jar:?]
	at org.apache.hadoop.ipc.Server$RpcCall.run(Server.java:1017) [hadoop-common-3.3.6.jar:?]
	at java.security.AccessController.doPrivileged(Native Method) ~[?:1.8.0_382]
	at javax.security.auth.Subject.doAs(Subject.java:422) [?:1.8.0_382]
	at org.apache.hadoop.security.UserGroupInformation.doAs(UserGroupInformation.java:1899) [hadoop-common-3.3.6.jar:?]
	at org.apache.hadoop.ipc.Server$Handler.run(Server.java:3048) [hadoop-common-3.3.6.jar:?]
]]></system-out>
  </testcase>
  <testcase name="testRenameDir" classname="TestOzoneFileSystem" time="0.088">
    <system-out><![CDATA[2023-09-08 11:16:37,179 [Time-limited test] INFO  ozone.TestOzoneFileSystem (TestOzoneFileSystem.java:testRenameDir(1438)) - Created dir o3fs://bucket78113.volume76163/root_dir/dir1/sub_dir1
2023-09-08 11:16:37,179 [Time-limited test] INFO  ozone.TestOzoneFileSystem (TestOzoneFileSystem.java:testRenameDir(1439)) - Will move o3fs://bucket78113.volume76163/root_dir/dir1 to o3fs://bucket78113.volume76163/root_dir/dir1.renamed
11:16:37.185 [IPC Server handler 9 on default port 15004] ERROR OMAudit - user=runner | ip=127.0.0.1 | op=GET_FILE_STATUS {volume=volume76163, bucket=bucket78113, key=root_dir/dir1.renamed, dataSize=0, replicationConfig=null} | ret=FAILURE
org.apache.hadoop.ozone.om.exceptions.OMException: Unable to get file status: volume: volume76163 bucket: bucket78113 key: root_dir/dir1.renamed
	at org.apache.hadoop.ozone.om.KeyManagerImpl.getOzoneFileStatus(KeyManagerImpl.java:1195) ~[ozone-manager-1.4.0-SNAPSHOT.jar:?]
	at org.apache.hadoop.ozone.om.KeyManagerImpl.getFileStatus(KeyManagerImpl.java:1113) ~[ozone-manager-1.4.0-SNAPSHOT.jar:?]
	at org.apache.hadoop.ozone.om.OmMetadataReader.getFileStatus(OmMetadataReader.java:262) ~[ozone-manager-1.4.0-SNAPSHOT.jar:?]
	at org.apache.hadoop.ozone.om.OzoneManager.getFileStatus(OzoneManager.java:3530) ~[ozone-manager-1.4.0-SNAPSHOT.jar:?]
	at org.apache.hadoop.ozone.protocolPB.OzoneManagerRequestHandler.getOzoneFileStatus(OzoneManagerRequestHandler.java:971) ~[ozone-manager-1.4.0-SNAPSHOT.jar:?]
	at org.apache.hadoop.ozone.protocolPB.OzoneManagerRequestHandler.handleReadRequest(OzoneManagerRequestHandler.java:250) ~[ozone-manager-1.4.0-SNAPSHOT.jar:?]
	at org.apache.hadoop.ozone.protocolPB.OzoneManagerProtocolServerSideTranslatorPB.submitReadRequestToOM(OzoneManagerProtocolServerSideTranslatorPB.java:225) ~[ozone-manager-1.4.0-SNAPSHOT.jar:?]
	at org.apache.hadoop.ozone.protocolPB.OzoneManagerProtocolServerSideTranslatorPB.processRequest(OzoneManagerProtocolServerSideTranslatorPB.java:179) ~[ozone-manager-1.4.0-SNAPSHOT.jar:?]
	at org.apache.hadoop.hdds.server.OzoneProtocolMessageDispatcher.processRequest(OzoneProtocolMessageDispatcher.java:87) [hdds-server-framework-1.4.0-SNAPSHOT.jar:?]
	at org.apache.hadoop.ozone.protocolPB.OzoneManagerProtocolServerSideTranslatorPB.submitRequest(OzoneManagerProtocolServerSideTranslatorPB.java:148) [ozone-manager-1.4.0-SNAPSHOT.jar:?]
	at org.apache.hadoop.ozone.protocol.proto.OzoneManagerProtocolProtos$OzoneManagerService$2.callBlockingMethod(OzoneManagerProtocolProtos.java) [ozone-interface-client-1.4.0-SNAPSHOT.jar:?]
	at org.apache.hadoop.ipc.ProtobufRpcEngine$Server.processCall(ProtobufRpcEngine.java:484) [hadoop-common-3.3.6.jar:?]
	at org.apache.hadoop.ipc.ProtobufRpcEngine2$Server$ProtoBufRpcInvoker.call(ProtobufRpcEngine2.java:595) [hadoop-common-3.3.6.jar:?]
	at org.apache.hadoop.ipc.ProtobufRpcEngine2$Server$ProtoBufRpcInvoker.call(ProtobufRpcEngine2.java:573) [hadoop-common-3.3.6.jar:?]
	at org.apache.hadoop.ipc.RPC$Server.call(RPC.java:1227) [hadoop-common-3.3.6.jar:?]
	at org.apache.hadoop.ipc.Server$RpcCall.run(Server.java:1094) [hadoop-common-3.3.6.jar:?]
	at org.apache.hadoop.ipc.Server$RpcCall.run(Server.java:1017) [hadoop-common-3.3.6.jar:?]
	at java.security.AccessController.doPrivileged(Native Method) ~[?:1.8.0_382]
	at javax.security.auth.Subject.doAs(Subject.java:422) [?:1.8.0_382]
	at org.apache.hadoop.security.UserGroupInformation.doAs(UserGroupInformation.java:1899) [hadoop-common-3.3.6.jar:?]
	at org.apache.hadoop.ipc.Server$Handler.run(Server.java:3048) [hadoop-common-3.3.6.jar:?]
]]></system-out>
  </testcase>
  <testcase name="testRenameDir" classname="TestOzoneFileSystem" time="0.026">
    <system-out><![CDATA[2023-09-08 11:18:15,392 [Time-limited test] INFO  ozone.TestOzoneFileSystem (TestOzoneFileSystem.java:testRenameDir(1438)) - Created dir o3fs://bucket82507.volume79664/root_dir/dir1/sub_dir1
2023-09-08 11:18:15,392 [Time-limited test] INFO  ozone.TestOzoneFileSystem (TestOzoneFileSystem.java:testRenameDir(1439)) - Will move o3fs://bucket82507.volume79664/root_dir/dir1 to o3fs://bucket82507.volume79664/root_dir/dir1.renamed
11:18:15.394 [IPC Server handler 3 on default port 15057] ERROR OMAudit - user=runner | ip=127.0.0.1 | op=GET_FILE_STATUS {volume=volume79664, bucket=bucket82507, key=root_dir/dir1.renamed, dataSize=0, replicationConfig=null} | ret=FAILURE
org.apache.hadoop.ozone.om.exceptions.OMException: Unable to get file status: volume: volume79664 bucket: bucket82507 key: root_dir/dir1.renamed
	at org.apache.hadoop.ozone.om.KeyManagerImpl.getOzoneFileStatus(KeyManagerImpl.java:1195) ~[ozone-manager-1.4.0-SNAPSHOT.jar:?]
	at org.apache.hadoop.ozone.om.KeyManagerImpl.getFileStatus(KeyManagerImpl.java:1113) ~[ozone-manager-1.4.0-SNAPSHOT.jar:?]
	at org.apache.hadoop.ozone.om.OmMetadataReader.getFileStatus(OmMetadataReader.java:262) ~[ozone-manager-1.4.0-SNAPSHOT.jar:?]
	at org.apache.hadoop.ozone.om.OzoneManager.getFileStatus(OzoneManager.java:3530) ~[ozone-manager-1.4.0-SNAPSHOT.jar:?]
	at org.apache.hadoop.ozone.protocolPB.OzoneManagerRequestHandler.getOzoneFileStatus(OzoneManagerRequestHandler.java:971) ~[ozone-manager-1.4.0-SNAPSHOT.jar:?]
	at org.apache.hadoop.ozone.protocolPB.OzoneManagerRequestHandler.handleReadRequest(OzoneManagerRequestHandler.java:250) ~[ozone-manager-1.4.0-SNAPSHOT.jar:?]
	at org.apache.hadoop.ozone.protocolPB.OzoneManagerProtocolServerSideTranslatorPB.submitRequestDirectlyToOM(OzoneManagerProtocolServerSideTranslatorPB.java:274) ~[ozone-manager-1.4.0-SNAPSHOT.jar:?]
	at org.apache.hadoop.ozone.protocolPB.OzoneManagerProtocolServerSideTranslatorPB.processRequest(OzoneManagerProtocolServerSideTranslatorPB.java:175) ~[ozone-manager-1.4.0-SNAPSHOT.jar:?]
	at org.apache.hadoop.hdds.server.OzoneProtocolMessageDispatcher.processRequest(OzoneProtocolMessageDispatcher.java:87) [hdds-server-framework-1.4.0-SNAPSHOT.jar:?]
	at org.apache.hadoop.ozone.protocolPB.OzoneManagerProtocolServerSideTranslatorPB.submitRequest(OzoneManagerProtocolServerSideTranslatorPB.java:148) [ozone-manager-1.4.0-SNAPSHOT.jar:?]
	at org.apache.hadoop.ozone.protocol.proto.OzoneManagerProtocolProtos$OzoneManagerService$2.callBlockingMethod(OzoneManagerProtocolProtos.java) [ozone-interface-client-1.4.0-SNAPSHOT.jar:?]
	at org.apache.hadoop.ipc.ProtobufRpcEngine$Server.processCall(ProtobufRpcEngine.java:484) [hadoop-common-3.3.6.jar:?]
	at org.apache.hadoop.ipc.ProtobufRpcEngine2$Server$ProtoBufRpcInvoker.call(ProtobufRpcEngine2.java:595) [hadoop-common-3.3.6.jar:?]
	at org.apache.hadoop.ipc.ProtobufRpcEngine2$Server$ProtoBufRpcInvoker.call(ProtobufRpcEngine2.java:573) [hadoop-common-3.3.6.jar:?]
	at org.apache.hadoop.ipc.RPC$Server.call(RPC.java:1227) [hadoop-common-3.3.6.jar:?]
	at org.apache.hadoop.ipc.Server$RpcCall.run(Server.java:1094) [hadoop-common-3.3.6.jar:?]
	at org.apache.hadoop.ipc.Server$RpcCall.run(Server.java:1017) [hadoop-common-3.3.6.jar:?]
	at java.security.AccessController.doPrivileged(Native Method) ~[?:1.8.0_382]
	at javax.security.auth.Subject.doAs(Subject.java:422) [?:1.8.0_382]
	at org.apache.hadoop.security.UserGroupInformation.doAs(UserGroupInformation.java:1899) [hadoop-common-3.3.6.jar:?]
	at org.apache.hadoop.ipc.Server$Handler.run(Server.java:3048) [hadoop-common-3.3.6.jar:?]
]]></system-out>
  </testcase>
  <testcase name="testRenameDir" classname="TestOzoneFileSystem" time="0.03">
    <system-out><![CDATA[2023-09-08 11:19:33,579 [Time-limited test] INFO  ozone.TestOzoneFileSystem (TestOzoneFileSystem.java:testRenameDir(1438)) - Created dir o3fs://bucket81356.volume57283/root_dir/dir1/sub_dir1
2023-09-08 11:19:33,579 [Time-limited test] INFO  ozone.TestOzoneFileSystem (TestOzoneFileSystem.java:testRenameDir(1439)) - Will move o3fs://bucket81356.volume57283/root_dir/dir1 to o3fs://bucket81356.volume57283/root_dir/dir1.renamed
11:19:33.587 [IPC Server handler 4 on default port 15110] ERROR OMAudit - user=runner | ip=127.0.0.1 | op=GET_FILE_STATUS {volume=volume57283, bucket=bucket81356, key=root_dir/dir1.renamed, dataSize=0, replicationConfig=null} | ret=FAILURE
org.apache.hadoop.ozone.om.exceptions.OMException: Unable to get file status: volume: volume57283 bucket: bucket81356 key: root_dir/dir1.renamed
	at org.apache.hadoop.ozone.om.KeyManagerImpl.getOzoneFileStatus(KeyManagerImpl.java:1195) ~[ozone-manager-1.4.0-SNAPSHOT.jar:?]
	at org.apache.hadoop.ozone.om.KeyManagerImpl.getFileStatus(KeyManagerImpl.java:1113) ~[ozone-manager-1.4.0-SNAPSHOT.jar:?]
	at org.apache.hadoop.ozone.om.OmMetadataReader.getFileStatus(OmMetadataReader.java:262) ~[ozone-manager-1.4.0-SNAPSHOT.jar:?]
	at org.apache.hadoop.ozone.om.OzoneManager.getFileStatus(OzoneManager.java:3530) ~[ozone-manager-1.4.0-SNAPSHOT.jar:?]
	at org.apache.hadoop.ozone.protocolPB.OzoneManagerRequestHandler.getOzoneFileStatus(OzoneManagerRequestHandler.java:971) ~[ozone-manager-1.4.0-SNAPSHOT.jar:?]
	at org.apache.hadoop.ozone.protocolPB.OzoneManagerRequestHandler.handleReadRequest(OzoneManagerRequestHandler.java:250) ~[ozone-manager-1.4.0-SNAPSHOT.jar:?]
	at org.apache.hadoop.ozone.protocolPB.OzoneManagerProtocolServerSideTranslatorPB.submitReadRequestToOM(OzoneManagerProtocolServerSideTranslatorPB.java:225) ~[ozone-manager-1.4.0-SNAPSHOT.jar:?]
	at org.apache.hadoop.ozone.protocolPB.OzoneManagerProtocolServerSideTranslatorPB.processRequest(OzoneManagerProtocolServerSideTranslatorPB.java:179) ~[ozone-manager-1.4.0-SNAPSHOT.jar:?]
	at org.apache.hadoop.hdds.server.OzoneProtocolMessageDispatcher.processRequest(OzoneProtocolMessageDispatcher.java:87) [hdds-server-framework-1.4.0-SNAPSHOT.jar:?]
	at org.apache.hadoop.ozone.protocolPB.OzoneManagerProtocolServerSideTranslatorPB.submitRequest(OzoneManagerProtocolServerSideTranslatorPB.java:148) [ozone-manager-1.4.0-SNAPSHOT.jar:?]
	at org.apache.hadoop.ozone.protocol.proto.OzoneManagerProtocolProtos$OzoneManagerService$2.callBlockingMethod(OzoneManagerProtocolProtos.java) [ozone-interface-client-1.4.0-SNAPSHOT.jar:?]
	at org.apache.hadoop.ipc.ProtobufRpcEngine$Server.processCall(ProtobufRpcEngine.java:484) [hadoop-common-3.3.6.jar:?]
	at org.apache.hadoop.ipc.ProtobufRpcEngine2$Server$ProtoBufRpcInvoker.call(ProtobufRpcEngine2.java:595) [hadoop-common-3.3.6.jar:?]
	at org.apache.hadoop.ipc.ProtobufRpcEngine2$Server$ProtoBufRpcInvoker.call(ProtobufRpcEngine2.java:573) [hadoop-common-3.3.6.jar:?]
	at org.apache.hadoop.ipc.RPC$Server.call(RPC.java:1227) [hadoop-common-3.3.6.jar:?]
	at org.apache.hadoop.ipc.Server$RpcCall.run(Server.java:1094) [hadoop-common-3.3.6.jar:?]
	at org.apache.hadoop.ipc.Server$RpcCall.run(Server.java:1017) [hadoop-common-3.3.6.jar:?]
	at java.security.AccessController.doPrivileged(Native Method) ~[?:1.8.0_382]
	at javax.security.auth.Subject.doAs(Subject.java:422) [?:1.8.0_382]
	at org.apache.hadoop.security.UserGroupInformation.doAs(UserGroupInformation.java:1899) [hadoop-common-3.3.6.jar:?]
	at org.apache.hadoop.ipc.Server$Handler.run(Server.java:3048) [hadoop-common-3.3.6.jar:?]
]]></system-out>
  </testcase>
  <testcase name="testRenameDir" classname="TestOzoneFileSystem" time="0.023">
    <system-out><![CDATA[2023-09-08 11:20:59,556 [Time-limited test] INFO  ozone.TestOzoneFileSystem (TestOzoneFileSystem.java:testRenameDir(1438)) - Created dir o3fs://bucket82402.volume69610/root_dir/dir1/sub_dir1
2023-09-08 11:20:59,556 [Time-limited test] INFO  ozone.TestOzoneFileSystem (TestOzoneFileSystem.java:testRenameDir(1439)) - Will move o3fs://bucket82402.volume69610/root_dir/dir1 to o3fs://bucket82402.volume69610/root_dir/dir1.renamed
11:20:59.559 [IPC Server handler 16 on default port 15163] ERROR OMAudit - user=runner | ip=127.0.0.1 | op=GET_FILE_STATUS {volume=volume69610, bucket=bucket82402, key=root_dir/dir1.renamed, dataSize=0, replicationConfig=null} | ret=FAILURE
org.apache.hadoop.ozone.om.exceptions.OMException: Unable to get file status: volume: volume69610 bucket: bucket82402 key: root_dir/dir1.renamed
	at org.apache.hadoop.ozone.om.KeyManagerImpl.getOzoneFileStatus(KeyManagerImpl.java:1195) ~[ozone-manager-1.4.0-SNAPSHOT.jar:?]
	at org.apache.hadoop.ozone.om.KeyManagerImpl.getFileStatus(KeyManagerImpl.java:1113) ~[ozone-manager-1.4.0-SNAPSHOT.jar:?]
	at org.apache.hadoop.ozone.om.OmMetadataReader.getFileStatus(OmMetadataReader.java:262) ~[ozone-manager-1.4.0-SNAPSHOT.jar:?]
	at org.apache.hadoop.ozone.om.OzoneManager.getFileStatus(OzoneManager.java:3530) ~[ozone-manager-1.4.0-SNAPSHOT.jar:?]
	at org.apache.hadoop.ozone.protocolPB.OzoneManagerRequestHandler.getOzoneFileStatus(OzoneManagerRequestHandler.java:971) ~[ozone-manager-1.4.0-SNAPSHOT.jar:?]
	at org.apache.hadoop.ozone.protocolPB.OzoneManagerRequestHandler.handleReadRequest(OzoneManagerRequestHandler.java:250) ~[ozone-manager-1.4.0-SNAPSHOT.jar:?]
	at org.apache.hadoop.ozone.protocolPB.OzoneManagerProtocolServerSideTranslatorPB.submitRequestDirectlyToOM(OzoneManagerProtocolServerSideTranslatorPB.java:274) ~[ozone-manager-1.4.0-SNAPSHOT.jar:?]
	at org.apache.hadoop.ozone.protocolPB.OzoneManagerProtocolServerSideTranslatorPB.processRequest(OzoneManagerProtocolServerSideTranslatorPB.java:175) ~[ozone-manager-1.4.0-SNAPSHOT.jar:?]
	at org.apache.hadoop.hdds.server.OzoneProtocolMessageDispatcher.processRequest(OzoneProtocolMessageDispatcher.java:87) [hdds-server-framework-1.4.0-SNAPSHOT.jar:?]
	at org.apache.hadoop.ozone.protocolPB.OzoneManagerProtocolServerSideTranslatorPB.submitRequest(OzoneManagerProtocolServerSideTranslatorPB.java:148) [ozone-manager-1.4.0-SNAPSHOT.jar:?]
	at org.apache.hadoop.ozone.protocol.proto.OzoneManagerProtocolProtos$OzoneManagerService$2.callBlockingMethod(OzoneManagerProtocolProtos.java) [ozone-interface-client-1.4.0-SNAPSHOT.jar:?]
	at org.apache.hadoop.ipc.ProtobufRpcEngine$Server.processCall(ProtobufRpcEngine.java:484) [hadoop-common-3.3.6.jar:?]
	at org.apache.hadoop.ipc.ProtobufRpcEngine2$Server$ProtoBufRpcInvoker.call(ProtobufRpcEngine2.java:595) [hadoop-common-3.3.6.jar:?]
	at org.apache.hadoop.ipc.ProtobufRpcEngine2$Server$ProtoBufRpcInvoker.call(ProtobufRpcEngine2.java:573) [hadoop-common-3.3.6.jar:?]
	at org.apache.hadoop.ipc.RPC$Server.call(RPC.java:1227) [hadoop-common-3.3.6.jar:?]
	at org.apache.hadoop.ipc.Server$RpcCall.run(Server.java:1094) [hadoop-common-3.3.6.jar:?]
	at org.apache.hadoop.ipc.Server$RpcCall.run(Server.java:1017) [hadoop-common-3.3.6.jar:?]
	at java.security.AccessController.doPrivileged(Native Method) ~[?:1.8.0_382]
	at javax.security.auth.Subject.doAs(Subject.java:422) [?:1.8.0_382]
	at org.apache.hadoop.security.UserGroupInformation.doAs(UserGroupInformation.java:1899) [hadoop-common-3.3.6.jar:?]
	at org.apache.hadoop.ipc.Server$Handler.run(Server.java:3048) [hadoop-common-3.3.6.jar:?]
]]></system-out>
  </testcase>
  <testcase name="testListStatusIteratorOnSubDirs" classname="TestOzoneFileSystem" time="0.11"/>
  <testcase name="testListStatusIteratorOnSubDirs" classname="TestOzoneFileSystem" time="0.027"/>
  <testcase name="testListStatusIteratorOnSubDirs" classname="TestOzoneFileSystem" time="0.032"/>
  <testcase name="testListStatusIteratorOnSubDirs" classname="TestOzoneFileSystem" time="0.033"/>
  <testcase name="testAllocateMoreThanOneBlock" classname="TestOzoneFileSystem" time="0.569">
    <system-out><![CDATA[2023-09-08 11:16:37,907 [IPC Server handler 3 on default port 15001] WARN  node.SCMNodeManager (SCMNodeManager.java:getNodesByAddress(1373)) - Cannot find node for address 127.0.0.1
]]></system-out>
  </testcase>
  <testcase name="testAllocateMoreThanOneBlock" classname="TestOzoneFileSystem" time="0.514">
    <system-out><![CDATA[2023-09-08 11:18:15,479 [e7773167-2049-479c-a584-e45e7fe0d5b5@group-310911E93B88-FollowerState] INFO  impl.FollowerState (FollowerState.java:run(143)) - e7773167-2049-479c-a584-e45e7fe0d5b5@group-310911E93B88-FollowerState: change to CANDIDATE, lastRpcElapsedTime:5152688925ns, electionTimeout:5151ms
2023-09-08 11:18:15,480 [e7773167-2049-479c-a584-e45e7fe0d5b5@group-310911E93B88-FollowerState] INFO  impl.RoleInfo (RoleInfo.java:shutdownFollowerState(110)) - e7773167-2049-479c-a584-e45e7fe0d5b5: shutdown e7773167-2049-479c-a584-e45e7fe0d5b5@group-310911E93B88-FollowerState
2023-09-08 11:18:15,480 [e7773167-2049-479c-a584-e45e7fe0d5b5@group-310911E93B88-FollowerState] INFO  server.RaftServer$Division (RaftServerImpl.java:setRole(329)) - e7773167-2049-479c-a584-e45e7fe0d5b5@group-310911E93B88: changes role from  FOLLOWER to CANDIDATE at term 0 for changeToCandidate
2023-09-08 11:18:15,480 [e7773167-2049-479c-a584-e45e7fe0d5b5@group-310911E93B88-FollowerState] INFO  server.RaftServerConfigKeys (ConfUtils.java:logGet(46)) - raft.server.leaderelection.pre-vote = true (default)
2023-09-08 11:18:15,480 [e7773167-2049-479c-a584-e45e7fe0d5b5@group-310911E93B88-FollowerState] INFO  impl.RoleInfo (RoleInfo.java:updateAndGet(139)) - e7773167-2049-479c-a584-e45e7fe0d5b5: start e7773167-2049-479c-a584-e45e7fe0d5b5@group-310911E93B88-LeaderElection17
2023-09-08 11:18:15,486 [e7773167-2049-479c-a584-e45e7fe0d5b5@group-310911E93B88-LeaderElection17] INFO  impl.LeaderElection (LeaderElection.java:askForVotes(321)) - e7773167-2049-479c-a584-e45e7fe0d5b5@group-310911E93B88-LeaderElection17 PRE_VOTE round 0: submit vote requests at term 0 for -1: peers:[e7773167-2049-479c-a584-e45e7fe0d5b5|rpc:10.1.0.72:15085|admin:10.1.0.72:15084|client:10.1.0.72:15083|dataStream:10.1.0.72:15086|priority:1|startupRole:FOLLOWER]|listeners:[], old=null
2023-09-08 11:18:15,486 [e7773167-2049-479c-a584-e45e7fe0d5b5@group-310911E93B88-LeaderElection17] INFO  impl.LeaderElection (LeaderElection.java:askForVotes(323)) - e7773167-2049-479c-a584-e45e7fe0d5b5@group-310911E93B88-LeaderElection17 PRE_VOTE round 0: result PASSED (term=0)
2023-09-08 11:18:15,489 [e7773167-2049-479c-a584-e45e7fe0d5b5@group-310911E93B88-LeaderElection17] INFO  impl.LeaderElection (LeaderElection.java:askForVotes(321)) - e7773167-2049-479c-a584-e45e7fe0d5b5@group-310911E93B88-LeaderElection17 ELECTION round 0: submit vote requests at term 1 for -1: peers:[e7773167-2049-479c-a584-e45e7fe0d5b5|rpc:10.1.0.72:15085|admin:10.1.0.72:15084|client:10.1.0.72:15083|dataStream:10.1.0.72:15086|priority:1|startupRole:FOLLOWER]|listeners:[], old=null
2023-09-08 11:18:15,489 [e7773167-2049-479c-a584-e45e7fe0d5b5@group-310911E93B88-LeaderElection17] INFO  impl.LeaderElection (LeaderElection.java:askForVotes(323)) - e7773167-2049-479c-a584-e45e7fe0d5b5@group-310911E93B88-LeaderElection17 ELECTION round 0: result PASSED (term=1)
2023-09-08 11:18:15,489 [e7773167-2049-479c-a584-e45e7fe0d5b5@group-310911E93B88-LeaderElection17] INFO  impl.RoleInfo (RoleInfo.java:shutdownLeaderElection(130)) - e7773167-2049-479c-a584-e45e7fe0d5b5: shutdown e7773167-2049-479c-a584-e45e7fe0d5b5@group-310911E93B88-LeaderElection17
2023-09-08 11:18:15,489 [e7773167-2049-479c-a584-e45e7fe0d5b5@group-310911E93B88-LeaderElection17] INFO  server.RaftServer$Division (RaftServerImpl.java:setRole(329)) - e7773167-2049-479c-a584-e45e7fe0d5b5@group-310911E93B88: changes role from CANDIDATE to LEADER at term 1 for changeToLeader
2023-09-08 11:18:15,492 [e7773167-2049-479c-a584-e45e7fe0d5b5@group-310911E93B88-LeaderElection17] INFO  ratis.XceiverServerRatis (XceiverServerRatis.java:handleLeaderChangedNotification(902)) - Leader change notification received for group: group-310911E93B88 with new leaderId: e7773167-2049-479c-a584-e45e7fe0d5b5
2023-09-08 11:18:15,500 [e7773167-2049-479c-a584-e45e7fe0d5b5@group-310911E93B88-LeaderElection17] INFO  server.RaftServer$Division (ServerState.java:setLeader(317)) - e7773167-2049-479c-a584-e45e7fe0d5b5@group-310911E93B88: change Leader from null to e7773167-2049-479c-a584-e45e7fe0d5b5 at term 1 for becomeLeader, leader elected after 5184ms
2023-09-08 11:18:15,500 [e7773167-2049-479c-a584-e45e7fe0d5b5@group-310911E93B88-LeaderElection17] INFO  server.RaftServerConfigKeys (ConfUtils.java:logGet(46)) - raft.server.staging.catchup.gap = 1000 (default)
2023-09-08 11:18:15,500 [e7773167-2049-479c-a584-e45e7fe0d5b5@group-310911E93B88-LeaderElection17] INFO  server.RaftServerConfigKeys (ConfUtils.java:logGet(46)) - raft.server.write.element-limit = 1024 (custom)
2023-09-08 11:18:15,501 [e7773167-2049-479c-a584-e45e7fe0d5b5@group-310911E93B88-LeaderElection17] INFO  server.RaftServerConfigKeys (ConfUtils.java:logGet(46)) - raft.server.write.byte-limit = 1024 M (=1073741824) (custom)
2023-09-08 11:18:15,501 [e7773167-2049-479c-a584-e45e7fe0d5b5@group-310911E93B88-LeaderElection17] INFO  server.RaftServerConfigKeys (ConfUtils.java:logGet(46)) - raft.server.watch.timeout = 180s (custom)
2023-09-08 11:18:15,501 [e7773167-2049-479c-a584-e45e7fe0d5b5@group-310911E93B88-LeaderElection17] INFO  server.RaftServerConfigKeys (ConfUtils.java:logGet(46)) - raft.server.watch.timeout.denomination = 1s (default)
2023-09-08 11:18:15,501 [e7773167-2049-479c-a584-e45e7fe0d5b5@group-310911E93B88-LeaderElection17] INFO  server.RaftServerConfigKeys (ConfUtils.java:logGet(46)) - raft.server.watch.element-limit = 65536 (default)
2023-09-08 11:18:15,501 [e7773167-2049-479c-a584-e45e7fe0d5b5@group-310911E93B88-LeaderElection17] INFO  server.RaftServerConfigKeys (ConfUtils.java:logGet(46)) - raft.server.write.element-limit = 1024 (custom)
2023-09-08 11:18:15,501 [e7773167-2049-479c-a584-e45e7fe0d5b5@group-310911E93B88-LeaderElection17] INFO  server.RaftServerConfigKeys (ConfUtils.java:logGet(46)) - raft.server.write.follower.gap.ratio.max = -1.0 (default)
2023-09-08 11:18:15,502 [e7773167-2049-479c-a584-e45e7fe0d5b5@group-310911E93B88-LeaderElection17] INFO  impl.RoleInfo (RoleInfo.java:updateAndGet(139)) - e7773167-2049-479c-a584-e45e7fe0d5b5: start e7773167-2049-479c-a584-e45e7fe0d5b5@group-310911E93B88-LeaderStateImpl
2023-09-08 11:18:15,503 [e7773167-2049-479c-a584-e45e7fe0d5b5@group-310911E93B88-LeaderElection17] INFO  segmented.SegmentedRaftLogWorker (SegmentedRaftLogWorker.java:startLogSegment(447)) - e7773167-2049-479c-a584-e45e7fe0d5b5@group-310911E93B88-SegmentedRaftLogWorker: Starting segment from index:0
2023-09-08 11:18:15,506 [e7773167-2049-479c-a584-e45e7fe0d5b5@group-310911E93B88-SegmentedRaftLogWorker] INFO  segmented.SegmentedRaftLogWorker (SegmentedRaftLogWorker.java:execute(651)) - e7773167-2049-479c-a584-e45e7fe0d5b5@group-310911E93B88-SegmentedRaftLogWorker: created new log segment /home/runner/work/ozone/ozone/hadoop-ozone/integration-test/target/test-dir/MiniOzoneClusterImpl-fc42fee5-8bb2-43c7-8c2a-cc72dd658d38/datanode-2/data/ratis/8326c035-37f4-475c-b667-310911e93b88/current/log_inprogress_0
2023-09-08 11:18:15,510 [e7773167-2049-479c-a584-e45e7fe0d5b5@group-310911E93B88-LeaderElection17] INFO  server.RaftServer$Division (ServerState.java:setRaftConf(434)) - e7773167-2049-479c-a584-e45e7fe0d5b5@group-310911E93B88: set configuration 0: peers:[e7773167-2049-479c-a584-e45e7fe0d5b5|rpc:10.1.0.72:15085|admin:10.1.0.72:15084|client:10.1.0.72:15083|dataStream:10.1.0.72:15086|priority:1|startupRole:FOLLOWER]|listeners:[], old=null
2023-09-08 11:18:15,835 [17f9ea42-0da3-466f-953b-33021d7cf2c6@group-CBA28D4C7E1C-FollowerState] INFO  impl.FollowerState (FollowerState.java:run(143)) - 17f9ea42-0da3-466f-953b-33021d7cf2c6@group-CBA28D4C7E1C-FollowerState: change to CANDIDATE, lastRpcElapsedTime:5120929765ns, electionTimeout:5118ms
2023-09-08 11:18:15,835 [17f9ea42-0da3-466f-953b-33021d7cf2c6@group-CBA28D4C7E1C-FollowerState] INFO  impl.RoleInfo (RoleInfo.java:shutdownFollowerState(110)) - 17f9ea42-0da3-466f-953b-33021d7cf2c6: shutdown 17f9ea42-0da3-466f-953b-33021d7cf2c6@group-CBA28D4C7E1C-FollowerState
2023-09-08 11:18:15,836 [17f9ea42-0da3-466f-953b-33021d7cf2c6@group-CBA28D4C7E1C-FollowerState] INFO  server.RaftServer$Division (RaftServerImpl.java:setRole(329)) - 17f9ea42-0da3-466f-953b-33021d7cf2c6@group-CBA28D4C7E1C: changes role from  FOLLOWER to CANDIDATE at term 0 for changeToCandidate
2023-09-08 11:18:15,836 [17f9ea42-0da3-466f-953b-33021d7cf2c6@group-CBA28D4C7E1C-FollowerState] INFO  server.RaftServerConfigKeys (ConfUtils.java:logGet(46)) - raft.server.leaderelection.pre-vote = true (default)
2023-09-08 11:18:15,836 [17f9ea42-0da3-466f-953b-33021d7cf2c6@group-CBA28D4C7E1C-FollowerState] INFO  impl.RoleInfo (RoleInfo.java:updateAndGet(139)) - 17f9ea42-0da3-466f-953b-33021d7cf2c6: start 17f9ea42-0da3-466f-953b-33021d7cf2c6@group-CBA28D4C7E1C-LeaderElection18
2023-09-08 11:18:15,857 [17f9ea42-0da3-466f-953b-33021d7cf2c6@group-CBA28D4C7E1C-LeaderElection18] INFO  impl.LeaderElection (LeaderElection.java:askForVotes(321)) - 17f9ea42-0da3-466f-953b-33021d7cf2c6@group-CBA28D4C7E1C-LeaderElection18 PRE_VOTE round 0: submit vote requests at term 0 for -1: peers:[17f9ea42-0da3-466f-953b-33021d7cf2c6|rpc:10.1.0.72:15094|admin:10.1.0.72:15093|client:10.1.0.72:15092|dataStream:10.1.0.72:15095|priority:1|startupRole:FOLLOWER]|listeners:[], old=null
2023-09-08 11:18:15,857 [17f9ea42-0da3-466f-953b-33021d7cf2c6@group-CBA28D4C7E1C-LeaderElection18] INFO  impl.LeaderElection (LeaderElection.java:askForVotes(323)) - 17f9ea42-0da3-466f-953b-33021d7cf2c6@group-CBA28D4C7E1C-LeaderElection18 PRE_VOTE round 0: result PASSED (term=0)
2023-09-08 11:18:15,871 [17f9ea42-0da3-466f-953b-33021d7cf2c6@group-CBA28D4C7E1C-LeaderElection18] INFO  impl.LeaderElection (LeaderElection.java:askForVotes(321)) - 17f9ea42-0da3-466f-953b-33021d7cf2c6@group-CBA28D4C7E1C-LeaderElection18 ELECTION round 0: submit vote requests at term 1 for -1: peers:[17f9ea42-0da3-466f-953b-33021d7cf2c6|rpc:10.1.0.72:15094|admin:10.1.0.72:15093|client:10.1.0.72:15092|dataStream:10.1.0.72:15095|priority:1|startupRole:FOLLOWER]|listeners:[], old=null
2023-09-08 11:18:15,883 [17f9ea42-0da3-466f-953b-33021d7cf2c6@group-CBA28D4C7E1C-LeaderElection18] INFO  impl.LeaderElection (LeaderElection.java:askForVotes(323)) - 17f9ea42-0da3-466f-953b-33021d7cf2c6@group-CBA28D4C7E1C-LeaderElection18 ELECTION round 0: result PASSED (term=1)
2023-09-08 11:18:15,883 [17f9ea42-0da3-466f-953b-33021d7cf2c6@group-CBA28D4C7E1C-LeaderElection18] INFO  impl.RoleInfo (RoleInfo.java:shutdownLeaderElection(130)) - 17f9ea42-0da3-466f-953b-33021d7cf2c6: shutdown 17f9ea42-0da3-466f-953b-33021d7cf2c6@group-CBA28D4C7E1C-LeaderElection18
2023-09-08 11:18:15,883 [17f9ea42-0da3-466f-953b-33021d7cf2c6@group-CBA28D4C7E1C-LeaderElection18] INFO  server.RaftServer$Division (RaftServerImpl.java:setRole(329)) - 17f9ea42-0da3-466f-953b-33021d7cf2c6@group-CBA28D4C7E1C: changes role from CANDIDATE to LEADER at term 1 for changeToLeader
2023-09-08 11:18:15,883 [17f9ea42-0da3-466f-953b-33021d7cf2c6@group-CBA28D4C7E1C-LeaderElection18] INFO  ratis.XceiverServerRatis (XceiverServerRatis.java:handleLeaderChangedNotification(902)) - Leader change notification received for group: group-CBA28D4C7E1C with new leaderId: 17f9ea42-0da3-466f-953b-33021d7cf2c6
2023-09-08 11:18:15,883 [17f9ea42-0da3-466f-953b-33021d7cf2c6@group-CBA28D4C7E1C-LeaderElection18] INFO  server.RaftServer$Division (ServerState.java:setLeader(317)) - 17f9ea42-0da3-466f-953b-33021d7cf2c6@group-CBA28D4C7E1C: change Leader from null to 17f9ea42-0da3-466f-953b-33021d7cf2c6 at term 1 for becomeLeader, leader elected after 5186ms
2023-09-08 11:18:15,883 [17f9ea42-0da3-466f-953b-33021d7cf2c6@group-CBA28D4C7E1C-LeaderElection18] INFO  server.RaftServerConfigKeys (ConfUtils.java:logGet(46)) - raft.server.staging.catchup.gap = 1000 (default)
2023-09-08 11:18:15,883 [17f9ea42-0da3-466f-953b-33021d7cf2c6@group-CBA28D4C7E1C-LeaderElection18] INFO  server.RaftServerConfigKeys (ConfUtils.java:logGet(46)) - raft.server.write.element-limit = 1024 (custom)
2023-09-08 11:18:15,884 [17f9ea42-0da3-466f-953b-33021d7cf2c6@group-CBA28D4C7E1C-LeaderElection18] INFO  server.RaftServerConfigKeys (ConfUtils.java:logGet(46)) - raft.server.write.byte-limit = 1024 M (=1073741824) (custom)
2023-09-08 11:18:15,884 [17f9ea42-0da3-466f-953b-33021d7cf2c6@group-CBA28D4C7E1C-LeaderElection18] INFO  server.RaftServerConfigKeys (ConfUtils.java:logGet(46)) - raft.server.watch.timeout = 180s (custom)
2023-09-08 11:18:15,884 [17f9ea42-0da3-466f-953b-33021d7cf2c6@group-CBA28D4C7E1C-LeaderElection18] INFO  server.RaftServerConfigKeys (ConfUtils.java:logGet(46)) - raft.server.watch.timeout.denomination = 1s (default)
2023-09-08 11:18:15,884 [17f9ea42-0da3-466f-953b-33021d7cf2c6@group-CBA28D4C7E1C-LeaderElection18] INFO  server.RaftServerConfigKeys (ConfUtils.java:logGet(46)) - raft.server.watch.element-limit = 65536 (default)
2023-09-08 11:18:15,884 [17f9ea42-0da3-466f-953b-33021d7cf2c6@group-CBA28D4C7E1C-LeaderElection18] INFO  server.RaftServerConfigKeys (ConfUtils.java:logGet(46)) - raft.server.write.element-limit = 1024 (custom)
2023-09-08 11:18:15,884 [17f9ea42-0da3-466f-953b-33021d7cf2c6@group-CBA28D4C7E1C-LeaderElection18] INFO  server.RaftServerConfigKeys (ConfUtils.java:logGet(46)) - raft.server.write.follower.gap.ratio.max = -1.0 (default)
2023-09-08 11:18:15,884 [17f9ea42-0da3-466f-953b-33021d7cf2c6@group-CBA28D4C7E1C-LeaderElection18] INFO  impl.RoleInfo (RoleInfo.java:updateAndGet(139)) - 17f9ea42-0da3-466f-953b-33021d7cf2c6: start 17f9ea42-0da3-466f-953b-33021d7cf2c6@group-CBA28D4C7E1C-LeaderStateImpl
2023-09-08 11:18:15,884 [17f9ea42-0da3-466f-953b-33021d7cf2c6@group-CBA28D4C7E1C-LeaderElection18] INFO  segmented.SegmentedRaftLogWorker (SegmentedRaftLogWorker.java:startLogSegment(447)) - 17f9ea42-0da3-466f-953b-33021d7cf2c6@group-CBA28D4C7E1C-SegmentedRaftLogWorker: Starting segment from index:0
2023-09-08 11:18:15,888 [17f9ea42-0da3-466f-953b-33021d7cf2c6@group-CBA28D4C7E1C-LeaderElection18] INFO  server.RaftServer$Division (ServerState.java:setRaftConf(434)) - 17f9ea42-0da3-466f-953b-33021d7cf2c6@group-CBA28D4C7E1C: set configuration 0: peers:[17f9ea42-0da3-466f-953b-33021d7cf2c6|rpc:10.1.0.72:15094|admin:10.1.0.72:15093|client:10.1.0.72:15092|dataStream:10.1.0.72:15095|priority:1|startupRole:FOLLOWER]|listeners:[], old=null
2023-09-08 11:18:15,890 [17f9ea42-0da3-466f-953b-33021d7cf2c6@group-CBA28D4C7E1C-SegmentedRaftLogWorker] INFO  segmented.SegmentedRaftLogWorker (SegmentedRaftLogWorker.java:execute(651)) - 17f9ea42-0da3-466f-953b-33021d7cf2c6@group-CBA28D4C7E1C-SegmentedRaftLogWorker: created new log segment /home/runner/work/ozone/ozone/hadoop-ozone/integration-test/target/test-dir/MiniOzoneClusterImpl-fc42fee5-8bb2-43c7-8c2a-cc72dd658d38/datanode-3/data/ratis/631529a6-3bfb-49a1-9734-cba28d4c7e1c/current/log_inprogress_0
2023-09-08 11:18:15,941 [IPC Server handler 9 on default port 15054] WARN  node.SCMNodeManager (SCMNodeManager.java:getNodesByAddress(1373)) - Cannot find node for address 127.0.0.1
]]></system-out>
  </testcase>
  <testcase name="testAllocateMoreThanOneBlock" classname="TestOzoneFileSystem" time="0.409">
    <system-out><![CDATA[2023-09-08 11:19:33,802 [82b47503-614b-4a1f-aa0a-75391d5c12a5@group-EC417510140A-FollowerState] INFO  impl.FollowerState (FollowerState.java:run(143)) - 82b47503-614b-4a1f-aa0a-75391d5c12a5@group-EC417510140A-FollowerState: change to CANDIDATE, lastRpcElapsedTime:5032750790ns, electionTimeout:5029ms
2023-09-08 11:19:33,802 [82b47503-614b-4a1f-aa0a-75391d5c12a5@group-EC417510140A-FollowerState] INFO  impl.RoleInfo (RoleInfo.java:shutdownFollowerState(110)) - 82b47503-614b-4a1f-aa0a-75391d5c12a5: shutdown 82b47503-614b-4a1f-aa0a-75391d5c12a5@group-EC417510140A-FollowerState
2023-09-08 11:19:33,802 [82b47503-614b-4a1f-aa0a-75391d5c12a5@group-EC417510140A-FollowerState] INFO  server.RaftServer$Division (RaftServerImpl.java:setRole(329)) - 82b47503-614b-4a1f-aa0a-75391d5c12a5@group-EC417510140A: changes role from  FOLLOWER to CANDIDATE at term 0 for changeToCandidate
2023-09-08 11:19:33,802 [82b47503-614b-4a1f-aa0a-75391d5c12a5@group-EC417510140A-FollowerState] INFO  server.RaftServerConfigKeys (ConfUtils.java:logGet(46)) - raft.server.leaderelection.pre-vote = true (default)
2023-09-08 11:19:33,802 [82b47503-614b-4a1f-aa0a-75391d5c12a5@group-EC417510140A-FollowerState] INFO  impl.RoleInfo (RoleInfo.java:updateAndGet(139)) - 82b47503-614b-4a1f-aa0a-75391d5c12a5: start 82b47503-614b-4a1f-aa0a-75391d5c12a5@group-EC417510140A-LeaderElection28
2023-09-08 11:19:33,836 [82b47503-614b-4a1f-aa0a-75391d5c12a5@group-EC417510140A-LeaderElection28] INFO  impl.LeaderElection (LeaderElection.java:askForVotes(321)) - 82b47503-614b-4a1f-aa0a-75391d5c12a5@group-EC417510140A-LeaderElection28 PRE_VOTE round 0: submit vote requests at term 0 for -1: peers:[82b47503-614b-4a1f-aa0a-75391d5c12a5|rpc:10.1.0.72:15147|admin:10.1.0.72:15146|client:10.1.0.72:15145|dataStream:10.1.0.72:15148|priority:1|startupRole:FOLLOWER]|listeners:[], old=null
2023-09-08 11:19:33,836 [82b47503-614b-4a1f-aa0a-75391d5c12a5@group-EC417510140A-LeaderElection28] INFO  impl.LeaderElection (LeaderElection.java:askForVotes(323)) - 82b47503-614b-4a1f-aa0a-75391d5c12a5@group-EC417510140A-LeaderElection28 PRE_VOTE round 0: result PASSED (term=0)
2023-09-08 11:19:33,839 [82b47503-614b-4a1f-aa0a-75391d5c12a5@group-EC417510140A-LeaderElection28] INFO  impl.LeaderElection (LeaderElection.java:askForVotes(321)) - 82b47503-614b-4a1f-aa0a-75391d5c12a5@group-EC417510140A-LeaderElection28 ELECTION round 0: submit vote requests at term 1 for -1: peers:[82b47503-614b-4a1f-aa0a-75391d5c12a5|rpc:10.1.0.72:15147|admin:10.1.0.72:15146|client:10.1.0.72:15145|dataStream:10.1.0.72:15148|priority:1|startupRole:FOLLOWER]|listeners:[], old=null
2023-09-08 11:19:33,839 [82b47503-614b-4a1f-aa0a-75391d5c12a5@group-EC417510140A-LeaderElection28] INFO  impl.LeaderElection (LeaderElection.java:askForVotes(323)) - 82b47503-614b-4a1f-aa0a-75391d5c12a5@group-EC417510140A-LeaderElection28 ELECTION round 0: result PASSED (term=1)
2023-09-08 11:19:33,840 [82b47503-614b-4a1f-aa0a-75391d5c12a5@group-EC417510140A-LeaderElection28] INFO  impl.RoleInfo (RoleInfo.java:shutdownLeaderElection(130)) - 82b47503-614b-4a1f-aa0a-75391d5c12a5: shutdown 82b47503-614b-4a1f-aa0a-75391d5c12a5@group-EC417510140A-LeaderElection28
2023-09-08 11:19:33,840 [82b47503-614b-4a1f-aa0a-75391d5c12a5@group-EC417510140A-LeaderElection28] INFO  server.RaftServer$Division (RaftServerImpl.java:setRole(329)) - 82b47503-614b-4a1f-aa0a-75391d5c12a5@group-EC417510140A: changes role from CANDIDATE to LEADER at term 1 for changeToLeader
2023-09-08 11:19:33,840 [82b47503-614b-4a1f-aa0a-75391d5c12a5@group-EC417510140A-LeaderElection28] INFO  ratis.XceiverServerRatis (XceiverServerRatis.java:handleLeaderChangedNotification(902)) - Leader change notification received for group: group-EC417510140A with new leaderId: 82b47503-614b-4a1f-aa0a-75391d5c12a5
2023-09-08 11:19:33,840 [82b47503-614b-4a1f-aa0a-75391d5c12a5@group-EC417510140A-LeaderElection28] INFO  server.RaftServer$Division (ServerState.java:setLeader(317)) - 82b47503-614b-4a1f-aa0a-75391d5c12a5@group-EC417510140A: change Leader from null to 82b47503-614b-4a1f-aa0a-75391d5c12a5 at term 1 for becomeLeader, leader elected after 5088ms
2023-09-08 11:19:33,840 [82b47503-614b-4a1f-aa0a-75391d5c12a5@group-EC417510140A-LeaderElection28] INFO  server.RaftServerConfigKeys (ConfUtils.java:logGet(46)) - raft.server.staging.catchup.gap = 1000 (default)
2023-09-08 11:19:33,840 [82b47503-614b-4a1f-aa0a-75391d5c12a5@group-EC417510140A-LeaderElection28] INFO  server.RaftServerConfigKeys (ConfUtils.java:logGet(46)) - raft.server.write.element-limit = 1024 (custom)
2023-09-08 11:19:33,840 [82b47503-614b-4a1f-aa0a-75391d5c12a5@group-EC417510140A-LeaderElection28] INFO  server.RaftServerConfigKeys (ConfUtils.java:logGet(46)) - raft.server.write.byte-limit = 1024 M (=1073741824) (custom)
2023-09-08 11:19:33,841 [82b47503-614b-4a1f-aa0a-75391d5c12a5@group-EC417510140A-LeaderElection28] INFO  server.RaftServerConfigKeys (ConfUtils.java:logGet(46)) - raft.server.watch.timeout = 180s (custom)
2023-09-08 11:19:33,841 [82b47503-614b-4a1f-aa0a-75391d5c12a5@group-EC417510140A-LeaderElection28] INFO  server.RaftServerConfigKeys (ConfUtils.java:logGet(46)) - raft.server.watch.timeout.denomination = 1s (default)
2023-09-08 11:19:33,841 [82b47503-614b-4a1f-aa0a-75391d5c12a5@group-EC417510140A-LeaderElection28] INFO  server.RaftServerConfigKeys (ConfUtils.java:logGet(46)) - raft.server.watch.element-limit = 65536 (default)
2023-09-08 11:19:33,841 [82b47503-614b-4a1f-aa0a-75391d5c12a5@group-EC417510140A-LeaderElection28] INFO  server.RaftServerConfigKeys (ConfUtils.java:logGet(46)) - raft.server.write.element-limit = 1024 (custom)
2023-09-08 11:19:33,841 [82b47503-614b-4a1f-aa0a-75391d5c12a5@group-EC417510140A-LeaderElection28] INFO  server.RaftServerConfigKeys (ConfUtils.java:logGet(46)) - raft.server.write.follower.gap.ratio.max = -1.0 (default)
2023-09-08 11:19:33,841 [82b47503-614b-4a1f-aa0a-75391d5c12a5@group-EC417510140A-LeaderElection28] INFO  impl.RoleInfo (RoleInfo.java:updateAndGet(139)) - 82b47503-614b-4a1f-aa0a-75391d5c12a5: start 82b47503-614b-4a1f-aa0a-75391d5c12a5@group-EC417510140A-LeaderStateImpl
2023-09-08 11:19:33,841 [82b47503-614b-4a1f-aa0a-75391d5c12a5@group-EC417510140A-LeaderElection28] INFO  segmented.SegmentedRaftLogWorker (SegmentedRaftLogWorker.java:startLogSegment(447)) - 82b47503-614b-4a1f-aa0a-75391d5c12a5@group-EC417510140A-SegmentedRaftLogWorker: Starting segment from index:0
2023-09-08 11:19:33,843 [82b47503-614b-4a1f-aa0a-75391d5c12a5@group-EC417510140A-SegmentedRaftLogWorker] INFO  segmented.SegmentedRaftLogWorker (SegmentedRaftLogWorker.java:execute(651)) - 82b47503-614b-4a1f-aa0a-75391d5c12a5@group-EC417510140A-SegmentedRaftLogWorker: created new log segment /home/runner/work/ozone/ozone/hadoop-ozone/integration-test/target/test-dir/MiniOzoneClusterImpl-b03496ff-6041-4009-870e-fb613b325751/datanode-3/data/ratis/de0e35c7-a7ce-41fa-86f3-ec417510140a/current/log_inprogress_0
2023-09-08 11:19:33,869 [82b47503-614b-4a1f-aa0a-75391d5c12a5@group-EC417510140A-LeaderElection28] INFO  server.RaftServer$Division (ServerState.java:setRaftConf(434)) - 82b47503-614b-4a1f-aa0a-75391d5c12a5@group-EC417510140A: set configuration 0: peers:[82b47503-614b-4a1f-aa0a-75391d5c12a5|rpc:10.1.0.72:15147|admin:10.1.0.72:15146|client:10.1.0.72:15145|dataStream:10.1.0.72:15148|priority:1|startupRole:FOLLOWER]|listeners:[], old=null
2023-09-08 11:19:34,028 [IPC Server handler 13 on default port 15107] WARN  node.SCMNodeManager (SCMNodeManager.java:getNodesByAddress(1373)) - Cannot find node for address 127.0.0.1
]]></system-out>
  </testcase>
  <testcase name="testAllocateMoreThanOneBlock" classname="TestOzoneFileSystem" time="0.385">
    <system-out><![CDATA[2023-09-08 11:20:59,982 [IPC Server handler 5 on default port 15160] WARN  node.SCMNodeManager (SCMNodeManager.java:getNodesByAddress(1373)) - Cannot find node for address 127.0.0.1
]]></system-out>
  </testcase>
  <testcase name="testRenameToExistingDir" classname="TestOzoneFileSystem" time="0.095">
    <system-out><![CDATA[11:16:37.970 [IPC Server handler 10 on default port 15004] ERROR OMAudit - user=runner | ip=127.0.0.1 | op=LIST_STATUS {volume=volume76163, bucket=bucket78113, key=b/a, dataSize=0, replicationConfig=null} | ret=FAILURE
org.apache.hadoop.ozone.om.exceptions.OMException: Unable to get file status: volume: volume76163 bucket: bucket78113 key: b/a
	at org.apache.hadoop.ozone.om.KeyManagerImpl.getOzoneFileStatus(KeyManagerImpl.java:1195) ~[ozone-manager-1.4.0-SNAPSHOT.jar:?]
	at org.apache.hadoop.ozone.om.KeyManagerImpl.getFileStatus(KeyManagerImpl.java:1113) ~[ozone-manager-1.4.0-SNAPSHOT.jar:?]
	at org.apache.hadoop.ozone.om.KeyManagerImpl.listStatus(KeyManagerImpl.java:1505) ~[ozone-manager-1.4.0-SNAPSHOT.jar:?]
	at org.apache.hadoop.ozone.om.OmMetadataReader.listStatus(OmMetadataReader.java:235) ~[ozone-manager-1.4.0-SNAPSHOT.jar:?]
	at org.apache.hadoop.ozone.om.OzoneManager.listStatus(OzoneManager.java:3560) ~[ozone-manager-1.4.0-SNAPSHOT.jar:?]
	at org.apache.hadoop.ozone.protocolPB.OzoneManagerRequestHandler.listStatus(OzoneManagerRequestHandler.java:1143) ~[ozone-manager-1.4.0-SNAPSHOT.jar:?]
	at org.apache.hadoop.ozone.protocolPB.OzoneManagerRequestHandler.handleReadRequest(OzoneManagerRequestHandler.java:261) ~[ozone-manager-1.4.0-SNAPSHOT.jar:?]
	at org.apache.hadoop.ozone.protocolPB.OzoneManagerProtocolServerSideTranslatorPB.submitReadRequestToOM(OzoneManagerProtocolServerSideTranslatorPB.java:225) ~[ozone-manager-1.4.0-SNAPSHOT.jar:?]
	at org.apache.hadoop.ozone.protocolPB.OzoneManagerProtocolServerSideTranslatorPB.processRequest(OzoneManagerProtocolServerSideTranslatorPB.java:179) ~[ozone-manager-1.4.0-SNAPSHOT.jar:?]
	at org.apache.hadoop.hdds.server.OzoneProtocolMessageDispatcher.processRequest(OzoneProtocolMessageDispatcher.java:87) [hdds-server-framework-1.4.0-SNAPSHOT.jar:?]
	at org.apache.hadoop.ozone.protocolPB.OzoneManagerProtocolServerSideTranslatorPB.submitRequest(OzoneManagerProtocolServerSideTranslatorPB.java:148) [ozone-manager-1.4.0-SNAPSHOT.jar:?]
	at org.apache.hadoop.ozone.protocol.proto.OzoneManagerProtocolProtos$OzoneManagerService$2.callBlockingMethod(OzoneManagerProtocolProtos.java) [ozone-interface-client-1.4.0-SNAPSHOT.jar:?]
	at org.apache.hadoop.ipc.ProtobufRpcEngine$Server.processCall(ProtobufRpcEngine.java:484) [hadoop-common-3.3.6.jar:?]
	at org.apache.hadoop.ipc.ProtobufRpcEngine2$Server$ProtoBufRpcInvoker.call(ProtobufRpcEngine2.java:595) [hadoop-common-3.3.6.jar:?]
	at org.apache.hadoop.ipc.ProtobufRpcEngine2$Server$ProtoBufRpcInvoker.call(ProtobufRpcEngine2.java:573) [hadoop-common-3.3.6.jar:?]
	at org.apache.hadoop.ipc.RPC$Server.call(RPC.java:1227) [hadoop-common-3.3.6.jar:?]
	at org.apache.hadoop.ipc.Server$RpcCall.run(Server.java:1094) [hadoop-common-3.3.6.jar:?]
	at org.apache.hadoop.ipc.Server$RpcCall.run(Server.java:1017) [hadoop-common-3.3.6.jar:?]
	at java.security.AccessController.doPrivileged(Native Method) ~[?:1.8.0_382]
	at javax.security.auth.Subject.doAs(Subject.java:422) [?:1.8.0_382]
	at org.apache.hadoop.security.UserGroupInformation.doAs(UserGroupInformation.java:1899) [hadoop-common-3.3.6.jar:?]
	at org.apache.hadoop.ipc.Server$Handler.run(Server.java:3048) [hadoop-common-3.3.6.jar:?]
]]></system-out>
  </testcase>
  <testcase name="testRenameToExistingDir" classname="TestOzoneFileSystem" time="0.025">
    <system-out><![CDATA[11:18:15.962 [IPC Server handler 17 on default port 15057] ERROR OMAudit - user=runner | ip=127.0.0.1 | op=LIST_STATUS {volume=volume79664, bucket=bucket82507, key=b/a, dataSize=0, replicationConfig=null} | ret=FAILURE
org.apache.hadoop.ozone.om.exceptions.OMException: Unable to get file status: volume: volume79664 bucket: bucket82507 key: b/a
	at org.apache.hadoop.ozone.om.KeyManagerImpl.getOzoneFileStatus(KeyManagerImpl.java:1195) ~[ozone-manager-1.4.0-SNAPSHOT.jar:?]
	at org.apache.hadoop.ozone.om.KeyManagerImpl.getFileStatus(KeyManagerImpl.java:1113) ~[ozone-manager-1.4.0-SNAPSHOT.jar:?]
	at org.apache.hadoop.ozone.om.KeyManagerImpl.listStatus(KeyManagerImpl.java:1505) ~[ozone-manager-1.4.0-SNAPSHOT.jar:?]
	at org.apache.hadoop.ozone.om.OmMetadataReader.listStatus(OmMetadataReader.java:235) ~[ozone-manager-1.4.0-SNAPSHOT.jar:?]
	at org.apache.hadoop.ozone.om.OzoneManager.listStatus(OzoneManager.java:3560) ~[ozone-manager-1.4.0-SNAPSHOT.jar:?]
	at org.apache.hadoop.ozone.protocolPB.OzoneManagerRequestHandler.listStatus(OzoneManagerRequestHandler.java:1143) ~[ozone-manager-1.4.0-SNAPSHOT.jar:?]
	at org.apache.hadoop.ozone.protocolPB.OzoneManagerRequestHandler.handleReadRequest(OzoneManagerRequestHandler.java:261) ~[ozone-manager-1.4.0-SNAPSHOT.jar:?]
	at org.apache.hadoop.ozone.protocolPB.OzoneManagerProtocolServerSideTranslatorPB.submitRequestDirectlyToOM(OzoneManagerProtocolServerSideTranslatorPB.java:274) ~[ozone-manager-1.4.0-SNAPSHOT.jar:?]
	at org.apache.hadoop.ozone.protocolPB.OzoneManagerProtocolServerSideTranslatorPB.processRequest(OzoneManagerProtocolServerSideTranslatorPB.java:175) ~[ozone-manager-1.4.0-SNAPSHOT.jar:?]
	at org.apache.hadoop.hdds.server.OzoneProtocolMessageDispatcher.processRequest(OzoneProtocolMessageDispatcher.java:87) [hdds-server-framework-1.4.0-SNAPSHOT.jar:?]
	at org.apache.hadoop.ozone.protocolPB.OzoneManagerProtocolServerSideTranslatorPB.submitRequest(OzoneManagerProtocolServerSideTranslatorPB.java:148) [ozone-manager-1.4.0-SNAPSHOT.jar:?]
	at org.apache.hadoop.ozone.protocol.proto.OzoneManagerProtocolProtos$OzoneManagerService$2.callBlockingMethod(OzoneManagerProtocolProtos.java) [ozone-interface-client-1.4.0-SNAPSHOT.jar:?]
	at org.apache.hadoop.ipc.ProtobufRpcEngine$Server.processCall(ProtobufRpcEngine.java:484) [hadoop-common-3.3.6.jar:?]
	at org.apache.hadoop.ipc.ProtobufRpcEngine2$Server$ProtoBufRpcInvoker.call(ProtobufRpcEngine2.java:595) [hadoop-common-3.3.6.jar:?]
	at org.apache.hadoop.ipc.ProtobufRpcEngine2$Server$ProtoBufRpcInvoker.call(ProtobufRpcEngine2.java:573) [hadoop-common-3.3.6.jar:?]
	at org.apache.hadoop.ipc.RPC$Server.call(RPC.java:1227) [hadoop-common-3.3.6.jar:?]
	at org.apache.hadoop.ipc.Server$RpcCall.run(Server.java:1094) [hadoop-common-3.3.6.jar:?]
	at org.apache.hadoop.ipc.Server$RpcCall.run(Server.java:1017) [hadoop-common-3.3.6.jar:?]
	at java.security.AccessController.doPrivileged(Native Method) ~[?:1.8.0_382]
	at javax.security.auth.Subject.doAs(Subject.java:422) [?:1.8.0_382]
	at org.apache.hadoop.security.UserGroupInformation.doAs(UserGroupInformation.java:1899) [hadoop-common-3.3.6.jar:?]
	at org.apache.hadoop.ipc.Server$Handler.run(Server.java:3048) [hadoop-common-3.3.6.jar:?]
]]></system-out>
  </testcase>
  <testcase name="testRenameToExistingDir" classname="TestOzoneFileSystem" time="0.028">
    <system-out><![CDATA[11:19:34.054 [IPC Server handler 16 on default port 15110] ERROR OMAudit - user=runner | ip=127.0.0.1 | op=LIST_STATUS {volume=volume57283, bucket=bucket81356, key=b/a, dataSize=0, replicationConfig=null} | ret=FAILURE
org.apache.hadoop.ozone.om.exceptions.OMException: Unable to get file status: volume: volume57283 bucket: bucket81356 key: b/a
	at org.apache.hadoop.ozone.om.KeyManagerImpl.getOzoneFileStatus(KeyManagerImpl.java:1195) ~[ozone-manager-1.4.0-SNAPSHOT.jar:?]
	at org.apache.hadoop.ozone.om.KeyManagerImpl.getFileStatus(KeyManagerImpl.java:1113) ~[ozone-manager-1.4.0-SNAPSHOT.jar:?]
	at org.apache.hadoop.ozone.om.KeyManagerImpl.listStatus(KeyManagerImpl.java:1505) ~[ozone-manager-1.4.0-SNAPSHOT.jar:?]
	at org.apache.hadoop.ozone.om.OmMetadataReader.listStatus(OmMetadataReader.java:235) ~[ozone-manager-1.4.0-SNAPSHOT.jar:?]
	at org.apache.hadoop.ozone.om.OzoneManager.listStatus(OzoneManager.java:3560) ~[ozone-manager-1.4.0-SNAPSHOT.jar:?]
	at org.apache.hadoop.ozone.protocolPB.OzoneManagerRequestHandler.listStatus(OzoneManagerRequestHandler.java:1143) ~[ozone-manager-1.4.0-SNAPSHOT.jar:?]
	at org.apache.hadoop.ozone.protocolPB.OzoneManagerRequestHandler.handleReadRequest(OzoneManagerRequestHandler.java:261) ~[ozone-manager-1.4.0-SNAPSHOT.jar:?]
	at org.apache.hadoop.ozone.protocolPB.OzoneManagerProtocolServerSideTranslatorPB.submitReadRequestToOM(OzoneManagerProtocolServerSideTranslatorPB.java:225) ~[ozone-manager-1.4.0-SNAPSHOT.jar:?]
	at org.apache.hadoop.ozone.protocolPB.OzoneManagerProtocolServerSideTranslatorPB.processRequest(OzoneManagerProtocolServerSideTranslatorPB.java:179) ~[ozone-manager-1.4.0-SNAPSHOT.jar:?]
	at org.apache.hadoop.hdds.server.OzoneProtocolMessageDispatcher.processRequest(OzoneProtocolMessageDispatcher.java:87) [hdds-server-framework-1.4.0-SNAPSHOT.jar:?]
	at org.apache.hadoop.ozone.protocolPB.OzoneManagerProtocolServerSideTranslatorPB.submitRequest(OzoneManagerProtocolServerSideTranslatorPB.java:148) [ozone-manager-1.4.0-SNAPSHOT.jar:?]
	at org.apache.hadoop.ozone.protocol.proto.OzoneManagerProtocolProtos$OzoneManagerService$2.callBlockingMethod(OzoneManagerProtocolProtos.java) [ozone-interface-client-1.4.0-SNAPSHOT.jar:?]
	at org.apache.hadoop.ipc.ProtobufRpcEngine$Server.processCall(ProtobufRpcEngine.java:484) [hadoop-common-3.3.6.jar:?]
	at org.apache.hadoop.ipc.ProtobufRpcEngine2$Server$ProtoBufRpcInvoker.call(ProtobufRpcEngine2.java:595) [hadoop-common-3.3.6.jar:?]
	at org.apache.hadoop.ipc.ProtobufRpcEngine2$Server$ProtoBufRpcInvoker.call(ProtobufRpcEngine2.java:573) [hadoop-common-3.3.6.jar:?]
	at org.apache.hadoop.ipc.RPC$Server.call(RPC.java:1227) [hadoop-common-3.3.6.jar:?]
	at org.apache.hadoop.ipc.Server$RpcCall.run(Server.java:1094) [hadoop-common-3.3.6.jar:?]
	at org.apache.hadoop.ipc.Server$RpcCall.run(Server.java:1017) [hadoop-common-3.3.6.jar:?]
	at java.security.AccessController.doPrivileged(Native Method) ~[?:1.8.0_382]
	at javax.security.auth.Subject.doAs(Subject.java:422) [?:1.8.0_382]
	at org.apache.hadoop.security.UserGroupInformation.doAs(UserGroupInformation.java:1899) [hadoop-common-3.3.6.jar:?]
	at org.apache.hadoop.ipc.Server$Handler.run(Server.java:3048) [hadoop-common-3.3.6.jar:?]
]]></system-out>
  </testcase>
  <testcase name="testRenameToExistingDir" classname="TestOzoneFileSystem" time="0.031">
    <system-out><![CDATA[11:21:00.007 [IPC Server handler 15 on default port 15163] ERROR OMAudit - user=runner | ip=127.0.0.1 | op=LIST_STATUS {volume=volume69610, bucket=bucket82402, key=b/a, dataSize=0, replicationConfig=null} | ret=FAILURE
org.apache.hadoop.ozone.om.exceptions.OMException: Unable to get file status: volume: volume69610 bucket: bucket82402 key: b/a
	at org.apache.hadoop.ozone.om.KeyManagerImpl.getOzoneFileStatus(KeyManagerImpl.java:1195) ~[ozone-manager-1.4.0-SNAPSHOT.jar:?]
	at org.apache.hadoop.ozone.om.KeyManagerImpl.getFileStatus(KeyManagerImpl.java:1113) ~[ozone-manager-1.4.0-SNAPSHOT.jar:?]
	at org.apache.hadoop.ozone.om.KeyManagerImpl.listStatus(KeyManagerImpl.java:1505) ~[ozone-manager-1.4.0-SNAPSHOT.jar:?]
	at org.apache.hadoop.ozone.om.OmMetadataReader.listStatus(OmMetadataReader.java:235) ~[ozone-manager-1.4.0-SNAPSHOT.jar:?]
	at org.apache.hadoop.ozone.om.OzoneManager.listStatus(OzoneManager.java:3560) ~[ozone-manager-1.4.0-SNAPSHOT.jar:?]
	at org.apache.hadoop.ozone.protocolPB.OzoneManagerRequestHandler.listStatus(OzoneManagerRequestHandler.java:1143) ~[ozone-manager-1.4.0-SNAPSHOT.jar:?]
	at org.apache.hadoop.ozone.protocolPB.OzoneManagerRequestHandler.handleReadRequest(OzoneManagerRequestHandler.java:261) ~[ozone-manager-1.4.0-SNAPSHOT.jar:?]
	at org.apache.hadoop.ozone.protocolPB.OzoneManagerProtocolServerSideTranslatorPB.submitRequestDirectlyToOM(OzoneManagerProtocolServerSideTranslatorPB.java:274) ~[ozone-manager-1.4.0-SNAPSHOT.jar:?]
	at org.apache.hadoop.ozone.protocolPB.OzoneManagerProtocolServerSideTranslatorPB.processRequest(OzoneManagerProtocolServerSideTranslatorPB.java:175) ~[ozone-manager-1.4.0-SNAPSHOT.jar:?]
	at org.apache.hadoop.hdds.server.OzoneProtocolMessageDispatcher.processRequest(OzoneProtocolMessageDispatcher.java:87) [hdds-server-framework-1.4.0-SNAPSHOT.jar:?]
	at org.apache.hadoop.ozone.protocolPB.OzoneManagerProtocolServerSideTranslatorPB.submitRequest(OzoneManagerProtocolServerSideTranslatorPB.java:148) [ozone-manager-1.4.0-SNAPSHOT.jar:?]
	at org.apache.hadoop.ozone.protocol.proto.OzoneManagerProtocolProtos$OzoneManagerService$2.callBlockingMethod(OzoneManagerProtocolProtos.java) [ozone-interface-client-1.4.0-SNAPSHOT.jar:?]
	at org.apache.hadoop.ipc.ProtobufRpcEngine$Server.processCall(ProtobufRpcEngine.java:484) [hadoop-common-3.3.6.jar:?]
	at org.apache.hadoop.ipc.ProtobufRpcEngine2$Server$ProtoBufRpcInvoker.call(ProtobufRpcEngine2.java:595) [hadoop-common-3.3.6.jar:?]
	at org.apache.hadoop.ipc.ProtobufRpcEngine2$Server$ProtoBufRpcInvoker.call(ProtobufRpcEngine2.java:573) [hadoop-common-3.3.6.jar:?]
	at org.apache.hadoop.ipc.RPC$Server.call(RPC.java:1227) [hadoop-common-3.3.6.jar:?]
	at org.apache.hadoop.ipc.Server$RpcCall.run(Server.java:1094) [hadoop-common-3.3.6.jar:?]
	at org.apache.hadoop.ipc.Server$RpcCall.run(Server.java:1017) [hadoop-common-3.3.6.jar:?]
	at java.security.AccessController.doPrivileged(Native Method) ~[?:1.8.0_382]
	at javax.security.auth.Subject.doAs(Subject.java:422) [?:1.8.0_382]
	at org.apache.hadoop.security.UserGroupInformation.doAs(UserGroupInformation.java:1899) [hadoop-common-3.3.6.jar:?]
	at org.apache.hadoop.ipc.Server$Handler.run(Server.java:3048) [hadoop-common-3.3.6.jar:?]
]]></system-out>
  </testcase>
  <testcase name="testRenameDirToItsOwnSubDir" classname="TestOzoneFileSystem" time="0.04">
    <system-out><![CDATA[2023-09-08 11:16:38,039 [Time-limited test] INFO  ozone.TestOzoneFileSystem (TestOzoneFileSystem.java:testRenameDirToItsOwnSubDir(1177)) - Created dir1 o3fs://bucket78113.volume76163/root/dir1/sub_dir1
2023-09-08 11:16:38,039 [Time-limited test] INFO  ozone.TestOzoneFileSystem (TestOzoneFileSystem.java:testRenameDirToItsOwnSubDir(1180)) - Rename op-> source:o3fs://bucket78113.volume76163/root to destin:o3fs://bucket78113.volume76163/root/dir1/sub_dir1
]]></system-out>
  </testcase>
  <testcase name="testRenameDirToItsOwnSubDir" classname="TestOzoneFileSystem" time="0.013">
    <system-out><![CDATA[2023-09-08 11:18:15,981 [Time-limited test] INFO  ozone.TestOzoneFileSystem (TestOzoneFileSystem.java:testRenameDirToItsOwnSubDir(1177)) - Created dir1 o3fs://bucket82507.volume79664/root/dir1/sub_dir1
2023-09-08 11:18:15,982 [Time-limited test] INFO  ozone.TestOzoneFileSystem (TestOzoneFileSystem.java:testRenameDirToItsOwnSubDir(1180)) - Rename op-> source:o3fs://bucket82507.volume79664/root to destin:o3fs://bucket82507.volume79664/root/dir1/sub_dir1
]]></system-out>
  </testcase>
  <testcase name="testRenameDirToItsOwnSubDir" classname="TestOzoneFileSystem" time="0.011">
    <system-out><![CDATA[2023-09-08 11:19:34,077 [Time-limited test] INFO  ozone.TestOzoneFileSystem (TestOzoneFileSystem.java:testRenameDirToItsOwnSubDir(1177)) - Created dir1 o3fs://bucket81356.volume57283/root/dir1/sub_dir1
2023-09-08 11:19:34,077 [Time-limited test] INFO  ozone.TestOzoneFileSystem (TestOzoneFileSystem.java:testRenameDirToItsOwnSubDir(1180)) - Rename op-> source:o3fs://bucket81356.volume57283/root to destin:o3fs://bucket81356.volume57283/root/dir1/sub_dir1
]]></system-out>
  </testcase>
  <testcase name="testRenameDirToItsOwnSubDir" classname="TestOzoneFileSystem" time="0.013">
    <system-out><![CDATA[2023-09-08 11:21:00,028 [Time-limited test] INFO  ozone.TestOzoneFileSystem (TestOzoneFileSystem.java:testRenameDirToItsOwnSubDir(1177)) - Created dir1 o3fs://bucket82402.volume69610/root/dir1/sub_dir1
2023-09-08 11:21:00,028 [Time-limited test] INFO  ozone.TestOzoneFileSystem (TestOzoneFileSystem.java:testRenameDirToItsOwnSubDir(1180)) - Rename op-> source:o3fs://bucket82402.volume69610/root to destin:o3fs://bucket82402.volume69610/root/dir1/sub_dir1
]]></system-out>
  </testcase>
  <testcase name="testGetDirectoryModificationTime" classname="TestOzoneFileSystem" time="0.21"/>
  <testcase name="testGetDirectoryModificationTime" classname="TestOzoneFileSystem" time="0.141"/>
  <testcase name="testGetDirectoryModificationTime" classname="TestOzoneFileSystem" time="0.132"/>
  <testcase name="testGetDirectoryModificationTime" classname="TestOzoneFileSystem" time="0.133"/>
  <testcase name="testOzoneFsServiceLoader" classname="TestOzoneFileSystem" time="0.006"/>
  <testcase name="testOzoneFsServiceLoader" classname="TestOzoneFileSystem" time="0.004"/>
  <testcase name="testOzoneFsServiceLoader" classname="TestOzoneFileSystem" time="0.002"/>
  <testcase name="testOzoneFsServiceLoader" classname="TestOzoneFileSystem" time="0.002"/>
  <testcase name="testTrash" classname="TestOzoneFileSystem" time="3.832">
    <system-out><![CDATA[11:16:38.306 [IPC Server handler 16 on default port 15004] ERROR OMAudit - user=runner | ip=127.0.0.1 | op=GET_FILE_STATUS {volume=volume76163, bucket=bucket78113, key=.Trash/runner, dataSize=0, replicationConfig=null} | ret=FAILURE
org.apache.hadoop.ozone.om.exceptions.OMException: Unable to get file status: volume: volume76163 bucket: bucket78113 key: .Trash/runner
	at org.apache.hadoop.ozone.om.KeyManagerImpl.getOzoneFileStatus(KeyManagerImpl.java:1195) ~[ozone-manager-1.4.0-SNAPSHOT.jar:?]
	at org.apache.hadoop.ozone.om.KeyManagerImpl.getFileStatus(KeyManagerImpl.java:1113) ~[ozone-manager-1.4.0-SNAPSHOT.jar:?]
	at org.apache.hadoop.ozone.om.OmMetadataReader.getFileStatus(OmMetadataReader.java:262) ~[ozone-manager-1.4.0-SNAPSHOT.jar:?]
	at org.apache.hadoop.ozone.om.OzoneManager.getFileStatus(OzoneManager.java:3530) ~[ozone-manager-1.4.0-SNAPSHOT.jar:?]
	at org.apache.hadoop.ozone.protocolPB.OzoneManagerRequestHandler.getOzoneFileStatus(OzoneManagerRequestHandler.java:971) ~[ozone-manager-1.4.0-SNAPSHOT.jar:?]
	at org.apache.hadoop.ozone.protocolPB.OzoneManagerRequestHandler.handleReadRequest(OzoneManagerRequestHandler.java:250) ~[ozone-manager-1.4.0-SNAPSHOT.jar:?]
	at org.apache.hadoop.ozone.protocolPB.OzoneManagerProtocolServerSideTranslatorPB.submitReadRequestToOM(OzoneManagerProtocolServerSideTranslatorPB.java:225) ~[ozone-manager-1.4.0-SNAPSHOT.jar:?]
	at org.apache.hadoop.ozone.protocolPB.OzoneManagerProtocolServerSideTranslatorPB.processRequest(OzoneManagerProtocolServerSideTranslatorPB.java:179) ~[ozone-manager-1.4.0-SNAPSHOT.jar:?]
	at org.apache.hadoop.hdds.server.OzoneProtocolMessageDispatcher.processRequest(OzoneProtocolMessageDispatcher.java:87) [hdds-server-framework-1.4.0-SNAPSHOT.jar:?]
	at org.apache.hadoop.ozone.protocolPB.OzoneManagerProtocolServerSideTranslatorPB.submitRequest(OzoneManagerProtocolServerSideTranslatorPB.java:148) [ozone-manager-1.4.0-SNAPSHOT.jar:?]
	at org.apache.hadoop.ozone.protocol.proto.OzoneManagerProtocolProtos$OzoneManagerService$2.callBlockingMethod(OzoneManagerProtocolProtos.java) [ozone-interface-client-1.4.0-SNAPSHOT.jar:?]
	at org.apache.hadoop.ipc.ProtobufRpcEngine$Server.processCall(ProtobufRpcEngine.java:484) [hadoop-common-3.3.6.jar:?]
	at org.apache.hadoop.ipc.ProtobufRpcEngine2$Server$ProtoBufRpcInvoker.call(ProtobufRpcEngine2.java:595) [hadoop-common-3.3.6.jar:?]
	at org.apache.hadoop.ipc.ProtobufRpcEngine2$Server$ProtoBufRpcInvoker.call(ProtobufRpcEngine2.java:573) [hadoop-common-3.3.6.jar:?]
	at org.apache.hadoop.ipc.RPC$Server.call(RPC.java:1227) [hadoop-common-3.3.6.jar:?]
	at org.apache.hadoop.ipc.Server$RpcCall.run(Server.java:1094) [hadoop-common-3.3.6.jar:?]
	at org.apache.hadoop.ipc.Server$RpcCall.run(Server.java:1017) [hadoop-common-3.3.6.jar:?]
	at java.security.AccessController.doPrivileged(Native Method) ~[?:1.8.0_382]
	at javax.security.auth.Subject.doAs(Subject.java:422) [?:1.8.0_382]
	at org.apache.hadoop.security.UserGroupInformation.doAs(UserGroupInformation.java:1899) [hadoop-common-3.3.6.jar:?]
	at org.apache.hadoop.ipc.Server$Handler.run(Server.java:3048) [hadoop-common-3.3.6.jar:?]
11:16:38.316 [IPC Server handler 9 on default port 15004] ERROR OMAudit - user=runner | ip=127.0.0.1 | op=GET_FILE_STATUS {volume=volume76163, bucket=bucket78113, key=.Trash/runner/Current/testKey2, dataSize=0, replicationConfig=null} | ret=FAILURE
org.apache.hadoop.ozone.om.exceptions.OMException: Unable to get file status: volume: volume76163 bucket: bucket78113 key: .Trash/runner/Current/testKey2
	at org.apache.hadoop.ozone.om.KeyManagerImpl.getOzoneFileStatus(KeyManagerImpl.java:1195) ~[ozone-manager-1.4.0-SNAPSHOT.jar:?]
	at org.apache.hadoop.ozone.om.KeyManagerImpl.getFileStatus(KeyManagerImpl.java:1113) ~[ozone-manager-1.4.0-SNAPSHOT.jar:?]
	at org.apache.hadoop.ozone.om.OmMetadataReader.getFileStatus(OmMetadataReader.java:262) ~[ozone-manager-1.4.0-SNAPSHOT.jar:?]
	at org.apache.hadoop.ozone.om.OzoneManager.getFileStatus(OzoneManager.java:3530) ~[ozone-manager-1.4.0-SNAPSHOT.jar:?]
	at org.apache.hadoop.ozone.protocolPB.OzoneManagerRequestHandler.getOzoneFileStatus(OzoneManagerRequestHandler.java:971) ~[ozone-manager-1.4.0-SNAPSHOT.jar:?]
	at org.apache.hadoop.ozone.protocolPB.OzoneManagerRequestHandler.handleReadRequest(OzoneManagerRequestHandler.java:250) ~[ozone-manager-1.4.0-SNAPSHOT.jar:?]
	at org.apache.hadoop.ozone.protocolPB.OzoneManagerProtocolServerSideTranslatorPB.submitReadRequestToOM(OzoneManagerProtocolServerSideTranslatorPB.java:225) ~[ozone-manager-1.4.0-SNAPSHOT.jar:?]
	at org.apache.hadoop.ozone.protocolPB.OzoneManagerProtocolServerSideTranslatorPB.processRequest(OzoneManagerProtocolServerSideTranslatorPB.java:179) ~[ozone-manager-1.4.0-SNAPSHOT.jar:?]
	at org.apache.hadoop.hdds.server.OzoneProtocolMessageDispatcher.processRequest(OzoneProtocolMessageDispatcher.java:87) [hdds-server-framework-1.4.0-SNAPSHOT.jar:?]
	at org.apache.hadoop.ozone.protocolPB.OzoneManagerProtocolServerSideTranslatorPB.submitRequest(OzoneManagerProtocolServerSideTranslatorPB.java:148) [ozone-manager-1.4.0-SNAPSHOT.jar:?]
	at org.apache.hadoop.ozone.protocol.proto.OzoneManagerProtocolProtos$OzoneManagerService$2.callBlockingMethod(OzoneManagerProtocolProtos.java) [ozone-interface-client-1.4.0-SNAPSHOT.jar:?]
	at org.apache.hadoop.ipc.ProtobufRpcEngine$Server.processCall(ProtobufRpcEngine.java:484) [hadoop-common-3.3.6.jar:?]
	at org.apache.hadoop.ipc.ProtobufRpcEngine2$Server$ProtoBufRpcInvoker.call(ProtobufRpcEngine2.java:595) [hadoop-common-3.3.6.jar:?]
	at org.apache.hadoop.ipc.ProtobufRpcEngine2$Server$ProtoBufRpcInvoker.call(ProtobufRpcEngine2.java:573) [hadoop-common-3.3.6.jar:?]
	at org.apache.hadoop.ipc.RPC$Server.call(RPC.java:1227) [hadoop-common-3.3.6.jar:?]
	at org.apache.hadoop.ipc.Server$RpcCall.run(Server.java:1094) [hadoop-common-3.3.6.jar:?]
	at org.apache.hadoop.ipc.Server$RpcCall.run(Server.java:1017) [hadoop-common-3.3.6.jar:?]
	at java.security.AccessController.doPrivileged(Native Method) ~[?:1.8.0_382]
	at javax.security.auth.Subject.doAs(Subject.java:422) [?:1.8.0_382]
	at org.apache.hadoop.security.UserGroupInformation.doAs(UserGroupInformation.java:1899) [hadoop-common-3.3.6.jar:?]
	at org.apache.hadoop.ipc.Server$Handler.run(Server.java:3048) [hadoop-common-3.3.6.jar:?]
11:16:38.320 [IPC Server handler 2 on default port 15004] ERROR OMAudit - user=runner | ip=127.0.0.1 | op=GET_FILE_STATUS {volume=volume76163, bucket=bucket78113, key=.Trash/runner/Current/testKey2, dataSize=0, replicationConfig=null} | ret=FAILURE
org.apache.hadoop.ozone.om.exceptions.OMException: Unable to get file status: volume: volume76163 bucket: bucket78113 key: .Trash/runner/Current/testKey2
	at org.apache.hadoop.ozone.om.KeyManagerImpl.getOzoneFileStatus(KeyManagerImpl.java:1195) ~[ozone-manager-1.4.0-SNAPSHOT.jar:?]
	at org.apache.hadoop.ozone.om.KeyManagerImpl.getFileStatus(KeyManagerImpl.java:1113) ~[ozone-manager-1.4.0-SNAPSHOT.jar:?]
	at org.apache.hadoop.ozone.om.OmMetadataReader.getFileStatus(OmMetadataReader.java:262) ~[ozone-manager-1.4.0-SNAPSHOT.jar:?]
	at org.apache.hadoop.ozone.om.OzoneManager.getFileStatus(OzoneManager.java:3530) ~[ozone-manager-1.4.0-SNAPSHOT.jar:?]
	at org.apache.hadoop.ozone.protocolPB.OzoneManagerRequestHandler.getOzoneFileStatus(OzoneManagerRequestHandler.java:971) ~[ozone-manager-1.4.0-SNAPSHOT.jar:?]
	at org.apache.hadoop.ozone.protocolPB.OzoneManagerRequestHandler.handleReadRequest(OzoneManagerRequestHandler.java:250) ~[ozone-manager-1.4.0-SNAPSHOT.jar:?]
	at org.apache.hadoop.ozone.protocolPB.OzoneManagerProtocolServerSideTranslatorPB.submitReadRequestToOM(OzoneManagerProtocolServerSideTranslatorPB.java:225) ~[ozone-manager-1.4.0-SNAPSHOT.jar:?]
	at org.apache.hadoop.ozone.protocolPB.OzoneManagerProtocolServerSideTranslatorPB.processRequest(OzoneManagerProtocolServerSideTranslatorPB.java:179) ~[ozone-manager-1.4.0-SNAPSHOT.jar:?]
	at org.apache.hadoop.hdds.server.OzoneProtocolMessageDispatcher.processRequest(OzoneProtocolMessageDispatcher.java:87) [hdds-server-framework-1.4.0-SNAPSHOT.jar:?]
	at org.apache.hadoop.ozone.protocolPB.OzoneManagerProtocolServerSideTranslatorPB.submitRequest(OzoneManagerProtocolServerSideTranslatorPB.java:148) [ozone-manager-1.4.0-SNAPSHOT.jar:?]
	at org.apache.hadoop.ozone.protocol.proto.OzoneManagerProtocolProtos$OzoneManagerService$2.callBlockingMethod(OzoneManagerProtocolProtos.java) [ozone-interface-client-1.4.0-SNAPSHOT.jar:?]
	at org.apache.hadoop.ipc.ProtobufRpcEngine$Server.processCall(ProtobufRpcEngine.java:484) [hadoop-common-3.3.6.jar:?]
	at org.apache.hadoop.ipc.ProtobufRpcEngine2$Server$ProtoBufRpcInvoker.call(ProtobufRpcEngine2.java:595) [hadoop-common-3.3.6.jar:?]
	at org.apache.hadoop.ipc.ProtobufRpcEngine2$Server$ProtoBufRpcInvoker.call(ProtobufRpcEngine2.java:573) [hadoop-common-3.3.6.jar:?]
	at org.apache.hadoop.ipc.RPC$Server.call(RPC.java:1227) [hadoop-common-3.3.6.jar:?]
	at org.apache.hadoop.ipc.Server$RpcCall.run(Server.java:1094) [hadoop-common-3.3.6.jar:?]
	at org.apache.hadoop.ipc.Server$RpcCall.run(Server.java:1017) [hadoop-common-3.3.6.jar:?]
	at java.security.AccessController.doPrivileged(Native Method) ~[?:1.8.0_382]
	at javax.security.auth.Subject.doAs(Subject.java:422) [?:1.8.0_382]
	at org.apache.hadoop.security.UserGroupInformation.doAs(UserGroupInformation.java:1899) [hadoop-common-3.3.6.jar:?]
	at org.apache.hadoop.ipc.Server$Handler.run(Server.java:3048) [hadoop-common-3.3.6.jar:?]
2023-09-08 11:16:38,333 [Time-limited test] INFO  om.TrashPolicyOzone (TrashPolicyOzone.java:moveToTrash(209)) - Moved: '/testKey2' to trash at: o3fs://bucket78113.volume76163/.Trash/runner/Current/testKey2
11:16:39.065 [IPC Server handler 7 on default port 15004] ERROR OMAudit - user=runner | ip=127.0.0.1 | op=GET_FILE_STATUS {volume=volume76163, bucket=bucket78113, key=.Trash/runner/Current/testKey2, dataSize=0, replicationConfig=null} | ret=FAILURE
org.apache.hadoop.ozone.om.exceptions.OMException: Unable to get file status: volume: volume76163 bucket: bucket78113 key: .Trash/runner/Current/testKey2
	at org.apache.hadoop.ozone.om.KeyManagerImpl.getOzoneFileStatus(KeyManagerImpl.java:1195) ~[ozone-manager-1.4.0-SNAPSHOT.jar:?]
	at org.apache.hadoop.ozone.om.KeyManagerImpl.getFileStatus(KeyManagerImpl.java:1113) ~[ozone-manager-1.4.0-SNAPSHOT.jar:?]
	at org.apache.hadoop.ozone.om.OmMetadataReader.getFileStatus(OmMetadataReader.java:262) ~[ozone-manager-1.4.0-SNAPSHOT.jar:?]
	at org.apache.hadoop.ozone.om.OzoneManager.getFileStatus(OzoneManager.java:3530) ~[ozone-manager-1.4.0-SNAPSHOT.jar:?]
	at org.apache.hadoop.ozone.protocolPB.OzoneManagerRequestHandler.getOzoneFileStatus(OzoneManagerRequestHandler.java:971) ~[ozone-manager-1.4.0-SNAPSHOT.jar:?]
	at org.apache.hadoop.ozone.protocolPB.OzoneManagerRequestHandler.handleReadRequest(OzoneManagerRequestHandler.java:250) ~[ozone-manager-1.4.0-SNAPSHOT.jar:?]
	at org.apache.hadoop.ozone.protocolPB.OzoneManagerProtocolServerSideTranslatorPB.submitReadRequestToOM(OzoneManagerProtocolServerSideTranslatorPB.java:225) ~[ozone-manager-1.4.0-SNAPSHOT.jar:?]
	at org.apache.hadoop.ozone.protocolPB.OzoneManagerProtocolServerSideTranslatorPB.processRequest(OzoneManagerProtocolServerSideTranslatorPB.java:179) ~[ozone-manager-1.4.0-SNAPSHOT.jar:?]
	at org.apache.hadoop.hdds.server.OzoneProtocolMessageDispatcher.processRequest(OzoneProtocolMessageDispatcher.java:87) [hdds-server-framework-1.4.0-SNAPSHOT.jar:?]
	at org.apache.hadoop.ozone.protocolPB.OzoneManagerProtocolServerSideTranslatorPB.submitRequest(OzoneManagerProtocolServerSideTranslatorPB.java:148) [ozone-manager-1.4.0-SNAPSHOT.jar:?]
	at org.apache.hadoop.ozone.protocol.proto.OzoneManagerProtocolProtos$OzoneManagerService$2.callBlockingMethod(OzoneManagerProtocolProtos.java) [ozone-interface-client-1.4.0-SNAPSHOT.jar:?]
	at org.apache.hadoop.ipc.ProtobufRpcEngine$Server.processCall(ProtobufRpcEngine.java:484) [hadoop-common-3.3.6.jar:?]
	at org.apache.hadoop.ipc.ProtobufRpcEngine2$Server$ProtoBufRpcInvoker.call(ProtobufRpcEngine2.java:595) [hadoop-common-3.3.6.jar:?]
	at org.apache.hadoop.ipc.ProtobufRpcEngine2$Server$ProtoBufRpcInvoker.call(ProtobufRpcEngine2.java:573) [hadoop-common-3.3.6.jar:?]
	at org.apache.hadoop.ipc.RPC$Server.call(RPC.java:1227) [hadoop-common-3.3.6.jar:?]
	at org.apache.hadoop.ipc.Server$RpcCall.run(Server.java:1094) [hadoop-common-3.3.6.jar:?]
	at org.apache.hadoop.ipc.Server$RpcCall.run(Server.java:1017) [hadoop-common-3.3.6.jar:?]
	at java.security.AccessController.doPrivileged(Native Method) ~[?:1.8.0_382]
	at javax.security.auth.Subject.doAs(Subject.java:422) [?:1.8.0_382]
	at org.apache.hadoop.security.UserGroupInformation.doAs(UserGroupInformation.java:1899) [hadoop-common-3.3.6.jar:?]
	at org.apache.hadoop.ipc.Server$Handler.run(Server.java:3048) [hadoop-common-3.3.6.jar:?]
]]></system-out>
  </testcase>
  <testcase name="testTrash" classname="TestOzoneFileSystem" time="3.449">
    <system-out><![CDATA[11:18:16.144 [IPC Server handler 0 on default port 15057] ERROR OMAudit - user=runner | ip=127.0.0.1 | op=GET_FILE_STATUS {volume=volume79664, bucket=bucket82507, key=.Trash/runner, dataSize=0, replicationConfig=null} | ret=FAILURE
org.apache.hadoop.ozone.om.exceptions.OMException: Unable to get file status: volume: volume79664 bucket: bucket82507 key: .Trash/runner
	at org.apache.hadoop.ozone.om.KeyManagerImpl.getOzoneFileStatus(KeyManagerImpl.java:1195) ~[ozone-manager-1.4.0-SNAPSHOT.jar:?]
	at org.apache.hadoop.ozone.om.KeyManagerImpl.getFileStatus(KeyManagerImpl.java:1113) ~[ozone-manager-1.4.0-SNAPSHOT.jar:?]
	at org.apache.hadoop.ozone.om.OmMetadataReader.getFileStatus(OmMetadataReader.java:262) ~[ozone-manager-1.4.0-SNAPSHOT.jar:?]
	at org.apache.hadoop.ozone.om.OzoneManager.getFileStatus(OzoneManager.java:3530) ~[ozone-manager-1.4.0-SNAPSHOT.jar:?]
	at org.apache.hadoop.ozone.protocolPB.OzoneManagerRequestHandler.getOzoneFileStatus(OzoneManagerRequestHandler.java:971) ~[ozone-manager-1.4.0-SNAPSHOT.jar:?]
	at org.apache.hadoop.ozone.protocolPB.OzoneManagerRequestHandler.handleReadRequest(OzoneManagerRequestHandler.java:250) ~[ozone-manager-1.4.0-SNAPSHOT.jar:?]
	at org.apache.hadoop.ozone.protocolPB.OzoneManagerProtocolServerSideTranslatorPB.submitRequestDirectlyToOM(OzoneManagerProtocolServerSideTranslatorPB.java:274) ~[ozone-manager-1.4.0-SNAPSHOT.jar:?]
	at org.apache.hadoop.ozone.protocolPB.OzoneManagerProtocolServerSideTranslatorPB.processRequest(OzoneManagerProtocolServerSideTranslatorPB.java:175) ~[ozone-manager-1.4.0-SNAPSHOT.jar:?]
	at org.apache.hadoop.hdds.server.OzoneProtocolMessageDispatcher.processRequest(OzoneProtocolMessageDispatcher.java:87) [hdds-server-framework-1.4.0-SNAPSHOT.jar:?]
	at org.apache.hadoop.ozone.protocolPB.OzoneManagerProtocolServerSideTranslatorPB.submitRequest(OzoneManagerProtocolServerSideTranslatorPB.java:148) [ozone-manager-1.4.0-SNAPSHOT.jar:?]
	at org.apache.hadoop.ozone.protocol.proto.OzoneManagerProtocolProtos$OzoneManagerService$2.callBlockingMethod(OzoneManagerProtocolProtos.java) [ozone-interface-client-1.4.0-SNAPSHOT.jar:?]
	at org.apache.hadoop.ipc.ProtobufRpcEngine$Server.processCall(ProtobufRpcEngine.java:484) [hadoop-common-3.3.6.jar:?]
	at org.apache.hadoop.ipc.ProtobufRpcEngine2$Server$ProtoBufRpcInvoker.call(ProtobufRpcEngine2.java:595) [hadoop-common-3.3.6.jar:?]
	at org.apache.hadoop.ipc.ProtobufRpcEngine2$Server$ProtoBufRpcInvoker.call(ProtobufRpcEngine2.java:573) [hadoop-common-3.3.6.jar:?]
	at org.apache.hadoop.ipc.RPC$Server.call(RPC.java:1227) [hadoop-common-3.3.6.jar:?]
	at org.apache.hadoop.ipc.Server$RpcCall.run(Server.java:1094) [hadoop-common-3.3.6.jar:?]
	at org.apache.hadoop.ipc.Server$RpcCall.run(Server.java:1017) [hadoop-common-3.3.6.jar:?]
	at java.security.AccessController.doPrivileged(Native Method) ~[?:1.8.0_382]
	at javax.security.auth.Subject.doAs(Subject.java:422) [?:1.8.0_382]
	at org.apache.hadoop.security.UserGroupInformation.doAs(UserGroupInformation.java:1899) [hadoop-common-3.3.6.jar:?]
	at org.apache.hadoop.ipc.Server$Handler.run(Server.java:3048) [hadoop-common-3.3.6.jar:?]
11:18:16.148 [IPC Server handler 3 on default port 15057] ERROR OMAudit - user=runner | ip=127.0.0.1 | op=GET_FILE_STATUS {volume=volume79664, bucket=bucket82507, key=.Trash/runner/Current/testKey2, dataSize=0, replicationConfig=null} | ret=FAILURE
org.apache.hadoop.ozone.om.exceptions.OMException: Unable to get file status: volume: volume79664 bucket: bucket82507 key: .Trash/runner/Current/testKey2
	at org.apache.hadoop.ozone.om.KeyManagerImpl.getOzoneFileStatus(KeyManagerImpl.java:1195) ~[ozone-manager-1.4.0-SNAPSHOT.jar:?]
	at org.apache.hadoop.ozone.om.KeyManagerImpl.getFileStatus(KeyManagerImpl.java:1113) ~[ozone-manager-1.4.0-SNAPSHOT.jar:?]
	at org.apache.hadoop.ozone.om.OmMetadataReader.getFileStatus(OmMetadataReader.java:262) ~[ozone-manager-1.4.0-SNAPSHOT.jar:?]
	at org.apache.hadoop.ozone.om.OzoneManager.getFileStatus(OzoneManager.java:3530) ~[ozone-manager-1.4.0-SNAPSHOT.jar:?]
	at org.apache.hadoop.ozone.protocolPB.OzoneManagerRequestHandler.getOzoneFileStatus(OzoneManagerRequestHandler.java:971) ~[ozone-manager-1.4.0-SNAPSHOT.jar:?]
	at org.apache.hadoop.ozone.protocolPB.OzoneManagerRequestHandler.handleReadRequest(OzoneManagerRequestHandler.java:250) ~[ozone-manager-1.4.0-SNAPSHOT.jar:?]
	at org.apache.hadoop.ozone.protocolPB.OzoneManagerProtocolServerSideTranslatorPB.submitRequestDirectlyToOM(OzoneManagerProtocolServerSideTranslatorPB.java:274) ~[ozone-manager-1.4.0-SNAPSHOT.jar:?]
	at org.apache.hadoop.ozone.protocolPB.OzoneManagerProtocolServerSideTranslatorPB.processRequest(OzoneManagerProtocolServerSideTranslatorPB.java:175) ~[ozone-manager-1.4.0-SNAPSHOT.jar:?]
	at org.apache.hadoop.hdds.server.OzoneProtocolMessageDispatcher.processRequest(OzoneProtocolMessageDispatcher.java:87) [hdds-server-framework-1.4.0-SNAPSHOT.jar:?]
	at org.apache.hadoop.ozone.protocolPB.OzoneManagerProtocolServerSideTranslatorPB.submitRequest(OzoneManagerProtocolServerSideTranslatorPB.java:148) [ozone-manager-1.4.0-SNAPSHOT.jar:?]
	at org.apache.hadoop.ozone.protocol.proto.OzoneManagerProtocolProtos$OzoneManagerService$2.callBlockingMethod(OzoneManagerProtocolProtos.java) [ozone-interface-client-1.4.0-SNAPSHOT.jar:?]
	at org.apache.hadoop.ipc.ProtobufRpcEngine$Server.processCall(ProtobufRpcEngine.java:484) [hadoop-common-3.3.6.jar:?]
	at org.apache.hadoop.ipc.ProtobufRpcEngine2$Server$ProtoBufRpcInvoker.call(ProtobufRpcEngine2.java:595) [hadoop-common-3.3.6.jar:?]
	at org.apache.hadoop.ipc.ProtobufRpcEngine2$Server$ProtoBufRpcInvoker.call(ProtobufRpcEngine2.java:573) [hadoop-common-3.3.6.jar:?]
	at org.apache.hadoop.ipc.RPC$Server.call(RPC.java:1227) [hadoop-common-3.3.6.jar:?]
	at org.apache.hadoop.ipc.Server$RpcCall.run(Server.java:1094) [hadoop-common-3.3.6.jar:?]
	at org.apache.hadoop.ipc.Server$RpcCall.run(Server.java:1017) [hadoop-common-3.3.6.jar:?]
	at java.security.AccessController.doPrivileged(Native Method) ~[?:1.8.0_382]
	at javax.security.auth.Subject.doAs(Subject.java:422) [?:1.8.0_382]
	at org.apache.hadoop.security.UserGroupInformation.doAs(UserGroupInformation.java:1899) [hadoop-common-3.3.6.jar:?]
	at org.apache.hadoop.ipc.Server$Handler.run(Server.java:3048) [hadoop-common-3.3.6.jar:?]
11:18:16.150 [IPC Server handler 7 on default port 15057] ERROR OMAudit - user=runner | ip=127.0.0.1 | op=GET_FILE_STATUS {volume=volume79664, bucket=bucket82507, key=.Trash/runner/Current/testKey2, dataSize=0, replicationConfig=null} | ret=FAILURE
org.apache.hadoop.ozone.om.exceptions.OMException: Unable to get file status: volume: volume79664 bucket: bucket82507 key: .Trash/runner/Current/testKey2
	at org.apache.hadoop.ozone.om.KeyManagerImpl.getOzoneFileStatus(KeyManagerImpl.java:1195) ~[ozone-manager-1.4.0-SNAPSHOT.jar:?]
	at org.apache.hadoop.ozone.om.KeyManagerImpl.getFileStatus(KeyManagerImpl.java:1113) ~[ozone-manager-1.4.0-SNAPSHOT.jar:?]
	at org.apache.hadoop.ozone.om.OmMetadataReader.getFileStatus(OmMetadataReader.java:262) ~[ozone-manager-1.4.0-SNAPSHOT.jar:?]
	at org.apache.hadoop.ozone.om.OzoneManager.getFileStatus(OzoneManager.java:3530) ~[ozone-manager-1.4.0-SNAPSHOT.jar:?]
	at org.apache.hadoop.ozone.protocolPB.OzoneManagerRequestHandler.getOzoneFileStatus(OzoneManagerRequestHandler.java:971) ~[ozone-manager-1.4.0-SNAPSHOT.jar:?]
	at org.apache.hadoop.ozone.protocolPB.OzoneManagerRequestHandler.handleReadRequest(OzoneManagerRequestHandler.java:250) ~[ozone-manager-1.4.0-SNAPSHOT.jar:?]
	at org.apache.hadoop.ozone.protocolPB.OzoneManagerProtocolServerSideTranslatorPB.submitRequestDirectlyToOM(OzoneManagerProtocolServerSideTranslatorPB.java:274) ~[ozone-manager-1.4.0-SNAPSHOT.jar:?]
	at org.apache.hadoop.ozone.protocolPB.OzoneManagerProtocolServerSideTranslatorPB.processRequest(OzoneManagerProtocolServerSideTranslatorPB.java:175) ~[ozone-manager-1.4.0-SNAPSHOT.jar:?]
	at org.apache.hadoop.hdds.server.OzoneProtocolMessageDispatcher.processRequest(OzoneProtocolMessageDispatcher.java:87) [hdds-server-framework-1.4.0-SNAPSHOT.jar:?]
	at org.apache.hadoop.ozone.protocolPB.OzoneManagerProtocolServerSideTranslatorPB.submitRequest(OzoneManagerProtocolServerSideTranslatorPB.java:148) [ozone-manager-1.4.0-SNAPSHOT.jar:?]
	at org.apache.hadoop.ozone.protocol.proto.OzoneManagerProtocolProtos$OzoneManagerService$2.callBlockingMethod(OzoneManagerProtocolProtos.java) [ozone-interface-client-1.4.0-SNAPSHOT.jar:?]
	at org.apache.hadoop.ipc.ProtobufRpcEngine$Server.processCall(ProtobufRpcEngine.java:484) [hadoop-common-3.3.6.jar:?]
	at org.apache.hadoop.ipc.ProtobufRpcEngine2$Server$ProtoBufRpcInvoker.call(ProtobufRpcEngine2.java:595) [hadoop-common-3.3.6.jar:?]
	at org.apache.hadoop.ipc.ProtobufRpcEngine2$Server$ProtoBufRpcInvoker.call(ProtobufRpcEngine2.java:573) [hadoop-common-3.3.6.jar:?]
	at org.apache.hadoop.ipc.RPC$Server.call(RPC.java:1227) [hadoop-common-3.3.6.jar:?]
	at org.apache.hadoop.ipc.Server$RpcCall.run(Server.java:1094) [hadoop-common-3.3.6.jar:?]
	at org.apache.hadoop.ipc.Server$RpcCall.run(Server.java:1017) [hadoop-common-3.3.6.jar:?]
	at java.security.AccessController.doPrivileged(Native Method) ~[?:1.8.0_382]
	at javax.security.auth.Subject.doAs(Subject.java:422) [?:1.8.0_382]
	at org.apache.hadoop.security.UserGroupInformation.doAs(UserGroupInformation.java:1899) [hadoop-common-3.3.6.jar:?]
	at org.apache.hadoop.ipc.Server$Handler.run(Server.java:3048) [hadoop-common-3.3.6.jar:?]
2023-09-08 11:18:16,154 [Time-limited test] INFO  om.TrashPolicyOzone (TrashPolicyOzone.java:moveToTrash(209)) - Moved: '/testKey2' to trash at: o3fs://bucket82507.volume79664/.Trash/runner/Current/testKey2
2023-09-08 11:18:16,256 [cc8e8696-e38e-4ced-9d90-ae7c9c418c99@group-79A5F6026B9F-FollowerState] INFO  impl.FollowerState (FollowerState.java:run(143)) - cc8e8696-e38e-4ced-9d90-ae7c9c418c99@group-79A5F6026B9F-FollowerState: change to CANDIDATE, lastRpcElapsedTime:5172198688ns, electionTimeout:5166ms
2023-09-08 11:18:16,257 [cc8e8696-e38e-4ced-9d90-ae7c9c418c99@group-79A5F6026B9F-FollowerState] INFO  impl.RoleInfo (RoleInfo.java:shutdownFollowerState(110)) - cc8e8696-e38e-4ced-9d90-ae7c9c418c99: shutdown cc8e8696-e38e-4ced-9d90-ae7c9c418c99@group-79A5F6026B9F-FollowerState
2023-09-08 11:18:16,257 [cc8e8696-e38e-4ced-9d90-ae7c9c418c99@group-79A5F6026B9F-FollowerState] INFO  server.RaftServer$Division (RaftServerImpl.java:setRole(329)) - cc8e8696-e38e-4ced-9d90-ae7c9c418c99@group-79A5F6026B9F: changes role from  FOLLOWER to CANDIDATE at term 0 for changeToCandidate
2023-09-08 11:18:16,257 [cc8e8696-e38e-4ced-9d90-ae7c9c418c99@group-79A5F6026B9F-FollowerState] INFO  server.RaftServerConfigKeys (ConfUtils.java:logGet(46)) - raft.server.leaderelection.pre-vote = true (default)
2023-09-08 11:18:16,257 [cc8e8696-e38e-4ced-9d90-ae7c9c418c99@group-79A5F6026B9F-FollowerState] INFO  impl.RoleInfo (RoleInfo.java:updateAndGet(139)) - cc8e8696-e38e-4ced-9d90-ae7c9c418c99: start cc8e8696-e38e-4ced-9d90-ae7c9c418c99@group-79A5F6026B9F-LeaderElection19
2023-09-08 11:18:16,260 [cc8e8696-e38e-4ced-9d90-ae7c9c418c99@group-79A5F6026B9F-LeaderElection19] INFO  impl.LeaderElection (LeaderElection.java:askForVotes(321)) - cc8e8696-e38e-4ced-9d90-ae7c9c418c99@group-79A5F6026B9F-LeaderElection19 PRE_VOTE round 0: submit vote requests at term 0 for -1: peers:[cc8e8696-e38e-4ced-9d90-ae7c9c418c99|rpc:10.1.0.72:15103|admin:10.1.0.72:15102|client:10.1.0.72:15101|dataStream:10.1.0.72:15104|priority:1|startupRole:FOLLOWER]|listeners:[], old=null
2023-09-08 11:18:16,260 [cc8e8696-e38e-4ced-9d90-ae7c9c418c99@group-79A5F6026B9F-LeaderElection19] INFO  impl.LeaderElection (LeaderElection.java:askForVotes(323)) - cc8e8696-e38e-4ced-9d90-ae7c9c418c99@group-79A5F6026B9F-LeaderElection19 PRE_VOTE round 0: result PASSED (term=0)
2023-09-08 11:18:16,262 [cc8e8696-e38e-4ced-9d90-ae7c9c418c99@group-79A5F6026B9F-LeaderElection19] INFO  impl.LeaderElection (LeaderElection.java:askForVotes(321)) - cc8e8696-e38e-4ced-9d90-ae7c9c418c99@group-79A5F6026B9F-LeaderElection19 ELECTION round 0: submit vote requests at term 1 for -1: peers:[cc8e8696-e38e-4ced-9d90-ae7c9c418c99|rpc:10.1.0.72:15103|admin:10.1.0.72:15102|client:10.1.0.72:15101|dataStream:10.1.0.72:15104|priority:1|startupRole:FOLLOWER]|listeners:[], old=null
2023-09-08 11:18:16,263 [cc8e8696-e38e-4ced-9d90-ae7c9c418c99@group-79A5F6026B9F-LeaderElection19] INFO  impl.LeaderElection (LeaderElection.java:askForVotes(323)) - cc8e8696-e38e-4ced-9d90-ae7c9c418c99@group-79A5F6026B9F-LeaderElection19 ELECTION round 0: result PASSED (term=1)
2023-09-08 11:18:16,263 [cc8e8696-e38e-4ced-9d90-ae7c9c418c99@group-79A5F6026B9F-LeaderElection19] INFO  impl.RoleInfo (RoleInfo.java:shutdownLeaderElection(130)) - cc8e8696-e38e-4ced-9d90-ae7c9c418c99: shutdown cc8e8696-e38e-4ced-9d90-ae7c9c418c99@group-79A5F6026B9F-LeaderElection19
2023-09-08 11:18:16,263 [cc8e8696-e38e-4ced-9d90-ae7c9c418c99@group-79A5F6026B9F-LeaderElection19] INFO  server.RaftServer$Division (RaftServerImpl.java:setRole(329)) - cc8e8696-e38e-4ced-9d90-ae7c9c418c99@group-79A5F6026B9F: changes role from CANDIDATE to LEADER at term 1 for changeToLeader
2023-09-08 11:18:16,263 [cc8e8696-e38e-4ced-9d90-ae7c9c418c99@group-79A5F6026B9F-LeaderElection19] INFO  ratis.XceiverServerRatis (XceiverServerRatis.java:handleLeaderChangedNotification(902)) - Leader change notification received for group: group-79A5F6026B9F with new leaderId: cc8e8696-e38e-4ced-9d90-ae7c9c418c99
2023-09-08 11:18:16,265 [cc8e8696-e38e-4ced-9d90-ae7c9c418c99@group-79A5F6026B9F-LeaderElection19] INFO  server.RaftServer$Division (ServerState.java:setLeader(317)) - cc8e8696-e38e-4ced-9d90-ae7c9c418c99@group-79A5F6026B9F: change Leader from null to cc8e8696-e38e-4ced-9d90-ae7c9c418c99 at term 1 for becomeLeader, leader elected after 5194ms
2023-09-08 11:18:16,265 [cc8e8696-e38e-4ced-9d90-ae7c9c418c99@group-79A5F6026B9F-LeaderElection19] INFO  server.RaftServerConfigKeys (ConfUtils.java:logGet(46)) - raft.server.staging.catchup.gap = 1000 (default)
2023-09-08 11:18:16,265 [cc8e8696-e38e-4ced-9d90-ae7c9c418c99@group-79A5F6026B9F-LeaderElection19] INFO  server.RaftServerConfigKeys (ConfUtils.java:logGet(46)) - raft.server.write.element-limit = 1024 (custom)
2023-09-08 11:18:16,265 [cc8e8696-e38e-4ced-9d90-ae7c9c418c99@group-79A5F6026B9F-LeaderElection19] INFO  server.RaftServerConfigKeys (ConfUtils.java:logGet(46)) - raft.server.write.byte-limit = 1024 M (=1073741824) (custom)
2023-09-08 11:18:16,265 [cc8e8696-e38e-4ced-9d90-ae7c9c418c99@group-79A5F6026B9F-LeaderElection19] INFO  server.RaftServerConfigKeys (ConfUtils.java:logGet(46)) - raft.server.watch.timeout = 180s (custom)
2023-09-08 11:18:16,266 [cc8e8696-e38e-4ced-9d90-ae7c9c418c99@group-79A5F6026B9F-LeaderElection19] INFO  server.RaftServerConfigKeys (ConfUtils.java:logGet(46)) - raft.server.watch.timeout.denomination = 1s (default)
2023-09-08 11:18:16,266 [cc8e8696-e38e-4ced-9d90-ae7c9c418c99@group-79A5F6026B9F-LeaderElection19] INFO  server.RaftServerConfigKeys (ConfUtils.java:logGet(46)) - raft.server.watch.element-limit = 65536 (default)
2023-09-08 11:18:16,266 [cc8e8696-e38e-4ced-9d90-ae7c9c418c99@group-79A5F6026B9F-LeaderElection19] INFO  server.RaftServerConfigKeys (ConfUtils.java:logGet(46)) - raft.server.write.element-limit = 1024 (custom)
2023-09-08 11:18:16,267 [cc8e8696-e38e-4ced-9d90-ae7c9c418c99@group-79A5F6026B9F-LeaderElection19] INFO  server.RaftServerConfigKeys (ConfUtils.java:logGet(46)) - raft.server.write.follower.gap.ratio.max = -1.0 (default)
2023-09-08 11:18:16,267 [cc8e8696-e38e-4ced-9d90-ae7c9c418c99@group-79A5F6026B9F-LeaderElection19] INFO  impl.RoleInfo (RoleInfo.java:updateAndGet(139)) - cc8e8696-e38e-4ced-9d90-ae7c9c418c99: start cc8e8696-e38e-4ced-9d90-ae7c9c418c99@group-79A5F6026B9F-LeaderStateImpl
2023-09-08 11:18:16,267 [cc8e8696-e38e-4ced-9d90-ae7c9c418c99@group-79A5F6026B9F-LeaderElection19] INFO  segmented.SegmentedRaftLogWorker (SegmentedRaftLogWorker.java:startLogSegment(447)) - cc8e8696-e38e-4ced-9d90-ae7c9c418c99@group-79A5F6026B9F-SegmentedRaftLogWorker: Starting segment from index:0
2023-09-08 11:18:16,268 [cc8e8696-e38e-4ced-9d90-ae7c9c418c99@group-79A5F6026B9F-SegmentedRaftLogWorker] INFO  segmented.SegmentedRaftLogWorker (SegmentedRaftLogWorker.java:execute(651)) - cc8e8696-e38e-4ced-9d90-ae7c9c418c99@group-79A5F6026B9F-SegmentedRaftLogWorker: created new log segment /home/runner/work/ozone/ozone/hadoop-ozone/integration-test/target/test-dir/MiniOzoneClusterImpl-fc42fee5-8bb2-43c7-8c2a-cc72dd658d38/datanode-4/data/ratis/859aeb8e-1801-453f-a1ff-79a5f6026b9f/current/log_inprogress_0
2023-09-08 11:18:16,269 [cc8e8696-e38e-4ced-9d90-ae7c9c418c99@group-79A5F6026B9F-LeaderElection19] INFO  server.RaftServer$Division (ServerState.java:setRaftConf(434)) - cc8e8696-e38e-4ced-9d90-ae7c9c418c99@group-79A5F6026B9F: set configuration 0: peers:[cc8e8696-e38e-4ced-9d90-ae7c9c418c99|rpc:10.1.0.72:15103|admin:10.1.0.72:15102|client:10.1.0.72:15101|dataStream:10.1.0.72:15104|priority:1|startupRole:FOLLOWER]|listeners:[], old=null
11:18:16.565 [IPC Server handler 15 on default port 15057] ERROR OMAudit - user=runner | ip=127.0.0.1 | op=GET_FILE_STATUS {volume=volume79664, bucket=bucket82507, key=.Trash/runner/Current/testKey2, dataSize=0, replicationConfig=null} | ret=FAILURE
org.apache.hadoop.ozone.om.exceptions.OMException: Unable to get file status: volume: volume79664 bucket: bucket82507 key: .Trash/runner/Current/testKey2
	at org.apache.hadoop.ozone.om.KeyManagerImpl.getOzoneFileStatus(KeyManagerImpl.java:1195) ~[ozone-manager-1.4.0-SNAPSHOT.jar:?]
	at org.apache.hadoop.ozone.om.KeyManagerImpl.getFileStatus(KeyManagerImpl.java:1113) ~[ozone-manager-1.4.0-SNAPSHOT.jar:?]
	at org.apache.hadoop.ozone.om.OmMetadataReader.getFileStatus(OmMetadataReader.java:262) ~[ozone-manager-1.4.0-SNAPSHOT.jar:?]
	at org.apache.hadoop.ozone.om.OzoneManager.getFileStatus(OzoneManager.java:3530) ~[ozone-manager-1.4.0-SNAPSHOT.jar:?]
	at org.apache.hadoop.ozone.protocolPB.OzoneManagerRequestHandler.getOzoneFileStatus(OzoneManagerRequestHandler.java:971) ~[ozone-manager-1.4.0-SNAPSHOT.jar:?]
	at org.apache.hadoop.ozone.protocolPB.OzoneManagerRequestHandler.handleReadRequest(OzoneManagerRequestHandler.java:250) ~[ozone-manager-1.4.0-SNAPSHOT.jar:?]
	at org.apache.hadoop.ozone.protocolPB.OzoneManagerProtocolServerSideTranslatorPB.submitRequestDirectlyToOM(OzoneManagerProtocolServerSideTranslatorPB.java:274) ~[ozone-manager-1.4.0-SNAPSHOT.jar:?]
	at org.apache.hadoop.ozone.protocolPB.OzoneManagerProtocolServerSideTranslatorPB.processRequest(OzoneManagerProtocolServerSideTranslatorPB.java:175) ~[ozone-manager-1.4.0-SNAPSHOT.jar:?]
	at org.apache.hadoop.hdds.server.OzoneProtocolMessageDispatcher.processRequest(OzoneProtocolMessageDispatcher.java:87) [hdds-server-framework-1.4.0-SNAPSHOT.jar:?]
	at org.apache.hadoop.ozone.protocolPB.OzoneManagerProtocolServerSideTranslatorPB.submitRequest(OzoneManagerProtocolServerSideTranslatorPB.java:148) [ozone-manager-1.4.0-SNAPSHOT.jar:?]
	at org.apache.hadoop.ozone.protocol.proto.OzoneManagerProtocolProtos$OzoneManagerService$2.callBlockingMethod(OzoneManagerProtocolProtos.java) [ozone-interface-client-1.4.0-SNAPSHOT.jar:?]
	at org.apache.hadoop.ipc.ProtobufRpcEngine$Server.processCall(ProtobufRpcEngine.java:484) [hadoop-common-3.3.6.jar:?]
	at org.apache.hadoop.ipc.ProtobufRpcEngine2$Server$ProtoBufRpcInvoker.call(ProtobufRpcEngine2.java:595) [hadoop-common-3.3.6.jar:?]
	at org.apache.hadoop.ipc.ProtobufRpcEngine2$Server$ProtoBufRpcInvoker.call(ProtobufRpcEngine2.java:573) [hadoop-common-3.3.6.jar:?]
	at org.apache.hadoop.ipc.RPC$Server.call(RPC.java:1227) [hadoop-common-3.3.6.jar:?]
	at org.apache.hadoop.ipc.Server$RpcCall.run(Server.java:1094) [hadoop-common-3.3.6.jar:?]
	at org.apache.hadoop.ipc.Server$RpcCall.run(Server.java:1017) [hadoop-common-3.3.6.jar:?]
	at java.security.AccessController.doPrivileged(Native Method) ~[?:1.8.0_382]
	at javax.security.auth.Subject.doAs(Subject.java:422) [?:1.8.0_382]
	at org.apache.hadoop.security.UserGroupInformation.doAs(UserGroupInformation.java:1899) [hadoop-common-3.3.6.jar:?]
	at org.apache.hadoop.ipc.Server$Handler.run(Server.java:3048) [hadoop-common-3.3.6.jar:?]
]]></system-out>
  </testcase>
  <testcase name="testTrash" classname="TestOzoneFileSystem" time="3.341">
    <system-out><![CDATA[11:19:34.227 [IPC Server handler 7 on default port 15110] ERROR OMAudit - user=runner | ip=127.0.0.1 | op=GET_FILE_STATUS {volume=volume57283, bucket=bucket81356, key=.Trash/runner, dataSize=0, replicationConfig=null} | ret=FAILURE
org.apache.hadoop.ozone.om.exceptions.OMException: Unable to get file status: volume: volume57283 bucket: bucket81356 key: .Trash/runner
	at org.apache.hadoop.ozone.om.KeyManagerImpl.getOzoneFileStatus(KeyManagerImpl.java:1195) ~[ozone-manager-1.4.0-SNAPSHOT.jar:?]
	at org.apache.hadoop.ozone.om.KeyManagerImpl.getFileStatus(KeyManagerImpl.java:1113) ~[ozone-manager-1.4.0-SNAPSHOT.jar:?]
	at org.apache.hadoop.ozone.om.OmMetadataReader.getFileStatus(OmMetadataReader.java:262) ~[ozone-manager-1.4.0-SNAPSHOT.jar:?]
	at org.apache.hadoop.ozone.om.OzoneManager.getFileStatus(OzoneManager.java:3530) ~[ozone-manager-1.4.0-SNAPSHOT.jar:?]
	at org.apache.hadoop.ozone.protocolPB.OzoneManagerRequestHandler.getOzoneFileStatus(OzoneManagerRequestHandler.java:971) ~[ozone-manager-1.4.0-SNAPSHOT.jar:?]
	at org.apache.hadoop.ozone.protocolPB.OzoneManagerRequestHandler.handleReadRequest(OzoneManagerRequestHandler.java:250) ~[ozone-manager-1.4.0-SNAPSHOT.jar:?]
	at org.apache.hadoop.ozone.protocolPB.OzoneManagerProtocolServerSideTranslatorPB.submitReadRequestToOM(OzoneManagerProtocolServerSideTranslatorPB.java:225) ~[ozone-manager-1.4.0-SNAPSHOT.jar:?]
	at org.apache.hadoop.ozone.protocolPB.OzoneManagerProtocolServerSideTranslatorPB.processRequest(OzoneManagerProtocolServerSideTranslatorPB.java:179) ~[ozone-manager-1.4.0-SNAPSHOT.jar:?]
	at org.apache.hadoop.hdds.server.OzoneProtocolMessageDispatcher.processRequest(OzoneProtocolMessageDispatcher.java:87) [hdds-server-framework-1.4.0-SNAPSHOT.jar:?]
	at org.apache.hadoop.ozone.protocolPB.OzoneManagerProtocolServerSideTranslatorPB.submitRequest(OzoneManagerProtocolServerSideTranslatorPB.java:148) [ozone-manager-1.4.0-SNAPSHOT.jar:?]
	at org.apache.hadoop.ozone.protocol.proto.OzoneManagerProtocolProtos$OzoneManagerService$2.callBlockingMethod(OzoneManagerProtocolProtos.java) [ozone-interface-client-1.4.0-SNAPSHOT.jar:?]
	at org.apache.hadoop.ipc.ProtobufRpcEngine$Server.processCall(ProtobufRpcEngine.java:484) [hadoop-common-3.3.6.jar:?]
	at org.apache.hadoop.ipc.ProtobufRpcEngine2$Server$ProtoBufRpcInvoker.call(ProtobufRpcEngine2.java:595) [hadoop-common-3.3.6.jar:?]
	at org.apache.hadoop.ipc.ProtobufRpcEngine2$Server$ProtoBufRpcInvoker.call(ProtobufRpcEngine2.java:573) [hadoop-common-3.3.6.jar:?]
	at org.apache.hadoop.ipc.RPC$Server.call(RPC.java:1227) [hadoop-common-3.3.6.jar:?]
	at org.apache.hadoop.ipc.Server$RpcCall.run(Server.java:1094) [hadoop-common-3.3.6.jar:?]
	at org.apache.hadoop.ipc.Server$RpcCall.run(Server.java:1017) [hadoop-common-3.3.6.jar:?]
	at java.security.AccessController.doPrivileged(Native Method) ~[?:1.8.0_382]
	at javax.security.auth.Subject.doAs(Subject.java:422) [?:1.8.0_382]
	at org.apache.hadoop.security.UserGroupInformation.doAs(UserGroupInformation.java:1899) [hadoop-common-3.3.6.jar:?]
	at org.apache.hadoop.ipc.Server$Handler.run(Server.java:3048) [hadoop-common-3.3.6.jar:?]
11:19:34.231 [IPC Server handler 4 on default port 15110] ERROR OMAudit - user=runner | ip=127.0.0.1 | op=GET_FILE_STATUS {volume=volume57283, bucket=bucket81356, key=.Trash/runner/Current/testKey2, dataSize=0, replicationConfig=null} | ret=FAILURE
org.apache.hadoop.ozone.om.exceptions.OMException: Unable to get file status: volume: volume57283 bucket: bucket81356 key: .Trash/runner/Current/testKey2
	at org.apache.hadoop.ozone.om.KeyManagerImpl.getOzoneFileStatus(KeyManagerImpl.java:1195) ~[ozone-manager-1.4.0-SNAPSHOT.jar:?]
	at org.apache.hadoop.ozone.om.KeyManagerImpl.getFileStatus(KeyManagerImpl.java:1113) ~[ozone-manager-1.4.0-SNAPSHOT.jar:?]
	at org.apache.hadoop.ozone.om.OmMetadataReader.getFileStatus(OmMetadataReader.java:262) ~[ozone-manager-1.4.0-SNAPSHOT.jar:?]
	at org.apache.hadoop.ozone.om.OzoneManager.getFileStatus(OzoneManager.java:3530) ~[ozone-manager-1.4.0-SNAPSHOT.jar:?]
	at org.apache.hadoop.ozone.protocolPB.OzoneManagerRequestHandler.getOzoneFileStatus(OzoneManagerRequestHandler.java:971) ~[ozone-manager-1.4.0-SNAPSHOT.jar:?]
	at org.apache.hadoop.ozone.protocolPB.OzoneManagerRequestHandler.handleReadRequest(OzoneManagerRequestHandler.java:250) ~[ozone-manager-1.4.0-SNAPSHOT.jar:?]
	at org.apache.hadoop.ozone.protocolPB.OzoneManagerProtocolServerSideTranslatorPB.submitReadRequestToOM(OzoneManagerProtocolServerSideTranslatorPB.java:225) ~[ozone-manager-1.4.0-SNAPSHOT.jar:?]
	at org.apache.hadoop.ozone.protocolPB.OzoneManagerProtocolServerSideTranslatorPB.processRequest(OzoneManagerProtocolServerSideTranslatorPB.java:179) ~[ozone-manager-1.4.0-SNAPSHOT.jar:?]
	at org.apache.hadoop.hdds.server.OzoneProtocolMessageDispatcher.processRequest(OzoneProtocolMessageDispatcher.java:87) [hdds-server-framework-1.4.0-SNAPSHOT.jar:?]
	at org.apache.hadoop.ozone.protocolPB.OzoneManagerProtocolServerSideTranslatorPB.submitRequest(OzoneManagerProtocolServerSideTranslatorPB.java:148) [ozone-manager-1.4.0-SNAPSHOT.jar:?]
	at org.apache.hadoop.ozone.protocol.proto.OzoneManagerProtocolProtos$OzoneManagerService$2.callBlockingMethod(OzoneManagerProtocolProtos.java) [ozone-interface-client-1.4.0-SNAPSHOT.jar:?]
	at org.apache.hadoop.ipc.ProtobufRpcEngine$Server.processCall(ProtobufRpcEngine.java:484) [hadoop-common-3.3.6.jar:?]
	at org.apache.hadoop.ipc.ProtobufRpcEngine2$Server$ProtoBufRpcInvoker.call(ProtobufRpcEngine2.java:595) [hadoop-common-3.3.6.jar:?]
	at org.apache.hadoop.ipc.ProtobufRpcEngine2$Server$ProtoBufRpcInvoker.call(ProtobufRpcEngine2.java:573) [hadoop-common-3.3.6.jar:?]
	at org.apache.hadoop.ipc.RPC$Server.call(RPC.java:1227) [hadoop-common-3.3.6.jar:?]
	at org.apache.hadoop.ipc.Server$RpcCall.run(Server.java:1094) [hadoop-common-3.3.6.jar:?]
	at org.apache.hadoop.ipc.Server$RpcCall.run(Server.java:1017) [hadoop-common-3.3.6.jar:?]
	at java.security.AccessController.doPrivileged(Native Method) ~[?:1.8.0_382]
	at javax.security.auth.Subject.doAs(Subject.java:422) [?:1.8.0_382]
	at org.apache.hadoop.security.UserGroupInformation.doAs(UserGroupInformation.java:1899) [hadoop-common-3.3.6.jar:?]
	at org.apache.hadoop.ipc.Server$Handler.run(Server.java:3048) [hadoop-common-3.3.6.jar:?]
11:19:34.232 [IPC Server handler 17 on default port 15110] ERROR OMAudit - user=runner | ip=127.0.0.1 | op=GET_FILE_STATUS {volume=volume57283, bucket=bucket81356, key=.Trash/runner/Current/testKey2, dataSize=0, replicationConfig=null} | ret=FAILURE
org.apache.hadoop.ozone.om.exceptions.OMException: Unable to get file status: volume: volume57283 bucket: bucket81356 key: .Trash/runner/Current/testKey2
	at org.apache.hadoop.ozone.om.KeyManagerImpl.getOzoneFileStatus(KeyManagerImpl.java:1195) ~[ozone-manager-1.4.0-SNAPSHOT.jar:?]
	at org.apache.hadoop.ozone.om.KeyManagerImpl.getFileStatus(KeyManagerImpl.java:1113) ~[ozone-manager-1.4.0-SNAPSHOT.jar:?]
	at org.apache.hadoop.ozone.om.OmMetadataReader.getFileStatus(OmMetadataReader.java:262) ~[ozone-manager-1.4.0-SNAPSHOT.jar:?]
	at org.apache.hadoop.ozone.om.OzoneManager.getFileStatus(OzoneManager.java:3530) ~[ozone-manager-1.4.0-SNAPSHOT.jar:?]
	at org.apache.hadoop.ozone.protocolPB.OzoneManagerRequestHandler.getOzoneFileStatus(OzoneManagerRequestHandler.java:971) ~[ozone-manager-1.4.0-SNAPSHOT.jar:?]
	at org.apache.hadoop.ozone.protocolPB.OzoneManagerRequestHandler.handleReadRequest(OzoneManagerRequestHandler.java:250) ~[ozone-manager-1.4.0-SNAPSHOT.jar:?]
	at org.apache.hadoop.ozone.protocolPB.OzoneManagerProtocolServerSideTranslatorPB.submitReadRequestToOM(OzoneManagerProtocolServerSideTranslatorPB.java:225) ~[ozone-manager-1.4.0-SNAPSHOT.jar:?]
	at org.apache.hadoop.ozone.protocolPB.OzoneManagerProtocolServerSideTranslatorPB.processRequest(OzoneManagerProtocolServerSideTranslatorPB.java:179) ~[ozone-manager-1.4.0-SNAPSHOT.jar:?]
	at org.apache.hadoop.hdds.server.OzoneProtocolMessageDispatcher.processRequest(OzoneProtocolMessageDispatcher.java:87) [hdds-server-framework-1.4.0-SNAPSHOT.jar:?]
	at org.apache.hadoop.ozone.protocolPB.OzoneManagerProtocolServerSideTranslatorPB.submitRequest(OzoneManagerProtocolServerSideTranslatorPB.java:148) [ozone-manager-1.4.0-SNAPSHOT.jar:?]
	at org.apache.hadoop.ozone.protocol.proto.OzoneManagerProtocolProtos$OzoneManagerService$2.callBlockingMethod(OzoneManagerProtocolProtos.java) [ozone-interface-client-1.4.0-SNAPSHOT.jar:?]
	at org.apache.hadoop.ipc.ProtobufRpcEngine$Server.processCall(ProtobufRpcEngine.java:484) [hadoop-common-3.3.6.jar:?]
	at org.apache.hadoop.ipc.ProtobufRpcEngine2$Server$ProtoBufRpcInvoker.call(ProtobufRpcEngine2.java:595) [hadoop-common-3.3.6.jar:?]
	at org.apache.hadoop.ipc.ProtobufRpcEngine2$Server$ProtoBufRpcInvoker.call(ProtobufRpcEngine2.java:573) [hadoop-common-3.3.6.jar:?]
	at org.apache.hadoop.ipc.RPC$Server.call(RPC.java:1227) [hadoop-common-3.3.6.jar:?]
	at org.apache.hadoop.ipc.Server$RpcCall.run(Server.java:1094) [hadoop-common-3.3.6.jar:?]
	at org.apache.hadoop.ipc.Server$RpcCall.run(Server.java:1017) [hadoop-common-3.3.6.jar:?]
	at java.security.AccessController.doPrivileged(Native Method) ~[?:1.8.0_382]
	at javax.security.auth.Subject.doAs(Subject.java:422) [?:1.8.0_382]
	at org.apache.hadoop.security.UserGroupInformation.doAs(UserGroupInformation.java:1899) [hadoop-common-3.3.6.jar:?]
	at org.apache.hadoop.ipc.Server$Handler.run(Server.java:3048) [hadoop-common-3.3.6.jar:?]
2023-09-08 11:19:34,236 [Time-limited test] INFO  om.TrashPolicyOzone (TrashPolicyOzone.java:moveToTrash(209)) - Moved: '/testKey2' to trash at: o3fs://bucket81356.volume57283/.Trash/runner/Current/testKey2
11:19:34.542 [IPC Server handler 3 on default port 15110] ERROR OMAudit - user=runner | ip=127.0.0.1 | op=GET_FILE_STATUS {volume=volume57283, bucket=bucket81356, key=.Trash/runner/Current/testKey2, dataSize=0, replicationConfig=null} | ret=FAILURE
org.apache.hadoop.ozone.om.exceptions.OMException: Unable to get file status: volume: volume57283 bucket: bucket81356 key: .Trash/runner/Current/testKey2
	at org.apache.hadoop.ozone.om.KeyManagerImpl.getOzoneFileStatus(KeyManagerImpl.java:1195) ~[ozone-manager-1.4.0-SNAPSHOT.jar:?]
	at org.apache.hadoop.ozone.om.KeyManagerImpl.getFileStatus(KeyManagerImpl.java:1113) ~[ozone-manager-1.4.0-SNAPSHOT.jar:?]
	at org.apache.hadoop.ozone.om.OmMetadataReader.getFileStatus(OmMetadataReader.java:262) ~[ozone-manager-1.4.0-SNAPSHOT.jar:?]
	at org.apache.hadoop.ozone.om.OzoneManager.getFileStatus(OzoneManager.java:3530) ~[ozone-manager-1.4.0-SNAPSHOT.jar:?]
	at org.apache.hadoop.ozone.protocolPB.OzoneManagerRequestHandler.getOzoneFileStatus(OzoneManagerRequestHandler.java:971) ~[ozone-manager-1.4.0-SNAPSHOT.jar:?]
	at org.apache.hadoop.ozone.protocolPB.OzoneManagerRequestHandler.handleReadRequest(OzoneManagerRequestHandler.java:250) ~[ozone-manager-1.4.0-SNAPSHOT.jar:?]
	at org.apache.hadoop.ozone.protocolPB.OzoneManagerProtocolServerSideTranslatorPB.submitReadRequestToOM(OzoneManagerProtocolServerSideTranslatorPB.java:225) ~[ozone-manager-1.4.0-SNAPSHOT.jar:?]
	at org.apache.hadoop.ozone.protocolPB.OzoneManagerProtocolServerSideTranslatorPB.processRequest(OzoneManagerProtocolServerSideTranslatorPB.java:179) ~[ozone-manager-1.4.0-SNAPSHOT.jar:?]
	at org.apache.hadoop.hdds.server.OzoneProtocolMessageDispatcher.processRequest(OzoneProtocolMessageDispatcher.java:87) [hdds-server-framework-1.4.0-SNAPSHOT.jar:?]
	at org.apache.hadoop.ozone.protocolPB.OzoneManagerProtocolServerSideTranslatorPB.submitRequest(OzoneManagerProtocolServerSideTranslatorPB.java:148) [ozone-manager-1.4.0-SNAPSHOT.jar:?]
	at org.apache.hadoop.ozone.protocol.proto.OzoneManagerProtocolProtos$OzoneManagerService$2.callBlockingMethod(OzoneManagerProtocolProtos.java) [ozone-interface-client-1.4.0-SNAPSHOT.jar:?]
	at org.apache.hadoop.ipc.ProtobufRpcEngine$Server.processCall(ProtobufRpcEngine.java:484) [hadoop-common-3.3.6.jar:?]
	at org.apache.hadoop.ipc.ProtobufRpcEngine2$Server$ProtoBufRpcInvoker.call(ProtobufRpcEngine2.java:595) [hadoop-common-3.3.6.jar:?]
	at org.apache.hadoop.ipc.ProtobufRpcEngine2$Server$ProtoBufRpcInvoker.call(ProtobufRpcEngine2.java:573) [hadoop-common-3.3.6.jar:?]
	at org.apache.hadoop.ipc.RPC$Server.call(RPC.java:1227) [hadoop-common-3.3.6.jar:?]
	at org.apache.hadoop.ipc.Server$RpcCall.run(Server.java:1094) [hadoop-common-3.3.6.jar:?]
	at org.apache.hadoop.ipc.Server$RpcCall.run(Server.java:1017) [hadoop-common-3.3.6.jar:?]
	at java.security.AccessController.doPrivileged(Native Method) ~[?:1.8.0_382]
	at javax.security.auth.Subject.doAs(Subject.java:422) [?:1.8.0_382]
	at org.apache.hadoop.security.UserGroupInformation.doAs(UserGroupInformation.java:1899) [hadoop-common-3.3.6.jar:?]
	at org.apache.hadoop.ipc.Server$Handler.run(Server.java:3048) [hadoop-common-3.3.6.jar:?]
2023-09-08 11:19:34,594 [ced5577c-1b9f-4df4-b1d3-afb76f4739eb@group-AC77705E4BE5-FollowerState] INFO  impl.FollowerState (FollowerState.java:run(143)) - ced5577c-1b9f-4df4-b1d3-afb76f4739eb@group-AC77705E4BE5-FollowerState: change to CANDIDATE, lastRpcElapsedTime:5190919993ns, electionTimeout:5184ms
2023-09-08 11:19:34,594 [ced5577c-1b9f-4df4-b1d3-afb76f4739eb@group-AC77705E4BE5-FollowerState] INFO  impl.RoleInfo (RoleInfo.java:shutdownFollowerState(110)) - ced5577c-1b9f-4df4-b1d3-afb76f4739eb: shutdown ced5577c-1b9f-4df4-b1d3-afb76f4739eb@group-AC77705E4BE5-FollowerState
2023-09-08 11:19:34,594 [ced5577c-1b9f-4df4-b1d3-afb76f4739eb@group-AC77705E4BE5-FollowerState] INFO  server.RaftServer$Division (RaftServerImpl.java:setRole(329)) - ced5577c-1b9f-4df4-b1d3-afb76f4739eb@group-AC77705E4BE5: changes role from  FOLLOWER to CANDIDATE at term 0 for changeToCandidate
2023-09-08 11:19:34,594 [ced5577c-1b9f-4df4-b1d3-afb76f4739eb@group-AC77705E4BE5-FollowerState] INFO  server.RaftServerConfigKeys (ConfUtils.java:logGet(46)) - raft.server.leaderelection.pre-vote = true (default)
2023-09-08 11:19:34,594 [ced5577c-1b9f-4df4-b1d3-afb76f4739eb@group-AC77705E4BE5-FollowerState] INFO  impl.RoleInfo (RoleInfo.java:updateAndGet(139)) - ced5577c-1b9f-4df4-b1d3-afb76f4739eb: start ced5577c-1b9f-4df4-b1d3-afb76f4739eb@group-AC77705E4BE5-LeaderElection29
2023-09-08 11:19:34,597 [ced5577c-1b9f-4df4-b1d3-afb76f4739eb@group-AC77705E4BE5-LeaderElection29] INFO  impl.LeaderElection (LeaderElection.java:askForVotes(321)) - ced5577c-1b9f-4df4-b1d3-afb76f4739eb@group-AC77705E4BE5-LeaderElection29 PRE_VOTE round 0: submit vote requests at term 0 for -1: peers:[ced5577c-1b9f-4df4-b1d3-afb76f4739eb|rpc:10.1.0.72:15156|admin:10.1.0.72:15155|client:10.1.0.72:15154|dataStream:10.1.0.72:15157|priority:1|startupRole:FOLLOWER]|listeners:[], old=null
2023-09-08 11:19:34,598 [ced5577c-1b9f-4df4-b1d3-afb76f4739eb@group-AC77705E4BE5-LeaderElection29] INFO  impl.LeaderElection (LeaderElection.java:askForVotes(323)) - ced5577c-1b9f-4df4-b1d3-afb76f4739eb@group-AC77705E4BE5-LeaderElection29 PRE_VOTE round 0: result PASSED (term=0)
2023-09-08 11:19:34,599 [ced5577c-1b9f-4df4-b1d3-afb76f4739eb@group-AC77705E4BE5-LeaderElection29] INFO  impl.LeaderElection (LeaderElection.java:askForVotes(321)) - ced5577c-1b9f-4df4-b1d3-afb76f4739eb@group-AC77705E4BE5-LeaderElection29 ELECTION round 0: submit vote requests at term 1 for -1: peers:[ced5577c-1b9f-4df4-b1d3-afb76f4739eb|rpc:10.1.0.72:15156|admin:10.1.0.72:15155|client:10.1.0.72:15154|dataStream:10.1.0.72:15157|priority:1|startupRole:FOLLOWER]|listeners:[], old=null
2023-09-08 11:19:34,599 [ced5577c-1b9f-4df4-b1d3-afb76f4739eb@group-AC77705E4BE5-LeaderElection29] INFO  impl.LeaderElection (LeaderElection.java:askForVotes(323)) - ced5577c-1b9f-4df4-b1d3-afb76f4739eb@group-AC77705E4BE5-LeaderElection29 ELECTION round 0: result PASSED (term=1)
2023-09-08 11:19:34,599 [ced5577c-1b9f-4df4-b1d3-afb76f4739eb@group-AC77705E4BE5-LeaderElection29] INFO  impl.RoleInfo (RoleInfo.java:shutdownLeaderElection(130)) - ced5577c-1b9f-4df4-b1d3-afb76f4739eb: shutdown ced5577c-1b9f-4df4-b1d3-afb76f4739eb@group-AC77705E4BE5-LeaderElection29
2023-09-08 11:19:34,600 [ced5577c-1b9f-4df4-b1d3-afb76f4739eb@group-AC77705E4BE5-LeaderElection29] INFO  server.RaftServer$Division (RaftServerImpl.java:setRole(329)) - ced5577c-1b9f-4df4-b1d3-afb76f4739eb@group-AC77705E4BE5: changes role from CANDIDATE to LEADER at term 1 for changeToLeader
2023-09-08 11:19:34,600 [ced5577c-1b9f-4df4-b1d3-afb76f4739eb@group-AC77705E4BE5-LeaderElection29] INFO  ratis.XceiverServerRatis (XceiverServerRatis.java:handleLeaderChangedNotification(902)) - Leader change notification received for group: group-AC77705E4BE5 with new leaderId: ced5577c-1b9f-4df4-b1d3-afb76f4739eb
2023-09-08 11:19:34,600 [ced5577c-1b9f-4df4-b1d3-afb76f4739eb@group-AC77705E4BE5-LeaderElection29] INFO  server.RaftServer$Division (ServerState.java:setLeader(317)) - ced5577c-1b9f-4df4-b1d3-afb76f4739eb@group-AC77705E4BE5: change Leader from null to ced5577c-1b9f-4df4-b1d3-afb76f4739eb at term 1 for becomeLeader, leader elected after 5497ms
2023-09-08 11:19:34,600 [ced5577c-1b9f-4df4-b1d3-afb76f4739eb@group-AC77705E4BE5-LeaderElection29] INFO  server.RaftServerConfigKeys (ConfUtils.java:logGet(46)) - raft.server.staging.catchup.gap = 1000 (default)
2023-09-08 11:19:34,600 [ced5577c-1b9f-4df4-b1d3-afb76f4739eb@group-AC77705E4BE5-LeaderElection29] INFO  server.RaftServerConfigKeys (ConfUtils.java:logGet(46)) - raft.server.write.element-limit = 1024 (custom)
2023-09-08 11:19:34,600 [ced5577c-1b9f-4df4-b1d3-afb76f4739eb@group-AC77705E4BE5-LeaderElection29] INFO  server.RaftServerConfigKeys (ConfUtils.java:logGet(46)) - raft.server.write.byte-limit = 1024 M (=1073741824) (custom)
2023-09-08 11:19:34,600 [ced5577c-1b9f-4df4-b1d3-afb76f4739eb@group-AC77705E4BE5-LeaderElection29] INFO  server.RaftServerConfigKeys (ConfUtils.java:logGet(46)) - raft.server.watch.timeout = 180s (custom)
2023-09-08 11:19:34,600 [ced5577c-1b9f-4df4-b1d3-afb76f4739eb@group-AC77705E4BE5-LeaderElection29] INFO  server.RaftServerConfigKeys (ConfUtils.java:logGet(46)) - raft.server.watch.timeout.denomination = 1s (default)
2023-09-08 11:19:34,600 [ced5577c-1b9f-4df4-b1d3-afb76f4739eb@group-AC77705E4BE5-LeaderElection29] INFO  server.RaftServerConfigKeys (ConfUtils.java:logGet(46)) - raft.server.watch.element-limit = 65536 (default)
2023-09-08 11:19:34,601 [ced5577c-1b9f-4df4-b1d3-afb76f4739eb@group-AC77705E4BE5-LeaderElection29] INFO  server.RaftServerConfigKeys (ConfUtils.java:logGet(46)) - raft.server.write.element-limit = 1024 (custom)
2023-09-08 11:19:34,601 [ced5577c-1b9f-4df4-b1d3-afb76f4739eb@group-AC77705E4BE5-LeaderElection29] INFO  server.RaftServerConfigKeys (ConfUtils.java:logGet(46)) - raft.server.write.follower.gap.ratio.max = -1.0 (default)
2023-09-08 11:19:34,601 [ced5577c-1b9f-4df4-b1d3-afb76f4739eb@group-AC77705E4BE5-LeaderElection29] INFO  impl.RoleInfo (RoleInfo.java:updateAndGet(139)) - ced5577c-1b9f-4df4-b1d3-afb76f4739eb: start ced5577c-1b9f-4df4-b1d3-afb76f4739eb@group-AC77705E4BE5-LeaderStateImpl
2023-09-08 11:19:34,601 [ced5577c-1b9f-4df4-b1d3-afb76f4739eb@group-AC77705E4BE5-LeaderElection29] INFO  segmented.SegmentedRaftLogWorker (SegmentedRaftLogWorker.java:startLogSegment(447)) - ced5577c-1b9f-4df4-b1d3-afb76f4739eb@group-AC77705E4BE5-SegmentedRaftLogWorker: Starting segment from index:0
2023-09-08 11:19:34,604 [ced5577c-1b9f-4df4-b1d3-afb76f4739eb@group-AC77705E4BE5-LeaderElection29] INFO  server.RaftServer$Division (ServerState.java:setRaftConf(434)) - ced5577c-1b9f-4df4-b1d3-afb76f4739eb@group-AC77705E4BE5: set configuration 0: peers:[ced5577c-1b9f-4df4-b1d3-afb76f4739eb|rpc:10.1.0.72:15156|admin:10.1.0.72:15155|client:10.1.0.72:15154|dataStream:10.1.0.72:15157|priority:1|startupRole:FOLLOWER]|listeners:[], old=null
2023-09-08 11:19:34,605 [ced5577c-1b9f-4df4-b1d3-afb76f4739eb@group-AC77705E4BE5-SegmentedRaftLogWorker] INFO  segmented.SegmentedRaftLogWorker (SegmentedRaftLogWorker.java:execute(651)) - ced5577c-1b9f-4df4-b1d3-afb76f4739eb@group-AC77705E4BE5-SegmentedRaftLogWorker: created new log segment /home/runner/work/ozone/ozone/hadoop-ozone/integration-test/target/test-dir/MiniOzoneClusterImpl-b03496ff-6041-4009-870e-fb613b325751/datanode-4/data/ratis/a687d425-9231-4658-b1a1-ac77705e4be5/current/log_inprogress_0
]]></system-out>
  </testcase>
  <testcase name="testTrash" classname="TestOzoneFileSystem" time="5.353">
    <system-out><![CDATA[11:21:00.179 [IPC Server handler 19 on default port 15163] ERROR OMAudit - user=runner | ip=127.0.0.1 | op=GET_FILE_STATUS {volume=volume69610, bucket=bucket82402, key=.Trash/runner, dataSize=0, replicationConfig=null} | ret=FAILURE
org.apache.hadoop.ozone.om.exceptions.OMException: Unable to get file status: volume: volume69610 bucket: bucket82402 key: .Trash/runner
	at org.apache.hadoop.ozone.om.KeyManagerImpl.getOzoneFileStatus(KeyManagerImpl.java:1195) ~[ozone-manager-1.4.0-SNAPSHOT.jar:?]
	at org.apache.hadoop.ozone.om.KeyManagerImpl.getFileStatus(KeyManagerImpl.java:1113) ~[ozone-manager-1.4.0-SNAPSHOT.jar:?]
	at org.apache.hadoop.ozone.om.OmMetadataReader.getFileStatus(OmMetadataReader.java:262) ~[ozone-manager-1.4.0-SNAPSHOT.jar:?]
	at org.apache.hadoop.ozone.om.OzoneManager.getFileStatus(OzoneManager.java:3530) ~[ozone-manager-1.4.0-SNAPSHOT.jar:?]
	at org.apache.hadoop.ozone.protocolPB.OzoneManagerRequestHandler.getOzoneFileStatus(OzoneManagerRequestHandler.java:971) ~[ozone-manager-1.4.0-SNAPSHOT.jar:?]
	at org.apache.hadoop.ozone.protocolPB.OzoneManagerRequestHandler.handleReadRequest(OzoneManagerRequestHandler.java:250) ~[ozone-manager-1.4.0-SNAPSHOT.jar:?]
	at org.apache.hadoop.ozone.protocolPB.OzoneManagerProtocolServerSideTranslatorPB.submitRequestDirectlyToOM(OzoneManagerProtocolServerSideTranslatorPB.java:274) ~[ozone-manager-1.4.0-SNAPSHOT.jar:?]
	at org.apache.hadoop.ozone.protocolPB.OzoneManagerProtocolServerSideTranslatorPB.processRequest(OzoneManagerProtocolServerSideTranslatorPB.java:175) ~[ozone-manager-1.4.0-SNAPSHOT.jar:?]
	at org.apache.hadoop.hdds.server.OzoneProtocolMessageDispatcher.processRequest(OzoneProtocolMessageDispatcher.java:87) [hdds-server-framework-1.4.0-SNAPSHOT.jar:?]
	at org.apache.hadoop.ozone.protocolPB.OzoneManagerProtocolServerSideTranslatorPB.submitRequest(OzoneManagerProtocolServerSideTranslatorPB.java:148) [ozone-manager-1.4.0-SNAPSHOT.jar:?]
	at org.apache.hadoop.ozone.protocol.proto.OzoneManagerProtocolProtos$OzoneManagerService$2.callBlockingMethod(OzoneManagerProtocolProtos.java) [ozone-interface-client-1.4.0-SNAPSHOT.jar:?]
	at org.apache.hadoop.ipc.ProtobufRpcEngine$Server.processCall(ProtobufRpcEngine.java:484) [hadoop-common-3.3.6.jar:?]
	at org.apache.hadoop.ipc.ProtobufRpcEngine2$Server$ProtoBufRpcInvoker.call(ProtobufRpcEngine2.java:595) [hadoop-common-3.3.6.jar:?]
	at org.apache.hadoop.ipc.ProtobufRpcEngine2$Server$ProtoBufRpcInvoker.call(ProtobufRpcEngine2.java:573) [hadoop-common-3.3.6.jar:?]
	at org.apache.hadoop.ipc.RPC$Server.call(RPC.java:1227) [hadoop-common-3.3.6.jar:?]
	at org.apache.hadoop.ipc.Server$RpcCall.run(Server.java:1094) [hadoop-common-3.3.6.jar:?]
	at org.apache.hadoop.ipc.Server$RpcCall.run(Server.java:1017) [hadoop-common-3.3.6.jar:?]
	at java.security.AccessController.doPrivileged(Native Method) ~[?:1.8.0_382]
	at javax.security.auth.Subject.doAs(Subject.java:422) [?:1.8.0_382]
	at org.apache.hadoop.security.UserGroupInformation.doAs(UserGroupInformation.java:1899) [hadoop-common-3.3.6.jar:?]
	at org.apache.hadoop.ipc.Server$Handler.run(Server.java:3048) [hadoop-common-3.3.6.jar:?]
11:21:00.182 [IPC Server handler 16 on default port 15163] ERROR OMAudit - user=runner | ip=127.0.0.1 | op=GET_FILE_STATUS {volume=volume69610, bucket=bucket82402, key=.Trash/runner/Current/testKey2, dataSize=0, replicationConfig=null} | ret=FAILURE
org.apache.hadoop.ozone.om.exceptions.OMException: Unable to get file status: volume: volume69610 bucket: bucket82402 key: .Trash/runner/Current/testKey2
	at org.apache.hadoop.ozone.om.KeyManagerImpl.getOzoneFileStatus(KeyManagerImpl.java:1195) ~[ozone-manager-1.4.0-SNAPSHOT.jar:?]
	at org.apache.hadoop.ozone.om.KeyManagerImpl.getFileStatus(KeyManagerImpl.java:1113) ~[ozone-manager-1.4.0-SNAPSHOT.jar:?]
	at org.apache.hadoop.ozone.om.OmMetadataReader.getFileStatus(OmMetadataReader.java:262) ~[ozone-manager-1.4.0-SNAPSHOT.jar:?]
	at org.apache.hadoop.ozone.om.OzoneManager.getFileStatus(OzoneManager.java:3530) ~[ozone-manager-1.4.0-SNAPSHOT.jar:?]
	at org.apache.hadoop.ozone.protocolPB.OzoneManagerRequestHandler.getOzoneFileStatus(OzoneManagerRequestHandler.java:971) ~[ozone-manager-1.4.0-SNAPSHOT.jar:?]
	at org.apache.hadoop.ozone.protocolPB.OzoneManagerRequestHandler.handleReadRequest(OzoneManagerRequestHandler.java:250) ~[ozone-manager-1.4.0-SNAPSHOT.jar:?]
	at org.apache.hadoop.ozone.protocolPB.OzoneManagerProtocolServerSideTranslatorPB.submitRequestDirectlyToOM(OzoneManagerProtocolServerSideTranslatorPB.java:274) ~[ozone-manager-1.4.0-SNAPSHOT.jar:?]
	at org.apache.hadoop.ozone.protocolPB.OzoneManagerProtocolServerSideTranslatorPB.processRequest(OzoneManagerProtocolServerSideTranslatorPB.java:175) ~[ozone-manager-1.4.0-SNAPSHOT.jar:?]
	at org.apache.hadoop.hdds.server.OzoneProtocolMessageDispatcher.processRequest(OzoneProtocolMessageDispatcher.java:87) [hdds-server-framework-1.4.0-SNAPSHOT.jar:?]
	at org.apache.hadoop.ozone.protocolPB.OzoneManagerProtocolServerSideTranslatorPB.submitRequest(OzoneManagerProtocolServerSideTranslatorPB.java:148) [ozone-manager-1.4.0-SNAPSHOT.jar:?]
	at org.apache.hadoop.ozone.protocol.proto.OzoneManagerProtocolProtos$OzoneManagerService$2.callBlockingMethod(OzoneManagerProtocolProtos.java) [ozone-interface-client-1.4.0-SNAPSHOT.jar:?]
	at org.apache.hadoop.ipc.ProtobufRpcEngine$Server.processCall(ProtobufRpcEngine.java:484) [hadoop-common-3.3.6.jar:?]
	at org.apache.hadoop.ipc.ProtobufRpcEngine2$Server$ProtoBufRpcInvoker.call(ProtobufRpcEngine2.java:595) [hadoop-common-3.3.6.jar:?]
	at org.apache.hadoop.ipc.ProtobufRpcEngine2$Server$ProtoBufRpcInvoker.call(ProtobufRpcEngine2.java:573) [hadoop-common-3.3.6.jar:?]
	at org.apache.hadoop.ipc.RPC$Server.call(RPC.java:1227) [hadoop-common-3.3.6.jar:?]
	at org.apache.hadoop.ipc.Server$RpcCall.run(Server.java:1094) [hadoop-common-3.3.6.jar:?]
	at org.apache.hadoop.ipc.Server$RpcCall.run(Server.java:1017) [hadoop-common-3.3.6.jar:?]
	at java.security.AccessController.doPrivileged(Native Method) ~[?:1.8.0_382]
	at javax.security.auth.Subject.doAs(Subject.java:422) [?:1.8.0_382]
	at org.apache.hadoop.security.UserGroupInformation.doAs(UserGroupInformation.java:1899) [hadoop-common-3.3.6.jar:?]
	at org.apache.hadoop.ipc.Server$Handler.run(Server.java:3048) [hadoop-common-3.3.6.jar:?]
11:21:00.184 [IPC Server handler 13 on default port 15163] ERROR OMAudit - user=runner | ip=127.0.0.1 | op=GET_FILE_STATUS {volume=volume69610, bucket=bucket82402, key=.Trash/runner/Current/testKey2, dataSize=0, replicationConfig=null} | ret=FAILURE
org.apache.hadoop.ozone.om.exceptions.OMException: Unable to get file status: volume: volume69610 bucket: bucket82402 key: .Trash/runner/Current/testKey2
	at org.apache.hadoop.ozone.om.KeyManagerImpl.getOzoneFileStatus(KeyManagerImpl.java:1195) ~[ozone-manager-1.4.0-SNAPSHOT.jar:?]
	at org.apache.hadoop.ozone.om.KeyManagerImpl.getFileStatus(KeyManagerImpl.java:1113) ~[ozone-manager-1.4.0-SNAPSHOT.jar:?]
	at org.apache.hadoop.ozone.om.OmMetadataReader.getFileStatus(OmMetadataReader.java:262) ~[ozone-manager-1.4.0-SNAPSHOT.jar:?]
	at org.apache.hadoop.ozone.om.OzoneManager.getFileStatus(OzoneManager.java:3530) ~[ozone-manager-1.4.0-SNAPSHOT.jar:?]
	at org.apache.hadoop.ozone.protocolPB.OzoneManagerRequestHandler.getOzoneFileStatus(OzoneManagerRequestHandler.java:971) ~[ozone-manager-1.4.0-SNAPSHOT.jar:?]
	at org.apache.hadoop.ozone.protocolPB.OzoneManagerRequestHandler.handleReadRequest(OzoneManagerRequestHandler.java:250) ~[ozone-manager-1.4.0-SNAPSHOT.jar:?]
	at org.apache.hadoop.ozone.protocolPB.OzoneManagerProtocolServerSideTranslatorPB.submitRequestDirectlyToOM(OzoneManagerProtocolServerSideTranslatorPB.java:274) ~[ozone-manager-1.4.0-SNAPSHOT.jar:?]
	at org.apache.hadoop.ozone.protocolPB.OzoneManagerProtocolServerSideTranslatorPB.processRequest(OzoneManagerProtocolServerSideTranslatorPB.java:175) ~[ozone-manager-1.4.0-SNAPSHOT.jar:?]
	at org.apache.hadoop.hdds.server.OzoneProtocolMessageDispatcher.processRequest(OzoneProtocolMessageDispatcher.java:87) [hdds-server-framework-1.4.0-SNAPSHOT.jar:?]
	at org.apache.hadoop.ozone.protocolPB.OzoneManagerProtocolServerSideTranslatorPB.submitRequest(OzoneManagerProtocolServerSideTranslatorPB.java:148) [ozone-manager-1.4.0-SNAPSHOT.jar:?]
	at org.apache.hadoop.ozone.protocol.proto.OzoneManagerProtocolProtos$OzoneManagerService$2.callBlockingMethod(OzoneManagerProtocolProtos.java) [ozone-interface-client-1.4.0-SNAPSHOT.jar:?]
	at org.apache.hadoop.ipc.ProtobufRpcEngine$Server.processCall(ProtobufRpcEngine.java:484) [hadoop-common-3.3.6.jar:?]
	at org.apache.hadoop.ipc.ProtobufRpcEngine2$Server$ProtoBufRpcInvoker.call(ProtobufRpcEngine2.java:595) [hadoop-common-3.3.6.jar:?]
	at org.apache.hadoop.ipc.ProtobufRpcEngine2$Server$ProtoBufRpcInvoker.call(ProtobufRpcEngine2.java:573) [hadoop-common-3.3.6.jar:?]
	at org.apache.hadoop.ipc.RPC$Server.call(RPC.java:1227) [hadoop-common-3.3.6.jar:?]
	at org.apache.hadoop.ipc.Server$RpcCall.run(Server.java:1094) [hadoop-common-3.3.6.jar:?]
	at org.apache.hadoop.ipc.Server$RpcCall.run(Server.java:1017) [hadoop-common-3.3.6.jar:?]
	at java.security.AccessController.doPrivileged(Native Method) ~[?:1.8.0_382]
	at javax.security.auth.Subject.doAs(Subject.java:422) [?:1.8.0_382]
	at org.apache.hadoop.security.UserGroupInformation.doAs(UserGroupInformation.java:1899) [hadoop-common-3.3.6.jar:?]
	at org.apache.hadoop.ipc.Server$Handler.run(Server.java:3048) [hadoop-common-3.3.6.jar:?]
2023-09-08 11:21:00,188 [Time-limited test] INFO  om.TrashPolicyOzone (TrashPolicyOzone.java:moveToTrash(209)) - Moved: '/testKey2' to trash at: o3fs://bucket82402.volume69610/.Trash/runner/Current/testKey2
11:21:01.507 [IPC Server handler 0 on default port 15163] ERROR OMAudit - user=runner | ip=127.0.0.1 | op=GET_FILE_STATUS {volume=volume69610, bucket=bucket82402, key=.Trash/runner/Current/testKey2, dataSize=0, replicationConfig=null} | ret=FAILURE
org.apache.hadoop.ozone.om.exceptions.OMException: Unable to get file status: volume: volume69610 bucket: bucket82402 key: .Trash/runner/Current/testKey2
	at org.apache.hadoop.ozone.om.KeyManagerImpl.getOzoneFileStatus(KeyManagerImpl.java:1195) ~[ozone-manager-1.4.0-SNAPSHOT.jar:?]
	at org.apache.hadoop.ozone.om.KeyManagerImpl.getFileStatus(KeyManagerImpl.java:1113) ~[ozone-manager-1.4.0-SNAPSHOT.jar:?]
	at org.apache.hadoop.ozone.om.OmMetadataReader.getFileStatus(OmMetadataReader.java:262) ~[ozone-manager-1.4.0-SNAPSHOT.jar:?]
	at org.apache.hadoop.ozone.om.OzoneManager.getFileStatus(OzoneManager.java:3530) ~[ozone-manager-1.4.0-SNAPSHOT.jar:?]
	at org.apache.hadoop.ozone.protocolPB.OzoneManagerRequestHandler.getOzoneFileStatus(OzoneManagerRequestHandler.java:971) ~[ozone-manager-1.4.0-SNAPSHOT.jar:?]
	at org.apache.hadoop.ozone.protocolPB.OzoneManagerRequestHandler.handleReadRequest(OzoneManagerRequestHandler.java:250) ~[ozone-manager-1.4.0-SNAPSHOT.jar:?]
	at org.apache.hadoop.ozone.protocolPB.OzoneManagerProtocolServerSideTranslatorPB.submitRequestDirectlyToOM(OzoneManagerProtocolServerSideTranslatorPB.java:274) ~[ozone-manager-1.4.0-SNAPSHOT.jar:?]
	at org.apache.hadoop.ozone.protocolPB.OzoneManagerProtocolServerSideTranslatorPB.processRequest(OzoneManagerProtocolServerSideTranslatorPB.java:175) ~[ozone-manager-1.4.0-SNAPSHOT.jar:?]
	at org.apache.hadoop.hdds.server.OzoneProtocolMessageDispatcher.processRequest(OzoneProtocolMessageDispatcher.java:87) [hdds-server-framework-1.4.0-SNAPSHOT.jar:?]
	at org.apache.hadoop.ozone.protocolPB.OzoneManagerProtocolServerSideTranslatorPB.submitRequest(OzoneManagerProtocolServerSideTranslatorPB.java:148) [ozone-manager-1.4.0-SNAPSHOT.jar:?]
	at org.apache.hadoop.ozone.protocol.proto.OzoneManagerProtocolProtos$OzoneManagerService$2.callBlockingMethod(OzoneManagerProtocolProtos.java) [ozone-interface-client-1.4.0-SNAPSHOT.jar:?]
	at org.apache.hadoop.ipc.ProtobufRpcEngine$Server.processCall(ProtobufRpcEngine.java:484) [hadoop-common-3.3.6.jar:?]
	at org.apache.hadoop.ipc.ProtobufRpcEngine2$Server$ProtoBufRpcInvoker.call(ProtobufRpcEngine2.java:595) [hadoop-common-3.3.6.jar:?]
	at org.apache.hadoop.ipc.ProtobufRpcEngine2$Server$ProtoBufRpcInvoker.call(ProtobufRpcEngine2.java:573) [hadoop-common-3.3.6.jar:?]
	at org.apache.hadoop.ipc.RPC$Server.call(RPC.java:1227) [hadoop-common-3.3.6.jar:?]
	at org.apache.hadoop.ipc.Server$RpcCall.run(Server.java:1094) [hadoop-common-3.3.6.jar:?]
	at org.apache.hadoop.ipc.Server$RpcCall.run(Server.java:1017) [hadoop-common-3.3.6.jar:?]
	at java.security.AccessController.doPrivileged(Native Method) ~[?:1.8.0_382]
	at javax.security.auth.Subject.doAs(Subject.java:422) [?:1.8.0_382]
	at org.apache.hadoop.security.UserGroupInformation.doAs(UserGroupInformation.java:1899) [hadoop-common-3.3.6.jar:?]
	at org.apache.hadoop.ipc.Server$Handler.run(Server.java:3048) [hadoop-common-3.3.6.jar:?]
]]></system-out>
  </testcase>
  <testcase name="testRenameDestinationParentDoesntExist" classname="TestOzoneFileSystem" time="0.06">
    <system-out><![CDATA[11:16:42.131 [IPC Server handler 13 on default port 15004] ERROR OMAudit - user=runner | ip=127.0.0.1 | op=GET_FILE_STATUS {volume=volume76163, bucket=bucket78113, key=root_dir/b/c, dataSize=0, replicationConfig=null} | ret=FAILURE
org.apache.hadoop.ozone.om.exceptions.OMException: Unable to get file status: volume: volume76163 bucket: bucket78113 key: root_dir/b/c
	at org.apache.hadoop.ozone.om.KeyManagerImpl.getOzoneFileStatus(KeyManagerImpl.java:1195) ~[ozone-manager-1.4.0-SNAPSHOT.jar:?]
	at org.apache.hadoop.ozone.om.KeyManagerImpl.getFileStatus(KeyManagerImpl.java:1113) ~[ozone-manager-1.4.0-SNAPSHOT.jar:?]
	at org.apache.hadoop.ozone.om.OmMetadataReader.getFileStatus(OmMetadataReader.java:262) ~[ozone-manager-1.4.0-SNAPSHOT.jar:?]
	at org.apache.hadoop.ozone.om.OzoneManager.getFileStatus(OzoneManager.java:3530) ~[ozone-manager-1.4.0-SNAPSHOT.jar:?]
	at org.apache.hadoop.ozone.protocolPB.OzoneManagerRequestHandler.getOzoneFileStatus(OzoneManagerRequestHandler.java:971) ~[ozone-manager-1.4.0-SNAPSHOT.jar:?]
	at org.apache.hadoop.ozone.protocolPB.OzoneManagerRequestHandler.handleReadRequest(OzoneManagerRequestHandler.java:250) ~[ozone-manager-1.4.0-SNAPSHOT.jar:?]
	at org.apache.hadoop.ozone.protocolPB.OzoneManagerProtocolServerSideTranslatorPB.submitReadRequestToOM(OzoneManagerProtocolServerSideTranslatorPB.java:225) ~[ozone-manager-1.4.0-SNAPSHOT.jar:?]
	at org.apache.hadoop.ozone.protocolPB.OzoneManagerProtocolServerSideTranslatorPB.processRequest(OzoneManagerProtocolServerSideTranslatorPB.java:179) ~[ozone-manager-1.4.0-SNAPSHOT.jar:?]
	at org.apache.hadoop.hdds.server.OzoneProtocolMessageDispatcher.processRequest(OzoneProtocolMessageDispatcher.java:87) [hdds-server-framework-1.4.0-SNAPSHOT.jar:?]
	at org.apache.hadoop.ozone.protocolPB.OzoneManagerProtocolServerSideTranslatorPB.submitRequest(OzoneManagerProtocolServerSideTranslatorPB.java:148) [ozone-manager-1.4.0-SNAPSHOT.jar:?]
	at org.apache.hadoop.ozone.protocol.proto.OzoneManagerProtocolProtos$OzoneManagerService$2.callBlockingMethod(OzoneManagerProtocolProtos.java) [ozone-interface-client-1.4.0-SNAPSHOT.jar:?]
	at org.apache.hadoop.ipc.ProtobufRpcEngine$Server.processCall(ProtobufRpcEngine.java:484) [hadoop-common-3.3.6.jar:?]
	at org.apache.hadoop.ipc.ProtobufRpcEngine2$Server$ProtoBufRpcInvoker.call(ProtobufRpcEngine2.java:595) [hadoop-common-3.3.6.jar:?]
	at org.apache.hadoop.ipc.ProtobufRpcEngine2$Server$ProtoBufRpcInvoker.call(ProtobufRpcEngine2.java:573) [hadoop-common-3.3.6.jar:?]
	at org.apache.hadoop.ipc.RPC$Server.call(RPC.java:1227) [hadoop-common-3.3.6.jar:?]
	at org.apache.hadoop.ipc.Server$RpcCall.run(Server.java:1094) [hadoop-common-3.3.6.jar:?]
	at org.apache.hadoop.ipc.Server$RpcCall.run(Server.java:1017) [hadoop-common-3.3.6.jar:?]
	at java.security.AccessController.doPrivileged(Native Method) ~[?:1.8.0_382]
	at javax.security.auth.Subject.doAs(Subject.java:422) [?:1.8.0_382]
	at org.apache.hadoop.security.UserGroupInformation.doAs(UserGroupInformation.java:1899) [hadoop-common-3.3.6.jar:?]
	at org.apache.hadoop.ipc.Server$Handler.run(Server.java:3048) [hadoop-common-3.3.6.jar:?]
11:16:42.133 [IPC Server handler 18 on default port 15004] ERROR OMAudit - user=runner | ip=127.0.0.1 | op=GET_FILE_STATUS {volume=volume76163, bucket=bucket78113, key=root_dir/b, dataSize=0, replicationConfig=null} | ret=FAILURE
org.apache.hadoop.ozone.om.exceptions.OMException: Unable to get file status: volume: volume76163 bucket: bucket78113 key: root_dir/b
	at org.apache.hadoop.ozone.om.KeyManagerImpl.getOzoneFileStatus(KeyManagerImpl.java:1195) ~[ozone-manager-1.4.0-SNAPSHOT.jar:?]
	at org.apache.hadoop.ozone.om.KeyManagerImpl.getFileStatus(KeyManagerImpl.java:1113) ~[ozone-manager-1.4.0-SNAPSHOT.jar:?]
	at org.apache.hadoop.ozone.om.OmMetadataReader.getFileStatus(OmMetadataReader.java:262) ~[ozone-manager-1.4.0-SNAPSHOT.jar:?]
	at org.apache.hadoop.ozone.om.OzoneManager.getFileStatus(OzoneManager.java:3530) ~[ozone-manager-1.4.0-SNAPSHOT.jar:?]
	at org.apache.hadoop.ozone.protocolPB.OzoneManagerRequestHandler.getOzoneFileStatus(OzoneManagerRequestHandler.java:971) ~[ozone-manager-1.4.0-SNAPSHOT.jar:?]
	at org.apache.hadoop.ozone.protocolPB.OzoneManagerRequestHandler.handleReadRequest(OzoneManagerRequestHandler.java:250) ~[ozone-manager-1.4.0-SNAPSHOT.jar:?]
	at org.apache.hadoop.ozone.protocolPB.OzoneManagerProtocolServerSideTranslatorPB.submitReadRequestToOM(OzoneManagerProtocolServerSideTranslatorPB.java:225) ~[ozone-manager-1.4.0-SNAPSHOT.jar:?]
	at org.apache.hadoop.ozone.protocolPB.OzoneManagerProtocolServerSideTranslatorPB.processRequest(OzoneManagerProtocolServerSideTranslatorPB.java:179) ~[ozone-manager-1.4.0-SNAPSHOT.jar:?]
	at org.apache.hadoop.hdds.server.OzoneProtocolMessageDispatcher.processRequest(OzoneProtocolMessageDispatcher.java:87) [hdds-server-framework-1.4.0-SNAPSHOT.jar:?]
	at org.apache.hadoop.ozone.protocolPB.OzoneManagerProtocolServerSideTranslatorPB.submitRequest(OzoneManagerProtocolServerSideTranslatorPB.java:148) [ozone-manager-1.4.0-SNAPSHOT.jar:?]
	at org.apache.hadoop.ozone.protocol.proto.OzoneManagerProtocolProtos$OzoneManagerService$2.callBlockingMethod(OzoneManagerProtocolProtos.java) [ozone-interface-client-1.4.0-SNAPSHOT.jar:?]
	at org.apache.hadoop.ipc.ProtobufRpcEngine$Server.processCall(ProtobufRpcEngine.java:484) [hadoop-common-3.3.6.jar:?]
	at org.apache.hadoop.ipc.ProtobufRpcEngine2$Server$ProtoBufRpcInvoker.call(ProtobufRpcEngine2.java:595) [hadoop-common-3.3.6.jar:?]
	at org.apache.hadoop.ipc.ProtobufRpcEngine2$Server$ProtoBufRpcInvoker.call(ProtobufRpcEngine2.java:573) [hadoop-common-3.3.6.jar:?]
	at org.apache.hadoop.ipc.RPC$Server.call(RPC.java:1227) [hadoop-common-3.3.6.jar:?]
	at org.apache.hadoop.ipc.Server$RpcCall.run(Server.java:1094) [hadoop-common-3.3.6.jar:?]
	at org.apache.hadoop.ipc.Server$RpcCall.run(Server.java:1017) [hadoop-common-3.3.6.jar:?]
	at java.security.AccessController.doPrivileged(Native Method) ~[?:1.8.0_382]
	at javax.security.auth.Subject.doAs(Subject.java:422) [?:1.8.0_382]
	at org.apache.hadoop.security.UserGroupInformation.doAs(UserGroupInformation.java:1899) [hadoop-common-3.3.6.jar:?]
	at org.apache.hadoop.ipc.Server$Handler.run(Server.java:3048) [hadoop-common-3.3.6.jar:?]
11:16:42.155 [IPC Server handler 7 on default port 15004] ERROR OMAudit - user=runner | ip=127.0.0.1 | op=GET_FILE_STATUS {volume=volume76163, bucket=bucket78113, key=root_dir/file1/c, dataSize=0, replicationConfig=null} | ret=FAILURE
org.apache.hadoop.ozone.om.exceptions.OMException: Unable to get file status: volume: volume76163 bucket: bucket78113 key: root_dir/file1/c
	at org.apache.hadoop.ozone.om.KeyManagerImpl.getOzoneFileStatus(KeyManagerImpl.java:1195) ~[ozone-manager-1.4.0-SNAPSHOT.jar:?]
	at org.apache.hadoop.ozone.om.KeyManagerImpl.getFileStatus(KeyManagerImpl.java:1113) ~[ozone-manager-1.4.0-SNAPSHOT.jar:?]
	at org.apache.hadoop.ozone.om.OmMetadataReader.getFileStatus(OmMetadataReader.java:262) ~[ozone-manager-1.4.0-SNAPSHOT.jar:?]
	at org.apache.hadoop.ozone.om.OzoneManager.getFileStatus(OzoneManager.java:3530) ~[ozone-manager-1.4.0-SNAPSHOT.jar:?]
	at org.apache.hadoop.ozone.protocolPB.OzoneManagerRequestHandler.getOzoneFileStatus(OzoneManagerRequestHandler.java:971) ~[ozone-manager-1.4.0-SNAPSHOT.jar:?]
	at org.apache.hadoop.ozone.protocolPB.OzoneManagerRequestHandler.handleReadRequest(OzoneManagerRequestHandler.java:250) ~[ozone-manager-1.4.0-SNAPSHOT.jar:?]
	at org.apache.hadoop.ozone.protocolPB.OzoneManagerProtocolServerSideTranslatorPB.submitReadRequestToOM(OzoneManagerProtocolServerSideTranslatorPB.java:225) ~[ozone-manager-1.4.0-SNAPSHOT.jar:?]
	at org.apache.hadoop.ozone.protocolPB.OzoneManagerProtocolServerSideTranslatorPB.processRequest(OzoneManagerProtocolServerSideTranslatorPB.java:179) ~[ozone-manager-1.4.0-SNAPSHOT.jar:?]
	at org.apache.hadoop.hdds.server.OzoneProtocolMessageDispatcher.processRequest(OzoneProtocolMessageDispatcher.java:87) [hdds-server-framework-1.4.0-SNAPSHOT.jar:?]
	at org.apache.hadoop.ozone.protocolPB.OzoneManagerProtocolServerSideTranslatorPB.submitRequest(OzoneManagerProtocolServerSideTranslatorPB.java:148) [ozone-manager-1.4.0-SNAPSHOT.jar:?]
	at org.apache.hadoop.ozone.protocol.proto.OzoneManagerProtocolProtos$OzoneManagerService$2.callBlockingMethod(OzoneManagerProtocolProtos.java) [ozone-interface-client-1.4.0-SNAPSHOT.jar:?]
	at org.apache.hadoop.ipc.ProtobufRpcEngine$Server.processCall(ProtobufRpcEngine.java:484) [hadoop-common-3.3.6.jar:?]
	at org.apache.hadoop.ipc.ProtobufRpcEngine2$Server$ProtoBufRpcInvoker.call(ProtobufRpcEngine2.java:595) [hadoop-common-3.3.6.jar:?]
	at org.apache.hadoop.ipc.ProtobufRpcEngine2$Server$ProtoBufRpcInvoker.call(ProtobufRpcEngine2.java:573) [hadoop-common-3.3.6.jar:?]
	at org.apache.hadoop.ipc.RPC$Server.call(RPC.java:1227) [hadoop-common-3.3.6.jar:?]
	at org.apache.hadoop.ipc.Server$RpcCall.run(Server.java:1094) [hadoop-common-3.3.6.jar:?]
	at org.apache.hadoop.ipc.Server$RpcCall.run(Server.java:1017) [hadoop-common-3.3.6.jar:?]
	at java.security.AccessController.doPrivileged(Native Method) ~[?:1.8.0_382]
	at javax.security.auth.Subject.doAs(Subject.java:422) [?:1.8.0_382]
	at org.apache.hadoop.security.UserGroupInformation.doAs(UserGroupInformation.java:1899) [hadoop-common-3.3.6.jar:?]
	at org.apache.hadoop.ipc.Server$Handler.run(Server.java:3048) [hadoop-common-3.3.6.jar:?]
]]></system-out>
  </testcase>
  <testcase name="testRenameDestinationParentDoesntExist" classname="TestOzoneFileSystem" time="0.031">
    <system-out><![CDATA[11:18:19.591 [IPC Server handler 16 on default port 15057] ERROR OMAudit - user=runner | ip=127.0.0.1 | op=GET_FILE_STATUS {volume=volume79664, bucket=bucket82507, key=root_dir/b/c, dataSize=0, replicationConfig=null} | ret=FAILURE
org.apache.hadoop.ozone.om.exceptions.OMException: Unable to get file status: volume: volume79664 bucket: bucket82507 key: root_dir/b/c
	at org.apache.hadoop.ozone.om.KeyManagerImpl.getOzoneFileStatus(KeyManagerImpl.java:1195) ~[ozone-manager-1.4.0-SNAPSHOT.jar:?]
	at org.apache.hadoop.ozone.om.KeyManagerImpl.getFileStatus(KeyManagerImpl.java:1113) ~[ozone-manager-1.4.0-SNAPSHOT.jar:?]
	at org.apache.hadoop.ozone.om.OmMetadataReader.getFileStatus(OmMetadataReader.java:262) ~[ozone-manager-1.4.0-SNAPSHOT.jar:?]
	at org.apache.hadoop.ozone.om.OzoneManager.getFileStatus(OzoneManager.java:3530) ~[ozone-manager-1.4.0-SNAPSHOT.jar:?]
	at org.apache.hadoop.ozone.protocolPB.OzoneManagerRequestHandler.getOzoneFileStatus(OzoneManagerRequestHandler.java:971) ~[ozone-manager-1.4.0-SNAPSHOT.jar:?]
	at org.apache.hadoop.ozone.protocolPB.OzoneManagerRequestHandler.handleReadRequest(OzoneManagerRequestHandler.java:250) ~[ozone-manager-1.4.0-SNAPSHOT.jar:?]
	at org.apache.hadoop.ozone.protocolPB.OzoneManagerProtocolServerSideTranslatorPB.submitRequestDirectlyToOM(OzoneManagerProtocolServerSideTranslatorPB.java:274) ~[ozone-manager-1.4.0-SNAPSHOT.jar:?]
	at org.apache.hadoop.ozone.protocolPB.OzoneManagerProtocolServerSideTranslatorPB.processRequest(OzoneManagerProtocolServerSideTranslatorPB.java:175) ~[ozone-manager-1.4.0-SNAPSHOT.jar:?]
	at org.apache.hadoop.hdds.server.OzoneProtocolMessageDispatcher.processRequest(OzoneProtocolMessageDispatcher.java:87) [hdds-server-framework-1.4.0-SNAPSHOT.jar:?]
	at org.apache.hadoop.ozone.protocolPB.OzoneManagerProtocolServerSideTranslatorPB.submitRequest(OzoneManagerProtocolServerSideTranslatorPB.java:148) [ozone-manager-1.4.0-SNAPSHOT.jar:?]
	at org.apache.hadoop.ozone.protocol.proto.OzoneManagerProtocolProtos$OzoneManagerService$2.callBlockingMethod(OzoneManagerProtocolProtos.java) [ozone-interface-client-1.4.0-SNAPSHOT.jar:?]
	at org.apache.hadoop.ipc.ProtobufRpcEngine$Server.processCall(ProtobufRpcEngine.java:484) [hadoop-common-3.3.6.jar:?]
	at org.apache.hadoop.ipc.ProtobufRpcEngine2$Server$ProtoBufRpcInvoker.call(ProtobufRpcEngine2.java:595) [hadoop-common-3.3.6.jar:?]
	at org.apache.hadoop.ipc.ProtobufRpcEngine2$Server$ProtoBufRpcInvoker.call(ProtobufRpcEngine2.java:573) [hadoop-common-3.3.6.jar:?]
	at org.apache.hadoop.ipc.RPC$Server.call(RPC.java:1227) [hadoop-common-3.3.6.jar:?]
	at org.apache.hadoop.ipc.Server$RpcCall.run(Server.java:1094) [hadoop-common-3.3.6.jar:?]
	at org.apache.hadoop.ipc.Server$RpcCall.run(Server.java:1017) [hadoop-common-3.3.6.jar:?]
	at java.security.AccessController.doPrivileged(Native Method) ~[?:1.8.0_382]
	at javax.security.auth.Subject.doAs(Subject.java:422) [?:1.8.0_382]
	at org.apache.hadoop.security.UserGroupInformation.doAs(UserGroupInformation.java:1899) [hadoop-common-3.3.6.jar:?]
	at org.apache.hadoop.ipc.Server$Handler.run(Server.java:3048) [hadoop-common-3.3.6.jar:?]
11:18:19.592 [IPC Server handler 17 on default port 15057] ERROR OMAudit - user=runner | ip=127.0.0.1 | op=GET_FILE_STATUS {volume=volume79664, bucket=bucket82507, key=root_dir/b, dataSize=0, replicationConfig=null} | ret=FAILURE
org.apache.hadoop.ozone.om.exceptions.OMException: Unable to get file status: volume: volume79664 bucket: bucket82507 key: root_dir/b
	at org.apache.hadoop.ozone.om.KeyManagerImpl.getOzoneFileStatus(KeyManagerImpl.java:1195) ~[ozone-manager-1.4.0-SNAPSHOT.jar:?]
	at org.apache.hadoop.ozone.om.KeyManagerImpl.getFileStatus(KeyManagerImpl.java:1113) ~[ozone-manager-1.4.0-SNAPSHOT.jar:?]
	at org.apache.hadoop.ozone.om.OmMetadataReader.getFileStatus(OmMetadataReader.java:262) ~[ozone-manager-1.4.0-SNAPSHOT.jar:?]
	at org.apache.hadoop.ozone.om.OzoneManager.getFileStatus(OzoneManager.java:3530) ~[ozone-manager-1.4.0-SNAPSHOT.jar:?]
	at org.apache.hadoop.ozone.protocolPB.OzoneManagerRequestHandler.getOzoneFileStatus(OzoneManagerRequestHandler.java:971) ~[ozone-manager-1.4.0-SNAPSHOT.jar:?]
	at org.apache.hadoop.ozone.protocolPB.OzoneManagerRequestHandler.handleReadRequest(OzoneManagerRequestHandler.java:250) ~[ozone-manager-1.4.0-SNAPSHOT.jar:?]
	at org.apache.hadoop.ozone.protocolPB.OzoneManagerProtocolServerSideTranslatorPB.submitRequestDirectlyToOM(OzoneManagerProtocolServerSideTranslatorPB.java:274) ~[ozone-manager-1.4.0-SNAPSHOT.jar:?]
	at org.apache.hadoop.ozone.protocolPB.OzoneManagerProtocolServerSideTranslatorPB.processRequest(OzoneManagerProtocolServerSideTranslatorPB.java:175) ~[ozone-manager-1.4.0-SNAPSHOT.jar:?]
	at org.apache.hadoop.hdds.server.OzoneProtocolMessageDispatcher.processRequest(OzoneProtocolMessageDispatcher.java:87) [hdds-server-framework-1.4.0-SNAPSHOT.jar:?]
	at org.apache.hadoop.ozone.protocolPB.OzoneManagerProtocolServerSideTranslatorPB.submitRequest(OzoneManagerProtocolServerSideTranslatorPB.java:148) [ozone-manager-1.4.0-SNAPSHOT.jar:?]
	at org.apache.hadoop.ozone.protocol.proto.OzoneManagerProtocolProtos$OzoneManagerService$2.callBlockingMethod(OzoneManagerProtocolProtos.java) [ozone-interface-client-1.4.0-SNAPSHOT.jar:?]
	at org.apache.hadoop.ipc.ProtobufRpcEngine$Server.processCall(ProtobufRpcEngine.java:484) [hadoop-common-3.3.6.jar:?]
	at org.apache.hadoop.ipc.ProtobufRpcEngine2$Server$ProtoBufRpcInvoker.call(ProtobufRpcEngine2.java:595) [hadoop-common-3.3.6.jar:?]
	at org.apache.hadoop.ipc.ProtobufRpcEngine2$Server$ProtoBufRpcInvoker.call(ProtobufRpcEngine2.java:573) [hadoop-common-3.3.6.jar:?]
	at org.apache.hadoop.ipc.RPC$Server.call(RPC.java:1227) [hadoop-common-3.3.6.jar:?]
	at org.apache.hadoop.ipc.Server$RpcCall.run(Server.java:1094) [hadoop-common-3.3.6.jar:?]
	at org.apache.hadoop.ipc.Server$RpcCall.run(Server.java:1017) [hadoop-common-3.3.6.jar:?]
	at java.security.AccessController.doPrivileged(Native Method) ~[?:1.8.0_382]
	at javax.security.auth.Subject.doAs(Subject.java:422) [?:1.8.0_382]
	at org.apache.hadoop.security.UserGroupInformation.doAs(UserGroupInformation.java:1899) [hadoop-common-3.3.6.jar:?]
	at org.apache.hadoop.ipc.Server$Handler.run(Server.java:3048) [hadoop-common-3.3.6.jar:?]
11:18:19.603 [IPC Server handler 15 on default port 15057] ERROR OMAudit - user=runner | ip=127.0.0.1 | op=GET_FILE_STATUS {volume=volume79664, bucket=bucket82507, key=root_dir/file1/c, dataSize=0, replicationConfig=null} | ret=FAILURE
org.apache.hadoop.ozone.om.exceptions.OMException: Unable to get file status: volume: volume79664 bucket: bucket82507 key: root_dir/file1/c
	at org.apache.hadoop.ozone.om.KeyManagerImpl.getOzoneFileStatus(KeyManagerImpl.java:1195) ~[ozone-manager-1.4.0-SNAPSHOT.jar:?]
	at org.apache.hadoop.ozone.om.KeyManagerImpl.getFileStatus(KeyManagerImpl.java:1113) ~[ozone-manager-1.4.0-SNAPSHOT.jar:?]
	at org.apache.hadoop.ozone.om.OmMetadataReader.getFileStatus(OmMetadataReader.java:262) ~[ozone-manager-1.4.0-SNAPSHOT.jar:?]
	at org.apache.hadoop.ozone.om.OzoneManager.getFileStatus(OzoneManager.java:3530) ~[ozone-manager-1.4.0-SNAPSHOT.jar:?]
	at org.apache.hadoop.ozone.protocolPB.OzoneManagerRequestHandler.getOzoneFileStatus(OzoneManagerRequestHandler.java:971) ~[ozone-manager-1.4.0-SNAPSHOT.jar:?]
	at org.apache.hadoop.ozone.protocolPB.OzoneManagerRequestHandler.handleReadRequest(OzoneManagerRequestHandler.java:250) ~[ozone-manager-1.4.0-SNAPSHOT.jar:?]
	at org.apache.hadoop.ozone.protocolPB.OzoneManagerProtocolServerSideTranslatorPB.submitRequestDirectlyToOM(OzoneManagerProtocolServerSideTranslatorPB.java:274) ~[ozone-manager-1.4.0-SNAPSHOT.jar:?]
	at org.apache.hadoop.ozone.protocolPB.OzoneManagerProtocolServerSideTranslatorPB.processRequest(OzoneManagerProtocolServerSideTranslatorPB.java:175) ~[ozone-manager-1.4.0-SNAPSHOT.jar:?]
	at org.apache.hadoop.hdds.server.OzoneProtocolMessageDispatcher.processRequest(OzoneProtocolMessageDispatcher.java:87) [hdds-server-framework-1.4.0-SNAPSHOT.jar:?]
	at org.apache.hadoop.ozone.protocolPB.OzoneManagerProtocolServerSideTranslatorPB.submitRequest(OzoneManagerProtocolServerSideTranslatorPB.java:148) [ozone-manager-1.4.0-SNAPSHOT.jar:?]
	at org.apache.hadoop.ozone.protocol.proto.OzoneManagerProtocolProtos$OzoneManagerService$2.callBlockingMethod(OzoneManagerProtocolProtos.java) [ozone-interface-client-1.4.0-SNAPSHOT.jar:?]
	at org.apache.hadoop.ipc.ProtobufRpcEngine$Server.processCall(ProtobufRpcEngine.java:484) [hadoop-common-3.3.6.jar:?]
	at org.apache.hadoop.ipc.ProtobufRpcEngine2$Server$ProtoBufRpcInvoker.call(ProtobufRpcEngine2.java:595) [hadoop-common-3.3.6.jar:?]
	at org.apache.hadoop.ipc.ProtobufRpcEngine2$Server$ProtoBufRpcInvoker.call(ProtobufRpcEngine2.java:573) [hadoop-common-3.3.6.jar:?]
	at org.apache.hadoop.ipc.RPC$Server.call(RPC.java:1227) [hadoop-common-3.3.6.jar:?]
	at org.apache.hadoop.ipc.Server$RpcCall.run(Server.java:1094) [hadoop-common-3.3.6.jar:?]
	at org.apache.hadoop.ipc.Server$RpcCall.run(Server.java:1017) [hadoop-common-3.3.6.jar:?]
	at java.security.AccessController.doPrivileged(Native Method) ~[?:1.8.0_382]
	at javax.security.auth.Subject.doAs(Subject.java:422) [?:1.8.0_382]
	at org.apache.hadoop.security.UserGroupInformation.doAs(UserGroupInformation.java:1899) [hadoop-common-3.3.6.jar:?]
	at org.apache.hadoop.ipc.Server$Handler.run(Server.java:3048) [hadoop-common-3.3.6.jar:?]
]]></system-out>
  </testcase>
  <testcase name="testRenameDestinationParentDoesntExist" classname="TestOzoneFileSystem" time="0.043">
    <system-out><![CDATA[11:19:37.576 [IPC Server handler 14 on default port 15110] ERROR OMAudit - user=runner | ip=127.0.0.1 | op=GET_FILE_STATUS {volume=volume57283, bucket=bucket81356, key=root_dir/b/c, dataSize=0, replicationConfig=null} | ret=FAILURE
org.apache.hadoop.ozone.om.exceptions.OMException: Unable to get file status: volume: volume57283 bucket: bucket81356 key: root_dir/b/c
	at org.apache.hadoop.ozone.om.KeyManagerImpl.getOzoneFileStatus(KeyManagerImpl.java:1195) ~[ozone-manager-1.4.0-SNAPSHOT.jar:?]
	at org.apache.hadoop.ozone.om.KeyManagerImpl.getFileStatus(KeyManagerImpl.java:1113) ~[ozone-manager-1.4.0-SNAPSHOT.jar:?]
	at org.apache.hadoop.ozone.om.OmMetadataReader.getFileStatus(OmMetadataReader.java:262) ~[ozone-manager-1.4.0-SNAPSHOT.jar:?]
	at org.apache.hadoop.ozone.om.OzoneManager.getFileStatus(OzoneManager.java:3530) ~[ozone-manager-1.4.0-SNAPSHOT.jar:?]
	at org.apache.hadoop.ozone.protocolPB.OzoneManagerRequestHandler.getOzoneFileStatus(OzoneManagerRequestHandler.java:971) ~[ozone-manager-1.4.0-SNAPSHOT.jar:?]
	at org.apache.hadoop.ozone.protocolPB.OzoneManagerRequestHandler.handleReadRequest(OzoneManagerRequestHandler.java:250) ~[ozone-manager-1.4.0-SNAPSHOT.jar:?]
	at org.apache.hadoop.ozone.protocolPB.OzoneManagerProtocolServerSideTranslatorPB.submitReadRequestToOM(OzoneManagerProtocolServerSideTranslatorPB.java:225) ~[ozone-manager-1.4.0-SNAPSHOT.jar:?]
	at org.apache.hadoop.ozone.protocolPB.OzoneManagerProtocolServerSideTranslatorPB.processRequest(OzoneManagerProtocolServerSideTranslatorPB.java:179) ~[ozone-manager-1.4.0-SNAPSHOT.jar:?]
	at org.apache.hadoop.hdds.server.OzoneProtocolMessageDispatcher.processRequest(OzoneProtocolMessageDispatcher.java:87) [hdds-server-framework-1.4.0-SNAPSHOT.jar:?]
	at org.apache.hadoop.ozone.protocolPB.OzoneManagerProtocolServerSideTranslatorPB.submitRequest(OzoneManagerProtocolServerSideTranslatorPB.java:148) [ozone-manager-1.4.0-SNAPSHOT.jar:?]
	at org.apache.hadoop.ozone.protocol.proto.OzoneManagerProtocolProtos$OzoneManagerService$2.callBlockingMethod(OzoneManagerProtocolProtos.java) [ozone-interface-client-1.4.0-SNAPSHOT.jar:?]
	at org.apache.hadoop.ipc.ProtobufRpcEngine$Server.processCall(ProtobufRpcEngine.java:484) [hadoop-common-3.3.6.jar:?]
	at org.apache.hadoop.ipc.ProtobufRpcEngine2$Server$ProtoBufRpcInvoker.call(ProtobufRpcEngine2.java:595) [hadoop-common-3.3.6.jar:?]
	at org.apache.hadoop.ipc.ProtobufRpcEngine2$Server$ProtoBufRpcInvoker.call(ProtobufRpcEngine2.java:573) [hadoop-common-3.3.6.jar:?]
	at org.apache.hadoop.ipc.RPC$Server.call(RPC.java:1227) [hadoop-common-3.3.6.jar:?]
	at org.apache.hadoop.ipc.Server$RpcCall.run(Server.java:1094) [hadoop-common-3.3.6.jar:?]
	at org.apache.hadoop.ipc.Server$RpcCall.run(Server.java:1017) [hadoop-common-3.3.6.jar:?]
	at java.security.AccessController.doPrivileged(Native Method) ~[?:1.8.0_382]
	at javax.security.auth.Subject.doAs(Subject.java:422) [?:1.8.0_382]
	at org.apache.hadoop.security.UserGroupInformation.doAs(UserGroupInformation.java:1899) [hadoop-common-3.3.6.jar:?]
	at org.apache.hadoop.ipc.Server$Handler.run(Server.java:3048) [hadoop-common-3.3.6.jar:?]
11:19:37.577 [IPC Server handler 15 on default port 15110] ERROR OMAudit - user=runner | ip=127.0.0.1 | op=GET_FILE_STATUS {volume=volume57283, bucket=bucket81356, key=root_dir/b, dataSize=0, replicationConfig=null} | ret=FAILURE
org.apache.hadoop.ozone.om.exceptions.OMException: Unable to get file status: volume: volume57283 bucket: bucket81356 key: root_dir/b
	at org.apache.hadoop.ozone.om.KeyManagerImpl.getOzoneFileStatus(KeyManagerImpl.java:1195) ~[ozone-manager-1.4.0-SNAPSHOT.jar:?]
	at org.apache.hadoop.ozone.om.KeyManagerImpl.getFileStatus(KeyManagerImpl.java:1113) ~[ozone-manager-1.4.0-SNAPSHOT.jar:?]
	at org.apache.hadoop.ozone.om.OmMetadataReader.getFileStatus(OmMetadataReader.java:262) ~[ozone-manager-1.4.0-SNAPSHOT.jar:?]
	at org.apache.hadoop.ozone.om.OzoneManager.getFileStatus(OzoneManager.java:3530) ~[ozone-manager-1.4.0-SNAPSHOT.jar:?]
	at org.apache.hadoop.ozone.protocolPB.OzoneManagerRequestHandler.getOzoneFileStatus(OzoneManagerRequestHandler.java:971) ~[ozone-manager-1.4.0-SNAPSHOT.jar:?]
	at org.apache.hadoop.ozone.protocolPB.OzoneManagerRequestHandler.handleReadRequest(OzoneManagerRequestHandler.java:250) ~[ozone-manager-1.4.0-SNAPSHOT.jar:?]
	at org.apache.hadoop.ozone.protocolPB.OzoneManagerProtocolServerSideTranslatorPB.submitReadRequestToOM(OzoneManagerProtocolServerSideTranslatorPB.java:225) ~[ozone-manager-1.4.0-SNAPSHOT.jar:?]
	at org.apache.hadoop.ozone.protocolPB.OzoneManagerProtocolServerSideTranslatorPB.processRequest(OzoneManagerProtocolServerSideTranslatorPB.java:179) ~[ozone-manager-1.4.0-SNAPSHOT.jar:?]
	at org.apache.hadoop.hdds.server.OzoneProtocolMessageDispatcher.processRequest(OzoneProtocolMessageDispatcher.java:87) [hdds-server-framework-1.4.0-SNAPSHOT.jar:?]
	at org.apache.hadoop.ozone.protocolPB.OzoneManagerProtocolServerSideTranslatorPB.submitRequest(OzoneManagerProtocolServerSideTranslatorPB.java:148) [ozone-manager-1.4.0-SNAPSHOT.jar:?]
	at org.apache.hadoop.ozone.protocol.proto.OzoneManagerProtocolProtos$OzoneManagerService$2.callBlockingMethod(OzoneManagerProtocolProtos.java) [ozone-interface-client-1.4.0-SNAPSHOT.jar:?]
	at org.apache.hadoop.ipc.ProtobufRpcEngine$Server.processCall(ProtobufRpcEngine.java:484) [hadoop-common-3.3.6.jar:?]
	at org.apache.hadoop.ipc.ProtobufRpcEngine2$Server$ProtoBufRpcInvoker.call(ProtobufRpcEngine2.java:595) [hadoop-common-3.3.6.jar:?]
	at org.apache.hadoop.ipc.ProtobufRpcEngine2$Server$ProtoBufRpcInvoker.call(ProtobufRpcEngine2.java:573) [hadoop-common-3.3.6.jar:?]
	at org.apache.hadoop.ipc.RPC$Server.call(RPC.java:1227) [hadoop-common-3.3.6.jar:?]
	at org.apache.hadoop.ipc.Server$RpcCall.run(Server.java:1094) [hadoop-common-3.3.6.jar:?]
	at org.apache.hadoop.ipc.Server$RpcCall.run(Server.java:1017) [hadoop-common-3.3.6.jar:?]
	at java.security.AccessController.doPrivileged(Native Method) ~[?:1.8.0_382]
	at javax.security.auth.Subject.doAs(Subject.java:422) [?:1.8.0_382]
	at org.apache.hadoop.security.UserGroupInformation.doAs(UserGroupInformation.java:1899) [hadoop-common-3.3.6.jar:?]
	at org.apache.hadoop.ipc.Server$Handler.run(Server.java:3048) [hadoop-common-3.3.6.jar:?]
11:19:37.593 [IPC Server handler 3 on default port 15110] ERROR OMAudit - user=runner | ip=127.0.0.1 | op=GET_FILE_STATUS {volume=volume57283, bucket=bucket81356, key=root_dir/file1/c, dataSize=0, replicationConfig=null} | ret=FAILURE
org.apache.hadoop.ozone.om.exceptions.OMException: Unable to get file status: volume: volume57283 bucket: bucket81356 key: root_dir/file1/c
	at org.apache.hadoop.ozone.om.KeyManagerImpl.getOzoneFileStatus(KeyManagerImpl.java:1195) ~[ozone-manager-1.4.0-SNAPSHOT.jar:?]
	at org.apache.hadoop.ozone.om.KeyManagerImpl.getFileStatus(KeyManagerImpl.java:1113) ~[ozone-manager-1.4.0-SNAPSHOT.jar:?]
	at org.apache.hadoop.ozone.om.OmMetadataReader.getFileStatus(OmMetadataReader.java:262) ~[ozone-manager-1.4.0-SNAPSHOT.jar:?]
	at org.apache.hadoop.ozone.om.OzoneManager.getFileStatus(OzoneManager.java:3530) ~[ozone-manager-1.4.0-SNAPSHOT.jar:?]
	at org.apache.hadoop.ozone.protocolPB.OzoneManagerRequestHandler.getOzoneFileStatus(OzoneManagerRequestHandler.java:971) ~[ozone-manager-1.4.0-SNAPSHOT.jar:?]
	at org.apache.hadoop.ozone.protocolPB.OzoneManagerRequestHandler.handleReadRequest(OzoneManagerRequestHandler.java:250) ~[ozone-manager-1.4.0-SNAPSHOT.jar:?]
	at org.apache.hadoop.ozone.protocolPB.OzoneManagerProtocolServerSideTranslatorPB.submitReadRequestToOM(OzoneManagerProtocolServerSideTranslatorPB.java:225) ~[ozone-manager-1.4.0-SNAPSHOT.jar:?]
	at org.apache.hadoop.ozone.protocolPB.OzoneManagerProtocolServerSideTranslatorPB.processRequest(OzoneManagerProtocolServerSideTranslatorPB.java:179) ~[ozone-manager-1.4.0-SNAPSHOT.jar:?]
	at org.apache.hadoop.hdds.server.OzoneProtocolMessageDispatcher.processRequest(OzoneProtocolMessageDispatcher.java:87) [hdds-server-framework-1.4.0-SNAPSHOT.jar:?]
	at org.apache.hadoop.ozone.protocolPB.OzoneManagerProtocolServerSideTranslatorPB.submitRequest(OzoneManagerProtocolServerSideTranslatorPB.java:148) [ozone-manager-1.4.0-SNAPSHOT.jar:?]
	at org.apache.hadoop.ozone.protocol.proto.OzoneManagerProtocolProtos$OzoneManagerService$2.callBlockingMethod(OzoneManagerProtocolProtos.java) [ozone-interface-client-1.4.0-SNAPSHOT.jar:?]
	at org.apache.hadoop.ipc.ProtobufRpcEngine$Server.processCall(ProtobufRpcEngine.java:484) [hadoop-common-3.3.6.jar:?]
	at org.apache.hadoop.ipc.ProtobufRpcEngine2$Server$ProtoBufRpcInvoker.call(ProtobufRpcEngine2.java:595) [hadoop-common-3.3.6.jar:?]
	at org.apache.hadoop.ipc.ProtobufRpcEngine2$Server$ProtoBufRpcInvoker.call(ProtobufRpcEngine2.java:573) [hadoop-common-3.3.6.jar:?]
	at org.apache.hadoop.ipc.RPC$Server.call(RPC.java:1227) [hadoop-common-3.3.6.jar:?]
	at org.apache.hadoop.ipc.Server$RpcCall.run(Server.java:1094) [hadoop-common-3.3.6.jar:?]
	at org.apache.hadoop.ipc.Server$RpcCall.run(Server.java:1017) [hadoop-common-3.3.6.jar:?]
	at java.security.AccessController.doPrivileged(Native Method) ~[?:1.8.0_382]
	at javax.security.auth.Subject.doAs(Subject.java:422) [?:1.8.0_382]
	at org.apache.hadoop.security.UserGroupInformation.doAs(UserGroupInformation.java:1899) [hadoop-common-3.3.6.jar:?]
	at org.apache.hadoop.ipc.Server$Handler.run(Server.java:3048) [hadoop-common-3.3.6.jar:?]
]]></system-out>
  </testcase>
  <testcase name="testRenameDestinationParentDoesntExist" classname="TestOzoneFileSystem" time="0.03">
    <system-out><![CDATA[11:21:05.532 [IPC Server handler 15 on default port 15163] ERROR OMAudit - user=runner | ip=127.0.0.1 | op=GET_FILE_STATUS {volume=volume69610, bucket=bucket82402, key=root_dir/b/c, dataSize=0, replicationConfig=null} | ret=FAILURE
org.apache.hadoop.ozone.om.exceptions.OMException: Unable to get file status: volume: volume69610 bucket: bucket82402 key: root_dir/b/c
	at org.apache.hadoop.ozone.om.KeyManagerImpl.getOzoneFileStatus(KeyManagerImpl.java:1195) ~[ozone-manager-1.4.0-SNAPSHOT.jar:?]
	at org.apache.hadoop.ozone.om.KeyManagerImpl.getFileStatus(KeyManagerImpl.java:1113) ~[ozone-manager-1.4.0-SNAPSHOT.jar:?]
	at org.apache.hadoop.ozone.om.OmMetadataReader.getFileStatus(OmMetadataReader.java:262) ~[ozone-manager-1.4.0-SNAPSHOT.jar:?]
	at org.apache.hadoop.ozone.om.OzoneManager.getFileStatus(OzoneManager.java:3530) ~[ozone-manager-1.4.0-SNAPSHOT.jar:?]
	at org.apache.hadoop.ozone.protocolPB.OzoneManagerRequestHandler.getOzoneFileStatus(OzoneManagerRequestHandler.java:971) ~[ozone-manager-1.4.0-SNAPSHOT.jar:?]
	at org.apache.hadoop.ozone.protocolPB.OzoneManagerRequestHandler.handleReadRequest(OzoneManagerRequestHandler.java:250) ~[ozone-manager-1.4.0-SNAPSHOT.jar:?]
	at org.apache.hadoop.ozone.protocolPB.OzoneManagerProtocolServerSideTranslatorPB.submitRequestDirectlyToOM(OzoneManagerProtocolServerSideTranslatorPB.java:274) ~[ozone-manager-1.4.0-SNAPSHOT.jar:?]
	at org.apache.hadoop.ozone.protocolPB.OzoneManagerProtocolServerSideTranslatorPB.processRequest(OzoneManagerProtocolServerSideTranslatorPB.java:175) ~[ozone-manager-1.4.0-SNAPSHOT.jar:?]
	at org.apache.hadoop.hdds.server.OzoneProtocolMessageDispatcher.processRequest(OzoneProtocolMessageDispatcher.java:87) [hdds-server-framework-1.4.0-SNAPSHOT.jar:?]
	at org.apache.hadoop.ozone.protocolPB.OzoneManagerProtocolServerSideTranslatorPB.submitRequest(OzoneManagerProtocolServerSideTranslatorPB.java:148) [ozone-manager-1.4.0-SNAPSHOT.jar:?]
	at org.apache.hadoop.ozone.protocol.proto.OzoneManagerProtocolProtos$OzoneManagerService$2.callBlockingMethod(OzoneManagerProtocolProtos.java) [ozone-interface-client-1.4.0-SNAPSHOT.jar:?]
	at org.apache.hadoop.ipc.ProtobufRpcEngine$Server.processCall(ProtobufRpcEngine.java:484) [hadoop-common-3.3.6.jar:?]
	at org.apache.hadoop.ipc.ProtobufRpcEngine2$Server$ProtoBufRpcInvoker.call(ProtobufRpcEngine2.java:595) [hadoop-common-3.3.6.jar:?]
	at org.apache.hadoop.ipc.ProtobufRpcEngine2$Server$ProtoBufRpcInvoker.call(ProtobufRpcEngine2.java:573) [hadoop-common-3.3.6.jar:?]
	at org.apache.hadoop.ipc.RPC$Server.call(RPC.java:1227) [hadoop-common-3.3.6.jar:?]
	at org.apache.hadoop.ipc.Server$RpcCall.run(Server.java:1094) [hadoop-common-3.3.6.jar:?]
	at org.apache.hadoop.ipc.Server$RpcCall.run(Server.java:1017) [hadoop-common-3.3.6.jar:?]
	at java.security.AccessController.doPrivileged(Native Method) ~[?:1.8.0_382]
	at javax.security.auth.Subject.doAs(Subject.java:422) [?:1.8.0_382]
	at org.apache.hadoop.security.UserGroupInformation.doAs(UserGroupInformation.java:1899) [hadoop-common-3.3.6.jar:?]
	at org.apache.hadoop.ipc.Server$Handler.run(Server.java:3048) [hadoop-common-3.3.6.jar:?]
11:21:05.539 [IPC Server handler 10 on default port 15163] ERROR OMAudit - user=runner | ip=127.0.0.1 | op=GET_FILE_STATUS {volume=volume69610, bucket=bucket82402, key=root_dir/b, dataSize=0, replicationConfig=null} | ret=FAILURE
org.apache.hadoop.ozone.om.exceptions.OMException: Unable to get file status: volume: volume69610 bucket: bucket82402 key: root_dir/b
	at org.apache.hadoop.ozone.om.KeyManagerImpl.getOzoneFileStatus(KeyManagerImpl.java:1195) ~[ozone-manager-1.4.0-SNAPSHOT.jar:?]
	at org.apache.hadoop.ozone.om.KeyManagerImpl.getFileStatus(KeyManagerImpl.java:1113) ~[ozone-manager-1.4.0-SNAPSHOT.jar:?]
	at org.apache.hadoop.ozone.om.OmMetadataReader.getFileStatus(OmMetadataReader.java:262) ~[ozone-manager-1.4.0-SNAPSHOT.jar:?]
	at org.apache.hadoop.ozone.om.OzoneManager.getFileStatus(OzoneManager.java:3530) ~[ozone-manager-1.4.0-SNAPSHOT.jar:?]
	at org.apache.hadoop.ozone.protocolPB.OzoneManagerRequestHandler.getOzoneFileStatus(OzoneManagerRequestHandler.java:971) ~[ozone-manager-1.4.0-SNAPSHOT.jar:?]
	at org.apache.hadoop.ozone.protocolPB.OzoneManagerRequestHandler.handleReadRequest(OzoneManagerRequestHandler.java:250) ~[ozone-manager-1.4.0-SNAPSHOT.jar:?]
	at org.apache.hadoop.ozone.protocolPB.OzoneManagerProtocolServerSideTranslatorPB.submitRequestDirectlyToOM(OzoneManagerProtocolServerSideTranslatorPB.java:274) ~[ozone-manager-1.4.0-SNAPSHOT.jar:?]
	at org.apache.hadoop.ozone.protocolPB.OzoneManagerProtocolServerSideTranslatorPB.processRequest(OzoneManagerProtocolServerSideTranslatorPB.java:175) ~[ozone-manager-1.4.0-SNAPSHOT.jar:?]
	at org.apache.hadoop.hdds.server.OzoneProtocolMessageDispatcher.processRequest(OzoneProtocolMessageDispatcher.java:87) [hdds-server-framework-1.4.0-SNAPSHOT.jar:?]
	at org.apache.hadoop.ozone.protocolPB.OzoneManagerProtocolServerSideTranslatorPB.submitRequest(OzoneManagerProtocolServerSideTranslatorPB.java:148) [ozone-manager-1.4.0-SNAPSHOT.jar:?]
	at org.apache.hadoop.ozone.protocol.proto.OzoneManagerProtocolProtos$OzoneManagerService$2.callBlockingMethod(OzoneManagerProtocolProtos.java) [ozone-interface-client-1.4.0-SNAPSHOT.jar:?]
	at org.apache.hadoop.ipc.ProtobufRpcEngine$Server.processCall(ProtobufRpcEngine.java:484) [hadoop-common-3.3.6.jar:?]
	at org.apache.hadoop.ipc.ProtobufRpcEngine2$Server$ProtoBufRpcInvoker.call(ProtobufRpcEngine2.java:595) [hadoop-common-3.3.6.jar:?]
	at org.apache.hadoop.ipc.ProtobufRpcEngine2$Server$ProtoBufRpcInvoker.call(ProtobufRpcEngine2.java:573) [hadoop-common-3.3.6.jar:?]
	at org.apache.hadoop.ipc.RPC$Server.call(RPC.java:1227) [hadoop-common-3.3.6.jar:?]
	at org.apache.hadoop.ipc.Server$RpcCall.run(Server.java:1094) [hadoop-common-3.3.6.jar:?]
	at org.apache.hadoop.ipc.Server$RpcCall.run(Server.java:1017) [hadoop-common-3.3.6.jar:?]
	at java.security.AccessController.doPrivileged(Native Method) ~[?:1.8.0_382]
	at javax.security.auth.Subject.doAs(Subject.java:422) [?:1.8.0_382]
	at org.apache.hadoop.security.UserGroupInformation.doAs(UserGroupInformation.java:1899) [hadoop-common-3.3.6.jar:?]
	at org.apache.hadoop.ipc.Server$Handler.run(Server.java:3048) [hadoop-common-3.3.6.jar:?]
11:21:05.547 [IPC Server handler 1 on default port 15163] ERROR OMAudit - user=runner | ip=127.0.0.1 | op=GET_FILE_STATUS {volume=volume69610, bucket=bucket82402, key=root_dir/file1/c, dataSize=0, replicationConfig=null} | ret=FAILURE
org.apache.hadoop.ozone.om.exceptions.OMException: Unable to get file status: volume: volume69610 bucket: bucket82402 key: root_dir/file1/c
	at org.apache.hadoop.ozone.om.KeyManagerImpl.getOzoneFileStatus(KeyManagerImpl.java:1195) ~[ozone-manager-1.4.0-SNAPSHOT.jar:?]
	at org.apache.hadoop.ozone.om.KeyManagerImpl.getFileStatus(KeyManagerImpl.java:1113) ~[ozone-manager-1.4.0-SNAPSHOT.jar:?]
	at org.apache.hadoop.ozone.om.OmMetadataReader.getFileStatus(OmMetadataReader.java:262) ~[ozone-manager-1.4.0-SNAPSHOT.jar:?]
	at org.apache.hadoop.ozone.om.OzoneManager.getFileStatus(OzoneManager.java:3530) ~[ozone-manager-1.4.0-SNAPSHOT.jar:?]
	at org.apache.hadoop.ozone.protocolPB.OzoneManagerRequestHandler.getOzoneFileStatus(OzoneManagerRequestHandler.java:971) ~[ozone-manager-1.4.0-SNAPSHOT.jar:?]
	at org.apache.hadoop.ozone.protocolPB.OzoneManagerRequestHandler.handleReadRequest(OzoneManagerRequestHandler.java:250) ~[ozone-manager-1.4.0-SNAPSHOT.jar:?]
	at org.apache.hadoop.ozone.protocolPB.OzoneManagerProtocolServerSideTranslatorPB.submitRequestDirectlyToOM(OzoneManagerProtocolServerSideTranslatorPB.java:274) ~[ozone-manager-1.4.0-SNAPSHOT.jar:?]
	at org.apache.hadoop.ozone.protocolPB.OzoneManagerProtocolServerSideTranslatorPB.processRequest(OzoneManagerProtocolServerSideTranslatorPB.java:175) ~[ozone-manager-1.4.0-SNAPSHOT.jar:?]
	at org.apache.hadoop.hdds.server.OzoneProtocolMessageDispatcher.processRequest(OzoneProtocolMessageDispatcher.java:87) [hdds-server-framework-1.4.0-SNAPSHOT.jar:?]
	at org.apache.hadoop.ozone.protocolPB.OzoneManagerProtocolServerSideTranslatorPB.submitRequest(OzoneManagerProtocolServerSideTranslatorPB.java:148) [ozone-manager-1.4.0-SNAPSHOT.jar:?]
	at org.apache.hadoop.ozone.protocol.proto.OzoneManagerProtocolProtos$OzoneManagerService$2.callBlockingMethod(OzoneManagerProtocolProtos.java) [ozone-interface-client-1.4.0-SNAPSHOT.jar:?]
	at org.apache.hadoop.ipc.ProtobufRpcEngine$Server.processCall(ProtobufRpcEngine.java:484) [hadoop-common-3.3.6.jar:?]
	at org.apache.hadoop.ipc.ProtobufRpcEngine2$Server$ProtoBufRpcInvoker.call(ProtobufRpcEngine2.java:595) [hadoop-common-3.3.6.jar:?]
	at org.apache.hadoop.ipc.ProtobufRpcEngine2$Server$ProtoBufRpcInvoker.call(ProtobufRpcEngine2.java:573) [hadoop-common-3.3.6.jar:?]
	at org.apache.hadoop.ipc.RPC$Server.call(RPC.java:1227) [hadoop-common-3.3.6.jar:?]
	at org.apache.hadoop.ipc.Server$RpcCall.run(Server.java:1094) [hadoop-common-3.3.6.jar:?]
	at org.apache.hadoop.ipc.Server$RpcCall.run(Server.java:1017) [hadoop-common-3.3.6.jar:?]
	at java.security.AccessController.doPrivileged(Native Method) ~[?:1.8.0_382]
	at javax.security.auth.Subject.doAs(Subject.java:422) [?:1.8.0_382]
	at org.apache.hadoop.security.UserGroupInformation.doAs(UserGroupInformation.java:1899) [hadoop-common-3.3.6.jar:?]
	at org.apache.hadoop.ipc.Server$Handler.run(Server.java:3048) [hadoop-common-3.3.6.jar:?]
]]></system-out>
  </testcase>
  <testcase name="testCreateWithInvalidPaths" classname="TestOzoneFileSystem" time="0.013"/>
  <testcase name="testCreateWithInvalidPaths" classname="TestOzoneFileSystem" time="0.019"/>
  <testcase name="testCreateWithInvalidPaths" classname="TestOzoneFileSystem" time="0.004"/>
  <testcase name="testCreateWithInvalidPaths" classname="TestOzoneFileSystem" time="0.002"/>
  <testcase name="testListStatusOnRoot" classname="TestOzoneFileSystem" time="0.062"/>
  <testcase name="testListStatusOnRoot" classname="TestOzoneFileSystem" time="0.023"/>
  <testcase name="testListStatusOnRoot" classname="TestOzoneFileSystem" time="0.02"/>
  <testcase name="testListStatusOnRoot" classname="TestOzoneFileSystem" time="0.012"/>
  <testcase name="testRenameWithNonExistentSource" classname="TestOzoneFileSystem" time="0.031">
    <system-out><![CDATA[2023-09-08 11:16:42,262 [Time-limited test] INFO  ozone.TestOzoneFileSystem (TestOzoneFileSystem.java:testRenameWithNonExistentSource(1159)) - Created destin dir: o3fs://bucket78113.volume76163/root/dir2
2023-09-08 11:16:42,263 [Time-limited test] INFO  ozone.TestOzoneFileSystem (TestOzoneFileSystem.java:testRenameWithNonExistentSource(1161)) - Rename op-> source:o3fs://bucket78113.volume76163/root/dir1 to destin:o3fs://bucket78113.volume76163/root/dir2}
11:16:42.265 [IPC Server handler 4 on default port 15004] ERROR OMAudit - user=runner | ip=127.0.0.1 | op=GET_FILE_STATUS {volume=volume76163, bucket=bucket78113, key=root/dir1, dataSize=0, replicationConfig=null} | ret=FAILURE
org.apache.hadoop.ozone.om.exceptions.OMException: Unable to get file status: volume: volume76163 bucket: bucket78113 key: root/dir1
	at org.apache.hadoop.ozone.om.KeyManagerImpl.getOzoneFileStatus(KeyManagerImpl.java:1195) ~[ozone-manager-1.4.0-SNAPSHOT.jar:?]
	at org.apache.hadoop.ozone.om.KeyManagerImpl.getFileStatus(KeyManagerImpl.java:1113) ~[ozone-manager-1.4.0-SNAPSHOT.jar:?]
	at org.apache.hadoop.ozone.om.OmMetadataReader.getFileStatus(OmMetadataReader.java:262) ~[ozone-manager-1.4.0-SNAPSHOT.jar:?]
	at org.apache.hadoop.ozone.om.OzoneManager.getFileStatus(OzoneManager.java:3530) ~[ozone-manager-1.4.0-SNAPSHOT.jar:?]
	at org.apache.hadoop.ozone.protocolPB.OzoneManagerRequestHandler.getOzoneFileStatus(OzoneManagerRequestHandler.java:971) ~[ozone-manager-1.4.0-SNAPSHOT.jar:?]
	at org.apache.hadoop.ozone.protocolPB.OzoneManagerRequestHandler.handleReadRequest(OzoneManagerRequestHandler.java:250) ~[ozone-manager-1.4.0-SNAPSHOT.jar:?]
	at org.apache.hadoop.ozone.protocolPB.OzoneManagerProtocolServerSideTranslatorPB.submitReadRequestToOM(OzoneManagerProtocolServerSideTranslatorPB.java:225) ~[ozone-manager-1.4.0-SNAPSHOT.jar:?]
	at org.apache.hadoop.ozone.protocolPB.OzoneManagerProtocolServerSideTranslatorPB.processRequest(OzoneManagerProtocolServerSideTranslatorPB.java:179) ~[ozone-manager-1.4.0-SNAPSHOT.jar:?]
	at org.apache.hadoop.hdds.server.OzoneProtocolMessageDispatcher.processRequest(OzoneProtocolMessageDispatcher.java:87) [hdds-server-framework-1.4.0-SNAPSHOT.jar:?]
	at org.apache.hadoop.ozone.protocolPB.OzoneManagerProtocolServerSideTranslatorPB.submitRequest(OzoneManagerProtocolServerSideTranslatorPB.java:148) [ozone-manager-1.4.0-SNAPSHOT.jar:?]
	at org.apache.hadoop.ozone.protocol.proto.OzoneManagerProtocolProtos$OzoneManagerService$2.callBlockingMethod(OzoneManagerProtocolProtos.java) [ozone-interface-client-1.4.0-SNAPSHOT.jar:?]
	at org.apache.hadoop.ipc.ProtobufRpcEngine$Server.processCall(ProtobufRpcEngine.java:484) [hadoop-common-3.3.6.jar:?]
	at org.apache.hadoop.ipc.ProtobufRpcEngine2$Server$ProtoBufRpcInvoker.call(ProtobufRpcEngine2.java:595) [hadoop-common-3.3.6.jar:?]
	at org.apache.hadoop.ipc.ProtobufRpcEngine2$Server$ProtoBufRpcInvoker.call(ProtobufRpcEngine2.java:573) [hadoop-common-3.3.6.jar:?]
	at org.apache.hadoop.ipc.RPC$Server.call(RPC.java:1227) [hadoop-common-3.3.6.jar:?]
	at org.apache.hadoop.ipc.Server$RpcCall.run(Server.java:1094) [hadoop-common-3.3.6.jar:?]
	at org.apache.hadoop.ipc.Server$RpcCall.run(Server.java:1017) [hadoop-common-3.3.6.jar:?]
	at java.security.AccessController.doPrivileged(Native Method) ~[?:1.8.0_382]
	at javax.security.auth.Subject.doAs(Subject.java:422) [?:1.8.0_382]
	at org.apache.hadoop.security.UserGroupInformation.doAs(UserGroupInformation.java:1899) [hadoop-common-3.3.6.jar:?]
	at org.apache.hadoop.ipc.Server$Handler.run(Server.java:3048) [hadoop-common-3.3.6.jar:?]
]]></system-out>
  </testcase>
  <testcase name="testRenameWithNonExistentSource" classname="TestOzoneFileSystem" time="0.016">
    <system-out><![CDATA[2023-09-08 11:18:19,665 [Time-limited test] INFO  ozone.TestOzoneFileSystem (TestOzoneFileSystem.java:testRenameWithNonExistentSource(1159)) - Created destin dir: o3fs://bucket82507.volume79664/root/dir2
2023-09-08 11:18:19,665 [Time-limited test] INFO  ozone.TestOzoneFileSystem (TestOzoneFileSystem.java:testRenameWithNonExistentSource(1161)) - Rename op-> source:o3fs://bucket82507.volume79664/root/dir1 to destin:o3fs://bucket82507.volume79664/root/dir2}
11:18:19.666 [IPC Server handler 3 on default port 15057] ERROR OMAudit - user=runner | ip=127.0.0.1 | op=GET_FILE_STATUS {volume=volume79664, bucket=bucket82507, key=root/dir1, dataSize=0, replicationConfig=null} | ret=FAILURE
org.apache.hadoop.ozone.om.exceptions.OMException: Unable to get file status: volume: volume79664 bucket: bucket82507 key: root/dir1
	at org.apache.hadoop.ozone.om.KeyManagerImpl.getOzoneFileStatus(KeyManagerImpl.java:1195) ~[ozone-manager-1.4.0-SNAPSHOT.jar:?]
	at org.apache.hadoop.ozone.om.KeyManagerImpl.getFileStatus(KeyManagerImpl.java:1113) ~[ozone-manager-1.4.0-SNAPSHOT.jar:?]
	at org.apache.hadoop.ozone.om.OmMetadataReader.getFileStatus(OmMetadataReader.java:262) ~[ozone-manager-1.4.0-SNAPSHOT.jar:?]
	at org.apache.hadoop.ozone.om.OzoneManager.getFileStatus(OzoneManager.java:3530) ~[ozone-manager-1.4.0-SNAPSHOT.jar:?]
	at org.apache.hadoop.ozone.protocolPB.OzoneManagerRequestHandler.getOzoneFileStatus(OzoneManagerRequestHandler.java:971) ~[ozone-manager-1.4.0-SNAPSHOT.jar:?]
	at org.apache.hadoop.ozone.protocolPB.OzoneManagerRequestHandler.handleReadRequest(OzoneManagerRequestHandler.java:250) ~[ozone-manager-1.4.0-SNAPSHOT.jar:?]
	at org.apache.hadoop.ozone.protocolPB.OzoneManagerProtocolServerSideTranslatorPB.submitRequestDirectlyToOM(OzoneManagerProtocolServerSideTranslatorPB.java:274) ~[ozone-manager-1.4.0-SNAPSHOT.jar:?]
	at org.apache.hadoop.ozone.protocolPB.OzoneManagerProtocolServerSideTranslatorPB.processRequest(OzoneManagerProtocolServerSideTranslatorPB.java:175) ~[ozone-manager-1.4.0-SNAPSHOT.jar:?]
	at org.apache.hadoop.hdds.server.OzoneProtocolMessageDispatcher.processRequest(OzoneProtocolMessageDispatcher.java:87) [hdds-server-framework-1.4.0-SNAPSHOT.jar:?]
	at org.apache.hadoop.ozone.protocolPB.OzoneManagerProtocolServerSideTranslatorPB.submitRequest(OzoneManagerProtocolServerSideTranslatorPB.java:148) [ozone-manager-1.4.0-SNAPSHOT.jar:?]
	at org.apache.hadoop.ozone.protocol.proto.OzoneManagerProtocolProtos$OzoneManagerService$2.callBlockingMethod(OzoneManagerProtocolProtos.java) [ozone-interface-client-1.4.0-SNAPSHOT.jar:?]
	at org.apache.hadoop.ipc.ProtobufRpcEngine$Server.processCall(ProtobufRpcEngine.java:484) [hadoop-common-3.3.6.jar:?]
	at org.apache.hadoop.ipc.ProtobufRpcEngine2$Server$ProtoBufRpcInvoker.call(ProtobufRpcEngine2.java:595) [hadoop-common-3.3.6.jar:?]
	at org.apache.hadoop.ipc.ProtobufRpcEngine2$Server$ProtoBufRpcInvoker.call(ProtobufRpcEngine2.java:573) [hadoop-common-3.3.6.jar:?]
	at org.apache.hadoop.ipc.RPC$Server.call(RPC.java:1227) [hadoop-common-3.3.6.jar:?]
	at org.apache.hadoop.ipc.Server$RpcCall.run(Server.java:1094) [hadoop-common-3.3.6.jar:?]
	at org.apache.hadoop.ipc.Server$RpcCall.run(Server.java:1017) [hadoop-common-3.3.6.jar:?]
	at java.security.AccessController.doPrivileged(Native Method) ~[?:1.8.0_382]
	at javax.security.auth.Subject.doAs(Subject.java:422) [?:1.8.0_382]
	at org.apache.hadoop.security.UserGroupInformation.doAs(UserGroupInformation.java:1899) [hadoop-common-3.3.6.jar:?]
	at org.apache.hadoop.ipc.Server$Handler.run(Server.java:3048) [hadoop-common-3.3.6.jar:?]
]]></system-out>
  </testcase>
  <testcase name="testRenameWithNonExistentSource" classname="TestOzoneFileSystem" time="0.015">
    <system-out><![CDATA[2023-09-08 11:19:37,632 [Time-limited test] INFO  ozone.TestOzoneFileSystem (TestOzoneFileSystem.java:testRenameWithNonExistentSource(1159)) - Created destin dir: o3fs://bucket81356.volume57283/root/dir2
2023-09-08 11:19:37,633 [Time-limited test] INFO  ozone.TestOzoneFileSystem (TestOzoneFileSystem.java:testRenameWithNonExistentSource(1161)) - Rename op-> source:o3fs://bucket81356.volume57283/root/dir1 to destin:o3fs://bucket81356.volume57283/root/dir2}
11:19:37.634 [IPC Server handler 5 on default port 15110] ERROR OMAudit - user=runner | ip=127.0.0.1 | op=GET_FILE_STATUS {volume=volume57283, bucket=bucket81356, key=root/dir1, dataSize=0, replicationConfig=null} | ret=FAILURE
org.apache.hadoop.ozone.om.exceptions.OMException: Unable to get file status: volume: volume57283 bucket: bucket81356 key: root/dir1
	at org.apache.hadoop.ozone.om.KeyManagerImpl.getOzoneFileStatus(KeyManagerImpl.java:1195) ~[ozone-manager-1.4.0-SNAPSHOT.jar:?]
	at org.apache.hadoop.ozone.om.KeyManagerImpl.getFileStatus(KeyManagerImpl.java:1113) ~[ozone-manager-1.4.0-SNAPSHOT.jar:?]
	at org.apache.hadoop.ozone.om.OmMetadataReader.getFileStatus(OmMetadataReader.java:262) ~[ozone-manager-1.4.0-SNAPSHOT.jar:?]
	at org.apache.hadoop.ozone.om.OzoneManager.getFileStatus(OzoneManager.java:3530) ~[ozone-manager-1.4.0-SNAPSHOT.jar:?]
	at org.apache.hadoop.ozone.protocolPB.OzoneManagerRequestHandler.getOzoneFileStatus(OzoneManagerRequestHandler.java:971) ~[ozone-manager-1.4.0-SNAPSHOT.jar:?]
	at org.apache.hadoop.ozone.protocolPB.OzoneManagerRequestHandler.handleReadRequest(OzoneManagerRequestHandler.java:250) ~[ozone-manager-1.4.0-SNAPSHOT.jar:?]
	at org.apache.hadoop.ozone.protocolPB.OzoneManagerProtocolServerSideTranslatorPB.submitReadRequestToOM(OzoneManagerProtocolServerSideTranslatorPB.java:225) ~[ozone-manager-1.4.0-SNAPSHOT.jar:?]
	at org.apache.hadoop.ozone.protocolPB.OzoneManagerProtocolServerSideTranslatorPB.processRequest(OzoneManagerProtocolServerSideTranslatorPB.java:179) ~[ozone-manager-1.4.0-SNAPSHOT.jar:?]
	at org.apache.hadoop.hdds.server.OzoneProtocolMessageDispatcher.processRequest(OzoneProtocolMessageDispatcher.java:87) [hdds-server-framework-1.4.0-SNAPSHOT.jar:?]
	at org.apache.hadoop.ozone.protocolPB.OzoneManagerProtocolServerSideTranslatorPB.submitRequest(OzoneManagerProtocolServerSideTranslatorPB.java:148) [ozone-manager-1.4.0-SNAPSHOT.jar:?]
	at org.apache.hadoop.ozone.protocol.proto.OzoneManagerProtocolProtos$OzoneManagerService$2.callBlockingMethod(OzoneManagerProtocolProtos.java) [ozone-interface-client-1.4.0-SNAPSHOT.jar:?]
	at org.apache.hadoop.ipc.ProtobufRpcEngine$Server.processCall(ProtobufRpcEngine.java:484) [hadoop-common-3.3.6.jar:?]
	at org.apache.hadoop.ipc.ProtobufRpcEngine2$Server$ProtoBufRpcInvoker.call(ProtobufRpcEngine2.java:595) [hadoop-common-3.3.6.jar:?]
	at org.apache.hadoop.ipc.ProtobufRpcEngine2$Server$ProtoBufRpcInvoker.call(ProtobufRpcEngine2.java:573) [hadoop-common-3.3.6.jar:?]
	at org.apache.hadoop.ipc.RPC$Server.call(RPC.java:1227) [hadoop-common-3.3.6.jar:?]
	at org.apache.hadoop.ipc.Server$RpcCall.run(Server.java:1094) [hadoop-common-3.3.6.jar:?]
	at org.apache.hadoop.ipc.Server$RpcCall.run(Server.java:1017) [hadoop-common-3.3.6.jar:?]
	at java.security.AccessController.doPrivileged(Native Method) ~[?:1.8.0_382]
	at javax.security.auth.Subject.doAs(Subject.java:422) [?:1.8.0_382]
	at org.apache.hadoop.security.UserGroupInformation.doAs(UserGroupInformation.java:1899) [hadoop-common-3.3.6.jar:?]
	at org.apache.hadoop.ipc.Server$Handler.run(Server.java:3048) [hadoop-common-3.3.6.jar:?]
]]></system-out>
  </testcase>
  <testcase name="testRenameWithNonExistentSource" classname="TestOzoneFileSystem" time="0.009">
    <system-out><![CDATA[2023-09-08 11:21:05,574 [Time-limited test] INFO  ozone.TestOzoneFileSystem (TestOzoneFileSystem.java:testRenameWithNonExistentSource(1159)) - Created destin dir: o3fs://bucket82402.volume69610/root/dir2
2023-09-08 11:21:05,574 [Time-limited test] INFO  ozone.TestOzoneFileSystem (TestOzoneFileSystem.java:testRenameWithNonExistentSource(1161)) - Rename op-> source:o3fs://bucket82402.volume69610/root/dir1 to destin:o3fs://bucket82402.volume69610/root/dir2}
11:21:05.575 [IPC Server handler 14 on default port 15163] ERROR OMAudit - user=runner | ip=127.0.0.1 | op=GET_FILE_STATUS {volume=volume69610, bucket=bucket82402, key=root/dir1, dataSize=0, replicationConfig=null} | ret=FAILURE
org.apache.hadoop.ozone.om.exceptions.OMException: Unable to get file status: volume: volume69610 bucket: bucket82402 key: root/dir1
	at org.apache.hadoop.ozone.om.KeyManagerImpl.getOzoneFileStatus(KeyManagerImpl.java:1195) ~[ozone-manager-1.4.0-SNAPSHOT.jar:?]
	at org.apache.hadoop.ozone.om.KeyManagerImpl.getFileStatus(KeyManagerImpl.java:1113) ~[ozone-manager-1.4.0-SNAPSHOT.jar:?]
	at org.apache.hadoop.ozone.om.OmMetadataReader.getFileStatus(OmMetadataReader.java:262) ~[ozone-manager-1.4.0-SNAPSHOT.jar:?]
	at org.apache.hadoop.ozone.om.OzoneManager.getFileStatus(OzoneManager.java:3530) ~[ozone-manager-1.4.0-SNAPSHOT.jar:?]
	at org.apache.hadoop.ozone.protocolPB.OzoneManagerRequestHandler.getOzoneFileStatus(OzoneManagerRequestHandler.java:971) ~[ozone-manager-1.4.0-SNAPSHOT.jar:?]
	at org.apache.hadoop.ozone.protocolPB.OzoneManagerRequestHandler.handleReadRequest(OzoneManagerRequestHandler.java:250) ~[ozone-manager-1.4.0-SNAPSHOT.jar:?]
	at org.apache.hadoop.ozone.protocolPB.OzoneManagerProtocolServerSideTranslatorPB.submitRequestDirectlyToOM(OzoneManagerProtocolServerSideTranslatorPB.java:274) ~[ozone-manager-1.4.0-SNAPSHOT.jar:?]
	at org.apache.hadoop.ozone.protocolPB.OzoneManagerProtocolServerSideTranslatorPB.processRequest(OzoneManagerProtocolServerSideTranslatorPB.java:175) ~[ozone-manager-1.4.0-SNAPSHOT.jar:?]
	at org.apache.hadoop.hdds.server.OzoneProtocolMessageDispatcher.processRequest(OzoneProtocolMessageDispatcher.java:87) [hdds-server-framework-1.4.0-SNAPSHOT.jar:?]
	at org.apache.hadoop.ozone.protocolPB.OzoneManagerProtocolServerSideTranslatorPB.submitRequest(OzoneManagerProtocolServerSideTranslatorPB.java:148) [ozone-manager-1.4.0-SNAPSHOT.jar:?]
	at org.apache.hadoop.ozone.protocol.proto.OzoneManagerProtocolProtos$OzoneManagerService$2.callBlockingMethod(OzoneManagerProtocolProtos.java) [ozone-interface-client-1.4.0-SNAPSHOT.jar:?]
	at org.apache.hadoop.ipc.ProtobufRpcEngine$Server.processCall(ProtobufRpcEngine.java:484) [hadoop-common-3.3.6.jar:?]
	at org.apache.hadoop.ipc.ProtobufRpcEngine2$Server$ProtoBufRpcInvoker.call(ProtobufRpcEngine2.java:595) [hadoop-common-3.3.6.jar:?]
	at org.apache.hadoop.ipc.ProtobufRpcEngine2$Server$ProtoBufRpcInvoker.call(ProtobufRpcEngine2.java:573) [hadoop-common-3.3.6.jar:?]
	at org.apache.hadoop.ipc.RPC$Server.call(RPC.java:1227) [hadoop-common-3.3.6.jar:?]
	at org.apache.hadoop.ipc.Server$RpcCall.run(Server.java:1094) [hadoop-common-3.3.6.jar:?]
	at org.apache.hadoop.ipc.Server$RpcCall.run(Server.java:1017) [hadoop-common-3.3.6.jar:?]
	at java.security.AccessController.doPrivileged(Native Method) ~[?:1.8.0_382]
	at javax.security.auth.Subject.doAs(Subject.java:422) [?:1.8.0_382]
	at org.apache.hadoop.security.UserGroupInformation.doAs(UserGroupInformation.java:1899) [hadoop-common-3.3.6.jar:?]
	at org.apache.hadoop.ipc.Server$Handler.run(Server.java:3048) [hadoop-common-3.3.6.jar:?]
]]></system-out>
  </testcase>
  <testcase name="testRenameToParentDir" classname="TestOzoneFileSystem" time="0.084">
    <system-out><![CDATA[11:16:42.318 [IPC Server handler 7 on default port 15004] ERROR OMAudit - user=runner | ip=127.0.0.1 | op=LIST_STATUS {volume=volume76163, bucket=bucket78113, key=root_dir/dir2, dataSize=0, replicationConfig=null} | ret=FAILURE
org.apache.hadoop.ozone.om.exceptions.OMException: Unable to get file status: volume: volume76163 bucket: bucket78113 key: root_dir/dir2
	at org.apache.hadoop.ozone.om.KeyManagerImpl.getOzoneFileStatus(KeyManagerImpl.java:1195) ~[ozone-manager-1.4.0-SNAPSHOT.jar:?]
	at org.apache.hadoop.ozone.om.KeyManagerImpl.getFileStatus(KeyManagerImpl.java:1113) ~[ozone-manager-1.4.0-SNAPSHOT.jar:?]
	at org.apache.hadoop.ozone.om.KeyManagerImpl.listStatus(KeyManagerImpl.java:1505) ~[ozone-manager-1.4.0-SNAPSHOT.jar:?]
	at org.apache.hadoop.ozone.om.OmMetadataReader.listStatus(OmMetadataReader.java:235) ~[ozone-manager-1.4.0-SNAPSHOT.jar:?]
	at org.apache.hadoop.ozone.om.OzoneManager.listStatus(OzoneManager.java:3560) ~[ozone-manager-1.4.0-SNAPSHOT.jar:?]
	at org.apache.hadoop.ozone.protocolPB.OzoneManagerRequestHandler.listStatus(OzoneManagerRequestHandler.java:1143) ~[ozone-manager-1.4.0-SNAPSHOT.jar:?]
	at org.apache.hadoop.ozone.protocolPB.OzoneManagerRequestHandler.handleReadRequest(OzoneManagerRequestHandler.java:261) ~[ozone-manager-1.4.0-SNAPSHOT.jar:?]
	at org.apache.hadoop.ozone.protocolPB.OzoneManagerProtocolServerSideTranslatorPB.submitReadRequestToOM(OzoneManagerProtocolServerSideTranslatorPB.java:225) ~[ozone-manager-1.4.0-SNAPSHOT.jar:?]
	at org.apache.hadoop.ozone.protocolPB.OzoneManagerProtocolServerSideTranslatorPB.processRequest(OzoneManagerProtocolServerSideTranslatorPB.java:179) ~[ozone-manager-1.4.0-SNAPSHOT.jar:?]
	at org.apache.hadoop.hdds.server.OzoneProtocolMessageDispatcher.processRequest(OzoneProtocolMessageDispatcher.java:87) [hdds-server-framework-1.4.0-SNAPSHOT.jar:?]
	at org.apache.hadoop.ozone.protocolPB.OzoneManagerProtocolServerSideTranslatorPB.submitRequest(OzoneManagerProtocolServerSideTranslatorPB.java:148) [ozone-manager-1.4.0-SNAPSHOT.jar:?]
	at org.apache.hadoop.ozone.protocol.proto.OzoneManagerProtocolProtos$OzoneManagerService$2.callBlockingMethod(OzoneManagerProtocolProtos.java) [ozone-interface-client-1.4.0-SNAPSHOT.jar:?]
	at org.apache.hadoop.ipc.ProtobufRpcEngine$Server.processCall(ProtobufRpcEngine.java:484) [hadoop-common-3.3.6.jar:?]
	at org.apache.hadoop.ipc.ProtobufRpcEngine2$Server$ProtoBufRpcInvoker.call(ProtobufRpcEngine2.java:595) [hadoop-common-3.3.6.jar:?]
	at org.apache.hadoop.ipc.ProtobufRpcEngine2$Server$ProtoBufRpcInvoker.call(ProtobufRpcEngine2.java:573) [hadoop-common-3.3.6.jar:?]
	at org.apache.hadoop.ipc.RPC$Server.call(RPC.java:1227) [hadoop-common-3.3.6.jar:?]
	at org.apache.hadoop.ipc.Server$RpcCall.run(Server.java:1094) [hadoop-common-3.3.6.jar:?]
	at org.apache.hadoop.ipc.Server$RpcCall.run(Server.java:1017) [hadoop-common-3.3.6.jar:?]
	at java.security.AccessController.doPrivileged(Native Method) ~[?:1.8.0_382]
	at javax.security.auth.Subject.doAs(Subject.java:422) [?:1.8.0_382]
	at org.apache.hadoop.security.UserGroupInformation.doAs(UserGroupInformation.java:1899) [hadoop-common-3.3.6.jar:?]
	at org.apache.hadoop.ipc.Server$Handler.run(Server.java:3048) [hadoop-common-3.3.6.jar:?]
11:16:42.340 [IPC Server handler 3 on default port 15004] ERROR OMAudit - user=runner | ip=127.0.0.1 | op=LIST_STATUS {volume=volume76163, bucket=bucket78113, key=root_dir/file2, dataSize=0, replicationConfig=null} | ret=FAILURE
org.apache.hadoop.ozone.om.exceptions.OMException: Unable to get file status: volume: volume76163 bucket: bucket78113 key: root_dir/file2
	at org.apache.hadoop.ozone.om.KeyManagerImpl.getOzoneFileStatus(KeyManagerImpl.java:1195) ~[ozone-manager-1.4.0-SNAPSHOT.jar:?]
	at org.apache.hadoop.ozone.om.KeyManagerImpl.getFileStatus(KeyManagerImpl.java:1113) ~[ozone-manager-1.4.0-SNAPSHOT.jar:?]
	at org.apache.hadoop.ozone.om.KeyManagerImpl.listStatus(KeyManagerImpl.java:1505) ~[ozone-manager-1.4.0-SNAPSHOT.jar:?]
	at org.apache.hadoop.ozone.om.OmMetadataReader.listStatus(OmMetadataReader.java:235) ~[ozone-manager-1.4.0-SNAPSHOT.jar:?]
	at org.apache.hadoop.ozone.om.OzoneManager.listStatus(OzoneManager.java:3560) ~[ozone-manager-1.4.0-SNAPSHOT.jar:?]
	at org.apache.hadoop.ozone.protocolPB.OzoneManagerRequestHandler.listStatus(OzoneManagerRequestHandler.java:1143) ~[ozone-manager-1.4.0-SNAPSHOT.jar:?]
	at org.apache.hadoop.ozone.protocolPB.OzoneManagerRequestHandler.handleReadRequest(OzoneManagerRequestHandler.java:261) ~[ozone-manager-1.4.0-SNAPSHOT.jar:?]
	at org.apache.hadoop.ozone.protocolPB.OzoneManagerProtocolServerSideTranslatorPB.submitReadRequestToOM(OzoneManagerProtocolServerSideTranslatorPB.java:225) ~[ozone-manager-1.4.0-SNAPSHOT.jar:?]
	at org.apache.hadoop.ozone.protocolPB.OzoneManagerProtocolServerSideTranslatorPB.processRequest(OzoneManagerProtocolServerSideTranslatorPB.java:179) ~[ozone-manager-1.4.0-SNAPSHOT.jar:?]
	at org.apache.hadoop.hdds.server.OzoneProtocolMessageDispatcher.processRequest(OzoneProtocolMessageDispatcher.java:87) [hdds-server-framework-1.4.0-SNAPSHOT.jar:?]
	at org.apache.hadoop.ozone.protocolPB.OzoneManagerProtocolServerSideTranslatorPB.submitRequest(OzoneManagerProtocolServerSideTranslatorPB.java:148) [ozone-manager-1.4.0-SNAPSHOT.jar:?]
	at org.apache.hadoop.ozone.protocol.proto.OzoneManagerProtocolProtos$OzoneManagerService$2.callBlockingMethod(OzoneManagerProtocolProtos.java) [ozone-interface-client-1.4.0-SNAPSHOT.jar:?]
	at org.apache.hadoop.ipc.ProtobufRpcEngine$Server.processCall(ProtobufRpcEngine.java:484) [hadoop-common-3.3.6.jar:?]
	at org.apache.hadoop.ipc.ProtobufRpcEngine2$Server$ProtoBufRpcInvoker.call(ProtobufRpcEngine2.java:595) [hadoop-common-3.3.6.jar:?]
	at org.apache.hadoop.ipc.ProtobufRpcEngine2$Server$ProtoBufRpcInvoker.call(ProtobufRpcEngine2.java:573) [hadoop-common-3.3.6.jar:?]
	at org.apache.hadoop.ipc.RPC$Server.call(RPC.java:1227) [hadoop-common-3.3.6.jar:?]
	at org.apache.hadoop.ipc.Server$RpcCall.run(Server.java:1094) [hadoop-common-3.3.6.jar:?]
	at org.apache.hadoop.ipc.Server$RpcCall.run(Server.java:1017) [hadoop-common-3.3.6.jar:?]
	at java.security.AccessController.doPrivileged(Native Method) ~[?:1.8.0_382]
	at javax.security.auth.Subject.doAs(Subject.java:422) [?:1.8.0_382]
	at org.apache.hadoop.security.UserGroupInformation.doAs(UserGroupInformation.java:1899) [hadoop-common-3.3.6.jar:?]
	at org.apache.hadoop.ipc.Server$Handler.run(Server.java:3048) [hadoop-common-3.3.6.jar:?]
]]></system-out>
  </testcase>
  <testcase name="testRenameToParentDir" classname="TestOzoneFileSystem" time="0.044">
    <system-out><![CDATA[11:18:19.694 [IPC Server handler 15 on default port 15057] ERROR OMAudit - user=runner | ip=127.0.0.1 | op=LIST_STATUS {volume=volume79664, bucket=bucket82507, key=root_dir/dir2, dataSize=0, replicationConfig=null} | ret=FAILURE
org.apache.hadoop.ozone.om.exceptions.OMException: Unable to get file status: volume: volume79664 bucket: bucket82507 key: root_dir/dir2
	at org.apache.hadoop.ozone.om.KeyManagerImpl.getOzoneFileStatus(KeyManagerImpl.java:1195) ~[ozone-manager-1.4.0-SNAPSHOT.jar:?]
	at org.apache.hadoop.ozone.om.KeyManagerImpl.getFileStatus(KeyManagerImpl.java:1113) ~[ozone-manager-1.4.0-SNAPSHOT.jar:?]
	at org.apache.hadoop.ozone.om.KeyManagerImpl.listStatus(KeyManagerImpl.java:1505) ~[ozone-manager-1.4.0-SNAPSHOT.jar:?]
	at org.apache.hadoop.ozone.om.OmMetadataReader.listStatus(OmMetadataReader.java:235) ~[ozone-manager-1.4.0-SNAPSHOT.jar:?]
	at org.apache.hadoop.ozone.om.OzoneManager.listStatus(OzoneManager.java:3560) ~[ozone-manager-1.4.0-SNAPSHOT.jar:?]
	at org.apache.hadoop.ozone.protocolPB.OzoneManagerRequestHandler.listStatus(OzoneManagerRequestHandler.java:1143) ~[ozone-manager-1.4.0-SNAPSHOT.jar:?]
	at org.apache.hadoop.ozone.protocolPB.OzoneManagerRequestHandler.handleReadRequest(OzoneManagerRequestHandler.java:261) ~[ozone-manager-1.4.0-SNAPSHOT.jar:?]
	at org.apache.hadoop.ozone.protocolPB.OzoneManagerProtocolServerSideTranslatorPB.submitRequestDirectlyToOM(OzoneManagerProtocolServerSideTranslatorPB.java:274) ~[ozone-manager-1.4.0-SNAPSHOT.jar:?]
	at org.apache.hadoop.ozone.protocolPB.OzoneManagerProtocolServerSideTranslatorPB.processRequest(OzoneManagerProtocolServerSideTranslatorPB.java:175) ~[ozone-manager-1.4.0-SNAPSHOT.jar:?]
	at org.apache.hadoop.hdds.server.OzoneProtocolMessageDispatcher.processRequest(OzoneProtocolMessageDispatcher.java:87) [hdds-server-framework-1.4.0-SNAPSHOT.jar:?]
	at org.apache.hadoop.ozone.protocolPB.OzoneManagerProtocolServerSideTranslatorPB.submitRequest(OzoneManagerProtocolServerSideTranslatorPB.java:148) [ozone-manager-1.4.0-SNAPSHOT.jar:?]
	at org.apache.hadoop.ozone.protocol.proto.OzoneManagerProtocolProtos$OzoneManagerService$2.callBlockingMethod(OzoneManagerProtocolProtos.java) [ozone-interface-client-1.4.0-SNAPSHOT.jar:?]
	at org.apache.hadoop.ipc.ProtobufRpcEngine$Server.processCall(ProtobufRpcEngine.java:484) [hadoop-common-3.3.6.jar:?]
	at org.apache.hadoop.ipc.ProtobufRpcEngine2$Server$ProtoBufRpcInvoker.call(ProtobufRpcEngine2.java:595) [hadoop-common-3.3.6.jar:?]
	at org.apache.hadoop.ipc.ProtobufRpcEngine2$Server$ProtoBufRpcInvoker.call(ProtobufRpcEngine2.java:573) [hadoop-common-3.3.6.jar:?]
	at org.apache.hadoop.ipc.RPC$Server.call(RPC.java:1227) [hadoop-common-3.3.6.jar:?]
	at org.apache.hadoop.ipc.Server$RpcCall.run(Server.java:1094) [hadoop-common-3.3.6.jar:?]
	at org.apache.hadoop.ipc.Server$RpcCall.run(Server.java:1017) [hadoop-common-3.3.6.jar:?]
	at java.security.AccessController.doPrivileged(Native Method) ~[?:1.8.0_382]
	at javax.security.auth.Subject.doAs(Subject.java:422) [?:1.8.0_382]
	at org.apache.hadoop.security.UserGroupInformation.doAs(UserGroupInformation.java:1899) [hadoop-common-3.3.6.jar:?]
	at org.apache.hadoop.ipc.Server$Handler.run(Server.java:3048) [hadoop-common-3.3.6.jar:?]
11:18:19.707 [IPC Server handler 7 on default port 15057] ERROR OMAudit - user=runner | ip=127.0.0.1 | op=LIST_STATUS {volume=volume79664, bucket=bucket82507, key=root_dir/file2, dataSize=0, replicationConfig=null} | ret=FAILURE
org.apache.hadoop.ozone.om.exceptions.OMException: Unable to get file status: volume: volume79664 bucket: bucket82507 key: root_dir/file2
	at org.apache.hadoop.ozone.om.KeyManagerImpl.getOzoneFileStatus(KeyManagerImpl.java:1195) ~[ozone-manager-1.4.0-SNAPSHOT.jar:?]
	at org.apache.hadoop.ozone.om.KeyManagerImpl.getFileStatus(KeyManagerImpl.java:1113) ~[ozone-manager-1.4.0-SNAPSHOT.jar:?]
	at org.apache.hadoop.ozone.om.KeyManagerImpl.listStatus(KeyManagerImpl.java:1505) ~[ozone-manager-1.4.0-SNAPSHOT.jar:?]
	at org.apache.hadoop.ozone.om.OmMetadataReader.listStatus(OmMetadataReader.java:235) ~[ozone-manager-1.4.0-SNAPSHOT.jar:?]
	at org.apache.hadoop.ozone.om.OzoneManager.listStatus(OzoneManager.java:3560) ~[ozone-manager-1.4.0-SNAPSHOT.jar:?]
	at org.apache.hadoop.ozone.protocolPB.OzoneManagerRequestHandler.listStatus(OzoneManagerRequestHandler.java:1143) ~[ozone-manager-1.4.0-SNAPSHOT.jar:?]
	at org.apache.hadoop.ozone.protocolPB.OzoneManagerRequestHandler.handleReadRequest(OzoneManagerRequestHandler.java:261) ~[ozone-manager-1.4.0-SNAPSHOT.jar:?]
	at org.apache.hadoop.ozone.protocolPB.OzoneManagerProtocolServerSideTranslatorPB.submitRequestDirectlyToOM(OzoneManagerProtocolServerSideTranslatorPB.java:274) ~[ozone-manager-1.4.0-SNAPSHOT.jar:?]
	at org.apache.hadoop.ozone.protocolPB.OzoneManagerProtocolServerSideTranslatorPB.processRequest(OzoneManagerProtocolServerSideTranslatorPB.java:175) ~[ozone-manager-1.4.0-SNAPSHOT.jar:?]
	at org.apache.hadoop.hdds.server.OzoneProtocolMessageDispatcher.processRequest(OzoneProtocolMessageDispatcher.java:87) [hdds-server-framework-1.4.0-SNAPSHOT.jar:?]
	at org.apache.hadoop.ozone.protocolPB.OzoneManagerProtocolServerSideTranslatorPB.submitRequest(OzoneManagerProtocolServerSideTranslatorPB.java:148) [ozone-manager-1.4.0-SNAPSHOT.jar:?]
	at org.apache.hadoop.ozone.protocol.proto.OzoneManagerProtocolProtos$OzoneManagerService$2.callBlockingMethod(OzoneManagerProtocolProtos.java) [ozone-interface-client-1.4.0-SNAPSHOT.jar:?]
	at org.apache.hadoop.ipc.ProtobufRpcEngine$Server.processCall(ProtobufRpcEngine.java:484) [hadoop-common-3.3.6.jar:?]
	at org.apache.hadoop.ipc.ProtobufRpcEngine2$Server$ProtoBufRpcInvoker.call(ProtobufRpcEngine2.java:595) [hadoop-common-3.3.6.jar:?]
	at org.apache.hadoop.ipc.ProtobufRpcEngine2$Server$ProtoBufRpcInvoker.call(ProtobufRpcEngine2.java:573) [hadoop-common-3.3.6.jar:?]
	at org.apache.hadoop.ipc.RPC$Server.call(RPC.java:1227) [hadoop-common-3.3.6.jar:?]
	at org.apache.hadoop.ipc.Server$RpcCall.run(Server.java:1094) [hadoop-common-3.3.6.jar:?]
	at org.apache.hadoop.ipc.Server$RpcCall.run(Server.java:1017) [hadoop-common-3.3.6.jar:?]
	at java.security.AccessController.doPrivileged(Native Method) ~[?:1.8.0_382]
	at javax.security.auth.Subject.doAs(Subject.java:422) [?:1.8.0_382]
	at org.apache.hadoop.security.UserGroupInformation.doAs(UserGroupInformation.java:1899) [hadoop-common-3.3.6.jar:?]
	at org.apache.hadoop.ipc.Server$Handler.run(Server.java:3048) [hadoop-common-3.3.6.jar:?]
]]></system-out>
  </testcase>
  <testcase name="testRenameToParentDir" classname="TestOzoneFileSystem" time="0.042">
    <system-out><![CDATA[11:19:37.659 [IPC Server handler 3 on default port 15110] ERROR OMAudit - user=runner | ip=127.0.0.1 | op=LIST_STATUS {volume=volume57283, bucket=bucket81356, key=root_dir/dir2, dataSize=0, replicationConfig=null} | ret=FAILURE
org.apache.hadoop.ozone.om.exceptions.OMException: Unable to get file status: volume: volume57283 bucket: bucket81356 key: root_dir/dir2
	at org.apache.hadoop.ozone.om.KeyManagerImpl.getOzoneFileStatus(KeyManagerImpl.java:1195) ~[ozone-manager-1.4.0-SNAPSHOT.jar:?]
	at org.apache.hadoop.ozone.om.KeyManagerImpl.getFileStatus(KeyManagerImpl.java:1113) ~[ozone-manager-1.4.0-SNAPSHOT.jar:?]
	at org.apache.hadoop.ozone.om.KeyManagerImpl.listStatus(KeyManagerImpl.java:1505) ~[ozone-manager-1.4.0-SNAPSHOT.jar:?]
	at org.apache.hadoop.ozone.om.OmMetadataReader.listStatus(OmMetadataReader.java:235) ~[ozone-manager-1.4.0-SNAPSHOT.jar:?]
	at org.apache.hadoop.ozone.om.OzoneManager.listStatus(OzoneManager.java:3560) ~[ozone-manager-1.4.0-SNAPSHOT.jar:?]
	at org.apache.hadoop.ozone.protocolPB.OzoneManagerRequestHandler.listStatus(OzoneManagerRequestHandler.java:1143) ~[ozone-manager-1.4.0-SNAPSHOT.jar:?]
	at org.apache.hadoop.ozone.protocolPB.OzoneManagerRequestHandler.handleReadRequest(OzoneManagerRequestHandler.java:261) ~[ozone-manager-1.4.0-SNAPSHOT.jar:?]
	at org.apache.hadoop.ozone.protocolPB.OzoneManagerProtocolServerSideTranslatorPB.submitReadRequestToOM(OzoneManagerProtocolServerSideTranslatorPB.java:225) ~[ozone-manager-1.4.0-SNAPSHOT.jar:?]
	at org.apache.hadoop.ozone.protocolPB.OzoneManagerProtocolServerSideTranslatorPB.processRequest(OzoneManagerProtocolServerSideTranslatorPB.java:179) ~[ozone-manager-1.4.0-SNAPSHOT.jar:?]
	at org.apache.hadoop.hdds.server.OzoneProtocolMessageDispatcher.processRequest(OzoneProtocolMessageDispatcher.java:87) [hdds-server-framework-1.4.0-SNAPSHOT.jar:?]
	at org.apache.hadoop.ozone.protocolPB.OzoneManagerProtocolServerSideTranslatorPB.submitRequest(OzoneManagerProtocolServerSideTranslatorPB.java:148) [ozone-manager-1.4.0-SNAPSHOT.jar:?]
	at org.apache.hadoop.ozone.protocol.proto.OzoneManagerProtocolProtos$OzoneManagerService$2.callBlockingMethod(OzoneManagerProtocolProtos.java) [ozone-interface-client-1.4.0-SNAPSHOT.jar:?]
	at org.apache.hadoop.ipc.ProtobufRpcEngine$Server.processCall(ProtobufRpcEngine.java:484) [hadoop-common-3.3.6.jar:?]
	at org.apache.hadoop.ipc.ProtobufRpcEngine2$Server$ProtoBufRpcInvoker.call(ProtobufRpcEngine2.java:595) [hadoop-common-3.3.6.jar:?]
	at org.apache.hadoop.ipc.ProtobufRpcEngine2$Server$ProtoBufRpcInvoker.call(ProtobufRpcEngine2.java:573) [hadoop-common-3.3.6.jar:?]
	at org.apache.hadoop.ipc.RPC$Server.call(RPC.java:1227) [hadoop-common-3.3.6.jar:?]
	at org.apache.hadoop.ipc.Server$RpcCall.run(Server.java:1094) [hadoop-common-3.3.6.jar:?]
	at org.apache.hadoop.ipc.Server$RpcCall.run(Server.java:1017) [hadoop-common-3.3.6.jar:?]
	at java.security.AccessController.doPrivileged(Native Method) ~[?:1.8.0_382]
	at javax.security.auth.Subject.doAs(Subject.java:422) [?:1.8.0_382]
	at org.apache.hadoop.security.UserGroupInformation.doAs(UserGroupInformation.java:1899) [hadoop-common-3.3.6.jar:?]
	at org.apache.hadoop.ipc.Server$Handler.run(Server.java:3048) [hadoop-common-3.3.6.jar:?]
11:19:37.670 [IPC Server handler 8 on default port 15110] ERROR OMAudit - user=runner | ip=127.0.0.1 | op=LIST_STATUS {volume=volume57283, bucket=bucket81356, key=root_dir/file2, dataSize=0, replicationConfig=null} | ret=FAILURE
org.apache.hadoop.ozone.om.exceptions.OMException: Unable to get file status: volume: volume57283 bucket: bucket81356 key: root_dir/file2
	at org.apache.hadoop.ozone.om.KeyManagerImpl.getOzoneFileStatus(KeyManagerImpl.java:1195) ~[ozone-manager-1.4.0-SNAPSHOT.jar:?]
	at org.apache.hadoop.ozone.om.KeyManagerImpl.getFileStatus(KeyManagerImpl.java:1113) ~[ozone-manager-1.4.0-SNAPSHOT.jar:?]
	at org.apache.hadoop.ozone.om.KeyManagerImpl.listStatus(KeyManagerImpl.java:1505) ~[ozone-manager-1.4.0-SNAPSHOT.jar:?]
	at org.apache.hadoop.ozone.om.OmMetadataReader.listStatus(OmMetadataReader.java:235) ~[ozone-manager-1.4.0-SNAPSHOT.jar:?]
	at org.apache.hadoop.ozone.om.OzoneManager.listStatus(OzoneManager.java:3560) ~[ozone-manager-1.4.0-SNAPSHOT.jar:?]
	at org.apache.hadoop.ozone.protocolPB.OzoneManagerRequestHandler.listStatus(OzoneManagerRequestHandler.java:1143) ~[ozone-manager-1.4.0-SNAPSHOT.jar:?]
	at org.apache.hadoop.ozone.protocolPB.OzoneManagerRequestHandler.handleReadRequest(OzoneManagerRequestHandler.java:261) ~[ozone-manager-1.4.0-SNAPSHOT.jar:?]
	at org.apache.hadoop.ozone.protocolPB.OzoneManagerProtocolServerSideTranslatorPB.submitReadRequestToOM(OzoneManagerProtocolServerSideTranslatorPB.java:225) ~[ozone-manager-1.4.0-SNAPSHOT.jar:?]
	at org.apache.hadoop.ozone.protocolPB.OzoneManagerProtocolServerSideTranslatorPB.processRequest(OzoneManagerProtocolServerSideTranslatorPB.java:179) ~[ozone-manager-1.4.0-SNAPSHOT.jar:?]
	at org.apache.hadoop.hdds.server.OzoneProtocolMessageDispatcher.processRequest(OzoneProtocolMessageDispatcher.java:87) [hdds-server-framework-1.4.0-SNAPSHOT.jar:?]
	at org.apache.hadoop.ozone.protocolPB.OzoneManagerProtocolServerSideTranslatorPB.submitRequest(OzoneManagerProtocolServerSideTranslatorPB.java:148) [ozone-manager-1.4.0-SNAPSHOT.jar:?]
	at org.apache.hadoop.ozone.protocol.proto.OzoneManagerProtocolProtos$OzoneManagerService$2.callBlockingMethod(OzoneManagerProtocolProtos.java) [ozone-interface-client-1.4.0-SNAPSHOT.jar:?]
	at org.apache.hadoop.ipc.ProtobufRpcEngine$Server.processCall(ProtobufRpcEngine.java:484) [hadoop-common-3.3.6.jar:?]
	at org.apache.hadoop.ipc.ProtobufRpcEngine2$Server$ProtoBufRpcInvoker.call(ProtobufRpcEngine2.java:595) [hadoop-common-3.3.6.jar:?]
	at org.apache.hadoop.ipc.ProtobufRpcEngine2$Server$ProtoBufRpcInvoker.call(ProtobufRpcEngine2.java:573) [hadoop-common-3.3.6.jar:?]
	at org.apache.hadoop.ipc.RPC$Server.call(RPC.java:1227) [hadoop-common-3.3.6.jar:?]
	at org.apache.hadoop.ipc.Server$RpcCall.run(Server.java:1094) [hadoop-common-3.3.6.jar:?]
	at org.apache.hadoop.ipc.Server$RpcCall.run(Server.java:1017) [hadoop-common-3.3.6.jar:?]
	at java.security.AccessController.doPrivileged(Native Method) ~[?:1.8.0_382]
	at javax.security.auth.Subject.doAs(Subject.java:422) [?:1.8.0_382]
	at org.apache.hadoop.security.UserGroupInformation.doAs(UserGroupInformation.java:1899) [hadoop-common-3.3.6.jar:?]
	at org.apache.hadoop.ipc.Server$Handler.run(Server.java:3048) [hadoop-common-3.3.6.jar:?]
]]></system-out>
  </testcase>
  <testcase name="testRenameToParentDir" classname="TestOzoneFileSystem" time="0.036">
    <system-out><![CDATA[11:21:05.594 [IPC Server handler 1 on default port 15163] ERROR OMAudit - user=runner | ip=127.0.0.1 | op=LIST_STATUS {volume=volume69610, bucket=bucket82402, key=root_dir/dir2, dataSize=0, replicationConfig=null} | ret=FAILURE
org.apache.hadoop.ozone.om.exceptions.OMException: Unable to get file status: volume: volume69610 bucket: bucket82402 key: root_dir/dir2
	at org.apache.hadoop.ozone.om.KeyManagerImpl.getOzoneFileStatus(KeyManagerImpl.java:1195) ~[ozone-manager-1.4.0-SNAPSHOT.jar:?]
	at org.apache.hadoop.ozone.om.KeyManagerImpl.getFileStatus(KeyManagerImpl.java:1113) ~[ozone-manager-1.4.0-SNAPSHOT.jar:?]
	at org.apache.hadoop.ozone.om.KeyManagerImpl.listStatus(KeyManagerImpl.java:1505) ~[ozone-manager-1.4.0-SNAPSHOT.jar:?]
	at org.apache.hadoop.ozone.om.OmMetadataReader.listStatus(OmMetadataReader.java:235) ~[ozone-manager-1.4.0-SNAPSHOT.jar:?]
	at org.apache.hadoop.ozone.om.OzoneManager.listStatus(OzoneManager.java:3560) ~[ozone-manager-1.4.0-SNAPSHOT.jar:?]
	at org.apache.hadoop.ozone.protocolPB.OzoneManagerRequestHandler.listStatus(OzoneManagerRequestHandler.java:1143) ~[ozone-manager-1.4.0-SNAPSHOT.jar:?]
	at org.apache.hadoop.ozone.protocolPB.OzoneManagerRequestHandler.handleReadRequest(OzoneManagerRequestHandler.java:261) ~[ozone-manager-1.4.0-SNAPSHOT.jar:?]
	at org.apache.hadoop.ozone.protocolPB.OzoneManagerProtocolServerSideTranslatorPB.submitRequestDirectlyToOM(OzoneManagerProtocolServerSideTranslatorPB.java:274) ~[ozone-manager-1.4.0-SNAPSHOT.jar:?]
	at org.apache.hadoop.ozone.protocolPB.OzoneManagerProtocolServerSideTranslatorPB.processRequest(OzoneManagerProtocolServerSideTranslatorPB.java:175) ~[ozone-manager-1.4.0-SNAPSHOT.jar:?]
	at org.apache.hadoop.hdds.server.OzoneProtocolMessageDispatcher.processRequest(OzoneProtocolMessageDispatcher.java:87) [hdds-server-framework-1.4.0-SNAPSHOT.jar:?]
	at org.apache.hadoop.ozone.protocolPB.OzoneManagerProtocolServerSideTranslatorPB.submitRequest(OzoneManagerProtocolServerSideTranslatorPB.java:148) [ozone-manager-1.4.0-SNAPSHOT.jar:?]
	at org.apache.hadoop.ozone.protocol.proto.OzoneManagerProtocolProtos$OzoneManagerService$2.callBlockingMethod(OzoneManagerProtocolProtos.java) [ozone-interface-client-1.4.0-SNAPSHOT.jar:?]
	at org.apache.hadoop.ipc.ProtobufRpcEngine$Server.processCall(ProtobufRpcEngine.java:484) [hadoop-common-3.3.6.jar:?]
	at org.apache.hadoop.ipc.ProtobufRpcEngine2$Server$ProtoBufRpcInvoker.call(ProtobufRpcEngine2.java:595) [hadoop-common-3.3.6.jar:?]
	at org.apache.hadoop.ipc.ProtobufRpcEngine2$Server$ProtoBufRpcInvoker.call(ProtobufRpcEngine2.java:573) [hadoop-common-3.3.6.jar:?]
	at org.apache.hadoop.ipc.RPC$Server.call(RPC.java:1227) [hadoop-common-3.3.6.jar:?]
	at org.apache.hadoop.ipc.Server$RpcCall.run(Server.java:1094) [hadoop-common-3.3.6.jar:?]
	at org.apache.hadoop.ipc.Server$RpcCall.run(Server.java:1017) [hadoop-common-3.3.6.jar:?]
	at java.security.AccessController.doPrivileged(Native Method) ~[?:1.8.0_382]
	at javax.security.auth.Subject.doAs(Subject.java:422) [?:1.8.0_382]
	at org.apache.hadoop.security.UserGroupInformation.doAs(UserGroupInformation.java:1899) [hadoop-common-3.3.6.jar:?]
	at org.apache.hadoop.ipc.Server$Handler.run(Server.java:3048) [hadoop-common-3.3.6.jar:?]
11:21:05.608 [IPC Server handler 11 on default port 15163] ERROR OMAudit - user=runner | ip=127.0.0.1 | op=LIST_STATUS {volume=volume69610, bucket=bucket82402, key=root_dir/file2, dataSize=0, replicationConfig=null} | ret=FAILURE
org.apache.hadoop.ozone.om.exceptions.OMException: Unable to get file status: volume: volume69610 bucket: bucket82402 key: root_dir/file2
	at org.apache.hadoop.ozone.om.KeyManagerImpl.getOzoneFileStatus(KeyManagerImpl.java:1195) ~[ozone-manager-1.4.0-SNAPSHOT.jar:?]
	at org.apache.hadoop.ozone.om.KeyManagerImpl.getFileStatus(KeyManagerImpl.java:1113) ~[ozone-manager-1.4.0-SNAPSHOT.jar:?]
	at org.apache.hadoop.ozone.om.KeyManagerImpl.listStatus(KeyManagerImpl.java:1505) ~[ozone-manager-1.4.0-SNAPSHOT.jar:?]
	at org.apache.hadoop.ozone.om.OmMetadataReader.listStatus(OmMetadataReader.java:235) ~[ozone-manager-1.4.0-SNAPSHOT.jar:?]
	at org.apache.hadoop.ozone.om.OzoneManager.listStatus(OzoneManager.java:3560) ~[ozone-manager-1.4.0-SNAPSHOT.jar:?]
	at org.apache.hadoop.ozone.protocolPB.OzoneManagerRequestHandler.listStatus(OzoneManagerRequestHandler.java:1143) ~[ozone-manager-1.4.0-SNAPSHOT.jar:?]
	at org.apache.hadoop.ozone.protocolPB.OzoneManagerRequestHandler.handleReadRequest(OzoneManagerRequestHandler.java:261) ~[ozone-manager-1.4.0-SNAPSHOT.jar:?]
	at org.apache.hadoop.ozone.protocolPB.OzoneManagerProtocolServerSideTranslatorPB.submitRequestDirectlyToOM(OzoneManagerProtocolServerSideTranslatorPB.java:274) ~[ozone-manager-1.4.0-SNAPSHOT.jar:?]
	at org.apache.hadoop.ozone.protocolPB.OzoneManagerProtocolServerSideTranslatorPB.processRequest(OzoneManagerProtocolServerSideTranslatorPB.java:175) ~[ozone-manager-1.4.0-SNAPSHOT.jar:?]
	at org.apache.hadoop.hdds.server.OzoneProtocolMessageDispatcher.processRequest(OzoneProtocolMessageDispatcher.java:87) [hdds-server-framework-1.4.0-SNAPSHOT.jar:?]
	at org.apache.hadoop.ozone.protocolPB.OzoneManagerProtocolServerSideTranslatorPB.submitRequest(OzoneManagerProtocolServerSideTranslatorPB.java:148) [ozone-manager-1.4.0-SNAPSHOT.jar:?]
	at org.apache.hadoop.ozone.protocol.proto.OzoneManagerProtocolProtos$OzoneManagerService$2.callBlockingMethod(OzoneManagerProtocolProtos.java) [ozone-interface-client-1.4.0-SNAPSHOT.jar:?]
	at org.apache.hadoop.ipc.ProtobufRpcEngine$Server.processCall(ProtobufRpcEngine.java:484) [hadoop-common-3.3.6.jar:?]
	at org.apache.hadoop.ipc.ProtobufRpcEngine2$Server$ProtoBufRpcInvoker.call(ProtobufRpcEngine2.java:595) [hadoop-common-3.3.6.jar:?]
	at org.apache.hadoop.ipc.ProtobufRpcEngine2$Server$ProtoBufRpcInvoker.call(ProtobufRpcEngine2.java:573) [hadoop-common-3.3.6.jar:?]
	at org.apache.hadoop.ipc.RPC$Server.call(RPC.java:1227) [hadoop-common-3.3.6.jar:?]
	at org.apache.hadoop.ipc.Server$RpcCall.run(Server.java:1094) [hadoop-common-3.3.6.jar:?]
	at org.apache.hadoop.ipc.Server$RpcCall.run(Server.java:1017) [hadoop-common-3.3.6.jar:?]
	at java.security.AccessController.doPrivileged(Native Method) ~[?:1.8.0_382]
	at javax.security.auth.Subject.doAs(Subject.java:422) [?:1.8.0_382]
	at org.apache.hadoop.security.UserGroupInformation.doAs(UserGroupInformation.java:1899) [hadoop-common-3.3.6.jar:?]
	at org.apache.hadoop.ipc.Server$Handler.run(Server.java:3048) [hadoop-common-3.3.6.jar:?]
]]></system-out>
  </testcase>
  <testcase name="testListStatusOnSubDirs" classname="TestOzoneFileSystem" time="0.068"/>
  <testcase name="testListStatusOnSubDirs" classname="TestOzoneFileSystem" time="0.033"/>
  <testcase name="testListStatusOnSubDirs" classname="TestOzoneFileSystem" time="0.031"/>
  <testcase name="testListStatusOnSubDirs" classname="TestOzoneFileSystem" time="0.021"/>
  <testcase name="testListStatus" classname="TestOzoneFileSystem" time="0.107"/>
  <testcase name="testListStatus" classname="TestOzoneFileSystem" time="0.05"/>
  <testcase name="testListStatus" classname="TestOzoneFileSystem" time="0.056"/>
  <testcase name="testListStatus" classname="TestOzoneFileSystem" time="0.031"/>
  <testcase name="testRecursiveDelete" classname="TestOzoneFileSystem" time="0.57">
    <system-out><![CDATA[11:16:42.793 [IPC Server handler 17 on default port 15004] ERROR OMAudit - user=runner | ip=127.0.0.1 | op=GET_FILE_STATUS {volume=volume76163, bucket=bucket78113, key=gdir1, dataSize=0, replicationConfig=null} | ret=FAILURE
org.apache.hadoop.ozone.om.exceptions.OMException: Unable to get file status: volume: volume76163 bucket: bucket78113 key: gdir1
	at org.apache.hadoop.ozone.om.KeyManagerImpl.getOzoneFileStatus(KeyManagerImpl.java:1195) ~[ozone-manager-1.4.0-SNAPSHOT.jar:?]
	at org.apache.hadoop.ozone.om.KeyManagerImpl.getFileStatus(KeyManagerImpl.java:1113) ~[ozone-manager-1.4.0-SNAPSHOT.jar:?]
	at org.apache.hadoop.ozone.om.OmMetadataReader.getFileStatus(OmMetadataReader.java:262) ~[ozone-manager-1.4.0-SNAPSHOT.jar:?]
	at org.apache.hadoop.ozone.om.OzoneManager.getFileStatus(OzoneManager.java:3530) ~[ozone-manager-1.4.0-SNAPSHOT.jar:?]
	at org.apache.hadoop.ozone.protocolPB.OzoneManagerRequestHandler.getOzoneFileStatus(OzoneManagerRequestHandler.java:971) ~[ozone-manager-1.4.0-SNAPSHOT.jar:?]
	at org.apache.hadoop.ozone.protocolPB.OzoneManagerRequestHandler.handleReadRequest(OzoneManagerRequestHandler.java:250) ~[ozone-manager-1.4.0-SNAPSHOT.jar:?]
	at org.apache.hadoop.ozone.protocolPB.OzoneManagerProtocolServerSideTranslatorPB.submitReadRequestToOM(OzoneManagerProtocolServerSideTranslatorPB.java:225) ~[ozone-manager-1.4.0-SNAPSHOT.jar:?]
	at org.apache.hadoop.ozone.protocolPB.OzoneManagerProtocolServerSideTranslatorPB.processRequest(OzoneManagerProtocolServerSideTranslatorPB.java:179) ~[ozone-manager-1.4.0-SNAPSHOT.jar:?]
	at org.apache.hadoop.hdds.server.OzoneProtocolMessageDispatcher.processRequest(OzoneProtocolMessageDispatcher.java:87) [hdds-server-framework-1.4.0-SNAPSHOT.jar:?]
	at org.apache.hadoop.ozone.protocolPB.OzoneManagerProtocolServerSideTranslatorPB.submitRequest(OzoneManagerProtocolServerSideTranslatorPB.java:148) [ozone-manager-1.4.0-SNAPSHOT.jar:?]
	at org.apache.hadoop.ozone.protocol.proto.OzoneManagerProtocolProtos$OzoneManagerService$2.callBlockingMethod(OzoneManagerProtocolProtos.java) [ozone-interface-client-1.4.0-SNAPSHOT.jar:?]
	at org.apache.hadoop.ipc.ProtobufRpcEngine$Server.processCall(ProtobufRpcEngine.java:484) [hadoop-common-3.3.6.jar:?]
	at org.apache.hadoop.ipc.ProtobufRpcEngine2$Server$ProtoBufRpcInvoker.call(ProtobufRpcEngine2.java:595) [hadoop-common-3.3.6.jar:?]
	at org.apache.hadoop.ipc.ProtobufRpcEngine2$Server$ProtoBufRpcInvoker.call(ProtobufRpcEngine2.java:573) [hadoop-common-3.3.6.jar:?]
	at org.apache.hadoop.ipc.RPC$Server.call(RPC.java:1227) [hadoop-common-3.3.6.jar:?]
	at org.apache.hadoop.ipc.Server$RpcCall.run(Server.java:1094) [hadoop-common-3.3.6.jar:?]
	at org.apache.hadoop.ipc.Server$RpcCall.run(Server.java:1017) [hadoop-common-3.3.6.jar:?]
	at java.security.AccessController.doPrivileged(Native Method) ~[?:1.8.0_382]
	at javax.security.auth.Subject.doAs(Subject.java:422) [?:1.8.0_382]
	at org.apache.hadoop.security.UserGroupInformation.doAs(UserGroupInformation.java:1899) [hadoop-common-3.3.6.jar:?]
	at org.apache.hadoop.ipc.Server$Handler.run(Server.java:3048) [hadoop-common-3.3.6.jar:?]
11:16:42.795 [IPC Server handler 19 on default port 15004] ERROR OMAudit - user=runner | ip=127.0.0.1 | op=GET_FILE_STATUS {volume=volume76163, bucket=bucket78113, key=gdir1/dir1, dataSize=0, replicationConfig=null} | ret=FAILURE
org.apache.hadoop.ozone.om.exceptions.OMException: Unable to get file status: volume: volume76163 bucket: bucket78113 key: gdir1/dir1
	at org.apache.hadoop.ozone.om.KeyManagerImpl.getOzoneFileStatus(KeyManagerImpl.java:1195) ~[ozone-manager-1.4.0-SNAPSHOT.jar:?]
	at org.apache.hadoop.ozone.om.KeyManagerImpl.getFileStatus(KeyManagerImpl.java:1113) ~[ozone-manager-1.4.0-SNAPSHOT.jar:?]
	at org.apache.hadoop.ozone.om.OmMetadataReader.getFileStatus(OmMetadataReader.java:262) ~[ozone-manager-1.4.0-SNAPSHOT.jar:?]
	at org.apache.hadoop.ozone.om.OzoneManager.getFileStatus(OzoneManager.java:3530) ~[ozone-manager-1.4.0-SNAPSHOT.jar:?]
	at org.apache.hadoop.ozone.protocolPB.OzoneManagerRequestHandler.getOzoneFileStatus(OzoneManagerRequestHandler.java:971) ~[ozone-manager-1.4.0-SNAPSHOT.jar:?]
	at org.apache.hadoop.ozone.protocolPB.OzoneManagerRequestHandler.handleReadRequest(OzoneManagerRequestHandler.java:250) ~[ozone-manager-1.4.0-SNAPSHOT.jar:?]
	at org.apache.hadoop.ozone.protocolPB.OzoneManagerProtocolServerSideTranslatorPB.submitReadRequestToOM(OzoneManagerProtocolServerSideTranslatorPB.java:225) ~[ozone-manager-1.4.0-SNAPSHOT.jar:?]
	at org.apache.hadoop.ozone.protocolPB.OzoneManagerProtocolServerSideTranslatorPB.processRequest(OzoneManagerProtocolServerSideTranslatorPB.java:179) ~[ozone-manager-1.4.0-SNAPSHOT.jar:?]
	at org.apache.hadoop.hdds.server.OzoneProtocolMessageDispatcher.processRequest(OzoneProtocolMessageDispatcher.java:87) [hdds-server-framework-1.4.0-SNAPSHOT.jar:?]
	at org.apache.hadoop.ozone.protocolPB.OzoneManagerProtocolServerSideTranslatorPB.submitRequest(OzoneManagerProtocolServerSideTranslatorPB.java:148) [ozone-manager-1.4.0-SNAPSHOT.jar:?]
	at org.apache.hadoop.ozone.protocol.proto.OzoneManagerProtocolProtos$OzoneManagerService$2.callBlockingMethod(OzoneManagerProtocolProtos.java) [ozone-interface-client-1.4.0-SNAPSHOT.jar:?]
	at org.apache.hadoop.ipc.ProtobufRpcEngine$Server.processCall(ProtobufRpcEngine.java:484) [hadoop-common-3.3.6.jar:?]
	at org.apache.hadoop.ipc.ProtobufRpcEngine2$Server$ProtoBufRpcInvoker.call(ProtobufRpcEngine2.java:595) [hadoop-common-3.3.6.jar:?]
	at org.apache.hadoop.ipc.ProtobufRpcEngine2$Server$ProtoBufRpcInvoker.call(ProtobufRpcEngine2.java:573) [hadoop-common-3.3.6.jar:?]
	at org.apache.hadoop.ipc.RPC$Server.call(RPC.java:1227) [hadoop-common-3.3.6.jar:?]
	at org.apache.hadoop.ipc.Server$RpcCall.run(Server.java:1094) [hadoop-common-3.3.6.jar:?]
	at org.apache.hadoop.ipc.Server$RpcCall.run(Server.java:1017) [hadoop-common-3.3.6.jar:?]
	at java.security.AccessController.doPrivileged(Native Method) ~[?:1.8.0_382]
	at javax.security.auth.Subject.doAs(Subject.java:422) [?:1.8.0_382]
	at org.apache.hadoop.security.UserGroupInformation.doAs(UserGroupInformation.java:1899) [hadoop-common-3.3.6.jar:?]
	at org.apache.hadoop.ipc.Server$Handler.run(Server.java:3048) [hadoop-common-3.3.6.jar:?]
11:16:42.797 [IPC Server handler 7 on default port 15004] ERROR OMAudit - user=runner | ip=127.0.0.1 | op=GET_FILE_STATUS {volume=volume76163, bucket=bucket78113, key=gdir1/dir1/child, dataSize=0, replicationConfig=null} | ret=FAILURE
org.apache.hadoop.ozone.om.exceptions.OMException: Unable to get file status: volume: volume76163 bucket: bucket78113 key: gdir1/dir1/child
	at org.apache.hadoop.ozone.om.KeyManagerImpl.getOzoneFileStatus(KeyManagerImpl.java:1195) ~[ozone-manager-1.4.0-SNAPSHOT.jar:?]
	at org.apache.hadoop.ozone.om.KeyManagerImpl.getFileStatus(KeyManagerImpl.java:1113) ~[ozone-manager-1.4.0-SNAPSHOT.jar:?]
	at org.apache.hadoop.ozone.om.OmMetadataReader.getFileStatus(OmMetadataReader.java:262) ~[ozone-manager-1.4.0-SNAPSHOT.jar:?]
	at org.apache.hadoop.ozone.om.OzoneManager.getFileStatus(OzoneManager.java:3530) ~[ozone-manager-1.4.0-SNAPSHOT.jar:?]
	at org.apache.hadoop.ozone.protocolPB.OzoneManagerRequestHandler.getOzoneFileStatus(OzoneManagerRequestHandler.java:971) ~[ozone-manager-1.4.0-SNAPSHOT.jar:?]
	at org.apache.hadoop.ozone.protocolPB.OzoneManagerRequestHandler.handleReadRequest(OzoneManagerRequestHandler.java:250) ~[ozone-manager-1.4.0-SNAPSHOT.jar:?]
	at org.apache.hadoop.ozone.protocolPB.OzoneManagerProtocolServerSideTranslatorPB.submitReadRequestToOM(OzoneManagerProtocolServerSideTranslatorPB.java:225) ~[ozone-manager-1.4.0-SNAPSHOT.jar:?]
	at org.apache.hadoop.ozone.protocolPB.OzoneManagerProtocolServerSideTranslatorPB.processRequest(OzoneManagerProtocolServerSideTranslatorPB.java:179) ~[ozone-manager-1.4.0-SNAPSHOT.jar:?]
	at org.apache.hadoop.hdds.server.OzoneProtocolMessageDispatcher.processRequest(OzoneProtocolMessageDispatcher.java:87) [hdds-server-framework-1.4.0-SNAPSHOT.jar:?]
	at org.apache.hadoop.ozone.protocolPB.OzoneManagerProtocolServerSideTranslatorPB.submitRequest(OzoneManagerProtocolServerSideTranslatorPB.java:148) [ozone-manager-1.4.0-SNAPSHOT.jar:?]
	at org.apache.hadoop.ozone.protocol.proto.OzoneManagerProtocolProtos$OzoneManagerService$2.callBlockingMethod(OzoneManagerProtocolProtos.java) [ozone-interface-client-1.4.0-SNAPSHOT.jar:?]
	at org.apache.hadoop.ipc.ProtobufRpcEngine$Server.processCall(ProtobufRpcEngine.java:484) [hadoop-common-3.3.6.jar:?]
	at org.apache.hadoop.ipc.ProtobufRpcEngine2$Server$ProtoBufRpcInvoker.call(ProtobufRpcEngine2.java:595) [hadoop-common-3.3.6.jar:?]
	at org.apache.hadoop.ipc.ProtobufRpcEngine2$Server$ProtoBufRpcInvoker.call(ProtobufRpcEngine2.java:573) [hadoop-common-3.3.6.jar:?]
	at org.apache.hadoop.ipc.RPC$Server.call(RPC.java:1227) [hadoop-common-3.3.6.jar:?]
	at org.apache.hadoop.ipc.Server$RpcCall.run(Server.java:1094) [hadoop-common-3.3.6.jar:?]
	at org.apache.hadoop.ipc.Server$RpcCall.run(Server.java:1017) [hadoop-common-3.3.6.jar:?]
	at java.security.AccessController.doPrivileged(Native Method) ~[?:1.8.0_382]
	at javax.security.auth.Subject.doAs(Subject.java:422) [?:1.8.0_382]
	at org.apache.hadoop.security.UserGroupInformation.doAs(UserGroupInformation.java:1899) [hadoop-common-3.3.6.jar:?]
	at org.apache.hadoop.ipc.Server$Handler.run(Server.java:3048) [hadoop-common-3.3.6.jar:?]
11:16:42.799 [IPC Server handler 16 on default port 15004] ERROR OMAudit - user=runner | ip=127.0.0.1 | op=GET_FILE_STATUS {volume=volume76163, bucket=bucket78113, key=gdir1/dir2, dataSize=0, replicationConfig=null} | ret=FAILURE
org.apache.hadoop.ozone.om.exceptions.OMException: Unable to get file status: volume: volume76163 bucket: bucket78113 key: gdir1/dir2
	at org.apache.hadoop.ozone.om.KeyManagerImpl.getOzoneFileStatus(KeyManagerImpl.java:1195) ~[ozone-manager-1.4.0-SNAPSHOT.jar:?]
	at org.apache.hadoop.ozone.om.KeyManagerImpl.getFileStatus(KeyManagerImpl.java:1113) ~[ozone-manager-1.4.0-SNAPSHOT.jar:?]
	at org.apache.hadoop.ozone.om.OmMetadataReader.getFileStatus(OmMetadataReader.java:262) ~[ozone-manager-1.4.0-SNAPSHOT.jar:?]
	at org.apache.hadoop.ozone.om.OzoneManager.getFileStatus(OzoneManager.java:3530) ~[ozone-manager-1.4.0-SNAPSHOT.jar:?]
	at org.apache.hadoop.ozone.protocolPB.OzoneManagerRequestHandler.getOzoneFileStatus(OzoneManagerRequestHandler.java:971) ~[ozone-manager-1.4.0-SNAPSHOT.jar:?]
	at org.apache.hadoop.ozone.protocolPB.OzoneManagerRequestHandler.handleReadRequest(OzoneManagerRequestHandler.java:250) ~[ozone-manager-1.4.0-SNAPSHOT.jar:?]
	at org.apache.hadoop.ozone.protocolPB.OzoneManagerProtocolServerSideTranslatorPB.submitReadRequestToOM(OzoneManagerProtocolServerSideTranslatorPB.java:225) ~[ozone-manager-1.4.0-SNAPSHOT.jar:?]
	at org.apache.hadoop.ozone.protocolPB.OzoneManagerProtocolServerSideTranslatorPB.processRequest(OzoneManagerProtocolServerSideTranslatorPB.java:179) ~[ozone-manager-1.4.0-SNAPSHOT.jar:?]
	at org.apache.hadoop.hdds.server.OzoneProtocolMessageDispatcher.processRequest(OzoneProtocolMessageDispatcher.java:87) [hdds-server-framework-1.4.0-SNAPSHOT.jar:?]
	at org.apache.hadoop.ozone.protocolPB.OzoneManagerProtocolServerSideTranslatorPB.submitRequest(OzoneManagerProtocolServerSideTranslatorPB.java:148) [ozone-manager-1.4.0-SNAPSHOT.jar:?]
	at org.apache.hadoop.ozone.protocol.proto.OzoneManagerProtocolProtos$OzoneManagerService$2.callBlockingMethod(OzoneManagerProtocolProtos.java) [ozone-interface-client-1.4.0-SNAPSHOT.jar:?]
	at org.apache.hadoop.ipc.ProtobufRpcEngine$Server.processCall(ProtobufRpcEngine.java:484) [hadoop-common-3.3.6.jar:?]
	at org.apache.hadoop.ipc.ProtobufRpcEngine2$Server$ProtoBufRpcInvoker.call(ProtobufRpcEngine2.java:595) [hadoop-common-3.3.6.jar:?]
	at org.apache.hadoop.ipc.ProtobufRpcEngine2$Server$ProtoBufRpcInvoker.call(ProtobufRpcEngine2.java:573) [hadoop-common-3.3.6.jar:?]
	at org.apache.hadoop.ipc.RPC$Server.call(RPC.java:1227) [hadoop-common-3.3.6.jar:?]
	at org.apache.hadoop.ipc.Server$RpcCall.run(Server.java:1094) [hadoop-common-3.3.6.jar:?]
	at org.apache.hadoop.ipc.Server$RpcCall.run(Server.java:1017) [hadoop-common-3.3.6.jar:?]
	at java.security.AccessController.doPrivileged(Native Method) ~[?:1.8.0_382]
	at javax.security.auth.Subject.doAs(Subject.java:422) [?:1.8.0_382]
	at org.apache.hadoop.security.UserGroupInformation.doAs(UserGroupInformation.java:1899) [hadoop-common-3.3.6.jar:?]
	at org.apache.hadoop.ipc.Server$Handler.run(Server.java:3048) [hadoop-common-3.3.6.jar:?]
11:16:42.801 [IPC Server handler 11 on default port 15004] ERROR OMAudit - user=runner | ip=127.0.0.1 | op=GET_FILE_STATUS {volume=volume76163, bucket=bucket78113, key=gdir1/dir2/child, dataSize=0, replicationConfig=null} | ret=FAILURE
org.apache.hadoop.ozone.om.exceptions.OMException: Unable to get file status: volume: volume76163 bucket: bucket78113 key: gdir1/dir2/child
	at org.apache.hadoop.ozone.om.KeyManagerImpl.getOzoneFileStatus(KeyManagerImpl.java:1195) ~[ozone-manager-1.4.0-SNAPSHOT.jar:?]
	at org.apache.hadoop.ozone.om.KeyManagerImpl.getFileStatus(KeyManagerImpl.java:1113) ~[ozone-manager-1.4.0-SNAPSHOT.jar:?]
	at org.apache.hadoop.ozone.om.OmMetadataReader.getFileStatus(OmMetadataReader.java:262) ~[ozone-manager-1.4.0-SNAPSHOT.jar:?]
	at org.apache.hadoop.ozone.om.OzoneManager.getFileStatus(OzoneManager.java:3530) ~[ozone-manager-1.4.0-SNAPSHOT.jar:?]
	at org.apache.hadoop.ozone.protocolPB.OzoneManagerRequestHandler.getOzoneFileStatus(OzoneManagerRequestHandler.java:971) ~[ozone-manager-1.4.0-SNAPSHOT.jar:?]
	at org.apache.hadoop.ozone.protocolPB.OzoneManagerRequestHandler.handleReadRequest(OzoneManagerRequestHandler.java:250) ~[ozone-manager-1.4.0-SNAPSHOT.jar:?]
	at org.apache.hadoop.ozone.protocolPB.OzoneManagerProtocolServerSideTranslatorPB.submitReadRequestToOM(OzoneManagerProtocolServerSideTranslatorPB.java:225) ~[ozone-manager-1.4.0-SNAPSHOT.jar:?]
	at org.apache.hadoop.ozone.protocolPB.OzoneManagerProtocolServerSideTranslatorPB.processRequest(OzoneManagerProtocolServerSideTranslatorPB.java:179) ~[ozone-manager-1.4.0-SNAPSHOT.jar:?]
	at org.apache.hadoop.hdds.server.OzoneProtocolMessageDispatcher.processRequest(OzoneProtocolMessageDispatcher.java:87) [hdds-server-framework-1.4.0-SNAPSHOT.jar:?]
	at org.apache.hadoop.ozone.protocolPB.OzoneManagerProtocolServerSideTranslatorPB.submitRequest(OzoneManagerProtocolServerSideTranslatorPB.java:148) [ozone-manager-1.4.0-SNAPSHOT.jar:?]
	at org.apache.hadoop.ozone.protocol.proto.OzoneManagerProtocolProtos$OzoneManagerService$2.callBlockingMethod(OzoneManagerProtocolProtos.java) [ozone-interface-client-1.4.0-SNAPSHOT.jar:?]
	at org.apache.hadoop.ipc.ProtobufRpcEngine$Server.processCall(ProtobufRpcEngine.java:484) [hadoop-common-3.3.6.jar:?]
	at org.apache.hadoop.ipc.ProtobufRpcEngine2$Server$ProtoBufRpcInvoker.call(ProtobufRpcEngine2.java:595) [hadoop-common-3.3.6.jar:?]
	at org.apache.hadoop.ipc.ProtobufRpcEngine2$Server$ProtoBufRpcInvoker.call(ProtobufRpcEngine2.java:573) [hadoop-common-3.3.6.jar:?]
	at org.apache.hadoop.ipc.RPC$Server.call(RPC.java:1227) [hadoop-common-3.3.6.jar:?]
	at org.apache.hadoop.ipc.Server$RpcCall.run(Server.java:1094) [hadoop-common-3.3.6.jar:?]
	at org.apache.hadoop.ipc.Server$RpcCall.run(Server.java:1017) [hadoop-common-3.3.6.jar:?]
	at java.security.AccessController.doPrivileged(Native Method) ~[?:1.8.0_382]
	at javax.security.auth.Subject.doAs(Subject.java:422) [?:1.8.0_382]
	at org.apache.hadoop.security.UserGroupInformation.doAs(UserGroupInformation.java:1899) [hadoop-common-3.3.6.jar:?]
	at org.apache.hadoop.ipc.Server$Handler.run(Server.java:3048) [hadoop-common-3.3.6.jar:?]
11:16:42.803 [IPC Server handler 5 on default port 15004] ERROR OMAudit - user=runner | ip=127.0.0.1 | op=GET_FILE_STATUS {volume=volume76163, bucket=bucket78113, key=gdir1/dir3, dataSize=0, replicationConfig=null} | ret=FAILURE
org.apache.hadoop.ozone.om.exceptions.OMException: Unable to get file status: volume: volume76163 bucket: bucket78113 key: gdir1/dir3
	at org.apache.hadoop.ozone.om.KeyManagerImpl.getOzoneFileStatus(KeyManagerImpl.java:1195) ~[ozone-manager-1.4.0-SNAPSHOT.jar:?]
	at org.apache.hadoop.ozone.om.KeyManagerImpl.getFileStatus(KeyManagerImpl.java:1113) ~[ozone-manager-1.4.0-SNAPSHOT.jar:?]
	at org.apache.hadoop.ozone.om.OmMetadataReader.getFileStatus(OmMetadataReader.java:262) ~[ozone-manager-1.4.0-SNAPSHOT.jar:?]
	at org.apache.hadoop.ozone.om.OzoneManager.getFileStatus(OzoneManager.java:3530) ~[ozone-manager-1.4.0-SNAPSHOT.jar:?]
	at org.apache.hadoop.ozone.protocolPB.OzoneManagerRequestHandler.getOzoneFileStatus(OzoneManagerRequestHandler.java:971) ~[ozone-manager-1.4.0-SNAPSHOT.jar:?]
	at org.apache.hadoop.ozone.protocolPB.OzoneManagerRequestHandler.handleReadRequest(OzoneManagerRequestHandler.java:250) ~[ozone-manager-1.4.0-SNAPSHOT.jar:?]
	at org.apache.hadoop.ozone.protocolPB.OzoneManagerProtocolServerSideTranslatorPB.submitReadRequestToOM(OzoneManagerProtocolServerSideTranslatorPB.java:225) ~[ozone-manager-1.4.0-SNAPSHOT.jar:?]
	at org.apache.hadoop.ozone.protocolPB.OzoneManagerProtocolServerSideTranslatorPB.processRequest(OzoneManagerProtocolServerSideTranslatorPB.java:179) ~[ozone-manager-1.4.0-SNAPSHOT.jar:?]
	at org.apache.hadoop.hdds.server.OzoneProtocolMessageDispatcher.processRequest(OzoneProtocolMessageDispatcher.java:87) [hdds-server-framework-1.4.0-SNAPSHOT.jar:?]
	at org.apache.hadoop.ozone.protocolPB.OzoneManagerProtocolServerSideTranslatorPB.submitRequest(OzoneManagerProtocolServerSideTranslatorPB.java:148) [ozone-manager-1.4.0-SNAPSHOT.jar:?]
	at org.apache.hadoop.ozone.protocol.proto.OzoneManagerProtocolProtos$OzoneManagerService$2.callBlockingMethod(OzoneManagerProtocolProtos.java) [ozone-interface-client-1.4.0-SNAPSHOT.jar:?]
	at org.apache.hadoop.ipc.ProtobufRpcEngine$Server.processCall(ProtobufRpcEngine.java:484) [hadoop-common-3.3.6.jar:?]
	at org.apache.hadoop.ipc.ProtobufRpcEngine2$Server$ProtoBufRpcInvoker.call(ProtobufRpcEngine2.java:595) [hadoop-common-3.3.6.jar:?]
	at org.apache.hadoop.ipc.ProtobufRpcEngine2$Server$ProtoBufRpcInvoker.call(ProtobufRpcEngine2.java:573) [hadoop-common-3.3.6.jar:?]
	at org.apache.hadoop.ipc.RPC$Server.call(RPC.java:1227) [hadoop-common-3.3.6.jar:?]
	at org.apache.hadoop.ipc.Server$RpcCall.run(Server.java:1094) [hadoop-common-3.3.6.jar:?]
	at org.apache.hadoop.ipc.Server$RpcCall.run(Server.java:1017) [hadoop-common-3.3.6.jar:?]
	at java.security.AccessController.doPrivileged(Native Method) ~[?:1.8.0_382]
	at javax.security.auth.Subject.doAs(Subject.java:422) [?:1.8.0_382]
	at org.apache.hadoop.security.UserGroupInformation.doAs(UserGroupInformation.java:1899) [hadoop-common-3.3.6.jar:?]
	at org.apache.hadoop.ipc.Server$Handler.run(Server.java:3048) [hadoop-common-3.3.6.jar:?]
11:16:42.805 [IPC Server handler 9 on default port 15004] ERROR OMAudit - user=runner | ip=127.0.0.1 | op=GET_FILE_STATUS {volume=volume76163, bucket=bucket78113, key=gdir1/dir3/child, dataSize=0, replicationConfig=null} | ret=FAILURE
org.apache.hadoop.ozone.om.exceptions.OMException: Unable to get file status: volume: volume76163 bucket: bucket78113 key: gdir1/dir3/child
	at org.apache.hadoop.ozone.om.KeyManagerImpl.getOzoneFileStatus(KeyManagerImpl.java:1195) ~[ozone-manager-1.4.0-SNAPSHOT.jar:?]
	at org.apache.hadoop.ozone.om.KeyManagerImpl.getFileStatus(KeyManagerImpl.java:1113) ~[ozone-manager-1.4.0-SNAPSHOT.jar:?]
	at org.apache.hadoop.ozone.om.OmMetadataReader.getFileStatus(OmMetadataReader.java:262) ~[ozone-manager-1.4.0-SNAPSHOT.jar:?]
	at org.apache.hadoop.ozone.om.OzoneManager.getFileStatus(OzoneManager.java:3530) ~[ozone-manager-1.4.0-SNAPSHOT.jar:?]
	at org.apache.hadoop.ozone.protocolPB.OzoneManagerRequestHandler.getOzoneFileStatus(OzoneManagerRequestHandler.java:971) ~[ozone-manager-1.4.0-SNAPSHOT.jar:?]
	at org.apache.hadoop.ozone.protocolPB.OzoneManagerRequestHandler.handleReadRequest(OzoneManagerRequestHandler.java:250) ~[ozone-manager-1.4.0-SNAPSHOT.jar:?]
	at org.apache.hadoop.ozone.protocolPB.OzoneManagerProtocolServerSideTranslatorPB.submitReadRequestToOM(OzoneManagerProtocolServerSideTranslatorPB.java:225) ~[ozone-manager-1.4.0-SNAPSHOT.jar:?]
	at org.apache.hadoop.ozone.protocolPB.OzoneManagerProtocolServerSideTranslatorPB.processRequest(OzoneManagerProtocolServerSideTranslatorPB.java:179) ~[ozone-manager-1.4.0-SNAPSHOT.jar:?]
	at org.apache.hadoop.hdds.server.OzoneProtocolMessageDispatcher.processRequest(OzoneProtocolMessageDispatcher.java:87) [hdds-server-framework-1.4.0-SNAPSHOT.jar:?]
	at org.apache.hadoop.ozone.protocolPB.OzoneManagerProtocolServerSideTranslatorPB.submitRequest(OzoneManagerProtocolServerSideTranslatorPB.java:148) [ozone-manager-1.4.0-SNAPSHOT.jar:?]
	at org.apache.hadoop.ozone.protocol.proto.OzoneManagerProtocolProtos$OzoneManagerService$2.callBlockingMethod(OzoneManagerProtocolProtos.java) [ozone-interface-client-1.4.0-SNAPSHOT.jar:?]
	at org.apache.hadoop.ipc.ProtobufRpcEngine$Server.processCall(ProtobufRpcEngine.java:484) [hadoop-common-3.3.6.jar:?]
	at org.apache.hadoop.ipc.ProtobufRpcEngine2$Server$ProtoBufRpcInvoker.call(ProtobufRpcEngine2.java:595) [hadoop-common-3.3.6.jar:?]
	at org.apache.hadoop.ipc.ProtobufRpcEngine2$Server$ProtoBufRpcInvoker.call(ProtobufRpcEngine2.java:573) [hadoop-common-3.3.6.jar:?]
	at org.apache.hadoop.ipc.RPC$Server.call(RPC.java:1227) [hadoop-common-3.3.6.jar:?]
	at org.apache.hadoop.ipc.Server$RpcCall.run(Server.java:1094) [hadoop-common-3.3.6.jar:?]
	at org.apache.hadoop.ipc.Server$RpcCall.run(Server.java:1017) [hadoop-common-3.3.6.jar:?]
	at java.security.AccessController.doPrivileged(Native Method) ~[?:1.8.0_382]
	at javax.security.auth.Subject.doAs(Subject.java:422) [?:1.8.0_382]
	at org.apache.hadoop.security.UserGroupInformation.doAs(UserGroupInformation.java:1899) [hadoop-common-3.3.6.jar:?]
	at org.apache.hadoop.ipc.Server$Handler.run(Server.java:3048) [hadoop-common-3.3.6.jar:?]
11:16:42.807 [IPC Server handler 12 on default port 15004] ERROR OMAudit - user=runner | ip=127.0.0.1 | op=GET_FILE_STATUS {volume=volume76163, bucket=bucket78113, key=gdir1/dir4, dataSize=0, replicationConfig=null} | ret=FAILURE
org.apache.hadoop.ozone.om.exceptions.OMException: Unable to get file status: volume: volume76163 bucket: bucket78113 key: gdir1/dir4
	at org.apache.hadoop.ozone.om.KeyManagerImpl.getOzoneFileStatus(KeyManagerImpl.java:1195) ~[ozone-manager-1.4.0-SNAPSHOT.jar:?]
	at org.apache.hadoop.ozone.om.KeyManagerImpl.getFileStatus(KeyManagerImpl.java:1113) ~[ozone-manager-1.4.0-SNAPSHOT.jar:?]
	at org.apache.hadoop.ozone.om.OmMetadataReader.getFileStatus(OmMetadataReader.java:262) ~[ozone-manager-1.4.0-SNAPSHOT.jar:?]
	at org.apache.hadoop.ozone.om.OzoneManager.getFileStatus(OzoneManager.java:3530) ~[ozone-manager-1.4.0-SNAPSHOT.jar:?]
	at org.apache.hadoop.ozone.protocolPB.OzoneManagerRequestHandler.getOzoneFileStatus(OzoneManagerRequestHandler.java:971) ~[ozone-manager-1.4.0-SNAPSHOT.jar:?]
	at org.apache.hadoop.ozone.protocolPB.OzoneManagerRequestHandler.handleReadRequest(OzoneManagerRequestHandler.java:250) ~[ozone-manager-1.4.0-SNAPSHOT.jar:?]
	at org.apache.hadoop.ozone.protocolPB.OzoneManagerProtocolServerSideTranslatorPB.submitReadRequestToOM(OzoneManagerProtocolServerSideTranslatorPB.java:225) ~[ozone-manager-1.4.0-SNAPSHOT.jar:?]
	at org.apache.hadoop.ozone.protocolPB.OzoneManagerProtocolServerSideTranslatorPB.processRequest(OzoneManagerProtocolServerSideTranslatorPB.java:179) ~[ozone-manager-1.4.0-SNAPSHOT.jar:?]
	at org.apache.hadoop.hdds.server.OzoneProtocolMessageDispatcher.processRequest(OzoneProtocolMessageDispatcher.java:87) [hdds-server-framework-1.4.0-SNAPSHOT.jar:?]
	at org.apache.hadoop.ozone.protocolPB.OzoneManagerProtocolServerSideTranslatorPB.submitRequest(OzoneManagerProtocolServerSideTranslatorPB.java:148) [ozone-manager-1.4.0-SNAPSHOT.jar:?]
	at org.apache.hadoop.ozone.protocol.proto.OzoneManagerProtocolProtos$OzoneManagerService$2.callBlockingMethod(OzoneManagerProtocolProtos.java) [ozone-interface-client-1.4.0-SNAPSHOT.jar:?]
	at org.apache.hadoop.ipc.ProtobufRpcEngine$Server.processCall(ProtobufRpcEngine.java:484) [hadoop-common-3.3.6.jar:?]
	at org.apache.hadoop.ipc.ProtobufRpcEngine2$Server$ProtoBufRpcInvoker.call(ProtobufRpcEngine2.java:595) [hadoop-common-3.3.6.jar:?]
	at org.apache.hadoop.ipc.ProtobufRpcEngine2$Server$ProtoBufRpcInvoker.call(ProtobufRpcEngine2.java:573) [hadoop-common-3.3.6.jar:?]
	at org.apache.hadoop.ipc.RPC$Server.call(RPC.java:1227) [hadoop-common-3.3.6.jar:?]
	at org.apache.hadoop.ipc.Server$RpcCall.run(Server.java:1094) [hadoop-common-3.3.6.jar:?]
	at org.apache.hadoop.ipc.Server$RpcCall.run(Server.java:1017) [hadoop-common-3.3.6.jar:?]
	at java.security.AccessController.doPrivileged(Native Method) ~[?:1.8.0_382]
	at javax.security.auth.Subject.doAs(Subject.java:422) [?:1.8.0_382]
	at org.apache.hadoop.security.UserGroupInformation.doAs(UserGroupInformation.java:1899) [hadoop-common-3.3.6.jar:?]
	at org.apache.hadoop.ipc.Server$Handler.run(Server.java:3048) [hadoop-common-3.3.6.jar:?]
11:16:42.809 [IPC Server handler 2 on default port 15004] ERROR OMAudit - user=runner | ip=127.0.0.1 | op=GET_FILE_STATUS {volume=volume76163, bucket=bucket78113, key=gdir1/dir4/child, dataSize=0, replicationConfig=null} | ret=FAILURE
org.apache.hadoop.ozone.om.exceptions.OMException: Unable to get file status: volume: volume76163 bucket: bucket78113 key: gdir1/dir4/child
	at org.apache.hadoop.ozone.om.KeyManagerImpl.getOzoneFileStatus(KeyManagerImpl.java:1195) ~[ozone-manager-1.4.0-SNAPSHOT.jar:?]
	at org.apache.hadoop.ozone.om.KeyManagerImpl.getFileStatus(KeyManagerImpl.java:1113) ~[ozone-manager-1.4.0-SNAPSHOT.jar:?]
	at org.apache.hadoop.ozone.om.OmMetadataReader.getFileStatus(OmMetadataReader.java:262) ~[ozone-manager-1.4.0-SNAPSHOT.jar:?]
	at org.apache.hadoop.ozone.om.OzoneManager.getFileStatus(OzoneManager.java:3530) ~[ozone-manager-1.4.0-SNAPSHOT.jar:?]
	at org.apache.hadoop.ozone.protocolPB.OzoneManagerRequestHandler.getOzoneFileStatus(OzoneManagerRequestHandler.java:971) ~[ozone-manager-1.4.0-SNAPSHOT.jar:?]
	at org.apache.hadoop.ozone.protocolPB.OzoneManagerRequestHandler.handleReadRequest(OzoneManagerRequestHandler.java:250) ~[ozone-manager-1.4.0-SNAPSHOT.jar:?]
	at org.apache.hadoop.ozone.protocolPB.OzoneManagerProtocolServerSideTranslatorPB.submitReadRequestToOM(OzoneManagerProtocolServerSideTranslatorPB.java:225) ~[ozone-manager-1.4.0-SNAPSHOT.jar:?]
	at org.apache.hadoop.ozone.protocolPB.OzoneManagerProtocolServerSideTranslatorPB.processRequest(OzoneManagerProtocolServerSideTranslatorPB.java:179) ~[ozone-manager-1.4.0-SNAPSHOT.jar:?]
	at org.apache.hadoop.hdds.server.OzoneProtocolMessageDispatcher.processRequest(OzoneProtocolMessageDispatcher.java:87) [hdds-server-framework-1.4.0-SNAPSHOT.jar:?]
	at org.apache.hadoop.ozone.protocolPB.OzoneManagerProtocolServerSideTranslatorPB.submitRequest(OzoneManagerProtocolServerSideTranslatorPB.java:148) [ozone-manager-1.4.0-SNAPSHOT.jar:?]
	at org.apache.hadoop.ozone.protocol.proto.OzoneManagerProtocolProtos$OzoneManagerService$2.callBlockingMethod(OzoneManagerProtocolProtos.java) [ozone-interface-client-1.4.0-SNAPSHOT.jar:?]
	at org.apache.hadoop.ipc.ProtobufRpcEngine$Server.processCall(ProtobufRpcEngine.java:484) [hadoop-common-3.3.6.jar:?]
	at org.apache.hadoop.ipc.ProtobufRpcEngine2$Server$ProtoBufRpcInvoker.call(ProtobufRpcEngine2.java:595) [hadoop-common-3.3.6.jar:?]
	at org.apache.hadoop.ipc.ProtobufRpcEngine2$Server$ProtoBufRpcInvoker.call(ProtobufRpcEngine2.java:573) [hadoop-common-3.3.6.jar:?]
	at org.apache.hadoop.ipc.RPC$Server.call(RPC.java:1227) [hadoop-common-3.3.6.jar:?]
	at org.apache.hadoop.ipc.Server$RpcCall.run(Server.java:1094) [hadoop-common-3.3.6.jar:?]
	at org.apache.hadoop.ipc.Server$RpcCall.run(Server.java:1017) [hadoop-common-3.3.6.jar:?]
	at java.security.AccessController.doPrivileged(Native Method) ~[?:1.8.0_382]
	at javax.security.auth.Subject.doAs(Subject.java:422) [?:1.8.0_382]
	at org.apache.hadoop.security.UserGroupInformation.doAs(UserGroupInformation.java:1899) [hadoop-common-3.3.6.jar:?]
	at org.apache.hadoop.ipc.Server$Handler.run(Server.java:3048) [hadoop-common-3.3.6.jar:?]
11:16:42.812 [IPC Server handler 4 on default port 15004] ERROR OMAudit - user=runner | ip=127.0.0.1 | op=GET_FILE_STATUS {volume=volume76163, bucket=bucket78113, key=gdir1/dir5, dataSize=0, replicationConfig=null} | ret=FAILURE
org.apache.hadoop.ozone.om.exceptions.OMException: Unable to get file status: volume: volume76163 bucket: bucket78113 key: gdir1/dir5
	at org.apache.hadoop.ozone.om.KeyManagerImpl.getOzoneFileStatus(KeyManagerImpl.java:1195) ~[ozone-manager-1.4.0-SNAPSHOT.jar:?]
	at org.apache.hadoop.ozone.om.KeyManagerImpl.getFileStatus(KeyManagerImpl.java:1113) ~[ozone-manager-1.4.0-SNAPSHOT.jar:?]
	at org.apache.hadoop.ozone.om.OmMetadataReader.getFileStatus(OmMetadataReader.java:262) ~[ozone-manager-1.4.0-SNAPSHOT.jar:?]
	at org.apache.hadoop.ozone.om.OzoneManager.getFileStatus(OzoneManager.java:3530) ~[ozone-manager-1.4.0-SNAPSHOT.jar:?]
	at org.apache.hadoop.ozone.protocolPB.OzoneManagerRequestHandler.getOzoneFileStatus(OzoneManagerRequestHandler.java:971) ~[ozone-manager-1.4.0-SNAPSHOT.jar:?]
	at org.apache.hadoop.ozone.protocolPB.OzoneManagerRequestHandler.handleReadRequest(OzoneManagerRequestHandler.java:250) ~[ozone-manager-1.4.0-SNAPSHOT.jar:?]
	at org.apache.hadoop.ozone.protocolPB.OzoneManagerProtocolServerSideTranslatorPB.submitReadRequestToOM(OzoneManagerProtocolServerSideTranslatorPB.java:225) ~[ozone-manager-1.4.0-SNAPSHOT.jar:?]
	at org.apache.hadoop.ozone.protocolPB.OzoneManagerProtocolServerSideTranslatorPB.processRequest(OzoneManagerProtocolServerSideTranslatorPB.java:179) ~[ozone-manager-1.4.0-SNAPSHOT.jar:?]
	at org.apache.hadoop.hdds.server.OzoneProtocolMessageDispatcher.processRequest(OzoneProtocolMessageDispatcher.java:87) [hdds-server-framework-1.4.0-SNAPSHOT.jar:?]
	at org.apache.hadoop.ozone.protocolPB.OzoneManagerProtocolServerSideTranslatorPB.submitRequest(OzoneManagerProtocolServerSideTranslatorPB.java:148) [ozone-manager-1.4.0-SNAPSHOT.jar:?]
	at org.apache.hadoop.ozone.protocol.proto.OzoneManagerProtocolProtos$OzoneManagerService$2.callBlockingMethod(OzoneManagerProtocolProtos.java) [ozone-interface-client-1.4.0-SNAPSHOT.jar:?]
	at org.apache.hadoop.ipc.ProtobufRpcEngine$Server.processCall(ProtobufRpcEngine.java:484) [hadoop-common-3.3.6.jar:?]
	at org.apache.hadoop.ipc.ProtobufRpcEngine2$Server$ProtoBufRpcInvoker.call(ProtobufRpcEngine2.java:595) [hadoop-common-3.3.6.jar:?]
	at org.apache.hadoop.ipc.ProtobufRpcEngine2$Server$ProtoBufRpcInvoker.call(ProtobufRpcEngine2.java:573) [hadoop-common-3.3.6.jar:?]
	at org.apache.hadoop.ipc.RPC$Server.call(RPC.java:1227) [hadoop-common-3.3.6.jar:?]
	at org.apache.hadoop.ipc.Server$RpcCall.run(Server.java:1094) [hadoop-common-3.3.6.jar:?]
	at org.apache.hadoop.ipc.Server$RpcCall.run(Server.java:1017) [hadoop-common-3.3.6.jar:?]
	at java.security.AccessController.doPrivileged(Native Method) ~[?:1.8.0_382]
	at javax.security.auth.Subject.doAs(Subject.java:422) [?:1.8.0_382]
	at org.apache.hadoop.security.UserGroupInformation.doAs(UserGroupInformation.java:1899) [hadoop-common-3.3.6.jar:?]
	at org.apache.hadoop.ipc.Server$Handler.run(Server.java:3048) [hadoop-common-3.3.6.jar:?]
11:16:42.814 [IPC Server handler 15 on default port 15004] ERROR OMAudit - user=runner | ip=127.0.0.1 | op=GET_FILE_STATUS {volume=volume76163, bucket=bucket78113, key=gdir1/dir5/child, dataSize=0, replicationConfig=null} | ret=FAILURE
org.apache.hadoop.ozone.om.exceptions.OMException: Unable to get file status: volume: volume76163 bucket: bucket78113 key: gdir1/dir5/child
	at org.apache.hadoop.ozone.om.KeyManagerImpl.getOzoneFileStatus(KeyManagerImpl.java:1195) ~[ozone-manager-1.4.0-SNAPSHOT.jar:?]
	at org.apache.hadoop.ozone.om.KeyManagerImpl.getFileStatus(KeyManagerImpl.java:1113) ~[ozone-manager-1.4.0-SNAPSHOT.jar:?]
	at org.apache.hadoop.ozone.om.OmMetadataReader.getFileStatus(OmMetadataReader.java:262) ~[ozone-manager-1.4.0-SNAPSHOT.jar:?]
	at org.apache.hadoop.ozone.om.OzoneManager.getFileStatus(OzoneManager.java:3530) ~[ozone-manager-1.4.0-SNAPSHOT.jar:?]
	at org.apache.hadoop.ozone.protocolPB.OzoneManagerRequestHandler.getOzoneFileStatus(OzoneManagerRequestHandler.java:971) ~[ozone-manager-1.4.0-SNAPSHOT.jar:?]
	at org.apache.hadoop.ozone.protocolPB.OzoneManagerRequestHandler.handleReadRequest(OzoneManagerRequestHandler.java:250) ~[ozone-manager-1.4.0-SNAPSHOT.jar:?]
	at org.apache.hadoop.ozone.protocolPB.OzoneManagerProtocolServerSideTranslatorPB.submitReadRequestToOM(OzoneManagerProtocolServerSideTranslatorPB.java:225) ~[ozone-manager-1.4.0-SNAPSHOT.jar:?]
	at org.apache.hadoop.ozone.protocolPB.OzoneManagerProtocolServerSideTranslatorPB.processRequest(OzoneManagerProtocolServerSideTranslatorPB.java:179) ~[ozone-manager-1.4.0-SNAPSHOT.jar:?]
	at org.apache.hadoop.hdds.server.OzoneProtocolMessageDispatcher.processRequest(OzoneProtocolMessageDispatcher.java:87) [hdds-server-framework-1.4.0-SNAPSHOT.jar:?]
	at org.apache.hadoop.ozone.protocolPB.OzoneManagerProtocolServerSideTranslatorPB.submitRequest(OzoneManagerProtocolServerSideTranslatorPB.java:148) [ozone-manager-1.4.0-SNAPSHOT.jar:?]
	at org.apache.hadoop.ozone.protocol.proto.OzoneManagerProtocolProtos$OzoneManagerService$2.callBlockingMethod(OzoneManagerProtocolProtos.java) [ozone-interface-client-1.4.0-SNAPSHOT.jar:?]
	at org.apache.hadoop.ipc.ProtobufRpcEngine$Server.processCall(ProtobufRpcEngine.java:484) [hadoop-common-3.3.6.jar:?]
	at org.apache.hadoop.ipc.ProtobufRpcEngine2$Server$ProtoBufRpcInvoker.call(ProtobufRpcEngine2.java:595) [hadoop-common-3.3.6.jar:?]
	at org.apache.hadoop.ipc.ProtobufRpcEngine2$Server$ProtoBufRpcInvoker.call(ProtobufRpcEngine2.java:573) [hadoop-common-3.3.6.jar:?]
	at org.apache.hadoop.ipc.RPC$Server.call(RPC.java:1227) [hadoop-common-3.3.6.jar:?]
	at org.apache.hadoop.ipc.Server$RpcCall.run(Server.java:1094) [hadoop-common-3.3.6.jar:?]
	at org.apache.hadoop.ipc.Server$RpcCall.run(Server.java:1017) [hadoop-common-3.3.6.jar:?]
	at java.security.AccessController.doPrivileged(Native Method) ~[?:1.8.0_382]
	at javax.security.auth.Subject.doAs(Subject.java:422) [?:1.8.0_382]
	at org.apache.hadoop.security.UserGroupInformation.doAs(UserGroupInformation.java:1899) [hadoop-common-3.3.6.jar:?]
	at org.apache.hadoop.ipc.Server$Handler.run(Server.java:3048) [hadoop-common-3.3.6.jar:?]
11:16:42.816 [IPC Server handler 3 on default port 15004] ERROR OMAudit - user=runner | ip=127.0.0.1 | op=GET_FILE_STATUS {volume=volume76163, bucket=bucket78113, key=gdir1/dir6, dataSize=0, replicationConfig=null} | ret=FAILURE
org.apache.hadoop.ozone.om.exceptions.OMException: Unable to get file status: volume: volume76163 bucket: bucket78113 key: gdir1/dir6
	at org.apache.hadoop.ozone.om.KeyManagerImpl.getOzoneFileStatus(KeyManagerImpl.java:1195) ~[ozone-manager-1.4.0-SNAPSHOT.jar:?]
	at org.apache.hadoop.ozone.om.KeyManagerImpl.getFileStatus(KeyManagerImpl.java:1113) ~[ozone-manager-1.4.0-SNAPSHOT.jar:?]
	at org.apache.hadoop.ozone.om.OmMetadataReader.getFileStatus(OmMetadataReader.java:262) ~[ozone-manager-1.4.0-SNAPSHOT.jar:?]
	at org.apache.hadoop.ozone.om.OzoneManager.getFileStatus(OzoneManager.java:3530) ~[ozone-manager-1.4.0-SNAPSHOT.jar:?]
	at org.apache.hadoop.ozone.protocolPB.OzoneManagerRequestHandler.getOzoneFileStatus(OzoneManagerRequestHandler.java:971) ~[ozone-manager-1.4.0-SNAPSHOT.jar:?]
	at org.apache.hadoop.ozone.protocolPB.OzoneManagerRequestHandler.handleReadRequest(OzoneManagerRequestHandler.java:250) ~[ozone-manager-1.4.0-SNAPSHOT.jar:?]
	at org.apache.hadoop.ozone.protocolPB.OzoneManagerProtocolServerSideTranslatorPB.submitReadRequestToOM(OzoneManagerProtocolServerSideTranslatorPB.java:225) ~[ozone-manager-1.4.0-SNAPSHOT.jar:?]
	at org.apache.hadoop.ozone.protocolPB.OzoneManagerProtocolServerSideTranslatorPB.processRequest(OzoneManagerProtocolServerSideTranslatorPB.java:179) ~[ozone-manager-1.4.0-SNAPSHOT.jar:?]
	at org.apache.hadoop.hdds.server.OzoneProtocolMessageDispatcher.processRequest(OzoneProtocolMessageDispatcher.java:87) [hdds-server-framework-1.4.0-SNAPSHOT.jar:?]
	at org.apache.hadoop.ozone.protocolPB.OzoneManagerProtocolServerSideTranslatorPB.submitRequest(OzoneManagerProtocolServerSideTranslatorPB.java:148) [ozone-manager-1.4.0-SNAPSHOT.jar:?]
	at org.apache.hadoop.ozone.protocol.proto.OzoneManagerProtocolProtos$OzoneManagerService$2.callBlockingMethod(OzoneManagerProtocolProtos.java) [ozone-interface-client-1.4.0-SNAPSHOT.jar:?]
	at org.apache.hadoop.ipc.ProtobufRpcEngine$Server.processCall(ProtobufRpcEngine.java:484) [hadoop-common-3.3.6.jar:?]
	at org.apache.hadoop.ipc.ProtobufRpcEngine2$Server$ProtoBufRpcInvoker.call(ProtobufRpcEngine2.java:595) [hadoop-common-3.3.6.jar:?]
	at org.apache.hadoop.ipc.ProtobufRpcEngine2$Server$ProtoBufRpcInvoker.call(ProtobufRpcEngine2.java:573) [hadoop-common-3.3.6.jar:?]
	at org.apache.hadoop.ipc.RPC$Server.call(RPC.java:1227) [hadoop-common-3.3.6.jar:?]
	at org.apache.hadoop.ipc.Server$RpcCall.run(Server.java:1094) [hadoop-common-3.3.6.jar:?]
	at org.apache.hadoop.ipc.Server$RpcCall.run(Server.java:1017) [hadoop-common-3.3.6.jar:?]
	at java.security.AccessController.doPrivileged(Native Method) ~[?:1.8.0_382]
	at javax.security.auth.Subject.doAs(Subject.java:422) [?:1.8.0_382]
	at org.apache.hadoop.security.UserGroupInformation.doAs(UserGroupInformation.java:1899) [hadoop-common-3.3.6.jar:?]
	at org.apache.hadoop.ipc.Server$Handler.run(Server.java:3048) [hadoop-common-3.3.6.jar:?]
11:16:42.818 [IPC Server handler 1 on default port 15004] ERROR OMAudit - user=runner | ip=127.0.0.1 | op=GET_FILE_STATUS {volume=volume76163, bucket=bucket78113, key=gdir1/dir6/child, dataSize=0, replicationConfig=null} | ret=FAILURE
org.apache.hadoop.ozone.om.exceptions.OMException: Unable to get file status: volume: volume76163 bucket: bucket78113 key: gdir1/dir6/child
	at org.apache.hadoop.ozone.om.KeyManagerImpl.getOzoneFileStatus(KeyManagerImpl.java:1195) ~[ozone-manager-1.4.0-SNAPSHOT.jar:?]
	at org.apache.hadoop.ozone.om.KeyManagerImpl.getFileStatus(KeyManagerImpl.java:1113) ~[ozone-manager-1.4.0-SNAPSHOT.jar:?]
	at org.apache.hadoop.ozone.om.OmMetadataReader.getFileStatus(OmMetadataReader.java:262) ~[ozone-manager-1.4.0-SNAPSHOT.jar:?]
	at org.apache.hadoop.ozone.om.OzoneManager.getFileStatus(OzoneManager.java:3530) ~[ozone-manager-1.4.0-SNAPSHOT.jar:?]
	at org.apache.hadoop.ozone.protocolPB.OzoneManagerRequestHandler.getOzoneFileStatus(OzoneManagerRequestHandler.java:971) ~[ozone-manager-1.4.0-SNAPSHOT.jar:?]
	at org.apache.hadoop.ozone.protocolPB.OzoneManagerRequestHandler.handleReadRequest(OzoneManagerRequestHandler.java:250) ~[ozone-manager-1.4.0-SNAPSHOT.jar:?]
	at org.apache.hadoop.ozone.protocolPB.OzoneManagerProtocolServerSideTranslatorPB.submitReadRequestToOM(OzoneManagerProtocolServerSideTranslatorPB.java:225) ~[ozone-manager-1.4.0-SNAPSHOT.jar:?]
	at org.apache.hadoop.ozone.protocolPB.OzoneManagerProtocolServerSideTranslatorPB.processRequest(OzoneManagerProtocolServerSideTranslatorPB.java:179) ~[ozone-manager-1.4.0-SNAPSHOT.jar:?]
	at org.apache.hadoop.hdds.server.OzoneProtocolMessageDispatcher.processRequest(OzoneProtocolMessageDispatcher.java:87) [hdds-server-framework-1.4.0-SNAPSHOT.jar:?]
	at org.apache.hadoop.ozone.protocolPB.OzoneManagerProtocolServerSideTranslatorPB.submitRequest(OzoneManagerProtocolServerSideTranslatorPB.java:148) [ozone-manager-1.4.0-SNAPSHOT.jar:?]
	at org.apache.hadoop.ozone.protocol.proto.OzoneManagerProtocolProtos$OzoneManagerService$2.callBlockingMethod(OzoneManagerProtocolProtos.java) [ozone-interface-client-1.4.0-SNAPSHOT.jar:?]
	at org.apache.hadoop.ipc.ProtobufRpcEngine$Server.processCall(ProtobufRpcEngine.java:484) [hadoop-common-3.3.6.jar:?]
	at org.apache.hadoop.ipc.ProtobufRpcEngine2$Server$ProtoBufRpcInvoker.call(ProtobufRpcEngine2.java:595) [hadoop-common-3.3.6.jar:?]
	at org.apache.hadoop.ipc.ProtobufRpcEngine2$Server$ProtoBufRpcInvoker.call(ProtobufRpcEngine2.java:573) [hadoop-common-3.3.6.jar:?]
	at org.apache.hadoop.ipc.RPC$Server.call(RPC.java:1227) [hadoop-common-3.3.6.jar:?]
	at org.apache.hadoop.ipc.Server$RpcCall.run(Server.java:1094) [hadoop-common-3.3.6.jar:?]
	at org.apache.hadoop.ipc.Server$RpcCall.run(Server.java:1017) [hadoop-common-3.3.6.jar:?]
	at java.security.AccessController.doPrivileged(Native Method) ~[?:1.8.0_382]
	at javax.security.auth.Subject.doAs(Subject.java:422) [?:1.8.0_382]
	at org.apache.hadoop.security.UserGroupInformation.doAs(UserGroupInformation.java:1899) [hadoop-common-3.3.6.jar:?]
	at org.apache.hadoop.ipc.Server$Handler.run(Server.java:3048) [hadoop-common-3.3.6.jar:?]
11:16:42.820 [IPC Server handler 0 on default port 15004] ERROR OMAudit - user=runner | ip=127.0.0.1 | op=GET_FILE_STATUS {volume=volume76163, bucket=bucket78113, key=gdir1/dir7, dataSize=0, replicationConfig=null} | ret=FAILURE
org.apache.hadoop.ozone.om.exceptions.OMException: Unable to get file status: volume: volume76163 bucket: bucket78113 key: gdir1/dir7
	at org.apache.hadoop.ozone.om.KeyManagerImpl.getOzoneFileStatus(KeyManagerImpl.java:1195) ~[ozone-manager-1.4.0-SNAPSHOT.jar:?]
	at org.apache.hadoop.ozone.om.KeyManagerImpl.getFileStatus(KeyManagerImpl.java:1113) ~[ozone-manager-1.4.0-SNAPSHOT.jar:?]
	at org.apache.hadoop.ozone.om.OmMetadataReader.getFileStatus(OmMetadataReader.java:262) ~[ozone-manager-1.4.0-SNAPSHOT.jar:?]
	at org.apache.hadoop.ozone.om.OzoneManager.getFileStatus(OzoneManager.java:3530) ~[ozone-manager-1.4.0-SNAPSHOT.jar:?]
	at org.apache.hadoop.ozone.protocolPB.OzoneManagerRequestHandler.getOzoneFileStatus(OzoneManagerRequestHandler.java:971) ~[ozone-manager-1.4.0-SNAPSHOT.jar:?]
	at org.apache.hadoop.ozone.protocolPB.OzoneManagerRequestHandler.handleReadRequest(OzoneManagerRequestHandler.java:250) ~[ozone-manager-1.4.0-SNAPSHOT.jar:?]
	at org.apache.hadoop.ozone.protocolPB.OzoneManagerProtocolServerSideTranslatorPB.submitReadRequestToOM(OzoneManagerProtocolServerSideTranslatorPB.java:225) ~[ozone-manager-1.4.0-SNAPSHOT.jar:?]
	at org.apache.hadoop.ozone.protocolPB.OzoneManagerProtocolServerSideTranslatorPB.processRequest(OzoneManagerProtocolServerSideTranslatorPB.java:179) ~[ozone-manager-1.4.0-SNAPSHOT.jar:?]
	at org.apache.hadoop.hdds.server.OzoneProtocolMessageDispatcher.processRequest(OzoneProtocolMessageDispatcher.java:87) [hdds-server-framework-1.4.0-SNAPSHOT.jar:?]
	at org.apache.hadoop.ozone.protocolPB.OzoneManagerProtocolServerSideTranslatorPB.submitRequest(OzoneManagerProtocolServerSideTranslatorPB.java:148) [ozone-manager-1.4.0-SNAPSHOT.jar:?]
	at org.apache.hadoop.ozone.protocol.proto.OzoneManagerProtocolProtos$OzoneManagerService$2.callBlockingMethod(OzoneManagerProtocolProtos.java) [ozone-interface-client-1.4.0-SNAPSHOT.jar:?]
	at org.apache.hadoop.ipc.ProtobufRpcEngine$Server.processCall(ProtobufRpcEngine.java:484) [hadoop-common-3.3.6.jar:?]
	at org.apache.hadoop.ipc.ProtobufRpcEngine2$Server$ProtoBufRpcInvoker.call(ProtobufRpcEngine2.java:595) [hadoop-common-3.3.6.jar:?]
	at org.apache.hadoop.ipc.ProtobufRpcEngine2$Server$ProtoBufRpcInvoker.call(ProtobufRpcEngine2.java:573) [hadoop-common-3.3.6.jar:?]
	at org.apache.hadoop.ipc.RPC$Server.call(RPC.java:1227) [hadoop-common-3.3.6.jar:?]
	at org.apache.hadoop.ipc.Server$RpcCall.run(Server.java:1094) [hadoop-common-3.3.6.jar:?]
	at org.apache.hadoop.ipc.Server$RpcCall.run(Server.java:1017) [hadoop-common-3.3.6.jar:?]
	at java.security.AccessController.doPrivileged(Native Method) ~[?:1.8.0_382]
	at javax.security.auth.Subject.doAs(Subject.java:422) [?:1.8.0_382]
	at org.apache.hadoop.security.UserGroupInformation.doAs(UserGroupInformation.java:1899) [hadoop-common-3.3.6.jar:?]
	at org.apache.hadoop.ipc.Server$Handler.run(Server.java:3048) [hadoop-common-3.3.6.jar:?]
11:16:42.822 [IPC Server handler 8 on default port 15004] ERROR OMAudit - user=runner | ip=127.0.0.1 | op=GET_FILE_STATUS {volume=volume76163, bucket=bucket78113, key=gdir1/dir7/child, dataSize=0, replicationConfig=null} | ret=FAILURE
org.apache.hadoop.ozone.om.exceptions.OMException: Unable to get file status: volume: volume76163 bucket: bucket78113 key: gdir1/dir7/child
	at org.apache.hadoop.ozone.om.KeyManagerImpl.getOzoneFileStatus(KeyManagerImpl.java:1195) ~[ozone-manager-1.4.0-SNAPSHOT.jar:?]
	at org.apache.hadoop.ozone.om.KeyManagerImpl.getFileStatus(KeyManagerImpl.java:1113) ~[ozone-manager-1.4.0-SNAPSHOT.jar:?]
	at org.apache.hadoop.ozone.om.OmMetadataReader.getFileStatus(OmMetadataReader.java:262) ~[ozone-manager-1.4.0-SNAPSHOT.jar:?]
	at org.apache.hadoop.ozone.om.OzoneManager.getFileStatus(OzoneManager.java:3530) ~[ozone-manager-1.4.0-SNAPSHOT.jar:?]
	at org.apache.hadoop.ozone.protocolPB.OzoneManagerRequestHandler.getOzoneFileStatus(OzoneManagerRequestHandler.java:971) ~[ozone-manager-1.4.0-SNAPSHOT.jar:?]
	at org.apache.hadoop.ozone.protocolPB.OzoneManagerRequestHandler.handleReadRequest(OzoneManagerRequestHandler.java:250) ~[ozone-manager-1.4.0-SNAPSHOT.jar:?]
	at org.apache.hadoop.ozone.protocolPB.OzoneManagerProtocolServerSideTranslatorPB.submitReadRequestToOM(OzoneManagerProtocolServerSideTranslatorPB.java:225) ~[ozone-manager-1.4.0-SNAPSHOT.jar:?]
	at org.apache.hadoop.ozone.protocolPB.OzoneManagerProtocolServerSideTranslatorPB.processRequest(OzoneManagerProtocolServerSideTranslatorPB.java:179) ~[ozone-manager-1.4.0-SNAPSHOT.jar:?]
	at org.apache.hadoop.hdds.server.OzoneProtocolMessageDispatcher.processRequest(OzoneProtocolMessageDispatcher.java:87) [hdds-server-framework-1.4.0-SNAPSHOT.jar:?]
	at org.apache.hadoop.ozone.protocolPB.OzoneManagerProtocolServerSideTranslatorPB.submitRequest(OzoneManagerProtocolServerSideTranslatorPB.java:148) [ozone-manager-1.4.0-SNAPSHOT.jar:?]
	at org.apache.hadoop.ozone.protocol.proto.OzoneManagerProtocolProtos$OzoneManagerService$2.callBlockingMethod(OzoneManagerProtocolProtos.java) [ozone-interface-client-1.4.0-SNAPSHOT.jar:?]
	at org.apache.hadoop.ipc.ProtobufRpcEngine$Server.processCall(ProtobufRpcEngine.java:484) [hadoop-common-3.3.6.jar:?]
	at org.apache.hadoop.ipc.ProtobufRpcEngine2$Server$ProtoBufRpcInvoker.call(ProtobufRpcEngine2.java:595) [hadoop-common-3.3.6.jar:?]
	at org.apache.hadoop.ipc.ProtobufRpcEngine2$Server$ProtoBufRpcInvoker.call(ProtobufRpcEngine2.java:573) [hadoop-common-3.3.6.jar:?]
	at org.apache.hadoop.ipc.RPC$Server.call(RPC.java:1227) [hadoop-common-3.3.6.jar:?]
	at org.apache.hadoop.ipc.Server$RpcCall.run(Server.java:1094) [hadoop-common-3.3.6.jar:?]
	at org.apache.hadoop.ipc.Server$RpcCall.run(Server.java:1017) [hadoop-common-3.3.6.jar:?]
	at java.security.AccessController.doPrivileged(Native Method) ~[?:1.8.0_382]
	at javax.security.auth.Subject.doAs(Subject.java:422) [?:1.8.0_382]
	at org.apache.hadoop.security.UserGroupInformation.doAs(UserGroupInformation.java:1899) [hadoop-common-3.3.6.jar:?]
	at org.apache.hadoop.ipc.Server$Handler.run(Server.java:3048) [hadoop-common-3.3.6.jar:?]
11:16:42.826 [IPC Server handler 10 on default port 15004] ERROR OMAudit - user=runner | ip=127.0.0.1 | op=GET_FILE_STATUS {volume=volume76163, bucket=bucket78113, key=gdir1/dir8, dataSize=0, replicationConfig=null} | ret=FAILURE
org.apache.hadoop.ozone.om.exceptions.OMException: Unable to get file status: volume: volume76163 bucket: bucket78113 key: gdir1/dir8
	at org.apache.hadoop.ozone.om.KeyManagerImpl.getOzoneFileStatus(KeyManagerImpl.java:1195) ~[ozone-manager-1.4.0-SNAPSHOT.jar:?]
	at org.apache.hadoop.ozone.om.KeyManagerImpl.getFileStatus(KeyManagerImpl.java:1113) ~[ozone-manager-1.4.0-SNAPSHOT.jar:?]
	at org.apache.hadoop.ozone.om.OmMetadataReader.getFileStatus(OmMetadataReader.java:262) ~[ozone-manager-1.4.0-SNAPSHOT.jar:?]
	at org.apache.hadoop.ozone.om.OzoneManager.getFileStatus(OzoneManager.java:3530) ~[ozone-manager-1.4.0-SNAPSHOT.jar:?]
	at org.apache.hadoop.ozone.protocolPB.OzoneManagerRequestHandler.getOzoneFileStatus(OzoneManagerRequestHandler.java:971) ~[ozone-manager-1.4.0-SNAPSHOT.jar:?]
	at org.apache.hadoop.ozone.protocolPB.OzoneManagerRequestHandler.handleReadRequest(OzoneManagerRequestHandler.java:250) ~[ozone-manager-1.4.0-SNAPSHOT.jar:?]
	at org.apache.hadoop.ozone.protocolPB.OzoneManagerProtocolServerSideTranslatorPB.submitReadRequestToOM(OzoneManagerProtocolServerSideTranslatorPB.java:225) ~[ozone-manager-1.4.0-SNAPSHOT.jar:?]
	at org.apache.hadoop.ozone.protocolPB.OzoneManagerProtocolServerSideTranslatorPB.processRequest(OzoneManagerProtocolServerSideTranslatorPB.java:179) ~[ozone-manager-1.4.0-SNAPSHOT.jar:?]
	at org.apache.hadoop.hdds.server.OzoneProtocolMessageDispatcher.processRequest(OzoneProtocolMessageDispatcher.java:87) [hdds-server-framework-1.4.0-SNAPSHOT.jar:?]
	at org.apache.hadoop.ozone.protocolPB.OzoneManagerProtocolServerSideTranslatorPB.submitRequest(OzoneManagerProtocolServerSideTranslatorPB.java:148) [ozone-manager-1.4.0-SNAPSHOT.jar:?]
	at org.apache.hadoop.ozone.protocol.proto.OzoneManagerProtocolProtos$OzoneManagerService$2.callBlockingMethod(OzoneManagerProtocolProtos.java) [ozone-interface-client-1.4.0-SNAPSHOT.jar:?]
	at org.apache.hadoop.ipc.ProtobufRpcEngine$Server.processCall(ProtobufRpcEngine.java:484) [hadoop-common-3.3.6.jar:?]
	at org.apache.hadoop.ipc.ProtobufRpcEngine2$Server$ProtoBufRpcInvoker.call(ProtobufRpcEngine2.java:595) [hadoop-common-3.3.6.jar:?]
	at org.apache.hadoop.ipc.ProtobufRpcEngine2$Server$ProtoBufRpcInvoker.call(ProtobufRpcEngine2.java:573) [hadoop-common-3.3.6.jar:?]
	at org.apache.hadoop.ipc.RPC$Server.call(RPC.java:1227) [hadoop-common-3.3.6.jar:?]
	at org.apache.hadoop.ipc.Server$RpcCall.run(Server.java:1094) [hadoop-common-3.3.6.jar:?]
	at org.apache.hadoop.ipc.Server$RpcCall.run(Server.java:1017) [hadoop-common-3.3.6.jar:?]
	at java.security.AccessController.doPrivileged(Native Method) ~[?:1.8.0_382]
	at javax.security.auth.Subject.doAs(Subject.java:422) [?:1.8.0_382]
	at org.apache.hadoop.security.UserGroupInformation.doAs(UserGroupInformation.java:1899) [hadoop-common-3.3.6.jar:?]
	at org.apache.hadoop.ipc.Server$Handler.run(Server.java:3048) [hadoop-common-3.3.6.jar:?]
11:16:42.830 [IPC Server handler 6 on default port 15004] ERROR OMAudit - user=runner | ip=127.0.0.1 | op=GET_FILE_STATUS {volume=volume76163, bucket=bucket78113, key=gdir1/dir8/child, dataSize=0, replicationConfig=null} | ret=FAILURE
org.apache.hadoop.ozone.om.exceptions.OMException: Unable to get file status: volume: volume76163 bucket: bucket78113 key: gdir1/dir8/child
	at org.apache.hadoop.ozone.om.KeyManagerImpl.getOzoneFileStatus(KeyManagerImpl.java:1195) ~[ozone-manager-1.4.0-SNAPSHOT.jar:?]
	at org.apache.hadoop.ozone.om.KeyManagerImpl.getFileStatus(KeyManagerImpl.java:1113) ~[ozone-manager-1.4.0-SNAPSHOT.jar:?]
	at org.apache.hadoop.ozone.om.OmMetadataReader.getFileStatus(OmMetadataReader.java:262) ~[ozone-manager-1.4.0-SNAPSHOT.jar:?]
	at org.apache.hadoop.ozone.om.OzoneManager.getFileStatus(OzoneManager.java:3530) ~[ozone-manager-1.4.0-SNAPSHOT.jar:?]
	at org.apache.hadoop.ozone.protocolPB.OzoneManagerRequestHandler.getOzoneFileStatus(OzoneManagerRequestHandler.java:971) ~[ozone-manager-1.4.0-SNAPSHOT.jar:?]
	at org.apache.hadoop.ozone.protocolPB.OzoneManagerRequestHandler.handleReadRequest(OzoneManagerRequestHandler.java:250) ~[ozone-manager-1.4.0-SNAPSHOT.jar:?]
	at org.apache.hadoop.ozone.protocolPB.OzoneManagerProtocolServerSideTranslatorPB.submitReadRequestToOM(OzoneManagerProtocolServerSideTranslatorPB.java:225) ~[ozone-manager-1.4.0-SNAPSHOT.jar:?]
	at org.apache.hadoop.ozone.protocolPB.OzoneManagerProtocolServerSideTranslatorPB.processRequest(OzoneManagerProtocolServerSideTranslatorPB.java:179) ~[ozone-manager-1.4.0-SNAPSHOT.jar:?]
	at org.apache.hadoop.hdds.server.OzoneProtocolMessageDispatcher.processRequest(OzoneProtocolMessageDispatcher.java:87) [hdds-server-framework-1.4.0-SNAPSHOT.jar:?]
	at org.apache.hadoop.ozone.protocolPB.OzoneManagerProtocolServerSideTranslatorPB.submitRequest(OzoneManagerProtocolServerSideTranslatorPB.java:148) [ozone-manager-1.4.0-SNAPSHOT.jar:?]
	at org.apache.hadoop.ozone.protocol.proto.OzoneManagerProtocolProtos$OzoneManagerService$2.callBlockingMethod(OzoneManagerProtocolProtos.java) [ozone-interface-client-1.4.0-SNAPSHOT.jar:?]
	at org.apache.hadoop.ipc.ProtobufRpcEngine$Server.processCall(ProtobufRpcEngine.java:484) [hadoop-common-3.3.6.jar:?]
	at org.apache.hadoop.ipc.ProtobufRpcEngine2$Server$ProtoBufRpcInvoker.call(ProtobufRpcEngine2.java:595) [hadoop-common-3.3.6.jar:?]
	at org.apache.hadoop.ipc.ProtobufRpcEngine2$Server$ProtoBufRpcInvoker.call(ProtobufRpcEngine2.java:573) [hadoop-common-3.3.6.jar:?]
	at org.apache.hadoop.ipc.RPC$Server.call(RPC.java:1227) [hadoop-common-3.3.6.jar:?]
	at org.apache.hadoop.ipc.Server$RpcCall.run(Server.java:1094) [hadoop-common-3.3.6.jar:?]
	at org.apache.hadoop.ipc.Server$RpcCall.run(Server.java:1017) [hadoop-common-3.3.6.jar:?]
	at java.security.AccessController.doPrivileged(Native Method) ~[?:1.8.0_382]
	at javax.security.auth.Subject.doAs(Subject.java:422) [?:1.8.0_382]
	at org.apache.hadoop.security.UserGroupInformation.doAs(UserGroupInformation.java:1899) [hadoop-common-3.3.6.jar:?]
	at org.apache.hadoop.ipc.Server$Handler.run(Server.java:3048) [hadoop-common-3.3.6.jar:?]
11:16:42.832 [IPC Server handler 13 on default port 15004] ERROR OMAudit - user=runner | ip=127.0.0.1 | op=GET_FILE_STATUS {volume=volume76163, bucket=bucket78113, key=gdir1/dir9, dataSize=0, replicationConfig=null} | ret=FAILURE
org.apache.hadoop.ozone.om.exceptions.OMException: Unable to get file status: volume: volume76163 bucket: bucket78113 key: gdir1/dir9
	at org.apache.hadoop.ozone.om.KeyManagerImpl.getOzoneFileStatus(KeyManagerImpl.java:1195) ~[ozone-manager-1.4.0-SNAPSHOT.jar:?]
	at org.apache.hadoop.ozone.om.KeyManagerImpl.getFileStatus(KeyManagerImpl.java:1113) ~[ozone-manager-1.4.0-SNAPSHOT.jar:?]
	at org.apache.hadoop.ozone.om.OmMetadataReader.getFileStatus(OmMetadataReader.java:262) ~[ozone-manager-1.4.0-SNAPSHOT.jar:?]
	at org.apache.hadoop.ozone.om.OzoneManager.getFileStatus(OzoneManager.java:3530) ~[ozone-manager-1.4.0-SNAPSHOT.jar:?]
	at org.apache.hadoop.ozone.protocolPB.OzoneManagerRequestHandler.getOzoneFileStatus(OzoneManagerRequestHandler.java:971) ~[ozone-manager-1.4.0-SNAPSHOT.jar:?]
	at org.apache.hadoop.ozone.protocolPB.OzoneManagerRequestHandler.handleReadRequest(OzoneManagerRequestHandler.java:250) ~[ozone-manager-1.4.0-SNAPSHOT.jar:?]
	at org.apache.hadoop.ozone.protocolPB.OzoneManagerProtocolServerSideTranslatorPB.submitReadRequestToOM(OzoneManagerProtocolServerSideTranslatorPB.java:225) ~[ozone-manager-1.4.0-SNAPSHOT.jar:?]
	at org.apache.hadoop.ozone.protocolPB.OzoneManagerProtocolServerSideTranslatorPB.processRequest(OzoneManagerProtocolServerSideTranslatorPB.java:179) ~[ozone-manager-1.4.0-SNAPSHOT.jar:?]
	at org.apache.hadoop.hdds.server.OzoneProtocolMessageDispatcher.processRequest(OzoneProtocolMessageDispatcher.java:87) [hdds-server-framework-1.4.0-SNAPSHOT.jar:?]
	at org.apache.hadoop.ozone.protocolPB.OzoneManagerProtocolServerSideTranslatorPB.submitRequest(OzoneManagerProtocolServerSideTranslatorPB.java:148) [ozone-manager-1.4.0-SNAPSHOT.jar:?]
	at org.apache.hadoop.ozone.protocol.proto.OzoneManagerProtocolProtos$OzoneManagerService$2.callBlockingMethod(OzoneManagerProtocolProtos.java) [ozone-interface-client-1.4.0-SNAPSHOT.jar:?]
	at org.apache.hadoop.ipc.ProtobufRpcEngine$Server.processCall(ProtobufRpcEngine.java:484) [hadoop-common-3.3.6.jar:?]
	at org.apache.hadoop.ipc.ProtobufRpcEngine2$Server$ProtoBufRpcInvoker.call(ProtobufRpcEngine2.java:595) [hadoop-common-3.3.6.jar:?]
	at org.apache.hadoop.ipc.ProtobufRpcEngine2$Server$ProtoBufRpcInvoker.call(ProtobufRpcEngine2.java:573) [hadoop-common-3.3.6.jar:?]
	at org.apache.hadoop.ipc.RPC$Server.call(RPC.java:1227) [hadoop-common-3.3.6.jar:?]
	at org.apache.hadoop.ipc.Server$RpcCall.run(Server.java:1094) [hadoop-common-3.3.6.jar:?]
	at org.apache.hadoop.ipc.Server$RpcCall.run(Server.java:1017) [hadoop-common-3.3.6.jar:?]
	at java.security.AccessController.doPrivileged(Native Method) ~[?:1.8.0_382]
	at javax.security.auth.Subject.doAs(Subject.java:422) [?:1.8.0_382]
	at org.apache.hadoop.security.UserGroupInformation.doAs(UserGroupInformation.java:1899) [hadoop-common-3.3.6.jar:?]
	at org.apache.hadoop.ipc.Server$Handler.run(Server.java:3048) [hadoop-common-3.3.6.jar:?]
11:16:42.834 [IPC Server handler 18 on default port 15004] ERROR OMAudit - user=runner | ip=127.0.0.1 | op=GET_FILE_STATUS {volume=volume76163, bucket=bucket78113, key=gdir1/dir9/child, dataSize=0, replicationConfig=null} | ret=FAILURE
org.apache.hadoop.ozone.om.exceptions.OMException: Unable to get file status: volume: volume76163 bucket: bucket78113 key: gdir1/dir9/child
	at org.apache.hadoop.ozone.om.KeyManagerImpl.getOzoneFileStatus(KeyManagerImpl.java:1195) ~[ozone-manager-1.4.0-SNAPSHOT.jar:?]
	at org.apache.hadoop.ozone.om.KeyManagerImpl.getFileStatus(KeyManagerImpl.java:1113) ~[ozone-manager-1.4.0-SNAPSHOT.jar:?]
	at org.apache.hadoop.ozone.om.OmMetadataReader.getFileStatus(OmMetadataReader.java:262) ~[ozone-manager-1.4.0-SNAPSHOT.jar:?]
	at org.apache.hadoop.ozone.om.OzoneManager.getFileStatus(OzoneManager.java:3530) ~[ozone-manager-1.4.0-SNAPSHOT.jar:?]
	at org.apache.hadoop.ozone.protocolPB.OzoneManagerRequestHandler.getOzoneFileStatus(OzoneManagerRequestHandler.java:971) ~[ozone-manager-1.4.0-SNAPSHOT.jar:?]
	at org.apache.hadoop.ozone.protocolPB.OzoneManagerRequestHandler.handleReadRequest(OzoneManagerRequestHandler.java:250) ~[ozone-manager-1.4.0-SNAPSHOT.jar:?]
	at org.apache.hadoop.ozone.protocolPB.OzoneManagerProtocolServerSideTranslatorPB.submitReadRequestToOM(OzoneManagerProtocolServerSideTranslatorPB.java:225) ~[ozone-manager-1.4.0-SNAPSHOT.jar:?]
	at org.apache.hadoop.ozone.protocolPB.OzoneManagerProtocolServerSideTranslatorPB.processRequest(OzoneManagerProtocolServerSideTranslatorPB.java:179) ~[ozone-manager-1.4.0-SNAPSHOT.jar:?]
	at org.apache.hadoop.hdds.server.OzoneProtocolMessageDispatcher.processRequest(OzoneProtocolMessageDispatcher.java:87) [hdds-server-framework-1.4.0-SNAPSHOT.jar:?]
	at org.apache.hadoop.ozone.protocolPB.OzoneManagerProtocolServerSideTranslatorPB.submitRequest(OzoneManagerProtocolServerSideTranslatorPB.java:148) [ozone-manager-1.4.0-SNAPSHOT.jar:?]
	at org.apache.hadoop.ozone.protocol.proto.OzoneManagerProtocolProtos$OzoneManagerService$2.callBlockingMethod(OzoneManagerProtocolProtos.java) [ozone-interface-client-1.4.0-SNAPSHOT.jar:?]
	at org.apache.hadoop.ipc.ProtobufRpcEngine$Server.processCall(ProtobufRpcEngine.java:484) [hadoop-common-3.3.6.jar:?]
	at org.apache.hadoop.ipc.ProtobufRpcEngine2$Server$ProtoBufRpcInvoker.call(ProtobufRpcEngine2.java:595) [hadoop-common-3.3.6.jar:?]
	at org.apache.hadoop.ipc.ProtobufRpcEngine2$Server$ProtoBufRpcInvoker.call(ProtobufRpcEngine2.java:573) [hadoop-common-3.3.6.jar:?]
	at org.apache.hadoop.ipc.RPC$Server.call(RPC.java:1227) [hadoop-common-3.3.6.jar:?]
	at org.apache.hadoop.ipc.Server$RpcCall.run(Server.java:1094) [hadoop-common-3.3.6.jar:?]
	at org.apache.hadoop.ipc.Server$RpcCall.run(Server.java:1017) [hadoop-common-3.3.6.jar:?]
	at java.security.AccessController.doPrivileged(Native Method) ~[?:1.8.0_382]
	at javax.security.auth.Subject.doAs(Subject.java:422) [?:1.8.0_382]
	at org.apache.hadoop.security.UserGroupInformation.doAs(UserGroupInformation.java:1899) [hadoop-common-3.3.6.jar:?]
	at org.apache.hadoop.ipc.Server$Handler.run(Server.java:3048) [hadoop-common-3.3.6.jar:?]
11:16:42.836 [IPC Server handler 14 on default port 15004] ERROR OMAudit - user=runner | ip=127.0.0.1 | op=GET_FILE_STATUS {volume=volume76163, bucket=bucket78113, key=gdir1/dir10, dataSize=0, replicationConfig=null} | ret=FAILURE
org.apache.hadoop.ozone.om.exceptions.OMException: Unable to get file status: volume: volume76163 bucket: bucket78113 key: gdir1/dir10
	at org.apache.hadoop.ozone.om.KeyManagerImpl.getOzoneFileStatus(KeyManagerImpl.java:1195) ~[ozone-manager-1.4.0-SNAPSHOT.jar:?]
	at org.apache.hadoop.ozone.om.KeyManagerImpl.getFileStatus(KeyManagerImpl.java:1113) ~[ozone-manager-1.4.0-SNAPSHOT.jar:?]
	at org.apache.hadoop.ozone.om.OmMetadataReader.getFileStatus(OmMetadataReader.java:262) ~[ozone-manager-1.4.0-SNAPSHOT.jar:?]
	at org.apache.hadoop.ozone.om.OzoneManager.getFileStatus(OzoneManager.java:3530) ~[ozone-manager-1.4.0-SNAPSHOT.jar:?]
	at org.apache.hadoop.ozone.protocolPB.OzoneManagerRequestHandler.getOzoneFileStatus(OzoneManagerRequestHandler.java:971) ~[ozone-manager-1.4.0-SNAPSHOT.jar:?]
	at org.apache.hadoop.ozone.protocolPB.OzoneManagerRequestHandler.handleReadRequest(OzoneManagerRequestHandler.java:250) ~[ozone-manager-1.4.0-SNAPSHOT.jar:?]
	at org.apache.hadoop.ozone.protocolPB.OzoneManagerProtocolServerSideTranslatorPB.submitReadRequestToOM(OzoneManagerProtocolServerSideTranslatorPB.java:225) ~[ozone-manager-1.4.0-SNAPSHOT.jar:?]
	at org.apache.hadoop.ozone.protocolPB.OzoneManagerProtocolServerSideTranslatorPB.processRequest(OzoneManagerProtocolServerSideTranslatorPB.java:179) ~[ozone-manager-1.4.0-SNAPSHOT.jar:?]
	at org.apache.hadoop.hdds.server.OzoneProtocolMessageDispatcher.processRequest(OzoneProtocolMessageDispatcher.java:87) [hdds-server-framework-1.4.0-SNAPSHOT.jar:?]
	at org.apache.hadoop.ozone.protocolPB.OzoneManagerProtocolServerSideTranslatorPB.submitRequest(OzoneManagerProtocolServerSideTranslatorPB.java:148) [ozone-manager-1.4.0-SNAPSHOT.jar:?]
	at org.apache.hadoop.ozone.protocol.proto.OzoneManagerProtocolProtos$OzoneManagerService$2.callBlockingMethod(OzoneManagerProtocolProtos.java) [ozone-interface-client-1.4.0-SNAPSHOT.jar:?]
	at org.apache.hadoop.ipc.ProtobufRpcEngine$Server.processCall(ProtobufRpcEngine.java:484) [hadoop-common-3.3.6.jar:?]
	at org.apache.hadoop.ipc.ProtobufRpcEngine2$Server$ProtoBufRpcInvoker.call(ProtobufRpcEngine2.java:595) [hadoop-common-3.3.6.jar:?]
	at org.apache.hadoop.ipc.ProtobufRpcEngine2$Server$ProtoBufRpcInvoker.call(ProtobufRpcEngine2.java:573) [hadoop-common-3.3.6.jar:?]
	at org.apache.hadoop.ipc.RPC$Server.call(RPC.java:1227) [hadoop-common-3.3.6.jar:?]
	at org.apache.hadoop.ipc.Server$RpcCall.run(Server.java:1094) [hadoop-common-3.3.6.jar:?]
	at org.apache.hadoop.ipc.Server$RpcCall.run(Server.java:1017) [hadoop-common-3.3.6.jar:?]
	at java.security.AccessController.doPrivileged(Native Method) ~[?:1.8.0_382]
	at javax.security.auth.Subject.doAs(Subject.java:422) [?:1.8.0_382]
	at org.apache.hadoop.security.UserGroupInformation.doAs(UserGroupInformation.java:1899) [hadoop-common-3.3.6.jar:?]
	at org.apache.hadoop.ipc.Server$Handler.run(Server.java:3048) [hadoop-common-3.3.6.jar:?]
11:16:42.838 [IPC Server handler 17 on default port 15004] ERROR OMAudit - user=runner | ip=127.0.0.1 | op=GET_FILE_STATUS {volume=volume76163, bucket=bucket78113, key=gdir1/dir10/child, dataSize=0, replicationConfig=null} | ret=FAILURE
org.apache.hadoop.ozone.om.exceptions.OMException: Unable to get file status: volume: volume76163 bucket: bucket78113 key: gdir1/dir10/child
	at org.apache.hadoop.ozone.om.KeyManagerImpl.getOzoneFileStatus(KeyManagerImpl.java:1195) ~[ozone-manager-1.4.0-SNAPSHOT.jar:?]
	at org.apache.hadoop.ozone.om.KeyManagerImpl.getFileStatus(KeyManagerImpl.java:1113) ~[ozone-manager-1.4.0-SNAPSHOT.jar:?]
	at org.apache.hadoop.ozone.om.OmMetadataReader.getFileStatus(OmMetadataReader.java:262) ~[ozone-manager-1.4.0-SNAPSHOT.jar:?]
	at org.apache.hadoop.ozone.om.OzoneManager.getFileStatus(OzoneManager.java:3530) ~[ozone-manager-1.4.0-SNAPSHOT.jar:?]
	at org.apache.hadoop.ozone.protocolPB.OzoneManagerRequestHandler.getOzoneFileStatus(OzoneManagerRequestHandler.java:971) ~[ozone-manager-1.4.0-SNAPSHOT.jar:?]
	at org.apache.hadoop.ozone.protocolPB.OzoneManagerRequestHandler.handleReadRequest(OzoneManagerRequestHandler.java:250) ~[ozone-manager-1.4.0-SNAPSHOT.jar:?]
	at org.apache.hadoop.ozone.protocolPB.OzoneManagerProtocolServerSideTranslatorPB.submitReadRequestToOM(OzoneManagerProtocolServerSideTranslatorPB.java:225) ~[ozone-manager-1.4.0-SNAPSHOT.jar:?]
	at org.apache.hadoop.ozone.protocolPB.OzoneManagerProtocolServerSideTranslatorPB.processRequest(OzoneManagerProtocolServerSideTranslatorPB.java:179) ~[ozone-manager-1.4.0-SNAPSHOT.jar:?]
	at org.apache.hadoop.hdds.server.OzoneProtocolMessageDispatcher.processRequest(OzoneProtocolMessageDispatcher.java:87) [hdds-server-framework-1.4.0-SNAPSHOT.jar:?]
	at org.apache.hadoop.ozone.protocolPB.OzoneManagerProtocolServerSideTranslatorPB.submitRequest(OzoneManagerProtocolServerSideTranslatorPB.java:148) [ozone-manager-1.4.0-SNAPSHOT.jar:?]
	at org.apache.hadoop.ozone.protocol.proto.OzoneManagerProtocolProtos$OzoneManagerService$2.callBlockingMethod(OzoneManagerProtocolProtos.java) [ozone-interface-client-1.4.0-SNAPSHOT.jar:?]
	at org.apache.hadoop.ipc.ProtobufRpcEngine$Server.processCall(ProtobufRpcEngine.java:484) [hadoop-common-3.3.6.jar:?]
	at org.apache.hadoop.ipc.ProtobufRpcEngine2$Server$ProtoBufRpcInvoker.call(ProtobufRpcEngine2.java:595) [hadoop-common-3.3.6.jar:?]
	at org.apache.hadoop.ipc.ProtobufRpcEngine2$Server$ProtoBufRpcInvoker.call(ProtobufRpcEngine2.java:573) [hadoop-common-3.3.6.jar:?]
	at org.apache.hadoop.ipc.RPC$Server.call(RPC.java:1227) [hadoop-common-3.3.6.jar:?]
	at org.apache.hadoop.ipc.Server$RpcCall.run(Server.java:1094) [hadoop-common-3.3.6.jar:?]
	at org.apache.hadoop.ipc.Server$RpcCall.run(Server.java:1017) [hadoop-common-3.3.6.jar:?]
	at java.security.AccessController.doPrivileged(Native Method) ~[?:1.8.0_382]
	at javax.security.auth.Subject.doAs(Subject.java:422) [?:1.8.0_382]
	at org.apache.hadoop.security.UserGroupInformation.doAs(UserGroupInformation.java:1899) [hadoop-common-3.3.6.jar:?]
	at org.apache.hadoop.ipc.Server$Handler.run(Server.java:3048) [hadoop-common-3.3.6.jar:?]
11:16:43.079 [IPC Server handler 8 on default port 15004] ERROR OMAudit - user=runner | ip=127.0.0.1 | op=GET_FILE_STATUS {volume=volume76163, bucket=bucket78113, key=level0, dataSize=0, replicationConfig=null} | ret=FAILURE
org.apache.hadoop.ozone.om.exceptions.OMException: Unable to get file status: volume: volume76163 bucket: bucket78113 key: level0
	at org.apache.hadoop.ozone.om.KeyManagerImpl.getOzoneFileStatus(KeyManagerImpl.java:1195) ~[ozone-manager-1.4.0-SNAPSHOT.jar:?]
	at org.apache.hadoop.ozone.om.KeyManagerImpl.getFileStatus(KeyManagerImpl.java:1113) ~[ozone-manager-1.4.0-SNAPSHOT.jar:?]
	at org.apache.hadoop.ozone.om.OmMetadataReader.getFileStatus(OmMetadataReader.java:262) ~[ozone-manager-1.4.0-SNAPSHOT.jar:?]
	at org.apache.hadoop.ozone.om.OzoneManager.getFileStatus(OzoneManager.java:3530) ~[ozone-manager-1.4.0-SNAPSHOT.jar:?]
	at org.apache.hadoop.ozone.protocolPB.OzoneManagerRequestHandler.getOzoneFileStatus(OzoneManagerRequestHandler.java:971) ~[ozone-manager-1.4.0-SNAPSHOT.jar:?]
	at org.apache.hadoop.ozone.protocolPB.OzoneManagerRequestHandler.handleReadRequest(OzoneManagerRequestHandler.java:250) ~[ozone-manager-1.4.0-SNAPSHOT.jar:?]
	at org.apache.hadoop.ozone.protocolPB.OzoneManagerProtocolServerSideTranslatorPB.submitReadRequestToOM(OzoneManagerProtocolServerSideTranslatorPB.java:225) ~[ozone-manager-1.4.0-SNAPSHOT.jar:?]
	at org.apache.hadoop.ozone.protocolPB.OzoneManagerProtocolServerSideTranslatorPB.processRequest(OzoneManagerProtocolServerSideTranslatorPB.java:179) ~[ozone-manager-1.4.0-SNAPSHOT.jar:?]
	at org.apache.hadoop.hdds.server.OzoneProtocolMessageDispatcher.processRequest(OzoneProtocolMessageDispatcher.java:87) [hdds-server-framework-1.4.0-SNAPSHOT.jar:?]
	at org.apache.hadoop.ozone.protocolPB.OzoneManagerProtocolServerSideTranslatorPB.submitRequest(OzoneManagerProtocolServerSideTranslatorPB.java:148) [ozone-manager-1.4.0-SNAPSHOT.jar:?]
	at org.apache.hadoop.ozone.protocol.proto.OzoneManagerProtocolProtos$OzoneManagerService$2.callBlockingMethod(OzoneManagerProtocolProtos.java) [ozone-interface-client-1.4.0-SNAPSHOT.jar:?]
	at org.apache.hadoop.ipc.ProtobufRpcEngine$Server.processCall(ProtobufRpcEngine.java:484) [hadoop-common-3.3.6.jar:?]
	at org.apache.hadoop.ipc.ProtobufRpcEngine2$Server$ProtoBufRpcInvoker.call(ProtobufRpcEngine2.java:595) [hadoop-common-3.3.6.jar:?]
	at org.apache.hadoop.ipc.ProtobufRpcEngine2$Server$ProtoBufRpcInvoker.call(ProtobufRpcEngine2.java:573) [hadoop-common-3.3.6.jar:?]
	at org.apache.hadoop.ipc.RPC$Server.call(RPC.java:1227) [hadoop-common-3.3.6.jar:?]
	at org.apache.hadoop.ipc.Server$RpcCall.run(Server.java:1094) [hadoop-common-3.3.6.jar:?]
	at org.apache.hadoop.ipc.Server$RpcCall.run(Server.java:1017) [hadoop-common-3.3.6.jar:?]
	at java.security.AccessController.doPrivileged(Native Method) ~[?:1.8.0_382]
	at javax.security.auth.Subject.doAs(Subject.java:422) [?:1.8.0_382]
	at org.apache.hadoop.security.UserGroupInformation.doAs(UserGroupInformation.java:1899) [hadoop-common-3.3.6.jar:?]
	at org.apache.hadoop.ipc.Server$Handler.run(Server.java:3048) [hadoop-common-3.3.6.jar:?]
11:16:43.083 [IPC Server handler 10 on default port 15004] ERROR OMAudit - user=runner | ip=127.0.0.1 | op=GET_FILE_STATUS {volume=volume76163, bucket=bucket78113, key=level0/level1, dataSize=0, replicationConfig=null} | ret=FAILURE
org.apache.hadoop.ozone.om.exceptions.OMException: Unable to get file status: volume: volume76163 bucket: bucket78113 key: level0/level1
	at org.apache.hadoop.ozone.om.KeyManagerImpl.getOzoneFileStatus(KeyManagerImpl.java:1195) ~[ozone-manager-1.4.0-SNAPSHOT.jar:?]
	at org.apache.hadoop.ozone.om.KeyManagerImpl.getFileStatus(KeyManagerImpl.java:1113) ~[ozone-manager-1.4.0-SNAPSHOT.jar:?]
	at org.apache.hadoop.ozone.om.OmMetadataReader.getFileStatus(OmMetadataReader.java:262) ~[ozone-manager-1.4.0-SNAPSHOT.jar:?]
	at org.apache.hadoop.ozone.om.OzoneManager.getFileStatus(OzoneManager.java:3530) ~[ozone-manager-1.4.0-SNAPSHOT.jar:?]
	at org.apache.hadoop.ozone.protocolPB.OzoneManagerRequestHandler.getOzoneFileStatus(OzoneManagerRequestHandler.java:971) ~[ozone-manager-1.4.0-SNAPSHOT.jar:?]
	at org.apache.hadoop.ozone.protocolPB.OzoneManagerRequestHandler.handleReadRequest(OzoneManagerRequestHandler.java:250) ~[ozone-manager-1.4.0-SNAPSHOT.jar:?]
	at org.apache.hadoop.ozone.protocolPB.OzoneManagerProtocolServerSideTranslatorPB.submitReadRequestToOM(OzoneManagerProtocolServerSideTranslatorPB.java:225) ~[ozone-manager-1.4.0-SNAPSHOT.jar:?]
	at org.apache.hadoop.ozone.protocolPB.OzoneManagerProtocolServerSideTranslatorPB.processRequest(OzoneManagerProtocolServerSideTranslatorPB.java:179) ~[ozone-manager-1.4.0-SNAPSHOT.jar:?]
	at org.apache.hadoop.hdds.server.OzoneProtocolMessageDispatcher.processRequest(OzoneProtocolMessageDispatcher.java:87) [hdds-server-framework-1.4.0-SNAPSHOT.jar:?]
	at org.apache.hadoop.ozone.protocolPB.OzoneManagerProtocolServerSideTranslatorPB.submitRequest(OzoneManagerProtocolServerSideTranslatorPB.java:148) [ozone-manager-1.4.0-SNAPSHOT.jar:?]
	at org.apache.hadoop.ozone.protocol.proto.OzoneManagerProtocolProtos$OzoneManagerService$2.callBlockingMethod(OzoneManagerProtocolProtos.java) [ozone-interface-client-1.4.0-SNAPSHOT.jar:?]
	at org.apache.hadoop.ipc.ProtobufRpcEngine$Server.processCall(ProtobufRpcEngine.java:484) [hadoop-common-3.3.6.jar:?]
	at org.apache.hadoop.ipc.ProtobufRpcEngine2$Server$ProtoBufRpcInvoker.call(ProtobufRpcEngine2.java:595) [hadoop-common-3.3.6.jar:?]
	at org.apache.hadoop.ipc.ProtobufRpcEngine2$Server$ProtoBufRpcInvoker.call(ProtobufRpcEngine2.java:573) [hadoop-common-3.3.6.jar:?]
	at org.apache.hadoop.ipc.RPC$Server.call(RPC.java:1227) [hadoop-common-3.3.6.jar:?]
	at org.apache.hadoop.ipc.Server$RpcCall.run(Server.java:1094) [hadoop-common-3.3.6.jar:?]
	at org.apache.hadoop.ipc.Server$RpcCall.run(Server.java:1017) [hadoop-common-3.3.6.jar:?]
	at java.security.AccessController.doPrivileged(Native Method) ~[?:1.8.0_382]
	at javax.security.auth.Subject.doAs(Subject.java:422) [?:1.8.0_382]
	at org.apache.hadoop.security.UserGroupInformation.doAs(UserGroupInformation.java:1899) [hadoop-common-3.3.6.jar:?]
	at org.apache.hadoop.ipc.Server$Handler.run(Server.java:3048) [hadoop-common-3.3.6.jar:?]
11:16:43.085 [IPC Server handler 6 on default port 15004] ERROR OMAudit - user=runner | ip=127.0.0.1 | op=GET_FILE_STATUS {volume=volume76163, bucket=bucket78113, key=level0/level1/level1, dataSize=0, replicationConfig=null} | ret=FAILURE
org.apache.hadoop.ozone.om.exceptions.OMException: Unable to get file status: volume: volume76163 bucket: bucket78113 key: level0/level1/level1
	at org.apache.hadoop.ozone.om.KeyManagerImpl.getOzoneFileStatus(KeyManagerImpl.java:1195) ~[ozone-manager-1.4.0-SNAPSHOT.jar:?]
	at org.apache.hadoop.ozone.om.KeyManagerImpl.getFileStatus(KeyManagerImpl.java:1113) ~[ozone-manager-1.4.0-SNAPSHOT.jar:?]
	at org.apache.hadoop.ozone.om.OmMetadataReader.getFileStatus(OmMetadataReader.java:262) ~[ozone-manager-1.4.0-SNAPSHOT.jar:?]
	at org.apache.hadoop.ozone.om.OzoneManager.getFileStatus(OzoneManager.java:3530) ~[ozone-manager-1.4.0-SNAPSHOT.jar:?]
	at org.apache.hadoop.ozone.protocolPB.OzoneManagerRequestHandler.getOzoneFileStatus(OzoneManagerRequestHandler.java:971) ~[ozone-manager-1.4.0-SNAPSHOT.jar:?]
	at org.apache.hadoop.ozone.protocolPB.OzoneManagerRequestHandler.handleReadRequest(OzoneManagerRequestHandler.java:250) ~[ozone-manager-1.4.0-SNAPSHOT.jar:?]
	at org.apache.hadoop.ozone.protocolPB.OzoneManagerProtocolServerSideTranslatorPB.submitReadRequestToOM(OzoneManagerProtocolServerSideTranslatorPB.java:225) ~[ozone-manager-1.4.0-SNAPSHOT.jar:?]
	at org.apache.hadoop.ozone.protocolPB.OzoneManagerProtocolServerSideTranslatorPB.processRequest(OzoneManagerProtocolServerSideTranslatorPB.java:179) ~[ozone-manager-1.4.0-SNAPSHOT.jar:?]
	at org.apache.hadoop.hdds.server.OzoneProtocolMessageDispatcher.processRequest(OzoneProtocolMessageDispatcher.java:87) [hdds-server-framework-1.4.0-SNAPSHOT.jar:?]
	at org.apache.hadoop.ozone.protocolPB.OzoneManagerProtocolServerSideTranslatorPB.submitRequest(OzoneManagerProtocolServerSideTranslatorPB.java:148) [ozone-manager-1.4.0-SNAPSHOT.jar:?]
	at org.apache.hadoop.ozone.protocol.proto.OzoneManagerProtocolProtos$OzoneManagerService$2.callBlockingMethod(OzoneManagerProtocolProtos.java) [ozone-interface-client-1.4.0-SNAPSHOT.jar:?]
	at org.apache.hadoop.ipc.ProtobufRpcEngine$Server.processCall(ProtobufRpcEngine.java:484) [hadoop-common-3.3.6.jar:?]
	at org.apache.hadoop.ipc.ProtobufRpcEngine2$Server$ProtoBufRpcInvoker.call(ProtobufRpcEngine2.java:595) [hadoop-common-3.3.6.jar:?]
	at org.apache.hadoop.ipc.ProtobufRpcEngine2$Server$ProtoBufRpcInvoker.call(ProtobufRpcEngine2.java:573) [hadoop-common-3.3.6.jar:?]
	at org.apache.hadoop.ipc.RPC$Server.call(RPC.java:1227) [hadoop-common-3.3.6.jar:?]
	at org.apache.hadoop.ipc.Server$RpcCall.run(Server.java:1094) [hadoop-common-3.3.6.jar:?]
	at org.apache.hadoop.ipc.Server$RpcCall.run(Server.java:1017) [hadoop-common-3.3.6.jar:?]
	at java.security.AccessController.doPrivileged(Native Method) ~[?:1.8.0_382]
	at javax.security.auth.Subject.doAs(Subject.java:422) [?:1.8.0_382]
	at org.apache.hadoop.security.UserGroupInformation.doAs(UserGroupInformation.java:1899) [hadoop-common-3.3.6.jar:?]
	at org.apache.hadoop.ipc.Server$Handler.run(Server.java:3048) [hadoop-common-3.3.6.jar:?]
11:16:43.088 [IPC Server handler 18 on default port 15004] ERROR OMAudit - user=runner | ip=127.0.0.1 | op=GET_FILE_STATUS {volume=volume76163, bucket=bucket78113, key=level0/level1/file1, dataSize=0, replicationConfig=null} | ret=FAILURE
org.apache.hadoop.ozone.om.exceptions.OMException: Unable to get file status: volume: volume76163 bucket: bucket78113 key: level0/level1/file1
	at org.apache.hadoop.ozone.om.KeyManagerImpl.getOzoneFileStatus(KeyManagerImpl.java:1195) ~[ozone-manager-1.4.0-SNAPSHOT.jar:?]
	at org.apache.hadoop.ozone.om.KeyManagerImpl.getFileStatus(KeyManagerImpl.java:1113) ~[ozone-manager-1.4.0-SNAPSHOT.jar:?]
	at org.apache.hadoop.ozone.om.OmMetadataReader.getFileStatus(OmMetadataReader.java:262) ~[ozone-manager-1.4.0-SNAPSHOT.jar:?]
	at org.apache.hadoop.ozone.om.OzoneManager.getFileStatus(OzoneManager.java:3530) ~[ozone-manager-1.4.0-SNAPSHOT.jar:?]
	at org.apache.hadoop.ozone.protocolPB.OzoneManagerRequestHandler.getOzoneFileStatus(OzoneManagerRequestHandler.java:971) ~[ozone-manager-1.4.0-SNAPSHOT.jar:?]
	at org.apache.hadoop.ozone.protocolPB.OzoneManagerRequestHandler.handleReadRequest(OzoneManagerRequestHandler.java:250) ~[ozone-manager-1.4.0-SNAPSHOT.jar:?]
	at org.apache.hadoop.ozone.protocolPB.OzoneManagerProtocolServerSideTranslatorPB.submitReadRequestToOM(OzoneManagerProtocolServerSideTranslatorPB.java:225) ~[ozone-manager-1.4.0-SNAPSHOT.jar:?]
	at org.apache.hadoop.ozone.protocolPB.OzoneManagerProtocolServerSideTranslatorPB.processRequest(OzoneManagerProtocolServerSideTranslatorPB.java:179) ~[ozone-manager-1.4.0-SNAPSHOT.jar:?]
	at org.apache.hadoop.hdds.server.OzoneProtocolMessageDispatcher.processRequest(OzoneProtocolMessageDispatcher.java:87) [hdds-server-framework-1.4.0-SNAPSHOT.jar:?]
	at org.apache.hadoop.ozone.protocolPB.OzoneManagerProtocolServerSideTranslatorPB.submitRequest(OzoneManagerProtocolServerSideTranslatorPB.java:148) [ozone-manager-1.4.0-SNAPSHOT.jar:?]
	at org.apache.hadoop.ozone.protocol.proto.OzoneManagerProtocolProtos$OzoneManagerService$2.callBlockingMethod(OzoneManagerProtocolProtos.java) [ozone-interface-client-1.4.0-SNAPSHOT.jar:?]
	at org.apache.hadoop.ipc.ProtobufRpcEngine$Server.processCall(ProtobufRpcEngine.java:484) [hadoop-common-3.3.6.jar:?]
	at org.apache.hadoop.ipc.ProtobufRpcEngine2$Server$ProtoBufRpcInvoker.call(ProtobufRpcEngine2.java:595) [hadoop-common-3.3.6.jar:?]
	at org.apache.hadoop.ipc.ProtobufRpcEngine2$Server$ProtoBufRpcInvoker.call(ProtobufRpcEngine2.java:573) [hadoop-common-3.3.6.jar:?]
	at org.apache.hadoop.ipc.RPC$Server.call(RPC.java:1227) [hadoop-common-3.3.6.jar:?]
	at org.apache.hadoop.ipc.Server$RpcCall.run(Server.java:1094) [hadoop-common-3.3.6.jar:?]
	at org.apache.hadoop.ipc.Server$RpcCall.run(Server.java:1017) [hadoop-common-3.3.6.jar:?]
	at java.security.AccessController.doPrivileged(Native Method) ~[?:1.8.0_382]
	at javax.security.auth.Subject.doAs(Subject.java:422) [?:1.8.0_382]
	at org.apache.hadoop.security.UserGroupInformation.doAs(UserGroupInformation.java:1899) [hadoop-common-3.3.6.jar:?]
	at org.apache.hadoop.ipc.Server$Handler.run(Server.java:3048) [hadoop-common-3.3.6.jar:?]
11:16:43.090 [IPC Server handler 17 on default port 15004] ERROR OMAudit - user=runner | ip=127.0.0.1 | op=GET_FILE_STATUS {volume=volume76163, bucket=bucket78113, key=level0/level1/level1/file1, dataSize=0, replicationConfig=null} | ret=FAILURE
org.apache.hadoop.ozone.om.exceptions.OMException: Unable to get file status: volume: volume76163 bucket: bucket78113 key: level0/level1/level1/file1
	at org.apache.hadoop.ozone.om.KeyManagerImpl.getOzoneFileStatus(KeyManagerImpl.java:1195) ~[ozone-manager-1.4.0-SNAPSHOT.jar:?]
	at org.apache.hadoop.ozone.om.KeyManagerImpl.getFileStatus(KeyManagerImpl.java:1113) ~[ozone-manager-1.4.0-SNAPSHOT.jar:?]
	at org.apache.hadoop.ozone.om.OmMetadataReader.getFileStatus(OmMetadataReader.java:262) ~[ozone-manager-1.4.0-SNAPSHOT.jar:?]
	at org.apache.hadoop.ozone.om.OzoneManager.getFileStatus(OzoneManager.java:3530) ~[ozone-manager-1.4.0-SNAPSHOT.jar:?]
	at org.apache.hadoop.ozone.protocolPB.OzoneManagerRequestHandler.getOzoneFileStatus(OzoneManagerRequestHandler.java:971) ~[ozone-manager-1.4.0-SNAPSHOT.jar:?]
	at org.apache.hadoop.ozone.protocolPB.OzoneManagerRequestHandler.handleReadRequest(OzoneManagerRequestHandler.java:250) ~[ozone-manager-1.4.0-SNAPSHOT.jar:?]
	at org.apache.hadoop.ozone.protocolPB.OzoneManagerProtocolServerSideTranslatorPB.submitReadRequestToOM(OzoneManagerProtocolServerSideTranslatorPB.java:225) ~[ozone-manager-1.4.0-SNAPSHOT.jar:?]
	at org.apache.hadoop.ozone.protocolPB.OzoneManagerProtocolServerSideTranslatorPB.processRequest(OzoneManagerProtocolServerSideTranslatorPB.java:179) ~[ozone-manager-1.4.0-SNAPSHOT.jar:?]
	at org.apache.hadoop.hdds.server.OzoneProtocolMessageDispatcher.processRequest(OzoneProtocolMessageDispatcher.java:87) [hdds-server-framework-1.4.0-SNAPSHOT.jar:?]
	at org.apache.hadoop.ozone.protocolPB.OzoneManagerProtocolServerSideTranslatorPB.submitRequest(OzoneManagerProtocolServerSideTranslatorPB.java:148) [ozone-manager-1.4.0-SNAPSHOT.jar:?]
	at org.apache.hadoop.ozone.protocol.proto.OzoneManagerProtocolProtos$OzoneManagerService$2.callBlockingMethod(OzoneManagerProtocolProtos.java) [ozone-interface-client-1.4.0-SNAPSHOT.jar:?]
	at org.apache.hadoop.ipc.ProtobufRpcEngine$Server.processCall(ProtobufRpcEngine.java:484) [hadoop-common-3.3.6.jar:?]
	at org.apache.hadoop.ipc.ProtobufRpcEngine2$Server$ProtoBufRpcInvoker.call(ProtobufRpcEngine2.java:595) [hadoop-common-3.3.6.jar:?]
	at org.apache.hadoop.ipc.ProtobufRpcEngine2$Server$ProtoBufRpcInvoker.call(ProtobufRpcEngine2.java:573) [hadoop-common-3.3.6.jar:?]
	at org.apache.hadoop.ipc.RPC$Server.call(RPC.java:1227) [hadoop-common-3.3.6.jar:?]
	at org.apache.hadoop.ipc.Server$RpcCall.run(Server.java:1094) [hadoop-common-3.3.6.jar:?]
	at org.apache.hadoop.ipc.Server$RpcCall.run(Server.java:1017) [hadoop-common-3.3.6.jar:?]
	at java.security.AccessController.doPrivileged(Native Method) ~[?:1.8.0_382]
	at javax.security.auth.Subject.doAs(Subject.java:422) [?:1.8.0_382]
	at org.apache.hadoop.security.UserGroupInformation.doAs(UserGroupInformation.java:1899) [hadoop-common-3.3.6.jar:?]
	at org.apache.hadoop.ipc.Server$Handler.run(Server.java:3048) [hadoop-common-3.3.6.jar:?]
11:16:43.093 [IPC Server handler 14 on default port 15004] ERROR OMAudit - user=runner | ip=127.0.0.1 | op=GET_FILE_STATUS {volume=volume76163, bucket=bucket78113, key=level0/level2, dataSize=0, replicationConfig=null} | ret=FAILURE
org.apache.hadoop.ozone.om.exceptions.OMException: Unable to get file status: volume: volume76163 bucket: bucket78113 key: level0/level2
	at org.apache.hadoop.ozone.om.KeyManagerImpl.getOzoneFileStatus(KeyManagerImpl.java:1195) ~[ozone-manager-1.4.0-SNAPSHOT.jar:?]
	at org.apache.hadoop.ozone.om.KeyManagerImpl.getFileStatus(KeyManagerImpl.java:1113) ~[ozone-manager-1.4.0-SNAPSHOT.jar:?]
	at org.apache.hadoop.ozone.om.OmMetadataReader.getFileStatus(OmMetadataReader.java:262) ~[ozone-manager-1.4.0-SNAPSHOT.jar:?]
	at org.apache.hadoop.ozone.om.OzoneManager.getFileStatus(OzoneManager.java:3530) ~[ozone-manager-1.4.0-SNAPSHOT.jar:?]
	at org.apache.hadoop.ozone.protocolPB.OzoneManagerRequestHandler.getOzoneFileStatus(OzoneManagerRequestHandler.java:971) ~[ozone-manager-1.4.0-SNAPSHOT.jar:?]
	at org.apache.hadoop.ozone.protocolPB.OzoneManagerRequestHandler.handleReadRequest(OzoneManagerRequestHandler.java:250) ~[ozone-manager-1.4.0-SNAPSHOT.jar:?]
	at org.apache.hadoop.ozone.protocolPB.OzoneManagerProtocolServerSideTranslatorPB.submitReadRequestToOM(OzoneManagerProtocolServerSideTranslatorPB.java:225) ~[ozone-manager-1.4.0-SNAPSHOT.jar:?]
	at org.apache.hadoop.ozone.protocolPB.OzoneManagerProtocolServerSideTranslatorPB.processRequest(OzoneManagerProtocolServerSideTranslatorPB.java:179) ~[ozone-manager-1.4.0-SNAPSHOT.jar:?]
	at org.apache.hadoop.hdds.server.OzoneProtocolMessageDispatcher.processRequest(OzoneProtocolMessageDispatcher.java:87) [hdds-server-framework-1.4.0-SNAPSHOT.jar:?]
	at org.apache.hadoop.ozone.protocolPB.OzoneManagerProtocolServerSideTranslatorPB.submitRequest(OzoneManagerProtocolServerSideTranslatorPB.java:148) [ozone-manager-1.4.0-SNAPSHOT.jar:?]
	at org.apache.hadoop.ozone.protocol.proto.OzoneManagerProtocolProtos$OzoneManagerService$2.callBlockingMethod(OzoneManagerProtocolProtos.java) [ozone-interface-client-1.4.0-SNAPSHOT.jar:?]
	at org.apache.hadoop.ipc.ProtobufRpcEngine$Server.processCall(ProtobufRpcEngine.java:484) [hadoop-common-3.3.6.jar:?]
	at org.apache.hadoop.ipc.ProtobufRpcEngine2$Server$ProtoBufRpcInvoker.call(ProtobufRpcEngine2.java:595) [hadoop-common-3.3.6.jar:?]
	at org.apache.hadoop.ipc.ProtobufRpcEngine2$Server$ProtoBufRpcInvoker.call(ProtobufRpcEngine2.java:573) [hadoop-common-3.3.6.jar:?]
	at org.apache.hadoop.ipc.RPC$Server.call(RPC.java:1227) [hadoop-common-3.3.6.jar:?]
	at org.apache.hadoop.ipc.Server$RpcCall.run(Server.java:1094) [hadoop-common-3.3.6.jar:?]
	at org.apache.hadoop.ipc.Server$RpcCall.run(Server.java:1017) [hadoop-common-3.3.6.jar:?]
	at java.security.AccessController.doPrivileged(Native Method) ~[?:1.8.0_382]
	at javax.security.auth.Subject.doAs(Subject.java:422) [?:1.8.0_382]
	at org.apache.hadoop.security.UserGroupInformation.doAs(UserGroupInformation.java:1899) [hadoop-common-3.3.6.jar:?]
	at org.apache.hadoop.ipc.Server$Handler.run(Server.java:3048) [hadoop-common-3.3.6.jar:?]
11:16:43.095 [IPC Server handler 13 on default port 15004] ERROR OMAudit - user=runner | ip=127.0.0.1 | op=GET_FILE_STATUS {volume=volume76163, bucket=bucket78113, key=level0/level2/level2, dataSize=0, replicationConfig=null} | ret=FAILURE
org.apache.hadoop.ozone.om.exceptions.OMException: Unable to get file status: volume: volume76163 bucket: bucket78113 key: level0/level2/level2
	at org.apache.hadoop.ozone.om.KeyManagerImpl.getOzoneFileStatus(KeyManagerImpl.java:1195) ~[ozone-manager-1.4.0-SNAPSHOT.jar:?]
	at org.apache.hadoop.ozone.om.KeyManagerImpl.getFileStatus(KeyManagerImpl.java:1113) ~[ozone-manager-1.4.0-SNAPSHOT.jar:?]
	at org.apache.hadoop.ozone.om.OmMetadataReader.getFileStatus(OmMetadataReader.java:262) ~[ozone-manager-1.4.0-SNAPSHOT.jar:?]
	at org.apache.hadoop.ozone.om.OzoneManager.getFileStatus(OzoneManager.java:3530) ~[ozone-manager-1.4.0-SNAPSHOT.jar:?]
	at org.apache.hadoop.ozone.protocolPB.OzoneManagerRequestHandler.getOzoneFileStatus(OzoneManagerRequestHandler.java:971) ~[ozone-manager-1.4.0-SNAPSHOT.jar:?]
	at org.apache.hadoop.ozone.protocolPB.OzoneManagerRequestHandler.handleReadRequest(OzoneManagerRequestHandler.java:250) ~[ozone-manager-1.4.0-SNAPSHOT.jar:?]
	at org.apache.hadoop.ozone.protocolPB.OzoneManagerProtocolServerSideTranslatorPB.submitReadRequestToOM(OzoneManagerProtocolServerSideTranslatorPB.java:225) ~[ozone-manager-1.4.0-SNAPSHOT.jar:?]
	at org.apache.hadoop.ozone.protocolPB.OzoneManagerProtocolServerSideTranslatorPB.processRequest(OzoneManagerProtocolServerSideTranslatorPB.java:179) ~[ozone-manager-1.4.0-SNAPSHOT.jar:?]
	at org.apache.hadoop.hdds.server.OzoneProtocolMessageDispatcher.processRequest(OzoneProtocolMessageDispatcher.java:87) [hdds-server-framework-1.4.0-SNAPSHOT.jar:?]
	at org.apache.hadoop.ozone.protocolPB.OzoneManagerProtocolServerSideTranslatorPB.submitRequest(OzoneManagerProtocolServerSideTranslatorPB.java:148) [ozone-manager-1.4.0-SNAPSHOT.jar:?]
	at org.apache.hadoop.ozone.protocol.proto.OzoneManagerProtocolProtos$OzoneManagerService$2.callBlockingMethod(OzoneManagerProtocolProtos.java) [ozone-interface-client-1.4.0-SNAPSHOT.jar:?]
	at org.apache.hadoop.ipc.ProtobufRpcEngine$Server.processCall(ProtobufRpcEngine.java:484) [hadoop-common-3.3.6.jar:?]
	at org.apache.hadoop.ipc.ProtobufRpcEngine2$Server$ProtoBufRpcInvoker.call(ProtobufRpcEngine2.java:595) [hadoop-common-3.3.6.jar:?]
	at org.apache.hadoop.ipc.ProtobufRpcEngine2$Server$ProtoBufRpcInvoker.call(ProtobufRpcEngine2.java:573) [hadoop-common-3.3.6.jar:?]
	at org.apache.hadoop.ipc.RPC$Server.call(RPC.java:1227) [hadoop-common-3.3.6.jar:?]
	at org.apache.hadoop.ipc.Server$RpcCall.run(Server.java:1094) [hadoop-common-3.3.6.jar:?]
	at org.apache.hadoop.ipc.Server$RpcCall.run(Server.java:1017) [hadoop-common-3.3.6.jar:?]
	at java.security.AccessController.doPrivileged(Native Method) ~[?:1.8.0_382]
	at javax.security.auth.Subject.doAs(Subject.java:422) [?:1.8.0_382]
	at org.apache.hadoop.security.UserGroupInformation.doAs(UserGroupInformation.java:1899) [hadoop-common-3.3.6.jar:?]
	at org.apache.hadoop.ipc.Server$Handler.run(Server.java:3048) [hadoop-common-3.3.6.jar:?]
11:16:43.098 [IPC Server handler 19 on default port 15004] ERROR OMAudit - user=runner | ip=127.0.0.1 | op=GET_FILE_STATUS {volume=volume76163, bucket=bucket78113, key=level0/level2/file1, dataSize=0, replicationConfig=null} | ret=FAILURE
org.apache.hadoop.ozone.om.exceptions.OMException: Unable to get file status: volume: volume76163 bucket: bucket78113 key: level0/level2/file1
	at org.apache.hadoop.ozone.om.KeyManagerImpl.getOzoneFileStatus(KeyManagerImpl.java:1195) ~[ozone-manager-1.4.0-SNAPSHOT.jar:?]
	at org.apache.hadoop.ozone.om.KeyManagerImpl.getFileStatus(KeyManagerImpl.java:1113) ~[ozone-manager-1.4.0-SNAPSHOT.jar:?]
	at org.apache.hadoop.ozone.om.OmMetadataReader.getFileStatus(OmMetadataReader.java:262) ~[ozone-manager-1.4.0-SNAPSHOT.jar:?]
	at org.apache.hadoop.ozone.om.OzoneManager.getFileStatus(OzoneManager.java:3530) ~[ozone-manager-1.4.0-SNAPSHOT.jar:?]
	at org.apache.hadoop.ozone.protocolPB.OzoneManagerRequestHandler.getOzoneFileStatus(OzoneManagerRequestHandler.java:971) ~[ozone-manager-1.4.0-SNAPSHOT.jar:?]
	at org.apache.hadoop.ozone.protocolPB.OzoneManagerRequestHandler.handleReadRequest(OzoneManagerRequestHandler.java:250) ~[ozone-manager-1.4.0-SNAPSHOT.jar:?]
	at org.apache.hadoop.ozone.protocolPB.OzoneManagerProtocolServerSideTranslatorPB.submitReadRequestToOM(OzoneManagerProtocolServerSideTranslatorPB.java:225) ~[ozone-manager-1.4.0-SNAPSHOT.jar:?]
	at org.apache.hadoop.ozone.protocolPB.OzoneManagerProtocolServerSideTranslatorPB.processRequest(OzoneManagerProtocolServerSideTranslatorPB.java:179) ~[ozone-manager-1.4.0-SNAPSHOT.jar:?]
	at org.apache.hadoop.hdds.server.OzoneProtocolMessageDispatcher.processRequest(OzoneProtocolMessageDispatcher.java:87) [hdds-server-framework-1.4.0-SNAPSHOT.jar:?]
	at org.apache.hadoop.ozone.protocolPB.OzoneManagerProtocolServerSideTranslatorPB.submitRequest(OzoneManagerProtocolServerSideTranslatorPB.java:148) [ozone-manager-1.4.0-SNAPSHOT.jar:?]
	at org.apache.hadoop.ozone.protocol.proto.OzoneManagerProtocolProtos$OzoneManagerService$2.callBlockingMethod(OzoneManagerProtocolProtos.java) [ozone-interface-client-1.4.0-SNAPSHOT.jar:?]
	at org.apache.hadoop.ipc.ProtobufRpcEngine$Server.processCall(ProtobufRpcEngine.java:484) [hadoop-common-3.3.6.jar:?]
	at org.apache.hadoop.ipc.ProtobufRpcEngine2$Server$ProtoBufRpcInvoker.call(ProtobufRpcEngine2.java:595) [hadoop-common-3.3.6.jar:?]
	at org.apache.hadoop.ipc.ProtobufRpcEngine2$Server$ProtoBufRpcInvoker.call(ProtobufRpcEngine2.java:573) [hadoop-common-3.3.6.jar:?]
	at org.apache.hadoop.ipc.RPC$Server.call(RPC.java:1227) [hadoop-common-3.3.6.jar:?]
	at org.apache.hadoop.ipc.Server$RpcCall.run(Server.java:1094) [hadoop-common-3.3.6.jar:?]
	at org.apache.hadoop.ipc.Server$RpcCall.run(Server.java:1017) [hadoop-common-3.3.6.jar:?]
	at java.security.AccessController.doPrivileged(Native Method) ~[?:1.8.0_382]
	at javax.security.auth.Subject.doAs(Subject.java:422) [?:1.8.0_382]
	at org.apache.hadoop.security.UserGroupInformation.doAs(UserGroupInformation.java:1899) [hadoop-common-3.3.6.jar:?]
	at org.apache.hadoop.ipc.Server$Handler.run(Server.java:3048) [hadoop-common-3.3.6.jar:?]
11:16:43.100 [IPC Server handler 7 on default port 15004] ERROR OMAudit - user=runner | ip=127.0.0.1 | op=GET_FILE_STATUS {volume=volume76163, bucket=bucket78113, key=level0/level2/level2/file1, dataSize=0, replicationConfig=null} | ret=FAILURE
org.apache.hadoop.ozone.om.exceptions.OMException: Unable to get file status: volume: volume76163 bucket: bucket78113 key: level0/level2/level2/file1
	at org.apache.hadoop.ozone.om.KeyManagerImpl.getOzoneFileStatus(KeyManagerImpl.java:1195) ~[ozone-manager-1.4.0-SNAPSHOT.jar:?]
	at org.apache.hadoop.ozone.om.KeyManagerImpl.getFileStatus(KeyManagerImpl.java:1113) ~[ozone-manager-1.4.0-SNAPSHOT.jar:?]
	at org.apache.hadoop.ozone.om.OmMetadataReader.getFileStatus(OmMetadataReader.java:262) ~[ozone-manager-1.4.0-SNAPSHOT.jar:?]
	at org.apache.hadoop.ozone.om.OzoneManager.getFileStatus(OzoneManager.java:3530) ~[ozone-manager-1.4.0-SNAPSHOT.jar:?]
	at org.apache.hadoop.ozone.protocolPB.OzoneManagerRequestHandler.getOzoneFileStatus(OzoneManagerRequestHandler.java:971) ~[ozone-manager-1.4.0-SNAPSHOT.jar:?]
	at org.apache.hadoop.ozone.protocolPB.OzoneManagerRequestHandler.handleReadRequest(OzoneManagerRequestHandler.java:250) ~[ozone-manager-1.4.0-SNAPSHOT.jar:?]
	at org.apache.hadoop.ozone.protocolPB.OzoneManagerProtocolServerSideTranslatorPB.submitReadRequestToOM(OzoneManagerProtocolServerSideTranslatorPB.java:225) ~[ozone-manager-1.4.0-SNAPSHOT.jar:?]
	at org.apache.hadoop.ozone.protocolPB.OzoneManagerProtocolServerSideTranslatorPB.processRequest(OzoneManagerProtocolServerSideTranslatorPB.java:179) ~[ozone-manager-1.4.0-SNAPSHOT.jar:?]
	at org.apache.hadoop.hdds.server.OzoneProtocolMessageDispatcher.processRequest(OzoneProtocolMessageDispatcher.java:87) [hdds-server-framework-1.4.0-SNAPSHOT.jar:?]
	at org.apache.hadoop.ozone.protocolPB.OzoneManagerProtocolServerSideTranslatorPB.submitRequest(OzoneManagerProtocolServerSideTranslatorPB.java:148) [ozone-manager-1.4.0-SNAPSHOT.jar:?]
	at org.apache.hadoop.ozone.protocol.proto.OzoneManagerProtocolProtos$OzoneManagerService$2.callBlockingMethod(OzoneManagerProtocolProtos.java) [ozone-interface-client-1.4.0-SNAPSHOT.jar:?]
	at org.apache.hadoop.ipc.ProtobufRpcEngine$Server.processCall(ProtobufRpcEngine.java:484) [hadoop-common-3.3.6.jar:?]
	at org.apache.hadoop.ipc.ProtobufRpcEngine2$Server$ProtoBufRpcInvoker.call(ProtobufRpcEngine2.java:595) [hadoop-common-3.3.6.jar:?]
	at org.apache.hadoop.ipc.ProtobufRpcEngine2$Server$ProtoBufRpcInvoker.call(ProtobufRpcEngine2.java:573) [hadoop-common-3.3.6.jar:?]
	at org.apache.hadoop.ipc.RPC$Server.call(RPC.java:1227) [hadoop-common-3.3.6.jar:?]
	at org.apache.hadoop.ipc.Server$RpcCall.run(Server.java:1094) [hadoop-common-3.3.6.jar:?]
	at org.apache.hadoop.ipc.Server$RpcCall.run(Server.java:1017) [hadoop-common-3.3.6.jar:?]
	at java.security.AccessController.doPrivileged(Native Method) ~[?:1.8.0_382]
	at javax.security.auth.Subject.doAs(Subject.java:422) [?:1.8.0_382]
	at org.apache.hadoop.security.UserGroupInformation.doAs(UserGroupInformation.java:1899) [hadoop-common-3.3.6.jar:?]
	at org.apache.hadoop.ipc.Server$Handler.run(Server.java:3048) [hadoop-common-3.3.6.jar:?]
11:16:43.102 [IPC Server handler 16 on default port 15004] ERROR OMAudit - user=runner | ip=127.0.0.1 | op=GET_FILE_STATUS {volume=volume76163, bucket=bucket78113, key=level0/level3, dataSize=0, replicationConfig=null} | ret=FAILURE
org.apache.hadoop.ozone.om.exceptions.OMException: Unable to get file status: volume: volume76163 bucket: bucket78113 key: level0/level3
	at org.apache.hadoop.ozone.om.KeyManagerImpl.getOzoneFileStatus(KeyManagerImpl.java:1195) ~[ozone-manager-1.4.0-SNAPSHOT.jar:?]
	at org.apache.hadoop.ozone.om.KeyManagerImpl.getFileStatus(KeyManagerImpl.java:1113) ~[ozone-manager-1.4.0-SNAPSHOT.jar:?]
	at org.apache.hadoop.ozone.om.OmMetadataReader.getFileStatus(OmMetadataReader.java:262) ~[ozone-manager-1.4.0-SNAPSHOT.jar:?]
	at org.apache.hadoop.ozone.om.OzoneManager.getFileStatus(OzoneManager.java:3530) ~[ozone-manager-1.4.0-SNAPSHOT.jar:?]
	at org.apache.hadoop.ozone.protocolPB.OzoneManagerRequestHandler.getOzoneFileStatus(OzoneManagerRequestHandler.java:971) ~[ozone-manager-1.4.0-SNAPSHOT.jar:?]
	at org.apache.hadoop.ozone.protocolPB.OzoneManagerRequestHandler.handleReadRequest(OzoneManagerRequestHandler.java:250) ~[ozone-manager-1.4.0-SNAPSHOT.jar:?]
	at org.apache.hadoop.ozone.protocolPB.OzoneManagerProtocolServerSideTranslatorPB.submitReadRequestToOM(OzoneManagerProtocolServerSideTranslatorPB.java:225) ~[ozone-manager-1.4.0-SNAPSHOT.jar:?]
	at org.apache.hadoop.ozone.protocolPB.OzoneManagerProtocolServerSideTranslatorPB.processRequest(OzoneManagerProtocolServerSideTranslatorPB.java:179) ~[ozone-manager-1.4.0-SNAPSHOT.jar:?]
	at org.apache.hadoop.hdds.server.OzoneProtocolMessageDispatcher.processRequest(OzoneProtocolMessageDispatcher.java:87) [hdds-server-framework-1.4.0-SNAPSHOT.jar:?]
	at org.apache.hadoop.ozone.protocolPB.OzoneManagerProtocolServerSideTranslatorPB.submitRequest(OzoneManagerProtocolServerSideTranslatorPB.java:148) [ozone-manager-1.4.0-SNAPSHOT.jar:?]
	at org.apache.hadoop.ozone.protocol.proto.OzoneManagerProtocolProtos$OzoneManagerService$2.callBlockingMethod(OzoneManagerProtocolProtos.java) [ozone-interface-client-1.4.0-SNAPSHOT.jar:?]
	at org.apache.hadoop.ipc.ProtobufRpcEngine$Server.processCall(ProtobufRpcEngine.java:484) [hadoop-common-3.3.6.jar:?]
	at org.apache.hadoop.ipc.ProtobufRpcEngine2$Server$ProtoBufRpcInvoker.call(ProtobufRpcEngine2.java:595) [hadoop-common-3.3.6.jar:?]
	at org.apache.hadoop.ipc.ProtobufRpcEngine2$Server$ProtoBufRpcInvoker.call(ProtobufRpcEngine2.java:573) [hadoop-common-3.3.6.jar:?]
	at org.apache.hadoop.ipc.RPC$Server.call(RPC.java:1227) [hadoop-common-3.3.6.jar:?]
	at org.apache.hadoop.ipc.Server$RpcCall.run(Server.java:1094) [hadoop-common-3.3.6.jar:?]
	at org.apache.hadoop.ipc.Server$RpcCall.run(Server.java:1017) [hadoop-common-3.3.6.jar:?]
	at java.security.AccessController.doPrivileged(Native Method) ~[?:1.8.0_382]
	at javax.security.auth.Subject.doAs(Subject.java:422) [?:1.8.0_382]
	at org.apache.hadoop.security.UserGroupInformation.doAs(UserGroupInformation.java:1899) [hadoop-common-3.3.6.jar:?]
	at org.apache.hadoop.ipc.Server$Handler.run(Server.java:3048) [hadoop-common-3.3.6.jar:?]
11:16:43.106 [IPC Server handler 11 on default port 15004] ERROR OMAudit - user=runner | ip=127.0.0.1 | op=GET_FILE_STATUS {volume=volume76163, bucket=bucket78113, key=level0/level3/level3, dataSize=0, replicationConfig=null} | ret=FAILURE
org.apache.hadoop.ozone.om.exceptions.OMException: Unable to get file status: volume: volume76163 bucket: bucket78113 key: level0/level3/level3
	at org.apache.hadoop.ozone.om.KeyManagerImpl.getOzoneFileStatus(KeyManagerImpl.java:1195) ~[ozone-manager-1.4.0-SNAPSHOT.jar:?]
	at org.apache.hadoop.ozone.om.KeyManagerImpl.getFileStatus(KeyManagerImpl.java:1113) ~[ozone-manager-1.4.0-SNAPSHOT.jar:?]
	at org.apache.hadoop.ozone.om.OmMetadataReader.getFileStatus(OmMetadataReader.java:262) ~[ozone-manager-1.4.0-SNAPSHOT.jar:?]
	at org.apache.hadoop.ozone.om.OzoneManager.getFileStatus(OzoneManager.java:3530) ~[ozone-manager-1.4.0-SNAPSHOT.jar:?]
	at org.apache.hadoop.ozone.protocolPB.OzoneManagerRequestHandler.getOzoneFileStatus(OzoneManagerRequestHandler.java:971) ~[ozone-manager-1.4.0-SNAPSHOT.jar:?]
	at org.apache.hadoop.ozone.protocolPB.OzoneManagerRequestHandler.handleReadRequest(OzoneManagerRequestHandler.java:250) ~[ozone-manager-1.4.0-SNAPSHOT.jar:?]
	at org.apache.hadoop.ozone.protocolPB.OzoneManagerProtocolServerSideTranslatorPB.submitReadRequestToOM(OzoneManagerProtocolServerSideTranslatorPB.java:225) ~[ozone-manager-1.4.0-SNAPSHOT.jar:?]
	at org.apache.hadoop.ozone.protocolPB.OzoneManagerProtocolServerSideTranslatorPB.processRequest(OzoneManagerProtocolServerSideTranslatorPB.java:179) ~[ozone-manager-1.4.0-SNAPSHOT.jar:?]
	at org.apache.hadoop.hdds.server.OzoneProtocolMessageDispatcher.processRequest(OzoneProtocolMessageDispatcher.java:87) [hdds-server-framework-1.4.0-SNAPSHOT.jar:?]
	at org.apache.hadoop.ozone.protocolPB.OzoneManagerProtocolServerSideTranslatorPB.submitRequest(OzoneManagerProtocolServerSideTranslatorPB.java:148) [ozone-manager-1.4.0-SNAPSHOT.jar:?]
	at org.apache.hadoop.ozone.protocol.proto.OzoneManagerProtocolProtos$OzoneManagerService$2.callBlockingMethod(OzoneManagerProtocolProtos.java) [ozone-interface-client-1.4.0-SNAPSHOT.jar:?]
	at org.apache.hadoop.ipc.ProtobufRpcEngine$Server.processCall(ProtobufRpcEngine.java:484) [hadoop-common-3.3.6.jar:?]
	at org.apache.hadoop.ipc.ProtobufRpcEngine2$Server$ProtoBufRpcInvoker.call(ProtobufRpcEngine2.java:595) [hadoop-common-3.3.6.jar:?]
	at org.apache.hadoop.ipc.ProtobufRpcEngine2$Server$ProtoBufRpcInvoker.call(ProtobufRpcEngine2.java:573) [hadoop-common-3.3.6.jar:?]
	at org.apache.hadoop.ipc.RPC$Server.call(RPC.java:1227) [hadoop-common-3.3.6.jar:?]
	at org.apache.hadoop.ipc.Server$RpcCall.run(Server.java:1094) [hadoop-common-3.3.6.jar:?]
	at org.apache.hadoop.ipc.Server$RpcCall.run(Server.java:1017) [hadoop-common-3.3.6.jar:?]
	at java.security.AccessController.doPrivileged(Native Method) ~[?:1.8.0_382]
	at javax.security.auth.Subject.doAs(Subject.java:422) [?:1.8.0_382]
	at org.apache.hadoop.security.UserGroupInformation.doAs(UserGroupInformation.java:1899) [hadoop-common-3.3.6.jar:?]
	at org.apache.hadoop.ipc.Server$Handler.run(Server.java:3048) [hadoop-common-3.3.6.jar:?]
11:16:43.108 [IPC Server handler 5 on default port 15004] ERROR OMAudit - user=runner | ip=127.0.0.1 | op=GET_FILE_STATUS {volume=volume76163, bucket=bucket78113, key=level0/level3/file1, dataSize=0, replicationConfig=null} | ret=FAILURE
org.apache.hadoop.ozone.om.exceptions.OMException: Unable to get file status: volume: volume76163 bucket: bucket78113 key: level0/level3/file1
	at org.apache.hadoop.ozone.om.KeyManagerImpl.getOzoneFileStatus(KeyManagerImpl.java:1195) ~[ozone-manager-1.4.0-SNAPSHOT.jar:?]
	at org.apache.hadoop.ozone.om.KeyManagerImpl.getFileStatus(KeyManagerImpl.java:1113) ~[ozone-manager-1.4.0-SNAPSHOT.jar:?]
	at org.apache.hadoop.ozone.om.OmMetadataReader.getFileStatus(OmMetadataReader.java:262) ~[ozone-manager-1.4.0-SNAPSHOT.jar:?]
	at org.apache.hadoop.ozone.om.OzoneManager.getFileStatus(OzoneManager.java:3530) ~[ozone-manager-1.4.0-SNAPSHOT.jar:?]
	at org.apache.hadoop.ozone.protocolPB.OzoneManagerRequestHandler.getOzoneFileStatus(OzoneManagerRequestHandler.java:971) ~[ozone-manager-1.4.0-SNAPSHOT.jar:?]
	at org.apache.hadoop.ozone.protocolPB.OzoneManagerRequestHandler.handleReadRequest(OzoneManagerRequestHandler.java:250) ~[ozone-manager-1.4.0-SNAPSHOT.jar:?]
	at org.apache.hadoop.ozone.protocolPB.OzoneManagerProtocolServerSideTranslatorPB.submitReadRequestToOM(OzoneManagerProtocolServerSideTranslatorPB.java:225) ~[ozone-manager-1.4.0-SNAPSHOT.jar:?]
	at org.apache.hadoop.ozone.protocolPB.OzoneManagerProtocolServerSideTranslatorPB.processRequest(OzoneManagerProtocolServerSideTranslatorPB.java:179) ~[ozone-manager-1.4.0-SNAPSHOT.jar:?]
	at org.apache.hadoop.hdds.server.OzoneProtocolMessageDispatcher.processRequest(OzoneProtocolMessageDispatcher.java:87) [hdds-server-framework-1.4.0-SNAPSHOT.jar:?]
	at org.apache.hadoop.ozone.protocolPB.OzoneManagerProtocolServerSideTranslatorPB.submitRequest(OzoneManagerProtocolServerSideTranslatorPB.java:148) [ozone-manager-1.4.0-SNAPSHOT.jar:?]
	at org.apache.hadoop.ozone.protocol.proto.OzoneManagerProtocolProtos$OzoneManagerService$2.callBlockingMethod(OzoneManagerProtocolProtos.java) [ozone-interface-client-1.4.0-SNAPSHOT.jar:?]
	at org.apache.hadoop.ipc.ProtobufRpcEngine$Server.processCall(ProtobufRpcEngine.java:484) [hadoop-common-3.3.6.jar:?]
	at org.apache.hadoop.ipc.ProtobufRpcEngine2$Server$ProtoBufRpcInvoker.call(ProtobufRpcEngine2.java:595) [hadoop-common-3.3.6.jar:?]
	at org.apache.hadoop.ipc.ProtobufRpcEngine2$Server$ProtoBufRpcInvoker.call(ProtobufRpcEngine2.java:573) [hadoop-common-3.3.6.jar:?]
	at org.apache.hadoop.ipc.RPC$Server.call(RPC.java:1227) [hadoop-common-3.3.6.jar:?]
	at org.apache.hadoop.ipc.Server$RpcCall.run(Server.java:1094) [hadoop-common-3.3.6.jar:?]
	at org.apache.hadoop.ipc.Server$RpcCall.run(Server.java:1017) [hadoop-common-3.3.6.jar:?]
	at java.security.AccessController.doPrivileged(Native Method) ~[?:1.8.0_382]
	at javax.security.auth.Subject.doAs(Subject.java:422) [?:1.8.0_382]
	at org.apache.hadoop.security.UserGroupInformation.doAs(UserGroupInformation.java:1899) [hadoop-common-3.3.6.jar:?]
	at org.apache.hadoop.ipc.Server$Handler.run(Server.java:3048) [hadoop-common-3.3.6.jar:?]
11:16:43.111 [IPC Server handler 9 on default port 15004] ERROR OMAudit - user=runner | ip=127.0.0.1 | op=GET_FILE_STATUS {volume=volume76163, bucket=bucket78113, key=level0/level3/level3/file1, dataSize=0, replicationConfig=null} | ret=FAILURE
org.apache.hadoop.ozone.om.exceptions.OMException: Unable to get file status: volume: volume76163 bucket: bucket78113 key: level0/level3/level3/file1
	at org.apache.hadoop.ozone.om.KeyManagerImpl.getOzoneFileStatus(KeyManagerImpl.java:1195) ~[ozone-manager-1.4.0-SNAPSHOT.jar:?]
	at org.apache.hadoop.ozone.om.KeyManagerImpl.getFileStatus(KeyManagerImpl.java:1113) ~[ozone-manager-1.4.0-SNAPSHOT.jar:?]
	at org.apache.hadoop.ozone.om.OmMetadataReader.getFileStatus(OmMetadataReader.java:262) ~[ozone-manager-1.4.0-SNAPSHOT.jar:?]
	at org.apache.hadoop.ozone.om.OzoneManager.getFileStatus(OzoneManager.java:3530) ~[ozone-manager-1.4.0-SNAPSHOT.jar:?]
	at org.apache.hadoop.ozone.protocolPB.OzoneManagerRequestHandler.getOzoneFileStatus(OzoneManagerRequestHandler.java:971) ~[ozone-manager-1.4.0-SNAPSHOT.jar:?]
	at org.apache.hadoop.ozone.protocolPB.OzoneManagerRequestHandler.handleReadRequest(OzoneManagerRequestHandler.java:250) ~[ozone-manager-1.4.0-SNAPSHOT.jar:?]
	at org.apache.hadoop.ozone.protocolPB.OzoneManagerProtocolServerSideTranslatorPB.submitReadRequestToOM(OzoneManagerProtocolServerSideTranslatorPB.java:225) ~[ozone-manager-1.4.0-SNAPSHOT.jar:?]
	at org.apache.hadoop.ozone.protocolPB.OzoneManagerProtocolServerSideTranslatorPB.processRequest(OzoneManagerProtocolServerSideTranslatorPB.java:179) ~[ozone-manager-1.4.0-SNAPSHOT.jar:?]
	at org.apache.hadoop.hdds.server.OzoneProtocolMessageDispatcher.processRequest(OzoneProtocolMessageDispatcher.java:87) [hdds-server-framework-1.4.0-SNAPSHOT.jar:?]
	at org.apache.hadoop.ozone.protocolPB.OzoneManagerProtocolServerSideTranslatorPB.submitRequest(OzoneManagerProtocolServerSideTranslatorPB.java:148) [ozone-manager-1.4.0-SNAPSHOT.jar:?]
	at org.apache.hadoop.ozone.protocol.proto.OzoneManagerProtocolProtos$OzoneManagerService$2.callBlockingMethod(OzoneManagerProtocolProtos.java) [ozone-interface-client-1.4.0-SNAPSHOT.jar:?]
	at org.apache.hadoop.ipc.ProtobufRpcEngine$Server.processCall(ProtobufRpcEngine.java:484) [hadoop-common-3.3.6.jar:?]
	at org.apache.hadoop.ipc.ProtobufRpcEngine2$Server$ProtoBufRpcInvoker.call(ProtobufRpcEngine2.java:595) [hadoop-common-3.3.6.jar:?]
	at org.apache.hadoop.ipc.ProtobufRpcEngine2$Server$ProtoBufRpcInvoker.call(ProtobufRpcEngine2.java:573) [hadoop-common-3.3.6.jar:?]
	at org.apache.hadoop.ipc.RPC$Server.call(RPC.java:1227) [hadoop-common-3.3.6.jar:?]
	at org.apache.hadoop.ipc.Server$RpcCall.run(Server.java:1094) [hadoop-common-3.3.6.jar:?]
	at org.apache.hadoop.ipc.Server$RpcCall.run(Server.java:1017) [hadoop-common-3.3.6.jar:?]
	at java.security.AccessController.doPrivileged(Native Method) ~[?:1.8.0_382]
	at javax.security.auth.Subject.doAs(Subject.java:422) [?:1.8.0_382]
	at org.apache.hadoop.security.UserGroupInformation.doAs(UserGroupInformation.java:1899) [hadoop-common-3.3.6.jar:?]
	at org.apache.hadoop.ipc.Server$Handler.run(Server.java:3048) [hadoop-common-3.3.6.jar:?]
]]></system-out>
  </testcase>
  <testcase name="testRecursiveDelete" classname="TestOzoneFileSystem" time="0.218">
    <system-out><![CDATA[11:18:19.907 [IPC Server handler 14 on default port 15057] ERROR OMAudit - user=runner | ip=127.0.0.1 | op=GET_FILE_STATUS {volume=volume79664, bucket=bucket82507, key=gdir1, dataSize=0, replicationConfig=null} | ret=FAILURE
org.apache.hadoop.ozone.om.exceptions.OMException: Unable to get file status: volume: volume79664 bucket: bucket82507 key: gdir1
	at org.apache.hadoop.ozone.om.KeyManagerImpl.getOzoneFileStatus(KeyManagerImpl.java:1195) ~[ozone-manager-1.4.0-SNAPSHOT.jar:?]
	at org.apache.hadoop.ozone.om.KeyManagerImpl.getFileStatus(KeyManagerImpl.java:1113) ~[ozone-manager-1.4.0-SNAPSHOT.jar:?]
	at org.apache.hadoop.ozone.om.OmMetadataReader.getFileStatus(OmMetadataReader.java:262) ~[ozone-manager-1.4.0-SNAPSHOT.jar:?]
	at org.apache.hadoop.ozone.om.OzoneManager.getFileStatus(OzoneManager.java:3530) ~[ozone-manager-1.4.0-SNAPSHOT.jar:?]
	at org.apache.hadoop.ozone.protocolPB.OzoneManagerRequestHandler.getOzoneFileStatus(OzoneManagerRequestHandler.java:971) ~[ozone-manager-1.4.0-SNAPSHOT.jar:?]
	at org.apache.hadoop.ozone.protocolPB.OzoneManagerRequestHandler.handleReadRequest(OzoneManagerRequestHandler.java:250) ~[ozone-manager-1.4.0-SNAPSHOT.jar:?]
	at org.apache.hadoop.ozone.protocolPB.OzoneManagerProtocolServerSideTranslatorPB.submitRequestDirectlyToOM(OzoneManagerProtocolServerSideTranslatorPB.java:274) ~[ozone-manager-1.4.0-SNAPSHOT.jar:?]
	at org.apache.hadoop.ozone.protocolPB.OzoneManagerProtocolServerSideTranslatorPB.processRequest(OzoneManagerProtocolServerSideTranslatorPB.java:175) ~[ozone-manager-1.4.0-SNAPSHOT.jar:?]
	at org.apache.hadoop.hdds.server.OzoneProtocolMessageDispatcher.processRequest(OzoneProtocolMessageDispatcher.java:87) [hdds-server-framework-1.4.0-SNAPSHOT.jar:?]
	at org.apache.hadoop.ozone.protocolPB.OzoneManagerProtocolServerSideTranslatorPB.submitRequest(OzoneManagerProtocolServerSideTranslatorPB.java:148) [ozone-manager-1.4.0-SNAPSHOT.jar:?]
	at org.apache.hadoop.ozone.protocol.proto.OzoneManagerProtocolProtos$OzoneManagerService$2.callBlockingMethod(OzoneManagerProtocolProtos.java) [ozone-interface-client-1.4.0-SNAPSHOT.jar:?]
	at org.apache.hadoop.ipc.ProtobufRpcEngine$Server.processCall(ProtobufRpcEngine.java:484) [hadoop-common-3.3.6.jar:?]
	at org.apache.hadoop.ipc.ProtobufRpcEngine2$Server$ProtoBufRpcInvoker.call(ProtobufRpcEngine2.java:595) [hadoop-common-3.3.6.jar:?]
	at org.apache.hadoop.ipc.ProtobufRpcEngine2$Server$ProtoBufRpcInvoker.call(ProtobufRpcEngine2.java:573) [hadoop-common-3.3.6.jar:?]
	at org.apache.hadoop.ipc.RPC$Server.call(RPC.java:1227) [hadoop-common-3.3.6.jar:?]
	at org.apache.hadoop.ipc.Server$RpcCall.run(Server.java:1094) [hadoop-common-3.3.6.jar:?]
	at org.apache.hadoop.ipc.Server$RpcCall.run(Server.java:1017) [hadoop-common-3.3.6.jar:?]
	at java.security.AccessController.doPrivileged(Native Method) ~[?:1.8.0_382]
	at javax.security.auth.Subject.doAs(Subject.java:422) [?:1.8.0_382]
	at org.apache.hadoop.security.UserGroupInformation.doAs(UserGroupInformation.java:1899) [hadoop-common-3.3.6.jar:?]
	at org.apache.hadoop.ipc.Server$Handler.run(Server.java:3048) [hadoop-common-3.3.6.jar:?]
11:18:19.909 [IPC Server handler 13 on default port 15057] ERROR OMAudit - user=runner | ip=127.0.0.1 | op=GET_FILE_STATUS {volume=volume79664, bucket=bucket82507, key=gdir1/dir1, dataSize=0, replicationConfig=null} | ret=FAILURE
org.apache.hadoop.ozone.om.exceptions.OMException: Unable to get file status: volume: volume79664 bucket: bucket82507 key: gdir1/dir1
	at org.apache.hadoop.ozone.om.KeyManagerImpl.getOzoneFileStatus(KeyManagerImpl.java:1195) ~[ozone-manager-1.4.0-SNAPSHOT.jar:?]
	at org.apache.hadoop.ozone.om.KeyManagerImpl.getFileStatus(KeyManagerImpl.java:1113) ~[ozone-manager-1.4.0-SNAPSHOT.jar:?]
	at org.apache.hadoop.ozone.om.OmMetadataReader.getFileStatus(OmMetadataReader.java:262) ~[ozone-manager-1.4.0-SNAPSHOT.jar:?]
	at org.apache.hadoop.ozone.om.OzoneManager.getFileStatus(OzoneManager.java:3530) ~[ozone-manager-1.4.0-SNAPSHOT.jar:?]
	at org.apache.hadoop.ozone.protocolPB.OzoneManagerRequestHandler.getOzoneFileStatus(OzoneManagerRequestHandler.java:971) ~[ozone-manager-1.4.0-SNAPSHOT.jar:?]
	at org.apache.hadoop.ozone.protocolPB.OzoneManagerRequestHandler.handleReadRequest(OzoneManagerRequestHandler.java:250) ~[ozone-manager-1.4.0-SNAPSHOT.jar:?]
	at org.apache.hadoop.ozone.protocolPB.OzoneManagerProtocolServerSideTranslatorPB.submitRequestDirectlyToOM(OzoneManagerProtocolServerSideTranslatorPB.java:274) ~[ozone-manager-1.4.0-SNAPSHOT.jar:?]
	at org.apache.hadoop.ozone.protocolPB.OzoneManagerProtocolServerSideTranslatorPB.processRequest(OzoneManagerProtocolServerSideTranslatorPB.java:175) ~[ozone-manager-1.4.0-SNAPSHOT.jar:?]
	at org.apache.hadoop.hdds.server.OzoneProtocolMessageDispatcher.processRequest(OzoneProtocolMessageDispatcher.java:87) [hdds-server-framework-1.4.0-SNAPSHOT.jar:?]
	at org.apache.hadoop.ozone.protocolPB.OzoneManagerProtocolServerSideTranslatorPB.submitRequest(OzoneManagerProtocolServerSideTranslatorPB.java:148) [ozone-manager-1.4.0-SNAPSHOT.jar:?]
	at org.apache.hadoop.ozone.protocol.proto.OzoneManagerProtocolProtos$OzoneManagerService$2.callBlockingMethod(OzoneManagerProtocolProtos.java) [ozone-interface-client-1.4.0-SNAPSHOT.jar:?]
	at org.apache.hadoop.ipc.ProtobufRpcEngine$Server.processCall(ProtobufRpcEngine.java:484) [hadoop-common-3.3.6.jar:?]
	at org.apache.hadoop.ipc.ProtobufRpcEngine2$Server$ProtoBufRpcInvoker.call(ProtobufRpcEngine2.java:595) [hadoop-common-3.3.6.jar:?]
	at org.apache.hadoop.ipc.ProtobufRpcEngine2$Server$ProtoBufRpcInvoker.call(ProtobufRpcEngine2.java:573) [hadoop-common-3.3.6.jar:?]
	at org.apache.hadoop.ipc.RPC$Server.call(RPC.java:1227) [hadoop-common-3.3.6.jar:?]
	at org.apache.hadoop.ipc.Server$RpcCall.run(Server.java:1094) [hadoop-common-3.3.6.jar:?]
	at org.apache.hadoop.ipc.Server$RpcCall.run(Server.java:1017) [hadoop-common-3.3.6.jar:?]
	at java.security.AccessController.doPrivileged(Native Method) ~[?:1.8.0_382]
	at javax.security.auth.Subject.doAs(Subject.java:422) [?:1.8.0_382]
	at org.apache.hadoop.security.UserGroupInformation.doAs(UserGroupInformation.java:1899) [hadoop-common-3.3.6.jar:?]
	at org.apache.hadoop.ipc.Server$Handler.run(Server.java:3048) [hadoop-common-3.3.6.jar:?]
11:18:19.910 [IPC Server handler 15 on default port 15057] ERROR OMAudit - user=runner | ip=127.0.0.1 | op=GET_FILE_STATUS {volume=volume79664, bucket=bucket82507, key=gdir1/dir1/child, dataSize=0, replicationConfig=null} | ret=FAILURE
org.apache.hadoop.ozone.om.exceptions.OMException: Unable to get file status: volume: volume79664 bucket: bucket82507 key: gdir1/dir1/child
	at org.apache.hadoop.ozone.om.KeyManagerImpl.getOzoneFileStatus(KeyManagerImpl.java:1195) ~[ozone-manager-1.4.0-SNAPSHOT.jar:?]
	at org.apache.hadoop.ozone.om.KeyManagerImpl.getFileStatus(KeyManagerImpl.java:1113) ~[ozone-manager-1.4.0-SNAPSHOT.jar:?]
	at org.apache.hadoop.ozone.om.OmMetadataReader.getFileStatus(OmMetadataReader.java:262) ~[ozone-manager-1.4.0-SNAPSHOT.jar:?]
	at org.apache.hadoop.ozone.om.OzoneManager.getFileStatus(OzoneManager.java:3530) ~[ozone-manager-1.4.0-SNAPSHOT.jar:?]
	at org.apache.hadoop.ozone.protocolPB.OzoneManagerRequestHandler.getOzoneFileStatus(OzoneManagerRequestHandler.java:971) ~[ozone-manager-1.4.0-SNAPSHOT.jar:?]
	at org.apache.hadoop.ozone.protocolPB.OzoneManagerRequestHandler.handleReadRequest(OzoneManagerRequestHandler.java:250) ~[ozone-manager-1.4.0-SNAPSHOT.jar:?]
	at org.apache.hadoop.ozone.protocolPB.OzoneManagerProtocolServerSideTranslatorPB.submitRequestDirectlyToOM(OzoneManagerProtocolServerSideTranslatorPB.java:274) ~[ozone-manager-1.4.0-SNAPSHOT.jar:?]
	at org.apache.hadoop.ozone.protocolPB.OzoneManagerProtocolServerSideTranslatorPB.processRequest(OzoneManagerProtocolServerSideTranslatorPB.java:175) ~[ozone-manager-1.4.0-SNAPSHOT.jar:?]
	at org.apache.hadoop.hdds.server.OzoneProtocolMessageDispatcher.processRequest(OzoneProtocolMessageDispatcher.java:87) [hdds-server-framework-1.4.0-SNAPSHOT.jar:?]
	at org.apache.hadoop.ozone.protocolPB.OzoneManagerProtocolServerSideTranslatorPB.submitRequest(OzoneManagerProtocolServerSideTranslatorPB.java:148) [ozone-manager-1.4.0-SNAPSHOT.jar:?]
	at org.apache.hadoop.ozone.protocol.proto.OzoneManagerProtocolProtos$OzoneManagerService$2.callBlockingMethod(OzoneManagerProtocolProtos.java) [ozone-interface-client-1.4.0-SNAPSHOT.jar:?]
	at org.apache.hadoop.ipc.ProtobufRpcEngine$Server.processCall(ProtobufRpcEngine.java:484) [hadoop-common-3.3.6.jar:?]
	at org.apache.hadoop.ipc.ProtobufRpcEngine2$Server$ProtoBufRpcInvoker.call(ProtobufRpcEngine2.java:595) [hadoop-common-3.3.6.jar:?]
	at org.apache.hadoop.ipc.ProtobufRpcEngine2$Server$ProtoBufRpcInvoker.call(ProtobufRpcEngine2.java:573) [hadoop-common-3.3.6.jar:?]
	at org.apache.hadoop.ipc.RPC$Server.call(RPC.java:1227) [hadoop-common-3.3.6.jar:?]
	at org.apache.hadoop.ipc.Server$RpcCall.run(Server.java:1094) [hadoop-common-3.3.6.jar:?]
	at org.apache.hadoop.ipc.Server$RpcCall.run(Server.java:1017) [hadoop-common-3.3.6.jar:?]
	at java.security.AccessController.doPrivileged(Native Method) ~[?:1.8.0_382]
	at javax.security.auth.Subject.doAs(Subject.java:422) [?:1.8.0_382]
	at org.apache.hadoop.security.UserGroupInformation.doAs(UserGroupInformation.java:1899) [hadoop-common-3.3.6.jar:?]
	at org.apache.hadoop.ipc.Server$Handler.run(Server.java:3048) [hadoop-common-3.3.6.jar:?]
11:18:19.912 [IPC Server handler 12 on default port 15057] ERROR OMAudit - user=runner | ip=127.0.0.1 | op=GET_FILE_STATUS {volume=volume79664, bucket=bucket82507, key=gdir1/dir2, dataSize=0, replicationConfig=null} | ret=FAILURE
org.apache.hadoop.ozone.om.exceptions.OMException: Unable to get file status: volume: volume79664 bucket: bucket82507 key: gdir1/dir2
	at org.apache.hadoop.ozone.om.KeyManagerImpl.getOzoneFileStatus(KeyManagerImpl.java:1195) ~[ozone-manager-1.4.0-SNAPSHOT.jar:?]
	at org.apache.hadoop.ozone.om.KeyManagerImpl.getFileStatus(KeyManagerImpl.java:1113) ~[ozone-manager-1.4.0-SNAPSHOT.jar:?]
	at org.apache.hadoop.ozone.om.OmMetadataReader.getFileStatus(OmMetadataReader.java:262) ~[ozone-manager-1.4.0-SNAPSHOT.jar:?]
	at org.apache.hadoop.ozone.om.OzoneManager.getFileStatus(OzoneManager.java:3530) ~[ozone-manager-1.4.0-SNAPSHOT.jar:?]
	at org.apache.hadoop.ozone.protocolPB.OzoneManagerRequestHandler.getOzoneFileStatus(OzoneManagerRequestHandler.java:971) ~[ozone-manager-1.4.0-SNAPSHOT.jar:?]
	at org.apache.hadoop.ozone.protocolPB.OzoneManagerRequestHandler.handleReadRequest(OzoneManagerRequestHandler.java:250) ~[ozone-manager-1.4.0-SNAPSHOT.jar:?]
	at org.apache.hadoop.ozone.protocolPB.OzoneManagerProtocolServerSideTranslatorPB.submitRequestDirectlyToOM(OzoneManagerProtocolServerSideTranslatorPB.java:274) ~[ozone-manager-1.4.0-SNAPSHOT.jar:?]
	at org.apache.hadoop.ozone.protocolPB.OzoneManagerProtocolServerSideTranslatorPB.processRequest(OzoneManagerProtocolServerSideTranslatorPB.java:175) ~[ozone-manager-1.4.0-SNAPSHOT.jar:?]
	at org.apache.hadoop.hdds.server.OzoneProtocolMessageDispatcher.processRequest(OzoneProtocolMessageDispatcher.java:87) [hdds-server-framework-1.4.0-SNAPSHOT.jar:?]
	at org.apache.hadoop.ozone.protocolPB.OzoneManagerProtocolServerSideTranslatorPB.submitRequest(OzoneManagerProtocolServerSideTranslatorPB.java:148) [ozone-manager-1.4.0-SNAPSHOT.jar:?]
	at org.apache.hadoop.ozone.protocol.proto.OzoneManagerProtocolProtos$OzoneManagerService$2.callBlockingMethod(OzoneManagerProtocolProtos.java) [ozone-interface-client-1.4.0-SNAPSHOT.jar:?]
	at org.apache.hadoop.ipc.ProtobufRpcEngine$Server.processCall(ProtobufRpcEngine.java:484) [hadoop-common-3.3.6.jar:?]
	at org.apache.hadoop.ipc.ProtobufRpcEngine2$Server$ProtoBufRpcInvoker.call(ProtobufRpcEngine2.java:595) [hadoop-common-3.3.6.jar:?]
	at org.apache.hadoop.ipc.ProtobufRpcEngine2$Server$ProtoBufRpcInvoker.call(ProtobufRpcEngine2.java:573) [hadoop-common-3.3.6.jar:?]
	at org.apache.hadoop.ipc.RPC$Server.call(RPC.java:1227) [hadoop-common-3.3.6.jar:?]
	at org.apache.hadoop.ipc.Server$RpcCall.run(Server.java:1094) [hadoop-common-3.3.6.jar:?]
	at org.apache.hadoop.ipc.Server$RpcCall.run(Server.java:1017) [hadoop-common-3.3.6.jar:?]
	at java.security.AccessController.doPrivileged(Native Method) ~[?:1.8.0_382]
	at javax.security.auth.Subject.doAs(Subject.java:422) [?:1.8.0_382]
	at org.apache.hadoop.security.UserGroupInformation.doAs(UserGroupInformation.java:1899) [hadoop-common-3.3.6.jar:?]
	at org.apache.hadoop.ipc.Server$Handler.run(Server.java:3048) [hadoop-common-3.3.6.jar:?]
11:18:19.913 [IPC Server handler 19 on default port 15057] ERROR OMAudit - user=runner | ip=127.0.0.1 | op=GET_FILE_STATUS {volume=volume79664, bucket=bucket82507, key=gdir1/dir2/child, dataSize=0, replicationConfig=null} | ret=FAILURE
org.apache.hadoop.ozone.om.exceptions.OMException: Unable to get file status: volume: volume79664 bucket: bucket82507 key: gdir1/dir2/child
	at org.apache.hadoop.ozone.om.KeyManagerImpl.getOzoneFileStatus(KeyManagerImpl.java:1195) ~[ozone-manager-1.4.0-SNAPSHOT.jar:?]
	at org.apache.hadoop.ozone.om.KeyManagerImpl.getFileStatus(KeyManagerImpl.java:1113) ~[ozone-manager-1.4.0-SNAPSHOT.jar:?]
	at org.apache.hadoop.ozone.om.OmMetadataReader.getFileStatus(OmMetadataReader.java:262) ~[ozone-manager-1.4.0-SNAPSHOT.jar:?]
	at org.apache.hadoop.ozone.om.OzoneManager.getFileStatus(OzoneManager.java:3530) ~[ozone-manager-1.4.0-SNAPSHOT.jar:?]
	at org.apache.hadoop.ozone.protocolPB.OzoneManagerRequestHandler.getOzoneFileStatus(OzoneManagerRequestHandler.java:971) ~[ozone-manager-1.4.0-SNAPSHOT.jar:?]
	at org.apache.hadoop.ozone.protocolPB.OzoneManagerRequestHandler.handleReadRequest(OzoneManagerRequestHandler.java:250) ~[ozone-manager-1.4.0-SNAPSHOT.jar:?]
	at org.apache.hadoop.ozone.protocolPB.OzoneManagerProtocolServerSideTranslatorPB.submitRequestDirectlyToOM(OzoneManagerProtocolServerSideTranslatorPB.java:274) ~[ozone-manager-1.4.0-SNAPSHOT.jar:?]
	at org.apache.hadoop.ozone.protocolPB.OzoneManagerProtocolServerSideTranslatorPB.processRequest(OzoneManagerProtocolServerSideTranslatorPB.java:175) ~[ozone-manager-1.4.0-SNAPSHOT.jar:?]
	at org.apache.hadoop.hdds.server.OzoneProtocolMessageDispatcher.processRequest(OzoneProtocolMessageDispatcher.java:87) [hdds-server-framework-1.4.0-SNAPSHOT.jar:?]
	at org.apache.hadoop.ozone.protocolPB.OzoneManagerProtocolServerSideTranslatorPB.submitRequest(OzoneManagerProtocolServerSideTranslatorPB.java:148) [ozone-manager-1.4.0-SNAPSHOT.jar:?]
	at org.apache.hadoop.ozone.protocol.proto.OzoneManagerProtocolProtos$OzoneManagerService$2.callBlockingMethod(OzoneManagerProtocolProtos.java) [ozone-interface-client-1.4.0-SNAPSHOT.jar:?]
	at org.apache.hadoop.ipc.ProtobufRpcEngine$Server.processCall(ProtobufRpcEngine.java:484) [hadoop-common-3.3.6.jar:?]
	at org.apache.hadoop.ipc.ProtobufRpcEngine2$Server$ProtoBufRpcInvoker.call(ProtobufRpcEngine2.java:595) [hadoop-common-3.3.6.jar:?]
	at org.apache.hadoop.ipc.ProtobufRpcEngine2$Server$ProtoBufRpcInvoker.call(ProtobufRpcEngine2.java:573) [hadoop-common-3.3.6.jar:?]
	at org.apache.hadoop.ipc.RPC$Server.call(RPC.java:1227) [hadoop-common-3.3.6.jar:?]
	at org.apache.hadoop.ipc.Server$RpcCall.run(Server.java:1094) [hadoop-common-3.3.6.jar:?]
	at org.apache.hadoop.ipc.Server$RpcCall.run(Server.java:1017) [hadoop-common-3.3.6.jar:?]
	at java.security.AccessController.doPrivileged(Native Method) ~[?:1.8.0_382]
	at javax.security.auth.Subject.doAs(Subject.java:422) [?:1.8.0_382]
	at org.apache.hadoop.security.UserGroupInformation.doAs(UserGroupInformation.java:1899) [hadoop-common-3.3.6.jar:?]
	at org.apache.hadoop.ipc.Server$Handler.run(Server.java:3048) [hadoop-common-3.3.6.jar:?]
11:18:19.914 [IPC Server handler 11 on default port 15057] ERROR OMAudit - user=runner | ip=127.0.0.1 | op=GET_FILE_STATUS {volume=volume79664, bucket=bucket82507, key=gdir1/dir3, dataSize=0, replicationConfig=null} | ret=FAILURE
org.apache.hadoop.ozone.om.exceptions.OMException: Unable to get file status: volume: volume79664 bucket: bucket82507 key: gdir1/dir3
	at org.apache.hadoop.ozone.om.KeyManagerImpl.getOzoneFileStatus(KeyManagerImpl.java:1195) ~[ozone-manager-1.4.0-SNAPSHOT.jar:?]
	at org.apache.hadoop.ozone.om.KeyManagerImpl.getFileStatus(KeyManagerImpl.java:1113) ~[ozone-manager-1.4.0-SNAPSHOT.jar:?]
	at org.apache.hadoop.ozone.om.OmMetadataReader.getFileStatus(OmMetadataReader.java:262) ~[ozone-manager-1.4.0-SNAPSHOT.jar:?]
	at org.apache.hadoop.ozone.om.OzoneManager.getFileStatus(OzoneManager.java:3530) ~[ozone-manager-1.4.0-SNAPSHOT.jar:?]
	at org.apache.hadoop.ozone.protocolPB.OzoneManagerRequestHandler.getOzoneFileStatus(OzoneManagerRequestHandler.java:971) ~[ozone-manager-1.4.0-SNAPSHOT.jar:?]
	at org.apache.hadoop.ozone.protocolPB.OzoneManagerRequestHandler.handleReadRequest(OzoneManagerRequestHandler.java:250) ~[ozone-manager-1.4.0-SNAPSHOT.jar:?]
	at org.apache.hadoop.ozone.protocolPB.OzoneManagerProtocolServerSideTranslatorPB.submitRequestDirectlyToOM(OzoneManagerProtocolServerSideTranslatorPB.java:274) ~[ozone-manager-1.4.0-SNAPSHOT.jar:?]
	at org.apache.hadoop.ozone.protocolPB.OzoneManagerProtocolServerSideTranslatorPB.processRequest(OzoneManagerProtocolServerSideTranslatorPB.java:175) ~[ozone-manager-1.4.0-SNAPSHOT.jar:?]
	at org.apache.hadoop.hdds.server.OzoneProtocolMessageDispatcher.processRequest(OzoneProtocolMessageDispatcher.java:87) [hdds-server-framework-1.4.0-SNAPSHOT.jar:?]
	at org.apache.hadoop.ozone.protocolPB.OzoneManagerProtocolServerSideTranslatorPB.submitRequest(OzoneManagerProtocolServerSideTranslatorPB.java:148) [ozone-manager-1.4.0-SNAPSHOT.jar:?]
	at org.apache.hadoop.ozone.protocol.proto.OzoneManagerProtocolProtos$OzoneManagerService$2.callBlockingMethod(OzoneManagerProtocolProtos.java) [ozone-interface-client-1.4.0-SNAPSHOT.jar:?]
	at org.apache.hadoop.ipc.ProtobufRpcEngine$Server.processCall(ProtobufRpcEngine.java:484) [hadoop-common-3.3.6.jar:?]
	at org.apache.hadoop.ipc.ProtobufRpcEngine2$Server$ProtoBufRpcInvoker.call(ProtobufRpcEngine2.java:595) [hadoop-common-3.3.6.jar:?]
	at org.apache.hadoop.ipc.ProtobufRpcEngine2$Server$ProtoBufRpcInvoker.call(ProtobufRpcEngine2.java:573) [hadoop-common-3.3.6.jar:?]
	at org.apache.hadoop.ipc.RPC$Server.call(RPC.java:1227) [hadoop-common-3.3.6.jar:?]
	at org.apache.hadoop.ipc.Server$RpcCall.run(Server.java:1094) [hadoop-common-3.3.6.jar:?]
	at org.apache.hadoop.ipc.Server$RpcCall.run(Server.java:1017) [hadoop-common-3.3.6.jar:?]
	at java.security.AccessController.doPrivileged(Native Method) ~[?:1.8.0_382]
	at javax.security.auth.Subject.doAs(Subject.java:422) [?:1.8.0_382]
	at org.apache.hadoop.security.UserGroupInformation.doAs(UserGroupInformation.java:1899) [hadoop-common-3.3.6.jar:?]
	at org.apache.hadoop.ipc.Server$Handler.run(Server.java:3048) [hadoop-common-3.3.6.jar:?]
11:18:19.916 [IPC Server handler 0 on default port 15057] ERROR OMAudit - user=runner | ip=127.0.0.1 | op=GET_FILE_STATUS {volume=volume79664, bucket=bucket82507, key=gdir1/dir3/child, dataSize=0, replicationConfig=null} | ret=FAILURE
org.apache.hadoop.ozone.om.exceptions.OMException: Unable to get file status: volume: volume79664 bucket: bucket82507 key: gdir1/dir3/child
	at org.apache.hadoop.ozone.om.KeyManagerImpl.getOzoneFileStatus(KeyManagerImpl.java:1195) ~[ozone-manager-1.4.0-SNAPSHOT.jar:?]
	at org.apache.hadoop.ozone.om.KeyManagerImpl.getFileStatus(KeyManagerImpl.java:1113) ~[ozone-manager-1.4.0-SNAPSHOT.jar:?]
	at org.apache.hadoop.ozone.om.OmMetadataReader.getFileStatus(OmMetadataReader.java:262) ~[ozone-manager-1.4.0-SNAPSHOT.jar:?]
	at org.apache.hadoop.ozone.om.OzoneManager.getFileStatus(OzoneManager.java:3530) ~[ozone-manager-1.4.0-SNAPSHOT.jar:?]
	at org.apache.hadoop.ozone.protocolPB.OzoneManagerRequestHandler.getOzoneFileStatus(OzoneManagerRequestHandler.java:971) ~[ozone-manager-1.4.0-SNAPSHOT.jar:?]
	at org.apache.hadoop.ozone.protocolPB.OzoneManagerRequestHandler.handleReadRequest(OzoneManagerRequestHandler.java:250) ~[ozone-manager-1.4.0-SNAPSHOT.jar:?]
	at org.apache.hadoop.ozone.protocolPB.OzoneManagerProtocolServerSideTranslatorPB.submitRequestDirectlyToOM(OzoneManagerProtocolServerSideTranslatorPB.java:274) ~[ozone-manager-1.4.0-SNAPSHOT.jar:?]
	at org.apache.hadoop.ozone.protocolPB.OzoneManagerProtocolServerSideTranslatorPB.processRequest(OzoneManagerProtocolServerSideTranslatorPB.java:175) ~[ozone-manager-1.4.0-SNAPSHOT.jar:?]
	at org.apache.hadoop.hdds.server.OzoneProtocolMessageDispatcher.processRequest(OzoneProtocolMessageDispatcher.java:87) [hdds-server-framework-1.4.0-SNAPSHOT.jar:?]
	at org.apache.hadoop.ozone.protocolPB.OzoneManagerProtocolServerSideTranslatorPB.submitRequest(OzoneManagerProtocolServerSideTranslatorPB.java:148) [ozone-manager-1.4.0-SNAPSHOT.jar:?]
	at org.apache.hadoop.ozone.protocol.proto.OzoneManagerProtocolProtos$OzoneManagerService$2.callBlockingMethod(OzoneManagerProtocolProtos.java) [ozone-interface-client-1.4.0-SNAPSHOT.jar:?]
	at org.apache.hadoop.ipc.ProtobufRpcEngine$Server.processCall(ProtobufRpcEngine.java:484) [hadoop-common-3.3.6.jar:?]
	at org.apache.hadoop.ipc.ProtobufRpcEngine2$Server$ProtoBufRpcInvoker.call(ProtobufRpcEngine2.java:595) [hadoop-common-3.3.6.jar:?]
	at org.apache.hadoop.ipc.ProtobufRpcEngine2$Server$ProtoBufRpcInvoker.call(ProtobufRpcEngine2.java:573) [hadoop-common-3.3.6.jar:?]
	at org.apache.hadoop.ipc.RPC$Server.call(RPC.java:1227) [hadoop-common-3.3.6.jar:?]
	at org.apache.hadoop.ipc.Server$RpcCall.run(Server.java:1094) [hadoop-common-3.3.6.jar:?]
	at org.apache.hadoop.ipc.Server$RpcCall.run(Server.java:1017) [hadoop-common-3.3.6.jar:?]
	at java.security.AccessController.doPrivileged(Native Method) ~[?:1.8.0_382]
	at javax.security.auth.Subject.doAs(Subject.java:422) [?:1.8.0_382]
	at org.apache.hadoop.security.UserGroupInformation.doAs(UserGroupInformation.java:1899) [hadoop-common-3.3.6.jar:?]
	at org.apache.hadoop.ipc.Server$Handler.run(Server.java:3048) [hadoop-common-3.3.6.jar:?]
11:18:19.917 [IPC Server handler 1 on default port 15057] ERROR OMAudit - user=runner | ip=127.0.0.1 | op=GET_FILE_STATUS {volume=volume79664, bucket=bucket82507, key=gdir1/dir4, dataSize=0, replicationConfig=null} | ret=FAILURE
org.apache.hadoop.ozone.om.exceptions.OMException: Unable to get file status: volume: volume79664 bucket: bucket82507 key: gdir1/dir4
	at org.apache.hadoop.ozone.om.KeyManagerImpl.getOzoneFileStatus(KeyManagerImpl.java:1195) ~[ozone-manager-1.4.0-SNAPSHOT.jar:?]
	at org.apache.hadoop.ozone.om.KeyManagerImpl.getFileStatus(KeyManagerImpl.java:1113) ~[ozone-manager-1.4.0-SNAPSHOT.jar:?]
	at org.apache.hadoop.ozone.om.OmMetadataReader.getFileStatus(OmMetadataReader.java:262) ~[ozone-manager-1.4.0-SNAPSHOT.jar:?]
	at org.apache.hadoop.ozone.om.OzoneManager.getFileStatus(OzoneManager.java:3530) ~[ozone-manager-1.4.0-SNAPSHOT.jar:?]
	at org.apache.hadoop.ozone.protocolPB.OzoneManagerRequestHandler.getOzoneFileStatus(OzoneManagerRequestHandler.java:971) ~[ozone-manager-1.4.0-SNAPSHOT.jar:?]
	at org.apache.hadoop.ozone.protocolPB.OzoneManagerRequestHandler.handleReadRequest(OzoneManagerRequestHandler.java:250) ~[ozone-manager-1.4.0-SNAPSHOT.jar:?]
	at org.apache.hadoop.ozone.protocolPB.OzoneManagerProtocolServerSideTranslatorPB.submitRequestDirectlyToOM(OzoneManagerProtocolServerSideTranslatorPB.java:274) ~[ozone-manager-1.4.0-SNAPSHOT.jar:?]
	at org.apache.hadoop.ozone.protocolPB.OzoneManagerProtocolServerSideTranslatorPB.processRequest(OzoneManagerProtocolServerSideTranslatorPB.java:175) ~[ozone-manager-1.4.0-SNAPSHOT.jar:?]
	at org.apache.hadoop.hdds.server.OzoneProtocolMessageDispatcher.processRequest(OzoneProtocolMessageDispatcher.java:87) [hdds-server-framework-1.4.0-SNAPSHOT.jar:?]
	at org.apache.hadoop.ozone.protocolPB.OzoneManagerProtocolServerSideTranslatorPB.submitRequest(OzoneManagerProtocolServerSideTranslatorPB.java:148) [ozone-manager-1.4.0-SNAPSHOT.jar:?]
	at org.apache.hadoop.ozone.protocol.proto.OzoneManagerProtocolProtos$OzoneManagerService$2.callBlockingMethod(OzoneManagerProtocolProtos.java) [ozone-interface-client-1.4.0-SNAPSHOT.jar:?]
	at org.apache.hadoop.ipc.ProtobufRpcEngine$Server.processCall(ProtobufRpcEngine.java:484) [hadoop-common-3.3.6.jar:?]
	at org.apache.hadoop.ipc.ProtobufRpcEngine2$Server$ProtoBufRpcInvoker.call(ProtobufRpcEngine2.java:595) [hadoop-common-3.3.6.jar:?]
	at org.apache.hadoop.ipc.ProtobufRpcEngine2$Server$ProtoBufRpcInvoker.call(ProtobufRpcEngine2.java:573) [hadoop-common-3.3.6.jar:?]
	at org.apache.hadoop.ipc.RPC$Server.call(RPC.java:1227) [hadoop-common-3.3.6.jar:?]
	at org.apache.hadoop.ipc.Server$RpcCall.run(Server.java:1094) [hadoop-common-3.3.6.jar:?]
	at org.apache.hadoop.ipc.Server$RpcCall.run(Server.java:1017) [hadoop-common-3.3.6.jar:?]
	at java.security.AccessController.doPrivileged(Native Method) ~[?:1.8.0_382]
	at javax.security.auth.Subject.doAs(Subject.java:422) [?:1.8.0_382]
	at org.apache.hadoop.security.UserGroupInformation.doAs(UserGroupInformation.java:1899) [hadoop-common-3.3.6.jar:?]
	at org.apache.hadoop.ipc.Server$Handler.run(Server.java:3048) [hadoop-common-3.3.6.jar:?]
11:18:19.918 [IPC Server handler 2 on default port 15057] ERROR OMAudit - user=runner | ip=127.0.0.1 | op=GET_FILE_STATUS {volume=volume79664, bucket=bucket82507, key=gdir1/dir4/child, dataSize=0, replicationConfig=null} | ret=FAILURE
org.apache.hadoop.ozone.om.exceptions.OMException: Unable to get file status: volume: volume79664 bucket: bucket82507 key: gdir1/dir4/child
	at org.apache.hadoop.ozone.om.KeyManagerImpl.getOzoneFileStatus(KeyManagerImpl.java:1195) ~[ozone-manager-1.4.0-SNAPSHOT.jar:?]
	at org.apache.hadoop.ozone.om.KeyManagerImpl.getFileStatus(KeyManagerImpl.java:1113) ~[ozone-manager-1.4.0-SNAPSHOT.jar:?]
	at org.apache.hadoop.ozone.om.OmMetadataReader.getFileStatus(OmMetadataReader.java:262) ~[ozone-manager-1.4.0-SNAPSHOT.jar:?]
	at org.apache.hadoop.ozone.om.OzoneManager.getFileStatus(OzoneManager.java:3530) ~[ozone-manager-1.4.0-SNAPSHOT.jar:?]
	at org.apache.hadoop.ozone.protocolPB.OzoneManagerRequestHandler.getOzoneFileStatus(OzoneManagerRequestHandler.java:971) ~[ozone-manager-1.4.0-SNAPSHOT.jar:?]
	at org.apache.hadoop.ozone.protocolPB.OzoneManagerRequestHandler.handleReadRequest(OzoneManagerRequestHandler.java:250) ~[ozone-manager-1.4.0-SNAPSHOT.jar:?]
	at org.apache.hadoop.ozone.protocolPB.OzoneManagerProtocolServerSideTranslatorPB.submitRequestDirectlyToOM(OzoneManagerProtocolServerSideTranslatorPB.java:274) ~[ozone-manager-1.4.0-SNAPSHOT.jar:?]
	at org.apache.hadoop.ozone.protocolPB.OzoneManagerProtocolServerSideTranslatorPB.processRequest(OzoneManagerProtocolServerSideTranslatorPB.java:175) ~[ozone-manager-1.4.0-SNAPSHOT.jar:?]
	at org.apache.hadoop.hdds.server.OzoneProtocolMessageDispatcher.processRequest(OzoneProtocolMessageDispatcher.java:87) [hdds-server-framework-1.4.0-SNAPSHOT.jar:?]
	at org.apache.hadoop.ozone.protocolPB.OzoneManagerProtocolServerSideTranslatorPB.submitRequest(OzoneManagerProtocolServerSideTranslatorPB.java:148) [ozone-manager-1.4.0-SNAPSHOT.jar:?]
	at org.apache.hadoop.ozone.protocol.proto.OzoneManagerProtocolProtos$OzoneManagerService$2.callBlockingMethod(OzoneManagerProtocolProtos.java) [ozone-interface-client-1.4.0-SNAPSHOT.jar:?]
	at org.apache.hadoop.ipc.ProtobufRpcEngine$Server.processCall(ProtobufRpcEngine.java:484) [hadoop-common-3.3.6.jar:?]
	at org.apache.hadoop.ipc.ProtobufRpcEngine2$Server$ProtoBufRpcInvoker.call(ProtobufRpcEngine2.java:595) [hadoop-common-3.3.6.jar:?]
	at org.apache.hadoop.ipc.ProtobufRpcEngine2$Server$ProtoBufRpcInvoker.call(ProtobufRpcEngine2.java:573) [hadoop-common-3.3.6.jar:?]
	at org.apache.hadoop.ipc.RPC$Server.call(RPC.java:1227) [hadoop-common-3.3.6.jar:?]
	at org.apache.hadoop.ipc.Server$RpcCall.run(Server.java:1094) [hadoop-common-3.3.6.jar:?]
	at org.apache.hadoop.ipc.Server$RpcCall.run(Server.java:1017) [hadoop-common-3.3.6.jar:?]
	at java.security.AccessController.doPrivileged(Native Method) ~[?:1.8.0_382]
	at javax.security.auth.Subject.doAs(Subject.java:422) [?:1.8.0_382]
	at org.apache.hadoop.security.UserGroupInformation.doAs(UserGroupInformation.java:1899) [hadoop-common-3.3.6.jar:?]
	at org.apache.hadoop.ipc.Server$Handler.run(Server.java:3048) [hadoop-common-3.3.6.jar:?]
11:18:19.919 [IPC Server handler 3 on default port 15057] ERROR OMAudit - user=runner | ip=127.0.0.1 | op=GET_FILE_STATUS {volume=volume79664, bucket=bucket82507, key=gdir1/dir5, dataSize=0, replicationConfig=null} | ret=FAILURE
org.apache.hadoop.ozone.om.exceptions.OMException: Unable to get file status: volume: volume79664 bucket: bucket82507 key: gdir1/dir5
	at org.apache.hadoop.ozone.om.KeyManagerImpl.getOzoneFileStatus(KeyManagerImpl.java:1195) ~[ozone-manager-1.4.0-SNAPSHOT.jar:?]
	at org.apache.hadoop.ozone.om.KeyManagerImpl.getFileStatus(KeyManagerImpl.java:1113) ~[ozone-manager-1.4.0-SNAPSHOT.jar:?]
	at org.apache.hadoop.ozone.om.OmMetadataReader.getFileStatus(OmMetadataReader.java:262) ~[ozone-manager-1.4.0-SNAPSHOT.jar:?]
	at org.apache.hadoop.ozone.om.OzoneManager.getFileStatus(OzoneManager.java:3530) ~[ozone-manager-1.4.0-SNAPSHOT.jar:?]
	at org.apache.hadoop.ozone.protocolPB.OzoneManagerRequestHandler.getOzoneFileStatus(OzoneManagerRequestHandler.java:971) ~[ozone-manager-1.4.0-SNAPSHOT.jar:?]
	at org.apache.hadoop.ozone.protocolPB.OzoneManagerRequestHandler.handleReadRequest(OzoneManagerRequestHandler.java:250) ~[ozone-manager-1.4.0-SNAPSHOT.jar:?]
	at org.apache.hadoop.ozone.protocolPB.OzoneManagerProtocolServerSideTranslatorPB.submitRequestDirectlyToOM(OzoneManagerProtocolServerSideTranslatorPB.java:274) ~[ozone-manager-1.4.0-SNAPSHOT.jar:?]
	at org.apache.hadoop.ozone.protocolPB.OzoneManagerProtocolServerSideTranslatorPB.processRequest(OzoneManagerProtocolServerSideTranslatorPB.java:175) ~[ozone-manager-1.4.0-SNAPSHOT.jar:?]
	at org.apache.hadoop.hdds.server.OzoneProtocolMessageDispatcher.processRequest(OzoneProtocolMessageDispatcher.java:87) [hdds-server-framework-1.4.0-SNAPSHOT.jar:?]
	at org.apache.hadoop.ozone.protocolPB.OzoneManagerProtocolServerSideTranslatorPB.submitRequest(OzoneManagerProtocolServerSideTranslatorPB.java:148) [ozone-manager-1.4.0-SNAPSHOT.jar:?]
	at org.apache.hadoop.ozone.protocol.proto.OzoneManagerProtocolProtos$OzoneManagerService$2.callBlockingMethod(OzoneManagerProtocolProtos.java) [ozone-interface-client-1.4.0-SNAPSHOT.jar:?]
	at org.apache.hadoop.ipc.ProtobufRpcEngine$Server.processCall(ProtobufRpcEngine.java:484) [hadoop-common-3.3.6.jar:?]
	at org.apache.hadoop.ipc.ProtobufRpcEngine2$Server$ProtoBufRpcInvoker.call(ProtobufRpcEngine2.java:595) [hadoop-common-3.3.6.jar:?]
	at org.apache.hadoop.ipc.ProtobufRpcEngine2$Server$ProtoBufRpcInvoker.call(ProtobufRpcEngine2.java:573) [hadoop-common-3.3.6.jar:?]
	at org.apache.hadoop.ipc.RPC$Server.call(RPC.java:1227) [hadoop-common-3.3.6.jar:?]
	at org.apache.hadoop.ipc.Server$RpcCall.run(Server.java:1094) [hadoop-common-3.3.6.jar:?]
	at org.apache.hadoop.ipc.Server$RpcCall.run(Server.java:1017) [hadoop-common-3.3.6.jar:?]
	at java.security.AccessController.doPrivileged(Native Method) ~[?:1.8.0_382]
	at javax.security.auth.Subject.doAs(Subject.java:422) [?:1.8.0_382]
	at org.apache.hadoop.security.UserGroupInformation.doAs(UserGroupInformation.java:1899) [hadoop-common-3.3.6.jar:?]
	at org.apache.hadoop.ipc.Server$Handler.run(Server.java:3048) [hadoop-common-3.3.6.jar:?]
11:18:19.920 [IPC Server handler 4 on default port 15057] ERROR OMAudit - user=runner | ip=127.0.0.1 | op=GET_FILE_STATUS {volume=volume79664, bucket=bucket82507, key=gdir1/dir5/child, dataSize=0, replicationConfig=null} | ret=FAILURE
org.apache.hadoop.ozone.om.exceptions.OMException: Unable to get file status: volume: volume79664 bucket: bucket82507 key: gdir1/dir5/child
	at org.apache.hadoop.ozone.om.KeyManagerImpl.getOzoneFileStatus(KeyManagerImpl.java:1195) ~[ozone-manager-1.4.0-SNAPSHOT.jar:?]
	at org.apache.hadoop.ozone.om.KeyManagerImpl.getFileStatus(KeyManagerImpl.java:1113) ~[ozone-manager-1.4.0-SNAPSHOT.jar:?]
	at org.apache.hadoop.ozone.om.OmMetadataReader.getFileStatus(OmMetadataReader.java:262) ~[ozone-manager-1.4.0-SNAPSHOT.jar:?]
	at org.apache.hadoop.ozone.om.OzoneManager.getFileStatus(OzoneManager.java:3530) ~[ozone-manager-1.4.0-SNAPSHOT.jar:?]
	at org.apache.hadoop.ozone.protocolPB.OzoneManagerRequestHandler.getOzoneFileStatus(OzoneManagerRequestHandler.java:971) ~[ozone-manager-1.4.0-SNAPSHOT.jar:?]
	at org.apache.hadoop.ozone.protocolPB.OzoneManagerRequestHandler.handleReadRequest(OzoneManagerRequestHandler.java:250) ~[ozone-manager-1.4.0-SNAPSHOT.jar:?]
	at org.apache.hadoop.ozone.protocolPB.OzoneManagerProtocolServerSideTranslatorPB.submitRequestDirectlyToOM(OzoneManagerProtocolServerSideTranslatorPB.java:274) ~[ozone-manager-1.4.0-SNAPSHOT.jar:?]
	at org.apache.hadoop.ozone.protocolPB.OzoneManagerProtocolServerSideTranslatorPB.processRequest(OzoneManagerProtocolServerSideTranslatorPB.java:175) ~[ozone-manager-1.4.0-SNAPSHOT.jar:?]
	at org.apache.hadoop.hdds.server.OzoneProtocolMessageDispatcher.processRequest(OzoneProtocolMessageDispatcher.java:87) [hdds-server-framework-1.4.0-SNAPSHOT.jar:?]
	at org.apache.hadoop.ozone.protocolPB.OzoneManagerProtocolServerSideTranslatorPB.submitRequest(OzoneManagerProtocolServerSideTranslatorPB.java:148) [ozone-manager-1.4.0-SNAPSHOT.jar:?]
	at org.apache.hadoop.ozone.protocol.proto.OzoneManagerProtocolProtos$OzoneManagerService$2.callBlockingMethod(OzoneManagerProtocolProtos.java) [ozone-interface-client-1.4.0-SNAPSHOT.jar:?]
	at org.apache.hadoop.ipc.ProtobufRpcEngine$Server.processCall(ProtobufRpcEngine.java:484) [hadoop-common-3.3.6.jar:?]
	at org.apache.hadoop.ipc.ProtobufRpcEngine2$Server$ProtoBufRpcInvoker.call(ProtobufRpcEngine2.java:595) [hadoop-common-3.3.6.jar:?]
	at org.apache.hadoop.ipc.ProtobufRpcEngine2$Server$ProtoBufRpcInvoker.call(ProtobufRpcEngine2.java:573) [hadoop-common-3.3.6.jar:?]
	at org.apache.hadoop.ipc.RPC$Server.call(RPC.java:1227) [hadoop-common-3.3.6.jar:?]
	at org.apache.hadoop.ipc.Server$RpcCall.run(Server.java:1094) [hadoop-common-3.3.6.jar:?]
	at org.apache.hadoop.ipc.Server$RpcCall.run(Server.java:1017) [hadoop-common-3.3.6.jar:?]
	at java.security.AccessController.doPrivileged(Native Method) ~[?:1.8.0_382]
	at javax.security.auth.Subject.doAs(Subject.java:422) [?:1.8.0_382]
	at org.apache.hadoop.security.UserGroupInformation.doAs(UserGroupInformation.java:1899) [hadoop-common-3.3.6.jar:?]
	at org.apache.hadoop.ipc.Server$Handler.run(Server.java:3048) [hadoop-common-3.3.6.jar:?]
11:18:19.921 [IPC Server handler 7 on default port 15057] ERROR OMAudit - user=runner | ip=127.0.0.1 | op=GET_FILE_STATUS {volume=volume79664, bucket=bucket82507, key=gdir1/dir6, dataSize=0, replicationConfig=null} | ret=FAILURE
org.apache.hadoop.ozone.om.exceptions.OMException: Unable to get file status: volume: volume79664 bucket: bucket82507 key: gdir1/dir6
	at org.apache.hadoop.ozone.om.KeyManagerImpl.getOzoneFileStatus(KeyManagerImpl.java:1195) ~[ozone-manager-1.4.0-SNAPSHOT.jar:?]
	at org.apache.hadoop.ozone.om.KeyManagerImpl.getFileStatus(KeyManagerImpl.java:1113) ~[ozone-manager-1.4.0-SNAPSHOT.jar:?]
	at org.apache.hadoop.ozone.om.OmMetadataReader.getFileStatus(OmMetadataReader.java:262) ~[ozone-manager-1.4.0-SNAPSHOT.jar:?]
	at org.apache.hadoop.ozone.om.OzoneManager.getFileStatus(OzoneManager.java:3530) ~[ozone-manager-1.4.0-SNAPSHOT.jar:?]
	at org.apache.hadoop.ozone.protocolPB.OzoneManagerRequestHandler.getOzoneFileStatus(OzoneManagerRequestHandler.java:971) ~[ozone-manager-1.4.0-SNAPSHOT.jar:?]
	at org.apache.hadoop.ozone.protocolPB.OzoneManagerRequestHandler.handleReadRequest(OzoneManagerRequestHandler.java:250) ~[ozone-manager-1.4.0-SNAPSHOT.jar:?]
	at org.apache.hadoop.ozone.protocolPB.OzoneManagerProtocolServerSideTranslatorPB.submitRequestDirectlyToOM(OzoneManagerProtocolServerSideTranslatorPB.java:274) ~[ozone-manager-1.4.0-SNAPSHOT.jar:?]
	at org.apache.hadoop.ozone.protocolPB.OzoneManagerProtocolServerSideTranslatorPB.processRequest(OzoneManagerProtocolServerSideTranslatorPB.java:175) ~[ozone-manager-1.4.0-SNAPSHOT.jar:?]
	at org.apache.hadoop.hdds.server.OzoneProtocolMessageDispatcher.processRequest(OzoneProtocolMessageDispatcher.java:87) [hdds-server-framework-1.4.0-SNAPSHOT.jar:?]
	at org.apache.hadoop.ozone.protocolPB.OzoneManagerProtocolServerSideTranslatorPB.submitRequest(OzoneManagerProtocolServerSideTranslatorPB.java:148) [ozone-manager-1.4.0-SNAPSHOT.jar:?]
	at org.apache.hadoop.ozone.protocol.proto.OzoneManagerProtocolProtos$OzoneManagerService$2.callBlockingMethod(OzoneManagerProtocolProtos.java) [ozone-interface-client-1.4.0-SNAPSHOT.jar:?]
	at org.apache.hadoop.ipc.ProtobufRpcEngine$Server.processCall(ProtobufRpcEngine.java:484) [hadoop-common-3.3.6.jar:?]
	at org.apache.hadoop.ipc.ProtobufRpcEngine2$Server$ProtoBufRpcInvoker.call(ProtobufRpcEngine2.java:595) [hadoop-common-3.3.6.jar:?]
	at org.apache.hadoop.ipc.ProtobufRpcEngine2$Server$ProtoBufRpcInvoker.call(ProtobufRpcEngine2.java:573) [hadoop-common-3.3.6.jar:?]
	at org.apache.hadoop.ipc.RPC$Server.call(RPC.java:1227) [hadoop-common-3.3.6.jar:?]
	at org.apache.hadoop.ipc.Server$RpcCall.run(Server.java:1094) [hadoop-common-3.3.6.jar:?]
	at org.apache.hadoop.ipc.Server$RpcCall.run(Server.java:1017) [hadoop-common-3.3.6.jar:?]
	at java.security.AccessController.doPrivileged(Native Method) ~[?:1.8.0_382]
	at javax.security.auth.Subject.doAs(Subject.java:422) [?:1.8.0_382]
	at org.apache.hadoop.security.UserGroupInformation.doAs(UserGroupInformation.java:1899) [hadoop-common-3.3.6.jar:?]
	at org.apache.hadoop.ipc.Server$Handler.run(Server.java:3048) [hadoop-common-3.3.6.jar:?]
11:18:19.922 [IPC Server handler 5 on default port 15057] ERROR OMAudit - user=runner | ip=127.0.0.1 | op=GET_FILE_STATUS {volume=volume79664, bucket=bucket82507, key=gdir1/dir6/child, dataSize=0, replicationConfig=null} | ret=FAILURE
org.apache.hadoop.ozone.om.exceptions.OMException: Unable to get file status: volume: volume79664 bucket: bucket82507 key: gdir1/dir6/child
	at org.apache.hadoop.ozone.om.KeyManagerImpl.getOzoneFileStatus(KeyManagerImpl.java:1195) ~[ozone-manager-1.4.0-SNAPSHOT.jar:?]
	at org.apache.hadoop.ozone.om.KeyManagerImpl.getFileStatus(KeyManagerImpl.java:1113) ~[ozone-manager-1.4.0-SNAPSHOT.jar:?]
	at org.apache.hadoop.ozone.om.OmMetadataReader.getFileStatus(OmMetadataReader.java:262) ~[ozone-manager-1.4.0-SNAPSHOT.jar:?]
	at org.apache.hadoop.ozone.om.OzoneManager.getFileStatus(OzoneManager.java:3530) ~[ozone-manager-1.4.0-SNAPSHOT.jar:?]
	at org.apache.hadoop.ozone.protocolPB.OzoneManagerRequestHandler.getOzoneFileStatus(OzoneManagerRequestHandler.java:971) ~[ozone-manager-1.4.0-SNAPSHOT.jar:?]
	at org.apache.hadoop.ozone.protocolPB.OzoneManagerRequestHandler.handleReadRequest(OzoneManagerRequestHandler.java:250) ~[ozone-manager-1.4.0-SNAPSHOT.jar:?]
	at org.apache.hadoop.ozone.protocolPB.OzoneManagerProtocolServerSideTranslatorPB.submitRequestDirectlyToOM(OzoneManagerProtocolServerSideTranslatorPB.java:274) ~[ozone-manager-1.4.0-SNAPSHOT.jar:?]
	at org.apache.hadoop.ozone.protocolPB.OzoneManagerProtocolServerSideTranslatorPB.processRequest(OzoneManagerProtocolServerSideTranslatorPB.java:175) ~[ozone-manager-1.4.0-SNAPSHOT.jar:?]
	at org.apache.hadoop.hdds.server.OzoneProtocolMessageDispatcher.processRequest(OzoneProtocolMessageDispatcher.java:87) [hdds-server-framework-1.4.0-SNAPSHOT.jar:?]
	at org.apache.hadoop.ozone.protocolPB.OzoneManagerProtocolServerSideTranslatorPB.submitRequest(OzoneManagerProtocolServerSideTranslatorPB.java:148) [ozone-manager-1.4.0-SNAPSHOT.jar:?]
	at org.apache.hadoop.ozone.protocol.proto.OzoneManagerProtocolProtos$OzoneManagerService$2.callBlockingMethod(OzoneManagerProtocolProtos.java) [ozone-interface-client-1.4.0-SNAPSHOT.jar:?]
	at org.apache.hadoop.ipc.ProtobufRpcEngine$Server.processCall(ProtobufRpcEngine.java:484) [hadoop-common-3.3.6.jar:?]
	at org.apache.hadoop.ipc.ProtobufRpcEngine2$Server$ProtoBufRpcInvoker.call(ProtobufRpcEngine2.java:595) [hadoop-common-3.3.6.jar:?]
	at org.apache.hadoop.ipc.ProtobufRpcEngine2$Server$ProtoBufRpcInvoker.call(ProtobufRpcEngine2.java:573) [hadoop-common-3.3.6.jar:?]
	at org.apache.hadoop.ipc.RPC$Server.call(RPC.java:1227) [hadoop-common-3.3.6.jar:?]
	at org.apache.hadoop.ipc.Server$RpcCall.run(Server.java:1094) [hadoop-common-3.3.6.jar:?]
	at org.apache.hadoop.ipc.Server$RpcCall.run(Server.java:1017) [hadoop-common-3.3.6.jar:?]
	at java.security.AccessController.doPrivileged(Native Method) ~[?:1.8.0_382]
	at javax.security.auth.Subject.doAs(Subject.java:422) [?:1.8.0_382]
	at org.apache.hadoop.security.UserGroupInformation.doAs(UserGroupInformation.java:1899) [hadoop-common-3.3.6.jar:?]
	at org.apache.hadoop.ipc.Server$Handler.run(Server.java:3048) [hadoop-common-3.3.6.jar:?]
11:18:19.924 [IPC Server handler 6 on default port 15057] ERROR OMAudit - user=runner | ip=127.0.0.1 | op=GET_FILE_STATUS {volume=volume79664, bucket=bucket82507, key=gdir1/dir7, dataSize=0, replicationConfig=null} | ret=FAILURE
org.apache.hadoop.ozone.om.exceptions.OMException: Unable to get file status: volume: volume79664 bucket: bucket82507 key: gdir1/dir7
	at org.apache.hadoop.ozone.om.KeyManagerImpl.getOzoneFileStatus(KeyManagerImpl.java:1195) ~[ozone-manager-1.4.0-SNAPSHOT.jar:?]
	at org.apache.hadoop.ozone.om.KeyManagerImpl.getFileStatus(KeyManagerImpl.java:1113) ~[ozone-manager-1.4.0-SNAPSHOT.jar:?]
	at org.apache.hadoop.ozone.om.OmMetadataReader.getFileStatus(OmMetadataReader.java:262) ~[ozone-manager-1.4.0-SNAPSHOT.jar:?]
	at org.apache.hadoop.ozone.om.OzoneManager.getFileStatus(OzoneManager.java:3530) ~[ozone-manager-1.4.0-SNAPSHOT.jar:?]
	at org.apache.hadoop.ozone.protocolPB.OzoneManagerRequestHandler.getOzoneFileStatus(OzoneManagerRequestHandler.java:971) ~[ozone-manager-1.4.0-SNAPSHOT.jar:?]
	at org.apache.hadoop.ozone.protocolPB.OzoneManagerRequestHandler.handleReadRequest(OzoneManagerRequestHandler.java:250) ~[ozone-manager-1.4.0-SNAPSHOT.jar:?]
	at org.apache.hadoop.ozone.protocolPB.OzoneManagerProtocolServerSideTranslatorPB.submitRequestDirectlyToOM(OzoneManagerProtocolServerSideTranslatorPB.java:274) ~[ozone-manager-1.4.0-SNAPSHOT.jar:?]
	at org.apache.hadoop.ozone.protocolPB.OzoneManagerProtocolServerSideTranslatorPB.processRequest(OzoneManagerProtocolServerSideTranslatorPB.java:175) ~[ozone-manager-1.4.0-SNAPSHOT.jar:?]
	at org.apache.hadoop.hdds.server.OzoneProtocolMessageDispatcher.processRequest(OzoneProtocolMessageDispatcher.java:87) [hdds-server-framework-1.4.0-SNAPSHOT.jar:?]
	at org.apache.hadoop.ozone.protocolPB.OzoneManagerProtocolServerSideTranslatorPB.submitRequest(OzoneManagerProtocolServerSideTranslatorPB.java:148) [ozone-manager-1.4.0-SNAPSHOT.jar:?]
	at org.apache.hadoop.ozone.protocol.proto.OzoneManagerProtocolProtos$OzoneManagerService$2.callBlockingMethod(OzoneManagerProtocolProtos.java) [ozone-interface-client-1.4.0-SNAPSHOT.jar:?]
	at org.apache.hadoop.ipc.ProtobufRpcEngine$Server.processCall(ProtobufRpcEngine.java:484) [hadoop-common-3.3.6.jar:?]
	at org.apache.hadoop.ipc.ProtobufRpcEngine2$Server$ProtoBufRpcInvoker.call(ProtobufRpcEngine2.java:595) [hadoop-common-3.3.6.jar:?]
	at org.apache.hadoop.ipc.ProtobufRpcEngine2$Server$ProtoBufRpcInvoker.call(ProtobufRpcEngine2.java:573) [hadoop-common-3.3.6.jar:?]
	at org.apache.hadoop.ipc.RPC$Server.call(RPC.java:1227) [hadoop-common-3.3.6.jar:?]
	at org.apache.hadoop.ipc.Server$RpcCall.run(Server.java:1094) [hadoop-common-3.3.6.jar:?]
	at org.apache.hadoop.ipc.Server$RpcCall.run(Server.java:1017) [hadoop-common-3.3.6.jar:?]
	at java.security.AccessController.doPrivileged(Native Method) ~[?:1.8.0_382]
	at javax.security.auth.Subject.doAs(Subject.java:422) [?:1.8.0_382]
	at org.apache.hadoop.security.UserGroupInformation.doAs(UserGroupInformation.java:1899) [hadoop-common-3.3.6.jar:?]
	at org.apache.hadoop.ipc.Server$Handler.run(Server.java:3048) [hadoop-common-3.3.6.jar:?]
11:18:19.925 [IPC Server handler 10 on default port 15057] ERROR OMAudit - user=runner | ip=127.0.0.1 | op=GET_FILE_STATUS {volume=volume79664, bucket=bucket82507, key=gdir1/dir7/child, dataSize=0, replicationConfig=null} | ret=FAILURE
org.apache.hadoop.ozone.om.exceptions.OMException: Unable to get file status: volume: volume79664 bucket: bucket82507 key: gdir1/dir7/child
	at org.apache.hadoop.ozone.om.KeyManagerImpl.getOzoneFileStatus(KeyManagerImpl.java:1195) ~[ozone-manager-1.4.0-SNAPSHOT.jar:?]
	at org.apache.hadoop.ozone.om.KeyManagerImpl.getFileStatus(KeyManagerImpl.java:1113) ~[ozone-manager-1.4.0-SNAPSHOT.jar:?]
	at org.apache.hadoop.ozone.om.OmMetadataReader.getFileStatus(OmMetadataReader.java:262) ~[ozone-manager-1.4.0-SNAPSHOT.jar:?]
	at org.apache.hadoop.ozone.om.OzoneManager.getFileStatus(OzoneManager.java:3530) ~[ozone-manager-1.4.0-SNAPSHOT.jar:?]
	at org.apache.hadoop.ozone.protocolPB.OzoneManagerRequestHandler.getOzoneFileStatus(OzoneManagerRequestHandler.java:971) ~[ozone-manager-1.4.0-SNAPSHOT.jar:?]
	at org.apache.hadoop.ozone.protocolPB.OzoneManagerRequestHandler.handleReadRequest(OzoneManagerRequestHandler.java:250) ~[ozone-manager-1.4.0-SNAPSHOT.jar:?]
	at org.apache.hadoop.ozone.protocolPB.OzoneManagerProtocolServerSideTranslatorPB.submitRequestDirectlyToOM(OzoneManagerProtocolServerSideTranslatorPB.java:274) ~[ozone-manager-1.4.0-SNAPSHOT.jar:?]
	at org.apache.hadoop.ozone.protocolPB.OzoneManagerProtocolServerSideTranslatorPB.processRequest(OzoneManagerProtocolServerSideTranslatorPB.java:175) ~[ozone-manager-1.4.0-SNAPSHOT.jar:?]
	at org.apache.hadoop.hdds.server.OzoneProtocolMessageDispatcher.processRequest(OzoneProtocolMessageDispatcher.java:87) [hdds-server-framework-1.4.0-SNAPSHOT.jar:?]
	at org.apache.hadoop.ozone.protocolPB.OzoneManagerProtocolServerSideTranslatorPB.submitRequest(OzoneManagerProtocolServerSideTranslatorPB.java:148) [ozone-manager-1.4.0-SNAPSHOT.jar:?]
	at org.apache.hadoop.ozone.protocol.proto.OzoneManagerProtocolProtos$OzoneManagerService$2.callBlockingMethod(OzoneManagerProtocolProtos.java) [ozone-interface-client-1.4.0-SNAPSHOT.jar:?]
	at org.apache.hadoop.ipc.ProtobufRpcEngine$Server.processCall(ProtobufRpcEngine.java:484) [hadoop-common-3.3.6.jar:?]
	at org.apache.hadoop.ipc.ProtobufRpcEngine2$Server$ProtoBufRpcInvoker.call(ProtobufRpcEngine2.java:595) [hadoop-common-3.3.6.jar:?]
	at org.apache.hadoop.ipc.ProtobufRpcEngine2$Server$ProtoBufRpcInvoker.call(ProtobufRpcEngine2.java:573) [hadoop-common-3.3.6.jar:?]
	at org.apache.hadoop.ipc.RPC$Server.call(RPC.java:1227) [hadoop-common-3.3.6.jar:?]
	at org.apache.hadoop.ipc.Server$RpcCall.run(Server.java:1094) [hadoop-common-3.3.6.jar:?]
	at org.apache.hadoop.ipc.Server$RpcCall.run(Server.java:1017) [hadoop-common-3.3.6.jar:?]
	at java.security.AccessController.doPrivileged(Native Method) ~[?:1.8.0_382]
	at javax.security.auth.Subject.doAs(Subject.java:422) [?:1.8.0_382]
	at org.apache.hadoop.security.UserGroupInformation.doAs(UserGroupInformation.java:1899) [hadoop-common-3.3.6.jar:?]
	at org.apache.hadoop.ipc.Server$Handler.run(Server.java:3048) [hadoop-common-3.3.6.jar:?]
11:18:19.926 [IPC Server handler 9 on default port 15057] ERROR OMAudit - user=runner | ip=127.0.0.1 | op=GET_FILE_STATUS {volume=volume79664, bucket=bucket82507, key=gdir1/dir8, dataSize=0, replicationConfig=null} | ret=FAILURE
org.apache.hadoop.ozone.om.exceptions.OMException: Unable to get file status: volume: volume79664 bucket: bucket82507 key: gdir1/dir8
	at org.apache.hadoop.ozone.om.KeyManagerImpl.getOzoneFileStatus(KeyManagerImpl.java:1195) ~[ozone-manager-1.4.0-SNAPSHOT.jar:?]
	at org.apache.hadoop.ozone.om.KeyManagerImpl.getFileStatus(KeyManagerImpl.java:1113) ~[ozone-manager-1.4.0-SNAPSHOT.jar:?]
	at org.apache.hadoop.ozone.om.OmMetadataReader.getFileStatus(OmMetadataReader.java:262) ~[ozone-manager-1.4.0-SNAPSHOT.jar:?]
	at org.apache.hadoop.ozone.om.OzoneManager.getFileStatus(OzoneManager.java:3530) ~[ozone-manager-1.4.0-SNAPSHOT.jar:?]
	at org.apache.hadoop.ozone.protocolPB.OzoneManagerRequestHandler.getOzoneFileStatus(OzoneManagerRequestHandler.java:971) ~[ozone-manager-1.4.0-SNAPSHOT.jar:?]
	at org.apache.hadoop.ozone.protocolPB.OzoneManagerRequestHandler.handleReadRequest(OzoneManagerRequestHandler.java:250) ~[ozone-manager-1.4.0-SNAPSHOT.jar:?]
	at org.apache.hadoop.ozone.protocolPB.OzoneManagerProtocolServerSideTranslatorPB.submitRequestDirectlyToOM(OzoneManagerProtocolServerSideTranslatorPB.java:274) ~[ozone-manager-1.4.0-SNAPSHOT.jar:?]
	at org.apache.hadoop.ozone.protocolPB.OzoneManagerProtocolServerSideTranslatorPB.processRequest(OzoneManagerProtocolServerSideTranslatorPB.java:175) ~[ozone-manager-1.4.0-SNAPSHOT.jar:?]
	at org.apache.hadoop.hdds.server.OzoneProtocolMessageDispatcher.processRequest(OzoneProtocolMessageDispatcher.java:87) [hdds-server-framework-1.4.0-SNAPSHOT.jar:?]
	at org.apache.hadoop.ozone.protocolPB.OzoneManagerProtocolServerSideTranslatorPB.submitRequest(OzoneManagerProtocolServerSideTranslatorPB.java:148) [ozone-manager-1.4.0-SNAPSHOT.jar:?]
	at org.apache.hadoop.ozone.protocol.proto.OzoneManagerProtocolProtos$OzoneManagerService$2.callBlockingMethod(OzoneManagerProtocolProtos.java) [ozone-interface-client-1.4.0-SNAPSHOT.jar:?]
	at org.apache.hadoop.ipc.ProtobufRpcEngine$Server.processCall(ProtobufRpcEngine.java:484) [hadoop-common-3.3.6.jar:?]
	at org.apache.hadoop.ipc.ProtobufRpcEngine2$Server$ProtoBufRpcInvoker.call(ProtobufRpcEngine2.java:595) [hadoop-common-3.3.6.jar:?]
	at org.apache.hadoop.ipc.ProtobufRpcEngine2$Server$ProtoBufRpcInvoker.call(ProtobufRpcEngine2.java:573) [hadoop-common-3.3.6.jar:?]
	at org.apache.hadoop.ipc.RPC$Server.call(RPC.java:1227) [hadoop-common-3.3.6.jar:?]
	at org.apache.hadoop.ipc.Server$RpcCall.run(Server.java:1094) [hadoop-common-3.3.6.jar:?]
	at org.apache.hadoop.ipc.Server$RpcCall.run(Server.java:1017) [hadoop-common-3.3.6.jar:?]
	at java.security.AccessController.doPrivileged(Native Method) ~[?:1.8.0_382]
	at javax.security.auth.Subject.doAs(Subject.java:422) [?:1.8.0_382]
	at org.apache.hadoop.security.UserGroupInformation.doAs(UserGroupInformation.java:1899) [hadoop-common-3.3.6.jar:?]
	at org.apache.hadoop.ipc.Server$Handler.run(Server.java:3048) [hadoop-common-3.3.6.jar:?]
11:18:19.929 [IPC Server handler 8 on default port 15057] ERROR OMAudit - user=runner | ip=127.0.0.1 | op=GET_FILE_STATUS {volume=volume79664, bucket=bucket82507, key=gdir1/dir8/child, dataSize=0, replicationConfig=null} | ret=FAILURE
org.apache.hadoop.ozone.om.exceptions.OMException: Unable to get file status: volume: volume79664 bucket: bucket82507 key: gdir1/dir8/child
	at org.apache.hadoop.ozone.om.KeyManagerImpl.getOzoneFileStatus(KeyManagerImpl.java:1195) ~[ozone-manager-1.4.0-SNAPSHOT.jar:?]
	at org.apache.hadoop.ozone.om.KeyManagerImpl.getFileStatus(KeyManagerImpl.java:1113) ~[ozone-manager-1.4.0-SNAPSHOT.jar:?]
	at org.apache.hadoop.ozone.om.OmMetadataReader.getFileStatus(OmMetadataReader.java:262) ~[ozone-manager-1.4.0-SNAPSHOT.jar:?]
	at org.apache.hadoop.ozone.om.OzoneManager.getFileStatus(OzoneManager.java:3530) ~[ozone-manager-1.4.0-SNAPSHOT.jar:?]
	at org.apache.hadoop.ozone.protocolPB.OzoneManagerRequestHandler.getOzoneFileStatus(OzoneManagerRequestHandler.java:971) ~[ozone-manager-1.4.0-SNAPSHOT.jar:?]
	at org.apache.hadoop.ozone.protocolPB.OzoneManagerRequestHandler.handleReadRequest(OzoneManagerRequestHandler.java:250) ~[ozone-manager-1.4.0-SNAPSHOT.jar:?]
	at org.apache.hadoop.ozone.protocolPB.OzoneManagerProtocolServerSideTranslatorPB.submitRequestDirectlyToOM(OzoneManagerProtocolServerSideTranslatorPB.java:274) ~[ozone-manager-1.4.0-SNAPSHOT.jar:?]
	at org.apache.hadoop.ozone.protocolPB.OzoneManagerProtocolServerSideTranslatorPB.processRequest(OzoneManagerProtocolServerSideTranslatorPB.java:175) ~[ozone-manager-1.4.0-SNAPSHOT.jar:?]
	at org.apache.hadoop.hdds.server.OzoneProtocolMessageDispatcher.processRequest(OzoneProtocolMessageDispatcher.java:87) [hdds-server-framework-1.4.0-SNAPSHOT.jar:?]
	at org.apache.hadoop.ozone.protocolPB.OzoneManagerProtocolServerSideTranslatorPB.submitRequest(OzoneManagerProtocolServerSideTranslatorPB.java:148) [ozone-manager-1.4.0-SNAPSHOT.jar:?]
	at org.apache.hadoop.ozone.protocol.proto.OzoneManagerProtocolProtos$OzoneManagerService$2.callBlockingMethod(OzoneManagerProtocolProtos.java) [ozone-interface-client-1.4.0-SNAPSHOT.jar:?]
	at org.apache.hadoop.ipc.ProtobufRpcEngine$Server.processCall(ProtobufRpcEngine.java:484) [hadoop-common-3.3.6.jar:?]
	at org.apache.hadoop.ipc.ProtobufRpcEngine2$Server$ProtoBufRpcInvoker.call(ProtobufRpcEngine2.java:595) [hadoop-common-3.3.6.jar:?]
	at org.apache.hadoop.ipc.ProtobufRpcEngine2$Server$ProtoBufRpcInvoker.call(ProtobufRpcEngine2.java:573) [hadoop-common-3.3.6.jar:?]
	at org.apache.hadoop.ipc.RPC$Server.call(RPC.java:1227) [hadoop-common-3.3.6.jar:?]
	at org.apache.hadoop.ipc.Server$RpcCall.run(Server.java:1094) [hadoop-common-3.3.6.jar:?]
	at org.apache.hadoop.ipc.Server$RpcCall.run(Server.java:1017) [hadoop-common-3.3.6.jar:?]
	at java.security.AccessController.doPrivileged(Native Method) ~[?:1.8.0_382]
	at javax.security.auth.Subject.doAs(Subject.java:422) [?:1.8.0_382]
	at org.apache.hadoop.security.UserGroupInformation.doAs(UserGroupInformation.java:1899) [hadoop-common-3.3.6.jar:?]
	at org.apache.hadoop.ipc.Server$Handler.run(Server.java:3048) [hadoop-common-3.3.6.jar:?]
11:18:19.930 [IPC Server handler 16 on default port 15057] ERROR OMAudit - user=runner | ip=127.0.0.1 | op=GET_FILE_STATUS {volume=volume79664, bucket=bucket82507, key=gdir1/dir9, dataSize=0, replicationConfig=null} | ret=FAILURE
org.apache.hadoop.ozone.om.exceptions.OMException: Unable to get file status: volume: volume79664 bucket: bucket82507 key: gdir1/dir9
	at org.apache.hadoop.ozone.om.KeyManagerImpl.getOzoneFileStatus(KeyManagerImpl.java:1195) ~[ozone-manager-1.4.0-SNAPSHOT.jar:?]
	at org.apache.hadoop.ozone.om.KeyManagerImpl.getFileStatus(KeyManagerImpl.java:1113) ~[ozone-manager-1.4.0-SNAPSHOT.jar:?]
	at org.apache.hadoop.ozone.om.OmMetadataReader.getFileStatus(OmMetadataReader.java:262) ~[ozone-manager-1.4.0-SNAPSHOT.jar:?]
	at org.apache.hadoop.ozone.om.OzoneManager.getFileStatus(OzoneManager.java:3530) ~[ozone-manager-1.4.0-SNAPSHOT.jar:?]
	at org.apache.hadoop.ozone.protocolPB.OzoneManagerRequestHandler.getOzoneFileStatus(OzoneManagerRequestHandler.java:971) ~[ozone-manager-1.4.0-SNAPSHOT.jar:?]
	at org.apache.hadoop.ozone.protocolPB.OzoneManagerRequestHandler.handleReadRequest(OzoneManagerRequestHandler.java:250) ~[ozone-manager-1.4.0-SNAPSHOT.jar:?]
	at org.apache.hadoop.ozone.protocolPB.OzoneManagerProtocolServerSideTranslatorPB.submitRequestDirectlyToOM(OzoneManagerProtocolServerSideTranslatorPB.java:274) ~[ozone-manager-1.4.0-SNAPSHOT.jar:?]
	at org.apache.hadoop.ozone.protocolPB.OzoneManagerProtocolServerSideTranslatorPB.processRequest(OzoneManagerProtocolServerSideTranslatorPB.java:175) ~[ozone-manager-1.4.0-SNAPSHOT.jar:?]
	at org.apache.hadoop.hdds.server.OzoneProtocolMessageDispatcher.processRequest(OzoneProtocolMessageDispatcher.java:87) [hdds-server-framework-1.4.0-SNAPSHOT.jar:?]
	at org.apache.hadoop.ozone.protocolPB.OzoneManagerProtocolServerSideTranslatorPB.submitRequest(OzoneManagerProtocolServerSideTranslatorPB.java:148) [ozone-manager-1.4.0-SNAPSHOT.jar:?]
	at org.apache.hadoop.ozone.protocol.proto.OzoneManagerProtocolProtos$OzoneManagerService$2.callBlockingMethod(OzoneManagerProtocolProtos.java) [ozone-interface-client-1.4.0-SNAPSHOT.jar:?]
	at org.apache.hadoop.ipc.ProtobufRpcEngine$Server.processCall(ProtobufRpcEngine.java:484) [hadoop-common-3.3.6.jar:?]
	at org.apache.hadoop.ipc.ProtobufRpcEngine2$Server$ProtoBufRpcInvoker.call(ProtobufRpcEngine2.java:595) [hadoop-common-3.3.6.jar:?]
	at org.apache.hadoop.ipc.ProtobufRpcEngine2$Server$ProtoBufRpcInvoker.call(ProtobufRpcEngine2.java:573) [hadoop-common-3.3.6.jar:?]
	at org.apache.hadoop.ipc.RPC$Server.call(RPC.java:1227) [hadoop-common-3.3.6.jar:?]
	at org.apache.hadoop.ipc.Server$RpcCall.run(Server.java:1094) [hadoop-common-3.3.6.jar:?]
	at org.apache.hadoop.ipc.Server$RpcCall.run(Server.java:1017) [hadoop-common-3.3.6.jar:?]
	at java.security.AccessController.doPrivileged(Native Method) ~[?:1.8.0_382]
	at javax.security.auth.Subject.doAs(Subject.java:422) [?:1.8.0_382]
	at org.apache.hadoop.security.UserGroupInformation.doAs(UserGroupInformation.java:1899) [hadoop-common-3.3.6.jar:?]
	at org.apache.hadoop.ipc.Server$Handler.run(Server.java:3048) [hadoop-common-3.3.6.jar:?]
11:18:19.931 [IPC Server handler 17 on default port 15057] ERROR OMAudit - user=runner | ip=127.0.0.1 | op=GET_FILE_STATUS {volume=volume79664, bucket=bucket82507, key=gdir1/dir9/child, dataSize=0, replicationConfig=null} | ret=FAILURE
org.apache.hadoop.ozone.om.exceptions.OMException: Unable to get file status: volume: volume79664 bucket: bucket82507 key: gdir1/dir9/child
	at org.apache.hadoop.ozone.om.KeyManagerImpl.getOzoneFileStatus(KeyManagerImpl.java:1195) ~[ozone-manager-1.4.0-SNAPSHOT.jar:?]
	at org.apache.hadoop.ozone.om.KeyManagerImpl.getFileStatus(KeyManagerImpl.java:1113) ~[ozone-manager-1.4.0-SNAPSHOT.jar:?]
	at org.apache.hadoop.ozone.om.OmMetadataReader.getFileStatus(OmMetadataReader.java:262) ~[ozone-manager-1.4.0-SNAPSHOT.jar:?]
	at org.apache.hadoop.ozone.om.OzoneManager.getFileStatus(OzoneManager.java:3530) ~[ozone-manager-1.4.0-SNAPSHOT.jar:?]
	at org.apache.hadoop.ozone.protocolPB.OzoneManagerRequestHandler.getOzoneFileStatus(OzoneManagerRequestHandler.java:971) ~[ozone-manager-1.4.0-SNAPSHOT.jar:?]
	at org.apache.hadoop.ozone.protocolPB.OzoneManagerRequestHandler.handleReadRequest(OzoneManagerRequestHandler.java:250) ~[ozone-manager-1.4.0-SNAPSHOT.jar:?]
	at org.apache.hadoop.ozone.protocolPB.OzoneManagerProtocolServerSideTranslatorPB.submitRequestDirectlyToOM(OzoneManagerProtocolServerSideTranslatorPB.java:274) ~[ozone-manager-1.4.0-SNAPSHOT.jar:?]
	at org.apache.hadoop.ozone.protocolPB.OzoneManagerProtocolServerSideTranslatorPB.processRequest(OzoneManagerProtocolServerSideTranslatorPB.java:175) ~[ozone-manager-1.4.0-SNAPSHOT.jar:?]
	at org.apache.hadoop.hdds.server.OzoneProtocolMessageDispatcher.processRequest(OzoneProtocolMessageDispatcher.java:87) [hdds-server-framework-1.4.0-SNAPSHOT.jar:?]
	at org.apache.hadoop.ozone.protocolPB.OzoneManagerProtocolServerSideTranslatorPB.submitRequest(OzoneManagerProtocolServerSideTranslatorPB.java:148) [ozone-manager-1.4.0-SNAPSHOT.jar:?]
	at org.apache.hadoop.ozone.protocol.proto.OzoneManagerProtocolProtos$OzoneManagerService$2.callBlockingMethod(OzoneManagerProtocolProtos.java) [ozone-interface-client-1.4.0-SNAPSHOT.jar:?]
	at org.apache.hadoop.ipc.ProtobufRpcEngine$Server.processCall(ProtobufRpcEngine.java:484) [hadoop-common-3.3.6.jar:?]
	at org.apache.hadoop.ipc.ProtobufRpcEngine2$Server$ProtoBufRpcInvoker.call(ProtobufRpcEngine2.java:595) [hadoop-common-3.3.6.jar:?]
	at org.apache.hadoop.ipc.ProtobufRpcEngine2$Server$ProtoBufRpcInvoker.call(ProtobufRpcEngine2.java:573) [hadoop-common-3.3.6.jar:?]
	at org.apache.hadoop.ipc.RPC$Server.call(RPC.java:1227) [hadoop-common-3.3.6.jar:?]
	at org.apache.hadoop.ipc.Server$RpcCall.run(Server.java:1094) [hadoop-common-3.3.6.jar:?]
	at org.apache.hadoop.ipc.Server$RpcCall.run(Server.java:1017) [hadoop-common-3.3.6.jar:?]
	at java.security.AccessController.doPrivileged(Native Method) ~[?:1.8.0_382]
	at javax.security.auth.Subject.doAs(Subject.java:422) [?:1.8.0_382]
	at org.apache.hadoop.security.UserGroupInformation.doAs(UserGroupInformation.java:1899) [hadoop-common-3.3.6.jar:?]
	at org.apache.hadoop.ipc.Server$Handler.run(Server.java:3048) [hadoop-common-3.3.6.jar:?]
11:18:19.932 [IPC Server handler 18 on default port 15057] ERROR OMAudit - user=runner | ip=127.0.0.1 | op=GET_FILE_STATUS {volume=volume79664, bucket=bucket82507, key=gdir1/dir10, dataSize=0, replicationConfig=null} | ret=FAILURE
org.apache.hadoop.ozone.om.exceptions.OMException: Unable to get file status: volume: volume79664 bucket: bucket82507 key: gdir1/dir10
	at org.apache.hadoop.ozone.om.KeyManagerImpl.getOzoneFileStatus(KeyManagerImpl.java:1195) ~[ozone-manager-1.4.0-SNAPSHOT.jar:?]
	at org.apache.hadoop.ozone.om.KeyManagerImpl.getFileStatus(KeyManagerImpl.java:1113) ~[ozone-manager-1.4.0-SNAPSHOT.jar:?]
	at org.apache.hadoop.ozone.om.OmMetadataReader.getFileStatus(OmMetadataReader.java:262) ~[ozone-manager-1.4.0-SNAPSHOT.jar:?]
	at org.apache.hadoop.ozone.om.OzoneManager.getFileStatus(OzoneManager.java:3530) ~[ozone-manager-1.4.0-SNAPSHOT.jar:?]
	at org.apache.hadoop.ozone.protocolPB.OzoneManagerRequestHandler.getOzoneFileStatus(OzoneManagerRequestHandler.java:971) ~[ozone-manager-1.4.0-SNAPSHOT.jar:?]
	at org.apache.hadoop.ozone.protocolPB.OzoneManagerRequestHandler.handleReadRequest(OzoneManagerRequestHandler.java:250) ~[ozone-manager-1.4.0-SNAPSHOT.jar:?]
	at org.apache.hadoop.ozone.protocolPB.OzoneManagerProtocolServerSideTranslatorPB.submitRequestDirectlyToOM(OzoneManagerProtocolServerSideTranslatorPB.java:274) ~[ozone-manager-1.4.0-SNAPSHOT.jar:?]
	at org.apache.hadoop.ozone.protocolPB.OzoneManagerProtocolServerSideTranslatorPB.processRequest(OzoneManagerProtocolServerSideTranslatorPB.java:175) ~[ozone-manager-1.4.0-SNAPSHOT.jar:?]
	at org.apache.hadoop.hdds.server.OzoneProtocolMessageDispatcher.processRequest(OzoneProtocolMessageDispatcher.java:87) [hdds-server-framework-1.4.0-SNAPSHOT.jar:?]
	at org.apache.hadoop.ozone.protocolPB.OzoneManagerProtocolServerSideTranslatorPB.submitRequest(OzoneManagerProtocolServerSideTranslatorPB.java:148) [ozone-manager-1.4.0-SNAPSHOT.jar:?]
	at org.apache.hadoop.ozone.protocol.proto.OzoneManagerProtocolProtos$OzoneManagerService$2.callBlockingMethod(OzoneManagerProtocolProtos.java) [ozone-interface-client-1.4.0-SNAPSHOT.jar:?]
	at org.apache.hadoop.ipc.ProtobufRpcEngine$Server.processCall(ProtobufRpcEngine.java:484) [hadoop-common-3.3.6.jar:?]
	at org.apache.hadoop.ipc.ProtobufRpcEngine2$Server$ProtoBufRpcInvoker.call(ProtobufRpcEngine2.java:595) [hadoop-common-3.3.6.jar:?]
	at org.apache.hadoop.ipc.ProtobufRpcEngine2$Server$ProtoBufRpcInvoker.call(ProtobufRpcEngine2.java:573) [hadoop-common-3.3.6.jar:?]
	at org.apache.hadoop.ipc.RPC$Server.call(RPC.java:1227) [hadoop-common-3.3.6.jar:?]
	at org.apache.hadoop.ipc.Server$RpcCall.run(Server.java:1094) [hadoop-common-3.3.6.jar:?]
	at org.apache.hadoop.ipc.Server$RpcCall.run(Server.java:1017) [hadoop-common-3.3.6.jar:?]
	at java.security.AccessController.doPrivileged(Native Method) ~[?:1.8.0_382]
	at javax.security.auth.Subject.doAs(Subject.java:422) [?:1.8.0_382]
	at org.apache.hadoop.security.UserGroupInformation.doAs(UserGroupInformation.java:1899) [hadoop-common-3.3.6.jar:?]
	at org.apache.hadoop.ipc.Server$Handler.run(Server.java:3048) [hadoop-common-3.3.6.jar:?]
11:18:19.933 [IPC Server handler 14 on default port 15057] ERROR OMAudit - user=runner | ip=127.0.0.1 | op=GET_FILE_STATUS {volume=volume79664, bucket=bucket82507, key=gdir1/dir10/child, dataSize=0, replicationConfig=null} | ret=FAILURE
org.apache.hadoop.ozone.om.exceptions.OMException: Unable to get file status: volume: volume79664 bucket: bucket82507 key: gdir1/dir10/child
	at org.apache.hadoop.ozone.om.KeyManagerImpl.getOzoneFileStatus(KeyManagerImpl.java:1195) ~[ozone-manager-1.4.0-SNAPSHOT.jar:?]
	at org.apache.hadoop.ozone.om.KeyManagerImpl.getFileStatus(KeyManagerImpl.java:1113) ~[ozone-manager-1.4.0-SNAPSHOT.jar:?]
	at org.apache.hadoop.ozone.om.OmMetadataReader.getFileStatus(OmMetadataReader.java:262) ~[ozone-manager-1.4.0-SNAPSHOT.jar:?]
	at org.apache.hadoop.ozone.om.OzoneManager.getFileStatus(OzoneManager.java:3530) ~[ozone-manager-1.4.0-SNAPSHOT.jar:?]
	at org.apache.hadoop.ozone.protocolPB.OzoneManagerRequestHandler.getOzoneFileStatus(OzoneManagerRequestHandler.java:971) ~[ozone-manager-1.4.0-SNAPSHOT.jar:?]
	at org.apache.hadoop.ozone.protocolPB.OzoneManagerRequestHandler.handleReadRequest(OzoneManagerRequestHandler.java:250) ~[ozone-manager-1.4.0-SNAPSHOT.jar:?]
	at org.apache.hadoop.ozone.protocolPB.OzoneManagerProtocolServerSideTranslatorPB.submitRequestDirectlyToOM(OzoneManagerProtocolServerSideTranslatorPB.java:274) ~[ozone-manager-1.4.0-SNAPSHOT.jar:?]
	at org.apache.hadoop.ozone.protocolPB.OzoneManagerProtocolServerSideTranslatorPB.processRequest(OzoneManagerProtocolServerSideTranslatorPB.java:175) ~[ozone-manager-1.4.0-SNAPSHOT.jar:?]
	at org.apache.hadoop.hdds.server.OzoneProtocolMessageDispatcher.processRequest(OzoneProtocolMessageDispatcher.java:87) [hdds-server-framework-1.4.0-SNAPSHOT.jar:?]
	at org.apache.hadoop.ozone.protocolPB.OzoneManagerProtocolServerSideTranslatorPB.submitRequest(OzoneManagerProtocolServerSideTranslatorPB.java:148) [ozone-manager-1.4.0-SNAPSHOT.jar:?]
	at org.apache.hadoop.ozone.protocol.proto.OzoneManagerProtocolProtos$OzoneManagerService$2.callBlockingMethod(OzoneManagerProtocolProtos.java) [ozone-interface-client-1.4.0-SNAPSHOT.jar:?]
	at org.apache.hadoop.ipc.ProtobufRpcEngine$Server.processCall(ProtobufRpcEngine.java:484) [hadoop-common-3.3.6.jar:?]
	at org.apache.hadoop.ipc.ProtobufRpcEngine2$Server$ProtoBufRpcInvoker.call(ProtobufRpcEngine2.java:595) [hadoop-common-3.3.6.jar:?]
	at org.apache.hadoop.ipc.ProtobufRpcEngine2$Server$ProtoBufRpcInvoker.call(ProtobufRpcEngine2.java:573) [hadoop-common-3.3.6.jar:?]
	at org.apache.hadoop.ipc.RPC$Server.call(RPC.java:1227) [hadoop-common-3.3.6.jar:?]
	at org.apache.hadoop.ipc.Server$RpcCall.run(Server.java:1094) [hadoop-common-3.3.6.jar:?]
	at org.apache.hadoop.ipc.Server$RpcCall.run(Server.java:1017) [hadoop-common-3.3.6.jar:?]
	at java.security.AccessController.doPrivileged(Native Method) ~[?:1.8.0_382]
	at javax.security.auth.Subject.doAs(Subject.java:422) [?:1.8.0_382]
	at org.apache.hadoop.security.UserGroupInformation.doAs(UserGroupInformation.java:1899) [hadoop-common-3.3.6.jar:?]
	at org.apache.hadoop.ipc.Server$Handler.run(Server.java:3048) [hadoop-common-3.3.6.jar:?]
11:18:20.002 [IPC Server handler 10 on default port 15057] ERROR OMAudit - user=runner | ip=127.0.0.1 | op=GET_FILE_STATUS {volume=volume79664, bucket=bucket82507, key=level0, dataSize=0, replicationConfig=null} | ret=FAILURE
org.apache.hadoop.ozone.om.exceptions.OMException: Unable to get file status: volume: volume79664 bucket: bucket82507 key: level0
	at org.apache.hadoop.ozone.om.KeyManagerImpl.getOzoneFileStatus(KeyManagerImpl.java:1195) ~[ozone-manager-1.4.0-SNAPSHOT.jar:?]
	at org.apache.hadoop.ozone.om.KeyManagerImpl.getFileStatus(KeyManagerImpl.java:1113) ~[ozone-manager-1.4.0-SNAPSHOT.jar:?]
	at org.apache.hadoop.ozone.om.OmMetadataReader.getFileStatus(OmMetadataReader.java:262) ~[ozone-manager-1.4.0-SNAPSHOT.jar:?]
	at org.apache.hadoop.ozone.om.OzoneManager.getFileStatus(OzoneManager.java:3530) ~[ozone-manager-1.4.0-SNAPSHOT.jar:?]
	at org.apache.hadoop.ozone.protocolPB.OzoneManagerRequestHandler.getOzoneFileStatus(OzoneManagerRequestHandler.java:971) ~[ozone-manager-1.4.0-SNAPSHOT.jar:?]
	at org.apache.hadoop.ozone.protocolPB.OzoneManagerRequestHandler.handleReadRequest(OzoneManagerRequestHandler.java:250) ~[ozone-manager-1.4.0-SNAPSHOT.jar:?]
	at org.apache.hadoop.ozone.protocolPB.OzoneManagerProtocolServerSideTranslatorPB.submitRequestDirectlyToOM(OzoneManagerProtocolServerSideTranslatorPB.java:274) ~[ozone-manager-1.4.0-SNAPSHOT.jar:?]
	at org.apache.hadoop.ozone.protocolPB.OzoneManagerProtocolServerSideTranslatorPB.processRequest(OzoneManagerProtocolServerSideTranslatorPB.java:175) ~[ozone-manager-1.4.0-SNAPSHOT.jar:?]
	at org.apache.hadoop.hdds.server.OzoneProtocolMessageDispatcher.processRequest(OzoneProtocolMessageDispatcher.java:87) [hdds-server-framework-1.4.0-SNAPSHOT.jar:?]
	at org.apache.hadoop.ozone.protocolPB.OzoneManagerProtocolServerSideTranslatorPB.submitRequest(OzoneManagerProtocolServerSideTranslatorPB.java:148) [ozone-manager-1.4.0-SNAPSHOT.jar:?]
	at org.apache.hadoop.ozone.protocol.proto.OzoneManagerProtocolProtos$OzoneManagerService$2.callBlockingMethod(OzoneManagerProtocolProtos.java) [ozone-interface-client-1.4.0-SNAPSHOT.jar:?]
	at org.apache.hadoop.ipc.ProtobufRpcEngine$Server.processCall(ProtobufRpcEngine.java:484) [hadoop-common-3.3.6.jar:?]
	at org.apache.hadoop.ipc.ProtobufRpcEngine2$Server$ProtoBufRpcInvoker.call(ProtobufRpcEngine2.java:595) [hadoop-common-3.3.6.jar:?]
	at org.apache.hadoop.ipc.ProtobufRpcEngine2$Server$ProtoBufRpcInvoker.call(ProtobufRpcEngine2.java:573) [hadoop-common-3.3.6.jar:?]
	at org.apache.hadoop.ipc.RPC$Server.call(RPC.java:1227) [hadoop-common-3.3.6.jar:?]
	at org.apache.hadoop.ipc.Server$RpcCall.run(Server.java:1094) [hadoop-common-3.3.6.jar:?]
	at org.apache.hadoop.ipc.Server$RpcCall.run(Server.java:1017) [hadoop-common-3.3.6.jar:?]
	at java.security.AccessController.doPrivileged(Native Method) ~[?:1.8.0_382]
	at javax.security.auth.Subject.doAs(Subject.java:422) [?:1.8.0_382]
	at org.apache.hadoop.security.UserGroupInformation.doAs(UserGroupInformation.java:1899) [hadoop-common-3.3.6.jar:?]
	at org.apache.hadoop.ipc.Server$Handler.run(Server.java:3048) [hadoop-common-3.3.6.jar:?]
11:18:20.003 [IPC Server handler 9 on default port 15057] ERROR OMAudit - user=runner | ip=127.0.0.1 | op=GET_FILE_STATUS {volume=volume79664, bucket=bucket82507, key=level0/level1, dataSize=0, replicationConfig=null} | ret=FAILURE
org.apache.hadoop.ozone.om.exceptions.OMException: Unable to get file status: volume: volume79664 bucket: bucket82507 key: level0/level1
	at org.apache.hadoop.ozone.om.KeyManagerImpl.getOzoneFileStatus(KeyManagerImpl.java:1195) ~[ozone-manager-1.4.0-SNAPSHOT.jar:?]
	at org.apache.hadoop.ozone.om.KeyManagerImpl.getFileStatus(KeyManagerImpl.java:1113) ~[ozone-manager-1.4.0-SNAPSHOT.jar:?]
	at org.apache.hadoop.ozone.om.OmMetadataReader.getFileStatus(OmMetadataReader.java:262) ~[ozone-manager-1.4.0-SNAPSHOT.jar:?]
	at org.apache.hadoop.ozone.om.OzoneManager.getFileStatus(OzoneManager.java:3530) ~[ozone-manager-1.4.0-SNAPSHOT.jar:?]
	at org.apache.hadoop.ozone.protocolPB.OzoneManagerRequestHandler.getOzoneFileStatus(OzoneManagerRequestHandler.java:971) ~[ozone-manager-1.4.0-SNAPSHOT.jar:?]
	at org.apache.hadoop.ozone.protocolPB.OzoneManagerRequestHandler.handleReadRequest(OzoneManagerRequestHandler.java:250) ~[ozone-manager-1.4.0-SNAPSHOT.jar:?]
	at org.apache.hadoop.ozone.protocolPB.OzoneManagerProtocolServerSideTranslatorPB.submitRequestDirectlyToOM(OzoneManagerProtocolServerSideTranslatorPB.java:274) ~[ozone-manager-1.4.0-SNAPSHOT.jar:?]
	at org.apache.hadoop.ozone.protocolPB.OzoneManagerProtocolServerSideTranslatorPB.processRequest(OzoneManagerProtocolServerSideTranslatorPB.java:175) ~[ozone-manager-1.4.0-SNAPSHOT.jar:?]
	at org.apache.hadoop.hdds.server.OzoneProtocolMessageDispatcher.processRequest(OzoneProtocolMessageDispatcher.java:87) [hdds-server-framework-1.4.0-SNAPSHOT.jar:?]
	at org.apache.hadoop.ozone.protocolPB.OzoneManagerProtocolServerSideTranslatorPB.submitRequest(OzoneManagerProtocolServerSideTranslatorPB.java:148) [ozone-manager-1.4.0-SNAPSHOT.jar:?]
	at org.apache.hadoop.ozone.protocol.proto.OzoneManagerProtocolProtos$OzoneManagerService$2.callBlockingMethod(OzoneManagerProtocolProtos.java) [ozone-interface-client-1.4.0-SNAPSHOT.jar:?]
	at org.apache.hadoop.ipc.ProtobufRpcEngine$Server.processCall(ProtobufRpcEngine.java:484) [hadoop-common-3.3.6.jar:?]
	at org.apache.hadoop.ipc.ProtobufRpcEngine2$Server$ProtoBufRpcInvoker.call(ProtobufRpcEngine2.java:595) [hadoop-common-3.3.6.jar:?]
	at org.apache.hadoop.ipc.ProtobufRpcEngine2$Server$ProtoBufRpcInvoker.call(ProtobufRpcEngine2.java:573) [hadoop-common-3.3.6.jar:?]
	at org.apache.hadoop.ipc.RPC$Server.call(RPC.java:1227) [hadoop-common-3.3.6.jar:?]
	at org.apache.hadoop.ipc.Server$RpcCall.run(Server.java:1094) [hadoop-common-3.3.6.jar:?]
	at org.apache.hadoop.ipc.Server$RpcCall.run(Server.java:1017) [hadoop-common-3.3.6.jar:?]
	at java.security.AccessController.doPrivileged(Native Method) ~[?:1.8.0_382]
	at javax.security.auth.Subject.doAs(Subject.java:422) [?:1.8.0_382]
	at org.apache.hadoop.security.UserGroupInformation.doAs(UserGroupInformation.java:1899) [hadoop-common-3.3.6.jar:?]
	at org.apache.hadoop.ipc.Server$Handler.run(Server.java:3048) [hadoop-common-3.3.6.jar:?]
11:18:20.004 [IPC Server handler 8 on default port 15057] ERROR OMAudit - user=runner | ip=127.0.0.1 | op=GET_FILE_STATUS {volume=volume79664, bucket=bucket82507, key=level0/level1/level1, dataSize=0, replicationConfig=null} | ret=FAILURE
org.apache.hadoop.ozone.om.exceptions.OMException: Unable to get file status: volume: volume79664 bucket: bucket82507 key: level0/level1/level1
	at org.apache.hadoop.ozone.om.KeyManagerImpl.getOzoneFileStatus(KeyManagerImpl.java:1195) ~[ozone-manager-1.4.0-SNAPSHOT.jar:?]
	at org.apache.hadoop.ozone.om.KeyManagerImpl.getFileStatus(KeyManagerImpl.java:1113) ~[ozone-manager-1.4.0-SNAPSHOT.jar:?]
	at org.apache.hadoop.ozone.om.OmMetadataReader.getFileStatus(OmMetadataReader.java:262) ~[ozone-manager-1.4.0-SNAPSHOT.jar:?]
	at org.apache.hadoop.ozone.om.OzoneManager.getFileStatus(OzoneManager.java:3530) ~[ozone-manager-1.4.0-SNAPSHOT.jar:?]
	at org.apache.hadoop.ozone.protocolPB.OzoneManagerRequestHandler.getOzoneFileStatus(OzoneManagerRequestHandler.java:971) ~[ozone-manager-1.4.0-SNAPSHOT.jar:?]
	at org.apache.hadoop.ozone.protocolPB.OzoneManagerRequestHandler.handleReadRequest(OzoneManagerRequestHandler.java:250) ~[ozone-manager-1.4.0-SNAPSHOT.jar:?]
	at org.apache.hadoop.ozone.protocolPB.OzoneManagerProtocolServerSideTranslatorPB.submitRequestDirectlyToOM(OzoneManagerProtocolServerSideTranslatorPB.java:274) ~[ozone-manager-1.4.0-SNAPSHOT.jar:?]
	at org.apache.hadoop.ozone.protocolPB.OzoneManagerProtocolServerSideTranslatorPB.processRequest(OzoneManagerProtocolServerSideTranslatorPB.java:175) ~[ozone-manager-1.4.0-SNAPSHOT.jar:?]
	at org.apache.hadoop.hdds.server.OzoneProtocolMessageDispatcher.processRequest(OzoneProtocolMessageDispatcher.java:87) [hdds-server-framework-1.4.0-SNAPSHOT.jar:?]
	at org.apache.hadoop.ozone.protocolPB.OzoneManagerProtocolServerSideTranslatorPB.submitRequest(OzoneManagerProtocolServerSideTranslatorPB.java:148) [ozone-manager-1.4.0-SNAPSHOT.jar:?]
	at org.apache.hadoop.ozone.protocol.proto.OzoneManagerProtocolProtos$OzoneManagerService$2.callBlockingMethod(OzoneManagerProtocolProtos.java) [ozone-interface-client-1.4.0-SNAPSHOT.jar:?]
	at org.apache.hadoop.ipc.ProtobufRpcEngine$Server.processCall(ProtobufRpcEngine.java:484) [hadoop-common-3.3.6.jar:?]
	at org.apache.hadoop.ipc.ProtobufRpcEngine2$Server$ProtoBufRpcInvoker.call(ProtobufRpcEngine2.java:595) [hadoop-common-3.3.6.jar:?]
	at org.apache.hadoop.ipc.ProtobufRpcEngine2$Server$ProtoBufRpcInvoker.call(ProtobufRpcEngine2.java:573) [hadoop-common-3.3.6.jar:?]
	at org.apache.hadoop.ipc.RPC$Server.call(RPC.java:1227) [hadoop-common-3.3.6.jar:?]
	at org.apache.hadoop.ipc.Server$RpcCall.run(Server.java:1094) [hadoop-common-3.3.6.jar:?]
	at org.apache.hadoop.ipc.Server$RpcCall.run(Server.java:1017) [hadoop-common-3.3.6.jar:?]
	at java.security.AccessController.doPrivileged(Native Method) ~[?:1.8.0_382]
	at javax.security.auth.Subject.doAs(Subject.java:422) [?:1.8.0_382]
	at org.apache.hadoop.security.UserGroupInformation.doAs(UserGroupInformation.java:1899) [hadoop-common-3.3.6.jar:?]
	at org.apache.hadoop.ipc.Server$Handler.run(Server.java:3048) [hadoop-common-3.3.6.jar:?]
11:18:20.006 [IPC Server handler 16 on default port 15057] ERROR OMAudit - user=runner | ip=127.0.0.1 | op=GET_FILE_STATUS {volume=volume79664, bucket=bucket82507, key=level0/level1/file1, dataSize=0, replicationConfig=null} | ret=FAILURE
org.apache.hadoop.ozone.om.exceptions.OMException: Unable to get file status: volume: volume79664 bucket: bucket82507 key: level0/level1/file1
	at org.apache.hadoop.ozone.om.KeyManagerImpl.getOzoneFileStatus(KeyManagerImpl.java:1195) ~[ozone-manager-1.4.0-SNAPSHOT.jar:?]
	at org.apache.hadoop.ozone.om.KeyManagerImpl.getFileStatus(KeyManagerImpl.java:1113) ~[ozone-manager-1.4.0-SNAPSHOT.jar:?]
	at org.apache.hadoop.ozone.om.OmMetadataReader.getFileStatus(OmMetadataReader.java:262) ~[ozone-manager-1.4.0-SNAPSHOT.jar:?]
	at org.apache.hadoop.ozone.om.OzoneManager.getFileStatus(OzoneManager.java:3530) ~[ozone-manager-1.4.0-SNAPSHOT.jar:?]
	at org.apache.hadoop.ozone.protocolPB.OzoneManagerRequestHandler.getOzoneFileStatus(OzoneManagerRequestHandler.java:971) ~[ozone-manager-1.4.0-SNAPSHOT.jar:?]
	at org.apache.hadoop.ozone.protocolPB.OzoneManagerRequestHandler.handleReadRequest(OzoneManagerRequestHandler.java:250) ~[ozone-manager-1.4.0-SNAPSHOT.jar:?]
	at org.apache.hadoop.ozone.protocolPB.OzoneManagerProtocolServerSideTranslatorPB.submitRequestDirectlyToOM(OzoneManagerProtocolServerSideTranslatorPB.java:274) ~[ozone-manager-1.4.0-SNAPSHOT.jar:?]
	at org.apache.hadoop.ozone.protocolPB.OzoneManagerProtocolServerSideTranslatorPB.processRequest(OzoneManagerProtocolServerSideTranslatorPB.java:175) ~[ozone-manager-1.4.0-SNAPSHOT.jar:?]
	at org.apache.hadoop.hdds.server.OzoneProtocolMessageDispatcher.processRequest(OzoneProtocolMessageDispatcher.java:87) [hdds-server-framework-1.4.0-SNAPSHOT.jar:?]
	at org.apache.hadoop.ozone.protocolPB.OzoneManagerProtocolServerSideTranslatorPB.submitRequest(OzoneManagerProtocolServerSideTranslatorPB.java:148) [ozone-manager-1.4.0-SNAPSHOT.jar:?]
	at org.apache.hadoop.ozone.protocol.proto.OzoneManagerProtocolProtos$OzoneManagerService$2.callBlockingMethod(OzoneManagerProtocolProtos.java) [ozone-interface-client-1.4.0-SNAPSHOT.jar:?]
	at org.apache.hadoop.ipc.ProtobufRpcEngine$Server.processCall(ProtobufRpcEngine.java:484) [hadoop-common-3.3.6.jar:?]
	at org.apache.hadoop.ipc.ProtobufRpcEngine2$Server$ProtoBufRpcInvoker.call(ProtobufRpcEngine2.java:595) [hadoop-common-3.3.6.jar:?]
	at org.apache.hadoop.ipc.ProtobufRpcEngine2$Server$ProtoBufRpcInvoker.call(ProtobufRpcEngine2.java:573) [hadoop-common-3.3.6.jar:?]
	at org.apache.hadoop.ipc.RPC$Server.call(RPC.java:1227) [hadoop-common-3.3.6.jar:?]
	at org.apache.hadoop.ipc.Server$RpcCall.run(Server.java:1094) [hadoop-common-3.3.6.jar:?]
	at org.apache.hadoop.ipc.Server$RpcCall.run(Server.java:1017) [hadoop-common-3.3.6.jar:?]
	at java.security.AccessController.doPrivileged(Native Method) ~[?:1.8.0_382]
	at javax.security.auth.Subject.doAs(Subject.java:422) [?:1.8.0_382]
	at org.apache.hadoop.security.UserGroupInformation.doAs(UserGroupInformation.java:1899) [hadoop-common-3.3.6.jar:?]
	at org.apache.hadoop.ipc.Server$Handler.run(Server.java:3048) [hadoop-common-3.3.6.jar:?]
11:18:20.007 [IPC Server handler 17 on default port 15057] ERROR OMAudit - user=runner | ip=127.0.0.1 | op=GET_FILE_STATUS {volume=volume79664, bucket=bucket82507, key=level0/level1/level1/file1, dataSize=0, replicationConfig=null} | ret=FAILURE
org.apache.hadoop.ozone.om.exceptions.OMException: Unable to get file status: volume: volume79664 bucket: bucket82507 key: level0/level1/level1/file1
	at org.apache.hadoop.ozone.om.KeyManagerImpl.getOzoneFileStatus(KeyManagerImpl.java:1195) ~[ozone-manager-1.4.0-SNAPSHOT.jar:?]
	at org.apache.hadoop.ozone.om.KeyManagerImpl.getFileStatus(KeyManagerImpl.java:1113) ~[ozone-manager-1.4.0-SNAPSHOT.jar:?]
	at org.apache.hadoop.ozone.om.OmMetadataReader.getFileStatus(OmMetadataReader.java:262) ~[ozone-manager-1.4.0-SNAPSHOT.jar:?]
	at org.apache.hadoop.ozone.om.OzoneManager.getFileStatus(OzoneManager.java:3530) ~[ozone-manager-1.4.0-SNAPSHOT.jar:?]
	at org.apache.hadoop.ozone.protocolPB.OzoneManagerRequestHandler.getOzoneFileStatus(OzoneManagerRequestHandler.java:971) ~[ozone-manager-1.4.0-SNAPSHOT.jar:?]
	at org.apache.hadoop.ozone.protocolPB.OzoneManagerRequestHandler.handleReadRequest(OzoneManagerRequestHandler.java:250) ~[ozone-manager-1.4.0-SNAPSHOT.jar:?]
	at org.apache.hadoop.ozone.protocolPB.OzoneManagerProtocolServerSideTranslatorPB.submitRequestDirectlyToOM(OzoneManagerProtocolServerSideTranslatorPB.java:274) ~[ozone-manager-1.4.0-SNAPSHOT.jar:?]
	at org.apache.hadoop.ozone.protocolPB.OzoneManagerProtocolServerSideTranslatorPB.processRequest(OzoneManagerProtocolServerSideTranslatorPB.java:175) ~[ozone-manager-1.4.0-SNAPSHOT.jar:?]
	at org.apache.hadoop.hdds.server.OzoneProtocolMessageDispatcher.processRequest(OzoneProtocolMessageDispatcher.java:87) [hdds-server-framework-1.4.0-SNAPSHOT.jar:?]
	at org.apache.hadoop.ozone.protocolPB.OzoneManagerProtocolServerSideTranslatorPB.submitRequest(OzoneManagerProtocolServerSideTranslatorPB.java:148) [ozone-manager-1.4.0-SNAPSHOT.jar:?]
	at org.apache.hadoop.ozone.protocol.proto.OzoneManagerProtocolProtos$OzoneManagerService$2.callBlockingMethod(OzoneManagerProtocolProtos.java) [ozone-interface-client-1.4.0-SNAPSHOT.jar:?]
	at org.apache.hadoop.ipc.ProtobufRpcEngine$Server.processCall(ProtobufRpcEngine.java:484) [hadoop-common-3.3.6.jar:?]
	at org.apache.hadoop.ipc.ProtobufRpcEngine2$Server$ProtoBufRpcInvoker.call(ProtobufRpcEngine2.java:595) [hadoop-common-3.3.6.jar:?]
	at org.apache.hadoop.ipc.ProtobufRpcEngine2$Server$ProtoBufRpcInvoker.call(ProtobufRpcEngine2.java:573) [hadoop-common-3.3.6.jar:?]
	at org.apache.hadoop.ipc.RPC$Server.call(RPC.java:1227) [hadoop-common-3.3.6.jar:?]
	at org.apache.hadoop.ipc.Server$RpcCall.run(Server.java:1094) [hadoop-common-3.3.6.jar:?]
	at org.apache.hadoop.ipc.Server$RpcCall.run(Server.java:1017) [hadoop-common-3.3.6.jar:?]
	at java.security.AccessController.doPrivileged(Native Method) ~[?:1.8.0_382]
	at javax.security.auth.Subject.doAs(Subject.java:422) [?:1.8.0_382]
	at org.apache.hadoop.security.UserGroupInformation.doAs(UserGroupInformation.java:1899) [hadoop-common-3.3.6.jar:?]
	at org.apache.hadoop.ipc.Server$Handler.run(Server.java:3048) [hadoop-common-3.3.6.jar:?]
11:18:20.008 [IPC Server handler 18 on default port 15057] ERROR OMAudit - user=runner | ip=127.0.0.1 | op=GET_FILE_STATUS {volume=volume79664, bucket=bucket82507, key=level0/level2, dataSize=0, replicationConfig=null} | ret=FAILURE
org.apache.hadoop.ozone.om.exceptions.OMException: Unable to get file status: volume: volume79664 bucket: bucket82507 key: level0/level2
	at org.apache.hadoop.ozone.om.KeyManagerImpl.getOzoneFileStatus(KeyManagerImpl.java:1195) ~[ozone-manager-1.4.0-SNAPSHOT.jar:?]
	at org.apache.hadoop.ozone.om.KeyManagerImpl.getFileStatus(KeyManagerImpl.java:1113) ~[ozone-manager-1.4.0-SNAPSHOT.jar:?]
	at org.apache.hadoop.ozone.om.OmMetadataReader.getFileStatus(OmMetadataReader.java:262) ~[ozone-manager-1.4.0-SNAPSHOT.jar:?]
	at org.apache.hadoop.ozone.om.OzoneManager.getFileStatus(OzoneManager.java:3530) ~[ozone-manager-1.4.0-SNAPSHOT.jar:?]
	at org.apache.hadoop.ozone.protocolPB.OzoneManagerRequestHandler.getOzoneFileStatus(OzoneManagerRequestHandler.java:971) ~[ozone-manager-1.4.0-SNAPSHOT.jar:?]
	at org.apache.hadoop.ozone.protocolPB.OzoneManagerRequestHandler.handleReadRequest(OzoneManagerRequestHandler.java:250) ~[ozone-manager-1.4.0-SNAPSHOT.jar:?]
	at org.apache.hadoop.ozone.protocolPB.OzoneManagerProtocolServerSideTranslatorPB.submitRequestDirectlyToOM(OzoneManagerProtocolServerSideTranslatorPB.java:274) ~[ozone-manager-1.4.0-SNAPSHOT.jar:?]
	at org.apache.hadoop.ozone.protocolPB.OzoneManagerProtocolServerSideTranslatorPB.processRequest(OzoneManagerProtocolServerSideTranslatorPB.java:175) ~[ozone-manager-1.4.0-SNAPSHOT.jar:?]
	at org.apache.hadoop.hdds.server.OzoneProtocolMessageDispatcher.processRequest(OzoneProtocolMessageDispatcher.java:87) [hdds-server-framework-1.4.0-SNAPSHOT.jar:?]
	at org.apache.hadoop.ozone.protocolPB.OzoneManagerProtocolServerSideTranslatorPB.submitRequest(OzoneManagerProtocolServerSideTranslatorPB.java:148) [ozone-manager-1.4.0-SNAPSHOT.jar:?]
	at org.apache.hadoop.ozone.protocol.proto.OzoneManagerProtocolProtos$OzoneManagerService$2.callBlockingMethod(OzoneManagerProtocolProtos.java) [ozone-interface-client-1.4.0-SNAPSHOT.jar:?]
	at org.apache.hadoop.ipc.ProtobufRpcEngine$Server.processCall(ProtobufRpcEngine.java:484) [hadoop-common-3.3.6.jar:?]
	at org.apache.hadoop.ipc.ProtobufRpcEngine2$Server$ProtoBufRpcInvoker.call(ProtobufRpcEngine2.java:595) [hadoop-common-3.3.6.jar:?]
	at org.apache.hadoop.ipc.ProtobufRpcEngine2$Server$ProtoBufRpcInvoker.call(ProtobufRpcEngine2.java:573) [hadoop-common-3.3.6.jar:?]
	at org.apache.hadoop.ipc.RPC$Server.call(RPC.java:1227) [hadoop-common-3.3.6.jar:?]
	at org.apache.hadoop.ipc.Server$RpcCall.run(Server.java:1094) [hadoop-common-3.3.6.jar:?]
	at org.apache.hadoop.ipc.Server$RpcCall.run(Server.java:1017) [hadoop-common-3.3.6.jar:?]
	at java.security.AccessController.doPrivileged(Native Method) ~[?:1.8.0_382]
	at javax.security.auth.Subject.doAs(Subject.java:422) [?:1.8.0_382]
	at org.apache.hadoop.security.UserGroupInformation.doAs(UserGroupInformation.java:1899) [hadoop-common-3.3.6.jar:?]
	at org.apache.hadoop.ipc.Server$Handler.run(Server.java:3048) [hadoop-common-3.3.6.jar:?]
11:18:20.009 [IPC Server handler 14 on default port 15057] ERROR OMAudit - user=runner | ip=127.0.0.1 | op=GET_FILE_STATUS {volume=volume79664, bucket=bucket82507, key=level0/level2/level2, dataSize=0, replicationConfig=null} | ret=FAILURE
org.apache.hadoop.ozone.om.exceptions.OMException: Unable to get file status: volume: volume79664 bucket: bucket82507 key: level0/level2/level2
	at org.apache.hadoop.ozone.om.KeyManagerImpl.getOzoneFileStatus(KeyManagerImpl.java:1195) ~[ozone-manager-1.4.0-SNAPSHOT.jar:?]
	at org.apache.hadoop.ozone.om.KeyManagerImpl.getFileStatus(KeyManagerImpl.java:1113) ~[ozone-manager-1.4.0-SNAPSHOT.jar:?]
	at org.apache.hadoop.ozone.om.OmMetadataReader.getFileStatus(OmMetadataReader.java:262) ~[ozone-manager-1.4.0-SNAPSHOT.jar:?]
	at org.apache.hadoop.ozone.om.OzoneManager.getFileStatus(OzoneManager.java:3530) ~[ozone-manager-1.4.0-SNAPSHOT.jar:?]
	at org.apache.hadoop.ozone.protocolPB.OzoneManagerRequestHandler.getOzoneFileStatus(OzoneManagerRequestHandler.java:971) ~[ozone-manager-1.4.0-SNAPSHOT.jar:?]
	at org.apache.hadoop.ozone.protocolPB.OzoneManagerRequestHandler.handleReadRequest(OzoneManagerRequestHandler.java:250) ~[ozone-manager-1.4.0-SNAPSHOT.jar:?]
	at org.apache.hadoop.ozone.protocolPB.OzoneManagerProtocolServerSideTranslatorPB.submitRequestDirectlyToOM(OzoneManagerProtocolServerSideTranslatorPB.java:274) ~[ozone-manager-1.4.0-SNAPSHOT.jar:?]
	at org.apache.hadoop.ozone.protocolPB.OzoneManagerProtocolServerSideTranslatorPB.processRequest(OzoneManagerProtocolServerSideTranslatorPB.java:175) ~[ozone-manager-1.4.0-SNAPSHOT.jar:?]
	at org.apache.hadoop.hdds.server.OzoneProtocolMessageDispatcher.processRequest(OzoneProtocolMessageDispatcher.java:87) [hdds-server-framework-1.4.0-SNAPSHOT.jar:?]
	at org.apache.hadoop.ozone.protocolPB.OzoneManagerProtocolServerSideTranslatorPB.submitRequest(OzoneManagerProtocolServerSideTranslatorPB.java:148) [ozone-manager-1.4.0-SNAPSHOT.jar:?]
	at org.apache.hadoop.ozone.protocol.proto.OzoneManagerProtocolProtos$OzoneManagerService$2.callBlockingMethod(OzoneManagerProtocolProtos.java) [ozone-interface-client-1.4.0-SNAPSHOT.jar:?]
	at org.apache.hadoop.ipc.ProtobufRpcEngine$Server.processCall(ProtobufRpcEngine.java:484) [hadoop-common-3.3.6.jar:?]
	at org.apache.hadoop.ipc.ProtobufRpcEngine2$Server$ProtoBufRpcInvoker.call(ProtobufRpcEngine2.java:595) [hadoop-common-3.3.6.jar:?]
	at org.apache.hadoop.ipc.ProtobufRpcEngine2$Server$ProtoBufRpcInvoker.call(ProtobufRpcEngine2.java:573) [hadoop-common-3.3.6.jar:?]
	at org.apache.hadoop.ipc.RPC$Server.call(RPC.java:1227) [hadoop-common-3.3.6.jar:?]
	at org.apache.hadoop.ipc.Server$RpcCall.run(Server.java:1094) [hadoop-common-3.3.6.jar:?]
	at org.apache.hadoop.ipc.Server$RpcCall.run(Server.java:1017) [hadoop-common-3.3.6.jar:?]
	at java.security.AccessController.doPrivileged(Native Method) ~[?:1.8.0_382]
	at javax.security.auth.Subject.doAs(Subject.java:422) [?:1.8.0_382]
	at org.apache.hadoop.security.UserGroupInformation.doAs(UserGroupInformation.java:1899) [hadoop-common-3.3.6.jar:?]
	at org.apache.hadoop.ipc.Server$Handler.run(Server.java:3048) [hadoop-common-3.3.6.jar:?]
11:18:20.010 [IPC Server handler 13 on default port 15057] ERROR OMAudit - user=runner | ip=127.0.0.1 | op=GET_FILE_STATUS {volume=volume79664, bucket=bucket82507, key=level0/level2/file1, dataSize=0, replicationConfig=null} | ret=FAILURE
org.apache.hadoop.ozone.om.exceptions.OMException: Unable to get file status: volume: volume79664 bucket: bucket82507 key: level0/level2/file1
	at org.apache.hadoop.ozone.om.KeyManagerImpl.getOzoneFileStatus(KeyManagerImpl.java:1195) ~[ozone-manager-1.4.0-SNAPSHOT.jar:?]
	at org.apache.hadoop.ozone.om.KeyManagerImpl.getFileStatus(KeyManagerImpl.java:1113) ~[ozone-manager-1.4.0-SNAPSHOT.jar:?]
	at org.apache.hadoop.ozone.om.OmMetadataReader.getFileStatus(OmMetadataReader.java:262) ~[ozone-manager-1.4.0-SNAPSHOT.jar:?]
	at org.apache.hadoop.ozone.om.OzoneManager.getFileStatus(OzoneManager.java:3530) ~[ozone-manager-1.4.0-SNAPSHOT.jar:?]
	at org.apache.hadoop.ozone.protocolPB.OzoneManagerRequestHandler.getOzoneFileStatus(OzoneManagerRequestHandler.java:971) ~[ozone-manager-1.4.0-SNAPSHOT.jar:?]
	at org.apache.hadoop.ozone.protocolPB.OzoneManagerRequestHandler.handleReadRequest(OzoneManagerRequestHandler.java:250) ~[ozone-manager-1.4.0-SNAPSHOT.jar:?]
	at org.apache.hadoop.ozone.protocolPB.OzoneManagerProtocolServerSideTranslatorPB.submitRequestDirectlyToOM(OzoneManagerProtocolServerSideTranslatorPB.java:274) ~[ozone-manager-1.4.0-SNAPSHOT.jar:?]
	at org.apache.hadoop.ozone.protocolPB.OzoneManagerProtocolServerSideTranslatorPB.processRequest(OzoneManagerProtocolServerSideTranslatorPB.java:175) ~[ozone-manager-1.4.0-SNAPSHOT.jar:?]
	at org.apache.hadoop.hdds.server.OzoneProtocolMessageDispatcher.processRequest(OzoneProtocolMessageDispatcher.java:87) [hdds-server-framework-1.4.0-SNAPSHOT.jar:?]
	at org.apache.hadoop.ozone.protocolPB.OzoneManagerProtocolServerSideTranslatorPB.submitRequest(OzoneManagerProtocolServerSideTranslatorPB.java:148) [ozone-manager-1.4.0-SNAPSHOT.jar:?]
	at org.apache.hadoop.ozone.protocol.proto.OzoneManagerProtocolProtos$OzoneManagerService$2.callBlockingMethod(OzoneManagerProtocolProtos.java) [ozone-interface-client-1.4.0-SNAPSHOT.jar:?]
	at org.apache.hadoop.ipc.ProtobufRpcEngine$Server.processCall(ProtobufRpcEngine.java:484) [hadoop-common-3.3.6.jar:?]
	at org.apache.hadoop.ipc.ProtobufRpcEngine2$Server$ProtoBufRpcInvoker.call(ProtobufRpcEngine2.java:595) [hadoop-common-3.3.6.jar:?]
	at org.apache.hadoop.ipc.ProtobufRpcEngine2$Server$ProtoBufRpcInvoker.call(ProtobufRpcEngine2.java:573) [hadoop-common-3.3.6.jar:?]
	at org.apache.hadoop.ipc.RPC$Server.call(RPC.java:1227) [hadoop-common-3.3.6.jar:?]
	at org.apache.hadoop.ipc.Server$RpcCall.run(Server.java:1094) [hadoop-common-3.3.6.jar:?]
	at org.apache.hadoop.ipc.Server$RpcCall.run(Server.java:1017) [hadoop-common-3.3.6.jar:?]
	at java.security.AccessController.doPrivileged(Native Method) ~[?:1.8.0_382]
	at javax.security.auth.Subject.doAs(Subject.java:422) [?:1.8.0_382]
	at org.apache.hadoop.security.UserGroupInformation.doAs(UserGroupInformation.java:1899) [hadoop-common-3.3.6.jar:?]
	at org.apache.hadoop.ipc.Server$Handler.run(Server.java:3048) [hadoop-common-3.3.6.jar:?]
11:18:20.011 [IPC Server handler 15 on default port 15057] ERROR OMAudit - user=runner | ip=127.0.0.1 | op=GET_FILE_STATUS {volume=volume79664, bucket=bucket82507, key=level0/level2/level2/file1, dataSize=0, replicationConfig=null} | ret=FAILURE
org.apache.hadoop.ozone.om.exceptions.OMException: Unable to get file status: volume: volume79664 bucket: bucket82507 key: level0/level2/level2/file1
	at org.apache.hadoop.ozone.om.KeyManagerImpl.getOzoneFileStatus(KeyManagerImpl.java:1195) ~[ozone-manager-1.4.0-SNAPSHOT.jar:?]
	at org.apache.hadoop.ozone.om.KeyManagerImpl.getFileStatus(KeyManagerImpl.java:1113) ~[ozone-manager-1.4.0-SNAPSHOT.jar:?]
	at org.apache.hadoop.ozone.om.OmMetadataReader.getFileStatus(OmMetadataReader.java:262) ~[ozone-manager-1.4.0-SNAPSHOT.jar:?]
	at org.apache.hadoop.ozone.om.OzoneManager.getFileStatus(OzoneManager.java:3530) ~[ozone-manager-1.4.0-SNAPSHOT.jar:?]
	at org.apache.hadoop.ozone.protocolPB.OzoneManagerRequestHandler.getOzoneFileStatus(OzoneManagerRequestHandler.java:971) ~[ozone-manager-1.4.0-SNAPSHOT.jar:?]
	at org.apache.hadoop.ozone.protocolPB.OzoneManagerRequestHandler.handleReadRequest(OzoneManagerRequestHandler.java:250) ~[ozone-manager-1.4.0-SNAPSHOT.jar:?]
	at org.apache.hadoop.ozone.protocolPB.OzoneManagerProtocolServerSideTranslatorPB.submitRequestDirectlyToOM(OzoneManagerProtocolServerSideTranslatorPB.java:274) ~[ozone-manager-1.4.0-SNAPSHOT.jar:?]
	at org.apache.hadoop.ozone.protocolPB.OzoneManagerProtocolServerSideTranslatorPB.processRequest(OzoneManagerProtocolServerSideTranslatorPB.java:175) ~[ozone-manager-1.4.0-SNAPSHOT.jar:?]
	at org.apache.hadoop.hdds.server.OzoneProtocolMessageDispatcher.processRequest(OzoneProtocolMessageDispatcher.java:87) [hdds-server-framework-1.4.0-SNAPSHOT.jar:?]
	at org.apache.hadoop.ozone.protocolPB.OzoneManagerProtocolServerSideTranslatorPB.submitRequest(OzoneManagerProtocolServerSideTranslatorPB.java:148) [ozone-manager-1.4.0-SNAPSHOT.jar:?]
	at org.apache.hadoop.ozone.protocol.proto.OzoneManagerProtocolProtos$OzoneManagerService$2.callBlockingMethod(OzoneManagerProtocolProtos.java) [ozone-interface-client-1.4.0-SNAPSHOT.jar:?]
	at org.apache.hadoop.ipc.ProtobufRpcEngine$Server.processCall(ProtobufRpcEngine.java:484) [hadoop-common-3.3.6.jar:?]
	at org.apache.hadoop.ipc.ProtobufRpcEngine2$Server$ProtoBufRpcInvoker.call(ProtobufRpcEngine2.java:595) [hadoop-common-3.3.6.jar:?]
	at org.apache.hadoop.ipc.ProtobufRpcEngine2$Server$ProtoBufRpcInvoker.call(ProtobufRpcEngine2.java:573) [hadoop-common-3.3.6.jar:?]
	at org.apache.hadoop.ipc.RPC$Server.call(RPC.java:1227) [hadoop-common-3.3.6.jar:?]
	at org.apache.hadoop.ipc.Server$RpcCall.run(Server.java:1094) [hadoop-common-3.3.6.jar:?]
	at org.apache.hadoop.ipc.Server$RpcCall.run(Server.java:1017) [hadoop-common-3.3.6.jar:?]
	at java.security.AccessController.doPrivileged(Native Method) ~[?:1.8.0_382]
	at javax.security.auth.Subject.doAs(Subject.java:422) [?:1.8.0_382]
	at org.apache.hadoop.security.UserGroupInformation.doAs(UserGroupInformation.java:1899) [hadoop-common-3.3.6.jar:?]
	at org.apache.hadoop.ipc.Server$Handler.run(Server.java:3048) [hadoop-common-3.3.6.jar:?]
11:18:20.012 [IPC Server handler 12 on default port 15057] ERROR OMAudit - user=runner | ip=127.0.0.1 | op=GET_FILE_STATUS {volume=volume79664, bucket=bucket82507, key=level0/level3, dataSize=0, replicationConfig=null} | ret=FAILURE
org.apache.hadoop.ozone.om.exceptions.OMException: Unable to get file status: volume: volume79664 bucket: bucket82507 key: level0/level3
	at org.apache.hadoop.ozone.om.KeyManagerImpl.getOzoneFileStatus(KeyManagerImpl.java:1195) ~[ozone-manager-1.4.0-SNAPSHOT.jar:?]
	at org.apache.hadoop.ozone.om.KeyManagerImpl.getFileStatus(KeyManagerImpl.java:1113) ~[ozone-manager-1.4.0-SNAPSHOT.jar:?]
	at org.apache.hadoop.ozone.om.OmMetadataReader.getFileStatus(OmMetadataReader.java:262) ~[ozone-manager-1.4.0-SNAPSHOT.jar:?]
	at org.apache.hadoop.ozone.om.OzoneManager.getFileStatus(OzoneManager.java:3530) ~[ozone-manager-1.4.0-SNAPSHOT.jar:?]
	at org.apache.hadoop.ozone.protocolPB.OzoneManagerRequestHandler.getOzoneFileStatus(OzoneManagerRequestHandler.java:971) ~[ozone-manager-1.4.0-SNAPSHOT.jar:?]
	at org.apache.hadoop.ozone.protocolPB.OzoneManagerRequestHandler.handleReadRequest(OzoneManagerRequestHandler.java:250) ~[ozone-manager-1.4.0-SNAPSHOT.jar:?]
	at org.apache.hadoop.ozone.protocolPB.OzoneManagerProtocolServerSideTranslatorPB.submitRequestDirectlyToOM(OzoneManagerProtocolServerSideTranslatorPB.java:274) ~[ozone-manager-1.4.0-SNAPSHOT.jar:?]
	at org.apache.hadoop.ozone.protocolPB.OzoneManagerProtocolServerSideTranslatorPB.processRequest(OzoneManagerProtocolServerSideTranslatorPB.java:175) ~[ozone-manager-1.4.0-SNAPSHOT.jar:?]
	at org.apache.hadoop.hdds.server.OzoneProtocolMessageDispatcher.processRequest(OzoneProtocolMessageDispatcher.java:87) [hdds-server-framework-1.4.0-SNAPSHOT.jar:?]
	at org.apache.hadoop.ozone.protocolPB.OzoneManagerProtocolServerSideTranslatorPB.submitRequest(OzoneManagerProtocolServerSideTranslatorPB.java:148) [ozone-manager-1.4.0-SNAPSHOT.jar:?]
	at org.apache.hadoop.ozone.protocol.proto.OzoneManagerProtocolProtos$OzoneManagerService$2.callBlockingMethod(OzoneManagerProtocolProtos.java) [ozone-interface-client-1.4.0-SNAPSHOT.jar:?]
	at org.apache.hadoop.ipc.ProtobufRpcEngine$Server.processCall(ProtobufRpcEngine.java:484) [hadoop-common-3.3.6.jar:?]
	at org.apache.hadoop.ipc.ProtobufRpcEngine2$Server$ProtoBufRpcInvoker.call(ProtobufRpcEngine2.java:595) [hadoop-common-3.3.6.jar:?]
	at org.apache.hadoop.ipc.ProtobufRpcEngine2$Server$ProtoBufRpcInvoker.call(ProtobufRpcEngine2.java:573) [hadoop-common-3.3.6.jar:?]
	at org.apache.hadoop.ipc.RPC$Server.call(RPC.java:1227) [hadoop-common-3.3.6.jar:?]
	at org.apache.hadoop.ipc.Server$RpcCall.run(Server.java:1094) [hadoop-common-3.3.6.jar:?]
	at org.apache.hadoop.ipc.Server$RpcCall.run(Server.java:1017) [hadoop-common-3.3.6.jar:?]
	at java.security.AccessController.doPrivileged(Native Method) ~[?:1.8.0_382]
	at javax.security.auth.Subject.doAs(Subject.java:422) [?:1.8.0_382]
	at org.apache.hadoop.security.UserGroupInformation.doAs(UserGroupInformation.java:1899) [hadoop-common-3.3.6.jar:?]
	at org.apache.hadoop.ipc.Server$Handler.run(Server.java:3048) [hadoop-common-3.3.6.jar:?]
11:18:20.015 [IPC Server handler 19 on default port 15057] ERROR OMAudit - user=runner | ip=127.0.0.1 | op=GET_FILE_STATUS {volume=volume79664, bucket=bucket82507, key=level0/level3/level3, dataSize=0, replicationConfig=null} | ret=FAILURE
org.apache.hadoop.ozone.om.exceptions.OMException: Unable to get file status: volume: volume79664 bucket: bucket82507 key: level0/level3/level3
	at org.apache.hadoop.ozone.om.KeyManagerImpl.getOzoneFileStatus(KeyManagerImpl.java:1195) ~[ozone-manager-1.4.0-SNAPSHOT.jar:?]
	at org.apache.hadoop.ozone.om.KeyManagerImpl.getFileStatus(KeyManagerImpl.java:1113) ~[ozone-manager-1.4.0-SNAPSHOT.jar:?]
	at org.apache.hadoop.ozone.om.OmMetadataReader.getFileStatus(OmMetadataReader.java:262) ~[ozone-manager-1.4.0-SNAPSHOT.jar:?]
	at org.apache.hadoop.ozone.om.OzoneManager.getFileStatus(OzoneManager.java:3530) ~[ozone-manager-1.4.0-SNAPSHOT.jar:?]
	at org.apache.hadoop.ozone.protocolPB.OzoneManagerRequestHandler.getOzoneFileStatus(OzoneManagerRequestHandler.java:971) ~[ozone-manager-1.4.0-SNAPSHOT.jar:?]
	at org.apache.hadoop.ozone.protocolPB.OzoneManagerRequestHandler.handleReadRequest(OzoneManagerRequestHandler.java:250) ~[ozone-manager-1.4.0-SNAPSHOT.jar:?]
	at org.apache.hadoop.ozone.protocolPB.OzoneManagerProtocolServerSideTranslatorPB.submitRequestDirectlyToOM(OzoneManagerProtocolServerSideTranslatorPB.java:274) ~[ozone-manager-1.4.0-SNAPSHOT.jar:?]
	at org.apache.hadoop.ozone.protocolPB.OzoneManagerProtocolServerSideTranslatorPB.processRequest(OzoneManagerProtocolServerSideTranslatorPB.java:175) ~[ozone-manager-1.4.0-SNAPSHOT.jar:?]
	at org.apache.hadoop.hdds.server.OzoneProtocolMessageDispatcher.processRequest(OzoneProtocolMessageDispatcher.java:87) [hdds-server-framework-1.4.0-SNAPSHOT.jar:?]
	at org.apache.hadoop.ozone.protocolPB.OzoneManagerProtocolServerSideTranslatorPB.submitRequest(OzoneManagerProtocolServerSideTranslatorPB.java:148) [ozone-manager-1.4.0-SNAPSHOT.jar:?]
	at org.apache.hadoop.ozone.protocol.proto.OzoneManagerProtocolProtos$OzoneManagerService$2.callBlockingMethod(OzoneManagerProtocolProtos.java) [ozone-interface-client-1.4.0-SNAPSHOT.jar:?]
	at org.apache.hadoop.ipc.ProtobufRpcEngine$Server.processCall(ProtobufRpcEngine.java:484) [hadoop-common-3.3.6.jar:?]
	at org.apache.hadoop.ipc.ProtobufRpcEngine2$Server$ProtoBufRpcInvoker.call(ProtobufRpcEngine2.java:595) [hadoop-common-3.3.6.jar:?]
	at org.apache.hadoop.ipc.ProtobufRpcEngine2$Server$ProtoBufRpcInvoker.call(ProtobufRpcEngine2.java:573) [hadoop-common-3.3.6.jar:?]
	at org.apache.hadoop.ipc.RPC$Server.call(RPC.java:1227) [hadoop-common-3.3.6.jar:?]
	at org.apache.hadoop.ipc.Server$RpcCall.run(Server.java:1094) [hadoop-common-3.3.6.jar:?]
	at org.apache.hadoop.ipc.Server$RpcCall.run(Server.java:1017) [hadoop-common-3.3.6.jar:?]
	at java.security.AccessController.doPrivileged(Native Method) ~[?:1.8.0_382]
	at javax.security.auth.Subject.doAs(Subject.java:422) [?:1.8.0_382]
	at org.apache.hadoop.security.UserGroupInformation.doAs(UserGroupInformation.java:1899) [hadoop-common-3.3.6.jar:?]
	at org.apache.hadoop.ipc.Server$Handler.run(Server.java:3048) [hadoop-common-3.3.6.jar:?]
11:18:20.016 [IPC Server handler 11 on default port 15057] ERROR OMAudit - user=runner | ip=127.0.0.1 | op=GET_FILE_STATUS {volume=volume79664, bucket=bucket82507, key=level0/level3/file1, dataSize=0, replicationConfig=null} | ret=FAILURE
org.apache.hadoop.ozone.om.exceptions.OMException: Unable to get file status: volume: volume79664 bucket: bucket82507 key: level0/level3/file1
	at org.apache.hadoop.ozone.om.KeyManagerImpl.getOzoneFileStatus(KeyManagerImpl.java:1195) ~[ozone-manager-1.4.0-SNAPSHOT.jar:?]
	at org.apache.hadoop.ozone.om.KeyManagerImpl.getFileStatus(KeyManagerImpl.java:1113) ~[ozone-manager-1.4.0-SNAPSHOT.jar:?]
	at org.apache.hadoop.ozone.om.OmMetadataReader.getFileStatus(OmMetadataReader.java:262) ~[ozone-manager-1.4.0-SNAPSHOT.jar:?]
	at org.apache.hadoop.ozone.om.OzoneManager.getFileStatus(OzoneManager.java:3530) ~[ozone-manager-1.4.0-SNAPSHOT.jar:?]
	at org.apache.hadoop.ozone.protocolPB.OzoneManagerRequestHandler.getOzoneFileStatus(OzoneManagerRequestHandler.java:971) ~[ozone-manager-1.4.0-SNAPSHOT.jar:?]
	at org.apache.hadoop.ozone.protocolPB.OzoneManagerRequestHandler.handleReadRequest(OzoneManagerRequestHandler.java:250) ~[ozone-manager-1.4.0-SNAPSHOT.jar:?]
	at org.apache.hadoop.ozone.protocolPB.OzoneManagerProtocolServerSideTranslatorPB.submitRequestDirectlyToOM(OzoneManagerProtocolServerSideTranslatorPB.java:274) ~[ozone-manager-1.4.0-SNAPSHOT.jar:?]
	at org.apache.hadoop.ozone.protocolPB.OzoneManagerProtocolServerSideTranslatorPB.processRequest(OzoneManagerProtocolServerSideTranslatorPB.java:175) ~[ozone-manager-1.4.0-SNAPSHOT.jar:?]
	at org.apache.hadoop.hdds.server.OzoneProtocolMessageDispatcher.processRequest(OzoneProtocolMessageDispatcher.java:87) [hdds-server-framework-1.4.0-SNAPSHOT.jar:?]
	at org.apache.hadoop.ozone.protocolPB.OzoneManagerProtocolServerSideTranslatorPB.submitRequest(OzoneManagerProtocolServerSideTranslatorPB.java:148) [ozone-manager-1.4.0-SNAPSHOT.jar:?]
	at org.apache.hadoop.ozone.protocol.proto.OzoneManagerProtocolProtos$OzoneManagerService$2.callBlockingMethod(OzoneManagerProtocolProtos.java) [ozone-interface-client-1.4.0-SNAPSHOT.jar:?]
	at org.apache.hadoop.ipc.ProtobufRpcEngine$Server.processCall(ProtobufRpcEngine.java:484) [hadoop-common-3.3.6.jar:?]
	at org.apache.hadoop.ipc.ProtobufRpcEngine2$Server$ProtoBufRpcInvoker.call(ProtobufRpcEngine2.java:595) [hadoop-common-3.3.6.jar:?]
	at org.apache.hadoop.ipc.ProtobufRpcEngine2$Server$ProtoBufRpcInvoker.call(ProtobufRpcEngine2.java:573) [hadoop-common-3.3.6.jar:?]
	at org.apache.hadoop.ipc.RPC$Server.call(RPC.java:1227) [hadoop-common-3.3.6.jar:?]
	at org.apache.hadoop.ipc.Server$RpcCall.run(Server.java:1094) [hadoop-common-3.3.6.jar:?]
	at org.apache.hadoop.ipc.Server$RpcCall.run(Server.java:1017) [hadoop-common-3.3.6.jar:?]
	at java.security.AccessController.doPrivileged(Native Method) ~[?:1.8.0_382]
	at javax.security.auth.Subject.doAs(Subject.java:422) [?:1.8.0_382]
	at org.apache.hadoop.security.UserGroupInformation.doAs(UserGroupInformation.java:1899) [hadoop-common-3.3.6.jar:?]
	at org.apache.hadoop.ipc.Server$Handler.run(Server.java:3048) [hadoop-common-3.3.6.jar:?]
11:18:20.017 [IPC Server handler 0 on default port 15057] ERROR OMAudit - user=runner | ip=127.0.0.1 | op=GET_FILE_STATUS {volume=volume79664, bucket=bucket82507, key=level0/level3/level3/file1, dataSize=0, replicationConfig=null} | ret=FAILURE
org.apache.hadoop.ozone.om.exceptions.OMException: Unable to get file status: volume: volume79664 bucket: bucket82507 key: level0/level3/level3/file1
	at org.apache.hadoop.ozone.om.KeyManagerImpl.getOzoneFileStatus(KeyManagerImpl.java:1195) ~[ozone-manager-1.4.0-SNAPSHOT.jar:?]
	at org.apache.hadoop.ozone.om.KeyManagerImpl.getFileStatus(KeyManagerImpl.java:1113) ~[ozone-manager-1.4.0-SNAPSHOT.jar:?]
	at org.apache.hadoop.ozone.om.OmMetadataReader.getFileStatus(OmMetadataReader.java:262) ~[ozone-manager-1.4.0-SNAPSHOT.jar:?]
	at org.apache.hadoop.ozone.om.OzoneManager.getFileStatus(OzoneManager.java:3530) ~[ozone-manager-1.4.0-SNAPSHOT.jar:?]
	at org.apache.hadoop.ozone.protocolPB.OzoneManagerRequestHandler.getOzoneFileStatus(OzoneManagerRequestHandler.java:971) ~[ozone-manager-1.4.0-SNAPSHOT.jar:?]
	at org.apache.hadoop.ozone.protocolPB.OzoneManagerRequestHandler.handleReadRequest(OzoneManagerRequestHandler.java:250) ~[ozone-manager-1.4.0-SNAPSHOT.jar:?]
	at org.apache.hadoop.ozone.protocolPB.OzoneManagerProtocolServerSideTranslatorPB.submitRequestDirectlyToOM(OzoneManagerProtocolServerSideTranslatorPB.java:274) ~[ozone-manager-1.4.0-SNAPSHOT.jar:?]
	at org.apache.hadoop.ozone.protocolPB.OzoneManagerProtocolServerSideTranslatorPB.processRequest(OzoneManagerProtocolServerSideTranslatorPB.java:175) ~[ozone-manager-1.4.0-SNAPSHOT.jar:?]
	at org.apache.hadoop.hdds.server.OzoneProtocolMessageDispatcher.processRequest(OzoneProtocolMessageDispatcher.java:87) [hdds-server-framework-1.4.0-SNAPSHOT.jar:?]
	at org.apache.hadoop.ozone.protocolPB.OzoneManagerProtocolServerSideTranslatorPB.submitRequest(OzoneManagerProtocolServerSideTranslatorPB.java:148) [ozone-manager-1.4.0-SNAPSHOT.jar:?]
	at org.apache.hadoop.ozone.protocol.proto.OzoneManagerProtocolProtos$OzoneManagerService$2.callBlockingMethod(OzoneManagerProtocolProtos.java) [ozone-interface-client-1.4.0-SNAPSHOT.jar:?]
	at org.apache.hadoop.ipc.ProtobufRpcEngine$Server.processCall(ProtobufRpcEngine.java:484) [hadoop-common-3.3.6.jar:?]
	at org.apache.hadoop.ipc.ProtobufRpcEngine2$Server$ProtoBufRpcInvoker.call(ProtobufRpcEngine2.java:595) [hadoop-common-3.3.6.jar:?]
	at org.apache.hadoop.ipc.ProtobufRpcEngine2$Server$ProtoBufRpcInvoker.call(ProtobufRpcEngine2.java:573) [hadoop-common-3.3.6.jar:?]
	at org.apache.hadoop.ipc.RPC$Server.call(RPC.java:1227) [hadoop-common-3.3.6.jar:?]
	at org.apache.hadoop.ipc.Server$RpcCall.run(Server.java:1094) [hadoop-common-3.3.6.jar:?]
	at org.apache.hadoop.ipc.Server$RpcCall.run(Server.java:1017) [hadoop-common-3.3.6.jar:?]
	at java.security.AccessController.doPrivileged(Native Method) ~[?:1.8.0_382]
	at javax.security.auth.Subject.doAs(Subject.java:422) [?:1.8.0_382]
	at org.apache.hadoop.security.UserGroupInformation.doAs(UserGroupInformation.java:1899) [hadoop-common-3.3.6.jar:?]
	at org.apache.hadoop.ipc.Server$Handler.run(Server.java:3048) [hadoop-common-3.3.6.jar:?]
]]></system-out>
  </testcase>
  <testcase name="testRecursiveDelete" classname="TestOzoneFileSystem" time="0.207">
    <system-out><![CDATA[11:19:37.867 [IPC Server handler 6 on default port 15110] ERROR OMAudit - user=runner | ip=127.0.0.1 | op=GET_FILE_STATUS {volume=volume57283, bucket=bucket81356, key=gdir1, dataSize=0, replicationConfig=null} | ret=FAILURE
org.apache.hadoop.ozone.om.exceptions.OMException: Unable to get file status: volume: volume57283 bucket: bucket81356 key: gdir1
	at org.apache.hadoop.ozone.om.KeyManagerImpl.getOzoneFileStatus(KeyManagerImpl.java:1195) ~[ozone-manager-1.4.0-SNAPSHOT.jar:?]
	at org.apache.hadoop.ozone.om.KeyManagerImpl.getFileStatus(KeyManagerImpl.java:1113) ~[ozone-manager-1.4.0-SNAPSHOT.jar:?]
	at org.apache.hadoop.ozone.om.OmMetadataReader.getFileStatus(OmMetadataReader.java:262) ~[ozone-manager-1.4.0-SNAPSHOT.jar:?]
	at org.apache.hadoop.ozone.om.OzoneManager.getFileStatus(OzoneManager.java:3530) ~[ozone-manager-1.4.0-SNAPSHOT.jar:?]
	at org.apache.hadoop.ozone.protocolPB.OzoneManagerRequestHandler.getOzoneFileStatus(OzoneManagerRequestHandler.java:971) ~[ozone-manager-1.4.0-SNAPSHOT.jar:?]
	at org.apache.hadoop.ozone.protocolPB.OzoneManagerRequestHandler.handleReadRequest(OzoneManagerRequestHandler.java:250) ~[ozone-manager-1.4.0-SNAPSHOT.jar:?]
	at org.apache.hadoop.ozone.protocolPB.OzoneManagerProtocolServerSideTranslatorPB.submitReadRequestToOM(OzoneManagerProtocolServerSideTranslatorPB.java:225) ~[ozone-manager-1.4.0-SNAPSHOT.jar:?]
	at org.apache.hadoop.ozone.protocolPB.OzoneManagerProtocolServerSideTranslatorPB.processRequest(OzoneManagerProtocolServerSideTranslatorPB.java:179) ~[ozone-manager-1.4.0-SNAPSHOT.jar:?]
	at org.apache.hadoop.hdds.server.OzoneProtocolMessageDispatcher.processRequest(OzoneProtocolMessageDispatcher.java:87) [hdds-server-framework-1.4.0-SNAPSHOT.jar:?]
	at org.apache.hadoop.ozone.protocolPB.OzoneManagerProtocolServerSideTranslatorPB.submitRequest(OzoneManagerProtocolServerSideTranslatorPB.java:148) [ozone-manager-1.4.0-SNAPSHOT.jar:?]
	at org.apache.hadoop.ozone.protocol.proto.OzoneManagerProtocolProtos$OzoneManagerService$2.callBlockingMethod(OzoneManagerProtocolProtos.java) [ozone-interface-client-1.4.0-SNAPSHOT.jar:?]
	at org.apache.hadoop.ipc.ProtobufRpcEngine$Server.processCall(ProtobufRpcEngine.java:484) [hadoop-common-3.3.6.jar:?]
	at org.apache.hadoop.ipc.ProtobufRpcEngine2$Server$ProtoBufRpcInvoker.call(ProtobufRpcEngine2.java:595) [hadoop-common-3.3.6.jar:?]
	at org.apache.hadoop.ipc.ProtobufRpcEngine2$Server$ProtoBufRpcInvoker.call(ProtobufRpcEngine2.java:573) [hadoop-common-3.3.6.jar:?]
	at org.apache.hadoop.ipc.RPC$Server.call(RPC.java:1227) [hadoop-common-3.3.6.jar:?]
	at org.apache.hadoop.ipc.Server$RpcCall.run(Server.java:1094) [hadoop-common-3.3.6.jar:?]
	at org.apache.hadoop.ipc.Server$RpcCall.run(Server.java:1017) [hadoop-common-3.3.6.jar:?]
	at java.security.AccessController.doPrivileged(Native Method) ~[?:1.8.0_382]
	at javax.security.auth.Subject.doAs(Subject.java:422) [?:1.8.0_382]
	at org.apache.hadoop.security.UserGroupInformation.doAs(UserGroupInformation.java:1899) [hadoop-common-3.3.6.jar:?]
	at org.apache.hadoop.ipc.Server$Handler.run(Server.java:3048) [hadoop-common-3.3.6.jar:?]
11:19:37.869 [IPC Server handler 2 on default port 15110] ERROR OMAudit - user=runner | ip=127.0.0.1 | op=GET_FILE_STATUS {volume=volume57283, bucket=bucket81356, key=gdir1/dir1, dataSize=0, replicationConfig=null} | ret=FAILURE
org.apache.hadoop.ozone.om.exceptions.OMException: Unable to get file status: volume: volume57283 bucket: bucket81356 key: gdir1/dir1
	at org.apache.hadoop.ozone.om.KeyManagerImpl.getOzoneFileStatus(KeyManagerImpl.java:1195) ~[ozone-manager-1.4.0-SNAPSHOT.jar:?]
	at org.apache.hadoop.ozone.om.KeyManagerImpl.getFileStatus(KeyManagerImpl.java:1113) ~[ozone-manager-1.4.0-SNAPSHOT.jar:?]
	at org.apache.hadoop.ozone.om.OmMetadataReader.getFileStatus(OmMetadataReader.java:262) ~[ozone-manager-1.4.0-SNAPSHOT.jar:?]
	at org.apache.hadoop.ozone.om.OzoneManager.getFileStatus(OzoneManager.java:3530) ~[ozone-manager-1.4.0-SNAPSHOT.jar:?]
	at org.apache.hadoop.ozone.protocolPB.OzoneManagerRequestHandler.getOzoneFileStatus(OzoneManagerRequestHandler.java:971) ~[ozone-manager-1.4.0-SNAPSHOT.jar:?]
	at org.apache.hadoop.ozone.protocolPB.OzoneManagerRequestHandler.handleReadRequest(OzoneManagerRequestHandler.java:250) ~[ozone-manager-1.4.0-SNAPSHOT.jar:?]
	at org.apache.hadoop.ozone.protocolPB.OzoneManagerProtocolServerSideTranslatorPB.submitReadRequestToOM(OzoneManagerProtocolServerSideTranslatorPB.java:225) ~[ozone-manager-1.4.0-SNAPSHOT.jar:?]
	at org.apache.hadoop.ozone.protocolPB.OzoneManagerProtocolServerSideTranslatorPB.processRequest(OzoneManagerProtocolServerSideTranslatorPB.java:179) ~[ozone-manager-1.4.0-SNAPSHOT.jar:?]
	at org.apache.hadoop.hdds.server.OzoneProtocolMessageDispatcher.processRequest(OzoneProtocolMessageDispatcher.java:87) [hdds-server-framework-1.4.0-SNAPSHOT.jar:?]
	at org.apache.hadoop.ozone.protocolPB.OzoneManagerProtocolServerSideTranslatorPB.submitRequest(OzoneManagerProtocolServerSideTranslatorPB.java:148) [ozone-manager-1.4.0-SNAPSHOT.jar:?]
	at org.apache.hadoop.ozone.protocol.proto.OzoneManagerProtocolProtos$OzoneManagerService$2.callBlockingMethod(OzoneManagerProtocolProtos.java) [ozone-interface-client-1.4.0-SNAPSHOT.jar:?]
	at org.apache.hadoop.ipc.ProtobufRpcEngine$Server.processCall(ProtobufRpcEngine.java:484) [hadoop-common-3.3.6.jar:?]
	at org.apache.hadoop.ipc.ProtobufRpcEngine2$Server$ProtoBufRpcInvoker.call(ProtobufRpcEngine2.java:595) [hadoop-common-3.3.6.jar:?]
	at org.apache.hadoop.ipc.ProtobufRpcEngine2$Server$ProtoBufRpcInvoker.call(ProtobufRpcEngine2.java:573) [hadoop-common-3.3.6.jar:?]
	at org.apache.hadoop.ipc.RPC$Server.call(RPC.java:1227) [hadoop-common-3.3.6.jar:?]
	at org.apache.hadoop.ipc.Server$RpcCall.run(Server.java:1094) [hadoop-common-3.3.6.jar:?]
	at org.apache.hadoop.ipc.Server$RpcCall.run(Server.java:1017) [hadoop-common-3.3.6.jar:?]
	at java.security.AccessController.doPrivileged(Native Method) ~[?:1.8.0_382]
	at javax.security.auth.Subject.doAs(Subject.java:422) [?:1.8.0_382]
	at org.apache.hadoop.security.UserGroupInformation.doAs(UserGroupInformation.java:1899) [hadoop-common-3.3.6.jar:?]
	at org.apache.hadoop.ipc.Server$Handler.run(Server.java:3048) [hadoop-common-3.3.6.jar:?]
11:19:37.870 [IPC Server handler 3 on default port 15110] ERROR OMAudit - user=runner | ip=127.0.0.1 | op=GET_FILE_STATUS {volume=volume57283, bucket=bucket81356, key=gdir1/dir1/child, dataSize=0, replicationConfig=null} | ret=FAILURE
org.apache.hadoop.ozone.om.exceptions.OMException: Unable to get file status: volume: volume57283 bucket: bucket81356 key: gdir1/dir1/child
	at org.apache.hadoop.ozone.om.KeyManagerImpl.getOzoneFileStatus(KeyManagerImpl.java:1195) ~[ozone-manager-1.4.0-SNAPSHOT.jar:?]
	at org.apache.hadoop.ozone.om.KeyManagerImpl.getFileStatus(KeyManagerImpl.java:1113) ~[ozone-manager-1.4.0-SNAPSHOT.jar:?]
	at org.apache.hadoop.ozone.om.OmMetadataReader.getFileStatus(OmMetadataReader.java:262) ~[ozone-manager-1.4.0-SNAPSHOT.jar:?]
	at org.apache.hadoop.ozone.om.OzoneManager.getFileStatus(OzoneManager.java:3530) ~[ozone-manager-1.4.0-SNAPSHOT.jar:?]
	at org.apache.hadoop.ozone.protocolPB.OzoneManagerRequestHandler.getOzoneFileStatus(OzoneManagerRequestHandler.java:971) ~[ozone-manager-1.4.0-SNAPSHOT.jar:?]
	at org.apache.hadoop.ozone.protocolPB.OzoneManagerRequestHandler.handleReadRequest(OzoneManagerRequestHandler.java:250) ~[ozone-manager-1.4.0-SNAPSHOT.jar:?]
	at org.apache.hadoop.ozone.protocolPB.OzoneManagerProtocolServerSideTranslatorPB.submitReadRequestToOM(OzoneManagerProtocolServerSideTranslatorPB.java:225) ~[ozone-manager-1.4.0-SNAPSHOT.jar:?]
	at org.apache.hadoop.ozone.protocolPB.OzoneManagerProtocolServerSideTranslatorPB.processRequest(OzoneManagerProtocolServerSideTranslatorPB.java:179) ~[ozone-manager-1.4.0-SNAPSHOT.jar:?]
	at org.apache.hadoop.hdds.server.OzoneProtocolMessageDispatcher.processRequest(OzoneProtocolMessageDispatcher.java:87) [hdds-server-framework-1.4.0-SNAPSHOT.jar:?]
	at org.apache.hadoop.ozone.protocolPB.OzoneManagerProtocolServerSideTranslatorPB.submitRequest(OzoneManagerProtocolServerSideTranslatorPB.java:148) [ozone-manager-1.4.0-SNAPSHOT.jar:?]
	at org.apache.hadoop.ozone.protocol.proto.OzoneManagerProtocolProtos$OzoneManagerService$2.callBlockingMethod(OzoneManagerProtocolProtos.java) [ozone-interface-client-1.4.0-SNAPSHOT.jar:?]
	at org.apache.hadoop.ipc.ProtobufRpcEngine$Server.processCall(ProtobufRpcEngine.java:484) [hadoop-common-3.3.6.jar:?]
	at org.apache.hadoop.ipc.ProtobufRpcEngine2$Server$ProtoBufRpcInvoker.call(ProtobufRpcEngine2.java:595) [hadoop-common-3.3.6.jar:?]
	at org.apache.hadoop.ipc.ProtobufRpcEngine2$Server$ProtoBufRpcInvoker.call(ProtobufRpcEngine2.java:573) [hadoop-common-3.3.6.jar:?]
	at org.apache.hadoop.ipc.RPC$Server.call(RPC.java:1227) [hadoop-common-3.3.6.jar:?]
	at org.apache.hadoop.ipc.Server$RpcCall.run(Server.java:1094) [hadoop-common-3.3.6.jar:?]
	at org.apache.hadoop.ipc.Server$RpcCall.run(Server.java:1017) [hadoop-common-3.3.6.jar:?]
	at java.security.AccessController.doPrivileged(Native Method) ~[?:1.8.0_382]
	at javax.security.auth.Subject.doAs(Subject.java:422) [?:1.8.0_382]
	at org.apache.hadoop.security.UserGroupInformation.doAs(UserGroupInformation.java:1899) [hadoop-common-3.3.6.jar:?]
	at org.apache.hadoop.ipc.Server$Handler.run(Server.java:3048) [hadoop-common-3.3.6.jar:?]
11:19:37.871 [IPC Server handler 9 on default port 15110] ERROR OMAudit - user=runner | ip=127.0.0.1 | op=GET_FILE_STATUS {volume=volume57283, bucket=bucket81356, key=gdir1/dir2, dataSize=0, replicationConfig=null} | ret=FAILURE
org.apache.hadoop.ozone.om.exceptions.OMException: Unable to get file status: volume: volume57283 bucket: bucket81356 key: gdir1/dir2
	at org.apache.hadoop.ozone.om.KeyManagerImpl.getOzoneFileStatus(KeyManagerImpl.java:1195) ~[ozone-manager-1.4.0-SNAPSHOT.jar:?]
	at org.apache.hadoop.ozone.om.KeyManagerImpl.getFileStatus(KeyManagerImpl.java:1113) ~[ozone-manager-1.4.0-SNAPSHOT.jar:?]
	at org.apache.hadoop.ozone.om.OmMetadataReader.getFileStatus(OmMetadataReader.java:262) ~[ozone-manager-1.4.0-SNAPSHOT.jar:?]
	at org.apache.hadoop.ozone.om.OzoneManager.getFileStatus(OzoneManager.java:3530) ~[ozone-manager-1.4.0-SNAPSHOT.jar:?]
	at org.apache.hadoop.ozone.protocolPB.OzoneManagerRequestHandler.getOzoneFileStatus(OzoneManagerRequestHandler.java:971) ~[ozone-manager-1.4.0-SNAPSHOT.jar:?]
	at org.apache.hadoop.ozone.protocolPB.OzoneManagerRequestHandler.handleReadRequest(OzoneManagerRequestHandler.java:250) ~[ozone-manager-1.4.0-SNAPSHOT.jar:?]
	at org.apache.hadoop.ozone.protocolPB.OzoneManagerProtocolServerSideTranslatorPB.submitReadRequestToOM(OzoneManagerProtocolServerSideTranslatorPB.java:225) ~[ozone-manager-1.4.0-SNAPSHOT.jar:?]
	at org.apache.hadoop.ozone.protocolPB.OzoneManagerProtocolServerSideTranslatorPB.processRequest(OzoneManagerProtocolServerSideTranslatorPB.java:179) ~[ozone-manager-1.4.0-SNAPSHOT.jar:?]
	at org.apache.hadoop.hdds.server.OzoneProtocolMessageDispatcher.processRequest(OzoneProtocolMessageDispatcher.java:87) [hdds-server-framework-1.4.0-SNAPSHOT.jar:?]
	at org.apache.hadoop.ozone.protocolPB.OzoneManagerProtocolServerSideTranslatorPB.submitRequest(OzoneManagerProtocolServerSideTranslatorPB.java:148) [ozone-manager-1.4.0-SNAPSHOT.jar:?]
	at org.apache.hadoop.ozone.protocol.proto.OzoneManagerProtocolProtos$OzoneManagerService$2.callBlockingMethod(OzoneManagerProtocolProtos.java) [ozone-interface-client-1.4.0-SNAPSHOT.jar:?]
	at org.apache.hadoop.ipc.ProtobufRpcEngine$Server.processCall(ProtobufRpcEngine.java:484) [hadoop-common-3.3.6.jar:?]
	at org.apache.hadoop.ipc.ProtobufRpcEngine2$Server$ProtoBufRpcInvoker.call(ProtobufRpcEngine2.java:595) [hadoop-common-3.3.6.jar:?]
	at org.apache.hadoop.ipc.ProtobufRpcEngine2$Server$ProtoBufRpcInvoker.call(ProtobufRpcEngine2.java:573) [hadoop-common-3.3.6.jar:?]
	at org.apache.hadoop.ipc.RPC$Server.call(RPC.java:1227) [hadoop-common-3.3.6.jar:?]
	at org.apache.hadoop.ipc.Server$RpcCall.run(Server.java:1094) [hadoop-common-3.3.6.jar:?]
	at org.apache.hadoop.ipc.Server$RpcCall.run(Server.java:1017) [hadoop-common-3.3.6.jar:?]
	at java.security.AccessController.doPrivileged(Native Method) ~[?:1.8.0_382]
	at javax.security.auth.Subject.doAs(Subject.java:422) [?:1.8.0_382]
	at org.apache.hadoop.security.UserGroupInformation.doAs(UserGroupInformation.java:1899) [hadoop-common-3.3.6.jar:?]
	at org.apache.hadoop.ipc.Server$Handler.run(Server.java:3048) [hadoop-common-3.3.6.jar:?]
11:19:37.872 [IPC Server handler 11 on default port 15110] ERROR OMAudit - user=runner | ip=127.0.0.1 | op=GET_FILE_STATUS {volume=volume57283, bucket=bucket81356, key=gdir1/dir2/child, dataSize=0, replicationConfig=null} | ret=FAILURE
org.apache.hadoop.ozone.om.exceptions.OMException: Unable to get file status: volume: volume57283 bucket: bucket81356 key: gdir1/dir2/child
	at org.apache.hadoop.ozone.om.KeyManagerImpl.getOzoneFileStatus(KeyManagerImpl.java:1195) ~[ozone-manager-1.4.0-SNAPSHOT.jar:?]
	at org.apache.hadoop.ozone.om.KeyManagerImpl.getFileStatus(KeyManagerImpl.java:1113) ~[ozone-manager-1.4.0-SNAPSHOT.jar:?]
	at org.apache.hadoop.ozone.om.OmMetadataReader.getFileStatus(OmMetadataReader.java:262) ~[ozone-manager-1.4.0-SNAPSHOT.jar:?]
	at org.apache.hadoop.ozone.om.OzoneManager.getFileStatus(OzoneManager.java:3530) ~[ozone-manager-1.4.0-SNAPSHOT.jar:?]
	at org.apache.hadoop.ozone.protocolPB.OzoneManagerRequestHandler.getOzoneFileStatus(OzoneManagerRequestHandler.java:971) ~[ozone-manager-1.4.0-SNAPSHOT.jar:?]
	at org.apache.hadoop.ozone.protocolPB.OzoneManagerRequestHandler.handleReadRequest(OzoneManagerRequestHandler.java:250) ~[ozone-manager-1.4.0-SNAPSHOT.jar:?]
	at org.apache.hadoop.ozone.protocolPB.OzoneManagerProtocolServerSideTranslatorPB.submitReadRequestToOM(OzoneManagerProtocolServerSideTranslatorPB.java:225) ~[ozone-manager-1.4.0-SNAPSHOT.jar:?]
	at org.apache.hadoop.ozone.protocolPB.OzoneManagerProtocolServerSideTranslatorPB.processRequest(OzoneManagerProtocolServerSideTranslatorPB.java:179) ~[ozone-manager-1.4.0-SNAPSHOT.jar:?]
	at org.apache.hadoop.hdds.server.OzoneProtocolMessageDispatcher.processRequest(OzoneProtocolMessageDispatcher.java:87) [hdds-server-framework-1.4.0-SNAPSHOT.jar:?]
	at org.apache.hadoop.ozone.protocolPB.OzoneManagerProtocolServerSideTranslatorPB.submitRequest(OzoneManagerProtocolServerSideTranslatorPB.java:148) [ozone-manager-1.4.0-SNAPSHOT.jar:?]
	at org.apache.hadoop.ozone.protocol.proto.OzoneManagerProtocolProtos$OzoneManagerService$2.callBlockingMethod(OzoneManagerProtocolProtos.java) [ozone-interface-client-1.4.0-SNAPSHOT.jar:?]
	at org.apache.hadoop.ipc.ProtobufRpcEngine$Server.processCall(ProtobufRpcEngine.java:484) [hadoop-common-3.3.6.jar:?]
	at org.apache.hadoop.ipc.ProtobufRpcEngine2$Server$ProtoBufRpcInvoker.call(ProtobufRpcEngine2.java:595) [hadoop-common-3.3.6.jar:?]
	at org.apache.hadoop.ipc.ProtobufRpcEngine2$Server$ProtoBufRpcInvoker.call(ProtobufRpcEngine2.java:573) [hadoop-common-3.3.6.jar:?]
	at org.apache.hadoop.ipc.RPC$Server.call(RPC.java:1227) [hadoop-common-3.3.6.jar:?]
	at org.apache.hadoop.ipc.Server$RpcCall.run(Server.java:1094) [hadoop-common-3.3.6.jar:?]
	at org.apache.hadoop.ipc.Server$RpcCall.run(Server.java:1017) [hadoop-common-3.3.6.jar:?]
	at java.security.AccessController.doPrivileged(Native Method) ~[?:1.8.0_382]
	at javax.security.auth.Subject.doAs(Subject.java:422) [?:1.8.0_382]
	at org.apache.hadoop.security.UserGroupInformation.doAs(UserGroupInformation.java:1899) [hadoop-common-3.3.6.jar:?]
	at org.apache.hadoop.ipc.Server$Handler.run(Server.java:3048) [hadoop-common-3.3.6.jar:?]
11:19:37.873 [IPC Server handler 10 on default port 15110] ERROR OMAudit - user=runner | ip=127.0.0.1 | op=GET_FILE_STATUS {volume=volume57283, bucket=bucket81356, key=gdir1/dir3, dataSize=0, replicationConfig=null} | ret=FAILURE
org.apache.hadoop.ozone.om.exceptions.OMException: Unable to get file status: volume: volume57283 bucket: bucket81356 key: gdir1/dir3
	at org.apache.hadoop.ozone.om.KeyManagerImpl.getOzoneFileStatus(KeyManagerImpl.java:1195) ~[ozone-manager-1.4.0-SNAPSHOT.jar:?]
	at org.apache.hadoop.ozone.om.KeyManagerImpl.getFileStatus(KeyManagerImpl.java:1113) ~[ozone-manager-1.4.0-SNAPSHOT.jar:?]
	at org.apache.hadoop.ozone.om.OmMetadataReader.getFileStatus(OmMetadataReader.java:262) ~[ozone-manager-1.4.0-SNAPSHOT.jar:?]
	at org.apache.hadoop.ozone.om.OzoneManager.getFileStatus(OzoneManager.java:3530) ~[ozone-manager-1.4.0-SNAPSHOT.jar:?]
	at org.apache.hadoop.ozone.protocolPB.OzoneManagerRequestHandler.getOzoneFileStatus(OzoneManagerRequestHandler.java:971) ~[ozone-manager-1.4.0-SNAPSHOT.jar:?]
	at org.apache.hadoop.ozone.protocolPB.OzoneManagerRequestHandler.handleReadRequest(OzoneManagerRequestHandler.java:250) ~[ozone-manager-1.4.0-SNAPSHOT.jar:?]
	at org.apache.hadoop.ozone.protocolPB.OzoneManagerProtocolServerSideTranslatorPB.submitReadRequestToOM(OzoneManagerProtocolServerSideTranslatorPB.java:225) ~[ozone-manager-1.4.0-SNAPSHOT.jar:?]
	at org.apache.hadoop.ozone.protocolPB.OzoneManagerProtocolServerSideTranslatorPB.processRequest(OzoneManagerProtocolServerSideTranslatorPB.java:179) ~[ozone-manager-1.4.0-SNAPSHOT.jar:?]
	at org.apache.hadoop.hdds.server.OzoneProtocolMessageDispatcher.processRequest(OzoneProtocolMessageDispatcher.java:87) [hdds-server-framework-1.4.0-SNAPSHOT.jar:?]
	at org.apache.hadoop.ozone.protocolPB.OzoneManagerProtocolServerSideTranslatorPB.submitRequest(OzoneManagerProtocolServerSideTranslatorPB.java:148) [ozone-manager-1.4.0-SNAPSHOT.jar:?]
	at org.apache.hadoop.ozone.protocol.proto.OzoneManagerProtocolProtos$OzoneManagerService$2.callBlockingMethod(OzoneManagerProtocolProtos.java) [ozone-interface-client-1.4.0-SNAPSHOT.jar:?]
	at org.apache.hadoop.ipc.ProtobufRpcEngine$Server.processCall(ProtobufRpcEngine.java:484) [hadoop-common-3.3.6.jar:?]
	at org.apache.hadoop.ipc.ProtobufRpcEngine2$Server$ProtoBufRpcInvoker.call(ProtobufRpcEngine2.java:595) [hadoop-common-3.3.6.jar:?]
	at org.apache.hadoop.ipc.ProtobufRpcEngine2$Server$ProtoBufRpcInvoker.call(ProtobufRpcEngine2.java:573) [hadoop-common-3.3.6.jar:?]
	at org.apache.hadoop.ipc.RPC$Server.call(RPC.java:1227) [hadoop-common-3.3.6.jar:?]
	at org.apache.hadoop.ipc.Server$RpcCall.run(Server.java:1094) [hadoop-common-3.3.6.jar:?]
	at org.apache.hadoop.ipc.Server$RpcCall.run(Server.java:1017) [hadoop-common-3.3.6.jar:?]
	at java.security.AccessController.doPrivileged(Native Method) ~[?:1.8.0_382]
	at javax.security.auth.Subject.doAs(Subject.java:422) [?:1.8.0_382]
	at org.apache.hadoop.security.UserGroupInformation.doAs(UserGroupInformation.java:1899) [hadoop-common-3.3.6.jar:?]
	at org.apache.hadoop.ipc.Server$Handler.run(Server.java:3048) [hadoop-common-3.3.6.jar:?]
11:19:37.874 [IPC Server handler 1 on default port 15110] ERROR OMAudit - user=runner | ip=127.0.0.1 | op=GET_FILE_STATUS {volume=volume57283, bucket=bucket81356, key=gdir1/dir3/child, dataSize=0, replicationConfig=null} | ret=FAILURE
org.apache.hadoop.ozone.om.exceptions.OMException: Unable to get file status: volume: volume57283 bucket: bucket81356 key: gdir1/dir3/child
	at org.apache.hadoop.ozone.om.KeyManagerImpl.getOzoneFileStatus(KeyManagerImpl.java:1195) ~[ozone-manager-1.4.0-SNAPSHOT.jar:?]
	at org.apache.hadoop.ozone.om.KeyManagerImpl.getFileStatus(KeyManagerImpl.java:1113) ~[ozone-manager-1.4.0-SNAPSHOT.jar:?]
	at org.apache.hadoop.ozone.om.OmMetadataReader.getFileStatus(OmMetadataReader.java:262) ~[ozone-manager-1.4.0-SNAPSHOT.jar:?]
	at org.apache.hadoop.ozone.om.OzoneManager.getFileStatus(OzoneManager.java:3530) ~[ozone-manager-1.4.0-SNAPSHOT.jar:?]
	at org.apache.hadoop.ozone.protocolPB.OzoneManagerRequestHandler.getOzoneFileStatus(OzoneManagerRequestHandler.java:971) ~[ozone-manager-1.4.0-SNAPSHOT.jar:?]
	at org.apache.hadoop.ozone.protocolPB.OzoneManagerRequestHandler.handleReadRequest(OzoneManagerRequestHandler.java:250) ~[ozone-manager-1.4.0-SNAPSHOT.jar:?]
	at org.apache.hadoop.ozone.protocolPB.OzoneManagerProtocolServerSideTranslatorPB.submitReadRequestToOM(OzoneManagerProtocolServerSideTranslatorPB.java:225) ~[ozone-manager-1.4.0-SNAPSHOT.jar:?]
	at org.apache.hadoop.ozone.protocolPB.OzoneManagerProtocolServerSideTranslatorPB.processRequest(OzoneManagerProtocolServerSideTranslatorPB.java:179) ~[ozone-manager-1.4.0-SNAPSHOT.jar:?]
	at org.apache.hadoop.hdds.server.OzoneProtocolMessageDispatcher.processRequest(OzoneProtocolMessageDispatcher.java:87) [hdds-server-framework-1.4.0-SNAPSHOT.jar:?]
	at org.apache.hadoop.ozone.protocolPB.OzoneManagerProtocolServerSideTranslatorPB.submitRequest(OzoneManagerProtocolServerSideTranslatorPB.java:148) [ozone-manager-1.4.0-SNAPSHOT.jar:?]
	at org.apache.hadoop.ozone.protocol.proto.OzoneManagerProtocolProtos$OzoneManagerService$2.callBlockingMethod(OzoneManagerProtocolProtos.java) [ozone-interface-client-1.4.0-SNAPSHOT.jar:?]
	at org.apache.hadoop.ipc.ProtobufRpcEngine$Server.processCall(ProtobufRpcEngine.java:484) [hadoop-common-3.3.6.jar:?]
	at org.apache.hadoop.ipc.ProtobufRpcEngine2$Server$ProtoBufRpcInvoker.call(ProtobufRpcEngine2.java:595) [hadoop-common-3.3.6.jar:?]
	at org.apache.hadoop.ipc.ProtobufRpcEngine2$Server$ProtoBufRpcInvoker.call(ProtobufRpcEngine2.java:573) [hadoop-common-3.3.6.jar:?]
	at org.apache.hadoop.ipc.RPC$Server.call(RPC.java:1227) [hadoop-common-3.3.6.jar:?]
	at org.apache.hadoop.ipc.Server$RpcCall.run(Server.java:1094) [hadoop-common-3.3.6.jar:?]
	at org.apache.hadoop.ipc.Server$RpcCall.run(Server.java:1017) [hadoop-common-3.3.6.jar:?]
	at java.security.AccessController.doPrivileged(Native Method) ~[?:1.8.0_382]
	at javax.security.auth.Subject.doAs(Subject.java:422) [?:1.8.0_382]
	at org.apache.hadoop.security.UserGroupInformation.doAs(UserGroupInformation.java:1899) [hadoop-common-3.3.6.jar:?]
	at org.apache.hadoop.ipc.Server$Handler.run(Server.java:3048) [hadoop-common-3.3.6.jar:?]
11:19:37.875 [IPC Server handler 7 on default port 15110] ERROR OMAudit - user=runner | ip=127.0.0.1 | op=GET_FILE_STATUS {volume=volume57283, bucket=bucket81356, key=gdir1/dir4, dataSize=0, replicationConfig=null} | ret=FAILURE
org.apache.hadoop.ozone.om.exceptions.OMException: Unable to get file status: volume: volume57283 bucket: bucket81356 key: gdir1/dir4
	at org.apache.hadoop.ozone.om.KeyManagerImpl.getOzoneFileStatus(KeyManagerImpl.java:1195) ~[ozone-manager-1.4.0-SNAPSHOT.jar:?]
	at org.apache.hadoop.ozone.om.KeyManagerImpl.getFileStatus(KeyManagerImpl.java:1113) ~[ozone-manager-1.4.0-SNAPSHOT.jar:?]
	at org.apache.hadoop.ozone.om.OmMetadataReader.getFileStatus(OmMetadataReader.java:262) ~[ozone-manager-1.4.0-SNAPSHOT.jar:?]
	at org.apache.hadoop.ozone.om.OzoneManager.getFileStatus(OzoneManager.java:3530) ~[ozone-manager-1.4.0-SNAPSHOT.jar:?]
	at org.apache.hadoop.ozone.protocolPB.OzoneManagerRequestHandler.getOzoneFileStatus(OzoneManagerRequestHandler.java:971) ~[ozone-manager-1.4.0-SNAPSHOT.jar:?]
	at org.apache.hadoop.ozone.protocolPB.OzoneManagerRequestHandler.handleReadRequest(OzoneManagerRequestHandler.java:250) ~[ozone-manager-1.4.0-SNAPSHOT.jar:?]
	at org.apache.hadoop.ozone.protocolPB.OzoneManagerProtocolServerSideTranslatorPB.submitReadRequestToOM(OzoneManagerProtocolServerSideTranslatorPB.java:225) ~[ozone-manager-1.4.0-SNAPSHOT.jar:?]
	at org.apache.hadoop.ozone.protocolPB.OzoneManagerProtocolServerSideTranslatorPB.processRequest(OzoneManagerProtocolServerSideTranslatorPB.java:179) ~[ozone-manager-1.4.0-SNAPSHOT.jar:?]
	at org.apache.hadoop.hdds.server.OzoneProtocolMessageDispatcher.processRequest(OzoneProtocolMessageDispatcher.java:87) [hdds-server-framework-1.4.0-SNAPSHOT.jar:?]
	at org.apache.hadoop.ozone.protocolPB.OzoneManagerProtocolServerSideTranslatorPB.submitRequest(OzoneManagerProtocolServerSideTranslatorPB.java:148) [ozone-manager-1.4.0-SNAPSHOT.jar:?]
	at org.apache.hadoop.ozone.protocol.proto.OzoneManagerProtocolProtos$OzoneManagerService$2.callBlockingMethod(OzoneManagerProtocolProtos.java) [ozone-interface-client-1.4.0-SNAPSHOT.jar:?]
	at org.apache.hadoop.ipc.ProtobufRpcEngine$Server.processCall(ProtobufRpcEngine.java:484) [hadoop-common-3.3.6.jar:?]
	at org.apache.hadoop.ipc.ProtobufRpcEngine2$Server$ProtoBufRpcInvoker.call(ProtobufRpcEngine2.java:595) [hadoop-common-3.3.6.jar:?]
	at org.apache.hadoop.ipc.ProtobufRpcEngine2$Server$ProtoBufRpcInvoker.call(ProtobufRpcEngine2.java:573) [hadoop-common-3.3.6.jar:?]
	at org.apache.hadoop.ipc.RPC$Server.call(RPC.java:1227) [hadoop-common-3.3.6.jar:?]
	at org.apache.hadoop.ipc.Server$RpcCall.run(Server.java:1094) [hadoop-common-3.3.6.jar:?]
	at org.apache.hadoop.ipc.Server$RpcCall.run(Server.java:1017) [hadoop-common-3.3.6.jar:?]
	at java.security.AccessController.doPrivileged(Native Method) ~[?:1.8.0_382]
	at javax.security.auth.Subject.doAs(Subject.java:422) [?:1.8.0_382]
	at org.apache.hadoop.security.UserGroupInformation.doAs(UserGroupInformation.java:1899) [hadoop-common-3.3.6.jar:?]
	at org.apache.hadoop.ipc.Server$Handler.run(Server.java:3048) [hadoop-common-3.3.6.jar:?]
11:19:37.876 [IPC Server handler 13 on default port 15110] ERROR OMAudit - user=runner | ip=127.0.0.1 | op=GET_FILE_STATUS {volume=volume57283, bucket=bucket81356, key=gdir1/dir4/child, dataSize=0, replicationConfig=null} | ret=FAILURE
org.apache.hadoop.ozone.om.exceptions.OMException: Unable to get file status: volume: volume57283 bucket: bucket81356 key: gdir1/dir4/child
	at org.apache.hadoop.ozone.om.KeyManagerImpl.getOzoneFileStatus(KeyManagerImpl.java:1195) ~[ozone-manager-1.4.0-SNAPSHOT.jar:?]
	at org.apache.hadoop.ozone.om.KeyManagerImpl.getFileStatus(KeyManagerImpl.java:1113) ~[ozone-manager-1.4.0-SNAPSHOT.jar:?]
	at org.apache.hadoop.ozone.om.OmMetadataReader.getFileStatus(OmMetadataReader.java:262) ~[ozone-manager-1.4.0-SNAPSHOT.jar:?]
	at org.apache.hadoop.ozone.om.OzoneManager.getFileStatus(OzoneManager.java:3530) ~[ozone-manager-1.4.0-SNAPSHOT.jar:?]
	at org.apache.hadoop.ozone.protocolPB.OzoneManagerRequestHandler.getOzoneFileStatus(OzoneManagerRequestHandler.java:971) ~[ozone-manager-1.4.0-SNAPSHOT.jar:?]
	at org.apache.hadoop.ozone.protocolPB.OzoneManagerRequestHandler.handleReadRequest(OzoneManagerRequestHandler.java:250) ~[ozone-manager-1.4.0-SNAPSHOT.jar:?]
	at org.apache.hadoop.ozone.protocolPB.OzoneManagerProtocolServerSideTranslatorPB.submitReadRequestToOM(OzoneManagerProtocolServerSideTranslatorPB.java:225) ~[ozone-manager-1.4.0-SNAPSHOT.jar:?]
	at org.apache.hadoop.ozone.protocolPB.OzoneManagerProtocolServerSideTranslatorPB.processRequest(OzoneManagerProtocolServerSideTranslatorPB.java:179) ~[ozone-manager-1.4.0-SNAPSHOT.jar:?]
	at org.apache.hadoop.hdds.server.OzoneProtocolMessageDispatcher.processRequest(OzoneProtocolMessageDispatcher.java:87) [hdds-server-framework-1.4.0-SNAPSHOT.jar:?]
	at org.apache.hadoop.ozone.protocolPB.OzoneManagerProtocolServerSideTranslatorPB.submitRequest(OzoneManagerProtocolServerSideTranslatorPB.java:148) [ozone-manager-1.4.0-SNAPSHOT.jar:?]
	at org.apache.hadoop.ozone.protocol.proto.OzoneManagerProtocolProtos$OzoneManagerService$2.callBlockingMethod(OzoneManagerProtocolProtos.java) [ozone-interface-client-1.4.0-SNAPSHOT.jar:?]
	at org.apache.hadoop.ipc.ProtobufRpcEngine$Server.processCall(ProtobufRpcEngine.java:484) [hadoop-common-3.3.6.jar:?]
	at org.apache.hadoop.ipc.ProtobufRpcEngine2$Server$ProtoBufRpcInvoker.call(ProtobufRpcEngine2.java:595) [hadoop-common-3.3.6.jar:?]
	at org.apache.hadoop.ipc.ProtobufRpcEngine2$Server$ProtoBufRpcInvoker.call(ProtobufRpcEngine2.java:573) [hadoop-common-3.3.6.jar:?]
	at org.apache.hadoop.ipc.RPC$Server.call(RPC.java:1227) [hadoop-common-3.3.6.jar:?]
	at org.apache.hadoop.ipc.Server$RpcCall.run(Server.java:1094) [hadoop-common-3.3.6.jar:?]
	at org.apache.hadoop.ipc.Server$RpcCall.run(Server.java:1017) [hadoop-common-3.3.6.jar:?]
	at java.security.AccessController.doPrivileged(Native Method) ~[?:1.8.0_382]
	at javax.security.auth.Subject.doAs(Subject.java:422) [?:1.8.0_382]
	at org.apache.hadoop.security.UserGroupInformation.doAs(UserGroupInformation.java:1899) [hadoop-common-3.3.6.jar:?]
	at org.apache.hadoop.ipc.Server$Handler.run(Server.java:3048) [hadoop-common-3.3.6.jar:?]
11:19:37.877 [IPC Server handler 5 on default port 15110] ERROR OMAudit - user=runner | ip=127.0.0.1 | op=GET_FILE_STATUS {volume=volume57283, bucket=bucket81356, key=gdir1/dir5, dataSize=0, replicationConfig=null} | ret=FAILURE
org.apache.hadoop.ozone.om.exceptions.OMException: Unable to get file status: volume: volume57283 bucket: bucket81356 key: gdir1/dir5
	at org.apache.hadoop.ozone.om.KeyManagerImpl.getOzoneFileStatus(KeyManagerImpl.java:1195) ~[ozone-manager-1.4.0-SNAPSHOT.jar:?]
	at org.apache.hadoop.ozone.om.KeyManagerImpl.getFileStatus(KeyManagerImpl.java:1113) ~[ozone-manager-1.4.0-SNAPSHOT.jar:?]
	at org.apache.hadoop.ozone.om.OmMetadataReader.getFileStatus(OmMetadataReader.java:262) ~[ozone-manager-1.4.0-SNAPSHOT.jar:?]
	at org.apache.hadoop.ozone.om.OzoneManager.getFileStatus(OzoneManager.java:3530) ~[ozone-manager-1.4.0-SNAPSHOT.jar:?]
	at org.apache.hadoop.ozone.protocolPB.OzoneManagerRequestHandler.getOzoneFileStatus(OzoneManagerRequestHandler.java:971) ~[ozone-manager-1.4.0-SNAPSHOT.jar:?]
	at org.apache.hadoop.ozone.protocolPB.OzoneManagerRequestHandler.handleReadRequest(OzoneManagerRequestHandler.java:250) ~[ozone-manager-1.4.0-SNAPSHOT.jar:?]
	at org.apache.hadoop.ozone.protocolPB.OzoneManagerProtocolServerSideTranslatorPB.submitReadRequestToOM(OzoneManagerProtocolServerSideTranslatorPB.java:225) ~[ozone-manager-1.4.0-SNAPSHOT.jar:?]
	at org.apache.hadoop.ozone.protocolPB.OzoneManagerProtocolServerSideTranslatorPB.processRequest(OzoneManagerProtocolServerSideTranslatorPB.java:179) ~[ozone-manager-1.4.0-SNAPSHOT.jar:?]
	at org.apache.hadoop.hdds.server.OzoneProtocolMessageDispatcher.processRequest(OzoneProtocolMessageDispatcher.java:87) [hdds-server-framework-1.4.0-SNAPSHOT.jar:?]
	at org.apache.hadoop.ozone.protocolPB.OzoneManagerProtocolServerSideTranslatorPB.submitRequest(OzoneManagerProtocolServerSideTranslatorPB.java:148) [ozone-manager-1.4.0-SNAPSHOT.jar:?]
	at org.apache.hadoop.ozone.protocol.proto.OzoneManagerProtocolProtos$OzoneManagerService$2.callBlockingMethod(OzoneManagerProtocolProtos.java) [ozone-interface-client-1.4.0-SNAPSHOT.jar:?]
	at org.apache.hadoop.ipc.ProtobufRpcEngine$Server.processCall(ProtobufRpcEngine.java:484) [hadoop-common-3.3.6.jar:?]
	at org.apache.hadoop.ipc.ProtobufRpcEngine2$Server$ProtoBufRpcInvoker.call(ProtobufRpcEngine2.java:595) [hadoop-common-3.3.6.jar:?]
	at org.apache.hadoop.ipc.ProtobufRpcEngine2$Server$ProtoBufRpcInvoker.call(ProtobufRpcEngine2.java:573) [hadoop-common-3.3.6.jar:?]
	at org.apache.hadoop.ipc.RPC$Server.call(RPC.java:1227) [hadoop-common-3.3.6.jar:?]
	at org.apache.hadoop.ipc.Server$RpcCall.run(Server.java:1094) [hadoop-common-3.3.6.jar:?]
	at org.apache.hadoop.ipc.Server$RpcCall.run(Server.java:1017) [hadoop-common-3.3.6.jar:?]
	at java.security.AccessController.doPrivileged(Native Method) ~[?:1.8.0_382]
	at javax.security.auth.Subject.doAs(Subject.java:422) [?:1.8.0_382]
	at org.apache.hadoop.security.UserGroupInformation.doAs(UserGroupInformation.java:1899) [hadoop-common-3.3.6.jar:?]
	at org.apache.hadoop.ipc.Server$Handler.run(Server.java:3048) [hadoop-common-3.3.6.jar:?]
11:19:37.877 [IPC Server handler 4 on default port 15110] ERROR OMAudit - user=runner | ip=127.0.0.1 | op=GET_FILE_STATUS {volume=volume57283, bucket=bucket81356, key=gdir1/dir5/child, dataSize=0, replicationConfig=null} | ret=FAILURE
org.apache.hadoop.ozone.om.exceptions.OMException: Unable to get file status: volume: volume57283 bucket: bucket81356 key: gdir1/dir5/child
	at org.apache.hadoop.ozone.om.KeyManagerImpl.getOzoneFileStatus(KeyManagerImpl.java:1195) ~[ozone-manager-1.4.0-SNAPSHOT.jar:?]
	at org.apache.hadoop.ozone.om.KeyManagerImpl.getFileStatus(KeyManagerImpl.java:1113) ~[ozone-manager-1.4.0-SNAPSHOT.jar:?]
	at org.apache.hadoop.ozone.om.OmMetadataReader.getFileStatus(OmMetadataReader.java:262) ~[ozone-manager-1.4.0-SNAPSHOT.jar:?]
	at org.apache.hadoop.ozone.om.OzoneManager.getFileStatus(OzoneManager.java:3530) ~[ozone-manager-1.4.0-SNAPSHOT.jar:?]
	at org.apache.hadoop.ozone.protocolPB.OzoneManagerRequestHandler.getOzoneFileStatus(OzoneManagerRequestHandler.java:971) ~[ozone-manager-1.4.0-SNAPSHOT.jar:?]
	at org.apache.hadoop.ozone.protocolPB.OzoneManagerRequestHandler.handleReadRequest(OzoneManagerRequestHandler.java:250) ~[ozone-manager-1.4.0-SNAPSHOT.jar:?]
	at org.apache.hadoop.ozone.protocolPB.OzoneManagerProtocolServerSideTranslatorPB.submitReadRequestToOM(OzoneManagerProtocolServerSideTranslatorPB.java:225) ~[ozone-manager-1.4.0-SNAPSHOT.jar:?]
	at org.apache.hadoop.ozone.protocolPB.OzoneManagerProtocolServerSideTranslatorPB.processRequest(OzoneManagerProtocolServerSideTranslatorPB.java:179) ~[ozone-manager-1.4.0-SNAPSHOT.jar:?]
	at org.apache.hadoop.hdds.server.OzoneProtocolMessageDispatcher.processRequest(OzoneProtocolMessageDispatcher.java:87) [hdds-server-framework-1.4.0-SNAPSHOT.jar:?]
	at org.apache.hadoop.ozone.protocolPB.OzoneManagerProtocolServerSideTranslatorPB.submitRequest(OzoneManagerProtocolServerSideTranslatorPB.java:148) [ozone-manager-1.4.0-SNAPSHOT.jar:?]
	at org.apache.hadoop.ozone.protocol.proto.OzoneManagerProtocolProtos$OzoneManagerService$2.callBlockingMethod(OzoneManagerProtocolProtos.java) [ozone-interface-client-1.4.0-SNAPSHOT.jar:?]
	at org.apache.hadoop.ipc.ProtobufRpcEngine$Server.processCall(ProtobufRpcEngine.java:484) [hadoop-common-3.3.6.jar:?]
	at org.apache.hadoop.ipc.ProtobufRpcEngine2$Server$ProtoBufRpcInvoker.call(ProtobufRpcEngine2.java:595) [hadoop-common-3.3.6.jar:?]
	at org.apache.hadoop.ipc.ProtobufRpcEngine2$Server$ProtoBufRpcInvoker.call(ProtobufRpcEngine2.java:573) [hadoop-common-3.3.6.jar:?]
	at org.apache.hadoop.ipc.RPC$Server.call(RPC.java:1227) [hadoop-common-3.3.6.jar:?]
	at org.apache.hadoop.ipc.Server$RpcCall.run(Server.java:1094) [hadoop-common-3.3.6.jar:?]
	at org.apache.hadoop.ipc.Server$RpcCall.run(Server.java:1017) [hadoop-common-3.3.6.jar:?]
	at java.security.AccessController.doPrivileged(Native Method) ~[?:1.8.0_382]
	at javax.security.auth.Subject.doAs(Subject.java:422) [?:1.8.0_382]
	at org.apache.hadoop.security.UserGroupInformation.doAs(UserGroupInformation.java:1899) [hadoop-common-3.3.6.jar:?]
	at org.apache.hadoop.ipc.Server$Handler.run(Server.java:3048) [hadoop-common-3.3.6.jar:?]
11:19:37.878 [IPC Server handler 8 on default port 15110] ERROR OMAudit - user=runner | ip=127.0.0.1 | op=GET_FILE_STATUS {volume=volume57283, bucket=bucket81356, key=gdir1/dir6, dataSize=0, replicationConfig=null} | ret=FAILURE
org.apache.hadoop.ozone.om.exceptions.OMException: Unable to get file status: volume: volume57283 bucket: bucket81356 key: gdir1/dir6
	at org.apache.hadoop.ozone.om.KeyManagerImpl.getOzoneFileStatus(KeyManagerImpl.java:1195) ~[ozone-manager-1.4.0-SNAPSHOT.jar:?]
	at org.apache.hadoop.ozone.om.KeyManagerImpl.getFileStatus(KeyManagerImpl.java:1113) ~[ozone-manager-1.4.0-SNAPSHOT.jar:?]
	at org.apache.hadoop.ozone.om.OmMetadataReader.getFileStatus(OmMetadataReader.java:262) ~[ozone-manager-1.4.0-SNAPSHOT.jar:?]
	at org.apache.hadoop.ozone.om.OzoneManager.getFileStatus(OzoneManager.java:3530) ~[ozone-manager-1.4.0-SNAPSHOT.jar:?]
	at org.apache.hadoop.ozone.protocolPB.OzoneManagerRequestHandler.getOzoneFileStatus(OzoneManagerRequestHandler.java:971) ~[ozone-manager-1.4.0-SNAPSHOT.jar:?]
	at org.apache.hadoop.ozone.protocolPB.OzoneManagerRequestHandler.handleReadRequest(OzoneManagerRequestHandler.java:250) ~[ozone-manager-1.4.0-SNAPSHOT.jar:?]
	at org.apache.hadoop.ozone.protocolPB.OzoneManagerProtocolServerSideTranslatorPB.submitReadRequestToOM(OzoneManagerProtocolServerSideTranslatorPB.java:225) ~[ozone-manager-1.4.0-SNAPSHOT.jar:?]
	at org.apache.hadoop.ozone.protocolPB.OzoneManagerProtocolServerSideTranslatorPB.processRequest(OzoneManagerProtocolServerSideTranslatorPB.java:179) ~[ozone-manager-1.4.0-SNAPSHOT.jar:?]
	at org.apache.hadoop.hdds.server.OzoneProtocolMessageDispatcher.processRequest(OzoneProtocolMessageDispatcher.java:87) [hdds-server-framework-1.4.0-SNAPSHOT.jar:?]
	at org.apache.hadoop.ozone.protocolPB.OzoneManagerProtocolServerSideTranslatorPB.submitRequest(OzoneManagerProtocolServerSideTranslatorPB.java:148) [ozone-manager-1.4.0-SNAPSHOT.jar:?]
	at org.apache.hadoop.ozone.protocol.proto.OzoneManagerProtocolProtos$OzoneManagerService$2.callBlockingMethod(OzoneManagerProtocolProtos.java) [ozone-interface-client-1.4.0-SNAPSHOT.jar:?]
	at org.apache.hadoop.ipc.ProtobufRpcEngine$Server.processCall(ProtobufRpcEngine.java:484) [hadoop-common-3.3.6.jar:?]
	at org.apache.hadoop.ipc.ProtobufRpcEngine2$Server$ProtoBufRpcInvoker.call(ProtobufRpcEngine2.java:595) [hadoop-common-3.3.6.jar:?]
	at org.apache.hadoop.ipc.ProtobufRpcEngine2$Server$ProtoBufRpcInvoker.call(ProtobufRpcEngine2.java:573) [hadoop-common-3.3.6.jar:?]
	at org.apache.hadoop.ipc.RPC$Server.call(RPC.java:1227) [hadoop-common-3.3.6.jar:?]
	at org.apache.hadoop.ipc.Server$RpcCall.run(Server.java:1094) [hadoop-common-3.3.6.jar:?]
	at org.apache.hadoop.ipc.Server$RpcCall.run(Server.java:1017) [hadoop-common-3.3.6.jar:?]
	at java.security.AccessController.doPrivileged(Native Method) ~[?:1.8.0_382]
	at javax.security.auth.Subject.doAs(Subject.java:422) [?:1.8.0_382]
	at org.apache.hadoop.security.UserGroupInformation.doAs(UserGroupInformation.java:1899) [hadoop-common-3.3.6.jar:?]
	at org.apache.hadoop.ipc.Server$Handler.run(Server.java:3048) [hadoop-common-3.3.6.jar:?]
11:19:37.879 [IPC Server handler 17 on default port 15110] ERROR OMAudit - user=runner | ip=127.0.0.1 | op=GET_FILE_STATUS {volume=volume57283, bucket=bucket81356, key=gdir1/dir6/child, dataSize=0, replicationConfig=null} | ret=FAILURE
org.apache.hadoop.ozone.om.exceptions.OMException: Unable to get file status: volume: volume57283 bucket: bucket81356 key: gdir1/dir6/child
	at org.apache.hadoop.ozone.om.KeyManagerImpl.getOzoneFileStatus(KeyManagerImpl.java:1195) ~[ozone-manager-1.4.0-SNAPSHOT.jar:?]
	at org.apache.hadoop.ozone.om.KeyManagerImpl.getFileStatus(KeyManagerImpl.java:1113) ~[ozone-manager-1.4.0-SNAPSHOT.jar:?]
	at org.apache.hadoop.ozone.om.OmMetadataReader.getFileStatus(OmMetadataReader.java:262) ~[ozone-manager-1.4.0-SNAPSHOT.jar:?]
	at org.apache.hadoop.ozone.om.OzoneManager.getFileStatus(OzoneManager.java:3530) ~[ozone-manager-1.4.0-SNAPSHOT.jar:?]
	at org.apache.hadoop.ozone.protocolPB.OzoneManagerRequestHandler.getOzoneFileStatus(OzoneManagerRequestHandler.java:971) ~[ozone-manager-1.4.0-SNAPSHOT.jar:?]
	at org.apache.hadoop.ozone.protocolPB.OzoneManagerRequestHandler.handleReadRequest(OzoneManagerRequestHandler.java:250) ~[ozone-manager-1.4.0-SNAPSHOT.jar:?]
	at org.apache.hadoop.ozone.protocolPB.OzoneManagerProtocolServerSideTranslatorPB.submitReadRequestToOM(OzoneManagerProtocolServerSideTranslatorPB.java:225) ~[ozone-manager-1.4.0-SNAPSHOT.jar:?]
	at org.apache.hadoop.ozone.protocolPB.OzoneManagerProtocolServerSideTranslatorPB.processRequest(OzoneManagerProtocolServerSideTranslatorPB.java:179) ~[ozone-manager-1.4.0-SNAPSHOT.jar:?]
	at org.apache.hadoop.hdds.server.OzoneProtocolMessageDispatcher.processRequest(OzoneProtocolMessageDispatcher.java:87) [hdds-server-framework-1.4.0-SNAPSHOT.jar:?]
	at org.apache.hadoop.ozone.protocolPB.OzoneManagerProtocolServerSideTranslatorPB.submitRequest(OzoneManagerProtocolServerSideTranslatorPB.java:148) [ozone-manager-1.4.0-SNAPSHOT.jar:?]
	at org.apache.hadoop.ozone.protocol.proto.OzoneManagerProtocolProtos$OzoneManagerService$2.callBlockingMethod(OzoneManagerProtocolProtos.java) [ozone-interface-client-1.4.0-SNAPSHOT.jar:?]
	at org.apache.hadoop.ipc.ProtobufRpcEngine$Server.processCall(ProtobufRpcEngine.java:484) [hadoop-common-3.3.6.jar:?]
	at org.apache.hadoop.ipc.ProtobufRpcEngine2$Server$ProtoBufRpcInvoker.call(ProtobufRpcEngine2.java:595) [hadoop-common-3.3.6.jar:?]
	at org.apache.hadoop.ipc.ProtobufRpcEngine2$Server$ProtoBufRpcInvoker.call(ProtobufRpcEngine2.java:573) [hadoop-common-3.3.6.jar:?]
	at org.apache.hadoop.ipc.RPC$Server.call(RPC.java:1227) [hadoop-common-3.3.6.jar:?]
	at org.apache.hadoop.ipc.Server$RpcCall.run(Server.java:1094) [hadoop-common-3.3.6.jar:?]
	at org.apache.hadoop.ipc.Server$RpcCall.run(Server.java:1017) [hadoop-common-3.3.6.jar:?]
	at java.security.AccessController.doPrivileged(Native Method) ~[?:1.8.0_382]
	at javax.security.auth.Subject.doAs(Subject.java:422) [?:1.8.0_382]
	at org.apache.hadoop.security.UserGroupInformation.doAs(UserGroupInformation.java:1899) [hadoop-common-3.3.6.jar:?]
	at org.apache.hadoop.ipc.Server$Handler.run(Server.java:3048) [hadoop-common-3.3.6.jar:?]
11:19:37.880 [IPC Server handler 18 on default port 15110] ERROR OMAudit - user=runner | ip=127.0.0.1 | op=GET_FILE_STATUS {volume=volume57283, bucket=bucket81356, key=gdir1/dir7, dataSize=0, replicationConfig=null} | ret=FAILURE
org.apache.hadoop.ozone.om.exceptions.OMException: Unable to get file status: volume: volume57283 bucket: bucket81356 key: gdir1/dir7
	at org.apache.hadoop.ozone.om.KeyManagerImpl.getOzoneFileStatus(KeyManagerImpl.java:1195) ~[ozone-manager-1.4.0-SNAPSHOT.jar:?]
	at org.apache.hadoop.ozone.om.KeyManagerImpl.getFileStatus(KeyManagerImpl.java:1113) ~[ozone-manager-1.4.0-SNAPSHOT.jar:?]
	at org.apache.hadoop.ozone.om.OmMetadataReader.getFileStatus(OmMetadataReader.java:262) ~[ozone-manager-1.4.0-SNAPSHOT.jar:?]
	at org.apache.hadoop.ozone.om.OzoneManager.getFileStatus(OzoneManager.java:3530) ~[ozone-manager-1.4.0-SNAPSHOT.jar:?]
	at org.apache.hadoop.ozone.protocolPB.OzoneManagerRequestHandler.getOzoneFileStatus(OzoneManagerRequestHandler.java:971) ~[ozone-manager-1.4.0-SNAPSHOT.jar:?]
	at org.apache.hadoop.ozone.protocolPB.OzoneManagerRequestHandler.handleReadRequest(OzoneManagerRequestHandler.java:250) ~[ozone-manager-1.4.0-SNAPSHOT.jar:?]
	at org.apache.hadoop.ozone.protocolPB.OzoneManagerProtocolServerSideTranslatorPB.submitReadRequestToOM(OzoneManagerProtocolServerSideTranslatorPB.java:225) ~[ozone-manager-1.4.0-SNAPSHOT.jar:?]
	at org.apache.hadoop.ozone.protocolPB.OzoneManagerProtocolServerSideTranslatorPB.processRequest(OzoneManagerProtocolServerSideTranslatorPB.java:179) ~[ozone-manager-1.4.0-SNAPSHOT.jar:?]
	at org.apache.hadoop.hdds.server.OzoneProtocolMessageDispatcher.processRequest(OzoneProtocolMessageDispatcher.java:87) [hdds-server-framework-1.4.0-SNAPSHOT.jar:?]
	at org.apache.hadoop.ozone.protocolPB.OzoneManagerProtocolServerSideTranslatorPB.submitRequest(OzoneManagerProtocolServerSideTranslatorPB.java:148) [ozone-manager-1.4.0-SNAPSHOT.jar:?]
	at org.apache.hadoop.ozone.protocol.proto.OzoneManagerProtocolProtos$OzoneManagerService$2.callBlockingMethod(OzoneManagerProtocolProtos.java) [ozone-interface-client-1.4.0-SNAPSHOT.jar:?]
	at org.apache.hadoop.ipc.ProtobufRpcEngine$Server.processCall(ProtobufRpcEngine.java:484) [hadoop-common-3.3.6.jar:?]
	at org.apache.hadoop.ipc.ProtobufRpcEngine2$Server$ProtoBufRpcInvoker.call(ProtobufRpcEngine2.java:595) [hadoop-common-3.3.6.jar:?]
	at org.apache.hadoop.ipc.ProtobufRpcEngine2$Server$ProtoBufRpcInvoker.call(ProtobufRpcEngine2.java:573) [hadoop-common-3.3.6.jar:?]
	at org.apache.hadoop.ipc.RPC$Server.call(RPC.java:1227) [hadoop-common-3.3.6.jar:?]
	at org.apache.hadoop.ipc.Server$RpcCall.run(Server.java:1094) [hadoop-common-3.3.6.jar:?]
	at org.apache.hadoop.ipc.Server$RpcCall.run(Server.java:1017) [hadoop-common-3.3.6.jar:?]
	at java.security.AccessController.doPrivileged(Native Method) ~[?:1.8.0_382]
	at javax.security.auth.Subject.doAs(Subject.java:422) [?:1.8.0_382]
	at org.apache.hadoop.security.UserGroupInformation.doAs(UserGroupInformation.java:1899) [hadoop-common-3.3.6.jar:?]
	at org.apache.hadoop.ipc.Server$Handler.run(Server.java:3048) [hadoop-common-3.3.6.jar:?]
11:19:37.881 [IPC Server handler 19 on default port 15110] ERROR OMAudit - user=runner | ip=127.0.0.1 | op=GET_FILE_STATUS {volume=volume57283, bucket=bucket81356, key=gdir1/dir7/child, dataSize=0, replicationConfig=null} | ret=FAILURE
org.apache.hadoop.ozone.om.exceptions.OMException: Unable to get file status: volume: volume57283 bucket: bucket81356 key: gdir1/dir7/child
	at org.apache.hadoop.ozone.om.KeyManagerImpl.getOzoneFileStatus(KeyManagerImpl.java:1195) ~[ozone-manager-1.4.0-SNAPSHOT.jar:?]
	at org.apache.hadoop.ozone.om.KeyManagerImpl.getFileStatus(KeyManagerImpl.java:1113) ~[ozone-manager-1.4.0-SNAPSHOT.jar:?]
	at org.apache.hadoop.ozone.om.OmMetadataReader.getFileStatus(OmMetadataReader.java:262) ~[ozone-manager-1.4.0-SNAPSHOT.jar:?]
	at org.apache.hadoop.ozone.om.OzoneManager.getFileStatus(OzoneManager.java:3530) ~[ozone-manager-1.4.0-SNAPSHOT.jar:?]
	at org.apache.hadoop.ozone.protocolPB.OzoneManagerRequestHandler.getOzoneFileStatus(OzoneManagerRequestHandler.java:971) ~[ozone-manager-1.4.0-SNAPSHOT.jar:?]
	at org.apache.hadoop.ozone.protocolPB.OzoneManagerRequestHandler.handleReadRequest(OzoneManagerRequestHandler.java:250) ~[ozone-manager-1.4.0-SNAPSHOT.jar:?]
	at org.apache.hadoop.ozone.protocolPB.OzoneManagerProtocolServerSideTranslatorPB.submitReadRequestToOM(OzoneManagerProtocolServerSideTranslatorPB.java:225) ~[ozone-manager-1.4.0-SNAPSHOT.jar:?]
	at org.apache.hadoop.ozone.protocolPB.OzoneManagerProtocolServerSideTranslatorPB.processRequest(OzoneManagerProtocolServerSideTranslatorPB.java:179) ~[ozone-manager-1.4.0-SNAPSHOT.jar:?]
	at org.apache.hadoop.hdds.server.OzoneProtocolMessageDispatcher.processRequest(OzoneProtocolMessageDispatcher.java:87) [hdds-server-framework-1.4.0-SNAPSHOT.jar:?]
	at org.apache.hadoop.ozone.protocolPB.OzoneManagerProtocolServerSideTranslatorPB.submitRequest(OzoneManagerProtocolServerSideTranslatorPB.java:148) [ozone-manager-1.4.0-SNAPSHOT.jar:?]
	at org.apache.hadoop.ozone.protocol.proto.OzoneManagerProtocolProtos$OzoneManagerService$2.callBlockingMethod(OzoneManagerProtocolProtos.java) [ozone-interface-client-1.4.0-SNAPSHOT.jar:?]
	at org.apache.hadoop.ipc.ProtobufRpcEngine$Server.processCall(ProtobufRpcEngine.java:484) [hadoop-common-3.3.6.jar:?]
	at org.apache.hadoop.ipc.ProtobufRpcEngine2$Server$ProtoBufRpcInvoker.call(ProtobufRpcEngine2.java:595) [hadoop-common-3.3.6.jar:?]
	at org.apache.hadoop.ipc.ProtobufRpcEngine2$Server$ProtoBufRpcInvoker.call(ProtobufRpcEngine2.java:573) [hadoop-common-3.3.6.jar:?]
	at org.apache.hadoop.ipc.RPC$Server.call(RPC.java:1227) [hadoop-common-3.3.6.jar:?]
	at org.apache.hadoop.ipc.Server$RpcCall.run(Server.java:1094) [hadoop-common-3.3.6.jar:?]
	at org.apache.hadoop.ipc.Server$RpcCall.run(Server.java:1017) [hadoop-common-3.3.6.jar:?]
	at java.security.AccessController.doPrivileged(Native Method) ~[?:1.8.0_382]
	at javax.security.auth.Subject.doAs(Subject.java:422) [?:1.8.0_382]
	at org.apache.hadoop.security.UserGroupInformation.doAs(UserGroupInformation.java:1899) [hadoop-common-3.3.6.jar:?]
	at org.apache.hadoop.ipc.Server$Handler.run(Server.java:3048) [hadoop-common-3.3.6.jar:?]
11:19:37.883 [IPC Server handler 0 on default port 15110] ERROR OMAudit - user=runner | ip=127.0.0.1 | op=GET_FILE_STATUS {volume=volume57283, bucket=bucket81356, key=gdir1/dir8, dataSize=0, replicationConfig=null} | ret=FAILURE
org.apache.hadoop.ozone.om.exceptions.OMException: Unable to get file status: volume: volume57283 bucket: bucket81356 key: gdir1/dir8
	at org.apache.hadoop.ozone.om.KeyManagerImpl.getOzoneFileStatus(KeyManagerImpl.java:1195) ~[ozone-manager-1.4.0-SNAPSHOT.jar:?]
	at org.apache.hadoop.ozone.om.KeyManagerImpl.getFileStatus(KeyManagerImpl.java:1113) ~[ozone-manager-1.4.0-SNAPSHOT.jar:?]
	at org.apache.hadoop.ozone.om.OmMetadataReader.getFileStatus(OmMetadataReader.java:262) ~[ozone-manager-1.4.0-SNAPSHOT.jar:?]
	at org.apache.hadoop.ozone.om.OzoneManager.getFileStatus(OzoneManager.java:3530) ~[ozone-manager-1.4.0-SNAPSHOT.jar:?]
	at org.apache.hadoop.ozone.protocolPB.OzoneManagerRequestHandler.getOzoneFileStatus(OzoneManagerRequestHandler.java:971) ~[ozone-manager-1.4.0-SNAPSHOT.jar:?]
	at org.apache.hadoop.ozone.protocolPB.OzoneManagerRequestHandler.handleReadRequest(OzoneManagerRequestHandler.java:250) ~[ozone-manager-1.4.0-SNAPSHOT.jar:?]
	at org.apache.hadoop.ozone.protocolPB.OzoneManagerProtocolServerSideTranslatorPB.submitReadRequestToOM(OzoneManagerProtocolServerSideTranslatorPB.java:225) ~[ozone-manager-1.4.0-SNAPSHOT.jar:?]
	at org.apache.hadoop.ozone.protocolPB.OzoneManagerProtocolServerSideTranslatorPB.processRequest(OzoneManagerProtocolServerSideTranslatorPB.java:179) ~[ozone-manager-1.4.0-SNAPSHOT.jar:?]
	at org.apache.hadoop.hdds.server.OzoneProtocolMessageDispatcher.processRequest(OzoneProtocolMessageDispatcher.java:87) [hdds-server-framework-1.4.0-SNAPSHOT.jar:?]
	at org.apache.hadoop.ozone.protocolPB.OzoneManagerProtocolServerSideTranslatorPB.submitRequest(OzoneManagerProtocolServerSideTranslatorPB.java:148) [ozone-manager-1.4.0-SNAPSHOT.jar:?]
	at org.apache.hadoop.ozone.protocol.proto.OzoneManagerProtocolProtos$OzoneManagerService$2.callBlockingMethod(OzoneManagerProtocolProtos.java) [ozone-interface-client-1.4.0-SNAPSHOT.jar:?]
	at org.apache.hadoop.ipc.ProtobufRpcEngine$Server.processCall(ProtobufRpcEngine.java:484) [hadoop-common-3.3.6.jar:?]
	at org.apache.hadoop.ipc.ProtobufRpcEngine2$Server$ProtoBufRpcInvoker.call(ProtobufRpcEngine2.java:595) [hadoop-common-3.3.6.jar:?]
	at org.apache.hadoop.ipc.ProtobufRpcEngine2$Server$ProtoBufRpcInvoker.call(ProtobufRpcEngine2.java:573) [hadoop-common-3.3.6.jar:?]
	at org.apache.hadoop.ipc.RPC$Server.call(RPC.java:1227) [hadoop-common-3.3.6.jar:?]
	at org.apache.hadoop.ipc.Server$RpcCall.run(Server.java:1094) [hadoop-common-3.3.6.jar:?]
	at org.apache.hadoop.ipc.Server$RpcCall.run(Server.java:1017) [hadoop-common-3.3.6.jar:?]
	at java.security.AccessController.doPrivileged(Native Method) ~[?:1.8.0_382]
	at javax.security.auth.Subject.doAs(Subject.java:422) [?:1.8.0_382]
	at org.apache.hadoop.security.UserGroupInformation.doAs(UserGroupInformation.java:1899) [hadoop-common-3.3.6.jar:?]
	at org.apache.hadoop.ipc.Server$Handler.run(Server.java:3048) [hadoop-common-3.3.6.jar:?]
11:19:37.887 [IPC Server handler 12 on default port 15110] ERROR OMAudit - user=runner | ip=127.0.0.1 | op=GET_FILE_STATUS {volume=volume57283, bucket=bucket81356, key=gdir1/dir8/child, dataSize=0, replicationConfig=null} | ret=FAILURE
org.apache.hadoop.ozone.om.exceptions.OMException: Unable to get file status: volume: volume57283 bucket: bucket81356 key: gdir1/dir8/child
	at org.apache.hadoop.ozone.om.KeyManagerImpl.getOzoneFileStatus(KeyManagerImpl.java:1195) ~[ozone-manager-1.4.0-SNAPSHOT.jar:?]
	at org.apache.hadoop.ozone.om.KeyManagerImpl.getFileStatus(KeyManagerImpl.java:1113) ~[ozone-manager-1.4.0-SNAPSHOT.jar:?]
	at org.apache.hadoop.ozone.om.OmMetadataReader.getFileStatus(OmMetadataReader.java:262) ~[ozone-manager-1.4.0-SNAPSHOT.jar:?]
	at org.apache.hadoop.ozone.om.OzoneManager.getFileStatus(OzoneManager.java:3530) ~[ozone-manager-1.4.0-SNAPSHOT.jar:?]
	at org.apache.hadoop.ozone.protocolPB.OzoneManagerRequestHandler.getOzoneFileStatus(OzoneManagerRequestHandler.java:971) ~[ozone-manager-1.4.0-SNAPSHOT.jar:?]
	at org.apache.hadoop.ozone.protocolPB.OzoneManagerRequestHandler.handleReadRequest(OzoneManagerRequestHandler.java:250) ~[ozone-manager-1.4.0-SNAPSHOT.jar:?]
	at org.apache.hadoop.ozone.protocolPB.OzoneManagerProtocolServerSideTranslatorPB.submitReadRequestToOM(OzoneManagerProtocolServerSideTranslatorPB.java:225) ~[ozone-manager-1.4.0-SNAPSHOT.jar:?]
	at org.apache.hadoop.ozone.protocolPB.OzoneManagerProtocolServerSideTranslatorPB.processRequest(OzoneManagerProtocolServerSideTranslatorPB.java:179) ~[ozone-manager-1.4.0-SNAPSHOT.jar:?]
	at org.apache.hadoop.hdds.server.OzoneProtocolMessageDispatcher.processRequest(OzoneProtocolMessageDispatcher.java:87) [hdds-server-framework-1.4.0-SNAPSHOT.jar:?]
	at org.apache.hadoop.ozone.protocolPB.OzoneManagerProtocolServerSideTranslatorPB.submitRequest(OzoneManagerProtocolServerSideTranslatorPB.java:148) [ozone-manager-1.4.0-SNAPSHOT.jar:?]
	at org.apache.hadoop.ozone.protocol.proto.OzoneManagerProtocolProtos$OzoneManagerService$2.callBlockingMethod(OzoneManagerProtocolProtos.java) [ozone-interface-client-1.4.0-SNAPSHOT.jar:?]
	at org.apache.hadoop.ipc.ProtobufRpcEngine$Server.processCall(ProtobufRpcEngine.java:484) [hadoop-common-3.3.6.jar:?]
	at org.apache.hadoop.ipc.ProtobufRpcEngine2$Server$ProtoBufRpcInvoker.call(ProtobufRpcEngine2.java:595) [hadoop-common-3.3.6.jar:?]
	at org.apache.hadoop.ipc.ProtobufRpcEngine2$Server$ProtoBufRpcInvoker.call(ProtobufRpcEngine2.java:573) [hadoop-common-3.3.6.jar:?]
	at org.apache.hadoop.ipc.RPC$Server.call(RPC.java:1227) [hadoop-common-3.3.6.jar:?]
	at org.apache.hadoop.ipc.Server$RpcCall.run(Server.java:1094) [hadoop-common-3.3.6.jar:?]
	at org.apache.hadoop.ipc.Server$RpcCall.run(Server.java:1017) [hadoop-common-3.3.6.jar:?]
	at java.security.AccessController.doPrivileged(Native Method) ~[?:1.8.0_382]
	at javax.security.auth.Subject.doAs(Subject.java:422) [?:1.8.0_382]
	at org.apache.hadoop.security.UserGroupInformation.doAs(UserGroupInformation.java:1899) [hadoop-common-3.3.6.jar:?]
	at org.apache.hadoop.ipc.Server$Handler.run(Server.java:3048) [hadoop-common-3.3.6.jar:?]
11:19:37.891 [IPC Server handler 14 on default port 15110] ERROR OMAudit - user=runner | ip=127.0.0.1 | op=GET_FILE_STATUS {volume=volume57283, bucket=bucket81356, key=gdir1/dir9, dataSize=0, replicationConfig=null} | ret=FAILURE
org.apache.hadoop.ozone.om.exceptions.OMException: Unable to get file status: volume: volume57283 bucket: bucket81356 key: gdir1/dir9
	at org.apache.hadoop.ozone.om.KeyManagerImpl.getOzoneFileStatus(KeyManagerImpl.java:1195) ~[ozone-manager-1.4.0-SNAPSHOT.jar:?]
	at org.apache.hadoop.ozone.om.KeyManagerImpl.getFileStatus(KeyManagerImpl.java:1113) ~[ozone-manager-1.4.0-SNAPSHOT.jar:?]
	at org.apache.hadoop.ozone.om.OmMetadataReader.getFileStatus(OmMetadataReader.java:262) ~[ozone-manager-1.4.0-SNAPSHOT.jar:?]
	at org.apache.hadoop.ozone.om.OzoneManager.getFileStatus(OzoneManager.java:3530) ~[ozone-manager-1.4.0-SNAPSHOT.jar:?]
	at org.apache.hadoop.ozone.protocolPB.OzoneManagerRequestHandler.getOzoneFileStatus(OzoneManagerRequestHandler.java:971) ~[ozone-manager-1.4.0-SNAPSHOT.jar:?]
	at org.apache.hadoop.ozone.protocolPB.OzoneManagerRequestHandler.handleReadRequest(OzoneManagerRequestHandler.java:250) ~[ozone-manager-1.4.0-SNAPSHOT.jar:?]
	at org.apache.hadoop.ozone.protocolPB.OzoneManagerProtocolServerSideTranslatorPB.submitReadRequestToOM(OzoneManagerProtocolServerSideTranslatorPB.java:225) ~[ozone-manager-1.4.0-SNAPSHOT.jar:?]
	at org.apache.hadoop.ozone.protocolPB.OzoneManagerProtocolServerSideTranslatorPB.processRequest(OzoneManagerProtocolServerSideTranslatorPB.java:179) ~[ozone-manager-1.4.0-SNAPSHOT.jar:?]
	at org.apache.hadoop.hdds.server.OzoneProtocolMessageDispatcher.processRequest(OzoneProtocolMessageDispatcher.java:87) [hdds-server-framework-1.4.0-SNAPSHOT.jar:?]
	at org.apache.hadoop.ozone.protocolPB.OzoneManagerProtocolServerSideTranslatorPB.submitRequest(OzoneManagerProtocolServerSideTranslatorPB.java:148) [ozone-manager-1.4.0-SNAPSHOT.jar:?]
	at org.apache.hadoop.ozone.protocol.proto.OzoneManagerProtocolProtos$OzoneManagerService$2.callBlockingMethod(OzoneManagerProtocolProtos.java) [ozone-interface-client-1.4.0-SNAPSHOT.jar:?]
	at org.apache.hadoop.ipc.ProtobufRpcEngine$Server.processCall(ProtobufRpcEngine.java:484) [hadoop-common-3.3.6.jar:?]
	at org.apache.hadoop.ipc.ProtobufRpcEngine2$Server$ProtoBufRpcInvoker.call(ProtobufRpcEngine2.java:595) [hadoop-common-3.3.6.jar:?]
	at org.apache.hadoop.ipc.ProtobufRpcEngine2$Server$ProtoBufRpcInvoker.call(ProtobufRpcEngine2.java:573) [hadoop-common-3.3.6.jar:?]
	at org.apache.hadoop.ipc.RPC$Server.call(RPC.java:1227) [hadoop-common-3.3.6.jar:?]
	at org.apache.hadoop.ipc.Server$RpcCall.run(Server.java:1094) [hadoop-common-3.3.6.jar:?]
	at org.apache.hadoop.ipc.Server$RpcCall.run(Server.java:1017) [hadoop-common-3.3.6.jar:?]
	at java.security.AccessController.doPrivileged(Native Method) ~[?:1.8.0_382]
	at javax.security.auth.Subject.doAs(Subject.java:422) [?:1.8.0_382]
	at org.apache.hadoop.security.UserGroupInformation.doAs(UserGroupInformation.java:1899) [hadoop-common-3.3.6.jar:?]
	at org.apache.hadoop.ipc.Server$Handler.run(Server.java:3048) [hadoop-common-3.3.6.jar:?]
11:19:37.892 [IPC Server handler 15 on default port 15110] ERROR OMAudit - user=runner | ip=127.0.0.1 | op=GET_FILE_STATUS {volume=volume57283, bucket=bucket81356, key=gdir1/dir9/child, dataSize=0, replicationConfig=null} | ret=FAILURE
org.apache.hadoop.ozone.om.exceptions.OMException: Unable to get file status: volume: volume57283 bucket: bucket81356 key: gdir1/dir9/child
	at org.apache.hadoop.ozone.om.KeyManagerImpl.getOzoneFileStatus(KeyManagerImpl.java:1195) ~[ozone-manager-1.4.0-SNAPSHOT.jar:?]
	at org.apache.hadoop.ozone.om.KeyManagerImpl.getFileStatus(KeyManagerImpl.java:1113) ~[ozone-manager-1.4.0-SNAPSHOT.jar:?]
	at org.apache.hadoop.ozone.om.OmMetadataReader.getFileStatus(OmMetadataReader.java:262) ~[ozone-manager-1.4.0-SNAPSHOT.jar:?]
	at org.apache.hadoop.ozone.om.OzoneManager.getFileStatus(OzoneManager.java:3530) ~[ozone-manager-1.4.0-SNAPSHOT.jar:?]
	at org.apache.hadoop.ozone.protocolPB.OzoneManagerRequestHandler.getOzoneFileStatus(OzoneManagerRequestHandler.java:971) ~[ozone-manager-1.4.0-SNAPSHOT.jar:?]
	at org.apache.hadoop.ozone.protocolPB.OzoneManagerRequestHandler.handleReadRequest(OzoneManagerRequestHandler.java:250) ~[ozone-manager-1.4.0-SNAPSHOT.jar:?]
	at org.apache.hadoop.ozone.protocolPB.OzoneManagerProtocolServerSideTranslatorPB.submitReadRequestToOM(OzoneManagerProtocolServerSideTranslatorPB.java:225) ~[ozone-manager-1.4.0-SNAPSHOT.jar:?]
	at org.apache.hadoop.ozone.protocolPB.OzoneManagerProtocolServerSideTranslatorPB.processRequest(OzoneManagerProtocolServerSideTranslatorPB.java:179) ~[ozone-manager-1.4.0-SNAPSHOT.jar:?]
	at org.apache.hadoop.hdds.server.OzoneProtocolMessageDispatcher.processRequest(OzoneProtocolMessageDispatcher.java:87) [hdds-server-framework-1.4.0-SNAPSHOT.jar:?]
	at org.apache.hadoop.ozone.protocolPB.OzoneManagerProtocolServerSideTranslatorPB.submitRequest(OzoneManagerProtocolServerSideTranslatorPB.java:148) [ozone-manager-1.4.0-SNAPSHOT.jar:?]
	at org.apache.hadoop.ozone.protocol.proto.OzoneManagerProtocolProtos$OzoneManagerService$2.callBlockingMethod(OzoneManagerProtocolProtos.java) [ozone-interface-client-1.4.0-SNAPSHOT.jar:?]
	at org.apache.hadoop.ipc.ProtobufRpcEngine$Server.processCall(ProtobufRpcEngine.java:484) [hadoop-common-3.3.6.jar:?]
	at org.apache.hadoop.ipc.ProtobufRpcEngine2$Server$ProtoBufRpcInvoker.call(ProtobufRpcEngine2.java:595) [hadoop-common-3.3.6.jar:?]
	at org.apache.hadoop.ipc.ProtobufRpcEngine2$Server$ProtoBufRpcInvoker.call(ProtobufRpcEngine2.java:573) [hadoop-common-3.3.6.jar:?]
	at org.apache.hadoop.ipc.RPC$Server.call(RPC.java:1227) [hadoop-common-3.3.6.jar:?]
	at org.apache.hadoop.ipc.Server$RpcCall.run(Server.java:1094) [hadoop-common-3.3.6.jar:?]
	at org.apache.hadoop.ipc.Server$RpcCall.run(Server.java:1017) [hadoop-common-3.3.6.jar:?]
	at java.security.AccessController.doPrivileged(Native Method) ~[?:1.8.0_382]
	at javax.security.auth.Subject.doAs(Subject.java:422) [?:1.8.0_382]
	at org.apache.hadoop.security.UserGroupInformation.doAs(UserGroupInformation.java:1899) [hadoop-common-3.3.6.jar:?]
	at org.apache.hadoop.ipc.Server$Handler.run(Server.java:3048) [hadoop-common-3.3.6.jar:?]
11:19:37.894 [IPC Server handler 16 on default port 15110] ERROR OMAudit - user=runner | ip=127.0.0.1 | op=GET_FILE_STATUS {volume=volume57283, bucket=bucket81356, key=gdir1/dir10, dataSize=0, replicationConfig=null} | ret=FAILURE
org.apache.hadoop.ozone.om.exceptions.OMException: Unable to get file status: volume: volume57283 bucket: bucket81356 key: gdir1/dir10
	at org.apache.hadoop.ozone.om.KeyManagerImpl.getOzoneFileStatus(KeyManagerImpl.java:1195) ~[ozone-manager-1.4.0-SNAPSHOT.jar:?]
	at org.apache.hadoop.ozone.om.KeyManagerImpl.getFileStatus(KeyManagerImpl.java:1113) ~[ozone-manager-1.4.0-SNAPSHOT.jar:?]
	at org.apache.hadoop.ozone.om.OmMetadataReader.getFileStatus(OmMetadataReader.java:262) ~[ozone-manager-1.4.0-SNAPSHOT.jar:?]
	at org.apache.hadoop.ozone.om.OzoneManager.getFileStatus(OzoneManager.java:3530) ~[ozone-manager-1.4.0-SNAPSHOT.jar:?]
	at org.apache.hadoop.ozone.protocolPB.OzoneManagerRequestHandler.getOzoneFileStatus(OzoneManagerRequestHandler.java:971) ~[ozone-manager-1.4.0-SNAPSHOT.jar:?]
	at org.apache.hadoop.ozone.protocolPB.OzoneManagerRequestHandler.handleReadRequest(OzoneManagerRequestHandler.java:250) ~[ozone-manager-1.4.0-SNAPSHOT.jar:?]
	at org.apache.hadoop.ozone.protocolPB.OzoneManagerProtocolServerSideTranslatorPB.submitReadRequestToOM(OzoneManagerProtocolServerSideTranslatorPB.java:225) ~[ozone-manager-1.4.0-SNAPSHOT.jar:?]
	at org.apache.hadoop.ozone.protocolPB.OzoneManagerProtocolServerSideTranslatorPB.processRequest(OzoneManagerProtocolServerSideTranslatorPB.java:179) ~[ozone-manager-1.4.0-SNAPSHOT.jar:?]
	at org.apache.hadoop.hdds.server.OzoneProtocolMessageDispatcher.processRequest(OzoneProtocolMessageDispatcher.java:87) [hdds-server-framework-1.4.0-SNAPSHOT.jar:?]
	at org.apache.hadoop.ozone.protocolPB.OzoneManagerProtocolServerSideTranslatorPB.submitRequest(OzoneManagerProtocolServerSideTranslatorPB.java:148) [ozone-manager-1.4.0-SNAPSHOT.jar:?]
	at org.apache.hadoop.ozone.protocol.proto.OzoneManagerProtocolProtos$OzoneManagerService$2.callBlockingMethod(OzoneManagerProtocolProtos.java) [ozone-interface-client-1.4.0-SNAPSHOT.jar:?]
	at org.apache.hadoop.ipc.ProtobufRpcEngine$Server.processCall(ProtobufRpcEngine.java:484) [hadoop-common-3.3.6.jar:?]
	at org.apache.hadoop.ipc.ProtobufRpcEngine2$Server$ProtoBufRpcInvoker.call(ProtobufRpcEngine2.java:595) [hadoop-common-3.3.6.jar:?]
	at org.apache.hadoop.ipc.ProtobufRpcEngine2$Server$ProtoBufRpcInvoker.call(ProtobufRpcEngine2.java:573) [hadoop-common-3.3.6.jar:?]
	at org.apache.hadoop.ipc.RPC$Server.call(RPC.java:1227) [hadoop-common-3.3.6.jar:?]
	at org.apache.hadoop.ipc.Server$RpcCall.run(Server.java:1094) [hadoop-common-3.3.6.jar:?]
	at org.apache.hadoop.ipc.Server$RpcCall.run(Server.java:1017) [hadoop-common-3.3.6.jar:?]
	at java.security.AccessController.doPrivileged(Native Method) ~[?:1.8.0_382]
	at javax.security.auth.Subject.doAs(Subject.java:422) [?:1.8.0_382]
	at org.apache.hadoop.security.UserGroupInformation.doAs(UserGroupInformation.java:1899) [hadoop-common-3.3.6.jar:?]
	at org.apache.hadoop.ipc.Server$Handler.run(Server.java:3048) [hadoop-common-3.3.6.jar:?]
11:19:37.895 [IPC Server handler 6 on default port 15110] ERROR OMAudit - user=runner | ip=127.0.0.1 | op=GET_FILE_STATUS {volume=volume57283, bucket=bucket81356, key=gdir1/dir10/child, dataSize=0, replicationConfig=null} | ret=FAILURE
org.apache.hadoop.ozone.om.exceptions.OMException: Unable to get file status: volume: volume57283 bucket: bucket81356 key: gdir1/dir10/child
	at org.apache.hadoop.ozone.om.KeyManagerImpl.getOzoneFileStatus(KeyManagerImpl.java:1195) ~[ozone-manager-1.4.0-SNAPSHOT.jar:?]
	at org.apache.hadoop.ozone.om.KeyManagerImpl.getFileStatus(KeyManagerImpl.java:1113) ~[ozone-manager-1.4.0-SNAPSHOT.jar:?]
	at org.apache.hadoop.ozone.om.OmMetadataReader.getFileStatus(OmMetadataReader.java:262) ~[ozone-manager-1.4.0-SNAPSHOT.jar:?]
	at org.apache.hadoop.ozone.om.OzoneManager.getFileStatus(OzoneManager.java:3530) ~[ozone-manager-1.4.0-SNAPSHOT.jar:?]
	at org.apache.hadoop.ozone.protocolPB.OzoneManagerRequestHandler.getOzoneFileStatus(OzoneManagerRequestHandler.java:971) ~[ozone-manager-1.4.0-SNAPSHOT.jar:?]
	at org.apache.hadoop.ozone.protocolPB.OzoneManagerRequestHandler.handleReadRequest(OzoneManagerRequestHandler.java:250) ~[ozone-manager-1.4.0-SNAPSHOT.jar:?]
	at org.apache.hadoop.ozone.protocolPB.OzoneManagerProtocolServerSideTranslatorPB.submitReadRequestToOM(OzoneManagerProtocolServerSideTranslatorPB.java:225) ~[ozone-manager-1.4.0-SNAPSHOT.jar:?]
	at org.apache.hadoop.ozone.protocolPB.OzoneManagerProtocolServerSideTranslatorPB.processRequest(OzoneManagerProtocolServerSideTranslatorPB.java:179) ~[ozone-manager-1.4.0-SNAPSHOT.jar:?]
	at org.apache.hadoop.hdds.server.OzoneProtocolMessageDispatcher.processRequest(OzoneProtocolMessageDispatcher.java:87) [hdds-server-framework-1.4.0-SNAPSHOT.jar:?]
	at org.apache.hadoop.ozone.protocolPB.OzoneManagerProtocolServerSideTranslatorPB.submitRequest(OzoneManagerProtocolServerSideTranslatorPB.java:148) [ozone-manager-1.4.0-SNAPSHOT.jar:?]
	at org.apache.hadoop.ozone.protocol.proto.OzoneManagerProtocolProtos$OzoneManagerService$2.callBlockingMethod(OzoneManagerProtocolProtos.java) [ozone-interface-client-1.4.0-SNAPSHOT.jar:?]
	at org.apache.hadoop.ipc.ProtobufRpcEngine$Server.processCall(ProtobufRpcEngine.java:484) [hadoop-common-3.3.6.jar:?]
	at org.apache.hadoop.ipc.ProtobufRpcEngine2$Server$ProtoBufRpcInvoker.call(ProtobufRpcEngine2.java:595) [hadoop-common-3.3.6.jar:?]
	at org.apache.hadoop.ipc.ProtobufRpcEngine2$Server$ProtoBufRpcInvoker.call(ProtobufRpcEngine2.java:573) [hadoop-common-3.3.6.jar:?]
	at org.apache.hadoop.ipc.RPC$Server.call(RPC.java:1227) [hadoop-common-3.3.6.jar:?]
	at org.apache.hadoop.ipc.Server$RpcCall.run(Server.java:1094) [hadoop-common-3.3.6.jar:?]
	at org.apache.hadoop.ipc.Server$RpcCall.run(Server.java:1017) [hadoop-common-3.3.6.jar:?]
	at java.security.AccessController.doPrivileged(Native Method) ~[?:1.8.0_382]
	at javax.security.auth.Subject.doAs(Subject.java:422) [?:1.8.0_382]
	at org.apache.hadoop.security.UserGroupInformation.doAs(UserGroupInformation.java:1899) [hadoop-common-3.3.6.jar:?]
	at org.apache.hadoop.ipc.Server$Handler.run(Server.java:3048) [hadoop-common-3.3.6.jar:?]
11:19:37.964 [IPC Server handler 19 on default port 15110] ERROR OMAudit - user=runner | ip=127.0.0.1 | op=GET_FILE_STATUS {volume=volume57283, bucket=bucket81356, key=level0, dataSize=0, replicationConfig=null} | ret=FAILURE
org.apache.hadoop.ozone.om.exceptions.OMException: Unable to get file status: volume: volume57283 bucket: bucket81356 key: level0
	at org.apache.hadoop.ozone.om.KeyManagerImpl.getOzoneFileStatus(KeyManagerImpl.java:1195) ~[ozone-manager-1.4.0-SNAPSHOT.jar:?]
	at org.apache.hadoop.ozone.om.KeyManagerImpl.getFileStatus(KeyManagerImpl.java:1113) ~[ozone-manager-1.4.0-SNAPSHOT.jar:?]
	at org.apache.hadoop.ozone.om.OmMetadataReader.getFileStatus(OmMetadataReader.java:262) ~[ozone-manager-1.4.0-SNAPSHOT.jar:?]
	at org.apache.hadoop.ozone.om.OzoneManager.getFileStatus(OzoneManager.java:3530) ~[ozone-manager-1.4.0-SNAPSHOT.jar:?]
	at org.apache.hadoop.ozone.protocolPB.OzoneManagerRequestHandler.getOzoneFileStatus(OzoneManagerRequestHandler.java:971) ~[ozone-manager-1.4.0-SNAPSHOT.jar:?]
	at org.apache.hadoop.ozone.protocolPB.OzoneManagerRequestHandler.handleReadRequest(OzoneManagerRequestHandler.java:250) ~[ozone-manager-1.4.0-SNAPSHOT.jar:?]
	at org.apache.hadoop.ozone.protocolPB.OzoneManagerProtocolServerSideTranslatorPB.submitReadRequestToOM(OzoneManagerProtocolServerSideTranslatorPB.java:225) ~[ozone-manager-1.4.0-SNAPSHOT.jar:?]
	at org.apache.hadoop.ozone.protocolPB.OzoneManagerProtocolServerSideTranslatorPB.processRequest(OzoneManagerProtocolServerSideTranslatorPB.java:179) ~[ozone-manager-1.4.0-SNAPSHOT.jar:?]
	at org.apache.hadoop.hdds.server.OzoneProtocolMessageDispatcher.processRequest(OzoneProtocolMessageDispatcher.java:87) [hdds-server-framework-1.4.0-SNAPSHOT.jar:?]
	at org.apache.hadoop.ozone.protocolPB.OzoneManagerProtocolServerSideTranslatorPB.submitRequest(OzoneManagerProtocolServerSideTranslatorPB.java:148) [ozone-manager-1.4.0-SNAPSHOT.jar:?]
	at org.apache.hadoop.ozone.protocol.proto.OzoneManagerProtocolProtos$OzoneManagerService$2.callBlockingMethod(OzoneManagerProtocolProtos.java) [ozone-interface-client-1.4.0-SNAPSHOT.jar:?]
	at org.apache.hadoop.ipc.ProtobufRpcEngine$Server.processCall(ProtobufRpcEngine.java:484) [hadoop-common-3.3.6.jar:?]
	at org.apache.hadoop.ipc.ProtobufRpcEngine2$Server$ProtoBufRpcInvoker.call(ProtobufRpcEngine2.java:595) [hadoop-common-3.3.6.jar:?]
	at org.apache.hadoop.ipc.ProtobufRpcEngine2$Server$ProtoBufRpcInvoker.call(ProtobufRpcEngine2.java:573) [hadoop-common-3.3.6.jar:?]
	at org.apache.hadoop.ipc.RPC$Server.call(RPC.java:1227) [hadoop-common-3.3.6.jar:?]
	at org.apache.hadoop.ipc.Server$RpcCall.run(Server.java:1094) [hadoop-common-3.3.6.jar:?]
	at org.apache.hadoop.ipc.Server$RpcCall.run(Server.java:1017) [hadoop-common-3.3.6.jar:?]
	at java.security.AccessController.doPrivileged(Native Method) ~[?:1.8.0_382]
	at javax.security.auth.Subject.doAs(Subject.java:422) [?:1.8.0_382]
	at org.apache.hadoop.security.UserGroupInformation.doAs(UserGroupInformation.java:1899) [hadoop-common-3.3.6.jar:?]
	at org.apache.hadoop.ipc.Server$Handler.run(Server.java:3048) [hadoop-common-3.3.6.jar:?]
11:19:37.965 [IPC Server handler 0 on default port 15110] ERROR OMAudit - user=runner | ip=127.0.0.1 | op=GET_FILE_STATUS {volume=volume57283, bucket=bucket81356, key=level0/level1, dataSize=0, replicationConfig=null} | ret=FAILURE
org.apache.hadoop.ozone.om.exceptions.OMException: Unable to get file status: volume: volume57283 bucket: bucket81356 key: level0/level1
	at org.apache.hadoop.ozone.om.KeyManagerImpl.getOzoneFileStatus(KeyManagerImpl.java:1195) ~[ozone-manager-1.4.0-SNAPSHOT.jar:?]
	at org.apache.hadoop.ozone.om.KeyManagerImpl.getFileStatus(KeyManagerImpl.java:1113) ~[ozone-manager-1.4.0-SNAPSHOT.jar:?]
	at org.apache.hadoop.ozone.om.OmMetadataReader.getFileStatus(OmMetadataReader.java:262) ~[ozone-manager-1.4.0-SNAPSHOT.jar:?]
	at org.apache.hadoop.ozone.om.OzoneManager.getFileStatus(OzoneManager.java:3530) ~[ozone-manager-1.4.0-SNAPSHOT.jar:?]
	at org.apache.hadoop.ozone.protocolPB.OzoneManagerRequestHandler.getOzoneFileStatus(OzoneManagerRequestHandler.java:971) ~[ozone-manager-1.4.0-SNAPSHOT.jar:?]
	at org.apache.hadoop.ozone.protocolPB.OzoneManagerRequestHandler.handleReadRequest(OzoneManagerRequestHandler.java:250) ~[ozone-manager-1.4.0-SNAPSHOT.jar:?]
	at org.apache.hadoop.ozone.protocolPB.OzoneManagerProtocolServerSideTranslatorPB.submitReadRequestToOM(OzoneManagerProtocolServerSideTranslatorPB.java:225) ~[ozone-manager-1.4.0-SNAPSHOT.jar:?]
	at org.apache.hadoop.ozone.protocolPB.OzoneManagerProtocolServerSideTranslatorPB.processRequest(OzoneManagerProtocolServerSideTranslatorPB.java:179) ~[ozone-manager-1.4.0-SNAPSHOT.jar:?]
	at org.apache.hadoop.hdds.server.OzoneProtocolMessageDispatcher.processRequest(OzoneProtocolMessageDispatcher.java:87) [hdds-server-framework-1.4.0-SNAPSHOT.jar:?]
	at org.apache.hadoop.ozone.protocolPB.OzoneManagerProtocolServerSideTranslatorPB.submitRequest(OzoneManagerProtocolServerSideTranslatorPB.java:148) [ozone-manager-1.4.0-SNAPSHOT.jar:?]
	at org.apache.hadoop.ozone.protocol.proto.OzoneManagerProtocolProtos$OzoneManagerService$2.callBlockingMethod(OzoneManagerProtocolProtos.java) [ozone-interface-client-1.4.0-SNAPSHOT.jar:?]
	at org.apache.hadoop.ipc.ProtobufRpcEngine$Server.processCall(ProtobufRpcEngine.java:484) [hadoop-common-3.3.6.jar:?]
	at org.apache.hadoop.ipc.ProtobufRpcEngine2$Server$ProtoBufRpcInvoker.call(ProtobufRpcEngine2.java:595) [hadoop-common-3.3.6.jar:?]
	at org.apache.hadoop.ipc.ProtobufRpcEngine2$Server$ProtoBufRpcInvoker.call(ProtobufRpcEngine2.java:573) [hadoop-common-3.3.6.jar:?]
	at org.apache.hadoop.ipc.RPC$Server.call(RPC.java:1227) [hadoop-common-3.3.6.jar:?]
	at org.apache.hadoop.ipc.Server$RpcCall.run(Server.java:1094) [hadoop-common-3.3.6.jar:?]
	at org.apache.hadoop.ipc.Server$RpcCall.run(Server.java:1017) [hadoop-common-3.3.6.jar:?]
	at java.security.AccessController.doPrivileged(Native Method) ~[?:1.8.0_382]
	at javax.security.auth.Subject.doAs(Subject.java:422) [?:1.8.0_382]
	at org.apache.hadoop.security.UserGroupInformation.doAs(UserGroupInformation.java:1899) [hadoop-common-3.3.6.jar:?]
	at org.apache.hadoop.ipc.Server$Handler.run(Server.java:3048) [hadoop-common-3.3.6.jar:?]
11:19:37.966 [IPC Server handler 12 on default port 15110] ERROR OMAudit - user=runner | ip=127.0.0.1 | op=GET_FILE_STATUS {volume=volume57283, bucket=bucket81356, key=level0/level1/level1, dataSize=0, replicationConfig=null} | ret=FAILURE
org.apache.hadoop.ozone.om.exceptions.OMException: Unable to get file status: volume: volume57283 bucket: bucket81356 key: level0/level1/level1
	at org.apache.hadoop.ozone.om.KeyManagerImpl.getOzoneFileStatus(KeyManagerImpl.java:1195) ~[ozone-manager-1.4.0-SNAPSHOT.jar:?]
	at org.apache.hadoop.ozone.om.KeyManagerImpl.getFileStatus(KeyManagerImpl.java:1113) ~[ozone-manager-1.4.0-SNAPSHOT.jar:?]
	at org.apache.hadoop.ozone.om.OmMetadataReader.getFileStatus(OmMetadataReader.java:262) ~[ozone-manager-1.4.0-SNAPSHOT.jar:?]
	at org.apache.hadoop.ozone.om.OzoneManager.getFileStatus(OzoneManager.java:3530) ~[ozone-manager-1.4.0-SNAPSHOT.jar:?]
	at org.apache.hadoop.ozone.protocolPB.OzoneManagerRequestHandler.getOzoneFileStatus(OzoneManagerRequestHandler.java:971) ~[ozone-manager-1.4.0-SNAPSHOT.jar:?]
	at org.apache.hadoop.ozone.protocolPB.OzoneManagerRequestHandler.handleReadRequest(OzoneManagerRequestHandler.java:250) ~[ozone-manager-1.4.0-SNAPSHOT.jar:?]
	at org.apache.hadoop.ozone.protocolPB.OzoneManagerProtocolServerSideTranslatorPB.submitReadRequestToOM(OzoneManagerProtocolServerSideTranslatorPB.java:225) ~[ozone-manager-1.4.0-SNAPSHOT.jar:?]
	at org.apache.hadoop.ozone.protocolPB.OzoneManagerProtocolServerSideTranslatorPB.processRequest(OzoneManagerProtocolServerSideTranslatorPB.java:179) ~[ozone-manager-1.4.0-SNAPSHOT.jar:?]
	at org.apache.hadoop.hdds.server.OzoneProtocolMessageDispatcher.processRequest(OzoneProtocolMessageDispatcher.java:87) [hdds-server-framework-1.4.0-SNAPSHOT.jar:?]
	at org.apache.hadoop.ozone.protocolPB.OzoneManagerProtocolServerSideTranslatorPB.submitRequest(OzoneManagerProtocolServerSideTranslatorPB.java:148) [ozone-manager-1.4.0-SNAPSHOT.jar:?]
	at org.apache.hadoop.ozone.protocol.proto.OzoneManagerProtocolProtos$OzoneManagerService$2.callBlockingMethod(OzoneManagerProtocolProtos.java) [ozone-interface-client-1.4.0-SNAPSHOT.jar:?]
	at org.apache.hadoop.ipc.ProtobufRpcEngine$Server.processCall(ProtobufRpcEngine.java:484) [hadoop-common-3.3.6.jar:?]
	at org.apache.hadoop.ipc.ProtobufRpcEngine2$Server$ProtoBufRpcInvoker.call(ProtobufRpcEngine2.java:595) [hadoop-common-3.3.6.jar:?]
	at org.apache.hadoop.ipc.ProtobufRpcEngine2$Server$ProtoBufRpcInvoker.call(ProtobufRpcEngine2.java:573) [hadoop-common-3.3.6.jar:?]
	at org.apache.hadoop.ipc.RPC$Server.call(RPC.java:1227) [hadoop-common-3.3.6.jar:?]
	at org.apache.hadoop.ipc.Server$RpcCall.run(Server.java:1094) [hadoop-common-3.3.6.jar:?]
	at org.apache.hadoop.ipc.Server$RpcCall.run(Server.java:1017) [hadoop-common-3.3.6.jar:?]
	at java.security.AccessController.doPrivileged(Native Method) ~[?:1.8.0_382]
	at javax.security.auth.Subject.doAs(Subject.java:422) [?:1.8.0_382]
	at org.apache.hadoop.security.UserGroupInformation.doAs(UserGroupInformation.java:1899) [hadoop-common-3.3.6.jar:?]
	at org.apache.hadoop.ipc.Server$Handler.run(Server.java:3048) [hadoop-common-3.3.6.jar:?]
11:19:37.967 [IPC Server handler 14 on default port 15110] ERROR OMAudit - user=runner | ip=127.0.0.1 | op=GET_FILE_STATUS {volume=volume57283, bucket=bucket81356, key=level0/level1/file1, dataSize=0, replicationConfig=null} | ret=FAILURE
org.apache.hadoop.ozone.om.exceptions.OMException: Unable to get file status: volume: volume57283 bucket: bucket81356 key: level0/level1/file1
	at org.apache.hadoop.ozone.om.KeyManagerImpl.getOzoneFileStatus(KeyManagerImpl.java:1195) ~[ozone-manager-1.4.0-SNAPSHOT.jar:?]
	at org.apache.hadoop.ozone.om.KeyManagerImpl.getFileStatus(KeyManagerImpl.java:1113) ~[ozone-manager-1.4.0-SNAPSHOT.jar:?]
	at org.apache.hadoop.ozone.om.OmMetadataReader.getFileStatus(OmMetadataReader.java:262) ~[ozone-manager-1.4.0-SNAPSHOT.jar:?]
	at org.apache.hadoop.ozone.om.OzoneManager.getFileStatus(OzoneManager.java:3530) ~[ozone-manager-1.4.0-SNAPSHOT.jar:?]
	at org.apache.hadoop.ozone.protocolPB.OzoneManagerRequestHandler.getOzoneFileStatus(OzoneManagerRequestHandler.java:971) ~[ozone-manager-1.4.0-SNAPSHOT.jar:?]
	at org.apache.hadoop.ozone.protocolPB.OzoneManagerRequestHandler.handleReadRequest(OzoneManagerRequestHandler.java:250) ~[ozone-manager-1.4.0-SNAPSHOT.jar:?]
	at org.apache.hadoop.ozone.protocolPB.OzoneManagerProtocolServerSideTranslatorPB.submitReadRequestToOM(OzoneManagerProtocolServerSideTranslatorPB.java:225) ~[ozone-manager-1.4.0-SNAPSHOT.jar:?]
	at org.apache.hadoop.ozone.protocolPB.OzoneManagerProtocolServerSideTranslatorPB.processRequest(OzoneManagerProtocolServerSideTranslatorPB.java:179) ~[ozone-manager-1.4.0-SNAPSHOT.jar:?]
	at org.apache.hadoop.hdds.server.OzoneProtocolMessageDispatcher.processRequest(OzoneProtocolMessageDispatcher.java:87) [hdds-server-framework-1.4.0-SNAPSHOT.jar:?]
	at org.apache.hadoop.ozone.protocolPB.OzoneManagerProtocolServerSideTranslatorPB.submitRequest(OzoneManagerProtocolServerSideTranslatorPB.java:148) [ozone-manager-1.4.0-SNAPSHOT.jar:?]
	at org.apache.hadoop.ozone.protocol.proto.OzoneManagerProtocolProtos$OzoneManagerService$2.callBlockingMethod(OzoneManagerProtocolProtos.java) [ozone-interface-client-1.4.0-SNAPSHOT.jar:?]
	at org.apache.hadoop.ipc.ProtobufRpcEngine$Server.processCall(ProtobufRpcEngine.java:484) [hadoop-common-3.3.6.jar:?]
	at org.apache.hadoop.ipc.ProtobufRpcEngine2$Server$ProtoBufRpcInvoker.call(ProtobufRpcEngine2.java:595) [hadoop-common-3.3.6.jar:?]
	at org.apache.hadoop.ipc.ProtobufRpcEngine2$Server$ProtoBufRpcInvoker.call(ProtobufRpcEngine2.java:573) [hadoop-common-3.3.6.jar:?]
	at org.apache.hadoop.ipc.RPC$Server.call(RPC.java:1227) [hadoop-common-3.3.6.jar:?]
	at org.apache.hadoop.ipc.Server$RpcCall.run(Server.java:1094) [hadoop-common-3.3.6.jar:?]
	at org.apache.hadoop.ipc.Server$RpcCall.run(Server.java:1017) [hadoop-common-3.3.6.jar:?]
	at java.security.AccessController.doPrivileged(Native Method) ~[?:1.8.0_382]
	at javax.security.auth.Subject.doAs(Subject.java:422) [?:1.8.0_382]
	at org.apache.hadoop.security.UserGroupInformation.doAs(UserGroupInformation.java:1899) [hadoop-common-3.3.6.jar:?]
	at org.apache.hadoop.ipc.Server$Handler.run(Server.java:3048) [hadoop-common-3.3.6.jar:?]
11:19:37.968 [IPC Server handler 15 on default port 15110] ERROR OMAudit - user=runner | ip=127.0.0.1 | op=GET_FILE_STATUS {volume=volume57283, bucket=bucket81356, key=level0/level1/level1/file1, dataSize=0, replicationConfig=null} | ret=FAILURE
org.apache.hadoop.ozone.om.exceptions.OMException: Unable to get file status: volume: volume57283 bucket: bucket81356 key: level0/level1/level1/file1
	at org.apache.hadoop.ozone.om.KeyManagerImpl.getOzoneFileStatus(KeyManagerImpl.java:1195) ~[ozone-manager-1.4.0-SNAPSHOT.jar:?]
	at org.apache.hadoop.ozone.om.KeyManagerImpl.getFileStatus(KeyManagerImpl.java:1113) ~[ozone-manager-1.4.0-SNAPSHOT.jar:?]
	at org.apache.hadoop.ozone.om.OmMetadataReader.getFileStatus(OmMetadataReader.java:262) ~[ozone-manager-1.4.0-SNAPSHOT.jar:?]
	at org.apache.hadoop.ozone.om.OzoneManager.getFileStatus(OzoneManager.java:3530) ~[ozone-manager-1.4.0-SNAPSHOT.jar:?]
	at org.apache.hadoop.ozone.protocolPB.OzoneManagerRequestHandler.getOzoneFileStatus(OzoneManagerRequestHandler.java:971) ~[ozone-manager-1.4.0-SNAPSHOT.jar:?]
	at org.apache.hadoop.ozone.protocolPB.OzoneManagerRequestHandler.handleReadRequest(OzoneManagerRequestHandler.java:250) ~[ozone-manager-1.4.0-SNAPSHOT.jar:?]
	at org.apache.hadoop.ozone.protocolPB.OzoneManagerProtocolServerSideTranslatorPB.submitReadRequestToOM(OzoneManagerProtocolServerSideTranslatorPB.java:225) ~[ozone-manager-1.4.0-SNAPSHOT.jar:?]
	at org.apache.hadoop.ozone.protocolPB.OzoneManagerProtocolServerSideTranslatorPB.processRequest(OzoneManagerProtocolServerSideTranslatorPB.java:179) ~[ozone-manager-1.4.0-SNAPSHOT.jar:?]
	at org.apache.hadoop.hdds.server.OzoneProtocolMessageDispatcher.processRequest(OzoneProtocolMessageDispatcher.java:87) [hdds-server-framework-1.4.0-SNAPSHOT.jar:?]
	at org.apache.hadoop.ozone.protocolPB.OzoneManagerProtocolServerSideTranslatorPB.submitRequest(OzoneManagerProtocolServerSideTranslatorPB.java:148) [ozone-manager-1.4.0-SNAPSHOT.jar:?]
	at org.apache.hadoop.ozone.protocol.proto.OzoneManagerProtocolProtos$OzoneManagerService$2.callBlockingMethod(OzoneManagerProtocolProtos.java) [ozone-interface-client-1.4.0-SNAPSHOT.jar:?]
	at org.apache.hadoop.ipc.ProtobufRpcEngine$Server.processCall(ProtobufRpcEngine.java:484) [hadoop-common-3.3.6.jar:?]
	at org.apache.hadoop.ipc.ProtobufRpcEngine2$Server$ProtoBufRpcInvoker.call(ProtobufRpcEngine2.java:595) [hadoop-common-3.3.6.jar:?]
	at org.apache.hadoop.ipc.ProtobufRpcEngine2$Server$ProtoBufRpcInvoker.call(ProtobufRpcEngine2.java:573) [hadoop-common-3.3.6.jar:?]
	at org.apache.hadoop.ipc.RPC$Server.call(RPC.java:1227) [hadoop-common-3.3.6.jar:?]
	at org.apache.hadoop.ipc.Server$RpcCall.run(Server.java:1094) [hadoop-common-3.3.6.jar:?]
	at org.apache.hadoop.ipc.Server$RpcCall.run(Server.java:1017) [hadoop-common-3.3.6.jar:?]
	at java.security.AccessController.doPrivileged(Native Method) ~[?:1.8.0_382]
	at javax.security.auth.Subject.doAs(Subject.java:422) [?:1.8.0_382]
	at org.apache.hadoop.security.UserGroupInformation.doAs(UserGroupInformation.java:1899) [hadoop-common-3.3.6.jar:?]
	at org.apache.hadoop.ipc.Server$Handler.run(Server.java:3048) [hadoop-common-3.3.6.jar:?]
11:19:37.969 [IPC Server handler 16 on default port 15110] ERROR OMAudit - user=runner | ip=127.0.0.1 | op=GET_FILE_STATUS {volume=volume57283, bucket=bucket81356, key=level0/level2, dataSize=0, replicationConfig=null} | ret=FAILURE
org.apache.hadoop.ozone.om.exceptions.OMException: Unable to get file status: volume: volume57283 bucket: bucket81356 key: level0/level2
	at org.apache.hadoop.ozone.om.KeyManagerImpl.getOzoneFileStatus(KeyManagerImpl.java:1195) ~[ozone-manager-1.4.0-SNAPSHOT.jar:?]
	at org.apache.hadoop.ozone.om.KeyManagerImpl.getFileStatus(KeyManagerImpl.java:1113) ~[ozone-manager-1.4.0-SNAPSHOT.jar:?]
	at org.apache.hadoop.ozone.om.OmMetadataReader.getFileStatus(OmMetadataReader.java:262) ~[ozone-manager-1.4.0-SNAPSHOT.jar:?]
	at org.apache.hadoop.ozone.om.OzoneManager.getFileStatus(OzoneManager.java:3530) ~[ozone-manager-1.4.0-SNAPSHOT.jar:?]
	at org.apache.hadoop.ozone.protocolPB.OzoneManagerRequestHandler.getOzoneFileStatus(OzoneManagerRequestHandler.java:971) ~[ozone-manager-1.4.0-SNAPSHOT.jar:?]
	at org.apache.hadoop.ozone.protocolPB.OzoneManagerRequestHandler.handleReadRequest(OzoneManagerRequestHandler.java:250) ~[ozone-manager-1.4.0-SNAPSHOT.jar:?]
	at org.apache.hadoop.ozone.protocolPB.OzoneManagerProtocolServerSideTranslatorPB.submitReadRequestToOM(OzoneManagerProtocolServerSideTranslatorPB.java:225) ~[ozone-manager-1.4.0-SNAPSHOT.jar:?]
	at org.apache.hadoop.ozone.protocolPB.OzoneManagerProtocolServerSideTranslatorPB.processRequest(OzoneManagerProtocolServerSideTranslatorPB.java:179) ~[ozone-manager-1.4.0-SNAPSHOT.jar:?]
	at org.apache.hadoop.hdds.server.OzoneProtocolMessageDispatcher.processRequest(OzoneProtocolMessageDispatcher.java:87) [hdds-server-framework-1.4.0-SNAPSHOT.jar:?]
	at org.apache.hadoop.ozone.protocolPB.OzoneManagerProtocolServerSideTranslatorPB.submitRequest(OzoneManagerProtocolServerSideTranslatorPB.java:148) [ozone-manager-1.4.0-SNAPSHOT.jar:?]
	at org.apache.hadoop.ozone.protocol.proto.OzoneManagerProtocolProtos$OzoneManagerService$2.callBlockingMethod(OzoneManagerProtocolProtos.java) [ozone-interface-client-1.4.0-SNAPSHOT.jar:?]
	at org.apache.hadoop.ipc.ProtobufRpcEngine$Server.processCall(ProtobufRpcEngine.java:484) [hadoop-common-3.3.6.jar:?]
	at org.apache.hadoop.ipc.ProtobufRpcEngine2$Server$ProtoBufRpcInvoker.call(ProtobufRpcEngine2.java:595) [hadoop-common-3.3.6.jar:?]
	at org.apache.hadoop.ipc.ProtobufRpcEngine2$Server$ProtoBufRpcInvoker.call(ProtobufRpcEngine2.java:573) [hadoop-common-3.3.6.jar:?]
	at org.apache.hadoop.ipc.RPC$Server.call(RPC.java:1227) [hadoop-common-3.3.6.jar:?]
	at org.apache.hadoop.ipc.Server$RpcCall.run(Server.java:1094) [hadoop-common-3.3.6.jar:?]
	at org.apache.hadoop.ipc.Server$RpcCall.run(Server.java:1017) [hadoop-common-3.3.6.jar:?]
	at java.security.AccessController.doPrivileged(Native Method) ~[?:1.8.0_382]
	at javax.security.auth.Subject.doAs(Subject.java:422) [?:1.8.0_382]
	at org.apache.hadoop.security.UserGroupInformation.doAs(UserGroupInformation.java:1899) [hadoop-common-3.3.6.jar:?]
	at org.apache.hadoop.ipc.Server$Handler.run(Server.java:3048) [hadoop-common-3.3.6.jar:?]
11:19:37.970 [IPC Server handler 6 on default port 15110] ERROR OMAudit - user=runner | ip=127.0.0.1 | op=GET_FILE_STATUS {volume=volume57283, bucket=bucket81356, key=level0/level2/level2, dataSize=0, replicationConfig=null} | ret=FAILURE
org.apache.hadoop.ozone.om.exceptions.OMException: Unable to get file status: volume: volume57283 bucket: bucket81356 key: level0/level2/level2
	at org.apache.hadoop.ozone.om.KeyManagerImpl.getOzoneFileStatus(KeyManagerImpl.java:1195) ~[ozone-manager-1.4.0-SNAPSHOT.jar:?]
	at org.apache.hadoop.ozone.om.KeyManagerImpl.getFileStatus(KeyManagerImpl.java:1113) ~[ozone-manager-1.4.0-SNAPSHOT.jar:?]
	at org.apache.hadoop.ozone.om.OmMetadataReader.getFileStatus(OmMetadataReader.java:262) ~[ozone-manager-1.4.0-SNAPSHOT.jar:?]
	at org.apache.hadoop.ozone.om.OzoneManager.getFileStatus(OzoneManager.java:3530) ~[ozone-manager-1.4.0-SNAPSHOT.jar:?]
	at org.apache.hadoop.ozone.protocolPB.OzoneManagerRequestHandler.getOzoneFileStatus(OzoneManagerRequestHandler.java:971) ~[ozone-manager-1.4.0-SNAPSHOT.jar:?]
	at org.apache.hadoop.ozone.protocolPB.OzoneManagerRequestHandler.handleReadRequest(OzoneManagerRequestHandler.java:250) ~[ozone-manager-1.4.0-SNAPSHOT.jar:?]
	at org.apache.hadoop.ozone.protocolPB.OzoneManagerProtocolServerSideTranslatorPB.submitReadRequestToOM(OzoneManagerProtocolServerSideTranslatorPB.java:225) ~[ozone-manager-1.4.0-SNAPSHOT.jar:?]
	at org.apache.hadoop.ozone.protocolPB.OzoneManagerProtocolServerSideTranslatorPB.processRequest(OzoneManagerProtocolServerSideTranslatorPB.java:179) ~[ozone-manager-1.4.0-SNAPSHOT.jar:?]
	at org.apache.hadoop.hdds.server.OzoneProtocolMessageDispatcher.processRequest(OzoneProtocolMessageDispatcher.java:87) [hdds-server-framework-1.4.0-SNAPSHOT.jar:?]
	at org.apache.hadoop.ozone.protocolPB.OzoneManagerProtocolServerSideTranslatorPB.submitRequest(OzoneManagerProtocolServerSideTranslatorPB.java:148) [ozone-manager-1.4.0-SNAPSHOT.jar:?]
	at org.apache.hadoop.ozone.protocol.proto.OzoneManagerProtocolProtos$OzoneManagerService$2.callBlockingMethod(OzoneManagerProtocolProtos.java) [ozone-interface-client-1.4.0-SNAPSHOT.jar:?]
	at org.apache.hadoop.ipc.ProtobufRpcEngine$Server.processCall(ProtobufRpcEngine.java:484) [hadoop-common-3.3.6.jar:?]
	at org.apache.hadoop.ipc.ProtobufRpcEngine2$Server$ProtoBufRpcInvoker.call(ProtobufRpcEngine2.java:595) [hadoop-common-3.3.6.jar:?]
	at org.apache.hadoop.ipc.ProtobufRpcEngine2$Server$ProtoBufRpcInvoker.call(ProtobufRpcEngine2.java:573) [hadoop-common-3.3.6.jar:?]
	at org.apache.hadoop.ipc.RPC$Server.call(RPC.java:1227) [hadoop-common-3.3.6.jar:?]
	at org.apache.hadoop.ipc.Server$RpcCall.run(Server.java:1094) [hadoop-common-3.3.6.jar:?]
	at org.apache.hadoop.ipc.Server$RpcCall.run(Server.java:1017) [hadoop-common-3.3.6.jar:?]
	at java.security.AccessController.doPrivileged(Native Method) ~[?:1.8.0_382]
	at javax.security.auth.Subject.doAs(Subject.java:422) [?:1.8.0_382]
	at org.apache.hadoop.security.UserGroupInformation.doAs(UserGroupInformation.java:1899) [hadoop-common-3.3.6.jar:?]
	at org.apache.hadoop.ipc.Server$Handler.run(Server.java:3048) [hadoop-common-3.3.6.jar:?]
11:19:37.971 [IPC Server handler 2 on default port 15110] ERROR OMAudit - user=runner | ip=127.0.0.1 | op=GET_FILE_STATUS {volume=volume57283, bucket=bucket81356, key=level0/level2/file1, dataSize=0, replicationConfig=null} | ret=FAILURE
org.apache.hadoop.ozone.om.exceptions.OMException: Unable to get file status: volume: volume57283 bucket: bucket81356 key: level0/level2/file1
	at org.apache.hadoop.ozone.om.KeyManagerImpl.getOzoneFileStatus(KeyManagerImpl.java:1195) ~[ozone-manager-1.4.0-SNAPSHOT.jar:?]
	at org.apache.hadoop.ozone.om.KeyManagerImpl.getFileStatus(KeyManagerImpl.java:1113) ~[ozone-manager-1.4.0-SNAPSHOT.jar:?]
	at org.apache.hadoop.ozone.om.OmMetadataReader.getFileStatus(OmMetadataReader.java:262) ~[ozone-manager-1.4.0-SNAPSHOT.jar:?]
	at org.apache.hadoop.ozone.om.OzoneManager.getFileStatus(OzoneManager.java:3530) ~[ozone-manager-1.4.0-SNAPSHOT.jar:?]
	at org.apache.hadoop.ozone.protocolPB.OzoneManagerRequestHandler.getOzoneFileStatus(OzoneManagerRequestHandler.java:971) ~[ozone-manager-1.4.0-SNAPSHOT.jar:?]
	at org.apache.hadoop.ozone.protocolPB.OzoneManagerRequestHandler.handleReadRequest(OzoneManagerRequestHandler.java:250) ~[ozone-manager-1.4.0-SNAPSHOT.jar:?]
	at org.apache.hadoop.ozone.protocolPB.OzoneManagerProtocolServerSideTranslatorPB.submitReadRequestToOM(OzoneManagerProtocolServerSideTranslatorPB.java:225) ~[ozone-manager-1.4.0-SNAPSHOT.jar:?]
	at org.apache.hadoop.ozone.protocolPB.OzoneManagerProtocolServerSideTranslatorPB.processRequest(OzoneManagerProtocolServerSideTranslatorPB.java:179) ~[ozone-manager-1.4.0-SNAPSHOT.jar:?]
	at org.apache.hadoop.hdds.server.OzoneProtocolMessageDispatcher.processRequest(OzoneProtocolMessageDispatcher.java:87) [hdds-server-framework-1.4.0-SNAPSHOT.jar:?]
	at org.apache.hadoop.ozone.protocolPB.OzoneManagerProtocolServerSideTranslatorPB.submitRequest(OzoneManagerProtocolServerSideTranslatorPB.java:148) [ozone-manager-1.4.0-SNAPSHOT.jar:?]
	at org.apache.hadoop.ozone.protocol.proto.OzoneManagerProtocolProtos$OzoneManagerService$2.callBlockingMethod(OzoneManagerProtocolProtos.java) [ozone-interface-client-1.4.0-SNAPSHOT.jar:?]
	at org.apache.hadoop.ipc.ProtobufRpcEngine$Server.processCall(ProtobufRpcEngine.java:484) [hadoop-common-3.3.6.jar:?]
	at org.apache.hadoop.ipc.ProtobufRpcEngine2$Server$ProtoBufRpcInvoker.call(ProtobufRpcEngine2.java:595) [hadoop-common-3.3.6.jar:?]
	at org.apache.hadoop.ipc.ProtobufRpcEngine2$Server$ProtoBufRpcInvoker.call(ProtobufRpcEngine2.java:573) [hadoop-common-3.3.6.jar:?]
	at org.apache.hadoop.ipc.RPC$Server.call(RPC.java:1227) [hadoop-common-3.3.6.jar:?]
	at org.apache.hadoop.ipc.Server$RpcCall.run(Server.java:1094) [hadoop-common-3.3.6.jar:?]
	at org.apache.hadoop.ipc.Server$RpcCall.run(Server.java:1017) [hadoop-common-3.3.6.jar:?]
	at java.security.AccessController.doPrivileged(Native Method) ~[?:1.8.0_382]
	at javax.security.auth.Subject.doAs(Subject.java:422) [?:1.8.0_382]
	at org.apache.hadoop.security.UserGroupInformation.doAs(UserGroupInformation.java:1899) [hadoop-common-3.3.6.jar:?]
	at org.apache.hadoop.ipc.Server$Handler.run(Server.java:3048) [hadoop-common-3.3.6.jar:?]
11:19:37.972 [IPC Server handler 3 on default port 15110] ERROR OMAudit - user=runner | ip=127.0.0.1 | op=GET_FILE_STATUS {volume=volume57283, bucket=bucket81356, key=level0/level2/level2/file1, dataSize=0, replicationConfig=null} | ret=FAILURE
org.apache.hadoop.ozone.om.exceptions.OMException: Unable to get file status: volume: volume57283 bucket: bucket81356 key: level0/level2/level2/file1
	at org.apache.hadoop.ozone.om.KeyManagerImpl.getOzoneFileStatus(KeyManagerImpl.java:1195) ~[ozone-manager-1.4.0-SNAPSHOT.jar:?]
	at org.apache.hadoop.ozone.om.KeyManagerImpl.getFileStatus(KeyManagerImpl.java:1113) ~[ozone-manager-1.4.0-SNAPSHOT.jar:?]
	at org.apache.hadoop.ozone.om.OmMetadataReader.getFileStatus(OmMetadataReader.java:262) ~[ozone-manager-1.4.0-SNAPSHOT.jar:?]
	at org.apache.hadoop.ozone.om.OzoneManager.getFileStatus(OzoneManager.java:3530) ~[ozone-manager-1.4.0-SNAPSHOT.jar:?]
	at org.apache.hadoop.ozone.protocolPB.OzoneManagerRequestHandler.getOzoneFileStatus(OzoneManagerRequestHandler.java:971) ~[ozone-manager-1.4.0-SNAPSHOT.jar:?]
	at org.apache.hadoop.ozone.protocolPB.OzoneManagerRequestHandler.handleReadRequest(OzoneManagerRequestHandler.java:250) ~[ozone-manager-1.4.0-SNAPSHOT.jar:?]
	at org.apache.hadoop.ozone.protocolPB.OzoneManagerProtocolServerSideTranslatorPB.submitReadRequestToOM(OzoneManagerProtocolServerSideTranslatorPB.java:225) ~[ozone-manager-1.4.0-SNAPSHOT.jar:?]
	at org.apache.hadoop.ozone.protocolPB.OzoneManagerProtocolServerSideTranslatorPB.processRequest(OzoneManagerProtocolServerSideTranslatorPB.java:179) ~[ozone-manager-1.4.0-SNAPSHOT.jar:?]
	at org.apache.hadoop.hdds.server.OzoneProtocolMessageDispatcher.processRequest(OzoneProtocolMessageDispatcher.java:87) [hdds-server-framework-1.4.0-SNAPSHOT.jar:?]
	at org.apache.hadoop.ozone.protocolPB.OzoneManagerProtocolServerSideTranslatorPB.submitRequest(OzoneManagerProtocolServerSideTranslatorPB.java:148) [ozone-manager-1.4.0-SNAPSHOT.jar:?]
	at org.apache.hadoop.ozone.protocol.proto.OzoneManagerProtocolProtos$OzoneManagerService$2.callBlockingMethod(OzoneManagerProtocolProtos.java) [ozone-interface-client-1.4.0-SNAPSHOT.jar:?]
	at org.apache.hadoop.ipc.ProtobufRpcEngine$Server.processCall(ProtobufRpcEngine.java:484) [hadoop-common-3.3.6.jar:?]
	at org.apache.hadoop.ipc.ProtobufRpcEngine2$Server$ProtoBufRpcInvoker.call(ProtobufRpcEngine2.java:595) [hadoop-common-3.3.6.jar:?]
	at org.apache.hadoop.ipc.ProtobufRpcEngine2$Server$ProtoBufRpcInvoker.call(ProtobufRpcEngine2.java:573) [hadoop-common-3.3.6.jar:?]
	at org.apache.hadoop.ipc.RPC$Server.call(RPC.java:1227) [hadoop-common-3.3.6.jar:?]
	at org.apache.hadoop.ipc.Server$RpcCall.run(Server.java:1094) [hadoop-common-3.3.6.jar:?]
	at org.apache.hadoop.ipc.Server$RpcCall.run(Server.java:1017) [hadoop-common-3.3.6.jar:?]
	at java.security.AccessController.doPrivileged(Native Method) ~[?:1.8.0_382]
	at javax.security.auth.Subject.doAs(Subject.java:422) [?:1.8.0_382]
	at org.apache.hadoop.security.UserGroupInformation.doAs(UserGroupInformation.java:1899) [hadoop-common-3.3.6.jar:?]
	at org.apache.hadoop.ipc.Server$Handler.run(Server.java:3048) [hadoop-common-3.3.6.jar:?]
11:19:37.973 [IPC Server handler 9 on default port 15110] ERROR OMAudit - user=runner | ip=127.0.0.1 | op=GET_FILE_STATUS {volume=volume57283, bucket=bucket81356, key=level0/level3, dataSize=0, replicationConfig=null} | ret=FAILURE
org.apache.hadoop.ozone.om.exceptions.OMException: Unable to get file status: volume: volume57283 bucket: bucket81356 key: level0/level3
	at org.apache.hadoop.ozone.om.KeyManagerImpl.getOzoneFileStatus(KeyManagerImpl.java:1195) ~[ozone-manager-1.4.0-SNAPSHOT.jar:?]
	at org.apache.hadoop.ozone.om.KeyManagerImpl.getFileStatus(KeyManagerImpl.java:1113) ~[ozone-manager-1.4.0-SNAPSHOT.jar:?]
	at org.apache.hadoop.ozone.om.OmMetadataReader.getFileStatus(OmMetadataReader.java:262) ~[ozone-manager-1.4.0-SNAPSHOT.jar:?]
	at org.apache.hadoop.ozone.om.OzoneManager.getFileStatus(OzoneManager.java:3530) ~[ozone-manager-1.4.0-SNAPSHOT.jar:?]
	at org.apache.hadoop.ozone.protocolPB.OzoneManagerRequestHandler.getOzoneFileStatus(OzoneManagerRequestHandler.java:971) ~[ozone-manager-1.4.0-SNAPSHOT.jar:?]
	at org.apache.hadoop.ozone.protocolPB.OzoneManagerRequestHandler.handleReadRequest(OzoneManagerRequestHandler.java:250) ~[ozone-manager-1.4.0-SNAPSHOT.jar:?]
	at org.apache.hadoop.ozone.protocolPB.OzoneManagerProtocolServerSideTranslatorPB.submitReadRequestToOM(OzoneManagerProtocolServerSideTranslatorPB.java:225) ~[ozone-manager-1.4.0-SNAPSHOT.jar:?]
	at org.apache.hadoop.ozone.protocolPB.OzoneManagerProtocolServerSideTranslatorPB.processRequest(OzoneManagerProtocolServerSideTranslatorPB.java:179) ~[ozone-manager-1.4.0-SNAPSHOT.jar:?]
	at org.apache.hadoop.hdds.server.OzoneProtocolMessageDispatcher.processRequest(OzoneProtocolMessageDispatcher.java:87) [hdds-server-framework-1.4.0-SNAPSHOT.jar:?]
	at org.apache.hadoop.ozone.protocolPB.OzoneManagerProtocolServerSideTranslatorPB.submitRequest(OzoneManagerProtocolServerSideTranslatorPB.java:148) [ozone-manager-1.4.0-SNAPSHOT.jar:?]
	at org.apache.hadoop.ozone.protocol.proto.OzoneManagerProtocolProtos$OzoneManagerService$2.callBlockingMethod(OzoneManagerProtocolProtos.java) [ozone-interface-client-1.4.0-SNAPSHOT.jar:?]
	at org.apache.hadoop.ipc.ProtobufRpcEngine$Server.processCall(ProtobufRpcEngine.java:484) [hadoop-common-3.3.6.jar:?]
	at org.apache.hadoop.ipc.ProtobufRpcEngine2$Server$ProtoBufRpcInvoker.call(ProtobufRpcEngine2.java:595) [hadoop-common-3.3.6.jar:?]
	at org.apache.hadoop.ipc.ProtobufRpcEngine2$Server$ProtoBufRpcInvoker.call(ProtobufRpcEngine2.java:573) [hadoop-common-3.3.6.jar:?]
	at org.apache.hadoop.ipc.RPC$Server.call(RPC.java:1227) [hadoop-common-3.3.6.jar:?]
	at org.apache.hadoop.ipc.Server$RpcCall.run(Server.java:1094) [hadoop-common-3.3.6.jar:?]
	at org.apache.hadoop.ipc.Server$RpcCall.run(Server.java:1017) [hadoop-common-3.3.6.jar:?]
	at java.security.AccessController.doPrivileged(Native Method) ~[?:1.8.0_382]
	at javax.security.auth.Subject.doAs(Subject.java:422) [?:1.8.0_382]
	at org.apache.hadoop.security.UserGroupInformation.doAs(UserGroupInformation.java:1899) [hadoop-common-3.3.6.jar:?]
	at org.apache.hadoop.ipc.Server$Handler.run(Server.java:3048) [hadoop-common-3.3.6.jar:?]
11:19:37.976 [IPC Server handler 11 on default port 15110] ERROR OMAudit - user=runner | ip=127.0.0.1 | op=GET_FILE_STATUS {volume=volume57283, bucket=bucket81356, key=level0/level3/level3, dataSize=0, replicationConfig=null} | ret=FAILURE
org.apache.hadoop.ozone.om.exceptions.OMException: Unable to get file status: volume: volume57283 bucket: bucket81356 key: level0/level3/level3
	at org.apache.hadoop.ozone.om.KeyManagerImpl.getOzoneFileStatus(KeyManagerImpl.java:1195) ~[ozone-manager-1.4.0-SNAPSHOT.jar:?]
	at org.apache.hadoop.ozone.om.KeyManagerImpl.getFileStatus(KeyManagerImpl.java:1113) ~[ozone-manager-1.4.0-SNAPSHOT.jar:?]
	at org.apache.hadoop.ozone.om.OmMetadataReader.getFileStatus(OmMetadataReader.java:262) ~[ozone-manager-1.4.0-SNAPSHOT.jar:?]
	at org.apache.hadoop.ozone.om.OzoneManager.getFileStatus(OzoneManager.java:3530) ~[ozone-manager-1.4.0-SNAPSHOT.jar:?]
	at org.apache.hadoop.ozone.protocolPB.OzoneManagerRequestHandler.getOzoneFileStatus(OzoneManagerRequestHandler.java:971) ~[ozone-manager-1.4.0-SNAPSHOT.jar:?]
	at org.apache.hadoop.ozone.protocolPB.OzoneManagerRequestHandler.handleReadRequest(OzoneManagerRequestHandler.java:250) ~[ozone-manager-1.4.0-SNAPSHOT.jar:?]
	at org.apache.hadoop.ozone.protocolPB.OzoneManagerProtocolServerSideTranslatorPB.submitReadRequestToOM(OzoneManagerProtocolServerSideTranslatorPB.java:225) ~[ozone-manager-1.4.0-SNAPSHOT.jar:?]
	at org.apache.hadoop.ozone.protocolPB.OzoneManagerProtocolServerSideTranslatorPB.processRequest(OzoneManagerProtocolServerSideTranslatorPB.java:179) ~[ozone-manager-1.4.0-SNAPSHOT.jar:?]
	at org.apache.hadoop.hdds.server.OzoneProtocolMessageDispatcher.processRequest(OzoneProtocolMessageDispatcher.java:87) [hdds-server-framework-1.4.0-SNAPSHOT.jar:?]
	at org.apache.hadoop.ozone.protocolPB.OzoneManagerProtocolServerSideTranslatorPB.submitRequest(OzoneManagerProtocolServerSideTranslatorPB.java:148) [ozone-manager-1.4.0-SNAPSHOT.jar:?]
	at org.apache.hadoop.ozone.protocol.proto.OzoneManagerProtocolProtos$OzoneManagerService$2.callBlockingMethod(OzoneManagerProtocolProtos.java) [ozone-interface-client-1.4.0-SNAPSHOT.jar:?]
	at org.apache.hadoop.ipc.ProtobufRpcEngine$Server.processCall(ProtobufRpcEngine.java:484) [hadoop-common-3.3.6.jar:?]
	at org.apache.hadoop.ipc.ProtobufRpcEngine2$Server$ProtoBufRpcInvoker.call(ProtobufRpcEngine2.java:595) [hadoop-common-3.3.6.jar:?]
	at org.apache.hadoop.ipc.ProtobufRpcEngine2$Server$ProtoBufRpcInvoker.call(ProtobufRpcEngine2.java:573) [hadoop-common-3.3.6.jar:?]
	at org.apache.hadoop.ipc.RPC$Server.call(RPC.java:1227) [hadoop-common-3.3.6.jar:?]
	at org.apache.hadoop.ipc.Server$RpcCall.run(Server.java:1094) [hadoop-common-3.3.6.jar:?]
	at org.apache.hadoop.ipc.Server$RpcCall.run(Server.java:1017) [hadoop-common-3.3.6.jar:?]
	at java.security.AccessController.doPrivileged(Native Method) ~[?:1.8.0_382]
	at javax.security.auth.Subject.doAs(Subject.java:422) [?:1.8.0_382]
	at org.apache.hadoop.security.UserGroupInformation.doAs(UserGroupInformation.java:1899) [hadoop-common-3.3.6.jar:?]
	at org.apache.hadoop.ipc.Server$Handler.run(Server.java:3048) [hadoop-common-3.3.6.jar:?]
11:19:37.978 [IPC Server handler 10 on default port 15110] ERROR OMAudit - user=runner | ip=127.0.0.1 | op=GET_FILE_STATUS {volume=volume57283, bucket=bucket81356, key=level0/level3/file1, dataSize=0, replicationConfig=null} | ret=FAILURE
org.apache.hadoop.ozone.om.exceptions.OMException: Unable to get file status: volume: volume57283 bucket: bucket81356 key: level0/level3/file1
	at org.apache.hadoop.ozone.om.KeyManagerImpl.getOzoneFileStatus(KeyManagerImpl.java:1195) ~[ozone-manager-1.4.0-SNAPSHOT.jar:?]
	at org.apache.hadoop.ozone.om.KeyManagerImpl.getFileStatus(KeyManagerImpl.java:1113) ~[ozone-manager-1.4.0-SNAPSHOT.jar:?]
	at org.apache.hadoop.ozone.om.OmMetadataReader.getFileStatus(OmMetadataReader.java:262) ~[ozone-manager-1.4.0-SNAPSHOT.jar:?]
	at org.apache.hadoop.ozone.om.OzoneManager.getFileStatus(OzoneManager.java:3530) ~[ozone-manager-1.4.0-SNAPSHOT.jar:?]
	at org.apache.hadoop.ozone.protocolPB.OzoneManagerRequestHandler.getOzoneFileStatus(OzoneManagerRequestHandler.java:971) ~[ozone-manager-1.4.0-SNAPSHOT.jar:?]
	at org.apache.hadoop.ozone.protocolPB.OzoneManagerRequestHandler.handleReadRequest(OzoneManagerRequestHandler.java:250) ~[ozone-manager-1.4.0-SNAPSHOT.jar:?]
	at org.apache.hadoop.ozone.protocolPB.OzoneManagerProtocolServerSideTranslatorPB.submitReadRequestToOM(OzoneManagerProtocolServerSideTranslatorPB.java:225) ~[ozone-manager-1.4.0-SNAPSHOT.jar:?]
	at org.apache.hadoop.ozone.protocolPB.OzoneManagerProtocolServerSideTranslatorPB.processRequest(OzoneManagerProtocolServerSideTranslatorPB.java:179) ~[ozone-manager-1.4.0-SNAPSHOT.jar:?]
	at org.apache.hadoop.hdds.server.OzoneProtocolMessageDispatcher.processRequest(OzoneProtocolMessageDispatcher.java:87) [hdds-server-framework-1.4.0-SNAPSHOT.jar:?]
	at org.apache.hadoop.ozone.protocolPB.OzoneManagerProtocolServerSideTranslatorPB.submitRequest(OzoneManagerProtocolServerSideTranslatorPB.java:148) [ozone-manager-1.4.0-SNAPSHOT.jar:?]
	at org.apache.hadoop.ozone.protocol.proto.OzoneManagerProtocolProtos$OzoneManagerService$2.callBlockingMethod(OzoneManagerProtocolProtos.java) [ozone-interface-client-1.4.0-SNAPSHOT.jar:?]
	at org.apache.hadoop.ipc.ProtobufRpcEngine$Server.processCall(ProtobufRpcEngine.java:484) [hadoop-common-3.3.6.jar:?]
	at org.apache.hadoop.ipc.ProtobufRpcEngine2$Server$ProtoBufRpcInvoker.call(ProtobufRpcEngine2.java:595) [hadoop-common-3.3.6.jar:?]
	at org.apache.hadoop.ipc.ProtobufRpcEngine2$Server$ProtoBufRpcInvoker.call(ProtobufRpcEngine2.java:573) [hadoop-common-3.3.6.jar:?]
	at org.apache.hadoop.ipc.RPC$Server.call(RPC.java:1227) [hadoop-common-3.3.6.jar:?]
	at org.apache.hadoop.ipc.Server$RpcCall.run(Server.java:1094) [hadoop-common-3.3.6.jar:?]
	at org.apache.hadoop.ipc.Server$RpcCall.run(Server.java:1017) [hadoop-common-3.3.6.jar:?]
	at java.security.AccessController.doPrivileged(Native Method) ~[?:1.8.0_382]
	at javax.security.auth.Subject.doAs(Subject.java:422) [?:1.8.0_382]
	at org.apache.hadoop.security.UserGroupInformation.doAs(UserGroupInformation.java:1899) [hadoop-common-3.3.6.jar:?]
	at org.apache.hadoop.ipc.Server$Handler.run(Server.java:3048) [hadoop-common-3.3.6.jar:?]
11:19:37.978 [IPC Server handler 1 on default port 15110] ERROR OMAudit - user=runner | ip=127.0.0.1 | op=GET_FILE_STATUS {volume=volume57283, bucket=bucket81356, key=level0/level3/level3/file1, dataSize=0, replicationConfig=null} | ret=FAILURE
org.apache.hadoop.ozone.om.exceptions.OMException: Unable to get file status: volume: volume57283 bucket: bucket81356 key: level0/level3/level3/file1
	at org.apache.hadoop.ozone.om.KeyManagerImpl.getOzoneFileStatus(KeyManagerImpl.java:1195) ~[ozone-manager-1.4.0-SNAPSHOT.jar:?]
	at org.apache.hadoop.ozone.om.KeyManagerImpl.getFileStatus(KeyManagerImpl.java:1113) ~[ozone-manager-1.4.0-SNAPSHOT.jar:?]
	at org.apache.hadoop.ozone.om.OmMetadataReader.getFileStatus(OmMetadataReader.java:262) ~[ozone-manager-1.4.0-SNAPSHOT.jar:?]
	at org.apache.hadoop.ozone.om.OzoneManager.getFileStatus(OzoneManager.java:3530) ~[ozone-manager-1.4.0-SNAPSHOT.jar:?]
	at org.apache.hadoop.ozone.protocolPB.OzoneManagerRequestHandler.getOzoneFileStatus(OzoneManagerRequestHandler.java:971) ~[ozone-manager-1.4.0-SNAPSHOT.jar:?]
	at org.apache.hadoop.ozone.protocolPB.OzoneManagerRequestHandler.handleReadRequest(OzoneManagerRequestHandler.java:250) ~[ozone-manager-1.4.0-SNAPSHOT.jar:?]
	at org.apache.hadoop.ozone.protocolPB.OzoneManagerProtocolServerSideTranslatorPB.submitReadRequestToOM(OzoneManagerProtocolServerSideTranslatorPB.java:225) ~[ozone-manager-1.4.0-SNAPSHOT.jar:?]
	at org.apache.hadoop.ozone.protocolPB.OzoneManagerProtocolServerSideTranslatorPB.processRequest(OzoneManagerProtocolServerSideTranslatorPB.java:179) ~[ozone-manager-1.4.0-SNAPSHOT.jar:?]
	at org.apache.hadoop.hdds.server.OzoneProtocolMessageDispatcher.processRequest(OzoneProtocolMessageDispatcher.java:87) [hdds-server-framework-1.4.0-SNAPSHOT.jar:?]
	at org.apache.hadoop.ozone.protocolPB.OzoneManagerProtocolServerSideTranslatorPB.submitRequest(OzoneManagerProtocolServerSideTranslatorPB.java:148) [ozone-manager-1.4.0-SNAPSHOT.jar:?]
	at org.apache.hadoop.ozone.protocol.proto.OzoneManagerProtocolProtos$OzoneManagerService$2.callBlockingMethod(OzoneManagerProtocolProtos.java) [ozone-interface-client-1.4.0-SNAPSHOT.jar:?]
	at org.apache.hadoop.ipc.ProtobufRpcEngine$Server.processCall(ProtobufRpcEngine.java:484) [hadoop-common-3.3.6.jar:?]
	at org.apache.hadoop.ipc.ProtobufRpcEngine2$Server$ProtoBufRpcInvoker.call(ProtobufRpcEngine2.java:595) [hadoop-common-3.3.6.jar:?]
	at org.apache.hadoop.ipc.ProtobufRpcEngine2$Server$ProtoBufRpcInvoker.call(ProtobufRpcEngine2.java:573) [hadoop-common-3.3.6.jar:?]
	at org.apache.hadoop.ipc.RPC$Server.call(RPC.java:1227) [hadoop-common-3.3.6.jar:?]
	at org.apache.hadoop.ipc.Server$RpcCall.run(Server.java:1094) [hadoop-common-3.3.6.jar:?]
	at org.apache.hadoop.ipc.Server$RpcCall.run(Server.java:1017) [hadoop-common-3.3.6.jar:?]
	at java.security.AccessController.doPrivileged(Native Method) ~[?:1.8.0_382]
	at javax.security.auth.Subject.doAs(Subject.java:422) [?:1.8.0_382]
	at org.apache.hadoop.security.UserGroupInformation.doAs(UserGroupInformation.java:1899) [hadoop-common-3.3.6.jar:?]
	at org.apache.hadoop.ipc.Server$Handler.run(Server.java:3048) [hadoop-common-3.3.6.jar:?]
]]></system-out>
  </testcase>
  <testcase name="testRecursiveDelete" classname="TestOzoneFileSystem" time="0.185">
    <system-out><![CDATA[11:21:05.748 [IPC Server handler 3 on default port 15163] ERROR OMAudit - user=runner | ip=127.0.0.1 | op=GET_FILE_STATUS {volume=volume69610, bucket=bucket82402, key=gdir1, dataSize=0, replicationConfig=null} | ret=FAILURE
org.apache.hadoop.ozone.om.exceptions.OMException: Unable to get file status: volume: volume69610 bucket: bucket82402 key: gdir1
	at org.apache.hadoop.ozone.om.KeyManagerImpl.getOzoneFileStatus(KeyManagerImpl.java:1195) ~[ozone-manager-1.4.0-SNAPSHOT.jar:?]
	at org.apache.hadoop.ozone.om.KeyManagerImpl.getFileStatus(KeyManagerImpl.java:1113) ~[ozone-manager-1.4.0-SNAPSHOT.jar:?]
	at org.apache.hadoop.ozone.om.OmMetadataReader.getFileStatus(OmMetadataReader.java:262) ~[ozone-manager-1.4.0-SNAPSHOT.jar:?]
	at org.apache.hadoop.ozone.om.OzoneManager.getFileStatus(OzoneManager.java:3530) ~[ozone-manager-1.4.0-SNAPSHOT.jar:?]
	at org.apache.hadoop.ozone.protocolPB.OzoneManagerRequestHandler.getOzoneFileStatus(OzoneManagerRequestHandler.java:971) ~[ozone-manager-1.4.0-SNAPSHOT.jar:?]
	at org.apache.hadoop.ozone.protocolPB.OzoneManagerRequestHandler.handleReadRequest(OzoneManagerRequestHandler.java:250) ~[ozone-manager-1.4.0-SNAPSHOT.jar:?]
	at org.apache.hadoop.ozone.protocolPB.OzoneManagerProtocolServerSideTranslatorPB.submitRequestDirectlyToOM(OzoneManagerProtocolServerSideTranslatorPB.java:274) ~[ozone-manager-1.4.0-SNAPSHOT.jar:?]
	at org.apache.hadoop.ozone.protocolPB.OzoneManagerProtocolServerSideTranslatorPB.processRequest(OzoneManagerProtocolServerSideTranslatorPB.java:175) ~[ozone-manager-1.4.0-SNAPSHOT.jar:?]
	at org.apache.hadoop.hdds.server.OzoneProtocolMessageDispatcher.processRequest(OzoneProtocolMessageDispatcher.java:87) [hdds-server-framework-1.4.0-SNAPSHOT.jar:?]
	at org.apache.hadoop.ozone.protocolPB.OzoneManagerProtocolServerSideTranslatorPB.submitRequest(OzoneManagerProtocolServerSideTranslatorPB.java:148) [ozone-manager-1.4.0-SNAPSHOT.jar:?]
	at org.apache.hadoop.ozone.protocol.proto.OzoneManagerProtocolProtos$OzoneManagerService$2.callBlockingMethod(OzoneManagerProtocolProtos.java) [ozone-interface-client-1.4.0-SNAPSHOT.jar:?]
	at org.apache.hadoop.ipc.ProtobufRpcEngine$Server.processCall(ProtobufRpcEngine.java:484) [hadoop-common-3.3.6.jar:?]
	at org.apache.hadoop.ipc.ProtobufRpcEngine2$Server$ProtoBufRpcInvoker.call(ProtobufRpcEngine2.java:595) [hadoop-common-3.3.6.jar:?]
	at org.apache.hadoop.ipc.ProtobufRpcEngine2$Server$ProtoBufRpcInvoker.call(ProtobufRpcEngine2.java:573) [hadoop-common-3.3.6.jar:?]
	at org.apache.hadoop.ipc.RPC$Server.call(RPC.java:1227) [hadoop-common-3.3.6.jar:?]
	at org.apache.hadoop.ipc.Server$RpcCall.run(Server.java:1094) [hadoop-common-3.3.6.jar:?]
	at org.apache.hadoop.ipc.Server$RpcCall.run(Server.java:1017) [hadoop-common-3.3.6.jar:?]
	at java.security.AccessController.doPrivileged(Native Method) ~[?:1.8.0_382]
	at javax.security.auth.Subject.doAs(Subject.java:422) [?:1.8.0_382]
	at org.apache.hadoop.security.UserGroupInformation.doAs(UserGroupInformation.java:1899) [hadoop-common-3.3.6.jar:?]
	at org.apache.hadoop.ipc.Server$Handler.run(Server.java:3048) [hadoop-common-3.3.6.jar:?]
11:21:05.750 [IPC Server handler 0 on default port 15163] ERROR OMAudit - user=runner | ip=127.0.0.1 | op=GET_FILE_STATUS {volume=volume69610, bucket=bucket82402, key=gdir1/dir1, dataSize=0, replicationConfig=null} | ret=FAILURE
org.apache.hadoop.ozone.om.exceptions.OMException: Unable to get file status: volume: volume69610 bucket: bucket82402 key: gdir1/dir1
	at org.apache.hadoop.ozone.om.KeyManagerImpl.getOzoneFileStatus(KeyManagerImpl.java:1195) ~[ozone-manager-1.4.0-SNAPSHOT.jar:?]
	at org.apache.hadoop.ozone.om.KeyManagerImpl.getFileStatus(KeyManagerImpl.java:1113) ~[ozone-manager-1.4.0-SNAPSHOT.jar:?]
	at org.apache.hadoop.ozone.om.OmMetadataReader.getFileStatus(OmMetadataReader.java:262) ~[ozone-manager-1.4.0-SNAPSHOT.jar:?]
	at org.apache.hadoop.ozone.om.OzoneManager.getFileStatus(OzoneManager.java:3530) ~[ozone-manager-1.4.0-SNAPSHOT.jar:?]
	at org.apache.hadoop.ozone.protocolPB.OzoneManagerRequestHandler.getOzoneFileStatus(OzoneManagerRequestHandler.java:971) ~[ozone-manager-1.4.0-SNAPSHOT.jar:?]
	at org.apache.hadoop.ozone.protocolPB.OzoneManagerRequestHandler.handleReadRequest(OzoneManagerRequestHandler.java:250) ~[ozone-manager-1.4.0-SNAPSHOT.jar:?]
	at org.apache.hadoop.ozone.protocolPB.OzoneManagerProtocolServerSideTranslatorPB.submitRequestDirectlyToOM(OzoneManagerProtocolServerSideTranslatorPB.java:274) ~[ozone-manager-1.4.0-SNAPSHOT.jar:?]
	at org.apache.hadoop.ozone.protocolPB.OzoneManagerProtocolServerSideTranslatorPB.processRequest(OzoneManagerProtocolServerSideTranslatorPB.java:175) ~[ozone-manager-1.4.0-SNAPSHOT.jar:?]
	at org.apache.hadoop.hdds.server.OzoneProtocolMessageDispatcher.processRequest(OzoneProtocolMessageDispatcher.java:87) [hdds-server-framework-1.4.0-SNAPSHOT.jar:?]
	at org.apache.hadoop.ozone.protocolPB.OzoneManagerProtocolServerSideTranslatorPB.submitRequest(OzoneManagerProtocolServerSideTranslatorPB.java:148) [ozone-manager-1.4.0-SNAPSHOT.jar:?]
	at org.apache.hadoop.ozone.protocol.proto.OzoneManagerProtocolProtos$OzoneManagerService$2.callBlockingMethod(OzoneManagerProtocolProtos.java) [ozone-interface-client-1.4.0-SNAPSHOT.jar:?]
	at org.apache.hadoop.ipc.ProtobufRpcEngine$Server.processCall(ProtobufRpcEngine.java:484) [hadoop-common-3.3.6.jar:?]
	at org.apache.hadoop.ipc.ProtobufRpcEngine2$Server$ProtoBufRpcInvoker.call(ProtobufRpcEngine2.java:595) [hadoop-common-3.3.6.jar:?]
	at org.apache.hadoop.ipc.ProtobufRpcEngine2$Server$ProtoBufRpcInvoker.call(ProtobufRpcEngine2.java:573) [hadoop-common-3.3.6.jar:?]
	at org.apache.hadoop.ipc.RPC$Server.call(RPC.java:1227) [hadoop-common-3.3.6.jar:?]
	at org.apache.hadoop.ipc.Server$RpcCall.run(Server.java:1094) [hadoop-common-3.3.6.jar:?]
	at org.apache.hadoop.ipc.Server$RpcCall.run(Server.java:1017) [hadoop-common-3.3.6.jar:?]
	at java.security.AccessController.doPrivileged(Native Method) ~[?:1.8.0_382]
	at javax.security.auth.Subject.doAs(Subject.java:422) [?:1.8.0_382]
	at org.apache.hadoop.security.UserGroupInformation.doAs(UserGroupInformation.java:1899) [hadoop-common-3.3.6.jar:?]
	at org.apache.hadoop.ipc.Server$Handler.run(Server.java:3048) [hadoop-common-3.3.6.jar:?]
11:21:05.751 [IPC Server handler 1 on default port 15163] ERROR OMAudit - user=runner | ip=127.0.0.1 | op=GET_FILE_STATUS {volume=volume69610, bucket=bucket82402, key=gdir1/dir1/child, dataSize=0, replicationConfig=null} | ret=FAILURE
org.apache.hadoop.ozone.om.exceptions.OMException: Unable to get file status: volume: volume69610 bucket: bucket82402 key: gdir1/dir1/child
	at org.apache.hadoop.ozone.om.KeyManagerImpl.getOzoneFileStatus(KeyManagerImpl.java:1195) ~[ozone-manager-1.4.0-SNAPSHOT.jar:?]
	at org.apache.hadoop.ozone.om.KeyManagerImpl.getFileStatus(KeyManagerImpl.java:1113) ~[ozone-manager-1.4.0-SNAPSHOT.jar:?]
	at org.apache.hadoop.ozone.om.OmMetadataReader.getFileStatus(OmMetadataReader.java:262) ~[ozone-manager-1.4.0-SNAPSHOT.jar:?]
	at org.apache.hadoop.ozone.om.OzoneManager.getFileStatus(OzoneManager.java:3530) ~[ozone-manager-1.4.0-SNAPSHOT.jar:?]
	at org.apache.hadoop.ozone.protocolPB.OzoneManagerRequestHandler.getOzoneFileStatus(OzoneManagerRequestHandler.java:971) ~[ozone-manager-1.4.0-SNAPSHOT.jar:?]
	at org.apache.hadoop.ozone.protocolPB.OzoneManagerRequestHandler.handleReadRequest(OzoneManagerRequestHandler.java:250) ~[ozone-manager-1.4.0-SNAPSHOT.jar:?]
	at org.apache.hadoop.ozone.protocolPB.OzoneManagerProtocolServerSideTranslatorPB.submitRequestDirectlyToOM(OzoneManagerProtocolServerSideTranslatorPB.java:274) ~[ozone-manager-1.4.0-SNAPSHOT.jar:?]
	at org.apache.hadoop.ozone.protocolPB.OzoneManagerProtocolServerSideTranslatorPB.processRequest(OzoneManagerProtocolServerSideTranslatorPB.java:175) ~[ozone-manager-1.4.0-SNAPSHOT.jar:?]
	at org.apache.hadoop.hdds.server.OzoneProtocolMessageDispatcher.processRequest(OzoneProtocolMessageDispatcher.java:87) [hdds-server-framework-1.4.0-SNAPSHOT.jar:?]
	at org.apache.hadoop.ozone.protocolPB.OzoneManagerProtocolServerSideTranslatorPB.submitRequest(OzoneManagerProtocolServerSideTranslatorPB.java:148) [ozone-manager-1.4.0-SNAPSHOT.jar:?]
	at org.apache.hadoop.ozone.protocol.proto.OzoneManagerProtocolProtos$OzoneManagerService$2.callBlockingMethod(OzoneManagerProtocolProtos.java) [ozone-interface-client-1.4.0-SNAPSHOT.jar:?]
	at org.apache.hadoop.ipc.ProtobufRpcEngine$Server.processCall(ProtobufRpcEngine.java:484) [hadoop-common-3.3.6.jar:?]
	at org.apache.hadoop.ipc.ProtobufRpcEngine2$Server$ProtoBufRpcInvoker.call(ProtobufRpcEngine2.java:595) [hadoop-common-3.3.6.jar:?]
	at org.apache.hadoop.ipc.ProtobufRpcEngine2$Server$ProtoBufRpcInvoker.call(ProtobufRpcEngine2.java:573) [hadoop-common-3.3.6.jar:?]
	at org.apache.hadoop.ipc.RPC$Server.call(RPC.java:1227) [hadoop-common-3.3.6.jar:?]
	at org.apache.hadoop.ipc.Server$RpcCall.run(Server.java:1094) [hadoop-common-3.3.6.jar:?]
	at org.apache.hadoop.ipc.Server$RpcCall.run(Server.java:1017) [hadoop-common-3.3.6.jar:?]
	at java.security.AccessController.doPrivileged(Native Method) ~[?:1.8.0_382]
	at javax.security.auth.Subject.doAs(Subject.java:422) [?:1.8.0_382]
	at org.apache.hadoop.security.UserGroupInformation.doAs(UserGroupInformation.java:1899) [hadoop-common-3.3.6.jar:?]
	at org.apache.hadoop.ipc.Server$Handler.run(Server.java:3048) [hadoop-common-3.3.6.jar:?]
11:21:05.752 [IPC Server handler 6 on default port 15163] ERROR OMAudit - user=runner | ip=127.0.0.1 | op=GET_FILE_STATUS {volume=volume69610, bucket=bucket82402, key=gdir1/dir2, dataSize=0, replicationConfig=null} | ret=FAILURE
org.apache.hadoop.ozone.om.exceptions.OMException: Unable to get file status: volume: volume69610 bucket: bucket82402 key: gdir1/dir2
	at org.apache.hadoop.ozone.om.KeyManagerImpl.getOzoneFileStatus(KeyManagerImpl.java:1195) ~[ozone-manager-1.4.0-SNAPSHOT.jar:?]
	at org.apache.hadoop.ozone.om.KeyManagerImpl.getFileStatus(KeyManagerImpl.java:1113) ~[ozone-manager-1.4.0-SNAPSHOT.jar:?]
	at org.apache.hadoop.ozone.om.OmMetadataReader.getFileStatus(OmMetadataReader.java:262) ~[ozone-manager-1.4.0-SNAPSHOT.jar:?]
	at org.apache.hadoop.ozone.om.OzoneManager.getFileStatus(OzoneManager.java:3530) ~[ozone-manager-1.4.0-SNAPSHOT.jar:?]
	at org.apache.hadoop.ozone.protocolPB.OzoneManagerRequestHandler.getOzoneFileStatus(OzoneManagerRequestHandler.java:971) ~[ozone-manager-1.4.0-SNAPSHOT.jar:?]
	at org.apache.hadoop.ozone.protocolPB.OzoneManagerRequestHandler.handleReadRequest(OzoneManagerRequestHandler.java:250) ~[ozone-manager-1.4.0-SNAPSHOT.jar:?]
	at org.apache.hadoop.ozone.protocolPB.OzoneManagerProtocolServerSideTranslatorPB.submitRequestDirectlyToOM(OzoneManagerProtocolServerSideTranslatorPB.java:274) ~[ozone-manager-1.4.0-SNAPSHOT.jar:?]
	at org.apache.hadoop.ozone.protocolPB.OzoneManagerProtocolServerSideTranslatorPB.processRequest(OzoneManagerProtocolServerSideTranslatorPB.java:175) ~[ozone-manager-1.4.0-SNAPSHOT.jar:?]
	at org.apache.hadoop.hdds.server.OzoneProtocolMessageDispatcher.processRequest(OzoneProtocolMessageDispatcher.java:87) [hdds-server-framework-1.4.0-SNAPSHOT.jar:?]
	at org.apache.hadoop.ozone.protocolPB.OzoneManagerProtocolServerSideTranslatorPB.submitRequest(OzoneManagerProtocolServerSideTranslatorPB.java:148) [ozone-manager-1.4.0-SNAPSHOT.jar:?]
	at org.apache.hadoop.ozone.protocol.proto.OzoneManagerProtocolProtos$OzoneManagerService$2.callBlockingMethod(OzoneManagerProtocolProtos.java) [ozone-interface-client-1.4.0-SNAPSHOT.jar:?]
	at org.apache.hadoop.ipc.ProtobufRpcEngine$Server.processCall(ProtobufRpcEngine.java:484) [hadoop-common-3.3.6.jar:?]
	at org.apache.hadoop.ipc.ProtobufRpcEngine2$Server$ProtoBufRpcInvoker.call(ProtobufRpcEngine2.java:595) [hadoop-common-3.3.6.jar:?]
	at org.apache.hadoop.ipc.ProtobufRpcEngine2$Server$ProtoBufRpcInvoker.call(ProtobufRpcEngine2.java:573) [hadoop-common-3.3.6.jar:?]
	at org.apache.hadoop.ipc.RPC$Server.call(RPC.java:1227) [hadoop-common-3.3.6.jar:?]
	at org.apache.hadoop.ipc.Server$RpcCall.run(Server.java:1094) [hadoop-common-3.3.6.jar:?]
	at org.apache.hadoop.ipc.Server$RpcCall.run(Server.java:1017) [hadoop-common-3.3.6.jar:?]
	at java.security.AccessController.doPrivileged(Native Method) ~[?:1.8.0_382]
	at javax.security.auth.Subject.doAs(Subject.java:422) [?:1.8.0_382]
	at org.apache.hadoop.security.UserGroupInformation.doAs(UserGroupInformation.java:1899) [hadoop-common-3.3.6.jar:?]
	at org.apache.hadoop.ipc.Server$Handler.run(Server.java:3048) [hadoop-common-3.3.6.jar:?]
11:21:05.753 [IPC Server handler 4 on default port 15163] ERROR OMAudit - user=runner | ip=127.0.0.1 | op=GET_FILE_STATUS {volume=volume69610, bucket=bucket82402, key=gdir1/dir2/child, dataSize=0, replicationConfig=null} | ret=FAILURE
org.apache.hadoop.ozone.om.exceptions.OMException: Unable to get file status: volume: volume69610 bucket: bucket82402 key: gdir1/dir2/child
	at org.apache.hadoop.ozone.om.KeyManagerImpl.getOzoneFileStatus(KeyManagerImpl.java:1195) ~[ozone-manager-1.4.0-SNAPSHOT.jar:?]
	at org.apache.hadoop.ozone.om.KeyManagerImpl.getFileStatus(KeyManagerImpl.java:1113) ~[ozone-manager-1.4.0-SNAPSHOT.jar:?]
	at org.apache.hadoop.ozone.om.OmMetadataReader.getFileStatus(OmMetadataReader.java:262) ~[ozone-manager-1.4.0-SNAPSHOT.jar:?]
	at org.apache.hadoop.ozone.om.OzoneManager.getFileStatus(OzoneManager.java:3530) ~[ozone-manager-1.4.0-SNAPSHOT.jar:?]
	at org.apache.hadoop.ozone.protocolPB.OzoneManagerRequestHandler.getOzoneFileStatus(OzoneManagerRequestHandler.java:971) ~[ozone-manager-1.4.0-SNAPSHOT.jar:?]
	at org.apache.hadoop.ozone.protocolPB.OzoneManagerRequestHandler.handleReadRequest(OzoneManagerRequestHandler.java:250) ~[ozone-manager-1.4.0-SNAPSHOT.jar:?]
	at org.apache.hadoop.ozone.protocolPB.OzoneManagerProtocolServerSideTranslatorPB.submitRequestDirectlyToOM(OzoneManagerProtocolServerSideTranslatorPB.java:274) ~[ozone-manager-1.4.0-SNAPSHOT.jar:?]
	at org.apache.hadoop.ozone.protocolPB.OzoneManagerProtocolServerSideTranslatorPB.processRequest(OzoneManagerProtocolServerSideTranslatorPB.java:175) ~[ozone-manager-1.4.0-SNAPSHOT.jar:?]
	at org.apache.hadoop.hdds.server.OzoneProtocolMessageDispatcher.processRequest(OzoneProtocolMessageDispatcher.java:87) [hdds-server-framework-1.4.0-SNAPSHOT.jar:?]
	at org.apache.hadoop.ozone.protocolPB.OzoneManagerProtocolServerSideTranslatorPB.submitRequest(OzoneManagerProtocolServerSideTranslatorPB.java:148) [ozone-manager-1.4.0-SNAPSHOT.jar:?]
	at org.apache.hadoop.ozone.protocol.proto.OzoneManagerProtocolProtos$OzoneManagerService$2.callBlockingMethod(OzoneManagerProtocolProtos.java) [ozone-interface-client-1.4.0-SNAPSHOT.jar:?]
	at org.apache.hadoop.ipc.ProtobufRpcEngine$Server.processCall(ProtobufRpcEngine.java:484) [hadoop-common-3.3.6.jar:?]
	at org.apache.hadoop.ipc.ProtobufRpcEngine2$Server$ProtoBufRpcInvoker.call(ProtobufRpcEngine2.java:595) [hadoop-common-3.3.6.jar:?]
	at org.apache.hadoop.ipc.ProtobufRpcEngine2$Server$ProtoBufRpcInvoker.call(ProtobufRpcEngine2.java:573) [hadoop-common-3.3.6.jar:?]
	at org.apache.hadoop.ipc.RPC$Server.call(RPC.java:1227) [hadoop-common-3.3.6.jar:?]
	at org.apache.hadoop.ipc.Server$RpcCall.run(Server.java:1094) [hadoop-common-3.3.6.jar:?]
	at org.apache.hadoop.ipc.Server$RpcCall.run(Server.java:1017) [hadoop-common-3.3.6.jar:?]
	at java.security.AccessController.doPrivileged(Native Method) ~[?:1.8.0_382]
	at javax.security.auth.Subject.doAs(Subject.java:422) [?:1.8.0_382]
	at org.apache.hadoop.security.UserGroupInformation.doAs(UserGroupInformation.java:1899) [hadoop-common-3.3.6.jar:?]
	at org.apache.hadoop.ipc.Server$Handler.run(Server.java:3048) [hadoop-common-3.3.6.jar:?]
11:21:05.754 [IPC Server handler 17 on default port 15163] ERROR OMAudit - user=runner | ip=127.0.0.1 | op=GET_FILE_STATUS {volume=volume69610, bucket=bucket82402, key=gdir1/dir3, dataSize=0, replicationConfig=null} | ret=FAILURE
org.apache.hadoop.ozone.om.exceptions.OMException: Unable to get file status: volume: volume69610 bucket: bucket82402 key: gdir1/dir3
	at org.apache.hadoop.ozone.om.KeyManagerImpl.getOzoneFileStatus(KeyManagerImpl.java:1195) ~[ozone-manager-1.4.0-SNAPSHOT.jar:?]
	at org.apache.hadoop.ozone.om.KeyManagerImpl.getFileStatus(KeyManagerImpl.java:1113) ~[ozone-manager-1.4.0-SNAPSHOT.jar:?]
	at org.apache.hadoop.ozone.om.OmMetadataReader.getFileStatus(OmMetadataReader.java:262) ~[ozone-manager-1.4.0-SNAPSHOT.jar:?]
	at org.apache.hadoop.ozone.om.OzoneManager.getFileStatus(OzoneManager.java:3530) ~[ozone-manager-1.4.0-SNAPSHOT.jar:?]
	at org.apache.hadoop.ozone.protocolPB.OzoneManagerRequestHandler.getOzoneFileStatus(OzoneManagerRequestHandler.java:971) ~[ozone-manager-1.4.0-SNAPSHOT.jar:?]
	at org.apache.hadoop.ozone.protocolPB.OzoneManagerRequestHandler.handleReadRequest(OzoneManagerRequestHandler.java:250) ~[ozone-manager-1.4.0-SNAPSHOT.jar:?]
	at org.apache.hadoop.ozone.protocolPB.OzoneManagerProtocolServerSideTranslatorPB.submitRequestDirectlyToOM(OzoneManagerProtocolServerSideTranslatorPB.java:274) ~[ozone-manager-1.4.0-SNAPSHOT.jar:?]
	at org.apache.hadoop.ozone.protocolPB.OzoneManagerProtocolServerSideTranslatorPB.processRequest(OzoneManagerProtocolServerSideTranslatorPB.java:175) ~[ozone-manager-1.4.0-SNAPSHOT.jar:?]
	at org.apache.hadoop.hdds.server.OzoneProtocolMessageDispatcher.processRequest(OzoneProtocolMessageDispatcher.java:87) [hdds-server-framework-1.4.0-SNAPSHOT.jar:?]
	at org.apache.hadoop.ozone.protocolPB.OzoneManagerProtocolServerSideTranslatorPB.submitRequest(OzoneManagerProtocolServerSideTranslatorPB.java:148) [ozone-manager-1.4.0-SNAPSHOT.jar:?]
	at org.apache.hadoop.ozone.protocol.proto.OzoneManagerProtocolProtos$OzoneManagerService$2.callBlockingMethod(OzoneManagerProtocolProtos.java) [ozone-interface-client-1.4.0-SNAPSHOT.jar:?]
	at org.apache.hadoop.ipc.ProtobufRpcEngine$Server.processCall(ProtobufRpcEngine.java:484) [hadoop-common-3.3.6.jar:?]
	at org.apache.hadoop.ipc.ProtobufRpcEngine2$Server$ProtoBufRpcInvoker.call(ProtobufRpcEngine2.java:595) [hadoop-common-3.3.6.jar:?]
	at org.apache.hadoop.ipc.ProtobufRpcEngine2$Server$ProtoBufRpcInvoker.call(ProtobufRpcEngine2.java:573) [hadoop-common-3.3.6.jar:?]
	at org.apache.hadoop.ipc.RPC$Server.call(RPC.java:1227) [hadoop-common-3.3.6.jar:?]
	at org.apache.hadoop.ipc.Server$RpcCall.run(Server.java:1094) [hadoop-common-3.3.6.jar:?]
	at org.apache.hadoop.ipc.Server$RpcCall.run(Server.java:1017) [hadoop-common-3.3.6.jar:?]
	at java.security.AccessController.doPrivileged(Native Method) ~[?:1.8.0_382]
	at javax.security.auth.Subject.doAs(Subject.java:422) [?:1.8.0_382]
	at org.apache.hadoop.security.UserGroupInformation.doAs(UserGroupInformation.java:1899) [hadoop-common-3.3.6.jar:?]
	at org.apache.hadoop.ipc.Server$Handler.run(Server.java:3048) [hadoop-common-3.3.6.jar:?]
11:21:05.755 [IPC Server handler 19 on default port 15163] ERROR OMAudit - user=runner | ip=127.0.0.1 | op=GET_FILE_STATUS {volume=volume69610, bucket=bucket82402, key=gdir1/dir3/child, dataSize=0, replicationConfig=null} | ret=FAILURE
org.apache.hadoop.ozone.om.exceptions.OMException: Unable to get file status: volume: volume69610 bucket: bucket82402 key: gdir1/dir3/child
	at org.apache.hadoop.ozone.om.KeyManagerImpl.getOzoneFileStatus(KeyManagerImpl.java:1195) ~[ozone-manager-1.4.0-SNAPSHOT.jar:?]
	at org.apache.hadoop.ozone.om.KeyManagerImpl.getFileStatus(KeyManagerImpl.java:1113) ~[ozone-manager-1.4.0-SNAPSHOT.jar:?]
	at org.apache.hadoop.ozone.om.OmMetadataReader.getFileStatus(OmMetadataReader.java:262) ~[ozone-manager-1.4.0-SNAPSHOT.jar:?]
	at org.apache.hadoop.ozone.om.OzoneManager.getFileStatus(OzoneManager.java:3530) ~[ozone-manager-1.4.0-SNAPSHOT.jar:?]
	at org.apache.hadoop.ozone.protocolPB.OzoneManagerRequestHandler.getOzoneFileStatus(OzoneManagerRequestHandler.java:971) ~[ozone-manager-1.4.0-SNAPSHOT.jar:?]
	at org.apache.hadoop.ozone.protocolPB.OzoneManagerRequestHandler.handleReadRequest(OzoneManagerRequestHandler.java:250) ~[ozone-manager-1.4.0-SNAPSHOT.jar:?]
	at org.apache.hadoop.ozone.protocolPB.OzoneManagerProtocolServerSideTranslatorPB.submitRequestDirectlyToOM(OzoneManagerProtocolServerSideTranslatorPB.java:274) ~[ozone-manager-1.4.0-SNAPSHOT.jar:?]
	at org.apache.hadoop.ozone.protocolPB.OzoneManagerProtocolServerSideTranslatorPB.processRequest(OzoneManagerProtocolServerSideTranslatorPB.java:175) ~[ozone-manager-1.4.0-SNAPSHOT.jar:?]
	at org.apache.hadoop.hdds.server.OzoneProtocolMessageDispatcher.processRequest(OzoneProtocolMessageDispatcher.java:87) [hdds-server-framework-1.4.0-SNAPSHOT.jar:?]
	at org.apache.hadoop.ozone.protocolPB.OzoneManagerProtocolServerSideTranslatorPB.submitRequest(OzoneManagerProtocolServerSideTranslatorPB.java:148) [ozone-manager-1.4.0-SNAPSHOT.jar:?]
	at org.apache.hadoop.ozone.protocol.proto.OzoneManagerProtocolProtos$OzoneManagerService$2.callBlockingMethod(OzoneManagerProtocolProtos.java) [ozone-interface-client-1.4.0-SNAPSHOT.jar:?]
	at org.apache.hadoop.ipc.ProtobufRpcEngine$Server.processCall(ProtobufRpcEngine.java:484) [hadoop-common-3.3.6.jar:?]
	at org.apache.hadoop.ipc.ProtobufRpcEngine2$Server$ProtoBufRpcInvoker.call(ProtobufRpcEngine2.java:595) [hadoop-common-3.3.6.jar:?]
	at org.apache.hadoop.ipc.ProtobufRpcEngine2$Server$ProtoBufRpcInvoker.call(ProtobufRpcEngine2.java:573) [hadoop-common-3.3.6.jar:?]
	at org.apache.hadoop.ipc.RPC$Server.call(RPC.java:1227) [hadoop-common-3.3.6.jar:?]
	at org.apache.hadoop.ipc.Server$RpcCall.run(Server.java:1094) [hadoop-common-3.3.6.jar:?]
	at org.apache.hadoop.ipc.Server$RpcCall.run(Server.java:1017) [hadoop-common-3.3.6.jar:?]
	at java.security.AccessController.doPrivileged(Native Method) ~[?:1.8.0_382]
	at javax.security.auth.Subject.doAs(Subject.java:422) [?:1.8.0_382]
	at org.apache.hadoop.security.UserGroupInformation.doAs(UserGroupInformation.java:1899) [hadoop-common-3.3.6.jar:?]
	at org.apache.hadoop.ipc.Server$Handler.run(Server.java:3048) [hadoop-common-3.3.6.jar:?]
11:21:05.758 [IPC Server handler 16 on default port 15163] ERROR OMAudit - user=runner | ip=127.0.0.1 | op=GET_FILE_STATUS {volume=volume69610, bucket=bucket82402, key=gdir1/dir4, dataSize=0, replicationConfig=null} | ret=FAILURE
org.apache.hadoop.ozone.om.exceptions.OMException: Unable to get file status: volume: volume69610 bucket: bucket82402 key: gdir1/dir4
	at org.apache.hadoop.ozone.om.KeyManagerImpl.getOzoneFileStatus(KeyManagerImpl.java:1195) ~[ozone-manager-1.4.0-SNAPSHOT.jar:?]
	at org.apache.hadoop.ozone.om.KeyManagerImpl.getFileStatus(KeyManagerImpl.java:1113) ~[ozone-manager-1.4.0-SNAPSHOT.jar:?]
	at org.apache.hadoop.ozone.om.OmMetadataReader.getFileStatus(OmMetadataReader.java:262) ~[ozone-manager-1.4.0-SNAPSHOT.jar:?]
	at org.apache.hadoop.ozone.om.OzoneManager.getFileStatus(OzoneManager.java:3530) ~[ozone-manager-1.4.0-SNAPSHOT.jar:?]
	at org.apache.hadoop.ozone.protocolPB.OzoneManagerRequestHandler.getOzoneFileStatus(OzoneManagerRequestHandler.java:971) ~[ozone-manager-1.4.0-SNAPSHOT.jar:?]
	at org.apache.hadoop.ozone.protocolPB.OzoneManagerRequestHandler.handleReadRequest(OzoneManagerRequestHandler.java:250) ~[ozone-manager-1.4.0-SNAPSHOT.jar:?]
	at org.apache.hadoop.ozone.protocolPB.OzoneManagerProtocolServerSideTranslatorPB.submitRequestDirectlyToOM(OzoneManagerProtocolServerSideTranslatorPB.java:274) ~[ozone-manager-1.4.0-SNAPSHOT.jar:?]
	at org.apache.hadoop.ozone.protocolPB.OzoneManagerProtocolServerSideTranslatorPB.processRequest(OzoneManagerProtocolServerSideTranslatorPB.java:175) ~[ozone-manager-1.4.0-SNAPSHOT.jar:?]
	at org.apache.hadoop.hdds.server.OzoneProtocolMessageDispatcher.processRequest(OzoneProtocolMessageDispatcher.java:87) [hdds-server-framework-1.4.0-SNAPSHOT.jar:?]
	at org.apache.hadoop.ozone.protocolPB.OzoneManagerProtocolServerSideTranslatorPB.submitRequest(OzoneManagerProtocolServerSideTranslatorPB.java:148) [ozone-manager-1.4.0-SNAPSHOT.jar:?]
	at org.apache.hadoop.ozone.protocol.proto.OzoneManagerProtocolProtos$OzoneManagerService$2.callBlockingMethod(OzoneManagerProtocolProtos.java) [ozone-interface-client-1.4.0-SNAPSHOT.jar:?]
	at org.apache.hadoop.ipc.ProtobufRpcEngine$Server.processCall(ProtobufRpcEngine.java:484) [hadoop-common-3.3.6.jar:?]
	at org.apache.hadoop.ipc.ProtobufRpcEngine2$Server$ProtoBufRpcInvoker.call(ProtobufRpcEngine2.java:595) [hadoop-common-3.3.6.jar:?]
	at org.apache.hadoop.ipc.ProtobufRpcEngine2$Server$ProtoBufRpcInvoker.call(ProtobufRpcEngine2.java:573) [hadoop-common-3.3.6.jar:?]
	at org.apache.hadoop.ipc.RPC$Server.call(RPC.java:1227) [hadoop-common-3.3.6.jar:?]
	at org.apache.hadoop.ipc.Server$RpcCall.run(Server.java:1094) [hadoop-common-3.3.6.jar:?]
	at org.apache.hadoop.ipc.Server$RpcCall.run(Server.java:1017) [hadoop-common-3.3.6.jar:?]
	at java.security.AccessController.doPrivileged(Native Method) ~[?:1.8.0_382]
	at javax.security.auth.Subject.doAs(Subject.java:422) [?:1.8.0_382]
	at org.apache.hadoop.security.UserGroupInformation.doAs(UserGroupInformation.java:1899) [hadoop-common-3.3.6.jar:?]
	at org.apache.hadoop.ipc.Server$Handler.run(Server.java:3048) [hadoop-common-3.3.6.jar:?]
11:21:05.759 [IPC Server handler 18 on default port 15163] ERROR OMAudit - user=runner | ip=127.0.0.1 | op=GET_FILE_STATUS {volume=volume69610, bucket=bucket82402, key=gdir1/dir4/child, dataSize=0, replicationConfig=null} | ret=FAILURE
org.apache.hadoop.ozone.om.exceptions.OMException: Unable to get file status: volume: volume69610 bucket: bucket82402 key: gdir1/dir4/child
	at org.apache.hadoop.ozone.om.KeyManagerImpl.getOzoneFileStatus(KeyManagerImpl.java:1195) ~[ozone-manager-1.4.0-SNAPSHOT.jar:?]
	at org.apache.hadoop.ozone.om.KeyManagerImpl.getFileStatus(KeyManagerImpl.java:1113) ~[ozone-manager-1.4.0-SNAPSHOT.jar:?]
	at org.apache.hadoop.ozone.om.OmMetadataReader.getFileStatus(OmMetadataReader.java:262) ~[ozone-manager-1.4.0-SNAPSHOT.jar:?]
	at org.apache.hadoop.ozone.om.OzoneManager.getFileStatus(OzoneManager.java:3530) ~[ozone-manager-1.4.0-SNAPSHOT.jar:?]
	at org.apache.hadoop.ozone.protocolPB.OzoneManagerRequestHandler.getOzoneFileStatus(OzoneManagerRequestHandler.java:971) ~[ozone-manager-1.4.0-SNAPSHOT.jar:?]
	at org.apache.hadoop.ozone.protocolPB.OzoneManagerRequestHandler.handleReadRequest(OzoneManagerRequestHandler.java:250) ~[ozone-manager-1.4.0-SNAPSHOT.jar:?]
	at org.apache.hadoop.ozone.protocolPB.OzoneManagerProtocolServerSideTranslatorPB.submitRequestDirectlyToOM(OzoneManagerProtocolServerSideTranslatorPB.java:274) ~[ozone-manager-1.4.0-SNAPSHOT.jar:?]
	at org.apache.hadoop.ozone.protocolPB.OzoneManagerProtocolServerSideTranslatorPB.processRequest(OzoneManagerProtocolServerSideTranslatorPB.java:175) ~[ozone-manager-1.4.0-SNAPSHOT.jar:?]
	at org.apache.hadoop.hdds.server.OzoneProtocolMessageDispatcher.processRequest(OzoneProtocolMessageDispatcher.java:87) [hdds-server-framework-1.4.0-SNAPSHOT.jar:?]
	at org.apache.hadoop.ozone.protocolPB.OzoneManagerProtocolServerSideTranslatorPB.submitRequest(OzoneManagerProtocolServerSideTranslatorPB.java:148) [ozone-manager-1.4.0-SNAPSHOT.jar:?]
	at org.apache.hadoop.ozone.protocol.proto.OzoneManagerProtocolProtos$OzoneManagerService$2.callBlockingMethod(OzoneManagerProtocolProtos.java) [ozone-interface-client-1.4.0-SNAPSHOT.jar:?]
	at org.apache.hadoop.ipc.ProtobufRpcEngine$Server.processCall(ProtobufRpcEngine.java:484) [hadoop-common-3.3.6.jar:?]
	at org.apache.hadoop.ipc.ProtobufRpcEngine2$Server$ProtoBufRpcInvoker.call(ProtobufRpcEngine2.java:595) [hadoop-common-3.3.6.jar:?]
	at org.apache.hadoop.ipc.ProtobufRpcEngine2$Server$ProtoBufRpcInvoker.call(ProtobufRpcEngine2.java:573) [hadoop-common-3.3.6.jar:?]
	at org.apache.hadoop.ipc.RPC$Server.call(RPC.java:1227) [hadoop-common-3.3.6.jar:?]
	at org.apache.hadoop.ipc.Server$RpcCall.run(Server.java:1094) [hadoop-common-3.3.6.jar:?]
	at org.apache.hadoop.ipc.Server$RpcCall.run(Server.java:1017) [hadoop-common-3.3.6.jar:?]
	at java.security.AccessController.doPrivileged(Native Method) ~[?:1.8.0_382]
	at javax.security.auth.Subject.doAs(Subject.java:422) [?:1.8.0_382]
	at org.apache.hadoop.security.UserGroupInformation.doAs(UserGroupInformation.java:1899) [hadoop-common-3.3.6.jar:?]
	at org.apache.hadoop.ipc.Server$Handler.run(Server.java:3048) [hadoop-common-3.3.6.jar:?]
11:21:05.760 [IPC Server handler 14 on default port 15163] ERROR OMAudit - user=runner | ip=127.0.0.1 | op=GET_FILE_STATUS {volume=volume69610, bucket=bucket82402, key=gdir1/dir5, dataSize=0, replicationConfig=null} | ret=FAILURE
org.apache.hadoop.ozone.om.exceptions.OMException: Unable to get file status: volume: volume69610 bucket: bucket82402 key: gdir1/dir5
	at org.apache.hadoop.ozone.om.KeyManagerImpl.getOzoneFileStatus(KeyManagerImpl.java:1195) ~[ozone-manager-1.4.0-SNAPSHOT.jar:?]
	at org.apache.hadoop.ozone.om.KeyManagerImpl.getFileStatus(KeyManagerImpl.java:1113) ~[ozone-manager-1.4.0-SNAPSHOT.jar:?]
	at org.apache.hadoop.ozone.om.OmMetadataReader.getFileStatus(OmMetadataReader.java:262) ~[ozone-manager-1.4.0-SNAPSHOT.jar:?]
	at org.apache.hadoop.ozone.om.OzoneManager.getFileStatus(OzoneManager.java:3530) ~[ozone-manager-1.4.0-SNAPSHOT.jar:?]
	at org.apache.hadoop.ozone.protocolPB.OzoneManagerRequestHandler.getOzoneFileStatus(OzoneManagerRequestHandler.java:971) ~[ozone-manager-1.4.0-SNAPSHOT.jar:?]
	at org.apache.hadoop.ozone.protocolPB.OzoneManagerRequestHandler.handleReadRequest(OzoneManagerRequestHandler.java:250) ~[ozone-manager-1.4.0-SNAPSHOT.jar:?]
	at org.apache.hadoop.ozone.protocolPB.OzoneManagerProtocolServerSideTranslatorPB.submitRequestDirectlyToOM(OzoneManagerProtocolServerSideTranslatorPB.java:274) ~[ozone-manager-1.4.0-SNAPSHOT.jar:?]
	at org.apache.hadoop.ozone.protocolPB.OzoneManagerProtocolServerSideTranslatorPB.processRequest(OzoneManagerProtocolServerSideTranslatorPB.java:175) ~[ozone-manager-1.4.0-SNAPSHOT.jar:?]
	at org.apache.hadoop.hdds.server.OzoneProtocolMessageDispatcher.processRequest(OzoneProtocolMessageDispatcher.java:87) [hdds-server-framework-1.4.0-SNAPSHOT.jar:?]
	at org.apache.hadoop.ozone.protocolPB.OzoneManagerProtocolServerSideTranslatorPB.submitRequest(OzoneManagerProtocolServerSideTranslatorPB.java:148) [ozone-manager-1.4.0-SNAPSHOT.jar:?]
	at org.apache.hadoop.ozone.protocol.proto.OzoneManagerProtocolProtos$OzoneManagerService$2.callBlockingMethod(OzoneManagerProtocolProtos.java) [ozone-interface-client-1.4.0-SNAPSHOT.jar:?]
	at org.apache.hadoop.ipc.ProtobufRpcEngine$Server.processCall(ProtobufRpcEngine.java:484) [hadoop-common-3.3.6.jar:?]
	at org.apache.hadoop.ipc.ProtobufRpcEngine2$Server$ProtoBufRpcInvoker.call(ProtobufRpcEngine2.java:595) [hadoop-common-3.3.6.jar:?]
	at org.apache.hadoop.ipc.ProtobufRpcEngine2$Server$ProtoBufRpcInvoker.call(ProtobufRpcEngine2.java:573) [hadoop-common-3.3.6.jar:?]
	at org.apache.hadoop.ipc.RPC$Server.call(RPC.java:1227) [hadoop-common-3.3.6.jar:?]
	at org.apache.hadoop.ipc.Server$RpcCall.run(Server.java:1094) [hadoop-common-3.3.6.jar:?]
	at org.apache.hadoop.ipc.Server$RpcCall.run(Server.java:1017) [hadoop-common-3.3.6.jar:?]
	at java.security.AccessController.doPrivileged(Native Method) ~[?:1.8.0_382]
	at javax.security.auth.Subject.doAs(Subject.java:422) [?:1.8.0_382]
	at org.apache.hadoop.security.UserGroupInformation.doAs(UserGroupInformation.java:1899) [hadoop-common-3.3.6.jar:?]
	at org.apache.hadoop.ipc.Server$Handler.run(Server.java:3048) [hadoop-common-3.3.6.jar:?]
11:21:05.761 [IPC Server handler 13 on default port 15163] ERROR OMAudit - user=runner | ip=127.0.0.1 | op=GET_FILE_STATUS {volume=volume69610, bucket=bucket82402, key=gdir1/dir5/child, dataSize=0, replicationConfig=null} | ret=FAILURE
org.apache.hadoop.ozone.om.exceptions.OMException: Unable to get file status: volume: volume69610 bucket: bucket82402 key: gdir1/dir5/child
	at org.apache.hadoop.ozone.om.KeyManagerImpl.getOzoneFileStatus(KeyManagerImpl.java:1195) ~[ozone-manager-1.4.0-SNAPSHOT.jar:?]
	at org.apache.hadoop.ozone.om.KeyManagerImpl.getFileStatus(KeyManagerImpl.java:1113) ~[ozone-manager-1.4.0-SNAPSHOT.jar:?]
	at org.apache.hadoop.ozone.om.OmMetadataReader.getFileStatus(OmMetadataReader.java:262) ~[ozone-manager-1.4.0-SNAPSHOT.jar:?]
	at org.apache.hadoop.ozone.om.OzoneManager.getFileStatus(OzoneManager.java:3530) ~[ozone-manager-1.4.0-SNAPSHOT.jar:?]
	at org.apache.hadoop.ozone.protocolPB.OzoneManagerRequestHandler.getOzoneFileStatus(OzoneManagerRequestHandler.java:971) ~[ozone-manager-1.4.0-SNAPSHOT.jar:?]
	at org.apache.hadoop.ozone.protocolPB.OzoneManagerRequestHandler.handleReadRequest(OzoneManagerRequestHandler.java:250) ~[ozone-manager-1.4.0-SNAPSHOT.jar:?]
	at org.apache.hadoop.ozone.protocolPB.OzoneManagerProtocolServerSideTranslatorPB.submitRequestDirectlyToOM(OzoneManagerProtocolServerSideTranslatorPB.java:274) ~[ozone-manager-1.4.0-SNAPSHOT.jar:?]
	at org.apache.hadoop.ozone.protocolPB.OzoneManagerProtocolServerSideTranslatorPB.processRequest(OzoneManagerProtocolServerSideTranslatorPB.java:175) ~[ozone-manager-1.4.0-SNAPSHOT.jar:?]
	at org.apache.hadoop.hdds.server.OzoneProtocolMessageDispatcher.processRequest(OzoneProtocolMessageDispatcher.java:87) [hdds-server-framework-1.4.0-SNAPSHOT.jar:?]
	at org.apache.hadoop.ozone.protocolPB.OzoneManagerProtocolServerSideTranslatorPB.submitRequest(OzoneManagerProtocolServerSideTranslatorPB.java:148) [ozone-manager-1.4.0-SNAPSHOT.jar:?]
	at org.apache.hadoop.ozone.protocol.proto.OzoneManagerProtocolProtos$OzoneManagerService$2.callBlockingMethod(OzoneManagerProtocolProtos.java) [ozone-interface-client-1.4.0-SNAPSHOT.jar:?]
	at org.apache.hadoop.ipc.ProtobufRpcEngine$Server.processCall(ProtobufRpcEngine.java:484) [hadoop-common-3.3.6.jar:?]
	at org.apache.hadoop.ipc.ProtobufRpcEngine2$Server$ProtoBufRpcInvoker.call(ProtobufRpcEngine2.java:595) [hadoop-common-3.3.6.jar:?]
	at org.apache.hadoop.ipc.ProtobufRpcEngine2$Server$ProtoBufRpcInvoker.call(ProtobufRpcEngine2.java:573) [hadoop-common-3.3.6.jar:?]
	at org.apache.hadoop.ipc.RPC$Server.call(RPC.java:1227) [hadoop-common-3.3.6.jar:?]
	at org.apache.hadoop.ipc.Server$RpcCall.run(Server.java:1094) [hadoop-common-3.3.6.jar:?]
	at org.apache.hadoop.ipc.Server$RpcCall.run(Server.java:1017) [hadoop-common-3.3.6.jar:?]
	at java.security.AccessController.doPrivileged(Native Method) ~[?:1.8.0_382]
	at javax.security.auth.Subject.doAs(Subject.java:422) [?:1.8.0_382]
	at org.apache.hadoop.security.UserGroupInformation.doAs(UserGroupInformation.java:1899) [hadoop-common-3.3.6.jar:?]
	at org.apache.hadoop.ipc.Server$Handler.run(Server.java:3048) [hadoop-common-3.3.6.jar:?]
11:21:05.762 [IPC Server handler 11 on default port 15163] ERROR OMAudit - user=runner | ip=127.0.0.1 | op=GET_FILE_STATUS {volume=volume69610, bucket=bucket82402, key=gdir1/dir6, dataSize=0, replicationConfig=null} | ret=FAILURE
org.apache.hadoop.ozone.om.exceptions.OMException: Unable to get file status: volume: volume69610 bucket: bucket82402 key: gdir1/dir6
	at org.apache.hadoop.ozone.om.KeyManagerImpl.getOzoneFileStatus(KeyManagerImpl.java:1195) ~[ozone-manager-1.4.0-SNAPSHOT.jar:?]
	at org.apache.hadoop.ozone.om.KeyManagerImpl.getFileStatus(KeyManagerImpl.java:1113) ~[ozone-manager-1.4.0-SNAPSHOT.jar:?]
	at org.apache.hadoop.ozone.om.OmMetadataReader.getFileStatus(OmMetadataReader.java:262) ~[ozone-manager-1.4.0-SNAPSHOT.jar:?]
	at org.apache.hadoop.ozone.om.OzoneManager.getFileStatus(OzoneManager.java:3530) ~[ozone-manager-1.4.0-SNAPSHOT.jar:?]
	at org.apache.hadoop.ozone.protocolPB.OzoneManagerRequestHandler.getOzoneFileStatus(OzoneManagerRequestHandler.java:971) ~[ozone-manager-1.4.0-SNAPSHOT.jar:?]
	at org.apache.hadoop.ozone.protocolPB.OzoneManagerRequestHandler.handleReadRequest(OzoneManagerRequestHandler.java:250) ~[ozone-manager-1.4.0-SNAPSHOT.jar:?]
	at org.apache.hadoop.ozone.protocolPB.OzoneManagerProtocolServerSideTranslatorPB.submitRequestDirectlyToOM(OzoneManagerProtocolServerSideTranslatorPB.java:274) ~[ozone-manager-1.4.0-SNAPSHOT.jar:?]
	at org.apache.hadoop.ozone.protocolPB.OzoneManagerProtocolServerSideTranslatorPB.processRequest(OzoneManagerProtocolServerSideTranslatorPB.java:175) ~[ozone-manager-1.4.0-SNAPSHOT.jar:?]
	at org.apache.hadoop.hdds.server.OzoneProtocolMessageDispatcher.processRequest(OzoneProtocolMessageDispatcher.java:87) [hdds-server-framework-1.4.0-SNAPSHOT.jar:?]
	at org.apache.hadoop.ozone.protocolPB.OzoneManagerProtocolServerSideTranslatorPB.submitRequest(OzoneManagerProtocolServerSideTranslatorPB.java:148) [ozone-manager-1.4.0-SNAPSHOT.jar:?]
	at org.apache.hadoop.ozone.protocol.proto.OzoneManagerProtocolProtos$OzoneManagerService$2.callBlockingMethod(OzoneManagerProtocolProtos.java) [ozone-interface-client-1.4.0-SNAPSHOT.jar:?]
	at org.apache.hadoop.ipc.ProtobufRpcEngine$Server.processCall(ProtobufRpcEngine.java:484) [hadoop-common-3.3.6.jar:?]
	at org.apache.hadoop.ipc.ProtobufRpcEngine2$Server$ProtoBufRpcInvoker.call(ProtobufRpcEngine2.java:595) [hadoop-common-3.3.6.jar:?]
	at org.apache.hadoop.ipc.ProtobufRpcEngine2$Server$ProtoBufRpcInvoker.call(ProtobufRpcEngine2.java:573) [hadoop-common-3.3.6.jar:?]
	at org.apache.hadoop.ipc.RPC$Server.call(RPC.java:1227) [hadoop-common-3.3.6.jar:?]
	at org.apache.hadoop.ipc.Server$RpcCall.run(Server.java:1094) [hadoop-common-3.3.6.jar:?]
	at org.apache.hadoop.ipc.Server$RpcCall.run(Server.java:1017) [hadoop-common-3.3.6.jar:?]
	at java.security.AccessController.doPrivileged(Native Method) ~[?:1.8.0_382]
	at javax.security.auth.Subject.doAs(Subject.java:422) [?:1.8.0_382]
	at org.apache.hadoop.security.UserGroupInformation.doAs(UserGroupInformation.java:1899) [hadoop-common-3.3.6.jar:?]
	at org.apache.hadoop.ipc.Server$Handler.run(Server.java:3048) [hadoop-common-3.3.6.jar:?]
11:21:05.763 [IPC Server handler 9 on default port 15163] ERROR OMAudit - user=runner | ip=127.0.0.1 | op=GET_FILE_STATUS {volume=volume69610, bucket=bucket82402, key=gdir1/dir6/child, dataSize=0, replicationConfig=null} | ret=FAILURE
org.apache.hadoop.ozone.om.exceptions.OMException: Unable to get file status: volume: volume69610 bucket: bucket82402 key: gdir1/dir6/child
	at org.apache.hadoop.ozone.om.KeyManagerImpl.getOzoneFileStatus(KeyManagerImpl.java:1195) ~[ozone-manager-1.4.0-SNAPSHOT.jar:?]
	at org.apache.hadoop.ozone.om.KeyManagerImpl.getFileStatus(KeyManagerImpl.java:1113) ~[ozone-manager-1.4.0-SNAPSHOT.jar:?]
	at org.apache.hadoop.ozone.om.OmMetadataReader.getFileStatus(OmMetadataReader.java:262) ~[ozone-manager-1.4.0-SNAPSHOT.jar:?]
	at org.apache.hadoop.ozone.om.OzoneManager.getFileStatus(OzoneManager.java:3530) ~[ozone-manager-1.4.0-SNAPSHOT.jar:?]
	at org.apache.hadoop.ozone.protocolPB.OzoneManagerRequestHandler.getOzoneFileStatus(OzoneManagerRequestHandler.java:971) ~[ozone-manager-1.4.0-SNAPSHOT.jar:?]
	at org.apache.hadoop.ozone.protocolPB.OzoneManagerRequestHandler.handleReadRequest(OzoneManagerRequestHandler.java:250) ~[ozone-manager-1.4.0-SNAPSHOT.jar:?]
	at org.apache.hadoop.ozone.protocolPB.OzoneManagerProtocolServerSideTranslatorPB.submitRequestDirectlyToOM(OzoneManagerProtocolServerSideTranslatorPB.java:274) ~[ozone-manager-1.4.0-SNAPSHOT.jar:?]
	at org.apache.hadoop.ozone.protocolPB.OzoneManagerProtocolServerSideTranslatorPB.processRequest(OzoneManagerProtocolServerSideTranslatorPB.java:175) ~[ozone-manager-1.4.0-SNAPSHOT.jar:?]
	at org.apache.hadoop.hdds.server.OzoneProtocolMessageDispatcher.processRequest(OzoneProtocolMessageDispatcher.java:87) [hdds-server-framework-1.4.0-SNAPSHOT.jar:?]
	at org.apache.hadoop.ozone.protocolPB.OzoneManagerProtocolServerSideTranslatorPB.submitRequest(OzoneManagerProtocolServerSideTranslatorPB.java:148) [ozone-manager-1.4.0-SNAPSHOT.jar:?]
	at org.apache.hadoop.ozone.protocol.proto.OzoneManagerProtocolProtos$OzoneManagerService$2.callBlockingMethod(OzoneManagerProtocolProtos.java) [ozone-interface-client-1.4.0-SNAPSHOT.jar:?]
	at org.apache.hadoop.ipc.ProtobufRpcEngine$Server.processCall(ProtobufRpcEngine.java:484) [hadoop-common-3.3.6.jar:?]
	at org.apache.hadoop.ipc.ProtobufRpcEngine2$Server$ProtoBufRpcInvoker.call(ProtobufRpcEngine2.java:595) [hadoop-common-3.3.6.jar:?]
	at org.apache.hadoop.ipc.ProtobufRpcEngine2$Server$ProtoBufRpcInvoker.call(ProtobufRpcEngine2.java:573) [hadoop-common-3.3.6.jar:?]
	at org.apache.hadoop.ipc.RPC$Server.call(RPC.java:1227) [hadoop-common-3.3.6.jar:?]
	at org.apache.hadoop.ipc.Server$RpcCall.run(Server.java:1094) [hadoop-common-3.3.6.jar:?]
	at org.apache.hadoop.ipc.Server$RpcCall.run(Server.java:1017) [hadoop-common-3.3.6.jar:?]
	at java.security.AccessController.doPrivileged(Native Method) ~[?:1.8.0_382]
	at javax.security.auth.Subject.doAs(Subject.java:422) [?:1.8.0_382]
	at org.apache.hadoop.security.UserGroupInformation.doAs(UserGroupInformation.java:1899) [hadoop-common-3.3.6.jar:?]
	at org.apache.hadoop.ipc.Server$Handler.run(Server.java:3048) [hadoop-common-3.3.6.jar:?]
11:21:05.764 [IPC Server handler 8 on default port 15163] ERROR OMAudit - user=runner | ip=127.0.0.1 | op=GET_FILE_STATUS {volume=volume69610, bucket=bucket82402, key=gdir1/dir7, dataSize=0, replicationConfig=null} | ret=FAILURE
org.apache.hadoop.ozone.om.exceptions.OMException: Unable to get file status: volume: volume69610 bucket: bucket82402 key: gdir1/dir7
	at org.apache.hadoop.ozone.om.KeyManagerImpl.getOzoneFileStatus(KeyManagerImpl.java:1195) ~[ozone-manager-1.4.0-SNAPSHOT.jar:?]
	at org.apache.hadoop.ozone.om.KeyManagerImpl.getFileStatus(KeyManagerImpl.java:1113) ~[ozone-manager-1.4.0-SNAPSHOT.jar:?]
	at org.apache.hadoop.ozone.om.OmMetadataReader.getFileStatus(OmMetadataReader.java:262) ~[ozone-manager-1.4.0-SNAPSHOT.jar:?]
	at org.apache.hadoop.ozone.om.OzoneManager.getFileStatus(OzoneManager.java:3530) ~[ozone-manager-1.4.0-SNAPSHOT.jar:?]
	at org.apache.hadoop.ozone.protocolPB.OzoneManagerRequestHandler.getOzoneFileStatus(OzoneManagerRequestHandler.java:971) ~[ozone-manager-1.4.0-SNAPSHOT.jar:?]
	at org.apache.hadoop.ozone.protocolPB.OzoneManagerRequestHandler.handleReadRequest(OzoneManagerRequestHandler.java:250) ~[ozone-manager-1.4.0-SNAPSHOT.jar:?]
	at org.apache.hadoop.ozone.protocolPB.OzoneManagerProtocolServerSideTranslatorPB.submitRequestDirectlyToOM(OzoneManagerProtocolServerSideTranslatorPB.java:274) ~[ozone-manager-1.4.0-SNAPSHOT.jar:?]
	at org.apache.hadoop.ozone.protocolPB.OzoneManagerProtocolServerSideTranslatorPB.processRequest(OzoneManagerProtocolServerSideTranslatorPB.java:175) ~[ozone-manager-1.4.0-SNAPSHOT.jar:?]
	at org.apache.hadoop.hdds.server.OzoneProtocolMessageDispatcher.processRequest(OzoneProtocolMessageDispatcher.java:87) [hdds-server-framework-1.4.0-SNAPSHOT.jar:?]
	at org.apache.hadoop.ozone.protocolPB.OzoneManagerProtocolServerSideTranslatorPB.submitRequest(OzoneManagerProtocolServerSideTranslatorPB.java:148) [ozone-manager-1.4.0-SNAPSHOT.jar:?]
	at org.apache.hadoop.ozone.protocol.proto.OzoneManagerProtocolProtos$OzoneManagerService$2.callBlockingMethod(OzoneManagerProtocolProtos.java) [ozone-interface-client-1.4.0-SNAPSHOT.jar:?]
	at org.apache.hadoop.ipc.ProtobufRpcEngine$Server.processCall(ProtobufRpcEngine.java:484) [hadoop-common-3.3.6.jar:?]
	at org.apache.hadoop.ipc.ProtobufRpcEngine2$Server$ProtoBufRpcInvoker.call(ProtobufRpcEngine2.java:595) [hadoop-common-3.3.6.jar:?]
	at org.apache.hadoop.ipc.ProtobufRpcEngine2$Server$ProtoBufRpcInvoker.call(ProtobufRpcEngine2.java:573) [hadoop-common-3.3.6.jar:?]
	at org.apache.hadoop.ipc.RPC$Server.call(RPC.java:1227) [hadoop-common-3.3.6.jar:?]
	at org.apache.hadoop.ipc.Server$RpcCall.run(Server.java:1094) [hadoop-common-3.3.6.jar:?]
	at org.apache.hadoop.ipc.Server$RpcCall.run(Server.java:1017) [hadoop-common-3.3.6.jar:?]
	at java.security.AccessController.doPrivileged(Native Method) ~[?:1.8.0_382]
	at javax.security.auth.Subject.doAs(Subject.java:422) [?:1.8.0_382]
	at org.apache.hadoop.security.UserGroupInformation.doAs(UserGroupInformation.java:1899) [hadoop-common-3.3.6.jar:?]
	at org.apache.hadoop.ipc.Server$Handler.run(Server.java:3048) [hadoop-common-3.3.6.jar:?]
11:21:05.767 [IPC Server handler 5 on default port 15163] ERROR OMAudit - user=runner | ip=127.0.0.1 | op=GET_FILE_STATUS {volume=volume69610, bucket=bucket82402, key=gdir1/dir7/child, dataSize=0, replicationConfig=null} | ret=FAILURE
org.apache.hadoop.ozone.om.exceptions.OMException: Unable to get file status: volume: volume69610 bucket: bucket82402 key: gdir1/dir7/child
	at org.apache.hadoop.ozone.om.KeyManagerImpl.getOzoneFileStatus(KeyManagerImpl.java:1195) ~[ozone-manager-1.4.0-SNAPSHOT.jar:?]
	at org.apache.hadoop.ozone.om.KeyManagerImpl.getFileStatus(KeyManagerImpl.java:1113) ~[ozone-manager-1.4.0-SNAPSHOT.jar:?]
	at org.apache.hadoop.ozone.om.OmMetadataReader.getFileStatus(OmMetadataReader.java:262) ~[ozone-manager-1.4.0-SNAPSHOT.jar:?]
	at org.apache.hadoop.ozone.om.OzoneManager.getFileStatus(OzoneManager.java:3530) ~[ozone-manager-1.4.0-SNAPSHOT.jar:?]
	at org.apache.hadoop.ozone.protocolPB.OzoneManagerRequestHandler.getOzoneFileStatus(OzoneManagerRequestHandler.java:971) ~[ozone-manager-1.4.0-SNAPSHOT.jar:?]
	at org.apache.hadoop.ozone.protocolPB.OzoneManagerRequestHandler.handleReadRequest(OzoneManagerRequestHandler.java:250) ~[ozone-manager-1.4.0-SNAPSHOT.jar:?]
	at org.apache.hadoop.ozone.protocolPB.OzoneManagerProtocolServerSideTranslatorPB.submitRequestDirectlyToOM(OzoneManagerProtocolServerSideTranslatorPB.java:274) ~[ozone-manager-1.4.0-SNAPSHOT.jar:?]
	at org.apache.hadoop.ozone.protocolPB.OzoneManagerProtocolServerSideTranslatorPB.processRequest(OzoneManagerProtocolServerSideTranslatorPB.java:175) ~[ozone-manager-1.4.0-SNAPSHOT.jar:?]
	at org.apache.hadoop.hdds.server.OzoneProtocolMessageDispatcher.processRequest(OzoneProtocolMessageDispatcher.java:87) [hdds-server-framework-1.4.0-SNAPSHOT.jar:?]
	at org.apache.hadoop.ozone.protocolPB.OzoneManagerProtocolServerSideTranslatorPB.submitRequest(OzoneManagerProtocolServerSideTranslatorPB.java:148) [ozone-manager-1.4.0-SNAPSHOT.jar:?]
	at org.apache.hadoop.ozone.protocol.proto.OzoneManagerProtocolProtos$OzoneManagerService$2.callBlockingMethod(OzoneManagerProtocolProtos.java) [ozone-interface-client-1.4.0-SNAPSHOT.jar:?]
	at org.apache.hadoop.ipc.ProtobufRpcEngine$Server.processCall(ProtobufRpcEngine.java:484) [hadoop-common-3.3.6.jar:?]
	at org.apache.hadoop.ipc.ProtobufRpcEngine2$Server$ProtoBufRpcInvoker.call(ProtobufRpcEngine2.java:595) [hadoop-common-3.3.6.jar:?]
	at org.apache.hadoop.ipc.ProtobufRpcEngine2$Server$ProtoBufRpcInvoker.call(ProtobufRpcEngine2.java:573) [hadoop-common-3.3.6.jar:?]
	at org.apache.hadoop.ipc.RPC$Server.call(RPC.java:1227) [hadoop-common-3.3.6.jar:?]
	at org.apache.hadoop.ipc.Server$RpcCall.run(Server.java:1094) [hadoop-common-3.3.6.jar:?]
	at org.apache.hadoop.ipc.Server$RpcCall.run(Server.java:1017) [hadoop-common-3.3.6.jar:?]
	at java.security.AccessController.doPrivileged(Native Method) ~[?:1.8.0_382]
	at javax.security.auth.Subject.doAs(Subject.java:422) [?:1.8.0_382]
	at org.apache.hadoop.security.UserGroupInformation.doAs(UserGroupInformation.java:1899) [hadoop-common-3.3.6.jar:?]
	at org.apache.hadoop.ipc.Server$Handler.run(Server.java:3048) [hadoop-common-3.3.6.jar:?]
11:21:05.768 [IPC Server handler 7 on default port 15163] ERROR OMAudit - user=runner | ip=127.0.0.1 | op=GET_FILE_STATUS {volume=volume69610, bucket=bucket82402, key=gdir1/dir8, dataSize=0, replicationConfig=null} | ret=FAILURE
org.apache.hadoop.ozone.om.exceptions.OMException: Unable to get file status: volume: volume69610 bucket: bucket82402 key: gdir1/dir8
	at org.apache.hadoop.ozone.om.KeyManagerImpl.getOzoneFileStatus(KeyManagerImpl.java:1195) ~[ozone-manager-1.4.0-SNAPSHOT.jar:?]
	at org.apache.hadoop.ozone.om.KeyManagerImpl.getFileStatus(KeyManagerImpl.java:1113) ~[ozone-manager-1.4.0-SNAPSHOT.jar:?]
	at org.apache.hadoop.ozone.om.OmMetadataReader.getFileStatus(OmMetadataReader.java:262) ~[ozone-manager-1.4.0-SNAPSHOT.jar:?]
	at org.apache.hadoop.ozone.om.OzoneManager.getFileStatus(OzoneManager.java:3530) ~[ozone-manager-1.4.0-SNAPSHOT.jar:?]
	at org.apache.hadoop.ozone.protocolPB.OzoneManagerRequestHandler.getOzoneFileStatus(OzoneManagerRequestHandler.java:971) ~[ozone-manager-1.4.0-SNAPSHOT.jar:?]
	at org.apache.hadoop.ozone.protocolPB.OzoneManagerRequestHandler.handleReadRequest(OzoneManagerRequestHandler.java:250) ~[ozone-manager-1.4.0-SNAPSHOT.jar:?]
	at org.apache.hadoop.ozone.protocolPB.OzoneManagerProtocolServerSideTranslatorPB.submitRequestDirectlyToOM(OzoneManagerProtocolServerSideTranslatorPB.java:274) ~[ozone-manager-1.4.0-SNAPSHOT.jar:?]
	at org.apache.hadoop.ozone.protocolPB.OzoneManagerProtocolServerSideTranslatorPB.processRequest(OzoneManagerProtocolServerSideTranslatorPB.java:175) ~[ozone-manager-1.4.0-SNAPSHOT.jar:?]
	at org.apache.hadoop.hdds.server.OzoneProtocolMessageDispatcher.processRequest(OzoneProtocolMessageDispatcher.java:87) [hdds-server-framework-1.4.0-SNAPSHOT.jar:?]
	at org.apache.hadoop.ozone.protocolPB.OzoneManagerProtocolServerSideTranslatorPB.submitRequest(OzoneManagerProtocolServerSideTranslatorPB.java:148) [ozone-manager-1.4.0-SNAPSHOT.jar:?]
	at org.apache.hadoop.ozone.protocol.proto.OzoneManagerProtocolProtos$OzoneManagerService$2.callBlockingMethod(OzoneManagerProtocolProtos.java) [ozone-interface-client-1.4.0-SNAPSHOT.jar:?]
	at org.apache.hadoop.ipc.ProtobufRpcEngine$Server.processCall(ProtobufRpcEngine.java:484) [hadoop-common-3.3.6.jar:?]
	at org.apache.hadoop.ipc.ProtobufRpcEngine2$Server$ProtoBufRpcInvoker.call(ProtobufRpcEngine2.java:595) [hadoop-common-3.3.6.jar:?]
	at org.apache.hadoop.ipc.ProtobufRpcEngine2$Server$ProtoBufRpcInvoker.call(ProtobufRpcEngine2.java:573) [hadoop-common-3.3.6.jar:?]
	at org.apache.hadoop.ipc.RPC$Server.call(RPC.java:1227) [hadoop-common-3.3.6.jar:?]
	at org.apache.hadoop.ipc.Server$RpcCall.run(Server.java:1094) [hadoop-common-3.3.6.jar:?]
	at org.apache.hadoop.ipc.Server$RpcCall.run(Server.java:1017) [hadoop-common-3.3.6.jar:?]
	at java.security.AccessController.doPrivileged(Native Method) ~[?:1.8.0_382]
	at javax.security.auth.Subject.doAs(Subject.java:422) [?:1.8.0_382]
	at org.apache.hadoop.security.UserGroupInformation.doAs(UserGroupInformation.java:1899) [hadoop-common-3.3.6.jar:?]
	at org.apache.hadoop.ipc.Server$Handler.run(Server.java:3048) [hadoop-common-3.3.6.jar:?]
11:21:05.771 [IPC Server handler 12 on default port 15163] ERROR OMAudit - user=runner | ip=127.0.0.1 | op=GET_FILE_STATUS {volume=volume69610, bucket=bucket82402, key=gdir1/dir8/child, dataSize=0, replicationConfig=null} | ret=FAILURE
org.apache.hadoop.ozone.om.exceptions.OMException: Unable to get file status: volume: volume69610 bucket: bucket82402 key: gdir1/dir8/child
	at org.apache.hadoop.ozone.om.KeyManagerImpl.getOzoneFileStatus(KeyManagerImpl.java:1195) ~[ozone-manager-1.4.0-SNAPSHOT.jar:?]
	at org.apache.hadoop.ozone.om.KeyManagerImpl.getFileStatus(KeyManagerImpl.java:1113) ~[ozone-manager-1.4.0-SNAPSHOT.jar:?]
	at org.apache.hadoop.ozone.om.OmMetadataReader.getFileStatus(OmMetadataReader.java:262) ~[ozone-manager-1.4.0-SNAPSHOT.jar:?]
	at org.apache.hadoop.ozone.om.OzoneManager.getFileStatus(OzoneManager.java:3530) ~[ozone-manager-1.4.0-SNAPSHOT.jar:?]
	at org.apache.hadoop.ozone.protocolPB.OzoneManagerRequestHandler.getOzoneFileStatus(OzoneManagerRequestHandler.java:971) ~[ozone-manager-1.4.0-SNAPSHOT.jar:?]
	at org.apache.hadoop.ozone.protocolPB.OzoneManagerRequestHandler.handleReadRequest(OzoneManagerRequestHandler.java:250) ~[ozone-manager-1.4.0-SNAPSHOT.jar:?]
	at org.apache.hadoop.ozone.protocolPB.OzoneManagerProtocolServerSideTranslatorPB.submitRequestDirectlyToOM(OzoneManagerProtocolServerSideTranslatorPB.java:274) ~[ozone-manager-1.4.0-SNAPSHOT.jar:?]
	at org.apache.hadoop.ozone.protocolPB.OzoneManagerProtocolServerSideTranslatorPB.processRequest(OzoneManagerProtocolServerSideTranslatorPB.java:175) ~[ozone-manager-1.4.0-SNAPSHOT.jar:?]
	at org.apache.hadoop.hdds.server.OzoneProtocolMessageDispatcher.processRequest(OzoneProtocolMessageDispatcher.java:87) [hdds-server-framework-1.4.0-SNAPSHOT.jar:?]
	at org.apache.hadoop.ozone.protocolPB.OzoneManagerProtocolServerSideTranslatorPB.submitRequest(OzoneManagerProtocolServerSideTranslatorPB.java:148) [ozone-manager-1.4.0-SNAPSHOT.jar:?]
	at org.apache.hadoop.ozone.protocol.proto.OzoneManagerProtocolProtos$OzoneManagerService$2.callBlockingMethod(OzoneManagerProtocolProtos.java) [ozone-interface-client-1.4.0-SNAPSHOT.jar:?]
	at org.apache.hadoop.ipc.ProtobufRpcEngine$Server.processCall(ProtobufRpcEngine.java:484) [hadoop-common-3.3.6.jar:?]
	at org.apache.hadoop.ipc.ProtobufRpcEngine2$Server$ProtoBufRpcInvoker.call(ProtobufRpcEngine2.java:595) [hadoop-common-3.3.6.jar:?]
	at org.apache.hadoop.ipc.ProtobufRpcEngine2$Server$ProtoBufRpcInvoker.call(ProtobufRpcEngine2.java:573) [hadoop-common-3.3.6.jar:?]
	at org.apache.hadoop.ipc.RPC$Server.call(RPC.java:1227) [hadoop-common-3.3.6.jar:?]
	at org.apache.hadoop.ipc.Server$RpcCall.run(Server.java:1094) [hadoop-common-3.3.6.jar:?]
	at org.apache.hadoop.ipc.Server$RpcCall.run(Server.java:1017) [hadoop-common-3.3.6.jar:?]
	at java.security.AccessController.doPrivileged(Native Method) ~[?:1.8.0_382]
	at javax.security.auth.Subject.doAs(Subject.java:422) [?:1.8.0_382]
	at org.apache.hadoop.security.UserGroupInformation.doAs(UserGroupInformation.java:1899) [hadoop-common-3.3.6.jar:?]
	at org.apache.hadoop.ipc.Server$Handler.run(Server.java:3048) [hadoop-common-3.3.6.jar:?]
11:21:05.772 [IPC Server handler 15 on default port 15163] ERROR OMAudit - user=runner | ip=127.0.0.1 | op=GET_FILE_STATUS {volume=volume69610, bucket=bucket82402, key=gdir1/dir9, dataSize=0, replicationConfig=null} | ret=FAILURE
org.apache.hadoop.ozone.om.exceptions.OMException: Unable to get file status: volume: volume69610 bucket: bucket82402 key: gdir1/dir9
	at org.apache.hadoop.ozone.om.KeyManagerImpl.getOzoneFileStatus(KeyManagerImpl.java:1195) ~[ozone-manager-1.4.0-SNAPSHOT.jar:?]
	at org.apache.hadoop.ozone.om.KeyManagerImpl.getFileStatus(KeyManagerImpl.java:1113) ~[ozone-manager-1.4.0-SNAPSHOT.jar:?]
	at org.apache.hadoop.ozone.om.OmMetadataReader.getFileStatus(OmMetadataReader.java:262) ~[ozone-manager-1.4.0-SNAPSHOT.jar:?]
	at org.apache.hadoop.ozone.om.OzoneManager.getFileStatus(OzoneManager.java:3530) ~[ozone-manager-1.4.0-SNAPSHOT.jar:?]
	at org.apache.hadoop.ozone.protocolPB.OzoneManagerRequestHandler.getOzoneFileStatus(OzoneManagerRequestHandler.java:971) ~[ozone-manager-1.4.0-SNAPSHOT.jar:?]
	at org.apache.hadoop.ozone.protocolPB.OzoneManagerRequestHandler.handleReadRequest(OzoneManagerRequestHandler.java:250) ~[ozone-manager-1.4.0-SNAPSHOT.jar:?]
	at org.apache.hadoop.ozone.protocolPB.OzoneManagerProtocolServerSideTranslatorPB.submitRequestDirectlyToOM(OzoneManagerProtocolServerSideTranslatorPB.java:274) ~[ozone-manager-1.4.0-SNAPSHOT.jar:?]
	at org.apache.hadoop.ozone.protocolPB.OzoneManagerProtocolServerSideTranslatorPB.processRequest(OzoneManagerProtocolServerSideTranslatorPB.java:175) ~[ozone-manager-1.4.0-SNAPSHOT.jar:?]
	at org.apache.hadoop.hdds.server.OzoneProtocolMessageDispatcher.processRequest(OzoneProtocolMessageDispatcher.java:87) [hdds-server-framework-1.4.0-SNAPSHOT.jar:?]
	at org.apache.hadoop.ozone.protocolPB.OzoneManagerProtocolServerSideTranslatorPB.submitRequest(OzoneManagerProtocolServerSideTranslatorPB.java:148) [ozone-manager-1.4.0-SNAPSHOT.jar:?]
	at org.apache.hadoop.ozone.protocol.proto.OzoneManagerProtocolProtos$OzoneManagerService$2.callBlockingMethod(OzoneManagerProtocolProtos.java) [ozone-interface-client-1.4.0-SNAPSHOT.jar:?]
	at org.apache.hadoop.ipc.ProtobufRpcEngine$Server.processCall(ProtobufRpcEngine.java:484) [hadoop-common-3.3.6.jar:?]
	at org.apache.hadoop.ipc.ProtobufRpcEngine2$Server$ProtoBufRpcInvoker.call(ProtobufRpcEngine2.java:595) [hadoop-common-3.3.6.jar:?]
	at org.apache.hadoop.ipc.ProtobufRpcEngine2$Server$ProtoBufRpcInvoker.call(ProtobufRpcEngine2.java:573) [hadoop-common-3.3.6.jar:?]
	at org.apache.hadoop.ipc.RPC$Server.call(RPC.java:1227) [hadoop-common-3.3.6.jar:?]
	at org.apache.hadoop.ipc.Server$RpcCall.run(Server.java:1094) [hadoop-common-3.3.6.jar:?]
	at org.apache.hadoop.ipc.Server$RpcCall.run(Server.java:1017) [hadoop-common-3.3.6.jar:?]
	at java.security.AccessController.doPrivileged(Native Method) ~[?:1.8.0_382]
	at javax.security.auth.Subject.doAs(Subject.java:422) [?:1.8.0_382]
	at org.apache.hadoop.security.UserGroupInformation.doAs(UserGroupInformation.java:1899) [hadoop-common-3.3.6.jar:?]
	at org.apache.hadoop.ipc.Server$Handler.run(Server.java:3048) [hadoop-common-3.3.6.jar:?]
11:21:05.773 [IPC Server handler 10 on default port 15163] ERROR OMAudit - user=runner | ip=127.0.0.1 | op=GET_FILE_STATUS {volume=volume69610, bucket=bucket82402, key=gdir1/dir9/child, dataSize=0, replicationConfig=null} | ret=FAILURE
org.apache.hadoop.ozone.om.exceptions.OMException: Unable to get file status: volume: volume69610 bucket: bucket82402 key: gdir1/dir9/child
	at org.apache.hadoop.ozone.om.KeyManagerImpl.getOzoneFileStatus(KeyManagerImpl.java:1195) ~[ozone-manager-1.4.0-SNAPSHOT.jar:?]
	at org.apache.hadoop.ozone.om.KeyManagerImpl.getFileStatus(KeyManagerImpl.java:1113) ~[ozone-manager-1.4.0-SNAPSHOT.jar:?]
	at org.apache.hadoop.ozone.om.OmMetadataReader.getFileStatus(OmMetadataReader.java:262) ~[ozone-manager-1.4.0-SNAPSHOT.jar:?]
	at org.apache.hadoop.ozone.om.OzoneManager.getFileStatus(OzoneManager.java:3530) ~[ozone-manager-1.4.0-SNAPSHOT.jar:?]
	at org.apache.hadoop.ozone.protocolPB.OzoneManagerRequestHandler.getOzoneFileStatus(OzoneManagerRequestHandler.java:971) ~[ozone-manager-1.4.0-SNAPSHOT.jar:?]
	at org.apache.hadoop.ozone.protocolPB.OzoneManagerRequestHandler.handleReadRequest(OzoneManagerRequestHandler.java:250) ~[ozone-manager-1.4.0-SNAPSHOT.jar:?]
	at org.apache.hadoop.ozone.protocolPB.OzoneManagerProtocolServerSideTranslatorPB.submitRequestDirectlyToOM(OzoneManagerProtocolServerSideTranslatorPB.java:274) ~[ozone-manager-1.4.0-SNAPSHOT.jar:?]
	at org.apache.hadoop.ozone.protocolPB.OzoneManagerProtocolServerSideTranslatorPB.processRequest(OzoneManagerProtocolServerSideTranslatorPB.java:175) ~[ozone-manager-1.4.0-SNAPSHOT.jar:?]
	at org.apache.hadoop.hdds.server.OzoneProtocolMessageDispatcher.processRequest(OzoneProtocolMessageDispatcher.java:87) [hdds-server-framework-1.4.0-SNAPSHOT.jar:?]
	at org.apache.hadoop.ozone.protocolPB.OzoneManagerProtocolServerSideTranslatorPB.submitRequest(OzoneManagerProtocolServerSideTranslatorPB.java:148) [ozone-manager-1.4.0-SNAPSHOT.jar:?]
	at org.apache.hadoop.ozone.protocol.proto.OzoneManagerProtocolProtos$OzoneManagerService$2.callBlockingMethod(OzoneManagerProtocolProtos.java) [ozone-interface-client-1.4.0-SNAPSHOT.jar:?]
	at org.apache.hadoop.ipc.ProtobufRpcEngine$Server.processCall(ProtobufRpcEngine.java:484) [hadoop-common-3.3.6.jar:?]
	at org.apache.hadoop.ipc.ProtobufRpcEngine2$Server$ProtoBufRpcInvoker.call(ProtobufRpcEngine2.java:595) [hadoop-common-3.3.6.jar:?]
	at org.apache.hadoop.ipc.ProtobufRpcEngine2$Server$ProtoBufRpcInvoker.call(ProtobufRpcEngine2.java:573) [hadoop-common-3.3.6.jar:?]
	at org.apache.hadoop.ipc.RPC$Server.call(RPC.java:1227) [hadoop-common-3.3.6.jar:?]
	at org.apache.hadoop.ipc.Server$RpcCall.run(Server.java:1094) [hadoop-common-3.3.6.jar:?]
	at org.apache.hadoop.ipc.Server$RpcCall.run(Server.java:1017) [hadoop-common-3.3.6.jar:?]
	at java.security.AccessController.doPrivileged(Native Method) ~[?:1.8.0_382]
	at javax.security.auth.Subject.doAs(Subject.java:422) [?:1.8.0_382]
	at org.apache.hadoop.security.UserGroupInformation.doAs(UserGroupInformation.java:1899) [hadoop-common-3.3.6.jar:?]
	at org.apache.hadoop.ipc.Server$Handler.run(Server.java:3048) [hadoop-common-3.3.6.jar:?]
11:21:05.774 [IPC Server handler 2 on default port 15163] ERROR OMAudit - user=runner | ip=127.0.0.1 | op=GET_FILE_STATUS {volume=volume69610, bucket=bucket82402, key=gdir1/dir10, dataSize=0, replicationConfig=null} | ret=FAILURE
org.apache.hadoop.ozone.om.exceptions.OMException: Unable to get file status: volume: volume69610 bucket: bucket82402 key: gdir1/dir10
	at org.apache.hadoop.ozone.om.KeyManagerImpl.getOzoneFileStatus(KeyManagerImpl.java:1195) ~[ozone-manager-1.4.0-SNAPSHOT.jar:?]
	at org.apache.hadoop.ozone.om.KeyManagerImpl.getFileStatus(KeyManagerImpl.java:1113) ~[ozone-manager-1.4.0-SNAPSHOT.jar:?]
	at org.apache.hadoop.ozone.om.OmMetadataReader.getFileStatus(OmMetadataReader.java:262) ~[ozone-manager-1.4.0-SNAPSHOT.jar:?]
	at org.apache.hadoop.ozone.om.OzoneManager.getFileStatus(OzoneManager.java:3530) ~[ozone-manager-1.4.0-SNAPSHOT.jar:?]
	at org.apache.hadoop.ozone.protocolPB.OzoneManagerRequestHandler.getOzoneFileStatus(OzoneManagerRequestHandler.java:971) ~[ozone-manager-1.4.0-SNAPSHOT.jar:?]
	at org.apache.hadoop.ozone.protocolPB.OzoneManagerRequestHandler.handleReadRequest(OzoneManagerRequestHandler.java:250) ~[ozone-manager-1.4.0-SNAPSHOT.jar:?]
	at org.apache.hadoop.ozone.protocolPB.OzoneManagerProtocolServerSideTranslatorPB.submitRequestDirectlyToOM(OzoneManagerProtocolServerSideTranslatorPB.java:274) ~[ozone-manager-1.4.0-SNAPSHOT.jar:?]
	at org.apache.hadoop.ozone.protocolPB.OzoneManagerProtocolServerSideTranslatorPB.processRequest(OzoneManagerProtocolServerSideTranslatorPB.java:175) ~[ozone-manager-1.4.0-SNAPSHOT.jar:?]
	at org.apache.hadoop.hdds.server.OzoneProtocolMessageDispatcher.processRequest(OzoneProtocolMessageDispatcher.java:87) [hdds-server-framework-1.4.0-SNAPSHOT.jar:?]
	at org.apache.hadoop.ozone.protocolPB.OzoneManagerProtocolServerSideTranslatorPB.submitRequest(OzoneManagerProtocolServerSideTranslatorPB.java:148) [ozone-manager-1.4.0-SNAPSHOT.jar:?]
	at org.apache.hadoop.ozone.protocol.proto.OzoneManagerProtocolProtos$OzoneManagerService$2.callBlockingMethod(OzoneManagerProtocolProtos.java) [ozone-interface-client-1.4.0-SNAPSHOT.jar:?]
	at org.apache.hadoop.ipc.ProtobufRpcEngine$Server.processCall(ProtobufRpcEngine.java:484) [hadoop-common-3.3.6.jar:?]
	at org.apache.hadoop.ipc.ProtobufRpcEngine2$Server$ProtoBufRpcInvoker.call(ProtobufRpcEngine2.java:595) [hadoop-common-3.3.6.jar:?]
	at org.apache.hadoop.ipc.ProtobufRpcEngine2$Server$ProtoBufRpcInvoker.call(ProtobufRpcEngine2.java:573) [hadoop-common-3.3.6.jar:?]
	at org.apache.hadoop.ipc.RPC$Server.call(RPC.java:1227) [hadoop-common-3.3.6.jar:?]
	at org.apache.hadoop.ipc.Server$RpcCall.run(Server.java:1094) [hadoop-common-3.3.6.jar:?]
	at org.apache.hadoop.ipc.Server$RpcCall.run(Server.java:1017) [hadoop-common-3.3.6.jar:?]
	at java.security.AccessController.doPrivileged(Native Method) ~[?:1.8.0_382]
	at javax.security.auth.Subject.doAs(Subject.java:422) [?:1.8.0_382]
	at org.apache.hadoop.security.UserGroupInformation.doAs(UserGroupInformation.java:1899) [hadoop-common-3.3.6.jar:?]
	at org.apache.hadoop.ipc.Server$Handler.run(Server.java:3048) [hadoop-common-3.3.6.jar:?]
11:21:05.776 [IPC Server handler 3 on default port 15163] ERROR OMAudit - user=runner | ip=127.0.0.1 | op=GET_FILE_STATUS {volume=volume69610, bucket=bucket82402, key=gdir1/dir10/child, dataSize=0, replicationConfig=null} | ret=FAILURE
org.apache.hadoop.ozone.om.exceptions.OMException: Unable to get file status: volume: volume69610 bucket: bucket82402 key: gdir1/dir10/child
	at org.apache.hadoop.ozone.om.KeyManagerImpl.getOzoneFileStatus(KeyManagerImpl.java:1195) ~[ozone-manager-1.4.0-SNAPSHOT.jar:?]
	at org.apache.hadoop.ozone.om.KeyManagerImpl.getFileStatus(KeyManagerImpl.java:1113) ~[ozone-manager-1.4.0-SNAPSHOT.jar:?]
	at org.apache.hadoop.ozone.om.OmMetadataReader.getFileStatus(OmMetadataReader.java:262) ~[ozone-manager-1.4.0-SNAPSHOT.jar:?]
	at org.apache.hadoop.ozone.om.OzoneManager.getFileStatus(OzoneManager.java:3530) ~[ozone-manager-1.4.0-SNAPSHOT.jar:?]
	at org.apache.hadoop.ozone.protocolPB.OzoneManagerRequestHandler.getOzoneFileStatus(OzoneManagerRequestHandler.java:971) ~[ozone-manager-1.4.0-SNAPSHOT.jar:?]
	at org.apache.hadoop.ozone.protocolPB.OzoneManagerRequestHandler.handleReadRequest(OzoneManagerRequestHandler.java:250) ~[ozone-manager-1.4.0-SNAPSHOT.jar:?]
	at org.apache.hadoop.ozone.protocolPB.OzoneManagerProtocolServerSideTranslatorPB.submitRequestDirectlyToOM(OzoneManagerProtocolServerSideTranslatorPB.java:274) ~[ozone-manager-1.4.0-SNAPSHOT.jar:?]
	at org.apache.hadoop.ozone.protocolPB.OzoneManagerProtocolServerSideTranslatorPB.processRequest(OzoneManagerProtocolServerSideTranslatorPB.java:175) ~[ozone-manager-1.4.0-SNAPSHOT.jar:?]
	at org.apache.hadoop.hdds.server.OzoneProtocolMessageDispatcher.processRequest(OzoneProtocolMessageDispatcher.java:87) [hdds-server-framework-1.4.0-SNAPSHOT.jar:?]
	at org.apache.hadoop.ozone.protocolPB.OzoneManagerProtocolServerSideTranslatorPB.submitRequest(OzoneManagerProtocolServerSideTranslatorPB.java:148) [ozone-manager-1.4.0-SNAPSHOT.jar:?]
	at org.apache.hadoop.ozone.protocol.proto.OzoneManagerProtocolProtos$OzoneManagerService$2.callBlockingMethod(OzoneManagerProtocolProtos.java) [ozone-interface-client-1.4.0-SNAPSHOT.jar:?]
	at org.apache.hadoop.ipc.ProtobufRpcEngine$Server.processCall(ProtobufRpcEngine.java:484) [hadoop-common-3.3.6.jar:?]
	at org.apache.hadoop.ipc.ProtobufRpcEngine2$Server$ProtoBufRpcInvoker.call(ProtobufRpcEngine2.java:595) [hadoop-common-3.3.6.jar:?]
	at org.apache.hadoop.ipc.ProtobufRpcEngine2$Server$ProtoBufRpcInvoker.call(ProtobufRpcEngine2.java:573) [hadoop-common-3.3.6.jar:?]
	at org.apache.hadoop.ipc.RPC$Server.call(RPC.java:1227) [hadoop-common-3.3.6.jar:?]
	at org.apache.hadoop.ipc.Server$RpcCall.run(Server.java:1094) [hadoop-common-3.3.6.jar:?]
	at org.apache.hadoop.ipc.Server$RpcCall.run(Server.java:1017) [hadoop-common-3.3.6.jar:?]
	at java.security.AccessController.doPrivileged(Native Method) ~[?:1.8.0_382]
	at javax.security.auth.Subject.doAs(Subject.java:422) [?:1.8.0_382]
	at org.apache.hadoop.security.UserGroupInformation.doAs(UserGroupInformation.java:1899) [hadoop-common-3.3.6.jar:?]
	at org.apache.hadoop.ipc.Server$Handler.run(Server.java:3048) [hadoop-common-3.3.6.jar:?]
11:21:05.839 [IPC Server handler 5 on default port 15163] ERROR OMAudit - user=runner | ip=127.0.0.1 | op=GET_FILE_STATUS {volume=volume69610, bucket=bucket82402, key=level0, dataSize=0, replicationConfig=null} | ret=FAILURE
org.apache.hadoop.ozone.om.exceptions.OMException: Unable to get file status: volume: volume69610 bucket: bucket82402 key: level0
	at org.apache.hadoop.ozone.om.KeyManagerImpl.getOzoneFileStatus(KeyManagerImpl.java:1195) ~[ozone-manager-1.4.0-SNAPSHOT.jar:?]
	at org.apache.hadoop.ozone.om.KeyManagerImpl.getFileStatus(KeyManagerImpl.java:1113) ~[ozone-manager-1.4.0-SNAPSHOT.jar:?]
	at org.apache.hadoop.ozone.om.OmMetadataReader.getFileStatus(OmMetadataReader.java:262) ~[ozone-manager-1.4.0-SNAPSHOT.jar:?]
	at org.apache.hadoop.ozone.om.OzoneManager.getFileStatus(OzoneManager.java:3530) ~[ozone-manager-1.4.0-SNAPSHOT.jar:?]
	at org.apache.hadoop.ozone.protocolPB.OzoneManagerRequestHandler.getOzoneFileStatus(OzoneManagerRequestHandler.java:971) ~[ozone-manager-1.4.0-SNAPSHOT.jar:?]
	at org.apache.hadoop.ozone.protocolPB.OzoneManagerRequestHandler.handleReadRequest(OzoneManagerRequestHandler.java:250) ~[ozone-manager-1.4.0-SNAPSHOT.jar:?]
	at org.apache.hadoop.ozone.protocolPB.OzoneManagerProtocolServerSideTranslatorPB.submitRequestDirectlyToOM(OzoneManagerProtocolServerSideTranslatorPB.java:274) ~[ozone-manager-1.4.0-SNAPSHOT.jar:?]
	at org.apache.hadoop.ozone.protocolPB.OzoneManagerProtocolServerSideTranslatorPB.processRequest(OzoneManagerProtocolServerSideTranslatorPB.java:175) ~[ozone-manager-1.4.0-SNAPSHOT.jar:?]
	at org.apache.hadoop.hdds.server.OzoneProtocolMessageDispatcher.processRequest(OzoneProtocolMessageDispatcher.java:87) [hdds-server-framework-1.4.0-SNAPSHOT.jar:?]
	at org.apache.hadoop.ozone.protocolPB.OzoneManagerProtocolServerSideTranslatorPB.submitRequest(OzoneManagerProtocolServerSideTranslatorPB.java:148) [ozone-manager-1.4.0-SNAPSHOT.jar:?]
	at org.apache.hadoop.ozone.protocol.proto.OzoneManagerProtocolProtos$OzoneManagerService$2.callBlockingMethod(OzoneManagerProtocolProtos.java) [ozone-interface-client-1.4.0-SNAPSHOT.jar:?]
	at org.apache.hadoop.ipc.ProtobufRpcEngine$Server.processCall(ProtobufRpcEngine.java:484) [hadoop-common-3.3.6.jar:?]
	at org.apache.hadoop.ipc.ProtobufRpcEngine2$Server$ProtoBufRpcInvoker.call(ProtobufRpcEngine2.java:595) [hadoop-common-3.3.6.jar:?]
	at org.apache.hadoop.ipc.ProtobufRpcEngine2$Server$ProtoBufRpcInvoker.call(ProtobufRpcEngine2.java:573) [hadoop-common-3.3.6.jar:?]
	at org.apache.hadoop.ipc.RPC$Server.call(RPC.java:1227) [hadoop-common-3.3.6.jar:?]
	at org.apache.hadoop.ipc.Server$RpcCall.run(Server.java:1094) [hadoop-common-3.3.6.jar:?]
	at org.apache.hadoop.ipc.Server$RpcCall.run(Server.java:1017) [hadoop-common-3.3.6.jar:?]
	at java.security.AccessController.doPrivileged(Native Method) ~[?:1.8.0_382]
	at javax.security.auth.Subject.doAs(Subject.java:422) [?:1.8.0_382]
	at org.apache.hadoop.security.UserGroupInformation.doAs(UserGroupInformation.java:1899) [hadoop-common-3.3.6.jar:?]
	at org.apache.hadoop.ipc.Server$Handler.run(Server.java:3048) [hadoop-common-3.3.6.jar:?]
11:21:05.840 [IPC Server handler 7 on default port 15163] ERROR OMAudit - user=runner | ip=127.0.0.1 | op=GET_FILE_STATUS {volume=volume69610, bucket=bucket82402, key=level0/level1, dataSize=0, replicationConfig=null} | ret=FAILURE
org.apache.hadoop.ozone.om.exceptions.OMException: Unable to get file status: volume: volume69610 bucket: bucket82402 key: level0/level1
	at org.apache.hadoop.ozone.om.KeyManagerImpl.getOzoneFileStatus(KeyManagerImpl.java:1195) ~[ozone-manager-1.4.0-SNAPSHOT.jar:?]
	at org.apache.hadoop.ozone.om.KeyManagerImpl.getFileStatus(KeyManagerImpl.java:1113) ~[ozone-manager-1.4.0-SNAPSHOT.jar:?]
	at org.apache.hadoop.ozone.om.OmMetadataReader.getFileStatus(OmMetadataReader.java:262) ~[ozone-manager-1.4.0-SNAPSHOT.jar:?]
	at org.apache.hadoop.ozone.om.OzoneManager.getFileStatus(OzoneManager.java:3530) ~[ozone-manager-1.4.0-SNAPSHOT.jar:?]
	at org.apache.hadoop.ozone.protocolPB.OzoneManagerRequestHandler.getOzoneFileStatus(OzoneManagerRequestHandler.java:971) ~[ozone-manager-1.4.0-SNAPSHOT.jar:?]
	at org.apache.hadoop.ozone.protocolPB.OzoneManagerRequestHandler.handleReadRequest(OzoneManagerRequestHandler.java:250) ~[ozone-manager-1.4.0-SNAPSHOT.jar:?]
	at org.apache.hadoop.ozone.protocolPB.OzoneManagerProtocolServerSideTranslatorPB.submitRequestDirectlyToOM(OzoneManagerProtocolServerSideTranslatorPB.java:274) ~[ozone-manager-1.4.0-SNAPSHOT.jar:?]
	at org.apache.hadoop.ozone.protocolPB.OzoneManagerProtocolServerSideTranslatorPB.processRequest(OzoneManagerProtocolServerSideTranslatorPB.java:175) ~[ozone-manager-1.4.0-SNAPSHOT.jar:?]
	at org.apache.hadoop.hdds.server.OzoneProtocolMessageDispatcher.processRequest(OzoneProtocolMessageDispatcher.java:87) [hdds-server-framework-1.4.0-SNAPSHOT.jar:?]
	at org.apache.hadoop.ozone.protocolPB.OzoneManagerProtocolServerSideTranslatorPB.submitRequest(OzoneManagerProtocolServerSideTranslatorPB.java:148) [ozone-manager-1.4.0-SNAPSHOT.jar:?]
	at org.apache.hadoop.ozone.protocol.proto.OzoneManagerProtocolProtos$OzoneManagerService$2.callBlockingMethod(OzoneManagerProtocolProtos.java) [ozone-interface-client-1.4.0-SNAPSHOT.jar:?]
	at org.apache.hadoop.ipc.ProtobufRpcEngine$Server.processCall(ProtobufRpcEngine.java:484) [hadoop-common-3.3.6.jar:?]
	at org.apache.hadoop.ipc.ProtobufRpcEngine2$Server$ProtoBufRpcInvoker.call(ProtobufRpcEngine2.java:595) [hadoop-common-3.3.6.jar:?]
	at org.apache.hadoop.ipc.ProtobufRpcEngine2$Server$ProtoBufRpcInvoker.call(ProtobufRpcEngine2.java:573) [hadoop-common-3.3.6.jar:?]
	at org.apache.hadoop.ipc.RPC$Server.call(RPC.java:1227) [hadoop-common-3.3.6.jar:?]
	at org.apache.hadoop.ipc.Server$RpcCall.run(Server.java:1094) [hadoop-common-3.3.6.jar:?]
	at org.apache.hadoop.ipc.Server$RpcCall.run(Server.java:1017) [hadoop-common-3.3.6.jar:?]
	at java.security.AccessController.doPrivileged(Native Method) ~[?:1.8.0_382]
	at javax.security.auth.Subject.doAs(Subject.java:422) [?:1.8.0_382]
	at org.apache.hadoop.security.UserGroupInformation.doAs(UserGroupInformation.java:1899) [hadoop-common-3.3.6.jar:?]
	at org.apache.hadoop.ipc.Server$Handler.run(Server.java:3048) [hadoop-common-3.3.6.jar:?]
11:21:05.841 [IPC Server handler 12 on default port 15163] ERROR OMAudit - user=runner | ip=127.0.0.1 | op=GET_FILE_STATUS {volume=volume69610, bucket=bucket82402, key=level0/level1/level1, dataSize=0, replicationConfig=null} | ret=FAILURE
org.apache.hadoop.ozone.om.exceptions.OMException: Unable to get file status: volume: volume69610 bucket: bucket82402 key: level0/level1/level1
	at org.apache.hadoop.ozone.om.KeyManagerImpl.getOzoneFileStatus(KeyManagerImpl.java:1195) ~[ozone-manager-1.4.0-SNAPSHOT.jar:?]
	at org.apache.hadoop.ozone.om.KeyManagerImpl.getFileStatus(KeyManagerImpl.java:1113) ~[ozone-manager-1.4.0-SNAPSHOT.jar:?]
	at org.apache.hadoop.ozone.om.OmMetadataReader.getFileStatus(OmMetadataReader.java:262) ~[ozone-manager-1.4.0-SNAPSHOT.jar:?]
	at org.apache.hadoop.ozone.om.OzoneManager.getFileStatus(OzoneManager.java:3530) ~[ozone-manager-1.4.0-SNAPSHOT.jar:?]
	at org.apache.hadoop.ozone.protocolPB.OzoneManagerRequestHandler.getOzoneFileStatus(OzoneManagerRequestHandler.java:971) ~[ozone-manager-1.4.0-SNAPSHOT.jar:?]
	at org.apache.hadoop.ozone.protocolPB.OzoneManagerRequestHandler.handleReadRequest(OzoneManagerRequestHandler.java:250) ~[ozone-manager-1.4.0-SNAPSHOT.jar:?]
	at org.apache.hadoop.ozone.protocolPB.OzoneManagerProtocolServerSideTranslatorPB.submitRequestDirectlyToOM(OzoneManagerProtocolServerSideTranslatorPB.java:274) ~[ozone-manager-1.4.0-SNAPSHOT.jar:?]
	at org.apache.hadoop.ozone.protocolPB.OzoneManagerProtocolServerSideTranslatorPB.processRequest(OzoneManagerProtocolServerSideTranslatorPB.java:175) ~[ozone-manager-1.4.0-SNAPSHOT.jar:?]
	at org.apache.hadoop.hdds.server.OzoneProtocolMessageDispatcher.processRequest(OzoneProtocolMessageDispatcher.java:87) [hdds-server-framework-1.4.0-SNAPSHOT.jar:?]
	at org.apache.hadoop.ozone.protocolPB.OzoneManagerProtocolServerSideTranslatorPB.submitRequest(OzoneManagerProtocolServerSideTranslatorPB.java:148) [ozone-manager-1.4.0-SNAPSHOT.jar:?]
	at org.apache.hadoop.ozone.protocol.proto.OzoneManagerProtocolProtos$OzoneManagerService$2.callBlockingMethod(OzoneManagerProtocolProtos.java) [ozone-interface-client-1.4.0-SNAPSHOT.jar:?]
	at org.apache.hadoop.ipc.ProtobufRpcEngine$Server.processCall(ProtobufRpcEngine.java:484) [hadoop-common-3.3.6.jar:?]
	at org.apache.hadoop.ipc.ProtobufRpcEngine2$Server$ProtoBufRpcInvoker.call(ProtobufRpcEngine2.java:595) [hadoop-common-3.3.6.jar:?]
	at org.apache.hadoop.ipc.ProtobufRpcEngine2$Server$ProtoBufRpcInvoker.call(ProtobufRpcEngine2.java:573) [hadoop-common-3.3.6.jar:?]
	at org.apache.hadoop.ipc.RPC$Server.call(RPC.java:1227) [hadoop-common-3.3.6.jar:?]
	at org.apache.hadoop.ipc.Server$RpcCall.run(Server.java:1094) [hadoop-common-3.3.6.jar:?]
	at org.apache.hadoop.ipc.Server$RpcCall.run(Server.java:1017) [hadoop-common-3.3.6.jar:?]
	at java.security.AccessController.doPrivileged(Native Method) ~[?:1.8.0_382]
	at javax.security.auth.Subject.doAs(Subject.java:422) [?:1.8.0_382]
	at org.apache.hadoop.security.UserGroupInformation.doAs(UserGroupInformation.java:1899) [hadoop-common-3.3.6.jar:?]
	at org.apache.hadoop.ipc.Server$Handler.run(Server.java:3048) [hadoop-common-3.3.6.jar:?]
11:21:05.842 [IPC Server handler 15 on default port 15163] ERROR OMAudit - user=runner | ip=127.0.0.1 | op=GET_FILE_STATUS {volume=volume69610, bucket=bucket82402, key=level0/level1/file1, dataSize=0, replicationConfig=null} | ret=FAILURE
org.apache.hadoop.ozone.om.exceptions.OMException: Unable to get file status: volume: volume69610 bucket: bucket82402 key: level0/level1/file1
	at org.apache.hadoop.ozone.om.KeyManagerImpl.getOzoneFileStatus(KeyManagerImpl.java:1195) ~[ozone-manager-1.4.0-SNAPSHOT.jar:?]
	at org.apache.hadoop.ozone.om.KeyManagerImpl.getFileStatus(KeyManagerImpl.java:1113) ~[ozone-manager-1.4.0-SNAPSHOT.jar:?]
	at org.apache.hadoop.ozone.om.OmMetadataReader.getFileStatus(OmMetadataReader.java:262) ~[ozone-manager-1.4.0-SNAPSHOT.jar:?]
	at org.apache.hadoop.ozone.om.OzoneManager.getFileStatus(OzoneManager.java:3530) ~[ozone-manager-1.4.0-SNAPSHOT.jar:?]
	at org.apache.hadoop.ozone.protocolPB.OzoneManagerRequestHandler.getOzoneFileStatus(OzoneManagerRequestHandler.java:971) ~[ozone-manager-1.4.0-SNAPSHOT.jar:?]
	at org.apache.hadoop.ozone.protocolPB.OzoneManagerRequestHandler.handleReadRequest(OzoneManagerRequestHandler.java:250) ~[ozone-manager-1.4.0-SNAPSHOT.jar:?]
	at org.apache.hadoop.ozone.protocolPB.OzoneManagerProtocolServerSideTranslatorPB.submitRequestDirectlyToOM(OzoneManagerProtocolServerSideTranslatorPB.java:274) ~[ozone-manager-1.4.0-SNAPSHOT.jar:?]
	at org.apache.hadoop.ozone.protocolPB.OzoneManagerProtocolServerSideTranslatorPB.processRequest(OzoneManagerProtocolServerSideTranslatorPB.java:175) ~[ozone-manager-1.4.0-SNAPSHOT.jar:?]
	at org.apache.hadoop.hdds.server.OzoneProtocolMessageDispatcher.processRequest(OzoneProtocolMessageDispatcher.java:87) [hdds-server-framework-1.4.0-SNAPSHOT.jar:?]
	at org.apache.hadoop.ozone.protocolPB.OzoneManagerProtocolServerSideTranslatorPB.submitRequest(OzoneManagerProtocolServerSideTranslatorPB.java:148) [ozone-manager-1.4.0-SNAPSHOT.jar:?]
	at org.apache.hadoop.ozone.protocol.proto.OzoneManagerProtocolProtos$OzoneManagerService$2.callBlockingMethod(OzoneManagerProtocolProtos.java) [ozone-interface-client-1.4.0-SNAPSHOT.jar:?]
	at org.apache.hadoop.ipc.ProtobufRpcEngine$Server.processCall(ProtobufRpcEngine.java:484) [hadoop-common-3.3.6.jar:?]
	at org.apache.hadoop.ipc.ProtobufRpcEngine2$Server$ProtoBufRpcInvoker.call(ProtobufRpcEngine2.java:595) [hadoop-common-3.3.6.jar:?]
	at org.apache.hadoop.ipc.ProtobufRpcEngine2$Server$ProtoBufRpcInvoker.call(ProtobufRpcEngine2.java:573) [hadoop-common-3.3.6.jar:?]
	at org.apache.hadoop.ipc.RPC$Server.call(RPC.java:1227) [hadoop-common-3.3.6.jar:?]
	at org.apache.hadoop.ipc.Server$RpcCall.run(Server.java:1094) [hadoop-common-3.3.6.jar:?]
	at org.apache.hadoop.ipc.Server$RpcCall.run(Server.java:1017) [hadoop-common-3.3.6.jar:?]
	at java.security.AccessController.doPrivileged(Native Method) ~[?:1.8.0_382]
	at javax.security.auth.Subject.doAs(Subject.java:422) [?:1.8.0_382]
	at org.apache.hadoop.security.UserGroupInformation.doAs(UserGroupInformation.java:1899) [hadoop-common-3.3.6.jar:?]
	at org.apache.hadoop.ipc.Server$Handler.run(Server.java:3048) [hadoop-common-3.3.6.jar:?]
11:21:05.843 [IPC Server handler 10 on default port 15163] ERROR OMAudit - user=runner | ip=127.0.0.1 | op=GET_FILE_STATUS {volume=volume69610, bucket=bucket82402, key=level0/level1/level1/file1, dataSize=0, replicationConfig=null} | ret=FAILURE
org.apache.hadoop.ozone.om.exceptions.OMException: Unable to get file status: volume: volume69610 bucket: bucket82402 key: level0/level1/level1/file1
	at org.apache.hadoop.ozone.om.KeyManagerImpl.getOzoneFileStatus(KeyManagerImpl.java:1195) ~[ozone-manager-1.4.0-SNAPSHOT.jar:?]
	at org.apache.hadoop.ozone.om.KeyManagerImpl.getFileStatus(KeyManagerImpl.java:1113) ~[ozone-manager-1.4.0-SNAPSHOT.jar:?]
	at org.apache.hadoop.ozone.om.OmMetadataReader.getFileStatus(OmMetadataReader.java:262) ~[ozone-manager-1.4.0-SNAPSHOT.jar:?]
	at org.apache.hadoop.ozone.om.OzoneManager.getFileStatus(OzoneManager.java:3530) ~[ozone-manager-1.4.0-SNAPSHOT.jar:?]
	at org.apache.hadoop.ozone.protocolPB.OzoneManagerRequestHandler.getOzoneFileStatus(OzoneManagerRequestHandler.java:971) ~[ozone-manager-1.4.0-SNAPSHOT.jar:?]
	at org.apache.hadoop.ozone.protocolPB.OzoneManagerRequestHandler.handleReadRequest(OzoneManagerRequestHandler.java:250) ~[ozone-manager-1.4.0-SNAPSHOT.jar:?]
	at org.apache.hadoop.ozone.protocolPB.OzoneManagerProtocolServerSideTranslatorPB.submitRequestDirectlyToOM(OzoneManagerProtocolServerSideTranslatorPB.java:274) ~[ozone-manager-1.4.0-SNAPSHOT.jar:?]
	at org.apache.hadoop.ozone.protocolPB.OzoneManagerProtocolServerSideTranslatorPB.processRequest(OzoneManagerProtocolServerSideTranslatorPB.java:175) ~[ozone-manager-1.4.0-SNAPSHOT.jar:?]
	at org.apache.hadoop.hdds.server.OzoneProtocolMessageDispatcher.processRequest(OzoneProtocolMessageDispatcher.java:87) [hdds-server-framework-1.4.0-SNAPSHOT.jar:?]
	at org.apache.hadoop.ozone.protocolPB.OzoneManagerProtocolServerSideTranslatorPB.submitRequest(OzoneManagerProtocolServerSideTranslatorPB.java:148) [ozone-manager-1.4.0-SNAPSHOT.jar:?]
	at org.apache.hadoop.ozone.protocol.proto.OzoneManagerProtocolProtos$OzoneManagerService$2.callBlockingMethod(OzoneManagerProtocolProtos.java) [ozone-interface-client-1.4.0-SNAPSHOT.jar:?]
	at org.apache.hadoop.ipc.ProtobufRpcEngine$Server.processCall(ProtobufRpcEngine.java:484) [hadoop-common-3.3.6.jar:?]
	at org.apache.hadoop.ipc.ProtobufRpcEngine2$Server$ProtoBufRpcInvoker.call(ProtobufRpcEngine2.java:595) [hadoop-common-3.3.6.jar:?]
	at org.apache.hadoop.ipc.ProtobufRpcEngine2$Server$ProtoBufRpcInvoker.call(ProtobufRpcEngine2.java:573) [hadoop-common-3.3.6.jar:?]
	at org.apache.hadoop.ipc.RPC$Server.call(RPC.java:1227) [hadoop-common-3.3.6.jar:?]
	at org.apache.hadoop.ipc.Server$RpcCall.run(Server.java:1094) [hadoop-common-3.3.6.jar:?]
	at org.apache.hadoop.ipc.Server$RpcCall.run(Server.java:1017) [hadoop-common-3.3.6.jar:?]
	at java.security.AccessController.doPrivileged(Native Method) ~[?:1.8.0_382]
	at javax.security.auth.Subject.doAs(Subject.java:422) [?:1.8.0_382]
	at org.apache.hadoop.security.UserGroupInformation.doAs(UserGroupInformation.java:1899) [hadoop-common-3.3.6.jar:?]
	at org.apache.hadoop.ipc.Server$Handler.run(Server.java:3048) [hadoop-common-3.3.6.jar:?]
11:21:05.844 [IPC Server handler 2 on default port 15163] ERROR OMAudit - user=runner | ip=127.0.0.1 | op=GET_FILE_STATUS {volume=volume69610, bucket=bucket82402, key=level0/level2, dataSize=0, replicationConfig=null} | ret=FAILURE
org.apache.hadoop.ozone.om.exceptions.OMException: Unable to get file status: volume: volume69610 bucket: bucket82402 key: level0/level2
	at org.apache.hadoop.ozone.om.KeyManagerImpl.getOzoneFileStatus(KeyManagerImpl.java:1195) ~[ozone-manager-1.4.0-SNAPSHOT.jar:?]
	at org.apache.hadoop.ozone.om.KeyManagerImpl.getFileStatus(KeyManagerImpl.java:1113) ~[ozone-manager-1.4.0-SNAPSHOT.jar:?]
	at org.apache.hadoop.ozone.om.OmMetadataReader.getFileStatus(OmMetadataReader.java:262) ~[ozone-manager-1.4.0-SNAPSHOT.jar:?]
	at org.apache.hadoop.ozone.om.OzoneManager.getFileStatus(OzoneManager.java:3530) ~[ozone-manager-1.4.0-SNAPSHOT.jar:?]
	at org.apache.hadoop.ozone.protocolPB.OzoneManagerRequestHandler.getOzoneFileStatus(OzoneManagerRequestHandler.java:971) ~[ozone-manager-1.4.0-SNAPSHOT.jar:?]
	at org.apache.hadoop.ozone.protocolPB.OzoneManagerRequestHandler.handleReadRequest(OzoneManagerRequestHandler.java:250) ~[ozone-manager-1.4.0-SNAPSHOT.jar:?]
	at org.apache.hadoop.ozone.protocolPB.OzoneManagerProtocolServerSideTranslatorPB.submitRequestDirectlyToOM(OzoneManagerProtocolServerSideTranslatorPB.java:274) ~[ozone-manager-1.4.0-SNAPSHOT.jar:?]
	at org.apache.hadoop.ozone.protocolPB.OzoneManagerProtocolServerSideTranslatorPB.processRequest(OzoneManagerProtocolServerSideTranslatorPB.java:175) ~[ozone-manager-1.4.0-SNAPSHOT.jar:?]
	at org.apache.hadoop.hdds.server.OzoneProtocolMessageDispatcher.processRequest(OzoneProtocolMessageDispatcher.java:87) [hdds-server-framework-1.4.0-SNAPSHOT.jar:?]
	at org.apache.hadoop.ozone.protocolPB.OzoneManagerProtocolServerSideTranslatorPB.submitRequest(OzoneManagerProtocolServerSideTranslatorPB.java:148) [ozone-manager-1.4.0-SNAPSHOT.jar:?]
	at org.apache.hadoop.ozone.protocol.proto.OzoneManagerProtocolProtos$OzoneManagerService$2.callBlockingMethod(OzoneManagerProtocolProtos.java) [ozone-interface-client-1.4.0-SNAPSHOT.jar:?]
	at org.apache.hadoop.ipc.ProtobufRpcEngine$Server.processCall(ProtobufRpcEngine.java:484) [hadoop-common-3.3.6.jar:?]
	at org.apache.hadoop.ipc.ProtobufRpcEngine2$Server$ProtoBufRpcInvoker.call(ProtobufRpcEngine2.java:595) [hadoop-common-3.3.6.jar:?]
	at org.apache.hadoop.ipc.ProtobufRpcEngine2$Server$ProtoBufRpcInvoker.call(ProtobufRpcEngine2.java:573) [hadoop-common-3.3.6.jar:?]
	at org.apache.hadoop.ipc.RPC$Server.call(RPC.java:1227) [hadoop-common-3.3.6.jar:?]
	at org.apache.hadoop.ipc.Server$RpcCall.run(Server.java:1094) [hadoop-common-3.3.6.jar:?]
	at org.apache.hadoop.ipc.Server$RpcCall.run(Server.java:1017) [hadoop-common-3.3.6.jar:?]
	at java.security.AccessController.doPrivileged(Native Method) ~[?:1.8.0_382]
	at javax.security.auth.Subject.doAs(Subject.java:422) [?:1.8.0_382]
	at org.apache.hadoop.security.UserGroupInformation.doAs(UserGroupInformation.java:1899) [hadoop-common-3.3.6.jar:?]
	at org.apache.hadoop.ipc.Server$Handler.run(Server.java:3048) [hadoop-common-3.3.6.jar:?]
11:21:05.845 [IPC Server handler 3 on default port 15163] ERROR OMAudit - user=runner | ip=127.0.0.1 | op=GET_FILE_STATUS {volume=volume69610, bucket=bucket82402, key=level0/level2/level2, dataSize=0, replicationConfig=null} | ret=FAILURE
org.apache.hadoop.ozone.om.exceptions.OMException: Unable to get file status: volume: volume69610 bucket: bucket82402 key: level0/level2/level2
	at org.apache.hadoop.ozone.om.KeyManagerImpl.getOzoneFileStatus(KeyManagerImpl.java:1195) ~[ozone-manager-1.4.0-SNAPSHOT.jar:?]
	at org.apache.hadoop.ozone.om.KeyManagerImpl.getFileStatus(KeyManagerImpl.java:1113) ~[ozone-manager-1.4.0-SNAPSHOT.jar:?]
	at org.apache.hadoop.ozone.om.OmMetadataReader.getFileStatus(OmMetadataReader.java:262) ~[ozone-manager-1.4.0-SNAPSHOT.jar:?]
	at org.apache.hadoop.ozone.om.OzoneManager.getFileStatus(OzoneManager.java:3530) ~[ozone-manager-1.4.0-SNAPSHOT.jar:?]
	at org.apache.hadoop.ozone.protocolPB.OzoneManagerRequestHandler.getOzoneFileStatus(OzoneManagerRequestHandler.java:971) ~[ozone-manager-1.4.0-SNAPSHOT.jar:?]
	at org.apache.hadoop.ozone.protocolPB.OzoneManagerRequestHandler.handleReadRequest(OzoneManagerRequestHandler.java:250) ~[ozone-manager-1.4.0-SNAPSHOT.jar:?]
	at org.apache.hadoop.ozone.protocolPB.OzoneManagerProtocolServerSideTranslatorPB.submitRequestDirectlyToOM(OzoneManagerProtocolServerSideTranslatorPB.java:274) ~[ozone-manager-1.4.0-SNAPSHOT.jar:?]
	at org.apache.hadoop.ozone.protocolPB.OzoneManagerProtocolServerSideTranslatorPB.processRequest(OzoneManagerProtocolServerSideTranslatorPB.java:175) ~[ozone-manager-1.4.0-SNAPSHOT.jar:?]
	at org.apache.hadoop.hdds.server.OzoneProtocolMessageDispatcher.processRequest(OzoneProtocolMessageDispatcher.java:87) [hdds-server-framework-1.4.0-SNAPSHOT.jar:?]
	at org.apache.hadoop.ozone.protocolPB.OzoneManagerProtocolServerSideTranslatorPB.submitRequest(OzoneManagerProtocolServerSideTranslatorPB.java:148) [ozone-manager-1.4.0-SNAPSHOT.jar:?]
	at org.apache.hadoop.ozone.protocol.proto.OzoneManagerProtocolProtos$OzoneManagerService$2.callBlockingMethod(OzoneManagerProtocolProtos.java) [ozone-interface-client-1.4.0-SNAPSHOT.jar:?]
	at org.apache.hadoop.ipc.ProtobufRpcEngine$Server.processCall(ProtobufRpcEngine.java:484) [hadoop-common-3.3.6.jar:?]
	at org.apache.hadoop.ipc.ProtobufRpcEngine2$Server$ProtoBufRpcInvoker.call(ProtobufRpcEngine2.java:595) [hadoop-common-3.3.6.jar:?]
	at org.apache.hadoop.ipc.ProtobufRpcEngine2$Server$ProtoBufRpcInvoker.call(ProtobufRpcEngine2.java:573) [hadoop-common-3.3.6.jar:?]
	at org.apache.hadoop.ipc.RPC$Server.call(RPC.java:1227) [hadoop-common-3.3.6.jar:?]
	at org.apache.hadoop.ipc.Server$RpcCall.run(Server.java:1094) [hadoop-common-3.3.6.jar:?]
	at org.apache.hadoop.ipc.Server$RpcCall.run(Server.java:1017) [hadoop-common-3.3.6.jar:?]
	at java.security.AccessController.doPrivileged(Native Method) ~[?:1.8.0_382]
	at javax.security.auth.Subject.doAs(Subject.java:422) [?:1.8.0_382]
	at org.apache.hadoop.security.UserGroupInformation.doAs(UserGroupInformation.java:1899) [hadoop-common-3.3.6.jar:?]
	at org.apache.hadoop.ipc.Server$Handler.run(Server.java:3048) [hadoop-common-3.3.6.jar:?]
11:21:05.846 [IPC Server handler 0 on default port 15163] ERROR OMAudit - user=runner | ip=127.0.0.1 | op=GET_FILE_STATUS {volume=volume69610, bucket=bucket82402, key=level0/level2/file1, dataSize=0, replicationConfig=null} | ret=FAILURE
org.apache.hadoop.ozone.om.exceptions.OMException: Unable to get file status: volume: volume69610 bucket: bucket82402 key: level0/level2/file1
	at org.apache.hadoop.ozone.om.KeyManagerImpl.getOzoneFileStatus(KeyManagerImpl.java:1195) ~[ozone-manager-1.4.0-SNAPSHOT.jar:?]
	at org.apache.hadoop.ozone.om.KeyManagerImpl.getFileStatus(KeyManagerImpl.java:1113) ~[ozone-manager-1.4.0-SNAPSHOT.jar:?]
	at org.apache.hadoop.ozone.om.OmMetadataReader.getFileStatus(OmMetadataReader.java:262) ~[ozone-manager-1.4.0-SNAPSHOT.jar:?]
	at org.apache.hadoop.ozone.om.OzoneManager.getFileStatus(OzoneManager.java:3530) ~[ozone-manager-1.4.0-SNAPSHOT.jar:?]
	at org.apache.hadoop.ozone.protocolPB.OzoneManagerRequestHandler.getOzoneFileStatus(OzoneManagerRequestHandler.java:971) ~[ozone-manager-1.4.0-SNAPSHOT.jar:?]
	at org.apache.hadoop.ozone.protocolPB.OzoneManagerRequestHandler.handleReadRequest(OzoneManagerRequestHandler.java:250) ~[ozone-manager-1.4.0-SNAPSHOT.jar:?]
	at org.apache.hadoop.ozone.protocolPB.OzoneManagerProtocolServerSideTranslatorPB.submitRequestDirectlyToOM(OzoneManagerProtocolServerSideTranslatorPB.java:274) ~[ozone-manager-1.4.0-SNAPSHOT.jar:?]
	at org.apache.hadoop.ozone.protocolPB.OzoneManagerProtocolServerSideTranslatorPB.processRequest(OzoneManagerProtocolServerSideTranslatorPB.java:175) ~[ozone-manager-1.4.0-SNAPSHOT.jar:?]
	at org.apache.hadoop.hdds.server.OzoneProtocolMessageDispatcher.processRequest(OzoneProtocolMessageDispatcher.java:87) [hdds-server-framework-1.4.0-SNAPSHOT.jar:?]
	at org.apache.hadoop.ozone.protocolPB.OzoneManagerProtocolServerSideTranslatorPB.submitRequest(OzoneManagerProtocolServerSideTranslatorPB.java:148) [ozone-manager-1.4.0-SNAPSHOT.jar:?]
	at org.apache.hadoop.ozone.protocol.proto.OzoneManagerProtocolProtos$OzoneManagerService$2.callBlockingMethod(OzoneManagerProtocolProtos.java) [ozone-interface-client-1.4.0-SNAPSHOT.jar:?]
	at org.apache.hadoop.ipc.ProtobufRpcEngine$Server.processCall(ProtobufRpcEngine.java:484) [hadoop-common-3.3.6.jar:?]
	at org.apache.hadoop.ipc.ProtobufRpcEngine2$Server$ProtoBufRpcInvoker.call(ProtobufRpcEngine2.java:595) [hadoop-common-3.3.6.jar:?]
	at org.apache.hadoop.ipc.ProtobufRpcEngine2$Server$ProtoBufRpcInvoker.call(ProtobufRpcEngine2.java:573) [hadoop-common-3.3.6.jar:?]
	at org.apache.hadoop.ipc.RPC$Server.call(RPC.java:1227) [hadoop-common-3.3.6.jar:?]
	at org.apache.hadoop.ipc.Server$RpcCall.run(Server.java:1094) [hadoop-common-3.3.6.jar:?]
	at org.apache.hadoop.ipc.Server$RpcCall.run(Server.java:1017) [hadoop-common-3.3.6.jar:?]
	at java.security.AccessController.doPrivileged(Native Method) ~[?:1.8.0_382]
	at javax.security.auth.Subject.doAs(Subject.java:422) [?:1.8.0_382]
	at org.apache.hadoop.security.UserGroupInformation.doAs(UserGroupInformation.java:1899) [hadoop-common-3.3.6.jar:?]
	at org.apache.hadoop.ipc.Server$Handler.run(Server.java:3048) [hadoop-common-3.3.6.jar:?]
11:21:05.847 [IPC Server handler 1 on default port 15163] ERROR OMAudit - user=runner | ip=127.0.0.1 | op=GET_FILE_STATUS {volume=volume69610, bucket=bucket82402, key=level0/level2/level2/file1, dataSize=0, replicationConfig=null} | ret=FAILURE
org.apache.hadoop.ozone.om.exceptions.OMException: Unable to get file status: volume: volume69610 bucket: bucket82402 key: level0/level2/level2/file1
	at org.apache.hadoop.ozone.om.KeyManagerImpl.getOzoneFileStatus(KeyManagerImpl.java:1195) ~[ozone-manager-1.4.0-SNAPSHOT.jar:?]
	at org.apache.hadoop.ozone.om.KeyManagerImpl.getFileStatus(KeyManagerImpl.java:1113) ~[ozone-manager-1.4.0-SNAPSHOT.jar:?]
	at org.apache.hadoop.ozone.om.OmMetadataReader.getFileStatus(OmMetadataReader.java:262) ~[ozone-manager-1.4.0-SNAPSHOT.jar:?]
	at org.apache.hadoop.ozone.om.OzoneManager.getFileStatus(OzoneManager.java:3530) ~[ozone-manager-1.4.0-SNAPSHOT.jar:?]
	at org.apache.hadoop.ozone.protocolPB.OzoneManagerRequestHandler.getOzoneFileStatus(OzoneManagerRequestHandler.java:971) ~[ozone-manager-1.4.0-SNAPSHOT.jar:?]
	at org.apache.hadoop.ozone.protocolPB.OzoneManagerRequestHandler.handleReadRequest(OzoneManagerRequestHandler.java:250) ~[ozone-manager-1.4.0-SNAPSHOT.jar:?]
	at org.apache.hadoop.ozone.protocolPB.OzoneManagerProtocolServerSideTranslatorPB.submitRequestDirectlyToOM(OzoneManagerProtocolServerSideTranslatorPB.java:274) ~[ozone-manager-1.4.0-SNAPSHOT.jar:?]
	at org.apache.hadoop.ozone.protocolPB.OzoneManagerProtocolServerSideTranslatorPB.processRequest(OzoneManagerProtocolServerSideTranslatorPB.java:175) ~[ozone-manager-1.4.0-SNAPSHOT.jar:?]
	at org.apache.hadoop.hdds.server.OzoneProtocolMessageDispatcher.processRequest(OzoneProtocolMessageDispatcher.java:87) [hdds-server-framework-1.4.0-SNAPSHOT.jar:?]
	at org.apache.hadoop.ozone.protocolPB.OzoneManagerProtocolServerSideTranslatorPB.submitRequest(OzoneManagerProtocolServerSideTranslatorPB.java:148) [ozone-manager-1.4.0-SNAPSHOT.jar:?]
	at org.apache.hadoop.ozone.protocol.proto.OzoneManagerProtocolProtos$OzoneManagerService$2.callBlockingMethod(OzoneManagerProtocolProtos.java) [ozone-interface-client-1.4.0-SNAPSHOT.jar:?]
	at org.apache.hadoop.ipc.ProtobufRpcEngine$Server.processCall(ProtobufRpcEngine.java:484) [hadoop-common-3.3.6.jar:?]
	at org.apache.hadoop.ipc.ProtobufRpcEngine2$Server$ProtoBufRpcInvoker.call(ProtobufRpcEngine2.java:595) [hadoop-common-3.3.6.jar:?]
	at org.apache.hadoop.ipc.ProtobufRpcEngine2$Server$ProtoBufRpcInvoker.call(ProtobufRpcEngine2.java:573) [hadoop-common-3.3.6.jar:?]
	at org.apache.hadoop.ipc.RPC$Server.call(RPC.java:1227) [hadoop-common-3.3.6.jar:?]
	at org.apache.hadoop.ipc.Server$RpcCall.run(Server.java:1094) [hadoop-common-3.3.6.jar:?]
	at org.apache.hadoop.ipc.Server$RpcCall.run(Server.java:1017) [hadoop-common-3.3.6.jar:?]
	at java.security.AccessController.doPrivileged(Native Method) ~[?:1.8.0_382]
	at javax.security.auth.Subject.doAs(Subject.java:422) [?:1.8.0_382]
	at org.apache.hadoop.security.UserGroupInformation.doAs(UserGroupInformation.java:1899) [hadoop-common-3.3.6.jar:?]
	at org.apache.hadoop.ipc.Server$Handler.run(Server.java:3048) [hadoop-common-3.3.6.jar:?]
11:21:05.848 [IPC Server handler 6 on default port 15163] ERROR OMAudit - user=runner | ip=127.0.0.1 | op=GET_FILE_STATUS {volume=volume69610, bucket=bucket82402, key=level0/level3, dataSize=0, replicationConfig=null} | ret=FAILURE
org.apache.hadoop.ozone.om.exceptions.OMException: Unable to get file status: volume: volume69610 bucket: bucket82402 key: level0/level3
	at org.apache.hadoop.ozone.om.KeyManagerImpl.getOzoneFileStatus(KeyManagerImpl.java:1195) ~[ozone-manager-1.4.0-SNAPSHOT.jar:?]
	at org.apache.hadoop.ozone.om.KeyManagerImpl.getFileStatus(KeyManagerImpl.java:1113) ~[ozone-manager-1.4.0-SNAPSHOT.jar:?]
	at org.apache.hadoop.ozone.om.OmMetadataReader.getFileStatus(OmMetadataReader.java:262) ~[ozone-manager-1.4.0-SNAPSHOT.jar:?]
	at org.apache.hadoop.ozone.om.OzoneManager.getFileStatus(OzoneManager.java:3530) ~[ozone-manager-1.4.0-SNAPSHOT.jar:?]
	at org.apache.hadoop.ozone.protocolPB.OzoneManagerRequestHandler.getOzoneFileStatus(OzoneManagerRequestHandler.java:971) ~[ozone-manager-1.4.0-SNAPSHOT.jar:?]
	at org.apache.hadoop.ozone.protocolPB.OzoneManagerRequestHandler.handleReadRequest(OzoneManagerRequestHandler.java:250) ~[ozone-manager-1.4.0-SNAPSHOT.jar:?]
	at org.apache.hadoop.ozone.protocolPB.OzoneManagerProtocolServerSideTranslatorPB.submitRequestDirectlyToOM(OzoneManagerProtocolServerSideTranslatorPB.java:274) ~[ozone-manager-1.4.0-SNAPSHOT.jar:?]
	at org.apache.hadoop.ozone.protocolPB.OzoneManagerProtocolServerSideTranslatorPB.processRequest(OzoneManagerProtocolServerSideTranslatorPB.java:175) ~[ozone-manager-1.4.0-SNAPSHOT.jar:?]
	at org.apache.hadoop.hdds.server.OzoneProtocolMessageDispatcher.processRequest(OzoneProtocolMessageDispatcher.java:87) [hdds-server-framework-1.4.0-SNAPSHOT.jar:?]
	at org.apache.hadoop.ozone.protocolPB.OzoneManagerProtocolServerSideTranslatorPB.submitRequest(OzoneManagerProtocolServerSideTranslatorPB.java:148) [ozone-manager-1.4.0-SNAPSHOT.jar:?]
	at org.apache.hadoop.ozone.protocol.proto.OzoneManagerProtocolProtos$OzoneManagerService$2.callBlockingMethod(OzoneManagerProtocolProtos.java) [ozone-interface-client-1.4.0-SNAPSHOT.jar:?]
	at org.apache.hadoop.ipc.ProtobufRpcEngine$Server.processCall(ProtobufRpcEngine.java:484) [hadoop-common-3.3.6.jar:?]
	at org.apache.hadoop.ipc.ProtobufRpcEngine2$Server$ProtoBufRpcInvoker.call(ProtobufRpcEngine2.java:595) [hadoop-common-3.3.6.jar:?]
	at org.apache.hadoop.ipc.ProtobufRpcEngine2$Server$ProtoBufRpcInvoker.call(ProtobufRpcEngine2.java:573) [hadoop-common-3.3.6.jar:?]
	at org.apache.hadoop.ipc.RPC$Server.call(RPC.java:1227) [hadoop-common-3.3.6.jar:?]
	at org.apache.hadoop.ipc.Server$RpcCall.run(Server.java:1094) [hadoop-common-3.3.6.jar:?]
	at org.apache.hadoop.ipc.Server$RpcCall.run(Server.java:1017) [hadoop-common-3.3.6.jar:?]
	at java.security.AccessController.doPrivileged(Native Method) ~[?:1.8.0_382]
	at javax.security.auth.Subject.doAs(Subject.java:422) [?:1.8.0_382]
	at org.apache.hadoop.security.UserGroupInformation.doAs(UserGroupInformation.java:1899) [hadoop-common-3.3.6.jar:?]
	at org.apache.hadoop.ipc.Server$Handler.run(Server.java:3048) [hadoop-common-3.3.6.jar:?]
11:21:05.851 [IPC Server handler 4 on default port 15163] ERROR OMAudit - user=runner | ip=127.0.0.1 | op=GET_FILE_STATUS {volume=volume69610, bucket=bucket82402, key=level0/level3/level3, dataSize=0, replicationConfig=null} | ret=FAILURE
org.apache.hadoop.ozone.om.exceptions.OMException: Unable to get file status: volume: volume69610 bucket: bucket82402 key: level0/level3/level3
	at org.apache.hadoop.ozone.om.KeyManagerImpl.getOzoneFileStatus(KeyManagerImpl.java:1195) ~[ozone-manager-1.4.0-SNAPSHOT.jar:?]
	at org.apache.hadoop.ozone.om.KeyManagerImpl.getFileStatus(KeyManagerImpl.java:1113) ~[ozone-manager-1.4.0-SNAPSHOT.jar:?]
	at org.apache.hadoop.ozone.om.OmMetadataReader.getFileStatus(OmMetadataReader.java:262) ~[ozone-manager-1.4.0-SNAPSHOT.jar:?]
	at org.apache.hadoop.ozone.om.OzoneManager.getFileStatus(OzoneManager.java:3530) ~[ozone-manager-1.4.0-SNAPSHOT.jar:?]
	at org.apache.hadoop.ozone.protocolPB.OzoneManagerRequestHandler.getOzoneFileStatus(OzoneManagerRequestHandler.java:971) ~[ozone-manager-1.4.0-SNAPSHOT.jar:?]
	at org.apache.hadoop.ozone.protocolPB.OzoneManagerRequestHandler.handleReadRequest(OzoneManagerRequestHandler.java:250) ~[ozone-manager-1.4.0-SNAPSHOT.jar:?]
	at org.apache.hadoop.ozone.protocolPB.OzoneManagerProtocolServerSideTranslatorPB.submitRequestDirectlyToOM(OzoneManagerProtocolServerSideTranslatorPB.java:274) ~[ozone-manager-1.4.0-SNAPSHOT.jar:?]
	at org.apache.hadoop.ozone.protocolPB.OzoneManagerProtocolServerSideTranslatorPB.processRequest(OzoneManagerProtocolServerSideTranslatorPB.java:175) ~[ozone-manager-1.4.0-SNAPSHOT.jar:?]
	at org.apache.hadoop.hdds.server.OzoneProtocolMessageDispatcher.processRequest(OzoneProtocolMessageDispatcher.java:87) [hdds-server-framework-1.4.0-SNAPSHOT.jar:?]
	at org.apache.hadoop.ozone.protocolPB.OzoneManagerProtocolServerSideTranslatorPB.submitRequest(OzoneManagerProtocolServerSideTranslatorPB.java:148) [ozone-manager-1.4.0-SNAPSHOT.jar:?]
	at org.apache.hadoop.ozone.protocol.proto.OzoneManagerProtocolProtos$OzoneManagerService$2.callBlockingMethod(OzoneManagerProtocolProtos.java) [ozone-interface-client-1.4.0-SNAPSHOT.jar:?]
	at org.apache.hadoop.ipc.ProtobufRpcEngine$Server.processCall(ProtobufRpcEngine.java:484) [hadoop-common-3.3.6.jar:?]
	at org.apache.hadoop.ipc.ProtobufRpcEngine2$Server$ProtoBufRpcInvoker.call(ProtobufRpcEngine2.java:595) [hadoop-common-3.3.6.jar:?]
	at org.apache.hadoop.ipc.ProtobufRpcEngine2$Server$ProtoBufRpcInvoker.call(ProtobufRpcEngine2.java:573) [hadoop-common-3.3.6.jar:?]
	at org.apache.hadoop.ipc.RPC$Server.call(RPC.java:1227) [hadoop-common-3.3.6.jar:?]
	at org.apache.hadoop.ipc.Server$RpcCall.run(Server.java:1094) [hadoop-common-3.3.6.jar:?]
	at org.apache.hadoop.ipc.Server$RpcCall.run(Server.java:1017) [hadoop-common-3.3.6.jar:?]
	at java.security.AccessController.doPrivileged(Native Method) ~[?:1.8.0_382]
	at javax.security.auth.Subject.doAs(Subject.java:422) [?:1.8.0_382]
	at org.apache.hadoop.security.UserGroupInformation.doAs(UserGroupInformation.java:1899) [hadoop-common-3.3.6.jar:?]
	at org.apache.hadoop.ipc.Server$Handler.run(Server.java:3048) [hadoop-common-3.3.6.jar:?]
11:21:05.852 [IPC Server handler 17 on default port 15163] ERROR OMAudit - user=runner | ip=127.0.0.1 | op=GET_FILE_STATUS {volume=volume69610, bucket=bucket82402, key=level0/level3/file1, dataSize=0, replicationConfig=null} | ret=FAILURE
org.apache.hadoop.ozone.om.exceptions.OMException: Unable to get file status: volume: volume69610 bucket: bucket82402 key: level0/level3/file1
	at org.apache.hadoop.ozone.om.KeyManagerImpl.getOzoneFileStatus(KeyManagerImpl.java:1195) ~[ozone-manager-1.4.0-SNAPSHOT.jar:?]
	at org.apache.hadoop.ozone.om.KeyManagerImpl.getFileStatus(KeyManagerImpl.java:1113) ~[ozone-manager-1.4.0-SNAPSHOT.jar:?]
	at org.apache.hadoop.ozone.om.OmMetadataReader.getFileStatus(OmMetadataReader.java:262) ~[ozone-manager-1.4.0-SNAPSHOT.jar:?]
	at org.apache.hadoop.ozone.om.OzoneManager.getFileStatus(OzoneManager.java:3530) ~[ozone-manager-1.4.0-SNAPSHOT.jar:?]
	at org.apache.hadoop.ozone.protocolPB.OzoneManagerRequestHandler.getOzoneFileStatus(OzoneManagerRequestHandler.java:971) ~[ozone-manager-1.4.0-SNAPSHOT.jar:?]
	at org.apache.hadoop.ozone.protocolPB.OzoneManagerRequestHandler.handleReadRequest(OzoneManagerRequestHandler.java:250) ~[ozone-manager-1.4.0-SNAPSHOT.jar:?]
	at org.apache.hadoop.ozone.protocolPB.OzoneManagerProtocolServerSideTranslatorPB.submitRequestDirectlyToOM(OzoneManagerProtocolServerSideTranslatorPB.java:274) ~[ozone-manager-1.4.0-SNAPSHOT.jar:?]
	at org.apache.hadoop.ozone.protocolPB.OzoneManagerProtocolServerSideTranslatorPB.processRequest(OzoneManagerProtocolServerSideTranslatorPB.java:175) ~[ozone-manager-1.4.0-SNAPSHOT.jar:?]
	at org.apache.hadoop.hdds.server.OzoneProtocolMessageDispatcher.processRequest(OzoneProtocolMessageDispatcher.java:87) [hdds-server-framework-1.4.0-SNAPSHOT.jar:?]
	at org.apache.hadoop.ozone.protocolPB.OzoneManagerProtocolServerSideTranslatorPB.submitRequest(OzoneManagerProtocolServerSideTranslatorPB.java:148) [ozone-manager-1.4.0-SNAPSHOT.jar:?]
	at org.apache.hadoop.ozone.protocol.proto.OzoneManagerProtocolProtos$OzoneManagerService$2.callBlockingMethod(OzoneManagerProtocolProtos.java) [ozone-interface-client-1.4.0-SNAPSHOT.jar:?]
	at org.apache.hadoop.ipc.ProtobufRpcEngine$Server.processCall(ProtobufRpcEngine.java:484) [hadoop-common-3.3.6.jar:?]
	at org.apache.hadoop.ipc.ProtobufRpcEngine2$Server$ProtoBufRpcInvoker.call(ProtobufRpcEngine2.java:595) [hadoop-common-3.3.6.jar:?]
	at org.apache.hadoop.ipc.ProtobufRpcEngine2$Server$ProtoBufRpcInvoker.call(ProtobufRpcEngine2.java:573) [hadoop-common-3.3.6.jar:?]
	at org.apache.hadoop.ipc.RPC$Server.call(RPC.java:1227) [hadoop-common-3.3.6.jar:?]
	at org.apache.hadoop.ipc.Server$RpcCall.run(Server.java:1094) [hadoop-common-3.3.6.jar:?]
	at org.apache.hadoop.ipc.Server$RpcCall.run(Server.java:1017) [hadoop-common-3.3.6.jar:?]
	at java.security.AccessController.doPrivileged(Native Method) ~[?:1.8.0_382]
	at javax.security.auth.Subject.doAs(Subject.java:422) [?:1.8.0_382]
	at org.apache.hadoop.security.UserGroupInformation.doAs(UserGroupInformation.java:1899) [hadoop-common-3.3.6.jar:?]
	at org.apache.hadoop.ipc.Server$Handler.run(Server.java:3048) [hadoop-common-3.3.6.jar:?]
11:21:05.853 [IPC Server handler 19 on default port 15163] ERROR OMAudit - user=runner | ip=127.0.0.1 | op=GET_FILE_STATUS {volume=volume69610, bucket=bucket82402, key=level0/level3/level3/file1, dataSize=0, replicationConfig=null} | ret=FAILURE
org.apache.hadoop.ozone.om.exceptions.OMException: Unable to get file status: volume: volume69610 bucket: bucket82402 key: level0/level3/level3/file1
	at org.apache.hadoop.ozone.om.KeyManagerImpl.getOzoneFileStatus(KeyManagerImpl.java:1195) ~[ozone-manager-1.4.0-SNAPSHOT.jar:?]
	at org.apache.hadoop.ozone.om.KeyManagerImpl.getFileStatus(KeyManagerImpl.java:1113) ~[ozone-manager-1.4.0-SNAPSHOT.jar:?]
	at org.apache.hadoop.ozone.om.OmMetadataReader.getFileStatus(OmMetadataReader.java:262) ~[ozone-manager-1.4.0-SNAPSHOT.jar:?]
	at org.apache.hadoop.ozone.om.OzoneManager.getFileStatus(OzoneManager.java:3530) ~[ozone-manager-1.4.0-SNAPSHOT.jar:?]
	at org.apache.hadoop.ozone.protocolPB.OzoneManagerRequestHandler.getOzoneFileStatus(OzoneManagerRequestHandler.java:971) ~[ozone-manager-1.4.0-SNAPSHOT.jar:?]
	at org.apache.hadoop.ozone.protocolPB.OzoneManagerRequestHandler.handleReadRequest(OzoneManagerRequestHandler.java:250) ~[ozone-manager-1.4.0-SNAPSHOT.jar:?]
	at org.apache.hadoop.ozone.protocolPB.OzoneManagerProtocolServerSideTranslatorPB.submitRequestDirectlyToOM(OzoneManagerProtocolServerSideTranslatorPB.java:274) ~[ozone-manager-1.4.0-SNAPSHOT.jar:?]
	at org.apache.hadoop.ozone.protocolPB.OzoneManagerProtocolServerSideTranslatorPB.processRequest(OzoneManagerProtocolServerSideTranslatorPB.java:175) ~[ozone-manager-1.4.0-SNAPSHOT.jar:?]
	at org.apache.hadoop.hdds.server.OzoneProtocolMessageDispatcher.processRequest(OzoneProtocolMessageDispatcher.java:87) [hdds-server-framework-1.4.0-SNAPSHOT.jar:?]
	at org.apache.hadoop.ozone.protocolPB.OzoneManagerProtocolServerSideTranslatorPB.submitRequest(OzoneManagerProtocolServerSideTranslatorPB.java:148) [ozone-manager-1.4.0-SNAPSHOT.jar:?]
	at org.apache.hadoop.ozone.protocol.proto.OzoneManagerProtocolProtos$OzoneManagerService$2.callBlockingMethod(OzoneManagerProtocolProtos.java) [ozone-interface-client-1.4.0-SNAPSHOT.jar:?]
	at org.apache.hadoop.ipc.ProtobufRpcEngine$Server.processCall(ProtobufRpcEngine.java:484) [hadoop-common-3.3.6.jar:?]
	at org.apache.hadoop.ipc.ProtobufRpcEngine2$Server$ProtoBufRpcInvoker.call(ProtobufRpcEngine2.java:595) [hadoop-common-3.3.6.jar:?]
	at org.apache.hadoop.ipc.ProtobufRpcEngine2$Server$ProtoBufRpcInvoker.call(ProtobufRpcEngine2.java:573) [hadoop-common-3.3.6.jar:?]
	at org.apache.hadoop.ipc.RPC$Server.call(RPC.java:1227) [hadoop-common-3.3.6.jar:?]
	at org.apache.hadoop.ipc.Server$RpcCall.run(Server.java:1094) [hadoop-common-3.3.6.jar:?]
	at org.apache.hadoop.ipc.Server$RpcCall.run(Server.java:1017) [hadoop-common-3.3.6.jar:?]
	at java.security.AccessController.doPrivileged(Native Method) ~[?:1.8.0_382]
	at javax.security.auth.Subject.doAs(Subject.java:422) [?:1.8.0_382]
	at org.apache.hadoop.security.UserGroupInformation.doAs(UserGroupInformation.java:1899) [hadoop-common-3.3.6.jar:?]
	at org.apache.hadoop.ipc.Server$Handler.run(Server.java:3048) [hadoop-common-3.3.6.jar:?]
]]></system-out>
  </testcase>
  <testcase name="testGetTrashRoots" classname="TestOzoneFileSystem" time="0.104">
    <system-out><![CDATA[11:16:43.119 [IPC Server handler 4 on default port 15004] ERROR OMAudit - user=runner | ip=127.0.0.1 | op=GET_FILE_STATUS {volume=volume76163, bucket=bucket78113, key=.Trash/runner, dataSize=0, replicationConfig=null} | ret=FAILURE
org.apache.hadoop.ozone.om.exceptions.OMException: Unable to get file status: volume: volume76163 bucket: bucket78113 key: .Trash/runner
	at org.apache.hadoop.ozone.om.KeyManagerImpl.getOzoneFileStatus(KeyManagerImpl.java:1195) ~[ozone-manager-1.4.0-SNAPSHOT.jar:?]
	at org.apache.hadoop.ozone.om.KeyManagerImpl.getFileStatus(KeyManagerImpl.java:1113) ~[ozone-manager-1.4.0-SNAPSHOT.jar:?]
	at org.apache.hadoop.ozone.om.OmMetadataReader.getFileStatus(OmMetadataReader.java:262) ~[ozone-manager-1.4.0-SNAPSHOT.jar:?]
	at org.apache.hadoop.ozone.om.OzoneManager.getFileStatus(OzoneManager.java:3530) ~[ozone-manager-1.4.0-SNAPSHOT.jar:?]
	at org.apache.hadoop.ozone.protocolPB.OzoneManagerRequestHandler.getOzoneFileStatus(OzoneManagerRequestHandler.java:971) ~[ozone-manager-1.4.0-SNAPSHOT.jar:?]
	at org.apache.hadoop.ozone.protocolPB.OzoneManagerRequestHandler.handleReadRequest(OzoneManagerRequestHandler.java:250) ~[ozone-manager-1.4.0-SNAPSHOT.jar:?]
	at org.apache.hadoop.ozone.protocolPB.OzoneManagerProtocolServerSideTranslatorPB.submitReadRequestToOM(OzoneManagerProtocolServerSideTranslatorPB.java:225) ~[ozone-manager-1.4.0-SNAPSHOT.jar:?]
	at org.apache.hadoop.ozone.protocolPB.OzoneManagerProtocolServerSideTranslatorPB.processRequest(OzoneManagerProtocolServerSideTranslatorPB.java:179) ~[ozone-manager-1.4.0-SNAPSHOT.jar:?]
	at org.apache.hadoop.hdds.server.OzoneProtocolMessageDispatcher.processRequest(OzoneProtocolMessageDispatcher.java:87) [hdds-server-framework-1.4.0-SNAPSHOT.jar:?]
	at org.apache.hadoop.ozone.protocolPB.OzoneManagerProtocolServerSideTranslatorPB.submitRequest(OzoneManagerProtocolServerSideTranslatorPB.java:148) [ozone-manager-1.4.0-SNAPSHOT.jar:?]
	at org.apache.hadoop.ozone.protocol.proto.OzoneManagerProtocolProtos$OzoneManagerService$2.callBlockingMethod(OzoneManagerProtocolProtos.java) [ozone-interface-client-1.4.0-SNAPSHOT.jar:?]
	at org.apache.hadoop.ipc.ProtobufRpcEngine$Server.processCall(ProtobufRpcEngine.java:484) [hadoop-common-3.3.6.jar:?]
	at org.apache.hadoop.ipc.ProtobufRpcEngine2$Server$ProtoBufRpcInvoker.call(ProtobufRpcEngine2.java:595) [hadoop-common-3.3.6.jar:?]
	at org.apache.hadoop.ipc.ProtobufRpcEngine2$Server$ProtoBufRpcInvoker.call(ProtobufRpcEngine2.java:573) [hadoop-common-3.3.6.jar:?]
	at org.apache.hadoop.ipc.RPC$Server.call(RPC.java:1227) [hadoop-common-3.3.6.jar:?]
	at org.apache.hadoop.ipc.Server$RpcCall.run(Server.java:1094) [hadoop-common-3.3.6.jar:?]
	at org.apache.hadoop.ipc.Server$RpcCall.run(Server.java:1017) [hadoop-common-3.3.6.jar:?]
	at java.security.AccessController.doPrivileged(Native Method) ~[?:1.8.0_382]
	at javax.security.auth.Subject.doAs(Subject.java:422) [?:1.8.0_382]
	at org.apache.hadoop.security.UserGroupInformation.doAs(UserGroupInformation.java:1899) [hadoop-common-3.3.6.jar:?]
	at org.apache.hadoop.ipc.Server$Handler.run(Server.java:3048) [hadoop-common-3.3.6.jar:?]
]]></system-out>
  </testcase>
  <testcase name="testGetTrashRoots" classname="TestOzoneFileSystem" time="0.048">
    <system-out><![CDATA[11:18:20.025 [IPC Server handler 3 on default port 15057] ERROR OMAudit - user=runner | ip=127.0.0.1 | op=GET_FILE_STATUS {volume=volume79664, bucket=bucket82507, key=.Trash/runner, dataSize=0, replicationConfig=null} | ret=FAILURE
org.apache.hadoop.ozone.om.exceptions.OMException: Unable to get file status: volume: volume79664 bucket: bucket82507 key: .Trash/runner
	at org.apache.hadoop.ozone.om.KeyManagerImpl.getOzoneFileStatus(KeyManagerImpl.java:1195) ~[ozone-manager-1.4.0-SNAPSHOT.jar:?]
	at org.apache.hadoop.ozone.om.KeyManagerImpl.getFileStatus(KeyManagerImpl.java:1113) ~[ozone-manager-1.4.0-SNAPSHOT.jar:?]
	at org.apache.hadoop.ozone.om.OmMetadataReader.getFileStatus(OmMetadataReader.java:262) ~[ozone-manager-1.4.0-SNAPSHOT.jar:?]
	at org.apache.hadoop.ozone.om.OzoneManager.getFileStatus(OzoneManager.java:3530) ~[ozone-manager-1.4.0-SNAPSHOT.jar:?]
	at org.apache.hadoop.ozone.protocolPB.OzoneManagerRequestHandler.getOzoneFileStatus(OzoneManagerRequestHandler.java:971) ~[ozone-manager-1.4.0-SNAPSHOT.jar:?]
	at org.apache.hadoop.ozone.protocolPB.OzoneManagerRequestHandler.handleReadRequest(OzoneManagerRequestHandler.java:250) ~[ozone-manager-1.4.0-SNAPSHOT.jar:?]
	at org.apache.hadoop.ozone.protocolPB.OzoneManagerProtocolServerSideTranslatorPB.submitRequestDirectlyToOM(OzoneManagerProtocolServerSideTranslatorPB.java:274) ~[ozone-manager-1.4.0-SNAPSHOT.jar:?]
	at org.apache.hadoop.ozone.protocolPB.OzoneManagerProtocolServerSideTranslatorPB.processRequest(OzoneManagerProtocolServerSideTranslatorPB.java:175) ~[ozone-manager-1.4.0-SNAPSHOT.jar:?]
	at org.apache.hadoop.hdds.server.OzoneProtocolMessageDispatcher.processRequest(OzoneProtocolMessageDispatcher.java:87) [hdds-server-framework-1.4.0-SNAPSHOT.jar:?]
	at org.apache.hadoop.ozone.protocolPB.OzoneManagerProtocolServerSideTranslatorPB.submitRequest(OzoneManagerProtocolServerSideTranslatorPB.java:148) [ozone-manager-1.4.0-SNAPSHOT.jar:?]
	at org.apache.hadoop.ozone.protocol.proto.OzoneManagerProtocolProtos$OzoneManagerService$2.callBlockingMethod(OzoneManagerProtocolProtos.java) [ozone-interface-client-1.4.0-SNAPSHOT.jar:?]
	at org.apache.hadoop.ipc.ProtobufRpcEngine$Server.processCall(ProtobufRpcEngine.java:484) [hadoop-common-3.3.6.jar:?]
	at org.apache.hadoop.ipc.ProtobufRpcEngine2$Server$ProtoBufRpcInvoker.call(ProtobufRpcEngine2.java:595) [hadoop-common-3.3.6.jar:?]
	at org.apache.hadoop.ipc.ProtobufRpcEngine2$Server$ProtoBufRpcInvoker.call(ProtobufRpcEngine2.java:573) [hadoop-common-3.3.6.jar:?]
	at org.apache.hadoop.ipc.RPC$Server.call(RPC.java:1227) [hadoop-common-3.3.6.jar:?]
	at org.apache.hadoop.ipc.Server$RpcCall.run(Server.java:1094) [hadoop-common-3.3.6.jar:?]
	at org.apache.hadoop.ipc.Server$RpcCall.run(Server.java:1017) [hadoop-common-3.3.6.jar:?]
	at java.security.AccessController.doPrivileged(Native Method) ~[?:1.8.0_382]
	at javax.security.auth.Subject.doAs(Subject.java:422) [?:1.8.0_382]
	at org.apache.hadoop.security.UserGroupInformation.doAs(UserGroupInformation.java:1899) [hadoop-common-3.3.6.jar:?]
	at org.apache.hadoop.ipc.Server$Handler.run(Server.java:3048) [hadoop-common-3.3.6.jar:?]
]]></system-out>
  </testcase>
  <testcase name="testGetTrashRoots" classname="TestOzoneFileSystem" time="0.038">
    <system-out><![CDATA[11:19:37.983 [IPC Server handler 5 on default port 15110] ERROR OMAudit - user=runner | ip=127.0.0.1 | op=GET_FILE_STATUS {volume=volume57283, bucket=bucket81356, key=.Trash/runner, dataSize=0, replicationConfig=null} | ret=FAILURE
org.apache.hadoop.ozone.om.exceptions.OMException: Unable to get file status: volume: volume57283 bucket: bucket81356 key: .Trash/runner
	at org.apache.hadoop.ozone.om.KeyManagerImpl.getOzoneFileStatus(KeyManagerImpl.java:1195) ~[ozone-manager-1.4.0-SNAPSHOT.jar:?]
	at org.apache.hadoop.ozone.om.KeyManagerImpl.getFileStatus(KeyManagerImpl.java:1113) ~[ozone-manager-1.4.0-SNAPSHOT.jar:?]
	at org.apache.hadoop.ozone.om.OmMetadataReader.getFileStatus(OmMetadataReader.java:262) ~[ozone-manager-1.4.0-SNAPSHOT.jar:?]
	at org.apache.hadoop.ozone.om.OzoneManager.getFileStatus(OzoneManager.java:3530) ~[ozone-manager-1.4.0-SNAPSHOT.jar:?]
	at org.apache.hadoop.ozone.protocolPB.OzoneManagerRequestHandler.getOzoneFileStatus(OzoneManagerRequestHandler.java:971) ~[ozone-manager-1.4.0-SNAPSHOT.jar:?]
	at org.apache.hadoop.ozone.protocolPB.OzoneManagerRequestHandler.handleReadRequest(OzoneManagerRequestHandler.java:250) ~[ozone-manager-1.4.0-SNAPSHOT.jar:?]
	at org.apache.hadoop.ozone.protocolPB.OzoneManagerProtocolServerSideTranslatorPB.submitReadRequestToOM(OzoneManagerProtocolServerSideTranslatorPB.java:225) ~[ozone-manager-1.4.0-SNAPSHOT.jar:?]
	at org.apache.hadoop.ozone.protocolPB.OzoneManagerProtocolServerSideTranslatorPB.processRequest(OzoneManagerProtocolServerSideTranslatorPB.java:179) ~[ozone-manager-1.4.0-SNAPSHOT.jar:?]
	at org.apache.hadoop.hdds.server.OzoneProtocolMessageDispatcher.processRequest(OzoneProtocolMessageDispatcher.java:87) [hdds-server-framework-1.4.0-SNAPSHOT.jar:?]
	at org.apache.hadoop.ozone.protocolPB.OzoneManagerProtocolServerSideTranslatorPB.submitRequest(OzoneManagerProtocolServerSideTranslatorPB.java:148) [ozone-manager-1.4.0-SNAPSHOT.jar:?]
	at org.apache.hadoop.ozone.protocol.proto.OzoneManagerProtocolProtos$OzoneManagerService$2.callBlockingMethod(OzoneManagerProtocolProtos.java) [ozone-interface-client-1.4.0-SNAPSHOT.jar:?]
	at org.apache.hadoop.ipc.ProtobufRpcEngine$Server.processCall(ProtobufRpcEngine.java:484) [hadoop-common-3.3.6.jar:?]
	at org.apache.hadoop.ipc.ProtobufRpcEngine2$Server$ProtoBufRpcInvoker.call(ProtobufRpcEngine2.java:595) [hadoop-common-3.3.6.jar:?]
	at org.apache.hadoop.ipc.ProtobufRpcEngine2$Server$ProtoBufRpcInvoker.call(ProtobufRpcEngine2.java:573) [hadoop-common-3.3.6.jar:?]
	at org.apache.hadoop.ipc.RPC$Server.call(RPC.java:1227) [hadoop-common-3.3.6.jar:?]
	at org.apache.hadoop.ipc.Server$RpcCall.run(Server.java:1094) [hadoop-common-3.3.6.jar:?]
	at org.apache.hadoop.ipc.Server$RpcCall.run(Server.java:1017) [hadoop-common-3.3.6.jar:?]
	at java.security.AccessController.doPrivileged(Native Method) ~[?:1.8.0_382]
	at javax.security.auth.Subject.doAs(Subject.java:422) [?:1.8.0_382]
	at org.apache.hadoop.security.UserGroupInformation.doAs(UserGroupInformation.java:1899) [hadoop-common-3.3.6.jar:?]
	at org.apache.hadoop.ipc.Server$Handler.run(Server.java:3048) [hadoop-common-3.3.6.jar:?]
]]></system-out>
  </testcase>
  <testcase name="testGetTrashRoots" classname="TestOzoneFileSystem" time="0.029">
    <system-out><![CDATA[11:21:05.857 [IPC Server handler 14 on default port 15163] ERROR OMAudit - user=runner | ip=127.0.0.1 | op=GET_FILE_STATUS {volume=volume69610, bucket=bucket82402, key=.Trash/runner, dataSize=0, replicationConfig=null} | ret=FAILURE
org.apache.hadoop.ozone.om.exceptions.OMException: Unable to get file status: volume: volume69610 bucket: bucket82402 key: .Trash/runner
	at org.apache.hadoop.ozone.om.KeyManagerImpl.getOzoneFileStatus(KeyManagerImpl.java:1195) ~[ozone-manager-1.4.0-SNAPSHOT.jar:?]
	at org.apache.hadoop.ozone.om.KeyManagerImpl.getFileStatus(KeyManagerImpl.java:1113) ~[ozone-manager-1.4.0-SNAPSHOT.jar:?]
	at org.apache.hadoop.ozone.om.OmMetadataReader.getFileStatus(OmMetadataReader.java:262) ~[ozone-manager-1.4.0-SNAPSHOT.jar:?]
	at org.apache.hadoop.ozone.om.OzoneManager.getFileStatus(OzoneManager.java:3530) ~[ozone-manager-1.4.0-SNAPSHOT.jar:?]
	at org.apache.hadoop.ozone.protocolPB.OzoneManagerRequestHandler.getOzoneFileStatus(OzoneManagerRequestHandler.java:971) ~[ozone-manager-1.4.0-SNAPSHOT.jar:?]
	at org.apache.hadoop.ozone.protocolPB.OzoneManagerRequestHandler.handleReadRequest(OzoneManagerRequestHandler.java:250) ~[ozone-manager-1.4.0-SNAPSHOT.jar:?]
	at org.apache.hadoop.ozone.protocolPB.OzoneManagerProtocolServerSideTranslatorPB.submitRequestDirectlyToOM(OzoneManagerProtocolServerSideTranslatorPB.java:274) ~[ozone-manager-1.4.0-SNAPSHOT.jar:?]
	at org.apache.hadoop.ozone.protocolPB.OzoneManagerProtocolServerSideTranslatorPB.processRequest(OzoneManagerProtocolServerSideTranslatorPB.java:175) ~[ozone-manager-1.4.0-SNAPSHOT.jar:?]
	at org.apache.hadoop.hdds.server.OzoneProtocolMessageDispatcher.processRequest(OzoneProtocolMessageDispatcher.java:87) [hdds-server-framework-1.4.0-SNAPSHOT.jar:?]
	at org.apache.hadoop.ozone.protocolPB.OzoneManagerProtocolServerSideTranslatorPB.submitRequest(OzoneManagerProtocolServerSideTranslatorPB.java:148) [ozone-manager-1.4.0-SNAPSHOT.jar:?]
	at org.apache.hadoop.ozone.protocol.proto.OzoneManagerProtocolProtos$OzoneManagerService$2.callBlockingMethod(OzoneManagerProtocolProtos.java) [ozone-interface-client-1.4.0-SNAPSHOT.jar:?]
	at org.apache.hadoop.ipc.ProtobufRpcEngine$Server.processCall(ProtobufRpcEngine.java:484) [hadoop-common-3.3.6.jar:?]
	at org.apache.hadoop.ipc.ProtobufRpcEngine2$Server$ProtoBufRpcInvoker.call(ProtobufRpcEngine2.java:595) [hadoop-common-3.3.6.jar:?]
	at org.apache.hadoop.ipc.ProtobufRpcEngine2$Server$ProtoBufRpcInvoker.call(ProtobufRpcEngine2.java:573) [hadoop-common-3.3.6.jar:?]
	at org.apache.hadoop.ipc.RPC$Server.call(RPC.java:1227) [hadoop-common-3.3.6.jar:?]
	at org.apache.hadoop.ipc.Server$RpcCall.run(Server.java:1094) [hadoop-common-3.3.6.jar:?]
	at org.apache.hadoop.ipc.Server$RpcCall.run(Server.java:1017) [hadoop-common-3.3.6.jar:?]
	at java.security.AccessController.doPrivileged(Native Method) ~[?:1.8.0_382]
	at javax.security.auth.Subject.doAs(Subject.java:422) [?:1.8.0_382]
	at org.apache.hadoop.security.UserGroupInformation.doAs(UserGroupInformation.java:1899) [hadoop-common-3.3.6.jar:?]
	at org.apache.hadoop.ipc.Server$Handler.run(Server.java:3048) [hadoop-common-3.3.6.jar:?]
]]></system-out>
  </testcase>
  <testcase name="testCreateDoesNotAddParentDirKeys" classname="TestOzoneFileSystem" time="0.054">
    <system-out><![CDATA[11:16:43.253 [IPC Server handler 7 on default port 15004] ERROR OMAudit - user=runner | ip=127.0.0.1 | op=READ_KEY {volume=volume76163, bucket=bucket78113, key=testCreateDoesNotAddParentDirKeys/parent/, dataSize=0, replicationConfig=null} | ret=FAILURE
org.apache.hadoop.ozone.om.exceptions.OMException: Key:testCreateDoesNotAddParentDirKeys/parent not found
	at org.apache.hadoop.ozone.om.KeyManagerImpl.readKeyInfo(KeyManagerImpl.java:427) ~[ozone-manager-1.4.0-SNAPSHOT.jar:?]
	at org.apache.hadoop.ozone.om.KeyManagerImpl.lambda$9(KeyManagerImpl.java:1931) ~[ozone-manager-1.4.0-SNAPSHOT.jar:?]
	at org.apache.hadoop.util.MetricUtil.captureLatencyNs(MetricUtil.java:39) ~[hdds-common-1.4.0-SNAPSHOT.jar:?]
	at org.apache.hadoop.ozone.om.KeyManagerImpl.getKeyInfo(KeyManagerImpl.java:1929) ~[ozone-manager-1.4.0-SNAPSHOT.jar:?]
	at org.apache.hadoop.ozone.om.OmMetadataReader.getKeyInfo(OmMetadataReader.java:185) ~[ozone-manager-1.4.0-SNAPSHOT.jar:?]
	at org.apache.hadoop.ozone.om.OzoneManager.getKeyInfo(OzoneManager.java:2827) ~[ozone-manager-1.4.0-SNAPSHOT.jar:?]
	at org.apache.hadoop.ozone.protocolPB.OzoneManagerRequestHandler.getKeyInfo(OzoneManagerRequestHandler.java:585) ~[ozone-manager-1.4.0-SNAPSHOT.jar:?]
	at org.apache.hadoop.ozone.protocolPB.OzoneManagerRequestHandler.handleReadRequest(OzoneManagerRequestHandler.java:304) ~[ozone-manager-1.4.0-SNAPSHOT.jar:?]
	at org.apache.hadoop.ozone.protocolPB.OzoneManagerProtocolServerSideTranslatorPB.submitReadRequestToOM(OzoneManagerProtocolServerSideTranslatorPB.java:225) ~[ozone-manager-1.4.0-SNAPSHOT.jar:?]
	at org.apache.hadoop.ozone.protocolPB.OzoneManagerProtocolServerSideTranslatorPB.processRequest(OzoneManagerProtocolServerSideTranslatorPB.java:179) ~[ozone-manager-1.4.0-SNAPSHOT.jar:?]
	at org.apache.hadoop.hdds.server.OzoneProtocolMessageDispatcher.processRequest(OzoneProtocolMessageDispatcher.java:87) [hdds-server-framework-1.4.0-SNAPSHOT.jar:?]
	at org.apache.hadoop.ozone.protocolPB.OzoneManagerProtocolServerSideTranslatorPB.submitRequest(OzoneManagerProtocolServerSideTranslatorPB.java:148) [ozone-manager-1.4.0-SNAPSHOT.jar:?]
	at org.apache.hadoop.ozone.protocol.proto.OzoneManagerProtocolProtos$OzoneManagerService$2.callBlockingMethod(OzoneManagerProtocolProtos.java) [ozone-interface-client-1.4.0-SNAPSHOT.jar:?]
	at org.apache.hadoop.ipc.ProtobufRpcEngine$Server.processCall(ProtobufRpcEngine.java:484) [hadoop-common-3.3.6.jar:?]
	at org.apache.hadoop.ipc.ProtobufRpcEngine2$Server$ProtoBufRpcInvoker.call(ProtobufRpcEngine2.java:595) [hadoop-common-3.3.6.jar:?]
	at org.apache.hadoop.ipc.ProtobufRpcEngine2$Server$ProtoBufRpcInvoker.call(ProtobufRpcEngine2.java:573) [hadoop-common-3.3.6.jar:?]
	at org.apache.hadoop.ipc.RPC$Server.call(RPC.java:1227) [hadoop-common-3.3.6.jar:?]
	at org.apache.hadoop.ipc.Server$RpcCall.run(Server.java:1094) [hadoop-common-3.3.6.jar:?]
	at org.apache.hadoop.ipc.Server$RpcCall.run(Server.java:1017) [hadoop-common-3.3.6.jar:?]
	at java.security.AccessController.doPrivileged(Native Method) ~[?:1.8.0_382]
	at javax.security.auth.Subject.doAs(Subject.java:422) [?:1.8.0_382]
	at org.apache.hadoop.security.UserGroupInformation.doAs(UserGroupInformation.java:1899) [hadoop-common-3.3.6.jar:?]
	at org.apache.hadoop.ipc.Server$Handler.run(Server.java:3048) [hadoop-common-3.3.6.jar:?]
]]></system-out>
  </testcase>
  <testcase name="testCreateDoesNotAddParentDirKeys" classname="TestOzoneFileSystem" time="0.026">
    <system-out><![CDATA[11:18:20.086 [IPC Server handler 15 on default port 15057] ERROR OMAudit - user=runner | ip=127.0.0.1 | op=READ_KEY {volume=volume79664, bucket=bucket82507, key=testCreateDoesNotAddParentDirKeys/parent/, dataSize=0, replicationConfig=null} | ret=FAILURE
org.apache.hadoop.ozone.om.exceptions.OMException: Key:testCreateDoesNotAddParentDirKeys/parent not found
	at org.apache.hadoop.ozone.om.KeyManagerImpl.readKeyInfo(KeyManagerImpl.java:427) ~[ozone-manager-1.4.0-SNAPSHOT.jar:?]
	at org.apache.hadoop.ozone.om.KeyManagerImpl.lambda$9(KeyManagerImpl.java:1931) ~[ozone-manager-1.4.0-SNAPSHOT.jar:?]
	at org.apache.hadoop.util.MetricUtil.captureLatencyNs(MetricUtil.java:39) ~[hdds-common-1.4.0-SNAPSHOT.jar:?]
	at org.apache.hadoop.ozone.om.KeyManagerImpl.getKeyInfo(KeyManagerImpl.java:1929) ~[ozone-manager-1.4.0-SNAPSHOT.jar:?]
	at org.apache.hadoop.ozone.om.OmMetadataReader.getKeyInfo(OmMetadataReader.java:185) ~[ozone-manager-1.4.0-SNAPSHOT.jar:?]
	at org.apache.hadoop.ozone.om.OzoneManager.getKeyInfo(OzoneManager.java:2827) ~[ozone-manager-1.4.0-SNAPSHOT.jar:?]
	at org.apache.hadoop.ozone.protocolPB.OzoneManagerRequestHandler.getKeyInfo(OzoneManagerRequestHandler.java:585) ~[ozone-manager-1.4.0-SNAPSHOT.jar:?]
	at org.apache.hadoop.ozone.protocolPB.OzoneManagerRequestHandler.handleReadRequest(OzoneManagerRequestHandler.java:304) ~[ozone-manager-1.4.0-SNAPSHOT.jar:?]
	at org.apache.hadoop.ozone.protocolPB.OzoneManagerProtocolServerSideTranslatorPB.submitRequestDirectlyToOM(OzoneManagerProtocolServerSideTranslatorPB.java:274) ~[ozone-manager-1.4.0-SNAPSHOT.jar:?]
	at org.apache.hadoop.ozone.protocolPB.OzoneManagerProtocolServerSideTranslatorPB.processRequest(OzoneManagerProtocolServerSideTranslatorPB.java:175) ~[ozone-manager-1.4.0-SNAPSHOT.jar:?]
	at org.apache.hadoop.hdds.server.OzoneProtocolMessageDispatcher.processRequest(OzoneProtocolMessageDispatcher.java:87) [hdds-server-framework-1.4.0-SNAPSHOT.jar:?]
	at org.apache.hadoop.ozone.protocolPB.OzoneManagerProtocolServerSideTranslatorPB.submitRequest(OzoneManagerProtocolServerSideTranslatorPB.java:148) [ozone-manager-1.4.0-SNAPSHOT.jar:?]
	at org.apache.hadoop.ozone.protocol.proto.OzoneManagerProtocolProtos$OzoneManagerService$2.callBlockingMethod(OzoneManagerProtocolProtos.java) [ozone-interface-client-1.4.0-SNAPSHOT.jar:?]
	at org.apache.hadoop.ipc.ProtobufRpcEngine$Server.processCall(ProtobufRpcEngine.java:484) [hadoop-common-3.3.6.jar:?]
	at org.apache.hadoop.ipc.ProtobufRpcEngine2$Server$ProtoBufRpcInvoker.call(ProtobufRpcEngine2.java:595) [hadoop-common-3.3.6.jar:?]
	at org.apache.hadoop.ipc.ProtobufRpcEngine2$Server$ProtoBufRpcInvoker.call(ProtobufRpcEngine2.java:573) [hadoop-common-3.3.6.jar:?]
	at org.apache.hadoop.ipc.RPC$Server.call(RPC.java:1227) [hadoop-common-3.3.6.jar:?]
	at org.apache.hadoop.ipc.Server$RpcCall.run(Server.java:1094) [hadoop-common-3.3.6.jar:?]
	at org.apache.hadoop.ipc.Server$RpcCall.run(Server.java:1017) [hadoop-common-3.3.6.jar:?]
	at java.security.AccessController.doPrivileged(Native Method) ~[?:1.8.0_382]
	at javax.security.auth.Subject.doAs(Subject.java:422) [?:1.8.0_382]
	at org.apache.hadoop.security.UserGroupInformation.doAs(UserGroupInformation.java:1899) [hadoop-common-3.3.6.jar:?]
	at org.apache.hadoop.ipc.Server$Handler.run(Server.java:3048) [hadoop-common-3.3.6.jar:?]
]]></system-out>
  </testcase>
  <testcase name="testCreateDoesNotAddParentDirKeys" classname="TestOzoneFileSystem" time="0.031">
    <failure type="java.lang.AssertionError"><![CDATA[java.lang.AssertionError: Delete root failed! expected:<0> but was:<1>
	at org.junit.Assert.fail(Assert.java:89)
	at org.junit.Assert.failNotEquals(Assert.java:835)
	at org.junit.Assert.assertEquals(Assert.java:647)
	at org.apache.hadoop.fs.ozone.TestOzoneFileSystem.deleteRootDir(TestOzoneFileSystem.java:811)
	at org.apache.hadoop.fs.ozone.TestOzoneFileSystem.cleanup(TestOzoneFileSystem.java:231)
	at sun.reflect.GeneratedMethodAccessor47.invoke(Unknown Source)
	at sun.reflect.DelegatingMethodAccessorImpl.invoke(DelegatingMethodAccessorImpl.java:43)
	at java.lang.reflect.Method.invoke(Method.java:498)
	at org.junit.runners.model.FrameworkMethod$1.runReflectiveCall(FrameworkMethod.java:59)
	at org.junit.internal.runners.model.ReflectiveCallable.run(ReflectiveCallable.java:12)
	at org.junit.runners.model.FrameworkMethod.invokeExplosively(FrameworkMethod.java:56)
	at org.junit.internal.runners.statements.RunAfters.invokeMethod(RunAfters.java:46)
	at org.junit.internal.runners.statements.RunAfters.evaluate(RunAfters.java:33)
	at org.junit.internal.runners.statements.FailOnTimeout$CallableStatement.call(FailOnTimeout.java:288)
	at org.junit.internal.runners.statements.FailOnTimeout$CallableStatement.call(FailOnTimeout.java:282)
	at java.util.concurrent.FutureTask.run(FutureTask.java:266)
	at java.lang.Thread.run(Thread.java:750)
]]></failure>
    <system-out><![CDATA[2023-09-08 11:19:38,048 [Time-limited test] ERROR ozone.TestOzoneFileSystem (TestOzoneFileSystem.java:deleteRootDir(809)) - Unexpected file, should have been deleted: FileStatus{path=o3fs://bucket81356.volume57283/testCreateDoesNotAddParentDirKeys; isDirectory=true; modification_time=1694171978024; access_time=1694171978024; owner=runner; group=runner; permission=rwxrwxrwx; isSymlink=false; hasAcl=false; isEncrypted=false; isErasureCoded=false}
]]></system-out>
  </testcase>
  <testcase name="testCreateDoesNotAddParentDirKeys" classname="TestOzoneFileSystem" time="0.022"/>
  <testcase name="testDeleteRootWithTrash" classname="TestOzoneFileSystem" time="0.02"/>
  <testcase name="testDeleteRootWithTrash" classname="TestOzoneFileSystem" time="0.009"/>
  <testcase name="testDeleteRootWithTrash" classname="TestOzoneFileSystem" time="0.006"/>
  <testcase name="testDeleteRootWithTrash" classname="TestOzoneFileSystem" time="0.005"/>
  <testcase name="testDeleteCreatesFakeParentDir" classname="TestOzoneFileSystem" time="0.045">
    <system-out><![CDATA[11:16:43.317 [IPC Server handler 14 on default port 15004] ERROR OMAudit - user=runner | ip=127.0.0.1 | op=READ_KEY {volume=volume76163, bucket=bucket78113, key=testDeleteCreatesFakeParentDir/parent/, dataSize=0, replicationConfig=null} | ret=FAILURE
org.apache.hadoop.ozone.om.exceptions.OMException: Key:testDeleteCreatesFakeParentDir/parent not found
	at org.apache.hadoop.ozone.om.KeyManagerImpl.readKeyInfo(KeyManagerImpl.java:427) ~[ozone-manager-1.4.0-SNAPSHOT.jar:?]
	at org.apache.hadoop.ozone.om.KeyManagerImpl.lambda$9(KeyManagerImpl.java:1931) ~[ozone-manager-1.4.0-SNAPSHOT.jar:?]
	at org.apache.hadoop.util.MetricUtil.captureLatencyNs(MetricUtil.java:39) ~[hdds-common-1.4.0-SNAPSHOT.jar:?]
	at org.apache.hadoop.ozone.om.KeyManagerImpl.getKeyInfo(KeyManagerImpl.java:1929) ~[ozone-manager-1.4.0-SNAPSHOT.jar:?]
	at org.apache.hadoop.ozone.om.OmMetadataReader.getKeyInfo(OmMetadataReader.java:185) ~[ozone-manager-1.4.0-SNAPSHOT.jar:?]
	at org.apache.hadoop.ozone.om.OzoneManager.getKeyInfo(OzoneManager.java:2827) ~[ozone-manager-1.4.0-SNAPSHOT.jar:?]
	at org.apache.hadoop.ozone.protocolPB.OzoneManagerRequestHandler.getKeyInfo(OzoneManagerRequestHandler.java:585) ~[ozone-manager-1.4.0-SNAPSHOT.jar:?]
	at org.apache.hadoop.ozone.protocolPB.OzoneManagerRequestHandler.handleReadRequest(OzoneManagerRequestHandler.java:304) ~[ozone-manager-1.4.0-SNAPSHOT.jar:?]
	at org.apache.hadoop.ozone.protocolPB.OzoneManagerProtocolServerSideTranslatorPB.submitReadRequestToOM(OzoneManagerProtocolServerSideTranslatorPB.java:225) ~[ozone-manager-1.4.0-SNAPSHOT.jar:?]
	at org.apache.hadoop.ozone.protocolPB.OzoneManagerProtocolServerSideTranslatorPB.processRequest(OzoneManagerProtocolServerSideTranslatorPB.java:179) ~[ozone-manager-1.4.0-SNAPSHOT.jar:?]
	at org.apache.hadoop.hdds.server.OzoneProtocolMessageDispatcher.processRequest(OzoneProtocolMessageDispatcher.java:87) [hdds-server-framework-1.4.0-SNAPSHOT.jar:?]
	at org.apache.hadoop.ozone.protocolPB.OzoneManagerProtocolServerSideTranslatorPB.submitRequest(OzoneManagerProtocolServerSideTranslatorPB.java:148) [ozone-manager-1.4.0-SNAPSHOT.jar:?]
	at org.apache.hadoop.ozone.protocol.proto.OzoneManagerProtocolProtos$OzoneManagerService$2.callBlockingMethod(OzoneManagerProtocolProtos.java) [ozone-interface-client-1.4.0-SNAPSHOT.jar:?]
	at org.apache.hadoop.ipc.ProtobufRpcEngine$Server.processCall(ProtobufRpcEngine.java:484) [hadoop-common-3.3.6.jar:?]
	at org.apache.hadoop.ipc.ProtobufRpcEngine2$Server$ProtoBufRpcInvoker.call(ProtobufRpcEngine2.java:595) [hadoop-common-3.3.6.jar:?]
	at org.apache.hadoop.ipc.ProtobufRpcEngine2$Server$ProtoBufRpcInvoker.call(ProtobufRpcEngine2.java:573) [hadoop-common-3.3.6.jar:?]
	at org.apache.hadoop.ipc.RPC$Server.call(RPC.java:1227) [hadoop-common-3.3.6.jar:?]
	at org.apache.hadoop.ipc.Server$RpcCall.run(Server.java:1094) [hadoop-common-3.3.6.jar:?]
	at org.apache.hadoop.ipc.Server$RpcCall.run(Server.java:1017) [hadoop-common-3.3.6.jar:?]
	at java.security.AccessController.doPrivileged(Native Method) ~[?:1.8.0_382]
	at javax.security.auth.Subject.doAs(Subject.java:422) [?:1.8.0_382]
	at org.apache.hadoop.security.UserGroupInformation.doAs(UserGroupInformation.java:1899) [hadoop-common-3.3.6.jar:?]
	at org.apache.hadoop.ipc.Server$Handler.run(Server.java:3048) [hadoop-common-3.3.6.jar:?]
]]></system-out>
  </testcase>
  <testcase name="testDeleteCreatesFakeParentDir" classname="TestOzoneFileSystem" time="0.03">
    <system-out><![CDATA[11:18:20.123 [IPC Server handler 18 on default port 15057] ERROR OMAudit - user=runner | ip=127.0.0.1 | op=READ_KEY {volume=volume79664, bucket=bucket82507, key=testDeleteCreatesFakeParentDir/parent/, dataSize=0, replicationConfig=null} | ret=FAILURE
org.apache.hadoop.ozone.om.exceptions.OMException: Key:testDeleteCreatesFakeParentDir/parent not found
	at org.apache.hadoop.ozone.om.KeyManagerImpl.readKeyInfo(KeyManagerImpl.java:427) ~[ozone-manager-1.4.0-SNAPSHOT.jar:?]
	at org.apache.hadoop.ozone.om.KeyManagerImpl.lambda$9(KeyManagerImpl.java:1931) ~[ozone-manager-1.4.0-SNAPSHOT.jar:?]
	at org.apache.hadoop.util.MetricUtil.captureLatencyNs(MetricUtil.java:39) ~[hdds-common-1.4.0-SNAPSHOT.jar:?]
	at org.apache.hadoop.ozone.om.KeyManagerImpl.getKeyInfo(KeyManagerImpl.java:1929) ~[ozone-manager-1.4.0-SNAPSHOT.jar:?]
	at org.apache.hadoop.ozone.om.OmMetadataReader.getKeyInfo(OmMetadataReader.java:185) ~[ozone-manager-1.4.0-SNAPSHOT.jar:?]
	at org.apache.hadoop.ozone.om.OzoneManager.getKeyInfo(OzoneManager.java:2827) ~[ozone-manager-1.4.0-SNAPSHOT.jar:?]
	at org.apache.hadoop.ozone.protocolPB.OzoneManagerRequestHandler.getKeyInfo(OzoneManagerRequestHandler.java:585) ~[ozone-manager-1.4.0-SNAPSHOT.jar:?]
	at org.apache.hadoop.ozone.protocolPB.OzoneManagerRequestHandler.handleReadRequest(OzoneManagerRequestHandler.java:304) ~[ozone-manager-1.4.0-SNAPSHOT.jar:?]
	at org.apache.hadoop.ozone.protocolPB.OzoneManagerProtocolServerSideTranslatorPB.submitRequestDirectlyToOM(OzoneManagerProtocolServerSideTranslatorPB.java:274) ~[ozone-manager-1.4.0-SNAPSHOT.jar:?]
	at org.apache.hadoop.ozone.protocolPB.OzoneManagerProtocolServerSideTranslatorPB.processRequest(OzoneManagerProtocolServerSideTranslatorPB.java:175) ~[ozone-manager-1.4.0-SNAPSHOT.jar:?]
	at org.apache.hadoop.hdds.server.OzoneProtocolMessageDispatcher.processRequest(OzoneProtocolMessageDispatcher.java:87) [hdds-server-framework-1.4.0-SNAPSHOT.jar:?]
	at org.apache.hadoop.ozone.protocolPB.OzoneManagerProtocolServerSideTranslatorPB.submitRequest(OzoneManagerProtocolServerSideTranslatorPB.java:148) [ozone-manager-1.4.0-SNAPSHOT.jar:?]
	at org.apache.hadoop.ozone.protocol.proto.OzoneManagerProtocolProtos$OzoneManagerService$2.callBlockingMethod(OzoneManagerProtocolProtos.java) [ozone-interface-client-1.4.0-SNAPSHOT.jar:?]
	at org.apache.hadoop.ipc.ProtobufRpcEngine$Server.processCall(ProtobufRpcEngine.java:484) [hadoop-common-3.3.6.jar:?]
	at org.apache.hadoop.ipc.ProtobufRpcEngine2$Server$ProtoBufRpcInvoker.call(ProtobufRpcEngine2.java:595) [hadoop-common-3.3.6.jar:?]
	at org.apache.hadoop.ipc.ProtobufRpcEngine2$Server$ProtoBufRpcInvoker.call(ProtobufRpcEngine2.java:573) [hadoop-common-3.3.6.jar:?]
	at org.apache.hadoop.ipc.RPC$Server.call(RPC.java:1227) [hadoop-common-3.3.6.jar:?]
	at org.apache.hadoop.ipc.Server$RpcCall.run(Server.java:1094) [hadoop-common-3.3.6.jar:?]
	at org.apache.hadoop.ipc.Server$RpcCall.run(Server.java:1017) [hadoop-common-3.3.6.jar:?]
	at java.security.AccessController.doPrivileged(Native Method) ~[?:1.8.0_382]
	at javax.security.auth.Subject.doAs(Subject.java:422) [?:1.8.0_382]
	at org.apache.hadoop.security.UserGroupInformation.doAs(UserGroupInformation.java:1899) [hadoop-common-3.3.6.jar:?]
	at org.apache.hadoop.ipc.Server$Handler.run(Server.java:3048) [hadoop-common-3.3.6.jar:?]
]]></system-out>
  </testcase>
  <testcase name="testDeleteCreatesFakeParentDir" classname="TestOzoneFileSystem" time="0.032"/>
  <testcase name="testDeleteCreatesFakeParentDir" classname="TestOzoneFileSystem" time="0.018"/>
  <testcase name="testListStatusOnKeyNameContainDelimiter" classname="TestOzoneFileSystem" time="0.062"/>
  <testcase name="testListStatusOnKeyNameContainDelimiter" classname="TestOzoneFileSystem" time="0.025"/>
  <testcase name="testListStatusOnKeyNameContainDelimiter" classname="TestOzoneFileSystem" time="0.031"/>
  <testcase name="testListStatusOnKeyNameContainDelimiter" classname="TestOzoneFileSystem" time="0.023"/>
  <testcase name="testNonExplicitlyCreatedPathExistsAfterItsLeafsWereRemoved" classname="TestOzoneFileSystem" time="0.079">
    <system-out><![CDATA[11:16:43.427 [IPC Server handler 12 on default port 15004] ERROR OMAudit - user=runner | ip=127.0.0.1 | op=GET_FILE_STATUS {volume=volume76163, bucket=bucket78113, key=target/leaf, dataSize=0, replicationConfig=null} | ret=FAILURE
org.apache.hadoop.ozone.om.exceptions.OMException: Unable to get file status: volume: volume76163 bucket: bucket78113 key: target/leaf
	at org.apache.hadoop.ozone.om.KeyManagerImpl.getOzoneFileStatus(KeyManagerImpl.java:1195) ~[ozone-manager-1.4.0-SNAPSHOT.jar:?]
	at org.apache.hadoop.ozone.om.KeyManagerImpl.getFileStatus(KeyManagerImpl.java:1113) ~[ozone-manager-1.4.0-SNAPSHOT.jar:?]
	at org.apache.hadoop.ozone.om.OmMetadataReader.getFileStatus(OmMetadataReader.java:262) ~[ozone-manager-1.4.0-SNAPSHOT.jar:?]
	at org.apache.hadoop.ozone.om.OzoneManager.getFileStatus(OzoneManager.java:3530) ~[ozone-manager-1.4.0-SNAPSHOT.jar:?]
	at org.apache.hadoop.ozone.protocolPB.OzoneManagerRequestHandler.getOzoneFileStatus(OzoneManagerRequestHandler.java:971) ~[ozone-manager-1.4.0-SNAPSHOT.jar:?]
	at org.apache.hadoop.ozone.protocolPB.OzoneManagerRequestHandler.handleReadRequest(OzoneManagerRequestHandler.java:250) ~[ozone-manager-1.4.0-SNAPSHOT.jar:?]
	at org.apache.hadoop.ozone.protocolPB.OzoneManagerProtocolServerSideTranslatorPB.submitReadRequestToOM(OzoneManagerProtocolServerSideTranslatorPB.java:225) ~[ozone-manager-1.4.0-SNAPSHOT.jar:?]
	at org.apache.hadoop.ozone.protocolPB.OzoneManagerProtocolServerSideTranslatorPB.processRequest(OzoneManagerProtocolServerSideTranslatorPB.java:179) ~[ozone-manager-1.4.0-SNAPSHOT.jar:?]
	at org.apache.hadoop.hdds.server.OzoneProtocolMessageDispatcher.processRequest(OzoneProtocolMessageDispatcher.java:87) [hdds-server-framework-1.4.0-SNAPSHOT.jar:?]
	at org.apache.hadoop.ozone.protocolPB.OzoneManagerProtocolServerSideTranslatorPB.submitRequest(OzoneManagerProtocolServerSideTranslatorPB.java:148) [ozone-manager-1.4.0-SNAPSHOT.jar:?]
	at org.apache.hadoop.ozone.protocol.proto.OzoneManagerProtocolProtos$OzoneManagerService$2.callBlockingMethod(OzoneManagerProtocolProtos.java) [ozone-interface-client-1.4.0-SNAPSHOT.jar:?]
	at org.apache.hadoop.ipc.ProtobufRpcEngine$Server.processCall(ProtobufRpcEngine.java:484) [hadoop-common-3.3.6.jar:?]
	at org.apache.hadoop.ipc.ProtobufRpcEngine2$Server$ProtoBufRpcInvoker.call(ProtobufRpcEngine2.java:595) [hadoop-common-3.3.6.jar:?]
	at org.apache.hadoop.ipc.ProtobufRpcEngine2$Server$ProtoBufRpcInvoker.call(ProtobufRpcEngine2.java:573) [hadoop-common-3.3.6.jar:?]
	at org.apache.hadoop.ipc.RPC$Server.call(RPC.java:1227) [hadoop-common-3.3.6.jar:?]
	at org.apache.hadoop.ipc.Server$RpcCall.run(Server.java:1094) [hadoop-common-3.3.6.jar:?]
	at org.apache.hadoop.ipc.Server$RpcCall.run(Server.java:1017) [hadoop-common-3.3.6.jar:?]
	at java.security.AccessController.doPrivileged(Native Method) ~[?:1.8.0_382]
	at javax.security.auth.Subject.doAs(Subject.java:422) [?:1.8.0_382]
	at org.apache.hadoop.security.UserGroupInformation.doAs(UserGroupInformation.java:1899) [hadoop-common-3.3.6.jar:?]
	at org.apache.hadoop.ipc.Server$Handler.run(Server.java:3048) [hadoop-common-3.3.6.jar:?]
]]></system-out>
  </testcase>
  <testcase name="testNonExplicitlyCreatedPathExistsAfterItsLeafsWereRemoved" classname="TestOzoneFileSystem" time="0.031">
    <system-out><![CDATA[11:18:20.171 [IPC Server handler 1 on default port 15057] ERROR OMAudit - user=runner | ip=127.0.0.1 | op=GET_FILE_STATUS {volume=volume79664, bucket=bucket82507, key=target/leaf, dataSize=0, replicationConfig=null} | ret=FAILURE
org.apache.hadoop.ozone.om.exceptions.OMException: Unable to get file status: volume: volume79664 bucket: bucket82507 key: target/leaf
	at org.apache.hadoop.ozone.om.KeyManagerImpl.getOzoneFileStatus(KeyManagerImpl.java:1195) ~[ozone-manager-1.4.0-SNAPSHOT.jar:?]
	at org.apache.hadoop.ozone.om.KeyManagerImpl.getFileStatus(KeyManagerImpl.java:1113) ~[ozone-manager-1.4.0-SNAPSHOT.jar:?]
	at org.apache.hadoop.ozone.om.OmMetadataReader.getFileStatus(OmMetadataReader.java:262) ~[ozone-manager-1.4.0-SNAPSHOT.jar:?]
	at org.apache.hadoop.ozone.om.OzoneManager.getFileStatus(OzoneManager.java:3530) ~[ozone-manager-1.4.0-SNAPSHOT.jar:?]
	at org.apache.hadoop.ozone.protocolPB.OzoneManagerRequestHandler.getOzoneFileStatus(OzoneManagerRequestHandler.java:971) ~[ozone-manager-1.4.0-SNAPSHOT.jar:?]
	at org.apache.hadoop.ozone.protocolPB.OzoneManagerRequestHandler.handleReadRequest(OzoneManagerRequestHandler.java:250) ~[ozone-manager-1.4.0-SNAPSHOT.jar:?]
	at org.apache.hadoop.ozone.protocolPB.OzoneManagerProtocolServerSideTranslatorPB.submitRequestDirectlyToOM(OzoneManagerProtocolServerSideTranslatorPB.java:274) ~[ozone-manager-1.4.0-SNAPSHOT.jar:?]
	at org.apache.hadoop.ozone.protocolPB.OzoneManagerProtocolServerSideTranslatorPB.processRequest(OzoneManagerProtocolServerSideTranslatorPB.java:175) ~[ozone-manager-1.4.0-SNAPSHOT.jar:?]
	at org.apache.hadoop.hdds.server.OzoneProtocolMessageDispatcher.processRequest(OzoneProtocolMessageDispatcher.java:87) [hdds-server-framework-1.4.0-SNAPSHOT.jar:?]
	at org.apache.hadoop.ozone.protocolPB.OzoneManagerProtocolServerSideTranslatorPB.submitRequest(OzoneManagerProtocolServerSideTranslatorPB.java:148) [ozone-manager-1.4.0-SNAPSHOT.jar:?]
	at org.apache.hadoop.ozone.protocol.proto.OzoneManagerProtocolProtos$OzoneManagerService$2.callBlockingMethod(OzoneManagerProtocolProtos.java) [ozone-interface-client-1.4.0-SNAPSHOT.jar:?]
	at org.apache.hadoop.ipc.ProtobufRpcEngine$Server.processCall(ProtobufRpcEngine.java:484) [hadoop-common-3.3.6.jar:?]
	at org.apache.hadoop.ipc.ProtobufRpcEngine2$Server$ProtoBufRpcInvoker.call(ProtobufRpcEngine2.java:595) [hadoop-common-3.3.6.jar:?]
	at org.apache.hadoop.ipc.ProtobufRpcEngine2$Server$ProtoBufRpcInvoker.call(ProtobufRpcEngine2.java:573) [hadoop-common-3.3.6.jar:?]
	at org.apache.hadoop.ipc.RPC$Server.call(RPC.java:1227) [hadoop-common-3.3.6.jar:?]
	at org.apache.hadoop.ipc.Server$RpcCall.run(Server.java:1094) [hadoop-common-3.3.6.jar:?]
	at org.apache.hadoop.ipc.Server$RpcCall.run(Server.java:1017) [hadoop-common-3.3.6.jar:?]
	at java.security.AccessController.doPrivileged(Native Method) ~[?:1.8.0_382]
	at javax.security.auth.Subject.doAs(Subject.java:422) [?:1.8.0_382]
	at org.apache.hadoop.security.UserGroupInformation.doAs(UserGroupInformation.java:1899) [hadoop-common-3.3.6.jar:?]
	at org.apache.hadoop.ipc.Server$Handler.run(Server.java:3048) [hadoop-common-3.3.6.jar:?]
]]></system-out>
  </testcase>
  <testcase name="testNonExplicitlyCreatedPathExistsAfterItsLeafsWereRemoved" classname="TestOzoneFileSystem" time="0.034">
    <system-out><![CDATA[11:19:38.135 [IPC Server handler 7 on default port 15110] ERROR OMAudit - user=runner | ip=127.0.0.1 | op=GET_FILE_STATUS {volume=volume57283, bucket=bucket81356, key=target/leaf, dataSize=0, replicationConfig=null} | ret=FAILURE
org.apache.hadoop.ozone.om.exceptions.OMException: Unable to get file status: volume: volume57283 bucket: bucket81356 key: target/leaf
	at org.apache.hadoop.ozone.om.KeyManagerImpl.getOzoneFileStatus(KeyManagerImpl.java:1195) ~[ozone-manager-1.4.0-SNAPSHOT.jar:?]
	at org.apache.hadoop.ozone.om.KeyManagerImpl.getFileStatus(KeyManagerImpl.java:1113) ~[ozone-manager-1.4.0-SNAPSHOT.jar:?]
	at org.apache.hadoop.ozone.om.OmMetadataReader.getFileStatus(OmMetadataReader.java:262) ~[ozone-manager-1.4.0-SNAPSHOT.jar:?]
	at org.apache.hadoop.ozone.om.OzoneManager.getFileStatus(OzoneManager.java:3530) ~[ozone-manager-1.4.0-SNAPSHOT.jar:?]
	at org.apache.hadoop.ozone.protocolPB.OzoneManagerRequestHandler.getOzoneFileStatus(OzoneManagerRequestHandler.java:971) ~[ozone-manager-1.4.0-SNAPSHOT.jar:?]
	at org.apache.hadoop.ozone.protocolPB.OzoneManagerRequestHandler.handleReadRequest(OzoneManagerRequestHandler.java:250) ~[ozone-manager-1.4.0-SNAPSHOT.jar:?]
	at org.apache.hadoop.ozone.protocolPB.OzoneManagerProtocolServerSideTranslatorPB.submitReadRequestToOM(OzoneManagerProtocolServerSideTranslatorPB.java:225) ~[ozone-manager-1.4.0-SNAPSHOT.jar:?]
	at org.apache.hadoop.ozone.protocolPB.OzoneManagerProtocolServerSideTranslatorPB.processRequest(OzoneManagerProtocolServerSideTranslatorPB.java:179) ~[ozone-manager-1.4.0-SNAPSHOT.jar:?]
	at org.apache.hadoop.hdds.server.OzoneProtocolMessageDispatcher.processRequest(OzoneProtocolMessageDispatcher.java:87) [hdds-server-framework-1.4.0-SNAPSHOT.jar:?]
	at org.apache.hadoop.ozone.protocolPB.OzoneManagerProtocolServerSideTranslatorPB.submitRequest(OzoneManagerProtocolServerSideTranslatorPB.java:148) [ozone-manager-1.4.0-SNAPSHOT.jar:?]
	at org.apache.hadoop.ozone.protocol.proto.OzoneManagerProtocolProtos$OzoneManagerService$2.callBlockingMethod(OzoneManagerProtocolProtos.java) [ozone-interface-client-1.4.0-SNAPSHOT.jar:?]
	at org.apache.hadoop.ipc.ProtobufRpcEngine$Server.processCall(ProtobufRpcEngine.java:484) [hadoop-common-3.3.6.jar:?]
	at org.apache.hadoop.ipc.ProtobufRpcEngine2$Server$ProtoBufRpcInvoker.call(ProtobufRpcEngine2.java:595) [hadoop-common-3.3.6.jar:?]
	at org.apache.hadoop.ipc.ProtobufRpcEngine2$Server$ProtoBufRpcInvoker.call(ProtobufRpcEngine2.java:573) [hadoop-common-3.3.6.jar:?]
	at org.apache.hadoop.ipc.RPC$Server.call(RPC.java:1227) [hadoop-common-3.3.6.jar:?]
	at org.apache.hadoop.ipc.Server$RpcCall.run(Server.java:1094) [hadoop-common-3.3.6.jar:?]
	at org.apache.hadoop.ipc.Server$RpcCall.run(Server.java:1017) [hadoop-common-3.3.6.jar:?]
	at java.security.AccessController.doPrivileged(Native Method) ~[?:1.8.0_382]
	at javax.security.auth.Subject.doAs(Subject.java:422) [?:1.8.0_382]
	at org.apache.hadoop.security.UserGroupInformation.doAs(UserGroupInformation.java:1899) [hadoop-common-3.3.6.jar:?]
	at org.apache.hadoop.ipc.Server$Handler.run(Server.java:3048) [hadoop-common-3.3.6.jar:?]
]]></system-out>
  </testcase>
  <testcase name="testNonExplicitlyCreatedPathExistsAfterItsLeafsWereRemoved" classname="TestOzoneFileSystem" time="0.026">
    <system-out><![CDATA[11:21:05.959 [IPC Server handler 16 on default port 15163] ERROR OMAudit - user=runner | ip=127.0.0.1 | op=GET_FILE_STATUS {volume=volume69610, bucket=bucket82402, key=target/leaf, dataSize=0, replicationConfig=null} | ret=FAILURE
org.apache.hadoop.ozone.om.exceptions.OMException: Unable to get file status: volume: volume69610 bucket: bucket82402 key: target/leaf
	at org.apache.hadoop.ozone.om.KeyManagerImpl.getOzoneFileStatus(KeyManagerImpl.java:1195) ~[ozone-manager-1.4.0-SNAPSHOT.jar:?]
	at org.apache.hadoop.ozone.om.KeyManagerImpl.getFileStatus(KeyManagerImpl.java:1113) ~[ozone-manager-1.4.0-SNAPSHOT.jar:?]
	at org.apache.hadoop.ozone.om.OmMetadataReader.getFileStatus(OmMetadataReader.java:262) ~[ozone-manager-1.4.0-SNAPSHOT.jar:?]
	at org.apache.hadoop.ozone.om.OzoneManager.getFileStatus(OzoneManager.java:3530) ~[ozone-manager-1.4.0-SNAPSHOT.jar:?]
	at org.apache.hadoop.ozone.protocolPB.OzoneManagerRequestHandler.getOzoneFileStatus(OzoneManagerRequestHandler.java:971) ~[ozone-manager-1.4.0-SNAPSHOT.jar:?]
	at org.apache.hadoop.ozone.protocolPB.OzoneManagerRequestHandler.handleReadRequest(OzoneManagerRequestHandler.java:250) ~[ozone-manager-1.4.0-SNAPSHOT.jar:?]
	at org.apache.hadoop.ozone.protocolPB.OzoneManagerProtocolServerSideTranslatorPB.submitRequestDirectlyToOM(OzoneManagerProtocolServerSideTranslatorPB.java:274) ~[ozone-manager-1.4.0-SNAPSHOT.jar:?]
	at org.apache.hadoop.ozone.protocolPB.OzoneManagerProtocolServerSideTranslatorPB.processRequest(OzoneManagerProtocolServerSideTranslatorPB.java:175) ~[ozone-manager-1.4.0-SNAPSHOT.jar:?]
	at org.apache.hadoop.hdds.server.OzoneProtocolMessageDispatcher.processRequest(OzoneProtocolMessageDispatcher.java:87) [hdds-server-framework-1.4.0-SNAPSHOT.jar:?]
	at org.apache.hadoop.ozone.protocolPB.OzoneManagerProtocolServerSideTranslatorPB.submitRequest(OzoneManagerProtocolServerSideTranslatorPB.java:148) [ozone-manager-1.4.0-SNAPSHOT.jar:?]
	at org.apache.hadoop.ozone.protocol.proto.OzoneManagerProtocolProtos$OzoneManagerService$2.callBlockingMethod(OzoneManagerProtocolProtos.java) [ozone-interface-client-1.4.0-SNAPSHOT.jar:?]
	at org.apache.hadoop.ipc.ProtobufRpcEngine$Server.processCall(ProtobufRpcEngine.java:484) [hadoop-common-3.3.6.jar:?]
	at org.apache.hadoop.ipc.ProtobufRpcEngine2$Server$ProtoBufRpcInvoker.call(ProtobufRpcEngine2.java:595) [hadoop-common-3.3.6.jar:?]
	at org.apache.hadoop.ipc.ProtobufRpcEngine2$Server$ProtoBufRpcInvoker.call(ProtobufRpcEngine2.java:573) [hadoop-common-3.3.6.jar:?]
	at org.apache.hadoop.ipc.RPC$Server.call(RPC.java:1227) [hadoop-common-3.3.6.jar:?]
	at org.apache.hadoop.ipc.Server$RpcCall.run(Server.java:1094) [hadoop-common-3.3.6.jar:?]
	at org.apache.hadoop.ipc.Server$RpcCall.run(Server.java:1017) [hadoop-common-3.3.6.jar:?]
	at java.security.AccessController.doPrivileged(Native Method) ~[?:1.8.0_382]
	at javax.security.auth.Subject.doAs(Subject.java:422) [?:1.8.0_382]
	at org.apache.hadoop.security.UserGroupInformation.doAs(UserGroupInformation.java:1899) [hadoop-common-3.3.6.jar:?]
	at org.apache.hadoop.ipc.Server$Handler.run(Server.java:3048) [hadoop-common-3.3.6.jar:?]
]]></system-out>
  </testcase>
  <testcase name="testCreateFileShouldCheckExistenceOfDirWithSameName" classname="TestOzoneFileSystem" time="0.102">
    <system-out><![CDATA[11:16:43.518 [OM StateMachine ApplyTransaction Thread - 0] ERROR OMAudit - user=runner | ip=127.0.0.1 | op=CREATE_FILE {volume=volume76163, bucket=bucket78113, key=d1/d2/d3/d4/key2, dataSize=4194304, replicationType=RATIS, replicationFactor=THREE} | ret=FAILURE
org.apache.hadoop.ozone.om.exceptions.OMException: Can not write to directory: d1/d2/d3/d4/key2
	at org.apache.hadoop.ozone.om.request.file.OMFileCreateRequest.checkDirectoryResult(OMFileCreateRequest.java:363) ~[ozone-manager-1.4.0-SNAPSHOT.jar:?]
	at org.apache.hadoop.ozone.om.request.file.OMFileCreateRequest.validateAndUpdateCache(OMFileCreateRequest.java:237) ~[ozone-manager-1.4.0-SNAPSHOT.jar:?]
	at org.apache.hadoop.ozone.protocolPB.OzoneManagerRequestHandler.handleWriteRequest(OzoneManagerRequestHandler.java:373) ~[ozone-manager-1.4.0-SNAPSHOT.jar:?]
	at org.apache.hadoop.ozone.om.ratis.OzoneManagerStateMachine.runCommand(OzoneManagerStateMachine.java:568) ~[ozone-manager-1.4.0-SNAPSHOT.jar:?]
	at org.apache.hadoop.ozone.om.ratis.OzoneManagerStateMachine.lambda$1(OzoneManagerStateMachine.java:359) ~[ozone-manager-1.4.0-SNAPSHOT.jar:?]
	at java.util.concurrent.CompletableFuture$AsyncSupply.run(CompletableFuture.java:1604) [?:1.8.0_382]
	at java.util.concurrent.ThreadPoolExecutor.runWorker(ThreadPoolExecutor.java:1149) [?:1.8.0_382]
	at java.util.concurrent.ThreadPoolExecutor$Worker.run(ThreadPoolExecutor.java:624) [?:1.8.0_382]
	at java.lang.Thread.run(Thread.java:750) [?:1.8.0_382]
2023-09-08 11:16:43,519 [OM StateMachine ApplyTransaction Thread - 0] ERROR file.OMFileCreateRequest (OMFileCreateRequest.java:validateAndUpdateCache(336)) - File create failed. Volume:volume76163, Bucket:bucket78113, Keyd1/d2/d3/d4/key2.
NOT_A_FILE org.apache.hadoop.ozone.om.exceptions.OMException: Can not write to directory: d1/d2/d3/d4/key2
	at org.apache.hadoop.ozone.om.request.file.OMFileCreateRequest.checkDirectoryResult(OMFileCreateRequest.java:363)
	at org.apache.hadoop.ozone.om.request.file.OMFileCreateRequest.validateAndUpdateCache(OMFileCreateRequest.java:237)
	at org.apache.hadoop.ozone.protocolPB.OzoneManagerRequestHandler.handleWriteRequest(OzoneManagerRequestHandler.java:373)
	at org.apache.hadoop.ozone.om.ratis.OzoneManagerStateMachine.runCommand(OzoneManagerStateMachine.java:568)
	at org.apache.hadoop.ozone.om.ratis.OzoneManagerStateMachine.lambda$1(OzoneManagerStateMachine.java:359)
	at java.util.concurrent.CompletableFuture$AsyncSupply.run(CompletableFuture.java:1604)
	at java.util.concurrent.ThreadPoolExecutor.runWorker(ThreadPoolExecutor.java:1149)
	at java.util.concurrent.ThreadPoolExecutor$Worker.run(ThreadPoolExecutor.java:624)
	at java.lang.Thread.run(Thread.java:750)
11:16:43.540 [OM StateMachine ApplyTransaction Thread - 0] ERROR OMAudit - user=runner | ip=127.0.0.1 | op=CREATE_DIRECTORY {volume=volume76163, bucket=bucket78113, key=d1/d2/d3/d4/key3, dataSize=0, replicationType=NONE, replicationFactor=ZERO} | ret=FAILURE
org.apache.hadoop.ozone.om.exceptions.OMException: Unable to create directory: d1/d2/d3/d4/key3 in volume/bucket: volume76163/bucket78113
	at org.apache.hadoop.ozone.om.request.file.OMDirectoryCreateRequest.validateAndUpdateCache(OMDirectoryCreateRequest.java:194) ~[ozone-manager-1.4.0-SNAPSHOT.jar:?]
	at org.apache.hadoop.ozone.protocolPB.OzoneManagerRequestHandler.handleWriteRequest(OzoneManagerRequestHandler.java:373) ~[ozone-manager-1.4.0-SNAPSHOT.jar:?]
	at org.apache.hadoop.ozone.om.ratis.OzoneManagerStateMachine.runCommand(OzoneManagerStateMachine.java:568) ~[ozone-manager-1.4.0-SNAPSHOT.jar:?]
	at org.apache.hadoop.ozone.om.ratis.OzoneManagerStateMachine.lambda$1(OzoneManagerStateMachine.java:359) ~[ozone-manager-1.4.0-SNAPSHOT.jar:?]
	at java.util.concurrent.CompletableFuture$AsyncSupply.run(CompletableFuture.java:1604) [?:1.8.0_382]
	at java.util.concurrent.ThreadPoolExecutor.runWorker(ThreadPoolExecutor.java:1149) [?:1.8.0_382]
	at java.util.concurrent.ThreadPoolExecutor$Worker.run(ThreadPoolExecutor.java:624) [?:1.8.0_382]
	at java.lang.Thread.run(Thread.java:750) [?:1.8.0_382]
2023-09-08 11:16:43,540 [OM StateMachine ApplyTransaction Thread - 0] ERROR file.OMDirectoryCreateRequest (OMDirectoryCreateRequest.java:logResult(334)) - Directory creation failed. Volume:volume76163, Bucket:bucket78113, Keyd1/d2/d3/d4/key3. Exception:{}
FILE_ALREADY_EXISTS org.apache.hadoop.ozone.om.exceptions.OMException: Unable to create directory: d1/d2/d3/d4/key3 in volume/bucket: volume76163/bucket78113
	at org.apache.hadoop.ozone.om.request.file.OMDirectoryCreateRequest.validateAndUpdateCache(OMDirectoryCreateRequest.java:194)
	at org.apache.hadoop.ozone.protocolPB.OzoneManagerRequestHandler.handleWriteRequest(OzoneManagerRequestHandler.java:373)
	at org.apache.hadoop.ozone.om.ratis.OzoneManagerStateMachine.runCommand(OzoneManagerStateMachine.java:568)
	at org.apache.hadoop.ozone.om.ratis.OzoneManagerStateMachine.lambda$1(OzoneManagerStateMachine.java:359)
	at java.util.concurrent.CompletableFuture$AsyncSupply.run(CompletableFuture.java:1604)
	at java.util.concurrent.ThreadPoolExecutor.runWorker(ThreadPoolExecutor.java:1149)
	at java.util.concurrent.ThreadPoolExecutor$Worker.run(ThreadPoolExecutor.java:624)
	at java.lang.Thread.run(Thread.java:750)
11:16:43.548 [OM StateMachine ApplyTransaction Thread - 0] ERROR OMAudit - user=runner | ip=127.0.0.1 | op=CREATE_FILE {volume=volume76163, bucket=bucket78113, key=d1/d2/d3, dataSize=4194304, replicationType=RATIS, replicationFactor=THREE} | ret=FAILURE
org.apache.hadoop.ozone.om.exceptions.OMException: Can not write to directory: d1/d2/d3
	at org.apache.hadoop.ozone.om.request.file.OMFileCreateRequest.checkDirectoryResult(OMFileCreateRequest.java:363) ~[ozone-manager-1.4.0-SNAPSHOT.jar:?]
	at org.apache.hadoop.ozone.om.request.file.OMFileCreateRequest.validateAndUpdateCache(OMFileCreateRequest.java:237) ~[ozone-manager-1.4.0-SNAPSHOT.jar:?]
	at org.apache.hadoop.ozone.protocolPB.OzoneManagerRequestHandler.handleWriteRequest(OzoneManagerRequestHandler.java:373) ~[ozone-manager-1.4.0-SNAPSHOT.jar:?]
	at org.apache.hadoop.ozone.om.ratis.OzoneManagerStateMachine.runCommand(OzoneManagerStateMachine.java:568) ~[ozone-manager-1.4.0-SNAPSHOT.jar:?]
	at org.apache.hadoop.ozone.om.ratis.OzoneManagerStateMachine.lambda$1(OzoneManagerStateMachine.java:359) ~[ozone-manager-1.4.0-SNAPSHOT.jar:?]
	at java.util.concurrent.CompletableFuture$AsyncSupply.run(CompletableFuture.java:1604) [?:1.8.0_382]
	at java.util.concurrent.ThreadPoolExecutor.runWorker(ThreadPoolExecutor.java:1149) [?:1.8.0_382]
	at java.util.concurrent.ThreadPoolExecutor$Worker.run(ThreadPoolExecutor.java:624) [?:1.8.0_382]
	at java.lang.Thread.run(Thread.java:750) [?:1.8.0_382]
2023-09-08 11:16:43,548 [OM StateMachine ApplyTransaction Thread - 0] ERROR file.OMFileCreateRequest (OMFileCreateRequest.java:validateAndUpdateCache(336)) - File create failed. Volume:volume76163, Bucket:bucket78113, Keyd1/d2/d3.
NOT_A_FILE org.apache.hadoop.ozone.om.exceptions.OMException: Can not write to directory: d1/d2/d3
	at org.apache.hadoop.ozone.om.request.file.OMFileCreateRequest.checkDirectoryResult(OMFileCreateRequest.java:363)
	at org.apache.hadoop.ozone.om.request.file.OMFileCreateRequest.validateAndUpdateCache(OMFileCreateRequest.java:237)
	at org.apache.hadoop.ozone.protocolPB.OzoneManagerRequestHandler.handleWriteRequest(OzoneManagerRequestHandler.java:373)
	at org.apache.hadoop.ozone.om.ratis.OzoneManagerStateMachine.runCommand(OzoneManagerStateMachine.java:568)
	at org.apache.hadoop.ozone.om.ratis.OzoneManagerStateMachine.lambda$1(OzoneManagerStateMachine.java:359)
	at java.util.concurrent.CompletableFuture$AsyncSupply.run(CompletableFuture.java:1604)
	at java.util.concurrent.ThreadPoolExecutor.runWorker(ThreadPoolExecutor.java:1149)
	at java.util.concurrent.ThreadPoolExecutor$Worker.run(ThreadPoolExecutor.java:624)
	at java.lang.Thread.run(Thread.java:750)
11:16:43.552 [IPC Server handler 18 on default port 15004] ERROR OMAudit - user=runner | ip=127.0.0.1 | op=GET_FILE_STATUS {volume=volume76163, bucket=bucket78113, key=d1/d2/d3/d4/key3/invalid, dataSize=0, replicationConfig=null} | ret=FAILURE
org.apache.hadoop.ozone.om.exceptions.OMException: Unable to get file status: volume: volume76163 bucket: bucket78113 key: d1/d2/d3/d4/key3/invalid
	at org.apache.hadoop.ozone.om.KeyManagerImpl.getOzoneFileStatus(KeyManagerImpl.java:1195) ~[ozone-manager-1.4.0-SNAPSHOT.jar:?]
	at org.apache.hadoop.ozone.om.KeyManagerImpl.getFileStatus(KeyManagerImpl.java:1113) ~[ozone-manager-1.4.0-SNAPSHOT.jar:?]
	at org.apache.hadoop.ozone.om.OmMetadataReader.getFileStatus(OmMetadataReader.java:262) ~[ozone-manager-1.4.0-SNAPSHOT.jar:?]
	at org.apache.hadoop.ozone.om.OzoneManager.getFileStatus(OzoneManager.java:3530) ~[ozone-manager-1.4.0-SNAPSHOT.jar:?]
	at org.apache.hadoop.ozone.protocolPB.OzoneManagerRequestHandler.getOzoneFileStatus(OzoneManagerRequestHandler.java:971) ~[ozone-manager-1.4.0-SNAPSHOT.jar:?]
	at org.apache.hadoop.ozone.protocolPB.OzoneManagerRequestHandler.handleReadRequest(OzoneManagerRequestHandler.java:250) ~[ozone-manager-1.4.0-SNAPSHOT.jar:?]
	at org.apache.hadoop.ozone.protocolPB.OzoneManagerProtocolServerSideTranslatorPB.submitReadRequestToOM(OzoneManagerProtocolServerSideTranslatorPB.java:225) ~[ozone-manager-1.4.0-SNAPSHOT.jar:?]
	at org.apache.hadoop.ozone.protocolPB.OzoneManagerProtocolServerSideTranslatorPB.processRequest(OzoneManagerProtocolServerSideTranslatorPB.java:179) ~[ozone-manager-1.4.0-SNAPSHOT.jar:?]
	at org.apache.hadoop.hdds.server.OzoneProtocolMessageDispatcher.processRequest(OzoneProtocolMessageDispatcher.java:87) [hdds-server-framework-1.4.0-SNAPSHOT.jar:?]
	at org.apache.hadoop.ozone.protocolPB.OzoneManagerProtocolServerSideTranslatorPB.submitRequest(OzoneManagerProtocolServerSideTranslatorPB.java:148) [ozone-manager-1.4.0-SNAPSHOT.jar:?]
	at org.apache.hadoop.ozone.protocol.proto.OzoneManagerProtocolProtos$OzoneManagerService$2.callBlockingMethod(OzoneManagerProtocolProtos.java) [ozone-interface-client-1.4.0-SNAPSHOT.jar:?]
	at org.apache.hadoop.ipc.ProtobufRpcEngine$Server.processCall(ProtobufRpcEngine.java:484) [hadoop-common-3.3.6.jar:?]
	at org.apache.hadoop.ipc.ProtobufRpcEngine2$Server$ProtoBufRpcInvoker.call(ProtobufRpcEngine2.java:595) [hadoop-common-3.3.6.jar:?]
	at org.apache.hadoop.ipc.ProtobufRpcEngine2$Server$ProtoBufRpcInvoker.call(ProtobufRpcEngine2.java:573) [hadoop-common-3.3.6.jar:?]
	at org.apache.hadoop.ipc.RPC$Server.call(RPC.java:1227) [hadoop-common-3.3.6.jar:?]
	at org.apache.hadoop.ipc.Server$RpcCall.run(Server.java:1094) [hadoop-common-3.3.6.jar:?]
	at org.apache.hadoop.ipc.Server$RpcCall.run(Server.java:1017) [hadoop-common-3.3.6.jar:?]
	at java.security.AccessController.doPrivileged(Native Method) ~[?:1.8.0_382]
	at javax.security.auth.Subject.doAs(Subject.java:422) [?:1.8.0_382]
	at org.apache.hadoop.security.UserGroupInformation.doAs(UserGroupInformation.java:1899) [hadoop-common-3.3.6.jar:?]
	at org.apache.hadoop.ipc.Server$Handler.run(Server.java:3048) [hadoop-common-3.3.6.jar:?]
11:16:43.554 [IPC Server handler 17 on default port 15004] ERROR OMAudit - user=runner | ip=127.0.0.1 | op=GET_FILE_STATUS {volume=volume76163, bucket=bucket78113, key=d1/d2/d3/d4/invalidkey, dataSize=0, replicationConfig=null} | ret=FAILURE
org.apache.hadoop.ozone.om.exceptions.OMException: Unable to get file status: volume: volume76163 bucket: bucket78113 key: d1/d2/d3/d4/invalidkey
	at org.apache.hadoop.ozone.om.KeyManagerImpl.getOzoneFileStatus(KeyManagerImpl.java:1195) ~[ozone-manager-1.4.0-SNAPSHOT.jar:?]
	at org.apache.hadoop.ozone.om.KeyManagerImpl.getFileStatus(KeyManagerImpl.java:1113) ~[ozone-manager-1.4.0-SNAPSHOT.jar:?]
	at org.apache.hadoop.ozone.om.OmMetadataReader.getFileStatus(OmMetadataReader.java:262) ~[ozone-manager-1.4.0-SNAPSHOT.jar:?]
	at org.apache.hadoop.ozone.om.OzoneManager.getFileStatus(OzoneManager.java:3530) ~[ozone-manager-1.4.0-SNAPSHOT.jar:?]
	at org.apache.hadoop.ozone.protocolPB.OzoneManagerRequestHandler.getOzoneFileStatus(OzoneManagerRequestHandler.java:971) ~[ozone-manager-1.4.0-SNAPSHOT.jar:?]
	at org.apache.hadoop.ozone.protocolPB.OzoneManagerRequestHandler.handleReadRequest(OzoneManagerRequestHandler.java:250) ~[ozone-manager-1.4.0-SNAPSHOT.jar:?]
	at org.apache.hadoop.ozone.protocolPB.OzoneManagerProtocolServerSideTranslatorPB.submitReadRequestToOM(OzoneManagerProtocolServerSideTranslatorPB.java:225) ~[ozone-manager-1.4.0-SNAPSHOT.jar:?]
	at org.apache.hadoop.ozone.protocolPB.OzoneManagerProtocolServerSideTranslatorPB.processRequest(OzoneManagerProtocolServerSideTranslatorPB.java:179) ~[ozone-manager-1.4.0-SNAPSHOT.jar:?]
	at org.apache.hadoop.hdds.server.OzoneProtocolMessageDispatcher.processRequest(OzoneProtocolMessageDispatcher.java:87) [hdds-server-framework-1.4.0-SNAPSHOT.jar:?]
	at org.apache.hadoop.ozone.protocolPB.OzoneManagerProtocolServerSideTranslatorPB.submitRequest(OzoneManagerProtocolServerSideTranslatorPB.java:148) [ozone-manager-1.4.0-SNAPSHOT.jar:?]
	at org.apache.hadoop.ozone.protocol.proto.OzoneManagerProtocolProtos$OzoneManagerService$2.callBlockingMethod(OzoneManagerProtocolProtos.java) [ozone-interface-client-1.4.0-SNAPSHOT.jar:?]
	at org.apache.hadoop.ipc.ProtobufRpcEngine$Server.processCall(ProtobufRpcEngine.java:484) [hadoop-common-3.3.6.jar:?]
	at org.apache.hadoop.ipc.ProtobufRpcEngine2$Server$ProtoBufRpcInvoker.call(ProtobufRpcEngine2.java:595) [hadoop-common-3.3.6.jar:?]
	at org.apache.hadoop.ipc.ProtobufRpcEngine2$Server$ProtoBufRpcInvoker.call(ProtobufRpcEngine2.java:573) [hadoop-common-3.3.6.jar:?]
	at org.apache.hadoop.ipc.RPC$Server.call(RPC.java:1227) [hadoop-common-3.3.6.jar:?]
	at org.apache.hadoop.ipc.Server$RpcCall.run(Server.java:1094) [hadoop-common-3.3.6.jar:?]
	at org.apache.hadoop.ipc.Server$RpcCall.run(Server.java:1017) [hadoop-common-3.3.6.jar:?]
	at java.security.AccessController.doPrivileged(Native Method) ~[?:1.8.0_382]
	at javax.security.auth.Subject.doAs(Subject.java:422) [?:1.8.0_382]
	at org.apache.hadoop.security.UserGroupInformation.doAs(UserGroupInformation.java:1899) [hadoop-common-3.3.6.jar:?]
	at org.apache.hadoop.ipc.Server$Handler.run(Server.java:3048) [hadoop-common-3.3.6.jar:?]
]]></system-out>
  </testcase>
  <testcase name="testCreateFileShouldCheckExistenceOfDirWithSameName" classname="TestOzoneFileSystem" time="0.065">
    <system-out><![CDATA[11:18:20.223 [IPC Server handler 7 on default port 15057] ERROR OMAudit - user=runner | ip=127.0.0.1 | op=CREATE_FILE {volume=volume79664, bucket=bucket82507, key=d1/d2/d3/d4/key2, dataSize=4194304, replicationType=RATIS, replicationFactor=THREE} | ret=FAILURE
org.apache.hadoop.ozone.om.exceptions.OMException: Can not write to directory: d1/d2/d3/d4/key2
	at org.apache.hadoop.ozone.om.request.file.OMFileCreateRequest.checkDirectoryResult(OMFileCreateRequest.java:363) ~[ozone-manager-1.4.0-SNAPSHOT.jar:?]
	at org.apache.hadoop.ozone.om.request.file.OMFileCreateRequest.validateAndUpdateCache(OMFileCreateRequest.java:237) ~[ozone-manager-1.4.0-SNAPSHOT.jar:?]
	at org.apache.hadoop.ozone.protocolPB.OzoneManagerRequestHandler.handleWriteRequest(OzoneManagerRequestHandler.java:373) ~[ozone-manager-1.4.0-SNAPSHOT.jar:?]
	at org.apache.hadoop.ozone.protocolPB.OzoneManagerProtocolServerSideTranslatorPB.submitRequestDirectlyToOM(OzoneManagerProtocolServerSideTranslatorPB.java:280) ~[ozone-manager-1.4.0-SNAPSHOT.jar:?]
	at org.apache.hadoop.ozone.protocolPB.OzoneManagerProtocolServerSideTranslatorPB.processRequest(OzoneManagerProtocolServerSideTranslatorPB.java:175) ~[ozone-manager-1.4.0-SNAPSHOT.jar:?]
	at org.apache.hadoop.hdds.server.OzoneProtocolMessageDispatcher.processRequest(OzoneProtocolMessageDispatcher.java:87) [hdds-server-framework-1.4.0-SNAPSHOT.jar:?]
	at org.apache.hadoop.ozone.protocolPB.OzoneManagerProtocolServerSideTranslatorPB.submitRequest(OzoneManagerProtocolServerSideTranslatorPB.java:148) [ozone-manager-1.4.0-SNAPSHOT.jar:?]
	at org.apache.hadoop.ozone.protocol.proto.OzoneManagerProtocolProtos$OzoneManagerService$2.callBlockingMethod(OzoneManagerProtocolProtos.java) [ozone-interface-client-1.4.0-SNAPSHOT.jar:?]
	at org.apache.hadoop.ipc.ProtobufRpcEngine$Server.processCall(ProtobufRpcEngine.java:484) [hadoop-common-3.3.6.jar:?]
	at org.apache.hadoop.ipc.ProtobufRpcEngine2$Server$ProtoBufRpcInvoker.call(ProtobufRpcEngine2.java:595) [hadoop-common-3.3.6.jar:?]
	at org.apache.hadoop.ipc.ProtobufRpcEngine2$Server$ProtoBufRpcInvoker.call(ProtobufRpcEngine2.java:573) [hadoop-common-3.3.6.jar:?]
	at org.apache.hadoop.ipc.RPC$Server.call(RPC.java:1227) [hadoop-common-3.3.6.jar:?]
	at org.apache.hadoop.ipc.Server$RpcCall.run(Server.java:1094) [hadoop-common-3.3.6.jar:?]
	at org.apache.hadoop.ipc.Server$RpcCall.run(Server.java:1017) [hadoop-common-3.3.6.jar:?]
	at java.security.AccessController.doPrivileged(Native Method) ~[?:1.8.0_382]
	at javax.security.auth.Subject.doAs(Subject.java:422) [?:1.8.0_382]
	at org.apache.hadoop.security.UserGroupInformation.doAs(UserGroupInformation.java:1899) [hadoop-common-3.3.6.jar:?]
	at org.apache.hadoop.ipc.Server$Handler.run(Server.java:3048) [hadoop-common-3.3.6.jar:?]
2023-09-08 11:18:20,223 [IPC Server handler 7 on default port 15057] ERROR file.OMFileCreateRequest (OMFileCreateRequest.java:validateAndUpdateCache(336)) - File create failed. Volume:volume79664, Bucket:bucket82507, Keyd1/d2/d3/d4/key2.
NOT_A_FILE org.apache.hadoop.ozone.om.exceptions.OMException: Can not write to directory: d1/d2/d3/d4/key2
	at org.apache.hadoop.ozone.om.request.file.OMFileCreateRequest.checkDirectoryResult(OMFileCreateRequest.java:363)
	at org.apache.hadoop.ozone.om.request.file.OMFileCreateRequest.validateAndUpdateCache(OMFileCreateRequest.java:237)
	at org.apache.hadoop.ozone.protocolPB.OzoneManagerRequestHandler.handleWriteRequest(OzoneManagerRequestHandler.java:373)
	at org.apache.hadoop.ozone.protocolPB.OzoneManagerProtocolServerSideTranslatorPB.submitRequestDirectlyToOM(OzoneManagerProtocolServerSideTranslatorPB.java:280)
	at org.apache.hadoop.ozone.protocolPB.OzoneManagerProtocolServerSideTranslatorPB.processRequest(OzoneManagerProtocolServerSideTranslatorPB.java:175)
	at org.apache.hadoop.hdds.server.OzoneProtocolMessageDispatcher.processRequest(OzoneProtocolMessageDispatcher.java:87)
	at org.apache.hadoop.ozone.protocolPB.OzoneManagerProtocolServerSideTranslatorPB.submitRequest(OzoneManagerProtocolServerSideTranslatorPB.java:148)
	at org.apache.hadoop.ozone.protocol.proto.OzoneManagerProtocolProtos$OzoneManagerService$2.callBlockingMethod(OzoneManagerProtocolProtos.java)
	at org.apache.hadoop.ipc.ProtobufRpcEngine$Server.processCall(ProtobufRpcEngine.java:484)
	at org.apache.hadoop.ipc.ProtobufRpcEngine2$Server$ProtoBufRpcInvoker.call(ProtobufRpcEngine2.java:595)
	at org.apache.hadoop.ipc.ProtobufRpcEngine2$Server$ProtoBufRpcInvoker.call(ProtobufRpcEngine2.java:573)
	at org.apache.hadoop.ipc.RPC$Server.call(RPC.java:1227)
	at org.apache.hadoop.ipc.Server$RpcCall.run(Server.java:1094)
	at org.apache.hadoop.ipc.Server$RpcCall.run(Server.java:1017)
	at java.security.AccessController.doPrivileged(Native Method)
	at javax.security.auth.Subject.doAs(Subject.java:422)
	at org.apache.hadoop.security.UserGroupInformation.doAs(UserGroupInformation.java:1899)
	at org.apache.hadoop.ipc.Server$Handler.run(Server.java:3048)
11:18:20.235 [IPC Server handler 10 on default port 15057] ERROR OMAudit - user=runner | ip=127.0.0.1 | op=CREATE_DIRECTORY {volume=volume79664, bucket=bucket82507, key=d1/d2/d3/d4/key3, dataSize=0, replicationType=NONE, replicationFactor=ZERO} | ret=FAILURE
org.apache.hadoop.ozone.om.exceptions.OMException: Unable to create directory: d1/d2/d3/d4/key3 in volume/bucket: volume79664/bucket82507
	at org.apache.hadoop.ozone.om.request.file.OMDirectoryCreateRequest.validateAndUpdateCache(OMDirectoryCreateRequest.java:194) ~[ozone-manager-1.4.0-SNAPSHOT.jar:?]
	at org.apache.hadoop.ozone.protocolPB.OzoneManagerRequestHandler.handleWriteRequest(OzoneManagerRequestHandler.java:373) ~[ozone-manager-1.4.0-SNAPSHOT.jar:?]
	at org.apache.hadoop.ozone.protocolPB.OzoneManagerProtocolServerSideTranslatorPB.submitRequestDirectlyToOM(OzoneManagerProtocolServerSideTranslatorPB.java:280) ~[ozone-manager-1.4.0-SNAPSHOT.jar:?]
	at org.apache.hadoop.ozone.protocolPB.OzoneManagerProtocolServerSideTranslatorPB.processRequest(OzoneManagerProtocolServerSideTranslatorPB.java:175) ~[ozone-manager-1.4.0-SNAPSHOT.jar:?]
	at org.apache.hadoop.hdds.server.OzoneProtocolMessageDispatcher.processRequest(OzoneProtocolMessageDispatcher.java:87) [hdds-server-framework-1.4.0-SNAPSHOT.jar:?]
	at org.apache.hadoop.ozone.protocolPB.OzoneManagerProtocolServerSideTranslatorPB.submitRequest(OzoneManagerProtocolServerSideTranslatorPB.java:148) [ozone-manager-1.4.0-SNAPSHOT.jar:?]
	at org.apache.hadoop.ozone.protocol.proto.OzoneManagerProtocolProtos$OzoneManagerService$2.callBlockingMethod(OzoneManagerProtocolProtos.java) [ozone-interface-client-1.4.0-SNAPSHOT.jar:?]
	at org.apache.hadoop.ipc.ProtobufRpcEngine$Server.processCall(ProtobufRpcEngine.java:484) [hadoop-common-3.3.6.jar:?]
	at org.apache.hadoop.ipc.ProtobufRpcEngine2$Server$ProtoBufRpcInvoker.call(ProtobufRpcEngine2.java:595) [hadoop-common-3.3.6.jar:?]
	at org.apache.hadoop.ipc.ProtobufRpcEngine2$Server$ProtoBufRpcInvoker.call(ProtobufRpcEngine2.java:573) [hadoop-common-3.3.6.jar:?]
	at org.apache.hadoop.ipc.RPC$Server.call(RPC.java:1227) [hadoop-common-3.3.6.jar:?]
	at org.apache.hadoop.ipc.Server$RpcCall.run(Server.java:1094) [hadoop-common-3.3.6.jar:?]
	at org.apache.hadoop.ipc.Server$RpcCall.run(Server.java:1017) [hadoop-common-3.3.6.jar:?]
	at java.security.AccessController.doPrivileged(Native Method) ~[?:1.8.0_382]
	at javax.security.auth.Subject.doAs(Subject.java:422) [?:1.8.0_382]
	at org.apache.hadoop.security.UserGroupInformation.doAs(UserGroupInformation.java:1899) [hadoop-common-3.3.6.jar:?]
	at org.apache.hadoop.ipc.Server$Handler.run(Server.java:3048) [hadoop-common-3.3.6.jar:?]
2023-09-08 11:18:20,236 [IPC Server handler 10 on default port 15057] ERROR file.OMDirectoryCreateRequest (OMDirectoryCreateRequest.java:logResult(334)) - Directory creation failed. Volume:volume79664, Bucket:bucket82507, Keyd1/d2/d3/d4/key3. Exception:{}
FILE_ALREADY_EXISTS org.apache.hadoop.ozone.om.exceptions.OMException: Unable to create directory: d1/d2/d3/d4/key3 in volume/bucket: volume79664/bucket82507
	at org.apache.hadoop.ozone.om.request.file.OMDirectoryCreateRequest.validateAndUpdateCache(OMDirectoryCreateRequest.java:194)
	at org.apache.hadoop.ozone.protocolPB.OzoneManagerRequestHandler.handleWriteRequest(OzoneManagerRequestHandler.java:373)
	at org.apache.hadoop.ozone.protocolPB.OzoneManagerProtocolServerSideTranslatorPB.submitRequestDirectlyToOM(OzoneManagerProtocolServerSideTranslatorPB.java:280)
	at org.apache.hadoop.ozone.protocolPB.OzoneManagerProtocolServerSideTranslatorPB.processRequest(OzoneManagerProtocolServerSideTranslatorPB.java:175)
	at org.apache.hadoop.hdds.server.OzoneProtocolMessageDispatcher.processRequest(OzoneProtocolMessageDispatcher.java:87)
	at org.apache.hadoop.ozone.protocolPB.OzoneManagerProtocolServerSideTranslatorPB.submitRequest(OzoneManagerProtocolServerSideTranslatorPB.java:148)
	at org.apache.hadoop.ozone.protocol.proto.OzoneManagerProtocolProtos$OzoneManagerService$2.callBlockingMethod(OzoneManagerProtocolProtos.java)
	at org.apache.hadoop.ipc.ProtobufRpcEngine$Server.processCall(ProtobufRpcEngine.java:484)
	at org.apache.hadoop.ipc.ProtobufRpcEngine2$Server$ProtoBufRpcInvoker.call(ProtobufRpcEngine2.java:595)
	at org.apache.hadoop.ipc.ProtobufRpcEngine2$Server$ProtoBufRpcInvoker.call(ProtobufRpcEngine2.java:573)
	at org.apache.hadoop.ipc.RPC$Server.call(RPC.java:1227)
	at org.apache.hadoop.ipc.Server$RpcCall.run(Server.java:1094)
	at org.apache.hadoop.ipc.Server$RpcCall.run(Server.java:1017)
	at java.security.AccessController.doPrivileged(Native Method)
	at javax.security.auth.Subject.doAs(Subject.java:422)
	at org.apache.hadoop.security.UserGroupInformation.doAs(UserGroupInformation.java:1899)
	at org.apache.hadoop.ipc.Server$Handler.run(Server.java:3048)
11:18:20.239 [IPC Server handler 9 on default port 15057] ERROR OMAudit - user=runner | ip=127.0.0.1 | op=CREATE_FILE {volume=volume79664, bucket=bucket82507, key=d1/d2/d3, dataSize=4194304, replicationType=RATIS, replicationFactor=THREE} | ret=FAILURE
org.apache.hadoop.ozone.om.exceptions.OMException: Can not write to directory: d1/d2/d3
	at org.apache.hadoop.ozone.om.request.file.OMFileCreateRequest.checkDirectoryResult(OMFileCreateRequest.java:363) ~[ozone-manager-1.4.0-SNAPSHOT.jar:?]
	at org.apache.hadoop.ozone.om.request.file.OMFileCreateRequest.validateAndUpdateCache(OMFileCreateRequest.java:237) ~[ozone-manager-1.4.0-SNAPSHOT.jar:?]
	at org.apache.hadoop.ozone.protocolPB.OzoneManagerRequestHandler.handleWriteRequest(OzoneManagerRequestHandler.java:373) ~[ozone-manager-1.4.0-SNAPSHOT.jar:?]
	at org.apache.hadoop.ozone.protocolPB.OzoneManagerProtocolServerSideTranslatorPB.submitRequestDirectlyToOM(OzoneManagerProtocolServerSideTranslatorPB.java:280) ~[ozone-manager-1.4.0-SNAPSHOT.jar:?]
	at org.apache.hadoop.ozone.protocolPB.OzoneManagerProtocolServerSideTranslatorPB.processRequest(OzoneManagerProtocolServerSideTranslatorPB.java:175) ~[ozone-manager-1.4.0-SNAPSHOT.jar:?]
	at org.apache.hadoop.hdds.server.OzoneProtocolMessageDispatcher.processRequest(OzoneProtocolMessageDispatcher.java:87) [hdds-server-framework-1.4.0-SNAPSHOT.jar:?]
	at org.apache.hadoop.ozone.protocolPB.OzoneManagerProtocolServerSideTranslatorPB.submitRequest(OzoneManagerProtocolServerSideTranslatorPB.java:148) [ozone-manager-1.4.0-SNAPSHOT.jar:?]
	at org.apache.hadoop.ozone.protocol.proto.OzoneManagerProtocolProtos$OzoneManagerService$2.callBlockingMethod(OzoneManagerProtocolProtos.java) [ozone-interface-client-1.4.0-SNAPSHOT.jar:?]
	at org.apache.hadoop.ipc.ProtobufRpcEngine$Server.processCall(ProtobufRpcEngine.java:484) [hadoop-common-3.3.6.jar:?]
	at org.apache.hadoop.ipc.ProtobufRpcEngine2$Server$ProtoBufRpcInvoker.call(ProtobufRpcEngine2.java:595) [hadoop-common-3.3.6.jar:?]
	at org.apache.hadoop.ipc.ProtobufRpcEngine2$Server$ProtoBufRpcInvoker.call(ProtobufRpcEngine2.java:573) [hadoop-common-3.3.6.jar:?]
	at org.apache.hadoop.ipc.RPC$Server.call(RPC.java:1227) [hadoop-common-3.3.6.jar:?]
	at org.apache.hadoop.ipc.Server$RpcCall.run(Server.java:1094) [hadoop-common-3.3.6.jar:?]
	at org.apache.hadoop.ipc.Server$RpcCall.run(Server.java:1017) [hadoop-common-3.3.6.jar:?]
	at java.security.AccessController.doPrivileged(Native Method) ~[?:1.8.0_382]
	at javax.security.auth.Subject.doAs(Subject.java:422) [?:1.8.0_382]
	at org.apache.hadoop.security.UserGroupInformation.doAs(UserGroupInformation.java:1899) [hadoop-common-3.3.6.jar:?]
	at org.apache.hadoop.ipc.Server$Handler.run(Server.java:3048) [hadoop-common-3.3.6.jar:?]
2023-09-08 11:18:20,240 [IPC Server handler 9 on default port 15057] ERROR file.OMFileCreateRequest (OMFileCreateRequest.java:validateAndUpdateCache(336)) - File create failed. Volume:volume79664, Bucket:bucket82507, Keyd1/d2/d3.
NOT_A_FILE org.apache.hadoop.ozone.om.exceptions.OMException: Can not write to directory: d1/d2/d3
	at org.apache.hadoop.ozone.om.request.file.OMFileCreateRequest.checkDirectoryResult(OMFileCreateRequest.java:363)
	at org.apache.hadoop.ozone.om.request.file.OMFileCreateRequest.validateAndUpdateCache(OMFileCreateRequest.java:237)
	at org.apache.hadoop.ozone.protocolPB.OzoneManagerRequestHandler.handleWriteRequest(OzoneManagerRequestHandler.java:373)
	at org.apache.hadoop.ozone.protocolPB.OzoneManagerProtocolServerSideTranslatorPB.submitRequestDirectlyToOM(OzoneManagerProtocolServerSideTranslatorPB.java:280)
	at org.apache.hadoop.ozone.protocolPB.OzoneManagerProtocolServerSideTranslatorPB.processRequest(OzoneManagerProtocolServerSideTranslatorPB.java:175)
	at org.apache.hadoop.hdds.server.OzoneProtocolMessageDispatcher.processRequest(OzoneProtocolMessageDispatcher.java:87)
	at org.apache.hadoop.ozone.protocolPB.OzoneManagerProtocolServerSideTranslatorPB.submitRequest(OzoneManagerProtocolServerSideTranslatorPB.java:148)
	at org.apache.hadoop.ozone.protocol.proto.OzoneManagerProtocolProtos$OzoneManagerService$2.callBlockingMethod(OzoneManagerProtocolProtos.java)
	at org.apache.hadoop.ipc.ProtobufRpcEngine$Server.processCall(ProtobufRpcEngine.java:484)
	at org.apache.hadoop.ipc.ProtobufRpcEngine2$Server$ProtoBufRpcInvoker.call(ProtobufRpcEngine2.java:595)
	at org.apache.hadoop.ipc.ProtobufRpcEngine2$Server$ProtoBufRpcInvoker.call(ProtobufRpcEngine2.java:573)
	at org.apache.hadoop.ipc.RPC$Server.call(RPC.java:1227)
	at org.apache.hadoop.ipc.Server$RpcCall.run(Server.java:1094)
	at org.apache.hadoop.ipc.Server$RpcCall.run(Server.java:1017)
	at java.security.AccessController.doPrivileged(Native Method)
	at javax.security.auth.Subject.doAs(Subject.java:422)
	at org.apache.hadoop.security.UserGroupInformation.doAs(UserGroupInformation.java:1899)
	at org.apache.hadoop.ipc.Server$Handler.run(Server.java:3048)
11:18:20.248 [IPC Server handler 16 on default port 15057] ERROR OMAudit - user=runner | ip=127.0.0.1 | op=GET_FILE_STATUS {volume=volume79664, bucket=bucket82507, key=d1/d2/d3/d4/key3/invalid, dataSize=0, replicationConfig=null} | ret=FAILURE
org.apache.hadoop.ozone.om.exceptions.OMException: Unable to get file status: volume: volume79664 bucket: bucket82507 key: d1/d2/d3/d4/key3/invalid
	at org.apache.hadoop.ozone.om.KeyManagerImpl.getOzoneFileStatus(KeyManagerImpl.java:1195) ~[ozone-manager-1.4.0-SNAPSHOT.jar:?]
	at org.apache.hadoop.ozone.om.KeyManagerImpl.getFileStatus(KeyManagerImpl.java:1113) ~[ozone-manager-1.4.0-SNAPSHOT.jar:?]
	at org.apache.hadoop.ozone.om.OmMetadataReader.getFileStatus(OmMetadataReader.java:262) ~[ozone-manager-1.4.0-SNAPSHOT.jar:?]
	at org.apache.hadoop.ozone.om.OzoneManager.getFileStatus(OzoneManager.java:3530) ~[ozone-manager-1.4.0-SNAPSHOT.jar:?]
	at org.apache.hadoop.ozone.protocolPB.OzoneManagerRequestHandler.getOzoneFileStatus(OzoneManagerRequestHandler.java:971) ~[ozone-manager-1.4.0-SNAPSHOT.jar:?]
	at org.apache.hadoop.ozone.protocolPB.OzoneManagerRequestHandler.handleReadRequest(OzoneManagerRequestHandler.java:250) ~[ozone-manager-1.4.0-SNAPSHOT.jar:?]
	at org.apache.hadoop.ozone.protocolPB.OzoneManagerProtocolServerSideTranslatorPB.submitRequestDirectlyToOM(OzoneManagerProtocolServerSideTranslatorPB.java:274) ~[ozone-manager-1.4.0-SNAPSHOT.jar:?]
	at org.apache.hadoop.ozone.protocolPB.OzoneManagerProtocolServerSideTranslatorPB.processRequest(OzoneManagerProtocolServerSideTranslatorPB.java:175) ~[ozone-manager-1.4.0-SNAPSHOT.jar:?]
	at org.apache.hadoop.hdds.server.OzoneProtocolMessageDispatcher.processRequest(OzoneProtocolMessageDispatcher.java:87) [hdds-server-framework-1.4.0-SNAPSHOT.jar:?]
	at org.apache.hadoop.ozone.protocolPB.OzoneManagerProtocolServerSideTranslatorPB.submitRequest(OzoneManagerProtocolServerSideTranslatorPB.java:148) [ozone-manager-1.4.0-SNAPSHOT.jar:?]
	at org.apache.hadoop.ozone.protocol.proto.OzoneManagerProtocolProtos$OzoneManagerService$2.callBlockingMethod(OzoneManagerProtocolProtos.java) [ozone-interface-client-1.4.0-SNAPSHOT.jar:?]
	at org.apache.hadoop.ipc.ProtobufRpcEngine$Server.processCall(ProtobufRpcEngine.java:484) [hadoop-common-3.3.6.jar:?]
	at org.apache.hadoop.ipc.ProtobufRpcEngine2$Server$ProtoBufRpcInvoker.call(ProtobufRpcEngine2.java:595) [hadoop-common-3.3.6.jar:?]
	at org.apache.hadoop.ipc.ProtobufRpcEngine2$Server$ProtoBufRpcInvoker.call(ProtobufRpcEngine2.java:573) [hadoop-common-3.3.6.jar:?]
	at org.apache.hadoop.ipc.RPC$Server.call(RPC.java:1227) [hadoop-common-3.3.6.jar:?]
	at org.apache.hadoop.ipc.Server$RpcCall.run(Server.java:1094) [hadoop-common-3.3.6.jar:?]
	at org.apache.hadoop.ipc.Server$RpcCall.run(Server.java:1017) [hadoop-common-3.3.6.jar:?]
	at java.security.AccessController.doPrivileged(Native Method) ~[?:1.8.0_382]
	at javax.security.auth.Subject.doAs(Subject.java:422) [?:1.8.0_382]
	at org.apache.hadoop.security.UserGroupInformation.doAs(UserGroupInformation.java:1899) [hadoop-common-3.3.6.jar:?]
	at org.apache.hadoop.ipc.Server$Handler.run(Server.java:3048) [hadoop-common-3.3.6.jar:?]
11:18:20.249 [IPC Server handler 17 on default port 15057] ERROR OMAudit - user=runner | ip=127.0.0.1 | op=GET_FILE_STATUS {volume=volume79664, bucket=bucket82507, key=d1/d2/d3/d4/invalidkey, dataSize=0, replicationConfig=null} | ret=FAILURE
org.apache.hadoop.ozone.om.exceptions.OMException: Unable to get file status: volume: volume79664 bucket: bucket82507 key: d1/d2/d3/d4/invalidkey
	at org.apache.hadoop.ozone.om.KeyManagerImpl.getOzoneFileStatus(KeyManagerImpl.java:1195) ~[ozone-manager-1.4.0-SNAPSHOT.jar:?]
	at org.apache.hadoop.ozone.om.KeyManagerImpl.getFileStatus(KeyManagerImpl.java:1113) ~[ozone-manager-1.4.0-SNAPSHOT.jar:?]
	at org.apache.hadoop.ozone.om.OmMetadataReader.getFileStatus(OmMetadataReader.java:262) ~[ozone-manager-1.4.0-SNAPSHOT.jar:?]
	at org.apache.hadoop.ozone.om.OzoneManager.getFileStatus(OzoneManager.java:3530) ~[ozone-manager-1.4.0-SNAPSHOT.jar:?]
	at org.apache.hadoop.ozone.protocolPB.OzoneManagerRequestHandler.getOzoneFileStatus(OzoneManagerRequestHandler.java:971) ~[ozone-manager-1.4.0-SNAPSHOT.jar:?]
	at org.apache.hadoop.ozone.protocolPB.OzoneManagerRequestHandler.handleReadRequest(OzoneManagerRequestHandler.java:250) ~[ozone-manager-1.4.0-SNAPSHOT.jar:?]
	at org.apache.hadoop.ozone.protocolPB.OzoneManagerProtocolServerSideTranslatorPB.submitRequestDirectlyToOM(OzoneManagerProtocolServerSideTranslatorPB.java:274) ~[ozone-manager-1.4.0-SNAPSHOT.jar:?]
	at org.apache.hadoop.ozone.protocolPB.OzoneManagerProtocolServerSideTranslatorPB.processRequest(OzoneManagerProtocolServerSideTranslatorPB.java:175) ~[ozone-manager-1.4.0-SNAPSHOT.jar:?]
	at org.apache.hadoop.hdds.server.OzoneProtocolMessageDispatcher.processRequest(OzoneProtocolMessageDispatcher.java:87) [hdds-server-framework-1.4.0-SNAPSHOT.jar:?]
	at org.apache.hadoop.ozone.protocolPB.OzoneManagerProtocolServerSideTranslatorPB.submitRequest(OzoneManagerProtocolServerSideTranslatorPB.java:148) [ozone-manager-1.4.0-SNAPSHOT.jar:?]
	at org.apache.hadoop.ozone.protocol.proto.OzoneManagerProtocolProtos$OzoneManagerService$2.callBlockingMethod(OzoneManagerProtocolProtos.java) [ozone-interface-client-1.4.0-SNAPSHOT.jar:?]
	at org.apache.hadoop.ipc.ProtobufRpcEngine$Server.processCall(ProtobufRpcEngine.java:484) [hadoop-common-3.3.6.jar:?]
	at org.apache.hadoop.ipc.ProtobufRpcEngine2$Server$ProtoBufRpcInvoker.call(ProtobufRpcEngine2.java:595) [hadoop-common-3.3.6.jar:?]
	at org.apache.hadoop.ipc.ProtobufRpcEngine2$Server$ProtoBufRpcInvoker.call(ProtobufRpcEngine2.java:573) [hadoop-common-3.3.6.jar:?]
	at org.apache.hadoop.ipc.RPC$Server.call(RPC.java:1227) [hadoop-common-3.3.6.jar:?]
	at org.apache.hadoop.ipc.Server$RpcCall.run(Server.java:1094) [hadoop-common-3.3.6.jar:?]
	at org.apache.hadoop.ipc.Server$RpcCall.run(Server.java:1017) [hadoop-common-3.3.6.jar:?]
	at java.security.AccessController.doPrivileged(Native Method) ~[?:1.8.0_382]
	at javax.security.auth.Subject.doAs(Subject.java:422) [?:1.8.0_382]
	at org.apache.hadoop.security.UserGroupInformation.doAs(UserGroupInformation.java:1899) [hadoop-common-3.3.6.jar:?]
	at org.apache.hadoop.ipc.Server$Handler.run(Server.java:3048) [hadoop-common-3.3.6.jar:?]
]]></system-out>
  </testcase>
  <testcase name="testCreateFileShouldCheckExistenceOfDirWithSameName" classname="TestOzoneFileSystem" time="0.046">
    <system-out><![CDATA[11:19:38.172 [OM StateMachine ApplyTransaction Thread - 0] ERROR OMAudit - user=runner | ip=127.0.0.1 | op=CREATE_FILE {volume=volume57283, bucket=bucket81356, key=d1/d2/d3/d4/key2, dataSize=4194304, replicationType=RATIS, replicationFactor=THREE} | ret=FAILURE
org.apache.hadoop.ozone.om.exceptions.OMException: Can not write to directory: d1/d2/d3/d4/key2
	at org.apache.hadoop.ozone.om.request.file.OMFileCreateRequest.checkDirectoryResult(OMFileCreateRequest.java:363) ~[ozone-manager-1.4.0-SNAPSHOT.jar:?]
	at org.apache.hadoop.ozone.om.request.file.OMFileCreateRequest.validateAndUpdateCache(OMFileCreateRequest.java:237) ~[ozone-manager-1.4.0-SNAPSHOT.jar:?]
	at org.apache.hadoop.ozone.protocolPB.OzoneManagerRequestHandler.handleWriteRequest(OzoneManagerRequestHandler.java:373) ~[ozone-manager-1.4.0-SNAPSHOT.jar:?]
	at org.apache.hadoop.ozone.om.ratis.OzoneManagerStateMachine.runCommand(OzoneManagerStateMachine.java:568) ~[ozone-manager-1.4.0-SNAPSHOT.jar:?]
	at org.apache.hadoop.ozone.om.ratis.OzoneManagerStateMachine.lambda$1(OzoneManagerStateMachine.java:359) ~[ozone-manager-1.4.0-SNAPSHOT.jar:?]
	at java.util.concurrent.CompletableFuture$AsyncSupply.run(CompletableFuture.java:1604) [?:1.8.0_382]
	at java.util.concurrent.ThreadPoolExecutor.runWorker(ThreadPoolExecutor.java:1149) [?:1.8.0_382]
	at java.util.concurrent.ThreadPoolExecutor$Worker.run(ThreadPoolExecutor.java:624) [?:1.8.0_382]
	at java.lang.Thread.run(Thread.java:750) [?:1.8.0_382]
2023-09-08 11:19:38,172 [OM StateMachine ApplyTransaction Thread - 0] ERROR file.OMFileCreateRequest (OMFileCreateRequest.java:validateAndUpdateCache(336)) - File create failed. Volume:volume57283, Bucket:bucket81356, Keyd1/d2/d3/d4/key2.
NOT_A_FILE org.apache.hadoop.ozone.om.exceptions.OMException: Can not write to directory: d1/d2/d3/d4/key2
	at org.apache.hadoop.ozone.om.request.file.OMFileCreateRequest.checkDirectoryResult(OMFileCreateRequest.java:363)
	at org.apache.hadoop.ozone.om.request.file.OMFileCreateRequest.validateAndUpdateCache(OMFileCreateRequest.java:237)
	at org.apache.hadoop.ozone.protocolPB.OzoneManagerRequestHandler.handleWriteRequest(OzoneManagerRequestHandler.java:373)
	at org.apache.hadoop.ozone.om.ratis.OzoneManagerStateMachine.runCommand(OzoneManagerStateMachine.java:568)
	at org.apache.hadoop.ozone.om.ratis.OzoneManagerStateMachine.lambda$1(OzoneManagerStateMachine.java:359)
	at java.util.concurrent.CompletableFuture$AsyncSupply.run(CompletableFuture.java:1604)
	at java.util.concurrent.ThreadPoolExecutor.runWorker(ThreadPoolExecutor.java:1149)
	at java.util.concurrent.ThreadPoolExecutor$Worker.run(ThreadPoolExecutor.java:624)
	at java.lang.Thread.run(Thread.java:750)
11:19:38.180 [OM StateMachine ApplyTransaction Thread - 0] ERROR OMAudit - user=runner | ip=127.0.0.1 | op=CREATE_DIRECTORY {volume=volume57283, bucket=bucket81356, key=d1/d2/d3/d4/key3, dataSize=0, replicationType=NONE, replicationFactor=ZERO} | ret=FAILURE
org.apache.hadoop.ozone.om.exceptions.OMException: Unable to create directory: d1/d2/d3/d4/key3 in volume/bucket: volume57283/bucket81356
	at org.apache.hadoop.ozone.om.request.file.OMDirectoryCreateRequest.validateAndUpdateCache(OMDirectoryCreateRequest.java:194) ~[ozone-manager-1.4.0-SNAPSHOT.jar:?]
	at org.apache.hadoop.ozone.protocolPB.OzoneManagerRequestHandler.handleWriteRequest(OzoneManagerRequestHandler.java:373) ~[ozone-manager-1.4.0-SNAPSHOT.jar:?]
	at org.apache.hadoop.ozone.om.ratis.OzoneManagerStateMachine.runCommand(OzoneManagerStateMachine.java:568) ~[ozone-manager-1.4.0-SNAPSHOT.jar:?]
	at org.apache.hadoop.ozone.om.ratis.OzoneManagerStateMachine.lambda$1(OzoneManagerStateMachine.java:359) ~[ozone-manager-1.4.0-SNAPSHOT.jar:?]
	at java.util.concurrent.CompletableFuture$AsyncSupply.run(CompletableFuture.java:1604) [?:1.8.0_382]
	at java.util.concurrent.ThreadPoolExecutor.runWorker(ThreadPoolExecutor.java:1149) [?:1.8.0_382]
	at java.util.concurrent.ThreadPoolExecutor$Worker.run(ThreadPoolExecutor.java:624) [?:1.8.0_382]
	at java.lang.Thread.run(Thread.java:750) [?:1.8.0_382]
2023-09-08 11:19:38,180 [OM StateMachine ApplyTransaction Thread - 0] ERROR file.OMDirectoryCreateRequest (OMDirectoryCreateRequest.java:logResult(334)) - Directory creation failed. Volume:volume57283, Bucket:bucket81356, Keyd1/d2/d3/d4/key3. Exception:{}
FILE_ALREADY_EXISTS org.apache.hadoop.ozone.om.exceptions.OMException: Unable to create directory: d1/d2/d3/d4/key3 in volume/bucket: volume57283/bucket81356
	at org.apache.hadoop.ozone.om.request.file.OMDirectoryCreateRequest.validateAndUpdateCache(OMDirectoryCreateRequest.java:194)
	at org.apache.hadoop.ozone.protocolPB.OzoneManagerRequestHandler.handleWriteRequest(OzoneManagerRequestHandler.java:373)
	at org.apache.hadoop.ozone.om.ratis.OzoneManagerStateMachine.runCommand(OzoneManagerStateMachine.java:568)
	at org.apache.hadoop.ozone.om.ratis.OzoneManagerStateMachine.lambda$1(OzoneManagerStateMachine.java:359)
	at java.util.concurrent.CompletableFuture$AsyncSupply.run(CompletableFuture.java:1604)
	at java.util.concurrent.ThreadPoolExecutor.runWorker(ThreadPoolExecutor.java:1149)
	at java.util.concurrent.ThreadPoolExecutor$Worker.run(ThreadPoolExecutor.java:624)
	at java.lang.Thread.run(Thread.java:750)
11:19:38.188 [OM StateMachine ApplyTransaction Thread - 0] ERROR OMAudit - user=runner | ip=127.0.0.1 | op=CREATE_FILE {volume=volume57283, bucket=bucket81356, key=d1/d2/d3, dataSize=4194304, replicationType=RATIS, replicationFactor=THREE} | ret=FAILURE
org.apache.hadoop.ozone.om.exceptions.OMException: Can not write to directory: d1/d2/d3
	at org.apache.hadoop.ozone.om.request.file.OMFileCreateRequest.checkDirectoryResult(OMFileCreateRequest.java:363) ~[ozone-manager-1.4.0-SNAPSHOT.jar:?]
	at org.apache.hadoop.ozone.om.request.file.OMFileCreateRequest.validateAndUpdateCache(OMFileCreateRequest.java:237) ~[ozone-manager-1.4.0-SNAPSHOT.jar:?]
	at org.apache.hadoop.ozone.protocolPB.OzoneManagerRequestHandler.handleWriteRequest(OzoneManagerRequestHandler.java:373) ~[ozone-manager-1.4.0-SNAPSHOT.jar:?]
	at org.apache.hadoop.ozone.om.ratis.OzoneManagerStateMachine.runCommand(OzoneManagerStateMachine.java:568) ~[ozone-manager-1.4.0-SNAPSHOT.jar:?]
	at org.apache.hadoop.ozone.om.ratis.OzoneManagerStateMachine.lambda$1(OzoneManagerStateMachine.java:359) ~[ozone-manager-1.4.0-SNAPSHOT.jar:?]
	at java.util.concurrent.CompletableFuture$AsyncSupply.run(CompletableFuture.java:1604) [?:1.8.0_382]
	at java.util.concurrent.ThreadPoolExecutor.runWorker(ThreadPoolExecutor.java:1149) [?:1.8.0_382]
	at java.util.concurrent.ThreadPoolExecutor$Worker.run(ThreadPoolExecutor.java:624) [?:1.8.0_382]
	at java.lang.Thread.run(Thread.java:750) [?:1.8.0_382]
2023-09-08 11:19:38,188 [OM StateMachine ApplyTransaction Thread - 0] ERROR file.OMFileCreateRequest (OMFileCreateRequest.java:validateAndUpdateCache(336)) - File create failed. Volume:volume57283, Bucket:bucket81356, Keyd1/d2/d3.
NOT_A_FILE org.apache.hadoop.ozone.om.exceptions.OMException: Can not write to directory: d1/d2/d3
	at org.apache.hadoop.ozone.om.request.file.OMFileCreateRequest.checkDirectoryResult(OMFileCreateRequest.java:363)
	at org.apache.hadoop.ozone.om.request.file.OMFileCreateRequest.validateAndUpdateCache(OMFileCreateRequest.java:237)
	at org.apache.hadoop.ozone.protocolPB.OzoneManagerRequestHandler.handleWriteRequest(OzoneManagerRequestHandler.java:373)
	at org.apache.hadoop.ozone.om.ratis.OzoneManagerStateMachine.runCommand(OzoneManagerStateMachine.java:568)
	at org.apache.hadoop.ozone.om.ratis.OzoneManagerStateMachine.lambda$1(OzoneManagerStateMachine.java:359)
	at java.util.concurrent.CompletableFuture$AsyncSupply.run(CompletableFuture.java:1604)
	at java.util.concurrent.ThreadPoolExecutor.runWorker(ThreadPoolExecutor.java:1149)
	at java.util.concurrent.ThreadPoolExecutor$Worker.run(ThreadPoolExecutor.java:624)
	at java.lang.Thread.run(Thread.java:750)
11:19:38.190 [IPC Server handler 14 on default port 15110] ERROR OMAudit - user=runner | ip=127.0.0.1 | op=GET_FILE_STATUS {volume=volume57283, bucket=bucket81356, key=d1/d2/d3/d4/key3/invalid, dataSize=0, replicationConfig=null} | ret=FAILURE
org.apache.hadoop.ozone.om.exceptions.OMException: Unable to get file status: volume: volume57283 bucket: bucket81356 key: d1/d2/d3/d4/key3/invalid
	at org.apache.hadoop.ozone.om.KeyManagerImpl.getOzoneFileStatus(KeyManagerImpl.java:1195) ~[ozone-manager-1.4.0-SNAPSHOT.jar:?]
	at org.apache.hadoop.ozone.om.KeyManagerImpl.getFileStatus(KeyManagerImpl.java:1113) ~[ozone-manager-1.4.0-SNAPSHOT.jar:?]
	at org.apache.hadoop.ozone.om.OmMetadataReader.getFileStatus(OmMetadataReader.java:262) ~[ozone-manager-1.4.0-SNAPSHOT.jar:?]
	at org.apache.hadoop.ozone.om.OzoneManager.getFileStatus(OzoneManager.java:3530) ~[ozone-manager-1.4.0-SNAPSHOT.jar:?]
	at org.apache.hadoop.ozone.protocolPB.OzoneManagerRequestHandler.getOzoneFileStatus(OzoneManagerRequestHandler.java:971) ~[ozone-manager-1.4.0-SNAPSHOT.jar:?]
	at org.apache.hadoop.ozone.protocolPB.OzoneManagerRequestHandler.handleReadRequest(OzoneManagerRequestHandler.java:250) ~[ozone-manager-1.4.0-SNAPSHOT.jar:?]
	at org.apache.hadoop.ozone.protocolPB.OzoneManagerProtocolServerSideTranslatorPB.submitReadRequestToOM(OzoneManagerProtocolServerSideTranslatorPB.java:225) ~[ozone-manager-1.4.0-SNAPSHOT.jar:?]
	at org.apache.hadoop.ozone.protocolPB.OzoneManagerProtocolServerSideTranslatorPB.processRequest(OzoneManagerProtocolServerSideTranslatorPB.java:179) ~[ozone-manager-1.4.0-SNAPSHOT.jar:?]
	at org.apache.hadoop.hdds.server.OzoneProtocolMessageDispatcher.processRequest(OzoneProtocolMessageDispatcher.java:87) [hdds-server-framework-1.4.0-SNAPSHOT.jar:?]
	at org.apache.hadoop.ozone.protocolPB.OzoneManagerProtocolServerSideTranslatorPB.submitRequest(OzoneManagerProtocolServerSideTranslatorPB.java:148) [ozone-manager-1.4.0-SNAPSHOT.jar:?]
	at org.apache.hadoop.ozone.protocol.proto.OzoneManagerProtocolProtos$OzoneManagerService$2.callBlockingMethod(OzoneManagerProtocolProtos.java) [ozone-interface-client-1.4.0-SNAPSHOT.jar:?]
	at org.apache.hadoop.ipc.ProtobufRpcEngine$Server.processCall(ProtobufRpcEngine.java:484) [hadoop-common-3.3.6.jar:?]
	at org.apache.hadoop.ipc.ProtobufRpcEngine2$Server$ProtoBufRpcInvoker.call(ProtobufRpcEngine2.java:595) [hadoop-common-3.3.6.jar:?]
	at org.apache.hadoop.ipc.ProtobufRpcEngine2$Server$ProtoBufRpcInvoker.call(ProtobufRpcEngine2.java:573) [hadoop-common-3.3.6.jar:?]
	at org.apache.hadoop.ipc.RPC$Server.call(RPC.java:1227) [hadoop-common-3.3.6.jar:?]
	at org.apache.hadoop.ipc.Server$RpcCall.run(Server.java:1094) [hadoop-common-3.3.6.jar:?]
	at org.apache.hadoop.ipc.Server$RpcCall.run(Server.java:1017) [hadoop-common-3.3.6.jar:?]
	at java.security.AccessController.doPrivileged(Native Method) ~[?:1.8.0_382]
	at javax.security.auth.Subject.doAs(Subject.java:422) [?:1.8.0_382]
	at org.apache.hadoop.security.UserGroupInformation.doAs(UserGroupInformation.java:1899) [hadoop-common-3.3.6.jar:?]
	at org.apache.hadoop.ipc.Server$Handler.run(Server.java:3048) [hadoop-common-3.3.6.jar:?]
11:19:38.192 [IPC Server handler 15 on default port 15110] ERROR OMAudit - user=runner | ip=127.0.0.1 | op=GET_FILE_STATUS {volume=volume57283, bucket=bucket81356, key=d1/d2/d3/d4/invalidkey, dataSize=0, replicationConfig=null} | ret=FAILURE
org.apache.hadoop.ozone.om.exceptions.OMException: Unable to get file status: volume: volume57283 bucket: bucket81356 key: d1/d2/d3/d4/invalidkey
	at org.apache.hadoop.ozone.om.KeyManagerImpl.getOzoneFileStatus(KeyManagerImpl.java:1195) ~[ozone-manager-1.4.0-SNAPSHOT.jar:?]
	at org.apache.hadoop.ozone.om.KeyManagerImpl.getFileStatus(KeyManagerImpl.java:1113) ~[ozone-manager-1.4.0-SNAPSHOT.jar:?]
	at org.apache.hadoop.ozone.om.OmMetadataReader.getFileStatus(OmMetadataReader.java:262) ~[ozone-manager-1.4.0-SNAPSHOT.jar:?]
	at org.apache.hadoop.ozone.om.OzoneManager.getFileStatus(OzoneManager.java:3530) ~[ozone-manager-1.4.0-SNAPSHOT.jar:?]
	at org.apache.hadoop.ozone.protocolPB.OzoneManagerRequestHandler.getOzoneFileStatus(OzoneManagerRequestHandler.java:971) ~[ozone-manager-1.4.0-SNAPSHOT.jar:?]
	at org.apache.hadoop.ozone.protocolPB.OzoneManagerRequestHandler.handleReadRequest(OzoneManagerRequestHandler.java:250) ~[ozone-manager-1.4.0-SNAPSHOT.jar:?]
	at org.apache.hadoop.ozone.protocolPB.OzoneManagerProtocolServerSideTranslatorPB.submitReadRequestToOM(OzoneManagerProtocolServerSideTranslatorPB.java:225) ~[ozone-manager-1.4.0-SNAPSHOT.jar:?]
	at org.apache.hadoop.ozone.protocolPB.OzoneManagerProtocolServerSideTranslatorPB.processRequest(OzoneManagerProtocolServerSideTranslatorPB.java:179) ~[ozone-manager-1.4.0-SNAPSHOT.jar:?]
	at org.apache.hadoop.hdds.server.OzoneProtocolMessageDispatcher.processRequest(OzoneProtocolMessageDispatcher.java:87) [hdds-server-framework-1.4.0-SNAPSHOT.jar:?]
	at org.apache.hadoop.ozone.protocolPB.OzoneManagerProtocolServerSideTranslatorPB.submitRequest(OzoneManagerProtocolServerSideTranslatorPB.java:148) [ozone-manager-1.4.0-SNAPSHOT.jar:?]
	at org.apache.hadoop.ozone.protocol.proto.OzoneManagerProtocolProtos$OzoneManagerService$2.callBlockingMethod(OzoneManagerProtocolProtos.java) [ozone-interface-client-1.4.0-SNAPSHOT.jar:?]
	at org.apache.hadoop.ipc.ProtobufRpcEngine$Server.processCall(ProtobufRpcEngine.java:484) [hadoop-common-3.3.6.jar:?]
	at org.apache.hadoop.ipc.ProtobufRpcEngine2$Server$ProtoBufRpcInvoker.call(ProtobufRpcEngine2.java:595) [hadoop-common-3.3.6.jar:?]
	at org.apache.hadoop.ipc.ProtobufRpcEngine2$Server$ProtoBufRpcInvoker.call(ProtobufRpcEngine2.java:573) [hadoop-common-3.3.6.jar:?]
	at org.apache.hadoop.ipc.RPC$Server.call(RPC.java:1227) [hadoop-common-3.3.6.jar:?]
	at org.apache.hadoop.ipc.Server$RpcCall.run(Server.java:1094) [hadoop-common-3.3.6.jar:?]
	at org.apache.hadoop.ipc.Server$RpcCall.run(Server.java:1017) [hadoop-common-3.3.6.jar:?]
	at java.security.AccessController.doPrivileged(Native Method) ~[?:1.8.0_382]
	at javax.security.auth.Subject.doAs(Subject.java:422) [?:1.8.0_382]
	at org.apache.hadoop.security.UserGroupInformation.doAs(UserGroupInformation.java:1899) [hadoop-common-3.3.6.jar:?]
	at org.apache.hadoop.ipc.Server$Handler.run(Server.java:3048) [hadoop-common-3.3.6.jar:?]
]]></system-out>
  </testcase>
  <testcase name="testCreateFileShouldCheckExistenceOfDirWithSameName" classname="TestOzoneFileSystem" time="0.153">
    <system-out><![CDATA[11:21:05.998 [IPC Server handler 11 on default port 15163] ERROR OMAudit - user=runner | ip=127.0.0.1 | op=CREATE_FILE {volume=volume69610, bucket=bucket82402, key=d1/d2/d3/d4/key2, dataSize=4194304, replicationType=RATIS, replicationFactor=THREE} | ret=FAILURE
org.apache.hadoop.ozone.om.exceptions.OMException: Can not write to directory: d1/d2/d3/d4/key2
	at org.apache.hadoop.ozone.om.request.file.OMFileCreateRequest.checkDirectoryResult(OMFileCreateRequest.java:363) ~[ozone-manager-1.4.0-SNAPSHOT.jar:?]
	at org.apache.hadoop.ozone.om.request.file.OMFileCreateRequest.validateAndUpdateCache(OMFileCreateRequest.java:237) ~[ozone-manager-1.4.0-SNAPSHOT.jar:?]
	at org.apache.hadoop.ozone.protocolPB.OzoneManagerRequestHandler.handleWriteRequest(OzoneManagerRequestHandler.java:373) ~[ozone-manager-1.4.0-SNAPSHOT.jar:?]
	at org.apache.hadoop.ozone.protocolPB.OzoneManagerProtocolServerSideTranslatorPB.submitRequestDirectlyToOM(OzoneManagerProtocolServerSideTranslatorPB.java:280) ~[ozone-manager-1.4.0-SNAPSHOT.jar:?]
	at org.apache.hadoop.ozone.protocolPB.OzoneManagerProtocolServerSideTranslatorPB.processRequest(OzoneManagerProtocolServerSideTranslatorPB.java:175) ~[ozone-manager-1.4.0-SNAPSHOT.jar:?]
	at org.apache.hadoop.hdds.server.OzoneProtocolMessageDispatcher.processRequest(OzoneProtocolMessageDispatcher.java:87) [hdds-server-framework-1.4.0-SNAPSHOT.jar:?]
	at org.apache.hadoop.ozone.protocolPB.OzoneManagerProtocolServerSideTranslatorPB.submitRequest(OzoneManagerProtocolServerSideTranslatorPB.java:148) [ozone-manager-1.4.0-SNAPSHOT.jar:?]
	at org.apache.hadoop.ozone.protocol.proto.OzoneManagerProtocolProtos$OzoneManagerService$2.callBlockingMethod(OzoneManagerProtocolProtos.java) [ozone-interface-client-1.4.0-SNAPSHOT.jar:?]
	at org.apache.hadoop.ipc.ProtobufRpcEngine$Server.processCall(ProtobufRpcEngine.java:484) [hadoop-common-3.3.6.jar:?]
	at org.apache.hadoop.ipc.ProtobufRpcEngine2$Server$ProtoBufRpcInvoker.call(ProtobufRpcEngine2.java:595) [hadoop-common-3.3.6.jar:?]
	at org.apache.hadoop.ipc.ProtobufRpcEngine2$Server$ProtoBufRpcInvoker.call(ProtobufRpcEngine2.java:573) [hadoop-common-3.3.6.jar:?]
	at org.apache.hadoop.ipc.RPC$Server.call(RPC.java:1227) [hadoop-common-3.3.6.jar:?]
	at org.apache.hadoop.ipc.Server$RpcCall.run(Server.java:1094) [hadoop-common-3.3.6.jar:?]
	at org.apache.hadoop.ipc.Server$RpcCall.run(Server.java:1017) [hadoop-common-3.3.6.jar:?]
	at java.security.AccessController.doPrivileged(Native Method) ~[?:1.8.0_382]
	at javax.security.auth.Subject.doAs(Subject.java:422) [?:1.8.0_382]
	at org.apache.hadoop.security.UserGroupInformation.doAs(UserGroupInformation.java:1899) [hadoop-common-3.3.6.jar:?]
	at org.apache.hadoop.ipc.Server$Handler.run(Server.java:3048) [hadoop-common-3.3.6.jar:?]
2023-09-08 11:21:05,999 [IPC Server handler 11 on default port 15163] ERROR file.OMFileCreateRequest (OMFileCreateRequest.java:validateAndUpdateCache(336)) - File create failed. Volume:volume69610, Bucket:bucket82402, Keyd1/d2/d3/d4/key2.
NOT_A_FILE org.apache.hadoop.ozone.om.exceptions.OMException: Can not write to directory: d1/d2/d3/d4/key2
	at org.apache.hadoop.ozone.om.request.file.OMFileCreateRequest.checkDirectoryResult(OMFileCreateRequest.java:363)
	at org.apache.hadoop.ozone.om.request.file.OMFileCreateRequest.validateAndUpdateCache(OMFileCreateRequest.java:237)
	at org.apache.hadoop.ozone.protocolPB.OzoneManagerRequestHandler.handleWriteRequest(OzoneManagerRequestHandler.java:373)
	at org.apache.hadoop.ozone.protocolPB.OzoneManagerProtocolServerSideTranslatorPB.submitRequestDirectlyToOM(OzoneManagerProtocolServerSideTranslatorPB.java:280)
	at org.apache.hadoop.ozone.protocolPB.OzoneManagerProtocolServerSideTranslatorPB.processRequest(OzoneManagerProtocolServerSideTranslatorPB.java:175)
	at org.apache.hadoop.hdds.server.OzoneProtocolMessageDispatcher.processRequest(OzoneProtocolMessageDispatcher.java:87)
	at org.apache.hadoop.ozone.protocolPB.OzoneManagerProtocolServerSideTranslatorPB.submitRequest(OzoneManagerProtocolServerSideTranslatorPB.java:148)
	at org.apache.hadoop.ozone.protocol.proto.OzoneManagerProtocolProtos$OzoneManagerService$2.callBlockingMethod(OzoneManagerProtocolProtos.java)
	at org.apache.hadoop.ipc.ProtobufRpcEngine$Server.processCall(ProtobufRpcEngine.java:484)
	at org.apache.hadoop.ipc.ProtobufRpcEngine2$Server$ProtoBufRpcInvoker.call(ProtobufRpcEngine2.java:595)
	at org.apache.hadoop.ipc.ProtobufRpcEngine2$Server$ProtoBufRpcInvoker.call(ProtobufRpcEngine2.java:573)
	at org.apache.hadoop.ipc.RPC$Server.call(RPC.java:1227)
	at org.apache.hadoop.ipc.Server$RpcCall.run(Server.java:1094)
	at org.apache.hadoop.ipc.Server$RpcCall.run(Server.java:1017)
	at java.security.AccessController.doPrivileged(Native Method)
	at javax.security.auth.Subject.doAs(Subject.java:422)
	at org.apache.hadoop.security.UserGroupInformation.doAs(UserGroupInformation.java:1899)
	at org.apache.hadoop.ipc.Server$Handler.run(Server.java:3048)
11:21:06.006 [IPC Server handler 5 on default port 15163] ERROR OMAudit - user=runner | ip=127.0.0.1 | op=CREATE_DIRECTORY {volume=volume69610, bucket=bucket82402, key=d1/d2/d3/d4/key3, dataSize=0, replicationType=NONE, replicationFactor=ZERO} | ret=FAILURE
org.apache.hadoop.ozone.om.exceptions.OMException: Unable to create directory: d1/d2/d3/d4/key3 in volume/bucket: volume69610/bucket82402
	at org.apache.hadoop.ozone.om.request.file.OMDirectoryCreateRequest.validateAndUpdateCache(OMDirectoryCreateRequest.java:194) ~[ozone-manager-1.4.0-SNAPSHOT.jar:?]
	at org.apache.hadoop.ozone.protocolPB.OzoneManagerRequestHandler.handleWriteRequest(OzoneManagerRequestHandler.java:373) ~[ozone-manager-1.4.0-SNAPSHOT.jar:?]
	at org.apache.hadoop.ozone.protocolPB.OzoneManagerProtocolServerSideTranslatorPB.submitRequestDirectlyToOM(OzoneManagerProtocolServerSideTranslatorPB.java:280) ~[ozone-manager-1.4.0-SNAPSHOT.jar:?]
	at org.apache.hadoop.ozone.protocolPB.OzoneManagerProtocolServerSideTranslatorPB.processRequest(OzoneManagerProtocolServerSideTranslatorPB.java:175) ~[ozone-manager-1.4.0-SNAPSHOT.jar:?]
	at org.apache.hadoop.hdds.server.OzoneProtocolMessageDispatcher.processRequest(OzoneProtocolMessageDispatcher.java:87) [hdds-server-framework-1.4.0-SNAPSHOT.jar:?]
	at org.apache.hadoop.ozone.protocolPB.OzoneManagerProtocolServerSideTranslatorPB.submitRequest(OzoneManagerProtocolServerSideTranslatorPB.java:148) [ozone-manager-1.4.0-SNAPSHOT.jar:?]
	at org.apache.hadoop.ozone.protocol.proto.OzoneManagerProtocolProtos$OzoneManagerService$2.callBlockingMethod(OzoneManagerProtocolProtos.java) [ozone-interface-client-1.4.0-SNAPSHOT.jar:?]
	at org.apache.hadoop.ipc.ProtobufRpcEngine$Server.processCall(ProtobufRpcEngine.java:484) [hadoop-common-3.3.6.jar:?]
	at org.apache.hadoop.ipc.ProtobufRpcEngine2$Server$ProtoBufRpcInvoker.call(ProtobufRpcEngine2.java:595) [hadoop-common-3.3.6.jar:?]
	at org.apache.hadoop.ipc.ProtobufRpcEngine2$Server$ProtoBufRpcInvoker.call(ProtobufRpcEngine2.java:573) [hadoop-common-3.3.6.jar:?]
	at org.apache.hadoop.ipc.RPC$Server.call(RPC.java:1227) [hadoop-common-3.3.6.jar:?]
	at org.apache.hadoop.ipc.Server$RpcCall.run(Server.java:1094) [hadoop-common-3.3.6.jar:?]
	at org.apache.hadoop.ipc.Server$RpcCall.run(Server.java:1017) [hadoop-common-3.3.6.jar:?]
	at java.security.AccessController.doPrivileged(Native Method) ~[?:1.8.0_382]
	at javax.security.auth.Subject.doAs(Subject.java:422) [?:1.8.0_382]
	at org.apache.hadoop.security.UserGroupInformation.doAs(UserGroupInformation.java:1899) [hadoop-common-3.3.6.jar:?]
	at org.apache.hadoop.ipc.Server$Handler.run(Server.java:3048) [hadoop-common-3.3.6.jar:?]
2023-09-08 11:21:06,007 [IPC Server handler 5 on default port 15163] ERROR file.OMDirectoryCreateRequest (OMDirectoryCreateRequest.java:logResult(334)) - Directory creation failed. Volume:volume69610, Bucket:bucket82402, Keyd1/d2/d3/d4/key3. Exception:{}
FILE_ALREADY_EXISTS org.apache.hadoop.ozone.om.exceptions.OMException: Unable to create directory: d1/d2/d3/d4/key3 in volume/bucket: volume69610/bucket82402
	at org.apache.hadoop.ozone.om.request.file.OMDirectoryCreateRequest.validateAndUpdateCache(OMDirectoryCreateRequest.java:194)
	at org.apache.hadoop.ozone.protocolPB.OzoneManagerRequestHandler.handleWriteRequest(OzoneManagerRequestHandler.java:373)
	at org.apache.hadoop.ozone.protocolPB.OzoneManagerProtocolServerSideTranslatorPB.submitRequestDirectlyToOM(OzoneManagerProtocolServerSideTranslatorPB.java:280)
	at org.apache.hadoop.ozone.protocolPB.OzoneManagerProtocolServerSideTranslatorPB.processRequest(OzoneManagerProtocolServerSideTranslatorPB.java:175)
	at org.apache.hadoop.hdds.server.OzoneProtocolMessageDispatcher.processRequest(OzoneProtocolMessageDispatcher.java:87)
	at org.apache.hadoop.ozone.protocolPB.OzoneManagerProtocolServerSideTranslatorPB.submitRequest(OzoneManagerProtocolServerSideTranslatorPB.java:148)
	at org.apache.hadoop.ozone.protocol.proto.OzoneManagerProtocolProtos$OzoneManagerService$2.callBlockingMethod(OzoneManagerProtocolProtos.java)
	at org.apache.hadoop.ipc.ProtobufRpcEngine$Server.processCall(ProtobufRpcEngine.java:484)
	at org.apache.hadoop.ipc.ProtobufRpcEngine2$Server$ProtoBufRpcInvoker.call(ProtobufRpcEngine2.java:595)
	at org.apache.hadoop.ipc.ProtobufRpcEngine2$Server$ProtoBufRpcInvoker.call(ProtobufRpcEngine2.java:573)
	at org.apache.hadoop.ipc.RPC$Server.call(RPC.java:1227)
	at org.apache.hadoop.ipc.Server$RpcCall.run(Server.java:1094)
	at org.apache.hadoop.ipc.Server$RpcCall.run(Server.java:1017)
	at java.security.AccessController.doPrivileged(Native Method)
	at javax.security.auth.Subject.doAs(Subject.java:422)
	at org.apache.hadoop.security.UserGroupInformation.doAs(UserGroupInformation.java:1899)
	at org.apache.hadoop.ipc.Server$Handler.run(Server.java:3048)
11:21:06.101 [IPC Server handler 7 on default port 15163] ERROR OMAudit - user=runner | ip=127.0.0.1 | op=CREATE_FILE {volume=volume69610, bucket=bucket82402, key=d1/d2/d3, dataSize=4194304, replicationType=RATIS, replicationFactor=THREE} | ret=FAILURE
org.apache.hadoop.ozone.om.exceptions.OMException: Can not write to directory: d1/d2/d3
	at org.apache.hadoop.ozone.om.request.file.OMFileCreateRequest.checkDirectoryResult(OMFileCreateRequest.java:363) ~[ozone-manager-1.4.0-SNAPSHOT.jar:?]
	at org.apache.hadoop.ozone.om.request.file.OMFileCreateRequest.validateAndUpdateCache(OMFileCreateRequest.java:237) ~[ozone-manager-1.4.0-SNAPSHOT.jar:?]
	at org.apache.hadoop.ozone.protocolPB.OzoneManagerRequestHandler.handleWriteRequest(OzoneManagerRequestHandler.java:373) ~[ozone-manager-1.4.0-SNAPSHOT.jar:?]
	at org.apache.hadoop.ozone.protocolPB.OzoneManagerProtocolServerSideTranslatorPB.submitRequestDirectlyToOM(OzoneManagerProtocolServerSideTranslatorPB.java:280) ~[ozone-manager-1.4.0-SNAPSHOT.jar:?]
	at org.apache.hadoop.ozone.protocolPB.OzoneManagerProtocolServerSideTranslatorPB.processRequest(OzoneManagerProtocolServerSideTranslatorPB.java:175) ~[ozone-manager-1.4.0-SNAPSHOT.jar:?]
	at org.apache.hadoop.hdds.server.OzoneProtocolMessageDispatcher.processRequest(OzoneProtocolMessageDispatcher.java:87) [hdds-server-framework-1.4.0-SNAPSHOT.jar:?]
	at org.apache.hadoop.ozone.protocolPB.OzoneManagerProtocolServerSideTranslatorPB.submitRequest(OzoneManagerProtocolServerSideTranslatorPB.java:148) [ozone-manager-1.4.0-SNAPSHOT.jar:?]
	at org.apache.hadoop.ozone.protocol.proto.OzoneManagerProtocolProtos$OzoneManagerService$2.callBlockingMethod(OzoneManagerProtocolProtos.java) [ozone-interface-client-1.4.0-SNAPSHOT.jar:?]
	at org.apache.hadoop.ipc.ProtobufRpcEngine$Server.processCall(ProtobufRpcEngine.java:484) [hadoop-common-3.3.6.jar:?]
	at org.apache.hadoop.ipc.ProtobufRpcEngine2$Server$ProtoBufRpcInvoker.call(ProtobufRpcEngine2.java:595) [hadoop-common-3.3.6.jar:?]
	at org.apache.hadoop.ipc.ProtobufRpcEngine2$Server$ProtoBufRpcInvoker.call(ProtobufRpcEngine2.java:573) [hadoop-common-3.3.6.jar:?]
	at org.apache.hadoop.ipc.RPC$Server.call(RPC.java:1227) [hadoop-common-3.3.6.jar:?]
	at org.apache.hadoop.ipc.Server$RpcCall.run(Server.java:1094) [hadoop-common-3.3.6.jar:?]
	at org.apache.hadoop.ipc.Server$RpcCall.run(Server.java:1017) [hadoop-common-3.3.6.jar:?]
	at java.security.AccessController.doPrivileged(Native Method) ~[?:1.8.0_382]
	at javax.security.auth.Subject.doAs(Subject.java:422) [?:1.8.0_382]
	at org.apache.hadoop.security.UserGroupInformation.doAs(UserGroupInformation.java:1899) [hadoop-common-3.3.6.jar:?]
	at org.apache.hadoop.ipc.Server$Handler.run(Server.java:3048) [hadoop-common-3.3.6.jar:?]
2023-09-08 11:21:06,101 [IPC Server handler 7 on default port 15163] ERROR file.OMFileCreateRequest (OMFileCreateRequest.java:validateAndUpdateCache(336)) - File create failed. Volume:volume69610, Bucket:bucket82402, Keyd1/d2/d3.
NOT_A_FILE org.apache.hadoop.ozone.om.exceptions.OMException: Can not write to directory: d1/d2/d3
	at org.apache.hadoop.ozone.om.request.file.OMFileCreateRequest.checkDirectoryResult(OMFileCreateRequest.java:363)
	at org.apache.hadoop.ozone.om.request.file.OMFileCreateRequest.validateAndUpdateCache(OMFileCreateRequest.java:237)
	at org.apache.hadoop.ozone.protocolPB.OzoneManagerRequestHandler.handleWriteRequest(OzoneManagerRequestHandler.java:373)
	at org.apache.hadoop.ozone.protocolPB.OzoneManagerProtocolServerSideTranslatorPB.submitRequestDirectlyToOM(OzoneManagerProtocolServerSideTranslatorPB.java:280)
	at org.apache.hadoop.ozone.protocolPB.OzoneManagerProtocolServerSideTranslatorPB.processRequest(OzoneManagerProtocolServerSideTranslatorPB.java:175)
	at org.apache.hadoop.hdds.server.OzoneProtocolMessageDispatcher.processRequest(OzoneProtocolMessageDispatcher.java:87)
	at org.apache.hadoop.ozone.protocolPB.OzoneManagerProtocolServerSideTranslatorPB.submitRequest(OzoneManagerProtocolServerSideTranslatorPB.java:148)
	at org.apache.hadoop.ozone.protocol.proto.OzoneManagerProtocolProtos$OzoneManagerService$2.callBlockingMethod(OzoneManagerProtocolProtos.java)
	at org.apache.hadoop.ipc.ProtobufRpcEngine$Server.processCall(ProtobufRpcEngine.java:484)
	at org.apache.hadoop.ipc.ProtobufRpcEngine2$Server$ProtoBufRpcInvoker.call(ProtobufRpcEngine2.java:595)
	at org.apache.hadoop.ipc.ProtobufRpcEngine2$Server$ProtoBufRpcInvoker.call(ProtobufRpcEngine2.java:573)
	at org.apache.hadoop.ipc.RPC$Server.call(RPC.java:1227)
	at org.apache.hadoop.ipc.Server$RpcCall.run(Server.java:1094)
	at org.apache.hadoop.ipc.Server$RpcCall.run(Server.java:1017)
	at java.security.AccessController.doPrivileged(Native Method)
	at javax.security.auth.Subject.doAs(Subject.java:422)
	at org.apache.hadoop.security.UserGroupInformation.doAs(UserGroupInformation.java:1899)
	at org.apache.hadoop.ipc.Server$Handler.run(Server.java:3048)
11:21:06.119 [IPC Server handler 15 on default port 15163] ERROR OMAudit - user=runner | ip=127.0.0.1 | op=GET_FILE_STATUS {volume=volume69610, bucket=bucket82402, key=d1/d2/d3/d4/key3/invalid, dataSize=0, replicationConfig=null} | ret=FAILURE
org.apache.hadoop.ozone.om.exceptions.OMException: Unable to get file status: volume: volume69610 bucket: bucket82402 key: d1/d2/d3/d4/key3/invalid
	at org.apache.hadoop.ozone.om.KeyManagerImpl.getOzoneFileStatus(KeyManagerImpl.java:1195) ~[ozone-manager-1.4.0-SNAPSHOT.jar:?]
	at org.apache.hadoop.ozone.om.KeyManagerImpl.getFileStatus(KeyManagerImpl.java:1113) ~[ozone-manager-1.4.0-SNAPSHOT.jar:?]
	at org.apache.hadoop.ozone.om.OmMetadataReader.getFileStatus(OmMetadataReader.java:262) ~[ozone-manager-1.4.0-SNAPSHOT.jar:?]
	at org.apache.hadoop.ozone.om.OzoneManager.getFileStatus(OzoneManager.java:3530) ~[ozone-manager-1.4.0-SNAPSHOT.jar:?]
	at org.apache.hadoop.ozone.protocolPB.OzoneManagerRequestHandler.getOzoneFileStatus(OzoneManagerRequestHandler.java:971) ~[ozone-manager-1.4.0-SNAPSHOT.jar:?]
	at org.apache.hadoop.ozone.protocolPB.OzoneManagerRequestHandler.handleReadRequest(OzoneManagerRequestHandler.java:250) ~[ozone-manager-1.4.0-SNAPSHOT.jar:?]
	at org.apache.hadoop.ozone.protocolPB.OzoneManagerProtocolServerSideTranslatorPB.submitRequestDirectlyToOM(OzoneManagerProtocolServerSideTranslatorPB.java:274) ~[ozone-manager-1.4.0-SNAPSHOT.jar:?]
	at org.apache.hadoop.ozone.protocolPB.OzoneManagerProtocolServerSideTranslatorPB.processRequest(OzoneManagerProtocolServerSideTranslatorPB.java:175) ~[ozone-manager-1.4.0-SNAPSHOT.jar:?]
	at org.apache.hadoop.hdds.server.OzoneProtocolMessageDispatcher.processRequest(OzoneProtocolMessageDispatcher.java:87) [hdds-server-framework-1.4.0-SNAPSHOT.jar:?]
	at org.apache.hadoop.ozone.protocolPB.OzoneManagerProtocolServerSideTranslatorPB.submitRequest(OzoneManagerProtocolServerSideTranslatorPB.java:148) [ozone-manager-1.4.0-SNAPSHOT.jar:?]
	at org.apache.hadoop.ozone.protocol.proto.OzoneManagerProtocolProtos$OzoneManagerService$2.callBlockingMethod(OzoneManagerProtocolProtos.java) [ozone-interface-client-1.4.0-SNAPSHOT.jar:?]
	at org.apache.hadoop.ipc.ProtobufRpcEngine$Server.processCall(ProtobufRpcEngine.java:484) [hadoop-common-3.3.6.jar:?]
	at org.apache.hadoop.ipc.ProtobufRpcEngine2$Server$ProtoBufRpcInvoker.call(ProtobufRpcEngine2.java:595) [hadoop-common-3.3.6.jar:?]
	at org.apache.hadoop.ipc.ProtobufRpcEngine2$Server$ProtoBufRpcInvoker.call(ProtobufRpcEngine2.java:573) [hadoop-common-3.3.6.jar:?]
	at org.apache.hadoop.ipc.RPC$Server.call(RPC.java:1227) [hadoop-common-3.3.6.jar:?]
	at org.apache.hadoop.ipc.Server$RpcCall.run(Server.java:1094) [hadoop-common-3.3.6.jar:?]
	at org.apache.hadoop.ipc.Server$RpcCall.run(Server.java:1017) [hadoop-common-3.3.6.jar:?]
	at java.security.AccessController.doPrivileged(Native Method) ~[?:1.8.0_382]
	at javax.security.auth.Subject.doAs(Subject.java:422) [?:1.8.0_382]
	at org.apache.hadoop.security.UserGroupInformation.doAs(UserGroupInformation.java:1899) [hadoop-common-3.3.6.jar:?]
	at org.apache.hadoop.ipc.Server$Handler.run(Server.java:3048) [hadoop-common-3.3.6.jar:?]
11:21:06.121 [IPC Server handler 10 on default port 15163] ERROR OMAudit - user=runner | ip=127.0.0.1 | op=GET_FILE_STATUS {volume=volume69610, bucket=bucket82402, key=d1/d2/d3/d4/invalidkey, dataSize=0, replicationConfig=null} | ret=FAILURE
org.apache.hadoop.ozone.om.exceptions.OMException: Unable to get file status: volume: volume69610 bucket: bucket82402 key: d1/d2/d3/d4/invalidkey
	at org.apache.hadoop.ozone.om.KeyManagerImpl.getOzoneFileStatus(KeyManagerImpl.java:1195) ~[ozone-manager-1.4.0-SNAPSHOT.jar:?]
	at org.apache.hadoop.ozone.om.KeyManagerImpl.getFileStatus(KeyManagerImpl.java:1113) ~[ozone-manager-1.4.0-SNAPSHOT.jar:?]
	at org.apache.hadoop.ozone.om.OmMetadataReader.getFileStatus(OmMetadataReader.java:262) ~[ozone-manager-1.4.0-SNAPSHOT.jar:?]
	at org.apache.hadoop.ozone.om.OzoneManager.getFileStatus(OzoneManager.java:3530) ~[ozone-manager-1.4.0-SNAPSHOT.jar:?]
	at org.apache.hadoop.ozone.protocolPB.OzoneManagerRequestHandler.getOzoneFileStatus(OzoneManagerRequestHandler.java:971) ~[ozone-manager-1.4.0-SNAPSHOT.jar:?]
	at org.apache.hadoop.ozone.protocolPB.OzoneManagerRequestHandler.handleReadRequest(OzoneManagerRequestHandler.java:250) ~[ozone-manager-1.4.0-SNAPSHOT.jar:?]
	at org.apache.hadoop.ozone.protocolPB.OzoneManagerProtocolServerSideTranslatorPB.submitRequestDirectlyToOM(OzoneManagerProtocolServerSideTranslatorPB.java:274) ~[ozone-manager-1.4.0-SNAPSHOT.jar:?]
	at org.apache.hadoop.ozone.protocolPB.OzoneManagerProtocolServerSideTranslatorPB.processRequest(OzoneManagerProtocolServerSideTranslatorPB.java:175) ~[ozone-manager-1.4.0-SNAPSHOT.jar:?]
	at org.apache.hadoop.hdds.server.OzoneProtocolMessageDispatcher.processRequest(OzoneProtocolMessageDispatcher.java:87) [hdds-server-framework-1.4.0-SNAPSHOT.jar:?]
	at org.apache.hadoop.ozone.protocolPB.OzoneManagerProtocolServerSideTranslatorPB.submitRequest(OzoneManagerProtocolServerSideTranslatorPB.java:148) [ozone-manager-1.4.0-SNAPSHOT.jar:?]
	at org.apache.hadoop.ozone.protocol.proto.OzoneManagerProtocolProtos$OzoneManagerService$2.callBlockingMethod(OzoneManagerProtocolProtos.java) [ozone-interface-client-1.4.0-SNAPSHOT.jar:?]
	at org.apache.hadoop.ipc.ProtobufRpcEngine$Server.processCall(ProtobufRpcEngine.java:484) [hadoop-common-3.3.6.jar:?]
	at org.apache.hadoop.ipc.ProtobufRpcEngine2$Server$ProtoBufRpcInvoker.call(ProtobufRpcEngine2.java:595) [hadoop-common-3.3.6.jar:?]
	at org.apache.hadoop.ipc.ProtobufRpcEngine2$Server$ProtoBufRpcInvoker.call(ProtobufRpcEngine2.java:573) [hadoop-common-3.3.6.jar:?]
	at org.apache.hadoop.ipc.RPC$Server.call(RPC.java:1227) [hadoop-common-3.3.6.jar:?]
	at org.apache.hadoop.ipc.Server$RpcCall.run(Server.java:1094) [hadoop-common-3.3.6.jar:?]
	at org.apache.hadoop.ipc.Server$RpcCall.run(Server.java:1017) [hadoop-common-3.3.6.jar:?]
	at java.security.AccessController.doPrivileged(Native Method) ~[?:1.8.0_382]
	at javax.security.auth.Subject.doAs(Subject.java:422) [?:1.8.0_382]
	at org.apache.hadoop.security.UserGroupInformation.doAs(UserGroupInformation.java:1899) [hadoop-common-3.3.6.jar:?]
	at org.apache.hadoop.ipc.Server$Handler.run(Server.java:3048) [hadoop-common-3.3.6.jar:?]
]]></system-out>
  </testcase>
  <testcase name="testRenameContainDelimiterFile" classname="TestOzoneFileSystem" time="0.065">
    <system-out><![CDATA[11:16:43.614 [IPC Server handler 15 on default port 15004] ERROR OMAudit - user=runner | ip=127.0.0.1 | op=GET_FILE_STATUS {volume=volume76163, bucket=bucket78113, key=dir1/dir2/key2, dataSize=0, replicationConfig=null} | ret=FAILURE
org.apache.hadoop.ozone.om.exceptions.OMException: Unable to get file status: volume: volume76163 bucket: bucket78113 key: dir1/dir2/key2
	at org.apache.hadoop.ozone.om.KeyManagerImpl.getOzoneFileStatus(KeyManagerImpl.java:1195) ~[ozone-manager-1.4.0-SNAPSHOT.jar:?]
	at org.apache.hadoop.ozone.om.KeyManagerImpl.getFileStatus(KeyManagerImpl.java:1113) ~[ozone-manager-1.4.0-SNAPSHOT.jar:?]
	at org.apache.hadoop.ozone.om.OmMetadataReader.getFileStatus(OmMetadataReader.java:262) ~[ozone-manager-1.4.0-SNAPSHOT.jar:?]
	at org.apache.hadoop.ozone.om.OzoneManager.getFileStatus(OzoneManager.java:3530) ~[ozone-manager-1.4.0-SNAPSHOT.jar:?]
	at org.apache.hadoop.ozone.protocolPB.OzoneManagerRequestHandler.getOzoneFileStatus(OzoneManagerRequestHandler.java:971) ~[ozone-manager-1.4.0-SNAPSHOT.jar:?]
	at org.apache.hadoop.ozone.protocolPB.OzoneManagerRequestHandler.handleReadRequest(OzoneManagerRequestHandler.java:250) ~[ozone-manager-1.4.0-SNAPSHOT.jar:?]
	at org.apache.hadoop.ozone.protocolPB.OzoneManagerProtocolServerSideTranslatorPB.submitReadRequestToOM(OzoneManagerProtocolServerSideTranslatorPB.java:225) ~[ozone-manager-1.4.0-SNAPSHOT.jar:?]
	at org.apache.hadoop.ozone.protocolPB.OzoneManagerProtocolServerSideTranslatorPB.processRequest(OzoneManagerProtocolServerSideTranslatorPB.java:179) ~[ozone-manager-1.4.0-SNAPSHOT.jar:?]
	at org.apache.hadoop.hdds.server.OzoneProtocolMessageDispatcher.processRequest(OzoneProtocolMessageDispatcher.java:87) [hdds-server-framework-1.4.0-SNAPSHOT.jar:?]
	at org.apache.hadoop.ozone.protocolPB.OzoneManagerProtocolServerSideTranslatorPB.submitRequest(OzoneManagerProtocolServerSideTranslatorPB.java:148) [ozone-manager-1.4.0-SNAPSHOT.jar:?]
	at org.apache.hadoop.ozone.protocol.proto.OzoneManagerProtocolProtos$OzoneManagerService$2.callBlockingMethod(OzoneManagerProtocolProtos.java) [ozone-interface-client-1.4.0-SNAPSHOT.jar:?]
	at org.apache.hadoop.ipc.ProtobufRpcEngine$Server.processCall(ProtobufRpcEngine.java:484) [hadoop-common-3.3.6.jar:?]
	at org.apache.hadoop.ipc.ProtobufRpcEngine2$Server$ProtoBufRpcInvoker.call(ProtobufRpcEngine2.java:595) [hadoop-common-3.3.6.jar:?]
	at org.apache.hadoop.ipc.ProtobufRpcEngine2$Server$ProtoBufRpcInvoker.call(ProtobufRpcEngine2.java:573) [hadoop-common-3.3.6.jar:?]
	at org.apache.hadoop.ipc.RPC$Server.call(RPC.java:1227) [hadoop-common-3.3.6.jar:?]
	at org.apache.hadoop.ipc.Server$RpcCall.run(Server.java:1094) [hadoop-common-3.3.6.jar:?]
	at org.apache.hadoop.ipc.Server$RpcCall.run(Server.java:1017) [hadoop-common-3.3.6.jar:?]
	at java.security.AccessController.doPrivileged(Native Method) ~[?:1.8.0_382]
	at javax.security.auth.Subject.doAs(Subject.java:422) [?:1.8.0_382]
	at org.apache.hadoop.security.UserGroupInformation.doAs(UserGroupInformation.java:1899) [hadoop-common-3.3.6.jar:?]
	at org.apache.hadoop.ipc.Server$Handler.run(Server.java:3048) [hadoop-common-3.3.6.jar:?]
11:16:43.628 [IPC Server handler 6 on default port 15004] ERROR OMAudit - user=runner | ip=127.0.0.1 | op=GET_FILE_STATUS {volume=volume76163, bucket=bucket78113, key=dir1/dir2/key1, dataSize=0, replicationConfig=null} | ret=FAILURE
org.apache.hadoop.ozone.om.exceptions.OMException: Unable to get file status: volume: volume76163 bucket: bucket78113 key: dir1/dir2/key1
	at org.apache.hadoop.ozone.om.KeyManagerImpl.getOzoneFileStatus(KeyManagerImpl.java:1195) ~[ozone-manager-1.4.0-SNAPSHOT.jar:?]
	at org.apache.hadoop.ozone.om.KeyManagerImpl.getFileStatus(KeyManagerImpl.java:1113) ~[ozone-manager-1.4.0-SNAPSHOT.jar:?]
	at org.apache.hadoop.ozone.om.OmMetadataReader.getFileStatus(OmMetadataReader.java:262) ~[ozone-manager-1.4.0-SNAPSHOT.jar:?]
	at org.apache.hadoop.ozone.om.OzoneManager.getFileStatus(OzoneManager.java:3530) ~[ozone-manager-1.4.0-SNAPSHOT.jar:?]
	at org.apache.hadoop.ozone.protocolPB.OzoneManagerRequestHandler.getOzoneFileStatus(OzoneManagerRequestHandler.java:971) ~[ozone-manager-1.4.0-SNAPSHOT.jar:?]
	at org.apache.hadoop.ozone.protocolPB.OzoneManagerRequestHandler.handleReadRequest(OzoneManagerRequestHandler.java:250) ~[ozone-manager-1.4.0-SNAPSHOT.jar:?]
	at org.apache.hadoop.ozone.protocolPB.OzoneManagerProtocolServerSideTranslatorPB.submitReadRequestToOM(OzoneManagerProtocolServerSideTranslatorPB.java:225) ~[ozone-manager-1.4.0-SNAPSHOT.jar:?]
	at org.apache.hadoop.ozone.protocolPB.OzoneManagerProtocolServerSideTranslatorPB.processRequest(OzoneManagerProtocolServerSideTranslatorPB.java:179) ~[ozone-manager-1.4.0-SNAPSHOT.jar:?]
	at org.apache.hadoop.hdds.server.OzoneProtocolMessageDispatcher.processRequest(OzoneProtocolMessageDispatcher.java:87) [hdds-server-framework-1.4.0-SNAPSHOT.jar:?]
	at org.apache.hadoop.ozone.protocolPB.OzoneManagerProtocolServerSideTranslatorPB.submitRequest(OzoneManagerProtocolServerSideTranslatorPB.java:148) [ozone-manager-1.4.0-SNAPSHOT.jar:?]
	at org.apache.hadoop.ozone.protocol.proto.OzoneManagerProtocolProtos$OzoneManagerService$2.callBlockingMethod(OzoneManagerProtocolProtos.java) [ozone-interface-client-1.4.0-SNAPSHOT.jar:?]
	at org.apache.hadoop.ipc.ProtobufRpcEngine$Server.processCall(ProtobufRpcEngine.java:484) [hadoop-common-3.3.6.jar:?]
	at org.apache.hadoop.ipc.ProtobufRpcEngine2$Server$ProtoBufRpcInvoker.call(ProtobufRpcEngine2.java:595) [hadoop-common-3.3.6.jar:?]
	at org.apache.hadoop.ipc.ProtobufRpcEngine2$Server$ProtoBufRpcInvoker.call(ProtobufRpcEngine2.java:573) [hadoop-common-3.3.6.jar:?]
	at org.apache.hadoop.ipc.RPC$Server.call(RPC.java:1227) [hadoop-common-3.3.6.jar:?]
	at org.apache.hadoop.ipc.Server$RpcCall.run(Server.java:1094) [hadoop-common-3.3.6.jar:?]
	at org.apache.hadoop.ipc.Server$RpcCall.run(Server.java:1017) [hadoop-common-3.3.6.jar:?]
	at java.security.AccessController.doPrivileged(Native Method) ~[?:1.8.0_382]
	at javax.security.auth.Subject.doAs(Subject.java:422) [?:1.8.0_382]
	at org.apache.hadoop.security.UserGroupInformation.doAs(UserGroupInformation.java:1899) [hadoop-common-3.3.6.jar:?]
	at org.apache.hadoop.ipc.Server$Handler.run(Server.java:3048) [hadoop-common-3.3.6.jar:?]
11:16:43.632 [IPC Server handler 14 on default port 15004] ERROR OMAudit - user=runner | ip=127.0.0.1 | op=GET_FILE_STATUS {volume=volume76163, bucket=bucket78113, key=user/runner/dir1, dataSize=0, replicationConfig=null} | ret=FAILURE
org.apache.hadoop.ozone.om.exceptions.OMException: Unable to get file status: volume: volume76163 bucket: bucket78113 key: user/runner/dir1
	at org.apache.hadoop.ozone.om.KeyManagerImpl.getOzoneFileStatus(KeyManagerImpl.java:1195) ~[ozone-manager-1.4.0-SNAPSHOT.jar:?]
	at org.apache.hadoop.ozone.om.KeyManagerImpl.getFileStatus(KeyManagerImpl.java:1113) ~[ozone-manager-1.4.0-SNAPSHOT.jar:?]
	at org.apache.hadoop.ozone.om.OmMetadataReader.getFileStatus(OmMetadataReader.java:262) ~[ozone-manager-1.4.0-SNAPSHOT.jar:?]
	at org.apache.hadoop.ozone.om.OzoneManager.getFileStatus(OzoneManager.java:3530) ~[ozone-manager-1.4.0-SNAPSHOT.jar:?]
	at org.apache.hadoop.ozone.protocolPB.OzoneManagerRequestHandler.getOzoneFileStatus(OzoneManagerRequestHandler.java:971) ~[ozone-manager-1.4.0-SNAPSHOT.jar:?]
	at org.apache.hadoop.ozone.protocolPB.OzoneManagerRequestHandler.handleReadRequest(OzoneManagerRequestHandler.java:250) ~[ozone-manager-1.4.0-SNAPSHOT.jar:?]
	at org.apache.hadoop.ozone.protocolPB.OzoneManagerProtocolServerSideTranslatorPB.submitReadRequestToOM(OzoneManagerProtocolServerSideTranslatorPB.java:225) ~[ozone-manager-1.4.0-SNAPSHOT.jar:?]
	at org.apache.hadoop.ozone.protocolPB.OzoneManagerProtocolServerSideTranslatorPB.processRequest(OzoneManagerProtocolServerSideTranslatorPB.java:179) ~[ozone-manager-1.4.0-SNAPSHOT.jar:?]
	at org.apache.hadoop.hdds.server.OzoneProtocolMessageDispatcher.processRequest(OzoneProtocolMessageDispatcher.java:87) [hdds-server-framework-1.4.0-SNAPSHOT.jar:?]
	at org.apache.hadoop.ozone.protocolPB.OzoneManagerProtocolServerSideTranslatorPB.submitRequest(OzoneManagerProtocolServerSideTranslatorPB.java:148) [ozone-manager-1.4.0-SNAPSHOT.jar:?]
	at org.apache.hadoop.ozone.protocol.proto.OzoneManagerProtocolProtos$OzoneManagerService$2.callBlockingMethod(OzoneManagerProtocolProtos.java) [ozone-interface-client-1.4.0-SNAPSHOT.jar:?]
	at org.apache.hadoop.ipc.ProtobufRpcEngine$Server.processCall(ProtobufRpcEngine.java:484) [hadoop-common-3.3.6.jar:?]
	at org.apache.hadoop.ipc.ProtobufRpcEngine2$Server$ProtoBufRpcInvoker.call(ProtobufRpcEngine2.java:595) [hadoop-common-3.3.6.jar:?]
	at org.apache.hadoop.ipc.ProtobufRpcEngine2$Server$ProtoBufRpcInvoker.call(ProtobufRpcEngine2.java:573) [hadoop-common-3.3.6.jar:?]
	at org.apache.hadoop.ipc.RPC$Server.call(RPC.java:1227) [hadoop-common-3.3.6.jar:?]
	at org.apache.hadoop.ipc.Server$RpcCall.run(Server.java:1094) [hadoop-common-3.3.6.jar:?]
	at org.apache.hadoop.ipc.Server$RpcCall.run(Server.java:1017) [hadoop-common-3.3.6.jar:?]
	at java.security.AccessController.doPrivileged(Native Method) ~[?:1.8.0_382]
	at javax.security.auth.Subject.doAs(Subject.java:422) [?:1.8.0_382]
	at org.apache.hadoop.security.UserGroupInformation.doAs(UserGroupInformation.java:1899) [hadoop-common-3.3.6.jar:?]
	at org.apache.hadoop.ipc.Server$Handler.run(Server.java:3048) [hadoop-common-3.3.6.jar:?]
11:16:43.634 [IPC Server handler 17 on default port 15004] ERROR OMAudit - user=runner | ip=127.0.0.1 | op=GET_FILE_STATUS {volume=volume76163, bucket=bucket78113, key=user/runner/dir1/dir2, dataSize=0, replicationConfig=null} | ret=FAILURE
org.apache.hadoop.ozone.om.exceptions.OMException: Unable to get file status: volume: volume76163 bucket: bucket78113 key: user/runner/dir1/dir2
	at org.apache.hadoop.ozone.om.KeyManagerImpl.getOzoneFileStatus(KeyManagerImpl.java:1195) ~[ozone-manager-1.4.0-SNAPSHOT.jar:?]
	at org.apache.hadoop.ozone.om.KeyManagerImpl.getFileStatus(KeyManagerImpl.java:1113) ~[ozone-manager-1.4.0-SNAPSHOT.jar:?]
	at org.apache.hadoop.ozone.om.OmMetadataReader.getFileStatus(OmMetadataReader.java:262) ~[ozone-manager-1.4.0-SNAPSHOT.jar:?]
	at org.apache.hadoop.ozone.om.OzoneManager.getFileStatus(OzoneManager.java:3530) ~[ozone-manager-1.4.0-SNAPSHOT.jar:?]
	at org.apache.hadoop.ozone.protocolPB.OzoneManagerRequestHandler.getOzoneFileStatus(OzoneManagerRequestHandler.java:971) ~[ozone-manager-1.4.0-SNAPSHOT.jar:?]
	at org.apache.hadoop.ozone.protocolPB.OzoneManagerRequestHandler.handleReadRequest(OzoneManagerRequestHandler.java:250) ~[ozone-manager-1.4.0-SNAPSHOT.jar:?]
	at org.apache.hadoop.ozone.protocolPB.OzoneManagerProtocolServerSideTranslatorPB.submitReadRequestToOM(OzoneManagerProtocolServerSideTranslatorPB.java:225) ~[ozone-manager-1.4.0-SNAPSHOT.jar:?]
	at org.apache.hadoop.ozone.protocolPB.OzoneManagerProtocolServerSideTranslatorPB.processRequest(OzoneManagerProtocolServerSideTranslatorPB.java:179) ~[ozone-manager-1.4.0-SNAPSHOT.jar:?]
	at org.apache.hadoop.hdds.server.OzoneProtocolMessageDispatcher.processRequest(OzoneProtocolMessageDispatcher.java:87) [hdds-server-framework-1.4.0-SNAPSHOT.jar:?]
	at org.apache.hadoop.ozone.protocolPB.OzoneManagerProtocolServerSideTranslatorPB.submitRequest(OzoneManagerProtocolServerSideTranslatorPB.java:148) [ozone-manager-1.4.0-SNAPSHOT.jar:?]
	at org.apache.hadoop.ozone.protocol.proto.OzoneManagerProtocolProtos$OzoneManagerService$2.callBlockingMethod(OzoneManagerProtocolProtos.java) [ozone-interface-client-1.4.0-SNAPSHOT.jar:?]
	at org.apache.hadoop.ipc.ProtobufRpcEngine$Server.processCall(ProtobufRpcEngine.java:484) [hadoop-common-3.3.6.jar:?]
	at org.apache.hadoop.ipc.ProtobufRpcEngine2$Server$ProtoBufRpcInvoker.call(ProtobufRpcEngine2.java:595) [hadoop-common-3.3.6.jar:?]
	at org.apache.hadoop.ipc.ProtobufRpcEngine2$Server$ProtoBufRpcInvoker.call(ProtobufRpcEngine2.java:573) [hadoop-common-3.3.6.jar:?]
	at org.apache.hadoop.ipc.RPC$Server.call(RPC.java:1227) [hadoop-common-3.3.6.jar:?]
	at org.apache.hadoop.ipc.Server$RpcCall.run(Server.java:1094) [hadoop-common-3.3.6.jar:?]
	at org.apache.hadoop.ipc.Server$RpcCall.run(Server.java:1017) [hadoop-common-3.3.6.jar:?]
	at java.security.AccessController.doPrivileged(Native Method) ~[?:1.8.0_382]
	at javax.security.auth.Subject.doAs(Subject.java:422) [?:1.8.0_382]
	at org.apache.hadoop.security.UserGroupInformation.doAs(UserGroupInformation.java:1899) [hadoop-common-3.3.6.jar:?]
	at org.apache.hadoop.ipc.Server$Handler.run(Server.java:3048) [hadoop-common-3.3.6.jar:?]
]]></system-out>
  </testcase>
  <testcase name="testRenameContainDelimiterFile" classname="TestOzoneFileSystem" time="0.033">
    <system-out><![CDATA[11:18:20.275 [IPC Server handler 4 on default port 15057] ERROR OMAudit - user=runner | ip=127.0.0.1 | op=GET_FILE_STATUS {volume=volume79664, bucket=bucket82507, key=dir1/dir2/key2, dataSize=0, replicationConfig=null} | ret=FAILURE
org.apache.hadoop.ozone.om.exceptions.OMException: Unable to get file status: volume: volume79664 bucket: bucket82507 key: dir1/dir2/key2
	at org.apache.hadoop.ozone.om.KeyManagerImpl.getOzoneFileStatus(KeyManagerImpl.java:1195) ~[ozone-manager-1.4.0-SNAPSHOT.jar:?]
	at org.apache.hadoop.ozone.om.KeyManagerImpl.getFileStatus(KeyManagerImpl.java:1113) ~[ozone-manager-1.4.0-SNAPSHOT.jar:?]
	at org.apache.hadoop.ozone.om.OmMetadataReader.getFileStatus(OmMetadataReader.java:262) ~[ozone-manager-1.4.0-SNAPSHOT.jar:?]
	at org.apache.hadoop.ozone.om.OzoneManager.getFileStatus(OzoneManager.java:3530) ~[ozone-manager-1.4.0-SNAPSHOT.jar:?]
	at org.apache.hadoop.ozone.protocolPB.OzoneManagerRequestHandler.getOzoneFileStatus(OzoneManagerRequestHandler.java:971) ~[ozone-manager-1.4.0-SNAPSHOT.jar:?]
	at org.apache.hadoop.ozone.protocolPB.OzoneManagerRequestHandler.handleReadRequest(OzoneManagerRequestHandler.java:250) ~[ozone-manager-1.4.0-SNAPSHOT.jar:?]
	at org.apache.hadoop.ozone.protocolPB.OzoneManagerProtocolServerSideTranslatorPB.submitRequestDirectlyToOM(OzoneManagerProtocolServerSideTranslatorPB.java:274) ~[ozone-manager-1.4.0-SNAPSHOT.jar:?]
	at org.apache.hadoop.ozone.protocolPB.OzoneManagerProtocolServerSideTranslatorPB.processRequest(OzoneManagerProtocolServerSideTranslatorPB.java:175) ~[ozone-manager-1.4.0-SNAPSHOT.jar:?]
	at org.apache.hadoop.hdds.server.OzoneProtocolMessageDispatcher.processRequest(OzoneProtocolMessageDispatcher.java:87) [hdds-server-framework-1.4.0-SNAPSHOT.jar:?]
	at org.apache.hadoop.ozone.protocolPB.OzoneManagerProtocolServerSideTranslatorPB.submitRequest(OzoneManagerProtocolServerSideTranslatorPB.java:148) [ozone-manager-1.4.0-SNAPSHOT.jar:?]
	at org.apache.hadoop.ozone.protocol.proto.OzoneManagerProtocolProtos$OzoneManagerService$2.callBlockingMethod(OzoneManagerProtocolProtos.java) [ozone-interface-client-1.4.0-SNAPSHOT.jar:?]
	at org.apache.hadoop.ipc.ProtobufRpcEngine$Server.processCall(ProtobufRpcEngine.java:484) [hadoop-common-3.3.6.jar:?]
	at org.apache.hadoop.ipc.ProtobufRpcEngine2$Server$ProtoBufRpcInvoker.call(ProtobufRpcEngine2.java:595) [hadoop-common-3.3.6.jar:?]
	at org.apache.hadoop.ipc.ProtobufRpcEngine2$Server$ProtoBufRpcInvoker.call(ProtobufRpcEngine2.java:573) [hadoop-common-3.3.6.jar:?]
	at org.apache.hadoop.ipc.RPC$Server.call(RPC.java:1227) [hadoop-common-3.3.6.jar:?]
	at org.apache.hadoop.ipc.Server$RpcCall.run(Server.java:1094) [hadoop-common-3.3.6.jar:?]
	at org.apache.hadoop.ipc.Server$RpcCall.run(Server.java:1017) [hadoop-common-3.3.6.jar:?]
	at java.security.AccessController.doPrivileged(Native Method) ~[?:1.8.0_382]
	at javax.security.auth.Subject.doAs(Subject.java:422) [?:1.8.0_382]
	at org.apache.hadoop.security.UserGroupInformation.doAs(UserGroupInformation.java:1899) [hadoop-common-3.3.6.jar:?]
	at org.apache.hadoop.ipc.Server$Handler.run(Server.java:3048) [hadoop-common-3.3.6.jar:?]
11:18:20.280 [IPC Server handler 8 on default port 15057] ERROR OMAudit - user=runner | ip=127.0.0.1 | op=GET_FILE_STATUS {volume=volume79664, bucket=bucket82507, key=dir1/dir2/key1, dataSize=0, replicationConfig=null} | ret=FAILURE
org.apache.hadoop.ozone.om.exceptions.OMException: Unable to get file status: volume: volume79664 bucket: bucket82507 key: dir1/dir2/key1
	at org.apache.hadoop.ozone.om.KeyManagerImpl.getOzoneFileStatus(KeyManagerImpl.java:1195) ~[ozone-manager-1.4.0-SNAPSHOT.jar:?]
	at org.apache.hadoop.ozone.om.KeyManagerImpl.getFileStatus(KeyManagerImpl.java:1113) ~[ozone-manager-1.4.0-SNAPSHOT.jar:?]
	at org.apache.hadoop.ozone.om.OmMetadataReader.getFileStatus(OmMetadataReader.java:262) ~[ozone-manager-1.4.0-SNAPSHOT.jar:?]
	at org.apache.hadoop.ozone.om.OzoneManager.getFileStatus(OzoneManager.java:3530) ~[ozone-manager-1.4.0-SNAPSHOT.jar:?]
	at org.apache.hadoop.ozone.protocolPB.OzoneManagerRequestHandler.getOzoneFileStatus(OzoneManagerRequestHandler.java:971) ~[ozone-manager-1.4.0-SNAPSHOT.jar:?]
	at org.apache.hadoop.ozone.protocolPB.OzoneManagerRequestHandler.handleReadRequest(OzoneManagerRequestHandler.java:250) ~[ozone-manager-1.4.0-SNAPSHOT.jar:?]
	at org.apache.hadoop.ozone.protocolPB.OzoneManagerProtocolServerSideTranslatorPB.submitRequestDirectlyToOM(OzoneManagerProtocolServerSideTranslatorPB.java:274) ~[ozone-manager-1.4.0-SNAPSHOT.jar:?]
	at org.apache.hadoop.ozone.protocolPB.OzoneManagerProtocolServerSideTranslatorPB.processRequest(OzoneManagerProtocolServerSideTranslatorPB.java:175) ~[ozone-manager-1.4.0-SNAPSHOT.jar:?]
	at org.apache.hadoop.hdds.server.OzoneProtocolMessageDispatcher.processRequest(OzoneProtocolMessageDispatcher.java:87) [hdds-server-framework-1.4.0-SNAPSHOT.jar:?]
	at org.apache.hadoop.ozone.protocolPB.OzoneManagerProtocolServerSideTranslatorPB.submitRequest(OzoneManagerProtocolServerSideTranslatorPB.java:148) [ozone-manager-1.4.0-SNAPSHOT.jar:?]
	at org.apache.hadoop.ozone.protocol.proto.OzoneManagerProtocolProtos$OzoneManagerService$2.callBlockingMethod(OzoneManagerProtocolProtos.java) [ozone-interface-client-1.4.0-SNAPSHOT.jar:?]
	at org.apache.hadoop.ipc.ProtobufRpcEngine$Server.processCall(ProtobufRpcEngine.java:484) [hadoop-common-3.3.6.jar:?]
	at org.apache.hadoop.ipc.ProtobufRpcEngine2$Server$ProtoBufRpcInvoker.call(ProtobufRpcEngine2.java:595) [hadoop-common-3.3.6.jar:?]
	at org.apache.hadoop.ipc.ProtobufRpcEngine2$Server$ProtoBufRpcInvoker.call(ProtobufRpcEngine2.java:573) [hadoop-common-3.3.6.jar:?]
	at org.apache.hadoop.ipc.RPC$Server.call(RPC.java:1227) [hadoop-common-3.3.6.jar:?]
	at org.apache.hadoop.ipc.Server$RpcCall.run(Server.java:1094) [hadoop-common-3.3.6.jar:?]
	at org.apache.hadoop.ipc.Server$RpcCall.run(Server.java:1017) [hadoop-common-3.3.6.jar:?]
	at java.security.AccessController.doPrivileged(Native Method) ~[?:1.8.0_382]
	at javax.security.auth.Subject.doAs(Subject.java:422) [?:1.8.0_382]
	at org.apache.hadoop.security.UserGroupInformation.doAs(UserGroupInformation.java:1899) [hadoop-common-3.3.6.jar:?]
	at org.apache.hadoop.ipc.Server$Handler.run(Server.java:3048) [hadoop-common-3.3.6.jar:?]
11:18:20.282 [IPC Server handler 17 on default port 15057] ERROR OMAudit - user=runner | ip=127.0.0.1 | op=GET_FILE_STATUS {volume=volume79664, bucket=bucket82507, key=user/runner/dir1, dataSize=0, replicationConfig=null} | ret=FAILURE
org.apache.hadoop.ozone.om.exceptions.OMException: Unable to get file status: volume: volume79664 bucket: bucket82507 key: user/runner/dir1
	at org.apache.hadoop.ozone.om.KeyManagerImpl.getOzoneFileStatus(KeyManagerImpl.java:1195) ~[ozone-manager-1.4.0-SNAPSHOT.jar:?]
	at org.apache.hadoop.ozone.om.KeyManagerImpl.getFileStatus(KeyManagerImpl.java:1113) ~[ozone-manager-1.4.0-SNAPSHOT.jar:?]
	at org.apache.hadoop.ozone.om.OmMetadataReader.getFileStatus(OmMetadataReader.java:262) ~[ozone-manager-1.4.0-SNAPSHOT.jar:?]
	at org.apache.hadoop.ozone.om.OzoneManager.getFileStatus(OzoneManager.java:3530) ~[ozone-manager-1.4.0-SNAPSHOT.jar:?]
	at org.apache.hadoop.ozone.protocolPB.OzoneManagerRequestHandler.getOzoneFileStatus(OzoneManagerRequestHandler.java:971) ~[ozone-manager-1.4.0-SNAPSHOT.jar:?]
	at org.apache.hadoop.ozone.protocolPB.OzoneManagerRequestHandler.handleReadRequest(OzoneManagerRequestHandler.java:250) ~[ozone-manager-1.4.0-SNAPSHOT.jar:?]
	at org.apache.hadoop.ozone.protocolPB.OzoneManagerProtocolServerSideTranslatorPB.submitRequestDirectlyToOM(OzoneManagerProtocolServerSideTranslatorPB.java:274) ~[ozone-manager-1.4.0-SNAPSHOT.jar:?]
	at org.apache.hadoop.ozone.protocolPB.OzoneManagerProtocolServerSideTranslatorPB.processRequest(OzoneManagerProtocolServerSideTranslatorPB.java:175) ~[ozone-manager-1.4.0-SNAPSHOT.jar:?]
	at org.apache.hadoop.hdds.server.OzoneProtocolMessageDispatcher.processRequest(OzoneProtocolMessageDispatcher.java:87) [hdds-server-framework-1.4.0-SNAPSHOT.jar:?]
	at org.apache.hadoop.ozone.protocolPB.OzoneManagerProtocolServerSideTranslatorPB.submitRequest(OzoneManagerProtocolServerSideTranslatorPB.java:148) [ozone-manager-1.4.0-SNAPSHOT.jar:?]
	at org.apache.hadoop.ozone.protocol.proto.OzoneManagerProtocolProtos$OzoneManagerService$2.callBlockingMethod(OzoneManagerProtocolProtos.java) [ozone-interface-client-1.4.0-SNAPSHOT.jar:?]
	at org.apache.hadoop.ipc.ProtobufRpcEngine$Server.processCall(ProtobufRpcEngine.java:484) [hadoop-common-3.3.6.jar:?]
	at org.apache.hadoop.ipc.ProtobufRpcEngine2$Server$ProtoBufRpcInvoker.call(ProtobufRpcEngine2.java:595) [hadoop-common-3.3.6.jar:?]
	at org.apache.hadoop.ipc.ProtobufRpcEngine2$Server$ProtoBufRpcInvoker.call(ProtobufRpcEngine2.java:573) [hadoop-common-3.3.6.jar:?]
	at org.apache.hadoop.ipc.RPC$Server.call(RPC.java:1227) [hadoop-common-3.3.6.jar:?]
	at org.apache.hadoop.ipc.Server$RpcCall.run(Server.java:1094) [hadoop-common-3.3.6.jar:?]
	at org.apache.hadoop.ipc.Server$RpcCall.run(Server.java:1017) [hadoop-common-3.3.6.jar:?]
	at java.security.AccessController.doPrivileged(Native Method) ~[?:1.8.0_382]
	at javax.security.auth.Subject.doAs(Subject.java:422) [?:1.8.0_382]
	at org.apache.hadoop.security.UserGroupInformation.doAs(UserGroupInformation.java:1899) [hadoop-common-3.3.6.jar:?]
	at org.apache.hadoop.ipc.Server$Handler.run(Server.java:3048) [hadoop-common-3.3.6.jar:?]
11:18:20.283 [IPC Server handler 18 on default port 15057] ERROR OMAudit - user=runner | ip=127.0.0.1 | op=GET_FILE_STATUS {volume=volume79664, bucket=bucket82507, key=user/runner/dir1/dir2, dataSize=0, replicationConfig=null} | ret=FAILURE
org.apache.hadoop.ozone.om.exceptions.OMException: Unable to get file status: volume: volume79664 bucket: bucket82507 key: user/runner/dir1/dir2
	at org.apache.hadoop.ozone.om.KeyManagerImpl.getOzoneFileStatus(KeyManagerImpl.java:1195) ~[ozone-manager-1.4.0-SNAPSHOT.jar:?]
	at org.apache.hadoop.ozone.om.KeyManagerImpl.getFileStatus(KeyManagerImpl.java:1113) ~[ozone-manager-1.4.0-SNAPSHOT.jar:?]
	at org.apache.hadoop.ozone.om.OmMetadataReader.getFileStatus(OmMetadataReader.java:262) ~[ozone-manager-1.4.0-SNAPSHOT.jar:?]
	at org.apache.hadoop.ozone.om.OzoneManager.getFileStatus(OzoneManager.java:3530) ~[ozone-manager-1.4.0-SNAPSHOT.jar:?]
	at org.apache.hadoop.ozone.protocolPB.OzoneManagerRequestHandler.getOzoneFileStatus(OzoneManagerRequestHandler.java:971) ~[ozone-manager-1.4.0-SNAPSHOT.jar:?]
	at org.apache.hadoop.ozone.protocolPB.OzoneManagerRequestHandler.handleReadRequest(OzoneManagerRequestHandler.java:250) ~[ozone-manager-1.4.0-SNAPSHOT.jar:?]
	at org.apache.hadoop.ozone.protocolPB.OzoneManagerProtocolServerSideTranslatorPB.submitRequestDirectlyToOM(OzoneManagerProtocolServerSideTranslatorPB.java:274) ~[ozone-manager-1.4.0-SNAPSHOT.jar:?]
	at org.apache.hadoop.ozone.protocolPB.OzoneManagerProtocolServerSideTranslatorPB.processRequest(OzoneManagerProtocolServerSideTranslatorPB.java:175) ~[ozone-manager-1.4.0-SNAPSHOT.jar:?]
	at org.apache.hadoop.hdds.server.OzoneProtocolMessageDispatcher.processRequest(OzoneProtocolMessageDispatcher.java:87) [hdds-server-framework-1.4.0-SNAPSHOT.jar:?]
	at org.apache.hadoop.ozone.protocolPB.OzoneManagerProtocolServerSideTranslatorPB.submitRequest(OzoneManagerProtocolServerSideTranslatorPB.java:148) [ozone-manager-1.4.0-SNAPSHOT.jar:?]
	at org.apache.hadoop.ozone.protocol.proto.OzoneManagerProtocolProtos$OzoneManagerService$2.callBlockingMethod(OzoneManagerProtocolProtos.java) [ozone-interface-client-1.4.0-SNAPSHOT.jar:?]
	at org.apache.hadoop.ipc.ProtobufRpcEngine$Server.processCall(ProtobufRpcEngine.java:484) [hadoop-common-3.3.6.jar:?]
	at org.apache.hadoop.ipc.ProtobufRpcEngine2$Server$ProtoBufRpcInvoker.call(ProtobufRpcEngine2.java:595) [hadoop-common-3.3.6.jar:?]
	at org.apache.hadoop.ipc.ProtobufRpcEngine2$Server$ProtoBufRpcInvoker.call(ProtobufRpcEngine2.java:573) [hadoop-common-3.3.6.jar:?]
	at org.apache.hadoop.ipc.RPC$Server.call(RPC.java:1227) [hadoop-common-3.3.6.jar:?]
	at org.apache.hadoop.ipc.Server$RpcCall.run(Server.java:1094) [hadoop-common-3.3.6.jar:?]
	at org.apache.hadoop.ipc.Server$RpcCall.run(Server.java:1017) [hadoop-common-3.3.6.jar:?]
	at java.security.AccessController.doPrivileged(Native Method) ~[?:1.8.0_382]
	at javax.security.auth.Subject.doAs(Subject.java:422) [?:1.8.0_382]
	at org.apache.hadoop.security.UserGroupInformation.doAs(UserGroupInformation.java:1899) [hadoop-common-3.3.6.jar:?]
	at org.apache.hadoop.ipc.Server$Handler.run(Server.java:3048) [hadoop-common-3.3.6.jar:?]
]]></system-out>
  </testcase>
  <testcase name="testRenameContainDelimiterFile" classname="TestOzoneFileSystem" time="0.035">
    <system-out><![CDATA[11:19:38.216 [IPC Server handler 4 on default port 15110] ERROR OMAudit - user=runner | ip=127.0.0.1 | op=GET_FILE_STATUS {volume=volume57283, bucket=bucket81356, key=dir1/dir2/key2, dataSize=0, replicationConfig=null} | ret=FAILURE
org.apache.hadoop.ozone.om.exceptions.OMException: Unable to get file status: volume: volume57283 bucket: bucket81356 key: dir1/dir2/key2
	at org.apache.hadoop.ozone.om.KeyManagerImpl.getOzoneFileStatus(KeyManagerImpl.java:1195) ~[ozone-manager-1.4.0-SNAPSHOT.jar:?]
	at org.apache.hadoop.ozone.om.KeyManagerImpl.getFileStatus(KeyManagerImpl.java:1113) ~[ozone-manager-1.4.0-SNAPSHOT.jar:?]
	at org.apache.hadoop.ozone.om.OmMetadataReader.getFileStatus(OmMetadataReader.java:262) ~[ozone-manager-1.4.0-SNAPSHOT.jar:?]
	at org.apache.hadoop.ozone.om.OzoneManager.getFileStatus(OzoneManager.java:3530) ~[ozone-manager-1.4.0-SNAPSHOT.jar:?]
	at org.apache.hadoop.ozone.protocolPB.OzoneManagerRequestHandler.getOzoneFileStatus(OzoneManagerRequestHandler.java:971) ~[ozone-manager-1.4.0-SNAPSHOT.jar:?]
	at org.apache.hadoop.ozone.protocolPB.OzoneManagerRequestHandler.handleReadRequest(OzoneManagerRequestHandler.java:250) ~[ozone-manager-1.4.0-SNAPSHOT.jar:?]
	at org.apache.hadoop.ozone.protocolPB.OzoneManagerProtocolServerSideTranslatorPB.submitReadRequestToOM(OzoneManagerProtocolServerSideTranslatorPB.java:225) ~[ozone-manager-1.4.0-SNAPSHOT.jar:?]
	at org.apache.hadoop.ozone.protocolPB.OzoneManagerProtocolServerSideTranslatorPB.processRequest(OzoneManagerProtocolServerSideTranslatorPB.java:179) ~[ozone-manager-1.4.0-SNAPSHOT.jar:?]
	at org.apache.hadoop.hdds.server.OzoneProtocolMessageDispatcher.processRequest(OzoneProtocolMessageDispatcher.java:87) [hdds-server-framework-1.4.0-SNAPSHOT.jar:?]
	at org.apache.hadoop.ozone.protocolPB.OzoneManagerProtocolServerSideTranslatorPB.submitRequest(OzoneManagerProtocolServerSideTranslatorPB.java:148) [ozone-manager-1.4.0-SNAPSHOT.jar:?]
	at org.apache.hadoop.ozone.protocol.proto.OzoneManagerProtocolProtos$OzoneManagerService$2.callBlockingMethod(OzoneManagerProtocolProtos.java) [ozone-interface-client-1.4.0-SNAPSHOT.jar:?]
	at org.apache.hadoop.ipc.ProtobufRpcEngine$Server.processCall(ProtobufRpcEngine.java:484) [hadoop-common-3.3.6.jar:?]
	at org.apache.hadoop.ipc.ProtobufRpcEngine2$Server$ProtoBufRpcInvoker.call(ProtobufRpcEngine2.java:595) [hadoop-common-3.3.6.jar:?]
	at org.apache.hadoop.ipc.ProtobufRpcEngine2$Server$ProtoBufRpcInvoker.call(ProtobufRpcEngine2.java:573) [hadoop-common-3.3.6.jar:?]
	at org.apache.hadoop.ipc.RPC$Server.call(RPC.java:1227) [hadoop-common-3.3.6.jar:?]
	at org.apache.hadoop.ipc.Server$RpcCall.run(Server.java:1094) [hadoop-common-3.3.6.jar:?]
	at org.apache.hadoop.ipc.Server$RpcCall.run(Server.java:1017) [hadoop-common-3.3.6.jar:?]
	at java.security.AccessController.doPrivileged(Native Method) ~[?:1.8.0_382]
	at javax.security.auth.Subject.doAs(Subject.java:422) [?:1.8.0_382]
	at org.apache.hadoop.security.UserGroupInformation.doAs(UserGroupInformation.java:1899) [hadoop-common-3.3.6.jar:?]
	at org.apache.hadoop.ipc.Server$Handler.run(Server.java:3048) [hadoop-common-3.3.6.jar:?]
11:19:38.224 [IPC Server handler 12 on default port 15110] ERROR OMAudit - user=runner | ip=127.0.0.1 | op=GET_FILE_STATUS {volume=volume57283, bucket=bucket81356, key=dir1/dir2/key1, dataSize=0, replicationConfig=null} | ret=FAILURE
org.apache.hadoop.ozone.om.exceptions.OMException: Unable to get file status: volume: volume57283 bucket: bucket81356 key: dir1/dir2/key1
	at org.apache.hadoop.ozone.om.KeyManagerImpl.getOzoneFileStatus(KeyManagerImpl.java:1195) ~[ozone-manager-1.4.0-SNAPSHOT.jar:?]
	at org.apache.hadoop.ozone.om.KeyManagerImpl.getFileStatus(KeyManagerImpl.java:1113) ~[ozone-manager-1.4.0-SNAPSHOT.jar:?]
	at org.apache.hadoop.ozone.om.OmMetadataReader.getFileStatus(OmMetadataReader.java:262) ~[ozone-manager-1.4.0-SNAPSHOT.jar:?]
	at org.apache.hadoop.ozone.om.OzoneManager.getFileStatus(OzoneManager.java:3530) ~[ozone-manager-1.4.0-SNAPSHOT.jar:?]
	at org.apache.hadoop.ozone.protocolPB.OzoneManagerRequestHandler.getOzoneFileStatus(OzoneManagerRequestHandler.java:971) ~[ozone-manager-1.4.0-SNAPSHOT.jar:?]
	at org.apache.hadoop.ozone.protocolPB.OzoneManagerRequestHandler.handleReadRequest(OzoneManagerRequestHandler.java:250) ~[ozone-manager-1.4.0-SNAPSHOT.jar:?]
	at org.apache.hadoop.ozone.protocolPB.OzoneManagerProtocolServerSideTranslatorPB.submitReadRequestToOM(OzoneManagerProtocolServerSideTranslatorPB.java:225) ~[ozone-manager-1.4.0-SNAPSHOT.jar:?]
	at org.apache.hadoop.ozone.protocolPB.OzoneManagerProtocolServerSideTranslatorPB.processRequest(OzoneManagerProtocolServerSideTranslatorPB.java:179) ~[ozone-manager-1.4.0-SNAPSHOT.jar:?]
	at org.apache.hadoop.hdds.server.OzoneProtocolMessageDispatcher.processRequest(OzoneProtocolMessageDispatcher.java:87) [hdds-server-framework-1.4.0-SNAPSHOT.jar:?]
	at org.apache.hadoop.ozone.protocolPB.OzoneManagerProtocolServerSideTranslatorPB.submitRequest(OzoneManagerProtocolServerSideTranslatorPB.java:148) [ozone-manager-1.4.0-SNAPSHOT.jar:?]
	at org.apache.hadoop.ozone.protocol.proto.OzoneManagerProtocolProtos$OzoneManagerService$2.callBlockingMethod(OzoneManagerProtocolProtos.java) [ozone-interface-client-1.4.0-SNAPSHOT.jar:?]
	at org.apache.hadoop.ipc.ProtobufRpcEngine$Server.processCall(ProtobufRpcEngine.java:484) [hadoop-common-3.3.6.jar:?]
	at org.apache.hadoop.ipc.ProtobufRpcEngine2$Server$ProtoBufRpcInvoker.call(ProtobufRpcEngine2.java:595) [hadoop-common-3.3.6.jar:?]
	at org.apache.hadoop.ipc.ProtobufRpcEngine2$Server$ProtoBufRpcInvoker.call(ProtobufRpcEngine2.java:573) [hadoop-common-3.3.6.jar:?]
	at org.apache.hadoop.ipc.RPC$Server.call(RPC.java:1227) [hadoop-common-3.3.6.jar:?]
	at org.apache.hadoop.ipc.Server$RpcCall.run(Server.java:1094) [hadoop-common-3.3.6.jar:?]
	at org.apache.hadoop.ipc.Server$RpcCall.run(Server.java:1017) [hadoop-common-3.3.6.jar:?]
	at java.security.AccessController.doPrivileged(Native Method) ~[?:1.8.0_382]
	at javax.security.auth.Subject.doAs(Subject.java:422) [?:1.8.0_382]
	at org.apache.hadoop.security.UserGroupInformation.doAs(UserGroupInformation.java:1899) [hadoop-common-3.3.6.jar:?]
	at org.apache.hadoop.ipc.Server$Handler.run(Server.java:3048) [hadoop-common-3.3.6.jar:?]
11:19:38.226 [IPC Server handler 15 on default port 15110] ERROR OMAudit - user=runner | ip=127.0.0.1 | op=GET_FILE_STATUS {volume=volume57283, bucket=bucket81356, key=user/runner/dir1, dataSize=0, replicationConfig=null} | ret=FAILURE
org.apache.hadoop.ozone.om.exceptions.OMException: Unable to get file status: volume: volume57283 bucket: bucket81356 key: user/runner/dir1
	at org.apache.hadoop.ozone.om.KeyManagerImpl.getOzoneFileStatus(KeyManagerImpl.java:1195) ~[ozone-manager-1.4.0-SNAPSHOT.jar:?]
	at org.apache.hadoop.ozone.om.KeyManagerImpl.getFileStatus(KeyManagerImpl.java:1113) ~[ozone-manager-1.4.0-SNAPSHOT.jar:?]
	at org.apache.hadoop.ozone.om.OmMetadataReader.getFileStatus(OmMetadataReader.java:262) ~[ozone-manager-1.4.0-SNAPSHOT.jar:?]
	at org.apache.hadoop.ozone.om.OzoneManager.getFileStatus(OzoneManager.java:3530) ~[ozone-manager-1.4.0-SNAPSHOT.jar:?]
	at org.apache.hadoop.ozone.protocolPB.OzoneManagerRequestHandler.getOzoneFileStatus(OzoneManagerRequestHandler.java:971) ~[ozone-manager-1.4.0-SNAPSHOT.jar:?]
	at org.apache.hadoop.ozone.protocolPB.OzoneManagerRequestHandler.handleReadRequest(OzoneManagerRequestHandler.java:250) ~[ozone-manager-1.4.0-SNAPSHOT.jar:?]
	at org.apache.hadoop.ozone.protocolPB.OzoneManagerProtocolServerSideTranslatorPB.submitReadRequestToOM(OzoneManagerProtocolServerSideTranslatorPB.java:225) ~[ozone-manager-1.4.0-SNAPSHOT.jar:?]
	at org.apache.hadoop.ozone.protocolPB.OzoneManagerProtocolServerSideTranslatorPB.processRequest(OzoneManagerProtocolServerSideTranslatorPB.java:179) ~[ozone-manager-1.4.0-SNAPSHOT.jar:?]
	at org.apache.hadoop.hdds.server.OzoneProtocolMessageDispatcher.processRequest(OzoneProtocolMessageDispatcher.java:87) [hdds-server-framework-1.4.0-SNAPSHOT.jar:?]
	at org.apache.hadoop.ozone.protocolPB.OzoneManagerProtocolServerSideTranslatorPB.submitRequest(OzoneManagerProtocolServerSideTranslatorPB.java:148) [ozone-manager-1.4.0-SNAPSHOT.jar:?]
	at org.apache.hadoop.ozone.protocol.proto.OzoneManagerProtocolProtos$OzoneManagerService$2.callBlockingMethod(OzoneManagerProtocolProtos.java) [ozone-interface-client-1.4.0-SNAPSHOT.jar:?]
	at org.apache.hadoop.ipc.ProtobufRpcEngine$Server.processCall(ProtobufRpcEngine.java:484) [hadoop-common-3.3.6.jar:?]
	at org.apache.hadoop.ipc.ProtobufRpcEngine2$Server$ProtoBufRpcInvoker.call(ProtobufRpcEngine2.java:595) [hadoop-common-3.3.6.jar:?]
	at org.apache.hadoop.ipc.ProtobufRpcEngine2$Server$ProtoBufRpcInvoker.call(ProtobufRpcEngine2.java:573) [hadoop-common-3.3.6.jar:?]
	at org.apache.hadoop.ipc.RPC$Server.call(RPC.java:1227) [hadoop-common-3.3.6.jar:?]
	at org.apache.hadoop.ipc.Server$RpcCall.run(Server.java:1094) [hadoop-common-3.3.6.jar:?]
	at org.apache.hadoop.ipc.Server$RpcCall.run(Server.java:1017) [hadoop-common-3.3.6.jar:?]
	at java.security.AccessController.doPrivileged(Native Method) ~[?:1.8.0_382]
	at javax.security.auth.Subject.doAs(Subject.java:422) [?:1.8.0_382]
	at org.apache.hadoop.security.UserGroupInformation.doAs(UserGroupInformation.java:1899) [hadoop-common-3.3.6.jar:?]
	at org.apache.hadoop.ipc.Server$Handler.run(Server.java:3048) [hadoop-common-3.3.6.jar:?]
11:19:38.227 [IPC Server handler 16 on default port 15110] ERROR OMAudit - user=runner | ip=127.0.0.1 | op=GET_FILE_STATUS {volume=volume57283, bucket=bucket81356, key=user/runner/dir1/dir2, dataSize=0, replicationConfig=null} | ret=FAILURE
org.apache.hadoop.ozone.om.exceptions.OMException: Unable to get file status: volume: volume57283 bucket: bucket81356 key: user/runner/dir1/dir2
	at org.apache.hadoop.ozone.om.KeyManagerImpl.getOzoneFileStatus(KeyManagerImpl.java:1195) ~[ozone-manager-1.4.0-SNAPSHOT.jar:?]
	at org.apache.hadoop.ozone.om.KeyManagerImpl.getFileStatus(KeyManagerImpl.java:1113) ~[ozone-manager-1.4.0-SNAPSHOT.jar:?]
	at org.apache.hadoop.ozone.om.OmMetadataReader.getFileStatus(OmMetadataReader.java:262) ~[ozone-manager-1.4.0-SNAPSHOT.jar:?]
	at org.apache.hadoop.ozone.om.OzoneManager.getFileStatus(OzoneManager.java:3530) ~[ozone-manager-1.4.0-SNAPSHOT.jar:?]
	at org.apache.hadoop.ozone.protocolPB.OzoneManagerRequestHandler.getOzoneFileStatus(OzoneManagerRequestHandler.java:971) ~[ozone-manager-1.4.0-SNAPSHOT.jar:?]
	at org.apache.hadoop.ozone.protocolPB.OzoneManagerRequestHandler.handleReadRequest(OzoneManagerRequestHandler.java:250) ~[ozone-manager-1.4.0-SNAPSHOT.jar:?]
	at org.apache.hadoop.ozone.protocolPB.OzoneManagerProtocolServerSideTranslatorPB.submitReadRequestToOM(OzoneManagerProtocolServerSideTranslatorPB.java:225) ~[ozone-manager-1.4.0-SNAPSHOT.jar:?]
	at org.apache.hadoop.ozone.protocolPB.OzoneManagerProtocolServerSideTranslatorPB.processRequest(OzoneManagerProtocolServerSideTranslatorPB.java:179) ~[ozone-manager-1.4.0-SNAPSHOT.jar:?]
	at org.apache.hadoop.hdds.server.OzoneProtocolMessageDispatcher.processRequest(OzoneProtocolMessageDispatcher.java:87) [hdds-server-framework-1.4.0-SNAPSHOT.jar:?]
	at org.apache.hadoop.ozone.protocolPB.OzoneManagerProtocolServerSideTranslatorPB.submitRequest(OzoneManagerProtocolServerSideTranslatorPB.java:148) [ozone-manager-1.4.0-SNAPSHOT.jar:?]
	at org.apache.hadoop.ozone.protocol.proto.OzoneManagerProtocolProtos$OzoneManagerService$2.callBlockingMethod(OzoneManagerProtocolProtos.java) [ozone-interface-client-1.4.0-SNAPSHOT.jar:?]
	at org.apache.hadoop.ipc.ProtobufRpcEngine$Server.processCall(ProtobufRpcEngine.java:484) [hadoop-common-3.3.6.jar:?]
	at org.apache.hadoop.ipc.ProtobufRpcEngine2$Server$ProtoBufRpcInvoker.call(ProtobufRpcEngine2.java:595) [hadoop-common-3.3.6.jar:?]
	at org.apache.hadoop.ipc.ProtobufRpcEngine2$Server$ProtoBufRpcInvoker.call(ProtobufRpcEngine2.java:573) [hadoop-common-3.3.6.jar:?]
	at org.apache.hadoop.ipc.RPC$Server.call(RPC.java:1227) [hadoop-common-3.3.6.jar:?]
	at org.apache.hadoop.ipc.Server$RpcCall.run(Server.java:1094) [hadoop-common-3.3.6.jar:?]
	at org.apache.hadoop.ipc.Server$RpcCall.run(Server.java:1017) [hadoop-common-3.3.6.jar:?]
	at java.security.AccessController.doPrivileged(Native Method) ~[?:1.8.0_382]
	at javax.security.auth.Subject.doAs(Subject.java:422) [?:1.8.0_382]
	at org.apache.hadoop.security.UserGroupInformation.doAs(UserGroupInformation.java:1899) [hadoop-common-3.3.6.jar:?]
	at org.apache.hadoop.ipc.Server$Handler.run(Server.java:3048) [hadoop-common-3.3.6.jar:?]
]]></system-out>
  </testcase>
  <testcase name="testRenameContainDelimiterFile" classname="TestOzoneFileSystem" time="0.035">
    <system-out><![CDATA[11:21:06.143 [IPC Server handler 13 on default port 15163] ERROR OMAudit - user=runner | ip=127.0.0.1 | op=GET_FILE_STATUS {volume=volume69610, bucket=bucket82402, key=dir1/dir2/key2, dataSize=0, replicationConfig=null} | ret=FAILURE
org.apache.hadoop.ozone.om.exceptions.OMException: Unable to get file status: volume: volume69610 bucket: bucket82402 key: dir1/dir2/key2
	at org.apache.hadoop.ozone.om.KeyManagerImpl.getOzoneFileStatus(KeyManagerImpl.java:1195) ~[ozone-manager-1.4.0-SNAPSHOT.jar:?]
	at org.apache.hadoop.ozone.om.KeyManagerImpl.getFileStatus(KeyManagerImpl.java:1113) ~[ozone-manager-1.4.0-SNAPSHOT.jar:?]
	at org.apache.hadoop.ozone.om.OmMetadataReader.getFileStatus(OmMetadataReader.java:262) ~[ozone-manager-1.4.0-SNAPSHOT.jar:?]
	at org.apache.hadoop.ozone.om.OzoneManager.getFileStatus(OzoneManager.java:3530) ~[ozone-manager-1.4.0-SNAPSHOT.jar:?]
	at org.apache.hadoop.ozone.protocolPB.OzoneManagerRequestHandler.getOzoneFileStatus(OzoneManagerRequestHandler.java:971) ~[ozone-manager-1.4.0-SNAPSHOT.jar:?]
	at org.apache.hadoop.ozone.protocolPB.OzoneManagerRequestHandler.handleReadRequest(OzoneManagerRequestHandler.java:250) ~[ozone-manager-1.4.0-SNAPSHOT.jar:?]
	at org.apache.hadoop.ozone.protocolPB.OzoneManagerProtocolServerSideTranslatorPB.submitRequestDirectlyToOM(OzoneManagerProtocolServerSideTranslatorPB.java:274) ~[ozone-manager-1.4.0-SNAPSHOT.jar:?]
	at org.apache.hadoop.ozone.protocolPB.OzoneManagerProtocolServerSideTranslatorPB.processRequest(OzoneManagerProtocolServerSideTranslatorPB.java:175) ~[ozone-manager-1.4.0-SNAPSHOT.jar:?]
	at org.apache.hadoop.hdds.server.OzoneProtocolMessageDispatcher.processRequest(OzoneProtocolMessageDispatcher.java:87) [hdds-server-framework-1.4.0-SNAPSHOT.jar:?]
	at org.apache.hadoop.ozone.protocolPB.OzoneManagerProtocolServerSideTranslatorPB.submitRequest(OzoneManagerProtocolServerSideTranslatorPB.java:148) [ozone-manager-1.4.0-SNAPSHOT.jar:?]
	at org.apache.hadoop.ozone.protocol.proto.OzoneManagerProtocolProtos$OzoneManagerService$2.callBlockingMethod(OzoneManagerProtocolProtos.java) [ozone-interface-client-1.4.0-SNAPSHOT.jar:?]
	at org.apache.hadoop.ipc.ProtobufRpcEngine$Server.processCall(ProtobufRpcEngine.java:484) [hadoop-common-3.3.6.jar:?]
	at org.apache.hadoop.ipc.ProtobufRpcEngine2$Server$ProtoBufRpcInvoker.call(ProtobufRpcEngine2.java:595) [hadoop-common-3.3.6.jar:?]
	at org.apache.hadoop.ipc.ProtobufRpcEngine2$Server$ProtoBufRpcInvoker.call(ProtobufRpcEngine2.java:573) [hadoop-common-3.3.6.jar:?]
	at org.apache.hadoop.ipc.RPC$Server.call(RPC.java:1227) [hadoop-common-3.3.6.jar:?]
	at org.apache.hadoop.ipc.Server$RpcCall.run(Server.java:1094) [hadoop-common-3.3.6.jar:?]
	at org.apache.hadoop.ipc.Server$RpcCall.run(Server.java:1017) [hadoop-common-3.3.6.jar:?]
	at java.security.AccessController.doPrivileged(Native Method) ~[?:1.8.0_382]
	at javax.security.auth.Subject.doAs(Subject.java:422) [?:1.8.0_382]
	at org.apache.hadoop.security.UserGroupInformation.doAs(UserGroupInformation.java:1899) [hadoop-common-3.3.6.jar:?]
	at org.apache.hadoop.ipc.Server$Handler.run(Server.java:3048) [hadoop-common-3.3.6.jar:?]
11:21:06.153 [IPC Server handler 12 on default port 15163] ERROR OMAudit - user=runner | ip=127.0.0.1 | op=GET_FILE_STATUS {volume=volume69610, bucket=bucket82402, key=dir1/dir2/key1, dataSize=0, replicationConfig=null} | ret=FAILURE
org.apache.hadoop.ozone.om.exceptions.OMException: Unable to get file status: volume: volume69610 bucket: bucket82402 key: dir1/dir2/key1
	at org.apache.hadoop.ozone.om.KeyManagerImpl.getOzoneFileStatus(KeyManagerImpl.java:1195) ~[ozone-manager-1.4.0-SNAPSHOT.jar:?]
	at org.apache.hadoop.ozone.om.KeyManagerImpl.getFileStatus(KeyManagerImpl.java:1113) ~[ozone-manager-1.4.0-SNAPSHOT.jar:?]
	at org.apache.hadoop.ozone.om.OmMetadataReader.getFileStatus(OmMetadataReader.java:262) ~[ozone-manager-1.4.0-SNAPSHOT.jar:?]
	at org.apache.hadoop.ozone.om.OzoneManager.getFileStatus(OzoneManager.java:3530) ~[ozone-manager-1.4.0-SNAPSHOT.jar:?]
	at org.apache.hadoop.ozone.protocolPB.OzoneManagerRequestHandler.getOzoneFileStatus(OzoneManagerRequestHandler.java:971) ~[ozone-manager-1.4.0-SNAPSHOT.jar:?]
	at org.apache.hadoop.ozone.protocolPB.OzoneManagerRequestHandler.handleReadRequest(OzoneManagerRequestHandler.java:250) ~[ozone-manager-1.4.0-SNAPSHOT.jar:?]
	at org.apache.hadoop.ozone.protocolPB.OzoneManagerProtocolServerSideTranslatorPB.submitRequestDirectlyToOM(OzoneManagerProtocolServerSideTranslatorPB.java:274) ~[ozone-manager-1.4.0-SNAPSHOT.jar:?]
	at org.apache.hadoop.ozone.protocolPB.OzoneManagerProtocolServerSideTranslatorPB.processRequest(OzoneManagerProtocolServerSideTranslatorPB.java:175) ~[ozone-manager-1.4.0-SNAPSHOT.jar:?]
	at org.apache.hadoop.hdds.server.OzoneProtocolMessageDispatcher.processRequest(OzoneProtocolMessageDispatcher.java:87) [hdds-server-framework-1.4.0-SNAPSHOT.jar:?]
	at org.apache.hadoop.ozone.protocolPB.OzoneManagerProtocolServerSideTranslatorPB.submitRequest(OzoneManagerProtocolServerSideTranslatorPB.java:148) [ozone-manager-1.4.0-SNAPSHOT.jar:?]
	at org.apache.hadoop.ozone.protocol.proto.OzoneManagerProtocolProtos$OzoneManagerService$2.callBlockingMethod(OzoneManagerProtocolProtos.java) [ozone-interface-client-1.4.0-SNAPSHOT.jar:?]
	at org.apache.hadoop.ipc.ProtobufRpcEngine$Server.processCall(ProtobufRpcEngine.java:484) [hadoop-common-3.3.6.jar:?]
	at org.apache.hadoop.ipc.ProtobufRpcEngine2$Server$ProtoBufRpcInvoker.call(ProtobufRpcEngine2.java:595) [hadoop-common-3.3.6.jar:?]
	at org.apache.hadoop.ipc.ProtobufRpcEngine2$Server$ProtoBufRpcInvoker.call(ProtobufRpcEngine2.java:573) [hadoop-common-3.3.6.jar:?]
	at org.apache.hadoop.ipc.RPC$Server.call(RPC.java:1227) [hadoop-common-3.3.6.jar:?]
	at org.apache.hadoop.ipc.Server$RpcCall.run(Server.java:1094) [hadoop-common-3.3.6.jar:?]
	at org.apache.hadoop.ipc.Server$RpcCall.run(Server.java:1017) [hadoop-common-3.3.6.jar:?]
	at java.security.AccessController.doPrivileged(Native Method) ~[?:1.8.0_382]
	at javax.security.auth.Subject.doAs(Subject.java:422) [?:1.8.0_382]
	at org.apache.hadoop.security.UserGroupInformation.doAs(UserGroupInformation.java:1899) [hadoop-common-3.3.6.jar:?]
	at org.apache.hadoop.ipc.Server$Handler.run(Server.java:3048) [hadoop-common-3.3.6.jar:?]
11:21:06.154 [IPC Server handler 10 on default port 15163] ERROR OMAudit - user=runner | ip=127.0.0.1 | op=GET_FILE_STATUS {volume=volume69610, bucket=bucket82402, key=user/runner/dir1, dataSize=0, replicationConfig=null} | ret=FAILURE
org.apache.hadoop.ozone.om.exceptions.OMException: Unable to get file status: volume: volume69610 bucket: bucket82402 key: user/runner/dir1
	at org.apache.hadoop.ozone.om.KeyManagerImpl.getOzoneFileStatus(KeyManagerImpl.java:1195) ~[ozone-manager-1.4.0-SNAPSHOT.jar:?]
	at org.apache.hadoop.ozone.om.KeyManagerImpl.getFileStatus(KeyManagerImpl.java:1113) ~[ozone-manager-1.4.0-SNAPSHOT.jar:?]
	at org.apache.hadoop.ozone.om.OmMetadataReader.getFileStatus(OmMetadataReader.java:262) ~[ozone-manager-1.4.0-SNAPSHOT.jar:?]
	at org.apache.hadoop.ozone.om.OzoneManager.getFileStatus(OzoneManager.java:3530) ~[ozone-manager-1.4.0-SNAPSHOT.jar:?]
	at org.apache.hadoop.ozone.protocolPB.OzoneManagerRequestHandler.getOzoneFileStatus(OzoneManagerRequestHandler.java:971) ~[ozone-manager-1.4.0-SNAPSHOT.jar:?]
	at org.apache.hadoop.ozone.protocolPB.OzoneManagerRequestHandler.handleReadRequest(OzoneManagerRequestHandler.java:250) ~[ozone-manager-1.4.0-SNAPSHOT.jar:?]
	at org.apache.hadoop.ozone.protocolPB.OzoneManagerProtocolServerSideTranslatorPB.submitRequestDirectlyToOM(OzoneManagerProtocolServerSideTranslatorPB.java:274) ~[ozone-manager-1.4.0-SNAPSHOT.jar:?]
	at org.apache.hadoop.ozone.protocolPB.OzoneManagerProtocolServerSideTranslatorPB.processRequest(OzoneManagerProtocolServerSideTranslatorPB.java:175) ~[ozone-manager-1.4.0-SNAPSHOT.jar:?]
	at org.apache.hadoop.hdds.server.OzoneProtocolMessageDispatcher.processRequest(OzoneProtocolMessageDispatcher.java:87) [hdds-server-framework-1.4.0-SNAPSHOT.jar:?]
	at org.apache.hadoop.ozone.protocolPB.OzoneManagerProtocolServerSideTranslatorPB.submitRequest(OzoneManagerProtocolServerSideTranslatorPB.java:148) [ozone-manager-1.4.0-SNAPSHOT.jar:?]
	at org.apache.hadoop.ozone.protocol.proto.OzoneManagerProtocolProtos$OzoneManagerService$2.callBlockingMethod(OzoneManagerProtocolProtos.java) [ozone-interface-client-1.4.0-SNAPSHOT.jar:?]
	at org.apache.hadoop.ipc.ProtobufRpcEngine$Server.processCall(ProtobufRpcEngine.java:484) [hadoop-common-3.3.6.jar:?]
	at org.apache.hadoop.ipc.ProtobufRpcEngine2$Server$ProtoBufRpcInvoker.call(ProtobufRpcEngine2.java:595) [hadoop-common-3.3.6.jar:?]
	at org.apache.hadoop.ipc.ProtobufRpcEngine2$Server$ProtoBufRpcInvoker.call(ProtobufRpcEngine2.java:573) [hadoop-common-3.3.6.jar:?]
	at org.apache.hadoop.ipc.RPC$Server.call(RPC.java:1227) [hadoop-common-3.3.6.jar:?]
	at org.apache.hadoop.ipc.Server$RpcCall.run(Server.java:1094) [hadoop-common-3.3.6.jar:?]
	at org.apache.hadoop.ipc.Server$RpcCall.run(Server.java:1017) [hadoop-common-3.3.6.jar:?]
	at java.security.AccessController.doPrivileged(Native Method) ~[?:1.8.0_382]
	at javax.security.auth.Subject.doAs(Subject.java:422) [?:1.8.0_382]
	at org.apache.hadoop.security.UserGroupInformation.doAs(UserGroupInformation.java:1899) [hadoop-common-3.3.6.jar:?]
	at org.apache.hadoop.ipc.Server$Handler.run(Server.java:3048) [hadoop-common-3.3.6.jar:?]
11:21:06.156 [IPC Server handler 2 on default port 15163] ERROR OMAudit - user=runner | ip=127.0.0.1 | op=GET_FILE_STATUS {volume=volume69610, bucket=bucket82402, key=user/runner/dir1/dir2, dataSize=0, replicationConfig=null} | ret=FAILURE
org.apache.hadoop.ozone.om.exceptions.OMException: Unable to get file status: volume: volume69610 bucket: bucket82402 key: user/runner/dir1/dir2
	at org.apache.hadoop.ozone.om.KeyManagerImpl.getOzoneFileStatus(KeyManagerImpl.java:1195) ~[ozone-manager-1.4.0-SNAPSHOT.jar:?]
	at org.apache.hadoop.ozone.om.KeyManagerImpl.getFileStatus(KeyManagerImpl.java:1113) ~[ozone-manager-1.4.0-SNAPSHOT.jar:?]
	at org.apache.hadoop.ozone.om.OmMetadataReader.getFileStatus(OmMetadataReader.java:262) ~[ozone-manager-1.4.0-SNAPSHOT.jar:?]
	at org.apache.hadoop.ozone.om.OzoneManager.getFileStatus(OzoneManager.java:3530) ~[ozone-manager-1.4.0-SNAPSHOT.jar:?]
	at org.apache.hadoop.ozone.protocolPB.OzoneManagerRequestHandler.getOzoneFileStatus(OzoneManagerRequestHandler.java:971) ~[ozone-manager-1.4.0-SNAPSHOT.jar:?]
	at org.apache.hadoop.ozone.protocolPB.OzoneManagerRequestHandler.handleReadRequest(OzoneManagerRequestHandler.java:250) ~[ozone-manager-1.4.0-SNAPSHOT.jar:?]
	at org.apache.hadoop.ozone.protocolPB.OzoneManagerProtocolServerSideTranslatorPB.submitRequestDirectlyToOM(OzoneManagerProtocolServerSideTranslatorPB.java:274) ~[ozone-manager-1.4.0-SNAPSHOT.jar:?]
	at org.apache.hadoop.ozone.protocolPB.OzoneManagerProtocolServerSideTranslatorPB.processRequest(OzoneManagerProtocolServerSideTranslatorPB.java:175) ~[ozone-manager-1.4.0-SNAPSHOT.jar:?]
	at org.apache.hadoop.hdds.server.OzoneProtocolMessageDispatcher.processRequest(OzoneProtocolMessageDispatcher.java:87) [hdds-server-framework-1.4.0-SNAPSHOT.jar:?]
	at org.apache.hadoop.ozone.protocolPB.OzoneManagerProtocolServerSideTranslatorPB.submitRequest(OzoneManagerProtocolServerSideTranslatorPB.java:148) [ozone-manager-1.4.0-SNAPSHOT.jar:?]
	at org.apache.hadoop.ozone.protocol.proto.OzoneManagerProtocolProtos$OzoneManagerService$2.callBlockingMethod(OzoneManagerProtocolProtos.java) [ozone-interface-client-1.4.0-SNAPSHOT.jar:?]
	at org.apache.hadoop.ipc.ProtobufRpcEngine$Server.processCall(ProtobufRpcEngine.java:484) [hadoop-common-3.3.6.jar:?]
	at org.apache.hadoop.ipc.ProtobufRpcEngine2$Server$ProtoBufRpcInvoker.call(ProtobufRpcEngine2.java:595) [hadoop-common-3.3.6.jar:?]
	at org.apache.hadoop.ipc.ProtobufRpcEngine2$Server$ProtoBufRpcInvoker.call(ProtobufRpcEngine2.java:573) [hadoop-common-3.3.6.jar:?]
	at org.apache.hadoop.ipc.RPC$Server.call(RPC.java:1227) [hadoop-common-3.3.6.jar:?]
	at org.apache.hadoop.ipc.Server$RpcCall.run(Server.java:1094) [hadoop-common-3.3.6.jar:?]
	at org.apache.hadoop.ipc.Server$RpcCall.run(Server.java:1017) [hadoop-common-3.3.6.jar:?]
	at java.security.AccessController.doPrivileged(Native Method) ~[?:1.8.0_382]
	at javax.security.auth.Subject.doAs(Subject.java:422) [?:1.8.0_382]
	at org.apache.hadoop.security.UserGroupInformation.doAs(UserGroupInformation.java:1899) [hadoop-common-3.3.6.jar:?]
	at org.apache.hadoop.ipc.Server$Handler.run(Server.java:3048) [hadoop-common-3.3.6.jar:?]
]]></system-out>
  </testcase>
  <testcase name="testMakeDirsWithAnFakeDirectory" classname="TestOzoneFileSystem" time="0.065">
    <system-out><![CDATA[11:16:43.675 [IPC Server handler 4 on default port 15004] ERROR OMAudit - user=runner | ip=127.0.0.1 | op=GET_FILE_STATUS {volume=volume76163, bucket=bucket78113, key=user/runner/dir1/dir2, dataSize=0, replicationConfig=null} | ret=FAILURE
org.apache.hadoop.ozone.om.exceptions.OMException: Unable to get file status: volume: volume76163 bucket: bucket78113 key: user/runner/dir1/dir2
	at org.apache.hadoop.ozone.om.KeyManagerImpl.getOzoneFileStatus(KeyManagerImpl.java:1195) ~[ozone-manager-1.4.0-SNAPSHOT.jar:?]
	at org.apache.hadoop.ozone.om.KeyManagerImpl.getFileStatus(KeyManagerImpl.java:1113) ~[ozone-manager-1.4.0-SNAPSHOT.jar:?]
	at org.apache.hadoop.ozone.om.OmMetadataReader.getFileStatus(OmMetadataReader.java:262) ~[ozone-manager-1.4.0-SNAPSHOT.jar:?]
	at org.apache.hadoop.ozone.om.OzoneManager.getFileStatus(OzoneManager.java:3530) ~[ozone-manager-1.4.0-SNAPSHOT.jar:?]
	at org.apache.hadoop.ozone.protocolPB.OzoneManagerRequestHandler.getOzoneFileStatus(OzoneManagerRequestHandler.java:971) ~[ozone-manager-1.4.0-SNAPSHOT.jar:?]
	at org.apache.hadoop.ozone.protocolPB.OzoneManagerRequestHandler.handleReadRequest(OzoneManagerRequestHandler.java:250) ~[ozone-manager-1.4.0-SNAPSHOT.jar:?]
	at org.apache.hadoop.ozone.protocolPB.OzoneManagerProtocolServerSideTranslatorPB.submitReadRequestToOM(OzoneManagerProtocolServerSideTranslatorPB.java:225) ~[ozone-manager-1.4.0-SNAPSHOT.jar:?]
	at org.apache.hadoop.ozone.protocolPB.OzoneManagerProtocolServerSideTranslatorPB.processRequest(OzoneManagerProtocolServerSideTranslatorPB.java:179) ~[ozone-manager-1.4.0-SNAPSHOT.jar:?]
	at org.apache.hadoop.hdds.server.OzoneProtocolMessageDispatcher.processRequest(OzoneProtocolMessageDispatcher.java:87) [hdds-server-framework-1.4.0-SNAPSHOT.jar:?]
	at org.apache.hadoop.ozone.protocolPB.OzoneManagerProtocolServerSideTranslatorPB.submitRequest(OzoneManagerProtocolServerSideTranslatorPB.java:148) [ozone-manager-1.4.0-SNAPSHOT.jar:?]
	at org.apache.hadoop.ozone.protocol.proto.OzoneManagerProtocolProtos$OzoneManagerService$2.callBlockingMethod(OzoneManagerProtocolProtos.java) [ozone-interface-client-1.4.0-SNAPSHOT.jar:?]
	at org.apache.hadoop.ipc.ProtobufRpcEngine$Server.processCall(ProtobufRpcEngine.java:484) [hadoop-common-3.3.6.jar:?]
	at org.apache.hadoop.ipc.ProtobufRpcEngine2$Server$ProtoBufRpcInvoker.call(ProtobufRpcEngine2.java:595) [hadoop-common-3.3.6.jar:?]
	at org.apache.hadoop.ipc.ProtobufRpcEngine2$Server$ProtoBufRpcInvoker.call(ProtobufRpcEngine2.java:573) [hadoop-common-3.3.6.jar:?]
	at org.apache.hadoop.ipc.RPC$Server.call(RPC.java:1227) [hadoop-common-3.3.6.jar:?]
	at org.apache.hadoop.ipc.Server$RpcCall.run(Server.java:1094) [hadoop-common-3.3.6.jar:?]
	at org.apache.hadoop.ipc.Server$RpcCall.run(Server.java:1017) [hadoop-common-3.3.6.jar:?]
	at java.security.AccessController.doPrivileged(Native Method) ~[?:1.8.0_382]
	at javax.security.auth.Subject.doAs(Subject.java:422) [?:1.8.0_382]
	at org.apache.hadoop.security.UserGroupInformation.doAs(UserGroupInformation.java:1899) [hadoop-common-3.3.6.jar:?]
	at org.apache.hadoop.ipc.Server$Handler.run(Server.java:3048) [hadoop-common-3.3.6.jar:?]
]]></system-out>
  </testcase>
  <testcase name="testMakeDirsWithAnFakeDirectory" classname="TestOzoneFileSystem" time="0.033">
    <system-out><![CDATA[11:18:20.303 [IPC Server handler 3 on default port 15057] ERROR OMAudit - user=runner | ip=127.0.0.1 | op=GET_FILE_STATUS {volume=volume79664, bucket=bucket82507, key=user/runner/dir1/dir2, dataSize=0, replicationConfig=null} | ret=FAILURE
org.apache.hadoop.ozone.om.exceptions.OMException: Unable to get file status: volume: volume79664 bucket: bucket82507 key: user/runner/dir1/dir2
	at org.apache.hadoop.ozone.om.KeyManagerImpl.getOzoneFileStatus(KeyManagerImpl.java:1195) ~[ozone-manager-1.4.0-SNAPSHOT.jar:?]
	at org.apache.hadoop.ozone.om.KeyManagerImpl.getFileStatus(KeyManagerImpl.java:1113) ~[ozone-manager-1.4.0-SNAPSHOT.jar:?]
	at org.apache.hadoop.ozone.om.OmMetadataReader.getFileStatus(OmMetadataReader.java:262) ~[ozone-manager-1.4.0-SNAPSHOT.jar:?]
	at org.apache.hadoop.ozone.om.OzoneManager.getFileStatus(OzoneManager.java:3530) ~[ozone-manager-1.4.0-SNAPSHOT.jar:?]
	at org.apache.hadoop.ozone.protocolPB.OzoneManagerRequestHandler.getOzoneFileStatus(OzoneManagerRequestHandler.java:971) ~[ozone-manager-1.4.0-SNAPSHOT.jar:?]
	at org.apache.hadoop.ozone.protocolPB.OzoneManagerRequestHandler.handleReadRequest(OzoneManagerRequestHandler.java:250) ~[ozone-manager-1.4.0-SNAPSHOT.jar:?]
	at org.apache.hadoop.ozone.protocolPB.OzoneManagerProtocolServerSideTranslatorPB.submitRequestDirectlyToOM(OzoneManagerProtocolServerSideTranslatorPB.java:274) ~[ozone-manager-1.4.0-SNAPSHOT.jar:?]
	at org.apache.hadoop.ozone.protocolPB.OzoneManagerProtocolServerSideTranslatorPB.processRequest(OzoneManagerProtocolServerSideTranslatorPB.java:175) ~[ozone-manager-1.4.0-SNAPSHOT.jar:?]
	at org.apache.hadoop.hdds.server.OzoneProtocolMessageDispatcher.processRequest(OzoneProtocolMessageDispatcher.java:87) [hdds-server-framework-1.4.0-SNAPSHOT.jar:?]
	at org.apache.hadoop.ozone.protocolPB.OzoneManagerProtocolServerSideTranslatorPB.submitRequest(OzoneManagerProtocolServerSideTranslatorPB.java:148) [ozone-manager-1.4.0-SNAPSHOT.jar:?]
	at org.apache.hadoop.ozone.protocol.proto.OzoneManagerProtocolProtos$OzoneManagerService$2.callBlockingMethod(OzoneManagerProtocolProtos.java) [ozone-interface-client-1.4.0-SNAPSHOT.jar:?]
	at org.apache.hadoop.ipc.ProtobufRpcEngine$Server.processCall(ProtobufRpcEngine.java:484) [hadoop-common-3.3.6.jar:?]
	at org.apache.hadoop.ipc.ProtobufRpcEngine2$Server$ProtoBufRpcInvoker.call(ProtobufRpcEngine2.java:595) [hadoop-common-3.3.6.jar:?]
	at org.apache.hadoop.ipc.ProtobufRpcEngine2$Server$ProtoBufRpcInvoker.call(ProtobufRpcEngine2.java:573) [hadoop-common-3.3.6.jar:?]
	at org.apache.hadoop.ipc.RPC$Server.call(RPC.java:1227) [hadoop-common-3.3.6.jar:?]
	at org.apache.hadoop.ipc.Server$RpcCall.run(Server.java:1094) [hadoop-common-3.3.6.jar:?]
	at org.apache.hadoop.ipc.Server$RpcCall.run(Server.java:1017) [hadoop-common-3.3.6.jar:?]
	at java.security.AccessController.doPrivileged(Native Method) ~[?:1.8.0_382]
	at javax.security.auth.Subject.doAs(Subject.java:422) [?:1.8.0_382]
	at org.apache.hadoop.security.UserGroupInformation.doAs(UserGroupInformation.java:1899) [hadoop-common-3.3.6.jar:?]
	at org.apache.hadoop.ipc.Server$Handler.run(Server.java:3048) [hadoop-common-3.3.6.jar:?]
]]></system-out>
  </testcase>
  <testcase name="testMakeDirsWithAnFakeDirectory" classname="TestOzoneFileSystem" time="0.026">
    <system-out><![CDATA[11:19:38.247 [IPC Server handler 5 on default port 15110] ERROR OMAudit - user=runner | ip=127.0.0.1 | op=GET_FILE_STATUS {volume=volume57283, bucket=bucket81356, key=user/runner/dir1/dir2, dataSize=0, replicationConfig=null} | ret=FAILURE
org.apache.hadoop.ozone.om.exceptions.OMException: Unable to get file status: volume: volume57283 bucket: bucket81356 key: user/runner/dir1/dir2
	at org.apache.hadoop.ozone.om.KeyManagerImpl.getOzoneFileStatus(KeyManagerImpl.java:1195) ~[ozone-manager-1.4.0-SNAPSHOT.jar:?]
	at org.apache.hadoop.ozone.om.KeyManagerImpl.getFileStatus(KeyManagerImpl.java:1113) ~[ozone-manager-1.4.0-SNAPSHOT.jar:?]
	at org.apache.hadoop.ozone.om.OmMetadataReader.getFileStatus(OmMetadataReader.java:262) ~[ozone-manager-1.4.0-SNAPSHOT.jar:?]
	at org.apache.hadoop.ozone.om.OzoneManager.getFileStatus(OzoneManager.java:3530) ~[ozone-manager-1.4.0-SNAPSHOT.jar:?]
	at org.apache.hadoop.ozone.protocolPB.OzoneManagerRequestHandler.getOzoneFileStatus(OzoneManagerRequestHandler.java:971) ~[ozone-manager-1.4.0-SNAPSHOT.jar:?]
	at org.apache.hadoop.ozone.protocolPB.OzoneManagerRequestHandler.handleReadRequest(OzoneManagerRequestHandler.java:250) ~[ozone-manager-1.4.0-SNAPSHOT.jar:?]
	at org.apache.hadoop.ozone.protocolPB.OzoneManagerProtocolServerSideTranslatorPB.submitReadRequestToOM(OzoneManagerProtocolServerSideTranslatorPB.java:225) ~[ozone-manager-1.4.0-SNAPSHOT.jar:?]
	at org.apache.hadoop.ozone.protocolPB.OzoneManagerProtocolServerSideTranslatorPB.processRequest(OzoneManagerProtocolServerSideTranslatorPB.java:179) ~[ozone-manager-1.4.0-SNAPSHOT.jar:?]
	at org.apache.hadoop.hdds.server.OzoneProtocolMessageDispatcher.processRequest(OzoneProtocolMessageDispatcher.java:87) [hdds-server-framework-1.4.0-SNAPSHOT.jar:?]
	at org.apache.hadoop.ozone.protocolPB.OzoneManagerProtocolServerSideTranslatorPB.submitRequest(OzoneManagerProtocolServerSideTranslatorPB.java:148) [ozone-manager-1.4.0-SNAPSHOT.jar:?]
	at org.apache.hadoop.ozone.protocol.proto.OzoneManagerProtocolProtos$OzoneManagerService$2.callBlockingMethod(OzoneManagerProtocolProtos.java) [ozone-interface-client-1.4.0-SNAPSHOT.jar:?]
	at org.apache.hadoop.ipc.ProtobufRpcEngine$Server.processCall(ProtobufRpcEngine.java:484) [hadoop-common-3.3.6.jar:?]
	at org.apache.hadoop.ipc.ProtobufRpcEngine2$Server$ProtoBufRpcInvoker.call(ProtobufRpcEngine2.java:595) [hadoop-common-3.3.6.jar:?]
	at org.apache.hadoop.ipc.ProtobufRpcEngine2$Server$ProtoBufRpcInvoker.call(ProtobufRpcEngine2.java:573) [hadoop-common-3.3.6.jar:?]
	at org.apache.hadoop.ipc.RPC$Server.call(RPC.java:1227) [hadoop-common-3.3.6.jar:?]
	at org.apache.hadoop.ipc.Server$RpcCall.run(Server.java:1094) [hadoop-common-3.3.6.jar:?]
	at org.apache.hadoop.ipc.Server$RpcCall.run(Server.java:1017) [hadoop-common-3.3.6.jar:?]
	at java.security.AccessController.doPrivileged(Native Method) ~[?:1.8.0_382]
	at javax.security.auth.Subject.doAs(Subject.java:422) [?:1.8.0_382]
	at org.apache.hadoop.security.UserGroupInformation.doAs(UserGroupInformation.java:1899) [hadoop-common-3.3.6.jar:?]
	at org.apache.hadoop.ipc.Server$Handler.run(Server.java:3048) [hadoop-common-3.3.6.jar:?]
]]></system-out>
  </testcase>
  <testcase name="testMakeDirsWithAnFakeDirectory" classname="TestOzoneFileSystem" time="0.025">
    <system-out><![CDATA[11:21:06.177 [IPC Server handler 14 on default port 15163] ERROR OMAudit - user=runner | ip=127.0.0.1 | op=GET_FILE_STATUS {volume=volume69610, bucket=bucket82402, key=user/runner/dir1/dir2, dataSize=0, replicationConfig=null} | ret=FAILURE
org.apache.hadoop.ozone.om.exceptions.OMException: Unable to get file status: volume: volume69610 bucket: bucket82402 key: user/runner/dir1/dir2
	at org.apache.hadoop.ozone.om.KeyManagerImpl.getOzoneFileStatus(KeyManagerImpl.java:1195) ~[ozone-manager-1.4.0-SNAPSHOT.jar:?]
	at org.apache.hadoop.ozone.om.KeyManagerImpl.getFileStatus(KeyManagerImpl.java:1113) ~[ozone-manager-1.4.0-SNAPSHOT.jar:?]
	at org.apache.hadoop.ozone.om.OmMetadataReader.getFileStatus(OmMetadataReader.java:262) ~[ozone-manager-1.4.0-SNAPSHOT.jar:?]
	at org.apache.hadoop.ozone.om.OzoneManager.getFileStatus(OzoneManager.java:3530) ~[ozone-manager-1.4.0-SNAPSHOT.jar:?]
	at org.apache.hadoop.ozone.protocolPB.OzoneManagerRequestHandler.getOzoneFileStatus(OzoneManagerRequestHandler.java:971) ~[ozone-manager-1.4.0-SNAPSHOT.jar:?]
	at org.apache.hadoop.ozone.protocolPB.OzoneManagerRequestHandler.handleReadRequest(OzoneManagerRequestHandler.java:250) ~[ozone-manager-1.4.0-SNAPSHOT.jar:?]
	at org.apache.hadoop.ozone.protocolPB.OzoneManagerProtocolServerSideTranslatorPB.submitRequestDirectlyToOM(OzoneManagerProtocolServerSideTranslatorPB.java:274) ~[ozone-manager-1.4.0-SNAPSHOT.jar:?]
	at org.apache.hadoop.ozone.protocolPB.OzoneManagerProtocolServerSideTranslatorPB.processRequest(OzoneManagerProtocolServerSideTranslatorPB.java:175) ~[ozone-manager-1.4.0-SNAPSHOT.jar:?]
	at org.apache.hadoop.hdds.server.OzoneProtocolMessageDispatcher.processRequest(OzoneProtocolMessageDispatcher.java:87) [hdds-server-framework-1.4.0-SNAPSHOT.jar:?]
	at org.apache.hadoop.ozone.protocolPB.OzoneManagerProtocolServerSideTranslatorPB.submitRequest(OzoneManagerProtocolServerSideTranslatorPB.java:148) [ozone-manager-1.4.0-SNAPSHOT.jar:?]
	at org.apache.hadoop.ozone.protocol.proto.OzoneManagerProtocolProtos$OzoneManagerService$2.callBlockingMethod(OzoneManagerProtocolProtos.java) [ozone-interface-client-1.4.0-SNAPSHOT.jar:?]
	at org.apache.hadoop.ipc.ProtobufRpcEngine$Server.processCall(ProtobufRpcEngine.java:484) [hadoop-common-3.3.6.jar:?]
	at org.apache.hadoop.ipc.ProtobufRpcEngine2$Server$ProtoBufRpcInvoker.call(ProtobufRpcEngine2.java:595) [hadoop-common-3.3.6.jar:?]
	at org.apache.hadoop.ipc.ProtobufRpcEngine2$Server$ProtoBufRpcInvoker.call(ProtobufRpcEngine2.java:573) [hadoop-common-3.3.6.jar:?]
	at org.apache.hadoop.ipc.RPC$Server.call(RPC.java:1227) [hadoop-common-3.3.6.jar:?]
	at org.apache.hadoop.ipc.Server$RpcCall.run(Server.java:1094) [hadoop-common-3.3.6.jar:?]
	at org.apache.hadoop.ipc.Server$RpcCall.run(Server.java:1017) [hadoop-common-3.3.6.jar:?]
	at java.security.AccessController.doPrivileged(Native Method) ~[?:1.8.0_382]
	at javax.security.auth.Subject.doAs(Subject.java:422) [?:1.8.0_382]
	at org.apache.hadoop.security.UserGroupInformation.doAs(UserGroupInformation.java:1899) [hadoop-common-3.3.6.jar:?]
	at org.apache.hadoop.ipc.Server$Handler.run(Server.java:3048) [hadoop-common-3.3.6.jar:?]
]]></system-out>
  </testcase>
  <testcase name="testFileDelete" classname="TestOzoneFileSystem" time="0.376">
    <system-out><![CDATA[11:16:44.052 [IPC Server handler 2 on default port 15004] ERROR OMAudit - user=runner | ip=127.0.0.1 | op=GET_FILE_STATUS {volume=volume76163, bucket=bucket78113, key=testBatchDelete, dataSize=0, replicationConfig=null} | ret=FAILURE
org.apache.hadoop.ozone.om.exceptions.OMException: Unable to get file status: volume: volume76163 bucket: bucket78113 key: testBatchDelete
	at org.apache.hadoop.ozone.om.KeyManagerImpl.getOzoneFileStatus(KeyManagerImpl.java:1195) ~[ozone-manager-1.4.0-SNAPSHOT.jar:?]
	at org.apache.hadoop.ozone.om.KeyManagerImpl.getFileStatus(KeyManagerImpl.java:1113) ~[ozone-manager-1.4.0-SNAPSHOT.jar:?]
	at org.apache.hadoop.ozone.om.OmMetadataReader.getFileStatus(OmMetadataReader.java:262) ~[ozone-manager-1.4.0-SNAPSHOT.jar:?]
	at org.apache.hadoop.ozone.om.OzoneManager.getFileStatus(OzoneManager.java:3530) ~[ozone-manager-1.4.0-SNAPSHOT.jar:?]
	at org.apache.hadoop.ozone.protocolPB.OzoneManagerRequestHandler.getOzoneFileStatus(OzoneManagerRequestHandler.java:971) ~[ozone-manager-1.4.0-SNAPSHOT.jar:?]
	at org.apache.hadoop.ozone.protocolPB.OzoneManagerRequestHandler.handleReadRequest(OzoneManagerRequestHandler.java:250) ~[ozone-manager-1.4.0-SNAPSHOT.jar:?]
	at org.apache.hadoop.ozone.protocolPB.OzoneManagerProtocolServerSideTranslatorPB.submitReadRequestToOM(OzoneManagerProtocolServerSideTranslatorPB.java:225) ~[ozone-manager-1.4.0-SNAPSHOT.jar:?]
	at org.apache.hadoop.ozone.protocolPB.OzoneManagerProtocolServerSideTranslatorPB.processRequest(OzoneManagerProtocolServerSideTranslatorPB.java:179) ~[ozone-manager-1.4.0-SNAPSHOT.jar:?]
	at org.apache.hadoop.hdds.server.OzoneProtocolMessageDispatcher.processRequest(OzoneProtocolMessageDispatcher.java:87) [hdds-server-framework-1.4.0-SNAPSHOT.jar:?]
	at org.apache.hadoop.ozone.protocolPB.OzoneManagerProtocolServerSideTranslatorPB.submitRequest(OzoneManagerProtocolServerSideTranslatorPB.java:148) [ozone-manager-1.4.0-SNAPSHOT.jar:?]
	at org.apache.hadoop.ozone.protocol.proto.OzoneManagerProtocolProtos$OzoneManagerService$2.callBlockingMethod(OzoneManagerProtocolProtos.java) [ozone-interface-client-1.4.0-SNAPSHOT.jar:?]
	at org.apache.hadoop.ipc.ProtobufRpcEngine$Server.processCall(ProtobufRpcEngine.java:484) [hadoop-common-3.3.6.jar:?]
	at org.apache.hadoop.ipc.ProtobufRpcEngine2$Server$ProtoBufRpcInvoker.call(ProtobufRpcEngine2.java:595) [hadoop-common-3.3.6.jar:?]
	at org.apache.hadoop.ipc.ProtobufRpcEngine2$Server$ProtoBufRpcInvoker.call(ProtobufRpcEngine2.java:573) [hadoop-common-3.3.6.jar:?]
	at org.apache.hadoop.ipc.RPC$Server.call(RPC.java:1227) [hadoop-common-3.3.6.jar:?]
	at org.apache.hadoop.ipc.Server$RpcCall.run(Server.java:1094) [hadoop-common-3.3.6.jar:?]
	at org.apache.hadoop.ipc.Server$RpcCall.run(Server.java:1017) [hadoop-common-3.3.6.jar:?]
	at java.security.AccessController.doPrivileged(Native Method) ~[?:1.8.0_382]
	at javax.security.auth.Subject.doAs(Subject.java:422) [?:1.8.0_382]
	at org.apache.hadoop.security.UserGroupInformation.doAs(UserGroupInformation.java:1899) [hadoop-common-3.3.6.jar:?]
	at org.apache.hadoop.ipc.Server$Handler.run(Server.java:3048) [hadoop-common-3.3.6.jar:?]
11:16:44.053 [IPC Server handler 4 on default port 15004] ERROR OMAudit - user=runner | ip=127.0.0.1 | op=GET_FILE_STATUS {volume=volume76163, bucket=bucket78113, key=testBatchDelete/parent/child0, dataSize=0, replicationConfig=null} | ret=FAILURE
org.apache.hadoop.ozone.om.exceptions.OMException: Unable to get file status: volume: volume76163 bucket: bucket78113 key: testBatchDelete/parent/child0
	at org.apache.hadoop.ozone.om.KeyManagerImpl.getOzoneFileStatus(KeyManagerImpl.java:1195) ~[ozone-manager-1.4.0-SNAPSHOT.jar:?]
	at org.apache.hadoop.ozone.om.KeyManagerImpl.getFileStatus(KeyManagerImpl.java:1113) ~[ozone-manager-1.4.0-SNAPSHOT.jar:?]
	at org.apache.hadoop.ozone.om.OmMetadataReader.getFileStatus(OmMetadataReader.java:262) ~[ozone-manager-1.4.0-SNAPSHOT.jar:?]
	at org.apache.hadoop.ozone.om.OzoneManager.getFileStatus(OzoneManager.java:3530) ~[ozone-manager-1.4.0-SNAPSHOT.jar:?]
	at org.apache.hadoop.ozone.protocolPB.OzoneManagerRequestHandler.getOzoneFileStatus(OzoneManagerRequestHandler.java:971) ~[ozone-manager-1.4.0-SNAPSHOT.jar:?]
	at org.apache.hadoop.ozone.protocolPB.OzoneManagerRequestHandler.handleReadRequest(OzoneManagerRequestHandler.java:250) ~[ozone-manager-1.4.0-SNAPSHOT.jar:?]
	at org.apache.hadoop.ozone.protocolPB.OzoneManagerProtocolServerSideTranslatorPB.submitReadRequestToOM(OzoneManagerProtocolServerSideTranslatorPB.java:225) ~[ozone-manager-1.4.0-SNAPSHOT.jar:?]
	at org.apache.hadoop.ozone.protocolPB.OzoneManagerProtocolServerSideTranslatorPB.processRequest(OzoneManagerProtocolServerSideTranslatorPB.java:179) ~[ozone-manager-1.4.0-SNAPSHOT.jar:?]
	at org.apache.hadoop.hdds.server.OzoneProtocolMessageDispatcher.processRequest(OzoneProtocolMessageDispatcher.java:87) [hdds-server-framework-1.4.0-SNAPSHOT.jar:?]
	at org.apache.hadoop.ozone.protocolPB.OzoneManagerProtocolServerSideTranslatorPB.submitRequest(OzoneManagerProtocolServerSideTranslatorPB.java:148) [ozone-manager-1.4.0-SNAPSHOT.jar:?]
	at org.apache.hadoop.ozone.protocol.proto.OzoneManagerProtocolProtos$OzoneManagerService$2.callBlockingMethod(OzoneManagerProtocolProtos.java) [ozone-interface-client-1.4.0-SNAPSHOT.jar:?]
	at org.apache.hadoop.ipc.ProtobufRpcEngine$Server.processCall(ProtobufRpcEngine.java:484) [hadoop-common-3.3.6.jar:?]
	at org.apache.hadoop.ipc.ProtobufRpcEngine2$Server$ProtoBufRpcInvoker.call(ProtobufRpcEngine2.java:595) [hadoop-common-3.3.6.jar:?]
	at org.apache.hadoop.ipc.ProtobufRpcEngine2$Server$ProtoBufRpcInvoker.call(ProtobufRpcEngine2.java:573) [hadoop-common-3.3.6.jar:?]
	at org.apache.hadoop.ipc.RPC$Server.call(RPC.java:1227) [hadoop-common-3.3.6.jar:?]
	at org.apache.hadoop.ipc.Server$RpcCall.run(Server.java:1094) [hadoop-common-3.3.6.jar:?]
	at org.apache.hadoop.ipc.Server$RpcCall.run(Server.java:1017) [hadoop-common-3.3.6.jar:?]
	at java.security.AccessController.doPrivileged(Native Method) ~[?:1.8.0_382]
	at javax.security.auth.Subject.doAs(Subject.java:422) [?:1.8.0_382]
	at org.apache.hadoop.security.UserGroupInformation.doAs(UserGroupInformation.java:1899) [hadoop-common-3.3.6.jar:?]
	at org.apache.hadoop.ipc.Server$Handler.run(Server.java:3048) [hadoop-common-3.3.6.jar:?]
11:16:44.055 [IPC Server handler 15 on default port 15004] ERROR OMAudit - user=runner | ip=127.0.0.1 | op=GET_FILE_STATUS {volume=volume76163, bucket=bucket78113, key=testBatchDelete/parent/childFolder/child0, dataSize=0, replicationConfig=null} | ret=FAILURE
org.apache.hadoop.ozone.om.exceptions.OMException: Unable to get file status: volume: volume76163 bucket: bucket78113 key: testBatchDelete/parent/childFolder/child0
	at org.apache.hadoop.ozone.om.KeyManagerImpl.getOzoneFileStatus(KeyManagerImpl.java:1195) ~[ozone-manager-1.4.0-SNAPSHOT.jar:?]
	at org.apache.hadoop.ozone.om.KeyManagerImpl.getFileStatus(KeyManagerImpl.java:1113) ~[ozone-manager-1.4.0-SNAPSHOT.jar:?]
	at org.apache.hadoop.ozone.om.OmMetadataReader.getFileStatus(OmMetadataReader.java:262) ~[ozone-manager-1.4.0-SNAPSHOT.jar:?]
	at org.apache.hadoop.ozone.om.OzoneManager.getFileStatus(OzoneManager.java:3530) ~[ozone-manager-1.4.0-SNAPSHOT.jar:?]
	at org.apache.hadoop.ozone.protocolPB.OzoneManagerRequestHandler.getOzoneFileStatus(OzoneManagerRequestHandler.java:971) ~[ozone-manager-1.4.0-SNAPSHOT.jar:?]
	at org.apache.hadoop.ozone.protocolPB.OzoneManagerRequestHandler.handleReadRequest(OzoneManagerRequestHandler.java:250) ~[ozone-manager-1.4.0-SNAPSHOT.jar:?]
	at org.apache.hadoop.ozone.protocolPB.OzoneManagerProtocolServerSideTranslatorPB.submitReadRequestToOM(OzoneManagerProtocolServerSideTranslatorPB.java:225) ~[ozone-manager-1.4.0-SNAPSHOT.jar:?]
	at org.apache.hadoop.ozone.protocolPB.OzoneManagerProtocolServerSideTranslatorPB.processRequest(OzoneManagerProtocolServerSideTranslatorPB.java:179) ~[ozone-manager-1.4.0-SNAPSHOT.jar:?]
	at org.apache.hadoop.hdds.server.OzoneProtocolMessageDispatcher.processRequest(OzoneProtocolMessageDispatcher.java:87) [hdds-server-framework-1.4.0-SNAPSHOT.jar:?]
	at org.apache.hadoop.ozone.protocolPB.OzoneManagerProtocolServerSideTranslatorPB.submitRequest(OzoneManagerProtocolServerSideTranslatorPB.java:148) [ozone-manager-1.4.0-SNAPSHOT.jar:?]
	at org.apache.hadoop.ozone.protocol.proto.OzoneManagerProtocolProtos$OzoneManagerService$2.callBlockingMethod(OzoneManagerProtocolProtos.java) [ozone-interface-client-1.4.0-SNAPSHOT.jar:?]
	at org.apache.hadoop.ipc.ProtobufRpcEngine$Server.processCall(ProtobufRpcEngine.java:484) [hadoop-common-3.3.6.jar:?]
	at org.apache.hadoop.ipc.ProtobufRpcEngine2$Server$ProtoBufRpcInvoker.call(ProtobufRpcEngine2.java:595) [hadoop-common-3.3.6.jar:?]
	at org.apache.hadoop.ipc.ProtobufRpcEngine2$Server$ProtoBufRpcInvoker.call(ProtobufRpcEngine2.java:573) [hadoop-common-3.3.6.jar:?]
	at org.apache.hadoop.ipc.RPC$Server.call(RPC.java:1227) [hadoop-common-3.3.6.jar:?]
	at org.apache.hadoop.ipc.Server$RpcCall.run(Server.java:1094) [hadoop-common-3.3.6.jar:?]
	at org.apache.hadoop.ipc.Server$RpcCall.run(Server.java:1017) [hadoop-common-3.3.6.jar:?]
	at java.security.AccessController.doPrivileged(Native Method) ~[?:1.8.0_382]
	at javax.security.auth.Subject.doAs(Subject.java:422) [?:1.8.0_382]
	at org.apache.hadoop.security.UserGroupInformation.doAs(UserGroupInformation.java:1899) [hadoop-common-3.3.6.jar:?]
	at org.apache.hadoop.ipc.Server$Handler.run(Server.java:3048) [hadoop-common-3.3.6.jar:?]
11:16:44.058 [IPC Server handler 3 on default port 15004] ERROR OMAudit - user=runner | ip=127.0.0.1 | op=GET_FILE_STATUS {volume=volume76163, bucket=bucket78113, key=testBatchDelete/parent/child1, dataSize=0, replicationConfig=null} | ret=FAILURE
org.apache.hadoop.ozone.om.exceptions.OMException: Unable to get file status: volume: volume76163 bucket: bucket78113 key: testBatchDelete/parent/child1
	at org.apache.hadoop.ozone.om.KeyManagerImpl.getOzoneFileStatus(KeyManagerImpl.java:1195) ~[ozone-manager-1.4.0-SNAPSHOT.jar:?]
	at org.apache.hadoop.ozone.om.KeyManagerImpl.getFileStatus(KeyManagerImpl.java:1113) ~[ozone-manager-1.4.0-SNAPSHOT.jar:?]
	at org.apache.hadoop.ozone.om.OmMetadataReader.getFileStatus(OmMetadataReader.java:262) ~[ozone-manager-1.4.0-SNAPSHOT.jar:?]
	at org.apache.hadoop.ozone.om.OzoneManager.getFileStatus(OzoneManager.java:3530) ~[ozone-manager-1.4.0-SNAPSHOT.jar:?]
	at org.apache.hadoop.ozone.protocolPB.OzoneManagerRequestHandler.getOzoneFileStatus(OzoneManagerRequestHandler.java:971) ~[ozone-manager-1.4.0-SNAPSHOT.jar:?]
	at org.apache.hadoop.ozone.protocolPB.OzoneManagerRequestHandler.handleReadRequest(OzoneManagerRequestHandler.java:250) ~[ozone-manager-1.4.0-SNAPSHOT.jar:?]
	at org.apache.hadoop.ozone.protocolPB.OzoneManagerProtocolServerSideTranslatorPB.submitReadRequestToOM(OzoneManagerProtocolServerSideTranslatorPB.java:225) ~[ozone-manager-1.4.0-SNAPSHOT.jar:?]
	at org.apache.hadoop.ozone.protocolPB.OzoneManagerProtocolServerSideTranslatorPB.processRequest(OzoneManagerProtocolServerSideTranslatorPB.java:179) ~[ozone-manager-1.4.0-SNAPSHOT.jar:?]
	at org.apache.hadoop.hdds.server.OzoneProtocolMessageDispatcher.processRequest(OzoneProtocolMessageDispatcher.java:87) [hdds-server-framework-1.4.0-SNAPSHOT.jar:?]
	at org.apache.hadoop.ozone.protocolPB.OzoneManagerProtocolServerSideTranslatorPB.submitRequest(OzoneManagerProtocolServerSideTranslatorPB.java:148) [ozone-manager-1.4.0-SNAPSHOT.jar:?]
	at org.apache.hadoop.ozone.protocol.proto.OzoneManagerProtocolProtos$OzoneManagerService$2.callBlockingMethod(OzoneManagerProtocolProtos.java) [ozone-interface-client-1.4.0-SNAPSHOT.jar:?]
	at org.apache.hadoop.ipc.ProtobufRpcEngine$Server.processCall(ProtobufRpcEngine.java:484) [hadoop-common-3.3.6.jar:?]
	at org.apache.hadoop.ipc.ProtobufRpcEngine2$Server$ProtoBufRpcInvoker.call(ProtobufRpcEngine2.java:595) [hadoop-common-3.3.6.jar:?]
	at org.apache.hadoop.ipc.ProtobufRpcEngine2$Server$ProtoBufRpcInvoker.call(ProtobufRpcEngine2.java:573) [hadoop-common-3.3.6.jar:?]
	at org.apache.hadoop.ipc.RPC$Server.call(RPC.java:1227) [hadoop-common-3.3.6.jar:?]
	at org.apache.hadoop.ipc.Server$RpcCall.run(Server.java:1094) [hadoop-common-3.3.6.jar:?]
	at org.apache.hadoop.ipc.Server$RpcCall.run(Server.java:1017) [hadoop-common-3.3.6.jar:?]
	at java.security.AccessController.doPrivileged(Native Method) ~[?:1.8.0_382]
	at javax.security.auth.Subject.doAs(Subject.java:422) [?:1.8.0_382]
	at org.apache.hadoop.security.UserGroupInformation.doAs(UserGroupInformation.java:1899) [hadoop-common-3.3.6.jar:?]
	at org.apache.hadoop.ipc.Server$Handler.run(Server.java:3048) [hadoop-common-3.3.6.jar:?]
11:16:44.060 [IPC Server handler 1 on default port 15004] ERROR OMAudit - user=runner | ip=127.0.0.1 | op=GET_FILE_STATUS {volume=volume76163, bucket=bucket78113, key=testBatchDelete/parent/childFolder/child1, dataSize=0, replicationConfig=null} | ret=FAILURE
org.apache.hadoop.ozone.om.exceptions.OMException: Unable to get file status: volume: volume76163 bucket: bucket78113 key: testBatchDelete/parent/childFolder/child1
	at org.apache.hadoop.ozone.om.KeyManagerImpl.getOzoneFileStatus(KeyManagerImpl.java:1195) ~[ozone-manager-1.4.0-SNAPSHOT.jar:?]
	at org.apache.hadoop.ozone.om.KeyManagerImpl.getFileStatus(KeyManagerImpl.java:1113) ~[ozone-manager-1.4.0-SNAPSHOT.jar:?]
	at org.apache.hadoop.ozone.om.OmMetadataReader.getFileStatus(OmMetadataReader.java:262) ~[ozone-manager-1.4.0-SNAPSHOT.jar:?]
	at org.apache.hadoop.ozone.om.OzoneManager.getFileStatus(OzoneManager.java:3530) ~[ozone-manager-1.4.0-SNAPSHOT.jar:?]
	at org.apache.hadoop.ozone.protocolPB.OzoneManagerRequestHandler.getOzoneFileStatus(OzoneManagerRequestHandler.java:971) ~[ozone-manager-1.4.0-SNAPSHOT.jar:?]
	at org.apache.hadoop.ozone.protocolPB.OzoneManagerRequestHandler.handleReadRequest(OzoneManagerRequestHandler.java:250) ~[ozone-manager-1.4.0-SNAPSHOT.jar:?]
	at org.apache.hadoop.ozone.protocolPB.OzoneManagerProtocolServerSideTranslatorPB.submitReadRequestToOM(OzoneManagerProtocolServerSideTranslatorPB.java:225) ~[ozone-manager-1.4.0-SNAPSHOT.jar:?]
	at org.apache.hadoop.ozone.protocolPB.OzoneManagerProtocolServerSideTranslatorPB.processRequest(OzoneManagerProtocolServerSideTranslatorPB.java:179) ~[ozone-manager-1.4.0-SNAPSHOT.jar:?]
	at org.apache.hadoop.hdds.server.OzoneProtocolMessageDispatcher.processRequest(OzoneProtocolMessageDispatcher.java:87) [hdds-server-framework-1.4.0-SNAPSHOT.jar:?]
	at org.apache.hadoop.ozone.protocolPB.OzoneManagerProtocolServerSideTranslatorPB.submitRequest(OzoneManagerProtocolServerSideTranslatorPB.java:148) [ozone-manager-1.4.0-SNAPSHOT.jar:?]
	at org.apache.hadoop.ozone.protocol.proto.OzoneManagerProtocolProtos$OzoneManagerService$2.callBlockingMethod(OzoneManagerProtocolProtos.java) [ozone-interface-client-1.4.0-SNAPSHOT.jar:?]
	at org.apache.hadoop.ipc.ProtobufRpcEngine$Server.processCall(ProtobufRpcEngine.java:484) [hadoop-common-3.3.6.jar:?]
	at org.apache.hadoop.ipc.ProtobufRpcEngine2$Server$ProtoBufRpcInvoker.call(ProtobufRpcEngine2.java:595) [hadoop-common-3.3.6.jar:?]
	at org.apache.hadoop.ipc.ProtobufRpcEngine2$Server$ProtoBufRpcInvoker.call(ProtobufRpcEngine2.java:573) [hadoop-common-3.3.6.jar:?]
	at org.apache.hadoop.ipc.RPC$Server.call(RPC.java:1227) [hadoop-common-3.3.6.jar:?]
	at org.apache.hadoop.ipc.Server$RpcCall.run(Server.java:1094) [hadoop-common-3.3.6.jar:?]
	at org.apache.hadoop.ipc.Server$RpcCall.run(Server.java:1017) [hadoop-common-3.3.6.jar:?]
	at java.security.AccessController.doPrivileged(Native Method) ~[?:1.8.0_382]
	at javax.security.auth.Subject.doAs(Subject.java:422) [?:1.8.0_382]
	at org.apache.hadoop.security.UserGroupInformation.doAs(UserGroupInformation.java:1899) [hadoop-common-3.3.6.jar:?]
	at org.apache.hadoop.ipc.Server$Handler.run(Server.java:3048) [hadoop-common-3.3.6.jar:?]
11:16:44.062 [IPC Server handler 0 on default port 15004] ERROR OMAudit - user=runner | ip=127.0.0.1 | op=GET_FILE_STATUS {volume=volume76163, bucket=bucket78113, key=testBatchDelete/parent/child2, dataSize=0, replicationConfig=null} | ret=FAILURE
org.apache.hadoop.ozone.om.exceptions.OMException: Unable to get file status: volume: volume76163 bucket: bucket78113 key: testBatchDelete/parent/child2
	at org.apache.hadoop.ozone.om.KeyManagerImpl.getOzoneFileStatus(KeyManagerImpl.java:1195) ~[ozone-manager-1.4.0-SNAPSHOT.jar:?]
	at org.apache.hadoop.ozone.om.KeyManagerImpl.getFileStatus(KeyManagerImpl.java:1113) ~[ozone-manager-1.4.0-SNAPSHOT.jar:?]
	at org.apache.hadoop.ozone.om.OmMetadataReader.getFileStatus(OmMetadataReader.java:262) ~[ozone-manager-1.4.0-SNAPSHOT.jar:?]
	at org.apache.hadoop.ozone.om.OzoneManager.getFileStatus(OzoneManager.java:3530) ~[ozone-manager-1.4.0-SNAPSHOT.jar:?]
	at org.apache.hadoop.ozone.protocolPB.OzoneManagerRequestHandler.getOzoneFileStatus(OzoneManagerRequestHandler.java:971) ~[ozone-manager-1.4.0-SNAPSHOT.jar:?]
	at org.apache.hadoop.ozone.protocolPB.OzoneManagerRequestHandler.handleReadRequest(OzoneManagerRequestHandler.java:250) ~[ozone-manager-1.4.0-SNAPSHOT.jar:?]
	at org.apache.hadoop.ozone.protocolPB.OzoneManagerProtocolServerSideTranslatorPB.submitReadRequestToOM(OzoneManagerProtocolServerSideTranslatorPB.java:225) ~[ozone-manager-1.4.0-SNAPSHOT.jar:?]
	at org.apache.hadoop.ozone.protocolPB.OzoneManagerProtocolServerSideTranslatorPB.processRequest(OzoneManagerProtocolServerSideTranslatorPB.java:179) ~[ozone-manager-1.4.0-SNAPSHOT.jar:?]
	at org.apache.hadoop.hdds.server.OzoneProtocolMessageDispatcher.processRequest(OzoneProtocolMessageDispatcher.java:87) [hdds-server-framework-1.4.0-SNAPSHOT.jar:?]
	at org.apache.hadoop.ozone.protocolPB.OzoneManagerProtocolServerSideTranslatorPB.submitRequest(OzoneManagerProtocolServerSideTranslatorPB.java:148) [ozone-manager-1.4.0-SNAPSHOT.jar:?]
	at org.apache.hadoop.ozone.protocol.proto.OzoneManagerProtocolProtos$OzoneManagerService$2.callBlockingMethod(OzoneManagerProtocolProtos.java) [ozone-interface-client-1.4.0-SNAPSHOT.jar:?]
	at org.apache.hadoop.ipc.ProtobufRpcEngine$Server.processCall(ProtobufRpcEngine.java:484) [hadoop-common-3.3.6.jar:?]
	at org.apache.hadoop.ipc.ProtobufRpcEngine2$Server$ProtoBufRpcInvoker.call(ProtobufRpcEngine2.java:595) [hadoop-common-3.3.6.jar:?]
	at org.apache.hadoop.ipc.ProtobufRpcEngine2$Server$ProtoBufRpcInvoker.call(ProtobufRpcEngine2.java:573) [hadoop-common-3.3.6.jar:?]
	at org.apache.hadoop.ipc.RPC$Server.call(RPC.java:1227) [hadoop-common-3.3.6.jar:?]
	at org.apache.hadoop.ipc.Server$RpcCall.run(Server.java:1094) [hadoop-common-3.3.6.jar:?]
	at org.apache.hadoop.ipc.Server$RpcCall.run(Server.java:1017) [hadoop-common-3.3.6.jar:?]
	at java.security.AccessController.doPrivileged(Native Method) ~[?:1.8.0_382]
	at javax.security.auth.Subject.doAs(Subject.java:422) [?:1.8.0_382]
	at org.apache.hadoop.security.UserGroupInformation.doAs(UserGroupInformation.java:1899) [hadoop-common-3.3.6.jar:?]
	at org.apache.hadoop.ipc.Server$Handler.run(Server.java:3048) [hadoop-common-3.3.6.jar:?]
11:16:44.064 [IPC Server handler 8 on default port 15004] ERROR OMAudit - user=runner | ip=127.0.0.1 | op=GET_FILE_STATUS {volume=volume76163, bucket=bucket78113, key=testBatchDelete/parent/childFolder/child2, dataSize=0, replicationConfig=null} | ret=FAILURE
org.apache.hadoop.ozone.om.exceptions.OMException: Unable to get file status: volume: volume76163 bucket: bucket78113 key: testBatchDelete/parent/childFolder/child2
	at org.apache.hadoop.ozone.om.KeyManagerImpl.getOzoneFileStatus(KeyManagerImpl.java:1195) ~[ozone-manager-1.4.0-SNAPSHOT.jar:?]
	at org.apache.hadoop.ozone.om.KeyManagerImpl.getFileStatus(KeyManagerImpl.java:1113) ~[ozone-manager-1.4.0-SNAPSHOT.jar:?]
	at org.apache.hadoop.ozone.om.OmMetadataReader.getFileStatus(OmMetadataReader.java:262) ~[ozone-manager-1.4.0-SNAPSHOT.jar:?]
	at org.apache.hadoop.ozone.om.OzoneManager.getFileStatus(OzoneManager.java:3530) ~[ozone-manager-1.4.0-SNAPSHOT.jar:?]
	at org.apache.hadoop.ozone.protocolPB.OzoneManagerRequestHandler.getOzoneFileStatus(OzoneManagerRequestHandler.java:971) ~[ozone-manager-1.4.0-SNAPSHOT.jar:?]
	at org.apache.hadoop.ozone.protocolPB.OzoneManagerRequestHandler.handleReadRequest(OzoneManagerRequestHandler.java:250) ~[ozone-manager-1.4.0-SNAPSHOT.jar:?]
	at org.apache.hadoop.ozone.protocolPB.OzoneManagerProtocolServerSideTranslatorPB.submitReadRequestToOM(OzoneManagerProtocolServerSideTranslatorPB.java:225) ~[ozone-manager-1.4.0-SNAPSHOT.jar:?]
	at org.apache.hadoop.ozone.protocolPB.OzoneManagerProtocolServerSideTranslatorPB.processRequest(OzoneManagerProtocolServerSideTranslatorPB.java:179) ~[ozone-manager-1.4.0-SNAPSHOT.jar:?]
	at org.apache.hadoop.hdds.server.OzoneProtocolMessageDispatcher.processRequest(OzoneProtocolMessageDispatcher.java:87) [hdds-server-framework-1.4.0-SNAPSHOT.jar:?]
	at org.apache.hadoop.ozone.protocolPB.OzoneManagerProtocolServerSideTranslatorPB.submitRequest(OzoneManagerProtocolServerSideTranslatorPB.java:148) [ozone-manager-1.4.0-SNAPSHOT.jar:?]
	at org.apache.hadoop.ozone.protocol.proto.OzoneManagerProtocolProtos$OzoneManagerService$2.callBlockingMethod(OzoneManagerProtocolProtos.java) [ozone-interface-client-1.4.0-SNAPSHOT.jar:?]
	at org.apache.hadoop.ipc.ProtobufRpcEngine$Server.processCall(ProtobufRpcEngine.java:484) [hadoop-common-3.3.6.jar:?]
	at org.apache.hadoop.ipc.ProtobufRpcEngine2$Server$ProtoBufRpcInvoker.call(ProtobufRpcEngine2.java:595) [hadoop-common-3.3.6.jar:?]
	at org.apache.hadoop.ipc.ProtobufRpcEngine2$Server$ProtoBufRpcInvoker.call(ProtobufRpcEngine2.java:573) [hadoop-common-3.3.6.jar:?]
	at org.apache.hadoop.ipc.RPC$Server.call(RPC.java:1227) [hadoop-common-3.3.6.jar:?]
	at org.apache.hadoop.ipc.Server$RpcCall.run(Server.java:1094) [hadoop-common-3.3.6.jar:?]
	at org.apache.hadoop.ipc.Server$RpcCall.run(Server.java:1017) [hadoop-common-3.3.6.jar:?]
	at java.security.AccessController.doPrivileged(Native Method) ~[?:1.8.0_382]
	at javax.security.auth.Subject.doAs(Subject.java:422) [?:1.8.0_382]
	at org.apache.hadoop.security.UserGroupInformation.doAs(UserGroupInformation.java:1899) [hadoop-common-3.3.6.jar:?]
	at org.apache.hadoop.ipc.Server$Handler.run(Server.java:3048) [hadoop-common-3.3.6.jar:?]
11:16:44.067 [IPC Server handler 10 on default port 15004] ERROR OMAudit - user=runner | ip=127.0.0.1 | op=GET_FILE_STATUS {volume=volume76163, bucket=bucket78113, key=testBatchDelete/parent/child3, dataSize=0, replicationConfig=null} | ret=FAILURE
org.apache.hadoop.ozone.om.exceptions.OMException: Unable to get file status: volume: volume76163 bucket: bucket78113 key: testBatchDelete/parent/child3
	at org.apache.hadoop.ozone.om.KeyManagerImpl.getOzoneFileStatus(KeyManagerImpl.java:1195) ~[ozone-manager-1.4.0-SNAPSHOT.jar:?]
	at org.apache.hadoop.ozone.om.KeyManagerImpl.getFileStatus(KeyManagerImpl.java:1113) ~[ozone-manager-1.4.0-SNAPSHOT.jar:?]
	at org.apache.hadoop.ozone.om.OmMetadataReader.getFileStatus(OmMetadataReader.java:262) ~[ozone-manager-1.4.0-SNAPSHOT.jar:?]
	at org.apache.hadoop.ozone.om.OzoneManager.getFileStatus(OzoneManager.java:3530) ~[ozone-manager-1.4.0-SNAPSHOT.jar:?]
	at org.apache.hadoop.ozone.protocolPB.OzoneManagerRequestHandler.getOzoneFileStatus(OzoneManagerRequestHandler.java:971) ~[ozone-manager-1.4.0-SNAPSHOT.jar:?]
	at org.apache.hadoop.ozone.protocolPB.OzoneManagerRequestHandler.handleReadRequest(OzoneManagerRequestHandler.java:250) ~[ozone-manager-1.4.0-SNAPSHOT.jar:?]
	at org.apache.hadoop.ozone.protocolPB.OzoneManagerProtocolServerSideTranslatorPB.submitReadRequestToOM(OzoneManagerProtocolServerSideTranslatorPB.java:225) ~[ozone-manager-1.4.0-SNAPSHOT.jar:?]
	at org.apache.hadoop.ozone.protocolPB.OzoneManagerProtocolServerSideTranslatorPB.processRequest(OzoneManagerProtocolServerSideTranslatorPB.java:179) ~[ozone-manager-1.4.0-SNAPSHOT.jar:?]
	at org.apache.hadoop.hdds.server.OzoneProtocolMessageDispatcher.processRequest(OzoneProtocolMessageDispatcher.java:87) [hdds-server-framework-1.4.0-SNAPSHOT.jar:?]
	at org.apache.hadoop.ozone.protocolPB.OzoneManagerProtocolServerSideTranslatorPB.submitRequest(OzoneManagerProtocolServerSideTranslatorPB.java:148) [ozone-manager-1.4.0-SNAPSHOT.jar:?]
	at org.apache.hadoop.ozone.protocol.proto.OzoneManagerProtocolProtos$OzoneManagerService$2.callBlockingMethod(OzoneManagerProtocolProtos.java) [ozone-interface-client-1.4.0-SNAPSHOT.jar:?]
	at org.apache.hadoop.ipc.ProtobufRpcEngine$Server.processCall(ProtobufRpcEngine.java:484) [hadoop-common-3.3.6.jar:?]
	at org.apache.hadoop.ipc.ProtobufRpcEngine2$Server$ProtoBufRpcInvoker.call(ProtobufRpcEngine2.java:595) [hadoop-common-3.3.6.jar:?]
	at org.apache.hadoop.ipc.ProtobufRpcEngine2$Server$ProtoBufRpcInvoker.call(ProtobufRpcEngine2.java:573) [hadoop-common-3.3.6.jar:?]
	at org.apache.hadoop.ipc.RPC$Server.call(RPC.java:1227) [hadoop-common-3.3.6.jar:?]
	at org.apache.hadoop.ipc.Server$RpcCall.run(Server.java:1094) [hadoop-common-3.3.6.jar:?]
	at org.apache.hadoop.ipc.Server$RpcCall.run(Server.java:1017) [hadoop-common-3.3.6.jar:?]
	at java.security.AccessController.doPrivileged(Native Method) ~[?:1.8.0_382]
	at javax.security.auth.Subject.doAs(Subject.java:422) [?:1.8.0_382]
	at org.apache.hadoop.security.UserGroupInformation.doAs(UserGroupInformation.java:1899) [hadoop-common-3.3.6.jar:?]
	at org.apache.hadoop.ipc.Server$Handler.run(Server.java:3048) [hadoop-common-3.3.6.jar:?]
11:16:44.069 [IPC Server handler 6 on default port 15004] ERROR OMAudit - user=runner | ip=127.0.0.1 | op=GET_FILE_STATUS {volume=volume76163, bucket=bucket78113, key=testBatchDelete/parent/childFolder/child3, dataSize=0, replicationConfig=null} | ret=FAILURE
org.apache.hadoop.ozone.om.exceptions.OMException: Unable to get file status: volume: volume76163 bucket: bucket78113 key: testBatchDelete/parent/childFolder/child3
	at org.apache.hadoop.ozone.om.KeyManagerImpl.getOzoneFileStatus(KeyManagerImpl.java:1195) ~[ozone-manager-1.4.0-SNAPSHOT.jar:?]
	at org.apache.hadoop.ozone.om.KeyManagerImpl.getFileStatus(KeyManagerImpl.java:1113) ~[ozone-manager-1.4.0-SNAPSHOT.jar:?]
	at org.apache.hadoop.ozone.om.OmMetadataReader.getFileStatus(OmMetadataReader.java:262) ~[ozone-manager-1.4.0-SNAPSHOT.jar:?]
	at org.apache.hadoop.ozone.om.OzoneManager.getFileStatus(OzoneManager.java:3530) ~[ozone-manager-1.4.0-SNAPSHOT.jar:?]
	at org.apache.hadoop.ozone.protocolPB.OzoneManagerRequestHandler.getOzoneFileStatus(OzoneManagerRequestHandler.java:971) ~[ozone-manager-1.4.0-SNAPSHOT.jar:?]
	at org.apache.hadoop.ozone.protocolPB.OzoneManagerRequestHandler.handleReadRequest(OzoneManagerRequestHandler.java:250) ~[ozone-manager-1.4.0-SNAPSHOT.jar:?]
	at org.apache.hadoop.ozone.protocolPB.OzoneManagerProtocolServerSideTranslatorPB.submitReadRequestToOM(OzoneManagerProtocolServerSideTranslatorPB.java:225) ~[ozone-manager-1.4.0-SNAPSHOT.jar:?]
	at org.apache.hadoop.ozone.protocolPB.OzoneManagerProtocolServerSideTranslatorPB.processRequest(OzoneManagerProtocolServerSideTranslatorPB.java:179) ~[ozone-manager-1.4.0-SNAPSHOT.jar:?]
	at org.apache.hadoop.hdds.server.OzoneProtocolMessageDispatcher.processRequest(OzoneProtocolMessageDispatcher.java:87) [hdds-server-framework-1.4.0-SNAPSHOT.jar:?]
	at org.apache.hadoop.ozone.protocolPB.OzoneManagerProtocolServerSideTranslatorPB.submitRequest(OzoneManagerProtocolServerSideTranslatorPB.java:148) [ozone-manager-1.4.0-SNAPSHOT.jar:?]
	at org.apache.hadoop.ozone.protocol.proto.OzoneManagerProtocolProtos$OzoneManagerService$2.callBlockingMethod(OzoneManagerProtocolProtos.java) [ozone-interface-client-1.4.0-SNAPSHOT.jar:?]
	at org.apache.hadoop.ipc.ProtobufRpcEngine$Server.processCall(ProtobufRpcEngine.java:484) [hadoop-common-3.3.6.jar:?]
	at org.apache.hadoop.ipc.ProtobufRpcEngine2$Server$ProtoBufRpcInvoker.call(ProtobufRpcEngine2.java:595) [hadoop-common-3.3.6.jar:?]
	at org.apache.hadoop.ipc.ProtobufRpcEngine2$Server$ProtoBufRpcInvoker.call(ProtobufRpcEngine2.java:573) [hadoop-common-3.3.6.jar:?]
	at org.apache.hadoop.ipc.RPC$Server.call(RPC.java:1227) [hadoop-common-3.3.6.jar:?]
	at org.apache.hadoop.ipc.Server$RpcCall.run(Server.java:1094) [hadoop-common-3.3.6.jar:?]
	at org.apache.hadoop.ipc.Server$RpcCall.run(Server.java:1017) [hadoop-common-3.3.6.jar:?]
	at java.security.AccessController.doPrivileged(Native Method) ~[?:1.8.0_382]
	at javax.security.auth.Subject.doAs(Subject.java:422) [?:1.8.0_382]
	at org.apache.hadoop.security.UserGroupInformation.doAs(UserGroupInformation.java:1899) [hadoop-common-3.3.6.jar:?]
	at org.apache.hadoop.ipc.Server$Handler.run(Server.java:3048) [hadoop-common-3.3.6.jar:?]
11:16:44.071 [IPC Server handler 18 on default port 15004] ERROR OMAudit - user=runner | ip=127.0.0.1 | op=GET_FILE_STATUS {volume=volume76163, bucket=bucket78113, key=testBatchDelete/parent/child4, dataSize=0, replicationConfig=null} | ret=FAILURE
org.apache.hadoop.ozone.om.exceptions.OMException: Unable to get file status: volume: volume76163 bucket: bucket78113 key: testBatchDelete/parent/child4
	at org.apache.hadoop.ozone.om.KeyManagerImpl.getOzoneFileStatus(KeyManagerImpl.java:1195) ~[ozone-manager-1.4.0-SNAPSHOT.jar:?]
	at org.apache.hadoop.ozone.om.KeyManagerImpl.getFileStatus(KeyManagerImpl.java:1113) ~[ozone-manager-1.4.0-SNAPSHOT.jar:?]
	at org.apache.hadoop.ozone.om.OmMetadataReader.getFileStatus(OmMetadataReader.java:262) ~[ozone-manager-1.4.0-SNAPSHOT.jar:?]
	at org.apache.hadoop.ozone.om.OzoneManager.getFileStatus(OzoneManager.java:3530) ~[ozone-manager-1.4.0-SNAPSHOT.jar:?]
	at org.apache.hadoop.ozone.protocolPB.OzoneManagerRequestHandler.getOzoneFileStatus(OzoneManagerRequestHandler.java:971) ~[ozone-manager-1.4.0-SNAPSHOT.jar:?]
	at org.apache.hadoop.ozone.protocolPB.OzoneManagerRequestHandler.handleReadRequest(OzoneManagerRequestHandler.java:250) ~[ozone-manager-1.4.0-SNAPSHOT.jar:?]
	at org.apache.hadoop.ozone.protocolPB.OzoneManagerProtocolServerSideTranslatorPB.submitReadRequestToOM(OzoneManagerProtocolServerSideTranslatorPB.java:225) ~[ozone-manager-1.4.0-SNAPSHOT.jar:?]
	at org.apache.hadoop.ozone.protocolPB.OzoneManagerProtocolServerSideTranslatorPB.processRequest(OzoneManagerProtocolServerSideTranslatorPB.java:179) ~[ozone-manager-1.4.0-SNAPSHOT.jar:?]
	at org.apache.hadoop.hdds.server.OzoneProtocolMessageDispatcher.processRequest(OzoneProtocolMessageDispatcher.java:87) [hdds-server-framework-1.4.0-SNAPSHOT.jar:?]
	at org.apache.hadoop.ozone.protocolPB.OzoneManagerProtocolServerSideTranslatorPB.submitRequest(OzoneManagerProtocolServerSideTranslatorPB.java:148) [ozone-manager-1.4.0-SNAPSHOT.jar:?]
	at org.apache.hadoop.ozone.protocol.proto.OzoneManagerProtocolProtos$OzoneManagerService$2.callBlockingMethod(OzoneManagerProtocolProtos.java) [ozone-interface-client-1.4.0-SNAPSHOT.jar:?]
	at org.apache.hadoop.ipc.ProtobufRpcEngine$Server.processCall(ProtobufRpcEngine.java:484) [hadoop-common-3.3.6.jar:?]
	at org.apache.hadoop.ipc.ProtobufRpcEngine2$Server$ProtoBufRpcInvoker.call(ProtobufRpcEngine2.java:595) [hadoop-common-3.3.6.jar:?]
	at org.apache.hadoop.ipc.ProtobufRpcEngine2$Server$ProtoBufRpcInvoker.call(ProtobufRpcEngine2.java:573) [hadoop-common-3.3.6.jar:?]
	at org.apache.hadoop.ipc.RPC$Server.call(RPC.java:1227) [hadoop-common-3.3.6.jar:?]
	at org.apache.hadoop.ipc.Server$RpcCall.run(Server.java:1094) [hadoop-common-3.3.6.jar:?]
	at org.apache.hadoop.ipc.Server$RpcCall.run(Server.java:1017) [hadoop-common-3.3.6.jar:?]
	at java.security.AccessController.doPrivileged(Native Method) ~[?:1.8.0_382]
	at javax.security.auth.Subject.doAs(Subject.java:422) [?:1.8.0_382]
	at org.apache.hadoop.security.UserGroupInformation.doAs(UserGroupInformation.java:1899) [hadoop-common-3.3.6.jar:?]
	at org.apache.hadoop.ipc.Server$Handler.run(Server.java:3048) [hadoop-common-3.3.6.jar:?]
11:16:44.073 [IPC Server handler 14 on default port 15004] ERROR OMAudit - user=runner | ip=127.0.0.1 | op=GET_FILE_STATUS {volume=volume76163, bucket=bucket78113, key=testBatchDelete/parent/childFolder/child4, dataSize=0, replicationConfig=null} | ret=FAILURE
org.apache.hadoop.ozone.om.exceptions.OMException: Unable to get file status: volume: volume76163 bucket: bucket78113 key: testBatchDelete/parent/childFolder/child4
	at org.apache.hadoop.ozone.om.KeyManagerImpl.getOzoneFileStatus(KeyManagerImpl.java:1195) ~[ozone-manager-1.4.0-SNAPSHOT.jar:?]
	at org.apache.hadoop.ozone.om.KeyManagerImpl.getFileStatus(KeyManagerImpl.java:1113) ~[ozone-manager-1.4.0-SNAPSHOT.jar:?]
	at org.apache.hadoop.ozone.om.OmMetadataReader.getFileStatus(OmMetadataReader.java:262) ~[ozone-manager-1.4.0-SNAPSHOT.jar:?]
	at org.apache.hadoop.ozone.om.OzoneManager.getFileStatus(OzoneManager.java:3530) ~[ozone-manager-1.4.0-SNAPSHOT.jar:?]
	at org.apache.hadoop.ozone.protocolPB.OzoneManagerRequestHandler.getOzoneFileStatus(OzoneManagerRequestHandler.java:971) ~[ozone-manager-1.4.0-SNAPSHOT.jar:?]
	at org.apache.hadoop.ozone.protocolPB.OzoneManagerRequestHandler.handleReadRequest(OzoneManagerRequestHandler.java:250) ~[ozone-manager-1.4.0-SNAPSHOT.jar:?]
	at org.apache.hadoop.ozone.protocolPB.OzoneManagerProtocolServerSideTranslatorPB.submitReadRequestToOM(OzoneManagerProtocolServerSideTranslatorPB.java:225) ~[ozone-manager-1.4.0-SNAPSHOT.jar:?]
	at org.apache.hadoop.ozone.protocolPB.OzoneManagerProtocolServerSideTranslatorPB.processRequest(OzoneManagerProtocolServerSideTranslatorPB.java:179) ~[ozone-manager-1.4.0-SNAPSHOT.jar:?]
	at org.apache.hadoop.hdds.server.OzoneProtocolMessageDispatcher.processRequest(OzoneProtocolMessageDispatcher.java:87) [hdds-server-framework-1.4.0-SNAPSHOT.jar:?]
	at org.apache.hadoop.ozone.protocolPB.OzoneManagerProtocolServerSideTranslatorPB.submitRequest(OzoneManagerProtocolServerSideTranslatorPB.java:148) [ozone-manager-1.4.0-SNAPSHOT.jar:?]
	at org.apache.hadoop.ozone.protocol.proto.OzoneManagerProtocolProtos$OzoneManagerService$2.callBlockingMethod(OzoneManagerProtocolProtos.java) [ozone-interface-client-1.4.0-SNAPSHOT.jar:?]
	at org.apache.hadoop.ipc.ProtobufRpcEngine$Server.processCall(ProtobufRpcEngine.java:484) [hadoop-common-3.3.6.jar:?]
	at org.apache.hadoop.ipc.ProtobufRpcEngine2$Server$ProtoBufRpcInvoker.call(ProtobufRpcEngine2.java:595) [hadoop-common-3.3.6.jar:?]
	at org.apache.hadoop.ipc.ProtobufRpcEngine2$Server$ProtoBufRpcInvoker.call(ProtobufRpcEngine2.java:573) [hadoop-common-3.3.6.jar:?]
	at org.apache.hadoop.ipc.RPC$Server.call(RPC.java:1227) [hadoop-common-3.3.6.jar:?]
	at org.apache.hadoop.ipc.Server$RpcCall.run(Server.java:1094) [hadoop-common-3.3.6.jar:?]
	at org.apache.hadoop.ipc.Server$RpcCall.run(Server.java:1017) [hadoop-common-3.3.6.jar:?]
	at java.security.AccessController.doPrivileged(Native Method) ~[?:1.8.0_382]
	at javax.security.auth.Subject.doAs(Subject.java:422) [?:1.8.0_382]
	at org.apache.hadoop.security.UserGroupInformation.doAs(UserGroupInformation.java:1899) [hadoop-common-3.3.6.jar:?]
	at org.apache.hadoop.ipc.Server$Handler.run(Server.java:3048) [hadoop-common-3.3.6.jar:?]
11:16:44.074 [IPC Server handler 13 on default port 15004] ERROR OMAudit - user=runner | ip=127.0.0.1 | op=GET_FILE_STATUS {volume=volume76163, bucket=bucket78113, key=testBatchDelete/parent/child5, dataSize=0, replicationConfig=null} | ret=FAILURE
org.apache.hadoop.ozone.om.exceptions.OMException: Unable to get file status: volume: volume76163 bucket: bucket78113 key: testBatchDelete/parent/child5
	at org.apache.hadoop.ozone.om.KeyManagerImpl.getOzoneFileStatus(KeyManagerImpl.java:1195) ~[ozone-manager-1.4.0-SNAPSHOT.jar:?]
	at org.apache.hadoop.ozone.om.KeyManagerImpl.getFileStatus(KeyManagerImpl.java:1113) ~[ozone-manager-1.4.0-SNAPSHOT.jar:?]
	at org.apache.hadoop.ozone.om.OmMetadataReader.getFileStatus(OmMetadataReader.java:262) ~[ozone-manager-1.4.0-SNAPSHOT.jar:?]
	at org.apache.hadoop.ozone.om.OzoneManager.getFileStatus(OzoneManager.java:3530) ~[ozone-manager-1.4.0-SNAPSHOT.jar:?]
	at org.apache.hadoop.ozone.protocolPB.OzoneManagerRequestHandler.getOzoneFileStatus(OzoneManagerRequestHandler.java:971) ~[ozone-manager-1.4.0-SNAPSHOT.jar:?]
	at org.apache.hadoop.ozone.protocolPB.OzoneManagerRequestHandler.handleReadRequest(OzoneManagerRequestHandler.java:250) ~[ozone-manager-1.4.0-SNAPSHOT.jar:?]
	at org.apache.hadoop.ozone.protocolPB.OzoneManagerProtocolServerSideTranslatorPB.submitReadRequestToOM(OzoneManagerProtocolServerSideTranslatorPB.java:225) ~[ozone-manager-1.4.0-SNAPSHOT.jar:?]
	at org.apache.hadoop.ozone.protocolPB.OzoneManagerProtocolServerSideTranslatorPB.processRequest(OzoneManagerProtocolServerSideTranslatorPB.java:179) ~[ozone-manager-1.4.0-SNAPSHOT.jar:?]
	at org.apache.hadoop.hdds.server.OzoneProtocolMessageDispatcher.processRequest(OzoneProtocolMessageDispatcher.java:87) [hdds-server-framework-1.4.0-SNAPSHOT.jar:?]
	at org.apache.hadoop.ozone.protocolPB.OzoneManagerProtocolServerSideTranslatorPB.submitRequest(OzoneManagerProtocolServerSideTranslatorPB.java:148) [ozone-manager-1.4.0-SNAPSHOT.jar:?]
	at org.apache.hadoop.ozone.protocol.proto.OzoneManagerProtocolProtos$OzoneManagerService$2.callBlockingMethod(OzoneManagerProtocolProtos.java) [ozone-interface-client-1.4.0-SNAPSHOT.jar:?]
	at org.apache.hadoop.ipc.ProtobufRpcEngine$Server.processCall(ProtobufRpcEngine.java:484) [hadoop-common-3.3.6.jar:?]
	at org.apache.hadoop.ipc.ProtobufRpcEngine2$Server$ProtoBufRpcInvoker.call(ProtobufRpcEngine2.java:595) [hadoop-common-3.3.6.jar:?]
	at org.apache.hadoop.ipc.ProtobufRpcEngine2$Server$ProtoBufRpcInvoker.call(ProtobufRpcEngine2.java:573) [hadoop-common-3.3.6.jar:?]
	at org.apache.hadoop.ipc.RPC$Server.call(RPC.java:1227) [hadoop-common-3.3.6.jar:?]
	at org.apache.hadoop.ipc.Server$RpcCall.run(Server.java:1094) [hadoop-common-3.3.6.jar:?]
	at org.apache.hadoop.ipc.Server$RpcCall.run(Server.java:1017) [hadoop-common-3.3.6.jar:?]
	at java.security.AccessController.doPrivileged(Native Method) ~[?:1.8.0_382]
	at javax.security.auth.Subject.doAs(Subject.java:422) [?:1.8.0_382]
	at org.apache.hadoop.security.UserGroupInformation.doAs(UserGroupInformation.java:1899) [hadoop-common-3.3.6.jar:?]
	at org.apache.hadoop.ipc.Server$Handler.run(Server.java:3048) [hadoop-common-3.3.6.jar:?]
11:16:44.076 [IPC Server handler 17 on default port 15004] ERROR OMAudit - user=runner | ip=127.0.0.1 | op=GET_FILE_STATUS {volume=volume76163, bucket=bucket78113, key=testBatchDelete/parent/childFolder/child5, dataSize=0, replicationConfig=null} | ret=FAILURE
org.apache.hadoop.ozone.om.exceptions.OMException: Unable to get file status: volume: volume76163 bucket: bucket78113 key: testBatchDelete/parent/childFolder/child5
	at org.apache.hadoop.ozone.om.KeyManagerImpl.getOzoneFileStatus(KeyManagerImpl.java:1195) ~[ozone-manager-1.4.0-SNAPSHOT.jar:?]
	at org.apache.hadoop.ozone.om.KeyManagerImpl.getFileStatus(KeyManagerImpl.java:1113) ~[ozone-manager-1.4.0-SNAPSHOT.jar:?]
	at org.apache.hadoop.ozone.om.OmMetadataReader.getFileStatus(OmMetadataReader.java:262) ~[ozone-manager-1.4.0-SNAPSHOT.jar:?]
	at org.apache.hadoop.ozone.om.OzoneManager.getFileStatus(OzoneManager.java:3530) ~[ozone-manager-1.4.0-SNAPSHOT.jar:?]
	at org.apache.hadoop.ozone.protocolPB.OzoneManagerRequestHandler.getOzoneFileStatus(OzoneManagerRequestHandler.java:971) ~[ozone-manager-1.4.0-SNAPSHOT.jar:?]
	at org.apache.hadoop.ozone.protocolPB.OzoneManagerRequestHandler.handleReadRequest(OzoneManagerRequestHandler.java:250) ~[ozone-manager-1.4.0-SNAPSHOT.jar:?]
	at org.apache.hadoop.ozone.protocolPB.OzoneManagerProtocolServerSideTranslatorPB.submitReadRequestToOM(OzoneManagerProtocolServerSideTranslatorPB.java:225) ~[ozone-manager-1.4.0-SNAPSHOT.jar:?]
	at org.apache.hadoop.ozone.protocolPB.OzoneManagerProtocolServerSideTranslatorPB.processRequest(OzoneManagerProtocolServerSideTranslatorPB.java:179) ~[ozone-manager-1.4.0-SNAPSHOT.jar:?]
	at org.apache.hadoop.hdds.server.OzoneProtocolMessageDispatcher.processRequest(OzoneProtocolMessageDispatcher.java:87) [hdds-server-framework-1.4.0-SNAPSHOT.jar:?]
	at org.apache.hadoop.ozone.protocolPB.OzoneManagerProtocolServerSideTranslatorPB.submitRequest(OzoneManagerProtocolServerSideTranslatorPB.java:148) [ozone-manager-1.4.0-SNAPSHOT.jar:?]
	at org.apache.hadoop.ozone.protocol.proto.OzoneManagerProtocolProtos$OzoneManagerService$2.callBlockingMethod(OzoneManagerProtocolProtos.java) [ozone-interface-client-1.4.0-SNAPSHOT.jar:?]
	at org.apache.hadoop.ipc.ProtobufRpcEngine$Server.processCall(ProtobufRpcEngine.java:484) [hadoop-common-3.3.6.jar:?]
	at org.apache.hadoop.ipc.ProtobufRpcEngine2$Server$ProtoBufRpcInvoker.call(ProtobufRpcEngine2.java:595) [hadoop-common-3.3.6.jar:?]
	at org.apache.hadoop.ipc.ProtobufRpcEngine2$Server$ProtoBufRpcInvoker.call(ProtobufRpcEngine2.java:573) [hadoop-common-3.3.6.jar:?]
	at org.apache.hadoop.ipc.RPC$Server.call(RPC.java:1227) [hadoop-common-3.3.6.jar:?]
	at org.apache.hadoop.ipc.Server$RpcCall.run(Server.java:1094) [hadoop-common-3.3.6.jar:?]
	at org.apache.hadoop.ipc.Server$RpcCall.run(Server.java:1017) [hadoop-common-3.3.6.jar:?]
	at java.security.AccessController.doPrivileged(Native Method) ~[?:1.8.0_382]
	at javax.security.auth.Subject.doAs(Subject.java:422) [?:1.8.0_382]
	at org.apache.hadoop.security.UserGroupInformation.doAs(UserGroupInformation.java:1899) [hadoop-common-3.3.6.jar:?]
	at org.apache.hadoop.ipc.Server$Handler.run(Server.java:3048) [hadoop-common-3.3.6.jar:?]
11:16:44.078 [IPC Server handler 19 on default port 15004] ERROR OMAudit - user=runner | ip=127.0.0.1 | op=GET_FILE_STATUS {volume=volume76163, bucket=bucket78113, key=testBatchDelete/parent/child6, dataSize=0, replicationConfig=null} | ret=FAILURE
org.apache.hadoop.ozone.om.exceptions.OMException: Unable to get file status: volume: volume76163 bucket: bucket78113 key: testBatchDelete/parent/child6
	at org.apache.hadoop.ozone.om.KeyManagerImpl.getOzoneFileStatus(KeyManagerImpl.java:1195) ~[ozone-manager-1.4.0-SNAPSHOT.jar:?]
	at org.apache.hadoop.ozone.om.KeyManagerImpl.getFileStatus(KeyManagerImpl.java:1113) ~[ozone-manager-1.4.0-SNAPSHOT.jar:?]
	at org.apache.hadoop.ozone.om.OmMetadataReader.getFileStatus(OmMetadataReader.java:262) ~[ozone-manager-1.4.0-SNAPSHOT.jar:?]
	at org.apache.hadoop.ozone.om.OzoneManager.getFileStatus(OzoneManager.java:3530) ~[ozone-manager-1.4.0-SNAPSHOT.jar:?]
	at org.apache.hadoop.ozone.protocolPB.OzoneManagerRequestHandler.getOzoneFileStatus(OzoneManagerRequestHandler.java:971) ~[ozone-manager-1.4.0-SNAPSHOT.jar:?]
	at org.apache.hadoop.ozone.protocolPB.OzoneManagerRequestHandler.handleReadRequest(OzoneManagerRequestHandler.java:250) ~[ozone-manager-1.4.0-SNAPSHOT.jar:?]
	at org.apache.hadoop.ozone.protocolPB.OzoneManagerProtocolServerSideTranslatorPB.submitReadRequestToOM(OzoneManagerProtocolServerSideTranslatorPB.java:225) ~[ozone-manager-1.4.0-SNAPSHOT.jar:?]
	at org.apache.hadoop.ozone.protocolPB.OzoneManagerProtocolServerSideTranslatorPB.processRequest(OzoneManagerProtocolServerSideTranslatorPB.java:179) ~[ozone-manager-1.4.0-SNAPSHOT.jar:?]
	at org.apache.hadoop.hdds.server.OzoneProtocolMessageDispatcher.processRequest(OzoneProtocolMessageDispatcher.java:87) [hdds-server-framework-1.4.0-SNAPSHOT.jar:?]
	at org.apache.hadoop.ozone.protocolPB.OzoneManagerProtocolServerSideTranslatorPB.submitRequest(OzoneManagerProtocolServerSideTranslatorPB.java:148) [ozone-manager-1.4.0-SNAPSHOT.jar:?]
	at org.apache.hadoop.ozone.protocol.proto.OzoneManagerProtocolProtos$OzoneManagerService$2.callBlockingMethod(OzoneManagerProtocolProtos.java) [ozone-interface-client-1.4.0-SNAPSHOT.jar:?]
	at org.apache.hadoop.ipc.ProtobufRpcEngine$Server.processCall(ProtobufRpcEngine.java:484) [hadoop-common-3.3.6.jar:?]
	at org.apache.hadoop.ipc.ProtobufRpcEngine2$Server$ProtoBufRpcInvoker.call(ProtobufRpcEngine2.java:595) [hadoop-common-3.3.6.jar:?]
	at org.apache.hadoop.ipc.ProtobufRpcEngine2$Server$ProtoBufRpcInvoker.call(ProtobufRpcEngine2.java:573) [hadoop-common-3.3.6.jar:?]
	at org.apache.hadoop.ipc.RPC$Server.call(RPC.java:1227) [hadoop-common-3.3.6.jar:?]
	at org.apache.hadoop.ipc.Server$RpcCall.run(Server.java:1094) [hadoop-common-3.3.6.jar:?]
	at org.apache.hadoop.ipc.Server$RpcCall.run(Server.java:1017) [hadoop-common-3.3.6.jar:?]
	at java.security.AccessController.doPrivileged(Native Method) ~[?:1.8.0_382]
	at javax.security.auth.Subject.doAs(Subject.java:422) [?:1.8.0_382]
	at org.apache.hadoop.security.UserGroupInformation.doAs(UserGroupInformation.java:1899) [hadoop-common-3.3.6.jar:?]
	at org.apache.hadoop.ipc.Server$Handler.run(Server.java:3048) [hadoop-common-3.3.6.jar:?]
11:16:44.079 [IPC Server handler 7 on default port 15004] ERROR OMAudit - user=runner | ip=127.0.0.1 | op=GET_FILE_STATUS {volume=volume76163, bucket=bucket78113, key=testBatchDelete/parent/childFolder/child6, dataSize=0, replicationConfig=null} | ret=FAILURE
org.apache.hadoop.ozone.om.exceptions.OMException: Unable to get file status: volume: volume76163 bucket: bucket78113 key: testBatchDelete/parent/childFolder/child6
	at org.apache.hadoop.ozone.om.KeyManagerImpl.getOzoneFileStatus(KeyManagerImpl.java:1195) ~[ozone-manager-1.4.0-SNAPSHOT.jar:?]
	at org.apache.hadoop.ozone.om.KeyManagerImpl.getFileStatus(KeyManagerImpl.java:1113) ~[ozone-manager-1.4.0-SNAPSHOT.jar:?]
	at org.apache.hadoop.ozone.om.OmMetadataReader.getFileStatus(OmMetadataReader.java:262) ~[ozone-manager-1.4.0-SNAPSHOT.jar:?]
	at org.apache.hadoop.ozone.om.OzoneManager.getFileStatus(OzoneManager.java:3530) ~[ozone-manager-1.4.0-SNAPSHOT.jar:?]
	at org.apache.hadoop.ozone.protocolPB.OzoneManagerRequestHandler.getOzoneFileStatus(OzoneManagerRequestHandler.java:971) ~[ozone-manager-1.4.0-SNAPSHOT.jar:?]
	at org.apache.hadoop.ozone.protocolPB.OzoneManagerRequestHandler.handleReadRequest(OzoneManagerRequestHandler.java:250) ~[ozone-manager-1.4.0-SNAPSHOT.jar:?]
	at org.apache.hadoop.ozone.protocolPB.OzoneManagerProtocolServerSideTranslatorPB.submitReadRequestToOM(OzoneManagerProtocolServerSideTranslatorPB.java:225) ~[ozone-manager-1.4.0-SNAPSHOT.jar:?]
	at org.apache.hadoop.ozone.protocolPB.OzoneManagerProtocolServerSideTranslatorPB.processRequest(OzoneManagerProtocolServerSideTranslatorPB.java:179) ~[ozone-manager-1.4.0-SNAPSHOT.jar:?]
	at org.apache.hadoop.hdds.server.OzoneProtocolMessageDispatcher.processRequest(OzoneProtocolMessageDispatcher.java:87) [hdds-server-framework-1.4.0-SNAPSHOT.jar:?]
	at org.apache.hadoop.ozone.protocolPB.OzoneManagerProtocolServerSideTranslatorPB.submitRequest(OzoneManagerProtocolServerSideTranslatorPB.java:148) [ozone-manager-1.4.0-SNAPSHOT.jar:?]
	at org.apache.hadoop.ozone.protocol.proto.OzoneManagerProtocolProtos$OzoneManagerService$2.callBlockingMethod(OzoneManagerProtocolProtos.java) [ozone-interface-client-1.4.0-SNAPSHOT.jar:?]
	at org.apache.hadoop.ipc.ProtobufRpcEngine$Server.processCall(ProtobufRpcEngine.java:484) [hadoop-common-3.3.6.jar:?]
	at org.apache.hadoop.ipc.ProtobufRpcEngine2$Server$ProtoBufRpcInvoker.call(ProtobufRpcEngine2.java:595) [hadoop-common-3.3.6.jar:?]
	at org.apache.hadoop.ipc.ProtobufRpcEngine2$Server$ProtoBufRpcInvoker.call(ProtobufRpcEngine2.java:573) [hadoop-common-3.3.6.jar:?]
	at org.apache.hadoop.ipc.RPC$Server.call(RPC.java:1227) [hadoop-common-3.3.6.jar:?]
	at org.apache.hadoop.ipc.Server$RpcCall.run(Server.java:1094) [hadoop-common-3.3.6.jar:?]
	at org.apache.hadoop.ipc.Server$RpcCall.run(Server.java:1017) [hadoop-common-3.3.6.jar:?]
	at java.security.AccessController.doPrivileged(Native Method) ~[?:1.8.0_382]
	at javax.security.auth.Subject.doAs(Subject.java:422) [?:1.8.0_382]
	at org.apache.hadoop.security.UserGroupInformation.doAs(UserGroupInformation.java:1899) [hadoop-common-3.3.6.jar:?]
	at org.apache.hadoop.ipc.Server$Handler.run(Server.java:3048) [hadoop-common-3.3.6.jar:?]
11:16:44.081 [IPC Server handler 16 on default port 15004] ERROR OMAudit - user=runner | ip=127.0.0.1 | op=GET_FILE_STATUS {volume=volume76163, bucket=bucket78113, key=testBatchDelete/parent/child7, dataSize=0, replicationConfig=null} | ret=FAILURE
org.apache.hadoop.ozone.om.exceptions.OMException: Unable to get file status: volume: volume76163 bucket: bucket78113 key: testBatchDelete/parent/child7
	at org.apache.hadoop.ozone.om.KeyManagerImpl.getOzoneFileStatus(KeyManagerImpl.java:1195) ~[ozone-manager-1.4.0-SNAPSHOT.jar:?]
	at org.apache.hadoop.ozone.om.KeyManagerImpl.getFileStatus(KeyManagerImpl.java:1113) ~[ozone-manager-1.4.0-SNAPSHOT.jar:?]
	at org.apache.hadoop.ozone.om.OmMetadataReader.getFileStatus(OmMetadataReader.java:262) ~[ozone-manager-1.4.0-SNAPSHOT.jar:?]
	at org.apache.hadoop.ozone.om.OzoneManager.getFileStatus(OzoneManager.java:3530) ~[ozone-manager-1.4.0-SNAPSHOT.jar:?]
	at org.apache.hadoop.ozone.protocolPB.OzoneManagerRequestHandler.getOzoneFileStatus(OzoneManagerRequestHandler.java:971) ~[ozone-manager-1.4.0-SNAPSHOT.jar:?]
	at org.apache.hadoop.ozone.protocolPB.OzoneManagerRequestHandler.handleReadRequest(OzoneManagerRequestHandler.java:250) ~[ozone-manager-1.4.0-SNAPSHOT.jar:?]
	at org.apache.hadoop.ozone.protocolPB.OzoneManagerProtocolServerSideTranslatorPB.submitReadRequestToOM(OzoneManagerProtocolServerSideTranslatorPB.java:225) ~[ozone-manager-1.4.0-SNAPSHOT.jar:?]
	at org.apache.hadoop.ozone.protocolPB.OzoneManagerProtocolServerSideTranslatorPB.processRequest(OzoneManagerProtocolServerSideTranslatorPB.java:179) ~[ozone-manager-1.4.0-SNAPSHOT.jar:?]
	at org.apache.hadoop.hdds.server.OzoneProtocolMessageDispatcher.processRequest(OzoneProtocolMessageDispatcher.java:87) [hdds-server-framework-1.4.0-SNAPSHOT.jar:?]
	at org.apache.hadoop.ozone.protocolPB.OzoneManagerProtocolServerSideTranslatorPB.submitRequest(OzoneManagerProtocolServerSideTranslatorPB.java:148) [ozone-manager-1.4.0-SNAPSHOT.jar:?]
	at org.apache.hadoop.ozone.protocol.proto.OzoneManagerProtocolProtos$OzoneManagerService$2.callBlockingMethod(OzoneManagerProtocolProtos.java) [ozone-interface-client-1.4.0-SNAPSHOT.jar:?]
	at org.apache.hadoop.ipc.ProtobufRpcEngine$Server.processCall(ProtobufRpcEngine.java:484) [hadoop-common-3.3.6.jar:?]
	at org.apache.hadoop.ipc.ProtobufRpcEngine2$Server$ProtoBufRpcInvoker.call(ProtobufRpcEngine2.java:595) [hadoop-common-3.3.6.jar:?]
	at org.apache.hadoop.ipc.ProtobufRpcEngine2$Server$ProtoBufRpcInvoker.call(ProtobufRpcEngine2.java:573) [hadoop-common-3.3.6.jar:?]
	at org.apache.hadoop.ipc.RPC$Server.call(RPC.java:1227) [hadoop-common-3.3.6.jar:?]
	at org.apache.hadoop.ipc.Server$RpcCall.run(Server.java:1094) [hadoop-common-3.3.6.jar:?]
	at org.apache.hadoop.ipc.Server$RpcCall.run(Server.java:1017) [hadoop-common-3.3.6.jar:?]
	at java.security.AccessController.doPrivileged(Native Method) ~[?:1.8.0_382]
	at javax.security.auth.Subject.doAs(Subject.java:422) [?:1.8.0_382]
	at org.apache.hadoop.security.UserGroupInformation.doAs(UserGroupInformation.java:1899) [hadoop-common-3.3.6.jar:?]
	at org.apache.hadoop.ipc.Server$Handler.run(Server.java:3048) [hadoop-common-3.3.6.jar:?]
11:16:44.086 [IPC Server handler 11 on default port 15004] ERROR OMAudit - user=runner | ip=127.0.0.1 | op=GET_FILE_STATUS {volume=volume76163, bucket=bucket78113, key=testBatchDelete/parent/childFolder/child7, dataSize=0, replicationConfig=null} | ret=FAILURE
org.apache.hadoop.ozone.om.exceptions.OMException: Unable to get file status: volume: volume76163 bucket: bucket78113 key: testBatchDelete/parent/childFolder/child7
	at org.apache.hadoop.ozone.om.KeyManagerImpl.getOzoneFileStatus(KeyManagerImpl.java:1195) ~[ozone-manager-1.4.0-SNAPSHOT.jar:?]
	at org.apache.hadoop.ozone.om.KeyManagerImpl.getFileStatus(KeyManagerImpl.java:1113) ~[ozone-manager-1.4.0-SNAPSHOT.jar:?]
	at org.apache.hadoop.ozone.om.OmMetadataReader.getFileStatus(OmMetadataReader.java:262) ~[ozone-manager-1.4.0-SNAPSHOT.jar:?]
	at org.apache.hadoop.ozone.om.OzoneManager.getFileStatus(OzoneManager.java:3530) ~[ozone-manager-1.4.0-SNAPSHOT.jar:?]
	at org.apache.hadoop.ozone.protocolPB.OzoneManagerRequestHandler.getOzoneFileStatus(OzoneManagerRequestHandler.java:971) ~[ozone-manager-1.4.0-SNAPSHOT.jar:?]
	at org.apache.hadoop.ozone.protocolPB.OzoneManagerRequestHandler.handleReadRequest(OzoneManagerRequestHandler.java:250) ~[ozone-manager-1.4.0-SNAPSHOT.jar:?]
	at org.apache.hadoop.ozone.protocolPB.OzoneManagerProtocolServerSideTranslatorPB.submitReadRequestToOM(OzoneManagerProtocolServerSideTranslatorPB.java:225) ~[ozone-manager-1.4.0-SNAPSHOT.jar:?]
	at org.apache.hadoop.ozone.protocolPB.OzoneManagerProtocolServerSideTranslatorPB.processRequest(OzoneManagerProtocolServerSideTranslatorPB.java:179) ~[ozone-manager-1.4.0-SNAPSHOT.jar:?]
	at org.apache.hadoop.hdds.server.OzoneProtocolMessageDispatcher.processRequest(OzoneProtocolMessageDispatcher.java:87) [hdds-server-framework-1.4.0-SNAPSHOT.jar:?]
	at org.apache.hadoop.ozone.protocolPB.OzoneManagerProtocolServerSideTranslatorPB.submitRequest(OzoneManagerProtocolServerSideTranslatorPB.java:148) [ozone-manager-1.4.0-SNAPSHOT.jar:?]
	at org.apache.hadoop.ozone.protocol.proto.OzoneManagerProtocolProtos$OzoneManagerService$2.callBlockingMethod(OzoneManagerProtocolProtos.java) [ozone-interface-client-1.4.0-SNAPSHOT.jar:?]
	at org.apache.hadoop.ipc.ProtobufRpcEngine$Server.processCall(ProtobufRpcEngine.java:484) [hadoop-common-3.3.6.jar:?]
	at org.apache.hadoop.ipc.ProtobufRpcEngine2$Server$ProtoBufRpcInvoker.call(ProtobufRpcEngine2.java:595) [hadoop-common-3.3.6.jar:?]
	at org.apache.hadoop.ipc.ProtobufRpcEngine2$Server$ProtoBufRpcInvoker.call(ProtobufRpcEngine2.java:573) [hadoop-common-3.3.6.jar:?]
	at org.apache.hadoop.ipc.RPC$Server.call(RPC.java:1227) [hadoop-common-3.3.6.jar:?]
	at org.apache.hadoop.ipc.Server$RpcCall.run(Server.java:1094) [hadoop-common-3.3.6.jar:?]
	at org.apache.hadoop.ipc.Server$RpcCall.run(Server.java:1017) [hadoop-common-3.3.6.jar:?]
	at java.security.AccessController.doPrivileged(Native Method) ~[?:1.8.0_382]
	at javax.security.auth.Subject.doAs(Subject.java:422) [?:1.8.0_382]
	at org.apache.hadoop.security.UserGroupInformation.doAs(UserGroupInformation.java:1899) [hadoop-common-3.3.6.jar:?]
	at org.apache.hadoop.ipc.Server$Handler.run(Server.java:3048) [hadoop-common-3.3.6.jar:?]
11:16:44.088 [IPC Server handler 5 on default port 15004] ERROR OMAudit - user=runner | ip=127.0.0.1 | op=GET_FILE_STATUS {volume=volume76163, bucket=bucket78113, key=testBatchDelete/parent, dataSize=0, replicationConfig=null} | ret=FAILURE
org.apache.hadoop.ozone.om.exceptions.OMException: Unable to get file status: volume: volume76163 bucket: bucket78113 key: testBatchDelete/parent
	at org.apache.hadoop.ozone.om.KeyManagerImpl.getOzoneFileStatus(KeyManagerImpl.java:1195) ~[ozone-manager-1.4.0-SNAPSHOT.jar:?]
	at org.apache.hadoop.ozone.om.KeyManagerImpl.getFileStatus(KeyManagerImpl.java:1113) ~[ozone-manager-1.4.0-SNAPSHOT.jar:?]
	at org.apache.hadoop.ozone.om.OmMetadataReader.getFileStatus(OmMetadataReader.java:262) ~[ozone-manager-1.4.0-SNAPSHOT.jar:?]
	at org.apache.hadoop.ozone.om.OzoneManager.getFileStatus(OzoneManager.java:3530) ~[ozone-manager-1.4.0-SNAPSHOT.jar:?]
	at org.apache.hadoop.ozone.protocolPB.OzoneManagerRequestHandler.getOzoneFileStatus(OzoneManagerRequestHandler.java:971) ~[ozone-manager-1.4.0-SNAPSHOT.jar:?]
	at org.apache.hadoop.ozone.protocolPB.OzoneManagerRequestHandler.handleReadRequest(OzoneManagerRequestHandler.java:250) ~[ozone-manager-1.4.0-SNAPSHOT.jar:?]
	at org.apache.hadoop.ozone.protocolPB.OzoneManagerProtocolServerSideTranslatorPB.submitReadRequestToOM(OzoneManagerProtocolServerSideTranslatorPB.java:225) ~[ozone-manager-1.4.0-SNAPSHOT.jar:?]
	at org.apache.hadoop.ozone.protocolPB.OzoneManagerProtocolServerSideTranslatorPB.processRequest(OzoneManagerProtocolServerSideTranslatorPB.java:179) ~[ozone-manager-1.4.0-SNAPSHOT.jar:?]
	at org.apache.hadoop.hdds.server.OzoneProtocolMessageDispatcher.processRequest(OzoneProtocolMessageDispatcher.java:87) [hdds-server-framework-1.4.0-SNAPSHOT.jar:?]
	at org.apache.hadoop.ozone.protocolPB.OzoneManagerProtocolServerSideTranslatorPB.submitRequest(OzoneManagerProtocolServerSideTranslatorPB.java:148) [ozone-manager-1.4.0-SNAPSHOT.jar:?]
	at org.apache.hadoop.ozone.protocol.proto.OzoneManagerProtocolProtos$OzoneManagerService$2.callBlockingMethod(OzoneManagerProtocolProtos.java) [ozone-interface-client-1.4.0-SNAPSHOT.jar:?]
	at org.apache.hadoop.ipc.ProtobufRpcEngine$Server.processCall(ProtobufRpcEngine.java:484) [hadoop-common-3.3.6.jar:?]
	at org.apache.hadoop.ipc.ProtobufRpcEngine2$Server$ProtoBufRpcInvoker.call(ProtobufRpcEngine2.java:595) [hadoop-common-3.3.6.jar:?]
	at org.apache.hadoop.ipc.ProtobufRpcEngine2$Server$ProtoBufRpcInvoker.call(ProtobufRpcEngine2.java:573) [hadoop-common-3.3.6.jar:?]
	at org.apache.hadoop.ipc.RPC$Server.call(RPC.java:1227) [hadoop-common-3.3.6.jar:?]
	at org.apache.hadoop.ipc.Server$RpcCall.run(Server.java:1094) [hadoop-common-3.3.6.jar:?]
	at org.apache.hadoop.ipc.Server$RpcCall.run(Server.java:1017) [hadoop-common-3.3.6.jar:?]
	at java.security.AccessController.doPrivileged(Native Method) ~[?:1.8.0_382]
	at javax.security.auth.Subject.doAs(Subject.java:422) [?:1.8.0_382]
	at org.apache.hadoop.security.UserGroupInformation.doAs(UserGroupInformation.java:1899) [hadoop-common-3.3.6.jar:?]
	at org.apache.hadoop.ipc.Server$Handler.run(Server.java:3048) [hadoop-common-3.3.6.jar:?]
2023-09-08 11:16:44,088 [Time-limited test] WARN  ozone.BasicOzoneFileSystem (BasicOzoneFileSystem.java:delete(595)) - delete: Path does not exist: /testBatchDelete/parent
]]></system-out>
  </testcase>
  <testcase name="testFileDelete" classname="TestOzoneFileSystem" time="0.921">
    <system-out><![CDATA[2023-09-08 11:18:21,124 [JvmPauseMonitor8] WARN  util.JvmPauseMonitor (JvmPauseMonitor.java:detectPause(124)) - JvmPauseMonitor-21b00820-aacc-4f21-bc29-897c751438ee: Detected pause in JVM or host machine approximately 0.451s with 0.722s GC time.
GC pool 'PS MarkSweep' had collection(s): count=1 time=474ms
GC pool 'PS Scavenge' had collection(s): count=1 time=248ms
2023-09-08 11:18:21,124 [JvmPauseMonitor12] WARN  util.JvmPauseMonitor (JvmPauseMonitor.java:detectPause(124)) - JvmPauseMonitor-17f9ea42-0da3-466f-953b-33021d7cf2c6: Detected pause in JVM or host machine approximately 0.369s with 0.722s GC time.
GC pool 'PS MarkSweep' had collection(s): count=1 time=474ms
GC pool 'PS Scavenge' had collection(s): count=1 time=248ms
2023-09-08 11:18:21,126 [JvmPauseMonitor9] WARN  util.JvmPauseMonitor (JvmPauseMonitor.java:detectPause(124)) - JvmPauseMonitor-250abfd1-bd23-40f0-a4b0-f7070b21e986: Detected pause in JVM or host machine approximately 0.484s with 0.722s GC time.
GC pool 'PS MarkSweep' had collection(s): count=1 time=474ms
GC pool 'PS Scavenge' had collection(s): count=1 time=248ms
2023-09-08 11:18:21,126 [JvmPauseMonitor13] WARN  util.JvmPauseMonitor (JvmPauseMonitor.java:detectPause(124)) - JvmPauseMonitor-cc8e8696-e38e-4ced-9d90-ae7c9c418c99: Detected pause in JVM or host machine approximately 0.502s with 0.722s GC time.
GC pool 'PS MarkSweep' had collection(s): count=1 time=474ms
GC pool 'PS Scavenge' had collection(s): count=1 time=248ms
2023-09-08 11:18:21,127 [JvmPauseMonitor10] WARN  util.JvmPauseMonitor (JvmPauseMonitor.java:detectPause(124)) - JvmPauseMonitor-31c5dcde-db57-40d7-a24d-ec5de7583a50: Detected pause in JVM or host machine approximately 0.621s with 0.722s GC time.
GC pool 'PS MarkSweep' had collection(s): count=1 time=474ms
GC pool 'PS Scavenge' had collection(s): count=1 time=248ms
2023-09-08 11:18:21,127 [JvmPauseMonitor7] WARN  util.JvmPauseMonitor (JvmPauseMonitor.java:detectPause(124)) - JvmPauseMonitor-620db5d8-8243-4086-8fee-01e118d61b2e: Detected pause in JVM or host machine approximately 0.657s with 0.722s GC time.
GC pool 'PS MarkSweep' had collection(s): count=1 time=474ms
GC pool 'PS Scavenge' had collection(s): count=1 time=248ms
2023-09-08 11:18:21,130 [JvmPauseMonitor11] WARN  util.JvmPauseMonitor (JvmPauseMonitor.java:detectPause(124)) - JvmPauseMonitor-e7773167-2049-479c-a584-e45e7fe0d5b5: Detected pause in JVM or host machine approximately 0.759s with 0.722s GC time.
GC pool 'PS MarkSweep' had collection(s): count=1 time=474ms
GC pool 'PS Scavenge' had collection(s): count=1 time=248ms
11:18:21.216 [IPC Server handler 2 on default port 15057] ERROR OMAudit - user=runner | ip=127.0.0.1 | op=GET_FILE_STATUS {volume=volume79664, bucket=bucket82507, key=testBatchDelete, dataSize=0, replicationConfig=null} | ret=FAILURE
org.apache.hadoop.ozone.om.exceptions.OMException: Unable to get file status: volume: volume79664 bucket: bucket82507 key: testBatchDelete
	at org.apache.hadoop.ozone.om.KeyManagerImpl.getOzoneFileStatus(KeyManagerImpl.java:1195) ~[ozone-manager-1.4.0-SNAPSHOT.jar:?]
	at org.apache.hadoop.ozone.om.KeyManagerImpl.getFileStatus(KeyManagerImpl.java:1113) ~[ozone-manager-1.4.0-SNAPSHOT.jar:?]
	at org.apache.hadoop.ozone.om.OmMetadataReader.getFileStatus(OmMetadataReader.java:262) ~[ozone-manager-1.4.0-SNAPSHOT.jar:?]
	at org.apache.hadoop.ozone.om.OzoneManager.getFileStatus(OzoneManager.java:3530) ~[ozone-manager-1.4.0-SNAPSHOT.jar:?]
	at org.apache.hadoop.ozone.protocolPB.OzoneManagerRequestHandler.getOzoneFileStatus(OzoneManagerRequestHandler.java:971) ~[ozone-manager-1.4.0-SNAPSHOT.jar:?]
	at org.apache.hadoop.ozone.protocolPB.OzoneManagerRequestHandler.handleReadRequest(OzoneManagerRequestHandler.java:250) ~[ozone-manager-1.4.0-SNAPSHOT.jar:?]
	at org.apache.hadoop.ozone.protocolPB.OzoneManagerProtocolServerSideTranslatorPB.submitRequestDirectlyToOM(OzoneManagerProtocolServerSideTranslatorPB.java:274) ~[ozone-manager-1.4.0-SNAPSHOT.jar:?]
	at org.apache.hadoop.ozone.protocolPB.OzoneManagerProtocolServerSideTranslatorPB.processRequest(OzoneManagerProtocolServerSideTranslatorPB.java:175) ~[ozone-manager-1.4.0-SNAPSHOT.jar:?]
	at org.apache.hadoop.hdds.server.OzoneProtocolMessageDispatcher.processRequest(OzoneProtocolMessageDispatcher.java:87) [hdds-server-framework-1.4.0-SNAPSHOT.jar:?]
	at org.apache.hadoop.ozone.protocolPB.OzoneManagerProtocolServerSideTranslatorPB.submitRequest(OzoneManagerProtocolServerSideTranslatorPB.java:148) [ozone-manager-1.4.0-SNAPSHOT.jar:?]
	at org.apache.hadoop.ozone.protocol.proto.OzoneManagerProtocolProtos$OzoneManagerService$2.callBlockingMethod(OzoneManagerProtocolProtos.java) [ozone-interface-client-1.4.0-SNAPSHOT.jar:?]
	at org.apache.hadoop.ipc.ProtobufRpcEngine$Server.processCall(ProtobufRpcEngine.java:484) [hadoop-common-3.3.6.jar:?]
	at org.apache.hadoop.ipc.ProtobufRpcEngine2$Server$ProtoBufRpcInvoker.call(ProtobufRpcEngine2.java:595) [hadoop-common-3.3.6.jar:?]
	at org.apache.hadoop.ipc.ProtobufRpcEngine2$Server$ProtoBufRpcInvoker.call(ProtobufRpcEngine2.java:573) [hadoop-common-3.3.6.jar:?]
	at org.apache.hadoop.ipc.RPC$Server.call(RPC.java:1227) [hadoop-common-3.3.6.jar:?]
	at org.apache.hadoop.ipc.Server$RpcCall.run(Server.java:1094) [hadoop-common-3.3.6.jar:?]
	at org.apache.hadoop.ipc.Server$RpcCall.run(Server.java:1017) [hadoop-common-3.3.6.jar:?]
	at java.security.AccessController.doPrivileged(Native Method) ~[?:1.8.0_382]
	at javax.security.auth.Subject.doAs(Subject.java:422) [?:1.8.0_382]
	at org.apache.hadoop.security.UserGroupInformation.doAs(UserGroupInformation.java:1899) [hadoop-common-3.3.6.jar:?]
	at org.apache.hadoop.ipc.Server$Handler.run(Server.java:3048) [hadoop-common-3.3.6.jar:?]
11:18:21.217 [IPC Server handler 3 on default port 15057] ERROR OMAudit - user=runner | ip=127.0.0.1 | op=GET_FILE_STATUS {volume=volume79664, bucket=bucket82507, key=testBatchDelete/parent/child0, dataSize=0, replicationConfig=null} | ret=FAILURE
org.apache.hadoop.ozone.om.exceptions.OMException: Unable to get file status: volume: volume79664 bucket: bucket82507 key: testBatchDelete/parent/child0
	at org.apache.hadoop.ozone.om.KeyManagerImpl.getOzoneFileStatus(KeyManagerImpl.java:1195) ~[ozone-manager-1.4.0-SNAPSHOT.jar:?]
	at org.apache.hadoop.ozone.om.KeyManagerImpl.getFileStatus(KeyManagerImpl.java:1113) ~[ozone-manager-1.4.0-SNAPSHOT.jar:?]
	at org.apache.hadoop.ozone.om.OmMetadataReader.getFileStatus(OmMetadataReader.java:262) ~[ozone-manager-1.4.0-SNAPSHOT.jar:?]
	at org.apache.hadoop.ozone.om.OzoneManager.getFileStatus(OzoneManager.java:3530) ~[ozone-manager-1.4.0-SNAPSHOT.jar:?]
	at org.apache.hadoop.ozone.protocolPB.OzoneManagerRequestHandler.getOzoneFileStatus(OzoneManagerRequestHandler.java:971) ~[ozone-manager-1.4.0-SNAPSHOT.jar:?]
	at org.apache.hadoop.ozone.protocolPB.OzoneManagerRequestHandler.handleReadRequest(OzoneManagerRequestHandler.java:250) ~[ozone-manager-1.4.0-SNAPSHOT.jar:?]
	at org.apache.hadoop.ozone.protocolPB.OzoneManagerProtocolServerSideTranslatorPB.submitRequestDirectlyToOM(OzoneManagerProtocolServerSideTranslatorPB.java:274) ~[ozone-manager-1.4.0-SNAPSHOT.jar:?]
	at org.apache.hadoop.ozone.protocolPB.OzoneManagerProtocolServerSideTranslatorPB.processRequest(OzoneManagerProtocolServerSideTranslatorPB.java:175) ~[ozone-manager-1.4.0-SNAPSHOT.jar:?]
	at org.apache.hadoop.hdds.server.OzoneProtocolMessageDispatcher.processRequest(OzoneProtocolMessageDispatcher.java:87) [hdds-server-framework-1.4.0-SNAPSHOT.jar:?]
	at org.apache.hadoop.ozone.protocolPB.OzoneManagerProtocolServerSideTranslatorPB.submitRequest(OzoneManagerProtocolServerSideTranslatorPB.java:148) [ozone-manager-1.4.0-SNAPSHOT.jar:?]
	at org.apache.hadoop.ozone.protocol.proto.OzoneManagerProtocolProtos$OzoneManagerService$2.callBlockingMethod(OzoneManagerProtocolProtos.java) [ozone-interface-client-1.4.0-SNAPSHOT.jar:?]
	at org.apache.hadoop.ipc.ProtobufRpcEngine$Server.processCall(ProtobufRpcEngine.java:484) [hadoop-common-3.3.6.jar:?]
	at org.apache.hadoop.ipc.ProtobufRpcEngine2$Server$ProtoBufRpcInvoker.call(ProtobufRpcEngine2.java:595) [hadoop-common-3.3.6.jar:?]
	at org.apache.hadoop.ipc.ProtobufRpcEngine2$Server$ProtoBufRpcInvoker.call(ProtobufRpcEngine2.java:573) [hadoop-common-3.3.6.jar:?]
	at org.apache.hadoop.ipc.RPC$Server.call(RPC.java:1227) [hadoop-common-3.3.6.jar:?]
	at org.apache.hadoop.ipc.Server$RpcCall.run(Server.java:1094) [hadoop-common-3.3.6.jar:?]
	at org.apache.hadoop.ipc.Server$RpcCall.run(Server.java:1017) [hadoop-common-3.3.6.jar:?]
	at java.security.AccessController.doPrivileged(Native Method) ~[?:1.8.0_382]
	at javax.security.auth.Subject.doAs(Subject.java:422) [?:1.8.0_382]
	at org.apache.hadoop.security.UserGroupInformation.doAs(UserGroupInformation.java:1899) [hadoop-common-3.3.6.jar:?]
	at org.apache.hadoop.ipc.Server$Handler.run(Server.java:3048) [hadoop-common-3.3.6.jar:?]
11:18:21.218 [IPC Server handler 4 on default port 15057] ERROR OMAudit - user=runner | ip=127.0.0.1 | op=GET_FILE_STATUS {volume=volume79664, bucket=bucket82507, key=testBatchDelete/parent/childFolder/child0, dataSize=0, replicationConfig=null} | ret=FAILURE
org.apache.hadoop.ozone.om.exceptions.OMException: Unable to get file status: volume: volume79664 bucket: bucket82507 key: testBatchDelete/parent/childFolder/child0
	at org.apache.hadoop.ozone.om.KeyManagerImpl.getOzoneFileStatus(KeyManagerImpl.java:1195) ~[ozone-manager-1.4.0-SNAPSHOT.jar:?]
	at org.apache.hadoop.ozone.om.KeyManagerImpl.getFileStatus(KeyManagerImpl.java:1113) ~[ozone-manager-1.4.0-SNAPSHOT.jar:?]
	at org.apache.hadoop.ozone.om.OmMetadataReader.getFileStatus(OmMetadataReader.java:262) ~[ozone-manager-1.4.0-SNAPSHOT.jar:?]
	at org.apache.hadoop.ozone.om.OzoneManager.getFileStatus(OzoneManager.java:3530) ~[ozone-manager-1.4.0-SNAPSHOT.jar:?]
	at org.apache.hadoop.ozone.protocolPB.OzoneManagerRequestHandler.getOzoneFileStatus(OzoneManagerRequestHandler.java:971) ~[ozone-manager-1.4.0-SNAPSHOT.jar:?]
	at org.apache.hadoop.ozone.protocolPB.OzoneManagerRequestHandler.handleReadRequest(OzoneManagerRequestHandler.java:250) ~[ozone-manager-1.4.0-SNAPSHOT.jar:?]
	at org.apache.hadoop.ozone.protocolPB.OzoneManagerProtocolServerSideTranslatorPB.submitRequestDirectlyToOM(OzoneManagerProtocolServerSideTranslatorPB.java:274) ~[ozone-manager-1.4.0-SNAPSHOT.jar:?]
	at org.apache.hadoop.ozone.protocolPB.OzoneManagerProtocolServerSideTranslatorPB.processRequest(OzoneManagerProtocolServerSideTranslatorPB.java:175) ~[ozone-manager-1.4.0-SNAPSHOT.jar:?]
	at org.apache.hadoop.hdds.server.OzoneProtocolMessageDispatcher.processRequest(OzoneProtocolMessageDispatcher.java:87) [hdds-server-framework-1.4.0-SNAPSHOT.jar:?]
	at org.apache.hadoop.ozone.protocolPB.OzoneManagerProtocolServerSideTranslatorPB.submitRequest(OzoneManagerProtocolServerSideTranslatorPB.java:148) [ozone-manager-1.4.0-SNAPSHOT.jar:?]
	at org.apache.hadoop.ozone.protocol.proto.OzoneManagerProtocolProtos$OzoneManagerService$2.callBlockingMethod(OzoneManagerProtocolProtos.java) [ozone-interface-client-1.4.0-SNAPSHOT.jar:?]
	at org.apache.hadoop.ipc.ProtobufRpcEngine$Server.processCall(ProtobufRpcEngine.java:484) [hadoop-common-3.3.6.jar:?]
	at org.apache.hadoop.ipc.ProtobufRpcEngine2$Server$ProtoBufRpcInvoker.call(ProtobufRpcEngine2.java:595) [hadoop-common-3.3.6.jar:?]
	at org.apache.hadoop.ipc.ProtobufRpcEngine2$Server$ProtoBufRpcInvoker.call(ProtobufRpcEngine2.java:573) [hadoop-common-3.3.6.jar:?]
	at org.apache.hadoop.ipc.RPC$Server.call(RPC.java:1227) [hadoop-common-3.3.6.jar:?]
	at org.apache.hadoop.ipc.Server$RpcCall.run(Server.java:1094) [hadoop-common-3.3.6.jar:?]
	at org.apache.hadoop.ipc.Server$RpcCall.run(Server.java:1017) [hadoop-common-3.3.6.jar:?]
	at java.security.AccessController.doPrivileged(Native Method) ~[?:1.8.0_382]
	at javax.security.auth.Subject.doAs(Subject.java:422) [?:1.8.0_382]
	at org.apache.hadoop.security.UserGroupInformation.doAs(UserGroupInformation.java:1899) [hadoop-common-3.3.6.jar:?]
	at org.apache.hadoop.ipc.Server$Handler.run(Server.java:3048) [hadoop-common-3.3.6.jar:?]
11:18:21.219 [IPC Server handler 7 on default port 15057] ERROR OMAudit - user=runner | ip=127.0.0.1 | op=GET_FILE_STATUS {volume=volume79664, bucket=bucket82507, key=testBatchDelete/parent/child1, dataSize=0, replicationConfig=null} | ret=FAILURE
org.apache.hadoop.ozone.om.exceptions.OMException: Unable to get file status: volume: volume79664 bucket: bucket82507 key: testBatchDelete/parent/child1
	at org.apache.hadoop.ozone.om.KeyManagerImpl.getOzoneFileStatus(KeyManagerImpl.java:1195) ~[ozone-manager-1.4.0-SNAPSHOT.jar:?]
	at org.apache.hadoop.ozone.om.KeyManagerImpl.getFileStatus(KeyManagerImpl.java:1113) ~[ozone-manager-1.4.0-SNAPSHOT.jar:?]
	at org.apache.hadoop.ozone.om.OmMetadataReader.getFileStatus(OmMetadataReader.java:262) ~[ozone-manager-1.4.0-SNAPSHOT.jar:?]
	at org.apache.hadoop.ozone.om.OzoneManager.getFileStatus(OzoneManager.java:3530) ~[ozone-manager-1.4.0-SNAPSHOT.jar:?]
	at org.apache.hadoop.ozone.protocolPB.OzoneManagerRequestHandler.getOzoneFileStatus(OzoneManagerRequestHandler.java:971) ~[ozone-manager-1.4.0-SNAPSHOT.jar:?]
	at org.apache.hadoop.ozone.protocolPB.OzoneManagerRequestHandler.handleReadRequest(OzoneManagerRequestHandler.java:250) ~[ozone-manager-1.4.0-SNAPSHOT.jar:?]
	at org.apache.hadoop.ozone.protocolPB.OzoneManagerProtocolServerSideTranslatorPB.submitRequestDirectlyToOM(OzoneManagerProtocolServerSideTranslatorPB.java:274) ~[ozone-manager-1.4.0-SNAPSHOT.jar:?]
	at org.apache.hadoop.ozone.protocolPB.OzoneManagerProtocolServerSideTranslatorPB.processRequest(OzoneManagerProtocolServerSideTranslatorPB.java:175) ~[ozone-manager-1.4.0-SNAPSHOT.jar:?]
	at org.apache.hadoop.hdds.server.OzoneProtocolMessageDispatcher.processRequest(OzoneProtocolMessageDispatcher.java:87) [hdds-server-framework-1.4.0-SNAPSHOT.jar:?]
	at org.apache.hadoop.ozone.protocolPB.OzoneManagerProtocolServerSideTranslatorPB.submitRequest(OzoneManagerProtocolServerSideTranslatorPB.java:148) [ozone-manager-1.4.0-SNAPSHOT.jar:?]
	at org.apache.hadoop.ozone.protocol.proto.OzoneManagerProtocolProtos$OzoneManagerService$2.callBlockingMethod(OzoneManagerProtocolProtos.java) [ozone-interface-client-1.4.0-SNAPSHOT.jar:?]
	at org.apache.hadoop.ipc.ProtobufRpcEngine$Server.processCall(ProtobufRpcEngine.java:484) [hadoop-common-3.3.6.jar:?]
	at org.apache.hadoop.ipc.ProtobufRpcEngine2$Server$ProtoBufRpcInvoker.call(ProtobufRpcEngine2.java:595) [hadoop-common-3.3.6.jar:?]
	at org.apache.hadoop.ipc.ProtobufRpcEngine2$Server$ProtoBufRpcInvoker.call(ProtobufRpcEngine2.java:573) [hadoop-common-3.3.6.jar:?]
	at org.apache.hadoop.ipc.RPC$Server.call(RPC.java:1227) [hadoop-common-3.3.6.jar:?]
	at org.apache.hadoop.ipc.Server$RpcCall.run(Server.java:1094) [hadoop-common-3.3.6.jar:?]
	at org.apache.hadoop.ipc.Server$RpcCall.run(Server.java:1017) [hadoop-common-3.3.6.jar:?]
	at java.security.AccessController.doPrivileged(Native Method) ~[?:1.8.0_382]
	at javax.security.auth.Subject.doAs(Subject.java:422) [?:1.8.0_382]
	at org.apache.hadoop.security.UserGroupInformation.doAs(UserGroupInformation.java:1899) [hadoop-common-3.3.6.jar:?]
	at org.apache.hadoop.ipc.Server$Handler.run(Server.java:3048) [hadoop-common-3.3.6.jar:?]
11:18:21.222 [IPC Server handler 5 on default port 15057] ERROR OMAudit - user=runner | ip=127.0.0.1 | op=GET_FILE_STATUS {volume=volume79664, bucket=bucket82507, key=testBatchDelete/parent/childFolder/child1, dataSize=0, replicationConfig=null} | ret=FAILURE
org.apache.hadoop.ozone.om.exceptions.OMException: Unable to get file status: volume: volume79664 bucket: bucket82507 key: testBatchDelete/parent/childFolder/child1
	at org.apache.hadoop.ozone.om.KeyManagerImpl.getOzoneFileStatus(KeyManagerImpl.java:1195) ~[ozone-manager-1.4.0-SNAPSHOT.jar:?]
	at org.apache.hadoop.ozone.om.KeyManagerImpl.getFileStatus(KeyManagerImpl.java:1113) ~[ozone-manager-1.4.0-SNAPSHOT.jar:?]
	at org.apache.hadoop.ozone.om.OmMetadataReader.getFileStatus(OmMetadataReader.java:262) ~[ozone-manager-1.4.0-SNAPSHOT.jar:?]
	at org.apache.hadoop.ozone.om.OzoneManager.getFileStatus(OzoneManager.java:3530) ~[ozone-manager-1.4.0-SNAPSHOT.jar:?]
	at org.apache.hadoop.ozone.protocolPB.OzoneManagerRequestHandler.getOzoneFileStatus(OzoneManagerRequestHandler.java:971) ~[ozone-manager-1.4.0-SNAPSHOT.jar:?]
	at org.apache.hadoop.ozone.protocolPB.OzoneManagerRequestHandler.handleReadRequest(OzoneManagerRequestHandler.java:250) ~[ozone-manager-1.4.0-SNAPSHOT.jar:?]
	at org.apache.hadoop.ozone.protocolPB.OzoneManagerProtocolServerSideTranslatorPB.submitRequestDirectlyToOM(OzoneManagerProtocolServerSideTranslatorPB.java:274) ~[ozone-manager-1.4.0-SNAPSHOT.jar:?]
	at org.apache.hadoop.ozone.protocolPB.OzoneManagerProtocolServerSideTranslatorPB.processRequest(OzoneManagerProtocolServerSideTranslatorPB.java:175) ~[ozone-manager-1.4.0-SNAPSHOT.jar:?]
	at org.apache.hadoop.hdds.server.OzoneProtocolMessageDispatcher.processRequest(OzoneProtocolMessageDispatcher.java:87) [hdds-server-framework-1.4.0-SNAPSHOT.jar:?]
	at org.apache.hadoop.ozone.protocolPB.OzoneManagerProtocolServerSideTranslatorPB.submitRequest(OzoneManagerProtocolServerSideTranslatorPB.java:148) [ozone-manager-1.4.0-SNAPSHOT.jar:?]
	at org.apache.hadoop.ozone.protocol.proto.OzoneManagerProtocolProtos$OzoneManagerService$2.callBlockingMethod(OzoneManagerProtocolProtos.java) [ozone-interface-client-1.4.0-SNAPSHOT.jar:?]
	at org.apache.hadoop.ipc.ProtobufRpcEngine$Server.processCall(ProtobufRpcEngine.java:484) [hadoop-common-3.3.6.jar:?]
	at org.apache.hadoop.ipc.ProtobufRpcEngine2$Server$ProtoBufRpcInvoker.call(ProtobufRpcEngine2.java:595) [hadoop-common-3.3.6.jar:?]
	at org.apache.hadoop.ipc.ProtobufRpcEngine2$Server$ProtoBufRpcInvoker.call(ProtobufRpcEngine2.java:573) [hadoop-common-3.3.6.jar:?]
	at org.apache.hadoop.ipc.RPC$Server.call(RPC.java:1227) [hadoop-common-3.3.6.jar:?]
	at org.apache.hadoop.ipc.Server$RpcCall.run(Server.java:1094) [hadoop-common-3.3.6.jar:?]
	at org.apache.hadoop.ipc.Server$RpcCall.run(Server.java:1017) [hadoop-common-3.3.6.jar:?]
	at java.security.AccessController.doPrivileged(Native Method) ~[?:1.8.0_382]
	at javax.security.auth.Subject.doAs(Subject.java:422) [?:1.8.0_382]
	at org.apache.hadoop.security.UserGroupInformation.doAs(UserGroupInformation.java:1899) [hadoop-common-3.3.6.jar:?]
	at org.apache.hadoop.ipc.Server$Handler.run(Server.java:3048) [hadoop-common-3.3.6.jar:?]
11:18:21.223 [IPC Server handler 6 on default port 15057] ERROR OMAudit - user=runner | ip=127.0.0.1 | op=GET_FILE_STATUS {volume=volume79664, bucket=bucket82507, key=testBatchDelete/parent/child2, dataSize=0, replicationConfig=null} | ret=FAILURE
org.apache.hadoop.ozone.om.exceptions.OMException: Unable to get file status: volume: volume79664 bucket: bucket82507 key: testBatchDelete/parent/child2
	at org.apache.hadoop.ozone.om.KeyManagerImpl.getOzoneFileStatus(KeyManagerImpl.java:1195) ~[ozone-manager-1.4.0-SNAPSHOT.jar:?]
	at org.apache.hadoop.ozone.om.KeyManagerImpl.getFileStatus(KeyManagerImpl.java:1113) ~[ozone-manager-1.4.0-SNAPSHOT.jar:?]
	at org.apache.hadoop.ozone.om.OmMetadataReader.getFileStatus(OmMetadataReader.java:262) ~[ozone-manager-1.4.0-SNAPSHOT.jar:?]
	at org.apache.hadoop.ozone.om.OzoneManager.getFileStatus(OzoneManager.java:3530) ~[ozone-manager-1.4.0-SNAPSHOT.jar:?]
	at org.apache.hadoop.ozone.protocolPB.OzoneManagerRequestHandler.getOzoneFileStatus(OzoneManagerRequestHandler.java:971) ~[ozone-manager-1.4.0-SNAPSHOT.jar:?]
	at org.apache.hadoop.ozone.protocolPB.OzoneManagerRequestHandler.handleReadRequest(OzoneManagerRequestHandler.java:250) ~[ozone-manager-1.4.0-SNAPSHOT.jar:?]
	at org.apache.hadoop.ozone.protocolPB.OzoneManagerProtocolServerSideTranslatorPB.submitRequestDirectlyToOM(OzoneManagerProtocolServerSideTranslatorPB.java:274) ~[ozone-manager-1.4.0-SNAPSHOT.jar:?]
	at org.apache.hadoop.ozone.protocolPB.OzoneManagerProtocolServerSideTranslatorPB.processRequest(OzoneManagerProtocolServerSideTranslatorPB.java:175) ~[ozone-manager-1.4.0-SNAPSHOT.jar:?]
	at org.apache.hadoop.hdds.server.OzoneProtocolMessageDispatcher.processRequest(OzoneProtocolMessageDispatcher.java:87) [hdds-server-framework-1.4.0-SNAPSHOT.jar:?]
	at org.apache.hadoop.ozone.protocolPB.OzoneManagerProtocolServerSideTranslatorPB.submitRequest(OzoneManagerProtocolServerSideTranslatorPB.java:148) [ozone-manager-1.4.0-SNAPSHOT.jar:?]
	at org.apache.hadoop.ozone.protocol.proto.OzoneManagerProtocolProtos$OzoneManagerService$2.callBlockingMethod(OzoneManagerProtocolProtos.java) [ozone-interface-client-1.4.0-SNAPSHOT.jar:?]
	at org.apache.hadoop.ipc.ProtobufRpcEngine$Server.processCall(ProtobufRpcEngine.java:484) [hadoop-common-3.3.6.jar:?]
	at org.apache.hadoop.ipc.ProtobufRpcEngine2$Server$ProtoBufRpcInvoker.call(ProtobufRpcEngine2.java:595) [hadoop-common-3.3.6.jar:?]
	at org.apache.hadoop.ipc.ProtobufRpcEngine2$Server$ProtoBufRpcInvoker.call(ProtobufRpcEngine2.java:573) [hadoop-common-3.3.6.jar:?]
	at org.apache.hadoop.ipc.RPC$Server.call(RPC.java:1227) [hadoop-common-3.3.6.jar:?]
	at org.apache.hadoop.ipc.Server$RpcCall.run(Server.java:1094) [hadoop-common-3.3.6.jar:?]
	at org.apache.hadoop.ipc.Server$RpcCall.run(Server.java:1017) [hadoop-common-3.3.6.jar:?]
	at java.security.AccessController.doPrivileged(Native Method) ~[?:1.8.0_382]
	at javax.security.auth.Subject.doAs(Subject.java:422) [?:1.8.0_382]
	at org.apache.hadoop.security.UserGroupInformation.doAs(UserGroupInformation.java:1899) [hadoop-common-3.3.6.jar:?]
	at org.apache.hadoop.ipc.Server$Handler.run(Server.java:3048) [hadoop-common-3.3.6.jar:?]
11:18:21.224 [IPC Server handler 10 on default port 15057] ERROR OMAudit - user=runner | ip=127.0.0.1 | op=GET_FILE_STATUS {volume=volume79664, bucket=bucket82507, key=testBatchDelete/parent/childFolder/child2, dataSize=0, replicationConfig=null} | ret=FAILURE
org.apache.hadoop.ozone.om.exceptions.OMException: Unable to get file status: volume: volume79664 bucket: bucket82507 key: testBatchDelete/parent/childFolder/child2
	at org.apache.hadoop.ozone.om.KeyManagerImpl.getOzoneFileStatus(KeyManagerImpl.java:1195) ~[ozone-manager-1.4.0-SNAPSHOT.jar:?]
	at org.apache.hadoop.ozone.om.KeyManagerImpl.getFileStatus(KeyManagerImpl.java:1113) ~[ozone-manager-1.4.0-SNAPSHOT.jar:?]
	at org.apache.hadoop.ozone.om.OmMetadataReader.getFileStatus(OmMetadataReader.java:262) ~[ozone-manager-1.4.0-SNAPSHOT.jar:?]
	at org.apache.hadoop.ozone.om.OzoneManager.getFileStatus(OzoneManager.java:3530) ~[ozone-manager-1.4.0-SNAPSHOT.jar:?]
	at org.apache.hadoop.ozone.protocolPB.OzoneManagerRequestHandler.getOzoneFileStatus(OzoneManagerRequestHandler.java:971) ~[ozone-manager-1.4.0-SNAPSHOT.jar:?]
	at org.apache.hadoop.ozone.protocolPB.OzoneManagerRequestHandler.handleReadRequest(OzoneManagerRequestHandler.java:250) ~[ozone-manager-1.4.0-SNAPSHOT.jar:?]
	at org.apache.hadoop.ozone.protocolPB.OzoneManagerProtocolServerSideTranslatorPB.submitRequestDirectlyToOM(OzoneManagerProtocolServerSideTranslatorPB.java:274) ~[ozone-manager-1.4.0-SNAPSHOT.jar:?]
	at org.apache.hadoop.ozone.protocolPB.OzoneManagerProtocolServerSideTranslatorPB.processRequest(OzoneManagerProtocolServerSideTranslatorPB.java:175) ~[ozone-manager-1.4.0-SNAPSHOT.jar:?]
	at org.apache.hadoop.hdds.server.OzoneProtocolMessageDispatcher.processRequest(OzoneProtocolMessageDispatcher.java:87) [hdds-server-framework-1.4.0-SNAPSHOT.jar:?]
	at org.apache.hadoop.ozone.protocolPB.OzoneManagerProtocolServerSideTranslatorPB.submitRequest(OzoneManagerProtocolServerSideTranslatorPB.java:148) [ozone-manager-1.4.0-SNAPSHOT.jar:?]
	at org.apache.hadoop.ozone.protocol.proto.OzoneManagerProtocolProtos$OzoneManagerService$2.callBlockingMethod(OzoneManagerProtocolProtos.java) [ozone-interface-client-1.4.0-SNAPSHOT.jar:?]
	at org.apache.hadoop.ipc.ProtobufRpcEngine$Server.processCall(ProtobufRpcEngine.java:484) [hadoop-common-3.3.6.jar:?]
	at org.apache.hadoop.ipc.ProtobufRpcEngine2$Server$ProtoBufRpcInvoker.call(ProtobufRpcEngine2.java:595) [hadoop-common-3.3.6.jar:?]
	at org.apache.hadoop.ipc.ProtobufRpcEngine2$Server$ProtoBufRpcInvoker.call(ProtobufRpcEngine2.java:573) [hadoop-common-3.3.6.jar:?]
	at org.apache.hadoop.ipc.RPC$Server.call(RPC.java:1227) [hadoop-common-3.3.6.jar:?]
	at org.apache.hadoop.ipc.Server$RpcCall.run(Server.java:1094) [hadoop-common-3.3.6.jar:?]
	at org.apache.hadoop.ipc.Server$RpcCall.run(Server.java:1017) [hadoop-common-3.3.6.jar:?]
	at java.security.AccessController.doPrivileged(Native Method) ~[?:1.8.0_382]
	at javax.security.auth.Subject.doAs(Subject.java:422) [?:1.8.0_382]
	at org.apache.hadoop.security.UserGroupInformation.doAs(UserGroupInformation.java:1899) [hadoop-common-3.3.6.jar:?]
	at org.apache.hadoop.ipc.Server$Handler.run(Server.java:3048) [hadoop-common-3.3.6.jar:?]
11:18:21.225 [IPC Server handler 9 on default port 15057] ERROR OMAudit - user=runner | ip=127.0.0.1 | op=GET_FILE_STATUS {volume=volume79664, bucket=bucket82507, key=testBatchDelete/parent/child3, dataSize=0, replicationConfig=null} | ret=FAILURE
org.apache.hadoop.ozone.om.exceptions.OMException: Unable to get file status: volume: volume79664 bucket: bucket82507 key: testBatchDelete/parent/child3
	at org.apache.hadoop.ozone.om.KeyManagerImpl.getOzoneFileStatus(KeyManagerImpl.java:1195) ~[ozone-manager-1.4.0-SNAPSHOT.jar:?]
	at org.apache.hadoop.ozone.om.KeyManagerImpl.getFileStatus(KeyManagerImpl.java:1113) ~[ozone-manager-1.4.0-SNAPSHOT.jar:?]
	at org.apache.hadoop.ozone.om.OmMetadataReader.getFileStatus(OmMetadataReader.java:262) ~[ozone-manager-1.4.0-SNAPSHOT.jar:?]
	at org.apache.hadoop.ozone.om.OzoneManager.getFileStatus(OzoneManager.java:3530) ~[ozone-manager-1.4.0-SNAPSHOT.jar:?]
	at org.apache.hadoop.ozone.protocolPB.OzoneManagerRequestHandler.getOzoneFileStatus(OzoneManagerRequestHandler.java:971) ~[ozone-manager-1.4.0-SNAPSHOT.jar:?]
	at org.apache.hadoop.ozone.protocolPB.OzoneManagerRequestHandler.handleReadRequest(OzoneManagerRequestHandler.java:250) ~[ozone-manager-1.4.0-SNAPSHOT.jar:?]
	at org.apache.hadoop.ozone.protocolPB.OzoneManagerProtocolServerSideTranslatorPB.submitRequestDirectlyToOM(OzoneManagerProtocolServerSideTranslatorPB.java:274) ~[ozone-manager-1.4.0-SNAPSHOT.jar:?]
	at org.apache.hadoop.ozone.protocolPB.OzoneManagerProtocolServerSideTranslatorPB.processRequest(OzoneManagerProtocolServerSideTranslatorPB.java:175) ~[ozone-manager-1.4.0-SNAPSHOT.jar:?]
	at org.apache.hadoop.hdds.server.OzoneProtocolMessageDispatcher.processRequest(OzoneProtocolMessageDispatcher.java:87) [hdds-server-framework-1.4.0-SNAPSHOT.jar:?]
	at org.apache.hadoop.ozone.protocolPB.OzoneManagerProtocolServerSideTranslatorPB.submitRequest(OzoneManagerProtocolServerSideTranslatorPB.java:148) [ozone-manager-1.4.0-SNAPSHOT.jar:?]
	at org.apache.hadoop.ozone.protocol.proto.OzoneManagerProtocolProtos$OzoneManagerService$2.callBlockingMethod(OzoneManagerProtocolProtos.java) [ozone-interface-client-1.4.0-SNAPSHOT.jar:?]
	at org.apache.hadoop.ipc.ProtobufRpcEngine$Server.processCall(ProtobufRpcEngine.java:484) [hadoop-common-3.3.6.jar:?]
	at org.apache.hadoop.ipc.ProtobufRpcEngine2$Server$ProtoBufRpcInvoker.call(ProtobufRpcEngine2.java:595) [hadoop-common-3.3.6.jar:?]
	at org.apache.hadoop.ipc.ProtobufRpcEngine2$Server$ProtoBufRpcInvoker.call(ProtobufRpcEngine2.java:573) [hadoop-common-3.3.6.jar:?]
	at org.apache.hadoop.ipc.RPC$Server.call(RPC.java:1227) [hadoop-common-3.3.6.jar:?]
	at org.apache.hadoop.ipc.Server$RpcCall.run(Server.java:1094) [hadoop-common-3.3.6.jar:?]
	at org.apache.hadoop.ipc.Server$RpcCall.run(Server.java:1017) [hadoop-common-3.3.6.jar:?]
	at java.security.AccessController.doPrivileged(Native Method) ~[?:1.8.0_382]
	at javax.security.auth.Subject.doAs(Subject.java:422) [?:1.8.0_382]
	at org.apache.hadoop.security.UserGroupInformation.doAs(UserGroupInformation.java:1899) [hadoop-common-3.3.6.jar:?]
	at org.apache.hadoop.ipc.Server$Handler.run(Server.java:3048) [hadoop-common-3.3.6.jar:?]
11:18:21.227 [IPC Server handler 8 on default port 15057] ERROR OMAudit - user=runner | ip=127.0.0.1 | op=GET_FILE_STATUS {volume=volume79664, bucket=bucket82507, key=testBatchDelete/parent/childFolder/child3, dataSize=0, replicationConfig=null} | ret=FAILURE
org.apache.hadoop.ozone.om.exceptions.OMException: Unable to get file status: volume: volume79664 bucket: bucket82507 key: testBatchDelete/parent/childFolder/child3
	at org.apache.hadoop.ozone.om.KeyManagerImpl.getOzoneFileStatus(KeyManagerImpl.java:1195) ~[ozone-manager-1.4.0-SNAPSHOT.jar:?]
	at org.apache.hadoop.ozone.om.KeyManagerImpl.getFileStatus(KeyManagerImpl.java:1113) ~[ozone-manager-1.4.0-SNAPSHOT.jar:?]
	at org.apache.hadoop.ozone.om.OmMetadataReader.getFileStatus(OmMetadataReader.java:262) ~[ozone-manager-1.4.0-SNAPSHOT.jar:?]
	at org.apache.hadoop.ozone.om.OzoneManager.getFileStatus(OzoneManager.java:3530) ~[ozone-manager-1.4.0-SNAPSHOT.jar:?]
	at org.apache.hadoop.ozone.protocolPB.OzoneManagerRequestHandler.getOzoneFileStatus(OzoneManagerRequestHandler.java:971) ~[ozone-manager-1.4.0-SNAPSHOT.jar:?]
	at org.apache.hadoop.ozone.protocolPB.OzoneManagerRequestHandler.handleReadRequest(OzoneManagerRequestHandler.java:250) ~[ozone-manager-1.4.0-SNAPSHOT.jar:?]
	at org.apache.hadoop.ozone.protocolPB.OzoneManagerProtocolServerSideTranslatorPB.submitRequestDirectlyToOM(OzoneManagerProtocolServerSideTranslatorPB.java:274) ~[ozone-manager-1.4.0-SNAPSHOT.jar:?]
	at org.apache.hadoop.ozone.protocolPB.OzoneManagerProtocolServerSideTranslatorPB.processRequest(OzoneManagerProtocolServerSideTranslatorPB.java:175) ~[ozone-manager-1.4.0-SNAPSHOT.jar:?]
	at org.apache.hadoop.hdds.server.OzoneProtocolMessageDispatcher.processRequest(OzoneProtocolMessageDispatcher.java:87) [hdds-server-framework-1.4.0-SNAPSHOT.jar:?]
	at org.apache.hadoop.ozone.protocolPB.OzoneManagerProtocolServerSideTranslatorPB.submitRequest(OzoneManagerProtocolServerSideTranslatorPB.java:148) [ozone-manager-1.4.0-SNAPSHOT.jar:?]
	at org.apache.hadoop.ozone.protocol.proto.OzoneManagerProtocolProtos$OzoneManagerService$2.callBlockingMethod(OzoneManagerProtocolProtos.java) [ozone-interface-client-1.4.0-SNAPSHOT.jar:?]
	at org.apache.hadoop.ipc.ProtobufRpcEngine$Server.processCall(ProtobufRpcEngine.java:484) [hadoop-common-3.3.6.jar:?]
	at org.apache.hadoop.ipc.ProtobufRpcEngine2$Server$ProtoBufRpcInvoker.call(ProtobufRpcEngine2.java:595) [hadoop-common-3.3.6.jar:?]
	at org.apache.hadoop.ipc.ProtobufRpcEngine2$Server$ProtoBufRpcInvoker.call(ProtobufRpcEngine2.java:573) [hadoop-common-3.3.6.jar:?]
	at org.apache.hadoop.ipc.RPC$Server.call(RPC.java:1227) [hadoop-common-3.3.6.jar:?]
	at org.apache.hadoop.ipc.Server$RpcCall.run(Server.java:1094) [hadoop-common-3.3.6.jar:?]
	at org.apache.hadoop.ipc.Server$RpcCall.run(Server.java:1017) [hadoop-common-3.3.6.jar:?]
	at java.security.AccessController.doPrivileged(Native Method) ~[?:1.8.0_382]
	at javax.security.auth.Subject.doAs(Subject.java:422) [?:1.8.0_382]
	at org.apache.hadoop.security.UserGroupInformation.doAs(UserGroupInformation.java:1899) [hadoop-common-3.3.6.jar:?]
	at org.apache.hadoop.ipc.Server$Handler.run(Server.java:3048) [hadoop-common-3.3.6.jar:?]
11:18:21.229 [IPC Server handler 16 on default port 15057] ERROR OMAudit - user=runner | ip=127.0.0.1 | op=GET_FILE_STATUS {volume=volume79664, bucket=bucket82507, key=testBatchDelete/parent/child4, dataSize=0, replicationConfig=null} | ret=FAILURE
org.apache.hadoop.ozone.om.exceptions.OMException: Unable to get file status: volume: volume79664 bucket: bucket82507 key: testBatchDelete/parent/child4
	at org.apache.hadoop.ozone.om.KeyManagerImpl.getOzoneFileStatus(KeyManagerImpl.java:1195) ~[ozone-manager-1.4.0-SNAPSHOT.jar:?]
	at org.apache.hadoop.ozone.om.KeyManagerImpl.getFileStatus(KeyManagerImpl.java:1113) ~[ozone-manager-1.4.0-SNAPSHOT.jar:?]
	at org.apache.hadoop.ozone.om.OmMetadataReader.getFileStatus(OmMetadataReader.java:262) ~[ozone-manager-1.4.0-SNAPSHOT.jar:?]
	at org.apache.hadoop.ozone.om.OzoneManager.getFileStatus(OzoneManager.java:3530) ~[ozone-manager-1.4.0-SNAPSHOT.jar:?]
	at org.apache.hadoop.ozone.protocolPB.OzoneManagerRequestHandler.getOzoneFileStatus(OzoneManagerRequestHandler.java:971) ~[ozone-manager-1.4.0-SNAPSHOT.jar:?]
	at org.apache.hadoop.ozone.protocolPB.OzoneManagerRequestHandler.handleReadRequest(OzoneManagerRequestHandler.java:250) ~[ozone-manager-1.4.0-SNAPSHOT.jar:?]
	at org.apache.hadoop.ozone.protocolPB.OzoneManagerProtocolServerSideTranslatorPB.submitRequestDirectlyToOM(OzoneManagerProtocolServerSideTranslatorPB.java:274) ~[ozone-manager-1.4.0-SNAPSHOT.jar:?]
	at org.apache.hadoop.ozone.protocolPB.OzoneManagerProtocolServerSideTranslatorPB.processRequest(OzoneManagerProtocolServerSideTranslatorPB.java:175) ~[ozone-manager-1.4.0-SNAPSHOT.jar:?]
	at org.apache.hadoop.hdds.server.OzoneProtocolMessageDispatcher.processRequest(OzoneProtocolMessageDispatcher.java:87) [hdds-server-framework-1.4.0-SNAPSHOT.jar:?]
	at org.apache.hadoop.ozone.protocolPB.OzoneManagerProtocolServerSideTranslatorPB.submitRequest(OzoneManagerProtocolServerSideTranslatorPB.java:148) [ozone-manager-1.4.0-SNAPSHOT.jar:?]
	at org.apache.hadoop.ozone.protocol.proto.OzoneManagerProtocolProtos$OzoneManagerService$2.callBlockingMethod(OzoneManagerProtocolProtos.java) [ozone-interface-client-1.4.0-SNAPSHOT.jar:?]
	at org.apache.hadoop.ipc.ProtobufRpcEngine$Server.processCall(ProtobufRpcEngine.java:484) [hadoop-common-3.3.6.jar:?]
	at org.apache.hadoop.ipc.ProtobufRpcEngine2$Server$ProtoBufRpcInvoker.call(ProtobufRpcEngine2.java:595) [hadoop-common-3.3.6.jar:?]
	at org.apache.hadoop.ipc.ProtobufRpcEngine2$Server$ProtoBufRpcInvoker.call(ProtobufRpcEngine2.java:573) [hadoop-common-3.3.6.jar:?]
	at org.apache.hadoop.ipc.RPC$Server.call(RPC.java:1227) [hadoop-common-3.3.6.jar:?]
	at org.apache.hadoop.ipc.Server$RpcCall.run(Server.java:1094) [hadoop-common-3.3.6.jar:?]
	at org.apache.hadoop.ipc.Server$RpcCall.run(Server.java:1017) [hadoop-common-3.3.6.jar:?]
	at java.security.AccessController.doPrivileged(Native Method) ~[?:1.8.0_382]
	at javax.security.auth.Subject.doAs(Subject.java:422) [?:1.8.0_382]
	at org.apache.hadoop.security.UserGroupInformation.doAs(UserGroupInformation.java:1899) [hadoop-common-3.3.6.jar:?]
	at org.apache.hadoop.ipc.Server$Handler.run(Server.java:3048) [hadoop-common-3.3.6.jar:?]
11:18:21.230 [IPC Server handler 17 on default port 15057] ERROR OMAudit - user=runner | ip=127.0.0.1 | op=GET_FILE_STATUS {volume=volume79664, bucket=bucket82507, key=testBatchDelete/parent/childFolder/child4, dataSize=0, replicationConfig=null} | ret=FAILURE
org.apache.hadoop.ozone.om.exceptions.OMException: Unable to get file status: volume: volume79664 bucket: bucket82507 key: testBatchDelete/parent/childFolder/child4
	at org.apache.hadoop.ozone.om.KeyManagerImpl.getOzoneFileStatus(KeyManagerImpl.java:1195) ~[ozone-manager-1.4.0-SNAPSHOT.jar:?]
	at org.apache.hadoop.ozone.om.KeyManagerImpl.getFileStatus(KeyManagerImpl.java:1113) ~[ozone-manager-1.4.0-SNAPSHOT.jar:?]
	at org.apache.hadoop.ozone.om.OmMetadataReader.getFileStatus(OmMetadataReader.java:262) ~[ozone-manager-1.4.0-SNAPSHOT.jar:?]
	at org.apache.hadoop.ozone.om.OzoneManager.getFileStatus(OzoneManager.java:3530) ~[ozone-manager-1.4.0-SNAPSHOT.jar:?]
	at org.apache.hadoop.ozone.protocolPB.OzoneManagerRequestHandler.getOzoneFileStatus(OzoneManagerRequestHandler.java:971) ~[ozone-manager-1.4.0-SNAPSHOT.jar:?]
	at org.apache.hadoop.ozone.protocolPB.OzoneManagerRequestHandler.handleReadRequest(OzoneManagerRequestHandler.java:250) ~[ozone-manager-1.4.0-SNAPSHOT.jar:?]
	at org.apache.hadoop.ozone.protocolPB.OzoneManagerProtocolServerSideTranslatorPB.submitRequestDirectlyToOM(OzoneManagerProtocolServerSideTranslatorPB.java:274) ~[ozone-manager-1.4.0-SNAPSHOT.jar:?]
	at org.apache.hadoop.ozone.protocolPB.OzoneManagerProtocolServerSideTranslatorPB.processRequest(OzoneManagerProtocolServerSideTranslatorPB.java:175) ~[ozone-manager-1.4.0-SNAPSHOT.jar:?]
	at org.apache.hadoop.hdds.server.OzoneProtocolMessageDispatcher.processRequest(OzoneProtocolMessageDispatcher.java:87) [hdds-server-framework-1.4.0-SNAPSHOT.jar:?]
	at org.apache.hadoop.ozone.protocolPB.OzoneManagerProtocolServerSideTranslatorPB.submitRequest(OzoneManagerProtocolServerSideTranslatorPB.java:148) [ozone-manager-1.4.0-SNAPSHOT.jar:?]
	at org.apache.hadoop.ozone.protocol.proto.OzoneManagerProtocolProtos$OzoneManagerService$2.callBlockingMethod(OzoneManagerProtocolProtos.java) [ozone-interface-client-1.4.0-SNAPSHOT.jar:?]
	at org.apache.hadoop.ipc.ProtobufRpcEngine$Server.processCall(ProtobufRpcEngine.java:484) [hadoop-common-3.3.6.jar:?]
	at org.apache.hadoop.ipc.ProtobufRpcEngine2$Server$ProtoBufRpcInvoker.call(ProtobufRpcEngine2.java:595) [hadoop-common-3.3.6.jar:?]
	at org.apache.hadoop.ipc.ProtobufRpcEngine2$Server$ProtoBufRpcInvoker.call(ProtobufRpcEngine2.java:573) [hadoop-common-3.3.6.jar:?]
	at org.apache.hadoop.ipc.RPC$Server.call(RPC.java:1227) [hadoop-common-3.3.6.jar:?]
	at org.apache.hadoop.ipc.Server$RpcCall.run(Server.java:1094) [hadoop-common-3.3.6.jar:?]
	at org.apache.hadoop.ipc.Server$RpcCall.run(Server.java:1017) [hadoop-common-3.3.6.jar:?]
	at java.security.AccessController.doPrivileged(Native Method) ~[?:1.8.0_382]
	at javax.security.auth.Subject.doAs(Subject.java:422) [?:1.8.0_382]
	at org.apache.hadoop.security.UserGroupInformation.doAs(UserGroupInformation.java:1899) [hadoop-common-3.3.6.jar:?]
	at org.apache.hadoop.ipc.Server$Handler.run(Server.java:3048) [hadoop-common-3.3.6.jar:?]
11:18:21.232 [IPC Server handler 18 on default port 15057] ERROR OMAudit - user=runner | ip=127.0.0.1 | op=GET_FILE_STATUS {volume=volume79664, bucket=bucket82507, key=testBatchDelete/parent/child5, dataSize=0, replicationConfig=null} | ret=FAILURE
org.apache.hadoop.ozone.om.exceptions.OMException: Unable to get file status: volume: volume79664 bucket: bucket82507 key: testBatchDelete/parent/child5
	at org.apache.hadoop.ozone.om.KeyManagerImpl.getOzoneFileStatus(KeyManagerImpl.java:1195) ~[ozone-manager-1.4.0-SNAPSHOT.jar:?]
	at org.apache.hadoop.ozone.om.KeyManagerImpl.getFileStatus(KeyManagerImpl.java:1113) ~[ozone-manager-1.4.0-SNAPSHOT.jar:?]
	at org.apache.hadoop.ozone.om.OmMetadataReader.getFileStatus(OmMetadataReader.java:262) ~[ozone-manager-1.4.0-SNAPSHOT.jar:?]
	at org.apache.hadoop.ozone.om.OzoneManager.getFileStatus(OzoneManager.java:3530) ~[ozone-manager-1.4.0-SNAPSHOT.jar:?]
	at org.apache.hadoop.ozone.protocolPB.OzoneManagerRequestHandler.getOzoneFileStatus(OzoneManagerRequestHandler.java:971) ~[ozone-manager-1.4.0-SNAPSHOT.jar:?]
	at org.apache.hadoop.ozone.protocolPB.OzoneManagerRequestHandler.handleReadRequest(OzoneManagerRequestHandler.java:250) ~[ozone-manager-1.4.0-SNAPSHOT.jar:?]
	at org.apache.hadoop.ozone.protocolPB.OzoneManagerProtocolServerSideTranslatorPB.submitRequestDirectlyToOM(OzoneManagerProtocolServerSideTranslatorPB.java:274) ~[ozone-manager-1.4.0-SNAPSHOT.jar:?]
	at org.apache.hadoop.ozone.protocolPB.OzoneManagerProtocolServerSideTranslatorPB.processRequest(OzoneManagerProtocolServerSideTranslatorPB.java:175) ~[ozone-manager-1.4.0-SNAPSHOT.jar:?]
	at org.apache.hadoop.hdds.server.OzoneProtocolMessageDispatcher.processRequest(OzoneProtocolMessageDispatcher.java:87) [hdds-server-framework-1.4.0-SNAPSHOT.jar:?]
	at org.apache.hadoop.ozone.protocolPB.OzoneManagerProtocolServerSideTranslatorPB.submitRequest(OzoneManagerProtocolServerSideTranslatorPB.java:148) [ozone-manager-1.4.0-SNAPSHOT.jar:?]
	at org.apache.hadoop.ozone.protocol.proto.OzoneManagerProtocolProtos$OzoneManagerService$2.callBlockingMethod(OzoneManagerProtocolProtos.java) [ozone-interface-client-1.4.0-SNAPSHOT.jar:?]
	at org.apache.hadoop.ipc.ProtobufRpcEngine$Server.processCall(ProtobufRpcEngine.java:484) [hadoop-common-3.3.6.jar:?]
	at org.apache.hadoop.ipc.ProtobufRpcEngine2$Server$ProtoBufRpcInvoker.call(ProtobufRpcEngine2.java:595) [hadoop-common-3.3.6.jar:?]
	at org.apache.hadoop.ipc.ProtobufRpcEngine2$Server$ProtoBufRpcInvoker.call(ProtobufRpcEngine2.java:573) [hadoop-common-3.3.6.jar:?]
	at org.apache.hadoop.ipc.RPC$Server.call(RPC.java:1227) [hadoop-common-3.3.6.jar:?]
	at org.apache.hadoop.ipc.Server$RpcCall.run(Server.java:1094) [hadoop-common-3.3.6.jar:?]
	at org.apache.hadoop.ipc.Server$RpcCall.run(Server.java:1017) [hadoop-common-3.3.6.jar:?]
	at java.security.AccessController.doPrivileged(Native Method) ~[?:1.8.0_382]
	at javax.security.auth.Subject.doAs(Subject.java:422) [?:1.8.0_382]
	at org.apache.hadoop.security.UserGroupInformation.doAs(UserGroupInformation.java:1899) [hadoop-common-3.3.6.jar:?]
	at org.apache.hadoop.ipc.Server$Handler.run(Server.java:3048) [hadoop-common-3.3.6.jar:?]
11:18:21.233 [IPC Server handler 14 on default port 15057] ERROR OMAudit - user=runner | ip=127.0.0.1 | op=GET_FILE_STATUS {volume=volume79664, bucket=bucket82507, key=testBatchDelete/parent/childFolder/child5, dataSize=0, replicationConfig=null} | ret=FAILURE
org.apache.hadoop.ozone.om.exceptions.OMException: Unable to get file status: volume: volume79664 bucket: bucket82507 key: testBatchDelete/parent/childFolder/child5
	at org.apache.hadoop.ozone.om.KeyManagerImpl.getOzoneFileStatus(KeyManagerImpl.java:1195) ~[ozone-manager-1.4.0-SNAPSHOT.jar:?]
	at org.apache.hadoop.ozone.om.KeyManagerImpl.getFileStatus(KeyManagerImpl.java:1113) ~[ozone-manager-1.4.0-SNAPSHOT.jar:?]
	at org.apache.hadoop.ozone.om.OmMetadataReader.getFileStatus(OmMetadataReader.java:262) ~[ozone-manager-1.4.0-SNAPSHOT.jar:?]
	at org.apache.hadoop.ozone.om.OzoneManager.getFileStatus(OzoneManager.java:3530) ~[ozone-manager-1.4.0-SNAPSHOT.jar:?]
	at org.apache.hadoop.ozone.protocolPB.OzoneManagerRequestHandler.getOzoneFileStatus(OzoneManagerRequestHandler.java:971) ~[ozone-manager-1.4.0-SNAPSHOT.jar:?]
	at org.apache.hadoop.ozone.protocolPB.OzoneManagerRequestHandler.handleReadRequest(OzoneManagerRequestHandler.java:250) ~[ozone-manager-1.4.0-SNAPSHOT.jar:?]
	at org.apache.hadoop.ozone.protocolPB.OzoneManagerProtocolServerSideTranslatorPB.submitRequestDirectlyToOM(OzoneManagerProtocolServerSideTranslatorPB.java:274) ~[ozone-manager-1.4.0-SNAPSHOT.jar:?]
	at org.apache.hadoop.ozone.protocolPB.OzoneManagerProtocolServerSideTranslatorPB.processRequest(OzoneManagerProtocolServerSideTranslatorPB.java:175) ~[ozone-manager-1.4.0-SNAPSHOT.jar:?]
	at org.apache.hadoop.hdds.server.OzoneProtocolMessageDispatcher.processRequest(OzoneProtocolMessageDispatcher.java:87) [hdds-server-framework-1.4.0-SNAPSHOT.jar:?]
	at org.apache.hadoop.ozone.protocolPB.OzoneManagerProtocolServerSideTranslatorPB.submitRequest(OzoneManagerProtocolServerSideTranslatorPB.java:148) [ozone-manager-1.4.0-SNAPSHOT.jar:?]
	at org.apache.hadoop.ozone.protocol.proto.OzoneManagerProtocolProtos$OzoneManagerService$2.callBlockingMethod(OzoneManagerProtocolProtos.java) [ozone-interface-client-1.4.0-SNAPSHOT.jar:?]
	at org.apache.hadoop.ipc.ProtobufRpcEngine$Server.processCall(ProtobufRpcEngine.java:484) [hadoop-common-3.3.6.jar:?]
	at org.apache.hadoop.ipc.ProtobufRpcEngine2$Server$ProtoBufRpcInvoker.call(ProtobufRpcEngine2.java:595) [hadoop-common-3.3.6.jar:?]
	at org.apache.hadoop.ipc.ProtobufRpcEngine2$Server$ProtoBufRpcInvoker.call(ProtobufRpcEngine2.java:573) [hadoop-common-3.3.6.jar:?]
	at org.apache.hadoop.ipc.RPC$Server.call(RPC.java:1227) [hadoop-common-3.3.6.jar:?]
	at org.apache.hadoop.ipc.Server$RpcCall.run(Server.java:1094) [hadoop-common-3.3.6.jar:?]
	at org.apache.hadoop.ipc.Server$RpcCall.run(Server.java:1017) [hadoop-common-3.3.6.jar:?]
	at java.security.AccessController.doPrivileged(Native Method) ~[?:1.8.0_382]
	at javax.security.auth.Subject.doAs(Subject.java:422) [?:1.8.0_382]
	at org.apache.hadoop.security.UserGroupInformation.doAs(UserGroupInformation.java:1899) [hadoop-common-3.3.6.jar:?]
	at org.apache.hadoop.ipc.Server$Handler.run(Server.java:3048) [hadoop-common-3.3.6.jar:?]
11:18:21.234 [IPC Server handler 13 on default port 15057] ERROR OMAudit - user=runner | ip=127.0.0.1 | op=GET_FILE_STATUS {volume=volume79664, bucket=bucket82507, key=testBatchDelete/parent/child6, dataSize=0, replicationConfig=null} | ret=FAILURE
org.apache.hadoop.ozone.om.exceptions.OMException: Unable to get file status: volume: volume79664 bucket: bucket82507 key: testBatchDelete/parent/child6
	at org.apache.hadoop.ozone.om.KeyManagerImpl.getOzoneFileStatus(KeyManagerImpl.java:1195) ~[ozone-manager-1.4.0-SNAPSHOT.jar:?]
	at org.apache.hadoop.ozone.om.KeyManagerImpl.getFileStatus(KeyManagerImpl.java:1113) ~[ozone-manager-1.4.0-SNAPSHOT.jar:?]
	at org.apache.hadoop.ozone.om.OmMetadataReader.getFileStatus(OmMetadataReader.java:262) ~[ozone-manager-1.4.0-SNAPSHOT.jar:?]
	at org.apache.hadoop.ozone.om.OzoneManager.getFileStatus(OzoneManager.java:3530) ~[ozone-manager-1.4.0-SNAPSHOT.jar:?]
	at org.apache.hadoop.ozone.protocolPB.OzoneManagerRequestHandler.getOzoneFileStatus(OzoneManagerRequestHandler.java:971) ~[ozone-manager-1.4.0-SNAPSHOT.jar:?]
	at org.apache.hadoop.ozone.protocolPB.OzoneManagerRequestHandler.handleReadRequest(OzoneManagerRequestHandler.java:250) ~[ozone-manager-1.4.0-SNAPSHOT.jar:?]
	at org.apache.hadoop.ozone.protocolPB.OzoneManagerProtocolServerSideTranslatorPB.submitRequestDirectlyToOM(OzoneManagerProtocolServerSideTranslatorPB.java:274) ~[ozone-manager-1.4.0-SNAPSHOT.jar:?]
	at org.apache.hadoop.ozone.protocolPB.OzoneManagerProtocolServerSideTranslatorPB.processRequest(OzoneManagerProtocolServerSideTranslatorPB.java:175) ~[ozone-manager-1.4.0-SNAPSHOT.jar:?]
	at org.apache.hadoop.hdds.server.OzoneProtocolMessageDispatcher.processRequest(OzoneProtocolMessageDispatcher.java:87) [hdds-server-framework-1.4.0-SNAPSHOT.jar:?]
	at org.apache.hadoop.ozone.protocolPB.OzoneManagerProtocolServerSideTranslatorPB.submitRequest(OzoneManagerProtocolServerSideTranslatorPB.java:148) [ozone-manager-1.4.0-SNAPSHOT.jar:?]
	at org.apache.hadoop.ozone.protocol.proto.OzoneManagerProtocolProtos$OzoneManagerService$2.callBlockingMethod(OzoneManagerProtocolProtos.java) [ozone-interface-client-1.4.0-SNAPSHOT.jar:?]
	at org.apache.hadoop.ipc.ProtobufRpcEngine$Server.processCall(ProtobufRpcEngine.java:484) [hadoop-common-3.3.6.jar:?]
	at org.apache.hadoop.ipc.ProtobufRpcEngine2$Server$ProtoBufRpcInvoker.call(ProtobufRpcEngine2.java:595) [hadoop-common-3.3.6.jar:?]
	at org.apache.hadoop.ipc.ProtobufRpcEngine2$Server$ProtoBufRpcInvoker.call(ProtobufRpcEngine2.java:573) [hadoop-common-3.3.6.jar:?]
	at org.apache.hadoop.ipc.RPC$Server.call(RPC.java:1227) [hadoop-common-3.3.6.jar:?]
	at org.apache.hadoop.ipc.Server$RpcCall.run(Server.java:1094) [hadoop-common-3.3.6.jar:?]
	at org.apache.hadoop.ipc.Server$RpcCall.run(Server.java:1017) [hadoop-common-3.3.6.jar:?]
	at java.security.AccessController.doPrivileged(Native Method) ~[?:1.8.0_382]
	at javax.security.auth.Subject.doAs(Subject.java:422) [?:1.8.0_382]
	at org.apache.hadoop.security.UserGroupInformation.doAs(UserGroupInformation.java:1899) [hadoop-common-3.3.6.jar:?]
	at org.apache.hadoop.ipc.Server$Handler.run(Server.java:3048) [hadoop-common-3.3.6.jar:?]
11:18:21.235 [IPC Server handler 15 on default port 15057] ERROR OMAudit - user=runner | ip=127.0.0.1 | op=GET_FILE_STATUS {volume=volume79664, bucket=bucket82507, key=testBatchDelete/parent/childFolder/child6, dataSize=0, replicationConfig=null} | ret=FAILURE
org.apache.hadoop.ozone.om.exceptions.OMException: Unable to get file status: volume: volume79664 bucket: bucket82507 key: testBatchDelete/parent/childFolder/child6
	at org.apache.hadoop.ozone.om.KeyManagerImpl.getOzoneFileStatus(KeyManagerImpl.java:1195) ~[ozone-manager-1.4.0-SNAPSHOT.jar:?]
	at org.apache.hadoop.ozone.om.KeyManagerImpl.getFileStatus(KeyManagerImpl.java:1113) ~[ozone-manager-1.4.0-SNAPSHOT.jar:?]
	at org.apache.hadoop.ozone.om.OmMetadataReader.getFileStatus(OmMetadataReader.java:262) ~[ozone-manager-1.4.0-SNAPSHOT.jar:?]
	at org.apache.hadoop.ozone.om.OzoneManager.getFileStatus(OzoneManager.java:3530) ~[ozone-manager-1.4.0-SNAPSHOT.jar:?]
	at org.apache.hadoop.ozone.protocolPB.OzoneManagerRequestHandler.getOzoneFileStatus(OzoneManagerRequestHandler.java:971) ~[ozone-manager-1.4.0-SNAPSHOT.jar:?]
	at org.apache.hadoop.ozone.protocolPB.OzoneManagerRequestHandler.handleReadRequest(OzoneManagerRequestHandler.java:250) ~[ozone-manager-1.4.0-SNAPSHOT.jar:?]
	at org.apache.hadoop.ozone.protocolPB.OzoneManagerProtocolServerSideTranslatorPB.submitRequestDirectlyToOM(OzoneManagerProtocolServerSideTranslatorPB.java:274) ~[ozone-manager-1.4.0-SNAPSHOT.jar:?]
	at org.apache.hadoop.ozone.protocolPB.OzoneManagerProtocolServerSideTranslatorPB.processRequest(OzoneManagerProtocolServerSideTranslatorPB.java:175) ~[ozone-manager-1.4.0-SNAPSHOT.jar:?]
	at org.apache.hadoop.hdds.server.OzoneProtocolMessageDispatcher.processRequest(OzoneProtocolMessageDispatcher.java:87) [hdds-server-framework-1.4.0-SNAPSHOT.jar:?]
	at org.apache.hadoop.ozone.protocolPB.OzoneManagerProtocolServerSideTranslatorPB.submitRequest(OzoneManagerProtocolServerSideTranslatorPB.java:148) [ozone-manager-1.4.0-SNAPSHOT.jar:?]
	at org.apache.hadoop.ozone.protocol.proto.OzoneManagerProtocolProtos$OzoneManagerService$2.callBlockingMethod(OzoneManagerProtocolProtos.java) [ozone-interface-client-1.4.0-SNAPSHOT.jar:?]
	at org.apache.hadoop.ipc.ProtobufRpcEngine$Server.processCall(ProtobufRpcEngine.java:484) [hadoop-common-3.3.6.jar:?]
	at org.apache.hadoop.ipc.ProtobufRpcEngine2$Server$ProtoBufRpcInvoker.call(ProtobufRpcEngine2.java:595) [hadoop-common-3.3.6.jar:?]
	at org.apache.hadoop.ipc.ProtobufRpcEngine2$Server$ProtoBufRpcInvoker.call(ProtobufRpcEngine2.java:573) [hadoop-common-3.3.6.jar:?]
	at org.apache.hadoop.ipc.RPC$Server.call(RPC.java:1227) [hadoop-common-3.3.6.jar:?]
	at org.apache.hadoop.ipc.Server$RpcCall.run(Server.java:1094) [hadoop-common-3.3.6.jar:?]
	at org.apache.hadoop.ipc.Server$RpcCall.run(Server.java:1017) [hadoop-common-3.3.6.jar:?]
	at java.security.AccessController.doPrivileged(Native Method) ~[?:1.8.0_382]
	at javax.security.auth.Subject.doAs(Subject.java:422) [?:1.8.0_382]
	at org.apache.hadoop.security.UserGroupInformation.doAs(UserGroupInformation.java:1899) [hadoop-common-3.3.6.jar:?]
	at org.apache.hadoop.ipc.Server$Handler.run(Server.java:3048) [hadoop-common-3.3.6.jar:?]
11:18:21.239 [IPC Server handler 12 on default port 15057] ERROR OMAudit - user=runner | ip=127.0.0.1 | op=GET_FILE_STATUS {volume=volume79664, bucket=bucket82507, key=testBatchDelete/parent/child7, dataSize=0, replicationConfig=null} | ret=FAILURE
org.apache.hadoop.ozone.om.exceptions.OMException: Unable to get file status: volume: volume79664 bucket: bucket82507 key: testBatchDelete/parent/child7
	at org.apache.hadoop.ozone.om.KeyManagerImpl.getOzoneFileStatus(KeyManagerImpl.java:1195) ~[ozone-manager-1.4.0-SNAPSHOT.jar:?]
	at org.apache.hadoop.ozone.om.KeyManagerImpl.getFileStatus(KeyManagerImpl.java:1113) ~[ozone-manager-1.4.0-SNAPSHOT.jar:?]
	at org.apache.hadoop.ozone.om.OmMetadataReader.getFileStatus(OmMetadataReader.java:262) ~[ozone-manager-1.4.0-SNAPSHOT.jar:?]
	at org.apache.hadoop.ozone.om.OzoneManager.getFileStatus(OzoneManager.java:3530) ~[ozone-manager-1.4.0-SNAPSHOT.jar:?]
	at org.apache.hadoop.ozone.protocolPB.OzoneManagerRequestHandler.getOzoneFileStatus(OzoneManagerRequestHandler.java:971) ~[ozone-manager-1.4.0-SNAPSHOT.jar:?]
	at org.apache.hadoop.ozone.protocolPB.OzoneManagerRequestHandler.handleReadRequest(OzoneManagerRequestHandler.java:250) ~[ozone-manager-1.4.0-SNAPSHOT.jar:?]
	at org.apache.hadoop.ozone.protocolPB.OzoneManagerProtocolServerSideTranslatorPB.submitRequestDirectlyToOM(OzoneManagerProtocolServerSideTranslatorPB.java:274) ~[ozone-manager-1.4.0-SNAPSHOT.jar:?]
	at org.apache.hadoop.ozone.protocolPB.OzoneManagerProtocolServerSideTranslatorPB.processRequest(OzoneManagerProtocolServerSideTranslatorPB.java:175) ~[ozone-manager-1.4.0-SNAPSHOT.jar:?]
	at org.apache.hadoop.hdds.server.OzoneProtocolMessageDispatcher.processRequest(OzoneProtocolMessageDispatcher.java:87) [hdds-server-framework-1.4.0-SNAPSHOT.jar:?]
	at org.apache.hadoop.ozone.protocolPB.OzoneManagerProtocolServerSideTranslatorPB.submitRequest(OzoneManagerProtocolServerSideTranslatorPB.java:148) [ozone-manager-1.4.0-SNAPSHOT.jar:?]
	at org.apache.hadoop.ozone.protocol.proto.OzoneManagerProtocolProtos$OzoneManagerService$2.callBlockingMethod(OzoneManagerProtocolProtos.java) [ozone-interface-client-1.4.0-SNAPSHOT.jar:?]
	at org.apache.hadoop.ipc.ProtobufRpcEngine$Server.processCall(ProtobufRpcEngine.java:484) [hadoop-common-3.3.6.jar:?]
	at org.apache.hadoop.ipc.ProtobufRpcEngine2$Server$ProtoBufRpcInvoker.call(ProtobufRpcEngine2.java:595) [hadoop-common-3.3.6.jar:?]
	at org.apache.hadoop.ipc.ProtobufRpcEngine2$Server$ProtoBufRpcInvoker.call(ProtobufRpcEngine2.java:573) [hadoop-common-3.3.6.jar:?]
	at org.apache.hadoop.ipc.RPC$Server.call(RPC.java:1227) [hadoop-common-3.3.6.jar:?]
	at org.apache.hadoop.ipc.Server$RpcCall.run(Server.java:1094) [hadoop-common-3.3.6.jar:?]
	at org.apache.hadoop.ipc.Server$RpcCall.run(Server.java:1017) [hadoop-common-3.3.6.jar:?]
	at java.security.AccessController.doPrivileged(Native Method) ~[?:1.8.0_382]
	at javax.security.auth.Subject.doAs(Subject.java:422) [?:1.8.0_382]
	at org.apache.hadoop.security.UserGroupInformation.doAs(UserGroupInformation.java:1899) [hadoop-common-3.3.6.jar:?]
	at org.apache.hadoop.ipc.Server$Handler.run(Server.java:3048) [hadoop-common-3.3.6.jar:?]
11:18:21.241 [IPC Server handler 19 on default port 15057] ERROR OMAudit - user=runner | ip=127.0.0.1 | op=GET_FILE_STATUS {volume=volume79664, bucket=bucket82507, key=testBatchDelete/parent/childFolder/child7, dataSize=0, replicationConfig=null} | ret=FAILURE
org.apache.hadoop.ozone.om.exceptions.OMException: Unable to get file status: volume: volume79664 bucket: bucket82507 key: testBatchDelete/parent/childFolder/child7
	at org.apache.hadoop.ozone.om.KeyManagerImpl.getOzoneFileStatus(KeyManagerImpl.java:1195) ~[ozone-manager-1.4.0-SNAPSHOT.jar:?]
	at org.apache.hadoop.ozone.om.KeyManagerImpl.getFileStatus(KeyManagerImpl.java:1113) ~[ozone-manager-1.4.0-SNAPSHOT.jar:?]
	at org.apache.hadoop.ozone.om.OmMetadataReader.getFileStatus(OmMetadataReader.java:262) ~[ozone-manager-1.4.0-SNAPSHOT.jar:?]
	at org.apache.hadoop.ozone.om.OzoneManager.getFileStatus(OzoneManager.java:3530) ~[ozone-manager-1.4.0-SNAPSHOT.jar:?]
	at org.apache.hadoop.ozone.protocolPB.OzoneManagerRequestHandler.getOzoneFileStatus(OzoneManagerRequestHandler.java:971) ~[ozone-manager-1.4.0-SNAPSHOT.jar:?]
	at org.apache.hadoop.ozone.protocolPB.OzoneManagerRequestHandler.handleReadRequest(OzoneManagerRequestHandler.java:250) ~[ozone-manager-1.4.0-SNAPSHOT.jar:?]
	at org.apache.hadoop.ozone.protocolPB.OzoneManagerProtocolServerSideTranslatorPB.submitRequestDirectlyToOM(OzoneManagerProtocolServerSideTranslatorPB.java:274) ~[ozone-manager-1.4.0-SNAPSHOT.jar:?]
	at org.apache.hadoop.ozone.protocolPB.OzoneManagerProtocolServerSideTranslatorPB.processRequest(OzoneManagerProtocolServerSideTranslatorPB.java:175) ~[ozone-manager-1.4.0-SNAPSHOT.jar:?]
	at org.apache.hadoop.hdds.server.OzoneProtocolMessageDispatcher.processRequest(OzoneProtocolMessageDispatcher.java:87) [hdds-server-framework-1.4.0-SNAPSHOT.jar:?]
	at org.apache.hadoop.ozone.protocolPB.OzoneManagerProtocolServerSideTranslatorPB.submitRequest(OzoneManagerProtocolServerSideTranslatorPB.java:148) [ozone-manager-1.4.0-SNAPSHOT.jar:?]
	at org.apache.hadoop.ozone.protocol.proto.OzoneManagerProtocolProtos$OzoneManagerService$2.callBlockingMethod(OzoneManagerProtocolProtos.java) [ozone-interface-client-1.4.0-SNAPSHOT.jar:?]
	at org.apache.hadoop.ipc.ProtobufRpcEngine$Server.processCall(ProtobufRpcEngine.java:484) [hadoop-common-3.3.6.jar:?]
	at org.apache.hadoop.ipc.ProtobufRpcEngine2$Server$ProtoBufRpcInvoker.call(ProtobufRpcEngine2.java:595) [hadoop-common-3.3.6.jar:?]
	at org.apache.hadoop.ipc.ProtobufRpcEngine2$Server$ProtoBufRpcInvoker.call(ProtobufRpcEngine2.java:573) [hadoop-common-3.3.6.jar:?]
	at org.apache.hadoop.ipc.RPC$Server.call(RPC.java:1227) [hadoop-common-3.3.6.jar:?]
	at org.apache.hadoop.ipc.Server$RpcCall.run(Server.java:1094) [hadoop-common-3.3.6.jar:?]
	at org.apache.hadoop.ipc.Server$RpcCall.run(Server.java:1017) [hadoop-common-3.3.6.jar:?]
	at java.security.AccessController.doPrivileged(Native Method) ~[?:1.8.0_382]
	at javax.security.auth.Subject.doAs(Subject.java:422) [?:1.8.0_382]
	at org.apache.hadoop.security.UserGroupInformation.doAs(UserGroupInformation.java:1899) [hadoop-common-3.3.6.jar:?]
	at org.apache.hadoop.ipc.Server$Handler.run(Server.java:3048) [hadoop-common-3.3.6.jar:?]
11:18:21.242 [IPC Server handler 11 on default port 15057] ERROR OMAudit - user=runner | ip=127.0.0.1 | op=GET_FILE_STATUS {volume=volume79664, bucket=bucket82507, key=testBatchDelete/parent, dataSize=0, replicationConfig=null} | ret=FAILURE
org.apache.hadoop.ozone.om.exceptions.OMException: Unable to get file status: volume: volume79664 bucket: bucket82507 key: testBatchDelete/parent
	at org.apache.hadoop.ozone.om.KeyManagerImpl.getOzoneFileStatus(KeyManagerImpl.java:1195) ~[ozone-manager-1.4.0-SNAPSHOT.jar:?]
	at org.apache.hadoop.ozone.om.KeyManagerImpl.getFileStatus(KeyManagerImpl.java:1113) ~[ozone-manager-1.4.0-SNAPSHOT.jar:?]
	at org.apache.hadoop.ozone.om.OmMetadataReader.getFileStatus(OmMetadataReader.java:262) ~[ozone-manager-1.4.0-SNAPSHOT.jar:?]
	at org.apache.hadoop.ozone.om.OzoneManager.getFileStatus(OzoneManager.java:3530) ~[ozone-manager-1.4.0-SNAPSHOT.jar:?]
	at org.apache.hadoop.ozone.protocolPB.OzoneManagerRequestHandler.getOzoneFileStatus(OzoneManagerRequestHandler.java:971) ~[ozone-manager-1.4.0-SNAPSHOT.jar:?]
	at org.apache.hadoop.ozone.protocolPB.OzoneManagerRequestHandler.handleReadRequest(OzoneManagerRequestHandler.java:250) ~[ozone-manager-1.4.0-SNAPSHOT.jar:?]
	at org.apache.hadoop.ozone.protocolPB.OzoneManagerProtocolServerSideTranslatorPB.submitRequestDirectlyToOM(OzoneManagerProtocolServerSideTranslatorPB.java:274) ~[ozone-manager-1.4.0-SNAPSHOT.jar:?]
	at org.apache.hadoop.ozone.protocolPB.OzoneManagerProtocolServerSideTranslatorPB.processRequest(OzoneManagerProtocolServerSideTranslatorPB.java:175) ~[ozone-manager-1.4.0-SNAPSHOT.jar:?]
	at org.apache.hadoop.hdds.server.OzoneProtocolMessageDispatcher.processRequest(OzoneProtocolMessageDispatcher.java:87) [hdds-server-framework-1.4.0-SNAPSHOT.jar:?]
	at org.apache.hadoop.ozone.protocolPB.OzoneManagerProtocolServerSideTranslatorPB.submitRequest(OzoneManagerProtocolServerSideTranslatorPB.java:148) [ozone-manager-1.4.0-SNAPSHOT.jar:?]
	at org.apache.hadoop.ozone.protocol.proto.OzoneManagerProtocolProtos$OzoneManagerService$2.callBlockingMethod(OzoneManagerProtocolProtos.java) [ozone-interface-client-1.4.0-SNAPSHOT.jar:?]
	at org.apache.hadoop.ipc.ProtobufRpcEngine$Server.processCall(ProtobufRpcEngine.java:484) [hadoop-common-3.3.6.jar:?]
	at org.apache.hadoop.ipc.ProtobufRpcEngine2$Server$ProtoBufRpcInvoker.call(ProtobufRpcEngine2.java:595) [hadoop-common-3.3.6.jar:?]
	at org.apache.hadoop.ipc.ProtobufRpcEngine2$Server$ProtoBufRpcInvoker.call(ProtobufRpcEngine2.java:573) [hadoop-common-3.3.6.jar:?]
	at org.apache.hadoop.ipc.RPC$Server.call(RPC.java:1227) [hadoop-common-3.3.6.jar:?]
	at org.apache.hadoop.ipc.Server$RpcCall.run(Server.java:1094) [hadoop-common-3.3.6.jar:?]
	at org.apache.hadoop.ipc.Server$RpcCall.run(Server.java:1017) [hadoop-common-3.3.6.jar:?]
	at java.security.AccessController.doPrivileged(Native Method) ~[?:1.8.0_382]
	at javax.security.auth.Subject.doAs(Subject.java:422) [?:1.8.0_382]
	at org.apache.hadoop.security.UserGroupInformation.doAs(UserGroupInformation.java:1899) [hadoop-common-3.3.6.jar:?]
	at org.apache.hadoop.ipc.Server$Handler.run(Server.java:3048) [hadoop-common-3.3.6.jar:?]
2023-09-08 11:18:21,242 [Time-limited test] WARN  ozone.BasicOzoneFileSystem (BasicOzoneFileSystem.java:delete(595)) - delete: Path does not exist: /testBatchDelete/parent
]]></system-out>
  </testcase>
  <testcase name="testFileDelete" classname="TestOzoneFileSystem" time="0.155">
    <system-out><![CDATA[11:19:38.392 [IPC Server handler 13 on default port 15110] ERROR OMAudit - user=runner | ip=127.0.0.1 | op=GET_FILE_STATUS {volume=volume57283, bucket=bucket81356, key=testBatchDelete, dataSize=0, replicationConfig=null} | ret=FAILURE
org.apache.hadoop.ozone.om.exceptions.OMException: Unable to get file status: volume: volume57283 bucket: bucket81356 key: testBatchDelete
	at org.apache.hadoop.ozone.om.KeyManagerImpl.getOzoneFileStatus(KeyManagerImpl.java:1195) ~[ozone-manager-1.4.0-SNAPSHOT.jar:?]
	at org.apache.hadoop.ozone.om.KeyManagerImpl.getFileStatus(KeyManagerImpl.java:1113) ~[ozone-manager-1.4.0-SNAPSHOT.jar:?]
	at org.apache.hadoop.ozone.om.OmMetadataReader.getFileStatus(OmMetadataReader.java:262) ~[ozone-manager-1.4.0-SNAPSHOT.jar:?]
	at org.apache.hadoop.ozone.om.OzoneManager.getFileStatus(OzoneManager.java:3530) ~[ozone-manager-1.4.0-SNAPSHOT.jar:?]
	at org.apache.hadoop.ozone.protocolPB.OzoneManagerRequestHandler.getOzoneFileStatus(OzoneManagerRequestHandler.java:971) ~[ozone-manager-1.4.0-SNAPSHOT.jar:?]
	at org.apache.hadoop.ozone.protocolPB.OzoneManagerRequestHandler.handleReadRequest(OzoneManagerRequestHandler.java:250) ~[ozone-manager-1.4.0-SNAPSHOT.jar:?]
	at org.apache.hadoop.ozone.protocolPB.OzoneManagerProtocolServerSideTranslatorPB.submitReadRequestToOM(OzoneManagerProtocolServerSideTranslatorPB.java:225) ~[ozone-manager-1.4.0-SNAPSHOT.jar:?]
	at org.apache.hadoop.ozone.protocolPB.OzoneManagerProtocolServerSideTranslatorPB.processRequest(OzoneManagerProtocolServerSideTranslatorPB.java:179) ~[ozone-manager-1.4.0-SNAPSHOT.jar:?]
	at org.apache.hadoop.hdds.server.OzoneProtocolMessageDispatcher.processRequest(OzoneProtocolMessageDispatcher.java:87) [hdds-server-framework-1.4.0-SNAPSHOT.jar:?]
	at org.apache.hadoop.ozone.protocolPB.OzoneManagerProtocolServerSideTranslatorPB.submitRequest(OzoneManagerProtocolServerSideTranslatorPB.java:148) [ozone-manager-1.4.0-SNAPSHOT.jar:?]
	at org.apache.hadoop.ozone.protocol.proto.OzoneManagerProtocolProtos$OzoneManagerService$2.callBlockingMethod(OzoneManagerProtocolProtos.java) [ozone-interface-client-1.4.0-SNAPSHOT.jar:?]
	at org.apache.hadoop.ipc.ProtobufRpcEngine$Server.processCall(ProtobufRpcEngine.java:484) [hadoop-common-3.3.6.jar:?]
	at org.apache.hadoop.ipc.ProtobufRpcEngine2$Server$ProtoBufRpcInvoker.call(ProtobufRpcEngine2.java:595) [hadoop-common-3.3.6.jar:?]
	at org.apache.hadoop.ipc.ProtobufRpcEngine2$Server$ProtoBufRpcInvoker.call(ProtobufRpcEngine2.java:573) [hadoop-common-3.3.6.jar:?]
	at org.apache.hadoop.ipc.RPC$Server.call(RPC.java:1227) [hadoop-common-3.3.6.jar:?]
	at org.apache.hadoop.ipc.Server$RpcCall.run(Server.java:1094) [hadoop-common-3.3.6.jar:?]
	at org.apache.hadoop.ipc.Server$RpcCall.run(Server.java:1017) [hadoop-common-3.3.6.jar:?]
	at java.security.AccessController.doPrivileged(Native Method) ~[?:1.8.0_382]
	at javax.security.auth.Subject.doAs(Subject.java:422) [?:1.8.0_382]
	at org.apache.hadoop.security.UserGroupInformation.doAs(UserGroupInformation.java:1899) [hadoop-common-3.3.6.jar:?]
	at org.apache.hadoop.ipc.Server$Handler.run(Server.java:3048) [hadoop-common-3.3.6.jar:?]
11:19:38.394 [IPC Server handler 5 on default port 15110] ERROR OMAudit - user=runner | ip=127.0.0.1 | op=GET_FILE_STATUS {volume=volume57283, bucket=bucket81356, key=testBatchDelete/parent/child0, dataSize=0, replicationConfig=null} | ret=FAILURE
org.apache.hadoop.ozone.om.exceptions.OMException: Unable to get file status: volume: volume57283 bucket: bucket81356 key: testBatchDelete/parent/child0
	at org.apache.hadoop.ozone.om.KeyManagerImpl.getOzoneFileStatus(KeyManagerImpl.java:1195) ~[ozone-manager-1.4.0-SNAPSHOT.jar:?]
	at org.apache.hadoop.ozone.om.KeyManagerImpl.getFileStatus(KeyManagerImpl.java:1113) ~[ozone-manager-1.4.0-SNAPSHOT.jar:?]
	at org.apache.hadoop.ozone.om.OmMetadataReader.getFileStatus(OmMetadataReader.java:262) ~[ozone-manager-1.4.0-SNAPSHOT.jar:?]
	at org.apache.hadoop.ozone.om.OzoneManager.getFileStatus(OzoneManager.java:3530) ~[ozone-manager-1.4.0-SNAPSHOT.jar:?]
	at org.apache.hadoop.ozone.protocolPB.OzoneManagerRequestHandler.getOzoneFileStatus(OzoneManagerRequestHandler.java:971) ~[ozone-manager-1.4.0-SNAPSHOT.jar:?]
	at org.apache.hadoop.ozone.protocolPB.OzoneManagerRequestHandler.handleReadRequest(OzoneManagerRequestHandler.java:250) ~[ozone-manager-1.4.0-SNAPSHOT.jar:?]
	at org.apache.hadoop.ozone.protocolPB.OzoneManagerProtocolServerSideTranslatorPB.submitReadRequestToOM(OzoneManagerProtocolServerSideTranslatorPB.java:225) ~[ozone-manager-1.4.0-SNAPSHOT.jar:?]
	at org.apache.hadoop.ozone.protocolPB.OzoneManagerProtocolServerSideTranslatorPB.processRequest(OzoneManagerProtocolServerSideTranslatorPB.java:179) ~[ozone-manager-1.4.0-SNAPSHOT.jar:?]
	at org.apache.hadoop.hdds.server.OzoneProtocolMessageDispatcher.processRequest(OzoneProtocolMessageDispatcher.java:87) [hdds-server-framework-1.4.0-SNAPSHOT.jar:?]
	at org.apache.hadoop.ozone.protocolPB.OzoneManagerProtocolServerSideTranslatorPB.submitRequest(OzoneManagerProtocolServerSideTranslatorPB.java:148) [ozone-manager-1.4.0-SNAPSHOT.jar:?]
	at org.apache.hadoop.ozone.protocol.proto.OzoneManagerProtocolProtos$OzoneManagerService$2.callBlockingMethod(OzoneManagerProtocolProtos.java) [ozone-interface-client-1.4.0-SNAPSHOT.jar:?]
	at org.apache.hadoop.ipc.ProtobufRpcEngine$Server.processCall(ProtobufRpcEngine.java:484) [hadoop-common-3.3.6.jar:?]
	at org.apache.hadoop.ipc.ProtobufRpcEngine2$Server$ProtoBufRpcInvoker.call(ProtobufRpcEngine2.java:595) [hadoop-common-3.3.6.jar:?]
	at org.apache.hadoop.ipc.ProtobufRpcEngine2$Server$ProtoBufRpcInvoker.call(ProtobufRpcEngine2.java:573) [hadoop-common-3.3.6.jar:?]
	at org.apache.hadoop.ipc.RPC$Server.call(RPC.java:1227) [hadoop-common-3.3.6.jar:?]
	at org.apache.hadoop.ipc.Server$RpcCall.run(Server.java:1094) [hadoop-common-3.3.6.jar:?]
	at org.apache.hadoop.ipc.Server$RpcCall.run(Server.java:1017) [hadoop-common-3.3.6.jar:?]
	at java.security.AccessController.doPrivileged(Native Method) ~[?:1.8.0_382]
	at javax.security.auth.Subject.doAs(Subject.java:422) [?:1.8.0_382]
	at org.apache.hadoop.security.UserGroupInformation.doAs(UserGroupInformation.java:1899) [hadoop-common-3.3.6.jar:?]
	at org.apache.hadoop.ipc.Server$Handler.run(Server.java:3048) [hadoop-common-3.3.6.jar:?]
11:19:38.396 [IPC Server handler 4 on default port 15110] ERROR OMAudit - user=runner | ip=127.0.0.1 | op=GET_FILE_STATUS {volume=volume57283, bucket=bucket81356, key=testBatchDelete/parent/childFolder/child0, dataSize=0, replicationConfig=null} | ret=FAILURE
org.apache.hadoop.ozone.om.exceptions.OMException: Unable to get file status: volume: volume57283 bucket: bucket81356 key: testBatchDelete/parent/childFolder/child0
	at org.apache.hadoop.ozone.om.KeyManagerImpl.getOzoneFileStatus(KeyManagerImpl.java:1195) ~[ozone-manager-1.4.0-SNAPSHOT.jar:?]
	at org.apache.hadoop.ozone.om.KeyManagerImpl.getFileStatus(KeyManagerImpl.java:1113) ~[ozone-manager-1.4.0-SNAPSHOT.jar:?]
	at org.apache.hadoop.ozone.om.OmMetadataReader.getFileStatus(OmMetadataReader.java:262) ~[ozone-manager-1.4.0-SNAPSHOT.jar:?]
	at org.apache.hadoop.ozone.om.OzoneManager.getFileStatus(OzoneManager.java:3530) ~[ozone-manager-1.4.0-SNAPSHOT.jar:?]
	at org.apache.hadoop.ozone.protocolPB.OzoneManagerRequestHandler.getOzoneFileStatus(OzoneManagerRequestHandler.java:971) ~[ozone-manager-1.4.0-SNAPSHOT.jar:?]
	at org.apache.hadoop.ozone.protocolPB.OzoneManagerRequestHandler.handleReadRequest(OzoneManagerRequestHandler.java:250) ~[ozone-manager-1.4.0-SNAPSHOT.jar:?]
	at org.apache.hadoop.ozone.protocolPB.OzoneManagerProtocolServerSideTranslatorPB.submitReadRequestToOM(OzoneManagerProtocolServerSideTranslatorPB.java:225) ~[ozone-manager-1.4.0-SNAPSHOT.jar:?]
	at org.apache.hadoop.ozone.protocolPB.OzoneManagerProtocolServerSideTranslatorPB.processRequest(OzoneManagerProtocolServerSideTranslatorPB.java:179) ~[ozone-manager-1.4.0-SNAPSHOT.jar:?]
	at org.apache.hadoop.hdds.server.OzoneProtocolMessageDispatcher.processRequest(OzoneProtocolMessageDispatcher.java:87) [hdds-server-framework-1.4.0-SNAPSHOT.jar:?]
	at org.apache.hadoop.ozone.protocolPB.OzoneManagerProtocolServerSideTranslatorPB.submitRequest(OzoneManagerProtocolServerSideTranslatorPB.java:148) [ozone-manager-1.4.0-SNAPSHOT.jar:?]
	at org.apache.hadoop.ozone.protocol.proto.OzoneManagerProtocolProtos$OzoneManagerService$2.callBlockingMethod(OzoneManagerProtocolProtos.java) [ozone-interface-client-1.4.0-SNAPSHOT.jar:?]
	at org.apache.hadoop.ipc.ProtobufRpcEngine$Server.processCall(ProtobufRpcEngine.java:484) [hadoop-common-3.3.6.jar:?]
	at org.apache.hadoop.ipc.ProtobufRpcEngine2$Server$ProtoBufRpcInvoker.call(ProtobufRpcEngine2.java:595) [hadoop-common-3.3.6.jar:?]
	at org.apache.hadoop.ipc.ProtobufRpcEngine2$Server$ProtoBufRpcInvoker.call(ProtobufRpcEngine2.java:573) [hadoop-common-3.3.6.jar:?]
	at org.apache.hadoop.ipc.RPC$Server.call(RPC.java:1227) [hadoop-common-3.3.6.jar:?]
	at org.apache.hadoop.ipc.Server$RpcCall.run(Server.java:1094) [hadoop-common-3.3.6.jar:?]
	at org.apache.hadoop.ipc.Server$RpcCall.run(Server.java:1017) [hadoop-common-3.3.6.jar:?]
	at java.security.AccessController.doPrivileged(Native Method) ~[?:1.8.0_382]
	at javax.security.auth.Subject.doAs(Subject.java:422) [?:1.8.0_382]
	at org.apache.hadoop.security.UserGroupInformation.doAs(UserGroupInformation.java:1899) [hadoop-common-3.3.6.jar:?]
	at org.apache.hadoop.ipc.Server$Handler.run(Server.java:3048) [hadoop-common-3.3.6.jar:?]
11:19:38.397 [IPC Server handler 8 on default port 15110] ERROR OMAudit - user=runner | ip=127.0.0.1 | op=GET_FILE_STATUS {volume=volume57283, bucket=bucket81356, key=testBatchDelete/parent/child1, dataSize=0, replicationConfig=null} | ret=FAILURE
org.apache.hadoop.ozone.om.exceptions.OMException: Unable to get file status: volume: volume57283 bucket: bucket81356 key: testBatchDelete/parent/child1
	at org.apache.hadoop.ozone.om.KeyManagerImpl.getOzoneFileStatus(KeyManagerImpl.java:1195) ~[ozone-manager-1.4.0-SNAPSHOT.jar:?]
	at org.apache.hadoop.ozone.om.KeyManagerImpl.getFileStatus(KeyManagerImpl.java:1113) ~[ozone-manager-1.4.0-SNAPSHOT.jar:?]
	at org.apache.hadoop.ozone.om.OmMetadataReader.getFileStatus(OmMetadataReader.java:262) ~[ozone-manager-1.4.0-SNAPSHOT.jar:?]
	at org.apache.hadoop.ozone.om.OzoneManager.getFileStatus(OzoneManager.java:3530) ~[ozone-manager-1.4.0-SNAPSHOT.jar:?]
	at org.apache.hadoop.ozone.protocolPB.OzoneManagerRequestHandler.getOzoneFileStatus(OzoneManagerRequestHandler.java:971) ~[ozone-manager-1.4.0-SNAPSHOT.jar:?]
	at org.apache.hadoop.ozone.protocolPB.OzoneManagerRequestHandler.handleReadRequest(OzoneManagerRequestHandler.java:250) ~[ozone-manager-1.4.0-SNAPSHOT.jar:?]
	at org.apache.hadoop.ozone.protocolPB.OzoneManagerProtocolServerSideTranslatorPB.submitReadRequestToOM(OzoneManagerProtocolServerSideTranslatorPB.java:225) ~[ozone-manager-1.4.0-SNAPSHOT.jar:?]
	at org.apache.hadoop.ozone.protocolPB.OzoneManagerProtocolServerSideTranslatorPB.processRequest(OzoneManagerProtocolServerSideTranslatorPB.java:179) ~[ozone-manager-1.4.0-SNAPSHOT.jar:?]
	at org.apache.hadoop.hdds.server.OzoneProtocolMessageDispatcher.processRequest(OzoneProtocolMessageDispatcher.java:87) [hdds-server-framework-1.4.0-SNAPSHOT.jar:?]
	at org.apache.hadoop.ozone.protocolPB.OzoneManagerProtocolServerSideTranslatorPB.submitRequest(OzoneManagerProtocolServerSideTranslatorPB.java:148) [ozone-manager-1.4.0-SNAPSHOT.jar:?]
	at org.apache.hadoop.ozone.protocol.proto.OzoneManagerProtocolProtos$OzoneManagerService$2.callBlockingMethod(OzoneManagerProtocolProtos.java) [ozone-interface-client-1.4.0-SNAPSHOT.jar:?]
	at org.apache.hadoop.ipc.ProtobufRpcEngine$Server.processCall(ProtobufRpcEngine.java:484) [hadoop-common-3.3.6.jar:?]
	at org.apache.hadoop.ipc.ProtobufRpcEngine2$Server$ProtoBufRpcInvoker.call(ProtobufRpcEngine2.java:595) [hadoop-common-3.3.6.jar:?]
	at org.apache.hadoop.ipc.ProtobufRpcEngine2$Server$ProtoBufRpcInvoker.call(ProtobufRpcEngine2.java:573) [hadoop-common-3.3.6.jar:?]
	at org.apache.hadoop.ipc.RPC$Server.call(RPC.java:1227) [hadoop-common-3.3.6.jar:?]
	at org.apache.hadoop.ipc.Server$RpcCall.run(Server.java:1094) [hadoop-common-3.3.6.jar:?]
	at org.apache.hadoop.ipc.Server$RpcCall.run(Server.java:1017) [hadoop-common-3.3.6.jar:?]
	at java.security.AccessController.doPrivileged(Native Method) ~[?:1.8.0_382]
	at javax.security.auth.Subject.doAs(Subject.java:422) [?:1.8.0_382]
	at org.apache.hadoop.security.UserGroupInformation.doAs(UserGroupInformation.java:1899) [hadoop-common-3.3.6.jar:?]
	at org.apache.hadoop.ipc.Server$Handler.run(Server.java:3048) [hadoop-common-3.3.6.jar:?]
11:19:38.398 [IPC Server handler 17 on default port 15110] ERROR OMAudit - user=runner | ip=127.0.0.1 | op=GET_FILE_STATUS {volume=volume57283, bucket=bucket81356, key=testBatchDelete/parent/childFolder/child1, dataSize=0, replicationConfig=null} | ret=FAILURE
org.apache.hadoop.ozone.om.exceptions.OMException: Unable to get file status: volume: volume57283 bucket: bucket81356 key: testBatchDelete/parent/childFolder/child1
	at org.apache.hadoop.ozone.om.KeyManagerImpl.getOzoneFileStatus(KeyManagerImpl.java:1195) ~[ozone-manager-1.4.0-SNAPSHOT.jar:?]
	at org.apache.hadoop.ozone.om.KeyManagerImpl.getFileStatus(KeyManagerImpl.java:1113) ~[ozone-manager-1.4.0-SNAPSHOT.jar:?]
	at org.apache.hadoop.ozone.om.OmMetadataReader.getFileStatus(OmMetadataReader.java:262) ~[ozone-manager-1.4.0-SNAPSHOT.jar:?]
	at org.apache.hadoop.ozone.om.OzoneManager.getFileStatus(OzoneManager.java:3530) ~[ozone-manager-1.4.0-SNAPSHOT.jar:?]
	at org.apache.hadoop.ozone.protocolPB.OzoneManagerRequestHandler.getOzoneFileStatus(OzoneManagerRequestHandler.java:971) ~[ozone-manager-1.4.0-SNAPSHOT.jar:?]
	at org.apache.hadoop.ozone.protocolPB.OzoneManagerRequestHandler.handleReadRequest(OzoneManagerRequestHandler.java:250) ~[ozone-manager-1.4.0-SNAPSHOT.jar:?]
	at org.apache.hadoop.ozone.protocolPB.OzoneManagerProtocolServerSideTranslatorPB.submitReadRequestToOM(OzoneManagerProtocolServerSideTranslatorPB.java:225) ~[ozone-manager-1.4.0-SNAPSHOT.jar:?]
	at org.apache.hadoop.ozone.protocolPB.OzoneManagerProtocolServerSideTranslatorPB.processRequest(OzoneManagerProtocolServerSideTranslatorPB.java:179) ~[ozone-manager-1.4.0-SNAPSHOT.jar:?]
	at org.apache.hadoop.hdds.server.OzoneProtocolMessageDispatcher.processRequest(OzoneProtocolMessageDispatcher.java:87) [hdds-server-framework-1.4.0-SNAPSHOT.jar:?]
	at org.apache.hadoop.ozone.protocolPB.OzoneManagerProtocolServerSideTranslatorPB.submitRequest(OzoneManagerProtocolServerSideTranslatorPB.java:148) [ozone-manager-1.4.0-SNAPSHOT.jar:?]
	at org.apache.hadoop.ozone.protocol.proto.OzoneManagerProtocolProtos$OzoneManagerService$2.callBlockingMethod(OzoneManagerProtocolProtos.java) [ozone-interface-client-1.4.0-SNAPSHOT.jar:?]
	at org.apache.hadoop.ipc.ProtobufRpcEngine$Server.processCall(ProtobufRpcEngine.java:484) [hadoop-common-3.3.6.jar:?]
	at org.apache.hadoop.ipc.ProtobufRpcEngine2$Server$ProtoBufRpcInvoker.call(ProtobufRpcEngine2.java:595) [hadoop-common-3.3.6.jar:?]
	at org.apache.hadoop.ipc.ProtobufRpcEngine2$Server$ProtoBufRpcInvoker.call(ProtobufRpcEngine2.java:573) [hadoop-common-3.3.6.jar:?]
	at org.apache.hadoop.ipc.RPC$Server.call(RPC.java:1227) [hadoop-common-3.3.6.jar:?]
	at org.apache.hadoop.ipc.Server$RpcCall.run(Server.java:1094) [hadoop-common-3.3.6.jar:?]
	at org.apache.hadoop.ipc.Server$RpcCall.run(Server.java:1017) [hadoop-common-3.3.6.jar:?]
	at java.security.AccessController.doPrivileged(Native Method) ~[?:1.8.0_382]
	at javax.security.auth.Subject.doAs(Subject.java:422) [?:1.8.0_382]
	at org.apache.hadoop.security.UserGroupInformation.doAs(UserGroupInformation.java:1899) [hadoop-common-3.3.6.jar:?]
	at org.apache.hadoop.ipc.Server$Handler.run(Server.java:3048) [hadoop-common-3.3.6.jar:?]
11:19:38.399 [IPC Server handler 18 on default port 15110] ERROR OMAudit - user=runner | ip=127.0.0.1 | op=GET_FILE_STATUS {volume=volume57283, bucket=bucket81356, key=testBatchDelete/parent/child2, dataSize=0, replicationConfig=null} | ret=FAILURE
org.apache.hadoop.ozone.om.exceptions.OMException: Unable to get file status: volume: volume57283 bucket: bucket81356 key: testBatchDelete/parent/child2
	at org.apache.hadoop.ozone.om.KeyManagerImpl.getOzoneFileStatus(KeyManagerImpl.java:1195) ~[ozone-manager-1.4.0-SNAPSHOT.jar:?]
	at org.apache.hadoop.ozone.om.KeyManagerImpl.getFileStatus(KeyManagerImpl.java:1113) ~[ozone-manager-1.4.0-SNAPSHOT.jar:?]
	at org.apache.hadoop.ozone.om.OmMetadataReader.getFileStatus(OmMetadataReader.java:262) ~[ozone-manager-1.4.0-SNAPSHOT.jar:?]
	at org.apache.hadoop.ozone.om.OzoneManager.getFileStatus(OzoneManager.java:3530) ~[ozone-manager-1.4.0-SNAPSHOT.jar:?]
	at org.apache.hadoop.ozone.protocolPB.OzoneManagerRequestHandler.getOzoneFileStatus(OzoneManagerRequestHandler.java:971) ~[ozone-manager-1.4.0-SNAPSHOT.jar:?]
	at org.apache.hadoop.ozone.protocolPB.OzoneManagerRequestHandler.handleReadRequest(OzoneManagerRequestHandler.java:250) ~[ozone-manager-1.4.0-SNAPSHOT.jar:?]
	at org.apache.hadoop.ozone.protocolPB.OzoneManagerProtocolServerSideTranslatorPB.submitReadRequestToOM(OzoneManagerProtocolServerSideTranslatorPB.java:225) ~[ozone-manager-1.4.0-SNAPSHOT.jar:?]
	at org.apache.hadoop.ozone.protocolPB.OzoneManagerProtocolServerSideTranslatorPB.processRequest(OzoneManagerProtocolServerSideTranslatorPB.java:179) ~[ozone-manager-1.4.0-SNAPSHOT.jar:?]
	at org.apache.hadoop.hdds.server.OzoneProtocolMessageDispatcher.processRequest(OzoneProtocolMessageDispatcher.java:87) [hdds-server-framework-1.4.0-SNAPSHOT.jar:?]
	at org.apache.hadoop.ozone.protocolPB.OzoneManagerProtocolServerSideTranslatorPB.submitRequest(OzoneManagerProtocolServerSideTranslatorPB.java:148) [ozone-manager-1.4.0-SNAPSHOT.jar:?]
	at org.apache.hadoop.ozone.protocol.proto.OzoneManagerProtocolProtos$OzoneManagerService$2.callBlockingMethod(OzoneManagerProtocolProtos.java) [ozone-interface-client-1.4.0-SNAPSHOT.jar:?]
	at org.apache.hadoop.ipc.ProtobufRpcEngine$Server.processCall(ProtobufRpcEngine.java:484) [hadoop-common-3.3.6.jar:?]
	at org.apache.hadoop.ipc.ProtobufRpcEngine2$Server$ProtoBufRpcInvoker.call(ProtobufRpcEngine2.java:595) [hadoop-common-3.3.6.jar:?]
	at org.apache.hadoop.ipc.ProtobufRpcEngine2$Server$ProtoBufRpcInvoker.call(ProtobufRpcEngine2.java:573) [hadoop-common-3.3.6.jar:?]
	at org.apache.hadoop.ipc.RPC$Server.call(RPC.java:1227) [hadoop-common-3.3.6.jar:?]
	at org.apache.hadoop.ipc.Server$RpcCall.run(Server.java:1094) [hadoop-common-3.3.6.jar:?]
	at org.apache.hadoop.ipc.Server$RpcCall.run(Server.java:1017) [hadoop-common-3.3.6.jar:?]
	at java.security.AccessController.doPrivileged(Native Method) ~[?:1.8.0_382]
	at javax.security.auth.Subject.doAs(Subject.java:422) [?:1.8.0_382]
	at org.apache.hadoop.security.UserGroupInformation.doAs(UserGroupInformation.java:1899) [hadoop-common-3.3.6.jar:?]
	at org.apache.hadoop.ipc.Server$Handler.run(Server.java:3048) [hadoop-common-3.3.6.jar:?]
11:19:38.400 [IPC Server handler 19 on default port 15110] ERROR OMAudit - user=runner | ip=127.0.0.1 | op=GET_FILE_STATUS {volume=volume57283, bucket=bucket81356, key=testBatchDelete/parent/childFolder/child2, dataSize=0, replicationConfig=null} | ret=FAILURE
org.apache.hadoop.ozone.om.exceptions.OMException: Unable to get file status: volume: volume57283 bucket: bucket81356 key: testBatchDelete/parent/childFolder/child2
	at org.apache.hadoop.ozone.om.KeyManagerImpl.getOzoneFileStatus(KeyManagerImpl.java:1195) ~[ozone-manager-1.4.0-SNAPSHOT.jar:?]
	at org.apache.hadoop.ozone.om.KeyManagerImpl.getFileStatus(KeyManagerImpl.java:1113) ~[ozone-manager-1.4.0-SNAPSHOT.jar:?]
	at org.apache.hadoop.ozone.om.OmMetadataReader.getFileStatus(OmMetadataReader.java:262) ~[ozone-manager-1.4.0-SNAPSHOT.jar:?]
	at org.apache.hadoop.ozone.om.OzoneManager.getFileStatus(OzoneManager.java:3530) ~[ozone-manager-1.4.0-SNAPSHOT.jar:?]
	at org.apache.hadoop.ozone.protocolPB.OzoneManagerRequestHandler.getOzoneFileStatus(OzoneManagerRequestHandler.java:971) ~[ozone-manager-1.4.0-SNAPSHOT.jar:?]
	at org.apache.hadoop.ozone.protocolPB.OzoneManagerRequestHandler.handleReadRequest(OzoneManagerRequestHandler.java:250) ~[ozone-manager-1.4.0-SNAPSHOT.jar:?]
	at org.apache.hadoop.ozone.protocolPB.OzoneManagerProtocolServerSideTranslatorPB.submitReadRequestToOM(OzoneManagerProtocolServerSideTranslatorPB.java:225) ~[ozone-manager-1.4.0-SNAPSHOT.jar:?]
	at org.apache.hadoop.ozone.protocolPB.OzoneManagerProtocolServerSideTranslatorPB.processRequest(OzoneManagerProtocolServerSideTranslatorPB.java:179) ~[ozone-manager-1.4.0-SNAPSHOT.jar:?]
	at org.apache.hadoop.hdds.server.OzoneProtocolMessageDispatcher.processRequest(OzoneProtocolMessageDispatcher.java:87) [hdds-server-framework-1.4.0-SNAPSHOT.jar:?]
	at org.apache.hadoop.ozone.protocolPB.OzoneManagerProtocolServerSideTranslatorPB.submitRequest(OzoneManagerProtocolServerSideTranslatorPB.java:148) [ozone-manager-1.4.0-SNAPSHOT.jar:?]
	at org.apache.hadoop.ozone.protocol.proto.OzoneManagerProtocolProtos$OzoneManagerService$2.callBlockingMethod(OzoneManagerProtocolProtos.java) [ozone-interface-client-1.4.0-SNAPSHOT.jar:?]
	at org.apache.hadoop.ipc.ProtobufRpcEngine$Server.processCall(ProtobufRpcEngine.java:484) [hadoop-common-3.3.6.jar:?]
	at org.apache.hadoop.ipc.ProtobufRpcEngine2$Server$ProtoBufRpcInvoker.call(ProtobufRpcEngine2.java:595) [hadoop-common-3.3.6.jar:?]
	at org.apache.hadoop.ipc.ProtobufRpcEngine2$Server$ProtoBufRpcInvoker.call(ProtobufRpcEngine2.java:573) [hadoop-common-3.3.6.jar:?]
	at org.apache.hadoop.ipc.RPC$Server.call(RPC.java:1227) [hadoop-common-3.3.6.jar:?]
	at org.apache.hadoop.ipc.Server$RpcCall.run(Server.java:1094) [hadoop-common-3.3.6.jar:?]
	at org.apache.hadoop.ipc.Server$RpcCall.run(Server.java:1017) [hadoop-common-3.3.6.jar:?]
	at java.security.AccessController.doPrivileged(Native Method) ~[?:1.8.0_382]
	at javax.security.auth.Subject.doAs(Subject.java:422) [?:1.8.0_382]
	at org.apache.hadoop.security.UserGroupInformation.doAs(UserGroupInformation.java:1899) [hadoop-common-3.3.6.jar:?]
	at org.apache.hadoop.ipc.Server$Handler.run(Server.java:3048) [hadoop-common-3.3.6.jar:?]
11:19:38.401 [IPC Server handler 0 on default port 15110] ERROR OMAudit - user=runner | ip=127.0.0.1 | op=GET_FILE_STATUS {volume=volume57283, bucket=bucket81356, key=testBatchDelete/parent/child3, dataSize=0, replicationConfig=null} | ret=FAILURE
org.apache.hadoop.ozone.om.exceptions.OMException: Unable to get file status: volume: volume57283 bucket: bucket81356 key: testBatchDelete/parent/child3
	at org.apache.hadoop.ozone.om.KeyManagerImpl.getOzoneFileStatus(KeyManagerImpl.java:1195) ~[ozone-manager-1.4.0-SNAPSHOT.jar:?]
	at org.apache.hadoop.ozone.om.KeyManagerImpl.getFileStatus(KeyManagerImpl.java:1113) ~[ozone-manager-1.4.0-SNAPSHOT.jar:?]
	at org.apache.hadoop.ozone.om.OmMetadataReader.getFileStatus(OmMetadataReader.java:262) ~[ozone-manager-1.4.0-SNAPSHOT.jar:?]
	at org.apache.hadoop.ozone.om.OzoneManager.getFileStatus(OzoneManager.java:3530) ~[ozone-manager-1.4.0-SNAPSHOT.jar:?]
	at org.apache.hadoop.ozone.protocolPB.OzoneManagerRequestHandler.getOzoneFileStatus(OzoneManagerRequestHandler.java:971) ~[ozone-manager-1.4.0-SNAPSHOT.jar:?]
	at org.apache.hadoop.ozone.protocolPB.OzoneManagerRequestHandler.handleReadRequest(OzoneManagerRequestHandler.java:250) ~[ozone-manager-1.4.0-SNAPSHOT.jar:?]
	at org.apache.hadoop.ozone.protocolPB.OzoneManagerProtocolServerSideTranslatorPB.submitReadRequestToOM(OzoneManagerProtocolServerSideTranslatorPB.java:225) ~[ozone-manager-1.4.0-SNAPSHOT.jar:?]
	at org.apache.hadoop.ozone.protocolPB.OzoneManagerProtocolServerSideTranslatorPB.processRequest(OzoneManagerProtocolServerSideTranslatorPB.java:179) ~[ozone-manager-1.4.0-SNAPSHOT.jar:?]
	at org.apache.hadoop.hdds.server.OzoneProtocolMessageDispatcher.processRequest(OzoneProtocolMessageDispatcher.java:87) [hdds-server-framework-1.4.0-SNAPSHOT.jar:?]
	at org.apache.hadoop.ozone.protocolPB.OzoneManagerProtocolServerSideTranslatorPB.submitRequest(OzoneManagerProtocolServerSideTranslatorPB.java:148) [ozone-manager-1.4.0-SNAPSHOT.jar:?]
	at org.apache.hadoop.ozone.protocol.proto.OzoneManagerProtocolProtos$OzoneManagerService$2.callBlockingMethod(OzoneManagerProtocolProtos.java) [ozone-interface-client-1.4.0-SNAPSHOT.jar:?]
	at org.apache.hadoop.ipc.ProtobufRpcEngine$Server.processCall(ProtobufRpcEngine.java:484) [hadoop-common-3.3.6.jar:?]
	at org.apache.hadoop.ipc.ProtobufRpcEngine2$Server$ProtoBufRpcInvoker.call(ProtobufRpcEngine2.java:595) [hadoop-common-3.3.6.jar:?]
	at org.apache.hadoop.ipc.ProtobufRpcEngine2$Server$ProtoBufRpcInvoker.call(ProtobufRpcEngine2.java:573) [hadoop-common-3.3.6.jar:?]
	at org.apache.hadoop.ipc.RPC$Server.call(RPC.java:1227) [hadoop-common-3.3.6.jar:?]
	at org.apache.hadoop.ipc.Server$RpcCall.run(Server.java:1094) [hadoop-common-3.3.6.jar:?]
	at org.apache.hadoop.ipc.Server$RpcCall.run(Server.java:1017) [hadoop-common-3.3.6.jar:?]
	at java.security.AccessController.doPrivileged(Native Method) ~[?:1.8.0_382]
	at javax.security.auth.Subject.doAs(Subject.java:422) [?:1.8.0_382]
	at org.apache.hadoop.security.UserGroupInformation.doAs(UserGroupInformation.java:1899) [hadoop-common-3.3.6.jar:?]
	at org.apache.hadoop.ipc.Server$Handler.run(Server.java:3048) [hadoop-common-3.3.6.jar:?]
11:19:38.402 [IPC Server handler 12 on default port 15110] ERROR OMAudit - user=runner | ip=127.0.0.1 | op=GET_FILE_STATUS {volume=volume57283, bucket=bucket81356, key=testBatchDelete/parent/childFolder/child3, dataSize=0, replicationConfig=null} | ret=FAILURE
org.apache.hadoop.ozone.om.exceptions.OMException: Unable to get file status: volume: volume57283 bucket: bucket81356 key: testBatchDelete/parent/childFolder/child3
	at org.apache.hadoop.ozone.om.KeyManagerImpl.getOzoneFileStatus(KeyManagerImpl.java:1195) ~[ozone-manager-1.4.0-SNAPSHOT.jar:?]
	at org.apache.hadoop.ozone.om.KeyManagerImpl.getFileStatus(KeyManagerImpl.java:1113) ~[ozone-manager-1.4.0-SNAPSHOT.jar:?]
	at org.apache.hadoop.ozone.om.OmMetadataReader.getFileStatus(OmMetadataReader.java:262) ~[ozone-manager-1.4.0-SNAPSHOT.jar:?]
	at org.apache.hadoop.ozone.om.OzoneManager.getFileStatus(OzoneManager.java:3530) ~[ozone-manager-1.4.0-SNAPSHOT.jar:?]
	at org.apache.hadoop.ozone.protocolPB.OzoneManagerRequestHandler.getOzoneFileStatus(OzoneManagerRequestHandler.java:971) ~[ozone-manager-1.4.0-SNAPSHOT.jar:?]
	at org.apache.hadoop.ozone.protocolPB.OzoneManagerRequestHandler.handleReadRequest(OzoneManagerRequestHandler.java:250) ~[ozone-manager-1.4.0-SNAPSHOT.jar:?]
	at org.apache.hadoop.ozone.protocolPB.OzoneManagerProtocolServerSideTranslatorPB.submitReadRequestToOM(OzoneManagerProtocolServerSideTranslatorPB.java:225) ~[ozone-manager-1.4.0-SNAPSHOT.jar:?]
	at org.apache.hadoop.ozone.protocolPB.OzoneManagerProtocolServerSideTranslatorPB.processRequest(OzoneManagerProtocolServerSideTranslatorPB.java:179) ~[ozone-manager-1.4.0-SNAPSHOT.jar:?]
	at org.apache.hadoop.hdds.server.OzoneProtocolMessageDispatcher.processRequest(OzoneProtocolMessageDispatcher.java:87) [hdds-server-framework-1.4.0-SNAPSHOT.jar:?]
	at org.apache.hadoop.ozone.protocolPB.OzoneManagerProtocolServerSideTranslatorPB.submitRequest(OzoneManagerProtocolServerSideTranslatorPB.java:148) [ozone-manager-1.4.0-SNAPSHOT.jar:?]
	at org.apache.hadoop.ozone.protocol.proto.OzoneManagerProtocolProtos$OzoneManagerService$2.callBlockingMethod(OzoneManagerProtocolProtos.java) [ozone-interface-client-1.4.0-SNAPSHOT.jar:?]
	at org.apache.hadoop.ipc.ProtobufRpcEngine$Server.processCall(ProtobufRpcEngine.java:484) [hadoop-common-3.3.6.jar:?]
	at org.apache.hadoop.ipc.ProtobufRpcEngine2$Server$ProtoBufRpcInvoker.call(ProtobufRpcEngine2.java:595) [hadoop-common-3.3.6.jar:?]
	at org.apache.hadoop.ipc.ProtobufRpcEngine2$Server$ProtoBufRpcInvoker.call(ProtobufRpcEngine2.java:573) [hadoop-common-3.3.6.jar:?]
	at org.apache.hadoop.ipc.RPC$Server.call(RPC.java:1227) [hadoop-common-3.3.6.jar:?]
	at org.apache.hadoop.ipc.Server$RpcCall.run(Server.java:1094) [hadoop-common-3.3.6.jar:?]
	at org.apache.hadoop.ipc.Server$RpcCall.run(Server.java:1017) [hadoop-common-3.3.6.jar:?]
	at java.security.AccessController.doPrivileged(Native Method) ~[?:1.8.0_382]
	at javax.security.auth.Subject.doAs(Subject.java:422) [?:1.8.0_382]
	at org.apache.hadoop.security.UserGroupInformation.doAs(UserGroupInformation.java:1899) [hadoop-common-3.3.6.jar:?]
	at org.apache.hadoop.ipc.Server$Handler.run(Server.java:3048) [hadoop-common-3.3.6.jar:?]
11:19:38.404 [IPC Server handler 14 on default port 15110] ERROR OMAudit - user=runner | ip=127.0.0.1 | op=GET_FILE_STATUS {volume=volume57283, bucket=bucket81356, key=testBatchDelete/parent/child4, dataSize=0, replicationConfig=null} | ret=FAILURE
org.apache.hadoop.ozone.om.exceptions.OMException: Unable to get file status: volume: volume57283 bucket: bucket81356 key: testBatchDelete/parent/child4
	at org.apache.hadoop.ozone.om.KeyManagerImpl.getOzoneFileStatus(KeyManagerImpl.java:1195) ~[ozone-manager-1.4.0-SNAPSHOT.jar:?]
	at org.apache.hadoop.ozone.om.KeyManagerImpl.getFileStatus(KeyManagerImpl.java:1113) ~[ozone-manager-1.4.0-SNAPSHOT.jar:?]
	at org.apache.hadoop.ozone.om.OmMetadataReader.getFileStatus(OmMetadataReader.java:262) ~[ozone-manager-1.4.0-SNAPSHOT.jar:?]
	at org.apache.hadoop.ozone.om.OzoneManager.getFileStatus(OzoneManager.java:3530) ~[ozone-manager-1.4.0-SNAPSHOT.jar:?]
	at org.apache.hadoop.ozone.protocolPB.OzoneManagerRequestHandler.getOzoneFileStatus(OzoneManagerRequestHandler.java:971) ~[ozone-manager-1.4.0-SNAPSHOT.jar:?]
	at org.apache.hadoop.ozone.protocolPB.OzoneManagerRequestHandler.handleReadRequest(OzoneManagerRequestHandler.java:250) ~[ozone-manager-1.4.0-SNAPSHOT.jar:?]
	at org.apache.hadoop.ozone.protocolPB.OzoneManagerProtocolServerSideTranslatorPB.submitReadRequestToOM(OzoneManagerProtocolServerSideTranslatorPB.java:225) ~[ozone-manager-1.4.0-SNAPSHOT.jar:?]
	at org.apache.hadoop.ozone.protocolPB.OzoneManagerProtocolServerSideTranslatorPB.processRequest(OzoneManagerProtocolServerSideTranslatorPB.java:179) ~[ozone-manager-1.4.0-SNAPSHOT.jar:?]
	at org.apache.hadoop.hdds.server.OzoneProtocolMessageDispatcher.processRequest(OzoneProtocolMessageDispatcher.java:87) [hdds-server-framework-1.4.0-SNAPSHOT.jar:?]
	at org.apache.hadoop.ozone.protocolPB.OzoneManagerProtocolServerSideTranslatorPB.submitRequest(OzoneManagerProtocolServerSideTranslatorPB.java:148) [ozone-manager-1.4.0-SNAPSHOT.jar:?]
	at org.apache.hadoop.ozone.protocol.proto.OzoneManagerProtocolProtos$OzoneManagerService$2.callBlockingMethod(OzoneManagerProtocolProtos.java) [ozone-interface-client-1.4.0-SNAPSHOT.jar:?]
	at org.apache.hadoop.ipc.ProtobufRpcEngine$Server.processCall(ProtobufRpcEngine.java:484) [hadoop-common-3.3.6.jar:?]
	at org.apache.hadoop.ipc.ProtobufRpcEngine2$Server$ProtoBufRpcInvoker.call(ProtobufRpcEngine2.java:595) [hadoop-common-3.3.6.jar:?]
	at org.apache.hadoop.ipc.ProtobufRpcEngine2$Server$ProtoBufRpcInvoker.call(ProtobufRpcEngine2.java:573) [hadoop-common-3.3.6.jar:?]
	at org.apache.hadoop.ipc.RPC$Server.call(RPC.java:1227) [hadoop-common-3.3.6.jar:?]
	at org.apache.hadoop.ipc.Server$RpcCall.run(Server.java:1094) [hadoop-common-3.3.6.jar:?]
	at org.apache.hadoop.ipc.Server$RpcCall.run(Server.java:1017) [hadoop-common-3.3.6.jar:?]
	at java.security.AccessController.doPrivileged(Native Method) ~[?:1.8.0_382]
	at javax.security.auth.Subject.doAs(Subject.java:422) [?:1.8.0_382]
	at org.apache.hadoop.security.UserGroupInformation.doAs(UserGroupInformation.java:1899) [hadoop-common-3.3.6.jar:?]
	at org.apache.hadoop.ipc.Server$Handler.run(Server.java:3048) [hadoop-common-3.3.6.jar:?]
11:19:38.405 [IPC Server handler 15 on default port 15110] ERROR OMAudit - user=runner | ip=127.0.0.1 | op=GET_FILE_STATUS {volume=volume57283, bucket=bucket81356, key=testBatchDelete/parent/childFolder/child4, dataSize=0, replicationConfig=null} | ret=FAILURE
org.apache.hadoop.ozone.om.exceptions.OMException: Unable to get file status: volume: volume57283 bucket: bucket81356 key: testBatchDelete/parent/childFolder/child4
	at org.apache.hadoop.ozone.om.KeyManagerImpl.getOzoneFileStatus(KeyManagerImpl.java:1195) ~[ozone-manager-1.4.0-SNAPSHOT.jar:?]
	at org.apache.hadoop.ozone.om.KeyManagerImpl.getFileStatus(KeyManagerImpl.java:1113) ~[ozone-manager-1.4.0-SNAPSHOT.jar:?]
	at org.apache.hadoop.ozone.om.OmMetadataReader.getFileStatus(OmMetadataReader.java:262) ~[ozone-manager-1.4.0-SNAPSHOT.jar:?]
	at org.apache.hadoop.ozone.om.OzoneManager.getFileStatus(OzoneManager.java:3530) ~[ozone-manager-1.4.0-SNAPSHOT.jar:?]
	at org.apache.hadoop.ozone.protocolPB.OzoneManagerRequestHandler.getOzoneFileStatus(OzoneManagerRequestHandler.java:971) ~[ozone-manager-1.4.0-SNAPSHOT.jar:?]
	at org.apache.hadoop.ozone.protocolPB.OzoneManagerRequestHandler.handleReadRequest(OzoneManagerRequestHandler.java:250) ~[ozone-manager-1.4.0-SNAPSHOT.jar:?]
	at org.apache.hadoop.ozone.protocolPB.OzoneManagerProtocolServerSideTranslatorPB.submitReadRequestToOM(OzoneManagerProtocolServerSideTranslatorPB.java:225) ~[ozone-manager-1.4.0-SNAPSHOT.jar:?]
	at org.apache.hadoop.ozone.protocolPB.OzoneManagerProtocolServerSideTranslatorPB.processRequest(OzoneManagerProtocolServerSideTranslatorPB.java:179) ~[ozone-manager-1.4.0-SNAPSHOT.jar:?]
	at org.apache.hadoop.hdds.server.OzoneProtocolMessageDispatcher.processRequest(OzoneProtocolMessageDispatcher.java:87) [hdds-server-framework-1.4.0-SNAPSHOT.jar:?]
	at org.apache.hadoop.ozone.protocolPB.OzoneManagerProtocolServerSideTranslatorPB.submitRequest(OzoneManagerProtocolServerSideTranslatorPB.java:148) [ozone-manager-1.4.0-SNAPSHOT.jar:?]
	at org.apache.hadoop.ozone.protocol.proto.OzoneManagerProtocolProtos$OzoneManagerService$2.callBlockingMethod(OzoneManagerProtocolProtos.java) [ozone-interface-client-1.4.0-SNAPSHOT.jar:?]
	at org.apache.hadoop.ipc.ProtobufRpcEngine$Server.processCall(ProtobufRpcEngine.java:484) [hadoop-common-3.3.6.jar:?]
	at org.apache.hadoop.ipc.ProtobufRpcEngine2$Server$ProtoBufRpcInvoker.call(ProtobufRpcEngine2.java:595) [hadoop-common-3.3.6.jar:?]
	at org.apache.hadoop.ipc.ProtobufRpcEngine2$Server$ProtoBufRpcInvoker.call(ProtobufRpcEngine2.java:573) [hadoop-common-3.3.6.jar:?]
	at org.apache.hadoop.ipc.RPC$Server.call(RPC.java:1227) [hadoop-common-3.3.6.jar:?]
	at org.apache.hadoop.ipc.Server$RpcCall.run(Server.java:1094) [hadoop-common-3.3.6.jar:?]
	at org.apache.hadoop.ipc.Server$RpcCall.run(Server.java:1017) [hadoop-common-3.3.6.jar:?]
	at java.security.AccessController.doPrivileged(Native Method) ~[?:1.8.0_382]
	at javax.security.auth.Subject.doAs(Subject.java:422) [?:1.8.0_382]
	at org.apache.hadoop.security.UserGroupInformation.doAs(UserGroupInformation.java:1899) [hadoop-common-3.3.6.jar:?]
	at org.apache.hadoop.ipc.Server$Handler.run(Server.java:3048) [hadoop-common-3.3.6.jar:?]
11:19:38.407 [IPC Server handler 16 on default port 15110] ERROR OMAudit - user=runner | ip=127.0.0.1 | op=GET_FILE_STATUS {volume=volume57283, bucket=bucket81356, key=testBatchDelete/parent/child5, dataSize=0, replicationConfig=null} | ret=FAILURE
org.apache.hadoop.ozone.om.exceptions.OMException: Unable to get file status: volume: volume57283 bucket: bucket81356 key: testBatchDelete/parent/child5
	at org.apache.hadoop.ozone.om.KeyManagerImpl.getOzoneFileStatus(KeyManagerImpl.java:1195) ~[ozone-manager-1.4.0-SNAPSHOT.jar:?]
	at org.apache.hadoop.ozone.om.KeyManagerImpl.getFileStatus(KeyManagerImpl.java:1113) ~[ozone-manager-1.4.0-SNAPSHOT.jar:?]
	at org.apache.hadoop.ozone.om.OmMetadataReader.getFileStatus(OmMetadataReader.java:262) ~[ozone-manager-1.4.0-SNAPSHOT.jar:?]
	at org.apache.hadoop.ozone.om.OzoneManager.getFileStatus(OzoneManager.java:3530) ~[ozone-manager-1.4.0-SNAPSHOT.jar:?]
	at org.apache.hadoop.ozone.protocolPB.OzoneManagerRequestHandler.getOzoneFileStatus(OzoneManagerRequestHandler.java:971) ~[ozone-manager-1.4.0-SNAPSHOT.jar:?]
	at org.apache.hadoop.ozone.protocolPB.OzoneManagerRequestHandler.handleReadRequest(OzoneManagerRequestHandler.java:250) ~[ozone-manager-1.4.0-SNAPSHOT.jar:?]
	at org.apache.hadoop.ozone.protocolPB.OzoneManagerProtocolServerSideTranslatorPB.submitReadRequestToOM(OzoneManagerProtocolServerSideTranslatorPB.java:225) ~[ozone-manager-1.4.0-SNAPSHOT.jar:?]
	at org.apache.hadoop.ozone.protocolPB.OzoneManagerProtocolServerSideTranslatorPB.processRequest(OzoneManagerProtocolServerSideTranslatorPB.java:179) ~[ozone-manager-1.4.0-SNAPSHOT.jar:?]
	at org.apache.hadoop.hdds.server.OzoneProtocolMessageDispatcher.processRequest(OzoneProtocolMessageDispatcher.java:87) [hdds-server-framework-1.4.0-SNAPSHOT.jar:?]
	at org.apache.hadoop.ozone.protocolPB.OzoneManagerProtocolServerSideTranslatorPB.submitRequest(OzoneManagerProtocolServerSideTranslatorPB.java:148) [ozone-manager-1.4.0-SNAPSHOT.jar:?]
	at org.apache.hadoop.ozone.protocol.proto.OzoneManagerProtocolProtos$OzoneManagerService$2.callBlockingMethod(OzoneManagerProtocolProtos.java) [ozone-interface-client-1.4.0-SNAPSHOT.jar:?]
	at org.apache.hadoop.ipc.ProtobufRpcEngine$Server.processCall(ProtobufRpcEngine.java:484) [hadoop-common-3.3.6.jar:?]
	at org.apache.hadoop.ipc.ProtobufRpcEngine2$Server$ProtoBufRpcInvoker.call(ProtobufRpcEngine2.java:595) [hadoop-common-3.3.6.jar:?]
	at org.apache.hadoop.ipc.ProtobufRpcEngine2$Server$ProtoBufRpcInvoker.call(ProtobufRpcEngine2.java:573) [hadoop-common-3.3.6.jar:?]
	at org.apache.hadoop.ipc.RPC$Server.call(RPC.java:1227) [hadoop-common-3.3.6.jar:?]
	at org.apache.hadoop.ipc.Server$RpcCall.run(Server.java:1094) [hadoop-common-3.3.6.jar:?]
	at org.apache.hadoop.ipc.Server$RpcCall.run(Server.java:1017) [hadoop-common-3.3.6.jar:?]
	at java.security.AccessController.doPrivileged(Native Method) ~[?:1.8.0_382]
	at javax.security.auth.Subject.doAs(Subject.java:422) [?:1.8.0_382]
	at org.apache.hadoop.security.UserGroupInformation.doAs(UserGroupInformation.java:1899) [hadoop-common-3.3.6.jar:?]
	at org.apache.hadoop.ipc.Server$Handler.run(Server.java:3048) [hadoop-common-3.3.6.jar:?]
11:19:38.408 [IPC Server handler 6 on default port 15110] ERROR OMAudit - user=runner | ip=127.0.0.1 | op=GET_FILE_STATUS {volume=volume57283, bucket=bucket81356, key=testBatchDelete/parent/childFolder/child5, dataSize=0, replicationConfig=null} | ret=FAILURE
org.apache.hadoop.ozone.om.exceptions.OMException: Unable to get file status: volume: volume57283 bucket: bucket81356 key: testBatchDelete/parent/childFolder/child5
	at org.apache.hadoop.ozone.om.KeyManagerImpl.getOzoneFileStatus(KeyManagerImpl.java:1195) ~[ozone-manager-1.4.0-SNAPSHOT.jar:?]
	at org.apache.hadoop.ozone.om.KeyManagerImpl.getFileStatus(KeyManagerImpl.java:1113) ~[ozone-manager-1.4.0-SNAPSHOT.jar:?]
	at org.apache.hadoop.ozone.om.OmMetadataReader.getFileStatus(OmMetadataReader.java:262) ~[ozone-manager-1.4.0-SNAPSHOT.jar:?]
	at org.apache.hadoop.ozone.om.OzoneManager.getFileStatus(OzoneManager.java:3530) ~[ozone-manager-1.4.0-SNAPSHOT.jar:?]
	at org.apache.hadoop.ozone.protocolPB.OzoneManagerRequestHandler.getOzoneFileStatus(OzoneManagerRequestHandler.java:971) ~[ozone-manager-1.4.0-SNAPSHOT.jar:?]
	at org.apache.hadoop.ozone.protocolPB.OzoneManagerRequestHandler.handleReadRequest(OzoneManagerRequestHandler.java:250) ~[ozone-manager-1.4.0-SNAPSHOT.jar:?]
	at org.apache.hadoop.ozone.protocolPB.OzoneManagerProtocolServerSideTranslatorPB.submitReadRequestToOM(OzoneManagerProtocolServerSideTranslatorPB.java:225) ~[ozone-manager-1.4.0-SNAPSHOT.jar:?]
	at org.apache.hadoop.ozone.protocolPB.OzoneManagerProtocolServerSideTranslatorPB.processRequest(OzoneManagerProtocolServerSideTranslatorPB.java:179) ~[ozone-manager-1.4.0-SNAPSHOT.jar:?]
	at org.apache.hadoop.hdds.server.OzoneProtocolMessageDispatcher.processRequest(OzoneProtocolMessageDispatcher.java:87) [hdds-server-framework-1.4.0-SNAPSHOT.jar:?]
	at org.apache.hadoop.ozone.protocolPB.OzoneManagerProtocolServerSideTranslatorPB.submitRequest(OzoneManagerProtocolServerSideTranslatorPB.java:148) [ozone-manager-1.4.0-SNAPSHOT.jar:?]
	at org.apache.hadoop.ozone.protocol.proto.OzoneManagerProtocolProtos$OzoneManagerService$2.callBlockingMethod(OzoneManagerProtocolProtos.java) [ozone-interface-client-1.4.0-SNAPSHOT.jar:?]
	at org.apache.hadoop.ipc.ProtobufRpcEngine$Server.processCall(ProtobufRpcEngine.java:484) [hadoop-common-3.3.6.jar:?]
	at org.apache.hadoop.ipc.ProtobufRpcEngine2$Server$ProtoBufRpcInvoker.call(ProtobufRpcEngine2.java:595) [hadoop-common-3.3.6.jar:?]
	at org.apache.hadoop.ipc.ProtobufRpcEngine2$Server$ProtoBufRpcInvoker.call(ProtobufRpcEngine2.java:573) [hadoop-common-3.3.6.jar:?]
	at org.apache.hadoop.ipc.RPC$Server.call(RPC.java:1227) [hadoop-common-3.3.6.jar:?]
	at org.apache.hadoop.ipc.Server$RpcCall.run(Server.java:1094) [hadoop-common-3.3.6.jar:?]
	at org.apache.hadoop.ipc.Server$RpcCall.run(Server.java:1017) [hadoop-common-3.3.6.jar:?]
	at java.security.AccessController.doPrivileged(Native Method) ~[?:1.8.0_382]
	at javax.security.auth.Subject.doAs(Subject.java:422) [?:1.8.0_382]
	at org.apache.hadoop.security.UserGroupInformation.doAs(UserGroupInformation.java:1899) [hadoop-common-3.3.6.jar:?]
	at org.apache.hadoop.ipc.Server$Handler.run(Server.java:3048) [hadoop-common-3.3.6.jar:?]
11:19:38.409 [IPC Server handler 2 on default port 15110] ERROR OMAudit - user=runner | ip=127.0.0.1 | op=GET_FILE_STATUS {volume=volume57283, bucket=bucket81356, key=testBatchDelete/parent/child6, dataSize=0, replicationConfig=null} | ret=FAILURE
org.apache.hadoop.ozone.om.exceptions.OMException: Unable to get file status: volume: volume57283 bucket: bucket81356 key: testBatchDelete/parent/child6
	at org.apache.hadoop.ozone.om.KeyManagerImpl.getOzoneFileStatus(KeyManagerImpl.java:1195) ~[ozone-manager-1.4.0-SNAPSHOT.jar:?]
	at org.apache.hadoop.ozone.om.KeyManagerImpl.getFileStatus(KeyManagerImpl.java:1113) ~[ozone-manager-1.4.0-SNAPSHOT.jar:?]
	at org.apache.hadoop.ozone.om.OmMetadataReader.getFileStatus(OmMetadataReader.java:262) ~[ozone-manager-1.4.0-SNAPSHOT.jar:?]
	at org.apache.hadoop.ozone.om.OzoneManager.getFileStatus(OzoneManager.java:3530) ~[ozone-manager-1.4.0-SNAPSHOT.jar:?]
	at org.apache.hadoop.ozone.protocolPB.OzoneManagerRequestHandler.getOzoneFileStatus(OzoneManagerRequestHandler.java:971) ~[ozone-manager-1.4.0-SNAPSHOT.jar:?]
	at org.apache.hadoop.ozone.protocolPB.OzoneManagerRequestHandler.handleReadRequest(OzoneManagerRequestHandler.java:250) ~[ozone-manager-1.4.0-SNAPSHOT.jar:?]
	at org.apache.hadoop.ozone.protocolPB.OzoneManagerProtocolServerSideTranslatorPB.submitReadRequestToOM(OzoneManagerProtocolServerSideTranslatorPB.java:225) ~[ozone-manager-1.4.0-SNAPSHOT.jar:?]
	at org.apache.hadoop.ozone.protocolPB.OzoneManagerProtocolServerSideTranslatorPB.processRequest(OzoneManagerProtocolServerSideTranslatorPB.java:179) ~[ozone-manager-1.4.0-SNAPSHOT.jar:?]
	at org.apache.hadoop.hdds.server.OzoneProtocolMessageDispatcher.processRequest(OzoneProtocolMessageDispatcher.java:87) [hdds-server-framework-1.4.0-SNAPSHOT.jar:?]
	at org.apache.hadoop.ozone.protocolPB.OzoneManagerProtocolServerSideTranslatorPB.submitRequest(OzoneManagerProtocolServerSideTranslatorPB.java:148) [ozone-manager-1.4.0-SNAPSHOT.jar:?]
	at org.apache.hadoop.ozone.protocol.proto.OzoneManagerProtocolProtos$OzoneManagerService$2.callBlockingMethod(OzoneManagerProtocolProtos.java) [ozone-interface-client-1.4.0-SNAPSHOT.jar:?]
	at org.apache.hadoop.ipc.ProtobufRpcEngine$Server.processCall(ProtobufRpcEngine.java:484) [hadoop-common-3.3.6.jar:?]
	at org.apache.hadoop.ipc.ProtobufRpcEngine2$Server$ProtoBufRpcInvoker.call(ProtobufRpcEngine2.java:595) [hadoop-common-3.3.6.jar:?]
	at org.apache.hadoop.ipc.ProtobufRpcEngine2$Server$ProtoBufRpcInvoker.call(ProtobufRpcEngine2.java:573) [hadoop-common-3.3.6.jar:?]
	at org.apache.hadoop.ipc.RPC$Server.call(RPC.java:1227) [hadoop-common-3.3.6.jar:?]
	at org.apache.hadoop.ipc.Server$RpcCall.run(Server.java:1094) [hadoop-common-3.3.6.jar:?]
	at org.apache.hadoop.ipc.Server$RpcCall.run(Server.java:1017) [hadoop-common-3.3.6.jar:?]
	at java.security.AccessController.doPrivileged(Native Method) ~[?:1.8.0_382]
	at javax.security.auth.Subject.doAs(Subject.java:422) [?:1.8.0_382]
	at org.apache.hadoop.security.UserGroupInformation.doAs(UserGroupInformation.java:1899) [hadoop-common-3.3.6.jar:?]
	at org.apache.hadoop.ipc.Server$Handler.run(Server.java:3048) [hadoop-common-3.3.6.jar:?]
11:19:38.410 [IPC Server handler 3 on default port 15110] ERROR OMAudit - user=runner | ip=127.0.0.1 | op=GET_FILE_STATUS {volume=volume57283, bucket=bucket81356, key=testBatchDelete/parent/childFolder/child6, dataSize=0, replicationConfig=null} | ret=FAILURE
org.apache.hadoop.ozone.om.exceptions.OMException: Unable to get file status: volume: volume57283 bucket: bucket81356 key: testBatchDelete/parent/childFolder/child6
	at org.apache.hadoop.ozone.om.KeyManagerImpl.getOzoneFileStatus(KeyManagerImpl.java:1195) ~[ozone-manager-1.4.0-SNAPSHOT.jar:?]
	at org.apache.hadoop.ozone.om.KeyManagerImpl.getFileStatus(KeyManagerImpl.java:1113) ~[ozone-manager-1.4.0-SNAPSHOT.jar:?]
	at org.apache.hadoop.ozone.om.OmMetadataReader.getFileStatus(OmMetadataReader.java:262) ~[ozone-manager-1.4.0-SNAPSHOT.jar:?]
	at org.apache.hadoop.ozone.om.OzoneManager.getFileStatus(OzoneManager.java:3530) ~[ozone-manager-1.4.0-SNAPSHOT.jar:?]
	at org.apache.hadoop.ozone.protocolPB.OzoneManagerRequestHandler.getOzoneFileStatus(OzoneManagerRequestHandler.java:971) ~[ozone-manager-1.4.0-SNAPSHOT.jar:?]
	at org.apache.hadoop.ozone.protocolPB.OzoneManagerRequestHandler.handleReadRequest(OzoneManagerRequestHandler.java:250) ~[ozone-manager-1.4.0-SNAPSHOT.jar:?]
	at org.apache.hadoop.ozone.protocolPB.OzoneManagerProtocolServerSideTranslatorPB.submitReadRequestToOM(OzoneManagerProtocolServerSideTranslatorPB.java:225) ~[ozone-manager-1.4.0-SNAPSHOT.jar:?]
	at org.apache.hadoop.ozone.protocolPB.OzoneManagerProtocolServerSideTranslatorPB.processRequest(OzoneManagerProtocolServerSideTranslatorPB.java:179) ~[ozone-manager-1.4.0-SNAPSHOT.jar:?]
	at org.apache.hadoop.hdds.server.OzoneProtocolMessageDispatcher.processRequest(OzoneProtocolMessageDispatcher.java:87) [hdds-server-framework-1.4.0-SNAPSHOT.jar:?]
	at org.apache.hadoop.ozone.protocolPB.OzoneManagerProtocolServerSideTranslatorPB.submitRequest(OzoneManagerProtocolServerSideTranslatorPB.java:148) [ozone-manager-1.4.0-SNAPSHOT.jar:?]
	at org.apache.hadoop.ozone.protocol.proto.OzoneManagerProtocolProtos$OzoneManagerService$2.callBlockingMethod(OzoneManagerProtocolProtos.java) [ozone-interface-client-1.4.0-SNAPSHOT.jar:?]
	at org.apache.hadoop.ipc.ProtobufRpcEngine$Server.processCall(ProtobufRpcEngine.java:484) [hadoop-common-3.3.6.jar:?]
	at org.apache.hadoop.ipc.ProtobufRpcEngine2$Server$ProtoBufRpcInvoker.call(ProtobufRpcEngine2.java:595) [hadoop-common-3.3.6.jar:?]
	at org.apache.hadoop.ipc.ProtobufRpcEngine2$Server$ProtoBufRpcInvoker.call(ProtobufRpcEngine2.java:573) [hadoop-common-3.3.6.jar:?]
	at org.apache.hadoop.ipc.RPC$Server.call(RPC.java:1227) [hadoop-common-3.3.6.jar:?]
	at org.apache.hadoop.ipc.Server$RpcCall.run(Server.java:1094) [hadoop-common-3.3.6.jar:?]
	at org.apache.hadoop.ipc.Server$RpcCall.run(Server.java:1017) [hadoop-common-3.3.6.jar:?]
	at java.security.AccessController.doPrivileged(Native Method) ~[?:1.8.0_382]
	at javax.security.auth.Subject.doAs(Subject.java:422) [?:1.8.0_382]
	at org.apache.hadoop.security.UserGroupInformation.doAs(UserGroupInformation.java:1899) [hadoop-common-3.3.6.jar:?]
	at org.apache.hadoop.ipc.Server$Handler.run(Server.java:3048) [hadoop-common-3.3.6.jar:?]
11:19:38.411 [IPC Server handler 9 on default port 15110] ERROR OMAudit - user=runner | ip=127.0.0.1 | op=GET_FILE_STATUS {volume=volume57283, bucket=bucket81356, key=testBatchDelete/parent/child7, dataSize=0, replicationConfig=null} | ret=FAILURE
org.apache.hadoop.ozone.om.exceptions.OMException: Unable to get file status: volume: volume57283 bucket: bucket81356 key: testBatchDelete/parent/child7
	at org.apache.hadoop.ozone.om.KeyManagerImpl.getOzoneFileStatus(KeyManagerImpl.java:1195) ~[ozone-manager-1.4.0-SNAPSHOT.jar:?]
	at org.apache.hadoop.ozone.om.KeyManagerImpl.getFileStatus(KeyManagerImpl.java:1113) ~[ozone-manager-1.4.0-SNAPSHOT.jar:?]
	at org.apache.hadoop.ozone.om.OmMetadataReader.getFileStatus(OmMetadataReader.java:262) ~[ozone-manager-1.4.0-SNAPSHOT.jar:?]
	at org.apache.hadoop.ozone.om.OzoneManager.getFileStatus(OzoneManager.java:3530) ~[ozone-manager-1.4.0-SNAPSHOT.jar:?]
	at org.apache.hadoop.ozone.protocolPB.OzoneManagerRequestHandler.getOzoneFileStatus(OzoneManagerRequestHandler.java:971) ~[ozone-manager-1.4.0-SNAPSHOT.jar:?]
	at org.apache.hadoop.ozone.protocolPB.OzoneManagerRequestHandler.handleReadRequest(OzoneManagerRequestHandler.java:250) ~[ozone-manager-1.4.0-SNAPSHOT.jar:?]
	at org.apache.hadoop.ozone.protocolPB.OzoneManagerProtocolServerSideTranslatorPB.submitReadRequestToOM(OzoneManagerProtocolServerSideTranslatorPB.java:225) ~[ozone-manager-1.4.0-SNAPSHOT.jar:?]
	at org.apache.hadoop.ozone.protocolPB.OzoneManagerProtocolServerSideTranslatorPB.processRequest(OzoneManagerProtocolServerSideTranslatorPB.java:179) ~[ozone-manager-1.4.0-SNAPSHOT.jar:?]
	at org.apache.hadoop.hdds.server.OzoneProtocolMessageDispatcher.processRequest(OzoneProtocolMessageDispatcher.java:87) [hdds-server-framework-1.4.0-SNAPSHOT.jar:?]
	at org.apache.hadoop.ozone.protocolPB.OzoneManagerProtocolServerSideTranslatorPB.submitRequest(OzoneManagerProtocolServerSideTranslatorPB.java:148) [ozone-manager-1.4.0-SNAPSHOT.jar:?]
	at org.apache.hadoop.ozone.protocol.proto.OzoneManagerProtocolProtos$OzoneManagerService$2.callBlockingMethod(OzoneManagerProtocolProtos.java) [ozone-interface-client-1.4.0-SNAPSHOT.jar:?]
	at org.apache.hadoop.ipc.ProtobufRpcEngine$Server.processCall(ProtobufRpcEngine.java:484) [hadoop-common-3.3.6.jar:?]
	at org.apache.hadoop.ipc.ProtobufRpcEngine2$Server$ProtoBufRpcInvoker.call(ProtobufRpcEngine2.java:595) [hadoop-common-3.3.6.jar:?]
	at org.apache.hadoop.ipc.ProtobufRpcEngine2$Server$ProtoBufRpcInvoker.call(ProtobufRpcEngine2.java:573) [hadoop-common-3.3.6.jar:?]
	at org.apache.hadoop.ipc.RPC$Server.call(RPC.java:1227) [hadoop-common-3.3.6.jar:?]
	at org.apache.hadoop.ipc.Server$RpcCall.run(Server.java:1094) [hadoop-common-3.3.6.jar:?]
	at org.apache.hadoop.ipc.Server$RpcCall.run(Server.java:1017) [hadoop-common-3.3.6.jar:?]
	at java.security.AccessController.doPrivileged(Native Method) ~[?:1.8.0_382]
	at javax.security.auth.Subject.doAs(Subject.java:422) [?:1.8.0_382]
	at org.apache.hadoop.security.UserGroupInformation.doAs(UserGroupInformation.java:1899) [hadoop-common-3.3.6.jar:?]
	at org.apache.hadoop.ipc.Server$Handler.run(Server.java:3048) [hadoop-common-3.3.6.jar:?]
11:19:38.414 [IPC Server handler 11 on default port 15110] ERROR OMAudit - user=runner | ip=127.0.0.1 | op=GET_FILE_STATUS {volume=volume57283, bucket=bucket81356, key=testBatchDelete/parent/childFolder/child7, dataSize=0, replicationConfig=null} | ret=FAILURE
org.apache.hadoop.ozone.om.exceptions.OMException: Unable to get file status: volume: volume57283 bucket: bucket81356 key: testBatchDelete/parent/childFolder/child7
	at org.apache.hadoop.ozone.om.KeyManagerImpl.getOzoneFileStatus(KeyManagerImpl.java:1195) ~[ozone-manager-1.4.0-SNAPSHOT.jar:?]
	at org.apache.hadoop.ozone.om.KeyManagerImpl.getFileStatus(KeyManagerImpl.java:1113) ~[ozone-manager-1.4.0-SNAPSHOT.jar:?]
	at org.apache.hadoop.ozone.om.OmMetadataReader.getFileStatus(OmMetadataReader.java:262) ~[ozone-manager-1.4.0-SNAPSHOT.jar:?]
	at org.apache.hadoop.ozone.om.OzoneManager.getFileStatus(OzoneManager.java:3530) ~[ozone-manager-1.4.0-SNAPSHOT.jar:?]
	at org.apache.hadoop.ozone.protocolPB.OzoneManagerRequestHandler.getOzoneFileStatus(OzoneManagerRequestHandler.java:971) ~[ozone-manager-1.4.0-SNAPSHOT.jar:?]
	at org.apache.hadoop.ozone.protocolPB.OzoneManagerRequestHandler.handleReadRequest(OzoneManagerRequestHandler.java:250) ~[ozone-manager-1.4.0-SNAPSHOT.jar:?]
	at org.apache.hadoop.ozone.protocolPB.OzoneManagerProtocolServerSideTranslatorPB.submitReadRequestToOM(OzoneManagerProtocolServerSideTranslatorPB.java:225) ~[ozone-manager-1.4.0-SNAPSHOT.jar:?]
	at org.apache.hadoop.ozone.protocolPB.OzoneManagerProtocolServerSideTranslatorPB.processRequest(OzoneManagerProtocolServerSideTranslatorPB.java:179) ~[ozone-manager-1.4.0-SNAPSHOT.jar:?]
	at org.apache.hadoop.hdds.server.OzoneProtocolMessageDispatcher.processRequest(OzoneProtocolMessageDispatcher.java:87) [hdds-server-framework-1.4.0-SNAPSHOT.jar:?]
	at org.apache.hadoop.ozone.protocolPB.OzoneManagerProtocolServerSideTranslatorPB.submitRequest(OzoneManagerProtocolServerSideTranslatorPB.java:148) [ozone-manager-1.4.0-SNAPSHOT.jar:?]
	at org.apache.hadoop.ozone.protocol.proto.OzoneManagerProtocolProtos$OzoneManagerService$2.callBlockingMethod(OzoneManagerProtocolProtos.java) [ozone-interface-client-1.4.0-SNAPSHOT.jar:?]
	at org.apache.hadoop.ipc.ProtobufRpcEngine$Server.processCall(ProtobufRpcEngine.java:484) [hadoop-common-3.3.6.jar:?]
	at org.apache.hadoop.ipc.ProtobufRpcEngine2$Server$ProtoBufRpcInvoker.call(ProtobufRpcEngine2.java:595) [hadoop-common-3.3.6.jar:?]
	at org.apache.hadoop.ipc.ProtobufRpcEngine2$Server$ProtoBufRpcInvoker.call(ProtobufRpcEngine2.java:573) [hadoop-common-3.3.6.jar:?]
	at org.apache.hadoop.ipc.RPC$Server.call(RPC.java:1227) [hadoop-common-3.3.6.jar:?]
	at org.apache.hadoop.ipc.Server$RpcCall.run(Server.java:1094) [hadoop-common-3.3.6.jar:?]
	at org.apache.hadoop.ipc.Server$RpcCall.run(Server.java:1017) [hadoop-common-3.3.6.jar:?]
	at java.security.AccessController.doPrivileged(Native Method) ~[?:1.8.0_382]
	at javax.security.auth.Subject.doAs(Subject.java:422) [?:1.8.0_382]
	at org.apache.hadoop.security.UserGroupInformation.doAs(UserGroupInformation.java:1899) [hadoop-common-3.3.6.jar:?]
	at org.apache.hadoop.ipc.Server$Handler.run(Server.java:3048) [hadoop-common-3.3.6.jar:?]
11:19:38.416 [IPC Server handler 10 on default port 15110] ERROR OMAudit - user=runner | ip=127.0.0.1 | op=GET_FILE_STATUS {volume=volume57283, bucket=bucket81356, key=testBatchDelete/parent, dataSize=0, replicationConfig=null} | ret=FAILURE
org.apache.hadoop.ozone.om.exceptions.OMException: Unable to get file status: volume: volume57283 bucket: bucket81356 key: testBatchDelete/parent
	at org.apache.hadoop.ozone.om.KeyManagerImpl.getOzoneFileStatus(KeyManagerImpl.java:1195) ~[ozone-manager-1.4.0-SNAPSHOT.jar:?]
	at org.apache.hadoop.ozone.om.KeyManagerImpl.getFileStatus(KeyManagerImpl.java:1113) ~[ozone-manager-1.4.0-SNAPSHOT.jar:?]
	at org.apache.hadoop.ozone.om.OmMetadataReader.getFileStatus(OmMetadataReader.java:262) ~[ozone-manager-1.4.0-SNAPSHOT.jar:?]
	at org.apache.hadoop.ozone.om.OzoneManager.getFileStatus(OzoneManager.java:3530) ~[ozone-manager-1.4.0-SNAPSHOT.jar:?]
	at org.apache.hadoop.ozone.protocolPB.OzoneManagerRequestHandler.getOzoneFileStatus(OzoneManagerRequestHandler.java:971) ~[ozone-manager-1.4.0-SNAPSHOT.jar:?]
	at org.apache.hadoop.ozone.protocolPB.OzoneManagerRequestHandler.handleReadRequest(OzoneManagerRequestHandler.java:250) ~[ozone-manager-1.4.0-SNAPSHOT.jar:?]
	at org.apache.hadoop.ozone.protocolPB.OzoneManagerProtocolServerSideTranslatorPB.submitReadRequestToOM(OzoneManagerProtocolServerSideTranslatorPB.java:225) ~[ozone-manager-1.4.0-SNAPSHOT.jar:?]
	at org.apache.hadoop.ozone.protocolPB.OzoneManagerProtocolServerSideTranslatorPB.processRequest(OzoneManagerProtocolServerSideTranslatorPB.java:179) ~[ozone-manager-1.4.0-SNAPSHOT.jar:?]
	at org.apache.hadoop.hdds.server.OzoneProtocolMessageDispatcher.processRequest(OzoneProtocolMessageDispatcher.java:87) [hdds-server-framework-1.4.0-SNAPSHOT.jar:?]
	at org.apache.hadoop.ozone.protocolPB.OzoneManagerProtocolServerSideTranslatorPB.submitRequest(OzoneManagerProtocolServerSideTranslatorPB.java:148) [ozone-manager-1.4.0-SNAPSHOT.jar:?]
	at org.apache.hadoop.ozone.protocol.proto.OzoneManagerProtocolProtos$OzoneManagerService$2.callBlockingMethod(OzoneManagerProtocolProtos.java) [ozone-interface-client-1.4.0-SNAPSHOT.jar:?]
	at org.apache.hadoop.ipc.ProtobufRpcEngine$Server.processCall(ProtobufRpcEngine.java:484) [hadoop-common-3.3.6.jar:?]
	at org.apache.hadoop.ipc.ProtobufRpcEngine2$Server$ProtoBufRpcInvoker.call(ProtobufRpcEngine2.java:595) [hadoop-common-3.3.6.jar:?]
	at org.apache.hadoop.ipc.ProtobufRpcEngine2$Server$ProtoBufRpcInvoker.call(ProtobufRpcEngine2.java:573) [hadoop-common-3.3.6.jar:?]
	at org.apache.hadoop.ipc.RPC$Server.call(RPC.java:1227) [hadoop-common-3.3.6.jar:?]
	at org.apache.hadoop.ipc.Server$RpcCall.run(Server.java:1094) [hadoop-common-3.3.6.jar:?]
	at org.apache.hadoop.ipc.Server$RpcCall.run(Server.java:1017) [hadoop-common-3.3.6.jar:?]
	at java.security.AccessController.doPrivileged(Native Method) ~[?:1.8.0_382]
	at javax.security.auth.Subject.doAs(Subject.java:422) [?:1.8.0_382]
	at org.apache.hadoop.security.UserGroupInformation.doAs(UserGroupInformation.java:1899) [hadoop-common-3.3.6.jar:?]
	at org.apache.hadoop.ipc.Server$Handler.run(Server.java:3048) [hadoop-common-3.3.6.jar:?]
2023-09-08 11:19:38,416 [Time-limited test] WARN  ozone.BasicOzoneFileSystem (BasicOzoneFileSystem.java:delete(595)) - delete: Path does not exist: /testBatchDelete/parent
]]></system-out>
  </testcase>
  <testcase name="testFileDelete" classname="TestOzoneFileSystem" time="0.115">
    <system-out><![CDATA[11:21:06.282 [IPC Server handler 18 on default port 15163] ERROR OMAudit - user=runner | ip=127.0.0.1 | op=GET_FILE_STATUS {volume=volume69610, bucket=bucket82402, key=testBatchDelete, dataSize=0, replicationConfig=null} | ret=FAILURE
org.apache.hadoop.ozone.om.exceptions.OMException: Unable to get file status: volume: volume69610 bucket: bucket82402 key: testBatchDelete
	at org.apache.hadoop.ozone.om.KeyManagerImpl.getOzoneFileStatus(KeyManagerImpl.java:1195) ~[ozone-manager-1.4.0-SNAPSHOT.jar:?]
	at org.apache.hadoop.ozone.om.KeyManagerImpl.getFileStatus(KeyManagerImpl.java:1113) ~[ozone-manager-1.4.0-SNAPSHOT.jar:?]
	at org.apache.hadoop.ozone.om.OmMetadataReader.getFileStatus(OmMetadataReader.java:262) ~[ozone-manager-1.4.0-SNAPSHOT.jar:?]
	at org.apache.hadoop.ozone.om.OzoneManager.getFileStatus(OzoneManager.java:3530) ~[ozone-manager-1.4.0-SNAPSHOT.jar:?]
	at org.apache.hadoop.ozone.protocolPB.OzoneManagerRequestHandler.getOzoneFileStatus(OzoneManagerRequestHandler.java:971) ~[ozone-manager-1.4.0-SNAPSHOT.jar:?]
	at org.apache.hadoop.ozone.protocolPB.OzoneManagerRequestHandler.handleReadRequest(OzoneManagerRequestHandler.java:250) ~[ozone-manager-1.4.0-SNAPSHOT.jar:?]
	at org.apache.hadoop.ozone.protocolPB.OzoneManagerProtocolServerSideTranslatorPB.submitRequestDirectlyToOM(OzoneManagerProtocolServerSideTranslatorPB.java:274) ~[ozone-manager-1.4.0-SNAPSHOT.jar:?]
	at org.apache.hadoop.ozone.protocolPB.OzoneManagerProtocolServerSideTranslatorPB.processRequest(OzoneManagerProtocolServerSideTranslatorPB.java:175) ~[ozone-manager-1.4.0-SNAPSHOT.jar:?]
	at org.apache.hadoop.hdds.server.OzoneProtocolMessageDispatcher.processRequest(OzoneProtocolMessageDispatcher.java:87) [hdds-server-framework-1.4.0-SNAPSHOT.jar:?]
	at org.apache.hadoop.ozone.protocolPB.OzoneManagerProtocolServerSideTranslatorPB.submitRequest(OzoneManagerProtocolServerSideTranslatorPB.java:148) [ozone-manager-1.4.0-SNAPSHOT.jar:?]
	at org.apache.hadoop.ozone.protocol.proto.OzoneManagerProtocolProtos$OzoneManagerService$2.callBlockingMethod(OzoneManagerProtocolProtos.java) [ozone-interface-client-1.4.0-SNAPSHOT.jar:?]
	at org.apache.hadoop.ipc.ProtobufRpcEngine$Server.processCall(ProtobufRpcEngine.java:484) [hadoop-common-3.3.6.jar:?]
	at org.apache.hadoop.ipc.ProtobufRpcEngine2$Server$ProtoBufRpcInvoker.call(ProtobufRpcEngine2.java:595) [hadoop-common-3.3.6.jar:?]
	at org.apache.hadoop.ipc.ProtobufRpcEngine2$Server$ProtoBufRpcInvoker.call(ProtobufRpcEngine2.java:573) [hadoop-common-3.3.6.jar:?]
	at org.apache.hadoop.ipc.RPC$Server.call(RPC.java:1227) [hadoop-common-3.3.6.jar:?]
	at org.apache.hadoop.ipc.Server$RpcCall.run(Server.java:1094) [hadoop-common-3.3.6.jar:?]
	at org.apache.hadoop.ipc.Server$RpcCall.run(Server.java:1017) [hadoop-common-3.3.6.jar:?]
	at java.security.AccessController.doPrivileged(Native Method) ~[?:1.8.0_382]
	at javax.security.auth.Subject.doAs(Subject.java:422) [?:1.8.0_382]
	at org.apache.hadoop.security.UserGroupInformation.doAs(UserGroupInformation.java:1899) [hadoop-common-3.3.6.jar:?]
	at org.apache.hadoop.ipc.Server$Handler.run(Server.java:3048) [hadoop-common-3.3.6.jar:?]
11:21:06.283 [IPC Server handler 14 on default port 15163] ERROR OMAudit - user=runner | ip=127.0.0.1 | op=GET_FILE_STATUS {volume=volume69610, bucket=bucket82402, key=testBatchDelete/parent/child0, dataSize=0, replicationConfig=null} | ret=FAILURE
org.apache.hadoop.ozone.om.exceptions.OMException: Unable to get file status: volume: volume69610 bucket: bucket82402 key: testBatchDelete/parent/child0
	at org.apache.hadoop.ozone.om.KeyManagerImpl.getOzoneFileStatus(KeyManagerImpl.java:1195) ~[ozone-manager-1.4.0-SNAPSHOT.jar:?]
	at org.apache.hadoop.ozone.om.KeyManagerImpl.getFileStatus(KeyManagerImpl.java:1113) ~[ozone-manager-1.4.0-SNAPSHOT.jar:?]
	at org.apache.hadoop.ozone.om.OmMetadataReader.getFileStatus(OmMetadataReader.java:262) ~[ozone-manager-1.4.0-SNAPSHOT.jar:?]
	at org.apache.hadoop.ozone.om.OzoneManager.getFileStatus(OzoneManager.java:3530) ~[ozone-manager-1.4.0-SNAPSHOT.jar:?]
	at org.apache.hadoop.ozone.protocolPB.OzoneManagerRequestHandler.getOzoneFileStatus(OzoneManagerRequestHandler.java:971) ~[ozone-manager-1.4.0-SNAPSHOT.jar:?]
	at org.apache.hadoop.ozone.protocolPB.OzoneManagerRequestHandler.handleReadRequest(OzoneManagerRequestHandler.java:250) ~[ozone-manager-1.4.0-SNAPSHOT.jar:?]
	at org.apache.hadoop.ozone.protocolPB.OzoneManagerProtocolServerSideTranslatorPB.submitRequestDirectlyToOM(OzoneManagerProtocolServerSideTranslatorPB.java:274) ~[ozone-manager-1.4.0-SNAPSHOT.jar:?]
	at org.apache.hadoop.ozone.protocolPB.OzoneManagerProtocolServerSideTranslatorPB.processRequest(OzoneManagerProtocolServerSideTranslatorPB.java:175) ~[ozone-manager-1.4.0-SNAPSHOT.jar:?]
	at org.apache.hadoop.hdds.server.OzoneProtocolMessageDispatcher.processRequest(OzoneProtocolMessageDispatcher.java:87) [hdds-server-framework-1.4.0-SNAPSHOT.jar:?]
	at org.apache.hadoop.ozone.protocolPB.OzoneManagerProtocolServerSideTranslatorPB.submitRequest(OzoneManagerProtocolServerSideTranslatorPB.java:148) [ozone-manager-1.4.0-SNAPSHOT.jar:?]
	at org.apache.hadoop.ozone.protocol.proto.OzoneManagerProtocolProtos$OzoneManagerService$2.callBlockingMethod(OzoneManagerProtocolProtos.java) [ozone-interface-client-1.4.0-SNAPSHOT.jar:?]
	at org.apache.hadoop.ipc.ProtobufRpcEngine$Server.processCall(ProtobufRpcEngine.java:484) [hadoop-common-3.3.6.jar:?]
	at org.apache.hadoop.ipc.ProtobufRpcEngine2$Server$ProtoBufRpcInvoker.call(ProtobufRpcEngine2.java:595) [hadoop-common-3.3.6.jar:?]
	at org.apache.hadoop.ipc.ProtobufRpcEngine2$Server$ProtoBufRpcInvoker.call(ProtobufRpcEngine2.java:573) [hadoop-common-3.3.6.jar:?]
	at org.apache.hadoop.ipc.RPC$Server.call(RPC.java:1227) [hadoop-common-3.3.6.jar:?]
	at org.apache.hadoop.ipc.Server$RpcCall.run(Server.java:1094) [hadoop-common-3.3.6.jar:?]
	at org.apache.hadoop.ipc.Server$RpcCall.run(Server.java:1017) [hadoop-common-3.3.6.jar:?]
	at java.security.AccessController.doPrivileged(Native Method) ~[?:1.8.0_382]
	at javax.security.auth.Subject.doAs(Subject.java:422) [?:1.8.0_382]
	at org.apache.hadoop.security.UserGroupInformation.doAs(UserGroupInformation.java:1899) [hadoop-common-3.3.6.jar:?]
	at org.apache.hadoop.ipc.Server$Handler.run(Server.java:3048) [hadoop-common-3.3.6.jar:?]
11:21:06.284 [IPC Server handler 13 on default port 15163] ERROR OMAudit - user=runner | ip=127.0.0.1 | op=GET_FILE_STATUS {volume=volume69610, bucket=bucket82402, key=testBatchDelete/parent/childFolder/child0, dataSize=0, replicationConfig=null} | ret=FAILURE
org.apache.hadoop.ozone.om.exceptions.OMException: Unable to get file status: volume: volume69610 bucket: bucket82402 key: testBatchDelete/parent/childFolder/child0
	at org.apache.hadoop.ozone.om.KeyManagerImpl.getOzoneFileStatus(KeyManagerImpl.java:1195) ~[ozone-manager-1.4.0-SNAPSHOT.jar:?]
	at org.apache.hadoop.ozone.om.KeyManagerImpl.getFileStatus(KeyManagerImpl.java:1113) ~[ozone-manager-1.4.0-SNAPSHOT.jar:?]
	at org.apache.hadoop.ozone.om.OmMetadataReader.getFileStatus(OmMetadataReader.java:262) ~[ozone-manager-1.4.0-SNAPSHOT.jar:?]
	at org.apache.hadoop.ozone.om.OzoneManager.getFileStatus(OzoneManager.java:3530) ~[ozone-manager-1.4.0-SNAPSHOT.jar:?]
	at org.apache.hadoop.ozone.protocolPB.OzoneManagerRequestHandler.getOzoneFileStatus(OzoneManagerRequestHandler.java:971) ~[ozone-manager-1.4.0-SNAPSHOT.jar:?]
	at org.apache.hadoop.ozone.protocolPB.OzoneManagerRequestHandler.handleReadRequest(OzoneManagerRequestHandler.java:250) ~[ozone-manager-1.4.0-SNAPSHOT.jar:?]
	at org.apache.hadoop.ozone.protocolPB.OzoneManagerProtocolServerSideTranslatorPB.submitRequestDirectlyToOM(OzoneManagerProtocolServerSideTranslatorPB.java:274) ~[ozone-manager-1.4.0-SNAPSHOT.jar:?]
	at org.apache.hadoop.ozone.protocolPB.OzoneManagerProtocolServerSideTranslatorPB.processRequest(OzoneManagerProtocolServerSideTranslatorPB.java:175) ~[ozone-manager-1.4.0-SNAPSHOT.jar:?]
	at org.apache.hadoop.hdds.server.OzoneProtocolMessageDispatcher.processRequest(OzoneProtocolMessageDispatcher.java:87) [hdds-server-framework-1.4.0-SNAPSHOT.jar:?]
	at org.apache.hadoop.ozone.protocolPB.OzoneManagerProtocolServerSideTranslatorPB.submitRequest(OzoneManagerProtocolServerSideTranslatorPB.java:148) [ozone-manager-1.4.0-SNAPSHOT.jar:?]
	at org.apache.hadoop.ozone.protocol.proto.OzoneManagerProtocolProtos$OzoneManagerService$2.callBlockingMethod(OzoneManagerProtocolProtos.java) [ozone-interface-client-1.4.0-SNAPSHOT.jar:?]
	at org.apache.hadoop.ipc.ProtobufRpcEngine$Server.processCall(ProtobufRpcEngine.java:484) [hadoop-common-3.3.6.jar:?]
	at org.apache.hadoop.ipc.ProtobufRpcEngine2$Server$ProtoBufRpcInvoker.call(ProtobufRpcEngine2.java:595) [hadoop-common-3.3.6.jar:?]
	at org.apache.hadoop.ipc.ProtobufRpcEngine2$Server$ProtoBufRpcInvoker.call(ProtobufRpcEngine2.java:573) [hadoop-common-3.3.6.jar:?]
	at org.apache.hadoop.ipc.RPC$Server.call(RPC.java:1227) [hadoop-common-3.3.6.jar:?]
	at org.apache.hadoop.ipc.Server$RpcCall.run(Server.java:1094) [hadoop-common-3.3.6.jar:?]
	at org.apache.hadoop.ipc.Server$RpcCall.run(Server.java:1017) [hadoop-common-3.3.6.jar:?]
	at java.security.AccessController.doPrivileged(Native Method) ~[?:1.8.0_382]
	at javax.security.auth.Subject.doAs(Subject.java:422) [?:1.8.0_382]
	at org.apache.hadoop.security.UserGroupInformation.doAs(UserGroupInformation.java:1899) [hadoop-common-3.3.6.jar:?]
	at org.apache.hadoop.ipc.Server$Handler.run(Server.java:3048) [hadoop-common-3.3.6.jar:?]
11:21:06.285 [IPC Server handler 11 on default port 15163] ERROR OMAudit - user=runner | ip=127.0.0.1 | op=GET_FILE_STATUS {volume=volume69610, bucket=bucket82402, key=testBatchDelete/parent/child1, dataSize=0, replicationConfig=null} | ret=FAILURE
org.apache.hadoop.ozone.om.exceptions.OMException: Unable to get file status: volume: volume69610 bucket: bucket82402 key: testBatchDelete/parent/child1
	at org.apache.hadoop.ozone.om.KeyManagerImpl.getOzoneFileStatus(KeyManagerImpl.java:1195) ~[ozone-manager-1.4.0-SNAPSHOT.jar:?]
	at org.apache.hadoop.ozone.om.KeyManagerImpl.getFileStatus(KeyManagerImpl.java:1113) ~[ozone-manager-1.4.0-SNAPSHOT.jar:?]
	at org.apache.hadoop.ozone.om.OmMetadataReader.getFileStatus(OmMetadataReader.java:262) ~[ozone-manager-1.4.0-SNAPSHOT.jar:?]
	at org.apache.hadoop.ozone.om.OzoneManager.getFileStatus(OzoneManager.java:3530) ~[ozone-manager-1.4.0-SNAPSHOT.jar:?]
	at org.apache.hadoop.ozone.protocolPB.OzoneManagerRequestHandler.getOzoneFileStatus(OzoneManagerRequestHandler.java:971) ~[ozone-manager-1.4.0-SNAPSHOT.jar:?]
	at org.apache.hadoop.ozone.protocolPB.OzoneManagerRequestHandler.handleReadRequest(OzoneManagerRequestHandler.java:250) ~[ozone-manager-1.4.0-SNAPSHOT.jar:?]
	at org.apache.hadoop.ozone.protocolPB.OzoneManagerProtocolServerSideTranslatorPB.submitRequestDirectlyToOM(OzoneManagerProtocolServerSideTranslatorPB.java:274) ~[ozone-manager-1.4.0-SNAPSHOT.jar:?]
	at org.apache.hadoop.ozone.protocolPB.OzoneManagerProtocolServerSideTranslatorPB.processRequest(OzoneManagerProtocolServerSideTranslatorPB.java:175) ~[ozone-manager-1.4.0-SNAPSHOT.jar:?]
	at org.apache.hadoop.hdds.server.OzoneProtocolMessageDispatcher.processRequest(OzoneProtocolMessageDispatcher.java:87) [hdds-server-framework-1.4.0-SNAPSHOT.jar:?]
	at org.apache.hadoop.ozone.protocolPB.OzoneManagerProtocolServerSideTranslatorPB.submitRequest(OzoneManagerProtocolServerSideTranslatorPB.java:148) [ozone-manager-1.4.0-SNAPSHOT.jar:?]
	at org.apache.hadoop.ozone.protocol.proto.OzoneManagerProtocolProtos$OzoneManagerService$2.callBlockingMethod(OzoneManagerProtocolProtos.java) [ozone-interface-client-1.4.0-SNAPSHOT.jar:?]
	at org.apache.hadoop.ipc.ProtobufRpcEngine$Server.processCall(ProtobufRpcEngine.java:484) [hadoop-common-3.3.6.jar:?]
	at org.apache.hadoop.ipc.ProtobufRpcEngine2$Server$ProtoBufRpcInvoker.call(ProtobufRpcEngine2.java:595) [hadoop-common-3.3.6.jar:?]
	at org.apache.hadoop.ipc.ProtobufRpcEngine2$Server$ProtoBufRpcInvoker.call(ProtobufRpcEngine2.java:573) [hadoop-common-3.3.6.jar:?]
	at org.apache.hadoop.ipc.RPC$Server.call(RPC.java:1227) [hadoop-common-3.3.6.jar:?]
	at org.apache.hadoop.ipc.Server$RpcCall.run(Server.java:1094) [hadoop-common-3.3.6.jar:?]
	at org.apache.hadoop.ipc.Server$RpcCall.run(Server.java:1017) [hadoop-common-3.3.6.jar:?]
	at java.security.AccessController.doPrivileged(Native Method) ~[?:1.8.0_382]
	at javax.security.auth.Subject.doAs(Subject.java:422) [?:1.8.0_382]
	at org.apache.hadoop.security.UserGroupInformation.doAs(UserGroupInformation.java:1899) [hadoop-common-3.3.6.jar:?]
	at org.apache.hadoop.ipc.Server$Handler.run(Server.java:3048) [hadoop-common-3.3.6.jar:?]
11:21:06.286 [IPC Server handler 9 on default port 15163] ERROR OMAudit - user=runner | ip=127.0.0.1 | op=GET_FILE_STATUS {volume=volume69610, bucket=bucket82402, key=testBatchDelete/parent/childFolder/child1, dataSize=0, replicationConfig=null} | ret=FAILURE
org.apache.hadoop.ozone.om.exceptions.OMException: Unable to get file status: volume: volume69610 bucket: bucket82402 key: testBatchDelete/parent/childFolder/child1
	at org.apache.hadoop.ozone.om.KeyManagerImpl.getOzoneFileStatus(KeyManagerImpl.java:1195) ~[ozone-manager-1.4.0-SNAPSHOT.jar:?]
	at org.apache.hadoop.ozone.om.KeyManagerImpl.getFileStatus(KeyManagerImpl.java:1113) ~[ozone-manager-1.4.0-SNAPSHOT.jar:?]
	at org.apache.hadoop.ozone.om.OmMetadataReader.getFileStatus(OmMetadataReader.java:262) ~[ozone-manager-1.4.0-SNAPSHOT.jar:?]
	at org.apache.hadoop.ozone.om.OzoneManager.getFileStatus(OzoneManager.java:3530) ~[ozone-manager-1.4.0-SNAPSHOT.jar:?]
	at org.apache.hadoop.ozone.protocolPB.OzoneManagerRequestHandler.getOzoneFileStatus(OzoneManagerRequestHandler.java:971) ~[ozone-manager-1.4.0-SNAPSHOT.jar:?]
	at org.apache.hadoop.ozone.protocolPB.OzoneManagerRequestHandler.handleReadRequest(OzoneManagerRequestHandler.java:250) ~[ozone-manager-1.4.0-SNAPSHOT.jar:?]
	at org.apache.hadoop.ozone.protocolPB.OzoneManagerProtocolServerSideTranslatorPB.submitRequestDirectlyToOM(OzoneManagerProtocolServerSideTranslatorPB.java:274) ~[ozone-manager-1.4.0-SNAPSHOT.jar:?]
	at org.apache.hadoop.ozone.protocolPB.OzoneManagerProtocolServerSideTranslatorPB.processRequest(OzoneManagerProtocolServerSideTranslatorPB.java:175) ~[ozone-manager-1.4.0-SNAPSHOT.jar:?]
	at org.apache.hadoop.hdds.server.OzoneProtocolMessageDispatcher.processRequest(OzoneProtocolMessageDispatcher.java:87) [hdds-server-framework-1.4.0-SNAPSHOT.jar:?]
	at org.apache.hadoop.ozone.protocolPB.OzoneManagerProtocolServerSideTranslatorPB.submitRequest(OzoneManagerProtocolServerSideTranslatorPB.java:148) [ozone-manager-1.4.0-SNAPSHOT.jar:?]
	at org.apache.hadoop.ozone.protocol.proto.OzoneManagerProtocolProtos$OzoneManagerService$2.callBlockingMethod(OzoneManagerProtocolProtos.java) [ozone-interface-client-1.4.0-SNAPSHOT.jar:?]
	at org.apache.hadoop.ipc.ProtobufRpcEngine$Server.processCall(ProtobufRpcEngine.java:484) [hadoop-common-3.3.6.jar:?]
	at org.apache.hadoop.ipc.ProtobufRpcEngine2$Server$ProtoBufRpcInvoker.call(ProtobufRpcEngine2.java:595) [hadoop-common-3.3.6.jar:?]
	at org.apache.hadoop.ipc.ProtobufRpcEngine2$Server$ProtoBufRpcInvoker.call(ProtobufRpcEngine2.java:573) [hadoop-common-3.3.6.jar:?]
	at org.apache.hadoop.ipc.RPC$Server.call(RPC.java:1227) [hadoop-common-3.3.6.jar:?]
	at org.apache.hadoop.ipc.Server$RpcCall.run(Server.java:1094) [hadoop-common-3.3.6.jar:?]
	at org.apache.hadoop.ipc.Server$RpcCall.run(Server.java:1017) [hadoop-common-3.3.6.jar:?]
	at java.security.AccessController.doPrivileged(Native Method) ~[?:1.8.0_382]
	at javax.security.auth.Subject.doAs(Subject.java:422) [?:1.8.0_382]
	at org.apache.hadoop.security.UserGroupInformation.doAs(UserGroupInformation.java:1899) [hadoop-common-3.3.6.jar:?]
	at org.apache.hadoop.ipc.Server$Handler.run(Server.java:3048) [hadoop-common-3.3.6.jar:?]
11:21:06.287 [IPC Server handler 8 on default port 15163] ERROR OMAudit - user=runner | ip=127.0.0.1 | op=GET_FILE_STATUS {volume=volume69610, bucket=bucket82402, key=testBatchDelete/parent/child2, dataSize=0, replicationConfig=null} | ret=FAILURE
org.apache.hadoop.ozone.om.exceptions.OMException: Unable to get file status: volume: volume69610 bucket: bucket82402 key: testBatchDelete/parent/child2
	at org.apache.hadoop.ozone.om.KeyManagerImpl.getOzoneFileStatus(KeyManagerImpl.java:1195) ~[ozone-manager-1.4.0-SNAPSHOT.jar:?]
	at org.apache.hadoop.ozone.om.KeyManagerImpl.getFileStatus(KeyManagerImpl.java:1113) ~[ozone-manager-1.4.0-SNAPSHOT.jar:?]
	at org.apache.hadoop.ozone.om.OmMetadataReader.getFileStatus(OmMetadataReader.java:262) ~[ozone-manager-1.4.0-SNAPSHOT.jar:?]
	at org.apache.hadoop.ozone.om.OzoneManager.getFileStatus(OzoneManager.java:3530) ~[ozone-manager-1.4.0-SNAPSHOT.jar:?]
	at org.apache.hadoop.ozone.protocolPB.OzoneManagerRequestHandler.getOzoneFileStatus(OzoneManagerRequestHandler.java:971) ~[ozone-manager-1.4.0-SNAPSHOT.jar:?]
	at org.apache.hadoop.ozone.protocolPB.OzoneManagerRequestHandler.handleReadRequest(OzoneManagerRequestHandler.java:250) ~[ozone-manager-1.4.0-SNAPSHOT.jar:?]
	at org.apache.hadoop.ozone.protocolPB.OzoneManagerProtocolServerSideTranslatorPB.submitRequestDirectlyToOM(OzoneManagerProtocolServerSideTranslatorPB.java:274) ~[ozone-manager-1.4.0-SNAPSHOT.jar:?]
	at org.apache.hadoop.ozone.protocolPB.OzoneManagerProtocolServerSideTranslatorPB.processRequest(OzoneManagerProtocolServerSideTranslatorPB.java:175) ~[ozone-manager-1.4.0-SNAPSHOT.jar:?]
	at org.apache.hadoop.hdds.server.OzoneProtocolMessageDispatcher.processRequest(OzoneProtocolMessageDispatcher.java:87) [hdds-server-framework-1.4.0-SNAPSHOT.jar:?]
	at org.apache.hadoop.ozone.protocolPB.OzoneManagerProtocolServerSideTranslatorPB.submitRequest(OzoneManagerProtocolServerSideTranslatorPB.java:148) [ozone-manager-1.4.0-SNAPSHOT.jar:?]
	at org.apache.hadoop.ozone.protocol.proto.OzoneManagerProtocolProtos$OzoneManagerService$2.callBlockingMethod(OzoneManagerProtocolProtos.java) [ozone-interface-client-1.4.0-SNAPSHOT.jar:?]
	at org.apache.hadoop.ipc.ProtobufRpcEngine$Server.processCall(ProtobufRpcEngine.java:484) [hadoop-common-3.3.6.jar:?]
	at org.apache.hadoop.ipc.ProtobufRpcEngine2$Server$ProtoBufRpcInvoker.call(ProtobufRpcEngine2.java:595) [hadoop-common-3.3.6.jar:?]
	at org.apache.hadoop.ipc.ProtobufRpcEngine2$Server$ProtoBufRpcInvoker.call(ProtobufRpcEngine2.java:573) [hadoop-common-3.3.6.jar:?]
	at org.apache.hadoop.ipc.RPC$Server.call(RPC.java:1227) [hadoop-common-3.3.6.jar:?]
	at org.apache.hadoop.ipc.Server$RpcCall.run(Server.java:1094) [hadoop-common-3.3.6.jar:?]
	at org.apache.hadoop.ipc.Server$RpcCall.run(Server.java:1017) [hadoop-common-3.3.6.jar:?]
	at java.security.AccessController.doPrivileged(Native Method) ~[?:1.8.0_382]
	at javax.security.auth.Subject.doAs(Subject.java:422) [?:1.8.0_382]
	at org.apache.hadoop.security.UserGroupInformation.doAs(UserGroupInformation.java:1899) [hadoop-common-3.3.6.jar:?]
	at org.apache.hadoop.ipc.Server$Handler.run(Server.java:3048) [hadoop-common-3.3.6.jar:?]
11:21:06.288 [IPC Server handler 5 on default port 15163] ERROR OMAudit - user=runner | ip=127.0.0.1 | op=GET_FILE_STATUS {volume=volume69610, bucket=bucket82402, key=testBatchDelete/parent/childFolder/child2, dataSize=0, replicationConfig=null} | ret=FAILURE
org.apache.hadoop.ozone.om.exceptions.OMException: Unable to get file status: volume: volume69610 bucket: bucket82402 key: testBatchDelete/parent/childFolder/child2
	at org.apache.hadoop.ozone.om.KeyManagerImpl.getOzoneFileStatus(KeyManagerImpl.java:1195) ~[ozone-manager-1.4.0-SNAPSHOT.jar:?]
	at org.apache.hadoop.ozone.om.KeyManagerImpl.getFileStatus(KeyManagerImpl.java:1113) ~[ozone-manager-1.4.0-SNAPSHOT.jar:?]
	at org.apache.hadoop.ozone.om.OmMetadataReader.getFileStatus(OmMetadataReader.java:262) ~[ozone-manager-1.4.0-SNAPSHOT.jar:?]
	at org.apache.hadoop.ozone.om.OzoneManager.getFileStatus(OzoneManager.java:3530) ~[ozone-manager-1.4.0-SNAPSHOT.jar:?]
	at org.apache.hadoop.ozone.protocolPB.OzoneManagerRequestHandler.getOzoneFileStatus(OzoneManagerRequestHandler.java:971) ~[ozone-manager-1.4.0-SNAPSHOT.jar:?]
	at org.apache.hadoop.ozone.protocolPB.OzoneManagerRequestHandler.handleReadRequest(OzoneManagerRequestHandler.java:250) ~[ozone-manager-1.4.0-SNAPSHOT.jar:?]
	at org.apache.hadoop.ozone.protocolPB.OzoneManagerProtocolServerSideTranslatorPB.submitRequestDirectlyToOM(OzoneManagerProtocolServerSideTranslatorPB.java:274) ~[ozone-manager-1.4.0-SNAPSHOT.jar:?]
	at org.apache.hadoop.ozone.protocolPB.OzoneManagerProtocolServerSideTranslatorPB.processRequest(OzoneManagerProtocolServerSideTranslatorPB.java:175) ~[ozone-manager-1.4.0-SNAPSHOT.jar:?]
	at org.apache.hadoop.hdds.server.OzoneProtocolMessageDispatcher.processRequest(OzoneProtocolMessageDispatcher.java:87) [hdds-server-framework-1.4.0-SNAPSHOT.jar:?]
	at org.apache.hadoop.ozone.protocolPB.OzoneManagerProtocolServerSideTranslatorPB.submitRequest(OzoneManagerProtocolServerSideTranslatorPB.java:148) [ozone-manager-1.4.0-SNAPSHOT.jar:?]
	at org.apache.hadoop.ozone.protocol.proto.OzoneManagerProtocolProtos$OzoneManagerService$2.callBlockingMethod(OzoneManagerProtocolProtos.java) [ozone-interface-client-1.4.0-SNAPSHOT.jar:?]
	at org.apache.hadoop.ipc.ProtobufRpcEngine$Server.processCall(ProtobufRpcEngine.java:484) [hadoop-common-3.3.6.jar:?]
	at org.apache.hadoop.ipc.ProtobufRpcEngine2$Server$ProtoBufRpcInvoker.call(ProtobufRpcEngine2.java:595) [hadoop-common-3.3.6.jar:?]
	at org.apache.hadoop.ipc.ProtobufRpcEngine2$Server$ProtoBufRpcInvoker.call(ProtobufRpcEngine2.java:573) [hadoop-common-3.3.6.jar:?]
	at org.apache.hadoop.ipc.RPC$Server.call(RPC.java:1227) [hadoop-common-3.3.6.jar:?]
	at org.apache.hadoop.ipc.Server$RpcCall.run(Server.java:1094) [hadoop-common-3.3.6.jar:?]
	at org.apache.hadoop.ipc.Server$RpcCall.run(Server.java:1017) [hadoop-common-3.3.6.jar:?]
	at java.security.AccessController.doPrivileged(Native Method) ~[?:1.8.0_382]
	at javax.security.auth.Subject.doAs(Subject.java:422) [?:1.8.0_382]
	at org.apache.hadoop.security.UserGroupInformation.doAs(UserGroupInformation.java:1899) [hadoop-common-3.3.6.jar:?]
	at org.apache.hadoop.ipc.Server$Handler.run(Server.java:3048) [hadoop-common-3.3.6.jar:?]
11:21:06.289 [IPC Server handler 7 on default port 15163] ERROR OMAudit - user=runner | ip=127.0.0.1 | op=GET_FILE_STATUS {volume=volume69610, bucket=bucket82402, key=testBatchDelete/parent/child3, dataSize=0, replicationConfig=null} | ret=FAILURE
org.apache.hadoop.ozone.om.exceptions.OMException: Unable to get file status: volume: volume69610 bucket: bucket82402 key: testBatchDelete/parent/child3
	at org.apache.hadoop.ozone.om.KeyManagerImpl.getOzoneFileStatus(KeyManagerImpl.java:1195) ~[ozone-manager-1.4.0-SNAPSHOT.jar:?]
	at org.apache.hadoop.ozone.om.KeyManagerImpl.getFileStatus(KeyManagerImpl.java:1113) ~[ozone-manager-1.4.0-SNAPSHOT.jar:?]
	at org.apache.hadoop.ozone.om.OmMetadataReader.getFileStatus(OmMetadataReader.java:262) ~[ozone-manager-1.4.0-SNAPSHOT.jar:?]
	at org.apache.hadoop.ozone.om.OzoneManager.getFileStatus(OzoneManager.java:3530) ~[ozone-manager-1.4.0-SNAPSHOT.jar:?]
	at org.apache.hadoop.ozone.protocolPB.OzoneManagerRequestHandler.getOzoneFileStatus(OzoneManagerRequestHandler.java:971) ~[ozone-manager-1.4.0-SNAPSHOT.jar:?]
	at org.apache.hadoop.ozone.protocolPB.OzoneManagerRequestHandler.handleReadRequest(OzoneManagerRequestHandler.java:250) ~[ozone-manager-1.4.0-SNAPSHOT.jar:?]
	at org.apache.hadoop.ozone.protocolPB.OzoneManagerProtocolServerSideTranslatorPB.submitRequestDirectlyToOM(OzoneManagerProtocolServerSideTranslatorPB.java:274) ~[ozone-manager-1.4.0-SNAPSHOT.jar:?]
	at org.apache.hadoop.ozone.protocolPB.OzoneManagerProtocolServerSideTranslatorPB.processRequest(OzoneManagerProtocolServerSideTranslatorPB.java:175) ~[ozone-manager-1.4.0-SNAPSHOT.jar:?]
	at org.apache.hadoop.hdds.server.OzoneProtocolMessageDispatcher.processRequest(OzoneProtocolMessageDispatcher.java:87) [hdds-server-framework-1.4.0-SNAPSHOT.jar:?]
	at org.apache.hadoop.ozone.protocolPB.OzoneManagerProtocolServerSideTranslatorPB.submitRequest(OzoneManagerProtocolServerSideTranslatorPB.java:148) [ozone-manager-1.4.0-SNAPSHOT.jar:?]
	at org.apache.hadoop.ozone.protocol.proto.OzoneManagerProtocolProtos$OzoneManagerService$2.callBlockingMethod(OzoneManagerProtocolProtos.java) [ozone-interface-client-1.4.0-SNAPSHOT.jar:?]
	at org.apache.hadoop.ipc.ProtobufRpcEngine$Server.processCall(ProtobufRpcEngine.java:484) [hadoop-common-3.3.6.jar:?]
	at org.apache.hadoop.ipc.ProtobufRpcEngine2$Server$ProtoBufRpcInvoker.call(ProtobufRpcEngine2.java:595) [hadoop-common-3.3.6.jar:?]
	at org.apache.hadoop.ipc.ProtobufRpcEngine2$Server$ProtoBufRpcInvoker.call(ProtobufRpcEngine2.java:573) [hadoop-common-3.3.6.jar:?]
	at org.apache.hadoop.ipc.RPC$Server.call(RPC.java:1227) [hadoop-common-3.3.6.jar:?]
	at org.apache.hadoop.ipc.Server$RpcCall.run(Server.java:1094) [hadoop-common-3.3.6.jar:?]
	at org.apache.hadoop.ipc.Server$RpcCall.run(Server.java:1017) [hadoop-common-3.3.6.jar:?]
	at java.security.AccessController.doPrivileged(Native Method) ~[?:1.8.0_382]
	at javax.security.auth.Subject.doAs(Subject.java:422) [?:1.8.0_382]
	at org.apache.hadoop.security.UserGroupInformation.doAs(UserGroupInformation.java:1899) [hadoop-common-3.3.6.jar:?]
	at org.apache.hadoop.ipc.Server$Handler.run(Server.java:3048) [hadoop-common-3.3.6.jar:?]
11:21:06.293 [IPC Server handler 12 on default port 15163] ERROR OMAudit - user=runner | ip=127.0.0.1 | op=GET_FILE_STATUS {volume=volume69610, bucket=bucket82402, key=testBatchDelete/parent/childFolder/child3, dataSize=0, replicationConfig=null} | ret=FAILURE
org.apache.hadoop.ozone.om.exceptions.OMException: Unable to get file status: volume: volume69610 bucket: bucket82402 key: testBatchDelete/parent/childFolder/child3
	at org.apache.hadoop.ozone.om.KeyManagerImpl.getOzoneFileStatus(KeyManagerImpl.java:1195) ~[ozone-manager-1.4.0-SNAPSHOT.jar:?]
	at org.apache.hadoop.ozone.om.KeyManagerImpl.getFileStatus(KeyManagerImpl.java:1113) ~[ozone-manager-1.4.0-SNAPSHOT.jar:?]
	at org.apache.hadoop.ozone.om.OmMetadataReader.getFileStatus(OmMetadataReader.java:262) ~[ozone-manager-1.4.0-SNAPSHOT.jar:?]
	at org.apache.hadoop.ozone.om.OzoneManager.getFileStatus(OzoneManager.java:3530) ~[ozone-manager-1.4.0-SNAPSHOT.jar:?]
	at org.apache.hadoop.ozone.protocolPB.OzoneManagerRequestHandler.getOzoneFileStatus(OzoneManagerRequestHandler.java:971) ~[ozone-manager-1.4.0-SNAPSHOT.jar:?]
	at org.apache.hadoop.ozone.protocolPB.OzoneManagerRequestHandler.handleReadRequest(OzoneManagerRequestHandler.java:250) ~[ozone-manager-1.4.0-SNAPSHOT.jar:?]
	at org.apache.hadoop.ozone.protocolPB.OzoneManagerProtocolServerSideTranslatorPB.submitRequestDirectlyToOM(OzoneManagerProtocolServerSideTranslatorPB.java:274) ~[ozone-manager-1.4.0-SNAPSHOT.jar:?]
	at org.apache.hadoop.ozone.protocolPB.OzoneManagerProtocolServerSideTranslatorPB.processRequest(OzoneManagerProtocolServerSideTranslatorPB.java:175) ~[ozone-manager-1.4.0-SNAPSHOT.jar:?]
	at org.apache.hadoop.hdds.server.OzoneProtocolMessageDispatcher.processRequest(OzoneProtocolMessageDispatcher.java:87) [hdds-server-framework-1.4.0-SNAPSHOT.jar:?]
	at org.apache.hadoop.ozone.protocolPB.OzoneManagerProtocolServerSideTranslatorPB.submitRequest(OzoneManagerProtocolServerSideTranslatorPB.java:148) [ozone-manager-1.4.0-SNAPSHOT.jar:?]
	at org.apache.hadoop.ozone.protocol.proto.OzoneManagerProtocolProtos$OzoneManagerService$2.callBlockingMethod(OzoneManagerProtocolProtos.java) [ozone-interface-client-1.4.0-SNAPSHOT.jar:?]
	at org.apache.hadoop.ipc.ProtobufRpcEngine$Server.processCall(ProtobufRpcEngine.java:484) [hadoop-common-3.3.6.jar:?]
	at org.apache.hadoop.ipc.ProtobufRpcEngine2$Server$ProtoBufRpcInvoker.call(ProtobufRpcEngine2.java:595) [hadoop-common-3.3.6.jar:?]
	at org.apache.hadoop.ipc.ProtobufRpcEngine2$Server$ProtoBufRpcInvoker.call(ProtobufRpcEngine2.java:573) [hadoop-common-3.3.6.jar:?]
	at org.apache.hadoop.ipc.RPC$Server.call(RPC.java:1227) [hadoop-common-3.3.6.jar:?]
	at org.apache.hadoop.ipc.Server$RpcCall.run(Server.java:1094) [hadoop-common-3.3.6.jar:?]
	at org.apache.hadoop.ipc.Server$RpcCall.run(Server.java:1017) [hadoop-common-3.3.6.jar:?]
	at java.security.AccessController.doPrivileged(Native Method) ~[?:1.8.0_382]
	at javax.security.auth.Subject.doAs(Subject.java:422) [?:1.8.0_382]
	at org.apache.hadoop.security.UserGroupInformation.doAs(UserGroupInformation.java:1899) [hadoop-common-3.3.6.jar:?]
	at org.apache.hadoop.ipc.Server$Handler.run(Server.java:3048) [hadoop-common-3.3.6.jar:?]
11:21:06.294 [IPC Server handler 15 on default port 15163] ERROR OMAudit - user=runner | ip=127.0.0.1 | op=GET_FILE_STATUS {volume=volume69610, bucket=bucket82402, key=testBatchDelete/parent/child4, dataSize=0, replicationConfig=null} | ret=FAILURE
org.apache.hadoop.ozone.om.exceptions.OMException: Unable to get file status: volume: volume69610 bucket: bucket82402 key: testBatchDelete/parent/child4
	at org.apache.hadoop.ozone.om.KeyManagerImpl.getOzoneFileStatus(KeyManagerImpl.java:1195) ~[ozone-manager-1.4.0-SNAPSHOT.jar:?]
	at org.apache.hadoop.ozone.om.KeyManagerImpl.getFileStatus(KeyManagerImpl.java:1113) ~[ozone-manager-1.4.0-SNAPSHOT.jar:?]
	at org.apache.hadoop.ozone.om.OmMetadataReader.getFileStatus(OmMetadataReader.java:262) ~[ozone-manager-1.4.0-SNAPSHOT.jar:?]
	at org.apache.hadoop.ozone.om.OzoneManager.getFileStatus(OzoneManager.java:3530) ~[ozone-manager-1.4.0-SNAPSHOT.jar:?]
	at org.apache.hadoop.ozone.protocolPB.OzoneManagerRequestHandler.getOzoneFileStatus(OzoneManagerRequestHandler.java:971) ~[ozone-manager-1.4.0-SNAPSHOT.jar:?]
	at org.apache.hadoop.ozone.protocolPB.OzoneManagerRequestHandler.handleReadRequest(OzoneManagerRequestHandler.java:250) ~[ozone-manager-1.4.0-SNAPSHOT.jar:?]
	at org.apache.hadoop.ozone.protocolPB.OzoneManagerProtocolServerSideTranslatorPB.submitRequestDirectlyToOM(OzoneManagerProtocolServerSideTranslatorPB.java:274) ~[ozone-manager-1.4.0-SNAPSHOT.jar:?]
	at org.apache.hadoop.ozone.protocolPB.OzoneManagerProtocolServerSideTranslatorPB.processRequest(OzoneManagerProtocolServerSideTranslatorPB.java:175) ~[ozone-manager-1.4.0-SNAPSHOT.jar:?]
	at org.apache.hadoop.hdds.server.OzoneProtocolMessageDispatcher.processRequest(OzoneProtocolMessageDispatcher.java:87) [hdds-server-framework-1.4.0-SNAPSHOT.jar:?]
	at org.apache.hadoop.ozone.protocolPB.OzoneManagerProtocolServerSideTranslatorPB.submitRequest(OzoneManagerProtocolServerSideTranslatorPB.java:148) [ozone-manager-1.4.0-SNAPSHOT.jar:?]
	at org.apache.hadoop.ozone.protocol.proto.OzoneManagerProtocolProtos$OzoneManagerService$2.callBlockingMethod(OzoneManagerProtocolProtos.java) [ozone-interface-client-1.4.0-SNAPSHOT.jar:?]
	at org.apache.hadoop.ipc.ProtobufRpcEngine$Server.processCall(ProtobufRpcEngine.java:484) [hadoop-common-3.3.6.jar:?]
	at org.apache.hadoop.ipc.ProtobufRpcEngine2$Server$ProtoBufRpcInvoker.call(ProtobufRpcEngine2.java:595) [hadoop-common-3.3.6.jar:?]
	at org.apache.hadoop.ipc.ProtobufRpcEngine2$Server$ProtoBufRpcInvoker.call(ProtobufRpcEngine2.java:573) [hadoop-common-3.3.6.jar:?]
	at org.apache.hadoop.ipc.RPC$Server.call(RPC.java:1227) [hadoop-common-3.3.6.jar:?]
	at org.apache.hadoop.ipc.Server$RpcCall.run(Server.java:1094) [hadoop-common-3.3.6.jar:?]
	at org.apache.hadoop.ipc.Server$RpcCall.run(Server.java:1017) [hadoop-common-3.3.6.jar:?]
	at java.security.AccessController.doPrivileged(Native Method) ~[?:1.8.0_382]
	at javax.security.auth.Subject.doAs(Subject.java:422) [?:1.8.0_382]
	at org.apache.hadoop.security.UserGroupInformation.doAs(UserGroupInformation.java:1899) [hadoop-common-3.3.6.jar:?]
	at org.apache.hadoop.ipc.Server$Handler.run(Server.java:3048) [hadoop-common-3.3.6.jar:?]
11:21:06.296 [IPC Server handler 10 on default port 15163] ERROR OMAudit - user=runner | ip=127.0.0.1 | op=GET_FILE_STATUS {volume=volume69610, bucket=bucket82402, key=testBatchDelete/parent/childFolder/child4, dataSize=0, replicationConfig=null} | ret=FAILURE
org.apache.hadoop.ozone.om.exceptions.OMException: Unable to get file status: volume: volume69610 bucket: bucket82402 key: testBatchDelete/parent/childFolder/child4
	at org.apache.hadoop.ozone.om.KeyManagerImpl.getOzoneFileStatus(KeyManagerImpl.java:1195) ~[ozone-manager-1.4.0-SNAPSHOT.jar:?]
	at org.apache.hadoop.ozone.om.KeyManagerImpl.getFileStatus(KeyManagerImpl.java:1113) ~[ozone-manager-1.4.0-SNAPSHOT.jar:?]
	at org.apache.hadoop.ozone.om.OmMetadataReader.getFileStatus(OmMetadataReader.java:262) ~[ozone-manager-1.4.0-SNAPSHOT.jar:?]
	at org.apache.hadoop.ozone.om.OzoneManager.getFileStatus(OzoneManager.java:3530) ~[ozone-manager-1.4.0-SNAPSHOT.jar:?]
	at org.apache.hadoop.ozone.protocolPB.OzoneManagerRequestHandler.getOzoneFileStatus(OzoneManagerRequestHandler.java:971) ~[ozone-manager-1.4.0-SNAPSHOT.jar:?]
	at org.apache.hadoop.ozone.protocolPB.OzoneManagerRequestHandler.handleReadRequest(OzoneManagerRequestHandler.java:250) ~[ozone-manager-1.4.0-SNAPSHOT.jar:?]
	at org.apache.hadoop.ozone.protocolPB.OzoneManagerProtocolServerSideTranslatorPB.submitRequestDirectlyToOM(OzoneManagerProtocolServerSideTranslatorPB.java:274) ~[ozone-manager-1.4.0-SNAPSHOT.jar:?]
	at org.apache.hadoop.ozone.protocolPB.OzoneManagerProtocolServerSideTranslatorPB.processRequest(OzoneManagerProtocolServerSideTranslatorPB.java:175) ~[ozone-manager-1.4.0-SNAPSHOT.jar:?]
	at org.apache.hadoop.hdds.server.OzoneProtocolMessageDispatcher.processRequest(OzoneProtocolMessageDispatcher.java:87) [hdds-server-framework-1.4.0-SNAPSHOT.jar:?]
	at org.apache.hadoop.ozone.protocolPB.OzoneManagerProtocolServerSideTranslatorPB.submitRequest(OzoneManagerProtocolServerSideTranslatorPB.java:148) [ozone-manager-1.4.0-SNAPSHOT.jar:?]
	at org.apache.hadoop.ozone.protocol.proto.OzoneManagerProtocolProtos$OzoneManagerService$2.callBlockingMethod(OzoneManagerProtocolProtos.java) [ozone-interface-client-1.4.0-SNAPSHOT.jar:?]
	at org.apache.hadoop.ipc.ProtobufRpcEngine$Server.processCall(ProtobufRpcEngine.java:484) [hadoop-common-3.3.6.jar:?]
	at org.apache.hadoop.ipc.ProtobufRpcEngine2$Server$ProtoBufRpcInvoker.call(ProtobufRpcEngine2.java:595) [hadoop-common-3.3.6.jar:?]
	at org.apache.hadoop.ipc.ProtobufRpcEngine2$Server$ProtoBufRpcInvoker.call(ProtobufRpcEngine2.java:573) [hadoop-common-3.3.6.jar:?]
	at org.apache.hadoop.ipc.RPC$Server.call(RPC.java:1227) [hadoop-common-3.3.6.jar:?]
	at org.apache.hadoop.ipc.Server$RpcCall.run(Server.java:1094) [hadoop-common-3.3.6.jar:?]
	at org.apache.hadoop.ipc.Server$RpcCall.run(Server.java:1017) [hadoop-common-3.3.6.jar:?]
	at java.security.AccessController.doPrivileged(Native Method) ~[?:1.8.0_382]
	at javax.security.auth.Subject.doAs(Subject.java:422) [?:1.8.0_382]
	at org.apache.hadoop.security.UserGroupInformation.doAs(UserGroupInformation.java:1899) [hadoop-common-3.3.6.jar:?]
	at org.apache.hadoop.ipc.Server$Handler.run(Server.java:3048) [hadoop-common-3.3.6.jar:?]
11:21:06.297 [IPC Server handler 2 on default port 15163] ERROR OMAudit - user=runner | ip=127.0.0.1 | op=GET_FILE_STATUS {volume=volume69610, bucket=bucket82402, key=testBatchDelete/parent/child5, dataSize=0, replicationConfig=null} | ret=FAILURE
org.apache.hadoop.ozone.om.exceptions.OMException: Unable to get file status: volume: volume69610 bucket: bucket82402 key: testBatchDelete/parent/child5
	at org.apache.hadoop.ozone.om.KeyManagerImpl.getOzoneFileStatus(KeyManagerImpl.java:1195) ~[ozone-manager-1.4.0-SNAPSHOT.jar:?]
	at org.apache.hadoop.ozone.om.KeyManagerImpl.getFileStatus(KeyManagerImpl.java:1113) ~[ozone-manager-1.4.0-SNAPSHOT.jar:?]
	at org.apache.hadoop.ozone.om.OmMetadataReader.getFileStatus(OmMetadataReader.java:262) ~[ozone-manager-1.4.0-SNAPSHOT.jar:?]
	at org.apache.hadoop.ozone.om.OzoneManager.getFileStatus(OzoneManager.java:3530) ~[ozone-manager-1.4.0-SNAPSHOT.jar:?]
	at org.apache.hadoop.ozone.protocolPB.OzoneManagerRequestHandler.getOzoneFileStatus(OzoneManagerRequestHandler.java:971) ~[ozone-manager-1.4.0-SNAPSHOT.jar:?]
	at org.apache.hadoop.ozone.protocolPB.OzoneManagerRequestHandler.handleReadRequest(OzoneManagerRequestHandler.java:250) ~[ozone-manager-1.4.0-SNAPSHOT.jar:?]
	at org.apache.hadoop.ozone.protocolPB.OzoneManagerProtocolServerSideTranslatorPB.submitRequestDirectlyToOM(OzoneManagerProtocolServerSideTranslatorPB.java:274) ~[ozone-manager-1.4.0-SNAPSHOT.jar:?]
	at org.apache.hadoop.ozone.protocolPB.OzoneManagerProtocolServerSideTranslatorPB.processRequest(OzoneManagerProtocolServerSideTranslatorPB.java:175) ~[ozone-manager-1.4.0-SNAPSHOT.jar:?]
	at org.apache.hadoop.hdds.server.OzoneProtocolMessageDispatcher.processRequest(OzoneProtocolMessageDispatcher.java:87) [hdds-server-framework-1.4.0-SNAPSHOT.jar:?]
	at org.apache.hadoop.ozone.protocolPB.OzoneManagerProtocolServerSideTranslatorPB.submitRequest(OzoneManagerProtocolServerSideTranslatorPB.java:148) [ozone-manager-1.4.0-SNAPSHOT.jar:?]
	at org.apache.hadoop.ozone.protocol.proto.OzoneManagerProtocolProtos$OzoneManagerService$2.callBlockingMethod(OzoneManagerProtocolProtos.java) [ozone-interface-client-1.4.0-SNAPSHOT.jar:?]
	at org.apache.hadoop.ipc.ProtobufRpcEngine$Server.processCall(ProtobufRpcEngine.java:484) [hadoop-common-3.3.6.jar:?]
	at org.apache.hadoop.ipc.ProtobufRpcEngine2$Server$ProtoBufRpcInvoker.call(ProtobufRpcEngine2.java:595) [hadoop-common-3.3.6.jar:?]
	at org.apache.hadoop.ipc.ProtobufRpcEngine2$Server$ProtoBufRpcInvoker.call(ProtobufRpcEngine2.java:573) [hadoop-common-3.3.6.jar:?]
	at org.apache.hadoop.ipc.RPC$Server.call(RPC.java:1227) [hadoop-common-3.3.6.jar:?]
	at org.apache.hadoop.ipc.Server$RpcCall.run(Server.java:1094) [hadoop-common-3.3.6.jar:?]
	at org.apache.hadoop.ipc.Server$RpcCall.run(Server.java:1017) [hadoop-common-3.3.6.jar:?]
	at java.security.AccessController.doPrivileged(Native Method) ~[?:1.8.0_382]
	at javax.security.auth.Subject.doAs(Subject.java:422) [?:1.8.0_382]
	at org.apache.hadoop.security.UserGroupInformation.doAs(UserGroupInformation.java:1899) [hadoop-common-3.3.6.jar:?]
	at org.apache.hadoop.ipc.Server$Handler.run(Server.java:3048) [hadoop-common-3.3.6.jar:?]
11:21:06.298 [IPC Server handler 3 on default port 15163] ERROR OMAudit - user=runner | ip=127.0.0.1 | op=GET_FILE_STATUS {volume=volume69610, bucket=bucket82402, key=testBatchDelete/parent/childFolder/child5, dataSize=0, replicationConfig=null} | ret=FAILURE
org.apache.hadoop.ozone.om.exceptions.OMException: Unable to get file status: volume: volume69610 bucket: bucket82402 key: testBatchDelete/parent/childFolder/child5
	at org.apache.hadoop.ozone.om.KeyManagerImpl.getOzoneFileStatus(KeyManagerImpl.java:1195) ~[ozone-manager-1.4.0-SNAPSHOT.jar:?]
	at org.apache.hadoop.ozone.om.KeyManagerImpl.getFileStatus(KeyManagerImpl.java:1113) ~[ozone-manager-1.4.0-SNAPSHOT.jar:?]
	at org.apache.hadoop.ozone.om.OmMetadataReader.getFileStatus(OmMetadataReader.java:262) ~[ozone-manager-1.4.0-SNAPSHOT.jar:?]
	at org.apache.hadoop.ozone.om.OzoneManager.getFileStatus(OzoneManager.java:3530) ~[ozone-manager-1.4.0-SNAPSHOT.jar:?]
	at org.apache.hadoop.ozone.protocolPB.OzoneManagerRequestHandler.getOzoneFileStatus(OzoneManagerRequestHandler.java:971) ~[ozone-manager-1.4.0-SNAPSHOT.jar:?]
	at org.apache.hadoop.ozone.protocolPB.OzoneManagerRequestHandler.handleReadRequest(OzoneManagerRequestHandler.java:250) ~[ozone-manager-1.4.0-SNAPSHOT.jar:?]
	at org.apache.hadoop.ozone.protocolPB.OzoneManagerProtocolServerSideTranslatorPB.submitRequestDirectlyToOM(OzoneManagerProtocolServerSideTranslatorPB.java:274) ~[ozone-manager-1.4.0-SNAPSHOT.jar:?]
	at org.apache.hadoop.ozone.protocolPB.OzoneManagerProtocolServerSideTranslatorPB.processRequest(OzoneManagerProtocolServerSideTranslatorPB.java:175) ~[ozone-manager-1.4.0-SNAPSHOT.jar:?]
	at org.apache.hadoop.hdds.server.OzoneProtocolMessageDispatcher.processRequest(OzoneProtocolMessageDispatcher.java:87) [hdds-server-framework-1.4.0-SNAPSHOT.jar:?]
	at org.apache.hadoop.ozone.protocolPB.OzoneManagerProtocolServerSideTranslatorPB.submitRequest(OzoneManagerProtocolServerSideTranslatorPB.java:148) [ozone-manager-1.4.0-SNAPSHOT.jar:?]
	at org.apache.hadoop.ozone.protocol.proto.OzoneManagerProtocolProtos$OzoneManagerService$2.callBlockingMethod(OzoneManagerProtocolProtos.java) [ozone-interface-client-1.4.0-SNAPSHOT.jar:?]
	at org.apache.hadoop.ipc.ProtobufRpcEngine$Server.processCall(ProtobufRpcEngine.java:484) [hadoop-common-3.3.6.jar:?]
	at org.apache.hadoop.ipc.ProtobufRpcEngine2$Server$ProtoBufRpcInvoker.call(ProtobufRpcEngine2.java:595) [hadoop-common-3.3.6.jar:?]
	at org.apache.hadoop.ipc.ProtobufRpcEngine2$Server$ProtoBufRpcInvoker.call(ProtobufRpcEngine2.java:573) [hadoop-common-3.3.6.jar:?]
	at org.apache.hadoop.ipc.RPC$Server.call(RPC.java:1227) [hadoop-common-3.3.6.jar:?]
	at org.apache.hadoop.ipc.Server$RpcCall.run(Server.java:1094) [hadoop-common-3.3.6.jar:?]
	at org.apache.hadoop.ipc.Server$RpcCall.run(Server.java:1017) [hadoop-common-3.3.6.jar:?]
	at java.security.AccessController.doPrivileged(Native Method) ~[?:1.8.0_382]
	at javax.security.auth.Subject.doAs(Subject.java:422) [?:1.8.0_382]
	at org.apache.hadoop.security.UserGroupInformation.doAs(UserGroupInformation.java:1899) [hadoop-common-3.3.6.jar:?]
	at org.apache.hadoop.ipc.Server$Handler.run(Server.java:3048) [hadoop-common-3.3.6.jar:?]
11:21:06.299 [IPC Server handler 0 on default port 15163] ERROR OMAudit - user=runner | ip=127.0.0.1 | op=GET_FILE_STATUS {volume=volume69610, bucket=bucket82402, key=testBatchDelete/parent/child6, dataSize=0, replicationConfig=null} | ret=FAILURE
org.apache.hadoop.ozone.om.exceptions.OMException: Unable to get file status: volume: volume69610 bucket: bucket82402 key: testBatchDelete/parent/child6
	at org.apache.hadoop.ozone.om.KeyManagerImpl.getOzoneFileStatus(KeyManagerImpl.java:1195) ~[ozone-manager-1.4.0-SNAPSHOT.jar:?]
	at org.apache.hadoop.ozone.om.KeyManagerImpl.getFileStatus(KeyManagerImpl.java:1113) ~[ozone-manager-1.4.0-SNAPSHOT.jar:?]
	at org.apache.hadoop.ozone.om.OmMetadataReader.getFileStatus(OmMetadataReader.java:262) ~[ozone-manager-1.4.0-SNAPSHOT.jar:?]
	at org.apache.hadoop.ozone.om.OzoneManager.getFileStatus(OzoneManager.java:3530) ~[ozone-manager-1.4.0-SNAPSHOT.jar:?]
	at org.apache.hadoop.ozone.protocolPB.OzoneManagerRequestHandler.getOzoneFileStatus(OzoneManagerRequestHandler.java:971) ~[ozone-manager-1.4.0-SNAPSHOT.jar:?]
	at org.apache.hadoop.ozone.protocolPB.OzoneManagerRequestHandler.handleReadRequest(OzoneManagerRequestHandler.java:250) ~[ozone-manager-1.4.0-SNAPSHOT.jar:?]
	at org.apache.hadoop.ozone.protocolPB.OzoneManagerProtocolServerSideTranslatorPB.submitRequestDirectlyToOM(OzoneManagerProtocolServerSideTranslatorPB.java:274) ~[ozone-manager-1.4.0-SNAPSHOT.jar:?]
	at org.apache.hadoop.ozone.protocolPB.OzoneManagerProtocolServerSideTranslatorPB.processRequest(OzoneManagerProtocolServerSideTranslatorPB.java:175) ~[ozone-manager-1.4.0-SNAPSHOT.jar:?]
	at org.apache.hadoop.hdds.server.OzoneProtocolMessageDispatcher.processRequest(OzoneProtocolMessageDispatcher.java:87) [hdds-server-framework-1.4.0-SNAPSHOT.jar:?]
	at org.apache.hadoop.ozone.protocolPB.OzoneManagerProtocolServerSideTranslatorPB.submitRequest(OzoneManagerProtocolServerSideTranslatorPB.java:148) [ozone-manager-1.4.0-SNAPSHOT.jar:?]
	at org.apache.hadoop.ozone.protocol.proto.OzoneManagerProtocolProtos$OzoneManagerService$2.callBlockingMethod(OzoneManagerProtocolProtos.java) [ozone-interface-client-1.4.0-SNAPSHOT.jar:?]
	at org.apache.hadoop.ipc.ProtobufRpcEngine$Server.processCall(ProtobufRpcEngine.java:484) [hadoop-common-3.3.6.jar:?]
	at org.apache.hadoop.ipc.ProtobufRpcEngine2$Server$ProtoBufRpcInvoker.call(ProtobufRpcEngine2.java:595) [hadoop-common-3.3.6.jar:?]
	at org.apache.hadoop.ipc.ProtobufRpcEngine2$Server$ProtoBufRpcInvoker.call(ProtobufRpcEngine2.java:573) [hadoop-common-3.3.6.jar:?]
	at org.apache.hadoop.ipc.RPC$Server.call(RPC.java:1227) [hadoop-common-3.3.6.jar:?]
	at org.apache.hadoop.ipc.Server$RpcCall.run(Server.java:1094) [hadoop-common-3.3.6.jar:?]
	at org.apache.hadoop.ipc.Server$RpcCall.run(Server.java:1017) [hadoop-common-3.3.6.jar:?]
	at java.security.AccessController.doPrivileged(Native Method) ~[?:1.8.0_382]
	at javax.security.auth.Subject.doAs(Subject.java:422) [?:1.8.0_382]
	at org.apache.hadoop.security.UserGroupInformation.doAs(UserGroupInformation.java:1899) [hadoop-common-3.3.6.jar:?]
	at org.apache.hadoop.ipc.Server$Handler.run(Server.java:3048) [hadoop-common-3.3.6.jar:?]
11:21:06.301 [IPC Server handler 1 on default port 15163] ERROR OMAudit - user=runner | ip=127.0.0.1 | op=GET_FILE_STATUS {volume=volume69610, bucket=bucket82402, key=testBatchDelete/parent/childFolder/child6, dataSize=0, replicationConfig=null} | ret=FAILURE
org.apache.hadoop.ozone.om.exceptions.OMException: Unable to get file status: volume: volume69610 bucket: bucket82402 key: testBatchDelete/parent/childFolder/child6
	at org.apache.hadoop.ozone.om.KeyManagerImpl.getOzoneFileStatus(KeyManagerImpl.java:1195) ~[ozone-manager-1.4.0-SNAPSHOT.jar:?]
	at org.apache.hadoop.ozone.om.KeyManagerImpl.getFileStatus(KeyManagerImpl.java:1113) ~[ozone-manager-1.4.0-SNAPSHOT.jar:?]
	at org.apache.hadoop.ozone.om.OmMetadataReader.getFileStatus(OmMetadataReader.java:262) ~[ozone-manager-1.4.0-SNAPSHOT.jar:?]
	at org.apache.hadoop.ozone.om.OzoneManager.getFileStatus(OzoneManager.java:3530) ~[ozone-manager-1.4.0-SNAPSHOT.jar:?]
	at org.apache.hadoop.ozone.protocolPB.OzoneManagerRequestHandler.getOzoneFileStatus(OzoneManagerRequestHandler.java:971) ~[ozone-manager-1.4.0-SNAPSHOT.jar:?]
	at org.apache.hadoop.ozone.protocolPB.OzoneManagerRequestHandler.handleReadRequest(OzoneManagerRequestHandler.java:250) ~[ozone-manager-1.4.0-SNAPSHOT.jar:?]
	at org.apache.hadoop.ozone.protocolPB.OzoneManagerProtocolServerSideTranslatorPB.submitRequestDirectlyToOM(OzoneManagerProtocolServerSideTranslatorPB.java:274) ~[ozone-manager-1.4.0-SNAPSHOT.jar:?]
	at org.apache.hadoop.ozone.protocolPB.OzoneManagerProtocolServerSideTranslatorPB.processRequest(OzoneManagerProtocolServerSideTranslatorPB.java:175) ~[ozone-manager-1.4.0-SNAPSHOT.jar:?]
	at org.apache.hadoop.hdds.server.OzoneProtocolMessageDispatcher.processRequest(OzoneProtocolMessageDispatcher.java:87) [hdds-server-framework-1.4.0-SNAPSHOT.jar:?]
	at org.apache.hadoop.ozone.protocolPB.OzoneManagerProtocolServerSideTranslatorPB.submitRequest(OzoneManagerProtocolServerSideTranslatorPB.java:148) [ozone-manager-1.4.0-SNAPSHOT.jar:?]
	at org.apache.hadoop.ozone.protocol.proto.OzoneManagerProtocolProtos$OzoneManagerService$2.callBlockingMethod(OzoneManagerProtocolProtos.java) [ozone-interface-client-1.4.0-SNAPSHOT.jar:?]
	at org.apache.hadoop.ipc.ProtobufRpcEngine$Server.processCall(ProtobufRpcEngine.java:484) [hadoop-common-3.3.6.jar:?]
	at org.apache.hadoop.ipc.ProtobufRpcEngine2$Server$ProtoBufRpcInvoker.call(ProtobufRpcEngine2.java:595) [hadoop-common-3.3.6.jar:?]
	at org.apache.hadoop.ipc.ProtobufRpcEngine2$Server$ProtoBufRpcInvoker.call(ProtobufRpcEngine2.java:573) [hadoop-common-3.3.6.jar:?]
	at org.apache.hadoop.ipc.RPC$Server.call(RPC.java:1227) [hadoop-common-3.3.6.jar:?]
	at org.apache.hadoop.ipc.Server$RpcCall.run(Server.java:1094) [hadoop-common-3.3.6.jar:?]
	at org.apache.hadoop.ipc.Server$RpcCall.run(Server.java:1017) [hadoop-common-3.3.6.jar:?]
	at java.security.AccessController.doPrivileged(Native Method) ~[?:1.8.0_382]
	at javax.security.auth.Subject.doAs(Subject.java:422) [?:1.8.0_382]
	at org.apache.hadoop.security.UserGroupInformation.doAs(UserGroupInformation.java:1899) [hadoop-common-3.3.6.jar:?]
	at org.apache.hadoop.ipc.Server$Handler.run(Server.java:3048) [hadoop-common-3.3.6.jar:?]
11:21:06.302 [IPC Server handler 6 on default port 15163] ERROR OMAudit - user=runner | ip=127.0.0.1 | op=GET_FILE_STATUS {volume=volume69610, bucket=bucket82402, key=testBatchDelete/parent/child7, dataSize=0, replicationConfig=null} | ret=FAILURE
org.apache.hadoop.ozone.om.exceptions.OMException: Unable to get file status: volume: volume69610 bucket: bucket82402 key: testBatchDelete/parent/child7
	at org.apache.hadoop.ozone.om.KeyManagerImpl.getOzoneFileStatus(KeyManagerImpl.java:1195) ~[ozone-manager-1.4.0-SNAPSHOT.jar:?]
	at org.apache.hadoop.ozone.om.KeyManagerImpl.getFileStatus(KeyManagerImpl.java:1113) ~[ozone-manager-1.4.0-SNAPSHOT.jar:?]
	at org.apache.hadoop.ozone.om.OmMetadataReader.getFileStatus(OmMetadataReader.java:262) ~[ozone-manager-1.4.0-SNAPSHOT.jar:?]
	at org.apache.hadoop.ozone.om.OzoneManager.getFileStatus(OzoneManager.java:3530) ~[ozone-manager-1.4.0-SNAPSHOT.jar:?]
	at org.apache.hadoop.ozone.protocolPB.OzoneManagerRequestHandler.getOzoneFileStatus(OzoneManagerRequestHandler.java:971) ~[ozone-manager-1.4.0-SNAPSHOT.jar:?]
	at org.apache.hadoop.ozone.protocolPB.OzoneManagerRequestHandler.handleReadRequest(OzoneManagerRequestHandler.java:250) ~[ozone-manager-1.4.0-SNAPSHOT.jar:?]
	at org.apache.hadoop.ozone.protocolPB.OzoneManagerProtocolServerSideTranslatorPB.submitRequestDirectlyToOM(OzoneManagerProtocolServerSideTranslatorPB.java:274) ~[ozone-manager-1.4.0-SNAPSHOT.jar:?]
	at org.apache.hadoop.ozone.protocolPB.OzoneManagerProtocolServerSideTranslatorPB.processRequest(OzoneManagerProtocolServerSideTranslatorPB.java:175) ~[ozone-manager-1.4.0-SNAPSHOT.jar:?]
	at org.apache.hadoop.hdds.server.OzoneProtocolMessageDispatcher.processRequest(OzoneProtocolMessageDispatcher.java:87) [hdds-server-framework-1.4.0-SNAPSHOT.jar:?]
	at org.apache.hadoop.ozone.protocolPB.OzoneManagerProtocolServerSideTranslatorPB.submitRequest(OzoneManagerProtocolServerSideTranslatorPB.java:148) [ozone-manager-1.4.0-SNAPSHOT.jar:?]
	at org.apache.hadoop.ozone.protocol.proto.OzoneManagerProtocolProtos$OzoneManagerService$2.callBlockingMethod(OzoneManagerProtocolProtos.java) [ozone-interface-client-1.4.0-SNAPSHOT.jar:?]
	at org.apache.hadoop.ipc.ProtobufRpcEngine$Server.processCall(ProtobufRpcEngine.java:484) [hadoop-common-3.3.6.jar:?]
	at org.apache.hadoop.ipc.ProtobufRpcEngine2$Server$ProtoBufRpcInvoker.call(ProtobufRpcEngine2.java:595) [hadoop-common-3.3.6.jar:?]
	at org.apache.hadoop.ipc.ProtobufRpcEngine2$Server$ProtoBufRpcInvoker.call(ProtobufRpcEngine2.java:573) [hadoop-common-3.3.6.jar:?]
	at org.apache.hadoop.ipc.RPC$Server.call(RPC.java:1227) [hadoop-common-3.3.6.jar:?]
	at org.apache.hadoop.ipc.Server$RpcCall.run(Server.java:1094) [hadoop-common-3.3.6.jar:?]
	at org.apache.hadoop.ipc.Server$RpcCall.run(Server.java:1017) [hadoop-common-3.3.6.jar:?]
	at java.security.AccessController.doPrivileged(Native Method) ~[?:1.8.0_382]
	at javax.security.auth.Subject.doAs(Subject.java:422) [?:1.8.0_382]
	at org.apache.hadoop.security.UserGroupInformation.doAs(UserGroupInformation.java:1899) [hadoop-common-3.3.6.jar:?]
	at org.apache.hadoop.ipc.Server$Handler.run(Server.java:3048) [hadoop-common-3.3.6.jar:?]
11:21:06.303 [IPC Server handler 4 on default port 15163] ERROR OMAudit - user=runner | ip=127.0.0.1 | op=GET_FILE_STATUS {volume=volume69610, bucket=bucket82402, key=testBatchDelete/parent/childFolder/child7, dataSize=0, replicationConfig=null} | ret=FAILURE
org.apache.hadoop.ozone.om.exceptions.OMException: Unable to get file status: volume: volume69610 bucket: bucket82402 key: testBatchDelete/parent/childFolder/child7
	at org.apache.hadoop.ozone.om.KeyManagerImpl.getOzoneFileStatus(KeyManagerImpl.java:1195) ~[ozone-manager-1.4.0-SNAPSHOT.jar:?]
	at org.apache.hadoop.ozone.om.KeyManagerImpl.getFileStatus(KeyManagerImpl.java:1113) ~[ozone-manager-1.4.0-SNAPSHOT.jar:?]
	at org.apache.hadoop.ozone.om.OmMetadataReader.getFileStatus(OmMetadataReader.java:262) ~[ozone-manager-1.4.0-SNAPSHOT.jar:?]
	at org.apache.hadoop.ozone.om.OzoneManager.getFileStatus(OzoneManager.java:3530) ~[ozone-manager-1.4.0-SNAPSHOT.jar:?]
	at org.apache.hadoop.ozone.protocolPB.OzoneManagerRequestHandler.getOzoneFileStatus(OzoneManagerRequestHandler.java:971) ~[ozone-manager-1.4.0-SNAPSHOT.jar:?]
	at org.apache.hadoop.ozone.protocolPB.OzoneManagerRequestHandler.handleReadRequest(OzoneManagerRequestHandler.java:250) ~[ozone-manager-1.4.0-SNAPSHOT.jar:?]
	at org.apache.hadoop.ozone.protocolPB.OzoneManagerProtocolServerSideTranslatorPB.submitRequestDirectlyToOM(OzoneManagerProtocolServerSideTranslatorPB.java:274) ~[ozone-manager-1.4.0-SNAPSHOT.jar:?]
	at org.apache.hadoop.ozone.protocolPB.OzoneManagerProtocolServerSideTranslatorPB.processRequest(OzoneManagerProtocolServerSideTranslatorPB.java:175) ~[ozone-manager-1.4.0-SNAPSHOT.jar:?]
	at org.apache.hadoop.hdds.server.OzoneProtocolMessageDispatcher.processRequest(OzoneProtocolMessageDispatcher.java:87) [hdds-server-framework-1.4.0-SNAPSHOT.jar:?]
	at org.apache.hadoop.ozone.protocolPB.OzoneManagerProtocolServerSideTranslatorPB.submitRequest(OzoneManagerProtocolServerSideTranslatorPB.java:148) [ozone-manager-1.4.0-SNAPSHOT.jar:?]
	at org.apache.hadoop.ozone.protocol.proto.OzoneManagerProtocolProtos$OzoneManagerService$2.callBlockingMethod(OzoneManagerProtocolProtos.java) [ozone-interface-client-1.4.0-SNAPSHOT.jar:?]
	at org.apache.hadoop.ipc.ProtobufRpcEngine$Server.processCall(ProtobufRpcEngine.java:484) [hadoop-common-3.3.6.jar:?]
	at org.apache.hadoop.ipc.ProtobufRpcEngine2$Server$ProtoBufRpcInvoker.call(ProtobufRpcEngine2.java:595) [hadoop-common-3.3.6.jar:?]
	at org.apache.hadoop.ipc.ProtobufRpcEngine2$Server$ProtoBufRpcInvoker.call(ProtobufRpcEngine2.java:573) [hadoop-common-3.3.6.jar:?]
	at org.apache.hadoop.ipc.RPC$Server.call(RPC.java:1227) [hadoop-common-3.3.6.jar:?]
	at org.apache.hadoop.ipc.Server$RpcCall.run(Server.java:1094) [hadoop-common-3.3.6.jar:?]
	at org.apache.hadoop.ipc.Server$RpcCall.run(Server.java:1017) [hadoop-common-3.3.6.jar:?]
	at java.security.AccessController.doPrivileged(Native Method) ~[?:1.8.0_382]
	at javax.security.auth.Subject.doAs(Subject.java:422) [?:1.8.0_382]
	at org.apache.hadoop.security.UserGroupInformation.doAs(UserGroupInformation.java:1899) [hadoop-common-3.3.6.jar:?]
	at org.apache.hadoop.ipc.Server$Handler.run(Server.java:3048) [hadoop-common-3.3.6.jar:?]
11:21:06.305 [IPC Server handler 17 on default port 15163] ERROR OMAudit - user=runner | ip=127.0.0.1 | op=GET_FILE_STATUS {volume=volume69610, bucket=bucket82402, key=testBatchDelete/parent, dataSize=0, replicationConfig=null} | ret=FAILURE
org.apache.hadoop.ozone.om.exceptions.OMException: Unable to get file status: volume: volume69610 bucket: bucket82402 key: testBatchDelete/parent
	at org.apache.hadoop.ozone.om.KeyManagerImpl.getOzoneFileStatus(KeyManagerImpl.java:1195) ~[ozone-manager-1.4.0-SNAPSHOT.jar:?]
	at org.apache.hadoop.ozone.om.KeyManagerImpl.getFileStatus(KeyManagerImpl.java:1113) ~[ozone-manager-1.4.0-SNAPSHOT.jar:?]
	at org.apache.hadoop.ozone.om.OmMetadataReader.getFileStatus(OmMetadataReader.java:262) ~[ozone-manager-1.4.0-SNAPSHOT.jar:?]
	at org.apache.hadoop.ozone.om.OzoneManager.getFileStatus(OzoneManager.java:3530) ~[ozone-manager-1.4.0-SNAPSHOT.jar:?]
	at org.apache.hadoop.ozone.protocolPB.OzoneManagerRequestHandler.getOzoneFileStatus(OzoneManagerRequestHandler.java:971) ~[ozone-manager-1.4.0-SNAPSHOT.jar:?]
	at org.apache.hadoop.ozone.protocolPB.OzoneManagerRequestHandler.handleReadRequest(OzoneManagerRequestHandler.java:250) ~[ozone-manager-1.4.0-SNAPSHOT.jar:?]
	at org.apache.hadoop.ozone.protocolPB.OzoneManagerProtocolServerSideTranslatorPB.submitRequestDirectlyToOM(OzoneManagerProtocolServerSideTranslatorPB.java:274) ~[ozone-manager-1.4.0-SNAPSHOT.jar:?]
	at org.apache.hadoop.ozone.protocolPB.OzoneManagerProtocolServerSideTranslatorPB.processRequest(OzoneManagerProtocolServerSideTranslatorPB.java:175) ~[ozone-manager-1.4.0-SNAPSHOT.jar:?]
	at org.apache.hadoop.hdds.server.OzoneProtocolMessageDispatcher.processRequest(OzoneProtocolMessageDispatcher.java:87) [hdds-server-framework-1.4.0-SNAPSHOT.jar:?]
	at org.apache.hadoop.ozone.protocolPB.OzoneManagerProtocolServerSideTranslatorPB.submitRequest(OzoneManagerProtocolServerSideTranslatorPB.java:148) [ozone-manager-1.4.0-SNAPSHOT.jar:?]
	at org.apache.hadoop.ozone.protocol.proto.OzoneManagerProtocolProtos$OzoneManagerService$2.callBlockingMethod(OzoneManagerProtocolProtos.java) [ozone-interface-client-1.4.0-SNAPSHOT.jar:?]
	at org.apache.hadoop.ipc.ProtobufRpcEngine$Server.processCall(ProtobufRpcEngine.java:484) [hadoop-common-3.3.6.jar:?]
	at org.apache.hadoop.ipc.ProtobufRpcEngine2$Server$ProtoBufRpcInvoker.call(ProtobufRpcEngine2.java:595) [hadoop-common-3.3.6.jar:?]
	at org.apache.hadoop.ipc.ProtobufRpcEngine2$Server$ProtoBufRpcInvoker.call(ProtobufRpcEngine2.java:573) [hadoop-common-3.3.6.jar:?]
	at org.apache.hadoop.ipc.RPC$Server.call(RPC.java:1227) [hadoop-common-3.3.6.jar:?]
	at org.apache.hadoop.ipc.Server$RpcCall.run(Server.java:1094) [hadoop-common-3.3.6.jar:?]
	at org.apache.hadoop.ipc.Server$RpcCall.run(Server.java:1017) [hadoop-common-3.3.6.jar:?]
	at java.security.AccessController.doPrivileged(Native Method) ~[?:1.8.0_382]
	at javax.security.auth.Subject.doAs(Subject.java:422) [?:1.8.0_382]
	at org.apache.hadoop.security.UserGroupInformation.doAs(UserGroupInformation.java:1899) [hadoop-common-3.3.6.jar:?]
	at org.apache.hadoop.ipc.Server$Handler.run(Server.java:3048) [hadoop-common-3.3.6.jar:?]
2023-09-08 11:21:06,305 [Time-limited test] WARN  ozone.BasicOzoneFileSystem (BasicOzoneFileSystem.java:delete(595)) - delete: Path does not exist: /testBatchDelete/parent
]]></system-out>
  </testcase>
  <testcase name="testListStatusIteratorOnPageSize" classname="TestOzoneFileSystem" time="55.714">
    <system-out><![CDATA[2023-09-08 11:17:19,143 [IPC Server handler 15 on default port 15001] INFO  ha.SequenceIdGenerator (SequenceIdGenerator.java:getNextId(140)) - Allocate a batch for delTxnId, change lastId from 0 to 1000.
2023-09-08 11:17:22,422 [JvmPauseMonitor6] WARN  util.JvmPauseMonitor (JvmPauseMonitor.java:detectPause(124)) - JvmPauseMonitor-2dfd442c-a1c3-4c12-a15b-8aed08a5dec6: Detected pause in JVM or host machine approximately 0.141s with 0.141s GC time.
GC pool 'PS Scavenge' had collection(s): count=1 time=141ms
2023-09-08 11:17:22,422 [JvmPauseMonitor4] WARN  util.JvmPauseMonitor (JvmPauseMonitor.java:detectPause(124)) - JvmPauseMonitor-89f84e8b-2e80-4453-8736-c86c7ce839d9: Detected pause in JVM or host machine approximately 0.142s with 0.141s GC time.
GC pool 'PS Scavenge' had collection(s): count=1 time=141ms
2023-09-08 11:17:22,422 [JvmPauseMonitor5] WARN  util.JvmPauseMonitor (JvmPauseMonitor.java:detectPause(124)) - JvmPauseMonitor-d33cef6e-fa1d-4bba-bddd-0d189def30bc: Detected pause in JVM or host machine approximately 0.142s with 0.141s GC time.
GC pool 'PS Scavenge' had collection(s): count=1 time=141ms
2023-09-08 11:17:22,423 [JvmPauseMonitor0] WARN  util.JvmPauseMonitor (JvmPauseMonitor.java:detectPause(124)) - JvmPauseMonitor-09ddc2e2-6770-475e-ba33-8322ea347e1f: Detected pause in JVM or host machine approximately 0.143s with 0.141s GC time.
GC pool 'PS Scavenge' had collection(s): count=1 time=141ms
2023-09-08 11:17:22,424 [JvmPauseMonitor3] WARN  util.JvmPauseMonitor (JvmPauseMonitor.java:detectPause(124)) - JvmPauseMonitor-a3bbae93-4dbd-48a8-b7ec-9de03e51f535: Detected pause in JVM or host machine approximately 0.143s with 0.141s GC time.
GC pool 'PS Scavenge' had collection(s): count=1 time=141ms
2023-09-08 11:17:22,427 [JvmPauseMonitor1] WARN  util.JvmPauseMonitor (JvmPauseMonitor.java:detectPause(124)) - JvmPauseMonitor-om1: Detected pause in JVM or host machine approximately 0.149s with 0.141s GC time.
GC pool 'PS Scavenge' had collection(s): count=1 time=141ms
2023-09-08 11:17:22,428 [JvmPauseMonitor2] WARN  util.JvmPauseMonitor (JvmPauseMonitor.java:detectPause(124)) - JvmPauseMonitor-f2514b4c-a867-463f-8d84-f95d86e9803a: Detected pause in JVM or host machine approximately 0.149s with 0.141s GC time.
GC pool 'PS Scavenge' had collection(s): count=1 time=141ms
2023-09-08 11:17:22,723 [BlockDeletingService#0] INFO  interfaces.ContainerDeletionChoosingPolicyTemplate (ContainerDeletionChoosingPolicyTemplate.java:chooseContainerForBlockDeletion(85)) - Chosen 0/5000 blocks from 0 candidate containers.
2023-09-08 11:17:23,029 [BlockDeletingService#0] INFO  interfaces.ContainerDeletionChoosingPolicyTemplate (ContainerDeletionChoosingPolicyTemplate.java:chooseContainerForBlockDeletion(85)) - Chosen 0/5000 blocks from 0 candidate containers.
2023-09-08 11:17:23,396 [BlockDeletingService#0] INFO  interfaces.ContainerDeletionChoosingPolicyTemplate (ContainerDeletionChoosingPolicyTemplate.java:chooseContainerForBlockDeletion(85)) - Chosen 0/5000 blocks from 0 candidate containers.
2023-09-08 11:17:23,862 [BlockDeletingService#0] INFO  interfaces.ContainerDeletionChoosingPolicyTemplate (ContainerDeletionChoosingPolicyTemplate.java:chooseContainerForBlockDeletion(85)) - Chosen 0/5000 blocks from 0 candidate containers.
2023-09-08 11:17:24,196 [BlockDeletingService#0] INFO  interfaces.ContainerDeletionChoosingPolicyTemplate (ContainerDeletionChoosingPolicyTemplate.java:chooseContainerForBlockDeletion(85)) - Chosen 0/5000 blocks from 0 candidate containers.
]]></system-out>
  </testcase>
  <testcase name="testListStatusIteratorOnPageSize" classname="TestOzoneFileSystem" time="42.18">
    <system-out><![CDATA[2023-09-08 11:19:02,126 [IPC Server handler 17 on default port 15054] INFO  ha.SequenceIdGenerator (SequenceIdGenerator.java:getNextId(140)) - Allocate a batch for delTxnId, change lastId from 0 to 1000.
]]></system-out>
  </testcase>
  <testcase name="testListStatusIteratorOnPageSize" classname="TestOzoneFileSystem" time="47.379">
    <system-out><![CDATA[2023-09-08 11:19:50,698 [JvmPauseMonitor14] WARN  util.JvmPauseMonitor (JvmPauseMonitor.java:detectPause(124)) - JvmPauseMonitor-955b9a2d-23d7-4de5-ae60-786a38030137: Detected pause in JVM or host machine approximately 0.153s with 0.171s GC time.
GC pool 'PS Scavenge' had collection(s): count=1 time=171ms
2023-09-08 11:20:17,555 [JvmPauseMonitor19] WARN  util.JvmPauseMonitor (JvmPauseMonitor.java:detectPause(124)) - JvmPauseMonitor-82b47503-614b-4a1f-aa0a-75391d5c12a5: Detected pause in JVM or host machine approximately 0.100s with 0.132s GC time.
GC pool 'PS Scavenge' had collection(s): count=1 time=132ms
2023-09-08 11:20:20,253 [IPC Server handler 11 on default port 15107] INFO  ha.SequenceIdGenerator (SequenceIdGenerator.java:getNextId(140)) - Allocate a batch for delTxnId, change lastId from 0 to 1000.
2023-09-08 11:20:22,749 [JvmPauseMonitor18] WARN  util.JvmPauseMonitor (JvmPauseMonitor.java:detectPause(124)) - JvmPauseMonitor-86b604ca-d593-47c1-a869-330a99737efc: Detected pause in JVM or host machine approximately 0.645s with 0.901s GC time.
GC pool 'PS MarkSweep' had collection(s): count=1 time=652ms
GC pool 'PS Scavenge' had collection(s): count=1 time=249ms
2023-09-08 11:20:22,751 [JvmPauseMonitor19] WARN  util.JvmPauseMonitor (JvmPauseMonitor.java:detectPause(124)) - JvmPauseMonitor-82b47503-614b-4a1f-aa0a-75391d5c12a5: Detected pause in JVM or host machine approximately 0.694s with 0.901s GC time.
GC pool 'PS MarkSweep' had collection(s): count=1 time=652ms
GC pool 'PS Scavenge' had collection(s): count=1 time=249ms
2023-09-08 11:20:22,751 [JvmPauseMonitor20] WARN  util.JvmPauseMonitor (JvmPauseMonitor.java:detectPause(124)) - JvmPauseMonitor-ced5577c-1b9f-4df4-b1d3-afb76f4739eb: Detected pause in JVM or host machine approximately 0.694s with 0.901s GC time.
GC pool 'PS MarkSweep' had collection(s): count=1 time=652ms
GC pool 'PS Scavenge' had collection(s): count=1 time=249ms
2023-09-08 11:20:22,751 [JvmPauseMonitor17] WARN  util.JvmPauseMonitor (JvmPauseMonitor.java:detectPause(124)) - JvmPauseMonitor-03f108d1-7670-46de-a663-64a53fa7aba7: Detected pause in JVM or host machine approximately 0.694s with 0.901s GC time.
GC pool 'PS MarkSweep' had collection(s): count=1 time=652ms
GC pool 'PS Scavenge' had collection(s): count=1 time=249ms
2023-09-08 11:20:22,751 [JvmPauseMonitor15] WARN  util.JvmPauseMonitor (JvmPauseMonitor.java:detectPause(124)) - JvmPauseMonitor-om1: Detected pause in JVM or host machine approximately 0.694s with 0.901s GC time.
GC pool 'PS MarkSweep' had collection(s): count=1 time=652ms
GC pool 'PS Scavenge' had collection(s): count=1 time=249ms
2023-09-08 11:20:22,751 [JvmPauseMonitor16] WARN  util.JvmPauseMonitor (JvmPauseMonitor.java:detectPause(124)) - JvmPauseMonitor-ccde687e-3bc0-46e3-98cf-cb73a4745fdb: Detected pause in JVM or host machine approximately 0.695s with 0.901s GC time.
GC pool 'PS MarkSweep' had collection(s): count=1 time=652ms
GC pool 'PS Scavenge' had collection(s): count=1 time=249ms
2023-09-08 11:20:22,751 [JvmPauseMonitor14] WARN  util.JvmPauseMonitor (JvmPauseMonitor.java:detectPause(124)) - JvmPauseMonitor-955b9a2d-23d7-4de5-ae60-786a38030137: Detected pause in JVM or host machine approximately 0.695s with 0.901s GC time.
GC pool 'PS MarkSweep' had collection(s): count=1 time=652ms
GC pool 'PS Scavenge' had collection(s): count=1 time=249ms
2023-09-08 11:20:22,752 [BlockDeletingService#0] INFO  interfaces.ContainerDeletionChoosingPolicyTemplate (ContainerDeletionChoosingPolicyTemplate.java:chooseContainerForBlockDeletion(85)) - Chosen 0/5000 blocks from 0 candidate containers.
2023-09-08 11:20:23,125 [BlockDeletingService#0] INFO  interfaces.ContainerDeletionChoosingPolicyTemplate (ContainerDeletionChoosingPolicyTemplate.java:chooseContainerForBlockDeletion(85)) - Chosen 0/5000 blocks from 0 candidate containers.
2023-09-08 11:20:23,507 [BlockDeletingService#0] INFO  interfaces.ContainerDeletionChoosingPolicyTemplate (ContainerDeletionChoosingPolicyTemplate.java:chooseContainerForBlockDeletion(85)) - Chosen 0/5000 blocks from 0 candidate containers.
2023-09-08 11:20:23,829 [BlockDeletingService#0] INFO  interfaces.ContainerDeletionChoosingPolicyTemplate (ContainerDeletionChoosingPolicyTemplate.java:chooseContainerForBlockDeletion(85)) - Chosen 0/5000 blocks from 0 candidate containers.
2023-09-08 11:20:24,160 [BlockDeletingService#0] INFO  interfaces.ContainerDeletionChoosingPolicyTemplate (ContainerDeletionChoosingPolicyTemplate.java:chooseContainerForBlockDeletion(85)) - Chosen 0/5000 blocks from 0 candidate containers.
]]></system-out>
  </testcase>
  <testcase name="testListStatusIteratorOnPageSize" classname="TestOzoneFileSystem" time="41.107">
    <system-out><![CDATA[2023-09-08 11:21:11,792 [JvmPauseMonitor24] WARN  util.JvmPauseMonitor (JvmPauseMonitor.java:detectPause(124)) - JvmPauseMonitor-95dc1813-fd59-4f21-8387-058ccbf2ac19: Detected pause in JVM or host machine approximately 0.392s with 0.864s GC time.
GC pool 'PS MarkSweep' had collection(s): count=1 time=631ms
GC pool 'PS Scavenge' had collection(s): count=1 time=233ms
2023-09-08 11:21:11,793 [JvmPauseMonitor27] WARN  util.JvmPauseMonitor (JvmPauseMonitor.java:detectPause(124)) - JvmPauseMonitor-c4d580d2-2f88-474d-8696-feb170900697: Detected pause in JVM or host machine approximately 0.440s with 0.864s GC time.
GC pool 'PS MarkSweep' had collection(s): count=1 time=631ms
GC pool 'PS Scavenge' had collection(s): count=1 time=233ms
2023-09-08 11:21:11,794 [JvmPauseMonitor21] WARN  util.JvmPauseMonitor (JvmPauseMonitor.java:detectPause(124)) - JvmPauseMonitor-ab52667c-1e1c-4b1f-a18f-8aec15dd96e5: Detected pause in JVM or host machine approximately 0.550s with 0.864s GC time.
GC pool 'PS MarkSweep' had collection(s): count=1 time=631ms
GC pool 'PS Scavenge' had collection(s): count=1 time=233ms
2023-09-08 11:21:11,794 [JvmPauseMonitor25] WARN  util.JvmPauseMonitor (JvmPauseMonitor.java:detectPause(124)) - JvmPauseMonitor-7a683abd-c78e-4222-b82d-306c946a3e7e: Detected pause in JVM or host machine approximately 0.563s with 0.864s GC time.
GC pool 'PS MarkSweep' had collection(s): count=1 time=631ms
GC pool 'PS Scavenge' had collection(s): count=1 time=233ms
2023-09-08 11:21:11,794 [JvmPauseMonitor22] WARN  util.JvmPauseMonitor (JvmPauseMonitor.java:detectPause(124)) - JvmPauseMonitor-e0876351-9e1d-459e-9e72-c1488b7cea8c: Detected pause in JVM or host machine approximately 0.564s with 0.864s GC time.
GC pool 'PS MarkSweep' had collection(s): count=1 time=631ms
GC pool 'PS Scavenge' had collection(s): count=1 time=233ms
2023-09-08 11:21:11,795 [JvmPauseMonitor23] WARN  util.JvmPauseMonitor (JvmPauseMonitor.java:detectPause(124)) - JvmPauseMonitor-8f9fa227-a509-4f05-89e4-89393bf4f6e1: Detected pause in JVM or host machine approximately 0.692s with 0.864s GC time.
GC pool 'PS MarkSweep' had collection(s): count=1 time=631ms
GC pool 'PS Scavenge' had collection(s): count=1 time=233ms
2023-09-08 11:21:11,799 [JvmPauseMonitor26] WARN  util.JvmPauseMonitor (JvmPauseMonitor.java:detectPause(124)) - JvmPauseMonitor-8abc5b5b-9557-42e0-ad65-3a4f82792924: Detected pause in JVM or host machine approximately 0.800s with 0.864s GC time.
GC pool 'PS MarkSweep' had collection(s): count=1 time=631ms
GC pool 'PS Scavenge' had collection(s): count=1 time=233ms
2023-09-08 11:21:45,663 [IPC Server handler 4 on default port 15160] INFO  ha.SequenceIdGenerator (SequenceIdGenerator.java:getNextId(140)) - Allocate a batch for delTxnId, change lastId from 0 to 1000.
]]></system-out>
  </testcase>
  <testcase name="testListStatusWithIntermediateDir" classname="TestOzoneFileSystem" time="0.063">
    <system-out><![CDATA[2023-09-08 11:17:39,837 [OM StateMachine ApplyTransaction Thread - 0] WARN  helpers.QuotaUtil (QuotaUtil.java:getReplicatedSize(63)) - Unknown replication type 'STAND_ALONE'. Returning original data size.
2023-09-08 11:17:39,844 [Time-limited test] WARN  helpers.QuotaUtil (QuotaUtil.java:getReplicatedSize(63)) - Unknown replication type 'STAND_ALONE'. Returning original data size.
2023-09-08 11:17:39,853 [Time-limited test] WARN  helpers.QuotaUtil (QuotaUtil.java:getReplicatedSize(63)) - Unknown replication type 'STAND_ALONE'. Returning original data size.
2023-09-08 11:17:39,854 [Time-limited test] WARN  helpers.QuotaUtil (QuotaUtil.java:getReplicatedSize(63)) - Unknown replication type 'STAND_ALONE'. Returning original data size.
2023-09-08 11:17:39,854 [Time-limited test] WARN  helpers.QuotaUtil (QuotaUtil.java:getReplicatedSize(63)) - Unknown replication type 'STAND_ALONE'. Returning original data size.
]]></system-out>
  </testcase>
  <testcase name="testListStatusWithIntermediateDir" classname="TestOzoneFileSystem" time="0.044">
    <system-out><![CDATA[2023-09-08 11:19:03,443 [IPC Server handler 1 on default port 15057] WARN  helpers.QuotaUtil (QuotaUtil.java:getReplicatedSize(63)) - Unknown replication type 'STAND_ALONE'. Returning original data size.
2023-09-08 11:19:03,448 [Time-limited test] WARN  helpers.QuotaUtil (QuotaUtil.java:getReplicatedSize(63)) - Unknown replication type 'STAND_ALONE'. Returning original data size.
2023-09-08 11:19:03,455 [Time-limited test] WARN  helpers.QuotaUtil (QuotaUtil.java:getReplicatedSize(63)) - Unknown replication type 'STAND_ALONE'. Returning original data size.
2023-09-08 11:19:03,456 [Time-limited test] WARN  helpers.QuotaUtil (QuotaUtil.java:getReplicatedSize(63)) - Unknown replication type 'STAND_ALONE'. Returning original data size.
2023-09-08 11:19:03,457 [Time-limited test] WARN  helpers.QuotaUtil (QuotaUtil.java:getReplicatedSize(63)) - Unknown replication type 'STAND_ALONE'. Returning original data size.
]]></system-out>
  </testcase>
  <testcase name="testListStatusWithIntermediateDir" classname="TestOzoneFileSystem" time="0.055">
    <system-out><![CDATA[2023-09-08 11:20:25,822 [OM StateMachine ApplyTransaction Thread - 0] WARN  helpers.QuotaUtil (QuotaUtil.java:getReplicatedSize(63)) - Unknown replication type 'STAND_ALONE'. Returning original data size.
2023-09-08 11:20:25,834 [Time-limited test] WARN  helpers.QuotaUtil (QuotaUtil.java:getReplicatedSize(63)) - Unknown replication type 'STAND_ALONE'. Returning original data size.
2023-09-08 11:20:25,840 [Time-limited test] WARN  helpers.QuotaUtil (QuotaUtil.java:getReplicatedSize(63)) - Unknown replication type 'STAND_ALONE'. Returning original data size.
]]></system-out>
  </testcase>
  <testcase name="testListStatusWithIntermediateDir" classname="TestOzoneFileSystem" time="0.036">
    <system-out><![CDATA[2023-09-08 11:21:47,426 [IPC Server handler 4 on default port 15163] WARN  helpers.QuotaUtil (QuotaUtil.java:getReplicatedSize(63)) - Unknown replication type 'STAND_ALONE'. Returning original data size.
2023-09-08 11:21:47,434 [Time-limited test] WARN  helpers.QuotaUtil (QuotaUtil.java:getReplicatedSize(63)) - Unknown replication type 'STAND_ALONE'. Returning original data size.
2023-09-08 11:21:47,439 [Time-limited test] WARN  helpers.QuotaUtil (QuotaUtil.java:getReplicatedSize(63)) - Unknown replication type 'STAND_ALONE'. Returning original data size.
]]></system-out>
  </testcase>
  <testcase name="testRenameSourceAndDestinAreSame" classname="TestOzoneFileSystem" time="0.044"/>
  <testcase name="testRenameSourceAndDestinAreSame" classname="TestOzoneFileSystem" time="0.029"/>
  <testcase name="testRenameSourceAndDestinAreSame" classname="TestOzoneFileSystem" time="0.035"/>
  <testcase name="testRenameSourceAndDestinAreSame" classname="TestOzoneFileSystem" time="0.024"/>
  <testcase name="testListStatusIteratorWithDir" classname="TestOzoneFileSystem" time="0.074"/>
  <testcase name="testListStatusIteratorWithDir" classname="TestOzoneFileSystem" time="0.061"/>
  <testcase name="testListStatusIteratorWithDir" classname="TestOzoneFileSystem" time="0.068"/>
  <testcase name="testListStatusIteratorWithDir" classname="TestOzoneFileSystem" time="0.06"/>
  <testcase name="testListStatusOnLargeDirectory" classname="TestOzoneFileSystem" time="10.115"/>
  <testcase name="testListStatusOnLargeDirectory" classname="TestOzoneFileSystem" time="8.148">
    <system-out><![CDATA[2023-09-08 11:19:04,640 [BlockDeletingService#0] INFO  interfaces.ContainerDeletionChoosingPolicyTemplate (ContainerDeletionChoosingPolicyTemplate.java:chooseContainerForBlockDeletion(85)) - Chosen 0/5000 blocks from 0 candidate containers.
2023-09-08 11:19:05,008 [BlockDeletingService#0] INFO  interfaces.ContainerDeletionChoosingPolicyTemplate (ContainerDeletionChoosingPolicyTemplate.java:chooseContainerForBlockDeletion(85)) - Chosen 0/5000 blocks from 0 candidate containers.
2023-09-08 11:19:05,369 [BlockDeletingService#0] INFO  interfaces.ContainerDeletionChoosingPolicyTemplate (ContainerDeletionChoosingPolicyTemplate.java:chooseContainerForBlockDeletion(85)) - Chosen 0/5000 blocks from 0 candidate containers.
2023-09-08 11:19:05,760 [BlockDeletingService#0] INFO  interfaces.ContainerDeletionChoosingPolicyTemplate (ContainerDeletionChoosingPolicyTemplate.java:chooseContainerForBlockDeletion(85)) - Chosen 0/5000 blocks from 0 candidate containers.
2023-09-08 11:19:06,122 [BlockDeletingService#0] INFO  interfaces.ContainerDeletionChoosingPolicyTemplate (ContainerDeletionChoosingPolicyTemplate.java:chooseContainerForBlockDeletion(85)) - Chosen 0/5000 blocks from 0 candidate containers.
]]></system-out>
  </testcase>
  <testcase name="testListStatusOnLargeDirectory" classname="TestOzoneFileSystem" time="9.568"/>
  <testcase name="testListStatusOnLargeDirectory" classname="TestOzoneFileSystem" time="7.435">
    <system-out><![CDATA[2023-09-08 11:21:48,094 [BlockDeletingService#0] INFO  interfaces.ContainerDeletionChoosingPolicyTemplate (ContainerDeletionChoosingPolicyTemplate.java:chooseContainerForBlockDeletion(85)) - Chosen 0/5000 blocks from 0 candidate containers.
2023-09-08 11:21:48,385 [BlockDeletingService#0] INFO  interfaces.ContainerDeletionChoosingPolicyTemplate (ContainerDeletionChoosingPolicyTemplate.java:chooseContainerForBlockDeletion(85)) - Chosen 0/5000 blocks from 0 candidate containers.
2023-09-08 11:21:48,702 [BlockDeletingService#0] INFO  interfaces.ContainerDeletionChoosingPolicyTemplate (ContainerDeletionChoosingPolicyTemplate.java:chooseContainerForBlockDeletion(85)) - Chosen 0/5000 blocks from 0 candidate containers.
2023-09-08 11:21:48,996 [BlockDeletingService#0] INFO  interfaces.ContainerDeletionChoosingPolicyTemplate (ContainerDeletionChoosingPolicyTemplate.java:chooseContainerForBlockDeletion(85)) - Chosen 0/5000 blocks from 0 candidate containers.
2023-09-08 11:21:49,342 [BlockDeletingService#0] INFO  interfaces.ContainerDeletionChoosingPolicyTemplate (ContainerDeletionChoosingPolicyTemplate.java:chooseContainerForBlockDeletion(85)) - Chosen 0/5000 blocks from 0 candidate containers.
]]></system-out>
  </testcase>
  <testcase name="testFileSystemDeclaresCapability" classname="TestOzoneFileSystem" time="0.018"/>
  <testcase name="testFileSystemDeclaresCapability" classname="TestOzoneFileSystem" time="0.017"/>
  <testcase name="testFileSystemDeclaresCapability" classname="TestOzoneFileSystem" time="0.014"/>
  <testcase name="testFileSystemDeclaresCapability" classname="TestOzoneFileSystem" time="0.012"/>
  <testcase name="testCreateKeyShouldUseRefreshedBucketReplicationConfig" classname="TestOzoneFileSystem" time="0.503">
    <system-out><![CDATA[2023-09-08 11:17:50,143 [Time-limited test] INFO  rpc.RpcClient (RpcClient.java:createVolume(461)) - Creating Volume: volume89778, with user04759 as owner and space quota set to -1 bytes, counts quota set to -1
2023-09-08 11:17:50,165 [OM StateMachine ApplyTransaction Thread - 0] INFO  volume.OMVolumeCreateRequest (OMVolumeCreateRequest.java:validateAndUpdateCache(196)) - created volume:volume89778 for user:user04759
2023-09-08 11:17:50,170 [Time-limited test] INFO  rpc.RpcClient (RpcClient.java:createBucket(688)) - Creating Bucket: volume89778/bucket04891, with bucket layout LEGACY, runner as owner, Versioning false, Storage Type set to DISK and Encryption set to false, Replication Type set to server-side default replication type, Namespace Quota set to -1, Space Quota set to -1 
2023-09-08 11:17:50,172 [OM StateMachine ApplyTransaction Thread - 0] INFO  bucket.OMBucketCreateRequest (OMBucketCreateRequest.java:validateAndUpdateCache(270)) - created bucket: bucket04891 of layout LEGACY in volume: volume89778
2023-09-08 11:17:50,287 [IPC Server handler 18 on default port 15001] INFO  algorithms.SCMContainerPlacementRackScatter (SCMContainerPlacementRackScatter.java:chooseDatanodesInternal(370)) - Chosen nodes: [f2514b4c-a867-463f-8d84-f95d86e9803a(fv-az203-160.hq41me5fykbulac445kfrvsskg.dx.internal.cloudapp.net/10.1.0.72), 89f84e8b-2e80-4453-8736-c86c7ce839d9(fv-az203-160.hq41me5fykbulac445kfrvsskg.dx.internal.cloudapp.net/10.1.0.72), d33cef6e-fa1d-4bba-bddd-0d189def30bc(fv-az203-160.hq41me5fykbulac445kfrvsskg.dx.internal.cloudapp.net/10.1.0.72), 2dfd442c-a1c3-4c12-a15b-8aed08a5dec6(fv-az203-160.hq41me5fykbulac445kfrvsskg.dx.internal.cloudapp.net/10.1.0.72), a3bbae93-4dbd-48a8-b7ec-9de03e51f535(fv-az203-160.hq41me5fykbulac445kfrvsskg.dx.internal.cloudapp.net/10.1.0.72)]. isPolicySatisfied: true.
2023-09-08 11:17:50,289 [IPC Server handler 18 on default port 15001] INFO  pipeline.WritableECContainerProvider (WritableECContainerProvider.java:allocateContainer(211)) - Created and opened new pipeline Pipeline[ Id: 6a52500e-1780-4d1f-8831-20e1e967e950, Nodes: f2514b4c-a867-463f-8d84-f95d86e9803a(fv-az203-160.hq41me5fykbulac445kfrvsskg.dx.internal.cloudapp.net/10.1.0.72)89f84e8b-2e80-4453-8736-c86c7ce839d9(fv-az203-160.hq41me5fykbulac445kfrvsskg.dx.internal.cloudapp.net/10.1.0.72)d33cef6e-fa1d-4bba-bddd-0d189def30bc(fv-az203-160.hq41me5fykbulac445kfrvsskg.dx.internal.cloudapp.net/10.1.0.72)2dfd442c-a1c3-4c12-a15b-8aed08a5dec6(fv-az203-160.hq41me5fykbulac445kfrvsskg.dx.internal.cloudapp.net/10.1.0.72)a3bbae93-4dbd-48a8-b7ec-9de03e51f535(fv-az203-160.hq41me5fykbulac445kfrvsskg.dx.internal.cloudapp.net/10.1.0.72), ReplicationConfig: EC{rs-3-2-1024k}, State:ALLOCATED, leaderId:, CreationTimestamp2023-09-08T11:17:50.287Z[Etc/UTC]]
2023-09-08 11:17:50,385 [Time-limited test] WARN  erasurecode.ErasureCodeNative (ErasureCodeNative.java:<clinit>(55)) - ISA-L support is not available in your platform... using builtin-java codec where applicable
2023-09-08 11:17:50,529 [IPC Server handler 3 on default port 15001] INFO  algorithms.SCMContainerPlacementRackScatter (SCMContainerPlacementRackScatter.java:chooseDatanodesInternal(370)) - Chosen nodes: [89f84e8b-2e80-4453-8736-c86c7ce839d9(fv-az203-160.hq41me5fykbulac445kfrvsskg.dx.internal.cloudapp.net/10.1.0.72), 2dfd442c-a1c3-4c12-a15b-8aed08a5dec6(fv-az203-160.hq41me5fykbulac445kfrvsskg.dx.internal.cloudapp.net/10.1.0.72), d33cef6e-fa1d-4bba-bddd-0d189def30bc(fv-az203-160.hq41me5fykbulac445kfrvsskg.dx.internal.cloudapp.net/10.1.0.72), a3bbae93-4dbd-48a8-b7ec-9de03e51f535(fv-az203-160.hq41me5fykbulac445kfrvsskg.dx.internal.cloudapp.net/10.1.0.72), f2514b4c-a867-463f-8d84-f95d86e9803a(fv-az203-160.hq41me5fykbulac445kfrvsskg.dx.internal.cloudapp.net/10.1.0.72)]. isPolicySatisfied: true.
2023-09-08 11:17:50,531 [IPC Server handler 3 on default port 15001] INFO  pipeline.WritableECContainerProvider (WritableECContainerProvider.java:allocateContainer(211)) - Created and opened new pipeline Pipeline[ Id: 4fa9df73-4bc2-4518-984f-36e26455583d, Nodes: 89f84e8b-2e80-4453-8736-c86c7ce839d9(fv-az203-160.hq41me5fykbulac445kfrvsskg.dx.internal.cloudapp.net/10.1.0.72)2dfd442c-a1c3-4c12-a15b-8aed08a5dec6(fv-az203-160.hq41me5fykbulac445kfrvsskg.dx.internal.cloudapp.net/10.1.0.72)d33cef6e-fa1d-4bba-bddd-0d189def30bc(fv-az203-160.hq41me5fykbulac445kfrvsskg.dx.internal.cloudapp.net/10.1.0.72)a3bbae93-4dbd-48a8-b7ec-9de03e51f535(fv-az203-160.hq41me5fykbulac445kfrvsskg.dx.internal.cloudapp.net/10.1.0.72)f2514b4c-a867-463f-8d84-f95d86e9803a(fv-az203-160.hq41me5fykbulac445kfrvsskg.dx.internal.cloudapp.net/10.1.0.72), ReplicationConfig: EC{rs-3-2-1024k}, State:ALLOCATED, leaderId:, CreationTimestamp2023-09-08T11:17:50.529Z[Etc/UTC]]
]]></system-out>
  </testcase>
  <testcase name="testCreateKeyShouldUseRefreshedBucketReplicationConfig" classname="TestOzoneFileSystem" time="0.177">
    <system-out><![CDATA[2023-09-08 11:19:11,745 [Time-limited test] INFO  rpc.RpcClient (RpcClient.java:createVolume(461)) - Creating Volume: volume41621, with user11680 as owner and space quota set to -1 bytes, counts quota set to -1
2023-09-08 11:19:11,747 [IPC Server handler 10 on default port 15057] INFO  volume.OMVolumeCreateRequest (OMVolumeCreateRequest.java:validateAndUpdateCache(196)) - created volume:volume41621 for user:user11680
2023-09-08 11:19:11,749 [Time-limited test] INFO  rpc.RpcClient (RpcClient.java:createBucket(688)) - Creating Bucket: volume41621/bucket76517, with bucket layout LEGACY, runner as owner, Versioning false, Storage Type set to DISK and Encryption set to false, Replication Type set to server-side default replication type, Namespace Quota set to -1, Space Quota set to -1 
2023-09-08 11:19:11,750 [IPC Server handler 8 on default port 15057] INFO  bucket.OMBucketCreateRequest (OMBucketCreateRequest.java:validateAndUpdateCache(270)) - created bucket: bucket76517 of layout LEGACY in volume: volume41621
2023-09-08 11:19:11,796 [IPC Server handler 17 on default port 15054] INFO  algorithms.SCMContainerPlacementRackScatter (SCMContainerPlacementRackScatter.java:chooseDatanodesInternal(370)) - Chosen nodes: [250abfd1-bd23-40f0-a4b0-f7070b21e986(fv-az203-160.hq41me5fykbulac445kfrvsskg.dx.internal.cloudapp.net/10.1.0.72), 31c5dcde-db57-40d7-a24d-ec5de7583a50(fv-az203-160.hq41me5fykbulac445kfrvsskg.dx.internal.cloudapp.net/10.1.0.72), 17f9ea42-0da3-466f-953b-33021d7cf2c6(fv-az203-160.hq41me5fykbulac445kfrvsskg.dx.internal.cloudapp.net/10.1.0.72), e7773167-2049-479c-a584-e45e7fe0d5b5(fv-az203-160.hq41me5fykbulac445kfrvsskg.dx.internal.cloudapp.net/10.1.0.72), cc8e8696-e38e-4ced-9d90-ae7c9c418c99(fv-az203-160.hq41me5fykbulac445kfrvsskg.dx.internal.cloudapp.net/10.1.0.72)]. isPolicySatisfied: true.
2023-09-08 11:19:11,798 [IPC Server handler 17 on default port 15054] INFO  pipeline.WritableECContainerProvider (WritableECContainerProvider.java:allocateContainer(211)) - Created and opened new pipeline Pipeline[ Id: 246654bb-1a84-4ec7-89d6-55831bb20387, Nodes: 250abfd1-bd23-40f0-a4b0-f7070b21e986(fv-az203-160.hq41me5fykbulac445kfrvsskg.dx.internal.cloudapp.net/10.1.0.72)31c5dcde-db57-40d7-a24d-ec5de7583a50(fv-az203-160.hq41me5fykbulac445kfrvsskg.dx.internal.cloudapp.net/10.1.0.72)17f9ea42-0da3-466f-953b-33021d7cf2c6(fv-az203-160.hq41me5fykbulac445kfrvsskg.dx.internal.cloudapp.net/10.1.0.72)e7773167-2049-479c-a584-e45e7fe0d5b5(fv-az203-160.hq41me5fykbulac445kfrvsskg.dx.internal.cloudapp.net/10.1.0.72)cc8e8696-e38e-4ced-9d90-ae7c9c418c99(fv-az203-160.hq41me5fykbulac445kfrvsskg.dx.internal.cloudapp.net/10.1.0.72), ReplicationConfig: EC{rs-3-2-1024k}, State:ALLOCATED, leaderId:, CreationTimestamp2023-09-08T11:19:11.796Z[Etc/UTC]]
2023-09-08 11:19:11,832 [IPC Server handler 4 on default port 15054] INFO  algorithms.SCMContainerPlacementRackScatter (SCMContainerPlacementRackScatter.java:chooseDatanodesInternal(370)) - Chosen nodes: [e7773167-2049-479c-a584-e45e7fe0d5b5(fv-az203-160.hq41me5fykbulac445kfrvsskg.dx.internal.cloudapp.net/10.1.0.72), 250abfd1-bd23-40f0-a4b0-f7070b21e986(fv-az203-160.hq41me5fykbulac445kfrvsskg.dx.internal.cloudapp.net/10.1.0.72), 17f9ea42-0da3-466f-953b-33021d7cf2c6(fv-az203-160.hq41me5fykbulac445kfrvsskg.dx.internal.cloudapp.net/10.1.0.72), 31c5dcde-db57-40d7-a24d-ec5de7583a50(fv-az203-160.hq41me5fykbulac445kfrvsskg.dx.internal.cloudapp.net/10.1.0.72), cc8e8696-e38e-4ced-9d90-ae7c9c418c99(fv-az203-160.hq41me5fykbulac445kfrvsskg.dx.internal.cloudapp.net/10.1.0.72)]. isPolicySatisfied: true.
2023-09-08 11:19:11,834 [IPC Server handler 4 on default port 15054] INFO  pipeline.WritableECContainerProvider (WritableECContainerProvider.java:allocateContainer(211)) - Created and opened new pipeline Pipeline[ Id: 2e37a5b6-8efc-422f-af8f-7cc51b99d41e, Nodes: e7773167-2049-479c-a584-e45e7fe0d5b5(fv-az203-160.hq41me5fykbulac445kfrvsskg.dx.internal.cloudapp.net/10.1.0.72)250abfd1-bd23-40f0-a4b0-f7070b21e986(fv-az203-160.hq41me5fykbulac445kfrvsskg.dx.internal.cloudapp.net/10.1.0.72)17f9ea42-0da3-466f-953b-33021d7cf2c6(fv-az203-160.hq41me5fykbulac445kfrvsskg.dx.internal.cloudapp.net/10.1.0.72)31c5dcde-db57-40d7-a24d-ec5de7583a50(fv-az203-160.hq41me5fykbulac445kfrvsskg.dx.internal.cloudapp.net/10.1.0.72)cc8e8696-e38e-4ced-9d90-ae7c9c418c99(fv-az203-160.hq41me5fykbulac445kfrvsskg.dx.internal.cloudapp.net/10.1.0.72), ReplicationConfig: EC{rs-3-2-1024k}, State:ALLOCATED, leaderId:, CreationTimestamp2023-09-08T11:19:11.832Z[Etc/UTC]]
]]></system-out>
  </testcase>
  <testcase name="testCreateKeyShouldUseRefreshedBucketReplicationConfig" classname="TestOzoneFileSystem" time="0.166">
    <system-out><![CDATA[2023-09-08 11:20:35,555 [Time-limited test] INFO  rpc.RpcClient (RpcClient.java:createVolume(461)) - Creating Volume: volume99695, with user96541 as owner and space quota set to -1 bytes, counts quota set to -1
2023-09-08 11:20:35,559 [OM StateMachine ApplyTransaction Thread - 0] INFO  volume.OMVolumeCreateRequest (OMVolumeCreateRequest.java:validateAndUpdateCache(196)) - created volume:volume99695 for user:user96541
2023-09-08 11:20:35,563 [Time-limited test] INFO  rpc.RpcClient (RpcClient.java:createBucket(688)) - Creating Bucket: volume99695/bucket72244, with bucket layout LEGACY, runner as owner, Versioning false, Storage Type set to DISK and Encryption set to false, Replication Type set to server-side default replication type, Namespace Quota set to -1, Space Quota set to -1 
2023-09-08 11:20:35,564 [OM StateMachine ApplyTransaction Thread - 0] INFO  bucket.OMBucketCreateRequest (OMBucketCreateRequest.java:validateAndUpdateCache(270)) - created bucket: bucket72244 of layout LEGACY in volume: volume99695
2023-09-08 11:20:35,602 [IPC Server handler 3 on default port 15107] INFO  algorithms.SCMContainerPlacementRackScatter (SCMContainerPlacementRackScatter.java:chooseDatanodesInternal(370)) - Chosen nodes: [82b47503-614b-4a1f-aa0a-75391d5c12a5(fv-az203-160.hq41me5fykbulac445kfrvsskg.dx.internal.cloudapp.net/10.1.0.72), ced5577c-1b9f-4df4-b1d3-afb76f4739eb(fv-az203-160.hq41me5fykbulac445kfrvsskg.dx.internal.cloudapp.net/10.1.0.72), 86b604ca-d593-47c1-a869-330a99737efc(fv-az203-160.hq41me5fykbulac445kfrvsskg.dx.internal.cloudapp.net/10.1.0.72), ccde687e-3bc0-46e3-98cf-cb73a4745fdb(fv-az203-160.hq41me5fykbulac445kfrvsskg.dx.internal.cloudapp.net/10.1.0.72), 03f108d1-7670-46de-a663-64a53fa7aba7(fv-az203-160.hq41me5fykbulac445kfrvsskg.dx.internal.cloudapp.net/10.1.0.72)]. isPolicySatisfied: true.
2023-09-08 11:20:35,603 [IPC Server handler 3 on default port 15107] INFO  pipeline.WritableECContainerProvider (WritableECContainerProvider.java:allocateContainer(211)) - Created and opened new pipeline Pipeline[ Id: 871a5c94-4dae-4514-bbdc-2a273f3c594d, Nodes: 82b47503-614b-4a1f-aa0a-75391d5c12a5(fv-az203-160.hq41me5fykbulac445kfrvsskg.dx.internal.cloudapp.net/10.1.0.72)ced5577c-1b9f-4df4-b1d3-afb76f4739eb(fv-az203-160.hq41me5fykbulac445kfrvsskg.dx.internal.cloudapp.net/10.1.0.72)86b604ca-d593-47c1-a869-330a99737efc(fv-az203-160.hq41me5fykbulac445kfrvsskg.dx.internal.cloudapp.net/10.1.0.72)ccde687e-3bc0-46e3-98cf-cb73a4745fdb(fv-az203-160.hq41me5fykbulac445kfrvsskg.dx.internal.cloudapp.net/10.1.0.72)03f108d1-7670-46de-a663-64a53fa7aba7(fv-az203-160.hq41me5fykbulac445kfrvsskg.dx.internal.cloudapp.net/10.1.0.72), ReplicationConfig: EC{rs-3-2-1024k}, State:ALLOCATED, leaderId:, CreationTimestamp2023-09-08T11:20:35.602Z[Etc/UTC]]
2023-09-08 11:20:35,647 [IPC Server handler 8 on default port 15107] INFO  algorithms.SCMContainerPlacementRackScatter (SCMContainerPlacementRackScatter.java:chooseDatanodesInternal(370)) - Chosen nodes: [ccde687e-3bc0-46e3-98cf-cb73a4745fdb(fv-az203-160.hq41me5fykbulac445kfrvsskg.dx.internal.cloudapp.net/10.1.0.72), 82b47503-614b-4a1f-aa0a-75391d5c12a5(fv-az203-160.hq41me5fykbulac445kfrvsskg.dx.internal.cloudapp.net/10.1.0.72), 86b604ca-d593-47c1-a869-330a99737efc(fv-az203-160.hq41me5fykbulac445kfrvsskg.dx.internal.cloudapp.net/10.1.0.72), ced5577c-1b9f-4df4-b1d3-afb76f4739eb(fv-az203-160.hq41me5fykbulac445kfrvsskg.dx.internal.cloudapp.net/10.1.0.72), 03f108d1-7670-46de-a663-64a53fa7aba7(fv-az203-160.hq41me5fykbulac445kfrvsskg.dx.internal.cloudapp.net/10.1.0.72)]. isPolicySatisfied: true.
2023-09-08 11:20:35,649 [IPC Server handler 8 on default port 15107] INFO  pipeline.WritableECContainerProvider (WritableECContainerProvider.java:allocateContainer(211)) - Created and opened new pipeline Pipeline[ Id: 0eb653fe-7c2f-4dbe-ad4b-1df7ae0795a0, Nodes: ccde687e-3bc0-46e3-98cf-cb73a4745fdb(fv-az203-160.hq41me5fykbulac445kfrvsskg.dx.internal.cloudapp.net/10.1.0.72)82b47503-614b-4a1f-aa0a-75391d5c12a5(fv-az203-160.hq41me5fykbulac445kfrvsskg.dx.internal.cloudapp.net/10.1.0.72)86b604ca-d593-47c1-a869-330a99737efc(fv-az203-160.hq41me5fykbulac445kfrvsskg.dx.internal.cloudapp.net/10.1.0.72)ced5577c-1b9f-4df4-b1d3-afb76f4739eb(fv-az203-160.hq41me5fykbulac445kfrvsskg.dx.internal.cloudapp.net/10.1.0.72)03f108d1-7670-46de-a663-64a53fa7aba7(fv-az203-160.hq41me5fykbulac445kfrvsskg.dx.internal.cloudapp.net/10.1.0.72), ReplicationConfig: EC{rs-3-2-1024k}, State:ALLOCATED, leaderId:, CreationTimestamp2023-09-08T11:20:35.647Z[Etc/UTC]]
]]></system-out>
  </testcase>
  <testcase name="testCreateKeyShouldUseRefreshedBucketReplicationConfig" classname="TestOzoneFileSystem" time="0.16">
    <system-out><![CDATA[2023-09-08 11:21:55,012 [Time-limited test] INFO  rpc.RpcClient (RpcClient.java:createVolume(461)) - Creating Volume: volume81580, with user27576 as owner and space quota set to -1 bytes, counts quota set to -1
2023-09-08 11:21:55,014 [IPC Server handler 14 on default port 15163] INFO  volume.OMVolumeCreateRequest (OMVolumeCreateRequest.java:validateAndUpdateCache(196)) - created volume:volume81580 for user:user27576
2023-09-08 11:21:55,016 [Time-limited test] INFO  rpc.RpcClient (RpcClient.java:createBucket(688)) - Creating Bucket: volume81580/bucket67602, with bucket layout LEGACY, runner as owner, Versioning false, Storage Type set to DISK and Encryption set to false, Replication Type set to server-side default replication type, Namespace Quota set to -1, Space Quota set to -1 
2023-09-08 11:21:55,016 [IPC Server handler 11 on default port 15163] INFO  bucket.OMBucketCreateRequest (OMBucketCreateRequest.java:validateAndUpdateCache(270)) - created bucket: bucket67602 of layout LEGACY in volume: volume81580
2023-09-08 11:21:55,047 [IPC Server handler 10 on default port 15160] INFO  algorithms.SCMContainerPlacementRackScatter (SCMContainerPlacementRackScatter.java:chooseDatanodesInternal(370)) - Chosen nodes: [7a683abd-c78e-4222-b82d-306c946a3e7e(fv-az203-160.hq41me5fykbulac445kfrvsskg.dx.internal.cloudapp.net/10.1.0.72), 8abc5b5b-9557-42e0-ad65-3a4f82792924(fv-az203-160.hq41me5fykbulac445kfrvsskg.dx.internal.cloudapp.net/10.1.0.72), 8f9fa227-a509-4f05-89e4-89393bf4f6e1(fv-az203-160.hq41me5fykbulac445kfrvsskg.dx.internal.cloudapp.net/10.1.0.72), c4d580d2-2f88-474d-8696-feb170900697(fv-az203-160.hq41me5fykbulac445kfrvsskg.dx.internal.cloudapp.net/10.1.0.72), 95dc1813-fd59-4f21-8387-058ccbf2ac19(fv-az203-160.hq41me5fykbulac445kfrvsskg.dx.internal.cloudapp.net/10.1.0.72)]. isPolicySatisfied: true.
2023-09-08 11:21:55,049 [IPC Server handler 10 on default port 15160] INFO  pipeline.WritableECContainerProvider (WritableECContainerProvider.java:allocateContainer(211)) - Created and opened new pipeline Pipeline[ Id: c87e02da-b328-4e92-b4a7-edc75bccdf95, Nodes: 7a683abd-c78e-4222-b82d-306c946a3e7e(fv-az203-160.hq41me5fykbulac445kfrvsskg.dx.internal.cloudapp.net/10.1.0.72)8abc5b5b-9557-42e0-ad65-3a4f82792924(fv-az203-160.hq41me5fykbulac445kfrvsskg.dx.internal.cloudapp.net/10.1.0.72)8f9fa227-a509-4f05-89e4-89393bf4f6e1(fv-az203-160.hq41me5fykbulac445kfrvsskg.dx.internal.cloudapp.net/10.1.0.72)c4d580d2-2f88-474d-8696-feb170900697(fv-az203-160.hq41me5fykbulac445kfrvsskg.dx.internal.cloudapp.net/10.1.0.72)95dc1813-fd59-4f21-8387-058ccbf2ac19(fv-az203-160.hq41me5fykbulac445kfrvsskg.dx.internal.cloudapp.net/10.1.0.72), ReplicationConfig: EC{rs-3-2-1024k}, State:ALLOCATED, leaderId:, CreationTimestamp2023-09-08T11:21:55.047Z[Etc/UTC]]
2023-09-08 11:21:55,087 [IPC Server handler 12 on default port 15160] INFO  algorithms.SCMContainerPlacementRackScatter (SCMContainerPlacementRackScatter.java:chooseDatanodesInternal(370)) - Chosen nodes: [8f9fa227-a509-4f05-89e4-89393bf4f6e1(fv-az203-160.hq41me5fykbulac445kfrvsskg.dx.internal.cloudapp.net/10.1.0.72), 95dc1813-fd59-4f21-8387-058ccbf2ac19(fv-az203-160.hq41me5fykbulac445kfrvsskg.dx.internal.cloudapp.net/10.1.0.72), 7a683abd-c78e-4222-b82d-306c946a3e7e(fv-az203-160.hq41me5fykbulac445kfrvsskg.dx.internal.cloudapp.net/10.1.0.72), 8abc5b5b-9557-42e0-ad65-3a4f82792924(fv-az203-160.hq41me5fykbulac445kfrvsskg.dx.internal.cloudapp.net/10.1.0.72), c4d580d2-2f88-474d-8696-feb170900697(fv-az203-160.hq41me5fykbulac445kfrvsskg.dx.internal.cloudapp.net/10.1.0.72)]. isPolicySatisfied: true.
2023-09-08 11:21:55,089 [IPC Server handler 12 on default port 15160] INFO  pipeline.WritableECContainerProvider (WritableECContainerProvider.java:allocateContainer(211)) - Created and opened new pipeline Pipeline[ Id: 3aa46181-3645-455a-a6c5-6980efba8e67, Nodes: 8f9fa227-a509-4f05-89e4-89393bf4f6e1(fv-az203-160.hq41me5fykbulac445kfrvsskg.dx.internal.cloudapp.net/10.1.0.72)95dc1813-fd59-4f21-8387-058ccbf2ac19(fv-az203-160.hq41me5fykbulac445kfrvsskg.dx.internal.cloudapp.net/10.1.0.72)7a683abd-c78e-4222-b82d-306c946a3e7e(fv-az203-160.hq41me5fykbulac445kfrvsskg.dx.internal.cloudapp.net/10.1.0.72)8abc5b5b-9557-42e0-ad65-3a4f82792924(fv-az203-160.hq41me5fykbulac445kfrvsskg.dx.internal.cloudapp.net/10.1.0.72)c4d580d2-2f88-474d-8696-feb170900697(fv-az203-160.hq41me5fykbulac445kfrvsskg.dx.internal.cloudapp.net/10.1.0.72), ReplicationConfig: EC{rs-3-2-1024k}, State:ALLOCATED, leaderId:, CreationTimestamp2023-09-08T11:21:55.087Z[Etc/UTC]]
]]></system-out>
  </testcase>
  <testcase name="testListStatusIteratorOnRoot" classname="TestOzoneFileSystem" time="0.057"/>
  <testcase name="testListStatusIteratorOnRoot" classname="TestOzoneFileSystem" time="0.036"/>
  <testcase name="testListStatusIteratorOnRoot" classname="TestOzoneFileSystem" time="0.044"/>
  <testcase name="testListStatusIteratorOnRoot" classname="TestOzoneFileSystem" time="0.044"/>
  <testcase name="testRenameDirToFile" classname="TestOzoneFileSystem" time="0.059">
    <system-out><![CDATA[2023-09-08 11:17:50,704 [Time-limited test] WARN  ozone.BasicOzoneFileSystem (BasicOzoneFileSystem.java:rename(459)) - Failed to rename o3fs://bucket78113.volume76163/a/b/c to o3fs://bucket78113.volume76163/root/file1, file already exists!
]]></system-out>
  </testcase>
  <testcase name="testRenameDirToFile" classname="TestOzoneFileSystem" time="0.038">
    <system-out><![CDATA[2023-09-08 11:19:11,951 [Time-limited test] WARN  ozone.BasicOzoneFileSystem (BasicOzoneFileSystem.java:rename(459)) - Failed to rename o3fs://bucket82507.volume79664/a/b/c to o3fs://bucket82507.volume79664/root/file1, file already exists!
]]></system-out>
  </testcase>
  <testcase name="testRenameDirToFile" classname="TestOzoneFileSystem" time="0.046">
    <system-out><![CDATA[2023-09-08 11:20:35,771 [Time-limited test] WARN  ozone.BasicOzoneFileSystem (BasicOzoneFileSystem.java:rename(459)) - Failed to rename o3fs://bucket81356.volume57283/a/b/c to o3fs://bucket81356.volume57283/root/file1, file already exists!
]]></system-out>
  </testcase>
  <testcase name="testRenameDirToFile" classname="TestOzoneFileSystem" time="0.033">
    <system-out><![CDATA[2023-09-08 11:21:55,197 [Time-limited test] WARN  ozone.BasicOzoneFileSystem (BasicOzoneFileSystem.java:rename(459)) - Failed to rename o3fs://bucket82402.volume69610/a/b/c to o3fs://bucket82402.volume69610/root/file1, file already exists!
]]></system-out>
  </testcase>
  <testcase name="testRenameToNewSubDirShouldNotExist" classname="TestOzoneFileSystem" time="0.066">
    <system-out><![CDATA[2023-09-08 11:17:50,758 [Time-limited test] WARN  ozone.BasicOzoneFileSystem (BasicOzoneFileSystem.java:rename(453)) - Failed to rename o3fs://bucket78113.volume76163/a to o3fs://bucket78113.volume76163/b/a, file already exists or not empty!
2023-09-08 11:17:50,777 [Time-limited test] WARN  ozone.BasicOzoneFileSystem (BasicOzoneFileSystem.java:rename(453)) - Failed to rename o3fs://bucket78113.volume76163/file1 to o3fs://bucket78113.volume76163/a/file1, file already exists or not empty!
]]></system-out>
  </testcase>
  <testcase name="testRenameToNewSubDirShouldNotExist" classname="TestOzoneFileSystem" time="0.052">
    <system-out><![CDATA[2023-09-08 11:19:11,992 [Time-limited test] WARN  ozone.BasicOzoneFileSystem (BasicOzoneFileSystem.java:rename(453)) - Failed to rename o3fs://bucket82507.volume79664/a to o3fs://bucket82507.volume79664/b/a, file already exists or not empty!
2023-09-08 11:19:12,006 [Time-limited test] WARN  ozone.BasicOzoneFileSystem (BasicOzoneFileSystem.java:rename(453)) - Failed to rename o3fs://bucket82507.volume79664/file1 to o3fs://bucket82507.volume79664/a/file1, file already exists or not empty!
]]></system-out>
  </testcase>
  <testcase name="testRenameToNewSubDirShouldNotExist" classname="TestOzoneFileSystem" time="0.079">
    <system-out><![CDATA[2023-09-08 11:20:35,816 [Time-limited test] WARN  ozone.BasicOzoneFileSystem (BasicOzoneFileSystem.java:rename(453)) - Failed to rename o3fs://bucket81356.volume57283/a to o3fs://bucket81356.volume57283/b/a, file already exists or not empty!
2023-09-08 11:20:35,837 [Time-limited test] WARN  ozone.BasicOzoneFileSystem (BasicOzoneFileSystem.java:rename(453)) - Failed to rename o3fs://bucket81356.volume57283/file1 to o3fs://bucket81356.volume57283/a/file1, file already exists or not empty!
]]></system-out>
  </testcase>
  <testcase name="testRenameToNewSubDirShouldNotExist" classname="TestOzoneFileSystem" time="0.051">
    <system-out><![CDATA[2023-09-08 11:21:55,232 [Time-limited test] WARN  ozone.BasicOzoneFileSystem (BasicOzoneFileSystem.java:rename(453)) - Failed to rename o3fs://bucket82402.volume69610/a to o3fs://bucket82402.volume69610/b/a, file already exists or not empty!
2023-09-08 11:21:55,244 [Time-limited test] WARN  ozone.BasicOzoneFileSystem (BasicOzoneFileSystem.java:rename(453)) - Failed to rename o3fs://bucket82402.volume69610/file1 to o3fs://bucket82402.volume69610/a/file1, file already exists or not empty!
]]></system-out>
  </testcase>
  <testcase name="testListStatusOnLargeDirectoryForACLCheck" classname="TestOzoneFileSystem" time="5.128">
    <system-out><![CDATA[2023-09-08 11:17:55,780 [om1-client-thread1] INFO  segmented.SegmentedRaftLogWorker (SegmentedRaftLogWorker.java:rollLogSegment(452)) - om1@group-C5BA1605619E-SegmentedRaftLogWorker: Rolling segment log-0_36869 to index:36869
2023-09-08 11:17:55,782 [om1@group-C5BA1605619E-SegmentedRaftLogWorker] INFO  segmented.SegmentedRaftLogWorker (SegmentedRaftLogWorker.java:execute(608)) - om1@group-C5BA1605619E-SegmentedRaftLogWorker: Rolled log segment from /home/runner/work/ozone/ozone/hadoop-ozone/integration-test/target/test-dir/MiniOzoneClusterImpl-4b7384aa-5f33-426b-b021-b584800a716a/ozone-meta/ratis/bf265839-605b-3f16-9796-c5ba1605619e/current/log_inprogress_0 to /home/runner/work/ozone/ozone/hadoop-ozone/integration-test/target/test-dir/MiniOzoneClusterImpl-4b7384aa-5f33-426b-b021-b584800a716a/ozone-meta/ratis/bf265839-605b-3f16-9796-c5ba1605619e/current/log_0-36869
2023-09-08 11:17:55,795 [om1@group-C5BA1605619E-SegmentedRaftLogWorker] INFO  segmented.SegmentedRaftLogWorker (SegmentedRaftLogWorker.java:execute(651)) - om1@group-C5BA1605619E-SegmentedRaftLogWorker: created new log segment /home/runner/work/ozone/ozone/hadoop-ozone/integration-test/target/test-dir/MiniOzoneClusterImpl-4b7384aa-5f33-426b-b021-b584800a716a/ozone-meta/ratis/bf265839-605b-3f16-9796-c5ba1605619e/current/log_inprogress_36870
]]></system-out>
  </testcase>
  <testcase name="testListStatusOnLargeDirectoryForACLCheck" classname="TestOzoneFileSystem" time="3.283"/>
  <testcase name="testListStatusOnLargeDirectoryForACLCheck" classname="TestOzoneFileSystem" time="4.104">
    <system-out><![CDATA[2023-09-08 11:20:39,871 [om1-client-thread1] INFO  segmented.SegmentedRaftLogWorker (SegmentedRaftLogWorker.java:rollLogSegment(452)) - om1@group-C5BA1605619E-SegmentedRaftLogWorker: Rolling segment log-0_36846 to index:36846
2023-09-08 11:20:39,872 [om1@group-C5BA1605619E-SegmentedRaftLogWorker] INFO  segmented.SegmentedRaftLogWorker (SegmentedRaftLogWorker.java:execute(608)) - om1@group-C5BA1605619E-SegmentedRaftLogWorker: Rolled log segment from /home/runner/work/ozone/ozone/hadoop-ozone/integration-test/target/test-dir/MiniOzoneClusterImpl-b03496ff-6041-4009-870e-fb613b325751/ozone-meta/ratis/bf265839-605b-3f16-9796-c5ba1605619e/current/log_inprogress_0 to /home/runner/work/ozone/ozone/hadoop-ozone/integration-test/target/test-dir/MiniOzoneClusterImpl-b03496ff-6041-4009-870e-fb613b325751/ozone-meta/ratis/bf265839-605b-3f16-9796-c5ba1605619e/current/log_0-36846
2023-09-08 11:20:39,887 [om1@group-C5BA1605619E-SegmentedRaftLogWorker] INFO  segmented.SegmentedRaftLogWorker (SegmentedRaftLogWorker.java:execute(651)) - om1@group-C5BA1605619E-SegmentedRaftLogWorker: created new log segment /home/runner/work/ozone/ozone/hadoop-ozone/integration-test/target/test-dir/MiniOzoneClusterImpl-b03496ff-6041-4009-870e-fb613b325751/ozone-meta/ratis/bf265839-605b-3f16-9796-c5ba1605619e/current/log_inprogress_36847
]]></system-out>
  </testcase>
  <testcase name="testListStatusOnLargeDirectoryForACLCheck" classname="TestOzoneFileSystem" time="3.402"/>
  <testcase name="testRenameFileToDir" classname="TestOzoneFileSystem" time="0.087">
    <system-out><![CDATA[11:17:55.960 [IPC Server handler 17 on default port 15004] ERROR OMAudit - user=runner | ip=127.0.0.1 | op=LIST_STATUS {volume=volume76163, bucket=bucket78113, key=a/b/c/file1, dataSize=0, replicationConfig=null} | ret=FAILURE
org.apache.hadoop.ozone.om.exceptions.OMException: Unable to get file status: volume: volume76163 bucket: bucket78113 key: a/b/c/file1
	at org.apache.hadoop.ozone.om.KeyManagerImpl.getOzoneFileStatus(KeyManagerImpl.java:1195) ~[ozone-manager-1.4.0-SNAPSHOT.jar:?]
	at org.apache.hadoop.ozone.om.KeyManagerImpl.getFileStatus(KeyManagerImpl.java:1113) ~[ozone-manager-1.4.0-SNAPSHOT.jar:?]
	at org.apache.hadoop.ozone.om.KeyManagerImpl.listStatus(KeyManagerImpl.java:1505) ~[ozone-manager-1.4.0-SNAPSHOT.jar:?]
	at org.apache.hadoop.ozone.om.OmMetadataReader.listStatus(OmMetadataReader.java:235) ~[ozone-manager-1.4.0-SNAPSHOT.jar:?]
	at org.apache.hadoop.ozone.om.OzoneManager.listStatus(OzoneManager.java:3560) ~[ozone-manager-1.4.0-SNAPSHOT.jar:?]
	at org.apache.hadoop.ozone.protocolPB.OzoneManagerRequestHandler.listStatus(OzoneManagerRequestHandler.java:1143) ~[ozone-manager-1.4.0-SNAPSHOT.jar:?]
	at org.apache.hadoop.ozone.protocolPB.OzoneManagerRequestHandler.handleReadRequest(OzoneManagerRequestHandler.java:261) ~[ozone-manager-1.4.0-SNAPSHOT.jar:?]
	at org.apache.hadoop.ozone.protocolPB.OzoneManagerProtocolServerSideTranslatorPB.submitReadRequestToOM(OzoneManagerProtocolServerSideTranslatorPB.java:225) ~[ozone-manager-1.4.0-SNAPSHOT.jar:?]
	at org.apache.hadoop.ozone.protocolPB.OzoneManagerProtocolServerSideTranslatorPB.processRequest(OzoneManagerProtocolServerSideTranslatorPB.java:179) ~[ozone-manager-1.4.0-SNAPSHOT.jar:?]
	at org.apache.hadoop.hdds.server.OzoneProtocolMessageDispatcher.processRequest(OzoneProtocolMessageDispatcher.java:87) [hdds-server-framework-1.4.0-SNAPSHOT.jar:?]
	at org.apache.hadoop.ozone.protocolPB.OzoneManagerProtocolServerSideTranslatorPB.submitRequest(OzoneManagerProtocolServerSideTranslatorPB.java:148) [ozone-manager-1.4.0-SNAPSHOT.jar:?]
	at org.apache.hadoop.ozone.protocol.proto.OzoneManagerProtocolProtos$OzoneManagerService$2.callBlockingMethod(OzoneManagerProtocolProtos.java) [ozone-interface-client-1.4.0-SNAPSHOT.jar:?]
	at org.apache.hadoop.ipc.ProtobufRpcEngine$Server.processCall(ProtobufRpcEngine.java:484) [hadoop-common-3.3.6.jar:?]
	at org.apache.hadoop.ipc.ProtobufRpcEngine2$Server$ProtoBufRpcInvoker.call(ProtobufRpcEngine2.java:595) [hadoop-common-3.3.6.jar:?]
	at org.apache.hadoop.ipc.ProtobufRpcEngine2$Server$ProtoBufRpcInvoker.call(ProtobufRpcEngine2.java:573) [hadoop-common-3.3.6.jar:?]
	at org.apache.hadoop.ipc.RPC$Server.call(RPC.java:1227) [hadoop-common-3.3.6.jar:?]
	at org.apache.hadoop.ipc.Server$RpcCall.run(Server.java:1094) [hadoop-common-3.3.6.jar:?]
	at org.apache.hadoop.ipc.Server$RpcCall.run(Server.java:1017) [hadoop-common-3.3.6.jar:?]
	at java.security.AccessController.doPrivileged(Native Method) ~[?:1.8.0_382]
	at javax.security.auth.Subject.doAs(Subject.java:422) [?:1.8.0_382]
	at org.apache.hadoop.security.UserGroupInformation.doAs(UserGroupInformation.java:1899) [hadoop-common-3.3.6.jar:?]
	at org.apache.hadoop.ipc.Server$Handler.run(Server.java:3048) [hadoop-common-3.3.6.jar:?]
]]></system-out>
  </testcase>
  <testcase name="testRenameFileToDir" classname="TestOzoneFileSystem" time="0.054">
    <system-out><![CDATA[11:19:15.331 [IPC Server handler 14 on default port 15057] ERROR OMAudit - user=runner | ip=127.0.0.1 | op=LIST_STATUS {volume=volume79664, bucket=bucket82507, key=a/b/c/file1, dataSize=0, replicationConfig=null} | ret=FAILURE
org.apache.hadoop.ozone.om.exceptions.OMException: Unable to get file status: volume: volume79664 bucket: bucket82507 key: a/b/c/file1
	at org.apache.hadoop.ozone.om.KeyManagerImpl.getOzoneFileStatus(KeyManagerImpl.java:1195) ~[ozone-manager-1.4.0-SNAPSHOT.jar:?]
	at org.apache.hadoop.ozone.om.KeyManagerImpl.getFileStatus(KeyManagerImpl.java:1113) ~[ozone-manager-1.4.0-SNAPSHOT.jar:?]
	at org.apache.hadoop.ozone.om.KeyManagerImpl.listStatus(KeyManagerImpl.java:1505) ~[ozone-manager-1.4.0-SNAPSHOT.jar:?]
	at org.apache.hadoop.ozone.om.OmMetadataReader.listStatus(OmMetadataReader.java:235) ~[ozone-manager-1.4.0-SNAPSHOT.jar:?]
	at org.apache.hadoop.ozone.om.OzoneManager.listStatus(OzoneManager.java:3560) ~[ozone-manager-1.4.0-SNAPSHOT.jar:?]
	at org.apache.hadoop.ozone.protocolPB.OzoneManagerRequestHandler.listStatus(OzoneManagerRequestHandler.java:1143) ~[ozone-manager-1.4.0-SNAPSHOT.jar:?]
	at org.apache.hadoop.ozone.protocolPB.OzoneManagerRequestHandler.handleReadRequest(OzoneManagerRequestHandler.java:261) ~[ozone-manager-1.4.0-SNAPSHOT.jar:?]
	at org.apache.hadoop.ozone.protocolPB.OzoneManagerProtocolServerSideTranslatorPB.submitRequestDirectlyToOM(OzoneManagerProtocolServerSideTranslatorPB.java:274) ~[ozone-manager-1.4.0-SNAPSHOT.jar:?]
	at org.apache.hadoop.ozone.protocolPB.OzoneManagerProtocolServerSideTranslatorPB.processRequest(OzoneManagerProtocolServerSideTranslatorPB.java:175) ~[ozone-manager-1.4.0-SNAPSHOT.jar:?]
	at org.apache.hadoop.hdds.server.OzoneProtocolMessageDispatcher.processRequest(OzoneProtocolMessageDispatcher.java:87) [hdds-server-framework-1.4.0-SNAPSHOT.jar:?]
	at org.apache.hadoop.ozone.protocolPB.OzoneManagerProtocolServerSideTranslatorPB.submitRequest(OzoneManagerProtocolServerSideTranslatorPB.java:148) [ozone-manager-1.4.0-SNAPSHOT.jar:?]
	at org.apache.hadoop.ozone.protocol.proto.OzoneManagerProtocolProtos$OzoneManagerService$2.callBlockingMethod(OzoneManagerProtocolProtos.java) [ozone-interface-client-1.4.0-SNAPSHOT.jar:?]
	at org.apache.hadoop.ipc.ProtobufRpcEngine$Server.processCall(ProtobufRpcEngine.java:484) [hadoop-common-3.3.6.jar:?]
	at org.apache.hadoop.ipc.ProtobufRpcEngine2$Server$ProtoBufRpcInvoker.call(ProtobufRpcEngine2.java:595) [hadoop-common-3.3.6.jar:?]
	at org.apache.hadoop.ipc.ProtobufRpcEngine2$Server$ProtoBufRpcInvoker.call(ProtobufRpcEngine2.java:573) [hadoop-common-3.3.6.jar:?]
	at org.apache.hadoop.ipc.RPC$Server.call(RPC.java:1227) [hadoop-common-3.3.6.jar:?]
	at org.apache.hadoop.ipc.Server$RpcCall.run(Server.java:1094) [hadoop-common-3.3.6.jar:?]
	at org.apache.hadoop.ipc.Server$RpcCall.run(Server.java:1017) [hadoop-common-3.3.6.jar:?]
	at java.security.AccessController.doPrivileged(Native Method) ~[?:1.8.0_382]
	at javax.security.auth.Subject.doAs(Subject.java:422) [?:1.8.0_382]
	at org.apache.hadoop.security.UserGroupInformation.doAs(UserGroupInformation.java:1899) [hadoop-common-3.3.6.jar:?]
	at org.apache.hadoop.ipc.Server$Handler.run(Server.java:3048) [hadoop-common-3.3.6.jar:?]
]]></system-out>
  </testcase>
  <testcase name="testRenameFileToDir" classname="TestOzoneFileSystem" time="0.06">
    <failure type="java.lang.AssertionError"><![CDATA[java.lang.AssertionError: Delete root failed! expected:<0> but was:<1>
	at org.junit.Assert.fail(Assert.java:89)
	at org.junit.Assert.failNotEquals(Assert.java:835)
	at org.junit.Assert.assertEquals(Assert.java:647)
	at org.apache.hadoop.fs.ozone.TestOzoneFileSystem.deleteRootDir(TestOzoneFileSystem.java:811)
	at org.apache.hadoop.fs.ozone.TestOzoneFileSystem.cleanup(TestOzoneFileSystem.java:231)
	at sun.reflect.GeneratedMethodAccessor47.invoke(Unknown Source)
	at sun.reflect.DelegatingMethodAccessorImpl.invoke(DelegatingMethodAccessorImpl.java:43)
	at java.lang.reflect.Method.invoke(Method.java:498)
	at org.junit.runners.model.FrameworkMethod$1.runReflectiveCall(FrameworkMethod.java:59)
	at org.junit.internal.runners.model.ReflectiveCallable.run(ReflectiveCallable.java:12)
	at org.junit.runners.model.FrameworkMethod.invokeExplosively(FrameworkMethod.java:56)
	at org.junit.internal.runners.statements.RunAfters.invokeMethod(RunAfters.java:46)
	at org.junit.internal.runners.statements.RunAfters.evaluate(RunAfters.java:33)
	at org.junit.internal.runners.statements.FailOnTimeout$CallableStatement.call(FailOnTimeout.java:288)
	at org.junit.internal.runners.statements.FailOnTimeout$CallableStatement.call(FailOnTimeout.java:282)
	at java.util.concurrent.FutureTask.run(FutureTask.java:266)
	at java.lang.Thread.run(Thread.java:750)
]]></failure>
    <system-out><![CDATA[11:20:39.996 [IPC Server handler 0 on default port 15110] ERROR OMAudit - user=runner | ip=127.0.0.1 | op=LIST_STATUS {volume=volume57283, bucket=bucket81356, key=a/b/c/file1, dataSize=0, replicationConfig=null} | ret=FAILURE
org.apache.hadoop.ozone.om.exceptions.OMException: Unable to get file status: volume: volume57283 bucket: bucket81356 key: a/b/c/file1
	at org.apache.hadoop.ozone.om.KeyManagerImpl.getOzoneFileStatus(KeyManagerImpl.java:1195) ~[ozone-manager-1.4.0-SNAPSHOT.jar:?]
	at org.apache.hadoop.ozone.om.KeyManagerImpl.getFileStatus(KeyManagerImpl.java:1113) ~[ozone-manager-1.4.0-SNAPSHOT.jar:?]
	at org.apache.hadoop.ozone.om.KeyManagerImpl.listStatus(KeyManagerImpl.java:1505) ~[ozone-manager-1.4.0-SNAPSHOT.jar:?]
	at org.apache.hadoop.ozone.om.OmMetadataReader.listStatus(OmMetadataReader.java:235) ~[ozone-manager-1.4.0-SNAPSHOT.jar:?]
	at org.apache.hadoop.ozone.om.OzoneManager.listStatus(OzoneManager.java:3560) ~[ozone-manager-1.4.0-SNAPSHOT.jar:?]
	at org.apache.hadoop.ozone.protocolPB.OzoneManagerRequestHandler.listStatus(OzoneManagerRequestHandler.java:1143) ~[ozone-manager-1.4.0-SNAPSHOT.jar:?]
	at org.apache.hadoop.ozone.protocolPB.OzoneManagerRequestHandler.handleReadRequest(OzoneManagerRequestHandler.java:261) ~[ozone-manager-1.4.0-SNAPSHOT.jar:?]
	at org.apache.hadoop.ozone.protocolPB.OzoneManagerProtocolServerSideTranslatorPB.submitReadRequestToOM(OzoneManagerProtocolServerSideTranslatorPB.java:225) ~[ozone-manager-1.4.0-SNAPSHOT.jar:?]
	at org.apache.hadoop.ozone.protocolPB.OzoneManagerProtocolServerSideTranslatorPB.processRequest(OzoneManagerProtocolServerSideTranslatorPB.java:179) ~[ozone-manager-1.4.0-SNAPSHOT.jar:?]
	at org.apache.hadoop.hdds.server.OzoneProtocolMessageDispatcher.processRequest(OzoneProtocolMessageDispatcher.java:87) [hdds-server-framework-1.4.0-SNAPSHOT.jar:?]
	at org.apache.hadoop.ozone.protocolPB.OzoneManagerProtocolServerSideTranslatorPB.submitRequest(OzoneManagerProtocolServerSideTranslatorPB.java:148) [ozone-manager-1.4.0-SNAPSHOT.jar:?]
	at org.apache.hadoop.ozone.protocol.proto.OzoneManagerProtocolProtos$OzoneManagerService$2.callBlockingMethod(OzoneManagerProtocolProtos.java) [ozone-interface-client-1.4.0-SNAPSHOT.jar:?]
	at org.apache.hadoop.ipc.ProtobufRpcEngine$Server.processCall(ProtobufRpcEngine.java:484) [hadoop-common-3.3.6.jar:?]
	at org.apache.hadoop.ipc.ProtobufRpcEngine2$Server$ProtoBufRpcInvoker.call(ProtobufRpcEngine2.java:595) [hadoop-common-3.3.6.jar:?]
	at org.apache.hadoop.ipc.ProtobufRpcEngine2$Server$ProtoBufRpcInvoker.call(ProtobufRpcEngine2.java:573) [hadoop-common-3.3.6.jar:?]
	at org.apache.hadoop.ipc.RPC$Server.call(RPC.java:1227) [hadoop-common-3.3.6.jar:?]
	at org.apache.hadoop.ipc.Server$RpcCall.run(Server.java:1094) [hadoop-common-3.3.6.jar:?]
	at org.apache.hadoop.ipc.Server$RpcCall.run(Server.java:1017) [hadoop-common-3.3.6.jar:?]
	at java.security.AccessController.doPrivileged(Native Method) ~[?:1.8.0_382]
	at javax.security.auth.Subject.doAs(Subject.java:422) [?:1.8.0_382]
	at org.apache.hadoop.security.UserGroupInformation.doAs(UserGroupInformation.java:1899) [hadoop-common-3.3.6.jar:?]
	at org.apache.hadoop.ipc.Server$Handler.run(Server.java:3048) [hadoop-common-3.3.6.jar:?]
2023-09-08 11:20:40,042 [Time-limited test] ERROR ozone.TestOzoneFileSystem (TestOzoneFileSystem.java:deleteRootDir(809)) - Unexpected file, should have been deleted: FileStatus{path=o3fs://bucket81356.volume57283/root; isDirectory=true; modification_time=1694172039985; access_time=1694172039985; owner=runner; group=runner; permission=rwxrwxrwx; isSymlink=false; hasAcl=false; isEncrypted=false; isErasureCoded=false}
]]></system-out>
  </testcase>
  <testcase name="testRenameFileToDir" classname="TestOzoneFileSystem" time="0.059">
    <system-out><![CDATA[11:21:58.686 [IPC Server handler 7 on default port 15163] ERROR OMAudit - user=runner | ip=127.0.0.1 | op=LIST_STATUS {volume=volume69610, bucket=bucket82402, key=a/b/c/file1, dataSize=0, replicationConfig=null} | ret=FAILURE
org.apache.hadoop.ozone.om.exceptions.OMException: Unable to get file status: volume: volume69610 bucket: bucket82402 key: a/b/c/file1
	at org.apache.hadoop.ozone.om.KeyManagerImpl.getOzoneFileStatus(KeyManagerImpl.java:1195) ~[ozone-manager-1.4.0-SNAPSHOT.jar:?]
	at org.apache.hadoop.ozone.om.KeyManagerImpl.getFileStatus(KeyManagerImpl.java:1113) ~[ozone-manager-1.4.0-SNAPSHOT.jar:?]
	at org.apache.hadoop.ozone.om.KeyManagerImpl.listStatus(KeyManagerImpl.java:1505) ~[ozone-manager-1.4.0-SNAPSHOT.jar:?]
	at org.apache.hadoop.ozone.om.OmMetadataReader.listStatus(OmMetadataReader.java:235) ~[ozone-manager-1.4.0-SNAPSHOT.jar:?]
	at org.apache.hadoop.ozone.om.OzoneManager.listStatus(OzoneManager.java:3560) ~[ozone-manager-1.4.0-SNAPSHOT.jar:?]
	at org.apache.hadoop.ozone.protocolPB.OzoneManagerRequestHandler.listStatus(OzoneManagerRequestHandler.java:1143) ~[ozone-manager-1.4.0-SNAPSHOT.jar:?]
	at org.apache.hadoop.ozone.protocolPB.OzoneManagerRequestHandler.handleReadRequest(OzoneManagerRequestHandler.java:261) ~[ozone-manager-1.4.0-SNAPSHOT.jar:?]
	at org.apache.hadoop.ozone.protocolPB.OzoneManagerProtocolServerSideTranslatorPB.submitRequestDirectlyToOM(OzoneManagerProtocolServerSideTranslatorPB.java:274) ~[ozone-manager-1.4.0-SNAPSHOT.jar:?]
	at org.apache.hadoop.ozone.protocolPB.OzoneManagerProtocolServerSideTranslatorPB.processRequest(OzoneManagerProtocolServerSideTranslatorPB.java:175) ~[ozone-manager-1.4.0-SNAPSHOT.jar:?]
	at org.apache.hadoop.hdds.server.OzoneProtocolMessageDispatcher.processRequest(OzoneProtocolMessageDispatcher.java:87) [hdds-server-framework-1.4.0-SNAPSHOT.jar:?]
	at org.apache.hadoop.ozone.protocolPB.OzoneManagerProtocolServerSideTranslatorPB.submitRequest(OzoneManagerProtocolServerSideTranslatorPB.java:148) [ozone-manager-1.4.0-SNAPSHOT.jar:?]
	at org.apache.hadoop.ozone.protocol.proto.OzoneManagerProtocolProtos$OzoneManagerService$2.callBlockingMethod(OzoneManagerProtocolProtos.java) [ozone-interface-client-1.4.0-SNAPSHOT.jar:?]
	at org.apache.hadoop.ipc.ProtobufRpcEngine$Server.processCall(ProtobufRpcEngine.java:484) [hadoop-common-3.3.6.jar:?]
	at org.apache.hadoop.ipc.ProtobufRpcEngine2$Server$ProtoBufRpcInvoker.call(ProtobufRpcEngine2.java:595) [hadoop-common-3.3.6.jar:?]
	at org.apache.hadoop.ipc.ProtobufRpcEngine2$Server$ProtoBufRpcInvoker.call(ProtobufRpcEngine2.java:573) [hadoop-common-3.3.6.jar:?]
	at org.apache.hadoop.ipc.RPC$Server.call(RPC.java:1227) [hadoop-common-3.3.6.jar:?]
	at org.apache.hadoop.ipc.Server$RpcCall.run(Server.java:1094) [hadoop-common-3.3.6.jar:?]
	at org.apache.hadoop.ipc.Server$RpcCall.run(Server.java:1017) [hadoop-common-3.3.6.jar:?]
	at java.security.AccessController.doPrivileged(Native Method) ~[?:1.8.0_382]
	at javax.security.auth.Subject.doAs(Subject.java:422) [?:1.8.0_382]
	at org.apache.hadoop.security.UserGroupInformation.doAs(UserGroupInformation.java:1899) [hadoop-common-3.3.6.jar:?]
	at org.apache.hadoop.ipc.Server$Handler.run(Server.java:3048) [hadoop-common-3.3.6.jar:?]
]]></system-out>
  </testcase>
  <testcase name="testListStatusWithIntermediateDirWithECEnabled" classname="TestOzoneFileSystem" time="0.062">
    <system-out><![CDATA[2023-09-08 11:17:56,031 [IPC Server handler 9 on default port 15001] INFO  algorithms.SCMContainerPlacementRackScatter (SCMContainerPlacementRackScatter.java:chooseDatanodesInternal(370)) - Chosen nodes: [d33cef6e-fa1d-4bba-bddd-0d189def30bc(fv-az203-160.hq41me5fykbulac445kfrvsskg.dx.internal.cloudapp.net/10.1.0.72), 89f84e8b-2e80-4453-8736-c86c7ce839d9(fv-az203-160.hq41me5fykbulac445kfrvsskg.dx.internal.cloudapp.net/10.1.0.72), f2514b4c-a867-463f-8d84-f95d86e9803a(fv-az203-160.hq41me5fykbulac445kfrvsskg.dx.internal.cloudapp.net/10.1.0.72), a3bbae93-4dbd-48a8-b7ec-9de03e51f535(fv-az203-160.hq41me5fykbulac445kfrvsskg.dx.internal.cloudapp.net/10.1.0.72), 2dfd442c-a1c3-4c12-a15b-8aed08a5dec6(fv-az203-160.hq41me5fykbulac445kfrvsskg.dx.internal.cloudapp.net/10.1.0.72)]. isPolicySatisfied: true.
2023-09-08 11:17:56,034 [IPC Server handler 9 on default port 15001] INFO  pipeline.WritableECContainerProvider (WritableECContainerProvider.java:allocateContainer(211)) - Created and opened new pipeline Pipeline[ Id: 61dd1317-6217-4ace-a4a8-ebb6e2d0eb61, Nodes: d33cef6e-fa1d-4bba-bddd-0d189def30bc(fv-az203-160.hq41me5fykbulac445kfrvsskg.dx.internal.cloudapp.net/10.1.0.72)89f84e8b-2e80-4453-8736-c86c7ce839d9(fv-az203-160.hq41me5fykbulac445kfrvsskg.dx.internal.cloudapp.net/10.1.0.72)f2514b4c-a867-463f-8d84-f95d86e9803a(fv-az203-160.hq41me5fykbulac445kfrvsskg.dx.internal.cloudapp.net/10.1.0.72)a3bbae93-4dbd-48a8-b7ec-9de03e51f535(fv-az203-160.hq41me5fykbulac445kfrvsskg.dx.internal.cloudapp.net/10.1.0.72)2dfd442c-a1c3-4c12-a15b-8aed08a5dec6(fv-az203-160.hq41me5fykbulac445kfrvsskg.dx.internal.cloudapp.net/10.1.0.72), ReplicationConfig: EC{rs-3-2-1024k}, State:ALLOCATED, leaderId:, CreationTimestamp2023-09-08T11:17:56.031Z[Etc/UTC]]
]]></system-out>
  </testcase>
  <testcase name="testListStatusWithIntermediateDirWithECEnabled" classname="TestOzoneFileSystem" time="0.035">
    <system-out><![CDATA[2023-09-08 11:19:15,370 [IPC Server handler 13 on default port 15054] INFO  algorithms.SCMContainerPlacementRackScatter (SCMContainerPlacementRackScatter.java:chooseDatanodesInternal(370)) - Chosen nodes: [250abfd1-bd23-40f0-a4b0-f7070b21e986(fv-az203-160.hq41me5fykbulac445kfrvsskg.dx.internal.cloudapp.net/10.1.0.72), 31c5dcde-db57-40d7-a24d-ec5de7583a50(fv-az203-160.hq41me5fykbulac445kfrvsskg.dx.internal.cloudapp.net/10.1.0.72), cc8e8696-e38e-4ced-9d90-ae7c9c418c99(fv-az203-160.hq41me5fykbulac445kfrvsskg.dx.internal.cloudapp.net/10.1.0.72), e7773167-2049-479c-a584-e45e7fe0d5b5(fv-az203-160.hq41me5fykbulac445kfrvsskg.dx.internal.cloudapp.net/10.1.0.72), 17f9ea42-0da3-466f-953b-33021d7cf2c6(fv-az203-160.hq41me5fykbulac445kfrvsskg.dx.internal.cloudapp.net/10.1.0.72)]. isPolicySatisfied: true.
2023-09-08 11:19:15,373 [IPC Server handler 13 on default port 15054] INFO  pipeline.WritableECContainerProvider (WritableECContainerProvider.java:allocateContainer(211)) - Created and opened new pipeline Pipeline[ Id: 43fd5c57-c1e5-4277-95a2-2376c2d88561, Nodes: 250abfd1-bd23-40f0-a4b0-f7070b21e986(fv-az203-160.hq41me5fykbulac445kfrvsskg.dx.internal.cloudapp.net/10.1.0.72)31c5dcde-db57-40d7-a24d-ec5de7583a50(fv-az203-160.hq41me5fykbulac445kfrvsskg.dx.internal.cloudapp.net/10.1.0.72)cc8e8696-e38e-4ced-9d90-ae7c9c418c99(fv-az203-160.hq41me5fykbulac445kfrvsskg.dx.internal.cloudapp.net/10.1.0.72)e7773167-2049-479c-a584-e45e7fe0d5b5(fv-az203-160.hq41me5fykbulac445kfrvsskg.dx.internal.cloudapp.net/10.1.0.72)17f9ea42-0da3-466f-953b-33021d7cf2c6(fv-az203-160.hq41me5fykbulac445kfrvsskg.dx.internal.cloudapp.net/10.1.0.72), ReplicationConfig: EC{rs-3-2-1024k}, State:ALLOCATED, leaderId:, CreationTimestamp2023-09-08T11:19:15.370Z[Etc/UTC]]
]]></system-out>
  </testcase>
  <testcase name="testListStatusWithIntermediateDirWithECEnabled" classname="TestOzoneFileSystem" time="0.04">
    <system-out><![CDATA[2023-09-08 11:20:40,047 [IPC Server handler 3 on default port 15107] INFO  algorithms.SCMContainerPlacementRackScatter (SCMContainerPlacementRackScatter.java:chooseDatanodesInternal(370)) - Chosen nodes: [82b47503-614b-4a1f-aa0a-75391d5c12a5(fv-az203-160.hq41me5fykbulac445kfrvsskg.dx.internal.cloudapp.net/10.1.0.72), ccde687e-3bc0-46e3-98cf-cb73a4745fdb(fv-az203-160.hq41me5fykbulac445kfrvsskg.dx.internal.cloudapp.net/10.1.0.72), ced5577c-1b9f-4df4-b1d3-afb76f4739eb(fv-az203-160.hq41me5fykbulac445kfrvsskg.dx.internal.cloudapp.net/10.1.0.72), 86b604ca-d593-47c1-a869-330a99737efc(fv-az203-160.hq41me5fykbulac445kfrvsskg.dx.internal.cloudapp.net/10.1.0.72), 03f108d1-7670-46de-a663-64a53fa7aba7(fv-az203-160.hq41me5fykbulac445kfrvsskg.dx.internal.cloudapp.net/10.1.0.72)]. isPolicySatisfied: true.
2023-09-08 11:20:40,048 [IPC Server handler 3 on default port 15107] INFO  pipeline.WritableECContainerProvider (WritableECContainerProvider.java:allocateContainer(211)) - Created and opened new pipeline Pipeline[ Id: 5042243b-e911-481d-815f-693b73a415ef, Nodes: 82b47503-614b-4a1f-aa0a-75391d5c12a5(fv-az203-160.hq41me5fykbulac445kfrvsskg.dx.internal.cloudapp.net/10.1.0.72)ccde687e-3bc0-46e3-98cf-cb73a4745fdb(fv-az203-160.hq41me5fykbulac445kfrvsskg.dx.internal.cloudapp.net/10.1.0.72)ced5577c-1b9f-4df4-b1d3-afb76f4739eb(fv-az203-160.hq41me5fykbulac445kfrvsskg.dx.internal.cloudapp.net/10.1.0.72)86b604ca-d593-47c1-a869-330a99737efc(fv-az203-160.hq41me5fykbulac445kfrvsskg.dx.internal.cloudapp.net/10.1.0.72)03f108d1-7670-46de-a663-64a53fa7aba7(fv-az203-160.hq41me5fykbulac445kfrvsskg.dx.internal.cloudapp.net/10.1.0.72), ReplicationConfig: EC{rs-3-2-1024k}, State:ALLOCATED, leaderId:, CreationTimestamp2023-09-08T11:20:40.047Z[Etc/UTC]]
]]></system-out>
  </testcase>
  <testcase name="testListStatusWithIntermediateDirWithECEnabled" classname="TestOzoneFileSystem" time="0.038">
    <system-out><![CDATA[2023-09-08 11:21:58,734 [IPC Server handler 0 on default port 15160] INFO  algorithms.SCMContainerPlacementRackScatter (SCMContainerPlacementRackScatter.java:chooseDatanodesInternal(370)) - Chosen nodes: [c4d580d2-2f88-474d-8696-feb170900697(fv-az203-160.hq41me5fykbulac445kfrvsskg.dx.internal.cloudapp.net/10.1.0.72), 7a683abd-c78e-4222-b82d-306c946a3e7e(fv-az203-160.hq41me5fykbulac445kfrvsskg.dx.internal.cloudapp.net/10.1.0.72), 95dc1813-fd59-4f21-8387-058ccbf2ac19(fv-az203-160.hq41me5fykbulac445kfrvsskg.dx.internal.cloudapp.net/10.1.0.72), 8f9fa227-a509-4f05-89e4-89393bf4f6e1(fv-az203-160.hq41me5fykbulac445kfrvsskg.dx.internal.cloudapp.net/10.1.0.72), 8abc5b5b-9557-42e0-ad65-3a4f82792924(fv-az203-160.hq41me5fykbulac445kfrvsskg.dx.internal.cloudapp.net/10.1.0.72)]. isPolicySatisfied: true.
2023-09-08 11:21:58,736 [IPC Server handler 0 on default port 15160] INFO  pipeline.WritableECContainerProvider (WritableECContainerProvider.java:allocateContainer(211)) - Created and opened new pipeline Pipeline[ Id: 7f4694de-a775-45c2-8637-f0ec391227f5, Nodes: c4d580d2-2f88-474d-8696-feb170900697(fv-az203-160.hq41me5fykbulac445kfrvsskg.dx.internal.cloudapp.net/10.1.0.72)7a683abd-c78e-4222-b82d-306c946a3e7e(fv-az203-160.hq41me5fykbulac445kfrvsskg.dx.internal.cloudapp.net/10.1.0.72)95dc1813-fd59-4f21-8387-058ccbf2ac19(fv-az203-160.hq41me5fykbulac445kfrvsskg.dx.internal.cloudapp.net/10.1.0.72)8f9fa227-a509-4f05-89e4-89393bf4f6e1(fv-az203-160.hq41me5fykbulac445kfrvsskg.dx.internal.cloudapp.net/10.1.0.72)8abc5b5b-9557-42e0-ad65-3a4f82792924(fv-az203-160.hq41me5fykbulac445kfrvsskg.dx.internal.cloudapp.net/10.1.0.72), ReplicationConfig: EC{rs-3-2-1024k}, State:ALLOCATED, leaderId:, CreationTimestamp2023-09-08T11:21:58.734Z[Etc/UTC]]
]]></system-out>
  </testcase>
  <testcase name="testMakeDirsWithAnExistingDirectoryPath" classname="TestOzoneFileSystem" time="0.046"/>
  <testcase name="testMakeDirsWithAnExistingDirectoryPath" classname="TestOzoneFileSystem" time="0.027"/>
  <testcase name="testMakeDirsWithAnExistingDirectoryPath" classname="TestOzoneFileSystem" time="0.041"/>
  <testcase name="testMakeDirsWithAnExistingDirectoryPath" classname="TestOzoneFileSystem" time="0.03"/>
  <testcase name="testSetTimes" classname="TestOzoneFileSystem" time="0.222"/>
  <testcase name="testSetTimes" classname="TestOzoneFileSystem" time="0.145"/>
  <testcase name="testSetTimes" classname="TestOzoneFileSystem" time="0.135"/>
  <testcase name="testSetTimes" classname="TestOzoneFileSystem" time="0.12"/>
</testsuite>