<?xml version="1.0" encoding="UTF-8"?>
<testsuite xmlns:xsi="http://www.w3.org/2001/XMLSchema-instance" xsi:noNamespaceSchemaLocation="https://maven.apache.org/surefire/maven-surefire-plugin/xsd/surefire-test-report.xsd" version="3.0.2" name="org.apache.hadoop.ozone.om.snapshot.TestOmSnapshotObjectStore" time="179.587" tests="44" errors="1" skipped="5" failures="0">
  <properties>
    <property name="java.specification.version" value="21"/>
    <property name="sun.jnu.encoding" value="UTF-8"/>
    <property name="java.class.path" value="/home/runner/work/ozone/ozone/hadoop-ozone/integration-test/target/test-classes:/home/runner/work/ozone/ozone/hadoop-ozone/integration-test/target/classes:/home/runner/work/ozone/ozone/hadoop-hdds/server-scm/target/hdds-server-scm-2.1.0-SNAPSHOT.jar:/home/runner/.m2/repository/com/fasterxml/jackson/core/jackson-annotations/2.16.2/jackson-annotations-2.16.2.jar:/home/runner/.m2/repository/com/fasterxml/jackson/core/jackson-core/2.16.2/jackson-core-2.16.2.jar:/home/runner/.m2/repository/com/fasterxml/jackson/core/jackson-databind/2.16.2/jackson-databind-2.16.2.jar:/home/runner/.m2/repository/com/google/guava/guava/32.1.3-jre/guava-32.1.3-jre.jar:/home/runner/.m2/repository/com/google/guava/failureaccess/1.0.1/failureaccess-1.0.1.jar:/home/runner/.m2/repository/com/google/guava/listenablefuture/9999.0-empty-to-avoid-conflict-with-guava/listenablefuture-9999.0-empty-to-avoid-conflict-with-guava.jar:/home/runner/.m2/repository/org/checkerframework/checker-qual/3.37.0/checker-qual-3.37.0.jar:/home/runner/.m2/repository/com/google/errorprone/error_prone_annotations/2.29.2/error_prone_annotations-2.29.2.jar:/home/runner/.m2/repository/com/google/j2objc/j2objc-annotations/2.8/j2objc-annotations-2.8.jar:/home/runner/.m2/repository/com/google/protobuf/protobuf-java/2.5.0/protobuf-java-2.5.0.jar:/home/runner/.m2/repository/commons-collections/commons-collections/3.2.2/commons-collections-3.2.2.jar:/home/runner/.m2/repository/commons-io/commons-io/2.18.0/commons-io-2.18.0.jar:/home/runner/.m2/repository/info/picocli/picocli/4.7.5/picocli-4.7.5.jar:/home/runner/.m2/repository/io/dropwizard/metrics/metrics-core/3.2.6/metrics-core-3.2.6.jar:/home/runner/.m2/repository/jakarta/annotation/jakarta.annotation-api/2.1.1/jakarta.annotation-api-2.1.1.jar:/home/runner/.m2/repository/javax/servlet/javax.servlet-api/3.1.0/javax.servlet-api-3.1.0.jar:/home/runner/.m2/repository/org/apache/commons/commons-compress/1.27.1/commons-compress-1.27.1.jar:/home/runner/.m2/repository/org/apache/commons/commons-text/1.12.0/commons-text-1.12.0.jar:/home/runner/work/ozone/ozone/hadoop-hdds/client/target/hdds-client-2.1.0-SNAPSHOT.jar:/home/runner/work/ozone/ozone/hadoop-hdds/common/target/hdds-common-2.1.0-SNAPSHOT.jar:/home/runner/work/ozone/ozone/hadoop-hdds/config/target/hdds-config-2.1.0-SNAPSHOT.jar:/home/runner/work/ozone/ozone/hadoop-hdds/container-service/target/hdds-container-service-2.1.0-SNAPSHOT.jar:/home/runner/work/ozone/ozone/hadoop-hdds/hadoop-dependency-client/target/hdds-hadoop-dependency-client-2.1.0-SNAPSHOT.jar:/home/runner/.m2/repository/com/nimbusds/nimbus-jose-jwt/9.40/nimbus-jose-jwt-9.40.jar:/home/runner/work/ozone/ozone/hadoop-hdds/hadoop-dependency-server/target/hdds-hadoop-dependency-server-2.1.0-SNAPSHOT.jar:/home/runner/.m2/repository/org/apache/hadoop/hadoop-hdfs/3.4.1/hadoop-hdfs-3.4.1.jar:/home/runner/.m2/repository/org/apache/kerby/kerb-util/1.0.1/kerb-util-1.0.1.jar:/home/runner/.m2/repository/org/apache/kerby/kerby-config/1.0.1/kerby-config-1.0.1.jar:/home/runner/.m2/repository/org/apache/kerby/kerb-crypto/1.0.1/kerb-crypto-1.0.1.jar:/home/runner/work/ozone/ozone/hadoop-hdds/interface-admin/target/hdds-interface-admin-2.1.0-SNAPSHOT.jar:/home/runner/work/ozone/ozone/hadoop-hdds/interface-client/target/hdds-interface-client-2.1.0-SNAPSHOT.jar:/home/runner/work/ozone/ozone/hadoop-hdds/interface-server/target/hdds-interface-server-2.1.0-SNAPSHOT.jar:/home/runner/work/ozone/ozone/hadoop-hdds/framework/target/hdds-server-framework-2.1.0-SNAPSHOT.jar:/home/runner/.m2/repository/org/apache/ratis/ratis-client/3.1.2/ratis-client-3.1.2.jar:/home/runner/.m2/repository/org/apache/ratis/ratis-common/3.1.2/ratis-common-3.1.2.jar:/home/runner/.m2/repository/org/apache/ratis/ratis-grpc/3.1.2/ratis-grpc-3.1.2.jar:/home/runner/.m2/repository/org/apache/ratis/ratis-netty/3.1.2/ratis-netty-3.1.2.jar:/home/runner/.m2/repository/org/apache/ratis/ratis-proto/3.1.2/ratis-proto-3.1.2.jar:/home/runner/.m2/repository/org/apache/ratis/ratis-server-api/3.1.2/ratis-server-api-3.1.2.jar:/home/runner/.m2/repository/org/apache/ratis/ratis-thirdparty-misc/1.0.6/ratis-thirdparty-misc-1.0.6.jar:/home/runner/.m2/repository/org/bouncycastle/bcpkix-jdk18on/1.80/bcpkix-jdk18on-1.80.jar:/home/runner/.m2/repository/org/bouncycastle/bcprov-jdk18on/1.80/bcprov-jdk18on-1.80.jar:/home/runner/.m2/repository/org/eclipse/jetty/jetty-webapp/9.4.57.v20241219/jetty-webapp-9.4.57.v20241219.jar:/home/runner/.m2/repository/org/eclipse/jetty/jetty-xml/9.4.57.v20241219/jetty-xml-9.4.57.v20241219.jar:/home/runner/.m2/repository/org/slf4j/slf4j-api/2.0.17/slf4j-api-2.0.17.jar:/home/runner/work/ozone/ozone/hadoop-hdds/tools/target/hdds-tools-2.1.0-SNAPSHOT.jar:/home/runner/.m2/repository/ch/qos/reload4j/reload4j/1.2.26/reload4j-1.2.26.jar:/home/runner/.m2/repository/com/fasterxml/jackson/datatype/jackson-datatype-jsr310/2.16.2/jackson-datatype-jsr310-2.16.2.jar:/home/runner/.m2/repository/commons-cli/commons-cli/1.8.0/commons-cli-1.8.0.jar:/home/runner/.m2/repository/org/apache/ratis/ratis-tools/3.1.2/ratis-tools-3.1.2.jar:/home/runner/.m2/repository/org/kohsuke/metainf-services/metainf-services/1.11/metainf-services-1.11.jar:/home/runner/.m2/repository/org/slf4j/slf4j-reload4j/2.0.17/slf4j-reload4j-2.0.17.jar:/home/runner/.m2/repository/org/xerial/sqlite-jdbc/3.49.1.0/sqlite-jdbc-3.49.1.0.jar:/home/runner/work/ozone/ozone/hadoop-ozone/cli-shell/target/ozone-cli-shell-2.1.0-SNAPSHOT.jar:/home/runner/.m2/repository/commons-codec/commons-codec/1.17.1/commons-codec-1.17.1.jar:/home/runner/.m2/repository/info/picocli/picocli-shell-jline3/4.7.5/picocli-shell-jline3-4.7.5.jar:/home/runner/.m2/repository/jakarta/xml/bind/jakarta.xml.bind-api/2.3.3/jakarta.xml.bind-api-2.3.3.jar:/home/runner/.m2/repository/org/apache/httpcomponents/httpclient/4.5.14/httpclient-4.5.14.jar:/home/runner/work/ozone/ozone/hadoop-ozone/ozonefs-common/target/ozone-filesystem-common-2.1.0-SNAPSHOT.jar:/home/runner/work/ozone/ozone/hadoop-ozone/interface-client/target/ozone-interface-client-2.1.0-SNAPSHOT.jar:/home/runner/.m2/repository/org/jline/jline/3.29.0/jline-3.29.0.jar:/home/runner/work/ozone/ozone/hadoop-ozone/client/target/ozone-client-2.1.0-SNAPSHOT.jar:/home/runner/.m2/repository/com/github/stephenc/jcip/jcip-annotations/1.0-1/jcip-annotations-1.0-1.jar:/home/runner/work/ozone/ozone/hadoop-hdds/erasurecode/target/hdds-erasurecode-2.1.0-SNAPSHOT.jar:/home/runner/work/ozone/ozone/hadoop-ozone/common/target/ozone-common-2.1.0-SNAPSHOT.jar:/home/runner/.m2/repository/io/grpc/grpc-api/1.58.0/grpc-api-1.58.0.jar:/home/runner/.m2/repository/io/grpc/grpc-netty/1.58.0/grpc-netty-1.58.0.jar:/home/runner/.m2/repository/io/grpc/grpc-core/1.58.0/grpc-core-1.58.0.jar:/home/runner/.m2/repository/com/google/android/annotations/4.1.1.4/annotations-4.1.1.4.jar:/home/runner/.m2/repository/org/codehaus/mojo/animal-sniffer-annotations/1.23/animal-sniffer-annotations-1.23.jar:/home/runner/.m2/repository/io/grpc/grpc-context/1.58.0/grpc-context-1.58.0.jar:/home/runner/.m2/repository/io/grpc/grpc-util/1.58.0/grpc-util-1.58.0.jar:/home/runner/.m2/repository/io/perfmark/perfmark-api/0.26.0/perfmark-api-0.26.0.jar:/home/runner/.m2/repository/io/grpc/grpc-stub/1.58.0/grpc-stub-1.58.0.jar:/home/runner/.m2/repository/io/netty/netty-codec-http2/4.1.109.Final/netty-codec-http2-4.1.109.Final.jar:/home/runner/.m2/repository/io/netty/netty-codec-http/4.1.109.Final/netty-codec-http-4.1.109.Final.jar:/home/runner/.m2/repository/io/netty/netty-common/4.1.109.Final/netty-common-4.1.109.Final.jar:/home/runner/.m2/repository/io/netty/netty-handler/4.1.109.Final/netty-handler-4.1.109.Final.jar:/home/runner/.m2/repository/io/netty/netty-resolver/4.1.109.Final/netty-resolver-4.1.109.Final.jar:/home/runner/.m2/repository/io/netty/netty-handler-proxy/4.1.109.Final/netty-handler-proxy-4.1.109.Final.jar:/home/runner/.m2/repository/io/netty/netty-codec-socks/4.1.109.Final/netty-codec-socks-4.1.109.Final.jar:/home/runner/.m2/repository/org/apache/httpcomponents/httpcore/4.4.16/httpcore-4.4.16.jar:/home/runner/.m2/repository/io/netty/netty-tcnative-boringssl-static/2.0.65.Final/netty-tcnative-boringssl-static-2.0.65.Final.jar:/home/runner/.m2/repository/io/netty/netty-tcnative-classes/2.0.65.Final/netty-tcnative-classes-2.0.65.Final.jar:/home/runner/.m2/repository/io/netty/netty-tcnative-boringssl-static/2.0.65.Final/netty-tcnative-boringssl-static-2.0.65.Final-linux-x86_64.jar:/home/runner/.m2/repository/io/netty/netty-tcnative-boringssl-static/2.0.65.Final/netty-tcnative-boringssl-static-2.0.65.Final-linux-aarch_64.jar:/home/runner/.m2/repository/io/netty/netty-tcnative-boringssl-static/2.0.65.Final/netty-tcnative-boringssl-static-2.0.65.Final-osx-x86_64.jar:/home/runner/.m2/repository/io/netty/netty-tcnative-boringssl-static/2.0.65.Final/netty-tcnative-boringssl-static-2.0.65.Final-osx-aarch_64.jar:/home/runner/.m2/repository/io/netty/netty-tcnative-boringssl-static/2.0.65.Final/netty-tcnative-boringssl-static-2.0.65.Final-windows-x86_64.jar:/home/runner/work/ozone/ozone/hadoop-ozone/csi/target/ozone-csi-2.1.0-SNAPSHOT.jar:/home/runner/.m2/repository/com/google/protobuf/protobuf-java-util/3.19.6/protobuf-java-util-3.19.6.jar:/home/runner/.m2/repository/io/grpc/grpc-protobuf/1.58.0/grpc-protobuf-1.58.0.jar:/home/runner/.m2/repository/com/google/api/grpc/proto-google-common-protos/2.22.0/proto-google-common-protos-2.22.0.jar:/home/runner/.m2/repository/io/grpc/grpc-protobuf-lite/1.58.0/grpc-protobuf-lite-1.58.0.jar:/home/runner/.m2/repository/io/netty/netty-transport/4.1.109.Final/netty-transport-4.1.109.Final.jar:/home/runner/.m2/repository/io/netty/netty-transport-classes-epoll/4.1.109.Final/netty-transport-classes-epoll-4.1.109.Final.jar:/home/runner/.m2/repository/io/netty/netty-transport-native-epoll/4.1.109.Final/netty-transport-native-epoll-4.1.109.Final-linux-x86_64.jar:/home/runner/.m2/repository/io/netty/netty-transport-native-unix-common/4.1.109.Final/netty-transport-native-unix-common-4.1.109.Final.jar:/home/runner/work/ozone/ozone/hadoop-ozone/ozonefs/target/ozone-filesystem-2.1.0-SNAPSHOT.jar:/home/runner/.m2/repository/io/opentracing/opentracing-api/0.33.0/opentracing-api-0.33.0.jar:/home/runner/.m2/repository/io/opentracing/opentracing-util/0.33.0/opentracing-util-0.33.0.jar:/home/runner/work/ozone/ozone/hadoop-ozone/ozone-manager/target/ozone-manager-2.1.0-SNAPSHOT.jar:/home/runner/.m2/repository/com/sun/jersey/jersey-client/1.19.4/jersey-client-1.19.4.jar:/home/runner/.m2/repository/org/apache/kerby/kerby-util/1.0.1/kerby-util-1.0.1.jar:/home/runner/.m2/repository/org/apache/logging/log4j/log4j-api/2.24.2/log4j-api-2.24.2.jar:/home/runner/work/ozone/ozone/hadoop-hdds/managed-rocksdb/target/hdds-managed-rocksdb-2.1.0-SNAPSHOT.jar:/home/runner/work/ozone/ozone/hadoop-hdds/rocks-native/target/hdds-rocks-native-2.1.0-SNAPSHOT.jar:/home/runner/.m2/repository/org/eclipse/jetty/jetty-io/9.4.57.v20241219/jetty-io-9.4.57.v20241219.jar:/home/runner/work/ozone/ozone/hadoop-ozone/interface-storage/target/ozone-interface-storage-2.1.0-SNAPSHOT.jar:/home/runner/work/ozone/ozone/hadoop-hdds/rocksdb-checkpoint-differ/target/rocksdb-checkpoint-differ-2.1.0-SNAPSHOT.jar:/home/runner/.m2/repository/com/github/vlsi/mxgraph/jgraphx/3.9.12/jgraphx-3.9.12.jar:/home/runner/.m2/repository/org/jgrapht/jgrapht-core/1.4.0/jgrapht-core-1.4.0.jar:/home/runner/.m2/repository/org/jheaps/jheaps/0.11/jheaps-0.11.jar:/home/runner/.m2/repository/org/jgrapht/jgrapht-ext/1.4.0/jgrapht-ext-1.4.0.jar:/home/runner/.m2/repository/org/apache/ranger/ranger-intg/2.3.0/ranger-intg-2.3.0.jar:/home/runner/.m2/repository/org/apache/ranger/ranger-plugins-common/2.3.0/ranger-plugins-common-2.3.0.jar:/home/runner/.m2/repository/commons-lang/commons-lang/2.6/commons-lang-2.6.jar:/home/runner/.m2/repository/org/apache/ranger/ranger-plugins-cred/2.3.0/ranger-plugins-cred-2.3.0.jar:/home/runner/.m2/repository/org/apache/ranger/ranger-plugins-audit/2.3.0/ranger-plugins-audit-2.3.0.jar:/home/runner/.m2/repository/org/eclipse/jetty/jetty-client/9.4.57.v20241219/jetty-client-9.4.57.v20241219.jar:/home/runner/.m2/repository/org/apache/httpcomponents/httpmime/4.5.6/httpmime-4.5.6.jar:/home/runner/.m2/repository/org/apache/httpcomponents/httpcore-nio/4.4.16/httpcore-nio-4.4.16.jar:/home/runner/.m2/repository/org/apache/httpcomponents/httpasyncclient/4.1.3/httpasyncclient-4.1.3.jar:/home/runner/.m2/repository/com/carrotsearch/hppc/0.8.0/hppc-0.8.0.jar:/home/runner/.m2/repository/org/apache/orc/orc-core/1.5.8/orc-core-1.5.8.jar:/home/runner/.m2/repository/net/java/dev/jna/jna/5.2.0/jna-5.2.0.jar:/home/runner/.m2/repository/net/java/dev/jna/jna-platform/5.2.0/jna-platform-5.2.0.jar:/home/runner/.m2/repository/com/kstruct/gethostname4j/0.0.2/gethostname4j-0.0.2.jar:/home/runner/.m2/repository/org/apache/ranger/ranger-plugin-classloader/2.3.0/ranger-plugin-classloader-2.3.0.jar:/home/runner/.m2/repository/org/aspectj/aspectjrt/1.9.7/aspectjrt-1.9.7.jar:/home/runner/.m2/repository/org/aspectj/aspectjweaver/1.9.7/aspectjweaver-1.9.7.jar:/home/runner/.m2/repository/org/codehaus/jackson/jackson-core-asl/1.9.13/jackson-core-asl-1.9.13.jar:/home/runner/.m2/repository/org/codehaus/jackson/jackson-jaxrs/1.9.13/jackson-jaxrs-1.9.13.jar:/home/runner/.m2/repository/org/codehaus/jackson/jackson-mapper-asl/1.9.13/jackson-mapper-asl-1.9.13.jar:/home/runner/.m2/repository/org/eclipse/jetty/jetty-util/9.4.57.v20241219/jetty-util-9.4.57.v20241219.jar:/home/runner/.m2/repository/org/reflections/reflections/0.10.2/reflections-0.10.2.jar:/home/runner/.m2/repository/org/rocksdb/rocksdbjni/7.7.3/rocksdbjni-7.7.3.jar:/home/runner/work/ozone/ozone/hadoop-ozone/recon/target/ozone-recon-2.1.0-SNAPSHOT.jar:/home/runner/.m2/repository/aopalliance/aopalliance/1.0/aopalliance-1.0.jar:/home/runner/.m2/repository/com/google/inject/guice/6.0.0/guice-6.0.0.jar:/home/runner/.m2/repository/jakarta/inject/jakarta.inject-api/2.0.1/jakarta.inject-api-2.0.1.jar:/home/runner/.m2/repository/com/google/inject/extensions/guice-assistedinject/6.0.0/guice-assistedinject-6.0.0.jar:/home/runner/.m2/repository/com/google/inject/extensions/guice-servlet/6.0.0/guice-servlet-6.0.0.jar:/home/runner/.m2/repository/com/jolbox/bonecp/0.8.0.RELEASE/bonecp-0.8.0.RELEASE.jar:/home/runner/.m2/repository/jakarta/activation/jakarta.activation-api/1.2.2/jakarta.activation-api-1.2.2.jar:/home/runner/.m2/repository/jakarta/validation/jakarta.validation-api/2.0.2/jakarta.validation-api-2.0.2.jar:/home/runner/.m2/repository/jakarta/ws/rs/jakarta.ws.rs-api/2.1.6/jakarta.ws.rs-api-2.1.6.jar:/home/runner/.m2/repository/javax/inject/javax.inject/1/javax.inject-1.jar:/home/runner/.m2/repository/org/apache/derby/derby/10.14.2.0/derby-10.14.2.0.jar:/home/runner/work/ozone/ozone/hadoop-ozone/recon-codegen/target/ozone-reconcodegen-2.1.0-SNAPSHOT.jar:/home/runner/.m2/repository/org/eclipse/jetty/jetty-servlet/9.4.57.v20241219/jetty-servlet-9.4.57.v20241219.jar:/home/runner/.m2/repository/org/eclipse/jetty/jetty-security/9.4.57.v20241219/jetty-security-9.4.57.v20241219.jar:/home/runner/.m2/repository/org/glassfish/hk2/guice-bridge/2.6.1/guice-bridge-2.6.1.jar:/home/runner/.m2/repository/org/glassfish/hk2/hk2-api/2.6.1/hk2-api-2.6.1.jar:/home/runner/.m2/repository/org/glassfish/hk2/hk2-utils/2.6.1/hk2-utils-2.6.1.jar:/home/runner/.m2/repository/org/glassfish/hk2/external/aopalliance-repackaged/2.6.1/aopalliance-repackaged-2.6.1.jar:/home/runner/.m2/repository/org/glassfish/hk2/external/jakarta.inject/2.6.1/jakarta.inject-2.6.1.jar:/home/runner/.m2/repository/org/glassfish/jersey/containers/jersey-container-servlet/2.46/jersey-container-servlet-2.46.jar:/home/runner/.m2/repository/org/glassfish/jersey/containers/jersey-container-servlet-core/2.46/jersey-container-servlet-core-2.46.jar:/home/runner/.m2/repository/org/glassfish/jersey/core/jersey-common/2.46/jersey-common-2.46.jar:/home/runner/.m2/repository/org/glassfish/hk2/osgi-resource-locator/1.0.3/osgi-resource-locator-1.0.3.jar:/home/runner/.m2/repository/org/glassfish/jersey/core/jersey-server/2.46/jersey-server-2.46.jar:/home/runner/.m2/repository/org/glassfish/jersey/core/jersey-client/2.46/jersey-client-2.46.jar:/home/runner/.m2/repository/org/glassfish/jersey/inject/jersey-hk2/2.46/jersey-hk2-2.46.jar:/home/runner/.m2/repository/org/glassfish/hk2/hk2-locator/2.6.1/hk2-locator-2.6.1.jar:/home/runner/.m2/repository/org/glassfish/jersey/media/jersey-media-jaxb/2.46/jersey-media-jaxb-2.46.jar:/home/runner/.m2/repository/org/glassfish/jersey/media/jersey-media-json-jackson/2.46/jersey-media-json-jackson-2.46.jar:/home/runner/.m2/repository/org/glassfish/jersey/ext/jersey-entity-filtering/2.46/jersey-entity-filtering-2.46.jar:/home/runner/.m2/repository/org/javassist/javassist/3.30.2-GA/javassist-3.30.2-GA.jar:/home/runner/.m2/repository/org/jooq/jooq/3.11.10/jooq-3.11.10.jar:/home/runner/.m2/repository/org/jooq/jooq-codegen/3.11.10/jooq-codegen-3.11.10.jar:/home/runner/.m2/repository/org/jooq/jooq-meta/3.11.10/jooq-meta-3.11.10.jar:/home/runner/.m2/repository/org/springframework/spring-core/5.3.39/spring-core-5.3.39.jar:/home/runner/.m2/repository/org/springframework/spring-jdbc/5.3.39/spring-jdbc-5.3.39.jar:/home/runner/.m2/repository/org/springframework/spring-beans/5.3.39/spring-beans-5.3.39.jar:/home/runner/.m2/repository/org/springframework/spring-tx/5.3.39/spring-tx-5.3.39.jar:/home/runner/work/ozone/ozone/hadoop-ozone/s3gateway/target/ozone-s3gateway-2.1.0-SNAPSHOT.jar:/home/runner/.m2/repository/com/fasterxml/jackson/dataformat/jackson-dataformat-xml/2.16.2/jackson-dataformat-xml-2.16.2.jar:/home/runner/.m2/repository/com/fasterxml/jackson/module/jackson-module-jaxb-annotations/2.16.2/jackson-module-jaxb-annotations-2.16.2.jar:/home/runner/.m2/repository/io/opentracing/opentracing-noop/0.33.0/opentracing-noop-0.33.0.jar:/home/runner/.m2/repository/javax/annotation/javax.annotation-api/1.3.2/javax.annotation-api-1.3.2.jar:/home/runner/.m2/repository/javax/enterprise/cdi-api/2.0/cdi-api-2.0.jar:/home/runner/.m2/repository/javax/el/javax.el-api/3.0.0/javax.el-api-3.0.0.jar:/home/runner/.m2/repository/javax/interceptor/javax.interceptor-api/1.2/javax.interceptor-api-1.2.jar:/home/runner/.m2/repository/org/glassfish/jaxb/jaxb-runtime/2.3.9/jaxb-runtime-2.3.9.jar:/home/runner/.m2/repository/org/glassfish/jaxb/txw2/2.3.9/txw2-2.3.9.jar:/home/runner/.m2/repository/com/sun/istack/istack-commons-runtime/3.0.12/istack-commons-runtime-3.0.12.jar:/home/runner/.m2/repository/com/sun/activation/jakarta.activation/1.2.2/jakarta.activation-1.2.2.jar:/home/runner/.m2/repository/org/glassfish/jersey/ext/cdi/jersey-cdi1x/2.46/jersey-cdi1x-2.46.jar:/home/runner/.m2/repository/org/jboss/weld/servlet/weld-servlet-shaded/3.1.9.Final/weld-servlet-shaded-3.1.9.Final.jar:/home/runner/work/ozone/ozone/hadoop-ozone/tools/target/ozone-tools-2.1.0-SNAPSHOT.jar:/home/runner/.m2/repository/com/amazonaws/aws-java-sdk-core/1.12.661/aws-java-sdk-core-1.12.661.jar:/home/runner/.m2/repository/com/fasterxml/jackson/dataformat/jackson-dataformat-cbor/2.16.2/jackson-dataformat-cbor-2.16.2.jar:/home/runner/.m2/repository/joda-time/joda-time/2.12.7/joda-time-2.12.7.jar:/home/runner/.m2/repository/com/amazonaws/aws-java-sdk-s3/1.12.661/aws-java-sdk-s3-1.12.661.jar:/home/runner/.m2/repository/com/amazonaws/aws-java-sdk-kms/1.12.661/aws-java-sdk-kms-1.12.661.jar:/home/runner/.m2/repository/com/amazonaws/jmespath-java/1.12.661/jmespath-java-1.12.661.jar:/home/runner/.m2/repository/org/apache/ratis/ratis-shell/3.1.2/ratis-shell-3.1.2.jar:/home/runner/.m2/repository/org/apache/ratis/ratis-server/3.1.2/ratis-server-3.1.2.jar:/home/runner/.m2/repository/org/apache/ratis/ratis-metrics-api/3.1.2/ratis-metrics-api-3.1.2.jar:/home/runner/.m2/repository/org/hamcrest/hamcrest/2.2/hamcrest-2.2.jar:/home/runner/.m2/repository/org/slf4j/jul-to-slf4j/2.0.17/jul-to-slf4j-2.0.17.jar:/home/runner/.m2/repository/org/apache/commons/commons-lang3/3.17.0/commons-lang3-3.17.0.jar:/home/runner/.m2/repository/org/apache/hadoop/hadoop-common/3.4.1/hadoop-common-3.4.1-tests.jar:/home/runner/.m2/repository/org/apache/hadoop/thirdparty/hadoop-shaded-protobuf_3_25/1.3.0/hadoop-shaded-protobuf_3_25-1.3.0.jar:/home/runner/.m2/repository/org/apache/hadoop/hadoop-annotations/3.4.1/hadoop-annotations-3.4.1.jar:/home/runner/.m2/repository/org/apache/hadoop/thirdparty/hadoop-shaded-guava/1.3.0/hadoop-shaded-guava-1.3.0.jar:/home/runner/.m2/repository/org/apache/commons/commons-math3/3.6.1/commons-math3-3.6.1.jar:/home/runner/.m2/repository/commons-net/commons-net/3.11.1/commons-net-3.11.1.jar:/home/runner/.m2/repository/org/eclipse/jetty/jetty-server/9.4.57.v20241219/jetty-server-9.4.57.v20241219.jar:/home/runner/.m2/repository/javax/servlet/jsp/jsp-api/2.1/jsp-api-2.1.jar:/home/runner/.m2/repository/com/sun/jersey/jersey-core/1.19.4/jersey-core-1.19.4.jar:/home/runner/.m2/repository/javax/ws/rs/jsr311-api/1.1.1/jsr311-api-1.1.1.jar:/home/runner/.m2/repository/com/github/pjfanning/jersey-json/1.22.0/jersey-json-1.22.0.jar:/home/runner/.m2/repository/com/sun/xml/bind/jaxb-impl/2.2.3-1/jaxb-impl-2.2.3-1.jar:/home/runner/.m2/repository/org/codehaus/jettison/jettison/1.5.4/jettison-1.5.4.jar:/home/runner/.m2/repository/com/sun/jersey/jersey-server/1.19.4/jersey-server-1.19.4.jar:/home/runner/.m2/repository/commons-beanutils/commons-beanutils/1.9.4/commons-beanutils-1.9.4.jar:/home/runner/.m2/repository/org/apache/commons/commons-configuration2/2.11.0/commons-configuration2-2.11.0.jar:/home/runner/.m2/repository/org/apache/avro/avro/1.9.2/avro-1.9.2.jar:/home/runner/.m2/repository/com/google/re2j/re2j/1.7/re2j-1.7.jar:/home/runner/.m2/repository/com/google/code/gson/gson/2.10.1/gson-2.10.1.jar:/home/runner/.m2/repository/org/apache/hadoop/hadoop-auth/3.4.1/hadoop-auth-3.4.1.jar:/home/runner/.m2/repository/org/apache/curator/curator-framework/4.2.0/curator-framework-4.2.0.jar:/home/runner/.m2/repository/com/jcraft/jsch/0.1.55/jsch-0.1.55.jar:/home/runner/.m2/repository/org/apache/curator/curator-client/4.2.0/curator-client-4.2.0.jar:/home/runner/.m2/repository/org/apache/curator/curator-recipes/5.2.0/curator-recipes-5.2.0.jar:/home/runner/.m2/repository/com/google/code/findbugs/jsr305/3.0.2/jsr305-3.0.2.jar:/home/runner/.m2/repository/org/apache/zookeeper/zookeeper/3.8.4/zookeeper-3.8.4.jar:/home/runner/.m2/repository/org/apache/zookeeper/zookeeper-jute/3.8.4/zookeeper-jute-3.8.4.jar:/home/runner/.m2/repository/org/apache/yetus/audience-annotations/0.12.0/audience-annotations-0.12.0.jar:/home/runner/.m2/repository/io/netty/netty-transport-native-epoll/4.1.109.Final/netty-transport-native-epoll-4.1.109.Final.jar:/home/runner/.m2/repository/org/apache/kerby/kerb-core/1.0.1/kerb-core-1.0.1.jar:/home/runner/.m2/repository/org/apache/kerby/kerby-pkix/1.0.1/kerby-pkix-1.0.1.jar:/home/runner/.m2/repository/org/apache/kerby/kerby-asn1/1.0.1/kerby-asn1-1.0.1.jar:/home/runner/.m2/repository/org/codehaus/woodstox/stax2-api/4.2.2/stax2-api-4.2.2.jar:/home/runner/.m2/repository/com/fasterxml/woodstox/woodstox-core/5.4.0/woodstox-core-5.4.0.jar:/home/runner/.m2/repository/dnsjava/dnsjava/3.6.1/dnsjava-3.6.1.jar:/home/runner/.m2/repository/org/xerial/snappy/snappy-java/1.1.10.7/snappy-java-1.1.10.7.jar:/home/runner/.m2/repository/org/apache/hadoop/hadoop-distcp/3.4.1/hadoop-distcp-3.4.1.jar:/home/runner/.m2/repository/org/apache/hadoop/hadoop-distcp/3.4.1/hadoop-distcp-3.4.1-tests.jar:/home/runner/.m2/repository/org/apache/hadoop/hadoop-hdfs/3.4.1/hadoop-hdfs-3.4.1-tests.jar:/home/runner/.m2/repository/org/eclipse/jetty/jetty-util-ajax/9.4.57.v20241219/jetty-util-ajax-9.4.57.v20241219.jar:/home/runner/.m2/repository/commons-daemon/commons-daemon/1.4.0/commons-daemon-1.4.0.jar:/home/runner/.m2/repository/io/netty/netty-all/4.1.109.Final/netty-all-4.1.109.Final.jar:/home/runner/.m2/repository/io/netty/netty-codec-dns/4.1.109.Final/netty-codec-dns-4.1.109.Final.jar:/home/runner/.m2/repository/io/netty/netty-codec-haproxy/4.1.109.Final/netty-codec-haproxy-4.1.109.Final.jar:/home/runner/.m2/repository/io/netty/netty-codec-memcache/4.1.109.Final/netty-codec-memcache-4.1.109.Final.jar:/home/runner/.m2/repository/io/netty/netty-codec-mqtt/4.1.109.Final/netty-codec-mqtt-4.1.109.Final.jar:/home/runner/.m2/repository/io/netty/netty-codec-redis/4.1.109.Final/netty-codec-redis-4.1.109.Final.jar:/home/runner/.m2/repository/io/netty/netty-codec-smtp/4.1.109.Final/netty-codec-smtp-4.1.109.Final.jar:/home/runner/.m2/repository/io/netty/netty-codec-stomp/4.1.109.Final/netty-codec-stomp-4.1.109.Final.jar:/home/runner/.m2/repository/io/netty/netty-codec-xml/4.1.109.Final/netty-codec-xml-4.1.109.Final.jar:/home/runner/.m2/repository/io/netty/netty-handler-ssl-ocsp/4.1.109.Final/netty-handler-ssl-ocsp-4.1.109.Final.jar:/home/runner/.m2/repository/io/netty/netty-resolver-dns/4.1.109.Final/netty-resolver-dns-4.1.109.Final.jar:/home/runner/.m2/repository/io/netty/netty-transport-rxtx/4.1.109.Final/netty-transport-rxtx-4.1.109.Final.jar:/home/runner/.m2/repository/io/netty/netty-transport-sctp/4.1.109.Final/netty-transport-sctp-4.1.109.Final.jar:/home/runner/.m2/repository/io/netty/netty-transport-udt/4.1.109.Final/netty-transport-udt-4.1.109.Final.jar:/home/runner/.m2/repository/io/netty/netty-transport-classes-kqueue/4.1.109.Final/netty-transport-classes-kqueue-4.1.109.Final.jar:/home/runner/.m2/repository/io/netty/netty-resolver-dns-classes-macos/4.1.109.Final/netty-resolver-dns-classes-macos-4.1.109.Final.jar:/home/runner/.m2/repository/io/netty/netty-transport-native-epoll/4.1.109.Final/netty-transport-native-epoll-4.1.109.Final-linux-aarch_64.jar:/home/runner/.m2/repository/io/netty/netty-transport-native-epoll/4.1.109.Final/netty-transport-native-epoll-4.1.109.Final-linux-riscv64.jar:/home/runner/.m2/repository/io/netty/netty-transport-native-kqueue/4.1.109.Final/netty-transport-native-kqueue-4.1.109.Final-osx-x86_64.jar:/home/runner/.m2/repository/io/netty/netty-transport-native-kqueue/4.1.109.Final/netty-transport-native-kqueue-4.1.109.Final-osx-aarch_64.jar:/home/runner/.m2/repository/io/netty/netty-resolver-dns-native-macos/4.1.109.Final/netty-resolver-dns-native-macos-4.1.109.Final-osx-x86_64.jar:/home/runner/.m2/repository/io/netty/netty-resolver-dns-native-macos/4.1.109.Final/netty-resolver-dns-native-macos-4.1.109.Final-osx-aarch_64.jar:/home/runner/.m2/repository/org/fusesource/leveldbjni/leveldbjni-all/1.8/leveldbjni-all-1.8.jar:/home/runner/.m2/repository/org/apache/hadoop/hadoop-kms/3.4.1/hadoop-kms-3.4.1.jar:/home/runner/.m2/repository/org/apache/hadoop/hadoop-common/3.4.1/hadoop-common-3.4.1.jar:/home/runner/.m2/repository/org/apache/hadoop/hadoop-kms/3.4.1/hadoop-kms-3.4.1-tests.jar:/home/runner/.m2/repository/org/apache/hadoop/hadoop-mapreduce-client-core/3.4.1/hadoop-mapreduce-client-core-3.4.1.jar:/home/runner/.m2/repository/org/apache/hadoop/hadoop-yarn-client/3.4.1/hadoop-yarn-client-3.4.1.jar:/home/runner/.m2/repository/org/eclipse/jetty/websocket/websocket-client/9.4.53.v20231009/websocket-client-9.4.53.v20231009.jar:/home/runner/.m2/repository/org/eclipse/jetty/websocket/websocket-common/9.4.53.v20231009/websocket-common-9.4.53.v20231009.jar:/home/runner/.m2/repository/org/eclipse/jetty/websocket/websocket-api/9.4.53.v20231009/websocket-api-9.4.53.v20231009.jar:/home/runner/.m2/repository/org/apache/hadoop/hadoop-yarn-api/3.4.1/hadoop-yarn-api-3.4.1.jar:/home/runner/.m2/repository/org/apache/hadoop/hadoop-yarn-common/3.4.1/hadoop-yarn-common-3.4.1.jar:/home/runner/.m2/repository/javax/xml/bind/jaxb-api/2.2.11/jaxb-api-2.2.11.jar:/home/runner/.m2/repository/com/sun/jersey/contribs/jersey-guice/1.19.4/jersey-guice-1.19.4.jar:/home/runner/.m2/repository/com/fasterxml/jackson/jaxrs/jackson-jaxrs-json-provider/2.16.2/jackson-jaxrs-json-provider-2.16.2.jar:/home/runner/.m2/repository/com/fasterxml/jackson/jaxrs/jackson-jaxrs-base/2.16.2/jackson-jaxrs-base-2.16.2.jar:/home/runner/.m2/repository/org/apache/hadoop/hadoop-hdfs-client/3.4.1/hadoop-hdfs-client-3.4.1.jar:/home/runner/.m2/repository/org/apache/hadoop/hadoop-mapreduce-client-jobclient/3.4.1/hadoop-mapreduce-client-jobclient-3.4.1.jar:/home/runner/.m2/repository/org/apache/hadoop/hadoop-mapreduce-client-common/3.4.1/hadoop-mapreduce-client-common-3.4.1.jar:/home/runner/.m2/repository/org/apache/hadoop/hadoop-minikdc/3.4.1/hadoop-minikdc-3.4.1.jar:/home/runner/.m2/repository/org/apache/kerby/kerb-simplekdc/2.0.3/kerb-simplekdc-2.0.3.jar:/home/runner/.m2/repository/org/apache/kerby/kerb-client/2.0.3/kerb-client-2.0.3.jar:/home/runner/.m2/repository/org/apache/kerby/kerb-common/2.0.3/kerb-common-2.0.3.jar:/home/runner/.m2/repository/org/apache/kerby/token-provider/2.0.3/token-provider-2.0.3.jar:/home/runner/.m2/repository/org/apache/kerby/kerb-admin/2.0.3/kerb-admin-2.0.3.jar:/home/runner/.m2/repository/org/apache/kerby/kerb-server/2.0.3/kerb-server-2.0.3.jar:/home/runner/.m2/repository/org/apache/kerby/kerb-identity/2.0.3/kerb-identity-2.0.3.jar:/home/runner/.m2/repository/org/apache/kerby/kerby-xdr/2.0.3/kerby-xdr-2.0.3.jar:/home/runner/.m2/repository/junit/junit/4.13.2/junit-4.13.2.jar:/home/runner/.m2/repository/org/hamcrest/hamcrest-core/1.3/hamcrest-core-1.3.jar:/home/runner/work/ozone/ozone/hadoop-hdds/common/target/hdds-common-2.1.0-SNAPSHOT-tests.jar:/home/runner/.m2/repository/commons-validator/commons-validator/1.6/commons-validator-1.6.jar:/home/runner/.m2/repository/commons-digester/commons-digester/1.8.1/commons-digester-1.8.1.jar:/home/runner/.m2/repository/io/jaegertracing/jaeger-client/1.8.1/jaeger-client-1.8.1.jar:/home/runner/.m2/repository/io/jaegertracing/jaeger-thrift/1.8.1/jaeger-thrift-1.8.1.jar:/home/runner/.m2/repository/org/apache/thrift/libthrift/0.15.0/libthrift-0.15.0.jar:/home/runner/.m2/repository/com/squareup/okhttp3/okhttp/4.12.0/okhttp-4.12.0.jar:/home/runner/.m2/repository/com/squareup/okio/okio/3.6.0/okio-3.6.0.jar:/home/runner/.m2/repository/com/squareup/okio/okio-jvm/3.6.0/okio-jvm-3.6.0.jar:/home/runner/.m2/repository/org/jetbrains/kotlin/kotlin-stdlib-common/1.9.25/kotlin-stdlib-common-1.9.25.jar:/home/runner/.m2/repository/org/jetbrains/kotlin/kotlin-stdlib-jdk8/1.9.25/kotlin-stdlib-jdk8-1.9.25.jar:/home/runner/.m2/repository/org/jetbrains/kotlin/kotlin-stdlib-jdk7/1.9.25/kotlin-stdlib-jdk7-1.9.25.jar:/home/runner/.m2/repository/io/jaegertracing/jaeger-tracerresolver/1.8.1/jaeger-tracerresolver-1.8.1.jar:/home/runner/.m2/repository/io/opentracing/contrib/opentracing-tracerresolver/0.1.8/opentracing-tracerresolver-0.1.8.jar:/home/runner/.m2/repository/io/jaegertracing/jaeger-core/1.8.1/jaeger-core-1.8.1.jar:/home/runner/work/ozone/ozone/hadoop-hdds/annotations/target/hdds-annotation-processing-2.1.0-SNAPSHOT.jar:/home/runner/.m2/repository/org/apache/ratis/ratis-metrics-dropwizard3/3.1.2/ratis-metrics-dropwizard3-3.1.2.jar:/home/runner/.m2/repository/org/bouncycastle/bcutil-jdk18on/1.80/bcutil-jdk18on-1.80.jar:/home/runner/.m2/repository/org/jetbrains/kotlin/kotlin-stdlib/1.9.25/kotlin-stdlib-1.9.25.jar:/home/runner/.m2/repository/org/jetbrains/annotations/13.0/annotations-13.0.jar:/home/runner/.m2/repository/org/yaml/snakeyaml/2.0/snakeyaml-2.0.jar:/home/runner/work/ozone/ozone/hadoop-hdds/container-service/target/hdds-container-service-2.1.0-SNAPSHOT-tests.jar:/home/runner/.m2/repository/com/github/luben/zstd-jni/1.5.7-1/zstd-jni-1.5.7-1.jar:/home/runner/.m2/repository/io/netty/netty-buffer/4.1.109.Final/netty-buffer-4.1.109.Final.jar:/home/runner/.m2/repository/io/netty/netty-codec/4.1.109.Final/netty-codec-4.1.109.Final.jar:/home/runner/work/ozone/ozone/hadoop-hdds/framework/target/hdds-server-framework-2.1.0-SNAPSHOT-tests.jar:/home/runner/.m2/repository/com/github/jnr/jnr-constants/0.10.4/jnr-constants-0.10.4.jar:/home/runner/.m2/repository/com/github/jnr/jnr-posix/3.1.20/jnr-posix-3.1.20.jar:/home/runner/.m2/repository/com/github/jnr/jnr-ffi/2.2.17/jnr-ffi-2.2.17.jar:/home/runner/.m2/repository/com/github/jnr/jffi/1.3.13/jffi-1.3.13.jar:/home/runner/.m2/repository/com/github/jnr/jffi/1.3.13/jffi-1.3.13-native.jar:/home/runner/.m2/repository/org/ow2/asm/asm/9.7.1/asm-9.7.1.jar:/home/runner/.m2/repository/org/ow2/asm/asm-commons/9.7.1/asm-commons-9.7.1.jar:/home/runner/.m2/repository/org/ow2/asm/asm-analysis/9.7.1/asm-analysis-9.7.1.jar:/home/runner/.m2/repository/org/ow2/asm/asm-tree/9.7.1/asm-tree-9.7.1.jar:/home/runner/.m2/repository/org/ow2/asm/asm-util/9.7.1/asm-util-9.7.1.jar:/home/runner/.m2/repository/com/github/jnr/jnr-a64asm/1.0.0/jnr-a64asm-1.0.0.jar:/home/runner/.m2/repository/com/github/jnr/jnr-x86asm/1.0.2/jnr-x86asm-1.0.2.jar:/home/runner/.m2/repository/commons-fileupload/commons-fileupload/1.5/commons-fileupload-1.5.jar:/home/runner/.m2/repository/commons-logging/commons-logging/1.2/commons-logging-1.2.jar:/home/runner/.m2/repository/io/prometheus/simpleclient/0.16.0/simpleclient-0.16.0.jar:/home/runner/.m2/repository/io/prometheus/simpleclient_common/0.16.0/simpleclient_common-0.16.0.jar:/home/runner/.m2/repository/io/prometheus/simpleclient_dropwizard/0.16.0/simpleclient_dropwizard-0.16.0.jar:/home/runner/.m2/repository/org/apache/logging/log4j/log4j-core/2.24.2/log4j-core-2.24.2.jar:/home/runner/.m2/repository/org/eclipse/jetty/jetty-http/9.4.57.v20241219/jetty-http-9.4.57.v20241219.jar:/home/runner/.m2/repository/com/lmax/disruptor/3.4.4/disruptor-3.4.4.jar:/home/runner/work/ozone/ozone/hadoop-hdds/server-scm/target/hdds-server-scm-2.1.0-SNAPSHOT-tests.jar:/home/runner/work/ozone/ozone/hadoop-hdds/test-utils/target/hdds-test-utils-2.1.0-SNAPSHOT-tests.jar:/home/runner/work/ozone/ozone/hadoop-ozone/ozone-manager/target/ozone-manager-2.1.0-SNAPSHOT-tests.jar:/home/runner/.m2/repository/software/amazon/awssdk/s3/2.31.1/s3-2.31.1.jar:/home/runner/.m2/repository/software/amazon/awssdk/aws-xml-protocol/2.31.1/aws-xml-protocol-2.31.1.jar:/home/runner/.m2/repository/software/amazon/awssdk/aws-query-protocol/2.31.1/aws-query-protocol-2.31.1.jar:/home/runner/.m2/repository/software/amazon/awssdk/protocol-core/2.31.1/protocol-core-2.31.1.jar:/home/runner/.m2/repository/software/amazon/awssdk/arns/2.31.1/arns-2.31.1.jar:/home/runner/.m2/repository/software/amazon/awssdk/profiles/2.31.1/profiles-2.31.1.jar:/home/runner/.m2/repository/software/amazon/awssdk/crt-core/2.31.1/crt-core-2.31.1.jar:/home/runner/.m2/repository/software/amazon/awssdk/http-auth/2.31.1/http-auth-2.31.1.jar:/home/runner/.m2/repository/software/amazon/awssdk/identity-spi/2.31.1/identity-spi-2.31.1.jar:/home/runner/.m2/repository/software/amazon/awssdk/http-auth-spi/2.31.1/http-auth-spi-2.31.1.jar:/home/runner/.m2/repository/org/reactivestreams/reactive-streams/1.0.4/reactive-streams-1.0.4.jar:/home/runner/.m2/repository/software/amazon/awssdk/http-auth-aws/2.31.1/http-auth-aws-2.31.1.jar:/home/runner/.m2/repository/software/amazon/awssdk/checksums/2.31.1/checksums-2.31.1.jar:/home/runner/.m2/repository/software/amazon/awssdk/checksums-spi/2.31.1/checksums-spi-2.31.1.jar:/home/runner/.m2/repository/software/amazon/awssdk/retries-spi/2.31.1/retries-spi-2.31.1.jar:/home/runner/.m2/repository/software/amazon/awssdk/sdk-core/2.31.1/sdk-core-2.31.1.jar:/home/runner/.m2/repository/software/amazon/awssdk/retries/2.31.1/retries-2.31.1.jar:/home/runner/.m2/repository/software/amazon/awssdk/auth/2.31.1/auth-2.31.1.jar:/home/runner/.m2/repository/software/amazon/awssdk/http-auth-aws-eventstream/2.31.1/http-auth-aws-eventstream-2.31.1.jar:/home/runner/.m2/repository/software/amazon/eventstream/eventstream/1.0.1/eventstream-1.0.1.jar:/home/runner/.m2/repository/software/amazon/awssdk/http-client-spi/2.31.1/http-client-spi-2.31.1.jar:/home/runner/.m2/repository/software/amazon/awssdk/regions/2.31.1/regions-2.31.1.jar:/home/runner/.m2/repository/software/amazon/awssdk/annotations/2.31.1/annotations-2.31.1.jar:/home/runner/.m2/repository/software/amazon/awssdk/utils/2.31.1/utils-2.31.1.jar:/home/runner/.m2/repository/software/amazon/awssdk/aws-core/2.31.1/aws-core-2.31.1.jar:/home/runner/.m2/repository/software/amazon/awssdk/metrics-spi/2.31.1/metrics-spi-2.31.1.jar:/home/runner/.m2/repository/software/amazon/awssdk/json-utils/2.31.1/json-utils-2.31.1.jar:/home/runner/.m2/repository/software/amazon/awssdk/third-party-jackson-core/2.31.1/third-party-jackson-core-2.31.1.jar:/home/runner/.m2/repository/software/amazon/awssdk/endpoints-spi/2.31.1/endpoints-spi-2.31.1.jar:/home/runner/.m2/repository/software/amazon/awssdk/apache-client/2.31.1/apache-client-2.31.1.jar:/home/runner/.m2/repository/software/amazon/awssdk/netty-nio-client/2.31.1/netty-nio-client-2.31.1.jar:/home/runner/.m2/repository/org/assertj/assertj-core/3.27.3/assertj-core-3.27.3.jar:/home/runner/.m2/repository/net/bytebuddy/byte-buddy/1.15.11/byte-buddy-1.15.11.jar:/home/runner/.m2/repository/org/junit/jupiter/junit-jupiter-api/5.12.1/junit-jupiter-api-5.12.1.jar:/home/runner/.m2/repository/org/opentest4j/opentest4j/1.3.0/opentest4j-1.3.0.jar:/home/runner/.m2/repository/org/junit/platform/junit-platform-commons/1.12.1/junit-platform-commons-1.12.1.jar:/home/runner/.m2/repository/org/apiguardian/apiguardian-api/1.1.2/apiguardian-api-1.1.2.jar:/home/runner/.m2/repository/org/junit/jupiter/junit-jupiter-params/5.12.1/junit-jupiter-params-5.12.1.jar:/home/runner/.m2/repository/org/mockito/mockito-core/4.11.0/mockito-core-4.11.0.jar:/home/runner/.m2/repository/net/bytebuddy/byte-buddy-agent/1.12.19/byte-buddy-agent-1.12.19.jar:/home/runner/.m2/repository/org/objenesis/objenesis/3.3/objenesis-3.3.jar:/home/runner/.m2/repository/org/mockito/mockito-inline/4.11.0/mockito-inline-4.11.0.jar:/home/runner/.m2/repository/org/mockito/mockito-junit-jupiter/4.11.0/mockito-junit-jupiter-4.11.0.jar:/home/runner/work/ozone/ozone/hadoop-ozone/integration-test/target/gradle-enterprise/test-listeners.jar:"/>
    <property name="java.vm.vendor" value="Eclipse Adoptium"/>
    <property name="sun.arch.data.model" value="64"/>
    <property name="test.build.dir" value="/home/runner/work/ozone/ozone/hadoop-ozone/integration-test/target/test-dir"/>
    <property name="test.cache.data" value=""/>
    <property name="java.vendor.url" value="https://adoptium.net/"/>
    <property name="user.timezone" value="Etc/UTC"/>
    <property name="maven-surefire-plugin.argLineAccessArgs" value=" --add-opens java.management/com.sun.jmx.mbeanserver=ALL-UNNAMED --add-exports java.management/com.sun.jmx.mbeanserver=ALL-UNNAMED --add-opens java.base/java.nio=ALL-UNNAMED --add-opens java.base/java.lang=ALL-UNNAMED --add-opens java.base/java.lang.reflect=ALL-UNNAMED"/>
    <property name="os.name" value="Linux"/>
    <property name="java.vm.specification.version" value="21"/>
    <property name="test.build.data" value="/home/runner/work/ozone/ozone/hadoop-ozone/integration-test/target/test-dir"/>
    <property name="sun.java.launcher" value="SUN_STANDARD"/>
    <property name="sun.boot.library.path" value="/usr/lib/jvm/temurin-21-jdk-amd64/lib"/>
    <property name="sun.java.command" value="/home/runner/work/ozone/ozone/hadoop-ozone/integration-test/target/surefire/surefirebooter-20250320020748594_202.jar /home/runner/work/ozone/ozone/hadoop-ozone/integration-test/target/surefire 2025-03-20T02-04-28_554-jvmRun1 surefire-20250320020748594_200tmp surefire_13-20250320020748594_201tmp"/>
    <property name="jdk.debug" value="release"/>
    <property name="native.lib.tmp.dir" value="/tmp"/>
    <property name="surefire.test.class.path" value="/home/runner/work/ozone/ozone/hadoop-ozone/integration-test/target/test-classes:/home/runner/work/ozone/ozone/hadoop-ozone/integration-test/target/classes:/home/runner/work/ozone/ozone/hadoop-hdds/server-scm/target/hdds-server-scm-2.1.0-SNAPSHOT.jar:/home/runner/.m2/repository/com/fasterxml/jackson/core/jackson-annotations/2.16.2/jackson-annotations-2.16.2.jar:/home/runner/.m2/repository/com/fasterxml/jackson/core/jackson-core/2.16.2/jackson-core-2.16.2.jar:/home/runner/.m2/repository/com/fasterxml/jackson/core/jackson-databind/2.16.2/jackson-databind-2.16.2.jar:/home/runner/.m2/repository/com/google/guava/guava/32.1.3-jre/guava-32.1.3-jre.jar:/home/runner/.m2/repository/com/google/guava/failureaccess/1.0.1/failureaccess-1.0.1.jar:/home/runner/.m2/repository/com/google/guava/listenablefuture/9999.0-empty-to-avoid-conflict-with-guava/listenablefuture-9999.0-empty-to-avoid-conflict-with-guava.jar:/home/runner/.m2/repository/org/checkerframework/checker-qual/3.37.0/checker-qual-3.37.0.jar:/home/runner/.m2/repository/com/google/errorprone/error_prone_annotations/2.29.2/error_prone_annotations-2.29.2.jar:/home/runner/.m2/repository/com/google/j2objc/j2objc-annotations/2.8/j2objc-annotations-2.8.jar:/home/runner/.m2/repository/com/google/protobuf/protobuf-java/2.5.0/protobuf-java-2.5.0.jar:/home/runner/.m2/repository/commons-collections/commons-collections/3.2.2/commons-collections-3.2.2.jar:/home/runner/.m2/repository/commons-io/commons-io/2.18.0/commons-io-2.18.0.jar:/home/runner/.m2/repository/info/picocli/picocli/4.7.5/picocli-4.7.5.jar:/home/runner/.m2/repository/io/dropwizard/metrics/metrics-core/3.2.6/metrics-core-3.2.6.jar:/home/runner/.m2/repository/jakarta/annotation/jakarta.annotation-api/2.1.1/jakarta.annotation-api-2.1.1.jar:/home/runner/.m2/repository/javax/servlet/javax.servlet-api/3.1.0/javax.servlet-api-3.1.0.jar:/home/runner/.m2/repository/org/apache/commons/commons-compress/1.27.1/commons-compress-1.27.1.jar:/home/runner/.m2/repository/org/apache/commons/commons-text/1.12.0/commons-text-1.12.0.jar:/home/runner/work/ozone/ozone/hadoop-hdds/client/target/hdds-client-2.1.0-SNAPSHOT.jar:/home/runner/work/ozone/ozone/hadoop-hdds/common/target/hdds-common-2.1.0-SNAPSHOT.jar:/home/runner/work/ozone/ozone/hadoop-hdds/config/target/hdds-config-2.1.0-SNAPSHOT.jar:/home/runner/work/ozone/ozone/hadoop-hdds/container-service/target/hdds-container-service-2.1.0-SNAPSHOT.jar:/home/runner/work/ozone/ozone/hadoop-hdds/hadoop-dependency-client/target/hdds-hadoop-dependency-client-2.1.0-SNAPSHOT.jar:/home/runner/.m2/repository/com/nimbusds/nimbus-jose-jwt/9.40/nimbus-jose-jwt-9.40.jar:/home/runner/work/ozone/ozone/hadoop-hdds/hadoop-dependency-server/target/hdds-hadoop-dependency-server-2.1.0-SNAPSHOT.jar:/home/runner/.m2/repository/org/apache/hadoop/hadoop-hdfs/3.4.1/hadoop-hdfs-3.4.1.jar:/home/runner/.m2/repository/org/apache/kerby/kerb-util/1.0.1/kerb-util-1.0.1.jar:/home/runner/.m2/repository/org/apache/kerby/kerby-config/1.0.1/kerby-config-1.0.1.jar:/home/runner/.m2/repository/org/apache/kerby/kerb-crypto/1.0.1/kerb-crypto-1.0.1.jar:/home/runner/work/ozone/ozone/hadoop-hdds/interface-admin/target/hdds-interface-admin-2.1.0-SNAPSHOT.jar:/home/runner/work/ozone/ozone/hadoop-hdds/interface-client/target/hdds-interface-client-2.1.0-SNAPSHOT.jar:/home/runner/work/ozone/ozone/hadoop-hdds/interface-server/target/hdds-interface-server-2.1.0-SNAPSHOT.jar:/home/runner/work/ozone/ozone/hadoop-hdds/framework/target/hdds-server-framework-2.1.0-SNAPSHOT.jar:/home/runner/.m2/repository/org/apache/ratis/ratis-client/3.1.2/ratis-client-3.1.2.jar:/home/runner/.m2/repository/org/apache/ratis/ratis-common/3.1.2/ratis-common-3.1.2.jar:/home/runner/.m2/repository/org/apache/ratis/ratis-grpc/3.1.2/ratis-grpc-3.1.2.jar:/home/runner/.m2/repository/org/apache/ratis/ratis-netty/3.1.2/ratis-netty-3.1.2.jar:/home/runner/.m2/repository/org/apache/ratis/ratis-proto/3.1.2/ratis-proto-3.1.2.jar:/home/runner/.m2/repository/org/apache/ratis/ratis-server-api/3.1.2/ratis-server-api-3.1.2.jar:/home/runner/.m2/repository/org/apache/ratis/ratis-thirdparty-misc/1.0.6/ratis-thirdparty-misc-1.0.6.jar:/home/runner/.m2/repository/org/bouncycastle/bcpkix-jdk18on/1.80/bcpkix-jdk18on-1.80.jar:/home/runner/.m2/repository/org/bouncycastle/bcprov-jdk18on/1.80/bcprov-jdk18on-1.80.jar:/home/runner/.m2/repository/org/eclipse/jetty/jetty-webapp/9.4.57.v20241219/jetty-webapp-9.4.57.v20241219.jar:/home/runner/.m2/repository/org/eclipse/jetty/jetty-xml/9.4.57.v20241219/jetty-xml-9.4.57.v20241219.jar:/home/runner/.m2/repository/org/slf4j/slf4j-api/2.0.17/slf4j-api-2.0.17.jar:/home/runner/work/ozone/ozone/hadoop-hdds/tools/target/hdds-tools-2.1.0-SNAPSHOT.jar:/home/runner/.m2/repository/ch/qos/reload4j/reload4j/1.2.26/reload4j-1.2.26.jar:/home/runner/.m2/repository/com/fasterxml/jackson/datatype/jackson-datatype-jsr310/2.16.2/jackson-datatype-jsr310-2.16.2.jar:/home/runner/.m2/repository/commons-cli/commons-cli/1.8.0/commons-cli-1.8.0.jar:/home/runner/.m2/repository/org/apache/ratis/ratis-tools/3.1.2/ratis-tools-3.1.2.jar:/home/runner/.m2/repository/org/kohsuke/metainf-services/metainf-services/1.11/metainf-services-1.11.jar:/home/runner/.m2/repository/org/slf4j/slf4j-reload4j/2.0.17/slf4j-reload4j-2.0.17.jar:/home/runner/.m2/repository/org/xerial/sqlite-jdbc/3.49.1.0/sqlite-jdbc-3.49.1.0.jar:/home/runner/work/ozone/ozone/hadoop-ozone/cli-shell/target/ozone-cli-shell-2.1.0-SNAPSHOT.jar:/home/runner/.m2/repository/commons-codec/commons-codec/1.17.1/commons-codec-1.17.1.jar:/home/runner/.m2/repository/info/picocli/picocli-shell-jline3/4.7.5/picocli-shell-jline3-4.7.5.jar:/home/runner/.m2/repository/jakarta/xml/bind/jakarta.xml.bind-api/2.3.3/jakarta.xml.bind-api-2.3.3.jar:/home/runner/.m2/repository/org/apache/httpcomponents/httpclient/4.5.14/httpclient-4.5.14.jar:/home/runner/work/ozone/ozone/hadoop-ozone/ozonefs-common/target/ozone-filesystem-common-2.1.0-SNAPSHOT.jar:/home/runner/work/ozone/ozone/hadoop-ozone/interface-client/target/ozone-interface-client-2.1.0-SNAPSHOT.jar:/home/runner/.m2/repository/org/jline/jline/3.29.0/jline-3.29.0.jar:/home/runner/work/ozone/ozone/hadoop-ozone/client/target/ozone-client-2.1.0-SNAPSHOT.jar:/home/runner/.m2/repository/com/github/stephenc/jcip/jcip-annotations/1.0-1/jcip-annotations-1.0-1.jar:/home/runner/work/ozone/ozone/hadoop-hdds/erasurecode/target/hdds-erasurecode-2.1.0-SNAPSHOT.jar:/home/runner/work/ozone/ozone/hadoop-ozone/common/target/ozone-common-2.1.0-SNAPSHOT.jar:/home/runner/.m2/repository/io/grpc/grpc-api/1.58.0/grpc-api-1.58.0.jar:/home/runner/.m2/repository/io/grpc/grpc-netty/1.58.0/grpc-netty-1.58.0.jar:/home/runner/.m2/repository/io/grpc/grpc-core/1.58.0/grpc-core-1.58.0.jar:/home/runner/.m2/repository/com/google/android/annotations/4.1.1.4/annotations-4.1.1.4.jar:/home/runner/.m2/repository/org/codehaus/mojo/animal-sniffer-annotations/1.23/animal-sniffer-annotations-1.23.jar:/home/runner/.m2/repository/io/grpc/grpc-context/1.58.0/grpc-context-1.58.0.jar:/home/runner/.m2/repository/io/grpc/grpc-util/1.58.0/grpc-util-1.58.0.jar:/home/runner/.m2/repository/io/perfmark/perfmark-api/0.26.0/perfmark-api-0.26.0.jar:/home/runner/.m2/repository/io/grpc/grpc-stub/1.58.0/grpc-stub-1.58.0.jar:/home/runner/.m2/repository/io/netty/netty-codec-http2/4.1.109.Final/netty-codec-http2-4.1.109.Final.jar:/home/runner/.m2/repository/io/netty/netty-codec-http/4.1.109.Final/netty-codec-http-4.1.109.Final.jar:/home/runner/.m2/repository/io/netty/netty-common/4.1.109.Final/netty-common-4.1.109.Final.jar:/home/runner/.m2/repository/io/netty/netty-handler/4.1.109.Final/netty-handler-4.1.109.Final.jar:/home/runner/.m2/repository/io/netty/netty-resolver/4.1.109.Final/netty-resolver-4.1.109.Final.jar:/home/runner/.m2/repository/io/netty/netty-handler-proxy/4.1.109.Final/netty-handler-proxy-4.1.109.Final.jar:/home/runner/.m2/repository/io/netty/netty-codec-socks/4.1.109.Final/netty-codec-socks-4.1.109.Final.jar:/home/runner/.m2/repository/org/apache/httpcomponents/httpcore/4.4.16/httpcore-4.4.16.jar:/home/runner/.m2/repository/io/netty/netty-tcnative-boringssl-static/2.0.65.Final/netty-tcnative-boringssl-static-2.0.65.Final.jar:/home/runner/.m2/repository/io/netty/netty-tcnative-classes/2.0.65.Final/netty-tcnative-classes-2.0.65.Final.jar:/home/runner/.m2/repository/io/netty/netty-tcnative-boringssl-static/2.0.65.Final/netty-tcnative-boringssl-static-2.0.65.Final-linux-x86_64.jar:/home/runner/.m2/repository/io/netty/netty-tcnative-boringssl-static/2.0.65.Final/netty-tcnative-boringssl-static-2.0.65.Final-linux-aarch_64.jar:/home/runner/.m2/repository/io/netty/netty-tcnative-boringssl-static/2.0.65.Final/netty-tcnative-boringssl-static-2.0.65.Final-osx-x86_64.jar:/home/runner/.m2/repository/io/netty/netty-tcnative-boringssl-static/2.0.65.Final/netty-tcnative-boringssl-static-2.0.65.Final-osx-aarch_64.jar:/home/runner/.m2/repository/io/netty/netty-tcnative-boringssl-static/2.0.65.Final/netty-tcnative-boringssl-static-2.0.65.Final-windows-x86_64.jar:/home/runner/work/ozone/ozone/hadoop-ozone/csi/target/ozone-csi-2.1.0-SNAPSHOT.jar:/home/runner/.m2/repository/com/google/protobuf/protobuf-java-util/3.19.6/protobuf-java-util-3.19.6.jar:/home/runner/.m2/repository/io/grpc/grpc-protobuf/1.58.0/grpc-protobuf-1.58.0.jar:/home/runner/.m2/repository/com/google/api/grpc/proto-google-common-protos/2.22.0/proto-google-common-protos-2.22.0.jar:/home/runner/.m2/repository/io/grpc/grpc-protobuf-lite/1.58.0/grpc-protobuf-lite-1.58.0.jar:/home/runner/.m2/repository/io/netty/netty-transport/4.1.109.Final/netty-transport-4.1.109.Final.jar:/home/runner/.m2/repository/io/netty/netty-transport-classes-epoll/4.1.109.Final/netty-transport-classes-epoll-4.1.109.Final.jar:/home/runner/.m2/repository/io/netty/netty-transport-native-epoll/4.1.109.Final/netty-transport-native-epoll-4.1.109.Final-linux-x86_64.jar:/home/runner/.m2/repository/io/netty/netty-transport-native-unix-common/4.1.109.Final/netty-transport-native-unix-common-4.1.109.Final.jar:/home/runner/work/ozone/ozone/hadoop-ozone/ozonefs/target/ozone-filesystem-2.1.0-SNAPSHOT.jar:/home/runner/.m2/repository/io/opentracing/opentracing-api/0.33.0/opentracing-api-0.33.0.jar:/home/runner/.m2/repository/io/opentracing/opentracing-util/0.33.0/opentracing-util-0.33.0.jar:/home/runner/work/ozone/ozone/hadoop-ozone/ozone-manager/target/ozone-manager-2.1.0-SNAPSHOT.jar:/home/runner/.m2/repository/com/sun/jersey/jersey-client/1.19.4/jersey-client-1.19.4.jar:/home/runner/.m2/repository/org/apache/kerby/kerby-util/1.0.1/kerby-util-1.0.1.jar:/home/runner/.m2/repository/org/apache/logging/log4j/log4j-api/2.24.2/log4j-api-2.24.2.jar:/home/runner/work/ozone/ozone/hadoop-hdds/managed-rocksdb/target/hdds-managed-rocksdb-2.1.0-SNAPSHOT.jar:/home/runner/work/ozone/ozone/hadoop-hdds/rocks-native/target/hdds-rocks-native-2.1.0-SNAPSHOT.jar:/home/runner/.m2/repository/org/eclipse/jetty/jetty-io/9.4.57.v20241219/jetty-io-9.4.57.v20241219.jar:/home/runner/work/ozone/ozone/hadoop-ozone/interface-storage/target/ozone-interface-storage-2.1.0-SNAPSHOT.jar:/home/runner/work/ozone/ozone/hadoop-hdds/rocksdb-checkpoint-differ/target/rocksdb-checkpoint-differ-2.1.0-SNAPSHOT.jar:/home/runner/.m2/repository/com/github/vlsi/mxgraph/jgraphx/3.9.12/jgraphx-3.9.12.jar:/home/runner/.m2/repository/org/jgrapht/jgrapht-core/1.4.0/jgrapht-core-1.4.0.jar:/home/runner/.m2/repository/org/jheaps/jheaps/0.11/jheaps-0.11.jar:/home/runner/.m2/repository/org/jgrapht/jgrapht-ext/1.4.0/jgrapht-ext-1.4.0.jar:/home/runner/.m2/repository/org/apache/ranger/ranger-intg/2.3.0/ranger-intg-2.3.0.jar:/home/runner/.m2/repository/org/apache/ranger/ranger-plugins-common/2.3.0/ranger-plugins-common-2.3.0.jar:/home/runner/.m2/repository/commons-lang/commons-lang/2.6/commons-lang-2.6.jar:/home/runner/.m2/repository/org/apache/ranger/ranger-plugins-cred/2.3.0/ranger-plugins-cred-2.3.0.jar:/home/runner/.m2/repository/org/apache/ranger/ranger-plugins-audit/2.3.0/ranger-plugins-audit-2.3.0.jar:/home/runner/.m2/repository/org/eclipse/jetty/jetty-client/9.4.57.v20241219/jetty-client-9.4.57.v20241219.jar:/home/runner/.m2/repository/org/apache/httpcomponents/httpmime/4.5.6/httpmime-4.5.6.jar:/home/runner/.m2/repository/org/apache/httpcomponents/httpcore-nio/4.4.16/httpcore-nio-4.4.16.jar:/home/runner/.m2/repository/org/apache/httpcomponents/httpasyncclient/4.1.3/httpasyncclient-4.1.3.jar:/home/runner/.m2/repository/com/carrotsearch/hppc/0.8.0/hppc-0.8.0.jar:/home/runner/.m2/repository/org/apache/orc/orc-core/1.5.8/orc-core-1.5.8.jar:/home/runner/.m2/repository/net/java/dev/jna/jna/5.2.0/jna-5.2.0.jar:/home/runner/.m2/repository/net/java/dev/jna/jna-platform/5.2.0/jna-platform-5.2.0.jar:/home/runner/.m2/repository/com/kstruct/gethostname4j/0.0.2/gethostname4j-0.0.2.jar:/home/runner/.m2/repository/org/apache/ranger/ranger-plugin-classloader/2.3.0/ranger-plugin-classloader-2.3.0.jar:/home/runner/.m2/repository/org/aspectj/aspectjrt/1.9.7/aspectjrt-1.9.7.jar:/home/runner/.m2/repository/org/aspectj/aspectjweaver/1.9.7/aspectjweaver-1.9.7.jar:/home/runner/.m2/repository/org/codehaus/jackson/jackson-core-asl/1.9.13/jackson-core-asl-1.9.13.jar:/home/runner/.m2/repository/org/codehaus/jackson/jackson-jaxrs/1.9.13/jackson-jaxrs-1.9.13.jar:/home/runner/.m2/repository/org/codehaus/jackson/jackson-mapper-asl/1.9.13/jackson-mapper-asl-1.9.13.jar:/home/runner/.m2/repository/org/eclipse/jetty/jetty-util/9.4.57.v20241219/jetty-util-9.4.57.v20241219.jar:/home/runner/.m2/repository/org/reflections/reflections/0.10.2/reflections-0.10.2.jar:/home/runner/.m2/repository/org/rocksdb/rocksdbjni/7.7.3/rocksdbjni-7.7.3.jar:/home/runner/work/ozone/ozone/hadoop-ozone/recon/target/ozone-recon-2.1.0-SNAPSHOT.jar:/home/runner/.m2/repository/aopalliance/aopalliance/1.0/aopalliance-1.0.jar:/home/runner/.m2/repository/com/google/inject/guice/6.0.0/guice-6.0.0.jar:/home/runner/.m2/repository/jakarta/inject/jakarta.inject-api/2.0.1/jakarta.inject-api-2.0.1.jar:/home/runner/.m2/repository/com/google/inject/extensions/guice-assistedinject/6.0.0/guice-assistedinject-6.0.0.jar:/home/runner/.m2/repository/com/google/inject/extensions/guice-servlet/6.0.0/guice-servlet-6.0.0.jar:/home/runner/.m2/repository/com/jolbox/bonecp/0.8.0.RELEASE/bonecp-0.8.0.RELEASE.jar:/home/runner/.m2/repository/jakarta/activation/jakarta.activation-api/1.2.2/jakarta.activation-api-1.2.2.jar:/home/runner/.m2/repository/jakarta/validation/jakarta.validation-api/2.0.2/jakarta.validation-api-2.0.2.jar:/home/runner/.m2/repository/jakarta/ws/rs/jakarta.ws.rs-api/2.1.6/jakarta.ws.rs-api-2.1.6.jar:/home/runner/.m2/repository/javax/inject/javax.inject/1/javax.inject-1.jar:/home/runner/.m2/repository/org/apache/derby/derby/10.14.2.0/derby-10.14.2.0.jar:/home/runner/work/ozone/ozone/hadoop-ozone/recon-codegen/target/ozone-reconcodegen-2.1.0-SNAPSHOT.jar:/home/runner/.m2/repository/org/eclipse/jetty/jetty-servlet/9.4.57.v20241219/jetty-servlet-9.4.57.v20241219.jar:/home/runner/.m2/repository/org/eclipse/jetty/jetty-security/9.4.57.v20241219/jetty-security-9.4.57.v20241219.jar:/home/runner/.m2/repository/org/glassfish/hk2/guice-bridge/2.6.1/guice-bridge-2.6.1.jar:/home/runner/.m2/repository/org/glassfish/hk2/hk2-api/2.6.1/hk2-api-2.6.1.jar:/home/runner/.m2/repository/org/glassfish/hk2/hk2-utils/2.6.1/hk2-utils-2.6.1.jar:/home/runner/.m2/repository/org/glassfish/hk2/external/aopalliance-repackaged/2.6.1/aopalliance-repackaged-2.6.1.jar:/home/runner/.m2/repository/org/glassfish/hk2/external/jakarta.inject/2.6.1/jakarta.inject-2.6.1.jar:/home/runner/.m2/repository/org/glassfish/jersey/containers/jersey-container-servlet/2.46/jersey-container-servlet-2.46.jar:/home/runner/.m2/repository/org/glassfish/jersey/containers/jersey-container-servlet-core/2.46/jersey-container-servlet-core-2.46.jar:/home/runner/.m2/repository/org/glassfish/jersey/core/jersey-common/2.46/jersey-common-2.46.jar:/home/runner/.m2/repository/org/glassfish/hk2/osgi-resource-locator/1.0.3/osgi-resource-locator-1.0.3.jar:/home/runner/.m2/repository/org/glassfish/jersey/core/jersey-server/2.46/jersey-server-2.46.jar:/home/runner/.m2/repository/org/glassfish/jersey/core/jersey-client/2.46/jersey-client-2.46.jar:/home/runner/.m2/repository/org/glassfish/jersey/inject/jersey-hk2/2.46/jersey-hk2-2.46.jar:/home/runner/.m2/repository/org/glassfish/hk2/hk2-locator/2.6.1/hk2-locator-2.6.1.jar:/home/runner/.m2/repository/org/glassfish/jersey/media/jersey-media-jaxb/2.46/jersey-media-jaxb-2.46.jar:/home/runner/.m2/repository/org/glassfish/jersey/media/jersey-media-json-jackson/2.46/jersey-media-json-jackson-2.46.jar:/home/runner/.m2/repository/org/glassfish/jersey/ext/jersey-entity-filtering/2.46/jersey-entity-filtering-2.46.jar:/home/runner/.m2/repository/org/javassist/javassist/3.30.2-GA/javassist-3.30.2-GA.jar:/home/runner/.m2/repository/org/jooq/jooq/3.11.10/jooq-3.11.10.jar:/home/runner/.m2/repository/org/jooq/jooq-codegen/3.11.10/jooq-codegen-3.11.10.jar:/home/runner/.m2/repository/org/jooq/jooq-meta/3.11.10/jooq-meta-3.11.10.jar:/home/runner/.m2/repository/org/springframework/spring-core/5.3.39/spring-core-5.3.39.jar:/home/runner/.m2/repository/org/springframework/spring-jdbc/5.3.39/spring-jdbc-5.3.39.jar:/home/runner/.m2/repository/org/springframework/spring-beans/5.3.39/spring-beans-5.3.39.jar:/home/runner/.m2/repository/org/springframework/spring-tx/5.3.39/spring-tx-5.3.39.jar:/home/runner/work/ozone/ozone/hadoop-ozone/s3gateway/target/ozone-s3gateway-2.1.0-SNAPSHOT.jar:/home/runner/.m2/repository/com/fasterxml/jackson/dataformat/jackson-dataformat-xml/2.16.2/jackson-dataformat-xml-2.16.2.jar:/home/runner/.m2/repository/com/fasterxml/jackson/module/jackson-module-jaxb-annotations/2.16.2/jackson-module-jaxb-annotations-2.16.2.jar:/home/runner/.m2/repository/io/opentracing/opentracing-noop/0.33.0/opentracing-noop-0.33.0.jar:/home/runner/.m2/repository/javax/annotation/javax.annotation-api/1.3.2/javax.annotation-api-1.3.2.jar:/home/runner/.m2/repository/javax/enterprise/cdi-api/2.0/cdi-api-2.0.jar:/home/runner/.m2/repository/javax/el/javax.el-api/3.0.0/javax.el-api-3.0.0.jar:/home/runner/.m2/repository/javax/interceptor/javax.interceptor-api/1.2/javax.interceptor-api-1.2.jar:/home/runner/.m2/repository/org/glassfish/jaxb/jaxb-runtime/2.3.9/jaxb-runtime-2.3.9.jar:/home/runner/.m2/repository/org/glassfish/jaxb/txw2/2.3.9/txw2-2.3.9.jar:/home/runner/.m2/repository/com/sun/istack/istack-commons-runtime/3.0.12/istack-commons-runtime-3.0.12.jar:/home/runner/.m2/repository/com/sun/activation/jakarta.activation/1.2.2/jakarta.activation-1.2.2.jar:/home/runner/.m2/repository/org/glassfish/jersey/ext/cdi/jersey-cdi1x/2.46/jersey-cdi1x-2.46.jar:/home/runner/.m2/repository/org/jboss/weld/servlet/weld-servlet-shaded/3.1.9.Final/weld-servlet-shaded-3.1.9.Final.jar:/home/runner/work/ozone/ozone/hadoop-ozone/tools/target/ozone-tools-2.1.0-SNAPSHOT.jar:/home/runner/.m2/repository/com/amazonaws/aws-java-sdk-core/1.12.661/aws-java-sdk-core-1.12.661.jar:/home/runner/.m2/repository/com/fasterxml/jackson/dataformat/jackson-dataformat-cbor/2.16.2/jackson-dataformat-cbor-2.16.2.jar:/home/runner/.m2/repository/joda-time/joda-time/2.12.7/joda-time-2.12.7.jar:/home/runner/.m2/repository/com/amazonaws/aws-java-sdk-s3/1.12.661/aws-java-sdk-s3-1.12.661.jar:/home/runner/.m2/repository/com/amazonaws/aws-java-sdk-kms/1.12.661/aws-java-sdk-kms-1.12.661.jar:/home/runner/.m2/repository/com/amazonaws/jmespath-java/1.12.661/jmespath-java-1.12.661.jar:/home/runner/.m2/repository/org/apache/ratis/ratis-shell/3.1.2/ratis-shell-3.1.2.jar:/home/runner/.m2/repository/org/apache/ratis/ratis-server/3.1.2/ratis-server-3.1.2.jar:/home/runner/.m2/repository/org/apache/ratis/ratis-metrics-api/3.1.2/ratis-metrics-api-3.1.2.jar:/home/runner/.m2/repository/org/hamcrest/hamcrest/2.2/hamcrest-2.2.jar:/home/runner/.m2/repository/org/slf4j/jul-to-slf4j/2.0.17/jul-to-slf4j-2.0.17.jar:/home/runner/.m2/repository/org/apache/commons/commons-lang3/3.17.0/commons-lang3-3.17.0.jar:/home/runner/.m2/repository/org/apache/hadoop/hadoop-common/3.4.1/hadoop-common-3.4.1-tests.jar:/home/runner/.m2/repository/org/apache/hadoop/thirdparty/hadoop-shaded-protobuf_3_25/1.3.0/hadoop-shaded-protobuf_3_25-1.3.0.jar:/home/runner/.m2/repository/org/apache/hadoop/hadoop-annotations/3.4.1/hadoop-annotations-3.4.1.jar:/home/runner/.m2/repository/org/apache/hadoop/thirdparty/hadoop-shaded-guava/1.3.0/hadoop-shaded-guava-1.3.0.jar:/home/runner/.m2/repository/org/apache/commons/commons-math3/3.6.1/commons-math3-3.6.1.jar:/home/runner/.m2/repository/commons-net/commons-net/3.11.1/commons-net-3.11.1.jar:/home/runner/.m2/repository/org/eclipse/jetty/jetty-server/9.4.57.v20241219/jetty-server-9.4.57.v20241219.jar:/home/runner/.m2/repository/javax/servlet/jsp/jsp-api/2.1/jsp-api-2.1.jar:/home/runner/.m2/repository/com/sun/jersey/jersey-core/1.19.4/jersey-core-1.19.4.jar:/home/runner/.m2/repository/javax/ws/rs/jsr311-api/1.1.1/jsr311-api-1.1.1.jar:/home/runner/.m2/repository/com/github/pjfanning/jersey-json/1.22.0/jersey-json-1.22.0.jar:/home/runner/.m2/repository/com/sun/xml/bind/jaxb-impl/2.2.3-1/jaxb-impl-2.2.3-1.jar:/home/runner/.m2/repository/org/codehaus/jettison/jettison/1.5.4/jettison-1.5.4.jar:/home/runner/.m2/repository/com/sun/jersey/jersey-server/1.19.4/jersey-server-1.19.4.jar:/home/runner/.m2/repository/commons-beanutils/commons-beanutils/1.9.4/commons-beanutils-1.9.4.jar:/home/runner/.m2/repository/org/apache/commons/commons-configuration2/2.11.0/commons-configuration2-2.11.0.jar:/home/runner/.m2/repository/org/apache/avro/avro/1.9.2/avro-1.9.2.jar:/home/runner/.m2/repository/com/google/re2j/re2j/1.7/re2j-1.7.jar:/home/runner/.m2/repository/com/google/code/gson/gson/2.10.1/gson-2.10.1.jar:/home/runner/.m2/repository/org/apache/hadoop/hadoop-auth/3.4.1/hadoop-auth-3.4.1.jar:/home/runner/.m2/repository/org/apache/curator/curator-framework/4.2.0/curator-framework-4.2.0.jar:/home/runner/.m2/repository/com/jcraft/jsch/0.1.55/jsch-0.1.55.jar:/home/runner/.m2/repository/org/apache/curator/curator-client/4.2.0/curator-client-4.2.0.jar:/home/runner/.m2/repository/org/apache/curator/curator-recipes/5.2.0/curator-recipes-5.2.0.jar:/home/runner/.m2/repository/com/google/code/findbugs/jsr305/3.0.2/jsr305-3.0.2.jar:/home/runner/.m2/repository/org/apache/zookeeper/zookeeper/3.8.4/zookeeper-3.8.4.jar:/home/runner/.m2/repository/org/apache/zookeeper/zookeeper-jute/3.8.4/zookeeper-jute-3.8.4.jar:/home/runner/.m2/repository/org/apache/yetus/audience-annotations/0.12.0/audience-annotations-0.12.0.jar:/home/runner/.m2/repository/io/netty/netty-transport-native-epoll/4.1.109.Final/netty-transport-native-epoll-4.1.109.Final.jar:/home/runner/.m2/repository/org/apache/kerby/kerb-core/1.0.1/kerb-core-1.0.1.jar:/home/runner/.m2/repository/org/apache/kerby/kerby-pkix/1.0.1/kerby-pkix-1.0.1.jar:/home/runner/.m2/repository/org/apache/kerby/kerby-asn1/1.0.1/kerby-asn1-1.0.1.jar:/home/runner/.m2/repository/org/codehaus/woodstox/stax2-api/4.2.2/stax2-api-4.2.2.jar:/home/runner/.m2/repository/com/fasterxml/woodstox/woodstox-core/5.4.0/woodstox-core-5.4.0.jar:/home/runner/.m2/repository/dnsjava/dnsjava/3.6.1/dnsjava-3.6.1.jar:/home/runner/.m2/repository/org/xerial/snappy/snappy-java/1.1.10.7/snappy-java-1.1.10.7.jar:/home/runner/.m2/repository/org/apache/hadoop/hadoop-distcp/3.4.1/hadoop-distcp-3.4.1.jar:/home/runner/.m2/repository/org/apache/hadoop/hadoop-distcp/3.4.1/hadoop-distcp-3.4.1-tests.jar:/home/runner/.m2/repository/org/apache/hadoop/hadoop-hdfs/3.4.1/hadoop-hdfs-3.4.1-tests.jar:/home/runner/.m2/repository/org/eclipse/jetty/jetty-util-ajax/9.4.57.v20241219/jetty-util-ajax-9.4.57.v20241219.jar:/home/runner/.m2/repository/commons-daemon/commons-daemon/1.4.0/commons-daemon-1.4.0.jar:/home/runner/.m2/repository/io/netty/netty-all/4.1.109.Final/netty-all-4.1.109.Final.jar:/home/runner/.m2/repository/io/netty/netty-codec-dns/4.1.109.Final/netty-codec-dns-4.1.109.Final.jar:/home/runner/.m2/repository/io/netty/netty-codec-haproxy/4.1.109.Final/netty-codec-haproxy-4.1.109.Final.jar:/home/runner/.m2/repository/io/netty/netty-codec-memcache/4.1.109.Final/netty-codec-memcache-4.1.109.Final.jar:/home/runner/.m2/repository/io/netty/netty-codec-mqtt/4.1.109.Final/netty-codec-mqtt-4.1.109.Final.jar:/home/runner/.m2/repository/io/netty/netty-codec-redis/4.1.109.Final/netty-codec-redis-4.1.109.Final.jar:/home/runner/.m2/repository/io/netty/netty-codec-smtp/4.1.109.Final/netty-codec-smtp-4.1.109.Final.jar:/home/runner/.m2/repository/io/netty/netty-codec-stomp/4.1.109.Final/netty-codec-stomp-4.1.109.Final.jar:/home/runner/.m2/repository/io/netty/netty-codec-xml/4.1.109.Final/netty-codec-xml-4.1.109.Final.jar:/home/runner/.m2/repository/io/netty/netty-handler-ssl-ocsp/4.1.109.Final/netty-handler-ssl-ocsp-4.1.109.Final.jar:/home/runner/.m2/repository/io/netty/netty-resolver-dns/4.1.109.Final/netty-resolver-dns-4.1.109.Final.jar:/home/runner/.m2/repository/io/netty/netty-transport-rxtx/4.1.109.Final/netty-transport-rxtx-4.1.109.Final.jar:/home/runner/.m2/repository/io/netty/netty-transport-sctp/4.1.109.Final/netty-transport-sctp-4.1.109.Final.jar:/home/runner/.m2/repository/io/netty/netty-transport-udt/4.1.109.Final/netty-transport-udt-4.1.109.Final.jar:/home/runner/.m2/repository/io/netty/netty-transport-classes-kqueue/4.1.109.Final/netty-transport-classes-kqueue-4.1.109.Final.jar:/home/runner/.m2/repository/io/netty/netty-resolver-dns-classes-macos/4.1.109.Final/netty-resolver-dns-classes-macos-4.1.109.Final.jar:/home/runner/.m2/repository/io/netty/netty-transport-native-epoll/4.1.109.Final/netty-transport-native-epoll-4.1.109.Final-linux-aarch_64.jar:/home/runner/.m2/repository/io/netty/netty-transport-native-epoll/4.1.109.Final/netty-transport-native-epoll-4.1.109.Final-linux-riscv64.jar:/home/runner/.m2/repository/io/netty/netty-transport-native-kqueue/4.1.109.Final/netty-transport-native-kqueue-4.1.109.Final-osx-x86_64.jar:/home/runner/.m2/repository/io/netty/netty-transport-native-kqueue/4.1.109.Final/netty-transport-native-kqueue-4.1.109.Final-osx-aarch_64.jar:/home/runner/.m2/repository/io/netty/netty-resolver-dns-native-macos/4.1.109.Final/netty-resolver-dns-native-macos-4.1.109.Final-osx-x86_64.jar:/home/runner/.m2/repository/io/netty/netty-resolver-dns-native-macos/4.1.109.Final/netty-resolver-dns-native-macos-4.1.109.Final-osx-aarch_64.jar:/home/runner/.m2/repository/org/fusesource/leveldbjni/leveldbjni-all/1.8/leveldbjni-all-1.8.jar:/home/runner/.m2/repository/org/apache/hadoop/hadoop-kms/3.4.1/hadoop-kms-3.4.1.jar:/home/runner/.m2/repository/org/apache/hadoop/hadoop-common/3.4.1/hadoop-common-3.4.1.jar:/home/runner/.m2/repository/org/apache/hadoop/hadoop-kms/3.4.1/hadoop-kms-3.4.1-tests.jar:/home/runner/.m2/repository/org/apache/hadoop/hadoop-mapreduce-client-core/3.4.1/hadoop-mapreduce-client-core-3.4.1.jar:/home/runner/.m2/repository/org/apache/hadoop/hadoop-yarn-client/3.4.1/hadoop-yarn-client-3.4.1.jar:/home/runner/.m2/repository/org/eclipse/jetty/websocket/websocket-client/9.4.53.v20231009/websocket-client-9.4.53.v20231009.jar:/home/runner/.m2/repository/org/eclipse/jetty/websocket/websocket-common/9.4.53.v20231009/websocket-common-9.4.53.v20231009.jar:/home/runner/.m2/repository/org/eclipse/jetty/websocket/websocket-api/9.4.53.v20231009/websocket-api-9.4.53.v20231009.jar:/home/runner/.m2/repository/org/apache/hadoop/hadoop-yarn-api/3.4.1/hadoop-yarn-api-3.4.1.jar:/home/runner/.m2/repository/org/apache/hadoop/hadoop-yarn-common/3.4.1/hadoop-yarn-common-3.4.1.jar:/home/runner/.m2/repository/javax/xml/bind/jaxb-api/2.2.11/jaxb-api-2.2.11.jar:/home/runner/.m2/repository/com/sun/jersey/contribs/jersey-guice/1.19.4/jersey-guice-1.19.4.jar:/home/runner/.m2/repository/com/fasterxml/jackson/jaxrs/jackson-jaxrs-json-provider/2.16.2/jackson-jaxrs-json-provider-2.16.2.jar:/home/runner/.m2/repository/com/fasterxml/jackson/jaxrs/jackson-jaxrs-base/2.16.2/jackson-jaxrs-base-2.16.2.jar:/home/runner/.m2/repository/org/apache/hadoop/hadoop-hdfs-client/3.4.1/hadoop-hdfs-client-3.4.1.jar:/home/runner/.m2/repository/org/apache/hadoop/hadoop-mapreduce-client-jobclient/3.4.1/hadoop-mapreduce-client-jobclient-3.4.1.jar:/home/runner/.m2/repository/org/apache/hadoop/hadoop-mapreduce-client-common/3.4.1/hadoop-mapreduce-client-common-3.4.1.jar:/home/runner/.m2/repository/org/apache/hadoop/hadoop-minikdc/3.4.1/hadoop-minikdc-3.4.1.jar:/home/runner/.m2/repository/org/apache/kerby/kerb-simplekdc/2.0.3/kerb-simplekdc-2.0.3.jar:/home/runner/.m2/repository/org/apache/kerby/kerb-client/2.0.3/kerb-client-2.0.3.jar:/home/runner/.m2/repository/org/apache/kerby/kerb-common/2.0.3/kerb-common-2.0.3.jar:/home/runner/.m2/repository/org/apache/kerby/token-provider/2.0.3/token-provider-2.0.3.jar:/home/runner/.m2/repository/org/apache/kerby/kerb-admin/2.0.3/kerb-admin-2.0.3.jar:/home/runner/.m2/repository/org/apache/kerby/kerb-server/2.0.3/kerb-server-2.0.3.jar:/home/runner/.m2/repository/org/apache/kerby/kerb-identity/2.0.3/kerb-identity-2.0.3.jar:/home/runner/.m2/repository/org/apache/kerby/kerby-xdr/2.0.3/kerby-xdr-2.0.3.jar:/home/runner/.m2/repository/junit/junit/4.13.2/junit-4.13.2.jar:/home/runner/.m2/repository/org/hamcrest/hamcrest-core/1.3/hamcrest-core-1.3.jar:/home/runner/work/ozone/ozone/hadoop-hdds/common/target/hdds-common-2.1.0-SNAPSHOT-tests.jar:/home/runner/.m2/repository/commons-validator/commons-validator/1.6/commons-validator-1.6.jar:/home/runner/.m2/repository/commons-digester/commons-digester/1.8.1/commons-digester-1.8.1.jar:/home/runner/.m2/repository/io/jaegertracing/jaeger-client/1.8.1/jaeger-client-1.8.1.jar:/home/runner/.m2/repository/io/jaegertracing/jaeger-thrift/1.8.1/jaeger-thrift-1.8.1.jar:/home/runner/.m2/repository/org/apache/thrift/libthrift/0.15.0/libthrift-0.15.0.jar:/home/runner/.m2/repository/com/squareup/okhttp3/okhttp/4.12.0/okhttp-4.12.0.jar:/home/runner/.m2/repository/com/squareup/okio/okio/3.6.0/okio-3.6.0.jar:/home/runner/.m2/repository/com/squareup/okio/okio-jvm/3.6.0/okio-jvm-3.6.0.jar:/home/runner/.m2/repository/org/jetbrains/kotlin/kotlin-stdlib-common/1.9.25/kotlin-stdlib-common-1.9.25.jar:/home/runner/.m2/repository/org/jetbrains/kotlin/kotlin-stdlib-jdk8/1.9.25/kotlin-stdlib-jdk8-1.9.25.jar:/home/runner/.m2/repository/org/jetbrains/kotlin/kotlin-stdlib-jdk7/1.9.25/kotlin-stdlib-jdk7-1.9.25.jar:/home/runner/.m2/repository/io/jaegertracing/jaeger-tracerresolver/1.8.1/jaeger-tracerresolver-1.8.1.jar:/home/runner/.m2/repository/io/opentracing/contrib/opentracing-tracerresolver/0.1.8/opentracing-tracerresolver-0.1.8.jar:/home/runner/.m2/repository/io/jaegertracing/jaeger-core/1.8.1/jaeger-core-1.8.1.jar:/home/runner/work/ozone/ozone/hadoop-hdds/annotations/target/hdds-annotation-processing-2.1.0-SNAPSHOT.jar:/home/runner/.m2/repository/org/apache/ratis/ratis-metrics-dropwizard3/3.1.2/ratis-metrics-dropwizard3-3.1.2.jar:/home/runner/.m2/repository/org/bouncycastle/bcutil-jdk18on/1.80/bcutil-jdk18on-1.80.jar:/home/runner/.m2/repository/org/jetbrains/kotlin/kotlin-stdlib/1.9.25/kotlin-stdlib-1.9.25.jar:/home/runner/.m2/repository/org/jetbrains/annotations/13.0/annotations-13.0.jar:/home/runner/.m2/repository/org/yaml/snakeyaml/2.0/snakeyaml-2.0.jar:/home/runner/work/ozone/ozone/hadoop-hdds/container-service/target/hdds-container-service-2.1.0-SNAPSHOT-tests.jar:/home/runner/.m2/repository/com/github/luben/zstd-jni/1.5.7-1/zstd-jni-1.5.7-1.jar:/home/runner/.m2/repository/io/netty/netty-buffer/4.1.109.Final/netty-buffer-4.1.109.Final.jar:/home/runner/.m2/repository/io/netty/netty-codec/4.1.109.Final/netty-codec-4.1.109.Final.jar:/home/runner/work/ozone/ozone/hadoop-hdds/framework/target/hdds-server-framework-2.1.0-SNAPSHOT-tests.jar:/home/runner/.m2/repository/com/github/jnr/jnr-constants/0.10.4/jnr-constants-0.10.4.jar:/home/runner/.m2/repository/com/github/jnr/jnr-posix/3.1.20/jnr-posix-3.1.20.jar:/home/runner/.m2/repository/com/github/jnr/jnr-ffi/2.2.17/jnr-ffi-2.2.17.jar:/home/runner/.m2/repository/com/github/jnr/jffi/1.3.13/jffi-1.3.13.jar:/home/runner/.m2/repository/com/github/jnr/jffi/1.3.13/jffi-1.3.13-native.jar:/home/runner/.m2/repository/org/ow2/asm/asm/9.7.1/asm-9.7.1.jar:/home/runner/.m2/repository/org/ow2/asm/asm-commons/9.7.1/asm-commons-9.7.1.jar:/home/runner/.m2/repository/org/ow2/asm/asm-analysis/9.7.1/asm-analysis-9.7.1.jar:/home/runner/.m2/repository/org/ow2/asm/asm-tree/9.7.1/asm-tree-9.7.1.jar:/home/runner/.m2/repository/org/ow2/asm/asm-util/9.7.1/asm-util-9.7.1.jar:/home/runner/.m2/repository/com/github/jnr/jnr-a64asm/1.0.0/jnr-a64asm-1.0.0.jar:/home/runner/.m2/repository/com/github/jnr/jnr-x86asm/1.0.2/jnr-x86asm-1.0.2.jar:/home/runner/.m2/repository/commons-fileupload/commons-fileupload/1.5/commons-fileupload-1.5.jar:/home/runner/.m2/repository/commons-logging/commons-logging/1.2/commons-logging-1.2.jar:/home/runner/.m2/repository/io/prometheus/simpleclient/0.16.0/simpleclient-0.16.0.jar:/home/runner/.m2/repository/io/prometheus/simpleclient_common/0.16.0/simpleclient_common-0.16.0.jar:/home/runner/.m2/repository/io/prometheus/simpleclient_dropwizard/0.16.0/simpleclient_dropwizard-0.16.0.jar:/home/runner/.m2/repository/org/apache/logging/log4j/log4j-core/2.24.2/log4j-core-2.24.2.jar:/home/runner/.m2/repository/org/eclipse/jetty/jetty-http/9.4.57.v20241219/jetty-http-9.4.57.v20241219.jar:/home/runner/.m2/repository/com/lmax/disruptor/3.4.4/disruptor-3.4.4.jar:/home/runner/work/ozone/ozone/hadoop-hdds/server-scm/target/hdds-server-scm-2.1.0-SNAPSHOT-tests.jar:/home/runner/work/ozone/ozone/hadoop-hdds/test-utils/target/hdds-test-utils-2.1.0-SNAPSHOT-tests.jar:/home/runner/work/ozone/ozone/hadoop-ozone/ozone-manager/target/ozone-manager-2.1.0-SNAPSHOT-tests.jar:/home/runner/.m2/repository/software/amazon/awssdk/s3/2.31.1/s3-2.31.1.jar:/home/runner/.m2/repository/software/amazon/awssdk/aws-xml-protocol/2.31.1/aws-xml-protocol-2.31.1.jar:/home/runner/.m2/repository/software/amazon/awssdk/aws-query-protocol/2.31.1/aws-query-protocol-2.31.1.jar:/home/runner/.m2/repository/software/amazon/awssdk/protocol-core/2.31.1/protocol-core-2.31.1.jar:/home/runner/.m2/repository/software/amazon/awssdk/arns/2.31.1/arns-2.31.1.jar:/home/runner/.m2/repository/software/amazon/awssdk/profiles/2.31.1/profiles-2.31.1.jar:/home/runner/.m2/repository/software/amazon/awssdk/crt-core/2.31.1/crt-core-2.31.1.jar:/home/runner/.m2/repository/software/amazon/awssdk/http-auth/2.31.1/http-auth-2.31.1.jar:/home/runner/.m2/repository/software/amazon/awssdk/identity-spi/2.31.1/identity-spi-2.31.1.jar:/home/runner/.m2/repository/software/amazon/awssdk/http-auth-spi/2.31.1/http-auth-spi-2.31.1.jar:/home/runner/.m2/repository/org/reactivestreams/reactive-streams/1.0.4/reactive-streams-1.0.4.jar:/home/runner/.m2/repository/software/amazon/awssdk/http-auth-aws/2.31.1/http-auth-aws-2.31.1.jar:/home/runner/.m2/repository/software/amazon/awssdk/checksums/2.31.1/checksums-2.31.1.jar:/home/runner/.m2/repository/software/amazon/awssdk/checksums-spi/2.31.1/checksums-spi-2.31.1.jar:/home/runner/.m2/repository/software/amazon/awssdk/retries-spi/2.31.1/retries-spi-2.31.1.jar:/home/runner/.m2/repository/software/amazon/awssdk/sdk-core/2.31.1/sdk-core-2.31.1.jar:/home/runner/.m2/repository/software/amazon/awssdk/retries/2.31.1/retries-2.31.1.jar:/home/runner/.m2/repository/software/amazon/awssdk/auth/2.31.1/auth-2.31.1.jar:/home/runner/.m2/repository/software/amazon/awssdk/http-auth-aws-eventstream/2.31.1/http-auth-aws-eventstream-2.31.1.jar:/home/runner/.m2/repository/software/amazon/eventstream/eventstream/1.0.1/eventstream-1.0.1.jar:/home/runner/.m2/repository/software/amazon/awssdk/http-client-spi/2.31.1/http-client-spi-2.31.1.jar:/home/runner/.m2/repository/software/amazon/awssdk/regions/2.31.1/regions-2.31.1.jar:/home/runner/.m2/repository/software/amazon/awssdk/annotations/2.31.1/annotations-2.31.1.jar:/home/runner/.m2/repository/software/amazon/awssdk/utils/2.31.1/utils-2.31.1.jar:/home/runner/.m2/repository/software/amazon/awssdk/aws-core/2.31.1/aws-core-2.31.1.jar:/home/runner/.m2/repository/software/amazon/awssdk/metrics-spi/2.31.1/metrics-spi-2.31.1.jar:/home/runner/.m2/repository/software/amazon/awssdk/json-utils/2.31.1/json-utils-2.31.1.jar:/home/runner/.m2/repository/software/amazon/awssdk/third-party-jackson-core/2.31.1/third-party-jackson-core-2.31.1.jar:/home/runner/.m2/repository/software/amazon/awssdk/endpoints-spi/2.31.1/endpoints-spi-2.31.1.jar:/home/runner/.m2/repository/software/amazon/awssdk/apache-client/2.31.1/apache-client-2.31.1.jar:/home/runner/.m2/repository/software/amazon/awssdk/netty-nio-client/2.31.1/netty-nio-client-2.31.1.jar:/home/runner/.m2/repository/org/assertj/assertj-core/3.27.3/assertj-core-3.27.3.jar:/home/runner/.m2/repository/net/bytebuddy/byte-buddy/1.15.11/byte-buddy-1.15.11.jar:/home/runner/.m2/repository/org/junit/jupiter/junit-jupiter-api/5.12.1/junit-jupiter-api-5.12.1.jar:/home/runner/.m2/repository/org/opentest4j/opentest4j/1.3.0/opentest4j-1.3.0.jar:/home/runner/.m2/repository/org/junit/platform/junit-platform-commons/1.12.1/junit-platform-commons-1.12.1.jar:/home/runner/.m2/repository/org/apiguardian/apiguardian-api/1.1.2/apiguardian-api-1.1.2.jar:/home/runner/.m2/repository/org/junit/jupiter/junit-jupiter-params/5.12.1/junit-jupiter-params-5.12.1.jar:/home/runner/.m2/repository/org/mockito/mockito-core/4.11.0/mockito-core-4.11.0.jar:/home/runner/.m2/repository/net/bytebuddy/byte-buddy-agent/1.12.19/byte-buddy-agent-1.12.19.jar:/home/runner/.m2/repository/org/objenesis/objenesis/3.3/objenesis-3.3.jar:/home/runner/.m2/repository/org/mockito/mockito-inline/4.11.0/mockito-inline-4.11.0.jar:/home/runner/.m2/repository/org/mockito/mockito-junit-jupiter/4.11.0/mockito-junit-jupiter-4.11.0.jar:/home/runner/work/ozone/ozone/hadoop-ozone/integration-test/target/gradle-enterprise/test-listeners.jar:"/>
    <property name="sun.cpu.endian" value="little"/>
    <property name="user.home" value="/home/runner"/>
    <property name="user.language" value="en"/>
    <property name="java.specification.vendor" value="Oracle Corporation"/>
    <property name="skipRecon" value="true"/>
    <property name="java.version.date" value="2025-01-21"/>
    <property name="java.home" value="/usr/lib/jvm/temurin-21-jdk-amd64"/>
    <property name="java.security.krb5.conf" value="/home/runner/work/ozone/ozone/hadoop-ozone/integration-test/target/test-classes/krb5.conf"/>
    <property name="file.separator" value="/"/>
    <property name="basedir" value="/home/runner/work/ozone/ozone/hadoop-ozone/integration-test"/>
    <property name="java.vm.compressedOopsMode" value="Zero based"/>
    <property name="line.separator" value="&#10;"/>
    <property name="java.vm.specification.vendor" value="Oracle Corporation"/>
    <property name="java.specification.name" value="Java Platform API Specification"/>
    <property name="surefire.real.class.path" value="/home/runner/work/ozone/ozone/hadoop-ozone/integration-test/target/surefire/surefirebooter-20250320020748594_202.jar"/>
    <property name="hadoop.log.dir" value="/home/runner/work/ozone/ozone/hadoop-ozone/integration-test/target/log"/>
    <property name="sun.management.compiler" value="HotSpot 64-Bit Tiered Compilers"/>
    <property name="skipShade" value="true"/>
    <property name="java.runtime.version" value="21.0.6+7-LTS"/>
    <property name="user.name" value="runner"/>
    <property name="java.net.preferIPv4Stack" value="true"/>
    <property name="stdout.encoding" value="UTF-8"/>
    <property name="path.separator" value=":"/>
    <property name="java.security.egd" value="file:///dev/urandom"/>
    <property name="os.version" value="6.8.0-1021-azure"/>
    <property name="java.runtime.name" value="OpenJDK Runtime Environment"/>
    <property name="com.gradle.maven.scan.extension.test.listener.junitplatform.NestedExecutionSafeDelegatingTestExecutionListener" value="7d9e8ef7"/>
    <property name="file.encoding" value="UTF-8"/>
    <property name="java.vm.name" value="OpenJDK 64-Bit Server VM"/>
    <property name="java.vendor.version" value="Temurin-21.0.6+7"/>
    <property name="test.build.webapps" value=""/>
    <property name="develocity.listener.surefire.forkId" value="1"/>
    <property name="localRepository" value="/home/runner/.m2/repository"/>
    <property name="java.vendor.url.bug" value="https://github.com/adoptium/adoptium-support/issues"/>
    <property name="jetty.git.hash" value="df524e6b29271c2e09ba9aea83c18dc9db464a31"/>
    <property name="java.io.tmpdir" value="/tmp"/>
    <property name="require.test.libhadoop" value=""/>
    <property name="java.version" value="21.0.6"/>
    <property name="user.dir" value="/home/runner/work/ozone/ozone/hadoop-ozone/integration-test"/>
    <property name="os.arch" value="amd64"/>
    <property name="java.vm.specification.name" value="Java Virtual Machine Specification"/>
    <property name="test.build.classes" value="/home/runner/work/ozone/ozone/hadoop-ozone/integration-test/target/test-classes"/>
    <property name="org.apache.ratis.thirdparty.io.netty.allocator.useCacheForAllThreads" value="false"/>
    <property name="native.encoding" value="UTF-8"/>
    <property name="hadoop.tmp.dir" value="/home/runner/work/ozone/ozone/hadoop-ozone/integration-test/target/tmp"/>
    <property name="java.library.path" value="/usr/java/packages/lib:/usr/lib64:/lib64:/lib:/usr/lib"/>
    <property name="java.vm.info" value="mixed mode, sharing"/>
    <property name="stderr.encoding" value="UTF-8"/>
    <property name="java.vendor" value="Eclipse Adoptium"/>
    <property name="java.vm.version" value="21.0.6+7-LTS"/>
    <property name="sun.io.unicode.encoding" value="UnicodeLittle"/>
    <property name="develocity.listener.port" value="35845"/>
    <property name="java.class.version" value="65.0"/>
  </properties>
  <testcase name="testCreateSnapshotMissingMandatoryParams" classname="org.apache.hadoop.ozone.om.snapshot.TestOmSnapshotObjectStore" time="1.571">
    <system-out><![CDATA[2025-03-20 02:09:40,485 [main] WARN  server.ServerUtils (ServerUtils.java:getScmDbDir(141)) - ozone.scm.db.dirs is not configured. We recommend adding this setting. Falling back to ozone.metadata.dirs instead.
2025-03-20 02:09:40,687 [main] INFO  reflections.Reflections (Reflections.java:scan(219)) - Reflections took 171 ms to scan 7 urls, producing 166 keys and 389 values
2025-03-20 02:09:40,819 [main] INFO  ha.SCMHANodeDetails (SCMHANodeDetails.java:loadSCMHAConfig(162)) - ServiceID for StorageContainerManager is null
2025-03-20 02:09:40,819 [main] INFO  ha.SCMHANodeDetails (SCMHANodeDetails.java:loadSCMHAConfig(166)) - ozone.scm.default.service.id is not defined, falling back to ozone.scm.service.ids to find serviceID for StorageContainerManager if it is HA enabled cluster
2025-03-20 02:09:41,012 [main] INFO  server.RaftServerConfigKeys (ConfUtils.java:logGet(46)) - raft.server.log.appender.buffer.byte-limit = 4194304 (custom)
2025-03-20 02:09:41,036 [main] INFO  server.RaftServer (ConfUtils.java:logGet(46)) - raft.rpc.type = GRPC (default)
2025-03-20 02:09:41,085 [main] INFO  grpc.GrpcConfigKeys (ConfUtils.java:logFallback(53)) - raft.grpc.admin.host = null (fallback to raft.grpc.server.host)
2025-03-20 02:09:41,086 [main] INFO  grpc.GrpcConfigKeys (ConfUtils.java:logFallback(53)) - raft.grpc.admin.port = 15004 (fallback to raft.grpc.server.port)
2025-03-20 02:09:41,086 [main] INFO  grpc.GrpcConfigKeys (ConfUtils.java:logFallback(53)) - raft.grpc.client.host = null (fallback to raft.grpc.server.host)
2025-03-20 02:09:41,087 [main] INFO  grpc.GrpcConfigKeys (ConfUtils.java:logFallback(53)) - raft.grpc.client.port = 15004 (fallback to raft.grpc.server.port)
2025-03-20 02:09:41,087 [main] INFO  grpc.GrpcConfigKeys (ConfUtils.java:logGet(46)) - raft.grpc.server.host = null (default)
2025-03-20 02:09:41,087 [main] INFO  grpc.GrpcConfigKeys (ConfUtils.java:logGet(46)) - raft.grpc.server.port = 15004 (custom)
2025-03-20 02:09:41,088 [main] INFO  server.GrpcService (ConfUtils.java:logGet(46)) - raft.grpc.message.size.max = 5242880 (custom)
2025-03-20 02:09:41,088 [main] INFO  server.GrpcService (ConfUtils.java:logGet(46)) - raft.grpc.flow.control.window = 1MB (=1048576) (default)
2025-03-20 02:09:41,089 [main] INFO  server.RaftServerConfigKeys (ConfUtils.java:logGet(46)) - raft.server.rpc.request.timeout = 30000ms (custom)
2025-03-20 02:09:41,095 [main] INFO  grpc.GrpcConfigKeys (ConfUtils.java:logGet(46)) - raft.grpc.server.heartbeat.channel = true (default)
2025-03-20 02:09:41,096 [main] INFO  server.RaftServerConfigKeys (ConfUtils.java:logGet(46)) - raft.server.log.appender.buffer.byte-limit = 4194304 (custom)
2025-03-20 02:09:41,098 [main] INFO  grpc.GrpcConfigKeys (ConfUtils.java:logGet(46)) - raft.grpc.server.async.request.thread.pool.cached = true (default)
2025-03-20 02:09:41,098 [main] INFO  grpc.GrpcConfigKeys (ConfUtils.java:logGet(46)) - raft.grpc.server.async.request.thread.pool.size = 32 (default)
2025-03-20 02:09:41,262 [main] INFO  impl.DataStreamServerImpl (ConfUtils.java:logGet(46)) - raft.datastream.type = DISABLED (default)
2025-03-20 02:09:41,264 [main] INFO  server.RaftServerConfigKeys (ConfUtils.java:logGet(46)) - raft.server.sleep.deviation.threshold = 300ms (default)
2025-03-20 02:09:41,264 [main] INFO  server.RaftServerConfigKeys (ConfUtils.java:logGet(46)) - raft.server.close.threshold = 60s (default)
2025-03-20 02:09:41,265 [main] INFO  server.RaftServerConfigKeys (ConfUtils.java:logGet(46)) - raft.server.leaderelection.leader.step-down.wait-time = 10s (default)
2025-03-20 02:09:41,269 [main] INFO  server.RaftServerConfigKeys (ConfUtils.java:logGet(46)) - raft.server.storage.dir = [/home/runner/work/ozone/ozone/hadoop-ozone/integration-test/target/test-dir/MiniOzoneClusterImpl-897eaf7f-b25b-4380-b284-a53405b32f13/ozone-meta/scm-ha] (custom)
2025-03-20 02:09:41,270 [main] INFO  server.RaftServerConfigKeys (ConfUtils.java:logGet(46)) - raft.server.threadpool.proxy.cached = true (default)
2025-03-20 02:09:41,270 [main] INFO  server.RaftServerConfigKeys (ConfUtils.java:logGet(46)) - raft.server.threadpool.proxy.size = 0 (default)
2025-03-20 02:09:41,276 [main] INFO  server.RaftServer (RaftServerProxy.java:addNew(100)) - 54dc63b2-7f1a-4ab5-a931-3f057955b2af: addNew group-A53405B32F13:[54dc63b2-7f1a-4ab5-a931-3f057955b2af|fv-az789-190:15004] returns group-A53405B32F13:java.util.concurrent.CompletableFuture@6d229b1c[Not completed]
2025-03-20 02:09:41,288 [54dc63b2-7f1a-4ab5-a931-3f057955b2af-groupManagement] INFO  server.RaftServer$Division (RaftServerImpl.java:<init>(255)) - 54dc63b2-7f1a-4ab5-a931-3f057955b2af: new RaftServerImpl for group-A53405B32F13:[54dc63b2-7f1a-4ab5-a931-3f057955b2af|fv-az789-190:15004] with SCMStateMachine:uninitialized
2025-03-20 02:09:41,290 [54dc63b2-7f1a-4ab5-a931-3f057955b2af-groupManagement] INFO  server.RaftServerConfigKeys (ConfUtils.java:logGet(46)) - raft.server.rpc.timeout.min = 5000ms (custom)
2025-03-20 02:09:41,290 [54dc63b2-7f1a-4ab5-a931-3f057955b2af-groupManagement] INFO  server.RaftServerConfigKeys (ConfUtils.java:logGet(46)) - raft.server.rpc.timeout.max = 5200ms (custom)
2025-03-20 02:09:41,290 [54dc63b2-7f1a-4ab5-a931-3f057955b2af-groupManagement] INFO  server.RaftServerConfigKeys (ConfUtils.java:logGet(46)) - raft.server.rpc.sleep.time = 25ms (default)
2025-03-20 02:09:41,290 [54dc63b2-7f1a-4ab5-a931-3f057955b2af-groupManagement] INFO  server.RaftServerConfigKeys (ConfUtils.java:logGet(46)) - raft.server.rpc.slowness.timeout = 120000ms (custom)
2025-03-20 02:09:41,291 [54dc63b2-7f1a-4ab5-a931-3f057955b2af-groupManagement] INFO  server.RaftServerConfigKeys (ConfUtils.java:logGet(46)) - raft.server.leaderelection.leader.step-down.wait-time = 10s (default)
2025-03-20 02:09:41,291 [54dc63b2-7f1a-4ab5-a931-3f057955b2af-groupManagement] INFO  server.RaftServerConfigKeys (ConfUtils.java:logGet(46)) - raft.server.leaderelection.member.majority-add = false (default)
2025-03-20 02:09:41,291 [54dc63b2-7f1a-4ab5-a931-3f057955b2af-groupManagement] INFO  server.RaftServerConfigKeys (ConfUtils.java:logGet(46)) - raft.server.sleep.deviation.threshold = 300ms (default)
2025-03-20 02:09:41,296 [54dc63b2-7f1a-4ab5-a931-3f057955b2af-groupManagement] INFO  server.RaftServer$Division (ServerState.java:<init>(114)) - 54dc63b2-7f1a-4ab5-a931-3f057955b2af@group-A53405B32F13: ConfigurationManager, init=conf: {index: -1, cur=peers:[54dc63b2-7f1a-4ab5-a931-3f057955b2af|fv-az789-190:15004]|listeners:[], old=null}, confs=<EMPTY_MAP>
2025-03-20 02:09:41,300 [54dc63b2-7f1a-4ab5-a931-3f057955b2af-groupManagement] INFO  server.RaftServerConfigKeys (ConfUtils.java:logGet(46)) - raft.server.notification.no-leader.timeout = 60s (default)
2025-03-20 02:09:41,302 [54dc63b2-7f1a-4ab5-a931-3f057955b2af-groupManagement] INFO  server.RaftServerConfigKeys (ConfUtils.java:logGet(46)) - raft.server.read.timeout = 10s (default)
2025-03-20 02:09:41,305 [54dc63b2-7f1a-4ab5-a931-3f057955b2af-groupManagement] INFO  server.RaftServerConfigKeys (ConfUtils.java:logGet(46)) - raft.server.retrycache.expirytime = 60000ms (default)
2025-03-20 02:09:41,305 [54dc63b2-7f1a-4ab5-a931-3f057955b2af-groupManagement] INFO  server.RaftServerConfigKeys (ConfUtils.java:logGet(46)) - raft.server.retrycache.statistics.expirytime = 100ms (default)
2025-03-20 02:09:41,309 [54dc63b2-7f1a-4ab5-a931-3f057955b2af-groupManagement] INFO  server.RaftServerConfigKeys (ConfUtils.java:logGet(46)) - raft.server.read.option = DEFAULT (default)
2025-03-20 02:09:41,309 [54dc63b2-7f1a-4ab5-a931-3f057955b2af-groupManagement] INFO  server.RaftServerConfigKeys (ConfUtils.java:logGet(46)) - raft.server.read.read-after-write-consistent.write-index-cache.expiry-time = 60s (default)
2025-03-20 02:09:41,437 [54dc63b2-7f1a-4ab5-a931-3f057955b2af-groupManagement] INFO  server.RaftServerConfigKeys (ConfUtils.java:logGet(46)) - raft.server.rpc.request.timeout = 30000ms (custom)
2025-03-20 02:09:41,439 [54dc63b2-7f1a-4ab5-a931-3f057955b2af-groupManagement] INFO  server.RaftServerConfigKeys (ConfUtils.java:logGet(46)) - raft.server.log.appender.install.snapshot.enabled = false (custom)
2025-03-20 02:09:41,440 [54dc63b2-7f1a-4ab5-a931-3f057955b2af-groupManagement] INFO  server.RaftServerConfigKeys (ConfUtils.java:logGet(46)) - raft.server.threadpool.server.cached = true (default)
2025-03-20 02:09:41,440 [54dc63b2-7f1a-4ab5-a931-3f057955b2af-groupManagement] INFO  server.RaftServerConfigKeys (ConfUtils.java:logGet(46)) - raft.server.threadpool.server.size = 0 (default)
2025-03-20 02:09:41,441 [54dc63b2-7f1a-4ab5-a931-3f057955b2af-groupManagement] INFO  server.RaftServerConfigKeys (ConfUtils.java:logGet(46)) - raft.server.threadpool.client.cached = true (default)
2025-03-20 02:09:41,441 [54dc63b2-7f1a-4ab5-a931-3f057955b2af-groupManagement] INFO  server.RaftServerConfigKeys (ConfUtils.java:logGet(46)) - raft.server.threadpool.client.size = 0 (default)
2025-03-20 02:09:41,443 [54dc63b2-7f1a-4ab5-a931-3f057955b2af-impl-thread1] INFO  server.RaftServerConfigKeys (ConfUtils.java:logGet(46)) - raft.server.storage.free-space.min = 0MB (=0) (default)
2025-03-20 02:09:41,444 [54dc63b2-7f1a-4ab5-a931-3f057955b2af-impl-thread1] INFO  server.RaftServerConfigKeys (ConfUtils.java:logGet(46)) - raft.server.log.corruption.policy = EXCEPTION (default)
2025-03-20 02:09:41,444 [54dc63b2-7f1a-4ab5-a931-3f057955b2af-impl-thread1] INFO  server.RaftServerConfigKeys (ConfUtils.java:logGet(46)) - raft.server.storage.dir = [/home/runner/work/ozone/ozone/hadoop-ozone/integration-test/target/test-dir/MiniOzoneClusterImpl-897eaf7f-b25b-4380-b284-a53405b32f13/ozone-meta/scm-ha] (custom)
2025-03-20 02:09:41,449 [54dc63b2-7f1a-4ab5-a931-3f057955b2af-impl-thread1] INFO  storage.RaftStorageDirectory (RaftStorageDirectoryImpl.java:analyzeStorage(138)) - The storage directory /home/runner/work/ozone/ozone/hadoop-ozone/integration-test/target/test-dir/MiniOzoneClusterImpl-897eaf7f-b25b-4380-b284-a53405b32f13/ozone-meta/scm-ha/897eaf7f-b25b-4380-b284-a53405b32f13 does not exist. Creating ...
2025-03-20 02:09:41,452 [54dc63b2-7f1a-4ab5-a931-3f057955b2af-impl-thread1] INFO  storage.RaftStorageDirectory (RaftStorageDirectoryImpl.java:tryLock(229)) - Lock on /home/runner/work/ozone/ozone/hadoop-ozone/integration-test/target/test-dir/MiniOzoneClusterImpl-897eaf7f-b25b-4380-b284-a53405b32f13/ozone-meta/scm-ha/897eaf7f-b25b-4380-b284-a53405b32f13/in_use.lock acquired by nodename 18099@fv-az789-190
2025-03-20 02:09:41,457 [54dc63b2-7f1a-4ab5-a931-3f057955b2af-impl-thread1] INFO  storage.RaftStorage (RaftStorageImpl.java:format(98)) - Storage directory /home/runner/work/ozone/ozone/hadoop-ozone/integration-test/target/test-dir/MiniOzoneClusterImpl-897eaf7f-b25b-4380-b284-a53405b32f13/ozone-meta/scm-ha/897eaf7f-b25b-4380-b284-a53405b32f13 has been successfully formatted.
2025-03-20 02:09:41,458 [54dc63b2-7f1a-4ab5-a931-3f057955b2af-impl-thread1] INFO  ha.SCMStateMachine (SCMStateMachine.java:lambda$initialize$0(138)) - 54dc63b2-7f1a-4ab5-a931-3f057955b2af: initialize group-A53405B32F13
2025-03-20 02:09:41,459 [54dc63b2-7f1a-4ab5-a931-3f057955b2af-impl-thread1] INFO  server.RaftServerConfigKeys (ConfUtils.java:logGet(46)) - raft.server.log.use.memory = false (default)
2025-03-20 02:09:41,465 [54dc63b2-7f1a-4ab5-a931-3f057955b2af-impl-thread1] INFO  server.RaftServerConfigKeys (ConfUtils.java:logGet(46)) - raft.server.log.purge.gap = 1000000 (custom)
2025-03-20 02:09:41,465 [54dc63b2-7f1a-4ab5-a931-3f057955b2af-impl-thread1] INFO  server.RaftServerConfigKeys (ConfUtils.java:logGet(46)) - raft.server.log.appender.buffer.byte-limit = 4194304 (custom)
2025-03-20 02:09:41,466 [54dc63b2-7f1a-4ab5-a931-3f057955b2af-impl-thread1] INFO  server.RaftServerConfigKeys (ConfUtils.java:logGet(46)) - raft.server.log.statemachine.data.read.timeout = 1000ms (default)
2025-03-20 02:09:41,467 [54dc63b2-7f1a-4ab5-a931-3f057955b2af-impl-thread1] INFO  server.RaftServerConfigKeys (ConfUtils.java:logGet(46)) - raft.server.log.purge.preservation.log.num = 0 (default)
2025-03-20 02:09:41,469 [54dc63b2-7f1a-4ab5-a931-3f057955b2af-impl-thread1] INFO  server.RaftServerConfigKeys (ConfUtils.java:logGet(46)) - raft.server.log.segment.size.max = 4194304 (custom)
2025-03-20 02:09:41,473 [54dc63b2-7f1a-4ab5-a931-3f057955b2af-impl-thread1] INFO  server.RaftServerConfigKeys (ConfUtils.java:logGet(46)) - raft.server.log.segment.cache.num.max = 2 (custom)
2025-03-20 02:09:41,473 [54dc63b2-7f1a-4ab5-a931-3f057955b2af-impl-thread1] INFO  server.RaftServerConfigKeys (ConfUtils.java:logGet(46)) - raft.server.log.segment.cache.size.max = 200MB (=209715200) (default)
2025-03-20 02:09:41,475 [54dc63b2-7f1a-4ab5-a931-3f057955b2af-impl-thread1] INFO  server.RaftServerConfigKeys (ConfUtils.java:logGet(46)) - raft.server.log.appender.buffer.byte-limit = 4194304 (custom)
2025-03-20 02:09:41,477 [54dc63b2-7f1a-4ab5-a931-3f057955b2af-impl-thread1] INFO  util.AwaitToRun (AwaitToRun.java:start(81)) - Thread[#38,54dc63b2-7f1a-4ab5-a931-3f057955b2af@group-A53405B32F13-cacheEviction-AwaitToRun,5,main] started
2025-03-20 02:09:41,480 [54dc63b2-7f1a-4ab5-a931-3f057955b2af-impl-thread1] INFO  segmented.SegmentedRaftLogWorker (SegmentedRaftLogWorker.java:<init>(188)) - new 54dc63b2-7f1a-4ab5-a931-3f057955b2af@group-A53405B32F13-SegmentedRaftLogWorker for RaftStorageImpl:Storage Directory /home/runner/work/ozone/ozone/hadoop-ozone/integration-test/target/test-dir/MiniOzoneClusterImpl-897eaf7f-b25b-4380-b284-a53405b32f13/ozone-meta/scm-ha/897eaf7f-b25b-4380-b284-a53405b32f13
2025-03-20 02:09:41,480 [54dc63b2-7f1a-4ab5-a931-3f057955b2af-impl-thread1] INFO  server.RaftServerConfigKeys (ConfUtils.java:logGet(46)) - raft.server.log.queue.byte-limit = 64MB (=67108864) (default)
2025-03-20 02:09:41,481 [54dc63b2-7f1a-4ab5-a931-3f057955b2af-impl-thread1] INFO  server.RaftServerConfigKeys (ConfUtils.java:logGet(46)) - raft.server.log.queue.element-limit = 4096 (default)
2025-03-20 02:09:41,482 [54dc63b2-7f1a-4ab5-a931-3f057955b2af-impl-thread1] INFO  server.RaftServerConfigKeys (ConfUtils.java:logGet(46)) - raft.server.log.segment.size.max = 4194304 (custom)
2025-03-20 02:09:41,482 [54dc63b2-7f1a-4ab5-a931-3f057955b2af-impl-thread1] INFO  server.RaftServerConfigKeys (ConfUtils.java:logGet(46)) - raft.server.log.preallocated.size = 4194304 (custom)
2025-03-20 02:09:41,483 [54dc63b2-7f1a-4ab5-a931-3f057955b2af-impl-thread1] INFO  server.RaftServerConfigKeys (ConfUtils.java:logGet(46)) - raft.server.log.force.sync.num = 128 (default)
2025-03-20 02:09:41,483 [54dc63b2-7f1a-4ab5-a931-3f057955b2af-impl-thread1] INFO  server.RaftServerConfigKeys (ConfUtils.java:logGet(46)) - raft.server.log.statemachine.data.sync = true (default)
2025-03-20 02:09:41,484 [54dc63b2-7f1a-4ab5-a931-3f057955b2af-impl-thread1] INFO  server.RaftServerConfigKeys (ConfUtils.java:logGet(46)) - raft.server.log.statemachine.data.sync.timeout = 10s (default)
2025-03-20 02:09:41,484 [54dc63b2-7f1a-4ab5-a931-3f057955b2af-impl-thread1] INFO  server.RaftServerConfigKeys (ConfUtils.java:logGet(46)) - raft.server.log.statemachine.data.sync.timeout.retry = -1 (default)
2025-03-20 02:09:41,487 [54dc63b2-7f1a-4ab5-a931-3f057955b2af-impl-thread1] INFO  server.RaftServerConfigKeys (ConfUtils.java:logGet(46)) - raft.server.log.write.buffer.size = 4194312 (custom)
2025-03-20 02:09:41,488 [54dc63b2-7f1a-4ab5-a931-3f057955b2af-impl-thread1] INFO  server.RaftServerConfigKeys (ConfUtils.java:logGet(46)) - raft.server.log.appender.buffer.byte-limit = 4194304 (custom)
2025-03-20 02:09:41,488 [54dc63b2-7f1a-4ab5-a931-3f057955b2af-impl-thread1] INFO  server.RaftServerConfigKeys (ConfUtils.java:logGet(46)) - raft.server.log.unsafe-flush.enabled = false (default)
2025-03-20 02:09:41,488 [54dc63b2-7f1a-4ab5-a931-3f057955b2af-impl-thread1] INFO  server.RaftServerConfigKeys (ConfUtils.java:logGet(46)) - raft.server.log.async-flush.enabled = false (default)
2025-03-20 02:09:41,489 [54dc63b2-7f1a-4ab5-a931-3f057955b2af-impl-thread1] INFO  server.RaftServerConfigKeys (ConfUtils.java:logGet(46)) - raft.server.log.statemachine.data.caching.enabled = false (default)
2025-03-20 02:09:41,494 [54dc63b2-7f1a-4ab5-a931-3f057955b2af-impl-thread1] INFO  segmented.SegmentedRaftLogWorker (SegmentedRaftLogWorker.java:lambda$new$0(139)) - 54dc63b2-7f1a-4ab5-a931-3f057955b2af@group-A53405B32F13-SegmentedRaftLogWorker: flushIndex: setUnconditionally 0 -> -1
2025-03-20 02:09:41,494 [54dc63b2-7f1a-4ab5-a931-3f057955b2af-impl-thread1] INFO  segmented.SegmentedRaftLogWorker (SegmentedRaftLogWorker.java:lambda$new$0(139)) - 54dc63b2-7f1a-4ab5-a931-3f057955b2af@group-A53405B32F13-SegmentedRaftLogWorker: safeCacheEvictIndex: setUnconditionally 0 -> -1
2025-03-20 02:09:41,496 [54dc63b2-7f1a-4ab5-a931-3f057955b2af-impl-thread1] INFO  server.RaftServer$Division (RaftServerImpl.java:start(391)) - 54dc63b2-7f1a-4ab5-a931-3f057955b2af@group-A53405B32F13: start as a follower, conf=conf: {index: -1, cur=peers:[54dc63b2-7f1a-4ab5-a931-3f057955b2af|fv-az789-190:15004]|listeners:[], old=null}
2025-03-20 02:09:41,496 [54dc63b2-7f1a-4ab5-a931-3f057955b2af-impl-thread1] INFO  server.RaftServer$Division (RaftServerImpl.java:setRole(378)) - 54dc63b2-7f1a-4ab5-a931-3f057955b2af@group-A53405B32F13: changes role from      null to FOLLOWER at term 0 for startAsFollower
2025-03-20 02:09:41,497 [54dc63b2-7f1a-4ab5-a931-3f057955b2af-impl-thread1] INFO  impl.RoleInfo (RoleInfo.java:updateAndGet(148)) - 54dc63b2-7f1a-4ab5-a931-3f057955b2af: start 54dc63b2-7f1a-4ab5-a931-3f057955b2af@group-A53405B32F13-FollowerState
2025-03-20 02:09:41,499 [54dc63b2-7f1a-4ab5-a931-3f057955b2af@group-A53405B32F13-FollowerState] INFO  server.RaftServerConfigKeys (ConfUtils.java:logFallback(53)) - raft.server.rpc.first-election.timeout.min = 5000ms (fallback to raft.server.rpc.timeout.min)
2025-03-20 02:09:41,499 [54dc63b2-7f1a-4ab5-a931-3f057955b2af@group-A53405B32F13-FollowerState] INFO  server.RaftServerConfigKeys (ConfUtils.java:logFallback(53)) - raft.server.rpc.first-election.timeout.max = 5200ms (fallback to raft.server.rpc.timeout.max)
2025-03-20 02:09:41,500 [54dc63b2-7f1a-4ab5-a931-3f057955b2af-impl-thread1] INFO  util.JmxRegister (JmxRegister.java:tryRegister(44)) - Successfully registered JMX Bean with object name Ratis:service=RaftServer,group=group-A53405B32F13,id=54dc63b2-7f1a-4ab5-a931-3f057955b2af
2025-03-20 02:09:41,500 [54dc63b2-7f1a-4ab5-a931-3f057955b2af-impl-thread1] INFO  util.JmxRegister (JmxRegister.java:register(58)) - register mxBean class org.apache.ratis.server.impl.RaftServerJmxAdapter as Ratis:service=RaftServer,group=group-A53405B32F13,id=54dc63b2-7f1a-4ab5-a931-3f057955b2af
2025-03-20 02:09:41,501 [54dc63b2-7f1a-4ab5-a931-3f057955b2af-impl-thread1] INFO  server.RaftServerConfigKeys (ConfUtils.java:logGet(46)) - raft.server.snapshot.trigger-when-stop.enabled = true (default)
2025-03-20 02:09:41,502 [54dc63b2-7f1a-4ab5-a931-3f057955b2af-impl-thread1] INFO  server.RaftServerConfigKeys (ConfUtils.java:logGet(46)) - raft.server.snapshot.trigger-when-remove.enabled = true (default)
2025-03-20 02:09:41,502 [54dc63b2-7f1a-4ab5-a931-3f057955b2af-impl-thread1] INFO  server.RaftServerConfigKeys (ConfUtils.java:logGet(46)) - raft.server.snapshot.auto.trigger.enabled = true (custom)
2025-03-20 02:09:41,502 [54dc63b2-7f1a-4ab5-a931-3f057955b2af-impl-thread1] INFO  server.RaftServerConfigKeys (ConfUtils.java:logGet(46)) - raft.server.snapshot.auto.trigger.threshold = 1000 (custom)
2025-03-20 02:09:41,503 [54dc63b2-7f1a-4ab5-a931-3f057955b2af-impl-thread1] INFO  server.RaftServerConfigKeys (ConfUtils.java:logGet(46)) - raft.server.snapshot.retention.file.num = -1 (default)
2025-03-20 02:09:41,503 [54dc63b2-7f1a-4ab5-a931-3f057955b2af-impl-thread1] INFO  server.RaftServerConfigKeys (ConfUtils.java:logGet(46)) - raft.server.log.purge.upto.snapshot.index = false (default)
2025-03-20 02:09:41,506 [54dc63b2-7f1a-4ab5-a931-3f057955b2af-impl-thread1] INFO  server.RaftServer$Division (RaftServerImpl.java:start(405)) - 54dc63b2-7f1a-4ab5-a931-3f057955b2af@group-A53405B32F13: Successfully started.
2025-03-20 02:09:41,507 [main] INFO  server.RaftServer (RaftServerProxy.java:startImpl(407)) - 54dc63b2-7f1a-4ab5-a931-3f057955b2af: start RPC server
2025-03-20 02:09:41,539 [main] INFO  server.GrpcService (GrpcService.java:startImpl(334)) - 54dc63b2-7f1a-4ab5-a931-3f057955b2af: GrpcService started, listening on 15004
2025-03-20 02:09:41,540 [JvmPauseMonitor0] INFO  util.JvmPauseMonitor (JvmPauseMonitor.java:run(146)) - JvmPauseMonitor-54dc63b2-7f1a-4ab5-a931-3f057955b2af: Started
2025-03-20 02:09:46,651 [54dc63b2-7f1a-4ab5-a931-3f057955b2af@group-A53405B32F13-FollowerState] INFO  impl.FollowerState (FollowerState.java:runImpl(161)) - 54dc63b2-7f1a-4ab5-a931-3f057955b2af@group-A53405B32F13-FollowerState: change to CANDIDATE, lastRpcElapsedTime:5154326157ns, electionTimeout:5151ms
2025-03-20 02:09:46,652 [54dc63b2-7f1a-4ab5-a931-3f057955b2af@group-A53405B32F13-FollowerState] INFO  impl.RoleInfo (RoleInfo.java:shutdownFollowerState(121)) - 54dc63b2-7f1a-4ab5-a931-3f057955b2af: shutdown 54dc63b2-7f1a-4ab5-a931-3f057955b2af@group-A53405B32F13-FollowerState
2025-03-20 02:09:46,652 [54dc63b2-7f1a-4ab5-a931-3f057955b2af@group-A53405B32F13-FollowerState] INFO  server.RaftServer$Division (RaftServerImpl.java:setRole(378)) - 54dc63b2-7f1a-4ab5-a931-3f057955b2af@group-A53405B32F13: changes role from  FOLLOWER to CANDIDATE at term 0 for changeToCandidate
2025-03-20 02:09:46,654 [54dc63b2-7f1a-4ab5-a931-3f057955b2af@group-A53405B32F13-FollowerState] INFO  server.RaftServerConfigKeys (ConfUtils.java:logGet(46)) - raft.server.leaderelection.pre-vote = true (default)
2025-03-20 02:09:46,654 [54dc63b2-7f1a-4ab5-a931-3f057955b2af@group-A53405B32F13-FollowerState] INFO  impl.RoleInfo (RoleInfo.java:updateAndGet(148)) - 54dc63b2-7f1a-4ab5-a931-3f057955b2af: start 54dc63b2-7f1a-4ab5-a931-3f057955b2af@group-A53405B32F13-LeaderElection1
2025-03-20 02:09:46,657 [54dc63b2-7f1a-4ab5-a931-3f057955b2af@group-A53405B32F13-LeaderElection1] INFO  impl.LeaderElection (LeaderElection.java:askForVotes(332)) - 54dc63b2-7f1a-4ab5-a931-3f057955b2af@group-A53405B32F13-LeaderElection1 PRE_VOTE round 0: submit vote requests at term 0 for conf: {index: -1, cur=peers:[54dc63b2-7f1a-4ab5-a931-3f057955b2af|fv-az789-190:15004]|listeners:[], old=null}
2025-03-20 02:09:46,658 [54dc63b2-7f1a-4ab5-a931-3f057955b2af@group-A53405B32F13-LeaderElection1] INFO  impl.LeaderElection (LeaderElection.java:askForVotes(334)) - 54dc63b2-7f1a-4ab5-a931-3f057955b2af@group-A53405B32F13-LeaderElection1 PRE_VOTE round 0: result PASSED (term=0)
2025-03-20 02:09:46,660 [54dc63b2-7f1a-4ab5-a931-3f057955b2af@group-A53405B32F13-LeaderElection1] INFO  impl.LeaderElection (LeaderElection.java:askForVotes(332)) - 54dc63b2-7f1a-4ab5-a931-3f057955b2af@group-A53405B32F13-LeaderElection1 ELECTION round 0: submit vote requests at term 1 for conf: {index: -1, cur=peers:[54dc63b2-7f1a-4ab5-a931-3f057955b2af|fv-az789-190:15004]|listeners:[], old=null}
2025-03-20 02:09:46,660 [54dc63b2-7f1a-4ab5-a931-3f057955b2af@group-A53405B32F13-LeaderElection1] INFO  impl.LeaderElection (LeaderElection.java:askForVotes(334)) - 54dc63b2-7f1a-4ab5-a931-3f057955b2af@group-A53405B32F13-LeaderElection1 ELECTION round 0: result PASSED (term=1)
2025-03-20 02:09:46,660 [54dc63b2-7f1a-4ab5-a931-3f057955b2af@group-A53405B32F13-LeaderElection1] INFO  impl.RoleInfo (RoleInfo.java:shutdownLeaderElection(141)) - 54dc63b2-7f1a-4ab5-a931-3f057955b2af: shutdown 54dc63b2-7f1a-4ab5-a931-3f057955b2af@group-A53405B32F13-LeaderElection1
2025-03-20 02:09:46,660 [54dc63b2-7f1a-4ab5-a931-3f057955b2af@group-A53405B32F13-LeaderElection1] INFO  server.RaftServer$Division (RaftServerImpl.java:setRole(378)) - 54dc63b2-7f1a-4ab5-a931-3f057955b2af@group-A53405B32F13: changes role from CANDIDATE to LEADER at term 1 for changeToLeader
2025-03-20 02:09:46,664 [54dc63b2-7f1a-4ab5-a931-3f057955b2af@group-A53405B32F13-LeaderElection1] INFO  server.RaftServerConfigKeys (ConfUtils.java:logGet(46)) - raft.server.staging.catchup.gap = 1000 (default)
2025-03-20 02:09:46,666 [54dc63b2-7f1a-4ab5-a931-3f057955b2af@group-A53405B32F13-LeaderElection1] INFO  server.RaftServerConfigKeys (ConfUtils.java:logGet(46)) - raft.server.write.element-limit = 4096 (default)
2025-03-20 02:09:46,666 [54dc63b2-7f1a-4ab5-a931-3f057955b2af@group-A53405B32F13-LeaderElection1] INFO  server.RaftServerConfigKeys (ConfUtils.java:logGet(46)) - raft.server.write.byte-limit = 64MB (=67108864) (default)
2025-03-20 02:09:46,668 [54dc63b2-7f1a-4ab5-a931-3f057955b2af@group-A53405B32F13-LeaderElection1] INFO  server.RaftServerConfigKeys (ConfUtils.java:logGet(46)) - raft.server.watch.timeout = 10s (default)
2025-03-20 02:09:46,668 [54dc63b2-7f1a-4ab5-a931-3f057955b2af@group-A53405B32F13-LeaderElection1] INFO  server.RaftServerConfigKeys (ConfUtils.java:logGet(46)) - raft.server.watch.timeout.denomination = 1s (default)
2025-03-20 02:09:46,669 [54dc63b2-7f1a-4ab5-a931-3f057955b2af@group-A53405B32F13-LeaderElection1] INFO  server.RaftServerConfigKeys (ConfUtils.java:logGet(46)) - raft.server.watch.element-limit = 65536 (default)
2025-03-20 02:09:46,673 [54dc63b2-7f1a-4ab5-a931-3f057955b2af@group-A53405B32F13-LeaderElection1] INFO  server.RaftServerConfigKeys (ConfUtils.java:logGet(46)) - raft.server.read.leader.lease.enabled = false (default)
2025-03-20 02:09:46,675 [54dc63b2-7f1a-4ab5-a931-3f057955b2af@group-A53405B32F13-LeaderElection1] INFO  server.RaftServerConfigKeys (ConfUtils.java:logGet(46)) - raft.server.read.leader.lease.timeout.ratio = 0.9 (default)
2025-03-20 02:09:46,675 [54dc63b2-7f1a-4ab5-a931-3f057955b2af@group-A53405B32F13-LeaderElection1] INFO  server.RaftServerConfigKeys (ConfUtils.java:logGet(46)) - raft.server.rpc.timeout.min = 5000ms (custom)
2025-03-20 02:09:46,675 [54dc63b2-7f1a-4ab5-a931-3f057955b2af@group-A53405B32F13-LeaderElection1] INFO  server.RaftServerConfigKeys (ConfUtils.java:logGet(46)) - raft.server.log.log-metadata.enabled = true (default)
2025-03-20 02:09:46,675 [54dc63b2-7f1a-4ab5-a931-3f057955b2af@group-A53405B32F13-LeaderElection1] INFO  server.RaftServerConfigKeys (ConfUtils.java:logGet(46)) - raft.server.write.element-limit = 4096 (default)
2025-03-20 02:09:46,676 [54dc63b2-7f1a-4ab5-a931-3f057955b2af@group-A53405B32F13-LeaderElection1] INFO  server.RaftServerConfigKeys (ConfUtils.java:logGet(46)) - raft.server.write.follower.gap.ratio.max = -1.0 (default)
2025-03-20 02:09:46,677 [54dc63b2-7f1a-4ab5-a931-3f057955b2af@group-A53405B32F13-LeaderElection1] INFO  impl.RoleInfo (RoleInfo.java:updateAndGet(148)) - 54dc63b2-7f1a-4ab5-a931-3f057955b2af: start 54dc63b2-7f1a-4ab5-a931-3f057955b2af@group-A53405B32F13-LeaderStateImpl
2025-03-20 02:09:46,677 [54dc63b2-7f1a-4ab5-a931-3f057955b2af@group-A53405B32F13-LeaderElection1] INFO  server.RaftServer$Division (RaftServerImpl.java:setFirstElection(562)) - 54dc63b2-7f1a-4ab5-a931-3f057955b2af@group-A53405B32F13: set firstElectionSinceStartup to false for becomeLeader
2025-03-20 02:09:46,678 [54dc63b2-7f1a-4ab5-a931-3f057955b2af@group-A53405B32F13-LeaderElection1] INFO  server.RaftServer$Division (ServerState.java:setLeader(272)) - 54dc63b2-7f1a-4ab5-a931-3f057955b2af@group-A53405B32F13: change Leader from null to 54dc63b2-7f1a-4ab5-a931-3f057955b2af at term 1 for becomeLeader, leader elected after 5377ms
2025-03-20 02:09:46,691 [54dc63b2-7f1a-4ab5-a931-3f057955b2af@group-A53405B32F13-LeaderElection1] INFO  segmented.SegmentedRaftLogWorker (SegmentedRaftLogWorker.java:startLogSegment(438)) - 54dc63b2-7f1a-4ab5-a931-3f057955b2af@group-A53405B32F13-SegmentedRaftLogWorker: Starting segment from index:0
2025-03-20 02:09:46,704 [54dc63b2-7f1a-4ab5-a931-3f057955b2af@group-A53405B32F13-LeaderElection1] INFO  server.RaftServer$Division (ServerState.java:setRaftConf(386)) - 54dc63b2-7f1a-4ab5-a931-3f057955b2af@group-A53405B32F13: set configuration conf: {index: 0, cur=peers:[54dc63b2-7f1a-4ab5-a931-3f057955b2af|fv-az789-190:15004]|listeners:[], old=null}
2025-03-20 02:09:46,709 [54dc63b2-7f1a-4ab5-a931-3f057955b2af@group-A53405B32F13-SegmentedRaftLogWorker] INFO  segmented.BufferedWriteChannel (BufferedWriteChannel.java:open(61)) - open log_inprogress_0 at position 0
2025-03-20 02:09:46,718 [54dc63b2-7f1a-4ab5-a931-3f057955b2af@group-A53405B32F13-SegmentedRaftLogWorker] INFO  segmented.SegmentedRaftLogWorker (SegmentedRaftLogWorker.java:execute(644)) - 54dc63b2-7f1a-4ab5-a931-3f057955b2af@group-A53405B32F13-SegmentedRaftLogWorker: created new log segment /home/runner/work/ozone/ozone/hadoop-ozone/integration-test/target/test-dir/MiniOzoneClusterImpl-897eaf7f-b25b-4380-b284-a53405b32f13/ozone-meta/scm-ha/897eaf7f-b25b-4380-b284-a53405b32f13/current/log_inprogress_0
2025-03-20 02:09:46,727 [54dc63b2-7f1a-4ab5-a931-3f057955b2af@group-A53405B32F13-StateMachineUpdater] INFO  server.RaftServer$Division (LeaderStateImpl.java:checkStartIndex(313)) - Leader 54dc63b2-7f1a-4ab5-a931-3f057955b2af@group-A53405B32F13-LeaderStateImpl is ready since appliedIndex == startIndex == 0
2025-03-20 02:09:47,541 [main] INFO  server.RaftServer (RaftServerProxy.java:lambda$close$9(417)) - 54dc63b2-7f1a-4ab5-a931-3f057955b2af: close
2025-03-20 02:09:47,543 [54dc63b2-7f1a-4ab5-a931-3f057955b2af-impl-thread1] INFO  server.RaftServer$Division (RaftServerImpl.java:lambda$close$1(513)) - 54dc63b2-7f1a-4ab5-a931-3f057955b2af@group-A53405B32F13: shutdown
2025-03-20 02:09:47,543 [main] INFO  server.GrpcService (GrpcService.java:closeImpl(343)) - 54dc63b2-7f1a-4ab5-a931-3f057955b2af: shutdown server GrpcServerProtocolService now
2025-03-20 02:09:47,543 [54dc63b2-7f1a-4ab5-a931-3f057955b2af-impl-thread1] INFO  util.JmxRegister (JmxRegister.java:unregister(74)) - Successfully un-registered JMX Bean with object name Ratis:service=RaftServer,group=group-A53405B32F13,id=54dc63b2-7f1a-4ab5-a931-3f057955b2af
2025-03-20 02:09:47,543 [54dc63b2-7f1a-4ab5-a931-3f057955b2af-impl-thread1] INFO  impl.RoleInfo (RoleInfo.java:shutdownLeaderState(103)) - 54dc63b2-7f1a-4ab5-a931-3f057955b2af: shutdown 54dc63b2-7f1a-4ab5-a931-3f057955b2af@group-A53405B32F13-LeaderStateImpl
2025-03-20 02:09:47,546 [54dc63b2-7f1a-4ab5-a931-3f057955b2af-impl-thread1] INFO  impl.PendingRequests (PendingRequests.java:sendNotLeaderResponses(287)) - 54dc63b2-7f1a-4ab5-a931-3f057955b2af@group-A53405B32F13-PendingRequests: sendNotLeaderResponses
2025-03-20 02:09:47,548 [main] INFO  server.GrpcService (GrpcService.java:closeImpl(352)) - 54dc63b2-7f1a-4ab5-a931-3f057955b2af: shutdown server GrpcServerProtocolService successfully
2025-03-20 02:09:47,549 [54dc63b2-7f1a-4ab5-a931-3f057955b2af-impl-thread1] INFO  impl.StateMachineUpdater (StateMachineUpdater.java:stopAndJoin(164)) - 54dc63b2-7f1a-4ab5-a931-3f057955b2af@group-A53405B32F13-StateMachineUpdater: set stopIndex = 0
2025-03-20 02:09:47,549 [54dc63b2-7f1a-4ab5-a931-3f057955b2af@group-A53405B32F13-StateMachineUpdater] INFO  impl.StateMachineUpdater (StateMachineUpdater.java:takeSnapshot(303)) - 54dc63b2-7f1a-4ab5-a931-3f057955b2af@group-A53405B32F13-StateMachineUpdater: Took a snapshot at index 0
2025-03-20 02:09:47,550 [54dc63b2-7f1a-4ab5-a931-3f057955b2af@group-A53405B32F13-StateMachineUpdater] INFO  impl.StateMachineUpdater (StateMachineUpdater.java:lambda$new$0(102)) - 54dc63b2-7f1a-4ab5-a931-3f057955b2af@group-A53405B32F13-StateMachineUpdater: snapshotIndex: updateIncreasingly -1 -> 0
2025-03-20 02:09:47,551 [54dc63b2-7f1a-4ab5-a931-3f057955b2af@group-A53405B32F13-StateMachineUpdater] INFO  impl.StateMachineUpdater (StateMachineUpdater.java:stop(141)) - 54dc63b2-7f1a-4ab5-a931-3f057955b2af@group-A53405B32F13-StateMachineUpdater: closing SCMStateMachine, lastApplied=(t:1, i:0)
2025-03-20 02:09:47,552 [54dc63b2-7f1a-4ab5-a931-3f057955b2af@group-A53405B32F13-cacheEviction-AwaitToRun] INFO  util.AwaitToRun (AwaitToRun.java:run(49)) - 54dc63b2-7f1a-4ab5-a931-3f057955b2af@group-A53405B32F13-cacheEviction-AwaitToRun-AwaitForSignal is interrupted
2025-03-20 02:09:47,723 [54dc63b2-7f1a-4ab5-a931-3f057955b2af-impl-thread1] INFO  segmented.SegmentedRaftLogWorker (SegmentedRaftLogWorker.java:close(252)) - 54dc63b2-7f1a-4ab5-a931-3f057955b2af@group-A53405B32F13-SegmentedRaftLogWorker close()
2025-03-20 02:09:47,728 [JvmPauseMonitor0] INFO  util.JvmPauseMonitor (JvmPauseMonitor.java:run(152)) - JvmPauseMonitor-54dc63b2-7f1a-4ab5-a931-3f057955b2af: Stopped
2025-03-20 02:09:47,748 [main] WARN  server.ServerUtils (ServerUtils.java:getScmDbDir(141)) - ozone.scm.db.dirs is not configured. We recommend adding this setting. Falling back to ozone.metadata.dirs instead.
2025-03-20 02:09:47,750 [main] INFO  ha.SCMHANodeDetails (SCMHANodeDetails.java:loadSCMHAConfig(162)) - ServiceID for StorageContainerManager is null
2025-03-20 02:09:47,750 [main] INFO  ha.SCMHANodeDetails (SCMHANodeDetails.java:loadSCMHAConfig(166)) - ozone.scm.default.service.id is not defined, falling back to ozone.scm.service.ids to find serviceID for StorageContainerManager if it is HA enabled cluster
2025-03-20 02:09:48,099 [main] WARN  utils.HAUtils (HAUtils.java:getMetaDir(337)) - ozone.scm.db.dirs is not configured. We recommend adding this setting. Falling back to ozone.metadata.dirs instead.
2025-03-20 02:09:48,191 [main] WARN  db.DBStoreBuilder (DBStoreBuilder.java:getDBDirPath(168)) - ozone.scm.db.dirs is not configured. We recommend adding this setting. Falling back to ozone.metadata.dirs instead.
2025-03-20 02:09:48,358 [main] INFO  net.NodeSchemaLoader (NodeSchemaLoader.java:loadSchemaFromFile(127)) - Loading schema from [jar:file:/home/runner/work/ozone/ozone/hadoop-hdds/common/target/hdds-common-2.1.0-SNAPSHOT.jar!/network-topology-default.xml]
2025-03-20 02:09:48,360 [main] INFO  net.NodeSchemaLoader (NodeSchemaLoader.java:loadSchema(174)) - Loading network topology layer schema file
2025-03-20 02:09:48,472 [main] INFO  ha.SCMRatisServerImpl (SCMRatisServerImpl.java:<init>(100)) - starting Raft server for scm:54dc63b2-7f1a-4ab5-a931-3f057955b2af
2025-03-20 02:09:48,476 [main] INFO  server.RaftServerConfigKeys (ConfUtils.java:logGet(46)) - raft.server.log.appender.buffer.byte-limit = 4194304 (custom)
2025-03-20 02:09:48,478 [main] INFO  server.RaftServer (ConfUtils.java:logGet(46)) - raft.rpc.type = GRPC (default)
2025-03-20 02:09:48,478 [main] INFO  grpc.GrpcConfigKeys (ConfUtils.java:logFallback(53)) - raft.grpc.admin.host = null (fallback to raft.grpc.server.host)
2025-03-20 02:09:48,479 [main] INFO  grpc.GrpcConfigKeys (ConfUtils.java:logFallback(53)) - raft.grpc.admin.port = 15004 (fallback to raft.grpc.server.port)
2025-03-20 02:09:48,479 [main] INFO  grpc.GrpcConfigKeys (ConfUtils.java:logFallback(53)) - raft.grpc.client.host = null (fallback to raft.grpc.server.host)
2025-03-20 02:09:48,479 [main] INFO  grpc.GrpcConfigKeys (ConfUtils.java:logFallback(53)) - raft.grpc.client.port = 15004 (fallback to raft.grpc.server.port)
2025-03-20 02:09:48,479 [main] INFO  grpc.GrpcConfigKeys (ConfUtils.java:logGet(46)) - raft.grpc.server.host = null (default)
2025-03-20 02:09:48,479 [main] INFO  grpc.GrpcConfigKeys (ConfUtils.java:logGet(46)) - raft.grpc.server.port = 15004 (custom)
2025-03-20 02:09:48,480 [main] INFO  server.GrpcService (ConfUtils.java:logGet(46)) - raft.grpc.message.size.max = 5242880 (custom)
2025-03-20 02:09:48,480 [main] INFO  server.GrpcService (ConfUtils.java:logGet(46)) - raft.grpc.flow.control.window = 1MB (=1048576) (default)
2025-03-20 02:09:48,480 [main] INFO  server.RaftServerConfigKeys (ConfUtils.java:logGet(46)) - raft.server.rpc.request.timeout = 30000ms (custom)
2025-03-20 02:09:48,480 [main] INFO  grpc.GrpcConfigKeys (ConfUtils.java:logGet(46)) - raft.grpc.server.heartbeat.channel = true (default)
2025-03-20 02:09:48,480 [main] INFO  server.RaftServerConfigKeys (ConfUtils.java:logGet(46)) - raft.server.log.appender.buffer.byte-limit = 4194304 (custom)
2025-03-20 02:09:48,480 [main] INFO  grpc.GrpcConfigKeys (ConfUtils.java:logGet(46)) - raft.grpc.server.async.request.thread.pool.cached = true (default)
2025-03-20 02:09:48,481 [main] INFO  grpc.GrpcConfigKeys (ConfUtils.java:logGet(46)) - raft.grpc.server.async.request.thread.pool.size = 32 (default)
2025-03-20 02:09:48,482 [main] INFO  impl.DataStreamServerImpl (ConfUtils.java:logGet(46)) - raft.datastream.type = DISABLED (default)
2025-03-20 02:09:48,482 [main] INFO  server.RaftServerConfigKeys (ConfUtils.java:logGet(46)) - raft.server.sleep.deviation.threshold = 300ms (default)
2025-03-20 02:09:48,482 [main] INFO  server.RaftServerConfigKeys (ConfUtils.java:logGet(46)) - raft.server.close.threshold = 60s (default)
2025-03-20 02:09:48,482 [main] INFO  server.RaftServerConfigKeys (ConfUtils.java:logGet(46)) - raft.server.leaderelection.leader.step-down.wait-time = 10s (default)
2025-03-20 02:09:48,483 [main] INFO  server.RaftServerConfigKeys (ConfUtils.java:logGet(46)) - raft.server.storage.dir = [/home/runner/work/ozone/ozone/hadoop-ozone/integration-test/target/test-dir/MiniOzoneClusterImpl-897eaf7f-b25b-4380-b284-a53405b32f13/ozone-meta/scm-ha] (custom)
2025-03-20 02:09:48,483 [main] INFO  server.RaftServerConfigKeys (ConfUtils.java:logGet(46)) - raft.server.threadpool.proxy.cached = true (default)
2025-03-20 02:09:48,483 [main] INFO  server.RaftServerConfigKeys (ConfUtils.java:logGet(46)) - raft.server.threadpool.proxy.size = 0 (default)
2025-03-20 02:09:48,485 [54dc63b2-7f1a-4ab5-a931-3f057955b2af-impl-thread1] INFO  server.RaftServer (RaftServerProxy.java:initGroupDir(265)) - 54dc63b2-7f1a-4ab5-a931-3f057955b2af: found a subdirectory /home/runner/work/ozone/ozone/hadoop-ozone/integration-test/target/test-dir/MiniOzoneClusterImpl-897eaf7f-b25b-4380-b284-a53405b32f13/ozone-meta/scm-ha/897eaf7f-b25b-4380-b284-a53405b32f13
2025-03-20 02:09:48,486 [main] INFO  server.RaftServer (RaftServerProxy.java:addNew(100)) - 54dc63b2-7f1a-4ab5-a931-3f057955b2af: addNew group-A53405B32F13:[] returns group-A53405B32F13:java.util.concurrent.CompletableFuture@79d4ff58[Not completed]
2025-03-20 02:09:48,489 [54dc63b2-7f1a-4ab5-a931-3f057955b2af-groupManagement] INFO  server.RaftServer$Division (RaftServerImpl.java:<init>(255)) - 54dc63b2-7f1a-4ab5-a931-3f057955b2af: new RaftServerImpl for group-A53405B32F13:[] with SCMStateMachine:uninitialized
2025-03-20 02:09:48,489 [54dc63b2-7f1a-4ab5-a931-3f057955b2af-groupManagement] INFO  server.RaftServerConfigKeys (ConfUtils.java:logGet(46)) - raft.server.rpc.timeout.min = 5000ms (custom)
2025-03-20 02:09:48,489 [54dc63b2-7f1a-4ab5-a931-3f057955b2af-groupManagement] INFO  server.RaftServerConfigKeys (ConfUtils.java:logGet(46)) - raft.server.rpc.timeout.max = 5200ms (custom)
2025-03-20 02:09:48,489 [54dc63b2-7f1a-4ab5-a931-3f057955b2af-groupManagement] INFO  server.RaftServerConfigKeys (ConfUtils.java:logGet(46)) - raft.server.rpc.sleep.time = 25ms (default)
2025-03-20 02:09:48,489 [54dc63b2-7f1a-4ab5-a931-3f057955b2af-groupManagement] INFO  server.RaftServerConfigKeys (ConfUtils.java:logGet(46)) - raft.server.rpc.slowness.timeout = 120000ms (custom)
2025-03-20 02:09:48,490 [54dc63b2-7f1a-4ab5-a931-3f057955b2af-groupManagement] INFO  server.RaftServerConfigKeys (ConfUtils.java:logGet(46)) - raft.server.leaderelection.leader.step-down.wait-time = 10s (default)
2025-03-20 02:09:48,490 [54dc63b2-7f1a-4ab5-a931-3f057955b2af-groupManagement] INFO  server.RaftServerConfigKeys (ConfUtils.java:logGet(46)) - raft.server.leaderelection.member.majority-add = false (default)
2025-03-20 02:09:48,490 [54dc63b2-7f1a-4ab5-a931-3f057955b2af-groupManagement] INFO  server.RaftServerConfigKeys (ConfUtils.java:logGet(46)) - raft.server.sleep.deviation.threshold = 300ms (default)
2025-03-20 02:09:48,490 [54dc63b2-7f1a-4ab5-a931-3f057955b2af-groupManagement] INFO  server.RaftServer$Division (ServerState.java:<init>(114)) - 54dc63b2-7f1a-4ab5-a931-3f057955b2af@group-A53405B32F13: ConfigurationManager, init=conf: {index: -1, cur=peers:[]|listeners:[], old=null}, confs=<EMPTY_MAP>
2025-03-20 02:09:48,490 [54dc63b2-7f1a-4ab5-a931-3f057955b2af-groupManagement] INFO  server.RaftServerConfigKeys (ConfUtils.java:logGet(46)) - raft.server.notification.no-leader.timeout = 60s (default)
2025-03-20 02:09:48,490 [54dc63b2-7f1a-4ab5-a931-3f057955b2af-groupManagement] INFO  server.RaftServerConfigKeys (ConfUtils.java:logGet(46)) - raft.server.read.timeout = 10s (default)
2025-03-20 02:09:48,491 [54dc63b2-7f1a-4ab5-a931-3f057955b2af-groupManagement] INFO  server.RaftServerConfigKeys (ConfUtils.java:logGet(46)) - raft.server.retrycache.expirytime = 60000ms (default)
2025-03-20 02:09:48,491 [54dc63b2-7f1a-4ab5-a931-3f057955b2af-groupManagement] INFO  server.RaftServerConfigKeys (ConfUtils.java:logGet(46)) - raft.server.retrycache.statistics.expirytime = 100ms (default)
2025-03-20 02:09:48,492 [54dc63b2-7f1a-4ab5-a931-3f057955b2af-groupManagement] INFO  server.RaftServerConfigKeys (ConfUtils.java:logGet(46)) - raft.server.read.option = DEFAULT (default)
2025-03-20 02:09:48,492 [54dc63b2-7f1a-4ab5-a931-3f057955b2af-groupManagement] INFO  server.RaftServerConfigKeys (ConfUtils.java:logGet(46)) - raft.server.read.read-after-write-consistent.write-index-cache.expiry-time = 60s (default)
2025-03-20 02:09:48,500 [54dc63b2-7f1a-4ab5-a931-3f057955b2af-groupManagement] INFO  server.RaftServerConfigKeys (ConfUtils.java:logGet(46)) - raft.server.rpc.request.timeout = 30000ms (custom)
2025-03-20 02:09:48,500 [54dc63b2-7f1a-4ab5-a931-3f057955b2af-groupManagement] INFO  server.RaftServerConfigKeys (ConfUtils.java:logGet(46)) - raft.server.log.appender.install.snapshot.enabled = false (custom)
2025-03-20 02:09:48,500 [54dc63b2-7f1a-4ab5-a931-3f057955b2af-groupManagement] INFO  server.RaftServerConfigKeys (ConfUtils.java:logGet(46)) - raft.server.threadpool.server.cached = true (default)
2025-03-20 02:09:48,500 [54dc63b2-7f1a-4ab5-a931-3f057955b2af-groupManagement] INFO  server.RaftServerConfigKeys (ConfUtils.java:logGet(46)) - raft.server.threadpool.server.size = 0 (default)
2025-03-20 02:09:48,501 [54dc63b2-7f1a-4ab5-a931-3f057955b2af-groupManagement] INFO  server.RaftServerConfigKeys (ConfUtils.java:logGet(46)) - raft.server.threadpool.client.cached = true (default)
2025-03-20 02:09:48,501 [54dc63b2-7f1a-4ab5-a931-3f057955b2af-groupManagement] INFO  server.RaftServerConfigKeys (ConfUtils.java:logGet(46)) - raft.server.threadpool.client.size = 0 (default)
2025-03-20 02:09:48,502 [main] INFO  ha.SCMSnapshotProvider (SCMSnapshotProvider.java:<init>(62)) - Initializing SCM Snapshot Provider
2025-03-20 02:09:48,502 [main] WARN  server.ServerUtils (ServerUtils.java:getDefaultRatisDirectory(309)) - Storage directory for Ratis is not configured. It is a good idea to map this to an SSD disk. Falling back to ozone.metadata.dirs
2025-03-20 02:09:48,503 [main] WARN  ha.SCMHAUtils (SCMHAUtils.java:getSCMRatisSnapshotDirectory(120)) - SCM snapshot dir is not configured. Falling back to ozone.metadata.dirs config
2025-03-20 02:09:48,523 [main] INFO  upgrade.AbstractLayoutVersionManager (AbstractLayoutVersionManager.java:init(80)) - Initializing Layout version manager with metadata layout = HBASE_SUPPORT (version = 8), software layout = HBASE_SUPPORT (version = 8)
2025-03-20 02:09:48,550 [main] INFO  ha.SequenceIdGenerator (SequenceIdGenerator.java:upgradeToSequenceId(362)) - upgrade localId to 115816896921600000
2025-03-20 02:09:48,551 [main] INFO  ha.SequenceIdGenerator (SequenceIdGenerator.java:upgradeToSequenceId(372)) - upgrade delTxnId to 0
2025-03-20 02:09:48,556 [main] INFO  ha.SequenceIdGenerator (SequenceIdGenerator.java:upgradeToSequenceId(389)) - upgrade containerId to 0
2025-03-20 02:09:48,558 [main] INFO  ha.SequenceIdGenerator (SequenceIdGenerator.java:upgradeToCertificateSequenceId(426)) - upgrade CertificateId to 2
2025-03-20 02:09:48,560 [main] INFO  ha.SequenceIdGenerator (SequenceIdGenerator.java:<init>(239)) - Init the HA SequenceIdGenerator.
2025-03-20 02:09:48,597 [main] WARN  server.ServerUtils (ServerUtils.java:sanitizeUserArgs(77)) - ozone.scm.stale.node.interval value = 300000 is larger than max = 100000 based on the key value of ozone.scm.heartbeat.thread.interval, reset to the max value 100000.
2025-03-20 02:09:48,598 [main] WARN  server.ServerUtils (ServerUtils.java:sanitizeUserArgs(77)) - ozone.scm.stale.node.interval value = 300000 is larger than max = 100000 based on the key value of ozone.scm.heartbeat.thread.interval, reset to the max value 100000.
2025-03-20 02:09:48,602 [main] INFO  node.SCMNodeManager (SCMNodeManager.java:<init>(181)) - Entering startup safe mode.
2025-03-20 02:09:48,612 [main] INFO  algorithms.ContainerPlacementPolicyFactory (ContainerPlacementPolicyFactory.java:getPolicyInternal(85)) - Create container placement policy of type org.apache.hadoop.hdds.scm.container.placement.algorithms.SCMContainerPlacementRackAware
2025-03-20 02:09:48,616 [main] INFO  algorithms.ContainerPlacementPolicyFactory (ContainerPlacementPolicyFactory.java:getPolicyInternal(85)) - Create container placement policy of type org.apache.hadoop.hdds.scm.container.placement.algorithms.SCMContainerPlacementRackScatter
2025-03-20 02:09:48,623 [main] INFO  pipeline.PipelineStateManagerImpl (PipelineStateManagerImpl.java:initialize(75)) - No pipeline exists in current db
2025-03-20 02:09:48,633 [main] INFO  algorithms.LeaderChoosePolicyFactory (LeaderChoosePolicyFactory.java:getPolicy(56)) - Create leader choose policy of type org.apache.hadoop.hdds.scm.pipeline.leader.choose.algorithms.MinLeaderCountChoosePolicy
2025-03-20 02:09:48,634 [main] INFO  algorithms.ContainerPlacementPolicyFactory (ContainerPlacementPolicyFactory.java:getPolicyInternal(85)) - Create container placement policy of type org.apache.hadoop.hdds.scm.container.placement.algorithms.SCMContainerPlacementRackScatter
2025-03-20 02:09:48,639 [main] INFO  ha.SCMServiceManager (SCMServiceManager.java:register(42)) - Registering service BackgroundPipelineCreator.
2025-03-20 02:09:48,639 [main] INFO  pipeline.BackgroundPipelineCreator (BackgroundPipelineCreator.java:start(127)) - Starting RatisPipelineUtilsThread.
2025-03-20 02:09:48,642 [main] INFO  BackgroundPipelineScrubber (BackgroundSCMService.java:start(64)) - Starting BackgroundPipelineScrubber Service.
2025-03-20 02:09:48,642 [main] INFO  ha.SCMServiceManager (SCMServiceManager.java:register(42)) - Registering service BackgroundPipelineScrubber.
2025-03-20 02:09:48,647 [main] INFO  ExpiredContainerReplicaOpScrubber (BackgroundSCMService.java:start(64)) - Starting ExpiredContainerReplicaOpScrubber Service.
2025-03-20 02:09:48,647 [main] INFO  ha.SCMServiceManager (SCMServiceManager.java:register(42)) - Registering service ExpiredContainerReplicaOpScrubber.
2025-03-20 02:09:48,668 [main] INFO  algorithms.PipelineChoosePolicyFactory (PipelineChoosePolicyFactory.java:createPipelineChoosePolicyFromClass(78)) - Create pipeline choose policy of type org.apache.hadoop.hdds.scm.pipeline.choose.algorithms.RandomPipelineChoosePolicy
2025-03-20 02:09:48,668 [main] INFO  algorithms.PipelineChoosePolicyFactory (PipelineChoosePolicyFactory.java:createPipelineChoosePolicyFromClass(78)) - Create pipeline choose policy of type org.apache.hadoop.hdds.scm.pipeline.choose.algorithms.RandomPipelineChoosePolicy
2025-03-20 02:09:48,692 [main] INFO  ha.SCMServiceManager (SCMServiceManager.java:register(42)) - Registering service SCMBlockDeletingService.
2025-03-20 02:09:48,735 [main] INFO  replication.ReplicationManager (ReplicationManager.java:start(287)) - Starting Replication Monitor Thread.
2025-03-20 02:09:48,736 [main] INFO  ha.SCMServiceManager (SCMServiceManager.java:register(42)) - Registering service ReplicationManager.
2025-03-20 02:09:48,746 [main] INFO  safemode.ContainerSafeModeRule (ContainerSafeModeRule.java:initializeRule(356)) - Refreshed Containers with one replica threshold count 0, with ec n replica threshold count 0.
2025-03-20 02:09:48,750 [main] INFO  safemode.HealthyPipelineSafeModeRule (HealthyPipelineSafeModeRule.java:initializeRule(178)) - Total pipeline count is 0, healthy pipeline threshold count is 1
2025-03-20 02:09:48,752 [main] INFO  safemode.OneReplicaPipelineSafeModeRule (OneReplicaPipelineSafeModeRule.java:initializeRule(191)) - Total pipeline count is 0, pipeline's with at least one datanode reported threshold count is 0
2025-03-20 02:09:48,797 [main] INFO  server.StorageContainerManager (StorageContainerManager.java:<init>(429)) - SCM start with adminUsers: [runner]
2025-03-20 02:09:49,053 [main] INFO  audit.AuditLogger (AuditLogger.java:refreshDebugCmdSet(133)) - Refresh DebugCmdSet for SCMAudit to [].
2025-03-20 02:09:49,079 [main] INFO  ipc.CallQueueManager (CallQueueManager.java:<init>(93)) - Using callQueue: class java.util.concurrent.LinkedBlockingQueue, queueCapacity: 10000, scheduler: class org.apache.hadoop.ipc.DefaultRpcScheduler, ipcBackoff: false, ipcFailOver: false.
2025-03-20 02:09:49,102 [main] INFO  ipc.Server (Server.java:<init>(1438)) - Listener at 0.0.0.0:15002
2025-03-20 02:09:49,103 [Socket Reader #1 for port 15002] INFO  ipc.Server (Server.java:run(1474)) - Starting Socket Reader #1 for port 15002
2025-03-20 02:09:49,104 [Socket Reader #2 for port 15002] INFO  ipc.Server (Server.java:run(1474)) - Starting Socket Reader #2 for port 15002
2025-03-20 02:09:49,104 [Socket Reader #3 for port 15002] INFO  ipc.Server (Server.java:run(1474)) - Starting Socket Reader #3 for port 15002
2025-03-20 02:09:49,104 [Socket Reader #4 for port 15002] INFO  ipc.Server (Server.java:run(1474)) - Starting Socket Reader #4 for port 15002
2025-03-20 02:09:49,105 [Socket Reader #5 for port 15002] INFO  ipc.Server (Server.java:run(1474)) - Starting Socket Reader #5 for port 15002
2025-03-20 02:09:49,105 [Socket Reader #6 for port 15002] INFO  ipc.Server (Server.java:run(1474)) - Starting Socket Reader #6 for port 15002
2025-03-20 02:09:49,106 [Socket Reader #7 for port 15002] INFO  ipc.Server (Server.java:run(1474)) - Starting Socket Reader #7 for port 15002
2025-03-20 02:09:49,106 [Socket Reader #8 for port 15002] INFO  ipc.Server (Server.java:run(1474)) - Starting Socket Reader #8 for port 15002
2025-03-20 02:09:49,107 [Socket Reader #9 for port 15002] INFO  ipc.Server (Server.java:run(1474)) - Starting Socket Reader #9 for port 15002
2025-03-20 02:09:49,107 [Socket Reader #10 for port 15002] INFO  ipc.Server (Server.java:run(1474)) - Starting Socket Reader #10 for port 15002
2025-03-20 02:09:49,144 [main] INFO  audit.AuditLogger (AuditLogger.java:refreshDebugCmdSet(133)) - Refresh DebugCmdSet for SCMAudit to [].
2025-03-20 02:09:49,148 [main] INFO  ipc.CallQueueManager (CallQueueManager.java:<init>(93)) - Using callQueue: class java.util.concurrent.LinkedBlockingQueue, queueCapacity: 10000, scheduler: class org.apache.hadoop.ipc.DefaultRpcScheduler, ipcBackoff: false, ipcFailOver: false.
2025-03-20 02:09:49,149 [main] INFO  ipc.Server (Server.java:<init>(1438)) - Listener at 0.0.0.0:15001
2025-03-20 02:09:49,150 [Socket Reader #1 for port 15001] INFO  ipc.Server (Server.java:run(1474)) - Starting Socket Reader #1 for port 15001
2025-03-20 02:09:49,150 [Socket Reader #2 for port 15001] INFO  ipc.Server (Server.java:run(1474)) - Starting Socket Reader #2 for port 15001
2025-03-20 02:09:49,151 [Socket Reader #3 for port 15001] INFO  ipc.Server (Server.java:run(1474)) - Starting Socket Reader #3 for port 15001
2025-03-20 02:09:49,152 [Socket Reader #4 for port 15001] INFO  ipc.Server (Server.java:run(1474)) - Starting Socket Reader #4 for port 15001
2025-03-20 02:09:49,153 [Socket Reader #5 for port 15001] INFO  ipc.Server (Server.java:run(1474)) - Starting Socket Reader #5 for port 15001
2025-03-20 02:09:49,153 [Socket Reader #6 for port 15001] INFO  ipc.Server (Server.java:run(1474)) - Starting Socket Reader #6 for port 15001
2025-03-20 02:09:49,154 [Socket Reader #7 for port 15001] INFO  ipc.Server (Server.java:run(1474)) - Starting Socket Reader #7 for port 15001
2025-03-20 02:09:49,154 [Socket Reader #9 for port 15001] INFO  ipc.Server (Server.java:run(1474)) - Starting Socket Reader #9 for port 15001
2025-03-20 02:09:49,155 [Socket Reader #8 for port 15001] INFO  ipc.Server (Server.java:run(1474)) - Starting Socket Reader #8 for port 15001
2025-03-20 02:09:49,156 [Socket Reader #10 for port 15001] INFO  ipc.Server (Server.java:run(1474)) - Starting Socket Reader #10 for port 15001
2025-03-20 02:09:49,181 [main] INFO  audit.AuditLogger (AuditLogger.java:refreshDebugCmdSet(133)) - Refresh DebugCmdSet for SCMAudit to [].
2025-03-20 02:09:49,188 [main] INFO  ipc.CallQueueManager (CallQueueManager.java:<init>(93)) - Using callQueue: class java.util.concurrent.LinkedBlockingQueue, queueCapacity: 10000, scheduler: class org.apache.hadoop.ipc.DefaultRpcScheduler, ipcBackoff: false, ipcFailOver: false.
2025-03-20 02:09:49,189 [main] INFO  ipc.Server (Server.java:<init>(1438)) - Listener at 0.0.0.0:15000
2025-03-20 02:09:49,190 [Socket Reader #1 for port 15000] INFO  ipc.Server (Server.java:run(1474)) - Starting Socket Reader #1 for port 15000
2025-03-20 02:09:49,190 [Socket Reader #2 for port 15000] INFO  ipc.Server (Server.java:run(1474)) - Starting Socket Reader #2 for port 15000
2025-03-20 02:09:49,190 [Socket Reader #3 for port 15000] INFO  ipc.Server (Server.java:run(1474)) - Starting Socket Reader #3 for port 15000
2025-03-20 02:09:49,191 [Socket Reader #4 for port 15000] INFO  ipc.Server (Server.java:run(1474)) - Starting Socket Reader #4 for port 15000
2025-03-20 02:09:49,191 [Socket Reader #5 for port 15000] INFO  ipc.Server (Server.java:run(1474)) - Starting Socket Reader #5 for port 15000
2025-03-20 02:09:49,192 [Socket Reader #6 for port 15000] INFO  ipc.Server (Server.java:run(1474)) - Starting Socket Reader #6 for port 15000
2025-03-20 02:09:49,193 [Socket Reader #7 for port 15000] INFO  ipc.Server (Server.java:run(1474)) - Starting Socket Reader #7 for port 15000
2025-03-20 02:09:49,193 [Socket Reader #8 for port 15000] INFO  ipc.Server (Server.java:run(1474)) - Starting Socket Reader #8 for port 15000
2025-03-20 02:09:49,193 [Socket Reader #9 for port 15000] INFO  ipc.Server (Server.java:run(1474)) - Starting Socket Reader #9 for port 15000
2025-03-20 02:09:49,201 [Socket Reader #10 for port 15000] INFO  ipc.Server (Server.java:run(1474)) - Starting Socket Reader #10 for port 15000
2025-03-20 02:09:49,236 [main] INFO  ha.SCMServiceManager (SCMServiceManager.java:register(42)) - Registering service ContainerBalancer.
2025-03-20 02:09:49,237 [main] INFO  ha.SCMContext (SCMContext.java:updateSafeModeStatus(224)) - Update SafeModeStatus from SafeModeStatus{safeModeStatus=true, preCheckPassed=false} to SafeModeStatus{safeModeStatus=true, preCheckPassed=false}.
2025-03-20 02:09:49,242 [main] INFO  server.StorageContainerManager (StorageContainerManager.java:start(1500)) - StorageContainerLocationProtocol RPC server is listening at /0.0.0.0:15000
2025-03-20 02:09:49,243 [main] INFO  ha.SCMRatisServerImpl (SCMRatisServerImpl.java:start(203)) - starting ratis server 0.0.0.0:15004
2025-03-20 02:09:49,243 [54dc63b2-7f1a-4ab5-a931-3f057955b2af-impl-thread1] INFO  server.RaftServerConfigKeys (ConfUtils.java:logGet(46)) - raft.server.storage.free-space.min = 0MB (=0) (default)
2025-03-20 02:09:49,243 [54dc63b2-7f1a-4ab5-a931-3f057955b2af-impl-thread1] INFO  server.RaftServerConfigKeys (ConfUtils.java:logGet(46)) - raft.server.log.corruption.policy = EXCEPTION (default)
2025-03-20 02:09:49,243 [54dc63b2-7f1a-4ab5-a931-3f057955b2af-impl-thread1] INFO  server.RaftServerConfigKeys (ConfUtils.java:logGet(46)) - raft.server.storage.dir = [/home/runner/work/ozone/ozone/hadoop-ozone/integration-test/target/test-dir/MiniOzoneClusterImpl-897eaf7f-b25b-4380-b284-a53405b32f13/ozone-meta/scm-ha] (custom)
2025-03-20 02:09:49,245 [54dc63b2-7f1a-4ab5-a931-3f057955b2af-impl-thread1] INFO  storage.RaftStorageDirectory (RaftStorageDirectoryImpl.java:tryLock(229)) - Lock on /home/runner/work/ozone/ozone/hadoop-ozone/integration-test/target/test-dir/MiniOzoneClusterImpl-897eaf7f-b25b-4380-b284-a53405b32f13/ozone-meta/scm-ha/897eaf7f-b25b-4380-b284-a53405b32f13/in_use.lock acquired by nodename 18099@fv-az789-190
2025-03-20 02:09:49,246 [54dc63b2-7f1a-4ab5-a931-3f057955b2af-impl-thread1] INFO  storage.RaftStorage (RaftStorageImpl.java:analyzeAndRecoverStorage(118)) - Read RaftStorageMetadata{term=1, votedFor=54dc63b2-7f1a-4ab5-a931-3f057955b2af} from /home/runner/work/ozone/ozone/hadoop-ozone/integration-test/target/test-dir/MiniOzoneClusterImpl-897eaf7f-b25b-4380-b284-a53405b32f13/ozone-meta/scm-ha/897eaf7f-b25b-4380-b284-a53405b32f13/current/raft-meta
2025-03-20 02:09:49,248 [54dc63b2-7f1a-4ab5-a931-3f057955b2af-impl-thread1] INFO  server.RaftServer$Division (ServerState.java:setRaftConf(386)) - 54dc63b2-7f1a-4ab5-a931-3f057955b2af@group-A53405B32F13: set configuration conf: {index: 0, cur=peers:[54dc63b2-7f1a-4ab5-a931-3f057955b2af|fv-az789-190:15004]|listeners:[], old=null}
2025-03-20 02:09:49,248 [54dc63b2-7f1a-4ab5-a931-3f057955b2af-impl-thread1] INFO  ha.SCMStateMachine (SCMStateMachine.java:lambda$initialize$0(138)) - 54dc63b2-7f1a-4ab5-a931-3f057955b2af: initialize group-A53405B32F13
2025-03-20 02:09:49,249 [54dc63b2-7f1a-4ab5-a931-3f057955b2af-impl-thread1] INFO  server.RaftServerConfigKeys (ConfUtils.java:logGet(46)) - raft.server.log.use.memory = false (default)
2025-03-20 02:09:49,249 [54dc63b2-7f1a-4ab5-a931-3f057955b2af-impl-thread1] INFO  server.RaftServerConfigKeys (ConfUtils.java:logGet(46)) - raft.server.log.purge.gap = 1000000 (custom)
2025-03-20 02:09:49,249 [54dc63b2-7f1a-4ab5-a931-3f057955b2af-impl-thread1] INFO  server.RaftServerConfigKeys (ConfUtils.java:logGet(46)) - raft.server.log.appender.buffer.byte-limit = 4194304 (custom)
2025-03-20 02:09:49,249 [54dc63b2-7f1a-4ab5-a931-3f057955b2af-impl-thread1] INFO  server.RaftServerConfigKeys (ConfUtils.java:logGet(46)) - raft.server.log.statemachine.data.read.timeout = 1000ms (default)
2025-03-20 02:09:49,249 [54dc63b2-7f1a-4ab5-a931-3f057955b2af-impl-thread1] INFO  server.RaftServerConfigKeys (ConfUtils.java:logGet(46)) - raft.server.log.purge.preservation.log.num = 0 (default)
2025-03-20 02:09:49,251 [54dc63b2-7f1a-4ab5-a931-3f057955b2af-impl-thread1] INFO  server.RaftServerConfigKeys (ConfUtils.java:logGet(46)) - raft.server.log.segment.size.max = 4194304 (custom)
2025-03-20 02:09:49,252 [54dc63b2-7f1a-4ab5-a931-3f057955b2af-impl-thread1] INFO  server.RaftServerConfigKeys (ConfUtils.java:logGet(46)) - raft.server.log.segment.cache.num.max = 2 (custom)
2025-03-20 02:09:49,252 [54dc63b2-7f1a-4ab5-a931-3f057955b2af-impl-thread1] INFO  server.RaftServerConfigKeys (ConfUtils.java:logGet(46)) - raft.server.log.segment.cache.size.max = 200MB (=209715200) (default)
2025-03-20 02:09:49,252 [54dc63b2-7f1a-4ab5-a931-3f057955b2af-impl-thread1] INFO  server.RaftServerConfigKeys (ConfUtils.java:logGet(46)) - raft.server.log.appender.buffer.byte-limit = 4194304 (custom)
2025-03-20 02:09:49,253 [54dc63b2-7f1a-4ab5-a931-3f057955b2af-impl-thread1] INFO  util.AwaitToRun (AwaitToRun.java:start(81)) - Thread[#111,54dc63b2-7f1a-4ab5-a931-3f057955b2af@group-A53405B32F13-cacheEviction-AwaitToRun,5,main] started
2025-03-20 02:09:49,253 [54dc63b2-7f1a-4ab5-a931-3f057955b2af-impl-thread1] INFO  segmented.SegmentedRaftLogWorker (SegmentedRaftLogWorker.java:<init>(188)) - new 54dc63b2-7f1a-4ab5-a931-3f057955b2af@group-A53405B32F13-SegmentedRaftLogWorker for RaftStorageImpl:Storage Directory /home/runner/work/ozone/ozone/hadoop-ozone/integration-test/target/test-dir/MiniOzoneClusterImpl-897eaf7f-b25b-4380-b284-a53405b32f13/ozone-meta/scm-ha/897eaf7f-b25b-4380-b284-a53405b32f13
2025-03-20 02:09:49,253 [54dc63b2-7f1a-4ab5-a931-3f057955b2af-impl-thread1] INFO  server.RaftServerConfigKeys (ConfUtils.java:logGet(46)) - raft.server.log.queue.byte-limit = 64MB (=67108864) (default)
2025-03-20 02:09:49,254 [54dc63b2-7f1a-4ab5-a931-3f057955b2af-impl-thread1] INFO  server.RaftServerConfigKeys (ConfUtils.java:logGet(46)) - raft.server.log.queue.element-limit = 4096 (default)
2025-03-20 02:09:49,254 [54dc63b2-7f1a-4ab5-a931-3f057955b2af-impl-thread1] INFO  server.RaftServerConfigKeys (ConfUtils.java:logGet(46)) - raft.server.log.segment.size.max = 4194304 (custom)
2025-03-20 02:09:49,254 [54dc63b2-7f1a-4ab5-a931-3f057955b2af-impl-thread1] INFO  server.RaftServerConfigKeys (ConfUtils.java:logGet(46)) - raft.server.log.preallocated.size = 4194304 (custom)
2025-03-20 02:09:49,254 [54dc63b2-7f1a-4ab5-a931-3f057955b2af-impl-thread1] INFO  server.RaftServerConfigKeys (ConfUtils.java:logGet(46)) - raft.server.log.force.sync.num = 128 (default)
2025-03-20 02:09:49,254 [54dc63b2-7f1a-4ab5-a931-3f057955b2af-impl-thread1] INFO  server.RaftServerConfigKeys (ConfUtils.java:logGet(46)) - raft.server.log.statemachine.data.sync = true (default)
2025-03-20 02:09:49,254 [54dc63b2-7f1a-4ab5-a931-3f057955b2af-impl-thread1] INFO  server.RaftServerConfigKeys (ConfUtils.java:logGet(46)) - raft.server.log.statemachine.data.sync.timeout = 10s (default)
2025-03-20 02:09:49,255 [54dc63b2-7f1a-4ab5-a931-3f057955b2af-impl-thread1] INFO  server.RaftServerConfigKeys (ConfUtils.java:logGet(46)) - raft.server.log.statemachine.data.sync.timeout.retry = -1 (default)
2025-03-20 02:09:49,255 [54dc63b2-7f1a-4ab5-a931-3f057955b2af-impl-thread1] INFO  server.RaftServerConfigKeys (ConfUtils.java:logGet(46)) - raft.server.log.write.buffer.size = 4194312 (custom)
2025-03-20 02:09:49,256 [54dc63b2-7f1a-4ab5-a931-3f057955b2af-impl-thread1] INFO  server.RaftServerConfigKeys (ConfUtils.java:logGet(46)) - raft.server.log.appender.buffer.byte-limit = 4194304 (custom)
2025-03-20 02:09:49,256 [54dc63b2-7f1a-4ab5-a931-3f057955b2af-impl-thread1] INFO  server.RaftServerConfigKeys (ConfUtils.java:logGet(46)) - raft.server.log.unsafe-flush.enabled = false (default)
2025-03-20 02:09:49,256 [54dc63b2-7f1a-4ab5-a931-3f057955b2af-impl-thread1] INFO  server.RaftServerConfigKeys (ConfUtils.java:logGet(46)) - raft.server.log.async-flush.enabled = false (default)
2025-03-20 02:09:49,256 [54dc63b2-7f1a-4ab5-a931-3f057955b2af-impl-thread1] INFO  server.RaftServerConfigKeys (ConfUtils.java:logGet(46)) - raft.server.log.statemachine.data.caching.enabled = false (default)
2025-03-20 02:09:49,262 [54dc63b2-7f1a-4ab5-a931-3f057955b2af-impl-thread1] INFO  server.RaftServer$Division (ServerState.java:setRaftConf(386)) - 54dc63b2-7f1a-4ab5-a931-3f057955b2af@group-A53405B32F13: set configuration conf: {index: 0, cur=peers:[54dc63b2-7f1a-4ab5-a931-3f057955b2af|fv-az789-190:15004]|listeners:[], old=null}
2025-03-20 02:09:49,262 [54dc63b2-7f1a-4ab5-a931-3f057955b2af-impl-thread1] INFO  segmented.LogSegment (LogSegment.java:loadSegment(171)) - Successfully read 1 entries from segment file /home/runner/work/ozone/ozone/hadoop-ozone/integration-test/target/test-dir/MiniOzoneClusterImpl-897eaf7f-b25b-4380-b284-a53405b32f13/ozone-meta/scm-ha/897eaf7f-b25b-4380-b284-a53405b32f13/current/log_inprogress_0
2025-03-20 02:09:49,263 [54dc63b2-7f1a-4ab5-a931-3f057955b2af-impl-thread1] INFO  segmented.SegmentedRaftLogWorker (SegmentedRaftLogWorker.java:lambda$new$0(139)) - 54dc63b2-7f1a-4ab5-a931-3f057955b2af@group-A53405B32F13-SegmentedRaftLogWorker: safeCacheEvictIndex: setUnconditionally 0 -> -1
2025-03-20 02:09:49,263 [54dc63b2-7f1a-4ab5-a931-3f057955b2af-impl-thread1] INFO  segmented.BufferedWriteChannel (BufferedWriteChannel.java:open(61)) - open log_inprogress_0 (append) at position 79
2025-03-20 02:09:49,263 [54dc63b2-7f1a-4ab5-a931-3f057955b2af-impl-thread1] INFO  server.RaftServer$Division (RaftServerImpl.java:start(391)) - 54dc63b2-7f1a-4ab5-a931-3f057955b2af@group-A53405B32F13: start as a follower, conf=conf: {index: 0, cur=peers:[54dc63b2-7f1a-4ab5-a931-3f057955b2af|fv-az789-190:15004]|listeners:[], old=null}
2025-03-20 02:09:49,264 [54dc63b2-7f1a-4ab5-a931-3f057955b2af-impl-thread1] INFO  server.RaftServer$Division (RaftServerImpl.java:setRole(378)) - 54dc63b2-7f1a-4ab5-a931-3f057955b2af@group-A53405B32F13: changes role from      null to FOLLOWER at term 1 for startAsFollower
2025-03-20 02:09:49,264 [54dc63b2-7f1a-4ab5-a931-3f057955b2af-impl-thread1] INFO  impl.RoleInfo (RoleInfo.java:updateAndGet(148)) - 54dc63b2-7f1a-4ab5-a931-3f057955b2af: start 54dc63b2-7f1a-4ab5-a931-3f057955b2af@group-A53405B32F13-FollowerState
2025-03-20 02:09:49,265 [54dc63b2-7f1a-4ab5-a931-3f057955b2af-impl-thread1] INFO  util.JmxRegister (JmxRegister.java:tryRegister(44)) - Successfully registered JMX Bean with object name Ratis:service=RaftServer,group=group-A53405B32F13,id=54dc63b2-7f1a-4ab5-a931-3f057955b2af
2025-03-20 02:09:49,265 [54dc63b2-7f1a-4ab5-a931-3f057955b2af-impl-thread1] INFO  util.JmxRegister (JmxRegister.java:register(58)) - register mxBean class org.apache.ratis.server.impl.RaftServerJmxAdapter as Ratis:service=RaftServer,group=group-A53405B32F13,id=54dc63b2-7f1a-4ab5-a931-3f057955b2af
2025-03-20 02:09:49,265 [54dc63b2-7f1a-4ab5-a931-3f057955b2af-impl-thread1] INFO  server.RaftServerConfigKeys (ConfUtils.java:logGet(46)) - raft.server.snapshot.trigger-when-stop.enabled = true (default)
2025-03-20 02:09:49,265 [54dc63b2-7f1a-4ab5-a931-3f057955b2af-impl-thread1] INFO  server.RaftServerConfigKeys (ConfUtils.java:logGet(46)) - raft.server.snapshot.trigger-when-remove.enabled = true (default)
2025-03-20 02:09:49,265 [54dc63b2-7f1a-4ab5-a931-3f057955b2af-impl-thread1] INFO  server.RaftServerConfigKeys (ConfUtils.java:logGet(46)) - raft.server.snapshot.auto.trigger.enabled = true (custom)
2025-03-20 02:09:49,265 [54dc63b2-7f1a-4ab5-a931-3f057955b2af-impl-thread1] INFO  server.RaftServerConfigKeys (ConfUtils.java:logGet(46)) - raft.server.snapshot.auto.trigger.threshold = 1000 (custom)
2025-03-20 02:09:49,265 [54dc63b2-7f1a-4ab5-a931-3f057955b2af-impl-thread1] INFO  server.RaftServerConfigKeys (ConfUtils.java:logGet(46)) - raft.server.snapshot.retention.file.num = -1 (default)
2025-03-20 02:09:49,266 [54dc63b2-7f1a-4ab5-a931-3f057955b2af-impl-thread1] INFO  server.RaftServerConfigKeys (ConfUtils.java:logGet(46)) - raft.server.log.purge.upto.snapshot.index = false (default)
2025-03-20 02:09:49,266 [54dc63b2-7f1a-4ab5-a931-3f057955b2af@group-A53405B32F13-FollowerState] INFO  server.RaftServerConfigKeys (ConfUtils.java:logFallback(53)) - raft.server.rpc.first-election.timeout.min = 5000ms (fallback to raft.server.rpc.timeout.min)
2025-03-20 02:09:49,267 [54dc63b2-7f1a-4ab5-a931-3f057955b2af@group-A53405B32F13-FollowerState] INFO  server.RaftServerConfigKeys (ConfUtils.java:logFallback(53)) - raft.server.rpc.first-election.timeout.max = 5200ms (fallback to raft.server.rpc.timeout.max)
2025-03-20 02:09:49,267 [54dc63b2-7f1a-4ab5-a931-3f057955b2af-impl-thread1] INFO  server.RaftServer$Division (RaftServerImpl.java:start(405)) - 54dc63b2-7f1a-4ab5-a931-3f057955b2af@group-A53405B32F13: Successfully started.
2025-03-20 02:09:49,267 [main] INFO  server.RaftServer (RaftServerProxy.java:startImpl(407)) - 54dc63b2-7f1a-4ab5-a931-3f057955b2af: start RPC server
2025-03-20 02:09:49,269 [main] INFO  server.GrpcService (GrpcService.java:startImpl(334)) - 54dc63b2-7f1a-4ab5-a931-3f057955b2af: GrpcService started, listening on 15004
2025-03-20 02:09:49,269 [JvmPauseMonitor1] INFO  util.JvmPauseMonitor (JvmPauseMonitor.java:run(146)) - JvmPauseMonitor-54dc63b2-7f1a-4ab5-a931-3f057955b2af: Started
2025-03-20 02:09:49,275 [main] INFO  ha.SCMHAManagerImpl (SCMHAManagerImpl.java:start(131)) -  scm role is FOLLOWER peers [54dc63b2-7f1a-4ab5-a931-3f057955b2af|fv-az789-190:15004]
2025-03-20 02:09:49,275 [main] INFO  ha.InterSCMGrpcService (InterSCMGrpcProtocolService.java:start(98)) - Starting SCM Grpc Service at port 15005
2025-03-20 02:09:49,276 [main] INFO  SCMHATransactionMonitor (BackgroundSCMService.java:start(64)) - Starting SCMHATransactionMonitor Service.
2025-03-20 02:09:49,277 [main] INFO  ha.SCMServiceManager (SCMServiceManager.java:register(42)) - Registering service SCMHATransactionMonitor.
2025-03-20 02:09:49,277 [main] INFO  SCMHATransactionMonitor (BackgroundSCMService.java:start(61)) - SCMHATransactionMonitor Service is already running, skip start.
2025-03-20 02:09:49,316 [main] WARN  impl.MetricsConfig (MetricsConfig.java:loadFirst(138)) - Cannot locate configuration: tried hadoop-metrics2-storagecontainermanager.properties,hadoop-metrics2.properties
2025-03-20 02:09:49,323 [main] INFO  impl.MetricsSystemImpl (MetricsSystemImpl.java:startTimer(378)) - Scheduled Metric snapshot period at 10 second(s).
2025-03-20 02:09:49,324 [main] INFO  impl.MetricsSystemImpl (MetricsSystemImpl.java:start(191)) - StorageContainerManager metrics system started
2025-03-20 02:09:49,436 [main] INFO  server.SCMClientProtocolServer (SCMClientProtocolServer.java:start(206)) - RPC server for Client  is listening at /0.0.0.0:15000
2025-03-20 02:09:49,437 [IPC Server Responder] INFO  ipc.Server (Server.java:run(1713)) - IPC Server Responder: starting
2025-03-20 02:09:49,438 [IPC Server listener on 15000] INFO  ipc.Server (Server.java:run(1553)) - IPC Server listener on 15000: starting
2025-03-20 02:09:49,452 [main] INFO  server.StorageContainerManager (StorageContainerManager.java:start(1513)) - ScmBlockLocationProtocol RPC server is listening at /0.0.0.0:15001
2025-03-20 02:09:49,452 [main] INFO  server.SCMBlockProtocolServer (SCMBlockProtocolServer.java:start(165)) - RPC server for Block Protocol is listening at /0.0.0.0:15001
2025-03-20 02:09:49,453 [IPC Server Responder] INFO  ipc.Server (Server.java:run(1713)) - IPC Server Responder: starting
2025-03-20 02:09:49,453 [IPC Server listener on 15001] INFO  ipc.Server (Server.java:run(1553)) - IPC Server listener on 15001: starting
2025-03-20 02:09:49,475 [main] INFO  http.BaseHttpServer (BaseHttpServer.java:newHttpServer2BuilderForOzone(229)) - Starting Web-server for scm at: http://0.0.0.0:15003
2025-03-20 02:09:49,475 [main] INFO  http.BaseHttpServer (BaseHttpServer.java:<init>(107)) - Hadoop Security Enabled: false Ozone Security Enabled: false Ozone HTTP Security Enabled: false 
2025-03-20 02:09:49,489 [main] INFO  util.log (Log.java:initialized(170)) - Logging initialized @10220ms to org.eclipse.jetty.util.log.Slf4jLog
2025-03-20 02:09:49,539 [main] WARN  server.AuthenticationFilter (AuthenticationFilter.java:constructSecretProvider(240)) - Unable to initialize FileSignerSecretProvider, falling back to use random secrets. Reason: Could not read signature secret file: /home/runner/hadoop-http-auth-signature-secret
2025-03-20 02:09:49,544 [main] INFO  http.HttpRequestLog (HttpRequestLog.java:getRequestLog(85)) - Http request log for http.requests.scm is not defined
2025-03-20 02:09:49,549 [main] INFO  http.HttpServer2 (HttpServer2.java:addGlobalFilter(1040)) - Added global filter 'safety' (class=org.apache.hadoop.hdds.server.http.HttpServer2$QuotingInputFilter)
2025-03-20 02:09:49,550 [main] INFO  http.HttpServer2 (HttpServer2.java:addFilter(1016)) - Added filter static_user_filter (class=org.apache.hadoop.http.lib.StaticUserWebFilter$StaticUserFilter) to context scm
2025-03-20 02:09:49,551 [main] INFO  http.HttpServer2 (HttpServer2.java:addFilter(1024)) - Added filter static_user_filter (class=org.apache.hadoop.http.lib.StaticUserWebFilter$StaticUserFilter) to context logs
2025-03-20 02:09:49,551 [main] INFO  http.HttpServer2 (HttpServer2.java:addFilter(1024)) - Added filter static_user_filter (class=org.apache.hadoop.http.lib.StaticUserWebFilter$StaticUserFilter) to context static
2025-03-20 02:09:49,572 [main] INFO  http.BaseHttpServer (BaseHttpServer.java:<init>(195)) - HTTP server of scm uses base directory /home/runner/work/ozone/ozone/hadoop-ozone/integration-test/target/test-dir/MiniOzoneClusterImpl-897eaf7f-b25b-4380-b284-a53405b32f13/ozone-meta/webserver
2025-03-20 02:09:49,573 [main] INFO  http.HttpServer2 (HttpServer2.java:bindListener(1240)) - Jetty bound to port 15003
2025-03-20 02:09:49,574 [main] INFO  server.Server (Server.java:doStart(375)) - jetty-9.4.57.v20241219; built: 2025-01-08T21:24:30.412Z; git: df524e6b29271c2e09ba9aea83c18dc9db464a31; jvm 21.0.6+7-LTS
2025-03-20 02:09:49,590 [main] INFO  server.session (DefaultSessionIdManager.java:doStart(334)) - DefaultSessionIdManager workerName=node0
2025-03-20 02:09:49,590 [main] INFO  server.session (DefaultSessionIdManager.java:doStart(339)) - No SessionScavenger set, using defaults
2025-03-20 02:09:49,591 [main] INFO  server.session (HouseKeeper.java:startScavenging(132)) - node0 Scavenging every 600000ms
2025-03-20 02:09:49,599 [main] INFO  handler.ContextHandler (ContextHandler.java:doStart(921)) - Started o.e.j.s.ServletContextHandler@594965c9{logs,/logs,file:///home/runner/work/ozone/ozone/hadoop-ozone/integration-test/target/log,AVAILABLE}
2025-03-20 02:09:49,600 [main] INFO  handler.ContextHandler (ContextHandler.java:doStart(921)) - Started o.e.j.s.ServletContextHandler@1c96bf1e{static,/static,file:///home/runner/work/ozone/ozone/hadoop-ozone/integration-test/target/test-classes/webapps/static,AVAILABLE}
2025-03-20 02:09:49,629 [main] INFO  handler.ContextHandler (ContextHandler.java:doStart(921)) - Started o.e.j.w.WebAppContext@3a7f382{scm,/,file:///home/runner/work/ozone/ozone/hadoop-ozone/integration-test/target/test-classes/webapps/scm/,AVAILABLE}{file:/home/runner/work/ozone/ozone/hadoop-ozone/integration-test/target/test-classes/webapps/scm}
2025-03-20 02:09:49,633 [main] INFO  server.AbstractConnector (AbstractConnector.java:doStart(333)) - Started ServerConnector@5d3a238{HTTP/1.1, (http/1.1)}{0.0.0.0:15003}
2025-03-20 02:09:49,633 [main] INFO  server.Server (Server.java:doStart(415)) - Started @10364ms
2025-03-20 02:09:49,635 [main] INFO  impl.MetricsSinkAdapter (MetricsSinkAdapter.java:start(204)) - Sink prometheus started
2025-03-20 02:09:49,635 [main] INFO  impl.MetricsSystemImpl (MetricsSystemImpl.java:registerSink(305)) - Registered sink prometheus
2025-03-20 02:09:49,636 [main] INFO  http.BaseHttpServer (BaseHttpServer.java:updateConnectorAddress(360)) - HTTP server of scm listening at http://0.0.0.0:15003
2025-03-20 02:09:49,641 [main] WARN  server.ServerUtils (ServerUtils.java:getDBPath(297)) - ozone.om.db.dirs is not configured. We recommend adding this setting. Falling back to ozone.metadata.dirs instead.
2025-03-20 02:09:49,673 [main] INFO  audit.AuditLogger (AuditLogger.java:refreshDebugCmdSet(133)) - Refresh DebugCmdSet for OMAudit to [].
2025-03-20 02:09:49,689 [main] INFO  audit.AuditLogger (AuditLogger.java:refreshDebugCmdSet(133)) - Refresh DebugCmdSet for OMSystemAudit to [].
2025-03-20 02:09:49,723 [main] INFO  ha.OMHANodeDetails (OMHANodeDetails.java:loadOMHAConfig(114)) - ozone.om.internal.service.id is not defined, falling back to ozone.om.service.ids to find serviceID for OzoneManager if it is HA enabled cluster
2025-03-20 02:09:49,726 [main] INFO  ha.OMHANodeDetails (OMHANodeDetails.java:loadOMHAConfig(225)) - Configuration does not have ozone.om.address set. Falling back to the default OM address /127.0.0.1:15006
2025-03-20 02:09:49,726 [main] INFO  ha.OMHANodeDetails (OMHANodeDetails.java:getOMNodeDetailsForNonHA(253)) - OM Service ID is not set. Setting it to the default ID: omServiceIdDefault
2025-03-20 02:09:49,726 [main] INFO  ha.OMHANodeDetails (OMHANodeDetails.java:getOMNodeDetailsForNonHA(260)) - OM Node ID is not set. Setting it to the default ID: om1
2025-03-20 02:09:49,729 [main] WARN  server.ServerUtils (ServerUtils.java:getDBPath(297)) - ozone.om.db.dirs is not configured. We recommend adding this setting. Falling back to ozone.metadata.dirs instead.
2025-03-20 02:09:49,733 [main] INFO  upgrade.AbstractLayoutVersionManager (AbstractLayoutVersionManager.java:init(80)) - Initializing Layout version manager with metadata layout = BUCKET_LAYOUT_SUPPORT (version = 2), software layout = DELEGATION_TOKEN_SYMMETRIC_SIGN (version = 8)
2025-03-20 02:09:49,851 [main] INFO  reflections.Reflections (Reflections.java:scan(219)) - Reflections took 116 ms to scan 2 urls, producing 202 keys and 597 values
2025-03-20 02:09:49,855 [main] INFO  upgrade.OMLayoutVersionManager (OMLayoutVersionManager.java:lambda$0(107)) - Registering Upgrade Action : QuotaRepairUpgradeAction
2025-03-20 02:09:49,856 [main] INFO  upgrade.OMLayoutVersionManager (OMLayoutVersionManager.java:lambda$0(110)) - Skipping Upgrade Action MockOmUpgradeAction since it has been finalized.
2025-03-20 02:09:49,858 [main] WARN  server.ServerUtils (ServerUtils.java:getDBPath(297)) - ozone.om.db.dirs is not configured. We recommend adding this setting. Falling back to ozone.metadata.dirs instead.
2025-03-20 02:09:49,863 [main] INFO  om.OzoneManager (OzoneManager.java:setReplicationFromConfig(4486)) - Set default replication in OM: RATIS/3 -> RATIS/THREE
2025-03-20 02:09:49,869 [main] INFO  proxy.SCMContainerLocationFailoverProxyProvider (SCMFailoverProxyProviderBase.java:<init>(120)) - Created fail-over proxy for protocol StorageContainerLocationProtocolPB with 1 nodes: [nodeId=scmNodeId,nodeAddress=/0.0.0.0:15000]
2025-03-20 02:09:49,911 [main] INFO  proxy.SCMBlockLocationFailoverProxyProvider (SCMFailoverProxyProviderBase.java:<init>(120)) - Created fail-over proxy for protocol ScmBlockLocationProtocolPB with 1 nodes: [nodeId=scmNodeId,nodeAddress=/0.0.0.0:15001]
2025-03-20 02:09:49,923 [main] INFO  proxy.SCMBlockLocationFailoverProxyProvider (SCMFailoverProxyProviderBase.java:<init>(120)) - Created fail-over proxy for protocol ScmBlockLocationProtocolPB with 1 nodes: [nodeId=scmNodeId,nodeAddress=/0.0.0.0:15001]
2025-03-20 02:09:52,034 [main] INFO  retry.RetryInvocationHandler (RetryInvocationHandler.java:log(426)) - com.google.protobuf.ServiceException: org.apache.hadoop.ipc.RemoteException(org.apache.hadoop.hdds.ratis.ServerNotLeaderException): SCM Server:54dc63b2-7f1a-4ab5-a931-3f057955b2af(fv-az789-190) is not the leader. Could not determine the leader node.
	at org.apache.hadoop.hdds.ratis.ServerNotLeaderException.convertToNotLeaderException(ServerNotLeaderException.java:106)
	at org.apache.hadoop.hdds.scm.ha.RatisUtil.checkRatisException(RatisUtil.java:247)
	at org.apache.hadoop.hdds.scm.protocol.ScmBlockLocationProtocolServerSideTranslatorPB.send(ScmBlockLocationProtocolServerSideTranslatorPB.java:111)
	at org.apache.hadoop.hdds.protocol.proto.ScmBlockLocationProtocolProtos$ScmBlockLocationProtocolService$2.callBlockingMethod(ScmBlockLocationProtocolProtos.java:15776)
	at org.apache.hadoop.ipc.ProtobufRpcEngine$Server.processCall(ProtobufRpcEngine.java:484)
	at org.apache.hadoop.ipc.ProtobufRpcEngine2$Server$ProtoBufRpcInvoker.call(ProtobufRpcEngine2.java:595)
	at org.apache.hadoop.ipc.ProtobufRpcEngine2$Server$ProtoBufRpcInvoker.call(ProtobufRpcEngine2.java:573)
	at org.apache.hadoop.ipc.RPC$Server.call(RPC.java:1227)
	at org.apache.hadoop.ipc.Server$RpcCall.run(Server.java:1246)
	at org.apache.hadoop.ipc.Server$RpcCall.run(Server.java:1169)
	at java.base/java.security.AccessController.doPrivileged(AccessController.java:714)
	at java.base/javax.security.auth.Subject.doAs(Subject.java:525)
	at org.apache.hadoop.security.UserGroupInformation.doAs(UserGroupInformation.java:1953)
	at org.apache.hadoop.ipc.Server$Handler.run(Server.java:3198)
, while invoking $Proxy57.send over nodeId=scmNodeId,nodeAddress=/0.0.0.0:15001 after 1 failover attempts. Trying to failover after sleeping for 2000ms. Current retry count: 1.
2025-03-20 02:09:54,037 [main] INFO  retry.RetryInvocationHandler (RetryInvocationHandler.java:log(426)) - com.google.protobuf.ServiceException: org.apache.hadoop.ipc.RemoteException(org.apache.hadoop.hdds.ratis.ServerNotLeaderException): SCM Server:54dc63b2-7f1a-4ab5-a931-3f057955b2af(fv-az789-190) is not the leader. Could not determine the leader node.
	at org.apache.hadoop.hdds.ratis.ServerNotLeaderException.convertToNotLeaderException(ServerNotLeaderException.java:106)
	at org.apache.hadoop.hdds.scm.ha.RatisUtil.checkRatisException(RatisUtil.java:247)
	at org.apache.hadoop.hdds.scm.protocol.ScmBlockLocationProtocolServerSideTranslatorPB.send(ScmBlockLocationProtocolServerSideTranslatorPB.java:111)
	at org.apache.hadoop.hdds.protocol.proto.ScmBlockLocationProtocolProtos$ScmBlockLocationProtocolService$2.callBlockingMethod(ScmBlockLocationProtocolProtos.java:15776)
	at org.apache.hadoop.ipc.ProtobufRpcEngine$Server.processCall(ProtobufRpcEngine.java:484)
	at org.apache.hadoop.ipc.ProtobufRpcEngine2$Server$ProtoBufRpcInvoker.call(ProtobufRpcEngine2.java:595)
	at org.apache.hadoop.ipc.ProtobufRpcEngine2$Server$ProtoBufRpcInvoker.call(ProtobufRpcEngine2.java:573)
	at org.apache.hadoop.ipc.RPC$Server.call(RPC.java:1227)
	at org.apache.hadoop.ipc.Server$RpcCall.run(Server.java:1246)
	at org.apache.hadoop.ipc.Server$RpcCall.run(Server.java:1169)
	at java.base/java.security.AccessController.doPrivileged(AccessController.java:714)
	at java.base/javax.security.auth.Subject.doAs(Subject.java:525)
	at org.apache.hadoop.security.UserGroupInformation.doAs(UserGroupInformation.java:1953)
	at org.apache.hadoop.ipc.Server$Handler.run(Server.java:3198)
, while invoking $Proxy57.send over nodeId=scmNodeId,nodeAddress=/0.0.0.0:15001 after 2 failover attempts. Trying to failover after sleeping for 2000ms. Current retry count: 2.
2025-03-20 02:09:54,455 [54dc63b2-7f1a-4ab5-a931-3f057955b2af@group-A53405B32F13-FollowerState] INFO  impl.FollowerState (FollowerState.java:runImpl(161)) - 54dc63b2-7f1a-4ab5-a931-3f057955b2af@group-A53405B32F13-FollowerState: change to CANDIDATE, lastRpcElapsedTime:5190830384ns, electionTimeout:5188ms
2025-03-20 02:09:54,455 [54dc63b2-7f1a-4ab5-a931-3f057955b2af@group-A53405B32F13-FollowerState] INFO  impl.RoleInfo (RoleInfo.java:shutdownFollowerState(121)) - 54dc63b2-7f1a-4ab5-a931-3f057955b2af: shutdown 54dc63b2-7f1a-4ab5-a931-3f057955b2af@group-A53405B32F13-FollowerState
2025-03-20 02:09:54,455 [54dc63b2-7f1a-4ab5-a931-3f057955b2af@group-A53405B32F13-FollowerState] INFO  server.RaftServer$Division (RaftServerImpl.java:setRole(378)) - 54dc63b2-7f1a-4ab5-a931-3f057955b2af@group-A53405B32F13: changes role from  FOLLOWER to CANDIDATE at term 1 for changeToCandidate
2025-03-20 02:09:54,455 [54dc63b2-7f1a-4ab5-a931-3f057955b2af@group-A53405B32F13-FollowerState] INFO  server.RaftServerConfigKeys (ConfUtils.java:logGet(46)) - raft.server.leaderelection.pre-vote = true (default)
2025-03-20 02:09:54,455 [54dc63b2-7f1a-4ab5-a931-3f057955b2af@group-A53405B32F13-FollowerState] INFO  impl.RoleInfo (RoleInfo.java:updateAndGet(148)) - 54dc63b2-7f1a-4ab5-a931-3f057955b2af: start 54dc63b2-7f1a-4ab5-a931-3f057955b2af@group-A53405B32F13-LeaderElection2
2025-03-20 02:09:54,456 [54dc63b2-7f1a-4ab5-a931-3f057955b2af@group-A53405B32F13-LeaderElection2] INFO  impl.LeaderElection (LeaderElection.java:askForVotes(332)) - 54dc63b2-7f1a-4ab5-a931-3f057955b2af@group-A53405B32F13-LeaderElection2 PRE_VOTE round 0: submit vote requests at term 1 for conf: {index: 0, cur=peers:[54dc63b2-7f1a-4ab5-a931-3f057955b2af|fv-az789-190:15004]|listeners:[], old=null}
2025-03-20 02:09:54,456 [54dc63b2-7f1a-4ab5-a931-3f057955b2af@group-A53405B32F13-LeaderElection2] INFO  impl.LeaderElection (LeaderElection.java:askForVotes(334)) - 54dc63b2-7f1a-4ab5-a931-3f057955b2af@group-A53405B32F13-LeaderElection2 PRE_VOTE round 0: result PASSED (term=1)
2025-03-20 02:09:54,458 [54dc63b2-7f1a-4ab5-a931-3f057955b2af@group-A53405B32F13-LeaderElection2] INFO  impl.LeaderElection (LeaderElection.java:askForVotes(332)) - 54dc63b2-7f1a-4ab5-a931-3f057955b2af@group-A53405B32F13-LeaderElection2 ELECTION round 0: submit vote requests at term 2 for conf: {index: 0, cur=peers:[54dc63b2-7f1a-4ab5-a931-3f057955b2af|fv-az789-190:15004]|listeners:[], old=null}
2025-03-20 02:09:54,458 [54dc63b2-7f1a-4ab5-a931-3f057955b2af@group-A53405B32F13-LeaderElection2] INFO  impl.LeaderElection (LeaderElection.java:askForVotes(334)) - 54dc63b2-7f1a-4ab5-a931-3f057955b2af@group-A53405B32F13-LeaderElection2 ELECTION round 0: result PASSED (term=2)
2025-03-20 02:09:54,458 [54dc63b2-7f1a-4ab5-a931-3f057955b2af@group-A53405B32F13-LeaderElection2] INFO  impl.RoleInfo (RoleInfo.java:shutdownLeaderElection(141)) - 54dc63b2-7f1a-4ab5-a931-3f057955b2af: shutdown 54dc63b2-7f1a-4ab5-a931-3f057955b2af@group-A53405B32F13-LeaderElection2
2025-03-20 02:09:54,458 [54dc63b2-7f1a-4ab5-a931-3f057955b2af@group-A53405B32F13-LeaderElection2] INFO  server.RaftServer$Division (RaftServerImpl.java:setRole(378)) - 54dc63b2-7f1a-4ab5-a931-3f057955b2af@group-A53405B32F13: changes role from CANDIDATE to LEADER at term 2 for changeToLeader
2025-03-20 02:09:54,458 [54dc63b2-7f1a-4ab5-a931-3f057955b2af@group-A53405B32F13-LeaderElection2] INFO  server.RaftServerConfigKeys (ConfUtils.java:logGet(46)) - raft.server.staging.catchup.gap = 1000 (default)
2025-03-20 02:09:54,459 [54dc63b2-7f1a-4ab5-a931-3f057955b2af@group-A53405B32F13-LeaderElection2] INFO  server.RaftServerConfigKeys (ConfUtils.java:logGet(46)) - raft.server.write.element-limit = 4096 (default)
2025-03-20 02:09:54,459 [54dc63b2-7f1a-4ab5-a931-3f057955b2af@group-A53405B32F13-LeaderElection2] INFO  server.RaftServerConfigKeys (ConfUtils.java:logGet(46)) - raft.server.write.byte-limit = 64MB (=67108864) (default)
2025-03-20 02:09:54,459 [54dc63b2-7f1a-4ab5-a931-3f057955b2af@group-A53405B32F13-LeaderElection2] INFO  server.RaftServerConfigKeys (ConfUtils.java:logGet(46)) - raft.server.watch.timeout = 10s (default)
2025-03-20 02:09:54,459 [54dc63b2-7f1a-4ab5-a931-3f057955b2af@group-A53405B32F13-LeaderElection2] INFO  server.RaftServerConfigKeys (ConfUtils.java:logGet(46)) - raft.server.watch.timeout.denomination = 1s (default)
2025-03-20 02:09:54,459 [54dc63b2-7f1a-4ab5-a931-3f057955b2af@group-A53405B32F13-LeaderElection2] INFO  server.RaftServerConfigKeys (ConfUtils.java:logGet(46)) - raft.server.watch.element-limit = 65536 (default)
2025-03-20 02:09:54,460 [54dc63b2-7f1a-4ab5-a931-3f057955b2af@group-A53405B32F13-LeaderElection2] INFO  server.RaftServerConfigKeys (ConfUtils.java:logGet(46)) - raft.server.read.leader.lease.enabled = false (default)
2025-03-20 02:09:54,461 [54dc63b2-7f1a-4ab5-a931-3f057955b2af@group-A53405B32F13-LeaderElection2] INFO  server.RaftServerConfigKeys (ConfUtils.java:logGet(46)) - raft.server.read.leader.lease.timeout.ratio = 0.9 (default)
2025-03-20 02:09:54,461 [54dc63b2-7f1a-4ab5-a931-3f057955b2af@group-A53405B32F13-LeaderElection2] INFO  server.RaftServerConfigKeys (ConfUtils.java:logGet(46)) - raft.server.rpc.timeout.min = 5000ms (custom)
2025-03-20 02:09:54,461 [54dc63b2-7f1a-4ab5-a931-3f057955b2af@group-A53405B32F13-LeaderElection2] INFO  server.RaftServerConfigKeys (ConfUtils.java:logGet(46)) - raft.server.log.log-metadata.enabled = true (default)
2025-03-20 02:09:54,461 [54dc63b2-7f1a-4ab5-a931-3f057955b2af@group-A53405B32F13-LeaderElection2] INFO  server.RaftServerConfigKeys (ConfUtils.java:logGet(46)) - raft.server.write.element-limit = 4096 (default)
2025-03-20 02:09:54,461 [54dc63b2-7f1a-4ab5-a931-3f057955b2af@group-A53405B32F13-LeaderElection2] INFO  server.RaftServerConfigKeys (ConfUtils.java:logGet(46)) - raft.server.write.follower.gap.ratio.max = -1.0 (default)
2025-03-20 02:09:54,461 [54dc63b2-7f1a-4ab5-a931-3f057955b2af@group-A53405B32F13-LeaderElection2] INFO  impl.RoleInfo (RoleInfo.java:updateAndGet(148)) - 54dc63b2-7f1a-4ab5-a931-3f057955b2af: start 54dc63b2-7f1a-4ab5-a931-3f057955b2af@group-A53405B32F13-LeaderStateImpl
2025-03-20 02:09:54,461 [54dc63b2-7f1a-4ab5-a931-3f057955b2af@group-A53405B32F13-LeaderElection2] INFO  server.RaftServer$Division (RaftServerImpl.java:setFirstElection(562)) - 54dc63b2-7f1a-4ab5-a931-3f057955b2af@group-A53405B32F13: set firstElectionSinceStartup to false for becomeLeader
2025-03-20 02:09:54,461 [54dc63b2-7f1a-4ab5-a931-3f057955b2af@group-A53405B32F13-LeaderElection2] INFO  ha.SCMStateMachine (SCMStateMachine.java:notifyLeaderChanged(294)) - current SCM becomes leader of term 2.
2025-03-20 02:09:54,462 [54dc63b2-7f1a-4ab5-a931-3f057955b2af@group-A53405B32F13-LeaderElection2] INFO  ha.SCMContext (SCMContext.java:updateLeaderAndTerm(95)) - update <isLeader,term> from <false,0> to <true,2>
2025-03-20 02:09:54,464 [54dc63b2-7f1a-4ab5-a931-3f057955b2af@group-A53405B32F13-LeaderElection2] INFO  server.RaftServer$Division (ServerState.java:setLeader(272)) - 54dc63b2-7f1a-4ab5-a931-3f057955b2af@group-A53405B32F13: change Leader from null to 54dc63b2-7f1a-4ab5-a931-3f057955b2af at term 2 for becomeLeader, leader elected after 5970ms
2025-03-20 02:09:54,464 [54dc63b2-7f1a-4ab5-a931-3f057955b2af@group-A53405B32F13-LeaderElection2] INFO  segmented.SegmentedRaftLogWorker (SegmentedRaftLogWorker.java:rollLogSegment(443)) - 54dc63b2-7f1a-4ab5-a931-3f057955b2af@group-A53405B32F13-SegmentedRaftLogWorker: Rolling segment log-0_0 to index:0
2025-03-20 02:09:54,465 [54dc63b2-7f1a-4ab5-a931-3f057955b2af@group-A53405B32F13-LeaderElection2] INFO  server.RaftServer$Division (ServerState.java:setRaftConf(386)) - 54dc63b2-7f1a-4ab5-a931-3f057955b2af@group-A53405B32F13: set configuration conf: {index: 1, cur=peers:[54dc63b2-7f1a-4ab5-a931-3f057955b2af|fv-az789-190:15004]|listeners:[], old=null}
2025-03-20 02:09:54,466 [54dc63b2-7f1a-4ab5-a931-3f057955b2af@group-A53405B32F13-SegmentedRaftLogWorker] INFO  segmented.SegmentedRaftLogWorker (SegmentedRaftLogWorker.java:execute(601)) - 54dc63b2-7f1a-4ab5-a931-3f057955b2af@group-A53405B32F13-SegmentedRaftLogWorker: Rolled log segment from /home/runner/work/ozone/ozone/hadoop-ozone/integration-test/target/test-dir/MiniOzoneClusterImpl-897eaf7f-b25b-4380-b284-a53405b32f13/ozone-meta/scm-ha/897eaf7f-b25b-4380-b284-a53405b32f13/current/log_inprogress_0 to /home/runner/work/ozone/ozone/hadoop-ozone/integration-test/target/test-dir/MiniOzoneClusterImpl-897eaf7f-b25b-4380-b284-a53405b32f13/ozone-meta/scm-ha/897eaf7f-b25b-4380-b284-a53405b32f13/current/log_0-0
2025-03-20 02:09:54,468 [54dc63b2-7f1a-4ab5-a931-3f057955b2af@group-A53405B32F13-SegmentedRaftLogWorker] INFO  segmented.BufferedWriteChannel (BufferedWriteChannel.java:open(61)) - open log_inprogress_1 at position 0
2025-03-20 02:09:54,477 [54dc63b2-7f1a-4ab5-a931-3f057955b2af@group-A53405B32F13-SegmentedRaftLogWorker] INFO  segmented.SegmentedRaftLogWorker (SegmentedRaftLogWorker.java:execute(644)) - 54dc63b2-7f1a-4ab5-a931-3f057955b2af@group-A53405B32F13-SegmentedRaftLogWorker: created new log segment /home/runner/work/ozone/ozone/hadoop-ozone/integration-test/target/test-dir/MiniOzoneClusterImpl-897eaf7f-b25b-4380-b284-a53405b32f13/ozone-meta/scm-ha/897eaf7f-b25b-4380-b284-a53405b32f13/current/log_inprogress_1
2025-03-20 02:09:54,481 [54dc63b2-7f1a-4ab5-a931-3f057955b2af@group-A53405B32F13-StateMachineUpdater] INFO  server.RaftServer$Division (LeaderStateImpl.java:checkStartIndex(313)) - Leader 54dc63b2-7f1a-4ab5-a931-3f057955b2af@group-A53405B32F13-LeaderStateImpl is ready since appliedIndex == startIndex == 1
2025-03-20 02:09:54,482 [54dc63b2-7f1a-4ab5-a931-3f057955b2af@group-A53405B32F13-StateMachineUpdater] INFO  ha.SCMContext (SCMContext.java:setLeaderReady(122)) - update <isLeaderReady> from <false> to <true>
2025-03-20 02:09:54,482 [54dc63b2-7f1a-4ab5-a931-3f057955b2af@group-A53405B32F13-StateMachineUpdater] INFO  pipeline.BackgroundPipelineCreator (BackgroundPipelineCreator.java:notifyStatusChanged(269)) - Service BackgroundPipelineCreator transitions to RUNNING.
2025-03-20 02:09:54,483 [54dc63b2-7f1a-4ab5-a931-3f057955b2af@group-A53405B32F13-StateMachineUpdater] INFO  safemode.HealthyPipelineSafeModeRule (HealthyPipelineSafeModeRule.java:initializeRule(174)) - Refreshed total pipeline count is 0, healthy pipeline threshold count is 1
2025-03-20 02:09:54,484 [54dc63b2-7f1a-4ab5-a931-3f057955b2af@group-A53405B32F13-StateMachineUpdater] INFO  safemode.ContainerSafeModeRule (ContainerSafeModeRule.java:initializeRule(356)) - Refreshed Containers with one replica threshold count 0, with ec n replica threshold count 0.
2025-03-20 02:09:54,484 [54dc63b2-7f1a-4ab5-a931-3f057955b2af@group-A53405B32F13-StateMachineUpdater] INFO  safemode.OneReplicaPipelineSafeModeRule (OneReplicaPipelineSafeModeRule.java:initializeRule(187)) - Refreshed Total pipeline count is 0, pipeline's with at least one datanode reported threshold count is 0
2025-03-20 02:09:54,484 [54dc63b2-7f1a-4ab5-a931-3f057955b2af@group-A53405B32F13-StateMachineUpdater] INFO  server.SCMDatanodeProtocolServer (SCMDatanodeProtocolServer.java:start(193)) - ScmDatanodeProtocol RPC server for DataNodes is listening at /0.0.0.0:15002
2025-03-20 02:09:54,485 [IPC Server Responder] INFO  ipc.Server (Server.java:run(1713)) - IPC Server Responder: starting
2025-03-20 02:09:54,486 [IPC Server listener on 15002] INFO  ipc.Server (Server.java:run(1553)) - IPC Server listener on 15002: starting
2025-03-20 02:09:56,091 [main] INFO  om.OzoneManager (OzoneManager.java:<init>(675)) - OM start with adminUsers: [runner]
2025-03-20 02:09:56,107 [main] WARN  server.ServerUtils (ServerUtils.java:getDBPath(297)) - ozone.om.db.dirs is not configured. We recommend adding this setting. Falling back to ozone.metadata.dirs instead.
2025-03-20 02:09:56,417 [main] INFO  om.OzoneManager (OzoneManager.java:instantiateServices(811)) - S3 Multi-Tenancy is disabled
2025-03-20 02:09:56,438 [main] INFO  om.OmSnapshotManager (OmSnapshotManager.java:<init>(179)) - Ozone filesystem snapshot feature is enabled.
2025-03-20 02:09:56,444 [main] WARN  server.ServerUtils (ServerUtils.java:getDBPath(297)) - ozone.om.snapshot.diff.db.dir is not configured. We recommend adding this setting. Falling back to ozone.metadata.dirs instead.
2025-03-20 02:09:56,479 [main] INFO  utils.NativeLibraryLoader (NativeLibraryLoader.java:loadLibrary(120)) - Loading Library: ozone_rocksdb_tools
2025-03-20 02:09:56,481 [main] WARN  snapshot.SnapshotDiffManager (SnapshotDiffManager.java:initNativeLibraryForEfficientDiff(285)) - Native Library for raw sst file reading loading failed. Fallback to performing a full diff instead. Unable to load library ozone_rocksdb_tools from both java.library.path & resource file libozone_rocksdb_tools.so from jar.
2025-03-20 02:09:56,528 [main] INFO  om.OzoneManager (OzoneManager.java:addS3GVolumeToDB(4544)) - Created Volume s3v With Owner runner required for S3Gateway operations.
2025-03-20 02:09:56,584 [main] WARN  server.ServerUtils (ServerUtils.java:getDefaultRatisDirectory(309)) - Storage directory for Ratis is not configured. It is a good idea to map this to an SSD disk. Falling back to ozone.metadata.dirs
2025-03-20 02:09:56,584 [main] WARN  utils.OzoneManagerRatisUtils (OzoneManagerRatisUtils.java:getOMRatisSnapshotDirectory(488)) - ozone.om.ratis.snapshot.dir is not configured. Falling back to ozone.metadata.dirs config
2025-03-20 02:09:56,589 [main] WARN  dropwizard3.Dm3MetricRegistriesImpl (Dm3MetricRegistriesImpl.java:addReporterRegistration(114)) - New reporters are added after registries were created. Some metrics will be missing from the reporter. Please add reporter before adding any new registry.
2025-03-20 02:09:56,589 [main] WARN  dropwizard3.Dm3MetricRegistriesImpl (Dm3MetricRegistriesImpl.java:addReporterRegistration(114)) - New reporters are added after registries were created. Some metrics will be missing from the reporter. Please add reporter before adding any new registry.
2025-03-20 02:09:56,589 [main] WARN  server.ServerUtils (ServerUtils.java:getDefaultRatisDirectory(309)) - Storage directory for Ratis is not configured. It is a good idea to map this to an SSD disk. Falling back to ozone.metadata.dirs
2025-03-20 02:09:56,590 [main] INFO  server.RaftServerConfigKeys (ConfUtils.java:logGet(46)) - raft.server.log.appender.buffer.byte-limit = 4194304 (custom)
2025-03-20 02:09:56,592 [main] INFO  ratis.OzoneManagerRatisServer (OzoneManagerRatisServer.java:<init>(167)) - Instantiating OM Ratis server with groupID: omServiceIdDefault and peers: localhost:15009
2025-03-20 02:09:56,596 [main] INFO  ratis.OzoneManagerStateMachine (OzoneManagerStateMachine.java:loadSnapshotInfoFromDB(608)) - TransactionInfo not found in OM DB.
2025-03-20 02:09:56,634 [main] INFO  server.RaftServer (ConfUtils.java:logGet(46)) - raft.rpc.type = GRPC (default)
2025-03-20 02:09:56,634 [main] INFO  grpc.GrpcConfigKeys (ConfUtils.java:logFallback(53)) - raft.grpc.admin.host = null (fallback to raft.grpc.server.host)
2025-03-20 02:09:56,634 [main] INFO  grpc.GrpcConfigKeys (ConfUtils.java:logFallback(53)) - raft.grpc.admin.port = 15009 (fallback to raft.grpc.server.port)
2025-03-20 02:09:56,635 [main] INFO  grpc.GrpcConfigKeys (ConfUtils.java:logFallback(53)) - raft.grpc.client.host = null (fallback to raft.grpc.server.host)
2025-03-20 02:09:56,635 [main] INFO  grpc.GrpcConfigKeys (ConfUtils.java:logFallback(53)) - raft.grpc.client.port = 15009 (fallback to raft.grpc.server.port)
2025-03-20 02:09:56,635 [main] INFO  grpc.GrpcConfigKeys (ConfUtils.java:logGet(46)) - raft.grpc.server.host = null (default)
2025-03-20 02:09:56,635 [main] INFO  grpc.GrpcConfigKeys (ConfUtils.java:logGet(46)) - raft.grpc.server.port = 15009 (custom)
2025-03-20 02:09:56,635 [main] INFO  server.GrpcService (ConfUtils.java:logGet(46)) - raft.grpc.message.size.max = 5242880 (custom)
2025-03-20 02:09:56,635 [main] INFO  server.GrpcService (ConfUtils.java:logGet(46)) - raft.grpc.flow.control.window = 1MB (=1048576) (default)
2025-03-20 02:09:56,635 [main] INFO  server.RaftServerConfigKeys (ConfUtils.java:logGet(46)) - raft.server.rpc.request.timeout = 3000ms (default)
2025-03-20 02:09:56,635 [main] INFO  grpc.GrpcConfigKeys (ConfUtils.java:logGet(46)) - raft.grpc.server.heartbeat.channel = true (default)
2025-03-20 02:09:56,636 [main] INFO  server.RaftServerConfigKeys (ConfUtils.java:logGet(46)) - raft.server.log.appender.buffer.byte-limit = 4194304 (custom)
2025-03-20 02:09:56,636 [main] INFO  grpc.GrpcConfigKeys (ConfUtils.java:logGet(46)) - raft.grpc.server.async.request.thread.pool.cached = true (default)
2025-03-20 02:09:56,636 [main] INFO  grpc.GrpcConfigKeys (ConfUtils.java:logGet(46)) - raft.grpc.server.async.request.thread.pool.size = 32 (default)
2025-03-20 02:09:56,637 [main] INFO  impl.DataStreamServerImpl (ConfUtils.java:logGet(46)) - raft.datastream.type = DISABLED (default)
2025-03-20 02:09:56,637 [main] INFO  server.RaftServerConfigKeys (ConfUtils.java:logGet(46)) - raft.server.sleep.deviation.threshold = 300ms (default)
2025-03-20 02:09:56,637 [main] INFO  server.RaftServerConfigKeys (ConfUtils.java:logGet(46)) - raft.server.close.threshold = 60s (default)
2025-03-20 02:09:56,638 [main] INFO  server.RaftServerConfigKeys (ConfUtils.java:logGet(46)) - raft.server.leaderelection.leader.step-down.wait-time = 10s (default)
2025-03-20 02:09:56,638 [main] INFO  server.RaftServerConfigKeys (ConfUtils.java:logGet(46)) - raft.server.storage.dir = [/home/runner/work/ozone/ozone/hadoop-ozone/integration-test/target/test-dir/MiniOzoneClusterImpl-897eaf7f-b25b-4380-b284-a53405b32f13/ozone-meta/ratis] (custom)
2025-03-20 02:09:56,638 [main] INFO  server.RaftServerConfigKeys (ConfUtils.java:logGet(46)) - raft.server.threadpool.proxy.cached = true (default)
2025-03-20 02:09:56,638 [main] INFO  server.RaftServerConfigKeys (ConfUtils.java:logGet(46)) - raft.server.threadpool.proxy.size = 0 (default)
2025-03-20 02:09:56,639 [main] INFO  server.RaftServer (RaftServerProxy.java:addNew(100)) - om1: addNew group-C5BA1605619E:[om1|localhost:15009] returns group-C5BA1605619E:java.util.concurrent.CompletableFuture@60b03599[Not completed]
2025-03-20 02:09:56,640 [main] INFO  om.OzoneManager (OzoneManager.java:initializeRatisServer(2181)) - OzoneManager Ratis server initialized at port 15009
2025-03-20 02:09:56,641 [om1-groupManagement] INFO  server.RaftServer$Division (RaftServerImpl.java:<init>(255)) - om1: new RaftServerImpl for group-C5BA1605619E:[om1|localhost:15009] with OzoneManagerStateMachine:uninitialized
2025-03-20 02:09:56,641 [om1-groupManagement] INFO  server.RaftServerConfigKeys (ConfUtils.java:logGet(46)) - raft.server.rpc.timeout.min = 1s (custom)
2025-03-20 02:09:56,641 [om1-groupManagement] INFO  server.RaftServerConfigKeys (ConfUtils.java:logGet(46)) - raft.server.rpc.timeout.max = 1200ms (custom)
2025-03-20 02:09:56,641 [om1-groupManagement] INFO  server.RaftServerConfigKeys (ConfUtils.java:logGet(46)) - raft.server.rpc.sleep.time = 25ms (default)
2025-03-20 02:09:56,641 [om1-groupManagement] INFO  server.RaftServerConfigKeys (ConfUtils.java:logGet(46)) - raft.server.rpc.slowness.timeout = 120s (custom)
2025-03-20 02:09:56,642 [om1-groupManagement] INFO  server.RaftServerConfigKeys (ConfUtils.java:logGet(46)) - raft.server.leaderelection.leader.step-down.wait-time = 10s (default)
2025-03-20 02:09:56,642 [om1-groupManagement] INFO  server.RaftServerConfigKeys (ConfUtils.java:logGet(46)) - raft.server.leaderelection.member.majority-add = false (default)
2025-03-20 02:09:56,642 [om1-groupManagement] INFO  server.RaftServerConfigKeys (ConfUtils.java:logGet(46)) - raft.server.sleep.deviation.threshold = 300ms (default)
2025-03-20 02:09:56,642 [om1-groupManagement] INFO  server.RaftServer$Division (ServerState.java:<init>(114)) - om1@group-C5BA1605619E: ConfigurationManager, init=conf: {index: -1, cur=peers:[om1|localhost:15009]|listeners:[], old=null}, confs=<EMPTY_MAP>
2025-03-20 02:09:56,642 [om1-groupManagement] INFO  server.RaftServerConfigKeys (ConfUtils.java:logGet(46)) - raft.server.notification.no-leader.timeout = 120s (custom)
2025-03-20 02:09:56,642 [om1-groupManagement] INFO  server.RaftServerConfigKeys (ConfUtils.java:logGet(46)) - raft.server.read.timeout = 10s (default)
2025-03-20 02:09:56,642 [om1-groupManagement] INFO  server.RaftServerConfigKeys (ConfUtils.java:logGet(46)) - raft.server.retrycache.expirytime = 300s (custom)
2025-03-20 02:09:56,642 [om1-groupManagement] INFO  server.RaftServerConfigKeys (ConfUtils.java:logGet(46)) - raft.server.retrycache.statistics.expirytime = 100ms (default)
2025-03-20 02:09:56,642 [om1-groupManagement] INFO  server.RaftServerConfigKeys (ConfUtils.java:logGet(46)) - raft.server.read.option = DEFAULT (default)
2025-03-20 02:09:56,643 [om1-groupManagement] INFO  server.RaftServerConfigKeys (ConfUtils.java:logGet(46)) - raft.server.read.read-after-write-consistent.write-index-cache.expiry-time = 60s (default)
2025-03-20 02:09:56,643 [main] INFO  om.OzoneManager (OzoneManager.java:getRpcServer(1238)) - Creating RPC Server
2025-03-20 02:09:56,661 [om1-groupManagement] INFO  server.RaftServerConfigKeys (ConfUtils.java:logGet(46)) - raft.server.rpc.request.timeout = 3000ms (default)
2025-03-20 02:09:56,661 [om1-groupManagement] INFO  server.RaftServerConfigKeys (ConfUtils.java:logGet(46)) - raft.server.log.appender.install.snapshot.enabled = false (custom)
2025-03-20 02:09:56,661 [om1-groupManagement] INFO  server.RaftServerConfigKeys (ConfUtils.java:logGet(46)) - raft.server.threadpool.server.cached = true (default)
2025-03-20 02:09:56,661 [om1-groupManagement] INFO  server.RaftServerConfigKeys (ConfUtils.java:logGet(46)) - raft.server.threadpool.server.size = 0 (default)
2025-03-20 02:09:56,662 [om1-groupManagement] INFO  server.RaftServerConfigKeys (ConfUtils.java:logGet(46)) - raft.server.threadpool.client.cached = true (default)
2025-03-20 02:09:56,662 [om1-groupManagement] INFO  server.RaftServerConfigKeys (ConfUtils.java:logGet(46)) - raft.server.threadpool.client.size = 0 (default)
2025-03-20 02:09:57,447 [main] INFO  reflections.Reflections (Reflections.java:scan(219)) - Reflections took 764 ms to scan 21 urls, producing 61 keys and 7409 values
2025-03-20 02:09:57,620 [main] INFO  ipc.CallQueueManager (CallQueueManager.java:<init>(93)) - Using callQueue: class java.util.concurrent.LinkedBlockingQueue, queueCapacity: 2000, scheduler: class org.apache.hadoop.ipc.DefaultRpcScheduler, ipcBackoff: false, ipcFailOver: false.
2025-03-20 02:09:57,620 [main] INFO  ipc.Server (Server.java:<init>(1438)) - Listener at 127.0.0.1:15006
2025-03-20 02:09:57,621 [Socket Reader #1 for port 15006] INFO  ipc.Server (Server.java:run(1474)) - Starting Socket Reader #1 for port 15006
2025-03-20 02:09:57,621 [Socket Reader #2 for port 15006] INFO  ipc.Server (Server.java:run(1474)) - Starting Socket Reader #2 for port 15006
2025-03-20 02:09:57,622 [Socket Reader #6 for port 15006] INFO  ipc.Server (Server.java:run(1474)) - Starting Socket Reader #6 for port 15006
2025-03-20 02:09:57,622 [Socket Reader #5 for port 15006] INFO  ipc.Server (Server.java:run(1474)) - Starting Socket Reader #5 for port 15006
2025-03-20 02:09:57,622 [Socket Reader #4 for port 15006] INFO  ipc.Server (Server.java:run(1474)) - Starting Socket Reader #4 for port 15006
2025-03-20 02:09:57,622 [Socket Reader #3 for port 15006] INFO  ipc.Server (Server.java:run(1474)) - Starting Socket Reader #3 for port 15006
2025-03-20 02:09:57,623 [Socket Reader #7 for port 15006] INFO  ipc.Server (Server.java:run(1474)) - Starting Socket Reader #7 for port 15006
2025-03-20 02:09:57,624 [Socket Reader #8 for port 15006] INFO  ipc.Server (Server.java:run(1474)) - Starting Socket Reader #8 for port 15006
2025-03-20 02:09:57,624 [Socket Reader #9 for port 15006] INFO  ipc.Server (Server.java:run(1474)) - Starting Socket Reader #9 for port 15006
2025-03-20 02:09:57,625 [Socket Reader #10 for port 15006] INFO  ipc.Server (Server.java:run(1474)) - Starting Socket Reader #10 for port 15006
2025-03-20 02:09:57,654 [main] INFO  impl.MetricsSystemImpl (MetricsSystemImpl.java:init(158)) - OzoneManager metrics system started (again)
2025-03-20 02:09:57,664 [main] INFO  om.OzoneManager (OzoneManager.java:start(1665)) - OzoneManager RPC server is listening at localhost/127.0.0.1:15006
2025-03-20 02:09:57,665 [main] INFO  ratis.OzoneManagerRatisServer (OzoneManagerRatisServer.java:start(630)) - Starting OzoneManagerRatisServer om1 at port 15009
2025-03-20 02:09:57,665 [om1-impl-thread1] INFO  server.RaftServerConfigKeys (ConfUtils.java:logGet(46)) - raft.server.storage.free-space.min = 0MB (=0) (default)
2025-03-20 02:09:57,665 [om1-impl-thread1] INFO  server.RaftServerConfigKeys (ConfUtils.java:logGet(46)) - raft.server.log.corruption.policy = EXCEPTION (default)
2025-03-20 02:09:57,665 [om1-impl-thread1] INFO  server.RaftServerConfigKeys (ConfUtils.java:logGet(46)) - raft.server.storage.dir = [/home/runner/work/ozone/ozone/hadoop-ozone/integration-test/target/test-dir/MiniOzoneClusterImpl-897eaf7f-b25b-4380-b284-a53405b32f13/ozone-meta/ratis] (custom)
2025-03-20 02:09:57,666 [om1-impl-thread1] INFO  storage.RaftStorageDirectory (RaftStorageDirectoryImpl.java:analyzeStorage(138)) - The storage directory /home/runner/work/ozone/ozone/hadoop-ozone/integration-test/target/test-dir/MiniOzoneClusterImpl-897eaf7f-b25b-4380-b284-a53405b32f13/ozone-meta/ratis/bf265839-605b-3f16-9796-c5ba1605619e does not exist. Creating ...
2025-03-20 02:09:57,667 [om1-impl-thread1] INFO  storage.RaftStorageDirectory (RaftStorageDirectoryImpl.java:tryLock(229)) - Lock on /home/runner/work/ozone/ozone/hadoop-ozone/integration-test/target/test-dir/MiniOzoneClusterImpl-897eaf7f-b25b-4380-b284-a53405b32f13/ozone-meta/ratis/bf265839-605b-3f16-9796-c5ba1605619e/in_use.lock acquired by nodename 18099@fv-az789-190
2025-03-20 02:09:57,669 [om1-impl-thread1] INFO  storage.RaftStorage (RaftStorageImpl.java:format(98)) - Storage directory /home/runner/work/ozone/ozone/hadoop-ozone/integration-test/target/test-dir/MiniOzoneClusterImpl-897eaf7f-b25b-4380-b284-a53405b32f13/ozone-meta/ratis/bf265839-605b-3f16-9796-c5ba1605619e has been successfully formatted.
2025-03-20 02:09:57,670 [om1-impl-thread1] INFO  ratis.OzoneManagerStateMachine (OzoneManagerStateMachine.java:lambda$0(138)) - om1: initialize group-C5BA1605619E with (t:0, i:~)
2025-03-20 02:09:57,670 [om1-impl-thread1] INFO  server.RaftServerConfigKeys (ConfUtils.java:logGet(46)) - raft.server.log.use.memory = false (default)
2025-03-20 02:09:57,670 [om1-impl-thread1] INFO  server.RaftServerConfigKeys (ConfUtils.java:logGet(46)) - raft.server.log.purge.gap = 1000000 (custom)
2025-03-20 02:09:57,670 [om1-impl-thread1] INFO  server.RaftServerConfigKeys (ConfUtils.java:logGet(46)) - raft.server.log.appender.buffer.byte-limit = 4194304 (custom)
2025-03-20 02:09:57,670 [om1-impl-thread1] INFO  server.RaftServerConfigKeys (ConfUtils.java:logGet(46)) - raft.server.log.statemachine.data.read.timeout = 1000ms (default)
2025-03-20 02:09:57,670 [om1-impl-thread1] INFO  server.RaftServerConfigKeys (ConfUtils.java:logGet(46)) - raft.server.log.purge.preservation.log.num = 0 (default)
2025-03-20 02:09:57,673 [om1-impl-thread1] INFO  server.RaftServerConfigKeys (ConfUtils.java:logGet(46)) - raft.server.log.segment.size.max = 4194304 (custom)
2025-03-20 02:09:57,674 [om1-impl-thread1] INFO  server.RaftServerConfigKeys (ConfUtils.java:logGet(46)) - raft.server.log.segment.cache.num.max = 2 (custom)
2025-03-20 02:09:57,674 [om1-impl-thread1] INFO  server.RaftServerConfigKeys (ConfUtils.java:logGet(46)) - raft.server.log.segment.cache.size.max = 200MB (=209715200) (default)
2025-03-20 02:09:57,674 [om1-impl-thread1] INFO  server.RaftServerConfigKeys (ConfUtils.java:logGet(46)) - raft.server.log.appender.buffer.byte-limit = 4194304 (custom)
2025-03-20 02:09:57,674 [om1-impl-thread1] INFO  util.AwaitToRun (AwaitToRun.java:start(81)) - Thread[#461,om1@group-C5BA1605619E-cacheEviction-AwaitToRun,5,main] started
2025-03-20 02:09:57,674 [om1-impl-thread1] INFO  segmented.SegmentedRaftLogWorker (SegmentedRaftLogWorker.java:<init>(188)) - new om1@group-C5BA1605619E-SegmentedRaftLogWorker for RaftStorageImpl:Storage Directory /home/runner/work/ozone/ozone/hadoop-ozone/integration-test/target/test-dir/MiniOzoneClusterImpl-897eaf7f-b25b-4380-b284-a53405b32f13/ozone-meta/ratis/bf265839-605b-3f16-9796-c5ba1605619e
2025-03-20 02:09:57,674 [om1-impl-thread1] INFO  server.RaftServerConfigKeys (ConfUtils.java:logGet(46)) - raft.server.log.queue.byte-limit = 64MB (=67108864) (default)
2025-03-20 02:09:57,674 [om1-impl-thread1] INFO  server.RaftServerConfigKeys (ConfUtils.java:logGet(46)) - raft.server.log.queue.element-limit = 4096 (default)
2025-03-20 02:09:57,674 [om1-impl-thread1] INFO  server.RaftServerConfigKeys (ConfUtils.java:logGet(46)) - raft.server.log.segment.size.max = 4194304 (custom)
2025-03-20 02:09:57,675 [om1-impl-thread1] INFO  server.RaftServerConfigKeys (ConfUtils.java:logGet(46)) - raft.server.log.preallocated.size = 4194304 (custom)
2025-03-20 02:09:57,675 [om1-impl-thread1] INFO  server.RaftServerConfigKeys (ConfUtils.java:logGet(46)) - raft.server.log.force.sync.num = 128 (default)
2025-03-20 02:09:57,675 [om1-impl-thread1] INFO  server.RaftServerConfigKeys (ConfUtils.java:logGet(46)) - raft.server.log.statemachine.data.sync = true (default)
2025-03-20 02:09:57,675 [om1-impl-thread1] INFO  server.RaftServerConfigKeys (ConfUtils.java:logGet(46)) - raft.server.log.statemachine.data.sync.timeout = 10s (default)
2025-03-20 02:09:57,675 [om1-impl-thread1] INFO  server.RaftServerConfigKeys (ConfUtils.java:logGet(46)) - raft.server.log.statemachine.data.sync.timeout.retry = -1 (default)
2025-03-20 02:09:57,676 [om1-impl-thread1] INFO  server.RaftServerConfigKeys (ConfUtils.java:logGet(46)) - raft.server.log.write.buffer.size = 4194312 (custom)
2025-03-20 02:09:57,676 [om1-impl-thread1] INFO  server.RaftServerConfigKeys (ConfUtils.java:logGet(46)) - raft.server.log.appender.buffer.byte-limit = 4194304 (custom)
2025-03-20 02:09:57,676 [om1-impl-thread1] INFO  server.RaftServerConfigKeys (ConfUtils.java:logGet(46)) - raft.server.log.unsafe-flush.enabled = false (default)
2025-03-20 02:09:57,677 [om1-impl-thread1] INFO  server.RaftServerConfigKeys (ConfUtils.java:logGet(46)) - raft.server.log.async-flush.enabled = false (default)
2025-03-20 02:09:57,677 [om1-impl-thread1] INFO  server.RaftServerConfigKeys (ConfUtils.java:logGet(46)) - raft.server.log.statemachine.data.caching.enabled = false (default)
2025-03-20 02:09:57,677 [om1-impl-thread1] INFO  segmented.SegmentedRaftLogWorker (SegmentedRaftLogWorker.java:lambda$new$0(139)) - om1@group-C5BA1605619E-SegmentedRaftLogWorker: flushIndex: setUnconditionally 0 -> -1
2025-03-20 02:09:57,677 [om1-impl-thread1] INFO  segmented.SegmentedRaftLogWorker (SegmentedRaftLogWorker.java:lambda$new$0(139)) - om1@group-C5BA1605619E-SegmentedRaftLogWorker: safeCacheEvictIndex: setUnconditionally 0 -> -1
2025-03-20 02:09:57,677 [om1-impl-thread1] INFO  server.RaftServer$Division (RaftServerImpl.java:start(391)) - om1@group-C5BA1605619E: start as a follower, conf=conf: {index: -1, cur=peers:[om1|localhost:15009]|listeners:[], old=null}
2025-03-20 02:09:57,678 [om1-impl-thread1] INFO  server.RaftServer$Division (RaftServerImpl.java:setRole(378)) - om1@group-C5BA1605619E: changes role from      null to FOLLOWER at term 0 for startAsFollower
2025-03-20 02:09:57,678 [om1-impl-thread1] INFO  impl.RoleInfo (RoleInfo.java:updateAndGet(148)) - om1: start om1@group-C5BA1605619E-FollowerState
2025-03-20 02:09:57,678 [om1-impl-thread1] INFO  util.JmxRegister (JmxRegister.java:tryRegister(44)) - Successfully registered JMX Bean with object name Ratis:service=RaftServer,group=group-C5BA1605619E,id=om1
2025-03-20 02:09:57,678 [om1-impl-thread1] INFO  util.JmxRegister (JmxRegister.java:register(58)) - register mxBean class org.apache.ratis.server.impl.RaftServerJmxAdapter as Ratis:service=RaftServer,group=group-C5BA1605619E,id=om1
2025-03-20 02:09:57,678 [om1-impl-thread1] INFO  server.RaftServerConfigKeys (ConfUtils.java:logGet(46)) - raft.server.snapshot.trigger-when-stop.enabled = true (default)
2025-03-20 02:09:57,678 [om1-impl-thread1] INFO  server.RaftServerConfigKeys (ConfUtils.java:logGet(46)) - raft.server.snapshot.trigger-when-remove.enabled = true (default)
2025-03-20 02:09:57,679 [om1-impl-thread1] INFO  server.RaftServerConfigKeys (ConfUtils.java:logGet(46)) - raft.server.snapshot.auto.trigger.enabled = true (custom)
2025-03-20 02:09:57,679 [om1-impl-thread1] INFO  server.RaftServerConfigKeys (ConfUtils.java:logGet(46)) - raft.server.snapshot.auto.trigger.threshold = 400000 (default)
2025-03-20 02:09:57,679 [om1-impl-thread1] INFO  server.RaftServerConfigKeys (ConfUtils.java:logGet(46)) - raft.server.snapshot.retention.file.num = -1 (default)
2025-03-20 02:09:57,679 [om1-impl-thread1] INFO  server.RaftServerConfigKeys (ConfUtils.java:logGet(46)) - raft.server.log.purge.upto.snapshot.index = true (custom)
2025-03-20 02:09:57,679 [om1@group-C5BA1605619E-FollowerState] INFO  server.RaftServerConfigKeys (ConfUtils.java:logFallback(53)) - raft.server.rpc.first-election.timeout.min = 1s (fallback to raft.server.rpc.timeout.min)
2025-03-20 02:09:57,680 [om1@group-C5BA1605619E-FollowerState] INFO  server.RaftServerConfigKeys (ConfUtils.java:logFallback(53)) - raft.server.rpc.first-election.timeout.max = 1200ms (fallback to raft.server.rpc.timeout.max)
2025-03-20 02:09:57,680 [om1-impl-thread1] INFO  server.RaftServer$Division (RaftServerImpl.java:start(405)) - om1@group-C5BA1605619E: Successfully started.
2025-03-20 02:09:57,681 [main] INFO  server.RaftServer (RaftServerProxy.java:startImpl(407)) - om1: start RPC server
2025-03-20 02:09:57,682 [main] INFO  server.GrpcService (GrpcService.java:startImpl(334)) - om1: GrpcService started, listening on 15009
2025-03-20 02:09:57,682 [JvmPauseMonitor2] INFO  util.JvmPauseMonitor (JvmPauseMonitor.java:run(146)) - JvmPauseMonitor-om1: Started
2025-03-20 02:09:57,682 [main] INFO  upgrade.UpgradeFinalizer (BasicUpgradeFinalizer.java:runPrefinalizeStateActions(287)) - Running pre-finalized state validations for unfinalized layout features.
2025-03-20 02:09:57,683 [main] INFO  upgrade.UpgradeFinalizer (BasicUpgradeFinalizer.java:runPrefinalizeStateActions(300)) - Running first upgrade commands for unfinalized layout features.
2025-03-20 02:09:57,684 [main] INFO  om.OzoneManager (OzoneManager.java:start(1680)) - Version File has different layout version (2) than OM DB (null). That is expected if this OM has never been finalized to a newer layout version.
2025-03-20 02:09:57,699 [main] INFO  client.ScmTopologyClient (ScmTopologyClient.java:start(70)) - Initial network topology fetched from SCM: /.
2025-03-20 02:09:57,700 [main] INFO  net.NodeSchemaLoader (NodeSchemaLoader.java:loadSchemaFromFile(127)) - Loading schema from [jar:file:/home/runner/work/ozone/ozone/hadoop-hdds/common/target/hdds-common-2.1.0-SNAPSHOT.jar!/network-topology-default.xml]
2025-03-20 02:09:57,700 [main] INFO  net.NodeSchemaLoader (NodeSchemaLoader.java:loadSchema(174)) - Loading network topology layer schema file
2025-03-20 02:09:57,714 [main] INFO  http.BaseHttpServer (BaseHttpServer.java:newHttpServer2BuilderForOzone(229)) - Starting Web-server for ozoneManager at: http://0.0.0.0:15007
2025-03-20 02:09:57,714 [main] INFO  http.BaseHttpServer (BaseHttpServer.java:<init>(107)) - Hadoop Security Enabled: false Ozone Security Enabled: false Ozone HTTP Security Enabled: false 
2025-03-20 02:09:57,716 [main] WARN  server.AuthenticationFilter (AuthenticationFilter.java:constructSecretProvider(240)) - Unable to initialize FileSignerSecretProvider, falling back to use random secrets. Reason: Could not read signature secret file: /home/runner/hadoop-http-auth-signature-secret
2025-03-20 02:09:57,717 [main] INFO  http.HttpRequestLog (HttpRequestLog.java:getRequestLog(85)) - Http request log for http.requests.ozoneManager is not defined
2025-03-20 02:09:57,719 [main] INFO  http.HttpServer2 (HttpServer2.java:addGlobalFilter(1040)) - Added global filter 'safety' (class=org.apache.hadoop.hdds.server.http.HttpServer2$QuotingInputFilter)
2025-03-20 02:09:57,721 [main] INFO  http.HttpServer2 (HttpServer2.java:addFilter(1016)) - Added filter static_user_filter (class=org.apache.hadoop.http.lib.StaticUserWebFilter$StaticUserFilter) to context ozoneManager
2025-03-20 02:09:57,721 [main] INFO  http.HttpServer2 (HttpServer2.java:addFilter(1024)) - Added filter static_user_filter (class=org.apache.hadoop.http.lib.StaticUserWebFilter$StaticUserFilter) to context logs
2025-03-20 02:09:57,721 [main] INFO  http.HttpServer2 (HttpServer2.java:addFilter(1024)) - Added filter static_user_filter (class=org.apache.hadoop.http.lib.StaticUserWebFilter$StaticUserFilter) to context static
2025-03-20 02:09:57,723 [main] INFO  http.BaseHttpServer (BaseHttpServer.java:<init>(195)) - HTTP server of ozoneManager uses base directory /home/runner/work/ozone/ozone/hadoop-ozone/integration-test/target/test-dir/MiniOzoneClusterImpl-897eaf7f-b25b-4380-b284-a53405b32f13/ozone-meta/webserver
2025-03-20 02:09:57,726 [main] INFO  http.HttpServer2 (HttpServer2.java:bindListener(1240)) - Jetty bound to port 15007
2025-03-20 02:09:57,727 [main] INFO  server.Server (Server.java:doStart(375)) - jetty-9.4.57.v20241219; built: 2025-01-08T21:24:30.412Z; git: df524e6b29271c2e09ba9aea83c18dc9db464a31; jvm 21.0.6+7-LTS
2025-03-20 02:09:57,728 [main] INFO  server.session (DefaultSessionIdManager.java:doStart(334)) - DefaultSessionIdManager workerName=node0
2025-03-20 02:09:57,728 [main] INFO  server.session (DefaultSessionIdManager.java:doStart(339)) - No SessionScavenger set, using defaults
2025-03-20 02:09:57,729 [main] INFO  server.session (HouseKeeper.java:startScavenging(132)) - node0 Scavenging every 660000ms
2025-03-20 02:09:57,729 [main] INFO  handler.ContextHandler (ContextHandler.java:doStart(921)) - Started o.e.j.s.ServletContextHandler@408227af{logs,/logs,file:///home/runner/work/ozone/ozone/hadoop-ozone/integration-test/target/log,AVAILABLE}
2025-03-20 02:09:57,730 [main] INFO  handler.ContextHandler (ContextHandler.java:doStart(921)) - Started o.e.j.s.ServletContextHandler@36a74c18{static,/static,file:///home/runner/work/ozone/ozone/hadoop-ozone/integration-test/target/test-classes/webapps/static,AVAILABLE}
2025-03-20 02:09:57,740 [main] INFO  handler.ContextHandler (ContextHandler.java:doStart(921)) - Started o.e.j.w.WebAppContext@7aff1fa3{ozoneManager,/,file:///home/runner/work/ozone/ozone/hadoop-ozone/integration-test/target/test-classes/webapps/ozoneManager/,AVAILABLE}{file:/home/runner/work/ozone/ozone/hadoop-ozone/integration-test/target/test-classes/webapps/ozoneManager}
2025-03-20 02:09:57,741 [main] INFO  server.AbstractConnector (AbstractConnector.java:doStart(333)) - Started ServerConnector@745b4ed4{HTTP/1.1, (http/1.1)}{0.0.0.0:15007}
2025-03-20 02:09:57,741 [main] INFO  server.Server (Server.java:doStart(415)) - Started @18472ms
2025-03-20 02:09:57,741 [main] WARN  impl.MetricsSystemImpl (MetricsSystemImpl.java:register(279)) - Sink prometheus already exists!
2025-03-20 02:09:57,742 [main] INFO  http.BaseHttpServer (BaseHttpServer.java:updateConnectorAddress(360)) - HTTP server of ozoneManager listening at http://0.0.0.0:15007
2025-03-20 02:09:57,743 [IPC Server Responder] INFO  ipc.Server (Server.java:run(1713)) - IPC Server Responder: starting
2025-03-20 02:09:57,743 [IPC Server listener on 15006] INFO  ipc.Server (Server.java:run(1553)) - IPC Server listener on 15006: starting
2025-03-20 02:09:57,746 [main] INFO  om.OzoneManager (OzoneManager.java:startTrashEmptier(2135)) - Trash Interval set to 0. Files deleted won't move to trash
2025-03-20 02:09:57,760 [main] INFO  db.CodecBuffer (CodecBuffer.java:set(62)) - Successfully set constructor to LeakDetector::newCodecBuffer: org.apache.hadoop.hdds.utils.db.CodecBuffer$$Lambda/0x00007fa9a47b4ab8@2fe235b4
2025-03-20 02:09:57,828 [main] WARN  dropwizard3.Dm3MetricRegistriesImpl (Dm3MetricRegistriesImpl.java:addReporterRegistration(114)) - New reporters are added after registries were created. Some metrics will be missing from the reporter. Please add reporter before adding any new registry.
2025-03-20 02:09:57,829 [main] WARN  dropwizard3.Dm3MetricRegistriesImpl (Dm3MetricRegistriesImpl.java:addReporterRegistration(114)) - New reporters are added after registries were created. Some metrics will be missing from the reporter. Please add reporter before adding any new registry.
2025-03-20 02:09:57,829 [main] INFO  impl.MetricsSystemImpl (MetricsSystemImpl.java:init(158)) - HddsDatanode metrics system started (again)
2025-03-20 02:09:57,845 [main] INFO  ozone.HddsDatanodeService (HddsDatanodeService.java:start(241)) - HddsDatanodeService host:fv-az789-190 ip:10.1.0.98
2025-03-20 02:09:57,849 [main] INFO  upgrade.AbstractLayoutVersionManager (AbstractLayoutVersionManager.java:init(80)) - Initializing Layout version manager with metadata layout = HBASE_SUPPORT (version = 8), software layout = HBASE_SUPPORT (version = 8)
2025-03-20 02:09:57,851 [main] INFO  statemachine.DatanodeStateMachine (DatanodeStateMachine.java:getEndPointTaskThreadPoolSize(293)) - Datanode State Machine Task Thread Pool size 2
2025-03-20 02:09:57,888 [main] INFO  volume.HddsVolume (HddsVolume.java:<init>(132)) - Creating HddsVolume: /home/runner/work/ozone/ozone/hadoop-ozone/integration-test/target/test-dir/MiniOzoneClusterImpl-897eaf7f-b25b-4380-b284-a53405b32f13/ozone-meta/datanode-1/data-0/hdds of storage type: DISK, capacity=9222449699674390527, used=0, available=9222449699674390527
2025-03-20 02:09:57,890 [main] INFO  volume.MutableVolumeSet (MutableVolumeSet.java:initializeVolumeSet(169)) - Added Volume : /home/runner/work/ozone/ozone/hadoop-ozone/integration-test/target/test-dir/MiniOzoneClusterImpl-897eaf7f-b25b-4380-b284-a53405b32f13/ozone-meta/datanode-1/data-0/hdds to VolumeSet
2025-03-20 02:09:57,893 [main] INFO  volume.MutableVolumeSet (MutableVolumeSet.java:initializeVolumeSet(169)) - Added Volume : /home/runner/work/ozone/ozone/hadoop-ozone/integration-test/target/test-dir/MiniOzoneClusterImpl-897eaf7f-b25b-4380-b284-a53405b32f13/ozone-meta/datanode-1/ratis to VolumeSet
2025-03-20 02:09:57,896 [main] INFO  ozoneimpl.OzoneContainer (HddsVolumeUtil.java:loadAllHddsVolumeDbStore(101)) - Load 1 volumes DbStore cost: 1ms
2025-03-20 02:09:57,897 [main] WARN  db.DBStoreBuilder (DBStoreBuilder.java:getDBDirPath(168)) - ozone.scm.datanode.id.dir is not configured. We recommend adding this setting. Falling back to ozone.metadata.dirs instead.
2025-03-20 02:09:57,901 [main] WARN  db.DBStoreBuilder (DBStoreBuilder.java:getDBDirPath(168)) - ozone.scm.datanode.id.dir is not configured. We recommend adding this setting. Falling back to ozone.metadata.dirs instead.
2025-03-20 02:09:57,931 [main] INFO  impl.FilePerChunkStrategy (FilePerChunkStrategy.java:<init>(79)) - ozone.chunk.read.mapped.buffer.max.count is load with 0
2025-03-20 02:09:57,932 [main] INFO  impl.FilePerBlockStrategy (FilePerBlockStrategy.java:<init>(87)) - ozone.chunk.read.mapped.buffer.max.count is load with 0
2025-03-20 02:09:57,955 [main] INFO  audit.AuditLogger (AuditLogger.java:refreshDebugCmdSet(133)) - Refresh DebugCmdSet for DNAudit to [].
2025-03-20 02:09:57,971 [main] INFO  server.RaftServerConfigKeys (ConfUtils.java:logGet(46)) - raft.server.log.appender.buffer.byte-limit = 33554432 (custom)
2025-03-20 02:09:57,981 [main] INFO  server.RaftServer (ConfUtils.java:logGet(46)) - raft.rpc.type = GRPC (default)
2025-03-20 02:09:57,981 [main] INFO  grpc.GrpcConfigKeys (ConfUtils.java:logFallback(53)) - raft.grpc.admin.host = null (fallback to raft.grpc.server.host)
2025-03-20 02:09:57,981 [main] INFO  grpc.GrpcConfigKeys (ConfUtils.java:logGet(46)) - raft.grpc.admin.port = 15015 (custom)
2025-03-20 02:09:57,981 [main] INFO  grpc.GrpcConfigKeys (ConfUtils.java:logFallback(53)) - raft.grpc.client.host = null (fallback to raft.grpc.server.host)
2025-03-20 02:09:57,981 [main] INFO  grpc.GrpcConfigKeys (ConfUtils.java:logGet(46)) - raft.grpc.client.port = 15014 (custom)
2025-03-20 02:09:57,981 [main] INFO  grpc.GrpcConfigKeys (ConfUtils.java:logGet(46)) - raft.grpc.server.host = null (default)
2025-03-20 02:09:57,982 [main] INFO  grpc.GrpcConfigKeys (ConfUtils.java:logGet(46)) - raft.grpc.server.port = 15016 (custom)
2025-03-20 02:09:57,982 [main] INFO  server.GrpcService (ConfUtils.java:logGet(46)) - raft.grpc.message.size.max = 34603008 (custom)
2025-03-20 02:09:57,982 [main] INFO  server.GrpcService (ConfUtils.java:logGet(46)) - raft.grpc.flow.control.window = 5MB (=5242880) (custom)
2025-03-20 02:09:57,982 [main] INFO  server.RaftServerConfigKeys (ConfUtils.java:logGet(46)) - raft.server.rpc.request.timeout = 60s (custom)
2025-03-20 02:09:57,982 [main] INFO  grpc.GrpcConfigKeys (ConfUtils.java:logGet(46)) - raft.grpc.server.heartbeat.channel = true (default)
2025-03-20 02:09:57,982 [main] INFO  server.RaftServerConfigKeys (ConfUtils.java:logGet(46)) - raft.server.log.appender.buffer.byte-limit = 33554432 (custom)
2025-03-20 02:09:57,982 [main] INFO  grpc.GrpcConfigKeys (ConfUtils.java:logGet(46)) - raft.grpc.server.async.request.thread.pool.cached = true (default)
2025-03-20 02:09:57,982 [main] INFO  grpc.GrpcConfigKeys (ConfUtils.java:logGet(46)) - raft.grpc.server.async.request.thread.pool.size = 32 (default)
2025-03-20 02:09:57,984 [main] INFO  impl.DataStreamServerImpl (ConfUtils.java:logGet(46)) - raft.datastream.type = NETTY (custom)
2025-03-20 02:09:57,990 [main] INFO  server.RaftServerConfigKeys (ConfUtils.java:logGet(46)) - raft.server.data-stream.async.request.thread.pool.cached = false (default)
2025-03-20 02:09:57,990 [main] INFO  server.RaftServerConfigKeys (ConfUtils.java:logGet(46)) - raft.server.data-stream.async.request.thread.pool.size = 20 (custom)
2025-03-20 02:09:57,991 [main] INFO  server.RaftServerConfigKeys (ConfUtils.java:logGet(46)) - raft.server.data-stream.async.write.thread.pool.size = 16 (default)
2025-03-20 02:09:57,992 [main] INFO  netty.NettyConfigKeys$DataStream (ConfUtils.java:logGet(46)) - raft.netty.dataStream.server.channel.inactive.grace-period = 10min (default)
2025-03-20 02:09:57,992 [main] INFO  server.RaftServerConfigKeys (ConfUtils.java:logGet(46)) - raft.server.data-stream.client.pool.size = 10 (default)
2025-03-20 02:09:57,993 [main] INFO  netty.NettyConfigKeys$DataStream (ConfUtils.java:logGet(46)) - raft.netty.dataStream.server.use-epoll = true (default)
2025-03-20 02:09:57,993 [main] INFO  netty.NettyConfigKeys$DataStream (ConfUtils.java:logGet(46)) - raft.netty.dataStream.server.boss-group.size = 0 (default)
2025-03-20 02:09:57,994 [main] INFO  netty.NettyUtils (NettyUtils.java:newEventLoopGroup(74)) - Create EpollEventLoopGroup for 4d0384fa-a0d7-4e6d-b08b-6a0afc890d42-NettyServerStreamRpc-bossGroup; Thread size is 0.
2025-03-20 02:09:57,995 [main] INFO  netty.NettyConfigKeys$DataStream (ConfUtils.java:logGet(46)) - raft.netty.dataStream.server.worker-group.size = 0 (default)
2025-03-20 02:09:57,995 [main] INFO  netty.NettyUtils (NettyUtils.java:newEventLoopGroup(74)) - Create EpollEventLoopGroup for 4d0384fa-a0d7-4e6d-b08b-6a0afc890d42-NettyServerStreamRpc-workerGroup; Thread size is 0.
2025-03-20 02:09:57,996 [main] INFO  netty.NettyConfigKeys$DataStream (ConfUtils.java:logGet(46)) - raft.netty.dataStream.server.tls.conf = null (default)
2025-03-20 02:09:57,996 [main] INFO  netty.NettyConfigKeys$DataStream (ConfUtils.java:logGet(46)) - raft.netty.dataStream.host = null (default)
2025-03-20 02:09:57,997 [main] INFO  netty.NettyConfigKeys$DataStream (ConfUtils.java:logGet(46)) - raft.netty.dataStream.port = 15017 (custom)
2025-03-20 02:09:57,999 [main] INFO  server.RaftServerConfigKeys (ConfUtils.java:logGet(46)) - raft.server.sleep.deviation.threshold = 300ms (default)
2025-03-20 02:09:57,999 [main] INFO  server.RaftServerConfigKeys (ConfUtils.java:logGet(46)) - raft.server.close.threshold = 60s (default)
2025-03-20 02:09:57,999 [main] INFO  server.RaftServerConfigKeys (ConfUtils.java:logGet(46)) - raft.server.leaderelection.leader.step-down.wait-time = 10s (default)
2025-03-20 02:09:58,000 [main] INFO  server.RaftServerConfigKeys (ConfUtils.java:logGet(46)) - raft.server.storage.dir = [/home/runner/work/ozone/ozone/hadoop-ozone/integration-test/target/test-dir/MiniOzoneClusterImpl-897eaf7f-b25b-4380-b284-a53405b32f13/ozone-meta/datanode-1/ratis] (custom)
2025-03-20 02:09:58,000 [main] INFO  server.RaftServerConfigKeys (ConfUtils.java:logGet(46)) - raft.server.threadpool.proxy.cached = true (default)
2025-03-20 02:09:58,000 [main] INFO  server.RaftServerConfigKeys (ConfUtils.java:logGet(46)) - raft.server.threadpool.proxy.size = 0 (default)
2025-03-20 02:09:58,000 [4d0384fa-a0d7-4e6d-b08b-6a0afc890d42-impl-thread1] INFO  server.RaftServer (RaftServerProxy.java:initGroupDir(265)) - 4d0384fa-a0d7-4e6d-b08b-6a0afc890d42: found a subdirectory /home/runner/work/ozone/ozone/hadoop-ozone/integration-test/target/test-dir/MiniOzoneClusterImpl-897eaf7f-b25b-4380-b284-a53405b32f13/ozone-meta/datanode-1/ratis/tmp
2025-03-20 02:09:58,001 [4d0384fa-a0d7-4e6d-b08b-6a0afc890d42-impl-thread1] INFO  server.RaftServer (RaftServerProxy.java:initGroupDir(270)) - 4d0384fa-a0d7-4e6d-b08b-6a0afc890d42: The directory /home/runner/work/ozone/ozone/hadoop-ozone/integration-test/target/test-dir/MiniOzoneClusterImpl-897eaf7f-b25b-4380-b284-a53405b32f13/ozone-meta/datanode-1/ratis/tmp is not a group directory; ignoring it. 
2025-03-20 02:09:58,003 [main] INFO  replication.ReplicationServer (ReplicationServer.java:<init>(84)) - Initializing replication server with thread count = 10 queue length = 4096
2025-03-20 02:09:58,009 [4d0384fa-a0d7-4e6d-b08b-6a0afc890d42-NettyServerStreamRpc-bossGroup--thread1] INFO  logging.LoggingHandler (AbstractInternalLogger.java:log(148)) - [id: 0x4ac2a218] REGISTERED
2025-03-20 02:09:58,010 [4d0384fa-a0d7-4e6d-b08b-6a0afc890d42-NettyServerStreamRpc-bossGroup--thread1] INFO  logging.LoggingHandler (AbstractInternalLogger.java:log(148)) - [id: 0x4ac2a218] BIND: 0.0.0.0/0.0.0.0:15017
2025-03-20 02:09:58,010 [4d0384fa-a0d7-4e6d-b08b-6a0afc890d42-NettyServerStreamRpc-bossGroup--thread1] INFO  logging.LoggingHandler (AbstractInternalLogger.java:log(148)) - [id: 0x4ac2a218, L:/0.0.0.0:15017] ACTIVE
2025-03-20 02:09:58,020 [main] INFO  server.XceiverServerGrpc (XceiverServerGrpc.java:<init>(131)) - GrpcServer channel type EpollServerSocketChannel
2025-03-20 02:09:58,045 [main] INFO  replication.ReplicationSupervisor (ReplicationSupervisor.java:build(169)) - Initializing replication supervisor with thread count = 10
2025-03-20 02:09:58,046 [main] INFO  replication.ReplicationSupervisor (ReplicationSupervisor.java:nodeStateUpdated(358)) - Node state updated to IN_SERVICE, scaling executor pool size to 10
2025-03-20 02:09:58,090 [main] INFO  lib.Interns (Interns.java:removeEldestEntry(50)) - Metrics intern cache overflow at 2011 for MetricsSystem={MetricsSystem=MetricsInfoImpl{name=MetricsSystem, description=MetricsSystem}, MetricsSystem record=MetricsInfoImpl{name=MetricsSystem, description=MetricsSystem record}}
2025-03-20 02:09:58,107 [main] INFO  http.BaseHttpServer (BaseHttpServer.java:newHttpServer2BuilderForOzone(229)) - Starting Web-server for hddsDatanode at: http://0.0.0.0:15011
2025-03-20 02:09:58,107 [main] INFO  http.BaseHttpServer (BaseHttpServer.java:<init>(107)) - Hadoop Security Enabled: false Ozone Security Enabled: false Ozone HTTP Security Enabled: false 
2025-03-20 02:09:58,109 [main] WARN  server.AuthenticationFilter (AuthenticationFilter.java:constructSecretProvider(240)) - Unable to initialize FileSignerSecretProvider, falling back to use random secrets. Reason: Could not read signature secret file: /home/runner/hadoop-http-auth-signature-secret
2025-03-20 02:09:58,110 [main] INFO  http.HttpRequestLog (HttpRequestLog.java:getRequestLog(85)) - Http request log for http.requests.hddsDatanode is not defined
2025-03-20 02:09:58,112 [main] INFO  http.HttpServer2 (HttpServer2.java:addGlobalFilter(1040)) - Added global filter 'safety' (class=org.apache.hadoop.hdds.server.http.HttpServer2$QuotingInputFilter)
2025-03-20 02:09:58,114 [main] INFO  http.HttpServer2 (HttpServer2.java:addFilter(1016)) - Added filter static_user_filter (class=org.apache.hadoop.http.lib.StaticUserWebFilter$StaticUserFilter) to context hddsDatanode
2025-03-20 02:09:58,114 [main] INFO  http.HttpServer2 (HttpServer2.java:addFilter(1024)) - Added filter static_user_filter (class=org.apache.hadoop.http.lib.StaticUserWebFilter$StaticUserFilter) to context static
2025-03-20 02:09:58,114 [main] INFO  http.HttpServer2 (HttpServer2.java:addFilter(1024)) - Added filter static_user_filter (class=org.apache.hadoop.http.lib.StaticUserWebFilter$StaticUserFilter) to context logs
2025-03-20 02:09:58,115 [main] INFO  http.BaseHttpServer (BaseHttpServer.java:<init>(195)) - HTTP server of hddsDatanode uses base directory /home/runner/work/ozone/ozone/hadoop-ozone/integration-test/target/test-dir/MiniOzoneClusterImpl-897eaf7f-b25b-4380-b284-a53405b32f13/ozone-meta/datanode-1/meta/webserver
2025-03-20 02:09:58,115 [main] INFO  http.HttpServer2 (HttpServer2.java:bindListener(1240)) - Jetty bound to port 15011
2025-03-20 02:09:58,115 [main] INFO  server.Server (Server.java:doStart(375)) - jetty-9.4.57.v20241219; built: 2025-01-08T21:24:30.412Z; git: df524e6b29271c2e09ba9aea83c18dc9db464a31; jvm 21.0.6+7-LTS
2025-03-20 02:09:58,118 [main] INFO  server.session (DefaultSessionIdManager.java:doStart(334)) - DefaultSessionIdManager workerName=node0
2025-03-20 02:09:58,118 [main] INFO  server.session (DefaultSessionIdManager.java:doStart(339)) - No SessionScavenger set, using defaults
2025-03-20 02:09:58,118 [main] INFO  server.session (HouseKeeper.java:startScavenging(132)) - node0 Scavenging every 660000ms
2025-03-20 02:09:58,119 [main] INFO  handler.ContextHandler (ContextHandler.java:doStart(921)) - Started o.e.j.s.ServletContextHandler@53222524{logs,/logs,file:///home/runner/work/ozone/ozone/hadoop-ozone/integration-test/target/log,AVAILABLE}
2025-03-20 02:09:58,119 [main] INFO  handler.ContextHandler (ContextHandler.java:doStart(921)) - Started o.e.j.s.ServletContextHandler@2afee2ee{static,/static,jar:file:/home/runner/work/ozone/ozone/hadoop-hdds/container-service/target/hdds-container-service-2.1.0-SNAPSHOT.jar!/webapps/static,AVAILABLE}
2025-03-20 02:09:58,267 [main] INFO  handler.ContextHandler (ContextHandler.java:doStart(921)) - Started o.e.j.w.WebAppContext@51cea39e{hddsDatanode,/,file:///home/runner/work/ozone/ozone/hadoop-ozone/integration-test/target/test-dir/MiniOzoneClusterImpl-897eaf7f-b25b-4380-b284-a53405b32f13/ozone-meta/datanode-1/meta/webserver/jetty-0_0_0_0-15011-hdds-container-service-2_1_0-SNAPSHOT_jar-_-any-9925835229431571096/webapp/,AVAILABLE}{jar:file:/home/runner/work/ozone/ozone/hadoop-hdds/container-service/target/hdds-container-service-2.1.0-SNAPSHOT.jar!/webapps/hddsDatanode}
2025-03-20 02:09:58,268 [main] INFO  server.AbstractConnector (AbstractConnector.java:doStart(333)) - Started ServerConnector@4a3ebba6{HTTP/1.1, (http/1.1)}{0.0.0.0:15011}
2025-03-20 02:09:58,268 [main] INFO  server.Server (Server.java:doStart(415)) - Started @18999ms
2025-03-20 02:09:58,268 [main] WARN  impl.MetricsSystemImpl (MetricsSystemImpl.java:register(279)) - Sink prometheus already exists!
2025-03-20 02:09:58,269 [main] INFO  http.BaseHttpServer (BaseHttpServer.java:updateConnectorAddress(360)) - HTTP server of hddsDatanode listening at http://0.0.0.0:15011
2025-03-20 02:09:58,271 [main] INFO  ipc.CallQueueManager (CallQueueManager.java:<init>(93)) - Using callQueue: class java.util.concurrent.LinkedBlockingQueue, queueCapacity: 1000, scheduler: class org.apache.hadoop.ipc.DefaultRpcScheduler, ipcBackoff: false, ipcFailOver: false.
2025-03-20 02:09:58,272 [main] INFO  ipc.Server (Server.java:<init>(1438)) - Listener at 0.0.0.0:15012
2025-03-20 02:09:58,272 [Socket Reader #1 for port 15012] INFO  ipc.Server (Server.java:run(1474)) - Starting Socket Reader #1 for port 15012
2025-03-20 02:09:58,272 [Socket Reader #2 for port 15012] INFO  ipc.Server (Server.java:run(1474)) - Starting Socket Reader #2 for port 15012
2025-03-20 02:09:58,273 [Socket Reader #3 for port 15012] INFO  ipc.Server (Server.java:run(1474)) - Starting Socket Reader #3 for port 15012
2025-03-20 02:09:58,273 [Socket Reader #4 for port 15012] INFO  ipc.Server (Server.java:run(1474)) - Starting Socket Reader #4 for port 15012
2025-03-20 02:09:58,273 [Socket Reader #5 for port 15012] INFO  ipc.Server (Server.java:run(1474)) - Starting Socket Reader #5 for port 15012
2025-03-20 02:09:58,273 [Socket Reader #6 for port 15012] INFO  ipc.Server (Server.java:run(1474)) - Starting Socket Reader #6 for port 15012
2025-03-20 02:09:58,274 [Socket Reader #7 for port 15012] INFO  ipc.Server (Server.java:run(1474)) - Starting Socket Reader #7 for port 15012
2025-03-20 02:09:58,274 [Socket Reader #8 for port 15012] INFO  ipc.Server (Server.java:run(1474)) - Starting Socket Reader #8 for port 15012
2025-03-20 02:09:58,274 [Socket Reader #9 for port 15012] INFO  ipc.Server (Server.java:run(1474)) - Starting Socket Reader #9 for port 15012
2025-03-20 02:09:58,274 [Socket Reader #10 for port 15012] INFO  ipc.Server (Server.java:run(1474)) - Starting Socket Reader #10 for port 15012
2025-03-20 02:09:58,276 [main] INFO  ozone.HddsDatanodeService (HddsDatanodeService.java:start(332)) - Datanode start with admins: [runner]
2025-03-20 02:09:58,276 [main] INFO  ozone.HddsDatanodeClientProtocolServer (HddsDatanodeClientProtocolServer.java:start(76)) - RPC server for Client /0.0.0.0:15012
2025-03-20 02:09:58,277 [IPC Server Responder] INFO  ipc.Server (Server.java:run(1713)) - IPC Server Responder: starting
2025-03-20 02:09:58,277 [IPC Server listener on 15012] INFO  ipc.Server (Server.java:run(1553)) - IPC Server listener on 15012: starting
2025-03-20 02:09:58,279 [main] WARN  dropwizard3.Dm3MetricRegistriesImpl (Dm3MetricRegistriesImpl.java:addReporterRegistration(114)) - New reporters are added after registries were created. Some metrics will be missing from the reporter. Please add reporter before adding any new registry.
2025-03-20 02:09:58,279 [main] WARN  dropwizard3.Dm3MetricRegistriesImpl (Dm3MetricRegistriesImpl.java:addReporterRegistration(114)) - New reporters are added after registries were created. Some metrics will be missing from the reporter. Please add reporter before adding any new registry.
2025-03-20 02:09:58,279 [main] INFO  impl.MetricsSystemImpl (MetricsSystemImpl.java:init(158)) - HddsDatanode metrics system started (again)
2025-03-20 02:09:58,281 [4d0384fa-a0d7-4e6d-b08b-6a0afc890d42-DatanodeStateMachineDaemonThread] INFO  statemachine.DatanodeStateMachine (DatanodeStateMachine.java:startStateMachineThread(336)) - Ozone container server started.
2025-03-20 02:09:58,294 [main] INFO  ozone.HddsDatanodeService (HddsDatanodeService.java:start(241)) - HddsDatanodeService host:fv-az789-190 ip:10.1.0.98
2025-03-20 02:09:58,301 [main] INFO  upgrade.AbstractLayoutVersionManager (AbstractLayoutVersionManager.java:init(80)) - Initializing Layout version manager with metadata layout = HBASE_SUPPORT (version = 8), software layout = HBASE_SUPPORT (version = 8)
2025-03-20 02:09:58,302 [main] INFO  statemachine.DatanodeStateMachine (DatanodeStateMachine.java:getEndPointTaskThreadPoolSize(293)) - Datanode State Machine Task Thread Pool size 2
2025-03-20 02:09:58,306 [main] INFO  volume.HddsVolume (HddsVolume.java:<init>(132)) - Creating HddsVolume: /home/runner/work/ozone/ozone/hadoop-ozone/integration-test/target/test-dir/MiniOzoneClusterImpl-897eaf7f-b25b-4380-b284-a53405b32f13/ozone-meta/datanode-2/data-0/hdds of storage type: DISK, capacity=9222449699674390527, used=0, available=9222449699674390527
2025-03-20 02:09:58,307 [main] INFO  volume.MutableVolumeSet (MutableVolumeSet.java:initializeVolumeSet(169)) - Added Volume : /home/runner/work/ozone/ozone/hadoop-ozone/integration-test/target/test-dir/MiniOzoneClusterImpl-897eaf7f-b25b-4380-b284-a53405b32f13/ozone-meta/datanode-2/data-0/hdds to VolumeSet
2025-03-20 02:09:58,309 [main] INFO  volume.MutableVolumeSet (MutableVolumeSet.java:initializeVolumeSet(169)) - Added Volume : /home/runner/work/ozone/ozone/hadoop-ozone/integration-test/target/test-dir/MiniOzoneClusterImpl-897eaf7f-b25b-4380-b284-a53405b32f13/ozone-meta/datanode-2/ratis to VolumeSet
2025-03-20 02:09:58,310 [main] INFO  ozoneimpl.OzoneContainer (HddsVolumeUtil.java:loadAllHddsVolumeDbStore(101)) - Load 1 volumes DbStore cost: 0ms
2025-03-20 02:09:58,311 [main] WARN  db.DBStoreBuilder (DBStoreBuilder.java:getDBDirPath(168)) - ozone.scm.datanode.id.dir is not configured. We recommend adding this setting. Falling back to ozone.metadata.dirs instead.
2025-03-20 02:09:58,312 [main] WARN  db.DBStoreBuilder (DBStoreBuilder.java:getDBDirPath(168)) - ozone.scm.datanode.id.dir is not configured. We recommend adding this setting. Falling back to ozone.metadata.dirs instead.
2025-03-20 02:09:58,331 [main] INFO  impl.FilePerChunkStrategy (FilePerChunkStrategy.java:<init>(79)) - ozone.chunk.read.mapped.buffer.max.count is load with 0
2025-03-20 02:09:58,331 [main] INFO  impl.FilePerBlockStrategy (FilePerBlockStrategy.java:<init>(87)) - ozone.chunk.read.mapped.buffer.max.count is load with 0
2025-03-20 02:09:58,333 [main] INFO  server.RaftServerConfigKeys (ConfUtils.java:logGet(46)) - raft.server.log.appender.buffer.byte-limit = 33554432 (custom)
2025-03-20 02:09:58,335 [main] INFO  server.RaftServer (ConfUtils.java:logGet(46)) - raft.rpc.type = GRPC (default)
2025-03-20 02:09:58,335 [main] INFO  grpc.GrpcConfigKeys (ConfUtils.java:logFallback(53)) - raft.grpc.admin.host = null (fallback to raft.grpc.server.host)
2025-03-20 02:09:58,335 [main] INFO  grpc.GrpcConfigKeys (ConfUtils.java:logGet(46)) - raft.grpc.admin.port = 15024 (custom)
2025-03-20 02:09:58,335 [main] INFO  grpc.GrpcConfigKeys (ConfUtils.java:logFallback(53)) - raft.grpc.client.host = null (fallback to raft.grpc.server.host)
2025-03-20 02:09:58,335 [main] INFO  grpc.GrpcConfigKeys (ConfUtils.java:logGet(46)) - raft.grpc.client.port = 15023 (custom)
2025-03-20 02:09:58,336 [main] INFO  grpc.GrpcConfigKeys (ConfUtils.java:logGet(46)) - raft.grpc.server.host = null (default)
2025-03-20 02:09:58,336 [main] INFO  grpc.GrpcConfigKeys (ConfUtils.java:logGet(46)) - raft.grpc.server.port = 15025 (custom)
2025-03-20 02:09:58,336 [main] INFO  server.GrpcService (ConfUtils.java:logGet(46)) - raft.grpc.message.size.max = 34603008 (custom)
2025-03-20 02:09:58,336 [main] INFO  server.GrpcService (ConfUtils.java:logGet(46)) - raft.grpc.flow.control.window = 5MB (=5242880) (custom)
2025-03-20 02:09:58,336 [main] INFO  server.RaftServerConfigKeys (ConfUtils.java:logGet(46)) - raft.server.rpc.request.timeout = 60s (custom)
2025-03-20 02:09:58,336 [main] INFO  grpc.GrpcConfigKeys (ConfUtils.java:logGet(46)) - raft.grpc.server.heartbeat.channel = true (default)
2025-03-20 02:09:58,337 [main] INFO  server.RaftServerConfigKeys (ConfUtils.java:logGet(46)) - raft.server.log.appender.buffer.byte-limit = 33554432 (custom)
2025-03-20 02:09:58,337 [main] INFO  grpc.GrpcConfigKeys (ConfUtils.java:logGet(46)) - raft.grpc.server.async.request.thread.pool.cached = true (default)
2025-03-20 02:09:58,337 [main] INFO  grpc.GrpcConfigKeys (ConfUtils.java:logGet(46)) - raft.grpc.server.async.request.thread.pool.size = 32 (default)
2025-03-20 02:09:58,338 [main] INFO  impl.DataStreamServerImpl (ConfUtils.java:logGet(46)) - raft.datastream.type = NETTY (custom)
2025-03-20 02:09:58,339 [main] INFO  server.RaftServerConfigKeys (ConfUtils.java:logGet(46)) - raft.server.data-stream.async.request.thread.pool.cached = false (default)
2025-03-20 02:09:58,339 [main] INFO  server.RaftServerConfigKeys (ConfUtils.java:logGet(46)) - raft.server.data-stream.async.request.thread.pool.size = 20 (custom)
2025-03-20 02:09:58,339 [main] INFO  server.RaftServerConfigKeys (ConfUtils.java:logGet(46)) - raft.server.data-stream.async.write.thread.pool.size = 16 (default)
2025-03-20 02:09:58,339 [main] INFO  netty.NettyConfigKeys$DataStream (ConfUtils.java:logGet(46)) - raft.netty.dataStream.server.channel.inactive.grace-period = 10min (default)
2025-03-20 02:09:58,339 [main] INFO  server.RaftServerConfigKeys (ConfUtils.java:logGet(46)) - raft.server.data-stream.client.pool.size = 10 (default)
2025-03-20 02:09:58,339 [main] INFO  netty.NettyConfigKeys$DataStream (ConfUtils.java:logGet(46)) - raft.netty.dataStream.server.use-epoll = true (default)
2025-03-20 02:09:58,340 [main] INFO  netty.NettyConfigKeys$DataStream (ConfUtils.java:logGet(46)) - raft.netty.dataStream.server.boss-group.size = 0 (default)
2025-03-20 02:09:58,340 [main] INFO  netty.NettyUtils (NettyUtils.java:newEventLoopGroup(74)) - Create EpollEventLoopGroup for f196473e-7e55-4e65-a56a-ed3222e0db42-NettyServerStreamRpc-bossGroup; Thread size is 0.
2025-03-20 02:09:58,340 [main] INFO  netty.NettyConfigKeys$DataStream (ConfUtils.java:logGet(46)) - raft.netty.dataStream.server.worker-group.size = 0 (default)
2025-03-20 02:09:58,340 [main] INFO  netty.NettyUtils (NettyUtils.java:newEventLoopGroup(74)) - Create EpollEventLoopGroup for f196473e-7e55-4e65-a56a-ed3222e0db42-NettyServerStreamRpc-workerGroup; Thread size is 0.
2025-03-20 02:09:58,341 [main] INFO  netty.NettyConfigKeys$DataStream (ConfUtils.java:logGet(46)) - raft.netty.dataStream.server.tls.conf = null (default)
2025-03-20 02:09:58,341 [main] INFO  netty.NettyConfigKeys$DataStream (ConfUtils.java:logGet(46)) - raft.netty.dataStream.host = null (default)
2025-03-20 02:09:58,341 [main] INFO  netty.NettyConfigKeys$DataStream (ConfUtils.java:logGet(46)) - raft.netty.dataStream.port = 15026 (custom)
2025-03-20 02:09:58,342 [main] INFO  server.RaftServerConfigKeys (ConfUtils.java:logGet(46)) - raft.server.sleep.deviation.threshold = 300ms (default)
2025-03-20 02:09:58,342 [main] INFO  server.RaftServerConfigKeys (ConfUtils.java:logGet(46)) - raft.server.close.threshold = 60s (default)
2025-03-20 02:09:58,343 [main] INFO  server.RaftServerConfigKeys (ConfUtils.java:logGet(46)) - raft.server.leaderelection.leader.step-down.wait-time = 10s (default)
2025-03-20 02:09:58,343 [main] INFO  server.RaftServerConfigKeys (ConfUtils.java:logGet(46)) - raft.server.storage.dir = [/home/runner/work/ozone/ozone/hadoop-ozone/integration-test/target/test-dir/MiniOzoneClusterImpl-897eaf7f-b25b-4380-b284-a53405b32f13/ozone-meta/datanode-2/ratis] (custom)
2025-03-20 02:09:58,343 [main] INFO  server.RaftServerConfigKeys (ConfUtils.java:logGet(46)) - raft.server.threadpool.proxy.cached = true (default)
2025-03-20 02:09:58,343 [main] INFO  server.RaftServerConfigKeys (ConfUtils.java:logGet(46)) - raft.server.threadpool.proxy.size = 0 (default)
2025-03-20 02:09:58,343 [f196473e-7e55-4e65-a56a-ed3222e0db42-NettyServerStreamRpc-bossGroup--thread1] INFO  logging.LoggingHandler (AbstractInternalLogger.java:log(148)) - [id: 0x9707a1e9] REGISTERED
2025-03-20 02:09:58,344 [f196473e-7e55-4e65-a56a-ed3222e0db42-NettyServerStreamRpc-bossGroup--thread1] INFO  logging.LoggingHandler (AbstractInternalLogger.java:log(148)) - [id: 0x9707a1e9] BIND: 0.0.0.0/0.0.0.0:15026
2025-03-20 02:09:58,344 [f196473e-7e55-4e65-a56a-ed3222e0db42-NettyServerStreamRpc-bossGroup--thread1] INFO  logging.LoggingHandler (AbstractInternalLogger.java:log(148)) - [id: 0x9707a1e9, L:/0.0.0.0:15026] ACTIVE
2025-03-20 02:09:58,344 [f196473e-7e55-4e65-a56a-ed3222e0db42-impl-thread1] INFO  server.RaftServer (RaftServerProxy.java:initGroupDir(265)) - f196473e-7e55-4e65-a56a-ed3222e0db42: found a subdirectory /home/runner/work/ozone/ozone/hadoop-ozone/integration-test/target/test-dir/MiniOzoneClusterImpl-897eaf7f-b25b-4380-b284-a53405b32f13/ozone-meta/datanode-2/ratis/tmp
2025-03-20 02:09:58,345 [f196473e-7e55-4e65-a56a-ed3222e0db42-impl-thread1] INFO  server.RaftServer (RaftServerProxy.java:initGroupDir(270)) - f196473e-7e55-4e65-a56a-ed3222e0db42: The directory /home/runner/work/ozone/ozone/hadoop-ozone/integration-test/target/test-dir/MiniOzoneClusterImpl-897eaf7f-b25b-4380-b284-a53405b32f13/ozone-meta/datanode-2/ratis/tmp is not a group directory; ignoring it. 
2025-03-20 02:09:58,345 [main] INFO  replication.ReplicationServer (ReplicationServer.java:<init>(84)) - Initializing replication server with thread count = 10 queue length = 4096
2025-03-20 02:09:58,346 [main] INFO  server.XceiverServerGrpc (XceiverServerGrpc.java:<init>(131)) - GrpcServer channel type EpollServerSocketChannel
2025-03-20 02:09:58,349 [main] INFO  replication.ReplicationSupervisor (ReplicationSupervisor.java:build(169)) - Initializing replication supervisor with thread count = 10
2025-03-20 02:09:58,349 [main] INFO  replication.ReplicationSupervisor (ReplicationSupervisor.java:nodeStateUpdated(358)) - Node state updated to IN_SERVICE, scaling executor pool size to 10
2025-03-20 02:09:58,352 [4d0384fa-a0d7-4e6d-b08b-6a0afc890d42-DatanodeStateMachineTaskThread-0] INFO  datanode.InitDatanodeState (InitDatanodeState.java:persistContainerDatanodeDetails(139)) - DatanodeDetails is persisted to /home/runner/work/ozone/ozone/hadoop-ozone/integration-test/target/test-dir/MiniOzoneClusterImpl-897eaf7f-b25b-4380-b284-a53405b32f13/ozone-meta/datanode-1/meta/datanode.id
2025-03-20 02:09:58,353 [main] INFO  http.BaseHttpServer (BaseHttpServer.java:newHttpServer2BuilderForOzone(229)) - Starting Web-server for hddsDatanode at: http://0.0.0.0:15020
2025-03-20 02:09:58,353 [main] INFO  http.BaseHttpServer (BaseHttpServer.java:<init>(107)) - Hadoop Security Enabled: false Ozone Security Enabled: false Ozone HTTP Security Enabled: false 
2025-03-20 02:09:58,356 [main] WARN  server.AuthenticationFilter (AuthenticationFilter.java:constructSecretProvider(240)) - Unable to initialize FileSignerSecretProvider, falling back to use random secrets. Reason: Could not read signature secret file: /home/runner/hadoop-http-auth-signature-secret
2025-03-20 02:09:58,357 [main] INFO  http.HttpRequestLog (HttpRequestLog.java:getRequestLog(85)) - Http request log for http.requests.hddsDatanode is not defined
2025-03-20 02:09:58,358 [main] INFO  http.HttpServer2 (HttpServer2.java:addGlobalFilter(1040)) - Added global filter 'safety' (class=org.apache.hadoop.hdds.server.http.HttpServer2$QuotingInputFilter)
2025-03-20 02:09:58,359 [main] INFO  http.HttpServer2 (HttpServer2.java:addFilter(1016)) - Added filter static_user_filter (class=org.apache.hadoop.http.lib.StaticUserWebFilter$StaticUserFilter) to context hddsDatanode
2025-03-20 02:09:58,360 [main] INFO  http.HttpServer2 (HttpServer2.java:addFilter(1024)) - Added filter static_user_filter (class=org.apache.hadoop.http.lib.StaticUserWebFilter$StaticUserFilter) to context logs
2025-03-20 02:09:58,360 [main] INFO  http.HttpServer2 (HttpServer2.java:addFilter(1024)) - Added filter static_user_filter (class=org.apache.hadoop.http.lib.StaticUserWebFilter$StaticUserFilter) to context static
2025-03-20 02:09:58,360 [main] INFO  http.BaseHttpServer (BaseHttpServer.java:<init>(195)) - HTTP server of hddsDatanode uses base directory /home/runner/work/ozone/ozone/hadoop-ozone/integration-test/target/test-dir/MiniOzoneClusterImpl-897eaf7f-b25b-4380-b284-a53405b32f13/ozone-meta/datanode-2/meta/webserver
2025-03-20 02:09:58,361 [main] INFO  http.HttpServer2 (HttpServer2.java:bindListener(1240)) - Jetty bound to port 15020
2025-03-20 02:09:58,361 [main] INFO  server.Server (Server.java:doStart(375)) - jetty-9.4.57.v20241219; built: 2025-01-08T21:24:30.412Z; git: df524e6b29271c2e09ba9aea83c18dc9db464a31; jvm 21.0.6+7-LTS
2025-03-20 02:09:58,362 [main] INFO  server.session (DefaultSessionIdManager.java:doStart(334)) - DefaultSessionIdManager workerName=node0
2025-03-20 02:09:58,362 [main] INFO  server.session (DefaultSessionIdManager.java:doStart(339)) - No SessionScavenger set, using defaults
2025-03-20 02:09:58,363 [main] INFO  server.session (HouseKeeper.java:startScavenging(132)) - node0 Scavenging every 600000ms
2025-03-20 02:09:58,363 [main] INFO  handler.ContextHandler (ContextHandler.java:doStart(921)) - Started o.e.j.s.ServletContextHandler@14f31f10{logs,/logs,file:///home/runner/work/ozone/ozone/hadoop-ozone/integration-test/target/log,AVAILABLE}
2025-03-20 02:09:58,364 [main] INFO  handler.ContextHandler (ContextHandler.java:doStart(921)) - Started o.e.j.s.ServletContextHandler@18744e18{static,/static,jar:file:/home/runner/work/ozone/ozone/hadoop-hdds/container-service/target/hdds-container-service-2.1.0-SNAPSHOT.jar!/webapps/static,AVAILABLE}
2025-03-20 02:09:58,500 [main] INFO  handler.ContextHandler (ContextHandler.java:doStart(921)) - Started o.e.j.w.WebAppContext@67e28dad{hddsDatanode,/,file:///home/runner/work/ozone/ozone/hadoop-ozone/integration-test/target/test-dir/MiniOzoneClusterImpl-897eaf7f-b25b-4380-b284-a53405b32f13/ozone-meta/datanode-2/meta/webserver/jetty-0_0_0_0-15020-hdds-container-service-2_1_0-SNAPSHOT_jar-_-any-2613462425047522913/webapp/,AVAILABLE}{jar:file:/home/runner/work/ozone/ozone/hadoop-hdds/container-service/target/hdds-container-service-2.1.0-SNAPSHOT.jar!/webapps/hddsDatanode}
2025-03-20 02:09:58,501 [main] INFO  server.AbstractConnector (AbstractConnector.java:doStart(333)) - Started ServerConnector@390645a{HTTP/1.1, (http/1.1)}{0.0.0.0:15020}
2025-03-20 02:09:58,501 [main] INFO  server.Server (Server.java:doStart(415)) - Started @19232ms
2025-03-20 02:09:58,501 [main] WARN  impl.MetricsSystemImpl (MetricsSystemImpl.java:register(279)) - Sink prometheus already exists!
2025-03-20 02:09:58,502 [main] INFO  http.BaseHttpServer (BaseHttpServer.java:updateConnectorAddress(360)) - HTTP server of hddsDatanode listening at http://0.0.0.0:15020
2025-03-20 02:09:58,502 [main] INFO  ipc.CallQueueManager (CallQueueManager.java:<init>(93)) - Using callQueue: class java.util.concurrent.LinkedBlockingQueue, queueCapacity: 1000, scheduler: class org.apache.hadoop.ipc.DefaultRpcScheduler, ipcBackoff: false, ipcFailOver: false.
2025-03-20 02:09:58,502 [main] INFO  ipc.Server (Server.java:<init>(1438)) - Listener at 0.0.0.0:15021
2025-03-20 02:09:58,503 [Socket Reader #1 for port 15021] INFO  ipc.Server (Server.java:run(1474)) - Starting Socket Reader #1 for port 15021
2025-03-20 02:09:58,503 [Socket Reader #2 for port 15021] INFO  ipc.Server (Server.java:run(1474)) - Starting Socket Reader #2 for port 15021
2025-03-20 02:09:58,503 [Socket Reader #3 for port 15021] INFO  ipc.Server (Server.java:run(1474)) - Starting Socket Reader #3 for port 15021
2025-03-20 02:09:58,503 [Socket Reader #4 for port 15021] INFO  ipc.Server (Server.java:run(1474)) - Starting Socket Reader #4 for port 15021
2025-03-20 02:09:58,504 [Socket Reader #5 for port 15021] INFO  ipc.Server (Server.java:run(1474)) - Starting Socket Reader #5 for port 15021
2025-03-20 02:09:58,504 [Socket Reader #6 for port 15021] INFO  ipc.Server (Server.java:run(1474)) - Starting Socket Reader #6 for port 15021
2025-03-20 02:09:58,504 [Socket Reader #7 for port 15021] INFO  ipc.Server (Server.java:run(1474)) - Starting Socket Reader #7 for port 15021
2025-03-20 02:09:58,504 [Socket Reader #8 for port 15021] INFO  ipc.Server (Server.java:run(1474)) - Starting Socket Reader #8 for port 15021
2025-03-20 02:09:58,505 [Socket Reader #9 for port 15021] INFO  ipc.Server (Server.java:run(1474)) - Starting Socket Reader #9 for port 15021
2025-03-20 02:09:58,505 [Socket Reader #10 for port 15021] INFO  ipc.Server (Server.java:run(1474)) - Starting Socket Reader #10 for port 15021
2025-03-20 02:09:58,508 [main] INFO  ozone.HddsDatanodeService (HddsDatanodeService.java:start(332)) - Datanode start with admins: [runner]
2025-03-20 02:09:58,508 [main] INFO  ozone.HddsDatanodeClientProtocolServer (HddsDatanodeClientProtocolServer.java:start(76)) - RPC server for Client /0.0.0.0:15021
2025-03-20 02:09:58,509 [IPC Server Responder] INFO  ipc.Server (Server.java:run(1713)) - IPC Server Responder: starting
2025-03-20 02:09:58,510 [IPC Server listener on 15021] INFO  ipc.Server (Server.java:run(1553)) - IPC Server listener on 15021: starting
2025-03-20 02:09:58,513 [main] WARN  dropwizard3.Dm3MetricRegistriesImpl (Dm3MetricRegistriesImpl.java:addReporterRegistration(114)) - New reporters are added after registries were created. Some metrics will be missing from the reporter. Please add reporter before adding any new registry.
2025-03-20 02:09:58,513 [main] WARN  dropwizard3.Dm3MetricRegistriesImpl (Dm3MetricRegistriesImpl.java:addReporterRegistration(114)) - New reporters are added after registries were created. Some metrics will be missing from the reporter. Please add reporter before adding any new registry.
2025-03-20 02:09:58,513 [main] INFO  impl.MetricsSystemImpl (MetricsSystemImpl.java:init(158)) - HddsDatanode metrics system started (again)
2025-03-20 02:09:58,516 [f196473e-7e55-4e65-a56a-ed3222e0db42-DatanodeStateMachineDaemonThread] INFO  statemachine.DatanodeStateMachine (DatanodeStateMachine.java:startStateMachineThread(336)) - Ozone container server started.
2025-03-20 02:09:58,524 [f196473e-7e55-4e65-a56a-ed3222e0db42-DatanodeStateMachineTaskThread-0] INFO  datanode.InitDatanodeState (InitDatanodeState.java:persistContainerDatanodeDetails(139)) - DatanodeDetails is persisted to /home/runner/work/ozone/ozone/hadoop-ozone/integration-test/target/test-dir/MiniOzoneClusterImpl-897eaf7f-b25b-4380-b284-a53405b32f13/ozone-meta/datanode-2/meta/datanode.id
2025-03-20 02:09:58,528 [main] INFO  ozone.HddsDatanodeService (HddsDatanodeService.java:start(241)) - HddsDatanodeService host:fv-az789-190 ip:10.1.0.98
2025-03-20 02:09:58,531 [main] INFO  upgrade.AbstractLayoutVersionManager (AbstractLayoutVersionManager.java:init(80)) - Initializing Layout version manager with metadata layout = HBASE_SUPPORT (version = 8), software layout = HBASE_SUPPORT (version = 8)
2025-03-20 02:09:58,532 [main] INFO  statemachine.DatanodeStateMachine (DatanodeStateMachine.java:getEndPointTaskThreadPoolSize(293)) - Datanode State Machine Task Thread Pool size 2
2025-03-20 02:09:58,535 [main] INFO  volume.HddsVolume (HddsVolume.java:<init>(132)) - Creating HddsVolume: /home/runner/work/ozone/ozone/hadoop-ozone/integration-test/target/test-dir/MiniOzoneClusterImpl-897eaf7f-b25b-4380-b284-a53405b32f13/ozone-meta/datanode-3/data-0/hdds of storage type: DISK, capacity=9222449699674390527, used=0, available=9222449699674390527
2025-03-20 02:09:58,536 [main] INFO  volume.MutableVolumeSet (MutableVolumeSet.java:initializeVolumeSet(169)) - Added Volume : /home/runner/work/ozone/ozone/hadoop-ozone/integration-test/target/test-dir/MiniOzoneClusterImpl-897eaf7f-b25b-4380-b284-a53405b32f13/ozone-meta/datanode-3/data-0/hdds to VolumeSet
2025-03-20 02:09:58,537 [main] INFO  volume.MutableVolumeSet (MutableVolumeSet.java:initializeVolumeSet(169)) - Added Volume : /home/runner/work/ozone/ozone/hadoop-ozone/integration-test/target/test-dir/MiniOzoneClusterImpl-897eaf7f-b25b-4380-b284-a53405b32f13/ozone-meta/datanode-3/ratis to VolumeSet
2025-03-20 02:09:58,538 [main] INFO  ozoneimpl.OzoneContainer (HddsVolumeUtil.java:loadAllHddsVolumeDbStore(101)) - Load 1 volumes DbStore cost: 0ms
2025-03-20 02:09:58,539 [main] WARN  db.DBStoreBuilder (DBStoreBuilder.java:getDBDirPath(168)) - ozone.scm.datanode.id.dir is not configured. We recommend adding this setting. Falling back to ozone.metadata.dirs instead.
2025-03-20 02:09:58,540 [main] WARN  db.DBStoreBuilder (DBStoreBuilder.java:getDBDirPath(168)) - ozone.scm.datanode.id.dir is not configured. We recommend adding this setting. Falling back to ozone.metadata.dirs instead.
2025-03-20 02:09:58,557 [main] INFO  impl.FilePerChunkStrategy (FilePerChunkStrategy.java:<init>(79)) - ozone.chunk.read.mapped.buffer.max.count is load with 0
2025-03-20 02:09:58,557 [main] INFO  impl.FilePerBlockStrategy (FilePerBlockStrategy.java:<init>(87)) - ozone.chunk.read.mapped.buffer.max.count is load with 0
2025-03-20 02:09:58,558 [main] INFO  server.RaftServerConfigKeys (ConfUtils.java:logGet(46)) - raft.server.log.appender.buffer.byte-limit = 33554432 (custom)
2025-03-20 02:09:58,560 [main] INFO  server.RaftServer (ConfUtils.java:logGet(46)) - raft.rpc.type = GRPC (default)
2025-03-20 02:09:58,560 [main] INFO  grpc.GrpcConfigKeys (ConfUtils.java:logFallback(53)) - raft.grpc.admin.host = null (fallback to raft.grpc.server.host)
2025-03-20 02:09:58,560 [main] INFO  grpc.GrpcConfigKeys (ConfUtils.java:logGet(46)) - raft.grpc.admin.port = 15033 (custom)
2025-03-20 02:09:58,561 [main] INFO  grpc.GrpcConfigKeys (ConfUtils.java:logFallback(53)) - raft.grpc.client.host = null (fallback to raft.grpc.server.host)
2025-03-20 02:09:58,561 [main] INFO  grpc.GrpcConfigKeys (ConfUtils.java:logGet(46)) - raft.grpc.client.port = 15032 (custom)
2025-03-20 02:09:58,561 [main] INFO  grpc.GrpcConfigKeys (ConfUtils.java:logGet(46)) - raft.grpc.server.host = null (default)
2025-03-20 02:09:58,561 [main] INFO  grpc.GrpcConfigKeys (ConfUtils.java:logGet(46)) - raft.grpc.server.port = 15034 (custom)
2025-03-20 02:09:58,561 [main] INFO  server.GrpcService (ConfUtils.java:logGet(46)) - raft.grpc.message.size.max = 34603008 (custom)
2025-03-20 02:09:58,561 [main] INFO  server.GrpcService (ConfUtils.java:logGet(46)) - raft.grpc.flow.control.window = 5MB (=5242880) (custom)
2025-03-20 02:09:58,561 [main] INFO  server.RaftServerConfigKeys (ConfUtils.java:logGet(46)) - raft.server.rpc.request.timeout = 60s (custom)
2025-03-20 02:09:58,561 [main] INFO  grpc.GrpcConfigKeys (ConfUtils.java:logGet(46)) - raft.grpc.server.heartbeat.channel = true (default)
2025-03-20 02:09:58,561 [main] INFO  server.RaftServerConfigKeys (ConfUtils.java:logGet(46)) - raft.server.log.appender.buffer.byte-limit = 33554432 (custom)
2025-03-20 02:09:58,562 [main] INFO  grpc.GrpcConfigKeys (ConfUtils.java:logGet(46)) - raft.grpc.server.async.request.thread.pool.cached = true (default)
2025-03-20 02:09:58,562 [main] INFO  grpc.GrpcConfigKeys (ConfUtils.java:logGet(46)) - raft.grpc.server.async.request.thread.pool.size = 32 (default)
2025-03-20 02:09:58,563 [main] INFO  impl.DataStreamServerImpl (ConfUtils.java:logGet(46)) - raft.datastream.type = NETTY (custom)
2025-03-20 02:09:58,563 [main] INFO  server.RaftServerConfigKeys (ConfUtils.java:logGet(46)) - raft.server.data-stream.async.request.thread.pool.cached = false (default)
2025-03-20 02:09:58,563 [main] INFO  server.RaftServerConfigKeys (ConfUtils.java:logGet(46)) - raft.server.data-stream.async.request.thread.pool.size = 20 (custom)
2025-03-20 02:09:58,563 [main] INFO  server.RaftServerConfigKeys (ConfUtils.java:logGet(46)) - raft.server.data-stream.async.write.thread.pool.size = 16 (default)
2025-03-20 02:09:58,564 [main] INFO  netty.NettyConfigKeys$DataStream (ConfUtils.java:logGet(46)) - raft.netty.dataStream.server.channel.inactive.grace-period = 10min (default)
2025-03-20 02:09:58,564 [main] INFO  server.RaftServerConfigKeys (ConfUtils.java:logGet(46)) - raft.server.data-stream.client.pool.size = 10 (default)
2025-03-20 02:09:58,564 [main] INFO  netty.NettyConfigKeys$DataStream (ConfUtils.java:logGet(46)) - raft.netty.dataStream.server.use-epoll = true (default)
2025-03-20 02:09:58,564 [main] INFO  netty.NettyConfigKeys$DataStream (ConfUtils.java:logGet(46)) - raft.netty.dataStream.server.boss-group.size = 0 (default)
2025-03-20 02:09:58,564 [main] INFO  netty.NettyUtils (NettyUtils.java:newEventLoopGroup(74)) - Create EpollEventLoopGroup for 4ac7aa66-6ed2-4b11-9c1a-72acd958e2aa-NettyServerStreamRpc-bossGroup; Thread size is 0.
2025-03-20 02:09:58,564 [main] INFO  netty.NettyConfigKeys$DataStream (ConfUtils.java:logGet(46)) - raft.netty.dataStream.server.worker-group.size = 0 (default)
2025-03-20 02:09:58,565 [main] INFO  netty.NettyUtils (NettyUtils.java:newEventLoopGroup(74)) - Create EpollEventLoopGroup for 4ac7aa66-6ed2-4b11-9c1a-72acd958e2aa-NettyServerStreamRpc-workerGroup; Thread size is 0.
2025-03-20 02:09:58,565 [main] INFO  netty.NettyConfigKeys$DataStream (ConfUtils.java:logGet(46)) - raft.netty.dataStream.server.tls.conf = null (default)
2025-03-20 02:09:58,565 [main] INFO  netty.NettyConfigKeys$DataStream (ConfUtils.java:logGet(46)) - raft.netty.dataStream.host = null (default)
2025-03-20 02:09:58,565 [main] INFO  netty.NettyConfigKeys$DataStream (ConfUtils.java:logGet(46)) - raft.netty.dataStream.port = 15035 (custom)
2025-03-20 02:09:58,566 [main] INFO  server.RaftServerConfigKeys (ConfUtils.java:logGet(46)) - raft.server.sleep.deviation.threshold = 300ms (default)
2025-03-20 02:09:58,566 [main] INFO  server.RaftServerConfigKeys (ConfUtils.java:logGet(46)) - raft.server.close.threshold = 60s (default)
2025-03-20 02:09:58,566 [main] INFO  server.RaftServerConfigKeys (ConfUtils.java:logGet(46)) - raft.server.leaderelection.leader.step-down.wait-time = 10s (default)
2025-03-20 02:09:58,566 [main] INFO  server.RaftServerConfigKeys (ConfUtils.java:logGet(46)) - raft.server.storage.dir = [/home/runner/work/ozone/ozone/hadoop-ozone/integration-test/target/test-dir/MiniOzoneClusterImpl-897eaf7f-b25b-4380-b284-a53405b32f13/ozone-meta/datanode-3/ratis] (custom)
2025-03-20 02:09:58,566 [main] INFO  server.RaftServerConfigKeys (ConfUtils.java:logGet(46)) - raft.server.threadpool.proxy.cached = true (default)
2025-03-20 02:09:58,566 [main] INFO  server.RaftServerConfigKeys (ConfUtils.java:logGet(46)) - raft.server.threadpool.proxy.size = 0 (default)
2025-03-20 02:09:58,566 [4ac7aa66-6ed2-4b11-9c1a-72acd958e2aa-NettyServerStreamRpc-bossGroup--thread1] INFO  logging.LoggingHandler (AbstractInternalLogger.java:log(148)) - [id: 0x719e97a5] REGISTERED
2025-03-20 02:09:58,567 [4ac7aa66-6ed2-4b11-9c1a-72acd958e2aa-NettyServerStreamRpc-bossGroup--thread1] INFO  logging.LoggingHandler (AbstractInternalLogger.java:log(148)) - [id: 0x719e97a5] BIND: 0.0.0.0/0.0.0.0:15035
2025-03-20 02:09:58,567 [4ac7aa66-6ed2-4b11-9c1a-72acd958e2aa-impl-thread1] INFO  server.RaftServer (RaftServerProxy.java:initGroupDir(265)) - 4ac7aa66-6ed2-4b11-9c1a-72acd958e2aa: found a subdirectory /home/runner/work/ozone/ozone/hadoop-ozone/integration-test/target/test-dir/MiniOzoneClusterImpl-897eaf7f-b25b-4380-b284-a53405b32f13/ozone-meta/datanode-3/ratis/tmp
2025-03-20 02:09:58,567 [4ac7aa66-6ed2-4b11-9c1a-72acd958e2aa-impl-thread1] INFO  server.RaftServer (RaftServerProxy.java:initGroupDir(270)) - 4ac7aa66-6ed2-4b11-9c1a-72acd958e2aa: The directory /home/runner/work/ozone/ozone/hadoop-ozone/integration-test/target/test-dir/MiniOzoneClusterImpl-897eaf7f-b25b-4380-b284-a53405b32f13/ozone-meta/datanode-3/ratis/tmp is not a group directory; ignoring it. 
2025-03-20 02:09:58,567 [4ac7aa66-6ed2-4b11-9c1a-72acd958e2aa-NettyServerStreamRpc-bossGroup--thread1] INFO  logging.LoggingHandler (AbstractInternalLogger.java:log(148)) - [id: 0x719e97a5, L:/0.0.0.0:15035] ACTIVE
2025-03-20 02:09:58,567 [main] INFO  replication.ReplicationServer (ReplicationServer.java:<init>(84)) - Initializing replication server with thread count = 10 queue length = 4096
2025-03-20 02:09:58,568 [main] INFO  server.XceiverServerGrpc (XceiverServerGrpc.java:<init>(131)) - GrpcServer channel type EpollServerSocketChannel
2025-03-20 02:09:58,570 [main] INFO  replication.ReplicationSupervisor (ReplicationSupervisor.java:build(169)) - Initializing replication supervisor with thread count = 10
2025-03-20 02:09:58,570 [main] INFO  replication.ReplicationSupervisor (ReplicationSupervisor.java:nodeStateUpdated(358)) - Node state updated to IN_SERVICE, scaling executor pool size to 10
2025-03-20 02:09:58,573 [main] INFO  http.BaseHttpServer (BaseHttpServer.java:newHttpServer2BuilderForOzone(229)) - Starting Web-server for hddsDatanode at: http://0.0.0.0:15029
2025-03-20 02:09:58,573 [main] INFO  http.BaseHttpServer (BaseHttpServer.java:<init>(107)) - Hadoop Security Enabled: false Ozone Security Enabled: false Ozone HTTP Security Enabled: false 
2025-03-20 02:09:58,575 [main] WARN  server.AuthenticationFilter (AuthenticationFilter.java:constructSecretProvider(240)) - Unable to initialize FileSignerSecretProvider, falling back to use random secrets. Reason: Could not read signature secret file: /home/runner/hadoop-http-auth-signature-secret
2025-03-20 02:09:58,575 [main] INFO  http.HttpRequestLog (HttpRequestLog.java:getRequestLog(85)) - Http request log for http.requests.hddsDatanode is not defined
2025-03-20 02:09:58,576 [main] INFO  http.HttpServer2 (HttpServer2.java:addGlobalFilter(1040)) - Added global filter 'safety' (class=org.apache.hadoop.hdds.server.http.HttpServer2$QuotingInputFilter)
2025-03-20 02:09:58,577 [main] INFO  http.HttpServer2 (HttpServer2.java:addFilter(1016)) - Added filter static_user_filter (class=org.apache.hadoop.http.lib.StaticUserWebFilter$StaticUserFilter) to context hddsDatanode
2025-03-20 02:09:58,577 [main] INFO  http.HttpServer2 (HttpServer2.java:addFilter(1024)) - Added filter static_user_filter (class=org.apache.hadoop.http.lib.StaticUserWebFilter$StaticUserFilter) to context static
2025-03-20 02:09:58,577 [main] INFO  http.HttpServer2 (HttpServer2.java:addFilter(1024)) - Added filter static_user_filter (class=org.apache.hadoop.http.lib.StaticUserWebFilter$StaticUserFilter) to context logs
2025-03-20 02:09:58,578 [main] INFO  http.BaseHttpServer (BaseHttpServer.java:<init>(195)) - HTTP server of hddsDatanode uses base directory /home/runner/work/ozone/ozone/hadoop-ozone/integration-test/target/test-dir/MiniOzoneClusterImpl-897eaf7f-b25b-4380-b284-a53405b32f13/ozone-meta/datanode-3/meta/webserver
2025-03-20 02:09:58,578 [main] INFO  http.HttpServer2 (HttpServer2.java:bindListener(1240)) - Jetty bound to port 15029
2025-03-20 02:09:58,578 [main] INFO  server.Server (Server.java:doStart(375)) - jetty-9.4.57.v20241219; built: 2025-01-08T21:24:30.412Z; git: df524e6b29271c2e09ba9aea83c18dc9db464a31; jvm 21.0.6+7-LTS
2025-03-20 02:09:58,580 [main] INFO  server.session (DefaultSessionIdManager.java:doStart(334)) - DefaultSessionIdManager workerName=node0
2025-03-20 02:09:58,580 [main] INFO  server.session (DefaultSessionIdManager.java:doStart(339)) - No SessionScavenger set, using defaults
2025-03-20 02:09:58,580 [main] INFO  server.session (HouseKeeper.java:startScavenging(132)) - node0 Scavenging every 660000ms
2025-03-20 02:09:58,581 [main] INFO  handler.ContextHandler (ContextHandler.java:doStart(921)) - Started o.e.j.s.ServletContextHandler@3f7665c5{logs,/logs,file:///home/runner/work/ozone/ozone/hadoop-ozone/integration-test/target/log,AVAILABLE}
2025-03-20 02:09:58,581 [main] INFO  handler.ContextHandler (ContextHandler.java:doStart(921)) - Started o.e.j.s.ServletContextHandler@4cf52777{static,/static,jar:file:/home/runner/work/ozone/ozone/hadoop-hdds/container-service/target/hdds-container-service-2.1.0-SNAPSHOT.jar!/webapps/static,AVAILABLE}
2025-03-20 02:09:58,707 [main] INFO  handler.ContextHandler (ContextHandler.java:doStart(921)) - Started o.e.j.w.WebAppContext@1e594828{hddsDatanode,/,file:///home/runner/work/ozone/ozone/hadoop-ozone/integration-test/target/test-dir/MiniOzoneClusterImpl-897eaf7f-b25b-4380-b284-a53405b32f13/ozone-meta/datanode-3/meta/webserver/jetty-0_0_0_0-15029-hdds-container-service-2_1_0-SNAPSHOT_jar-_-any-13989390905928431822/webapp/,AVAILABLE}{jar:file:/home/runner/work/ozone/ozone/hadoop-hdds/container-service/target/hdds-container-service-2.1.0-SNAPSHOT.jar!/webapps/hddsDatanode}
2025-03-20 02:09:58,708 [main] INFO  server.AbstractConnector (AbstractConnector.java:doStart(333)) - Started ServerConnector@41e67819{HTTP/1.1, (http/1.1)}{0.0.0.0:15029}
2025-03-20 02:09:58,708 [main] INFO  server.Server (Server.java:doStart(415)) - Started @19438ms
2025-03-20 02:09:58,708 [main] WARN  impl.MetricsSystemImpl (MetricsSystemImpl.java:register(279)) - Sink prometheus already exists!
2025-03-20 02:09:58,708 [main] INFO  http.BaseHttpServer (BaseHttpServer.java:updateConnectorAddress(360)) - HTTP server of hddsDatanode listening at http://0.0.0.0:15029
2025-03-20 02:09:58,709 [main] INFO  ipc.CallQueueManager (CallQueueManager.java:<init>(93)) - Using callQueue: class java.util.concurrent.LinkedBlockingQueue, queueCapacity: 1000, scheduler: class org.apache.hadoop.ipc.DefaultRpcScheduler, ipcBackoff: false, ipcFailOver: false.
2025-03-20 02:09:58,709 [main] INFO  ipc.Server (Server.java:<init>(1438)) - Listener at 0.0.0.0:15030
2025-03-20 02:09:58,709 [Socket Reader #1 for port 15030] INFO  ipc.Server (Server.java:run(1474)) - Starting Socket Reader #1 for port 15030
2025-03-20 02:09:58,710 [Socket Reader #2 for port 15030] INFO  ipc.Server (Server.java:run(1474)) - Starting Socket Reader #2 for port 15030
2025-03-20 02:09:58,710 [Socket Reader #3 for port 15030] INFO  ipc.Server (Server.java:run(1474)) - Starting Socket Reader #3 for port 15030
2025-03-20 02:09:58,710 [Socket Reader #4 for port 15030] INFO  ipc.Server (Server.java:run(1474)) - Starting Socket Reader #4 for port 15030
2025-03-20 02:09:58,710 [Socket Reader #5 for port 15030] INFO  ipc.Server (Server.java:run(1474)) - Starting Socket Reader #5 for port 15030
2025-03-20 02:09:58,710 [Socket Reader #6 for port 15030] INFO  ipc.Server (Server.java:run(1474)) - Starting Socket Reader #6 for port 15030
2025-03-20 02:09:58,711 [Socket Reader #7 for port 15030] INFO  ipc.Server (Server.java:run(1474)) - Starting Socket Reader #7 for port 15030
2025-03-20 02:09:58,711 [Socket Reader #8 for port 15030] INFO  ipc.Server (Server.java:run(1474)) - Starting Socket Reader #8 for port 15030
2025-03-20 02:09:58,711 [Socket Reader #9 for port 15030] INFO  ipc.Server (Server.java:run(1474)) - Starting Socket Reader #9 for port 15030
2025-03-20 02:09:58,711 [Socket Reader #10 for port 15030] INFO  ipc.Server (Server.java:run(1474)) - Starting Socket Reader #10 for port 15030
2025-03-20 02:09:58,713 [main] INFO  ozone.HddsDatanodeService (HddsDatanodeService.java:start(332)) - Datanode start with admins: [runner]
2025-03-20 02:09:58,713 [main] INFO  ozone.HddsDatanodeClientProtocolServer (HddsDatanodeClientProtocolServer.java:start(76)) - RPC server for Client /0.0.0.0:15030
2025-03-20 02:09:58,713 [IPC Server Responder] INFO  ipc.Server (Server.java:run(1713)) - IPC Server Responder: starting
2025-03-20 02:09:58,713 [IPC Server listener on 15030] INFO  ipc.Server (Server.java:run(1553)) - IPC Server listener on 15030: starting
2025-03-20 02:09:58,716 [main] INFO  ozone.MiniOzoneClusterImpl (MiniOzoneClusterImpl.java:lambda$waitForClusterToBeReady$0(190)) - Waiting for nodes to be ready. Got 0 of 3 DN Heartbeats.
2025-03-20 02:09:58,716 [main] INFO  ozone.MiniOzoneClusterImpl (MiniOzoneClusterImpl.java:lambda$waitForClusterToBeReady$0(193)) - Waiting for cluster to exit safe mode
2025-03-20 02:09:58,716 [main] INFO  ozone.MiniOzoneClusterImpl (MiniOzoneClusterImpl.java:lambda$waitForClusterToBeReady$0(195)) - SCM became leader
2025-03-20 02:09:58,716 [4ac7aa66-6ed2-4b11-9c1a-72acd958e2aa-DatanodeStateMachineDaemonThread] INFO  statemachine.DatanodeStateMachine (DatanodeStateMachine.java:startStateMachineThread(336)) - Ozone container server started.
2025-03-20 02:09:58,721 [4ac7aa66-6ed2-4b11-9c1a-72acd958e2aa-DatanodeStateMachineTaskThread-0] INFO  datanode.InitDatanodeState (InitDatanodeState.java:persistContainerDatanodeDetails(139)) - DatanodeDetails is persisted to /home/runner/work/ozone/ozone/hadoop-ozone/integration-test/target/test-dir/MiniOzoneClusterImpl-897eaf7f-b25b-4380-b284-a53405b32f13/ozone-meta/datanode-3/meta/datanode.id
2025-03-20 02:09:58,740 [om1@group-C5BA1605619E-FollowerState] INFO  impl.FollowerState (FollowerState.java:runImpl(161)) - om1@group-C5BA1605619E-FollowerState: change to CANDIDATE, lastRpcElapsedTime:1062111344ns, electionTimeout:1060ms
2025-03-20 02:09:58,740 [om1@group-C5BA1605619E-FollowerState] INFO  impl.RoleInfo (RoleInfo.java:shutdownFollowerState(121)) - om1: shutdown om1@group-C5BA1605619E-FollowerState
2025-03-20 02:09:58,740 [om1@group-C5BA1605619E-FollowerState] INFO  server.RaftServer$Division (RaftServerImpl.java:setRole(378)) - om1@group-C5BA1605619E: changes role from  FOLLOWER to CANDIDATE at term 0 for changeToCandidate
2025-03-20 02:09:58,740 [om1@group-C5BA1605619E-FollowerState] INFO  server.RaftServerConfigKeys (ConfUtils.java:logGet(46)) - raft.server.leaderelection.pre-vote = true (default)
2025-03-20 02:09:58,741 [om1@group-C5BA1605619E-FollowerState] INFO  impl.RoleInfo (RoleInfo.java:updateAndGet(148)) - om1: start om1@group-C5BA1605619E-LeaderElection3
2025-03-20 02:09:58,741 [om1@group-C5BA1605619E-LeaderElection3] INFO  impl.LeaderElection (LeaderElection.java:askForVotes(332)) - om1@group-C5BA1605619E-LeaderElection3 PRE_VOTE round 0: submit vote requests at term 0 for conf: {index: -1, cur=peers:[om1|localhost:15009]|listeners:[], old=null}
2025-03-20 02:09:58,741 [om1@group-C5BA1605619E-LeaderElection3] INFO  impl.LeaderElection (LeaderElection.java:askForVotes(334)) - om1@group-C5BA1605619E-LeaderElection3 PRE_VOTE round 0: result PASSED (term=0)
2025-03-20 02:09:58,742 [om1@group-C5BA1605619E-LeaderElection3] INFO  impl.LeaderElection (LeaderElection.java:askForVotes(332)) - om1@group-C5BA1605619E-LeaderElection3 ELECTION round 0: submit vote requests at term 1 for conf: {index: -1, cur=peers:[om1|localhost:15009]|listeners:[], old=null}
2025-03-20 02:09:58,742 [om1@group-C5BA1605619E-LeaderElection3] INFO  impl.LeaderElection (LeaderElection.java:askForVotes(334)) - om1@group-C5BA1605619E-LeaderElection3 ELECTION round 0: result PASSED (term=1)
2025-03-20 02:09:58,742 [om1@group-C5BA1605619E-LeaderElection3] INFO  impl.RoleInfo (RoleInfo.java:shutdownLeaderElection(141)) - om1: shutdown om1@group-C5BA1605619E-LeaderElection3
2025-03-20 02:09:58,742 [om1@group-C5BA1605619E-LeaderElection3] INFO  server.RaftServer$Division (RaftServerImpl.java:setRole(378)) - om1@group-C5BA1605619E: changes role from CANDIDATE to LEADER at term 1 for changeToLeader
2025-03-20 02:09:58,743 [om1@group-C5BA1605619E-LeaderElection3] INFO  server.RaftServerConfigKeys (ConfUtils.java:logGet(46)) - raft.server.staging.catchup.gap = 1000 (default)
2025-03-20 02:09:58,743 [om1@group-C5BA1605619E-LeaderElection3] INFO  server.RaftServerConfigKeys (ConfUtils.java:logGet(46)) - raft.server.write.element-limit = 4096 (default)
2025-03-20 02:09:58,743 [om1@group-C5BA1605619E-LeaderElection3] INFO  server.RaftServerConfigKeys (ConfUtils.java:logGet(46)) - raft.server.write.byte-limit = 64MB (=67108864) (default)
2025-03-20 02:09:58,743 [om1@group-C5BA1605619E-LeaderElection3] INFO  server.RaftServerConfigKeys (ConfUtils.java:logGet(46)) - raft.server.watch.timeout = 10s (default)
2025-03-20 02:09:58,743 [om1@group-C5BA1605619E-LeaderElection3] INFO  server.RaftServerConfigKeys (ConfUtils.java:logGet(46)) - raft.server.watch.timeout.denomination = 1s (default)
2025-03-20 02:09:58,743 [om1@group-C5BA1605619E-LeaderElection3] INFO  server.RaftServerConfigKeys (ConfUtils.java:logGet(46)) - raft.server.watch.element-limit = 65536 (default)
2025-03-20 02:09:58,744 [om1@group-C5BA1605619E-LeaderElection3] INFO  server.RaftServerConfigKeys (ConfUtils.java:logGet(46)) - raft.server.read.leader.lease.enabled = false (default)
2025-03-20 02:09:58,744 [om1@group-C5BA1605619E-LeaderElection3] INFO  server.RaftServerConfigKeys (ConfUtils.java:logGet(46)) - raft.server.read.leader.lease.timeout.ratio = 0.9 (default)
2025-03-20 02:09:58,745 [om1@group-C5BA1605619E-LeaderElection3] INFO  server.RaftServerConfigKeys (ConfUtils.java:logGet(46)) - raft.server.rpc.timeout.min = 1s (custom)
2025-03-20 02:09:58,745 [om1@group-C5BA1605619E-LeaderElection3] INFO  server.RaftServerConfigKeys (ConfUtils.java:logGet(46)) - raft.server.log.log-metadata.enabled = true (default)
2025-03-20 02:09:58,745 [om1@group-C5BA1605619E-LeaderElection3] INFO  server.RaftServerConfigKeys (ConfUtils.java:logGet(46)) - raft.server.write.element-limit = 4096 (default)
2025-03-20 02:09:58,745 [om1@group-C5BA1605619E-LeaderElection3] INFO  server.RaftServerConfigKeys (ConfUtils.java:logGet(46)) - raft.server.write.follower.gap.ratio.max = -1.0 (default)
2025-03-20 02:09:58,746 [om1@group-C5BA1605619E-LeaderElection3] INFO  impl.RoleInfo (RoleInfo.java:updateAndGet(148)) - om1: start om1@group-C5BA1605619E-LeaderStateImpl
2025-03-20 02:09:58,746 [om1@group-C5BA1605619E-LeaderElection3] INFO  server.RaftServer$Division (RaftServerImpl.java:setFirstElection(562)) - om1@group-C5BA1605619E: set firstElectionSinceStartup to false for becomeLeader
2025-03-20 02:09:58,748 [om1@group-C5BA1605619E-LeaderElection3] INFO  ratis.OzoneManagerStateMachine (OzoneManagerStateMachine.java:notifyLeaderChanged(164)) - om1@group-C5BA1605619E: leader changed to om1
2025-03-20 02:09:58,748 [om1@group-C5BA1605619E-LeaderElection3] INFO  server.RaftServer$Division (ServerState.java:setLeader(272)) - om1@group-C5BA1605619E: change Leader from null to om1 at term 1 for becomeLeader, leader elected after 2103ms
2025-03-20 02:09:58,749 [om1@group-C5BA1605619E-LeaderElection3] INFO  segmented.SegmentedRaftLogWorker (SegmentedRaftLogWorker.java:startLogSegment(438)) - om1@group-C5BA1605619E-SegmentedRaftLogWorker: Starting segment from index:0
2025-03-20 02:09:58,750 [om1@group-C5BA1605619E-SegmentedRaftLogWorker] INFO  segmented.BufferedWriteChannel (BufferedWriteChannel.java:open(61)) - open log_inprogress_0 at position 0
2025-03-20 02:09:58,751 [om1@group-C5BA1605619E-LeaderElection3] INFO  server.RaftServer$Division (ServerState.java:setRaftConf(386)) - om1@group-C5BA1605619E: set configuration conf: {index: 0, cur=peers:[om1|localhost:15009]|listeners:[], old=null}
2025-03-20 02:09:58,761 [om1@group-C5BA1605619E-SegmentedRaftLogWorker] INFO  segmented.SegmentedRaftLogWorker (SegmentedRaftLogWorker.java:execute(644)) - om1@group-C5BA1605619E-SegmentedRaftLogWorker: created new log segment /home/runner/work/ozone/ozone/hadoop-ozone/integration-test/target/test-dir/MiniOzoneClusterImpl-897eaf7f-b25b-4380-b284-a53405b32f13/ozone-meta/ratis/bf265839-605b-3f16-9796-c5ba1605619e/current/log_inprogress_0
2025-03-20 02:09:58,764 [om1@group-C5BA1605619E-StateMachineUpdater] INFO  ratis.OzoneManagerStateMachine (OzoneManagerStateMachine.java:notifyConfigurationChanged(226)) - notifyConfigurationChanged from Ratis: term=1, index=0, New Peer list: om1(localhost:15009)
2025-03-20 02:09:58,765 [om1@group-C5BA1605619E-StateMachineUpdater] INFO  server.RaftServer$Division (LeaderStateImpl.java:checkStartIndex(313)) - Leader om1@group-C5BA1605619E-LeaderStateImpl is ready since appliedIndex == startIndex == 0
2025-03-20 02:09:59,717 [main] INFO  ozone.MiniOzoneClusterImpl (MiniOzoneClusterImpl.java:lambda$waitForClusterToBeReady$0(190)) - Waiting for nodes to be ready. Got 0 of 3 DN Heartbeats.
2025-03-20 02:09:59,717 [main] INFO  ozone.MiniOzoneClusterImpl (MiniOzoneClusterImpl.java:lambda$waitForClusterToBeReady$0(193)) - Waiting for cluster to exit safe mode
2025-03-20 02:09:59,717 [main] INFO  ozone.MiniOzoneClusterImpl (MiniOzoneClusterImpl.java:lambda$waitForClusterToBeReady$0(195)) - SCM became leader
2025-03-20 02:10:00,366 [4d0384fa-a0d7-4e6d-b08b-6a0afc890d42-EndpointStateMachineTaskThread-/0.0.0.0:15002-0 ] INFO  utils.DatanodeStoreCache (DatanodeStoreCache.java:addDB(71)) - Added db /home/runner/work/ozone/ozone/hadoop-ozone/integration-test/target/test-dir/MiniOzoneClusterImpl-897eaf7f-b25b-4380-b284-a53405b32f13/ozone-meta/datanode-1/data-0/hdds/897eaf7f-b25b-4380-b284-a53405b32f13/DS-b7f9994f-94f1-4ed0-b4c5-94d4a488c871/container.db to cache
2025-03-20 02:10:00,366 [4d0384fa-a0d7-4e6d-b08b-6a0afc890d42-EndpointStateMachineTaskThread-/0.0.0.0:15002-0 ] INFO  volume.HddsVolume (HddsVolume.java:createDbStore(446)) - SchemaV3 db is created and loaded at /home/runner/work/ozone/ozone/hadoop-ozone/integration-test/target/test-dir/MiniOzoneClusterImpl-897eaf7f-b25b-4380-b284-a53405b32f13/ozone-meta/datanode-1/data-0/hdds/897eaf7f-b25b-4380-b284-a53405b32f13/DS-b7f9994f-94f1-4ed0-b4c5-94d4a488c871/container.db for volume DS-b7f9994f-94f1-4ed0-b4c5-94d4a488c871
2025-03-20 02:10:00,374 [4d0384fa-a0d7-4e6d-b08b-6a0afc890d42-ContainerReader-0] INFO  ozoneimpl.ContainerReader (ContainerReader.java:readVolume(144)) - Start to verify containers on volume /home/runner/work/ozone/ozone/hadoop-ozone/integration-test/target/test-dir/MiniOzoneClusterImpl-897eaf7f-b25b-4380-b284-a53405b32f13/ozone-meta/datanode-1/data-0/hdds
2025-03-20 02:10:00,374 [4d0384fa-a0d7-4e6d-b08b-6a0afc890d42-ContainerReader-0] INFO  ozoneimpl.ContainerReader (ContainerReader.java:readVolume(174)) - Finish verifying containers on volume /home/runner/work/ozone/ozone/hadoop-ozone/integration-test/target/test-dir/MiniOzoneClusterImpl-897eaf7f-b25b-4380-b284-a53405b32f13/ozone-meta/datanode-1/data-0/hdds
2025-03-20 02:10:00,375 [4d0384fa-a0d7-4e6d-b08b-6a0afc890d42-EndpointStateMachineTaskThread-/0.0.0.0:15002-0 ] INFO  ozoneimpl.OzoneContainer (OzoneContainer.java:buildContainerSet(359)) - Build ContainerSet costs 0s
2025-03-20 02:10:00,375 [4d0384fa-a0d7-4e6d-b08b-6a0afc890d42-EndpointStateMachineTaskThread-/0.0.0.0:15002-0 ] INFO  volume.ThrottledAsyncChecker (ThrottledAsyncChecker.java:schedule(138)) - Scheduling a check for /home/runner/work/ozone/ozone/hadoop-ozone/integration-test/target/test-dir/MiniOzoneClusterImpl-897eaf7f-b25b-4380-b284-a53405b32f13/ozone-meta/datanode-1/data-0/hdds
2025-03-20 02:10:00,380 [4d0384fa-a0d7-4e6d-b08b-6a0afc890d42-EndpointStateMachineTaskThread-/0.0.0.0:15002-0 ] INFO  volume.StorageVolumeChecker (StorageVolumeChecker.java:checkAllVolumes(215)) - Scheduled health check for volume /home/runner/work/ozone/ozone/hadoop-ozone/integration-test/target/test-dir/MiniOzoneClusterImpl-897eaf7f-b25b-4380-b284-a53405b32f13/ozone-meta/datanode-1/data-0/hdds
2025-03-20 02:10:00,383 [4d0384fa-a0d7-4e6d-b08b-6a0afc890d42-EndpointStateMachineTaskThread-/0.0.0.0:15002-0 ] INFO  volume.ThrottledAsyncChecker (ThrottledAsyncChecker.java:schedule(138)) - Scheduling a check for /home/runner/work/ozone/ozone/hadoop-ozone/integration-test/target/test-dir/MiniOzoneClusterImpl-897eaf7f-b25b-4380-b284-a53405b32f13/ozone-meta/datanode-1/ratis
2025-03-20 02:10:00,383 [4d0384fa-a0d7-4e6d-b08b-6a0afc890d42-EndpointStateMachineTaskThread-/0.0.0.0:15002-0 ] INFO  volume.StorageVolumeChecker (StorageVolumeChecker.java:checkAllVolumes(215)) - Scheduled health check for volume /home/runner/work/ozone/ozone/hadoop-ozone/integration-test/target/test-dir/MiniOzoneClusterImpl-897eaf7f-b25b-4380-b284-a53405b32f13/ozone-meta/datanode-1/ratis
2025-03-20 02:10:00,384 [4d0384fa-a0d7-4e6d-b08b-6a0afc890d42-EndpointStateMachineTaskThread-/0.0.0.0:15002-0 ] INFO  ozoneimpl.OzoneContainer (OzoneContainer.java:start(507)) - Attempting to start container services.
2025-03-20 02:10:00,391 [ContainerMetadataScanner] INFO  ozoneimpl.AbstractBackgroundContainerScanner (AbstractBackgroundContainerScanner.java:runIteration(89)) - Completed an iteration in 0 minutes. Number of iterations (since the data-node restart) : 1, Number of containers scanned in this iteration : 0, Number of unhealthy containers found in this iteration : 0
2025-03-20 02:10:00,393 [4d0384fa-a0d7-4e6d-b08b-6a0afc890d42-EndpointStateMachineTaskThread-/0.0.0.0:15002-0 ] INFO  replication.ReplicationServer (ReplicationServer.java:start(137)) - ReplicationServer is started using port 15018
2025-03-20 02:10:00,393 [ContainerDataScanner(/home/runner/work/ozone/ozone/hadoop-ozone/integration-test/target/test-dir/MiniOzoneClusterImpl-897eaf7f-b25b-4380-b284-a53405b32f13/ozone-meta/datanode-1/data-0/hdds)] INFO  ozoneimpl.AbstractBackgroundContainerScanner (AbstractBackgroundContainerScanner.java:runIteration(89)) - Completed an iteration in 0 minutes. Number of iterations (since the data-node restart) : 1, Number of containers scanned in this iteration : 0, Number of unhealthy containers found in this iteration : 0
2025-03-20 02:10:00,394 [4d0384fa-a0d7-4e6d-b08b-6a0afc890d42-EndpointStateMachineTaskThread-/0.0.0.0:15002-0 ] INFO  ratis.XceiverServerRatis (XceiverServerRatis.java:start(558)) - Starting XceiverServerRatis(4d0384fa-a0d7-4e6d-b08b-6a0afc890d42)
2025-03-20 02:10:00,394 [4d0384fa-a0d7-4e6d-b08b-6a0afc890d42-EndpointStateMachineTaskThread-/0.0.0.0:15002-0 ] INFO  server.RaftServer (RaftServerProxy.java:startImpl(407)) - 4d0384fa-a0d7-4e6d-b08b-6a0afc890d42: start RPC server
2025-03-20 02:10:00,395 [4d0384fa-a0d7-4e6d-b08b-6a0afc890d42-EndpointStateMachineTaskThread-/0.0.0.0:15002-0 ] INFO  server.GrpcService (GrpcService.java:startImpl(334)) - 4d0384fa-a0d7-4e6d-b08b-6a0afc890d42: GrpcService started, listening on 15014
2025-03-20 02:10:00,395 [4d0384fa-a0d7-4e6d-b08b-6a0afc890d42-EndpointStateMachineTaskThread-/0.0.0.0:15002-0 ] INFO  server.GrpcService (GrpcService.java:startImpl(334)) - 4d0384fa-a0d7-4e6d-b08b-6a0afc890d42: GrpcService started, listening on 15016
2025-03-20 02:10:00,396 [4d0384fa-a0d7-4e6d-b08b-6a0afc890d42-EndpointStateMachineTaskThread-/0.0.0.0:15002-0 ] INFO  server.GrpcService (GrpcService.java:startImpl(334)) - 4d0384fa-a0d7-4e6d-b08b-6a0afc890d42: GrpcService started, listening on 15015
2025-03-20 02:10:00,396 [4d0384fa-a0d7-4e6d-b08b-6a0afc890d42-EndpointStateMachineTaskThread-/0.0.0.0:15002-0 ] INFO  ratis.XceiverServerRatis (XceiverServerRatis.java:getRealPort(585)) - XceiverServerRatis(4d0384fa-a0d7-4e6d-b08b-6a0afc890d42) is started using port RATIS=15014
2025-03-20 02:10:00,396 [JvmPauseMonitor3] INFO  util.JvmPauseMonitor (JvmPauseMonitor.java:run(146)) - JvmPauseMonitor-4d0384fa-a0d7-4e6d-b08b-6a0afc890d42: Started
2025-03-20 02:10:00,396 [4d0384fa-a0d7-4e6d-b08b-6a0afc890d42-EndpointStateMachineTaskThread-/0.0.0.0:15002-0 ] INFO  ratis.XceiverServerRatis (XceiverServerRatis.java:getRealPort(585)) - XceiverServerRatis(4d0384fa-a0d7-4e6d-b08b-6a0afc890d42) is started using port RATIS_ADMIN=15015
2025-03-20 02:10:00,396 [4d0384fa-a0d7-4e6d-b08b-6a0afc890d42-EndpointStateMachineTaskThread-/0.0.0.0:15002-0 ] INFO  ratis.XceiverServerRatis (XceiverServerRatis.java:getRealPort(585)) - XceiverServerRatis(4d0384fa-a0d7-4e6d-b08b-6a0afc890d42) is started using port RATIS_SERVER=15016
2025-03-20 02:10:00,396 [4d0384fa-a0d7-4e6d-b08b-6a0afc890d42-EndpointStateMachineTaskThread-/0.0.0.0:15002-0 ] INFO  ratis.XceiverServerRatis (XceiverServerRatis.java:getRealPort(585)) - XceiverServerRatis(4d0384fa-a0d7-4e6d-b08b-6a0afc890d42) is started using port RATIS_DATASTREAM=15017
2025-03-20 02:10:00,399 [4d0384fa-a0d7-4e6d-b08b-6a0afc890d42-BlockDeletingService#0] INFO  interfaces.ContainerDeletionChoosingPolicyTemplate (ContainerDeletionChoosingPolicyTemplate.java:chooseContainerForBlockDeletion(83)) - Chosen 0/5000 blocks from 0 candidate containers.
2025-03-20 02:10:00,546 [f196473e-7e55-4e65-a56a-ed3222e0db42-EndpointStateMachineTaskThread-/0.0.0.0:15002-0 ] INFO  utils.DatanodeStoreCache (DatanodeStoreCache.java:addDB(71)) - Added db /home/runner/work/ozone/ozone/hadoop-ozone/integration-test/target/test-dir/MiniOzoneClusterImpl-897eaf7f-b25b-4380-b284-a53405b32f13/ozone-meta/datanode-2/data-0/hdds/897eaf7f-b25b-4380-b284-a53405b32f13/DS-49b547f5-6f2d-4ee4-839e-ae8a619f3d26/container.db to cache
2025-03-20 02:10:00,546 [f196473e-7e55-4e65-a56a-ed3222e0db42-EndpointStateMachineTaskThread-/0.0.0.0:15002-0 ] INFO  volume.HddsVolume (HddsVolume.java:createDbStore(446)) - SchemaV3 db is created and loaded at /home/runner/work/ozone/ozone/hadoop-ozone/integration-test/target/test-dir/MiniOzoneClusterImpl-897eaf7f-b25b-4380-b284-a53405b32f13/ozone-meta/datanode-2/data-0/hdds/897eaf7f-b25b-4380-b284-a53405b32f13/DS-49b547f5-6f2d-4ee4-839e-ae8a619f3d26/container.db for volume DS-49b547f5-6f2d-4ee4-839e-ae8a619f3d26
2025-03-20 02:10:00,549 [f196473e-7e55-4e65-a56a-ed3222e0db42-ContainerReader-0] INFO  ozoneimpl.ContainerReader (ContainerReader.java:readVolume(144)) - Start to verify containers on volume /home/runner/work/ozone/ozone/hadoop-ozone/integration-test/target/test-dir/MiniOzoneClusterImpl-897eaf7f-b25b-4380-b284-a53405b32f13/ozone-meta/datanode-2/data-0/hdds
2025-03-20 02:10:00,549 [f196473e-7e55-4e65-a56a-ed3222e0db42-ContainerReader-0] INFO  ozoneimpl.ContainerReader (ContainerReader.java:readVolume(174)) - Finish verifying containers on volume /home/runner/work/ozone/ozone/hadoop-ozone/integration-test/target/test-dir/MiniOzoneClusterImpl-897eaf7f-b25b-4380-b284-a53405b32f13/ozone-meta/datanode-2/data-0/hdds
2025-03-20 02:10:00,549 [f196473e-7e55-4e65-a56a-ed3222e0db42-EndpointStateMachineTaskThread-/0.0.0.0:15002-0 ] INFO  ozoneimpl.OzoneContainer (OzoneContainer.java:buildContainerSet(359)) - Build ContainerSet costs 0s
2025-03-20 02:10:00,550 [f196473e-7e55-4e65-a56a-ed3222e0db42-EndpointStateMachineTaskThread-/0.0.0.0:15002-0 ] INFO  volume.ThrottledAsyncChecker (ThrottledAsyncChecker.java:schedule(138)) - Scheduling a check for /home/runner/work/ozone/ozone/hadoop-ozone/integration-test/target/test-dir/MiniOzoneClusterImpl-897eaf7f-b25b-4380-b284-a53405b32f13/ozone-meta/datanode-2/data-0/hdds
2025-03-20 02:10:00,550 [f196473e-7e55-4e65-a56a-ed3222e0db42-EndpointStateMachineTaskThread-/0.0.0.0:15002-0 ] INFO  volume.StorageVolumeChecker (StorageVolumeChecker.java:checkAllVolumes(215)) - Scheduled health check for volume /home/runner/work/ozone/ozone/hadoop-ozone/integration-test/target/test-dir/MiniOzoneClusterImpl-897eaf7f-b25b-4380-b284-a53405b32f13/ozone-meta/datanode-2/data-0/hdds
2025-03-20 02:10:00,551 [f196473e-7e55-4e65-a56a-ed3222e0db42-EndpointStateMachineTaskThread-/0.0.0.0:15002-0 ] INFO  volume.ThrottledAsyncChecker (ThrottledAsyncChecker.java:schedule(138)) - Scheduling a check for /home/runner/work/ozone/ozone/hadoop-ozone/integration-test/target/test-dir/MiniOzoneClusterImpl-897eaf7f-b25b-4380-b284-a53405b32f13/ozone-meta/datanode-2/ratis
2025-03-20 02:10:00,552 [f196473e-7e55-4e65-a56a-ed3222e0db42-EndpointStateMachineTaskThread-/0.0.0.0:15002-0 ] INFO  volume.StorageVolumeChecker (StorageVolumeChecker.java:checkAllVolumes(215)) - Scheduled health check for volume /home/runner/work/ozone/ozone/hadoop-ozone/integration-test/target/test-dir/MiniOzoneClusterImpl-897eaf7f-b25b-4380-b284-a53405b32f13/ozone-meta/datanode-2/ratis
2025-03-20 02:10:00,552 [f196473e-7e55-4e65-a56a-ed3222e0db42-EndpointStateMachineTaskThread-/0.0.0.0:15002-0 ] INFO  ozoneimpl.OzoneContainer (OzoneContainer.java:start(507)) - Attempting to start container services.
2025-03-20 02:10:00,553 [f196473e-7e55-4e65-a56a-ed3222e0db42-EndpointStateMachineTaskThread-/0.0.0.0:15002-0 ] WARN  ozoneimpl.OnDemandContainerDataScanner (OnDemandContainerDataScanner.java:init(74)) - Trying to initialize on demand scanner a second time on a datanode.
2025-03-20 02:10:00,553 [ContainerMetadataScanner] INFO  ozoneimpl.AbstractBackgroundContainerScanner (AbstractBackgroundContainerScanner.java:runIteration(89)) - Completed an iteration in 0 minutes. Number of iterations (since the data-node restart) : 1, Number of containers scanned in this iteration : 0, Number of unhealthy containers found in this iteration : 0
2025-03-20 02:10:00,554 [ContainerDataScanner(/home/runner/work/ozone/ozone/hadoop-ozone/integration-test/target/test-dir/MiniOzoneClusterImpl-897eaf7f-b25b-4380-b284-a53405b32f13/ozone-meta/datanode-2/data-0/hdds)] INFO  ozoneimpl.AbstractBackgroundContainerScanner (AbstractBackgroundContainerScanner.java:runIteration(89)) - Completed an iteration in 0 minutes. Number of iterations (since the data-node restart) : 1, Number of containers scanned in this iteration : 0, Number of unhealthy containers found in this iteration : 0
2025-03-20 02:10:00,554 [f196473e-7e55-4e65-a56a-ed3222e0db42-EndpointStateMachineTaskThread-/0.0.0.0:15002-0 ] INFO  replication.ReplicationServer (ReplicationServer.java:start(137)) - ReplicationServer is started using port 15027
2025-03-20 02:10:00,555 [f196473e-7e55-4e65-a56a-ed3222e0db42-EndpointStateMachineTaskThread-/0.0.0.0:15002-0 ] INFO  ratis.XceiverServerRatis (XceiverServerRatis.java:start(558)) - Starting XceiverServerRatis(f196473e-7e55-4e65-a56a-ed3222e0db42)
2025-03-20 02:10:00,555 [f196473e-7e55-4e65-a56a-ed3222e0db42-EndpointStateMachineTaskThread-/0.0.0.0:15002-0 ] INFO  server.RaftServer (RaftServerProxy.java:startImpl(407)) - f196473e-7e55-4e65-a56a-ed3222e0db42: start RPC server
2025-03-20 02:10:00,556 [f196473e-7e55-4e65-a56a-ed3222e0db42-EndpointStateMachineTaskThread-/0.0.0.0:15002-0 ] INFO  server.GrpcService (GrpcService.java:startImpl(334)) - f196473e-7e55-4e65-a56a-ed3222e0db42: GrpcService started, listening on 15023
2025-03-20 02:10:00,556 [f196473e-7e55-4e65-a56a-ed3222e0db42-EndpointStateMachineTaskThread-/0.0.0.0:15002-0 ] INFO  server.GrpcService (GrpcService.java:startImpl(334)) - f196473e-7e55-4e65-a56a-ed3222e0db42: GrpcService started, listening on 15025
2025-03-20 02:10:00,557 [f196473e-7e55-4e65-a56a-ed3222e0db42-EndpointStateMachineTaskThread-/0.0.0.0:15002-0 ] INFO  server.GrpcService (GrpcService.java:startImpl(334)) - f196473e-7e55-4e65-a56a-ed3222e0db42: GrpcService started, listening on 15024
2025-03-20 02:10:00,557 [f196473e-7e55-4e65-a56a-ed3222e0db42-EndpointStateMachineTaskThread-/0.0.0.0:15002-0 ] INFO  ratis.XceiverServerRatis (XceiverServerRatis.java:getRealPort(585)) - XceiverServerRatis(f196473e-7e55-4e65-a56a-ed3222e0db42) is started using port RATIS=15023
2025-03-20 02:10:00,557 [f196473e-7e55-4e65-a56a-ed3222e0db42-EndpointStateMachineTaskThread-/0.0.0.0:15002-0 ] INFO  ratis.XceiverServerRatis (XceiverServerRatis.java:getRealPort(585)) - XceiverServerRatis(f196473e-7e55-4e65-a56a-ed3222e0db42) is started using port RATIS_ADMIN=15024
2025-03-20 02:10:00,558 [f196473e-7e55-4e65-a56a-ed3222e0db42-EndpointStateMachineTaskThread-/0.0.0.0:15002-0 ] INFO  ratis.XceiverServerRatis (XceiverServerRatis.java:getRealPort(585)) - XceiverServerRatis(f196473e-7e55-4e65-a56a-ed3222e0db42) is started using port RATIS_SERVER=15025
2025-03-20 02:10:00,558 [f196473e-7e55-4e65-a56a-ed3222e0db42-EndpointStateMachineTaskThread-/0.0.0.0:15002-0 ] INFO  ratis.XceiverServerRatis (XceiverServerRatis.java:getRealPort(585)) - XceiverServerRatis(f196473e-7e55-4e65-a56a-ed3222e0db42) is started using port RATIS_DATASTREAM=15026
2025-03-20 02:10:00,558 [JvmPauseMonitor4] INFO  util.JvmPauseMonitor (JvmPauseMonitor.java:run(146)) - JvmPauseMonitor-f196473e-7e55-4e65-a56a-ed3222e0db42: Started
2025-03-20 02:10:00,559 [f196473e-7e55-4e65-a56a-ed3222e0db42-BlockDeletingService#0] INFO  interfaces.ContainerDeletionChoosingPolicyTemplate (ContainerDeletionChoosingPolicyTemplate.java:chooseContainerForBlockDeletion(83)) - Chosen 0/5000 blocks from 0 candidate containers.
2025-03-20 02:10:00,717 [main] INFO  ozone.MiniOzoneClusterImpl (MiniOzoneClusterImpl.java:lambda$waitForClusterToBeReady$0(190)) - Waiting for nodes to be ready. Got 0 of 3 DN Heartbeats.
2025-03-20 02:10:00,718 [main] INFO  ozone.MiniOzoneClusterImpl (MiniOzoneClusterImpl.java:lambda$waitForClusterToBeReady$0(193)) - Waiting for cluster to exit safe mode
2025-03-20 02:10:00,718 [main] INFO  ozone.MiniOzoneClusterImpl (MiniOzoneClusterImpl.java:lambda$waitForClusterToBeReady$0(195)) - SCM became leader
2025-03-20 02:10:00,746 [4ac7aa66-6ed2-4b11-9c1a-72acd958e2aa-EndpointStateMachineTaskThread-/0.0.0.0:15002-0 ] INFO  utils.DatanodeStoreCache (DatanodeStoreCache.java:addDB(71)) - Added db /home/runner/work/ozone/ozone/hadoop-ozone/integration-test/target/test-dir/MiniOzoneClusterImpl-897eaf7f-b25b-4380-b284-a53405b32f13/ozone-meta/datanode-3/data-0/hdds/897eaf7f-b25b-4380-b284-a53405b32f13/DS-af87fac0-e0a4-4bb5-a9dc-9c461d840897/container.db to cache
2025-03-20 02:10:00,746 [4ac7aa66-6ed2-4b11-9c1a-72acd958e2aa-EndpointStateMachineTaskThread-/0.0.0.0:15002-0 ] INFO  volume.HddsVolume (HddsVolume.java:createDbStore(446)) - SchemaV3 db is created and loaded at /home/runner/work/ozone/ozone/hadoop-ozone/integration-test/target/test-dir/MiniOzoneClusterImpl-897eaf7f-b25b-4380-b284-a53405b32f13/ozone-meta/datanode-3/data-0/hdds/897eaf7f-b25b-4380-b284-a53405b32f13/DS-af87fac0-e0a4-4bb5-a9dc-9c461d840897/container.db for volume DS-af87fac0-e0a4-4bb5-a9dc-9c461d840897
2025-03-20 02:10:00,749 [4ac7aa66-6ed2-4b11-9c1a-72acd958e2aa-ContainerReader-0] INFO  ozoneimpl.ContainerReader (ContainerReader.java:readVolume(144)) - Start to verify containers on volume /home/runner/work/ozone/ozone/hadoop-ozone/integration-test/target/test-dir/MiniOzoneClusterImpl-897eaf7f-b25b-4380-b284-a53405b32f13/ozone-meta/datanode-3/data-0/hdds
2025-03-20 02:10:00,749 [4ac7aa66-6ed2-4b11-9c1a-72acd958e2aa-ContainerReader-0] INFO  ozoneimpl.ContainerReader (ContainerReader.java:readVolume(174)) - Finish verifying containers on volume /home/runner/work/ozone/ozone/hadoop-ozone/integration-test/target/test-dir/MiniOzoneClusterImpl-897eaf7f-b25b-4380-b284-a53405b32f13/ozone-meta/datanode-3/data-0/hdds
2025-03-20 02:10:00,750 [4ac7aa66-6ed2-4b11-9c1a-72acd958e2aa-EndpointStateMachineTaskThread-/0.0.0.0:15002-0 ] INFO  ozoneimpl.OzoneContainer (OzoneContainer.java:buildContainerSet(359)) - Build ContainerSet costs 0s
2025-03-20 02:10:00,750 [4ac7aa66-6ed2-4b11-9c1a-72acd958e2aa-EndpointStateMachineTaskThread-/0.0.0.0:15002-0 ] INFO  volume.ThrottledAsyncChecker (ThrottledAsyncChecker.java:schedule(138)) - Scheduling a check for /home/runner/work/ozone/ozone/hadoop-ozone/integration-test/target/test-dir/MiniOzoneClusterImpl-897eaf7f-b25b-4380-b284-a53405b32f13/ozone-meta/datanode-3/data-0/hdds
2025-03-20 02:10:00,750 [4ac7aa66-6ed2-4b11-9c1a-72acd958e2aa-EndpointStateMachineTaskThread-/0.0.0.0:15002-0 ] INFO  volume.StorageVolumeChecker (StorageVolumeChecker.java:checkAllVolumes(215)) - Scheduled health check for volume /home/runner/work/ozone/ozone/hadoop-ozone/integration-test/target/test-dir/MiniOzoneClusterImpl-897eaf7f-b25b-4380-b284-a53405b32f13/ozone-meta/datanode-3/data-0/hdds
2025-03-20 02:10:00,751 [4ac7aa66-6ed2-4b11-9c1a-72acd958e2aa-EndpointStateMachineTaskThread-/0.0.0.0:15002-0 ] INFO  volume.ThrottledAsyncChecker (ThrottledAsyncChecker.java:schedule(138)) - Scheduling a check for /home/runner/work/ozone/ozone/hadoop-ozone/integration-test/target/test-dir/MiniOzoneClusterImpl-897eaf7f-b25b-4380-b284-a53405b32f13/ozone-meta/datanode-3/ratis
2025-03-20 02:10:00,752 [4ac7aa66-6ed2-4b11-9c1a-72acd958e2aa-EndpointStateMachineTaskThread-/0.0.0.0:15002-0 ] INFO  volume.StorageVolumeChecker (StorageVolumeChecker.java:checkAllVolumes(215)) - Scheduled health check for volume /home/runner/work/ozone/ozone/hadoop-ozone/integration-test/target/test-dir/MiniOzoneClusterImpl-897eaf7f-b25b-4380-b284-a53405b32f13/ozone-meta/datanode-3/ratis
2025-03-20 02:10:00,752 [4ac7aa66-6ed2-4b11-9c1a-72acd958e2aa-EndpointStateMachineTaskThread-/0.0.0.0:15002-0 ] INFO  ozoneimpl.OzoneContainer (OzoneContainer.java:start(507)) - Attempting to start container services.
2025-03-20 02:10:00,752 [4ac7aa66-6ed2-4b11-9c1a-72acd958e2aa-EndpointStateMachineTaskThread-/0.0.0.0:15002-0 ] WARN  ozoneimpl.OnDemandContainerDataScanner (OnDemandContainerDataScanner.java:init(74)) - Trying to initialize on demand scanner a second time on a datanode.
2025-03-20 02:10:00,753 [ContainerMetadataScanner] INFO  ozoneimpl.AbstractBackgroundContainerScanner (AbstractBackgroundContainerScanner.java:runIteration(89)) - Completed an iteration in 0 minutes. Number of iterations (since the data-node restart) : 1, Number of containers scanned in this iteration : 0, Number of unhealthy containers found in this iteration : 0
2025-03-20 02:10:00,753 [ContainerDataScanner(/home/runner/work/ozone/ozone/hadoop-ozone/integration-test/target/test-dir/MiniOzoneClusterImpl-897eaf7f-b25b-4380-b284-a53405b32f13/ozone-meta/datanode-3/data-0/hdds)] INFO  ozoneimpl.AbstractBackgroundContainerScanner (AbstractBackgroundContainerScanner.java:runIteration(89)) - Completed an iteration in 0 minutes. Number of iterations (since the data-node restart) : 1, Number of containers scanned in this iteration : 0, Number of unhealthy containers found in this iteration : 0
2025-03-20 02:10:00,754 [4ac7aa66-6ed2-4b11-9c1a-72acd958e2aa-EndpointStateMachineTaskThread-/0.0.0.0:15002-0 ] INFO  replication.ReplicationServer (ReplicationServer.java:start(137)) - ReplicationServer is started using port 15036
2025-03-20 02:10:00,754 [4ac7aa66-6ed2-4b11-9c1a-72acd958e2aa-EndpointStateMachineTaskThread-/0.0.0.0:15002-0 ] INFO  ratis.XceiverServerRatis (XceiverServerRatis.java:start(558)) - Starting XceiverServerRatis(4ac7aa66-6ed2-4b11-9c1a-72acd958e2aa)
2025-03-20 02:10:00,755 [4ac7aa66-6ed2-4b11-9c1a-72acd958e2aa-EndpointStateMachineTaskThread-/0.0.0.0:15002-0 ] INFO  server.RaftServer (RaftServerProxy.java:startImpl(407)) - 4ac7aa66-6ed2-4b11-9c1a-72acd958e2aa: start RPC server
2025-03-20 02:10:00,755 [4ac7aa66-6ed2-4b11-9c1a-72acd958e2aa-EndpointStateMachineTaskThread-/0.0.0.0:15002-0 ] INFO  server.GrpcService (GrpcService.java:startImpl(334)) - 4ac7aa66-6ed2-4b11-9c1a-72acd958e2aa: GrpcService started, listening on 15032
2025-03-20 02:10:00,756 [4ac7aa66-6ed2-4b11-9c1a-72acd958e2aa-EndpointStateMachineTaskThread-/0.0.0.0:15002-0 ] INFO  server.GrpcService (GrpcService.java:startImpl(334)) - 4ac7aa66-6ed2-4b11-9c1a-72acd958e2aa: GrpcService started, listening on 15034
2025-03-20 02:10:00,756 [4ac7aa66-6ed2-4b11-9c1a-72acd958e2aa-EndpointStateMachineTaskThread-/0.0.0.0:15002-0 ] INFO  server.GrpcService (GrpcService.java:startImpl(334)) - 4ac7aa66-6ed2-4b11-9c1a-72acd958e2aa: GrpcService started, listening on 15033
2025-03-20 02:10:00,757 [4ac7aa66-6ed2-4b11-9c1a-72acd958e2aa-EndpointStateMachineTaskThread-/0.0.0.0:15002-0 ] INFO  ratis.XceiverServerRatis (XceiverServerRatis.java:getRealPort(585)) - XceiverServerRatis(4ac7aa66-6ed2-4b11-9c1a-72acd958e2aa) is started using port RATIS=15032
2025-03-20 02:10:00,757 [JvmPauseMonitor5] INFO  util.JvmPauseMonitor (JvmPauseMonitor.java:run(146)) - JvmPauseMonitor-4ac7aa66-6ed2-4b11-9c1a-72acd958e2aa: Started
2025-03-20 02:10:00,757 [4ac7aa66-6ed2-4b11-9c1a-72acd958e2aa-EndpointStateMachineTaskThread-/0.0.0.0:15002-0 ] INFO  ratis.XceiverServerRatis (XceiverServerRatis.java:getRealPort(585)) - XceiverServerRatis(4ac7aa66-6ed2-4b11-9c1a-72acd958e2aa) is started using port RATIS_ADMIN=15033
2025-03-20 02:10:00,757 [4ac7aa66-6ed2-4b11-9c1a-72acd958e2aa-EndpointStateMachineTaskThread-/0.0.0.0:15002-0 ] INFO  ratis.XceiverServerRatis (XceiverServerRatis.java:getRealPort(585)) - XceiverServerRatis(4ac7aa66-6ed2-4b11-9c1a-72acd958e2aa) is started using port RATIS_SERVER=15034
2025-03-20 02:10:00,758 [4ac7aa66-6ed2-4b11-9c1a-72acd958e2aa-EndpointStateMachineTaskThread-/0.0.0.0:15002-0 ] INFO  ratis.XceiverServerRatis (XceiverServerRatis.java:getRealPort(585)) - XceiverServerRatis(4ac7aa66-6ed2-4b11-9c1a-72acd958e2aa) is started using port RATIS_DATASTREAM=15035
2025-03-20 02:10:00,759 [4ac7aa66-6ed2-4b11-9c1a-72acd958e2aa-BlockDeletingService#0] INFO  interfaces.ContainerDeletionChoosingPolicyTemplate (ContainerDeletionChoosingPolicyTemplate.java:chooseContainerForBlockDeletion(83)) - Chosen 0/5000 blocks from 0 candidate containers.
2025-03-20 02:10:01,718 [main] INFO  ozone.MiniOzoneClusterImpl (MiniOzoneClusterImpl.java:lambda$waitForClusterToBeReady$0(190)) - Waiting for nodes to be ready. Got 0 of 3 DN Heartbeats.
2025-03-20 02:10:01,718 [main] INFO  ozone.MiniOzoneClusterImpl (MiniOzoneClusterImpl.java:lambda$waitForClusterToBeReady$0(193)) - Waiting for cluster to exit safe mode
2025-03-20 02:10:01,718 [main] INFO  ozone.MiniOzoneClusterImpl (MiniOzoneClusterImpl.java:lambda$waitForClusterToBeReady$0(195)) - SCM became leader
2025-03-20 02:10:02,310 [IPC Server handler 1 on default port 15002] INFO  net.NetworkTopologyImpl (NetworkTopologyImpl.java:add(133)) - Added a new node: /default-rack/4d0384fa-a0d7-4e6d-b08b-6a0afc890d42
2025-03-20 02:10:02,312 [IPC Server handler 1 on default port 15002] INFO  node.SCMNodeManager (SCMNodeManager.java:register(425)) - Registered datanode: 4d0384fa-a0d7-4e6d-b08b-6a0afc890d42{ip: 127.0.0.1, host: localhost, ports: [HTTP=15011, CLIENT_RPC=15012, REPLICATION=15018, RATIS=15014, RATIS_ADMIN=15015, RATIS_SERVER=15016, RATIS_DATASTREAM=15017, STANDALONE=15013], networkLocation: /default-rack, certSerialId: null, persistedOpState: null, persistedOpStateExpiryEpochSec: 0}
2025-03-20 02:10:02,313 [EventQueue-NewNodeForNewNodeHandler] INFO  pipeline.BackgroundPipelineCreator (BackgroundPipelineCreator.java:notifyEventTriggered(291)) - trigger a one-shot run on RatisPipelineUtilsThread.
2025-03-20 02:10:02,314 [EventQueue-NodeRegistrationContainerReportForDataNodeSafeModeRule] INFO  safemode.SCMSafeModeManager (DataNodeSafeModeRule.java:process(71)) - SCM in safe mode. 1 DataNodes registered, 3 required.
2025-03-20 02:10:02,315 [EventQueue-ContainerRegistrationReportForContainerSafeModeRule] INFO  safemode.SCMSafeModeManager (SCMSafeModeManager.java:validateSafeModeExitRules(185)) - ContainerSafeModeRule rule is successfully validated
2025-03-20 02:10:02,315 [EventQueue-PipelineReportForOneReplicaPipelineSafeModeRule] INFO  safemode.SCMSafeModeManager (SCMSafeModeManager.java:validateSafeModeExitRules(185)) - AtleastOneDatanodeReportedRule rule is successfully validated
2025-03-20 02:10:02,318 [RatisPipelineUtilsThread-0] INFO  pipeline.RatisPipelineProvider (RatisPipelineProvider.java:lambda$create$0(203)) - Sending CreatePipelineCommand for pipeline:PipelineID=cef25cc7-9737-4fb4-b832-6841605bde03 to datanode:4d0384fa-a0d7-4e6d-b08b-6a0afc890d42
2025-03-20 02:10:02,367 [54dc63b2-7f1a-4ab5-a931-3f057955b2af@group-A53405B32F13-StateMachineUpdater] INFO  safemode.HealthyPipelineSafeModeRule (HealthyPipelineSafeModeRule.java:initializeRule(174)) - Refreshed total pipeline count is 0, healthy pipeline threshold count is 1
2025-03-20 02:10:02,370 [RatisPipelineUtilsThread-0] INFO  pipeline.BackgroundPipelineCreator (BackgroundPipelineCreator.java:createPipelines(247)) - Created new pipeline Pipeline{ Id: cef25cc7-9737-4fb4-b832-6841605bde03, Nodes: [ {4d0384fa-a0d7-4e6d-b08b-6a0afc890d42(localhost/127.0.0.1), ReplicaIndex: 0},], ReplicationConfig: RATIS/ONE, State:ALLOCATED, leaderId:, CreationTimestamp2025-03-20T02:10:02.317460305Z[Etc/UTC]}
2025-03-20 02:10:02,518 [IPC Server handler 0 on default port 15002] INFO  net.NetworkTopologyImpl (NetworkTopologyImpl.java:add(133)) - Added a new node: /default-rack/f196473e-7e55-4e65-a56a-ed3222e0db42
2025-03-20 02:10:02,518 [IPC Server handler 0 on default port 15002] INFO  node.SCMNodeManager (SCMNodeManager.java:register(425)) - Registered datanode: f196473e-7e55-4e65-a56a-ed3222e0db42{ip: 127.0.0.1, host: localhost, ports: [HTTP=15020, CLIENT_RPC=15021, REPLICATION=15027, RATIS=15023, RATIS_ADMIN=15024, RATIS_SERVER=15025, RATIS_DATASTREAM=15026, STANDALONE=15022], networkLocation: /default-rack, certSerialId: null, persistedOpState: null, persistedOpStateExpiryEpochSec: 0}
2025-03-20 02:10:02,518 [EventQueue-NodeRegistrationContainerReportForDataNodeSafeModeRule] INFO  safemode.SCMSafeModeManager (DataNodeSafeModeRule.java:process(71)) - SCM in safe mode. 2 DataNodes registered, 3 required.
2025-03-20 02:10:02,519 [EventQueue-NewNodeForNewNodeHandler] INFO  pipeline.BackgroundPipelineCreator (BackgroundPipelineCreator.java:notifyEventTriggered(291)) - trigger a one-shot run on RatisPipelineUtilsThread.
2025-03-20 02:10:02,519 [RatisPipelineUtilsThread-0] INFO  pipeline.RatisPipelineProvider (RatisPipelineProvider.java:lambda$create$0(203)) - Sending CreatePipelineCommand for pipeline:PipelineID=50e75871-78e5-4ca8-9cf3-448a0b89dd6c to datanode:f196473e-7e55-4e65-a56a-ed3222e0db42
2025-03-20 02:10:02,521 [54dc63b2-7f1a-4ab5-a931-3f057955b2af@group-A53405B32F13-StateMachineUpdater] INFO  safemode.HealthyPipelineSafeModeRule (HealthyPipelineSafeModeRule.java:initializeRule(174)) - Refreshed total pipeline count is 0, healthy pipeline threshold count is 1
2025-03-20 02:10:02,522 [RatisPipelineUtilsThread-0] INFO  pipeline.BackgroundPipelineCreator (BackgroundPipelineCreator.java:createPipelines(247)) - Created new pipeline Pipeline{ Id: 50e75871-78e5-4ca8-9cf3-448a0b89dd6c, Nodes: [ {f196473e-7e55-4e65-a56a-ed3222e0db42(localhost/127.0.0.1), ReplicaIndex: 0},], ReplicationConfig: RATIS/ONE, State:ALLOCATED, leaderId:, CreationTimestamp2025-03-20T02:10:02.519467724Z[Etc/UTC]}
2025-03-20 02:10:02,718 [main] INFO  ozone.MiniOzoneClusterImpl (MiniOzoneClusterImpl.java:lambda$waitForClusterToBeReady$0(190)) - Waiting for nodes to be ready. Got 2 of 3 DN Heartbeats.
2025-03-20 02:10:02,718 [main] INFO  ozone.MiniOzoneClusterImpl (MiniOzoneClusterImpl.java:lambda$waitForClusterToBeReady$0(193)) - Waiting for cluster to exit safe mode
2025-03-20 02:10:02,719 [main] INFO  ozone.MiniOzoneClusterImpl (MiniOzoneClusterImpl.java:lambda$waitForClusterToBeReady$0(195)) - SCM became leader
2025-03-20 02:10:02,719 [IPC Server handler 2 on default port 15002] INFO  net.NetworkTopologyImpl (NetworkTopologyImpl.java:add(133)) - Added a new node: /default-rack/4ac7aa66-6ed2-4b11-9c1a-72acd958e2aa
2025-03-20 02:10:02,719 [IPC Server handler 2 on default port 15002] INFO  node.SCMNodeManager (SCMNodeManager.java:register(425)) - Registered datanode: 4ac7aa66-6ed2-4b11-9c1a-72acd958e2aa{ip: 127.0.0.1, host: localhost, ports: [HTTP=15029, CLIENT_RPC=15030, REPLICATION=15036, RATIS=15032, RATIS_ADMIN=15033, RATIS_SERVER=15034, RATIS_DATASTREAM=15035, STANDALONE=15031], networkLocation: /default-rack, certSerialId: null, persistedOpState: null, persistedOpStateExpiryEpochSec: 0}
2025-03-20 02:10:02,719 [EventQueue-NewNodeForNewNodeHandler] INFO  pipeline.BackgroundPipelineCreator (BackgroundPipelineCreator.java:notifyEventTriggered(291)) - trigger a one-shot run on RatisPipelineUtilsThread.
2025-03-20 02:10:02,719 [EventQueue-NodeRegistrationContainerReportForDataNodeSafeModeRule] INFO  safemode.SCMSafeModeManager (DataNodeSafeModeRule.java:process(71)) - SCM in safe mode. 3 DataNodes registered, 3 required.
2025-03-20 02:10:02,719 [EventQueue-NodeRegistrationContainerReportForDataNodeSafeModeRule] INFO  safemode.SCMSafeModeManager (SCMSafeModeManager.java:validateSafeModeExitRules(185)) - DataNodeSafeModeRule rule is successfully validated
2025-03-20 02:10:02,719 [EventQueue-NodeRegistrationContainerReportForDataNodeSafeModeRule] INFO  safemode.SCMSafeModeManager (SCMSafeModeManager.java:completePreCheck(214)) - All SCM safe mode pre check rules have passed
2025-03-20 02:10:02,719 [EventQueue-NodeRegistrationContainerReportForDataNodeSafeModeRule] INFO  ha.SCMContext (SCMContext.java:updateSafeModeStatus(224)) - Update SafeModeStatus from SafeModeStatus{safeModeStatus=true, preCheckPassed=false} to SafeModeStatus{safeModeStatus=true, preCheckPassed=true}.
2025-03-20 02:10:02,720 [RatisPipelineUtilsThread-0] INFO  pipeline.RatisPipelineProvider (RatisPipelineProvider.java:lambda$create$0(203)) - Sending CreatePipelineCommand for pipeline:PipelineID=5d695207-a574-433e-8670-0c78a0cdde3f to datanode:4ac7aa66-6ed2-4b11-9c1a-72acd958e2aa
2025-03-20 02:10:02,720 [EventQueue-NodeRegistrationContainerReportForDataNodeSafeModeRule] INFO  pipeline.BackgroundPipelineCreator (BackgroundPipelineCreator.java:notifyEventTriggered(291)) - trigger a one-shot run on RatisPipelineUtilsThread.
2025-03-20 02:10:02,722 [54dc63b2-7f1a-4ab5-a931-3f057955b2af@group-A53405B32F13-StateMachineUpdater] INFO  safemode.HealthyPipelineSafeModeRule (HealthyPipelineSafeModeRule.java:initializeRule(174)) - Refreshed total pipeline count is 0, healthy pipeline threshold count is 1
2025-03-20 02:10:02,722 [RatisPipelineUtilsThread-0] INFO  pipeline.BackgroundPipelineCreator (BackgroundPipelineCreator.java:createPipelines(247)) - Created new pipeline Pipeline{ Id: 5d695207-a574-433e-8670-0c78a0cdde3f, Nodes: [ {4ac7aa66-6ed2-4b11-9c1a-72acd958e2aa(localhost/127.0.0.1), ReplicaIndex: 0},], ReplicationConfig: RATIS/ONE, State:ALLOCATED, leaderId:, CreationTimestamp2025-03-20T02:10:02.720032892Z[Etc/UTC]}
2025-03-20 02:10:02,726 [RatisPipelineUtilsThread-0] INFO  pipeline.RatisPipelineProvider (RatisPipelineProvider.java:lambda$create$0(203)) - Sending CreatePipelineCommand for pipeline:PipelineID=ca700d20-ce55-4ad5-9f95-eca047730b05 to datanode:f196473e-7e55-4e65-a56a-ed3222e0db42
2025-03-20 02:10:02,726 [RatisPipelineUtilsThread-0] INFO  pipeline.RatisPipelineProvider (RatisPipelineProvider.java:lambda$create$0(203)) - Sending CreatePipelineCommand for pipeline:PipelineID=ca700d20-ce55-4ad5-9f95-eca047730b05 to datanode:4ac7aa66-6ed2-4b11-9c1a-72acd958e2aa
2025-03-20 02:10:02,726 [RatisPipelineUtilsThread-0] INFO  pipeline.RatisPipelineProvider (RatisPipelineProvider.java:lambda$create$0(203)) - Sending CreatePipelineCommand for pipeline:PipelineID=ca700d20-ce55-4ad5-9f95-eca047730b05 to datanode:4d0384fa-a0d7-4e6d-b08b-6a0afc890d42
2025-03-20 02:10:02,729 [54dc63b2-7f1a-4ab5-a931-3f057955b2af@group-A53405B32F13-StateMachineUpdater] INFO  safemode.HealthyPipelineSafeModeRule (HealthyPipelineSafeModeRule.java:initializeRule(174)) - Refreshed total pipeline count is 0, healthy pipeline threshold count is 1
2025-03-20 02:10:02,729 [RatisPipelineUtilsThread-0] INFO  pipeline.BackgroundPipelineCreator (BackgroundPipelineCreator.java:createPipelines(247)) - Created new pipeline Pipeline{ Id: ca700d20-ce55-4ad5-9f95-eca047730b05, Nodes: [ {f196473e-7e55-4e65-a56a-ed3222e0db42(localhost/127.0.0.1), ReplicaIndex: 0}, {4ac7aa66-6ed2-4b11-9c1a-72acd958e2aa(localhost/127.0.0.1), ReplicaIndex: 0}, {4d0384fa-a0d7-4e6d-b08b-6a0afc890d42(localhost/127.0.0.1), ReplicaIndex: 0},], ReplicationConfig: RATIS/THREE, State:ALLOCATED, leaderId:, CreationTimestamp2025-03-20T02:10:02.726070681Z[Etc/UTC]}
2025-03-20 02:10:02,730 [RatisPipelineUtilsThread-0] INFO  pipeline.RatisPipelineProvider (RatisPipelineProvider.java:lambda$create$0(203)) - Sending CreatePipelineCommand for pipeline:PipelineID=86a6705c-c260-48d4-82f8-e793df1e5b5c to datanode:f196473e-7e55-4e65-a56a-ed3222e0db42
2025-03-20 02:10:02,730 [RatisPipelineUtilsThread-0] INFO  pipeline.RatisPipelineProvider (RatisPipelineProvider.java:lambda$create$0(203)) - Sending CreatePipelineCommand for pipeline:PipelineID=86a6705c-c260-48d4-82f8-e793df1e5b5c to datanode:4d0384fa-a0d7-4e6d-b08b-6a0afc890d42
2025-03-20 02:10:02,730 [RatisPipelineUtilsThread-0] INFO  pipeline.RatisPipelineProvider (RatisPipelineProvider.java:lambda$create$0(203)) - Sending CreatePipelineCommand for pipeline:PipelineID=86a6705c-c260-48d4-82f8-e793df1e5b5c to datanode:4ac7aa66-6ed2-4b11-9c1a-72acd958e2aa
2025-03-20 02:10:02,733 [54dc63b2-7f1a-4ab5-a931-3f057955b2af@group-A53405B32F13-StateMachineUpdater] INFO  safemode.HealthyPipelineSafeModeRule (HealthyPipelineSafeModeRule.java:initializeRule(174)) - Refreshed total pipeline count is 0, healthy pipeline threshold count is 1
2025-03-20 02:10:02,733 [RatisPipelineUtilsThread-0] INFO  pipeline.PipelineManagerImpl (PipelineManagerImpl.java:recordMetricsForPipeline(917)) - Pipeline: PipelineID=86a6705c-c260-48d4-82f8-e793df1e5b5c contains same datanodes as previous pipelines: PipelineID=ca700d20-ce55-4ad5-9f95-eca047730b05 nodeIds: f196473e-7e55-4e65-a56a-ed3222e0db42, 4d0384fa-a0d7-4e6d-b08b-6a0afc890d42, 4ac7aa66-6ed2-4b11-9c1a-72acd958e2aa
2025-03-20 02:10:02,734 [RatisPipelineUtilsThread-0] INFO  pipeline.BackgroundPipelineCreator (BackgroundPipelineCreator.java:createPipelines(247)) - Created new pipeline Pipeline{ Id: 86a6705c-c260-48d4-82f8-e793df1e5b5c, Nodes: [ {f196473e-7e55-4e65-a56a-ed3222e0db42(localhost/127.0.0.1), ReplicaIndex: 0}, {4d0384fa-a0d7-4e6d-b08b-6a0afc890d42(localhost/127.0.0.1), ReplicaIndex: 0}, {4ac7aa66-6ed2-4b11-9c1a-72acd958e2aa(localhost/127.0.0.1), ReplicaIndex: 0},], ReplicationConfig: RATIS/THREE, State:ALLOCATED, leaderId:, CreationTimestamp2025-03-20T02:10:02.730275835Z[Etc/UTC]}
2025-03-20 02:10:03,719 [main] INFO  ozone.MiniOzoneClusterImpl (MiniOzoneClusterImpl.java:lambda$waitForClusterToBeReady$0(190)) - Nodes are ready. Got 3 of 3 DN Heartbeats.
2025-03-20 02:10:03,719 [main] INFO  ozone.MiniOzoneClusterImpl (MiniOzoneClusterImpl.java:lambda$waitForClusterToBeReady$0(193)) - Waiting for cluster to exit safe mode
2025-03-20 02:10:03,719 [main] INFO  ozone.MiniOzoneClusterImpl (MiniOzoneClusterImpl.java:lambda$waitForClusterToBeReady$0(195)) - SCM became leader
2025-03-20 02:10:04,719 [main] INFO  ozone.MiniOzoneClusterImpl (MiniOzoneClusterImpl.java:lambda$waitForClusterToBeReady$0(190)) - Nodes are ready. Got 3 of 3 DN Heartbeats.
2025-03-20 02:10:04,719 [main] INFO  ozone.MiniOzoneClusterImpl (MiniOzoneClusterImpl.java:lambda$waitForClusterToBeReady$0(193)) - Waiting for cluster to exit safe mode
2025-03-20 02:10:04,720 [main] INFO  ozone.MiniOzoneClusterImpl (MiniOzoneClusterImpl.java:lambda$waitForClusterToBeReady$0(195)) - SCM became leader
2025-03-20 02:10:05,301 [4d0384fa-a0d7-4e6d-b08b-6a0afc890d42-PipelineCommandHandlerThread-0] INFO  server.RaftServer (RaftServerProxy.java:addNew(100)) - 4d0384fa-a0d7-4e6d-b08b-6a0afc890d42: addNew group-6841605BDE03:[4d0384fa-a0d7-4e6d-b08b-6a0afc890d42|127.0.0.1:15016] returns group-6841605BDE03:java.util.concurrent.CompletableFuture@2d88cb72[Not completed]
2025-03-20 02:10:05,308 [4d0384fa-a0d7-4e6d-b08b-6a0afc890d42-groupManagement] INFO  server.RaftServer$Division (RaftServerImpl.java:<init>(255)) - 4d0384fa-a0d7-4e6d-b08b-6a0afc890d42: new RaftServerImpl for group-6841605BDE03:[4d0384fa-a0d7-4e6d-b08b-6a0afc890d42|127.0.0.1:15016] with ContainerStateMachine:uninitialized
2025-03-20 02:10:05,308 [4d0384fa-a0d7-4e6d-b08b-6a0afc890d42-groupManagement] INFO  server.RaftServerConfigKeys (ConfUtils.java:logGet(46)) - raft.server.rpc.timeout.min = 5s (custom)
2025-03-20 02:10:05,308 [4d0384fa-a0d7-4e6d-b08b-6a0afc890d42-groupManagement] INFO  server.RaftServerConfigKeys (ConfUtils.java:logGet(46)) - raft.server.rpc.timeout.max = 5200ms (custom)
2025-03-20 02:10:05,308 [4d0384fa-a0d7-4e6d-b08b-6a0afc890d42-groupManagement] INFO  server.RaftServerConfigKeys (ConfUtils.java:logGet(46)) - raft.server.rpc.sleep.time = 25ms (default)
2025-03-20 02:10:05,308 [4d0384fa-a0d7-4e6d-b08b-6a0afc890d42-groupManagement] INFO  server.RaftServerConfigKeys (ConfUtils.java:logGet(46)) - raft.server.rpc.slowness.timeout = 300s (custom)
2025-03-20 02:10:05,308 [4d0384fa-a0d7-4e6d-b08b-6a0afc890d42-groupManagement] INFO  server.RaftServerConfigKeys (ConfUtils.java:logGet(46)) - raft.server.leaderelection.leader.step-down.wait-time = 10s (default)
2025-03-20 02:10:05,308 [4d0384fa-a0d7-4e6d-b08b-6a0afc890d42-groupManagement] INFO  server.RaftServerConfigKeys (ConfUtils.java:logGet(46)) - raft.server.leaderelection.member.majority-add = false (default)
2025-03-20 02:10:05,308 [4d0384fa-a0d7-4e6d-b08b-6a0afc890d42-groupManagement] INFO  server.RaftServerConfigKeys (ConfUtils.java:logGet(46)) - raft.server.sleep.deviation.threshold = 300ms (default)
2025-03-20 02:10:05,308 [4d0384fa-a0d7-4e6d-b08b-6a0afc890d42-groupManagement] INFO  server.RaftServer$Division (ServerState.java:<init>(114)) - 4d0384fa-a0d7-4e6d-b08b-6a0afc890d42@group-6841605BDE03: ConfigurationManager, init=conf: {index: -1, cur=peers:[4d0384fa-a0d7-4e6d-b08b-6a0afc890d42|127.0.0.1:15016]|listeners:[], old=null}, confs=<EMPTY_MAP>
2025-03-20 02:10:05,309 [4d0384fa-a0d7-4e6d-b08b-6a0afc890d42-groupManagement] INFO  server.RaftServerConfigKeys (ConfUtils.java:logGet(46)) - raft.server.notification.no-leader.timeout = 300s (custom)
2025-03-20 02:10:05,309 [4d0384fa-a0d7-4e6d-b08b-6a0afc890d42-groupManagement] INFO  server.RaftServerConfigKeys (ConfUtils.java:logGet(46)) - raft.server.read.timeout = 10s (default)
2025-03-20 02:10:05,309 [4d0384fa-a0d7-4e6d-b08b-6a0afc890d42-groupManagement] INFO  server.RaftServerConfigKeys (ConfUtils.java:logGet(46)) - raft.server.retrycache.expirytime = 600000ms (custom)
2025-03-20 02:10:05,309 [4d0384fa-a0d7-4e6d-b08b-6a0afc890d42-groupManagement] INFO  server.RaftServerConfigKeys (ConfUtils.java:logGet(46)) - raft.server.retrycache.statistics.expirytime = 100ms (default)
2025-03-20 02:10:05,309 [4d0384fa-a0d7-4e6d-b08b-6a0afc890d42-groupManagement] INFO  server.RaftServerConfigKeys (ConfUtils.java:logGet(46)) - raft.server.read.option = DEFAULT (default)
2025-03-20 02:10:05,309 [4d0384fa-a0d7-4e6d-b08b-6a0afc890d42-groupManagement] INFO  server.RaftServerConfigKeys (ConfUtils.java:logGet(46)) - raft.server.read.read-after-write-consistent.write-index-cache.expiry-time = 60s (default)
2025-03-20 02:10:05,316 [4d0384fa-a0d7-4e6d-b08b-6a0afc890d42-groupManagement] INFO  server.RaftServerConfigKeys (ConfUtils.java:logGet(46)) - raft.server.rpc.request.timeout = 60s (custom)
2025-03-20 02:10:05,317 [4d0384fa-a0d7-4e6d-b08b-6a0afc890d42-groupManagement] INFO  server.RaftServerConfigKeys (ConfUtils.java:logGet(46)) - raft.server.log.appender.install.snapshot.enabled = false (custom)
2025-03-20 02:10:05,317 [4d0384fa-a0d7-4e6d-b08b-6a0afc890d42-groupManagement] INFO  server.RaftServerConfigKeys (ConfUtils.java:logGet(46)) - raft.server.threadpool.server.cached = true (default)
2025-03-20 02:10:05,317 [4d0384fa-a0d7-4e6d-b08b-6a0afc890d42-groupManagement] INFO  server.RaftServerConfigKeys (ConfUtils.java:logGet(46)) - raft.server.threadpool.server.size = 0 (default)
2025-03-20 02:10:05,317 [4d0384fa-a0d7-4e6d-b08b-6a0afc890d42-groupManagement] INFO  server.RaftServerConfigKeys (ConfUtils.java:logGet(46)) - raft.server.threadpool.client.cached = true (default)
2025-03-20 02:10:05,317 [4d0384fa-a0d7-4e6d-b08b-6a0afc890d42-groupManagement] INFO  server.RaftServerConfigKeys (ConfUtils.java:logGet(46)) - raft.server.threadpool.client.size = 0 (default)
2025-03-20 02:10:05,317 [4d0384fa-a0d7-4e6d-b08b-6a0afc890d42-groupManagement] INFO  server.RaftServerConfigKeys (ConfUtils.java:logGet(46)) - raft.server.storage.free-space.min = 0MB (=0) (default)
2025-03-20 02:10:05,317 [4d0384fa-a0d7-4e6d-b08b-6a0afc890d42-groupManagement] INFO  server.RaftServerConfigKeys (ConfUtils.java:logGet(46)) - raft.server.log.corruption.policy = EXCEPTION (default)
2025-03-20 02:10:05,317 [4d0384fa-a0d7-4e6d-b08b-6a0afc890d42-groupManagement] INFO  server.RaftServerConfigKeys (ConfUtils.java:logGet(46)) - raft.server.storage.dir = [/home/runner/work/ozone/ozone/hadoop-ozone/integration-test/target/test-dir/MiniOzoneClusterImpl-897eaf7f-b25b-4380-b284-a53405b32f13/ozone-meta/datanode-1/ratis] (custom)
2025-03-20 02:10:05,317 [4d0384fa-a0d7-4e6d-b08b-6a0afc890d42-groupManagement] INFO  storage.RaftStorageDirectory (RaftStorageDirectoryImpl.java:analyzeStorage(138)) - The storage directory /home/runner/work/ozone/ozone/hadoop-ozone/integration-test/target/test-dir/MiniOzoneClusterImpl-897eaf7f-b25b-4380-b284-a53405b32f13/ozone-meta/datanode-1/ratis/cef25cc7-9737-4fb4-b832-6841605bde03 does not exist. Creating ...
2025-03-20 02:10:05,319 [4d0384fa-a0d7-4e6d-b08b-6a0afc890d42-groupManagement] INFO  storage.RaftStorageDirectory (RaftStorageDirectoryImpl.java:tryLock(229)) - Lock on /home/runner/work/ozone/ozone/hadoop-ozone/integration-test/target/test-dir/MiniOzoneClusterImpl-897eaf7f-b25b-4380-b284-a53405b32f13/ozone-meta/datanode-1/ratis/cef25cc7-9737-4fb4-b832-6841605bde03/in_use.lock acquired by nodename 18099@fv-az789-190
2025-03-20 02:10:05,320 [4d0384fa-a0d7-4e6d-b08b-6a0afc890d42-groupManagement] INFO  storage.RaftStorage (RaftStorageImpl.java:format(98)) - Storage directory /home/runner/work/ozone/ozone/hadoop-ozone/integration-test/target/test-dir/MiniOzoneClusterImpl-897eaf7f-b25b-4380-b284-a53405b32f13/ozone-meta/datanode-1/ratis/cef25cc7-9737-4fb4-b832-6841605bde03 has been successfully formatted.
2025-03-20 02:10:05,322 [4d0384fa-a0d7-4e6d-b08b-6a0afc890d42-groupManagement] INFO  ratis.ContainerStateMachine (ContainerStateMachine.java:initialize(340)) - 4d0384fa-a0d7-4e6d-b08b-6a0afc890d42: initialize group-6841605BDE03
2025-03-20 02:10:05,322 [4d0384fa-a0d7-4e6d-b08b-6a0afc890d42-groupManagement] INFO  ratis.ContainerStateMachine (ContainerStateMachine.java:loadSnapshot(348)) - group-6841605BDE03: The snapshot info is null. Setting the last applied index to:(t:0, i:~)
2025-03-20 02:10:05,322 [4d0384fa-a0d7-4e6d-b08b-6a0afc890d42-groupManagement] INFO  server.RaftServerConfigKeys (ConfUtils.java:logGet(46)) - raft.server.log.use.memory = false (default)
2025-03-20 02:10:05,323 [4d0384fa-a0d7-4e6d-b08b-6a0afc890d42-groupManagement] INFO  server.RaftServerConfigKeys (ConfUtils.java:logGet(46)) - raft.server.log.purge.gap = 1000000 (custom)
2025-03-20 02:10:05,323 [4d0384fa-a0d7-4e6d-b08b-6a0afc890d42-groupManagement] INFO  server.RaftServerConfigKeys (ConfUtils.java:logGet(46)) - raft.server.log.appender.buffer.byte-limit = 33554432 (custom)
2025-03-20 02:10:05,323 [4d0384fa-a0d7-4e6d-b08b-6a0afc890d42-groupManagement] INFO  server.RaftServerConfigKeys (ConfUtils.java:logGet(46)) - raft.server.log.statemachine.data.read.timeout = 1000ms (default)
2025-03-20 02:10:05,323 [4d0384fa-a0d7-4e6d-b08b-6a0afc890d42-groupManagement] INFO  server.RaftServerConfigKeys (ConfUtils.java:logGet(46)) - raft.server.log.purge.preservation.log.num = 0 (default)
2025-03-20 02:10:05,325 [4d0384fa-a0d7-4e6d-b08b-6a0afc890d42-groupManagement] INFO  server.RaftServerConfigKeys (ConfUtils.java:logGet(46)) - raft.server.log.segment.size.max = 67108864 (custom)
2025-03-20 02:10:05,326 [4d0384fa-a0d7-4e6d-b08b-6a0afc890d42-groupManagement] INFO  server.RaftServerConfigKeys (ConfUtils.java:logGet(46)) - raft.server.log.segment.cache.num.max = 2 (custom)
2025-03-20 02:10:05,326 [4d0384fa-a0d7-4e6d-b08b-6a0afc890d42-groupManagement] INFO  server.RaftServerConfigKeys (ConfUtils.java:logGet(46)) - raft.server.log.segment.cache.size.max = 200MB (=209715200) (default)
2025-03-20 02:10:05,326 [4d0384fa-a0d7-4e6d-b08b-6a0afc890d42-groupManagement] INFO  server.RaftServerConfigKeys (ConfUtils.java:logGet(46)) - raft.server.log.appender.buffer.byte-limit = 33554432 (custom)
2025-03-20 02:10:05,326 [4d0384fa-a0d7-4e6d-b08b-6a0afc890d42-groupManagement] INFO  util.AwaitToRun (AwaitToRun.java:start(81)) - Thread[#721,4d0384fa-a0d7-4e6d-b08b-6a0afc890d42@group-6841605BDE03-cacheEviction-AwaitToRun,5,main] started
2025-03-20 02:10:05,326 [4d0384fa-a0d7-4e6d-b08b-6a0afc890d42-groupManagement] INFO  segmented.SegmentedRaftLogWorker (SegmentedRaftLogWorker.java:<init>(188)) - new 4d0384fa-a0d7-4e6d-b08b-6a0afc890d42@group-6841605BDE03-SegmentedRaftLogWorker for RaftStorageImpl:Storage Directory /home/runner/work/ozone/ozone/hadoop-ozone/integration-test/target/test-dir/MiniOzoneClusterImpl-897eaf7f-b25b-4380-b284-a53405b32f13/ozone-meta/datanode-1/ratis/cef25cc7-9737-4fb4-b832-6841605bde03
2025-03-20 02:10:05,326 [4d0384fa-a0d7-4e6d-b08b-6a0afc890d42-groupManagement] INFO  server.RaftServerConfigKeys (ConfUtils.java:logGet(46)) - raft.server.log.queue.byte-limit = 4294967296 (custom)
2025-03-20 02:10:05,326 [4d0384fa-a0d7-4e6d-b08b-6a0afc890d42-groupManagement] INFO  server.RaftServerConfigKeys (ConfUtils.java:logGet(46)) - raft.server.log.queue.element-limit = 1024 (custom)
2025-03-20 02:10:05,326 [4d0384fa-a0d7-4e6d-b08b-6a0afc890d42-groupManagement] INFO  server.RaftServerConfigKeys (ConfUtils.java:logGet(46)) - raft.server.log.segment.size.max = 67108864 (custom)
2025-03-20 02:10:05,326 [4d0384fa-a0d7-4e6d-b08b-6a0afc890d42-groupManagement] INFO  server.RaftServerConfigKeys (ConfUtils.java:logGet(46)) - raft.server.log.preallocated.size = 4194304 (custom)
2025-03-20 02:10:05,326 [4d0384fa-a0d7-4e6d-b08b-6a0afc890d42-groupManagement] INFO  server.RaftServerConfigKeys (ConfUtils.java:logGet(46)) - raft.server.log.force.sync.num = 128 (default)
2025-03-20 02:10:05,327 [4d0384fa-a0d7-4e6d-b08b-6a0afc890d42-groupManagement] INFO  server.RaftServerConfigKeys (ConfUtils.java:logGet(46)) - raft.server.log.statemachine.data.sync = true (default)
2025-03-20 02:10:05,327 [4d0384fa-a0d7-4e6d-b08b-6a0afc890d42-groupManagement] INFO  server.RaftServerConfigKeys (ConfUtils.java:logGet(46)) - raft.server.log.statemachine.data.sync.timeout = 10s (default)
2025-03-20 02:10:05,327 [4d0384fa-a0d7-4e6d-b08b-6a0afc890d42-groupManagement] INFO  server.RaftServerConfigKeys (ConfUtils.java:logGet(46)) - raft.server.log.statemachine.data.sync.timeout.retry = 30 (custom)
2025-03-20 02:10:05,327 [4d0384fa-a0d7-4e6d-b08b-6a0afc890d42-groupManagement] INFO  server.RaftServerConfigKeys (ConfUtils.java:logGet(46)) - raft.server.log.write.buffer.size = 33554440 (custom)
2025-03-20 02:10:05,332 [4d0384fa-a0d7-4e6d-b08b-6a0afc890d42-groupManagement] INFO  server.RaftServerConfigKeys (ConfUtils.java:logGet(46)) - raft.server.log.appender.buffer.byte-limit = 33554432 (custom)
2025-03-20 02:10:05,332 [4d0384fa-a0d7-4e6d-b08b-6a0afc890d42-groupManagement] INFO  server.RaftServerConfigKeys (ConfUtils.java:logGet(46)) - raft.server.log.unsafe-flush.enabled = false (default)
2025-03-20 02:10:05,332 [4d0384fa-a0d7-4e6d-b08b-6a0afc890d42-groupManagement] INFO  server.RaftServerConfigKeys (ConfUtils.java:logGet(46)) - raft.server.log.async-flush.enabled = false (default)
2025-03-20 02:10:05,332 [4d0384fa-a0d7-4e6d-b08b-6a0afc890d42-groupManagement] INFO  server.RaftServerConfigKeys (ConfUtils.java:logGet(46)) - raft.server.log.statemachine.data.caching.enabled = true (custom)
2025-03-20 02:10:05,333 [4d0384fa-a0d7-4e6d-b08b-6a0afc890d42-groupManagement] INFO  segmented.SegmentedRaftLogWorker (SegmentedRaftLogWorker.java:lambda$new$0(139)) - 4d0384fa-a0d7-4e6d-b08b-6a0afc890d42@group-6841605BDE03-SegmentedRaftLogWorker: flushIndex: setUnconditionally 0 -> -1
2025-03-20 02:10:05,333 [4d0384fa-a0d7-4e6d-b08b-6a0afc890d42-groupManagement] INFO  segmented.SegmentedRaftLogWorker (SegmentedRaftLogWorker.java:lambda$new$0(139)) - 4d0384fa-a0d7-4e6d-b08b-6a0afc890d42@group-6841605BDE03-SegmentedRaftLogWorker: safeCacheEvictIndex: setUnconditionally 0 -> -1
2025-03-20 02:10:05,333 [4d0384fa-a0d7-4e6d-b08b-6a0afc890d42-groupManagement] INFO  server.RaftServer$Division (RaftServerImpl.java:start(391)) - 4d0384fa-a0d7-4e6d-b08b-6a0afc890d42@group-6841605BDE03: start as a follower, conf=conf: {index: -1, cur=peers:[4d0384fa-a0d7-4e6d-b08b-6a0afc890d42|127.0.0.1:15016]|listeners:[], old=null}
2025-03-20 02:10:05,333 [4d0384fa-a0d7-4e6d-b08b-6a0afc890d42-groupManagement] INFO  server.RaftServer$Division (RaftServerImpl.java:setRole(378)) - 4d0384fa-a0d7-4e6d-b08b-6a0afc890d42@group-6841605BDE03: changes role from      null to FOLLOWER at term 0 for startAsFollower
2025-03-20 02:10:05,333 [4d0384fa-a0d7-4e6d-b08b-6a0afc890d42-groupManagement] INFO  impl.RoleInfo (RoleInfo.java:updateAndGet(148)) - 4d0384fa-a0d7-4e6d-b08b-6a0afc890d42: start 4d0384fa-a0d7-4e6d-b08b-6a0afc890d42@group-6841605BDE03-FollowerState
2025-03-20 02:10:05,334 [4d0384fa-a0d7-4e6d-b08b-6a0afc890d42@group-6841605BDE03-FollowerState] INFO  server.RaftServerConfigKeys (ConfUtils.java:logFallback(53)) - raft.server.rpc.first-election.timeout.min = 5s (fallback to raft.server.rpc.timeout.min)
2025-03-20 02:10:05,334 [4d0384fa-a0d7-4e6d-b08b-6a0afc890d42@group-6841605BDE03-FollowerState] INFO  server.RaftServerConfigKeys (ConfUtils.java:logFallback(53)) - raft.server.rpc.first-election.timeout.max = 5200ms (fallback to raft.server.rpc.timeout.max)
2025-03-20 02:10:05,334 [4d0384fa-a0d7-4e6d-b08b-6a0afc890d42-groupManagement] INFO  util.JmxRegister (JmxRegister.java:tryRegister(44)) - Successfully registered JMX Bean with object name Ratis:service=RaftServer,group=group-6841605BDE03,id=4d0384fa-a0d7-4e6d-b08b-6a0afc890d42
2025-03-20 02:10:05,334 [4d0384fa-a0d7-4e6d-b08b-6a0afc890d42-groupManagement] INFO  util.JmxRegister (JmxRegister.java:register(58)) - register mxBean class org.apache.ratis.server.impl.RaftServerJmxAdapter as Ratis:service=RaftServer,group=group-6841605BDE03,id=4d0384fa-a0d7-4e6d-b08b-6a0afc890d42
2025-03-20 02:10:05,334 [4d0384fa-a0d7-4e6d-b08b-6a0afc890d42-groupManagement] INFO  server.RaftServerConfigKeys (ConfUtils.java:logGet(46)) - raft.server.snapshot.trigger-when-stop.enabled = true (default)
2025-03-20 02:10:05,334 [4d0384fa-a0d7-4e6d-b08b-6a0afc890d42-groupManagement] INFO  server.RaftServerConfigKeys (ConfUtils.java:logGet(46)) - raft.server.snapshot.trigger-when-remove.enabled = true (default)
2025-03-20 02:10:05,334 [4d0384fa-a0d7-4e6d-b08b-6a0afc890d42-groupManagement] INFO  server.RaftServerConfigKeys (ConfUtils.java:logGet(46)) - raft.server.snapshot.auto.trigger.enabled = true (custom)
2025-03-20 02:10:05,334 [4d0384fa-a0d7-4e6d-b08b-6a0afc890d42-groupManagement] INFO  server.RaftServerConfigKeys (ConfUtils.java:logGet(46)) - raft.server.snapshot.auto.trigger.threshold = 100000 (custom)
2025-03-20 02:10:05,334 [4d0384fa-a0d7-4e6d-b08b-6a0afc890d42-groupManagement] INFO  server.RaftServerConfigKeys (ConfUtils.java:logGet(46)) - raft.server.snapshot.retention.file.num = 5 (custom)
2025-03-20 02:10:05,335 [4d0384fa-a0d7-4e6d-b08b-6a0afc890d42-groupManagement] INFO  server.RaftServerConfigKeys (ConfUtils.java:logGet(46)) - raft.server.log.purge.upto.snapshot.index = false (default)
2025-03-20 02:10:05,336 [4d0384fa-a0d7-4e6d-b08b-6a0afc890d42-groupManagement] INFO  server.RaftServer$Division (RaftServerImpl.java:start(405)) - 4d0384fa-a0d7-4e6d-b08b-6a0afc890d42@group-6841605BDE03: Successfully started.
2025-03-20 02:10:05,338 [4d0384fa-a0d7-4e6d-b08b-6a0afc890d42-PipelineCommandHandlerThread-0] INFO  ratis.XceiverServerRatis (XceiverServerRatis.java:addGroup(841)) - Created group PipelineID=cef25cc7-9737-4fb4-b832-6841605bde03
2025-03-20 02:10:05,338 [4d0384fa-a0d7-4e6d-b08b-6a0afc890d42-PipelineCommandHandlerThread-0] INFO  commandhandler.CreatePipelineCommandHandler (CreatePipelineCommandHandler.java:lambda$handle$2(128)) - Created Pipeline RATIS ONE PipelineID=cef25cc7-9737-4fb4-b832-6841605bde03.
2025-03-20 02:10:05,339 [4d0384fa-a0d7-4e6d-b08b-6a0afc890d42-PipelineCommandHandlerThread-0] INFO  server.RaftServer (RaftServerProxy.java:addNew(100)) - 4d0384fa-a0d7-4e6d-b08b-6a0afc890d42: addNew group-ECA047730B05:[f196473e-7e55-4e65-a56a-ed3222e0db42|127.0.0.1:15025, 4ac7aa66-6ed2-4b11-9c1a-72acd958e2aa|127.0.0.1:15034, 4d0384fa-a0d7-4e6d-b08b-6a0afc890d42|127.0.0.1:15016] returns group-ECA047730B05:java.util.concurrent.CompletableFuture@2c1dc06[Not completed]
2025-03-20 02:10:05,342 [54dc63b2-7f1a-4ab5-a931-3f057955b2af@group-A53405B32F13-StateMachineUpdater] INFO  safemode.HealthyPipelineSafeModeRule (HealthyPipelineSafeModeRule.java:initializeRule(174)) - Refreshed total pipeline count is 0, healthy pipeline threshold count is 1
2025-03-20 02:10:05,352 [EventQueue-PipelineReportForPipelineReportHandler] INFO  pipeline.PipelineReportHandler (PipelineReportHandler.java:processPipelineReport(139)) - Opened pipeline PipelineID=cef25cc7-9737-4fb4-b832-6841605bde03
2025-03-20 02:10:05,352 [EventQueue-OpenPipelineForHealthyPipelineSafeModeRule] INFO  safemode.SCMSafeModeManager (HealthyPipelineSafeModeRule.java:process(141)) - SCM in safe mode. Healthy pipelines reported count is 0, required healthy pipeline reported count is 1
2025-03-20 02:10:05,353 [4d0384fa-a0d7-4e6d-b08b-6a0afc890d42-groupManagement] INFO  server.RaftServer$Division (RaftServerImpl.java:<init>(255)) - 4d0384fa-a0d7-4e6d-b08b-6a0afc890d42: new RaftServerImpl for group-ECA047730B05:[f196473e-7e55-4e65-a56a-ed3222e0db42|127.0.0.1:15025, 4ac7aa66-6ed2-4b11-9c1a-72acd958e2aa|127.0.0.1:15034, 4d0384fa-a0d7-4e6d-b08b-6a0afc890d42|127.0.0.1:15016] with ContainerStateMachine:uninitialized
2025-03-20 02:10:05,353 [4d0384fa-a0d7-4e6d-b08b-6a0afc890d42-groupManagement] INFO  server.RaftServerConfigKeys (ConfUtils.java:logGet(46)) - raft.server.rpc.timeout.min = 5s (custom)
2025-03-20 02:10:05,353 [4d0384fa-a0d7-4e6d-b08b-6a0afc890d42-groupManagement] INFO  server.RaftServerConfigKeys (ConfUtils.java:logGet(46)) - raft.server.rpc.timeout.max = 5200ms (custom)
2025-03-20 02:10:05,353 [4d0384fa-a0d7-4e6d-b08b-6a0afc890d42-groupManagement] INFO  server.RaftServerConfigKeys (ConfUtils.java:logGet(46)) - raft.server.rpc.sleep.time = 25ms (default)
2025-03-20 02:10:05,353 [4d0384fa-a0d7-4e6d-b08b-6a0afc890d42-groupManagement] INFO  server.RaftServerConfigKeys (ConfUtils.java:logGet(46)) - raft.server.rpc.slowness.timeout = 300s (custom)
2025-03-20 02:10:05,353 [4d0384fa-a0d7-4e6d-b08b-6a0afc890d42-groupManagement] INFO  server.RaftServerConfigKeys (ConfUtils.java:logGet(46)) - raft.server.leaderelection.leader.step-down.wait-time = 10s (default)
2025-03-20 02:10:05,353 [4d0384fa-a0d7-4e6d-b08b-6a0afc890d42-groupManagement] INFO  server.RaftServerConfigKeys (ConfUtils.java:logGet(46)) - raft.server.leaderelection.member.majority-add = false (default)
2025-03-20 02:10:05,353 [4d0384fa-a0d7-4e6d-b08b-6a0afc890d42-groupManagement] INFO  server.RaftServerConfigKeys (ConfUtils.java:logGet(46)) - raft.server.sleep.deviation.threshold = 300ms (default)
2025-03-20 02:10:05,353 [4d0384fa-a0d7-4e6d-b08b-6a0afc890d42-groupManagement] INFO  server.RaftServer$Division (ServerState.java:<init>(114)) - 4d0384fa-a0d7-4e6d-b08b-6a0afc890d42@group-ECA047730B05: ConfigurationManager, init=conf: {index: -1, cur=peers:[f196473e-7e55-4e65-a56a-ed3222e0db42|127.0.0.1:15025, 4ac7aa66-6ed2-4b11-9c1a-72acd958e2aa|127.0.0.1:15034, 4d0384fa-a0d7-4e6d-b08b-6a0afc890d42|127.0.0.1:15016]|listeners:[], old=null}, confs=<EMPTY_MAP>
2025-03-20 02:10:05,354 [4d0384fa-a0d7-4e6d-b08b-6a0afc890d42-groupManagement] INFO  server.RaftServerConfigKeys (ConfUtils.java:logGet(46)) - raft.server.notification.no-leader.timeout = 300s (custom)
2025-03-20 02:10:05,354 [4d0384fa-a0d7-4e6d-b08b-6a0afc890d42-groupManagement] INFO  server.RaftServerConfigKeys (ConfUtils.java:logGet(46)) - raft.server.read.timeout = 10s (default)
2025-03-20 02:10:05,354 [4d0384fa-a0d7-4e6d-b08b-6a0afc890d42-groupManagement] INFO  server.RaftServerConfigKeys (ConfUtils.java:logGet(46)) - raft.server.retrycache.expirytime = 600000ms (custom)
2025-03-20 02:10:05,354 [4d0384fa-a0d7-4e6d-b08b-6a0afc890d42-groupManagement] INFO  server.RaftServerConfigKeys (ConfUtils.java:logGet(46)) - raft.server.retrycache.statistics.expirytime = 100ms (default)
2025-03-20 02:10:05,354 [4d0384fa-a0d7-4e6d-b08b-6a0afc890d42-groupManagement] INFO  server.RaftServerConfigKeys (ConfUtils.java:logGet(46)) - raft.server.read.option = DEFAULT (default)
2025-03-20 02:10:05,354 [4d0384fa-a0d7-4e6d-b08b-6a0afc890d42-groupManagement] INFO  server.RaftServerConfigKeys (ConfUtils.java:logGet(46)) - raft.server.read.read-after-write-consistent.write-index-cache.expiry-time = 60s (default)
2025-03-20 02:10:05,360 [4d0384fa-a0d7-4e6d-b08b-6a0afc890d42-groupManagement] INFO  server.RaftServerConfigKeys (ConfUtils.java:logGet(46)) - raft.server.rpc.request.timeout = 60s (custom)
2025-03-20 02:10:05,360 [4d0384fa-a0d7-4e6d-b08b-6a0afc890d42-groupManagement] INFO  server.RaftServerConfigKeys (ConfUtils.java:logGet(46)) - raft.server.log.appender.install.snapshot.enabled = false (custom)
2025-03-20 02:10:05,360 [4d0384fa-a0d7-4e6d-b08b-6a0afc890d42-groupManagement] INFO  server.RaftServerConfigKeys (ConfUtils.java:logGet(46)) - raft.server.threadpool.server.cached = true (default)
2025-03-20 02:10:05,360 [4d0384fa-a0d7-4e6d-b08b-6a0afc890d42-groupManagement] INFO  server.RaftServerConfigKeys (ConfUtils.java:logGet(46)) - raft.server.threadpool.server.size = 0 (default)
2025-03-20 02:10:05,360 [4d0384fa-a0d7-4e6d-b08b-6a0afc890d42-groupManagement] INFO  server.RaftServerConfigKeys (ConfUtils.java:logGet(46)) - raft.server.threadpool.client.cached = true (default)
2025-03-20 02:10:05,360 [4d0384fa-a0d7-4e6d-b08b-6a0afc890d42-groupManagement] INFO  server.RaftServerConfigKeys (ConfUtils.java:logGet(46)) - raft.server.threadpool.client.size = 0 (default)
2025-03-20 02:10:05,361 [4d0384fa-a0d7-4e6d-b08b-6a0afc890d42-groupManagement] INFO  server.RaftServerConfigKeys (ConfUtils.java:logGet(46)) - raft.server.storage.free-space.min = 0MB (=0) (default)
2025-03-20 02:10:05,361 [4d0384fa-a0d7-4e6d-b08b-6a0afc890d42-groupManagement] INFO  server.RaftServerConfigKeys (ConfUtils.java:logGet(46)) - raft.server.log.corruption.policy = EXCEPTION (default)
2025-03-20 02:10:05,361 [4d0384fa-a0d7-4e6d-b08b-6a0afc890d42-groupManagement] INFO  server.RaftServerConfigKeys (ConfUtils.java:logGet(46)) - raft.server.storage.dir = [/home/runner/work/ozone/ozone/hadoop-ozone/integration-test/target/test-dir/MiniOzoneClusterImpl-897eaf7f-b25b-4380-b284-a53405b32f13/ozone-meta/datanode-1/ratis] (custom)
2025-03-20 02:10:05,361 [4d0384fa-a0d7-4e6d-b08b-6a0afc890d42-groupManagement] INFO  storage.RaftStorageDirectory (RaftStorageDirectoryImpl.java:analyzeStorage(138)) - The storage directory /home/runner/work/ozone/ozone/hadoop-ozone/integration-test/target/test-dir/MiniOzoneClusterImpl-897eaf7f-b25b-4380-b284-a53405b32f13/ozone-meta/datanode-1/ratis/ca700d20-ce55-4ad5-9f95-eca047730b05 does not exist. Creating ...
2025-03-20 02:10:05,362 [4d0384fa-a0d7-4e6d-b08b-6a0afc890d42-groupManagement] INFO  storage.RaftStorageDirectory (RaftStorageDirectoryImpl.java:tryLock(229)) - Lock on /home/runner/work/ozone/ozone/hadoop-ozone/integration-test/target/test-dir/MiniOzoneClusterImpl-897eaf7f-b25b-4380-b284-a53405b32f13/ozone-meta/datanode-1/ratis/ca700d20-ce55-4ad5-9f95-eca047730b05/in_use.lock acquired by nodename 18099@fv-az789-190
2025-03-20 02:10:05,363 [4d0384fa-a0d7-4e6d-b08b-6a0afc890d42-groupManagement] INFO  storage.RaftStorage (RaftStorageImpl.java:format(98)) - Storage directory /home/runner/work/ozone/ozone/hadoop-ozone/integration-test/target/test-dir/MiniOzoneClusterImpl-897eaf7f-b25b-4380-b284-a53405b32f13/ozone-meta/datanode-1/ratis/ca700d20-ce55-4ad5-9f95-eca047730b05 has been successfully formatted.
2025-03-20 02:10:05,364 [4d0384fa-a0d7-4e6d-b08b-6a0afc890d42-groupManagement] INFO  ratis.ContainerStateMachine (ContainerStateMachine.java:initialize(340)) - 4d0384fa-a0d7-4e6d-b08b-6a0afc890d42: initialize group-ECA047730B05
2025-03-20 02:10:05,364 [4d0384fa-a0d7-4e6d-b08b-6a0afc890d42-groupManagement] INFO  ratis.ContainerStateMachine (ContainerStateMachine.java:loadSnapshot(348)) - group-ECA047730B05: The snapshot info is null. Setting the last applied index to:(t:0, i:~)
2025-03-20 02:10:05,364 [4d0384fa-a0d7-4e6d-b08b-6a0afc890d42-groupManagement] INFO  server.RaftServerConfigKeys (ConfUtils.java:logGet(46)) - raft.server.log.use.memory = false (default)
2025-03-20 02:10:05,364 [4d0384fa-a0d7-4e6d-b08b-6a0afc890d42-groupManagement] INFO  server.RaftServerConfigKeys (ConfUtils.java:logGet(46)) - raft.server.log.purge.gap = 1000000 (custom)
2025-03-20 02:10:05,364 [4d0384fa-a0d7-4e6d-b08b-6a0afc890d42-groupManagement] INFO  server.RaftServerConfigKeys (ConfUtils.java:logGet(46)) - raft.server.log.appender.buffer.byte-limit = 33554432 (custom)
2025-03-20 02:10:05,364 [4d0384fa-a0d7-4e6d-b08b-6a0afc890d42-groupManagement] INFO  server.RaftServerConfigKeys (ConfUtils.java:logGet(46)) - raft.server.log.statemachine.data.read.timeout = 1000ms (default)
2025-03-20 02:10:05,364 [4d0384fa-a0d7-4e6d-b08b-6a0afc890d42-groupManagement] INFO  server.RaftServerConfigKeys (ConfUtils.java:logGet(46)) - raft.server.log.purge.preservation.log.num = 0 (default)
2025-03-20 02:10:05,367 [4d0384fa-a0d7-4e6d-b08b-6a0afc890d42-groupManagement] INFO  server.RaftServerConfigKeys (ConfUtils.java:logGet(46)) - raft.server.log.segment.size.max = 67108864 (custom)
2025-03-20 02:10:05,367 [4d0384fa-a0d7-4e6d-b08b-6a0afc890d42-groupManagement] INFO  server.RaftServerConfigKeys (ConfUtils.java:logGet(46)) - raft.server.log.segment.cache.num.max = 2 (custom)
2025-03-20 02:10:05,367 [4d0384fa-a0d7-4e6d-b08b-6a0afc890d42-groupManagement] INFO  server.RaftServerConfigKeys (ConfUtils.java:logGet(46)) - raft.server.log.segment.cache.size.max = 200MB (=209715200) (default)
2025-03-20 02:10:05,367 [4d0384fa-a0d7-4e6d-b08b-6a0afc890d42-groupManagement] INFO  server.RaftServerConfigKeys (ConfUtils.java:logGet(46)) - raft.server.log.appender.buffer.byte-limit = 33554432 (custom)
2025-03-20 02:10:05,368 [4d0384fa-a0d7-4e6d-b08b-6a0afc890d42-groupManagement] INFO  util.AwaitToRun (AwaitToRun.java:start(81)) - Thread[#726,4d0384fa-a0d7-4e6d-b08b-6a0afc890d42@group-ECA047730B05-cacheEviction-AwaitToRun,5,main] started
2025-03-20 02:10:05,368 [4d0384fa-a0d7-4e6d-b08b-6a0afc890d42-groupManagement] INFO  segmented.SegmentedRaftLogWorker (SegmentedRaftLogWorker.java:<init>(188)) - new 4d0384fa-a0d7-4e6d-b08b-6a0afc890d42@group-ECA047730B05-SegmentedRaftLogWorker for RaftStorageImpl:Storage Directory /home/runner/work/ozone/ozone/hadoop-ozone/integration-test/target/test-dir/MiniOzoneClusterImpl-897eaf7f-b25b-4380-b284-a53405b32f13/ozone-meta/datanode-1/ratis/ca700d20-ce55-4ad5-9f95-eca047730b05
2025-03-20 02:10:05,368 [4d0384fa-a0d7-4e6d-b08b-6a0afc890d42-groupManagement] INFO  server.RaftServerConfigKeys (ConfUtils.java:logGet(46)) - raft.server.log.queue.byte-limit = 4294967296 (custom)
2025-03-20 02:10:05,368 [4d0384fa-a0d7-4e6d-b08b-6a0afc890d42-groupManagement] INFO  server.RaftServerConfigKeys (ConfUtils.java:logGet(46)) - raft.server.log.queue.element-limit = 1024 (custom)
2025-03-20 02:10:05,369 [4d0384fa-a0d7-4e6d-b08b-6a0afc890d42-groupManagement] INFO  server.RaftServerConfigKeys (ConfUtils.java:logGet(46)) - raft.server.log.segment.size.max = 67108864 (custom)
2025-03-20 02:10:05,369 [4d0384fa-a0d7-4e6d-b08b-6a0afc890d42-groupManagement] INFO  server.RaftServerConfigKeys (ConfUtils.java:logGet(46)) - raft.server.log.preallocated.size = 4194304 (custom)
2025-03-20 02:10:05,369 [4d0384fa-a0d7-4e6d-b08b-6a0afc890d42-groupManagement] INFO  server.RaftServerConfigKeys (ConfUtils.java:logGet(46)) - raft.server.log.force.sync.num = 128 (default)
2025-03-20 02:10:05,369 [4d0384fa-a0d7-4e6d-b08b-6a0afc890d42-groupManagement] INFO  server.RaftServerConfigKeys (ConfUtils.java:logGet(46)) - raft.server.log.statemachine.data.sync = true (default)
2025-03-20 02:10:05,369 [4d0384fa-a0d7-4e6d-b08b-6a0afc890d42-groupManagement] INFO  server.RaftServerConfigKeys (ConfUtils.java:logGet(46)) - raft.server.log.statemachine.data.sync.timeout = 10s (default)
2025-03-20 02:10:05,369 [4d0384fa-a0d7-4e6d-b08b-6a0afc890d42-groupManagement] INFO  server.RaftServerConfigKeys (ConfUtils.java:logGet(46)) - raft.server.log.statemachine.data.sync.timeout.retry = 30 (custom)
2025-03-20 02:10:05,369 [4d0384fa-a0d7-4e6d-b08b-6a0afc890d42-groupManagement] INFO  server.RaftServerConfigKeys (ConfUtils.java:logGet(46)) - raft.server.log.write.buffer.size = 33554440 (custom)
2025-03-20 02:10:05,372 [EventQueue-OpenPipelineForHealthyPipelineSafeModeRule] INFO  safemode.SCMSafeModeManager (HealthyPipelineSafeModeRule.java:process(141)) - SCM in safe mode. Healthy pipelines reported count is 0, required healthy pipeline reported count is 1
2025-03-20 02:10:05,374 [4d0384fa-a0d7-4e6d-b08b-6a0afc890d42-groupManagement] INFO  server.RaftServerConfigKeys (ConfUtils.java:logGet(46)) - raft.server.log.appender.buffer.byte-limit = 33554432 (custom)
2025-03-20 02:10:05,375 [4d0384fa-a0d7-4e6d-b08b-6a0afc890d42-groupManagement] INFO  server.RaftServerConfigKeys (ConfUtils.java:logGet(46)) - raft.server.log.unsafe-flush.enabled = false (default)
2025-03-20 02:10:05,375 [4d0384fa-a0d7-4e6d-b08b-6a0afc890d42-groupManagement] INFO  server.RaftServerConfigKeys (ConfUtils.java:logGet(46)) - raft.server.log.async-flush.enabled = false (default)
2025-03-20 02:10:05,375 [4d0384fa-a0d7-4e6d-b08b-6a0afc890d42-groupManagement] INFO  server.RaftServerConfigKeys (ConfUtils.java:logGet(46)) - raft.server.log.statemachine.data.caching.enabled = true (custom)
2025-03-20 02:10:05,375 [4d0384fa-a0d7-4e6d-b08b-6a0afc890d42-groupManagement] INFO  segmented.SegmentedRaftLogWorker (SegmentedRaftLogWorker.java:lambda$new$0(139)) - 4d0384fa-a0d7-4e6d-b08b-6a0afc890d42@group-ECA047730B05-SegmentedRaftLogWorker: flushIndex: setUnconditionally 0 -> -1
2025-03-20 02:10:05,375 [4d0384fa-a0d7-4e6d-b08b-6a0afc890d42-groupManagement] INFO  segmented.SegmentedRaftLogWorker (SegmentedRaftLogWorker.java:lambda$new$0(139)) - 4d0384fa-a0d7-4e6d-b08b-6a0afc890d42@group-ECA047730B05-SegmentedRaftLogWorker: safeCacheEvictIndex: setUnconditionally 0 -> -1
2025-03-20 02:10:05,376 [4d0384fa-a0d7-4e6d-b08b-6a0afc890d42-groupManagement] INFO  server.RaftServer$Division (RaftServerImpl.java:start(391)) - 4d0384fa-a0d7-4e6d-b08b-6a0afc890d42@group-ECA047730B05: start as a follower, conf=conf: {index: -1, cur=peers:[f196473e-7e55-4e65-a56a-ed3222e0db42|127.0.0.1:15025, 4ac7aa66-6ed2-4b11-9c1a-72acd958e2aa|127.0.0.1:15034, 4d0384fa-a0d7-4e6d-b08b-6a0afc890d42|127.0.0.1:15016]|listeners:[], old=null}
2025-03-20 02:10:05,376 [4d0384fa-a0d7-4e6d-b08b-6a0afc890d42-groupManagement] INFO  server.RaftServer$Division (RaftServerImpl.java:setRole(378)) - 4d0384fa-a0d7-4e6d-b08b-6a0afc890d42@group-ECA047730B05: changes role from      null to FOLLOWER at term 0 for startAsFollower
2025-03-20 02:10:05,376 [4d0384fa-a0d7-4e6d-b08b-6a0afc890d42-groupManagement] INFO  impl.RoleInfo (RoleInfo.java:updateAndGet(148)) - 4d0384fa-a0d7-4e6d-b08b-6a0afc890d42: start 4d0384fa-a0d7-4e6d-b08b-6a0afc890d42@group-ECA047730B05-FollowerState
2025-03-20 02:10:05,376 [4d0384fa-a0d7-4e6d-b08b-6a0afc890d42-groupManagement] INFO  util.JmxRegister (JmxRegister.java:tryRegister(44)) - Successfully registered JMX Bean with object name Ratis:service=RaftServer,group=group-ECA047730B05,id=4d0384fa-a0d7-4e6d-b08b-6a0afc890d42
2025-03-20 02:10:05,376 [4d0384fa-a0d7-4e6d-b08b-6a0afc890d42-groupManagement] INFO  util.JmxRegister (JmxRegister.java:register(58)) - register mxBean class org.apache.ratis.server.impl.RaftServerJmxAdapter as Ratis:service=RaftServer,group=group-ECA047730B05,id=4d0384fa-a0d7-4e6d-b08b-6a0afc890d42
2025-03-20 02:10:05,377 [4d0384fa-a0d7-4e6d-b08b-6a0afc890d42-groupManagement] INFO  server.RaftServerConfigKeys (ConfUtils.java:logGet(46)) - raft.server.snapshot.trigger-when-stop.enabled = true (default)
2025-03-20 02:10:05,377 [4d0384fa-a0d7-4e6d-b08b-6a0afc890d42@group-ECA047730B05-FollowerState] INFO  server.RaftServerConfigKeys (ConfUtils.java:logFallback(53)) - raft.server.rpc.first-election.timeout.min = 5s (fallback to raft.server.rpc.timeout.min)
2025-03-20 02:10:05,377 [4d0384fa-a0d7-4e6d-b08b-6a0afc890d42-groupManagement] INFO  server.RaftServerConfigKeys (ConfUtils.java:logGet(46)) - raft.server.snapshot.trigger-when-remove.enabled = true (default)
2025-03-20 02:10:05,377 [4d0384fa-a0d7-4e6d-b08b-6a0afc890d42-groupManagement] INFO  server.RaftServerConfigKeys (ConfUtils.java:logGet(46)) - raft.server.snapshot.auto.trigger.enabled = true (custom)
2025-03-20 02:10:05,377 [4d0384fa-a0d7-4e6d-b08b-6a0afc890d42-groupManagement] INFO  server.RaftServerConfigKeys (ConfUtils.java:logGet(46)) - raft.server.snapshot.auto.trigger.threshold = 100000 (custom)
2025-03-20 02:10:05,377 [4d0384fa-a0d7-4e6d-b08b-6a0afc890d42-groupManagement] INFO  server.RaftServerConfigKeys (ConfUtils.java:logGet(46)) - raft.server.snapshot.retention.file.num = 5 (custom)
2025-03-20 02:10:05,377 [4d0384fa-a0d7-4e6d-b08b-6a0afc890d42-groupManagement] INFO  server.RaftServerConfigKeys (ConfUtils.java:logGet(46)) - raft.server.log.purge.upto.snapshot.index = false (default)
2025-03-20 02:10:05,378 [4d0384fa-a0d7-4e6d-b08b-6a0afc890d42@group-ECA047730B05-FollowerState] INFO  server.RaftServerConfigKeys (ConfUtils.java:logFallback(53)) - raft.server.rpc.first-election.timeout.max = 5200ms (fallback to raft.server.rpc.timeout.max)
2025-03-20 02:10:05,378 [4d0384fa-a0d7-4e6d-b08b-6a0afc890d42-groupManagement] INFO  server.RaftServer$Division (RaftServerImpl.java:start(405)) - 4d0384fa-a0d7-4e6d-b08b-6a0afc890d42@group-ECA047730B05: Successfully started.
2025-03-20 02:10:05,379 [4d0384fa-a0d7-4e6d-b08b-6a0afc890d42-PipelineCommandHandlerThread-0] INFO  ratis.XceiverServerRatis (XceiverServerRatis.java:addGroup(841)) - Created group PipelineID=ca700d20-ce55-4ad5-9f95-eca047730b05
2025-03-20 02:10:05,520 [f196473e-7e55-4e65-a56a-ed3222e0db42-PipelineCommandHandlerThread-0] INFO  server.RaftServer (RaftServerProxy.java:addNew(100)) - f196473e-7e55-4e65-a56a-ed3222e0db42: addNew group-448A0B89DD6C:[f196473e-7e55-4e65-a56a-ed3222e0db42|127.0.0.1:15025] returns group-448A0B89DD6C:java.util.concurrent.CompletableFuture@47dcfcb7[Not completed]
2025-03-20 02:10:05,522 [f196473e-7e55-4e65-a56a-ed3222e0db42-groupManagement] INFO  server.RaftServer$Division (RaftServerImpl.java:<init>(255)) - f196473e-7e55-4e65-a56a-ed3222e0db42: new RaftServerImpl for group-448A0B89DD6C:[f196473e-7e55-4e65-a56a-ed3222e0db42|127.0.0.1:15025] with ContainerStateMachine:uninitialized
2025-03-20 02:10:05,522 [f196473e-7e55-4e65-a56a-ed3222e0db42-groupManagement] INFO  server.RaftServerConfigKeys (ConfUtils.java:logGet(46)) - raft.server.rpc.timeout.min = 5s (custom)
2025-03-20 02:10:05,522 [f196473e-7e55-4e65-a56a-ed3222e0db42-groupManagement] INFO  server.RaftServerConfigKeys (ConfUtils.java:logGet(46)) - raft.server.rpc.timeout.max = 5200ms (custom)
2025-03-20 02:10:05,522 [f196473e-7e55-4e65-a56a-ed3222e0db42-groupManagement] INFO  server.RaftServerConfigKeys (ConfUtils.java:logGet(46)) - raft.server.rpc.sleep.time = 25ms (default)
2025-03-20 02:10:05,522 [f196473e-7e55-4e65-a56a-ed3222e0db42-groupManagement] INFO  server.RaftServerConfigKeys (ConfUtils.java:logGet(46)) - raft.server.rpc.slowness.timeout = 300s (custom)
2025-03-20 02:10:05,522 [f196473e-7e55-4e65-a56a-ed3222e0db42-groupManagement] INFO  server.RaftServerConfigKeys (ConfUtils.java:logGet(46)) - raft.server.leaderelection.leader.step-down.wait-time = 10s (default)
2025-03-20 02:10:05,522 [f196473e-7e55-4e65-a56a-ed3222e0db42-groupManagement] INFO  server.RaftServerConfigKeys (ConfUtils.java:logGet(46)) - raft.server.leaderelection.member.majority-add = false (default)
2025-03-20 02:10:05,522 [f196473e-7e55-4e65-a56a-ed3222e0db42-groupManagement] INFO  server.RaftServerConfigKeys (ConfUtils.java:logGet(46)) - raft.server.sleep.deviation.threshold = 300ms (default)
2025-03-20 02:10:05,522 [f196473e-7e55-4e65-a56a-ed3222e0db42-groupManagement] INFO  server.RaftServer$Division (ServerState.java:<init>(114)) - f196473e-7e55-4e65-a56a-ed3222e0db42@group-448A0B89DD6C: ConfigurationManager, init=conf: {index: -1, cur=peers:[f196473e-7e55-4e65-a56a-ed3222e0db42|127.0.0.1:15025]|listeners:[], old=null}, confs=<EMPTY_MAP>
2025-03-20 02:10:05,522 [f196473e-7e55-4e65-a56a-ed3222e0db42-groupManagement] INFO  server.RaftServerConfigKeys (ConfUtils.java:logGet(46)) - raft.server.notification.no-leader.timeout = 300s (custom)
2025-03-20 02:10:05,523 [f196473e-7e55-4e65-a56a-ed3222e0db42-groupManagement] INFO  server.RaftServerConfigKeys (ConfUtils.java:logGet(46)) - raft.server.read.timeout = 10s (default)
2025-03-20 02:10:05,523 [f196473e-7e55-4e65-a56a-ed3222e0db42-groupManagement] INFO  server.RaftServerConfigKeys (ConfUtils.java:logGet(46)) - raft.server.retrycache.expirytime = 600000ms (custom)
2025-03-20 02:10:05,523 [f196473e-7e55-4e65-a56a-ed3222e0db42-groupManagement] INFO  server.RaftServerConfigKeys (ConfUtils.java:logGet(46)) - raft.server.retrycache.statistics.expirytime = 100ms (default)
2025-03-20 02:10:05,523 [f196473e-7e55-4e65-a56a-ed3222e0db42-groupManagement] INFO  server.RaftServerConfigKeys (ConfUtils.java:logGet(46)) - raft.server.read.option = DEFAULT (default)
2025-03-20 02:10:05,523 [f196473e-7e55-4e65-a56a-ed3222e0db42-groupManagement] INFO  server.RaftServerConfigKeys (ConfUtils.java:logGet(46)) - raft.server.read.read-after-write-consistent.write-index-cache.expiry-time = 60s (default)
2025-03-20 02:10:05,528 [f196473e-7e55-4e65-a56a-ed3222e0db42-groupManagement] INFO  server.RaftServerConfigKeys (ConfUtils.java:logGet(46)) - raft.server.rpc.request.timeout = 60s (custom)
2025-03-20 02:10:05,528 [f196473e-7e55-4e65-a56a-ed3222e0db42-groupManagement] INFO  server.RaftServerConfigKeys (ConfUtils.java:logGet(46)) - raft.server.log.appender.install.snapshot.enabled = false (custom)
2025-03-20 02:10:05,528 [f196473e-7e55-4e65-a56a-ed3222e0db42-groupManagement] INFO  server.RaftServerConfigKeys (ConfUtils.java:logGet(46)) - raft.server.threadpool.server.cached = true (default)
2025-03-20 02:10:05,528 [f196473e-7e55-4e65-a56a-ed3222e0db42-groupManagement] INFO  server.RaftServerConfigKeys (ConfUtils.java:logGet(46)) - raft.server.threadpool.server.size = 0 (default)
2025-03-20 02:10:05,528 [f196473e-7e55-4e65-a56a-ed3222e0db42-groupManagement] INFO  server.RaftServerConfigKeys (ConfUtils.java:logGet(46)) - raft.server.threadpool.client.cached = true (default)
2025-03-20 02:10:05,528 [f196473e-7e55-4e65-a56a-ed3222e0db42-groupManagement] INFO  server.RaftServerConfigKeys (ConfUtils.java:logGet(46)) - raft.server.threadpool.client.size = 0 (default)
2025-03-20 02:10:05,528 [f196473e-7e55-4e65-a56a-ed3222e0db42-groupManagement] INFO  server.RaftServerConfigKeys (ConfUtils.java:logGet(46)) - raft.server.storage.free-space.min = 0MB (=0) (default)
2025-03-20 02:10:05,528 [f196473e-7e55-4e65-a56a-ed3222e0db42-groupManagement] INFO  server.RaftServerConfigKeys (ConfUtils.java:logGet(46)) - raft.server.log.corruption.policy = EXCEPTION (default)
2025-03-20 02:10:05,529 [f196473e-7e55-4e65-a56a-ed3222e0db42-groupManagement] INFO  server.RaftServerConfigKeys (ConfUtils.java:logGet(46)) - raft.server.storage.dir = [/home/runner/work/ozone/ozone/hadoop-ozone/integration-test/target/test-dir/MiniOzoneClusterImpl-897eaf7f-b25b-4380-b284-a53405b32f13/ozone-meta/datanode-2/ratis] (custom)
2025-03-20 02:10:05,529 [f196473e-7e55-4e65-a56a-ed3222e0db42-groupManagement] INFO  storage.RaftStorageDirectory (RaftStorageDirectoryImpl.java:analyzeStorage(138)) - The storage directory /home/runner/work/ozone/ozone/hadoop-ozone/integration-test/target/test-dir/MiniOzoneClusterImpl-897eaf7f-b25b-4380-b284-a53405b32f13/ozone-meta/datanode-2/ratis/50e75871-78e5-4ca8-9cf3-448a0b89dd6c does not exist. Creating ...
2025-03-20 02:10:05,531 [f196473e-7e55-4e65-a56a-ed3222e0db42-groupManagement] INFO  storage.RaftStorageDirectory (RaftStorageDirectoryImpl.java:tryLock(229)) - Lock on /home/runner/work/ozone/ozone/hadoop-ozone/integration-test/target/test-dir/MiniOzoneClusterImpl-897eaf7f-b25b-4380-b284-a53405b32f13/ozone-meta/datanode-2/ratis/50e75871-78e5-4ca8-9cf3-448a0b89dd6c/in_use.lock acquired by nodename 18099@fv-az789-190
2025-03-20 02:10:05,532 [f196473e-7e55-4e65-a56a-ed3222e0db42-groupManagement] INFO  storage.RaftStorage (RaftStorageImpl.java:format(98)) - Storage directory /home/runner/work/ozone/ozone/hadoop-ozone/integration-test/target/test-dir/MiniOzoneClusterImpl-897eaf7f-b25b-4380-b284-a53405b32f13/ozone-meta/datanode-2/ratis/50e75871-78e5-4ca8-9cf3-448a0b89dd6c has been successfully formatted.
2025-03-20 02:10:05,533 [f196473e-7e55-4e65-a56a-ed3222e0db42-groupManagement] INFO  ratis.ContainerStateMachine (ContainerStateMachine.java:initialize(340)) - f196473e-7e55-4e65-a56a-ed3222e0db42: initialize group-448A0B89DD6C
2025-03-20 02:10:05,533 [f196473e-7e55-4e65-a56a-ed3222e0db42-groupManagement] INFO  ratis.ContainerStateMachine (ContainerStateMachine.java:loadSnapshot(348)) - group-448A0B89DD6C: The snapshot info is null. Setting the last applied index to:(t:0, i:~)
2025-03-20 02:10:05,533 [f196473e-7e55-4e65-a56a-ed3222e0db42-groupManagement] INFO  server.RaftServerConfigKeys (ConfUtils.java:logGet(46)) - raft.server.log.use.memory = false (default)
2025-03-20 02:10:05,533 [f196473e-7e55-4e65-a56a-ed3222e0db42-groupManagement] INFO  server.RaftServerConfigKeys (ConfUtils.java:logGet(46)) - raft.server.log.purge.gap = 1000000 (custom)
2025-03-20 02:10:05,533 [f196473e-7e55-4e65-a56a-ed3222e0db42-groupManagement] INFO  server.RaftServerConfigKeys (ConfUtils.java:logGet(46)) - raft.server.log.appender.buffer.byte-limit = 33554432 (custom)
2025-03-20 02:10:05,533 [f196473e-7e55-4e65-a56a-ed3222e0db42-groupManagement] INFO  server.RaftServerConfigKeys (ConfUtils.java:logGet(46)) - raft.server.log.statemachine.data.read.timeout = 1000ms (default)
2025-03-20 02:10:05,533 [f196473e-7e55-4e65-a56a-ed3222e0db42-groupManagement] INFO  server.RaftServerConfigKeys (ConfUtils.java:logGet(46)) - raft.server.log.purge.preservation.log.num = 0 (default)
2025-03-20 02:10:05,535 [f196473e-7e55-4e65-a56a-ed3222e0db42-groupManagement] INFO  server.RaftServerConfigKeys (ConfUtils.java:logGet(46)) - raft.server.log.segment.size.max = 67108864 (custom)
2025-03-20 02:10:05,535 [f196473e-7e55-4e65-a56a-ed3222e0db42-groupManagement] INFO  server.RaftServerConfigKeys (ConfUtils.java:logGet(46)) - raft.server.log.segment.cache.num.max = 2 (custom)
2025-03-20 02:10:05,535 [f196473e-7e55-4e65-a56a-ed3222e0db42-groupManagement] INFO  server.RaftServerConfigKeys (ConfUtils.java:logGet(46)) - raft.server.log.segment.cache.size.max = 200MB (=209715200) (default)
2025-03-20 02:10:05,535 [f196473e-7e55-4e65-a56a-ed3222e0db42-groupManagement] INFO  server.RaftServerConfigKeys (ConfUtils.java:logGet(46)) - raft.server.log.appender.buffer.byte-limit = 33554432 (custom)
2025-03-20 02:10:05,536 [f196473e-7e55-4e65-a56a-ed3222e0db42-groupManagement] INFO  util.AwaitToRun (AwaitToRun.java:start(81)) - Thread[#737,f196473e-7e55-4e65-a56a-ed3222e0db42@group-448A0B89DD6C-cacheEviction-AwaitToRun,5,main] started
2025-03-20 02:10:05,536 [f196473e-7e55-4e65-a56a-ed3222e0db42-groupManagement] INFO  segmented.SegmentedRaftLogWorker (SegmentedRaftLogWorker.java:<init>(188)) - new f196473e-7e55-4e65-a56a-ed3222e0db42@group-448A0B89DD6C-SegmentedRaftLogWorker for RaftStorageImpl:Storage Directory /home/runner/work/ozone/ozone/hadoop-ozone/integration-test/target/test-dir/MiniOzoneClusterImpl-897eaf7f-b25b-4380-b284-a53405b32f13/ozone-meta/datanode-2/ratis/50e75871-78e5-4ca8-9cf3-448a0b89dd6c
2025-03-20 02:10:05,536 [f196473e-7e55-4e65-a56a-ed3222e0db42-groupManagement] INFO  server.RaftServerConfigKeys (ConfUtils.java:logGet(46)) - raft.server.log.queue.byte-limit = 4294967296 (custom)
2025-03-20 02:10:05,536 [f196473e-7e55-4e65-a56a-ed3222e0db42-groupManagement] INFO  server.RaftServerConfigKeys (ConfUtils.java:logGet(46)) - raft.server.log.queue.element-limit = 1024 (custom)
2025-03-20 02:10:05,536 [f196473e-7e55-4e65-a56a-ed3222e0db42-groupManagement] INFO  server.RaftServerConfigKeys (ConfUtils.java:logGet(46)) - raft.server.log.segment.size.max = 67108864 (custom)
2025-03-20 02:10:05,536 [f196473e-7e55-4e65-a56a-ed3222e0db42-groupManagement] INFO  server.RaftServerConfigKeys (ConfUtils.java:logGet(46)) - raft.server.log.preallocated.size = 4194304 (custom)
2025-03-20 02:10:05,537 [f196473e-7e55-4e65-a56a-ed3222e0db42-groupManagement] INFO  server.RaftServerConfigKeys (ConfUtils.java:logGet(46)) - raft.server.log.force.sync.num = 128 (default)
2025-03-20 02:10:05,538 [f196473e-7e55-4e65-a56a-ed3222e0db42-groupManagement] INFO  server.RaftServerConfigKeys (ConfUtils.java:logGet(46)) - raft.server.log.statemachine.data.sync = true (default)
2025-03-20 02:10:05,538 [f196473e-7e55-4e65-a56a-ed3222e0db42-groupManagement] INFO  server.RaftServerConfigKeys (ConfUtils.java:logGet(46)) - raft.server.log.statemachine.data.sync.timeout = 10s (default)
2025-03-20 02:10:05,538 [f196473e-7e55-4e65-a56a-ed3222e0db42-groupManagement] INFO  server.RaftServerConfigKeys (ConfUtils.java:logGet(46)) - raft.server.log.statemachine.data.sync.timeout.retry = 30 (custom)
2025-03-20 02:10:05,539 [54dc63b2-7f1a-4ab5-a931-3f057955b2af@group-A53405B32F13-StateMachineUpdater] INFO  safemode.HealthyPipelineSafeModeRule (HealthyPipelineSafeModeRule.java:initializeRule(174)) - Refreshed total pipeline count is 0, healthy pipeline threshold count is 1
2025-03-20 02:10:05,539 [f196473e-7e55-4e65-a56a-ed3222e0db42-groupManagement] INFO  server.RaftServerConfigKeys (ConfUtils.java:logGet(46)) - raft.server.log.write.buffer.size = 33554440 (custom)
2025-03-20 02:10:05,541 [EventQueue-PipelineReportForPipelineReportHandler] INFO  pipeline.PipelineReportHandler (PipelineReportHandler.java:processPipelineReport(139)) - Opened pipeline PipelineID=50e75871-78e5-4ca8-9cf3-448a0b89dd6c
2025-03-20 02:10:05,541 [EventQueue-OpenPipelineForHealthyPipelineSafeModeRule] INFO  safemode.SCMSafeModeManager (HealthyPipelineSafeModeRule.java:process(141)) - SCM in safe mode. Healthy pipelines reported count is 0, required healthy pipeline reported count is 1
2025-03-20 02:10:05,545 [f196473e-7e55-4e65-a56a-ed3222e0db42-groupManagement] INFO  server.RaftServerConfigKeys (ConfUtils.java:logGet(46)) - raft.server.log.appender.buffer.byte-limit = 33554432 (custom)
2025-03-20 02:10:05,545 [f196473e-7e55-4e65-a56a-ed3222e0db42-groupManagement] INFO  server.RaftServerConfigKeys (ConfUtils.java:logGet(46)) - raft.server.log.unsafe-flush.enabled = false (default)
2025-03-20 02:10:05,545 [f196473e-7e55-4e65-a56a-ed3222e0db42-groupManagement] INFO  server.RaftServerConfigKeys (ConfUtils.java:logGet(46)) - raft.server.log.async-flush.enabled = false (default)
2025-03-20 02:10:05,545 [f196473e-7e55-4e65-a56a-ed3222e0db42-groupManagement] INFO  server.RaftServerConfigKeys (ConfUtils.java:logGet(46)) - raft.server.log.statemachine.data.caching.enabled = true (custom)
2025-03-20 02:10:05,546 [f196473e-7e55-4e65-a56a-ed3222e0db42-groupManagement] INFO  segmented.SegmentedRaftLogWorker (SegmentedRaftLogWorker.java:lambda$new$0(139)) - f196473e-7e55-4e65-a56a-ed3222e0db42@group-448A0B89DD6C-SegmentedRaftLogWorker: flushIndex: setUnconditionally 0 -> -1
2025-03-20 02:10:05,546 [f196473e-7e55-4e65-a56a-ed3222e0db42-groupManagement] INFO  segmented.SegmentedRaftLogWorker (SegmentedRaftLogWorker.java:lambda$new$0(139)) - f196473e-7e55-4e65-a56a-ed3222e0db42@group-448A0B89DD6C-SegmentedRaftLogWorker: safeCacheEvictIndex: setUnconditionally 0 -> -1
2025-03-20 02:10:05,547 [f196473e-7e55-4e65-a56a-ed3222e0db42-groupManagement] INFO  server.RaftServer$Division (RaftServerImpl.java:start(391)) - f196473e-7e55-4e65-a56a-ed3222e0db42@group-448A0B89DD6C: start as a follower, conf=conf: {index: -1, cur=peers:[f196473e-7e55-4e65-a56a-ed3222e0db42|127.0.0.1:15025]|listeners:[], old=null}
2025-03-20 02:10:05,548 [f196473e-7e55-4e65-a56a-ed3222e0db42-groupManagement] INFO  server.RaftServer$Division (RaftServerImpl.java:setRole(378)) - f196473e-7e55-4e65-a56a-ed3222e0db42@group-448A0B89DD6C: changes role from      null to FOLLOWER at term 0 for startAsFollower
2025-03-20 02:10:05,548 [f196473e-7e55-4e65-a56a-ed3222e0db42-groupManagement] INFO  impl.RoleInfo (RoleInfo.java:updateAndGet(148)) - f196473e-7e55-4e65-a56a-ed3222e0db42: start f196473e-7e55-4e65-a56a-ed3222e0db42@group-448A0B89DD6C-FollowerState
2025-03-20 02:10:05,549 [f196473e-7e55-4e65-a56a-ed3222e0db42@group-448A0B89DD6C-FollowerState] INFO  server.RaftServerConfigKeys (ConfUtils.java:logFallback(53)) - raft.server.rpc.first-election.timeout.min = 5s (fallback to raft.server.rpc.timeout.min)
2025-03-20 02:10:05,549 [f196473e-7e55-4e65-a56a-ed3222e0db42@group-448A0B89DD6C-FollowerState] INFO  server.RaftServerConfigKeys (ConfUtils.java:logFallback(53)) - raft.server.rpc.first-election.timeout.max = 5200ms (fallback to raft.server.rpc.timeout.max)
2025-03-20 02:10:05,549 [f196473e-7e55-4e65-a56a-ed3222e0db42-groupManagement] INFO  util.JmxRegister (JmxRegister.java:tryRegister(44)) - Successfully registered JMX Bean with object name Ratis:service=RaftServer,group=group-448A0B89DD6C,id=f196473e-7e55-4e65-a56a-ed3222e0db42
2025-03-20 02:10:05,549 [f196473e-7e55-4e65-a56a-ed3222e0db42-groupManagement] INFO  util.JmxRegister (JmxRegister.java:register(58)) - register mxBean class org.apache.ratis.server.impl.RaftServerJmxAdapter as Ratis:service=RaftServer,group=group-448A0B89DD6C,id=f196473e-7e55-4e65-a56a-ed3222e0db42
2025-03-20 02:10:05,549 [f196473e-7e55-4e65-a56a-ed3222e0db42-groupManagement] INFO  server.RaftServerConfigKeys (ConfUtils.java:logGet(46)) - raft.server.snapshot.trigger-when-stop.enabled = true (default)
2025-03-20 02:10:05,549 [f196473e-7e55-4e65-a56a-ed3222e0db42-groupManagement] INFO  server.RaftServerConfigKeys (ConfUtils.java:logGet(46)) - raft.server.snapshot.trigger-when-remove.enabled = true (default)
2025-03-20 02:10:05,549 [f196473e-7e55-4e65-a56a-ed3222e0db42-groupManagement] INFO  server.RaftServerConfigKeys (ConfUtils.java:logGet(46)) - raft.server.snapshot.auto.trigger.enabled = true (custom)
2025-03-20 02:10:05,549 [f196473e-7e55-4e65-a56a-ed3222e0db42-groupManagement] INFO  server.RaftServerConfigKeys (ConfUtils.java:logGet(46)) - raft.server.snapshot.auto.trigger.threshold = 100000 (custom)
2025-03-20 02:10:05,549 [f196473e-7e55-4e65-a56a-ed3222e0db42-groupManagement] INFO  server.RaftServerConfigKeys (ConfUtils.java:logGet(46)) - raft.server.snapshot.retention.file.num = 5 (custom)
2025-03-20 02:10:05,549 [f196473e-7e55-4e65-a56a-ed3222e0db42-groupManagement] INFO  server.RaftServerConfigKeys (ConfUtils.java:logGet(46)) - raft.server.log.purge.upto.snapshot.index = false (default)
2025-03-20 02:10:05,550 [f196473e-7e55-4e65-a56a-ed3222e0db42-groupManagement] INFO  server.RaftServer$Division (RaftServerImpl.java:start(405)) - f196473e-7e55-4e65-a56a-ed3222e0db42@group-448A0B89DD6C: Successfully started.
2025-03-20 02:10:05,551 [f196473e-7e55-4e65-a56a-ed3222e0db42-PipelineCommandHandlerThread-0] INFO  ratis.XceiverServerRatis (XceiverServerRatis.java:addGroup(841)) - Created group PipelineID=50e75871-78e5-4ca8-9cf3-448a0b89dd6c
2025-03-20 02:10:05,551 [f196473e-7e55-4e65-a56a-ed3222e0db42-PipelineCommandHandlerThread-0] INFO  commandhandler.CreatePipelineCommandHandler (CreatePipelineCommandHandler.java:lambda$handle$2(128)) - Created Pipeline RATIS ONE PipelineID=50e75871-78e5-4ca8-9cf3-448a0b89dd6c.
2025-03-20 02:10:05,551 [f196473e-7e55-4e65-a56a-ed3222e0db42-PipelineCommandHandlerThread-0] INFO  server.RaftServer (RaftServerProxy.java:addNew(100)) - f196473e-7e55-4e65-a56a-ed3222e0db42: addNew group-ECA047730B05:[f196473e-7e55-4e65-a56a-ed3222e0db42|127.0.0.1:15025, 4ac7aa66-6ed2-4b11-9c1a-72acd958e2aa|127.0.0.1:15034, 4d0384fa-a0d7-4e6d-b08b-6a0afc890d42|127.0.0.1:15016] returns group-ECA047730B05:java.util.concurrent.CompletableFuture@7f8d447d[Not completed]
2025-03-20 02:10:05,553 [f196473e-7e55-4e65-a56a-ed3222e0db42-groupManagement] INFO  server.RaftServer$Division (RaftServerImpl.java:<init>(255)) - f196473e-7e55-4e65-a56a-ed3222e0db42: new RaftServerImpl for group-ECA047730B05:[f196473e-7e55-4e65-a56a-ed3222e0db42|127.0.0.1:15025, 4ac7aa66-6ed2-4b11-9c1a-72acd958e2aa|127.0.0.1:15034, 4d0384fa-a0d7-4e6d-b08b-6a0afc890d42|127.0.0.1:15016] with ContainerStateMachine:uninitialized
2025-03-20 02:10:05,553 [f196473e-7e55-4e65-a56a-ed3222e0db42-groupManagement] INFO  server.RaftServerConfigKeys (ConfUtils.java:logGet(46)) - raft.server.rpc.timeout.min = 5s (custom)
2025-03-20 02:10:05,553 [f196473e-7e55-4e65-a56a-ed3222e0db42-groupManagement] INFO  server.RaftServerConfigKeys (ConfUtils.java:logGet(46)) - raft.server.rpc.timeout.max = 5200ms (custom)
2025-03-20 02:10:05,553 [f196473e-7e55-4e65-a56a-ed3222e0db42-groupManagement] INFO  server.RaftServerConfigKeys (ConfUtils.java:logGet(46)) - raft.server.rpc.sleep.time = 25ms (default)
2025-03-20 02:10:05,553 [f196473e-7e55-4e65-a56a-ed3222e0db42-groupManagement] INFO  server.RaftServerConfigKeys (ConfUtils.java:logGet(46)) - raft.server.rpc.slowness.timeout = 300s (custom)
2025-03-20 02:10:05,553 [f196473e-7e55-4e65-a56a-ed3222e0db42-groupManagement] INFO  server.RaftServerConfigKeys (ConfUtils.java:logGet(46)) - raft.server.leaderelection.leader.step-down.wait-time = 10s (default)
2025-03-20 02:10:05,553 [f196473e-7e55-4e65-a56a-ed3222e0db42-groupManagement] INFO  server.RaftServerConfigKeys (ConfUtils.java:logGet(46)) - raft.server.leaderelection.member.majority-add = false (default)
2025-03-20 02:10:05,553 [f196473e-7e55-4e65-a56a-ed3222e0db42-groupManagement] INFO  server.RaftServerConfigKeys (ConfUtils.java:logGet(46)) - raft.server.sleep.deviation.threshold = 300ms (default)
2025-03-20 02:10:05,554 [f196473e-7e55-4e65-a56a-ed3222e0db42-groupManagement] INFO  server.RaftServer$Division (ServerState.java:<init>(114)) - f196473e-7e55-4e65-a56a-ed3222e0db42@group-ECA047730B05: ConfigurationManager, init=conf: {index: -1, cur=peers:[f196473e-7e55-4e65-a56a-ed3222e0db42|127.0.0.1:15025, 4ac7aa66-6ed2-4b11-9c1a-72acd958e2aa|127.0.0.1:15034, 4d0384fa-a0d7-4e6d-b08b-6a0afc890d42|127.0.0.1:15016]|listeners:[], old=null}, confs=<EMPTY_MAP>
2025-03-20 02:10:05,554 [f196473e-7e55-4e65-a56a-ed3222e0db42-groupManagement] INFO  server.RaftServerConfigKeys (ConfUtils.java:logGet(46)) - raft.server.notification.no-leader.timeout = 300s (custom)
2025-03-20 02:10:05,554 [f196473e-7e55-4e65-a56a-ed3222e0db42-groupManagement] INFO  server.RaftServerConfigKeys (ConfUtils.java:logGet(46)) - raft.server.read.timeout = 10s (default)
2025-03-20 02:10:05,554 [f196473e-7e55-4e65-a56a-ed3222e0db42-groupManagement] INFO  server.RaftServerConfigKeys (ConfUtils.java:logGet(46)) - raft.server.retrycache.expirytime = 600000ms (custom)
2025-03-20 02:10:05,554 [f196473e-7e55-4e65-a56a-ed3222e0db42-groupManagement] INFO  server.RaftServerConfigKeys (ConfUtils.java:logGet(46)) - raft.server.retrycache.statistics.expirytime = 100ms (default)
2025-03-20 02:10:05,554 [f196473e-7e55-4e65-a56a-ed3222e0db42-groupManagement] INFO  server.RaftServerConfigKeys (ConfUtils.java:logGet(46)) - raft.server.read.option = DEFAULT (default)
2025-03-20 02:10:05,554 [f196473e-7e55-4e65-a56a-ed3222e0db42-groupManagement] INFO  server.RaftServerConfigKeys (ConfUtils.java:logGet(46)) - raft.server.read.read-after-write-consistent.write-index-cache.expiry-time = 60s (default)
2025-03-20 02:10:05,558 [f196473e-7e55-4e65-a56a-ed3222e0db42-groupManagement] INFO  server.RaftServerConfigKeys (ConfUtils.java:logGet(46)) - raft.server.rpc.request.timeout = 60s (custom)
2025-03-20 02:10:05,558 [f196473e-7e55-4e65-a56a-ed3222e0db42-groupManagement] INFO  server.RaftServerConfigKeys (ConfUtils.java:logGet(46)) - raft.server.log.appender.install.snapshot.enabled = false (custom)
2025-03-20 02:10:05,558 [f196473e-7e55-4e65-a56a-ed3222e0db42-groupManagement] INFO  server.RaftServerConfigKeys (ConfUtils.java:logGet(46)) - raft.server.threadpool.server.cached = true (default)
2025-03-20 02:10:05,559 [f196473e-7e55-4e65-a56a-ed3222e0db42-groupManagement] INFO  server.RaftServerConfigKeys (ConfUtils.java:logGet(46)) - raft.server.threadpool.server.size = 0 (default)
2025-03-20 02:10:05,559 [f196473e-7e55-4e65-a56a-ed3222e0db42-groupManagement] INFO  server.RaftServerConfigKeys (ConfUtils.java:logGet(46)) - raft.server.threadpool.client.cached = true (default)
2025-03-20 02:10:05,559 [f196473e-7e55-4e65-a56a-ed3222e0db42-groupManagement] INFO  server.RaftServerConfigKeys (ConfUtils.java:logGet(46)) - raft.server.threadpool.client.size = 0 (default)
2025-03-20 02:10:05,559 [f196473e-7e55-4e65-a56a-ed3222e0db42-groupManagement] INFO  server.RaftServerConfigKeys (ConfUtils.java:logGet(46)) - raft.server.storage.free-space.min = 0MB (=0) (default)
2025-03-20 02:10:05,559 [f196473e-7e55-4e65-a56a-ed3222e0db42-groupManagement] INFO  server.RaftServerConfigKeys (ConfUtils.java:logGet(46)) - raft.server.log.corruption.policy = EXCEPTION (default)
2025-03-20 02:10:05,559 [f196473e-7e55-4e65-a56a-ed3222e0db42-groupManagement] INFO  server.RaftServerConfigKeys (ConfUtils.java:logGet(46)) - raft.server.storage.dir = [/home/runner/work/ozone/ozone/hadoop-ozone/integration-test/target/test-dir/MiniOzoneClusterImpl-897eaf7f-b25b-4380-b284-a53405b32f13/ozone-meta/datanode-2/ratis] (custom)
2025-03-20 02:10:05,560 [f196473e-7e55-4e65-a56a-ed3222e0db42-groupManagement] INFO  storage.RaftStorageDirectory (RaftStorageDirectoryImpl.java:analyzeStorage(138)) - The storage directory /home/runner/work/ozone/ozone/hadoop-ozone/integration-test/target/test-dir/MiniOzoneClusterImpl-897eaf7f-b25b-4380-b284-a53405b32f13/ozone-meta/datanode-2/ratis/ca700d20-ce55-4ad5-9f95-eca047730b05 does not exist. Creating ...
2025-03-20 02:10:05,562 [f196473e-7e55-4e65-a56a-ed3222e0db42-groupManagement] INFO  storage.RaftStorageDirectory (RaftStorageDirectoryImpl.java:tryLock(229)) - Lock on /home/runner/work/ozone/ozone/hadoop-ozone/integration-test/target/test-dir/MiniOzoneClusterImpl-897eaf7f-b25b-4380-b284-a53405b32f13/ozone-meta/datanode-2/ratis/ca700d20-ce55-4ad5-9f95-eca047730b05/in_use.lock acquired by nodename 18099@fv-az789-190
2025-03-20 02:10:05,565 [f196473e-7e55-4e65-a56a-ed3222e0db42-groupManagement] INFO  storage.RaftStorage (RaftStorageImpl.java:format(98)) - Storage directory /home/runner/work/ozone/ozone/hadoop-ozone/integration-test/target/test-dir/MiniOzoneClusterImpl-897eaf7f-b25b-4380-b284-a53405b32f13/ozone-meta/datanode-2/ratis/ca700d20-ce55-4ad5-9f95-eca047730b05 has been successfully formatted.
2025-03-20 02:10:05,565 [f196473e-7e55-4e65-a56a-ed3222e0db42-groupManagement] INFO  ratis.ContainerStateMachine (ContainerStateMachine.java:initialize(340)) - f196473e-7e55-4e65-a56a-ed3222e0db42: initialize group-ECA047730B05
2025-03-20 02:10:05,566 [f196473e-7e55-4e65-a56a-ed3222e0db42-groupManagement] INFO  ratis.ContainerStateMachine (ContainerStateMachine.java:loadSnapshot(348)) - group-ECA047730B05: The snapshot info is null. Setting the last applied index to:(t:0, i:~)
2025-03-20 02:10:05,566 [f196473e-7e55-4e65-a56a-ed3222e0db42-groupManagement] INFO  server.RaftServerConfigKeys (ConfUtils.java:logGet(46)) - raft.server.log.use.memory = false (default)
2025-03-20 02:10:05,566 [f196473e-7e55-4e65-a56a-ed3222e0db42-groupManagement] INFO  server.RaftServerConfigKeys (ConfUtils.java:logGet(46)) - raft.server.log.purge.gap = 1000000 (custom)
2025-03-20 02:10:05,566 [f196473e-7e55-4e65-a56a-ed3222e0db42-groupManagement] INFO  server.RaftServerConfigKeys (ConfUtils.java:logGet(46)) - raft.server.log.appender.buffer.byte-limit = 33554432 (custom)
2025-03-20 02:10:05,566 [f196473e-7e55-4e65-a56a-ed3222e0db42-groupManagement] INFO  server.RaftServerConfigKeys (ConfUtils.java:logGet(46)) - raft.server.log.statemachine.data.read.timeout = 1000ms (default)
2025-03-20 02:10:05,566 [f196473e-7e55-4e65-a56a-ed3222e0db42-groupManagement] INFO  server.RaftServerConfigKeys (ConfUtils.java:logGet(46)) - raft.server.log.purge.preservation.log.num = 0 (default)
2025-03-20 02:10:05,569 [EventQueue-OpenPipelineForHealthyPipelineSafeModeRule] INFO  safemode.SCMSafeModeManager (HealthyPipelineSafeModeRule.java:process(141)) - SCM in safe mode. Healthy pipelines reported count is 0, required healthy pipeline reported count is 1
2025-03-20 02:10:05,571 [f196473e-7e55-4e65-a56a-ed3222e0db42-groupManagement] INFO  server.RaftServerConfigKeys (ConfUtils.java:logGet(46)) - raft.server.log.segment.size.max = 67108864 (custom)
2025-03-20 02:10:05,572 [f196473e-7e55-4e65-a56a-ed3222e0db42-groupManagement] INFO  server.RaftServerConfigKeys (ConfUtils.java:logGet(46)) - raft.server.log.segment.cache.num.max = 2 (custom)
2025-03-20 02:10:05,573 [f196473e-7e55-4e65-a56a-ed3222e0db42-groupManagement] INFO  server.RaftServerConfigKeys (ConfUtils.java:logGet(46)) - raft.server.log.segment.cache.size.max = 200MB (=209715200) (default)
2025-03-20 02:10:05,573 [f196473e-7e55-4e65-a56a-ed3222e0db42-groupManagement] INFO  server.RaftServerConfigKeys (ConfUtils.java:logGet(46)) - raft.server.log.appender.buffer.byte-limit = 33554432 (custom)
2025-03-20 02:10:05,574 [f196473e-7e55-4e65-a56a-ed3222e0db42-groupManagement] INFO  util.AwaitToRun (AwaitToRun.java:start(81)) - Thread[#741,f196473e-7e55-4e65-a56a-ed3222e0db42@group-ECA047730B05-cacheEviction-AwaitToRun,5,main] started
2025-03-20 02:10:05,574 [f196473e-7e55-4e65-a56a-ed3222e0db42-groupManagement] INFO  segmented.SegmentedRaftLogWorker (SegmentedRaftLogWorker.java:<init>(188)) - new f196473e-7e55-4e65-a56a-ed3222e0db42@group-ECA047730B05-SegmentedRaftLogWorker for RaftStorageImpl:Storage Directory /home/runner/work/ozone/ozone/hadoop-ozone/integration-test/target/test-dir/MiniOzoneClusterImpl-897eaf7f-b25b-4380-b284-a53405b32f13/ozone-meta/datanode-2/ratis/ca700d20-ce55-4ad5-9f95-eca047730b05
2025-03-20 02:10:05,574 [f196473e-7e55-4e65-a56a-ed3222e0db42-groupManagement] INFO  server.RaftServerConfigKeys (ConfUtils.java:logGet(46)) - raft.server.log.queue.byte-limit = 4294967296 (custom)
2025-03-20 02:10:05,574 [f196473e-7e55-4e65-a56a-ed3222e0db42-groupManagement] INFO  server.RaftServerConfigKeys (ConfUtils.java:logGet(46)) - raft.server.log.queue.element-limit = 1024 (custom)
2025-03-20 02:10:05,574 [f196473e-7e55-4e65-a56a-ed3222e0db42-groupManagement] INFO  server.RaftServerConfigKeys (ConfUtils.java:logGet(46)) - raft.server.log.segment.size.max = 67108864 (custom)
2025-03-20 02:10:05,574 [f196473e-7e55-4e65-a56a-ed3222e0db42-groupManagement] INFO  server.RaftServerConfigKeys (ConfUtils.java:logGet(46)) - raft.server.log.preallocated.size = 4194304 (custom)
2025-03-20 02:10:05,574 [f196473e-7e55-4e65-a56a-ed3222e0db42-groupManagement] INFO  server.RaftServerConfigKeys (ConfUtils.java:logGet(46)) - raft.server.log.force.sync.num = 128 (default)
2025-03-20 02:10:05,574 [f196473e-7e55-4e65-a56a-ed3222e0db42-groupManagement] INFO  server.RaftServerConfigKeys (ConfUtils.java:logGet(46)) - raft.server.log.statemachine.data.sync = true (default)
2025-03-20 02:10:05,574 [f196473e-7e55-4e65-a56a-ed3222e0db42-groupManagement] INFO  server.RaftServerConfigKeys (ConfUtils.java:logGet(46)) - raft.server.log.statemachine.data.sync.timeout = 10s (default)
2025-03-20 02:10:05,574 [f196473e-7e55-4e65-a56a-ed3222e0db42-groupManagement] INFO  server.RaftServerConfigKeys (ConfUtils.java:logGet(46)) - raft.server.log.statemachine.data.sync.timeout.retry = 30 (custom)
2025-03-20 02:10:05,575 [f196473e-7e55-4e65-a56a-ed3222e0db42-groupManagement] INFO  server.RaftServerConfigKeys (ConfUtils.java:logGet(46)) - raft.server.log.write.buffer.size = 33554440 (custom)
2025-03-20 02:10:05,580 [f196473e-7e55-4e65-a56a-ed3222e0db42-groupManagement] INFO  server.RaftServerConfigKeys (ConfUtils.java:logGet(46)) - raft.server.log.appender.buffer.byte-limit = 33554432 (custom)
2025-03-20 02:10:05,580 [f196473e-7e55-4e65-a56a-ed3222e0db42-groupManagement] INFO  server.RaftServerConfigKeys (ConfUtils.java:logGet(46)) - raft.server.log.unsafe-flush.enabled = false (default)
2025-03-20 02:10:05,580 [f196473e-7e55-4e65-a56a-ed3222e0db42-groupManagement] INFO  server.RaftServerConfigKeys (ConfUtils.java:logGet(46)) - raft.server.log.async-flush.enabled = false (default)
2025-03-20 02:10:05,580 [f196473e-7e55-4e65-a56a-ed3222e0db42-groupManagement] INFO  server.RaftServerConfigKeys (ConfUtils.java:logGet(46)) - raft.server.log.statemachine.data.caching.enabled = true (custom)
2025-03-20 02:10:05,580 [f196473e-7e55-4e65-a56a-ed3222e0db42-groupManagement] INFO  segmented.SegmentedRaftLogWorker (SegmentedRaftLogWorker.java:lambda$new$0(139)) - f196473e-7e55-4e65-a56a-ed3222e0db42@group-ECA047730B05-SegmentedRaftLogWorker: flushIndex: setUnconditionally 0 -> -1
2025-03-20 02:10:05,580 [f196473e-7e55-4e65-a56a-ed3222e0db42-groupManagement] INFO  segmented.SegmentedRaftLogWorker (SegmentedRaftLogWorker.java:lambda$new$0(139)) - f196473e-7e55-4e65-a56a-ed3222e0db42@group-ECA047730B05-SegmentedRaftLogWorker: safeCacheEvictIndex: setUnconditionally 0 -> -1
2025-03-20 02:10:05,581 [f196473e-7e55-4e65-a56a-ed3222e0db42-groupManagement] INFO  server.RaftServer$Division (RaftServerImpl.java:start(391)) - f196473e-7e55-4e65-a56a-ed3222e0db42@group-ECA047730B05: start as a follower, conf=conf: {index: -1, cur=peers:[f196473e-7e55-4e65-a56a-ed3222e0db42|127.0.0.1:15025, 4ac7aa66-6ed2-4b11-9c1a-72acd958e2aa|127.0.0.1:15034, 4d0384fa-a0d7-4e6d-b08b-6a0afc890d42|127.0.0.1:15016]|listeners:[], old=null}
2025-03-20 02:10:05,581 [f196473e-7e55-4e65-a56a-ed3222e0db42-groupManagement] INFO  server.RaftServer$Division (RaftServerImpl.java:setRole(378)) - f196473e-7e55-4e65-a56a-ed3222e0db42@group-ECA047730B05: changes role from      null to FOLLOWER at term 0 for startAsFollower
2025-03-20 02:10:05,581 [f196473e-7e55-4e65-a56a-ed3222e0db42-groupManagement] INFO  impl.RoleInfo (RoleInfo.java:updateAndGet(148)) - f196473e-7e55-4e65-a56a-ed3222e0db42: start f196473e-7e55-4e65-a56a-ed3222e0db42@group-ECA047730B05-FollowerState
2025-03-20 02:10:05,581 [f196473e-7e55-4e65-a56a-ed3222e0db42@group-ECA047730B05-FollowerState] INFO  server.RaftServerConfigKeys (ConfUtils.java:logFallback(53)) - raft.server.rpc.first-election.timeout.min = 5s (fallback to raft.server.rpc.timeout.min)
2025-03-20 02:10:05,581 [f196473e-7e55-4e65-a56a-ed3222e0db42@group-ECA047730B05-FollowerState] INFO  server.RaftServerConfigKeys (ConfUtils.java:logFallback(53)) - raft.server.rpc.first-election.timeout.max = 5200ms (fallback to raft.server.rpc.timeout.max)
2025-03-20 02:10:05,581 [f196473e-7e55-4e65-a56a-ed3222e0db42-groupManagement] INFO  util.JmxRegister (JmxRegister.java:tryRegister(44)) - Successfully registered JMX Bean with object name Ratis:service=RaftServer,group=group-ECA047730B05,id=f196473e-7e55-4e65-a56a-ed3222e0db42
2025-03-20 02:10:05,581 [f196473e-7e55-4e65-a56a-ed3222e0db42-groupManagement] INFO  util.JmxRegister (JmxRegister.java:register(58)) - register mxBean class org.apache.ratis.server.impl.RaftServerJmxAdapter as Ratis:service=RaftServer,group=group-ECA047730B05,id=f196473e-7e55-4e65-a56a-ed3222e0db42
2025-03-20 02:10:05,581 [f196473e-7e55-4e65-a56a-ed3222e0db42-groupManagement] INFO  server.RaftServerConfigKeys (ConfUtils.java:logGet(46)) - raft.server.snapshot.trigger-when-stop.enabled = true (default)
2025-03-20 02:10:05,582 [f196473e-7e55-4e65-a56a-ed3222e0db42-groupManagement] INFO  server.RaftServerConfigKeys (ConfUtils.java:logGet(46)) - raft.server.snapshot.trigger-when-remove.enabled = true (default)
2025-03-20 02:10:05,582 [f196473e-7e55-4e65-a56a-ed3222e0db42-groupManagement] INFO  server.RaftServerConfigKeys (ConfUtils.java:logGet(46)) - raft.server.snapshot.auto.trigger.enabled = true (custom)
2025-03-20 02:10:05,582 [f196473e-7e55-4e65-a56a-ed3222e0db42-groupManagement] INFO  server.RaftServerConfigKeys (ConfUtils.java:logGet(46)) - raft.server.snapshot.auto.trigger.threshold = 100000 (custom)
2025-03-20 02:10:05,582 [f196473e-7e55-4e65-a56a-ed3222e0db42-groupManagement] INFO  server.RaftServerConfigKeys (ConfUtils.java:logGet(46)) - raft.server.snapshot.retention.file.num = 5 (custom)
2025-03-20 02:10:05,582 [f196473e-7e55-4e65-a56a-ed3222e0db42-groupManagement] INFO  server.RaftServerConfigKeys (ConfUtils.java:logGet(46)) - raft.server.log.purge.upto.snapshot.index = false (default)
2025-03-20 02:10:05,582 [f196473e-7e55-4e65-a56a-ed3222e0db42-groupManagement] INFO  server.RaftServer$Division (RaftServerImpl.java:start(405)) - f196473e-7e55-4e65-a56a-ed3222e0db42@group-ECA047730B05: Successfully started.
2025-03-20 02:10:05,583 [f196473e-7e55-4e65-a56a-ed3222e0db42-PipelineCommandHandlerThread-0] INFO  ratis.XceiverServerRatis (XceiverServerRatis.java:addGroup(841)) - Created group PipelineID=ca700d20-ce55-4ad5-9f95-eca047730b05
2025-03-20 02:10:05,605 [grpc-default-executor-0] INFO  server.RaftServer (RaftServerProxy.java:addNew(100)) - 4ac7aa66-6ed2-4b11-9c1a-72acd958e2aa: addNew group-ECA047730B05:[f196473e-7e55-4e65-a56a-ed3222e0db42|127.0.0.1:15025, 4ac7aa66-6ed2-4b11-9c1a-72acd958e2aa|127.0.0.1:15034, 4d0384fa-a0d7-4e6d-b08b-6a0afc890d42|127.0.0.1:15016] returns group-ECA047730B05:java.util.concurrent.CompletableFuture@7d89a16[Not completed]
2025-03-20 02:10:05,608 [4ac7aa66-6ed2-4b11-9c1a-72acd958e2aa-groupManagement] INFO  server.RaftServer$Division (RaftServerImpl.java:<init>(255)) - 4ac7aa66-6ed2-4b11-9c1a-72acd958e2aa: new RaftServerImpl for group-ECA047730B05:[f196473e-7e55-4e65-a56a-ed3222e0db42|127.0.0.1:15025, 4ac7aa66-6ed2-4b11-9c1a-72acd958e2aa|127.0.0.1:15034, 4d0384fa-a0d7-4e6d-b08b-6a0afc890d42|127.0.0.1:15016] with ContainerStateMachine:uninitialized
2025-03-20 02:10:05,608 [4ac7aa66-6ed2-4b11-9c1a-72acd958e2aa-groupManagement] INFO  server.RaftServerConfigKeys (ConfUtils.java:logGet(46)) - raft.server.rpc.timeout.min = 5s (custom)
2025-03-20 02:10:05,608 [4ac7aa66-6ed2-4b11-9c1a-72acd958e2aa-groupManagement] INFO  server.RaftServerConfigKeys (ConfUtils.java:logGet(46)) - raft.server.rpc.timeout.max = 5200ms (custom)
2025-03-20 02:10:05,608 [4ac7aa66-6ed2-4b11-9c1a-72acd958e2aa-groupManagement] INFO  server.RaftServerConfigKeys (ConfUtils.java:logGet(46)) - raft.server.rpc.sleep.time = 25ms (default)
2025-03-20 02:10:05,608 [4ac7aa66-6ed2-4b11-9c1a-72acd958e2aa-groupManagement] INFO  server.RaftServerConfigKeys (ConfUtils.java:logGet(46)) - raft.server.rpc.slowness.timeout = 300s (custom)
2025-03-20 02:10:05,608 [4ac7aa66-6ed2-4b11-9c1a-72acd958e2aa-groupManagement] INFO  server.RaftServerConfigKeys (ConfUtils.java:logGet(46)) - raft.server.leaderelection.leader.step-down.wait-time = 10s (default)
2025-03-20 02:10:05,608 [4ac7aa66-6ed2-4b11-9c1a-72acd958e2aa-groupManagement] INFO  server.RaftServerConfigKeys (ConfUtils.java:logGet(46)) - raft.server.leaderelection.member.majority-add = false (default)
2025-03-20 02:10:05,608 [4ac7aa66-6ed2-4b11-9c1a-72acd958e2aa-groupManagement] INFO  server.RaftServerConfigKeys (ConfUtils.java:logGet(46)) - raft.server.sleep.deviation.threshold = 300ms (default)
2025-03-20 02:10:05,608 [4ac7aa66-6ed2-4b11-9c1a-72acd958e2aa-groupManagement] INFO  server.RaftServer$Division (ServerState.java:<init>(114)) - 4ac7aa66-6ed2-4b11-9c1a-72acd958e2aa@group-ECA047730B05: ConfigurationManager, init=conf: {index: -1, cur=peers:[f196473e-7e55-4e65-a56a-ed3222e0db42|127.0.0.1:15025, 4ac7aa66-6ed2-4b11-9c1a-72acd958e2aa|127.0.0.1:15034, 4d0384fa-a0d7-4e6d-b08b-6a0afc890d42|127.0.0.1:15016]|listeners:[], old=null}, confs=<EMPTY_MAP>
2025-03-20 02:10:05,608 [4ac7aa66-6ed2-4b11-9c1a-72acd958e2aa-groupManagement] INFO  server.RaftServerConfigKeys (ConfUtils.java:logGet(46)) - raft.server.notification.no-leader.timeout = 300s (custom)
2025-03-20 02:10:05,608 [4ac7aa66-6ed2-4b11-9c1a-72acd958e2aa-groupManagement] INFO  server.RaftServerConfigKeys (ConfUtils.java:logGet(46)) - raft.server.read.timeout = 10s (default)
2025-03-20 02:10:05,608 [4ac7aa66-6ed2-4b11-9c1a-72acd958e2aa-groupManagement] INFO  server.RaftServerConfigKeys (ConfUtils.java:logGet(46)) - raft.server.retrycache.expirytime = 600000ms (custom)
2025-03-20 02:10:05,608 [4ac7aa66-6ed2-4b11-9c1a-72acd958e2aa-groupManagement] INFO  server.RaftServerConfigKeys (ConfUtils.java:logGet(46)) - raft.server.retrycache.statistics.expirytime = 100ms (default)
2025-03-20 02:10:05,609 [4ac7aa66-6ed2-4b11-9c1a-72acd958e2aa-groupManagement] INFO  server.RaftServerConfigKeys (ConfUtils.java:logGet(46)) - raft.server.read.option = DEFAULT (default)
2025-03-20 02:10:05,609 [4ac7aa66-6ed2-4b11-9c1a-72acd958e2aa-groupManagement] INFO  server.RaftServerConfigKeys (ConfUtils.java:logGet(46)) - raft.server.read.read-after-write-consistent.write-index-cache.expiry-time = 60s (default)
2025-03-20 02:10:05,616 [4ac7aa66-6ed2-4b11-9c1a-72acd958e2aa-groupManagement] INFO  server.RaftServerConfigKeys (ConfUtils.java:logGet(46)) - raft.server.rpc.request.timeout = 60s (custom)
2025-03-20 02:10:05,617 [4ac7aa66-6ed2-4b11-9c1a-72acd958e2aa-groupManagement] INFO  server.RaftServerConfigKeys (ConfUtils.java:logGet(46)) - raft.server.log.appender.install.snapshot.enabled = false (custom)
2025-03-20 02:10:05,617 [4ac7aa66-6ed2-4b11-9c1a-72acd958e2aa-groupManagement] INFO  server.RaftServerConfigKeys (ConfUtils.java:logGet(46)) - raft.server.threadpool.server.cached = true (default)
2025-03-20 02:10:05,617 [4ac7aa66-6ed2-4b11-9c1a-72acd958e2aa-groupManagement] INFO  server.RaftServerConfigKeys (ConfUtils.java:logGet(46)) - raft.server.threadpool.server.size = 0 (default)
2025-03-20 02:10:05,617 [4ac7aa66-6ed2-4b11-9c1a-72acd958e2aa-groupManagement] INFO  server.RaftServerConfigKeys (ConfUtils.java:logGet(46)) - raft.server.threadpool.client.cached = true (default)
2025-03-20 02:10:05,617 [4ac7aa66-6ed2-4b11-9c1a-72acd958e2aa-groupManagement] INFO  server.RaftServerConfigKeys (ConfUtils.java:logGet(46)) - raft.server.threadpool.client.size = 0 (default)
2025-03-20 02:10:05,617 [4ac7aa66-6ed2-4b11-9c1a-72acd958e2aa-groupManagement] INFO  server.RaftServerConfigKeys (ConfUtils.java:logGet(46)) - raft.server.storage.free-space.min = 0MB (=0) (default)
2025-03-20 02:10:05,617 [4ac7aa66-6ed2-4b11-9c1a-72acd958e2aa-groupManagement] INFO  server.RaftServerConfigKeys (ConfUtils.java:logGet(46)) - raft.server.log.corruption.policy = EXCEPTION (default)
2025-03-20 02:10:05,618 [4ac7aa66-6ed2-4b11-9c1a-72acd958e2aa-groupManagement] INFO  server.RaftServerConfigKeys (ConfUtils.java:logGet(46)) - raft.server.storage.dir = [/home/runner/work/ozone/ozone/hadoop-ozone/integration-test/target/test-dir/MiniOzoneClusterImpl-897eaf7f-b25b-4380-b284-a53405b32f13/ozone-meta/datanode-3/ratis] (custom)
2025-03-20 02:10:05,618 [4ac7aa66-6ed2-4b11-9c1a-72acd958e2aa-groupManagement] INFO  storage.RaftStorageDirectory (RaftStorageDirectoryImpl.java:analyzeStorage(138)) - The storage directory /home/runner/work/ozone/ozone/hadoop-ozone/integration-test/target/test-dir/MiniOzoneClusterImpl-897eaf7f-b25b-4380-b284-a53405b32f13/ozone-meta/datanode-3/ratis/ca700d20-ce55-4ad5-9f95-eca047730b05 does not exist. Creating ...
2025-03-20 02:10:05,621 [4ac7aa66-6ed2-4b11-9c1a-72acd958e2aa-groupManagement] INFO  storage.RaftStorageDirectory (RaftStorageDirectoryImpl.java:tryLock(229)) - Lock on /home/runner/work/ozone/ozone/hadoop-ozone/integration-test/target/test-dir/MiniOzoneClusterImpl-897eaf7f-b25b-4380-b284-a53405b32f13/ozone-meta/datanode-3/ratis/ca700d20-ce55-4ad5-9f95-eca047730b05/in_use.lock acquired by nodename 18099@fv-az789-190
2025-03-20 02:10:05,623 [4ac7aa66-6ed2-4b11-9c1a-72acd958e2aa-groupManagement] INFO  storage.RaftStorage (RaftStorageImpl.java:format(98)) - Storage directory /home/runner/work/ozone/ozone/hadoop-ozone/integration-test/target/test-dir/MiniOzoneClusterImpl-897eaf7f-b25b-4380-b284-a53405b32f13/ozone-meta/datanode-3/ratis/ca700d20-ce55-4ad5-9f95-eca047730b05 has been successfully formatted.
2025-03-20 02:10:05,624 [4ac7aa66-6ed2-4b11-9c1a-72acd958e2aa-groupManagement] INFO  ratis.ContainerStateMachine (ContainerStateMachine.java:initialize(340)) - 4ac7aa66-6ed2-4b11-9c1a-72acd958e2aa: initialize group-ECA047730B05
2025-03-20 02:10:05,624 [4ac7aa66-6ed2-4b11-9c1a-72acd958e2aa-groupManagement] INFO  ratis.ContainerStateMachine (ContainerStateMachine.java:loadSnapshot(348)) - group-ECA047730B05: The snapshot info is null. Setting the last applied index to:(t:0, i:~)
2025-03-20 02:10:05,624 [4ac7aa66-6ed2-4b11-9c1a-72acd958e2aa-groupManagement] INFO  server.RaftServerConfigKeys (ConfUtils.java:logGet(46)) - raft.server.log.use.memory = false (default)
2025-03-20 02:10:05,624 [4ac7aa66-6ed2-4b11-9c1a-72acd958e2aa-groupManagement] INFO  server.RaftServerConfigKeys (ConfUtils.java:logGet(46)) - raft.server.log.purge.gap = 1000000 (custom)
2025-03-20 02:10:05,624 [4ac7aa66-6ed2-4b11-9c1a-72acd958e2aa-groupManagement] INFO  server.RaftServerConfigKeys (ConfUtils.java:logGet(46)) - raft.server.log.appender.buffer.byte-limit = 33554432 (custom)
2025-03-20 02:10:05,624 [4ac7aa66-6ed2-4b11-9c1a-72acd958e2aa-groupManagement] INFO  server.RaftServerConfigKeys (ConfUtils.java:logGet(46)) - raft.server.log.statemachine.data.read.timeout = 1000ms (default)
2025-03-20 02:10:05,625 [4ac7aa66-6ed2-4b11-9c1a-72acd958e2aa-groupManagement] INFO  server.RaftServerConfigKeys (ConfUtils.java:logGet(46)) - raft.server.log.purge.preservation.log.num = 0 (default)
2025-03-20 02:10:05,630 [4ac7aa66-6ed2-4b11-9c1a-72acd958e2aa-groupManagement] INFO  server.RaftServerConfigKeys (ConfUtils.java:logGet(46)) - raft.server.log.segment.size.max = 67108864 (custom)
2025-03-20 02:10:05,630 [4ac7aa66-6ed2-4b11-9c1a-72acd958e2aa-groupManagement] INFO  server.RaftServerConfigKeys (ConfUtils.java:logGet(46)) - raft.server.log.segment.cache.num.max = 2 (custom)
2025-03-20 02:10:05,630 [4ac7aa66-6ed2-4b11-9c1a-72acd958e2aa-groupManagement] INFO  server.RaftServerConfigKeys (ConfUtils.java:logGet(46)) - raft.server.log.segment.cache.size.max = 200MB (=209715200) (default)
2025-03-20 02:10:05,630 [4ac7aa66-6ed2-4b11-9c1a-72acd958e2aa-groupManagement] INFO  server.RaftServerConfigKeys (ConfUtils.java:logGet(46)) - raft.server.log.appender.buffer.byte-limit = 33554432 (custom)
2025-03-20 02:10:05,630 [4ac7aa66-6ed2-4b11-9c1a-72acd958e2aa-groupManagement] INFO  util.AwaitToRun (AwaitToRun.java:start(81)) - Thread[#750,4ac7aa66-6ed2-4b11-9c1a-72acd958e2aa@group-ECA047730B05-cacheEviction-AwaitToRun,5,main] started
2025-03-20 02:10:05,630 [4ac7aa66-6ed2-4b11-9c1a-72acd958e2aa-groupManagement] INFO  segmented.SegmentedRaftLogWorker (SegmentedRaftLogWorker.java:<init>(188)) - new 4ac7aa66-6ed2-4b11-9c1a-72acd958e2aa@group-ECA047730B05-SegmentedRaftLogWorker for RaftStorageImpl:Storage Directory /home/runner/work/ozone/ozone/hadoop-ozone/integration-test/target/test-dir/MiniOzoneClusterImpl-897eaf7f-b25b-4380-b284-a53405b32f13/ozone-meta/datanode-3/ratis/ca700d20-ce55-4ad5-9f95-eca047730b05
2025-03-20 02:10:05,630 [4ac7aa66-6ed2-4b11-9c1a-72acd958e2aa-groupManagement] INFO  server.RaftServerConfigKeys (ConfUtils.java:logGet(46)) - raft.server.log.queue.byte-limit = 4294967296 (custom)
2025-03-20 02:10:05,630 [4ac7aa66-6ed2-4b11-9c1a-72acd958e2aa-groupManagement] INFO  server.RaftServerConfigKeys (ConfUtils.java:logGet(46)) - raft.server.log.queue.element-limit = 1024 (custom)
2025-03-20 02:10:05,630 [4ac7aa66-6ed2-4b11-9c1a-72acd958e2aa-groupManagement] INFO  server.RaftServerConfigKeys (ConfUtils.java:logGet(46)) - raft.server.log.segment.size.max = 67108864 (custom)
2025-03-20 02:10:05,631 [4ac7aa66-6ed2-4b11-9c1a-72acd958e2aa-groupManagement] INFO  server.RaftServerConfigKeys (ConfUtils.java:logGet(46)) - raft.server.log.preallocated.size = 4194304 (custom)
2025-03-20 02:10:05,631 [4ac7aa66-6ed2-4b11-9c1a-72acd958e2aa-groupManagement] INFO  server.RaftServerConfigKeys (ConfUtils.java:logGet(46)) - raft.server.log.force.sync.num = 128 (default)
2025-03-20 02:10:05,631 [4ac7aa66-6ed2-4b11-9c1a-72acd958e2aa-groupManagement] INFO  server.RaftServerConfigKeys (ConfUtils.java:logGet(46)) - raft.server.log.statemachine.data.sync = true (default)
2025-03-20 02:10:05,631 [4ac7aa66-6ed2-4b11-9c1a-72acd958e2aa-groupManagement] INFO  server.RaftServerConfigKeys (ConfUtils.java:logGet(46)) - raft.server.log.statemachine.data.sync.timeout = 10s (default)
2025-03-20 02:10:05,631 [4ac7aa66-6ed2-4b11-9c1a-72acd958e2aa-groupManagement] INFO  server.RaftServerConfigKeys (ConfUtils.java:logGet(46)) - raft.server.log.statemachine.data.sync.timeout.retry = 30 (custom)
2025-03-20 02:10:05,631 [4ac7aa66-6ed2-4b11-9c1a-72acd958e2aa-groupManagement] INFO  server.RaftServerConfigKeys (ConfUtils.java:logGet(46)) - raft.server.log.write.buffer.size = 33554440 (custom)
2025-03-20 02:10:05,636 [4ac7aa66-6ed2-4b11-9c1a-72acd958e2aa-groupManagement] INFO  server.RaftServerConfigKeys (ConfUtils.java:logGet(46)) - raft.server.log.appender.buffer.byte-limit = 33554432 (custom)
2025-03-20 02:10:05,636 [4ac7aa66-6ed2-4b11-9c1a-72acd958e2aa-groupManagement] INFO  server.RaftServerConfigKeys (ConfUtils.java:logGet(46)) - raft.server.log.unsafe-flush.enabled = false (default)
2025-03-20 02:10:05,636 [4ac7aa66-6ed2-4b11-9c1a-72acd958e2aa-groupManagement] INFO  server.RaftServerConfigKeys (ConfUtils.java:logGet(46)) - raft.server.log.async-flush.enabled = false (default)
2025-03-20 02:10:05,636 [4ac7aa66-6ed2-4b11-9c1a-72acd958e2aa-groupManagement] INFO  server.RaftServerConfigKeys (ConfUtils.java:logGet(46)) - raft.server.log.statemachine.data.caching.enabled = true (custom)
2025-03-20 02:10:05,637 [4ac7aa66-6ed2-4b11-9c1a-72acd958e2aa-groupManagement] INFO  segmented.SegmentedRaftLogWorker (SegmentedRaftLogWorker.java:lambda$new$0(139)) - 4ac7aa66-6ed2-4b11-9c1a-72acd958e2aa@group-ECA047730B05-SegmentedRaftLogWorker: flushIndex: setUnconditionally 0 -> -1
2025-03-20 02:10:05,637 [4ac7aa66-6ed2-4b11-9c1a-72acd958e2aa-groupManagement] INFO  segmented.SegmentedRaftLogWorker (SegmentedRaftLogWorker.java:lambda$new$0(139)) - 4ac7aa66-6ed2-4b11-9c1a-72acd958e2aa@group-ECA047730B05-SegmentedRaftLogWorker: safeCacheEvictIndex: setUnconditionally 0 -> -1
2025-03-20 02:10:05,637 [4ac7aa66-6ed2-4b11-9c1a-72acd958e2aa-groupManagement] INFO  server.RaftServer$Division (RaftServerImpl.java:start(391)) - 4ac7aa66-6ed2-4b11-9c1a-72acd958e2aa@group-ECA047730B05: start as a follower, conf=conf: {index: -1, cur=peers:[f196473e-7e55-4e65-a56a-ed3222e0db42|127.0.0.1:15025, 4ac7aa66-6ed2-4b11-9c1a-72acd958e2aa|127.0.0.1:15034, 4d0384fa-a0d7-4e6d-b08b-6a0afc890d42|127.0.0.1:15016]|listeners:[], old=null}
2025-03-20 02:10:05,637 [4ac7aa66-6ed2-4b11-9c1a-72acd958e2aa-groupManagement] INFO  server.RaftServer$Division (RaftServerImpl.java:setRole(378)) - 4ac7aa66-6ed2-4b11-9c1a-72acd958e2aa@group-ECA047730B05: changes role from      null to FOLLOWER at term 0 for startAsFollower
2025-03-20 02:10:05,637 [4ac7aa66-6ed2-4b11-9c1a-72acd958e2aa-groupManagement] INFO  impl.RoleInfo (RoleInfo.java:updateAndGet(148)) - 4ac7aa66-6ed2-4b11-9c1a-72acd958e2aa: start 4ac7aa66-6ed2-4b11-9c1a-72acd958e2aa@group-ECA047730B05-FollowerState
2025-03-20 02:10:05,638 [4ac7aa66-6ed2-4b11-9c1a-72acd958e2aa-groupManagement] INFO  util.JmxRegister (JmxRegister.java:tryRegister(44)) - Successfully registered JMX Bean with object name Ratis:service=RaftServer,group=group-ECA047730B05,id=4ac7aa66-6ed2-4b11-9c1a-72acd958e2aa
2025-03-20 02:10:05,638 [4ac7aa66-6ed2-4b11-9c1a-72acd958e2aa-groupManagement] INFO  util.JmxRegister (JmxRegister.java:register(58)) - register mxBean class org.apache.ratis.server.impl.RaftServerJmxAdapter as Ratis:service=RaftServer,group=group-ECA047730B05,id=4ac7aa66-6ed2-4b11-9c1a-72acd958e2aa
2025-03-20 02:10:05,638 [4ac7aa66-6ed2-4b11-9c1a-72acd958e2aa-groupManagement] INFO  server.RaftServerConfigKeys (ConfUtils.java:logGet(46)) - raft.server.snapshot.trigger-when-stop.enabled = true (default)
2025-03-20 02:10:05,638 [4ac7aa66-6ed2-4b11-9c1a-72acd958e2aa-groupManagement] INFO  server.RaftServerConfigKeys (ConfUtils.java:logGet(46)) - raft.server.snapshot.trigger-when-remove.enabled = true (default)
2025-03-20 02:10:05,638 [4ac7aa66-6ed2-4b11-9c1a-72acd958e2aa-groupManagement] INFO  server.RaftServerConfigKeys (ConfUtils.java:logGet(46)) - raft.server.snapshot.auto.trigger.enabled = true (custom)
2025-03-20 02:10:05,638 [4ac7aa66-6ed2-4b11-9c1a-72acd958e2aa-groupManagement] INFO  server.RaftServerConfigKeys (ConfUtils.java:logGet(46)) - raft.server.snapshot.auto.trigger.threshold = 100000 (custom)
2025-03-20 02:10:05,638 [4ac7aa66-6ed2-4b11-9c1a-72acd958e2aa-groupManagement] INFO  server.RaftServerConfigKeys (ConfUtils.java:logGet(46)) - raft.server.snapshot.retention.file.num = 5 (custom)
2025-03-20 02:10:05,638 [4ac7aa66-6ed2-4b11-9c1a-72acd958e2aa-groupManagement] INFO  server.RaftServerConfigKeys (ConfUtils.java:logGet(46)) - raft.server.log.purge.upto.snapshot.index = false (default)
2025-03-20 02:10:05,638 [4ac7aa66-6ed2-4b11-9c1a-72acd958e2aa@group-ECA047730B05-FollowerState] INFO  server.RaftServerConfigKeys (ConfUtils.java:logFallback(53)) - raft.server.rpc.first-election.timeout.min = 5s (fallback to raft.server.rpc.timeout.min)
2025-03-20 02:10:05,638 [4ac7aa66-6ed2-4b11-9c1a-72acd958e2aa@group-ECA047730B05-FollowerState] INFO  server.RaftServerConfigKeys (ConfUtils.java:logFallback(53)) - raft.server.rpc.first-election.timeout.max = 5200ms (fallback to raft.server.rpc.timeout.max)
2025-03-20 02:10:05,639 [4ac7aa66-6ed2-4b11-9c1a-72acd958e2aa-groupManagement] INFO  server.RaftServer$Division (RaftServerImpl.java:start(405)) - 4ac7aa66-6ed2-4b11-9c1a-72acd958e2aa@group-ECA047730B05: Successfully started.
2025-03-20 02:10:05,651 [4d0384fa-a0d7-4e6d-b08b-6a0afc890d42-PipelineCommandHandlerThread-0] INFO  commandhandler.CreatePipelineCommandHandler (CreatePipelineCommandHandler.java:lambda$handle$2(128)) - Created Pipeline RATIS THREE PipelineID=ca700d20-ce55-4ad5-9f95-eca047730b05.
2025-03-20 02:10:05,652 [4d0384fa-a0d7-4e6d-b08b-6a0afc890d42-PipelineCommandHandlerThread-0] INFO  server.RaftServer (RaftServerProxy.java:addNew(100)) - 4d0384fa-a0d7-4e6d-b08b-6a0afc890d42: addNew group-E793DF1E5B5C:[f196473e-7e55-4e65-a56a-ed3222e0db42|127.0.0.1:15025, 4ac7aa66-6ed2-4b11-9c1a-72acd958e2aa|127.0.0.1:15034, 4d0384fa-a0d7-4e6d-b08b-6a0afc890d42|127.0.0.1:15016] returns group-E793DF1E5B5C:java.util.concurrent.CompletableFuture@1788314[Not completed]
2025-03-20 02:10:05,654 [4d0384fa-a0d7-4e6d-b08b-6a0afc890d42-groupManagement] INFO  server.RaftServer$Division (RaftServerImpl.java:<init>(255)) - 4d0384fa-a0d7-4e6d-b08b-6a0afc890d42: new RaftServerImpl for group-E793DF1E5B5C:[f196473e-7e55-4e65-a56a-ed3222e0db42|127.0.0.1:15025, 4ac7aa66-6ed2-4b11-9c1a-72acd958e2aa|127.0.0.1:15034, 4d0384fa-a0d7-4e6d-b08b-6a0afc890d42|127.0.0.1:15016] with ContainerStateMachine:uninitialized
2025-03-20 02:10:05,654 [4d0384fa-a0d7-4e6d-b08b-6a0afc890d42-groupManagement] INFO  server.RaftServerConfigKeys (ConfUtils.java:logGet(46)) - raft.server.rpc.timeout.min = 5s (custom)
2025-03-20 02:10:05,655 [4d0384fa-a0d7-4e6d-b08b-6a0afc890d42-groupManagement] INFO  server.RaftServerConfigKeys (ConfUtils.java:logGet(46)) - raft.server.rpc.timeout.max = 5200ms (custom)
2025-03-20 02:10:05,655 [4d0384fa-a0d7-4e6d-b08b-6a0afc890d42-groupManagement] INFO  server.RaftServerConfigKeys (ConfUtils.java:logGet(46)) - raft.server.rpc.sleep.time = 25ms (default)
2025-03-20 02:10:05,655 [4d0384fa-a0d7-4e6d-b08b-6a0afc890d42-groupManagement] INFO  server.RaftServerConfigKeys (ConfUtils.java:logGet(46)) - raft.server.rpc.slowness.timeout = 300s (custom)
2025-03-20 02:10:05,655 [4d0384fa-a0d7-4e6d-b08b-6a0afc890d42-groupManagement] INFO  server.RaftServerConfigKeys (ConfUtils.java:logGet(46)) - raft.server.leaderelection.leader.step-down.wait-time = 10s (default)
2025-03-20 02:10:05,655 [4d0384fa-a0d7-4e6d-b08b-6a0afc890d42-groupManagement] INFO  server.RaftServerConfigKeys (ConfUtils.java:logGet(46)) - raft.server.leaderelection.member.majority-add = false (default)
2025-03-20 02:10:05,655 [4d0384fa-a0d7-4e6d-b08b-6a0afc890d42-groupManagement] INFO  server.RaftServerConfigKeys (ConfUtils.java:logGet(46)) - raft.server.sleep.deviation.threshold = 300ms (default)
2025-03-20 02:10:05,656 [4d0384fa-a0d7-4e6d-b08b-6a0afc890d42-groupManagement] INFO  server.RaftServer$Division (ServerState.java:<init>(114)) - 4d0384fa-a0d7-4e6d-b08b-6a0afc890d42@group-E793DF1E5B5C: ConfigurationManager, init=conf: {index: -1, cur=peers:[f196473e-7e55-4e65-a56a-ed3222e0db42|127.0.0.1:15025, 4ac7aa66-6ed2-4b11-9c1a-72acd958e2aa|127.0.0.1:15034, 4d0384fa-a0d7-4e6d-b08b-6a0afc890d42|127.0.0.1:15016]|listeners:[], old=null}, confs=<EMPTY_MAP>
2025-03-20 02:10:05,656 [4d0384fa-a0d7-4e6d-b08b-6a0afc890d42-groupManagement] INFO  server.RaftServerConfigKeys (ConfUtils.java:logGet(46)) - raft.server.notification.no-leader.timeout = 300s (custom)
2025-03-20 02:10:05,656 [4d0384fa-a0d7-4e6d-b08b-6a0afc890d42-groupManagement] INFO  server.RaftServerConfigKeys (ConfUtils.java:logGet(46)) - raft.server.read.timeout = 10s (default)
2025-03-20 02:10:05,656 [4d0384fa-a0d7-4e6d-b08b-6a0afc890d42-groupManagement] INFO  server.RaftServerConfigKeys (ConfUtils.java:logGet(46)) - raft.server.retrycache.expirytime = 600000ms (custom)
2025-03-20 02:10:05,657 [4d0384fa-a0d7-4e6d-b08b-6a0afc890d42-groupManagement] INFO  server.RaftServerConfigKeys (ConfUtils.java:logGet(46)) - raft.server.retrycache.statistics.expirytime = 100ms (default)
2025-03-20 02:10:05,657 [4d0384fa-a0d7-4e6d-b08b-6a0afc890d42-groupManagement] INFO  server.RaftServerConfigKeys (ConfUtils.java:logGet(46)) - raft.server.read.option = DEFAULT (default)
2025-03-20 02:10:05,657 [4d0384fa-a0d7-4e6d-b08b-6a0afc890d42-groupManagement] INFO  server.RaftServerConfigKeys (ConfUtils.java:logGet(46)) - raft.server.read.read-after-write-consistent.write-index-cache.expiry-time = 60s (default)
2025-03-20 02:10:05,664 [4d0384fa-a0d7-4e6d-b08b-6a0afc890d42-groupManagement] INFO  server.RaftServerConfigKeys (ConfUtils.java:logGet(46)) - raft.server.rpc.request.timeout = 60s (custom)
2025-03-20 02:10:05,664 [4d0384fa-a0d7-4e6d-b08b-6a0afc890d42-groupManagement] INFO  server.RaftServerConfigKeys (ConfUtils.java:logGet(46)) - raft.server.log.appender.install.snapshot.enabled = false (custom)
2025-03-20 02:10:05,664 [4d0384fa-a0d7-4e6d-b08b-6a0afc890d42-groupManagement] INFO  server.RaftServerConfigKeys (ConfUtils.java:logGet(46)) - raft.server.threadpool.server.cached = true (default)
2025-03-20 02:10:05,664 [4d0384fa-a0d7-4e6d-b08b-6a0afc890d42-groupManagement] INFO  server.RaftServerConfigKeys (ConfUtils.java:logGet(46)) - raft.server.threadpool.server.size = 0 (default)
2025-03-20 02:10:05,664 [4d0384fa-a0d7-4e6d-b08b-6a0afc890d42-groupManagement] INFO  server.RaftServerConfigKeys (ConfUtils.java:logGet(46)) - raft.server.threadpool.client.cached = true (default)
2025-03-20 02:10:05,664 [4d0384fa-a0d7-4e6d-b08b-6a0afc890d42-groupManagement] INFO  server.RaftServerConfigKeys (ConfUtils.java:logGet(46)) - raft.server.threadpool.client.size = 0 (default)
2025-03-20 02:10:05,664 [4d0384fa-a0d7-4e6d-b08b-6a0afc890d42-groupManagement] INFO  server.RaftServerConfigKeys (ConfUtils.java:logGet(46)) - raft.server.storage.free-space.min = 0MB (=0) (default)
2025-03-20 02:10:05,664 [4d0384fa-a0d7-4e6d-b08b-6a0afc890d42-groupManagement] INFO  server.RaftServerConfigKeys (ConfUtils.java:logGet(46)) - raft.server.log.corruption.policy = EXCEPTION (default)
2025-03-20 02:10:05,664 [4d0384fa-a0d7-4e6d-b08b-6a0afc890d42-groupManagement] INFO  server.RaftServerConfigKeys (ConfUtils.java:logGet(46)) - raft.server.storage.dir = [/home/runner/work/ozone/ozone/hadoop-ozone/integration-test/target/test-dir/MiniOzoneClusterImpl-897eaf7f-b25b-4380-b284-a53405b32f13/ozone-meta/datanode-1/ratis] (custom)
2025-03-20 02:10:05,664 [4d0384fa-a0d7-4e6d-b08b-6a0afc890d42-groupManagement] INFO  storage.RaftStorageDirectory (RaftStorageDirectoryImpl.java:analyzeStorage(138)) - The storage directory /home/runner/work/ozone/ozone/hadoop-ozone/integration-test/target/test-dir/MiniOzoneClusterImpl-897eaf7f-b25b-4380-b284-a53405b32f13/ozone-meta/datanode-1/ratis/86a6705c-c260-48d4-82f8-e793df1e5b5c does not exist. Creating ...
2025-03-20 02:10:05,667 [4d0384fa-a0d7-4e6d-b08b-6a0afc890d42-groupManagement] INFO  storage.RaftStorageDirectory (RaftStorageDirectoryImpl.java:tryLock(229)) - Lock on /home/runner/work/ozone/ozone/hadoop-ozone/integration-test/target/test-dir/MiniOzoneClusterImpl-897eaf7f-b25b-4380-b284-a53405b32f13/ozone-meta/datanode-1/ratis/86a6705c-c260-48d4-82f8-e793df1e5b5c/in_use.lock acquired by nodename 18099@fv-az789-190
2025-03-20 02:10:05,670 [4d0384fa-a0d7-4e6d-b08b-6a0afc890d42-groupManagement] INFO  storage.RaftStorage (RaftStorageImpl.java:format(98)) - Storage directory /home/runner/work/ozone/ozone/hadoop-ozone/integration-test/target/test-dir/MiniOzoneClusterImpl-897eaf7f-b25b-4380-b284-a53405b32f13/ozone-meta/datanode-1/ratis/86a6705c-c260-48d4-82f8-e793df1e5b5c has been successfully formatted.
2025-03-20 02:10:05,670 [4d0384fa-a0d7-4e6d-b08b-6a0afc890d42-groupManagement] INFO  ratis.ContainerStateMachine (ContainerStateMachine.java:initialize(340)) - 4d0384fa-a0d7-4e6d-b08b-6a0afc890d42: initialize group-E793DF1E5B5C
2025-03-20 02:10:05,670 [4d0384fa-a0d7-4e6d-b08b-6a0afc890d42-groupManagement] INFO  ratis.ContainerStateMachine (ContainerStateMachine.java:loadSnapshot(348)) - group-E793DF1E5B5C: The snapshot info is null. Setting the last applied index to:(t:0, i:~)
2025-03-20 02:10:05,670 [4d0384fa-a0d7-4e6d-b08b-6a0afc890d42-groupManagement] INFO  server.RaftServerConfigKeys (ConfUtils.java:logGet(46)) - raft.server.log.use.memory = false (default)
2025-03-20 02:10:05,671 [4d0384fa-a0d7-4e6d-b08b-6a0afc890d42-groupManagement] INFO  server.RaftServerConfigKeys (ConfUtils.java:logGet(46)) - raft.server.log.purge.gap = 1000000 (custom)
2025-03-20 02:10:05,671 [4d0384fa-a0d7-4e6d-b08b-6a0afc890d42-groupManagement] INFO  server.RaftServerConfigKeys (ConfUtils.java:logGet(46)) - raft.server.log.appender.buffer.byte-limit = 33554432 (custom)
2025-03-20 02:10:05,671 [4d0384fa-a0d7-4e6d-b08b-6a0afc890d42-groupManagement] INFO  server.RaftServerConfigKeys (ConfUtils.java:logGet(46)) - raft.server.log.statemachine.data.read.timeout = 1000ms (default)
2025-03-20 02:10:05,671 [4d0384fa-a0d7-4e6d-b08b-6a0afc890d42-groupManagement] INFO  server.RaftServerConfigKeys (ConfUtils.java:logGet(46)) - raft.server.log.purge.preservation.log.num = 0 (default)
2025-03-20 02:10:05,675 [4d0384fa-a0d7-4e6d-b08b-6a0afc890d42-groupManagement] INFO  server.RaftServerConfigKeys (ConfUtils.java:logGet(46)) - raft.server.log.segment.size.max = 67108864 (custom)
2025-03-20 02:10:05,675 [EventQueue-OpenPipelineForHealthyPipelineSafeModeRule] INFO  safemode.SCMSafeModeManager (HealthyPipelineSafeModeRule.java:process(141)) - SCM in safe mode. Healthy pipelines reported count is 0, required healthy pipeline reported count is 1
2025-03-20 02:10:05,677 [4d0384fa-a0d7-4e6d-b08b-6a0afc890d42-groupManagement] INFO  server.RaftServerConfigKeys (ConfUtils.java:logGet(46)) - raft.server.log.segment.cache.num.max = 2 (custom)
2025-03-20 02:10:05,677 [4d0384fa-a0d7-4e6d-b08b-6a0afc890d42-groupManagement] INFO  server.RaftServerConfigKeys (ConfUtils.java:logGet(46)) - raft.server.log.segment.cache.size.max = 200MB (=209715200) (default)
2025-03-20 02:10:05,677 [4d0384fa-a0d7-4e6d-b08b-6a0afc890d42-groupManagement] INFO  server.RaftServerConfigKeys (ConfUtils.java:logGet(46)) - raft.server.log.appender.buffer.byte-limit = 33554432 (custom)
2025-03-20 02:10:05,680 [4d0384fa-a0d7-4e6d-b08b-6a0afc890d42-groupManagement] INFO  util.AwaitToRun (AwaitToRun.java:start(81)) - Thread[#760,4d0384fa-a0d7-4e6d-b08b-6a0afc890d42@group-E793DF1E5B5C-cacheEviction-AwaitToRun,5,main] started
2025-03-20 02:10:05,680 [4d0384fa-a0d7-4e6d-b08b-6a0afc890d42-groupManagement] INFO  segmented.SegmentedRaftLogWorker (SegmentedRaftLogWorker.java:<init>(188)) - new 4d0384fa-a0d7-4e6d-b08b-6a0afc890d42@group-E793DF1E5B5C-SegmentedRaftLogWorker for RaftStorageImpl:Storage Directory /home/runner/work/ozone/ozone/hadoop-ozone/integration-test/target/test-dir/MiniOzoneClusterImpl-897eaf7f-b25b-4380-b284-a53405b32f13/ozone-meta/datanode-1/ratis/86a6705c-c260-48d4-82f8-e793df1e5b5c
2025-03-20 02:10:05,680 [4d0384fa-a0d7-4e6d-b08b-6a0afc890d42-groupManagement] INFO  server.RaftServerConfigKeys (ConfUtils.java:logGet(46)) - raft.server.log.queue.byte-limit = 4294967296 (custom)
2025-03-20 02:10:05,680 [4d0384fa-a0d7-4e6d-b08b-6a0afc890d42-groupManagement] INFO  server.RaftServerConfigKeys (ConfUtils.java:logGet(46)) - raft.server.log.queue.element-limit = 1024 (custom)
2025-03-20 02:10:05,680 [4d0384fa-a0d7-4e6d-b08b-6a0afc890d42-groupManagement] INFO  server.RaftServerConfigKeys (ConfUtils.java:logGet(46)) - raft.server.log.segment.size.max = 67108864 (custom)
2025-03-20 02:10:05,680 [4d0384fa-a0d7-4e6d-b08b-6a0afc890d42-groupManagement] INFO  server.RaftServerConfigKeys (ConfUtils.java:logGet(46)) - raft.server.log.preallocated.size = 4194304 (custom)
2025-03-20 02:10:05,680 [4d0384fa-a0d7-4e6d-b08b-6a0afc890d42-groupManagement] INFO  server.RaftServerConfigKeys (ConfUtils.java:logGet(46)) - raft.server.log.force.sync.num = 128 (default)
2025-03-20 02:10:05,681 [4d0384fa-a0d7-4e6d-b08b-6a0afc890d42-groupManagement] INFO  server.RaftServerConfigKeys (ConfUtils.java:logGet(46)) - raft.server.log.statemachine.data.sync = true (default)
2025-03-20 02:10:05,681 [4d0384fa-a0d7-4e6d-b08b-6a0afc890d42-groupManagement] INFO  server.RaftServerConfigKeys (ConfUtils.java:logGet(46)) - raft.server.log.statemachine.data.sync.timeout = 10s (default)
2025-03-20 02:10:05,681 [4d0384fa-a0d7-4e6d-b08b-6a0afc890d42-groupManagement] INFO  server.RaftServerConfigKeys (ConfUtils.java:logGet(46)) - raft.server.log.statemachine.data.sync.timeout.retry = 30 (custom)
2025-03-20 02:10:05,681 [4d0384fa-a0d7-4e6d-b08b-6a0afc890d42-groupManagement] INFO  server.RaftServerConfigKeys (ConfUtils.java:logGet(46)) - raft.server.log.write.buffer.size = 33554440 (custom)
2025-03-20 02:10:05,688 [4d0384fa-a0d7-4e6d-b08b-6a0afc890d42-groupManagement] INFO  server.RaftServerConfigKeys (ConfUtils.java:logGet(46)) - raft.server.log.appender.buffer.byte-limit = 33554432 (custom)
2025-03-20 02:10:05,689 [4d0384fa-a0d7-4e6d-b08b-6a0afc890d42-groupManagement] INFO  server.RaftServerConfigKeys (ConfUtils.java:logGet(46)) - raft.server.log.unsafe-flush.enabled = false (default)
2025-03-20 02:10:05,689 [4d0384fa-a0d7-4e6d-b08b-6a0afc890d42-groupManagement] INFO  server.RaftServerConfigKeys (ConfUtils.java:logGet(46)) - raft.server.log.async-flush.enabled = false (default)
2025-03-20 02:10:05,689 [4d0384fa-a0d7-4e6d-b08b-6a0afc890d42-groupManagement] INFO  server.RaftServerConfigKeys (ConfUtils.java:logGet(46)) - raft.server.log.statemachine.data.caching.enabled = true (custom)
2025-03-20 02:10:05,689 [4d0384fa-a0d7-4e6d-b08b-6a0afc890d42-groupManagement] INFO  segmented.SegmentedRaftLogWorker (SegmentedRaftLogWorker.java:lambda$new$0(139)) - 4d0384fa-a0d7-4e6d-b08b-6a0afc890d42@group-E793DF1E5B5C-SegmentedRaftLogWorker: flushIndex: setUnconditionally 0 -> -1
2025-03-20 02:10:05,689 [4d0384fa-a0d7-4e6d-b08b-6a0afc890d42-groupManagement] INFO  segmented.SegmentedRaftLogWorker (SegmentedRaftLogWorker.java:lambda$new$0(139)) - 4d0384fa-a0d7-4e6d-b08b-6a0afc890d42@group-E793DF1E5B5C-SegmentedRaftLogWorker: safeCacheEvictIndex: setUnconditionally 0 -> -1
2025-03-20 02:10:05,690 [4d0384fa-a0d7-4e6d-b08b-6a0afc890d42-groupManagement] INFO  server.RaftServer$Division (RaftServerImpl.java:start(391)) - 4d0384fa-a0d7-4e6d-b08b-6a0afc890d42@group-E793DF1E5B5C: start as a follower, conf=conf: {index: -1, cur=peers:[f196473e-7e55-4e65-a56a-ed3222e0db42|127.0.0.1:15025, 4ac7aa66-6ed2-4b11-9c1a-72acd958e2aa|127.0.0.1:15034, 4d0384fa-a0d7-4e6d-b08b-6a0afc890d42|127.0.0.1:15016]|listeners:[], old=null}
2025-03-20 02:10:05,690 [4d0384fa-a0d7-4e6d-b08b-6a0afc890d42-groupManagement] INFO  server.RaftServer$Division (RaftServerImpl.java:setRole(378)) - 4d0384fa-a0d7-4e6d-b08b-6a0afc890d42@group-E793DF1E5B5C: changes role from      null to FOLLOWER at term 0 for startAsFollower
2025-03-20 02:10:05,690 [f196473e-7e55-4e65-a56a-ed3222e0db42-PipelineCommandHandlerThread-0] INFO  commandhandler.CreatePipelineCommandHandler (CreatePipelineCommandHandler.java:lambda$handle$2(128)) - Created Pipeline RATIS THREE PipelineID=ca700d20-ce55-4ad5-9f95-eca047730b05.
2025-03-20 02:10:05,691 [4d0384fa-a0d7-4e6d-b08b-6a0afc890d42-groupManagement] INFO  impl.RoleInfo (RoleInfo.java:updateAndGet(148)) - 4d0384fa-a0d7-4e6d-b08b-6a0afc890d42: start 4d0384fa-a0d7-4e6d-b08b-6a0afc890d42@group-E793DF1E5B5C-FollowerState
2025-03-20 02:10:05,691 [f196473e-7e55-4e65-a56a-ed3222e0db42-PipelineCommandHandlerThread-0] INFO  server.RaftServer (RaftServerProxy.java:addNew(100)) - f196473e-7e55-4e65-a56a-ed3222e0db42: addNew group-E793DF1E5B5C:[f196473e-7e55-4e65-a56a-ed3222e0db42|127.0.0.1:15025, 4ac7aa66-6ed2-4b11-9c1a-72acd958e2aa|127.0.0.1:15034, 4d0384fa-a0d7-4e6d-b08b-6a0afc890d42|127.0.0.1:15016] returns group-E793DF1E5B5C:java.util.concurrent.CompletableFuture@6301a13f[Not completed]
2025-03-20 02:10:05,694 [f196473e-7e55-4e65-a56a-ed3222e0db42-groupManagement] INFO  server.RaftServer$Division (RaftServerImpl.java:<init>(255)) - f196473e-7e55-4e65-a56a-ed3222e0db42: new RaftServerImpl for group-E793DF1E5B5C:[f196473e-7e55-4e65-a56a-ed3222e0db42|127.0.0.1:15025, 4ac7aa66-6ed2-4b11-9c1a-72acd958e2aa|127.0.0.1:15034, 4d0384fa-a0d7-4e6d-b08b-6a0afc890d42|127.0.0.1:15016] with ContainerStateMachine:uninitialized
2025-03-20 02:10:05,694 [f196473e-7e55-4e65-a56a-ed3222e0db42-groupManagement] INFO  server.RaftServerConfigKeys (ConfUtils.java:logGet(46)) - raft.server.rpc.timeout.min = 5s (custom)
2025-03-20 02:10:05,694 [4d0384fa-a0d7-4e6d-b08b-6a0afc890d42-groupManagement] INFO  util.JmxRegister (JmxRegister.java:tryRegister(44)) - Successfully registered JMX Bean with object name Ratis:service=RaftServer,group=group-E793DF1E5B5C,id=4d0384fa-a0d7-4e6d-b08b-6a0afc890d42
2025-03-20 02:10:05,694 [4d0384fa-a0d7-4e6d-b08b-6a0afc890d42-groupManagement] INFO  util.JmxRegister (JmxRegister.java:register(58)) - register mxBean class org.apache.ratis.server.impl.RaftServerJmxAdapter as Ratis:service=RaftServer,group=group-E793DF1E5B5C,id=4d0384fa-a0d7-4e6d-b08b-6a0afc890d42
2025-03-20 02:10:05,694 [4d0384fa-a0d7-4e6d-b08b-6a0afc890d42-groupManagement] INFO  server.RaftServerConfigKeys (ConfUtils.java:logGet(46)) - raft.server.snapshot.trigger-when-stop.enabled = true (default)
2025-03-20 02:10:05,694 [4d0384fa-a0d7-4e6d-b08b-6a0afc890d42-groupManagement] INFO  server.RaftServerConfigKeys (ConfUtils.java:logGet(46)) - raft.server.snapshot.trigger-when-remove.enabled = true (default)
2025-03-20 02:10:05,694 [4d0384fa-a0d7-4e6d-b08b-6a0afc890d42-groupManagement] INFO  server.RaftServerConfigKeys (ConfUtils.java:logGet(46)) - raft.server.snapshot.auto.trigger.enabled = true (custom)
2025-03-20 02:10:05,694 [4d0384fa-a0d7-4e6d-b08b-6a0afc890d42-groupManagement] INFO  server.RaftServerConfigKeys (ConfUtils.java:logGet(46)) - raft.server.snapshot.auto.trigger.threshold = 100000 (custom)
2025-03-20 02:10:05,694 [4d0384fa-a0d7-4e6d-b08b-6a0afc890d42-groupManagement] INFO  server.RaftServerConfigKeys (ConfUtils.java:logGet(46)) - raft.server.snapshot.retention.file.num = 5 (custom)
2025-03-20 02:10:05,694 [4d0384fa-a0d7-4e6d-b08b-6a0afc890d42-groupManagement] INFO  server.RaftServerConfigKeys (ConfUtils.java:logGet(46)) - raft.server.log.purge.upto.snapshot.index = false (default)
2025-03-20 02:10:05,695 [f196473e-7e55-4e65-a56a-ed3222e0db42-groupManagement] INFO  server.RaftServerConfigKeys (ConfUtils.java:logGet(46)) - raft.server.rpc.timeout.max = 5200ms (custom)
2025-03-20 02:10:05,695 [f196473e-7e55-4e65-a56a-ed3222e0db42-groupManagement] INFO  server.RaftServerConfigKeys (ConfUtils.java:logGet(46)) - raft.server.rpc.sleep.time = 25ms (default)
2025-03-20 02:10:05,695 [f196473e-7e55-4e65-a56a-ed3222e0db42-groupManagement] INFO  server.RaftServerConfigKeys (ConfUtils.java:logGet(46)) - raft.server.rpc.slowness.timeout = 300s (custom)
2025-03-20 02:10:05,695 [f196473e-7e55-4e65-a56a-ed3222e0db42-groupManagement] INFO  server.RaftServerConfigKeys (ConfUtils.java:logGet(46)) - raft.server.leaderelection.leader.step-down.wait-time = 10s (default)
2025-03-20 02:10:05,695 [f196473e-7e55-4e65-a56a-ed3222e0db42-groupManagement] INFO  server.RaftServerConfigKeys (ConfUtils.java:logGet(46)) - raft.server.leaderelection.member.majority-add = false (default)
2025-03-20 02:10:05,695 [f196473e-7e55-4e65-a56a-ed3222e0db42-groupManagement] INFO  server.RaftServerConfigKeys (ConfUtils.java:logGet(46)) - raft.server.sleep.deviation.threshold = 300ms (default)
2025-03-20 02:10:05,695 [f196473e-7e55-4e65-a56a-ed3222e0db42-groupManagement] INFO  server.RaftServer$Division (ServerState.java:<init>(114)) - f196473e-7e55-4e65-a56a-ed3222e0db42@group-E793DF1E5B5C: ConfigurationManager, init=conf: {index: -1, cur=peers:[f196473e-7e55-4e65-a56a-ed3222e0db42|127.0.0.1:15025, 4ac7aa66-6ed2-4b11-9c1a-72acd958e2aa|127.0.0.1:15034, 4d0384fa-a0d7-4e6d-b08b-6a0afc890d42|127.0.0.1:15016]|listeners:[], old=null}, confs=<EMPTY_MAP>
2025-03-20 02:10:05,695 [f196473e-7e55-4e65-a56a-ed3222e0db42-groupManagement] INFO  server.RaftServerConfigKeys (ConfUtils.java:logGet(46)) - raft.server.notification.no-leader.timeout = 300s (custom)
2025-03-20 02:10:05,695 [f196473e-7e55-4e65-a56a-ed3222e0db42-groupManagement] INFO  server.RaftServerConfigKeys (ConfUtils.java:logGet(46)) - raft.server.read.timeout = 10s (default)
2025-03-20 02:10:05,695 [f196473e-7e55-4e65-a56a-ed3222e0db42-groupManagement] INFO  server.RaftServerConfigKeys (ConfUtils.java:logGet(46)) - raft.server.retrycache.expirytime = 600000ms (custom)
2025-03-20 02:10:05,695 [f196473e-7e55-4e65-a56a-ed3222e0db42-groupManagement] INFO  server.RaftServerConfigKeys (ConfUtils.java:logGet(46)) - raft.server.retrycache.statistics.expirytime = 100ms (default)
2025-03-20 02:10:05,695 [f196473e-7e55-4e65-a56a-ed3222e0db42-groupManagement] INFO  server.RaftServerConfigKeys (ConfUtils.java:logGet(46)) - raft.server.read.option = DEFAULT (default)
2025-03-20 02:10:05,695 [f196473e-7e55-4e65-a56a-ed3222e0db42-groupManagement] INFO  server.RaftServerConfigKeys (ConfUtils.java:logGet(46)) - raft.server.read.read-after-write-consistent.write-index-cache.expiry-time = 60s (default)
2025-03-20 02:10:05,694 [4d0384fa-a0d7-4e6d-b08b-6a0afc890d42@group-E793DF1E5B5C-FollowerState] INFO  server.RaftServerConfigKeys (ConfUtils.java:logFallback(53)) - raft.server.rpc.first-election.timeout.min = 5s (fallback to raft.server.rpc.timeout.min)
2025-03-20 02:10:05,696 [4d0384fa-a0d7-4e6d-b08b-6a0afc890d42@group-E793DF1E5B5C-FollowerState] INFO  server.RaftServerConfigKeys (ConfUtils.java:logFallback(53)) - raft.server.rpc.first-election.timeout.max = 5200ms (fallback to raft.server.rpc.timeout.max)
2025-03-20 02:10:05,697 [4d0384fa-a0d7-4e6d-b08b-6a0afc890d42-groupManagement] INFO  server.RaftServer$Division (RaftServerImpl.java:start(405)) - 4d0384fa-a0d7-4e6d-b08b-6a0afc890d42@group-E793DF1E5B5C: Successfully started.
2025-03-20 02:10:05,697 [4d0384fa-a0d7-4e6d-b08b-6a0afc890d42-PipelineCommandHandlerThread-0] INFO  ratis.XceiverServerRatis (XceiverServerRatis.java:addGroup(841)) - Created group PipelineID=86a6705c-c260-48d4-82f8-e793df1e5b5c
2025-03-20 02:10:05,702 [f196473e-7e55-4e65-a56a-ed3222e0db42-groupManagement] INFO  server.RaftServerConfigKeys (ConfUtils.java:logGet(46)) - raft.server.rpc.request.timeout = 60s (custom)
2025-03-20 02:10:05,702 [f196473e-7e55-4e65-a56a-ed3222e0db42-groupManagement] INFO  server.RaftServerConfigKeys (ConfUtils.java:logGet(46)) - raft.server.log.appender.install.snapshot.enabled = false (custom)
2025-03-20 02:10:05,702 [f196473e-7e55-4e65-a56a-ed3222e0db42-groupManagement] INFO  server.RaftServerConfigKeys (ConfUtils.java:logGet(46)) - raft.server.threadpool.server.cached = true (default)
2025-03-20 02:10:05,703 [f196473e-7e55-4e65-a56a-ed3222e0db42-groupManagement] INFO  server.RaftServerConfigKeys (ConfUtils.java:logGet(46)) - raft.server.threadpool.server.size = 0 (default)
2025-03-20 02:10:05,703 [f196473e-7e55-4e65-a56a-ed3222e0db42-groupManagement] INFO  server.RaftServerConfigKeys (ConfUtils.java:logGet(46)) - raft.server.threadpool.client.cached = true (default)
2025-03-20 02:10:05,703 [f196473e-7e55-4e65-a56a-ed3222e0db42-groupManagement] INFO  server.RaftServerConfigKeys (ConfUtils.java:logGet(46)) - raft.server.threadpool.client.size = 0 (default)
2025-03-20 02:10:05,703 [f196473e-7e55-4e65-a56a-ed3222e0db42-groupManagement] INFO  server.RaftServerConfigKeys (ConfUtils.java:logGet(46)) - raft.server.storage.free-space.min = 0MB (=0) (default)
2025-03-20 02:10:05,704 [f196473e-7e55-4e65-a56a-ed3222e0db42-groupManagement] INFO  server.RaftServerConfigKeys (ConfUtils.java:logGet(46)) - raft.server.log.corruption.policy = EXCEPTION (default)
2025-03-20 02:10:05,704 [f196473e-7e55-4e65-a56a-ed3222e0db42-groupManagement] INFO  server.RaftServerConfigKeys (ConfUtils.java:logGet(46)) - raft.server.storage.dir = [/home/runner/work/ozone/ozone/hadoop-ozone/integration-test/target/test-dir/MiniOzoneClusterImpl-897eaf7f-b25b-4380-b284-a53405b32f13/ozone-meta/datanode-2/ratis] (custom)
2025-03-20 02:10:05,704 [f196473e-7e55-4e65-a56a-ed3222e0db42-groupManagement] INFO  storage.RaftStorageDirectory (RaftStorageDirectoryImpl.java:analyzeStorage(138)) - The storage directory /home/runner/work/ozone/ozone/hadoop-ozone/integration-test/target/test-dir/MiniOzoneClusterImpl-897eaf7f-b25b-4380-b284-a53405b32f13/ozone-meta/datanode-2/ratis/86a6705c-c260-48d4-82f8-e793df1e5b5c does not exist. Creating ...
2025-03-20 02:10:05,705 [f196473e-7e55-4e65-a56a-ed3222e0db42-groupManagement] INFO  storage.RaftStorageDirectory (RaftStorageDirectoryImpl.java:tryLock(229)) - Lock on /home/runner/work/ozone/ozone/hadoop-ozone/integration-test/target/test-dir/MiniOzoneClusterImpl-897eaf7f-b25b-4380-b284-a53405b32f13/ozone-meta/datanode-2/ratis/86a6705c-c260-48d4-82f8-e793df1e5b5c/in_use.lock acquired by nodename 18099@fv-az789-190
2025-03-20 02:10:05,707 [f196473e-7e55-4e65-a56a-ed3222e0db42-groupManagement] INFO  storage.RaftStorage (RaftStorageImpl.java:format(98)) - Storage directory /home/runner/work/ozone/ozone/hadoop-ozone/integration-test/target/test-dir/MiniOzoneClusterImpl-897eaf7f-b25b-4380-b284-a53405b32f13/ozone-meta/datanode-2/ratis/86a6705c-c260-48d4-82f8-e793df1e5b5c has been successfully formatted.
2025-03-20 02:10:05,707 [f196473e-7e55-4e65-a56a-ed3222e0db42-groupManagement] INFO  ratis.ContainerStateMachine (ContainerStateMachine.java:initialize(340)) - f196473e-7e55-4e65-a56a-ed3222e0db42: initialize group-E793DF1E5B5C
2025-03-20 02:10:05,707 [f196473e-7e55-4e65-a56a-ed3222e0db42-groupManagement] INFO  ratis.ContainerStateMachine (ContainerStateMachine.java:loadSnapshot(348)) - group-E793DF1E5B5C: The snapshot info is null. Setting the last applied index to:(t:0, i:~)
2025-03-20 02:10:05,708 [f196473e-7e55-4e65-a56a-ed3222e0db42-groupManagement] INFO  server.RaftServerConfigKeys (ConfUtils.java:logGet(46)) - raft.server.log.use.memory = false (default)
2025-03-20 02:10:05,708 [f196473e-7e55-4e65-a56a-ed3222e0db42-groupManagement] INFO  server.RaftServerConfigKeys (ConfUtils.java:logGet(46)) - raft.server.log.purge.gap = 1000000 (custom)
2025-03-20 02:10:05,708 [f196473e-7e55-4e65-a56a-ed3222e0db42-groupManagement] INFO  server.RaftServerConfigKeys (ConfUtils.java:logGet(46)) - raft.server.log.appender.buffer.byte-limit = 33554432 (custom)
2025-03-20 02:10:05,708 [f196473e-7e55-4e65-a56a-ed3222e0db42-groupManagement] INFO  server.RaftServerConfigKeys (ConfUtils.java:logGet(46)) - raft.server.log.statemachine.data.read.timeout = 1000ms (default)
2025-03-20 02:10:05,708 [f196473e-7e55-4e65-a56a-ed3222e0db42-groupManagement] INFO  server.RaftServerConfigKeys (ConfUtils.java:logGet(46)) - raft.server.log.purge.preservation.log.num = 0 (default)
2025-03-20 02:10:05,710 [f196473e-7e55-4e65-a56a-ed3222e0db42-groupManagement] INFO  server.RaftServerConfigKeys (ConfUtils.java:logGet(46)) - raft.server.log.segment.size.max = 67108864 (custom)
2025-03-20 02:10:05,710 [f196473e-7e55-4e65-a56a-ed3222e0db42-groupManagement] INFO  server.RaftServerConfigKeys (ConfUtils.java:logGet(46)) - raft.server.log.segment.cache.num.max = 2 (custom)
2025-03-20 02:10:05,710 [f196473e-7e55-4e65-a56a-ed3222e0db42-groupManagement] INFO  server.RaftServerConfigKeys (ConfUtils.java:logGet(46)) - raft.server.log.segment.cache.size.max = 200MB (=209715200) (default)
2025-03-20 02:10:05,710 [f196473e-7e55-4e65-a56a-ed3222e0db42-groupManagement] INFO  server.RaftServerConfigKeys (ConfUtils.java:logGet(46)) - raft.server.log.appender.buffer.byte-limit = 33554432 (custom)
2025-03-20 02:10:05,711 [EventQueue-OpenPipelineForHealthyPipelineSafeModeRule] INFO  safemode.SCMSafeModeManager (HealthyPipelineSafeModeRule.java:process(141)) - SCM in safe mode. Healthy pipelines reported count is 0, required healthy pipeline reported count is 1
2025-03-20 02:10:05,712 [f196473e-7e55-4e65-a56a-ed3222e0db42-groupManagement] INFO  util.AwaitToRun (AwaitToRun.java:start(81)) - Thread[#767,f196473e-7e55-4e65-a56a-ed3222e0db42@group-E793DF1E5B5C-cacheEviction-AwaitToRun,5,main] started
2025-03-20 02:10:05,713 [f196473e-7e55-4e65-a56a-ed3222e0db42-groupManagement] INFO  segmented.SegmentedRaftLogWorker (SegmentedRaftLogWorker.java:<init>(188)) - new f196473e-7e55-4e65-a56a-ed3222e0db42@group-E793DF1E5B5C-SegmentedRaftLogWorker for RaftStorageImpl:Storage Directory /home/runner/work/ozone/ozone/hadoop-ozone/integration-test/target/test-dir/MiniOzoneClusterImpl-897eaf7f-b25b-4380-b284-a53405b32f13/ozone-meta/datanode-2/ratis/86a6705c-c260-48d4-82f8-e793df1e5b5c
2025-03-20 02:10:05,713 [f196473e-7e55-4e65-a56a-ed3222e0db42-groupManagement] INFO  server.RaftServerConfigKeys (ConfUtils.java:logGet(46)) - raft.server.log.queue.byte-limit = 4294967296 (custom)
2025-03-20 02:10:05,713 [f196473e-7e55-4e65-a56a-ed3222e0db42-groupManagement] INFO  server.RaftServerConfigKeys (ConfUtils.java:logGet(46)) - raft.server.log.queue.element-limit = 1024 (custom)
2025-03-20 02:10:05,713 [f196473e-7e55-4e65-a56a-ed3222e0db42-groupManagement] INFO  server.RaftServerConfigKeys (ConfUtils.java:logGet(46)) - raft.server.log.segment.size.max = 67108864 (custom)
2025-03-20 02:10:05,713 [f196473e-7e55-4e65-a56a-ed3222e0db42-groupManagement] INFO  server.RaftServerConfigKeys (ConfUtils.java:logGet(46)) - raft.server.log.preallocated.size = 4194304 (custom)
2025-03-20 02:10:05,713 [f196473e-7e55-4e65-a56a-ed3222e0db42-groupManagement] INFO  server.RaftServerConfigKeys (ConfUtils.java:logGet(46)) - raft.server.log.force.sync.num = 128 (default)
2025-03-20 02:10:05,713 [f196473e-7e55-4e65-a56a-ed3222e0db42-groupManagement] INFO  server.RaftServerConfigKeys (ConfUtils.java:logGet(46)) - raft.server.log.statemachine.data.sync = true (default)
2025-03-20 02:10:05,713 [f196473e-7e55-4e65-a56a-ed3222e0db42-groupManagement] INFO  server.RaftServerConfigKeys (ConfUtils.java:logGet(46)) - raft.server.log.statemachine.data.sync.timeout = 10s (default)
2025-03-20 02:10:05,713 [f196473e-7e55-4e65-a56a-ed3222e0db42-groupManagement] INFO  server.RaftServerConfigKeys (ConfUtils.java:logGet(46)) - raft.server.log.statemachine.data.sync.timeout.retry = 30 (custom)
2025-03-20 02:10:05,713 [f196473e-7e55-4e65-a56a-ed3222e0db42-groupManagement] INFO  server.RaftServerConfigKeys (ConfUtils.java:logGet(46)) - raft.server.log.write.buffer.size = 33554440 (custom)
2025-03-20 02:10:05,718 [f196473e-7e55-4e65-a56a-ed3222e0db42-groupManagement] INFO  server.RaftServerConfigKeys (ConfUtils.java:logGet(46)) - raft.server.log.appender.buffer.byte-limit = 33554432 (custom)
2025-03-20 02:10:05,718 [f196473e-7e55-4e65-a56a-ed3222e0db42-groupManagement] INFO  server.RaftServerConfigKeys (ConfUtils.java:logGet(46)) - raft.server.log.unsafe-flush.enabled = false (default)
2025-03-20 02:10:05,718 [f196473e-7e55-4e65-a56a-ed3222e0db42-groupManagement] INFO  server.RaftServerConfigKeys (ConfUtils.java:logGet(46)) - raft.server.log.async-flush.enabled = false (default)
2025-03-20 02:10:05,718 [f196473e-7e55-4e65-a56a-ed3222e0db42-groupManagement] INFO  server.RaftServerConfigKeys (ConfUtils.java:logGet(46)) - raft.server.log.statemachine.data.caching.enabled = true (custom)
2025-03-20 02:10:05,719 [f196473e-7e55-4e65-a56a-ed3222e0db42-groupManagement] INFO  segmented.SegmentedRaftLogWorker (SegmentedRaftLogWorker.java:lambda$new$0(139)) - f196473e-7e55-4e65-a56a-ed3222e0db42@group-E793DF1E5B5C-SegmentedRaftLogWorker: flushIndex: setUnconditionally 0 -> -1
2025-03-20 02:10:05,719 [f196473e-7e55-4e65-a56a-ed3222e0db42-groupManagement] INFO  segmented.SegmentedRaftLogWorker (SegmentedRaftLogWorker.java:lambda$new$0(139)) - f196473e-7e55-4e65-a56a-ed3222e0db42@group-E793DF1E5B5C-SegmentedRaftLogWorker: safeCacheEvictIndex: setUnconditionally 0 -> -1
2025-03-20 02:10:05,719 [4ac7aa66-6ed2-4b11-9c1a-72acd958e2aa-PipelineCommandHandlerThread-0] INFO  server.RaftServer (RaftServerProxy.java:addNew(100)) - 4ac7aa66-6ed2-4b11-9c1a-72acd958e2aa: addNew group-0C78A0CDDE3F:[4ac7aa66-6ed2-4b11-9c1a-72acd958e2aa|127.0.0.1:15034] returns group-0C78A0CDDE3F:java.util.concurrent.CompletableFuture@45ad87b1[Not completed]
2025-03-20 02:10:05,720 [f196473e-7e55-4e65-a56a-ed3222e0db42-groupManagement] INFO  server.RaftServer$Division (RaftServerImpl.java:start(391)) - f196473e-7e55-4e65-a56a-ed3222e0db42@group-E793DF1E5B5C: start as a follower, conf=conf: {index: -1, cur=peers:[f196473e-7e55-4e65-a56a-ed3222e0db42|127.0.0.1:15025, 4ac7aa66-6ed2-4b11-9c1a-72acd958e2aa|127.0.0.1:15034, 4d0384fa-a0d7-4e6d-b08b-6a0afc890d42|127.0.0.1:15016]|listeners:[], old=null}
2025-03-20 02:10:05,720 [f196473e-7e55-4e65-a56a-ed3222e0db42-groupManagement] INFO  server.RaftServer$Division (RaftServerImpl.java:setRole(378)) - f196473e-7e55-4e65-a56a-ed3222e0db42@group-E793DF1E5B5C: changes role from      null to FOLLOWER at term 0 for startAsFollower
2025-03-20 02:10:05,720 [f196473e-7e55-4e65-a56a-ed3222e0db42-groupManagement] INFO  impl.RoleInfo (RoleInfo.java:updateAndGet(148)) - f196473e-7e55-4e65-a56a-ed3222e0db42: start f196473e-7e55-4e65-a56a-ed3222e0db42@group-E793DF1E5B5C-FollowerState
2025-03-20 02:10:05,720 [f196473e-7e55-4e65-a56a-ed3222e0db42-groupManagement] INFO  util.JmxRegister (JmxRegister.java:tryRegister(44)) - Successfully registered JMX Bean with object name Ratis:service=RaftServer,group=group-E793DF1E5B5C,id=f196473e-7e55-4e65-a56a-ed3222e0db42
2025-03-20 02:10:05,720 [f196473e-7e55-4e65-a56a-ed3222e0db42-groupManagement] INFO  util.JmxRegister (JmxRegister.java:register(58)) - register mxBean class org.apache.ratis.server.impl.RaftServerJmxAdapter as Ratis:service=RaftServer,group=group-E793DF1E5B5C,id=f196473e-7e55-4e65-a56a-ed3222e0db42
2025-03-20 02:10:05,720 [f196473e-7e55-4e65-a56a-ed3222e0db42-groupManagement] INFO  server.RaftServerConfigKeys (ConfUtils.java:logGet(46)) - raft.server.snapshot.trigger-when-stop.enabled = true (default)
2025-03-20 02:10:05,720 [f196473e-7e55-4e65-a56a-ed3222e0db42-groupManagement] INFO  server.RaftServerConfigKeys (ConfUtils.java:logGet(46)) - raft.server.snapshot.trigger-when-remove.enabled = true (default)
2025-03-20 02:10:05,720 [f196473e-7e55-4e65-a56a-ed3222e0db42-groupManagement] INFO  server.RaftServerConfigKeys (ConfUtils.java:logGet(46)) - raft.server.snapshot.auto.trigger.enabled = true (custom)
2025-03-20 02:10:05,720 [f196473e-7e55-4e65-a56a-ed3222e0db42-groupManagement] INFO  server.RaftServerConfigKeys (ConfUtils.java:logGet(46)) - raft.server.snapshot.auto.trigger.threshold = 100000 (custom)
2025-03-20 02:10:05,720 [f196473e-7e55-4e65-a56a-ed3222e0db42-groupManagement] INFO  server.RaftServerConfigKeys (ConfUtils.java:logGet(46)) - raft.server.snapshot.retention.file.num = 5 (custom)
2025-03-20 02:10:05,721 [f196473e-7e55-4e65-a56a-ed3222e0db42-groupManagement] INFO  server.RaftServerConfigKeys (ConfUtils.java:logGet(46)) - raft.server.log.purge.upto.snapshot.index = false (default)
2025-03-20 02:10:05,721 [f196473e-7e55-4e65-a56a-ed3222e0db42@group-E793DF1E5B5C-FollowerState] INFO  server.RaftServerConfigKeys (ConfUtils.java:logFallback(53)) - raft.server.rpc.first-election.timeout.min = 5s (fallback to raft.server.rpc.timeout.min)
2025-03-20 02:10:05,721 [f196473e-7e55-4e65-a56a-ed3222e0db42@group-E793DF1E5B5C-FollowerState] INFO  server.RaftServerConfigKeys (ConfUtils.java:logFallback(53)) - raft.server.rpc.first-election.timeout.max = 5200ms (fallback to raft.server.rpc.timeout.max)
2025-03-20 02:10:05,722 [main] INFO  ozone.MiniOzoneClusterImpl (MiniOzoneClusterImpl.java:lambda$waitForClusterToBeReady$0(190)) - Nodes are ready. Got 3 of 3 DN Heartbeats.
2025-03-20 02:10:05,722 [main] INFO  ozone.MiniOzoneClusterImpl (MiniOzoneClusterImpl.java:lambda$waitForClusterToBeReady$0(193)) - Waiting for cluster to exit safe mode
2025-03-20 02:10:05,722 [main] INFO  ozone.MiniOzoneClusterImpl (MiniOzoneClusterImpl.java:lambda$waitForClusterToBeReady$0(195)) - SCM became leader
2025-03-20 02:10:05,722 [f196473e-7e55-4e65-a56a-ed3222e0db42-groupManagement] INFO  server.RaftServer$Division (RaftServerImpl.java:start(405)) - f196473e-7e55-4e65-a56a-ed3222e0db42@group-E793DF1E5B5C: Successfully started.
2025-03-20 02:10:05,723 [f196473e-7e55-4e65-a56a-ed3222e0db42-PipelineCommandHandlerThread-0] INFO  ratis.XceiverServerRatis (XceiverServerRatis.java:addGroup(841)) - Created group PipelineID=86a6705c-c260-48d4-82f8-e793df1e5b5c
2025-03-20 02:10:05,724 [4ac7aa66-6ed2-4b11-9c1a-72acd958e2aa-groupManagement] INFO  server.RaftServer$Division (RaftServerImpl.java:<init>(255)) - 4ac7aa66-6ed2-4b11-9c1a-72acd958e2aa: new RaftServerImpl for group-0C78A0CDDE3F:[4ac7aa66-6ed2-4b11-9c1a-72acd958e2aa|127.0.0.1:15034] with ContainerStateMachine:uninitialized
2025-03-20 02:10:05,724 [4ac7aa66-6ed2-4b11-9c1a-72acd958e2aa-groupManagement] INFO  server.RaftServerConfigKeys (ConfUtils.java:logGet(46)) - raft.server.rpc.timeout.min = 5s (custom)
2025-03-20 02:10:05,724 [4ac7aa66-6ed2-4b11-9c1a-72acd958e2aa-groupManagement] INFO  server.RaftServerConfigKeys (ConfUtils.java:logGet(46)) - raft.server.rpc.timeout.max = 5200ms (custom)
2025-03-20 02:10:05,724 [4ac7aa66-6ed2-4b11-9c1a-72acd958e2aa-groupManagement] INFO  server.RaftServerConfigKeys (ConfUtils.java:logGet(46)) - raft.server.rpc.sleep.time = 25ms (default)
2025-03-20 02:10:05,724 [4ac7aa66-6ed2-4b11-9c1a-72acd958e2aa-groupManagement] INFO  server.RaftServerConfigKeys (ConfUtils.java:logGet(46)) - raft.server.rpc.slowness.timeout = 300s (custom)
2025-03-20 02:10:05,724 [4ac7aa66-6ed2-4b11-9c1a-72acd958e2aa-groupManagement] INFO  server.RaftServerConfigKeys (ConfUtils.java:logGet(46)) - raft.server.leaderelection.leader.step-down.wait-time = 10s (default)
2025-03-20 02:10:05,724 [4ac7aa66-6ed2-4b11-9c1a-72acd958e2aa-groupManagement] INFO  server.RaftServerConfigKeys (ConfUtils.java:logGet(46)) - raft.server.leaderelection.member.majority-add = false (default)
2025-03-20 02:10:05,724 [4ac7aa66-6ed2-4b11-9c1a-72acd958e2aa-groupManagement] INFO  server.RaftServerConfigKeys (ConfUtils.java:logGet(46)) - raft.server.sleep.deviation.threshold = 300ms (default)
2025-03-20 02:10:05,725 [4ac7aa66-6ed2-4b11-9c1a-72acd958e2aa-groupManagement] INFO  server.RaftServer$Division (ServerState.java:<init>(114)) - 4ac7aa66-6ed2-4b11-9c1a-72acd958e2aa@group-0C78A0CDDE3F: ConfigurationManager, init=conf: {index: -1, cur=peers:[4ac7aa66-6ed2-4b11-9c1a-72acd958e2aa|127.0.0.1:15034]|listeners:[], old=null}, confs=<EMPTY_MAP>
2025-03-20 02:10:05,725 [4ac7aa66-6ed2-4b11-9c1a-72acd958e2aa-groupManagement] INFO  server.RaftServerConfigKeys (ConfUtils.java:logGet(46)) - raft.server.notification.no-leader.timeout = 300s (custom)
2025-03-20 02:10:05,725 [4ac7aa66-6ed2-4b11-9c1a-72acd958e2aa-groupManagement] INFO  server.RaftServerConfigKeys (ConfUtils.java:logGet(46)) - raft.server.read.timeout = 10s (default)
2025-03-20 02:10:05,725 [4ac7aa66-6ed2-4b11-9c1a-72acd958e2aa-groupManagement] INFO  server.RaftServerConfigKeys (ConfUtils.java:logGet(46)) - raft.server.retrycache.expirytime = 600000ms (custom)
2025-03-20 02:10:05,725 [4ac7aa66-6ed2-4b11-9c1a-72acd958e2aa-groupManagement] INFO  server.RaftServerConfigKeys (ConfUtils.java:logGet(46)) - raft.server.retrycache.statistics.expirytime = 100ms (default)
2025-03-20 02:10:05,726 [4ac7aa66-6ed2-4b11-9c1a-72acd958e2aa-groupManagement] INFO  server.RaftServerConfigKeys (ConfUtils.java:logGet(46)) - raft.server.read.option = DEFAULT (default)
2025-03-20 02:10:05,726 [4ac7aa66-6ed2-4b11-9c1a-72acd958e2aa-groupManagement] INFO  server.RaftServerConfigKeys (ConfUtils.java:logGet(46)) - raft.server.read.read-after-write-consistent.write-index-cache.expiry-time = 60s (default)
2025-03-20 02:10:05,731 [4ac7aa66-6ed2-4b11-9c1a-72acd958e2aa-groupManagement] INFO  server.RaftServerConfigKeys (ConfUtils.java:logGet(46)) - raft.server.rpc.request.timeout = 60s (custom)
2025-03-20 02:10:05,732 [4ac7aa66-6ed2-4b11-9c1a-72acd958e2aa-groupManagement] INFO  server.RaftServerConfigKeys (ConfUtils.java:logGet(46)) - raft.server.log.appender.install.snapshot.enabled = false (custom)
2025-03-20 02:10:05,733 [4ac7aa66-6ed2-4b11-9c1a-72acd958e2aa-groupManagement] INFO  server.RaftServerConfigKeys (ConfUtils.java:logGet(46)) - raft.server.threadpool.server.cached = true (default)
2025-03-20 02:10:05,733 [4ac7aa66-6ed2-4b11-9c1a-72acd958e2aa-groupManagement] INFO  server.RaftServerConfigKeys (ConfUtils.java:logGet(46)) - raft.server.threadpool.server.size = 0 (default)
2025-03-20 02:10:05,734 [4ac7aa66-6ed2-4b11-9c1a-72acd958e2aa-groupManagement] INFO  server.RaftServerConfigKeys (ConfUtils.java:logGet(46)) - raft.server.threadpool.client.cached = true (default)
2025-03-20 02:10:05,734 [4ac7aa66-6ed2-4b11-9c1a-72acd958e2aa-groupManagement] INFO  server.RaftServerConfigKeys (ConfUtils.java:logGet(46)) - raft.server.threadpool.client.size = 0 (default)
2025-03-20 02:10:05,735 [4ac7aa66-6ed2-4b11-9c1a-72acd958e2aa-groupManagement] INFO  server.RaftServerConfigKeys (ConfUtils.java:logGet(46)) - raft.server.storage.free-space.min = 0MB (=0) (default)
2025-03-20 02:10:05,735 [4ac7aa66-6ed2-4b11-9c1a-72acd958e2aa-groupManagement] INFO  server.RaftServerConfigKeys (ConfUtils.java:logGet(46)) - raft.server.log.corruption.policy = EXCEPTION (default)
2025-03-20 02:10:05,735 [4ac7aa66-6ed2-4b11-9c1a-72acd958e2aa-groupManagement] INFO  server.RaftServerConfigKeys (ConfUtils.java:logGet(46)) - raft.server.storage.dir = [/home/runner/work/ozone/ozone/hadoop-ozone/integration-test/target/test-dir/MiniOzoneClusterImpl-897eaf7f-b25b-4380-b284-a53405b32f13/ozone-meta/datanode-3/ratis] (custom)
2025-03-20 02:10:05,735 [4ac7aa66-6ed2-4b11-9c1a-72acd958e2aa-groupManagement] INFO  storage.RaftStorageDirectory (RaftStorageDirectoryImpl.java:analyzeStorage(138)) - The storage directory /home/runner/work/ozone/ozone/hadoop-ozone/integration-test/target/test-dir/MiniOzoneClusterImpl-897eaf7f-b25b-4380-b284-a53405b32f13/ozone-meta/datanode-3/ratis/5d695207-a574-433e-8670-0c78a0cdde3f does not exist. Creating ...
2025-03-20 02:10:05,736 [4ac7aa66-6ed2-4b11-9c1a-72acd958e2aa-groupManagement] INFO  storage.RaftStorageDirectory (RaftStorageDirectoryImpl.java:tryLock(229)) - Lock on /home/runner/work/ozone/ozone/hadoop-ozone/integration-test/target/test-dir/MiniOzoneClusterImpl-897eaf7f-b25b-4380-b284-a53405b32f13/ozone-meta/datanode-3/ratis/5d695207-a574-433e-8670-0c78a0cdde3f/in_use.lock acquired by nodename 18099@fv-az789-190
2025-03-20 02:10:05,738 [4ac7aa66-6ed2-4b11-9c1a-72acd958e2aa-groupManagement] INFO  storage.RaftStorage (RaftStorageImpl.java:format(98)) - Storage directory /home/runner/work/ozone/ozone/hadoop-ozone/integration-test/target/test-dir/MiniOzoneClusterImpl-897eaf7f-b25b-4380-b284-a53405b32f13/ozone-meta/datanode-3/ratis/5d695207-a574-433e-8670-0c78a0cdde3f has been successfully formatted.
2025-03-20 02:10:05,740 [4ac7aa66-6ed2-4b11-9c1a-72acd958e2aa-groupManagement] INFO  ratis.ContainerStateMachine (ContainerStateMachine.java:initialize(340)) - 4ac7aa66-6ed2-4b11-9c1a-72acd958e2aa: initialize group-0C78A0CDDE3F
2025-03-20 02:10:05,740 [4ac7aa66-6ed2-4b11-9c1a-72acd958e2aa-groupManagement] INFO  ratis.ContainerStateMachine (ContainerStateMachine.java:loadSnapshot(348)) - group-0C78A0CDDE3F: The snapshot info is null. Setting the last applied index to:(t:0, i:~)
2025-03-20 02:10:05,740 [4ac7aa66-6ed2-4b11-9c1a-72acd958e2aa-groupManagement] INFO  server.RaftServerConfigKeys (ConfUtils.java:logGet(46)) - raft.server.log.use.memory = false (default)
2025-03-20 02:10:05,740 [4ac7aa66-6ed2-4b11-9c1a-72acd958e2aa-groupManagement] INFO  server.RaftServerConfigKeys (ConfUtils.java:logGet(46)) - raft.server.log.purge.gap = 1000000 (custom)
2025-03-20 02:10:05,740 [4ac7aa66-6ed2-4b11-9c1a-72acd958e2aa-groupManagement] INFO  server.RaftServerConfigKeys (ConfUtils.java:logGet(46)) - raft.server.log.appender.buffer.byte-limit = 33554432 (custom)
2025-03-20 02:10:05,740 [4ac7aa66-6ed2-4b11-9c1a-72acd958e2aa-groupManagement] INFO  server.RaftServerConfigKeys (ConfUtils.java:logGet(46)) - raft.server.log.statemachine.data.read.timeout = 1000ms (default)
2025-03-20 02:10:05,740 [4ac7aa66-6ed2-4b11-9c1a-72acd958e2aa-groupManagement] INFO  server.RaftServerConfigKeys (ConfUtils.java:logGet(46)) - raft.server.log.purge.preservation.log.num = 0 (default)
2025-03-20 02:10:05,744 [grpc-default-executor-0] INFO  server.RaftServer (RaftServerProxy.java:addNew(100)) - 4ac7aa66-6ed2-4b11-9c1a-72acd958e2aa: addNew group-E793DF1E5B5C:[f196473e-7e55-4e65-a56a-ed3222e0db42|127.0.0.1:15025, 4ac7aa66-6ed2-4b11-9c1a-72acd958e2aa|127.0.0.1:15034, 4d0384fa-a0d7-4e6d-b08b-6a0afc890d42|127.0.0.1:15016] returns group-E793DF1E5B5C:java.util.concurrent.CompletableFuture@7d16d9e0[Not completed]
2025-03-20 02:10:05,744 [4ac7aa66-6ed2-4b11-9c1a-72acd958e2aa-groupManagement] INFO  server.RaftServerConfigKeys (ConfUtils.java:logGet(46)) - raft.server.log.segment.size.max = 67108864 (custom)
2025-03-20 02:10:05,746 [4ac7aa66-6ed2-4b11-9c1a-72acd958e2aa-groupManagement] INFO  server.RaftServerConfigKeys (ConfUtils.java:logGet(46)) - raft.server.log.segment.cache.num.max = 2 (custom)
2025-03-20 02:10:05,746 [4ac7aa66-6ed2-4b11-9c1a-72acd958e2aa-groupManagement] INFO  server.RaftServerConfigKeys (ConfUtils.java:logGet(46)) - raft.server.log.segment.cache.size.max = 200MB (=209715200) (default)
2025-03-20 02:10:05,746 [4ac7aa66-6ed2-4b11-9c1a-72acd958e2aa-groupManagement] INFO  server.RaftServerConfigKeys (ConfUtils.java:logGet(46)) - raft.server.log.appender.buffer.byte-limit = 33554432 (custom)
2025-03-20 02:10:05,747 [54dc63b2-7f1a-4ab5-a931-3f057955b2af@group-A53405B32F13-StateMachineUpdater] INFO  safemode.HealthyPipelineSafeModeRule (HealthyPipelineSafeModeRule.java:initializeRule(174)) - Refreshed total pipeline count is 0, healthy pipeline threshold count is 1
2025-03-20 02:10:05,748 [EventQueue-PipelineReportForPipelineReportHandler] INFO  pipeline.PipelineReportHandler (PipelineReportHandler.java:processPipelineReport(139)) - Opened pipeline PipelineID=5d695207-a574-433e-8670-0c78a0cdde3f
2025-03-20 02:10:05,748 [EventQueue-OpenPipelineForHealthyPipelineSafeModeRule] INFO  safemode.SCMSafeModeManager (HealthyPipelineSafeModeRule.java:process(141)) - SCM in safe mode. Healthy pipelines reported count is 0, required healthy pipeline reported count is 1
2025-03-20 02:10:05,748 [4ac7aa66-6ed2-4b11-9c1a-72acd958e2aa-groupManagement] INFO  util.AwaitToRun (AwaitToRun.java:start(81)) - Thread[#775,4ac7aa66-6ed2-4b11-9c1a-72acd958e2aa@group-0C78A0CDDE3F-cacheEviction-AwaitToRun,5,main] started
2025-03-20 02:10:05,748 [4ac7aa66-6ed2-4b11-9c1a-72acd958e2aa-groupManagement] INFO  segmented.SegmentedRaftLogWorker (SegmentedRaftLogWorker.java:<init>(188)) - new 4ac7aa66-6ed2-4b11-9c1a-72acd958e2aa@group-0C78A0CDDE3F-SegmentedRaftLogWorker for RaftStorageImpl:Storage Directory /home/runner/work/ozone/ozone/hadoop-ozone/integration-test/target/test-dir/MiniOzoneClusterImpl-897eaf7f-b25b-4380-b284-a53405b32f13/ozone-meta/datanode-3/ratis/5d695207-a574-433e-8670-0c78a0cdde3f
2025-03-20 02:10:05,749 [4ac7aa66-6ed2-4b11-9c1a-72acd958e2aa-groupManagement] INFO  server.RaftServerConfigKeys (ConfUtils.java:logGet(46)) - raft.server.log.queue.byte-limit = 4294967296 (custom)
2025-03-20 02:10:05,749 [4ac7aa66-6ed2-4b11-9c1a-72acd958e2aa-groupManagement] INFO  server.RaftServerConfigKeys (ConfUtils.java:logGet(46)) - raft.server.log.queue.element-limit = 1024 (custom)
2025-03-20 02:10:05,749 [4ac7aa66-6ed2-4b11-9c1a-72acd958e2aa-groupManagement] INFO  server.RaftServerConfigKeys (ConfUtils.java:logGet(46)) - raft.server.log.segment.size.max = 67108864 (custom)
2025-03-20 02:10:05,749 [4ac7aa66-6ed2-4b11-9c1a-72acd958e2aa-groupManagement] INFO  server.RaftServerConfigKeys (ConfUtils.java:logGet(46)) - raft.server.log.preallocated.size = 4194304 (custom)
2025-03-20 02:10:05,749 [4ac7aa66-6ed2-4b11-9c1a-72acd958e2aa-groupManagement] INFO  server.RaftServerConfigKeys (ConfUtils.java:logGet(46)) - raft.server.log.force.sync.num = 128 (default)
2025-03-20 02:10:05,749 [4ac7aa66-6ed2-4b11-9c1a-72acd958e2aa-groupManagement] INFO  server.RaftServerConfigKeys (ConfUtils.java:logGet(46)) - raft.server.log.statemachine.data.sync = true (default)
2025-03-20 02:10:05,749 [4ac7aa66-6ed2-4b11-9c1a-72acd958e2aa-groupManagement] INFO  server.RaftServerConfigKeys (ConfUtils.java:logGet(46)) - raft.server.log.statemachine.data.sync.timeout = 10s (default)
2025-03-20 02:10:05,749 [4ac7aa66-6ed2-4b11-9c1a-72acd958e2aa-groupManagement] INFO  server.RaftServerConfigKeys (ConfUtils.java:logGet(46)) - raft.server.log.statemachine.data.sync.timeout.retry = 30 (custom)
2025-03-20 02:10:05,750 [4ac7aa66-6ed2-4b11-9c1a-72acd958e2aa-groupManagement] INFO  server.RaftServerConfigKeys (ConfUtils.java:logGet(46)) - raft.server.log.write.buffer.size = 33554440 (custom)
2025-03-20 02:10:05,755 [4ac7aa66-6ed2-4b11-9c1a-72acd958e2aa-groupManagement] INFO  server.RaftServerConfigKeys (ConfUtils.java:logGet(46)) - raft.server.log.appender.buffer.byte-limit = 33554432 (custom)
2025-03-20 02:10:05,755 [4ac7aa66-6ed2-4b11-9c1a-72acd958e2aa-groupManagement] INFO  server.RaftServerConfigKeys (ConfUtils.java:logGet(46)) - raft.server.log.unsafe-flush.enabled = false (default)
2025-03-20 02:10:05,755 [4ac7aa66-6ed2-4b11-9c1a-72acd958e2aa-groupManagement] INFO  server.RaftServerConfigKeys (ConfUtils.java:logGet(46)) - raft.server.log.async-flush.enabled = false (default)
2025-03-20 02:10:05,755 [4ac7aa66-6ed2-4b11-9c1a-72acd958e2aa-groupManagement] INFO  server.RaftServerConfigKeys (ConfUtils.java:logGet(46)) - raft.server.log.statemachine.data.caching.enabled = true (custom)
2025-03-20 02:10:05,755 [4ac7aa66-6ed2-4b11-9c1a-72acd958e2aa-groupManagement] INFO  segmented.SegmentedRaftLogWorker (SegmentedRaftLogWorker.java:lambda$new$0(139)) - 4ac7aa66-6ed2-4b11-9c1a-72acd958e2aa@group-0C78A0CDDE3F-SegmentedRaftLogWorker: flushIndex: setUnconditionally 0 -> -1
2025-03-20 02:10:05,756 [4ac7aa66-6ed2-4b11-9c1a-72acd958e2aa-groupManagement] INFO  segmented.SegmentedRaftLogWorker (SegmentedRaftLogWorker.java:lambda$new$0(139)) - 4ac7aa66-6ed2-4b11-9c1a-72acd958e2aa@group-0C78A0CDDE3F-SegmentedRaftLogWorker: safeCacheEvictIndex: setUnconditionally 0 -> -1
2025-03-20 02:10:05,757 [4ac7aa66-6ed2-4b11-9c1a-72acd958e2aa-groupManagement] INFO  server.RaftServer$Division (RaftServerImpl.java:start(391)) - 4ac7aa66-6ed2-4b11-9c1a-72acd958e2aa@group-0C78A0CDDE3F: start as a follower, conf=conf: {index: -1, cur=peers:[4ac7aa66-6ed2-4b11-9c1a-72acd958e2aa|127.0.0.1:15034]|listeners:[], old=null}
2025-03-20 02:10:05,757 [4ac7aa66-6ed2-4b11-9c1a-72acd958e2aa-groupManagement] INFO  server.RaftServer$Division (RaftServerImpl.java:setRole(378)) - 4ac7aa66-6ed2-4b11-9c1a-72acd958e2aa@group-0C78A0CDDE3F: changes role from      null to FOLLOWER at term 0 for startAsFollower
2025-03-20 02:10:05,758 [4ac7aa66-6ed2-4b11-9c1a-72acd958e2aa-groupManagement] INFO  impl.RoleInfo (RoleInfo.java:updateAndGet(148)) - 4ac7aa66-6ed2-4b11-9c1a-72acd958e2aa: start 4ac7aa66-6ed2-4b11-9c1a-72acd958e2aa@group-0C78A0CDDE3F-FollowerState
2025-03-20 02:10:05,758 [4ac7aa66-6ed2-4b11-9c1a-72acd958e2aa@group-0C78A0CDDE3F-FollowerState] INFO  server.RaftServerConfigKeys (ConfUtils.java:logFallback(53)) - raft.server.rpc.first-election.timeout.min = 5s (fallback to raft.server.rpc.timeout.min)
2025-03-20 02:10:05,758 [4ac7aa66-6ed2-4b11-9c1a-72acd958e2aa@group-0C78A0CDDE3F-FollowerState] INFO  server.RaftServerConfigKeys (ConfUtils.java:logFallback(53)) - raft.server.rpc.first-election.timeout.max = 5200ms (fallback to raft.server.rpc.timeout.max)
2025-03-20 02:10:05,758 [4ac7aa66-6ed2-4b11-9c1a-72acd958e2aa-groupManagement] INFO  util.JmxRegister (JmxRegister.java:tryRegister(44)) - Successfully registered JMX Bean with object name Ratis:service=RaftServer,group=group-0C78A0CDDE3F,id=4ac7aa66-6ed2-4b11-9c1a-72acd958e2aa
2025-03-20 02:10:05,761 [4ac7aa66-6ed2-4b11-9c1a-72acd958e2aa-groupManagement] INFO  util.JmxRegister (JmxRegister.java:register(58)) - register mxBean class org.apache.ratis.server.impl.RaftServerJmxAdapter as Ratis:service=RaftServer,group=group-0C78A0CDDE3F,id=4ac7aa66-6ed2-4b11-9c1a-72acd958e2aa
2025-03-20 02:10:05,761 [4ac7aa66-6ed2-4b11-9c1a-72acd958e2aa-groupManagement] INFO  server.RaftServerConfigKeys (ConfUtils.java:logGet(46)) - raft.server.snapshot.trigger-when-stop.enabled = true (default)
2025-03-20 02:10:05,761 [4ac7aa66-6ed2-4b11-9c1a-72acd958e2aa-groupManagement] INFO  server.RaftServerConfigKeys (ConfUtils.java:logGet(46)) - raft.server.snapshot.trigger-when-remove.enabled = true (default)
2025-03-20 02:10:05,761 [4ac7aa66-6ed2-4b11-9c1a-72acd958e2aa-groupManagement] INFO  server.RaftServerConfigKeys (ConfUtils.java:logGet(46)) - raft.server.snapshot.auto.trigger.enabled = true (custom)
2025-03-20 02:10:05,761 [4ac7aa66-6ed2-4b11-9c1a-72acd958e2aa-groupManagement] INFO  server.RaftServerConfigKeys (ConfUtils.java:logGet(46)) - raft.server.snapshot.auto.trigger.threshold = 100000 (custom)
2025-03-20 02:10:05,761 [4ac7aa66-6ed2-4b11-9c1a-72acd958e2aa-groupManagement] INFO  server.RaftServerConfigKeys (ConfUtils.java:logGet(46)) - raft.server.snapshot.retention.file.num = 5 (custom)
2025-03-20 02:10:05,761 [4ac7aa66-6ed2-4b11-9c1a-72acd958e2aa-groupManagement] INFO  server.RaftServerConfigKeys (ConfUtils.java:logGet(46)) - raft.server.log.purge.upto.snapshot.index = false (default)
2025-03-20 02:10:05,762 [4ac7aa66-6ed2-4b11-9c1a-72acd958e2aa-groupManagement] INFO  server.RaftServer$Division (RaftServerImpl.java:start(405)) - 4ac7aa66-6ed2-4b11-9c1a-72acd958e2aa@group-0C78A0CDDE3F: Successfully started.
2025-03-20 02:10:05,765 [4ac7aa66-6ed2-4b11-9c1a-72acd958e2aa-PipelineCommandHandlerThread-0] INFO  ratis.XceiverServerRatis (XceiverServerRatis.java:addGroup(841)) - Created group PipelineID=5d695207-a574-433e-8670-0c78a0cdde3f
2025-03-20 02:10:05,765 [4ac7aa66-6ed2-4b11-9c1a-72acd958e2aa-PipelineCommandHandlerThread-0] INFO  commandhandler.CreatePipelineCommandHandler (CreatePipelineCommandHandler.java:lambda$handle$2(128)) - Created Pipeline RATIS ONE PipelineID=5d695207-a574-433e-8670-0c78a0cdde3f.
2025-03-20 02:10:05,766 [4ac7aa66-6ed2-4b11-9c1a-72acd958e2aa-groupManagement] INFO  server.RaftServer$Division (RaftServerImpl.java:<init>(255)) - 4ac7aa66-6ed2-4b11-9c1a-72acd958e2aa: new RaftServerImpl for group-E793DF1E5B5C:[f196473e-7e55-4e65-a56a-ed3222e0db42|127.0.0.1:15025, 4ac7aa66-6ed2-4b11-9c1a-72acd958e2aa|127.0.0.1:15034, 4d0384fa-a0d7-4e6d-b08b-6a0afc890d42|127.0.0.1:15016] with ContainerStateMachine:uninitialized
2025-03-20 02:10:05,766 [4ac7aa66-6ed2-4b11-9c1a-72acd958e2aa-groupManagement] INFO  server.RaftServerConfigKeys (ConfUtils.java:logGet(46)) - raft.server.rpc.timeout.min = 5s (custom)
2025-03-20 02:10:05,767 [4ac7aa66-6ed2-4b11-9c1a-72acd958e2aa-groupManagement] INFO  server.RaftServerConfigKeys (ConfUtils.java:logGet(46)) - raft.server.rpc.timeout.max = 5200ms (custom)
2025-03-20 02:10:05,767 [4ac7aa66-6ed2-4b11-9c1a-72acd958e2aa-groupManagement] INFO  server.RaftServerConfigKeys (ConfUtils.java:logGet(46)) - raft.server.rpc.sleep.time = 25ms (default)
2025-03-20 02:10:05,767 [4ac7aa66-6ed2-4b11-9c1a-72acd958e2aa-groupManagement] INFO  server.RaftServerConfigKeys (ConfUtils.java:logGet(46)) - raft.server.rpc.slowness.timeout = 300s (custom)
2025-03-20 02:10:05,767 [4ac7aa66-6ed2-4b11-9c1a-72acd958e2aa-groupManagement] INFO  server.RaftServerConfigKeys (ConfUtils.java:logGet(46)) - raft.server.leaderelection.leader.step-down.wait-time = 10s (default)
2025-03-20 02:10:05,767 [4ac7aa66-6ed2-4b11-9c1a-72acd958e2aa-groupManagement] INFO  server.RaftServerConfigKeys (ConfUtils.java:logGet(46)) - raft.server.leaderelection.member.majority-add = false (default)
2025-03-20 02:10:05,767 [4ac7aa66-6ed2-4b11-9c1a-72acd958e2aa-groupManagement] INFO  server.RaftServerConfigKeys (ConfUtils.java:logGet(46)) - raft.server.sleep.deviation.threshold = 300ms (default)
2025-03-20 02:10:05,767 [4ac7aa66-6ed2-4b11-9c1a-72acd958e2aa-groupManagement] INFO  server.RaftServer$Division (ServerState.java:<init>(114)) - 4ac7aa66-6ed2-4b11-9c1a-72acd958e2aa@group-E793DF1E5B5C: ConfigurationManager, init=conf: {index: -1, cur=peers:[f196473e-7e55-4e65-a56a-ed3222e0db42|127.0.0.1:15025, 4ac7aa66-6ed2-4b11-9c1a-72acd958e2aa|127.0.0.1:15034, 4d0384fa-a0d7-4e6d-b08b-6a0afc890d42|127.0.0.1:15016]|listeners:[], old=null}, confs=<EMPTY_MAP>
2025-03-20 02:10:05,767 [4ac7aa66-6ed2-4b11-9c1a-72acd958e2aa-groupManagement] INFO  server.RaftServerConfigKeys (ConfUtils.java:logGet(46)) - raft.server.notification.no-leader.timeout = 300s (custom)
2025-03-20 02:10:05,768 [4ac7aa66-6ed2-4b11-9c1a-72acd958e2aa-groupManagement] INFO  server.RaftServerConfigKeys (ConfUtils.java:logGet(46)) - raft.server.read.timeout = 10s (default)
2025-03-20 02:10:05,768 [4ac7aa66-6ed2-4b11-9c1a-72acd958e2aa-groupManagement] INFO  server.RaftServerConfigKeys (ConfUtils.java:logGet(46)) - raft.server.retrycache.expirytime = 600000ms (custom)
2025-03-20 02:10:05,769 [4ac7aa66-6ed2-4b11-9c1a-72acd958e2aa-groupManagement] INFO  server.RaftServerConfigKeys (ConfUtils.java:logGet(46)) - raft.server.retrycache.statistics.expirytime = 100ms (default)
2025-03-20 02:10:05,769 [4ac7aa66-6ed2-4b11-9c1a-72acd958e2aa-groupManagement] INFO  server.RaftServerConfigKeys (ConfUtils.java:logGet(46)) - raft.server.read.option = DEFAULT (default)
2025-03-20 02:10:05,769 [4ac7aa66-6ed2-4b11-9c1a-72acd958e2aa-groupManagement] INFO  server.RaftServerConfigKeys (ConfUtils.java:logGet(46)) - raft.server.read.read-after-write-consistent.write-index-cache.expiry-time = 60s (default)
2025-03-20 02:10:05,778 [4ac7aa66-6ed2-4b11-9c1a-72acd958e2aa-groupManagement] INFO  server.RaftServerConfigKeys (ConfUtils.java:logGet(46)) - raft.server.rpc.request.timeout = 60s (custom)
2025-03-20 02:10:05,778 [4ac7aa66-6ed2-4b11-9c1a-72acd958e2aa-groupManagement] INFO  server.RaftServerConfigKeys (ConfUtils.java:logGet(46)) - raft.server.log.appender.install.snapshot.enabled = false (custom)
2025-03-20 02:10:05,778 [4ac7aa66-6ed2-4b11-9c1a-72acd958e2aa-groupManagement] INFO  server.RaftServerConfigKeys (ConfUtils.java:logGet(46)) - raft.server.threadpool.server.cached = true (default)
2025-03-20 02:10:05,778 [4ac7aa66-6ed2-4b11-9c1a-72acd958e2aa-groupManagement] INFO  server.RaftServerConfigKeys (ConfUtils.java:logGet(46)) - raft.server.threadpool.server.size = 0 (default)
2025-03-20 02:10:05,778 [4ac7aa66-6ed2-4b11-9c1a-72acd958e2aa-groupManagement] INFO  server.RaftServerConfigKeys (ConfUtils.java:logGet(46)) - raft.server.threadpool.client.cached = true (default)
2025-03-20 02:10:05,779 [4ac7aa66-6ed2-4b11-9c1a-72acd958e2aa-groupManagement] INFO  server.RaftServerConfigKeys (ConfUtils.java:logGet(46)) - raft.server.threadpool.client.size = 0 (default)
2025-03-20 02:10:05,779 [4ac7aa66-6ed2-4b11-9c1a-72acd958e2aa-groupManagement] INFO  server.RaftServerConfigKeys (ConfUtils.java:logGet(46)) - raft.server.storage.free-space.min = 0MB (=0) (default)
2025-03-20 02:10:05,779 [4ac7aa66-6ed2-4b11-9c1a-72acd958e2aa-groupManagement] INFO  server.RaftServerConfigKeys (ConfUtils.java:logGet(46)) - raft.server.log.corruption.policy = EXCEPTION (default)
2025-03-20 02:10:05,779 [4ac7aa66-6ed2-4b11-9c1a-72acd958e2aa-groupManagement] INFO  server.RaftServerConfigKeys (ConfUtils.java:logGet(46)) - raft.server.storage.dir = [/home/runner/work/ozone/ozone/hadoop-ozone/integration-test/target/test-dir/MiniOzoneClusterImpl-897eaf7f-b25b-4380-b284-a53405b32f13/ozone-meta/datanode-3/ratis] (custom)
2025-03-20 02:10:05,779 [4ac7aa66-6ed2-4b11-9c1a-72acd958e2aa-groupManagement] INFO  storage.RaftStorageDirectory (RaftStorageDirectoryImpl.java:analyzeStorage(138)) - The storage directory /home/runner/work/ozone/ozone/hadoop-ozone/integration-test/target/test-dir/MiniOzoneClusterImpl-897eaf7f-b25b-4380-b284-a53405b32f13/ozone-meta/datanode-3/ratis/86a6705c-c260-48d4-82f8-e793df1e5b5c does not exist. Creating ...
2025-03-20 02:10:05,781 [4ac7aa66-6ed2-4b11-9c1a-72acd958e2aa-groupManagement] INFO  storage.RaftStorageDirectory (RaftStorageDirectoryImpl.java:tryLock(229)) - Lock on /home/runner/work/ozone/ozone/hadoop-ozone/integration-test/target/test-dir/MiniOzoneClusterImpl-897eaf7f-b25b-4380-b284-a53405b32f13/ozone-meta/datanode-3/ratis/86a6705c-c260-48d4-82f8-e793df1e5b5c/in_use.lock acquired by nodename 18099@fv-az789-190
2025-03-20 02:10:05,782 [f196473e-7e55-4e65-a56a-ed3222e0db42-PipelineCommandHandlerThread-0] INFO  commandhandler.CreatePipelineCommandHandler (CreatePipelineCommandHandler.java:lambda$handle$2(128)) - Created Pipeline RATIS THREE PipelineID=86a6705c-c260-48d4-82f8-e793df1e5b5c.
2025-03-20 02:10:05,783 [4ac7aa66-6ed2-4b11-9c1a-72acd958e2aa-groupManagement] INFO  storage.RaftStorage (RaftStorageImpl.java:format(98)) - Storage directory /home/runner/work/ozone/ozone/hadoop-ozone/integration-test/target/test-dir/MiniOzoneClusterImpl-897eaf7f-b25b-4380-b284-a53405b32f13/ozone-meta/datanode-3/ratis/86a6705c-c260-48d4-82f8-e793df1e5b5c has been successfully formatted.
2025-03-20 02:10:05,784 [4ac7aa66-6ed2-4b11-9c1a-72acd958e2aa-groupManagement] INFO  ratis.ContainerStateMachine (ContainerStateMachine.java:initialize(340)) - 4ac7aa66-6ed2-4b11-9c1a-72acd958e2aa: initialize group-E793DF1E5B5C
2025-03-20 02:10:05,785 [4ac7aa66-6ed2-4b11-9c1a-72acd958e2aa-groupManagement] INFO  ratis.ContainerStateMachine (ContainerStateMachine.java:loadSnapshot(348)) - group-E793DF1E5B5C: The snapshot info is null. Setting the last applied index to:(t:0, i:~)
2025-03-20 02:10:05,785 [4ac7aa66-6ed2-4b11-9c1a-72acd958e2aa-groupManagement] INFO  server.RaftServerConfigKeys (ConfUtils.java:logGet(46)) - raft.server.log.use.memory = false (default)
2025-03-20 02:10:05,785 [4ac7aa66-6ed2-4b11-9c1a-72acd958e2aa-groupManagement] INFO  server.RaftServerConfigKeys (ConfUtils.java:logGet(46)) - raft.server.log.purge.gap = 1000000 (custom)
2025-03-20 02:10:05,785 [4ac7aa66-6ed2-4b11-9c1a-72acd958e2aa-groupManagement] INFO  server.RaftServerConfigKeys (ConfUtils.java:logGet(46)) - raft.server.log.appender.buffer.byte-limit = 33554432 (custom)
2025-03-20 02:10:05,785 [4ac7aa66-6ed2-4b11-9c1a-72acd958e2aa-groupManagement] INFO  server.RaftServerConfigKeys (ConfUtils.java:logGet(46)) - raft.server.log.statemachine.data.read.timeout = 1000ms (default)
2025-03-20 02:10:05,785 [4ac7aa66-6ed2-4b11-9c1a-72acd958e2aa-groupManagement] INFO  server.RaftServerConfigKeys (ConfUtils.java:logGet(46)) - raft.server.log.purge.preservation.log.num = 0 (default)
2025-03-20 02:10:05,787 [4ac7aa66-6ed2-4b11-9c1a-72acd958e2aa-groupManagement] INFO  server.RaftServerConfigKeys (ConfUtils.java:logGet(46)) - raft.server.log.segment.size.max = 67108864 (custom)
2025-03-20 02:10:05,787 [4ac7aa66-6ed2-4b11-9c1a-72acd958e2aa-groupManagement] INFO  server.RaftServerConfigKeys (ConfUtils.java:logGet(46)) - raft.server.log.segment.cache.num.max = 2 (custom)
2025-03-20 02:10:05,787 [4ac7aa66-6ed2-4b11-9c1a-72acd958e2aa-groupManagement] INFO  server.RaftServerConfigKeys (ConfUtils.java:logGet(46)) - raft.server.log.segment.cache.size.max = 200MB (=209715200) (default)
2025-03-20 02:10:05,787 [4ac7aa66-6ed2-4b11-9c1a-72acd958e2aa-groupManagement] INFO  server.RaftServerConfigKeys (ConfUtils.java:logGet(46)) - raft.server.log.appender.buffer.byte-limit = 33554432 (custom)
2025-03-20 02:10:05,789 [EventQueue-OpenPipelineForHealthyPipelineSafeModeRule] INFO  safemode.SCMSafeModeManager (HealthyPipelineSafeModeRule.java:process(141)) - SCM in safe mode. Healthy pipelines reported count is 0, required healthy pipeline reported count is 1
2025-03-20 02:10:05,789 [4ac7aa66-6ed2-4b11-9c1a-72acd958e2aa-groupManagement] INFO  util.AwaitToRun (AwaitToRun.java:start(81)) - Thread[#785,4ac7aa66-6ed2-4b11-9c1a-72acd958e2aa@group-E793DF1E5B5C-cacheEviction-AwaitToRun,5,main] started
2025-03-20 02:10:05,789 [4ac7aa66-6ed2-4b11-9c1a-72acd958e2aa-groupManagement] INFO  segmented.SegmentedRaftLogWorker (SegmentedRaftLogWorker.java:<init>(188)) - new 4ac7aa66-6ed2-4b11-9c1a-72acd958e2aa@group-E793DF1E5B5C-SegmentedRaftLogWorker for RaftStorageImpl:Storage Directory /home/runner/work/ozone/ozone/hadoop-ozone/integration-test/target/test-dir/MiniOzoneClusterImpl-897eaf7f-b25b-4380-b284-a53405b32f13/ozone-meta/datanode-3/ratis/86a6705c-c260-48d4-82f8-e793df1e5b5c
2025-03-20 02:10:05,789 [4ac7aa66-6ed2-4b11-9c1a-72acd958e2aa-groupManagement] INFO  server.RaftServerConfigKeys (ConfUtils.java:logGet(46)) - raft.server.log.queue.byte-limit = 4294967296 (custom)
2025-03-20 02:10:05,789 [4ac7aa66-6ed2-4b11-9c1a-72acd958e2aa-groupManagement] INFO  server.RaftServerConfigKeys (ConfUtils.java:logGet(46)) - raft.server.log.queue.element-limit = 1024 (custom)
2025-03-20 02:10:05,790 [4ac7aa66-6ed2-4b11-9c1a-72acd958e2aa-groupManagement] INFO  server.RaftServerConfigKeys (ConfUtils.java:logGet(46)) - raft.server.log.segment.size.max = 67108864 (custom)
2025-03-20 02:10:05,790 [4ac7aa66-6ed2-4b11-9c1a-72acd958e2aa-groupManagement] INFO  server.RaftServerConfigKeys (ConfUtils.java:logGet(46)) - raft.server.log.preallocated.size = 4194304 (custom)
2025-03-20 02:10:05,790 [4ac7aa66-6ed2-4b11-9c1a-72acd958e2aa-groupManagement] INFO  server.RaftServerConfigKeys (ConfUtils.java:logGet(46)) - raft.server.log.force.sync.num = 128 (default)
2025-03-20 02:10:05,790 [4ac7aa66-6ed2-4b11-9c1a-72acd958e2aa-groupManagement] INFO  server.RaftServerConfigKeys (ConfUtils.java:logGet(46)) - raft.server.log.statemachine.data.sync = true (default)
2025-03-20 02:10:05,790 [4ac7aa66-6ed2-4b11-9c1a-72acd958e2aa-groupManagement] INFO  server.RaftServerConfigKeys (ConfUtils.java:logGet(46)) - raft.server.log.statemachine.data.sync.timeout = 10s (default)
2025-03-20 02:10:05,790 [4ac7aa66-6ed2-4b11-9c1a-72acd958e2aa-groupManagement] INFO  server.RaftServerConfigKeys (ConfUtils.java:logGet(46)) - raft.server.log.statemachine.data.sync.timeout.retry = 30 (custom)
2025-03-20 02:10:05,790 [4ac7aa66-6ed2-4b11-9c1a-72acd958e2aa-groupManagement] INFO  server.RaftServerConfigKeys (ConfUtils.java:logGet(46)) - raft.server.log.write.buffer.size = 33554440 (custom)
2025-03-20 02:10:05,796 [4ac7aa66-6ed2-4b11-9c1a-72acd958e2aa-groupManagement] INFO  server.RaftServerConfigKeys (ConfUtils.java:logGet(46)) - raft.server.log.appender.buffer.byte-limit = 33554432 (custom)
2025-03-20 02:10:05,796 [4ac7aa66-6ed2-4b11-9c1a-72acd958e2aa-groupManagement] INFO  server.RaftServerConfigKeys (ConfUtils.java:logGet(46)) - raft.server.log.unsafe-flush.enabled = false (default)
2025-03-20 02:10:05,797 [4ac7aa66-6ed2-4b11-9c1a-72acd958e2aa-groupManagement] INFO  server.RaftServerConfigKeys (ConfUtils.java:logGet(46)) - raft.server.log.async-flush.enabled = false (default)
2025-03-20 02:10:05,797 [4ac7aa66-6ed2-4b11-9c1a-72acd958e2aa-groupManagement] INFO  server.RaftServerConfigKeys (ConfUtils.java:logGet(46)) - raft.server.log.statemachine.data.caching.enabled = true (custom)
2025-03-20 02:10:05,798 [4ac7aa66-6ed2-4b11-9c1a-72acd958e2aa-groupManagement] INFO  segmented.SegmentedRaftLogWorker (SegmentedRaftLogWorker.java:lambda$new$0(139)) - 4ac7aa66-6ed2-4b11-9c1a-72acd958e2aa@group-E793DF1E5B5C-SegmentedRaftLogWorker: flushIndex: setUnconditionally 0 -> -1
2025-03-20 02:10:05,798 [4ac7aa66-6ed2-4b11-9c1a-72acd958e2aa-groupManagement] INFO  segmented.SegmentedRaftLogWorker (SegmentedRaftLogWorker.java:lambda$new$0(139)) - 4ac7aa66-6ed2-4b11-9c1a-72acd958e2aa@group-E793DF1E5B5C-SegmentedRaftLogWorker: safeCacheEvictIndex: setUnconditionally 0 -> -1
2025-03-20 02:10:05,799 [4ac7aa66-6ed2-4b11-9c1a-72acd958e2aa-groupManagement] INFO  server.RaftServer$Division (RaftServerImpl.java:start(391)) - 4ac7aa66-6ed2-4b11-9c1a-72acd958e2aa@group-E793DF1E5B5C: start as a follower, conf=conf: {index: -1, cur=peers:[f196473e-7e55-4e65-a56a-ed3222e0db42|127.0.0.1:15025, 4ac7aa66-6ed2-4b11-9c1a-72acd958e2aa|127.0.0.1:15034, 4d0384fa-a0d7-4e6d-b08b-6a0afc890d42|127.0.0.1:15016]|listeners:[], old=null}
2025-03-20 02:10:05,799 [4ac7aa66-6ed2-4b11-9c1a-72acd958e2aa-groupManagement] INFO  server.RaftServer$Division (RaftServerImpl.java:setRole(378)) - 4ac7aa66-6ed2-4b11-9c1a-72acd958e2aa@group-E793DF1E5B5C: changes role from      null to FOLLOWER at term 0 for startAsFollower
2025-03-20 02:10:05,799 [4ac7aa66-6ed2-4b11-9c1a-72acd958e2aa-groupManagement] INFO  impl.RoleInfo (RoleInfo.java:updateAndGet(148)) - 4ac7aa66-6ed2-4b11-9c1a-72acd958e2aa: start 4ac7aa66-6ed2-4b11-9c1a-72acd958e2aa@group-E793DF1E5B5C-FollowerState
2025-03-20 02:10:05,799 [4ac7aa66-6ed2-4b11-9c1a-72acd958e2aa-groupManagement] INFO  util.JmxRegister (JmxRegister.java:tryRegister(44)) - Successfully registered JMX Bean with object name Ratis:service=RaftServer,group=group-E793DF1E5B5C,id=4ac7aa66-6ed2-4b11-9c1a-72acd958e2aa
2025-03-20 02:10:05,799 [4ac7aa66-6ed2-4b11-9c1a-72acd958e2aa-groupManagement] INFO  util.JmxRegister (JmxRegister.java:register(58)) - register mxBean class org.apache.ratis.server.impl.RaftServerJmxAdapter as Ratis:service=RaftServer,group=group-E793DF1E5B5C,id=4ac7aa66-6ed2-4b11-9c1a-72acd958e2aa
2025-03-20 02:10:05,799 [4ac7aa66-6ed2-4b11-9c1a-72acd958e2aa-groupManagement] INFO  server.RaftServerConfigKeys (ConfUtils.java:logGet(46)) - raft.server.snapshot.trigger-when-stop.enabled = true (default)
2025-03-20 02:10:05,799 [4ac7aa66-6ed2-4b11-9c1a-72acd958e2aa-groupManagement] INFO  server.RaftServerConfigKeys (ConfUtils.java:logGet(46)) - raft.server.snapshot.trigger-when-remove.enabled = true (default)
2025-03-20 02:10:05,799 [4ac7aa66-6ed2-4b11-9c1a-72acd958e2aa-groupManagement] INFO  server.RaftServerConfigKeys (ConfUtils.java:logGet(46)) - raft.server.snapshot.auto.trigger.enabled = true (custom)
2025-03-20 02:10:05,799 [4ac7aa66-6ed2-4b11-9c1a-72acd958e2aa-groupManagement] INFO  server.RaftServerConfigKeys (ConfUtils.java:logGet(46)) - raft.server.snapshot.auto.trigger.threshold = 100000 (custom)
2025-03-20 02:10:05,799 [4ac7aa66-6ed2-4b11-9c1a-72acd958e2aa-groupManagement] INFO  server.RaftServerConfigKeys (ConfUtils.java:logGet(46)) - raft.server.snapshot.retention.file.num = 5 (custom)
2025-03-20 02:10:05,799 [4ac7aa66-6ed2-4b11-9c1a-72acd958e2aa-groupManagement] INFO  server.RaftServerConfigKeys (ConfUtils.java:logGet(46)) - raft.server.log.purge.upto.snapshot.index = false (default)
2025-03-20 02:10:05,800 [4ac7aa66-6ed2-4b11-9c1a-72acd958e2aa@group-E793DF1E5B5C-FollowerState] INFO  server.RaftServerConfigKeys (ConfUtils.java:logFallback(53)) - raft.server.rpc.first-election.timeout.min = 5s (fallback to raft.server.rpc.timeout.min)
2025-03-20 02:10:05,800 [4ac7aa66-6ed2-4b11-9c1a-72acd958e2aa@group-E793DF1E5B5C-FollowerState] INFO  server.RaftServerConfigKeys (ConfUtils.java:logFallback(53)) - raft.server.rpc.first-election.timeout.max = 5200ms (fallback to raft.server.rpc.timeout.max)
2025-03-20 02:10:05,801 [4ac7aa66-6ed2-4b11-9c1a-72acd958e2aa-groupManagement] INFO  server.RaftServer$Division (RaftServerImpl.java:start(405)) - 4ac7aa66-6ed2-4b11-9c1a-72acd958e2aa@group-E793DF1E5B5C: Successfully started.
2025-03-20 02:10:05,806 [4d0384fa-a0d7-4e6d-b08b-6a0afc890d42-PipelineCommandHandlerThread-0] INFO  commandhandler.CreatePipelineCommandHandler (CreatePipelineCommandHandler.java:lambda$handle$2(128)) - Created Pipeline RATIS THREE PipelineID=86a6705c-c260-48d4-82f8-e793df1e5b5c.
2025-03-20 02:10:06,722 [main] INFO  ozone.MiniOzoneClusterImpl (MiniOzoneClusterImpl.java:lambda$waitForClusterToBeReady$0(190)) - Nodes are ready. Got 3 of 3 DN Heartbeats.
2025-03-20 02:10:06,722 [main] INFO  ozone.MiniOzoneClusterImpl (MiniOzoneClusterImpl.java:lambda$waitForClusterToBeReady$0(193)) - Waiting for cluster to exit safe mode
2025-03-20 02:10:06,722 [main] INFO  ozone.MiniOzoneClusterImpl (MiniOzoneClusterImpl.java:lambda$waitForClusterToBeReady$0(195)) - SCM became leader
2025-03-20 02:10:07,723 [main] INFO  ozone.MiniOzoneClusterImpl (MiniOzoneClusterImpl.java:lambda$waitForClusterToBeReady$0(190)) - Nodes are ready. Got 3 of 3 DN Heartbeats.
2025-03-20 02:10:07,723 [main] INFO  ozone.MiniOzoneClusterImpl (MiniOzoneClusterImpl.java:lambda$waitForClusterToBeReady$0(193)) - Waiting for cluster to exit safe mode
2025-03-20 02:10:07,723 [main] INFO  ozone.MiniOzoneClusterImpl (MiniOzoneClusterImpl.java:lambda$waitForClusterToBeReady$0(195)) - SCM became leader
2025-03-20 02:10:08,723 [main] INFO  ozone.MiniOzoneClusterImpl (MiniOzoneClusterImpl.java:lambda$waitForClusterToBeReady$0(190)) - Nodes are ready. Got 3 of 3 DN Heartbeats.
2025-03-20 02:10:08,723 [main] INFO  ozone.MiniOzoneClusterImpl (MiniOzoneClusterImpl.java:lambda$waitForClusterToBeReady$0(193)) - Waiting for cluster to exit safe mode
2025-03-20 02:10:08,723 [main] INFO  ozone.MiniOzoneClusterImpl (MiniOzoneClusterImpl.java:lambda$waitForClusterToBeReady$0(195)) - SCM became leader
2025-03-20 02:10:09,724 [main] INFO  ozone.MiniOzoneClusterImpl (MiniOzoneClusterImpl.java:lambda$waitForClusterToBeReady$0(190)) - Nodes are ready. Got 3 of 3 DN Heartbeats.
2025-03-20 02:10:09,724 [main] INFO  ozone.MiniOzoneClusterImpl (MiniOzoneClusterImpl.java:lambda$waitForClusterToBeReady$0(193)) - Waiting for cluster to exit safe mode
2025-03-20 02:10:09,724 [main] INFO  ozone.MiniOzoneClusterImpl (MiniOzoneClusterImpl.java:lambda$waitForClusterToBeReady$0(195)) - SCM became leader
2025-03-20 02:10:10,414 [4d0384fa-a0d7-4e6d-b08b-6a0afc890d42@group-ECA047730B05-FollowerState] INFO  impl.FollowerState (FollowerState.java:runImpl(161)) - 4d0384fa-a0d7-4e6d-b08b-6a0afc890d42@group-ECA047730B05-FollowerState: change to CANDIDATE, lastRpcElapsedTime:5038379796ns, electionTimeout:5036ms
2025-03-20 02:10:10,414 [4d0384fa-a0d7-4e6d-b08b-6a0afc890d42@group-ECA047730B05-FollowerState] INFO  impl.RoleInfo (RoleInfo.java:shutdownFollowerState(121)) - 4d0384fa-a0d7-4e6d-b08b-6a0afc890d42: shutdown 4d0384fa-a0d7-4e6d-b08b-6a0afc890d42@group-ECA047730B05-FollowerState
2025-03-20 02:10:10,414 [4d0384fa-a0d7-4e6d-b08b-6a0afc890d42@group-ECA047730B05-FollowerState] INFO  server.RaftServer$Division (RaftServerImpl.java:setRole(378)) - 4d0384fa-a0d7-4e6d-b08b-6a0afc890d42@group-ECA047730B05: changes role from  FOLLOWER to CANDIDATE at term 0 for changeToCandidate
2025-03-20 02:10:10,415 [4d0384fa-a0d7-4e6d-b08b-6a0afc890d42@group-ECA047730B05-FollowerState] INFO  server.RaftServerConfigKeys (ConfUtils.java:logGet(46)) - raft.server.leaderelection.pre-vote = true (default)
2025-03-20 02:10:10,415 [4d0384fa-a0d7-4e6d-b08b-6a0afc890d42@group-ECA047730B05-FollowerState] INFO  impl.RoleInfo (RoleInfo.java:updateAndGet(148)) - 4d0384fa-a0d7-4e6d-b08b-6a0afc890d42: start 4d0384fa-a0d7-4e6d-b08b-6a0afc890d42@group-ECA047730B05-LeaderElection4
2025-03-20 02:10:10,415 [4d0384fa-a0d7-4e6d-b08b-6a0afc890d42@group-ECA047730B05-LeaderElection4] INFO  impl.LeaderElection (LeaderElection.java:askForVotes(332)) - 4d0384fa-a0d7-4e6d-b08b-6a0afc890d42@group-ECA047730B05-LeaderElection4 PRE_VOTE round 0: submit vote requests at term 0 for conf: {index: -1, cur=peers:[f196473e-7e55-4e65-a56a-ed3222e0db42|127.0.0.1:15025, 4ac7aa66-6ed2-4b11-9c1a-72acd958e2aa|127.0.0.1:15034, 4d0384fa-a0d7-4e6d-b08b-6a0afc890d42|127.0.0.1:15016]|listeners:[], old=null}
2025-03-20 02:10:10,418 [4d0384fa-a0d7-4e6d-b08b-6a0afc890d42@group-ECA047730B05-LeaderElection4] INFO  server.RaftServerConfigKeys (ConfUtils.java:logFallback(53)) - raft.server.rpc.first-election.timeout.min = 5s (fallback to raft.server.rpc.timeout.min)
2025-03-20 02:10:10,418 [4d0384fa-a0d7-4e6d-b08b-6a0afc890d42@group-ECA047730B05-LeaderElection4] INFO  server.RaftServerConfigKeys (ConfUtils.java:logFallback(53)) - raft.server.rpc.first-election.timeout.max = 5200ms (fallback to raft.server.rpc.timeout.max)
2025-03-20 02:10:10,418 [4d0384fa-a0d7-4e6d-b08b-6a0afc890d42@group-ECA047730B05-LeaderElection4-1] INFO  server.GrpcServerProtocolClient (GrpcServerProtocolClient.java:<init>(65)) - Build channel for f196473e-7e55-4e65-a56a-ed3222e0db42|127.0.0.1:15025
2025-03-20 02:10:10,418 [4d0384fa-a0d7-4e6d-b08b-6a0afc890d42@group-ECA047730B05-LeaderElection4-2] INFO  server.GrpcServerProtocolClient (GrpcServerProtocolClient.java:<init>(65)) - Build channel for 4ac7aa66-6ed2-4b11-9c1a-72acd958e2aa|127.0.0.1:15034
2025-03-20 02:10:10,425 [grpc-default-executor-0] INFO  server.RaftServer$Division (RaftServerImpl.java:requestVote(1407)) - 4ac7aa66-6ed2-4b11-9c1a-72acd958e2aa@group-ECA047730B05: receive requestVote(PRE_VOTE, 4d0384fa-a0d7-4e6d-b08b-6a0afc890d42, group-ECA047730B05, 0, (t:0, i:0))
2025-03-20 02:10:10,425 [grpc-default-executor-1] INFO  server.RaftServer$Division (RaftServerImpl.java:requestVote(1407)) - f196473e-7e55-4e65-a56a-ed3222e0db42@group-ECA047730B05: receive requestVote(PRE_VOTE, 4d0384fa-a0d7-4e6d-b08b-6a0afc890d42, group-ECA047730B05, 0, (t:0, i:0))
2025-03-20 02:10:10,426 [grpc-default-executor-1] INFO  impl.VoteContext (VoteContext.java:log(49)) - f196473e-7e55-4e65-a56a-ed3222e0db42@group-ECA047730B05-FOLLOWER: reject PRE_VOTE from 4d0384fa-a0d7-4e6d-b08b-6a0afc890d42: our priority 1 > candidate's priority 0
2025-03-20 02:10:10,426 [grpc-default-executor-0] INFO  impl.VoteContext (VoteContext.java:log(49)) - 4ac7aa66-6ed2-4b11-9c1a-72acd958e2aa@group-ECA047730B05-FOLLOWER: accept PRE_VOTE from 4d0384fa-a0d7-4e6d-b08b-6a0afc890d42: our priority 0 <= candidate's priority 0
2025-03-20 02:10:10,428 [grpc-default-executor-1] INFO  server.RaftServer$Division (RaftServerImpl.java:requestVote(1441)) - f196473e-7e55-4e65-a56a-ed3222e0db42@group-ECA047730B05 replies to PRE_VOTE vote request: 4d0384fa-a0d7-4e6d-b08b-6a0afc890d42<-f196473e-7e55-4e65-a56a-ed3222e0db42#0:FAIL-t0. Peer's state: f196473e-7e55-4e65-a56a-ed3222e0db42@group-ECA047730B05:t0, leader=null, voted=, raftlog=Memoized:f196473e-7e55-4e65-a56a-ed3222e0db42@group-ECA047730B05-SegmentedRaftLog:OPENED:c-1:lastnull, conf=conf: {index: -1, cur=peers:[f196473e-7e55-4e65-a56a-ed3222e0db42|127.0.0.1:15025, 4ac7aa66-6ed2-4b11-9c1a-72acd958e2aa|127.0.0.1:15034, 4d0384fa-a0d7-4e6d-b08b-6a0afc890d42|127.0.0.1:15016]|listeners:[], old=null}
2025-03-20 02:10:10,428 [grpc-default-executor-0] INFO  server.RaftServer$Division (RaftServerImpl.java:requestVote(1441)) - 4ac7aa66-6ed2-4b11-9c1a-72acd958e2aa@group-ECA047730B05 replies to PRE_VOTE vote request: 4d0384fa-a0d7-4e6d-b08b-6a0afc890d42<-4ac7aa66-6ed2-4b11-9c1a-72acd958e2aa#0:OK-t0. Peer's state: 4ac7aa66-6ed2-4b11-9c1a-72acd958e2aa@group-ECA047730B05:t0, leader=null, voted=, raftlog=Memoized:4ac7aa66-6ed2-4b11-9c1a-72acd958e2aa@group-ECA047730B05-SegmentedRaftLog:OPENED:c-1:lastnull, conf=conf: {index: -1, cur=peers:[f196473e-7e55-4e65-a56a-ed3222e0db42|127.0.0.1:15025, 4ac7aa66-6ed2-4b11-9c1a-72acd958e2aa|127.0.0.1:15034, 4d0384fa-a0d7-4e6d-b08b-6a0afc890d42|127.0.0.1:15016]|listeners:[], old=null}
2025-03-20 02:10:10,429 [4d0384fa-a0d7-4e6d-b08b-6a0afc890d42@group-ECA047730B05-LeaderElection4] INFO  impl.LeaderElection (LeaderElection.java:logAndReturn(90)) - 4d0384fa-a0d7-4e6d-b08b-6a0afc890d42@group-ECA047730B05-LeaderElection4: PRE_VOTE REJECTED received 1 response(s) and 0 exception(s):
2025-03-20 02:10:10,430 [4d0384fa-a0d7-4e6d-b08b-6a0afc890d42@group-ECA047730B05-LeaderElection4] INFO  impl.LeaderElection (LeaderElection.java:logAndReturn(94)) -   Response 0: 4d0384fa-a0d7-4e6d-b08b-6a0afc890d42<-f196473e-7e55-4e65-a56a-ed3222e0db42#0:FAIL-t0
2025-03-20 02:10:10,430 [4d0384fa-a0d7-4e6d-b08b-6a0afc890d42@group-ECA047730B05-LeaderElection4] INFO  impl.LeaderElection (LeaderElection.java:askForVotes(334)) - 4d0384fa-a0d7-4e6d-b08b-6a0afc890d42@group-ECA047730B05-LeaderElection4 PRE_VOTE round 0: result REJECTED
2025-03-20 02:10:10,430 [4d0384fa-a0d7-4e6d-b08b-6a0afc890d42@group-ECA047730B05-LeaderElection4] INFO  server.RaftServer$Division (RaftServerImpl.java:setRole(378)) - 4d0384fa-a0d7-4e6d-b08b-6a0afc890d42@group-ECA047730B05: changes role from CANDIDATE to FOLLOWER at term 0 for REJECTED
2025-03-20 02:10:10,430 [4d0384fa-a0d7-4e6d-b08b-6a0afc890d42@group-ECA047730B05-LeaderElection4] INFO  impl.RoleInfo (RoleInfo.java:shutdownLeaderElection(141)) - 4d0384fa-a0d7-4e6d-b08b-6a0afc890d42: shutdown 4d0384fa-a0d7-4e6d-b08b-6a0afc890d42@group-ECA047730B05-LeaderElection4
2025-03-20 02:10:10,430 [4d0384fa-a0d7-4e6d-b08b-6a0afc890d42@group-ECA047730B05-LeaderElection4] INFO  impl.RoleInfo (RoleInfo.java:updateAndGet(148)) - 4d0384fa-a0d7-4e6d-b08b-6a0afc890d42: start 4d0384fa-a0d7-4e6d-b08b-6a0afc890d42@group-ECA047730B05-FollowerState
2025-03-20 02:10:10,430 [4d0384fa-a0d7-4e6d-b08b-6a0afc890d42@group-ECA047730B05-LeaderElection4] INFO  server.RaftServer$Division (RaftServerImpl.java:setFirstElection(562)) - 4d0384fa-a0d7-4e6d-b08b-6a0afc890d42@group-ECA047730B05: set firstElectionSinceStartup to false for REJECTED
2025-03-20 02:10:10,517 [4d0384fa-a0d7-4e6d-b08b-6a0afc890d42@group-6841605BDE03-FollowerState] INFO  impl.FollowerState (FollowerState.java:runImpl(161)) - 4d0384fa-a0d7-4e6d-b08b-6a0afc890d42@group-6841605BDE03-FollowerState: change to CANDIDATE, lastRpcElapsedTime:5183674952ns, electionTimeout:5183ms
2025-03-20 02:10:10,517 [4d0384fa-a0d7-4e6d-b08b-6a0afc890d42@group-6841605BDE03-FollowerState] INFO  impl.RoleInfo (RoleInfo.java:shutdownFollowerState(121)) - 4d0384fa-a0d7-4e6d-b08b-6a0afc890d42: shutdown 4d0384fa-a0d7-4e6d-b08b-6a0afc890d42@group-6841605BDE03-FollowerState
2025-03-20 02:10:10,517 [4d0384fa-a0d7-4e6d-b08b-6a0afc890d42@group-6841605BDE03-FollowerState] INFO  server.RaftServer$Division (RaftServerImpl.java:setRole(378)) - 4d0384fa-a0d7-4e6d-b08b-6a0afc890d42@group-6841605BDE03: changes role from  FOLLOWER to CANDIDATE at term 0 for changeToCandidate
2025-03-20 02:10:10,517 [4d0384fa-a0d7-4e6d-b08b-6a0afc890d42@group-6841605BDE03-FollowerState] INFO  server.RaftServerConfigKeys (ConfUtils.java:logGet(46)) - raft.server.leaderelection.pre-vote = true (default)
2025-03-20 02:10:10,517 [4d0384fa-a0d7-4e6d-b08b-6a0afc890d42@group-6841605BDE03-FollowerState] INFO  impl.RoleInfo (RoleInfo.java:updateAndGet(148)) - 4d0384fa-a0d7-4e6d-b08b-6a0afc890d42: start 4d0384fa-a0d7-4e6d-b08b-6a0afc890d42@group-6841605BDE03-LeaderElection5
2025-03-20 02:10:10,518 [4d0384fa-a0d7-4e6d-b08b-6a0afc890d42@group-6841605BDE03-LeaderElection5] INFO  impl.LeaderElection (LeaderElection.java:askForVotes(332)) - 4d0384fa-a0d7-4e6d-b08b-6a0afc890d42@group-6841605BDE03-LeaderElection5 PRE_VOTE round 0: submit vote requests at term 0 for conf: {index: -1, cur=peers:[4d0384fa-a0d7-4e6d-b08b-6a0afc890d42|127.0.0.1:15016]|listeners:[], old=null}
2025-03-20 02:10:10,518 [4d0384fa-a0d7-4e6d-b08b-6a0afc890d42@group-6841605BDE03-LeaderElection5] INFO  impl.LeaderElection (LeaderElection.java:askForVotes(334)) - 4d0384fa-a0d7-4e6d-b08b-6a0afc890d42@group-6841605BDE03-LeaderElection5 PRE_VOTE round 0: result PASSED (term=0)
2025-03-20 02:10:10,519 [4d0384fa-a0d7-4e6d-b08b-6a0afc890d42@group-6841605BDE03-LeaderElection5] INFO  impl.LeaderElection (LeaderElection.java:askForVotes(332)) - 4d0384fa-a0d7-4e6d-b08b-6a0afc890d42@group-6841605BDE03-LeaderElection5 ELECTION round 0: submit vote requests at term 1 for conf: {index: -1, cur=peers:[4d0384fa-a0d7-4e6d-b08b-6a0afc890d42|127.0.0.1:15016]|listeners:[], old=null}
2025-03-20 02:10:10,519 [4d0384fa-a0d7-4e6d-b08b-6a0afc890d42@group-6841605BDE03-LeaderElection5] INFO  impl.LeaderElection (LeaderElection.java:askForVotes(334)) - 4d0384fa-a0d7-4e6d-b08b-6a0afc890d42@group-6841605BDE03-LeaderElection5 ELECTION round 0: result PASSED (term=1)
2025-03-20 02:10:10,519 [4d0384fa-a0d7-4e6d-b08b-6a0afc890d42@group-6841605BDE03-LeaderElection5] INFO  impl.RoleInfo (RoleInfo.java:shutdownLeaderElection(141)) - 4d0384fa-a0d7-4e6d-b08b-6a0afc890d42: shutdown 4d0384fa-a0d7-4e6d-b08b-6a0afc890d42@group-6841605BDE03-LeaderElection5
2025-03-20 02:10:10,519 [4d0384fa-a0d7-4e6d-b08b-6a0afc890d42@group-6841605BDE03-LeaderElection5] INFO  server.RaftServer$Division (RaftServerImpl.java:setRole(378)) - 4d0384fa-a0d7-4e6d-b08b-6a0afc890d42@group-6841605BDE03: changes role from CANDIDATE to LEADER at term 1 for changeToLeader
2025-03-20 02:10:10,519 [4d0384fa-a0d7-4e6d-b08b-6a0afc890d42@group-6841605BDE03-LeaderElection5] INFO  server.RaftServerConfigKeys (ConfUtils.java:logGet(46)) - raft.server.staging.catchup.gap = 1000 (default)
2025-03-20 02:10:10,520 [4d0384fa-a0d7-4e6d-b08b-6a0afc890d42@group-6841605BDE03-LeaderElection5] INFO  server.RaftServerConfigKeys (ConfUtils.java:logGet(46)) - raft.server.write.element-limit = 1024 (custom)
2025-03-20 02:10:10,520 [4d0384fa-a0d7-4e6d-b08b-6a0afc890d42@group-6841605BDE03-LeaderElection5] INFO  server.RaftServerConfigKeys (ConfUtils.java:logGet(46)) - raft.server.write.byte-limit = 1024 M (=1073741824) (custom)
2025-03-20 02:10:10,520 [4d0384fa-a0d7-4e6d-b08b-6a0afc890d42@group-6841605BDE03-LeaderElection5] INFO  server.RaftServerConfigKeys (ConfUtils.java:logGet(46)) - raft.server.watch.timeout = 30s (custom)
2025-03-20 02:10:10,520 [4d0384fa-a0d7-4e6d-b08b-6a0afc890d42@group-6841605BDE03-LeaderElection5] INFO  server.RaftServerConfigKeys (ConfUtils.java:logGet(46)) - raft.server.watch.timeout.denomination = 1s (default)
2025-03-20 02:10:10,520 [4d0384fa-a0d7-4e6d-b08b-6a0afc890d42@group-6841605BDE03-LeaderElection5] INFO  server.RaftServerConfigKeys (ConfUtils.java:logGet(46)) - raft.server.watch.element-limit = 65536 (default)
2025-03-20 02:10:10,521 [4d0384fa-a0d7-4e6d-b08b-6a0afc890d42@group-6841605BDE03-LeaderElection5] INFO  server.RaftServerConfigKeys (ConfUtils.java:logGet(46)) - raft.server.read.leader.lease.enabled = false (default)
2025-03-20 02:10:10,521 [4d0384fa-a0d7-4e6d-b08b-6a0afc890d42@group-6841605BDE03-LeaderElection5] INFO  server.RaftServerConfigKeys (ConfUtils.java:logGet(46)) - raft.server.read.leader.lease.timeout.ratio = 0.9 (default)
2025-03-20 02:10:10,521 [4d0384fa-a0d7-4e6d-b08b-6a0afc890d42@group-6841605BDE03-LeaderElection5] INFO  server.RaftServerConfigKeys (ConfUtils.java:logGet(46)) - raft.server.rpc.timeout.min = 5s (custom)
2025-03-20 02:10:10,521 [4d0384fa-a0d7-4e6d-b08b-6a0afc890d42@group-6841605BDE03-LeaderElection5] INFO  server.RaftServerConfigKeys (ConfUtils.java:logGet(46)) - raft.server.log.log-metadata.enabled = true (default)
2025-03-20 02:10:10,521 [4d0384fa-a0d7-4e6d-b08b-6a0afc890d42@group-6841605BDE03-LeaderElection5] INFO  server.RaftServerConfigKeys (ConfUtils.java:logGet(46)) - raft.server.write.element-limit = 1024 (custom)
2025-03-20 02:10:10,521 [4d0384fa-a0d7-4e6d-b08b-6a0afc890d42@group-6841605BDE03-LeaderElection5] INFO  server.RaftServerConfigKeys (ConfUtils.java:logGet(46)) - raft.server.write.follower.gap.ratio.max = -1.0 (default)
2025-03-20 02:10:10,521 [4d0384fa-a0d7-4e6d-b08b-6a0afc890d42@group-6841605BDE03-LeaderElection5] INFO  impl.RoleInfo (RoleInfo.java:updateAndGet(148)) - 4d0384fa-a0d7-4e6d-b08b-6a0afc890d42: start 4d0384fa-a0d7-4e6d-b08b-6a0afc890d42@group-6841605BDE03-LeaderStateImpl
2025-03-20 02:10:10,521 [4d0384fa-a0d7-4e6d-b08b-6a0afc890d42@group-6841605BDE03-LeaderElection5] INFO  server.RaftServer$Division (RaftServerImpl.java:setFirstElection(562)) - 4d0384fa-a0d7-4e6d-b08b-6a0afc890d42@group-6841605BDE03: set firstElectionSinceStartup to false for becomeLeader
2025-03-20 02:10:10,521 [4d0384fa-a0d7-4e6d-b08b-6a0afc890d42@group-6841605BDE03-LeaderElection5] INFO  ratis.XceiverServerRatis (XceiverServerRatis.java:handleLeaderChangedNotification(941)) - Leader change notification received for group: group-6841605BDE03 with new leaderId: 4d0384fa-a0d7-4e6d-b08b-6a0afc890d42
2025-03-20 02:10:10,522 [4d0384fa-a0d7-4e6d-b08b-6a0afc890d42@group-6841605BDE03-LeaderElection5] INFO  server.RaftServer$Division (ServerState.java:setLeader(272)) - 4d0384fa-a0d7-4e6d-b08b-6a0afc890d42@group-6841605BDE03: change Leader from null to 4d0384fa-a0d7-4e6d-b08b-6a0afc890d42 at term 1 for becomeLeader, leader elected after 5212ms
2025-03-20 02:10:10,522 [4d0384fa-a0d7-4e6d-b08b-6a0afc890d42@group-6841605BDE03-LeaderElection5] INFO  segmented.SegmentedRaftLogWorker (SegmentedRaftLogWorker.java:startLogSegment(438)) - 4d0384fa-a0d7-4e6d-b08b-6a0afc890d42@group-6841605BDE03-SegmentedRaftLogWorker: Starting segment from index:0
2025-03-20 02:10:10,523 [4d0384fa-a0d7-4e6d-b08b-6a0afc890d42@group-6841605BDE03-LeaderElection5] INFO  server.RaftServer$Division (ServerState.java:setRaftConf(386)) - 4d0384fa-a0d7-4e6d-b08b-6a0afc890d42@group-6841605BDE03: set configuration conf: {index: 0, cur=peers:[4d0384fa-a0d7-4e6d-b08b-6a0afc890d42|127.0.0.1:15016]|listeners:[], old=null}
2025-03-20 02:10:10,523 [4d0384fa-a0d7-4e6d-b08b-6a0afc890d42@group-6841605BDE03-SegmentedRaftLogWorker] INFO  segmented.BufferedWriteChannel (BufferedWriteChannel.java:open(61)) - open log_inprogress_0 at position 0
2025-03-20 02:10:10,525 [EventQueue-OpenPipelineForHealthyPipelineSafeModeRule] INFO  safemode.SCMSafeModeManager (HealthyPipelineSafeModeRule.java:process(141)) - SCM in safe mode. Healthy pipelines reported count is 0, required healthy pipeline reported count is 1
2025-03-20 02:10:10,532 [4d0384fa-a0d7-4e6d-b08b-6a0afc890d42@group-6841605BDE03-SegmentedRaftLogWorker] INFO  segmented.SegmentedRaftLogWorker (SegmentedRaftLogWorker.java:execute(644)) - 4d0384fa-a0d7-4e6d-b08b-6a0afc890d42@group-6841605BDE03-SegmentedRaftLogWorker: created new log segment /home/runner/work/ozone/ozone/hadoop-ozone/integration-test/target/test-dir/MiniOzoneClusterImpl-897eaf7f-b25b-4380-b284-a53405b32f13/ozone-meta/datanode-1/ratis/cef25cc7-9737-4fb4-b832-6841605bde03/current/log_inprogress_0
2025-03-20 02:10:10,534 [4d0384fa-a0d7-4e6d-b08b-6a0afc890d42@group-6841605BDE03-StateMachineUpdater] INFO  server.RaftServer$Division (LeaderStateImpl.java:checkStartIndex(313)) - Leader 4d0384fa-a0d7-4e6d-b08b-6a0afc890d42@group-6841605BDE03-LeaderStateImpl is ready since appliedIndex == startIndex == 0
2025-03-20 02:10:10,659 [f196473e-7e55-4e65-a56a-ed3222e0db42@group-ECA047730B05-FollowerState] INFO  impl.FollowerState (FollowerState.java:runImpl(161)) - f196473e-7e55-4e65-a56a-ed3222e0db42@group-ECA047730B05-FollowerState: change to CANDIDATE, lastRpcElapsedTime:5078669115ns, electionTimeout:5078ms
2025-03-20 02:10:10,659 [f196473e-7e55-4e65-a56a-ed3222e0db42@group-ECA047730B05-FollowerState] INFO  impl.RoleInfo (RoleInfo.java:shutdownFollowerState(121)) - f196473e-7e55-4e65-a56a-ed3222e0db42: shutdown f196473e-7e55-4e65-a56a-ed3222e0db42@group-ECA047730B05-FollowerState
2025-03-20 02:10:10,660 [f196473e-7e55-4e65-a56a-ed3222e0db42@group-ECA047730B05-FollowerState] INFO  server.RaftServer$Division (RaftServerImpl.java:setRole(378)) - f196473e-7e55-4e65-a56a-ed3222e0db42@group-ECA047730B05: changes role from  FOLLOWER to CANDIDATE at term 0 for changeToCandidate
2025-03-20 02:10:10,660 [f196473e-7e55-4e65-a56a-ed3222e0db42@group-ECA047730B05-FollowerState] INFO  server.RaftServerConfigKeys (ConfUtils.java:logGet(46)) - raft.server.leaderelection.pre-vote = true (default)
2025-03-20 02:10:10,660 [f196473e-7e55-4e65-a56a-ed3222e0db42@group-ECA047730B05-FollowerState] INFO  impl.RoleInfo (RoleInfo.java:updateAndGet(148)) - f196473e-7e55-4e65-a56a-ed3222e0db42: start f196473e-7e55-4e65-a56a-ed3222e0db42@group-ECA047730B05-LeaderElection6
2025-03-20 02:10:10,660 [f196473e-7e55-4e65-a56a-ed3222e0db42@group-ECA047730B05-LeaderElection6] INFO  impl.LeaderElection (LeaderElection.java:askForVotes(332)) - f196473e-7e55-4e65-a56a-ed3222e0db42@group-ECA047730B05-LeaderElection6 PRE_VOTE round 0: submit vote requests at term 0 for conf: {index: -1, cur=peers:[f196473e-7e55-4e65-a56a-ed3222e0db42|127.0.0.1:15025, 4ac7aa66-6ed2-4b11-9c1a-72acd958e2aa|127.0.0.1:15034, 4d0384fa-a0d7-4e6d-b08b-6a0afc890d42|127.0.0.1:15016]|listeners:[], old=null}
2025-03-20 02:10:10,661 [f196473e-7e55-4e65-a56a-ed3222e0db42@group-ECA047730B05-LeaderElection6-1] INFO  server.GrpcServerProtocolClient (GrpcServerProtocolClient.java:<init>(65)) - Build channel for 4ac7aa66-6ed2-4b11-9c1a-72acd958e2aa|127.0.0.1:15034
2025-03-20 02:10:10,661 [f196473e-7e55-4e65-a56a-ed3222e0db42@group-ECA047730B05-LeaderElection6-2] INFO  server.GrpcServerProtocolClient (GrpcServerProtocolClient.java:<init>(65)) - Build channel for 4d0384fa-a0d7-4e6d-b08b-6a0afc890d42|127.0.0.1:15016
2025-03-20 02:10:10,661 [f196473e-7e55-4e65-a56a-ed3222e0db42@group-ECA047730B05-LeaderElection6] INFO  server.RaftServerConfigKeys (ConfUtils.java:logFallback(53)) - raft.server.rpc.first-election.timeout.min = 5s (fallback to raft.server.rpc.timeout.min)
2025-03-20 02:10:10,661 [f196473e-7e55-4e65-a56a-ed3222e0db42@group-ECA047730B05-LeaderElection6] INFO  server.RaftServerConfigKeys (ConfUtils.java:logFallback(53)) - raft.server.rpc.first-election.timeout.max = 5200ms (fallback to raft.server.rpc.timeout.max)
2025-03-20 02:10:10,666 [grpc-default-executor-0] INFO  server.RaftServer$Division (RaftServerImpl.java:requestVote(1407)) - 4d0384fa-a0d7-4e6d-b08b-6a0afc890d42@group-ECA047730B05: receive requestVote(PRE_VOTE, f196473e-7e55-4e65-a56a-ed3222e0db42, group-ECA047730B05, 0, (t:0, i:0))
2025-03-20 02:10:10,666 [f196473e-7e55-4e65-a56a-ed3222e0db42@group-448A0B89DD6C-FollowerState] INFO  impl.FollowerState (FollowerState.java:runImpl(161)) - f196473e-7e55-4e65-a56a-ed3222e0db42@group-448A0B89DD6C-FollowerState: change to CANDIDATE, lastRpcElapsedTime:5117910923ns, electionTimeout:5117ms
2025-03-20 02:10:10,666 [f196473e-7e55-4e65-a56a-ed3222e0db42@group-448A0B89DD6C-FollowerState] INFO  impl.RoleInfo (RoleInfo.java:shutdownFollowerState(121)) - f196473e-7e55-4e65-a56a-ed3222e0db42: shutdown f196473e-7e55-4e65-a56a-ed3222e0db42@group-448A0B89DD6C-FollowerState
2025-03-20 02:10:10,666 [grpc-default-executor-0] INFO  impl.VoteContext (VoteContext.java:log(49)) - 4d0384fa-a0d7-4e6d-b08b-6a0afc890d42@group-ECA047730B05-FOLLOWER: accept PRE_VOTE from f196473e-7e55-4e65-a56a-ed3222e0db42: our priority 0 <= candidate's priority 1
2025-03-20 02:10:10,666 [grpc-default-executor-1] INFO  server.RaftServer$Division (RaftServerImpl.java:requestVote(1407)) - 4ac7aa66-6ed2-4b11-9c1a-72acd958e2aa@group-ECA047730B05: receive requestVote(PRE_VOTE, f196473e-7e55-4e65-a56a-ed3222e0db42, group-ECA047730B05, 0, (t:0, i:0))
2025-03-20 02:10:10,666 [grpc-default-executor-0] INFO  server.RaftServer$Division (RaftServerImpl.java:requestVote(1441)) - 4d0384fa-a0d7-4e6d-b08b-6a0afc890d42@group-ECA047730B05 replies to PRE_VOTE vote request: f196473e-7e55-4e65-a56a-ed3222e0db42<-4d0384fa-a0d7-4e6d-b08b-6a0afc890d42#0:OK-t0. Peer's state: 4d0384fa-a0d7-4e6d-b08b-6a0afc890d42@group-ECA047730B05:t0, leader=null, voted=, raftlog=Memoized:4d0384fa-a0d7-4e6d-b08b-6a0afc890d42@group-ECA047730B05-SegmentedRaftLog:OPENED:c-1:lastnull, conf=conf: {index: -1, cur=peers:[f196473e-7e55-4e65-a56a-ed3222e0db42|127.0.0.1:15025, 4ac7aa66-6ed2-4b11-9c1a-72acd958e2aa|127.0.0.1:15034, 4d0384fa-a0d7-4e6d-b08b-6a0afc890d42|127.0.0.1:15016]|listeners:[], old=null}
2025-03-20 02:10:10,666 [grpc-default-executor-1] INFO  impl.VoteContext (VoteContext.java:log(49)) - 4ac7aa66-6ed2-4b11-9c1a-72acd958e2aa@group-ECA047730B05-FOLLOWER: accept PRE_VOTE from f196473e-7e55-4e65-a56a-ed3222e0db42: our priority 0 <= candidate's priority 1
2025-03-20 02:10:10,666 [grpc-default-executor-1] INFO  server.RaftServer$Division (RaftServerImpl.java:requestVote(1441)) - 4ac7aa66-6ed2-4b11-9c1a-72acd958e2aa@group-ECA047730B05 replies to PRE_VOTE vote request: f196473e-7e55-4e65-a56a-ed3222e0db42<-4ac7aa66-6ed2-4b11-9c1a-72acd958e2aa#0:OK-t0. Peer's state: 4ac7aa66-6ed2-4b11-9c1a-72acd958e2aa@group-ECA047730B05:t0, leader=null, voted=, raftlog=Memoized:4ac7aa66-6ed2-4b11-9c1a-72acd958e2aa@group-ECA047730B05-SegmentedRaftLog:OPENED:c-1:lastnull, conf=conf: {index: -1, cur=peers:[f196473e-7e55-4e65-a56a-ed3222e0db42|127.0.0.1:15025, 4ac7aa66-6ed2-4b11-9c1a-72acd958e2aa|127.0.0.1:15034, 4d0384fa-a0d7-4e6d-b08b-6a0afc890d42|127.0.0.1:15016]|listeners:[], old=null}
2025-03-20 02:10:10,666 [f196473e-7e55-4e65-a56a-ed3222e0db42@group-448A0B89DD6C-FollowerState] INFO  server.RaftServer$Division (RaftServerImpl.java:setRole(378)) - f196473e-7e55-4e65-a56a-ed3222e0db42@group-448A0B89DD6C: changes role from  FOLLOWER to CANDIDATE at term 0 for changeToCandidate
2025-03-20 02:10:10,667 [f196473e-7e55-4e65-a56a-ed3222e0db42@group-448A0B89DD6C-FollowerState] INFO  server.RaftServerConfigKeys (ConfUtils.java:logGet(46)) - raft.server.leaderelection.pre-vote = true (default)
2025-03-20 02:10:10,667 [f196473e-7e55-4e65-a56a-ed3222e0db42@group-448A0B89DD6C-FollowerState] INFO  impl.RoleInfo (RoleInfo.java:updateAndGet(148)) - f196473e-7e55-4e65-a56a-ed3222e0db42: start f196473e-7e55-4e65-a56a-ed3222e0db42@group-448A0B89DD6C-LeaderElection7
2025-03-20 02:10:10,668 [f196473e-7e55-4e65-a56a-ed3222e0db42@group-ECA047730B05-LeaderElection6] INFO  impl.LeaderElection (LeaderElection.java:logAndReturn(90)) - f196473e-7e55-4e65-a56a-ed3222e0db42@group-ECA047730B05-LeaderElection6: PRE_VOTE PASSED received 1 response(s) and 0 exception(s):
2025-03-20 02:10:10,668 [f196473e-7e55-4e65-a56a-ed3222e0db42@group-ECA047730B05-LeaderElection6] INFO  impl.LeaderElection (LeaderElection.java:logAndReturn(94)) -   Response 0: f196473e-7e55-4e65-a56a-ed3222e0db42<-4d0384fa-a0d7-4e6d-b08b-6a0afc890d42#0:OK-t0
2025-03-20 02:10:10,668 [f196473e-7e55-4e65-a56a-ed3222e0db42@group-ECA047730B05-LeaderElection6] INFO  impl.LeaderElection (LeaderElection.java:askForVotes(334)) - f196473e-7e55-4e65-a56a-ed3222e0db42@group-ECA047730B05-LeaderElection6 PRE_VOTE round 0: result PASSED
2025-03-20 02:10:10,669 [f196473e-7e55-4e65-a56a-ed3222e0db42@group-448A0B89DD6C-LeaderElection7] INFO  impl.LeaderElection (LeaderElection.java:askForVotes(332)) - f196473e-7e55-4e65-a56a-ed3222e0db42@group-448A0B89DD6C-LeaderElection7 PRE_VOTE round 0: submit vote requests at term 0 for conf: {index: -1, cur=peers:[f196473e-7e55-4e65-a56a-ed3222e0db42|127.0.0.1:15025]|listeners:[], old=null}
2025-03-20 02:10:10,669 [f196473e-7e55-4e65-a56a-ed3222e0db42@group-448A0B89DD6C-LeaderElection7] INFO  impl.LeaderElection (LeaderElection.java:askForVotes(334)) - f196473e-7e55-4e65-a56a-ed3222e0db42@group-448A0B89DD6C-LeaderElection7 PRE_VOTE round 0: result PASSED (term=0)
2025-03-20 02:10:10,670 [f196473e-7e55-4e65-a56a-ed3222e0db42@group-ECA047730B05-LeaderElection6] INFO  impl.LeaderElection (LeaderElection.java:askForVotes(332)) - f196473e-7e55-4e65-a56a-ed3222e0db42@group-ECA047730B05-LeaderElection6 ELECTION round 0: submit vote requests at term 1 for conf: {index: -1, cur=peers:[f196473e-7e55-4e65-a56a-ed3222e0db42|127.0.0.1:15025, 4ac7aa66-6ed2-4b11-9c1a-72acd958e2aa|127.0.0.1:15034, 4d0384fa-a0d7-4e6d-b08b-6a0afc890d42|127.0.0.1:15016]|listeners:[], old=null}
2025-03-20 02:10:10,671 [f196473e-7e55-4e65-a56a-ed3222e0db42@group-448A0B89DD6C-LeaderElection7] INFO  impl.LeaderElection (LeaderElection.java:askForVotes(332)) - f196473e-7e55-4e65-a56a-ed3222e0db42@group-448A0B89DD6C-LeaderElection7 ELECTION round 0: submit vote requests at term 1 for conf: {index: -1, cur=peers:[f196473e-7e55-4e65-a56a-ed3222e0db42|127.0.0.1:15025]|listeners:[], old=null}
2025-03-20 02:10:10,671 [f196473e-7e55-4e65-a56a-ed3222e0db42@group-448A0B89DD6C-LeaderElection7] INFO  impl.LeaderElection (LeaderElection.java:askForVotes(334)) - f196473e-7e55-4e65-a56a-ed3222e0db42@group-448A0B89DD6C-LeaderElection7 ELECTION round 0: result PASSED (term=1)
2025-03-20 02:10:10,671 [f196473e-7e55-4e65-a56a-ed3222e0db42@group-448A0B89DD6C-LeaderElection7] INFO  impl.RoleInfo (RoleInfo.java:shutdownLeaderElection(141)) - f196473e-7e55-4e65-a56a-ed3222e0db42: shutdown f196473e-7e55-4e65-a56a-ed3222e0db42@group-448A0B89DD6C-LeaderElection7
2025-03-20 02:10:10,671 [f196473e-7e55-4e65-a56a-ed3222e0db42@group-448A0B89DD6C-LeaderElection7] INFO  server.RaftServer$Division (RaftServerImpl.java:setRole(378)) - f196473e-7e55-4e65-a56a-ed3222e0db42@group-448A0B89DD6C: changes role from CANDIDATE to LEADER at term 1 for changeToLeader
2025-03-20 02:10:10,671 [f196473e-7e55-4e65-a56a-ed3222e0db42@group-448A0B89DD6C-LeaderElection7] INFO  server.RaftServerConfigKeys (ConfUtils.java:logGet(46)) - raft.server.staging.catchup.gap = 1000 (default)
2025-03-20 02:10:10,672 [f196473e-7e55-4e65-a56a-ed3222e0db42@group-448A0B89DD6C-LeaderElection7] INFO  server.RaftServerConfigKeys (ConfUtils.java:logGet(46)) - raft.server.write.element-limit = 1024 (custom)
2025-03-20 02:10:10,672 [f196473e-7e55-4e65-a56a-ed3222e0db42@group-448A0B89DD6C-LeaderElection7] INFO  server.RaftServerConfigKeys (ConfUtils.java:logGet(46)) - raft.server.write.byte-limit = 1024 M (=1073741824) (custom)
2025-03-20 02:10:10,672 [f196473e-7e55-4e65-a56a-ed3222e0db42@group-448A0B89DD6C-LeaderElection7] INFO  server.RaftServerConfigKeys (ConfUtils.java:logGet(46)) - raft.server.watch.timeout = 30s (custom)
2025-03-20 02:10:10,672 [f196473e-7e55-4e65-a56a-ed3222e0db42@group-448A0B89DD6C-LeaderElection7] INFO  server.RaftServerConfigKeys (ConfUtils.java:logGet(46)) - raft.server.watch.timeout.denomination = 1s (default)
2025-03-20 02:10:10,672 [f196473e-7e55-4e65-a56a-ed3222e0db42@group-448A0B89DD6C-LeaderElection7] INFO  server.RaftServerConfigKeys (ConfUtils.java:logGet(46)) - raft.server.watch.element-limit = 65536 (default)
2025-03-20 02:10:10,673 [f196473e-7e55-4e65-a56a-ed3222e0db42@group-448A0B89DD6C-LeaderElection7] INFO  server.RaftServerConfigKeys (ConfUtils.java:logGet(46)) - raft.server.read.leader.lease.enabled = false (default)
2025-03-20 02:10:10,673 [f196473e-7e55-4e65-a56a-ed3222e0db42@group-448A0B89DD6C-LeaderElection7] INFO  server.RaftServerConfigKeys (ConfUtils.java:logGet(46)) - raft.server.read.leader.lease.timeout.ratio = 0.9 (default)
2025-03-20 02:10:10,673 [f196473e-7e55-4e65-a56a-ed3222e0db42@group-448A0B89DD6C-LeaderElection7] INFO  server.RaftServerConfigKeys (ConfUtils.java:logGet(46)) - raft.server.rpc.timeout.min = 5s (custom)
2025-03-20 02:10:10,673 [f196473e-7e55-4e65-a56a-ed3222e0db42@group-448A0B89DD6C-LeaderElection7] INFO  server.RaftServerConfigKeys (ConfUtils.java:logGet(46)) - raft.server.log.log-metadata.enabled = true (default)
2025-03-20 02:10:10,673 [f196473e-7e55-4e65-a56a-ed3222e0db42@group-448A0B89DD6C-LeaderElection7] INFO  server.RaftServerConfigKeys (ConfUtils.java:logGet(46)) - raft.server.write.element-limit = 1024 (custom)
2025-03-20 02:10:10,673 [f196473e-7e55-4e65-a56a-ed3222e0db42@group-448A0B89DD6C-LeaderElection7] INFO  server.RaftServerConfigKeys (ConfUtils.java:logGet(46)) - raft.server.write.follower.gap.ratio.max = -1.0 (default)
2025-03-20 02:10:10,673 [f196473e-7e55-4e65-a56a-ed3222e0db42@group-448A0B89DD6C-LeaderElection7] INFO  impl.RoleInfo (RoleInfo.java:updateAndGet(148)) - f196473e-7e55-4e65-a56a-ed3222e0db42: start f196473e-7e55-4e65-a56a-ed3222e0db42@group-448A0B89DD6C-LeaderStateImpl
2025-03-20 02:10:10,673 [f196473e-7e55-4e65-a56a-ed3222e0db42@group-448A0B89DD6C-LeaderElection7] INFO  server.RaftServer$Division (RaftServerImpl.java:setFirstElection(562)) - f196473e-7e55-4e65-a56a-ed3222e0db42@group-448A0B89DD6C: set firstElectionSinceStartup to false for becomeLeader
2025-03-20 02:10:10,673 [f196473e-7e55-4e65-a56a-ed3222e0db42@group-448A0B89DD6C-LeaderElection7] INFO  ratis.XceiverServerRatis (XceiverServerRatis.java:handleLeaderChangedNotification(941)) - Leader change notification received for group: group-448A0B89DD6C with new leaderId: f196473e-7e55-4e65-a56a-ed3222e0db42
2025-03-20 02:10:10,673 [f196473e-7e55-4e65-a56a-ed3222e0db42@group-448A0B89DD6C-LeaderElection7] INFO  server.RaftServer$Division (ServerState.java:setLeader(272)) - f196473e-7e55-4e65-a56a-ed3222e0db42@group-448A0B89DD6C: change Leader from null to f196473e-7e55-4e65-a56a-ed3222e0db42 at term 1 for becomeLeader, leader elected after 5150ms
2025-03-20 02:10:10,672 [f196473e-7e55-4e65-a56a-ed3222e0db42@group-ECA047730B05-LeaderElection6] INFO  server.RaftServerConfigKeys (ConfUtils.java:logFallback(53)) - raft.server.rpc.first-election.timeout.min = 5s (fallback to raft.server.rpc.timeout.min)
2025-03-20 02:10:10,674 [f196473e-7e55-4e65-a56a-ed3222e0db42@group-ECA047730B05-LeaderElection6] INFO  server.RaftServerConfigKeys (ConfUtils.java:logFallback(53)) - raft.server.rpc.first-election.timeout.max = 5200ms (fallback to raft.server.rpc.timeout.max)
2025-03-20 02:10:10,675 [f196473e-7e55-4e65-a56a-ed3222e0db42@group-448A0B89DD6C-LeaderElection7] INFO  segmented.SegmentedRaftLogWorker (SegmentedRaftLogWorker.java:startLogSegment(438)) - f196473e-7e55-4e65-a56a-ed3222e0db42@group-448A0B89DD6C-SegmentedRaftLogWorker: Starting segment from index:0
2025-03-20 02:10:10,675 [grpc-default-executor-1] INFO  server.RaftServer$Division (RaftServerImpl.java:requestVote(1407)) - 4d0384fa-a0d7-4e6d-b08b-6a0afc890d42@group-ECA047730B05: receive requestVote(ELECTION, f196473e-7e55-4e65-a56a-ed3222e0db42, group-ECA047730B05, 1, (t:0, i:0))
2025-03-20 02:10:10,675 [grpc-default-executor-1] INFO  impl.VoteContext (VoteContext.java:log(49)) - 4d0384fa-a0d7-4e6d-b08b-6a0afc890d42@group-ECA047730B05-FOLLOWER: accept ELECTION from f196473e-7e55-4e65-a56a-ed3222e0db42: our priority 0 <= candidate's priority 1
2025-03-20 02:10:10,675 [grpc-default-executor-1] INFO  server.RaftServer$Division (RaftServerImpl.java:setRole(378)) - 4d0384fa-a0d7-4e6d-b08b-6a0afc890d42@group-ECA047730B05: changes role from  FOLLOWER to FOLLOWER at term 0 for candidate:f196473e-7e55-4e65-a56a-ed3222e0db42
2025-03-20 02:10:10,675 [grpc-default-executor-1] INFO  impl.RoleInfo (RoleInfo.java:shutdownFollowerState(121)) - 4d0384fa-a0d7-4e6d-b08b-6a0afc890d42: shutdown 4d0384fa-a0d7-4e6d-b08b-6a0afc890d42@group-ECA047730B05-FollowerState
2025-03-20 02:10:10,675 [grpc-default-executor-1] INFO  impl.RoleInfo (RoleInfo.java:updateAndGet(148)) - 4d0384fa-a0d7-4e6d-b08b-6a0afc890d42: start 4d0384fa-a0d7-4e6d-b08b-6a0afc890d42@group-ECA047730B05-FollowerState
2025-03-20 02:10:10,675 [grpc-default-executor-0] INFO  server.RaftServer$Division (RaftServerImpl.java:requestVote(1407)) - 4ac7aa66-6ed2-4b11-9c1a-72acd958e2aa@group-ECA047730B05: receive requestVote(ELECTION, f196473e-7e55-4e65-a56a-ed3222e0db42, group-ECA047730B05, 1, (t:0, i:0))
2025-03-20 02:10:10,676 [grpc-default-executor-0] INFO  impl.VoteContext (VoteContext.java:log(49)) - 4ac7aa66-6ed2-4b11-9c1a-72acd958e2aa@group-ECA047730B05-FOLLOWER: accept ELECTION from f196473e-7e55-4e65-a56a-ed3222e0db42: our priority 0 <= candidate's priority 1
2025-03-20 02:10:10,676 [grpc-default-executor-0] INFO  server.RaftServer$Division (RaftServerImpl.java:setRole(378)) - 4ac7aa66-6ed2-4b11-9c1a-72acd958e2aa@group-ECA047730B05: changes role from  FOLLOWER to FOLLOWER at term 0 for candidate:f196473e-7e55-4e65-a56a-ed3222e0db42
2025-03-20 02:10:10,676 [grpc-default-executor-0] INFO  impl.RoleInfo (RoleInfo.java:shutdownFollowerState(121)) - 4ac7aa66-6ed2-4b11-9c1a-72acd958e2aa: shutdown 4ac7aa66-6ed2-4b11-9c1a-72acd958e2aa@group-ECA047730B05-FollowerState
2025-03-20 02:10:10,676 [grpc-default-executor-0] INFO  impl.RoleInfo (RoleInfo.java:updateAndGet(148)) - 4ac7aa66-6ed2-4b11-9c1a-72acd958e2aa: start 4ac7aa66-6ed2-4b11-9c1a-72acd958e2aa@group-ECA047730B05-FollowerState
2025-03-20 02:10:10,676 [4ac7aa66-6ed2-4b11-9c1a-72acd958e2aa@group-ECA047730B05-FollowerState] INFO  impl.FollowerState (FollowerState.java:runImpl(170)) - 4ac7aa66-6ed2-4b11-9c1a-72acd958e2aa@group-ECA047730B05-FollowerState was interrupted
2025-03-20 02:10:10,676 [4d0384fa-a0d7-4e6d-b08b-6a0afc890d42@group-ECA047730B05-FollowerState] INFO  impl.FollowerState (FollowerState.java:runImpl(170)) - 4d0384fa-a0d7-4e6d-b08b-6a0afc890d42@group-ECA047730B05-FollowerState was interrupted
2025-03-20 02:10:10,676 [grpc-default-executor-0] INFO  server.RaftServer$Division (RaftServerImpl.java:setFirstElection(562)) - 4ac7aa66-6ed2-4b11-9c1a-72acd958e2aa@group-ECA047730B05: set firstElectionSinceStartup to false for candidate:f196473e-7e55-4e65-a56a-ed3222e0db42
2025-03-20 02:10:10,677 [f196473e-7e55-4e65-a56a-ed3222e0db42@group-448A0B89DD6C-SegmentedRaftLogWorker] INFO  segmented.BufferedWriteChannel (BufferedWriteChannel.java:open(61)) - open log_inprogress_0 at position 0
2025-03-20 02:10:10,678 [EventQueue-OpenPipelineForHealthyPipelineSafeModeRule] INFO  safemode.SCMSafeModeManager (HealthyPipelineSafeModeRule.java:process(141)) - SCM in safe mode. Healthy pipelines reported count is 0, required healthy pipeline reported count is 1
2025-03-20 02:10:10,680 [grpc-default-executor-0] INFO  server.RaftServer$Division (RaftServerImpl.java:requestVote(1441)) - 4ac7aa66-6ed2-4b11-9c1a-72acd958e2aa@group-ECA047730B05 replies to ELECTION vote request: f196473e-7e55-4e65-a56a-ed3222e0db42<-4ac7aa66-6ed2-4b11-9c1a-72acd958e2aa#0:OK-t1. Peer's state: 4ac7aa66-6ed2-4b11-9c1a-72acd958e2aa@group-ECA047730B05:t1, leader=null, voted=f196473e-7e55-4e65-a56a-ed3222e0db42, raftlog=Memoized:4ac7aa66-6ed2-4b11-9c1a-72acd958e2aa@group-ECA047730B05-SegmentedRaftLog:OPENED:c-1:lastnull, conf=conf: {index: -1, cur=peers:[f196473e-7e55-4e65-a56a-ed3222e0db42|127.0.0.1:15025, 4ac7aa66-6ed2-4b11-9c1a-72acd958e2aa|127.0.0.1:15034, 4d0384fa-a0d7-4e6d-b08b-6a0afc890d42|127.0.0.1:15016]|listeners:[], old=null}
2025-03-20 02:10:10,680 [f196473e-7e55-4e65-a56a-ed3222e0db42@group-448A0B89DD6C-LeaderElection7] INFO  server.RaftServer$Division (ServerState.java:setRaftConf(386)) - f196473e-7e55-4e65-a56a-ed3222e0db42@group-448A0B89DD6C: set configuration conf: {index: 0, cur=peers:[f196473e-7e55-4e65-a56a-ed3222e0db42|127.0.0.1:15025]|listeners:[], old=null}
2025-03-20 02:10:10,680 [grpc-default-executor-1] INFO  server.RaftServer$Division (RaftServerImpl.java:requestVote(1441)) - 4d0384fa-a0d7-4e6d-b08b-6a0afc890d42@group-ECA047730B05 replies to ELECTION vote request: f196473e-7e55-4e65-a56a-ed3222e0db42<-4d0384fa-a0d7-4e6d-b08b-6a0afc890d42#0:OK-t1. Peer's state: 4d0384fa-a0d7-4e6d-b08b-6a0afc890d42@group-ECA047730B05:t1, leader=null, voted=f196473e-7e55-4e65-a56a-ed3222e0db42, raftlog=Memoized:4d0384fa-a0d7-4e6d-b08b-6a0afc890d42@group-ECA047730B05-SegmentedRaftLog:OPENED:c-1:lastnull, conf=conf: {index: -1, cur=peers:[f196473e-7e55-4e65-a56a-ed3222e0db42|127.0.0.1:15025, 4ac7aa66-6ed2-4b11-9c1a-72acd958e2aa|127.0.0.1:15034, 4d0384fa-a0d7-4e6d-b08b-6a0afc890d42|127.0.0.1:15016]|listeners:[], old=null}
2025-03-20 02:10:10,683 [f196473e-7e55-4e65-a56a-ed3222e0db42@group-ECA047730B05-LeaderElection6] INFO  impl.LeaderElection (LeaderElection.java:logAndReturn(90)) - f196473e-7e55-4e65-a56a-ed3222e0db42@group-ECA047730B05-LeaderElection6: ELECTION PASSED received 1 response(s) and 0 exception(s):
2025-03-20 02:10:10,683 [f196473e-7e55-4e65-a56a-ed3222e0db42@group-ECA047730B05-LeaderElection6] INFO  impl.LeaderElection (LeaderElection.java:logAndReturn(94)) -   Response 0: f196473e-7e55-4e65-a56a-ed3222e0db42<-4d0384fa-a0d7-4e6d-b08b-6a0afc890d42#0:OK-t1
2025-03-20 02:10:10,683 [f196473e-7e55-4e65-a56a-ed3222e0db42@group-ECA047730B05-LeaderElection6] INFO  impl.LeaderElection (LeaderElection.java:askForVotes(334)) - f196473e-7e55-4e65-a56a-ed3222e0db42@group-ECA047730B05-LeaderElection6 ELECTION round 0: result PASSED
2025-03-20 02:10:10,683 [f196473e-7e55-4e65-a56a-ed3222e0db42@group-ECA047730B05-LeaderElection6] INFO  impl.RoleInfo (RoleInfo.java:shutdownLeaderElection(141)) - f196473e-7e55-4e65-a56a-ed3222e0db42: shutdown f196473e-7e55-4e65-a56a-ed3222e0db42@group-ECA047730B05-LeaderElection6
2025-03-20 02:10:10,683 [f196473e-7e55-4e65-a56a-ed3222e0db42@group-ECA047730B05-LeaderElection6] INFO  server.RaftServer$Division (RaftServerImpl.java:setRole(378)) - f196473e-7e55-4e65-a56a-ed3222e0db42@group-ECA047730B05: changes role from CANDIDATE to LEADER at term 1 for changeToLeader
2025-03-20 02:10:10,683 [f196473e-7e55-4e65-a56a-ed3222e0db42@group-ECA047730B05-LeaderElection6] INFO  server.RaftServerConfigKeys (ConfUtils.java:logGet(46)) - raft.server.staging.catchup.gap = 1000 (default)
2025-03-20 02:10:10,684 [f196473e-7e55-4e65-a56a-ed3222e0db42@group-ECA047730B05-LeaderElection6] INFO  server.RaftServerConfigKeys (ConfUtils.java:logGet(46)) - raft.server.write.element-limit = 1024 (custom)
2025-03-20 02:10:10,684 [f196473e-7e55-4e65-a56a-ed3222e0db42@group-ECA047730B05-LeaderElection6] INFO  server.RaftServerConfigKeys (ConfUtils.java:logGet(46)) - raft.server.write.byte-limit = 1024 M (=1073741824) (custom)
2025-03-20 02:10:10,684 [f196473e-7e55-4e65-a56a-ed3222e0db42@group-ECA047730B05-LeaderElection6] INFO  server.RaftServerConfigKeys (ConfUtils.java:logGet(46)) - raft.server.watch.timeout = 30s (custom)
2025-03-20 02:10:10,684 [f196473e-7e55-4e65-a56a-ed3222e0db42@group-ECA047730B05-LeaderElection6] INFO  server.RaftServerConfigKeys (ConfUtils.java:logGet(46)) - raft.server.watch.timeout.denomination = 1s (default)
2025-03-20 02:10:10,684 [f196473e-7e55-4e65-a56a-ed3222e0db42@group-ECA047730B05-LeaderElection6] INFO  server.RaftServerConfigKeys (ConfUtils.java:logGet(46)) - raft.server.watch.element-limit = 65536 (default)
2025-03-20 02:10:10,685 [f196473e-7e55-4e65-a56a-ed3222e0db42@group-ECA047730B05-LeaderElection6] INFO  server.RaftServerConfigKeys (ConfUtils.java:logGet(46)) - raft.server.read.leader.lease.enabled = false (default)
2025-03-20 02:10:10,685 [f196473e-7e55-4e65-a56a-ed3222e0db42@group-ECA047730B05-LeaderElection6] INFO  server.RaftServerConfigKeys (ConfUtils.java:logGet(46)) - raft.server.read.leader.lease.timeout.ratio = 0.9 (default)
2025-03-20 02:10:10,685 [f196473e-7e55-4e65-a56a-ed3222e0db42@group-ECA047730B05-LeaderElection6] INFO  server.RaftServerConfigKeys (ConfUtils.java:logGet(46)) - raft.server.rpc.timeout.min = 5s (custom)
2025-03-20 02:10:10,685 [f196473e-7e55-4e65-a56a-ed3222e0db42@group-ECA047730B05-LeaderElection6] INFO  server.RaftServerConfigKeys (ConfUtils.java:logGet(46)) - raft.server.log.log-metadata.enabled = true (default)
2025-03-20 02:10:10,685 [f196473e-7e55-4e65-a56a-ed3222e0db42@group-ECA047730B05-LeaderElection6] INFO  server.RaftServerConfigKeys (ConfUtils.java:logGet(46)) - raft.server.write.element-limit = 1024 (custom)
2025-03-20 02:10:10,685 [f196473e-7e55-4e65-a56a-ed3222e0db42@group-ECA047730B05-LeaderElection6] INFO  server.RaftServerConfigKeys (ConfUtils.java:logGet(46)) - raft.server.write.follower.gap.ratio.max = -1.0 (default)
2025-03-20 02:10:10,687 [f196473e-7e55-4e65-a56a-ed3222e0db42@group-448A0B89DD6C-SegmentedRaftLogWorker] INFO  segmented.SegmentedRaftLogWorker (SegmentedRaftLogWorker.java:execute(644)) - f196473e-7e55-4e65-a56a-ed3222e0db42@group-448A0B89DD6C-SegmentedRaftLogWorker: created new log segment /home/runner/work/ozone/ozone/hadoop-ozone/integration-test/target/test-dir/MiniOzoneClusterImpl-897eaf7f-b25b-4380-b284-a53405b32f13/ozone-meta/datanode-2/ratis/50e75871-78e5-4ca8-9cf3-448a0b89dd6c/current/log_inprogress_0
2025-03-20 02:10:10,689 [f196473e-7e55-4e65-a56a-ed3222e0db42@group-448A0B89DD6C-StateMachineUpdater] INFO  server.RaftServer$Division (LeaderStateImpl.java:checkStartIndex(313)) - Leader f196473e-7e55-4e65-a56a-ed3222e0db42@group-448A0B89DD6C-LeaderStateImpl is ready since appliedIndex == startIndex == 0
2025-03-20 02:10:10,692 [f196473e-7e55-4e65-a56a-ed3222e0db42@group-ECA047730B05-LeaderElection6] INFO  server.RaftServerConfigKeys (ConfUtils.java:logGet(46)) - raft.server.log.appender.snapshot.chunk.size.max = 16MB (=16777216) (default)
2025-03-20 02:10:10,692 [f196473e-7e55-4e65-a56a-ed3222e0db42@group-ECA047730B05-LeaderElection6] INFO  server.RaftServerConfigKeys (ConfUtils.java:logGet(46)) - raft.server.log.appender.buffer.byte-limit = 33554432 (custom)
2025-03-20 02:10:10,692 [f196473e-7e55-4e65-a56a-ed3222e0db42@group-ECA047730B05-LeaderElection6] INFO  server.RaftServerConfigKeys (ConfUtils.java:logGet(46)) - raft.server.log.appender.buffer.element-limit = 1024 (custom)
2025-03-20 02:10:10,694 [f196473e-7e55-4e65-a56a-ed3222e0db42@group-ECA047730B05-LeaderElection6] INFO  server.RaftServerConfigKeys (ConfUtils.java:logGet(46)) - raft.server.log.appender.wait-time.min = 0μs (custom)
2025-03-20 02:10:10,695 [f196473e-7e55-4e65-a56a-ed3222e0db42@group-ECA047730B05-LeaderElection6] INFO  grpc.GrpcConfigKeys (ConfUtils.java:logGet(46)) - raft.grpc.server.leader.outstanding.appends.max = 8 (default)
2025-03-20 02:10:10,695 [f196473e-7e55-4e65-a56a-ed3222e0db42@group-ECA047730B05-LeaderElection6] INFO  server.RaftServerConfigKeys (ConfUtils.java:logGet(46)) - raft.server.rpc.request.timeout = 60s (custom)
2025-03-20 02:10:10,695 [f196473e-7e55-4e65-a56a-ed3222e0db42@group-ECA047730B05-LeaderElection6] INFO  grpc.GrpcConfigKeys (ConfUtils.java:logGet(46)) - raft.grpc.server.install_snapshot.request.element-limit = 8 (default)
2025-03-20 02:10:10,695 [f196473e-7e55-4e65-a56a-ed3222e0db42@group-ECA047730B05-LeaderElection6] INFO  grpc.GrpcConfigKeys (ConfUtils.java:logGet(46)) - raft.grpc.server.install_snapshot.request.timeout = 3000ms (default)
2025-03-20 02:10:10,695 [f196473e-7e55-4e65-a56a-ed3222e0db42@group-ECA047730B05-LeaderElection6] INFO  grpc.GrpcConfigKeys (ConfUtils.java:logGet(46)) - raft.grpc.server.log-message.batch.duration = 5s (default)
2025-03-20 02:10:10,696 [f196473e-7e55-4e65-a56a-ed3222e0db42@group-ECA047730B05-LeaderElection6] INFO  server.RaftServerConfigKeys (ConfUtils.java:logGet(46)) - raft.server.log.appender.install.snapshot.enabled = false (custom)
2025-03-20 02:10:10,696 [f196473e-7e55-4e65-a56a-ed3222e0db42@group-ECA047730B05-LeaderElection6] INFO  grpc.GrpcConfigKeys (ConfUtils.java:logGet(46)) - raft.grpc.server.heartbeat.channel = true (default)
2025-03-20 02:10:10,698 [f196473e-7e55-4e65-a56a-ed3222e0db42@group-ECA047730B05-LeaderElection6] INFO  server.RaftServerConfigKeys (ConfUtils.java:logGet(46)) - raft.server.log.appender.snapshot.chunk.size.max = 16MB (=16777216) (default)
2025-03-20 02:10:10,698 [f196473e-7e55-4e65-a56a-ed3222e0db42@group-ECA047730B05-LeaderElection6] INFO  server.RaftServerConfigKeys (ConfUtils.java:logGet(46)) - raft.server.log.appender.buffer.byte-limit = 33554432 (custom)
2025-03-20 02:10:10,698 [f196473e-7e55-4e65-a56a-ed3222e0db42@group-ECA047730B05-LeaderElection6] INFO  server.RaftServerConfigKeys (ConfUtils.java:logGet(46)) - raft.server.log.appender.buffer.element-limit = 1024 (custom)
2025-03-20 02:10:10,698 [f196473e-7e55-4e65-a56a-ed3222e0db42@group-ECA047730B05-LeaderElection6] INFO  server.RaftServerConfigKeys (ConfUtils.java:logGet(46)) - raft.server.log.appender.wait-time.min = 0μs (custom)
2025-03-20 02:10:10,698 [f196473e-7e55-4e65-a56a-ed3222e0db42@group-ECA047730B05-LeaderElection6] INFO  grpc.GrpcConfigKeys (ConfUtils.java:logGet(46)) - raft.grpc.server.leader.outstanding.appends.max = 8 (default)
2025-03-20 02:10:10,698 [f196473e-7e55-4e65-a56a-ed3222e0db42@group-ECA047730B05-LeaderElection6] INFO  server.RaftServerConfigKeys (ConfUtils.java:logGet(46)) - raft.server.rpc.request.timeout = 60s (custom)
2025-03-20 02:10:10,699 [f196473e-7e55-4e65-a56a-ed3222e0db42@group-ECA047730B05-LeaderElection6] INFO  grpc.GrpcConfigKeys (ConfUtils.java:logGet(46)) - raft.grpc.server.install_snapshot.request.element-limit = 8 (default)
2025-03-20 02:10:10,699 [f196473e-7e55-4e65-a56a-ed3222e0db42@group-ECA047730B05-LeaderElection6] INFO  grpc.GrpcConfigKeys (ConfUtils.java:logGet(46)) - raft.grpc.server.install_snapshot.request.timeout = 3000ms (default)
2025-03-20 02:10:10,699 [f196473e-7e55-4e65-a56a-ed3222e0db42@group-ECA047730B05-LeaderElection6] INFO  grpc.GrpcConfigKeys (ConfUtils.java:logGet(46)) - raft.grpc.server.log-message.batch.duration = 5s (default)
2025-03-20 02:10:10,699 [f196473e-7e55-4e65-a56a-ed3222e0db42@group-ECA047730B05-LeaderElection6] INFO  server.RaftServerConfigKeys (ConfUtils.java:logGet(46)) - raft.server.log.appender.install.snapshot.enabled = false (custom)
2025-03-20 02:10:10,699 [f196473e-7e55-4e65-a56a-ed3222e0db42@group-ECA047730B05-LeaderElection6] INFO  grpc.GrpcConfigKeys (ConfUtils.java:logGet(46)) - raft.grpc.server.heartbeat.channel = true (default)
2025-03-20 02:10:10,699 [f196473e-7e55-4e65-a56a-ed3222e0db42@group-ECA047730B05-LeaderElection6] INFO  impl.RoleInfo (RoleInfo.java:updateAndGet(148)) - f196473e-7e55-4e65-a56a-ed3222e0db42: start f196473e-7e55-4e65-a56a-ed3222e0db42@group-ECA047730B05-LeaderStateImpl
2025-03-20 02:10:10,700 [f196473e-7e55-4e65-a56a-ed3222e0db42@group-ECA047730B05-LeaderElection6] INFO  server.RaftServer$Division (RaftServerImpl.java:setFirstElection(562)) - f196473e-7e55-4e65-a56a-ed3222e0db42@group-ECA047730B05: set firstElectionSinceStartup to false for becomeLeader
2025-03-20 02:10:10,700 [f196473e-7e55-4e65-a56a-ed3222e0db42@group-ECA047730B05-LeaderElection6] INFO  ratis.XceiverServerRatis (XceiverServerRatis.java:handleLeaderChangedNotification(941)) - Leader change notification received for group: group-ECA047730B05 with new leaderId: f196473e-7e55-4e65-a56a-ed3222e0db42
2025-03-20 02:10:10,700 [f196473e-7e55-4e65-a56a-ed3222e0db42@group-ECA047730B05-LeaderElection6] INFO  server.RaftServer$Division (ServerState.java:setLeader(272)) - f196473e-7e55-4e65-a56a-ed3222e0db42@group-ECA047730B05: change Leader from null to f196473e-7e55-4e65-a56a-ed3222e0db42 at term 1 for becomeLeader, leader elected after 5145ms
2025-03-20 02:10:10,700 [f196473e-7e55-4e65-a56a-ed3222e0db42@group-ECA047730B05-LeaderElection6] INFO  segmented.SegmentedRaftLogWorker (SegmentedRaftLogWorker.java:startLogSegment(438)) - f196473e-7e55-4e65-a56a-ed3222e0db42@group-ECA047730B05-SegmentedRaftLogWorker: Starting segment from index:0
2025-03-20 02:10:10,700 [f196473e-7e55-4e65-a56a-ed3222e0db42@group-ECA047730B05-LeaderElection6] INFO  server.RaftServer$Division (ServerState.java:setRaftConf(386)) - f196473e-7e55-4e65-a56a-ed3222e0db42@group-ECA047730B05: set configuration conf: {index: 0, cur=peers:[f196473e-7e55-4e65-a56a-ed3222e0db42|127.0.0.1:15025, 4ac7aa66-6ed2-4b11-9c1a-72acd958e2aa|127.0.0.1:15034, 4d0384fa-a0d7-4e6d-b08b-6a0afc890d42|127.0.0.1:15016]|listeners:[], old=null}
2025-03-20 02:10:10,701 [f196473e-7e55-4e65-a56a-ed3222e0db42@group-ECA047730B05-SegmentedRaftLogWorker] INFO  segmented.BufferedWriteChannel (BufferedWriteChannel.java:open(61)) - open log_inprogress_0 at position 0
2025-03-20 02:10:10,706 [54dc63b2-7f1a-4ab5-a931-3f057955b2af@group-A53405B32F13-StateMachineUpdater] INFO  safemode.HealthyPipelineSafeModeRule (HealthyPipelineSafeModeRule.java:initializeRule(174)) - Refreshed total pipeline count is 1, healthy pipeline threshold count is 1
2025-03-20 02:10:10,707 [EventQueue-PipelineReportForPipelineReportHandler] INFO  pipeline.PipelineReportHandler (PipelineReportHandler.java:processPipelineReport(139)) - Opened pipeline PipelineID=ca700d20-ce55-4ad5-9f95-eca047730b05
2025-03-20 02:10:10,708 [EventQueue-OpenPipelineForHealthyPipelineSafeModeRule] INFO  safemode.SCMSafeModeManager (HealthyPipelineSafeModeRule.java:process(141)) - SCM in safe mode. Healthy pipelines reported count is 1, required healthy pipeline reported count is 1
2025-03-20 02:10:10,708 [EventQueue-OpenPipelineForHealthyPipelineSafeModeRule] INFO  safemode.SCMSafeModeManager (SCMSafeModeManager.java:validateSafeModeExitRules(185)) - HealthyPipelineSafeModeRule rule is successfully validated
2025-03-20 02:10:10,708 [EventQueue-OpenPipelineForHealthyPipelineSafeModeRule] INFO  safemode.SCMSafeModeManager (SCMSafeModeManager.java:validateSafeModeExitRules(200)) - ScmSafeModeManager, all rules are successfully validated
2025-03-20 02:10:10,708 [EventQueue-OpenPipelineForHealthyPipelineSafeModeRule] INFO  safemode.SCMSafeModeManager (SCMSafeModeManager.java:exitSafeMode(230)) - SCM exiting safe mode.
2025-03-20 02:10:10,708 [EventQueue-OpenPipelineForHealthyPipelineSafeModeRule] INFO  ha.SCMContext (SCMContext.java:updateSafeModeStatus(224)) - Update SafeModeStatus from SafeModeStatus{safeModeStatus=true, preCheckPassed=true} to SafeModeStatus{safeModeStatus=false, preCheckPassed=true}.
2025-03-20 02:10:10,708 [EventQueue-OpenPipelineForHealthyPipelineSafeModeRule] INFO  BackgroundPipelineScrubber (BackgroundSCMService.java:notifyStatusChanged(78)) - Service BackgroundPipelineScrubber transitions to RUNNING.
2025-03-20 02:10:10,708 [EventQueue-OpenPipelineForHealthyPipelineSafeModeRule] INFO  ExpiredContainerReplicaOpScrubber (BackgroundSCMService.java:notifyStatusChanged(78)) - Service ExpiredContainerReplicaOpScrubber transitions to RUNNING.
2025-03-20 02:10:10,708 [EventQueue-OpenPipelineForHealthyPipelineSafeModeRule] INFO  block.SCMBlockDeletingService (SCMBlockDeletingService.java:notifyStatusChanged(250)) - notifyStatusChanged:RUNNING
2025-03-20 02:10:10,708 [EventQueue-OpenPipelineForHealthyPipelineSafeModeRule] INFO  replication.ReplicationManager (ReplicationManager.java:notifyStatusChanged(1382)) - Service ReplicationManager transitions to RUNNING.
2025-03-20 02:10:10,712 [EventQueue-OpenPipelineForHealthyPipelineSafeModeRule] WARN  balancer.ContainerBalancer (ContainerBalancer.java:shouldRun(134)) - Could not find persisted configuration for ContainerBalancer when checking if ContainerBalancer should run. ContainerBalancer should not run now.
2025-03-20 02:10:10,712 [EventQueue-OpenPipelineForHealthyPipelineSafeModeRule] INFO  SCMHATransactionMonitor (BackgroundSCMService.java:notifyStatusChanged(78)) - Service SCMHATransactionMonitor transitions to RUNNING.
2025-03-20 02:10:10,713 [f196473e-7e55-4e65-a56a-ed3222e0db42@group-ECA047730B05-SegmentedRaftLogWorker] INFO  segmented.SegmentedRaftLogWorker (SegmentedRaftLogWorker.java:execute(644)) - f196473e-7e55-4e65-a56a-ed3222e0db42@group-ECA047730B05-SegmentedRaftLogWorker: created new log segment /home/runner/work/ozone/ozone/hadoop-ozone/integration-test/target/test-dir/MiniOzoneClusterImpl-897eaf7f-b25b-4380-b284-a53405b32f13/ozone-meta/datanode-2/ratis/ca700d20-ce55-4ad5-9f95-eca047730b05/current/log_inprogress_0
2025-03-20 02:10:10,722 [4ac7aa66-6ed2-4b11-9c1a-72acd958e2aa-server-thread1] INFO  ratis.XceiverServerRatis (XceiverServerRatis.java:handleLeaderChangedNotification(941)) - Leader change notification received for group: group-ECA047730B05 with new leaderId: f196473e-7e55-4e65-a56a-ed3222e0db42
2025-03-20 02:10:10,723 [4ac7aa66-6ed2-4b11-9c1a-72acd958e2aa-server-thread1] INFO  server.RaftServer$Division (ServerState.java:setLeader(272)) - 4ac7aa66-6ed2-4b11-9c1a-72acd958e2aa@group-ECA047730B05: change Leader from null to f196473e-7e55-4e65-a56a-ed3222e0db42 at term 1 for appendEntries, leader elected after 5114ms
2025-03-20 02:10:10,724 [main] INFO  ozone.MiniOzoneClusterImpl (MiniOzoneClusterImpl.java:lambda$waitForClusterToBeReady$0(190)) - Nodes are ready. Got 3 of 3 DN Heartbeats.
2025-03-20 02:10:10,725 [main] INFO  ozone.MiniOzoneClusterImpl (MiniOzoneClusterImpl.java:lambda$waitForClusterToBeReady$0(193)) - Cluster exits safe mode
2025-03-20 02:10:10,725 [main] INFO  ozone.MiniOzoneClusterImpl (MiniOzoneClusterImpl.java:lambda$waitForClusterToBeReady$0(195)) - SCM became leader
2025-03-20 02:10:10,726 [4d0384fa-a0d7-4e6d-b08b-6a0afc890d42-server-thread1] INFO  ratis.XceiverServerRatis (XceiverServerRatis.java:handleLeaderChangedNotification(941)) - Leader change notification received for group: group-ECA047730B05 with new leaderId: f196473e-7e55-4e65-a56a-ed3222e0db42
2025-03-20 02:10:10,726 [4d0384fa-a0d7-4e6d-b08b-6a0afc890d42-server-thread1] INFO  server.RaftServer$Division (ServerState.java:setLeader(272)) - 4d0384fa-a0d7-4e6d-b08b-6a0afc890d42@group-ECA047730B05: change Leader from null to f196473e-7e55-4e65-a56a-ed3222e0db42 at term 1 for appendEntries, leader elected after 5372ms
2025-03-20 02:10:10,732 [4d0384fa-a0d7-4e6d-b08b-6a0afc890d42-server-thread1] INFO  server.RaftServer$Division (ServerState.java:setRaftConf(386)) - 4d0384fa-a0d7-4e6d-b08b-6a0afc890d42@group-ECA047730B05: set configuration conf: {index: 0, cur=peers:[f196473e-7e55-4e65-a56a-ed3222e0db42|127.0.0.1:15025, 4ac7aa66-6ed2-4b11-9c1a-72acd958e2aa|127.0.0.1:15034, 4d0384fa-a0d7-4e6d-b08b-6a0afc890d42|127.0.0.1:15016]|listeners:[], old=null}
2025-03-20 02:10:10,733 [4ac7aa66-6ed2-4b11-9c1a-72acd958e2aa-server-thread2] INFO  server.RaftServer$Division (ServerState.java:setRaftConf(386)) - 4ac7aa66-6ed2-4b11-9c1a-72acd958e2aa@group-ECA047730B05: set configuration conf: {index: 0, cur=peers:[f196473e-7e55-4e65-a56a-ed3222e0db42|127.0.0.1:15025, 4ac7aa66-6ed2-4b11-9c1a-72acd958e2aa|127.0.0.1:15034, 4d0384fa-a0d7-4e6d-b08b-6a0afc890d42|127.0.0.1:15016]|listeners:[], old=null}
2025-03-20 02:10:10,736 [4d0384fa-a0d7-4e6d-b08b-6a0afc890d42-server-thread1] INFO  segmented.SegmentedRaftLogWorker (SegmentedRaftLogWorker.java:startLogSegment(438)) - 4d0384fa-a0d7-4e6d-b08b-6a0afc890d42@group-ECA047730B05-SegmentedRaftLogWorker: Starting segment from index:0
2025-03-20 02:10:10,736 [4ac7aa66-6ed2-4b11-9c1a-72acd958e2aa-server-thread2] INFO  segmented.SegmentedRaftLogWorker (SegmentedRaftLogWorker.java:startLogSegment(438)) - 4ac7aa66-6ed2-4b11-9c1a-72acd958e2aa@group-ECA047730B05-SegmentedRaftLogWorker: Starting segment from index:0
2025-03-20 02:10:10,737 [4ac7aa66-6ed2-4b11-9c1a-72acd958e2aa@group-ECA047730B05-SegmentedRaftLogWorker] INFO  segmented.BufferedWriteChannel (BufferedWriteChannel.java:open(61)) - open log_inprogress_0 at position 0
2025-03-20 02:10:10,737 [4d0384fa-a0d7-4e6d-b08b-6a0afc890d42@group-ECA047730B05-SegmentedRaftLogWorker] INFO  segmented.BufferedWriteChannel (BufferedWriteChannel.java:open(61)) - open log_inprogress_0 at position 0
2025-03-20 02:10:10,751 [4d0384fa-a0d7-4e6d-b08b-6a0afc890d42@group-ECA047730B05-SegmentedRaftLogWorker] INFO  segmented.SegmentedRaftLogWorker (SegmentedRaftLogWorker.java:execute(644)) - 4d0384fa-a0d7-4e6d-b08b-6a0afc890d42@group-ECA047730B05-SegmentedRaftLogWorker: created new log segment /home/runner/work/ozone/ozone/hadoop-ozone/integration-test/target/test-dir/MiniOzoneClusterImpl-897eaf7f-b25b-4380-b284-a53405b32f13/ozone-meta/datanode-1/ratis/ca700d20-ce55-4ad5-9f95-eca047730b05/current/log_inprogress_0
2025-03-20 02:10:10,753 [4ac7aa66-6ed2-4b11-9c1a-72acd958e2aa@group-ECA047730B05-SegmentedRaftLogWorker] INFO  segmented.SegmentedRaftLogWorker (SegmentedRaftLogWorker.java:execute(644)) - 4ac7aa66-6ed2-4b11-9c1a-72acd958e2aa@group-ECA047730B05-SegmentedRaftLogWorker: created new log segment /home/runner/work/ozone/ozone/hadoop-ozone/integration-test/target/test-dir/MiniOzoneClusterImpl-897eaf7f-b25b-4380-b284-a53405b32f13/ozone-meta/datanode-3/ratis/ca700d20-ce55-4ad5-9f95-eca047730b05/current/log_inprogress_0
2025-03-20 02:10:10,765 [f196473e-7e55-4e65-a56a-ed3222e0db42@group-ECA047730B05-StateMachineUpdater] INFO  server.RaftServer$Division (LeaderStateImpl.java:checkStartIndex(313)) - Leader f196473e-7e55-4e65-a56a-ed3222e0db42@group-ECA047730B05-LeaderStateImpl is ready since appliedIndex == startIndex == 0
2025-03-20 02:10:10,777 [f196473e-7e55-4e65-a56a-ed3222e0db42@group-E793DF1E5B5C-FollowerState] INFO  impl.FollowerState (FollowerState.java:runImpl(161)) - f196473e-7e55-4e65-a56a-ed3222e0db42@group-E793DF1E5B5C-FollowerState: change to CANDIDATE, lastRpcElapsedTime:5057612333ns, electionTimeout:5055ms
2025-03-20 02:10:10,778 [f196473e-7e55-4e65-a56a-ed3222e0db42@group-E793DF1E5B5C-FollowerState] INFO  impl.RoleInfo (RoleInfo.java:shutdownFollowerState(121)) - f196473e-7e55-4e65-a56a-ed3222e0db42: shutdown f196473e-7e55-4e65-a56a-ed3222e0db42@group-E793DF1E5B5C-FollowerState
2025-03-20 02:10:10,780 [f196473e-7e55-4e65-a56a-ed3222e0db42@group-E793DF1E5B5C-FollowerState] INFO  server.RaftServer$Division (RaftServerImpl.java:setRole(378)) - f196473e-7e55-4e65-a56a-ed3222e0db42@group-E793DF1E5B5C: changes role from  FOLLOWER to CANDIDATE at term 0 for changeToCandidate
2025-03-20 02:10:10,780 [f196473e-7e55-4e65-a56a-ed3222e0db42@group-E793DF1E5B5C-FollowerState] INFO  server.RaftServerConfigKeys (ConfUtils.java:logGet(46)) - raft.server.leaderelection.pre-vote = true (default)
2025-03-20 02:10:10,780 [f196473e-7e55-4e65-a56a-ed3222e0db42@group-E793DF1E5B5C-FollowerState] INFO  impl.RoleInfo (RoleInfo.java:updateAndGet(148)) - f196473e-7e55-4e65-a56a-ed3222e0db42: start f196473e-7e55-4e65-a56a-ed3222e0db42@group-E793DF1E5B5C-LeaderElection8
2025-03-20 02:10:10,782 [f196473e-7e55-4e65-a56a-ed3222e0db42@group-E793DF1E5B5C-LeaderElection8] INFO  impl.LeaderElection (LeaderElection.java:askForVotes(332)) - f196473e-7e55-4e65-a56a-ed3222e0db42@group-E793DF1E5B5C-LeaderElection8 PRE_VOTE round 0: submit vote requests at term 0 for conf: {index: -1, cur=peers:[f196473e-7e55-4e65-a56a-ed3222e0db42|127.0.0.1:15025, 4ac7aa66-6ed2-4b11-9c1a-72acd958e2aa|127.0.0.1:15034, 4d0384fa-a0d7-4e6d-b08b-6a0afc890d42|127.0.0.1:15016]|listeners:[], old=null}
2025-03-20 02:10:10,787 [f196473e-7e55-4e65-a56a-ed3222e0db42@group-E793DF1E5B5C-LeaderElection8] INFO  server.RaftServerConfigKeys (ConfUtils.java:logFallback(53)) - raft.server.rpc.first-election.timeout.min = 5s (fallback to raft.server.rpc.timeout.min)
2025-03-20 02:10:10,787 [f196473e-7e55-4e65-a56a-ed3222e0db42@group-E793DF1E5B5C-LeaderElection8] INFO  server.RaftServerConfigKeys (ConfUtils.java:logFallback(53)) - raft.server.rpc.first-election.timeout.max = 5200ms (fallback to raft.server.rpc.timeout.max)
2025-03-20 02:10:10,789 [grpc-default-executor-2] INFO  server.RaftServer$Division (RaftServerImpl.java:requestVote(1407)) - 4ac7aa66-6ed2-4b11-9c1a-72acd958e2aa@group-E793DF1E5B5C: receive requestVote(PRE_VOTE, f196473e-7e55-4e65-a56a-ed3222e0db42, group-E793DF1E5B5C, 0, (t:0, i:0))
2025-03-20 02:10:10,791 [grpc-default-executor-2] INFO  impl.VoteContext (VoteContext.java:log(49)) - 4ac7aa66-6ed2-4b11-9c1a-72acd958e2aa@group-E793DF1E5B5C-FOLLOWER: reject PRE_VOTE from f196473e-7e55-4e65-a56a-ed3222e0db42: our priority 1 > candidate's priority 0
2025-03-20 02:10:10,791 [grpc-default-executor-2] INFO  server.RaftServer$Division (RaftServerImpl.java:requestVote(1441)) - 4ac7aa66-6ed2-4b11-9c1a-72acd958e2aa@group-E793DF1E5B5C replies to PRE_VOTE vote request: f196473e-7e55-4e65-a56a-ed3222e0db42<-4ac7aa66-6ed2-4b11-9c1a-72acd958e2aa#0:FAIL-t0. Peer's state: 4ac7aa66-6ed2-4b11-9c1a-72acd958e2aa@group-E793DF1E5B5C:t0, leader=null, voted=, raftlog=Memoized:4ac7aa66-6ed2-4b11-9c1a-72acd958e2aa@group-E793DF1E5B5C-SegmentedRaftLog:OPENED:c-1:lastnull, conf=conf: {index: -1, cur=peers:[f196473e-7e55-4e65-a56a-ed3222e0db42|127.0.0.1:15025, 4ac7aa66-6ed2-4b11-9c1a-72acd958e2aa|127.0.0.1:15034, 4d0384fa-a0d7-4e6d-b08b-6a0afc890d42|127.0.0.1:15016]|listeners:[], old=null}
2025-03-20 02:10:10,793 [grpc-default-executor-2] INFO  server.RaftServer$Division (RaftServerImpl.java:requestVote(1407)) - 4d0384fa-a0d7-4e6d-b08b-6a0afc890d42@group-E793DF1E5B5C: receive requestVote(PRE_VOTE, f196473e-7e55-4e65-a56a-ed3222e0db42, group-E793DF1E5B5C, 0, (t:0, i:0))
2025-03-20 02:10:10,793 [grpc-default-executor-2] INFO  impl.VoteContext (VoteContext.java:log(49)) - 4d0384fa-a0d7-4e6d-b08b-6a0afc890d42@group-E793DF1E5B5C-FOLLOWER: accept PRE_VOTE from f196473e-7e55-4e65-a56a-ed3222e0db42: our priority 0 <= candidate's priority 0
2025-03-20 02:10:10,794 [grpc-default-executor-2] INFO  server.RaftServer$Division (RaftServerImpl.java:requestVote(1441)) - 4d0384fa-a0d7-4e6d-b08b-6a0afc890d42@group-E793DF1E5B5C replies to PRE_VOTE vote request: f196473e-7e55-4e65-a56a-ed3222e0db42<-4d0384fa-a0d7-4e6d-b08b-6a0afc890d42#0:OK-t0. Peer's state: 4d0384fa-a0d7-4e6d-b08b-6a0afc890d42@group-E793DF1E5B5C:t0, leader=null, voted=, raftlog=Memoized:4d0384fa-a0d7-4e6d-b08b-6a0afc890d42@group-E793DF1E5B5C-SegmentedRaftLog:OPENED:c-1:lastnull, conf=conf: {index: -1, cur=peers:[f196473e-7e55-4e65-a56a-ed3222e0db42|127.0.0.1:15025, 4ac7aa66-6ed2-4b11-9c1a-72acd958e2aa|127.0.0.1:15034, 4d0384fa-a0d7-4e6d-b08b-6a0afc890d42|127.0.0.1:15016]|listeners:[], old=null}
2025-03-20 02:10:10,795 [f196473e-7e55-4e65-a56a-ed3222e0db42@group-E793DF1E5B5C-LeaderElection8] INFO  impl.LeaderElection (LeaderElection.java:logAndReturn(90)) - f196473e-7e55-4e65-a56a-ed3222e0db42@group-E793DF1E5B5C-LeaderElection8: PRE_VOTE REJECTED received 1 response(s) and 0 exception(s):
2025-03-20 02:10:10,795 [f196473e-7e55-4e65-a56a-ed3222e0db42@group-E793DF1E5B5C-LeaderElection8] INFO  impl.LeaderElection (LeaderElection.java:logAndReturn(94)) -   Response 0: f196473e-7e55-4e65-a56a-ed3222e0db42<-4ac7aa66-6ed2-4b11-9c1a-72acd958e2aa#0:FAIL-t0
2025-03-20 02:10:10,795 [f196473e-7e55-4e65-a56a-ed3222e0db42@group-E793DF1E5B5C-LeaderElection8] INFO  impl.LeaderElection (LeaderElection.java:askForVotes(334)) - f196473e-7e55-4e65-a56a-ed3222e0db42@group-E793DF1E5B5C-LeaderElection8 PRE_VOTE round 0: result REJECTED
2025-03-20 02:10:10,795 [f196473e-7e55-4e65-a56a-ed3222e0db42@group-E793DF1E5B5C-LeaderElection8] INFO  server.RaftServer$Division (RaftServerImpl.java:setRole(378)) - f196473e-7e55-4e65-a56a-ed3222e0db42@group-E793DF1E5B5C: changes role from CANDIDATE to FOLLOWER at term 0 for REJECTED
2025-03-20 02:10:10,795 [f196473e-7e55-4e65-a56a-ed3222e0db42@group-E793DF1E5B5C-LeaderElection8] INFO  impl.RoleInfo (RoleInfo.java:shutdownLeaderElection(141)) - f196473e-7e55-4e65-a56a-ed3222e0db42: shutdown f196473e-7e55-4e65-a56a-ed3222e0db42@group-E793DF1E5B5C-LeaderElection8
2025-03-20 02:10:10,795 [f196473e-7e55-4e65-a56a-ed3222e0db42@group-E793DF1E5B5C-LeaderElection8] INFO  impl.RoleInfo (RoleInfo.java:updateAndGet(148)) - f196473e-7e55-4e65-a56a-ed3222e0db42: start f196473e-7e55-4e65-a56a-ed3222e0db42@group-E793DF1E5B5C-FollowerState
2025-03-20 02:10:10,798 [f196473e-7e55-4e65-a56a-ed3222e0db42@group-E793DF1E5B5C-LeaderElection8] INFO  server.RaftServer$Division (RaftServerImpl.java:setFirstElection(562)) - f196473e-7e55-4e65-a56a-ed3222e0db42@group-E793DF1E5B5C: set firstElectionSinceStartup to false for REJECTED
2025-03-20 02:10:10,856 [4ac7aa66-6ed2-4b11-9c1a-72acd958e2aa@group-0C78A0CDDE3F-FollowerState] INFO  impl.FollowerState (FollowerState.java:runImpl(161)) - 4ac7aa66-6ed2-4b11-9c1a-72acd958e2aa@group-0C78A0CDDE3F-FollowerState: change to CANDIDATE, lastRpcElapsedTime:5089551934ns, electionTimeout:5088ms
2025-03-20 02:10:10,856 [4ac7aa66-6ed2-4b11-9c1a-72acd958e2aa@group-0C78A0CDDE3F-FollowerState] INFO  impl.RoleInfo (RoleInfo.java:shutdownFollowerState(121)) - 4ac7aa66-6ed2-4b11-9c1a-72acd958e2aa: shutdown 4ac7aa66-6ed2-4b11-9c1a-72acd958e2aa@group-0C78A0CDDE3F-FollowerState
2025-03-20 02:10:10,856 [4ac7aa66-6ed2-4b11-9c1a-72acd958e2aa@group-0C78A0CDDE3F-FollowerState] INFO  server.RaftServer$Division (RaftServerImpl.java:setRole(378)) - 4ac7aa66-6ed2-4b11-9c1a-72acd958e2aa@group-0C78A0CDDE3F: changes role from  FOLLOWER to CANDIDATE at term 0 for changeToCandidate
2025-03-20 02:10:10,856 [4ac7aa66-6ed2-4b11-9c1a-72acd958e2aa@group-0C78A0CDDE3F-FollowerState] INFO  server.RaftServerConfigKeys (ConfUtils.java:logGet(46)) - raft.server.leaderelection.pre-vote = true (default)
2025-03-20 02:10:10,857 [4ac7aa66-6ed2-4b11-9c1a-72acd958e2aa@group-0C78A0CDDE3F-FollowerState] INFO  impl.RoleInfo (RoleInfo.java:updateAndGet(148)) - 4ac7aa66-6ed2-4b11-9c1a-72acd958e2aa: start 4ac7aa66-6ed2-4b11-9c1a-72acd958e2aa@group-0C78A0CDDE3F-LeaderElection9
2025-03-20 02:10:10,857 [4ac7aa66-6ed2-4b11-9c1a-72acd958e2aa@group-0C78A0CDDE3F-LeaderElection9] INFO  impl.LeaderElection (LeaderElection.java:askForVotes(332)) - 4ac7aa66-6ed2-4b11-9c1a-72acd958e2aa@group-0C78A0CDDE3F-LeaderElection9 PRE_VOTE round 0: submit vote requests at term 0 for conf: {index: -1, cur=peers:[4ac7aa66-6ed2-4b11-9c1a-72acd958e2aa|127.0.0.1:15034]|listeners:[], old=null}
2025-03-20 02:10:10,857 [4ac7aa66-6ed2-4b11-9c1a-72acd958e2aa@group-0C78A0CDDE3F-LeaderElection9] INFO  impl.LeaderElection (LeaderElection.java:askForVotes(334)) - 4ac7aa66-6ed2-4b11-9c1a-72acd958e2aa@group-0C78A0CDDE3F-LeaderElection9 PRE_VOTE round 0: result PASSED (term=0)
2025-03-20 02:10:10,859 [4d0384fa-a0d7-4e6d-b08b-6a0afc890d42@group-E793DF1E5B5C-FollowerState] INFO  server.RaftServerConfigKeys (ConfUtils.java:logFallback(53)) - raft.server.rpc.first-election.timeout.min = 5s (fallback to raft.server.rpc.timeout.min)
2025-03-20 02:10:10,859 [4d0384fa-a0d7-4e6d-b08b-6a0afc890d42@group-E793DF1E5B5C-FollowerState] INFO  server.RaftServerConfigKeys (ConfUtils.java:logFallback(53)) - raft.server.rpc.first-election.timeout.max = 5200ms (fallback to raft.server.rpc.timeout.max)
2025-03-20 02:10:10,860 [4ac7aa66-6ed2-4b11-9c1a-72acd958e2aa@group-0C78A0CDDE3F-LeaderElection9] INFO  impl.LeaderElection (LeaderElection.java:askForVotes(332)) - 4ac7aa66-6ed2-4b11-9c1a-72acd958e2aa@group-0C78A0CDDE3F-LeaderElection9 ELECTION round 0: submit vote requests at term 1 for conf: {index: -1, cur=peers:[4ac7aa66-6ed2-4b11-9c1a-72acd958e2aa|127.0.0.1:15034]|listeners:[], old=null}
2025-03-20 02:10:10,860 [4ac7aa66-6ed2-4b11-9c1a-72acd958e2aa@group-0C78A0CDDE3F-LeaderElection9] INFO  impl.LeaderElection (LeaderElection.java:askForVotes(334)) - 4ac7aa66-6ed2-4b11-9c1a-72acd958e2aa@group-0C78A0CDDE3F-LeaderElection9 ELECTION round 0: result PASSED (term=1)
2025-03-20 02:10:10,860 [4ac7aa66-6ed2-4b11-9c1a-72acd958e2aa@group-0C78A0CDDE3F-LeaderElection9] INFO  impl.RoleInfo (RoleInfo.java:shutdownLeaderElection(141)) - 4ac7aa66-6ed2-4b11-9c1a-72acd958e2aa: shutdown 4ac7aa66-6ed2-4b11-9c1a-72acd958e2aa@group-0C78A0CDDE3F-LeaderElection9
2025-03-20 02:10:10,860 [4ac7aa66-6ed2-4b11-9c1a-72acd958e2aa@group-0C78A0CDDE3F-LeaderElection9] INFO  server.RaftServer$Division (RaftServerImpl.java:setRole(378)) - 4ac7aa66-6ed2-4b11-9c1a-72acd958e2aa@group-0C78A0CDDE3F: changes role from CANDIDATE to LEADER at term 1 for changeToLeader
2025-03-20 02:10:10,860 [4ac7aa66-6ed2-4b11-9c1a-72acd958e2aa@group-0C78A0CDDE3F-LeaderElection9] INFO  server.RaftServerConfigKeys (ConfUtils.java:logGet(46)) - raft.server.staging.catchup.gap = 1000 (default)
2025-03-20 02:10:10,860 [4ac7aa66-6ed2-4b11-9c1a-72acd958e2aa@group-0C78A0CDDE3F-LeaderElection9] INFO  server.RaftServerConfigKeys (ConfUtils.java:logGet(46)) - raft.server.write.element-limit = 1024 (custom)
2025-03-20 02:10:10,860 [4ac7aa66-6ed2-4b11-9c1a-72acd958e2aa@group-0C78A0CDDE3F-LeaderElection9] INFO  server.RaftServerConfigKeys (ConfUtils.java:logGet(46)) - raft.server.write.byte-limit = 1024 M (=1073741824) (custom)
2025-03-20 02:10:10,861 [4ac7aa66-6ed2-4b11-9c1a-72acd958e2aa@group-0C78A0CDDE3F-LeaderElection9] INFO  server.RaftServerConfigKeys (ConfUtils.java:logGet(46)) - raft.server.watch.timeout = 30s (custom)
2025-03-20 02:10:10,861 [4ac7aa66-6ed2-4b11-9c1a-72acd958e2aa@group-0C78A0CDDE3F-LeaderElection9] INFO  server.RaftServerConfigKeys (ConfUtils.java:logGet(46)) - raft.server.watch.timeout.denomination = 1s (default)
2025-03-20 02:10:10,861 [4ac7aa66-6ed2-4b11-9c1a-72acd958e2aa@group-0C78A0CDDE3F-LeaderElection9] INFO  server.RaftServerConfigKeys (ConfUtils.java:logGet(46)) - raft.server.watch.element-limit = 65536 (default)
2025-03-20 02:10:10,861 [4ac7aa66-6ed2-4b11-9c1a-72acd958e2aa@group-0C78A0CDDE3F-LeaderElection9] INFO  server.RaftServerConfigKeys (ConfUtils.java:logGet(46)) - raft.server.read.leader.lease.enabled = false (default)
2025-03-20 02:10:10,862 [4ac7aa66-6ed2-4b11-9c1a-72acd958e2aa@group-0C78A0CDDE3F-LeaderElection9] INFO  server.RaftServerConfigKeys (ConfUtils.java:logGet(46)) - raft.server.read.leader.lease.timeout.ratio = 0.9 (default)
2025-03-20 02:10:10,862 [4ac7aa66-6ed2-4b11-9c1a-72acd958e2aa@group-0C78A0CDDE3F-LeaderElection9] INFO  server.RaftServerConfigKeys (ConfUtils.java:logGet(46)) - raft.server.rpc.timeout.min = 5s (custom)
2025-03-20 02:10:10,862 [4ac7aa66-6ed2-4b11-9c1a-72acd958e2aa@group-0C78A0CDDE3F-LeaderElection9] INFO  server.RaftServerConfigKeys (ConfUtils.java:logGet(46)) - raft.server.log.log-metadata.enabled = true (default)
2025-03-20 02:10:10,862 [4ac7aa66-6ed2-4b11-9c1a-72acd958e2aa@group-0C78A0CDDE3F-LeaderElection9] INFO  server.RaftServerConfigKeys (ConfUtils.java:logGet(46)) - raft.server.write.element-limit = 1024 (custom)
2025-03-20 02:10:10,862 [4ac7aa66-6ed2-4b11-9c1a-72acd958e2aa@group-0C78A0CDDE3F-LeaderElection9] INFO  server.RaftServerConfigKeys (ConfUtils.java:logGet(46)) - raft.server.write.follower.gap.ratio.max = -1.0 (default)
2025-03-20 02:10:10,863 [4ac7aa66-6ed2-4b11-9c1a-72acd958e2aa@group-0C78A0CDDE3F-LeaderElection9] INFO  impl.RoleInfo (RoleInfo.java:updateAndGet(148)) - 4ac7aa66-6ed2-4b11-9c1a-72acd958e2aa: start 4ac7aa66-6ed2-4b11-9c1a-72acd958e2aa@group-0C78A0CDDE3F-LeaderStateImpl
2025-03-20 02:10:10,863 [4ac7aa66-6ed2-4b11-9c1a-72acd958e2aa@group-0C78A0CDDE3F-LeaderElection9] INFO  server.RaftServer$Division (RaftServerImpl.java:setFirstElection(562)) - 4ac7aa66-6ed2-4b11-9c1a-72acd958e2aa@group-0C78A0CDDE3F: set firstElectionSinceStartup to false for becomeLeader
2025-03-20 02:10:10,863 [4ac7aa66-6ed2-4b11-9c1a-72acd958e2aa@group-0C78A0CDDE3F-LeaderElection9] INFO  ratis.XceiverServerRatis (XceiverServerRatis.java:handleLeaderChangedNotification(941)) - Leader change notification received for group: group-0C78A0CDDE3F with new leaderId: 4ac7aa66-6ed2-4b11-9c1a-72acd958e2aa
2025-03-20 02:10:10,863 [4ac7aa66-6ed2-4b11-9c1a-72acd958e2aa@group-0C78A0CDDE3F-LeaderElection9] INFO  server.RaftServer$Division (ServerState.java:setLeader(272)) - 4ac7aa66-6ed2-4b11-9c1a-72acd958e2aa@group-0C78A0CDDE3F: change Leader from null to 4ac7aa66-6ed2-4b11-9c1a-72acd958e2aa at term 1 for becomeLeader, leader elected after 5138ms
2025-03-20 02:10:10,863 [4ac7aa66-6ed2-4b11-9c1a-72acd958e2aa@group-0C78A0CDDE3F-LeaderElection9] INFO  segmented.SegmentedRaftLogWorker (SegmentedRaftLogWorker.java:startLogSegment(438)) - 4ac7aa66-6ed2-4b11-9c1a-72acd958e2aa@group-0C78A0CDDE3F-SegmentedRaftLogWorker: Starting segment from index:0
2025-03-20 02:10:10,864 [4ac7aa66-6ed2-4b11-9c1a-72acd958e2aa@group-0C78A0CDDE3F-SegmentedRaftLogWorker] INFO  segmented.BufferedWriteChannel (BufferedWriteChannel.java:open(61)) - open log_inprogress_0 at position 0
2025-03-20 02:10:10,866 [4ac7aa66-6ed2-4b11-9c1a-72acd958e2aa@group-0C78A0CDDE3F-LeaderElection9] INFO  server.RaftServer$Division (ServerState.java:setRaftConf(386)) - 4ac7aa66-6ed2-4b11-9c1a-72acd958e2aa@group-0C78A0CDDE3F: set configuration conf: {index: 0, cur=peers:[4ac7aa66-6ed2-4b11-9c1a-72acd958e2aa|127.0.0.1:15034]|listeners:[], old=null}
2025-03-20 02:10:10,874 [4ac7aa66-6ed2-4b11-9c1a-72acd958e2aa@group-0C78A0CDDE3F-SegmentedRaftLogWorker] INFO  segmented.SegmentedRaftLogWorker (SegmentedRaftLogWorker.java:execute(644)) - 4ac7aa66-6ed2-4b11-9c1a-72acd958e2aa@group-0C78A0CDDE3F-SegmentedRaftLogWorker: created new log segment /home/runner/work/ozone/ozone/hadoop-ozone/integration-test/target/test-dir/MiniOzoneClusterImpl-897eaf7f-b25b-4380-b284-a53405b32f13/ozone-meta/datanode-3/ratis/5d695207-a574-433e-8670-0c78a0cdde3f/current/log_inprogress_0
2025-03-20 02:10:10,876 [4ac7aa66-6ed2-4b11-9c1a-72acd958e2aa@group-0C78A0CDDE3F-StateMachineUpdater] INFO  server.RaftServer$Division (LeaderStateImpl.java:checkStartIndex(313)) - Leader 4ac7aa66-6ed2-4b11-9c1a-72acd958e2aa@group-0C78A0CDDE3F-LeaderStateImpl is ready since appliedIndex == startIndex == 0
2025-03-20 02:10:10,929 [4ac7aa66-6ed2-4b11-9c1a-72acd958e2aa@group-E793DF1E5B5C-FollowerState] INFO  impl.FollowerState (FollowerState.java:runImpl(161)) - 4ac7aa66-6ed2-4b11-9c1a-72acd958e2aa@group-E793DF1E5B5C-FollowerState: change to CANDIDATE, lastRpcElapsedTime:5129872573ns, electionTimeout:5128ms
2025-03-20 02:10:10,929 [4ac7aa66-6ed2-4b11-9c1a-72acd958e2aa@group-E793DF1E5B5C-FollowerState] INFO  impl.RoleInfo (RoleInfo.java:shutdownFollowerState(121)) - 4ac7aa66-6ed2-4b11-9c1a-72acd958e2aa: shutdown 4ac7aa66-6ed2-4b11-9c1a-72acd958e2aa@group-E793DF1E5B5C-FollowerState
2025-03-20 02:10:10,929 [4ac7aa66-6ed2-4b11-9c1a-72acd958e2aa@group-E793DF1E5B5C-FollowerState] INFO  server.RaftServer$Division (RaftServerImpl.java:setRole(378)) - 4ac7aa66-6ed2-4b11-9c1a-72acd958e2aa@group-E793DF1E5B5C: changes role from  FOLLOWER to CANDIDATE at term 0 for changeToCandidate
2025-03-20 02:10:10,930 [4ac7aa66-6ed2-4b11-9c1a-72acd958e2aa@group-E793DF1E5B5C-FollowerState] INFO  server.RaftServerConfigKeys (ConfUtils.java:logGet(46)) - raft.server.leaderelection.pre-vote = true (default)
2025-03-20 02:10:10,930 [4ac7aa66-6ed2-4b11-9c1a-72acd958e2aa@group-E793DF1E5B5C-FollowerState] INFO  impl.RoleInfo (RoleInfo.java:updateAndGet(148)) - 4ac7aa66-6ed2-4b11-9c1a-72acd958e2aa: start 4ac7aa66-6ed2-4b11-9c1a-72acd958e2aa@group-E793DF1E5B5C-LeaderElection10
2025-03-20 02:10:10,930 [4ac7aa66-6ed2-4b11-9c1a-72acd958e2aa@group-E793DF1E5B5C-LeaderElection10] INFO  impl.LeaderElection (LeaderElection.java:askForVotes(332)) - 4ac7aa66-6ed2-4b11-9c1a-72acd958e2aa@group-E793DF1E5B5C-LeaderElection10 PRE_VOTE round 0: submit vote requests at term 0 for conf: {index: -1, cur=peers:[f196473e-7e55-4e65-a56a-ed3222e0db42|127.0.0.1:15025, 4ac7aa66-6ed2-4b11-9c1a-72acd958e2aa|127.0.0.1:15034, 4d0384fa-a0d7-4e6d-b08b-6a0afc890d42|127.0.0.1:15016]|listeners:[], old=null}
2025-03-20 02:10:10,931 [4ac7aa66-6ed2-4b11-9c1a-72acd958e2aa@group-E793DF1E5B5C-LeaderElection10-1] INFO  server.GrpcServerProtocolClient (GrpcServerProtocolClient.java:<init>(65)) - Build channel for f196473e-7e55-4e65-a56a-ed3222e0db42|127.0.0.1:15025
2025-03-20 02:10:10,932 [4ac7aa66-6ed2-4b11-9c1a-72acd958e2aa@group-E793DF1E5B5C-LeaderElection10] INFO  server.RaftServerConfigKeys (ConfUtils.java:logFallback(53)) - raft.server.rpc.first-election.timeout.min = 5s (fallback to raft.server.rpc.timeout.min)
2025-03-20 02:10:10,932 [4ac7aa66-6ed2-4b11-9c1a-72acd958e2aa@group-E793DF1E5B5C-LeaderElection10] INFO  server.RaftServerConfigKeys (ConfUtils.java:logFallback(53)) - raft.server.rpc.first-election.timeout.max = 5200ms (fallback to raft.server.rpc.timeout.max)
2025-03-20 02:10:10,932 [4ac7aa66-6ed2-4b11-9c1a-72acd958e2aa@group-E793DF1E5B5C-LeaderElection10-2] INFO  server.GrpcServerProtocolClient (GrpcServerProtocolClient.java:<init>(65)) - Build channel for 4d0384fa-a0d7-4e6d-b08b-6a0afc890d42|127.0.0.1:15016
2025-03-20 02:10:10,938 [grpc-default-executor-2] INFO  server.RaftServer$Division (RaftServerImpl.java:requestVote(1407)) - 4d0384fa-a0d7-4e6d-b08b-6a0afc890d42@group-E793DF1E5B5C: receive requestVote(PRE_VOTE, 4ac7aa66-6ed2-4b11-9c1a-72acd958e2aa, group-E793DF1E5B5C, 0, (t:0, i:0))
2025-03-20 02:10:10,938 [grpc-default-executor-3] INFO  server.RaftServer$Division (RaftServerImpl.java:requestVote(1407)) - f196473e-7e55-4e65-a56a-ed3222e0db42@group-E793DF1E5B5C: receive requestVote(PRE_VOTE, 4ac7aa66-6ed2-4b11-9c1a-72acd958e2aa, group-E793DF1E5B5C, 0, (t:0, i:0))
2025-03-20 02:10:10,938 [grpc-default-executor-3] INFO  impl.VoteContext (VoteContext.java:log(49)) - f196473e-7e55-4e65-a56a-ed3222e0db42@group-E793DF1E5B5C-FOLLOWER: accept PRE_VOTE from 4ac7aa66-6ed2-4b11-9c1a-72acd958e2aa: our priority 0 <= candidate's priority 1
2025-03-20 02:10:10,939 [grpc-default-executor-3] INFO  server.RaftServer$Division (RaftServerImpl.java:requestVote(1441)) - f196473e-7e55-4e65-a56a-ed3222e0db42@group-E793DF1E5B5C replies to PRE_VOTE vote request: 4ac7aa66-6ed2-4b11-9c1a-72acd958e2aa<-f196473e-7e55-4e65-a56a-ed3222e0db42#0:OK-t0. Peer's state: f196473e-7e55-4e65-a56a-ed3222e0db42@group-E793DF1E5B5C:t0, leader=null, voted=, raftlog=Memoized:f196473e-7e55-4e65-a56a-ed3222e0db42@group-E793DF1E5B5C-SegmentedRaftLog:OPENED:c-1:lastnull, conf=conf: {index: -1, cur=peers:[f196473e-7e55-4e65-a56a-ed3222e0db42|127.0.0.1:15025, 4ac7aa66-6ed2-4b11-9c1a-72acd958e2aa|127.0.0.1:15034, 4d0384fa-a0d7-4e6d-b08b-6a0afc890d42|127.0.0.1:15016]|listeners:[], old=null}
2025-03-20 02:10:10,938 [grpc-default-executor-2] INFO  impl.VoteContext (VoteContext.java:log(49)) - 4d0384fa-a0d7-4e6d-b08b-6a0afc890d42@group-E793DF1E5B5C-FOLLOWER: accept PRE_VOTE from 4ac7aa66-6ed2-4b11-9c1a-72acd958e2aa: our priority 0 <= candidate's priority 1
2025-03-20 02:10:10,939 [grpc-default-executor-2] INFO  server.RaftServer$Division (RaftServerImpl.java:requestVote(1441)) - 4d0384fa-a0d7-4e6d-b08b-6a0afc890d42@group-E793DF1E5B5C replies to PRE_VOTE vote request: 4ac7aa66-6ed2-4b11-9c1a-72acd958e2aa<-4d0384fa-a0d7-4e6d-b08b-6a0afc890d42#0:OK-t0. Peer's state: 4d0384fa-a0d7-4e6d-b08b-6a0afc890d42@group-E793DF1E5B5C:t0, leader=null, voted=, raftlog=Memoized:4d0384fa-a0d7-4e6d-b08b-6a0afc890d42@group-E793DF1E5B5C-SegmentedRaftLog:OPENED:c-1:lastnull, conf=conf: {index: -1, cur=peers:[f196473e-7e55-4e65-a56a-ed3222e0db42|127.0.0.1:15025, 4ac7aa66-6ed2-4b11-9c1a-72acd958e2aa|127.0.0.1:15034, 4d0384fa-a0d7-4e6d-b08b-6a0afc890d42|127.0.0.1:15016]|listeners:[], old=null}
2025-03-20 02:10:10,941 [4ac7aa66-6ed2-4b11-9c1a-72acd958e2aa@group-E793DF1E5B5C-LeaderElection10] INFO  impl.LeaderElection (LeaderElection.java:logAndReturn(90)) - 4ac7aa66-6ed2-4b11-9c1a-72acd958e2aa@group-E793DF1E5B5C-LeaderElection10: PRE_VOTE PASSED received 1 response(s) and 0 exception(s):
2025-03-20 02:10:10,941 [4ac7aa66-6ed2-4b11-9c1a-72acd958e2aa@group-E793DF1E5B5C-LeaderElection10] INFO  impl.LeaderElection (LeaderElection.java:logAndReturn(94)) -   Response 0: 4ac7aa66-6ed2-4b11-9c1a-72acd958e2aa<-4d0384fa-a0d7-4e6d-b08b-6a0afc890d42#0:OK-t0
2025-03-20 02:10:10,942 [4ac7aa66-6ed2-4b11-9c1a-72acd958e2aa@group-E793DF1E5B5C-LeaderElection10] INFO  impl.LeaderElection (LeaderElection.java:askForVotes(334)) - 4ac7aa66-6ed2-4b11-9c1a-72acd958e2aa@group-E793DF1E5B5C-LeaderElection10 PRE_VOTE round 0: result PASSED
2025-03-20 02:10:10,944 [4ac7aa66-6ed2-4b11-9c1a-72acd958e2aa@group-E793DF1E5B5C-LeaderElection10] INFO  impl.LeaderElection (LeaderElection.java:askForVotes(332)) - 4ac7aa66-6ed2-4b11-9c1a-72acd958e2aa@group-E793DF1E5B5C-LeaderElection10 ELECTION round 0: submit vote requests at term 1 for conf: {index: -1, cur=peers:[f196473e-7e55-4e65-a56a-ed3222e0db42|127.0.0.1:15025, 4ac7aa66-6ed2-4b11-9c1a-72acd958e2aa|127.0.0.1:15034, 4d0384fa-a0d7-4e6d-b08b-6a0afc890d42|127.0.0.1:15016]|listeners:[], old=null}
2025-03-20 02:10:10,945 [4ac7aa66-6ed2-4b11-9c1a-72acd958e2aa@group-E793DF1E5B5C-LeaderElection10] INFO  server.RaftServerConfigKeys (ConfUtils.java:logFallback(53)) - raft.server.rpc.first-election.timeout.min = 5s (fallback to raft.server.rpc.timeout.min)
2025-03-20 02:10:10,945 [4ac7aa66-6ed2-4b11-9c1a-72acd958e2aa@group-E793DF1E5B5C-LeaderElection10] INFO  server.RaftServerConfigKeys (ConfUtils.java:logFallback(53)) - raft.server.rpc.first-election.timeout.max = 5200ms (fallback to raft.server.rpc.timeout.max)
2025-03-20 02:10:10,947 [grpc-default-executor-3] INFO  server.RaftServer$Division (RaftServerImpl.java:requestVote(1407)) - f196473e-7e55-4e65-a56a-ed3222e0db42@group-E793DF1E5B5C: receive requestVote(ELECTION, 4ac7aa66-6ed2-4b11-9c1a-72acd958e2aa, group-E793DF1E5B5C, 1, (t:0, i:0))
2025-03-20 02:10:10,947 [grpc-default-executor-3] INFO  impl.VoteContext (VoteContext.java:log(49)) - f196473e-7e55-4e65-a56a-ed3222e0db42@group-E793DF1E5B5C-FOLLOWER: accept ELECTION from 4ac7aa66-6ed2-4b11-9c1a-72acd958e2aa: our priority 0 <= candidate's priority 1
2025-03-20 02:10:10,948 [grpc-default-executor-3] INFO  server.RaftServer$Division (RaftServerImpl.java:setRole(378)) - f196473e-7e55-4e65-a56a-ed3222e0db42@group-E793DF1E5B5C: changes role from  FOLLOWER to FOLLOWER at term 0 for candidate:4ac7aa66-6ed2-4b11-9c1a-72acd958e2aa
2025-03-20 02:10:10,948 [grpc-default-executor-3] INFO  impl.RoleInfo (RoleInfo.java:shutdownFollowerState(121)) - f196473e-7e55-4e65-a56a-ed3222e0db42: shutdown f196473e-7e55-4e65-a56a-ed3222e0db42@group-E793DF1E5B5C-FollowerState
2025-03-20 02:10:10,948 [grpc-default-executor-3] INFO  impl.RoleInfo (RoleInfo.java:updateAndGet(148)) - f196473e-7e55-4e65-a56a-ed3222e0db42: start f196473e-7e55-4e65-a56a-ed3222e0db42@group-E793DF1E5B5C-FollowerState
2025-03-20 02:10:10,948 [f196473e-7e55-4e65-a56a-ed3222e0db42@group-E793DF1E5B5C-FollowerState] INFO  impl.FollowerState (FollowerState.java:runImpl(170)) - f196473e-7e55-4e65-a56a-ed3222e0db42@group-E793DF1E5B5C-FollowerState was interrupted
2025-03-20 02:10:10,949 [grpc-default-executor-2] INFO  server.RaftServer$Division (RaftServerImpl.java:requestVote(1407)) - 4d0384fa-a0d7-4e6d-b08b-6a0afc890d42@group-E793DF1E5B5C: receive requestVote(ELECTION, 4ac7aa66-6ed2-4b11-9c1a-72acd958e2aa, group-E793DF1E5B5C, 1, (t:0, i:0))
2025-03-20 02:10:10,949 [grpc-default-executor-2] INFO  impl.VoteContext (VoteContext.java:log(49)) - 4d0384fa-a0d7-4e6d-b08b-6a0afc890d42@group-E793DF1E5B5C-FOLLOWER: accept ELECTION from 4ac7aa66-6ed2-4b11-9c1a-72acd958e2aa: our priority 0 <= candidate's priority 1
2025-03-20 02:10:10,949 [grpc-default-executor-2] INFO  server.RaftServer$Division (RaftServerImpl.java:setRole(378)) - 4d0384fa-a0d7-4e6d-b08b-6a0afc890d42@group-E793DF1E5B5C: changes role from  FOLLOWER to FOLLOWER at term 0 for candidate:4ac7aa66-6ed2-4b11-9c1a-72acd958e2aa
2025-03-20 02:10:10,949 [grpc-default-executor-2] INFO  impl.RoleInfo (RoleInfo.java:shutdownFollowerState(121)) - 4d0384fa-a0d7-4e6d-b08b-6a0afc890d42: shutdown 4d0384fa-a0d7-4e6d-b08b-6a0afc890d42@group-E793DF1E5B5C-FollowerState
2025-03-20 02:10:10,949 [grpc-default-executor-2] INFO  impl.RoleInfo (RoleInfo.java:updateAndGet(148)) - 4d0384fa-a0d7-4e6d-b08b-6a0afc890d42: start 4d0384fa-a0d7-4e6d-b08b-6a0afc890d42@group-E793DF1E5B5C-FollowerState
2025-03-20 02:10:10,950 [4d0384fa-a0d7-4e6d-b08b-6a0afc890d42@group-E793DF1E5B5C-FollowerState] INFO  impl.FollowerState (FollowerState.java:runImpl(170)) - 4d0384fa-a0d7-4e6d-b08b-6a0afc890d42@group-E793DF1E5B5C-FollowerState was interrupted
2025-03-20 02:10:10,951 [grpc-default-executor-2] INFO  server.RaftServer$Division (RaftServerImpl.java:setFirstElection(562)) - 4d0384fa-a0d7-4e6d-b08b-6a0afc890d42@group-E793DF1E5B5C: set firstElectionSinceStartup to false for candidate:4ac7aa66-6ed2-4b11-9c1a-72acd958e2aa
2025-03-20 02:10:10,952 [grpc-default-executor-3] INFO  server.RaftServer$Division (RaftServerImpl.java:requestVote(1441)) - f196473e-7e55-4e65-a56a-ed3222e0db42@group-E793DF1E5B5C replies to ELECTION vote request: 4ac7aa66-6ed2-4b11-9c1a-72acd958e2aa<-f196473e-7e55-4e65-a56a-ed3222e0db42#0:OK-t1. Peer's state: f196473e-7e55-4e65-a56a-ed3222e0db42@group-E793DF1E5B5C:t1, leader=null, voted=4ac7aa66-6ed2-4b11-9c1a-72acd958e2aa, raftlog=Memoized:f196473e-7e55-4e65-a56a-ed3222e0db42@group-E793DF1E5B5C-SegmentedRaftLog:OPENED:c-1:lastnull, conf=conf: {index: -1, cur=peers:[f196473e-7e55-4e65-a56a-ed3222e0db42|127.0.0.1:15025, 4ac7aa66-6ed2-4b11-9c1a-72acd958e2aa|127.0.0.1:15034, 4d0384fa-a0d7-4e6d-b08b-6a0afc890d42|127.0.0.1:15016]|listeners:[], old=null}
2025-03-20 02:10:10,953 [grpc-default-executor-2] INFO  server.RaftServer$Division (RaftServerImpl.java:requestVote(1441)) - 4d0384fa-a0d7-4e6d-b08b-6a0afc890d42@group-E793DF1E5B5C replies to ELECTION vote request: 4ac7aa66-6ed2-4b11-9c1a-72acd958e2aa<-4d0384fa-a0d7-4e6d-b08b-6a0afc890d42#0:OK-t1. Peer's state: 4d0384fa-a0d7-4e6d-b08b-6a0afc890d42@group-E793DF1E5B5C:t1, leader=null, voted=4ac7aa66-6ed2-4b11-9c1a-72acd958e2aa, raftlog=Memoized:4d0384fa-a0d7-4e6d-b08b-6a0afc890d42@group-E793DF1E5B5C-SegmentedRaftLog:OPENED:c-1:lastnull, conf=conf: {index: -1, cur=peers:[f196473e-7e55-4e65-a56a-ed3222e0db42|127.0.0.1:15025, 4ac7aa66-6ed2-4b11-9c1a-72acd958e2aa|127.0.0.1:15034, 4d0384fa-a0d7-4e6d-b08b-6a0afc890d42|127.0.0.1:15016]|listeners:[], old=null}
2025-03-20 02:10:10,956 [4ac7aa66-6ed2-4b11-9c1a-72acd958e2aa@group-E793DF1E5B5C-LeaderElection10] INFO  impl.LeaderElection (LeaderElection.java:logAndReturn(90)) - 4ac7aa66-6ed2-4b11-9c1a-72acd958e2aa@group-E793DF1E5B5C-LeaderElection10: ELECTION PASSED received 1 response(s) and 0 exception(s):
2025-03-20 02:10:10,956 [4ac7aa66-6ed2-4b11-9c1a-72acd958e2aa@group-E793DF1E5B5C-LeaderElection10] INFO  impl.LeaderElection (LeaderElection.java:logAndReturn(94)) -   Response 0: 4ac7aa66-6ed2-4b11-9c1a-72acd958e2aa<-f196473e-7e55-4e65-a56a-ed3222e0db42#0:OK-t1
2025-03-20 02:10:10,956 [4ac7aa66-6ed2-4b11-9c1a-72acd958e2aa@group-E793DF1E5B5C-LeaderElection10] INFO  impl.LeaderElection (LeaderElection.java:askForVotes(334)) - 4ac7aa66-6ed2-4b11-9c1a-72acd958e2aa@group-E793DF1E5B5C-LeaderElection10 ELECTION round 0: result PASSED
2025-03-20 02:10:10,956 [4ac7aa66-6ed2-4b11-9c1a-72acd958e2aa@group-E793DF1E5B5C-LeaderElection10] INFO  impl.RoleInfo (RoleInfo.java:shutdownLeaderElection(141)) - 4ac7aa66-6ed2-4b11-9c1a-72acd958e2aa: shutdown 4ac7aa66-6ed2-4b11-9c1a-72acd958e2aa@group-E793DF1E5B5C-LeaderElection10
2025-03-20 02:10:10,956 [4ac7aa66-6ed2-4b11-9c1a-72acd958e2aa@group-E793DF1E5B5C-LeaderElection10] INFO  server.RaftServer$Division (RaftServerImpl.java:setRole(378)) - 4ac7aa66-6ed2-4b11-9c1a-72acd958e2aa@group-E793DF1E5B5C: changes role from CANDIDATE to LEADER at term 1 for changeToLeader
2025-03-20 02:10:10,956 [4ac7aa66-6ed2-4b11-9c1a-72acd958e2aa@group-E793DF1E5B5C-LeaderElection10] INFO  server.RaftServerConfigKeys (ConfUtils.java:logGet(46)) - raft.server.staging.catchup.gap = 1000 (default)
2025-03-20 02:10:10,956 [4ac7aa66-6ed2-4b11-9c1a-72acd958e2aa@group-E793DF1E5B5C-LeaderElection10] INFO  server.RaftServerConfigKeys (ConfUtils.java:logGet(46)) - raft.server.write.element-limit = 1024 (custom)
2025-03-20 02:10:10,956 [4ac7aa66-6ed2-4b11-9c1a-72acd958e2aa@group-E793DF1E5B5C-LeaderElection10] INFO  server.RaftServerConfigKeys (ConfUtils.java:logGet(46)) - raft.server.write.byte-limit = 1024 M (=1073741824) (custom)
2025-03-20 02:10:10,957 [4ac7aa66-6ed2-4b11-9c1a-72acd958e2aa@group-E793DF1E5B5C-LeaderElection10] INFO  server.RaftServerConfigKeys (ConfUtils.java:logGet(46)) - raft.server.watch.timeout = 30s (custom)
2025-03-20 02:10:10,957 [4ac7aa66-6ed2-4b11-9c1a-72acd958e2aa@group-E793DF1E5B5C-LeaderElection10] INFO  server.RaftServerConfigKeys (ConfUtils.java:logGet(46)) - raft.server.watch.timeout.denomination = 1s (default)
2025-03-20 02:10:10,957 [4ac7aa66-6ed2-4b11-9c1a-72acd958e2aa@group-E793DF1E5B5C-LeaderElection10] INFO  server.RaftServerConfigKeys (ConfUtils.java:logGet(46)) - raft.server.watch.element-limit = 65536 (default)
2025-03-20 02:10:10,957 [4ac7aa66-6ed2-4b11-9c1a-72acd958e2aa@group-E793DF1E5B5C-LeaderElection10] INFO  server.RaftServerConfigKeys (ConfUtils.java:logGet(46)) - raft.server.read.leader.lease.enabled = false (default)
2025-03-20 02:10:10,957 [4ac7aa66-6ed2-4b11-9c1a-72acd958e2aa@group-E793DF1E5B5C-LeaderElection10] INFO  server.RaftServerConfigKeys (ConfUtils.java:logGet(46)) - raft.server.read.leader.lease.timeout.ratio = 0.9 (default)
2025-03-20 02:10:10,958 [4ac7aa66-6ed2-4b11-9c1a-72acd958e2aa@group-E793DF1E5B5C-LeaderElection10] INFO  server.RaftServerConfigKeys (ConfUtils.java:logGet(46)) - raft.server.rpc.timeout.min = 5s (custom)
2025-03-20 02:10:10,958 [4ac7aa66-6ed2-4b11-9c1a-72acd958e2aa@group-E793DF1E5B5C-LeaderElection10] INFO  server.RaftServerConfigKeys (ConfUtils.java:logGet(46)) - raft.server.log.log-metadata.enabled = true (default)
2025-03-20 02:10:10,958 [4ac7aa66-6ed2-4b11-9c1a-72acd958e2aa@group-E793DF1E5B5C-LeaderElection10] INFO  server.RaftServerConfigKeys (ConfUtils.java:logGet(46)) - raft.server.write.element-limit = 1024 (custom)
2025-03-20 02:10:10,958 [4ac7aa66-6ed2-4b11-9c1a-72acd958e2aa@group-E793DF1E5B5C-LeaderElection10] INFO  server.RaftServerConfigKeys (ConfUtils.java:logGet(46)) - raft.server.write.follower.gap.ratio.max = -1.0 (default)
2025-03-20 02:10:10,961 [4ac7aa66-6ed2-4b11-9c1a-72acd958e2aa@group-E793DF1E5B5C-LeaderElection10] INFO  server.RaftServerConfigKeys (ConfUtils.java:logGet(46)) - raft.server.log.appender.snapshot.chunk.size.max = 16MB (=16777216) (default)
2025-03-20 02:10:10,961 [4ac7aa66-6ed2-4b11-9c1a-72acd958e2aa@group-E793DF1E5B5C-LeaderElection10] INFO  server.RaftServerConfigKeys (ConfUtils.java:logGet(46)) - raft.server.log.appender.buffer.byte-limit = 33554432 (custom)
2025-03-20 02:10:10,961 [4ac7aa66-6ed2-4b11-9c1a-72acd958e2aa@group-E793DF1E5B5C-LeaderElection10] INFO  server.RaftServerConfigKeys (ConfUtils.java:logGet(46)) - raft.server.log.appender.buffer.element-limit = 1024 (custom)
2025-03-20 02:10:10,961 [4ac7aa66-6ed2-4b11-9c1a-72acd958e2aa@group-E793DF1E5B5C-LeaderElection10] INFO  server.RaftServerConfigKeys (ConfUtils.java:logGet(46)) - raft.server.log.appender.wait-time.min = 0μs (custom)
2025-03-20 02:10:10,961 [4ac7aa66-6ed2-4b11-9c1a-72acd958e2aa@group-E793DF1E5B5C-LeaderElection10] INFO  grpc.GrpcConfigKeys (ConfUtils.java:logGet(46)) - raft.grpc.server.leader.outstanding.appends.max = 8 (default)
2025-03-20 02:10:10,961 [4ac7aa66-6ed2-4b11-9c1a-72acd958e2aa@group-E793DF1E5B5C-LeaderElection10] INFO  server.RaftServerConfigKeys (ConfUtils.java:logGet(46)) - raft.server.rpc.request.timeout = 60s (custom)
2025-03-20 02:10:10,962 [4ac7aa66-6ed2-4b11-9c1a-72acd958e2aa@group-E793DF1E5B5C-LeaderElection10] INFO  grpc.GrpcConfigKeys (ConfUtils.java:logGet(46)) - raft.grpc.server.install_snapshot.request.element-limit = 8 (default)
2025-03-20 02:10:10,962 [4ac7aa66-6ed2-4b11-9c1a-72acd958e2aa@group-E793DF1E5B5C-LeaderElection10] INFO  grpc.GrpcConfigKeys (ConfUtils.java:logGet(46)) - raft.grpc.server.install_snapshot.request.timeout = 3000ms (default)
2025-03-20 02:10:10,962 [4ac7aa66-6ed2-4b11-9c1a-72acd958e2aa@group-E793DF1E5B5C-LeaderElection10] INFO  grpc.GrpcConfigKeys (ConfUtils.java:logGet(46)) - raft.grpc.server.log-message.batch.duration = 5s (default)
2025-03-20 02:10:10,962 [4ac7aa66-6ed2-4b11-9c1a-72acd958e2aa@group-E793DF1E5B5C-LeaderElection10] INFO  server.RaftServerConfigKeys (ConfUtils.java:logGet(46)) - raft.server.log.appender.install.snapshot.enabled = false (custom)
2025-03-20 02:10:10,962 [4ac7aa66-6ed2-4b11-9c1a-72acd958e2aa@group-E793DF1E5B5C-LeaderElection10] INFO  grpc.GrpcConfigKeys (ConfUtils.java:logGet(46)) - raft.grpc.server.heartbeat.channel = true (default)
2025-03-20 02:10:10,963 [4ac7aa66-6ed2-4b11-9c1a-72acd958e2aa@group-E793DF1E5B5C-LeaderElection10] INFO  server.RaftServerConfigKeys (ConfUtils.java:logGet(46)) - raft.server.log.appender.snapshot.chunk.size.max = 16MB (=16777216) (default)
2025-03-20 02:10:10,963 [4ac7aa66-6ed2-4b11-9c1a-72acd958e2aa@group-E793DF1E5B5C-LeaderElection10] INFO  server.RaftServerConfigKeys (ConfUtils.java:logGet(46)) - raft.server.log.appender.buffer.byte-limit = 33554432 (custom)
2025-03-20 02:10:10,963 [4ac7aa66-6ed2-4b11-9c1a-72acd958e2aa@group-E793DF1E5B5C-LeaderElection10] INFO  server.RaftServerConfigKeys (ConfUtils.java:logGet(46)) - raft.server.log.appender.buffer.element-limit = 1024 (custom)
2025-03-20 02:10:10,965 [4ac7aa66-6ed2-4b11-9c1a-72acd958e2aa@group-E793DF1E5B5C-LeaderElection10] INFO  server.RaftServerConfigKeys (ConfUtils.java:logGet(46)) - raft.server.log.appender.wait-time.min = 0μs (custom)
2025-03-20 02:10:10,965 [4ac7aa66-6ed2-4b11-9c1a-72acd958e2aa@group-E793DF1E5B5C-LeaderElection10] INFO  grpc.GrpcConfigKeys (ConfUtils.java:logGet(46)) - raft.grpc.server.leader.outstanding.appends.max = 8 (default)
2025-03-20 02:10:10,965 [4ac7aa66-6ed2-4b11-9c1a-72acd958e2aa@group-E793DF1E5B5C-LeaderElection10] INFO  server.RaftServerConfigKeys (ConfUtils.java:logGet(46)) - raft.server.rpc.request.timeout = 60s (custom)
2025-03-20 02:10:10,965 [4ac7aa66-6ed2-4b11-9c1a-72acd958e2aa@group-E793DF1E5B5C-LeaderElection10] INFO  grpc.GrpcConfigKeys (ConfUtils.java:logGet(46)) - raft.grpc.server.install_snapshot.request.element-limit = 8 (default)
2025-03-20 02:10:10,965 [4ac7aa66-6ed2-4b11-9c1a-72acd958e2aa@group-E793DF1E5B5C-LeaderElection10] INFO  grpc.GrpcConfigKeys (ConfUtils.java:logGet(46)) - raft.grpc.server.install_snapshot.request.timeout = 3000ms (default)
2025-03-20 02:10:10,965 [4ac7aa66-6ed2-4b11-9c1a-72acd958e2aa@group-E793DF1E5B5C-LeaderElection10] INFO  grpc.GrpcConfigKeys (ConfUtils.java:logGet(46)) - raft.grpc.server.log-message.batch.duration = 5s (default)
2025-03-20 02:10:10,966 [4ac7aa66-6ed2-4b11-9c1a-72acd958e2aa@group-E793DF1E5B5C-LeaderElection10] INFO  server.RaftServerConfigKeys (ConfUtils.java:logGet(46)) - raft.server.log.appender.install.snapshot.enabled = false (custom)
2025-03-20 02:10:10,966 [4ac7aa66-6ed2-4b11-9c1a-72acd958e2aa@group-E793DF1E5B5C-LeaderElection10] INFO  grpc.GrpcConfigKeys (ConfUtils.java:logGet(46)) - raft.grpc.server.heartbeat.channel = true (default)
2025-03-20 02:10:10,966 [4ac7aa66-6ed2-4b11-9c1a-72acd958e2aa@group-E793DF1E5B5C-LeaderElection10] INFO  impl.RoleInfo (RoleInfo.java:updateAndGet(148)) - 4ac7aa66-6ed2-4b11-9c1a-72acd958e2aa: start 4ac7aa66-6ed2-4b11-9c1a-72acd958e2aa@group-E793DF1E5B5C-LeaderStateImpl
2025-03-20 02:10:10,966 [4ac7aa66-6ed2-4b11-9c1a-72acd958e2aa@group-E793DF1E5B5C-LeaderElection10] INFO  server.RaftServer$Division (RaftServerImpl.java:setFirstElection(562)) - 4ac7aa66-6ed2-4b11-9c1a-72acd958e2aa@group-E793DF1E5B5C: set firstElectionSinceStartup to false for becomeLeader
2025-03-20 02:10:10,966 [4ac7aa66-6ed2-4b11-9c1a-72acd958e2aa@group-E793DF1E5B5C-LeaderElection10] INFO  ratis.XceiverServerRatis (XceiverServerRatis.java:handleLeaderChangedNotification(941)) - Leader change notification received for group: group-E793DF1E5B5C with new leaderId: 4ac7aa66-6ed2-4b11-9c1a-72acd958e2aa
2025-03-20 02:10:10,967 [4ac7aa66-6ed2-4b11-9c1a-72acd958e2aa@group-E793DF1E5B5C-LeaderElection10] INFO  server.RaftServer$Division (ServerState.java:setLeader(272)) - 4ac7aa66-6ed2-4b11-9c1a-72acd958e2aa@group-E793DF1E5B5C: change Leader from null to 4ac7aa66-6ed2-4b11-9c1a-72acd958e2aa at term 1 for becomeLeader, leader elected after 5199ms
2025-03-20 02:10:10,967 [4ac7aa66-6ed2-4b11-9c1a-72acd958e2aa@group-E793DF1E5B5C-LeaderElection10] INFO  segmented.SegmentedRaftLogWorker (SegmentedRaftLogWorker.java:startLogSegment(438)) - 4ac7aa66-6ed2-4b11-9c1a-72acd958e2aa@group-E793DF1E5B5C-SegmentedRaftLogWorker: Starting segment from index:0
2025-03-20 02:10:10,967 [4ac7aa66-6ed2-4b11-9c1a-72acd958e2aa@group-E793DF1E5B5C-LeaderElection10] INFO  server.RaftServer$Division (ServerState.java:setRaftConf(386)) - 4ac7aa66-6ed2-4b11-9c1a-72acd958e2aa@group-E793DF1E5B5C: set configuration conf: {index: 0, cur=peers:[f196473e-7e55-4e65-a56a-ed3222e0db42|127.0.0.1:15025, 4ac7aa66-6ed2-4b11-9c1a-72acd958e2aa|127.0.0.1:15034, 4d0384fa-a0d7-4e6d-b08b-6a0afc890d42|127.0.0.1:15016]|listeners:[], old=null}
2025-03-20 02:10:10,969 [4ac7aa66-6ed2-4b11-9c1a-72acd958e2aa@group-E793DF1E5B5C-SegmentedRaftLogWorker] INFO  segmented.BufferedWriteChannel (BufferedWriteChannel.java:open(61)) - open log_inprogress_0 at position 0
2025-03-20 02:10:10,975 [EventQueue-PipelineReportForPipelineReportHandler] INFO  pipeline.PipelineReportHandler (PipelineReportHandler.java:processPipelineReport(139)) - Opened pipeline PipelineID=86a6705c-c260-48d4-82f8-e793df1e5b5c
2025-03-20 02:10:10,986 [4d0384fa-a0d7-4e6d-b08b-6a0afc890d42-server-thread1] INFO  ratis.XceiverServerRatis (XceiverServerRatis.java:handleLeaderChangedNotification(941)) - Leader change notification received for group: group-E793DF1E5B5C with new leaderId: 4ac7aa66-6ed2-4b11-9c1a-72acd958e2aa
2025-03-20 02:10:10,987 [f196473e-7e55-4e65-a56a-ed3222e0db42-server-thread1] INFO  ratis.XceiverServerRatis (XceiverServerRatis.java:handleLeaderChangedNotification(941)) - Leader change notification received for group: group-E793DF1E5B5C with new leaderId: 4ac7aa66-6ed2-4b11-9c1a-72acd958e2aa
2025-03-20 02:10:10,989 [f196473e-7e55-4e65-a56a-ed3222e0db42-server-thread1] INFO  server.RaftServer$Division (ServerState.java:setLeader(272)) - f196473e-7e55-4e65-a56a-ed3222e0db42@group-E793DF1E5B5C: change Leader from null to 4ac7aa66-6ed2-4b11-9c1a-72acd958e2aa at term 1 for appendEntries, leader elected after 5291ms
2025-03-20 02:10:10,986 [4ac7aa66-6ed2-4b11-9c1a-72acd958e2aa@group-E793DF1E5B5C-SegmentedRaftLogWorker] INFO  segmented.SegmentedRaftLogWorker (SegmentedRaftLogWorker.java:execute(644)) - 4ac7aa66-6ed2-4b11-9c1a-72acd958e2aa@group-E793DF1E5B5C-SegmentedRaftLogWorker: created new log segment /home/runner/work/ozone/ozone/hadoop-ozone/integration-test/target/test-dir/MiniOzoneClusterImpl-897eaf7f-b25b-4380-b284-a53405b32f13/ozone-meta/datanode-3/ratis/86a6705c-c260-48d4-82f8-e793df1e5b5c/current/log_inprogress_0
2025-03-20 02:10:10,988 [4d0384fa-a0d7-4e6d-b08b-6a0afc890d42-server-thread1] INFO  server.RaftServer$Division (ServerState.java:setLeader(272)) - 4d0384fa-a0d7-4e6d-b08b-6a0afc890d42@group-E793DF1E5B5C: change Leader from null to 4ac7aa66-6ed2-4b11-9c1a-72acd958e2aa at term 1 for appendEntries, leader elected after 5329ms
2025-03-20 02:10:10,993 [f196473e-7e55-4e65-a56a-ed3222e0db42-server-thread2] INFO  server.RaftServer$Division (ServerState.java:setRaftConf(386)) - f196473e-7e55-4e65-a56a-ed3222e0db42@group-E793DF1E5B5C: set configuration conf: {index: 0, cur=peers:[f196473e-7e55-4e65-a56a-ed3222e0db42|127.0.0.1:15025, 4ac7aa66-6ed2-4b11-9c1a-72acd958e2aa|127.0.0.1:15034, 4d0384fa-a0d7-4e6d-b08b-6a0afc890d42|127.0.0.1:15016]|listeners:[], old=null}
2025-03-20 02:10:10,993 [4d0384fa-a0d7-4e6d-b08b-6a0afc890d42-server-thread2] INFO  server.RaftServer$Division (ServerState.java:setRaftConf(386)) - 4d0384fa-a0d7-4e6d-b08b-6a0afc890d42@group-E793DF1E5B5C: set configuration conf: {index: 0, cur=peers:[f196473e-7e55-4e65-a56a-ed3222e0db42|127.0.0.1:15025, 4ac7aa66-6ed2-4b11-9c1a-72acd958e2aa|127.0.0.1:15034, 4d0384fa-a0d7-4e6d-b08b-6a0afc890d42|127.0.0.1:15016]|listeners:[], old=null}
2025-03-20 02:10:10,993 [4d0384fa-a0d7-4e6d-b08b-6a0afc890d42-server-thread2] INFO  segmented.SegmentedRaftLogWorker (SegmentedRaftLogWorker.java:startLogSegment(438)) - 4d0384fa-a0d7-4e6d-b08b-6a0afc890d42@group-E793DF1E5B5C-SegmentedRaftLogWorker: Starting segment from index:0
2025-03-20 02:10:10,993 [f196473e-7e55-4e65-a56a-ed3222e0db42-server-thread2] INFO  segmented.SegmentedRaftLogWorker (SegmentedRaftLogWorker.java:startLogSegment(438)) - f196473e-7e55-4e65-a56a-ed3222e0db42@group-E793DF1E5B5C-SegmentedRaftLogWorker: Starting segment from index:0
2025-03-20 02:10:10,995 [f196473e-7e55-4e65-a56a-ed3222e0db42@group-E793DF1E5B5C-SegmentedRaftLogWorker] INFO  segmented.BufferedWriteChannel (BufferedWriteChannel.java:open(61)) - open log_inprogress_0 at position 0
2025-03-20 02:10:10,997 [4d0384fa-a0d7-4e6d-b08b-6a0afc890d42@group-E793DF1E5B5C-SegmentedRaftLogWorker] INFO  segmented.BufferedWriteChannel (BufferedWriteChannel.java:open(61)) - open log_inprogress_0 at position 0
2025-03-20 02:10:11,011 [4d0384fa-a0d7-4e6d-b08b-6a0afc890d42@group-E793DF1E5B5C-SegmentedRaftLogWorker] INFO  segmented.SegmentedRaftLogWorker (SegmentedRaftLogWorker.java:execute(644)) - 4d0384fa-a0d7-4e6d-b08b-6a0afc890d42@group-E793DF1E5B5C-SegmentedRaftLogWorker: created new log segment /home/runner/work/ozone/ozone/hadoop-ozone/integration-test/target/test-dir/MiniOzoneClusterImpl-897eaf7f-b25b-4380-b284-a53405b32f13/ozone-meta/datanode-1/ratis/86a6705c-c260-48d4-82f8-e793df1e5b5c/current/log_inprogress_0
2025-03-20 02:10:11,013 [f196473e-7e55-4e65-a56a-ed3222e0db42@group-E793DF1E5B5C-SegmentedRaftLogWorker] INFO  segmented.SegmentedRaftLogWorker (SegmentedRaftLogWorker.java:execute(644)) - f196473e-7e55-4e65-a56a-ed3222e0db42@group-E793DF1E5B5C-SegmentedRaftLogWorker: created new log segment /home/runner/work/ozone/ozone/hadoop-ozone/integration-test/target/test-dir/MiniOzoneClusterImpl-897eaf7f-b25b-4380-b284-a53405b32f13/ozone-meta/datanode-2/ratis/86a6705c-c260-48d4-82f8-e793df1e5b5c/current/log_inprogress_0
2025-03-20 02:10:11,018 [4ac7aa66-6ed2-4b11-9c1a-72acd958e2aa@group-E793DF1E5B5C-StateMachineUpdater] INFO  server.RaftServer$Division (LeaderStateImpl.java:checkStartIndex(313)) - Leader 4ac7aa66-6ed2-4b11-9c1a-72acd958e2aa@group-E793DF1E5B5C-LeaderStateImpl is ready since appliedIndex == startIndex == 0
2025-03-20 02:10:11,177 [main] INFO  rpc.RpcClient (RpcClient.java:createVolume(462)) - Creating Volume: volume39175, with user26916 as owner and space quota set to -1 bytes, counts quota set to -1
2025-03-20 02:10:11,207 [om1-OMStateMachineApplyTransactionThread - 0] WARN  helpers.OzoneAclUtil (OzoneAclUtil.java:getDefaultAclList(77)) - Failed to get primary group from user user26916 (auth:SIMPLE)
2025-03-20 02:10:11,208 [om1-OMStateMachineApplyTransactionThread - 0] INFO  volume.OMVolumeCreateRequest (OMVolumeCreateRequest.java:validateAndUpdateCache(204)) - created volume:volume39175 for user:user26916
2025-03-20 02:10:11,220 [main] INFO  rpc.RpcClient (RpcClient.java:createBucket(687)) - Creating Bucket: volume39175/bucket17528, with bucket layout OBJECT_STORE, runner as owner, Versioning false, Storage Type set to DISK and Encryption set to false, Replication Type set to server-side default replication type, Namespace Quota set to -1, Space Quota set to -1 
2025-03-20 02:10:11,243 [om1-OMStateMachineApplyTransactionThread - 0] INFO  bucket.OMBucketCreateRequest (OMBucketCreateRequest.java:validateAndUpdateCache(291)) - created bucket: bucket17528 of layout OBJECT_STORE in volume: volume39175
2025-03-20 02:10:11,254 [main] INFO  rpc.RpcClient (RpcClient.java:createBucket(687)) - Creating Bucket: volume39175/bucket1752853833, with server-side default bucket layout, runner as owner, Versioning false, Storage Type set to DISK and Encryption set to false, Replication Type set to server-side default replication type, Namespace Quota set to -1, Space Quota set to -1 
2025-03-20 02:10:11,258 [om1-OMStateMachineApplyTransactionThread - 0] INFO  bucket.OMBucketCreateRequest (OMBucketCreateRequest.java:validateAndUpdateCache(291)) - created bucket: bucket1752853833 of layout OBJECT_STORE in volume: volume39175
2025-03-20 02:10:11,267 [main] INFO  utils.BackgroundService (BackgroundService.java:shutdown(162)) - Shutting down service KeyDeletingService
2025-03-20 02:10:11,267 [main] INFO  utils.BackgroundService (BackgroundService.java:shutdown(162)) - Shutting down service DirectoryDeletingService
2025-03-20 02:10:11,268 [main] INFO  utils.BackgroundService (BackgroundService.java:shutdown(162)) - Shutting down service OpenKeyCleanupService
2025-03-20 02:10:11,269 [main] INFO  utils.BackgroundService (BackgroundService.java:shutdown(162)) - Shutting down service SnapshotDeletingService
2025-03-20 02:10:11,269 [main] INFO  utils.BackgroundService (BackgroundService.java:shutdown(162)) - Shutting down service MultipartUploadCleanupService
2025-03-20 02:10:11,357 [om1-OMStateMachineApplyTransactionThread - 0] INFO  upgrade.UpgradeFinalizer (BasicUpgradeFinalizer.java:logAndEmit(394)) - Finalization started.
2025-03-20 02:10:11,357 [om1-OMStateMachineApplyTransactionThread - 0] INFO  upgrade.UpgradeFinalizer (BasicUpgradeFinalizer.java:logAndEmit(394)) - No onFinalize work defined for feature: MULTITENANCY_SCHEMA.
2025-03-20 02:10:11,359 [om1-OMStateMachineApplyTransactionThread - 0] INFO  upgrade.AbstractLayoutVersionManager (AbstractLayoutVersionManager.java:finalized(124)) - Layout feature MULTITENANCY_SCHEMA has been finalized.
2025-03-20 02:10:11,359 [om1-OMStateMachineApplyTransactionThread - 0] INFO  upgrade.UpgradeFinalizer (BasicUpgradeFinalizer.java:logAndEmit(394)) - No onFinalize work defined for feature: HSYNC.
2025-03-20 02:10:11,361 [om1-OMStateMachineApplyTransactionThread - 0] INFO  upgrade.AbstractLayoutVersionManager (AbstractLayoutVersionManager.java:finalized(124)) - Layout feature HSYNC has been finalized.
2025-03-20 02:10:11,361 [om1-OMStateMachineApplyTransactionThread - 0] INFO  upgrade.UpgradeFinalizer (BasicUpgradeFinalizer.java:logAndEmit(394)) - No onFinalize work defined for feature: FILESYSTEM_SNAPSHOT.
2025-03-20 02:10:11,362 [om1-OMStateMachineApplyTransactionThread - 0] INFO  upgrade.AbstractLayoutVersionManager (AbstractLayoutVersionManager.java:finalized(124)) - Layout feature FILESYSTEM_SNAPSHOT has been finalized.
2025-03-20 02:10:11,362 [om1-OMStateMachineApplyTransactionThread - 0] INFO  upgrade.UpgradeFinalizer (BasicUpgradeFinalizer.java:runFinalizationAction(269)) - Running finalization actions for layout feature: QUOTA
2025-03-20 02:10:11,366 [om1-OMStateMachineApplyTransactionThread - 0] INFO  upgrade.AbstractLayoutVersionManager (AbstractLayoutVersionManager.java:finalized(124)) - Layout feature QUOTA has been finalized.
2025-03-20 02:10:11,366 [om1-OMStateMachineApplyTransactionThread - 0] INFO  upgrade.UpgradeFinalizer (BasicUpgradeFinalizer.java:logAndEmit(394)) - No onFinalize work defined for feature: HBASE_SUPPORT.
2025-03-20 02:10:11,368 [om1-OMStateMachineApplyTransactionThread - 0] INFO  upgrade.AbstractLayoutVersionManager (AbstractLayoutVersionManager.java:finalized(124)) - Layout feature HBASE_SUPPORT has been finalized.
2025-03-20 02:10:11,368 [om1-OMStateMachineApplyTransactionThread - 0] INFO  upgrade.UpgradeFinalizer (BasicUpgradeFinalizer.java:logAndEmit(394)) - No onFinalize work defined for feature: DELEGATION_TOKEN_SYMMETRIC_SIGN.
2025-03-20 02:10:11,371 [om1-OMStateMachineApplyTransactionThread - 0] INFO  upgrade.AbstractLayoutVersionManager (AbstractLayoutVersionManager.java:finalized(124)) - Layout feature DELEGATION_TOKEN_SYMMETRIC_SIGN has been finalized.
2025-03-20 02:10:11,371 [om1-OMStateMachineApplyTransactionThread - 0] INFO  upgrade.AbstractLayoutVersionManager (AbstractLayoutVersionManager.java:finalized(126)) - Finalization is complete.
2025-03-20 02:10:11,371 [om1-OMStateMachineApplyTransactionThread - 0] INFO  upgrade.UpgradeFinalizer (BasicUpgradeFinalizer.java:logAndEmit(394)) - Finalization is done.
2025-03-20 02:10:11,375 [om1-OMDoubleBufferFlushThread] INFO  upgrade.OMFinalizeUpgradeResponse (OMFinalizeUpgradeResponse.java:addToDBBatch(51)) - Layout version to persist to DB : 8
2025-03-20 02:10:11,392 [ForkJoinPool.commonPool-worker-3] INFO  service.QuotaRepairTask (QuotaRepairTask.java:repairTask(99)) - Starting quota repair task {"bucketCountDiffMap":{},"lastRunFinishedTime":"","lastRunStartTime":"Thu Mar 20 02:10:11 UTC 2025","taskId":1,"errorMsg":""}
2025-03-20 02:10:11,404 [main] INFO  rpc.RpcClient (RpcClient.java:createVolume(462)) - Creating Volume: vol-1, with runner as owner and space quota set to -1 bytes, counts quota set to -1
2025-03-20 02:10:11,409 [om1-OMStateMachineApplyTransactionThread - 0] INFO  volume.OMVolumeCreateRequest (OMVolumeCreateRequest.java:validateAndUpdateCache(204)) - created volume:vol-1 for user:runner
2025-03-20 02:10:11,413 [main] INFO  rpc.RpcClient (RpcClient.java:createBucket(687)) - Creating Bucket: vol-1/buck-23, with server-side default bucket layout, runner as owner, Versioning false, Storage Type set to DISK and Encryption set to false, Replication Type set to server-side default replication type, Namespace Quota set to -1, Space Quota set to -1 
2025-03-20 02:10:11,418 [om1-OMStateMachineApplyTransactionThread - 0] INFO  bucket.OMBucketCreateRequest (OMBucketCreateRequest.java:validateAndUpdateCache(291)) - created bucket: buck-23 of layout OBJECT_STORE in volume: vol-1
2025-03-20 02:10:11,421 [main] INFO  rpc.RpcClient (RpcClient.java:createBucket(687)) - Creating Bucket: vol-1/buck-2, with server-side default bucket layout, runner as owner, Versioning false, Storage Type set to DISK and Encryption set to false, Replication Type set to server-side default replication type, Namespace Quota set to -1, Space Quota set to -1 
2025-03-20 02:10:11,424 [om1-OMStateMachineApplyTransactionThread - 0] INFO  bucket.OMBucketCreateRequest (OMBucketCreateRequest.java:validateAndUpdateCache(291)) - created bucket: buck-2 of layout OBJECT_STORE in volume: vol-1
2025-03-20 02:10:11,449 [ForkJoinPool.commonPool-worker-3] INFO  db.RDBCheckpointManager (RDBCheckpointManager.java:createCheckpoint(87)) - Created checkpoint in rocksDB at /home/runner/work/ozone/ozone/hadoop-ozone/integration-test/target/test-dir/MiniOzoneClusterImpl-897eaf7f-b25b-4380-b284-a53405b32f13/ozone-meta/temp-repair-quota/om.db_checkpoint_1742436611432 in 16 milliseconds
2025-03-20 02:10:11,478 [IPC Server handler 70 on default port 15001] INFO  ha.SequenceIdGenerator (SequenceIdGenerator.java:getNextId(143)) - Allocate a batch for containerId, change lastId from 0 to 1000.
2025-03-20 02:10:11,490 [ForkJoinPool.commonPool-worker-3] INFO  service.QuotaRepairTask (QuotaRepairTask.java:repairCount(293)) - Starting quota repair counting for all keys, files and directories
2025-03-20 02:10:11,492 [pool-170-thread-1] INFO  service.QuotaRepairTask (QuotaRepairTask.java:recalculateUsages(337)) - Starting recalculate Key usages
2025-03-20 02:10:11,492 [54dc63b2-7f1a-4ab5-a931-3f057955b2af@group-A53405B32F13-StateMachineUpdater] WARN  ha.SequenceIdGenerator (SequenceIdGenerator.java:allocateBatch(256)) - Failed to allocate a batch for localId, expected lastId is 0, actual lastId is 115816896921600000.
2025-03-20 02:10:11,494 [pool-170-thread-3] INFO  service.QuotaRepairTask (QuotaRepairTask.java:recalculateUsages(337)) - Starting recalculate File usages
2025-03-20 02:10:11,494 [pool-170-thread-4] INFO  service.QuotaRepairTask (QuotaRepairTask.java:recalculateUsages(337)) - Starting recalculate Directory usages
2025-03-20 02:10:11,496 [IPC Server handler 70 on default port 15001] INFO  ha.SequenceIdGenerator (SequenceIdGenerator.java:getNextId(143)) - Allocate a batch for localId, change lastId from 115816896921600000 to 115816896921601000.
2025-03-20 02:10:11,496 [pool-170-thread-4] INFO  service.QuotaRepairTask (QuotaRepairTask.java:recalculateUsages(365)) - Recalculate Directory usages completed, count 0 time 0ms
2025-03-20 02:10:11,547 [main] INFO  impl.MetricsSystemImpl (MetricsSystemImpl.java:init(158)) - XceiverClientMetrics metrics system started (again)
2025-03-20 02:10:11,595 [pool-170-thread-3] INFO  service.QuotaRepairTask (QuotaRepairTask.java:recalculateUsages(365)) - Recalculate File usages completed, count 0 time 100ms
2025-03-20 02:10:11,597 [pool-170-thread-1] INFO  service.QuotaRepairTask (QuotaRepairTask.java:recalculateUsages(365)) - Recalculate Key usages completed, count 0 time 101ms
2025-03-20 02:10:11,597 [ForkJoinPool.commonPool-worker-3] INFO  service.QuotaRepairTask (QuotaRepairTask.java:repairCount(330)) - Completed quota repair counting for all keys, files and directories
2025-03-20 02:10:11,602 [om1-OMStateMachineApplyTransactionThread - 0] INFO  volume.OMQuotaRepairRequest (OMQuotaRepairRequest.java:updateOldVolumeQuotaSupport(151)) - Starting volume quota support update
2025-03-20 02:10:11,603 [om1-OMStateMachineApplyTransactionThread - 0] INFO  volume.OMQuotaRepairRequest (OMQuotaRepairRequest.java:updateOldVolumeQuotaSupport(187)) - Completed volume quota support update for volume count 0
2025-03-20 02:10:11,610 [ForkJoinPool.commonPool-worker-3] INFO  service.QuotaRepairTask (QuotaRepairTask.java:repairTask(132)) - Completed quota repair task {"bucketCountDiffMap":{},"lastRunFinishedTime":"Thu Mar 20 02:10:11 UTC 2025","lastRunStartTime":"Thu Mar 20 02:10:11 UTC 2025","taskId":1,"errorMsg":""}
2025-03-20 02:10:11,951 [om1-OMStateMachineApplyTransactionThread - 0] WARN  snapshot.OMSnapshotCreateRequest (OMSnapshotCreateRequest.java:estimateBucketDataSize(342)) - DefaultReplicationConfig is not correctly set in OmBucketInfo for volume 'vol-1' bucket 'buck-23'. Falling back to config default 'RATIS/THREE'
2025-03-20 02:10:11,954 [om1-OMStateMachineApplyTransactionThread - 0] INFO  snapshot.OMSnapshotCreateRequest (OMSnapshotCreateRequest.java:validateAndUpdateCache(223)) - Created snapshot: 'snap5' with snapshotId: '7086a15d-439e-4c21-b9af-20a41d20583c' under path 'vol-1/buck-23'
2025-03-20 02:10:11,956 [main] WARN  server.ServerUtils (ServerUtils.java:getDBPath(297)) - ozone.om.db.dirs is not configured. We recommend adding this setting. Falling back to ozone.metadata.dirs instead.
2025-03-20 02:10:11,969 [om1-OMDoubleBufferFlushThread] INFO  db.RDBCheckpointManager (RDBCheckpointManager.java:createCheckpoint(87)) - Created checkpoint in rocksDB at /home/runner/work/ozone/ozone/hadoop-ozone/integration-test/target/test-dir/MiniOzoneClusterImpl-897eaf7f-b25b-4380-b284-a53405b32f13/ozone-meta/db.snapshots/checkpointState/om.db-7086a15d-439e-4c21-b9af-20a41d20583c in 13 milliseconds
2025-03-20 02:10:11,970 [om1-OMDoubleBufferFlushThread] INFO  om.OmSnapshotManager (OmSnapshotManager.java:createOmSnapshotCheckpoint(482)) - Created checkpoint : /home/runner/work/ozone/ozone/hadoop-ozone/integration-test/target/test-dir/MiniOzoneClusterImpl-897eaf7f-b25b-4380-b284-a53405b32f13/ozone-meta/db.snapshots/checkpointState/om.db-7086a15d-439e-4c21-b9af-20a41d20583c for snapshot snap5
]]></system-out>
  </testcase>
  <testcase name="testNonExistentBucket" classname="org.apache.hadoop.ozone.om.snapshot.TestOmSnapshotObjectStore" time="0.007">
    <system-out><![CDATA[2025-03-20 02:10:12,965 [main] INFO  rpc.RpcClient (RpcClient.java:createVolume(462)) - Creating Volume: vol-6, with runner as owner and space quota set to -1 bytes, counts quota set to -1
2025-03-20 02:10:12,969 [om1-OMStateMachineApplyTransactionThread - 0] INFO  volume.OMVolumeCreateRequest (OMVolumeCreateRequest.java:validateAndUpdateCache(204)) - created volume:vol-6 for user:runner
2025-03-20 02:10:12,971 [IPC Server handler 10 on default port 15006] WARN  om.OzoneManager (OzoneManager.java:resolveBucketLink(4423)) - Bucket buc-7 not found in volume vol-6
]]></system-out>
  </testcase>
  <testcase name="testSnapDiffWithKeyRenamesRecreationAndDelete" classname="org.apache.hadoop.ozone.om.snapshot.TestOmSnapshotObjectStore" time="5.292">
    <system-out><![CDATA[2025-03-20 02:10:12,973 [main] INFO  rpc.RpcClient (RpcClient.java:createVolume(462)) - Creating Volume: vol8, with runner as owner and space quota set to -1 bytes, counts quota set to -1
2025-03-20 02:10:12,976 [om1-OMStateMachineApplyTransactionThread - 0] INFO  volume.OMVolumeCreateRequest (OMVolumeCreateRequest.java:validateAndUpdateCache(204)) - created volume:vol8 for user:runner
2025-03-20 02:10:12,978 [main] INFO  rpc.RpcClient (RpcClient.java:createBucket(687)) - Creating Bucket: vol8/bucket19, with server-side default bucket layout, runner as owner, Versioning false, Storage Type set to DISK and Encryption set to false, Replication Type set to server-side default replication type, Namespace Quota set to -1, Space Quota set to -1 
2025-03-20 02:10:12,980 [om1-OMStateMachineApplyTransactionThread - 0] INFO  bucket.OMBucketCreateRequest (OMBucketCreateRequest.java:validateAndUpdateCache(291)) - created bucket: bucket19 of layout OBJECT_STORE in volume: vol8
2025-03-20 02:10:12,983 [main] INFO  rpc.RpcClient (RpcClient.java:createBucket(687)) - Creating Bucket: vol8/bucket1, with server-side default bucket layout, runner as owner, Versioning false, Storage Type set to DISK and Encryption set to false, Replication Type set to server-side default replication type, Namespace Quota set to -1, Space Quota set to -1 
2025-03-20 02:10:12,985 [om1-OMStateMachineApplyTransactionThread - 0] INFO  bucket.OMBucketCreateRequest (OMBucketCreateRequest.java:validateAndUpdateCache(291)) - created bucket: bucket1 of layout OBJECT_STORE in volume: vol8
2025-03-20 02:10:13,082 [om1-OMStateMachineApplyTransactionThread - 0] WARN  snapshot.OMSnapshotCreateRequest (OMSnapshotCreateRequest.java:estimateBucketDataSize(342)) - DefaultReplicationConfig is not correctly set in OmBucketInfo for volume 'vol8' bucket 'bucket19'. Falling back to config default 'RATIS/THREE'
2025-03-20 02:10:13,082 [om1-OMStateMachineApplyTransactionThread - 0] INFO  snapshot.OMSnapshotCreateRequest (OMSnapshotCreateRequest.java:validateAndUpdateCache(223)) - Created snapshot: 'snap1' with snapshotId: '1de420ef-0d56-44b4-a172-c5eb161f68e0' under path 'vol8/bucket19'
2025-03-20 02:10:13,084 [main] WARN  server.ServerUtils (ServerUtils.java:getDBPath(297)) - ozone.om.db.dirs is not configured. We recommend adding this setting. Falling back to ozone.metadata.dirs instead.
2025-03-20 02:10:13,107 [om1-OMDoubleBufferFlushThread] INFO  db.RDBCheckpointManager (RDBCheckpointManager.java:createCheckpoint(87)) - Created checkpoint in rocksDB at /home/runner/work/ozone/ozone/hadoop-ozone/integration-test/target/test-dir/MiniOzoneClusterImpl-897eaf7f-b25b-4380-b284-a53405b32f13/ozone-meta/db.snapshots/checkpointState/om.db-1de420ef-0d56-44b4-a172-c5eb161f68e0 in 21 milliseconds
2025-03-20 02:10:13,107 [om1-OMDoubleBufferFlushThread] INFO  om.OmSnapshotManager (OmSnapshotManager.java:createOmSnapshotCheckpoint(482)) - Created checkpoint : /home/runner/work/ozone/ozone/hadoop-ozone/integration-test/target/test-dir/MiniOzoneClusterImpl-897eaf7f-b25b-4380-b284-a53405b32f13/ozone-meta/db.snapshots/checkpointState/om.db-1de420ef-0d56-44b4-a172-c5eb161f68e0 for snapshot snap1
2025-03-20 02:10:14,174 [om1-OMStateMachineApplyTransactionThread - 0] WARN  snapshot.OMSnapshotCreateRequest (OMSnapshotCreateRequest.java:estimateBucketDataSize(342)) - DefaultReplicationConfig is not correctly set in OmBucketInfo for volume 'vol8' bucket 'bucket19'. Falling back to config default 'RATIS/THREE'
2025-03-20 02:10:14,174 [om1-OMStateMachineApplyTransactionThread - 0] INFO  snapshot.OMSnapshotCreateRequest (OMSnapshotCreateRequest.java:validateAndUpdateCache(223)) - Created snapshot: 'snap3' with snapshotId: '4c992e23-54cd-4483-834c-c3091e45d266' under path 'vol8/bucket19'
2025-03-20 02:10:14,175 [main] WARN  server.ServerUtils (ServerUtils.java:getDBPath(297)) - ozone.om.db.dirs is not configured. We recommend adding this setting. Falling back to ozone.metadata.dirs instead.
2025-03-20 02:10:14,198 [om1-OMDoubleBufferFlushThread] INFO  db.RDBCheckpointManager (RDBCheckpointManager.java:createCheckpoint(87)) - Created checkpoint in rocksDB at /home/runner/work/ozone/ozone/hadoop-ozone/integration-test/target/test-dir/MiniOzoneClusterImpl-897eaf7f-b25b-4380-b284-a53405b32f13/ozone-meta/db.snapshots/checkpointState/om.db-4c992e23-54cd-4483-834c-c3091e45d266 in 22 milliseconds
2025-03-20 02:10:14,199 [om1-OMDoubleBufferFlushThread] INFO  om.OmSnapshotManager (OmSnapshotManager.java:createOmSnapshotCheckpoint(482)) - Created checkpoint : /home/runner/work/ozone/ozone/hadoop-ozone/integration-test/target/test-dir/MiniOzoneClusterImpl-897eaf7f-b25b-4380-b284-a53405b32f13/ozone-meta/db.snapshots/checkpointState/om.db-4c992e23-54cd-4483-834c-c3091e45d266 for snapshot snap3
2025-03-20 02:10:15,209 [IPC Server handler 2 on default port 15006] INFO  snapshot.SnapshotDiffManager (SnapshotDiffManager.java:submitSnapDiffJob(689)) - Submitting snap diff report generation request for volume: vol8, bucket: bucket19, fromSnapshot: snap1 and toSnapshot: snap3
2025-03-20 02:10:15,212 [om1-snapshot-diff-job-thread-id-0] INFO  snapshot.SnapshotDiffManager (SnapshotDiffManager.java:generateSnapshotDiffReport(792)) - Started snap diff report generation for volume: 'vol8', bucket: 'bucket19', fromSnapshot: 'snap1', toSnapshot: 'snap3'
2025-03-20 02:10:15,214 [om1-snapshot-diff-job-thread-id-0] INFO  snapshot.SnapshotCache (SnapshotCache.java:lambda$2(155)) - Loading SnapshotId: '1de420ef-0d56-44b4-a172-c5eb161f68e0'
2025-03-20 02:10:15,215 [om1-snapshot-diff-job-thread-id-0] WARN  server.ServerUtils (ServerUtils.java:getDBPath(297)) - ozone.om.db.dirs is not configured. We recommend adding this setting. Falling back to ozone.metadata.dirs instead.
2025-03-20 02:10:15,277 [om1-snapshot-diff-job-thread-id-0] INFO  audit.AuditLogger (AuditLogger.java:refreshDebugCmdSet(133)) - Refresh DebugCmdSet for OMAudit to [].
2025-03-20 02:10:15,281 [om1-snapshot-diff-job-thread-id-0] INFO  snapshot.SnapshotCache (SnapshotCache.java:lambda$2(155)) - Loading SnapshotId: '4c992e23-54cd-4483-834c-c3091e45d266'
2025-03-20 02:10:15,281 [om1-snapshot-diff-job-thread-id-0] WARN  server.ServerUtils (ServerUtils.java:getDBPath(297)) - ozone.om.db.dirs is not configured. We recommend adding this setting. Falling back to ozone.metadata.dirs instead.
2025-03-20 02:10:15,353 [om1-snapshot-diff-job-thread-id-0] INFO  snapshot.SnapshotDiffManager (SnapshotDiffManager.java:generateDiffReport(1232)) - Starting diff report generation for jobId: 36767b0f-07be-4244-bb34-061cf15bafde.
2025-03-20 02:10:16,250 [om1-OMStateMachineApplyTransactionThread - 0] WARN  snapshot.OMSnapshotCreateRequest (OMSnapshotCreateRequest.java:estimateBucketDataSize(342)) - DefaultReplicationConfig is not correctly set in OmBucketInfo for volume 'vol8' bucket 'bucket19'. Falling back to config default 'RATIS/THREE'
2025-03-20 02:10:16,251 [om1-OMStateMachineApplyTransactionThread - 0] INFO  snapshot.OMSnapshotCreateRequest (OMSnapshotCreateRequest.java:validateAndUpdateCache(223)) - Created snapshot: 'activefs' with snapshotId: 'e566e63c-4eb6-4bb7-89b2-8cb7150fafb5' under path 'vol8/bucket19'
2025-03-20 02:10:16,252 [main] WARN  server.ServerUtils (ServerUtils.java:getDBPath(297)) - ozone.om.db.dirs is not configured. We recommend adding this setting. Falling back to ozone.metadata.dirs instead.
2025-03-20 02:10:16,270 [om1-OMDoubleBufferFlushThread] INFO  db.RDBCheckpointManager (RDBCheckpointManager.java:createCheckpoint(87)) - Created checkpoint in rocksDB at /home/runner/work/ozone/ozone/hadoop-ozone/integration-test/target/test-dir/MiniOzoneClusterImpl-897eaf7f-b25b-4380-b284-a53405b32f13/ozone-meta/db.snapshots/checkpointState/om.db-e566e63c-4eb6-4bb7-89b2-8cb7150fafb5 in 16 milliseconds
2025-03-20 02:10:16,271 [om1-OMDoubleBufferFlushThread] WARN  om.OmSnapshotManager (OmSnapshotManager.java:performOperationOnKeys(548)) - Took 894929 ns to find endKey. Caller is deleteKeysFromDelKeyTableInSnapshotScope
2025-03-20 02:10:16,271 [om1-OMDoubleBufferFlushThread] INFO  om.OmSnapshotManager (OmSnapshotManager.java:createOmSnapshotCheckpoint(482)) - Created checkpoint : /home/runner/work/ozone/ozone/hadoop-ozone/integration-test/target/test-dir/MiniOzoneClusterImpl-897eaf7f-b25b-4380-b284-a53405b32f13/ozone-meta/db.snapshots/checkpointState/om.db-e566e63c-4eb6-4bb7-89b2-8cb7150fafb5 for snapshot activefs
2025-03-20 02:10:17,256 [IPC Server handler 8 on default port 15006] INFO  snapshot.SnapshotDiffManager (SnapshotDiffManager.java:submitSnapDiffJob(689)) - Submitting snap diff report generation request for volume: vol8, bucket: bucket19, fromSnapshot: snap1 and toSnapshot: activefs
2025-03-20 02:10:17,257 [om1-snapshot-diff-job-thread-id-1] INFO  snapshot.SnapshotDiffManager (SnapshotDiffManager.java:generateSnapshotDiffReport(792)) - Started snap diff report generation for volume: 'vol8', bucket: 'bucket19', fromSnapshot: 'snap1', toSnapshot: 'activefs'
2025-03-20 02:10:17,258 [om1-snapshot-diff-job-thread-id-1] INFO  snapshot.SnapshotCache (SnapshotCache.java:lambda$2(155)) - Loading SnapshotId: 'e566e63c-4eb6-4bb7-89b2-8cb7150fafb5'
2025-03-20 02:10:17,259 [om1-snapshot-diff-job-thread-id-1] WARN  server.ServerUtils (ServerUtils.java:getDBPath(297)) - ozone.om.db.dirs is not configured. We recommend adding this setting. Falling back to ozone.metadata.dirs instead.
2025-03-20 02:10:17,302 [om1-snapshot-diff-job-thread-id-1] INFO  snapshot.SnapshotDiffManager (SnapshotDiffManager.java:generateDiffReport(1232)) - Starting diff report generation for jobId: 674ca47a-5461-41c0-aced-0cc048ed5145.
]]></system-out>
  </testcase>
  <testcase name="testSnapshotDiffWhenOmRestart" classname="org.apache.hadoop.ozone.om.snapshot.TestOmSnapshotObjectStore" time="6.353">
    <system-out><![CDATA[2025-03-20 02:10:18,332 [om1-OMStateMachineApplyTransactionThread - 0] WARN  snapshot.OMSnapshotCreateRequest (OMSnapshotCreateRequest.java:estimateBucketDataSize(342)) - DefaultReplicationConfig is not correctly set in OmBucketInfo for volume 'volume39175' bucket 'bucket17528'. Falling back to config default 'RATIS/THREE'
2025-03-20 02:10:18,332 [om1-OMStateMachineApplyTransactionThread - 0] INFO  snapshot.OMSnapshotCreateRequest (OMSnapshotCreateRequest.java:validateAndUpdateCache(223)) - Created snapshot: 'snap-29343' with snapshotId: 'dcb1d7e9-64e7-4041-9887-239de5756a6b' under path 'volume39175/bucket17528'
2025-03-20 02:10:18,378 [om1-OMDoubleBufferFlushThread] INFO  db.RDBCheckpointManager (RDBCheckpointManager.java:createCheckpoint(87)) - Created checkpoint in rocksDB at /home/runner/work/ozone/ozone/hadoop-ozone/integration-test/target/test-dir/MiniOzoneClusterImpl-897eaf7f-b25b-4380-b284-a53405b32f13/ozone-meta/db.snapshots/checkpointState/om.db-dcb1d7e9-64e7-4041-9887-239de5756a6b in 43 milliseconds
2025-03-20 02:10:18,378 [om1-OMDoubleBufferFlushThread] INFO  om.OmSnapshotManager (OmSnapshotManager.java:createOmSnapshotCheckpoint(482)) - Created checkpoint : /home/runner/work/ozone/ozone/hadoop-ozone/integration-test/target/test-dir/MiniOzoneClusterImpl-897eaf7f-b25b-4380-b284-a53405b32f13/ozone-meta/db.snapshots/checkpointState/om.db-dcb1d7e9-64e7-4041-9887-239de5756a6b for snapshot snap-29343
2025-03-20 02:10:20,881 [om1-OMStateMachineApplyTransactionThread - 0] WARN  snapshot.OMSnapshotCreateRequest (OMSnapshotCreateRequest.java:estimateBucketDataSize(342)) - DefaultReplicationConfig is not correctly set in OmBucketInfo for volume 'volume39175' bucket 'bucket17528'. Falling back to config default 'RATIS/THREE'
2025-03-20 02:10:20,882 [om1-OMStateMachineApplyTransactionThread - 0] INFO  snapshot.OMSnapshotCreateRequest (OMSnapshotCreateRequest.java:validateAndUpdateCache(223)) - Created snapshot: 'snap-94926' with snapshotId: '359d06fd-7ef2-4a74-9278-82e0b3b86162' under path 'volume39175/bucket17528'
2025-03-20 02:10:20,888 [IPC Server handler 7 on default port 15006] INFO  snapshot.SnapshotDiffManager (SnapshotDiffManager.java:submitSnapDiffJob(689)) - Submitting snap diff report generation request for volume: volume39175, bucket: bucket17528, fromSnapshot: snap-29343 and toSnapshot: snap-94926
2025-03-20 02:10:20,889 [om1-snapshot-diff-job-thread-id-2] INFO  snapshot.SnapshotDiffManager (SnapshotDiffManager.java:generateSnapshotDiffReport(792)) - Started snap diff report generation for volume: 'volume39175', bucket: 'bucket17528', fromSnapshot: 'snap-29343', toSnapshot: 'snap-94926'
2025-03-20 02:10:20,890 [om1-snapshot-diff-job-thread-id-2] INFO  snapshot.SnapshotCache (SnapshotCache.java:lambda$2(155)) - Loading SnapshotId: 'dcb1d7e9-64e7-4041-9887-239de5756a6b'
2025-03-20 02:10:20,890 [om1-snapshot-diff-job-thread-id-2] WARN  server.ServerUtils (ServerUtils.java:getDBPath(297)) - ozone.om.db.dirs is not configured. We recommend adding this setting. Falling back to ozone.metadata.dirs instead.
2025-03-20 02:10:20,891 [main] INFO  om.OzoneManager (OzoneManager.java:stop(2225)) - om1[localhost:15006]: Stopping Ozone Manager
2025-03-20 02:10:20,892 [main] INFO  ipc.Server (Server.java:stop(3697)) - Stopping server on 15006
2025-03-20 02:10:20,896 [IPC Server listener on 15006] INFO  ipc.Server (Server.java:run(1585)) - Stopping IPC Server listener on 15006
2025-03-20 02:10:20,897 [IPC Server Responder] INFO  ipc.Server (Server.java:run(1718)) - Stopping IPC Server Responder
2025-03-20 02:10:20,898 [main] INFO  ratis.OzoneManagerRatisServer (OzoneManagerRatisServer.java:stop(636)) - Stopping org.apache.hadoop.ozone.om.ratis.OzoneManagerRatisServer@7aa5596f at port 15009
2025-03-20 02:10:20,899 [main] INFO  server.RaftServer (RaftServerProxy.java:lambda$close$9(417)) - om1: close
2025-03-20 02:10:20,899 [main] INFO  server.GrpcService (GrpcService.java:closeImpl(343)) - om1: shutdown server GrpcServerProtocolService now
2025-03-20 02:10:20,900 [om1-impl-thread1] INFO  server.RaftServer$Division (RaftServerImpl.java:lambda$close$1(513)) - om1@group-C5BA1605619E: shutdown
2025-03-20 02:10:20,900 [om1-impl-thread1] INFO  util.JmxRegister (JmxRegister.java:unregister(74)) - Successfully un-registered JMX Bean with object name Ratis:service=RaftServer,group=group-C5BA1605619E,id=om1
2025-03-20 02:10:20,900 [om1-impl-thread1] INFO  impl.RoleInfo (RoleInfo.java:shutdownLeaderState(103)) - om1: shutdown om1@group-C5BA1605619E-LeaderStateImpl
2025-03-20 02:10:20,900 [om1-impl-thread1] INFO  impl.PendingRequests (PendingRequests.java:sendNotLeaderResponses(287)) - om1@group-C5BA1605619E-PendingRequests: sendNotLeaderResponses
2025-03-20 02:10:20,903 [om1-impl-thread1] INFO  impl.StateMachineUpdater (StateMachineUpdater.java:stopAndJoin(164)) - om1@group-C5BA1605619E-StateMachineUpdater: set stopIndex = 456
2025-03-20 02:10:20,903 [om1@group-C5BA1605619E-StateMachineUpdater] ERROR impl.StateMachineUpdater (StateMachineUpdater.java:takeSnapshot(298)) - om1@group-C5BA1605619E-StateMachineUpdater: Failed to take snapshot
java.io.IOException: OzoneManager is already stopped: OMNodeDetails[omServiceId=omServiceIdDefault, omNodeId=om1, rpcAddress=localhost:15006, rpcPort=15006, ratisPort=15009, httpAddress=0.0.0.0:15007, httpsAddress=0.0.0.0:15008]
	at org.apache.hadoop.ozone.om.ratis.OzoneManagerStateMachine.takeSnapshot(OzoneManagerStateMachine.java:483)
	at org.apache.ratis.server.impl.StateMachineUpdater.takeSnapshot(StateMachineUpdater.java:286)
	at org.apache.ratis.server.impl.StateMachineUpdater.checkAndTakeSnapshot(StateMachineUpdater.java:278)
	at org.apache.ratis.server.impl.StateMachineUpdater.run(StateMachineUpdater.java:194)
	at java.base/java.lang.Thread.run(Thread.java:1583)
2025-03-20 02:10:20,905 [om1@group-C5BA1605619E-StateMachineUpdater] ERROR impl.StateMachineUpdater (StateMachineUpdater.java:takeSnapshot(298)) - om1@group-C5BA1605619E-StateMachineUpdater: Failed to take snapshot
java.io.IOException: OzoneManager is already stopped: OMNodeDetails[omServiceId=omServiceIdDefault, omNodeId=om1, rpcAddress=localhost:15006, rpcPort=15006, ratisPort=15009, httpAddress=0.0.0.0:15007, httpsAddress=0.0.0.0:15008]
	at org.apache.hadoop.ozone.om.ratis.OzoneManagerStateMachine.takeSnapshot(OzoneManagerStateMachine.java:483)
	at org.apache.ratis.server.impl.StateMachineUpdater.takeSnapshot(StateMachineUpdater.java:286)
	at org.apache.ratis.server.impl.StateMachineUpdater.checkAndTakeSnapshot(StateMachineUpdater.java:278)
	at org.apache.ratis.server.impl.StateMachineUpdater.run(StateMachineUpdater.java:197)
	at java.base/java.lang.Thread.run(Thread.java:1583)
2025-03-20 02:10:20,905 [om1@group-C5BA1605619E-StateMachineUpdater] INFO  impl.StateMachineUpdater (StateMachineUpdater.java:stop(141)) - om1@group-C5BA1605619E-StateMachineUpdater: closing OzoneManagerStateMachine, lastApplied=(t:1, i:454)
2025-03-20 02:10:20,905 [om1@group-C5BA1605619E-StateMachineUpdater] INFO  ratis.OzoneManagerStateMachine (OzoneManagerStateMachine.java:close(545)) - Stopping OzoneManagerStateMachine:om1:group-C5BA1605619E.
2025-03-20 02:10:20,905 [om1@group-C5BA1605619E-StateMachineUpdater] INFO  ratis.OzoneManagerDoubleBuffer (OzoneManagerDoubleBuffer.java:stopDaemon(500)) - Stopping OMDoubleBuffer flush thread
2025-03-20 02:10:20,909 [main] INFO  server.GrpcService (GrpcService.java:closeImpl(352)) - om1: shutdown server GrpcServerProtocolService successfully
2025-03-20 02:10:20,924 [om1-OMDoubleBufferFlushThread] INFO  db.RDBCheckpointManager (RDBCheckpointManager.java:createCheckpoint(87)) - Created checkpoint in rocksDB at /home/runner/work/ozone/ozone/hadoop-ozone/integration-test/target/test-dir/MiniOzoneClusterImpl-897eaf7f-b25b-4380-b284-a53405b32f13/ozone-meta/db.snapshots/checkpointState/om.db-359d06fd-7ef2-4a74-9278-82e0b3b86162 in 36 milliseconds
2025-03-20 02:10:20,924 [om1-OMDoubleBufferFlushThread] INFO  om.OmSnapshotManager (OmSnapshotManager.java:createOmSnapshotCheckpoint(482)) - Created checkpoint : /home/runner/work/ozone/ozone/hadoop-ozone/integration-test/target/test-dir/MiniOzoneClusterImpl-897eaf7f-b25b-4380-b284-a53405b32f13/ozone-meta/db.snapshots/checkpointState/om.db-359d06fd-7ef2-4a74-9278-82e0b3b86162 for snapshot snap-94926
2025-03-20 02:10:20,926 [om1@group-C5BA1605619E-cacheEviction-AwaitToRun] INFO  util.AwaitToRun (AwaitToRun.java:run(49)) - om1@group-C5BA1605619E-cacheEviction-AwaitToRun-AwaitForSignal is interrupted
2025-03-20 02:10:20,934 [om1-snapshot-diff-job-thread-id-2] INFO  snapshot.SnapshotCache (SnapshotCache.java:lambda$2(155)) - Loading SnapshotId: '359d06fd-7ef2-4a74-9278-82e0b3b86162'
2025-03-20 02:10:20,934 [om1-snapshot-diff-job-thread-id-2] WARN  server.ServerUtils (ServerUtils.java:getDBPath(297)) - ozone.om.db.dirs is not configured. We recommend adding this setting. Falling back to ozone.metadata.dirs instead.
2025-03-20 02:10:21,005 [om1-snapshot-diff-job-thread-id-2] INFO  snapshot.SnapshotDiffManager (SnapshotDiffManager.java:generateDiffReport(1232)) - Starting diff report generation for jobId: 8af5519d-5810-40d3-99a4-4c3e13c348c3.
2025-03-20 02:10:21,860 [om1-impl-thread1] INFO  segmented.SegmentedRaftLogWorker (SegmentedRaftLogWorker.java:close(252)) - om1@group-C5BA1605619E-SegmentedRaftLogWorker close()
2025-03-20 02:10:21,861 [JvmPauseMonitor2] INFO  util.JvmPauseMonitor (JvmPauseMonitor.java:run(152)) - JvmPauseMonitor-om1: Stopped
2025-03-20 02:10:21,862 [main] INFO  handler.ContextHandler (ContextHandler.java:doStop(1159)) - Stopped o.e.j.w.WebAppContext@7aff1fa3{ozoneManager,/,null,STOPPED}{file:/home/runner/work/ozone/ozone/hadoop-ozone/integration-test/target/test-classes/webapps/ozoneManager}
2025-03-20 02:10:21,865 [main] INFO  server.AbstractConnector (AbstractConnector.java:doStop(383)) - Stopped ServerConnector@745b4ed4{HTTP/1.1, (http/1.1)}{0.0.0.0:15007}
2025-03-20 02:10:21,865 [main] INFO  server.session (HouseKeeper.java:stopScavenging(149)) - node0 Stopped scavenging
2025-03-20 02:10:21,865 [main] INFO  handler.ContextHandler (ContextHandler.java:doStop(1159)) - Stopped o.e.j.s.ServletContextHandler@36a74c18{static,/static,file:///home/runner/work/ozone/ozone/hadoop-ozone/integration-test/target/test-classes/webapps/static,STOPPED}
2025-03-20 02:10:21,865 [main] INFO  handler.ContextHandler (ContextHandler.java:doStop(1159)) - Stopped o.e.j.s.ServletContextHandler@408227af{logs,/logs,file:///home/runner/work/ozone/ozone/hadoop-ozone/integration-test/target/log,STOPPED}
2025-03-20 02:10:21,867 [main] INFO  rocksdiff.RocksDBCheckpointDiffer (RocksDBCheckpointDiffer.java:close(304)) - Shutting down CompactionDagPruningService.
2025-03-20 02:10:21,870 [main] INFO  snapshot.SnapshotDiffManager (SnapshotDiffManager.java:closeExecutorService(1632)) - Shutting down executorService: 'SnapDiffExecutor'
2025-03-20 02:10:21,876 [main] INFO  utils.BackgroundService (BackgroundService.java:shutdown(162)) - Shutting down service SnapshotDiffCleanupService
2025-03-20 02:10:21,877 [main] INFO  om.OzoneManager (OzoneManager.java:restart(1756)) - OzoneManager RPC server is listening at localhost/127.0.0.1:15006
2025-03-20 02:10:21,877 [main] INFO  impl.MetricsSystemImpl (MetricsSystemImpl.java:init(158)) - OzoneManager metrics system started (again)
2025-03-20 02:10:21,889 [main] WARN  server.ServerUtils (ServerUtils.java:getDBPath(297)) - ozone.om.db.dirs is not configured. We recommend adding this setting. Falling back to ozone.metadata.dirs instead.
2025-03-20 02:10:21,952 [main] INFO  om.OzoneManager (OzoneManager.java:instantiateServices(811)) - S3 Multi-Tenancy is disabled
2025-03-20 02:10:21,953 [main] INFO  om.OmSnapshotManager (OmSnapshotManager.java:<init>(179)) - Ozone filesystem snapshot feature is enabled.
2025-03-20 02:10:21,954 [main] WARN  server.ServerUtils (ServerUtils.java:getDBPath(297)) - ozone.om.snapshot.diff.db.dir is not configured. We recommend adding this setting. Falling back to ozone.metadata.dirs instead.
2025-03-20 02:10:21,968 [main] INFO  utils.NativeLibraryLoader (NativeLibraryLoader.java:loadLibrary(120)) - Loading Library: ozone_rocksdb_tools
2025-03-20 02:10:21,969 [main] WARN  snapshot.SnapshotDiffManager (SnapshotDiffManager.java:initNativeLibraryForEfficientDiff(285)) - Native Library for raw sst file reading loading failed. Fallback to performing a full diff instead. Unable to load library ozone_rocksdb_tools from both java.library.path & resource file libozone_rocksdb_tools.so from jar.
2025-03-20 02:10:21,979 [main] WARN  server.ServerUtils (ServerUtils.java:getDefaultRatisDirectory(309)) - Storage directory for Ratis is not configured. It is a good idea to map this to an SSD disk. Falling back to ozone.metadata.dirs
2025-03-20 02:10:21,979 [main] INFO  server.RaftServerConfigKeys (ConfUtils.java:logGet(46)) - raft.server.log.appender.buffer.byte-limit = 4194304 (custom)
2025-03-20 02:10:21,981 [main] INFO  ratis.OzoneManagerRatisServer (OzoneManagerRatisServer.java:<init>(167)) - Instantiating OM Ratis server with groupID: omServiceIdDefault and peers: localhost:15009
2025-03-20 02:10:21,981 [main] INFO  ratis.OzoneManagerStateMachine (OzoneManagerStateMachine.java:loadSnapshotInfoFromDB(606)) - LastAppliedIndex is set from TransactionInfo from OM DB as (t:1, i:455)
2025-03-20 02:10:21,982 [main] INFO  server.RaftServer (ConfUtils.java:logGet(46)) - raft.rpc.type = GRPC (default)
2025-03-20 02:10:21,982 [main] INFO  grpc.GrpcConfigKeys (ConfUtils.java:logFallback(53)) - raft.grpc.admin.host = null (fallback to raft.grpc.server.host)
2025-03-20 02:10:21,982 [main] INFO  grpc.GrpcConfigKeys (ConfUtils.java:logFallback(53)) - raft.grpc.admin.port = 15009 (fallback to raft.grpc.server.port)
2025-03-20 02:10:21,982 [main] INFO  grpc.GrpcConfigKeys (ConfUtils.java:logFallback(53)) - raft.grpc.client.host = null (fallback to raft.grpc.server.host)
2025-03-20 02:10:21,983 [main] INFO  grpc.GrpcConfigKeys (ConfUtils.java:logFallback(53)) - raft.grpc.client.port = 15009 (fallback to raft.grpc.server.port)
2025-03-20 02:10:21,983 [main] INFO  grpc.GrpcConfigKeys (ConfUtils.java:logGet(46)) - raft.grpc.server.host = null (default)
2025-03-20 02:10:21,983 [main] INFO  grpc.GrpcConfigKeys (ConfUtils.java:logGet(46)) - raft.grpc.server.port = 15009 (custom)
2025-03-20 02:10:21,983 [main] INFO  server.GrpcService (ConfUtils.java:logGet(46)) - raft.grpc.message.size.max = 5242880 (custom)
2025-03-20 02:10:21,983 [main] INFO  server.GrpcService (ConfUtils.java:logGet(46)) - raft.grpc.flow.control.window = 1MB (=1048576) (default)
2025-03-20 02:10:21,983 [main] INFO  server.RaftServerConfigKeys (ConfUtils.java:logGet(46)) - raft.server.rpc.request.timeout = 3000ms (default)
2025-03-20 02:10:21,983 [main] INFO  grpc.GrpcConfigKeys (ConfUtils.java:logGet(46)) - raft.grpc.server.heartbeat.channel = true (default)
2025-03-20 02:10:21,983 [main] INFO  server.RaftServerConfigKeys (ConfUtils.java:logGet(46)) - raft.server.log.appender.buffer.byte-limit = 4194304 (custom)
2025-03-20 02:10:21,983 [main] INFO  grpc.GrpcConfigKeys (ConfUtils.java:logGet(46)) - raft.grpc.server.async.request.thread.pool.cached = true (default)
2025-03-20 02:10:21,984 [main] INFO  grpc.GrpcConfigKeys (ConfUtils.java:logGet(46)) - raft.grpc.server.async.request.thread.pool.size = 32 (default)
2025-03-20 02:10:21,985 [main] INFO  impl.DataStreamServerImpl (ConfUtils.java:logGet(46)) - raft.datastream.type = DISABLED (default)
2025-03-20 02:10:21,985 [main] INFO  server.RaftServerConfigKeys (ConfUtils.java:logGet(46)) - raft.server.sleep.deviation.threshold = 300ms (default)
2025-03-20 02:10:21,985 [main] INFO  server.RaftServerConfigKeys (ConfUtils.java:logGet(46)) - raft.server.close.threshold = 60s (default)
2025-03-20 02:10:21,985 [main] INFO  server.RaftServerConfigKeys (ConfUtils.java:logGet(46)) - raft.server.leaderelection.leader.step-down.wait-time = 10s (default)
2025-03-20 02:10:21,985 [main] INFO  server.RaftServerConfigKeys (ConfUtils.java:logGet(46)) - raft.server.storage.dir = [/home/runner/work/ozone/ozone/hadoop-ozone/integration-test/target/test-dir/MiniOzoneClusterImpl-897eaf7f-b25b-4380-b284-a53405b32f13/ozone-meta/ratis] (custom)
2025-03-20 02:10:21,985 [main] INFO  server.RaftServerConfigKeys (ConfUtils.java:logGet(46)) - raft.server.threadpool.proxy.cached = true (default)
2025-03-20 02:10:21,985 [main] INFO  server.RaftServerConfigKeys (ConfUtils.java:logGet(46)) - raft.server.threadpool.proxy.size = 0 (default)
2025-03-20 02:10:21,986 [om1-impl-thread1] INFO  server.RaftServer (RaftServerProxy.java:initGroupDir(265)) - om1: found a subdirectory /home/runner/work/ozone/ozone/hadoop-ozone/integration-test/target/test-dir/MiniOzoneClusterImpl-897eaf7f-b25b-4380-b284-a53405b32f13/ozone-meta/ratis/bf265839-605b-3f16-9796-c5ba1605619e
2025-03-20 02:10:21,987 [main] INFO  server.RaftServer (RaftServerProxy.java:addNew(100)) - om1: addNew group-C5BA1605619E:[om1|localhost:15009] returns group-C5BA1605619E:java.util.concurrent.CompletableFuture@3131a06d[Not completed]
2025-03-20 02:10:21,987 [main] INFO  om.OzoneManager (OzoneManager.java:initializeRatisServer(2181)) - OzoneManager Ratis server initialized at port 15009
2025-03-20 02:10:21,987 [main] INFO  ratis.OzoneManagerRatisServer (OzoneManagerRatisServer.java:start(630)) - Starting OzoneManagerRatisServer om1 at port 15009
2025-03-20 02:10:21,987 [om1-groupManagement] INFO  server.RaftServer$Division (RaftServerImpl.java:<init>(255)) - om1: new RaftServerImpl for group-C5BA1605619E:[om1|localhost:15009] with OzoneManagerStateMachine:uninitialized
2025-03-20 02:10:21,987 [om1-groupManagement] INFO  server.RaftServerConfigKeys (ConfUtils.java:logGet(46)) - raft.server.rpc.timeout.min = 1s (custom)
2025-03-20 02:10:21,987 [om1-groupManagement] INFO  server.RaftServerConfigKeys (ConfUtils.java:logGet(46)) - raft.server.rpc.timeout.max = 1200ms (custom)
2025-03-20 02:10:21,987 [om1-groupManagement] INFO  server.RaftServerConfigKeys (ConfUtils.java:logGet(46)) - raft.server.rpc.sleep.time = 25ms (default)
2025-03-20 02:10:21,988 [om1-groupManagement] INFO  server.RaftServerConfigKeys (ConfUtils.java:logGet(46)) - raft.server.rpc.slowness.timeout = 120s (custom)
2025-03-20 02:10:21,988 [om1-groupManagement] INFO  server.RaftServerConfigKeys (ConfUtils.java:logGet(46)) - raft.server.leaderelection.leader.step-down.wait-time = 10s (default)
2025-03-20 02:10:21,988 [om1-groupManagement] INFO  server.RaftServerConfigKeys (ConfUtils.java:logGet(46)) - raft.server.leaderelection.member.majority-add = false (default)
2025-03-20 02:10:21,988 [om1-groupManagement] INFO  server.RaftServerConfigKeys (ConfUtils.java:logGet(46)) - raft.server.sleep.deviation.threshold = 300ms (default)
2025-03-20 02:10:21,988 [om1-groupManagement] INFO  server.RaftServer$Division (ServerState.java:<init>(114)) - om1@group-C5BA1605619E: ConfigurationManager, init=conf: {index: -1, cur=peers:[om1|localhost:15009]|listeners:[], old=null}, confs=<EMPTY_MAP>
2025-03-20 02:10:21,988 [om1-groupManagement] INFO  server.RaftServerConfigKeys (ConfUtils.java:logGet(46)) - raft.server.notification.no-leader.timeout = 120s (custom)
2025-03-20 02:10:21,988 [om1-groupManagement] INFO  server.RaftServerConfigKeys (ConfUtils.java:logGet(46)) - raft.server.read.timeout = 10s (default)
2025-03-20 02:10:21,988 [om1-groupManagement] INFO  server.RaftServerConfigKeys (ConfUtils.java:logGet(46)) - raft.server.retrycache.expirytime = 300s (custom)
2025-03-20 02:10:21,988 [om1-groupManagement] INFO  server.RaftServerConfigKeys (ConfUtils.java:logGet(46)) - raft.server.retrycache.statistics.expirytime = 100ms (default)
2025-03-20 02:10:21,988 [om1-groupManagement] INFO  server.RaftServerConfigKeys (ConfUtils.java:logGet(46)) - raft.server.read.option = DEFAULT (default)
2025-03-20 02:10:21,988 [om1-groupManagement] INFO  server.RaftServerConfigKeys (ConfUtils.java:logGet(46)) - raft.server.read.read-after-write-consistent.write-index-cache.expiry-time = 60s (default)
2025-03-20 02:10:21,992 [om1-groupManagement] INFO  server.RaftServerConfigKeys (ConfUtils.java:logGet(46)) - raft.server.rpc.request.timeout = 3000ms (default)
2025-03-20 02:10:21,992 [om1-groupManagement] INFO  server.RaftServerConfigKeys (ConfUtils.java:logGet(46)) - raft.server.log.appender.install.snapshot.enabled = false (custom)
2025-03-20 02:10:21,992 [om1-groupManagement] INFO  server.RaftServerConfigKeys (ConfUtils.java:logGet(46)) - raft.server.threadpool.server.cached = true (default)
2025-03-20 02:10:21,992 [om1-groupManagement] INFO  server.RaftServerConfigKeys (ConfUtils.java:logGet(46)) - raft.server.threadpool.server.size = 0 (default)
2025-03-20 02:10:21,992 [om1-groupManagement] INFO  server.RaftServerConfigKeys (ConfUtils.java:logGet(46)) - raft.server.threadpool.client.cached = true (default)
2025-03-20 02:10:21,992 [om1-groupManagement] INFO  server.RaftServerConfigKeys (ConfUtils.java:logGet(46)) - raft.server.threadpool.client.size = 0 (default)
2025-03-20 02:10:21,992 [om1-impl-thread1] INFO  server.RaftServerConfigKeys (ConfUtils.java:logGet(46)) - raft.server.storage.free-space.min = 0MB (=0) (default)
2025-03-20 02:10:21,992 [om1-impl-thread1] INFO  server.RaftServerConfigKeys (ConfUtils.java:logGet(46)) - raft.server.log.corruption.policy = EXCEPTION (default)
2025-03-20 02:10:21,992 [om1-impl-thread1] INFO  server.RaftServerConfigKeys (ConfUtils.java:logGet(46)) - raft.server.storage.dir = [/home/runner/work/ozone/ozone/hadoop-ozone/integration-test/target/test-dir/MiniOzoneClusterImpl-897eaf7f-b25b-4380-b284-a53405b32f13/ozone-meta/ratis] (custom)
2025-03-20 02:10:21,994 [om1-impl-thread1] INFO  storage.RaftStorageDirectory (RaftStorageDirectoryImpl.java:tryLock(229)) - Lock on /home/runner/work/ozone/ozone/hadoop-ozone/integration-test/target/test-dir/MiniOzoneClusterImpl-897eaf7f-b25b-4380-b284-a53405b32f13/ozone-meta/ratis/bf265839-605b-3f16-9796-c5ba1605619e/in_use.lock acquired by nodename 18099@fv-az789-190
2025-03-20 02:10:21,995 [om1-impl-thread1] INFO  storage.RaftStorage (RaftStorageImpl.java:analyzeAndRecoverStorage(118)) - Read RaftStorageMetadata{term=1, votedFor=om1} from /home/runner/work/ozone/ozone/hadoop-ozone/integration-test/target/test-dir/MiniOzoneClusterImpl-897eaf7f-b25b-4380-b284-a53405b32f13/ozone-meta/ratis/bf265839-605b-3f16-9796-c5ba1605619e/current/raft-meta
2025-03-20 02:10:21,995 [om1-impl-thread1] INFO  server.RaftServer$Division (ServerState.java:setRaftConf(386)) - om1@group-C5BA1605619E: set configuration conf: {index: 0, cur=peers:[om1|localhost:15009]|listeners:[], old=null}
2025-03-20 02:10:21,995 [om1-impl-thread1] INFO  ratis.OzoneManagerStateMachine (OzoneManagerStateMachine.java:lambda$0(138)) - om1: initialize group-C5BA1605619E with (t:1, i:455)
2025-03-20 02:10:21,995 [om1-impl-thread1] INFO  server.RaftServerConfigKeys (ConfUtils.java:logGet(46)) - raft.server.log.use.memory = false (default)
2025-03-20 02:10:21,995 [om1-impl-thread1] INFO  server.RaftServerConfigKeys (ConfUtils.java:logGet(46)) - raft.server.log.purge.gap = 1000000 (custom)
2025-03-20 02:10:21,995 [om1-impl-thread1] INFO  server.RaftServerConfigKeys (ConfUtils.java:logGet(46)) - raft.server.log.appender.buffer.byte-limit = 4194304 (custom)
2025-03-20 02:10:21,995 [om1-impl-thread1] INFO  server.RaftServerConfigKeys (ConfUtils.java:logGet(46)) - raft.server.log.statemachine.data.read.timeout = 1000ms (default)
2025-03-20 02:10:21,996 [om1-impl-thread1] INFO  server.RaftServerConfigKeys (ConfUtils.java:logGet(46)) - raft.server.log.purge.preservation.log.num = 0 (default)
2025-03-20 02:10:21,997 [om1-impl-thread1] INFO  server.RaftServerConfigKeys (ConfUtils.java:logGet(46)) - raft.server.log.segment.size.max = 4194304 (custom)
2025-03-20 02:10:21,997 [om1-impl-thread1] INFO  server.RaftServerConfigKeys (ConfUtils.java:logGet(46)) - raft.server.log.segment.cache.num.max = 2 (custom)
2025-03-20 02:10:21,998 [om1-impl-thread1] INFO  server.RaftServerConfigKeys (ConfUtils.java:logGet(46)) - raft.server.log.segment.cache.size.max = 200MB (=209715200) (default)
2025-03-20 02:10:21,998 [om1-impl-thread1] INFO  server.RaftServerConfigKeys (ConfUtils.java:logGet(46)) - raft.server.log.appender.buffer.byte-limit = 4194304 (custom)
2025-03-20 02:10:21,998 [om1-impl-thread1] INFO  util.AwaitToRun (AwaitToRun.java:start(81)) - Thread[#1564,om1@group-C5BA1605619E-cacheEviction-AwaitToRun,5,main] started
2025-03-20 02:10:21,998 [om1-impl-thread1] INFO  segmented.SegmentedRaftLogWorker (SegmentedRaftLogWorker.java:<init>(188)) - new om1@group-C5BA1605619E-SegmentedRaftLogWorker for RaftStorageImpl:Storage Directory /home/runner/work/ozone/ozone/hadoop-ozone/integration-test/target/test-dir/MiniOzoneClusterImpl-897eaf7f-b25b-4380-b284-a53405b32f13/ozone-meta/ratis/bf265839-605b-3f16-9796-c5ba1605619e
2025-03-20 02:10:21,998 [om1-impl-thread1] INFO  server.RaftServerConfigKeys (ConfUtils.java:logGet(46)) - raft.server.log.queue.byte-limit = 64MB (=67108864) (default)
2025-03-20 02:10:21,998 [om1-impl-thread1] INFO  server.RaftServerConfigKeys (ConfUtils.java:logGet(46)) - raft.server.log.queue.element-limit = 4096 (default)
2025-03-20 02:10:21,998 [om1-impl-thread1] INFO  server.RaftServerConfigKeys (ConfUtils.java:logGet(46)) - raft.server.log.segment.size.max = 4194304 (custom)
2025-03-20 02:10:21,998 [om1-impl-thread1] INFO  server.RaftServerConfigKeys (ConfUtils.java:logGet(46)) - raft.server.log.preallocated.size = 4194304 (custom)
2025-03-20 02:10:21,998 [om1-impl-thread1] INFO  server.RaftServerConfigKeys (ConfUtils.java:logGet(46)) - raft.server.log.force.sync.num = 128 (default)
2025-03-20 02:10:21,998 [om1-impl-thread1] INFO  server.RaftServerConfigKeys (ConfUtils.java:logGet(46)) - raft.server.log.statemachine.data.sync = true (default)
2025-03-20 02:10:21,998 [om1-impl-thread1] INFO  server.RaftServerConfigKeys (ConfUtils.java:logGet(46)) - raft.server.log.statemachine.data.sync.timeout = 10s (default)
2025-03-20 02:10:21,998 [om1-impl-thread1] INFO  server.RaftServerConfigKeys (ConfUtils.java:logGet(46)) - raft.server.log.statemachine.data.sync.timeout.retry = -1 (default)
2025-03-20 02:10:21,999 [om1-impl-thread1] INFO  server.RaftServerConfigKeys (ConfUtils.java:logGet(46)) - raft.server.log.write.buffer.size = 4194312 (custom)
2025-03-20 02:10:22,000 [om1-impl-thread1] INFO  server.RaftServerConfigKeys (ConfUtils.java:logGet(46)) - raft.server.log.appender.buffer.byte-limit = 4194304 (custom)
2025-03-20 02:10:22,000 [om1-impl-thread1] INFO  server.RaftServerConfigKeys (ConfUtils.java:logGet(46)) - raft.server.log.unsafe-flush.enabled = false (default)
2025-03-20 02:10:22,000 [om1-impl-thread1] INFO  server.RaftServerConfigKeys (ConfUtils.java:logGet(46)) - raft.server.log.async-flush.enabled = false (default)
2025-03-20 02:10:22,001 [om1-impl-thread1] INFO  server.RaftServerConfigKeys (ConfUtils.java:logGet(46)) - raft.server.log.statemachine.data.caching.enabled = false (default)
2025-03-20 02:10:22,001 [om1-impl-thread1] INFO  server.RaftServer$Division (ServerState.java:setRaftConf(386)) - om1@group-C5BA1605619E: set configuration conf: {index: 0, cur=peers:[om1|localhost:15009]|listeners:[], old=null}
2025-03-20 02:10:22,013 [om1-impl-thread1] INFO  segmented.LogSegment (LogSegment.java:loadSegment(171)) - Successfully read 457 entries from segment file /home/runner/work/ozone/ozone/hadoop-ozone/integration-test/target/test-dir/MiniOzoneClusterImpl-897eaf7f-b25b-4380-b284-a53405b32f13/ozone-meta/ratis/bf265839-605b-3f16-9796-c5ba1605619e/current/log_inprogress_0
2025-03-20 02:10:22,014 [om1-impl-thread1] INFO  segmented.SegmentedRaftLogWorker (SegmentedRaftLogWorker.java:lambda$new$0(139)) - om1@group-C5BA1605619E-SegmentedRaftLogWorker: flushIndex: setUnconditionally 0 -> 456
2025-03-20 02:10:22,014 [om1-impl-thread1] INFO  segmented.SegmentedRaftLogWorker (SegmentedRaftLogWorker.java:lambda$new$0(139)) - om1@group-C5BA1605619E-SegmentedRaftLogWorker: safeCacheEvictIndex: setUnconditionally 0 -> -1
2025-03-20 02:10:22,014 [om1-impl-thread1] INFO  segmented.BufferedWriteChannel (BufferedWriteChannel.java:open(61)) - open log_inprogress_0 (append) at position 228739
2025-03-20 02:10:22,015 [om1-impl-thread1] INFO  server.RaftServer$Division (RaftServerImpl.java:start(391)) - om1@group-C5BA1605619E: start as a follower, conf=conf: {index: 0, cur=peers:[om1|localhost:15009]|listeners:[], old=null}
2025-03-20 02:10:22,016 [om1-impl-thread1] INFO  server.RaftServer$Division (RaftServerImpl.java:setRole(378)) - om1@group-C5BA1605619E: changes role from      null to FOLLOWER at term 1 for startAsFollower
2025-03-20 02:10:22,016 [om1-impl-thread1] INFO  impl.RoleInfo (RoleInfo.java:updateAndGet(148)) - om1: start om1@group-C5BA1605619E-FollowerState
2025-03-20 02:10:22,017 [om1@group-C5BA1605619E-FollowerState] INFO  server.RaftServerConfigKeys (ConfUtils.java:logFallback(53)) - raft.server.rpc.first-election.timeout.min = 1s (fallback to raft.server.rpc.timeout.min)
2025-03-20 02:10:22,017 [om1@group-C5BA1605619E-FollowerState] INFO  server.RaftServerConfigKeys (ConfUtils.java:logFallback(53)) - raft.server.rpc.first-election.timeout.max = 1200ms (fallback to raft.server.rpc.timeout.max)
2025-03-20 02:10:22,017 [om1-impl-thread1] INFO  util.JmxRegister (JmxRegister.java:tryRegister(44)) - Successfully registered JMX Bean with object name Ratis:service=RaftServer,group=group-C5BA1605619E,id=om1
2025-03-20 02:10:22,018 [om1-impl-thread1] INFO  util.JmxRegister (JmxRegister.java:register(58)) - register mxBean class org.apache.ratis.server.impl.RaftServerJmxAdapter as Ratis:service=RaftServer,group=group-C5BA1605619E,id=om1
2025-03-20 02:10:22,018 [om1-impl-thread1] INFO  server.RaftServerConfigKeys (ConfUtils.java:logGet(46)) - raft.server.snapshot.trigger-when-stop.enabled = true (default)
2025-03-20 02:10:22,018 [om1-impl-thread1] INFO  server.RaftServerConfigKeys (ConfUtils.java:logGet(46)) - raft.server.snapshot.trigger-when-remove.enabled = true (default)
2025-03-20 02:10:22,018 [om1-impl-thread1] INFO  server.RaftServerConfigKeys (ConfUtils.java:logGet(46)) - raft.server.snapshot.auto.trigger.enabled = true (custom)
2025-03-20 02:10:22,018 [om1-impl-thread1] INFO  server.RaftServerConfigKeys (ConfUtils.java:logGet(46)) - raft.server.snapshot.auto.trigger.threshold = 400000 (default)
2025-03-20 02:10:22,018 [om1-impl-thread1] INFO  server.RaftServerConfigKeys (ConfUtils.java:logGet(46)) - raft.server.snapshot.retention.file.num = -1 (default)
2025-03-20 02:10:22,018 [om1-impl-thread1] INFO  server.RaftServerConfigKeys (ConfUtils.java:logGet(46)) - raft.server.log.purge.upto.snapshot.index = true (custom)
2025-03-20 02:10:22,019 [om1-impl-thread1] INFO  server.RaftServer$Division (RaftServerImpl.java:start(405)) - om1@group-C5BA1605619E: Successfully started.
2025-03-20 02:10:22,019 [main] INFO  server.RaftServer (RaftServerProxy.java:startImpl(407)) - om1: start RPC server
2025-03-20 02:10:22,021 [main] INFO  server.GrpcService (GrpcService.java:startImpl(334)) - om1: GrpcService started, listening on 15009
2025-03-20 02:10:22,021 [main] INFO  om.OzoneManager (OzoneManager.java:getRpcServer(1238)) - Creating RPC Server
2025-03-20 02:10:22,021 [JvmPauseMonitor6] INFO  util.JvmPauseMonitor (JvmPauseMonitor.java:run(146)) - JvmPauseMonitor-om1: Started
2025-03-20 02:10:22,571 [main] INFO  reflections.Reflections (Reflections.java:scan(219)) - Reflections took 549 ms to scan 21 urls, producing 61 keys and 7409 values
2025-03-20 02:10:22,574 [main] INFO  ipc.CallQueueManager (CallQueueManager.java:<init>(93)) - Using callQueue: class java.util.concurrent.LinkedBlockingQueue, queueCapacity: 2000, scheduler: class org.apache.hadoop.ipc.DefaultRpcScheduler, ipcBackoff: false, ipcFailOver: false.
2025-03-20 02:10:22,574 [main] INFO  ipc.Server (Server.java:<init>(1438)) - Listener at localhost:15006
2025-03-20 02:10:22,575 [Socket Reader #1 for port 15006] INFO  ipc.Server (Server.java:run(1474)) - Starting Socket Reader #1 for port 15006
2025-03-20 02:10:22,575 [Socket Reader #2 for port 15006] INFO  ipc.Server (Server.java:run(1474)) - Starting Socket Reader #2 for port 15006
2025-03-20 02:10:22,575 [Socket Reader #3 for port 15006] INFO  ipc.Server (Server.java:run(1474)) - Starting Socket Reader #3 for port 15006
2025-03-20 02:10:22,575 [Socket Reader #4 for port 15006] INFO  ipc.Server (Server.java:run(1474)) - Starting Socket Reader #4 for port 15006
2025-03-20 02:10:22,575 [Socket Reader #5 for port 15006] INFO  ipc.Server (Server.java:run(1474)) - Starting Socket Reader #5 for port 15006
2025-03-20 02:10:22,576 [Socket Reader #6 for port 15006] INFO  ipc.Server (Server.java:run(1474)) - Starting Socket Reader #6 for port 15006
2025-03-20 02:10:22,576 [Socket Reader #7 for port 15006] INFO  ipc.Server (Server.java:run(1474)) - Starting Socket Reader #7 for port 15006
2025-03-20 02:10:22,576 [Socket Reader #8 for port 15006] INFO  ipc.Server (Server.java:run(1474)) - Starting Socket Reader #8 for port 15006
2025-03-20 02:10:22,576 [Socket Reader #9 for port 15006] INFO  ipc.Server (Server.java:run(1474)) - Starting Socket Reader #9 for port 15006
2025-03-20 02:10:22,576 [Socket Reader #10 for port 15006] INFO  ipc.Server (Server.java:run(1474)) - Starting Socket Reader #10 for port 15006
2025-03-20 02:10:22,580 [main] INFO  http.BaseHttpServer (BaseHttpServer.java:newHttpServer2BuilderForOzone(229)) - Starting Web-server for ozoneManager at: http://0.0.0.0:15007
2025-03-20 02:10:22,580 [main] INFO  http.BaseHttpServer (BaseHttpServer.java:<init>(107)) - Hadoop Security Enabled: false Ozone Security Enabled: false Ozone HTTP Security Enabled: false 
2025-03-20 02:10:22,582 [main] WARN  server.AuthenticationFilter (AuthenticationFilter.java:constructSecretProvider(240)) - Unable to initialize FileSignerSecretProvider, falling back to use random secrets. Reason: Could not read signature secret file: /home/runner/hadoop-http-auth-signature-secret
2025-03-20 02:10:22,583 [main] INFO  http.HttpRequestLog (HttpRequestLog.java:getRequestLog(85)) - Http request log for http.requests.ozoneManager is not defined
2025-03-20 02:10:22,584 [main] INFO  http.HttpServer2 (HttpServer2.java:addGlobalFilter(1040)) - Added global filter 'safety' (class=org.apache.hadoop.hdds.server.http.HttpServer2$QuotingInputFilter)
2025-03-20 02:10:22,585 [main] INFO  http.HttpServer2 (HttpServer2.java:addFilter(1016)) - Added filter static_user_filter (class=org.apache.hadoop.http.lib.StaticUserWebFilter$StaticUserFilter) to context ozoneManager
2025-03-20 02:10:22,585 [main] INFO  http.HttpServer2 (HttpServer2.java:addFilter(1024)) - Added filter static_user_filter (class=org.apache.hadoop.http.lib.StaticUserWebFilter$StaticUserFilter) to context static
2025-03-20 02:10:22,585 [main] INFO  http.HttpServer2 (HttpServer2.java:addFilter(1024)) - Added filter static_user_filter (class=org.apache.hadoop.http.lib.StaticUserWebFilter$StaticUserFilter) to context logs
2025-03-20 02:10:22,586 [main] INFO  http.BaseHttpServer (BaseHttpServer.java:<init>(195)) - HTTP server of ozoneManager uses base directory /home/runner/work/ozone/ozone/hadoop-ozone/integration-test/target/test-dir/MiniOzoneClusterImpl-897eaf7f-b25b-4380-b284-a53405b32f13/ozone-meta/webserver
2025-03-20 02:10:22,586 [main] INFO  http.HttpServer2 (HttpServer2.java:bindListener(1240)) - Jetty bound to port 15007
2025-03-20 02:10:22,586 [main] INFO  server.Server (Server.java:doStart(375)) - jetty-9.4.57.v20241219; built: 2025-01-08T21:24:30.412Z; git: df524e6b29271c2e09ba9aea83c18dc9db464a31; jvm 21.0.6+7-LTS
2025-03-20 02:10:22,587 [main] INFO  server.session (DefaultSessionIdManager.java:doStart(334)) - DefaultSessionIdManager workerName=node0
2025-03-20 02:10:22,588 [main] INFO  server.session (DefaultSessionIdManager.java:doStart(339)) - No SessionScavenger set, using defaults
2025-03-20 02:10:22,588 [main] INFO  server.session (HouseKeeper.java:startScavenging(132)) - node0 Scavenging every 660000ms
2025-03-20 02:10:22,588 [main] INFO  handler.ContextHandler (ContextHandler.java:doStart(921)) - Started o.e.j.s.ServletContextHandler@2dd246ff{logs,/logs,file:///home/runner/work/ozone/ozone/hadoop-ozone/integration-test/target/log,AVAILABLE}
2025-03-20 02:10:22,589 [main] INFO  handler.ContextHandler (ContextHandler.java:doStart(921)) - Started o.e.j.s.ServletContextHandler@61b33ef7{static,/static,file:///home/runner/work/ozone/ozone/hadoop-ozone/integration-test/target/test-classes/webapps/static,AVAILABLE}
2025-03-20 02:10:22,596 [main] INFO  handler.ContextHandler (ContextHandler.java:doStart(921)) - Started o.e.j.w.WebAppContext@4790181c{ozoneManager,/,file:///home/runner/work/ozone/ozone/hadoop-ozone/integration-test/target/test-classes/webapps/ozoneManager/,AVAILABLE}{file:/home/runner/work/ozone/ozone/hadoop-ozone/integration-test/target/test-classes/webapps/ozoneManager}
2025-03-20 02:10:22,597 [main] INFO  server.AbstractConnector (AbstractConnector.java:doStart(333)) - Started ServerConnector@6c56e004{HTTP/1.1, (http/1.1)}{0.0.0.0:15007}
2025-03-20 02:10:22,597 [main] INFO  server.Server (Server.java:doStart(415)) - Started @43328ms
2025-03-20 02:10:22,597 [main] WARN  impl.MetricsSystemImpl (MetricsSystemImpl.java:register(279)) - Sink prometheus already exists!
2025-03-20 02:10:22,598 [main] INFO  http.BaseHttpServer (BaseHttpServer.java:updateConnectorAddress(360)) - HTTP server of ozoneManager listening at http://0.0.0.0:15007
2025-03-20 02:10:22,600 [IPC Server Responder] INFO  ipc.Server (Server.java:run(1713)) - IPC Server Responder: starting
2025-03-20 02:10:22,600 [IPC Server listener on 15006] INFO  ipc.Server (Server.java:run(1553)) - IPC Server listener on 15006: starting
2025-03-20 02:10:22,603 [main] INFO  om.OzoneManager (OzoneManager.java:startTrashEmptier(2135)) - Trash Interval set to 0. Files deleted won't move to trash
2025-03-20 02:10:22,604 [main] INFO  utils.BackgroundService (BackgroundService.java:shutdown(162)) - Shutting down service KeyDeletingService
2025-03-20 02:10:22,605 [main] INFO  utils.BackgroundService (BackgroundService.java:shutdown(162)) - Shutting down service DirectoryDeletingService
2025-03-20 02:10:22,606 [main] INFO  utils.BackgroundService (BackgroundService.java:shutdown(162)) - Shutting down service OpenKeyCleanupService
2025-03-20 02:10:22,607 [main] INFO  utils.BackgroundService (BackgroundService.java:shutdown(162)) - Shutting down service SnapshotDeletingService
2025-03-20 02:10:22,607 [main] INFO  utils.BackgroundService (BackgroundService.java:shutdown(162)) - Shutting down service MultipartUploadCleanupService
2025-03-20 02:10:22,610 [main] INFO  retry.RetryInvocationHandler (RetryInvocationHandler.java:log(426)) - com.google.protobuf.ServiceException: java.io.EOFException: End of File Exception between local host is: "fv-az789-190/10.1.0.98"; destination host is: "localhost":15006; : java.io.EOFException; For more details see:  http://wiki.apache.org/hadoop/EOFException, while invoking $Proxy64.submitRequest over nodeId=null,nodeAddress=localhost:15006. Trying to failover after sleeping for 2000ms. Current retry count: 0.
2025-03-20 02:10:23,133 [om1@group-C5BA1605619E-FollowerState] INFO  impl.FollowerState (FollowerState.java:runImpl(161)) - om1@group-C5BA1605619E-FollowerState: change to CANDIDATE, lastRpcElapsedTime:1116633008ns, electionTimeout:1115ms
2025-03-20 02:10:23,133 [om1@group-C5BA1605619E-FollowerState] INFO  impl.RoleInfo (RoleInfo.java:shutdownFollowerState(121)) - om1: shutdown om1@group-C5BA1605619E-FollowerState
2025-03-20 02:10:23,133 [om1@group-C5BA1605619E-FollowerState] INFO  server.RaftServer$Division (RaftServerImpl.java:setRole(378)) - om1@group-C5BA1605619E: changes role from  FOLLOWER to CANDIDATE at term 1 for changeToCandidate
2025-03-20 02:10:23,133 [om1@group-C5BA1605619E-FollowerState] INFO  server.RaftServerConfigKeys (ConfUtils.java:logGet(46)) - raft.server.leaderelection.pre-vote = true (default)
2025-03-20 02:10:23,133 [om1@group-C5BA1605619E-FollowerState] INFO  impl.RoleInfo (RoleInfo.java:updateAndGet(148)) - om1: start om1@group-C5BA1605619E-LeaderElection11
2025-03-20 02:10:23,134 [om1@group-C5BA1605619E-LeaderElection11] INFO  impl.LeaderElection (LeaderElection.java:askForVotes(332)) - om1@group-C5BA1605619E-LeaderElection11 PRE_VOTE round 0: submit vote requests at term 1 for conf: {index: 0, cur=peers:[om1|localhost:15009]|listeners:[], old=null}
2025-03-20 02:10:23,134 [om1@group-C5BA1605619E-LeaderElection11] INFO  impl.LeaderElection (LeaderElection.java:askForVotes(334)) - om1@group-C5BA1605619E-LeaderElection11 PRE_VOTE round 0: result PASSED (term=1)
2025-03-20 02:10:23,135 [om1@group-C5BA1605619E-LeaderElection11] INFO  impl.LeaderElection (LeaderElection.java:askForVotes(332)) - om1@group-C5BA1605619E-LeaderElection11 ELECTION round 0: submit vote requests at term 2 for conf: {index: 0, cur=peers:[om1|localhost:15009]|listeners:[], old=null}
2025-03-20 02:10:23,135 [om1@group-C5BA1605619E-LeaderElection11] INFO  impl.LeaderElection (LeaderElection.java:askForVotes(334)) - om1@group-C5BA1605619E-LeaderElection11 ELECTION round 0: result PASSED (term=2)
2025-03-20 02:10:23,135 [om1@group-C5BA1605619E-LeaderElection11] INFO  impl.RoleInfo (RoleInfo.java:shutdownLeaderElection(141)) - om1: shutdown om1@group-C5BA1605619E-LeaderElection11
2025-03-20 02:10:23,135 [om1@group-C5BA1605619E-LeaderElection11] INFO  server.RaftServer$Division (RaftServerImpl.java:setRole(378)) - om1@group-C5BA1605619E: changes role from CANDIDATE to LEADER at term 2 for changeToLeader
2025-03-20 02:10:23,135 [om1@group-C5BA1605619E-LeaderElection11] INFO  server.RaftServerConfigKeys (ConfUtils.java:logGet(46)) - raft.server.staging.catchup.gap = 1000 (default)
2025-03-20 02:10:23,135 [om1@group-C5BA1605619E-LeaderElection11] INFO  server.RaftServerConfigKeys (ConfUtils.java:logGet(46)) - raft.server.write.element-limit = 4096 (default)
2025-03-20 02:10:23,136 [om1@group-C5BA1605619E-LeaderElection11] INFO  server.RaftServerConfigKeys (ConfUtils.java:logGet(46)) - raft.server.write.byte-limit = 64MB (=67108864) (default)
2025-03-20 02:10:23,136 [om1@group-C5BA1605619E-LeaderElection11] INFO  server.RaftServerConfigKeys (ConfUtils.java:logGet(46)) - raft.server.watch.timeout = 10s (default)
2025-03-20 02:10:23,136 [om1@group-C5BA1605619E-LeaderElection11] INFO  server.RaftServerConfigKeys (ConfUtils.java:logGet(46)) - raft.server.watch.timeout.denomination = 1s (default)
2025-03-20 02:10:23,136 [om1@group-C5BA1605619E-LeaderElection11] INFO  server.RaftServerConfigKeys (ConfUtils.java:logGet(46)) - raft.server.watch.element-limit = 65536 (default)
2025-03-20 02:10:23,136 [om1@group-C5BA1605619E-LeaderElection11] INFO  server.RaftServerConfigKeys (ConfUtils.java:logGet(46)) - raft.server.read.leader.lease.enabled = false (default)
2025-03-20 02:10:23,136 [om1@group-C5BA1605619E-LeaderElection11] INFO  server.RaftServerConfigKeys (ConfUtils.java:logGet(46)) - raft.server.read.leader.lease.timeout.ratio = 0.9 (default)
2025-03-20 02:10:23,137 [om1@group-C5BA1605619E-LeaderElection11] INFO  server.RaftServerConfigKeys (ConfUtils.java:logGet(46)) - raft.server.rpc.timeout.min = 1s (custom)
2025-03-20 02:10:23,137 [om1@group-C5BA1605619E-LeaderElection11] INFO  server.RaftServerConfigKeys (ConfUtils.java:logGet(46)) - raft.server.log.log-metadata.enabled = true (default)
2025-03-20 02:10:23,137 [om1@group-C5BA1605619E-LeaderElection11] INFO  server.RaftServerConfigKeys (ConfUtils.java:logGet(46)) - raft.server.write.element-limit = 4096 (default)
2025-03-20 02:10:23,137 [om1@group-C5BA1605619E-LeaderElection11] INFO  server.RaftServerConfigKeys (ConfUtils.java:logGet(46)) - raft.server.write.follower.gap.ratio.max = -1.0 (default)
2025-03-20 02:10:23,137 [om1@group-C5BA1605619E-LeaderElection11] INFO  impl.RoleInfo (RoleInfo.java:updateAndGet(148)) - om1: start om1@group-C5BA1605619E-LeaderStateImpl
2025-03-20 02:10:23,137 [om1@group-C5BA1605619E-LeaderElection11] INFO  server.RaftServer$Division (RaftServerImpl.java:setFirstElection(562)) - om1@group-C5BA1605619E: set firstElectionSinceStartup to false for becomeLeader
2025-03-20 02:10:23,137 [om1@group-C5BA1605619E-LeaderElection11] INFO  ratis.OzoneManagerStateMachine (OzoneManagerStateMachine.java:notifyLeaderChanged(164)) - om1@group-C5BA1605619E: leader changed to om1
2025-03-20 02:10:23,137 [om1@group-C5BA1605619E-LeaderElection11] INFO  server.RaftServer$Division (ServerState.java:setLeader(272)) - om1@group-C5BA1605619E: change Leader from null to om1 at term 2 for becomeLeader, leader elected after 1149ms
2025-03-20 02:10:23,138 [om1@group-C5BA1605619E-LeaderElection11] INFO  segmented.SegmentedRaftLogWorker (SegmentedRaftLogWorker.java:rollLogSegment(443)) - om1@group-C5BA1605619E-SegmentedRaftLogWorker: Rolling segment log-0_456 to index:456
2025-03-20 02:10:23,138 [om1@group-C5BA1605619E-LeaderElection11] INFO  server.RaftServer$Division (ServerState.java:setRaftConf(386)) - om1@group-C5BA1605619E: set configuration conf: {index: 457, cur=peers:[om1|localhost:15009]|listeners:[], old=null}
2025-03-20 02:10:23,138 [om1@group-C5BA1605619E-SegmentedRaftLogWorker] INFO  segmented.SegmentedRaftLogWorker (SegmentedRaftLogWorker.java:execute(601)) - om1@group-C5BA1605619E-SegmentedRaftLogWorker: Rolled log segment from /home/runner/work/ozone/ozone/hadoop-ozone/integration-test/target/test-dir/MiniOzoneClusterImpl-897eaf7f-b25b-4380-b284-a53405b32f13/ozone-meta/ratis/bf265839-605b-3f16-9796-c5ba1605619e/current/log_inprogress_0 to /home/runner/work/ozone/ozone/hadoop-ozone/integration-test/target/test-dir/MiniOzoneClusterImpl-897eaf7f-b25b-4380-b284-a53405b32f13/ozone-meta/ratis/bf265839-605b-3f16-9796-c5ba1605619e/current/log_0-456
2025-03-20 02:10:23,139 [om1@group-C5BA1605619E-SegmentedRaftLogWorker] INFO  segmented.BufferedWriteChannel (BufferedWriteChannel.java:open(61)) - open log_inprogress_457 at position 0
2025-03-20 02:10:23,148 [om1@group-C5BA1605619E-SegmentedRaftLogWorker] INFO  segmented.SegmentedRaftLogWorker (SegmentedRaftLogWorker.java:execute(644)) - om1@group-C5BA1605619E-SegmentedRaftLogWorker: created new log segment /home/runner/work/ozone/ozone/hadoop-ozone/integration-test/target/test-dir/MiniOzoneClusterImpl-897eaf7f-b25b-4380-b284-a53405b32f13/ozone-meta/ratis/bf265839-605b-3f16-9796-c5ba1605619e/current/log_inprogress_457
2025-03-20 02:10:23,150 [om1@group-C5BA1605619E-StateMachineUpdater] INFO  ratis.OzoneManagerStateMachine (OzoneManagerStateMachine.java:notifyConfigurationChanged(226)) - notifyConfigurationChanged from Ratis: term=2, index=457, New Peer list: om1(localhost:15009)
2025-03-20 02:10:23,150 [om1@group-C5BA1605619E-StateMachineUpdater] INFO  server.RaftServer$Division (LeaderStateImpl.java:checkStartIndex(313)) - Leader om1@group-C5BA1605619E-LeaderStateImpl is ready since appliedIndex == startIndex == 457
]]></system-out>
  </testcase>
  <testcase name="testSnapDiffWithMultipleSSTs" classname="org.apache.hadoop.ozone.om.snapshot.TestOmSnapshotObjectStore" time="3.288">
    <system-out><![CDATA[2025-03-20 02:10:24,621 [main] INFO  rpc.RpcClient (RpcClient.java:createVolume(462)) - Creating Volume: vol-112, with runner as owner and space quota set to -1 bytes, counts quota set to -1
2025-03-20 02:10:24,624 [om1-OMStateMachineApplyTransactionThread - 0] INFO  volume.OMVolumeCreateRequest (OMVolumeCreateRequest.java:validateAndUpdateCache(204)) - created volume:vol-112 for user:runner
2025-03-20 02:10:24,626 [main] INFO  rpc.RpcClient (RpcClient.java:createBucket(687)) - Creating Bucket: vol-112/buck1113, with server-side default bucket layout, runner as owner, Versioning false, Storage Type set to DISK and Encryption set to false, Replication Type set to server-side default replication type, Namespace Quota set to -1, Space Quota set to -1 
2025-03-20 02:10:24,628 [om1-OMStateMachineApplyTransactionThread - 0] INFO  bucket.OMBucketCreateRequest (OMBucketCreateRequest.java:validateAndUpdateCache(291)) - created bucket: buck1113 of layout OBJECT_STORE in volume: vol-112
2025-03-20 02:10:24,629 [main] INFO  rpc.RpcClient (RpcClient.java:createBucket(687)) - Creating Bucket: vol-112/buck1, with server-side default bucket layout, runner as owner, Versioning false, Storage Type set to DISK and Encryption set to false, Replication Type set to server-side default replication type, Namespace Quota set to -1, Space Quota set to -1 
2025-03-20 02:10:24,631 [om1-OMStateMachineApplyTransactionThread - 0] INFO  bucket.OMBucketCreateRequest (OMBucketCreateRequest.java:validateAndUpdateCache(291)) - created bucket: buck1 of layout OBJECT_STORE in volume: vol-112
2025-03-20 02:10:24,633 [main] INFO  rpc.RpcClient (RpcClient.java:createBucket(687)) - Creating Bucket: vol-112/buck2114, with server-side default bucket layout, runner as owner, Versioning false, Storage Type set to DISK and Encryption set to false, Replication Type set to server-side default replication type, Namespace Quota set to -1, Space Quota set to -1 
2025-03-20 02:10:24,634 [om1-OMStateMachineApplyTransactionThread - 0] INFO  bucket.OMBucketCreateRequest (OMBucketCreateRequest.java:validateAndUpdateCache(291)) - created bucket: buck2114 of layout OBJECT_STORE in volume: vol-112
2025-03-20 02:10:24,636 [main] INFO  rpc.RpcClient (RpcClient.java:createBucket(687)) - Creating Bucket: vol-112/buck2, with server-side default bucket layout, runner as owner, Versioning false, Storage Type set to DISK and Encryption set to false, Replication Type set to server-side default replication type, Namespace Quota set to -1, Space Quota set to -1 
2025-03-20 02:10:24,637 [om1-OMStateMachineApplyTransactionThread - 0] INFO  bucket.OMBucketCreateRequest (OMBucketCreateRequest.java:validateAndUpdateCache(291)) - created bucket: buck2 of layout OBJECT_STORE in volume: vol-112
2025-03-20 02:10:24,683 [om1-OMStateMachineApplyTransactionThread - 0] WARN  snapshot.OMSnapshotCreateRequest (OMSnapshotCreateRequest.java:estimateBucketDataSize(342)) - DefaultReplicationConfig is not correctly set in OmBucketInfo for volume 'vol-112' bucket 'buck1113'. Falling back to config default 'RATIS/THREE'
2025-03-20 02:10:24,683 [om1-OMStateMachineApplyTransactionThread - 0] INFO  snapshot.OMSnapshotCreateRequest (OMSnapshotCreateRequest.java:validateAndUpdateCache(223)) - Created snapshot: 'snap116' with snapshotId: '473d0b94-93b1-4c29-a802-cb3d55b40ff1' under path 'vol-112/buck1113'
2025-03-20 02:10:24,684 [main] WARN  server.ServerUtils (ServerUtils.java:getDBPath(297)) - ozone.om.db.dirs is not configured. We recommend adding this setting. Falling back to ozone.metadata.dirs instead.
2025-03-20 02:10:24,705 [om1-OMDoubleBufferFlushThread] INFO  db.RDBCheckpointManager (RDBCheckpointManager.java:createCheckpoint(87)) - Created checkpoint in rocksDB at /home/runner/work/ozone/ozone/hadoop-ozone/integration-test/target/test-dir/MiniOzoneClusterImpl-897eaf7f-b25b-4380-b284-a53405b32f13/ozone-meta/db.snapshots/checkpointState/om.db-473d0b94-93b1-4c29-a802-cb3d55b40ff1 in 19 milliseconds
2025-03-20 02:10:24,705 [om1-OMDoubleBufferFlushThread] INFO  om.OmSnapshotManager (OmSnapshotManager.java:createOmSnapshotCheckpoint(482)) - Created checkpoint : /home/runner/work/ozone/ozone/hadoop-ozone/integration-test/target/test-dir/MiniOzoneClusterImpl-897eaf7f-b25b-4380-b284-a53405b32f13/ozone-meta/db.snapshots/checkpointState/om.db-473d0b94-93b1-4c29-a802-cb3d55b40ff1 for snapshot snap116
2025-03-20 02:10:25,885 [om1-OMStateMachineApplyTransactionThread - 0] WARN  snapshot.OMSnapshotCreateRequest (OMSnapshotCreateRequest.java:estimateBucketDataSize(342)) - DefaultReplicationConfig is not correctly set in OmBucketInfo for volume 'vol-112' bucket 'buck1113'. Falling back to config default 'RATIS/THREE'
2025-03-20 02:10:25,885 [om1-OMStateMachineApplyTransactionThread - 0] INFO  snapshot.OMSnapshotCreateRequest (OMSnapshotCreateRequest.java:validateAndUpdateCache(223)) - Created snapshot: 'snap128' with snapshotId: 'cfff19f7-fc16-4538-b2e0-95f1143bc51c' under path 'vol-112/buck1113'
2025-03-20 02:10:25,886 [main] WARN  server.ServerUtils (ServerUtils.java:getDBPath(297)) - ozone.om.db.dirs is not configured. We recommend adding this setting. Falling back to ozone.metadata.dirs instead.
2025-03-20 02:10:25,904 [om1-OMDoubleBufferFlushThread] INFO  db.RDBCheckpointManager (RDBCheckpointManager.java:createCheckpoint(87)) - Created checkpoint in rocksDB at /home/runner/work/ozone/ozone/hadoop-ozone/integration-test/target/test-dir/MiniOzoneClusterImpl-897eaf7f-b25b-4380-b284-a53405b32f13/ozone-meta/db.snapshots/checkpointState/om.db-cfff19f7-fc16-4538-b2e0-95f1143bc51c in 16 milliseconds
2025-03-20 02:10:25,904 [om1-OMDoubleBufferFlushThread] INFO  om.OmSnapshotManager (OmSnapshotManager.java:createOmSnapshotCheckpoint(482)) - Created checkpoint : /home/runner/work/ozone/ozone/hadoop-ozone/integration-test/target/test-dir/MiniOzoneClusterImpl-897eaf7f-b25b-4380-b284-a53405b32f13/ozone-meta/db.snapshots/checkpointState/om.db-cfff19f7-fc16-4538-b2e0-95f1143bc51c for snapshot snap128
2025-03-20 02:10:26,896 [IPC Server handler 19 on default port 15006] INFO  snapshot.SnapshotDiffManager (SnapshotDiffManager.java:submitSnapDiffJob(689)) - Submitting snap diff report generation request for volume: vol-112, bucket: buck1113, fromSnapshot: snap116 and toSnapshot: snap128
2025-03-20 02:10:26,898 [om1-snapshot-diff-job-thread-id-0] INFO  snapshot.SnapshotDiffManager (SnapshotDiffManager.java:generateSnapshotDiffReport(792)) - Started snap diff report generation for volume: 'vol-112', bucket: 'buck1113', fromSnapshot: 'snap116', toSnapshot: 'snap128'
2025-03-20 02:10:26,899 [om1-snapshot-diff-job-thread-id-0] INFO  snapshot.SnapshotCache (SnapshotCache.java:lambda$2(155)) - Loading SnapshotId: '473d0b94-93b1-4c29-a802-cb3d55b40ff1'
2025-03-20 02:10:26,899 [om1-snapshot-diff-job-thread-id-0] WARN  server.ServerUtils (ServerUtils.java:getDBPath(297)) - ozone.om.db.dirs is not configured. We recommend adding this setting. Falling back to ozone.metadata.dirs instead.
2025-03-20 02:10:26,931 [om1-snapshot-diff-job-thread-id-0] INFO  snapshot.SnapshotCache (SnapshotCache.java:lambda$2(155)) - Loading SnapshotId: 'cfff19f7-fc16-4538-b2e0-95f1143bc51c'
2025-03-20 02:10:26,931 [om1-snapshot-diff-job-thread-id-0] WARN  server.ServerUtils (ServerUtils.java:getDBPath(297)) - ozone.om.db.dirs is not configured. We recommend adding this setting. Falling back to ozone.metadata.dirs instead.
2025-03-20 02:10:26,988 [om1-snapshot-diff-job-thread-id-0] INFO  snapshot.SnapshotDiffManager (SnapshotDiffManager.java:generateDiffReport(1232)) - Starting diff report generation for jobId: 3d995a1b-48b4-4f68-96c6-9c3dfdfe13a3.
]]></system-out>
  </testcase>
  <testcase name="testDeleteSnapshotFailure" classname="org.apache.hadoop.ozone.om.snapshot.TestOmSnapshotObjectStore" time="1.069">
    <system-out><![CDATA[2025-03-20 02:10:27,909 [main] INFO  rpc.RpcClient (RpcClient.java:createVolume(462)) - Creating Volume: vol-129, with runner as owner and space quota set to -1 bytes, counts quota set to -1
2025-03-20 02:10:27,912 [om1-OMStateMachineApplyTransactionThread - 0] INFO  volume.OMVolumeCreateRequest (OMVolumeCreateRequest.java:validateAndUpdateCache(204)) - created volume:vol-129 for user:runner
2025-03-20 02:10:27,914 [main] INFO  rpc.RpcClient (RpcClient.java:createBucket(687)) - Creating Bucket: vol-129/buck-130131, with server-side default bucket layout, runner as owner, Versioning false, Storage Type set to DISK and Encryption set to false, Replication Type set to server-side default replication type, Namespace Quota set to -1, Space Quota set to -1 
2025-03-20 02:10:27,916 [om1-OMStateMachineApplyTransactionThread - 0] INFO  bucket.OMBucketCreateRequest (OMBucketCreateRequest.java:validateAndUpdateCache(291)) - created bucket: buck-130131 of layout OBJECT_STORE in volume: vol-129
2025-03-20 02:10:27,917 [main] INFO  rpc.RpcClient (RpcClient.java:createBucket(687)) - Creating Bucket: vol-129/buck-130, with server-side default bucket layout, runner as owner, Versioning false, Storage Type set to DISK and Encryption set to false, Replication Type set to server-side default replication type, Namespace Quota set to -1, Space Quota set to -1 
2025-03-20 02:10:27,918 [om1-OMStateMachineApplyTransactionThread - 0] INFO  bucket.OMBucketCreateRequest (OMBucketCreateRequest.java:validateAndUpdateCache(291)) - created bucket: buck-130 of layout OBJECT_STORE in volume: vol-129
2025-03-20 02:10:27,959 [om1-OMStateMachineApplyTransactionThread - 0] WARN  snapshot.OMSnapshotCreateRequest (OMSnapshotCreateRequest.java:estimateBucketDataSize(342)) - DefaultReplicationConfig is not correctly set in OmBucketInfo for volume 'vol-129' bucket 'buck-130131'. Falling back to config default 'RATIS/THREE'
2025-03-20 02:10:27,959 [om1-OMStateMachineApplyTransactionThread - 0] INFO  snapshot.OMSnapshotCreateRequest (OMSnapshotCreateRequest.java:validateAndUpdateCache(223)) - Created snapshot: 'snap133' with snapshotId: '56b78713-8004-469c-967e-629c1e4cdc53' under path 'vol-129/buck-130131'
2025-03-20 02:10:27,960 [main] WARN  server.ServerUtils (ServerUtils.java:getDBPath(297)) - ozone.om.db.dirs is not configured. We recommend adding this setting. Falling back to ozone.metadata.dirs instead.
2025-03-20 02:10:27,986 [om1-OMDoubleBufferFlushThread] INFO  db.RDBCheckpointManager (RDBCheckpointManager.java:createCheckpoint(87)) - Created checkpoint in rocksDB at /home/runner/work/ozone/ozone/hadoop-ozone/integration-test/target/test-dir/MiniOzoneClusterImpl-897eaf7f-b25b-4380-b284-a53405b32f13/ozone-meta/db.snapshots/checkpointState/om.db-56b78713-8004-469c-967e-629c1e4cdc53 in 24 milliseconds
2025-03-20 02:10:27,986 [om1-OMDoubleBufferFlushThread] INFO  om.OmSnapshotManager (OmSnapshotManager.java:createOmSnapshotCheckpoint(482)) - Created checkpoint : /home/runner/work/ozone/ozone/hadoop-ozone/integration-test/target/test-dir/MiniOzoneClusterImpl-897eaf7f-b25b-4380-b284-a53405b32f13/ozone-meta/db.snapshots/checkpointState/om.db-56b78713-8004-469c-967e-629c1e4cdc53 for snapshot snap133
2025-03-20 02:10:28,963 [om1-OMStateMachineApplyTransactionThread - 0] ERROR snapshot.OMSnapshotDeleteRequest (OMSnapshotDeleteRequest.java:validateAndUpdateCache(233)) - Failed to delete snapshot 'snapnonexistent' under path 'vol-129/buck-130131'
02:10:28.966 [om1-OMStateMachineApplyTransactionThread - 0] ERROR OMAudit - user=runner | ip=127.0.0.1 | op=DELETE_SNAPSHOT {volume=vol-129, bucket=buck-130131, snapshotName=snapnonexistent, Transaction=533} | ret=FAILURE
org.apache.hadoop.ozone.om.exceptions.OMException: Snapshot does not exist
	at org.apache.hadoop.ozone.om.request.snapshot.OMSnapshotDeleteRequest.validateAndUpdateCache(OMSnapshotDeleteRequest.java:163) ~[ozone-manager-2.1.0-SNAPSHOT.jar:?]
	at org.apache.hadoop.ozone.protocolPB.OzoneManagerRequestHandler.lambda$0(OzoneManagerRequestHandler.java:419) ~[ozone-manager-2.1.0-SNAPSHOT.jar:?]
	at org.apache.hadoop.ozone.util.MetricUtil.captureLatencyNs(MetricUtil.java:45) ~[hdds-common-2.1.0-SNAPSHOT.jar:?]
	at org.apache.hadoop.ozone.protocolPB.OzoneManagerRequestHandler.handleWriteRequestImpl(OzoneManagerRequestHandler.java:417) ~[ozone-manager-2.1.0-SNAPSHOT.jar:?]
	at org.apache.hadoop.ozone.protocolPB.RequestHandler.handleWriteRequest(RequestHandler.java:62) ~[ozone-manager-2.1.0-SNAPSHOT.jar:?]
	at org.apache.hadoop.ozone.om.ratis.OzoneManagerStateMachine.runCommand(OzoneManagerStateMachine.java:558) ~[ozone-manager-2.1.0-SNAPSHOT.jar:?]
	at org.apache.hadoop.ozone.om.ratis.OzoneManagerStateMachine.lambda$2(OzoneManagerStateMachine.java:374) ~[ozone-manager-2.1.0-SNAPSHOT.jar:?]
	at java.base/java.util.concurrent.CompletableFuture$AsyncSupply.run(CompletableFuture.java:1768) ~[?:?]
	at java.base/java.util.concurrent.ThreadPoolExecutor.runWorker(ThreadPoolExecutor.java:1144) ~[?:?]
	at java.base/java.util.concurrent.ThreadPoolExecutor$Worker.run(ThreadPoolExecutor.java:642) ~[?:?]
	at java.base/java.lang.Thread.run(Thread.java:1583) [?:?]
2025-03-20 02:10:28,977 [IPC Server handler 12 on default port 15006] WARN  om.OzoneManager (OzoneManager.java:resolveBucketLink(4423)) - Bucket nonexistentbucket not found in volume vol-129
]]></system-out>
  </testcase>
  <testcase name="testSnapshotQuotaHandling" classname="org.apache.hadoop.ozone.om.snapshot.TestOmSnapshotObjectStore" time="1.064">
    <system-out><![CDATA[2025-03-20 02:10:28,978 [main] INFO  rpc.RpcClient (RpcClient.java:createVolume(462)) - Creating Volume: vol-134, with runner as owner and space quota set to -1 bytes, counts quota set to -1
2025-03-20 02:10:28,980 [om1-OMStateMachineApplyTransactionThread - 0] INFO  volume.OMVolumeCreateRequest (OMVolumeCreateRequest.java:validateAndUpdateCache(204)) - created volume:vol-134 for user:runner
2025-03-20 02:10:28,981 [main] INFO  rpc.RpcClient (RpcClient.java:createBucket(687)) - Creating Bucket: vol-134/buck-135136, with server-side default bucket layout, runner as owner, Versioning false, Storage Type set to DISK and Encryption set to false, Replication Type set to server-side default replication type, Namespace Quota set to -1, Space Quota set to -1 
2025-03-20 02:10:28,983 [om1-OMStateMachineApplyTransactionThread - 0] INFO  bucket.OMBucketCreateRequest (OMBucketCreateRequest.java:validateAndUpdateCache(291)) - created bucket: buck-135136 of layout OBJECT_STORE in volume: vol-134
2025-03-20 02:10:28,984 [main] INFO  rpc.RpcClient (RpcClient.java:createBucket(687)) - Creating Bucket: vol-134/buck-135, with server-side default bucket layout, runner as owner, Versioning false, Storage Type set to DISK and Encryption set to false, Replication Type set to server-side default replication type, Namespace Quota set to -1, Space Quota set to -1 
2025-03-20 02:10:28,985 [om1-OMStateMachineApplyTransactionThread - 0] INFO  bucket.OMBucketCreateRequest (OMBucketCreateRequest.java:validateAndUpdateCache(291)) - created bucket: buck-135 of layout OBJECT_STORE in volume: vol-134
2025-03-20 02:10:29,034 [om1-OMStateMachineApplyTransactionThread - 0] WARN  snapshot.OMSnapshotCreateRequest (OMSnapshotCreateRequest.java:estimateBucketDataSize(342)) - DefaultReplicationConfig is not correctly set in OmBucketInfo for volume 'vol-134' bucket 'buck-135136'. Falling back to config default 'RATIS/THREE'
2025-03-20 02:10:29,034 [om1-OMStateMachineApplyTransactionThread - 0] INFO  snapshot.OMSnapshotCreateRequest (OMSnapshotCreateRequest.java:validateAndUpdateCache(223)) - Created snapshot: 'snap138' with snapshotId: 'b233bf3d-8c11-4e25-a6eb-c2c94d536217' under path 'vol-134/buck-135136'
2025-03-20 02:10:29,035 [main] WARN  server.ServerUtils (ServerUtils.java:getDBPath(297)) - ozone.om.db.dirs is not configured. We recommend adding this setting. Falling back to ozone.metadata.dirs instead.
2025-03-20 02:10:29,063 [om1-OMDoubleBufferFlushThread] INFO  db.RDBCheckpointManager (RDBCheckpointManager.java:createCheckpoint(87)) - Created checkpoint in rocksDB at /home/runner/work/ozone/ozone/hadoop-ozone/integration-test/target/test-dir/MiniOzoneClusterImpl-897eaf7f-b25b-4380-b284-a53405b32f13/ozone-meta/db.snapshots/checkpointState/om.db-b233bf3d-8c11-4e25-a6eb-c2c94d536217 in 27 milliseconds
2025-03-20 02:10:29,063 [om1-OMDoubleBufferFlushThread] INFO  om.OmSnapshotManager (OmSnapshotManager.java:createOmSnapshotCheckpoint(482)) - Created checkpoint : /home/runner/work/ozone/ozone/hadoop-ozone/integration-test/target/test-dir/MiniOzoneClusterImpl-897eaf7f-b25b-4380-b284-a53405b32f13/ozone-meta/db.snapshots/checkpointState/om.db-b233bf3d-8c11-4e25-a6eb-c2c94d536217 for snapshot snap138
2025-03-20 02:10:30,038 [om1-OMStateMachineApplyTransactionThread - 0] INFO  snapshot.OMSnapshotDeleteRequest (OMSnapshotDeleteRequest.java:validateAndUpdateCache(229)) - Deleted snapshot 'snap138' under path 'vol-134/buck-135136'
]]></system-out>
  </testcase>
  <testcase name="testSnapshotDiffWhenOmRestartAndReportIsPartiallyFetched" classname="org.apache.hadoop.ozone.om.snapshot.TestOmSnapshotObjectStore" time="1.619">
    <error message="Snapshot already exists" type="FILE_ALREADY_EXISTS org.apache.hadoop.ozone.om.exceptions.OMException"><![CDATA[FILE_ALREADY_EXISTS org.apache.hadoop.ozone.om.exceptions.OMException: Snapshot already exists
	at org.apache.hadoop.ozone.om.protocolPB.OzoneManagerProtocolClientSideTranslatorPB.handleError(OzoneManagerProtocolClientSideTranslatorPB.java:761)
	at org.apache.hadoop.ozone.om.protocolPB.OzoneManagerProtocolClientSideTranslatorPB.createSnapshot(OzoneManagerProtocolClientSideTranslatorPB.java:1261)
	at org.apache.hadoop.ozone.client.rpc.RpcClient.createSnapshot(RpcClient.java:952)
	at org.apache.hadoop.ozone.client.ObjectStore.createSnapshot(ObjectStore.java:562)
	at org.apache.hadoop.ozone.om.snapshot.TestOmSnapshot.createSnapshots(TestOmSnapshot.java:2144)
	at org.apache.hadoop.ozone.om.snapshot.TestOmSnapshot.testSnapshotDiffWhenOmRestartAndReportIsPartiallyFetched(TestOmSnapshot.java:2089)
	at java.base/java.lang.reflect.Method.invoke(Method.java:580)
	at java.base/java.util.ArrayList.forEach(ArrayList.java:1596)
	at java.base/java.util.ArrayList.forEach(ArrayList.java:1596)
]]></error>
    <system-out><![CDATA[2025-03-20 02:10:30,078 [om1-OMStateMachineApplyTransactionThread - 0] WARN  snapshot.OMSnapshotCreateRequest (OMSnapshotCreateRequest.java:estimateBucketDataSize(342)) - DefaultReplicationConfig is not correctly set in OmBucketInfo for volume 'volume39175' bucket 'bucket17528'. Falling back to config default 'RATIS/THREE'
2025-03-20 02:10:30,078 [om1-OMStateMachineApplyTransactionThread - 0] INFO  snapshot.OMSnapshotCreateRequest (OMSnapshotCreateRequest.java:validateAndUpdateCache(223)) - Created snapshot: 'snap-76475' with snapshotId: 'a674f153-2742-4cec-b5f4-0f12ffbe0401' under path 'volume39175/bucket17528'
2025-03-20 02:10:30,113 [om1-OMDoubleBufferFlushThread] INFO  db.RDBCheckpointManager (RDBCheckpointManager.java:createCheckpoint(87)) - Created checkpoint in rocksDB at /home/runner/work/ozone/ozone/hadoop-ozone/integration-test/target/test-dir/MiniOzoneClusterImpl-897eaf7f-b25b-4380-b284-a53405b32f13/ozone-meta/db.snapshots/checkpointState/om.db-a674f153-2742-4cec-b5f4-0f12ffbe0401 in 32 milliseconds
2025-03-20 02:10:30,113 [om1-OMDoubleBufferFlushThread] INFO  om.OmSnapshotManager (OmSnapshotManager.java:createOmSnapshotCheckpoint(482)) - Created checkpoint : /home/runner/work/ozone/ozone/hadoop-ozone/integration-test/target/test-dir/MiniOzoneClusterImpl-897eaf7f-b25b-4380-b284-a53405b32f13/ozone-meta/db.snapshots/checkpointState/om.db-a674f153-2742-4cec-b5f4-0f12ffbe0401 for snapshot snap-76475
2025-03-20 02:10:31,657 [om1-OMStateMachineApplyTransactionThread - 0] ERROR snapshot.OMSnapshotCreateRequest (OMSnapshotCreateRequest.java:validateAndUpdateCache(228)) - Failed to create snapshot 'snap-76475' with snapshotId: 'ef46ef76-2e36-4dd3-843b-5ebba921f064' under path 'volume39175/bucket17528'
02:10:31.657 [om1-OMStateMachineApplyTransactionThread - 0] ERROR OMAudit - user=runner | ip=127.0.0.1 | op=CREATE_SNAPSHOT {volume=volume39175, bucket=bucket17528, snapshotName=snap-76475, Transaction=961} | ret=FAILURE
org.apache.hadoop.ozone.om.exceptions.OMException: Snapshot already exists
	at org.apache.hadoop.ozone.om.request.snapshot.OMSnapshotCreateRequest.validateAndUpdateCache(OMSnapshotCreateRequest.java:165) ~[ozone-manager-2.1.0-SNAPSHOT.jar:?]
	at org.apache.hadoop.ozone.protocolPB.OzoneManagerRequestHandler.lambda$0(OzoneManagerRequestHandler.java:419) ~[ozone-manager-2.1.0-SNAPSHOT.jar:?]
	at org.apache.hadoop.ozone.util.MetricUtil.captureLatencyNs(MetricUtil.java:45) ~[hdds-common-2.1.0-SNAPSHOT.jar:?]
	at org.apache.hadoop.ozone.protocolPB.OzoneManagerRequestHandler.handleWriteRequestImpl(OzoneManagerRequestHandler.java:417) ~[ozone-manager-2.1.0-SNAPSHOT.jar:?]
	at org.apache.hadoop.ozone.protocolPB.RequestHandler.handleWriteRequest(RequestHandler.java:62) ~[ozone-manager-2.1.0-SNAPSHOT.jar:?]
	at org.apache.hadoop.ozone.om.ratis.OzoneManagerStateMachine.runCommand(OzoneManagerStateMachine.java:558) ~[ozone-manager-2.1.0-SNAPSHOT.jar:?]
	at org.apache.hadoop.ozone.om.ratis.OzoneManagerStateMachine.lambda$2(OzoneManagerStateMachine.java:374) ~[ozone-manager-2.1.0-SNAPSHOT.jar:?]
	at java.base/java.util.concurrent.CompletableFuture$AsyncSupply.run(CompletableFuture.java:1768) ~[?:?]
	at java.base/java.util.concurrent.ThreadPoolExecutor.runWorker(ThreadPoolExecutor.java:1144) ~[?:?]
	at java.base/java.util.concurrent.ThreadPoolExecutor$Worker.run(ThreadPoolExecutor.java:642) ~[?:?]
	at java.base/java.lang.Thread.run(Thread.java:1583) [?:?]
]]></system-out>
  </testcase>
  <testcase name="testSnapDiffMultipleBuckets" classname="org.apache.hadoop.ozone.om.snapshot.TestOmSnapshotObjectStore" time="3.13">
    <system-out><![CDATA[2025-03-20 02:10:31,664 [main] INFO  rpc.RpcClient (RpcClient.java:createVolume(462)) - Creating Volume: vol-240, with runner as owner and space quota set to -1 bytes, counts quota set to -1
2025-03-20 02:10:31,668 [om1-OMStateMachineApplyTransactionThread - 0] INFO  volume.OMVolumeCreateRequest (OMVolumeCreateRequest.java:validateAndUpdateCache(204)) - created volume:vol-240 for user:runner
2025-03-20 02:10:31,670 [main] INFO  rpc.RpcClient (RpcClient.java:createBucket(687)) - Creating Bucket: vol-240/buck-241243, with server-side default bucket layout, runner as owner, Versioning false, Storage Type set to DISK and Encryption set to false, Replication Type set to server-side default replication type, Namespace Quota set to -1, Space Quota set to -1 
2025-03-20 02:10:31,672 [om1-OMStateMachineApplyTransactionThread - 0] INFO  bucket.OMBucketCreateRequest (OMBucketCreateRequest.java:validateAndUpdateCache(291)) - created bucket: buck-241243 of layout OBJECT_STORE in volume: vol-240
2025-03-20 02:10:31,674 [main] INFO  rpc.RpcClient (RpcClient.java:createBucket(687)) - Creating Bucket: vol-240/buck-241, with server-side default bucket layout, runner as owner, Versioning false, Storage Type set to DISK and Encryption set to false, Replication Type set to server-side default replication type, Namespace Quota set to -1, Space Quota set to -1 
2025-03-20 02:10:31,676 [om1-OMStateMachineApplyTransactionThread - 0] INFO  bucket.OMBucketCreateRequest (OMBucketCreateRequest.java:validateAndUpdateCache(291)) - created bucket: buck-241 of layout OBJECT_STORE in volume: vol-240
2025-03-20 02:10:31,679 [main] INFO  rpc.RpcClient (RpcClient.java:createBucket(687)) - Creating Bucket: vol-240/buck-242244, with server-side default bucket layout, runner as owner, Versioning false, Storage Type set to DISK and Encryption set to false, Replication Type set to server-side default replication type, Namespace Quota set to -1, Space Quota set to -1 
2025-03-20 02:10:31,683 [om1-OMStateMachineApplyTransactionThread - 0] INFO  bucket.OMBucketCreateRequest (OMBucketCreateRequest.java:validateAndUpdateCache(291)) - created bucket: buck-242244 of layout OBJECT_STORE in volume: vol-240
2025-03-20 02:10:31,685 [main] INFO  rpc.RpcClient (RpcClient.java:createBucket(687)) - Creating Bucket: vol-240/buck-242, with server-side default bucket layout, runner as owner, Versioning false, Storage Type set to DISK and Encryption set to false, Replication Type set to server-side default replication type, Namespace Quota set to -1, Space Quota set to -1 
2025-03-20 02:10:31,687 [om1-OMStateMachineApplyTransactionThread - 0] INFO  bucket.OMBucketCreateRequest (OMBucketCreateRequest.java:validateAndUpdateCache(291)) - created bucket: buck-242 of layout OBJECT_STORE in volume: vol-240
2025-03-20 02:10:31,729 [om1-OMStateMachineApplyTransactionThread - 0] WARN  snapshot.OMSnapshotCreateRequest (OMSnapshotCreateRequest.java:estimateBucketDataSize(342)) - DefaultReplicationConfig is not correctly set in OmBucketInfo for volume 'vol-240' bucket 'buck-241243'. Falling back to config default 'RATIS/THREE'
2025-03-20 02:10:31,729 [om1-OMStateMachineApplyTransactionThread - 0] INFO  snapshot.OMSnapshotCreateRequest (OMSnapshotCreateRequest.java:validateAndUpdateCache(223)) - Created snapshot: 'snap246' with snapshotId: '137bad14-d04a-42f0-83d1-b22f4606f39d' under path 'vol-240/buck-241243'
2025-03-20 02:10:31,730 [main] WARN  server.ServerUtils (ServerUtils.java:getDBPath(297)) - ozone.om.db.dirs is not configured. We recommend adding this setting. Falling back to ozone.metadata.dirs instead.
2025-03-20 02:10:31,765 [om1-OMDoubleBufferFlushThread] INFO  db.RDBCheckpointManager (RDBCheckpointManager.java:createCheckpoint(87)) - Created checkpoint in rocksDB at /home/runner/work/ozone/ozone/hadoop-ozone/integration-test/target/test-dir/MiniOzoneClusterImpl-897eaf7f-b25b-4380-b284-a53405b32f13/ozone-meta/db.snapshots/checkpointState/om.db-137bad14-d04a-42f0-83d1-b22f4606f39d in 32 milliseconds
2025-03-20 02:10:31,767 [om1-OMDoubleBufferFlushThread] INFO  om.OmSnapshotManager (OmSnapshotManager.java:createOmSnapshotCheckpoint(482)) - Created checkpoint : /home/runner/work/ozone/ozone/hadoop-ozone/integration-test/target/test-dir/MiniOzoneClusterImpl-897eaf7f-b25b-4380-b284-a53405b32f13/ozone-meta/db.snapshots/checkpointState/om.db-137bad14-d04a-42f0-83d1-b22f4606f39d for snapshot snap246
2025-03-20 02:10:32,782 [om1-OMStateMachineApplyTransactionThread - 0] WARN  snapshot.OMSnapshotCreateRequest (OMSnapshotCreateRequest.java:estimateBucketDataSize(342)) - DefaultReplicationConfig is not correctly set in OmBucketInfo for volume 'vol-240' bucket 'buck-241243'. Falling back to config default 'RATIS/THREE'
2025-03-20 02:10:32,782 [om1-OMStateMachineApplyTransactionThread - 0] INFO  snapshot.OMSnapshotCreateRequest (OMSnapshotCreateRequest.java:validateAndUpdateCache(223)) - Created snapshot: 'snap249' with snapshotId: '33e44038-7c6c-447b-b3b4-460b03cafe48' under path 'vol-240/buck-241243'
2025-03-20 02:10:32,784 [main] WARN  server.ServerUtils (ServerUtils.java:getDBPath(297)) - ozone.om.db.dirs is not configured. We recommend adding this setting. Falling back to ozone.metadata.dirs instead.
2025-03-20 02:10:32,811 [om1-OMDoubleBufferFlushThread] INFO  db.RDBCheckpointManager (RDBCheckpointManager.java:createCheckpoint(87)) - Created checkpoint in rocksDB at /home/runner/work/ozone/ozone/hadoop-ozone/integration-test/target/test-dir/MiniOzoneClusterImpl-897eaf7f-b25b-4380-b284-a53405b32f13/ozone-meta/db.snapshots/checkpointState/om.db-33e44038-7c6c-447b-b3b4-460b03cafe48 in 21 milliseconds
2025-03-20 02:10:32,811 [om1-OMDoubleBufferFlushThread] INFO  om.OmSnapshotManager (OmSnapshotManager.java:createOmSnapshotCheckpoint(482)) - Created checkpoint : /home/runner/work/ozone/ozone/hadoop-ozone/integration-test/target/test-dir/MiniOzoneClusterImpl-897eaf7f-b25b-4380-b284-a53405b32f13/ozone-meta/db.snapshots/checkpointState/om.db-33e44038-7c6c-447b-b3b4-460b03cafe48 for snapshot snap249
2025-03-20 02:10:33,788 [IPC Server handler 12 on default port 15006] INFO  snapshot.SnapshotDiffManager (SnapshotDiffManager.java:submitSnapDiffJob(689)) - Submitting snap diff report generation request for volume: vol-240, bucket: buck-241243, fromSnapshot: snap246 and toSnapshot: snap249
2025-03-20 02:10:33,789 [om1-snapshot-diff-job-thread-id-1] INFO  snapshot.SnapshotDiffManager (SnapshotDiffManager.java:generateSnapshotDiffReport(792)) - Started snap diff report generation for volume: 'vol-240', bucket: 'buck-241243', fromSnapshot: 'snap246', toSnapshot: 'snap249'
2025-03-20 02:10:33,790 [om1-snapshot-diff-job-thread-id-1] INFO  snapshot.SnapshotCache (SnapshotCache.java:lambda$2(155)) - Loading SnapshotId: '137bad14-d04a-42f0-83d1-b22f4606f39d'
2025-03-20 02:10:33,790 [om1-snapshot-diff-job-thread-id-1] WARN  server.ServerUtils (ServerUtils.java:getDBPath(297)) - ozone.om.db.dirs is not configured. We recommend adding this setting. Falling back to ozone.metadata.dirs instead.
2025-03-20 02:10:33,814 [om1-snapshot-diff-job-thread-id-1] INFO  snapshot.SnapshotCache (SnapshotCache.java:lambda$2(155)) - Loading SnapshotId: '33e44038-7c6c-447b-b3b4-460b03cafe48'
2025-03-20 02:10:33,814 [om1-snapshot-diff-job-thread-id-1] WARN  server.ServerUtils (ServerUtils.java:getDBPath(297)) - ozone.om.db.dirs is not configured. We recommend adding this setting. Falling back to ozone.metadata.dirs instead.
2025-03-20 02:10:33,856 [om1-snapshot-diff-job-thread-id-1] INFO  snapshot.SnapshotDiffManager (SnapshotDiffManager.java:generateDiffReport(1232)) - Starting diff report generation for jobId: ce561f5c-ad99-4426-ad2a-0558c17abcb6.
]]></system-out>
  </testcase>
  <testcase name="testSnapDiffCancelFailureResponses" classname="org.apache.hadoop.ozone.om.snapshot.TestOmSnapshotObjectStore" time="2.077">
    <system-out><![CDATA[2025-03-20 02:10:34,829 [om1-OMStateMachineApplyTransactionThread - 0] WARN  snapshot.OMSnapshotCreateRequest (OMSnapshotCreateRequest.java:estimateBucketDataSize(342)) - DefaultReplicationConfig is not correctly set in OmBucketInfo for volume 'volume39175' bucket 'bucket17528'. Falling back to config default 'RATIS/THREE'
2025-03-20 02:10:34,830 [om1-OMStateMachineApplyTransactionThread - 0] INFO  snapshot.OMSnapshotCreateRequest (OMSnapshotCreateRequest.java:validateAndUpdateCache(223)) - Created snapshot: 'snap-1-251' with snapshotId: '80215779-d6ac-4296-a4ec-d0f9812b546f' under path 'volume39175/bucket17528'
2025-03-20 02:10:34,830 [main] WARN  server.ServerUtils (ServerUtils.java:getDBPath(297)) - ozone.om.db.dirs is not configured. We recommend adding this setting. Falling back to ozone.metadata.dirs instead.
2025-03-20 02:10:34,854 [om1-OMDoubleBufferFlushThread] INFO  db.RDBCheckpointManager (RDBCheckpointManager.java:createCheckpoint(87)) - Created checkpoint in rocksDB at /home/runner/work/ozone/ozone/hadoop-ozone/integration-test/target/test-dir/MiniOzoneClusterImpl-897eaf7f-b25b-4380-b284-a53405b32f13/ozone-meta/db.snapshots/checkpointState/om.db-80215779-d6ac-4296-a4ec-d0f9812b546f in 21 milliseconds
2025-03-20 02:10:34,854 [om1-OMDoubleBufferFlushThread] WARN  om.OmSnapshotManager (OmSnapshotManager.java:performOperationOnKeys(548)) - Took 228489 ns to find endKey. Caller is deleteKeysFromDelKeyTableInSnapshotScope
2025-03-20 02:10:34,854 [om1-OMDoubleBufferFlushThread] INFO  om.OmSnapshotManager (OmSnapshotManager.java:createOmSnapshotCheckpoint(482)) - Created checkpoint : /home/runner/work/ozone/ozone/hadoop-ozone/integration-test/target/test-dir/MiniOzoneClusterImpl-897eaf7f-b25b-4380-b284-a53405b32f13/ozone-meta/db.snapshots/checkpointState/om.db-80215779-d6ac-4296-a4ec-d0f9812b546f for snapshot snap-1-251
2025-03-20 02:10:35,858 [om1-OMStateMachineApplyTransactionThread - 0] WARN  snapshot.OMSnapshotCreateRequest (OMSnapshotCreateRequest.java:estimateBucketDataSize(342)) - DefaultReplicationConfig is not correctly set in OmBucketInfo for volume 'volume39175' bucket 'bucket17528'. Falling back to config default 'RATIS/THREE'
2025-03-20 02:10:35,858 [om1-OMStateMachineApplyTransactionThread - 0] INFO  snapshot.OMSnapshotCreateRequest (OMSnapshotCreateRequest.java:validateAndUpdateCache(223)) - Created snapshot: 'snap-2-253' with snapshotId: 'fc8bac15-929b-40d7-b6fd-d7e2dd83daaa' under path 'volume39175/bucket17528'
2025-03-20 02:10:35,859 [main] WARN  server.ServerUtils (ServerUtils.java:getDBPath(297)) - ozone.om.db.dirs is not configured. We recommend adding this setting. Falling back to ozone.metadata.dirs instead.
2025-03-20 02:10:35,881 [om1-OMDoubleBufferFlushThread] INFO  db.RDBCheckpointManager (RDBCheckpointManager.java:createCheckpoint(87)) - Created checkpoint in rocksDB at /home/runner/work/ozone/ozone/hadoop-ozone/integration-test/target/test-dir/MiniOzoneClusterImpl-897eaf7f-b25b-4380-b284-a53405b32f13/ozone-meta/db.snapshots/checkpointState/om.db-fc8bac15-929b-40d7-b6fd-d7e2dd83daaa in 21 milliseconds
2025-03-20 02:10:35,882 [om1-OMDoubleBufferFlushThread] INFO  om.OmSnapshotManager (OmSnapshotManager.java:createOmSnapshotCheckpoint(482)) - Created checkpoint : /home/runner/work/ozone/ozone/hadoop-ozone/integration-test/target/test-dir/MiniOzoneClusterImpl-897eaf7f-b25b-4380-b284-a53405b32f13/ozone-meta/db.snapshots/checkpointState/om.db-fc8bac15-929b-40d7-b6fd-d7e2dd83daaa for snapshot snap-2-253
2025-03-20 02:10:36,866 [IPC Server handler 3 on default port 15006] INFO  snapshot.SnapshotDiffManager (SnapshotDiffManager.java:submitSnapDiffJob(689)) - Submitting snap diff report generation request for volume: volume39175, bucket: bucket17528, fromSnapshot: snap-1-251 and toSnapshot: snap-2-253
2025-03-20 02:10:36,866 [om1-snapshot-diff-job-thread-id-2] INFO  snapshot.SnapshotDiffManager (SnapshotDiffManager.java:generateSnapshotDiffReport(792)) - Started snap diff report generation for volume: 'volume39175', bucket: 'bucket17528', fromSnapshot: 'snap-1-251', toSnapshot: 'snap-2-253'
2025-03-20 02:10:36,867 [om1-snapshot-diff-job-thread-id-2] INFO  snapshot.SnapshotCache (SnapshotCache.java:lambda$2(155)) - Loading SnapshotId: '80215779-d6ac-4296-a4ec-d0f9812b546f'
2025-03-20 02:10:36,867 [om1-snapshot-diff-job-thread-id-2] WARN  server.ServerUtils (ServerUtils.java:getDBPath(297)) - ozone.om.db.dirs is not configured. We recommend adding this setting. Falling back to ozone.metadata.dirs instead.
]]></system-out>
  </testcase>
  <testcase name="testDeleteSnapshotTwice" classname="org.apache.hadoop.ozone.om.snapshot.TestOmSnapshotObjectStore" time="1.052">
    <system-out><![CDATA[2025-03-20 02:10:36,874 [main] INFO  rpc.RpcClient (RpcClient.java:createVolume(462)) - Creating Volume: vol-254, with runner as owner and space quota set to -1 bytes, counts quota set to -1
2025-03-20 02:10:36,876 [om1-OMStateMachineApplyTransactionThread - 0] INFO  volume.OMVolumeCreateRequest (OMVolumeCreateRequest.java:validateAndUpdateCache(204)) - created volume:vol-254 for user:runner
2025-03-20 02:10:36,877 [main] INFO  rpc.RpcClient (RpcClient.java:createBucket(687)) - Creating Bucket: vol-254/buck-255256, with server-side default bucket layout, runner as owner, Versioning false, Storage Type set to DISK and Encryption set to false, Replication Type set to server-side default replication type, Namespace Quota set to -1, Space Quota set to -1 
2025-03-20 02:10:36,880 [om1-OMStateMachineApplyTransactionThread - 0] INFO  bucket.OMBucketCreateRequest (OMBucketCreateRequest.java:validateAndUpdateCache(291)) - created bucket: buck-255256 of layout OBJECT_STORE in volume: vol-254
2025-03-20 02:10:36,881 [main] INFO  rpc.RpcClient (RpcClient.java:createBucket(687)) - Creating Bucket: vol-254/buck-255, with server-side default bucket layout, runner as owner, Versioning false, Storage Type set to DISK and Encryption set to false, Replication Type set to server-side default replication type, Namespace Quota set to -1, Space Quota set to -1 
2025-03-20 02:10:36,883 [om1-OMStateMachineApplyTransactionThread - 0] INFO  bucket.OMBucketCreateRequest (OMBucketCreateRequest.java:validateAndUpdateCache(291)) - created bucket: buck-255 of layout OBJECT_STORE in volume: vol-254
2025-03-20 02:10:36,905 [om1-snapshot-diff-job-thread-id-2] INFO  snapshot.SnapshotCache (SnapshotCache.java:lambda$2(155)) - Loading SnapshotId: 'fc8bac15-929b-40d7-b6fd-d7e2dd83daaa'
2025-03-20 02:10:36,906 [om1-snapshot-diff-job-thread-id-2] WARN  server.ServerUtils (ServerUtils.java:getDBPath(297)) - ozone.om.db.dirs is not configured. We recommend adding this setting. Falling back to ozone.metadata.dirs instead.
2025-03-20 02:10:36,917 [om1-OMStateMachineApplyTransactionThread - 0] WARN  snapshot.OMSnapshotCreateRequest (OMSnapshotCreateRequest.java:estimateBucketDataSize(342)) - DefaultReplicationConfig is not correctly set in OmBucketInfo for volume 'vol-254' bucket 'buck-255256'. Falling back to config default 'RATIS/THREE'
2025-03-20 02:10:36,918 [om1-OMStateMachineApplyTransactionThread - 0] INFO  snapshot.OMSnapshotCreateRequest (OMSnapshotCreateRequest.java:validateAndUpdateCache(223)) - Created snapshot: 'snap258' with snapshotId: 'd0a9cb8e-cd1b-4a46-a16d-b6ce5e46a744' under path 'vol-254/buck-255256'
2025-03-20 02:10:36,919 [main] WARN  server.ServerUtils (ServerUtils.java:getDBPath(297)) - ozone.om.db.dirs is not configured. We recommend adding this setting. Falling back to ozone.metadata.dirs instead.
2025-03-20 02:10:36,964 [om1-OMDoubleBufferFlushThread] INFO  db.RDBCheckpointManager (RDBCheckpointManager.java:createCheckpoint(87)) - Created checkpoint in rocksDB at /home/runner/work/ozone/ozone/hadoop-ozone/integration-test/target/test-dir/MiniOzoneClusterImpl-897eaf7f-b25b-4380-b284-a53405b32f13/ozone-meta/db.snapshots/checkpointState/om.db-d0a9cb8e-cd1b-4a46-a16d-b6ce5e46a744 in 42 milliseconds
2025-03-20 02:10:36,964 [om1-OMDoubleBufferFlushThread] INFO  om.OmSnapshotManager (OmSnapshotManager.java:createOmSnapshotCheckpoint(482)) - Created checkpoint : /home/runner/work/ozone/ozone/hadoop-ozone/integration-test/target/test-dir/MiniOzoneClusterImpl-897eaf7f-b25b-4380-b284-a53405b32f13/ozone-meta/db.snapshots/checkpointState/om.db-d0a9cb8e-cd1b-4a46-a16d-b6ce5e46a744 for snapshot snap258
2025-03-20 02:10:37,921 [om1-OMStateMachineApplyTransactionThread - 0] INFO  snapshot.OMSnapshotDeleteRequest (OMSnapshotDeleteRequest.java:validateAndUpdateCache(229)) - Deleted snapshot 'snap258' under path 'vol-254/buck-255256'
2025-03-20 02:10:37,924 [om1-OMStateMachineApplyTransactionThread - 0] ERROR snapshot.OMSnapshotDeleteRequest (OMSnapshotDeleteRequest.java:validateAndUpdateCache(233)) - Failed to delete snapshot 'snap258' under path 'vol-254/buck-255256'
02:10:37.924 [om1-OMStateMachineApplyTransactionThread - 0] ERROR OMAudit - user=runner | ip=127.0.0.1 | op=DELETE_SNAPSHOT {volume=vol-254, bucket=buck-255256, snapshotName=snap258, Transaction=1015} | ret=FAILURE
org.apache.hadoop.ozone.om.exceptions.OMException: Snapshot is already deleted. Pending reclamation.
	at org.apache.hadoop.ozone.om.request.snapshot.OMSnapshotDeleteRequest.validateAndUpdateCache(OMSnapshotDeleteRequest.java:168) ~[ozone-manager-2.1.0-SNAPSHOT.jar:?]
	at org.apache.hadoop.ozone.protocolPB.OzoneManagerRequestHandler.lambda$0(OzoneManagerRequestHandler.java:419) ~[ozone-manager-2.1.0-SNAPSHOT.jar:?]
	at org.apache.hadoop.ozone.util.MetricUtil.captureLatencyNs(MetricUtil.java:45) ~[hdds-common-2.1.0-SNAPSHOT.jar:?]
	at org.apache.hadoop.ozone.protocolPB.OzoneManagerRequestHandler.handleWriteRequestImpl(OzoneManagerRequestHandler.java:417) ~[ozone-manager-2.1.0-SNAPSHOT.jar:?]
	at org.apache.hadoop.ozone.protocolPB.RequestHandler.handleWriteRequest(RequestHandler.java:62) ~[ozone-manager-2.1.0-SNAPSHOT.jar:?]
	at org.apache.hadoop.ozone.om.ratis.OzoneManagerStateMachine.runCommand(OzoneManagerStateMachine.java:558) ~[ozone-manager-2.1.0-SNAPSHOT.jar:?]
	at org.apache.hadoop.ozone.om.ratis.OzoneManagerStateMachine.lambda$2(OzoneManagerStateMachine.java:374) ~[ozone-manager-2.1.0-SNAPSHOT.jar:?]
	at java.base/java.util.concurrent.CompletableFuture$AsyncSupply.run(CompletableFuture.java:1768) ~[?:?]
	at java.base/java.util.concurrent.ThreadPoolExecutor.runWorker(ThreadPoolExecutor.java:1144) ~[?:?]
	at java.base/java.util.concurrent.ThreadPoolExecutor$Worker.run(ThreadPoolExecutor.java:642) ~[?:?]
	at java.base/java.lang.Thread.run(Thread.java:1583) [?:?]
]]></system-out>
  </testcase>
  <testcase name="testCompactionDagDisableForSnapshotMetadata" classname="org.apache.hadoop.ozone.om.snapshot.TestOmSnapshotObjectStore" time="1.045">
    <system-out><![CDATA[2025-03-20 02:10:37,943 [om1-OMStateMachineApplyTransactionThread - 0] WARN  snapshot.OMSnapshotCreateRequest (OMSnapshotCreateRequest.java:estimateBucketDataSize(342)) - DefaultReplicationConfig is not correctly set in OmBucketInfo for volume 'volume39175' bucket 'bucket17528'. Falling back to config default 'RATIS/THREE'
2025-03-20 02:10:37,943 [om1-OMStateMachineApplyTransactionThread - 0] INFO  snapshot.OMSnapshotCreateRequest (OMSnapshotCreateRequest.java:validateAndUpdateCache(223)) - Created snapshot: 'f2d616b3-a58b-49f9-b66e-28cd0d110e38' with snapshotId: 'efd8a5bb-d1c5-430e-ad2a-98170c388d0d' under path 'volume39175/bucket17528'
2025-03-20 02:10:37,944 [main] WARN  server.ServerUtils (ServerUtils.java:getDBPath(297)) - ozone.om.db.dirs is not configured. We recommend adding this setting. Falling back to ozone.metadata.dirs instead.
2025-03-20 02:10:37,969 [om1-OMDoubleBufferFlushThread] INFO  db.RDBCheckpointManager (RDBCheckpointManager.java:createCheckpoint(87)) - Created checkpoint in rocksDB at /home/runner/work/ozone/ozone/hadoop-ozone/integration-test/target/test-dir/MiniOzoneClusterImpl-897eaf7f-b25b-4380-b284-a53405b32f13/ozone-meta/db.snapshots/checkpointState/om.db-efd8a5bb-d1c5-430e-ad2a-98170c388d0d in 24 milliseconds
2025-03-20 02:10:37,970 [om1-OMDoubleBufferFlushThread] INFO  om.OmSnapshotManager (OmSnapshotManager.java:createOmSnapshotCheckpoint(482)) - Created checkpoint : /home/runner/work/ozone/ozone/hadoop-ozone/integration-test/target/test-dir/MiniOzoneClusterImpl-897eaf7f-b25b-4380-b284-a53405b32f13/ozone-meta/db.snapshots/checkpointState/om.db-efd8a5bb-d1c5-430e-ad2a-98170c388d0d for snapshot f2d616b3-a58b-49f9-b66e-28cd0d110e38
2025-03-20 02:10:38,945 [main] INFO  snapshot.SnapshotCache (SnapshotCache.java:lambda$2(155)) - Loading SnapshotId: 'efd8a5bb-d1c5-430e-ad2a-98170c388d0d'
2025-03-20 02:10:38,945 [main] WARN  server.ServerUtils (ServerUtils.java:getDBPath(297)) - ozone.om.db.dirs is not configured. We recommend adding this setting. Falling back to ozone.metadata.dirs instead.
]]></system-out>
  </testcase>
  <testcase name="testSnapDiffWith2RenamesAndDelete" classname="org.apache.hadoop.ozone.om.snapshot.TestOmSnapshotObjectStore" time="4.102">
    <system-out><![CDATA[2025-03-20 02:10:38,971 [main] INFO  rpc.RpcClient (RpcClient.java:createVolume(462)) - Creating Volume: vol259, with runner as owner and space quota set to -1 bytes, counts quota set to -1
2025-03-20 02:10:38,973 [om1-OMStateMachineApplyTransactionThread - 0] INFO  volume.OMVolumeCreateRequest (OMVolumeCreateRequest.java:validateAndUpdateCache(204)) - created volume:vol259 for user:runner
2025-03-20 02:10:38,975 [main] INFO  rpc.RpcClient (RpcClient.java:createBucket(687)) - Creating Bucket: vol259/bucket260261, with server-side default bucket layout, runner as owner, Versioning false, Storage Type set to DISK and Encryption set to false, Replication Type set to server-side default replication type, Namespace Quota set to -1, Space Quota set to -1 
2025-03-20 02:10:38,976 [om1-OMStateMachineApplyTransactionThread - 0] INFO  bucket.OMBucketCreateRequest (OMBucketCreateRequest.java:validateAndUpdateCache(291)) - created bucket: bucket260261 of layout OBJECT_STORE in volume: vol259
2025-03-20 02:10:38,978 [main] INFO  rpc.RpcClient (RpcClient.java:createBucket(687)) - Creating Bucket: vol259/bucket260, with server-side default bucket layout, runner as owner, Versioning false, Storage Type set to DISK and Encryption set to false, Replication Type set to server-side default replication type, Namespace Quota set to -1, Space Quota set to -1 
2025-03-20 02:10:38,980 [om1-OMStateMachineApplyTransactionThread - 0] INFO  bucket.OMBucketCreateRequest (OMBucketCreateRequest.java:validateAndUpdateCache(291)) - created bucket: bucket260 of layout OBJECT_STORE in volume: vol259
2025-03-20 02:10:39,016 [om1-OMStateMachineApplyTransactionThread - 0] WARN  snapshot.OMSnapshotCreateRequest (OMSnapshotCreateRequest.java:estimateBucketDataSize(342)) - DefaultReplicationConfig is not correctly set in OmBucketInfo for volume 'vol259' bucket 'bucket260261'. Falling back to config default 'RATIS/THREE'
2025-03-20 02:10:39,016 [om1-OMStateMachineApplyTransactionThread - 0] INFO  snapshot.OMSnapshotCreateRequest (OMSnapshotCreateRequest.java:validateAndUpdateCache(223)) - Created snapshot: 'snap1' with snapshotId: '274f67ba-d151-4ed8-bcd3-e63769730ae9' under path 'vol259/bucket260261'
2025-03-20 02:10:39,017 [main] WARN  server.ServerUtils (ServerUtils.java:getDBPath(297)) - ozone.om.db.dirs is not configured. We recommend adding this setting. Falling back to ozone.metadata.dirs instead.
2025-03-20 02:10:39,043 [om1-OMDoubleBufferFlushThread] INFO  db.RDBCheckpointManager (RDBCheckpointManager.java:createCheckpoint(87)) - Created checkpoint in rocksDB at /home/runner/work/ozone/ozone/hadoop-ozone/integration-test/target/test-dir/MiniOzoneClusterImpl-897eaf7f-b25b-4380-b284-a53405b32f13/ozone-meta/db.snapshots/checkpointState/om.db-274f67ba-d151-4ed8-bcd3-e63769730ae9 in 24 milliseconds
2025-03-20 02:10:39,043 [om1-OMDoubleBufferFlushThread] INFO  om.OmSnapshotManager (OmSnapshotManager.java:createOmSnapshotCheckpoint(482)) - Created checkpoint : /home/runner/work/ozone/ozone/hadoop-ozone/integration-test/target/test-dir/MiniOzoneClusterImpl-897eaf7f-b25b-4380-b284-a53405b32f13/ozone-meta/db.snapshots/checkpointState/om.db-274f67ba-d151-4ed8-bcd3-e63769730ae9 for snapshot snap1
2025-03-20 02:10:40,041 [om1-OMStateMachineApplyTransactionThread - 0] WARN  snapshot.OMSnapshotCreateRequest (OMSnapshotCreateRequest.java:estimateBucketDataSize(342)) - DefaultReplicationConfig is not correctly set in OmBucketInfo for volume 'vol259' bucket 'bucket260261'. Falling back to config default 'RATIS/THREE'
2025-03-20 02:10:40,041 [om1-OMStateMachineApplyTransactionThread - 0] INFO  snapshot.OMSnapshotCreateRequest (OMSnapshotCreateRequest.java:validateAndUpdateCache(223)) - Created snapshot: 'snap2' with snapshotId: '13499d6a-0a6f-46f9-ae2d-23fb3ce75f06' under path 'vol259/bucket260261'
2025-03-20 02:10:40,042 [main] WARN  server.ServerUtils (ServerUtils.java:getDBPath(297)) - ozone.om.db.dirs is not configured. We recommend adding this setting. Falling back to ozone.metadata.dirs instead.
2025-03-20 02:10:40,063 [om1-OMDoubleBufferFlushThread] INFO  db.RDBCheckpointManager (RDBCheckpointManager.java:createCheckpoint(87)) - Created checkpoint in rocksDB at /home/runner/work/ozone/ozone/hadoop-ozone/integration-test/target/test-dir/MiniOzoneClusterImpl-897eaf7f-b25b-4380-b284-a53405b32f13/ozone-meta/db.snapshots/checkpointState/om.db-13499d6a-0a6f-46f9-ae2d-23fb3ce75f06 in 20 milliseconds
2025-03-20 02:10:40,064 [om1-OMDoubleBufferFlushThread] WARN  om.OmSnapshotManager (OmSnapshotManager.java:performOperationOnKeys(548)) - Took 190287 ns to find endKey. Caller is deleteKeysFromDelKeyTableInSnapshotScope
2025-03-20 02:10:40,064 [om1-OMDoubleBufferFlushThread] INFO  om.OmSnapshotManager (OmSnapshotManager.java:createOmSnapshotCheckpoint(482)) - Created checkpoint : /home/runner/work/ozone/ozone/hadoop-ozone/integration-test/target/test-dir/MiniOzoneClusterImpl-897eaf7f-b25b-4380-b284-a53405b32f13/ozone-meta/db.snapshots/checkpointState/om.db-13499d6a-0a6f-46f9-ae2d-23fb3ce75f06 for snapshot snap2
2025-03-20 02:10:41,060 [om1-OMStateMachineApplyTransactionThread - 0] WARN  snapshot.OMSnapshotCreateRequest (OMSnapshotCreateRequest.java:estimateBucketDataSize(342)) - DefaultReplicationConfig is not correctly set in OmBucketInfo for volume 'vol259' bucket 'bucket260261'. Falling back to config default 'RATIS/THREE'
2025-03-20 02:10:41,060 [om1-OMStateMachineApplyTransactionThread - 0] INFO  snapshot.OMSnapshotCreateRequest (OMSnapshotCreateRequest.java:validateAndUpdateCache(223)) - Created snapshot: 'snap3' with snapshotId: '0b5f0cb8-2ef2-4ea0-abac-03bff8c1e80b' under path 'vol259/bucket260261'
2025-03-20 02:10:41,061 [main] WARN  server.ServerUtils (ServerUtils.java:getDBPath(297)) - ozone.om.db.dirs is not configured. We recommend adding this setting. Falling back to ozone.metadata.dirs instead.
2025-03-20 02:10:41,076 [om1-OMDoubleBufferFlushThread] INFO  db.RDBCheckpointManager (RDBCheckpointManager.java:createCheckpoint(87)) - Created checkpoint in rocksDB at /home/runner/work/ozone/ozone/hadoop-ozone/integration-test/target/test-dir/MiniOzoneClusterImpl-897eaf7f-b25b-4380-b284-a53405b32f13/ozone-meta/db.snapshots/checkpointState/om.db-0b5f0cb8-2ef2-4ea0-abac-03bff8c1e80b in 14 milliseconds
2025-03-20 02:10:41,077 [om1-OMDoubleBufferFlushThread] INFO  om.OmSnapshotManager (OmSnapshotManager.java:createOmSnapshotCheckpoint(482)) - Created checkpoint : /home/runner/work/ozone/ozone/hadoop-ozone/integration-test/target/test-dir/MiniOzoneClusterImpl-897eaf7f-b25b-4380-b284-a53405b32f13/ozone-meta/db.snapshots/checkpointState/om.db-0b5f0cb8-2ef2-4ea0-abac-03bff8c1e80b for snapshot snap3
2025-03-20 02:10:42,065 [IPC Server handler 13 on default port 15006] INFO  snapshot.SnapshotDiffManager (SnapshotDiffManager.java:submitSnapDiffJob(689)) - Submitting snap diff report generation request for volume: vol259, bucket: bucket260261, fromSnapshot: snap1 and toSnapshot: snap3
2025-03-20 02:10:42,066 [om1-snapshot-diff-job-thread-id-3] INFO  snapshot.SnapshotDiffManager (SnapshotDiffManager.java:generateSnapshotDiffReport(792)) - Started snap diff report generation for volume: 'vol259', bucket: 'bucket260261', fromSnapshot: 'snap1', toSnapshot: 'snap3'
2025-03-20 02:10:42,066 [om1-snapshot-diff-job-thread-id-3] INFO  snapshot.SnapshotCache (SnapshotCache.java:lambda$2(155)) - Loading SnapshotId: '274f67ba-d151-4ed8-bcd3-e63769730ae9'
2025-03-20 02:10:42,066 [om1-snapshot-diff-job-thread-id-3] WARN  server.ServerUtils (ServerUtils.java:getDBPath(297)) - ozone.om.db.dirs is not configured. We recommend adding this setting. Falling back to ozone.metadata.dirs instead.
2025-03-20 02:10:42,099 [om1-snapshot-diff-job-thread-id-3] INFO  snapshot.SnapshotCache (SnapshotCache.java:lambda$2(155)) - Loading SnapshotId: '0b5f0cb8-2ef2-4ea0-abac-03bff8c1e80b'
2025-03-20 02:10:42,100 [om1-snapshot-diff-job-thread-id-3] WARN  server.ServerUtils (ServerUtils.java:getDBPath(297)) - ozone.om.db.dirs is not configured. We recommend adding this setting. Falling back to ozone.metadata.dirs instead.
2025-03-20 02:10:42,143 [om1-snapshot-diff-job-thread-id-3] INFO  snapshot.SnapshotDiffManager (SnapshotDiffManager.java:generateDiffReport(1232)) - Starting diff report generation for jobId: cae0d0e2-2639-4def-ab30-e3d979307530.
]]></system-out>
  </testcase>
  <testcase name="testSnapDiffWithNoEffectiveRename" classname="org.apache.hadoop.ozone.om.snapshot.TestOmSnapshotObjectStore" time="3.076">
    <system-out><![CDATA[2025-03-20 02:10:43,073 [main] INFO  rpc.RpcClient (RpcClient.java:createVolume(462)) - Creating Volume: vol263, with runner as owner and space quota set to -1 bytes, counts quota set to -1
2025-03-20 02:10:43,075 [om1-OMStateMachineApplyTransactionThread - 0] INFO  volume.OMVolumeCreateRequest (OMVolumeCreateRequest.java:validateAndUpdateCache(204)) - created volume:vol263 for user:runner
2025-03-20 02:10:43,076 [main] INFO  rpc.RpcClient (RpcClient.java:createBucket(687)) - Creating Bucket: vol263/bucket19, with server-side default bucket layout, runner as owner, Versioning false, Storage Type set to DISK and Encryption set to false, Replication Type set to server-side default replication type, Namespace Quota set to -1, Space Quota set to -1 
2025-03-20 02:10:43,078 [om1-OMStateMachineApplyTransactionThread - 0] INFO  bucket.OMBucketCreateRequest (OMBucketCreateRequest.java:validateAndUpdateCache(291)) - created bucket: bucket19 of layout OBJECT_STORE in volume: vol263
2025-03-20 02:10:43,079 [main] INFO  rpc.RpcClient (RpcClient.java:createBucket(687)) - Creating Bucket: vol263/bucket1, with server-side default bucket layout, runner as owner, Versioning false, Storage Type set to DISK and Encryption set to false, Replication Type set to server-side default replication type, Namespace Quota set to -1, Space Quota set to -1 
2025-03-20 02:10:43,080 [om1-OMStateMachineApplyTransactionThread - 0] INFO  bucket.OMBucketCreateRequest (OMBucketCreateRequest.java:validateAndUpdateCache(291)) - created bucket: bucket1 of layout OBJECT_STORE in volume: vol263
2025-03-20 02:10:43,117 [om1-OMStateMachineApplyTransactionThread - 0] WARN  snapshot.OMSnapshotCreateRequest (OMSnapshotCreateRequest.java:estimateBucketDataSize(342)) - DefaultReplicationConfig is not correctly set in OmBucketInfo for volume 'vol263' bucket 'bucket19'. Falling back to config default 'RATIS/THREE'
2025-03-20 02:10:43,117 [om1-OMStateMachineApplyTransactionThread - 0] INFO  snapshot.OMSnapshotCreateRequest (OMSnapshotCreateRequest.java:validateAndUpdateCache(223)) - Created snapshot: 'snap1' with snapshotId: '930d36cb-8cad-48c2-8310-37c2a07ff298' under path 'vol263/bucket19'
2025-03-20 02:10:43,118 [main] WARN  server.ServerUtils (ServerUtils.java:getDBPath(297)) - ozone.om.db.dirs is not configured. We recommend adding this setting. Falling back to ozone.metadata.dirs instead.
2025-03-20 02:10:43,144 [om1-OMDoubleBufferFlushThread] INFO  db.RDBCheckpointManager (RDBCheckpointManager.java:createCheckpoint(87)) - Created checkpoint in rocksDB at /home/runner/work/ozone/ozone/hadoop-ozone/integration-test/target/test-dir/MiniOzoneClusterImpl-897eaf7f-b25b-4380-b284-a53405b32f13/ozone-meta/db.snapshots/checkpointState/om.db-930d36cb-8cad-48c2-8310-37c2a07ff298 in 23 milliseconds
2025-03-20 02:10:43,145 [om1-OMDoubleBufferFlushThread] INFO  om.OmSnapshotManager (OmSnapshotManager.java:createOmSnapshotCheckpoint(482)) - Created checkpoint : /home/runner/work/ozone/ozone/hadoop-ozone/integration-test/target/test-dir/MiniOzoneClusterImpl-897eaf7f-b25b-4380-b284-a53405b32f13/ozone-meta/db.snapshots/checkpointState/om.db-930d36cb-8cad-48c2-8310-37c2a07ff298 for snapshot snap1
2025-03-20 02:10:44,138 [om1-OMStateMachineApplyTransactionThread - 0] WARN  snapshot.OMSnapshotCreateRequest (OMSnapshotCreateRequest.java:estimateBucketDataSize(342)) - DefaultReplicationConfig is not correctly set in OmBucketInfo for volume 'vol263' bucket 'bucket19'. Falling back to config default 'RATIS/THREE'
2025-03-20 02:10:44,138 [om1-OMStateMachineApplyTransactionThread - 0] INFO  snapshot.OMSnapshotCreateRequest (OMSnapshotCreateRequest.java:validateAndUpdateCache(223)) - Created snapshot: 'snap2' with snapshotId: '616eb295-8212-415f-91eb-1fa43ef12ea9' under path 'vol263/bucket19'
2025-03-20 02:10:44,139 [main] WARN  server.ServerUtils (ServerUtils.java:getDBPath(297)) - ozone.om.db.dirs is not configured. We recommend adding this setting. Falling back to ozone.metadata.dirs instead.
2025-03-20 02:10:44,155 [om1-OMDoubleBufferFlushThread] INFO  db.RDBCheckpointManager (RDBCheckpointManager.java:createCheckpoint(87)) - Created checkpoint in rocksDB at /home/runner/work/ozone/ozone/hadoop-ozone/integration-test/target/test-dir/MiniOzoneClusterImpl-897eaf7f-b25b-4380-b284-a53405b32f13/ozone-meta/db.snapshots/checkpointState/om.db-616eb295-8212-415f-91eb-1fa43ef12ea9 in 15 milliseconds
2025-03-20 02:10:44,156 [om1-OMDoubleBufferFlushThread] INFO  om.OmSnapshotManager (OmSnapshotManager.java:createOmSnapshotCheckpoint(482)) - Created checkpoint : /home/runner/work/ozone/ozone/hadoop-ozone/integration-test/target/test-dir/MiniOzoneClusterImpl-897eaf7f-b25b-4380-b284-a53405b32f13/ozone-meta/db.snapshots/checkpointState/om.db-616eb295-8212-415f-91eb-1fa43ef12ea9 for snapshot snap2
2025-03-20 02:10:45,142 [IPC Server handler 16 on default port 15006] INFO  snapshot.SnapshotDiffManager (SnapshotDiffManager.java:submitSnapDiffJob(689)) - Submitting snap diff report generation request for volume: vol263, bucket: bucket19, fromSnapshot: snap1 and toSnapshot: snap2
2025-03-20 02:10:45,143 [om1-snapshot-diff-job-thread-id-4] INFO  snapshot.SnapshotDiffManager (SnapshotDiffManager.java:generateSnapshotDiffReport(792)) - Started snap diff report generation for volume: 'vol263', bucket: 'bucket19', fromSnapshot: 'snap1', toSnapshot: 'snap2'
2025-03-20 02:10:45,144 [om1-snapshot-diff-job-thread-id-4] INFO  snapshot.SnapshotCache (SnapshotCache.java:lambda$2(155)) - Loading SnapshotId: '930d36cb-8cad-48c2-8310-37c2a07ff298'
2025-03-20 02:10:45,144 [om1-snapshot-diff-job-thread-id-4] WARN  server.ServerUtils (ServerUtils.java:getDBPath(297)) - ozone.om.db.dirs is not configured. We recommend adding this setting. Falling back to ozone.metadata.dirs instead.
2025-03-20 02:10:45,169 [om1-snapshot-diff-job-thread-id-4] INFO  snapshot.SnapshotCache (SnapshotCache.java:lambda$2(155)) - Loading SnapshotId: '616eb295-8212-415f-91eb-1fa43ef12ea9'
2025-03-20 02:10:45,169 [om1-snapshot-diff-job-thread-id-4] WARN  server.ServerUtils (ServerUtils.java:getDBPath(297)) - ozone.om.db.dirs is not configured. We recommend adding this setting. Falling back to ozone.metadata.dirs instead.
2025-03-20 02:10:45,211 [om1-snapshot-diff-job-thread-id-4] INFO  snapshot.SnapshotDiffManager (SnapshotDiffManager.java:generateDiffReport(1232)) - Starting diff report generation for jobId: dc51fa72-9d82-4a9a-8943-9eae363573e3.
]]></system-out>
  </testcase>
  <testcase name="testSnapDiffNonExistentUrl" classname="org.apache.hadoop.ozone.om.snapshot.TestOmSnapshotObjectStore" time="2.077">
    <system-out><![CDATA[2025-03-20 02:10:46,151 [main] INFO  rpc.RpcClient (RpcClient.java:createVolume(462)) - Creating Volume: vol-265, with runner as owner and space quota set to -1 bytes, counts quota set to -1
2025-03-20 02:10:46,153 [om1-OMStateMachineApplyTransactionThread - 0] INFO  volume.OMVolumeCreateRequest (OMVolumeCreateRequest.java:validateAndUpdateCache(204)) - created volume:vol-265 for user:runner
2025-03-20 02:10:46,154 [main] INFO  rpc.RpcClient (RpcClient.java:createBucket(687)) - Creating Bucket: vol-265/buck-266269, with server-side default bucket layout, runner as owner, Versioning false, Storage Type set to DISK and Encryption set to false, Replication Type set to server-side default replication type, Namespace Quota set to -1, Space Quota set to -1 
2025-03-20 02:10:46,156 [om1-OMStateMachineApplyTransactionThread - 0] INFO  bucket.OMBucketCreateRequest (OMBucketCreateRequest.java:validateAndUpdateCache(291)) - created bucket: buck-266269 of layout OBJECT_STORE in volume: vol-265
2025-03-20 02:10:46,158 [main] INFO  rpc.RpcClient (RpcClient.java:createBucket(687)) - Creating Bucket: vol-265/buck-266, with server-side default bucket layout, runner as owner, Versioning false, Storage Type set to DISK and Encryption set to false, Replication Type set to server-side default replication type, Namespace Quota set to -1, Space Quota set to -1 
2025-03-20 02:10:46,159 [om1-OMStateMachineApplyTransactionThread - 0] INFO  bucket.OMBucketCreateRequest (OMBucketCreateRequest.java:validateAndUpdateCache(291)) - created bucket: buck-266 of layout OBJECT_STORE in volume: vol-265
2025-03-20 02:10:46,206 [om1-OMStateMachineApplyTransactionThread - 0] WARN  snapshot.OMSnapshotCreateRequest (OMSnapshotCreateRequest.java:estimateBucketDataSize(342)) - DefaultReplicationConfig is not correctly set in OmBucketInfo for volume 'vol-265' bucket 'buck-266269'. Falling back to config default 'RATIS/THREE'
2025-03-20 02:10:46,206 [om1-OMStateMachineApplyTransactionThread - 0] INFO  snapshot.OMSnapshotCreateRequest (OMSnapshotCreateRequest.java:validateAndUpdateCache(223)) - Created snapshot: 'snap271' with snapshotId: 'a3569979-741e-41b9-b0f0-d0b9710586e5' under path 'vol-265/buck-266269'
2025-03-20 02:10:46,207 [main] WARN  server.ServerUtils (ServerUtils.java:getDBPath(297)) - ozone.om.db.dirs is not configured. We recommend adding this setting. Falling back to ozone.metadata.dirs instead.
2025-03-20 02:10:46,235 [om1-OMDoubleBufferFlushThread] INFO  db.RDBCheckpointManager (RDBCheckpointManager.java:createCheckpoint(87)) - Created checkpoint in rocksDB at /home/runner/work/ozone/ozone/hadoop-ozone/integration-test/target/test-dir/MiniOzoneClusterImpl-897eaf7f-b25b-4380-b284-a53405b32f13/ozone-meta/db.snapshots/checkpointState/om.db-a3569979-741e-41b9-b0f0-d0b9710586e5 in 26 milliseconds
2025-03-20 02:10:46,235 [om1-OMDoubleBufferFlushThread] INFO  om.OmSnapshotManager (OmSnapshotManager.java:createOmSnapshotCheckpoint(482)) - Created checkpoint : /home/runner/work/ozone/ozone/hadoop-ozone/integration-test/target/test-dir/MiniOzoneClusterImpl-897eaf7f-b25b-4380-b284-a53405b32f13/ozone-meta/db.snapshots/checkpointState/om.db-a3569979-741e-41b9-b0f0-d0b9710586e5 for snapshot snap271
2025-03-20 02:10:47,222 [om1-OMStateMachineApplyTransactionThread - 0] WARN  snapshot.OMSnapshotCreateRequest (OMSnapshotCreateRequest.java:estimateBucketDataSize(342)) - DefaultReplicationConfig is not correctly set in OmBucketInfo for volume 'vol-265' bucket 'buck-266269'. Falling back to config default 'RATIS/THREE'
2025-03-20 02:10:47,223 [om1-OMStateMachineApplyTransactionThread - 0] INFO  snapshot.OMSnapshotCreateRequest (OMSnapshotCreateRequest.java:validateAndUpdateCache(223)) - Created snapshot: 'snap272' with snapshotId: 'dcdba779-b6cd-4f08-b043-09e7005db988' under path 'vol-265/buck-266269'
2025-03-20 02:10:47,223 [main] WARN  server.ServerUtils (ServerUtils.java:getDBPath(297)) - ozone.om.db.dirs is not configured. We recommend adding this setting. Falling back to ozone.metadata.dirs instead.
2025-03-20 02:10:47,236 [om1-OMDoubleBufferFlushThread] INFO  db.RDBCheckpointManager (RDBCheckpointManager.java:createCheckpoint(87)) - Created checkpoint in rocksDB at /home/runner/work/ozone/ozone/hadoop-ozone/integration-test/target/test-dir/MiniOzoneClusterImpl-897eaf7f-b25b-4380-b284-a53405b32f13/ozone-meta/db.snapshots/checkpointState/om.db-dcdba779-b6cd-4f08-b043-09e7005db988 in 11 milliseconds
2025-03-20 02:10:47,236 [om1-OMDoubleBufferFlushThread] INFO  om.OmSnapshotManager (OmSnapshotManager.java:createOmSnapshotCheckpoint(482)) - Created checkpoint : /home/runner/work/ozone/ozone/hadoop-ozone/integration-test/target/test-dir/MiniOzoneClusterImpl-897eaf7f-b25b-4380-b284-a53405b32f13/ozone-meta/db.snapshots/checkpointState/om.db-dcdba779-b6cd-4f08-b043-09e7005db988 for snapshot snap272
2025-03-20 02:10:48,225 [IPC Server handler 3 on default port 15006] WARN  om.OzoneManager (OzoneManager.java:resolveBucketLink(4423)) - Bucket buck-268 not found in volume vol-265
2025-03-20 02:10:48,226 [IPC Server handler 4 on default port 15006] WARN  om.OzoneManager (OzoneManager.java:resolveBucketLink(4423)) - Bucket buck-266 not found in volume vol-267
2025-03-20 02:10:48,227 [IPC Server handler 5 on default port 15006] WARN  om.OzoneManager (OzoneManager.java:resolveBucketLink(4423)) - Bucket buck-268 not found in volume vol-267
]]></system-out>
  </testcase>
  <testcase name="testSnapDiffHandlingReclaimWithPreviousUse" classname="org.apache.hadoop.ozone.om.snapshot.TestOmSnapshotObjectStore" time="5.092">
    <system-out><![CDATA[2025-03-20 02:10:48,229 [main] INFO  rpc.RpcClient (RpcClient.java:createVolume(462)) - Creating Volume: vol85755, with runner as owner and space quota set to -1 bytes, counts quota set to -1
2025-03-20 02:10:48,230 [om1-OMStateMachineApplyTransactionThread - 0] INFO  volume.OMVolumeCreateRequest (OMVolumeCreateRequest.java:validateAndUpdateCache(204)) - created volume:vol85755 for user:runner
2025-03-20 02:10:48,232 [main] INFO  rpc.RpcClient (RpcClient.java:createBucket(687)) - Creating Bucket: vol85755/bucket19, with server-side default bucket layout, runner as owner, Versioning false, Storage Type set to DISK and Encryption set to false, Replication Type set to server-side default replication type, Namespace Quota set to -1, Space Quota set to -1 
2025-03-20 02:10:48,233 [om1-OMStateMachineApplyTransactionThread - 0] INFO  bucket.OMBucketCreateRequest (OMBucketCreateRequest.java:validateAndUpdateCache(291)) - created bucket: bucket19 of layout OBJECT_STORE in volume: vol85755
2025-03-20 02:10:48,234 [main] INFO  rpc.RpcClient (RpcClient.java:createBucket(687)) - Creating Bucket: vol85755/bucket1, with server-side default bucket layout, runner as owner, Versioning false, Storage Type set to DISK and Encryption set to false, Replication Type set to server-side default replication type, Namespace Quota set to -1, Space Quota set to -1 
2025-03-20 02:10:48,236 [om1-OMStateMachineApplyTransactionThread - 0] INFO  bucket.OMBucketCreateRequest (OMBucketCreateRequest.java:validateAndUpdateCache(291)) - created bucket: bucket1 of layout OBJECT_STORE in volume: vol85755
2025-03-20 02:10:48,265 [om1-OMStateMachineApplyTransactionThread - 0] WARN  snapshot.OMSnapshotCreateRequest (OMSnapshotCreateRequest.java:estimateBucketDataSize(342)) - DefaultReplicationConfig is not correctly set in OmBucketInfo for volume 'vol85755' bucket 'bucket19'. Falling back to config default 'RATIS/THREE'
2025-03-20 02:10:48,266 [om1-OMStateMachineApplyTransactionThread - 0] INFO  snapshot.OMSnapshotCreateRequest (OMSnapshotCreateRequest.java:validateAndUpdateCache(223)) - Created snapshot: 'snap1' with snapshotId: '65a28dde-67eb-4d95-aa58-116996c5329b' under path 'vol85755/bucket19'
2025-03-20 02:10:48,266 [main] WARN  server.ServerUtils (ServerUtils.java:getDBPath(297)) - ozone.om.db.dirs is not configured. We recommend adding this setting. Falling back to ozone.metadata.dirs instead.
2025-03-20 02:10:48,293 [om1-OMDoubleBufferFlushThread] INFO  db.RDBCheckpointManager (RDBCheckpointManager.java:createCheckpoint(87)) - Created checkpoint in rocksDB at /home/runner/work/ozone/ozone/hadoop-ozone/integration-test/target/test-dir/MiniOzoneClusterImpl-897eaf7f-b25b-4380-b284-a53405b32f13/ozone-meta/db.snapshots/checkpointState/om.db-65a28dde-67eb-4d95-aa58-116996c5329b in 26 milliseconds
2025-03-20 02:10:48,294 [om1-OMDoubleBufferFlushThread] INFO  om.OmSnapshotManager (OmSnapshotManager.java:createOmSnapshotCheckpoint(482)) - Created checkpoint : /home/runner/work/ozone/ozone/hadoop-ozone/integration-test/target/test-dir/MiniOzoneClusterImpl-897eaf7f-b25b-4380-b284-a53405b32f13/ozone-meta/db.snapshots/checkpointState/om.db-65a28dde-67eb-4d95-aa58-116996c5329b for snapshot snap1
2025-03-20 02:10:49,285 [om1-OMStateMachineApplyTransactionThread - 0] WARN  snapshot.OMSnapshotCreateRequest (OMSnapshotCreateRequest.java:estimateBucketDataSize(342)) - DefaultReplicationConfig is not correctly set in OmBucketInfo for volume 'vol85755' bucket 'bucket19'. Falling back to config default 'RATIS/THREE'
2025-03-20 02:10:49,285 [om1-OMStateMachineApplyTransactionThread - 0] INFO  snapshot.OMSnapshotCreateRequest (OMSnapshotCreateRequest.java:validateAndUpdateCache(223)) - Created snapshot: 'snap2' with snapshotId: 'a4848fa4-51b5-4bb1-bcc0-a13d19f45172' under path 'vol85755/bucket19'
2025-03-20 02:10:49,286 [main] WARN  server.ServerUtils (ServerUtils.java:getDBPath(297)) - ozone.om.db.dirs is not configured. We recommend adding this setting. Falling back to ozone.metadata.dirs instead.
2025-03-20 02:10:49,307 [om1-OMDoubleBufferFlushThread] INFO  db.RDBCheckpointManager (RDBCheckpointManager.java:createCheckpoint(87)) - Created checkpoint in rocksDB at /home/runner/work/ozone/ozone/hadoop-ozone/integration-test/target/test-dir/MiniOzoneClusterImpl-897eaf7f-b25b-4380-b284-a53405b32f13/ozone-meta/db.snapshots/checkpointState/om.db-a4848fa4-51b5-4bb1-bcc0-a13d19f45172 in 20 milliseconds
2025-03-20 02:10:49,308 [om1-OMDoubleBufferFlushThread] WARN  om.OmSnapshotManager (OmSnapshotManager.java:performOperationOnKeys(548)) - Took 215064 ns to find endKey. Caller is deleteKeysFromDelKeyTableInSnapshotScope
2025-03-20 02:10:49,308 [om1-OMDoubleBufferFlushThread] INFO  om.OmSnapshotManager (OmSnapshotManager.java:createOmSnapshotCheckpoint(482)) - Created checkpoint : /home/runner/work/ozone/ozone/hadoop-ozone/integration-test/target/test-dir/MiniOzoneClusterImpl-897eaf7f-b25b-4380-b284-a53405b32f13/ozone-meta/db.snapshots/checkpointState/om.db-a4848fa4-51b5-4bb1-bcc0-a13d19f45172 for snapshot snap2
2025-03-20 02:10:50,302 [om1-OMStateMachineApplyTransactionThread - 0] WARN  snapshot.OMSnapshotCreateRequest (OMSnapshotCreateRequest.java:estimateBucketDataSize(342)) - DefaultReplicationConfig is not correctly set in OmBucketInfo for volume 'vol85755' bucket 'bucket19'. Falling back to config default 'RATIS/THREE'
2025-03-20 02:10:50,302 [om1-OMStateMachineApplyTransactionThread - 0] INFO  snapshot.OMSnapshotCreateRequest (OMSnapshotCreateRequest.java:validateAndUpdateCache(223)) - Created snapshot: 'snap3' with snapshotId: 'd216d364-8be1-4b1a-93a8-39722074abcd' under path 'vol85755/bucket19'
2025-03-20 02:10:50,303 [main] WARN  server.ServerUtils (ServerUtils.java:getDBPath(297)) - ozone.om.db.dirs is not configured. We recommend adding this setting. Falling back to ozone.metadata.dirs instead.
2025-03-20 02:10:50,318 [om1-OMDoubleBufferFlushThread] INFO  db.RDBCheckpointManager (RDBCheckpointManager.java:createCheckpoint(87)) - Created checkpoint in rocksDB at /home/runner/work/ozone/ozone/hadoop-ozone/integration-test/target/test-dir/MiniOzoneClusterImpl-897eaf7f-b25b-4380-b284-a53405b32f13/ozone-meta/db.snapshots/checkpointState/om.db-d216d364-8be1-4b1a-93a8-39722074abcd in 14 milliseconds
2025-03-20 02:10:50,319 [om1-OMDoubleBufferFlushThread] INFO  om.OmSnapshotManager (OmSnapshotManager.java:createOmSnapshotCheckpoint(482)) - Created checkpoint : /home/runner/work/ozone/ozone/hadoop-ozone/integration-test/target/test-dir/MiniOzoneClusterImpl-897eaf7f-b25b-4380-b284-a53405b32f13/ozone-meta/db.snapshots/checkpointState/om.db-d216d364-8be1-4b1a-93a8-39722074abcd for snapshot snap3
2025-03-20 02:10:51,306 [IPC Server handler 19 on default port 15006] INFO  snapshot.SnapshotDiffManager (SnapshotDiffManager.java:submitSnapDiffJob(689)) - Submitting snap diff report generation request for volume: vol85755, bucket: bucket19, fromSnapshot: snap1 and toSnapshot: snap3
2025-03-20 02:10:51,306 [om1-snapshot-diff-job-thread-id-5] INFO  snapshot.SnapshotDiffManager (SnapshotDiffManager.java:generateSnapshotDiffReport(792)) - Started snap diff report generation for volume: 'vol85755', bucket: 'bucket19', fromSnapshot: 'snap1', toSnapshot: 'snap3'
2025-03-20 02:10:51,307 [om1-snapshot-diff-job-thread-id-5] WARN  snapshot.SnapshotCache (SnapshotCache.java:get(147)) - Snapshot cache size (11) exceeds configured soft-limit (10).
2025-03-20 02:10:51,307 [om1-snapshot-diff-job-thread-id-5] INFO  snapshot.SnapshotCache (SnapshotCache.java:lambda$2(155)) - Loading SnapshotId: '65a28dde-67eb-4d95-aa58-116996c5329b'
2025-03-20 02:10:51,307 [om1-snapshot-diff-job-thread-id-5] WARN  server.ServerUtils (ServerUtils.java:getDBPath(297)) - ozone.om.db.dirs is not configured. We recommend adding this setting. Falling back to ozone.metadata.dirs instead.
2025-03-20 02:10:51,336 [om1-snapshot-diff-job-thread-id-5] WARN  snapshot.SnapshotCache (SnapshotCache.java:get(147)) - Snapshot cache size (12) exceeds configured soft-limit (10).
2025-03-20 02:10:51,336 [om1-snapshot-diff-job-thread-id-5] INFO  snapshot.SnapshotCache (SnapshotCache.java:lambda$2(155)) - Loading SnapshotId: 'd216d364-8be1-4b1a-93a8-39722074abcd'
2025-03-20 02:10:51,336 [om1-snapshot-diff-job-thread-id-5] WARN  server.ServerUtils (ServerUtils.java:getDBPath(297)) - ozone.om.db.dirs is not configured. We recommend adding this setting. Falling back to ozone.metadata.dirs instead.
2025-03-20 02:10:51,375 [om1-snapshot-diff-job-thread-id-5] INFO  snapshot.SnapshotDiffManager (SnapshotDiffManager.java:generateDiffReport(1232)) - Starting diff report generation for jobId: 02e31899-9c23-4b7b-956e-e80d554487b4.
2025-03-20 02:10:52,314 [IPC Server handler 1 on default port 15006] INFO  snapshot.SnapshotDiffManager (SnapshotDiffManager.java:submitSnapDiffJob(689)) - Submitting snap diff report generation request for volume: vol85755, bucket: bucket19, fromSnapshot: snap2 and toSnapshot: snap3
2025-03-20 02:10:52,320 [om1-snapshot-diff-job-thread-id-6] INFO  snapshot.SnapshotDiffManager (SnapshotDiffManager.java:generateSnapshotDiffReport(792)) - Started snap diff report generation for volume: 'vol85755', bucket: 'bucket19', fromSnapshot: 'snap2', toSnapshot: 'snap3'
2025-03-20 02:10:52,321 [om1-snapshot-diff-job-thread-id-6] WARN  snapshot.SnapshotCache (SnapshotCache.java:get(147)) - Snapshot cache size (13) exceeds configured soft-limit (10).
2025-03-20 02:10:52,321 [om1-snapshot-diff-job-thread-id-6] INFO  snapshot.SnapshotCache (SnapshotCache.java:lambda$2(155)) - Loading SnapshotId: 'a4848fa4-51b5-4bb1-bcc0-a13d19f45172'
2025-03-20 02:10:52,321 [om1-snapshot-diff-job-thread-id-6] WARN  server.ServerUtils (ServerUtils.java:getDBPath(297)) - ozone.om.db.dirs is not configured. We recommend adding this setting. Falling back to ozone.metadata.dirs instead.
2025-03-20 02:10:52,344 [om1-snapshot-diff-job-thread-id-6] WARN  snapshot.SnapshotCache (SnapshotCache.java:get(147)) - Snapshot cache size (14) exceeds configured soft-limit (10).
2025-03-20 02:10:52,360 [om1-snapshot-diff-job-thread-id-6] INFO  snapshot.SnapshotDiffManager (SnapshotDiffManager.java:generateDiffReport(1232)) - Starting diff report generation for jobId: f44dc6e9-628b-4e8f-b0e9-6fb4469db8ef.
]]></system-out>
  </testcase>
  <testcase name="testListSnapshotDiffWithInvalidParameters" classname="org.apache.hadoop.ozone.om.snapshot.TestOmSnapshotObjectStore" time="2.106">
    <system-out><![CDATA[2025-03-20 02:10:53,323 [IPC Server handler 3 on default port 15006] WARN  om.OzoneManager (OzoneManager.java:resolveBucketLink(4423)) - Bucket buck-52771 not found in volume vol-71324
2025-03-20 02:10:53,323 [main] INFO  rpc.RpcClient (RpcClient.java:createVolume(462)) - Creating Volume: vol-71324, with runner as owner and space quota set to -1 bytes, counts quota set to -1
2025-03-20 02:10:53,325 [om1-OMStateMachineApplyTransactionThread - 0] INFO  volume.OMVolumeCreateRequest (OMVolumeCreateRequest.java:validateAndUpdateCache(204)) - created volume:vol-71324 for user:runner
2025-03-20 02:10:53,327 [main] INFO  rpc.RpcClient (RpcClient.java:createBucket(687)) - Creating Bucket: vol-71324/buck-52771274, with server-side default bucket layout, runner as owner, Versioning false, Storage Type set to DISK and Encryption set to false, Replication Type set to server-side default replication type, Namespace Quota set to -1, Space Quota set to -1 
2025-03-20 02:10:53,328 [om1-OMStateMachineApplyTransactionThread - 0] INFO  bucket.OMBucketCreateRequest (OMBucketCreateRequest.java:validateAndUpdateCache(291)) - created bucket: buck-52771274 of layout OBJECT_STORE in volume: vol-71324
2025-03-20 02:10:53,329 [main] INFO  rpc.RpcClient (RpcClient.java:createBucket(687)) - Creating Bucket: vol-71324/buck-52771, with server-side default bucket layout, runner as owner, Versioning false, Storage Type set to DISK and Encryption set to false, Replication Type set to server-side default replication type, Namespace Quota set to -1, Space Quota set to -1 
2025-03-20 02:10:53,331 [om1-OMStateMachineApplyTransactionThread - 0] INFO  bucket.OMBucketCreateRequest (OMBucketCreateRequest.java:validateAndUpdateCache(291)) - created bucket: buck-52771 of layout OBJECT_STORE in volume: vol-71324
2025-03-20 02:10:53,386 [om1-OMStateMachineApplyTransactionThread - 0] WARN  snapshot.OMSnapshotCreateRequest (OMSnapshotCreateRequest.java:estimateBucketDataSize(342)) - DefaultReplicationConfig is not correctly set in OmBucketInfo for volume 'vol-71324' bucket 'buck-52771274'. Falling back to config default 'RATIS/THREE'
2025-03-20 02:10:53,386 [om1-OMStateMachineApplyTransactionThread - 0] INFO  snapshot.OMSnapshotCreateRequest (OMSnapshotCreateRequest.java:validateAndUpdateCache(223)) - Created snapshot: 'snap-1-81500' with snapshotId: 'b380a5f1-c511-4df9-b05e-b1a4e8618b45' under path 'vol-71324/buck-52771274'
2025-03-20 02:10:53,387 [main] WARN  server.ServerUtils (ServerUtils.java:getDBPath(297)) - ozone.om.db.dirs is not configured. We recommend adding this setting. Falling back to ozone.metadata.dirs instead.
2025-03-20 02:10:53,416 [om1-OMDoubleBufferFlushThread] INFO  db.RDBCheckpointManager (RDBCheckpointManager.java:createCheckpoint(87)) - Created checkpoint in rocksDB at /home/runner/work/ozone/ozone/hadoop-ozone/integration-test/target/test-dir/MiniOzoneClusterImpl-897eaf7f-b25b-4380-b284-a53405b32f13/ozone-meta/db.snapshots/checkpointState/om.db-b380a5f1-c511-4df9-b05e-b1a4e8618b45 in 27 milliseconds
2025-03-20 02:10:53,416 [om1-OMDoubleBufferFlushThread] INFO  om.OmSnapshotManager (OmSnapshotManager.java:createOmSnapshotCheckpoint(482)) - Created checkpoint : /home/runner/work/ozone/ozone/hadoop-ozone/integration-test/target/test-dir/MiniOzoneClusterImpl-897eaf7f-b25b-4380-b284-a53405b32f13/ozone-meta/db.snapshots/checkpointState/om.db-b380a5f1-c511-4df9-b05e-b1a4e8618b45 for snapshot snap-1-81500
2025-03-20 02:10:54,417 [om1-OMStateMachineApplyTransactionThread - 0] WARN  snapshot.OMSnapshotCreateRequest (OMSnapshotCreateRequest.java:estimateBucketDataSize(342)) - DefaultReplicationConfig is not correctly set in OmBucketInfo for volume 'vol-71324' bucket 'buck-52771274'. Falling back to config default 'RATIS/THREE'
2025-03-20 02:10:54,417 [om1-OMStateMachineApplyTransactionThread - 0] INFO  snapshot.OMSnapshotCreateRequest (OMSnapshotCreateRequest.java:validateAndUpdateCache(223)) - Created snapshot: 'snap-2-02879' with snapshotId: 'e7d39e87-3a72-45eb-9e21-47ecba877851' under path 'vol-71324/buck-52771274'
2025-03-20 02:10:54,418 [main] WARN  server.ServerUtils (ServerUtils.java:getDBPath(297)) - ozone.om.db.dirs is not configured. We recommend adding this setting. Falling back to ozone.metadata.dirs instead.
2025-03-20 02:10:54,441 [om1-OMDoubleBufferFlushThread] INFO  db.RDBCheckpointManager (RDBCheckpointManager.java:createCheckpoint(87)) - Created checkpoint in rocksDB at /home/runner/work/ozone/ozone/hadoop-ozone/integration-test/target/test-dir/MiniOzoneClusterImpl-897eaf7f-b25b-4380-b284-a53405b32f13/ozone-meta/db.snapshots/checkpointState/om.db-e7d39e87-3a72-45eb-9e21-47ecba877851 in 21 milliseconds
2025-03-20 02:10:54,441 [om1-OMDoubleBufferFlushThread] INFO  om.OmSnapshotManager (OmSnapshotManager.java:createOmSnapshotCheckpoint(482)) - Created checkpoint : /home/runner/work/ozone/ozone/hadoop-ozone/integration-test/target/test-dir/MiniOzoneClusterImpl-897eaf7f-b25b-4380-b284-a53405b32f13/ozone-meta/db.snapshots/checkpointState/om.db-e7d39e87-3a72-45eb-9e21-47ecba877851 for snapshot snap-2-02879
2025-03-20 02:10:55,421 [IPC Server handler 19 on default port 15006] INFO  snapshot.SnapshotDiffManager (SnapshotDiffManager.java:submitSnapDiffJob(689)) - Submitting snap diff report generation request for volume: vol-71324, bucket: buck-52771274, fromSnapshot: snap-1-81500 and toSnapshot: snap-2-02879
2025-03-20 02:10:55,421 [om1-snapshot-diff-job-thread-id-7] INFO  snapshot.SnapshotDiffManager (SnapshotDiffManager.java:generateSnapshotDiffReport(792)) - Started snap diff report generation for volume: 'vol-71324', bucket: 'buck-52771274', fromSnapshot: 'snap-1-81500', toSnapshot: 'snap-2-02879'
2025-03-20 02:10:55,422 [om1-snapshot-diff-job-thread-id-7] WARN  snapshot.SnapshotCache (SnapshotCache.java:get(147)) - Snapshot cache size (14) exceeds configured soft-limit (10).
2025-03-20 02:10:55,422 [om1-snapshot-diff-job-thread-id-7] INFO  snapshot.SnapshotCache (SnapshotCache.java:lambda$2(155)) - Loading SnapshotId: 'b380a5f1-c511-4df9-b05e-b1a4e8618b45'
2025-03-20 02:10:55,422 [om1-snapshot-diff-job-thread-id-7] WARN  server.ServerUtils (ServerUtils.java:getDBPath(297)) - ozone.om.db.dirs is not configured. We recommend adding this setting. Falling back to ozone.metadata.dirs instead.
2025-03-20 02:10:55,425 [IPC Server handler 0 on default port 15006] INFO  snapshot.SnapshotDiffManager (SnapshotDiffManager.java:getJobStatus(456)) - java.lang.IllegalArgumentException: No enum constant org.apache.hadoop.ozone.snapshot.SnapshotDiffResponse.JobStatus.INVALID
]]></system-out>
  </testcase>
  <testcase name="testSnapDiffWithDirRename" classname="org.apache.hadoop.ozone.om.snapshot.TestOmSnapshotObjectStore" time="0.0">
    <skipped type="org.opentest4j.TestAbortedException"><![CDATA[org.opentest4j.TestAbortedException: Assumption failed: assumption is not true
	at org.apache.hadoop.ozone.om.snapshot.TestOmSnapshot.testSnapDiffWithDirRename(TestOmSnapshot.java:1300)
	at java.base/java.lang.reflect.Method.invoke(Method.java:580)
	at java.base/java.util.ArrayList.forEach(ArrayList.java:1596)
	at java.base/java.util.ArrayList.forEach(ArrayList.java:1596)
]]></skipped>
  </testcase>
  <testcase name="testListKey" classname="org.apache.hadoop.ozone.om.snapshot.TestOmSnapshotObjectStore" time="6.664">
    <system-out><![CDATA[2025-03-20 02:10:55,429 [main] INFO  rpc.RpcClient (RpcClient.java:createVolume(462)) - Creating Volume: vol-a-275, with runner as owner and space quota set to -1 bytes, counts quota set to -1
2025-03-20 02:10:55,431 [om1-OMStateMachineApplyTransactionThread - 0] INFO  volume.OMVolumeCreateRequest (OMVolumeCreateRequest.java:validateAndUpdateCache(204)) - created volume:vol-a-275 for user:runner
2025-03-20 02:10:55,431 [main] INFO  rpc.RpcClient (RpcClient.java:createVolume(462)) - Creating Volume: vol-b-276, with runner as owner and space quota set to -1 bytes, counts quota set to -1
2025-03-20 02:10:55,433 [om1-OMStateMachineApplyTransactionThread - 0] INFO  volume.OMVolumeCreateRequest (OMVolumeCreateRequest.java:validateAndUpdateCache(204)) - created volume:vol-b-276 for user:runner
2025-03-20 02:10:55,435 [main] INFO  rpc.RpcClient (RpcClient.java:createBucket(687)) - Creating Bucket: vol-a-275/buc-a-277279, with server-side default bucket layout, runner as owner, Versioning false, Storage Type set to DISK and Encryption set to false, Replication Type set to server-side default replication type, Namespace Quota set to -1, Space Quota set to -1 
2025-03-20 02:10:55,438 [om1-OMStateMachineApplyTransactionThread - 0] INFO  bucket.OMBucketCreateRequest (OMBucketCreateRequest.java:validateAndUpdateCache(291)) - created bucket: buc-a-277279 of layout OBJECT_STORE in volume: vol-a-275
2025-03-20 02:10:55,440 [main] INFO  rpc.RpcClient (RpcClient.java:createBucket(687)) - Creating Bucket: vol-a-275/buc-a-277, with server-side default bucket layout, runner as owner, Versioning false, Storage Type set to DISK and Encryption set to false, Replication Type set to server-side default replication type, Namespace Quota set to -1, Space Quota set to -1 
2025-03-20 02:10:55,441 [om1-OMStateMachineApplyTransactionThread - 0] INFO  bucket.OMBucketCreateRequest (OMBucketCreateRequest.java:validateAndUpdateCache(291)) - created bucket: buc-a-277 of layout OBJECT_STORE in volume: vol-a-275
2025-03-20 02:10:55,443 [main] INFO  rpc.RpcClient (RpcClient.java:createBucket(687)) - Creating Bucket: vol-a-275/buc-b-278280, with server-side default bucket layout, runner as owner, Versioning false, Storage Type set to DISK and Encryption set to false, Replication Type set to server-side default replication type, Namespace Quota set to -1, Space Quota set to -1 
2025-03-20 02:10:55,445 [om1-OMStateMachineApplyTransactionThread - 0] INFO  bucket.OMBucketCreateRequest (OMBucketCreateRequest.java:validateAndUpdateCache(291)) - created bucket: buc-b-278280 of layout OBJECT_STORE in volume: vol-a-275
2025-03-20 02:10:55,446 [main] INFO  rpc.RpcClient (RpcClient.java:createBucket(687)) - Creating Bucket: vol-a-275/buc-b-278, with server-side default bucket layout, runner as owner, Versioning false, Storage Type set to DISK and Encryption set to false, Replication Type set to server-side default replication type, Namespace Quota set to -1, Space Quota set to -1 
2025-03-20 02:10:55,447 [om1-OMStateMachineApplyTransactionThread - 0] INFO  bucket.OMBucketCreateRequest (OMBucketCreateRequest.java:validateAndUpdateCache(291)) - created bucket: buc-b-278 of layout OBJECT_STORE in volume: vol-a-275
2025-03-20 02:10:55,448 [main] INFO  rpc.RpcClient (RpcClient.java:createBucket(687)) - Creating Bucket: vol-b-276/buc-a-277279, with server-side default bucket layout, runner as owner, Versioning false, Storage Type set to DISK and Encryption set to false, Replication Type set to server-side default replication type, Namespace Quota set to -1, Space Quota set to -1 
2025-03-20 02:10:55,450 [om1-OMStateMachineApplyTransactionThread - 0] INFO  bucket.OMBucketCreateRequest (OMBucketCreateRequest.java:validateAndUpdateCache(291)) - created bucket: buc-a-277279 of layout OBJECT_STORE in volume: vol-b-276
2025-03-20 02:10:55,451 [main] INFO  rpc.RpcClient (RpcClient.java:createBucket(687)) - Creating Bucket: vol-b-276/buc-a-277, with server-side default bucket layout, runner as owner, Versioning false, Storage Type set to DISK and Encryption set to false, Replication Type set to server-side default replication type, Namespace Quota set to -1, Space Quota set to -1 
2025-03-20 02:10:55,452 [om1-OMStateMachineApplyTransactionThread - 0] INFO  bucket.OMBucketCreateRequest (OMBucketCreateRequest.java:validateAndUpdateCache(291)) - created bucket: buc-a-277 of layout OBJECT_STORE in volume: vol-b-276
2025-03-20 02:10:55,454 [main] INFO  rpc.RpcClient (RpcClient.java:createBucket(687)) - Creating Bucket: vol-b-276/buc-b-278280, with server-side default bucket layout, runner as owner, Versioning false, Storage Type set to DISK and Encryption set to false, Replication Type set to server-side default replication type, Namespace Quota set to -1, Space Quota set to -1 
2025-03-20 02:10:55,456 [om1-OMStateMachineApplyTransactionThread - 0] INFO  bucket.OMBucketCreateRequest (OMBucketCreateRequest.java:validateAndUpdateCache(291)) - created bucket: buc-b-278280 of layout OBJECT_STORE in volume: vol-b-276
2025-03-20 02:10:55,457 [main] INFO  rpc.RpcClient (RpcClient.java:createBucket(687)) - Creating Bucket: vol-b-276/buc-b-278, with server-side default bucket layout, runner as owner, Versioning false, Storage Type set to DISK and Encryption set to false, Replication Type set to server-side default replication type, Namespace Quota set to -1, Space Quota set to -1 
2025-03-20 02:10:55,459 [om1-OMStateMachineApplyTransactionThread - 0] INFO  bucket.OMBucketCreateRequest (OMBucketCreateRequest.java:validateAndUpdateCache(291)) - created bucket: buc-b-278 of layout OBJECT_STORE in volume: vol-b-276
2025-03-20 02:10:55,460 [om1-snapshot-diff-job-thread-id-7] WARN  snapshot.SnapshotCache (SnapshotCache.java:get(147)) - Snapshot cache size (15) exceeds configured soft-limit (10).
2025-03-20 02:10:55,460 [om1-snapshot-diff-job-thread-id-7] INFO  snapshot.SnapshotCache (SnapshotCache.java:lambda$2(155)) - Loading SnapshotId: 'e7d39e87-3a72-45eb-9e21-47ecba877851'
2025-03-20 02:10:55,461 [om1-snapshot-diff-job-thread-id-7] WARN  server.ServerUtils (ServerUtils.java:getDBPath(297)) - ozone.om.db.dirs is not configured. We recommend adding this setting. Falling back to ozone.metadata.dirs instead.
2025-03-20 02:10:55,524 [om1-snapshot-diff-job-thread-id-7] INFO  snapshot.SnapshotDiffManager (SnapshotDiffManager.java:generateDiffReport(1232)) - Starting diff report generation for jobId: add3c60d-cf04-493c-992e-4edcfc35baae.
2025-03-20 02:10:56,682 [om1-OMStateMachineApplyTransactionThread - 0] WARN  snapshot.OMSnapshotCreateRequest (OMSnapshotCreateRequest.java:estimateBucketDataSize(342)) - DefaultReplicationConfig is not correctly set in OmBucketInfo for volume 'vol-a-275' bucket 'buc-a-277279'. Falling back to config default 'RATIS/THREE'
2025-03-20 02:10:56,682 [om1-OMStateMachineApplyTransactionThread - 0] INFO  snapshot.OMSnapshotCreateRequest (OMSnapshotCreateRequest.java:validateAndUpdateCache(223)) - Created snapshot: 'fffc58eb-4aff-4a3f-ae94-0c7c4e40e35c' with snapshotId: 'cd9ae025-10e6-43e8-8710-7063d7812422' under path 'vol-a-275/buc-a-277279'
2025-03-20 02:10:56,683 [main] WARN  server.ServerUtils (ServerUtils.java:getDBPath(297)) - ozone.om.db.dirs is not configured. We recommend adding this setting. Falling back to ozone.metadata.dirs instead.
2025-03-20 02:10:56,711 [om1-OMDoubleBufferFlushThread] INFO  db.RDBCheckpointManager (RDBCheckpointManager.java:createCheckpoint(87)) - Created checkpoint in rocksDB at /home/runner/work/ozone/ozone/hadoop-ozone/integration-test/target/test-dir/MiniOzoneClusterImpl-897eaf7f-b25b-4380-b284-a53405b32f13/ozone-meta/db.snapshots/checkpointState/om.db-cd9ae025-10e6-43e8-8710-7063d7812422 in 25 milliseconds
2025-03-20 02:10:56,711 [om1-OMDoubleBufferFlushThread] INFO  om.OmSnapshotManager (OmSnapshotManager.java:createOmSnapshotCheckpoint(482)) - Created checkpoint : /home/runner/work/ozone/ozone/hadoop-ozone/integration-test/target/test-dir/MiniOzoneClusterImpl-897eaf7f-b25b-4380-b284-a53405b32f13/ozone-meta/db.snapshots/checkpointState/om.db-cd9ae025-10e6-43e8-8710-7063d7812422 for snapshot fffc58eb-4aff-4a3f-ae94-0c7c4e40e35c
2025-03-20 02:10:57,691 [IPC Server handler 6 on default port 15006] WARN  snapshot.SnapshotCache (SnapshotCache.java:get(147)) - Snapshot cache size (16) exceeds configured soft-limit (10).
2025-03-20 02:10:57,691 [IPC Server handler 6 on default port 15006] INFO  snapshot.SnapshotCache (SnapshotCache.java:lambda$2(155)) - Loading SnapshotId: 'cd9ae025-10e6-43e8-8710-7063d7812422'
2025-03-20 02:10:57,691 [IPC Server handler 6 on default port 15006] WARN  server.ServerUtils (ServerUtils.java:getDBPath(297)) - ozone.om.db.dirs is not configured. We recommend adding this setting. Falling back to ozone.metadata.dirs instead.
2025-03-20 02:10:57,729 [IPC Server handler 7 on default port 15006] WARN  snapshot.SnapshotCache (SnapshotCache.java:get(147)) - Snapshot cache size (17) exceeds configured soft-limit (10).
2025-03-20 02:10:57,746 [om1-OMStateMachineApplyTransactionThread - 0] WARN  snapshot.OMSnapshotCreateRequest (OMSnapshotCreateRequest.java:estimateBucketDataSize(342)) - DefaultReplicationConfig is not correctly set in OmBucketInfo for volume 'vol-a-275' bucket 'buc-b-278280'. Falling back to config default 'RATIS/THREE'
2025-03-20 02:10:57,746 [om1-OMStateMachineApplyTransactionThread - 0] INFO  snapshot.OMSnapshotCreateRequest (OMSnapshotCreateRequest.java:validateAndUpdateCache(223)) - Created snapshot: 'ab4366ca-eae6-414b-90c9-212efc23089e' with snapshotId: 'be7070a8-2021-4370-b238-58fc14cdedeb' under path 'vol-a-275/buc-b-278280'
2025-03-20 02:10:57,747 [main] WARN  server.ServerUtils (ServerUtils.java:getDBPath(297)) - ozone.om.db.dirs is not configured. We recommend adding this setting. Falling back to ozone.metadata.dirs instead.
2025-03-20 02:10:57,761 [om1-OMDoubleBufferFlushThread] INFO  db.RDBCheckpointManager (RDBCheckpointManager.java:createCheckpoint(87)) - Created checkpoint in rocksDB at /home/runner/work/ozone/ozone/hadoop-ozone/integration-test/target/test-dir/MiniOzoneClusterImpl-897eaf7f-b25b-4380-b284-a53405b32f13/ozone-meta/db.snapshots/checkpointState/om.db-be7070a8-2021-4370-b238-58fc14cdedeb in 13 milliseconds
2025-03-20 02:10:57,761 [om1-OMDoubleBufferFlushThread] INFO  om.OmSnapshotManager (OmSnapshotManager.java:createOmSnapshotCheckpoint(482)) - Created checkpoint : /home/runner/work/ozone/ozone/hadoop-ozone/integration-test/target/test-dir/MiniOzoneClusterImpl-897eaf7f-b25b-4380-b284-a53405b32f13/ozone-meta/db.snapshots/checkpointState/om.db-be7070a8-2021-4370-b238-58fc14cdedeb for snapshot ab4366ca-eae6-414b-90c9-212efc23089e
2025-03-20 02:10:58,790 [IPC Server handler 9 on default port 15006] WARN  snapshot.SnapshotCache (SnapshotCache.java:get(147)) - Snapshot cache size (17) exceeds configured soft-limit (10).
2025-03-20 02:10:58,790 [IPC Server handler 9 on default port 15006] INFO  snapshot.SnapshotCache (SnapshotCache.java:lambda$2(155)) - Loading SnapshotId: 'be7070a8-2021-4370-b238-58fc14cdedeb'
2025-03-20 02:10:58,791 [IPC Server handler 9 on default port 15006] WARN  server.ServerUtils (ServerUtils.java:getDBPath(297)) - ozone.om.db.dirs is not configured. We recommend adding this setting. Falling back to ozone.metadata.dirs instead.
2025-03-20 02:10:58,829 [IPC Server handler 10 on default port 15006] WARN  snapshot.SnapshotCache (SnapshotCache.java:get(147)) - Snapshot cache size (18) exceeds configured soft-limit (10).
2025-03-20 02:10:58,847 [om1-OMStateMachineApplyTransactionThread - 0] WARN  snapshot.OMSnapshotCreateRequest (OMSnapshotCreateRequest.java:estimateBucketDataSize(342)) - DefaultReplicationConfig is not correctly set in OmBucketInfo for volume 'vol-b-276' bucket 'buc-a-277279'. Falling back to config default 'RATIS/THREE'
2025-03-20 02:10:58,847 [om1-OMStateMachineApplyTransactionThread - 0] INFO  snapshot.OMSnapshotCreateRequest (OMSnapshotCreateRequest.java:validateAndUpdateCache(223)) - Created snapshot: 'bdc61ba0-2b8b-48c7-90d8-39b48ac2509f' with snapshotId: '27554aea-96b9-40ac-b2c7-25b583f11154' under path 'vol-b-276/buc-a-277279'
2025-03-20 02:10:58,848 [main] WARN  server.ServerUtils (ServerUtils.java:getDBPath(297)) - ozone.om.db.dirs is not configured. We recommend adding this setting. Falling back to ozone.metadata.dirs instead.
2025-03-20 02:10:58,875 [om1-OMDoubleBufferFlushThread] INFO  db.RDBCheckpointManager (RDBCheckpointManager.java:createCheckpoint(87)) - Created checkpoint in rocksDB at /home/runner/work/ozone/ozone/hadoop-ozone/integration-test/target/test-dir/MiniOzoneClusterImpl-897eaf7f-b25b-4380-b284-a53405b32f13/ozone-meta/db.snapshots/checkpointState/om.db-27554aea-96b9-40ac-b2c7-25b583f11154 in 25 milliseconds
2025-03-20 02:10:58,875 [om1-OMDoubleBufferFlushThread] INFO  om.OmSnapshotManager (OmSnapshotManager.java:createOmSnapshotCheckpoint(482)) - Created checkpoint : /home/runner/work/ozone/ozone/hadoop-ozone/integration-test/target/test-dir/MiniOzoneClusterImpl-897eaf7f-b25b-4380-b284-a53405b32f13/ozone-meta/db.snapshots/checkpointState/om.db-27554aea-96b9-40ac-b2c7-25b583f11154 for snapshot bdc61ba0-2b8b-48c7-90d8-39b48ac2509f
2025-03-20 02:10:59,884 [IPC Server handler 14 on default port 15006] WARN  snapshot.SnapshotCache (SnapshotCache.java:get(147)) - Snapshot cache size (18) exceeds configured soft-limit (10).
2025-03-20 02:10:59,884 [IPC Server handler 14 on default port 15006] INFO  snapshot.SnapshotCache (SnapshotCache.java:lambda$2(155)) - Loading SnapshotId: '27554aea-96b9-40ac-b2c7-25b583f11154'
2025-03-20 02:10:59,884 [IPC Server handler 14 on default port 15006] WARN  server.ServerUtils (ServerUtils.java:getDBPath(297)) - ozone.om.db.dirs is not configured. We recommend adding this setting. Falling back to ozone.metadata.dirs instead.
2025-03-20 02:10:59,913 [IPC Server handler 17 on default port 15006] WARN  snapshot.SnapshotCache (SnapshotCache.java:get(147)) - Snapshot cache size (19) exceeds configured soft-limit (10).
2025-03-20 02:10:59,930 [om1-OMStateMachineApplyTransactionThread - 0] WARN  snapshot.OMSnapshotCreateRequest (OMSnapshotCreateRequest.java:estimateBucketDataSize(342)) - DefaultReplicationConfig is not correctly set in OmBucketInfo for volume 'vol-b-276' bucket 'buc-b-278280'. Falling back to config default 'RATIS/THREE'
2025-03-20 02:10:59,931 [om1-OMStateMachineApplyTransactionThread - 0] INFO  snapshot.OMSnapshotCreateRequest (OMSnapshotCreateRequest.java:validateAndUpdateCache(223)) - Created snapshot: 'ad56435e-1ab6-4899-ab7b-fbc917e58121' with snapshotId: '598babb7-4e64-4f8d-b3a5-7bb670ae4ca3' under path 'vol-b-276/buc-b-278280'
2025-03-20 02:10:59,931 [main] WARN  server.ServerUtils (ServerUtils.java:getDBPath(297)) - ozone.om.db.dirs is not configured. We recommend adding this setting. Falling back to ozone.metadata.dirs instead.
2025-03-20 02:10:59,954 [om1-OMDoubleBufferFlushThread] INFO  db.RDBCheckpointManager (RDBCheckpointManager.java:createCheckpoint(87)) - Created checkpoint in rocksDB at /home/runner/work/ozone/ozone/hadoop-ozone/integration-test/target/test-dir/MiniOzoneClusterImpl-897eaf7f-b25b-4380-b284-a53405b32f13/ozone-meta/db.snapshots/checkpointState/om.db-598babb7-4e64-4f8d-b3a5-7bb670ae4ca3 in 20 milliseconds
2025-03-20 02:10:59,954 [om1-OMDoubleBufferFlushThread] INFO  om.OmSnapshotManager (OmSnapshotManager.java:createOmSnapshotCheckpoint(482)) - Created checkpoint : /home/runner/work/ozone/ozone/hadoop-ozone/integration-test/target/test-dir/MiniOzoneClusterImpl-897eaf7f-b25b-4380-b284-a53405b32f13/ozone-meta/db.snapshots/checkpointState/om.db-598babb7-4e64-4f8d-b3a5-7bb670ae4ca3 for snapshot ad56435e-1ab6-4899-ab7b-fbc917e58121
2025-03-20 02:11:00,399 [4d0384fa-a0d7-4e6d-b08b-6a0afc890d42-BlockDeletingService#0] INFO  interfaces.ContainerDeletionChoosingPolicyTemplate (ContainerDeletionChoosingPolicyTemplate.java:chooseContainerForBlockDeletion(83)) - Chosen 0/5000 blocks from 0 candidate containers.
2025-03-20 02:11:00,559 [f196473e-7e55-4e65-a56a-ed3222e0db42-BlockDeletingService#0] INFO  interfaces.ContainerDeletionChoosingPolicyTemplate (ContainerDeletionChoosingPolicyTemplate.java:chooseContainerForBlockDeletion(83)) - Chosen 0/5000 blocks from 0 candidate containers.
2025-03-20 02:11:00,760 [4ac7aa66-6ed2-4b11-9c1a-72acd958e2aa-BlockDeletingService#0] INFO  interfaces.ContainerDeletionChoosingPolicyTemplate (ContainerDeletionChoosingPolicyTemplate.java:chooseContainerForBlockDeletion(83)) - Chosen 0/5000 blocks from 0 candidate containers.
2025-03-20 02:11:00,968 [IPC Server handler 1 on default port 15006] WARN  snapshot.SnapshotCache (SnapshotCache.java:get(147)) - Snapshot cache size (19) exceeds configured soft-limit (10).
2025-03-20 02:11:00,968 [IPC Server handler 1 on default port 15006] INFO  snapshot.SnapshotCache (SnapshotCache.java:lambda$2(155)) - Loading SnapshotId: '598babb7-4e64-4f8d-b3a5-7bb670ae4ca3'
2025-03-20 02:11:00,968 [IPC Server handler 1 on default port 15006] WARN  server.ServerUtils (ServerUtils.java:getDBPath(297)) - ozone.om.db.dirs is not configured. We recommend adding this setting. Falling back to ozone.metadata.dirs instead.
2025-03-20 02:11:00,997 [IPC Server handler 2 on default port 15006] WARN  snapshot.SnapshotCache (SnapshotCache.java:get(147)) - Snapshot cache size (20) exceeds configured soft-limit (10).
2025-03-20 02:11:01,018 [om1-OMStateMachineApplyTransactionThread - 0] WARN  snapshot.OMSnapshotCreateRequest (OMSnapshotCreateRequest.java:estimateBucketDataSize(342)) - DefaultReplicationConfig is not correctly set in OmBucketInfo for volume 'vol-a-275' bucket 'buc-a-277279'. Falling back to config default 'RATIS/THREE'
2025-03-20 02:11:01,019 [om1-OMStateMachineApplyTransactionThread - 0] INFO  snapshot.OMSnapshotCreateRequest (OMSnapshotCreateRequest.java:validateAndUpdateCache(223)) - Created snapshot: '6f500745-16cf-492c-bfd6-88f95ab76ec2' with snapshotId: 'ff8e8104-e303-487b-b164-080c8d48eebe' under path 'vol-a-275/buc-a-277279'
2025-03-20 02:11:01,019 [main] WARN  server.ServerUtils (ServerUtils.java:getDBPath(297)) - ozone.om.db.dirs is not configured. We recommend adding this setting. Falling back to ozone.metadata.dirs instead.
2025-03-20 02:11:01,042 [om1-OMDoubleBufferFlushThread] INFO  db.RDBCheckpointManager (RDBCheckpointManager.java:createCheckpoint(87)) - Created checkpoint in rocksDB at /home/runner/work/ozone/ozone/hadoop-ozone/integration-test/target/test-dir/MiniOzoneClusterImpl-897eaf7f-b25b-4380-b284-a53405b32f13/ozone-meta/db.snapshots/checkpointState/om.db-ff8e8104-e303-487b-b164-080c8d48eebe in 21 milliseconds
2025-03-20 02:11:01,043 [om1-OMDoubleBufferFlushThread] INFO  om.OmSnapshotManager (OmSnapshotManager.java:createOmSnapshotCheckpoint(482)) - Created checkpoint : /home/runner/work/ozone/ozone/hadoop-ozone/integration-test/target/test-dir/MiniOzoneClusterImpl-897eaf7f-b25b-4380-b284-a53405b32f13/ozone-meta/db.snapshots/checkpointState/om.db-ff8e8104-e303-487b-b164-080c8d48eebe for snapshot 6f500745-16cf-492c-bfd6-88f95ab76ec2
2025-03-20 02:11:02,055 [IPC Server handler 6 on default port 15006] WARN  snapshot.SnapshotCache (SnapshotCache.java:get(147)) - Snapshot cache size (20) exceeds configured soft-limit (10).
2025-03-20 02:11:02,055 [IPC Server handler 6 on default port 15006] INFO  snapshot.SnapshotCache (SnapshotCache.java:lambda$2(155)) - Loading SnapshotId: 'ff8e8104-e303-487b-b164-080c8d48eebe'
2025-03-20 02:11:02,055 [IPC Server handler 6 on default port 15006] WARN  server.ServerUtils (ServerUtils.java:getDBPath(297)) - ozone.om.db.dirs is not configured. We recommend adding this setting. Falling back to ozone.metadata.dirs instead.
2025-03-20 02:11:02,085 [IPC Server handler 7 on default port 15006] WARN  snapshot.SnapshotCache (SnapshotCache.java:get(147)) - Snapshot cache size (21) exceeds configured soft-limit (10).
2025-03-20 02:11:02,087 [IPC Server handler 8 on default port 15006] WARN  snapshot.SnapshotCache (SnapshotCache.java:get(147)) - Snapshot cache size (21) exceeds configured soft-limit (10).
2025-03-20 02:11:02,090 [IPC Server handler 15 on default port 15006] WARN  snapshot.SnapshotCache (SnapshotCache.java:get(147)) - Snapshot cache size (21) exceeds configured soft-limit (10).
]]></system-out>
  </testcase>
  <testcase name="testSnapDiffReclaimWithKeyRename" classname="org.apache.hadoop.ozone.om.snapshot.TestOmSnapshotObjectStore" time="3.065">
    <system-out><![CDATA[2025-03-20 02:11:02,093 [main] INFO  rpc.RpcClient (RpcClient.java:createVolume(462)) - Creating Volume: vol10171, with runner as owner and space quota set to -1 bytes, counts quota set to -1
2025-03-20 02:11:02,095 [om1-OMStateMachineApplyTransactionThread - 0] INFO  volume.OMVolumeCreateRequest (OMVolumeCreateRequest.java:validateAndUpdateCache(204)) - created volume:vol10171 for user:runner
2025-03-20 02:11:02,096 [main] INFO  rpc.RpcClient (RpcClient.java:createBucket(687)) - Creating Bucket: vol10171/bucket19, with server-side default bucket layout, runner as owner, Versioning false, Storage Type set to DISK and Encryption set to false, Replication Type set to server-side default replication type, Namespace Quota set to -1, Space Quota set to -1 
2025-03-20 02:11:02,098 [om1-OMStateMachineApplyTransactionThread - 0] INFO  bucket.OMBucketCreateRequest (OMBucketCreateRequest.java:validateAndUpdateCache(291)) - created bucket: bucket19 of layout OBJECT_STORE in volume: vol10171
2025-03-20 02:11:02,099 [main] INFO  rpc.RpcClient (RpcClient.java:createBucket(687)) - Creating Bucket: vol10171/bucket1, with server-side default bucket layout, runner as owner, Versioning false, Storage Type set to DISK and Encryption set to false, Replication Type set to server-side default replication type, Namespace Quota set to -1, Space Quota set to -1 
2025-03-20 02:11:02,100 [om1-OMStateMachineApplyTransactionThread - 0] INFO  bucket.OMBucketCreateRequest (OMBucketCreateRequest.java:validateAndUpdateCache(291)) - created bucket: bucket1 of layout OBJECT_STORE in volume: vol10171
2025-03-20 02:11:02,129 [om1-OMStateMachineApplyTransactionThread - 0] WARN  snapshot.OMSnapshotCreateRequest (OMSnapshotCreateRequest.java:estimateBucketDataSize(342)) - DefaultReplicationConfig is not correctly set in OmBucketInfo for volume 'vol10171' bucket 'bucket19'. Falling back to config default 'RATIS/THREE'
2025-03-20 02:11:02,129 [om1-OMStateMachineApplyTransactionThread - 0] INFO  snapshot.OMSnapshotCreateRequest (OMSnapshotCreateRequest.java:validateAndUpdateCache(223)) - Created snapshot: 'snap1' with snapshotId: 'f956bf24-f113-45aa-ba36-8ffcaa2f9c46' under path 'vol10171/bucket19'
2025-03-20 02:11:02,130 [main] WARN  server.ServerUtils (ServerUtils.java:getDBPath(297)) - ozone.om.db.dirs is not configured. We recommend adding this setting. Falling back to ozone.metadata.dirs instead.
2025-03-20 02:11:02,158 [om1-OMDoubleBufferFlushThread] INFO  db.RDBCheckpointManager (RDBCheckpointManager.java:createCheckpoint(87)) - Created checkpoint in rocksDB at /home/runner/work/ozone/ozone/hadoop-ozone/integration-test/target/test-dir/MiniOzoneClusterImpl-897eaf7f-b25b-4380-b284-a53405b32f13/ozone-meta/db.snapshots/checkpointState/om.db-f956bf24-f113-45aa-ba36-8ffcaa2f9c46 in 28 milliseconds
2025-03-20 02:11:02,159 [om1-OMDoubleBufferFlushThread] INFO  om.OmSnapshotManager (OmSnapshotManager.java:createOmSnapshotCheckpoint(482)) - Created checkpoint : /home/runner/work/ozone/ozone/hadoop-ozone/integration-test/target/test-dir/MiniOzoneClusterImpl-897eaf7f-b25b-4380-b284-a53405b32f13/ozone-meta/db.snapshots/checkpointState/om.db-f956bf24-f113-45aa-ba36-8ffcaa2f9c46 for snapshot snap1
2025-03-20 02:11:03,150 [om1-OMStateMachineApplyTransactionThread - 0] WARN  snapshot.OMSnapshotCreateRequest (OMSnapshotCreateRequest.java:estimateBucketDataSize(342)) - DefaultReplicationConfig is not correctly set in OmBucketInfo for volume 'vol10171' bucket 'bucket19'. Falling back to config default 'RATIS/THREE'
2025-03-20 02:11:03,150 [om1-OMStateMachineApplyTransactionThread - 0] INFO  snapshot.OMSnapshotCreateRequest (OMSnapshotCreateRequest.java:validateAndUpdateCache(223)) - Created snapshot: 'snap2' with snapshotId: '621ed0b2-d2fe-4a9d-bed6-d49f241a9cc5' under path 'vol10171/bucket19'
2025-03-20 02:11:03,150 [main] WARN  server.ServerUtils (ServerUtils.java:getDBPath(297)) - ozone.om.db.dirs is not configured. We recommend adding this setting. Falling back to ozone.metadata.dirs instead.
2025-03-20 02:11:03,174 [om1-OMDoubleBufferFlushThread] INFO  db.RDBCheckpointManager (RDBCheckpointManager.java:createCheckpoint(87)) - Created checkpoint in rocksDB at /home/runner/work/ozone/ozone/hadoop-ozone/integration-test/target/test-dir/MiniOzoneClusterImpl-897eaf7f-b25b-4380-b284-a53405b32f13/ozone-meta/db.snapshots/checkpointState/om.db-621ed0b2-d2fe-4a9d-bed6-d49f241a9cc5 in 22 milliseconds
2025-03-20 02:11:03,175 [om1-OMDoubleBufferFlushThread] WARN  om.OmSnapshotManager (OmSnapshotManager.java:performOperationOnKeys(548)) - Took 196358 ns to find endKey. Caller is deleteKeysFromDelKeyTableInSnapshotScope
2025-03-20 02:11:03,175 [om1-OMDoubleBufferFlushThread] INFO  om.OmSnapshotManager (OmSnapshotManager.java:createOmSnapshotCheckpoint(482)) - Created checkpoint : /home/runner/work/ozone/ozone/hadoop-ozone/integration-test/target/test-dir/MiniOzoneClusterImpl-897eaf7f-b25b-4380-b284-a53405b32f13/ozone-meta/db.snapshots/checkpointState/om.db-621ed0b2-d2fe-4a9d-bed6-d49f241a9cc5 for snapshot snap2
2025-03-20 02:11:04,153 [IPC Server handler 3 on default port 15006] INFO  snapshot.SnapshotDiffManager (SnapshotDiffManager.java:submitSnapDiffJob(689)) - Submitting snap diff report generation request for volume: vol10171, bucket: bucket19, fromSnapshot: snap1 and toSnapshot: snap2
2025-03-20 02:11:04,154 [om1-snapshot-diff-job-thread-id-8] INFO  snapshot.SnapshotDiffManager (SnapshotDiffManager.java:generateSnapshotDiffReport(792)) - Started snap diff report generation for volume: 'vol10171', bucket: 'bucket19', fromSnapshot: 'snap1', toSnapshot: 'snap2'
2025-03-20 02:11:04,154 [om1-snapshot-diff-job-thread-id-8] WARN  snapshot.SnapshotCache (SnapshotCache.java:get(147)) - Snapshot cache size (21) exceeds configured soft-limit (10).
2025-03-20 02:11:04,154 [om1-snapshot-diff-job-thread-id-8] INFO  snapshot.SnapshotCache (SnapshotCache.java:lambda$2(155)) - Loading SnapshotId: 'f956bf24-f113-45aa-ba36-8ffcaa2f9c46'
2025-03-20 02:11:04,154 [om1-snapshot-diff-job-thread-id-8] WARN  server.ServerUtils (ServerUtils.java:getDBPath(297)) - ozone.om.db.dirs is not configured. We recommend adding this setting. Falling back to ozone.metadata.dirs instead.
2025-03-20 02:11:04,180 [om1-snapshot-diff-job-thread-id-8] WARN  snapshot.SnapshotCache (SnapshotCache.java:get(147)) - Snapshot cache size (22) exceeds configured soft-limit (10).
2025-03-20 02:11:04,180 [om1-snapshot-diff-job-thread-id-8] INFO  snapshot.SnapshotCache (SnapshotCache.java:lambda$2(155)) - Loading SnapshotId: '621ed0b2-d2fe-4a9d-bed6-d49f241a9cc5'
2025-03-20 02:11:04,180 [om1-snapshot-diff-job-thread-id-8] WARN  server.ServerUtils (ServerUtils.java:getDBPath(297)) - ozone.om.db.dirs is not configured. We recommend adding this setting. Falling back to ozone.metadata.dirs instead.
2025-03-20 02:11:04,221 [om1-snapshot-diff-job-thread-id-8] INFO  snapshot.SnapshotDiffManager (SnapshotDiffManager.java:generateDiffReport(1232)) - Starting diff report generation for jobId: 8869ab44-665e-4a24-bd5f-937560622cc3.
]]></system-out>
  </testcase>
  <testcase name="testSnapDiffWithFilesystemDirectoryRenameOperation" classname="org.apache.hadoop.ozone.om.snapshot.TestOmSnapshotObjectStore" time="0.0">
    <skipped type="org.opentest4j.TestAbortedException"><![CDATA[org.opentest4j.TestAbortedException: Assumption failed: assumption is not true
	at org.apache.hadoop.ozone.om.snapshot.TestOmSnapshot.testSnapDiffWithFilesystemDirectoryRenameOperation(TestOmSnapshot.java:1139)
	at java.base/java.lang.reflect.Method.invoke(Method.java:580)
	at java.base/java.util.ArrayList.forEach(ArrayList.java:1596)
	at java.base/java.util.ArrayList.forEach(ArrayList.java:1596)
]]></skipped>
  </testcase>
  <testcase name="testSnapDiffWithDirectory" classname="org.apache.hadoop.ozone.om.snapshot.TestOmSnapshotObjectStore" time="3.077">
    <system-out><![CDATA[2025-03-20 02:11:05,160 [main] INFO  rpc.RpcClient (RpcClient.java:createVolume(462)) - Creating Volume: vol362, with runner as owner and space quota set to -1 bytes, counts quota set to -1
2025-03-20 02:11:05,162 [om1-OMStateMachineApplyTransactionThread - 0] INFO  volume.OMVolumeCreateRequest (OMVolumeCreateRequest.java:validateAndUpdateCache(204)) - created volume:vol362 for user:runner
2025-03-20 02:11:05,163 [main] INFO  rpc.RpcClient (RpcClient.java:createBucket(687)) - Creating Bucket: vol362/bucket19, with server-side default bucket layout, runner as owner, Versioning false, Storage Type set to DISK and Encryption set to false, Replication Type set to server-side default replication type, Namespace Quota set to -1, Space Quota set to -1 
2025-03-20 02:11:05,164 [om1-OMStateMachineApplyTransactionThread - 0] INFO  bucket.OMBucketCreateRequest (OMBucketCreateRequest.java:validateAndUpdateCache(291)) - created bucket: bucket19 of layout OBJECT_STORE in volume: vol362
2025-03-20 02:11:05,165 [main] INFO  rpc.RpcClient (RpcClient.java:createBucket(687)) - Creating Bucket: vol362/bucket1, with server-side default bucket layout, runner as owner, Versioning false, Storage Type set to DISK and Encryption set to false, Replication Type set to server-side default replication type, Namespace Quota set to -1, Space Quota set to -1 
2025-03-20 02:11:05,166 [om1-OMStateMachineApplyTransactionThread - 0] INFO  bucket.OMBucketCreateRequest (OMBucketCreateRequest.java:validateAndUpdateCache(291)) - created bucket: bucket1 of layout OBJECT_STORE in volume: vol362
2025-03-20 02:11:05,206 [om1-OMStateMachineApplyTransactionThread - 0] WARN  snapshot.OMSnapshotCreateRequest (OMSnapshotCreateRequest.java:estimateBucketDataSize(342)) - DefaultReplicationConfig is not correctly set in OmBucketInfo for volume 'vol362' bucket 'bucket19'. Falling back to config default 'RATIS/THREE'
2025-03-20 02:11:05,206 [om1-OMStateMachineApplyTransactionThread - 0] INFO  snapshot.OMSnapshotCreateRequest (OMSnapshotCreateRequest.java:validateAndUpdateCache(223)) - Created snapshot: 'snap1' with snapshotId: '65800ca8-b1e0-40e9-a125-dc71b4d6a243' under path 'vol362/bucket19'
2025-03-20 02:11:05,207 [main] WARN  server.ServerUtils (ServerUtils.java:getDBPath(297)) - ozone.om.db.dirs is not configured. We recommend adding this setting. Falling back to ozone.metadata.dirs instead.
2025-03-20 02:11:05,240 [om1-OMDoubleBufferFlushThread] INFO  db.RDBCheckpointManager (RDBCheckpointManager.java:createCheckpoint(87)) - Created checkpoint in rocksDB at /home/runner/work/ozone/ozone/hadoop-ozone/integration-test/target/test-dir/MiniOzoneClusterImpl-897eaf7f-b25b-4380-b284-a53405b32f13/ozone-meta/db.snapshots/checkpointState/om.db-65800ca8-b1e0-40e9-a125-dc71b4d6a243 in 32 milliseconds
2025-03-20 02:11:05,241 [om1-OMDoubleBufferFlushThread] INFO  om.OmSnapshotManager (OmSnapshotManager.java:createOmSnapshotCheckpoint(482)) - Created checkpoint : /home/runner/work/ozone/ozone/hadoop-ozone/integration-test/target/test-dir/MiniOzoneClusterImpl-897eaf7f-b25b-4380-b284-a53405b32f13/ozone-meta/db.snapshots/checkpointState/om.db-65800ca8-b1e0-40e9-a125-dc71b4d6a243 for snapshot snap1
2025-03-20 02:11:06,229 [om1-OMStateMachineApplyTransactionThread - 0] WARN  snapshot.OMSnapshotCreateRequest (OMSnapshotCreateRequest.java:estimateBucketDataSize(342)) - DefaultReplicationConfig is not correctly set in OmBucketInfo for volume 'vol362' bucket 'bucket19'. Falling back to config default 'RATIS/THREE'
2025-03-20 02:11:06,229 [om1-OMStateMachineApplyTransactionThread - 0] INFO  snapshot.OMSnapshotCreateRequest (OMSnapshotCreateRequest.java:validateAndUpdateCache(223)) - Created snapshot: 'snap2' with snapshotId: '100b3533-5f20-49c5-a76b-2e9a6bfb966a' under path 'vol362/bucket19'
2025-03-20 02:11:06,230 [main] WARN  server.ServerUtils (ServerUtils.java:getDBPath(297)) - ozone.om.db.dirs is not configured. We recommend adding this setting. Falling back to ozone.metadata.dirs instead.
2025-03-20 02:11:06,254 [om1-OMDoubleBufferFlushThread] INFO  db.RDBCheckpointManager (RDBCheckpointManager.java:createCheckpoint(87)) - Created checkpoint in rocksDB at /home/runner/work/ozone/ozone/hadoop-ozone/integration-test/target/test-dir/MiniOzoneClusterImpl-897eaf7f-b25b-4380-b284-a53405b32f13/ozone-meta/db.snapshots/checkpointState/om.db-100b3533-5f20-49c5-a76b-2e9a6bfb966a in 22 milliseconds
2025-03-20 02:11:06,254 [om1-OMDoubleBufferFlushThread] INFO  om.OmSnapshotManager (OmSnapshotManager.java:createOmSnapshotCheckpoint(482)) - Created checkpoint : /home/runner/work/ozone/ozone/hadoop-ozone/integration-test/target/test-dir/MiniOzoneClusterImpl-897eaf7f-b25b-4380-b284-a53405b32f13/ozone-meta/db.snapshots/checkpointState/om.db-100b3533-5f20-49c5-a76b-2e9a6bfb966a for snapshot snap2
2025-03-20 02:11:07,232 [IPC Server handler 18 on default port 15006] INFO  snapshot.SnapshotDiffManager (SnapshotDiffManager.java:submitSnapDiffJob(689)) - Submitting snap diff report generation request for volume: vol362, bucket: bucket19, fromSnapshot: snap1 and toSnapshot: snap2
2025-03-20 02:11:07,233 [om1-snapshot-diff-job-thread-id-9] INFO  snapshot.SnapshotDiffManager (SnapshotDiffManager.java:generateSnapshotDiffReport(792)) - Started snap diff report generation for volume: 'vol362', bucket: 'bucket19', fromSnapshot: 'snap1', toSnapshot: 'snap2'
2025-03-20 02:11:07,233 [om1-snapshot-diff-job-thread-id-9] WARN  snapshot.SnapshotCache (SnapshotCache.java:get(147)) - Snapshot cache size (23) exceeds configured soft-limit (10).
2025-03-20 02:11:07,234 [om1-snapshot-diff-job-thread-id-9] INFO  snapshot.SnapshotCache (SnapshotCache.java:lambda$2(155)) - Loading SnapshotId: '65800ca8-b1e0-40e9-a125-dc71b4d6a243'
2025-03-20 02:11:07,234 [om1-snapshot-diff-job-thread-id-9] WARN  server.ServerUtils (ServerUtils.java:getDBPath(297)) - ozone.om.db.dirs is not configured. We recommend adding this setting. Falling back to ozone.metadata.dirs instead.
2025-03-20 02:11:07,258 [om1-snapshot-diff-job-thread-id-9] WARN  snapshot.SnapshotCache (SnapshotCache.java:get(147)) - Snapshot cache size (24) exceeds configured soft-limit (10).
2025-03-20 02:11:07,258 [om1-snapshot-diff-job-thread-id-9] INFO  snapshot.SnapshotCache (SnapshotCache.java:lambda$2(155)) - Loading SnapshotId: '100b3533-5f20-49c5-a76b-2e9a6bfb966a'
2025-03-20 02:11:07,259 [om1-snapshot-diff-job-thread-id-9] WARN  server.ServerUtils (ServerUtils.java:getDBPath(297)) - ozone.om.db.dirs is not configured. We recommend adding this setting. Falling back to ozone.metadata.dirs instead.
2025-03-20 02:11:07,301 [om1-snapshot-diff-job-thread-id-9] INFO  snapshot.SnapshotDiffManager (SnapshotDiffManager.java:generateDiffReport(1232)) - Starting diff report generation for jobId: 4a4c2d15-4cca-4216-a804-2ef8f2c8267b.
]]></system-out>
  </testcase>
  <testcase name="testSnapDiffReclaimWithDeferredKeyDeletion" classname="org.apache.hadoop.ozone.om.snapshot.TestOmSnapshotObjectStore" time="5.093">
    <system-out><![CDATA[2025-03-20 02:11:08,239 [main] INFO  rpc.RpcClient (RpcClient.java:createVolume(462)) - Creating Volume: vol364, with runner as owner and space quota set to -1 bytes, counts quota set to -1
2025-03-20 02:11:08,240 [om1-OMStateMachineApplyTransactionThread - 0] INFO  volume.OMVolumeCreateRequest (OMVolumeCreateRequest.java:validateAndUpdateCache(204)) - created volume:vol364 for user:runner
2025-03-20 02:11:08,242 [main] INFO  rpc.RpcClient (RpcClient.java:createBucket(687)) - Creating Bucket: vol364/bucket19, with server-side default bucket layout, runner as owner, Versioning false, Storage Type set to DISK and Encryption set to false, Replication Type set to server-side default replication type, Namespace Quota set to -1, Space Quota set to -1 
2025-03-20 02:11:08,243 [om1-OMStateMachineApplyTransactionThread - 0] INFO  bucket.OMBucketCreateRequest (OMBucketCreateRequest.java:validateAndUpdateCache(291)) - created bucket: bucket19 of layout OBJECT_STORE in volume: vol364
2025-03-20 02:11:08,245 [main] INFO  rpc.RpcClient (RpcClient.java:createBucket(687)) - Creating Bucket: vol364/bucket1, with server-side default bucket layout, runner as owner, Versioning false, Storage Type set to DISK and Encryption set to false, Replication Type set to server-side default replication type, Namespace Quota set to -1, Space Quota set to -1 
2025-03-20 02:11:08,246 [om1-OMStateMachineApplyTransactionThread - 0] INFO  bucket.OMBucketCreateRequest (OMBucketCreateRequest.java:validateAndUpdateCache(291)) - created bucket: bucket1 of layout OBJECT_STORE in volume: vol364
2025-03-20 02:11:08,262 [om1-OMStateMachineApplyTransactionThread - 0] WARN  snapshot.OMSnapshotCreateRequest (OMSnapshotCreateRequest.java:estimateBucketDataSize(342)) - DefaultReplicationConfig is not correctly set in OmBucketInfo for volume 'vol364' bucket 'bucket19'. Falling back to config default 'RATIS/THREE'
2025-03-20 02:11:08,262 [om1-OMStateMachineApplyTransactionThread - 0] INFO  snapshot.OMSnapshotCreateRequest (OMSnapshotCreateRequest.java:validateAndUpdateCache(223)) - Created snapshot: 'snap1' with snapshotId: 'ccbd6ddb-47ec-46a0-a4a1-d3d234226791' under path 'vol364/bucket19'
2025-03-20 02:11:08,263 [main] WARN  server.ServerUtils (ServerUtils.java:getDBPath(297)) - ozone.om.db.dirs is not configured. We recommend adding this setting. Falling back to ozone.metadata.dirs instead.
2025-03-20 02:11:08,290 [om1-OMDoubleBufferFlushThread] INFO  db.RDBCheckpointManager (RDBCheckpointManager.java:createCheckpoint(87)) - Created checkpoint in rocksDB at /home/runner/work/ozone/ozone/hadoop-ozone/integration-test/target/test-dir/MiniOzoneClusterImpl-897eaf7f-b25b-4380-b284-a53405b32f13/ozone-meta/db.snapshots/checkpointState/om.db-ccbd6ddb-47ec-46a0-a4a1-d3d234226791 in 26 milliseconds
2025-03-20 02:11:08,290 [om1-OMDoubleBufferFlushThread] INFO  om.OmSnapshotManager (OmSnapshotManager.java:createOmSnapshotCheckpoint(482)) - Created checkpoint : /home/runner/work/ozone/ozone/hadoop-ozone/integration-test/target/test-dir/MiniOzoneClusterImpl-897eaf7f-b25b-4380-b284-a53405b32f13/ozone-meta/db.snapshots/checkpointState/om.db-ccbd6ddb-47ec-46a0-a4a1-d3d234226791 for snapshot snap1
2025-03-20 02:11:09,300 [om1-OMStateMachineApplyTransactionThread - 0] WARN  snapshot.OMSnapshotCreateRequest (OMSnapshotCreateRequest.java:estimateBucketDataSize(342)) - DefaultReplicationConfig is not correctly set in OmBucketInfo for volume 'vol364' bucket 'bucket19'. Falling back to config default 'RATIS/THREE'
2025-03-20 02:11:09,300 [om1-OMStateMachineApplyTransactionThread - 0] INFO  snapshot.OMSnapshotCreateRequest (OMSnapshotCreateRequest.java:validateAndUpdateCache(223)) - Created snapshot: 'snap2' with snapshotId: '60803d62-3c86-4cdb-84bf-83ac8c6935c9' under path 'vol364/bucket19'
2025-03-20 02:11:09,301 [main] WARN  server.ServerUtils (ServerUtils.java:getDBPath(297)) - ozone.om.db.dirs is not configured. We recommend adding this setting. Falling back to ozone.metadata.dirs instead.
2025-03-20 02:11:09,329 [om1-OMDoubleBufferFlushThread] INFO  db.RDBCheckpointManager (RDBCheckpointManager.java:createCheckpoint(87)) - Created checkpoint in rocksDB at /home/runner/work/ozone/ozone/hadoop-ozone/integration-test/target/test-dir/MiniOzoneClusterImpl-897eaf7f-b25b-4380-b284-a53405b32f13/ozone-meta/db.snapshots/checkpointState/om.db-60803d62-3c86-4cdb-84bf-83ac8c6935c9 in 27 milliseconds
2025-03-20 02:11:09,330 [om1-OMDoubleBufferFlushThread] WARN  om.OmSnapshotManager (OmSnapshotManager.java:performOperationOnKeys(548)) - Took 240301 ns to find endKey. Caller is deleteKeysFromDelKeyTableInSnapshotScope
2025-03-20 02:11:09,330 [om1-OMDoubleBufferFlushThread] INFO  om.OmSnapshotManager (OmSnapshotManager.java:createOmSnapshotCheckpoint(482)) - Created checkpoint : /home/runner/work/ozone/ozone/hadoop-ozone/integration-test/target/test-dir/MiniOzoneClusterImpl-897eaf7f-b25b-4380-b284-a53405b32f13/ozone-meta/db.snapshots/checkpointState/om.db-60803d62-3c86-4cdb-84bf-83ac8c6935c9 for snapshot snap2
2025-03-20 02:11:10,316 [om1-OMStateMachineApplyTransactionThread - 0] WARN  snapshot.OMSnapshotCreateRequest (OMSnapshotCreateRequest.java:estimateBucketDataSize(342)) - DefaultReplicationConfig is not correctly set in OmBucketInfo for volume 'vol364' bucket 'bucket19'. Falling back to config default 'RATIS/THREE'
2025-03-20 02:11:10,316 [om1-OMStateMachineApplyTransactionThread - 0] INFO  snapshot.OMSnapshotCreateRequest (OMSnapshotCreateRequest.java:validateAndUpdateCache(223)) - Created snapshot: 'activefs' with snapshotId: '765a889c-1b90-4adb-be11-28c0e95e4dbc' under path 'vol364/bucket19'
2025-03-20 02:11:10,317 [main] WARN  server.ServerUtils (ServerUtils.java:getDBPath(297)) - ozone.om.db.dirs is not configured. We recommend adding this setting. Falling back to ozone.metadata.dirs instead.
2025-03-20 02:11:10,336 [om1-OMDoubleBufferFlushThread] INFO  db.RDBCheckpointManager (RDBCheckpointManager.java:createCheckpoint(87)) - Created checkpoint in rocksDB at /home/runner/work/ozone/ozone/hadoop-ozone/integration-test/target/test-dir/MiniOzoneClusterImpl-897eaf7f-b25b-4380-b284-a53405b32f13/ozone-meta/db.snapshots/checkpointState/om.db-765a889c-1b90-4adb-be11-28c0e95e4dbc in 18 milliseconds
2025-03-20 02:11:10,337 [om1-OMDoubleBufferFlushThread] INFO  om.OmSnapshotManager (OmSnapshotManager.java:createOmSnapshotCheckpoint(482)) - Created checkpoint : /home/runner/work/ozone/ozone/hadoop-ozone/integration-test/target/test-dir/MiniOzoneClusterImpl-897eaf7f-b25b-4380-b284-a53405b32f13/ozone-meta/db.snapshots/checkpointState/om.db-765a889c-1b90-4adb-be11-28c0e95e4dbc for snapshot activefs
2025-03-20 02:11:11,319 [IPC Server handler 11 on default port 15006] INFO  snapshot.SnapshotDiffManager (SnapshotDiffManager.java:submitSnapDiffJob(689)) - Submitting snap diff report generation request for volume: vol364, bucket: bucket19, fromSnapshot: snap1 and toSnapshot: activefs
2025-03-20 02:11:11,320 [om1-snapshot-diff-job-thread-id-0] INFO  snapshot.SnapshotDiffManager (SnapshotDiffManager.java:generateSnapshotDiffReport(792)) - Started snap diff report generation for volume: 'vol364', bucket: 'bucket19', fromSnapshot: 'snap1', toSnapshot: 'activefs'
2025-03-20 02:11:11,320 [om1-snapshot-diff-job-thread-id-0] WARN  snapshot.SnapshotCache (SnapshotCache.java:get(147)) - Snapshot cache size (25) exceeds configured soft-limit (10).
2025-03-20 02:11:11,320 [om1-snapshot-diff-job-thread-id-0] INFO  snapshot.SnapshotCache (SnapshotCache.java:lambda$2(155)) - Loading SnapshotId: 'ccbd6ddb-47ec-46a0-a4a1-d3d234226791'
2025-03-20 02:11:11,320 [om1-snapshot-diff-job-thread-id-0] WARN  server.ServerUtils (ServerUtils.java:getDBPath(297)) - ozone.om.db.dirs is not configured. We recommend adding this setting. Falling back to ozone.metadata.dirs instead.
2025-03-20 02:11:11,346 [om1-snapshot-diff-job-thread-id-0] WARN  snapshot.SnapshotCache (SnapshotCache.java:get(147)) - Snapshot cache size (26) exceeds configured soft-limit (10).
2025-03-20 02:11:11,346 [om1-snapshot-diff-job-thread-id-0] INFO  snapshot.SnapshotCache (SnapshotCache.java:lambda$2(155)) - Loading SnapshotId: '765a889c-1b90-4adb-be11-28c0e95e4dbc'
2025-03-20 02:11:11,346 [om1-snapshot-diff-job-thread-id-0] WARN  server.ServerUtils (ServerUtils.java:getDBPath(297)) - ozone.om.db.dirs is not configured. We recommend adding this setting. Falling back to ozone.metadata.dirs instead.
2025-03-20 02:11:11,387 [om1-snapshot-diff-job-thread-id-0] INFO  snapshot.SnapshotDiffManager (SnapshotDiffManager.java:generateDiffReport(1232)) - Starting diff report generation for jobId: cf847729-e39d-4f1f-8302-12056ae41937.
2025-03-20 02:11:12,326 [IPC Server handler 13 on default port 15006] INFO  snapshot.SnapshotDiffManager (SnapshotDiffManager.java:submitSnapDiffJob(689)) - Submitting snap diff report generation request for volume: vol364, bucket: bucket19, fromSnapshot: snap2 and toSnapshot: activefs
2025-03-20 02:11:12,326 [om1-snapshot-diff-job-thread-id-1] INFO  snapshot.SnapshotDiffManager (SnapshotDiffManager.java:generateSnapshotDiffReport(792)) - Started snap diff report generation for volume: 'vol364', bucket: 'bucket19', fromSnapshot: 'snap2', toSnapshot: 'activefs'
2025-03-20 02:11:12,327 [om1-snapshot-diff-job-thread-id-1] WARN  snapshot.SnapshotCache (SnapshotCache.java:get(147)) - Snapshot cache size (27) exceeds configured soft-limit (10).
2025-03-20 02:11:12,327 [om1-snapshot-diff-job-thread-id-1] INFO  snapshot.SnapshotCache (SnapshotCache.java:lambda$2(155)) - Loading SnapshotId: '60803d62-3c86-4cdb-84bf-83ac8c6935c9'
2025-03-20 02:11:12,327 [om1-snapshot-diff-job-thread-id-1] WARN  server.ServerUtils (ServerUtils.java:getDBPath(297)) - ozone.om.db.dirs is not configured. We recommend adding this setting. Falling back to ozone.metadata.dirs instead.
2025-03-20 02:11:12,352 [om1-snapshot-diff-job-thread-id-1] WARN  snapshot.SnapshotCache (SnapshotCache.java:get(147)) - Snapshot cache size (28) exceeds configured soft-limit (10).
2025-03-20 02:11:12,368 [om1-snapshot-diff-job-thread-id-1] INFO  snapshot.SnapshotDiffManager (SnapshotDiffManager.java:generateDiffReport(1232)) - Starting diff report generation for jobId: 37da7072-d5a3-4800-af66-d72bac41b68c.
]]></system-out>
  </testcase>
  <testcase name="testSnapDiffReclaimWithKeyRecreation" classname="org.apache.hadoop.ozone.om.snapshot.TestOmSnapshotObjectStore" time="8.132">
    <system-out><![CDATA[2025-03-20 02:11:13,332 [main] INFO  rpc.RpcClient (RpcClient.java:createVolume(462)) - Creating Volume: vol64656, with runner as owner and space quota set to -1 bytes, counts quota set to -1
2025-03-20 02:11:13,334 [om1-OMStateMachineApplyTransactionThread - 0] INFO  volume.OMVolumeCreateRequest (OMVolumeCreateRequest.java:validateAndUpdateCache(204)) - created volume:vol64656 for user:runner
2025-03-20 02:11:13,335 [main] INFO  rpc.RpcClient (RpcClient.java:createBucket(687)) - Creating Bucket: vol64656/bucket19, with server-side default bucket layout, runner as owner, Versioning false, Storage Type set to DISK and Encryption set to false, Replication Type set to server-side default replication type, Namespace Quota set to -1, Space Quota set to -1 
2025-03-20 02:11:13,336 [om1-OMStateMachineApplyTransactionThread - 0] INFO  bucket.OMBucketCreateRequest (OMBucketCreateRequest.java:validateAndUpdateCache(291)) - created bucket: bucket19 of layout OBJECT_STORE in volume: vol64656
2025-03-20 02:11:13,337 [main] INFO  rpc.RpcClient (RpcClient.java:createBucket(687)) - Creating Bucket: vol64656/bucket1, with server-side default bucket layout, runner as owner, Versioning false, Storage Type set to DISK and Encryption set to false, Replication Type set to server-side default replication type, Namespace Quota set to -1, Space Quota set to -1 
2025-03-20 02:11:13,338 [om1-OMStateMachineApplyTransactionThread - 0] INFO  bucket.OMBucketCreateRequest (OMBucketCreateRequest.java:validateAndUpdateCache(291)) - created bucket: bucket1 of layout OBJECT_STORE in volume: vol64656
2025-03-20 02:11:13,369 [om1-OMStateMachineApplyTransactionThread - 0] WARN  snapshot.OMSnapshotCreateRequest (OMSnapshotCreateRequest.java:estimateBucketDataSize(342)) - DefaultReplicationConfig is not correctly set in OmBucketInfo for volume 'vol64656' bucket 'bucket19'. Falling back to config default 'RATIS/THREE'
2025-03-20 02:11:13,369 [om1-OMStateMachineApplyTransactionThread - 0] INFO  snapshot.OMSnapshotCreateRequest (OMSnapshotCreateRequest.java:validateAndUpdateCache(223)) - Created snapshot: 'snap1' with snapshotId: '248acc87-52b6-4fd1-a2eb-278d6c7e2b44' under path 'vol64656/bucket19'
2025-03-20 02:11:13,369 [main] WARN  server.ServerUtils (ServerUtils.java:getDBPath(297)) - ozone.om.db.dirs is not configured. We recommend adding this setting. Falling back to ozone.metadata.dirs instead.
2025-03-20 02:11:13,397 [om1-OMDoubleBufferFlushThread] INFO  db.RDBCheckpointManager (RDBCheckpointManager.java:createCheckpoint(87)) - Created checkpoint in rocksDB at /home/runner/work/ozone/ozone/hadoop-ozone/integration-test/target/test-dir/MiniOzoneClusterImpl-897eaf7f-b25b-4380-b284-a53405b32f13/ozone-meta/db.snapshots/checkpointState/om.db-248acc87-52b6-4fd1-a2eb-278d6c7e2b44 in 27 milliseconds
2025-03-20 02:11:13,398 [om1-OMDoubleBufferFlushThread] INFO  om.OmSnapshotManager (OmSnapshotManager.java:createOmSnapshotCheckpoint(482)) - Created checkpoint : /home/runner/work/ozone/ozone/hadoop-ozone/integration-test/target/test-dir/MiniOzoneClusterImpl-897eaf7f-b25b-4380-b284-a53405b32f13/ozone-meta/db.snapshots/checkpointState/om.db-248acc87-52b6-4fd1-a2eb-278d6c7e2b44 for snapshot snap1
2025-03-20 02:11:14,398 [om1-OMStateMachineApplyTransactionThread - 0] WARN  snapshot.OMSnapshotCreateRequest (OMSnapshotCreateRequest.java:estimateBucketDataSize(342)) - DefaultReplicationConfig is not correctly set in OmBucketInfo for volume 'vol64656' bucket 'bucket19'. Falling back to config default 'RATIS/THREE'
2025-03-20 02:11:14,398 [om1-OMStateMachineApplyTransactionThread - 0] INFO  snapshot.OMSnapshotCreateRequest (OMSnapshotCreateRequest.java:validateAndUpdateCache(223)) - Created snapshot: 'snap2' with snapshotId: '8ba24c77-5339-48b6-b3fc-adf8c12ceb3d' under path 'vol64656/bucket19'
2025-03-20 02:11:14,399 [main] WARN  server.ServerUtils (ServerUtils.java:getDBPath(297)) - ozone.om.db.dirs is not configured. We recommend adding this setting. Falling back to ozone.metadata.dirs instead.
2025-03-20 02:11:14,425 [om1-OMDoubleBufferFlushThread] INFO  db.RDBCheckpointManager (RDBCheckpointManager.java:createCheckpoint(87)) - Created checkpoint in rocksDB at /home/runner/work/ozone/ozone/hadoop-ozone/integration-test/target/test-dir/MiniOzoneClusterImpl-897eaf7f-b25b-4380-b284-a53405b32f13/ozone-meta/db.snapshots/checkpointState/om.db-8ba24c77-5339-48b6-b3fc-adf8c12ceb3d in 24 milliseconds
2025-03-20 02:11:14,426 [om1-OMDoubleBufferFlushThread] WARN  om.OmSnapshotManager (OmSnapshotManager.java:performOperationOnKeys(548)) - Took 163777 ns to find endKey. Caller is deleteKeysFromDelKeyTableInSnapshotScope
2025-03-20 02:11:14,426 [om1-OMDoubleBufferFlushThread] INFO  om.OmSnapshotManager (OmSnapshotManager.java:createOmSnapshotCheckpoint(482)) - Created checkpoint : /home/runner/work/ozone/ozone/hadoop-ozone/integration-test/target/test-dir/MiniOzoneClusterImpl-897eaf7f-b25b-4380-b284-a53405b32f13/ozone-meta/db.snapshots/checkpointState/om.db-8ba24c77-5339-48b6-b3fc-adf8c12ceb3d for snapshot snap2
2025-03-20 02:11:15,414 [om1-OMStateMachineApplyTransactionThread - 0] WARN  snapshot.OMSnapshotCreateRequest (OMSnapshotCreateRequest.java:estimateBucketDataSize(342)) - DefaultReplicationConfig is not correctly set in OmBucketInfo for volume 'vol64656' bucket 'bucket19'. Falling back to config default 'RATIS/THREE'
2025-03-20 02:11:15,414 [om1-OMStateMachineApplyTransactionThread - 0] INFO  snapshot.OMSnapshotCreateRequest (OMSnapshotCreateRequest.java:validateAndUpdateCache(223)) - Created snapshot: 'snap3' with snapshotId: '5445da43-654b-42f8-9114-9f55ade1ba44' under path 'vol64656/bucket19'
2025-03-20 02:11:15,414 [main] WARN  server.ServerUtils (ServerUtils.java:getDBPath(297)) - ozone.om.db.dirs is not configured. We recommend adding this setting. Falling back to ozone.metadata.dirs instead.
2025-03-20 02:11:15,433 [om1-OMDoubleBufferFlushThread] INFO  db.RDBCheckpointManager (RDBCheckpointManager.java:createCheckpoint(87)) - Created checkpoint in rocksDB at /home/runner/work/ozone/ozone/hadoop-ozone/integration-test/target/test-dir/MiniOzoneClusterImpl-897eaf7f-b25b-4380-b284-a53405b32f13/ozone-meta/db.snapshots/checkpointState/om.db-5445da43-654b-42f8-9114-9f55ade1ba44 in 17 milliseconds
2025-03-20 02:11:15,434 [om1-OMDoubleBufferFlushThread] INFO  om.OmSnapshotManager (OmSnapshotManager.java:createOmSnapshotCheckpoint(482)) - Created checkpoint : /home/runner/work/ozone/ozone/hadoop-ozone/integration-test/target/test-dir/MiniOzoneClusterImpl-897eaf7f-b25b-4380-b284-a53405b32f13/ozone-meta/db.snapshots/checkpointState/om.db-5445da43-654b-42f8-9114-9f55ade1ba44 for snapshot snap3
2025-03-20 02:11:16,417 [IPC Server handler 10 on default port 15006] INFO  snapshot.SnapshotDiffManager (SnapshotDiffManager.java:submitSnapDiffJob(689)) - Submitting snap diff report generation request for volume: vol64656, bucket: bucket19, fromSnapshot: snap1 and toSnapshot: snap3
2025-03-20 02:11:16,417 [om1-snapshot-diff-job-thread-id-2] INFO  snapshot.SnapshotDiffManager (SnapshotDiffManager.java:generateSnapshotDiffReport(792)) - Started snap diff report generation for volume: 'vol64656', bucket: 'bucket19', fromSnapshot: 'snap1', toSnapshot: 'snap3'
2025-03-20 02:11:16,418 [om1-snapshot-diff-job-thread-id-2] WARN  snapshot.SnapshotCache (SnapshotCache.java:get(147)) - Snapshot cache size (28) exceeds configured soft-limit (10).
2025-03-20 02:11:16,418 [om1-snapshot-diff-job-thread-id-2] INFO  snapshot.SnapshotCache (SnapshotCache.java:lambda$2(155)) - Loading SnapshotId: '248acc87-52b6-4fd1-a2eb-278d6c7e2b44'
2025-03-20 02:11:16,418 [om1-snapshot-diff-job-thread-id-2] WARN  server.ServerUtils (ServerUtils.java:getDBPath(297)) - ozone.om.db.dirs is not configured. We recommend adding this setting. Falling back to ozone.metadata.dirs instead.
2025-03-20 02:11:16,445 [om1-snapshot-diff-job-thread-id-2] WARN  snapshot.SnapshotCache (SnapshotCache.java:get(147)) - Snapshot cache size (29) exceeds configured soft-limit (10).
2025-03-20 02:11:16,445 [om1-snapshot-diff-job-thread-id-2] INFO  snapshot.SnapshotCache (SnapshotCache.java:lambda$2(155)) - Loading SnapshotId: '5445da43-654b-42f8-9114-9f55ade1ba44'
2025-03-20 02:11:16,445 [om1-snapshot-diff-job-thread-id-2] WARN  server.ServerUtils (ServerUtils.java:getDBPath(297)) - ozone.om.db.dirs is not configured. We recommend adding this setting. Falling back to ozone.metadata.dirs instead.
2025-03-20 02:11:16,497 [om1-snapshot-diff-job-thread-id-2] INFO  snapshot.SnapshotDiffManager (SnapshotDiffManager.java:generateDiffReport(1232)) - Starting diff report generation for jobId: f7ab0ca2-158f-4de6-9c4e-0b26d1f3b1c5.
2025-03-20 02:11:17,423 [IPC Server handler 12 on default port 15006] INFO  snapshot.SnapshotDiffManager (SnapshotDiffManager.java:submitSnapDiffJob(689)) - Submitting snap diff report generation request for volume: vol64656, bucket: bucket19, fromSnapshot: snap2 and toSnapshot: snap3
2025-03-20 02:11:17,423 [om1-snapshot-diff-job-thread-id-3] INFO  snapshot.SnapshotDiffManager (SnapshotDiffManager.java:generateSnapshotDiffReport(792)) - Started snap diff report generation for volume: 'vol64656', bucket: 'bucket19', fromSnapshot: 'snap2', toSnapshot: 'snap3'
2025-03-20 02:11:17,424 [om1-snapshot-diff-job-thread-id-3] WARN  snapshot.SnapshotCache (SnapshotCache.java:get(147)) - Snapshot cache size (30) exceeds configured soft-limit (10).
2025-03-20 02:11:17,424 [om1-snapshot-diff-job-thread-id-3] INFO  snapshot.SnapshotCache (SnapshotCache.java:lambda$2(155)) - Loading SnapshotId: '8ba24c77-5339-48b6-b3fc-adf8c12ceb3d'
2025-03-20 02:11:17,424 [om1-snapshot-diff-job-thread-id-3] WARN  server.ServerUtils (ServerUtils.java:getDBPath(297)) - ozone.om.db.dirs is not configured. We recommend adding this setting. Falling back to ozone.metadata.dirs instead.
2025-03-20 02:11:17,450 [om1-snapshot-diff-job-thread-id-3] WARN  snapshot.SnapshotCache (SnapshotCache.java:get(147)) - Snapshot cache size (31) exceeds configured soft-limit (10).
2025-03-20 02:11:17,467 [om1-snapshot-diff-job-thread-id-3] INFO  snapshot.SnapshotDiffManager (SnapshotDiffManager.java:generateDiffReport(1232)) - Starting diff report generation for jobId: 0a7d7848-dee0-4a66-81e5-4218e076dfce.
2025-03-20 02:11:18,449 [om1-OMStateMachineApplyTransactionThread - 0] WARN  snapshot.OMSnapshotCreateRequest (OMSnapshotCreateRequest.java:estimateBucketDataSize(342)) - DefaultReplicationConfig is not correctly set in OmBucketInfo for volume 'vol64656' bucket 'bucket19'. Falling back to config default 'RATIS/THREE'
2025-03-20 02:11:18,449 [om1-OMStateMachineApplyTransactionThread - 0] INFO  snapshot.OMSnapshotCreateRequest (OMSnapshotCreateRequest.java:validateAndUpdateCache(223)) - Created snapshot: 'snap4' with snapshotId: '39be5e09-43c9-4930-a322-87ecda2fec67' under path 'vol64656/bucket19'
2025-03-20 02:11:18,450 [main] WARN  server.ServerUtils (ServerUtils.java:getDBPath(297)) - ozone.om.db.dirs is not configured. We recommend adding this setting. Falling back to ozone.metadata.dirs instead.
2025-03-20 02:11:18,475 [om1-OMDoubleBufferFlushThread] INFO  db.RDBCheckpointManager (RDBCheckpointManager.java:createCheckpoint(87)) - Created checkpoint in rocksDB at /home/runner/work/ozone/ozone/hadoop-ozone/integration-test/target/test-dir/MiniOzoneClusterImpl-897eaf7f-b25b-4380-b284-a53405b32f13/ozone-meta/db.snapshots/checkpointState/om.db-39be5e09-43c9-4930-a322-87ecda2fec67 in 24 milliseconds
2025-03-20 02:11:18,476 [om1-OMDoubleBufferFlushThread] WARN  om.OmSnapshotManager (OmSnapshotManager.java:performOperationOnKeys(548)) - Took 184126 ns to find endKey. Caller is deleteKeysFromDelKeyTableInSnapshotScope
2025-03-20 02:11:18,476 [om1-OMDoubleBufferFlushThread] INFO  om.OmSnapshotManager (OmSnapshotManager.java:createOmSnapshotCheckpoint(482)) - Created checkpoint : /home/runner/work/ozone/ozone/hadoop-ozone/integration-test/target/test-dir/MiniOzoneClusterImpl-897eaf7f-b25b-4380-b284-a53405b32f13/ozone-meta/db.snapshots/checkpointState/om.db-39be5e09-43c9-4930-a322-87ecda2fec67 for snapshot snap4
2025-03-20 02:11:19,452 [IPC Server handler 18 on default port 15006] INFO  snapshot.SnapshotDiffManager (SnapshotDiffManager.java:submitSnapDiffJob(689)) - Submitting snap diff report generation request for volume: vol64656, bucket: bucket19, fromSnapshot: snap1 and toSnapshot: snap4
2025-03-20 02:11:19,453 [om1-snapshot-diff-job-thread-id-4] INFO  snapshot.SnapshotDiffManager (SnapshotDiffManager.java:generateSnapshotDiffReport(792)) - Started snap diff report generation for volume: 'vol64656', bucket: 'bucket19', fromSnapshot: 'snap1', toSnapshot: 'snap4'
2025-03-20 02:11:19,453 [om1-snapshot-diff-job-thread-id-4] WARN  snapshot.SnapshotCache (SnapshotCache.java:get(147)) - Snapshot cache size (31) exceeds configured soft-limit (10).
2025-03-20 02:11:19,453 [om1-snapshot-diff-job-thread-id-4] WARN  snapshot.SnapshotCache (SnapshotCache.java:get(147)) - Snapshot cache size (31) exceeds configured soft-limit (10).
2025-03-20 02:11:19,453 [om1-snapshot-diff-job-thread-id-4] INFO  snapshot.SnapshotCache (SnapshotCache.java:lambda$2(155)) - Loading SnapshotId: '39be5e09-43c9-4930-a322-87ecda2fec67'
2025-03-20 02:11:19,454 [om1-snapshot-diff-job-thread-id-4] WARN  server.ServerUtils (ServerUtils.java:getDBPath(297)) - ozone.om.db.dirs is not configured. We recommend adding this setting. Falling back to ozone.metadata.dirs instead.
2025-03-20 02:11:19,511 [om1-snapshot-diff-job-thread-id-4] INFO  snapshot.SnapshotDiffManager (SnapshotDiffManager.java:generateDiffReport(1232)) - Starting diff report generation for jobId: b93803ca-5a06-4880-acfd-2e8b28167b65.
2025-03-20 02:11:20,458 [IPC Server handler 0 on default port 15006] INFO  snapshot.SnapshotDiffManager (SnapshotDiffManager.java:submitSnapDiffJob(689)) - Submitting snap diff report generation request for volume: vol64656, bucket: bucket19, fromSnapshot: snap2 and toSnapshot: snap4
2025-03-20 02:11:20,459 [om1-snapshot-diff-job-thread-id-5] INFO  snapshot.SnapshotDiffManager (SnapshotDiffManager.java:generateSnapshotDiffReport(792)) - Started snap diff report generation for volume: 'vol64656', bucket: 'bucket19', fromSnapshot: 'snap2', toSnapshot: 'snap4'
2025-03-20 02:11:20,459 [om1-snapshot-diff-job-thread-id-5] WARN  snapshot.SnapshotCache (SnapshotCache.java:get(147)) - Snapshot cache size (32) exceeds configured soft-limit (10).
2025-03-20 02:11:20,459 [om1-snapshot-diff-job-thread-id-5] WARN  snapshot.SnapshotCache (SnapshotCache.java:get(147)) - Snapshot cache size (32) exceeds configured soft-limit (10).
2025-03-20 02:11:20,479 [om1-snapshot-diff-job-thread-id-5] INFO  snapshot.SnapshotDiffManager (SnapshotDiffManager.java:generateDiffReport(1232)) - Starting diff report generation for jobId: a7118f5d-a54c-4336-9491-237f6ccfd090.
]]></system-out>
  </testcase>
  <testcase name="testSnapDiffWithDirectoryDelete" classname="org.apache.hadoop.ozone.om.snapshot.TestOmSnapshotObjectStore" time="0.0">
    <skipped type="org.opentest4j.TestAbortedException"><![CDATA[org.opentest4j.TestAbortedException: Assumption failed: assumption is not true
	at org.apache.hadoop.ozone.om.snapshot.TestOmSnapshot.testSnapDiffWithDirectoryDelete(TestOmSnapshot.java:1028)
	at java.base/java.lang.reflect.Method.invoke(Method.java:580)
	at java.base/java.util.ArrayList.forEach(ArrayList.java:1596)
	at java.base/java.util.ArrayList.forEach(ArrayList.java:1596)
]]></skipped>
  </testcase>
  <testcase name="testBucketDeleteIfSnapshotExists" classname="org.apache.hadoop.ozone.om.snapshot.TestOmSnapshotObjectStore" time="1.077">
    <system-out><![CDATA[2025-03-20 02:11:21,465 [main] INFO  rpc.RpcClient (RpcClient.java:createVolume(462)) - Creating Volume: vol-367, with runner as owner and space quota set to -1 bytes, counts quota set to -1
2025-03-20 02:11:21,467 [om1-OMStateMachineApplyTransactionThread - 0] INFO  volume.OMVolumeCreateRequest (OMVolumeCreateRequest.java:validateAndUpdateCache(204)) - created volume:vol-367 for user:runner
2025-03-20 02:11:21,469 [main] INFO  rpc.RpcClient (RpcClient.java:createBucket(687)) - Creating Bucket: vol-367/buc-368370, with server-side default bucket layout, runner as owner, Versioning false, Storage Type set to DISK and Encryption set to false, Replication Type set to server-side default replication type, Namespace Quota set to -1, Space Quota set to -1 
2025-03-20 02:11:21,470 [om1-OMStateMachineApplyTransactionThread - 0] INFO  bucket.OMBucketCreateRequest (OMBucketCreateRequest.java:validateAndUpdateCache(291)) - created bucket: buc-368370 of layout OBJECT_STORE in volume: vol-367
2025-03-20 02:11:21,472 [main] INFO  rpc.RpcClient (RpcClient.java:createBucket(687)) - Creating Bucket: vol-367/buc-368, with server-side default bucket layout, runner as owner, Versioning false, Storage Type set to DISK and Encryption set to false, Replication Type set to server-side default replication type, Namespace Quota set to -1, Space Quota set to -1 
2025-03-20 02:11:21,473 [om1-OMStateMachineApplyTransactionThread - 0] INFO  bucket.OMBucketCreateRequest (OMBucketCreateRequest.java:validateAndUpdateCache(291)) - created bucket: buc-368 of layout OBJECT_STORE in volume: vol-367
2025-03-20 02:11:21,474 [main] INFO  rpc.RpcClient (RpcClient.java:createBucket(687)) - Creating Bucket: vol-367/buc-369371, with server-side default bucket layout, runner as owner, Versioning false, Storage Type set to DISK and Encryption set to false, Replication Type set to server-side default replication type, Namespace Quota set to -1, Space Quota set to -1 
2025-03-20 02:11:21,475 [om1-OMStateMachineApplyTransactionThread - 0] INFO  bucket.OMBucketCreateRequest (OMBucketCreateRequest.java:validateAndUpdateCache(291)) - created bucket: buc-369371 of layout OBJECT_STORE in volume: vol-367
2025-03-20 02:11:21,476 [main] INFO  rpc.RpcClient (RpcClient.java:createBucket(687)) - Creating Bucket: vol-367/buc-369, with server-side default bucket layout, runner as owner, Versioning false, Storage Type set to DISK and Encryption set to false, Replication Type set to server-side default replication type, Namespace Quota set to -1, Space Quota set to -1 
2025-03-20 02:11:21,478 [om1-OMStateMachineApplyTransactionThread - 0] INFO  bucket.OMBucketCreateRequest (OMBucketCreateRequest.java:validateAndUpdateCache(291)) - created bucket: buc-369 of layout OBJECT_STORE in volume: vol-367
2025-03-20 02:11:21,524 [om1-OMStateMachineApplyTransactionThread - 0] WARN  snapshot.OMSnapshotCreateRequest (OMSnapshotCreateRequest.java:estimateBucketDataSize(342)) - DefaultReplicationConfig is not correctly set in OmBucketInfo for volume 'vol-367' bucket 'buc-368370'. Falling back to config default 'RATIS/THREE'
2025-03-20 02:11:21,524 [om1-OMStateMachineApplyTransactionThread - 0] INFO  snapshot.OMSnapshotCreateRequest (OMSnapshotCreateRequest.java:validateAndUpdateCache(223)) - Created snapshot: 'db13f7b3-75f0-420a-89e2-cde530eb0b06' with snapshotId: '095748e2-b3b1-4dad-9d98-497fcb60319c' under path 'vol-367/buc-368370'
2025-03-20 02:11:21,525 [main] WARN  server.ServerUtils (ServerUtils.java:getDBPath(297)) - ozone.om.db.dirs is not configured. We recommend adding this setting. Falling back to ozone.metadata.dirs instead.
2025-03-20 02:11:21,559 [om1-OMDoubleBufferFlushThread] INFO  db.RDBCheckpointManager (RDBCheckpointManager.java:createCheckpoint(87)) - Created checkpoint in rocksDB at /home/runner/work/ozone/ozone/hadoop-ozone/integration-test/target/test-dir/MiniOzoneClusterImpl-897eaf7f-b25b-4380-b284-a53405b32f13/ozone-meta/db.snapshots/checkpointState/om.db-095748e2-b3b1-4dad-9d98-497fcb60319c in 32 milliseconds
2025-03-20 02:11:21,559 [om1-OMDoubleBufferFlushThread] INFO  om.OmSnapshotManager (OmSnapshotManager.java:createOmSnapshotCheckpoint(482)) - Created checkpoint : /home/runner/work/ozone/ozone/hadoop-ozone/integration-test/target/test-dir/MiniOzoneClusterImpl-897eaf7f-b25b-4380-b284-a53405b32f13/ozone-meta/db.snapshots/checkpointState/om.db-095748e2-b3b1-4dad-9d98-497fcb60319c for snapshot db13f7b3-75f0-420a-89e2-cde530eb0b06
2025-03-20 02:11:22,537 [om1-OMStateMachineApplyTransactionThread - 0] ERROR bucket.OMBucketDeleteRequest (OMBucketDeleteRequest.java:validateAndUpdateCache(220)) - Delete bucket failed for bucket:buc-368370 in volume:vol-367
CONTAINS_SNAPSHOT org.apache.hadoop.ozone.om.exceptions.OMException: Bucket buc-368370 can't be deleted when it has snapshots
	at org.apache.hadoop.ozone.om.request.bucket.OMBucketDeleteRequest.validateAndUpdateCache(OMBucketDeleteRequest.java:156)
	at org.apache.hadoop.ozone.protocolPB.OzoneManagerRequestHandler.lambda$0(OzoneManagerRequestHandler.java:419)
	at org.apache.hadoop.ozone.util.MetricUtil.captureLatencyNs(MetricUtil.java:45)
	at org.apache.hadoop.ozone.protocolPB.OzoneManagerRequestHandler.handleWriteRequestImpl(OzoneManagerRequestHandler.java:417)
	at org.apache.hadoop.ozone.protocolPB.RequestHandler.handleWriteRequest(RequestHandler.java:62)
	at org.apache.hadoop.ozone.om.ratis.OzoneManagerStateMachine.runCommand(OzoneManagerStateMachine.java:558)
	at org.apache.hadoop.ozone.om.ratis.OzoneManagerStateMachine.lambda$2(OzoneManagerStateMachine.java:374)
	at java.base/java.util.concurrent.CompletableFuture$AsyncSupply.run(CompletableFuture.java:1768)
	at java.base/java.util.concurrent.ThreadPoolExecutor.runWorker(ThreadPoolExecutor.java:1144)
	at java.base/java.util.concurrent.ThreadPoolExecutor$Worker.run(ThreadPoolExecutor.java:642)
	at java.base/java.lang.Thread.run(Thread.java:1583)
02:11:22.538 [om1-OMStateMachineApplyTransactionThread - 0] ERROR OMAudit - user=runner | ip=127.0.0.1 | op=DELETE_BUCKET {volume=vol-367, bucket=buc-368370, Transaction=1723} | ret=FAILURE
org.apache.hadoop.ozone.om.exceptions.OMException: Bucket buc-368370 can't be deleted when it has snapshots
	at org.apache.hadoop.ozone.om.request.bucket.OMBucketDeleteRequest.validateAndUpdateCache(OMBucketDeleteRequest.java:156) ~[ozone-manager-2.1.0-SNAPSHOT.jar:?]
	at org.apache.hadoop.ozone.protocolPB.OzoneManagerRequestHandler.lambda$0(OzoneManagerRequestHandler.java:419) ~[ozone-manager-2.1.0-SNAPSHOT.jar:?]
	at org.apache.hadoop.ozone.util.MetricUtil.captureLatencyNs(MetricUtil.java:45) ~[hdds-common-2.1.0-SNAPSHOT.jar:?]
	at org.apache.hadoop.ozone.protocolPB.OzoneManagerRequestHandler.handleWriteRequestImpl(OzoneManagerRequestHandler.java:417) ~[ozone-manager-2.1.0-SNAPSHOT.jar:?]
	at org.apache.hadoop.ozone.protocolPB.RequestHandler.handleWriteRequest(RequestHandler.java:62) ~[ozone-manager-2.1.0-SNAPSHOT.jar:?]
	at org.apache.hadoop.ozone.om.ratis.OzoneManagerStateMachine.runCommand(OzoneManagerStateMachine.java:558) ~[ozone-manager-2.1.0-SNAPSHOT.jar:?]
	at org.apache.hadoop.ozone.om.ratis.OzoneManagerStateMachine.lambda$2(OzoneManagerStateMachine.java:374) ~[ozone-manager-2.1.0-SNAPSHOT.jar:?]
	at java.base/java.util.concurrent.CompletableFuture$AsyncSupply.run(CompletableFuture.java:1768) ~[?:?]
	at java.base/java.util.concurrent.ThreadPoolExecutor.runWorker(ThreadPoolExecutor.java:1144) ~[?:?]
	at java.base/java.util.concurrent.ThreadPoolExecutor$Worker.run(ThreadPoolExecutor.java:642) ~[?:?]
	at java.base/java.lang.Thread.run(Thread.java:1583) [?:?]
]]></system-out>
  </testcase>
  <testcase name="testGetSnapshotInfo" classname="org.apache.hadoop.ozone.om.snapshot.TestOmSnapshotObjectStore" time="2.095">
    <system-out><![CDATA[2025-03-20 02:11:22,543 [main] INFO  rpc.RpcClient (RpcClient.java:createVolume(462)) - Creating Volume: vol-374, with runner as owner and space quota set to -1 bytes, counts quota set to -1
2025-03-20 02:11:22,545 [om1-OMStateMachineApplyTransactionThread - 0] INFO  volume.OMVolumeCreateRequest (OMVolumeCreateRequest.java:validateAndUpdateCache(204)) - created volume:vol-374 for user:runner
2025-03-20 02:11:22,546 [main] INFO  rpc.RpcClient (RpcClient.java:createBucket(687)) - Creating Bucket: vol-374/buck-375376, with server-side default bucket layout, runner as owner, Versioning false, Storage Type set to DISK and Encryption set to false, Replication Type set to server-side default replication type, Namespace Quota set to -1, Space Quota set to -1 
2025-03-20 02:11:22,547 [om1-OMStateMachineApplyTransactionThread - 0] INFO  bucket.OMBucketCreateRequest (OMBucketCreateRequest.java:validateAndUpdateCache(291)) - created bucket: buck-375376 of layout OBJECT_STORE in volume: vol-374
2025-03-20 02:11:22,548 [main] INFO  rpc.RpcClient (RpcClient.java:createBucket(687)) - Creating Bucket: vol-374/buck-375, with server-side default bucket layout, runner as owner, Versioning false, Storage Type set to DISK and Encryption set to false, Replication Type set to server-side default replication type, Namespace Quota set to -1, Space Quota set to -1 
2025-03-20 02:11:22,550 [om1-OMStateMachineApplyTransactionThread - 0] INFO  bucket.OMBucketCreateRequest (OMBucketCreateRequest.java:validateAndUpdateCache(291)) - created bucket: buck-375 of layout OBJECT_STORE in volume: vol-374
2025-03-20 02:11:22,600 [om1-OMStateMachineApplyTransactionThread - 0] WARN  snapshot.OMSnapshotCreateRequest (OMSnapshotCreateRequest.java:estimateBucketDataSize(342)) - DefaultReplicationConfig is not correctly set in OmBucketInfo for volume 'vol-374' bucket 'buck-375376'. Falling back to config default 'RATIS/THREE'
2025-03-20 02:11:22,600 [om1-OMStateMachineApplyTransactionThread - 0] INFO  snapshot.OMSnapshotCreateRequest (OMSnapshotCreateRequest.java:validateAndUpdateCache(223)) - Created snapshot: 'snap-377' with snapshotId: '91e39c6f-0442-47b6-a7e1-3d7df5fb5518' under path 'vol-374/buck-375376'
2025-03-20 02:11:22,601 [main] WARN  server.ServerUtils (ServerUtils.java:getDBPath(297)) - ozone.om.db.dirs is not configured. We recommend adding this setting. Falling back to ozone.metadata.dirs instead.
2025-03-20 02:11:22,635 [om1-OMDoubleBufferFlushThread] INFO  db.RDBCheckpointManager (RDBCheckpointManager.java:createCheckpoint(87)) - Created checkpoint in rocksDB at /home/runner/work/ozone/ozone/hadoop-ozone/integration-test/target/test-dir/MiniOzoneClusterImpl-897eaf7f-b25b-4380-b284-a53405b32f13/ozone-meta/db.snapshots/checkpointState/om.db-91e39c6f-0442-47b6-a7e1-3d7df5fb5518 in 32 milliseconds
2025-03-20 02:11:22,636 [om1-OMDoubleBufferFlushThread] INFO  om.OmSnapshotManager (OmSnapshotManager.java:createOmSnapshotCheckpoint(482)) - Created checkpoint : /home/runner/work/ozone/ozone/hadoop-ozone/integration-test/target/test-dir/MiniOzoneClusterImpl-897eaf7f-b25b-4380-b284-a53405b32f13/ozone-meta/db.snapshots/checkpointState/om.db-91e39c6f-0442-47b6-a7e1-3d7df5fb5518 for snapshot snap-377
2025-03-20 02:11:23,629 [om1-OMStateMachineApplyTransactionThread - 0] WARN  snapshot.OMSnapshotCreateRequest (OMSnapshotCreateRequest.java:estimateBucketDataSize(342)) - DefaultReplicationConfig is not correctly set in OmBucketInfo for volume 'vol-374' bucket 'buck-375376'. Falling back to config default 'RATIS/THREE'
2025-03-20 02:11:23,630 [om1-OMStateMachineApplyTransactionThread - 0] INFO  snapshot.OMSnapshotCreateRequest (OMSnapshotCreateRequest.java:validateAndUpdateCache(223)) - Created snapshot: 'snap-378' with snapshotId: '093c1df3-2973-40da-aa26-7628f3c3494a' under path 'vol-374/buck-375376'
2025-03-20 02:11:23,630 [main] WARN  server.ServerUtils (ServerUtils.java:getDBPath(297)) - ozone.om.db.dirs is not configured. We recommend adding this setting. Falling back to ozone.metadata.dirs instead.
2025-03-20 02:11:23,656 [om1-OMDoubleBufferFlushThread] INFO  db.RDBCheckpointManager (RDBCheckpointManager.java:createCheckpoint(87)) - Created checkpoint in rocksDB at /home/runner/work/ozone/ozone/hadoop-ozone/integration-test/target/test-dir/MiniOzoneClusterImpl-897eaf7f-b25b-4380-b284-a53405b32f13/ozone-meta/db.snapshots/checkpointState/om.db-093c1df3-2973-40da-aa26-7628f3c3494a in 24 milliseconds
2025-03-20 02:11:23,657 [om1-OMDoubleBufferFlushThread] INFO  om.OmSnapshotManager (OmSnapshotManager.java:createOmSnapshotCheckpoint(482)) - Created checkpoint : /home/runner/work/ozone/ozone/hadoop-ozone/integration-test/target/test-dir/MiniOzoneClusterImpl-897eaf7f-b25b-4380-b284-a53405b32f13/ozone-meta/db.snapshots/checkpointState/om.db-093c1df3-2973-40da-aa26-7628f3c3494a for snapshot snap-378
02:11:24.636 [IPC Server handler 2 on default port 15006] ERROR OMAudit - user=runner | ip=127.0.0.1 | op=SNAPSHOT_INFO {volume=vol-374, bucket=buck-375376} | ret=FAILURE
org.apache.hadoop.ozone.om.exceptions.OMException: Snapshot '/vol-374/buck-375376/snapshotName' is not found.
	at org.apache.hadoop.ozone.om.snapshot.SnapshotUtils.getSnapshotInfo(SnapshotUtils.java:85) ~[ozone-manager-2.1.0-SNAPSHOT.jar:?]
	at org.apache.hadoop.ozone.om.snapshot.SnapshotUtils.getSnapshotInfo(SnapshotUtils.java:68) ~[ozone-manager-2.1.0-SNAPSHOT.jar:?]
	at org.apache.hadoop.ozone.om.OmMetadataManagerImpl.getSnapshotInfo(OmMetadataManagerImpl.java:1421) ~[ozone-manager-2.1.0-SNAPSHOT.jar:?]
	at org.apache.hadoop.ozone.om.OzoneManager.getSnapshotInfo(OzoneManager.java:2941) ~[ozone-manager-2.1.0-SNAPSHOT.jar:?]
	at org.apache.hadoop.ozone.protocolPB.OzoneManagerRequestHandler.getSnapshotInfo(OzoneManagerRequestHandler.java:1481) ~[ozone-manager-2.1.0-SNAPSHOT.jar:?]
	at org.apache.hadoop.ozone.protocolPB.OzoneManagerRequestHandler.handleReadRequest(OzoneManagerRequestHandler.java:377) ~[ozone-manager-2.1.0-SNAPSHOT.jar:?]
	at org.apache.hadoop.ozone.protocolPB.OzoneManagerProtocolServerSideTranslatorPB.submitReadRequestToOM(OzoneManagerProtocolServerSideTranslatorPB.java:224) ~[ozone-manager-2.1.0-SNAPSHOT.jar:?]
	at org.apache.hadoop.ozone.protocolPB.OzoneManagerProtocolServerSideTranslatorPB.internalProcessRequest(OzoneManagerProtocolServerSideTranslatorPB.java:161) ~[ozone-manager-2.1.0-SNAPSHOT.jar:?]
	at org.apache.hadoop.ozone.protocolPB.OzoneManagerProtocolServerSideTranslatorPB.processRequest(OzoneManagerProtocolServerSideTranslatorPB.java:127) ~[ozone-manager-2.1.0-SNAPSHOT.jar:?]
	at org.apache.hadoop.hdds.server.OzoneProtocolMessageDispatcher.processRequest(OzoneProtocolMessageDispatcher.java:87) ~[hdds-server-framework-2.1.0-SNAPSHOT.jar:?]
	at org.apache.hadoop.ozone.protocolPB.OzoneManagerProtocolServerSideTranslatorPB.submitRequest(OzoneManagerProtocolServerSideTranslatorPB.java:118) ~[ozone-manager-2.1.0-SNAPSHOT.jar:?]
	at org.apache.hadoop.ozone.protocol.proto.OzoneManagerProtocolProtos$OzoneManagerService$2.callBlockingMethod(OzoneManagerProtocolProtos.java) ~[ozone-interface-client-2.1.0-SNAPSHOT.jar:?]
	at org.apache.hadoop.ipc.ProtobufRpcEngine$Server.processCall(ProtobufRpcEngine.java:484) ~[hadoop-common-3.4.1.jar:?]
	at org.apache.hadoop.ipc.ProtobufRpcEngine2$Server$ProtoBufRpcInvoker.call(ProtobufRpcEngine2.java:595) ~[hadoop-common-3.4.1.jar:?]
	at org.apache.hadoop.ipc.ProtobufRpcEngine2$Server$ProtoBufRpcInvoker.call(ProtobufRpcEngine2.java:573) ~[hadoop-common-3.4.1.jar:?]
	at org.apache.hadoop.ipc.RPC$Server.call(RPC.java:1227) ~[hadoop-common-3.4.1.jar:?]
	at org.apache.hadoop.ipc.Server$RpcCall.run(Server.java:1246) ~[hadoop-common-3.4.1.jar:?]
	at org.apache.hadoop.ipc.Server$RpcCall.run(Server.java:1169) ~[hadoop-common-3.4.1.jar:?]
	at java.base/java.security.AccessController.doPrivileged(AccessController.java:714) [?:?]
	at java.base/javax.security.auth.Subject.doAs(Subject.java:525) [?:?]
	at org.apache.hadoop.security.UserGroupInformation.doAs(UserGroupInformation.java:1953) [hadoop-common-3.4.1.jar:?]
	at org.apache.hadoop.ipc.Server$Handler.run(Server.java:3198) [hadoop-common-3.4.1.jar:?]
2025-03-20 02:11:24,637 [IPC Server handler 3 on default port 15006] WARN  om.OzoneManager (OzoneManager.java:resolveBucketLink(4423)) - Bucket bucketName not found in volume vol-374
02:11:24.637 [IPC Server handler 3 on default port 15006] ERROR OMAudit - user=runner | ip=127.0.0.1 | op=SNAPSHOT_INFO {volume=vol-374, bucket=bucketName} | ret=FAILURE
org.apache.hadoop.ozone.om.exceptions.OMException: Bucket not found: vol-374/bucketName
	at org.apache.hadoop.ozone.om.OzoneManagerUtils.reportNotFound(OzoneManagerUtils.java:85) ~[ozone-manager-2.1.0-SNAPSHOT.jar:?]
	at org.apache.hadoop.ozone.om.OzoneManagerUtils.getBucketInfo(OzoneManagerUtils.java:70) ~[ozone-manager-2.1.0-SNAPSHOT.jar:?]
	at org.apache.hadoop.ozone.om.BucketManagerImpl.getBucketInfo(BucketManagerImpl.java:79) ~[ozone-manager-2.1.0-SNAPSHOT.jar:?]
	at org.apache.hadoop.ozone.om.OzoneManager.resolveBucketLink(OzoneManager.java:4421) ~[ozone-manager-2.1.0-SNAPSHOT.jar:?]
	at org.apache.hadoop.ozone.om.OzoneManager.resolveBucketLink(OzoneManager.java:4379) ~[ozone-manager-2.1.0-SNAPSHOT.jar:?]
	at org.apache.hadoop.ozone.om.OzoneManager.resolveBucketLink(OzoneManager.java:4358) ~[ozone-manager-2.1.0-SNAPSHOT.jar:?]
	at org.apache.hadoop.ozone.om.OzoneManager.resolveBucketLink(OzoneManager.java:4329) ~[ozone-manager-2.1.0-SNAPSHOT.jar:?]
	at org.apache.hadoop.ozone.om.OzoneManager.getSnapshotInfo(OzoneManager.java:2937) ~[ozone-manager-2.1.0-SNAPSHOT.jar:?]
	at org.apache.hadoop.ozone.protocolPB.OzoneManagerRequestHandler.getSnapshotInfo(OzoneManagerRequestHandler.java:1481) ~[ozone-manager-2.1.0-SNAPSHOT.jar:?]
	at org.apache.hadoop.ozone.protocolPB.OzoneManagerRequestHandler.handleReadRequest(OzoneManagerRequestHandler.java:377) ~[ozone-manager-2.1.0-SNAPSHOT.jar:?]
	at org.apache.hadoop.ozone.protocolPB.OzoneManagerProtocolServerSideTranslatorPB.submitReadRequestToOM(OzoneManagerProtocolServerSideTranslatorPB.java:224) ~[ozone-manager-2.1.0-SNAPSHOT.jar:?]
	at org.apache.hadoop.ozone.protocolPB.OzoneManagerProtocolServerSideTranslatorPB.internalProcessRequest(OzoneManagerProtocolServerSideTranslatorPB.java:161) ~[ozone-manager-2.1.0-SNAPSHOT.jar:?]
	at org.apache.hadoop.ozone.protocolPB.OzoneManagerProtocolServerSideTranslatorPB.processRequest(OzoneManagerProtocolServerSideTranslatorPB.java:127) ~[ozone-manager-2.1.0-SNAPSHOT.jar:?]
	at org.apache.hadoop.hdds.server.OzoneProtocolMessageDispatcher.processRequest(OzoneProtocolMessageDispatcher.java:87) ~[hdds-server-framework-2.1.0-SNAPSHOT.jar:?]
	at org.apache.hadoop.ozone.protocolPB.OzoneManagerProtocolServerSideTranslatorPB.submitRequest(OzoneManagerProtocolServerSideTranslatorPB.java:118) ~[ozone-manager-2.1.0-SNAPSHOT.jar:?]
	at org.apache.hadoop.ozone.protocol.proto.OzoneManagerProtocolProtos$OzoneManagerService$2.callBlockingMethod(OzoneManagerProtocolProtos.java) ~[ozone-interface-client-2.1.0-SNAPSHOT.jar:?]
	at org.apache.hadoop.ipc.ProtobufRpcEngine$Server.processCall(ProtobufRpcEngine.java:484) ~[hadoop-common-3.4.1.jar:?]
	at org.apache.hadoop.ipc.ProtobufRpcEngine2$Server$ProtoBufRpcInvoker.call(ProtobufRpcEngine2.java:595) ~[hadoop-common-3.4.1.jar:?]
	at org.apache.hadoop.ipc.ProtobufRpcEngine2$Server$ProtoBufRpcInvoker.call(ProtobufRpcEngine2.java:573) ~[hadoop-common-3.4.1.jar:?]
	at org.apache.hadoop.ipc.RPC$Server.call(RPC.java:1227) ~[hadoop-common-3.4.1.jar:?]
	at org.apache.hadoop.ipc.Server$RpcCall.run(Server.java:1246) ~[hadoop-common-3.4.1.jar:?]
	at org.apache.hadoop.ipc.Server$RpcCall.run(Server.java:1169) ~[hadoop-common-3.4.1.jar:?]
	at java.base/java.security.AccessController.doPrivileged(AccessController.java:714) [?:?]
	at java.base/javax.security.auth.Subject.doAs(Subject.java:525) [?:?]
	at org.apache.hadoop.security.UserGroupInformation.doAs(UserGroupInformation.java:1953) [hadoop-common-3.4.1.jar:?]
	at org.apache.hadoop.ipc.Server$Handler.run(Server.java:3198) [hadoop-common-3.4.1.jar:?]
]]></system-out>
  </testcase>
  <testcase name="testSnapshotReuseSnapName" classname="org.apache.hadoop.ozone.om.snapshot.TestOmSnapshotObjectStore" time="3.183">
    <system-out><![CDATA[2025-03-20 02:11:24,641 [om1-KeyDeletingService#0] INFO  snapshot.SnapshotCache (SnapshotCache.java:lambda$2(155)) - Loading SnapshotId: '095748e2-b3b1-4dad-9d98-497fcb60319c'
2025-03-20 02:11:24,641 [om1-KeyDeletingService#0] WARN  server.ServerUtils (ServerUtils.java:getDBPath(297)) - ozone.om.db.dirs is not configured. We recommend adding this setting. Falling back to ozone.metadata.dirs instead.
2025-03-20 02:11:24,643 [main] INFO  rpc.RpcClient (RpcClient.java:createVolume(462)) - Creating Volume: vol-379, with runner as owner and space quota set to -1 bytes, counts quota set to -1
2025-03-20 02:11:24,645 [om1-OpenKeyCleanupService#0] INFO  service.OpenKeyCleanupService (OpenKeyCleanupService.java:call(242)) - Number of expired open keys submitted for deletion: 0, for commit: 0, cleanupLimit: 1000, elapsed time: 6ms
2025-03-20 02:11:24,646 [om1-OpenKeyCleanupService#0] INFO  service.OpenKeyCleanupService (OpenKeyCleanupService.java:call(242)) - Number of expired open keys submitted for deletion: 0, for commit: 0, cleanupLimit: 1000, elapsed time: 0ms
2025-03-20 02:11:24,646 [om1-OMStateMachineApplyTransactionThread - 0] INFO  volume.OMVolumeCreateRequest (OMVolumeCreateRequest.java:validateAndUpdateCache(204)) - created volume:vol-379 for user:runner
2025-03-20 02:11:24,649 [main] INFO  rpc.RpcClient (RpcClient.java:createBucket(687)) - Creating Bucket: vol-379/buck-380381, with server-side default bucket layout, runner as owner, Versioning false, Storage Type set to DISK and Encryption set to false, Replication Type set to server-side default replication type, Namespace Quota set to -1, Space Quota set to -1 
2025-03-20 02:11:24,650 [om1-SnapshotDeletingService#0] INFO  service.SnapshotDeletingService (SnapshotDeletingService.java:call(170)) - Started Snapshot Deletion Processing for snapshot : /vol-254/buck-255256/snap258
2025-03-20 02:11:24,651 [om1-OMStateMachineApplyTransactionThread - 0] INFO  bucket.OMBucketCreateRequest (OMBucketCreateRequest.java:validateAndUpdateCache(291)) - created bucket: buck-380381 of layout OBJECT_STORE in volume: vol-379
2025-03-20 02:11:24,653 [main] INFO  rpc.RpcClient (RpcClient.java:createBucket(687)) - Creating Bucket: vol-379/buck-380, with server-side default bucket layout, runner as owner, Versioning false, Storage Type set to DISK and Encryption set to false, Replication Type set to server-side default replication type, Namespace Quota set to -1, Space Quota set to -1 
2025-03-20 02:11:24,655 [om1-OMStateMachineApplyTransactionThread - 0] INFO  bucket.OMBucketCreateRequest (OMBucketCreateRequest.java:validateAndUpdateCache(291)) - created bucket: buck-380 of layout OBJECT_STORE in volume: vol-379
2025-03-20 02:11:24,684 [om1-KeyDeletingService#0] INFO  snapshot.SnapshotCache (SnapshotCache.java:lambda$2(155)) - Loading SnapshotId: 'ff8e8104-e303-487b-b164-080c8d48eebe'
2025-03-20 02:11:24,684 [om1-KeyDeletingService#0] WARN  server.ServerUtils (ServerUtils.java:getDBPath(297)) - ozone.om.db.dirs is not configured. We recommend adding this setting. Falling back to ozone.metadata.dirs instead.
2025-03-20 02:11:24,690 [om1-OMStateMachineApplyTransactionThread - 0] WARN  snapshot.OMSnapshotCreateRequest (OMSnapshotCreateRequest.java:estimateBucketDataSize(342)) - DefaultReplicationConfig is not correctly set in OmBucketInfo for volume 'vol-379' bucket 'buck-380381'. Falling back to config default 'RATIS/THREE'
2025-03-20 02:11:24,691 [om1-OMStateMachineApplyTransactionThread - 0] INFO  snapshot.OMSnapshotCreateRequest (OMSnapshotCreateRequest.java:validateAndUpdateCache(223)) - Created snapshot: 'snap383' with snapshotId: '7767362d-9904-4c9e-9066-2b4f27e2fcfd' under path 'vol-379/buck-380381'
2025-03-20 02:11:24,692 [main] WARN  server.ServerUtils (ServerUtils.java:getDBPath(297)) - ozone.om.db.dirs is not configured. We recommend adding this setting. Falling back to ozone.metadata.dirs instead.
2025-03-20 02:11:24,724 [om1-KeyDeletingService#0] INFO  snapshot.SnapshotCache (SnapshotCache.java:lambda$2(155)) - Loading SnapshotId: 'be7070a8-2021-4370-b238-58fc14cdedeb'
2025-03-20 02:11:24,724 [om1-KeyDeletingService#0] WARN  server.ServerUtils (ServerUtils.java:getDBPath(297)) - ozone.om.db.dirs is not configured. We recommend adding this setting. Falling back to ozone.metadata.dirs instead.
2025-03-20 02:11:24,726 [om1-OMDoubleBufferFlushThread] INFO  db.RDBCheckpointManager (RDBCheckpointManager.java:createCheckpoint(87)) - Created checkpoint in rocksDB at /home/runner/work/ozone/ozone/hadoop-ozone/integration-test/target/test-dir/MiniOzoneClusterImpl-897eaf7f-b25b-4380-b284-a53405b32f13/ozone-meta/db.snapshots/checkpointState/om.db-7767362d-9904-4c9e-9066-2b4f27e2fcfd in 33 milliseconds
2025-03-20 02:11:24,727 [om1-OMDoubleBufferFlushThread] INFO  om.OmSnapshotManager (OmSnapshotManager.java:createOmSnapshotCheckpoint(482)) - Created checkpoint : /home/runner/work/ozone/ozone/hadoop-ozone/integration-test/target/test-dir/MiniOzoneClusterImpl-897eaf7f-b25b-4380-b284-a53405b32f13/ozone-meta/db.snapshots/checkpointState/om.db-7767362d-9904-4c9e-9066-2b4f27e2fcfd for snapshot snap383
2025-03-20 02:11:24,757 [om1-KeyDeletingService#0] INFO  snapshot.SnapshotCache (SnapshotCache.java:lambda$2(155)) - Loading SnapshotId: '27554aea-96b9-40ac-b2c7-25b583f11154'
2025-03-20 02:11:24,757 [om1-KeyDeletingService#0] WARN  server.ServerUtils (ServerUtils.java:getDBPath(297)) - ozone.om.db.dirs is not configured. We recommend adding this setting. Falling back to ozone.metadata.dirs instead.
2025-03-20 02:11:24,796 [om1-KeyDeletingService#0] INFO  snapshot.SnapshotCache (SnapshotCache.java:lambda$2(155)) - Loading SnapshotId: '598babb7-4e64-4f8d-b3a5-7bb670ae4ca3'
2025-03-20 02:11:24,796 [om1-KeyDeletingService#0] WARN  server.ServerUtils (ServerUtils.java:getDBPath(297)) - ozone.om.db.dirs is not configured. We recommend adding this setting. Falling back to ozone.metadata.dirs instead.
2025-03-20 02:11:24,829 [om1-KeyDeletingService#0] INFO  utils.BackgroundService (AbstractKeyDeletingService.java:processKeyDeletes(117)) - Send 1 key(s) to SCM, first 1 keys: [BlockGroup[groupID='/vol-367/buc-369371/key-373/-9223372036854337280', blockIDs=[conID: 2 locID: 115816896921600318 bcsId: 0 replicaIndex: null]]]
2025-03-20 02:11:24,839 [IPC Server handler 27 on default port 15001] INFO  ha.SequenceIdGenerator (SequenceIdGenerator.java:getNextId(143)) - Allocate a batch for delTxnId, change lastId from 0 to 1000.
2025-03-20 02:11:24,850 [om1-KeyDeletingService#0] INFO  utils.BackgroundService (AbstractKeyDeletingService.java:processKeyDeletes(122)) - 1 BlockGroup deletion are acked by SCM in 21 ms
2025-03-20 02:11:24,857 [om1-OMStateMachineApplyTransactionThread - 0] ERROR key.OMKeyPurgeRequest (OMKeyPurgeRequest.java:validateAndUpdateCache(87)) - Error occurred while performing OmKeyPurge. 
INVALID_REQUEST org.apache.hadoop.ozone.om.exceptions.OMException: Snapshot validation failed. Expected previous snapshotId : 093c1df3-2973-40da-aa26-7628f3c3494a but was 7767362d-9904-4c9e-9066-2b4f27e2fcfd
	at org.apache.hadoop.ozone.om.snapshot.SnapshotUtils.validatePreviousSnapshotId(SnapshotUtils.java:297)
	at org.apache.hadoop.ozone.om.request.key.OMKeyPurgeRequest.validateAndUpdateCache(OMKeyPurgeRequest.java:83)
	at org.apache.hadoop.ozone.protocolPB.OzoneManagerRequestHandler.lambda$0(OzoneManagerRequestHandler.java:419)
	at org.apache.hadoop.ozone.util.MetricUtil.captureLatencyNs(MetricUtil.java:45)
	at org.apache.hadoop.ozone.protocolPB.OzoneManagerRequestHandler.handleWriteRequestImpl(OzoneManagerRequestHandler.java:417)
	at org.apache.hadoop.ozone.protocolPB.RequestHandler.handleWriteRequest(RequestHandler.java:62)
	at org.apache.hadoop.ozone.om.ratis.OzoneManagerStateMachine.runCommand(OzoneManagerStateMachine.java:558)
	at org.apache.hadoop.ozone.om.ratis.OzoneManagerStateMachine.lambda$2(OzoneManagerStateMachine.java:374)
	at java.base/java.util.concurrent.CompletableFuture$AsyncSupply.run(CompletableFuture.java:1768)
	at java.base/java.util.concurrent.ThreadPoolExecutor.runWorker(ThreadPoolExecutor.java:1144)
	at java.base/java.util.concurrent.ThreadPoolExecutor$Worker.run(ThreadPoolExecutor.java:642)
	at java.base/java.lang.Thread.run(Thread.java:1583)
2025-03-20 02:11:24,858 [om1-KeyDeletingService#0] INFO  utils.BackgroundService (AbstractKeyDeletingService.java:processKeyDeletes(130)) - Blocks for 1 (out of 1) keys are deleted from DB in 9 ms. Limit per task is 20000.
2025-03-20 02:11:24,858 [om1-SnapshotDeletingService#0] INFO  snapshot.SnapshotCache (SnapshotCache.java:lambda$2(155)) - Loading SnapshotId: 'd0a9cb8e-cd1b-4a46-a16d-b6ce5e46a744'
2025-03-20 02:11:24,859 [om1-SnapshotDeletingService#0] WARN  server.ServerUtils (ServerUtils.java:getDBPath(297)) - ozone.om.db.dirs is not configured. We recommend adding this setting. Falling back to ozone.metadata.dirs instead.
2025-03-20 02:11:24,891 [om1-SnapshotDeletingService#0] INFO  service.SnapshotDeletingService (SnapshotDeletingService.java:call(170)) - Started Snapshot Deletion Processing for snapshot : /vol-134/buck-135136/snap138
2025-03-20 02:11:24,891 [om1-SnapshotDeletingService#0] INFO  snapshot.SnapshotCache (SnapshotCache.java:lambda$2(155)) - Loading SnapshotId: 'b233bf3d-8c11-4e25-a6eb-c2c94d536217'
2025-03-20 02:11:24,891 [om1-SnapshotDeletingService#0] WARN  server.ServerUtils (ServerUtils.java:getDBPath(297)) - ozone.om.db.dirs is not configured. We recommend adding this setting. Falling back to ozone.metadata.dirs instead.
2025-03-20 02:11:24,926 [om1-OMStateMachineApplyTransactionThread - 0] INFO  snapshot.OMSnapshotPurgeRequest (OMSnapshotPurgeRequest.java:validateAndUpdateCache(124)) - Successfully executed snapshotPurgeRequest: {snapshotDBKeys: "/vol-254/buck-255256/snap258"
snapshotDBKeys: "/vol-134/buck-135136/snap138"
} along with updating snapshots:{/volume39175/bucket17528/f2d616b3-a58b-49f9-b66e-28cd0d110e38=SnapshotInfo{snapshotId: 'efd8a5bb-d1c5-430e-ad2a-98170c388d0d', name: 'f2d616b3-a58b-49f9-b66e-28cd0d110e38', volumeName: 'volume39175', bucketName: 'bucket17528', snapshotStatus: 'SNAPSHOT_ACTIVE', creationTime: '1742436637927', deletionTime: '-1', pathPreviousSnapshotId: 'fc8bac15-929b-40d7-b6fd-d7e2dd83daaa', globalPreviousSnapshotId: 'fc8bac15-929b-40d7-b6fd-d7e2dd83daaa', snapshotPath: 'volume39175/bucket17528', checkpointDir: '-efd8a5bb-d1c5-430e-ad2a-98170c388d0d', dbTxSequenceNumber: '1496', deepClean: 'false', sstFiltered: 'false', referencedSize: '2078720', referencedReplicatedSize: '6236160', exclusiveSize: '0', exclusiveReplicatedSize: '0', deepCleanedDeletedDir: 'false', lastTransactionInfo: '<ByteString@77d675a4 size=6>'}, /volume39175/bucket17528/snap-76475=SnapshotInfo{snapshotId: 'a674f153-2742-4cec-b5f4-0f12ffbe0401', name: 'snap-76475', volumeName: 'volume39175', bucketName: 'bucket17528', snapshotStatus: 'SNAPSHOT_ACTIVE', creationTime: '1742436630058', deletionTime: '-1', pathPreviousSnapshotId: '359d06fd-7ef2-4a74-9278-82e0b3b86162', globalPreviousSnapshotId: '56b78713-8004-469c-967e-629c1e4cdc53', snapshotPath: 'volume39175/bucket17528', checkpointDir: '-a674f153-2742-4cec-b5f4-0f12ffbe0401', dbTxSequenceNumber: '821', deepClean: 'false', sstFiltered: 'false', referencedSize: '1044480', referencedReplicatedSize: '3133440', exclusiveSize: '0', exclusiveReplicatedSize: '0', deepCleanedDeletedDir: 'false', lastTransactionInfo: '<ByteString@515b13cf size=6>'}}.
2025-03-20 02:11:25,693 [IPC Server handler 12 on default port 15006] INFO  snapshot.SnapshotCache (SnapshotCache.java:lambda$2(155)) - Loading SnapshotId: '7767362d-9904-4c9e-9066-2b4f27e2fcfd'
2025-03-20 02:11:25,693 [IPC Server handler 12 on default port 15006] WARN  server.ServerUtils (ServerUtils.java:getDBPath(297)) - ozone.om.db.dirs is not configured. We recommend adding this setting. Falling back to ozone.metadata.dirs instead.
2025-03-20 02:11:25,725 [om1-OMStateMachineApplyTransactionThread - 0] INFO  snapshot.OMSnapshotDeleteRequest (OMSnapshotDeleteRequest.java:validateAndUpdateCache(229)) - Deleted snapshot 'snap383' under path 'vol-379/buck-380381'
2025-03-20 02:11:25,751 [om1-OMStateMachineApplyTransactionThread - 0] WARN  snapshot.OMSnapshotCreateRequest (OMSnapshotCreateRequest.java:estimateBucketDataSize(342)) - DefaultReplicationConfig is not correctly set in OmBucketInfo for volume 'vol-379' bucket 'buck-380381'. Falling back to config default 'RATIS/THREE'
2025-03-20 02:11:25,751 [om1-OMStateMachineApplyTransactionThread - 0] INFO  snapshot.OMSnapshotCreateRequest (OMSnapshotCreateRequest.java:validateAndUpdateCache(223)) - Created snapshot: 'snap385' with snapshotId: 'ed844424-054c-4522-80e0-a40f3e082b8a' under path 'vol-379/buck-380381'
2025-03-20 02:11:25,752 [main] WARN  server.ServerUtils (ServerUtils.java:getDBPath(297)) - ozone.om.db.dirs is not configured. We recommend adding this setting. Falling back to ozone.metadata.dirs instead.
2025-03-20 02:11:25,781 [om1-OMDoubleBufferFlushThread] INFO  db.RDBCheckpointManager (RDBCheckpointManager.java:createCheckpoint(87)) - Created checkpoint in rocksDB at /home/runner/work/ozone/ozone/hadoop-ozone/integration-test/target/test-dir/MiniOzoneClusterImpl-897eaf7f-b25b-4380-b284-a53405b32f13/ozone-meta/db.snapshots/checkpointState/om.db-ed844424-054c-4522-80e0-a40f3e082b8a in 28 milliseconds
2025-03-20 02:11:25,782 [om1-OMDoubleBufferFlushThread] INFO  om.OmSnapshotManager (OmSnapshotManager.java:createOmSnapshotCheckpoint(482)) - Created checkpoint : /home/runner/work/ozone/ozone/hadoop-ozone/integration-test/target/test-dir/MiniOzoneClusterImpl-897eaf7f-b25b-4380-b284-a53405b32f13/ozone-meta/db.snapshots/checkpointState/om.db-ed844424-054c-4522-80e0-a40f3e082b8a for snapshot snap385
2025-03-20 02:11:26,645 [om1-SnapshotDeletingService#0] INFO  service.SnapshotDeletingService (SnapshotDeletingService.java:call(170)) - Started Snapshot Deletion Processing for snapshot : /vol-379/buck-380381/snap383
2025-03-20 02:11:26,650 [om1-OMStateMachineApplyTransactionThread - 0] INFO  snapshot.OMSnapshotPurgeRequest (OMSnapshotPurgeRequest.java:validateAndUpdateCache(124)) - Successfully executed snapshotPurgeRequest: {snapshotDBKeys: "/vol-379/buck-380381/snap383"
} along with updating snapshots:{/vol-379/buck-380381/snap385=SnapshotInfo{snapshotId: 'ed844424-054c-4522-80e0-a40f3e082b8a', name: 'snap385', volumeName: 'vol-379', bucketName: 'buck-380381', snapshotStatus: 'SNAPSHOT_ACTIVE', creationTime: '1742436685737', deletionTime: '-1', pathPreviousSnapshotId: 'null', globalPreviousSnapshotId: '093c1df3-2973-40da-aa26-7628f3c3494a', snapshotPath: 'vol-379/buck-380381', checkpointDir: '-ed844424-054c-4522-80e0-a40f3e082b8a', dbTxSequenceNumber: '2688', deepClean: 'false', sstFiltered: 'false', referencedSize: '20480', referencedReplicatedSize: '61440', exclusiveSize: '0', exclusiveReplicatedSize: '0', deepCleanedDeletedDir: 'false', lastTransactionInfo: '<ByteString@5fbd508b size=6>'}}.
2025-03-20 02:11:26,782 [om1-OMStateMachineApplyTransactionThread - 0] WARN  snapshot.OMSnapshotCreateRequest (OMSnapshotCreateRequest.java:estimateBucketDataSize(342)) - DefaultReplicationConfig is not correctly set in OmBucketInfo for volume 'vol-379' bucket 'buck-380381'. Falling back to config default 'RATIS/THREE'
2025-03-20 02:11:26,782 [om1-OMStateMachineApplyTransactionThread - 0] INFO  snapshot.OMSnapshotCreateRequest (OMSnapshotCreateRequest.java:validateAndUpdateCache(223)) - Created snapshot: 'snap383' with snapshotId: '633e416a-08fa-4d46-b20c-9f72965b609e' under path 'vol-379/buck-380381'
2025-03-20 02:11:26,784 [main] WARN  server.ServerUtils (ServerUtils.java:getDBPath(297)) - ozone.om.db.dirs is not configured. We recommend adding this setting. Falling back to ozone.metadata.dirs instead.
2025-03-20 02:11:26,813 [om1-OMDoubleBufferFlushThread] INFO  db.RDBCheckpointManager (RDBCheckpointManager.java:createCheckpoint(87)) - Created checkpoint in rocksDB at /home/runner/work/ozone/ozone/hadoop-ozone/integration-test/target/test-dir/MiniOzoneClusterImpl-897eaf7f-b25b-4380-b284-a53405b32f13/ozone-meta/db.snapshots/checkpointState/om.db-633e416a-08fa-4d46-b20c-9f72965b609e in 27 milliseconds
2025-03-20 02:11:26,814 [om1-OMDoubleBufferFlushThread] INFO  om.OmSnapshotManager (OmSnapshotManager.java:createOmSnapshotCheckpoint(482)) - Created checkpoint : /home/runner/work/ozone/ozone/hadoop-ozone/integration-test/target/test-dir/MiniOzoneClusterImpl-897eaf7f-b25b-4380-b284-a53405b32f13/ozone-meta/db.snapshots/checkpointState/om.db-633e416a-08fa-4d46-b20c-9f72965b609e for snapshot snap383
2025-03-20 02:11:27,786 [IPC Server handler 3 on default port 15006] INFO  snapshot.SnapshotCache (SnapshotCache.java:lambda$2(155)) - Loading SnapshotId: '633e416a-08fa-4d46-b20c-9f72965b609e'
2025-03-20 02:11:27,786 [IPC Server handler 3 on default port 15006] WARN  server.ServerUtils (ServerUtils.java:getDBPath(297)) - ozone.om.db.dirs is not configured. We recommend adding this setting. Falling back to ozone.metadata.dirs instead.
2025-03-20 02:11:27,818 [main] INFO  utils.BackgroundService (BackgroundService.java:shutdown(162)) - Shutting down service KeyDeletingService
2025-03-20 02:11:27,819 [main] INFO  utils.BackgroundService (BackgroundService.java:shutdown(162)) - Shutting down service DirectoryDeletingService
2025-03-20 02:11:27,820 [main] INFO  utils.BackgroundService (BackgroundService.java:shutdown(162)) - Shutting down service OpenKeyCleanupService
2025-03-20 02:11:27,820 [main] INFO  utils.BackgroundService (BackgroundService.java:shutdown(162)) - Shutting down service SnapshotDeletingService
2025-03-20 02:11:27,821 [main] INFO  utils.BackgroundService (BackgroundService.java:shutdown(162)) - Shutting down service MultipartUploadCleanupService
]]></system-out>
  </testcase>
  <testcase name="testListDeleteKey" classname="org.apache.hadoop.ozone.om.snapshot.TestOmSnapshotObjectStore" time="2.12">
    <system-out><![CDATA[2025-03-20 02:11:27,823 [main] INFO  rpc.RpcClient (RpcClient.java:createVolume(462)) - Creating Volume: vol-387, with runner as owner and space quota set to -1 bytes, counts quota set to -1
2025-03-20 02:11:27,824 [om1-OMStateMachineApplyTransactionThread - 0] INFO  volume.OMVolumeCreateRequest (OMVolumeCreateRequest.java:validateAndUpdateCache(204)) - created volume:vol-387 for user:runner
2025-03-20 02:11:27,825 [main] INFO  rpc.RpcClient (RpcClient.java:createBucket(687)) - Creating Bucket: vol-387/buc-388389, with server-side default bucket layout, runner as owner, Versioning false, Storage Type set to DISK and Encryption set to false, Replication Type set to server-side default replication type, Namespace Quota set to -1, Space Quota set to -1 
2025-03-20 02:11:27,827 [om1-OMStateMachineApplyTransactionThread - 0] INFO  bucket.OMBucketCreateRequest (OMBucketCreateRequest.java:validateAndUpdateCache(291)) - created bucket: buc-388389 of layout OBJECT_STORE in volume: vol-387
2025-03-20 02:11:27,828 [main] INFO  rpc.RpcClient (RpcClient.java:createBucket(687)) - Creating Bucket: vol-387/buc-388, with server-side default bucket layout, runner as owner, Versioning false, Storage Type set to DISK and Encryption set to false, Replication Type set to server-side default replication type, Namespace Quota set to -1, Space Quota set to -1 
2025-03-20 02:11:27,829 [om1-OMStateMachineApplyTransactionThread - 0] INFO  bucket.OMBucketCreateRequest (OMBucketCreateRequest.java:validateAndUpdateCache(291)) - created bucket: buc-388 of layout OBJECT_STORE in volume: vol-387
2025-03-20 02:11:27,857 [om1-OMStateMachineApplyTransactionThread - 0] WARN  snapshot.OMSnapshotCreateRequest (OMSnapshotCreateRequest.java:estimateBucketDataSize(342)) - DefaultReplicationConfig is not correctly set in OmBucketInfo for volume 'vol-387' bucket 'buc-388389'. Falling back to config default 'RATIS/THREE'
2025-03-20 02:11:27,857 [om1-OMStateMachineApplyTransactionThread - 0] INFO  snapshot.OMSnapshotCreateRequest (OMSnapshotCreateRequest.java:validateAndUpdateCache(223)) - Created snapshot: '76599da5-c101-4c3c-803e-85bf87d5bcf3' with snapshotId: '016be6bc-2293-434f-9712-8b9750133111' under path 'vol-387/buc-388389'
2025-03-20 02:11:27,858 [main] WARN  server.ServerUtils (ServerUtils.java:getDBPath(297)) - ozone.om.db.dirs is not configured. We recommend adding this setting. Falling back to ozone.metadata.dirs instead.
2025-03-20 02:11:27,889 [om1-OMDoubleBufferFlushThread] INFO  db.RDBCheckpointManager (RDBCheckpointManager.java:createCheckpoint(87)) - Created checkpoint in rocksDB at /home/runner/work/ozone/ozone/hadoop-ozone/integration-test/target/test-dir/MiniOzoneClusterImpl-897eaf7f-b25b-4380-b284-a53405b32f13/ozone-meta/db.snapshots/checkpointState/om.db-016be6bc-2293-434f-9712-8b9750133111 in 29 milliseconds
2025-03-20 02:11:27,890 [om1-OMDoubleBufferFlushThread] INFO  om.OmSnapshotManager (OmSnapshotManager.java:createOmSnapshotCheckpoint(482)) - Created checkpoint : /home/runner/work/ozone/ozone/hadoop-ozone/integration-test/target/test-dir/MiniOzoneClusterImpl-897eaf7f-b25b-4380-b284-a53405b32f13/ozone-meta/db.snapshots/checkpointState/om.db-016be6bc-2293-434f-9712-8b9750133111 for snapshot 76599da5-c101-4c3c-803e-85bf87d5bcf3
2025-03-20 02:11:28,863 [IPC Server handler 18 on default port 15006] INFO  snapshot.SnapshotCache (SnapshotCache.java:lambda$2(155)) - Loading SnapshotId: '016be6bc-2293-434f-9712-8b9750133111'
2025-03-20 02:11:28,864 [IPC Server handler 18 on default port 15006] WARN  server.ServerUtils (ServerUtils.java:getDBPath(297)) - ozone.om.db.dirs is not configured. We recommend adding this setting. Falling back to ozone.metadata.dirs instead.
2025-03-20 02:11:28,911 [om1-OMStateMachineApplyTransactionThread - 0] WARN  snapshot.OMSnapshotCreateRequest (OMSnapshotCreateRequest.java:estimateBucketDataSize(342)) - DefaultReplicationConfig is not correctly set in OmBucketInfo for volume 'vol-387' bucket 'buc-388389'. Falling back to config default 'RATIS/THREE'
2025-03-20 02:11:28,911 [om1-OMStateMachineApplyTransactionThread - 0] INFO  snapshot.OMSnapshotCreateRequest (OMSnapshotCreateRequest.java:validateAndUpdateCache(223)) - Created snapshot: 'e5dfe626-3382-4a8e-ab69-c85afee6829b' with snapshotId: '69381baf-f504-4dc6-9132-4acf70714bde' under path 'vol-387/buc-388389'
2025-03-20 02:11:28,912 [main] WARN  server.ServerUtils (ServerUtils.java:getDBPath(297)) - ozone.om.db.dirs is not configured. We recommend adding this setting. Falling back to ozone.metadata.dirs instead.
2025-03-20 02:11:28,938 [om1-OMDoubleBufferFlushThread] INFO  db.RDBCheckpointManager (RDBCheckpointManager.java:createCheckpoint(87)) - Created checkpoint in rocksDB at /home/runner/work/ozone/ozone/hadoop-ozone/integration-test/target/test-dir/MiniOzoneClusterImpl-897eaf7f-b25b-4380-b284-a53405b32f13/ozone-meta/db.snapshots/checkpointState/om.db-69381baf-f504-4dc6-9132-4acf70714bde in 25 milliseconds
2025-03-20 02:11:28,939 [om1-OMDoubleBufferFlushThread] WARN  om.OmSnapshotManager (OmSnapshotManager.java:performOperationOnKeys(548)) - Took 163917 ns to find endKey. Caller is deleteKeysFromDelKeyTableInSnapshotScope
2025-03-20 02:11:28,939 [om1-OMDoubleBufferFlushThread] INFO  om.OmSnapshotManager (OmSnapshotManager.java:createOmSnapshotCheckpoint(482)) - Created checkpoint : /home/runner/work/ozone/ozone/hadoop-ozone/integration-test/target/test-dir/MiniOzoneClusterImpl-897eaf7f-b25b-4380-b284-a53405b32f13/ozone-meta/db.snapshots/checkpointState/om.db-69381baf-f504-4dc6-9132-4acf70714bde for snapshot e5dfe626-3382-4a8e-ab69-c85afee6829b
2025-03-20 02:11:29,913 [IPC Server handler 1 on default port 15006] INFO  snapshot.SnapshotCache (SnapshotCache.java:lambda$2(155)) - Loading SnapshotId: '69381baf-f504-4dc6-9132-4acf70714bde'
2025-03-20 02:11:29,913 [IPC Server handler 1 on default port 15006] WARN  server.ServerUtils (ServerUtils.java:getDBPath(297)) - ozone.om.db.dirs is not configured. We recommend adding this setting. Falling back to ozone.metadata.dirs instead.
]]></system-out>
  </testcase>
  <testcase name="testListAddNewKey" classname="org.apache.hadoop.ozone.om.snapshot.TestOmSnapshotObjectStore" time="2.145">
    <system-out><![CDATA[2025-03-20 02:11:29,943 [main] INFO  rpc.RpcClient (RpcClient.java:createVolume(462)) - Creating Volume: vol-391, with runner as owner and space quota set to -1 bytes, counts quota set to -1
2025-03-20 02:11:29,944 [om1-OMStateMachineApplyTransactionThread - 0] INFO  volume.OMVolumeCreateRequest (OMVolumeCreateRequest.java:validateAndUpdateCache(204)) - created volume:vol-391 for user:runner
2025-03-20 02:11:29,946 [main] INFO  rpc.RpcClient (RpcClient.java:createBucket(687)) - Creating Bucket: vol-391/buc-392393, with server-side default bucket layout, runner as owner, Versioning false, Storage Type set to DISK and Encryption set to false, Replication Type set to server-side default replication type, Namespace Quota set to -1, Space Quota set to -1 
2025-03-20 02:11:29,947 [om1-OMStateMachineApplyTransactionThread - 0] INFO  bucket.OMBucketCreateRequest (OMBucketCreateRequest.java:validateAndUpdateCache(291)) - created bucket: buc-392393 of layout OBJECT_STORE in volume: vol-391
2025-03-20 02:11:29,948 [main] INFO  rpc.RpcClient (RpcClient.java:createBucket(687)) - Creating Bucket: vol-391/buc-392, with server-side default bucket layout, runner as owner, Versioning false, Storage Type set to DISK and Encryption set to false, Replication Type set to server-side default replication type, Namespace Quota set to -1, Space Quota set to -1 
2025-03-20 02:11:29,949 [om1-OMStateMachineApplyTransactionThread - 0] INFO  bucket.OMBucketCreateRequest (OMBucketCreateRequest.java:validateAndUpdateCache(291)) - created bucket: buc-392 of layout OBJECT_STORE in volume: vol-391
2025-03-20 02:11:29,977 [om1-OMStateMachineApplyTransactionThread - 0] WARN  snapshot.OMSnapshotCreateRequest (OMSnapshotCreateRequest.java:estimateBucketDataSize(342)) - DefaultReplicationConfig is not correctly set in OmBucketInfo for volume 'vol-391' bucket 'buc-392393'. Falling back to config default 'RATIS/THREE'
2025-03-20 02:11:29,977 [om1-OMStateMachineApplyTransactionThread - 0] INFO  snapshot.OMSnapshotCreateRequest (OMSnapshotCreateRequest.java:validateAndUpdateCache(223)) - Created snapshot: '81f81447-384d-4f67-ae2e-e958c313dfdf' with snapshotId: '9b5d7b60-4bdd-4af9-8979-b686688b72f7' under path 'vol-391/buc-392393'
2025-03-20 02:11:29,977 [main] WARN  server.ServerUtils (ServerUtils.java:getDBPath(297)) - ozone.om.db.dirs is not configured. We recommend adding this setting. Falling back to ozone.metadata.dirs instead.
2025-03-20 02:11:30,013 [om1-OMDoubleBufferFlushThread] INFO  db.RDBCheckpointManager (RDBCheckpointManager.java:createCheckpoint(87)) - Created checkpoint in rocksDB at /home/runner/work/ozone/ozone/hadoop-ozone/integration-test/target/test-dir/MiniOzoneClusterImpl-897eaf7f-b25b-4380-b284-a53405b32f13/ozone-meta/db.snapshots/checkpointState/om.db-9b5d7b60-4bdd-4af9-8979-b686688b72f7 in 34 milliseconds
2025-03-20 02:11:30,013 [om1-OMDoubleBufferFlushThread] INFO  om.OmSnapshotManager (OmSnapshotManager.java:createOmSnapshotCheckpoint(482)) - Created checkpoint : /home/runner/work/ozone/ozone/hadoop-ozone/integration-test/target/test-dir/MiniOzoneClusterImpl-897eaf7f-b25b-4380-b284-a53405b32f13/ozone-meta/db.snapshots/checkpointState/om.db-9b5d7b60-4bdd-4af9-8979-b686688b72f7 for snapshot 81f81447-384d-4f67-ae2e-e958c313dfdf
2025-03-20 02:11:31,010 [om1-OMStateMachineApplyTransactionThread - 0] WARN  snapshot.OMSnapshotCreateRequest (OMSnapshotCreateRequest.java:estimateBucketDataSize(342)) - DefaultReplicationConfig is not correctly set in OmBucketInfo for volume 'vol-391' bucket 'buc-392393'. Falling back to config default 'RATIS/THREE'
2025-03-20 02:11:31,010 [om1-OMStateMachineApplyTransactionThread - 0] INFO  snapshot.OMSnapshotCreateRequest (OMSnapshotCreateRequest.java:validateAndUpdateCache(223)) - Created snapshot: '653b4122-2ce9-4900-8d0b-ed5839099707' with snapshotId: '15e2d5f8-9c45-4e13-8864-fc38412d42af' under path 'vol-391/buc-392393'
2025-03-20 02:11:31,011 [main] WARN  server.ServerUtils (ServerUtils.java:getDBPath(297)) - ozone.om.db.dirs is not configured. We recommend adding this setting. Falling back to ozone.metadata.dirs instead.
2025-03-20 02:11:31,040 [om1-OMDoubleBufferFlushThread] INFO  db.RDBCheckpointManager (RDBCheckpointManager.java:createCheckpoint(87)) - Created checkpoint in rocksDB at /home/runner/work/ozone/ozone/hadoop-ozone/integration-test/target/test-dir/MiniOzoneClusterImpl-897eaf7f-b25b-4380-b284-a53405b32f13/ozone-meta/db.snapshots/checkpointState/om.db-15e2d5f8-9c45-4e13-8864-fc38412d42af in 28 milliseconds
2025-03-20 02:11:31,041 [om1-OMDoubleBufferFlushThread] INFO  om.OmSnapshotManager (OmSnapshotManager.java:createOmSnapshotCheckpoint(482)) - Created checkpoint : /home/runner/work/ozone/ozone/hadoop-ozone/integration-test/target/test-dir/MiniOzoneClusterImpl-897eaf7f-b25b-4380-b284-a53405b32f13/ozone-meta/db.snapshots/checkpointState/om.db-15e2d5f8-9c45-4e13-8864-fc38412d42af for snapshot 653b4122-2ce9-4900-8d0b-ed5839099707
2025-03-20 02:11:32,012 [IPC Server handler 13 on default port 15006] INFO  snapshot.SnapshotCache (SnapshotCache.java:lambda$2(155)) - Loading SnapshotId: '9b5d7b60-4bdd-4af9-8979-b686688b72f7'
2025-03-20 02:11:32,012 [IPC Server handler 13 on default port 15006] WARN  server.ServerUtils (ServerUtils.java:getDBPath(297)) - ozone.om.db.dirs is not configured. We recommend adding this setting. Falling back to ozone.metadata.dirs instead.
2025-03-20 02:11:32,045 [IPC Server handler 17 on default port 15006] INFO  snapshot.SnapshotCache (SnapshotCache.java:lambda$2(155)) - Loading SnapshotId: '15e2d5f8-9c45-4e13-8864-fc38412d42af'
2025-03-20 02:11:32,045 [IPC Server handler 17 on default port 15006] WARN  server.ServerUtils (ServerUtils.java:getDBPath(297)) - ozone.om.db.dirs is not configured. We recommend adding this setting. Falling back to ozone.metadata.dirs instead.
2025-03-20 02:11:32,079 [IPC Server handler 18 on default port 15006] WARN  snapshot.SnapshotCache (SnapshotCache.java:get(147)) - Snapshot cache size (11) exceeds configured soft-limit (10).
]]></system-out>
  </testcase>
  <testcase name="testSnapDiff" classname="org.apache.hadoop.ozone.om.snapshot.TestOmSnapshotObjectStore" time="12.256">
    <system-out><![CDATA[2025-03-20 02:11:32,088 [main] INFO  rpc.RpcClient (RpcClient.java:createVolume(462)) - Creating Volume: vol-396, with runner as owner and space quota set to -1 bytes, counts quota set to -1
2025-03-20 02:11:32,091 [om1-OMStateMachineApplyTransactionThread - 0] INFO  volume.OMVolumeCreateRequest (OMVolumeCreateRequest.java:validateAndUpdateCache(204)) - created volume:vol-396 for user:runner
2025-03-20 02:11:32,092 [main] INFO  rpc.RpcClient (RpcClient.java:createBucket(687)) - Creating Bucket: vol-396/buck-397398, with server-side default bucket layout, runner as owner, Versioning false, Storage Type set to DISK and Encryption set to false, Replication Type set to server-side default replication type, Namespace Quota set to -1, Space Quota set to -1 
2025-03-20 02:11:32,093 [om1-OMStateMachineApplyTransactionThread - 0] INFO  bucket.OMBucketCreateRequest (OMBucketCreateRequest.java:validateAndUpdateCache(291)) - created bucket: buck-397398 of layout OBJECT_STORE in volume: vol-396
2025-03-20 02:11:32,094 [main] INFO  rpc.RpcClient (RpcClient.java:createBucket(687)) - Creating Bucket: vol-396/buck-397, with server-side default bucket layout, runner as owner, Versioning false, Storage Type set to DISK and Encryption set to false, Replication Type set to server-side default replication type, Namespace Quota set to -1, Space Quota set to -1 
2025-03-20 02:11:32,095 [om1-OMStateMachineApplyTransactionThread - 0] INFO  bucket.OMBucketCreateRequest (OMBucketCreateRequest.java:validateAndUpdateCache(291)) - created bucket: buck-397 of layout OBJECT_STORE in volume: vol-396
2025-03-20 02:11:32,123 [om1-OMStateMachineApplyTransactionThread - 0] WARN  snapshot.OMSnapshotCreateRequest (OMSnapshotCreateRequest.java:estimateBucketDataSize(342)) - DefaultReplicationConfig is not correctly set in OmBucketInfo for volume 'vol-396' bucket 'buck-397398'. Falling back to config default 'RATIS/THREE'
2025-03-20 02:11:32,123 [om1-OMStateMachineApplyTransactionThread - 0] INFO  snapshot.OMSnapshotCreateRequest (OMSnapshotCreateRequest.java:validateAndUpdateCache(223)) - Created snapshot: 'snap400' with snapshotId: '46c7e5a0-112c-48cc-af33-6161e07b9206' under path 'vol-396/buck-397398'
2025-03-20 02:11:32,124 [main] WARN  server.ServerUtils (ServerUtils.java:getDBPath(297)) - ozone.om.db.dirs is not configured. We recommend adding this setting. Falling back to ozone.metadata.dirs instead.
2025-03-20 02:11:32,159 [om1-OMDoubleBufferFlushThread] INFO  db.RDBCheckpointManager (RDBCheckpointManager.java:createCheckpoint(87)) - Created checkpoint in rocksDB at /home/runner/work/ozone/ozone/hadoop-ozone/integration-test/target/test-dir/MiniOzoneClusterImpl-897eaf7f-b25b-4380-b284-a53405b32f13/ozone-meta/db.snapshots/checkpointState/om.db-46c7e5a0-112c-48cc-af33-6161e07b9206 in 34 milliseconds
2025-03-20 02:11:32,160 [om1-OMDoubleBufferFlushThread] INFO  om.OmSnapshotManager (OmSnapshotManager.java:createOmSnapshotCheckpoint(482)) - Created checkpoint : /home/runner/work/ozone/ozone/hadoop-ozone/integration-test/target/test-dir/MiniOzoneClusterImpl-897eaf7f-b25b-4380-b284-a53405b32f13/ozone-meta/db.snapshots/checkpointState/om.db-46c7e5a0-112c-48cc-af33-6161e07b9206 for snapshot snap400
2025-03-20 02:11:33,154 [om1-OMStateMachineApplyTransactionThread - 0] WARN  snapshot.OMSnapshotCreateRequest (OMSnapshotCreateRequest.java:estimateBucketDataSize(342)) - DefaultReplicationConfig is not correctly set in OmBucketInfo for volume 'vol-396' bucket 'buck-397398'. Falling back to config default 'RATIS/THREE'
2025-03-20 02:11:33,155 [om1-OMStateMachineApplyTransactionThread - 0] INFO  snapshot.OMSnapshotCreateRequest (OMSnapshotCreateRequest.java:validateAndUpdateCache(223)) - Created snapshot: 'snap401' with snapshotId: '92249823-24d8-4268-a37c-8eceabd105fd' under path 'vol-396/buck-397398'
2025-03-20 02:11:33,157 [main] WARN  server.ServerUtils (ServerUtils.java:getDBPath(297)) - ozone.om.db.dirs is not configured. We recommend adding this setting. Falling back to ozone.metadata.dirs instead.
2025-03-20 02:11:33,176 [om1-OMDoubleBufferFlushThread] INFO  db.RDBCheckpointManager (RDBCheckpointManager.java:createCheckpoint(87)) - Created checkpoint in rocksDB at /home/runner/work/ozone/ozone/hadoop-ozone/integration-test/target/test-dir/MiniOzoneClusterImpl-897eaf7f-b25b-4380-b284-a53405b32f13/ozone-meta/db.snapshots/checkpointState/om.db-92249823-24d8-4268-a37c-8eceabd105fd in 18 milliseconds
2025-03-20 02:11:33,177 [om1-OMDoubleBufferFlushThread] INFO  om.OmSnapshotManager (OmSnapshotManager.java:createOmSnapshotCheckpoint(482)) - Created checkpoint : /home/runner/work/ozone/ozone/hadoop-ozone/integration-test/target/test-dir/MiniOzoneClusterImpl-897eaf7f-b25b-4380-b284-a53405b32f13/ozone-meta/db.snapshots/checkpointState/om.db-92249823-24d8-4268-a37c-8eceabd105fd for snapshot snap401
2025-03-20 02:11:34,163 [IPC Server handler 13 on default port 15006] INFO  snapshot.SnapshotDiffManager (SnapshotDiffManager.java:submitSnapDiffJob(689)) - Submitting snap diff report generation request for volume: vol-396, bucket: buck-397398, fromSnapshot: snap400 and toSnapshot: snap401
2025-03-20 02:11:34,164 [om1-snapshot-diff-job-thread-id-6] INFO  snapshot.SnapshotDiffManager (SnapshotDiffManager.java:generateSnapshotDiffReport(792)) - Started snap diff report generation for volume: 'vol-396', bucket: 'buck-397398', fromSnapshot: 'snap400', toSnapshot: 'snap401'
2025-03-20 02:11:34,164 [om1-snapshot-diff-job-thread-id-6] WARN  snapshot.SnapshotCache (SnapshotCache.java:get(147)) - Snapshot cache size (11) exceeds configured soft-limit (10).
2025-03-20 02:11:34,164 [om1-snapshot-diff-job-thread-id-6] INFO  snapshot.SnapshotCache (SnapshotCache.java:lambda$2(155)) - Loading SnapshotId: '46c7e5a0-112c-48cc-af33-6161e07b9206'
2025-03-20 02:11:34,165 [om1-snapshot-diff-job-thread-id-6] WARN  server.ServerUtils (ServerUtils.java:getDBPath(297)) - ozone.om.db.dirs is not configured. We recommend adding this setting. Falling back to ozone.metadata.dirs instead.
2025-03-20 02:11:34,194 [om1-snapshot-diff-job-thread-id-6] WARN  snapshot.SnapshotCache (SnapshotCache.java:get(147)) - Snapshot cache size (12) exceeds configured soft-limit (10).
2025-03-20 02:11:34,194 [om1-snapshot-diff-job-thread-id-6] INFO  snapshot.SnapshotCache (SnapshotCache.java:lambda$2(155)) - Loading SnapshotId: '92249823-24d8-4268-a37c-8eceabd105fd'
2025-03-20 02:11:34,194 [om1-snapshot-diff-job-thread-id-6] WARN  server.ServerUtils (ServerUtils.java:getDBPath(297)) - ozone.om.db.dirs is not configured. We recommend adding this setting. Falling back to ozone.metadata.dirs instead.
2025-03-20 02:11:34,240 [om1-snapshot-diff-job-thread-id-6] INFO  snapshot.SnapshotDiffManager (SnapshotDiffManager.java:generateDiffReport(1232)) - Starting diff report generation for jobId: 8dc04c78-45b0-4ef4-86de-8a84fc03d934.
2025-03-20 02:11:35,205 [om1-OMStateMachineApplyTransactionThread - 0] WARN  snapshot.OMSnapshotCreateRequest (OMSnapshotCreateRequest.java:estimateBucketDataSize(342)) - DefaultReplicationConfig is not correctly set in OmBucketInfo for volume 'vol-396' bucket 'buck-397398'. Falling back to config default 'RATIS/THREE'
2025-03-20 02:11:35,206 [om1-OMStateMachineApplyTransactionThread - 0] INFO  snapshot.OMSnapshotCreateRequest (OMSnapshotCreateRequest.java:validateAndUpdateCache(223)) - Created snapshot: 'snap403' with snapshotId: '00a176df-0ead-4bfd-937d-eb01b325fd29' under path 'vol-396/buck-397398'
2025-03-20 02:11:35,207 [main] WARN  server.ServerUtils (ServerUtils.java:getDBPath(297)) - ozone.om.db.dirs is not configured. We recommend adding this setting. Falling back to ozone.metadata.dirs instead.
2025-03-20 02:11:35,237 [om1-OMDoubleBufferFlushThread] INFO  db.RDBCheckpointManager (RDBCheckpointManager.java:createCheckpoint(87)) - Created checkpoint in rocksDB at /home/runner/work/ozone/ozone/hadoop-ozone/integration-test/target/test-dir/MiniOzoneClusterImpl-897eaf7f-b25b-4380-b284-a53405b32f13/ozone-meta/db.snapshots/checkpointState/om.db-00a176df-0ead-4bfd-937d-eb01b325fd29 in 29 milliseconds
2025-03-20 02:11:35,238 [om1-OMDoubleBufferFlushThread] WARN  om.OmSnapshotManager (OmSnapshotManager.java:performOperationOnKeys(548)) - Took 221095 ns to find endKey. Caller is deleteKeysFromDelKeyTableInSnapshotScope
2025-03-20 02:11:35,238 [om1-OMDoubleBufferFlushThread] INFO  om.OmSnapshotManager (OmSnapshotManager.java:createOmSnapshotCheckpoint(482)) - Created checkpoint : /home/runner/work/ozone/ozone/hadoop-ozone/integration-test/target/test-dir/MiniOzoneClusterImpl-897eaf7f-b25b-4380-b284-a53405b32f13/ozone-meta/db.snapshots/checkpointState/om.db-00a176df-0ead-4bfd-937d-eb01b325fd29 for snapshot snap403
2025-03-20 02:11:36,209 [IPC Server handler 1 on default port 15006] INFO  snapshot.SnapshotDiffManager (SnapshotDiffManager.java:submitSnapDiffJob(689)) - Submitting snap diff report generation request for volume: vol-396, bucket: buck-397398, fromSnapshot: snap401 and toSnapshot: snap403
2025-03-20 02:11:36,210 [om1-snapshot-diff-job-thread-id-7] INFO  snapshot.SnapshotDiffManager (SnapshotDiffManager.java:generateSnapshotDiffReport(792)) - Started snap diff report generation for volume: 'vol-396', bucket: 'buck-397398', fromSnapshot: 'snap401', toSnapshot: 'snap403'
2025-03-20 02:11:36,210 [om1-snapshot-diff-job-thread-id-7] WARN  snapshot.SnapshotCache (SnapshotCache.java:get(147)) - Snapshot cache size (13) exceeds configured soft-limit (10).
2025-03-20 02:11:36,210 [om1-snapshot-diff-job-thread-id-7] WARN  snapshot.SnapshotCache (SnapshotCache.java:get(147)) - Snapshot cache size (13) exceeds configured soft-limit (10).
2025-03-20 02:11:36,210 [om1-snapshot-diff-job-thread-id-7] INFO  snapshot.SnapshotCache (SnapshotCache.java:lambda$2(155)) - Loading SnapshotId: '00a176df-0ead-4bfd-937d-eb01b325fd29'
2025-03-20 02:11:36,210 [om1-snapshot-diff-job-thread-id-7] WARN  server.ServerUtils (ServerUtils.java:getDBPath(297)) - ozone.om.db.dirs is not configured. We recommend adding this setting. Falling back to ozone.metadata.dirs instead.
2025-03-20 02:11:36,256 [om1-snapshot-diff-job-thread-id-7] INFO  snapshot.SnapshotDiffManager (SnapshotDiffManager.java:generateDiffReport(1232)) - Starting diff report generation for jobId: 3efd53dd-aece-4fbd-acd2-dc72edc84e1f.
2025-03-20 02:11:37,230 [om1-OMStateMachineApplyTransactionThread - 0] WARN  snapshot.OMSnapshotCreateRequest (OMSnapshotCreateRequest.java:estimateBucketDataSize(342)) - DefaultReplicationConfig is not correctly set in OmBucketInfo for volume 'vol-396' bucket 'buck-397398'. Falling back to config default 'RATIS/THREE'
2025-03-20 02:11:37,231 [om1-OMStateMachineApplyTransactionThread - 0] INFO  snapshot.OMSnapshotCreateRequest (OMSnapshotCreateRequest.java:validateAndUpdateCache(223)) - Created snapshot: 'snap404' with snapshotId: '77362a83-bd4b-48e9-a9ea-675b605979a5' under path 'vol-396/buck-397398'
2025-03-20 02:11:37,231 [main] WARN  server.ServerUtils (ServerUtils.java:getDBPath(297)) - ozone.om.db.dirs is not configured. We recommend adding this setting. Falling back to ozone.metadata.dirs instead.
2025-03-20 02:11:37,257 [om1-OMDoubleBufferFlushThread] INFO  db.RDBCheckpointManager (RDBCheckpointManager.java:createCheckpoint(87)) - Created checkpoint in rocksDB at /home/runner/work/ozone/ozone/hadoop-ozone/integration-test/target/test-dir/MiniOzoneClusterImpl-897eaf7f-b25b-4380-b284-a53405b32f13/ozone-meta/db.snapshots/checkpointState/om.db-77362a83-bd4b-48e9-a9ea-675b605979a5 in 25 milliseconds
2025-03-20 02:11:37,258 [om1-OMDoubleBufferFlushThread] INFO  om.OmSnapshotManager (OmSnapshotManager.java:createOmSnapshotCheckpoint(482)) - Created checkpoint : /home/runner/work/ozone/ozone/hadoop-ozone/integration-test/target/test-dir/MiniOzoneClusterImpl-897eaf7f-b25b-4380-b284-a53405b32f13/ozone-meta/db.snapshots/checkpointState/om.db-77362a83-bd4b-48e9-a9ea-675b605979a5 for snapshot snap404
2025-03-20 02:11:38,234 [IPC Server handler 5 on default port 15006] INFO  snapshot.SnapshotDiffManager (SnapshotDiffManager.java:submitSnapDiffJob(689)) - Submitting snap diff report generation request for volume: vol-396, bucket: buck-397398, fromSnapshot: snap403 and toSnapshot: snap404
2025-03-20 02:11:38,234 [om1-snapshot-diff-job-thread-id-8] INFO  snapshot.SnapshotDiffManager (SnapshotDiffManager.java:generateSnapshotDiffReport(792)) - Started snap diff report generation for volume: 'vol-396', bucket: 'buck-397398', fromSnapshot: 'snap403', toSnapshot: 'snap404'
2025-03-20 02:11:38,235 [om1-snapshot-diff-job-thread-id-8] WARN  snapshot.SnapshotCache (SnapshotCache.java:get(147)) - Snapshot cache size (14) exceeds configured soft-limit (10).
2025-03-20 02:11:38,235 [om1-snapshot-diff-job-thread-id-8] WARN  snapshot.SnapshotCache (SnapshotCache.java:get(147)) - Snapshot cache size (14) exceeds configured soft-limit (10).
2025-03-20 02:11:38,235 [om1-snapshot-diff-job-thread-id-8] INFO  snapshot.SnapshotCache (SnapshotCache.java:lambda$2(155)) - Loading SnapshotId: '77362a83-bd4b-48e9-a9ea-675b605979a5'
2025-03-20 02:11:38,235 [om1-snapshot-diff-job-thread-id-8] WARN  server.ServerUtils (ServerUtils.java:getDBPath(297)) - ozone.om.db.dirs is not configured. We recommend adding this setting. Falling back to ozone.metadata.dirs instead.
2025-03-20 02:11:38,282 [om1-snapshot-diff-job-thread-id-8] INFO  snapshot.SnapshotDiffManager (SnapshotDiffManager.java:generateDiffReport(1232)) - Starting diff report generation for jobId: 79f8cae7-73f0-4937-b060-b93f92f861c5.
2025-03-20 02:11:39,262 [om1-OMStateMachineApplyTransactionThread - 0] WARN  snapshot.OMSnapshotCreateRequest (OMSnapshotCreateRequest.java:estimateBucketDataSize(342)) - DefaultReplicationConfig is not correctly set in OmBucketInfo for volume 'vol-396' bucket 'buck-397398'. Falling back to config default 'RATIS/THREE'
2025-03-20 02:11:39,262 [om1-OMStateMachineApplyTransactionThread - 0] INFO  snapshot.OMSnapshotCreateRequest (OMSnapshotCreateRequest.java:validateAndUpdateCache(223)) - Created snapshot: 'snap406' with snapshotId: 'cbf127c8-6895-4ed8-bafd-7d803ebc9813' under path 'vol-396/buck-397398'
2025-03-20 02:11:39,263 [main] WARN  server.ServerUtils (ServerUtils.java:getDBPath(297)) - ozone.om.db.dirs is not configured. We recommend adding this setting. Falling back to ozone.metadata.dirs instead.
2025-03-20 02:11:39,290 [om1-OMDoubleBufferFlushThread] INFO  db.RDBCheckpointManager (RDBCheckpointManager.java:createCheckpoint(87)) - Created checkpoint in rocksDB at /home/runner/work/ozone/ozone/hadoop-ozone/integration-test/target/test-dir/MiniOzoneClusterImpl-897eaf7f-b25b-4380-b284-a53405b32f13/ozone-meta/db.snapshots/checkpointState/om.db-cbf127c8-6895-4ed8-bafd-7d803ebc9813 in 26 milliseconds
2025-03-20 02:11:39,290 [om1-OMDoubleBufferFlushThread] INFO  om.OmSnapshotManager (OmSnapshotManager.java:createOmSnapshotCheckpoint(482)) - Created checkpoint : /home/runner/work/ozone/ozone/hadoop-ozone/integration-test/target/test-dir/MiniOzoneClusterImpl-897eaf7f-b25b-4380-b284-a53405b32f13/ozone-meta/db.snapshots/checkpointState/om.db-cbf127c8-6895-4ed8-bafd-7d803ebc9813 for snapshot snap406
2025-03-20 02:11:40,265 [IPC Server handler 15 on default port 15006] INFO  snapshot.SnapshotDiffManager (SnapshotDiffManager.java:submitSnapDiffJob(689)) - Submitting snap diff report generation request for volume: vol-396, bucket: buck-397398, fromSnapshot: snap404 and toSnapshot: snap406
2025-03-20 02:11:40,266 [om1-snapshot-diff-job-thread-id-9] INFO  snapshot.SnapshotDiffManager (SnapshotDiffManager.java:generateSnapshotDiffReport(792)) - Started snap diff report generation for volume: 'vol-396', bucket: 'buck-397398', fromSnapshot: 'snap404', toSnapshot: 'snap406'
2025-03-20 02:11:40,266 [om1-snapshot-diff-job-thread-id-9] WARN  snapshot.SnapshotCache (SnapshotCache.java:get(147)) - Snapshot cache size (15) exceeds configured soft-limit (10).
2025-03-20 02:11:40,266 [om1-snapshot-diff-job-thread-id-9] WARN  snapshot.SnapshotCache (SnapshotCache.java:get(147)) - Snapshot cache size (15) exceeds configured soft-limit (10).
2025-03-20 02:11:40,266 [om1-snapshot-diff-job-thread-id-9] INFO  snapshot.SnapshotCache (SnapshotCache.java:lambda$2(155)) - Loading SnapshotId: 'cbf127c8-6895-4ed8-bafd-7d803ebc9813'
2025-03-20 02:11:40,266 [om1-snapshot-diff-job-thread-id-9] WARN  server.ServerUtils (ServerUtils.java:getDBPath(297)) - ozone.om.db.dirs is not configured. We recommend adding this setting. Falling back to ozone.metadata.dirs instead.
2025-03-20 02:11:40,312 [om1-snapshot-diff-job-thread-id-9] INFO  snapshot.SnapshotDiffManager (SnapshotDiffManager.java:generateDiffReport(1232)) - Starting diff report generation for jobId: ea298a74-7063-46dc-8032-f1d313ecc9e1.
2025-03-20 02:11:41,295 [om1-OMStateMachineApplyTransactionThread - 0] WARN  snapshot.OMSnapshotCreateRequest (OMSnapshotCreateRequest.java:estimateBucketDataSize(342)) - DefaultReplicationConfig is not correctly set in OmBucketInfo for volume 'vol-396' bucket 'buck-397398'. Falling back to config default 'RATIS/THREE'
2025-03-20 02:11:41,295 [om1-OMStateMachineApplyTransactionThread - 0] INFO  snapshot.OMSnapshotCreateRequest (OMSnapshotCreateRequest.java:validateAndUpdateCache(223)) - Created snapshot: 'snap408' with snapshotId: '4cf0a703-0448-4c78-897f-e359e750bb49' under path 'vol-396/buck-397398'
2025-03-20 02:11:41,296 [main] WARN  server.ServerUtils (ServerUtils.java:getDBPath(297)) - ozone.om.db.dirs is not configured. We recommend adding this setting. Falling back to ozone.metadata.dirs instead.
2025-03-20 02:11:41,324 [om1-OMDoubleBufferFlushThread] INFO  db.RDBCheckpointManager (RDBCheckpointManager.java:createCheckpoint(87)) - Created checkpoint in rocksDB at /home/runner/work/ozone/ozone/hadoop-ozone/integration-test/target/test-dir/MiniOzoneClusterImpl-897eaf7f-b25b-4380-b284-a53405b32f13/ozone-meta/db.snapshots/checkpointState/om.db-4cf0a703-0448-4c78-897f-e359e750bb49 in 27 milliseconds
2025-03-20 02:11:41,324 [om1-OMDoubleBufferFlushThread] INFO  om.OmSnapshotManager (OmSnapshotManager.java:createOmSnapshotCheckpoint(482)) - Created checkpoint : /home/runner/work/ozone/ozone/hadoop-ozone/integration-test/target/test-dir/MiniOzoneClusterImpl-897eaf7f-b25b-4380-b284-a53405b32f13/ozone-meta/db.snapshots/checkpointState/om.db-4cf0a703-0448-4c78-897f-e359e750bb49 for snapshot snap408
2025-03-20 02:11:42,334 [om1-OMStateMachineApplyTransactionThread - 0] WARN  snapshot.OMSnapshotCreateRequest (OMSnapshotCreateRequest.java:estimateBucketDataSize(342)) - DefaultReplicationConfig is not correctly set in OmBucketInfo for volume 'vol-396' bucket 'buck-397398'. Falling back to config default 'RATIS/THREE'
2025-03-20 02:11:42,335 [om1-OMStateMachineApplyTransactionThread - 0] INFO  snapshot.OMSnapshotCreateRequest (OMSnapshotCreateRequest.java:validateAndUpdateCache(223)) - Created snapshot: 'snap409' with snapshotId: '1d3bb5ea-0b5a-4e9b-9147-80af1ecf4636' under path 'vol-396/buck-397398'
2025-03-20 02:11:42,335 [main] WARN  server.ServerUtils (ServerUtils.java:getDBPath(297)) - ozone.om.db.dirs is not configured. We recommend adding this setting. Falling back to ozone.metadata.dirs instead.
2025-03-20 02:11:42,367 [om1-OMDoubleBufferFlushThread] INFO  db.RDBCheckpointManager (RDBCheckpointManager.java:createCheckpoint(87)) - Created checkpoint in rocksDB at /home/runner/work/ozone/ozone/hadoop-ozone/integration-test/target/test-dir/MiniOzoneClusterImpl-897eaf7f-b25b-4380-b284-a53405b32f13/ozone-meta/db.snapshots/checkpointState/om.db-1d3bb5ea-0b5a-4e9b-9147-80af1ecf4636 in 30 milliseconds
2025-03-20 02:11:42,368 [om1-OMDoubleBufferFlushThread] WARN  om.OmSnapshotManager (OmSnapshotManager.java:performOperationOnKeys(548)) - Took 219903 ns to find endKey. Caller is deleteKeysFromDelKeyTableInSnapshotScope
2025-03-20 02:11:42,368 [om1-OMDoubleBufferFlushThread] INFO  om.OmSnapshotManager (OmSnapshotManager.java:createOmSnapshotCheckpoint(482)) - Created checkpoint : /home/runner/work/ozone/ozone/hadoop-ozone/integration-test/target/test-dir/MiniOzoneClusterImpl-897eaf7f-b25b-4380-b284-a53405b32f13/ozone-meta/db.snapshots/checkpointState/om.db-1d3bb5ea-0b5a-4e9b-9147-80af1ecf4636 for snapshot snap409
2025-03-20 02:11:43,338 [IPC Server handler 18 on default port 15006] INFO  snapshot.SnapshotDiffManager (SnapshotDiffManager.java:submitSnapDiffJob(689)) - Submitting snap diff report generation request for volume: vol-396, bucket: buck-397398, fromSnapshot: snap408 and toSnapshot: snap409
2025-03-20 02:11:43,338 [om1-snapshot-diff-job-thread-id-0] INFO  snapshot.SnapshotDiffManager (SnapshotDiffManager.java:generateSnapshotDiffReport(792)) - Started snap diff report generation for volume: 'vol-396', bucket: 'buck-397398', fromSnapshot: 'snap408', toSnapshot: 'snap409'
2025-03-20 02:11:43,338 [om1-snapshot-diff-job-thread-id-0] WARN  snapshot.SnapshotCache (SnapshotCache.java:get(147)) - Snapshot cache size (16) exceeds configured soft-limit (10).
2025-03-20 02:11:43,338 [om1-snapshot-diff-job-thread-id-0] INFO  snapshot.SnapshotCache (SnapshotCache.java:lambda$2(155)) - Loading SnapshotId: '4cf0a703-0448-4c78-897f-e359e750bb49'
2025-03-20 02:11:43,339 [om1-snapshot-diff-job-thread-id-0] WARN  server.ServerUtils (ServerUtils.java:getDBPath(297)) - ozone.om.db.dirs is not configured. We recommend adding this setting. Falling back to ozone.metadata.dirs instead.
2025-03-20 02:11:43,368 [om1-snapshot-diff-job-thread-id-0] WARN  snapshot.SnapshotCache (SnapshotCache.java:get(147)) - Snapshot cache size (17) exceeds configured soft-limit (10).
2025-03-20 02:11:43,368 [om1-snapshot-diff-job-thread-id-0] INFO  snapshot.SnapshotCache (SnapshotCache.java:lambda$2(155)) - Loading SnapshotId: '1d3bb5ea-0b5a-4e9b-9147-80af1ecf4636'
2025-03-20 02:11:43,368 [om1-snapshot-diff-job-thread-id-0] WARN  server.ServerUtils (ServerUtils.java:getDBPath(297)) - ozone.om.db.dirs is not configured. We recommend adding this setting. Falling back to ozone.metadata.dirs instead.
2025-03-20 02:11:43,415 [om1-snapshot-diff-job-thread-id-0] INFO  snapshot.SnapshotDiffManager (SnapshotDiffManager.java:generateDiffReport(1232)) - Starting diff report generation for jobId: a83b4e70-fc14-4e34-b677-4bb99a59d5a2.
]]></system-out>
  </testcase>
  <testcase name="testSnapdiffWithFilesystemCreate" classname="org.apache.hadoop.ozone.om.snapshot.TestOmSnapshotObjectStore" time="0.0">
    <skipped type="org.opentest4j.TestAbortedException"><![CDATA[org.opentest4j.TestAbortedException: Assumption failed: assumption is not true
	at org.apache.hadoop.ozone.om.snapshot.TestOmSnapshot.testSnapdiffWithFilesystemCreate(TestOmSnapshot.java:1096)
	at java.base/java.lang.reflect.Method.invoke(Method.java:580)
	at java.base/java.util.ArrayList.forEach(ArrayList.java:1596)
	at java.base/java.util.ArrayList.forEach(ArrayList.java:1596)
]]></skipped>
  </testcase>
  <testcase name="testSnapDiffHandlingReclaimWithLatestUse" classname="org.apache.hadoop.ozone.om.snapshot.TestOmSnapshotObjectStore" time="5.083">
    <system-out><![CDATA[2025-03-20 02:11:44,347 [main] INFO  rpc.RpcClient (RpcClient.java:createVolume(462)) - Creating Volume: vol61116, with runner as owner and space quota set to -1 bytes, counts quota set to -1
2025-03-20 02:11:44,349 [om1-OMStateMachineApplyTransactionThread - 0] INFO  volume.OMVolumeCreateRequest (OMVolumeCreateRequest.java:validateAndUpdateCache(204)) - created volume:vol61116 for user:runner
2025-03-20 02:11:44,350 [main] INFO  rpc.RpcClient (RpcClient.java:createBucket(687)) - Creating Bucket: vol61116/bucket19, with server-side default bucket layout, runner as owner, Versioning false, Storage Type set to DISK and Encryption set to false, Replication Type set to server-side default replication type, Namespace Quota set to -1, Space Quota set to -1 
2025-03-20 02:11:44,351 [om1-OMStateMachineApplyTransactionThread - 0] INFO  bucket.OMBucketCreateRequest (OMBucketCreateRequest.java:validateAndUpdateCache(291)) - created bucket: bucket19 of layout OBJECT_STORE in volume: vol61116
2025-03-20 02:11:44,352 [main] INFO  rpc.RpcClient (RpcClient.java:createBucket(687)) - Creating Bucket: vol61116/bucket1, with server-side default bucket layout, runner as owner, Versioning false, Storage Type set to DISK and Encryption set to false, Replication Type set to server-side default replication type, Namespace Quota set to -1, Space Quota set to -1 
2025-03-20 02:11:44,354 [om1-OMStateMachineApplyTransactionThread - 0] INFO  bucket.OMBucketCreateRequest (OMBucketCreateRequest.java:validateAndUpdateCache(291)) - created bucket: bucket1 of layout OBJECT_STORE in volume: vol61116
2025-03-20 02:11:44,383 [om1-OMStateMachineApplyTransactionThread - 0] WARN  snapshot.OMSnapshotCreateRequest (OMSnapshotCreateRequest.java:estimateBucketDataSize(342)) - DefaultReplicationConfig is not correctly set in OmBucketInfo for volume 'vol61116' bucket 'bucket19'. Falling back to config default 'RATIS/THREE'
2025-03-20 02:11:44,383 [om1-OMStateMachineApplyTransactionThread - 0] INFO  snapshot.OMSnapshotCreateRequest (OMSnapshotCreateRequest.java:validateAndUpdateCache(223)) - Created snapshot: 'snap1' with snapshotId: '3936377c-f4ec-4425-8641-6f18c92ad05d' under path 'vol61116/bucket19'
2025-03-20 02:11:44,384 [main] WARN  server.ServerUtils (ServerUtils.java:getDBPath(297)) - ozone.om.db.dirs is not configured. We recommend adding this setting. Falling back to ozone.metadata.dirs instead.
2025-03-20 02:11:44,420 [om1-OMDoubleBufferFlushThread] INFO  db.RDBCheckpointManager (RDBCheckpointManager.java:createCheckpoint(87)) - Created checkpoint in rocksDB at /home/runner/work/ozone/ozone/hadoop-ozone/integration-test/target/test-dir/MiniOzoneClusterImpl-897eaf7f-b25b-4380-b284-a53405b32f13/ozone-meta/db.snapshots/checkpointState/om.db-3936377c-f4ec-4425-8641-6f18c92ad05d in 35 milliseconds
2025-03-20 02:11:44,420 [om1-OMDoubleBufferFlushThread] INFO  om.OmSnapshotManager (OmSnapshotManager.java:createOmSnapshotCheckpoint(482)) - Created checkpoint : /home/runner/work/ozone/ozone/hadoop-ozone/integration-test/target/test-dir/MiniOzoneClusterImpl-897eaf7f-b25b-4380-b284-a53405b32f13/ozone-meta/db.snapshots/checkpointState/om.db-3936377c-f4ec-4425-8641-6f18c92ad05d for snapshot snap1
2025-03-20 02:11:45,398 [om1-OMStateMachineApplyTransactionThread - 0] WARN  snapshot.OMSnapshotCreateRequest (OMSnapshotCreateRequest.java:estimateBucketDataSize(342)) - DefaultReplicationConfig is not correctly set in OmBucketInfo for volume 'vol61116' bucket 'bucket19'. Falling back to config default 'RATIS/THREE'
2025-03-20 02:11:45,399 [om1-OMStateMachineApplyTransactionThread - 0] INFO  snapshot.OMSnapshotCreateRequest (OMSnapshotCreateRequest.java:validateAndUpdateCache(223)) - Created snapshot: 'snap2' with snapshotId: 'ffd543ef-8078-41d0-a446-deaa65b3a73e' under path 'vol61116/bucket19'
2025-03-20 02:11:45,399 [main] WARN  server.ServerUtils (ServerUtils.java:getDBPath(297)) - ozone.om.db.dirs is not configured. We recommend adding this setting. Falling back to ozone.metadata.dirs instead.
2025-03-20 02:11:45,419 [om1-OMDoubleBufferFlushThread] INFO  db.RDBCheckpointManager (RDBCheckpointManager.java:createCheckpoint(87)) - Created checkpoint in rocksDB at /home/runner/work/ozone/ozone/hadoop-ozone/integration-test/target/test-dir/MiniOzoneClusterImpl-897eaf7f-b25b-4380-b284-a53405b32f13/ozone-meta/db.snapshots/checkpointState/om.db-ffd543ef-8078-41d0-a446-deaa65b3a73e in 18 milliseconds
2025-03-20 02:11:45,420 [om1-OMDoubleBufferFlushThread] INFO  om.OmSnapshotManager (OmSnapshotManager.java:createOmSnapshotCheckpoint(482)) - Created checkpoint : /home/runner/work/ozone/ozone/hadoop-ozone/integration-test/target/test-dir/MiniOzoneClusterImpl-897eaf7f-b25b-4380-b284-a53405b32f13/ozone-meta/db.snapshots/checkpointState/om.db-ffd543ef-8078-41d0-a446-deaa65b3a73e for snapshot snap2
2025-03-20 02:11:46,416 [om1-OMStateMachineApplyTransactionThread - 0] WARN  snapshot.OMSnapshotCreateRequest (OMSnapshotCreateRequest.java:estimateBucketDataSize(342)) - DefaultReplicationConfig is not correctly set in OmBucketInfo for volume 'vol61116' bucket 'bucket19'. Falling back to config default 'RATIS/THREE'
2025-03-20 02:11:46,416 [om1-OMStateMachineApplyTransactionThread - 0] INFO  snapshot.OMSnapshotCreateRequest (OMSnapshotCreateRequest.java:validateAndUpdateCache(223)) - Created snapshot: 'snap3' with snapshotId: '3c6d74d6-787a-467d-b580-e90582241712' under path 'vol61116/bucket19'
2025-03-20 02:11:46,417 [main] WARN  server.ServerUtils (ServerUtils.java:getDBPath(297)) - ozone.om.db.dirs is not configured. We recommend adding this setting. Falling back to ozone.metadata.dirs instead.
2025-03-20 02:11:46,446 [om1-OMDoubleBufferFlushThread] INFO  db.RDBCheckpointManager (RDBCheckpointManager.java:createCheckpoint(87)) - Created checkpoint in rocksDB at /home/runner/work/ozone/ozone/hadoop-ozone/integration-test/target/test-dir/MiniOzoneClusterImpl-897eaf7f-b25b-4380-b284-a53405b32f13/ozone-meta/db.snapshots/checkpointState/om.db-3c6d74d6-787a-467d-b580-e90582241712 in 28 milliseconds
2025-03-20 02:11:46,447 [om1-OMDoubleBufferFlushThread] WARN  om.OmSnapshotManager (OmSnapshotManager.java:performOperationOnKeys(548)) - Took 159970 ns to find endKey. Caller is deleteKeysFromDelKeyTableInSnapshotScope
2025-03-20 02:11:46,447 [om1-OMDoubleBufferFlushThread] INFO  om.OmSnapshotManager (OmSnapshotManager.java:createOmSnapshotCheckpoint(482)) - Created checkpoint : /home/runner/work/ozone/ozone/hadoop-ozone/integration-test/target/test-dir/MiniOzoneClusterImpl-897eaf7f-b25b-4380-b284-a53405b32f13/ozone-meta/db.snapshots/checkpointState/om.db-3c6d74d6-787a-467d-b580-e90582241712 for snapshot snap3
2025-03-20 02:11:47,419 [IPC Server handler 12 on default port 15006] INFO  snapshot.SnapshotDiffManager (SnapshotDiffManager.java:submitSnapDiffJob(689)) - Submitting snap diff report generation request for volume: vol61116, bucket: bucket19, fromSnapshot: snap1 and toSnapshot: snap2
2025-03-20 02:11:47,420 [om1-snapshot-diff-job-thread-id-1] INFO  snapshot.SnapshotDiffManager (SnapshotDiffManager.java:generateSnapshotDiffReport(792)) - Started snap diff report generation for volume: 'vol61116', bucket: 'bucket19', fromSnapshot: 'snap1', toSnapshot: 'snap2'
2025-03-20 02:11:47,420 [om1-snapshot-diff-job-thread-id-1] WARN  snapshot.SnapshotCache (SnapshotCache.java:get(147)) - Snapshot cache size (18) exceeds configured soft-limit (10).
2025-03-20 02:11:47,420 [om1-snapshot-diff-job-thread-id-1] INFO  snapshot.SnapshotCache (SnapshotCache.java:lambda$2(155)) - Loading SnapshotId: '3936377c-f4ec-4425-8641-6f18c92ad05d'
2025-03-20 02:11:47,420 [om1-snapshot-diff-job-thread-id-1] WARN  server.ServerUtils (ServerUtils.java:getDBPath(297)) - ozone.om.db.dirs is not configured. We recommend adding this setting. Falling back to ozone.metadata.dirs instead.
2025-03-20 02:11:47,449 [om1-snapshot-diff-job-thread-id-1] WARN  snapshot.SnapshotCache (SnapshotCache.java:get(147)) - Snapshot cache size (19) exceeds configured soft-limit (10).
2025-03-20 02:11:47,449 [om1-snapshot-diff-job-thread-id-1] INFO  snapshot.SnapshotCache (SnapshotCache.java:lambda$2(155)) - Loading SnapshotId: 'ffd543ef-8078-41d0-a446-deaa65b3a73e'
2025-03-20 02:11:47,449 [om1-snapshot-diff-job-thread-id-1] WARN  server.ServerUtils (ServerUtils.java:getDBPath(297)) - ozone.om.db.dirs is not configured. We recommend adding this setting. Falling back to ozone.metadata.dirs instead.
2025-03-20 02:11:47,494 [om1-snapshot-diff-job-thread-id-1] INFO  snapshot.SnapshotDiffManager (SnapshotDiffManager.java:generateDiffReport(1232)) - Starting diff report generation for jobId: 8c00c8db-4224-47f7-9e54-9956e8dcd782.
2025-03-20 02:11:48,425 [IPC Server handler 14 on default port 15006] INFO  snapshot.SnapshotDiffManager (SnapshotDiffManager.java:submitSnapDiffJob(689)) - Submitting snap diff report generation request for volume: vol61116, bucket: bucket19, fromSnapshot: snap2 and toSnapshot: snap3
2025-03-20 02:11:48,426 [om1-snapshot-diff-job-thread-id-2] INFO  snapshot.SnapshotDiffManager (SnapshotDiffManager.java:generateSnapshotDiffReport(792)) - Started snap diff report generation for volume: 'vol61116', bucket: 'bucket19', fromSnapshot: 'snap2', toSnapshot: 'snap3'
2025-03-20 02:11:48,426 [om1-snapshot-diff-job-thread-id-2] WARN  snapshot.SnapshotCache (SnapshotCache.java:get(147)) - Snapshot cache size (20) exceeds configured soft-limit (10).
2025-03-20 02:11:48,426 [om1-snapshot-diff-job-thread-id-2] WARN  snapshot.SnapshotCache (SnapshotCache.java:get(147)) - Snapshot cache size (20) exceeds configured soft-limit (10).
2025-03-20 02:11:48,426 [om1-snapshot-diff-job-thread-id-2] INFO  snapshot.SnapshotCache (SnapshotCache.java:lambda$2(155)) - Loading SnapshotId: '3c6d74d6-787a-467d-b580-e90582241712'
2025-03-20 02:11:48,426 [om1-snapshot-diff-job-thread-id-2] WARN  server.ServerUtils (ServerUtils.java:getDBPath(297)) - ozone.om.db.dirs is not configured. We recommend adding this setting. Falling back to ozone.metadata.dirs instead.
2025-03-20 02:11:48,476 [om1-snapshot-diff-job-thread-id-2] INFO  snapshot.SnapshotDiffManager (SnapshotDiffManager.java:generateDiffReport(1232)) - Starting diff report generation for jobId: a7f741c6-22ba-4c1b-b8cb-d7f5b25cd837.
]]></system-out>
  </testcase>
  <testcase name="testListKeyOnEmptyBucket" classname="org.apache.hadoop.ozone.om.snapshot.TestOmSnapshotObjectStore" time="1.061">
    <system-out><![CDATA[2025-03-20 02:11:49,430 [main] INFO  rpc.RpcClient (RpcClient.java:createVolume(462)) - Creating Volume: vol-411, with runner as owner and space quota set to -1 bytes, counts quota set to -1
2025-03-20 02:11:49,432 [om1-OMStateMachineApplyTransactionThread - 0] INFO  volume.OMVolumeCreateRequest (OMVolumeCreateRequest.java:validateAndUpdateCache(204)) - created volume:vol-411 for user:runner
2025-03-20 02:11:49,433 [main] INFO  rpc.RpcClient (RpcClient.java:createBucket(687)) - Creating Bucket: vol-411/buc-412413, with server-side default bucket layout, runner as owner, Versioning false, Storage Type set to DISK and Encryption set to false, Replication Type set to server-side default replication type, Namespace Quota set to -1, Space Quota set to -1 
2025-03-20 02:11:49,434 [om1-OMStateMachineApplyTransactionThread - 0] INFO  bucket.OMBucketCreateRequest (OMBucketCreateRequest.java:validateAndUpdateCache(291)) - created bucket: buc-412413 of layout OBJECT_STORE in volume: vol-411
2025-03-20 02:11:49,435 [main] INFO  rpc.RpcClient (RpcClient.java:createBucket(687)) - Creating Bucket: vol-411/buc-412, with server-side default bucket layout, runner as owner, Versioning false, Storage Type set to DISK and Encryption set to false, Replication Type set to server-side default replication type, Namespace Quota set to -1, Space Quota set to -1 
2025-03-20 02:11:49,437 [om1-OMStateMachineApplyTransactionThread - 0] INFO  bucket.OMBucketCreateRequest (OMBucketCreateRequest.java:validateAndUpdateCache(291)) - created bucket: buc-412 of layout OBJECT_STORE in volume: vol-411
2025-03-20 02:11:49,456 [om1-OMStateMachineApplyTransactionThread - 0] WARN  snapshot.OMSnapshotCreateRequest (OMSnapshotCreateRequest.java:estimateBucketDataSize(342)) - DefaultReplicationConfig is not correctly set in OmBucketInfo for volume 'vol-411' bucket 'buc-412413'. Falling back to config default 'RATIS/THREE'
2025-03-20 02:11:49,457 [om1-OMStateMachineApplyTransactionThread - 0] INFO  snapshot.OMSnapshotCreateRequest (OMSnapshotCreateRequest.java:validateAndUpdateCache(223)) - Created snapshot: 'f44b4ad7-b47a-474d-83b2-724192fe7b5a' with snapshotId: '305fef1e-080e-4cbb-a0ae-5efee268429f' under path 'vol-411/buc-412413'
2025-03-20 02:11:49,457 [main] WARN  server.ServerUtils (ServerUtils.java:getDBPath(297)) - ozone.om.db.dirs is not configured. We recommend adding this setting. Falling back to ozone.metadata.dirs instead.
2025-03-20 02:11:49,491 [om1-OMDoubleBufferFlushThread] INFO  db.RDBCheckpointManager (RDBCheckpointManager.java:createCheckpoint(87)) - Created checkpoint in rocksDB at /home/runner/work/ozone/ozone/hadoop-ozone/integration-test/target/test-dir/MiniOzoneClusterImpl-897eaf7f-b25b-4380-b284-a53405b32f13/ozone-meta/db.snapshots/checkpointState/om.db-305fef1e-080e-4cbb-a0ae-5efee268429f in 32 milliseconds
2025-03-20 02:11:49,492 [om1-OMDoubleBufferFlushThread] INFO  om.OmSnapshotManager (OmSnapshotManager.java:createOmSnapshotCheckpoint(482)) - Created checkpoint : /home/runner/work/ozone/ozone/hadoop-ozone/integration-test/target/test-dir/MiniOzoneClusterImpl-897eaf7f-b25b-4380-b284-a53405b32f13/ozone-meta/db.snapshots/checkpointState/om.db-305fef1e-080e-4cbb-a0ae-5efee268429f for snapshot f44b4ad7-b47a-474d-83b2-724192fe7b5a
2025-03-20 02:11:50,459 [IPC Server handler 6 on default port 15006] WARN  snapshot.SnapshotCache (SnapshotCache.java:get(147)) - Snapshot cache size (21) exceeds configured soft-limit (10).
2025-03-20 02:11:50,459 [IPC Server handler 6 on default port 15006] INFO  snapshot.SnapshotCache (SnapshotCache.java:lambda$2(155)) - Loading SnapshotId: '305fef1e-080e-4cbb-a0ae-5efee268429f'
2025-03-20 02:11:50,460 [IPC Server handler 6 on default port 15006] WARN  server.ServerUtils (ServerUtils.java:getDBPath(297)) - ozone.om.db.dirs is not configured. We recommend adding this setting. Falling back to ozone.metadata.dirs instead.
]]></system-out>
  </testcase>
  <testcase name="testSnapDiffWithFilesystemDirectoryMoveOperation" classname="org.apache.hadoop.ozone.om.snapshot.TestOmSnapshotObjectStore" time="0.0">
    <skipped type="org.opentest4j.TestAbortedException"><![CDATA[org.opentest4j.TestAbortedException: Assumption failed: assumption is not true
	at org.apache.hadoop.ozone.om.snapshot.TestOmSnapshot.testSnapDiffWithFilesystemDirectoryMoveOperation(TestOmSnapshot.java:1182)
	at java.base/java.lang.reflect.Method.invoke(Method.java:580)
	at java.base/java.util.ArrayList.forEach(ArrayList.java:1596)
	at java.base/java.util.ArrayList.forEach(ArrayList.java:1596)
]]></skipped>
  </testcase>
  <testcase name="testSnapdiffWithObjectMetaModification" classname="org.apache.hadoop.ozone.om.snapshot.TestOmSnapshotObjectStore" time="3.067">
    <system-out><![CDATA[2025-03-20 02:11:50,493 [main] INFO  rpc.RpcClient (RpcClient.java:createVolume(462)) - Creating Volume: vol414, with runner as owner and space quota set to -1 bytes, counts quota set to -1
2025-03-20 02:11:50,494 [om1-OMStateMachineApplyTransactionThread - 0] INFO  volume.OMVolumeCreateRequest (OMVolumeCreateRequest.java:validateAndUpdateCache(204)) - created volume:vol414 for user:runner
2025-03-20 02:11:50,496 [main] INFO  rpc.RpcClient (RpcClient.java:createBucket(687)) - Creating Bucket: vol414/bucket19, with server-side default bucket layout, runner as owner, Versioning false, Storage Type set to DISK and Encryption set to false, Replication Type set to server-side default replication type, Namespace Quota set to -1, Space Quota set to -1 
2025-03-20 02:11:50,497 [om1-OMStateMachineApplyTransactionThread - 0] INFO  bucket.OMBucketCreateRequest (OMBucketCreateRequest.java:validateAndUpdateCache(291)) - created bucket: bucket19 of layout OBJECT_STORE in volume: vol414
2025-03-20 02:11:50,498 [main] INFO  rpc.RpcClient (RpcClient.java:createBucket(687)) - Creating Bucket: vol414/bucket1, with server-side default bucket layout, runner as owner, Versioning false, Storage Type set to DISK and Encryption set to false, Replication Type set to server-side default replication type, Namespace Quota set to -1, Space Quota set to -1 
2025-03-20 02:11:50,499 [om1-OMStateMachineApplyTransactionThread - 0] INFO  bucket.OMBucketCreateRequest (OMBucketCreateRequest.java:validateAndUpdateCache(291)) - created bucket: bucket1 of layout OBJECT_STORE in volume: vol414
2025-03-20 02:11:50,527 [om1-OMStateMachineApplyTransactionThread - 0] WARN  snapshot.OMSnapshotCreateRequest (OMSnapshotCreateRequest.java:estimateBucketDataSize(342)) - DefaultReplicationConfig is not correctly set in OmBucketInfo for volume 'vol414' bucket 'bucket19'. Falling back to config default 'RATIS/THREE'
2025-03-20 02:11:50,527 [om1-OMStateMachineApplyTransactionThread - 0] INFO  snapshot.OMSnapshotCreateRequest (OMSnapshotCreateRequest.java:validateAndUpdateCache(223)) - Created snapshot: 'snap1' with snapshotId: 'd4ebd9ba-cb78-46a2-a641-adea153b3b3b' under path 'vol414/bucket19'
2025-03-20 02:11:50,528 [main] WARN  server.ServerUtils (ServerUtils.java:getDBPath(297)) - ozone.om.db.dirs is not configured. We recommend adding this setting. Falling back to ozone.metadata.dirs instead.
2025-03-20 02:11:50,560 [om1-OMDoubleBufferFlushThread] INFO  db.RDBCheckpointManager (RDBCheckpointManager.java:createCheckpoint(87)) - Created checkpoint in rocksDB at /home/runner/work/ozone/ozone/hadoop-ozone/integration-test/target/test-dir/MiniOzoneClusterImpl-897eaf7f-b25b-4380-b284-a53405b32f13/ozone-meta/db.snapshots/checkpointState/om.db-d4ebd9ba-cb78-46a2-a641-adea153b3b3b in 31 milliseconds
2025-03-20 02:11:50,560 [om1-OMDoubleBufferFlushThread] INFO  om.OmSnapshotManager (OmSnapshotManager.java:createOmSnapshotCheckpoint(482)) - Created checkpoint : /home/runner/work/ozone/ozone/hadoop-ozone/integration-test/target/test-dir/MiniOzoneClusterImpl-897eaf7f-b25b-4380-b284-a53405b32f13/ozone-meta/db.snapshots/checkpointState/om.db-d4ebd9ba-cb78-46a2-a641-adea153b3b3b for snapshot snap1
2025-03-20 02:11:51,552 [om1-OMStateMachineApplyTransactionThread - 0] WARN  snapshot.OMSnapshotCreateRequest (OMSnapshotCreateRequest.java:estimateBucketDataSize(342)) - DefaultReplicationConfig is not correctly set in OmBucketInfo for volume 'vol414' bucket 'bucket19'. Falling back to config default 'RATIS/THREE'
2025-03-20 02:11:51,552 [om1-OMStateMachineApplyTransactionThread - 0] INFO  snapshot.OMSnapshotCreateRequest (OMSnapshotCreateRequest.java:validateAndUpdateCache(223)) - Created snapshot: 'snap2' with snapshotId: 'baf11cf9-1659-448f-ace6-e3fb3315b80b' under path 'vol414/bucket19'
2025-03-20 02:11:51,553 [main] WARN  server.ServerUtils (ServerUtils.java:getDBPath(297)) - ozone.om.db.dirs is not configured. We recommend adding this setting. Falling back to ozone.metadata.dirs instead.
2025-03-20 02:11:51,575 [om1-OMDoubleBufferFlushThread] INFO  db.RDBCheckpointManager (RDBCheckpointManager.java:createCheckpoint(87)) - Created checkpoint in rocksDB at /home/runner/work/ozone/ozone/hadoop-ozone/integration-test/target/test-dir/MiniOzoneClusterImpl-897eaf7f-b25b-4380-b284-a53405b32f13/ozone-meta/db.snapshots/checkpointState/om.db-baf11cf9-1659-448f-ace6-e3fb3315b80b in 20 milliseconds
2025-03-20 02:11:51,575 [om1-OMDoubleBufferFlushThread] INFO  om.OmSnapshotManager (OmSnapshotManager.java:createOmSnapshotCheckpoint(482)) - Created checkpoint : /home/runner/work/ozone/ozone/hadoop-ozone/integration-test/target/test-dir/MiniOzoneClusterImpl-897eaf7f-b25b-4380-b284-a53405b32f13/ozone-meta/db.snapshots/checkpointState/om.db-baf11cf9-1659-448f-ace6-e3fb3315b80b for snapshot snap2
2025-03-20 02:11:52,555 [IPC Server handler 19 on default port 15006] INFO  snapshot.SnapshotDiffManager (SnapshotDiffManager.java:submitSnapDiffJob(689)) - Submitting snap diff report generation request for volume: vol414, bucket: bucket19, fromSnapshot: snap1 and toSnapshot: snap2
2025-03-20 02:11:52,556 [om1-snapshot-diff-job-thread-id-3] INFO  snapshot.SnapshotDiffManager (SnapshotDiffManager.java:generateSnapshotDiffReport(792)) - Started snap diff report generation for volume: 'vol414', bucket: 'bucket19', fromSnapshot: 'snap1', toSnapshot: 'snap2'
2025-03-20 02:11:52,556 [om1-snapshot-diff-job-thread-id-3] WARN  snapshot.SnapshotCache (SnapshotCache.java:get(147)) - Snapshot cache size (22) exceeds configured soft-limit (10).
2025-03-20 02:11:52,556 [om1-snapshot-diff-job-thread-id-3] INFO  snapshot.SnapshotCache (SnapshotCache.java:lambda$2(155)) - Loading SnapshotId: 'd4ebd9ba-cb78-46a2-a641-adea153b3b3b'
2025-03-20 02:11:52,556 [om1-snapshot-diff-job-thread-id-3] WARN  server.ServerUtils (ServerUtils.java:getDBPath(297)) - ozone.om.db.dirs is not configured. We recommend adding this setting. Falling back to ozone.metadata.dirs instead.
2025-03-20 02:11:52,583 [om1-snapshot-diff-job-thread-id-3] WARN  snapshot.SnapshotCache (SnapshotCache.java:get(147)) - Snapshot cache size (23) exceeds configured soft-limit (10).
2025-03-20 02:11:52,583 [om1-snapshot-diff-job-thread-id-3] INFO  snapshot.SnapshotCache (SnapshotCache.java:lambda$2(155)) - Loading SnapshotId: 'baf11cf9-1659-448f-ace6-e3fb3315b80b'
2025-03-20 02:11:52,583 [om1-snapshot-diff-job-thread-id-3] WARN  server.ServerUtils (ServerUtils.java:getDBPath(297)) - ozone.om.db.dirs is not configured. We recommend adding this setting. Falling back to ozone.metadata.dirs instead.
2025-03-20 02:11:52,628 [om1-snapshot-diff-job-thread-id-3] INFO  snapshot.SnapshotDiffManager (SnapshotDiffManager.java:generateDiffReport(1232)) - Starting diff report generation for jobId: a353c364-8329-4ec9-b42d-5d28754eeaeb.
]]></system-out>
  </testcase>
  <testcase name="testSnapDiffCancel" classname="org.apache.hadoop.ozone.om.snapshot.TestOmSnapshotObjectStore" time="2.067">
    <system-out><![CDATA[2025-03-20 02:11:53,588 [om1-OMStateMachineApplyTransactionThread - 0] WARN  snapshot.OMSnapshotCreateRequest (OMSnapshotCreateRequest.java:estimateBucketDataSize(342)) - DefaultReplicationConfig is not correctly set in OmBucketInfo for volume 'volume39175' bucket 'bucket17528'. Falling back to config default 'RATIS/THREE'
2025-03-20 02:11:53,588 [om1-OMStateMachineApplyTransactionThread - 0] INFO  snapshot.OMSnapshotCreateRequest (OMSnapshotCreateRequest.java:validateAndUpdateCache(223)) - Created snapshot: 'snap-1-417' with snapshotId: '3720636f-6e9e-41ff-9575-d07936543173' under path 'volume39175/bucket17528'
2025-03-20 02:11:53,589 [main] WARN  server.ServerUtils (ServerUtils.java:getDBPath(297)) - ozone.om.db.dirs is not configured. We recommend adding this setting. Falling back to ozone.metadata.dirs instead.
2025-03-20 02:11:53,616 [om1-OMDoubleBufferFlushThread] INFO  db.RDBCheckpointManager (RDBCheckpointManager.java:createCheckpoint(87)) - Created checkpoint in rocksDB at /home/runner/work/ozone/ozone/hadoop-ozone/integration-test/target/test-dir/MiniOzoneClusterImpl-897eaf7f-b25b-4380-b284-a53405b32f13/ozone-meta/db.snapshots/checkpointState/om.db-3720636f-6e9e-41ff-9575-d07936543173 in 26 milliseconds
2025-03-20 02:11:53,617 [om1-OMDoubleBufferFlushThread] INFO  om.OmSnapshotManager (OmSnapshotManager.java:createOmSnapshotCheckpoint(482)) - Created checkpoint : /home/runner/work/ozone/ozone/hadoop-ozone/integration-test/target/test-dir/MiniOzoneClusterImpl-897eaf7f-b25b-4380-b284-a53405b32f13/ozone-meta/db.snapshots/checkpointState/om.db-3720636f-6e9e-41ff-9575-d07936543173 for snapshot snap-1-417
2025-03-20 02:11:54,615 [om1-OMStateMachineApplyTransactionThread - 0] WARN  snapshot.OMSnapshotCreateRequest (OMSnapshotCreateRequest.java:estimateBucketDataSize(342)) - DefaultReplicationConfig is not correctly set in OmBucketInfo for volume 'volume39175' bucket 'bucket17528'. Falling back to config default 'RATIS/THREE'
2025-03-20 02:11:54,615 [om1-OMStateMachineApplyTransactionThread - 0] INFO  snapshot.OMSnapshotCreateRequest (OMSnapshotCreateRequest.java:validateAndUpdateCache(223)) - Created snapshot: 'snap-2-419' with snapshotId: '073526ae-fd56-4e26-91f6-7e87782203f9' under path 'volume39175/bucket17528'
2025-03-20 02:11:54,616 [main] WARN  server.ServerUtils (ServerUtils.java:getDBPath(297)) - ozone.om.db.dirs is not configured. We recommend adding this setting. Falling back to ozone.metadata.dirs instead.
2025-03-20 02:11:54,648 [om1-OMDoubleBufferFlushThread] INFO  db.RDBCheckpointManager (RDBCheckpointManager.java:createCheckpoint(87)) - Created checkpoint in rocksDB at /home/runner/work/ozone/ozone/hadoop-ozone/integration-test/target/test-dir/MiniOzoneClusterImpl-897eaf7f-b25b-4380-b284-a53405b32f13/ozone-meta/db.snapshots/checkpointState/om.db-073526ae-fd56-4e26-91f6-7e87782203f9 in 31 milliseconds
2025-03-20 02:11:54,649 [om1-OMDoubleBufferFlushThread] INFO  om.OmSnapshotManager (OmSnapshotManager.java:createOmSnapshotCheckpoint(482)) - Created checkpoint : /home/runner/work/ozone/ozone/hadoop-ozone/integration-test/target/test-dir/MiniOzoneClusterImpl-897eaf7f-b25b-4380-b284-a53405b32f13/ozone-meta/db.snapshots/checkpointState/om.db-073526ae-fd56-4e26-91f6-7e87782203f9 for snapshot snap-2-419
2025-03-20 02:11:55,618 [IPC Server handler 7 on default port 15006] INFO  snapshot.SnapshotDiffManager (SnapshotDiffManager.java:submitSnapDiffJob(689)) - Submitting snap diff report generation request for volume: volume39175, bucket: bucket17528, fromSnapshot: snap-1-417 and toSnapshot: snap-2-419
2025-03-20 02:11:55,618 [om1-snapshot-diff-job-thread-id-4] INFO  snapshot.SnapshotDiffManager (SnapshotDiffManager.java:generateSnapshotDiffReport(792)) - Started snap diff report generation for volume: 'volume39175', bucket: 'bucket17528', fromSnapshot: 'snap-1-417', toSnapshot: 'snap-2-419'
2025-03-20 02:11:55,619 [om1-snapshot-diff-job-thread-id-4] WARN  snapshot.SnapshotCache (SnapshotCache.java:get(147)) - Snapshot cache size (24) exceeds configured soft-limit (10).
2025-03-20 02:11:55,619 [om1-snapshot-diff-job-thread-id-4] INFO  snapshot.SnapshotCache (SnapshotCache.java:lambda$2(155)) - Loading SnapshotId: '3720636f-6e9e-41ff-9575-d07936543173'
2025-03-20 02:11:55,619 [om1-snapshot-diff-job-thread-id-4] WARN  server.ServerUtils (ServerUtils.java:getDBPath(297)) - ozone.om.db.dirs is not configured. We recommend adding this setting. Falling back to ozone.metadata.dirs instead.
]]></system-out>
  </testcase>
  <testcase name="checkKey" classname="org.apache.hadoop.ozone.om.snapshot.TestOmSnapshotObjectStore" time="2.09">
    <system-out><![CDATA[2025-03-20 02:11:55,656 [om1-snapshot-diff-job-thread-id-4] WARN  snapshot.SnapshotCache (SnapshotCache.java:get(147)) - Snapshot cache size (25) exceeds configured soft-limit (10).
2025-03-20 02:11:55,656 [om1-snapshot-diff-job-thread-id-4] INFO  snapshot.SnapshotCache (SnapshotCache.java:lambda$2(155)) - Loading SnapshotId: '073526ae-fd56-4e26-91f6-7e87782203f9'
2025-03-20 02:11:55,656 [om1-snapshot-diff-job-thread-id-4] WARN  server.ServerUtils (ServerUtils.java:getDBPath(297)) - ozone.om.db.dirs is not configured. We recommend adding this setting. Falling back to ozone.metadata.dirs instead.
2025-03-20 02:11:55,659 [om1-OMStateMachineApplyTransactionThread - 0] WARN  snapshot.OMSnapshotCreateRequest (OMSnapshotCreateRequest.java:estimateBucketDataSize(342)) - DefaultReplicationConfig is not correctly set in OmBucketInfo for volume 'volume39175' bucket 'bucket17528'. Falling back to config default 'RATIS/THREE'
2025-03-20 02:11:55,659 [om1-OMStateMachineApplyTransactionThread - 0] INFO  snapshot.OMSnapshotCreateRequest (OMSnapshotCreateRequest.java:validateAndUpdateCache(223)) - Created snapshot: '82ca74a3-f13e-40ac-b52c-a42fbec5871d' with snapshotId: '58ea1dfc-0e28-4952-8d33-90784c5250ab' under path 'volume39175/bucket17528'
2025-03-20 02:11:55,660 [main] WARN  server.ServerUtils (ServerUtils.java:getDBPath(297)) - ozone.om.db.dirs is not configured. We recommend adding this setting. Falling back to ozone.metadata.dirs instead.
2025-03-20 02:11:55,698 [om1-OMDoubleBufferFlushThread] INFO  db.RDBCheckpointManager (RDBCheckpointManager.java:createCheckpoint(87)) - Created checkpoint in rocksDB at /home/runner/work/ozone/ozone/hadoop-ozone/integration-test/target/test-dir/MiniOzoneClusterImpl-897eaf7f-b25b-4380-b284-a53405b32f13/ozone-meta/db.snapshots/checkpointState/om.db-58ea1dfc-0e28-4952-8d33-90784c5250ab in 36 milliseconds
2025-03-20 02:11:55,698 [om1-OMDoubleBufferFlushThread] INFO  om.OmSnapshotManager (OmSnapshotManager.java:createOmSnapshotCheckpoint(482)) - Created checkpoint : /home/runner/work/ozone/ozone/hadoop-ozone/integration-test/target/test-dir/MiniOzoneClusterImpl-897eaf7f-b25b-4380-b284-a53405b32f13/ozone-meta/db.snapshots/checkpointState/om.db-58ea1dfc-0e28-4952-8d33-90784c5250ab for snapshot 82ca74a3-f13e-40ac-b52c-a42fbec5871d
2025-03-20 02:11:57,671 [om1-OMStateMachineApplyTransactionThread - 0] ERROR key.OMKeyDeleteRequest (OMKeyDeleteRequest.java:validateAndUpdateCache(225)) - Key delete failed. Volume:volume39175, Bucket:bucket17528, Key:dir1.
KEY_NOT_FOUND org.apache.hadoop.ozone.om.exceptions.OMException: Key not found
	at org.apache.hadoop.ozone.om.request.key.OMKeyDeleteRequest.validateAndUpdateCache(OMKeyDeleteRequest.java:147)
	at org.apache.hadoop.ozone.protocolPB.OzoneManagerRequestHandler.lambda$0(OzoneManagerRequestHandler.java:419)
	at org.apache.hadoop.ozone.util.MetricUtil.captureLatencyNs(MetricUtil.java:45)
	at org.apache.hadoop.ozone.protocolPB.OzoneManagerRequestHandler.handleWriteRequestImpl(OzoneManagerRequestHandler.java:417)
	at org.apache.hadoop.ozone.protocolPB.RequestHandler.handleWriteRequest(RequestHandler.java:62)
	at org.apache.hadoop.ozone.om.ratis.OzoneManagerStateMachine.runCommand(OzoneManagerStateMachine.java:558)
	at org.apache.hadoop.ozone.om.ratis.OzoneManagerStateMachine.lambda$2(OzoneManagerStateMachine.java:374)
	at java.base/java.util.concurrent.CompletableFuture$AsyncSupply.run(CompletableFuture.java:1768)
	at java.base/java.util.concurrent.ThreadPoolExecutor.runWorker(ThreadPoolExecutor.java:1144)
	at java.base/java.util.concurrent.ThreadPoolExecutor$Worker.run(ThreadPoolExecutor.java:642)
	at java.base/java.lang.Thread.run(Thread.java:1583)
02:11:57.671 [om1-OMStateMachineApplyTransactionThread - 0] ERROR OMAudit - user=runner | ip=127.0.0.1 | op=DELETE_KEY {volume=volume39175, bucket=bucket17528, key=dir1, Transaction=1921} | ret=FAILURE
org.apache.hadoop.ozone.om.exceptions.OMException: Key not found
	at org.apache.hadoop.ozone.om.request.key.OMKeyDeleteRequest.validateAndUpdateCache(OMKeyDeleteRequest.java:147) ~[ozone-manager-2.1.0-SNAPSHOT.jar:?]
	at org.apache.hadoop.ozone.protocolPB.OzoneManagerRequestHandler.lambda$0(OzoneManagerRequestHandler.java:419) ~[ozone-manager-2.1.0-SNAPSHOT.jar:?]
	at org.apache.hadoop.ozone.util.MetricUtil.captureLatencyNs(MetricUtil.java:45) ~[hdds-common-2.1.0-SNAPSHOT.jar:?]
	at org.apache.hadoop.ozone.protocolPB.OzoneManagerRequestHandler.handleWriteRequestImpl(OzoneManagerRequestHandler.java:417) ~[ozone-manager-2.1.0-SNAPSHOT.jar:?]
	at org.apache.hadoop.ozone.protocolPB.RequestHandler.handleWriteRequest(RequestHandler.java:62) ~[ozone-manager-2.1.0-SNAPSHOT.jar:?]
	at org.apache.hadoop.ozone.om.ratis.OzoneManagerStateMachine.runCommand(OzoneManagerStateMachine.java:558) ~[ozone-manager-2.1.0-SNAPSHOT.jar:?]
	at org.apache.hadoop.ozone.om.ratis.OzoneManagerStateMachine.lambda$2(OzoneManagerStateMachine.java:374) ~[ozone-manager-2.1.0-SNAPSHOT.jar:?]
	at java.base/java.util.concurrent.CompletableFuture$AsyncSupply.run(CompletableFuture.java:1768) ~[?:?]
	at java.base/java.util.concurrent.ThreadPoolExecutor.runWorker(ThreadPoolExecutor.java:1144) ~[?:?]
	at java.base/java.util.concurrent.ThreadPoolExecutor$Worker.run(ThreadPoolExecutor.java:642) ~[?:?]
	at java.base/java.lang.Thread.run(Thread.java:1583) [?:?]
2025-03-20 02:11:57,677 [IPC Server handler 0 on default port 15006] WARN  snapshot.SnapshotCache (SnapshotCache.java:get(147)) - Snapshot cache size (26) exceeds configured soft-limit (10).
2025-03-20 02:11:57,677 [IPC Server handler 0 on default port 15006] INFO  snapshot.SnapshotCache (SnapshotCache.java:lambda$2(155)) - Loading SnapshotId: '58ea1dfc-0e28-4952-8d33-90784c5250ab'
2025-03-20 02:11:57,677 [IPC Server handler 0 on default port 15006] WARN  server.ServerUtils (ServerUtils.java:getDBPath(297)) - ozone.om.db.dirs is not configured. We recommend adding this setting. Falling back to ozone.metadata.dirs instead.
2025-03-20 02:11:57,710 [IPC Server handler 1 on default port 15006] WARN  snapshot.SnapshotCache (SnapshotCache.java:get(147)) - Snapshot cache size (27) exceeds configured soft-limit (10).
2025-03-20 02:11:57,713 [IPC Server handler 2 on default port 15006] WARN  snapshot.SnapshotCache (SnapshotCache.java:get(147)) - Snapshot cache size (27) exceeds configured soft-limit (10).
]]></system-out>
  </testcase>
  <testcase name="testSnapDiffNoSnapshot" classname="org.apache.hadoop.ozone.om.snapshot.TestOmSnapshotObjectStore" time="1.046">
    <system-out><![CDATA[2025-03-20 02:11:57,718 [main] INFO  rpc.RpcClient (RpcClient.java:createVolume(462)) - Creating Volume: vol-420, with runner as owner and space quota set to -1 bytes, counts quota set to -1
2025-03-20 02:11:57,719 [om1-OMStateMachineApplyTransactionThread - 0] INFO  volume.OMVolumeCreateRequest (OMVolumeCreateRequest.java:validateAndUpdateCache(204)) - created volume:vol-420 for user:runner
2025-03-20 02:11:57,721 [main] INFO  rpc.RpcClient (RpcClient.java:createBucket(687)) - Creating Bucket: vol-420/buck-421422, with server-side default bucket layout, runner as owner, Versioning false, Storage Type set to DISK and Encryption set to false, Replication Type set to server-side default replication type, Namespace Quota set to -1, Space Quota set to -1 
2025-03-20 02:11:57,722 [om1-OMStateMachineApplyTransactionThread - 0] INFO  bucket.OMBucketCreateRequest (OMBucketCreateRequest.java:validateAndUpdateCache(291)) - created bucket: buck-421422 of layout OBJECT_STORE in volume: vol-420
2025-03-20 02:11:57,723 [main] INFO  rpc.RpcClient (RpcClient.java:createBucket(687)) - Creating Bucket: vol-420/buck-421, with server-side default bucket layout, runner as owner, Versioning false, Storage Type set to DISK and Encryption set to false, Replication Type set to server-side default replication type, Namespace Quota set to -1, Space Quota set to -1 
2025-03-20 02:11:57,724 [om1-OMStateMachineApplyTransactionThread - 0] INFO  bucket.OMBucketCreateRequest (OMBucketCreateRequest.java:validateAndUpdateCache(291)) - created bucket: buck-421 of layout OBJECT_STORE in volume: vol-420
2025-03-20 02:11:57,759 [om1-OMStateMachineApplyTransactionThread - 0] WARN  snapshot.OMSnapshotCreateRequest (OMSnapshotCreateRequest.java:estimateBucketDataSize(342)) - DefaultReplicationConfig is not correctly set in OmBucketInfo for volume 'vol-420' bucket 'buck-421422'. Falling back to config default 'RATIS/THREE'
2025-03-20 02:11:57,759 [om1-OMStateMachineApplyTransactionThread - 0] INFO  snapshot.OMSnapshotCreateRequest (OMSnapshotCreateRequest.java:validateAndUpdateCache(223)) - Created snapshot: 'snap424' with snapshotId: 'cfbdcfd0-a8f2-4f1b-a977-fbfddfc8f48b' under path 'vol-420/buck-421422'
2025-03-20 02:11:57,760 [main] WARN  server.ServerUtils (ServerUtils.java:getDBPath(297)) - ozone.om.db.dirs is not configured. We recommend adding this setting. Falling back to ozone.metadata.dirs instead.
2025-03-20 02:11:57,832 [om1-OMDoubleBufferFlushThread] INFO  db.RDBCheckpointManager (RDBCheckpointManager.java:createCheckpoint(87)) - Created checkpoint in rocksDB at /home/runner/work/ozone/ozone/hadoop-ozone/integration-test/target/test-dir/MiniOzoneClusterImpl-897eaf7f-b25b-4380-b284-a53405b32f13/ozone-meta/db.snapshots/checkpointState/om.db-cfbdcfd0-a8f2-4f1b-a977-fbfddfc8f48b in 70 milliseconds
2025-03-20 02:11:57,833 [om1-OMDoubleBufferFlushThread] INFO  om.OmSnapshotManager (OmSnapshotManager.java:createOmSnapshotCheckpoint(482)) - Created checkpoint : /home/runner/work/ozone/ozone/hadoop-ozone/integration-test/target/test-dir/MiniOzoneClusterImpl-897eaf7f-b25b-4380-b284-a53405b32f13/ozone-meta/db.snapshots/checkpointState/om.db-cfbdcfd0-a8f2-4f1b-a977-fbfddfc8f48b for snapshot snap424
]]></system-out>
  </testcase>
  <testcase name="testSnapDiffWithKeyOverwrite" classname="org.apache.hadoop.ozone.om.snapshot.TestOmSnapshotObjectStore" time="3.08">
    <system-out><![CDATA[2025-03-20 02:11:58,764 [main] INFO  rpc.RpcClient (RpcClient.java:createVolume(462)) - Creating Volume: vol81123, with runner as owner and space quota set to -1 bytes, counts quota set to -1
2025-03-20 02:11:58,765 [om1-OMStateMachineApplyTransactionThread - 0] INFO  volume.OMVolumeCreateRequest (OMVolumeCreateRequest.java:validateAndUpdateCache(204)) - created volume:vol81123 for user:runner
2025-03-20 02:11:58,767 [main] INFO  rpc.RpcClient (RpcClient.java:createBucket(687)) - Creating Bucket: vol81123/bucket19, with server-side default bucket layout, runner as owner, Versioning false, Storage Type set to DISK and Encryption set to false, Replication Type set to server-side default replication type, Namespace Quota set to -1, Space Quota set to -1 
2025-03-20 02:11:58,768 [om1-OMStateMachineApplyTransactionThread - 0] INFO  bucket.OMBucketCreateRequest (OMBucketCreateRequest.java:validateAndUpdateCache(291)) - created bucket: bucket19 of layout OBJECT_STORE in volume: vol81123
2025-03-20 02:11:58,769 [main] INFO  rpc.RpcClient (RpcClient.java:createBucket(687)) - Creating Bucket: vol81123/bucket1, with server-side default bucket layout, runner as owner, Versioning false, Storage Type set to DISK and Encryption set to false, Replication Type set to server-side default replication type, Namespace Quota set to -1, Space Quota set to -1 
2025-03-20 02:11:58,770 [om1-OMStateMachineApplyTransactionThread - 0] INFO  bucket.OMBucketCreateRequest (OMBucketCreateRequest.java:validateAndUpdateCache(291)) - created bucket: bucket1 of layout OBJECT_STORE in volume: vol81123
2025-03-20 02:11:58,806 [om1-OMStateMachineApplyTransactionThread - 0] WARN  snapshot.OMSnapshotCreateRequest (OMSnapshotCreateRequest.java:estimateBucketDataSize(342)) - DefaultReplicationConfig is not correctly set in OmBucketInfo for volume 'vol81123' bucket 'bucket19'. Falling back to config default 'RATIS/THREE'
2025-03-20 02:11:58,807 [om1-OMStateMachineApplyTransactionThread - 0] INFO  snapshot.OMSnapshotCreateRequest (OMSnapshotCreateRequest.java:validateAndUpdateCache(223)) - Created snapshot: 'snap1' with snapshotId: '6f917e2a-681c-480c-aced-bfe73dfc8fdd' under path 'vol81123/bucket19'
2025-03-20 02:11:58,808 [main] WARN  server.ServerUtils (ServerUtils.java:getDBPath(297)) - ozone.om.db.dirs is not configured. We recommend adding this setting. Falling back to ozone.metadata.dirs instead.
2025-03-20 02:11:58,856 [om1-OMDoubleBufferFlushThread] INFO  db.RDBCheckpointManager (RDBCheckpointManager.java:createCheckpoint(87)) - Created checkpoint in rocksDB at /home/runner/work/ozone/ozone/hadoop-ozone/integration-test/target/test-dir/MiniOzoneClusterImpl-897eaf7f-b25b-4380-b284-a53405b32f13/ozone-meta/db.snapshots/checkpointState/om.db-6f917e2a-681c-480c-aced-bfe73dfc8fdd in 47 milliseconds
2025-03-20 02:11:58,857 [om1-OMDoubleBufferFlushThread] INFO  om.OmSnapshotManager (OmSnapshotManager.java:createOmSnapshotCheckpoint(482)) - Created checkpoint : /home/runner/work/ozone/ozone/hadoop-ozone/integration-test/target/test-dir/MiniOzoneClusterImpl-897eaf7f-b25b-4380-b284-a53405b32f13/ozone-meta/db.snapshots/checkpointState/om.db-6f917e2a-681c-480c-aced-bfe73dfc8fdd for snapshot snap1
2025-03-20 02:11:59,834 [om1-OMStateMachineApplyTransactionThread - 0] WARN  snapshot.OMSnapshotCreateRequest (OMSnapshotCreateRequest.java:estimateBucketDataSize(342)) - DefaultReplicationConfig is not correctly set in OmBucketInfo for volume 'vol81123' bucket 'bucket19'. Falling back to config default 'RATIS/THREE'
2025-03-20 02:11:59,834 [om1-OMStateMachineApplyTransactionThread - 0] INFO  snapshot.OMSnapshotCreateRequest (OMSnapshotCreateRequest.java:validateAndUpdateCache(223)) - Created snapshot: 'snap2' with snapshotId: '51c98151-95b1-4496-9115-1240a9235783' under path 'vol81123/bucket19'
2025-03-20 02:11:59,835 [main] WARN  server.ServerUtils (ServerUtils.java:getDBPath(297)) - ozone.om.db.dirs is not configured. We recommend adding this setting. Falling back to ozone.metadata.dirs instead.
2025-03-20 02:11:59,886 [om1-OMDoubleBufferFlushThread] INFO  db.RDBCheckpointManager (RDBCheckpointManager.java:createCheckpoint(87)) - Created checkpoint in rocksDB at /home/runner/work/ozone/ozone/hadoop-ozone/integration-test/target/test-dir/MiniOzoneClusterImpl-897eaf7f-b25b-4380-b284-a53405b32f13/ozone-meta/db.snapshots/checkpointState/om.db-51c98151-95b1-4496-9115-1240a9235783 in 49 milliseconds
2025-03-20 02:11:59,887 [om1-OMDoubleBufferFlushThread] WARN  om.OmSnapshotManager (OmSnapshotManager.java:performOperationOnKeys(548)) - Took 240191 ns to find endKey. Caller is deleteKeysFromDelKeyTableInSnapshotScope
2025-03-20 02:11:59,887 [om1-OMDoubleBufferFlushThread] INFO  om.OmSnapshotManager (OmSnapshotManager.java:createOmSnapshotCheckpoint(482)) - Created checkpoint : /home/runner/work/ozone/ozone/hadoop-ozone/integration-test/target/test-dir/MiniOzoneClusterImpl-897eaf7f-b25b-4380-b284-a53405b32f13/ozone-meta/db.snapshots/checkpointState/om.db-51c98151-95b1-4496-9115-1240a9235783 for snapshot snap2
2025-03-20 02:12:00,399 [4d0384fa-a0d7-4e6d-b08b-6a0afc890d42-BlockDeletingService#1] INFO  interfaces.ContainerDeletionChoosingPolicyTemplate (ContainerDeletionChoosingPolicyTemplate.java:chooseContainerForBlockDeletion(83)) - Chosen 0/5000 blocks from 0 candidate containers.
2025-03-20 02:12:00,559 [f196473e-7e55-4e65-a56a-ed3222e0db42-BlockDeletingService#1] INFO  interfaces.ContainerDeletionChoosingPolicyTemplate (ContainerDeletionChoosingPolicyTemplate.java:chooseContainerForBlockDeletion(83)) - Chosen 0/5000 blocks from 0 candidate containers.
2025-03-20 02:12:00,760 [4ac7aa66-6ed2-4b11-9c1a-72acd958e2aa-BlockDeletingService#1] INFO  interfaces.ContainerDeletionChoosingPolicyTemplate (ContainerDeletionChoosingPolicyTemplate.java:chooseContainerForBlockDeletion(83)) - Chosen 0/5000 blocks from 0 candidate containers.
2025-03-20 02:12:00,837 [IPC Server handler 8 on default port 15006] INFO  snapshot.SnapshotDiffManager (SnapshotDiffManager.java:submitSnapDiffJob(689)) - Submitting snap diff report generation request for volume: vol81123, bucket: bucket19, fromSnapshot: snap1 and toSnapshot: snap2
2025-03-20 02:12:00,838 [om1-snapshot-diff-job-thread-id-5] INFO  snapshot.SnapshotDiffManager (SnapshotDiffManager.java:generateSnapshotDiffReport(792)) - Started snap diff report generation for volume: 'vol81123', bucket: 'bucket19', fromSnapshot: 'snap1', toSnapshot: 'snap2'
2025-03-20 02:12:00,838 [om1-snapshot-diff-job-thread-id-5] WARN  snapshot.SnapshotCache (SnapshotCache.java:get(147)) - Snapshot cache size (27) exceeds configured soft-limit (10).
2025-03-20 02:12:00,838 [om1-snapshot-diff-job-thread-id-5] INFO  snapshot.SnapshotCache (SnapshotCache.java:lambda$2(155)) - Loading SnapshotId: '6f917e2a-681c-480c-aced-bfe73dfc8fdd'
2025-03-20 02:12:00,838 [om1-snapshot-diff-job-thread-id-5] WARN  server.ServerUtils (ServerUtils.java:getDBPath(297)) - ozone.om.db.dirs is not configured. We recommend adding this setting. Falling back to ozone.metadata.dirs instead.
2025-03-20 02:12:00,871 [om1-snapshot-diff-job-thread-id-5] WARN  snapshot.SnapshotCache (SnapshotCache.java:get(147)) - Snapshot cache size (28) exceeds configured soft-limit (10).
2025-03-20 02:12:00,871 [om1-snapshot-diff-job-thread-id-5] INFO  snapshot.SnapshotCache (SnapshotCache.java:lambda$2(155)) - Loading SnapshotId: '51c98151-95b1-4496-9115-1240a9235783'
2025-03-20 02:12:00,872 [om1-snapshot-diff-job-thread-id-5] WARN  server.ServerUtils (ServerUtils.java:getDBPath(297)) - ozone.om.db.dirs is not configured. We recommend adding this setting. Falling back to ozone.metadata.dirs instead.
2025-03-20 02:12:00,921 [om1-snapshot-diff-job-thread-id-5] INFO  snapshot.SnapshotDiffManager (SnapshotDiffManager.java:generateDiffReport(1232)) - Starting diff report generation for jobId: a320bf51-c633-404e-bf60-8337105c8335.
]]></system-out>
  </testcase>
  <testcase name="testDeleteSnapshotMissingMandatoryParams" classname="org.apache.hadoop.ozone.om.snapshot.TestOmSnapshotObjectStore" time="1.044">
    <system-out><![CDATA[2025-03-20 02:12:01,844 [main] INFO  rpc.RpcClient (RpcClient.java:createVolume(462)) - Creating Volume: vol-427, with runner as owner and space quota set to -1 bytes, counts quota set to -1
2025-03-20 02:12:01,847 [om1-OMStateMachineApplyTransactionThread - 0] INFO  volume.OMVolumeCreateRequest (OMVolumeCreateRequest.java:validateAndUpdateCache(204)) - created volume:vol-427 for user:runner
2025-03-20 02:12:01,849 [main] INFO  rpc.RpcClient (RpcClient.java:createBucket(687)) - Creating Bucket: vol-427/buck-428429, with server-side default bucket layout, runner as owner, Versioning false, Storage Type set to DISK and Encryption set to false, Replication Type set to server-side default replication type, Namespace Quota set to -1, Space Quota set to -1 
2025-03-20 02:12:01,850 [om1-OMStateMachineApplyTransactionThread - 0] INFO  bucket.OMBucketCreateRequest (OMBucketCreateRequest.java:validateAndUpdateCache(291)) - created bucket: buck-428429 of layout OBJECT_STORE in volume: vol-427
2025-03-20 02:12:01,851 [main] INFO  rpc.RpcClient (RpcClient.java:createBucket(687)) - Creating Bucket: vol-427/buck-428, with server-side default bucket layout, runner as owner, Versioning false, Storage Type set to DISK and Encryption set to false, Replication Type set to server-side default replication type, Namespace Quota set to -1, Space Quota set to -1 
2025-03-20 02:12:01,852 [om1-OMStateMachineApplyTransactionThread - 0] INFO  bucket.OMBucketCreateRequest (OMBucketCreateRequest.java:validateAndUpdateCache(291)) - created bucket: buck-428 of layout OBJECT_STORE in volume: vol-427
2025-03-20 02:12:01,886 [om1-OMStateMachineApplyTransactionThread - 0] WARN  snapshot.OMSnapshotCreateRequest (OMSnapshotCreateRequest.java:estimateBucketDataSize(342)) - DefaultReplicationConfig is not correctly set in OmBucketInfo for volume 'vol-427' bucket 'buck-428429'. Falling back to config default 'RATIS/THREE'
2025-03-20 02:12:01,886 [om1-OMStateMachineApplyTransactionThread - 0] INFO  snapshot.OMSnapshotCreateRequest (OMSnapshotCreateRequest.java:validateAndUpdateCache(223)) - Created snapshot: 'snap431' with snapshotId: '115315d4-ca16-4daf-ba06-0d4733ec3a5d' under path 'vol-427/buck-428429'
2025-03-20 02:12:01,887 [main] WARN  server.ServerUtils (ServerUtils.java:getDBPath(297)) - ozone.om.db.dirs is not configured. We recommend adding this setting. Falling back to ozone.metadata.dirs instead.
2025-03-20 02:12:01,931 [om1-OMDoubleBufferFlushThread] INFO  db.RDBCheckpointManager (RDBCheckpointManager.java:createCheckpoint(87)) - Created checkpoint in rocksDB at /home/runner/work/ozone/ozone/hadoop-ozone/integration-test/target/test-dir/MiniOzoneClusterImpl-897eaf7f-b25b-4380-b284-a53405b32f13/ozone-meta/db.snapshots/checkpointState/om.db-115315d4-ca16-4daf-ba06-0d4733ec3a5d in 42 milliseconds
2025-03-20 02:12:01,932 [om1-OMDoubleBufferFlushThread] INFO  om.OmSnapshotManager (OmSnapshotManager.java:createOmSnapshotCheckpoint(482)) - Created checkpoint : /home/runner/work/ozone/ozone/hadoop-ozone/integration-test/target/test-dir/MiniOzoneClusterImpl-897eaf7f-b25b-4380-b284-a53405b32f13/ozone-meta/db.snapshots/checkpointState/om.db-115315d4-ca16-4daf-ba06-0d4733ec3a5d for snapshot snap431
]]></system-out>
  </testcase>
  <testcase name="testSnapDiffMissingMandatoryParams" classname="org.apache.hadoop.ozone.om.snapshot.TestOmSnapshotObjectStore" time="2.06">
    <system-out><![CDATA[2025-03-20 02:12:02,889 [main] INFO  rpc.RpcClient (RpcClient.java:createVolume(462)) - Creating Volume: vol-432, with runner as owner and space quota set to -1 bytes, counts quota set to -1
2025-03-20 02:12:02,891 [om1-OMStateMachineApplyTransactionThread - 0] INFO  volume.OMVolumeCreateRequest (OMVolumeCreateRequest.java:validateAndUpdateCache(204)) - created volume:vol-432 for user:runner
2025-03-20 02:12:02,892 [main] INFO  rpc.RpcClient (RpcClient.java:createBucket(687)) - Creating Bucket: vol-432/buck-433434, with server-side default bucket layout, runner as owner, Versioning false, Storage Type set to DISK and Encryption set to false, Replication Type set to server-side default replication type, Namespace Quota set to -1, Space Quota set to -1 
2025-03-20 02:12:02,893 [om1-OMStateMachineApplyTransactionThread - 0] INFO  bucket.OMBucketCreateRequest (OMBucketCreateRequest.java:validateAndUpdateCache(291)) - created bucket: buck-433434 of layout OBJECT_STORE in volume: vol-432
2025-03-20 02:12:02,894 [main] INFO  rpc.RpcClient (RpcClient.java:createBucket(687)) - Creating Bucket: vol-432/buck-433, with server-side default bucket layout, runner as owner, Versioning false, Storage Type set to DISK and Encryption set to false, Replication Type set to server-side default replication type, Namespace Quota set to -1, Space Quota set to -1 
2025-03-20 02:12:02,895 [om1-OMStateMachineApplyTransactionThread - 0] INFO  bucket.OMBucketCreateRequest (OMBucketCreateRequest.java:validateAndUpdateCache(291)) - created bucket: buck-433 of layout OBJECT_STORE in volume: vol-432
2025-03-20 02:12:02,926 [om1-OMStateMachineApplyTransactionThread - 0] WARN  snapshot.OMSnapshotCreateRequest (OMSnapshotCreateRequest.java:estimateBucketDataSize(342)) - DefaultReplicationConfig is not correctly set in OmBucketInfo for volume 'vol-432' bucket 'buck-433434'. Falling back to config default 'RATIS/THREE'
2025-03-20 02:12:02,926 [om1-OMStateMachineApplyTransactionThread - 0] INFO  snapshot.OMSnapshotCreateRequest (OMSnapshotCreateRequest.java:validateAndUpdateCache(223)) - Created snapshot: 'snap436' with snapshotId: '6f468856-0e1b-42f1-8505-abcd44ee234c' under path 'vol-432/buck-433434'
2025-03-20 02:12:02,927 [main] WARN  server.ServerUtils (ServerUtils.java:getDBPath(297)) - ozone.om.db.dirs is not configured. We recommend adding this setting. Falling back to ozone.metadata.dirs instead.
2025-03-20 02:12:02,967 [om1-OMDoubleBufferFlushThread] INFO  db.RDBCheckpointManager (RDBCheckpointManager.java:createCheckpoint(87)) - Created checkpoint in rocksDB at /home/runner/work/ozone/ozone/hadoop-ozone/integration-test/target/test-dir/MiniOzoneClusterImpl-897eaf7f-b25b-4380-b284-a53405b32f13/ozone-meta/db.snapshots/checkpointState/om.db-6f468856-0e1b-42f1-8505-abcd44ee234c in 39 milliseconds
2025-03-20 02:12:02,967 [om1-OMDoubleBufferFlushThread] INFO  om.OmSnapshotManager (OmSnapshotManager.java:createOmSnapshotCheckpoint(482)) - Created checkpoint : /home/runner/work/ozone/ozone/hadoop-ozone/integration-test/target/test-dir/MiniOzoneClusterImpl-897eaf7f-b25b-4380-b284-a53405b32f13/ozone-meta/db.snapshots/checkpointState/om.db-6f468856-0e1b-42f1-8505-abcd44ee234c for snapshot snap436
2025-03-20 02:12:03,945 [om1-OMStateMachineApplyTransactionThread - 0] WARN  snapshot.OMSnapshotCreateRequest (OMSnapshotCreateRequest.java:estimateBucketDataSize(342)) - DefaultReplicationConfig is not correctly set in OmBucketInfo for volume 'vol-432' bucket 'buck-433434'. Falling back to config default 'RATIS/THREE'
2025-03-20 02:12:03,946 [om1-OMStateMachineApplyTransactionThread - 0] INFO  snapshot.OMSnapshotCreateRequest (OMSnapshotCreateRequest.java:validateAndUpdateCache(223)) - Created snapshot: 'snap437' with snapshotId: '8c42e1a9-d220-4235-877b-11003698a196' under path 'vol-432/buck-433434'
2025-03-20 02:12:03,946 [main] WARN  server.ServerUtils (ServerUtils.java:getDBPath(297)) - ozone.om.db.dirs is not configured. We recommend adding this setting. Falling back to ozone.metadata.dirs instead.
2025-03-20 02:12:03,980 [om1-OMDoubleBufferFlushThread] INFO  db.RDBCheckpointManager (RDBCheckpointManager.java:createCheckpoint(87)) - Created checkpoint in rocksDB at /home/runner/work/ozone/ozone/hadoop-ozone/integration-test/target/test-dir/MiniOzoneClusterImpl-897eaf7f-b25b-4380-b284-a53405b32f13/ozone-meta/db.snapshots/checkpointState/om.db-8c42e1a9-d220-4235-877b-11003698a196 in 31 milliseconds
2025-03-20 02:12:03,981 [om1-OMDoubleBufferFlushThread] INFO  om.OmSnapshotManager (OmSnapshotManager.java:createOmSnapshotCheckpoint(482)) - Created checkpoint : /home/runner/work/ozone/ozone/hadoop-ozone/integration-test/target/test-dir/MiniOzoneClusterImpl-897eaf7f-b25b-4380-b284-a53405b32f13/ozone-meta/db.snapshots/checkpointState/om.db-8c42e1a9-d220-4235-877b-11003698a196 for snapshot snap437
]]></system-out>
  </testcase>
  <testcase name="testSnapshotCompactionDag" classname="org.apache.hadoop.ozone.om.snapshot.TestOmSnapshotObjectStore" time="28.094">
    <system-out><![CDATA[2025-03-20 02:12:04,951 [main] INFO  rpc.RpcClient (RpcClient.java:createVolume(462)) - Creating Volume: volume-1-64616, with runner as owner and space quota set to -1 bytes, counts quota set to -1
2025-03-20 02:12:04,952 [om1-OMStateMachineApplyTransactionThread - 0] INFO  volume.OMVolumeCreateRequest (OMVolumeCreateRequest.java:validateAndUpdateCache(204)) - created volume:volume-1-64616 for user:runner
2025-03-20 02:12:04,953 [main] INFO  rpc.RpcClient (RpcClient.java:createBucket(687)) - Creating Bucket: volume-1-64616/bucket-1-55064438, with server-side default bucket layout, runner as owner, Versioning false, Storage Type set to DISK and Encryption set to false, Replication Type set to server-side default replication type, Namespace Quota set to -1, Space Quota set to -1 
2025-03-20 02:12:04,955 [om1-OMStateMachineApplyTransactionThread - 0] INFO  bucket.OMBucketCreateRequest (OMBucketCreateRequest.java:validateAndUpdateCache(291)) - created bucket: bucket-1-55064438 of layout OBJECT_STORE in volume: volume-1-64616
2025-03-20 02:12:04,956 [main] INFO  rpc.RpcClient (RpcClient.java:createBucket(687)) - Creating Bucket: volume-1-64616/bucket-1-55064, with server-side default bucket layout, runner as owner, Versioning false, Storage Type set to DISK and Encryption set to false, Replication Type set to server-side default replication type, Namespace Quota set to -1, Space Quota set to -1 
2025-03-20 02:12:04,957 [om1-OMStateMachineApplyTransactionThread - 0] INFO  bucket.OMBucketCreateRequest (OMBucketCreateRequest.java:validateAndUpdateCache(291)) - created bucket: bucket-1-55064 of layout OBJECT_STORE in volume: volume-1-64616
2025-03-20 02:12:06,205 [om1-OMStateMachineApplyTransactionThread - 0] WARN  snapshot.OMSnapshotCreateRequest (OMSnapshotCreateRequest.java:estimateBucketDataSize(342)) - DefaultReplicationConfig is not correctly set in OmBucketInfo for volume 'volume-1-64616' bucket 'bucket-1-55064438'. Falling back to config default 'RATIS/THREE'
2025-03-20 02:12:06,205 [om1-OMStateMachineApplyTransactionThread - 0] INFO  snapshot.OMSnapshotCreateRequest (OMSnapshotCreateRequest.java:validateAndUpdateCache(223)) - Created snapshot: 'bucket1-snap1' with snapshotId: 'd5a26ed3-80b9-45e0-a8bc-26e2950b1bf6' under path 'volume-1-64616/bucket-1-55064438'
2025-03-20 02:12:06,205 [main] WARN  server.ServerUtils (ServerUtils.java:getDBPath(297)) - ozone.om.db.dirs is not configured. We recommend adding this setting. Falling back to ozone.metadata.dirs instead.
2025-03-20 02:12:06,242 [om1-OMDoubleBufferFlushThread] INFO  db.RDBCheckpointManager (RDBCheckpointManager.java:createCheckpoint(87)) - Created checkpoint in rocksDB at /home/runner/work/ozone/ozone/hadoop-ozone/integration-test/target/test-dir/MiniOzoneClusterImpl-897eaf7f-b25b-4380-b284-a53405b32f13/ozone-meta/db.snapshots/checkpointState/om.db-d5a26ed3-80b9-45e0-a8bc-26e2950b1bf6 in 34 milliseconds
2025-03-20 02:12:06,242 [om1-OMDoubleBufferFlushThread] INFO  om.OmSnapshotManager (OmSnapshotManager.java:createOmSnapshotCheckpoint(482)) - Created checkpoint : /home/runner/work/ozone/ozone/hadoop-ozone/integration-test/target/test-dir/MiniOzoneClusterImpl-897eaf7f-b25b-4380-b284-a53405b32f13/ozone-meta/db.snapshots/checkpointState/om.db-d5a26ed3-80b9-45e0-a8bc-26e2950b1bf6 for snapshot bucket1-snap1
2025-03-20 02:12:07,303 [main] INFO  rpc.RpcClient (RpcClient.java:createBucket(687)) - Creating Bucket: volume-1-64616/bucket-2-22441439, with server-side default bucket layout, runner as owner, Versioning false, Storage Type set to DISK and Encryption set to false, Replication Type set to server-side default replication type, Namespace Quota set to -1, Space Quota set to -1 
2025-03-20 02:12:07,304 [om1-OMStateMachineApplyTransactionThread - 0] INFO  bucket.OMBucketCreateRequest (OMBucketCreateRequest.java:validateAndUpdateCache(291)) - created bucket: bucket-2-22441439 of layout OBJECT_STORE in volume: volume-1-64616
2025-03-20 02:12:07,305 [main] INFO  rpc.RpcClient (RpcClient.java:createBucket(687)) - Creating Bucket: volume-1-64616/bucket-2-22441, with server-side default bucket layout, runner as owner, Versioning false, Storage Type set to DISK and Encryption set to false, Replication Type set to server-side default replication type, Namespace Quota set to -1, Space Quota set to -1 
2025-03-20 02:12:07,307 [om1-OMStateMachineApplyTransactionThread - 0] INFO  bucket.OMBucketCreateRequest (OMBucketCreateRequest.java:validateAndUpdateCache(291)) - created bucket: bucket-2-22441 of layout OBJECT_STORE in volume: volume-1-64616
2025-03-20 02:12:09,853 [om1-OMStateMachineApplyTransactionThread - 0] WARN  snapshot.OMSnapshotCreateRequest (OMSnapshotCreateRequest.java:estimateBucketDataSize(342)) - DefaultReplicationConfig is not correctly set in OmBucketInfo for volume 'volume-1-64616' bucket 'bucket-1-55064438'. Falling back to config default 'RATIS/THREE'
2025-03-20 02:12:09,854 [om1-OMStateMachineApplyTransactionThread - 0] INFO  snapshot.OMSnapshotCreateRequest (OMSnapshotCreateRequest.java:validateAndUpdateCache(223)) - Created snapshot: 'bucket1-snap2' with snapshotId: 'ad32643f-bfb3-40e8-a570-0abfea78872e' under path 'volume-1-64616/bucket-1-55064438'
2025-03-20 02:12:09,854 [main] WARN  server.ServerUtils (ServerUtils.java:getDBPath(297)) - ozone.om.db.dirs is not configured. We recommend adding this setting. Falling back to ozone.metadata.dirs instead.
2025-03-20 02:12:09,881 [om1-OMDoubleBufferFlushThread] INFO  db.RDBCheckpointManager (RDBCheckpointManager.java:createCheckpoint(87)) - Created checkpoint in rocksDB at /home/runner/work/ozone/ozone/hadoop-ozone/integration-test/target/test-dir/MiniOzoneClusterImpl-897eaf7f-b25b-4380-b284-a53405b32f13/ozone-meta/db.snapshots/checkpointState/om.db-ad32643f-bfb3-40e8-a570-0abfea78872e in 25 milliseconds
2025-03-20 02:12:09,882 [om1-OMDoubleBufferFlushThread] INFO  om.OmSnapshotManager (OmSnapshotManager.java:createOmSnapshotCheckpoint(482)) - Created checkpoint : /home/runner/work/ozone/ozone/hadoop-ozone/integration-test/target/test-dir/MiniOzoneClusterImpl-897eaf7f-b25b-4380-b284-a53405b32f13/ozone-meta/db.snapshots/checkpointState/om.db-ad32643f-bfb3-40e8-a570-0abfea78872e for snapshot bucket1-snap2
2025-03-20 02:12:10,869 [om1-OMStateMachineApplyTransactionThread - 0] WARN  snapshot.OMSnapshotCreateRequest (OMSnapshotCreateRequest.java:estimateBucketDataSize(342)) - DefaultReplicationConfig is not correctly set in OmBucketInfo for volume 'volume-1-64616' bucket 'bucket-2-22441439'. Falling back to config default 'RATIS/THREE'
2025-03-20 02:12:10,869 [om1-OMStateMachineApplyTransactionThread - 0] INFO  snapshot.OMSnapshotCreateRequest (OMSnapshotCreateRequest.java:validateAndUpdateCache(223)) - Created snapshot: 'bucket2-snap1' with snapshotId: '54f8e154-ea98-4f1a-9a74-87a8581b83fd' under path 'volume-1-64616/bucket-2-22441439'
2025-03-20 02:12:10,870 [main] WARN  server.ServerUtils (ServerUtils.java:getDBPath(297)) - ozone.om.db.dirs is not configured. We recommend adding this setting. Falling back to ozone.metadata.dirs instead.
2025-03-20 02:12:10,885 [om1-OMDoubleBufferFlushThread] INFO  db.RDBCheckpointManager (RDBCheckpointManager.java:createCheckpoint(87)) - Created checkpoint in rocksDB at /home/runner/work/ozone/ozone/hadoop-ozone/integration-test/target/test-dir/MiniOzoneClusterImpl-897eaf7f-b25b-4380-b284-a53405b32f13/ozone-meta/db.snapshots/checkpointState/om.db-54f8e154-ea98-4f1a-9a74-87a8581b83fd in 13 milliseconds
2025-03-20 02:12:10,885 [om1-OMDoubleBufferFlushThread] INFO  om.OmSnapshotManager (OmSnapshotManager.java:createOmSnapshotCheckpoint(482)) - Created checkpoint : /home/runner/work/ozone/ozone/hadoop-ozone/integration-test/target/test-dir/MiniOzoneClusterImpl-897eaf7f-b25b-4380-b284-a53405b32f13/ozone-meta/db.snapshots/checkpointState/om.db-54f8e154-ea98-4f1a-9a74-87a8581b83fd for snapshot bucket2-snap1
2025-03-20 02:12:11,922 [main] INFO  rpc.RpcClient (RpcClient.java:createBucket(687)) - Creating Bucket: volume-1-64616/bucket-3-56290440, with server-side default bucket layout, runner as owner, Versioning false, Storage Type set to DISK and Encryption set to false, Replication Type set to server-side default replication type, Namespace Quota set to -1, Space Quota set to -1 
2025-03-20 02:12:11,924 [om1-OMStateMachineApplyTransactionThread - 0] INFO  bucket.OMBucketCreateRequest (OMBucketCreateRequest.java:validateAndUpdateCache(291)) - created bucket: bucket-3-56290440 of layout OBJECT_STORE in volume: volume-1-64616
2025-03-20 02:12:11,925 [main] INFO  rpc.RpcClient (RpcClient.java:createBucket(687)) - Creating Bucket: volume-1-64616/bucket-3-56290, with server-side default bucket layout, runner as owner, Versioning false, Storage Type set to DISK and Encryption set to false, Replication Type set to server-side default replication type, Namespace Quota set to -1, Space Quota set to -1 
2025-03-20 02:12:11,926 [om1-OMStateMachineApplyTransactionThread - 0] INFO  bucket.OMBucketCreateRequest (OMBucketCreateRequest.java:validateAndUpdateCache(291)) - created bucket: bucket-3-56290 of layout OBJECT_STORE in volume: volume-1-64616
2025-03-20 02:12:15,014 [om1-OMStateMachineApplyTransactionThread - 0] WARN  snapshot.OMSnapshotCreateRequest (OMSnapshotCreateRequest.java:estimateBucketDataSize(342)) - DefaultReplicationConfig is not correctly set in OmBucketInfo for volume 'volume-1-64616' bucket 'bucket-1-55064438'. Falling back to config default 'RATIS/THREE'
2025-03-20 02:12:15,015 [om1-OMStateMachineApplyTransactionThread - 0] INFO  snapshot.OMSnapshotCreateRequest (OMSnapshotCreateRequest.java:validateAndUpdateCache(223)) - Created snapshot: 'bucket1-snap3' with snapshotId: '1aca2c18-c4b7-4695-bee7-9527b35291f6' under path 'volume-1-64616/bucket-1-55064438'
2025-03-20 02:12:15,015 [main] WARN  server.ServerUtils (ServerUtils.java:getDBPath(297)) - ozone.om.db.dirs is not configured. We recommend adding this setting. Falling back to ozone.metadata.dirs instead.
2025-03-20 02:12:15,045 [om1-OMDoubleBufferFlushThread] INFO  db.RDBCheckpointManager (RDBCheckpointManager.java:createCheckpoint(87)) - Created checkpoint in rocksDB at /home/runner/work/ozone/ozone/hadoop-ozone/integration-test/target/test-dir/MiniOzoneClusterImpl-897eaf7f-b25b-4380-b284-a53405b32f13/ozone-meta/db.snapshots/checkpointState/om.db-1aca2c18-c4b7-4695-bee7-9527b35291f6 in 27 milliseconds
2025-03-20 02:12:15,046 [om1-OMDoubleBufferFlushThread] INFO  om.OmSnapshotManager (OmSnapshotManager.java:createOmSnapshotCheckpoint(482)) - Created checkpoint : /home/runner/work/ozone/ozone/hadoop-ozone/integration-test/target/test-dir/MiniOzoneClusterImpl-897eaf7f-b25b-4380-b284-a53405b32f13/ozone-meta/db.snapshots/checkpointState/om.db-1aca2c18-c4b7-4695-bee7-9527b35291f6 for snapshot bucket1-snap3
2025-03-20 02:12:16,030 [om1-OMStateMachineApplyTransactionThread - 0] WARN  snapshot.OMSnapshotCreateRequest (OMSnapshotCreateRequest.java:estimateBucketDataSize(342)) - DefaultReplicationConfig is not correctly set in OmBucketInfo for volume 'volume-1-64616' bucket 'bucket-2-22441439'. Falling back to config default 'RATIS/THREE'
2025-03-20 02:12:16,030 [om1-OMStateMachineApplyTransactionThread - 0] INFO  snapshot.OMSnapshotCreateRequest (OMSnapshotCreateRequest.java:validateAndUpdateCache(223)) - Created snapshot: 'bucket2-snap2' with snapshotId: 'b0c56611-0646-4b7b-ac82-05a4a8886595' under path 'volume-1-64616/bucket-2-22441439'
2025-03-20 02:12:16,031 [main] WARN  server.ServerUtils (ServerUtils.java:getDBPath(297)) - ozone.om.db.dirs is not configured. We recommend adding this setting. Falling back to ozone.metadata.dirs instead.
2025-03-20 02:12:16,044 [om1-OMDoubleBufferFlushThread] INFO  db.RDBCheckpointManager (RDBCheckpointManager.java:createCheckpoint(87)) - Created checkpoint in rocksDB at /home/runner/work/ozone/ozone/hadoop-ozone/integration-test/target/test-dir/MiniOzoneClusterImpl-897eaf7f-b25b-4380-b284-a53405b32f13/ozone-meta/db.snapshots/checkpointState/om.db-b0c56611-0646-4b7b-ac82-05a4a8886595 in 12 milliseconds
2025-03-20 02:12:16,045 [om1-OMDoubleBufferFlushThread] INFO  om.OmSnapshotManager (OmSnapshotManager.java:createOmSnapshotCheckpoint(482)) - Created checkpoint : /home/runner/work/ozone/ozone/hadoop-ozone/integration-test/target/test-dir/MiniOzoneClusterImpl-897eaf7f-b25b-4380-b284-a53405b32f13/ozone-meta/db.snapshots/checkpointState/om.db-b0c56611-0646-4b7b-ac82-05a4a8886595 for snapshot bucket2-snap2
2025-03-20 02:12:17,046 [om1-OMStateMachineApplyTransactionThread - 0] WARN  snapshot.OMSnapshotCreateRequest (OMSnapshotCreateRequest.java:estimateBucketDataSize(342)) - DefaultReplicationConfig is not correctly set in OmBucketInfo for volume 'volume-1-64616' bucket 'bucket-3-56290440'. Falling back to config default 'RATIS/THREE'
2025-03-20 02:12:17,046 [om1-OMStateMachineApplyTransactionThread - 0] INFO  snapshot.OMSnapshotCreateRequest (OMSnapshotCreateRequest.java:validateAndUpdateCache(223)) - Created snapshot: 'bucket3-snap1' with snapshotId: '265242e0-6f25-40de-bc0c-5f3b339aa0c2' under path 'volume-1-64616/bucket-3-56290440'
2025-03-20 02:12:17,046 [main] WARN  server.ServerUtils (ServerUtils.java:getDBPath(297)) - ozone.om.db.dirs is not configured. We recommend adding this setting. Falling back to ozone.metadata.dirs instead.
2025-03-20 02:12:17,059 [om1-OMDoubleBufferFlushThread] INFO  db.RDBCheckpointManager (RDBCheckpointManager.java:createCheckpoint(87)) - Created checkpoint in rocksDB at /home/runner/work/ozone/ozone/hadoop-ozone/integration-test/target/test-dir/MiniOzoneClusterImpl-897eaf7f-b25b-4380-b284-a53405b32f13/ozone-meta/db.snapshots/checkpointState/om.db-265242e0-6f25-40de-bc0c-5f3b339aa0c2 in 11 milliseconds
2025-03-20 02:12:17,059 [om1-OMDoubleBufferFlushThread] INFO  om.OmSnapshotManager (OmSnapshotManager.java:createOmSnapshotCheckpoint(482)) - Created checkpoint : /home/runner/work/ozone/ozone/hadoop-ozone/integration-test/target/test-dir/MiniOzoneClusterImpl-897eaf7f-b25b-4380-b284-a53405b32f13/ozone-meta/db.snapshots/checkpointState/om.db-265242e0-6f25-40de-bc0c-5f3b339aa0c2 for snapshot bucket3-snap1
2025-03-20 02:12:18,657 [IPC Server handler 29 on default port 15001] INFO  ha.SequenceIdGenerator (SequenceIdGenerator.java:getNextId(143)) - Allocate a batch for localId, change lastId from 115816896921601000 to 115816896921602000.
2025-03-20 02:12:19,990 [om1-OMStateMachineApplyTransactionThread - 0] WARN  snapshot.OMSnapshotCreateRequest (OMSnapshotCreateRequest.java:estimateBucketDataSize(342)) - DefaultReplicationConfig is not correctly set in OmBucketInfo for volume 'volume-1-64616' bucket 'bucket-2-22441439'. Falling back to config default 'RATIS/THREE'
2025-03-20 02:12:19,990 [om1-OMStateMachineApplyTransactionThread - 0] INFO  snapshot.OMSnapshotCreateRequest (OMSnapshotCreateRequest.java:validateAndUpdateCache(223)) - Created snapshot: 'bucket2-snap3' with snapshotId: '17a84ac8-bf9f-4c08-909d-7efda65766e9' under path 'volume-1-64616/bucket-2-22441439'
2025-03-20 02:12:19,992 [main] WARN  server.ServerUtils (ServerUtils.java:getDBPath(297)) - ozone.om.db.dirs is not configured. We recommend adding this setting. Falling back to ozone.metadata.dirs instead.
2025-03-20 02:12:20,021 [om1-OMDoubleBufferFlushThread] INFO  db.RDBCheckpointManager (RDBCheckpointManager.java:createCheckpoint(87)) - Created checkpoint in rocksDB at /home/runner/work/ozone/ozone/hadoop-ozone/integration-test/target/test-dir/MiniOzoneClusterImpl-897eaf7f-b25b-4380-b284-a53405b32f13/ozone-meta/db.snapshots/checkpointState/om.db-17a84ac8-bf9f-4c08-909d-7efda65766e9 in 27 milliseconds
2025-03-20 02:12:20,022 [om1-OMDoubleBufferFlushThread] INFO  om.OmSnapshotManager (OmSnapshotManager.java:createOmSnapshotCheckpoint(482)) - Created checkpoint : /home/runner/work/ozone/ozone/hadoop-ozone/integration-test/target/test-dir/MiniOzoneClusterImpl-897eaf7f-b25b-4380-b284-a53405b32f13/ozone-meta/db.snapshots/checkpointState/om.db-17a84ac8-bf9f-4c08-909d-7efda65766e9 for snapshot bucket2-snap3
2025-03-20 02:12:21,006 [om1-OMStateMachineApplyTransactionThread - 0] WARN  snapshot.OMSnapshotCreateRequest (OMSnapshotCreateRequest.java:estimateBucketDataSize(342)) - DefaultReplicationConfig is not correctly set in OmBucketInfo for volume 'volume-1-64616' bucket 'bucket-3-56290440'. Falling back to config default 'RATIS/THREE'
2025-03-20 02:12:21,007 [om1-OMStateMachineApplyTransactionThread - 0] INFO  snapshot.OMSnapshotCreateRequest (OMSnapshotCreateRequest.java:validateAndUpdateCache(223)) - Created snapshot: 'bucket3-snap2' with snapshotId: '29052388-fa86-4ea1-8eee-8df782f3d8e3' under path 'volume-1-64616/bucket-3-56290440'
2025-03-20 02:12:21,007 [main] WARN  server.ServerUtils (ServerUtils.java:getDBPath(297)) - ozone.om.db.dirs is not configured. We recommend adding this setting. Falling back to ozone.metadata.dirs instead.
2025-03-20 02:12:21,021 [om1-OMDoubleBufferFlushThread] INFO  db.RDBCheckpointManager (RDBCheckpointManager.java:createCheckpoint(87)) - Created checkpoint in rocksDB at /home/runner/work/ozone/ozone/hadoop-ozone/integration-test/target/test-dir/MiniOzoneClusterImpl-897eaf7f-b25b-4380-b284-a53405b32f13/ozone-meta/db.snapshots/checkpointState/om.db-29052388-fa86-4ea1-8eee-8df782f3d8e3 in 13 milliseconds
2025-03-20 02:12:21,022 [om1-OMDoubleBufferFlushThread] INFO  om.OmSnapshotManager (OmSnapshotManager.java:createOmSnapshotCheckpoint(482)) - Created checkpoint : /home/runner/work/ozone/ozone/hadoop-ozone/integration-test/target/test-dir/MiniOzoneClusterImpl-897eaf7f-b25b-4380-b284-a53405b32f13/ozone-meta/db.snapshots/checkpointState/om.db-29052388-fa86-4ea1-8eee-8df782f3d8e3 for snapshot bucket3-snap2
2025-03-20 02:12:22,981 [om1-OMStateMachineApplyTransactionThread - 0] WARN  snapshot.OMSnapshotCreateRequest (OMSnapshotCreateRequest.java:estimateBucketDataSize(342)) - DefaultReplicationConfig is not correctly set in OmBucketInfo for volume 'volume-1-64616' bucket 'bucket-3-56290440'. Falling back to config default 'RATIS/THREE'
2025-03-20 02:12:22,982 [om1-OMStateMachineApplyTransactionThread - 0] INFO  snapshot.OMSnapshotCreateRequest (OMSnapshotCreateRequest.java:validateAndUpdateCache(223)) - Created snapshot: 'bucket3-snap3' with snapshotId: '3e4fd152-02b2-4afc-a614-2a79723cf96c' under path 'volume-1-64616/bucket-3-56290440'
2025-03-20 02:12:22,982 [main] WARN  server.ServerUtils (ServerUtils.java:getDBPath(297)) - ozone.om.db.dirs is not configured. We recommend adding this setting. Falling back to ozone.metadata.dirs instead.
2025-03-20 02:12:23,006 [om1-OMDoubleBufferFlushThread] INFO  db.RDBCheckpointManager (RDBCheckpointManager.java:createCheckpoint(87)) - Created checkpoint in rocksDB at /home/runner/work/ozone/ozone/hadoop-ozone/integration-test/target/test-dir/MiniOzoneClusterImpl-897eaf7f-b25b-4380-b284-a53405b32f13/ozone-meta/db.snapshots/checkpointState/om.db-3e4fd152-02b2-4afc-a614-2a79723cf96c in 22 milliseconds
2025-03-20 02:12:23,006 [om1-OMDoubleBufferFlushThread] INFO  om.OmSnapshotManager (OmSnapshotManager.java:createOmSnapshotCheckpoint(482)) - Created checkpoint : /home/runner/work/ozone/ozone/hadoop-ozone/integration-test/target/test-dir/MiniOzoneClusterImpl-897eaf7f-b25b-4380-b284-a53405b32f13/ozone-meta/db.snapshots/checkpointState/om.db-3e4fd152-02b2-4afc-a614-2a79723cf96c for snapshot bucket3-snap3
2025-03-20 02:12:23,986 [IPC Server handler 19 on default port 15006] INFO  snapshot.SnapshotDiffManager (SnapshotDiffManager.java:submitSnapDiffJob(689)) - Submitting snap diff report generation request for volume: volume-1-64616, bucket: bucket-1-55064438, fromSnapshot: bucket1-snap1 and toSnapshot: bucket1-snap2
2025-03-20 02:12:23,986 [om1-snapshot-diff-job-thread-id-6] INFO  snapshot.SnapshotDiffManager (SnapshotDiffManager.java:generateSnapshotDiffReport(792)) - Started snap diff report generation for volume: 'volume-1-64616', bucket: 'bucket-1-55064438', fromSnapshot: 'bucket1-snap1', toSnapshot: 'bucket1-snap2'
2025-03-20 02:12:23,986 [om1-snapshot-diff-job-thread-id-6] WARN  snapshot.SnapshotCache (SnapshotCache.java:get(147)) - Snapshot cache size (15) exceeds configured soft-limit (10).
2025-03-20 02:12:23,986 [om1-snapshot-diff-job-thread-id-6] INFO  snapshot.SnapshotCache (SnapshotCache.java:lambda$2(155)) - Loading SnapshotId: 'd5a26ed3-80b9-45e0-a8bc-26e2950b1bf6'
2025-03-20 02:12:23,987 [om1-snapshot-diff-job-thread-id-6] WARN  server.ServerUtils (ServerUtils.java:getDBPath(297)) - ozone.om.db.dirs is not configured. We recommend adding this setting. Falling back to ozone.metadata.dirs instead.
2025-03-20 02:12:24,031 [om1-snapshot-diff-job-thread-id-6] WARN  snapshot.SnapshotCache (SnapshotCache.java:get(147)) - Snapshot cache size (16) exceeds configured soft-limit (10).
2025-03-20 02:12:24,031 [om1-snapshot-diff-job-thread-id-6] INFO  snapshot.SnapshotCache (SnapshotCache.java:lambda$2(155)) - Loading SnapshotId: 'ad32643f-bfb3-40e8-a570-0abfea78872e'
2025-03-20 02:12:24,031 [om1-snapshot-diff-job-thread-id-6] WARN  server.ServerUtils (ServerUtils.java:getDBPath(297)) - ozone.om.db.dirs is not configured. We recommend adding this setting. Falling back to ozone.metadata.dirs instead.
2025-03-20 02:12:24,101 [om1-snapshot-diff-job-thread-id-6] INFO  snapshot.SnapshotDiffManager (SnapshotDiffManager.java:generateDiffReport(1232)) - Starting diff report generation for jobId: ace410b9-9ef7-4a88-adf4-7c12e63cdccb.
2025-03-20 02:12:24,993 [IPC Server handler 1 on default port 15006] INFO  snapshot.SnapshotDiffManager (SnapshotDiffManager.java:submitSnapDiffJob(689)) - Submitting snap diff report generation request for volume: volume-1-64616, bucket: bucket-1-55064438, fromSnapshot: bucket1-snap2 and toSnapshot: bucket1-snap3
2025-03-20 02:12:24,994 [om1-snapshot-diff-job-thread-id-7] INFO  snapshot.SnapshotDiffManager (SnapshotDiffManager.java:generateSnapshotDiffReport(792)) - Started snap diff report generation for volume: 'volume-1-64616', bucket: 'bucket-1-55064438', fromSnapshot: 'bucket1-snap2', toSnapshot: 'bucket1-snap3'
2025-03-20 02:12:24,994 [om1-snapshot-diff-job-thread-id-7] WARN  snapshot.SnapshotCache (SnapshotCache.java:get(147)) - Snapshot cache size (17) exceeds configured soft-limit (10).
2025-03-20 02:12:24,994 [om1-snapshot-diff-job-thread-id-7] WARN  snapshot.SnapshotCache (SnapshotCache.java:get(147)) - Snapshot cache size (17) exceeds configured soft-limit (10).
2025-03-20 02:12:24,994 [om1-snapshot-diff-job-thread-id-7] INFO  snapshot.SnapshotCache (SnapshotCache.java:lambda$2(155)) - Loading SnapshotId: '1aca2c18-c4b7-4695-bee7-9527b35291f6'
2025-03-20 02:12:24,994 [om1-snapshot-diff-job-thread-id-7] WARN  server.ServerUtils (ServerUtils.java:getDBPath(297)) - ozone.om.db.dirs is not configured. We recommend adding this setting. Falling back to ozone.metadata.dirs instead.
2025-03-20 02:12:25,066 [om1-snapshot-diff-job-thread-id-7] INFO  snapshot.SnapshotDiffManager (SnapshotDiffManager.java:generateDiffReport(1232)) - Starting diff report generation for jobId: c6a5c9a9-e940-4ca5-ae85-cdd3daa2faa6.
2025-03-20 02:12:26,000 [IPC Server handler 3 on default port 15006] INFO  snapshot.SnapshotDiffManager (SnapshotDiffManager.java:submitSnapDiffJob(689)) - Submitting snap diff report generation request for volume: volume-1-64616, bucket: bucket-1-55064438, fromSnapshot: bucket1-snap1 and toSnapshot: bucket1-snap3
2025-03-20 02:12:26,001 [om1-snapshot-diff-job-thread-id-8] INFO  snapshot.SnapshotDiffManager (SnapshotDiffManager.java:generateSnapshotDiffReport(792)) - Started snap diff report generation for volume: 'volume-1-64616', bucket: 'bucket-1-55064438', fromSnapshot: 'bucket1-snap1', toSnapshot: 'bucket1-snap3'
2025-03-20 02:12:26,001 [om1-snapshot-diff-job-thread-id-8] WARN  snapshot.SnapshotCache (SnapshotCache.java:get(147)) - Snapshot cache size (18) exceeds configured soft-limit (10).
2025-03-20 02:12:26,001 [om1-snapshot-diff-job-thread-id-8] WARN  snapshot.SnapshotCache (SnapshotCache.java:get(147)) - Snapshot cache size (18) exceeds configured soft-limit (10).
2025-03-20 02:12:26,055 [om1-snapshot-diff-job-thread-id-8] INFO  snapshot.SnapshotDiffManager (SnapshotDiffManager.java:generateDiffReport(1232)) - Starting diff report generation for jobId: 61a355d0-d8bc-479b-91c6-d3c40bb13f6b.
2025-03-20 02:12:27,008 [IPC Server handler 5 on default port 15006] INFO  snapshot.SnapshotDiffManager (SnapshotDiffManager.java:submitSnapDiffJob(689)) - Submitting snap diff report generation request for volume: volume-1-64616, bucket: bucket-2-22441439, fromSnapshot: bucket2-snap1 and toSnapshot: bucket2-snap2
2025-03-20 02:12:27,009 [om1-snapshot-diff-job-thread-id-9] INFO  snapshot.SnapshotDiffManager (SnapshotDiffManager.java:generateSnapshotDiffReport(792)) - Started snap diff report generation for volume: 'volume-1-64616', bucket: 'bucket-2-22441439', fromSnapshot: 'bucket2-snap1', toSnapshot: 'bucket2-snap2'
2025-03-20 02:12:27,009 [om1-snapshot-diff-job-thread-id-9] WARN  snapshot.SnapshotCache (SnapshotCache.java:get(147)) - Snapshot cache size (18) exceeds configured soft-limit (10).
2025-03-20 02:12:27,009 [om1-snapshot-diff-job-thread-id-9] INFO  snapshot.SnapshotCache (SnapshotCache.java:lambda$2(155)) - Loading SnapshotId: '54f8e154-ea98-4f1a-9a74-87a8581b83fd'
2025-03-20 02:12:27,009 [om1-snapshot-diff-job-thread-id-9] WARN  server.ServerUtils (ServerUtils.java:getDBPath(297)) - ozone.om.db.dirs is not configured. We recommend adding this setting. Falling back to ozone.metadata.dirs instead.
2025-03-20 02:12:27,036 [om1-snapshot-diff-job-thread-id-9] WARN  snapshot.SnapshotCache (SnapshotCache.java:get(147)) - Snapshot cache size (19) exceeds configured soft-limit (10).
2025-03-20 02:12:27,036 [om1-snapshot-diff-job-thread-id-9] INFO  snapshot.SnapshotCache (SnapshotCache.java:lambda$2(155)) - Loading SnapshotId: 'b0c56611-0646-4b7b-ac82-05a4a8886595'
2025-03-20 02:12:27,036 [om1-snapshot-diff-job-thread-id-9] WARN  server.ServerUtils (ServerUtils.java:getDBPath(297)) - ozone.om.db.dirs is not configured. We recommend adding this setting. Falling back to ozone.metadata.dirs instead.
2025-03-20 02:12:27,114 [om1-snapshot-diff-job-thread-id-9] INFO  snapshot.SnapshotDiffManager (SnapshotDiffManager.java:generateDiffReport(1232)) - Starting diff report generation for jobId: 08c82ffa-5d34-4288-b2e4-4f559c6b129a.
2025-03-20 02:12:28,014 [IPC Server handler 7 on default port 15006] INFO  snapshot.SnapshotDiffManager (SnapshotDiffManager.java:submitSnapDiffJob(689)) - Submitting snap diff report generation request for volume: volume-1-64616, bucket: bucket-2-22441439, fromSnapshot: bucket2-snap2 and toSnapshot: bucket2-snap3
2025-03-20 02:12:28,015 [om1-snapshot-diff-job-thread-id-0] INFO  snapshot.SnapshotDiffManager (SnapshotDiffManager.java:generateSnapshotDiffReport(792)) - Started snap diff report generation for volume: 'volume-1-64616', bucket: 'bucket-2-22441439', fromSnapshot: 'bucket2-snap2', toSnapshot: 'bucket2-snap3'
2025-03-20 02:12:28,015 [om1-snapshot-diff-job-thread-id-0] WARN  snapshot.SnapshotCache (SnapshotCache.java:get(147)) - Snapshot cache size (20) exceeds configured soft-limit (10).
2025-03-20 02:12:28,015 [om1-snapshot-diff-job-thread-id-0] WARN  snapshot.SnapshotCache (SnapshotCache.java:get(147)) - Snapshot cache size (20) exceeds configured soft-limit (10).
2025-03-20 02:12:28,015 [om1-snapshot-diff-job-thread-id-0] INFO  snapshot.SnapshotCache (SnapshotCache.java:lambda$2(155)) - Loading SnapshotId: '17a84ac8-bf9f-4c08-909d-7efda65766e9'
2025-03-20 02:12:28,015 [om1-snapshot-diff-job-thread-id-0] WARN  server.ServerUtils (ServerUtils.java:getDBPath(297)) - ozone.om.db.dirs is not configured. We recommend adding this setting. Falling back to ozone.metadata.dirs instead.
2025-03-20 02:12:28,094 [om1-snapshot-diff-job-thread-id-0] INFO  snapshot.SnapshotDiffManager (SnapshotDiffManager.java:generateDiffReport(1232)) - Starting diff report generation for jobId: 29651752-a4a7-4f9c-832c-1fbc89b607b7.
2025-03-20 02:12:29,021 [IPC Server handler 15 on default port 15006] INFO  snapshot.SnapshotDiffManager (SnapshotDiffManager.java:submitSnapDiffJob(689)) - Submitting snap diff report generation request for volume: volume-1-64616, bucket: bucket-2-22441439, fromSnapshot: bucket2-snap1 and toSnapshot: bucket2-snap3
2025-03-20 02:12:29,022 [om1-snapshot-diff-job-thread-id-1] INFO  snapshot.SnapshotDiffManager (SnapshotDiffManager.java:generateSnapshotDiffReport(792)) - Started snap diff report generation for volume: 'volume-1-64616', bucket: 'bucket-2-22441439', fromSnapshot: 'bucket2-snap1', toSnapshot: 'bucket2-snap3'
2025-03-20 02:12:29,022 [om1-snapshot-diff-job-thread-id-1] WARN  snapshot.SnapshotCache (SnapshotCache.java:get(147)) - Snapshot cache size (21) exceeds configured soft-limit (10).
2025-03-20 02:12:29,022 [om1-snapshot-diff-job-thread-id-1] WARN  snapshot.SnapshotCache (SnapshotCache.java:get(147)) - Snapshot cache size (21) exceeds configured soft-limit (10).
2025-03-20 02:12:29,082 [om1-snapshot-diff-job-thread-id-1] INFO  snapshot.SnapshotDiffManager (SnapshotDiffManager.java:generateDiffReport(1232)) - Starting diff report generation for jobId: 5041fab9-5f8b-41f1-8301-364a08f9772d.
2025-03-20 02:12:30,026 [IPC Server handler 9 on default port 15006] INFO  snapshot.SnapshotDiffManager (SnapshotDiffManager.java:submitSnapDiffJob(689)) - Submitting snap diff report generation request for volume: volume-1-64616, bucket: bucket-3-56290440, fromSnapshot: bucket3-snap1 and toSnapshot: bucket3-snap2
2025-03-20 02:12:30,026 [om1-snapshot-diff-job-thread-id-2] INFO  snapshot.SnapshotDiffManager (SnapshotDiffManager.java:generateSnapshotDiffReport(792)) - Started snap diff report generation for volume: 'volume-1-64616', bucket: 'bucket-3-56290440', fromSnapshot: 'bucket3-snap1', toSnapshot: 'bucket3-snap2'
2025-03-20 02:12:30,027 [om1-snapshot-diff-job-thread-id-2] WARN  snapshot.SnapshotCache (SnapshotCache.java:get(147)) - Snapshot cache size (21) exceeds configured soft-limit (10).
2025-03-20 02:12:30,027 [om1-snapshot-diff-job-thread-id-2] INFO  snapshot.SnapshotCache (SnapshotCache.java:lambda$2(155)) - Loading SnapshotId: '265242e0-6f25-40de-bc0c-5f3b339aa0c2'
2025-03-20 02:12:30,027 [om1-snapshot-diff-job-thread-id-2] WARN  server.ServerUtils (ServerUtils.java:getDBPath(297)) - ozone.om.db.dirs is not configured. We recommend adding this setting. Falling back to ozone.metadata.dirs instead.
2025-03-20 02:12:30,049 [om1-snapshot-diff-job-thread-id-2] WARN  snapshot.SnapshotCache (SnapshotCache.java:get(147)) - Snapshot cache size (22) exceeds configured soft-limit (10).
2025-03-20 02:12:30,049 [om1-snapshot-diff-job-thread-id-2] INFO  snapshot.SnapshotCache (SnapshotCache.java:lambda$2(155)) - Loading SnapshotId: '29052388-fa86-4ea1-8eee-8df782f3d8e3'
2025-03-20 02:12:30,049 [om1-snapshot-diff-job-thread-id-2] WARN  server.ServerUtils (ServerUtils.java:getDBPath(297)) - ozone.om.db.dirs is not configured. We recommend adding this setting. Falling back to ozone.metadata.dirs instead.
2025-03-20 02:12:30,103 [om1-snapshot-diff-job-thread-id-2] INFO  snapshot.SnapshotDiffManager (SnapshotDiffManager.java:generateDiffReport(1232)) - Starting diff report generation for jobId: bef2a5a8-9b41-4561-9449-7d2d6e408e08.
2025-03-20 02:12:31,031 [IPC Server handler 11 on default port 15006] INFO  snapshot.SnapshotDiffManager (SnapshotDiffManager.java:submitSnapDiffJob(689)) - Submitting snap diff report generation request for volume: volume-1-64616, bucket: bucket-3-56290440, fromSnapshot: bucket3-snap2 and toSnapshot: bucket3-snap3
2025-03-20 02:12:31,032 [om1-snapshot-diff-job-thread-id-3] INFO  snapshot.SnapshotDiffManager (SnapshotDiffManager.java:generateSnapshotDiffReport(792)) - Started snap diff report generation for volume: 'volume-1-64616', bucket: 'bucket-3-56290440', fromSnapshot: 'bucket3-snap2', toSnapshot: 'bucket3-snap3'
2025-03-20 02:12:31,032 [om1-snapshot-diff-job-thread-id-3] WARN  snapshot.SnapshotCache (SnapshotCache.java:get(147)) - Snapshot cache size (23) exceeds configured soft-limit (10).
2025-03-20 02:12:31,032 [om1-snapshot-diff-job-thread-id-3] WARN  snapshot.SnapshotCache (SnapshotCache.java:get(147)) - Snapshot cache size (23) exceeds configured soft-limit (10).
2025-03-20 02:12:31,032 [om1-snapshot-diff-job-thread-id-3] INFO  snapshot.SnapshotCache (SnapshotCache.java:lambda$2(155)) - Loading SnapshotId: '3e4fd152-02b2-4afc-a614-2a79723cf96c'
2025-03-20 02:12:31,032 [om1-snapshot-diff-job-thread-id-3] WARN  server.ServerUtils (ServerUtils.java:getDBPath(297)) - ozone.om.db.dirs is not configured. We recommend adding this setting. Falling back to ozone.metadata.dirs instead.
2025-03-20 02:12:31,101 [om1-snapshot-diff-job-thread-id-3] INFO  snapshot.SnapshotDiffManager (SnapshotDiffManager.java:generateDiffReport(1232)) - Starting diff report generation for jobId: 5f9b95d1-83ba-4ed9-8dc5-d8df83c4007b.
2025-03-20 02:12:32,037 [IPC Server handler 13 on default port 15006] INFO  snapshot.SnapshotDiffManager (SnapshotDiffManager.java:submitSnapDiffJob(689)) - Submitting snap diff report generation request for volume: volume-1-64616, bucket: bucket-3-56290440, fromSnapshot: bucket3-snap1 and toSnapshot: bucket3-snap3
2025-03-20 02:12:32,038 [om1-snapshot-diff-job-thread-id-4] INFO  snapshot.SnapshotDiffManager (SnapshotDiffManager.java:generateSnapshotDiffReport(792)) - Started snap diff report generation for volume: 'volume-1-64616', bucket: 'bucket-3-56290440', fromSnapshot: 'bucket3-snap1', toSnapshot: 'bucket3-snap3'
2025-03-20 02:12:32,038 [om1-snapshot-diff-job-thread-id-4] WARN  snapshot.SnapshotCache (SnapshotCache.java:get(147)) - Snapshot cache size (24) exceeds configured soft-limit (10).
2025-03-20 02:12:32,038 [om1-snapshot-diff-job-thread-id-4] WARN  snapshot.SnapshotCache (SnapshotCache.java:get(147)) - Snapshot cache size (24) exceeds configured soft-limit (10).
2025-03-20 02:12:32,119 [om1-snapshot-diff-job-thread-id-4] INFO  snapshot.SnapshotDiffManager (SnapshotDiffManager.java:generateDiffReport(1232)) - Starting diff report generation for jobId: a04ea2bf-0bbf-4d53-8190-16d25ff9880e.
]]></system-out>
  </testcase>
  <testcase name="testSnapshotOpensWithDisabledAutoCompaction" classname="org.apache.hadoop.ozone.om.snapshot.TestOmSnapshotObjectStore" time="1.048">
    <system-out><![CDATA[2025-03-20 02:12:33,063 [om1-OMStateMachineApplyTransactionThread - 0] WARN  snapshot.OMSnapshotCreateRequest (OMSnapshotCreateRequest.java:estimateBucketDataSize(342)) - DefaultReplicationConfig is not correctly set in OmBucketInfo for volume 'volume39175' bucket 'bucket17528'. Falling back to config default 'RATIS/THREE'
2025-03-20 02:12:33,064 [om1-OMStateMachineApplyTransactionThread - 0] INFO  snapshot.OMSnapshotCreateRequest (OMSnapshotCreateRequest.java:validateAndUpdateCache(223)) - Created snapshot: '1e126a1f-fd77-49f5-9fb0-2c390304a6dd' with snapshotId: 'c7464e8b-3918-4d3a-8ef3-eda54a494bd7' under path 'volume39175/bucket17528'
2025-03-20 02:12:33,065 [main] WARN  server.ServerUtils (ServerUtils.java:getDBPath(297)) - ozone.om.db.dirs is not configured. We recommend adding this setting. Falling back to ozone.metadata.dirs instead.
2025-03-20 02:12:33,080 [om1-OMDoubleBufferFlushThread] INFO  db.RDBCheckpointManager (RDBCheckpointManager.java:createCheckpoint(87)) - Created checkpoint in rocksDB at /home/runner/work/ozone/ozone/hadoop-ozone/integration-test/target/test-dir/MiniOzoneClusterImpl-897eaf7f-b25b-4380-b284-a53405b32f13/ozone-meta/db.snapshots/checkpointState/om.db-c7464e8b-3918-4d3a-8ef3-eda54a494bd7 in 14 milliseconds
2025-03-20 02:12:33,081 [om1-OMDoubleBufferFlushThread] WARN  om.OmSnapshotManager (OmSnapshotManager.java:performOperationOnKeys(548)) - Took 397295 ns to find endKey. Caller is deleteKeysFromDelKeyTableInSnapshotScope
2025-03-20 02:12:33,081 [om1-OMDoubleBufferFlushThread] INFO  om.OmSnapshotManager (OmSnapshotManager.java:createOmSnapshotCheckpoint(482)) - Created checkpoint : /home/runner/work/ozone/ozone/hadoop-ozone/integration-test/target/test-dir/MiniOzoneClusterImpl-897eaf7f-b25b-4380-b284-a53405b32f13/ozone-meta/db.snapshots/checkpointState/om.db-c7464e8b-3918-4d3a-8ef3-eda54a494bd7 for snapshot 1e126a1f-fd77-49f5-9fb0-2c390304a6dd
2025-03-20 02:12:34,065 [main] WARN  snapshot.SnapshotCache (SnapshotCache.java:get(147)) - Snapshot cache size (24) exceeds configured soft-limit (10).
2025-03-20 02:12:34,066 [main] INFO  snapshot.SnapshotCache (SnapshotCache.java:lambda$2(155)) - Loading SnapshotId: 'c7464e8b-3918-4d3a-8ef3-eda54a494bd7'
2025-03-20 02:12:34,066 [main] WARN  server.ServerUtils (ServerUtils.java:getDBPath(297)) - ozone.om.db.dirs is not configured. We recommend adding this setting. Falling back to ozone.metadata.dirs instead.
]]></system-out>
  </testcase>
</testsuite>