<?xml version="1.0" encoding="UTF-8"?>
<testsuite xmlns:xsi="http://www.w3.org/2001/XMLSchema-instance" xsi:noNamespaceSchemaLocation="https://maven.apache.org/surefire/maven-surefire-plugin/xsd/surefire-test-report.xsd" name="org.apache.hadoop.ozone.scm.TestSCMInstallSnapshotWithHA" time="153.637" tests="3" errors="0" skipped="0" failures="1">
  <properties>
    <property name="awt.toolkit" value="sun.awt.X11.XToolkit"/>
    <property name="file.encoding.pkg" value="sun.io"/>
    <property name="java.specification.version" value="1.8"/>
    <property name="sun.cpu.isalist" value=""/>
    <property name="sun.jnu.encoding" value="UTF-8"/>
    <property name="java.class.path" value="/home/runner/work/ozone/ozone/mnt/ozone/hadoop-ozone/integration-test/target/test-classes:/home/runner/work/ozone/ozone/mnt/ozone/hadoop-ozone/integration-test/target/classes:/home/runner/.m2/repository/org/apache/ozone/ozone-common/1.2.0-SNAPSHOT/ozone-common-1.2.0-SNAPSHOT.jar:/home/runner/.m2/repository/org/apache/commons/commons-compress/1.20/commons-compress-1.20.jar:/home/runner/.m2/repository/org/apache/ozone/hdds-common/1.2.0-SNAPSHOT/hdds-common-1.2.0-SNAPSHOT.jar:/home/runner/.m2/repository/org/apache/ozone/hdds-client/1.2.0-SNAPSHOT/hdds-client-1.2.0-SNAPSHOT.jar:/home/runner/.m2/repository/org/apache/ozone/ozone-interface-client/1.2.0-SNAPSHOT/ozone-interface-client-1.2.0-SNAPSHOT.jar:/home/runner/.m2/repository/org/apache/ozone/hdds-test-utils/1.2.0-SNAPSHOT/hdds-test-utils-1.2.0-SNAPSHOT.jar:/home/runner/.m2/repository/com/google/guava/guava/30.1.1-jre/guava-30.1.1-jre.jar:/home/runner/.m2/repository/com/google/guava/failureaccess/1.0.1/failureaccess-1.0.1.jar:/home/runner/.m2/repository/com/google/guava/listenablefuture/9999.0-empty-to-avoid-conflict-with-guava/listenablefuture-9999.0-empty-to-avoid-conflict-with-guava.jar:/home/runner/.m2/repository/com/google/code/findbugs/jsr305/3.0.0/jsr305-3.0.0.jar:/home/runner/.m2/repository/org/checkerframework/checker-qual/3.8.0/checker-qual-3.8.0.jar:/home/runner/.m2/repository/com/google/errorprone/error_prone_annotations/2.2.0/error_prone_annotations-2.2.0.jar:/home/runner/.m2/repository/com/google/j2objc/j2objc-annotations/1.3/j2objc-annotations-1.3.jar:/home/runner/.m2/repository/commons-io/commons-io/2.8.0/commons-io-2.8.0.jar:/home/runner/.m2/repository/commons-logging/commons-logging/1.2/commons-logging-1.2.jar:/home/runner/.m2/repository/log4j/log4j/1.2.17/log4j-1.2.17.jar:/home/runner/.m2/repository/org/slf4j/slf4j-api/1.7.30/slf4j-api-1.7.30.jar:/home/runner/.m2/repository/org/apache/ozone/hdds-server-scm/1.2.0-SNAPSHOT/hdds-server-scm-1.2.0-SNAPSHOT.jar:/home/runner/.m2/repository/org/apache/ozone/hdds-container-service/1.2.0-SNAPSHOT/hdds-container-service-1.2.0-SNAPSHOT.jar:/home/runner/.m2/repository/org/apache/ozone/hdds-hadoop-dependency-server/1.2.0-SNAPSHOT/hdds-hadoop-dependency-server-1.2.0-SNAPSHOT.jar:/home/runner/.m2/repository/org/apache/hadoop/hadoop-hdfs/3.2.2/hadoop-hdfs-3.2.2.jar:/home/runner/.m2/repository/org/apache/ozone/hdds-server-framework/1.2.0-SNAPSHOT/hdds-server-framework-1.2.0-SNAPSHOT.jar:/home/runner/.m2/repository/org/apache/ozone/hdds-interface-server/1.2.0-SNAPSHOT/hdds-interface-server-1.2.0-SNAPSHOT.jar:/home/runner/.m2/repository/org/eclipse/jetty/jetty-servlet/9.4.35.v20201120/jetty-servlet-9.4.35.v20201120.jar:/home/runner/.m2/repository/org/eclipse/jetty/jetty-security/9.4.35.v20201120/jetty-security-9.4.35.v20201120.jar:/home/runner/.m2/repository/org/rocksdb/rocksdbjni/6.20.3/rocksdbjni-6.20.3.jar:/home/runner/.m2/repository/io/prometheus/simpleclient_dropwizard/0.7.0/simpleclient_dropwizard-0.7.0.jar:/home/runner/.m2/repository/io/prometheus/simpleclient/0.7.0/simpleclient-0.7.0.jar:/home/runner/.m2/repository/io/prometheus/simpleclient_common/0.7.0/simpleclient_common-0.7.0.jar:/home/runner/.m2/repository/com/fasterxml/jackson/datatype/jackson-datatype-jsr310/2.12.1/jackson-datatype-jsr310-2.12.1.jar:/home/runner/.m2/repository/io/dropwizard/metrics/metrics-core/3.2.4/metrics-core-3.2.4.jar:/home/runner/.m2/repository/org/apache/hadoop/hadoop-hdfs-client/3.2.2/hadoop-hdfs-client-3.2.2.jar:/home/runner/.m2/repository/org/bouncycastle/bcprov-jdk15on/1.67/bcprov-jdk15on-1.67.jar:/home/runner/.m2/repository/com/google/protobuf/protobuf-java/2.5.0/protobuf-java-2.5.0.jar:/home/runner/.m2/repository/org/apache/ozone/ozone-manager/1.2.0-SNAPSHOT/ozone-manager-1.2.0-SNAPSHOT.jar:/home/runner/.m2/repository/org/apache/ozone/hdds-interface-client/1.2.0-SNAPSHOT/hdds-interface-client-1.2.0-SNAPSHOT.jar:/home/runner/.m2/repository/org/apache/ratis/ratis-thirdparty-misc/0.7.0-a398b19-SNAPSHOT/ratis-thirdparty-misc-0.7.0-a398b19-SNAPSHOT.jar:/home/runner/.m2/repository/org/apache/ozone/ozone-interface-storage/1.2.0-SNAPSHOT/ozone-interface-storage-1.2.0-SNAPSHOT.jar:/home/runner/.m2/repository/org/apache/hadoop/hadoop-minikdc/3.2.2/hadoop-minikdc-3.2.2.jar:/home/runner/.m2/repository/org/apache/kerby/kerb-simplekdc/1.0.1/kerb-simplekdc-1.0.1.jar:/home/runner/.m2/repository/org/apache/kerby/kerb-client/1.0.1/kerb-client-1.0.1.jar:/home/runner/.m2/repository/org/apache/kerby/kerby-config/1.0.1/kerby-config-1.0.1.jar:/home/runner/.m2/repository/org/apache/kerby/kerb-core/1.0.1/kerb-core-1.0.1.jar:/home/runner/.m2/repository/org/apache/kerby/kerby-pkix/1.0.1/kerby-pkix-1.0.1.jar:/home/runner/.m2/repository/org/apache/kerby/kerby-asn1/1.0.1/kerby-asn1-1.0.1.jar:/home/runner/.m2/repository/org/apache/kerby/kerby-util/1.0.1/kerby-util-1.0.1.jar:/home/runner/.m2/repository/org/apache/kerby/kerb-common/1.0.1/kerb-common-1.0.1.jar:/home/runner/.m2/repository/org/apache/kerby/kerb-crypto/1.0.1/kerb-crypto-1.0.1.jar:/home/runner/.m2/repository/org/apache/kerby/kerb-util/1.0.1/kerb-util-1.0.1.jar:/home/runner/.m2/repository/org/apache/kerby/token-provider/1.0.1/token-provider-1.0.1.jar:/home/runner/.m2/repository/org/apache/kerby/kerb-admin/1.0.1/kerb-admin-1.0.1.jar:/home/runner/.m2/repository/org/apache/kerby/kerb-server/1.0.1/kerb-server-1.0.1.jar:/home/runner/.m2/repository/org/apache/kerby/kerb-identity/1.0.1/kerb-identity-1.0.1.jar:/home/runner/.m2/repository/org/apache/kerby/kerby-xdr/1.0.1/kerby-xdr-1.0.1.jar:/home/runner/.m2/repository/org/slf4j/slf4j-log4j12/1.7.30/slf4j-log4j12-1.7.30.jar:/home/runner/.m2/repository/org/apache/ozone/ozone-s3gateway/1.2.0-SNAPSHOT/ozone-s3gateway-1.2.0-SNAPSHOT.jar:/home/runner/.m2/repository/org/jboss/weld/servlet/weld-servlet/2.4.7.Final/weld-servlet-2.4.7.Final.jar:/home/runner/.m2/repository/org/glassfish/jersey/containers/jersey-container-servlet-core/2.33/jersey-container-servlet-core-2.33.jar:/home/runner/.m2/repository/org/glassfish/hk2/external/jakarta.inject/2.6.1/jakarta.inject-2.6.1.jar:/home/runner/.m2/repository/org/glassfish/jersey/core/jersey-common/2.33/jersey-common-2.33.jar:/home/runner/.m2/repository/jakarta/ws/rs/jakarta.ws.rs-api/2.1.6/jakarta.ws.rs-api-2.1.6.jar:/home/runner/.m2/repository/org/glassfish/jersey/ext/cdi/jersey-cdi1x/2.33/jersey-cdi1x-2.33.jar:/home/runner/.m2/repository/org/glassfish/jersey/inject/jersey-hk2/2.33/jersey-hk2-2.33.jar:/home/runner/.m2/repository/org/glassfish/hk2/hk2-locator/2.6.1/hk2-locator-2.6.1.jar:/home/runner/.m2/repository/org/javassist/javassist/3.25.0-GA/javassist-3.25.0-GA.jar:/home/runner/.m2/repository/org/glassfish/jersey/media/jersey-media-jaxb/2.33/jersey-media-jaxb-2.33.jar:/home/runner/.m2/repository/org/glassfish/hk2/osgi-resource-locator/1.0.3/osgi-resource-locator-1.0.3.jar:/home/runner/.m2/repository/org/glassfish/hk2/hk2-api/2.5.0/hk2-api-2.5.0.jar:/home/runner/.m2/repository/org/glassfish/hk2/hk2-utils/2.5.0/hk2-utils-2.5.0.jar:/home/runner/.m2/repository/org/glassfish/hk2/external/aopalliance-repackaged/2.5.0/aopalliance-repackaged-2.5.0.jar:/home/runner/.m2/repository/com/fasterxml/jackson/dataformat/jackson-dataformat-xml/2.12.1/jackson-dataformat-xml-2.12.1.jar:/home/runner/.m2/repository/com/fasterxml/jackson/core/jackson-core/2.12.1/jackson-core-2.12.1.jar:/home/runner/.m2/repository/com/fasterxml/jackson/module/jackson-module-jaxb-annotations/2.12.1/jackson-module-jaxb-annotations-2.12.1.jar:/home/runner/.m2/repository/jakarta/xml/bind/jakarta.xml.bind-api/2.3.2/jakarta.xml.bind-api-2.3.2.jar:/home/runner/.m2/repository/jakarta/activation/jakarta.activation-api/1.2.1/jakarta.activation-api-1.2.1.jar:/home/runner/.m2/repository/org/codehaus/woodstox/stax2-api/3.1.4/stax2-api-3.1.4.jar:/home/runner/.m2/repository/com/fasterxml/woodstox/woodstox-core/5.0.3/woodstox-core-5.0.3.jar:/home/runner/.m2/repository/javax/enterprise/cdi-api/1.2/cdi-api-1.2.jar:/home/runner/.m2/repository/javax/el/javax.el-api/3.0.0/javax.el-api-3.0.0.jar:/home/runner/.m2/repository/javax/interceptor/javax.interceptor-api/1.2/javax.interceptor-api-1.2.jar:/home/runner/.m2/repository/javax/inject/javax.inject/1/javax.inject-1.jar:/home/runner/.m2/repository/javax/xml/bind/jaxb-api/2.3.0/jaxb-api-2.3.0.jar:/home/runner/.m2/repository/org/glassfish/jaxb/jaxb-runtime/2.3.0.1/jaxb-runtime-2.3.0.1.jar:/home/runner/.m2/repository/org/glassfish/jaxb/jaxb-core/2.3.0.1/jaxb-core-2.3.0.1.jar:/home/runner/.m2/repository/org/glassfish/jaxb/txw2/2.3.0.1/txw2-2.3.0.1.jar:/home/runner/.m2/repository/com/sun/istack/istack-commons-runtime/3.0.5/istack-commons-runtime-3.0.5.jar:/home/runner/.m2/repository/org/jvnet/staxex/stax-ex/1.7.8/stax-ex-1.7.8.jar:/home/runner/.m2/repository/com/sun/xml/fastinfoset/FastInfoset/1.2.13/FastInfoset-1.2.13.jar:/home/runner/.m2/repository/javax/activation/activation/1.1.1/activation-1.1.1.jar:/home/runner/.m2/repository/org/apache/ozone/ozone-csi/1.2.0-SNAPSHOT/ozone-csi-1.2.0-SNAPSHOT.jar:/home/runner/.m2/repository/com/google/protobuf/protobuf-java-util/3.12.0/protobuf-java-util-3.12.0.jar:/home/runner/.m2/repository/com/google/code/gson/gson/2.2.4/gson-2.2.4.jar:/home/runner/.m2/repository/org/apache/ozone/hdds-config/1.2.0-SNAPSHOT/hdds-config-1.2.0-SNAPSHOT.jar:/home/runner/.m2/repository/io/grpc/grpc-netty/1.33.0/grpc-netty-1.33.0.jar:/home/runner/.m2/repository/io/grpc/grpc-core/1.33.0/grpc-core-1.33.0.jar:/home/runner/.m2/repository/com/google/android/annotations/4.1.1.4/annotations-4.1.1.4.jar:/home/runner/.m2/repository/io/netty/netty-codec-http2/4.1.63.Final/netty-codec-http2-4.1.63.Final.jar:/home/runner/.m2/repository/io/netty/netty-codec-http/4.1.63.Final/netty-codec-http-4.1.63.Final.jar:/home/runner/.m2/repository/io/netty/netty-handler-proxy/4.1.63.Final/netty-handler-proxy-4.1.63.Final.jar:/home/runner/.m2/repository/io/netty/netty-codec-socks/4.1.63.Final/netty-codec-socks-4.1.63.Final.jar:/home/runner/.m2/repository/io/perfmark/perfmark-api/0.19.0/perfmark-api-0.19.0.jar:/home/runner/.m2/repository/org/codehaus/mojo/animal-sniffer-annotations/1.18/animal-sniffer-annotations-1.18.jar:/home/runner/.m2/repository/io/netty/netty-transport-native-epoll/4.1.63.Final/netty-transport-native-epoll-4.1.63.Final.jar:/home/runner/.m2/repository/io/netty/netty-common/4.1.63.Final/netty-common-4.1.63.Final.jar:/home/runner/.m2/repository/io/netty/netty-buffer/4.1.63.Final/netty-buffer-4.1.63.Final.jar:/home/runner/.m2/repository/io/netty/netty-transport-native-unix-common/4.1.63.Final/netty-transport-native-unix-common-4.1.63.Final.jar:/home/runner/.m2/repository/io/grpc/grpc-protobuf/1.33.0/grpc-protobuf-1.33.0.jar:/home/runner/.m2/repository/io/grpc/grpc-api/1.33.0/grpc-api-1.33.0.jar:/home/runner/.m2/repository/io/grpc/grpc-context/1.33.0/grpc-context-1.33.0.jar:/home/runner/.m2/repository/com/google/api/grpc/proto-google-common-protos/1.17.0/proto-google-common-protos-1.17.0.jar:/home/runner/.m2/repository/io/grpc/grpc-protobuf-lite/1.33.0/grpc-protobuf-lite-1.33.0.jar:/home/runner/.m2/repository/io/grpc/grpc-stub/1.33.0/grpc-stub-1.33.0.jar:/home/runner/.m2/repository/org/apache/ozone/ozone-recon/1.2.0-SNAPSHOT/ozone-recon-1.2.0-SNAPSHOT.jar:/home/runner/.m2/repository/org/apache/ozone/ozone-reconcodegen/1.2.0-SNAPSHOT/ozone-reconcodegen-1.2.0-SNAPSHOT.jar:/home/runner/.m2/repository/com/google/inject/extensions/guice-multibindings/4.0/guice-multibindings-4.0.jar:/home/runner/.m2/repository/com/google/inject/guice/4.0/guice-4.0.jar:/home/runner/.m2/repository/aopalliance/aopalliance/1.0/aopalliance-1.0.jar:/home/runner/.m2/repository/com/google/inject/extensions/guice-assistedinject/4.0/guice-assistedinject-4.0.jar:/home/runner/.m2/repository/com/google/inject/extensions/guice-servlet/4.0/guice-servlet-4.0.jar:/home/runner/.m2/repository/org/glassfish/jersey/containers/jersey-container-servlet/2.33/jersey-container-servlet-2.33.jar:/home/runner/.m2/repository/org/glassfish/hk2/guice-bridge/2.5.0/guice-bridge-2.5.0.jar:/home/runner/.m2/repository/org/glassfish/jersey/core/jersey-server/2.33/jersey-server-2.33.jar:/home/runner/.m2/repository/org/glassfish/jersey/core/jersey-client/2.33/jersey-client-2.33.jar:/home/runner/.m2/repository/jakarta/annotation/jakarta.annotation-api/1.3.5/jakarta.annotation-api-1.3.5.jar:/home/runner/.m2/repository/jakarta/validation/jakarta.validation-api/2.0.2/jakarta.validation-api-2.0.2.jar:/home/runner/.m2/repository/org/glassfish/jersey/media/jersey-media-json-jackson/2.33/jersey-media-json-jackson-2.33.jar:/home/runner/.m2/repository/org/glassfish/jersey/ext/jersey-entity-filtering/2.33/jersey-entity-filtering-2.33.jar:/home/runner/.m2/repository/org/jooq/jooq/3.11.10/jooq-3.11.10.jar:/home/runner/.m2/repository/org/jooq/jooq-meta/3.11.10/jooq-meta-3.11.10.jar:/home/runner/.m2/repository/org/jooq/jooq-codegen/3.11.10/jooq-codegen-3.11.10.jar:/home/runner/.m2/repository/com/jolbox/bonecp/0.8.0.RELEASE/bonecp-0.8.0.RELEASE.jar:/home/runner/.m2/repository/org/apache/derby/derby/10.14.2.0/derby-10.14.2.0.jar:/home/runner/.m2/repository/org/xerial/sqlite-jdbc/3.25.2/sqlite-jdbc-3.25.2.jar:/home/runner/.m2/repository/org/springframework/spring-jdbc/5.2.11.RELEASE/spring-jdbc-5.2.11.RELEASE.jar:/home/runner/.m2/repository/org/springframework/spring-beans/5.2.11.RELEASE/spring-beans-5.2.11.RELEASE.jar:/home/runner/.m2/repository/org/springframework/spring-core/5.2.11.RELEASE/spring-core-5.2.11.RELEASE.jar:/home/runner/.m2/repository/org/springframework/spring-jcl/5.2.11.RELEASE/spring-jcl-5.2.11.RELEASE.jar:/home/runner/.m2/repository/org/springframework/spring-tx/5.2.11.RELEASE/spring-tx-5.2.11.RELEASE.jar:/home/runner/.m2/repository/org/apache/ozone/ozone-client/1.2.0-SNAPSHOT/ozone-client-1.2.0-SNAPSHOT.jar:/home/runner/.m2/repository/org/apache/ozone/ozone-filesystem/1.2.0-SNAPSHOT/ozone-filesystem-1.2.0-SNAPSHOT.jar:/home/runner/.m2/repository/org/apache/ozone/ozone-filesystem-common/1.2.0-SNAPSHOT/ozone-filesystem-common-1.2.0-SNAPSHOT.jar:/home/runner/.m2/repository/org/apache/ozone/ozone-tools/1.2.0-SNAPSHOT/ozone-tools-1.2.0-SNAPSHOT.jar:/home/runner/.m2/repository/org/apache/ratis/ratis-tools/2.1.0-ff8aa66-SNAPSHOT/ratis-tools-2.1.0-ff8aa66-SNAPSHOT.jar:/home/runner/.m2/repository/org/apache/ratis/ratis-proto/2.1.0-ff8aa66-SNAPSHOT/ratis-proto-2.1.0-ff8aa66-SNAPSHOT.jar:/home/runner/.m2/repository/org/apache/ratis/ratis-common/2.1.0-ff8aa66-SNAPSHOT/ratis-common-2.1.0-ff8aa66-SNAPSHOT.jar:/home/runner/.m2/repository/com/amazonaws/aws-java-sdk-core/1.11.901/aws-java-sdk-core-1.11.901.jar:/home/runner/.m2/repository/org/apache/httpcomponents/httpclient/4.5.13/httpclient-4.5.13.jar:/home/runner/.m2/repository/org/apache/httpcomponents/httpcore/4.4.13/httpcore-4.4.13.jar:/home/runner/.m2/repository/software/amazon/ion/ion-java/1.0.2/ion-java-1.0.2.jar:/home/runner/.m2/repository/com/fasterxml/jackson/dataformat/jackson-dataformat-cbor/2.12.1/jackson-dataformat-cbor-2.12.1.jar:/home/runner/.m2/repository/joda-time/joda-time/2.8.1/joda-time-2.8.1.jar:/home/runner/.m2/repository/com/amazonaws/aws-java-sdk-s3/1.11.901/aws-java-sdk-s3-1.11.901.jar:/home/runner/.m2/repository/com/amazonaws/aws-java-sdk-kms/1.11.901/aws-java-sdk-kms-1.11.901.jar:/home/runner/.m2/repository/com/amazonaws/jmespath-java/1.11.901/jmespath-java-1.11.901.jar:/home/runner/.m2/repository/org/kohsuke/metainf-services/metainf-services/1.8/metainf-services-1.8.jar:/home/runner/.m2/repository/org/apache/ozone/hdds-tools/1.2.0-SNAPSHOT/hdds-tools-1.2.0-SNAPSHOT.jar:/home/runner/.m2/repository/commons-cli/commons-cli/1.2/commons-cli-1.2.jar:/home/runner/.m2/repository/org/apache/commons/commons-lang3/3.7/commons-lang3-3.7.jar:/home/runner/.m2/repository/org/apache/ozone/ozone-manager/1.2.0-SNAPSHOT/ozone-manager-1.2.0-SNAPSHOT-tests.jar:/home/runner/.m2/repository/org/apache/ozone/hdds-common/1.2.0-SNAPSHOT/hdds-common-1.2.0-SNAPSHOT-tests.jar:/home/runner/.m2/repository/org/apache/ozone/hdds-hadoop-dependency-client/1.2.0-SNAPSHOT/hdds-hadoop-dependency-client-1.2.0-SNAPSHOT.jar:/home/runner/.m2/repository/info/picocli/picocli/4.4.0/picocli-4.4.0.jar:/home/runner/.m2/repository/com/fasterxml/jackson/core/jackson-annotations/2.12.1/jackson-annotations-2.12.1.jar:/home/runner/.m2/repository/javax/annotation/javax.annotation-api/1.2/javax.annotation-api-1.2.jar:/home/runner/.m2/repository/org/apache/ratis/ratis-server/2.1.0-ff8aa66-SNAPSHOT/ratis-server-2.1.0-ff8aa66-SNAPSHOT.jar:/home/runner/.m2/repository/org/apache/ratis/ratis-client/2.1.0-ff8aa66-SNAPSHOT/ratis-client-2.1.0-ff8aa66-SNAPSHOT.jar:/home/runner/.m2/repository/org/apache/ratis/ratis-server-api/2.1.0-ff8aa66-SNAPSHOT/ratis-server-api-2.1.0-ff8aa66-SNAPSHOT.jar:/home/runner/.m2/repository/org/apache/ratis/ratis-metrics/2.1.0-ff8aa66-SNAPSHOT/ratis-metrics-2.1.0-ff8aa66-SNAPSHOT.jar:/home/runner/.m2/repository/org/apache/ratis/ratis-netty/2.1.0-ff8aa66-SNAPSHOT/ratis-netty-2.1.0-ff8aa66-SNAPSHOT.jar:/home/runner/.m2/repository/org/apache/ratis/ratis-grpc/2.1.0-ff8aa66-SNAPSHOT/ratis-grpc-2.1.0-ff8aa66-SNAPSHOT.jar:/home/runner/.m2/repository/org/apache/logging/log4j/log4j-api/2.13.3/log4j-api-2.13.3.jar:/home/runner/.m2/repository/org/apache/logging/log4j/log4j-core/2.13.3/log4j-core-2.13.3.jar:/home/runner/.m2/repository/com/lmax/disruptor/3.4.2/disruptor-3.4.2.jar:/home/runner/.m2/repository/org/apache/commons/commons-pool2/2.6.0/commons-pool2-2.6.0.jar:/home/runner/.m2/repository/org/bouncycastle/bcpkix-jdk15on/1.67/bcpkix-jdk15on-1.67.jar:/home/runner/.m2/repository/commons-validator/commons-validator/1.6/commons-validator-1.6.jar:/home/runner/.m2/repository/commons-beanutils/commons-beanutils/1.9.4/commons-beanutils-1.9.4.jar:/home/runner/.m2/repository/commons-digester/commons-digester/1.8.1/commons-digester-1.8.1.jar:/home/runner/.m2/repository/commons-collections/commons-collections/3.2.2/commons-collections-3.2.2.jar:/home/runner/.m2/repository/io/jaegertracing/jaeger-client/1.6.0/jaeger-client-1.6.0.jar:/home/runner/.m2/repository/io/jaegertracing/jaeger-thrift/1.6.0/jaeger-thrift-1.6.0.jar:/home/runner/.m2/repository/org/apache/thrift/libthrift/0.14.1/libthrift-0.14.1.jar:/home/runner/.m2/repository/com/squareup/okhttp3/okhttp/4.9.0/okhttp-4.9.0.jar:/home/runner/.m2/repository/com/squareup/okio/okio/2.8.0/okio-2.8.0.jar:/home/runner/.m2/repository/io/jaegertracing/jaeger-core/1.6.0/jaeger-core-1.6.0.jar:/home/runner/.m2/repository/io/jaegertracing/jaeger-tracerresolver/1.6.0/jaeger-tracerresolver-1.6.0.jar:/home/runner/.m2/repository/io/opentracing/contrib/opentracing-tracerresolver/0.1.8/opentracing-tracerresolver-0.1.8.jar:/home/runner/.m2/repository/org/jetbrains/kotlin/kotlin-stdlib/1.4.31/kotlin-stdlib-1.4.31.jar:/home/runner/.m2/repository/org/jetbrains/kotlin/kotlin-stdlib-common/1.4.31/kotlin-stdlib-common-1.4.31.jar:/home/runner/.m2/repository/org/jetbrains/annotations/13.0/annotations-13.0.jar:/home/runner/.m2/repository/io/opentracing/opentracing-util/0.33.0/opentracing-util-0.33.0.jar:/home/runner/.m2/repository/io/opentracing/opentracing-api/0.33.0/opentracing-api-0.33.0.jar:/home/runner/.m2/repository/io/opentracing/opentracing-noop/0.33.0/opentracing-noop-0.33.0.jar:/home/runner/.m2/repository/org/yaml/snakeyaml/1.26/snakeyaml-1.26.jar:/home/runner/.m2/repository/org/apache/ozone/hdds-interface-admin/1.2.0-SNAPSHOT/hdds-interface-admin-1.2.0-SNAPSHOT.jar:/home/runner/.m2/repository/junit/junit/4.13.1/junit-4.13.1.jar:/home/runner/.m2/repository/org/hamcrest/hamcrest-core/1.3/hamcrest-core-1.3.jar:/home/runner/.m2/repository/org/junit/jupiter/junit-jupiter-api/5.7.0/junit-jupiter-api-5.7.0.jar:/home/runner/.m2/repository/org/apiguardian/apiguardian-api/1.1.0/apiguardian-api-1.1.0.jar:/home/runner/.m2/repository/org/opentest4j/opentest4j/1.2.0/opentest4j-1.2.0.jar:/home/runner/.m2/repository/org/junit/platform/junit-platform-commons/1.7.0/junit-platform-commons-1.7.0.jar:/home/runner/.m2/repository/org/junit/jupiter/junit-jupiter-engine/5.7.0/junit-jupiter-engine-5.7.0.jar:/home/runner/.m2/repository/org/junit/platform/junit-platform-engine/1.7.0/junit-platform-engine-1.7.0.jar:/home/runner/.m2/repository/org/junit/vintage/junit-vintage-engine/5.7.0/junit-vintage-engine-5.7.0.jar:/home/runner/.m2/repository/org/junit/platform/junit-platform-launcher/1.7.0/junit-platform-launcher-1.7.0.jar:/home/runner/.m2/repository/org/openjdk/jmh/jmh-core/1.19/jmh-core-1.19.jar:/home/runner/.m2/repository/net/sf/jopt-simple/jopt-simple/4.6/jopt-simple-4.6.jar:/home/runner/.m2/repository/org/apache/commons/commons-math3/3.1.1/commons-math3-3.1.1.jar:/home/runner/.m2/repository/org/openjdk/jmh/jmh-generator-annprocess/1.19/jmh-generator-annprocess-1.19.jar:/home/runner/.m2/repository/org/mockito/mockito-all/1.8.5/mockito-all-1.8.5.jar:/home/runner/.m2/repository/org/apache/hadoop/hadoop-kms/3.2.2/hadoop-kms-3.2.2.jar:/home/runner/.m2/repository/org/apache/hadoop/hadoop-auth/3.2.2/hadoop-auth-3.2.2.jar:/home/runner/.m2/repository/com/nimbusds/nimbus-jose-jwt/7.9/nimbus-jose-jwt-7.9.jar:/home/runner/.m2/repository/com/github/stephenc/jcip/jcip-annotations/1.0-1/jcip-annotations-1.0-1.jar:/home/runner/.m2/repository/net/minidev/json-smart/2.3/json-smart-2.3.jar:/home/runner/.m2/repository/net/minidev/accessors-smart/1.2/accessors-smart-1.2.jar:/home/runner/.m2/repository/org/ow2/asm/asm/5.0.4/asm-5.0.4.jar:/home/runner/.m2/repository/org/apache/zookeeper/zookeeper/3.4.13/zookeeper-3.4.13.jar:/home/runner/.m2/repository/org/apache/yetus/audience-annotations/0.5.0/audience-annotations-0.5.0.jar:/home/runner/.m2/repository/org/apache/curator/curator-framework/2.13.0/curator-framework-2.13.0.jar:/home/runner/.m2/repository/com/sun/jersey/jersey-core/1.19/jersey-core-1.19.jar:/home/runner/.m2/repository/javax/ws/rs/jsr311-api/1.1.1/jsr311-api-1.1.1.jar:/home/runner/.m2/repository/com/sun/jersey/jersey-server/1.19/jersey-server-1.19.jar:/home/runner/.m2/repository/javax/servlet/javax.servlet-api/3.1.0/javax.servlet-api-3.1.0.jar:/home/runner/.m2/repository/org/eclipse/jetty/jetty-server/9.4.35.v20201120/jetty-server-9.4.35.v20201120.jar:/home/runner/.m2/repository/org/eclipse/jetty/jetty-http/9.4.35.v20201120/jetty-http-9.4.35.v20201120.jar:/home/runner/.m2/repository/org/eclipse/jetty/jetty-io/9.4.35.v20201120/jetty-io-9.4.35.v20201120.jar:/home/runner/.m2/repository/org/eclipse/jetty/jetty-webapp/9.4.35.v20201120/jetty-webapp-9.4.35.v20201120.jar:/home/runner/.m2/repository/org/eclipse/jetty/jetty-xml/9.4.35.v20201120/jetty-xml-9.4.35.v20201120.jar:/home/runner/.m2/repository/org/apache/hadoop/hadoop-common/3.2.2/hadoop-common-3.2.2.jar:/home/runner/.m2/repository/commons-net/commons-net/3.6/commons-net-3.6.jar:/home/runner/.m2/repository/javax/activation/javax.activation-api/1.2.0/javax.activation-api-1.2.0.jar:/home/runner/.m2/repository/com/sun/jersey/jersey-servlet/1.19/jersey-servlet-1.19.jar:/home/runner/.m2/repository/com/sun/jersey/jersey-json/1.19/jersey-json-1.19.jar:/home/runner/.m2/repository/org/codehaus/jettison/jettison/1.1/jettison-1.1.jar:/home/runner/.m2/repository/com/sun/xml/bind/jaxb-impl/2.2.3-1/jaxb-impl-2.2.3-1.jar:/home/runner/.m2/repository/org/codehaus/jackson/jackson-jaxrs/1.9.2/jackson-jaxrs-1.9.2.jar:/home/runner/.m2/repository/org/codehaus/jackson/jackson-xc/1.9.2/jackson-xc-1.9.2.jar:/home/runner/.m2/repository/org/apache/commons/commons-configuration2/2.1.1/commons-configuration2-2.1.1.jar:/home/runner/.m2/repository/org/apache/commons/commons-text/1.4/commons-text-1.4.jar:/home/runner/.m2/repository/com/google/re2j/re2j/1.1/re2j-1.1.jar:/home/runner/.m2/repository/com/jcraft/jsch/0.1.54/jsch-0.1.54.jar:/home/runner/.m2/repository/org/apache/curator/curator-client/2.13.0/curator-client-2.13.0.jar:/home/runner/.m2/repository/org/apache/curator/curator-recipes/2.13.0/curator-recipes-2.13.0.jar:/home/runner/.m2/repository/dnsjava/dnsjava/2.1.7/dnsjava-2.1.7.jar:/home/runner/.m2/repository/org/slf4j/jul-to-slf4j/1.7.30/jul-to-slf4j-1.7.30.jar:/home/runner/.m2/repository/org/eclipse/jetty/jetty-util/9.4.35.v20201120/jetty-util-9.4.35.v20201120.jar:/home/runner/.m2/repository/com/fasterxml/jackson/core/jackson-databind/2.12.1/jackson-databind-2.12.1.jar:/home/runner/.m2/repository/org/apache/hadoop/hadoop-kms/3.2.2/hadoop-kms-3.2.2-tests.jar:/home/runner/.m2/repository/org/apache/ozone/hdds-server-scm/1.2.0-SNAPSHOT/hdds-server-scm-1.2.0-SNAPSHOT-tests.jar:/home/runner/.m2/repository/org/apache/ozone/hdds-container-service/1.2.0-SNAPSHOT/hdds-container-service-1.2.0-SNAPSHOT-tests.jar:/home/runner/.m2/repository/commons-codec/commons-codec/1.11/commons-codec-1.11.jar:/home/runner/.m2/repository/io/netty/netty-transport/4.1.63.Final/netty-transport-4.1.63.Final.jar:/home/runner/.m2/repository/io/netty/netty-resolver/4.1.63.Final/netty-resolver-4.1.63.Final.jar:/home/runner/.m2/repository/io/netty/netty-codec/4.1.63.Final/netty-codec-4.1.63.Final.jar:/home/runner/.m2/repository/io/netty/netty-handler/4.1.63.Final/netty-handler-4.1.63.Final.jar:/home/runner/.m2/repository/org/apache/ozone/hdds-hadoop-dependency-test/1.2.0-SNAPSHOT/hdds-hadoop-dependency-test-1.2.0-SNAPSHOT.jar:/home/runner/.m2/repository/org/apache/hadoop/hadoop-common/3.2.2/hadoop-common-3.2.2-tests.jar:/home/runner/.m2/repository/org/apache/hadoop/hadoop-hdfs/3.2.2/hadoop-hdfs-3.2.2-tests.jar:/home/runner/.m2/repository/org/eclipse/jetty/jetty-util-ajax/9.4.35.v20201120/jetty-util-ajax-9.4.35.v20201120.jar:/home/runner/.m2/repository/commons-daemon/commons-daemon/1.0.13/commons-daemon-1.0.13.jar:/home/runner/.m2/repository/io/netty/netty/3.10.6.Final/netty-3.10.6.Final.jar:/home/runner/.m2/repository/io/netty/netty-all/4.1.63.Final/netty-all-4.1.63.Final.jar:/home/runner/.m2/repository/org/apache/htrace/htrace-core4/4.1.0-incubating/htrace-core4-4.1.0-incubating.jar:/home/runner/.m2/repository/org/fusesource/leveldbjni/leveldbjni-all/1.8/leveldbjni-all-1.8.jar:/home/runner/.m2/repository/org/apache/hadoop/hadoop-distcp/3.2.2/hadoop-distcp-3.2.2.jar:/home/runner/.m2/repository/org/apache/hadoop/hadoop-mapreduce-client-jobclient/3.2.2/hadoop-mapreduce-client-jobclient-3.2.2.jar:/home/runner/.m2/repository/org/apache/hadoop/hadoop-mapreduce-client-common/3.2.2/hadoop-mapreduce-client-common-3.2.2.jar:/home/runner/.m2/repository/org/apache/hadoop/hadoop-yarn-common/3.2.2/hadoop-yarn-common-3.2.2.jar:/home/runner/.m2/repository/org/apache/hadoop/hadoop-yarn-api/3.2.2/hadoop-yarn-api-3.2.2.jar:/home/runner/.m2/repository/com/sun/jersey/jersey-client/1.19/jersey-client-1.19.jar:/home/runner/.m2/repository/com/sun/jersey/contribs/jersey-guice/1.19/jersey-guice-1.19.jar:/home/runner/.m2/repository/com/fasterxml/jackson/jaxrs/jackson-jaxrs-json-provider/2.12.1/jackson-jaxrs-json-provider-2.12.1.jar:/home/runner/.m2/repository/com/fasterxml/jackson/jaxrs/jackson-jaxrs-base/2.12.1/jackson-jaxrs-base-2.12.1.jar:/home/runner/.m2/repository/org/apache/hadoop/hadoop-yarn-client/3.2.2/hadoop-yarn-client-3.2.2.jar:/home/runner/.m2/repository/org/apache/hadoop/hadoop-mapreduce-client-core/3.2.2/hadoop-mapreduce-client-core-3.2.2.jar:/home/runner/.m2/repository/org/apache/avro/avro/1.7.7/avro-1.7.7.jar:/home/runner/.m2/repository/org/codehaus/jackson/jackson-core-asl/1.9.13/jackson-core-asl-1.9.13.jar:/home/runner/.m2/repository/org/codehaus/jackson/jackson-mapper-asl/1.9.13/jackson-mapper-asl-1.9.13.jar:/home/runner/.m2/repository/com/thoughtworks/paranamer/paranamer/2.3/paranamer-2.3.jar:/home/runner/.m2/repository/org/xerial/snappy/snappy-java/1.0.5/snappy-java-1.0.5.jar:/home/runner/.m2/repository/org/apache/hadoop/hadoop-annotations/3.2.2/hadoop-annotations-3.2.2.jar:/usr/lib/jvm/adoptopenjdk-8-hotspot-amd64/jre/../lib/tools.jar:/home/runner/.m2/repository/org/apache/hadoop/hadoop-distcp/3.2.2/hadoop-distcp-3.2.2-tests.jar:"/>
    <property name="java.vm.vendor" value="AdoptOpenJDK"/>
    <property name="sun.arch.data.model" value="64"/>
    <property name="test.build.dir" value="/home/runner/work/ozone/ozone/mnt/ozone/hadoop-ozone/integration-test/target/test-dir"/>
    <property name="test.cache.data" value=""/>
    <property name="java.vendor.url" value="https://adoptopenjdk.net/"/>
    <property name="user.timezone" value=""/>
    <property name="java.vm.specification.version" value="1.8"/>
    <property name="os.name" value="Linux"/>
    <property name="test.build.data" value="/home/runner/work/ozone/ozone/mnt/ozone/hadoop-ozone/integration-test/target/test-dir"/>
    <property name="sun.java.launcher" value="SUN_STANDARD"/>
    <property name="sun.boot.library.path" value="/usr/lib/jvm/adoptopenjdk-8-hotspot-amd64/jre/lib/amd64"/>
    <property name="sun.java.command" value="/home/runner/work/ozone/ozone/mnt/ozone/hadoop-ozone/integration-test/target/surefire/surefirebooter6573933109664617776.jar /home/runner/work/ozone/ozone/mnt/ozone/hadoop-ozone/integration-test/target/surefire 2021-07-05T00-55-37_387-jvmRun1 surefire2950811188474146443tmp surefire_21368436256967476236tmp"/>
    <property name="surefire.test.class.path" value="/home/runner/work/ozone/ozone/mnt/ozone/hadoop-ozone/integration-test/target/test-classes:/home/runner/work/ozone/ozone/mnt/ozone/hadoop-ozone/integration-test/target/classes:/home/runner/.m2/repository/org/apache/ozone/ozone-common/1.2.0-SNAPSHOT/ozone-common-1.2.0-SNAPSHOT.jar:/home/runner/.m2/repository/org/apache/commons/commons-compress/1.20/commons-compress-1.20.jar:/home/runner/.m2/repository/org/apache/ozone/hdds-common/1.2.0-SNAPSHOT/hdds-common-1.2.0-SNAPSHOT.jar:/home/runner/.m2/repository/org/apache/ozone/hdds-client/1.2.0-SNAPSHOT/hdds-client-1.2.0-SNAPSHOT.jar:/home/runner/.m2/repository/org/apache/ozone/ozone-interface-client/1.2.0-SNAPSHOT/ozone-interface-client-1.2.0-SNAPSHOT.jar:/home/runner/.m2/repository/org/apache/ozone/hdds-test-utils/1.2.0-SNAPSHOT/hdds-test-utils-1.2.0-SNAPSHOT.jar:/home/runner/.m2/repository/com/google/guava/guava/30.1.1-jre/guava-30.1.1-jre.jar:/home/runner/.m2/repository/com/google/guava/failureaccess/1.0.1/failureaccess-1.0.1.jar:/home/runner/.m2/repository/com/google/guava/listenablefuture/9999.0-empty-to-avoid-conflict-with-guava/listenablefuture-9999.0-empty-to-avoid-conflict-with-guava.jar:/home/runner/.m2/repository/com/google/code/findbugs/jsr305/3.0.0/jsr305-3.0.0.jar:/home/runner/.m2/repository/org/checkerframework/checker-qual/3.8.0/checker-qual-3.8.0.jar:/home/runner/.m2/repository/com/google/errorprone/error_prone_annotations/2.2.0/error_prone_annotations-2.2.0.jar:/home/runner/.m2/repository/com/google/j2objc/j2objc-annotations/1.3/j2objc-annotations-1.3.jar:/home/runner/.m2/repository/commons-io/commons-io/2.8.0/commons-io-2.8.0.jar:/home/runner/.m2/repository/commons-logging/commons-logging/1.2/commons-logging-1.2.jar:/home/runner/.m2/repository/log4j/log4j/1.2.17/log4j-1.2.17.jar:/home/runner/.m2/repository/org/slf4j/slf4j-api/1.7.30/slf4j-api-1.7.30.jar:/home/runner/.m2/repository/org/apache/ozone/hdds-server-scm/1.2.0-SNAPSHOT/hdds-server-scm-1.2.0-SNAPSHOT.jar:/home/runner/.m2/repository/org/apache/ozone/hdds-container-service/1.2.0-SNAPSHOT/hdds-container-service-1.2.0-SNAPSHOT.jar:/home/runner/.m2/repository/org/apache/ozone/hdds-hadoop-dependency-server/1.2.0-SNAPSHOT/hdds-hadoop-dependency-server-1.2.0-SNAPSHOT.jar:/home/runner/.m2/repository/org/apache/hadoop/hadoop-hdfs/3.2.2/hadoop-hdfs-3.2.2.jar:/home/runner/.m2/repository/org/apache/ozone/hdds-server-framework/1.2.0-SNAPSHOT/hdds-server-framework-1.2.0-SNAPSHOT.jar:/home/runner/.m2/repository/org/apache/ozone/hdds-interface-server/1.2.0-SNAPSHOT/hdds-interface-server-1.2.0-SNAPSHOT.jar:/home/runner/.m2/repository/org/eclipse/jetty/jetty-servlet/9.4.35.v20201120/jetty-servlet-9.4.35.v20201120.jar:/home/runner/.m2/repository/org/eclipse/jetty/jetty-security/9.4.35.v20201120/jetty-security-9.4.35.v20201120.jar:/home/runner/.m2/repository/org/rocksdb/rocksdbjni/6.20.3/rocksdbjni-6.20.3.jar:/home/runner/.m2/repository/io/prometheus/simpleclient_dropwizard/0.7.0/simpleclient_dropwizard-0.7.0.jar:/home/runner/.m2/repository/io/prometheus/simpleclient/0.7.0/simpleclient-0.7.0.jar:/home/runner/.m2/repository/io/prometheus/simpleclient_common/0.7.0/simpleclient_common-0.7.0.jar:/home/runner/.m2/repository/com/fasterxml/jackson/datatype/jackson-datatype-jsr310/2.12.1/jackson-datatype-jsr310-2.12.1.jar:/home/runner/.m2/repository/io/dropwizard/metrics/metrics-core/3.2.4/metrics-core-3.2.4.jar:/home/runner/.m2/repository/org/apache/hadoop/hadoop-hdfs-client/3.2.2/hadoop-hdfs-client-3.2.2.jar:/home/runner/.m2/repository/org/bouncycastle/bcprov-jdk15on/1.67/bcprov-jdk15on-1.67.jar:/home/runner/.m2/repository/com/google/protobuf/protobuf-java/2.5.0/protobuf-java-2.5.0.jar:/home/runner/.m2/repository/org/apache/ozone/ozone-manager/1.2.0-SNAPSHOT/ozone-manager-1.2.0-SNAPSHOT.jar:/home/runner/.m2/repository/org/apache/ozone/hdds-interface-client/1.2.0-SNAPSHOT/hdds-interface-client-1.2.0-SNAPSHOT.jar:/home/runner/.m2/repository/org/apache/ratis/ratis-thirdparty-misc/0.7.0-a398b19-SNAPSHOT/ratis-thirdparty-misc-0.7.0-a398b19-SNAPSHOT.jar:/home/runner/.m2/repository/org/apache/ozone/ozone-interface-storage/1.2.0-SNAPSHOT/ozone-interface-storage-1.2.0-SNAPSHOT.jar:/home/runner/.m2/repository/org/apache/hadoop/hadoop-minikdc/3.2.2/hadoop-minikdc-3.2.2.jar:/home/runner/.m2/repository/org/apache/kerby/kerb-simplekdc/1.0.1/kerb-simplekdc-1.0.1.jar:/home/runner/.m2/repository/org/apache/kerby/kerb-client/1.0.1/kerb-client-1.0.1.jar:/home/runner/.m2/repository/org/apache/kerby/kerby-config/1.0.1/kerby-config-1.0.1.jar:/home/runner/.m2/repository/org/apache/kerby/kerb-core/1.0.1/kerb-core-1.0.1.jar:/home/runner/.m2/repository/org/apache/kerby/kerby-pkix/1.0.1/kerby-pkix-1.0.1.jar:/home/runner/.m2/repository/org/apache/kerby/kerby-asn1/1.0.1/kerby-asn1-1.0.1.jar:/home/runner/.m2/repository/org/apache/kerby/kerby-util/1.0.1/kerby-util-1.0.1.jar:/home/runner/.m2/repository/org/apache/kerby/kerb-common/1.0.1/kerb-common-1.0.1.jar:/home/runner/.m2/repository/org/apache/kerby/kerb-crypto/1.0.1/kerb-crypto-1.0.1.jar:/home/runner/.m2/repository/org/apache/kerby/kerb-util/1.0.1/kerb-util-1.0.1.jar:/home/runner/.m2/repository/org/apache/kerby/token-provider/1.0.1/token-provider-1.0.1.jar:/home/runner/.m2/repository/org/apache/kerby/kerb-admin/1.0.1/kerb-admin-1.0.1.jar:/home/runner/.m2/repository/org/apache/kerby/kerb-server/1.0.1/kerb-server-1.0.1.jar:/home/runner/.m2/repository/org/apache/kerby/kerb-identity/1.0.1/kerb-identity-1.0.1.jar:/home/runner/.m2/repository/org/apache/kerby/kerby-xdr/1.0.1/kerby-xdr-1.0.1.jar:/home/runner/.m2/repository/org/slf4j/slf4j-log4j12/1.7.30/slf4j-log4j12-1.7.30.jar:/home/runner/.m2/repository/org/apache/ozone/ozone-s3gateway/1.2.0-SNAPSHOT/ozone-s3gateway-1.2.0-SNAPSHOT.jar:/home/runner/.m2/repository/org/jboss/weld/servlet/weld-servlet/2.4.7.Final/weld-servlet-2.4.7.Final.jar:/home/runner/.m2/repository/org/glassfish/jersey/containers/jersey-container-servlet-core/2.33/jersey-container-servlet-core-2.33.jar:/home/runner/.m2/repository/org/glassfish/hk2/external/jakarta.inject/2.6.1/jakarta.inject-2.6.1.jar:/home/runner/.m2/repository/org/glassfish/jersey/core/jersey-common/2.33/jersey-common-2.33.jar:/home/runner/.m2/repository/jakarta/ws/rs/jakarta.ws.rs-api/2.1.6/jakarta.ws.rs-api-2.1.6.jar:/home/runner/.m2/repository/org/glassfish/jersey/ext/cdi/jersey-cdi1x/2.33/jersey-cdi1x-2.33.jar:/home/runner/.m2/repository/org/glassfish/jersey/inject/jersey-hk2/2.33/jersey-hk2-2.33.jar:/home/runner/.m2/repository/org/glassfish/hk2/hk2-locator/2.6.1/hk2-locator-2.6.1.jar:/home/runner/.m2/repository/org/javassist/javassist/3.25.0-GA/javassist-3.25.0-GA.jar:/home/runner/.m2/repository/org/glassfish/jersey/media/jersey-media-jaxb/2.33/jersey-media-jaxb-2.33.jar:/home/runner/.m2/repository/org/glassfish/hk2/osgi-resource-locator/1.0.3/osgi-resource-locator-1.0.3.jar:/home/runner/.m2/repository/org/glassfish/hk2/hk2-api/2.5.0/hk2-api-2.5.0.jar:/home/runner/.m2/repository/org/glassfish/hk2/hk2-utils/2.5.0/hk2-utils-2.5.0.jar:/home/runner/.m2/repository/org/glassfish/hk2/external/aopalliance-repackaged/2.5.0/aopalliance-repackaged-2.5.0.jar:/home/runner/.m2/repository/com/fasterxml/jackson/dataformat/jackson-dataformat-xml/2.12.1/jackson-dataformat-xml-2.12.1.jar:/home/runner/.m2/repository/com/fasterxml/jackson/core/jackson-core/2.12.1/jackson-core-2.12.1.jar:/home/runner/.m2/repository/com/fasterxml/jackson/module/jackson-module-jaxb-annotations/2.12.1/jackson-module-jaxb-annotations-2.12.1.jar:/home/runner/.m2/repository/jakarta/xml/bind/jakarta.xml.bind-api/2.3.2/jakarta.xml.bind-api-2.3.2.jar:/home/runner/.m2/repository/jakarta/activation/jakarta.activation-api/1.2.1/jakarta.activation-api-1.2.1.jar:/home/runner/.m2/repository/org/codehaus/woodstox/stax2-api/3.1.4/stax2-api-3.1.4.jar:/home/runner/.m2/repository/com/fasterxml/woodstox/woodstox-core/5.0.3/woodstox-core-5.0.3.jar:/home/runner/.m2/repository/javax/enterprise/cdi-api/1.2/cdi-api-1.2.jar:/home/runner/.m2/repository/javax/el/javax.el-api/3.0.0/javax.el-api-3.0.0.jar:/home/runner/.m2/repository/javax/interceptor/javax.interceptor-api/1.2/javax.interceptor-api-1.2.jar:/home/runner/.m2/repository/javax/inject/javax.inject/1/javax.inject-1.jar:/home/runner/.m2/repository/javax/xml/bind/jaxb-api/2.3.0/jaxb-api-2.3.0.jar:/home/runner/.m2/repository/org/glassfish/jaxb/jaxb-runtime/2.3.0.1/jaxb-runtime-2.3.0.1.jar:/home/runner/.m2/repository/org/glassfish/jaxb/jaxb-core/2.3.0.1/jaxb-core-2.3.0.1.jar:/home/runner/.m2/repository/org/glassfish/jaxb/txw2/2.3.0.1/txw2-2.3.0.1.jar:/home/runner/.m2/repository/com/sun/istack/istack-commons-runtime/3.0.5/istack-commons-runtime-3.0.5.jar:/home/runner/.m2/repository/org/jvnet/staxex/stax-ex/1.7.8/stax-ex-1.7.8.jar:/home/runner/.m2/repository/com/sun/xml/fastinfoset/FastInfoset/1.2.13/FastInfoset-1.2.13.jar:/home/runner/.m2/repository/javax/activation/activation/1.1.1/activation-1.1.1.jar:/home/runner/.m2/repository/org/apache/ozone/ozone-csi/1.2.0-SNAPSHOT/ozone-csi-1.2.0-SNAPSHOT.jar:/home/runner/.m2/repository/com/google/protobuf/protobuf-java-util/3.12.0/protobuf-java-util-3.12.0.jar:/home/runner/.m2/repository/com/google/code/gson/gson/2.2.4/gson-2.2.4.jar:/home/runner/.m2/repository/org/apache/ozone/hdds-config/1.2.0-SNAPSHOT/hdds-config-1.2.0-SNAPSHOT.jar:/home/runner/.m2/repository/io/grpc/grpc-netty/1.33.0/grpc-netty-1.33.0.jar:/home/runner/.m2/repository/io/grpc/grpc-core/1.33.0/grpc-core-1.33.0.jar:/home/runner/.m2/repository/com/google/android/annotations/4.1.1.4/annotations-4.1.1.4.jar:/home/runner/.m2/repository/io/netty/netty-codec-http2/4.1.63.Final/netty-codec-http2-4.1.63.Final.jar:/home/runner/.m2/repository/io/netty/netty-codec-http/4.1.63.Final/netty-codec-http-4.1.63.Final.jar:/home/runner/.m2/repository/io/netty/netty-handler-proxy/4.1.63.Final/netty-handler-proxy-4.1.63.Final.jar:/home/runner/.m2/repository/io/netty/netty-codec-socks/4.1.63.Final/netty-codec-socks-4.1.63.Final.jar:/home/runner/.m2/repository/io/perfmark/perfmark-api/0.19.0/perfmark-api-0.19.0.jar:/home/runner/.m2/repository/org/codehaus/mojo/animal-sniffer-annotations/1.18/animal-sniffer-annotations-1.18.jar:/home/runner/.m2/repository/io/netty/netty-transport-native-epoll/4.1.63.Final/netty-transport-native-epoll-4.1.63.Final.jar:/home/runner/.m2/repository/io/netty/netty-common/4.1.63.Final/netty-common-4.1.63.Final.jar:/home/runner/.m2/repository/io/netty/netty-buffer/4.1.63.Final/netty-buffer-4.1.63.Final.jar:/home/runner/.m2/repository/io/netty/netty-transport-native-unix-common/4.1.63.Final/netty-transport-native-unix-common-4.1.63.Final.jar:/home/runner/.m2/repository/io/grpc/grpc-protobuf/1.33.0/grpc-protobuf-1.33.0.jar:/home/runner/.m2/repository/io/grpc/grpc-api/1.33.0/grpc-api-1.33.0.jar:/home/runner/.m2/repository/io/grpc/grpc-context/1.33.0/grpc-context-1.33.0.jar:/home/runner/.m2/repository/com/google/api/grpc/proto-google-common-protos/1.17.0/proto-google-common-protos-1.17.0.jar:/home/runner/.m2/repository/io/grpc/grpc-protobuf-lite/1.33.0/grpc-protobuf-lite-1.33.0.jar:/home/runner/.m2/repository/io/grpc/grpc-stub/1.33.0/grpc-stub-1.33.0.jar:/home/runner/.m2/repository/org/apache/ozone/ozone-recon/1.2.0-SNAPSHOT/ozone-recon-1.2.0-SNAPSHOT.jar:/home/runner/.m2/repository/org/apache/ozone/ozone-reconcodegen/1.2.0-SNAPSHOT/ozone-reconcodegen-1.2.0-SNAPSHOT.jar:/home/runner/.m2/repository/com/google/inject/extensions/guice-multibindings/4.0/guice-multibindings-4.0.jar:/home/runner/.m2/repository/com/google/inject/guice/4.0/guice-4.0.jar:/home/runner/.m2/repository/aopalliance/aopalliance/1.0/aopalliance-1.0.jar:/home/runner/.m2/repository/com/google/inject/extensions/guice-assistedinject/4.0/guice-assistedinject-4.0.jar:/home/runner/.m2/repository/com/google/inject/extensions/guice-servlet/4.0/guice-servlet-4.0.jar:/home/runner/.m2/repository/org/glassfish/jersey/containers/jersey-container-servlet/2.33/jersey-container-servlet-2.33.jar:/home/runner/.m2/repository/org/glassfish/hk2/guice-bridge/2.5.0/guice-bridge-2.5.0.jar:/home/runner/.m2/repository/org/glassfish/jersey/core/jersey-server/2.33/jersey-server-2.33.jar:/home/runner/.m2/repository/org/glassfish/jersey/core/jersey-client/2.33/jersey-client-2.33.jar:/home/runner/.m2/repository/jakarta/annotation/jakarta.annotation-api/1.3.5/jakarta.annotation-api-1.3.5.jar:/home/runner/.m2/repository/jakarta/validation/jakarta.validation-api/2.0.2/jakarta.validation-api-2.0.2.jar:/home/runner/.m2/repository/org/glassfish/jersey/media/jersey-media-json-jackson/2.33/jersey-media-json-jackson-2.33.jar:/home/runner/.m2/repository/org/glassfish/jersey/ext/jersey-entity-filtering/2.33/jersey-entity-filtering-2.33.jar:/home/runner/.m2/repository/org/jooq/jooq/3.11.10/jooq-3.11.10.jar:/home/runner/.m2/repository/org/jooq/jooq-meta/3.11.10/jooq-meta-3.11.10.jar:/home/runner/.m2/repository/org/jooq/jooq-codegen/3.11.10/jooq-codegen-3.11.10.jar:/home/runner/.m2/repository/com/jolbox/bonecp/0.8.0.RELEASE/bonecp-0.8.0.RELEASE.jar:/home/runner/.m2/repository/org/apache/derby/derby/10.14.2.0/derby-10.14.2.0.jar:/home/runner/.m2/repository/org/xerial/sqlite-jdbc/3.25.2/sqlite-jdbc-3.25.2.jar:/home/runner/.m2/repository/org/springframework/spring-jdbc/5.2.11.RELEASE/spring-jdbc-5.2.11.RELEASE.jar:/home/runner/.m2/repository/org/springframework/spring-beans/5.2.11.RELEASE/spring-beans-5.2.11.RELEASE.jar:/home/runner/.m2/repository/org/springframework/spring-core/5.2.11.RELEASE/spring-core-5.2.11.RELEASE.jar:/home/runner/.m2/repository/org/springframework/spring-jcl/5.2.11.RELEASE/spring-jcl-5.2.11.RELEASE.jar:/home/runner/.m2/repository/org/springframework/spring-tx/5.2.11.RELEASE/spring-tx-5.2.11.RELEASE.jar:/home/runner/.m2/repository/org/apache/ozone/ozone-client/1.2.0-SNAPSHOT/ozone-client-1.2.0-SNAPSHOT.jar:/home/runner/.m2/repository/org/apache/ozone/ozone-filesystem/1.2.0-SNAPSHOT/ozone-filesystem-1.2.0-SNAPSHOT.jar:/home/runner/.m2/repository/org/apache/ozone/ozone-filesystem-common/1.2.0-SNAPSHOT/ozone-filesystem-common-1.2.0-SNAPSHOT.jar:/home/runner/.m2/repository/org/apache/ozone/ozone-tools/1.2.0-SNAPSHOT/ozone-tools-1.2.0-SNAPSHOT.jar:/home/runner/.m2/repository/org/apache/ratis/ratis-tools/2.1.0-ff8aa66-SNAPSHOT/ratis-tools-2.1.0-ff8aa66-SNAPSHOT.jar:/home/runner/.m2/repository/org/apache/ratis/ratis-proto/2.1.0-ff8aa66-SNAPSHOT/ratis-proto-2.1.0-ff8aa66-SNAPSHOT.jar:/home/runner/.m2/repository/org/apache/ratis/ratis-common/2.1.0-ff8aa66-SNAPSHOT/ratis-common-2.1.0-ff8aa66-SNAPSHOT.jar:/home/runner/.m2/repository/com/amazonaws/aws-java-sdk-core/1.11.901/aws-java-sdk-core-1.11.901.jar:/home/runner/.m2/repository/org/apache/httpcomponents/httpclient/4.5.13/httpclient-4.5.13.jar:/home/runner/.m2/repository/org/apache/httpcomponents/httpcore/4.4.13/httpcore-4.4.13.jar:/home/runner/.m2/repository/software/amazon/ion/ion-java/1.0.2/ion-java-1.0.2.jar:/home/runner/.m2/repository/com/fasterxml/jackson/dataformat/jackson-dataformat-cbor/2.12.1/jackson-dataformat-cbor-2.12.1.jar:/home/runner/.m2/repository/joda-time/joda-time/2.8.1/joda-time-2.8.1.jar:/home/runner/.m2/repository/com/amazonaws/aws-java-sdk-s3/1.11.901/aws-java-sdk-s3-1.11.901.jar:/home/runner/.m2/repository/com/amazonaws/aws-java-sdk-kms/1.11.901/aws-java-sdk-kms-1.11.901.jar:/home/runner/.m2/repository/com/amazonaws/jmespath-java/1.11.901/jmespath-java-1.11.901.jar:/home/runner/.m2/repository/org/kohsuke/metainf-services/metainf-services/1.8/metainf-services-1.8.jar:/home/runner/.m2/repository/org/apache/ozone/hdds-tools/1.2.0-SNAPSHOT/hdds-tools-1.2.0-SNAPSHOT.jar:/home/runner/.m2/repository/commons-cli/commons-cli/1.2/commons-cli-1.2.jar:/home/runner/.m2/repository/org/apache/commons/commons-lang3/3.7/commons-lang3-3.7.jar:/home/runner/.m2/repository/org/apache/ozone/ozone-manager/1.2.0-SNAPSHOT/ozone-manager-1.2.0-SNAPSHOT-tests.jar:/home/runner/.m2/repository/org/apache/ozone/hdds-common/1.2.0-SNAPSHOT/hdds-common-1.2.0-SNAPSHOT-tests.jar:/home/runner/.m2/repository/org/apache/ozone/hdds-hadoop-dependency-client/1.2.0-SNAPSHOT/hdds-hadoop-dependency-client-1.2.0-SNAPSHOT.jar:/home/runner/.m2/repository/info/picocli/picocli/4.4.0/picocli-4.4.0.jar:/home/runner/.m2/repository/com/fasterxml/jackson/core/jackson-annotations/2.12.1/jackson-annotations-2.12.1.jar:/home/runner/.m2/repository/javax/annotation/javax.annotation-api/1.2/javax.annotation-api-1.2.jar:/home/runner/.m2/repository/org/apache/ratis/ratis-server/2.1.0-ff8aa66-SNAPSHOT/ratis-server-2.1.0-ff8aa66-SNAPSHOT.jar:/home/runner/.m2/repository/org/apache/ratis/ratis-client/2.1.0-ff8aa66-SNAPSHOT/ratis-client-2.1.0-ff8aa66-SNAPSHOT.jar:/home/runner/.m2/repository/org/apache/ratis/ratis-server-api/2.1.0-ff8aa66-SNAPSHOT/ratis-server-api-2.1.0-ff8aa66-SNAPSHOT.jar:/home/runner/.m2/repository/org/apache/ratis/ratis-metrics/2.1.0-ff8aa66-SNAPSHOT/ratis-metrics-2.1.0-ff8aa66-SNAPSHOT.jar:/home/runner/.m2/repository/org/apache/ratis/ratis-netty/2.1.0-ff8aa66-SNAPSHOT/ratis-netty-2.1.0-ff8aa66-SNAPSHOT.jar:/home/runner/.m2/repository/org/apache/ratis/ratis-grpc/2.1.0-ff8aa66-SNAPSHOT/ratis-grpc-2.1.0-ff8aa66-SNAPSHOT.jar:/home/runner/.m2/repository/org/apache/logging/log4j/log4j-api/2.13.3/log4j-api-2.13.3.jar:/home/runner/.m2/repository/org/apache/logging/log4j/log4j-core/2.13.3/log4j-core-2.13.3.jar:/home/runner/.m2/repository/com/lmax/disruptor/3.4.2/disruptor-3.4.2.jar:/home/runner/.m2/repository/org/apache/commons/commons-pool2/2.6.0/commons-pool2-2.6.0.jar:/home/runner/.m2/repository/org/bouncycastle/bcpkix-jdk15on/1.67/bcpkix-jdk15on-1.67.jar:/home/runner/.m2/repository/commons-validator/commons-validator/1.6/commons-validator-1.6.jar:/home/runner/.m2/repository/commons-beanutils/commons-beanutils/1.9.4/commons-beanutils-1.9.4.jar:/home/runner/.m2/repository/commons-digester/commons-digester/1.8.1/commons-digester-1.8.1.jar:/home/runner/.m2/repository/commons-collections/commons-collections/3.2.2/commons-collections-3.2.2.jar:/home/runner/.m2/repository/io/jaegertracing/jaeger-client/1.6.0/jaeger-client-1.6.0.jar:/home/runner/.m2/repository/io/jaegertracing/jaeger-thrift/1.6.0/jaeger-thrift-1.6.0.jar:/home/runner/.m2/repository/org/apache/thrift/libthrift/0.14.1/libthrift-0.14.1.jar:/home/runner/.m2/repository/com/squareup/okhttp3/okhttp/4.9.0/okhttp-4.9.0.jar:/home/runner/.m2/repository/com/squareup/okio/okio/2.8.0/okio-2.8.0.jar:/home/runner/.m2/repository/io/jaegertracing/jaeger-core/1.6.0/jaeger-core-1.6.0.jar:/home/runner/.m2/repository/io/jaegertracing/jaeger-tracerresolver/1.6.0/jaeger-tracerresolver-1.6.0.jar:/home/runner/.m2/repository/io/opentracing/contrib/opentracing-tracerresolver/0.1.8/opentracing-tracerresolver-0.1.8.jar:/home/runner/.m2/repository/org/jetbrains/kotlin/kotlin-stdlib/1.4.31/kotlin-stdlib-1.4.31.jar:/home/runner/.m2/repository/org/jetbrains/kotlin/kotlin-stdlib-common/1.4.31/kotlin-stdlib-common-1.4.31.jar:/home/runner/.m2/repository/org/jetbrains/annotations/13.0/annotations-13.0.jar:/home/runner/.m2/repository/io/opentracing/opentracing-util/0.33.0/opentracing-util-0.33.0.jar:/home/runner/.m2/repository/io/opentracing/opentracing-api/0.33.0/opentracing-api-0.33.0.jar:/home/runner/.m2/repository/io/opentracing/opentracing-noop/0.33.0/opentracing-noop-0.33.0.jar:/home/runner/.m2/repository/org/yaml/snakeyaml/1.26/snakeyaml-1.26.jar:/home/runner/.m2/repository/org/apache/ozone/hdds-interface-admin/1.2.0-SNAPSHOT/hdds-interface-admin-1.2.0-SNAPSHOT.jar:/home/runner/.m2/repository/junit/junit/4.13.1/junit-4.13.1.jar:/home/runner/.m2/repository/org/hamcrest/hamcrest-core/1.3/hamcrest-core-1.3.jar:/home/runner/.m2/repository/org/junit/jupiter/junit-jupiter-api/5.7.0/junit-jupiter-api-5.7.0.jar:/home/runner/.m2/repository/org/apiguardian/apiguardian-api/1.1.0/apiguardian-api-1.1.0.jar:/home/runner/.m2/repository/org/opentest4j/opentest4j/1.2.0/opentest4j-1.2.0.jar:/home/runner/.m2/repository/org/junit/platform/junit-platform-commons/1.7.0/junit-platform-commons-1.7.0.jar:/home/runner/.m2/repository/org/junit/jupiter/junit-jupiter-engine/5.7.0/junit-jupiter-engine-5.7.0.jar:/home/runner/.m2/repository/org/junit/platform/junit-platform-engine/1.7.0/junit-platform-engine-1.7.0.jar:/home/runner/.m2/repository/org/junit/vintage/junit-vintage-engine/5.7.0/junit-vintage-engine-5.7.0.jar:/home/runner/.m2/repository/org/junit/platform/junit-platform-launcher/1.7.0/junit-platform-launcher-1.7.0.jar:/home/runner/.m2/repository/org/openjdk/jmh/jmh-core/1.19/jmh-core-1.19.jar:/home/runner/.m2/repository/net/sf/jopt-simple/jopt-simple/4.6/jopt-simple-4.6.jar:/home/runner/.m2/repository/org/apache/commons/commons-math3/3.1.1/commons-math3-3.1.1.jar:/home/runner/.m2/repository/org/openjdk/jmh/jmh-generator-annprocess/1.19/jmh-generator-annprocess-1.19.jar:/home/runner/.m2/repository/org/mockito/mockito-all/1.8.5/mockito-all-1.8.5.jar:/home/runner/.m2/repository/org/apache/hadoop/hadoop-kms/3.2.2/hadoop-kms-3.2.2.jar:/home/runner/.m2/repository/org/apache/hadoop/hadoop-auth/3.2.2/hadoop-auth-3.2.2.jar:/home/runner/.m2/repository/com/nimbusds/nimbus-jose-jwt/7.9/nimbus-jose-jwt-7.9.jar:/home/runner/.m2/repository/com/github/stephenc/jcip/jcip-annotations/1.0-1/jcip-annotations-1.0-1.jar:/home/runner/.m2/repository/net/minidev/json-smart/2.3/json-smart-2.3.jar:/home/runner/.m2/repository/net/minidev/accessors-smart/1.2/accessors-smart-1.2.jar:/home/runner/.m2/repository/org/ow2/asm/asm/5.0.4/asm-5.0.4.jar:/home/runner/.m2/repository/org/apache/zookeeper/zookeeper/3.4.13/zookeeper-3.4.13.jar:/home/runner/.m2/repository/org/apache/yetus/audience-annotations/0.5.0/audience-annotations-0.5.0.jar:/home/runner/.m2/repository/org/apache/curator/curator-framework/2.13.0/curator-framework-2.13.0.jar:/home/runner/.m2/repository/com/sun/jersey/jersey-core/1.19/jersey-core-1.19.jar:/home/runner/.m2/repository/javax/ws/rs/jsr311-api/1.1.1/jsr311-api-1.1.1.jar:/home/runner/.m2/repository/com/sun/jersey/jersey-server/1.19/jersey-server-1.19.jar:/home/runner/.m2/repository/javax/servlet/javax.servlet-api/3.1.0/javax.servlet-api-3.1.0.jar:/home/runner/.m2/repository/org/eclipse/jetty/jetty-server/9.4.35.v20201120/jetty-server-9.4.35.v20201120.jar:/home/runner/.m2/repository/org/eclipse/jetty/jetty-http/9.4.35.v20201120/jetty-http-9.4.35.v20201120.jar:/home/runner/.m2/repository/org/eclipse/jetty/jetty-io/9.4.35.v20201120/jetty-io-9.4.35.v20201120.jar:/home/runner/.m2/repository/org/eclipse/jetty/jetty-webapp/9.4.35.v20201120/jetty-webapp-9.4.35.v20201120.jar:/home/runner/.m2/repository/org/eclipse/jetty/jetty-xml/9.4.35.v20201120/jetty-xml-9.4.35.v20201120.jar:/home/runner/.m2/repository/org/apache/hadoop/hadoop-common/3.2.2/hadoop-common-3.2.2.jar:/home/runner/.m2/repository/commons-net/commons-net/3.6/commons-net-3.6.jar:/home/runner/.m2/repository/javax/activation/javax.activation-api/1.2.0/javax.activation-api-1.2.0.jar:/home/runner/.m2/repository/com/sun/jersey/jersey-servlet/1.19/jersey-servlet-1.19.jar:/home/runner/.m2/repository/com/sun/jersey/jersey-json/1.19/jersey-json-1.19.jar:/home/runner/.m2/repository/org/codehaus/jettison/jettison/1.1/jettison-1.1.jar:/home/runner/.m2/repository/com/sun/xml/bind/jaxb-impl/2.2.3-1/jaxb-impl-2.2.3-1.jar:/home/runner/.m2/repository/org/codehaus/jackson/jackson-jaxrs/1.9.2/jackson-jaxrs-1.9.2.jar:/home/runner/.m2/repository/org/codehaus/jackson/jackson-xc/1.9.2/jackson-xc-1.9.2.jar:/home/runner/.m2/repository/org/apache/commons/commons-configuration2/2.1.1/commons-configuration2-2.1.1.jar:/home/runner/.m2/repository/org/apache/commons/commons-text/1.4/commons-text-1.4.jar:/home/runner/.m2/repository/com/google/re2j/re2j/1.1/re2j-1.1.jar:/home/runner/.m2/repository/com/jcraft/jsch/0.1.54/jsch-0.1.54.jar:/home/runner/.m2/repository/org/apache/curator/curator-client/2.13.0/curator-client-2.13.0.jar:/home/runner/.m2/repository/org/apache/curator/curator-recipes/2.13.0/curator-recipes-2.13.0.jar:/home/runner/.m2/repository/dnsjava/dnsjava/2.1.7/dnsjava-2.1.7.jar:/home/runner/.m2/repository/org/slf4j/jul-to-slf4j/1.7.30/jul-to-slf4j-1.7.30.jar:/home/runner/.m2/repository/org/eclipse/jetty/jetty-util/9.4.35.v20201120/jetty-util-9.4.35.v20201120.jar:/home/runner/.m2/repository/com/fasterxml/jackson/core/jackson-databind/2.12.1/jackson-databind-2.12.1.jar:/home/runner/.m2/repository/org/apache/hadoop/hadoop-kms/3.2.2/hadoop-kms-3.2.2-tests.jar:/home/runner/.m2/repository/org/apache/ozone/hdds-server-scm/1.2.0-SNAPSHOT/hdds-server-scm-1.2.0-SNAPSHOT-tests.jar:/home/runner/.m2/repository/org/apache/ozone/hdds-container-service/1.2.0-SNAPSHOT/hdds-container-service-1.2.0-SNAPSHOT-tests.jar:/home/runner/.m2/repository/commons-codec/commons-codec/1.11/commons-codec-1.11.jar:/home/runner/.m2/repository/io/netty/netty-transport/4.1.63.Final/netty-transport-4.1.63.Final.jar:/home/runner/.m2/repository/io/netty/netty-resolver/4.1.63.Final/netty-resolver-4.1.63.Final.jar:/home/runner/.m2/repository/io/netty/netty-codec/4.1.63.Final/netty-codec-4.1.63.Final.jar:/home/runner/.m2/repository/io/netty/netty-handler/4.1.63.Final/netty-handler-4.1.63.Final.jar:/home/runner/.m2/repository/org/apache/ozone/hdds-hadoop-dependency-test/1.2.0-SNAPSHOT/hdds-hadoop-dependency-test-1.2.0-SNAPSHOT.jar:/home/runner/.m2/repository/org/apache/hadoop/hadoop-common/3.2.2/hadoop-common-3.2.2-tests.jar:/home/runner/.m2/repository/org/apache/hadoop/hadoop-hdfs/3.2.2/hadoop-hdfs-3.2.2-tests.jar:/home/runner/.m2/repository/org/eclipse/jetty/jetty-util-ajax/9.4.35.v20201120/jetty-util-ajax-9.4.35.v20201120.jar:/home/runner/.m2/repository/commons-daemon/commons-daemon/1.0.13/commons-daemon-1.0.13.jar:/home/runner/.m2/repository/io/netty/netty/3.10.6.Final/netty-3.10.6.Final.jar:/home/runner/.m2/repository/io/netty/netty-all/4.1.63.Final/netty-all-4.1.63.Final.jar:/home/runner/.m2/repository/org/apache/htrace/htrace-core4/4.1.0-incubating/htrace-core4-4.1.0-incubating.jar:/home/runner/.m2/repository/org/fusesource/leveldbjni/leveldbjni-all/1.8/leveldbjni-all-1.8.jar:/home/runner/.m2/repository/org/apache/hadoop/hadoop-distcp/3.2.2/hadoop-distcp-3.2.2.jar:/home/runner/.m2/repository/org/apache/hadoop/hadoop-mapreduce-client-jobclient/3.2.2/hadoop-mapreduce-client-jobclient-3.2.2.jar:/home/runner/.m2/repository/org/apache/hadoop/hadoop-mapreduce-client-common/3.2.2/hadoop-mapreduce-client-common-3.2.2.jar:/home/runner/.m2/repository/org/apache/hadoop/hadoop-yarn-common/3.2.2/hadoop-yarn-common-3.2.2.jar:/home/runner/.m2/repository/org/apache/hadoop/hadoop-yarn-api/3.2.2/hadoop-yarn-api-3.2.2.jar:/home/runner/.m2/repository/com/sun/jersey/jersey-client/1.19/jersey-client-1.19.jar:/home/runner/.m2/repository/com/sun/jersey/contribs/jersey-guice/1.19/jersey-guice-1.19.jar:/home/runner/.m2/repository/com/fasterxml/jackson/jaxrs/jackson-jaxrs-json-provider/2.12.1/jackson-jaxrs-json-provider-2.12.1.jar:/home/runner/.m2/repository/com/fasterxml/jackson/jaxrs/jackson-jaxrs-base/2.12.1/jackson-jaxrs-base-2.12.1.jar:/home/runner/.m2/repository/org/apache/hadoop/hadoop-yarn-client/3.2.2/hadoop-yarn-client-3.2.2.jar:/home/runner/.m2/repository/org/apache/hadoop/hadoop-mapreduce-client-core/3.2.2/hadoop-mapreduce-client-core-3.2.2.jar:/home/runner/.m2/repository/org/apache/avro/avro/1.7.7/avro-1.7.7.jar:/home/runner/.m2/repository/org/codehaus/jackson/jackson-core-asl/1.9.13/jackson-core-asl-1.9.13.jar:/home/runner/.m2/repository/org/codehaus/jackson/jackson-mapper-asl/1.9.13/jackson-mapper-asl-1.9.13.jar:/home/runner/.m2/repository/com/thoughtworks/paranamer/paranamer/2.3/paranamer-2.3.jar:/home/runner/.m2/repository/org/xerial/snappy/snappy-java/1.0.5/snappy-java-1.0.5.jar:/home/runner/.m2/repository/org/apache/hadoop/hadoop-annotations/3.2.2/hadoop-annotations-3.2.2.jar:/usr/lib/jvm/adoptopenjdk-8-hotspot-amd64/jre/../lib/tools.jar:/home/runner/.m2/repository/org/apache/hadoop/hadoop-distcp/3.2.2/hadoop-distcp-3.2.2-tests.jar:"/>
    <property name="sun.cpu.endian" value="little"/>
    <property name="user.home" value="/home/runner"/>
    <property name="user.language" value="en"/>
    <property name="java.specification.vendor" value="Oracle Corporation"/>
    <property name="java.home" value="/usr/lib/jvm/adoptopenjdk-8-hotspot-amd64/jre"/>
    <property name="java.security.krb5.conf" value="/home/runner/work/ozone/ozone/mnt/ozone/hadoop-ozone/integration-test/target/test-classes/krb5.conf"/>
    <property name="basedir" value="/home/runner/work/ozone/ozone/mnt/ozone/hadoop-ozone/integration-test"/>
    <property name="file.separator" value="/"/>
    <property name="line.separator" value="&#10;"/>
    <property name="java.vm.specification.vendor" value="Oracle Corporation"/>
    <property name="java.specification.name" value="Java Platform API Specification"/>
    <property name="java.awt.graphicsenv" value="sun.awt.X11GraphicsEnvironment"/>
    <property name="skip.installnpx" value="true"/>
    <property name="surefire.real.class.path" value="/home/runner/work/ozone/ozone/mnt/ozone/hadoop-ozone/integration-test/target/surefire/surefirebooter6573933109664617776.jar:/home/runner/.m2/repository/org/jacoco/org.jacoco.agent/0.8.5/org.jacoco.agent-0.8.5-runtime.jar"/>
    <property name="hadoop.log.dir" value="/home/runner/work/ozone/ozone/mnt/ozone/hadoop-ozone/integration-test/target/log"/>
    <property name="sun.boot.class.path" value="/usr/lib/jvm/adoptopenjdk-8-hotspot-amd64/jre/lib/resources.jar:/usr/lib/jvm/adoptopenjdk-8-hotspot-amd64/jre/lib/rt.jar:/usr/lib/jvm/adoptopenjdk-8-hotspot-amd64/jre/lib/sunrsasign.jar:/usr/lib/jvm/adoptopenjdk-8-hotspot-amd64/jre/lib/jsse.jar:/usr/lib/jvm/adoptopenjdk-8-hotspot-amd64/jre/lib/jce.jar:/usr/lib/jvm/adoptopenjdk-8-hotspot-amd64/jre/lib/charsets.jar:/usr/lib/jvm/adoptopenjdk-8-hotspot-amd64/jre/lib/jfr.jar:/usr/lib/jvm/adoptopenjdk-8-hotspot-amd64/jre/classes"/>
    <property name="sun.management.compiler" value="HotSpot 64-Bit Tiered Compilers"/>
    <property name="skip.npx" value="true"/>
    <property name="java.runtime.version" value="1.8.0_292-b10"/>
    <property name="java.net.preferIPv4Stack" value="true"/>
    <property name="user.name" value="runner"/>
    <property name="path.separator" value=":"/>
    <property name="java.security.egd" value="file:///dev/urandom"/>
    <property name="os.version" value="5.4.0-1051-azure"/>
    <property name="java.endorsed.dirs" value="/usr/lib/jvm/adoptopenjdk-8-hotspot-amd64/jre/lib/endorsed"/>
    <property name="java.runtime.name" value="OpenJDK Runtime Environment"/>
    <property name="file.encoding" value="UTF-8"/>
    <property name="java.vm.name" value="OpenJDK 64-Bit Server VM"/>
    <property name="test.build.webapps" value=""/>
    <property name="localRepository" value="/home/runner/.m2/repository"/>
    <property name="java.vendor.url.bug" value="https://github.com/AdoptOpenJDK/openjdk-support/issues"/>
    <property name="java.io.tmpdir" value="/tmp"/>
    <property name="require.test.libhadoop" value=""/>
    <property name="java.version" value="1.8.0_292"/>
    <property name="user.dir" value="/home/runner/work/ozone/ozone/mnt/ozone/hadoop-ozone/integration-test"/>
    <property name="os.arch" value="amd64"/>
    <property name="java.vm.specification.name" value="Java Virtual Machine Specification"/>
    <property name="test.build.classes" value="/home/runner/work/ozone/ozone/mnt/ozone/hadoop-ozone/integration-test/target/test-classes"/>
    <property name="java.awt.printerjob" value="sun.print.PSPrinterJob"/>
    <property name="sun.os.patch.level" value="unknown"/>
    <property name="hadoop.tmp.dir" value="/home/runner/work/ozone/ozone/mnt/ozone/hadoop-ozone/integration-test/target/tmp"/>
    <property name="java.library.path" value="/usr/java/packages/lib/amd64:/usr/lib64:/lib64:/lib:/usr/lib"/>
    <property name="java.vm.info" value="mixed mode"/>
    <property name="java.vendor" value="AdoptOpenJDK"/>
    <property name="java.vm.version" value="25.292-b10"/>
    <property name="java.ext.dirs" value="/usr/lib/jvm/adoptopenjdk-8-hotspot-amd64/jre/lib/ext:/usr/java/packages/lib/ext"/>
    <property name="sun.io.unicode.encoding" value="UnicodeLittle"/>
    <property name="java.class.version" value="52.0"/>
  </properties>
  <testcase name="testInstallSnapshot" classname="org.apache.hadoop.ozone.scm.TestSCMInstallSnapshotWithHA" time="60.86">
    <failure type="java.lang.AssertionError">java.lang.AssertionError
	at org.junit.Assert.fail(Assert.java:87)
	at org.junit.Assert.assertTrue(Assert.java:42)
	at org.junit.Assert.assertTrue(Assert.java:53)
	at org.apache.hadoop.ozone.scm.TestSCMInstallSnapshotWithHA.testInstallSnapshot(TestSCMInstallSnapshotWithHA.java:141)
	at sun.reflect.NativeMethodAccessorImpl.invoke0(Native Method)
	at sun.reflect.NativeMethodAccessorImpl.invoke(NativeMethodAccessorImpl.java:62)
	at sun.reflect.DelegatingMethodAccessorImpl.invoke(DelegatingMethodAccessorImpl.java:43)
	at java.lang.reflect.Method.invoke(Method.java:498)
	at org.junit.platform.commons.util.ReflectionUtils.invokeMethod(ReflectionUtils.java:688)
	at org.junit.jupiter.engine.execution.MethodInvocation.proceed(MethodInvocation.java:60)
	at org.junit.jupiter.engine.execution.InvocationInterceptorChain$ValidatingInvocation.proceed(InvocationInterceptorChain.java:131)
	at org.junit.jupiter.engine.extension.TimeoutInvocation.proceed(TimeoutInvocation.java:46)
	at org.junit.jupiter.engine.extension.TimeoutExtension.intercept(TimeoutExtension.java:149)
	at org.junit.jupiter.engine.extension.TimeoutExtension.interceptTestableMethod(TimeoutExtension.java:140)
	at org.junit.jupiter.engine.extension.TimeoutExtension.interceptTestMethod(TimeoutExtension.java:84)
	at org.junit.jupiter.engine.execution.ExecutableInvoker$ReflectiveInterceptorCall.lambda$ofVoidMethod$0(ExecutableInvoker.java:115)
	at org.junit.jupiter.engine.execution.ExecutableInvoker.lambda$invoke$0(ExecutableInvoker.java:105)
	at org.junit.jupiter.engine.execution.InvocationInterceptorChain$InterceptedInvocation.proceed(InvocationInterceptorChain.java:106)
	at org.junit.jupiter.engine.execution.InvocationInterceptorChain.proceed(InvocationInterceptorChain.java:64)
	at org.junit.jupiter.engine.execution.InvocationInterceptorChain.chainAndInvoke(InvocationInterceptorChain.java:45)
	at org.junit.jupiter.engine.execution.InvocationInterceptorChain.invoke(InvocationInterceptorChain.java:37)
	at org.junit.jupiter.engine.execution.ExecutableInvoker.invoke(ExecutableInvoker.java:104)
	at org.junit.jupiter.engine.execution.ExecutableInvoker.invoke(ExecutableInvoker.java:98)
	at org.junit.jupiter.engine.descriptor.TestMethodTestDescriptor.lambda$invokeTestMethod$6(TestMethodTestDescriptor.java:210)
	at org.junit.platform.engine.support.hierarchical.ThrowableCollector.execute(ThrowableCollector.java:73)
	at org.junit.jupiter.engine.descriptor.TestMethodTestDescriptor.invokeTestMethod(TestMethodTestDescriptor.java:206)
	at org.junit.jupiter.engine.descriptor.TestMethodTestDescriptor.execute(TestMethodTestDescriptor.java:131)
	at org.junit.jupiter.engine.descriptor.TestMethodTestDescriptor.execute(TestMethodTestDescriptor.java:65)
	at org.junit.platform.engine.support.hierarchical.NodeTestTask.lambda$executeRecursively$5(NodeTestTask.java:139)
	at org.junit.platform.engine.support.hierarchical.ThrowableCollector.execute(ThrowableCollector.java:73)
	at org.junit.platform.engine.support.hierarchical.NodeTestTask.lambda$executeRecursively$7(NodeTestTask.java:129)
	at org.junit.platform.engine.support.hierarchical.Node.around(Node.java:137)
	at org.junit.platform.engine.support.hierarchical.NodeTestTask.lambda$executeRecursively$8(NodeTestTask.java:127)
	at org.junit.platform.engine.support.hierarchical.ThrowableCollector.execute(ThrowableCollector.java:73)
	at org.junit.platform.engine.support.hierarchical.NodeTestTask.executeRecursively(NodeTestTask.java:126)
	at org.junit.platform.engine.support.hierarchical.NodeTestTask.execute(NodeTestTask.java:84)
	at java.util.ArrayList.forEach(ArrayList.java:1259)
	at org.junit.platform.engine.support.hierarchical.SameThreadHierarchicalTestExecutorService.invokeAll(SameThreadHierarchicalTestExecutorService.java:38)
	at org.junit.platform.engine.support.hierarchical.NodeTestTask.lambda$executeRecursively$5(NodeTestTask.java:143)
	at org.junit.platform.engine.support.hierarchical.ThrowableCollector.execute(ThrowableCollector.java:73)
	at org.junit.platform.engine.support.hierarchical.NodeTestTask.lambda$executeRecursively$7(NodeTestTask.java:129)
	at org.junit.platform.engine.support.hierarchical.Node.around(Node.java:137)
	at org.junit.platform.engine.support.hierarchical.NodeTestTask.lambda$executeRecursively$8(NodeTestTask.java:127)
	at org.junit.platform.engine.support.hierarchical.ThrowableCollector.execute(ThrowableCollector.java:73)
	at org.junit.platform.engine.support.hierarchical.NodeTestTask.executeRecursively(NodeTestTask.java:126)
	at org.junit.platform.engine.support.hierarchical.NodeTestTask.execute(NodeTestTask.java:84)
	at java.util.ArrayList.forEach(ArrayList.java:1259)
	at org.junit.platform.engine.support.hierarchical.SameThreadHierarchicalTestExecutorService.invokeAll(SameThreadHierarchicalTestExecutorService.java:38)
	at org.junit.platform.engine.support.hierarchical.NodeTestTask.lambda$executeRecursively$5(NodeTestTask.java:143)
	at org.junit.platform.engine.support.hierarchical.ThrowableCollector.execute(ThrowableCollector.java:73)
	at org.junit.platform.engine.support.hierarchical.NodeTestTask.lambda$executeRecursively$7(NodeTestTask.java:129)
	at org.junit.platform.engine.support.hierarchical.Node.around(Node.java:137)
	at org.junit.platform.engine.support.hierarchical.NodeTestTask.lambda$executeRecursively$8(NodeTestTask.java:127)
	at org.junit.platform.engine.support.hierarchical.ThrowableCollector.execute(ThrowableCollector.java:73)
	at org.junit.platform.engine.support.hierarchical.NodeTestTask.executeRecursively(NodeTestTask.java:126)
	at org.junit.platform.engine.support.hierarchical.NodeTestTask.execute(NodeTestTask.java:84)
	at org.junit.platform.engine.support.hierarchical.SameThreadHierarchicalTestExecutorService.submit(SameThreadHierarchicalTestExecutorService.java:32)
	at org.junit.platform.engine.support.hierarchical.HierarchicalTestExecutor.execute(HierarchicalTestExecutor.java:57)
	at org.junit.platform.engine.support.hierarchical.HierarchicalTestEngine.execute(HierarchicalTestEngine.java:51)
	at org.junit.platform.launcher.core.EngineExecutionOrchestrator.execute(EngineExecutionOrchestrator.java:108)
	at org.junit.platform.launcher.core.EngineExecutionOrchestrator.execute(EngineExecutionOrchestrator.java:88)
	at org.junit.platform.launcher.core.EngineExecutionOrchestrator.lambda$execute$0(EngineExecutionOrchestrator.java:54)
	at org.junit.platform.launcher.core.EngineExecutionOrchestrator.withInterceptedStreams(EngineExecutionOrchestrator.java:67)
	at org.junit.platform.launcher.core.EngineExecutionOrchestrator.execute(EngineExecutionOrchestrator.java:52)
	at org.junit.platform.launcher.core.DefaultLauncher.execute(DefaultLauncher.java:96)
	at org.junit.platform.launcher.core.DefaultLauncher.execute(DefaultLauncher.java:75)
	at org.apache.maven.surefire.junitplatform.JUnitPlatformProvider.invokeAllTests(JUnitPlatformProvider.java:142)
	at org.apache.maven.surefire.junitplatform.JUnitPlatformProvider.invoke(JUnitPlatformProvider.java:113)
	at org.apache.maven.surefire.booter.ForkedBooter.invokeProviderInSameClassLoader(ForkedBooter.java:384)
	at org.apache.maven.surefire.booter.ForkedBooter.runSuitesInProcess(ForkedBooter.java:345)
	at org.apache.maven.surefire.booter.ForkedBooter.execute(ForkedBooter.java:126)
	at org.apache.maven.surefire.booter.ForkedBooter.main(ForkedBooter.java:418)
</failure>
    <system-out><![CDATA[2021-07-05 00:56:43,330 [main] WARN  server.ServerUtils (ServerUtils.java:getScmDbDir(148)) - ozone.scm.db.dirs is not configured. We recommend adding this setting. Falling back to ozone.metadata.dirs instead.
2021-07-05 00:56:43,351 [main] INFO  ha.SCMHANodeDetails (SCMHANodeDetails.java:loadSCMHAConfig(157)) - ServiceID for StorageContainerManager is scm-service-test1
2021-07-05 00:56:43,351 [main] INFO  ha.SCMHANodeDetails (SCMHANodeDetails.java:loadSCMHAConfig(168)) - ServiceID for StorageContainerManager is scm-service-test1
2021-07-05 00:56:43,402 [main] WARN  scm.ScmUtils (ScmUtils.java:logWarn(179)) - ConfigKey ozone.scm.block.client.address is deprecated, For configuring different ports for each SCM use PortConfigKey ozone.scm.block.client.port appended with serviceId and nodeId. If want to configure same port configure ozone.scm.block.client.port
2021-07-05 00:56:43,402 [main] WARN  scm.ScmUtils (ScmUtils.java:logWarn(179)) - ConfigKey ozone.scm.client.address is deprecated, For configuring different ports for each SCM use PortConfigKey ozone.scm.client.port appended with serviceId and nodeId. If want to configure same port configure ozone.scm.client.port
2021-07-05 00:56:43,403 [main] WARN  scm.ScmUtils (ScmUtils.java:logWarn(179)) - ConfigKey ozone.scm.datanode.address is deprecated, For configuring different ports for each SCM use PortConfigKey ozone.scm.datanode.port appended with serviceId and nodeId. If want to configure same port configure ozone.scm.datanode.port
2021-07-05 00:56:43,405 [main] WARN  scm.ScmUtils (ScmUtils.java:logWarn(179)) - ConfigKey ozone.scm.block.client.address is deprecated, For configuring different ports for each SCM use PortConfigKey ozone.scm.block.client.port appended with serviceId and nodeId. If want to configure same port configure ozone.scm.block.client.port
2021-07-05 00:56:43,405 [main] WARN  scm.ScmUtils (ScmUtils.java:logWarn(179)) - ConfigKey ozone.scm.client.address is deprecated, For configuring different ports for each SCM use PortConfigKey ozone.scm.client.port appended with serviceId and nodeId. If want to configure same port configure ozone.scm.client.port
2021-07-05 00:56:43,406 [main] WARN  scm.ScmUtils (ScmUtils.java:logWarn(179)) - ConfigKey ozone.scm.datanode.address is deprecated, For configuring different ports for each SCM use PortConfigKey ozone.scm.datanode.port appended with serviceId and nodeId. If want to configure same port configure ozone.scm.datanode.port
2021-07-05 00:56:43,406 [main] INFO  ha.SCMHANodeDetails (SCMHANodeDetails.java:loadSCMHAConfig(250)) - Found matching SCM address with SCMServiceId: scm-service-test1, SCMNodeId: scmNode-1, RPC Address: localhost:15460 and Ratis port: 15460
2021-07-05 00:56:43,407 [main] INFO  ha.SCMHANodeDetails (ConfUtils.java:setNodeSpecificConfigs(108)) - Setting configuration key ozone.scm.datanode.address with value of key ozone.scm.datanode.address.scm-service-test1.scmNode-1: 127.0.0.1:15461
2021-07-05 00:56:43,407 [main] INFO  ha.SCMHANodeDetails (ConfUtils.java:setNodeSpecificConfigs(108)) - Setting configuration key ozone.scm.block.client.address with value of key ozone.scm.block.client.address.scm-service-test1.scmNode-1: 127.0.0.1:15462
2021-07-05 00:56:43,407 [main] INFO  ha.SCMHANodeDetails (ConfUtils.java:setNodeSpecificConfigs(108)) - Setting configuration key ozone.scm.client.address with value of key ozone.scm.client.address.scm-service-test1.scmNode-1: 127.0.0.1:15463
2021-07-05 00:56:43,408 [main] INFO  ha.SCMHANodeDetails (ConfUtils.java:setNodeSpecificConfigs(108)) - Setting configuration key ozone.scm.ratis.port with value of key ozone.scm.ratis.port.scm-service-test1.scmNode-1: 15460
2021-07-05 00:56:43,409 [main] INFO  ha.SCMHANodeDetails (ConfUtils.java:setNodeSpecificConfigs(108)) - Setting configuration key ozone.scm.grpc.port with value of key ozone.scm.grpc.port.scm-service-test1.scmNode-1: 15464
2021-07-05 00:56:43,409 [main] INFO  ha.SCMHANodeDetails (ConfUtils.java:setNodeSpecificConfigs(108)) - Setting configuration key ozone.scm.http-address with value of key ozone.scm.http-address.scm-service-test1.scmNode-1: 127.0.0.1:15458
2021-07-05 00:56:43,410 [main] INFO  ha.SCMHANodeDetails (ConfUtils.java:setNodeSpecificConfigs(108)) - Setting configuration key ozone.scm.https-address with value of key ozone.scm.https-address.scm-service-test1.scmNode-1: 127.0.0.1:15459
2021-07-05 00:56:43,410 [main] INFO  ha.SCMHANodeDetails (ConfUtils.java:setNodeSpecificConfigs(108)) - Setting configuration key ozone.scm.address with value of key ozone.scm.address.scm-service-test1.scmNode-1: 127.0.0.1
2021-07-05 00:56:43,411 [main] WARN  scm.ScmUtils (ScmUtils.java:logWarn(179)) - ConfigKey ozone.scm.block.client.address is deprecated, For configuring different ports for each SCM use PortConfigKey ozone.scm.block.client.port appended with serviceId and nodeId. If want to configure same port configure ozone.scm.block.client.port
2021-07-05 00:56:43,411 [main] WARN  scm.ScmUtils (ScmUtils.java:logWarn(179)) - ConfigKey ozone.scm.client.address is deprecated, For configuring different ports for each SCM use PortConfigKey ozone.scm.client.port appended with serviceId and nodeId. If want to configure same port configure ozone.scm.client.port
2021-07-05 00:56:43,411 [main] WARN  scm.ScmUtils (ScmUtils.java:logWarn(179)) - ConfigKey ozone.scm.datanode.address is deprecated, For configuring different ports for each SCM use PortConfigKey ozone.scm.datanode.port appended with serviceId and nodeId. If want to configure same port configure ozone.scm.datanode.port
2021-07-05 00:56:43,522 [main] INFO  server.RaftServer (ConfUtils.java:logGet(44)) - raft.rpc.type = GRPC (default)
2021-07-05 00:56:43,592 [main] INFO  grpc.GrpcFactory (GrpcFactory.java:checkPooledByteBufAllocatorUseCacheForAllThreads(48)) - PERFORMANCE WARNING: useCacheForAllThreads is true that may cause Netty to create a lot garbage objects and, as a result, trigger GC.
	It is recommended to disable useCacheForAllThreads by setting -Dorg.apache.ratis.thirdparty.io.netty.allocator.useCacheForAllThreads=false in command line.
2021-07-05 00:56:43,597 [main] INFO  grpc.GrpcConfigKeys (ConfUtils.java:logGet(44)) - raft.grpc.admin.port = -1 (default)
2021-07-05 00:56:43,597 [main] INFO  grpc.GrpcConfigKeys (ConfUtils.java:logGet(44)) - raft.grpc.server.port = 15460 (custom)
2021-07-05 00:56:43,598 [main] INFO  grpc.GrpcConfigKeys (ConfUtils.java:logGet(44)) - raft.grpc.client.port = -1 (default)
2021-07-05 00:56:43,598 [main] INFO  grpc.GrpcConfigKeys (ConfUtils.java:logGet(44)) - raft.grpc.server.port = 15460 (custom)
2021-07-05 00:56:43,599 [main] INFO  grpc.GrpcConfigKeys (ConfUtils.java:logGet(44)) - raft.grpc.server.port = 15460 (custom)
2021-07-05 00:56:43,600 [main] INFO  server.GrpcService (ConfUtils.java:logGet(44)) - raft.grpc.message.size.max = 32m (=33554432) (custom)
2021-07-05 00:56:43,601 [main] INFO  server.RaftServerConfigKeys (ConfUtils.java:logGet(44)) - raft.server.log.appender.buffer.byte-limit = 33554432 (custom)
2021-07-05 00:56:43,602 [main] INFO  server.GrpcService (ConfUtils.java:logGet(44)) - raft.grpc.flow.control.window = 1MB (=1048576) (default)
2021-07-05 00:56:43,603 [main] INFO  server.RaftServerConfigKeys (ConfUtils.java:logGet(44)) - raft.server.rpc.request.timeout = 30000ms (custom)
2021-07-05 00:56:43,879 [main] INFO  impl.DataStreamServerImpl (ConfUtils.java:logGet(44)) - raft.datastream.type = DISABLED (default)
2021-07-05 00:56:43,882 [main] INFO  server.RaftServerConfigKeys (ConfUtils.java:logGet(44)) - raft.server.rpc.slowness.timeout = 120000ms (custom)
2021-07-05 00:56:43,882 [main] INFO  server.RaftServerConfigKeys (ConfUtils.java:logGet(44)) - raft.server.leaderelection.leader.step-down.wait-time = 10s (default)
2021-07-05 00:56:43,894 [main] INFO  server.RaftServerConfigKeys (ConfUtils.java:logGet(44)) - raft.server.storage.dir = [/home/runner/work/ozone/ozone/mnt/ozone/hadoop-ozone/integration-test/target/test-dir/MiniOzoneClusterImpl-47f02201-3656-42a8-b726-2c1689f4816b/scmNode-1/scm-ha] (custom)
2021-07-05 00:56:43,902 [main] INFO  server.RaftServer (RaftServerProxy.java:addNew(95)) - 431daa7d-f040-4c11-a1fb-891b2bc8b6a1: addNew group-2C1689F4816B:[431daa7d-f040-4c11-a1fb-891b2bc8b6a1|rpc:localhost:15460|priority:0] returns group-2C1689F4816B:java.util.concurrent.CompletableFuture@294bdeb4[Not completed]
2021-07-05 00:56:43,926 [pool-1-thread-1] INFO  server.RaftServer$Division (RaftServerImpl.java:<init>(180)) - 431daa7d-f040-4c11-a1fb-891b2bc8b6a1: new RaftServerImpl for group-2C1689F4816B:[431daa7d-f040-4c11-a1fb-891b2bc8b6a1|rpc:localhost:15460|priority:0] with SCMStateMachine:uninitialized
2021-07-05 00:56:43,928 [pool-1-thread-1] INFO  server.RaftServerConfigKeys (ConfUtils.java:logGet(44)) - raft.server.rpc.timeout.min = 5000ms (custom)
2021-07-05 00:56:43,928 [pool-1-thread-1] INFO  server.RaftServerConfigKeys (ConfUtils.java:logGet(44)) - raft.server.rpc.timeout.max = 5200ms (custom)
2021-07-05 00:56:43,928 [pool-1-thread-1] INFO  server.RaftServerConfigKeys (ConfUtils.java:logGet(44)) - raft.server.rpc.sleep.time = 25ms (default)
2021-07-05 00:56:43,928 [pool-1-thread-1] INFO  server.RaftServerConfigKeys (ConfUtils.java:logGet(44)) - raft.server.rpc.slowness.timeout = 120000ms (custom)
2021-07-05 00:56:43,929 [pool-1-thread-1] INFO  server.RaftServerConfigKeys (ConfUtils.java:logGet(44)) - raft.server.leaderelection.leader.step-down.wait-time = 10s (default)
2021-07-05 00:56:43,929 [pool-1-thread-1] INFO  server.RaftServerConfigKeys (ConfUtils.java:logGet(44)) - raft.server.sleep.deviation.threshold = 300ms (default)
2021-07-05 00:56:43,930 [pool-1-thread-1] INFO  server.RaftServerConfigKeys (ConfUtils.java:logGet(44)) - raft.server.log.appender.install.snapshot.enabled = false (custom)
2021-07-05 00:56:43,934 [pool-1-thread-1] INFO  server.RaftServer$Division (ServerState.java:<init>(105)) - 431daa7d-f040-4c11-a1fb-891b2bc8b6a1@group-2C1689F4816B: ConfigurationManager, init=-1: [431daa7d-f040-4c11-a1fb-891b2bc8b6a1|rpc:localhost:15460|priority:0], old=null, confs=<EMPTY_MAP>
2021-07-05 00:56:43,935 [pool-1-thread-1] INFO  server.RaftServerConfigKeys (ConfUtils.java:logGet(44)) - raft.server.storage.dir = [/home/runner/work/ozone/ozone/mnt/ozone/hadoop-ozone/integration-test/target/test-dir/MiniOzoneClusterImpl-47f02201-3656-42a8-b726-2c1689f4816b/scmNode-1/scm-ha] (custom)
2021-07-05 00:56:43,941 [pool-1-thread-1] INFO  server.RaftServerConfigKeys (ConfUtils.java:logGet(44)) - raft.server.log.corruption.policy = EXCEPTION (default)
2021-07-05 00:56:43,946 [pool-1-thread-1] INFO  storage.RaftStorageDirectory (RaftStorageDirectoryImpl.java:analyzeStorage(132)) - The storage directory /home/runner/work/ozone/ozone/mnt/ozone/hadoop-ozone/integration-test/target/test-dir/MiniOzoneClusterImpl-47f02201-3656-42a8-b726-2c1689f4816b/scmNode-1/scm-ha/47f02201-3656-42a8-b726-2c1689f4816b does not exist. Creating ...
2021-07-05 00:56:43,952 [pool-1-thread-1] INFO  storage.RaftStorageDirectory (RaftStorageDirectoryImpl.java:tryLock(215)) - Lock on /home/runner/work/ozone/ozone/mnt/ozone/hadoop-ozone/integration-test/target/test-dir/MiniOzoneClusterImpl-47f02201-3656-42a8-b726-2c1689f4816b/scmNode-1/scm-ha/47f02201-3656-42a8-b726-2c1689f4816b/in_use.lock acquired by nodename 4351@fv-az291-681
2021-07-05 00:56:43,962 [pool-1-thread-1] INFO  storage.RaftStorage (RaftStorageImpl.java:format(87)) - Storage directory /home/runner/work/ozone/ozone/mnt/ozone/hadoop-ozone/integration-test/target/test-dir/MiniOzoneClusterImpl-47f02201-3656-42a8-b726-2c1689f4816b/scmNode-1/scm-ha/47f02201-3656-42a8-b726-2c1689f4816b has been successfully formatted.
2021-07-05 00:56:43,969 [pool-1-thread-1] INFO  server.RaftServerConfigKeys (ConfUtils.java:logGet(44)) - raft.server.notification.no-leader.timeout = 60s (default)
2021-07-05 00:56:43,977 [pool-1-thread-1] INFO  server.RaftServerConfigKeys (ConfUtils.java:logGet(44)) - raft.server.log.use.memory = false (default)
2021-07-05 00:56:43,989 [pool-1-thread-1] INFO  server.RaftServerConfigKeys (ConfUtils.java:logGet(44)) - raft.server.log.purge.gap = 5 (custom)
2021-07-05 00:56:43,989 [pool-1-thread-1] INFO  server.RaftServerConfigKeys (ConfUtils.java:logGet(44)) - raft.server.log.appender.buffer.byte-limit = 33554432 (custom)
2021-07-05 00:56:43,997 [pool-1-thread-1] INFO  metrics.MetricRegistries (MetricRegistriesLoader.java:load(64)) - Loaded MetricRegistries class org.apache.ratis.metrics.impl.MetricRegistriesImpl
2021-07-05 00:56:43,998 [pool-1-thread-1] INFO  metrics.RatisMetrics (RatisMetrics.java:lambda$create$0(36)) - Creating Metrics Registry : ratis.log_worker.431daa7d-f040-4c11-a1fb-891b2bc8b6a1@group-2C1689F4816B
2021-07-05 00:56:43,999 [pool-1-thread-1] WARN  impl.MetricRegistriesImpl (MetricRegistriesImpl.java:lambda$create$1(65)) - First MetricRegistry has been created without registering reporters. You may need to call MetricRegistries.global().addReporterRegistration(...) before.
2021-07-05 00:56:44,001 [pool-1-thread-1] INFO  server.RaftServerConfigKeys (ConfUtils.java:logGet(44)) - raft.server.log.segment.size.max = 16384 (custom)
2021-07-05 00:56:44,007 [pool-1-thread-1] INFO  server.RaftServerConfigKeys (ConfUtils.java:logGet(44)) - raft.server.log.segment.cache.num.max = 2 (custom)
2021-07-05 00:56:44,008 [pool-1-thread-1] INFO  server.RaftServerConfigKeys (ConfUtils.java:logGet(44)) - raft.server.log.segment.cache.size.max = 200MB (=209715200) (default)
2021-07-05 00:56:44,014 [pool-1-thread-1] INFO  segmented.SegmentedRaftLogWorker (SegmentedRaftLogWorker.java:<init>(182)) - new 431daa7d-f040-4c11-a1fb-891b2bc8b6a1@group-2C1689F4816B-SegmentedRaftLogWorker for RaftStorageImpl:Storage Directory /home/runner/work/ozone/ozone/mnt/ozone/hadoop-ozone/integration-test/target/test-dir/MiniOzoneClusterImpl-47f02201-3656-42a8-b726-2c1689f4816b/scmNode-1/scm-ha/47f02201-3656-42a8-b726-2c1689f4816b
2021-07-05 00:56:44,014 [pool-1-thread-1] INFO  server.RaftServerConfigKeys (ConfUtils.java:logGet(44)) - raft.server.log.queue.byte-limit = 64MB (=67108864) (default)
2021-07-05 00:56:44,015 [pool-1-thread-1] INFO  server.RaftServerConfigKeys (ConfUtils.java:logGet(44)) - raft.server.log.queue.element-limit = 4096 (default)
2021-07-05 00:56:44,016 [pool-1-thread-1] INFO  server.RaftServerConfigKeys (ConfUtils.java:logGet(44)) - raft.server.log.segment.size.max = 16384 (custom)
2021-07-05 00:56:44,016 [pool-1-thread-1] INFO  server.RaftServerConfigKeys (ConfUtils.java:logGet(44)) - raft.server.log.preallocated.size = 16384 (custom)
2021-07-05 00:56:44,017 [pool-1-thread-1] INFO  server.RaftServerConfigKeys (ConfUtils.java:logGet(44)) - raft.server.log.force.sync.num = 128 (default)
2021-07-05 00:56:44,018 [pool-1-thread-1] INFO  server.RaftServerConfigKeys (ConfUtils.java:logGet(44)) - raft.server.log.statemachine.data.sync = true (default)
2021-07-05 00:56:44,019 [pool-1-thread-1] INFO  server.RaftServerConfigKeys (ConfUtils.java:logGet(44)) - raft.server.log.statemachine.data.sync.timeout = 10s (default)
2021-07-05 00:56:44,019 [pool-1-thread-1] INFO  server.RaftServerConfigKeys (ConfUtils.java:logGet(44)) - raft.server.log.statemachine.data.sync.timeout.retry = -1 (default)
2021-07-05 00:56:44,026 [pool-1-thread-1] INFO  server.RaftServerConfigKeys (ConfUtils.java:logGet(44)) - raft.server.log.write.buffer.size = 64KB (=65536) (default)
2021-07-05 00:56:44,027 [pool-1-thread-1] INFO  server.RaftServerConfigKeys (ConfUtils.java:logGet(44)) - raft.server.log.statemachine.data.caching.enabled = false (default)
2021-07-05 00:56:44,033 [pool-1-thread-1] INFO  segmented.SegmentedRaftLogWorker (SegmentedRaftLogWorker.java:lambda$new$0(133)) - 431daa7d-f040-4c11-a1fb-891b2bc8b6a1@group-2C1689F4816B-SegmentedRaftLogWorker: flushIndex: setUnconditionally 0 -> -1
2021-07-05 00:56:44,033 [pool-1-thread-1] INFO  segmented.SegmentedRaftLogWorker (SegmentedRaftLogWorker.java:lambda$new$0(133)) - 431daa7d-f040-4c11-a1fb-891b2bc8b6a1@group-2C1689F4816B-SegmentedRaftLogWorker: safeCacheEvictIndex: setUnconditionally 0 -> -1
2021-07-05 00:56:44,040 [pool-1-thread-1] INFO  server.RaftServerConfigKeys (ConfUtils.java:logGet(44)) - raft.server.snapshot.auto.trigger.enabled = true (custom)
2021-07-05 00:56:44,040 [pool-1-thread-1] INFO  server.RaftServerConfigKeys (ConfUtils.java:logGet(44)) - raft.server.snapshot.auto.trigger.threshold = 5 (custom)
2021-07-05 00:56:44,041 [pool-1-thread-1] INFO  server.RaftServerConfigKeys (ConfUtils.java:logGet(44)) - raft.server.snapshot.retention.file.num = -1 (default)
2021-07-05 00:56:44,042 [pool-1-thread-1] INFO  server.RaftServerConfigKeys (ConfUtils.java:logGet(44)) - raft.server.log.purge.upto.snapshot.index = true (custom)
2021-07-05 00:56:44,043 [pool-1-thread-1] INFO  server.RaftServerConfigKeys (ConfUtils.java:logGet(44)) - raft.server.retrycache.expirytime = 60000ms (default)
2021-07-05 00:56:44,043 [pool-1-thread-1] INFO  server.RaftServerConfigKeys (ConfUtils.java:logGet(44)) - raft.server.retrycache.statistics.expirytime = 100μs (default)
2021-07-05 00:56:44,063 [pool-1-thread-1] INFO  metrics.RatisMetrics (RatisMetrics.java:lambda$create$0(36)) - Creating Metrics Registry : ratis.leader_election.431daa7d-f040-4c11-a1fb-891b2bc8b6a1@group-2C1689F4816B
2021-07-05 00:56:44,063 [pool-1-thread-1] WARN  impl.MetricRegistriesImpl (MetricRegistriesImpl.java:lambda$create$1(65)) - First MetricRegistry has been created without registering reporters. You may need to call MetricRegistries.global().addReporterRegistration(...) before.
2021-07-05 00:56:44,066 [pool-1-thread-1] INFO  metrics.RatisMetrics (RatisMetrics.java:lambda$create$0(36)) - Creating Metrics Registry : ratis.server.431daa7d-f040-4c11-a1fb-891b2bc8b6a1@group-2C1689F4816B
2021-07-05 00:56:44,066 [pool-1-thread-1] WARN  impl.MetricRegistriesImpl (MetricRegistriesImpl.java:lambda$create$1(65)) - First MetricRegistry has been created without registering reporters. You may need to call MetricRegistries.global().addReporterRegistration(...) before.
2021-07-05 00:56:44,074 [main] INFO  server.RaftServer$Division (RaftServerImpl.java:start(295)) - 431daa7d-f040-4c11-a1fb-891b2bc8b6a1@group-2C1689F4816B: start as a follower, conf=-1: [431daa7d-f040-4c11-a1fb-891b2bc8b6a1|rpc:localhost:15460|priority:0], old=null
2021-07-05 00:56:44,076 [main] INFO  server.RaftServer$Division (RaftServerImpl.java:setRole(284)) - 431daa7d-f040-4c11-a1fb-891b2bc8b6a1@group-2C1689F4816B: changes role from      null to FOLLOWER at term 0 for startAsFollower
2021-07-05 00:56:44,078 [main] INFO  impl.RoleInfo (RoleInfo.java:updateAndGet(130)) - 431daa7d-f040-4c11-a1fb-891b2bc8b6a1: start 431daa7d-f040-4c11-a1fb-891b2bc8b6a1@group-2C1689F4816B-FollowerState
2021-07-05 00:56:44,130 [main] INFO  util.JmxRegister (JmxRegister.java:tryRegister(44)) - Successfully registered JMX Bean with object name Ratis:service=RaftServer,group=group-2C1689F4816B,id=431daa7d-f040-4c11-a1fb-891b2bc8b6a1
2021-07-05 00:56:44,131 [main] INFO  metrics.RatisMetrics (RatisMetrics.java:lambda$create$0(36)) - Creating Metrics Registry : ratis.state_machine.431daa7d-f040-4c11-a1fb-891b2bc8b6a1@group-2C1689F4816B
2021-07-05 00:56:44,132 [main] WARN  impl.MetricRegistriesImpl (MetricRegistriesImpl.java:lambda$create$1(65)) - First MetricRegistry has been created without registering reporters. You may need to call MetricRegistries.global().addReporterRegistration(...) before.
2021-07-05 00:56:44,134 [main] INFO  server.RaftServer (RaftServerProxy.java:lambda$start$5(374)) - 431daa7d-f040-4c11-a1fb-891b2bc8b6a1: start RPC server
2021-07-05 00:56:44,182 [main] INFO  server.GrpcService (GrpcService.java:startImpl(253)) - 431daa7d-f040-4c11-a1fb-891b2bc8b6a1: GrpcService started, listening on 15460
2021-07-05 00:56:44,187 [org.apache.ratis.util.JvmPauseMonitor$$Lambda$493/611739613@6f099cef] INFO  util.JvmPauseMonitor (JvmPauseMonitor.java:run(103)) - JvmPauseMonitor-431daa7d-f040-4c11-a1fb-891b2bc8b6a1: Started
2021-07-05 00:56:49,201 [431daa7d-f040-4c11-a1fb-891b2bc8b6a1@group-2C1689F4816B-FollowerState] INFO  impl.FollowerState (FollowerState.java:run(134)) - 431daa7d-f040-4c11-a1fb-891b2bc8b6a1@group-2C1689F4816B-FollowerState: change to CANDIDATE, lastRpcElapsedTime:5123414865ns, electionTimeout:5121ms
2021-07-05 00:56:49,201 [431daa7d-f040-4c11-a1fb-891b2bc8b6a1@group-2C1689F4816B-FollowerState] INFO  impl.RoleInfo (RoleInfo.java:shutdownFollowerState(108)) - 431daa7d-f040-4c11-a1fb-891b2bc8b6a1: shutdown 431daa7d-f040-4c11-a1fb-891b2bc8b6a1@group-2C1689F4816B-FollowerState
2021-07-05 00:56:49,202 [431daa7d-f040-4c11-a1fb-891b2bc8b6a1@group-2C1689F4816B-FollowerState] INFO  server.RaftServer$Division (RaftServerImpl.java:setRole(284)) - 431daa7d-f040-4c11-a1fb-891b2bc8b6a1@group-2C1689F4816B: changes role from  FOLLOWER to CANDIDATE at term 0 for changeToCandidate
2021-07-05 00:56:49,208 [431daa7d-f040-4c11-a1fb-891b2bc8b6a1@group-2C1689F4816B-FollowerState] INFO  server.RaftServerConfigKeys (ConfUtils.java:logGet(44)) - raft.server.leaderelection.pre-vote = false (custom)
2021-07-05 00:56:49,208 [431daa7d-f040-4c11-a1fb-891b2bc8b6a1@group-2C1689F4816B-FollowerState] INFO  impl.RoleInfo (RoleInfo.java:updateAndGet(130)) - 431daa7d-f040-4c11-a1fb-891b2bc8b6a1: start 431daa7d-f040-4c11-a1fb-891b2bc8b6a1@group-2C1689F4816B-LeaderElection1
2021-07-05 00:56:49,212 [431daa7d-f040-4c11-a1fb-891b2bc8b6a1@group-2C1689F4816B-LeaderElection1] INFO  impl.LeaderElection (LeaderElection.java:askForVotes(306)) - 431daa7d-f040-4c11-a1fb-891b2bc8b6a1@group-2C1689F4816B-LeaderElection1 ELECTION round 0: submit vote requests at term 1 for -1: [431daa7d-f040-4c11-a1fb-891b2bc8b6a1|rpc:localhost:15460|priority:0], old=null
2021-07-05 00:56:49,213 [431daa7d-f040-4c11-a1fb-891b2bc8b6a1@group-2C1689F4816B-LeaderElection1] INFO  impl.LeaderElection (LeaderElection.java:askForVotes(308)) - 431daa7d-f040-4c11-a1fb-891b2bc8b6a1@group-2C1689F4816B-LeaderElection1 ELECTION round 0: result PASSED (term=1)
2021-07-05 00:56:49,213 [431daa7d-f040-4c11-a1fb-891b2bc8b6a1@group-2C1689F4816B-LeaderElection1] INFO  impl.RoleInfo (RoleInfo.java:shutdownLeaderElection(121)) - 431daa7d-f040-4c11-a1fb-891b2bc8b6a1: shutdown 431daa7d-f040-4c11-a1fb-891b2bc8b6a1@group-2C1689F4816B-LeaderElection1
2021-07-05 00:56:49,214 [431daa7d-f040-4c11-a1fb-891b2bc8b6a1@group-2C1689F4816B-LeaderElection1] INFO  server.RaftServer$Division (RaftServerImpl.java:setRole(284)) - 431daa7d-f040-4c11-a1fb-891b2bc8b6a1@group-2C1689F4816B: changes role from CANDIDATE to LEADER at term 1 for changeToLeader
2021-07-05 00:56:49,214 [431daa7d-f040-4c11-a1fb-891b2bc8b6a1@group-2C1689F4816B-LeaderElection1] INFO  server.RaftServer$Division (ServerState.java:setLeader(271)) - 431daa7d-f040-4c11-a1fb-891b2bc8b6a1@group-2C1689F4816B: change Leader from null to 431daa7d-f040-4c11-a1fb-891b2bc8b6a1 at term 1 for becomeLeader, leader elected after 5245ms
2021-07-05 00:56:49,220 [431daa7d-f040-4c11-a1fb-891b2bc8b6a1@group-2C1689F4816B-LeaderElection1] INFO  server.RaftServerConfigKeys (ConfUtils.java:logGet(44)) - raft.server.staging.catchup.gap = 1000 (default)
2021-07-05 00:56:49,222 [431daa7d-f040-4c11-a1fb-891b2bc8b6a1@group-2C1689F4816B-LeaderElection1] INFO  metrics.RatisMetrics (RatisMetrics.java:lambda$create$0(36)) - Creating Metrics Registry : ratis.log_appender.431daa7d-f040-4c11-a1fb-891b2bc8b6a1@group-2C1689F4816B
2021-07-05 00:56:49,223 [431daa7d-f040-4c11-a1fb-891b2bc8b6a1@group-2C1689F4816B-LeaderElection1] WARN  impl.MetricRegistriesImpl (MetricRegistriesImpl.java:lambda$create$1(65)) - First MetricRegistry has been created without registering reporters. You may need to call MetricRegistries.global().addReporterRegistration(...) before.
2021-07-05 00:56:49,225 [431daa7d-f040-4c11-a1fb-891b2bc8b6a1@group-2C1689F4816B-LeaderElection1] INFO  server.RaftServerConfigKeys (ConfUtils.java:logGet(44)) - raft.server.write.element-limit = 4096 (default)
2021-07-05 00:56:49,225 [431daa7d-f040-4c11-a1fb-891b2bc8b6a1@group-2C1689F4816B-LeaderElection1] INFO  server.RaftServerConfigKeys (ConfUtils.java:logGet(44)) - raft.server.write.byte-limit = 64MB (=67108864) (default)
2021-07-05 00:56:49,232 [431daa7d-f040-4c11-a1fb-891b2bc8b6a1@group-2C1689F4816B-LeaderElection1] INFO  server.RaftServerConfigKeys (ConfUtils.java:logGet(44)) - raft.server.watch.timeout = 10s (default)
2021-07-05 00:56:49,232 [431daa7d-f040-4c11-a1fb-891b2bc8b6a1@group-2C1689F4816B-LeaderElection1] INFO  server.RaftServerConfigKeys (ConfUtils.java:logGet(44)) - raft.server.watch.timeout.denomination = 1s (default)
2021-07-05 00:56:49,233 [431daa7d-f040-4c11-a1fb-891b2bc8b6a1@group-2C1689F4816B-LeaderElection1] INFO  server.RaftServerConfigKeys (ConfUtils.java:logGet(44)) - raft.server.watch.element-limit = 65536 (default)
2021-07-05 00:56:49,239 [431daa7d-f040-4c11-a1fb-891b2bc8b6a1@group-2C1689F4816B-LeaderElection1] INFO  impl.RoleInfo (RoleInfo.java:updateAndGet(130)) - 431daa7d-f040-4c11-a1fb-891b2bc8b6a1: start 431daa7d-f040-4c11-a1fb-891b2bc8b6a1@group-2C1689F4816B-LeaderStateImpl
2021-07-05 00:56:49,260 [431daa7d-f040-4c11-a1fb-891b2bc8b6a1@group-2C1689F4816B-LeaderElection1] INFO  segmented.SegmentedRaftLogWorker (SegmentedRaftLogWorker.java:startLogSegment(394)) - 431daa7d-f040-4c11-a1fb-891b2bc8b6a1@group-2C1689F4816B-SegmentedRaftLogWorker: Starting segment from index:0
2021-07-05 00:56:49,294 [431daa7d-f040-4c11-a1fb-891b2bc8b6a1@group-2C1689F4816B-LeaderElection1] INFO  server.RaftServer$Division (ServerState.java:setRaftConf(373)) - 431daa7d-f040-4c11-a1fb-891b2bc8b6a1@group-2C1689F4816B: set configuration 0: [431daa7d-f040-4c11-a1fb-891b2bc8b6a1|rpc:localhost:15460|admin:|client:|dataStream:|priority:0], old=null
2021-07-05 00:56:49,365 [431daa7d-f040-4c11-a1fb-891b2bc8b6a1@group-2C1689F4816B-SegmentedRaftLogWorker] INFO  segmented.SegmentedRaftLogWorker (SegmentedRaftLogWorker.java:execute(601)) - 431daa7d-f040-4c11-a1fb-891b2bc8b6a1@group-2C1689F4816B-SegmentedRaftLogWorker: created new log segment /home/runner/work/ozone/ozone/mnt/ozone/hadoop-ozone/integration-test/target/test-dir/MiniOzoneClusterImpl-47f02201-3656-42a8-b726-2c1689f4816b/scmNode-1/scm-ha/47f02201-3656-42a8-b726-2c1689f4816b/current/log_inprogress_0
2021-07-05 00:56:50,189 [main] INFO  server.RaftServer (RaftServerProxy.java:lambda$close$6(391)) - 431daa7d-f040-4c11-a1fb-891b2bc8b6a1: close
2021-07-05 00:56:50,190 [main] INFO  server.RaftServer$Division (RaftServerImpl.java:lambda$close$4(406)) - 431daa7d-f040-4c11-a1fb-891b2bc8b6a1@group-2C1689F4816B: shutdown
2021-07-05 00:56:50,190 [main] INFO  util.JmxRegister (JmxRegister.java:unregister(73)) - Successfully un-registered JMX Bean with object name Ratis:service=RaftServer,group=group-2C1689F4816B,id=431daa7d-f040-4c11-a1fb-891b2bc8b6a1
2021-07-05 00:56:50,190 [main] INFO  impl.RoleInfo (RoleInfo.java:shutdownLeaderState(91)) - 431daa7d-f040-4c11-a1fb-891b2bc8b6a1: shutdown 431daa7d-f040-4c11-a1fb-891b2bc8b6a1@group-2C1689F4816B-LeaderStateImpl
2021-07-05 00:56:50,198 [main] INFO  impl.PendingRequests (PendingRequests.java:sendNotLeaderResponses(249)) - 431daa7d-f040-4c11-a1fb-891b2bc8b6a1@group-2C1689F4816B-PendingRequests: sendNotLeaderResponses
2021-07-05 00:56:50,199 [main] INFO  metrics.RatisMetrics (RatisMetrics.java:unregister(43)) - Unregistering Metrics Registry : ratis.log_appender.431daa7d-f040-4c11-a1fb-891b2bc8b6a1@group-2C1689F4816B
2021-07-05 00:56:50,200 [main] INFO  metrics.RatisMetrics (RatisMetrics.java:unregister(43)) - Unregistering Metrics Registry : ratis.server.431daa7d-f040-4c11-a1fb-891b2bc8b6a1@group-2C1689F4816B
2021-07-05 00:56:50,201 [main] INFO  impl.StateMachineUpdater (StateMachineUpdater.java:stopAndJoin(149)) - 431daa7d-f040-4c11-a1fb-891b2bc8b6a1@group-2C1689F4816B-StateMachineUpdater: set stopIndex = 0
2021-07-05 00:56:50,201 [431daa7d-f040-4c11-a1fb-891b2bc8b6a1@group-2C1689F4816B-StateMachineUpdater] INFO  impl.StateMachineUpdater (StateMachineUpdater.java:takeSnapshot(281)) - 431daa7d-f040-4c11-a1fb-891b2bc8b6a1@group-2C1689F4816B-StateMachineUpdater: Took a snapshot at index 0
2021-07-05 00:56:50,202 [431daa7d-f040-4c11-a1fb-891b2bc8b6a1@group-2C1689F4816B-StateMachineUpdater] INFO  impl.StateMachineUpdater (StateMachineUpdater.java:lambda$new$0(89)) - 431daa7d-f040-4c11-a1fb-891b2bc8b6a1@group-2C1689F4816B-StateMachineUpdater: snapshotIndex: updateIncreasingly -1 -> 0
2021-07-05 00:56:50,202 [431daa7d-f040-4c11-a1fb-891b2bc8b6a1@group-2C1689F4816B-StateMachineUpdater] INFO  metrics.RatisMetrics (RatisMetrics.java:unregister(43)) - Unregistering Metrics Registry : ratis.state_machine.431daa7d-f040-4c11-a1fb-891b2bc8b6a1@group-2C1689F4816B
2021-07-05 00:56:50,202 [main] INFO  server.RaftServer$Division (ServerState.java:close(405)) - 431daa7d-f040-4c11-a1fb-891b2bc8b6a1@group-2C1689F4816B: closes. applyIndex: 0
2021-07-05 00:56:50,204 [431daa7d-f040-4c11-a1fb-891b2bc8b6a1@group-2C1689F4816B-SegmentedRaftLogWorker] INFO  segmented.SegmentedRaftLogWorker (SegmentedRaftLogWorker.java:run(327)) - 431daa7d-f040-4c11-a1fb-891b2bc8b6a1@group-2C1689F4816B-SegmentedRaftLogWorker was interrupted, exiting. There are 0 tasks remaining in the queue.
2021-07-05 00:56:50,208 [main] INFO  segmented.SegmentedRaftLogWorker (SegmentedRaftLogWorker.java:close(237)) - 431daa7d-f040-4c11-a1fb-891b2bc8b6a1@group-2C1689F4816B-SegmentedRaftLogWorker close()
2021-07-05 00:56:50,209 [main] INFO  metrics.RatisMetrics (RatisMetrics.java:unregister(43)) - Unregistering Metrics Registry : ratis.log_worker.431daa7d-f040-4c11-a1fb-891b2bc8b6a1@group-2C1689F4816B
2021-07-05 00:56:50,209 [main] INFO  metrics.RatisMetrics (RatisMetrics.java:unregister(43)) - Unregistering Metrics Registry : ratis.leader_election.431daa7d-f040-4c11-a1fb-891b2bc8b6a1@group-2C1689F4816B
2021-07-05 00:56:50,209 [main] INFO  metrics.RatisMetrics (RatisMetrics.java:unregister(43)) - Unregistering Metrics Registry : ratis.server.431daa7d-f040-4c11-a1fb-891b2bc8b6a1@group-2C1689F4816B
2021-07-05 00:56:50,210 [main] INFO  server.GrpcService (GrpcService.java:closeImpl(262)) - 431daa7d-f040-4c11-a1fb-891b2bc8b6a1: shutdown server with port 15460 now
2021-07-05 00:56:50,217 [main] INFO  server.GrpcService (GrpcService.java:closeImpl(271)) - 431daa7d-f040-4c11-a1fb-891b2bc8b6a1: shutdown server with port 15460 successfully
2021-07-05 00:56:50,217 [org.apache.ratis.util.JvmPauseMonitor$$Lambda$493/611739613@6f099cef] INFO  util.JvmPauseMonitor (JvmPauseMonitor.java:run(109)) - JvmPauseMonitor-431daa7d-f040-4c11-a1fb-891b2bc8b6a1: Stopped
2021-07-05 00:56:50,217 [main] WARN  server.ServerUtils (ServerUtils.java:getScmDbDir(148)) - ozone.scm.db.dirs is not configured. We recommend adding this setting. Falling back to ozone.metadata.dirs instead.
2021-07-05 00:56:50,220 [main] INFO  server.StorageContainerManager (StorageContainerManager.java:scmInit(994)) - SCM initialization succeeded. Current cluster id for sd=/home/runner/work/ozone/ozone/mnt/ozone/hadoop-ozone/integration-test/target/test-dir/MiniOzoneClusterImpl-47f02201-3656-42a8-b726-2c1689f4816b/scmNode-1/scm; cid=47f02201-3656-42a8-b726-2c1689f4816b; layoutVersion=0; scmId=431daa7d-f040-4c11-a1fb-891b2bc8b6a1
2021-07-05 00:56:50,236 [main] INFO  ha.SCMHANodeDetails (SCMHANodeDetails.java:loadSCMHAConfig(157)) - ServiceID for StorageContainerManager is scm-service-test1
2021-07-05 00:56:50,236 [main] INFO  ha.SCMHANodeDetails (SCMHANodeDetails.java:loadSCMHAConfig(168)) - ServiceID for StorageContainerManager is scm-service-test1
2021-07-05 00:56:50,237 [main] WARN  scm.ScmUtils (ScmUtils.java:logWarn(179)) - ConfigKey ozone.scm.block.client.address is deprecated, For configuring different ports for each SCM use PortConfigKey ozone.scm.block.client.port appended with serviceId and nodeId. If want to configure same port configure ozone.scm.block.client.port
2021-07-05 00:56:50,237 [main] WARN  scm.ScmUtils (ScmUtils.java:logWarn(179)) - ConfigKey ozone.scm.client.address is deprecated, For configuring different ports for each SCM use PortConfigKey ozone.scm.client.port appended with serviceId and nodeId. If want to configure same port configure ozone.scm.client.port
2021-07-05 00:56:50,238 [main] WARN  scm.ScmUtils (ScmUtils.java:logWarn(179)) - ConfigKey ozone.scm.datanode.address is deprecated, For configuring different ports for each SCM use PortConfigKey ozone.scm.datanode.port appended with serviceId and nodeId. If want to configure same port configure ozone.scm.datanode.port
2021-07-05 00:56:50,239 [main] WARN  scm.ScmUtils (ScmUtils.java:logWarn(179)) - ConfigKey ozone.scm.block.client.address is deprecated, For configuring different ports for each SCM use PortConfigKey ozone.scm.block.client.port appended with serviceId and nodeId. If want to configure same port configure ozone.scm.block.client.port
2021-07-05 00:56:50,239 [main] WARN  scm.ScmUtils (ScmUtils.java:logWarn(179)) - ConfigKey ozone.scm.client.address is deprecated, For configuring different ports for each SCM use PortConfigKey ozone.scm.client.port appended with serviceId and nodeId. If want to configure same port configure ozone.scm.client.port
2021-07-05 00:56:50,241 [main] WARN  scm.ScmUtils (ScmUtils.java:logWarn(179)) - ConfigKey ozone.scm.datanode.address is deprecated, For configuring different ports for each SCM use PortConfigKey ozone.scm.datanode.port appended with serviceId and nodeId. If want to configure same port configure ozone.scm.datanode.port
2021-07-05 00:56:50,241 [main] INFO  ha.SCMHANodeDetails (SCMHANodeDetails.java:loadSCMHAConfig(250)) - Found matching SCM address with SCMServiceId: scm-service-test1, SCMNodeId: scmNode-1, RPC Address: localhost:15460 and Ratis port: 15460
2021-07-05 00:56:50,241 [main] INFO  ha.SCMHANodeDetails (ConfUtils.java:setNodeSpecificConfigs(108)) - Setting configuration key ozone.scm.datanode.address with value of key ozone.scm.datanode.address.scm-service-test1.scmNode-1: 127.0.0.1:15461
2021-07-05 00:56:50,241 [main] INFO  ha.SCMHANodeDetails (ConfUtils.java:setNodeSpecificConfigs(108)) - Setting configuration key ozone.scm.block.client.address with value of key ozone.scm.block.client.address.scm-service-test1.scmNode-1: 127.0.0.1:15462
2021-07-05 00:56:50,242 [main] INFO  ha.SCMHANodeDetails (ConfUtils.java:setNodeSpecificConfigs(108)) - Setting configuration key ozone.scm.client.address with value of key ozone.scm.client.address.scm-service-test1.scmNode-1: 127.0.0.1:15463
2021-07-05 00:56:50,242 [main] INFO  ha.SCMHANodeDetails (ConfUtils.java:setNodeSpecificConfigs(108)) - Setting configuration key ozone.scm.ratis.port with value of key ozone.scm.ratis.port.scm-service-test1.scmNode-1: 15460
2021-07-05 00:56:50,242 [main] INFO  ha.SCMHANodeDetails (ConfUtils.java:setNodeSpecificConfigs(108)) - Setting configuration key ozone.scm.grpc.port with value of key ozone.scm.grpc.port.scm-service-test1.scmNode-1: 15464
2021-07-05 00:56:50,242 [main] INFO  ha.SCMHANodeDetails (ConfUtils.java:setNodeSpecificConfigs(108)) - Setting configuration key ozone.scm.http-address with value of key ozone.scm.http-address.scm-service-test1.scmNode-1: 127.0.0.1:15458
2021-07-05 00:56:50,243 [main] INFO  ha.SCMHANodeDetails (ConfUtils.java:setNodeSpecificConfigs(108)) - Setting configuration key ozone.scm.https-address with value of key ozone.scm.https-address.scm-service-test1.scmNode-1: 127.0.0.1:15459
2021-07-05 00:56:50,243 [main] INFO  ha.SCMHANodeDetails (ConfUtils.java:setNodeSpecificConfigs(108)) - Setting configuration key ozone.scm.address with value of key ozone.scm.address.scm-service-test1.scmNode-1: 127.0.0.1
2021-07-05 00:56:50,243 [main] WARN  scm.ScmUtils (ScmUtils.java:logWarn(179)) - ConfigKey ozone.scm.block.client.address is deprecated, For configuring different ports for each SCM use PortConfigKey ozone.scm.block.client.port appended with serviceId and nodeId. If want to configure same port configure ozone.scm.block.client.port
2021-07-05 00:56:50,243 [main] WARN  scm.ScmUtils (ScmUtils.java:logWarn(179)) - ConfigKey ozone.scm.client.address is deprecated, For configuring different ports for each SCM use PortConfigKey ozone.scm.client.port appended with serviceId and nodeId. If want to configure same port configure ozone.scm.client.port
2021-07-05 00:56:50,244 [main] WARN  scm.ScmUtils (ScmUtils.java:logWarn(179)) - ConfigKey ozone.scm.datanode.address is deprecated, For configuring different ports for each SCM use PortConfigKey ozone.scm.datanode.port appended with serviceId and nodeId. If want to configure same port configure ozone.scm.datanode.port
2021-07-05 00:56:50,276 [main] WARN  server.ServerUtils (ServerUtils.java:getScmDbDir(148)) - ozone.scm.db.dirs is not configured. We recommend adding this setting. Falling back to ozone.metadata.dirs instead.
2021-07-05 00:56:50,832 [main] WARN  utils.HAUtils (HAUtils.java:getMetaDir(342)) - ozone.scm.db.dirs is not configured. We recommend adding this setting. Falling back to ozone.metadata.dirs instead.
2021-07-05 00:56:50,960 [main] WARN  db.DBStoreBuilder (DBStoreBuilder.java:applyDBDefinition(145)) - ozone.scm.db.dirs is not configured. We recommend adding this setting. Falling back to ozone.metadata.dirs instead.
2021-07-05 00:56:51,148 [main] INFO  net.NodeSchemaLoader (NodeSchemaLoader.java:loadSchemaFromFile(129)) - Loading schema from [jar:file:/home/runner/.m2/repository/org/apache/ozone/hdds-common/1.2.0-SNAPSHOT/hdds-common-1.2.0-SNAPSHOT.jar!/network-topology-default.xml]
2021-07-05 00:56:51,150 [main] INFO  net.NodeSchemaLoader (NodeSchemaLoader.java:loadSchema(176)) - Loading network topology layer schema file
2021-07-05 00:56:51,197 [main] INFO  ha.SCMRatisServerImpl (SCMRatisServerImpl.java:<init>(85)) - starting Raft server for scm:431daa7d-f040-4c11-a1fb-891b2bc8b6a1
2021-07-05 00:56:51,201 [main] INFO  server.RaftServer (ConfUtils.java:logGet(44)) - raft.rpc.type = GRPC (default)
2021-07-05 00:56:51,202 [main] INFO  grpc.GrpcFactory (GrpcFactory.java:checkPooledByteBufAllocatorUseCacheForAllThreads(48)) - PERFORMANCE WARNING: useCacheForAllThreads is true that may cause Netty to create a lot garbage objects and, as a result, trigger GC.
	It is recommended to disable useCacheForAllThreads by setting -Dorg.apache.ratis.thirdparty.io.netty.allocator.useCacheForAllThreads=false in command line.
2021-07-05 00:56:51,202 [main] INFO  grpc.GrpcConfigKeys (ConfUtils.java:logGet(44)) - raft.grpc.admin.port = -1 (default)
2021-07-05 00:56:51,202 [main] INFO  grpc.GrpcConfigKeys (ConfUtils.java:logGet(44)) - raft.grpc.server.port = 15460 (custom)
2021-07-05 00:56:51,203 [main] INFO  grpc.GrpcConfigKeys (ConfUtils.java:logGet(44)) - raft.grpc.client.port = -1 (default)
2021-07-05 00:56:51,203 [main] INFO  grpc.GrpcConfigKeys (ConfUtils.java:logGet(44)) - raft.grpc.server.port = 15460 (custom)
2021-07-05 00:56:51,203 [main] INFO  grpc.GrpcConfigKeys (ConfUtils.java:logGet(44)) - raft.grpc.server.port = 15460 (custom)
2021-07-05 00:56:51,203 [main] INFO  server.GrpcService (ConfUtils.java:logGet(44)) - raft.grpc.message.size.max = 32m (=33554432) (custom)
2021-07-05 00:56:51,204 [main] INFO  server.RaftServerConfigKeys (ConfUtils.java:logGet(44)) - raft.server.log.appender.buffer.byte-limit = 33554432 (custom)
2021-07-05 00:56:51,204 [main] INFO  server.GrpcService (ConfUtils.java:logGet(44)) - raft.grpc.flow.control.window = 1MB (=1048576) (default)
2021-07-05 00:56:51,204 [main] INFO  server.RaftServerConfigKeys (ConfUtils.java:logGet(44)) - raft.server.rpc.request.timeout = 30000ms (custom)
2021-07-05 00:56:51,206 [main] INFO  impl.DataStreamServerImpl (ConfUtils.java:logGet(44)) - raft.datastream.type = DISABLED (default)
2021-07-05 00:56:51,206 [main] INFO  server.RaftServerConfigKeys (ConfUtils.java:logGet(44)) - raft.server.rpc.slowness.timeout = 120000ms (custom)
2021-07-05 00:56:51,206 [main] INFO  server.RaftServerConfigKeys (ConfUtils.java:logGet(44)) - raft.server.leaderelection.leader.step-down.wait-time = 10s (default)
2021-07-05 00:56:51,207 [main] INFO  server.RaftServerConfigKeys (ConfUtils.java:logGet(44)) - raft.server.storage.dir = [/home/runner/work/ozone/ozone/mnt/ozone/hadoop-ozone/integration-test/target/test-dir/MiniOzoneClusterImpl-47f02201-3656-42a8-b726-2c1689f4816b/scmNode-1/scm-ha] (custom)
2021-07-05 00:56:51,207 [main] INFO  server.RaftServer (RaftServerProxy.java:lambda$null$1(235)) - 431daa7d-f040-4c11-a1fb-891b2bc8b6a1: found a subdirectory /home/runner/work/ozone/ozone/mnt/ozone/hadoop-ozone/integration-test/target/test-dir/MiniOzoneClusterImpl-47f02201-3656-42a8-b726-2c1689f4816b/scmNode-1/scm-ha/47f02201-3656-42a8-b726-2c1689f4816b
2021-07-05 00:56:51,208 [main] INFO  server.RaftServer (RaftServerProxy.java:addNew(95)) - 431daa7d-f040-4c11-a1fb-891b2bc8b6a1: addNew group-2C1689F4816B:[] returns group-2C1689F4816B:java.util.concurrent.CompletableFuture@404db674[Not completed]
2021-07-05 00:56:51,211 [pool-15-thread-1] INFO  server.RaftServer$Division (RaftServerImpl.java:<init>(180)) - 431daa7d-f040-4c11-a1fb-891b2bc8b6a1: new RaftServerImpl for group-2C1689F4816B:[] with SCMStateMachine:uninitialized
2021-07-05 00:56:51,211 [pool-15-thread-1] INFO  server.RaftServerConfigKeys (ConfUtils.java:logGet(44)) - raft.server.rpc.timeout.min = 5000ms (custom)
2021-07-05 00:56:51,212 [pool-15-thread-1] INFO  server.RaftServerConfigKeys (ConfUtils.java:logGet(44)) - raft.server.rpc.timeout.max = 5200ms (custom)
2021-07-05 00:56:51,212 [pool-15-thread-1] INFO  server.RaftServerConfigKeys (ConfUtils.java:logGet(44)) - raft.server.rpc.sleep.time = 25ms (default)
2021-07-05 00:56:51,212 [pool-15-thread-1] INFO  server.RaftServerConfigKeys (ConfUtils.java:logGet(44)) - raft.server.rpc.slowness.timeout = 120000ms (custom)
2021-07-05 00:56:51,212 [pool-15-thread-1] INFO  server.RaftServerConfigKeys (ConfUtils.java:logGet(44)) - raft.server.leaderelection.leader.step-down.wait-time = 10s (default)
2021-07-05 00:56:51,212 [pool-15-thread-1] INFO  server.RaftServerConfigKeys (ConfUtils.java:logGet(44)) - raft.server.sleep.deviation.threshold = 300ms (default)
2021-07-05 00:56:51,213 [pool-15-thread-1] INFO  server.RaftServerConfigKeys (ConfUtils.java:logGet(44)) - raft.server.log.appender.install.snapshot.enabled = false (custom)
2021-07-05 00:56:51,213 [pool-15-thread-1] INFO  server.RaftServer$Division (ServerState.java:<init>(105)) - 431daa7d-f040-4c11-a1fb-891b2bc8b6a1@group-2C1689F4816B: ConfigurationManager, init=-1: [], old=null, confs=<EMPTY_MAP>
2021-07-05 00:56:51,213 [pool-15-thread-1] INFO  server.RaftServerConfigKeys (ConfUtils.java:logGet(44)) - raft.server.storage.dir = [/home/runner/work/ozone/ozone/mnt/ozone/hadoop-ozone/integration-test/target/test-dir/MiniOzoneClusterImpl-47f02201-3656-42a8-b726-2c1689f4816b/scmNode-1/scm-ha] (custom)
2021-07-05 00:56:51,213 [pool-15-thread-1] INFO  server.RaftServerConfigKeys (ConfUtils.java:logGet(44)) - raft.server.log.corruption.policy = EXCEPTION (default)
2021-07-05 00:56:51,214 [pool-15-thread-1] INFO  storage.RaftStorageDirectory (RaftStorageDirectoryImpl.java:tryLock(215)) - Lock on /home/runner/work/ozone/ozone/mnt/ozone/hadoop-ozone/integration-test/target/test-dir/MiniOzoneClusterImpl-47f02201-3656-42a8-b726-2c1689f4816b/scmNode-1/scm-ha/47f02201-3656-42a8-b726-2c1689f4816b/in_use.lock acquired by nodename 4351@fv-az291-681
2021-07-05 00:56:51,215 [pool-15-thread-1] INFO  storage.RaftStorage (RaftStorageImpl.java:analyzeAndRecoverStorage(108)) - Read RaftStorageMetadata{term=1, votedFor=431daa7d-f040-4c11-a1fb-891b2bc8b6a1} from /home/runner/work/ozone/ozone/mnt/ozone/hadoop-ozone/integration-test/target/test-dir/MiniOzoneClusterImpl-47f02201-3656-42a8-b726-2c1689f4816b/scmNode-1/scm-ha/47f02201-3656-42a8-b726-2c1689f4816b/current/raft-meta
2021-07-05 00:56:51,223 [pool-15-thread-1] INFO  server.RaftServer$Division (ServerState.java:setRaftConf(373)) - 431daa7d-f040-4c11-a1fb-891b2bc8b6a1@group-2C1689F4816B: set configuration 0: [431daa7d-f040-4c11-a1fb-891b2bc8b6a1|rpc:localhost:15460|admin:|client:|dataStream:|priority:0], old=null
2021-07-05 00:56:51,223 [pool-15-thread-1] INFO  server.RaftServerConfigKeys (ConfUtils.java:logGet(44)) - raft.server.notification.no-leader.timeout = 60s (default)
2021-07-05 00:56:51,224 [pool-15-thread-1] INFO  server.RaftServerConfigKeys (ConfUtils.java:logGet(44)) - raft.server.log.use.memory = false (default)
2021-07-05 00:56:51,224 [pool-15-thread-1] INFO  server.RaftServerConfigKeys (ConfUtils.java:logGet(44)) - raft.server.log.purge.gap = 5 (custom)
2021-07-05 00:56:51,224 [pool-15-thread-1] INFO  server.RaftServerConfigKeys (ConfUtils.java:logGet(44)) - raft.server.log.appender.buffer.byte-limit = 33554432 (custom)
2021-07-05 00:56:51,224 [pool-15-thread-1] INFO  metrics.RatisMetrics (RatisMetrics.java:lambda$create$0(36)) - Creating Metrics Registry : ratis.log_worker.431daa7d-f040-4c11-a1fb-891b2bc8b6a1@group-2C1689F4816B
2021-07-05 00:56:51,224 [pool-15-thread-1] WARN  impl.MetricRegistriesImpl (MetricRegistriesImpl.java:lambda$create$1(65)) - First MetricRegistry has been created without registering reporters. You may need to call MetricRegistries.global().addReporterRegistration(...) before.
2021-07-05 00:56:51,224 [pool-15-thread-1] INFO  server.RaftServerConfigKeys (ConfUtils.java:logGet(44)) - raft.server.log.segment.size.max = 16384 (custom)
2021-07-05 00:56:51,225 [pool-15-thread-1] INFO  server.RaftServerConfigKeys (ConfUtils.java:logGet(44)) - raft.server.log.segment.cache.num.max = 2 (custom)
2021-07-05 00:56:51,225 [pool-15-thread-1] INFO  server.RaftServerConfigKeys (ConfUtils.java:logGet(44)) - raft.server.log.segment.cache.size.max = 200MB (=209715200) (default)
2021-07-05 00:56:51,225 [pool-15-thread-1] INFO  segmented.SegmentedRaftLogWorker (SegmentedRaftLogWorker.java:<init>(182)) - new 431daa7d-f040-4c11-a1fb-891b2bc8b6a1@group-2C1689F4816B-SegmentedRaftLogWorker for RaftStorageImpl:Storage Directory /home/runner/work/ozone/ozone/mnt/ozone/hadoop-ozone/integration-test/target/test-dir/MiniOzoneClusterImpl-47f02201-3656-42a8-b726-2c1689f4816b/scmNode-1/scm-ha/47f02201-3656-42a8-b726-2c1689f4816b
2021-07-05 00:56:51,225 [pool-15-thread-1] INFO  server.RaftServerConfigKeys (ConfUtils.java:logGet(44)) - raft.server.log.queue.byte-limit = 64MB (=67108864) (default)
2021-07-05 00:56:51,226 [pool-15-thread-1] INFO  server.RaftServerConfigKeys (ConfUtils.java:logGet(44)) - raft.server.log.queue.element-limit = 4096 (default)
2021-07-05 00:56:51,226 [pool-15-thread-1] INFO  server.RaftServerConfigKeys (ConfUtils.java:logGet(44)) - raft.server.log.segment.size.max = 16384 (custom)
2021-07-05 00:56:51,226 [pool-15-thread-1] INFO  server.RaftServerConfigKeys (ConfUtils.java:logGet(44)) - raft.server.log.preallocated.size = 16384 (custom)
2021-07-05 00:56:51,226 [pool-15-thread-1] INFO  server.RaftServerConfigKeys (ConfUtils.java:logGet(44)) - raft.server.log.force.sync.num = 128 (default)
2021-07-05 00:56:51,226 [pool-15-thread-1] INFO  server.RaftServerConfigKeys (ConfUtils.java:logGet(44)) - raft.server.log.statemachine.data.sync = true (default)
2021-07-05 00:56:51,226 [pool-15-thread-1] INFO  server.RaftServerConfigKeys (ConfUtils.java:logGet(44)) - raft.server.log.statemachine.data.sync.timeout = 10s (default)
2021-07-05 00:56:51,226 [pool-15-thread-1] INFO  server.RaftServerConfigKeys (ConfUtils.java:logGet(44)) - raft.server.log.statemachine.data.sync.timeout.retry = -1 (default)
2021-07-05 00:56:51,227 [pool-15-thread-1] INFO  server.RaftServerConfigKeys (ConfUtils.java:logGet(44)) - raft.server.log.write.buffer.size = 64KB (=65536) (default)
2021-07-05 00:56:51,227 [pool-15-thread-1] INFO  server.RaftServerConfigKeys (ConfUtils.java:logGet(44)) - raft.server.log.statemachine.data.caching.enabled = false (default)
2021-07-05 00:56:51,233 [pool-15-thread-1] INFO  server.RaftServer$Division (ServerState.java:setRaftConf(373)) - 431daa7d-f040-4c11-a1fb-891b2bc8b6a1@group-2C1689F4816B: set configuration 0: [431daa7d-f040-4c11-a1fb-891b2bc8b6a1|rpc:localhost:15460|admin:|client:|dataStream:|priority:0], old=null
2021-07-05 00:56:51,233 [pool-15-thread-1] INFO  segmented.LogSegment (LogSegment.java:loadSegment(173)) - Successfully read 1 entries from segment file /home/runner/work/ozone/ozone/mnt/ozone/hadoop-ozone/integration-test/target/test-dir/MiniOzoneClusterImpl-47f02201-3656-42a8-b726-2c1689f4816b/scmNode-1/scm-ha/47f02201-3656-42a8-b726-2c1689f4816b/current/log_inprogress_0
2021-07-05 00:56:51,234 [pool-15-thread-1] INFO  segmented.SegmentedRaftLogWorker (SegmentedRaftLogWorker.java:lambda$new$0(133)) - 431daa7d-f040-4c11-a1fb-891b2bc8b6a1@group-2C1689F4816B-SegmentedRaftLogWorker: flushIndex: setUnconditionally 0 -> 0
2021-07-05 00:56:51,234 [pool-15-thread-1] INFO  segmented.SegmentedRaftLogWorker (SegmentedRaftLogWorker.java:lambda$new$0(133)) - 431daa7d-f040-4c11-a1fb-891b2bc8b6a1@group-2C1689F4816B-SegmentedRaftLogWorker: safeCacheEvictIndex: setUnconditionally 0 -> -1
2021-07-05 00:56:51,234 [pool-15-thread-1] INFO  server.RaftServerConfigKeys (ConfUtils.java:logGet(44)) - raft.server.snapshot.auto.trigger.enabled = true (custom)
2021-07-05 00:56:51,234 [pool-15-thread-1] INFO  server.RaftServerConfigKeys (ConfUtils.java:logGet(44)) - raft.server.snapshot.auto.trigger.threshold = 5 (custom)
2021-07-05 00:56:51,234 [pool-15-thread-1] INFO  server.RaftServerConfigKeys (ConfUtils.java:logGet(44)) - raft.server.snapshot.retention.file.num = -1 (default)
2021-07-05 00:56:51,235 [pool-15-thread-1] INFO  server.RaftServerConfigKeys (ConfUtils.java:logGet(44)) - raft.server.log.purge.upto.snapshot.index = true (custom)
2021-07-05 00:56:51,235 [pool-15-thread-1] INFO  server.RaftServerConfigKeys (ConfUtils.java:logGet(44)) - raft.server.retrycache.expirytime = 60000ms (default)
2021-07-05 00:56:51,235 [pool-15-thread-1] INFO  server.RaftServerConfigKeys (ConfUtils.java:logGet(44)) - raft.server.retrycache.statistics.expirytime = 100μs (default)
2021-07-05 00:56:51,235 [pool-15-thread-1] INFO  metrics.RatisMetrics (RatisMetrics.java:lambda$create$0(36)) - Creating Metrics Registry : ratis.leader_election.431daa7d-f040-4c11-a1fb-891b2bc8b6a1@group-2C1689F4816B
2021-07-05 00:56:51,235 [pool-15-thread-1] WARN  impl.MetricRegistriesImpl (MetricRegistriesImpl.java:lambda$create$1(65)) - First MetricRegistry has been created without registering reporters. You may need to call MetricRegistries.global().addReporterRegistration(...) before.
2021-07-05 00:56:51,235 [pool-15-thread-1] INFO  metrics.RatisMetrics (RatisMetrics.java:lambda$create$0(36)) - Creating Metrics Registry : ratis.server.431daa7d-f040-4c11-a1fb-891b2bc8b6a1@group-2C1689F4816B
2021-07-05 00:56:51,235 [pool-15-thread-1] WARN  impl.MetricRegistriesImpl (MetricRegistriesImpl.java:lambda$create$1(65)) - First MetricRegistry has been created without registering reporters. You may need to call MetricRegistries.global().addReporterRegistration(...) before.
2021-07-05 00:56:51,237 [main] INFO  ha.SCMSnapshotProvider (SCMSnapshotProvider.java:<init>(66)) - Initializing SCM Snapshot Provider
2021-07-05 00:56:51,238 [main] WARN  server.ServerUtils (ServerUtils.java:getDefaultRatisDirectory(237)) - Storage directory for Ratis is not configured. It is a good idea to map this to an SSD disk. Falling back to ozone.metadata.dirs
2021-07-05 00:56:51,239 [main] WARN  ha.SCMHAUtils (SCMHAUtils.java:getSCMRatisSnapshotDirectory(142)) - SCM snapshot dir is not configured. Falling back to ozone.metadata.dirs config
2021-07-05 00:56:51,267 [main] INFO  ha.SequenceIdGenerator (SequenceIdGenerator.java:upgradeToSequenceId(327)) - upgrade localId to 107544261427200000
2021-07-05 00:56:51,268 [main] INFO  ha.SequenceIdGenerator (SequenceIdGenerator.java:upgradeToSequenceId(337)) - upgrade delTxnId to 0
2021-07-05 00:56:51,271 [main] INFO  ha.SequenceIdGenerator (SequenceIdGenerator.java:upgradeToSequenceId(351)) - upgrade containerId to 0
2021-07-05 00:56:51,274 [main] INFO  ha.SequenceIdGenerator (SequenceIdGenerator.java:<init>(217)) - Init the HA SequenceIdGenerator.
2021-07-05 00:56:51,322 [main] INFO  node.SCMNodeManager (SCMNodeManager.java:<init>(125)) - Entering startup safe mode.
2021-07-05 00:56:51,391 [main] INFO  algorithms.ContainerPlacementPolicyFactory (ContainerPlacementPolicyFactory.java:getPolicy(60)) - Create container placement policy of type org.apache.hadoop.hdds.scm.container.placement.algorithms.SCMContainerPlacementRandom
2021-07-05 00:56:51,401 [main] INFO  pipeline.PipelineStateManager (PipelineStateManagerV2Impl.java:initialize(78)) - No pipeline exists in current db
2021-07-05 00:56:51,440 [main] INFO  algorithms.LeaderChoosePolicyFactory (LeaderChoosePolicyFactory.java:getPolicy(57)) - Create leader choose policy of type org.apache.hadoop.hdds.scm.pipeline.leader.choose.algorithms.MinLeaderCountChoosePolicy
2021-07-05 00:56:51,448 [main] INFO  ha.SCMServiceManager (SCMServiceManager.java:register(43)) - Registering service BackgroundPipelineCreator.
2021-07-05 00:56:51,449 [main] INFO  pipeline.BackgroundPipelineCreator (BackgroundPipelineCreatorV2.java:start(130)) - Starting RatisPipelineUtilsThread.
2021-07-05 00:56:51,500 [main] INFO  algorithms.PipelineChoosePolicyFactory (PipelineChoosePolicyFactory.java:createPipelineChoosePolicyFromClass(73)) - Create pipeline choose policy of type org.apache.hadoop.hdds.scm.pipeline.choose.algorithms.RandomPipelineChoosePolicy
2021-07-05 00:56:51,519 [main] INFO  ha.SCMServiceManager (SCMServiceManager.java:register(43)) - Registering service SCMBlockDeletingService.
2021-07-05 00:56:51,531 [main] INFO  ha.SCMServiceManager (SCMServiceManager.java:register(43)) - Registering service ReplicationManager.
2021-07-05 00:56:51,534 [main] INFO  container.ReplicationManager (ReplicationManager.java:start(219)) - Starting Replication Monitor Thread.
2021-07-05 00:56:51,547 [main] INFO  safemode.ContainerSafeModeRule (ContainerSafeModeRule.java:<init>(89)) - containers with one replica threshold count 0
2021-07-05 00:56:51,551 [main] INFO  safemode.HealthyPipelineSafeModeRule (HealthyPipelineSafeModeRule.java:initializeRule(156)) - Total pipeline count is 0, healthy pipeline threshold count is 1
2021-07-05 00:56:51,546 [ReplicationMonitor] INFO  container.ReplicationManager (ReplicationManager.java:run(283)) - Replication Monitor Thread took 1 milliseconds for processing 0 containers.
2021-07-05 00:56:51,553 [main] INFO  safemode.OneReplicaPipelineSafeModeRule (OneReplicaPipelineSafeModeRule.java:initializeRule(180)) - Total pipeline count is 0, pipeline's with at least one datanode reported threshold count is 0
2021-07-05 00:56:52,122 [main] INFO  ipc.CallQueueManager (CallQueueManager.java:<init>(85)) - Using callQueue: class java.util.concurrent.LinkedBlockingQueue, queueCapacity: 10000, scheduler: class org.apache.hadoop.ipc.DefaultRpcScheduler, ipcBackoff: false.
2021-07-05 00:56:52,141 [Socket Reader #1 for port 15461] INFO  ipc.Server (Server.java:run(1255)) - Starting Socket Reader #1 for port 15461
2021-07-05 00:56:52,195 [Listener at 0.0.0.0/15461] INFO  ipc.CallQueueManager (CallQueueManager.java:<init>(85)) - Using callQueue: class java.util.concurrent.LinkedBlockingQueue, queueCapacity: 10000, scheduler: class org.apache.hadoop.ipc.DefaultRpcScheduler, ipcBackoff: false.
2021-07-05 00:56:52,196 [Socket Reader #1 for port 15462] INFO  ipc.Server (Server.java:run(1255)) - Starting Socket Reader #1 for port 15462
2021-07-05 00:56:52,226 [Listener at 0.0.0.0/15462] INFO  ipc.CallQueueManager (CallQueueManager.java:<init>(85)) - Using callQueue: class java.util.concurrent.LinkedBlockingQueue, queueCapacity: 10000, scheduler: class org.apache.hadoop.ipc.DefaultRpcScheduler, ipcBackoff: false.
2021-07-05 00:56:52,227 [Socket Reader #1 for port 15463] INFO  ipc.Server (Server.java:run(1255)) - Starting Socket Reader #1 for port 15463
2021-07-05 00:56:52,294 [Listener at 0.0.0.0/15463] INFO  server.StorageContainerManager (StorageContainerManager.java:<init>(363)) - 
Container Balancer status:
Key                            Value
Running                        true
Container Balancer Configuration values:
Key                            Value
Threshold                      0.1
Max Datanodes to Balance       5
Max Size to Move               10737418240B

2021-07-05 00:56:52,301 [Listener at 0.0.0.0/15463] WARN  events.EventQueue (EventQueue.java:fireEvent(194)) - No event handler registered for event TypedEvent{payloadType=SafeModeStatus, name='Safe mode status'}
2021-07-05 00:56:52,301 [Listener at 0.0.0.0/15463] INFO  ha.SCMContext (SCMContext.java:updateSafeModeStatus(208)) - Update SafeModeStatus from SafeModeStatus{safeModeStatus=true, preCheckPassed=false} to SafeModeStatus{safeModeStatus=true, preCheckPassed=false}.
2021-07-05 00:56:52,305 [Listener at 0.0.0.0/15463] INFO  server.StorageContainerManager (StorageContainerManager.java:start(1214)) - StorageContainerLocationProtocol RPC server is listening at /0.0.0.0:15463
2021-07-05 00:56:52,306 [Listener at 0.0.0.0/15463] INFO  ha.SCMRatisServerImpl (SCMRatisServerImpl.java:start(170)) - starting ratis server 0.0.0.0:15460
2021-07-05 00:56:52,307 [Listener at 0.0.0.0/15463] INFO  server.RaftServer$Division (RaftServerImpl.java:start(295)) - 431daa7d-f040-4c11-a1fb-891b2bc8b6a1@group-2C1689F4816B: start as a follower, conf=0: [431daa7d-f040-4c11-a1fb-891b2bc8b6a1|rpc:localhost:15460|admin:|client:|dataStream:|priority:0], old=null
2021-07-05 00:56:52,307 [Listener at 0.0.0.0/15463] INFO  server.RaftServer$Division (RaftServerImpl.java:setRole(284)) - 431daa7d-f040-4c11-a1fb-891b2bc8b6a1@group-2C1689F4816B: changes role from      null to FOLLOWER at term 1 for startAsFollower
2021-07-05 00:56:52,307 [Listener at 0.0.0.0/15463] INFO  impl.RoleInfo (RoleInfo.java:updateAndGet(130)) - 431daa7d-f040-4c11-a1fb-891b2bc8b6a1: start 431daa7d-f040-4c11-a1fb-891b2bc8b6a1@group-2C1689F4816B-FollowerState
2021-07-05 00:56:52,308 [Listener at 0.0.0.0/15463] INFO  util.JmxRegister (JmxRegister.java:tryRegister(44)) - Successfully registered JMX Bean with object name Ratis:service=RaftServer,group=group-2C1689F4816B,id=431daa7d-f040-4c11-a1fb-891b2bc8b6a1
2021-07-05 00:56:52,309 [Listener at 0.0.0.0/15463] INFO  metrics.RatisMetrics (RatisMetrics.java:lambda$create$0(36)) - Creating Metrics Registry : ratis.state_machine.431daa7d-f040-4c11-a1fb-891b2bc8b6a1@group-2C1689F4816B
2021-07-05 00:56:52,309 [Listener at 0.0.0.0/15463] WARN  impl.MetricRegistriesImpl (MetricRegistriesImpl.java:lambda$create$1(65)) - First MetricRegistry has been created without registering reporters. You may need to call MetricRegistries.global().addReporterRegistration(...) before.
2021-07-05 00:56:52,314 [Listener at 0.0.0.0/15463] INFO  server.RaftServer (RaftServerProxy.java:lambda$start$5(374)) - 431daa7d-f040-4c11-a1fb-891b2bc8b6a1: start RPC server
2021-07-05 00:56:52,318 [Listener at 0.0.0.0/15463] INFO  server.GrpcService (GrpcService.java:startImpl(253)) - 431daa7d-f040-4c11-a1fb-891b2bc8b6a1: GrpcService started, listening on 15460
2021-07-05 00:56:52,319 [Listener at 0.0.0.0/15463] INFO  ha.SCMHAManagerImpl (SCMHAManagerImpl.java:start(120)) -  scm role is FOLLOWER peers [431daa7d-f040-4c11-a1fb-891b2bc8b6a1|rpc:localhost:15460|admin:|client:|dataStream:|priority:0]
2021-07-05 00:56:52,319 [Listener at 0.0.0.0/15463] INFO  ha.InterSCMGrpcService (InterSCMGrpcProtocolService.java:start(94)) - Starting SCM Grpc Service at port 15464
2021-07-05 00:56:52,333 [org.apache.ratis.util.JvmPauseMonitor$$Lambda$493/611739613@45f1413c] INFO  util.JvmPauseMonitor (JvmPauseMonitor.java:run(103)) - JvmPauseMonitor-431daa7d-f040-4c11-a1fb-891b2bc8b6a1: Started
2021-07-05 00:56:52,389 [Listener at 0.0.0.0/15463] WARN  impl.MetricsConfig (MetricsConfig.java:loadFirst(136)) - Cannot locate configuration: tried hadoop-metrics2-storagecontainermanager.properties,hadoop-metrics2.properties
2021-07-05 00:56:52,407 [Listener at 0.0.0.0/15463] INFO  impl.MetricsSystemImpl (MetricsSystemImpl.java:startTimer(378)) - Scheduled Metric snapshot period at 10 second(s).
2021-07-05 00:56:52,407 [Listener at 0.0.0.0/15463] INFO  impl.MetricsSystemImpl (MetricsSystemImpl.java:start(191)) - StorageContainerManager metrics system started
2021-07-05 00:56:52,686 [Listener at 0.0.0.0/15463] INFO  server.SCMClientProtocolServer (SCMClientProtocolServer.java:start(163)) - RPC server for Client  is listening at /0.0.0.0:15463
2021-07-05 00:56:52,689 [IPC Server Responder] INFO  ipc.Server (Server.java:run(1497)) - IPC Server Responder: starting
2021-07-05 00:56:52,690 [IPC Server listener on 15463] INFO  ipc.Server (Server.java:run(1334)) - IPC Server listener on 15463: starting
2021-07-05 00:56:52,710 [Listener at 0.0.0.0/15463] INFO  server.StorageContainerManager (StorageContainerManager.java:start(1229)) - ScmBlockLocationProtocol RPC server is listening at /0.0.0.0:15462
2021-07-05 00:56:52,712 [Listener at 0.0.0.0/15463] INFO  server.SCMBlockProtocolServer (SCMBlockProtocolServer.java:start(151)) - RPC server for Block Protocol is listening at /0.0.0.0:15462
2021-07-05 00:56:52,713 [IPC Server Responder] INFO  ipc.Server (Server.java:run(1497)) - IPC Server Responder: starting
2021-07-05 00:56:52,713 [IPC Server listener on 15462] INFO  ipc.Server (Server.java:run(1334)) - IPC Server listener on 15462: starting
2021-07-05 00:56:52,733 [Listener at 0.0.0.0/15463] INFO  server.StorageContainerManager (StorageContainerManager.java:start(1235)) - ScmDatanodeProtocl RPC server is listening at /0.0.0.0:15461
2021-07-05 00:56:52,751 [org.apache.hadoop.util.JvmPauseMonitor$Monitor@154f8280] INFO  util.JvmPauseMonitor (JvmPauseMonitor.java:run(188)) - Starting JVM pause monitor
2021-07-05 00:56:52,769 [Listener at 0.0.0.0/15463] INFO  http.BaseHttpServer (BaseHttpServer.java:newHttpServer2BuilderForOzone(209)) - Starting Web-server for scm at: http://0.0.0.0:15458
2021-07-05 00:56:52,769 [Listener at 0.0.0.0/15463] INFO  http.BaseHttpServer (BaseHttpServer.java:<init>(107)) - Hadoop Security Enabled: false Ozone Security Enabled: false Ozone HTTP Security Enabled: false 
2021-07-05 00:56:52,808 [Listener at 0.0.0.0/15463] INFO  util.log (Log.java:initialized(169)) - Logging initialized @11139ms to org.eclipse.jetty.util.log.Slf4jLog
2021-07-05 00:56:52,955 [Listener at 0.0.0.0/15463] INFO  server.AuthenticationFilter (AuthenticationFilter.java:constructSecretProvider(240)) - Unable to initialize FileSignerSecretProvider, falling back to use random secrets.
2021-07-05 00:56:52,961 [Listener at 0.0.0.0/15463] WARN  http.HttpRequestLog (HttpRequestLog.java:getRequestLog(103)) - Jetty request log can only be enabled using Log4j
2021-07-05 00:56:52,966 [Listener at 0.0.0.0/15463] INFO  http.HttpServer2 (HttpServer2.java:addGlobalFilter(1020)) - Added global filter 'safety' (class=org.apache.hadoop.hdds.server.http.HttpServer2$QuotingInputFilter)
2021-07-05 00:56:52,969 [Listener at 0.0.0.0/15463] INFO  http.HttpServer2 (HttpServer2.java:addFilter(996)) - Added filter static_user_filter (class=org.apache.hadoop.http.lib.StaticUserWebFilter$StaticUserFilter) to context scm
2021-07-05 00:56:52,969 [Listener at 0.0.0.0/15463] INFO  http.HttpServer2 (HttpServer2.java:addFilter(1004)) - Added filter static_user_filter (class=org.apache.hadoop.http.lib.StaticUserWebFilter$StaticUserFilter) to context static
2021-07-05 00:56:52,970 [Listener at 0.0.0.0/15463] INFO  http.HttpServer2 (HttpServer2.java:addFilter(1004)) - Added filter static_user_filter (class=org.apache.hadoop.http.lib.StaticUserWebFilter$StaticUserFilter) to context logs
2021-07-05 00:56:53,017 [Listener at 0.0.0.0/15463] INFO  http.HttpServer2 (HttpServer2.java:bindListener(1238)) - Jetty bound to port 15458
2021-07-05 00:56:53,019 [Listener at 0.0.0.0/15463] INFO  server.Server (Server.java:doStart(375)) - jetty-9.4.35.v20201120; built: 2020-11-20T21:17:03.964Z; git: bdc54f03a5e0a7e280fab27f55c3c75ee8da89fb; jvm 1.8.0_292-b10
2021-07-05 00:56:53,054 [Listener at 0.0.0.0/15463] INFO  server.session (DefaultSessionIdManager.java:doStart(334)) - DefaultSessionIdManager workerName=node0
2021-07-05 00:56:53,055 [Listener at 0.0.0.0/15463] INFO  server.session (DefaultSessionIdManager.java:doStart(339)) - No SessionScavenger set, using defaults
2021-07-05 00:56:53,057 [Listener at 0.0.0.0/15463] INFO  server.session (HouseKeeper.java:startScavenging(132)) - node0 Scavenging every 660000ms
2021-07-05 00:56:53,070 [Listener at 0.0.0.0/15463] INFO  handler.ContextHandler (ContextHandler.java:doStart(916)) - Started o.e.j.s.ServletContextHandler@3b576ee3{logs,/logs,file:///home/runner/work/ozone/ozone/mnt/ozone/hadoop-ozone/integration-test/target/log,AVAILABLE}
2021-07-05 00:56:53,071 [Listener at 0.0.0.0/15463] INFO  handler.ContextHandler (ContextHandler.java:doStart(916)) - Started o.e.j.s.ServletContextHandler@c6bf8d9{static,/static,file:///home/runner/work/ozone/ozone/mnt/ozone/hadoop-ozone/integration-test/target/test-classes/webapps/static,AVAILABLE}
2021-07-05 00:56:53,118 [Listener at 0.0.0.0/15463] INFO  handler.ContextHandler (ContextHandler.java:doStart(916)) - Started o.e.j.w.WebAppContext@27d6267e{scm,/,file:///home/runner/work/ozone/ozone/mnt/ozone/hadoop-ozone/integration-test/target/test-classes/webapps/scm/,AVAILABLE}{file:/home/runner/work/ozone/ozone/mnt/ozone/hadoop-ozone/integration-test/target/test-classes/webapps/scm}
2021-07-05 00:56:53,130 [Listener at 0.0.0.0/15463] INFO  server.AbstractConnector (AbstractConnector.java:doStart(331)) - Started ServerConnector@40b01718{HTTP/1.1, (http/1.1)}{0.0.0.0:15458}
2021-07-05 00:56:53,130 [Listener at 0.0.0.0/15463] INFO  server.Server (Server.java:doStart(415)) - Started @11461ms
2021-07-05 00:56:53,133 [Listener at 0.0.0.0/15463] INFO  impl.MetricsSinkAdapter (MetricsSinkAdapter.java:start(204)) - Sink prometheus started
2021-07-05 00:56:53,133 [Listener at 0.0.0.0/15463] INFO  impl.MetricsSystemImpl (MetricsSystemImpl.java:registerSink(305)) - Registered sink prometheus
2021-07-05 00:56:53,134 [Listener at 0.0.0.0/15463] INFO  http.BaseHttpServer (BaseHttpServer.java:updateConnectorAddress(329)) - HTTP server of scm listening at http://0.0.0.0:15458
2021-07-05 00:56:53,134 [Listener at 0.0.0.0/15463] INFO  ozone.MiniOzoneHAClusterImpl (MiniOzoneHAClusterImpl.java:createSCMService(537)) - Started SCM RPC server at org.apache.hadoop.hdds.scm.server.SCMClientProtocolServer@2e02cc37
2021-07-05 00:56:53,158 [Listener at 0.0.0.0/15463] INFO  ha.SCMHANodeDetails (SCMHANodeDetails.java:loadSCMHAConfig(157)) - ServiceID for StorageContainerManager is scm-service-test1
2021-07-05 00:56:53,160 [Listener at 0.0.0.0/15463] INFO  ha.SCMHANodeDetails (SCMHANodeDetails.java:loadSCMHAConfig(168)) - ServiceID for StorageContainerManager is scm-service-test1
2021-07-05 00:56:53,161 [Listener at 0.0.0.0/15463] WARN  scm.ScmUtils (ScmUtils.java:logWarn(179)) - ConfigKey ozone.scm.block.client.address is deprecated, For configuring different ports for each SCM use PortConfigKey ozone.scm.block.client.port appended with serviceId and nodeId. If want to configure same port configure ozone.scm.block.client.port
2021-07-05 00:56:53,161 [Listener at 0.0.0.0/15463] WARN  scm.ScmUtils (ScmUtils.java:logWarn(179)) - ConfigKey ozone.scm.client.address is deprecated, For configuring different ports for each SCM use PortConfigKey ozone.scm.client.port appended with serviceId and nodeId. If want to configure same port configure ozone.scm.client.port
2021-07-05 00:56:53,161 [Listener at 0.0.0.0/15463] WARN  scm.ScmUtils (ScmUtils.java:logWarn(179)) - ConfigKey ozone.scm.datanode.address is deprecated, For configuring different ports for each SCM use PortConfigKey ozone.scm.datanode.port appended with serviceId and nodeId. If want to configure same port configure ozone.scm.datanode.port
2021-07-05 00:56:53,161 [Listener at 0.0.0.0/15463] WARN  scm.ScmUtils (ScmUtils.java:logWarn(179)) - ConfigKey ozone.scm.block.client.address is deprecated, For configuring different ports for each SCM use PortConfigKey ozone.scm.block.client.port appended with serviceId and nodeId. If want to configure same port configure ozone.scm.block.client.port
2021-07-05 00:56:53,162 [Listener at 0.0.0.0/15463] WARN  scm.ScmUtils (ScmUtils.java:logWarn(179)) - ConfigKey ozone.scm.client.address is deprecated, For configuring different ports for each SCM use PortConfigKey ozone.scm.client.port appended with serviceId and nodeId. If want to configure same port configure ozone.scm.client.port
2021-07-05 00:56:53,162 [Listener at 0.0.0.0/15463] WARN  scm.ScmUtils (ScmUtils.java:logWarn(179)) - ConfigKey ozone.scm.datanode.address is deprecated, For configuring different ports for each SCM use PortConfigKey ozone.scm.datanode.port appended with serviceId and nodeId. If want to configure same port configure ozone.scm.datanode.port
2021-07-05 00:56:53,162 [Listener at 0.0.0.0/15463] INFO  ha.SCMHANodeDetails (SCMHANodeDetails.java:loadSCMHAConfig(250)) - Found matching SCM address with SCMServiceId: scm-service-test1, SCMNodeId: scmNode-2, RPC Address: localhost:15470 and Ratis port: 15470
2021-07-05 00:56:53,163 [Listener at 0.0.0.0/15463] INFO  ha.SCMHANodeDetails (ConfUtils.java:setNodeSpecificConfigs(108)) - Setting configuration key ozone.scm.datanode.address with value of key ozone.scm.datanode.address.scm-service-test1.scmNode-2: 127.0.0.1:15471
2021-07-05 00:56:53,164 [Listener at 0.0.0.0/15463] INFO  ha.SCMHANodeDetails (ConfUtils.java:setNodeSpecificConfigs(108)) - Setting configuration key ozone.scm.block.client.address with value of key ozone.scm.block.client.address.scm-service-test1.scmNode-2: 127.0.0.1:15472
2021-07-05 00:56:53,164 [Listener at 0.0.0.0/15463] INFO  ha.SCMHANodeDetails (ConfUtils.java:setNodeSpecificConfigs(108)) - Setting configuration key ozone.scm.client.address with value of key ozone.scm.client.address.scm-service-test1.scmNode-2: 127.0.0.1:15473
2021-07-05 00:56:53,164 [Listener at 0.0.0.0/15463] INFO  ha.SCMHANodeDetails (ConfUtils.java:setNodeSpecificConfigs(108)) - Setting configuration key ozone.scm.ratis.port with value of key ozone.scm.ratis.port.scm-service-test1.scmNode-2: 15470
2021-07-05 00:56:53,164 [Listener at 0.0.0.0/15463] INFO  ha.SCMHANodeDetails (ConfUtils.java:setNodeSpecificConfigs(108)) - Setting configuration key ozone.scm.grpc.port with value of key ozone.scm.grpc.port.scm-service-test1.scmNode-2: 15474
2021-07-05 00:56:53,165 [Listener at 0.0.0.0/15463] INFO  ha.SCMHANodeDetails (ConfUtils.java:setNodeSpecificConfigs(108)) - Setting configuration key ozone.scm.http-address with value of key ozone.scm.http-address.scm-service-test1.scmNode-2: 127.0.0.1:15468
2021-07-05 00:56:53,165 [Listener at 0.0.0.0/15463] INFO  ha.SCMHANodeDetails (ConfUtils.java:setNodeSpecificConfigs(108)) - Setting configuration key ozone.scm.https-address with value of key ozone.scm.https-address.scm-service-test1.scmNode-2: 127.0.0.1:15469
2021-07-05 00:56:53,166 [Listener at 0.0.0.0/15463] INFO  ha.SCMHANodeDetails (ConfUtils.java:setNodeSpecificConfigs(108)) - Setting configuration key ozone.scm.address with value of key ozone.scm.address.scm-service-test1.scmNode-2: 127.0.0.1
2021-07-05 00:56:53,166 [Listener at 0.0.0.0/15463] WARN  scm.ScmUtils (ScmUtils.java:logWarn(179)) - ConfigKey ozone.scm.block.client.address is deprecated, For configuring different ports for each SCM use PortConfigKey ozone.scm.block.client.port appended with serviceId and nodeId. If want to configure same port configure ozone.scm.block.client.port
2021-07-05 00:56:53,166 [Listener at 0.0.0.0/15463] WARN  scm.ScmUtils (ScmUtils.java:logWarn(179)) - ConfigKey ozone.scm.client.address is deprecated, For configuring different ports for each SCM use PortConfigKey ozone.scm.client.port appended with serviceId and nodeId. If want to configure same port configure ozone.scm.client.port
2021-07-05 00:56:53,166 [Listener at 0.0.0.0/15463] WARN  scm.ScmUtils (ScmUtils.java:logWarn(179)) - ConfigKey ozone.scm.datanode.address is deprecated, For configuring different ports for each SCM use PortConfigKey ozone.scm.datanode.port appended with serviceId and nodeId. If want to configure same port configure ozone.scm.datanode.port
2021-07-05 00:56:53,167 [Listener at 0.0.0.0/15463] WARN  server.ServerUtils (ServerUtils.java:getScmDbDir(148)) - ozone.scm.db.dirs is not configured. We recommend adding this setting. Falling back to ozone.metadata.dirs instead.
2021-07-05 00:56:53,176 [Listener at 0.0.0.0/15463] INFO  ha.SCMNodeInfo (SCMNodeInfo.java:getPort(197)) - ConfigKey ozone.scm.client.address is deprecated, For configuring different ports for each SCM use PortConfigKey ozone.scm.client.port appended with serviceId and nodeId
2021-07-05 00:56:53,177 [Listener at 0.0.0.0/15463] INFO  ha.SCMNodeInfo (SCMNodeInfo.java:getPort(197)) - ConfigKey ozone.scm.block.client.address is deprecated, For configuring different ports for each SCM use PortConfigKey ozone.scm.block.client.port appended with serviceId and nodeId
2021-07-05 00:56:53,177 [Listener at 0.0.0.0/15463] INFO  ha.SCMNodeInfo (SCMNodeInfo.java:getPort(197)) - ConfigKey ozone.scm.datanode.address is deprecated, For configuring different ports for each SCM use PortConfigKey ozone.scm.datanode.port appended with serviceId and nodeId
2021-07-05 00:56:53,177 [Listener at 0.0.0.0/15463] INFO  ha.SCMNodeInfo (SCMNodeInfo.java:getPort(197)) - ConfigKey ozone.scm.client.address is deprecated, For configuring different ports for each SCM use PortConfigKey ozone.scm.client.port appended with serviceId and nodeId
2021-07-05 00:56:53,178 [Listener at 0.0.0.0/15463] INFO  ha.SCMNodeInfo (SCMNodeInfo.java:getPort(197)) - ConfigKey ozone.scm.block.client.address is deprecated, For configuring different ports for each SCM use PortConfigKey ozone.scm.block.client.port appended with serviceId and nodeId
2021-07-05 00:56:53,181 [Listener at 0.0.0.0/15463] INFO  ha.SCMNodeInfo (SCMNodeInfo.java:getPort(197)) - ConfigKey ozone.scm.datanode.address is deprecated, For configuring different ports for each SCM use PortConfigKey ozone.scm.datanode.port appended with serviceId and nodeId
2021-07-05 00:56:53,181 [Listener at 0.0.0.0/15463] INFO  ha.SCMNodeInfo (SCMNodeInfo.java:getPort(197)) - ConfigKey ozone.scm.client.address is deprecated, For configuring different ports for each SCM use PortConfigKey ozone.scm.client.port appended with serviceId and nodeId
2021-07-05 00:56:53,181 [Listener at 0.0.0.0/15463] INFO  ha.SCMNodeInfo (SCMNodeInfo.java:getPort(197)) - ConfigKey ozone.scm.block.client.address is deprecated, For configuring different ports for each SCM use PortConfigKey ozone.scm.block.client.port appended with serviceId and nodeId
2021-07-05 00:56:53,182 [Listener at 0.0.0.0/15463] INFO  ha.SCMNodeInfo (SCMNodeInfo.java:getPort(197)) - ConfigKey ozone.scm.datanode.address is deprecated, For configuring different ports for each SCM use PortConfigKey ozone.scm.datanode.port appended with serviceId and nodeId
2021-07-05 00:56:55,438 [Listener at 0.0.0.0/15463] INFO  retry.RetryInvocationHandler (RetryInvocationHandler.java:log(411)) - com.google.protobuf.ServiceException: java.net.ConnectException: Call From fv-az291-681/10.1.0.7 to localhost:15472 failed on connection exception: java.net.ConnectException: Connection refused; For more details see:  http://wiki.apache.org/hadoop/ConnectionRefused, while invoking $Proxy37.send over nodeId=scmNode-2,nodeAddress=/127.0.0.1:15472 after 1 failover attempts. Trying to failover after sleeping for 2000ms.
2021-07-05 00:56:57,427 [431daa7d-f040-4c11-a1fb-891b2bc8b6a1@group-2C1689F4816B-FollowerState] INFO  impl.FollowerState (FollowerState.java:run(134)) - 431daa7d-f040-4c11-a1fb-891b2bc8b6a1@group-2C1689F4816B-FollowerState: change to CANDIDATE, lastRpcElapsedTime:5119784737ns, electionTimeout:5109ms
2021-07-05 00:56:57,427 [431daa7d-f040-4c11-a1fb-891b2bc8b6a1@group-2C1689F4816B-FollowerState] INFO  impl.RoleInfo (RoleInfo.java:shutdownFollowerState(108)) - 431daa7d-f040-4c11-a1fb-891b2bc8b6a1: shutdown 431daa7d-f040-4c11-a1fb-891b2bc8b6a1@group-2C1689F4816B-FollowerState
2021-07-05 00:56:57,428 [431daa7d-f040-4c11-a1fb-891b2bc8b6a1@group-2C1689F4816B-FollowerState] INFO  server.RaftServer$Division (RaftServerImpl.java:setRole(284)) - 431daa7d-f040-4c11-a1fb-891b2bc8b6a1@group-2C1689F4816B: changes role from  FOLLOWER to CANDIDATE at term 1 for changeToCandidate
2021-07-05 00:56:57,428 [431daa7d-f040-4c11-a1fb-891b2bc8b6a1@group-2C1689F4816B-FollowerState] INFO  server.RaftServerConfigKeys (ConfUtils.java:logGet(44)) - raft.server.leaderelection.pre-vote = false (custom)
2021-07-05 00:56:57,428 [431daa7d-f040-4c11-a1fb-891b2bc8b6a1@group-2C1689F4816B-FollowerState] INFO  impl.RoleInfo (RoleInfo.java:updateAndGet(130)) - 431daa7d-f040-4c11-a1fb-891b2bc8b6a1: start 431daa7d-f040-4c11-a1fb-891b2bc8b6a1@group-2C1689F4816B-LeaderElection2
2021-07-05 00:56:57,435 [431daa7d-f040-4c11-a1fb-891b2bc8b6a1@group-2C1689F4816B-LeaderElection2] INFO  impl.LeaderElection (LeaderElection.java:askForVotes(306)) - 431daa7d-f040-4c11-a1fb-891b2bc8b6a1@group-2C1689F4816B-LeaderElection2 ELECTION round 0: submit vote requests at term 2 for 0: [431daa7d-f040-4c11-a1fb-891b2bc8b6a1|rpc:localhost:15460|admin:|client:|dataStream:|priority:0], old=null
2021-07-05 00:56:57,436 [431daa7d-f040-4c11-a1fb-891b2bc8b6a1@group-2C1689F4816B-LeaderElection2] INFO  impl.LeaderElection (LeaderElection.java:askForVotes(308)) - 431daa7d-f040-4c11-a1fb-891b2bc8b6a1@group-2C1689F4816B-LeaderElection2 ELECTION round 0: result PASSED (term=2)
2021-07-05 00:56:57,436 [431daa7d-f040-4c11-a1fb-891b2bc8b6a1@group-2C1689F4816B-LeaderElection2] INFO  impl.RoleInfo (RoleInfo.java:shutdownLeaderElection(121)) - 431daa7d-f040-4c11-a1fb-891b2bc8b6a1: shutdown 431daa7d-f040-4c11-a1fb-891b2bc8b6a1@group-2C1689F4816B-LeaderElection2
2021-07-05 00:56:57,436 [431daa7d-f040-4c11-a1fb-891b2bc8b6a1@group-2C1689F4816B-LeaderElection2] INFO  server.RaftServer$Division (RaftServerImpl.java:setRole(284)) - 431daa7d-f040-4c11-a1fb-891b2bc8b6a1@group-2C1689F4816B: changes role from CANDIDATE to LEADER at term 2 for changeToLeader
2021-07-05 00:56:57,436 [431daa7d-f040-4c11-a1fb-891b2bc8b6a1@group-2C1689F4816B-LeaderElection2] INFO  ha.SCMStateMachine (SCMStateMachine.java:notifyLeaderChanged(252)) - current SCM becomes leader of term 2.
2021-07-05 00:56:57,436 [431daa7d-f040-4c11-a1fb-891b2bc8b6a1@group-2C1689F4816B-LeaderElection2] INFO  ha.SCMContext (SCMContext.java:updateLeaderAndTerm(91)) - update <isLeader,term> from <false,0> to <true,2>
2021-07-05 00:56:57,439 [Listener at 0.0.0.0/15463] INFO  retry.RetryInvocationHandler (RetryInvocationHandler.java:log(411)) - com.google.protobuf.ServiceException: java.net.ConnectException: Call From fv-az291-681/10.1.0.7 to localhost:15482 failed on connection exception: java.net.ConnectException: Connection refused; For more details see:  http://wiki.apache.org/hadoop/ConnectionRefused, while invoking $Proxy37.send over nodeId=scmNode-3,nodeAddress=/127.0.0.1:15482 after 2 failover attempts. Trying to failover after sleeping for 2000ms.
2021-07-05 00:56:57,442 [431daa7d-f040-4c11-a1fb-891b2bc8b6a1@group-2C1689F4816B-LeaderElection2] INFO  server.RaftServer$Division (ServerState.java:setLeader(271)) - 431daa7d-f040-4c11-a1fb-891b2bc8b6a1@group-2C1689F4816B: change Leader from null to 431daa7d-f040-4c11-a1fb-891b2bc8b6a1 at term 2 for becomeLeader, leader elected after 6212ms
2021-07-05 00:56:57,445 [431daa7d-f040-4c11-a1fb-891b2bc8b6a1@group-2C1689F4816B-LeaderElection2] INFO  server.RaftServerConfigKeys (ConfUtils.java:logGet(44)) - raft.server.staging.catchup.gap = 1000 (default)
2021-07-05 00:56:57,445 [431daa7d-f040-4c11-a1fb-891b2bc8b6a1@group-2C1689F4816B-LeaderElection2] INFO  metrics.RatisMetrics (RatisMetrics.java:lambda$create$0(36)) - Creating Metrics Registry : ratis.log_appender.431daa7d-f040-4c11-a1fb-891b2bc8b6a1@group-2C1689F4816B
2021-07-05 00:56:57,445 [431daa7d-f040-4c11-a1fb-891b2bc8b6a1@group-2C1689F4816B-LeaderElection2] WARN  impl.MetricRegistriesImpl (MetricRegistriesImpl.java:lambda$create$1(65)) - First MetricRegistry has been created without registering reporters. You may need to call MetricRegistries.global().addReporterRegistration(...) before.
2021-07-05 00:56:57,446 [431daa7d-f040-4c11-a1fb-891b2bc8b6a1@group-2C1689F4816B-LeaderElection2] INFO  server.RaftServerConfigKeys (ConfUtils.java:logGet(44)) - raft.server.write.element-limit = 4096 (default)
2021-07-05 00:56:57,446 [431daa7d-f040-4c11-a1fb-891b2bc8b6a1@group-2C1689F4816B-LeaderElection2] INFO  server.RaftServerConfigKeys (ConfUtils.java:logGet(44)) - raft.server.write.byte-limit = 64MB (=67108864) (default)
2021-07-05 00:56:57,447 [431daa7d-f040-4c11-a1fb-891b2bc8b6a1@group-2C1689F4816B-LeaderElection2] INFO  server.RaftServerConfigKeys (ConfUtils.java:logGet(44)) - raft.server.watch.timeout = 10s (default)
2021-07-05 00:56:57,448 [431daa7d-f040-4c11-a1fb-891b2bc8b6a1@group-2C1689F4816B-LeaderElection2] INFO  server.RaftServerConfigKeys (ConfUtils.java:logGet(44)) - raft.server.watch.timeout.denomination = 1s (default)
2021-07-05 00:56:57,449 [431daa7d-f040-4c11-a1fb-891b2bc8b6a1@group-2C1689F4816B-LeaderElection2] INFO  server.RaftServerConfigKeys (ConfUtils.java:logGet(44)) - raft.server.watch.element-limit = 65536 (default)
2021-07-05 00:56:57,450 [431daa7d-f040-4c11-a1fb-891b2bc8b6a1@group-2C1689F4816B-LeaderElection2] INFO  impl.RoleInfo (RoleInfo.java:updateAndGet(130)) - 431daa7d-f040-4c11-a1fb-891b2bc8b6a1: start 431daa7d-f040-4c11-a1fb-891b2bc8b6a1@group-2C1689F4816B-LeaderStateImpl
2021-07-05 00:56:57,450 [431daa7d-f040-4c11-a1fb-891b2bc8b6a1@group-2C1689F4816B-LeaderElection2] INFO  segmented.SegmentedRaftLogWorker (SegmentedRaftLogWorker.java:rollLogSegment(399)) - 431daa7d-f040-4c11-a1fb-891b2bc8b6a1@group-2C1689F4816B-SegmentedRaftLogWorker: Rolling segment log-0_0 to index:0
2021-07-05 00:56:57,463 [431daa7d-f040-4c11-a1fb-891b2bc8b6a1@group-2C1689F4816B-SegmentedRaftLogWorker] INFO  segmented.SegmentedRaftLogWorker (SegmentedRaftLogWorker.java:execute(558)) - 431daa7d-f040-4c11-a1fb-891b2bc8b6a1@group-2C1689F4816B-SegmentedRaftLogWorker: Rolled log segment from /home/runner/work/ozone/ozone/mnt/ozone/hadoop-ozone/integration-test/target/test-dir/MiniOzoneClusterImpl-47f02201-3656-42a8-b726-2c1689f4816b/scmNode-1/scm-ha/47f02201-3656-42a8-b726-2c1689f4816b/current/log_inprogress_0 to /home/runner/work/ozone/ozone/mnt/ozone/hadoop-ozone/integration-test/target/test-dir/MiniOzoneClusterImpl-47f02201-3656-42a8-b726-2c1689f4816b/scmNode-1/scm-ha/47f02201-3656-42a8-b726-2c1689f4816b/current/log_0-0
2021-07-05 00:56:57,467 [431daa7d-f040-4c11-a1fb-891b2bc8b6a1@group-2C1689F4816B-LeaderElection2] INFO  server.RaftServer$Division (ServerState.java:setRaftConf(373)) - 431daa7d-f040-4c11-a1fb-891b2bc8b6a1@group-2C1689F4816B: set configuration 1: [431daa7d-f040-4c11-a1fb-891b2bc8b6a1|rpc:localhost:15460|admin:|client:|dataStream:|priority:0], old=null
2021-07-05 00:56:57,467 [431daa7d-f040-4c11-a1fb-891b2bc8b6a1@group-2C1689F4816B-SegmentedRaftLogWorker] INFO  segmented.SegmentedRaftLogWorker (SegmentedRaftLogWorker.java:execute(601)) - 431daa7d-f040-4c11-a1fb-891b2bc8b6a1@group-2C1689F4816B-SegmentedRaftLogWorker: created new log segment /home/runner/work/ozone/ozone/mnt/ozone/hadoop-ozone/integration-test/target/test-dir/MiniOzoneClusterImpl-47f02201-3656-42a8-b726-2c1689f4816b/scmNode-1/scm-ha/47f02201-3656-42a8-b726-2c1689f4816b/current/log_inprogress_1
2021-07-05 00:56:57,479 [431daa7d-f040-4c11-a1fb-891b2bc8b6a1@group-2C1689F4816B-StateMachineUpdater] INFO  ha.SCMContext (SCMContext.java:setLeaderReady(118)) - update <isLeaderReady> from <false> to <true>
2021-07-05 00:56:57,480 [431daa7d-f040-4c11-a1fb-891b2bc8b6a1@group-2C1689F4816B-StateMachineUpdater] INFO  pipeline.BackgroundPipelineCreator (BackgroundPipelineCreatorV2.java:notifyStatusChanged(264)) - Service BackgroundPipelineCreator transitions to RUNNING.
2021-07-05 00:56:57,481 [431daa7d-f040-4c11-a1fb-891b2bc8b6a1@group-2C1689F4816B-StateMachineUpdater] INFO  safemode.HealthyPipelineSafeModeRule (HealthyPipelineSafeModeRule.java:initializeRule(152)) - Refreshed total pipeline count is 0, healthy pipeline threshold count is 1
2021-07-05 00:56:57,482 [431daa7d-f040-4c11-a1fb-891b2bc8b6a1@group-2C1689F4816B-StateMachineUpdater] INFO  safemode.ContainerSafeModeRule (ContainerSafeModeRule.java:reInitializeRule(177)) - Refreshed one replica container threshold 0, currentThreshold 0
2021-07-05 00:56:57,482 [431daa7d-f040-4c11-a1fb-891b2bc8b6a1@group-2C1689F4816B-StateMachineUpdater] INFO  safemode.OneReplicaPipelineSafeModeRule (OneReplicaPipelineSafeModeRule.java:initializeRule(176)) - Refreshed Total pipeline count is 0, pipeline's with at least one datanode reported threshold count is 0
2021-07-05 00:56:57,482 [431daa7d-f040-4c11-a1fb-891b2bc8b6a1@group-2C1689F4816B-StateMachineUpdater] INFO  server.SCMDatanodeProtocolServer (SCMDatanodeProtocolServer.java:start(177)) - RPC server for DataNodes is listening at /0.0.0.0:15461
2021-07-05 00:56:57,485 [IPC Server listener on 15461] INFO  ipc.Server (Server.java:run(1334)) - IPC Server listener on 15461: starting
2021-07-05 00:56:57,486 [IPC Server Responder] INFO  ipc.Server (Server.java:run(1497)) - IPC Server Responder: starting
2021-07-05 00:56:59,478 [Listener at 0.0.0.0/15463] INFO  server.StorageContainerManager (StorageContainerManager.java:scmBootstrap(921)) - SCM BootStrap  is successful for ClusterID 47f02201-3656-42a8-b726-2c1689f4816b, SCMID 181931d2-e1e0-4592-a157-d5007a9fa086
2021-07-05 00:56:59,478 [Listener at 0.0.0.0/15463] INFO  server.StorageContainerManager (StorageContainerManager.java:scmBootstrap(923)) - Primary SCM Node ID 431daa7d-f040-4c11-a1fb-891b2bc8b6a1
2021-07-05 00:56:59,478 [Listener at 0.0.0.0/15463] INFO  ha.SCMHANodeDetails (SCMHANodeDetails.java:loadSCMHAConfig(157)) - ServiceID for StorageContainerManager is scm-service-test1
2021-07-05 00:56:59,478 [Listener at 0.0.0.0/15463] INFO  ha.SCMHANodeDetails (SCMHANodeDetails.java:loadSCMHAConfig(168)) - ServiceID for StorageContainerManager is scm-service-test1
2021-07-05 00:56:59,479 [Listener at 0.0.0.0/15463] WARN  scm.ScmUtils (ScmUtils.java:logWarn(179)) - ConfigKey ozone.scm.block.client.address is deprecated, For configuring different ports for each SCM use PortConfigKey ozone.scm.block.client.port appended with serviceId and nodeId. If want to configure same port configure ozone.scm.block.client.port
2021-07-05 00:56:59,479 [Listener at 0.0.0.0/15463] WARN  scm.ScmUtils (ScmUtils.java:logWarn(179)) - ConfigKey ozone.scm.client.address is deprecated, For configuring different ports for each SCM use PortConfigKey ozone.scm.client.port appended with serviceId and nodeId. If want to configure same port configure ozone.scm.client.port
2021-07-05 00:56:59,479 [Listener at 0.0.0.0/15463] WARN  scm.ScmUtils (ScmUtils.java:logWarn(179)) - ConfigKey ozone.scm.datanode.address is deprecated, For configuring different ports for each SCM use PortConfigKey ozone.scm.datanode.port appended with serviceId and nodeId. If want to configure same port configure ozone.scm.datanode.port
2021-07-05 00:56:59,479 [Listener at 0.0.0.0/15463] WARN  scm.ScmUtils (ScmUtils.java:logWarn(179)) - ConfigKey ozone.scm.block.client.address is deprecated, For configuring different ports for each SCM use PortConfigKey ozone.scm.block.client.port appended with serviceId and nodeId. If want to configure same port configure ozone.scm.block.client.port
2021-07-05 00:56:59,480 [Listener at 0.0.0.0/15463] WARN  scm.ScmUtils (ScmUtils.java:logWarn(179)) - ConfigKey ozone.scm.client.address is deprecated, For configuring different ports for each SCM use PortConfigKey ozone.scm.client.port appended with serviceId and nodeId. If want to configure same port configure ozone.scm.client.port
2021-07-05 00:56:59,480 [Listener at 0.0.0.0/15463] WARN  scm.ScmUtils (ScmUtils.java:logWarn(179)) - ConfigKey ozone.scm.datanode.address is deprecated, For configuring different ports for each SCM use PortConfigKey ozone.scm.datanode.port appended with serviceId and nodeId. If want to configure same port configure ozone.scm.datanode.port
2021-07-05 00:56:59,480 [Listener at 0.0.0.0/15463] INFO  ha.SCMHANodeDetails (SCMHANodeDetails.java:loadSCMHAConfig(250)) - Found matching SCM address with SCMServiceId: scm-service-test1, SCMNodeId: scmNode-2, RPC Address: localhost:15470 and Ratis port: 15470
2021-07-05 00:56:59,480 [Listener at 0.0.0.0/15463] INFO  ha.SCMHANodeDetails (ConfUtils.java:setNodeSpecificConfigs(108)) - Setting configuration key ozone.scm.datanode.address with value of key ozone.scm.datanode.address.scm-service-test1.scmNode-2: 127.0.0.1:15471
2021-07-05 00:56:59,480 [Listener at 0.0.0.0/15463] INFO  ha.SCMHANodeDetails (ConfUtils.java:setNodeSpecificConfigs(108)) - Setting configuration key ozone.scm.block.client.address with value of key ozone.scm.block.client.address.scm-service-test1.scmNode-2: 127.0.0.1:15472
2021-07-05 00:56:59,481 [Listener at 0.0.0.0/15463] INFO  ha.SCMHANodeDetails (ConfUtils.java:setNodeSpecificConfigs(108)) - Setting configuration key ozone.scm.client.address with value of key ozone.scm.client.address.scm-service-test1.scmNode-2: 127.0.0.1:15473
2021-07-05 00:56:59,481 [Listener at 0.0.0.0/15463] INFO  ha.SCMHANodeDetails (ConfUtils.java:setNodeSpecificConfigs(108)) - Setting configuration key ozone.scm.ratis.port with value of key ozone.scm.ratis.port.scm-service-test1.scmNode-2: 15470
2021-07-05 00:56:59,481 [Listener at 0.0.0.0/15463] INFO  ha.SCMHANodeDetails (ConfUtils.java:setNodeSpecificConfigs(108)) - Setting configuration key ozone.scm.grpc.port with value of key ozone.scm.grpc.port.scm-service-test1.scmNode-2: 15474
2021-07-05 00:56:59,481 [Listener at 0.0.0.0/15463] INFO  ha.SCMHANodeDetails (ConfUtils.java:setNodeSpecificConfigs(108)) - Setting configuration key ozone.scm.http-address with value of key ozone.scm.http-address.scm-service-test1.scmNode-2: 127.0.0.1:15468
2021-07-05 00:56:59,481 [Listener at 0.0.0.0/15463] INFO  ha.SCMHANodeDetails (ConfUtils.java:setNodeSpecificConfigs(108)) - Setting configuration key ozone.scm.https-address with value of key ozone.scm.https-address.scm-service-test1.scmNode-2: 127.0.0.1:15469
2021-07-05 00:56:59,482 [Listener at 0.0.0.0/15463] INFO  ha.SCMHANodeDetails (ConfUtils.java:setNodeSpecificConfigs(108)) - Setting configuration key ozone.scm.address with value of key ozone.scm.address.scm-service-test1.scmNode-2: 127.0.0.1
2021-07-05 00:56:59,482 [Listener at 0.0.0.0/15463] WARN  scm.ScmUtils (ScmUtils.java:logWarn(179)) - ConfigKey ozone.scm.block.client.address is deprecated, For configuring different ports for each SCM use PortConfigKey ozone.scm.block.client.port appended with serviceId and nodeId. If want to configure same port configure ozone.scm.block.client.port
2021-07-05 00:56:59,482 [Listener at 0.0.0.0/15463] WARN  scm.ScmUtils (ScmUtils.java:logWarn(179)) - ConfigKey ozone.scm.client.address is deprecated, For configuring different ports for each SCM use PortConfigKey ozone.scm.client.port appended with serviceId and nodeId. If want to configure same port configure ozone.scm.client.port
2021-07-05 00:56:59,482 [Listener at 0.0.0.0/15463] WARN  scm.ScmUtils (ScmUtils.java:logWarn(179)) - ConfigKey ozone.scm.datanode.address is deprecated, For configuring different ports for each SCM use PortConfigKey ozone.scm.datanode.port appended with serviceId and nodeId. If want to configure same port configure ozone.scm.datanode.port
2021-07-05 00:56:59,484 [Listener at 0.0.0.0/15463] WARN  server.ServerUtils (ServerUtils.java:getScmDbDir(148)) - ozone.scm.db.dirs is not configured. We recommend adding this setting. Falling back to ozone.metadata.dirs instead.
2021-07-05 00:56:59,485 [Listener at 0.0.0.0/15463] WARN  utils.HAUtils (HAUtils.java:getMetaDir(342)) - ozone.scm.db.dirs is not configured. We recommend adding this setting. Falling back to ozone.metadata.dirs instead.
2021-07-05 00:56:59,485 [Listener at 0.0.0.0/15463] WARN  db.DBStoreBuilder (DBStoreBuilder.java:applyDBDefinition(145)) - ozone.scm.db.dirs is not configured. We recommend adding this setting. Falling back to ozone.metadata.dirs instead.
2021-07-05 00:56:59,575 [Listener at 0.0.0.0/15463] INFO  net.NodeSchemaLoader (NodeSchemaLoader.java:loadSchemaFromFile(129)) - Loading schema from [jar:file:/home/runner/.m2/repository/org/apache/ozone/hdds-common/1.2.0-SNAPSHOT/hdds-common-1.2.0-SNAPSHOT.jar!/network-topology-default.xml]
2021-07-05 00:56:59,576 [Listener at 0.0.0.0/15463] INFO  net.NodeSchemaLoader (NodeSchemaLoader.java:loadSchema(176)) - Loading network topology layer schema file
2021-07-05 00:56:59,586 [Listener at 0.0.0.0/15463] INFO  ha.SCMRatisServerImpl (SCMRatisServerImpl.java:<init>(85)) - starting Raft server for scm:181931d2-e1e0-4592-a157-d5007a9fa086
2021-07-05 00:56:59,589 [Listener at 0.0.0.0/15463] INFO  server.RaftServer (ConfUtils.java:logGet(44)) - raft.rpc.type = GRPC (default)
2021-07-05 00:56:59,589 [Listener at 0.0.0.0/15463] INFO  grpc.GrpcFactory (GrpcFactory.java:checkPooledByteBufAllocatorUseCacheForAllThreads(48)) - PERFORMANCE WARNING: useCacheForAllThreads is true that may cause Netty to create a lot garbage objects and, as a result, trigger GC.
	It is recommended to disable useCacheForAllThreads by setting -Dorg.apache.ratis.thirdparty.io.netty.allocator.useCacheForAllThreads=false in command line.
2021-07-05 00:56:59,589 [Listener at 0.0.0.0/15463] INFO  grpc.GrpcConfigKeys (ConfUtils.java:logGet(44)) - raft.grpc.admin.port = -1 (default)
2021-07-05 00:56:59,589 [Listener at 0.0.0.0/15463] INFO  grpc.GrpcConfigKeys (ConfUtils.java:logGet(44)) - raft.grpc.server.port = 15470 (custom)
2021-07-05 00:56:59,590 [Listener at 0.0.0.0/15463] INFO  grpc.GrpcConfigKeys (ConfUtils.java:logGet(44)) - raft.grpc.client.port = -1 (default)
2021-07-05 00:56:59,590 [Listener at 0.0.0.0/15463] INFO  grpc.GrpcConfigKeys (ConfUtils.java:logGet(44)) - raft.grpc.server.port = 15470 (custom)
2021-07-05 00:56:59,590 [Listener at 0.0.0.0/15463] INFO  grpc.GrpcConfigKeys (ConfUtils.java:logGet(44)) - raft.grpc.server.port = 15470 (custom)
2021-07-05 00:56:59,590 [Listener at 0.0.0.0/15463] INFO  server.GrpcService (ConfUtils.java:logGet(44)) - raft.grpc.message.size.max = 32m (=33554432) (custom)
2021-07-05 00:56:59,591 [Listener at 0.0.0.0/15463] INFO  server.RaftServerConfigKeys (ConfUtils.java:logGet(44)) - raft.server.log.appender.buffer.byte-limit = 33554432 (custom)
2021-07-05 00:56:59,591 [Listener at 0.0.0.0/15463] INFO  server.GrpcService (ConfUtils.java:logGet(44)) - raft.grpc.flow.control.window = 1MB (=1048576) (default)
2021-07-05 00:56:59,591 [Listener at 0.0.0.0/15463] INFO  server.RaftServerConfigKeys (ConfUtils.java:logGet(44)) - raft.server.rpc.request.timeout = 30000ms (custom)
2021-07-05 00:56:59,605 [Listener at 0.0.0.0/15463] INFO  impl.DataStreamServerImpl (ConfUtils.java:logGet(44)) - raft.datastream.type = DISABLED (default)
2021-07-05 00:56:59,606 [Listener at 0.0.0.0/15463] INFO  server.RaftServerConfigKeys (ConfUtils.java:logGet(44)) - raft.server.rpc.slowness.timeout = 120000ms (custom)
2021-07-05 00:56:59,606 [Listener at 0.0.0.0/15463] INFO  server.RaftServerConfigKeys (ConfUtils.java:logGet(44)) - raft.server.leaderelection.leader.step-down.wait-time = 10s (default)
2021-07-05 00:56:59,606 [Listener at 0.0.0.0/15463] INFO  server.RaftServerConfigKeys (ConfUtils.java:logGet(44)) - raft.server.storage.dir = [/home/runner/work/ozone/ozone/mnt/ozone/hadoop-ozone/integration-test/target/test-dir/MiniOzoneClusterImpl-47f02201-3656-42a8-b726-2c1689f4816b/scmNode-2/scm-ha] (custom)
2021-07-05 00:56:59,608 [Listener at 0.0.0.0/15463] INFO  server.RaftServer (RaftServerProxy.java:addNew(95)) - 181931d2-e1e0-4592-a157-d5007a9fa086: addNew group-2C1689F4816B:[] returns group-2C1689F4816B:java.util.concurrent.CompletableFuture@495f7ca4[Not completed]
2021-07-05 00:56:59,610 [pool-36-thread-1] INFO  server.RaftServer$Division (RaftServerImpl.java:<init>(180)) - 181931d2-e1e0-4592-a157-d5007a9fa086: new RaftServerImpl for group-2C1689F4816B:[] with SCMStateMachine:uninitialized
2021-07-05 00:56:59,613 [pool-36-thread-1] INFO  server.RaftServerConfigKeys (ConfUtils.java:logGet(44)) - raft.server.rpc.timeout.min = 5000ms (custom)
2021-07-05 00:56:59,613 [pool-36-thread-1] INFO  server.RaftServerConfigKeys (ConfUtils.java:logGet(44)) - raft.server.rpc.timeout.max = 5200ms (custom)
2021-07-05 00:56:59,613 [pool-36-thread-1] INFO  server.RaftServerConfigKeys (ConfUtils.java:logGet(44)) - raft.server.rpc.sleep.time = 25ms (default)
2021-07-05 00:56:59,614 [pool-36-thread-1] INFO  server.RaftServerConfigKeys (ConfUtils.java:logGet(44)) - raft.server.rpc.slowness.timeout = 120000ms (custom)
2021-07-05 00:56:59,614 [pool-36-thread-1] INFO  server.RaftServerConfigKeys (ConfUtils.java:logGet(44)) - raft.server.leaderelection.leader.step-down.wait-time = 10s (default)
2021-07-05 00:56:59,614 [pool-36-thread-1] INFO  server.RaftServerConfigKeys (ConfUtils.java:logGet(44)) - raft.server.sleep.deviation.threshold = 300ms (default)
2021-07-05 00:56:59,614 [pool-36-thread-1] INFO  server.RaftServerConfigKeys (ConfUtils.java:logGet(44)) - raft.server.log.appender.install.snapshot.enabled = false (custom)
2021-07-05 00:56:59,614 [pool-36-thread-1] INFO  server.RaftServer$Division (ServerState.java:<init>(105)) - 181931d2-e1e0-4592-a157-d5007a9fa086@group-2C1689F4816B: ConfigurationManager, init=-1: [], old=null, confs=<EMPTY_MAP>
2021-07-05 00:56:59,614 [pool-36-thread-1] INFO  server.RaftServerConfigKeys (ConfUtils.java:logGet(44)) - raft.server.storage.dir = [/home/runner/work/ozone/ozone/mnt/ozone/hadoop-ozone/integration-test/target/test-dir/MiniOzoneClusterImpl-47f02201-3656-42a8-b726-2c1689f4816b/scmNode-2/scm-ha] (custom)
2021-07-05 00:56:59,615 [pool-36-thread-1] INFO  server.RaftServerConfigKeys (ConfUtils.java:logGet(44)) - raft.server.log.corruption.policy = EXCEPTION (default)
2021-07-05 00:56:59,615 [pool-36-thread-1] INFO  storage.RaftStorageDirectory (RaftStorageDirectoryImpl.java:analyzeStorage(132)) - The storage directory /home/runner/work/ozone/ozone/mnt/ozone/hadoop-ozone/integration-test/target/test-dir/MiniOzoneClusterImpl-47f02201-3656-42a8-b726-2c1689f4816b/scmNode-2/scm-ha/47f02201-3656-42a8-b726-2c1689f4816b does not exist. Creating ...
2021-07-05 00:56:59,616 [pool-36-thread-1] INFO  storage.RaftStorageDirectory (RaftStorageDirectoryImpl.java:tryLock(215)) - Lock on /home/runner/work/ozone/ozone/mnt/ozone/hadoop-ozone/integration-test/target/test-dir/MiniOzoneClusterImpl-47f02201-3656-42a8-b726-2c1689f4816b/scmNode-2/scm-ha/47f02201-3656-42a8-b726-2c1689f4816b/in_use.lock acquired by nodename 4351@fv-az291-681
2021-07-05 00:56:59,617 [pool-36-thread-1] INFO  storage.RaftStorage (RaftStorageImpl.java:format(87)) - Storage directory /home/runner/work/ozone/ozone/mnt/ozone/hadoop-ozone/integration-test/target/test-dir/MiniOzoneClusterImpl-47f02201-3656-42a8-b726-2c1689f4816b/scmNode-2/scm-ha/47f02201-3656-42a8-b726-2c1689f4816b has been successfully formatted.
2021-07-05 00:56:59,618 [pool-36-thread-1] INFO  server.RaftServerConfigKeys (ConfUtils.java:logGet(44)) - raft.server.notification.no-leader.timeout = 60s (default)
2021-07-05 00:56:59,618 [pool-36-thread-1] INFO  server.RaftServerConfigKeys (ConfUtils.java:logGet(44)) - raft.server.log.use.memory = false (default)
2021-07-05 00:56:59,618 [pool-36-thread-1] INFO  server.RaftServerConfigKeys (ConfUtils.java:logGet(44)) - raft.server.log.purge.gap = 5 (custom)
2021-07-05 00:56:59,618 [pool-36-thread-1] INFO  server.RaftServerConfigKeys (ConfUtils.java:logGet(44)) - raft.server.log.appender.buffer.byte-limit = 33554432 (custom)
2021-07-05 00:56:59,618 [pool-36-thread-1] INFO  metrics.RatisMetrics (RatisMetrics.java:lambda$create$0(36)) - Creating Metrics Registry : ratis.log_worker.181931d2-e1e0-4592-a157-d5007a9fa086@group-2C1689F4816B
2021-07-05 00:56:59,618 [pool-36-thread-1] WARN  impl.MetricRegistriesImpl (MetricRegistriesImpl.java:lambda$create$1(65)) - First MetricRegistry has been created without registering reporters. You may need to call MetricRegistries.global().addReporterRegistration(...) before.
2021-07-05 00:56:59,618 [pool-36-thread-1] INFO  server.RaftServerConfigKeys (ConfUtils.java:logGet(44)) - raft.server.log.segment.size.max = 16384 (custom)
2021-07-05 00:56:59,619 [pool-36-thread-1] INFO  server.RaftServerConfigKeys (ConfUtils.java:logGet(44)) - raft.server.log.segment.cache.num.max = 2 (custom)
2021-07-05 00:56:59,619 [pool-36-thread-1] INFO  server.RaftServerConfigKeys (ConfUtils.java:logGet(44)) - raft.server.log.segment.cache.size.max = 200MB (=209715200) (default)
2021-07-05 00:56:59,619 [pool-36-thread-1] INFO  segmented.SegmentedRaftLogWorker (SegmentedRaftLogWorker.java:<init>(182)) - new 181931d2-e1e0-4592-a157-d5007a9fa086@group-2C1689F4816B-SegmentedRaftLogWorker for RaftStorageImpl:Storage Directory /home/runner/work/ozone/ozone/mnt/ozone/hadoop-ozone/integration-test/target/test-dir/MiniOzoneClusterImpl-47f02201-3656-42a8-b726-2c1689f4816b/scmNode-2/scm-ha/47f02201-3656-42a8-b726-2c1689f4816b
2021-07-05 00:56:59,619 [pool-36-thread-1] INFO  server.RaftServerConfigKeys (ConfUtils.java:logGet(44)) - raft.server.log.queue.byte-limit = 64MB (=67108864) (default)
2021-07-05 00:56:59,619 [pool-36-thread-1] INFO  server.RaftServerConfigKeys (ConfUtils.java:logGet(44)) - raft.server.log.queue.element-limit = 4096 (default)
2021-07-05 00:56:59,619 [pool-36-thread-1] INFO  server.RaftServerConfigKeys (ConfUtils.java:logGet(44)) - raft.server.log.segment.size.max = 16384 (custom)
2021-07-05 00:56:59,619 [pool-36-thread-1] INFO  server.RaftServerConfigKeys (ConfUtils.java:logGet(44)) - raft.server.log.preallocated.size = 16384 (custom)
2021-07-05 00:56:59,619 [pool-36-thread-1] INFO  server.RaftServerConfigKeys (ConfUtils.java:logGet(44)) - raft.server.log.force.sync.num = 128 (default)
2021-07-05 00:56:59,619 [pool-36-thread-1] INFO  server.RaftServerConfigKeys (ConfUtils.java:logGet(44)) - raft.server.log.statemachine.data.sync = true (default)
2021-07-05 00:56:59,619 [pool-36-thread-1] INFO  server.RaftServerConfigKeys (ConfUtils.java:logGet(44)) - raft.server.log.statemachine.data.sync.timeout = 10s (default)
2021-07-05 00:56:59,619 [pool-36-thread-1] INFO  server.RaftServerConfigKeys (ConfUtils.java:logGet(44)) - raft.server.log.statemachine.data.sync.timeout.retry = -1 (default)
2021-07-05 00:56:59,620 [pool-36-thread-1] INFO  server.RaftServerConfigKeys (ConfUtils.java:logGet(44)) - raft.server.log.write.buffer.size = 64KB (=65536) (default)
2021-07-05 00:56:59,620 [pool-36-thread-1] INFO  server.RaftServerConfigKeys (ConfUtils.java:logGet(44)) - raft.server.log.statemachine.data.caching.enabled = false (default)
2021-07-05 00:56:59,620 [pool-36-thread-1] INFO  segmented.SegmentedRaftLogWorker (SegmentedRaftLogWorker.java:lambda$new$0(133)) - 181931d2-e1e0-4592-a157-d5007a9fa086@group-2C1689F4816B-SegmentedRaftLogWorker: flushIndex: setUnconditionally 0 -> -1
2021-07-05 00:56:59,620 [pool-36-thread-1] INFO  segmented.SegmentedRaftLogWorker (SegmentedRaftLogWorker.java:lambda$new$0(133)) - 181931d2-e1e0-4592-a157-d5007a9fa086@group-2C1689F4816B-SegmentedRaftLogWorker: safeCacheEvictIndex: setUnconditionally 0 -> -1
2021-07-05 00:56:59,622 [pool-36-thread-1] INFO  server.RaftServerConfigKeys (ConfUtils.java:logGet(44)) - raft.server.snapshot.auto.trigger.enabled = true (custom)
2021-07-05 00:56:59,622 [pool-36-thread-1] INFO  server.RaftServerConfigKeys (ConfUtils.java:logGet(44)) - raft.server.snapshot.auto.trigger.threshold = 5 (custom)
2021-07-05 00:56:59,622 [pool-36-thread-1] INFO  server.RaftServerConfigKeys (ConfUtils.java:logGet(44)) - raft.server.snapshot.retention.file.num = -1 (default)
2021-07-05 00:56:59,622 [pool-36-thread-1] INFO  server.RaftServerConfigKeys (ConfUtils.java:logGet(44)) - raft.server.log.purge.upto.snapshot.index = true (custom)
2021-07-05 00:56:59,622 [pool-36-thread-1] INFO  server.RaftServerConfigKeys (ConfUtils.java:logGet(44)) - raft.server.retrycache.expirytime = 60000ms (default)
2021-07-05 00:56:59,622 [pool-36-thread-1] INFO  server.RaftServerConfigKeys (ConfUtils.java:logGet(44)) - raft.server.retrycache.statistics.expirytime = 100μs (default)
2021-07-05 00:56:59,622 [pool-36-thread-1] INFO  metrics.RatisMetrics (RatisMetrics.java:lambda$create$0(36)) - Creating Metrics Registry : ratis.leader_election.181931d2-e1e0-4592-a157-d5007a9fa086@group-2C1689F4816B
2021-07-05 00:56:59,622 [pool-36-thread-1] WARN  impl.MetricRegistriesImpl (MetricRegistriesImpl.java:lambda$create$1(65)) - First MetricRegistry has been created without registering reporters. You may need to call MetricRegistries.global().addReporterRegistration(...) before.
2021-07-05 00:56:59,622 [pool-36-thread-1] INFO  metrics.RatisMetrics (RatisMetrics.java:lambda$create$0(36)) - Creating Metrics Registry : ratis.server.181931d2-e1e0-4592-a157-d5007a9fa086@group-2C1689F4816B
2021-07-05 00:56:59,623 [pool-36-thread-1] WARN  impl.MetricRegistriesImpl (MetricRegistriesImpl.java:lambda$create$1(65)) - First MetricRegistry has been created without registering reporters. You may need to call MetricRegistries.global().addReporterRegistration(...) before.
2021-07-05 00:56:59,623 [Listener at 0.0.0.0/15463] INFO  ha.SCMSnapshotProvider (SCMSnapshotProvider.java:<init>(66)) - Initializing SCM Snapshot Provider
2021-07-05 00:56:59,624 [Listener at 0.0.0.0/15463] WARN  server.ServerUtils (ServerUtils.java:getDefaultRatisDirectory(237)) - Storage directory for Ratis is not configured. It is a good idea to map this to an SSD disk. Falling back to ozone.metadata.dirs
2021-07-05 00:56:59,624 [Listener at 0.0.0.0/15463] WARN  ha.SCMHAUtils (SCMHAUtils.java:getSCMRatisSnapshotDirectory(142)) - SCM snapshot dir is not configured. Falling back to ozone.metadata.dirs config
2021-07-05 00:56:59,627 [Listener at 0.0.0.0/15463] INFO  ha.SequenceIdGenerator (SequenceIdGenerator.java:upgradeToSequenceId(327)) - upgrade localId to 107544261427200000
2021-07-05 00:56:59,627 [Listener at 0.0.0.0/15463] INFO  ha.SequenceIdGenerator (SequenceIdGenerator.java:upgradeToSequenceId(337)) - upgrade delTxnId to 0
2021-07-05 00:56:59,628 [Listener at 0.0.0.0/15463] INFO  ha.SequenceIdGenerator (SequenceIdGenerator.java:upgradeToSequenceId(351)) - upgrade containerId to 0
2021-07-05 00:56:59,628 [Listener at 0.0.0.0/15463] INFO  ha.SequenceIdGenerator (SequenceIdGenerator.java:<init>(217)) - Init the HA SequenceIdGenerator.
2021-07-05 00:56:59,629 [Listener at 0.0.0.0/15463] WARN  server.ServerUtils (ServerUtils.java:sanitizeUserArgs(73)) - ozone.scm.stale.node.interval value = 300000 is larger than max = 100000 based on the key value of ozone.scm.heartbeat.thread.interval, reset to the max value 100000.
2021-07-05 00:56:59,629 [Listener at 0.0.0.0/15463] WARN  server.ServerUtils (ServerUtils.java:sanitizeUserArgs(73)) - ozone.scm.stale.node.interval value = 300000 is larger than max = 100000 based on the key value of ozone.scm.heartbeat.thread.interval, reset to the max value 100000.
2021-07-05 00:56:59,630 [Listener at 0.0.0.0/15463] INFO  node.SCMNodeManager (SCMNodeManager.java:<init>(125)) - Entering startup safe mode.
2021-07-05 00:56:59,631 [Listener at 0.0.0.0/15463] INFO  algorithms.ContainerPlacementPolicyFactory (ContainerPlacementPolicyFactory.java:getPolicy(60)) - Create container placement policy of type org.apache.hadoop.hdds.scm.container.placement.algorithms.SCMContainerPlacementRandom
2021-07-05 00:56:59,631 [Listener at 0.0.0.0/15463] INFO  pipeline.PipelineStateManager (PipelineStateManagerV2Impl.java:initialize(78)) - No pipeline exists in current db
2021-07-05 00:56:59,632 [Listener at 0.0.0.0/15463] INFO  algorithms.LeaderChoosePolicyFactory (LeaderChoosePolicyFactory.java:getPolicy(57)) - Create leader choose policy of type org.apache.hadoop.hdds.scm.pipeline.leader.choose.algorithms.MinLeaderCountChoosePolicy
2021-07-05 00:56:59,632 [Listener at 0.0.0.0/15463] INFO  ha.SCMServiceManager (SCMServiceManager.java:register(43)) - Registering service BackgroundPipelineCreator.
2021-07-05 00:56:59,632 [Listener at 0.0.0.0/15463] INFO  pipeline.BackgroundPipelineCreator (BackgroundPipelineCreatorV2.java:start(130)) - Starting RatisPipelineUtilsThread.
2021-07-05 00:56:59,638 [Listener at 0.0.0.0/15463] INFO  algorithms.PipelineChoosePolicyFactory (PipelineChoosePolicyFactory.java:createPipelineChoosePolicyFromClass(73)) - Create pipeline choose policy of type org.apache.hadoop.hdds.scm.pipeline.choose.algorithms.RandomPipelineChoosePolicy
2021-07-05 00:56:59,640 [Listener at 0.0.0.0/15463] INFO  ha.SCMServiceManager (SCMServiceManager.java:register(43)) - Registering service SCMBlockDeletingService.
2021-07-05 00:56:59,640 [Listener at 0.0.0.0/15463] INFO  ha.SCMServiceManager (SCMServiceManager.java:register(43)) - Registering service ReplicationManager.
2021-07-05 00:56:59,641 [Listener at 0.0.0.0/15463] INFO  container.ReplicationManager (ReplicationManager.java:start(219)) - Starting Replication Monitor Thread.
2021-07-05 00:56:59,642 [Listener at 0.0.0.0/15463] INFO  safemode.ContainerSafeModeRule (ContainerSafeModeRule.java:<init>(89)) - containers with one replica threshold count 0
2021-07-05 00:56:59,644 [Listener at 0.0.0.0/15463] INFO  safemode.HealthyPipelineSafeModeRule (HealthyPipelineSafeModeRule.java:initializeRule(156)) - Total pipeline count is 0, healthy pipeline threshold count is 1
2021-07-05 00:56:59,649 [Listener at 0.0.0.0/15463] INFO  safemode.OneReplicaPipelineSafeModeRule (OneReplicaPipelineSafeModeRule.java:initializeRule(180)) - Total pipeline count is 0, pipeline's with at least one datanode reported threshold count is 0
2021-07-05 00:56:59,652 [ReplicationMonitor] INFO  container.ReplicationManager (ReplicationManager.java:run(283)) - Replication Monitor Thread took 0 milliseconds for processing 0 containers.
2021-07-05 00:56:59,653 [Listener at 0.0.0.0/15463] INFO  ipc.CallQueueManager (CallQueueManager.java:<init>(85)) - Using callQueue: class java.util.concurrent.LinkedBlockingQueue, queueCapacity: 2000, scheduler: class org.apache.hadoop.ipc.DefaultRpcScheduler, ipcBackoff: false.
2021-07-05 00:56:59,653 [Socket Reader #1 for port 15471] INFO  ipc.Server (Server.java:run(1255)) - Starting Socket Reader #1 for port 15471
2021-07-05 00:56:59,656 [Listener at 0.0.0.0/15471] INFO  ipc.CallQueueManager (CallQueueManager.java:<init>(85)) - Using callQueue: class java.util.concurrent.LinkedBlockingQueue, queueCapacity: 2000, scheduler: class org.apache.hadoop.ipc.DefaultRpcScheduler, ipcBackoff: false.
2021-07-05 00:56:59,661 [Socket Reader #1 for port 15472] INFO  ipc.Server (Server.java:run(1255)) - Starting Socket Reader #1 for port 15472
2021-07-05 00:56:59,662 [Listener at 0.0.0.0/15472] INFO  ipc.CallQueueManager (CallQueueManager.java:<init>(85)) - Using callQueue: class java.util.concurrent.LinkedBlockingQueue, queueCapacity: 2000, scheduler: class org.apache.hadoop.ipc.DefaultRpcScheduler, ipcBackoff: false.
2021-07-05 00:56:59,664 [Socket Reader #1 for port 15473] INFO  ipc.Server (Server.java:run(1255)) - Starting Socket Reader #1 for port 15473
2021-07-05 00:56:59,711 [Listener at 0.0.0.0/15473] INFO  server.StorageContainerManager (StorageContainerManager.java:<init>(363)) - 
Container Balancer status:
Key                            Value
Running                        true
Container Balancer Configuration values:
Key                            Value
Threshold                      0.1
Max Datanodes to Balance       5
Max Size to Move               10737418240B

2021-07-05 00:56:59,711 [Listener at 0.0.0.0/15473] WARN  events.EventQueue (EventQueue.java:fireEvent(194)) - No event handler registered for event TypedEvent{payloadType=SafeModeStatus, name='Safe mode status'}
2021-07-05 00:56:59,711 [Listener at 0.0.0.0/15473] INFO  ha.SCMContext (SCMContext.java:updateSafeModeStatus(208)) - Update SafeModeStatus from SafeModeStatus{safeModeStatus=true, preCheckPassed=false} to SafeModeStatus{safeModeStatus=true, preCheckPassed=false}.
2021-07-05 00:56:59,713 [Listener at 0.0.0.0/15473] INFO  server.StorageContainerManager (StorageContainerManager.java:start(1214)) - StorageContainerLocationProtocol RPC server is listening at /0.0.0.0:15473
2021-07-05 00:56:59,713 [Listener at 0.0.0.0/15473] INFO  ha.SCMRatisServerImpl (SCMRatisServerImpl.java:start(170)) - starting ratis server 0.0.0.0:15470
2021-07-05 00:56:59,713 [Listener at 0.0.0.0/15473] INFO  server.RaftServer$Division (RaftServerImpl.java:start(298)) - 181931d2-e1e0-4592-a157-d5007a9fa086@group-2C1689F4816B: start with initializing state, conf=-1: [], old=null
2021-07-05 00:56:59,714 [Listener at 0.0.0.0/15473] INFO  server.RaftServer$Division (RaftServerImpl.java:setRole(284)) - 181931d2-e1e0-4592-a157-d5007a9fa086@group-2C1689F4816B: changes role from      null to FOLLOWER at term 0 for startInitializing
2021-07-05 00:56:59,714 [Listener at 0.0.0.0/15473] INFO  util.JmxRegister (JmxRegister.java:tryRegister(44)) - Successfully registered JMX Bean with object name Ratis:service=RaftServer,group=group-2C1689F4816B,id=181931d2-e1e0-4592-a157-d5007a9fa086
2021-07-05 00:56:59,714 [Listener at 0.0.0.0/15473] INFO  metrics.RatisMetrics (RatisMetrics.java:lambda$create$0(36)) - Creating Metrics Registry : ratis.state_machine.181931d2-e1e0-4592-a157-d5007a9fa086@group-2C1689F4816B
2021-07-05 00:56:59,715 [Listener at 0.0.0.0/15473] WARN  impl.MetricRegistriesImpl (MetricRegistriesImpl.java:lambda$create$1(65)) - First MetricRegistry has been created without registering reporters. You may need to call MetricRegistries.global().addReporterRegistration(...) before.
2021-07-05 00:56:59,718 [Listener at 0.0.0.0/15473] INFO  server.RaftServer (RaftServerProxy.java:lambda$start$5(374)) - 181931d2-e1e0-4592-a157-d5007a9fa086: start RPC server
2021-07-05 00:56:59,720 [Listener at 0.0.0.0/15473] INFO  server.GrpcService (GrpcService.java:startImpl(253)) - 181931d2-e1e0-4592-a157-d5007a9fa086: GrpcService started, listening on 15470
2021-07-05 00:56:59,727 [Listener at 0.0.0.0/15473] INFO  ha.SCMNodeInfo (SCMNodeInfo.java:getPort(197)) - ConfigKey ozone.scm.client.address is deprecated, For configuring different ports for each SCM use PortConfigKey ozone.scm.client.port appended with serviceId and nodeId
2021-07-05 00:56:59,727 [Listener at 0.0.0.0/15473] INFO  ha.SCMNodeInfo (SCMNodeInfo.java:getPort(197)) - ConfigKey ozone.scm.block.client.address is deprecated, For configuring different ports for each SCM use PortConfigKey ozone.scm.block.client.port appended with serviceId and nodeId
2021-07-05 00:56:59,728 [Listener at 0.0.0.0/15473] INFO  ha.SCMNodeInfo (SCMNodeInfo.java:getPort(197)) - ConfigKey ozone.scm.datanode.address is deprecated, For configuring different ports for each SCM use PortConfigKey ozone.scm.datanode.port appended with serviceId and nodeId
2021-07-05 00:56:59,728 [Listener at 0.0.0.0/15473] INFO  ha.SCMNodeInfo (SCMNodeInfo.java:getPort(197)) - ConfigKey ozone.scm.client.address is deprecated, For configuring different ports for each SCM use PortConfigKey ozone.scm.client.port appended with serviceId and nodeId
2021-07-05 00:56:59,729 [Listener at 0.0.0.0/15473] INFO  ha.SCMNodeInfo (SCMNodeInfo.java:getPort(197)) - ConfigKey ozone.scm.block.client.address is deprecated, For configuring different ports for each SCM use PortConfigKey ozone.scm.block.client.port appended with serviceId and nodeId
2021-07-05 00:56:59,729 [Listener at 0.0.0.0/15473] INFO  ha.SCMNodeInfo (SCMNodeInfo.java:getPort(197)) - ConfigKey ozone.scm.datanode.address is deprecated, For configuring different ports for each SCM use PortConfigKey ozone.scm.datanode.port appended with serviceId and nodeId
2021-07-05 00:56:59,729 [Listener at 0.0.0.0/15473] INFO  ha.SCMNodeInfo (SCMNodeInfo.java:getPort(197)) - ConfigKey ozone.scm.client.address is deprecated, For configuring different ports for each SCM use PortConfigKey ozone.scm.client.port appended with serviceId and nodeId
2021-07-05 00:56:59,730 [Listener at 0.0.0.0/15473] INFO  ha.SCMNodeInfo (SCMNodeInfo.java:getPort(197)) - ConfigKey ozone.scm.block.client.address is deprecated, For configuring different ports for each SCM use PortConfigKey ozone.scm.block.client.port appended with serviceId and nodeId
2021-07-05 00:56:59,730 [Listener at 0.0.0.0/15473] INFO  ha.SCMNodeInfo (SCMNodeInfo.java:getPort(197)) - ConfigKey ozone.scm.datanode.address is deprecated, For configuring different ports for each SCM use PortConfigKey ozone.scm.datanode.port appended with serviceId and nodeId
2021-07-05 00:56:59,732 [org.apache.ratis.util.JvmPauseMonitor$$Lambda$493/611739613@3e149513] INFO  util.JvmPauseMonitor (JvmPauseMonitor.java:run(103)) - JvmPauseMonitor-181931d2-e1e0-4592-a157-d5007a9fa086: Started
2021-07-05 00:56:59,747 [IPC Server handler 0 on default port 15462] INFO  ha.SCMRatisServerImpl (SCMRatisServerImpl.java:addSCM(280)) - 431daa7d-f040-4c11-a1fb-891b2bc8b6a1: Submitting SetConfiguration request to Ratis server with new SCM peers list: [431daa7d-f040-4c11-a1fb-891b2bc8b6a1|rpc:localhost:15460|admin:|client:|dataStream:|priority:0, 181931d2-e1e0-4592-a157-d5007a9fa086|rpc:localhost:15470|priority:0]
2021-07-05 00:56:59,759 [IPC Server handler 0 on default port 15462] INFO  server.RaftServer$Division (RaftServerImpl.java:setConfigurationAsync(970)) - 431daa7d-f040-4c11-a1fb-891b2bc8b6a1@group-2C1689F4816B: receive setConfiguration SetConfigurationRequest:client-3C05F8D48B7E->431daa7d-f040-4c11-a1fb-891b2bc8b6a1@group-2C1689F4816B, cid=0, seq=0, RW, null, peers:[431daa7d-f040-4c11-a1fb-891b2bc8b6a1|rpc:localhost:15460|admin:|client:|dataStream:|priority:0, 181931d2-e1e0-4592-a157-d5007a9fa086|rpc:localhost:15470|priority:0]
2021-07-05 00:56:59,760 [IPC Server handler 0 on default port 15462] INFO  server.RaftServer$Division (LeaderStateImpl.java:startSetConfiguration(345)) - 431daa7d-f040-4c11-a1fb-891b2bc8b6a1@group-2C1689F4816B-LeaderStateImpl: startSetConfiguration SetConfigurationRequest:client-3C05F8D48B7E->431daa7d-f040-4c11-a1fb-891b2bc8b6a1@group-2C1689F4816B, cid=0, seq=0, RW, null, peers:[431daa7d-f040-4c11-a1fb-891b2bc8b6a1|rpc:localhost:15460|admin:|client:|dataStream:|priority:0, 181931d2-e1e0-4592-a157-d5007a9fa086|rpc:localhost:15470|priority:0]
2021-07-05 00:56:59,767 [IPC Server handler 0 on default port 15462] INFO  server.RaftServerConfigKeys (ConfUtils.java:logGet(44)) - raft.server.log.appender.snapshot.chunk.size.max = 16MB (=16777216) (default)
2021-07-05 00:56:59,768 [IPC Server handler 0 on default port 15462] INFO  server.RaftServerConfigKeys (ConfUtils.java:logGet(44)) - raft.server.log.appender.buffer.byte-limit = 33554432 (custom)
2021-07-05 00:56:59,768 [IPC Server handler 0 on default port 15462] INFO  server.RaftServerConfigKeys (ConfUtils.java:logGet(44)) - raft.server.log.appender.buffer.element-limit = 33554432 (custom)
2021-07-05 00:56:59,874 [IPC Server handler 0 on default port 15462] INFO  grpc.GrpcConfigKeys (ConfUtils.java:logGet(44)) - raft.grpc.server.leader.outstanding.appends.max = 128 (default)
2021-07-05 00:56:59,875 [IPC Server handler 0 on default port 15462] INFO  server.RaftServerConfigKeys (ConfUtils.java:logGet(44)) - raft.server.rpc.request.timeout = 30000ms (custom)
2021-07-05 00:56:59,875 [IPC Server handler 0 on default port 15462] INFO  server.RaftServerConfigKeys (ConfUtils.java:logGet(44)) - raft.server.log.appender.install.snapshot.enabled = false (custom)
2021-07-05 00:56:59,876 [IPC Server handler 0 on default port 15462] INFO  metrics.RatisMetrics (RatisMetrics.java:lambda$create$0(36)) - Creating Metrics Registry : ratis_grpc.log_appender.431daa7d-f040-4c11-a1fb-891b2bc8b6a1@group-2C1689F4816B
2021-07-05 00:56:59,876 [IPC Server handler 0 on default port 15462] WARN  impl.MetricRegistriesImpl (MetricRegistriesImpl.java:lambda$create$1(65)) - First MetricRegistry has been created without registering reporters. You may need to call MetricRegistries.global().addReporterRegistration(...) before.
2021-07-05 00:57:00,310 [grpc-default-executor-0] INFO  metrics.RatisMetrics (RatisMetrics.java:lambda$create$0(36)) - Creating Metrics Registry : ratis.server_message_metrics.181931d2-e1e0-4592-a157-d5007a9fa086
2021-07-05 00:57:00,312 [grpc-default-executor-0] WARN  impl.MetricRegistriesImpl (MetricRegistriesImpl.java:lambda$create$1(65)) - First MetricRegistry has been created without registering reporters. You may need to call MetricRegistries.global().addReporterRegistration(...) before.
2021-07-05 00:57:00,325 [grpc-default-executor-0] INFO  ha.SCMStateMachine (SCMStateMachine.java:notifyLeaderChanged(248)) - leader changed, yet current SCM is still follower.
2021-07-05 00:57:00,325 [grpc-default-executor-0] INFO  server.RaftServer$Division (ServerState.java:setLeader(271)) - 181931d2-e1e0-4592-a157-d5007a9fa086@group-2C1689F4816B: change Leader from null to 431daa7d-f040-4c11-a1fb-891b2bc8b6a1 at term 2 for appendEntries, leader elected after 706ms
2021-07-05 00:57:00,325 [grpc-default-executor-0] INFO  impl.RoleInfo (RoleInfo.java:updateAndGet(130)) - 181931d2-e1e0-4592-a157-d5007a9fa086: start 181931d2-e1e0-4592-a157-d5007a9fa086@group-2C1689F4816B-FollowerState
2021-07-05 00:57:00,339 [grpc-default-executor-0] INFO  server.RaftServer$Division (ServerState.java:setRaftConf(373)) - 181931d2-e1e0-4592-a157-d5007a9fa086@group-2C1689F4816B: set configuration 0: [431daa7d-f040-4c11-a1fb-891b2bc8b6a1|rpc:localhost:15460|admin:|client:|dataStream:|priority:0], old=null
2021-07-05 00:57:00,339 [grpc-default-executor-0] INFO  server.RaftServer$Division (ServerState.java:setRaftConf(373)) - 181931d2-e1e0-4592-a157-d5007a9fa086@group-2C1689F4816B: set configuration 1: [431daa7d-f040-4c11-a1fb-891b2bc8b6a1|rpc:localhost:15460|admin:|client:|dataStream:|priority:0], old=null
2021-07-05 00:57:00,340 [grpc-default-executor-0] INFO  segmented.SegmentedRaftLogWorker (SegmentedRaftLogWorker.java:startLogSegment(394)) - 181931d2-e1e0-4592-a157-d5007a9fa086@group-2C1689F4816B-SegmentedRaftLogWorker: Starting segment from index:0
2021-07-05 00:57:00,341 [grpc-default-executor-0] INFO  segmented.SegmentedRaftLogWorker (SegmentedRaftLogWorker.java:rollLogSegment(399)) - 181931d2-e1e0-4592-a157-d5007a9fa086@group-2C1689F4816B-SegmentedRaftLogWorker: Rolling segment log-0_0 to index:0
2021-07-05 00:57:00,341 [181931d2-e1e0-4592-a157-d5007a9fa086@group-2C1689F4816B-SegmentedRaftLogWorker] INFO  segmented.SegmentedRaftLogWorker (SegmentedRaftLogWorker.java:execute(601)) - 181931d2-e1e0-4592-a157-d5007a9fa086@group-2C1689F4816B-SegmentedRaftLogWorker: created new log segment /home/runner/work/ozone/ozone/mnt/ozone/hadoop-ozone/integration-test/target/test-dir/MiniOzoneClusterImpl-47f02201-3656-42a8-b726-2c1689f4816b/scmNode-2/scm-ha/47f02201-3656-42a8-b726-2c1689f4816b/current/log_inprogress_0
2021-07-05 00:57:00,345 [181931d2-e1e0-4592-a157-d5007a9fa086@group-2C1689F4816B-SegmentedRaftLogWorker] INFO  segmented.SegmentedRaftLogWorker (SegmentedRaftLogWorker.java:execute(558)) - 181931d2-e1e0-4592-a157-d5007a9fa086@group-2C1689F4816B-SegmentedRaftLogWorker: Rolled log segment from /home/runner/work/ozone/ozone/mnt/ozone/hadoop-ozone/integration-test/target/test-dir/MiniOzoneClusterImpl-47f02201-3656-42a8-b726-2c1689f4816b/scmNode-2/scm-ha/47f02201-3656-42a8-b726-2c1689f4816b/current/log_inprogress_0 to /home/runner/work/ozone/ozone/mnt/ozone/hadoop-ozone/integration-test/target/test-dir/MiniOzoneClusterImpl-47f02201-3656-42a8-b726-2c1689f4816b/scmNode-2/scm-ha/47f02201-3656-42a8-b726-2c1689f4816b/current/log_0-0
2021-07-05 00:57:00,347 [181931d2-e1e0-4592-a157-d5007a9fa086@group-2C1689F4816B-SegmentedRaftLogWorker] INFO  segmented.SegmentedRaftLogWorker (SegmentedRaftLogWorker.java:execute(601)) - 181931d2-e1e0-4592-a157-d5007a9fa086@group-2C1689F4816B-SegmentedRaftLogWorker: created new log segment /home/runner/work/ozone/ozone/mnt/ozone/hadoop-ozone/integration-test/target/test-dir/MiniOzoneClusterImpl-47f02201-3656-42a8-b726-2c1689f4816b/scmNode-2/scm-ha/47f02201-3656-42a8-b726-2c1689f4816b/current/log_inprogress_1
2021-07-05 00:57:00,357 [181931d2-e1e0-4592-a157-d5007a9fa086@group-2C1689F4816B-StateMachineUpdater] INFO  safemode.HealthyPipelineSafeModeRule (HealthyPipelineSafeModeRule.java:initializeRule(152)) - Refreshed total pipeline count is 0, healthy pipeline threshold count is 1
2021-07-05 00:57:00,358 [181931d2-e1e0-4592-a157-d5007a9fa086@group-2C1689F4816B-StateMachineUpdater] INFO  safemode.ContainerSafeModeRule (ContainerSafeModeRule.java:reInitializeRule(177)) - Refreshed one replica container threshold 0, currentThreshold 0
2021-07-05 00:57:00,358 [181931d2-e1e0-4592-a157-d5007a9fa086@group-2C1689F4816B-StateMachineUpdater] INFO  safemode.OneReplicaPipelineSafeModeRule (OneReplicaPipelineSafeModeRule.java:initializeRule(176)) - Refreshed Total pipeline count is 0, pipeline's with at least one datanode reported threshold count is 0
2021-07-05 00:57:00,358 [181931d2-e1e0-4592-a157-d5007a9fa086@group-2C1689F4816B-StateMachineUpdater] INFO  server.SCMDatanodeProtocolServer (SCMDatanodeProtocolServer.java:start(177)) - RPC server for DataNodes is listening at /0.0.0.0:15471
2021-07-05 00:57:00,373 [IPC Server Responder] INFO  ipc.Server (Server.java:run(1497)) - IPC Server Responder: starting
2021-07-05 00:57:00,378 [431daa7d-f040-4c11-a1fb-891b2bc8b6a1@group-2C1689F4816B-LeaderStateImpl] INFO  server.RaftServer$Division (ServerState.java:setRaftConf(373)) - 431daa7d-f040-4c11-a1fb-891b2bc8b6a1@group-2C1689F4816B: set configuration 3: [431daa7d-f040-4c11-a1fb-891b2bc8b6a1|rpc:localhost:15460|admin:|client:|dataStream:|priority:0, 181931d2-e1e0-4592-a157-d5007a9fa086|rpc:localhost:15470|priority:0], old=[431daa7d-f040-4c11-a1fb-891b2bc8b6a1|rpc:localhost:15460|admin:|client:|dataStream:|priority:0]
2021-07-05 00:57:00,375 [IPC Server listener on 15471] INFO  ipc.Server (Server.java:run(1334)) - IPC Server listener on 15471: starting
2021-07-05 00:57:00,385 [grpc-default-executor-0] INFO  server.RaftServer$Division (ServerState.java:setRaftConf(373)) - 181931d2-e1e0-4592-a157-d5007a9fa086@group-2C1689F4816B: set configuration 3: [431daa7d-f040-4c11-a1fb-891b2bc8b6a1|rpc:localhost:15460|admin:|client:|dataStream:|priority:0, 181931d2-e1e0-4592-a157-d5007a9fa086|rpc:localhost:15470|admin:|client:|dataStream:|priority:0], old=[431daa7d-f040-4c11-a1fb-891b2bc8b6a1|rpc:localhost:15460|admin:|client:|dataStream:|priority:0]
2021-07-05 00:57:00,395 [431daa7d-f040-4c11-a1fb-891b2bc8b6a1@group-2C1689F4816B-LeaderStateImpl] INFO  server.RaftServer$Division (ServerState.java:setRaftConf(373)) - 431daa7d-f040-4c11-a1fb-891b2bc8b6a1@group-2C1689F4816B: set configuration 5: [431daa7d-f040-4c11-a1fb-891b2bc8b6a1|rpc:localhost:15460|admin:|client:|dataStream:|priority:0, 181931d2-e1e0-4592-a157-d5007a9fa086|rpc:localhost:15470|priority:0], old=null
2021-07-05 00:57:00,398 [grpc-default-executor-0] INFO  server.RaftServer$Division (ServerState.java:setRaftConf(373)) - 181931d2-e1e0-4592-a157-d5007a9fa086@group-2C1689F4816B: set configuration 5: [431daa7d-f040-4c11-a1fb-891b2bc8b6a1|rpc:localhost:15460|admin:|client:|dataStream:|priority:0, 181931d2-e1e0-4592-a157-d5007a9fa086|rpc:localhost:15470|admin:|client:|dataStream:|priority:0], old=null
2021-07-05 00:57:00,409 [431daa7d-f040-4c11-a1fb-891b2bc8b6a1@group-2C1689F4816B-StateMachineUpdater] INFO  ha.SCMStateMachine (SCMStateMachine.java:takeSnapshot(290)) - Current Snapshot Index 5, takeSnapshot took 1 ms
2021-07-05 00:57:00,409 [431daa7d-f040-4c11-a1fb-891b2bc8b6a1@group-2C1689F4816B-StateMachineUpdater] INFO  impl.StateMachineUpdater (StateMachineUpdater.java:takeSnapshot(281)) - 431daa7d-f040-4c11-a1fb-891b2bc8b6a1@group-2C1689F4816B-StateMachineUpdater: Took a snapshot at index 5
2021-07-05 00:57:00,410 [431daa7d-f040-4c11-a1fb-891b2bc8b6a1@group-2C1689F4816B-StateMachineUpdater] INFO  impl.StateMachineUpdater (StateMachineUpdater.java:lambda$new$0(89)) - 431daa7d-f040-4c11-a1fb-891b2bc8b6a1@group-2C1689F4816B-StateMachineUpdater: snapshotIndex: updateIncreasingly -1 -> 5
2021-07-05 00:57:00,410 [431daa7d-f040-4c11-a1fb-891b2bc8b6a1@group-2C1689F4816B-StateMachineUpdater] INFO  raftlog.RaftLog (RaftLogBase.java:purge(306)) - 431daa7d-f040-4c11-a1fb-891b2bc8b6a1@group-2C1689F4816B-SegmentedRaftLog: purge 5
2021-07-05 00:57:00,411 [IPC Server handler 0 on default port 15462] INFO  ha.SCMRatisServerImpl (SCMRatisServerImpl.java:addSCM(291)) - Successfully added new SCM: 181931d2-e1e0-4592-a157-d5007a9fa086.
2021-07-05 00:57:00,413 [431daa7d-f040-4c11-a1fb-891b2bc8b6a1@group-2C1689F4816B-StateMachineUpdater] INFO  raftlog.RaftLog (RaftLogBase.java:lambda$new$0(53)) - 431daa7d-f040-4c11-a1fb-891b2bc8b6a1@group-2C1689F4816B-SegmentedRaftLog: snapshotIndex: updateIncreasingly -1 -> 5
2021-07-05 00:57:00,415 [Listener at 0.0.0.0/15473] INFO  ha.SCMHAManagerImpl (SCMHAManagerImpl.java:start(116)) - Successfully added SCM scmNode-2 to group group-2C1689F4816B:[431daa7d-f040-4c11-a1fb-891b2bc8b6a1|rpc:localhost:15460|admin:|client:|dataStream:|priority:0, 181931d2-e1e0-4592-a157-d5007a9fa086|rpc:localhost:15470|admin:|client:|dataStream:|priority:0]
2021-07-05 00:57:00,416 [Listener at 0.0.0.0/15473] INFO  ha.InterSCMGrpcService (InterSCMGrpcProtocolService.java:start(94)) - Starting SCM Grpc Service at port 15474
2021-07-05 00:57:00,417 [181931d2-e1e0-4592-a157-d5007a9fa086@group-2C1689F4816B-StateMachineUpdater] INFO  ha.SCMStateMachine (SCMStateMachine.java:takeSnapshot(290)) - Current Snapshot Index 5, takeSnapshot took 0 ms
2021-07-05 00:57:00,417 [181931d2-e1e0-4592-a157-d5007a9fa086@group-2C1689F4816B-StateMachineUpdater] INFO  impl.StateMachineUpdater (StateMachineUpdater.java:takeSnapshot(281)) - 181931d2-e1e0-4592-a157-d5007a9fa086@group-2C1689F4816B-StateMachineUpdater: Took a snapshot at index 5
2021-07-05 00:57:00,417 [181931d2-e1e0-4592-a157-d5007a9fa086@group-2C1689F4816B-StateMachineUpdater] INFO  impl.StateMachineUpdater (StateMachineUpdater.java:lambda$new$0(89)) - 181931d2-e1e0-4592-a157-d5007a9fa086@group-2C1689F4816B-StateMachineUpdater: snapshotIndex: updateIncreasingly -1 -> 5
2021-07-05 00:57:00,417 [181931d2-e1e0-4592-a157-d5007a9fa086@group-2C1689F4816B-StateMachineUpdater] INFO  raftlog.RaftLog (RaftLogBase.java:purge(306)) - 181931d2-e1e0-4592-a157-d5007a9fa086@group-2C1689F4816B-SegmentedRaftLog: purge 5
2021-07-05 00:57:00,417 [181931d2-e1e0-4592-a157-d5007a9fa086@group-2C1689F4816B-StateMachineUpdater] INFO  raftlog.RaftLog (RaftLogBase.java:lambda$new$0(53)) - 181931d2-e1e0-4592-a157-d5007a9fa086@group-2C1689F4816B-SegmentedRaftLog: snapshotIndex: updateIncreasingly -1 -> 5
2021-07-05 00:57:00,417 [431daa7d-f040-4c11-a1fb-891b2bc8b6a1@group-2C1689F4816B-StateMachineUpdater] INFO  raftlog.RaftLog (RaftLogBase.java:lambda$new$0(53)) - 431daa7d-f040-4c11-a1fb-891b2bc8b6a1@group-2C1689F4816B-SegmentedRaftLog: purgeIndex: updateToMax old=-1, new=0, updated? true
2021-07-05 00:57:00,418 [181931d2-e1e0-4592-a157-d5007a9fa086@group-2C1689F4816B-SegmentedRaftLogWorker] INFO  raftlog.RaftLog (RaftLogBase.java:lambda$new$0(53)) - 181931d2-e1e0-4592-a157-d5007a9fa086@group-2C1689F4816B-SegmentedRaftLog: purgeIndex: updateToMax old=-1, new=0, updated? true
2021-07-05 00:57:00,426 [Listener at 0.0.0.0/15473] INFO  impl.MetricsSystemImpl (MetricsSystemImpl.java:init(158)) - StorageContainerManager metrics system started (again)
2021-07-05 00:57:00,433 [Listener at 0.0.0.0/15473] INFO  server.SCMClientProtocolServer (SCMClientProtocolServer.java:start(163)) - RPC server for Client  is listening at /0.0.0.0:15473
2021-07-05 00:57:00,433 [IPC Server Responder] INFO  ipc.Server (Server.java:run(1497)) - IPC Server Responder: starting
2021-07-05 00:57:00,433 [IPC Server listener on 15473] INFO  ipc.Server (Server.java:run(1334)) - IPC Server listener on 15473: starting
2021-07-05 00:57:00,436 [Listener at 0.0.0.0/15473] INFO  server.StorageContainerManager (StorageContainerManager.java:start(1229)) - ScmBlockLocationProtocol RPC server is listening at /0.0.0.0:15472
2021-07-05 00:57:00,437 [Listener at 0.0.0.0/15473] INFO  server.SCMBlockProtocolServer (SCMBlockProtocolServer.java:start(151)) - RPC server for Block Protocol is listening at /0.0.0.0:15472
2021-07-05 00:57:00,441 [IPC Server Responder] INFO  ipc.Server (Server.java:run(1497)) - IPC Server Responder: starting
2021-07-05 00:57:00,441 [IPC Server listener on 15472] INFO  ipc.Server (Server.java:run(1334)) - IPC Server listener on 15472: starting
2021-07-05 00:57:00,444 [Listener at 0.0.0.0/15473] INFO  server.StorageContainerManager (StorageContainerManager.java:start(1235)) - ScmDatanodeProtocl RPC server is listening at /0.0.0.0:15471
2021-07-05 00:57:00,448 [Listener at 0.0.0.0/15473] INFO  http.BaseHttpServer (BaseHttpServer.java:newHttpServer2BuilderForOzone(209)) - Starting Web-server for scm at: http://0.0.0.0:15468
2021-07-05 00:57:00,448 [Listener at 0.0.0.0/15473] INFO  http.BaseHttpServer (BaseHttpServer.java:<init>(107)) - Hadoop Security Enabled: false Ozone Security Enabled: false Ozone HTTP Security Enabled: false 
2021-07-05 00:57:00,448 [org.apache.hadoop.util.JvmPauseMonitor$Monitor@53da2aec] INFO  util.JvmPauseMonitor (JvmPauseMonitor.java:run(188)) - Starting JVM pause monitor
2021-07-05 00:57:00,450 [Listener at 0.0.0.0/15473] INFO  server.AuthenticationFilter (AuthenticationFilter.java:constructSecretProvider(240)) - Unable to initialize FileSignerSecretProvider, falling back to use random secrets.
2021-07-05 00:57:00,452 [Listener at 0.0.0.0/15473] WARN  http.HttpRequestLog (HttpRequestLog.java:getRequestLog(103)) - Jetty request log can only be enabled using Log4j
2021-07-05 00:57:00,454 [Listener at 0.0.0.0/15473] INFO  http.HttpServer2 (HttpServer2.java:addGlobalFilter(1020)) - Added global filter 'safety' (class=org.apache.hadoop.hdds.server.http.HttpServer2$QuotingInputFilter)
2021-07-05 00:57:00,455 [Listener at 0.0.0.0/15473] INFO  http.HttpServer2 (HttpServer2.java:addFilter(996)) - Added filter static_user_filter (class=org.apache.hadoop.http.lib.StaticUserWebFilter$StaticUserFilter) to context scm
2021-07-05 00:57:00,455 [Listener at 0.0.0.0/15473] INFO  http.HttpServer2 (HttpServer2.java:addFilter(1004)) - Added filter static_user_filter (class=org.apache.hadoop.http.lib.StaticUserWebFilter$StaticUserFilter) to context static
2021-07-05 00:57:00,455 [Listener at 0.0.0.0/15473] INFO  http.HttpServer2 (HttpServer2.java:addFilter(1004)) - Added filter static_user_filter (class=org.apache.hadoop.http.lib.StaticUserWebFilter$StaticUserFilter) to context logs
2021-07-05 00:57:00,456 [Listener at 0.0.0.0/15473] INFO  http.HttpServer2 (HttpServer2.java:bindListener(1238)) - Jetty bound to port 15468
2021-07-05 00:57:00,456 [Listener at 0.0.0.0/15473] INFO  server.Server (Server.java:doStart(375)) - jetty-9.4.35.v20201120; built: 2020-11-20T21:17:03.964Z; git: bdc54f03a5e0a7e280fab27f55c3c75ee8da89fb; jvm 1.8.0_292-b10
2021-07-05 00:57:00,460 [Listener at 0.0.0.0/15473] INFO  server.session (DefaultSessionIdManager.java:doStart(334)) - DefaultSessionIdManager workerName=node0
2021-07-05 00:57:00,461 [Listener at 0.0.0.0/15473] INFO  server.session (DefaultSessionIdManager.java:doStart(339)) - No SessionScavenger set, using defaults
2021-07-05 00:57:00,461 [Listener at 0.0.0.0/15473] INFO  server.session (HouseKeeper.java:startScavenging(132)) - node0 Scavenging every 600000ms
2021-07-05 00:57:00,462 [Listener at 0.0.0.0/15473] INFO  handler.ContextHandler (ContextHandler.java:doStart(916)) - Started o.e.j.s.ServletContextHandler@720c0996{logs,/logs,file:///home/runner/work/ozone/ozone/mnt/ozone/hadoop-ozone/integration-test/target/log,AVAILABLE}
2021-07-05 00:57:00,462 [Listener at 0.0.0.0/15473] INFO  handler.ContextHandler (ContextHandler.java:doStart(916)) - Started o.e.j.s.ServletContextHandler@460aa24e{static,/static,file:///home/runner/work/ozone/ozone/mnt/ozone/hadoop-ozone/integration-test/target/test-classes/webapps/static,AVAILABLE}
2021-07-05 00:57:00,471 [Listener at 0.0.0.0/15473] INFO  handler.ContextHandler (ContextHandler.java:doStart(916)) - Started o.e.j.w.WebAppContext@69ed96e1{scm,/,file:///home/runner/work/ozone/ozone/mnt/ozone/hadoop-ozone/integration-test/target/test-classes/webapps/scm/,AVAILABLE}{file:/home/runner/work/ozone/ozone/mnt/ozone/hadoop-ozone/integration-test/target/test-classes/webapps/scm}
2021-07-05 00:57:00,473 [Listener at 0.0.0.0/15473] INFO  server.AbstractConnector (AbstractConnector.java:doStart(331)) - Started ServerConnector@7f9e6167{HTTP/1.1, (http/1.1)}{0.0.0.0:15468}
2021-07-05 00:57:00,473 [Listener at 0.0.0.0/15473] INFO  server.Server (Server.java:doStart(415)) - Started @18804ms
2021-07-05 00:57:00,474 [Listener at 0.0.0.0/15473] WARN  impl.MetricsSystemImpl (MetricsSystemImpl.java:register(279)) - Sink prometheus already exists!
2021-07-05 00:57:00,475 [Listener at 0.0.0.0/15473] INFO  http.BaseHttpServer (BaseHttpServer.java:updateConnectorAddress(329)) - HTTP server of scm listening at http://0.0.0.0:15468
2021-07-05 00:57:00,475 [Listener at 0.0.0.0/15473] INFO  ozone.MiniOzoneHAClusterImpl (MiniOzoneHAClusterImpl.java:createSCMService(537)) - Started SCM RPC server at org.apache.hadoop.hdds.scm.server.SCMClientProtocolServer@61648dd2
2021-07-05 00:57:00,476 [Listener at 0.0.0.0/15473] INFO  ha.SCMHANodeDetails (SCMHANodeDetails.java:loadSCMHAConfig(157)) - ServiceID for StorageContainerManager is scm-service-test1
2021-07-05 00:57:00,476 [Listener at 0.0.0.0/15473] INFO  ha.SCMHANodeDetails (SCMHANodeDetails.java:loadSCMHAConfig(168)) - ServiceID for StorageContainerManager is scm-service-test1
2021-07-05 00:57:00,476 [Listener at 0.0.0.0/15473] WARN  scm.ScmUtils (ScmUtils.java:logWarn(179)) - ConfigKey ozone.scm.block.client.address is deprecated, For configuring different ports for each SCM use PortConfigKey ozone.scm.block.client.port appended with serviceId and nodeId. If want to configure same port configure ozone.scm.block.client.port
2021-07-05 00:57:00,477 [Listener at 0.0.0.0/15473] WARN  scm.ScmUtils (ScmUtils.java:logWarn(179)) - ConfigKey ozone.scm.client.address is deprecated, For configuring different ports for each SCM use PortConfigKey ozone.scm.client.port appended with serviceId and nodeId. If want to configure same port configure ozone.scm.client.port
2021-07-05 00:57:00,477 [Listener at 0.0.0.0/15473] WARN  scm.ScmUtils (ScmUtils.java:logWarn(179)) - ConfigKey ozone.scm.datanode.address is deprecated, For configuring different ports for each SCM use PortConfigKey ozone.scm.datanode.port appended with serviceId and nodeId. If want to configure same port configure ozone.scm.datanode.port
2021-07-05 00:57:00,478 [Listener at 0.0.0.0/15473] WARN  scm.ScmUtils (ScmUtils.java:logWarn(179)) - ConfigKey ozone.scm.block.client.address is deprecated, For configuring different ports for each SCM use PortConfigKey ozone.scm.block.client.port appended with serviceId and nodeId. If want to configure same port configure ozone.scm.block.client.port
2021-07-05 00:57:00,478 [Listener at 0.0.0.0/15473] WARN  scm.ScmUtils (ScmUtils.java:logWarn(179)) - ConfigKey ozone.scm.client.address is deprecated, For configuring different ports for each SCM use PortConfigKey ozone.scm.client.port appended with serviceId and nodeId. If want to configure same port configure ozone.scm.client.port
2021-07-05 00:57:00,479 [Listener at 0.0.0.0/15473] WARN  scm.ScmUtils (ScmUtils.java:logWarn(179)) - ConfigKey ozone.scm.datanode.address is deprecated, For configuring different ports for each SCM use PortConfigKey ozone.scm.datanode.port appended with serviceId and nodeId. If want to configure same port configure ozone.scm.datanode.port
2021-07-05 00:57:00,481 [Listener at 0.0.0.0/15473] INFO  ha.SCMHANodeDetails (SCMHANodeDetails.java:loadSCMHAConfig(250)) - Found matching SCM address with SCMServiceId: scm-service-test1, SCMNodeId: scmNode-3, RPC Address: localhost:15480 and Ratis port: 15480
2021-07-05 00:57:00,481 [Listener at 0.0.0.0/15473] INFO  ha.SCMHANodeDetails (ConfUtils.java:setNodeSpecificConfigs(108)) - Setting configuration key ozone.scm.datanode.address with value of key ozone.scm.datanode.address.scm-service-test1.scmNode-3: 127.0.0.1:15481
2021-07-05 00:57:00,481 [Listener at 0.0.0.0/15473] INFO  ha.SCMHANodeDetails (ConfUtils.java:setNodeSpecificConfigs(108)) - Setting configuration key ozone.scm.block.client.address with value of key ozone.scm.block.client.address.scm-service-test1.scmNode-3: 127.0.0.1:15482
2021-07-05 00:57:00,482 [Listener at 0.0.0.0/15473] INFO  ha.SCMHANodeDetails (ConfUtils.java:setNodeSpecificConfigs(108)) - Setting configuration key ozone.scm.client.address with value of key ozone.scm.client.address.scm-service-test1.scmNode-3: 127.0.0.1:15483
2021-07-05 00:57:00,482 [Listener at 0.0.0.0/15473] INFO  ha.SCMHANodeDetails (ConfUtils.java:setNodeSpecificConfigs(108)) - Setting configuration key ozone.scm.ratis.port with value of key ozone.scm.ratis.port.scm-service-test1.scmNode-3: 15480
2021-07-05 00:57:00,482 [Listener at 0.0.0.0/15473] INFO  ha.SCMHANodeDetails (ConfUtils.java:setNodeSpecificConfigs(108)) - Setting configuration key ozone.scm.grpc.port with value of key ozone.scm.grpc.port.scm-service-test1.scmNode-3: 15484
2021-07-05 00:57:00,482 [Listener at 0.0.0.0/15473] INFO  ha.SCMHANodeDetails (ConfUtils.java:setNodeSpecificConfigs(108)) - Setting configuration key ozone.scm.http-address with value of key ozone.scm.http-address.scm-service-test1.scmNode-3: 127.0.0.1:15478
2021-07-05 00:57:00,482 [Listener at 0.0.0.0/15473] INFO  ha.SCMHANodeDetails (ConfUtils.java:setNodeSpecificConfigs(108)) - Setting configuration key ozone.scm.https-address with value of key ozone.scm.https-address.scm-service-test1.scmNode-3: 127.0.0.1:15479
2021-07-05 00:57:00,483 [Listener at 0.0.0.0/15473] INFO  ha.SCMHANodeDetails (ConfUtils.java:setNodeSpecificConfigs(108)) - Setting configuration key ozone.scm.address with value of key ozone.scm.address.scm-service-test1.scmNode-3: 127.0.0.1
2021-07-05 00:57:00,483 [Listener at 0.0.0.0/15473] WARN  scm.ScmUtils (ScmUtils.java:logWarn(179)) - ConfigKey ozone.scm.block.client.address is deprecated, For configuring different ports for each SCM use PortConfigKey ozone.scm.block.client.port appended with serviceId and nodeId. If want to configure same port configure ozone.scm.block.client.port
2021-07-05 00:57:00,484 [Listener at 0.0.0.0/15473] WARN  scm.ScmUtils (ScmUtils.java:logWarn(179)) - ConfigKey ozone.scm.client.address is deprecated, For configuring different ports for each SCM use PortConfigKey ozone.scm.client.port appended with serviceId and nodeId. If want to configure same port configure ozone.scm.client.port
2021-07-05 00:57:00,484 [Listener at 0.0.0.0/15473] WARN  scm.ScmUtils (ScmUtils.java:logWarn(179)) - ConfigKey ozone.scm.datanode.address is deprecated, For configuring different ports for each SCM use PortConfigKey ozone.scm.datanode.port appended with serviceId and nodeId. If want to configure same port configure ozone.scm.datanode.port
2021-07-05 00:57:00,484 [Listener at 0.0.0.0/15473] WARN  server.ServerUtils (ServerUtils.java:getScmDbDir(148)) - ozone.scm.db.dirs is not configured. We recommend adding this setting. Falling back to ozone.metadata.dirs instead.
2021-07-05 00:57:00,486 [Listener at 0.0.0.0/15473] INFO  ha.SCMNodeInfo (SCMNodeInfo.java:getPort(197)) - ConfigKey ozone.scm.client.address is deprecated, For configuring different ports for each SCM use PortConfigKey ozone.scm.client.port appended with serviceId and nodeId
2021-07-05 00:57:00,487 [Listener at 0.0.0.0/15473] INFO  ha.SCMNodeInfo (SCMNodeInfo.java:getPort(197)) - ConfigKey ozone.scm.block.client.address is deprecated, For configuring different ports for each SCM use PortConfigKey ozone.scm.block.client.port appended with serviceId and nodeId
2021-07-05 00:57:00,487 [Listener at 0.0.0.0/15473] INFO  ha.SCMNodeInfo (SCMNodeInfo.java:getPort(197)) - ConfigKey ozone.scm.datanode.address is deprecated, For configuring different ports for each SCM use PortConfigKey ozone.scm.datanode.port appended with serviceId and nodeId
2021-07-05 00:57:00,487 [Listener at 0.0.0.0/15473] INFO  ha.SCMNodeInfo (SCMNodeInfo.java:getPort(197)) - ConfigKey ozone.scm.client.address is deprecated, For configuring different ports for each SCM use PortConfigKey ozone.scm.client.port appended with serviceId and nodeId
2021-07-05 00:57:00,487 [Listener at 0.0.0.0/15473] INFO  ha.SCMNodeInfo (SCMNodeInfo.java:getPort(197)) - ConfigKey ozone.scm.block.client.address is deprecated, For configuring different ports for each SCM use PortConfigKey ozone.scm.block.client.port appended with serviceId and nodeId
2021-07-05 00:57:00,488 [Listener at 0.0.0.0/15473] INFO  ha.SCMNodeInfo (SCMNodeInfo.java:getPort(197)) - ConfigKey ozone.scm.datanode.address is deprecated, For configuring different ports for each SCM use PortConfigKey ozone.scm.datanode.port appended with serviceId and nodeId
2021-07-05 00:57:00,488 [Listener at 0.0.0.0/15473] INFO  ha.SCMNodeInfo (SCMNodeInfo.java:getPort(197)) - ConfigKey ozone.scm.client.address is deprecated, For configuring different ports for each SCM use PortConfigKey ozone.scm.client.port appended with serviceId and nodeId
2021-07-05 00:57:00,489 [Listener at 0.0.0.0/15473] INFO  ha.SCMNodeInfo (SCMNodeInfo.java:getPort(197)) - ConfigKey ozone.scm.block.client.address is deprecated, For configuring different ports for each SCM use PortConfigKey ozone.scm.block.client.port appended with serviceId and nodeId
2021-07-05 00:57:00,489 [Listener at 0.0.0.0/15473] INFO  ha.SCMNodeInfo (SCMNodeInfo.java:getPort(197)) - ConfigKey ozone.scm.datanode.address is deprecated, For configuring different ports for each SCM use PortConfigKey ozone.scm.datanode.port appended with serviceId and nodeId
2021-07-05 00:57:00,497 [Listener at 0.0.0.0/15473] INFO  server.StorageContainerManager (StorageContainerManager.java:scmBootstrap(921)) - SCM BootStrap  is successful for ClusterID 47f02201-3656-42a8-b726-2c1689f4816b, SCMID ce66836c-a1aa-4a5b-a828-f737f8336e2d
2021-07-05 00:57:00,498 [Listener at 0.0.0.0/15473] INFO  server.StorageContainerManager (StorageContainerManager.java:scmBootstrap(923)) - Primary SCM Node ID 431daa7d-f040-4c11-a1fb-891b2bc8b6a1
2021-07-05 00:57:00,498 [Listener at 0.0.0.0/15473] INFO  ha.SCMHANodeDetails (SCMHANodeDetails.java:loadSCMHAConfig(157)) - ServiceID for StorageContainerManager is scm-service-test1
2021-07-05 00:57:00,498 [Listener at 0.0.0.0/15473] INFO  ha.SCMHANodeDetails (SCMHANodeDetails.java:loadSCMHAConfig(168)) - ServiceID for StorageContainerManager is scm-service-test1
2021-07-05 00:57:00,498 [Listener at 0.0.0.0/15473] WARN  scm.ScmUtils (ScmUtils.java:logWarn(179)) - ConfigKey ozone.scm.block.client.address is deprecated, For configuring different ports for each SCM use PortConfigKey ozone.scm.block.client.port appended with serviceId and nodeId. If want to configure same port configure ozone.scm.block.client.port
2021-07-05 00:57:00,498 [Listener at 0.0.0.0/15473] WARN  scm.ScmUtils (ScmUtils.java:logWarn(179)) - ConfigKey ozone.scm.client.address is deprecated, For configuring different ports for each SCM use PortConfigKey ozone.scm.client.port appended with serviceId and nodeId. If want to configure same port configure ozone.scm.client.port
2021-07-05 00:57:00,499 [Listener at 0.0.0.0/15473] WARN  scm.ScmUtils (ScmUtils.java:logWarn(179)) - ConfigKey ozone.scm.datanode.address is deprecated, For configuring different ports for each SCM use PortConfigKey ozone.scm.datanode.port appended with serviceId and nodeId. If want to configure same port configure ozone.scm.datanode.port
2021-07-05 00:57:00,499 [Listener at 0.0.0.0/15473] WARN  scm.ScmUtils (ScmUtils.java:logWarn(179)) - ConfigKey ozone.scm.block.client.address is deprecated, For configuring different ports for each SCM use PortConfigKey ozone.scm.block.client.port appended with serviceId and nodeId. If want to configure same port configure ozone.scm.block.client.port
2021-07-05 00:57:00,499 [Listener at 0.0.0.0/15473] WARN  scm.ScmUtils (ScmUtils.java:logWarn(179)) - ConfigKey ozone.scm.client.address is deprecated, For configuring different ports for each SCM use PortConfigKey ozone.scm.client.port appended with serviceId and nodeId. If want to configure same port configure ozone.scm.client.port
2021-07-05 00:57:00,499 [Listener at 0.0.0.0/15473] WARN  scm.ScmUtils (ScmUtils.java:logWarn(179)) - ConfigKey ozone.scm.datanode.address is deprecated, For configuring different ports for each SCM use PortConfigKey ozone.scm.datanode.port appended with serviceId and nodeId. If want to configure same port configure ozone.scm.datanode.port
2021-07-05 00:57:00,500 [Listener at 0.0.0.0/15473] INFO  ha.SCMHANodeDetails (SCMHANodeDetails.java:loadSCMHAConfig(250)) - Found matching SCM address with SCMServiceId: scm-service-test1, SCMNodeId: scmNode-3, RPC Address: localhost:15480 and Ratis port: 15480
2021-07-05 00:57:00,500 [Listener at 0.0.0.0/15473] INFO  ha.SCMHANodeDetails (ConfUtils.java:setNodeSpecificConfigs(108)) - Setting configuration key ozone.scm.datanode.address with value of key ozone.scm.datanode.address.scm-service-test1.scmNode-3: 127.0.0.1:15481
2021-07-05 00:57:00,500 [Listener at 0.0.0.0/15473] INFO  ha.SCMHANodeDetails (ConfUtils.java:setNodeSpecificConfigs(108)) - Setting configuration key ozone.scm.block.client.address with value of key ozone.scm.block.client.address.scm-service-test1.scmNode-3: 127.0.0.1:15482
2021-07-05 00:57:00,500 [Listener at 0.0.0.0/15473] INFO  ha.SCMHANodeDetails (ConfUtils.java:setNodeSpecificConfigs(108)) - Setting configuration key ozone.scm.client.address with value of key ozone.scm.client.address.scm-service-test1.scmNode-3: 127.0.0.1:15483
2021-07-05 00:57:00,500 [Listener at 0.0.0.0/15473] INFO  ha.SCMHANodeDetails (ConfUtils.java:setNodeSpecificConfigs(108)) - Setting configuration key ozone.scm.ratis.port with value of key ozone.scm.ratis.port.scm-service-test1.scmNode-3: 15480
2021-07-05 00:57:00,500 [Listener at 0.0.0.0/15473] INFO  ha.SCMHANodeDetails (ConfUtils.java:setNodeSpecificConfigs(108)) - Setting configuration key ozone.scm.grpc.port with value of key ozone.scm.grpc.port.scm-service-test1.scmNode-3: 15484
2021-07-05 00:57:00,501 [Listener at 0.0.0.0/15473] INFO  ha.SCMHANodeDetails (ConfUtils.java:setNodeSpecificConfigs(108)) - Setting configuration key ozone.scm.http-address with value of key ozone.scm.http-address.scm-service-test1.scmNode-3: 127.0.0.1:15478
2021-07-05 00:57:00,501 [Listener at 0.0.0.0/15473] INFO  ha.SCMHANodeDetails (ConfUtils.java:setNodeSpecificConfigs(108)) - Setting configuration key ozone.scm.https-address with value of key ozone.scm.https-address.scm-service-test1.scmNode-3: 127.0.0.1:15479
2021-07-05 00:57:00,501 [Listener at 0.0.0.0/15473] INFO  ha.SCMHANodeDetails (ConfUtils.java:setNodeSpecificConfigs(108)) - Setting configuration key ozone.scm.address with value of key ozone.scm.address.scm-service-test1.scmNode-3: 127.0.0.1
2021-07-05 00:57:00,501 [Listener at 0.0.0.0/15473] WARN  scm.ScmUtils (ScmUtils.java:logWarn(179)) - ConfigKey ozone.scm.block.client.address is deprecated, For configuring different ports for each SCM use PortConfigKey ozone.scm.block.client.port appended with serviceId and nodeId. If want to configure same port configure ozone.scm.block.client.port
2021-07-05 00:57:00,502 [Listener at 0.0.0.0/15473] WARN  scm.ScmUtils (ScmUtils.java:logWarn(179)) - ConfigKey ozone.scm.client.address is deprecated, For configuring different ports for each SCM use PortConfigKey ozone.scm.client.port appended with serviceId and nodeId. If want to configure same port configure ozone.scm.client.port
2021-07-05 00:57:00,502 [Listener at 0.0.0.0/15473] WARN  scm.ScmUtils (ScmUtils.java:logWarn(179)) - ConfigKey ozone.scm.datanode.address is deprecated, For configuring different ports for each SCM use PortConfigKey ozone.scm.datanode.port appended with serviceId and nodeId. If want to configure same port configure ozone.scm.datanode.port
2021-07-05 00:57:00,503 [Listener at 0.0.0.0/15473] WARN  server.ServerUtils (ServerUtils.java:getScmDbDir(148)) - ozone.scm.db.dirs is not configured. We recommend adding this setting. Falling back to ozone.metadata.dirs instead.
2021-07-05 00:57:00,503 [Listener at 0.0.0.0/15473] WARN  utils.HAUtils (HAUtils.java:getMetaDir(342)) - ozone.scm.db.dirs is not configured. We recommend adding this setting. Falling back to ozone.metadata.dirs instead.
2021-07-05 00:57:00,504 [Listener at 0.0.0.0/15473] WARN  db.DBStoreBuilder (DBStoreBuilder.java:applyDBDefinition(145)) - ozone.scm.db.dirs is not configured. We recommend adding this setting. Falling back to ozone.metadata.dirs instead.
2021-07-05 00:57:00,581 [Listener at 0.0.0.0/15473] INFO  net.NodeSchemaLoader (NodeSchemaLoader.java:loadSchemaFromFile(129)) - Loading schema from [jar:file:/home/runner/.m2/repository/org/apache/ozone/hdds-common/1.2.0-SNAPSHOT/hdds-common-1.2.0-SNAPSHOT.jar!/network-topology-default.xml]
2021-07-05 00:57:00,582 [Listener at 0.0.0.0/15473] INFO  net.NodeSchemaLoader (NodeSchemaLoader.java:loadSchema(176)) - Loading network topology layer schema file
2021-07-05 00:57:00,586 [Listener at 0.0.0.0/15473] INFO  ha.SCMRatisServerImpl (SCMRatisServerImpl.java:<init>(85)) - starting Raft server for scm:ce66836c-a1aa-4a5b-a828-f737f8336e2d
2021-07-05 00:57:00,587 [Listener at 0.0.0.0/15473] INFO  server.RaftServer (ConfUtils.java:logGet(44)) - raft.rpc.type = GRPC (default)
2021-07-05 00:57:00,588 [Listener at 0.0.0.0/15473] INFO  grpc.GrpcFactory (GrpcFactory.java:checkPooledByteBufAllocatorUseCacheForAllThreads(48)) - PERFORMANCE WARNING: useCacheForAllThreads is true that may cause Netty to create a lot garbage objects and, as a result, trigger GC.
	It is recommended to disable useCacheForAllThreads by setting -Dorg.apache.ratis.thirdparty.io.netty.allocator.useCacheForAllThreads=false in command line.
2021-07-05 00:57:00,588 [Listener at 0.0.0.0/15473] INFO  grpc.GrpcConfigKeys (ConfUtils.java:logGet(44)) - raft.grpc.admin.port = -1 (default)
2021-07-05 00:57:00,588 [Listener at 0.0.0.0/15473] INFO  grpc.GrpcConfigKeys (ConfUtils.java:logGet(44)) - raft.grpc.server.port = 15480 (custom)
2021-07-05 00:57:00,588 [Listener at 0.0.0.0/15473] INFO  grpc.GrpcConfigKeys (ConfUtils.java:logGet(44)) - raft.grpc.client.port = -1 (default)
2021-07-05 00:57:00,588 [Listener at 0.0.0.0/15473] INFO  grpc.GrpcConfigKeys (ConfUtils.java:logGet(44)) - raft.grpc.server.port = 15480 (custom)
2021-07-05 00:57:00,588 [Listener at 0.0.0.0/15473] INFO  grpc.GrpcConfigKeys (ConfUtils.java:logGet(44)) - raft.grpc.server.port = 15480 (custom)
2021-07-05 00:57:00,589 [Listener at 0.0.0.0/15473] INFO  server.GrpcService (ConfUtils.java:logGet(44)) - raft.grpc.message.size.max = 32m (=33554432) (custom)
2021-07-05 00:57:00,589 [Listener at 0.0.0.0/15473] INFO  server.RaftServerConfigKeys (ConfUtils.java:logGet(44)) - raft.server.log.appender.buffer.byte-limit = 33554432 (custom)
2021-07-05 00:57:00,589 [Listener at 0.0.0.0/15473] INFO  server.GrpcService (ConfUtils.java:logGet(44)) - raft.grpc.flow.control.window = 1MB (=1048576) (default)
2021-07-05 00:57:00,589 [Listener at 0.0.0.0/15473] INFO  server.RaftServerConfigKeys (ConfUtils.java:logGet(44)) - raft.server.rpc.request.timeout = 30000ms (custom)
2021-07-05 00:57:00,590 [Listener at 0.0.0.0/15473] INFO  impl.DataStreamServerImpl (ConfUtils.java:logGet(44)) - raft.datastream.type = DISABLED (default)
2021-07-05 00:57:00,591 [Listener at 0.0.0.0/15473] INFO  server.RaftServerConfigKeys (ConfUtils.java:logGet(44)) - raft.server.rpc.slowness.timeout = 120000ms (custom)
2021-07-05 00:57:00,591 [Listener at 0.0.0.0/15473] INFO  server.RaftServerConfigKeys (ConfUtils.java:logGet(44)) - raft.server.leaderelection.leader.step-down.wait-time = 10s (default)
2021-07-05 00:57:00,591 [Listener at 0.0.0.0/15473] INFO  server.RaftServerConfigKeys (ConfUtils.java:logGet(44)) - raft.server.storage.dir = [/home/runner/work/ozone/ozone/mnt/ozone/hadoop-ozone/integration-test/target/test-dir/MiniOzoneClusterImpl-47f02201-3656-42a8-b726-2c1689f4816b/scmNode-3/scm-ha] (custom)
2021-07-05 00:57:00,596 [Listener at 0.0.0.0/15473] INFO  server.RaftServer (RaftServerProxy.java:addNew(95)) - ce66836c-a1aa-4a5b-a828-f737f8336e2d: addNew group-2C1689F4816B:[] returns group-2C1689F4816B:java.util.concurrent.CompletableFuture@7320750c[Not completed]
2021-07-05 00:57:00,597 [pool-54-thread-1] INFO  server.RaftServer$Division (RaftServerImpl.java:<init>(180)) - ce66836c-a1aa-4a5b-a828-f737f8336e2d: new RaftServerImpl for group-2C1689F4816B:[] with SCMStateMachine:uninitialized
2021-07-05 00:57:00,598 [pool-54-thread-1] INFO  server.RaftServerConfigKeys (ConfUtils.java:logGet(44)) - raft.server.rpc.timeout.min = 5000ms (custom)
2021-07-05 00:57:00,598 [pool-54-thread-1] INFO  server.RaftServerConfigKeys (ConfUtils.java:logGet(44)) - raft.server.rpc.timeout.max = 5200ms (custom)
2021-07-05 00:57:00,598 [pool-54-thread-1] INFO  server.RaftServerConfigKeys (ConfUtils.java:logGet(44)) - raft.server.rpc.sleep.time = 25ms (default)
2021-07-05 00:57:00,598 [pool-54-thread-1] INFO  server.RaftServerConfigKeys (ConfUtils.java:logGet(44)) - raft.server.rpc.slowness.timeout = 120000ms (custom)
2021-07-05 00:57:00,599 [pool-54-thread-1] INFO  server.RaftServerConfigKeys (ConfUtils.java:logGet(44)) - raft.server.leaderelection.leader.step-down.wait-time = 10s (default)
2021-07-05 00:57:00,599 [pool-54-thread-1] INFO  server.RaftServerConfigKeys (ConfUtils.java:logGet(44)) - raft.server.sleep.deviation.threshold = 300ms (default)
2021-07-05 00:57:00,599 [pool-54-thread-1] INFO  server.RaftServerConfigKeys (ConfUtils.java:logGet(44)) - raft.server.log.appender.install.snapshot.enabled = false (custom)
2021-07-05 00:57:00,599 [pool-54-thread-1] INFO  server.RaftServer$Division (ServerState.java:<init>(105)) - ce66836c-a1aa-4a5b-a828-f737f8336e2d@group-2C1689F4816B: ConfigurationManager, init=-1: [], old=null, confs=<EMPTY_MAP>
2021-07-05 00:57:00,599 [pool-54-thread-1] INFO  server.RaftServerConfigKeys (ConfUtils.java:logGet(44)) - raft.server.storage.dir = [/home/runner/work/ozone/ozone/mnt/ozone/hadoop-ozone/integration-test/target/test-dir/MiniOzoneClusterImpl-47f02201-3656-42a8-b726-2c1689f4816b/scmNode-3/scm-ha] (custom)
2021-07-05 00:57:00,600 [pool-54-thread-1] INFO  server.RaftServerConfigKeys (ConfUtils.java:logGet(44)) - raft.server.log.corruption.policy = EXCEPTION (default)
2021-07-05 00:57:00,600 [pool-54-thread-1] INFO  storage.RaftStorageDirectory (RaftStorageDirectoryImpl.java:analyzeStorage(132)) - The storage directory /home/runner/work/ozone/ozone/mnt/ozone/hadoop-ozone/integration-test/target/test-dir/MiniOzoneClusterImpl-47f02201-3656-42a8-b726-2c1689f4816b/scmNode-3/scm-ha/47f02201-3656-42a8-b726-2c1689f4816b does not exist. Creating ...
2021-07-05 00:57:00,601 [pool-54-thread-1] INFO  storage.RaftStorageDirectory (RaftStorageDirectoryImpl.java:tryLock(215)) - Lock on /home/runner/work/ozone/ozone/mnt/ozone/hadoop-ozone/integration-test/target/test-dir/MiniOzoneClusterImpl-47f02201-3656-42a8-b726-2c1689f4816b/scmNode-3/scm-ha/47f02201-3656-42a8-b726-2c1689f4816b/in_use.lock acquired by nodename 4351@fv-az291-681
2021-07-05 00:57:00,604 [pool-54-thread-1] INFO  storage.RaftStorage (RaftStorageImpl.java:format(87)) - Storage directory /home/runner/work/ozone/ozone/mnt/ozone/hadoop-ozone/integration-test/target/test-dir/MiniOzoneClusterImpl-47f02201-3656-42a8-b726-2c1689f4816b/scmNode-3/scm-ha/47f02201-3656-42a8-b726-2c1689f4816b has been successfully formatted.
2021-07-05 00:57:00,604 [pool-54-thread-1] INFO  server.RaftServerConfigKeys (ConfUtils.java:logGet(44)) - raft.server.notification.no-leader.timeout = 60s (default)
2021-07-05 00:57:00,605 [pool-54-thread-1] INFO  server.RaftServerConfigKeys (ConfUtils.java:logGet(44)) - raft.server.log.use.memory = false (default)
2021-07-05 00:57:00,605 [pool-54-thread-1] INFO  server.RaftServerConfigKeys (ConfUtils.java:logGet(44)) - raft.server.log.purge.gap = 5 (custom)
2021-07-05 00:57:00,605 [pool-54-thread-1] INFO  server.RaftServerConfigKeys (ConfUtils.java:logGet(44)) - raft.server.log.appender.buffer.byte-limit = 33554432 (custom)
2021-07-05 00:57:00,605 [pool-54-thread-1] INFO  metrics.RatisMetrics (RatisMetrics.java:lambda$create$0(36)) - Creating Metrics Registry : ratis.log_worker.ce66836c-a1aa-4a5b-a828-f737f8336e2d@group-2C1689F4816B
2021-07-05 00:57:00,606 [pool-54-thread-1] WARN  impl.MetricRegistriesImpl (MetricRegistriesImpl.java:lambda$create$1(65)) - First MetricRegistry has been created without registering reporters. You may need to call MetricRegistries.global().addReporterRegistration(...) before.
2021-07-05 00:57:00,606 [pool-54-thread-1] INFO  server.RaftServerConfigKeys (ConfUtils.java:logGet(44)) - raft.server.log.segment.size.max = 16384 (custom)
2021-07-05 00:57:00,607 [pool-54-thread-1] INFO  server.RaftServerConfigKeys (ConfUtils.java:logGet(44)) - raft.server.log.segment.cache.num.max = 2 (custom)
2021-07-05 00:57:00,607 [pool-54-thread-1] INFO  server.RaftServerConfigKeys (ConfUtils.java:logGet(44)) - raft.server.log.segment.cache.size.max = 200MB (=209715200) (default)
2021-07-05 00:57:00,607 [pool-54-thread-1] INFO  segmented.SegmentedRaftLogWorker (SegmentedRaftLogWorker.java:<init>(182)) - new ce66836c-a1aa-4a5b-a828-f737f8336e2d@group-2C1689F4816B-SegmentedRaftLogWorker for RaftStorageImpl:Storage Directory /home/runner/work/ozone/ozone/mnt/ozone/hadoop-ozone/integration-test/target/test-dir/MiniOzoneClusterImpl-47f02201-3656-42a8-b726-2c1689f4816b/scmNode-3/scm-ha/47f02201-3656-42a8-b726-2c1689f4816b
2021-07-05 00:57:00,607 [pool-54-thread-1] INFO  server.RaftServerConfigKeys (ConfUtils.java:logGet(44)) - raft.server.log.queue.byte-limit = 64MB (=67108864) (default)
2021-07-05 00:57:00,607 [pool-54-thread-1] INFO  server.RaftServerConfigKeys (ConfUtils.java:logGet(44)) - raft.server.log.queue.element-limit = 4096 (default)
2021-07-05 00:57:00,607 [pool-54-thread-1] INFO  server.RaftServerConfigKeys (ConfUtils.java:logGet(44)) - raft.server.log.segment.size.max = 16384 (custom)
2021-07-05 00:57:00,608 [pool-54-thread-1] INFO  server.RaftServerConfigKeys (ConfUtils.java:logGet(44)) - raft.server.log.preallocated.size = 16384 (custom)
2021-07-05 00:57:00,608 [pool-54-thread-1] INFO  server.RaftServerConfigKeys (ConfUtils.java:logGet(44)) - raft.server.log.force.sync.num = 128 (default)
2021-07-05 00:57:00,608 [pool-54-thread-1] INFO  server.RaftServerConfigKeys (ConfUtils.java:logGet(44)) - raft.server.log.statemachine.data.sync = true (default)
2021-07-05 00:57:00,608 [pool-54-thread-1] INFO  server.RaftServerConfigKeys (ConfUtils.java:logGet(44)) - raft.server.log.statemachine.data.sync.timeout = 10s (default)
2021-07-05 00:57:00,611 [pool-54-thread-1] INFO  server.RaftServerConfigKeys (ConfUtils.java:logGet(44)) - raft.server.log.statemachine.data.sync.timeout.retry = -1 (default)
2021-07-05 00:57:00,611 [pool-54-thread-1] INFO  server.RaftServerConfigKeys (ConfUtils.java:logGet(44)) - raft.server.log.write.buffer.size = 64KB (=65536) (default)
2021-07-05 00:57:00,611 [pool-54-thread-1] INFO  server.RaftServerConfigKeys (ConfUtils.java:logGet(44)) - raft.server.log.statemachine.data.caching.enabled = false (default)
2021-07-05 00:57:00,611 [pool-54-thread-1] INFO  segmented.SegmentedRaftLogWorker (SegmentedRaftLogWorker.java:lambda$new$0(133)) - ce66836c-a1aa-4a5b-a828-f737f8336e2d@group-2C1689F4816B-SegmentedRaftLogWorker: flushIndex: setUnconditionally 0 -> -1
2021-07-05 00:57:00,611 [pool-54-thread-1] INFO  segmented.SegmentedRaftLogWorker (SegmentedRaftLogWorker.java:lambda$new$0(133)) - ce66836c-a1aa-4a5b-a828-f737f8336e2d@group-2C1689F4816B-SegmentedRaftLogWorker: safeCacheEvictIndex: setUnconditionally 0 -> -1
2021-07-05 00:57:00,612 [pool-54-thread-1] INFO  server.RaftServerConfigKeys (ConfUtils.java:logGet(44)) - raft.server.snapshot.auto.trigger.enabled = true (custom)
2021-07-05 00:57:00,612 [pool-54-thread-1] INFO  server.RaftServerConfigKeys (ConfUtils.java:logGet(44)) - raft.server.snapshot.auto.trigger.threshold = 5 (custom)
2021-07-05 00:57:00,617 [pool-54-thread-1] INFO  server.RaftServerConfigKeys (ConfUtils.java:logGet(44)) - raft.server.snapshot.retention.file.num = -1 (default)
2021-07-05 00:57:00,617 [pool-54-thread-1] INFO  server.RaftServerConfigKeys (ConfUtils.java:logGet(44)) - raft.server.log.purge.upto.snapshot.index = true (custom)
2021-07-05 00:57:00,617 [pool-54-thread-1] INFO  server.RaftServerConfigKeys (ConfUtils.java:logGet(44)) - raft.server.retrycache.expirytime = 60000ms (default)
2021-07-05 00:57:00,617 [pool-54-thread-1] INFO  server.RaftServerConfigKeys (ConfUtils.java:logGet(44)) - raft.server.retrycache.statistics.expirytime = 100μs (default)
2021-07-05 00:57:00,617 [pool-54-thread-1] INFO  metrics.RatisMetrics (RatisMetrics.java:lambda$create$0(36)) - Creating Metrics Registry : ratis.leader_election.ce66836c-a1aa-4a5b-a828-f737f8336e2d@group-2C1689F4816B
2021-07-05 00:57:00,617 [pool-54-thread-1] WARN  impl.MetricRegistriesImpl (MetricRegistriesImpl.java:lambda$create$1(65)) - First MetricRegistry has been created without registering reporters. You may need to call MetricRegistries.global().addReporterRegistration(...) before.
2021-07-05 00:57:00,617 [pool-54-thread-1] INFO  metrics.RatisMetrics (RatisMetrics.java:lambda$create$0(36)) - Creating Metrics Registry : ratis.server.ce66836c-a1aa-4a5b-a828-f737f8336e2d@group-2C1689F4816B
2021-07-05 00:57:00,617 [pool-54-thread-1] WARN  impl.MetricRegistriesImpl (MetricRegistriesImpl.java:lambda$create$1(65)) - First MetricRegistry has been created without registering reporters. You may need to call MetricRegistries.global().addReporterRegistration(...) before.
2021-07-05 00:57:00,618 [Listener at 0.0.0.0/15473] INFO  ha.SCMSnapshotProvider (SCMSnapshotProvider.java:<init>(66)) - Initializing SCM Snapshot Provider
2021-07-05 00:57:00,618 [Listener at 0.0.0.0/15473] WARN  server.ServerUtils (ServerUtils.java:getDefaultRatisDirectory(237)) - Storage directory for Ratis is not configured. It is a good idea to map this to an SSD disk. Falling back to ozone.metadata.dirs
2021-07-05 00:57:00,619 [Listener at 0.0.0.0/15473] WARN  ha.SCMHAUtils (SCMHAUtils.java:getSCMRatisSnapshotDirectory(142)) - SCM snapshot dir is not configured. Falling back to ozone.metadata.dirs config
2021-07-05 00:57:00,620 [Listener at 0.0.0.0/15473] INFO  ha.SequenceIdGenerator (SequenceIdGenerator.java:upgradeToSequenceId(327)) - upgrade localId to 107544261427200000
2021-07-05 00:57:00,620 [Listener at 0.0.0.0/15473] INFO  ha.SequenceIdGenerator (SequenceIdGenerator.java:upgradeToSequenceId(337)) - upgrade delTxnId to 0
2021-07-05 00:57:00,621 [Listener at 0.0.0.0/15473] INFO  ha.SequenceIdGenerator (SequenceIdGenerator.java:upgradeToSequenceId(351)) - upgrade containerId to 0
2021-07-05 00:57:00,621 [Listener at 0.0.0.0/15473] INFO  ha.SequenceIdGenerator (SequenceIdGenerator.java:<init>(217)) - Init the HA SequenceIdGenerator.
2021-07-05 00:57:00,621 [Listener at 0.0.0.0/15473] WARN  server.ServerUtils (ServerUtils.java:sanitizeUserArgs(73)) - ozone.scm.stale.node.interval value = 300000 is larger than max = 100000 based on the key value of ozone.scm.heartbeat.thread.interval, reset to the max value 100000.
2021-07-05 00:57:00,621 [Listener at 0.0.0.0/15473] WARN  server.ServerUtils (ServerUtils.java:sanitizeUserArgs(73)) - ozone.scm.stale.node.interval value = 300000 is larger than max = 100000 based on the key value of ozone.scm.heartbeat.thread.interval, reset to the max value 100000.
2021-07-05 00:57:00,622 [Listener at 0.0.0.0/15473] INFO  node.SCMNodeManager (SCMNodeManager.java:<init>(125)) - Entering startup safe mode.
2021-07-05 00:57:00,624 [Listener at 0.0.0.0/15473] INFO  algorithms.ContainerPlacementPolicyFactory (ContainerPlacementPolicyFactory.java:getPolicy(60)) - Create container placement policy of type org.apache.hadoop.hdds.scm.container.placement.algorithms.SCMContainerPlacementRandom
2021-07-05 00:57:00,624 [Listener at 0.0.0.0/15473] INFO  pipeline.PipelineStateManager (PipelineStateManagerV2Impl.java:initialize(78)) - No pipeline exists in current db
2021-07-05 00:57:00,624 [Listener at 0.0.0.0/15473] INFO  algorithms.LeaderChoosePolicyFactory (LeaderChoosePolicyFactory.java:getPolicy(57)) - Create leader choose policy of type org.apache.hadoop.hdds.scm.pipeline.leader.choose.algorithms.MinLeaderCountChoosePolicy
2021-07-05 00:57:00,624 [Listener at 0.0.0.0/15473] INFO  ha.SCMServiceManager (SCMServiceManager.java:register(43)) - Registering service BackgroundPipelineCreator.
2021-07-05 00:57:00,624 [Listener at 0.0.0.0/15473] INFO  pipeline.BackgroundPipelineCreator (BackgroundPipelineCreatorV2.java:start(130)) - Starting RatisPipelineUtilsThread.
2021-07-05 00:57:00,626 [Listener at 0.0.0.0/15473] INFO  algorithms.PipelineChoosePolicyFactory (PipelineChoosePolicyFactory.java:createPipelineChoosePolicyFromClass(73)) - Create pipeline choose policy of type org.apache.hadoop.hdds.scm.pipeline.choose.algorithms.RandomPipelineChoosePolicy
2021-07-05 00:57:00,627 [Listener at 0.0.0.0/15473] INFO  ha.SCMServiceManager (SCMServiceManager.java:register(43)) - Registering service SCMBlockDeletingService.
2021-07-05 00:57:00,627 [Listener at 0.0.0.0/15473] INFO  ha.SCMServiceManager (SCMServiceManager.java:register(43)) - Registering service ReplicationManager.
2021-07-05 00:57:00,627 [Listener at 0.0.0.0/15473] INFO  container.ReplicationManager (ReplicationManager.java:start(219)) - Starting Replication Monitor Thread.
2021-07-05 00:57:00,630 [Listener at 0.0.0.0/15473] INFO  safemode.ContainerSafeModeRule (ContainerSafeModeRule.java:<init>(89)) - containers with one replica threshold count 0
2021-07-05 00:57:00,631 [Listener at 0.0.0.0/15473] INFO  safemode.HealthyPipelineSafeModeRule (HealthyPipelineSafeModeRule.java:initializeRule(156)) - Total pipeline count is 0, healthy pipeline threshold count is 1
2021-07-05 00:57:00,631 [Listener at 0.0.0.0/15473] INFO  safemode.OneReplicaPipelineSafeModeRule (OneReplicaPipelineSafeModeRule.java:initializeRule(180)) - Total pipeline count is 0, pipeline's with at least one datanode reported threshold count is 0
2021-07-05 00:57:00,632 [Listener at 0.0.0.0/15473] INFO  ipc.CallQueueManager (CallQueueManager.java:<init>(85)) - Using callQueue: class java.util.concurrent.LinkedBlockingQueue, queueCapacity: 2000, scheduler: class org.apache.hadoop.ipc.DefaultRpcScheduler, ipcBackoff: false.
2021-07-05 00:57:00,633 [Socket Reader #1 for port 15481] INFO  ipc.Server (Server.java:run(1255)) - Starting Socket Reader #1 for port 15481
2021-07-05 00:57:00,639 [Listener at 0.0.0.0/15481] INFO  ipc.CallQueueManager (CallQueueManager.java:<init>(85)) - Using callQueue: class java.util.concurrent.LinkedBlockingQueue, queueCapacity: 2000, scheduler: class org.apache.hadoop.ipc.DefaultRpcScheduler, ipcBackoff: false.
2021-07-05 00:57:00,639 [Socket Reader #1 for port 15482] INFO  ipc.Server (Server.java:run(1255)) - Starting Socket Reader #1 for port 15482
2021-07-05 00:57:00,642 [Listener at 0.0.0.0/15482] INFO  ipc.CallQueueManager (CallQueueManager.java:<init>(85)) - Using callQueue: class java.util.concurrent.LinkedBlockingQueue, queueCapacity: 2000, scheduler: class org.apache.hadoop.ipc.DefaultRpcScheduler, ipcBackoff: false.
2021-07-05 00:57:00,646 [Socket Reader #1 for port 15483] INFO  ipc.Server (Server.java:run(1255)) - Starting Socket Reader #1 for port 15483
2021-07-05 00:57:00,654 [ReplicationMonitor] INFO  container.ReplicationManager (ReplicationManager.java:run(283)) - Replication Monitor Thread took 0 milliseconds for processing 0 containers.
2021-07-05 00:57:00,671 [Listener at 0.0.0.0/15483] INFO  server.StorageContainerManager (StorageContainerManager.java:<init>(363)) - 
Container Balancer status:
Key                            Value
Running                        true
Container Balancer Configuration values:
Key                            Value
Threshold                      0.1
Max Datanodes to Balance       5
Max Size to Move               10737418240B

2021-07-05 00:57:00,671 [Listener at 0.0.0.0/15483] WARN  events.EventQueue (EventQueue.java:fireEvent(194)) - No event handler registered for event TypedEvent{payloadType=SafeModeStatus, name='Safe mode status'}
2021-07-05 00:57:00,671 [Listener at 0.0.0.0/15483] INFO  ha.SCMContext (SCMContext.java:updateSafeModeStatus(208)) - Update SafeModeStatus from SafeModeStatus{safeModeStatus=true, preCheckPassed=false} to SafeModeStatus{safeModeStatus=true, preCheckPassed=false}.
2021-07-05 00:57:00,672 [Listener at 0.0.0.0/15483] INFO  ozone.MiniOzoneHAClusterImpl (MiniOzoneHAClusterImpl.java:createSCMService(541)) - Intialized SCM at org.apache.hadoop.hdds.scm.server.SCMClientProtocolServer@3922b297. This SCM is currently inactive (not running).
2021-07-05 00:57:00,785 [Listener at 0.0.0.0/15483] INFO  ha.OMHANodeDetails (OMHANodeDetails.java:loadOMHAConfig(111)) - ServiceID for OzoneManager is om-service-test1
2021-07-05 00:57:00,788 [Listener at 0.0.0.0/15483] INFO  ha.OMHANodeDetails (OMHANodeDetails.java:loadOMHAConfig(187)) - Found matching OM address with OMServiceId: om-service-test1, OMNodeId: omNode-1, RPC Address: localhost:12256 and Ratis port: 12260
2021-07-05 00:57:00,788 [Listener at 0.0.0.0/15483] INFO  ha.OMHANodeDetails (ConfUtils.java:setNodeSpecificConfigs(108)) - Setting configuration key ozone.om.http-address with value of key ozone.om.http-address.om-service-test1.omNode-1: 127.0.0.1:12258
2021-07-05 00:57:00,789 [Listener at 0.0.0.0/15483] INFO  ha.OMHANodeDetails (ConfUtils.java:setNodeSpecificConfigs(108)) - Setting configuration key ozone.om.https-address with value of key ozone.om.https-address.om-service-test1.omNode-1: 127.0.0.1:12259
2021-07-05 00:57:00,789 [Listener at 0.0.0.0/15483] INFO  ha.OMHANodeDetails (ConfUtils.java:setNodeSpecificConfigs(108)) - Setting configuration key ozone.om.address with value of key ozone.om.address.om-service-test1.omNode-1: 127.0.0.1:12256
2021-07-05 00:57:00,791 [Listener at 0.0.0.0/15483] WARN  server.ServerUtils (ServerUtils.java:getDBPath(225)) - ozone.om.db.dirs is not configured. We recommend adding this setting. Falling back to ozone.metadata.dirs instead.
2021-07-05 00:57:00,793 [Listener at 0.0.0.0/15483] INFO  ha.SCMNodeInfo (SCMNodeInfo.java:getPort(197)) - ConfigKey ozone.scm.client.address is deprecated, For configuring different ports for each SCM use PortConfigKey ozone.scm.client.port appended with serviceId and nodeId
2021-07-05 00:57:00,793 [Listener at 0.0.0.0/15483] INFO  ha.SCMNodeInfo (SCMNodeInfo.java:getPort(197)) - ConfigKey ozone.scm.block.client.address is deprecated, For configuring different ports for each SCM use PortConfigKey ozone.scm.block.client.port appended with serviceId and nodeId
2021-07-05 00:57:00,793 [Listener at 0.0.0.0/15483] INFO  ha.SCMNodeInfo (SCMNodeInfo.java:getPort(197)) - ConfigKey ozone.scm.datanode.address is deprecated, For configuring different ports for each SCM use PortConfigKey ozone.scm.datanode.port appended with serviceId and nodeId
2021-07-05 00:57:00,793 [Listener at 0.0.0.0/15483] INFO  ha.SCMNodeInfo (SCMNodeInfo.java:getPort(197)) - ConfigKey ozone.scm.client.address is deprecated, For configuring different ports for each SCM use PortConfigKey ozone.scm.client.port appended with serviceId and nodeId
2021-07-05 00:57:00,793 [Listener at 0.0.0.0/15483] INFO  ha.SCMNodeInfo (SCMNodeInfo.java:getPort(197)) - ConfigKey ozone.scm.block.client.address is deprecated, For configuring different ports for each SCM use PortConfigKey ozone.scm.block.client.port appended with serviceId and nodeId
2021-07-05 00:57:00,794 [Listener at 0.0.0.0/15483] INFO  ha.SCMNodeInfo (SCMNodeInfo.java:getPort(197)) - ConfigKey ozone.scm.datanode.address is deprecated, For configuring different ports for each SCM use PortConfigKey ozone.scm.datanode.port appended with serviceId and nodeId
2021-07-05 00:57:00,794 [Listener at 0.0.0.0/15483] INFO  ha.SCMNodeInfo (SCMNodeInfo.java:getPort(197)) - ConfigKey ozone.scm.client.address is deprecated, For configuring different ports for each SCM use PortConfigKey ozone.scm.client.port appended with serviceId and nodeId
2021-07-05 00:57:00,794 [Listener at 0.0.0.0/15483] INFO  ha.SCMNodeInfo (SCMNodeInfo.java:getPort(197)) - ConfigKey ozone.scm.block.client.address is deprecated, For configuring different ports for each SCM use PortConfigKey ozone.scm.block.client.port appended with serviceId and nodeId
2021-07-05 00:57:00,794 [Listener at 0.0.0.0/15483] INFO  ha.SCMNodeInfo (SCMNodeInfo.java:getPort(197)) - ConfigKey ozone.scm.datanode.address is deprecated, For configuring different ports for each SCM use PortConfigKey ozone.scm.datanode.port appended with serviceId and nodeId
OM initialization succeeded.Current cluster id for sd=/home/runner/work/ozone/ozone/mnt/ozone/hadoop-ozone/integration-test/target/test-dir/MiniOzoneClusterImpl-47f02201-3656-42a8-b726-2c1689f4816b/omNode-1/om;cid=47f02201-3656-42a8-b726-2c1689f4816b;layoutVersion=0
2021-07-05 00:57:00,808 [Listener at 0.0.0.0/15483] INFO  ha.OMHANodeDetails (OMHANodeDetails.java:loadOMHAConfig(111)) - ServiceID for OzoneManager is om-service-test1
2021-07-05 00:57:00,811 [Listener at 0.0.0.0/15483] INFO  ha.OMHANodeDetails (OMHANodeDetails.java:loadOMHAConfig(187)) - Found matching OM address with OMServiceId: om-service-test1, OMNodeId: omNode-1, RPC Address: localhost:12256 and Ratis port: 12260
2021-07-05 00:57:00,811 [Listener at 0.0.0.0/15483] INFO  ha.OMHANodeDetails (ConfUtils.java:setNodeSpecificConfigs(108)) - Setting configuration key ozone.om.http-address with value of key ozone.om.http-address.om-service-test1.omNode-1: 127.0.0.1:12258
2021-07-05 00:57:00,812 [Listener at 0.0.0.0/15483] INFO  ha.OMHANodeDetails (ConfUtils.java:setNodeSpecificConfigs(108)) - Setting configuration key ozone.om.https-address with value of key ozone.om.https-address.om-service-test1.omNode-1: 127.0.0.1:12259
2021-07-05 00:57:00,812 [Listener at 0.0.0.0/15483] INFO  ha.OMHANodeDetails (ConfUtils.java:setNodeSpecificConfigs(108)) - Setting configuration key ozone.om.address with value of key ozone.om.address.om-service-test1.omNode-1: 127.0.0.1:12256
2021-07-05 00:57:00,812 [Listener at 0.0.0.0/15483] WARN  server.ServerUtils (ServerUtils.java:getDBPath(225)) - ozone.om.db.dirs is not configured. We recommend adding this setting. Falling back to ozone.metadata.dirs instead.
2021-07-05 00:57:00,812 [Listener at 0.0.0.0/15483] WARN  server.ServerUtils (ServerUtils.java:getDBPath(225)) - ozone.om.db.dirs is not configured. We recommend adding this setting. Falling back to ozone.metadata.dirs instead.
2021-07-05 00:57:00,819 [Listener at 0.0.0.0/15483] INFO  ha.SCMNodeInfo (SCMNodeInfo.java:getPort(197)) - ConfigKey ozone.scm.client.address is deprecated, For configuring different ports for each SCM use PortConfigKey ozone.scm.client.port appended with serviceId and nodeId
2021-07-05 00:57:00,819 [Listener at 0.0.0.0/15483] INFO  ha.SCMNodeInfo (SCMNodeInfo.java:getPort(197)) - ConfigKey ozone.scm.block.client.address is deprecated, For configuring different ports for each SCM use PortConfigKey ozone.scm.block.client.port appended with serviceId and nodeId
2021-07-05 00:57:00,819 [Listener at 0.0.0.0/15483] INFO  ha.SCMNodeInfo (SCMNodeInfo.java:getPort(197)) - ConfigKey ozone.scm.datanode.address is deprecated, For configuring different ports for each SCM use PortConfigKey ozone.scm.datanode.port appended with serviceId and nodeId
2021-07-05 00:57:00,820 [Listener at 0.0.0.0/15483] INFO  ha.SCMNodeInfo (SCMNodeInfo.java:getPort(197)) - ConfigKey ozone.scm.client.address is deprecated, For configuring different ports for each SCM use PortConfigKey ozone.scm.client.port appended with serviceId and nodeId
2021-07-05 00:57:00,820 [Listener at 0.0.0.0/15483] INFO  ha.SCMNodeInfo (SCMNodeInfo.java:getPort(197)) - ConfigKey ozone.scm.block.client.address is deprecated, For configuring different ports for each SCM use PortConfigKey ozone.scm.block.client.port appended with serviceId and nodeId
2021-07-05 00:57:00,820 [Listener at 0.0.0.0/15483] INFO  ha.SCMNodeInfo (SCMNodeInfo.java:getPort(197)) - ConfigKey ozone.scm.datanode.address is deprecated, For configuring different ports for each SCM use PortConfigKey ozone.scm.datanode.port appended with serviceId and nodeId
2021-07-05 00:57:00,820 [Listener at 0.0.0.0/15483] INFO  ha.SCMNodeInfo (SCMNodeInfo.java:getPort(197)) - ConfigKey ozone.scm.client.address is deprecated, For configuring different ports for each SCM use PortConfigKey ozone.scm.client.port appended with serviceId and nodeId
2021-07-05 00:57:00,820 [Listener at 0.0.0.0/15483] INFO  ha.SCMNodeInfo (SCMNodeInfo.java:getPort(197)) - ConfigKey ozone.scm.block.client.address is deprecated, For configuring different ports for each SCM use PortConfigKey ozone.scm.block.client.port appended with serviceId and nodeId
2021-07-05 00:57:00,820 [Listener at 0.0.0.0/15483] INFO  ha.SCMNodeInfo (SCMNodeInfo.java:getPort(197)) - ConfigKey ozone.scm.datanode.address is deprecated, For configuring different ports for each SCM use PortConfigKey ozone.scm.datanode.port appended with serviceId and nodeId
2021-07-05 00:57:00,957 [Listener at 0.0.0.0/15483] INFO  ha.SCMNodeInfo (SCMNodeInfo.java:getPort(197)) - ConfigKey ozone.scm.client.address is deprecated, For configuring different ports for each SCM use PortConfigKey ozone.scm.client.port appended with serviceId and nodeId
2021-07-05 00:57:00,957 [Listener at 0.0.0.0/15483] INFO  ha.SCMNodeInfo (SCMNodeInfo.java:getPort(197)) - ConfigKey ozone.scm.block.client.address is deprecated, For configuring different ports for each SCM use PortConfigKey ozone.scm.block.client.port appended with serviceId and nodeId
2021-07-05 00:57:00,957 [Listener at 0.0.0.0/15483] INFO  ha.SCMNodeInfo (SCMNodeInfo.java:getPort(197)) - ConfigKey ozone.scm.datanode.address is deprecated, For configuring different ports for each SCM use PortConfigKey ozone.scm.datanode.port appended with serviceId and nodeId
2021-07-05 00:57:00,958 [Listener at 0.0.0.0/15483] INFO  ha.SCMNodeInfo (SCMNodeInfo.java:getPort(197)) - ConfigKey ozone.scm.client.address is deprecated, For configuring different ports for each SCM use PortConfigKey ozone.scm.client.port appended with serviceId and nodeId
2021-07-05 00:57:00,958 [Listener at 0.0.0.0/15483] INFO  ha.SCMNodeInfo (SCMNodeInfo.java:getPort(197)) - ConfigKey ozone.scm.block.client.address is deprecated, For configuring different ports for each SCM use PortConfigKey ozone.scm.block.client.port appended with serviceId and nodeId
2021-07-05 00:57:00,958 [Listener at 0.0.0.0/15483] INFO  ha.SCMNodeInfo (SCMNodeInfo.java:getPort(197)) - ConfigKey ozone.scm.datanode.address is deprecated, For configuring different ports for each SCM use PortConfigKey ozone.scm.datanode.port appended with serviceId and nodeId
2021-07-05 00:57:00,958 [Listener at 0.0.0.0/15483] INFO  ha.SCMNodeInfo (SCMNodeInfo.java:getPort(197)) - ConfigKey ozone.scm.client.address is deprecated, For configuring different ports for each SCM use PortConfigKey ozone.scm.client.port appended with serviceId and nodeId
2021-07-05 00:57:00,958 [Listener at 0.0.0.0/15483] INFO  ha.SCMNodeInfo (SCMNodeInfo.java:getPort(197)) - ConfigKey ozone.scm.block.client.address is deprecated, For configuring different ports for each SCM use PortConfigKey ozone.scm.block.client.port appended with serviceId and nodeId
2021-07-05 00:57:00,959 [Listener at 0.0.0.0/15483] INFO  ha.SCMNodeInfo (SCMNodeInfo.java:getPort(197)) - ConfigKey ozone.scm.datanode.address is deprecated, For configuring different ports for each SCM use PortConfigKey ozone.scm.datanode.port appended with serviceId and nodeId
2021-07-05 00:57:00,963 [Listener at 0.0.0.0/15483] INFO  ha.SCMNodeInfo (SCMNodeInfo.java:getPort(197)) - ConfigKey ozone.scm.client.address is deprecated, For configuring different ports for each SCM use PortConfigKey ozone.scm.client.port appended with serviceId and nodeId
2021-07-05 00:57:00,963 [Listener at 0.0.0.0/15483] INFO  ha.SCMNodeInfo (SCMNodeInfo.java:getPort(197)) - ConfigKey ozone.scm.block.client.address is deprecated, For configuring different ports for each SCM use PortConfigKey ozone.scm.block.client.port appended with serviceId and nodeId
2021-07-05 00:57:00,963 [Listener at 0.0.0.0/15483] INFO  ha.SCMNodeInfo (SCMNodeInfo.java:getPort(197)) - ConfigKey ozone.scm.datanode.address is deprecated, For configuring different ports for each SCM use PortConfigKey ozone.scm.datanode.port appended with serviceId and nodeId
2021-07-05 00:57:00,963 [Listener at 0.0.0.0/15483] INFO  ha.SCMNodeInfo (SCMNodeInfo.java:getPort(197)) - ConfigKey ozone.scm.client.address is deprecated, For configuring different ports for each SCM use PortConfigKey ozone.scm.client.port appended with serviceId and nodeId
2021-07-05 00:57:00,963 [Listener at 0.0.0.0/15483] INFO  ha.SCMNodeInfo (SCMNodeInfo.java:getPort(197)) - ConfigKey ozone.scm.block.client.address is deprecated, For configuring different ports for each SCM use PortConfigKey ozone.scm.block.client.port appended with serviceId and nodeId
2021-07-05 00:57:00,964 [Listener at 0.0.0.0/15483] INFO  ha.SCMNodeInfo (SCMNodeInfo.java:getPort(197)) - ConfigKey ozone.scm.datanode.address is deprecated, For configuring different ports for each SCM use PortConfigKey ozone.scm.datanode.port appended with serviceId and nodeId
2021-07-05 00:57:00,964 [Listener at 0.0.0.0/15483] INFO  ha.SCMNodeInfo (SCMNodeInfo.java:getPort(197)) - ConfigKey ozone.scm.client.address is deprecated, For configuring different ports for each SCM use PortConfigKey ozone.scm.client.port appended with serviceId and nodeId
2021-07-05 00:57:00,964 [Listener at 0.0.0.0/15483] INFO  ha.SCMNodeInfo (SCMNodeInfo.java:getPort(197)) - ConfigKey ozone.scm.block.client.address is deprecated, For configuring different ports for each SCM use PortConfigKey ozone.scm.block.client.port appended with serviceId and nodeId
2021-07-05 00:57:00,964 [Listener at 0.0.0.0/15483] INFO  ha.SCMNodeInfo (SCMNodeInfo.java:getPort(197)) - ConfigKey ozone.scm.datanode.address is deprecated, For configuring different ports for each SCM use PortConfigKey ozone.scm.datanode.port appended with serviceId and nodeId
2021-07-05 00:57:00,999 [Listener at 0.0.0.0/15483] WARN  server.ServerUtils (ServerUtils.java:getDBPath(225)) - ozone.om.db.dirs is not configured. We recommend adding this setting. Falling back to ozone.metadata.dirs instead.
2021-07-05 00:57:01,006 [Listener at 0.0.0.0/15483] INFO  codec.OmKeyInfoCodec (OmKeyInfoCodec.java:<init>(51)) - OmKeyInfoCodec ignorePipeline = true
2021-07-05 00:57:01,007 [Listener at 0.0.0.0/15483] INFO  codec.RepeatedOmKeyInfoCodec (RepeatedOmKeyInfoCodec.java:<init>(42)) - RepeatedOmKeyInfoCodec ignorePipeline = true
2021-07-05 00:57:01,236 [Listener at 0.0.0.0/15483] INFO  om.OzoneManager (OzoneManager.java:addS3GVolumeToDB(3804)) - Created Volume s3v With Owner runner required for S3Gateway operations.
2021-07-05 00:57:01,240 [Listener at 0.0.0.0/15483] WARN  server.ServerUtils (ServerUtils.java:getDefaultRatisDirectory(237)) - Storage directory for Ratis is not configured. It is a good idea to map this to an SSD disk. Falling back to ozone.metadata.dirs
2021-07-05 00:57:01,241 [Listener at 0.0.0.0/15483] WARN  ratis.OzoneManagerRatisServer (OzoneManagerRatisServer.java:getOMRatisSnapshotDirectory(634)) - ozone.om.ratis.snapshot.dir is not configured. Falling back to ozone.metadata.dirs config
2021-07-05 00:57:01,246 [Listener at 0.0.0.0/15483] WARN  server.ServerUtils (ServerUtils.java:getDefaultRatisDirectory(237)) - Storage directory for Ratis is not configured. It is a good idea to map this to an SSD disk. Falling back to ozone.metadata.dirs
2021-07-05 00:57:01,249 [Listener at 0.0.0.0/15483] INFO  ratis.OzoneManagerRatisServer (OzoneManagerRatisServer.java:<init>(288)) - Instantiating OM Ratis server with GroupID: om-service-test1 and Raft Peers: localhost:12260
2021-07-05 00:57:01,253 [Listener at 0.0.0.0/15483] INFO  ratis.OzoneManagerStateMachine (OzoneManagerStateMachine.java:loadSnapshotInfoFromDB(520)) - LastAppliedIndex is set from TransactionInfo from OM DB as (t:0, i:~)
2021-07-05 00:57:01,267 [Listener at 0.0.0.0/15483] INFO  server.RaftServer (ConfUtils.java:logGet(44)) - raft.rpc.type = GRPC (default)
2021-07-05 00:57:01,267 [Listener at 0.0.0.0/15483] INFO  grpc.GrpcFactory (GrpcFactory.java:checkPooledByteBufAllocatorUseCacheForAllThreads(48)) - PERFORMANCE WARNING: useCacheForAllThreads is true that may cause Netty to create a lot garbage objects and, as a result, trigger GC.
	It is recommended to disable useCacheForAllThreads by setting -Dorg.apache.ratis.thirdparty.io.netty.allocator.useCacheForAllThreads=false in command line.
2021-07-05 00:57:01,268 [Listener at 0.0.0.0/15483] INFO  grpc.GrpcConfigKeys (ConfUtils.java:logGet(44)) - raft.grpc.admin.port = -1 (default)
2021-07-05 00:57:01,268 [Listener at 0.0.0.0/15483] INFO  grpc.GrpcConfigKeys (ConfUtils.java:logGet(44)) - raft.grpc.server.port = 12260 (custom)
2021-07-05 00:57:01,268 [Listener at 0.0.0.0/15483] INFO  grpc.GrpcConfigKeys (ConfUtils.java:logGet(44)) - raft.grpc.client.port = -1 (default)
2021-07-05 00:57:01,269 [Listener at 0.0.0.0/15483] INFO  grpc.GrpcConfigKeys (ConfUtils.java:logGet(44)) - raft.grpc.server.port = 12260 (custom)
2021-07-05 00:57:01,269 [Listener at 0.0.0.0/15483] INFO  grpc.GrpcConfigKeys (ConfUtils.java:logGet(44)) - raft.grpc.server.port = 12260 (custom)
2021-07-05 00:57:01,269 [Listener at 0.0.0.0/15483] INFO  server.GrpcService (ConfUtils.java:logGet(44)) - raft.grpc.message.size.max = 33554432 (custom)
2021-07-05 00:57:01,269 [Listener at 0.0.0.0/15483] INFO  server.RaftServerConfigKeys (ConfUtils.java:logGet(44)) - raft.server.log.appender.buffer.byte-limit = 33554432 (custom)
2021-07-05 00:57:01,270 [Listener at 0.0.0.0/15483] INFO  server.GrpcService (ConfUtils.java:logGet(44)) - raft.grpc.flow.control.window = 1MB (=1048576) (default)
2021-07-05 00:57:01,270 [Listener at 0.0.0.0/15483] INFO  server.RaftServerConfigKeys (ConfUtils.java:logGet(44)) - raft.server.rpc.request.timeout = 3000ms (default)
2021-07-05 00:57:01,271 [Listener at 0.0.0.0/15483] INFO  impl.DataStreamServerImpl (ConfUtils.java:logGet(44)) - raft.datastream.type = DISABLED (default)
2021-07-05 00:57:01,272 [Listener at 0.0.0.0/15483] INFO  server.RaftServerConfigKeys (ConfUtils.java:logGet(44)) - raft.server.rpc.slowness.timeout = 2s (custom)
2021-07-05 00:57:01,273 [Listener at 0.0.0.0/15483] INFO  server.RaftServerConfigKeys (ConfUtils.java:logGet(44)) - raft.server.leaderelection.leader.step-down.wait-time = 10s (default)
2021-07-05 00:57:01,273 [Listener at 0.0.0.0/15483] INFO  server.RaftServerConfigKeys (ConfUtils.java:logGet(44)) - raft.server.storage.dir = [/home/runner/work/ozone/ozone/mnt/ozone/hadoop-ozone/integration-test/target/test-dir/MiniOzoneClusterImpl-47f02201-3656-42a8-b726-2c1689f4816b/omNode-1/ratis] (custom)
2021-07-05 00:57:01,274 [Listener at 0.0.0.0/15483] INFO  server.RaftServer (RaftServerProxy.java:addNew(95)) - omNode-1: addNew group-523986131536:[omNode-1|rpc:localhost:12260|priority:0] returns group-523986131536:java.util.concurrent.CompletableFuture@9930ff6[Not completed]
2021-07-05 00:57:01,274 [Listener at 0.0.0.0/15483] INFO  om.OzoneManager (OzoneManager.java:initializeRatisServer(1311)) - OzoneManager Ratis server initialized at port 12260
2021-07-05 00:57:01,283 [pool-76-thread-1] INFO  server.RaftServer$Division (RaftServerImpl.java:<init>(180)) - omNode-1: new RaftServerImpl for group-523986131536:[omNode-1|rpc:localhost:12260|priority:0] with OzoneManagerStateMachine:uninitialized
2021-07-05 00:57:01,286 [pool-76-thread-1] INFO  server.RaftServerConfigKeys (ConfUtils.java:logGet(44)) - raft.server.rpc.timeout.min = 1s (custom)
2021-07-05 00:57:01,292 [pool-76-thread-1] INFO  server.RaftServerConfigKeys (ConfUtils.java:logGet(44)) - raft.server.rpc.timeout.max = 1200ms (custom)
2021-07-05 00:57:01,293 [pool-76-thread-1] INFO  server.RaftServerConfigKeys (ConfUtils.java:logGet(44)) - raft.server.rpc.sleep.time = 25ms (default)
2021-07-05 00:57:01,293 [Listener at 0.0.0.0/15483] INFO  ipc.CallQueueManager (CallQueueManager.java:<init>(85)) - Using callQueue: class java.util.concurrent.LinkedBlockingQueue, queueCapacity: 2000, scheduler: class org.apache.hadoop.ipc.DefaultRpcScheduler, ipcBackoff: false.
2021-07-05 00:57:01,294 [pool-76-thread-1] INFO  server.RaftServerConfigKeys (ConfUtils.java:logGet(44)) - raft.server.rpc.slowness.timeout = 2s (custom)
2021-07-05 00:57:01,296 [pool-76-thread-1] INFO  server.RaftServerConfigKeys (ConfUtils.java:logGet(44)) - raft.server.leaderelection.leader.step-down.wait-time = 10s (default)
2021-07-05 00:57:01,299 [pool-76-thread-1] INFO  server.RaftServerConfigKeys (ConfUtils.java:logGet(44)) - raft.server.sleep.deviation.threshold = 300ms (default)
2021-07-05 00:57:01,299 [pool-76-thread-1] INFO  server.RaftServerConfigKeys (ConfUtils.java:logGet(44)) - raft.server.log.appender.install.snapshot.enabled = false (custom)
2021-07-05 00:57:01,299 [pool-76-thread-1] INFO  server.RaftServer$Division (ServerState.java:<init>(105)) - omNode-1@group-523986131536: ConfigurationManager, init=-1: [omNode-1|rpc:localhost:12260|priority:0], old=null, confs=<EMPTY_MAP>
2021-07-05 00:57:01,299 [pool-76-thread-1] INFO  server.RaftServerConfigKeys (ConfUtils.java:logGet(44)) - raft.server.storage.dir = [/home/runner/work/ozone/ozone/mnt/ozone/hadoop-ozone/integration-test/target/test-dir/MiniOzoneClusterImpl-47f02201-3656-42a8-b726-2c1689f4816b/omNode-1/ratis] (custom)
2021-07-05 00:57:01,301 [pool-76-thread-1] INFO  server.RaftServerConfigKeys (ConfUtils.java:logGet(44)) - raft.server.log.corruption.policy = EXCEPTION (default)
2021-07-05 00:57:01,302 [pool-76-thread-1] INFO  storage.RaftStorageDirectory (RaftStorageDirectoryImpl.java:analyzeStorage(132)) - The storage directory /home/runner/work/ozone/ozone/mnt/ozone/hadoop-ozone/integration-test/target/test-dir/MiniOzoneClusterImpl-47f02201-3656-42a8-b726-2c1689f4816b/omNode-1/ratis/c9bc4cf4-3bc3-3c60-a66b-523986131536 does not exist. Creating ...
2021-07-05 00:57:01,302 [Socket Reader #1 for port 12256] INFO  ipc.Server (Server.java:run(1255)) - Starting Socket Reader #1 for port 12256
2021-07-05 00:57:01,319 [pool-76-thread-1] INFO  storage.RaftStorageDirectory (RaftStorageDirectoryImpl.java:tryLock(215)) - Lock on /home/runner/work/ozone/ozone/mnt/ozone/hadoop-ozone/integration-test/target/test-dir/MiniOzoneClusterImpl-47f02201-3656-42a8-b726-2c1689f4816b/omNode-1/ratis/c9bc4cf4-3bc3-3c60-a66b-523986131536/in_use.lock acquired by nodename 4351@fv-az291-681
2021-07-05 00:57:01,321 [pool-76-thread-1] INFO  storage.RaftStorage (RaftStorageImpl.java:format(87)) - Storage directory /home/runner/work/ozone/ozone/mnt/ozone/hadoop-ozone/integration-test/target/test-dir/MiniOzoneClusterImpl-47f02201-3656-42a8-b726-2c1689f4816b/omNode-1/ratis/c9bc4cf4-3bc3-3c60-a66b-523986131536 has been successfully formatted.
2021-07-05 00:57:01,321 [pool-76-thread-1] INFO  server.RaftServerConfigKeys (ConfUtils.java:logGet(44)) - raft.server.notification.no-leader.timeout = 2s (custom)
2021-07-05 00:57:01,321 [pool-76-thread-1] INFO  server.RaftServerConfigKeys (ConfUtils.java:logGet(44)) - raft.server.log.use.memory = false (default)
2021-07-05 00:57:01,322 [pool-76-thread-1] INFO  server.RaftServerConfigKeys (ConfUtils.java:logGet(44)) - raft.server.log.purge.gap = 1000000 (custom)
2021-07-05 00:57:01,322 [pool-76-thread-1] INFO  server.RaftServerConfigKeys (ConfUtils.java:logGet(44)) - raft.server.log.appender.buffer.byte-limit = 33554432 (custom)
2021-07-05 00:57:01,322 [pool-76-thread-1] INFO  metrics.RatisMetrics (RatisMetrics.java:lambda$create$0(36)) - Creating Metrics Registry : ratis.log_worker.omNode-1@group-523986131536
2021-07-05 00:57:01,330 [pool-76-thread-1] INFO  server.RaftServerConfigKeys (ConfUtils.java:logGet(44)) - raft.server.log.segment.size.max = 4194304 (custom)
2021-07-05 00:57:01,338 [pool-76-thread-1] INFO  server.RaftServerConfigKeys (ConfUtils.java:logGet(44)) - raft.server.log.segment.cache.num.max = 2 (custom)
2021-07-05 00:57:01,338 [pool-76-thread-1] INFO  server.RaftServerConfigKeys (ConfUtils.java:logGet(44)) - raft.server.log.segment.cache.size.max = 200MB (=209715200) (default)
2021-07-05 00:57:01,338 [pool-76-thread-1] INFO  segmented.SegmentedRaftLogWorker (SegmentedRaftLogWorker.java:<init>(182)) - new omNode-1@group-523986131536-SegmentedRaftLogWorker for RaftStorageImpl:Storage Directory /home/runner/work/ozone/ozone/mnt/ozone/hadoop-ozone/integration-test/target/test-dir/MiniOzoneClusterImpl-47f02201-3656-42a8-b726-2c1689f4816b/omNode-1/ratis/c9bc4cf4-3bc3-3c60-a66b-523986131536
2021-07-05 00:57:01,339 [pool-76-thread-1] INFO  server.RaftServerConfigKeys (ConfUtils.java:logGet(44)) - raft.server.log.queue.byte-limit = 64MB (=67108864) (default)
2021-07-05 00:57:01,339 [pool-76-thread-1] INFO  server.RaftServerConfigKeys (ConfUtils.java:logGet(44)) - raft.server.log.queue.element-limit = 4096 (default)
2021-07-05 00:57:01,339 [pool-76-thread-1] INFO  server.RaftServerConfigKeys (ConfUtils.java:logGet(44)) - raft.server.log.segment.size.max = 4194304 (custom)
2021-07-05 00:57:01,339 [pool-76-thread-1] INFO  server.RaftServerConfigKeys (ConfUtils.java:logGet(44)) - raft.server.log.preallocated.size = 4194304 (custom)
2021-07-05 00:57:01,339 [pool-76-thread-1] INFO  server.RaftServerConfigKeys (ConfUtils.java:logGet(44)) - raft.server.log.force.sync.num = 128 (default)
2021-07-05 00:57:01,339 [pool-76-thread-1] INFO  server.RaftServerConfigKeys (ConfUtils.java:logGet(44)) - raft.server.log.statemachine.data.sync = true (default)
2021-07-05 00:57:01,339 [pool-76-thread-1] INFO  server.RaftServerConfigKeys (ConfUtils.java:logGet(44)) - raft.server.log.statemachine.data.sync.timeout = 10s (default)
2021-07-05 00:57:01,339 [pool-76-thread-1] INFO  server.RaftServerConfigKeys (ConfUtils.java:logGet(44)) - raft.server.log.statemachine.data.sync.timeout.retry = -1 (default)
2021-07-05 00:57:01,341 [pool-76-thread-1] INFO  server.RaftServerConfigKeys (ConfUtils.java:logGet(44)) - raft.server.log.write.buffer.size = 64KB (=65536) (default)
2021-07-05 00:57:01,346 [pool-76-thread-1] INFO  server.RaftServerConfigKeys (ConfUtils.java:logGet(44)) - raft.server.log.statemachine.data.caching.enabled = false (default)
2021-07-05 00:57:01,346 [pool-76-thread-1] INFO  segmented.SegmentedRaftLogWorker (SegmentedRaftLogWorker.java:lambda$new$0(133)) - omNode-1@group-523986131536-SegmentedRaftLogWorker: flushIndex: setUnconditionally 0 -> -1
2021-07-05 00:57:01,347 [pool-76-thread-1] INFO  segmented.SegmentedRaftLogWorker (SegmentedRaftLogWorker.java:lambda$new$0(133)) - omNode-1@group-523986131536-SegmentedRaftLogWorker: safeCacheEvictIndex: setUnconditionally 0 -> -1
2021-07-05 00:57:01,358 [pool-76-thread-1] INFO  server.RaftServerConfigKeys (ConfUtils.java:logGet(44)) - raft.server.snapshot.auto.trigger.enabled = true (custom)
2021-07-05 00:57:01,359 [pool-76-thread-1] INFO  server.RaftServerConfigKeys (ConfUtils.java:logGet(44)) - raft.server.snapshot.auto.trigger.threshold = 400000 (default)
2021-07-05 00:57:01,359 [pool-76-thread-1] INFO  server.RaftServerConfigKeys (ConfUtils.java:logGet(44)) - raft.server.snapshot.retention.file.num = -1 (default)
2021-07-05 00:57:01,359 [pool-76-thread-1] INFO  server.RaftServerConfigKeys (ConfUtils.java:logGet(44)) - raft.server.log.purge.upto.snapshot.index = true (custom)
2021-07-05 00:57:01,359 [pool-76-thread-1] INFO  server.RaftServerConfigKeys (ConfUtils.java:logGet(44)) - raft.server.retrycache.expirytime = 300s (custom)
2021-07-05 00:57:01,359 [pool-76-thread-1] INFO  server.RaftServerConfigKeys (ConfUtils.java:logGet(44)) - raft.server.retrycache.statistics.expirytime = 100μs (default)
2021-07-05 00:57:01,359 [pool-76-thread-1] INFO  metrics.RatisMetrics (RatisMetrics.java:lambda$create$0(36)) - Creating Metrics Registry : ratis.leader_election.omNode-1@group-523986131536
2021-07-05 00:57:01,359 [pool-76-thread-1] INFO  metrics.RatisMetrics (RatisMetrics.java:lambda$create$0(36)) - Creating Metrics Registry : ratis.server.omNode-1@group-523986131536
2021-07-05 00:57:01,490 [Listener at 127.0.0.1/12256] INFO  om.OzoneManager (OzoneManager.java:initFSOLayout(3896)) - Configured ozone.om.metadata.layout=SIMPLE and disabled optimized OM FS operations
2021-07-05 00:57:01,493 [Listener at 127.0.0.1/12256] INFO  impl.MetricsSystemImpl (MetricsSystemImpl.java:init(158)) - OzoneManager metrics system started (again)
2021-07-05 00:57:01,502 [Listener at 127.0.0.1/12256] INFO  om.OzoneManager (OzoneManager.java:start(1113)) - OzoneManager RPC server is listening at localhost/127.0.0.1:12256
2021-07-05 00:57:01,502 [Listener at 127.0.0.1/12256] INFO  ratis.OzoneManagerRatisServer (OzoneManagerRatisServer.java:start(388)) - Starting OzoneManagerRatisServer omNode-1 at port 12260
2021-07-05 00:57:01,503 [Listener at 127.0.0.1/12256] INFO  server.RaftServer$Division (RaftServerImpl.java:start(295)) - omNode-1@group-523986131536: start as a follower, conf=-1: [omNode-1|rpc:localhost:12260|priority:0], old=null
2021-07-05 00:57:01,503 [Listener at 127.0.0.1/12256] INFO  server.RaftServer$Division (RaftServerImpl.java:setRole(284)) - omNode-1@group-523986131536: changes role from      null to FOLLOWER at term 0 for startAsFollower
2021-07-05 00:57:01,503 [Listener at 127.0.0.1/12256] INFO  impl.RoleInfo (RoleInfo.java:updateAndGet(130)) - omNode-1: start omNode-1@group-523986131536-FollowerState
2021-07-05 00:57:01,504 [Listener at 127.0.0.1/12256] INFO  util.JmxRegister (JmxRegister.java:tryRegister(44)) - Successfully registered JMX Bean with object name Ratis:service=RaftServer,group=group-523986131536,id=omNode-1
2021-07-05 00:57:01,504 [Listener at 127.0.0.1/12256] INFO  metrics.RatisMetrics (RatisMetrics.java:lambda$create$0(36)) - Creating Metrics Registry : ratis.state_machine.omNode-1@group-523986131536
2021-07-05 00:57:01,506 [Listener at 127.0.0.1/12256] INFO  server.RaftServer (RaftServerProxy.java:lambda$start$5(374)) - omNode-1: start RPC server
2021-07-05 00:57:01,511 [Listener at 127.0.0.1/12256] INFO  server.GrpcService (GrpcService.java:startImpl(253)) - omNode-1: GrpcService started, listening on 12260
2021-07-05 00:57:01,514 [org.apache.ratis.util.JvmPauseMonitor$$Lambda$493/611739613@2aa143ba] INFO  util.JvmPauseMonitor (JvmPauseMonitor.java:run(103)) - JvmPauseMonitor-omNode-1: Started
2021-07-05 00:57:01,520 [Listener at 127.0.0.1/12256] INFO  http.BaseHttpServer (BaseHttpServer.java:newHttpServer2BuilderForOzone(209)) - Starting Web-server for ozoneManager at: http://0.0.0.0:12258
2021-07-05 00:57:01,520 [Listener at 127.0.0.1/12256] INFO  http.BaseHttpServer (BaseHttpServer.java:<init>(107)) - Hadoop Security Enabled: false Ozone Security Enabled: false Ozone HTTP Security Enabled: false 
2021-07-05 00:57:01,522 [Listener at 127.0.0.1/12256] INFO  server.AuthenticationFilter (AuthenticationFilter.java:constructSecretProvider(240)) - Unable to initialize FileSignerSecretProvider, falling back to use random secrets.
2021-07-05 00:57:01,528 [Listener at 127.0.0.1/12256] WARN  http.HttpRequestLog (HttpRequestLog.java:getRequestLog(103)) - Jetty request log can only be enabled using Log4j
2021-07-05 00:57:01,530 [Listener at 127.0.0.1/12256] INFO  http.HttpServer2 (HttpServer2.java:addGlobalFilter(1020)) - Added global filter 'safety' (class=org.apache.hadoop.hdds.server.http.HttpServer2$QuotingInputFilter)
2021-07-05 00:57:01,531 [Listener at 127.0.0.1/12256] INFO  http.HttpServer2 (HttpServer2.java:addFilter(996)) - Added filter static_user_filter (class=org.apache.hadoop.http.lib.StaticUserWebFilter$StaticUserFilter) to context ozoneManager
2021-07-05 00:57:01,531 [Listener at 127.0.0.1/12256] INFO  http.HttpServer2 (HttpServer2.java:addFilter(1004)) - Added filter static_user_filter (class=org.apache.hadoop.http.lib.StaticUserWebFilter$StaticUserFilter) to context logs
2021-07-05 00:57:01,531 [Listener at 127.0.0.1/12256] INFO  http.HttpServer2 (HttpServer2.java:addFilter(1004)) - Added filter static_user_filter (class=org.apache.hadoop.http.lib.StaticUserWebFilter$StaticUserFilter) to context static
2021-07-05 00:57:01,534 [Listener at 127.0.0.1/12256] INFO  http.HttpServer2 (HttpServer2.java:bindListener(1238)) - Jetty bound to port 12258
2021-07-05 00:57:01,534 [Listener at 127.0.0.1/12256] INFO  server.Server (Server.java:doStart(375)) - jetty-9.4.35.v20201120; built: 2020-11-20T21:17:03.964Z; git: bdc54f03a5e0a7e280fab27f55c3c75ee8da89fb; jvm 1.8.0_292-b10
2021-07-05 00:57:01,546 [Listener at 127.0.0.1/12256] INFO  server.session (DefaultSessionIdManager.java:doStart(334)) - DefaultSessionIdManager workerName=node0
2021-07-05 00:57:01,546 [Listener at 127.0.0.1/12256] INFO  server.session (DefaultSessionIdManager.java:doStart(339)) - No SessionScavenger set, using defaults
2021-07-05 00:57:01,546 [Listener at 127.0.0.1/12256] INFO  server.session (HouseKeeper.java:startScavenging(132)) - node0 Scavenging every 660000ms
2021-07-05 00:57:01,549 [Listener at 127.0.0.1/12256] INFO  handler.ContextHandler (ContextHandler.java:doStart(916)) - Started o.e.j.s.ServletContextHandler@7d525b45{logs,/logs,file:///home/runner/work/ozone/ozone/mnt/ozone/hadoop-ozone/integration-test/target/log,AVAILABLE}
2021-07-05 00:57:01,550 [Listener at 127.0.0.1/12256] INFO  handler.ContextHandler (ContextHandler.java:doStart(916)) - Started o.e.j.s.ServletContextHandler@243b8682{static,/static,file:///home/runner/work/ozone/ozone/mnt/ozone/hadoop-ozone/integration-test/target/test-classes/webapps/static,AVAILABLE}
2021-07-05 00:57:01,556 [Listener at 127.0.0.1/12256] INFO  handler.ContextHandler (ContextHandler.java:doStart(916)) - Started o.e.j.w.WebAppContext@71e839ee{ozoneManager,/,file:///home/runner/work/ozone/ozone/mnt/ozone/hadoop-ozone/integration-test/target/test-classes/webapps/ozoneManager/,AVAILABLE}{file:/home/runner/work/ozone/ozone/mnt/ozone/hadoop-ozone/integration-test/target/test-classes/webapps/ozoneManager}
2021-07-05 00:57:01,558 [Listener at 127.0.0.1/12256] INFO  server.AbstractConnector (AbstractConnector.java:doStart(331)) - Started ServerConnector@6e832c9{HTTP/1.1, (http/1.1)}{0.0.0.0:12258}
2021-07-05 00:57:01,559 [Listener at 127.0.0.1/12256] INFO  server.Server (Server.java:doStart(415)) - Started @19889ms
2021-07-05 00:57:01,559 [Listener at 127.0.0.1/12256] WARN  impl.MetricsSystemImpl (MetricsSystemImpl.java:register(279)) - Sink prometheus already exists!
2021-07-05 00:57:01,559 [Listener at 127.0.0.1/12256] INFO  http.BaseHttpServer (BaseHttpServer.java:updateConnectorAddress(329)) - HTTP server of ozoneManager listening at http://0.0.0.0:12258
2021-07-05 00:57:01,560 [IPC Server Responder] INFO  ipc.Server (Server.java:run(1497)) - IPC Server Responder: starting
2021-07-05 00:57:01,562 [IPC Server listener on 12256] INFO  ipc.Server (Server.java:run(1334)) - IPC Server listener on 12256: starting
2021-07-05 00:57:01,573 [Listener at 127.0.0.1/12256] INFO  om.OzoneManager (OzoneManager.java:startTrashEmptier(1251)) - Trash Interval set to 0. Files deleted will not move to trash
2021-07-05 00:57:01,574 [Listener at 127.0.0.1/12256] INFO  ozone.MiniOzoneHAClusterImpl (MiniOzoneHAClusterImpl.java:createOMService(462)) - Started OzoneManager RPC server at localhost/127.0.0.1:12256
2021-07-05 00:57:01,575 [org.apache.hadoop.util.JvmPauseMonitor$Monitor@5f2788f2] INFO  util.JvmPauseMonitor (JvmPauseMonitor.java:run(188)) - Starting JVM pause monitor
2021-07-05 00:57:01,871 [org.apache.ratis.util.JvmPauseMonitor$$Lambda$493/611739613@3e149513] WARN  util.JvmPauseMonitor (JvmPauseMonitor.java:detectPause(124)) - JvmPauseMonitor-181931d2-e1e0-4592-a157-d5007a9fa086: Detected pause in JVM or host machine (eg GC): pause of approximately 138198989ns.
GC pool 'PS MarkSweep' had collection(s): count=1 time=254ms
GC pool 'PS Scavenge' had collection(s): count=2 time=74ms
2021-07-05 00:57:02,054 [Listener at 127.0.0.1/12256] INFO  impl.MetricsSystemImpl (MetricsSystemImpl.java:init(158)) - HddsDatanode metrics system started (again)
2021-07-05 00:57:02,063 [Listener at 127.0.0.1/12256] INFO  ozone.HddsDatanodeService (HddsDatanodeService.java:start(221)) - HddsDatanodeService host:fv-az291-681.wgnan5asplgejimfprtllbpdch.jx.internal.cloudapp.net ip:10.1.0.7
2021-07-05 00:57:02,087 [Listener at 127.0.0.1/12256] INFO  ha.SCMNodeInfo (SCMNodeInfo.java:getPort(197)) - ConfigKey ozone.scm.client.address is deprecated, For configuring different ports for each SCM use PortConfigKey ozone.scm.client.port appended with serviceId and nodeId
2021-07-05 00:57:02,087 [Listener at 127.0.0.1/12256] INFO  ha.SCMNodeInfo (SCMNodeInfo.java:getPort(197)) - ConfigKey ozone.scm.block.client.address is deprecated, For configuring different ports for each SCM use PortConfigKey ozone.scm.block.client.port appended with serviceId and nodeId
2021-07-05 00:57:02,087 [Listener at 127.0.0.1/12256] INFO  ha.SCMNodeInfo (SCMNodeInfo.java:getPort(197)) - ConfigKey ozone.scm.datanode.address is deprecated, For configuring different ports for each SCM use PortConfigKey ozone.scm.datanode.port appended with serviceId and nodeId
2021-07-05 00:57:02,087 [Listener at 127.0.0.1/12256] INFO  ha.SCMNodeInfo (SCMNodeInfo.java:getPort(197)) - ConfigKey ozone.scm.client.address is deprecated, For configuring different ports for each SCM use PortConfigKey ozone.scm.client.port appended with serviceId and nodeId
2021-07-05 00:57:02,087 [Listener at 127.0.0.1/12256] INFO  ha.SCMNodeInfo (SCMNodeInfo.java:getPort(197)) - ConfigKey ozone.scm.block.client.address is deprecated, For configuring different ports for each SCM use PortConfigKey ozone.scm.block.client.port appended with serviceId and nodeId
2021-07-05 00:57:02,088 [Listener at 127.0.0.1/12256] INFO  ha.SCMNodeInfo (SCMNodeInfo.java:getPort(197)) - ConfigKey ozone.scm.datanode.address is deprecated, For configuring different ports for each SCM use PortConfigKey ozone.scm.datanode.port appended with serviceId and nodeId
2021-07-05 00:57:02,088 [Listener at 127.0.0.1/12256] INFO  ha.SCMNodeInfo (SCMNodeInfo.java:getPort(197)) - ConfigKey ozone.scm.client.address is deprecated, For configuring different ports for each SCM use PortConfigKey ozone.scm.client.port appended with serviceId and nodeId
2021-07-05 00:57:02,088 [Listener at 127.0.0.1/12256] INFO  ha.SCMNodeInfo (SCMNodeInfo.java:getPort(197)) - ConfigKey ozone.scm.block.client.address is deprecated, For configuring different ports for each SCM use PortConfigKey ozone.scm.block.client.port appended with serviceId and nodeId
2021-07-05 00:57:02,088 [Listener at 127.0.0.1/12256] INFO  ha.SCMNodeInfo (SCMNodeInfo.java:getPort(197)) - ConfigKey ozone.scm.datanode.address is deprecated, For configuring different ports for each SCM use PortConfigKey ozone.scm.datanode.port appended with serviceId and nodeId
2021-07-05 00:57:02,148 [Listener at 127.0.0.1/12256] INFO  volume.HddsVolume (HddsVolume.java:<init>(119)) - Creating HddsVolume: /home/runner/work/ozone/ozone/mnt/ozone/hadoop-ozone/integration-test/target/test-dir/MiniOzoneClusterImpl-47f02201-3656-42a8-b726-2c1689f4816b/datanode-0/data-0/containers/hdds of storage type : DISK capacity : 9223372036854775807
2021-07-05 00:57:02,150 [Listener at 127.0.0.1/12256] INFO  volume.MutableVolumeSet (MutableVolumeSet.java:initializeVolumeSet(181)) - Added Volume : /home/runner/work/ozone/ozone/mnt/ozone/hadoop-ozone/integration-test/target/test-dir/MiniOzoneClusterImpl-47f02201-3656-42a8-b726-2c1689f4816b/datanode-0/data-0/containers/hdds to VolumeSet
2021-07-05 00:57:02,151 [Listener at 127.0.0.1/12256] INFO  volume.ThrottledAsyncChecker (ThrottledAsyncChecker.java:schedule(141)) - Scheduling a check for /home/runner/work/ozone/ozone/mnt/ozone/hadoop-ozone/integration-test/target/test-dir/MiniOzoneClusterImpl-47f02201-3656-42a8-b726-2c1689f4816b/datanode-0/data-0/containers/hdds
2021-07-05 00:57:02,170 [Listener at 127.0.0.1/12256] INFO  volume.StorageVolumeChecker (StorageVolumeChecker.java:checkAllVolumes(201)) - Scheduled health check for volume /home/runner/work/ozone/ozone/mnt/ozone/hadoop-ozone/integration-test/target/test-dir/MiniOzoneClusterImpl-47f02201-3656-42a8-b726-2c1689f4816b/datanode-0/data-0/containers/hdds
2021-07-05 00:57:02,189 [Listener at 127.0.0.1/12256] INFO  volume.MutableVolumeSet (MutableVolumeSet.java:initializeVolumeSet(181)) - Added Volume : /home/runner/work/ozone/ozone/mnt/ozone/hadoop-ozone/integration-test/target/test-dir/MiniOzoneClusterImpl-47f02201-3656-42a8-b726-2c1689f4816b/datanode-0/data/ratis to VolumeSet
2021-07-05 00:57:02,207 [Listener at 127.0.0.1/12256] INFO  ozoneimpl.ContainerReader (ContainerReader.java:<init>(98)) - Running in upgrade mode:true
2021-07-05 00:57:02,208 [Thread-485] INFO  ozoneimpl.ContainerReader (ContainerReader.java:readVolume(142)) - Start to verify containers on volume /home/runner/work/ozone/ozone/mnt/ozone/hadoop-ozone/integration-test/target/test-dir/MiniOzoneClusterImpl-47f02201-3656-42a8-b726-2c1689f4816b/datanode-0/data-0/containers/hdds
2021-07-05 00:57:02,209 [Thread-485] INFO  ozoneimpl.ContainerReader (ContainerReader.java:readVolume(174)) - Finish verifying containers on volume /home/runner/work/ozone/ozone/mnt/ozone/hadoop-ozone/integration-test/target/test-dir/MiniOzoneClusterImpl-47f02201-3656-42a8-b726-2c1689f4816b/datanode-0/data-0/containers/hdds
2021-07-05 00:57:02,209 [Listener at 127.0.0.1/12256] INFO  ozoneimpl.OzoneContainer (OzoneContainer.java:buildContainerSet(237)) - Build ContainerSet costs 0s
2021-07-05 00:57:02,279 [Listener at 127.0.0.1/12256] INFO  server.RaftServer (ConfUtils.java:logGet(44)) - raft.rpc.type = GRPC (default)
2021-07-05 00:57:02,279 [Listener at 127.0.0.1/12256] INFO  grpc.GrpcFactory (GrpcFactory.java:checkPooledByteBufAllocatorUseCacheForAllThreads(48)) - PERFORMANCE WARNING: useCacheForAllThreads is true that may cause Netty to create a lot garbage objects and, as a result, trigger GC.
	It is recommended to disable useCacheForAllThreads by setting -Dorg.apache.ratis.thirdparty.io.netty.allocator.useCacheForAllThreads=false in command line.
2021-07-05 00:57:02,280 [Listener at 127.0.0.1/12256] INFO  grpc.GrpcConfigKeys (ConfUtils.java:logGet(44)) - raft.grpc.admin.port = 0 (custom)
2021-07-05 00:57:02,280 [Listener at 127.0.0.1/12256] INFO  grpc.GrpcConfigKeys (ConfUtils.java:logGet(44)) - raft.grpc.client.port = 0 (custom)
2021-07-05 00:57:02,280 [Listener at 127.0.0.1/12256] INFO  grpc.GrpcConfigKeys (ConfUtils.java:logGet(44)) - raft.grpc.server.port = 0 (default)
2021-07-05 00:57:02,280 [Listener at 127.0.0.1/12256] INFO  server.GrpcService (ConfUtils.java:logGet(44)) - raft.grpc.message.size.max = 32MB (=33554432) (custom)
2021-07-05 00:57:02,281 [Listener at 127.0.0.1/12256] INFO  server.RaftServerConfigKeys (ConfUtils.java:logGet(44)) - raft.server.log.appender.buffer.byte-limit = 33554432 (custom)
2021-07-05 00:57:02,281 [Listener at 127.0.0.1/12256] INFO  server.GrpcService (ConfUtils.java:logGet(44)) - raft.grpc.flow.control.window = 5MB (=5242880) (custom)
2021-07-05 00:57:02,281 [Listener at 127.0.0.1/12256] INFO  server.RaftServerConfigKeys (ConfUtils.java:logGet(44)) - raft.server.rpc.request.timeout = 60s (custom)
2021-07-05 00:57:02,283 [Listener at 127.0.0.1/12256] INFO  impl.DataStreamServerImpl (ConfUtils.java:logGet(44)) - raft.datastream.type = DISABLED (default)
2021-07-05 00:57:02,283 [Listener at 127.0.0.1/12256] INFO  server.RaftServerConfigKeys (ConfUtils.java:logGet(44)) - raft.server.rpc.slowness.timeout = 300s (custom)
2021-07-05 00:57:02,283 [Listener at 127.0.0.1/12256] INFO  server.RaftServerConfigKeys (ConfUtils.java:logGet(44)) - raft.server.leaderelection.leader.step-down.wait-time = 10s (default)
2021-07-05 00:57:02,283 [Listener at 127.0.0.1/12256] INFO  server.RaftServerConfigKeys (ConfUtils.java:logGet(44)) - raft.server.storage.dir = [/home/runner/work/ozone/ozone/mnt/ozone/hadoop-ozone/integration-test/target/test-dir/MiniOzoneClusterImpl-47f02201-3656-42a8-b726-2c1689f4816b/datanode-0/data/ratis] (custom)
2021-07-05 00:57:02,348 [Listener at 127.0.0.1/12256] INFO  http.BaseHttpServer (BaseHttpServer.java:newHttpServer2BuilderForOzone(209)) - Starting Web-server for hddsDatanode at: http://0.0.0.0:0
2021-07-05 00:57:02,350 [Listener at 127.0.0.1/12256] INFO  http.BaseHttpServer (BaseHttpServer.java:<init>(107)) - Hadoop Security Enabled: false Ozone Security Enabled: false Ozone HTTP Security Enabled: false 
2021-07-05 00:57:02,351 [Listener at 127.0.0.1/12256] INFO  server.AuthenticationFilter (AuthenticationFilter.java:constructSecretProvider(240)) - Unable to initialize FileSignerSecretProvider, falling back to use random secrets.
2021-07-05 00:57:02,352 [Listener at 127.0.0.1/12256] WARN  http.HttpRequestLog (HttpRequestLog.java:getRequestLog(103)) - Jetty request log can only be enabled using Log4j
2021-07-05 00:57:02,353 [Listener at 127.0.0.1/12256] INFO  http.HttpServer2 (HttpServer2.java:addGlobalFilter(1020)) - Added global filter 'safety' (class=org.apache.hadoop.hdds.server.http.HttpServer2$QuotingInputFilter)
2021-07-05 00:57:02,354 [Listener at 127.0.0.1/12256] INFO  http.HttpServer2 (HttpServer2.java:addFilter(996)) - Added filter static_user_filter (class=org.apache.hadoop.http.lib.StaticUserWebFilter$StaticUserFilter) to context hddsDatanode
2021-07-05 00:57:02,354 [Listener at 127.0.0.1/12256] INFO  http.HttpServer2 (HttpServer2.java:addFilter(1004)) - Added filter static_user_filter (class=org.apache.hadoop.http.lib.StaticUserWebFilter$StaticUserFilter) to context static
2021-07-05 00:57:02,354 [Listener at 127.0.0.1/12256] INFO  http.HttpServer2 (HttpServer2.java:addFilter(1004)) - Added filter static_user_filter (class=org.apache.hadoop.http.lib.StaticUserWebFilter$StaticUserFilter) to context logs
2021-07-05 00:57:02,355 [Listener at 127.0.0.1/12256] INFO  http.HttpServer2 (HttpServer2.java:bindListener(1238)) - Jetty bound to port 38161
2021-07-05 00:57:02,355 [Listener at 127.0.0.1/12256] INFO  server.Server (Server.java:doStart(375)) - jetty-9.4.35.v20201120; built: 2020-11-20T21:17:03.964Z; git: bdc54f03a5e0a7e280fab27f55c3c75ee8da89fb; jvm 1.8.0_292-b10
2021-07-05 00:57:02,365 [Listener at 127.0.0.1/12256] INFO  server.session (DefaultSessionIdManager.java:doStart(334)) - DefaultSessionIdManager workerName=node0
2021-07-05 00:57:02,365 [Listener at 127.0.0.1/12256] INFO  server.session (DefaultSessionIdManager.java:doStart(339)) - No SessionScavenger set, using defaults
2021-07-05 00:57:02,366 [Listener at 127.0.0.1/12256] INFO  server.session (HouseKeeper.java:startScavenging(132)) - node0 Scavenging every 660000ms
2021-07-05 00:57:02,367 [Listener at 127.0.0.1/12256] INFO  handler.ContextHandler (ContextHandler.java:doStart(916)) - Started o.e.j.s.ServletContextHandler@134b19ae{logs,/logs,file:///home/runner/work/ozone/ozone/mnt/ozone/hadoop-ozone/integration-test/target/log,AVAILABLE}
2021-07-05 00:57:02,367 [Listener at 127.0.0.1/12256] INFO  handler.ContextHandler (ContextHandler.java:doStart(916)) - Started o.e.j.s.ServletContextHandler@2f57fc23{static,/static,jar:file:/home/runner/.m2/repository/org/apache/ozone/hdds-container-service/1.2.0-SNAPSHOT/hdds-container-service-1.2.0-SNAPSHOT.jar!/webapps/static,AVAILABLE}
2021-07-05 00:57:02,457 [Listener at 127.0.0.1/12256] INFO  handler.ContextHandler (ContextHandler.java:doStart(916)) - Started o.e.j.w.WebAppContext@71134823{hddsDatanode,/,file:///tmp/jetty-0_0_0_0-38161-hdds-container-service-1_2_0-SNAPSHOT_jar-_-any-4494095901590884815/webapp/,AVAILABLE}{jar:file:/home/runner/.m2/repository/org/apache/ozone/hdds-container-service/1.2.0-SNAPSHOT/hdds-container-service-1.2.0-SNAPSHOT.jar!/webapps/hddsDatanode}
2021-07-05 00:57:02,465 [Listener at 127.0.0.1/12256] INFO  server.AbstractConnector (AbstractConnector.java:doStart(331)) - Started ServerConnector@726e3907{HTTP/1.1, (http/1.1)}{0.0.0.0:38161}
2021-07-05 00:57:02,466 [Listener at 127.0.0.1/12256] INFO  server.Server (Server.java:doStart(415)) - Started @20797ms
2021-07-05 00:57:02,536 [Listener at 127.0.0.1/12256] WARN  impl.MetricsSystemImpl (MetricsSystemImpl.java:register(279)) - Sink prometheus already exists!
2021-07-05 00:57:02,537 [Listener at 127.0.0.1/12256] INFO  http.BaseHttpServer (BaseHttpServer.java:updateConnectorAddress(329)) - HTTP server of hddsDatanode listening at http://0.0.0.0:38161
2021-07-05 00:57:02,540 [Listener at 127.0.0.1/12256] INFO  impl.MetricsSystemImpl (MetricsSystemImpl.java:init(158)) - HddsDatanode metrics system started (again)
2021-07-05 00:57:02,550 [Listener at 127.0.0.1/12256] INFO  ozone.HddsDatanodeService (HddsDatanodeService.java:start(221)) - HddsDatanodeService host:fv-az291-681.wgnan5asplgejimfprtllbpdch.jx.internal.cloudapp.net ip:10.1.0.7
2021-07-05 00:57:02,590 [Listener at 127.0.0.1/12256] INFO  ha.SCMNodeInfo (SCMNodeInfo.java:getPort(197)) - ConfigKey ozone.scm.client.address is deprecated, For configuring different ports for each SCM use PortConfigKey ozone.scm.client.port appended with serviceId and nodeId
2021-07-05 00:57:02,590 [Listener at 127.0.0.1/12256] INFO  ha.SCMNodeInfo (SCMNodeInfo.java:getPort(197)) - ConfigKey ozone.scm.block.client.address is deprecated, For configuring different ports for each SCM use PortConfigKey ozone.scm.block.client.port appended with serviceId and nodeId
2021-07-05 00:57:02,590 [org.apache.hadoop.util.JvmPauseMonitor$Monitor@4f752e88] INFO  util.JvmPauseMonitor (JvmPauseMonitor.java:run(188)) - Starting JVM pause monitor
2021-07-05 00:57:02,597 [Listener at 127.0.0.1/12256] INFO  ha.SCMNodeInfo (SCMNodeInfo.java:getPort(197)) - ConfigKey ozone.scm.datanode.address is deprecated, For configuring different ports for each SCM use PortConfigKey ozone.scm.datanode.port appended with serviceId and nodeId
2021-07-05 00:57:02,597 [Listener at 127.0.0.1/12256] INFO  ha.SCMNodeInfo (SCMNodeInfo.java:getPort(197)) - ConfigKey ozone.scm.client.address is deprecated, For configuring different ports for each SCM use PortConfigKey ozone.scm.client.port appended with serviceId and nodeId
2021-07-05 00:57:02,601 [Listener at 127.0.0.1/12256] INFO  ha.SCMNodeInfo (SCMNodeInfo.java:getPort(197)) - ConfigKey ozone.scm.block.client.address is deprecated, For configuring different ports for each SCM use PortConfigKey ozone.scm.block.client.port appended with serviceId and nodeId
2021-07-05 00:57:02,602 [Listener at 127.0.0.1/12256] INFO  ha.SCMNodeInfo (SCMNodeInfo.java:getPort(197)) - ConfigKey ozone.scm.datanode.address is deprecated, For configuring different ports for each SCM use PortConfigKey ozone.scm.datanode.port appended with serviceId and nodeId
2021-07-05 00:57:02,602 [Listener at 127.0.0.1/12256] INFO  ha.SCMNodeInfo (SCMNodeInfo.java:getPort(197)) - ConfigKey ozone.scm.client.address is deprecated, For configuring different ports for each SCM use PortConfigKey ozone.scm.client.port appended with serviceId and nodeId
2021-07-05 00:57:02,602 [Listener at 127.0.0.1/12256] INFO  ha.SCMNodeInfo (SCMNodeInfo.java:getPort(197)) - ConfigKey ozone.scm.block.client.address is deprecated, For configuring different ports for each SCM use PortConfigKey ozone.scm.block.client.port appended with serviceId and nodeId
2021-07-05 00:57:02,602 [Listener at 127.0.0.1/12256] INFO  ha.SCMNodeInfo (SCMNodeInfo.java:getPort(197)) - ConfigKey ozone.scm.datanode.address is deprecated, For configuring different ports for each SCM use PortConfigKey ozone.scm.datanode.port appended with serviceId and nodeId
2021-07-05 00:57:02,610 [Listener at 127.0.0.1/12256] INFO  volume.HddsVolume (HddsVolume.java:<init>(119)) - Creating HddsVolume: /home/runner/work/ozone/ozone/mnt/ozone/hadoop-ozone/integration-test/target/test-dir/MiniOzoneClusterImpl-47f02201-3656-42a8-b726-2c1689f4816b/datanode-1/data-0/containers/hdds of storage type : DISK capacity : 9223372036854775807
2021-07-05 00:57:02,610 [Listener at 127.0.0.1/12256] INFO  volume.MutableVolumeSet (MutableVolumeSet.java:initializeVolumeSet(181)) - Added Volume : /home/runner/work/ozone/ozone/mnt/ozone/hadoop-ozone/integration-test/target/test-dir/MiniOzoneClusterImpl-47f02201-3656-42a8-b726-2c1689f4816b/datanode-1/data-0/containers/hdds to VolumeSet
2021-07-05 00:57:02,610 [Listener at 127.0.0.1/12256] INFO  volume.ThrottledAsyncChecker (ThrottledAsyncChecker.java:schedule(141)) - Scheduling a check for /home/runner/work/ozone/ozone/mnt/ozone/hadoop-ozone/integration-test/target/test-dir/MiniOzoneClusterImpl-47f02201-3656-42a8-b726-2c1689f4816b/datanode-1/data-0/containers/hdds
2021-07-05 00:57:02,614 [Listener at 127.0.0.1/12256] INFO  volume.StorageVolumeChecker (StorageVolumeChecker.java:checkAllVolumes(201)) - Scheduled health check for volume /home/runner/work/ozone/ozone/mnt/ozone/hadoop-ozone/integration-test/target/test-dir/MiniOzoneClusterImpl-47f02201-3656-42a8-b726-2c1689f4816b/datanode-1/data-0/containers/hdds
2021-07-05 00:57:02,621 [Datanode State Machine Task Thread - 0] INFO  ha.SCMNodeInfo (SCMNodeInfo.java:getPort(197)) - ConfigKey ozone.scm.client.address is deprecated, For configuring different ports for each SCM use PortConfigKey ozone.scm.client.port appended with serviceId and nodeId
2021-07-05 00:57:02,629 [Datanode State Machine Task Thread - 0] INFO  ha.SCMNodeInfo (SCMNodeInfo.java:getPort(197)) - ConfigKey ozone.scm.block.client.address is deprecated, For configuring different ports for each SCM use PortConfigKey ozone.scm.block.client.port appended with serviceId and nodeId
2021-07-05 00:57:02,629 [Datanode State Machine Task Thread - 0] INFO  ha.SCMNodeInfo (SCMNodeInfo.java:getPort(197)) - ConfigKey ozone.scm.datanode.address is deprecated, For configuring different ports for each SCM use PortConfigKey ozone.scm.datanode.port appended with serviceId and nodeId
2021-07-05 00:57:02,629 [Datanode State Machine Task Thread - 0] INFO  ha.SCMNodeInfo (SCMNodeInfo.java:getPort(197)) - ConfigKey ozone.scm.client.address is deprecated, For configuring different ports for each SCM use PortConfigKey ozone.scm.client.port appended with serviceId and nodeId
2021-07-05 00:57:02,629 [Datanode State Machine Task Thread - 0] INFO  ha.SCMNodeInfo (SCMNodeInfo.java:getPort(197)) - ConfigKey ozone.scm.block.client.address is deprecated, For configuring different ports for each SCM use PortConfigKey ozone.scm.block.client.port appended with serviceId and nodeId
2021-07-05 00:57:02,629 [Datanode State Machine Task Thread - 0] INFO  ha.SCMNodeInfo (SCMNodeInfo.java:getPort(197)) - ConfigKey ozone.scm.datanode.address is deprecated, For configuring different ports for each SCM use PortConfigKey ozone.scm.datanode.port appended with serviceId and nodeId
2021-07-05 00:57:02,629 [Datanode State Machine Task Thread - 0] INFO  ha.SCMNodeInfo (SCMNodeInfo.java:getPort(197)) - ConfigKey ozone.scm.client.address is deprecated, For configuring different ports for each SCM use PortConfigKey ozone.scm.client.port appended with serviceId and nodeId
2021-07-05 00:57:02,629 [Datanode State Machine Task Thread - 0] INFO  ha.SCMNodeInfo (SCMNodeInfo.java:getPort(197)) - ConfigKey ozone.scm.block.client.address is deprecated, For configuring different ports for each SCM use PortConfigKey ozone.scm.block.client.port appended with serviceId and nodeId
2021-07-05 00:57:02,629 [Datanode State Machine Task Thread - 0] INFO  ha.SCMNodeInfo (SCMNodeInfo.java:getPort(197)) - ConfigKey ozone.scm.datanode.address is deprecated, For configuring different ports for each SCM use PortConfigKey ozone.scm.datanode.port appended with serviceId and nodeId
2021-07-05 00:57:02,638 [Listener at 127.0.0.1/12256] INFO  volume.MutableVolumeSet (MutableVolumeSet.java:initializeVolumeSet(181)) - Added Volume : /home/runner/work/ozone/ozone/mnt/ozone/hadoop-ozone/integration-test/target/test-dir/MiniOzoneClusterImpl-47f02201-3656-42a8-b726-2c1689f4816b/datanode-1/data/ratis to VolumeSet
2021-07-05 00:57:02,651 [Listener at 127.0.0.1/12256] INFO  ozoneimpl.ContainerReader (ContainerReader.java:<init>(98)) - Running in upgrade mode:true
2021-07-05 00:57:02,652 [Thread-496] INFO  ozoneimpl.ContainerReader (ContainerReader.java:readVolume(142)) - Start to verify containers on volume /home/runner/work/ozone/ozone/mnt/ozone/hadoop-ozone/integration-test/target/test-dir/MiniOzoneClusterImpl-47f02201-3656-42a8-b726-2c1689f4816b/datanode-1/data-0/containers/hdds
2021-07-05 00:57:02,652 [Thread-496] INFO  ozoneimpl.ContainerReader (ContainerReader.java:readVolume(174)) - Finish verifying containers on volume /home/runner/work/ozone/ozone/mnt/ozone/hadoop-ozone/integration-test/target/test-dir/MiniOzoneClusterImpl-47f02201-3656-42a8-b726-2c1689f4816b/datanode-1/data-0/containers/hdds
2021-07-05 00:57:02,652 [Listener at 127.0.0.1/12256] INFO  ozoneimpl.OzoneContainer (OzoneContainer.java:buildContainerSet(237)) - Build ContainerSet costs 0s
2021-07-05 00:57:02,655 [Listener at 127.0.0.1/12256] INFO  server.RaftServer (ConfUtils.java:logGet(44)) - raft.rpc.type = GRPC (default)
2021-07-05 00:57:02,656 [Listener at 127.0.0.1/12256] INFO  grpc.GrpcFactory (GrpcFactory.java:checkPooledByteBufAllocatorUseCacheForAllThreads(48)) - PERFORMANCE WARNING: useCacheForAllThreads is true that may cause Netty to create a lot garbage objects and, as a result, trigger GC.
	It is recommended to disable useCacheForAllThreads by setting -Dorg.apache.ratis.thirdparty.io.netty.allocator.useCacheForAllThreads=false in command line.
2021-07-05 00:57:02,656 [Listener at 127.0.0.1/12256] INFO  grpc.GrpcConfigKeys (ConfUtils.java:logGet(44)) - raft.grpc.admin.port = 0 (custom)
2021-07-05 00:57:02,656 [Listener at 127.0.0.1/12256] INFO  grpc.GrpcConfigKeys (ConfUtils.java:logGet(44)) - raft.grpc.client.port = 0 (custom)
2021-07-05 00:57:02,656 [Listener at 127.0.0.1/12256] INFO  grpc.GrpcConfigKeys (ConfUtils.java:logGet(44)) - raft.grpc.server.port = 0 (default)
2021-07-05 00:57:02,657 [Listener at 127.0.0.1/12256] INFO  server.GrpcService (ConfUtils.java:logGet(44)) - raft.grpc.message.size.max = 32MB (=33554432) (custom)
2021-07-05 00:57:02,657 [Listener at 127.0.0.1/12256] INFO  server.RaftServerConfigKeys (ConfUtils.java:logGet(44)) - raft.server.log.appender.buffer.byte-limit = 33554432 (custom)
2021-07-05 00:57:02,657 [Listener at 127.0.0.1/12256] INFO  server.GrpcService (ConfUtils.java:logGet(44)) - raft.grpc.flow.control.window = 5MB (=5242880) (custom)
2021-07-05 00:57:02,657 [Listener at 127.0.0.1/12256] INFO  server.RaftServerConfigKeys (ConfUtils.java:logGet(44)) - raft.server.rpc.request.timeout = 60s (custom)
2021-07-05 00:57:02,658 [Listener at 127.0.0.1/12256] INFO  impl.DataStreamServerImpl (ConfUtils.java:logGet(44)) - raft.datastream.type = DISABLED (default)
2021-07-05 00:57:02,659 [Listener at 127.0.0.1/12256] INFO  server.RaftServerConfigKeys (ConfUtils.java:logGet(44)) - raft.server.rpc.slowness.timeout = 300s (custom)
2021-07-05 00:57:02,659 [Listener at 127.0.0.1/12256] INFO  server.RaftServerConfigKeys (ConfUtils.java:logGet(44)) - raft.server.leaderelection.leader.step-down.wait-time = 10s (default)
2021-07-05 00:57:02,659 [Listener at 127.0.0.1/12256] INFO  server.RaftServerConfigKeys (ConfUtils.java:logGet(44)) - raft.server.storage.dir = [/home/runner/work/ozone/ozone/mnt/ozone/hadoop-ozone/integration-test/target/test-dir/MiniOzoneClusterImpl-47f02201-3656-42a8-b726-2c1689f4816b/datanode-1/data/ratis] (custom)
2021-07-05 00:57:02,671 [Listener at 127.0.0.1/12256] INFO  http.BaseHttpServer (BaseHttpServer.java:newHttpServer2BuilderForOzone(209)) - Starting Web-server for hddsDatanode at: http://0.0.0.0:0
2021-07-05 00:57:02,672 [Listener at 127.0.0.1/12256] INFO  http.BaseHttpServer (BaseHttpServer.java:<init>(107)) - Hadoop Security Enabled: false Ozone Security Enabled: false Ozone HTTP Security Enabled: false 
2021-07-05 00:57:02,674 [Listener at 127.0.0.1/12256] INFO  server.AuthenticationFilter (AuthenticationFilter.java:constructSecretProvider(240)) - Unable to initialize FileSignerSecretProvider, falling back to use random secrets.
2021-07-05 00:57:02,679 [omNode-1@group-523986131536-FollowerState] INFO  impl.FollowerState (FollowerState.java:run(134)) - omNode-1@group-523986131536-FollowerState: change to CANDIDATE, lastRpcElapsedTime:1176040952ns, electionTimeout:1173ms
2021-07-05 00:57:02,680 [omNode-1@group-523986131536-FollowerState] INFO  impl.RoleInfo (RoleInfo.java:shutdownFollowerState(108)) - omNode-1: shutdown omNode-1@group-523986131536-FollowerState
2021-07-05 00:57:02,680 [omNode-1@group-523986131536-FollowerState] INFO  server.RaftServer$Division (RaftServerImpl.java:setRole(284)) - omNode-1@group-523986131536: changes role from  FOLLOWER to CANDIDATE at term 0 for changeToCandidate
2021-07-05 00:57:02,680 [Listener at 127.0.0.1/12256] WARN  http.HttpRequestLog (HttpRequestLog.java:getRequestLog(103)) - Jetty request log can only be enabled using Log4j
2021-07-05 00:57:02,681 [omNode-1@group-523986131536-FollowerState] INFO  server.RaftServerConfigKeys (ConfUtils.java:logGet(44)) - raft.server.leaderelection.pre-vote = false (custom)
2021-07-05 00:57:02,681 [omNode-1@group-523986131536-FollowerState] INFO  impl.RoleInfo (RoleInfo.java:updateAndGet(130)) - omNode-1: start omNode-1@group-523986131536-LeaderElection3
2021-07-05 00:57:02,682 [Listener at 127.0.0.1/12256] INFO  http.HttpServer2 (HttpServer2.java:addGlobalFilter(1020)) - Added global filter 'safety' (class=org.apache.hadoop.hdds.server.http.HttpServer2$QuotingInputFilter)
2021-07-05 00:57:02,683 [Listener at 127.0.0.1/12256] INFO  http.HttpServer2 (HttpServer2.java:addFilter(996)) - Added filter static_user_filter (class=org.apache.hadoop.http.lib.StaticUserWebFilter$StaticUserFilter) to context hddsDatanode
2021-07-05 00:57:02,683 [Listener at 127.0.0.1/12256] INFO  http.HttpServer2 (HttpServer2.java:addFilter(1004)) - Added filter static_user_filter (class=org.apache.hadoop.http.lib.StaticUserWebFilter$StaticUserFilter) to context logs
2021-07-05 00:57:02,683 [Listener at 127.0.0.1/12256] INFO  http.HttpServer2 (HttpServer2.java:addFilter(1004)) - Added filter static_user_filter (class=org.apache.hadoop.http.lib.StaticUserWebFilter$StaticUserFilter) to context static
2021-07-05 00:57:02,684 [Listener at 127.0.0.1/12256] INFO  http.HttpServer2 (HttpServer2.java:bindListener(1238)) - Jetty bound to port 45783
2021-07-05 00:57:02,684 [Listener at 127.0.0.1/12256] INFO  server.Server (Server.java:doStart(375)) - jetty-9.4.35.v20201120; built: 2020-11-20T21:17:03.964Z; git: bdc54f03a5e0a7e280fab27f55c3c75ee8da89fb; jvm 1.8.0_292-b10
2021-07-05 00:57:02,703 [omNode-1@group-523986131536-LeaderElection3] INFO  impl.LeaderElection (LeaderElection.java:askForVotes(306)) - omNode-1@group-523986131536-LeaderElection3 ELECTION round 0: submit vote requests at term 1 for -1: [omNode-1|rpc:localhost:12260|priority:0], old=null
2021-07-05 00:57:02,703 [omNode-1@group-523986131536-LeaderElection3] INFO  impl.LeaderElection (LeaderElection.java:askForVotes(308)) - omNode-1@group-523986131536-LeaderElection3 ELECTION round 0: result PASSED (term=1)
2021-07-05 00:57:02,703 [omNode-1@group-523986131536-LeaderElection3] INFO  impl.RoleInfo (RoleInfo.java:shutdownLeaderElection(121)) - omNode-1: shutdown omNode-1@group-523986131536-LeaderElection3
2021-07-05 00:57:02,703 [omNode-1@group-523986131536-LeaderElection3] INFO  server.RaftServer$Division (RaftServerImpl.java:setRole(284)) - omNode-1@group-523986131536: changes role from CANDIDATE to LEADER at term 1 for changeToLeader
2021-07-05 00:57:02,703 [omNode-1@group-523986131536-LeaderElection3] INFO  server.RaftServer$Division (ServerState.java:setLeader(271)) - omNode-1@group-523986131536: change Leader from null to omNode-1 at term 1 for becomeLeader, leader elected after 1381ms
2021-07-05 00:57:02,703 [omNode-1@group-523986131536-LeaderElection3] INFO  server.RaftServerConfigKeys (ConfUtils.java:logGet(44)) - raft.server.staging.catchup.gap = 1000 (default)
2021-07-05 00:57:02,704 [Listener at 127.0.0.1/12256] INFO  server.session (DefaultSessionIdManager.java:doStart(334)) - DefaultSessionIdManager workerName=node0
2021-07-05 00:57:02,704 [Listener at 127.0.0.1/12256] INFO  server.session (DefaultSessionIdManager.java:doStart(339)) - No SessionScavenger set, using defaults
2021-07-05 00:57:02,704 [Listener at 127.0.0.1/12256] INFO  server.session (HouseKeeper.java:startScavenging(132)) - node0 Scavenging every 660000ms
2021-07-05 00:57:02,706 [Listener at 127.0.0.1/12256] INFO  handler.ContextHandler (ContextHandler.java:doStart(916)) - Started o.e.j.s.ServletContextHandler@7fa0f739{logs,/logs,file:///home/runner/work/ozone/ozone/mnt/ozone/hadoop-ozone/integration-test/target/log,AVAILABLE}
2021-07-05 00:57:02,707 [Listener at 127.0.0.1/12256] INFO  handler.ContextHandler (ContextHandler.java:doStart(916)) - Started o.e.j.s.ServletContextHandler@4731c9af{static,/static,jar:file:/home/runner/.m2/repository/org/apache/ozone/hdds-container-service/1.2.0-SNAPSHOT/hdds-container-service-1.2.0-SNAPSHOT.jar!/webapps/static,AVAILABLE}
2021-07-05 00:57:02,712 [omNode-1@group-523986131536-LeaderElection3] INFO  metrics.RatisMetrics (RatisMetrics.java:lambda$create$0(36)) - Creating Metrics Registry : ratis.log_appender.omNode-1@group-523986131536
2021-07-05 00:57:02,713 [omNode-1@group-523986131536-LeaderElection3] INFO  server.RaftServerConfigKeys (ConfUtils.java:logGet(44)) - raft.server.write.element-limit = 4096 (default)
2021-07-05 00:57:02,713 [omNode-1@group-523986131536-LeaderElection3] INFO  server.RaftServerConfigKeys (ConfUtils.java:logGet(44)) - raft.server.write.byte-limit = 64MB (=67108864) (default)
2021-07-05 00:57:02,713 [omNode-1@group-523986131536-LeaderElection3] INFO  server.RaftServerConfigKeys (ConfUtils.java:logGet(44)) - raft.server.watch.timeout = 10s (default)
2021-07-05 00:57:02,713 [omNode-1@group-523986131536-LeaderElection3] INFO  server.RaftServerConfigKeys (ConfUtils.java:logGet(44)) - raft.server.watch.timeout.denomination = 1s (default)
2021-07-05 00:57:02,713 [omNode-1@group-523986131536-LeaderElection3] INFO  server.RaftServerConfigKeys (ConfUtils.java:logGet(44)) - raft.server.watch.element-limit = 65536 (default)
2021-07-05 00:57:02,713 [omNode-1@group-523986131536-LeaderElection3] INFO  impl.RoleInfo (RoleInfo.java:updateAndGet(130)) - omNode-1: start omNode-1@group-523986131536-LeaderStateImpl
2021-07-05 00:57:02,714 [omNode-1@group-523986131536-LeaderElection3] INFO  segmented.SegmentedRaftLogWorker (SegmentedRaftLogWorker.java:startLogSegment(394)) - omNode-1@group-523986131536-SegmentedRaftLogWorker: Starting segment from index:0
2021-07-05 00:57:02,730 [omNode-1@group-523986131536-SegmentedRaftLogWorker] INFO  segmented.SegmentedRaftLogWorker (SegmentedRaftLogWorker.java:execute(601)) - omNode-1@group-523986131536-SegmentedRaftLogWorker: created new log segment /home/runner/work/ozone/ozone/mnt/ozone/hadoop-ozone/integration-test/target/test-dir/MiniOzoneClusterImpl-47f02201-3656-42a8-b726-2c1689f4816b/omNode-1/ratis/c9bc4cf4-3bc3-3c60-a66b-523986131536/current/log_inprogress_0
2021-07-05 00:57:02,736 [omNode-1@group-523986131536-LeaderElection3] INFO  server.RaftServer$Division (ServerState.java:setRaftConf(373)) - omNode-1@group-523986131536: set configuration 0: [omNode-1|rpc:localhost:12260|admin:|client:|dataStream:|priority:0], old=null
2021-07-05 00:57:02,799 [Listener at 127.0.0.1/12256] INFO  handler.ContextHandler (ContextHandler.java:doStart(916)) - Started o.e.j.w.WebAppContext@7d99846f{hddsDatanode,/,file:///tmp/jetty-0_0_0_0-45783-hdds-container-service-1_2_0-SNAPSHOT_jar-_-any-4295139053037577942/webapp/,AVAILABLE}{jar:file:/home/runner/.m2/repository/org/apache/ozone/hdds-container-service/1.2.0-SNAPSHOT/hdds-container-service-1.2.0-SNAPSHOT.jar!/webapps/hddsDatanode}
2021-07-05 00:57:02,801 [Listener at 127.0.0.1/12256] INFO  server.AbstractConnector (AbstractConnector.java:doStart(331)) - Started ServerConnector@3e99738e{HTTP/1.1, (http/1.1)}{0.0.0.0:45783}
2021-07-05 00:57:02,801 [Listener at 127.0.0.1/12256] INFO  server.Server (Server.java:doStart(415)) - Started @21132ms
2021-07-05 00:57:02,802 [Listener at 127.0.0.1/12256] WARN  impl.MetricsSystemImpl (MetricsSystemImpl.java:register(279)) - Sink prometheus already exists!
2021-07-05 00:57:02,802 [Listener at 127.0.0.1/12256] INFO  http.BaseHttpServer (BaseHttpServer.java:updateConnectorAddress(329)) - HTTP server of hddsDatanode listening at http://0.0.0.0:45783
2021-07-05 00:57:02,809 [Listener at 127.0.0.1/12256] INFO  impl.MetricsSystemImpl (MetricsSystemImpl.java:init(158)) - HddsDatanode metrics system started (again)
2021-07-05 00:57:02,822 [org.apache.hadoop.util.JvmPauseMonitor$Monitor@1dddd506] INFO  util.JvmPauseMonitor (JvmPauseMonitor.java:run(188)) - Starting JVM pause monitor
2021-07-05 00:57:02,825 [Datanode State Machine Task Thread - 0] INFO  ha.SCMNodeInfo (SCMNodeInfo.java:getPort(197)) - ConfigKey ozone.scm.client.address is deprecated, For configuring different ports for each SCM use PortConfigKey ozone.scm.client.port appended with serviceId and nodeId
2021-07-05 00:57:02,825 [Datanode State Machine Task Thread - 0] INFO  ha.SCMNodeInfo (SCMNodeInfo.java:getPort(197)) - ConfigKey ozone.scm.block.client.address is deprecated, For configuring different ports for each SCM use PortConfigKey ozone.scm.block.client.port appended with serviceId and nodeId
2021-07-05 00:57:02,825 [Datanode State Machine Task Thread - 0] INFO  ha.SCMNodeInfo (SCMNodeInfo.java:getPort(197)) - ConfigKey ozone.scm.datanode.address is deprecated, For configuring different ports for each SCM use PortConfigKey ozone.scm.datanode.port appended with serviceId and nodeId
2021-07-05 00:57:02,825 [Datanode State Machine Task Thread - 0] INFO  ha.SCMNodeInfo (SCMNodeInfo.java:getPort(197)) - ConfigKey ozone.scm.client.address is deprecated, For configuring different ports for each SCM use PortConfigKey ozone.scm.client.port appended with serviceId and nodeId
2021-07-05 00:57:02,825 [Datanode State Machine Task Thread - 0] INFO  ha.SCMNodeInfo (SCMNodeInfo.java:getPort(197)) - ConfigKey ozone.scm.block.client.address is deprecated, For configuring different ports for each SCM use PortConfigKey ozone.scm.block.client.port appended with serviceId and nodeId
2021-07-05 00:57:02,825 [Datanode State Machine Task Thread - 0] INFO  ha.SCMNodeInfo (SCMNodeInfo.java:getPort(197)) - ConfigKey ozone.scm.datanode.address is deprecated, For configuring different ports for each SCM use PortConfigKey ozone.scm.datanode.port appended with serviceId and nodeId
2021-07-05 00:57:02,825 [Datanode State Machine Task Thread - 0] INFO  ha.SCMNodeInfo (SCMNodeInfo.java:getPort(197)) - ConfigKey ozone.scm.client.address is deprecated, For configuring different ports for each SCM use PortConfigKey ozone.scm.client.port appended with serviceId and nodeId
2021-07-05 00:57:02,825 [Listener at 127.0.0.1/12256] INFO  ozone.HddsDatanodeService (HddsDatanodeService.java:start(221)) - HddsDatanodeService host:fv-az291-681.wgnan5asplgejimfprtllbpdch.jx.internal.cloudapp.net ip:10.1.0.7
2021-07-05 00:57:02,825 [Datanode State Machine Task Thread - 0] INFO  ha.SCMNodeInfo (SCMNodeInfo.java:getPort(197)) - ConfigKey ozone.scm.block.client.address is deprecated, For configuring different ports for each SCM use PortConfigKey ozone.scm.block.client.port appended with serviceId and nodeId
2021-07-05 00:57:02,826 [Datanode State Machine Task Thread - 0] INFO  ha.SCMNodeInfo (SCMNodeInfo.java:getPort(197)) - ConfigKey ozone.scm.datanode.address is deprecated, For configuring different ports for each SCM use PortConfigKey ozone.scm.datanode.port appended with serviceId and nodeId
2021-07-05 00:57:02,838 [Datanode State Machine Task Thread - 0] INFO  datanode.InitDatanodeState (InitDatanodeState.java:persistContainerDatanodeDetails(145)) - DatanodeDetails is persisted to /home/runner/work/ozone/ozone/mnt/ozone/hadoop-ozone/integration-test/target/test-dir/MiniOzoneClusterImpl-47f02201-3656-42a8-b726-2c1689f4816b/datanode-0/meta/datanode.id
2021-07-05 00:57:02,845 [Datanode State Machine Task Thread - 0] INFO  datanode.InitDatanodeState (InitDatanodeState.java:persistContainerDatanodeDetails(145)) - DatanodeDetails is persisted to /home/runner/work/ozone/ozone/mnt/ozone/hadoop-ozone/integration-test/target/test-dir/MiniOzoneClusterImpl-47f02201-3656-42a8-b726-2c1689f4816b/datanode-1/meta/datanode.id
2021-07-05 00:57:02,849 [Listener at 127.0.0.1/12256] INFO  ha.SCMNodeInfo (SCMNodeInfo.java:getPort(197)) - ConfigKey ozone.scm.client.address is deprecated, For configuring different ports for each SCM use PortConfigKey ozone.scm.client.port appended with serviceId and nodeId
2021-07-05 00:57:02,850 [Listener at 127.0.0.1/12256] INFO  ha.SCMNodeInfo (SCMNodeInfo.java:getPort(197)) - ConfigKey ozone.scm.block.client.address is deprecated, For configuring different ports for each SCM use PortConfigKey ozone.scm.block.client.port appended with serviceId and nodeId
2021-07-05 00:57:02,851 [Listener at 127.0.0.1/12256] INFO  ha.SCMNodeInfo (SCMNodeInfo.java:getPort(197)) - ConfigKey ozone.scm.datanode.address is deprecated, For configuring different ports for each SCM use PortConfigKey ozone.scm.datanode.port appended with serviceId and nodeId
2021-07-05 00:57:02,851 [Listener at 127.0.0.1/12256] INFO  ha.SCMNodeInfo (SCMNodeInfo.java:getPort(197)) - ConfigKey ozone.scm.client.address is deprecated, For configuring different ports for each SCM use PortConfigKey ozone.scm.client.port appended with serviceId and nodeId
2021-07-05 00:57:02,851 [Listener at 127.0.0.1/12256] INFO  ha.SCMNodeInfo (SCMNodeInfo.java:getPort(197)) - ConfigKey ozone.scm.block.client.address is deprecated, For configuring different ports for each SCM use PortConfigKey ozone.scm.block.client.port appended with serviceId and nodeId
2021-07-05 00:57:02,851 [Listener at 127.0.0.1/12256] INFO  ha.SCMNodeInfo (SCMNodeInfo.java:getPort(197)) - ConfigKey ozone.scm.datanode.address is deprecated, For configuring different ports for each SCM use PortConfigKey ozone.scm.datanode.port appended with serviceId and nodeId
2021-07-05 00:57:02,851 [Listener at 127.0.0.1/12256] INFO  ha.SCMNodeInfo (SCMNodeInfo.java:getPort(197)) - ConfigKey ozone.scm.client.address is deprecated, For configuring different ports for each SCM use PortConfigKey ozone.scm.client.port appended with serviceId and nodeId
2021-07-05 00:57:02,852 [Listener at 127.0.0.1/12256] INFO  ha.SCMNodeInfo (SCMNodeInfo.java:getPort(197)) - ConfigKey ozone.scm.block.client.address is deprecated, For configuring different ports for each SCM use PortConfigKey ozone.scm.block.client.port appended with serviceId and nodeId
2021-07-05 00:57:02,852 [Listener at 127.0.0.1/12256] INFO  ha.SCMNodeInfo (SCMNodeInfo.java:getPort(197)) - ConfigKey ozone.scm.datanode.address is deprecated, For configuring different ports for each SCM use PortConfigKey ozone.scm.datanode.port appended with serviceId and nodeId
2021-07-05 00:57:02,854 [Listener at 127.0.0.1/12256] INFO  volume.HddsVolume (HddsVolume.java:<init>(119)) - Creating HddsVolume: /home/runner/work/ozone/ozone/mnt/ozone/hadoop-ozone/integration-test/target/test-dir/MiniOzoneClusterImpl-47f02201-3656-42a8-b726-2c1689f4816b/datanode-2/data-0/containers/hdds of storage type : DISK capacity : 9223372036854775807
2021-07-05 00:57:02,854 [Listener at 127.0.0.1/12256] INFO  volume.MutableVolumeSet (MutableVolumeSet.java:initializeVolumeSet(181)) - Added Volume : /home/runner/work/ozone/ozone/mnt/ozone/hadoop-ozone/integration-test/target/test-dir/MiniOzoneClusterImpl-47f02201-3656-42a8-b726-2c1689f4816b/datanode-2/data-0/containers/hdds to VolumeSet
2021-07-05 00:57:02,854 [Listener at 127.0.0.1/12256] INFO  volume.ThrottledAsyncChecker (ThrottledAsyncChecker.java:schedule(141)) - Scheduling a check for /home/runner/work/ozone/ozone/mnt/ozone/hadoop-ozone/integration-test/target/test-dir/MiniOzoneClusterImpl-47f02201-3656-42a8-b726-2c1689f4816b/datanode-2/data-0/containers/hdds
2021-07-05 00:57:02,856 [Listener at 127.0.0.1/12256] INFO  volume.StorageVolumeChecker (StorageVolumeChecker.java:checkAllVolumes(201)) - Scheduled health check for volume /home/runner/work/ozone/ozone/mnt/ozone/hadoop-ozone/integration-test/target/test-dir/MiniOzoneClusterImpl-47f02201-3656-42a8-b726-2c1689f4816b/datanode-2/data-0/containers/hdds
2021-07-05 00:57:02,872 [Listener at 127.0.0.1/12256] INFO  volume.MutableVolumeSet (MutableVolumeSet.java:initializeVolumeSet(181)) - Added Volume : /home/runner/work/ozone/ozone/mnt/ozone/hadoop-ozone/integration-test/target/test-dir/MiniOzoneClusterImpl-47f02201-3656-42a8-b726-2c1689f4816b/datanode-2/data/ratis to VolumeSet
2021-07-05 00:57:02,887 [Listener at 127.0.0.1/12256] INFO  ozoneimpl.ContainerReader (ContainerReader.java:<init>(98)) - Running in upgrade mode:true
2021-07-05 00:57:02,887 [Thread-509] INFO  ozoneimpl.ContainerReader (ContainerReader.java:readVolume(142)) - Start to verify containers on volume /home/runner/work/ozone/ozone/mnt/ozone/hadoop-ozone/integration-test/target/test-dir/MiniOzoneClusterImpl-47f02201-3656-42a8-b726-2c1689f4816b/datanode-2/data-0/containers/hdds
2021-07-05 00:57:02,887 [Thread-509] INFO  ozoneimpl.ContainerReader (ContainerReader.java:readVolume(174)) - Finish verifying containers on volume /home/runner/work/ozone/ozone/mnt/ozone/hadoop-ozone/integration-test/target/test-dir/MiniOzoneClusterImpl-47f02201-3656-42a8-b726-2c1689f4816b/datanode-2/data-0/containers/hdds
2021-07-05 00:57:02,887 [Listener at 127.0.0.1/12256] INFO  ozoneimpl.OzoneContainer (OzoneContainer.java:buildContainerSet(237)) - Build ContainerSet costs 0s
2021-07-05 00:57:02,890 [Listener at 127.0.0.1/12256] INFO  server.RaftServer (ConfUtils.java:logGet(44)) - raft.rpc.type = GRPC (default)
2021-07-05 00:57:02,890 [Listener at 127.0.0.1/12256] INFO  grpc.GrpcFactory (GrpcFactory.java:checkPooledByteBufAllocatorUseCacheForAllThreads(48)) - PERFORMANCE WARNING: useCacheForAllThreads is true that may cause Netty to create a lot garbage objects and, as a result, trigger GC.
	It is recommended to disable useCacheForAllThreads by setting -Dorg.apache.ratis.thirdparty.io.netty.allocator.useCacheForAllThreads=false in command line.
2021-07-05 00:57:02,891 [Listener at 127.0.0.1/12256] INFO  grpc.GrpcConfigKeys (ConfUtils.java:logGet(44)) - raft.grpc.admin.port = 0 (custom)
2021-07-05 00:57:02,891 [Listener at 127.0.0.1/12256] INFO  grpc.GrpcConfigKeys (ConfUtils.java:logGet(44)) - raft.grpc.client.port = 0 (custom)
2021-07-05 00:57:02,891 [Listener at 127.0.0.1/12256] INFO  grpc.GrpcConfigKeys (ConfUtils.java:logGet(44)) - raft.grpc.server.port = 0 (default)
2021-07-05 00:57:02,891 [Listener at 127.0.0.1/12256] INFO  server.GrpcService (ConfUtils.java:logGet(44)) - raft.grpc.message.size.max = 32MB (=33554432) (custom)
2021-07-05 00:57:02,892 [Listener at 127.0.0.1/12256] INFO  server.RaftServerConfigKeys (ConfUtils.java:logGet(44)) - raft.server.log.appender.buffer.byte-limit = 33554432 (custom)
2021-07-05 00:57:02,892 [Listener at 127.0.0.1/12256] INFO  server.GrpcService (ConfUtils.java:logGet(44)) - raft.grpc.flow.control.window = 5MB (=5242880) (custom)
2021-07-05 00:57:02,892 [Listener at 127.0.0.1/12256] INFO  server.RaftServerConfigKeys (ConfUtils.java:logGet(44)) - raft.server.rpc.request.timeout = 60s (custom)
2021-07-05 00:57:02,893 [Listener at 127.0.0.1/12256] INFO  impl.DataStreamServerImpl (ConfUtils.java:logGet(44)) - raft.datastream.type = DISABLED (default)
2021-07-05 00:57:02,893 [Listener at 127.0.0.1/12256] INFO  server.RaftServerConfigKeys (ConfUtils.java:logGet(44)) - raft.server.rpc.slowness.timeout = 300s (custom)
2021-07-05 00:57:02,894 [Listener at 127.0.0.1/12256] INFO  server.RaftServerConfigKeys (ConfUtils.java:logGet(44)) - raft.server.leaderelection.leader.step-down.wait-time = 10s (default)
2021-07-05 00:57:02,894 [Listener at 127.0.0.1/12256] INFO  server.RaftServerConfigKeys (ConfUtils.java:logGet(44)) - raft.server.storage.dir = [/home/runner/work/ozone/ozone/mnt/ozone/hadoop-ozone/integration-test/target/test-dir/MiniOzoneClusterImpl-47f02201-3656-42a8-b726-2c1689f4816b/datanode-2/data/ratis] (custom)
2021-07-05 00:57:02,898 [Listener at 127.0.0.1/12256] INFO  http.BaseHttpServer (BaseHttpServer.java:newHttpServer2BuilderForOzone(209)) - Starting Web-server for hddsDatanode at: http://0.0.0.0:0
2021-07-05 00:57:02,899 [Listener at 127.0.0.1/12256] INFO  http.BaseHttpServer (BaseHttpServer.java:<init>(107)) - Hadoop Security Enabled: false Ozone Security Enabled: false Ozone HTTP Security Enabled: false 
2021-07-05 00:57:02,900 [Listener at 127.0.0.1/12256] INFO  server.AuthenticationFilter (AuthenticationFilter.java:constructSecretProvider(240)) - Unable to initialize FileSignerSecretProvider, falling back to use random secrets.
2021-07-05 00:57:02,903 [Listener at 127.0.0.1/12256] WARN  http.HttpRequestLog (HttpRequestLog.java:getRequestLog(103)) - Jetty request log can only be enabled using Log4j
2021-07-05 00:57:02,907 [Listener at 127.0.0.1/12256] INFO  http.HttpServer2 (HttpServer2.java:addGlobalFilter(1020)) - Added global filter 'safety' (class=org.apache.hadoop.hdds.server.http.HttpServer2$QuotingInputFilter)
2021-07-05 00:57:02,908 [Listener at 127.0.0.1/12256] INFO  http.HttpServer2 (HttpServer2.java:addFilter(996)) - Added filter static_user_filter (class=org.apache.hadoop.http.lib.StaticUserWebFilter$StaticUserFilter) to context hddsDatanode
2021-07-05 00:57:02,909 [Listener at 127.0.0.1/12256] INFO  http.HttpServer2 (HttpServer2.java:addFilter(1004)) - Added filter static_user_filter (class=org.apache.hadoop.http.lib.StaticUserWebFilter$StaticUserFilter) to context static
2021-07-05 00:57:02,909 [Listener at 127.0.0.1/12256] INFO  http.HttpServer2 (HttpServer2.java:addFilter(1004)) - Added filter static_user_filter (class=org.apache.hadoop.http.lib.StaticUserWebFilter$StaticUserFilter) to context logs
2021-07-05 00:57:02,909 [Listener at 127.0.0.1/12256] INFO  http.HttpServer2 (HttpServer2.java:bindListener(1238)) - Jetty bound to port 34637
2021-07-05 00:57:02,910 [Listener at 127.0.0.1/12256] INFO  server.Server (Server.java:doStart(375)) - jetty-9.4.35.v20201120; built: 2020-11-20T21:17:03.964Z; git: bdc54f03a5e0a7e280fab27f55c3c75ee8da89fb; jvm 1.8.0_292-b10
2021-07-05 00:57:02,911 [Listener at 127.0.0.1/12256] INFO  server.session (DefaultSessionIdManager.java:doStart(334)) - DefaultSessionIdManager workerName=node0
2021-07-05 00:57:02,912 [Listener at 127.0.0.1/12256] INFO  server.session (DefaultSessionIdManager.java:doStart(339)) - No SessionScavenger set, using defaults
2021-07-05 00:57:02,912 [Listener at 127.0.0.1/12256] INFO  server.session (HouseKeeper.java:startScavenging(132)) - node0 Scavenging every 660000ms
2021-07-05 00:57:02,913 [Listener at 127.0.0.1/12256] INFO  handler.ContextHandler (ContextHandler.java:doStart(916)) - Started o.e.j.s.ServletContextHandler@9dc9aa4{logs,/logs,file:///home/runner/work/ozone/ozone/mnt/ozone/hadoop-ozone/integration-test/target/log,AVAILABLE}
2021-07-05 00:57:02,913 [Listener at 127.0.0.1/12256] INFO  handler.ContextHandler (ContextHandler.java:doStart(916)) - Started o.e.j.s.ServletContextHandler@5f2383a0{static,/static,jar:file:/home/runner/.m2/repository/org/apache/ozone/hdds-container-service/1.2.0-SNAPSHOT/hdds-container-service-1.2.0-SNAPSHOT.jar!/webapps/static,AVAILABLE}
2021-07-05 00:57:02,965 [Listener at 127.0.0.1/12256] INFO  handler.ContextHandler (ContextHandler.java:doStart(916)) - Started o.e.j.w.WebAppContext@f4694f8{hddsDatanode,/,file:///tmp/jetty-0_0_0_0-34637-hdds-container-service-1_2_0-SNAPSHOT_jar-_-any-662889016838988054/webapp/,AVAILABLE}{jar:file:/home/runner/.m2/repository/org/apache/ozone/hdds-container-service/1.2.0-SNAPSHOT/hdds-container-service-1.2.0-SNAPSHOT.jar!/webapps/hddsDatanode}
2021-07-05 00:57:02,968 [Listener at 127.0.0.1/12256] INFO  server.AbstractConnector (AbstractConnector.java:doStart(331)) - Started ServerConnector@7a0c046e{HTTP/1.1, (http/1.1)}{0.0.0.0:34637}
2021-07-05 00:57:02,968 [Listener at 127.0.0.1/12256] INFO  server.Server (Server.java:doStart(415)) - Started @21299ms
2021-07-05 00:57:02,968 [Listener at 127.0.0.1/12256] WARN  impl.MetricsSystemImpl (MetricsSystemImpl.java:register(279)) - Sink prometheus already exists!
2021-07-05 00:57:02,969 [Listener at 127.0.0.1/12256] INFO  http.BaseHttpServer (BaseHttpServer.java:updateConnectorAddress(329)) - HTTP server of hddsDatanode listening at http://0.0.0.0:34637
2021-07-05 00:57:02,971 [Listener at 127.0.0.1/12256] INFO  ozone.MiniOzoneClusterImpl (MiniOzoneClusterImpl.java:lambda$waitForClusterToBeReady$0(227)) - Waiting for nodes to be ready. Got 0 of 3 DN Heartbeats.
2021-07-05 00:57:02,971 [Listener at 127.0.0.1/12256] INFO  ozone.MiniOzoneClusterImpl (MiniOzoneClusterImpl.java:lambda$waitForClusterToBeReady$0(230)) - Waiting for cluster to exit safe mode
2021-07-05 00:57:02,971 [Listener at 127.0.0.1/12256] INFO  ozone.MiniOzoneClusterImpl (MiniOzoneClusterImpl.java:lambda$waitForClusterToBeReady$0(232)) - SCM became leader
2021-07-05 00:57:02,974 [org.apache.hadoop.util.JvmPauseMonitor$Monitor@1466880c] INFO  util.JvmPauseMonitor (JvmPauseMonitor.java:run(188)) - Starting JVM pause monitor
2021-07-05 00:57:02,974 [Datanode State Machine Task Thread - 0] INFO  ha.SCMNodeInfo (SCMNodeInfo.java:getPort(197)) - ConfigKey ozone.scm.client.address is deprecated, For configuring different ports for each SCM use PortConfigKey ozone.scm.client.port appended with serviceId and nodeId
2021-07-05 00:57:02,974 [Datanode State Machine Task Thread - 0] INFO  ha.SCMNodeInfo (SCMNodeInfo.java:getPort(197)) - ConfigKey ozone.scm.block.client.address is deprecated, For configuring different ports for each SCM use PortConfigKey ozone.scm.block.client.port appended with serviceId and nodeId
2021-07-05 00:57:02,974 [Datanode State Machine Task Thread - 0] INFO  ha.SCMNodeInfo (SCMNodeInfo.java:getPort(197)) - ConfigKey ozone.scm.datanode.address is deprecated, For configuring different ports for each SCM use PortConfigKey ozone.scm.datanode.port appended with serviceId and nodeId
2021-07-05 00:57:02,975 [Datanode State Machine Task Thread - 0] INFO  ha.SCMNodeInfo (SCMNodeInfo.java:getPort(197)) - ConfigKey ozone.scm.client.address is deprecated, For configuring different ports for each SCM use PortConfigKey ozone.scm.client.port appended with serviceId and nodeId
2021-07-05 00:57:02,975 [Datanode State Machine Task Thread - 0] INFO  ha.SCMNodeInfo (SCMNodeInfo.java:getPort(197)) - ConfigKey ozone.scm.block.client.address is deprecated, For configuring different ports for each SCM use PortConfigKey ozone.scm.block.client.port appended with serviceId and nodeId
2021-07-05 00:57:02,975 [Datanode State Machine Task Thread - 0] INFO  ha.SCMNodeInfo (SCMNodeInfo.java:getPort(197)) - ConfigKey ozone.scm.datanode.address is deprecated, For configuring different ports for each SCM use PortConfigKey ozone.scm.datanode.port appended with serviceId and nodeId
2021-07-05 00:57:02,975 [Datanode State Machine Task Thread - 0] INFO  ha.SCMNodeInfo (SCMNodeInfo.java:getPort(197)) - ConfigKey ozone.scm.client.address is deprecated, For configuring different ports for each SCM use PortConfigKey ozone.scm.client.port appended with serviceId and nodeId
2021-07-05 00:57:02,975 [Datanode State Machine Task Thread - 0] INFO  ha.SCMNodeInfo (SCMNodeInfo.java:getPort(197)) - ConfigKey ozone.scm.block.client.address is deprecated, For configuring different ports for each SCM use PortConfigKey ozone.scm.block.client.port appended with serviceId and nodeId
2021-07-05 00:57:02,975 [Datanode State Machine Task Thread - 0] INFO  ha.SCMNodeInfo (SCMNodeInfo.java:getPort(197)) - ConfigKey ozone.scm.datanode.address is deprecated, For configuring different ports for each SCM use PortConfigKey ozone.scm.datanode.port appended with serviceId and nodeId
2021-07-05 00:57:02,978 [Datanode State Machine Task Thread - 0] INFO  datanode.InitDatanodeState (InitDatanodeState.java:persistContainerDatanodeDetails(145)) - DatanodeDetails is persisted to /home/runner/work/ozone/ozone/mnt/ozone/hadoop-ozone/integration-test/target/test-dir/MiniOzoneClusterImpl-47f02201-3656-42a8-b726-2c1689f4816b/datanode-2/meta/datanode.id
2021-07-05 00:57:03,972 [Listener at 127.0.0.1/12256] INFO  ozone.MiniOzoneClusterImpl (MiniOzoneClusterImpl.java:lambda$waitForClusterToBeReady$0(227)) - Waiting for nodes to be ready. Got 0 of 3 DN Heartbeats.
2021-07-05 00:57:03,972 [Listener at 127.0.0.1/12256] INFO  ozone.MiniOzoneClusterImpl (MiniOzoneClusterImpl.java:lambda$waitForClusterToBeReady$0(230)) - Waiting for cluster to exit safe mode
2021-07-05 00:57:03,972 [Listener at 127.0.0.1/12256] INFO  ozone.MiniOzoneClusterImpl (MiniOzoneClusterImpl.java:lambda$waitForClusterToBeReady$0(232)) - SCM became leader
2021-07-05 00:57:04,673 [EndpointStateMachine task thread for /127.0.0.1:15461 - 0 ] INFO  ozoneimpl.OzoneContainer (OzoneContainer.java:start(305)) - Attempting to start container services.
2021-07-05 00:57:04,675 [EndpointStateMachine task thread for /127.0.0.1:15461 - 0 ] INFO  ozoneimpl.OzoneContainer (OzoneContainer.java:startContainerScrub(250)) - Background container scanner has been disabled.
2021-07-05 00:57:04,676 [EndpointStateMachine task thread for /127.0.0.1:15461 - 0 ] INFO  replication.ReplicationServer (ReplicationServer.java:start(106)) - ReplicationServer is started using port 44873
2021-07-05 00:57:04,680 [EndpointStateMachine task thread for /127.0.0.1:15461 - 0 ] INFO  ratis.XceiverServerRatis (XceiverServerRatis.java:start(478)) - Starting XceiverServerRatis 4428f99b-3864-401a-a30b-d8207dc31cfa
2021-07-05 00:57:04,685 [EndpointStateMachine task thread for /127.0.0.1:15461 - 0 ] INFO  server.RaftServer (RaftServerProxy.java:lambda$start$5(374)) - 4428f99b-3864-401a-a30b-d8207dc31cfa: start RPC server
2021-07-05 00:57:04,694 [EndpointStateMachine task thread for /127.0.0.1:15461 - 0 ] INFO  server.GrpcService (GrpcService.java:startImpl(253)) - 4428f99b-3864-401a-a30b-d8207dc31cfa: GrpcService started, listening on 40939
2021-07-05 00:57:04,695 [EndpointStateMachine task thread for /127.0.0.1:15461 - 0 ] INFO  ratis.XceiverServerRatis (XceiverServerRatis.java:getRealPort(499)) - XceiverServerRatis 4428f99b-3864-401a-a30b-d8207dc31cfa is started using port 40939 for RATIS
2021-07-05 00:57:04,695 [EndpointStateMachine task thread for /127.0.0.1:15461 - 0 ] INFO  ratis.XceiverServerRatis (XceiverServerRatis.java:getRealPort(499)) - XceiverServerRatis 4428f99b-3864-401a-a30b-d8207dc31cfa is started using port 40939 for RATIS_ADMIN
2021-07-05 00:57:04,695 [EndpointStateMachine task thread for /127.0.0.1:15461 - 0 ] INFO  ratis.XceiverServerRatis (XceiverServerRatis.java:getRealPort(499)) - XceiverServerRatis 4428f99b-3864-401a-a30b-d8207dc31cfa is started using port 40939 for RATIS_SERVER
2021-07-05 00:57:04,698 [EndpointStateMachine task thread for /127.0.0.1:15461 - 0 ] INFO  server.XceiverServerGrpc (XceiverServerGrpc.java:start(135)) - XceiverServerGrpc 4428f99b-3864-401a-a30b-d8207dc31cfa is started using port 45343
2021-07-05 00:57:04,699 [org.apache.ratis.util.JvmPauseMonitor$$Lambda$493/611739613@6291ea39] INFO  util.JvmPauseMonitor (JvmPauseMonitor.java:run(103)) - JvmPauseMonitor-4428f99b-3864-401a-a30b-d8207dc31cfa: Started
2021-07-05 00:57:04,699 [EndpointStateMachine task thread for /127.0.0.1:15471 - 0 ] INFO  ozoneimpl.OzoneContainer (OzoneContainer.java:start(301)) - Ignore. OzoneContainer already started.
2021-07-05 00:57:04,836 [EndpointStateMachine task thread for /127.0.0.1:15471 - 0 ] INFO  ozoneimpl.OzoneContainer (OzoneContainer.java:start(305)) - Attempting to start container services.
2021-07-05 00:57:04,836 [EndpointStateMachine task thread for /127.0.0.1:15471 - 0 ] INFO  ozoneimpl.OzoneContainer (OzoneContainer.java:startContainerScrub(250)) - Background container scanner has been disabled.
2021-07-05 00:57:04,839 [EndpointStateMachine task thread for /127.0.0.1:15471 - 0 ] INFO  replication.ReplicationServer (ReplicationServer.java:start(106)) - ReplicationServer is started using port 35315
2021-07-05 00:57:04,840 [EndpointStateMachine task thread for /127.0.0.1:15471 - 0 ] INFO  ratis.XceiverServerRatis (XceiverServerRatis.java:start(478)) - Starting XceiverServerRatis b549a9a8-3457-4b53-9703-c9fae2cc989c
2021-07-05 00:57:04,841 [EndpointStateMachine task thread for /127.0.0.1:15471 - 0 ] INFO  server.RaftServer (RaftServerProxy.java:lambda$start$5(374)) - b549a9a8-3457-4b53-9703-c9fae2cc989c: start RPC server
2021-07-05 00:57:04,843 [EndpointStateMachine task thread for /127.0.0.1:15471 - 0 ] INFO  server.GrpcService (GrpcService.java:startImpl(253)) - b549a9a8-3457-4b53-9703-c9fae2cc989c: GrpcService started, listening on 44095
2021-07-05 00:57:04,844 [EndpointStateMachine task thread for /127.0.0.1:15471 - 0 ] INFO  ratis.XceiverServerRatis (XceiverServerRatis.java:getRealPort(499)) - XceiverServerRatis b549a9a8-3457-4b53-9703-c9fae2cc989c is started using port 44095 for RATIS
2021-07-05 00:57:04,844 [EndpointStateMachine task thread for /127.0.0.1:15471 - 0 ] INFO  ratis.XceiverServerRatis (XceiverServerRatis.java:getRealPort(499)) - XceiverServerRatis b549a9a8-3457-4b53-9703-c9fae2cc989c is started using port 44095 for RATIS_ADMIN
2021-07-05 00:57:04,844 [EndpointStateMachine task thread for /127.0.0.1:15471 - 0 ] INFO  ratis.XceiverServerRatis (XceiverServerRatis.java:getRealPort(499)) - XceiverServerRatis b549a9a8-3457-4b53-9703-c9fae2cc989c is started using port 44095 for RATIS_SERVER
2021-07-05 00:57:04,848 [EndpointStateMachine task thread for /127.0.0.1:15471 - 0 ] INFO  server.XceiverServerGrpc (XceiverServerGrpc.java:start(135)) - XceiverServerGrpc b549a9a8-3457-4b53-9703-c9fae2cc989c is started using port 46049
2021-07-05 00:57:04,849 [org.apache.ratis.util.JvmPauseMonitor$$Lambda$493/611739613@584abded] INFO  util.JvmPauseMonitor (JvmPauseMonitor.java:run(103)) - JvmPauseMonitor-b549a9a8-3457-4b53-9703-c9fae2cc989c: Started
2021-07-05 00:57:04,849 [EndpointStateMachine task thread for /127.0.0.1:15461 - 0 ] INFO  ozoneimpl.OzoneContainer (OzoneContainer.java:start(301)) - Ignore. OzoneContainer already started.
2021-07-05 00:57:04,973 [Listener at 127.0.0.1/12256] INFO  ozone.MiniOzoneClusterImpl (MiniOzoneClusterImpl.java:lambda$waitForClusterToBeReady$0(227)) - Waiting for nodes to be ready. Got 0 of 3 DN Heartbeats.
2021-07-05 00:57:04,973 [Listener at 127.0.0.1/12256] INFO  ozone.MiniOzoneClusterImpl (MiniOzoneClusterImpl.java:lambda$waitForClusterToBeReady$0(230)) - Waiting for cluster to exit safe mode
2021-07-05 00:57:04,973 [Listener at 127.0.0.1/12256] INFO  ozone.MiniOzoneClusterImpl (MiniOzoneClusterImpl.java:lambda$waitForClusterToBeReady$0(232)) - SCM became leader
2021-07-05 00:57:04,985 [EndpointStateMachine task thread for /127.0.0.1:15471 - 0 ] INFO  ozoneimpl.OzoneContainer (OzoneContainer.java:start(305)) - Attempting to start container services.
2021-07-05 00:57:04,986 [EndpointStateMachine task thread for /127.0.0.1:15471 - 0 ] INFO  ozoneimpl.OzoneContainer (OzoneContainer.java:startContainerScrub(250)) - Background container scanner has been disabled.
2021-07-05 00:57:04,989 [EndpointStateMachine task thread for /127.0.0.1:15471 - 0 ] INFO  replication.ReplicationServer (ReplicationServer.java:start(106)) - ReplicationServer is started using port 42645
2021-07-05 00:57:04,989 [EndpointStateMachine task thread for /127.0.0.1:15471 - 0 ] INFO  ratis.XceiverServerRatis (XceiverServerRatis.java:start(478)) - Starting XceiverServerRatis 65d645ba-2b71-4ad7-bc66-74fd2328f6a5
2021-07-05 00:57:04,995 [EndpointStateMachine task thread for /127.0.0.1:15471 - 0 ] INFO  server.RaftServer (RaftServerProxy.java:lambda$start$5(374)) - 65d645ba-2b71-4ad7-bc66-74fd2328f6a5: start RPC server
2021-07-05 00:57:04,999 [EndpointStateMachine task thread for /127.0.0.1:15471 - 0 ] INFO  server.GrpcService (GrpcService.java:startImpl(253)) - 65d645ba-2b71-4ad7-bc66-74fd2328f6a5: GrpcService started, listening on 36069
2021-07-05 00:57:05,000 [EndpointStateMachine task thread for /127.0.0.1:15471 - 0 ] INFO  ratis.XceiverServerRatis (XceiverServerRatis.java:getRealPort(499)) - XceiverServerRatis 65d645ba-2b71-4ad7-bc66-74fd2328f6a5 is started using port 36069 for RATIS
2021-07-05 00:57:05,000 [org.apache.ratis.util.JvmPauseMonitor$$Lambda$493/611739613@4aa08fd8] INFO  util.JvmPauseMonitor (JvmPauseMonitor.java:run(103)) - JvmPauseMonitor-65d645ba-2b71-4ad7-bc66-74fd2328f6a5: Started
2021-07-05 00:57:05,000 [EndpointStateMachine task thread for /127.0.0.1:15471 - 0 ] INFO  ratis.XceiverServerRatis (XceiverServerRatis.java:getRealPort(499)) - XceiverServerRatis 65d645ba-2b71-4ad7-bc66-74fd2328f6a5 is started using port 36069 for RATIS_ADMIN
2021-07-05 00:57:05,000 [EndpointStateMachine task thread for /127.0.0.1:15471 - 0 ] INFO  ratis.XceiverServerRatis (XceiverServerRatis.java:getRealPort(499)) - XceiverServerRatis 65d645ba-2b71-4ad7-bc66-74fd2328f6a5 is started using port 36069 for RATIS_SERVER
2021-07-05 00:57:05,002 [EndpointStateMachine task thread for /127.0.0.1:15471 - 0 ] INFO  server.XceiverServerGrpc (XceiverServerGrpc.java:start(135)) - XceiverServerGrpc 65d645ba-2b71-4ad7-bc66-74fd2328f6a5 is started using port 32841
2021-07-05 00:57:05,004 [EndpointStateMachine task thread for /127.0.0.1:15461 - 0 ] INFO  ozoneimpl.OzoneContainer (OzoneContainer.java:start(301)) - Ignore. OzoneContainer already started.
2021-07-05 00:57:05,973 [Listener at 127.0.0.1/12256] INFO  ozone.MiniOzoneClusterImpl (MiniOzoneClusterImpl.java:lambda$waitForClusterToBeReady$0(227)) - Waiting for nodes to be ready. Got 0 of 3 DN Heartbeats.
2021-07-05 00:57:05,974 [Listener at 127.0.0.1/12256] INFO  ozone.MiniOzoneClusterImpl (MiniOzoneClusterImpl.java:lambda$waitForClusterToBeReady$0(230)) - Waiting for cluster to exit safe mode
2021-07-05 00:57:05,974 [Listener at 127.0.0.1/12256] INFO  ozone.MiniOzoneClusterImpl (MiniOzoneClusterImpl.java:lambda$waitForClusterToBeReady$0(232)) - SCM became leader
2021-07-05 00:57:06,630 [IPC Server handler 0 on default port 15471] INFO  net.NetworkTopologyImpl (NetworkTopologyImpl.java:add(112)) - Added a new node: /default-rack/4428f99b-3864-401a-a30b-d8207dc31cfa
2021-07-05 00:57:06,631 [IPC Server handler 0 on default port 15461] INFO  net.NetworkTopologyImpl (NetworkTopologyImpl.java:add(112)) - Added a new node: /default-rack/4428f99b-3864-401a-a30b-d8207dc31cfa
2021-07-05 00:57:06,635 [IPC Server handler 0 on default port 15471] INFO  node.SCMNodeManager (SCMNodeManager.java:register(348)) - Registered Data node : 4428f99b-3864-401a-a30b-d8207dc31cfa{ip: 127.0.0.1, host: localhost, ports: [REPLICATION=44873, RATIS=40939, RATIS_ADMIN=40939, RATIS_SERVER=40939, STANDALONE=45343], networkLocation: /default-rack, certSerialId: null, persistedOpState: null, persistedOpStateExpiryEpochSec: 0}
2021-07-05 00:57:06,649 [EventQueue-NewNodeForNewNodeHandler] INFO  pipeline.BackgroundPipelineCreator (BackgroundPipelineCreatorV2.java:notifyEventTriggered(279)) - ignore, not leader SCM.
2021-07-05 00:57:06,649 [IPC Server handler 0 on default port 15461] INFO  node.SCMNodeManager (SCMNodeManager.java:register(348)) - Registered Data node : 4428f99b-3864-401a-a30b-d8207dc31cfa{ip: 127.0.0.1, host: localhost, ports: [REPLICATION=44873, RATIS=40939, RATIS_ADMIN=40939, RATIS_SERVER=40939, STANDALONE=45343], networkLocation: /default-rack, certSerialId: null, persistedOpState: null, persistedOpStateExpiryEpochSec: 0}
2021-07-05 00:57:06,649 [EventQueue-NewNodeForNewNodeHandler] INFO  pipeline.BackgroundPipelineCreator (BackgroundPipelineCreatorV2.java:notifyEventTriggered(285)) - trigger a one-shot run on RatisPipelineUtilsThread.
2021-07-05 00:57:06,659 [RatisPipelineUtilsThread - 0] INFO  pipeline.RatisPipelineProvider (RatisPipelineProvider.java:lambda$create$0(170)) - Sending CreatePipelineCommand for pipeline:PipelineID=607aab92-8ab2-4b87-a97d-180b7429b1d7 to datanode:4428f99b-3864-401a-a30b-d8207dc31cfa
2021-07-05 00:57:06,660 [EventQueue-NodeRegistrationContainerReportForDataNodeSafeModeRule] INFO  safemode.SCMSafeModeManager (DataNodeSafeModeRule.java:process(71)) - SCM in safe mode. 1 DataNodes registered, 3 required.
2021-07-05 00:57:06,661 [EventQueue-NodeRegistrationContainerReportForDataNodeSafeModeRule] INFO  safemode.SCMSafeModeManager (DataNodeSafeModeRule.java:process(71)) - SCM in safe mode. 1 DataNodes registered, 3 required.
2021-07-05 00:57:06,680 [EventQueue-NodeRegistrationContainerReportForContainerSafeModeRule] INFO  safemode.SCMSafeModeManager (SCMSafeModeManager.java:validateSafeModeExitRules(204)) - ContainerSafeModeRule rule is successfully validated
2021-07-05 00:57:06,680 [EventQueue-NodeRegistrationContainerReportForContainerSafeModeRule] INFO  safemode.SCMSafeModeManager (SCMSafeModeManager.java:validateSafeModeExitRules(204)) - ContainerSafeModeRule rule is successfully validated
2021-07-05 00:57:06,695 [EventQueue-PipelineReportForOneReplicaPipelineSafeModeRule] INFO  safemode.SCMSafeModeManager (SCMSafeModeManager.java:validateSafeModeExitRules(204)) - AtleastOneDatanodeReportedRule rule is successfully validated
2021-07-05 00:57:06,705 [EventQueue-PipelineReportForOneReplicaPipelineSafeModeRule] INFO  safemode.SCMSafeModeManager (SCMSafeModeManager.java:validateSafeModeExitRules(204)) - AtleastOneDatanodeReportedRule rule is successfully validated
2021-07-05 00:57:06,758 [431daa7d-f040-4c11-a1fb-891b2bc8b6a1@group-2C1689F4816B-StateMachineUpdater] INFO  pipeline.PipelineStateManager (PipelineStateManagerV2Impl.java:addPipeline(101)) - Created pipeline Pipeline[ Id: 607aab92-8ab2-4b87-a97d-180b7429b1d7, Nodes: 4428f99b-3864-401a-a30b-d8207dc31cfa{ip: 127.0.0.1, host: localhost, ports: [REPLICATION=44873, RATIS=40939, RATIS_ADMIN=40939, RATIS_SERVER=40939, STANDALONE=45343], networkLocation: /default-rack, certSerialId: null, persistedOpState: IN_SERVICE, persistedOpStateExpiryEpochSec: 0}, ReplicationConfig: RATIS/ONE, State:ALLOCATED, leaderId:, CreationTimestamp2021-07-05T00:57:06.655Z].
2021-07-05 00:57:06,765 [431daa7d-f040-4c11-a1fb-891b2bc8b6a1@group-2C1689F4816B-StateMachineUpdater] INFO  safemode.HealthyPipelineSafeModeRule (HealthyPipelineSafeModeRule.java:initializeRule(152)) - Refreshed total pipeline count is 0, healthy pipeline threshold count is 1
2021-07-05 00:57:06,768 [RatisPipelineUtilsThread - 0] INFO  ha.SCMHAInvocationHandler (SCMHAInvocationHandler.java:invokeRatis(113)) - Invoking method public abstract void org.apache.hadoop.hdds.scm.pipeline.StateManager.addPipeline(org.apache.hadoop.hdds.protocol.proto.HddsProtos$Pipeline) throws java.io.IOException on target org.apache.hadoop.hdds.scm.ha.SCMRatisServerImpl@16916856, cost 72176.001us
2021-07-05 00:57:06,772 [181931d2-e1e0-4592-a157-d5007a9fa086@group-2C1689F4816B-StateMachineUpdater] INFO  pipeline.PipelineStateManager (PipelineStateManagerV2Impl.java:addPipeline(101)) - Created pipeline Pipeline[ Id: 607aab92-8ab2-4b87-a97d-180b7429b1d7, Nodes: 4428f99b-3864-401a-a30b-d8207dc31cfa{ip: 127.0.0.1, host: localhost, ports: [REPLICATION=44873, RATIS=40939, RATIS_ADMIN=40939, RATIS_SERVER=40939, STANDALONE=45343], networkLocation: /default-rack, certSerialId: null, persistedOpState: IN_SERVICE, persistedOpStateExpiryEpochSec: 0}, ReplicationConfig: RATIS/ONE, State:ALLOCATED, leaderId:, CreationTimestamp2021-07-05T00:57:06.655Z].
2021-07-05 00:57:06,774 [181931d2-e1e0-4592-a157-d5007a9fa086@group-2C1689F4816B-StateMachineUpdater] INFO  safemode.HealthyPipelineSafeModeRule (HealthyPipelineSafeModeRule.java:initializeRule(152)) - Refreshed total pipeline count is 0, healthy pipeline threshold count is 1
2021-07-05 00:57:06,833 [IPC Server handler 1 on default port 15471] INFO  net.NetworkTopologyImpl (NetworkTopologyImpl.java:add(112)) - Added a new node: /default-rack/b549a9a8-3457-4b53-9703-c9fae2cc989c
2021-07-05 00:57:06,834 [IPC Server handler 1 on default port 15471] INFO  node.SCMNodeManager (SCMNodeManager.java:register(348)) - Registered Data node : b549a9a8-3457-4b53-9703-c9fae2cc989c{ip: 127.0.0.1, host: localhost, ports: [REPLICATION=35315, RATIS=44095, RATIS_ADMIN=44095, RATIS_SERVER=44095, STANDALONE=46049], networkLocation: /default-rack, certSerialId: null, persistedOpState: null, persistedOpStateExpiryEpochSec: 0}
2021-07-05 00:57:06,834 [IPC Server handler 1 on default port 15461] INFO  net.NetworkTopologyImpl (NetworkTopologyImpl.java:add(112)) - Added a new node: /default-rack/b549a9a8-3457-4b53-9703-c9fae2cc989c
2021-07-05 00:57:06,834 [EventQueue-NewNodeForNewNodeHandler] INFO  pipeline.BackgroundPipelineCreator (BackgroundPipelineCreatorV2.java:notifyEventTriggered(279)) - ignore, not leader SCM.
2021-07-05 00:57:06,834 [IPC Server handler 1 on default port 15461] INFO  node.SCMNodeManager (SCMNodeManager.java:register(348)) - Registered Data node : b549a9a8-3457-4b53-9703-c9fae2cc989c{ip: 127.0.0.1, host: localhost, ports: [REPLICATION=35315, RATIS=44095, RATIS_ADMIN=44095, RATIS_SERVER=44095, STANDALONE=46049], networkLocation: /default-rack, certSerialId: null, persistedOpState: null, persistedOpStateExpiryEpochSec: 0}
2021-07-05 00:57:06,835 [EventQueue-NodeRegistrationContainerReportForDataNodeSafeModeRule] INFO  safemode.SCMSafeModeManager (DataNodeSafeModeRule.java:process(71)) - SCM in safe mode. 2 DataNodes registered, 3 required.
2021-07-05 00:57:06,835 [EventQueue-NewNodeForNewNodeHandler] INFO  pipeline.BackgroundPipelineCreator (BackgroundPipelineCreatorV2.java:notifyEventTriggered(285)) - trigger a one-shot run on RatisPipelineUtilsThread.
2021-07-05 00:57:06,836 [EventQueue-NodeRegistrationContainerReportForDataNodeSafeModeRule] INFO  safemode.SCMSafeModeManager (DataNodeSafeModeRule.java:process(71)) - SCM in safe mode. 2 DataNodes registered, 3 required.
2021-07-05 00:57:06,837 [RatisPipelineUtilsThread - 0] INFO  pipeline.RatisPipelineProvider (RatisPipelineProvider.java:lambda$create$0(170)) - Sending CreatePipelineCommand for pipeline:PipelineID=4e22a062-1b5c-481b-ae09-454d521cc898 to datanode:b549a9a8-3457-4b53-9703-c9fae2cc989c
2021-07-05 00:57:06,846 [431daa7d-f040-4c11-a1fb-891b2bc8b6a1@group-2C1689F4816B-StateMachineUpdater] INFO  pipeline.PipelineStateManager (PipelineStateManagerV2Impl.java:addPipeline(101)) - Created pipeline Pipeline[ Id: 4e22a062-1b5c-481b-ae09-454d521cc898, Nodes: b549a9a8-3457-4b53-9703-c9fae2cc989c{ip: 127.0.0.1, host: localhost, ports: [REPLICATION=35315, RATIS=44095, RATIS_ADMIN=44095, RATIS_SERVER=44095, STANDALONE=46049], networkLocation: /default-rack, certSerialId: null, persistedOpState: IN_SERVICE, persistedOpStateExpiryEpochSec: 0}, ReplicationConfig: RATIS/ONE, State:ALLOCATED, leaderId:, CreationTimestamp2021-07-05T00:57:06.837Z].
2021-07-05 00:57:06,846 [431daa7d-f040-4c11-a1fb-891b2bc8b6a1@group-2C1689F4816B-StateMachineUpdater] INFO  safemode.HealthyPipelineSafeModeRule (HealthyPipelineSafeModeRule.java:initializeRule(152)) - Refreshed total pipeline count is 0, healthy pipeline threshold count is 1
2021-07-05 00:57:06,847 [RatisPipelineUtilsThread - 0] INFO  ha.SCMHAInvocationHandler (SCMHAInvocationHandler.java:invokeRatis(113)) - Invoking method public abstract void org.apache.hadoop.hdds.scm.pipeline.StateManager.addPipeline(org.apache.hadoop.hdds.protocol.proto.HddsProtos$Pipeline) throws java.io.IOException on target org.apache.hadoop.hdds.scm.ha.SCMRatisServerImpl@16916856, cost 9739.52us
2021-07-05 00:57:06,851 [181931d2-e1e0-4592-a157-d5007a9fa086@group-2C1689F4816B-StateMachineUpdater] INFO  pipeline.PipelineStateManager (PipelineStateManagerV2Impl.java:addPipeline(101)) - Created pipeline Pipeline[ Id: 4e22a062-1b5c-481b-ae09-454d521cc898, Nodes: b549a9a8-3457-4b53-9703-c9fae2cc989c{ip: 127.0.0.1, host: localhost, ports: [REPLICATION=35315, RATIS=44095, RATIS_ADMIN=44095, RATIS_SERVER=44095, STANDALONE=46049], networkLocation: /default-rack, certSerialId: null, persistedOpState: IN_SERVICE, persistedOpStateExpiryEpochSec: 0}, ReplicationConfig: RATIS/ONE, State:ALLOCATED, leaderId:, CreationTimestamp2021-07-05T00:57:06.837Z].
2021-07-05 00:57:06,851 [181931d2-e1e0-4592-a157-d5007a9fa086@group-2C1689F4816B-StateMachineUpdater] INFO  safemode.HealthyPipelineSafeModeRule (HealthyPipelineSafeModeRule.java:initializeRule(152)) - Refreshed total pipeline count is 0, healthy pipeline threshold count is 1
2021-07-05 00:57:06,854 [431daa7d-f040-4c11-a1fb-891b2bc8b6a1@group-2C1689F4816B-StateMachineUpdater] INFO  ha.SCMStateMachine (SCMStateMachine.java:takeSnapshot(290)) - Current Snapshot Index 10, takeSnapshot took 0 ms
2021-07-05 00:57:06,854 [431daa7d-f040-4c11-a1fb-891b2bc8b6a1@group-2C1689F4816B-StateMachineUpdater] INFO  impl.StateMachineUpdater (StateMachineUpdater.java:takeSnapshot(281)) - 431daa7d-f040-4c11-a1fb-891b2bc8b6a1@group-2C1689F4816B-StateMachineUpdater: Took a snapshot at index 10
2021-07-05 00:57:06,854 [431daa7d-f040-4c11-a1fb-891b2bc8b6a1@group-2C1689F4816B-StateMachineUpdater] INFO  impl.StateMachineUpdater (StateMachineUpdater.java:lambda$new$0(89)) - 431daa7d-f040-4c11-a1fb-891b2bc8b6a1@group-2C1689F4816B-StateMachineUpdater: snapshotIndex: updateIncreasingly 5 -> 10
2021-07-05 00:57:06,854 [431daa7d-f040-4c11-a1fb-891b2bc8b6a1@group-2C1689F4816B-StateMachineUpdater] INFO  raftlog.RaftLog (RaftLogBase.java:purge(306)) - 431daa7d-f040-4c11-a1fb-891b2bc8b6a1@group-2C1689F4816B-SegmentedRaftLog: purge 10
2021-07-05 00:57:06,854 [431daa7d-f040-4c11-a1fb-891b2bc8b6a1@group-2C1689F4816B-StateMachineUpdater] INFO  raftlog.RaftLog (RaftLogBase.java:lambda$new$0(53)) - 431daa7d-f040-4c11-a1fb-891b2bc8b6a1@group-2C1689F4816B-SegmentedRaftLog: snapshotIndex: updateIncreasingly 5 -> 10
2021-07-05 00:57:06,855 [431daa7d-f040-4c11-a1fb-891b2bc8b6a1@group-2C1689F4816B-StateMachineUpdater] INFO  raftlog.RaftLog (RaftLogBase.java:lambda$new$0(53)) - 431daa7d-f040-4c11-a1fb-891b2bc8b6a1@group-2C1689F4816B-SegmentedRaftLog: purgeIndex: updateToMax old=0, new=10, updated? true
2021-07-05 00:57:06,974 [Listener at 127.0.0.1/12256] INFO  ozone.MiniOzoneClusterImpl (MiniOzoneClusterImpl.java:lambda$waitForClusterToBeReady$0(227)) - Waiting for nodes to be ready. Got 2 of 3 DN Heartbeats.
2021-07-05 00:57:06,974 [Listener at 127.0.0.1/12256] INFO  ozone.MiniOzoneClusterImpl (MiniOzoneClusterImpl.java:lambda$waitForClusterToBeReady$0(230)) - Waiting for cluster to exit safe mode
2021-07-05 00:57:06,975 [Listener at 127.0.0.1/12256] INFO  ozone.MiniOzoneClusterImpl (MiniOzoneClusterImpl.java:lambda$waitForClusterToBeReady$0(232)) - SCM became leader
2021-07-05 00:57:06,981 [IPC Server handler 4 on default port 15471] INFO  net.NetworkTopologyImpl (NetworkTopologyImpl.java:add(112)) - Added a new node: /default-rack/65d645ba-2b71-4ad7-bc66-74fd2328f6a5
2021-07-05 00:57:06,981 [IPC Server handler 2 on default port 15461] INFO  net.NetworkTopologyImpl (NetworkTopologyImpl.java:add(112)) - Added a new node: /default-rack/65d645ba-2b71-4ad7-bc66-74fd2328f6a5
2021-07-05 00:57:06,982 [IPC Server handler 4 on default port 15471] INFO  node.SCMNodeManager (SCMNodeManager.java:register(348)) - Registered Data node : 65d645ba-2b71-4ad7-bc66-74fd2328f6a5{ip: 127.0.0.1, host: localhost, ports: [REPLICATION=42645, RATIS=36069, RATIS_ADMIN=36069, RATIS_SERVER=36069, STANDALONE=32841], networkLocation: /default-rack, certSerialId: null, persistedOpState: null, persistedOpStateExpiryEpochSec: 0}
2021-07-05 00:57:06,982 [IPC Server handler 2 on default port 15461] INFO  node.SCMNodeManager (SCMNodeManager.java:register(348)) - Registered Data node : 65d645ba-2b71-4ad7-bc66-74fd2328f6a5{ip: 127.0.0.1, host: localhost, ports: [REPLICATION=42645, RATIS=36069, RATIS_ADMIN=36069, RATIS_SERVER=36069, STANDALONE=32841], networkLocation: /default-rack, certSerialId: null, persistedOpState: null, persistedOpStateExpiryEpochSec: 0}
2021-07-05 00:57:06,982 [EventQueue-NewNodeForNewNodeHandler] INFO  pipeline.BackgroundPipelineCreator (BackgroundPipelineCreatorV2.java:notifyEventTriggered(285)) - trigger a one-shot run on RatisPipelineUtilsThread.
2021-07-05 00:57:06,982 [EventQueue-NewNodeForNewNodeHandler] INFO  pipeline.BackgroundPipelineCreator (BackgroundPipelineCreatorV2.java:notifyEventTriggered(279)) - ignore, not leader SCM.
2021-07-05 00:57:06,983 [RatisPipelineUtilsThread - 0] INFO  pipeline.RatisPipelineProvider (RatisPipelineProvider.java:lambda$create$0(170)) - Sending CreatePipelineCommand for pipeline:PipelineID=375cd340-fc76-474b-9a4e-6ff6a8ecce1e to datanode:65d645ba-2b71-4ad7-bc66-74fd2328f6a5
2021-07-05 00:57:06,985 [EventQueue-NodeRegistrationContainerReportForDataNodeSafeModeRule] INFO  safemode.SCMSafeModeManager (DataNodeSafeModeRule.java:process(71)) - SCM in safe mode. 3 DataNodes registered, 3 required.
2021-07-05 00:57:06,985 [EventQueue-NodeRegistrationContainerReportForDataNodeSafeModeRule] INFO  safemode.SCMSafeModeManager (SCMSafeModeManager.java:validateSafeModeExitRules(204)) - DataNodeSafeModeRule rule is successfully validated
2021-07-05 00:57:06,985 [EventQueue-NodeRegistrationContainerReportForDataNodeSafeModeRule] INFO  safemode.SCMSafeModeManager (SCMSafeModeManager.java:completePreCheck(233)) - All SCM safe mode pre check rules have passed
2021-07-05 00:57:06,985 [EventQueue-NodeRegistrationContainerReportForDataNodeSafeModeRule] WARN  events.EventQueue (EventQueue.java:fireEvent(194)) - No event handler registered for event TypedEvent{payloadType=SafeModeStatus, name='Safe mode status'}
2021-07-05 00:57:06,985 [EventQueue-NodeRegistrationContainerReportForDataNodeSafeModeRule] INFO  ha.SCMContext (SCMContext.java:updateSafeModeStatus(208)) - Update SafeModeStatus from SafeModeStatus{safeModeStatus=true, preCheckPassed=false} to SafeModeStatus{safeModeStatus=true, preCheckPassed=true}.
2021-07-05 00:57:06,985 [EventQueue-NodeRegistrationContainerReportForDataNodeSafeModeRule] INFO  pipeline.BackgroundPipelineCreator (BackgroundPipelineCreatorV2.java:notifyEventTriggered(279)) - ignore, not leader SCM.
2021-07-05 00:57:06,986 [EventQueue-NodeRegistrationContainerReportForDataNodeSafeModeRule] INFO  safemode.SCMSafeModeManager (DataNodeSafeModeRule.java:process(71)) - SCM in safe mode. 3 DataNodes registered, 3 required.
2021-07-05 00:57:06,986 [EventQueue-NodeRegistrationContainerReportForDataNodeSafeModeRule] INFO  safemode.SCMSafeModeManager (SCMSafeModeManager.java:validateSafeModeExitRules(204)) - DataNodeSafeModeRule rule is successfully validated
2021-07-05 00:57:06,986 [EventQueue-NodeRegistrationContainerReportForDataNodeSafeModeRule] INFO  safemode.SCMSafeModeManager (SCMSafeModeManager.java:completePreCheck(233)) - All SCM safe mode pre check rules have passed
2021-07-05 00:57:06,986 [EventQueue-NodeRegistrationContainerReportForDataNodeSafeModeRule] WARN  events.EventQueue (EventQueue.java:fireEvent(194)) - No event handler registered for event TypedEvent{payloadType=SafeModeStatus, name='Safe mode status'}
2021-07-05 00:57:06,990 [EventQueue-NodeRegistrationContainerReportForDataNodeSafeModeRule] INFO  ha.SCMContext (SCMContext.java:updateSafeModeStatus(208)) - Update SafeModeStatus from SafeModeStatus{safeModeStatus=true, preCheckPassed=false} to SafeModeStatus{safeModeStatus=true, preCheckPassed=true}.
2021-07-05 00:57:06,990 [EventQueue-NodeRegistrationContainerReportForDataNodeSafeModeRule] INFO  pipeline.BackgroundPipelineCreator (BackgroundPipelineCreatorV2.java:notifyEventTriggered(285)) - trigger a one-shot run on RatisPipelineUtilsThread.
2021-07-05 00:57:06,992 [181931d2-e1e0-4592-a157-d5007a9fa086@group-2C1689F4816B-StateMachineUpdater] INFO  ha.SCMStateMachine (SCMStateMachine.java:takeSnapshot(290)) - Current Snapshot Index 10, takeSnapshot took 0 ms
2021-07-05 00:57:06,992 [181931d2-e1e0-4592-a157-d5007a9fa086@group-2C1689F4816B-StateMachineUpdater] INFO  impl.StateMachineUpdater (StateMachineUpdater.java:takeSnapshot(281)) - 181931d2-e1e0-4592-a157-d5007a9fa086@group-2C1689F4816B-StateMachineUpdater: Took a snapshot at index 10
2021-07-05 00:57:06,992 [181931d2-e1e0-4592-a157-d5007a9fa086@group-2C1689F4816B-StateMachineUpdater] INFO  impl.StateMachineUpdater (StateMachineUpdater.java:lambda$new$0(89)) - 181931d2-e1e0-4592-a157-d5007a9fa086@group-2C1689F4816B-StateMachineUpdater: snapshotIndex: updateIncreasingly 5 -> 10
2021-07-05 00:57:06,992 [181931d2-e1e0-4592-a157-d5007a9fa086@group-2C1689F4816B-StateMachineUpdater] INFO  raftlog.RaftLog (RaftLogBase.java:purge(306)) - 181931d2-e1e0-4592-a157-d5007a9fa086@group-2C1689F4816B-SegmentedRaftLog: purge 10
2021-07-05 00:57:06,992 [181931d2-e1e0-4592-a157-d5007a9fa086@group-2C1689F4816B-StateMachineUpdater] INFO  raftlog.RaftLog (RaftLogBase.java:lambda$new$0(53)) - 181931d2-e1e0-4592-a157-d5007a9fa086@group-2C1689F4816B-SegmentedRaftLog: snapshotIndex: updateIncreasingly 5 -> 10
2021-07-05 00:57:06,992 [181931d2-e1e0-4592-a157-d5007a9fa086@group-2C1689F4816B-StateMachineUpdater] INFO  raftlog.RaftLog (RaftLogBase.java:lambda$new$0(53)) - 181931d2-e1e0-4592-a157-d5007a9fa086@group-2C1689F4816B-SegmentedRaftLog: purgeIndex: updateToMax old=0, new=10, updated? true
2021-07-05 00:57:06,997 [431daa7d-f040-4c11-a1fb-891b2bc8b6a1@group-2C1689F4816B-StateMachineUpdater] INFO  pipeline.PipelineStateManager (PipelineStateManagerV2Impl.java:addPipeline(101)) - Created pipeline Pipeline[ Id: 375cd340-fc76-474b-9a4e-6ff6a8ecce1e, Nodes: 65d645ba-2b71-4ad7-bc66-74fd2328f6a5{ip: 127.0.0.1, host: localhost, ports: [REPLICATION=42645, RATIS=36069, RATIS_ADMIN=36069, RATIS_SERVER=36069, STANDALONE=32841], networkLocation: /default-rack, certSerialId: null, persistedOpState: IN_SERVICE, persistedOpStateExpiryEpochSec: 0}, ReplicationConfig: RATIS/ONE, State:ALLOCATED, leaderId:, CreationTimestamp2021-07-05T00:57:06.983Z].
2021-07-05 00:57:06,997 [431daa7d-f040-4c11-a1fb-891b2bc8b6a1@group-2C1689F4816B-StateMachineUpdater] INFO  safemode.HealthyPipelineSafeModeRule (HealthyPipelineSafeModeRule.java:initializeRule(152)) - Refreshed total pipeline count is 0, healthy pipeline threshold count is 1
2021-07-05 00:57:06,997 [RatisPipelineUtilsThread - 0] INFO  ha.SCMHAInvocationHandler (SCMHAInvocationHandler.java:invokeRatis(113)) - Invoking method public abstract void org.apache.hadoop.hdds.scm.pipeline.StateManager.addPipeline(org.apache.hadoop.hdds.protocol.proto.HddsProtos$Pipeline) throws java.io.IOException on target org.apache.hadoop.hdds.scm.ha.SCMRatisServerImpl@16916856, cost 14230.781us
2021-07-05 00:57:07,002 [RatisPipelineUtilsThread - 0] INFO  pipeline.RatisPipelineProvider (RatisPipelineProvider.java:lambda$create$0(170)) - Sending CreatePipelineCommand for pipeline:PipelineID=d654393b-6ac2-4eb1-945d-49c9f103c6fa to datanode:b549a9a8-3457-4b53-9703-c9fae2cc989c
2021-07-05 00:57:07,003 [RatisPipelineUtilsThread - 0] INFO  pipeline.RatisPipelineProvider (RatisPipelineProvider.java:lambda$create$0(170)) - Sending CreatePipelineCommand for pipeline:PipelineID=d654393b-6ac2-4eb1-945d-49c9f103c6fa to datanode:4428f99b-3864-401a-a30b-d8207dc31cfa
2021-07-05 00:57:07,003 [RatisPipelineUtilsThread - 0] INFO  pipeline.RatisPipelineProvider (RatisPipelineProvider.java:lambda$create$0(170)) - Sending CreatePipelineCommand for pipeline:PipelineID=d654393b-6ac2-4eb1-945d-49c9f103c6fa to datanode:65d645ba-2b71-4ad7-bc66-74fd2328f6a5
2021-07-05 00:57:07,005 [181931d2-e1e0-4592-a157-d5007a9fa086@group-2C1689F4816B-StateMachineUpdater] INFO  pipeline.PipelineStateManager (PipelineStateManagerV2Impl.java:addPipeline(101)) - Created pipeline Pipeline[ Id: 375cd340-fc76-474b-9a4e-6ff6a8ecce1e, Nodes: 65d645ba-2b71-4ad7-bc66-74fd2328f6a5{ip: 127.0.0.1, host: localhost, ports: [REPLICATION=42645, RATIS=36069, RATIS_ADMIN=36069, RATIS_SERVER=36069, STANDALONE=32841], networkLocation: /default-rack, certSerialId: null, persistedOpState: IN_SERVICE, persistedOpStateExpiryEpochSec: 0}, ReplicationConfig: RATIS/ONE, State:ALLOCATED, leaderId:, CreationTimestamp2021-07-05T00:57:06.983Z].
2021-07-05 00:57:07,005 [181931d2-e1e0-4592-a157-d5007a9fa086@group-2C1689F4816B-StateMachineUpdater] INFO  safemode.HealthyPipelineSafeModeRule (HealthyPipelineSafeModeRule.java:initializeRule(152)) - Refreshed total pipeline count is 0, healthy pipeline threshold count is 1
2021-07-05 00:57:07,009 [431daa7d-f040-4c11-a1fb-891b2bc8b6a1@group-2C1689F4816B-StateMachineUpdater] INFO  pipeline.PipelineStateManager (PipelineStateManagerV2Impl.java:addPipeline(101)) - Created pipeline Pipeline[ Id: d654393b-6ac2-4eb1-945d-49c9f103c6fa, Nodes: b549a9a8-3457-4b53-9703-c9fae2cc989c{ip: 127.0.0.1, host: localhost, ports: [REPLICATION=35315, RATIS=44095, RATIS_ADMIN=44095, RATIS_SERVER=44095, STANDALONE=46049], networkLocation: /default-rack, certSerialId: null, persistedOpState: IN_SERVICE, persistedOpStateExpiryEpochSec: 0}4428f99b-3864-401a-a30b-d8207dc31cfa{ip: 127.0.0.1, host: localhost, ports: [REPLICATION=44873, RATIS=40939, RATIS_ADMIN=40939, RATIS_SERVER=40939, STANDALONE=45343], networkLocation: /default-rack, certSerialId: null, persistedOpState: IN_SERVICE, persistedOpStateExpiryEpochSec: 0}65d645ba-2b71-4ad7-bc66-74fd2328f6a5{ip: 127.0.0.1, host: localhost, ports: [REPLICATION=42645, RATIS=36069, RATIS_ADMIN=36069, RATIS_SERVER=36069, STANDALONE=32841], networkLocation: /default-rack, certSerialId: null, persistedOpState: IN_SERVICE, persistedOpStateExpiryEpochSec: 0}, ReplicationConfig: RATIS/THREE, State:ALLOCATED, leaderId:, CreationTimestamp2021-07-05T00:57:07.002Z].
2021-07-05 00:57:07,010 [431daa7d-f040-4c11-a1fb-891b2bc8b6a1@group-2C1689F4816B-StateMachineUpdater] INFO  safemode.HealthyPipelineSafeModeRule (HealthyPipelineSafeModeRule.java:initializeRule(152)) - Refreshed total pipeline count is 0, healthy pipeline threshold count is 1
2021-07-05 00:57:07,010 [RatisPipelineUtilsThread - 0] INFO  ha.SCMHAInvocationHandler (SCMHAInvocationHandler.java:invokeRatis(113)) - Invoking method public abstract void org.apache.hadoop.hdds.scm.pipeline.StateManager.addPipeline(org.apache.hadoop.hdds.protocol.proto.HddsProtos$Pipeline) throws java.io.IOException on target org.apache.hadoop.hdds.scm.ha.SCMRatisServerImpl@16916856, cost 7208.24us
2021-07-05 00:57:07,012 [RatisPipelineUtilsThread - 0] INFO  pipeline.RatisPipelineProvider (RatisPipelineProvider.java:lambda$create$0(170)) - Sending CreatePipelineCommand for pipeline:PipelineID=2baeda0e-4055-46a0-b166-928675faaf16 to datanode:65d645ba-2b71-4ad7-bc66-74fd2328f6a5
2021-07-05 00:57:07,012 [RatisPipelineUtilsThread - 0] INFO  pipeline.RatisPipelineProvider (RatisPipelineProvider.java:lambda$create$0(170)) - Sending CreatePipelineCommand for pipeline:PipelineID=2baeda0e-4055-46a0-b166-928675faaf16 to datanode:b549a9a8-3457-4b53-9703-c9fae2cc989c
2021-07-05 00:57:07,012 [RatisPipelineUtilsThread - 0] INFO  pipeline.RatisPipelineProvider (RatisPipelineProvider.java:lambda$create$0(170)) - Sending CreatePipelineCommand for pipeline:PipelineID=2baeda0e-4055-46a0-b166-928675faaf16 to datanode:4428f99b-3864-401a-a30b-d8207dc31cfa
2021-07-05 00:57:07,016 [181931d2-e1e0-4592-a157-d5007a9fa086@group-2C1689F4816B-StateMachineUpdater] INFO  pipeline.PipelineStateManager (PipelineStateManagerV2Impl.java:addPipeline(101)) - Created pipeline Pipeline[ Id: d654393b-6ac2-4eb1-945d-49c9f103c6fa, Nodes: b549a9a8-3457-4b53-9703-c9fae2cc989c{ip: 127.0.0.1, host: localhost, ports: [REPLICATION=35315, RATIS=44095, RATIS_ADMIN=44095, RATIS_SERVER=44095, STANDALONE=46049], networkLocation: /default-rack, certSerialId: null, persistedOpState: IN_SERVICE, persistedOpStateExpiryEpochSec: 0}4428f99b-3864-401a-a30b-d8207dc31cfa{ip: 127.0.0.1, host: localhost, ports: [REPLICATION=44873, RATIS=40939, RATIS_ADMIN=40939, RATIS_SERVER=40939, STANDALONE=45343], networkLocation: /default-rack, certSerialId: null, persistedOpState: IN_SERVICE, persistedOpStateExpiryEpochSec: 0}65d645ba-2b71-4ad7-bc66-74fd2328f6a5{ip: 127.0.0.1, host: localhost, ports: [REPLICATION=42645, RATIS=36069, RATIS_ADMIN=36069, RATIS_SERVER=36069, STANDALONE=32841], networkLocation: /default-rack, certSerialId: null, persistedOpState: IN_SERVICE, persistedOpStateExpiryEpochSec: 0}, ReplicationConfig: RATIS/THREE, State:ALLOCATED, leaderId:, CreationTimestamp2021-07-05T00:57:07.002Z].
2021-07-05 00:57:07,016 [181931d2-e1e0-4592-a157-d5007a9fa086@group-2C1689F4816B-StateMachineUpdater] INFO  safemode.HealthyPipelineSafeModeRule (HealthyPipelineSafeModeRule.java:initializeRule(152)) - Refreshed total pipeline count is 0, healthy pipeline threshold count is 1
2021-07-05 00:57:07,019 [431daa7d-f040-4c11-a1fb-891b2bc8b6a1@group-2C1689F4816B-StateMachineUpdater] INFO  pipeline.PipelineStateManager (PipelineStateManagerV2Impl.java:addPipeline(101)) - Created pipeline Pipeline[ Id: 2baeda0e-4055-46a0-b166-928675faaf16, Nodes: 65d645ba-2b71-4ad7-bc66-74fd2328f6a5{ip: 127.0.0.1, host: localhost, ports: [REPLICATION=42645, RATIS=36069, RATIS_ADMIN=36069, RATIS_SERVER=36069, STANDALONE=32841], networkLocation: /default-rack, certSerialId: null, persistedOpState: IN_SERVICE, persistedOpStateExpiryEpochSec: 0}b549a9a8-3457-4b53-9703-c9fae2cc989c{ip: 127.0.0.1, host: localhost, ports: [REPLICATION=35315, RATIS=44095, RATIS_ADMIN=44095, RATIS_SERVER=44095, STANDALONE=46049], networkLocation: /default-rack, certSerialId: null, persistedOpState: IN_SERVICE, persistedOpStateExpiryEpochSec: 0}4428f99b-3864-401a-a30b-d8207dc31cfa{ip: 127.0.0.1, host: localhost, ports: [REPLICATION=44873, RATIS=40939, RATIS_ADMIN=40939, RATIS_SERVER=40939, STANDALONE=45343], networkLocation: /default-rack, certSerialId: null, persistedOpState: IN_SERVICE, persistedOpStateExpiryEpochSec: 0}, ReplicationConfig: RATIS/THREE, State:ALLOCATED, leaderId:, CreationTimestamp2021-07-05T00:57:07.012Z].
2021-07-05 00:57:07,020 [431daa7d-f040-4c11-a1fb-891b2bc8b6a1@group-2C1689F4816B-StateMachineUpdater] INFO  safemode.HealthyPipelineSafeModeRule (HealthyPipelineSafeModeRule.java:initializeRule(152)) - Refreshed total pipeline count is 0, healthy pipeline threshold count is 1
2021-07-05 00:57:07,020 [431daa7d-f040-4c11-a1fb-891b2bc8b6a1@group-2C1689F4816B-StateMachineUpdater] INFO  ha.SCMStateMachine (SCMStateMachine.java:takeSnapshot(290)) - Current Snapshot Index 15, takeSnapshot took 0 ms
2021-07-05 00:57:07,021 [431daa7d-f040-4c11-a1fb-891b2bc8b6a1@group-2C1689F4816B-StateMachineUpdater] INFO  impl.StateMachineUpdater (StateMachineUpdater.java:takeSnapshot(281)) - 431daa7d-f040-4c11-a1fb-891b2bc8b6a1@group-2C1689F4816B-StateMachineUpdater: Took a snapshot at index 15
2021-07-05 00:57:07,021 [431daa7d-f040-4c11-a1fb-891b2bc8b6a1@group-2C1689F4816B-StateMachineUpdater] INFO  impl.StateMachineUpdater (StateMachineUpdater.java:lambda$new$0(89)) - 431daa7d-f040-4c11-a1fb-891b2bc8b6a1@group-2C1689F4816B-StateMachineUpdater: snapshotIndex: updateIncreasingly 10 -> 15
2021-07-05 00:57:07,021 [431daa7d-f040-4c11-a1fb-891b2bc8b6a1@group-2C1689F4816B-StateMachineUpdater] INFO  raftlog.RaftLog (RaftLogBase.java:purge(306)) - 431daa7d-f040-4c11-a1fb-891b2bc8b6a1@group-2C1689F4816B-SegmentedRaftLog: purge 15
2021-07-05 00:57:07,021 [431daa7d-f040-4c11-a1fb-891b2bc8b6a1@group-2C1689F4816B-StateMachineUpdater] INFO  raftlog.RaftLog (RaftLogBase.java:lambda$new$0(53)) - 431daa7d-f040-4c11-a1fb-891b2bc8b6a1@group-2C1689F4816B-SegmentedRaftLog: snapshotIndex: updateIncreasingly 10 -> 15
2021-07-05 00:57:07,021 [431daa7d-f040-4c11-a1fb-891b2bc8b6a1@group-2C1689F4816B-StateMachineUpdater] INFO  raftlog.RaftLog (RaftLogBase.java:lambda$new$0(53)) - 431daa7d-f040-4c11-a1fb-891b2bc8b6a1@group-2C1689F4816B-SegmentedRaftLog: purgeIndex: updateToMax old=10, new=15, updated? true
2021-07-05 00:57:07,021 [RatisPipelineUtilsThread - 0] INFO  ha.SCMHAInvocationHandler (SCMHAInvocationHandler.java:invokeRatis(113)) - Invoking method public abstract void org.apache.hadoop.hdds.scm.pipeline.StateManager.addPipeline(org.apache.hadoop.hdds.protocol.proto.HddsProtos$Pipeline) throws java.io.IOException on target org.apache.hadoop.hdds.scm.ha.SCMRatisServerImpl@16916856, cost 8251.232us
2021-07-05 00:57:07,022 [RatisPipelineUtilsThread - 0] INFO  pipeline.PipelineManagerV2Impl (PipelineManagerV2Impl.java:recordMetricsForPipeline(589)) - Pipeline: PipelineID=2baeda0e-4055-46a0-b166-928675faaf16 contains same datanodes as previous pipelines: PipelineID=d654393b-6ac2-4eb1-945d-49c9f103c6fa nodeIds: 65d645ba-2b71-4ad7-bc66-74fd2328f6a5, b549a9a8-3457-4b53-9703-c9fae2cc989c, 4428f99b-3864-401a-a30b-d8207dc31cfa
2021-07-05 00:57:07,025 [181931d2-e1e0-4592-a157-d5007a9fa086@group-2C1689F4816B-StateMachineUpdater] INFO  pipeline.PipelineStateManager (PipelineStateManagerV2Impl.java:addPipeline(101)) - Created pipeline Pipeline[ Id: 2baeda0e-4055-46a0-b166-928675faaf16, Nodes: 65d645ba-2b71-4ad7-bc66-74fd2328f6a5{ip: 127.0.0.1, host: localhost, ports: [REPLICATION=42645, RATIS=36069, RATIS_ADMIN=36069, RATIS_SERVER=36069, STANDALONE=32841], networkLocation: /default-rack, certSerialId: null, persistedOpState: IN_SERVICE, persistedOpStateExpiryEpochSec: 0}b549a9a8-3457-4b53-9703-c9fae2cc989c{ip: 127.0.0.1, host: localhost, ports: [REPLICATION=35315, RATIS=44095, RATIS_ADMIN=44095, RATIS_SERVER=44095, STANDALONE=46049], networkLocation: /default-rack, certSerialId: null, persistedOpState: IN_SERVICE, persistedOpStateExpiryEpochSec: 0}4428f99b-3864-401a-a30b-d8207dc31cfa{ip: 127.0.0.1, host: localhost, ports: [REPLICATION=44873, RATIS=40939, RATIS_ADMIN=40939, RATIS_SERVER=40939, STANDALONE=45343], networkLocation: /default-rack, certSerialId: null, persistedOpState: IN_SERVICE, persistedOpStateExpiryEpochSec: 0}, ReplicationConfig: RATIS/THREE, State:ALLOCATED, leaderId:, CreationTimestamp2021-07-05T00:57:07.012Z].
2021-07-05 00:57:07,025 [181931d2-e1e0-4592-a157-d5007a9fa086@group-2C1689F4816B-StateMachineUpdater] INFO  safemode.HealthyPipelineSafeModeRule (HealthyPipelineSafeModeRule.java:initializeRule(152)) - Refreshed total pipeline count is 0, healthy pipeline threshold count is 1
2021-07-05 00:57:07,026 [181931d2-e1e0-4592-a157-d5007a9fa086@group-2C1689F4816B-StateMachineUpdater] INFO  ha.SCMStateMachine (SCMStateMachine.java:takeSnapshot(290)) - Current Snapshot Index 15, takeSnapshot took 0 ms
2021-07-05 00:57:07,026 [181931d2-e1e0-4592-a157-d5007a9fa086@group-2C1689F4816B-StateMachineUpdater] INFO  impl.StateMachineUpdater (StateMachineUpdater.java:takeSnapshot(281)) - 181931d2-e1e0-4592-a157-d5007a9fa086@group-2C1689F4816B-StateMachineUpdater: Took a snapshot at index 15
2021-07-05 00:57:07,026 [181931d2-e1e0-4592-a157-d5007a9fa086@group-2C1689F4816B-StateMachineUpdater] INFO  impl.StateMachineUpdater (StateMachineUpdater.java:lambda$new$0(89)) - 181931d2-e1e0-4592-a157-d5007a9fa086@group-2C1689F4816B-StateMachineUpdater: snapshotIndex: updateIncreasingly 10 -> 15
2021-07-05 00:57:07,026 [181931d2-e1e0-4592-a157-d5007a9fa086@group-2C1689F4816B-StateMachineUpdater] INFO  raftlog.RaftLog (RaftLogBase.java:purge(306)) - 181931d2-e1e0-4592-a157-d5007a9fa086@group-2C1689F4816B-SegmentedRaftLog: purge 15
2021-07-05 00:57:07,026 [181931d2-e1e0-4592-a157-d5007a9fa086@group-2C1689F4816B-StateMachineUpdater] INFO  raftlog.RaftLog (RaftLogBase.java:lambda$new$0(53)) - 181931d2-e1e0-4592-a157-d5007a9fa086@group-2C1689F4816B-SegmentedRaftLog: snapshotIndex: updateIncreasingly 10 -> 15
2021-07-05 00:57:07,026 [181931d2-e1e0-4592-a157-d5007a9fa086@group-2C1689F4816B-StateMachineUpdater] INFO  raftlog.RaftLog (RaftLogBase.java:lambda$new$0(53)) - 181931d2-e1e0-4592-a157-d5007a9fa086@group-2C1689F4816B-SegmentedRaftLog: purgeIndex: updateToMax old=10, new=15, updated? true
2021-07-05 00:57:07,975 [Listener at 127.0.0.1/12256] INFO  ozone.MiniOzoneClusterImpl (MiniOzoneClusterImpl.java:lambda$waitForClusterToBeReady$0(227)) - Nodes are ready. Got 3 of 3 DN Heartbeats.
2021-07-05 00:57:07,976 [Listener at 127.0.0.1/12256] INFO  ozone.MiniOzoneClusterImpl (MiniOzoneClusterImpl.java:lambda$waitForClusterToBeReady$0(230)) - Waiting for cluster to exit safe mode
2021-07-05 00:57:07,976 [Listener at 127.0.0.1/12256] INFO  ozone.MiniOzoneClusterImpl (MiniOzoneClusterImpl.java:lambda$waitForClusterToBeReady$0(232)) - SCM became leader
2021-07-05 00:57:08,595 [Datanode State Machine Thread - 0] ERROR datanode.RunningDatanodeState (RunningDatanodeState.java:computeNextContainerState(199)) - Error in executing end point task.
java.util.concurrent.ExecutionException: java.util.concurrent.TimeoutException
	at java.util.concurrent.FutureTask.report(FutureTask.java:122)
	at java.util.concurrent.FutureTask.get(FutureTask.java:192)
	at org.apache.hadoop.ozone.container.common.states.datanode.RunningDatanodeState.computeNextContainerState(RunningDatanodeState.java:191)
	at org.apache.hadoop.ozone.container.common.states.datanode.RunningDatanodeState.await(RunningDatanodeState.java:231)
	at org.apache.hadoop.ozone.container.common.states.datanode.RunningDatanodeState.await(RunningDatanodeState.java:50)
	at org.apache.hadoop.ozone.container.common.statemachine.StateContext.execute(StateContext.java:629)
	at org.apache.hadoop.ozone.container.common.statemachine.DatanodeStateMachine.start(DatanodeStateMachine.java:244)
	at org.apache.hadoop.ozone.container.common.statemachine.DatanodeStateMachine.lambda$startDaemon$0(DatanodeStateMachine.java:429)
	at java.lang.Thread.run(Thread.java:748)
Caused by: java.util.concurrent.TimeoutException
	at java.util.concurrent.FutureTask.get(FutureTask.java:205)
	at org.apache.hadoop.ozone.container.common.states.datanode.RunningDatanodeState.lambda$execute$0(RunningDatanodeState.java:149)
	at java.util.concurrent.FutureTask.run(FutureTask.java:266)
	at java.util.concurrent.Executors$RunnableAdapter.call(Executors.java:511)
	at java.util.concurrent.FutureTask.run(FutureTask.java:266)
	at java.util.concurrent.ThreadPoolExecutor.runWorker(ThreadPoolExecutor.java:1149)
	at java.util.concurrent.ThreadPoolExecutor$Worker.run(ThreadPoolExecutor.java:624)
	... 1 more
2021-07-05 00:57:08,977 [Listener at 127.0.0.1/12256] INFO  ozone.MiniOzoneClusterImpl (MiniOzoneClusterImpl.java:lambda$waitForClusterToBeReady$0(227)) - Nodes are ready. Got 3 of 3 DN Heartbeats.
2021-07-05 00:57:08,977 [Listener at 127.0.0.1/12256] INFO  ozone.MiniOzoneClusterImpl (MiniOzoneClusterImpl.java:lambda$waitForClusterToBeReady$0(230)) - Waiting for cluster to exit safe mode
2021-07-05 00:57:08,977 [Listener at 127.0.0.1/12256] INFO  ozone.MiniOzoneClusterImpl (MiniOzoneClusterImpl.java:lambda$waitForClusterToBeReady$0(232)) - SCM became leader
2021-07-05 00:57:09,591 [Command processor thread] INFO  server.RaftServer (RaftServerProxy.java:addNew(95)) - 4428f99b-3864-401a-a30b-d8207dc31cfa: addNew group-180B7429B1D7:[4428f99b-3864-401a-a30b-d8207dc31cfa|rpc:127.0.0.1:40939|priority:1] returns group-180B7429B1D7:java.util.concurrent.CompletableFuture@71c04b80[Not completed]
2021-07-05 00:57:09,615 [pool-90-thread-1] INFO  server.RaftServer$Division (RaftServerImpl.java:<init>(180)) - 4428f99b-3864-401a-a30b-d8207dc31cfa: new RaftServerImpl for group-180B7429B1D7:[4428f99b-3864-401a-a30b-d8207dc31cfa|rpc:127.0.0.1:40939|priority:1] with ContainerStateMachine:uninitialized
2021-07-05 00:57:09,618 [pool-90-thread-1] INFO  server.RaftServerConfigKeys (ConfUtils.java:logGet(44)) - raft.server.rpc.timeout.min = 5s (custom)
2021-07-05 00:57:09,618 [pool-90-thread-1] INFO  server.RaftServerConfigKeys (ConfUtils.java:logGet(44)) - raft.server.rpc.timeout.max = 5200ms (custom)
2021-07-05 00:57:09,618 [pool-90-thread-1] INFO  server.RaftServerConfigKeys (ConfUtils.java:logGet(44)) - raft.server.rpc.sleep.time = 25ms (default)
2021-07-05 00:57:09,618 [pool-90-thread-1] INFO  server.RaftServerConfigKeys (ConfUtils.java:logGet(44)) - raft.server.rpc.slowness.timeout = 300s (custom)
2021-07-05 00:57:09,618 [pool-90-thread-1] INFO  server.RaftServerConfigKeys (ConfUtils.java:logGet(44)) - raft.server.leaderelection.leader.step-down.wait-time = 10s (default)
2021-07-05 00:57:09,619 [pool-90-thread-1] INFO  server.RaftServerConfigKeys (ConfUtils.java:logGet(44)) - raft.server.sleep.deviation.threshold = 300ms (default)
2021-07-05 00:57:09,619 [pool-90-thread-1] INFO  server.RaftServerConfigKeys (ConfUtils.java:logGet(44)) - raft.server.log.appender.install.snapshot.enabled = false (custom)
2021-07-05 00:57:09,619 [pool-90-thread-1] INFO  server.RaftServer$Division (ServerState.java:<init>(105)) - 4428f99b-3864-401a-a30b-d8207dc31cfa@group-180B7429B1D7: ConfigurationManager, init=-1: [4428f99b-3864-401a-a30b-d8207dc31cfa|rpc:127.0.0.1:40939|priority:1], old=null, confs=<EMPTY_MAP>
2021-07-05 00:57:09,619 [pool-90-thread-1] INFO  server.RaftServerConfigKeys (ConfUtils.java:logGet(44)) - raft.server.storage.dir = [/home/runner/work/ozone/ozone/mnt/ozone/hadoop-ozone/integration-test/target/test-dir/MiniOzoneClusterImpl-47f02201-3656-42a8-b726-2c1689f4816b/datanode-0/data/ratis] (custom)
2021-07-05 00:57:09,620 [pool-90-thread-1] INFO  server.RaftServerConfigKeys (ConfUtils.java:logGet(44)) - raft.server.log.corruption.policy = EXCEPTION (default)
2021-07-05 00:57:09,620 [pool-90-thread-1] INFO  storage.RaftStorageDirectory (RaftStorageDirectoryImpl.java:analyzeStorage(132)) - The storage directory /home/runner/work/ozone/ozone/mnt/ozone/hadoop-ozone/integration-test/target/test-dir/MiniOzoneClusterImpl-47f02201-3656-42a8-b726-2c1689f4816b/datanode-0/data/ratis/607aab92-8ab2-4b87-a97d-180b7429b1d7 does not exist. Creating ...
2021-07-05 00:57:09,622 [pool-90-thread-1] INFO  storage.RaftStorageDirectory (RaftStorageDirectoryImpl.java:tryLock(215)) - Lock on /home/runner/work/ozone/ozone/mnt/ozone/hadoop-ozone/integration-test/target/test-dir/MiniOzoneClusterImpl-47f02201-3656-42a8-b726-2c1689f4816b/datanode-0/data/ratis/607aab92-8ab2-4b87-a97d-180b7429b1d7/in_use.lock acquired by nodename 4351@fv-az291-681
2021-07-05 00:57:09,624 [pool-90-thread-1] INFO  storage.RaftStorage (RaftStorageImpl.java:format(87)) - Storage directory /home/runner/work/ozone/ozone/mnt/ozone/hadoop-ozone/integration-test/target/test-dir/MiniOzoneClusterImpl-47f02201-3656-42a8-b726-2c1689f4816b/datanode-0/data/ratis/607aab92-8ab2-4b87-a97d-180b7429b1d7 has been successfully formatted.
2021-07-05 00:57:09,630 [pool-90-thread-1] INFO  ratis.ContainerStateMachine (ContainerStateMachine.java:loadSnapshot(223)) - group-180B7429B1D7: The snapshot info is null. Setting the last applied indexto:(t:0, i:~)
2021-07-05 00:57:09,630 [pool-90-thread-1] INFO  server.RaftServerConfigKeys (ConfUtils.java:logGet(44)) - raft.server.notification.no-leader.timeout = 300s (custom)
2021-07-05 00:57:09,631 [pool-90-thread-1] INFO  server.RaftServerConfigKeys (ConfUtils.java:logGet(44)) - raft.server.log.use.memory = false (default)
2021-07-05 00:57:09,631 [pool-90-thread-1] INFO  server.RaftServerConfigKeys (ConfUtils.java:logGet(44)) - raft.server.log.purge.gap = 1000000 (custom)
2021-07-05 00:57:09,631 [pool-90-thread-1] INFO  server.RaftServerConfigKeys (ConfUtils.java:logGet(44)) - raft.server.log.appender.buffer.byte-limit = 33554432 (custom)
2021-07-05 00:57:09,631 [pool-90-thread-1] INFO  metrics.RatisMetrics (RatisMetrics.java:lambda$create$0(36)) - Creating Metrics Registry : ratis.log_worker.4428f99b-3864-401a-a30b-d8207dc31cfa@group-180B7429B1D7
2021-07-05 00:57:09,634 [pool-90-thread-1] INFO  server.RaftServerConfigKeys (ConfUtils.java:logGet(44)) - raft.server.log.segment.size.max = 1048576 (custom)
2021-07-05 00:57:09,636 [pool-90-thread-1] INFO  server.RaftServerConfigKeys (ConfUtils.java:logGet(44)) - raft.server.log.segment.cache.num.max = 2 (custom)
2021-07-05 00:57:09,636 [pool-90-thread-1] INFO  server.RaftServerConfigKeys (ConfUtils.java:logGet(44)) - raft.server.log.segment.cache.size.max = 200MB (=209715200) (default)
2021-07-05 00:57:09,636 [pool-90-thread-1] INFO  segmented.SegmentedRaftLogWorker (SegmentedRaftLogWorker.java:<init>(182)) - new 4428f99b-3864-401a-a30b-d8207dc31cfa@group-180B7429B1D7-SegmentedRaftLogWorker for RaftStorageImpl:Storage Directory /home/runner/work/ozone/ozone/mnt/ozone/hadoop-ozone/integration-test/target/test-dir/MiniOzoneClusterImpl-47f02201-3656-42a8-b726-2c1689f4816b/datanode-0/data/ratis/607aab92-8ab2-4b87-a97d-180b7429b1d7
2021-07-05 00:57:09,636 [pool-90-thread-1] INFO  server.RaftServerConfigKeys (ConfUtils.java:logGet(44)) - raft.server.log.queue.byte-limit = 2147483647 (custom)
2021-07-05 00:57:09,636 [pool-90-thread-1] INFO  server.RaftServerConfigKeys (ConfUtils.java:logGet(44)) - raft.server.log.queue.element-limit = 1024 (custom)
2021-07-05 00:57:09,637 [pool-90-thread-1] INFO  server.RaftServerConfigKeys (ConfUtils.java:logGet(44)) - raft.server.log.segment.size.max = 1048576 (custom)
2021-07-05 00:57:09,638 [pool-90-thread-1] INFO  server.RaftServerConfigKeys (ConfUtils.java:logGet(44)) - raft.server.log.preallocated.size = 16384 (custom)
2021-07-05 00:57:09,638 [pool-90-thread-1] INFO  server.RaftServerConfigKeys (ConfUtils.java:logGet(44)) - raft.server.log.force.sync.num = 128 (default)
2021-07-05 00:57:09,638 [pool-90-thread-1] INFO  server.RaftServerConfigKeys (ConfUtils.java:logGet(44)) - raft.server.log.statemachine.data.sync = true (default)
2021-07-05 00:57:09,638 [pool-90-thread-1] INFO  server.RaftServerConfigKeys (ConfUtils.java:logGet(44)) - raft.server.log.statemachine.data.sync.timeout = 10s (default)
2021-07-05 00:57:09,638 [pool-90-thread-1] INFO  server.RaftServerConfigKeys (ConfUtils.java:logGet(44)) - raft.server.log.statemachine.data.sync.timeout.retry = -1 (default)
2021-07-05 00:57:09,642 [pool-90-thread-1] INFO  server.RaftServerConfigKeys (ConfUtils.java:logGet(44)) - raft.server.log.write.buffer.size = 1048576 (custom)
2021-07-05 00:57:09,642 [pool-90-thread-1] INFO  server.RaftServerConfigKeys (ConfUtils.java:logGet(44)) - raft.server.log.statemachine.data.caching.enabled = true (custom)
2021-07-05 00:57:09,643 [pool-90-thread-1] INFO  segmented.SegmentedRaftLogWorker (SegmentedRaftLogWorker.java:lambda$new$0(133)) - 4428f99b-3864-401a-a30b-d8207dc31cfa@group-180B7429B1D7-SegmentedRaftLogWorker: flushIndex: setUnconditionally 0 -> -1
2021-07-05 00:57:09,643 [pool-90-thread-1] INFO  segmented.SegmentedRaftLogWorker (SegmentedRaftLogWorker.java:lambda$new$0(133)) - 4428f99b-3864-401a-a30b-d8207dc31cfa@group-180B7429B1D7-SegmentedRaftLogWorker: safeCacheEvictIndex: setUnconditionally 0 -> -1
2021-07-05 00:57:09,644 [pool-90-thread-1] INFO  server.RaftServerConfigKeys (ConfUtils.java:logGet(44)) - raft.server.snapshot.auto.trigger.enabled = true (custom)
2021-07-05 00:57:09,644 [pool-90-thread-1] INFO  server.RaftServerConfigKeys (ConfUtils.java:logGet(44)) - raft.server.snapshot.auto.trigger.threshold = 10000 (custom)
2021-07-05 00:57:09,644 [pool-90-thread-1] INFO  server.RaftServerConfigKeys (ConfUtils.java:logGet(44)) - raft.server.snapshot.retention.file.num = 5 (custom)
2021-07-05 00:57:09,644 [pool-90-thread-1] INFO  server.RaftServerConfigKeys (ConfUtils.java:logGet(44)) - raft.server.log.purge.upto.snapshot.index = false (default)
2021-07-05 00:57:09,645 [pool-90-thread-1] INFO  server.RaftServerConfigKeys (ConfUtils.java:logGet(44)) - raft.server.retrycache.expirytime = 600000ms (custom)
2021-07-05 00:57:09,645 [pool-90-thread-1] INFO  server.RaftServerConfigKeys (ConfUtils.java:logGet(44)) - raft.server.retrycache.statistics.expirytime = 100μs (default)
2021-07-05 00:57:09,645 [pool-90-thread-1] INFO  metrics.RatisMetrics (RatisMetrics.java:lambda$create$0(36)) - Creating Metrics Registry : ratis.leader_election.4428f99b-3864-401a-a30b-d8207dc31cfa@group-180B7429B1D7
2021-07-05 00:57:09,646 [pool-90-thread-1] INFO  metrics.RatisMetrics (RatisMetrics.java:lambda$create$0(36)) - Creating Metrics Registry : ratis.server.4428f99b-3864-401a-a30b-d8207dc31cfa@group-180B7429B1D7
2021-07-05 00:57:09,650 [pool-90-thread-1] INFO  server.RaftServer$Division (RaftServerImpl.java:start(295)) - 4428f99b-3864-401a-a30b-d8207dc31cfa@group-180B7429B1D7: start as a follower, conf=-1: [4428f99b-3864-401a-a30b-d8207dc31cfa|rpc:127.0.0.1:40939|priority:1], old=null
2021-07-05 00:57:09,650 [pool-90-thread-1] INFO  server.RaftServer$Division (RaftServerImpl.java:setRole(284)) - 4428f99b-3864-401a-a30b-d8207dc31cfa@group-180B7429B1D7: changes role from      null to FOLLOWER at term 0 for startAsFollower
2021-07-05 00:57:09,650 [pool-90-thread-1] INFO  impl.RoleInfo (RoleInfo.java:updateAndGet(130)) - 4428f99b-3864-401a-a30b-d8207dc31cfa: start 4428f99b-3864-401a-a30b-d8207dc31cfa@group-180B7429B1D7-FollowerState
2021-07-05 00:57:09,655 [EndpointStateMachine task thread for /127.0.0.1:15481 - 0 ] WARN  statemachine.EndpointStateMachine (EndpointStateMachine.java:logIfNeeded(236)) - Unable to communicate to SCM server at localhost:15481 for past 0 seconds.
java.net.SocketTimeoutException: Call From fv-az291-681/10.1.0.7 to localhost:15481 failed on socket timeout exception: java.net.SocketTimeoutException: 5000 millis timeout while waiting for channel to be ready for read. ch : java.nio.channels.SocketChannel[connected local=/127.0.0.1:49350 remote=/127.0.0.1:15481]; For more details see:  http://wiki.apache.org/hadoop/SocketTimeout
	at sun.reflect.NativeConstructorAccessorImpl.newInstance0(Native Method)
	at sun.reflect.NativeConstructorAccessorImpl.newInstance(NativeConstructorAccessorImpl.java:62)
	at sun.reflect.DelegatingConstructorAccessorImpl.newInstance(DelegatingConstructorAccessorImpl.java:45)
	at java.lang.reflect.Constructor.newInstance(Constructor.java:423)
	at org.apache.hadoop.net.NetUtils.wrapWithMessage(NetUtils.java:836)
	at org.apache.hadoop.net.NetUtils.wrapException(NetUtils.java:780)
	at org.apache.hadoop.ipc.Client.getRpcResponse(Client.java:1566)
	at org.apache.hadoop.ipc.Client.call(Client.java:1508)
	at org.apache.hadoop.ipc.Client.call(Client.java:1405)
	at org.apache.hadoop.ipc.ProtobufRpcEngine$Invoker.invoke(ProtobufRpcEngine.java:233)
	at org.apache.hadoop.ipc.ProtobufRpcEngine$Invoker.invoke(ProtobufRpcEngine.java:118)
	at com.sun.proxy.$Proxy45.submitRequest(Unknown Source)
	at org.apache.hadoop.ozone.protocolPB.StorageContainerDatanodeProtocolClientSideTranslatorPB.submitRequest(StorageContainerDatanodeProtocolClientSideTranslatorPB.java:117)
	at org.apache.hadoop.ozone.protocolPB.StorageContainerDatanodeProtocolClientSideTranslatorPB.getVersion(StorageContainerDatanodeProtocolClientSideTranslatorPB.java:133)
	at org.apache.hadoop.ozone.container.common.states.endpoint.VersionEndpointTask.call(VersionEndpointTask.java:71)
	at org.apache.hadoop.ozone.container.common.states.endpoint.VersionEndpointTask.call(VersionEndpointTask.java:42)
	at java.util.concurrent.FutureTask.run(FutureTask.java:266)
	at java.util.concurrent.ThreadPoolExecutor.runWorker(ThreadPoolExecutor.java:1149)
	at java.util.concurrent.ThreadPoolExecutor$Worker.run(ThreadPoolExecutor.java:624)
	at java.lang.Thread.run(Thread.java:748)
Caused by: java.net.SocketTimeoutException: 5000 millis timeout while waiting for channel to be ready for read. ch : java.nio.channels.SocketChannel[connected local=/127.0.0.1:49350 remote=/127.0.0.1:15481]
	at org.apache.hadoop.net.SocketIOWithTimeout.doIO(SocketIOWithTimeout.java:164)
	at org.apache.hadoop.net.SocketInputStream.read(SocketInputStream.java:161)
	at org.apache.hadoop.net.SocketInputStream.read(SocketInputStream.java:131)
	at java.io.FilterInputStream.read(FilterInputStream.java:133)
	at java.io.BufferedInputStream.fill(BufferedInputStream.java:246)
	at java.io.BufferedInputStream.read(BufferedInputStream.java:265)
	at java.io.FilterInputStream.read(FilterInputStream.java:83)
	at java.io.FilterInputStream.read(FilterInputStream.java:83)
	at org.apache.hadoop.ipc.Client$Connection$PingInputStream.read(Client.java:562)
	at java.io.DataInputStream.readInt(DataInputStream.java:387)
	at org.apache.hadoop.ipc.Client$IpcStreams.readResponse(Client.java:1880)
	at org.apache.hadoop.ipc.Client$Connection.receiveRpcResponse(Client.java:1191)
	at org.apache.hadoop.ipc.Client$Connection.run(Client.java:1087)
2021-07-05 00:57:09,655 [EndpointStateMachine task thread for /127.0.0.1:15481 - 0 ] WARN  statemachine.EndpointStateMachine (EndpointStateMachine.java:logIfNeeded(236)) - Unable to communicate to SCM server at 127.0.0.1:15481 for past 0 seconds.
java.net.SocketTimeoutException: Call From fv-az291-681/10.1.0.7 to localhost:15481 failed on socket timeout exception: java.net.SocketTimeoutException: 5000 millis timeout while waiting for channel to be ready for read. ch : java.nio.channels.SocketChannel[connected local=/127.0.0.1:49350 remote=/127.0.0.1:15481]; For more details see:  http://wiki.apache.org/hadoop/SocketTimeout
	at sun.reflect.NativeConstructorAccessorImpl.newInstance0(Native Method)
	at sun.reflect.NativeConstructorAccessorImpl.newInstance(NativeConstructorAccessorImpl.java:62)
	at sun.reflect.DelegatingConstructorAccessorImpl.newInstance(DelegatingConstructorAccessorImpl.java:45)
	at java.lang.reflect.Constructor.newInstance(Constructor.java:423)
	at org.apache.hadoop.net.NetUtils.wrapWithMessage(NetUtils.java:836)
	at org.apache.hadoop.net.NetUtils.wrapException(NetUtils.java:780)
	at org.apache.hadoop.ipc.Client.getRpcResponse(Client.java:1566)
	at org.apache.hadoop.ipc.Client.call(Client.java:1508)
	at org.apache.hadoop.ipc.Client.call(Client.java:1405)
	at org.apache.hadoop.ipc.ProtobufRpcEngine$Invoker.invoke(ProtobufRpcEngine.java:233)
	at org.apache.hadoop.ipc.ProtobufRpcEngine$Invoker.invoke(ProtobufRpcEngine.java:118)
	at com.sun.proxy.$Proxy45.submitRequest(Unknown Source)
	at org.apache.hadoop.ozone.protocolPB.StorageContainerDatanodeProtocolClientSideTranslatorPB.submitRequest(StorageContainerDatanodeProtocolClientSideTranslatorPB.java:117)
	at org.apache.hadoop.ozone.protocolPB.StorageContainerDatanodeProtocolClientSideTranslatorPB.getVersion(StorageContainerDatanodeProtocolClientSideTranslatorPB.java:133)
	at org.apache.hadoop.ozone.container.common.states.endpoint.VersionEndpointTask.call(VersionEndpointTask.java:71)
	at org.apache.hadoop.ozone.container.common.states.endpoint.VersionEndpointTask.call(VersionEndpointTask.java:42)
	at java.util.concurrent.FutureTask.run(FutureTask.java:266)
	at java.util.concurrent.ThreadPoolExecutor.runWorker(ThreadPoolExecutor.java:1149)
	at java.util.concurrent.ThreadPoolExecutor$Worker.run(ThreadPoolExecutor.java:624)
	at java.lang.Thread.run(Thread.java:748)
Caused by: java.net.SocketTimeoutException: 5000 millis timeout while waiting for channel to be ready for read. ch : java.nio.channels.SocketChannel[connected local=/127.0.0.1:49350 remote=/127.0.0.1:15481]
	at org.apache.hadoop.net.SocketIOWithTimeout.doIO(SocketIOWithTimeout.java:164)
	at org.apache.hadoop.net.SocketInputStream.read(SocketInputStream.java:161)
	at org.apache.hadoop.net.SocketInputStream.read(SocketInputStream.java:131)
	at java.io.FilterInputStream.read(FilterInputStream.java:133)
	at java.io.BufferedInputStream.fill(BufferedInputStream.java:246)
	at java.io.BufferedInputStream.read(BufferedInputStream.java:265)
	at java.io.FilterInputStream.read(FilterInputStream.java:83)
	at java.io.FilterInputStream.read(FilterInputStream.java:83)
	at org.apache.hadoop.ipc.Client$Connection$PingInputStream.read(Client.java:562)
	at java.io.DataInputStream.readInt(DataInputStream.java:387)
	at org.apache.hadoop.ipc.Client$IpcStreams.readResponse(Client.java:1880)
	at org.apache.hadoop.ipc.Client$Connection.receiveRpcResponse(Client.java:1191)
	at org.apache.hadoop.ipc.Client$Connection.run(Client.java:1087)
2021-07-05 00:57:09,655 [EndpointStateMachine task thread for /127.0.0.1:15481 - 0 ] WARN  statemachine.EndpointStateMachine (EndpointStateMachine.java:logIfNeeded(236)) - Unable to communicate to SCM server at 127.0.0.1:15481 for past 0 seconds.
java.net.SocketTimeoutException: Call From fv-az291-681/10.1.0.7 to localhost:15481 failed on socket timeout exception: java.net.SocketTimeoutException: 5000 millis timeout while waiting for channel to be ready for read. ch : java.nio.channels.SocketChannel[connected local=/127.0.0.1:49350 remote=/127.0.0.1:15481]; For more details see:  http://wiki.apache.org/hadoop/SocketTimeout
	at sun.reflect.NativeConstructorAccessorImpl.newInstance0(Native Method)
	at sun.reflect.NativeConstructorAccessorImpl.newInstance(NativeConstructorAccessorImpl.java:62)
	at sun.reflect.DelegatingConstructorAccessorImpl.newInstance(DelegatingConstructorAccessorImpl.java:45)
	at java.lang.reflect.Constructor.newInstance(Constructor.java:423)
	at org.apache.hadoop.net.NetUtils.wrapWithMessage(NetUtils.java:836)
	at org.apache.hadoop.net.NetUtils.wrapException(NetUtils.java:780)
	at org.apache.hadoop.ipc.Client.getRpcResponse(Client.java:1566)
	at org.apache.hadoop.ipc.Client.call(Client.java:1508)
	at org.apache.hadoop.ipc.Client.call(Client.java:1405)
	at org.apache.hadoop.ipc.ProtobufRpcEngine$Invoker.invoke(ProtobufRpcEngine.java:233)
	at org.apache.hadoop.ipc.ProtobufRpcEngine$Invoker.invoke(ProtobufRpcEngine.java:118)
	at com.sun.proxy.$Proxy45.submitRequest(Unknown Source)
	at org.apache.hadoop.ozone.protocolPB.StorageContainerDatanodeProtocolClientSideTranslatorPB.submitRequest(StorageContainerDatanodeProtocolClientSideTranslatorPB.java:117)
	at org.apache.hadoop.ozone.protocolPB.StorageContainerDatanodeProtocolClientSideTranslatorPB.getVersion(StorageContainerDatanodeProtocolClientSideTranslatorPB.java:133)
	at org.apache.hadoop.ozone.container.common.states.endpoint.VersionEndpointTask.call(VersionEndpointTask.java:71)
	at org.apache.hadoop.ozone.container.common.states.endpoint.VersionEndpointTask.call(VersionEndpointTask.java:42)
	at java.util.concurrent.FutureTask.run(FutureTask.java:266)
	at java.util.concurrent.ThreadPoolExecutor.runWorker(ThreadPoolExecutor.java:1149)
	at java.util.concurrent.ThreadPoolExecutor$Worker.run(ThreadPoolExecutor.java:624)
	at java.lang.Thread.run(Thread.java:748)
Caused by: java.net.SocketTimeoutException: 5000 millis timeout while waiting for channel to be ready for read. ch : java.nio.channels.SocketChannel[connected local=/127.0.0.1:49350 remote=/127.0.0.1:15481]
	at org.apache.hadoop.net.SocketIOWithTimeout.doIO(SocketIOWithTimeout.java:164)
	at org.apache.hadoop.net.SocketInputStream.read(SocketInputStream.java:161)
	at org.apache.hadoop.net.SocketInputStream.read(SocketInputStream.java:131)
	at java.io.FilterInputStream.read(FilterInputStream.java:133)
	at java.io.BufferedInputStream.fill(BufferedInputStream.java:246)
	at java.io.BufferedInputStream.read(BufferedInputStream.java:265)
	at java.io.FilterInputStream.read(FilterInputStream.java:83)
	at java.io.FilterInputStream.read(FilterInputStream.java:83)
	at org.apache.hadoop.ipc.Client$Connection$PingInputStream.read(Client.java:562)
	at java.io.DataInputStream.readInt(DataInputStream.java:387)
	at org.apache.hadoop.ipc.Client$IpcStreams.readResponse(Client.java:1880)
	at org.apache.hadoop.ipc.Client$Connection.receiveRpcResponse(Client.java:1191)
	at org.apache.hadoop.ipc.Client$Connection.run(Client.java:1087)
2021-07-05 00:57:09,663 [pool-90-thread-1] INFO  util.JmxRegister (JmxRegister.java:tryRegister(44)) - Successfully registered JMX Bean with object name Ratis:service=RaftServer,group=group-180B7429B1D7,id=4428f99b-3864-401a-a30b-d8207dc31cfa
2021-07-05 00:57:09,669 [pool-90-thread-1] INFO  metrics.RatisMetrics (RatisMetrics.java:lambda$create$0(36)) - Creating Metrics Registry : ratis.state_machine.4428f99b-3864-401a-a30b-d8207dc31cfa@group-180B7429B1D7
2021-07-05 00:57:09,671 [Command processor thread] INFO  ratis.XceiverServerRatis (XceiverServerRatis.java:addGroup(759)) - Created group PipelineID=607aab92-8ab2-4b87-a97d-180b7429b1d7
2021-07-05 00:57:09,671 [Command processor thread] INFO  commandhandler.CreatePipelineCommandHandler (CreatePipelineCommandHandler.java:handle(106)) - Created Pipeline RATIS ONE PipelineID=607aab92-8ab2-4b87-a97d-180b7429b1d7.
2021-07-05 00:57:09,672 [Command processor thread] INFO  server.RaftServer (RaftServerProxy.java:addNew(95)) - 4428f99b-3864-401a-a30b-d8207dc31cfa: addNew group-49C9F103C6FA:[4428f99b-3864-401a-a30b-d8207dc31cfa|rpc:127.0.0.1:40939|priority:0, b549a9a8-3457-4b53-9703-c9fae2cc989c|rpc:127.0.0.1:44095|priority:1, 65d645ba-2b71-4ad7-bc66-74fd2328f6a5|rpc:127.0.0.1:36069|priority:0] returns group-49C9F103C6FA:java.util.concurrent.CompletableFuture@1e5fa06f[Not completed]
2021-07-05 00:57:09,673 [pool-90-thread-1] INFO  server.RaftServer$Division (RaftServerImpl.java:<init>(180)) - 4428f99b-3864-401a-a30b-d8207dc31cfa: new RaftServerImpl for group-49C9F103C6FA:[4428f99b-3864-401a-a30b-d8207dc31cfa|rpc:127.0.0.1:40939|priority:0, b549a9a8-3457-4b53-9703-c9fae2cc989c|rpc:127.0.0.1:44095|priority:1, 65d645ba-2b71-4ad7-bc66-74fd2328f6a5|rpc:127.0.0.1:36069|priority:0] with ContainerStateMachine:uninitialized
2021-07-05 00:57:09,673 [pool-90-thread-1] INFO  server.RaftServerConfigKeys (ConfUtils.java:logGet(44)) - raft.server.rpc.timeout.min = 5s (custom)
2021-07-05 00:57:09,674 [pool-90-thread-1] INFO  server.RaftServerConfigKeys (ConfUtils.java:logGet(44)) - raft.server.rpc.timeout.max = 5200ms (custom)
2021-07-05 00:57:09,674 [pool-90-thread-1] INFO  server.RaftServerConfigKeys (ConfUtils.java:logGet(44)) - raft.server.rpc.sleep.time = 25ms (default)
2021-07-05 00:57:09,674 [pool-90-thread-1] INFO  server.RaftServerConfigKeys (ConfUtils.java:logGet(44)) - raft.server.rpc.slowness.timeout = 300s (custom)
2021-07-05 00:57:09,674 [pool-90-thread-1] INFO  server.RaftServerConfigKeys (ConfUtils.java:logGet(44)) - raft.server.leaderelection.leader.step-down.wait-time = 10s (default)
2021-07-05 00:57:09,674 [pool-90-thread-1] INFO  server.RaftServerConfigKeys (ConfUtils.java:logGet(44)) - raft.server.sleep.deviation.threshold = 300ms (default)
2021-07-05 00:57:09,674 [pool-90-thread-1] INFO  server.RaftServerConfigKeys (ConfUtils.java:logGet(44)) - raft.server.log.appender.install.snapshot.enabled = false (custom)
2021-07-05 00:57:09,674 [pool-90-thread-1] INFO  server.RaftServer$Division (ServerState.java:<init>(105)) - 4428f99b-3864-401a-a30b-d8207dc31cfa@group-49C9F103C6FA: ConfigurationManager, init=-1: [4428f99b-3864-401a-a30b-d8207dc31cfa|rpc:127.0.0.1:40939|priority:0, b549a9a8-3457-4b53-9703-c9fae2cc989c|rpc:127.0.0.1:44095|priority:1, 65d645ba-2b71-4ad7-bc66-74fd2328f6a5|rpc:127.0.0.1:36069|priority:0], old=null, confs=<EMPTY_MAP>
2021-07-05 00:57:09,674 [pool-90-thread-1] INFO  server.RaftServerConfigKeys (ConfUtils.java:logGet(44)) - raft.server.storage.dir = [/home/runner/work/ozone/ozone/mnt/ozone/hadoop-ozone/integration-test/target/test-dir/MiniOzoneClusterImpl-47f02201-3656-42a8-b726-2c1689f4816b/datanode-0/data/ratis] (custom)
2021-07-05 00:57:09,674 [pool-90-thread-1] INFO  server.RaftServerConfigKeys (ConfUtils.java:logGet(44)) - raft.server.log.corruption.policy = EXCEPTION (default)
2021-07-05 00:57:09,674 [pool-90-thread-1] INFO  storage.RaftStorageDirectory (RaftStorageDirectoryImpl.java:analyzeStorage(132)) - The storage directory /home/runner/work/ozone/ozone/mnt/ozone/hadoop-ozone/integration-test/target/test-dir/MiniOzoneClusterImpl-47f02201-3656-42a8-b726-2c1689f4816b/datanode-0/data/ratis/d654393b-6ac2-4eb1-945d-49c9f103c6fa does not exist. Creating ...
2021-07-05 00:57:09,682 [pool-90-thread-1] INFO  storage.RaftStorageDirectory (RaftStorageDirectoryImpl.java:tryLock(215)) - Lock on /home/runner/work/ozone/ozone/mnt/ozone/hadoop-ozone/integration-test/target/test-dir/MiniOzoneClusterImpl-47f02201-3656-42a8-b726-2c1689f4816b/datanode-0/data/ratis/d654393b-6ac2-4eb1-945d-49c9f103c6fa/in_use.lock acquired by nodename 4351@fv-az291-681
2021-07-05 00:57:09,686 [pool-90-thread-1] INFO  storage.RaftStorage (RaftStorageImpl.java:format(87)) - Storage directory /home/runner/work/ozone/ozone/mnt/ozone/hadoop-ozone/integration-test/target/test-dir/MiniOzoneClusterImpl-47f02201-3656-42a8-b726-2c1689f4816b/datanode-0/data/ratis/d654393b-6ac2-4eb1-945d-49c9f103c6fa has been successfully formatted.
2021-07-05 00:57:09,687 [pool-90-thread-1] INFO  ratis.ContainerStateMachine (ContainerStateMachine.java:loadSnapshot(223)) - group-49C9F103C6FA: The snapshot info is null. Setting the last applied indexto:(t:0, i:~)
2021-07-05 00:57:09,688 [pool-90-thread-1] INFO  server.RaftServerConfigKeys (ConfUtils.java:logGet(44)) - raft.server.notification.no-leader.timeout = 300s (custom)
2021-07-05 00:57:09,688 [pool-90-thread-1] INFO  server.RaftServerConfigKeys (ConfUtils.java:logGet(44)) - raft.server.log.use.memory = false (default)
2021-07-05 00:57:09,688 [pool-90-thread-1] INFO  server.RaftServerConfigKeys (ConfUtils.java:logGet(44)) - raft.server.log.purge.gap = 1000000 (custom)
2021-07-05 00:57:09,688 [pool-90-thread-1] INFO  server.RaftServerConfigKeys (ConfUtils.java:logGet(44)) - raft.server.log.appender.buffer.byte-limit = 33554432 (custom)
2021-07-05 00:57:09,688 [pool-90-thread-1] INFO  metrics.RatisMetrics (RatisMetrics.java:lambda$create$0(36)) - Creating Metrics Registry : ratis.log_worker.4428f99b-3864-401a-a30b-d8207dc31cfa@group-49C9F103C6FA
2021-07-05 00:57:09,689 [pool-90-thread-1] INFO  server.RaftServerConfigKeys (ConfUtils.java:logGet(44)) - raft.server.log.segment.size.max = 1048576 (custom)
2021-07-05 00:57:09,690 [pool-90-thread-1] INFO  server.RaftServerConfigKeys (ConfUtils.java:logGet(44)) - raft.server.log.segment.cache.num.max = 2 (custom)
2021-07-05 00:57:09,690 [pool-90-thread-1] INFO  server.RaftServerConfigKeys (ConfUtils.java:logGet(44)) - raft.server.log.segment.cache.size.max = 200MB (=209715200) (default)
2021-07-05 00:57:09,693 [pool-90-thread-1] INFO  segmented.SegmentedRaftLogWorker (SegmentedRaftLogWorker.java:<init>(182)) - new 4428f99b-3864-401a-a30b-d8207dc31cfa@group-49C9F103C6FA-SegmentedRaftLogWorker for RaftStorageImpl:Storage Directory /home/runner/work/ozone/ozone/mnt/ozone/hadoop-ozone/integration-test/target/test-dir/MiniOzoneClusterImpl-47f02201-3656-42a8-b726-2c1689f4816b/datanode-0/data/ratis/d654393b-6ac2-4eb1-945d-49c9f103c6fa
2021-07-05 00:57:09,693 [pool-90-thread-1] INFO  server.RaftServerConfigKeys (ConfUtils.java:logGet(44)) - raft.server.log.queue.byte-limit = 2147483647 (custom)
2021-07-05 00:57:09,693 [pool-90-thread-1] INFO  server.RaftServerConfigKeys (ConfUtils.java:logGet(44)) - raft.server.log.queue.element-limit = 1024 (custom)
2021-07-05 00:57:09,693 [pool-90-thread-1] INFO  server.RaftServerConfigKeys (ConfUtils.java:logGet(44)) - raft.server.log.segment.size.max = 1048576 (custom)
2021-07-05 00:57:09,694 [pool-90-thread-1] INFO  server.RaftServerConfigKeys (ConfUtils.java:logGet(44)) - raft.server.log.preallocated.size = 16384 (custom)
2021-07-05 00:57:09,694 [pool-90-thread-1] INFO  server.RaftServerConfigKeys (ConfUtils.java:logGet(44)) - raft.server.log.force.sync.num = 128 (default)
2021-07-05 00:57:09,694 [pool-90-thread-1] INFO  server.RaftServerConfigKeys (ConfUtils.java:logGet(44)) - raft.server.log.statemachine.data.sync = true (default)
2021-07-05 00:57:09,697 [pool-90-thread-1] INFO  server.RaftServerConfigKeys (ConfUtils.java:logGet(44)) - raft.server.log.statemachine.data.sync.timeout = 10s (default)
2021-07-05 00:57:09,700 [pool-90-thread-1] INFO  server.RaftServerConfigKeys (ConfUtils.java:logGet(44)) - raft.server.log.statemachine.data.sync.timeout.retry = -1 (default)
2021-07-05 00:57:09,701 [pool-90-thread-1] INFO  server.RaftServerConfigKeys (ConfUtils.java:logGet(44)) - raft.server.log.write.buffer.size = 1048576 (custom)
2021-07-05 00:57:09,702 [pool-90-thread-1] INFO  server.RaftServerConfigKeys (ConfUtils.java:logGet(44)) - raft.server.log.statemachine.data.caching.enabled = true (custom)
2021-07-05 00:57:09,702 [pool-90-thread-1] INFO  segmented.SegmentedRaftLogWorker (SegmentedRaftLogWorker.java:lambda$new$0(133)) - 4428f99b-3864-401a-a30b-d8207dc31cfa@group-49C9F103C6FA-SegmentedRaftLogWorker: flushIndex: setUnconditionally 0 -> -1
2021-07-05 00:57:09,702 [pool-90-thread-1] INFO  segmented.SegmentedRaftLogWorker (SegmentedRaftLogWorker.java:lambda$new$0(133)) - 4428f99b-3864-401a-a30b-d8207dc31cfa@group-49C9F103C6FA-SegmentedRaftLogWorker: safeCacheEvictIndex: setUnconditionally 0 -> -1
2021-07-05 00:57:09,704 [pool-90-thread-1] INFO  server.RaftServerConfigKeys (ConfUtils.java:logGet(44)) - raft.server.snapshot.auto.trigger.enabled = true (custom)
2021-07-05 00:57:09,714 [pool-90-thread-1] INFO  server.RaftServerConfigKeys (ConfUtils.java:logGet(44)) - raft.server.snapshot.auto.trigger.threshold = 10000 (custom)
2021-07-05 00:57:09,714 [pool-90-thread-1] INFO  server.RaftServerConfigKeys (ConfUtils.java:logGet(44)) - raft.server.snapshot.retention.file.num = 5 (custom)
2021-07-05 00:57:09,714 [pool-90-thread-1] INFO  server.RaftServerConfigKeys (ConfUtils.java:logGet(44)) - raft.server.log.purge.upto.snapshot.index = false (default)
2021-07-05 00:57:09,715 [pool-90-thread-1] INFO  server.RaftServerConfigKeys (ConfUtils.java:logGet(44)) - raft.server.retrycache.expirytime = 600000ms (custom)
2021-07-05 00:57:09,715 [pool-90-thread-1] INFO  server.RaftServerConfigKeys (ConfUtils.java:logGet(44)) - raft.server.retrycache.statistics.expirytime = 100μs (default)
2021-07-05 00:57:09,715 [pool-90-thread-1] INFO  metrics.RatisMetrics (RatisMetrics.java:lambda$create$0(36)) - Creating Metrics Registry : ratis.leader_election.4428f99b-3864-401a-a30b-d8207dc31cfa@group-49C9F103C6FA
2021-07-05 00:57:09,716 [pool-90-thread-1] INFO  metrics.RatisMetrics (RatisMetrics.java:lambda$create$0(36)) - Creating Metrics Registry : ratis.server.4428f99b-3864-401a-a30b-d8207dc31cfa@group-49C9F103C6FA
2021-07-05 00:57:09,717 [pool-90-thread-1] INFO  server.RaftServer$Division (RaftServerImpl.java:start(295)) - 4428f99b-3864-401a-a30b-d8207dc31cfa@group-49C9F103C6FA: start as a follower, conf=-1: [4428f99b-3864-401a-a30b-d8207dc31cfa|rpc:127.0.0.1:40939|priority:0, b549a9a8-3457-4b53-9703-c9fae2cc989c|rpc:127.0.0.1:44095|priority:1, 65d645ba-2b71-4ad7-bc66-74fd2328f6a5|rpc:127.0.0.1:36069|priority:0], old=null
2021-07-05 00:57:09,717 [pool-90-thread-1] INFO  server.RaftServer$Division (RaftServerImpl.java:setRole(284)) - 4428f99b-3864-401a-a30b-d8207dc31cfa@group-49C9F103C6FA: changes role from      null to FOLLOWER at term 0 for startAsFollower
2021-07-05 00:57:09,717 [pool-90-thread-1] INFO  impl.RoleInfo (RoleInfo.java:updateAndGet(130)) - 4428f99b-3864-401a-a30b-d8207dc31cfa: start 4428f99b-3864-401a-a30b-d8207dc31cfa@group-49C9F103C6FA-FollowerState
2021-07-05 00:57:09,721 [pool-90-thread-1] INFO  util.JmxRegister (JmxRegister.java:tryRegister(44)) - Successfully registered JMX Bean with object name Ratis:service=RaftServer,group=group-49C9F103C6FA,id=4428f99b-3864-401a-a30b-d8207dc31cfa
2021-07-05 00:57:09,721 [pool-90-thread-1] INFO  metrics.RatisMetrics (RatisMetrics.java:lambda$create$0(36)) - Creating Metrics Registry : ratis.state_machine.4428f99b-3864-401a-a30b-d8207dc31cfa@group-49C9F103C6FA
2021-07-05 00:57:09,728 [Command processor thread] INFO  ratis.XceiverServerRatis (XceiverServerRatis.java:addGroup(759)) - Created group PipelineID=d654393b-6ac2-4eb1-945d-49c9f103c6fa
2021-07-05 00:57:09,715 [EventQueue-PipelineReportForPipelineReportHandler] INFO  pipeline.PipelineManagerV2Impl (PipelineManagerV2Impl.java:openPipeline(270)) - Pipeline Pipeline[ Id: 607aab92-8ab2-4b87-a97d-180b7429b1d7, Nodes: 4428f99b-3864-401a-a30b-d8207dc31cfa{ip: 127.0.0.1, host: localhost, ports: [REPLICATION=44873, RATIS=40939, RATIS_ADMIN=40939, RATIS_SERVER=40939, STANDALONE=45343], networkLocation: /default-rack, certSerialId: null, persistedOpState: IN_SERVICE, persistedOpStateExpiryEpochSec: 0}, ReplicationConfig: RATIS/ONE, State:ALLOCATED, leaderId:4428f99b-3864-401a-a30b-d8207dc31cfa, CreationTimestamp2021-07-05T00:57:06.655Z] moved to OPEN state
2021-07-05 00:57:09,742 [EventQueue-PipelineReportForPipelineReportHandler] INFO  pipeline.PipelineManagerV2Impl (PipelineManagerV2Impl.java:openPipeline(270)) - Pipeline Pipeline[ Id: 607aab92-8ab2-4b87-a97d-180b7429b1d7, Nodes: 4428f99b-3864-401a-a30b-d8207dc31cfa{ip: 127.0.0.1, host: localhost, ports: [REPLICATION=44873, RATIS=40939, RATIS_ADMIN=40939, RATIS_SERVER=40939, STANDALONE=45343], networkLocation: /default-rack, certSerialId: null, persistedOpState: IN_SERVICE, persistedOpStateExpiryEpochSec: 0}, ReplicationConfig: RATIS/ONE, State:ALLOCATED, leaderId:4428f99b-3864-401a-a30b-d8207dc31cfa, CreationTimestamp2021-07-05T00:57:06.655Z] moved to OPEN state
2021-07-05 00:57:09,750 [431daa7d-f040-4c11-a1fb-891b2bc8b6a1@group-2C1689F4816B-StateMachineUpdater] INFO  safemode.HealthyPipelineSafeModeRule (HealthyPipelineSafeModeRule.java:initializeRule(152)) - Refreshed total pipeline count is 0, healthy pipeline threshold count is 1
2021-07-05 00:57:09,756 [EventQueue-PipelineReportForPipelineReportHandler] INFO  ha.SCMHAInvocationHandler (SCMHAInvocationHandler.java:invokeRatis(113)) - Invoking method public abstract void org.apache.hadoop.hdds.scm.pipeline.StateManager.updatePipelineState(org.apache.hadoop.hdds.protocol.proto.HddsProtos$PipelineID,org.apache.hadoop.hdds.protocol.proto.HddsProtos$PipelineState) throws java.io.IOException on target org.apache.hadoop.hdds.scm.ha.SCMRatisServerImpl@16916856, cost 17936.553us
2021-07-05 00:57:09,761 [EventQueue-OpenPipelineForHealthyPipelineSafeModeRule] INFO  safemode.SCMSafeModeManager (HealthyPipelineSafeModeRule.java:process(124)) - SCM in safe mode. Healthy pipelines reported count is 0, required healthy pipeline reported count is 1
2021-07-05 00:57:09,762 [EventQueue-OpenPipelineForHealthyPipelineSafeModeRule] INFO  safemode.SCMSafeModeManager (HealthyPipelineSafeModeRule.java:process(124)) - SCM in safe mode. Healthy pipelines reported count is 0, required healthy pipeline reported count is 1
2021-07-05 00:57:09,764 [EventQueue-PipelineReportForPipelineReportHandler] INFO  ha.SCMHAInvocationHandler (SCMHAInvocationHandler.java:invokeRatis(113)) - Invoking method public abstract void org.apache.hadoop.hdds.scm.pipeline.StateManager.updatePipelineState(org.apache.hadoop.hdds.protocol.proto.HddsProtos$PipelineID,org.apache.hadoop.hdds.protocol.proto.HddsProtos$PipelineState) throws java.io.IOException on target org.apache.hadoop.hdds.scm.ha.SCMRatisServerImpl@302bcbbd, cost 21215.426us
2021-07-05 00:57:09,764 [EventQueue-PipelineReportForPipelineReportHandler] INFO  pipeline.PipelineManagerV2Impl (PipelineManagerV2Impl.java:openPipeline(270)) - Pipeline Pipeline[ Id: 607aab92-8ab2-4b87-a97d-180b7429b1d7, Nodes: 4428f99b-3864-401a-a30b-d8207dc31cfa{ip: 127.0.0.1, host: localhost, ports: [REPLICATION=44873, RATIS=40939, RATIS_ADMIN=40939, RATIS_SERVER=40939, STANDALONE=45343], networkLocation: /default-rack, certSerialId: null, persistedOpState: IN_SERVICE, persistedOpStateExpiryEpochSec: 0}, ReplicationConfig: RATIS/ONE, State:ALLOCATED, leaderId:4428f99b-3864-401a-a30b-d8207dc31cfa, CreationTimestamp2021-07-05T00:57:06.655Z] moved to OPEN state
2021-07-05 00:57:09,764 [EventQueue-PipelineReportForPipelineReportHandler] INFO  ha.SCMHAInvocationHandler (SCMHAInvocationHandler.java:invokeRatis(113)) - Invoking method public abstract void org.apache.hadoop.hdds.scm.pipeline.StateManager.updatePipelineState(org.apache.hadoop.hdds.protocol.proto.HddsProtos$PipelineID,org.apache.hadoop.hdds.protocol.proto.HddsProtos$PipelineState) throws java.io.IOException on target org.apache.hadoop.hdds.scm.ha.SCMRatisServerImpl@302bcbbd, cost 566.495us
2021-07-05 00:57:09,765 [181931d2-e1e0-4592-a157-d5007a9fa086@group-2C1689F4816B-StateMachineUpdater] INFO  safemode.HealthyPipelineSafeModeRule (HealthyPipelineSafeModeRule.java:initializeRule(152)) - Refreshed total pipeline count is 0, healthy pipeline threshold count is 1
2021-07-05 00:57:09,791 [Command processor thread] INFO  metrics.RatisMetrics (RatisMetrics.java:lambda$create$0(36)) - Creating Metrics Registry : ratis.client_message_metrics.client-848247AA0B7D->b549a9a8-3457-4b53-9703-c9fae2cc989c
2021-07-05 00:57:09,819 [grpc-default-executor-0] INFO  metrics.RatisMetrics (RatisMetrics.java:lambda$create$0(36)) - Creating Metrics Registry : ratis.server_message_metrics.b549a9a8-3457-4b53-9703-c9fae2cc989c
2021-07-05 00:57:09,828 [grpc-default-executor-0] INFO  server.RaftServer (RaftServerProxy.java:addNew(95)) - b549a9a8-3457-4b53-9703-c9fae2cc989c: addNew group-49C9F103C6FA:[4428f99b-3864-401a-a30b-d8207dc31cfa|rpc:127.0.0.1:40939|dataStream:|priority:0, b549a9a8-3457-4b53-9703-c9fae2cc989c|rpc:127.0.0.1:44095|dataStream:|priority:1, 65d645ba-2b71-4ad7-bc66-74fd2328f6a5|rpc:127.0.0.1:36069|dataStream:|priority:0] returns group-49C9F103C6FA:java.util.concurrent.CompletableFuture@93f8b88[Not completed]
2021-07-05 00:57:09,828 [Datanode State Machine Thread - 0] ERROR datanode.RunningDatanodeState (RunningDatanodeState.java:computeNextContainerState(199)) - Error in executing end point task.
java.util.concurrent.ExecutionException: java.util.concurrent.TimeoutException
	at java.util.concurrent.FutureTask.report(FutureTask.java:122)
	at java.util.concurrent.FutureTask.get(FutureTask.java:192)
	at org.apache.hadoop.ozone.container.common.states.datanode.RunningDatanodeState.computeNextContainerState(RunningDatanodeState.java:191)
	at org.apache.hadoop.ozone.container.common.states.datanode.RunningDatanodeState.await(RunningDatanodeState.java:231)
	at org.apache.hadoop.ozone.container.common.states.datanode.RunningDatanodeState.await(RunningDatanodeState.java:50)
	at org.apache.hadoop.ozone.container.common.statemachine.StateContext.execute(StateContext.java:629)
	at org.apache.hadoop.ozone.container.common.statemachine.DatanodeStateMachine.start(DatanodeStateMachine.java:244)
	at org.apache.hadoop.ozone.container.common.statemachine.DatanodeStateMachine.lambda$startDaemon$0(DatanodeStateMachine.java:429)
	at java.lang.Thread.run(Thread.java:748)
Caused by: java.util.concurrent.TimeoutException
	at java.util.concurrent.FutureTask.get(FutureTask.java:205)
	at org.apache.hadoop.ozone.container.common.states.datanode.RunningDatanodeState.lambda$execute$0(RunningDatanodeState.java:149)
	at java.util.concurrent.FutureTask.run(FutureTask.java:266)
	at java.util.concurrent.Executors$RunnableAdapter.call(Executors.java:511)
	at java.util.concurrent.FutureTask.run(FutureTask.java:266)
	at java.util.concurrent.ThreadPoolExecutor.runWorker(ThreadPoolExecutor.java:1149)
	at java.util.concurrent.ThreadPoolExecutor$Worker.run(ThreadPoolExecutor.java:624)
	... 1 more
2021-07-05 00:57:09,903 [pool-107-thread-1] INFO  server.RaftServer$Division (RaftServerImpl.java:<init>(180)) - b549a9a8-3457-4b53-9703-c9fae2cc989c: new RaftServerImpl for group-49C9F103C6FA:[4428f99b-3864-401a-a30b-d8207dc31cfa|rpc:127.0.0.1:40939|dataStream:|priority:0, b549a9a8-3457-4b53-9703-c9fae2cc989c|rpc:127.0.0.1:44095|dataStream:|priority:1, 65d645ba-2b71-4ad7-bc66-74fd2328f6a5|rpc:127.0.0.1:36069|dataStream:|priority:0] with ContainerStateMachine:uninitialized
2021-07-05 00:57:09,904 [Command processor thread] INFO  server.RaftServer (RaftServerProxy.java:addNew(95)) - b549a9a8-3457-4b53-9703-c9fae2cc989c: addNew group-454D521CC898:[b549a9a8-3457-4b53-9703-c9fae2cc989c|rpc:127.0.0.1:44095|priority:1] returns group-454D521CC898:java.util.concurrent.CompletableFuture@e13205c[Not completed]
2021-07-05 00:57:09,906 [pool-107-thread-1] INFO  server.RaftServerConfigKeys (ConfUtils.java:logGet(44)) - raft.server.rpc.timeout.min = 5s (custom)
2021-07-05 00:57:09,906 [pool-107-thread-1] INFO  server.RaftServerConfigKeys (ConfUtils.java:logGet(44)) - raft.server.rpc.timeout.max = 5200ms (custom)
2021-07-05 00:57:09,906 [pool-107-thread-1] INFO  server.RaftServerConfigKeys (ConfUtils.java:logGet(44)) - raft.server.rpc.sleep.time = 25ms (default)
2021-07-05 00:57:09,906 [pool-107-thread-1] INFO  server.RaftServerConfigKeys (ConfUtils.java:logGet(44)) - raft.server.rpc.slowness.timeout = 300s (custom)
2021-07-05 00:57:09,906 [pool-107-thread-1] INFO  server.RaftServerConfigKeys (ConfUtils.java:logGet(44)) - raft.server.leaderelection.leader.step-down.wait-time = 10s (default)
2021-07-05 00:57:09,906 [pool-107-thread-1] INFO  server.RaftServerConfigKeys (ConfUtils.java:logGet(44)) - raft.server.sleep.deviation.threshold = 300ms (default)
2021-07-05 00:57:09,907 [pool-107-thread-1] INFO  server.RaftServerConfigKeys (ConfUtils.java:logGet(44)) - raft.server.log.appender.install.snapshot.enabled = false (custom)
2021-07-05 00:57:09,907 [pool-107-thread-1] INFO  server.RaftServer$Division (ServerState.java:<init>(105)) - b549a9a8-3457-4b53-9703-c9fae2cc989c@group-49C9F103C6FA: ConfigurationManager, init=-1: [4428f99b-3864-401a-a30b-d8207dc31cfa|rpc:127.0.0.1:40939|dataStream:|priority:0, b549a9a8-3457-4b53-9703-c9fae2cc989c|rpc:127.0.0.1:44095|dataStream:|priority:1, 65d645ba-2b71-4ad7-bc66-74fd2328f6a5|rpc:127.0.0.1:36069|dataStream:|priority:0], old=null, confs=<EMPTY_MAP>
2021-07-05 00:57:09,907 [pool-107-thread-1] INFO  server.RaftServerConfigKeys (ConfUtils.java:logGet(44)) - raft.server.storage.dir = [/home/runner/work/ozone/ozone/mnt/ozone/hadoop-ozone/integration-test/target/test-dir/MiniOzoneClusterImpl-47f02201-3656-42a8-b726-2c1689f4816b/datanode-1/data/ratis] (custom)
2021-07-05 00:57:09,907 [pool-107-thread-1] INFO  server.RaftServerConfigKeys (ConfUtils.java:logGet(44)) - raft.server.log.corruption.policy = EXCEPTION (default)
2021-07-05 00:57:09,907 [pool-107-thread-1] INFO  storage.RaftStorageDirectory (RaftStorageDirectoryImpl.java:analyzeStorage(132)) - The storage directory /home/runner/work/ozone/ozone/mnt/ozone/hadoop-ozone/integration-test/target/test-dir/MiniOzoneClusterImpl-47f02201-3656-42a8-b726-2c1689f4816b/datanode-1/data/ratis/d654393b-6ac2-4eb1-945d-49c9f103c6fa does not exist. Creating ...
2021-07-05 00:57:09,908 [pool-107-thread-1] INFO  storage.RaftStorageDirectory (RaftStorageDirectoryImpl.java:tryLock(215)) - Lock on /home/runner/work/ozone/ozone/mnt/ozone/hadoop-ozone/integration-test/target/test-dir/MiniOzoneClusterImpl-47f02201-3656-42a8-b726-2c1689f4816b/datanode-1/data/ratis/d654393b-6ac2-4eb1-945d-49c9f103c6fa/in_use.lock acquired by nodename 4351@fv-az291-681
2021-07-05 00:57:09,910 [pool-107-thread-1] INFO  storage.RaftStorage (RaftStorageImpl.java:format(87)) - Storage directory /home/runner/work/ozone/ozone/mnt/ozone/hadoop-ozone/integration-test/target/test-dir/MiniOzoneClusterImpl-47f02201-3656-42a8-b726-2c1689f4816b/datanode-1/data/ratis/d654393b-6ac2-4eb1-945d-49c9f103c6fa has been successfully formatted.
2021-07-05 00:57:09,917 [EventQueue-PipelineReportForPipelineReportHandler] INFO  pipeline.PipelineManagerV2Impl (PipelineManagerV2Impl.java:openPipeline(270)) - Pipeline Pipeline[ Id: 4e22a062-1b5c-481b-ae09-454d521cc898, Nodes: b549a9a8-3457-4b53-9703-c9fae2cc989c{ip: 127.0.0.1, host: localhost, ports: [REPLICATION=35315, RATIS=44095, RATIS_ADMIN=44095, RATIS_SERVER=44095, STANDALONE=46049], networkLocation: /default-rack, certSerialId: null, persistedOpState: IN_SERVICE, persistedOpStateExpiryEpochSec: 0}, ReplicationConfig: RATIS/ONE, State:ALLOCATED, leaderId:b549a9a8-3457-4b53-9703-c9fae2cc989c, CreationTimestamp2021-07-05T00:57:06.837Z] moved to OPEN state
2021-07-05 00:57:09,911 [pool-107-thread-1] INFO  ratis.ContainerStateMachine (ContainerStateMachine.java:loadSnapshot(223)) - group-49C9F103C6FA: The snapshot info is null. Setting the last applied indexto:(t:0, i:~)
2021-07-05 00:57:09,918 [EventQueue-PipelineReportForPipelineReportHandler] INFO  pipeline.PipelineManagerV2Impl (PipelineManagerV2Impl.java:openPipeline(270)) - Pipeline Pipeline[ Id: 4e22a062-1b5c-481b-ae09-454d521cc898, Nodes: b549a9a8-3457-4b53-9703-c9fae2cc989c{ip: 127.0.0.1, host: localhost, ports: [REPLICATION=35315, RATIS=44095, RATIS_ADMIN=44095, RATIS_SERVER=44095, STANDALONE=46049], networkLocation: /default-rack, certSerialId: null, persistedOpState: IN_SERVICE, persistedOpStateExpiryEpochSec: 0}, ReplicationConfig: RATIS/ONE, State:ALLOCATED, leaderId:b549a9a8-3457-4b53-9703-c9fae2cc989c, CreationTimestamp2021-07-05T00:57:06.837Z] moved to OPEN state
2021-07-05 00:57:09,926 [EventQueue-PipelineReportForPipelineReportHandler] INFO  ha.SCMHAInvocationHandler (SCMHAInvocationHandler.java:invokeRatis(113)) - Invoking method public abstract void org.apache.hadoop.hdds.scm.pipeline.StateManager.updatePipelineState(org.apache.hadoop.hdds.protocol.proto.HddsProtos$PipelineID,org.apache.hadoop.hdds.protocol.proto.HddsProtos$PipelineState) throws java.io.IOException on target org.apache.hadoop.hdds.scm.ha.SCMRatisServerImpl@302bcbbd, cost 517.096us
2021-07-05 00:57:09,920 [pool-107-thread-1] INFO  server.RaftServerConfigKeys (ConfUtils.java:logGet(44)) - raft.server.notification.no-leader.timeout = 300s (custom)
2021-07-05 00:57:09,938 [pool-107-thread-1] INFO  server.RaftServerConfigKeys (ConfUtils.java:logGet(44)) - raft.server.log.use.memory = false (default)
2021-07-05 00:57:09,938 [pool-107-thread-1] INFO  server.RaftServerConfigKeys (ConfUtils.java:logGet(44)) - raft.server.log.purge.gap = 1000000 (custom)
2021-07-05 00:57:09,938 [pool-107-thread-1] INFO  server.RaftServerConfigKeys (ConfUtils.java:logGet(44)) - raft.server.log.appender.buffer.byte-limit = 33554432 (custom)
2021-07-05 00:57:09,938 [pool-107-thread-1] INFO  metrics.RatisMetrics (RatisMetrics.java:lambda$create$0(36)) - Creating Metrics Registry : ratis.log_worker.b549a9a8-3457-4b53-9703-c9fae2cc989c@group-49C9F103C6FA
2021-07-05 00:57:09,938 [pool-107-thread-1] INFO  server.RaftServerConfigKeys (ConfUtils.java:logGet(44)) - raft.server.log.segment.size.max = 1048576 (custom)
2021-07-05 00:57:09,939 [pool-107-thread-1] INFO  server.RaftServerConfigKeys (ConfUtils.java:logGet(44)) - raft.server.log.segment.cache.num.max = 2 (custom)
2021-07-05 00:57:09,939 [pool-107-thread-1] INFO  server.RaftServerConfigKeys (ConfUtils.java:logGet(44)) - raft.server.log.segment.cache.size.max = 200MB (=209715200) (default)
2021-07-05 00:57:09,939 [pool-107-thread-1] INFO  segmented.SegmentedRaftLogWorker (SegmentedRaftLogWorker.java:<init>(182)) - new b549a9a8-3457-4b53-9703-c9fae2cc989c@group-49C9F103C6FA-SegmentedRaftLogWorker for RaftStorageImpl:Storage Directory /home/runner/work/ozone/ozone/mnt/ozone/hadoop-ozone/integration-test/target/test-dir/MiniOzoneClusterImpl-47f02201-3656-42a8-b726-2c1689f4816b/datanode-1/data/ratis/d654393b-6ac2-4eb1-945d-49c9f103c6fa
2021-07-05 00:57:09,939 [pool-107-thread-1] INFO  server.RaftServerConfigKeys (ConfUtils.java:logGet(44)) - raft.server.log.queue.byte-limit = 2147483647 (custom)
2021-07-05 00:57:09,939 [pool-107-thread-1] INFO  server.RaftServerConfigKeys (ConfUtils.java:logGet(44)) - raft.server.log.queue.element-limit = 1024 (custom)
2021-07-05 00:57:09,939 [pool-107-thread-1] INFO  server.RaftServerConfigKeys (ConfUtils.java:logGet(44)) - raft.server.log.segment.size.max = 1048576 (custom)
2021-07-05 00:57:09,939 [pool-107-thread-1] INFO  server.RaftServerConfigKeys (ConfUtils.java:logGet(44)) - raft.server.log.preallocated.size = 16384 (custom)
2021-07-05 00:57:09,939 [pool-107-thread-1] INFO  server.RaftServerConfigKeys (ConfUtils.java:logGet(44)) - raft.server.log.force.sync.num = 128 (default)
2021-07-05 00:57:09,939 [pool-107-thread-1] INFO  server.RaftServerConfigKeys (ConfUtils.java:logGet(44)) - raft.server.log.statemachine.data.sync = true (default)
2021-07-05 00:57:09,929 [431daa7d-f040-4c11-a1fb-891b2bc8b6a1@group-2C1689F4816B-StateMachineUpdater] INFO  safemode.HealthyPipelineSafeModeRule (HealthyPipelineSafeModeRule.java:initializeRule(152)) - Refreshed total pipeline count is 0, healthy pipeline threshold count is 1
2021-07-05 00:57:09,940 [EventQueue-PipelineReportForPipelineReportHandler] INFO  ha.SCMHAInvocationHandler (SCMHAInvocationHandler.java:invokeRatis(113)) - Invoking method public abstract void org.apache.hadoop.hdds.scm.pipeline.StateManager.updatePipelineState(org.apache.hadoop.hdds.protocol.proto.HddsProtos$PipelineID,org.apache.hadoop.hdds.protocol.proto.HddsProtos$PipelineState) throws java.io.IOException on target org.apache.hadoop.hdds.scm.ha.SCMRatisServerImpl@16916856, cost 22763.313us
2021-07-05 00:57:09,940 [pool-107-thread-1] INFO  server.RaftServerConfigKeys (ConfUtils.java:logGet(44)) - raft.server.log.statemachine.data.sync.timeout = 10s (default)
2021-07-05 00:57:09,940 [pool-107-thread-1] INFO  server.RaftServerConfigKeys (ConfUtils.java:logGet(44)) - raft.server.log.statemachine.data.sync.timeout.retry = -1 (default)
2021-07-05 00:57:09,941 [EventQueue-OpenPipelineForHealthyPipelineSafeModeRule] INFO  safemode.SCMSafeModeManager (HealthyPipelineSafeModeRule.java:process(124)) - SCM in safe mode. Healthy pipelines reported count is 0, required healthy pipeline reported count is 1
2021-07-05 00:57:09,942 [pool-107-thread-1] INFO  server.RaftServerConfigKeys (ConfUtils.java:logGet(44)) - raft.server.log.write.buffer.size = 1048576 (custom)
2021-07-05 00:57:09,943 [pool-107-thread-1] INFO  server.RaftServerConfigKeys (ConfUtils.java:logGet(44)) - raft.server.log.statemachine.data.caching.enabled = true (custom)
2021-07-05 00:57:09,943 [pool-107-thread-1] INFO  segmented.SegmentedRaftLogWorker (SegmentedRaftLogWorker.java:lambda$new$0(133)) - b549a9a8-3457-4b53-9703-c9fae2cc989c@group-49C9F103C6FA-SegmentedRaftLogWorker: flushIndex: setUnconditionally 0 -> -1
2021-07-05 00:57:09,943 [pool-107-thread-1] INFO  segmented.SegmentedRaftLogWorker (SegmentedRaftLogWorker.java:lambda$new$0(133)) - b549a9a8-3457-4b53-9703-c9fae2cc989c@group-49C9F103C6FA-SegmentedRaftLogWorker: safeCacheEvictIndex: setUnconditionally 0 -> -1
2021-07-05 00:57:09,944 [181931d2-e1e0-4592-a157-d5007a9fa086@group-2C1689F4816B-StateMachineUpdater] INFO  safemode.HealthyPipelineSafeModeRule (HealthyPipelineSafeModeRule.java:initializeRule(152)) - Refreshed total pipeline count is 0, healthy pipeline threshold count is 1
2021-07-05 00:57:09,945 [431daa7d-f040-4c11-a1fb-891b2bc8b6a1@group-2C1689F4816B-StateMachineUpdater] INFO  ha.SCMStateMachine (SCMStateMachine.java:takeSnapshot(290)) - Current Snapshot Index 20, takeSnapshot took 1 ms
2021-07-05 00:57:09,945 [431daa7d-f040-4c11-a1fb-891b2bc8b6a1@group-2C1689F4816B-StateMachineUpdater] INFO  impl.StateMachineUpdater (StateMachineUpdater.java:takeSnapshot(281)) - 431daa7d-f040-4c11-a1fb-891b2bc8b6a1@group-2C1689F4816B-StateMachineUpdater: Took a snapshot at index 20
2021-07-05 00:57:09,945 [431daa7d-f040-4c11-a1fb-891b2bc8b6a1@group-2C1689F4816B-StateMachineUpdater] INFO  impl.StateMachineUpdater (StateMachineUpdater.java:lambda$new$0(89)) - 431daa7d-f040-4c11-a1fb-891b2bc8b6a1@group-2C1689F4816B-StateMachineUpdater: snapshotIndex: updateIncreasingly 15 -> 20
2021-07-05 00:57:09,945 [431daa7d-f040-4c11-a1fb-891b2bc8b6a1@group-2C1689F4816B-StateMachineUpdater] INFO  raftlog.RaftLog (RaftLogBase.java:purge(306)) - 431daa7d-f040-4c11-a1fb-891b2bc8b6a1@group-2C1689F4816B-SegmentedRaftLog: purge 20
2021-07-05 00:57:09,945 [431daa7d-f040-4c11-a1fb-891b2bc8b6a1@group-2C1689F4816B-StateMachineUpdater] INFO  raftlog.RaftLog (RaftLogBase.java:lambda$new$0(53)) - 431daa7d-f040-4c11-a1fb-891b2bc8b6a1@group-2C1689F4816B-SegmentedRaftLog: snapshotIndex: updateIncreasingly 15 -> 20
2021-07-05 00:57:09,945 [431daa7d-f040-4c11-a1fb-891b2bc8b6a1@group-2C1689F4816B-StateMachineUpdater] INFO  raftlog.RaftLog (RaftLogBase.java:lambda$new$0(53)) - 431daa7d-f040-4c11-a1fb-891b2bc8b6a1@group-2C1689F4816B-SegmentedRaftLog: purgeIndex: updateToMax old=15, new=20, updated? true
2021-07-05 00:57:09,946 [pool-107-thread-1] INFO  server.RaftServerConfigKeys (ConfUtils.java:logGet(44)) - raft.server.snapshot.auto.trigger.enabled = true (custom)
2021-07-05 00:57:09,946 [pool-107-thread-1] INFO  server.RaftServerConfigKeys (ConfUtils.java:logGet(44)) - raft.server.snapshot.auto.trigger.threshold = 10000 (custom)
2021-07-05 00:57:09,946 [pool-107-thread-1] INFO  server.RaftServerConfigKeys (ConfUtils.java:logGet(44)) - raft.server.snapshot.retention.file.num = 5 (custom)
2021-07-05 00:57:09,946 [pool-107-thread-1] INFO  server.RaftServerConfigKeys (ConfUtils.java:logGet(44)) - raft.server.log.purge.upto.snapshot.index = false (default)
2021-07-05 00:57:09,946 [pool-107-thread-1] INFO  server.RaftServerConfigKeys (ConfUtils.java:logGet(44)) - raft.server.retrycache.expirytime = 600000ms (custom)
2021-07-05 00:57:09,946 [pool-107-thread-1] INFO  server.RaftServerConfigKeys (ConfUtils.java:logGet(44)) - raft.server.retrycache.statistics.expirytime = 100μs (default)
2021-07-05 00:57:09,946 [pool-107-thread-1] INFO  metrics.RatisMetrics (RatisMetrics.java:lambda$create$0(36)) - Creating Metrics Registry : ratis.leader_election.b549a9a8-3457-4b53-9703-c9fae2cc989c@group-49C9F103C6FA
2021-07-05 00:57:09,947 [pool-107-thread-1] INFO  metrics.RatisMetrics (RatisMetrics.java:lambda$create$0(36)) - Creating Metrics Registry : ratis.server.b549a9a8-3457-4b53-9703-c9fae2cc989c@group-49C9F103C6FA
2021-07-05 00:57:09,949 [pool-107-thread-1] INFO  server.RaftServer$Division (RaftServerImpl.java:<init>(180)) - b549a9a8-3457-4b53-9703-c9fae2cc989c: new RaftServerImpl for group-454D521CC898:[b549a9a8-3457-4b53-9703-c9fae2cc989c|rpc:127.0.0.1:44095|priority:1] with ContainerStateMachine:uninitialized
2021-07-05 00:57:09,949 [pool-107-thread-1] INFO  server.RaftServerConfigKeys (ConfUtils.java:logGet(44)) - raft.server.rpc.timeout.min = 5s (custom)
2021-07-05 00:57:09,949 [pool-107-thread-1] INFO  server.RaftServerConfigKeys (ConfUtils.java:logGet(44)) - raft.server.rpc.timeout.max = 5200ms (custom)
2021-07-05 00:57:09,949 [pool-107-thread-1] INFO  server.RaftServerConfigKeys (ConfUtils.java:logGet(44)) - raft.server.rpc.sleep.time = 25ms (default)
2021-07-05 00:57:09,949 [pool-107-thread-1] INFO  server.RaftServerConfigKeys (ConfUtils.java:logGet(44)) - raft.server.rpc.slowness.timeout = 300s (custom)
2021-07-05 00:57:09,949 [pool-107-thread-1] INFO  server.RaftServerConfigKeys (ConfUtils.java:logGet(44)) - raft.server.leaderelection.leader.step-down.wait-time = 10s (default)
2021-07-05 00:57:09,949 [pool-107-thread-1] INFO  server.RaftServerConfigKeys (ConfUtils.java:logGet(44)) - raft.server.sleep.deviation.threshold = 300ms (default)
2021-07-05 00:57:09,949 [pool-107-thread-1] INFO  server.RaftServerConfigKeys (ConfUtils.java:logGet(44)) - raft.server.log.appender.install.snapshot.enabled = false (custom)
2021-07-05 00:57:09,950 [pool-107-thread-1] INFO  server.RaftServer$Division (ServerState.java:<init>(105)) - b549a9a8-3457-4b53-9703-c9fae2cc989c@group-454D521CC898: ConfigurationManager, init=-1: [b549a9a8-3457-4b53-9703-c9fae2cc989c|rpc:127.0.0.1:44095|priority:1], old=null, confs=<EMPTY_MAP>
2021-07-05 00:57:09,950 [pool-107-thread-1] INFO  server.RaftServerConfigKeys (ConfUtils.java:logGet(44)) - raft.server.storage.dir = [/home/runner/work/ozone/ozone/mnt/ozone/hadoop-ozone/integration-test/target/test-dir/MiniOzoneClusterImpl-47f02201-3656-42a8-b726-2c1689f4816b/datanode-1/data/ratis] (custom)
2021-07-05 00:57:09,950 [pool-107-thread-1] INFO  server.RaftServerConfigKeys (ConfUtils.java:logGet(44)) - raft.server.log.corruption.policy = EXCEPTION (default)
2021-07-05 00:57:09,950 [pool-107-thread-1] INFO  storage.RaftStorageDirectory (RaftStorageDirectoryImpl.java:analyzeStorage(132)) - The storage directory /home/runner/work/ozone/ozone/mnt/ozone/hadoop-ozone/integration-test/target/test-dir/MiniOzoneClusterImpl-47f02201-3656-42a8-b726-2c1689f4816b/datanode-1/data/ratis/4e22a062-1b5c-481b-ae09-454d521cc898 does not exist. Creating ...
2021-07-05 00:57:09,951 [pool-107-thread-1] INFO  storage.RaftStorageDirectory (RaftStorageDirectoryImpl.java:tryLock(215)) - Lock on /home/runner/work/ozone/ozone/mnt/ozone/hadoop-ozone/integration-test/target/test-dir/MiniOzoneClusterImpl-47f02201-3656-42a8-b726-2c1689f4816b/datanode-1/data/ratis/4e22a062-1b5c-481b-ae09-454d521cc898/in_use.lock acquired by nodename 4351@fv-az291-681
2021-07-05 00:57:09,952 [pool-107-thread-1] INFO  storage.RaftStorage (RaftStorageImpl.java:format(87)) - Storage directory /home/runner/work/ozone/ozone/mnt/ozone/hadoop-ozone/integration-test/target/test-dir/MiniOzoneClusterImpl-47f02201-3656-42a8-b726-2c1689f4816b/datanode-1/data/ratis/4e22a062-1b5c-481b-ae09-454d521cc898 has been successfully formatted.
2021-07-05 00:57:09,957 [pool-107-thread-1] INFO  ratis.ContainerStateMachine (ContainerStateMachine.java:loadSnapshot(223)) - group-454D521CC898: The snapshot info is null. Setting the last applied indexto:(t:0, i:~)
2021-07-05 00:57:09,957 [EventQueue-OpenPipelineForHealthyPipelineSafeModeRule] INFO  safemode.SCMSafeModeManager (HealthyPipelineSafeModeRule.java:process(124)) - SCM in safe mode. Healthy pipelines reported count is 0, required healthy pipeline reported count is 1
2021-07-05 00:57:09,957 [EventQueue-OpenPipelineForHealthyPipelineSafeModeRule] INFO  safemode.SCMSafeModeManager (HealthyPipelineSafeModeRule.java:process(124)) - SCM in safe mode. Healthy pipelines reported count is 0, required healthy pipeline reported count is 1
2021-07-05 00:57:09,959 [pool-107-thread-1] INFO  server.RaftServerConfigKeys (ConfUtils.java:logGet(44)) - raft.server.notification.no-leader.timeout = 300s (custom)
2021-07-05 00:57:09,959 [pool-107-thread-1] INFO  server.RaftServerConfigKeys (ConfUtils.java:logGet(44)) - raft.server.log.use.memory = false (default)
2021-07-05 00:57:09,960 [pool-107-thread-1] INFO  server.RaftServerConfigKeys (ConfUtils.java:logGet(44)) - raft.server.log.purge.gap = 1000000 (custom)
2021-07-05 00:57:09,960 [pool-107-thread-1] INFO  server.RaftServerConfigKeys (ConfUtils.java:logGet(44)) - raft.server.log.appender.buffer.byte-limit = 33554432 (custom)
2021-07-05 00:57:09,960 [pool-107-thread-1] INFO  metrics.RatisMetrics (RatisMetrics.java:lambda$create$0(36)) - Creating Metrics Registry : ratis.log_worker.b549a9a8-3457-4b53-9703-c9fae2cc989c@group-454D521CC898
2021-07-05 00:57:09,961 [pool-107-thread-1] INFO  server.RaftServerConfigKeys (ConfUtils.java:logGet(44)) - raft.server.log.segment.size.max = 1048576 (custom)
2021-07-05 00:57:09,963 [pool-107-thread-1] INFO  server.RaftServerConfigKeys (ConfUtils.java:logGet(44)) - raft.server.log.segment.cache.num.max = 2 (custom)
2021-07-05 00:57:09,963 [pool-107-thread-1] INFO  server.RaftServerConfigKeys (ConfUtils.java:logGet(44)) - raft.server.log.segment.cache.size.max = 200MB (=209715200) (default)
2021-07-05 00:57:09,963 [pool-107-thread-1] INFO  segmented.SegmentedRaftLogWorker (SegmentedRaftLogWorker.java:<init>(182)) - new b549a9a8-3457-4b53-9703-c9fae2cc989c@group-454D521CC898-SegmentedRaftLogWorker for RaftStorageImpl:Storage Directory /home/runner/work/ozone/ozone/mnt/ozone/hadoop-ozone/integration-test/target/test-dir/MiniOzoneClusterImpl-47f02201-3656-42a8-b726-2c1689f4816b/datanode-1/data/ratis/4e22a062-1b5c-481b-ae09-454d521cc898
2021-07-05 00:57:09,963 [pool-107-thread-1] INFO  server.RaftServerConfigKeys (ConfUtils.java:logGet(44)) - raft.server.log.queue.byte-limit = 2147483647 (custom)
2021-07-05 00:57:09,963 [pool-107-thread-1] INFO  server.RaftServerConfigKeys (ConfUtils.java:logGet(44)) - raft.server.log.queue.element-limit = 1024 (custom)
2021-07-05 00:57:09,963 [pool-107-thread-1] INFO  server.RaftServerConfigKeys (ConfUtils.java:logGet(44)) - raft.server.log.segment.size.max = 1048576 (custom)
2021-07-05 00:57:09,964 [pool-107-thread-1] INFO  server.RaftServerConfigKeys (ConfUtils.java:logGet(44)) - raft.server.log.preallocated.size = 16384 (custom)
2021-07-05 00:57:09,966 [pool-107-thread-1] INFO  server.RaftServerConfigKeys (ConfUtils.java:logGet(44)) - raft.server.log.force.sync.num = 128 (default)
2021-07-05 00:57:09,966 [pool-107-thread-1] INFO  server.RaftServerConfigKeys (ConfUtils.java:logGet(44)) - raft.server.log.statemachine.data.sync = true (default)
2021-07-05 00:57:09,966 [pool-107-thread-1] INFO  server.RaftServerConfigKeys (ConfUtils.java:logGet(44)) - raft.server.log.statemachine.data.sync.timeout = 10s (default)
2021-07-05 00:57:09,966 [pool-107-thread-1] INFO  server.RaftServerConfigKeys (ConfUtils.java:logGet(44)) - raft.server.log.statemachine.data.sync.timeout.retry = -1 (default)
2021-07-05 00:57:09,969 [pool-107-thread-1] INFO  server.RaftServerConfigKeys (ConfUtils.java:logGet(44)) - raft.server.log.write.buffer.size = 1048576 (custom)
2021-07-05 00:57:09,970 [pool-107-thread-1] INFO  server.RaftServerConfigKeys (ConfUtils.java:logGet(44)) - raft.server.log.statemachine.data.caching.enabled = true (custom)
2021-07-05 00:57:09,970 [pool-107-thread-1] INFO  segmented.SegmentedRaftLogWorker (SegmentedRaftLogWorker.java:lambda$new$0(133)) - b549a9a8-3457-4b53-9703-c9fae2cc989c@group-454D521CC898-SegmentedRaftLogWorker: flushIndex: setUnconditionally 0 -> -1
2021-07-05 00:57:09,970 [pool-107-thread-1] INFO  segmented.SegmentedRaftLogWorker (SegmentedRaftLogWorker.java:lambda$new$0(133)) - b549a9a8-3457-4b53-9703-c9fae2cc989c@group-454D521CC898-SegmentedRaftLogWorker: safeCacheEvictIndex: setUnconditionally 0 -> -1
2021-07-05 00:57:09,971 [pool-107-thread-1] INFO  server.RaftServerConfigKeys (ConfUtils.java:logGet(44)) - raft.server.snapshot.auto.trigger.enabled = true (custom)
2021-07-05 00:57:09,971 [pool-107-thread-1] INFO  server.RaftServerConfigKeys (ConfUtils.java:logGet(44)) - raft.server.snapshot.auto.trigger.threshold = 10000 (custom)
2021-07-05 00:57:09,971 [pool-107-thread-1] INFO  server.RaftServerConfigKeys (ConfUtils.java:logGet(44)) - raft.server.snapshot.retention.file.num = 5 (custom)
2021-07-05 00:57:09,971 [pool-107-thread-1] INFO  server.RaftServerConfigKeys (ConfUtils.java:logGet(44)) - raft.server.log.purge.upto.snapshot.index = false (default)
2021-07-05 00:57:09,972 [pool-107-thread-1] INFO  server.RaftServerConfigKeys (ConfUtils.java:logGet(44)) - raft.server.retrycache.expirytime = 600000ms (custom)
2021-07-05 00:57:09,972 [pool-107-thread-1] INFO  server.RaftServerConfigKeys (ConfUtils.java:logGet(44)) - raft.server.retrycache.statistics.expirytime = 100μs (default)
2021-07-05 00:57:09,972 [pool-107-thread-1] INFO  metrics.RatisMetrics (RatisMetrics.java:lambda$create$0(36)) - Creating Metrics Registry : ratis.leader_election.b549a9a8-3457-4b53-9703-c9fae2cc989c@group-454D521CC898
2021-07-05 00:57:09,973 [pool-107-thread-1] INFO  metrics.RatisMetrics (RatisMetrics.java:lambda$create$0(36)) - Creating Metrics Registry : ratis.server.b549a9a8-3457-4b53-9703-c9fae2cc989c@group-454D521CC898
2021-07-05 00:57:09,974 [pool-107-thread-1] INFO  server.RaftServer$Division (RaftServerImpl.java:start(295)) - b549a9a8-3457-4b53-9703-c9fae2cc989c@group-49C9F103C6FA: start as a follower, conf=-1: [4428f99b-3864-401a-a30b-d8207dc31cfa|rpc:127.0.0.1:40939|dataStream:|priority:0, b549a9a8-3457-4b53-9703-c9fae2cc989c|rpc:127.0.0.1:44095|dataStream:|priority:1, 65d645ba-2b71-4ad7-bc66-74fd2328f6a5|rpc:127.0.0.1:36069|dataStream:|priority:0], old=null
2021-07-05 00:57:09,974 [pool-107-thread-1] INFO  server.RaftServer$Division (RaftServerImpl.java:setRole(284)) - b549a9a8-3457-4b53-9703-c9fae2cc989c@group-49C9F103C6FA: changes role from      null to FOLLOWER at term 0 for startAsFollower
2021-07-05 00:57:09,974 [pool-107-thread-1] INFO  impl.RoleInfo (RoleInfo.java:updateAndGet(130)) - b549a9a8-3457-4b53-9703-c9fae2cc989c: start b549a9a8-3457-4b53-9703-c9fae2cc989c@group-49C9F103C6FA-FollowerState
2021-07-05 00:57:09,974 [pool-107-thread-1] INFO  util.JmxRegister (JmxRegister.java:tryRegister(44)) - Successfully registered JMX Bean with object name Ratis:service=RaftServer,group=group-49C9F103C6FA,id=b549a9a8-3457-4b53-9703-c9fae2cc989c
2021-07-05 00:57:09,975 [pool-107-thread-1] INFO  metrics.RatisMetrics (RatisMetrics.java:lambda$create$0(36)) - Creating Metrics Registry : ratis.state_machine.b549a9a8-3457-4b53-9703-c9fae2cc989c@group-49C9F103C6FA
2021-07-05 00:57:09,976 [pool-107-thread-1] INFO  server.RaftServer$Division (RaftServerImpl.java:start(295)) - b549a9a8-3457-4b53-9703-c9fae2cc989c@group-454D521CC898: start as a follower, conf=-1: [b549a9a8-3457-4b53-9703-c9fae2cc989c|rpc:127.0.0.1:44095|priority:1], old=null
2021-07-05 00:57:09,976 [pool-107-thread-1] INFO  server.RaftServer$Division (RaftServerImpl.java:setRole(284)) - b549a9a8-3457-4b53-9703-c9fae2cc989c@group-454D521CC898: changes role from      null to FOLLOWER at term 0 for startAsFollower
2021-07-05 00:57:09,977 [pool-107-thread-1] INFO  impl.RoleInfo (RoleInfo.java:updateAndGet(130)) - b549a9a8-3457-4b53-9703-c9fae2cc989c: start b549a9a8-3457-4b53-9703-c9fae2cc989c@group-454D521CC898-FollowerState
2021-07-05 00:57:09,977 [Listener at 127.0.0.1/12256] INFO  ozone.MiniOzoneClusterImpl (MiniOzoneClusterImpl.java:lambda$waitForClusterToBeReady$0(227)) - Nodes are ready. Got 3 of 3 DN Heartbeats.
2021-07-05 00:57:09,978 [Listener at 127.0.0.1/12256] INFO  ozone.MiniOzoneClusterImpl (MiniOzoneClusterImpl.java:lambda$waitForClusterToBeReady$0(230)) - Waiting for cluster to exit safe mode
2021-07-05 00:57:09,978 [Listener at 127.0.0.1/12256] INFO  ozone.MiniOzoneClusterImpl (MiniOzoneClusterImpl.java:lambda$waitForClusterToBeReady$0(232)) - SCM became leader
2021-07-05 00:57:09,980 [pool-107-thread-1] INFO  util.JmxRegister (JmxRegister.java:tryRegister(44)) - Successfully registered JMX Bean with object name Ratis:service=RaftServer,group=group-454D521CC898,id=b549a9a8-3457-4b53-9703-c9fae2cc989c
2021-07-05 00:57:09,980 [pool-107-thread-1] INFO  metrics.RatisMetrics (RatisMetrics.java:lambda$create$0(36)) - Creating Metrics Registry : ratis.state_machine.b549a9a8-3457-4b53-9703-c9fae2cc989c@group-454D521CC898
2021-07-05 00:57:09,984 [Command processor thread] INFO  server.RaftServer (RaftServerProxy.java:addNew(95)) - 65d645ba-2b71-4ad7-bc66-74fd2328f6a5: addNew group-6FF6A8ECCE1E:[65d645ba-2b71-4ad7-bc66-74fd2328f6a5|rpc:127.0.0.1:36069|priority:1] returns group-6FF6A8ECCE1E:java.util.concurrent.CompletableFuture@8dc2438[Not completed]
2021-07-05 00:57:09,989 [pool-130-thread-1] INFO  server.RaftServer$Division (RaftServerImpl.java:<init>(180)) - 65d645ba-2b71-4ad7-bc66-74fd2328f6a5: new RaftServerImpl for group-6FF6A8ECCE1E:[65d645ba-2b71-4ad7-bc66-74fd2328f6a5|rpc:127.0.0.1:36069|priority:1] with ContainerStateMachine:uninitialized
2021-07-05 00:57:10,006 [Command processor thread] INFO  ratis.XceiverServerRatis (XceiverServerRatis.java:addGroup(759)) - Created group PipelineID=4e22a062-1b5c-481b-ae09-454d521cc898
2021-07-05 00:57:10,006 [pool-130-thread-1] INFO  server.RaftServerConfigKeys (ConfUtils.java:logGet(44)) - raft.server.rpc.timeout.min = 5s (custom)
2021-07-05 00:57:10,006 [pool-130-thread-1] INFO  server.RaftServerConfigKeys (ConfUtils.java:logGet(44)) - raft.server.rpc.timeout.max = 5200ms (custom)
2021-07-05 00:57:10,006 [pool-130-thread-1] INFO  server.RaftServerConfigKeys (ConfUtils.java:logGet(44)) - raft.server.rpc.sleep.time = 25ms (default)
2021-07-05 00:57:10,006 [pool-130-thread-1] INFO  server.RaftServerConfigKeys (ConfUtils.java:logGet(44)) - raft.server.rpc.slowness.timeout = 300s (custom)
2021-07-05 00:57:10,006 [pool-130-thread-1] INFO  server.RaftServerConfigKeys (ConfUtils.java:logGet(44)) - raft.server.leaderelection.leader.step-down.wait-time = 10s (default)
2021-07-05 00:57:10,006 [pool-130-thread-1] INFO  server.RaftServerConfigKeys (ConfUtils.java:logGet(44)) - raft.server.sleep.deviation.threshold = 300ms (default)
2021-07-05 00:57:10,006 [pool-130-thread-1] INFO  server.RaftServerConfigKeys (ConfUtils.java:logGet(44)) - raft.server.log.appender.install.snapshot.enabled = false (custom)
2021-07-05 00:57:10,006 [pool-130-thread-1] INFO  server.RaftServer$Division (ServerState.java:<init>(105)) - 65d645ba-2b71-4ad7-bc66-74fd2328f6a5@group-6FF6A8ECCE1E: ConfigurationManager, init=-1: [65d645ba-2b71-4ad7-bc66-74fd2328f6a5|rpc:127.0.0.1:36069|priority:1], old=null, confs=<EMPTY_MAP>
2021-07-05 00:57:10,006 [pool-130-thread-1] INFO  server.RaftServerConfigKeys (ConfUtils.java:logGet(44)) - raft.server.storage.dir = [/home/runner/work/ozone/ozone/mnt/ozone/hadoop-ozone/integration-test/target/test-dir/MiniOzoneClusterImpl-47f02201-3656-42a8-b726-2c1689f4816b/datanode-2/data/ratis] (custom)
2021-07-05 00:57:10,007 [pool-130-thread-1] INFO  server.RaftServerConfigKeys (ConfUtils.java:logGet(44)) - raft.server.log.corruption.policy = EXCEPTION (default)
2021-07-05 00:57:10,007 [pool-130-thread-1] INFO  storage.RaftStorageDirectory (RaftStorageDirectoryImpl.java:analyzeStorage(132)) - The storage directory /home/runner/work/ozone/ozone/mnt/ozone/hadoop-ozone/integration-test/target/test-dir/MiniOzoneClusterImpl-47f02201-3656-42a8-b726-2c1689f4816b/datanode-2/data/ratis/375cd340-fc76-474b-9a4e-6ff6a8ecce1e does not exist. Creating ...
2021-07-05 00:57:10,006 [Command processor thread] INFO  commandhandler.CreatePipelineCommandHandler (CreatePipelineCommandHandler.java:handle(106)) - Created Pipeline RATIS ONE PipelineID=4e22a062-1b5c-481b-ae09-454d521cc898.
2021-07-05 00:57:10,009 [Command processor thread] INFO  server.RaftServer (RaftServerProxy.java:addNew(95)) - b549a9a8-3457-4b53-9703-c9fae2cc989c: addNew group-928675FAAF16:[4428f99b-3864-401a-a30b-d8207dc31cfa|rpc:127.0.0.1:40939|priority:0, b549a9a8-3457-4b53-9703-c9fae2cc989c|rpc:127.0.0.1:44095|priority:0, 65d645ba-2b71-4ad7-bc66-74fd2328f6a5|rpc:127.0.0.1:36069|priority:1] returns group-928675FAAF16:java.util.concurrent.CompletableFuture@d4dfee[Not completed]
2021-07-05 00:57:10,010 [pool-107-thread-1] INFO  server.RaftServer$Division (RaftServerImpl.java:<init>(180)) - b549a9a8-3457-4b53-9703-c9fae2cc989c: new RaftServerImpl for group-928675FAAF16:[4428f99b-3864-401a-a30b-d8207dc31cfa|rpc:127.0.0.1:40939|priority:0, b549a9a8-3457-4b53-9703-c9fae2cc989c|rpc:127.0.0.1:44095|priority:0, 65d645ba-2b71-4ad7-bc66-74fd2328f6a5|rpc:127.0.0.1:36069|priority:1] with ContainerStateMachine:uninitialized
2021-07-05 00:57:10,011 [pool-107-thread-1] INFO  server.RaftServerConfigKeys (ConfUtils.java:logGet(44)) - raft.server.rpc.timeout.min = 5s (custom)
2021-07-05 00:57:10,011 [pool-107-thread-1] INFO  server.RaftServerConfigKeys (ConfUtils.java:logGet(44)) - raft.server.rpc.timeout.max = 5200ms (custom)
2021-07-05 00:57:10,011 [pool-107-thread-1] INFO  server.RaftServerConfigKeys (ConfUtils.java:logGet(44)) - raft.server.rpc.sleep.time = 25ms (default)
2021-07-05 00:57:10,011 [pool-107-thread-1] INFO  server.RaftServerConfigKeys (ConfUtils.java:logGet(44)) - raft.server.rpc.slowness.timeout = 300s (custom)
2021-07-05 00:57:10,011 [pool-107-thread-1] INFO  server.RaftServerConfigKeys (ConfUtils.java:logGet(44)) - raft.server.leaderelection.leader.step-down.wait-time = 10s (default)
2021-07-05 00:57:10,011 [pool-107-thread-1] INFO  server.RaftServerConfigKeys (ConfUtils.java:logGet(44)) - raft.server.sleep.deviation.threshold = 300ms (default)
2021-07-05 00:57:10,011 [pool-107-thread-1] INFO  server.RaftServerConfigKeys (ConfUtils.java:logGet(44)) - raft.server.log.appender.install.snapshot.enabled = false (custom)
2021-07-05 00:57:10,011 [pool-107-thread-1] INFO  server.RaftServer$Division (ServerState.java:<init>(105)) - b549a9a8-3457-4b53-9703-c9fae2cc989c@group-928675FAAF16: ConfigurationManager, init=-1: [4428f99b-3864-401a-a30b-d8207dc31cfa|rpc:127.0.0.1:40939|priority:0, b549a9a8-3457-4b53-9703-c9fae2cc989c|rpc:127.0.0.1:44095|priority:0, 65d645ba-2b71-4ad7-bc66-74fd2328f6a5|rpc:127.0.0.1:36069|priority:1], old=null, confs=<EMPTY_MAP>
2021-07-05 00:57:10,011 [pool-107-thread-1] INFO  server.RaftServerConfigKeys (ConfUtils.java:logGet(44)) - raft.server.storage.dir = [/home/runner/work/ozone/ozone/mnt/ozone/hadoop-ozone/integration-test/target/test-dir/MiniOzoneClusterImpl-47f02201-3656-42a8-b726-2c1689f4816b/datanode-1/data/ratis] (custom)
2021-07-05 00:57:10,011 [pool-107-thread-1] INFO  server.RaftServerConfigKeys (ConfUtils.java:logGet(44)) - raft.server.log.corruption.policy = EXCEPTION (default)
2021-07-05 00:57:10,011 [pool-107-thread-1] INFO  storage.RaftStorageDirectory (RaftStorageDirectoryImpl.java:analyzeStorage(132)) - The storage directory /home/runner/work/ozone/ozone/mnt/ozone/hadoop-ozone/integration-test/target/test-dir/MiniOzoneClusterImpl-47f02201-3656-42a8-b726-2c1689f4816b/datanode-1/data/ratis/2baeda0e-4055-46a0-b166-928675faaf16 does not exist. Creating ...
2021-07-05 00:57:10,012 [pool-107-thread-1] INFO  storage.RaftStorageDirectory (RaftStorageDirectoryImpl.java:tryLock(215)) - Lock on /home/runner/work/ozone/ozone/mnt/ozone/hadoop-ozone/integration-test/target/test-dir/MiniOzoneClusterImpl-47f02201-3656-42a8-b726-2c1689f4816b/datanode-1/data/ratis/2baeda0e-4055-46a0-b166-928675faaf16/in_use.lock acquired by nodename 4351@fv-az291-681
2021-07-05 00:57:10,013 [pool-130-thread-1] INFO  storage.RaftStorageDirectory (RaftStorageDirectoryImpl.java:tryLock(215)) - Lock on /home/runner/work/ozone/ozone/mnt/ozone/hadoop-ozone/integration-test/target/test-dir/MiniOzoneClusterImpl-47f02201-3656-42a8-b726-2c1689f4816b/datanode-2/data/ratis/375cd340-fc76-474b-9a4e-6ff6a8ecce1e/in_use.lock acquired by nodename 4351@fv-az291-681
2021-07-05 00:57:10,014 [pool-130-thread-1] INFO  storage.RaftStorage (RaftStorageImpl.java:format(87)) - Storage directory /home/runner/work/ozone/ozone/mnt/ozone/hadoop-ozone/integration-test/target/test-dir/MiniOzoneClusterImpl-47f02201-3656-42a8-b726-2c1689f4816b/datanode-2/data/ratis/375cd340-fc76-474b-9a4e-6ff6a8ecce1e has been successfully formatted.
2021-07-05 00:57:10,014 [pool-130-thread-1] INFO  ratis.ContainerStateMachine (ContainerStateMachine.java:loadSnapshot(223)) - group-6FF6A8ECCE1E: The snapshot info is null. Setting the last applied indexto:(t:0, i:~)
2021-07-05 00:57:10,015 [pool-130-thread-1] INFO  server.RaftServerConfigKeys (ConfUtils.java:logGet(44)) - raft.server.notification.no-leader.timeout = 300s (custom)
2021-07-05 00:57:10,015 [pool-130-thread-1] INFO  server.RaftServerConfigKeys (ConfUtils.java:logGet(44)) - raft.server.log.use.memory = false (default)
2021-07-05 00:57:10,015 [pool-130-thread-1] INFO  server.RaftServerConfigKeys (ConfUtils.java:logGet(44)) - raft.server.log.purge.gap = 1000000 (custom)
2021-07-05 00:57:10,015 [pool-130-thread-1] INFO  server.RaftServerConfigKeys (ConfUtils.java:logGet(44)) - raft.server.log.appender.buffer.byte-limit = 33554432 (custom)
2021-07-05 00:57:10,015 [pool-130-thread-1] INFO  metrics.RatisMetrics (RatisMetrics.java:lambda$create$0(36)) - Creating Metrics Registry : ratis.log_worker.65d645ba-2b71-4ad7-bc66-74fd2328f6a5@group-6FF6A8ECCE1E
2021-07-05 00:57:10,015 [pool-130-thread-1] INFO  server.RaftServerConfigKeys (ConfUtils.java:logGet(44)) - raft.server.log.segment.size.max = 1048576 (custom)
2021-07-05 00:57:10,016 [pool-130-thread-1] INFO  server.RaftServerConfigKeys (ConfUtils.java:logGet(44)) - raft.server.log.segment.cache.num.max = 2 (custom)
2021-07-05 00:57:10,016 [pool-130-thread-1] INFO  server.RaftServerConfigKeys (ConfUtils.java:logGet(44)) - raft.server.log.segment.cache.size.max = 200MB (=209715200) (default)
2021-07-05 00:57:10,016 [pool-130-thread-1] INFO  segmented.SegmentedRaftLogWorker (SegmentedRaftLogWorker.java:<init>(182)) - new 65d645ba-2b71-4ad7-bc66-74fd2328f6a5@group-6FF6A8ECCE1E-SegmentedRaftLogWorker for RaftStorageImpl:Storage Directory /home/runner/work/ozone/ozone/mnt/ozone/hadoop-ozone/integration-test/target/test-dir/MiniOzoneClusterImpl-47f02201-3656-42a8-b726-2c1689f4816b/datanode-2/data/ratis/375cd340-fc76-474b-9a4e-6ff6a8ecce1e
2021-07-05 00:57:10,016 [pool-130-thread-1] INFO  server.RaftServerConfigKeys (ConfUtils.java:logGet(44)) - raft.server.log.queue.byte-limit = 2147483647 (custom)
2021-07-05 00:57:10,016 [pool-130-thread-1] INFO  server.RaftServerConfigKeys (ConfUtils.java:logGet(44)) - raft.server.log.queue.element-limit = 1024 (custom)
2021-07-05 00:57:10,016 [pool-130-thread-1] INFO  server.RaftServerConfigKeys (ConfUtils.java:logGet(44)) - raft.server.log.segment.size.max = 1048576 (custom)
2021-07-05 00:57:10,016 [pool-130-thread-1] INFO  server.RaftServerConfigKeys (ConfUtils.java:logGet(44)) - raft.server.log.preallocated.size = 16384 (custom)
2021-07-05 00:57:10,016 [pool-130-thread-1] INFO  server.RaftServerConfigKeys (ConfUtils.java:logGet(44)) - raft.server.log.force.sync.num = 128 (default)
2021-07-05 00:57:10,016 [pool-130-thread-1] INFO  server.RaftServerConfigKeys (ConfUtils.java:logGet(44)) - raft.server.log.statemachine.data.sync = true (default)
2021-07-05 00:57:10,016 [pool-130-thread-1] INFO  server.RaftServerConfigKeys (ConfUtils.java:logGet(44)) - raft.server.log.statemachine.data.sync.timeout = 10s (default)
2021-07-05 00:57:10,016 [pool-130-thread-1] INFO  server.RaftServerConfigKeys (ConfUtils.java:logGet(44)) - raft.server.log.statemachine.data.sync.timeout.retry = -1 (default)
2021-07-05 00:57:10,018 [EventQueue-PipelineReportForPipelineReportHandler] INFO  pipeline.PipelineManagerV2Impl (PipelineManagerV2Impl.java:openPipeline(270)) - Pipeline Pipeline[ Id: 375cd340-fc76-474b-9a4e-6ff6a8ecce1e, Nodes: 65d645ba-2b71-4ad7-bc66-74fd2328f6a5{ip: 127.0.0.1, host: localhost, ports: [REPLICATION=42645, RATIS=36069, RATIS_ADMIN=36069, RATIS_SERVER=36069, STANDALONE=32841], networkLocation: /default-rack, certSerialId: null, persistedOpState: IN_SERVICE, persistedOpStateExpiryEpochSec: 0}, ReplicationConfig: RATIS/ONE, State:ALLOCATED, leaderId:65d645ba-2b71-4ad7-bc66-74fd2328f6a5, CreationTimestamp2021-07-05T00:57:06.983Z] moved to OPEN state
2021-07-05 00:57:10,017 [pool-107-thread-1] INFO  storage.RaftStorage (RaftStorageImpl.java:format(87)) - Storage directory /home/runner/work/ozone/ozone/mnt/ozone/hadoop-ozone/integration-test/target/test-dir/MiniOzoneClusterImpl-47f02201-3656-42a8-b726-2c1689f4816b/datanode-1/data/ratis/2baeda0e-4055-46a0-b166-928675faaf16 has been successfully formatted.
2021-07-05 00:57:10,019 [pool-107-thread-1] INFO  ratis.ContainerStateMachine (ContainerStateMachine.java:loadSnapshot(223)) - group-928675FAAF16: The snapshot info is null. Setting the last applied indexto:(t:0, i:~)
2021-07-05 00:57:10,020 [EventQueue-PipelineReportForPipelineReportHandler] INFO  pipeline.PipelineManagerV2Impl (PipelineManagerV2Impl.java:openPipeline(270)) - Pipeline Pipeline[ Id: 375cd340-fc76-474b-9a4e-6ff6a8ecce1e, Nodes: 65d645ba-2b71-4ad7-bc66-74fd2328f6a5{ip: 127.0.0.1, host: localhost, ports: [REPLICATION=42645, RATIS=36069, RATIS_ADMIN=36069, RATIS_SERVER=36069, STANDALONE=32841], networkLocation: /default-rack, certSerialId: null, persistedOpState: IN_SERVICE, persistedOpStateExpiryEpochSec: 0}, ReplicationConfig: RATIS/ONE, State:ALLOCATED, leaderId:65d645ba-2b71-4ad7-bc66-74fd2328f6a5, CreationTimestamp2021-07-05T00:57:06.983Z] moved to OPEN state
2021-07-05 00:57:10,045 [EventQueue-PipelineReportForPipelineReportHandler] INFO  ha.SCMHAInvocationHandler (SCMHAInvocationHandler.java:invokeRatis(113)) - Invoking method public abstract void org.apache.hadoop.hdds.scm.pipeline.StateManager.updatePipelineState(org.apache.hadoop.hdds.protocol.proto.HddsProtos$PipelineID,org.apache.hadoop.hdds.protocol.proto.HddsProtos$PipelineState) throws java.io.IOException on target org.apache.hadoop.hdds.scm.ha.SCMRatisServerImpl@302bcbbd, cost 563.695us
2021-07-05 00:57:10,045 [EventQueue-OpenPipelineForHealthyPipelineSafeModeRule] INFO  safemode.SCMSafeModeManager (HealthyPipelineSafeModeRule.java:process(124)) - SCM in safe mode. Healthy pipelines reported count is 0, required healthy pipeline reported count is 1
2021-07-05 00:57:10,042 [181931d2-e1e0-4592-a157-d5007a9fa086@group-2C1689F4816B-StateMachineUpdater] INFO  ha.SCMStateMachine (SCMStateMachine.java:takeSnapshot(290)) - Current Snapshot Index 20, takeSnapshot took 0 ms
2021-07-05 00:57:10,057 [181931d2-e1e0-4592-a157-d5007a9fa086@group-2C1689F4816B-StateMachineUpdater] INFO  impl.StateMachineUpdater (StateMachineUpdater.java:takeSnapshot(281)) - 181931d2-e1e0-4592-a157-d5007a9fa086@group-2C1689F4816B-StateMachineUpdater: Took a snapshot at index 20
2021-07-05 00:57:10,057 [181931d2-e1e0-4592-a157-d5007a9fa086@group-2C1689F4816B-StateMachineUpdater] INFO  impl.StateMachineUpdater (StateMachineUpdater.java:lambda$new$0(89)) - 181931d2-e1e0-4592-a157-d5007a9fa086@group-2C1689F4816B-StateMachineUpdater: snapshotIndex: updateIncreasingly 15 -> 20
2021-07-05 00:57:10,057 [181931d2-e1e0-4592-a157-d5007a9fa086@group-2C1689F4816B-StateMachineUpdater] INFO  raftlog.RaftLog (RaftLogBase.java:purge(306)) - 181931d2-e1e0-4592-a157-d5007a9fa086@group-2C1689F4816B-SegmentedRaftLog: purge 20
2021-07-05 00:57:10,057 [181931d2-e1e0-4592-a157-d5007a9fa086@group-2C1689F4816B-StateMachineUpdater] INFO  raftlog.RaftLog (RaftLogBase.java:lambda$new$0(53)) - 181931d2-e1e0-4592-a157-d5007a9fa086@group-2C1689F4816B-SegmentedRaftLog: snapshotIndex: updateIncreasingly 15 -> 20
2021-07-05 00:57:10,057 [181931d2-e1e0-4592-a157-d5007a9fa086@group-2C1689F4816B-StateMachineUpdater] INFO  raftlog.RaftLog (RaftLogBase.java:lambda$new$0(53)) - 181931d2-e1e0-4592-a157-d5007a9fa086@group-2C1689F4816B-SegmentedRaftLog: purgeIndex: updateToMax old=15, new=20, updated? true
2021-07-05 00:57:10,058 [181931d2-e1e0-4592-a157-d5007a9fa086@group-2C1689F4816B-StateMachineUpdater] INFO  safemode.HealthyPipelineSafeModeRule (HealthyPipelineSafeModeRule.java:initializeRule(152)) - Refreshed total pipeline count is 0, healthy pipeline threshold count is 1
2021-07-05 00:57:10,020 [pool-130-thread-1] INFO  server.RaftServerConfigKeys (ConfUtils.java:logGet(44)) - raft.server.log.write.buffer.size = 1048576 (custom)
2021-07-05 00:57:10,059 [pool-130-thread-1] INFO  server.RaftServerConfigKeys (ConfUtils.java:logGet(44)) - raft.server.log.statemachine.data.caching.enabled = true (custom)
2021-07-05 00:57:10,059 [pool-130-thread-1] INFO  segmented.SegmentedRaftLogWorker (SegmentedRaftLogWorker.java:lambda$new$0(133)) - 65d645ba-2b71-4ad7-bc66-74fd2328f6a5@group-6FF6A8ECCE1E-SegmentedRaftLogWorker: flushIndex: setUnconditionally 0 -> -1
2021-07-05 00:57:10,059 [pool-130-thread-1] INFO  segmented.SegmentedRaftLogWorker (SegmentedRaftLogWorker.java:lambda$new$0(133)) - 65d645ba-2b71-4ad7-bc66-74fd2328f6a5@group-6FF6A8ECCE1E-SegmentedRaftLogWorker: safeCacheEvictIndex: setUnconditionally 0 -> -1
2021-07-05 00:57:10,020 [pool-107-thread-1] INFO  server.RaftServerConfigKeys (ConfUtils.java:logGet(44)) - raft.server.notification.no-leader.timeout = 300s (custom)
2021-07-05 00:57:10,048 [431daa7d-f040-4c11-a1fb-891b2bc8b6a1@group-2C1689F4816B-StateMachineUpdater] INFO  safemode.HealthyPipelineSafeModeRule (HealthyPipelineSafeModeRule.java:initializeRule(152)) - Refreshed total pipeline count is 0, healthy pipeline threshold count is 1
2021-07-05 00:57:10,059 [pool-107-thread-1] INFO  server.RaftServerConfigKeys (ConfUtils.java:logGet(44)) - raft.server.log.use.memory = false (default)
2021-07-05 00:57:10,059 [pool-107-thread-1] INFO  server.RaftServerConfigKeys (ConfUtils.java:logGet(44)) - raft.server.log.purge.gap = 1000000 (custom)
2021-07-05 00:57:10,059 [pool-107-thread-1] INFO  server.RaftServerConfigKeys (ConfUtils.java:logGet(44)) - raft.server.log.appender.buffer.byte-limit = 33554432 (custom)
2021-07-05 00:57:10,060 [pool-107-thread-1] INFO  metrics.RatisMetrics (RatisMetrics.java:lambda$create$0(36)) - Creating Metrics Registry : ratis.log_worker.b549a9a8-3457-4b53-9703-c9fae2cc989c@group-928675FAAF16
2021-07-05 00:57:10,060 [EventQueue-PipelineReportForPipelineReportHandler] INFO  ha.SCMHAInvocationHandler (SCMHAInvocationHandler.java:invokeRatis(113)) - Invoking method public abstract void org.apache.hadoop.hdds.scm.pipeline.StateManager.updatePipelineState(org.apache.hadoop.hdds.protocol.proto.HddsProtos$PipelineID,org.apache.hadoop.hdds.protocol.proto.HddsProtos$PipelineState) throws java.io.IOException on target org.apache.hadoop.hdds.scm.ha.SCMRatisServerImpl@16916856, cost 41021.164us
2021-07-05 00:57:10,060 [pool-107-thread-1] INFO  server.RaftServerConfigKeys (ConfUtils.java:logGet(44)) - raft.server.log.segment.size.max = 1048576 (custom)
2021-07-05 00:57:10,060 [EventQueue-OpenPipelineForHealthyPipelineSafeModeRule] INFO  safemode.SCMSafeModeManager (HealthyPipelineSafeModeRule.java:process(124)) - SCM in safe mode. Healthy pipelines reported count is 0, required healthy pipeline reported count is 1
2021-07-05 00:57:10,060 [EventQueue-OpenPipelineForHealthyPipelineSafeModeRule] INFO  safemode.SCMSafeModeManager (HealthyPipelineSafeModeRule.java:process(124)) - SCM in safe mode. Healthy pipelines reported count is 0, required healthy pipeline reported count is 1
2021-07-05 00:57:10,060 [pool-107-thread-1] INFO  server.RaftServerConfigKeys (ConfUtils.java:logGet(44)) - raft.server.log.segment.cache.num.max = 2 (custom)
2021-07-05 00:57:10,060 [pool-107-thread-1] INFO  server.RaftServerConfigKeys (ConfUtils.java:logGet(44)) - raft.server.log.segment.cache.size.max = 200MB (=209715200) (default)
2021-07-05 00:57:10,060 [pool-107-thread-1] INFO  segmented.SegmentedRaftLogWorker (SegmentedRaftLogWorker.java:<init>(182)) - new b549a9a8-3457-4b53-9703-c9fae2cc989c@group-928675FAAF16-SegmentedRaftLogWorker for RaftStorageImpl:Storage Directory /home/runner/work/ozone/ozone/mnt/ozone/hadoop-ozone/integration-test/target/test-dir/MiniOzoneClusterImpl-47f02201-3656-42a8-b726-2c1689f4816b/datanode-1/data/ratis/2baeda0e-4055-46a0-b166-928675faaf16
2021-07-05 00:57:10,061 [pool-107-thread-1] INFO  server.RaftServerConfigKeys (ConfUtils.java:logGet(44)) - raft.server.log.queue.byte-limit = 2147483647 (custom)
2021-07-05 00:57:10,061 [pool-107-thread-1] INFO  server.RaftServerConfigKeys (ConfUtils.java:logGet(44)) - raft.server.log.queue.element-limit = 1024 (custom)
2021-07-05 00:57:10,061 [pool-107-thread-1] INFO  server.RaftServerConfigKeys (ConfUtils.java:logGet(44)) - raft.server.log.segment.size.max = 1048576 (custom)
2021-07-05 00:57:10,061 [pool-107-thread-1] INFO  server.RaftServerConfigKeys (ConfUtils.java:logGet(44)) - raft.server.log.preallocated.size = 16384 (custom)
2021-07-05 00:57:10,061 [pool-107-thread-1] INFO  server.RaftServerConfigKeys (ConfUtils.java:logGet(44)) - raft.server.log.force.sync.num = 128 (default)
2021-07-05 00:57:10,061 [pool-107-thread-1] INFO  server.RaftServerConfigKeys (ConfUtils.java:logGet(44)) - raft.server.log.statemachine.data.sync = true (default)
2021-07-05 00:57:10,061 [pool-107-thread-1] INFO  server.RaftServerConfigKeys (ConfUtils.java:logGet(44)) - raft.server.log.statemachine.data.sync.timeout = 10s (default)
2021-07-05 00:57:10,061 [pool-107-thread-1] INFO  server.RaftServerConfigKeys (ConfUtils.java:logGet(44)) - raft.server.log.statemachine.data.sync.timeout.retry = -1 (default)
2021-07-05 00:57:10,069 [pool-130-thread-1] INFO  server.RaftServerConfigKeys (ConfUtils.java:logGet(44)) - raft.server.snapshot.auto.trigger.enabled = true (custom)
2021-07-05 00:57:10,069 [pool-130-thread-1] INFO  server.RaftServerConfigKeys (ConfUtils.java:logGet(44)) - raft.server.snapshot.auto.trigger.threshold = 10000 (custom)
2021-07-05 00:57:10,069 [pool-130-thread-1] INFO  server.RaftServerConfigKeys (ConfUtils.java:logGet(44)) - raft.server.snapshot.retention.file.num = 5 (custom)
2021-07-05 00:57:10,069 [pool-130-thread-1] INFO  server.RaftServerConfigKeys (ConfUtils.java:logGet(44)) - raft.server.log.purge.upto.snapshot.index = false (default)
2021-07-05 00:57:10,069 [pool-130-thread-1] INFO  server.RaftServerConfigKeys (ConfUtils.java:logGet(44)) - raft.server.retrycache.expirytime = 600000ms (custom)
2021-07-05 00:57:10,069 [pool-130-thread-1] INFO  server.RaftServerConfigKeys (ConfUtils.java:logGet(44)) - raft.server.retrycache.statistics.expirytime = 100μs (default)
2021-07-05 00:57:10,069 [pool-130-thread-1] INFO  metrics.RatisMetrics (RatisMetrics.java:lambda$create$0(36)) - Creating Metrics Registry : ratis.leader_election.65d645ba-2b71-4ad7-bc66-74fd2328f6a5@group-6FF6A8ECCE1E
2021-07-05 00:57:10,070 [pool-130-thread-1] INFO  metrics.RatisMetrics (RatisMetrics.java:lambda$create$0(36)) - Creating Metrics Registry : ratis.server.65d645ba-2b71-4ad7-bc66-74fd2328f6a5@group-6FF6A8ECCE1E
2021-07-05 00:57:10,070 [pool-130-thread-1] INFO  server.RaftServer$Division (RaftServerImpl.java:start(295)) - 65d645ba-2b71-4ad7-bc66-74fd2328f6a5@group-6FF6A8ECCE1E: start as a follower, conf=-1: [65d645ba-2b71-4ad7-bc66-74fd2328f6a5|rpc:127.0.0.1:36069|priority:1], old=null
2021-07-05 00:57:10,071 [pool-130-thread-1] INFO  server.RaftServer$Division (RaftServerImpl.java:setRole(284)) - 65d645ba-2b71-4ad7-bc66-74fd2328f6a5@group-6FF6A8ECCE1E: changes role from      null to FOLLOWER at term 0 for startAsFollower
2021-07-05 00:57:10,071 [pool-130-thread-1] INFO  impl.RoleInfo (RoleInfo.java:updateAndGet(130)) - 65d645ba-2b71-4ad7-bc66-74fd2328f6a5: start 65d645ba-2b71-4ad7-bc66-74fd2328f6a5@group-6FF6A8ECCE1E-FollowerState
2021-07-05 00:57:10,074 [pool-130-thread-1] INFO  util.JmxRegister (JmxRegister.java:tryRegister(44)) - Successfully registered JMX Bean with object name Ratis:service=RaftServer,group=group-6FF6A8ECCE1E,id=65d645ba-2b71-4ad7-bc66-74fd2328f6a5
2021-07-05 00:57:10,074 [pool-130-thread-1] INFO  metrics.RatisMetrics (RatisMetrics.java:lambda$create$0(36)) - Creating Metrics Registry : ratis.state_machine.65d645ba-2b71-4ad7-bc66-74fd2328f6a5@group-6FF6A8ECCE1E
2021-07-05 00:57:10,075 [Command processor thread] INFO  metrics.RatisMetrics (RatisMetrics.java:lambda$create$0(36)) - Creating Metrics Registry : ratis.client_message_metrics.client-0704FD179EA3->65d645ba-2b71-4ad7-bc66-74fd2328f6a5
2021-07-05 00:57:10,079 [pool-107-thread-1] INFO  server.RaftServerConfigKeys (ConfUtils.java:logGet(44)) - raft.server.log.write.buffer.size = 1048576 (custom)
2021-07-05 00:57:10,080 [pool-107-thread-1] INFO  server.RaftServerConfigKeys (ConfUtils.java:logGet(44)) - raft.server.log.statemachine.data.caching.enabled = true (custom)
2021-07-05 00:57:10,080 [pool-107-thread-1] INFO  segmented.SegmentedRaftLogWorker (SegmentedRaftLogWorker.java:lambda$new$0(133)) - b549a9a8-3457-4b53-9703-c9fae2cc989c@group-928675FAAF16-SegmentedRaftLogWorker: flushIndex: setUnconditionally 0 -> -1
2021-07-05 00:57:10,081 [pool-107-thread-1] INFO  segmented.SegmentedRaftLogWorker (SegmentedRaftLogWorker.java:lambda$new$0(133)) - b549a9a8-3457-4b53-9703-c9fae2cc989c@group-928675FAAF16-SegmentedRaftLogWorker: safeCacheEvictIndex: setUnconditionally 0 -> -1
2021-07-05 00:57:10,081 [pool-107-thread-1] INFO  server.RaftServerConfigKeys (ConfUtils.java:logGet(44)) - raft.server.snapshot.auto.trigger.enabled = true (custom)
2021-07-05 00:57:10,081 [pool-107-thread-1] INFO  server.RaftServerConfigKeys (ConfUtils.java:logGet(44)) - raft.server.snapshot.auto.trigger.threshold = 10000 (custom)
2021-07-05 00:57:10,081 [pool-107-thread-1] INFO  server.RaftServerConfigKeys (ConfUtils.java:logGet(44)) - raft.server.snapshot.retention.file.num = 5 (custom)
2021-07-05 00:57:10,081 [pool-107-thread-1] INFO  server.RaftServerConfigKeys (ConfUtils.java:logGet(44)) - raft.server.log.purge.upto.snapshot.index = false (default)
2021-07-05 00:57:10,081 [pool-107-thread-1] INFO  server.RaftServerConfigKeys (ConfUtils.java:logGet(44)) - raft.server.retrycache.expirytime = 600000ms (custom)
2021-07-05 00:57:10,081 [pool-107-thread-1] INFO  server.RaftServerConfigKeys (ConfUtils.java:logGet(44)) - raft.server.retrycache.statistics.expirytime = 100μs (default)
2021-07-05 00:57:10,081 [pool-107-thread-1] INFO  metrics.RatisMetrics (RatisMetrics.java:lambda$create$0(36)) - Creating Metrics Registry : ratis.leader_election.b549a9a8-3457-4b53-9703-c9fae2cc989c@group-928675FAAF16
2021-07-05 00:57:10,082 [pool-107-thread-1] INFO  metrics.RatisMetrics (RatisMetrics.java:lambda$create$0(36)) - Creating Metrics Registry : ratis.server.b549a9a8-3457-4b53-9703-c9fae2cc989c@group-928675FAAF16
2021-07-05 00:57:10,083 [pool-107-thread-1] INFO  server.RaftServer$Division (RaftServerImpl.java:start(295)) - b549a9a8-3457-4b53-9703-c9fae2cc989c@group-928675FAAF16: start as a follower, conf=-1: [4428f99b-3864-401a-a30b-d8207dc31cfa|rpc:127.0.0.1:40939|priority:0, b549a9a8-3457-4b53-9703-c9fae2cc989c|rpc:127.0.0.1:44095|priority:0, 65d645ba-2b71-4ad7-bc66-74fd2328f6a5|rpc:127.0.0.1:36069|priority:1], old=null
2021-07-05 00:57:10,083 [pool-107-thread-1] INFO  server.RaftServer$Division (RaftServerImpl.java:setRole(284)) - b549a9a8-3457-4b53-9703-c9fae2cc989c@group-928675FAAF16: changes role from      null to FOLLOWER at term 0 for startAsFollower
2021-07-05 00:57:10,083 [pool-107-thread-1] INFO  impl.RoleInfo (RoleInfo.java:updateAndGet(130)) - b549a9a8-3457-4b53-9703-c9fae2cc989c: start b549a9a8-3457-4b53-9703-c9fae2cc989c@group-928675FAAF16-FollowerState
2021-07-05 00:57:10,087 [Command processor thread] INFO  ratis.XceiverServerRatis (XceiverServerRatis.java:addGroup(759)) - Created group PipelineID=375cd340-fc76-474b-9a4e-6ff6a8ecce1e
2021-07-05 00:57:10,088 [Command processor thread] INFO  commandhandler.CreatePipelineCommandHandler (CreatePipelineCommandHandler.java:handle(106)) - Created Pipeline RATIS ONE PipelineID=375cd340-fc76-474b-9a4e-6ff6a8ecce1e.
2021-07-05 00:57:10,089 [pool-107-thread-1] INFO  util.JmxRegister (JmxRegister.java:tryRegister(44)) - Successfully registered JMX Bean with object name Ratis:service=RaftServer,group=group-928675FAAF16,id=b549a9a8-3457-4b53-9703-c9fae2cc989c
2021-07-05 00:57:10,089 [pool-107-thread-1] INFO  metrics.RatisMetrics (RatisMetrics.java:lambda$create$0(36)) - Creating Metrics Registry : ratis.state_machine.b549a9a8-3457-4b53-9703-c9fae2cc989c@group-928675FAAF16
2021-07-05 00:57:10,089 [Command processor thread] INFO  server.RaftServer (RaftServerProxy.java:addNew(95)) - 65d645ba-2b71-4ad7-bc66-74fd2328f6a5: addNew group-49C9F103C6FA:[4428f99b-3864-401a-a30b-d8207dc31cfa|rpc:127.0.0.1:40939|priority:0, b549a9a8-3457-4b53-9703-c9fae2cc989c|rpc:127.0.0.1:44095|priority:1, 65d645ba-2b71-4ad7-bc66-74fd2328f6a5|rpc:127.0.0.1:36069|priority:0] returns group-49C9F103C6FA:java.util.concurrent.CompletableFuture@ce3a1fb[Not completed]
2021-07-05 00:57:10,090 [Command processor thread] INFO  ratis.XceiverServerRatis (XceiverServerRatis.java:addGroup(759)) - Created group PipelineID=2baeda0e-4055-46a0-b166-928675faaf16
2021-07-05 00:57:10,091 [Command processor thread] INFO  metrics.RatisMetrics (RatisMetrics.java:lambda$create$0(36)) - Creating Metrics Registry : ratis.client_message_metrics.client-D9517B5B9E18->65d645ba-2b71-4ad7-bc66-74fd2328f6a5
2021-07-05 00:57:10,090 [pool-130-thread-1] INFO  server.RaftServer$Division (RaftServerImpl.java:<init>(180)) - 65d645ba-2b71-4ad7-bc66-74fd2328f6a5: new RaftServerImpl for group-49C9F103C6FA:[4428f99b-3864-401a-a30b-d8207dc31cfa|rpc:127.0.0.1:40939|priority:0, b549a9a8-3457-4b53-9703-c9fae2cc989c|rpc:127.0.0.1:44095|priority:1, 65d645ba-2b71-4ad7-bc66-74fd2328f6a5|rpc:127.0.0.1:36069|priority:0] with ContainerStateMachine:uninitialized
2021-07-05 00:57:10,092 [pool-130-thread-1] INFO  server.RaftServerConfigKeys (ConfUtils.java:logGet(44)) - raft.server.rpc.timeout.min = 5s (custom)
2021-07-05 00:57:10,092 [pool-130-thread-1] INFO  server.RaftServerConfigKeys (ConfUtils.java:logGet(44)) - raft.server.rpc.timeout.max = 5200ms (custom)
2021-07-05 00:57:10,093 [pool-130-thread-1] INFO  server.RaftServerConfigKeys (ConfUtils.java:logGet(44)) - raft.server.rpc.sleep.time = 25ms (default)
2021-07-05 00:57:10,093 [pool-130-thread-1] INFO  server.RaftServerConfigKeys (ConfUtils.java:logGet(44)) - raft.server.rpc.slowness.timeout = 300s (custom)
2021-07-05 00:57:10,093 [pool-130-thread-1] INFO  server.RaftServerConfigKeys (ConfUtils.java:logGet(44)) - raft.server.leaderelection.leader.step-down.wait-time = 10s (default)
2021-07-05 00:57:10,093 [pool-130-thread-1] INFO  server.RaftServerConfigKeys (ConfUtils.java:logGet(44)) - raft.server.sleep.deviation.threshold = 300ms (default)
2021-07-05 00:57:10,093 [pool-130-thread-1] INFO  server.RaftServerConfigKeys (ConfUtils.java:logGet(44)) - raft.server.log.appender.install.snapshot.enabled = false (custom)
2021-07-05 00:57:10,093 [pool-130-thread-1] INFO  server.RaftServer$Division (ServerState.java:<init>(105)) - 65d645ba-2b71-4ad7-bc66-74fd2328f6a5@group-49C9F103C6FA: ConfigurationManager, init=-1: [4428f99b-3864-401a-a30b-d8207dc31cfa|rpc:127.0.0.1:40939|priority:0, b549a9a8-3457-4b53-9703-c9fae2cc989c|rpc:127.0.0.1:44095|priority:1, 65d645ba-2b71-4ad7-bc66-74fd2328f6a5|rpc:127.0.0.1:36069|priority:0], old=null, confs=<EMPTY_MAP>
2021-07-05 00:57:10,093 [pool-130-thread-1] INFO  server.RaftServerConfigKeys (ConfUtils.java:logGet(44)) - raft.server.storage.dir = [/home/runner/work/ozone/ozone/mnt/ozone/hadoop-ozone/integration-test/target/test-dir/MiniOzoneClusterImpl-47f02201-3656-42a8-b726-2c1689f4816b/datanode-2/data/ratis] (custom)
2021-07-05 00:57:10,093 [pool-130-thread-1] INFO  server.RaftServerConfigKeys (ConfUtils.java:logGet(44)) - raft.server.log.corruption.policy = EXCEPTION (default)
2021-07-05 00:57:10,093 [pool-130-thread-1] INFO  storage.RaftStorageDirectory (RaftStorageDirectoryImpl.java:analyzeStorage(132)) - The storage directory /home/runner/work/ozone/ozone/mnt/ozone/hadoop-ozone/integration-test/target/test-dir/MiniOzoneClusterImpl-47f02201-3656-42a8-b726-2c1689f4816b/datanode-2/data/ratis/d654393b-6ac2-4eb1-945d-49c9f103c6fa does not exist. Creating ...
2021-07-05 00:57:10,094 [grpc-default-executor-0] INFO  metrics.RatisMetrics (RatisMetrics.java:lambda$create$0(36)) - Creating Metrics Registry : ratis.server_message_metrics.65d645ba-2b71-4ad7-bc66-74fd2328f6a5
2021-07-05 00:57:10,096 [pool-130-thread-1] INFO  storage.RaftStorageDirectory (RaftStorageDirectoryImpl.java:tryLock(215)) - Lock on /home/runner/work/ozone/ozone/mnt/ozone/hadoop-ozone/integration-test/target/test-dir/MiniOzoneClusterImpl-47f02201-3656-42a8-b726-2c1689f4816b/datanode-2/data/ratis/d654393b-6ac2-4eb1-945d-49c9f103c6fa/in_use.lock acquired by nodename 4351@fv-az291-681
2021-07-05 00:57:10,105 [pool-130-thread-1] INFO  storage.RaftStorage (RaftStorageImpl.java:format(87)) - Storage directory /home/runner/work/ozone/ozone/mnt/ozone/hadoop-ozone/integration-test/target/test-dir/MiniOzoneClusterImpl-47f02201-3656-42a8-b726-2c1689f4816b/datanode-2/data/ratis/d654393b-6ac2-4eb1-945d-49c9f103c6fa has been successfully formatted.
2021-07-05 00:57:10,107 [EventQueue-OpenPipelineForHealthyPipelineSafeModeRule] INFO  safemode.SCMSafeModeManager (HealthyPipelineSafeModeRule.java:process(124)) - SCM in safe mode. Healthy pipelines reported count is 0, required healthy pipeline reported count is 1
2021-07-05 00:57:10,107 [EventQueue-OpenPipelineForHealthyPipelineSafeModeRule] INFO  safemode.SCMSafeModeManager (HealthyPipelineSafeModeRule.java:process(124)) - SCM in safe mode. Healthy pipelines reported count is 0, required healthy pipeline reported count is 1
2021-07-05 00:57:10,107 [pool-130-thread-1] INFO  ratis.ContainerStateMachine (ContainerStateMachine.java:loadSnapshot(223)) - group-49C9F103C6FA: The snapshot info is null. Setting the last applied indexto:(t:0, i:~)
2021-07-05 00:57:10,107 [pool-130-thread-1] INFO  server.RaftServerConfigKeys (ConfUtils.java:logGet(44)) - raft.server.notification.no-leader.timeout = 300s (custom)
2021-07-05 00:57:10,108 [pool-130-thread-1] INFO  server.RaftServerConfigKeys (ConfUtils.java:logGet(44)) - raft.server.log.use.memory = false (default)
2021-07-05 00:57:10,108 [pool-130-thread-1] INFO  server.RaftServerConfigKeys (ConfUtils.java:logGet(44)) - raft.server.log.purge.gap = 1000000 (custom)
2021-07-05 00:57:10,108 [pool-130-thread-1] INFO  server.RaftServerConfigKeys (ConfUtils.java:logGet(44)) - raft.server.log.appender.buffer.byte-limit = 33554432 (custom)
2021-07-05 00:57:10,108 [pool-130-thread-1] INFO  metrics.RatisMetrics (RatisMetrics.java:lambda$create$0(36)) - Creating Metrics Registry : ratis.log_worker.65d645ba-2b71-4ad7-bc66-74fd2328f6a5@group-49C9F103C6FA
2021-07-05 00:57:10,108 [pool-130-thread-1] INFO  server.RaftServerConfigKeys (ConfUtils.java:logGet(44)) - raft.server.log.segment.size.max = 1048576 (custom)
2021-07-05 00:57:10,109 [pool-130-thread-1] INFO  server.RaftServerConfigKeys (ConfUtils.java:logGet(44)) - raft.server.log.segment.cache.num.max = 2 (custom)
2021-07-05 00:57:10,109 [pool-130-thread-1] INFO  server.RaftServerConfigKeys (ConfUtils.java:logGet(44)) - raft.server.log.segment.cache.size.max = 200MB (=209715200) (default)
2021-07-05 00:57:10,109 [pool-130-thread-1] INFO  segmented.SegmentedRaftLogWorker (SegmentedRaftLogWorker.java:<init>(182)) - new 65d645ba-2b71-4ad7-bc66-74fd2328f6a5@group-49C9F103C6FA-SegmentedRaftLogWorker for RaftStorageImpl:Storage Directory /home/runner/work/ozone/ozone/mnt/ozone/hadoop-ozone/integration-test/target/test-dir/MiniOzoneClusterImpl-47f02201-3656-42a8-b726-2c1689f4816b/datanode-2/data/ratis/d654393b-6ac2-4eb1-945d-49c9f103c6fa
2021-07-05 00:57:10,109 [pool-130-thread-1] INFO  server.RaftServerConfigKeys (ConfUtils.java:logGet(44)) - raft.server.log.queue.byte-limit = 2147483647 (custom)
2021-07-05 00:57:10,109 [pool-130-thread-1] INFO  server.RaftServerConfigKeys (ConfUtils.java:logGet(44)) - raft.server.log.queue.element-limit = 1024 (custom)
2021-07-05 00:57:10,109 [pool-130-thread-1] INFO  server.RaftServerConfigKeys (ConfUtils.java:logGet(44)) - raft.server.log.segment.size.max = 1048576 (custom)
2021-07-05 00:57:10,117 [pool-130-thread-1] INFO  server.RaftServerConfigKeys (ConfUtils.java:logGet(44)) - raft.server.log.preallocated.size = 16384 (custom)
2021-07-05 00:57:10,117 [pool-130-thread-1] INFO  server.RaftServerConfigKeys (ConfUtils.java:logGet(44)) - raft.server.log.force.sync.num = 128 (default)
2021-07-05 00:57:10,117 [pool-130-thread-1] INFO  server.RaftServerConfigKeys (ConfUtils.java:logGet(44)) - raft.server.log.statemachine.data.sync = true (default)
2021-07-05 00:57:10,117 [pool-130-thread-1] INFO  server.RaftServerConfigKeys (ConfUtils.java:logGet(44)) - raft.server.log.statemachine.data.sync.timeout = 10s (default)
2021-07-05 00:57:10,117 [pool-130-thread-1] INFO  server.RaftServerConfigKeys (ConfUtils.java:logGet(44)) - raft.server.log.statemachine.data.sync.timeout.retry = -1 (default)
2021-07-05 00:57:10,118 [pool-130-thread-1] INFO  server.RaftServerConfigKeys (ConfUtils.java:logGet(44)) - raft.server.log.write.buffer.size = 1048576 (custom)
2021-07-05 00:57:10,118 [pool-130-thread-1] INFO  server.RaftServerConfigKeys (ConfUtils.java:logGet(44)) - raft.server.log.statemachine.data.caching.enabled = true (custom)
2021-07-05 00:57:10,118 [pool-130-thread-1] INFO  segmented.SegmentedRaftLogWorker (SegmentedRaftLogWorker.java:lambda$new$0(133)) - 65d645ba-2b71-4ad7-bc66-74fd2328f6a5@group-49C9F103C6FA-SegmentedRaftLogWorker: flushIndex: setUnconditionally 0 -> -1
2021-07-05 00:57:10,118 [pool-130-thread-1] INFO  segmented.SegmentedRaftLogWorker (SegmentedRaftLogWorker.java:lambda$new$0(133)) - 65d645ba-2b71-4ad7-bc66-74fd2328f6a5@group-49C9F103C6FA-SegmentedRaftLogWorker: safeCacheEvictIndex: setUnconditionally 0 -> -1
2021-07-05 00:57:10,126 [pool-130-thread-1] INFO  server.RaftServerConfigKeys (ConfUtils.java:logGet(44)) - raft.server.snapshot.auto.trigger.enabled = true (custom)
2021-07-05 00:57:10,126 [pool-130-thread-1] INFO  server.RaftServerConfigKeys (ConfUtils.java:logGet(44)) - raft.server.snapshot.auto.trigger.threshold = 10000 (custom)
2021-07-05 00:57:10,128 [pool-130-thread-1] INFO  server.RaftServerConfigKeys (ConfUtils.java:logGet(44)) - raft.server.snapshot.retention.file.num = 5 (custom)
2021-07-05 00:57:10,128 [pool-130-thread-1] INFO  server.RaftServerConfigKeys (ConfUtils.java:logGet(44)) - raft.server.log.purge.upto.snapshot.index = false (default)
2021-07-05 00:57:10,128 [pool-130-thread-1] INFO  server.RaftServerConfigKeys (ConfUtils.java:logGet(44)) - raft.server.retrycache.expirytime = 600000ms (custom)
2021-07-05 00:57:10,128 [pool-130-thread-1] INFO  server.RaftServerConfigKeys (ConfUtils.java:logGet(44)) - raft.server.retrycache.statistics.expirytime = 100μs (default)
2021-07-05 00:57:10,128 [pool-130-thread-1] INFO  metrics.RatisMetrics (RatisMetrics.java:lambda$create$0(36)) - Creating Metrics Registry : ratis.leader_election.65d645ba-2b71-4ad7-bc66-74fd2328f6a5@group-49C9F103C6FA
2021-07-05 00:57:10,131 [pool-130-thread-1] INFO  metrics.RatisMetrics (RatisMetrics.java:lambda$create$0(36)) - Creating Metrics Registry : ratis.server.65d645ba-2b71-4ad7-bc66-74fd2328f6a5@group-49C9F103C6FA
2021-07-05 00:57:10,132 [pool-130-thread-1] INFO  server.RaftServer$Division (RaftServerImpl.java:start(295)) - 65d645ba-2b71-4ad7-bc66-74fd2328f6a5@group-49C9F103C6FA: start as a follower, conf=-1: [4428f99b-3864-401a-a30b-d8207dc31cfa|rpc:127.0.0.1:40939|priority:0, b549a9a8-3457-4b53-9703-c9fae2cc989c|rpc:127.0.0.1:44095|priority:1, 65d645ba-2b71-4ad7-bc66-74fd2328f6a5|rpc:127.0.0.1:36069|priority:0], old=null
2021-07-05 00:57:10,132 [pool-130-thread-1] INFO  server.RaftServer$Division (RaftServerImpl.java:setRole(284)) - 65d645ba-2b71-4ad7-bc66-74fd2328f6a5@group-49C9F103C6FA: changes role from      null to FOLLOWER at term 0 for startAsFollower
2021-07-05 00:57:10,132 [pool-130-thread-1] INFO  impl.RoleInfo (RoleInfo.java:updateAndGet(130)) - 65d645ba-2b71-4ad7-bc66-74fd2328f6a5: start 65d645ba-2b71-4ad7-bc66-74fd2328f6a5@group-49C9F103C6FA-FollowerState
2021-07-05 00:57:10,136 [pool-130-thread-1] INFO  util.JmxRegister (JmxRegister.java:tryRegister(44)) - Successfully registered JMX Bean with object name Ratis:service=RaftServer,group=group-49C9F103C6FA,id=65d645ba-2b71-4ad7-bc66-74fd2328f6a5
2021-07-05 00:57:10,136 [pool-130-thread-1] INFO  metrics.RatisMetrics (RatisMetrics.java:lambda$create$0(36)) - Creating Metrics Registry : ratis.state_machine.65d645ba-2b71-4ad7-bc66-74fd2328f6a5@group-49C9F103C6FA
2021-07-05 00:57:10,137 [Command processor thread] INFO  ratis.XceiverServerRatis (XceiverServerRatis.java:addGroup(759)) - Created group PipelineID=d654393b-6ac2-4eb1-945d-49c9f103c6fa
2021-07-05 00:57:10,139 [Command processor thread] INFO  metrics.RatisMetrics (RatisMetrics.java:lambda$create$0(36)) - Creating Metrics Registry : ratis.client_message_metrics.client-33EB3B5578CB->b549a9a8-3457-4b53-9703-c9fae2cc989c
2021-07-05 00:57:10,145 [grpc-default-executor-1] INFO  server.RaftServer (RaftServerProxy.java:addNew(95)) - 65d645ba-2b71-4ad7-bc66-74fd2328f6a5: addNew group-928675FAAF16:[4428f99b-3864-401a-a30b-d8207dc31cfa|rpc:127.0.0.1:40939|dataStream:|priority:0, b549a9a8-3457-4b53-9703-c9fae2cc989c|rpc:127.0.0.1:44095|dataStream:|priority:0, 65d645ba-2b71-4ad7-bc66-74fd2328f6a5|rpc:127.0.0.1:36069|dataStream:|priority:1] returns group-928675FAAF16:java.util.concurrent.CompletableFuture@6f2126f2[Not completed]
2021-07-05 00:57:10,146 [pool-130-thread-1] INFO  server.RaftServer$Division (RaftServerImpl.java:<init>(180)) - 65d645ba-2b71-4ad7-bc66-74fd2328f6a5: new RaftServerImpl for group-928675FAAF16:[4428f99b-3864-401a-a30b-d8207dc31cfa|rpc:127.0.0.1:40939|dataStream:|priority:0, b549a9a8-3457-4b53-9703-c9fae2cc989c|rpc:127.0.0.1:44095|dataStream:|priority:0, 65d645ba-2b71-4ad7-bc66-74fd2328f6a5|rpc:127.0.0.1:36069|dataStream:|priority:1] with ContainerStateMachine:uninitialized
2021-07-05 00:57:10,146 [pool-130-thread-1] INFO  server.RaftServerConfigKeys (ConfUtils.java:logGet(44)) - raft.server.rpc.timeout.min = 5s (custom)
2021-07-05 00:57:10,146 [pool-130-thread-1] INFO  server.RaftServerConfigKeys (ConfUtils.java:logGet(44)) - raft.server.rpc.timeout.max = 5200ms (custom)
2021-07-05 00:57:10,146 [pool-130-thread-1] INFO  server.RaftServerConfigKeys (ConfUtils.java:logGet(44)) - raft.server.rpc.sleep.time = 25ms (default)
2021-07-05 00:57:10,146 [pool-130-thread-1] INFO  server.RaftServerConfigKeys (ConfUtils.java:logGet(44)) - raft.server.rpc.slowness.timeout = 300s (custom)
2021-07-05 00:57:10,146 [pool-130-thread-1] INFO  server.RaftServerConfigKeys (ConfUtils.java:logGet(44)) - raft.server.leaderelection.leader.step-down.wait-time = 10s (default)
2021-07-05 00:57:10,146 [pool-130-thread-1] INFO  server.RaftServerConfigKeys (ConfUtils.java:logGet(44)) - raft.server.sleep.deviation.threshold = 300ms (default)
2021-07-05 00:57:10,146 [pool-130-thread-1] INFO  server.RaftServerConfigKeys (ConfUtils.java:logGet(44)) - raft.server.log.appender.install.snapshot.enabled = false (custom)
2021-07-05 00:57:10,146 [pool-130-thread-1] INFO  server.RaftServer$Division (ServerState.java:<init>(105)) - 65d645ba-2b71-4ad7-bc66-74fd2328f6a5@group-928675FAAF16: ConfigurationManager, init=-1: [4428f99b-3864-401a-a30b-d8207dc31cfa|rpc:127.0.0.1:40939|dataStream:|priority:0, b549a9a8-3457-4b53-9703-c9fae2cc989c|rpc:127.0.0.1:44095|dataStream:|priority:0, 65d645ba-2b71-4ad7-bc66-74fd2328f6a5|rpc:127.0.0.1:36069|dataStream:|priority:1], old=null, confs=<EMPTY_MAP>
2021-07-05 00:57:10,146 [pool-130-thread-1] INFO  server.RaftServerConfigKeys (ConfUtils.java:logGet(44)) - raft.server.storage.dir = [/home/runner/work/ozone/ozone/mnt/ozone/hadoop-ozone/integration-test/target/test-dir/MiniOzoneClusterImpl-47f02201-3656-42a8-b726-2c1689f4816b/datanode-2/data/ratis] (custom)
2021-07-05 00:57:10,147 [pool-130-thread-1] INFO  server.RaftServerConfigKeys (ConfUtils.java:logGet(44)) - raft.server.log.corruption.policy = EXCEPTION (default)
2021-07-05 00:57:10,147 [pool-130-thread-1] INFO  storage.RaftStorageDirectory (RaftStorageDirectoryImpl.java:analyzeStorage(132)) - The storage directory /home/runner/work/ozone/ozone/mnt/ozone/hadoop-ozone/integration-test/target/test-dir/MiniOzoneClusterImpl-47f02201-3656-42a8-b726-2c1689f4816b/datanode-2/data/ratis/2baeda0e-4055-46a0-b166-928675faaf16 does not exist. Creating ...
2021-07-05 00:57:10,153 [pool-130-thread-1] INFO  storage.RaftStorageDirectory (RaftStorageDirectoryImpl.java:tryLock(215)) - Lock on /home/runner/work/ozone/ozone/mnt/ozone/hadoop-ozone/integration-test/target/test-dir/MiniOzoneClusterImpl-47f02201-3656-42a8-b726-2c1689f4816b/datanode-2/data/ratis/2baeda0e-4055-46a0-b166-928675faaf16/in_use.lock acquired by nodename 4351@fv-az291-681
2021-07-05 00:57:10,157 [pool-130-thread-1] INFO  storage.RaftStorage (RaftStorageImpl.java:format(87)) - Storage directory /home/runner/work/ozone/ozone/mnt/ozone/hadoop-ozone/integration-test/target/test-dir/MiniOzoneClusterImpl-47f02201-3656-42a8-b726-2c1689f4816b/datanode-2/data/ratis/2baeda0e-4055-46a0-b166-928675faaf16 has been successfully formatted.
2021-07-05 00:57:10,159 [EventQueue-OpenPipelineForHealthyPipelineSafeModeRule] INFO  safemode.SCMSafeModeManager (HealthyPipelineSafeModeRule.java:process(124)) - SCM in safe mode. Healthy pipelines reported count is 0, required healthy pipeline reported count is 1
2021-07-05 00:57:10,161 [EventQueue-OpenPipelineForHealthyPipelineSafeModeRule] INFO  safemode.SCMSafeModeManager (HealthyPipelineSafeModeRule.java:process(124)) - SCM in safe mode. Healthy pipelines reported count is 0, required healthy pipeline reported count is 1
2021-07-05 00:57:10,161 [pool-130-thread-1] INFO  ratis.ContainerStateMachine (ContainerStateMachine.java:loadSnapshot(223)) - group-928675FAAF16: The snapshot info is null. Setting the last applied indexto:(t:0, i:~)
2021-07-05 00:57:10,161 [pool-130-thread-1] INFO  server.RaftServerConfigKeys (ConfUtils.java:logGet(44)) - raft.server.notification.no-leader.timeout = 300s (custom)
2021-07-05 00:57:10,162 [pool-130-thread-1] INFO  server.RaftServerConfigKeys (ConfUtils.java:logGet(44)) - raft.server.log.use.memory = false (default)
2021-07-05 00:57:10,162 [pool-130-thread-1] INFO  server.RaftServerConfigKeys (ConfUtils.java:logGet(44)) - raft.server.log.purge.gap = 1000000 (custom)
2021-07-05 00:57:10,162 [pool-130-thread-1] INFO  server.RaftServerConfigKeys (ConfUtils.java:logGet(44)) - raft.server.log.appender.buffer.byte-limit = 33554432 (custom)
2021-07-05 00:57:10,162 [pool-130-thread-1] INFO  metrics.RatisMetrics (RatisMetrics.java:lambda$create$0(36)) - Creating Metrics Registry : ratis.log_worker.65d645ba-2b71-4ad7-bc66-74fd2328f6a5@group-928675FAAF16
2021-07-05 00:57:10,162 [pool-130-thread-1] INFO  server.RaftServerConfigKeys (ConfUtils.java:logGet(44)) - raft.server.log.segment.size.max = 1048576 (custom)
2021-07-05 00:57:10,163 [pool-130-thread-1] INFO  server.RaftServerConfigKeys (ConfUtils.java:logGet(44)) - raft.server.log.segment.cache.num.max = 2 (custom)
2021-07-05 00:57:10,163 [pool-130-thread-1] INFO  server.RaftServerConfigKeys (ConfUtils.java:logGet(44)) - raft.server.log.segment.cache.size.max = 200MB (=209715200) (default)
2021-07-05 00:57:10,163 [pool-130-thread-1] INFO  segmented.SegmentedRaftLogWorker (SegmentedRaftLogWorker.java:<init>(182)) - new 65d645ba-2b71-4ad7-bc66-74fd2328f6a5@group-928675FAAF16-SegmentedRaftLogWorker for RaftStorageImpl:Storage Directory /home/runner/work/ozone/ozone/mnt/ozone/hadoop-ozone/integration-test/target/test-dir/MiniOzoneClusterImpl-47f02201-3656-42a8-b726-2c1689f4816b/datanode-2/data/ratis/2baeda0e-4055-46a0-b166-928675faaf16
2021-07-05 00:57:10,163 [pool-130-thread-1] INFO  server.RaftServerConfigKeys (ConfUtils.java:logGet(44)) - raft.server.log.queue.byte-limit = 2147483647 (custom)
2021-07-05 00:57:10,163 [pool-130-thread-1] INFO  server.RaftServerConfigKeys (ConfUtils.java:logGet(44)) - raft.server.log.queue.element-limit = 1024 (custom)
2021-07-05 00:57:10,163 [pool-130-thread-1] INFO  server.RaftServerConfigKeys (ConfUtils.java:logGet(44)) - raft.server.log.segment.size.max = 1048576 (custom)
2021-07-05 00:57:10,163 [pool-130-thread-1] INFO  server.RaftServerConfigKeys (ConfUtils.java:logGet(44)) - raft.server.log.preallocated.size = 16384 (custom)
2021-07-05 00:57:10,163 [pool-130-thread-1] INFO  server.RaftServerConfigKeys (ConfUtils.java:logGet(44)) - raft.server.log.force.sync.num = 128 (default)
2021-07-05 00:57:10,163 [pool-130-thread-1] INFO  server.RaftServerConfigKeys (ConfUtils.java:logGet(44)) - raft.server.log.statemachine.data.sync = true (default)
2021-07-05 00:57:10,171 [pool-130-thread-1] INFO  server.RaftServerConfigKeys (ConfUtils.java:logGet(44)) - raft.server.log.statemachine.data.sync.timeout = 10s (default)
2021-07-05 00:57:10,171 [pool-130-thread-1] INFO  server.RaftServerConfigKeys (ConfUtils.java:logGet(44)) - raft.server.log.statemachine.data.sync.timeout.retry = -1 (default)
2021-07-05 00:57:10,172 [pool-130-thread-1] INFO  server.RaftServerConfigKeys (ConfUtils.java:logGet(44)) - raft.server.log.write.buffer.size = 1048576 (custom)
2021-07-05 00:57:10,172 [pool-130-thread-1] INFO  server.RaftServerConfigKeys (ConfUtils.java:logGet(44)) - raft.server.log.statemachine.data.caching.enabled = true (custom)
2021-07-05 00:57:10,173 [pool-130-thread-1] INFO  segmented.SegmentedRaftLogWorker (SegmentedRaftLogWorker.java:lambda$new$0(133)) - 65d645ba-2b71-4ad7-bc66-74fd2328f6a5@group-928675FAAF16-SegmentedRaftLogWorker: flushIndex: setUnconditionally 0 -> -1
2021-07-05 00:57:10,173 [pool-130-thread-1] INFO  segmented.SegmentedRaftLogWorker (SegmentedRaftLogWorker.java:lambda$new$0(133)) - 65d645ba-2b71-4ad7-bc66-74fd2328f6a5@group-928675FAAF16-SegmentedRaftLogWorker: safeCacheEvictIndex: setUnconditionally 0 -> -1
2021-07-05 00:57:10,177 [pool-130-thread-1] INFO  server.RaftServerConfigKeys (ConfUtils.java:logGet(44)) - raft.server.snapshot.auto.trigger.enabled = true (custom)
2021-07-05 00:57:10,177 [pool-130-thread-1] INFO  server.RaftServerConfigKeys (ConfUtils.java:logGet(44)) - raft.server.snapshot.auto.trigger.threshold = 10000 (custom)
2021-07-05 00:57:10,177 [pool-130-thread-1] INFO  server.RaftServerConfigKeys (ConfUtils.java:logGet(44)) - raft.server.snapshot.retention.file.num = 5 (custom)
2021-07-05 00:57:10,177 [pool-130-thread-1] INFO  server.RaftServerConfigKeys (ConfUtils.java:logGet(44)) - raft.server.log.purge.upto.snapshot.index = false (default)
2021-07-05 00:57:10,177 [pool-130-thread-1] INFO  server.RaftServerConfigKeys (ConfUtils.java:logGet(44)) - raft.server.retrycache.expirytime = 600000ms (custom)
2021-07-05 00:57:10,177 [pool-130-thread-1] INFO  server.RaftServerConfigKeys (ConfUtils.java:logGet(44)) - raft.server.retrycache.statistics.expirytime = 100μs (default)
2021-07-05 00:57:10,177 [pool-130-thread-1] INFO  metrics.RatisMetrics (RatisMetrics.java:lambda$create$0(36)) - Creating Metrics Registry : ratis.leader_election.65d645ba-2b71-4ad7-bc66-74fd2328f6a5@group-928675FAAF16
2021-07-05 00:57:10,178 [pool-130-thread-1] INFO  metrics.RatisMetrics (RatisMetrics.java:lambda$create$0(36)) - Creating Metrics Registry : ratis.server.65d645ba-2b71-4ad7-bc66-74fd2328f6a5@group-928675FAAF16
2021-07-05 00:57:10,179 [pool-130-thread-1] INFO  server.RaftServer$Division (RaftServerImpl.java:start(295)) - 65d645ba-2b71-4ad7-bc66-74fd2328f6a5@group-928675FAAF16: start as a follower, conf=-1: [4428f99b-3864-401a-a30b-d8207dc31cfa|rpc:127.0.0.1:40939|dataStream:|priority:0, b549a9a8-3457-4b53-9703-c9fae2cc989c|rpc:127.0.0.1:44095|dataStream:|priority:0, 65d645ba-2b71-4ad7-bc66-74fd2328f6a5|rpc:127.0.0.1:36069|dataStream:|priority:1], old=null
2021-07-05 00:57:10,179 [pool-130-thread-1] INFO  server.RaftServer$Division (RaftServerImpl.java:setRole(284)) - 65d645ba-2b71-4ad7-bc66-74fd2328f6a5@group-928675FAAF16: changes role from      null to FOLLOWER at term 0 for startAsFollower
2021-07-05 00:57:10,179 [pool-130-thread-1] INFO  impl.RoleInfo (RoleInfo.java:updateAndGet(130)) - 65d645ba-2b71-4ad7-bc66-74fd2328f6a5: start 65d645ba-2b71-4ad7-bc66-74fd2328f6a5@group-928675FAAF16-FollowerState
2021-07-05 00:57:10,201 [pool-130-thread-1] INFO  util.JmxRegister (JmxRegister.java:tryRegister(44)) - Successfully registered JMX Bean with object name Ratis:service=RaftServer,group=group-928675FAAF16,id=65d645ba-2b71-4ad7-bc66-74fd2328f6a5
2021-07-05 00:57:10,201 [pool-130-thread-1] INFO  metrics.RatisMetrics (RatisMetrics.java:lambda$create$0(36)) - Creating Metrics Registry : ratis.state_machine.65d645ba-2b71-4ad7-bc66-74fd2328f6a5@group-928675FAAF16
2021-07-05 00:57:10,212 [Command processor thread] INFO  commandhandler.CreatePipelineCommandHandler (CreatePipelineCommandHandler.java:handle(106)) - Created Pipeline RATIS THREE PipelineID=d654393b-6ac2-4eb1-945d-49c9f103c6fa.
2021-07-05 00:57:10,213 [Command processor thread] INFO  server.RaftServer (RaftServerProxy.java:addNew(95)) - 4428f99b-3864-401a-a30b-d8207dc31cfa: addNew group-928675FAAF16:[4428f99b-3864-401a-a30b-d8207dc31cfa|rpc:127.0.0.1:40939|priority:0, b549a9a8-3457-4b53-9703-c9fae2cc989c|rpc:127.0.0.1:44095|priority:0, 65d645ba-2b71-4ad7-bc66-74fd2328f6a5|rpc:127.0.0.1:36069|priority:1] returns group-928675FAAF16:java.util.concurrent.CompletableFuture@45263323[Not completed]
2021-07-05 00:57:10,214 [pool-90-thread-1] INFO  server.RaftServer$Division (RaftServerImpl.java:<init>(180)) - 4428f99b-3864-401a-a30b-d8207dc31cfa: new RaftServerImpl for group-928675FAAF16:[4428f99b-3864-401a-a30b-d8207dc31cfa|rpc:127.0.0.1:40939|priority:0, b549a9a8-3457-4b53-9703-c9fae2cc989c|rpc:127.0.0.1:44095|priority:0, 65d645ba-2b71-4ad7-bc66-74fd2328f6a5|rpc:127.0.0.1:36069|priority:1] with ContainerStateMachine:uninitialized
2021-07-05 00:57:10,214 [pool-90-thread-1] INFO  server.RaftServerConfigKeys (ConfUtils.java:logGet(44)) - raft.server.rpc.timeout.min = 5s (custom)
2021-07-05 00:57:10,214 [pool-90-thread-1] INFO  server.RaftServerConfigKeys (ConfUtils.java:logGet(44)) - raft.server.rpc.timeout.max = 5200ms (custom)
2021-07-05 00:57:10,214 [pool-90-thread-1] INFO  server.RaftServerConfigKeys (ConfUtils.java:logGet(44)) - raft.server.rpc.sleep.time = 25ms (default)
2021-07-05 00:57:10,214 [pool-90-thread-1] INFO  server.RaftServerConfigKeys (ConfUtils.java:logGet(44)) - raft.server.rpc.slowness.timeout = 300s (custom)
2021-07-05 00:57:10,214 [pool-90-thread-1] INFO  server.RaftServerConfigKeys (ConfUtils.java:logGet(44)) - raft.server.leaderelection.leader.step-down.wait-time = 10s (default)
2021-07-05 00:57:10,214 [pool-90-thread-1] INFO  server.RaftServerConfigKeys (ConfUtils.java:logGet(44)) - raft.server.sleep.deviation.threshold = 300ms (default)
2021-07-05 00:57:10,214 [pool-90-thread-1] INFO  server.RaftServerConfigKeys (ConfUtils.java:logGet(44)) - raft.server.log.appender.install.snapshot.enabled = false (custom)
2021-07-05 00:57:10,215 [pool-90-thread-1] INFO  server.RaftServer$Division (ServerState.java:<init>(105)) - 4428f99b-3864-401a-a30b-d8207dc31cfa@group-928675FAAF16: ConfigurationManager, init=-1: [4428f99b-3864-401a-a30b-d8207dc31cfa|rpc:127.0.0.1:40939|priority:0, b549a9a8-3457-4b53-9703-c9fae2cc989c|rpc:127.0.0.1:44095|priority:0, 65d645ba-2b71-4ad7-bc66-74fd2328f6a5|rpc:127.0.0.1:36069|priority:1], old=null, confs=<EMPTY_MAP>
2021-07-05 00:57:10,215 [pool-90-thread-1] INFO  server.RaftServerConfigKeys (ConfUtils.java:logGet(44)) - raft.server.storage.dir = [/home/runner/work/ozone/ozone/mnt/ozone/hadoop-ozone/integration-test/target/test-dir/MiniOzoneClusterImpl-47f02201-3656-42a8-b726-2c1689f4816b/datanode-0/data/ratis] (custom)
2021-07-05 00:57:10,215 [pool-90-thread-1] INFO  server.RaftServerConfigKeys (ConfUtils.java:logGet(44)) - raft.server.log.corruption.policy = EXCEPTION (default)
2021-07-05 00:57:10,215 [pool-90-thread-1] INFO  storage.RaftStorageDirectory (RaftStorageDirectoryImpl.java:analyzeStorage(132)) - The storage directory /home/runner/work/ozone/ozone/mnt/ozone/hadoop-ozone/integration-test/target/test-dir/MiniOzoneClusterImpl-47f02201-3656-42a8-b726-2c1689f4816b/datanode-0/data/ratis/2baeda0e-4055-46a0-b166-928675faaf16 does not exist. Creating ...
2021-07-05 00:57:10,220 [pool-90-thread-1] INFO  storage.RaftStorageDirectory (RaftStorageDirectoryImpl.java:tryLock(215)) - Lock on /home/runner/work/ozone/ozone/mnt/ozone/hadoop-ozone/integration-test/target/test-dir/MiniOzoneClusterImpl-47f02201-3656-42a8-b726-2c1689f4816b/datanode-0/data/ratis/2baeda0e-4055-46a0-b166-928675faaf16/in_use.lock acquired by nodename 4351@fv-az291-681
2021-07-05 00:57:10,222 [pool-90-thread-1] INFO  storage.RaftStorage (RaftStorageImpl.java:format(87)) - Storage directory /home/runner/work/ozone/ozone/mnt/ozone/hadoop-ozone/integration-test/target/test-dir/MiniOzoneClusterImpl-47f02201-3656-42a8-b726-2c1689f4816b/datanode-0/data/ratis/2baeda0e-4055-46a0-b166-928675faaf16 has been successfully formatted.
2021-07-05 00:57:10,227 [pool-90-thread-1] INFO  ratis.ContainerStateMachine (ContainerStateMachine.java:loadSnapshot(223)) - group-928675FAAF16: The snapshot info is null. Setting the last applied indexto:(t:0, i:~)
2021-07-05 00:57:10,227 [pool-90-thread-1] INFO  server.RaftServerConfigKeys (ConfUtils.java:logGet(44)) - raft.server.notification.no-leader.timeout = 300s (custom)
2021-07-05 00:57:10,227 [pool-90-thread-1] INFO  server.RaftServerConfigKeys (ConfUtils.java:logGet(44)) - raft.server.log.use.memory = false (default)
2021-07-05 00:57:10,227 [pool-90-thread-1] INFO  server.RaftServerConfigKeys (ConfUtils.java:logGet(44)) - raft.server.log.purge.gap = 1000000 (custom)
2021-07-05 00:57:10,228 [pool-90-thread-1] INFO  server.RaftServerConfigKeys (ConfUtils.java:logGet(44)) - raft.server.log.appender.buffer.byte-limit = 33554432 (custom)
2021-07-05 00:57:10,228 [pool-90-thread-1] INFO  metrics.RatisMetrics (RatisMetrics.java:lambda$create$0(36)) - Creating Metrics Registry : ratis.log_worker.4428f99b-3864-401a-a30b-d8207dc31cfa@group-928675FAAF16
2021-07-05 00:57:10,228 [EventQueue-OpenPipelineForHealthyPipelineSafeModeRule] INFO  safemode.SCMSafeModeManager (HealthyPipelineSafeModeRule.java:process(124)) - SCM in safe mode. Healthy pipelines reported count is 0, required healthy pipeline reported count is 1
2021-07-05 00:57:10,228 [pool-90-thread-1] INFO  server.RaftServerConfigKeys (ConfUtils.java:logGet(44)) - raft.server.log.segment.size.max = 1048576 (custom)
2021-07-05 00:57:10,229 [pool-90-thread-1] INFO  server.RaftServerConfigKeys (ConfUtils.java:logGet(44)) - raft.server.log.segment.cache.num.max = 2 (custom)
2021-07-05 00:57:10,229 [pool-90-thread-1] INFO  server.RaftServerConfigKeys (ConfUtils.java:logGet(44)) - raft.server.log.segment.cache.size.max = 200MB (=209715200) (default)
2021-07-05 00:57:10,229 [pool-90-thread-1] INFO  segmented.SegmentedRaftLogWorker (SegmentedRaftLogWorker.java:<init>(182)) - new 4428f99b-3864-401a-a30b-d8207dc31cfa@group-928675FAAF16-SegmentedRaftLogWorker for RaftStorageImpl:Storage Directory /home/runner/work/ozone/ozone/mnt/ozone/hadoop-ozone/integration-test/target/test-dir/MiniOzoneClusterImpl-47f02201-3656-42a8-b726-2c1689f4816b/datanode-0/data/ratis/2baeda0e-4055-46a0-b166-928675faaf16
2021-07-05 00:57:10,229 [pool-90-thread-1] INFO  server.RaftServerConfigKeys (ConfUtils.java:logGet(44)) - raft.server.log.queue.byte-limit = 2147483647 (custom)
2021-07-05 00:57:10,229 [pool-90-thread-1] INFO  server.RaftServerConfigKeys (ConfUtils.java:logGet(44)) - raft.server.log.queue.element-limit = 1024 (custom)
2021-07-05 00:57:10,229 [pool-90-thread-1] INFO  server.RaftServerConfigKeys (ConfUtils.java:logGet(44)) - raft.server.log.segment.size.max = 1048576 (custom)
2021-07-05 00:57:10,230 [pool-90-thread-1] INFO  server.RaftServerConfigKeys (ConfUtils.java:logGet(44)) - raft.server.log.preallocated.size = 16384 (custom)
2021-07-05 00:57:10,230 [pool-90-thread-1] INFO  server.RaftServerConfigKeys (ConfUtils.java:logGet(44)) - raft.server.log.force.sync.num = 128 (default)
2021-07-05 00:57:10,230 [pool-90-thread-1] INFO  server.RaftServerConfigKeys (ConfUtils.java:logGet(44)) - raft.server.log.statemachine.data.sync = true (default)
2021-07-05 00:57:10,230 [pool-90-thread-1] INFO  server.RaftServerConfigKeys (ConfUtils.java:logGet(44)) - raft.server.log.statemachine.data.sync.timeout = 10s (default)
2021-07-05 00:57:10,230 [pool-90-thread-1] INFO  server.RaftServerConfigKeys (ConfUtils.java:logGet(44)) - raft.server.log.statemachine.data.sync.timeout.retry = -1 (default)
2021-07-05 00:57:10,228 [Command processor thread] INFO  metrics.RatisMetrics (RatisMetrics.java:lambda$create$0(36)) - Creating Metrics Registry : ratis.client_message_metrics.client-C70E2BB66075->4428f99b-3864-401a-a30b-d8207dc31cfa
2021-07-05 00:57:10,229 [EventQueue-OpenPipelineForHealthyPipelineSafeModeRule] INFO  safemode.SCMSafeModeManager (HealthyPipelineSafeModeRule.java:process(124)) - SCM in safe mode. Healthy pipelines reported count is 0, required healthy pipeline reported count is 1
2021-07-05 00:57:10,232 [pool-90-thread-1] INFO  server.RaftServerConfigKeys (ConfUtils.java:logGet(44)) - raft.server.log.write.buffer.size = 1048576 (custom)
2021-07-05 00:57:10,241 [grpc-default-executor-1] INFO  metrics.RatisMetrics (RatisMetrics.java:lambda$create$0(36)) - Creating Metrics Registry : ratis.server_message_metrics.4428f99b-3864-401a-a30b-d8207dc31cfa
2021-07-05 00:57:10,243 [pool-90-thread-1] INFO  server.RaftServerConfigKeys (ConfUtils.java:logGet(44)) - raft.server.log.statemachine.data.caching.enabled = true (custom)
2021-07-05 00:57:10,243 [pool-90-thread-1] INFO  segmented.SegmentedRaftLogWorker (SegmentedRaftLogWorker.java:lambda$new$0(133)) - 4428f99b-3864-401a-a30b-d8207dc31cfa@group-928675FAAF16-SegmentedRaftLogWorker: flushIndex: setUnconditionally 0 -> -1
2021-07-05 00:57:10,243 [pool-90-thread-1] INFO  segmented.SegmentedRaftLogWorker (SegmentedRaftLogWorker.java:lambda$new$0(133)) - 4428f99b-3864-401a-a30b-d8207dc31cfa@group-928675FAAF16-SegmentedRaftLogWorker: safeCacheEvictIndex: setUnconditionally 0 -> -1
2021-07-05 00:57:10,244 [Command processor thread] INFO  metrics.RatisMetrics (RatisMetrics.java:lambda$create$0(36)) - Creating Metrics Registry : ratis.client_message_metrics.client-2B9D7ADF608F->4428f99b-3864-401a-a30b-d8207dc31cfa
2021-07-05 00:57:10,246 [pool-90-thread-1] INFO  server.RaftServerConfigKeys (ConfUtils.java:logGet(44)) - raft.server.snapshot.auto.trigger.enabled = true (custom)
2021-07-05 00:57:10,246 [pool-90-thread-1] INFO  server.RaftServerConfigKeys (ConfUtils.java:logGet(44)) - raft.server.snapshot.auto.trigger.threshold = 10000 (custom)
2021-07-05 00:57:10,246 [pool-90-thread-1] INFO  server.RaftServerConfigKeys (ConfUtils.java:logGet(44)) - raft.server.snapshot.retention.file.num = 5 (custom)
2021-07-05 00:57:10,246 [pool-90-thread-1] INFO  server.RaftServerConfigKeys (ConfUtils.java:logGet(44)) - raft.server.log.purge.upto.snapshot.index = false (default)
2021-07-05 00:57:10,247 [pool-90-thread-1] INFO  server.RaftServerConfigKeys (ConfUtils.java:logGet(44)) - raft.server.retrycache.expirytime = 600000ms (custom)
2021-07-05 00:57:10,247 [pool-90-thread-1] INFO  server.RaftServerConfigKeys (ConfUtils.java:logGet(44)) - raft.server.retrycache.statistics.expirytime = 100μs (default)
2021-07-05 00:57:10,247 [pool-90-thread-1] INFO  metrics.RatisMetrics (RatisMetrics.java:lambda$create$0(36)) - Creating Metrics Registry : ratis.leader_election.4428f99b-3864-401a-a30b-d8207dc31cfa@group-928675FAAF16
2021-07-05 00:57:10,247 [pool-90-thread-1] INFO  metrics.RatisMetrics (RatisMetrics.java:lambda$create$0(36)) - Creating Metrics Registry : ratis.server.4428f99b-3864-401a-a30b-d8207dc31cfa@group-928675FAAF16
2021-07-05 00:57:10,248 [pool-90-thread-1] INFO  server.RaftServer$Division (RaftServerImpl.java:start(295)) - 4428f99b-3864-401a-a30b-d8207dc31cfa@group-928675FAAF16: start as a follower, conf=-1: [4428f99b-3864-401a-a30b-d8207dc31cfa|rpc:127.0.0.1:40939|priority:0, b549a9a8-3457-4b53-9703-c9fae2cc989c|rpc:127.0.0.1:44095|priority:0, 65d645ba-2b71-4ad7-bc66-74fd2328f6a5|rpc:127.0.0.1:36069|priority:1], old=null
2021-07-05 00:57:10,248 [pool-90-thread-1] INFO  server.RaftServer$Division (RaftServerImpl.java:setRole(284)) - 4428f99b-3864-401a-a30b-d8207dc31cfa@group-928675FAAF16: changes role from      null to FOLLOWER at term 0 for startAsFollower
2021-07-05 00:57:10,248 [pool-90-thread-1] INFO  impl.RoleInfo (RoleInfo.java:updateAndGet(130)) - 4428f99b-3864-401a-a30b-d8207dc31cfa: start 4428f99b-3864-401a-a30b-d8207dc31cfa@group-928675FAAF16-FollowerState
2021-07-05 00:57:10,248 [pool-90-thread-1] INFO  util.JmxRegister (JmxRegister.java:tryRegister(44)) - Successfully registered JMX Bean with object name Ratis:service=RaftServer,group=group-928675FAAF16,id=4428f99b-3864-401a-a30b-d8207dc31cfa
2021-07-05 00:57:10,248 [pool-90-thread-1] INFO  metrics.RatisMetrics (RatisMetrics.java:lambda$create$0(36)) - Creating Metrics Registry : ratis.state_machine.4428f99b-3864-401a-a30b-d8207dc31cfa@group-928675FAAF16
2021-07-05 00:57:10,249 [Command processor thread] INFO  ratis.XceiverServerRatis (XceiverServerRatis.java:addGroup(759)) - Created group PipelineID=2baeda0e-4055-46a0-b166-928675faaf16
2021-07-05 00:57:10,250 [Command processor thread] INFO  metrics.RatisMetrics (RatisMetrics.java:lambda$create$0(36)) - Creating Metrics Registry : ratis.client_message_metrics.client-7CE8102D86F0->65d645ba-2b71-4ad7-bc66-74fd2328f6a5
2021-07-05 00:57:10,288 [Command processor thread] INFO  commandhandler.CreatePipelineCommandHandler (CreatePipelineCommandHandler.java:handle(106)) - Created Pipeline RATIS THREE PipelineID=d654393b-6ac2-4eb1-945d-49c9f103c6fa.
2021-07-05 00:57:10,306 [Command processor thread] INFO  commandhandler.CreatePipelineCommandHandler (CreatePipelineCommandHandler.java:handle(106)) - Created Pipeline RATIS THREE PipelineID=2baeda0e-4055-46a0-b166-928675faaf16.
2021-07-05 00:57:10,310 [Command processor thread] INFO  metrics.RatisMetrics (RatisMetrics.java:lambda$create$0(36)) - Creating Metrics Registry : ratis.client_message_metrics.client-0ABA823A9C53->b549a9a8-3457-4b53-9703-c9fae2cc989c
2021-07-05 00:57:10,334 [Command processor thread] INFO  commandhandler.CreatePipelineCommandHandler (CreatePipelineCommandHandler.java:handle(106)) - Created Pipeline RATIS THREE PipelineID=2baeda0e-4055-46a0-b166-928675faaf16.
2021-07-05 00:57:10,978 [Listener at 127.0.0.1/12256] INFO  ozone.MiniOzoneClusterImpl (MiniOzoneClusterImpl.java:lambda$waitForClusterToBeReady$0(227)) - Nodes are ready. Got 3 of 3 DN Heartbeats.
2021-07-05 00:57:10,978 [Listener at 127.0.0.1/12256] INFO  ozone.MiniOzoneClusterImpl (MiniOzoneClusterImpl.java:lambda$waitForClusterToBeReady$0(230)) - Waiting for cluster to exit safe mode
2021-07-05 00:57:10,979 [Listener at 127.0.0.1/12256] INFO  ozone.MiniOzoneClusterImpl (MiniOzoneClusterImpl.java:lambda$waitForClusterToBeReady$0(232)) - SCM became leader
2021-07-05 00:57:11,979 [Listener at 127.0.0.1/12256] INFO  ozone.MiniOzoneClusterImpl (MiniOzoneClusterImpl.java:lambda$waitForClusterToBeReady$0(227)) - Nodes are ready. Got 3 of 3 DN Heartbeats.
2021-07-05 00:57:11,979 [Listener at 127.0.0.1/12256] INFO  ozone.MiniOzoneClusterImpl (MiniOzoneClusterImpl.java:lambda$waitForClusterToBeReady$0(230)) - Waiting for cluster to exit safe mode
2021-07-05 00:57:11,979 [Listener at 127.0.0.1/12256] INFO  ozone.MiniOzoneClusterImpl (MiniOzoneClusterImpl.java:lambda$waitForClusterToBeReady$0(232)) - SCM became leader
2021-07-05 00:57:12,021 [Datanode State Machine Thread - 0] ERROR datanode.RunningDatanodeState (RunningDatanodeState.java:computeNextContainerState(199)) - Error in executing end point task.
java.util.concurrent.ExecutionException: java.util.concurrent.TimeoutException
	at java.util.concurrent.FutureTask.report(FutureTask.java:122)
	at java.util.concurrent.FutureTask.get(FutureTask.java:192)
	at org.apache.hadoop.ozone.container.common.states.datanode.RunningDatanodeState.computeNextContainerState(RunningDatanodeState.java:191)
	at org.apache.hadoop.ozone.container.common.states.datanode.RunningDatanodeState.await(RunningDatanodeState.java:231)
	at org.apache.hadoop.ozone.container.common.states.datanode.RunningDatanodeState.await(RunningDatanodeState.java:50)
	at org.apache.hadoop.ozone.container.common.statemachine.StateContext.execute(StateContext.java:629)
	at org.apache.hadoop.ozone.container.common.statemachine.DatanodeStateMachine.start(DatanodeStateMachine.java:244)
	at org.apache.hadoop.ozone.container.common.statemachine.DatanodeStateMachine.lambda$startDaemon$0(DatanodeStateMachine.java:429)
	at java.lang.Thread.run(Thread.java:748)
Caused by: java.util.concurrent.TimeoutException
	at java.util.concurrent.FutureTask.get(FutureTask.java:205)
	at org.apache.hadoop.ozone.container.common.states.datanode.RunningDatanodeState.lambda$execute$0(RunningDatanodeState.java:149)
	at java.util.concurrent.FutureTask.run(FutureTask.java:266)
	at java.util.concurrent.Executors$RunnableAdapter.call(Executors.java:511)
	at java.util.concurrent.FutureTask.run(FutureTask.java:266)
	at java.util.concurrent.ThreadPoolExecutor.runWorker(ThreadPoolExecutor.java:1149)
	at java.util.concurrent.ThreadPoolExecutor$Worker.run(ThreadPoolExecutor.java:624)
	... 1 more
2021-07-05 00:57:12,226 [Datanode State Machine Thread - 0] ERROR datanode.RunningDatanodeState (RunningDatanodeState.java:computeNextContainerState(199)) - Error in executing end point task.
java.util.concurrent.ExecutionException: java.util.concurrent.TimeoutException
	at java.util.concurrent.FutureTask.report(FutureTask.java:122)
	at java.util.concurrent.FutureTask.get(FutureTask.java:192)
	at org.apache.hadoop.ozone.container.common.states.datanode.RunningDatanodeState.computeNextContainerState(RunningDatanodeState.java:191)
	at org.apache.hadoop.ozone.container.common.states.datanode.RunningDatanodeState.await(RunningDatanodeState.java:231)
	at org.apache.hadoop.ozone.container.common.states.datanode.RunningDatanodeState.await(RunningDatanodeState.java:50)
	at org.apache.hadoop.ozone.container.common.statemachine.StateContext.execute(StateContext.java:629)
	at org.apache.hadoop.ozone.container.common.statemachine.DatanodeStateMachine.start(DatanodeStateMachine.java:244)
	at org.apache.hadoop.ozone.container.common.statemachine.DatanodeStateMachine.lambda$startDaemon$0(DatanodeStateMachine.java:429)
	at java.lang.Thread.run(Thread.java:748)
Caused by: java.util.concurrent.TimeoutException
	at java.util.concurrent.FutureTask.get(FutureTask.java:205)
	at org.apache.hadoop.ozone.container.common.states.datanode.RunningDatanodeState.lambda$execute$0(RunningDatanodeState.java:149)
	at java.util.concurrent.FutureTask.run(FutureTask.java:266)
	at java.util.concurrent.Executors$RunnableAdapter.call(Executors.java:511)
	at java.util.concurrent.FutureTask.run(FutureTask.java:266)
	at java.util.concurrent.ThreadPoolExecutor.runWorker(ThreadPoolExecutor.java:1149)
	at java.util.concurrent.ThreadPoolExecutor$Worker.run(ThreadPoolExecutor.java:624)
	... 1 more
2021-07-05 00:57:12,980 [Listener at 127.0.0.1/12256] INFO  ozone.MiniOzoneClusterImpl (MiniOzoneClusterImpl.java:lambda$waitForClusterToBeReady$0(227)) - Nodes are ready. Got 3 of 3 DN Heartbeats.
2021-07-05 00:57:12,980 [Listener at 127.0.0.1/12256] INFO  ozone.MiniOzoneClusterImpl (MiniOzoneClusterImpl.java:lambda$waitForClusterToBeReady$0(230)) - Waiting for cluster to exit safe mode
2021-07-05 00:57:12,980 [Listener at 127.0.0.1/12256] INFO  ozone.MiniOzoneClusterImpl (MiniOzoneClusterImpl.java:lambda$waitForClusterToBeReady$0(232)) - SCM became leader
2021-07-05 00:57:13,980 [Listener at 127.0.0.1/12256] INFO  ozone.MiniOzoneClusterImpl (MiniOzoneClusterImpl.java:lambda$waitForClusterToBeReady$0(227)) - Nodes are ready. Got 3 of 3 DN Heartbeats.
2021-07-05 00:57:13,981 [Listener at 127.0.0.1/12256] INFO  ozone.MiniOzoneClusterImpl (MiniOzoneClusterImpl.java:lambda$waitForClusterToBeReady$0(230)) - Waiting for cluster to exit safe mode
2021-07-05 00:57:13,981 [Listener at 127.0.0.1/12256] INFO  ozone.MiniOzoneClusterImpl (MiniOzoneClusterImpl.java:lambda$waitForClusterToBeReady$0(232)) - SCM became leader
2021-07-05 00:57:14,160 [Datanode State Machine Thread - 0] ERROR datanode.RunningDatanodeState (RunningDatanodeState.java:computeNextContainerState(199)) - Error in executing end point task.
java.util.concurrent.ExecutionException: java.util.concurrent.TimeoutException
	at java.util.concurrent.FutureTask.report(FutureTask.java:122)
	at java.util.concurrent.FutureTask.get(FutureTask.java:192)
	at org.apache.hadoop.ozone.container.common.states.datanode.RunningDatanodeState.computeNextContainerState(RunningDatanodeState.java:191)
	at org.apache.hadoop.ozone.container.common.states.datanode.RunningDatanodeState.await(RunningDatanodeState.java:231)
	at org.apache.hadoop.ozone.container.common.states.datanode.RunningDatanodeState.await(RunningDatanodeState.java:50)
	at org.apache.hadoop.ozone.container.common.statemachine.StateContext.execute(StateContext.java:629)
	at org.apache.hadoop.ozone.container.common.statemachine.DatanodeStateMachine.start(DatanodeStateMachine.java:244)
	at org.apache.hadoop.ozone.container.common.statemachine.DatanodeStateMachine.lambda$startDaemon$0(DatanodeStateMachine.java:429)
	at java.lang.Thread.run(Thread.java:748)
Caused by: java.util.concurrent.TimeoutException
	at java.util.concurrent.FutureTask.get(FutureTask.java:205)
	at org.apache.hadoop.ozone.container.common.states.datanode.RunningDatanodeState.lambda$execute$0(RunningDatanodeState.java:149)
	at java.util.concurrent.FutureTask.run(FutureTask.java:266)
	at java.util.concurrent.Executors$RunnableAdapter.call(Executors.java:511)
	at java.util.concurrent.FutureTask.run(FutureTask.java:266)
	at java.util.concurrent.ThreadPoolExecutor.runWorker(ThreadPoolExecutor.java:1149)
	at java.util.concurrent.ThreadPoolExecutor$Worker.run(ThreadPoolExecutor.java:624)
	... 1 more
2021-07-05 00:57:14,775 [4428f99b-3864-401a-a30b-d8207dc31cfa@group-180B7429B1D7-FollowerState] INFO  impl.FollowerState (FollowerState.java:run(134)) - 4428f99b-3864-401a-a30b-d8207dc31cfa@group-180B7429B1D7-FollowerState: change to CANDIDATE, lastRpcElapsedTime:5125527619ns, electionTimeout:5108ms
2021-07-05 00:57:14,776 [4428f99b-3864-401a-a30b-d8207dc31cfa@group-180B7429B1D7-FollowerState] INFO  impl.RoleInfo (RoleInfo.java:shutdownFollowerState(108)) - 4428f99b-3864-401a-a30b-d8207dc31cfa: shutdown 4428f99b-3864-401a-a30b-d8207dc31cfa@group-180B7429B1D7-FollowerState
2021-07-05 00:57:14,776 [4428f99b-3864-401a-a30b-d8207dc31cfa@group-180B7429B1D7-FollowerState] INFO  server.RaftServer$Division (RaftServerImpl.java:setRole(284)) - 4428f99b-3864-401a-a30b-d8207dc31cfa@group-180B7429B1D7: changes role from  FOLLOWER to CANDIDATE at term 0 for changeToCandidate
2021-07-05 00:57:14,776 [4428f99b-3864-401a-a30b-d8207dc31cfa@group-180B7429B1D7-FollowerState] INFO  server.RaftServerConfigKeys (ConfUtils.java:logGet(44)) - raft.server.leaderelection.pre-vote = false (custom)
2021-07-05 00:57:14,776 [4428f99b-3864-401a-a30b-d8207dc31cfa@group-180B7429B1D7-FollowerState] INFO  impl.RoleInfo (RoleInfo.java:updateAndGet(130)) - 4428f99b-3864-401a-a30b-d8207dc31cfa: start 4428f99b-3864-401a-a30b-d8207dc31cfa@group-180B7429B1D7-LeaderElection4
2021-07-05 00:57:14,780 [4428f99b-3864-401a-a30b-d8207dc31cfa@group-180B7429B1D7-LeaderElection4] INFO  impl.LeaderElection (LeaderElection.java:askForVotes(306)) - 4428f99b-3864-401a-a30b-d8207dc31cfa@group-180B7429B1D7-LeaderElection4 ELECTION round 0: submit vote requests at term 1 for -1: [4428f99b-3864-401a-a30b-d8207dc31cfa|rpc:127.0.0.1:40939|priority:1], old=null
2021-07-05 00:57:14,780 [4428f99b-3864-401a-a30b-d8207dc31cfa@group-180B7429B1D7-LeaderElection4] INFO  impl.LeaderElection (LeaderElection.java:askForVotes(308)) - 4428f99b-3864-401a-a30b-d8207dc31cfa@group-180B7429B1D7-LeaderElection4 ELECTION round 0: result PASSED (term=1)
2021-07-05 00:57:14,780 [4428f99b-3864-401a-a30b-d8207dc31cfa@group-180B7429B1D7-LeaderElection4] INFO  impl.RoleInfo (RoleInfo.java:shutdownLeaderElection(121)) - 4428f99b-3864-401a-a30b-d8207dc31cfa: shutdown 4428f99b-3864-401a-a30b-d8207dc31cfa@group-180B7429B1D7-LeaderElection4
2021-07-05 00:57:14,781 [4428f99b-3864-401a-a30b-d8207dc31cfa@group-180B7429B1D7-LeaderElection4] INFO  server.RaftServer$Division (RaftServerImpl.java:setRole(284)) - 4428f99b-3864-401a-a30b-d8207dc31cfa@group-180B7429B1D7: changes role from CANDIDATE to LEADER at term 1 for changeToLeader
2021-07-05 00:57:14,781 [4428f99b-3864-401a-a30b-d8207dc31cfa@group-180B7429B1D7-LeaderElection4] INFO  ratis.XceiverServerRatis (XceiverServerRatis.java:handleLeaderChangedNotification(857)) - Leader change notification received for group: group-180B7429B1D7 with new leaderId: 4428f99b-3864-401a-a30b-d8207dc31cfa
2021-07-05 00:57:14,781 [4428f99b-3864-401a-a30b-d8207dc31cfa@group-180B7429B1D7-LeaderElection4] INFO  server.RaftServer$Division (ServerState.java:setLeader(271)) - 4428f99b-3864-401a-a30b-d8207dc31cfa@group-180B7429B1D7: change Leader from null to 4428f99b-3864-401a-a30b-d8207dc31cfa at term 1 for becomeLeader, leader elected after 5150ms
2021-07-05 00:57:14,781 [4428f99b-3864-401a-a30b-d8207dc31cfa@group-180B7429B1D7-LeaderElection4] INFO  server.RaftServerConfigKeys (ConfUtils.java:logGet(44)) - raft.server.staging.catchup.gap = 1000 (default)
2021-07-05 00:57:14,781 [4428f99b-3864-401a-a30b-d8207dc31cfa@group-180B7429B1D7-LeaderElection4] INFO  metrics.RatisMetrics (RatisMetrics.java:lambda$create$0(36)) - Creating Metrics Registry : ratis.log_appender.4428f99b-3864-401a-a30b-d8207dc31cfa@group-180B7429B1D7
2021-07-05 00:57:14,781 [4428f99b-3864-401a-a30b-d8207dc31cfa@group-180B7429B1D7-LeaderElection4] INFO  server.RaftServerConfigKeys (ConfUtils.java:logGet(44)) - raft.server.write.element-limit = 1024 (custom)
2021-07-05 00:57:14,781 [4428f99b-3864-401a-a30b-d8207dc31cfa@group-180B7429B1D7-LeaderElection4] INFO  server.RaftServerConfigKeys (ConfUtils.java:logGet(44)) - raft.server.write.byte-limit = 1073741824 (custom)
2021-07-05 00:57:14,782 [4428f99b-3864-401a-a30b-d8207dc31cfa@group-180B7429B1D7-LeaderElection4] INFO  server.RaftServerConfigKeys (ConfUtils.java:logGet(44)) - raft.server.watch.timeout = 180s (custom)
2021-07-05 00:57:14,782 [4428f99b-3864-401a-a30b-d8207dc31cfa@group-180B7429B1D7-LeaderElection4] INFO  server.RaftServerConfigKeys (ConfUtils.java:logGet(44)) - raft.server.watch.timeout.denomination = 1s (default)
2021-07-05 00:57:14,782 [4428f99b-3864-401a-a30b-d8207dc31cfa@group-180B7429B1D7-LeaderElection4] INFO  server.RaftServerConfigKeys (ConfUtils.java:logGet(44)) - raft.server.watch.element-limit = 65536 (default)
2021-07-05 00:57:14,782 [4428f99b-3864-401a-a30b-d8207dc31cfa@group-180B7429B1D7-LeaderElection4] INFO  impl.RoleInfo (RoleInfo.java:updateAndGet(130)) - 4428f99b-3864-401a-a30b-d8207dc31cfa: start 4428f99b-3864-401a-a30b-d8207dc31cfa@group-180B7429B1D7-LeaderStateImpl
2021-07-05 00:57:14,782 [4428f99b-3864-401a-a30b-d8207dc31cfa@group-180B7429B1D7-LeaderElection4] INFO  segmented.SegmentedRaftLogWorker (SegmentedRaftLogWorker.java:startLogSegment(394)) - 4428f99b-3864-401a-a30b-d8207dc31cfa@group-180B7429B1D7-SegmentedRaftLogWorker: Starting segment from index:0
2021-07-05 00:57:14,783 [EventQueue-OpenPipelineForHealthyPipelineSafeModeRule] INFO  safemode.SCMSafeModeManager (HealthyPipelineSafeModeRule.java:process(124)) - SCM in safe mode. Healthy pipelines reported count is 0, required healthy pipeline reported count is 1
2021-07-05 00:57:14,784 [4428f99b-3864-401a-a30b-d8207dc31cfa@group-180B7429B1D7-SegmentedRaftLogWorker] INFO  segmented.SegmentedRaftLogWorker (SegmentedRaftLogWorker.java:execute(601)) - 4428f99b-3864-401a-a30b-d8207dc31cfa@group-180B7429B1D7-SegmentedRaftLogWorker: created new log segment /home/runner/work/ozone/ozone/mnt/ozone/hadoop-ozone/integration-test/target/test-dir/MiniOzoneClusterImpl-47f02201-3656-42a8-b726-2c1689f4816b/datanode-0/data/ratis/607aab92-8ab2-4b87-a97d-180b7429b1d7/current/log_inprogress_0
2021-07-05 00:57:14,785 [4428f99b-3864-401a-a30b-d8207dc31cfa@group-180B7429B1D7-LeaderElection4] INFO  server.RaftServer$Division (ServerState.java:setRaftConf(373)) - 4428f99b-3864-401a-a30b-d8207dc31cfa@group-180B7429B1D7: set configuration 0: [4428f99b-3864-401a-a30b-d8207dc31cfa|rpc:127.0.0.1:40939|dataStream:|priority:1], old=null
2021-07-05 00:57:14,786 [EventQueue-OpenPipelineForHealthyPipelineSafeModeRule] INFO  safemode.SCMSafeModeManager (HealthyPipelineSafeModeRule.java:process(124)) - SCM in safe mode. Healthy pipelines reported count is 0, required healthy pipeline reported count is 1
2021-07-05 00:57:14,905 [4428f99b-3864-401a-a30b-d8207dc31cfa@group-49C9F103C6FA-FollowerState] INFO  impl.FollowerState (FollowerState.java:run(134)) - 4428f99b-3864-401a-a30b-d8207dc31cfa@group-49C9F103C6FA-FollowerState: change to CANDIDATE, lastRpcElapsedTime:5188136428ns, electionTimeout:5183ms
2021-07-05 00:57:14,906 [4428f99b-3864-401a-a30b-d8207dc31cfa@group-49C9F103C6FA-FollowerState] INFO  impl.RoleInfo (RoleInfo.java:shutdownFollowerState(108)) - 4428f99b-3864-401a-a30b-d8207dc31cfa: shutdown 4428f99b-3864-401a-a30b-d8207dc31cfa@group-49C9F103C6FA-FollowerState
2021-07-05 00:57:14,906 [4428f99b-3864-401a-a30b-d8207dc31cfa@group-49C9F103C6FA-FollowerState] INFO  server.RaftServer$Division (RaftServerImpl.java:setRole(284)) - 4428f99b-3864-401a-a30b-d8207dc31cfa@group-49C9F103C6FA: changes role from  FOLLOWER to CANDIDATE at term 0 for changeToCandidate
2021-07-05 00:57:14,906 [4428f99b-3864-401a-a30b-d8207dc31cfa@group-49C9F103C6FA-FollowerState] INFO  server.RaftServerConfigKeys (ConfUtils.java:logGet(44)) - raft.server.leaderelection.pre-vote = false (custom)
2021-07-05 00:57:14,906 [4428f99b-3864-401a-a30b-d8207dc31cfa@group-49C9F103C6FA-FollowerState] INFO  impl.RoleInfo (RoleInfo.java:updateAndGet(130)) - 4428f99b-3864-401a-a30b-d8207dc31cfa: start 4428f99b-3864-401a-a30b-d8207dc31cfa@group-49C9F103C6FA-LeaderElection5
2021-07-05 00:57:14,909 [4428f99b-3864-401a-a30b-d8207dc31cfa@group-49C9F103C6FA-LeaderElection5] INFO  impl.LeaderElection (LeaderElection.java:askForVotes(306)) - 4428f99b-3864-401a-a30b-d8207dc31cfa@group-49C9F103C6FA-LeaderElection5 ELECTION round 0: submit vote requests at term 1 for -1: [4428f99b-3864-401a-a30b-d8207dc31cfa|rpc:127.0.0.1:40939|priority:0, b549a9a8-3457-4b53-9703-c9fae2cc989c|rpc:127.0.0.1:44095|priority:1, 65d645ba-2b71-4ad7-bc66-74fd2328f6a5|rpc:127.0.0.1:36069|priority:0], old=null
2021-07-05 00:57:14,928 [grpc-default-executor-0] INFO  server.RaftServer$Division (RaftServerImpl.java:requestVote(1042)) - b549a9a8-3457-4b53-9703-c9fae2cc989c@group-49C9F103C6FA: receive requestVote(ELECTION, 4428f99b-3864-401a-a30b-d8207dc31cfa, group-49C9F103C6FA, 1, (t:0, i:0))
2021-07-05 00:57:14,930 [grpc-default-executor-0] INFO  impl.VoteContext (VoteContext.java:log(48)) - b549a9a8-3457-4b53-9703-c9fae2cc989c@group-49C9F103C6FA-FOLLOWER: reject ELECTION from 4428f99b-3864-401a-a30b-d8207dc31cfa: our priority 1 > candidate's priority 0
2021-07-05 00:57:14,930 [grpc-default-executor-0] INFO  server.RaftServer$Division (RaftServerImpl.java:setRole(284)) - b549a9a8-3457-4b53-9703-c9fae2cc989c@group-49C9F103C6FA: changes role from  FOLLOWER to FOLLOWER at term 1 for candidate:4428f99b-3864-401a-a30b-d8207dc31cfa
2021-07-05 00:57:14,930 [grpc-default-executor-0] INFO  impl.RoleInfo (RoleInfo.java:shutdownFollowerState(108)) - b549a9a8-3457-4b53-9703-c9fae2cc989c: shutdown b549a9a8-3457-4b53-9703-c9fae2cc989c@group-49C9F103C6FA-FollowerState
2021-07-05 00:57:14,930 [grpc-default-executor-0] INFO  impl.RoleInfo (RoleInfo.java:updateAndGet(130)) - b549a9a8-3457-4b53-9703-c9fae2cc989c: start b549a9a8-3457-4b53-9703-c9fae2cc989c@group-49C9F103C6FA-FollowerState
2021-07-05 00:57:14,930 [b549a9a8-3457-4b53-9703-c9fae2cc989c@group-49C9F103C6FA-FollowerState] INFO  impl.FollowerState (FollowerState.java:run(143)) - b549a9a8-3457-4b53-9703-c9fae2cc989c@group-49C9F103C6FA-FollowerState was interrupted: {}
java.lang.InterruptedException: sleep interrupted
	at java.lang.Thread.sleep(Native Method)
	at java.lang.Thread.sleep(Thread.java:340)
	at java.util.concurrent.TimeUnit.sleep(TimeUnit.java:386)
	at org.apache.ratis.util.TimeDuration.sleep(TimeDuration.java:324)
	at org.apache.ratis.util.TimeDuration.sleep(TimeDuration.java:309)
	at org.apache.ratis.server.impl.FollowerState.run(FollowerState.java:118)
2021-07-05 00:57:14,944 [grpc-default-executor-0] INFO  server.RaftServer$Division (RaftServerImpl.java:requestVote(1074)) - b549a9a8-3457-4b53-9703-c9fae2cc989c@group-49C9F103C6FA replies to ELECTION vote request: 4428f99b-3864-401a-a30b-d8207dc31cfa<-b549a9a8-3457-4b53-9703-c9fae2cc989c#0:FAIL-t1. Peer's state: b549a9a8-3457-4b53-9703-c9fae2cc989c@group-49C9F103C6FA:t1, leader=null, voted=null, raftlog=b549a9a8-3457-4b53-9703-c9fae2cc989c@group-49C9F103C6FA-SegmentedRaftLog:OPENED:c-1,f-1,i0, conf=-1: [4428f99b-3864-401a-a30b-d8207dc31cfa|rpc:127.0.0.1:40939|dataStream:|priority:0, b549a9a8-3457-4b53-9703-c9fae2cc989c|rpc:127.0.0.1:44095|dataStream:|priority:1, 65d645ba-2b71-4ad7-bc66-74fd2328f6a5|rpc:127.0.0.1:36069|dataStream:|priority:0], old=null
2021-07-05 00:57:14,947 [4428f99b-3864-401a-a30b-d8207dc31cfa@group-49C9F103C6FA-LeaderElection5] INFO  impl.LeaderElection (LeaderElection.java:logAndReturn(89)) - 4428f99b-3864-401a-a30b-d8207dc31cfa@group-49C9F103C6FA-LeaderElection5: ELECTION REJECTED received 1 response(s) and 0 exception(s):
2021-07-05 00:57:14,947 [4428f99b-3864-401a-a30b-d8207dc31cfa@group-49C9F103C6FA-LeaderElection5] INFO  impl.LeaderElection (LeaderElection.java:logAndReturn(93)) -   Response 0: 4428f99b-3864-401a-a30b-d8207dc31cfa<-b549a9a8-3457-4b53-9703-c9fae2cc989c#0:FAIL-t1
2021-07-05 00:57:14,947 [4428f99b-3864-401a-a30b-d8207dc31cfa@group-49C9F103C6FA-LeaderElection5] INFO  impl.LeaderElection (LeaderElection.java:askForVotes(308)) - 4428f99b-3864-401a-a30b-d8207dc31cfa@group-49C9F103C6FA-LeaderElection5 ELECTION round 0: result REJECTED
2021-07-05 00:57:14,947 [4428f99b-3864-401a-a30b-d8207dc31cfa@group-49C9F103C6FA-LeaderElection5] INFO  server.RaftServer$Division (RaftServerImpl.java:setRole(284)) - 4428f99b-3864-401a-a30b-d8207dc31cfa@group-49C9F103C6FA: changes role from CANDIDATE to FOLLOWER at term 1 for REJECTED
2021-07-05 00:57:14,947 [4428f99b-3864-401a-a30b-d8207dc31cfa@group-49C9F103C6FA-LeaderElection5] INFO  impl.RoleInfo (RoleInfo.java:shutdownLeaderElection(121)) - 4428f99b-3864-401a-a30b-d8207dc31cfa: shutdown 4428f99b-3864-401a-a30b-d8207dc31cfa@group-49C9F103C6FA-LeaderElection5
2021-07-05 00:57:14,947 [4428f99b-3864-401a-a30b-d8207dc31cfa@group-49C9F103C6FA-LeaderElection5] INFO  impl.RoleInfo (RoleInfo.java:updateAndGet(130)) - 4428f99b-3864-401a-a30b-d8207dc31cfa: start 4428f99b-3864-401a-a30b-d8207dc31cfa@group-49C9F103C6FA-FollowerState
2021-07-05 00:57:14,956 [grpc-default-executor-1] INFO  server.RaftServer$Division (RaftServerImpl.java:requestVote(1042)) - 65d645ba-2b71-4ad7-bc66-74fd2328f6a5@group-49C9F103C6FA: receive requestVote(ELECTION, 4428f99b-3864-401a-a30b-d8207dc31cfa, group-49C9F103C6FA, 1, (t:0, i:0))
2021-07-05 00:57:14,957 [grpc-default-executor-1] INFO  impl.VoteContext (VoteContext.java:log(48)) - 65d645ba-2b71-4ad7-bc66-74fd2328f6a5@group-49C9F103C6FA-FOLLOWER: accept ELECTION from 4428f99b-3864-401a-a30b-d8207dc31cfa: our priority 0 <= candidate's priority 0
2021-07-05 00:57:14,958 [grpc-default-executor-1] INFO  server.RaftServer$Division (RaftServerImpl.java:setRole(284)) - 65d645ba-2b71-4ad7-bc66-74fd2328f6a5@group-49C9F103C6FA: changes role from  FOLLOWER to FOLLOWER at term 1 for candidate:4428f99b-3864-401a-a30b-d8207dc31cfa
2021-07-05 00:57:14,958 [grpc-default-executor-1] INFO  impl.RoleInfo (RoleInfo.java:shutdownFollowerState(108)) - 65d645ba-2b71-4ad7-bc66-74fd2328f6a5: shutdown 65d645ba-2b71-4ad7-bc66-74fd2328f6a5@group-49C9F103C6FA-FollowerState
2021-07-05 00:57:14,958 [grpc-default-executor-1] INFO  impl.RoleInfo (RoleInfo.java:updateAndGet(130)) - 65d645ba-2b71-4ad7-bc66-74fd2328f6a5: start 65d645ba-2b71-4ad7-bc66-74fd2328f6a5@group-49C9F103C6FA-FollowerState
2021-07-05 00:57:14,958 [65d645ba-2b71-4ad7-bc66-74fd2328f6a5@group-49C9F103C6FA-FollowerState] INFO  impl.FollowerState (FollowerState.java:run(143)) - 65d645ba-2b71-4ad7-bc66-74fd2328f6a5@group-49C9F103C6FA-FollowerState was interrupted: {}
java.lang.InterruptedException: sleep interrupted
	at java.lang.Thread.sleep(Native Method)
	at java.lang.Thread.sleep(Thread.java:340)
	at java.util.concurrent.TimeUnit.sleep(TimeUnit.java:386)
	at org.apache.ratis.util.TimeDuration.sleep(TimeDuration.java:324)
	at org.apache.ratis.util.TimeDuration.sleep(TimeDuration.java:309)
	at org.apache.ratis.server.impl.FollowerState.run(FollowerState.java:118)
2021-07-05 00:57:14,966 [grpc-default-executor-1] INFO  server.RaftServer$Division (RaftServerImpl.java:requestVote(1074)) - 65d645ba-2b71-4ad7-bc66-74fd2328f6a5@group-49C9F103C6FA replies to ELECTION vote request: 4428f99b-3864-401a-a30b-d8207dc31cfa<-65d645ba-2b71-4ad7-bc66-74fd2328f6a5#0:OK-t1. Peer's state: 65d645ba-2b71-4ad7-bc66-74fd2328f6a5@group-49C9F103C6FA:t1, leader=null, voted=4428f99b-3864-401a-a30b-d8207dc31cfa, raftlog=65d645ba-2b71-4ad7-bc66-74fd2328f6a5@group-49C9F103C6FA-SegmentedRaftLog:OPENED:c-1,f-1,i0, conf=-1: [4428f99b-3864-401a-a30b-d8207dc31cfa|rpc:127.0.0.1:40939|priority:0, b549a9a8-3457-4b53-9703-c9fae2cc989c|rpc:127.0.0.1:44095|priority:1, 65d645ba-2b71-4ad7-bc66-74fd2328f6a5|rpc:127.0.0.1:36069|priority:0], old=null
2021-07-05 00:57:14,981 [Listener at 127.0.0.1/12256] INFO  ozone.MiniOzoneClusterImpl (MiniOzoneClusterImpl.java:lambda$waitForClusterToBeReady$0(227)) - Nodes are ready. Got 3 of 3 DN Heartbeats.
2021-07-05 00:57:14,981 [Listener at 127.0.0.1/12256] INFO  ozone.MiniOzoneClusterImpl (MiniOzoneClusterImpl.java:lambda$waitForClusterToBeReady$0(230)) - Waiting for cluster to exit safe mode
2021-07-05 00:57:14,982 [Listener at 127.0.0.1/12256] INFO  ozone.MiniOzoneClusterImpl (MiniOzoneClusterImpl.java:lambda$waitForClusterToBeReady$0(232)) - SCM became leader
2021-07-05 00:57:15,124 [65d645ba-2b71-4ad7-bc66-74fd2328f6a5@group-6FF6A8ECCE1E-FollowerState] INFO  impl.FollowerState (FollowerState.java:run(134)) - 65d645ba-2b71-4ad7-bc66-74fd2328f6a5@group-6FF6A8ECCE1E-FollowerState: change to CANDIDATE, lastRpcElapsedTime:5053583269ns, electionTimeout:5049ms
2021-07-05 00:57:15,126 [65d645ba-2b71-4ad7-bc66-74fd2328f6a5@group-6FF6A8ECCE1E-FollowerState] INFO  impl.RoleInfo (RoleInfo.java:shutdownFollowerState(108)) - 65d645ba-2b71-4ad7-bc66-74fd2328f6a5: shutdown 65d645ba-2b71-4ad7-bc66-74fd2328f6a5@group-6FF6A8ECCE1E-FollowerState
2021-07-05 00:57:15,126 [65d645ba-2b71-4ad7-bc66-74fd2328f6a5@group-6FF6A8ECCE1E-FollowerState] INFO  server.RaftServer$Division (RaftServerImpl.java:setRole(284)) - 65d645ba-2b71-4ad7-bc66-74fd2328f6a5@group-6FF6A8ECCE1E: changes role from  FOLLOWER to CANDIDATE at term 0 for changeToCandidate
2021-07-05 00:57:15,126 [65d645ba-2b71-4ad7-bc66-74fd2328f6a5@group-6FF6A8ECCE1E-FollowerState] INFO  server.RaftServerConfigKeys (ConfUtils.java:logGet(44)) - raft.server.leaderelection.pre-vote = false (custom)
2021-07-05 00:57:15,126 [65d645ba-2b71-4ad7-bc66-74fd2328f6a5@group-6FF6A8ECCE1E-FollowerState] INFO  impl.RoleInfo (RoleInfo.java:updateAndGet(130)) - 65d645ba-2b71-4ad7-bc66-74fd2328f6a5: start 65d645ba-2b71-4ad7-bc66-74fd2328f6a5@group-6FF6A8ECCE1E-LeaderElection6
2021-07-05 00:57:15,133 [65d645ba-2b71-4ad7-bc66-74fd2328f6a5@group-6FF6A8ECCE1E-LeaderElection6] INFO  impl.LeaderElection (LeaderElection.java:askForVotes(306)) - 65d645ba-2b71-4ad7-bc66-74fd2328f6a5@group-6FF6A8ECCE1E-LeaderElection6 ELECTION round 0: submit vote requests at term 1 for -1: [65d645ba-2b71-4ad7-bc66-74fd2328f6a5|rpc:127.0.0.1:36069|priority:1], old=null
2021-07-05 00:57:15,133 [65d645ba-2b71-4ad7-bc66-74fd2328f6a5@group-6FF6A8ECCE1E-LeaderElection6] INFO  impl.LeaderElection (LeaderElection.java:askForVotes(308)) - 65d645ba-2b71-4ad7-bc66-74fd2328f6a5@group-6FF6A8ECCE1E-LeaderElection6 ELECTION round 0: result PASSED (term=1)
2021-07-05 00:57:15,133 [65d645ba-2b71-4ad7-bc66-74fd2328f6a5@group-6FF6A8ECCE1E-LeaderElection6] INFO  impl.RoleInfo (RoleInfo.java:shutdownLeaderElection(121)) - 65d645ba-2b71-4ad7-bc66-74fd2328f6a5: shutdown 65d645ba-2b71-4ad7-bc66-74fd2328f6a5@group-6FF6A8ECCE1E-LeaderElection6
2021-07-05 00:57:15,133 [65d645ba-2b71-4ad7-bc66-74fd2328f6a5@group-6FF6A8ECCE1E-LeaderElection6] INFO  server.RaftServer$Division (RaftServerImpl.java:setRole(284)) - 65d645ba-2b71-4ad7-bc66-74fd2328f6a5@group-6FF6A8ECCE1E: changes role from CANDIDATE to LEADER at term 1 for changeToLeader
2021-07-05 00:57:15,134 [65d645ba-2b71-4ad7-bc66-74fd2328f6a5@group-6FF6A8ECCE1E-LeaderElection6] INFO  ratis.XceiverServerRatis (XceiverServerRatis.java:handleLeaderChangedNotification(857)) - Leader change notification received for group: group-6FF6A8ECCE1E with new leaderId: 65d645ba-2b71-4ad7-bc66-74fd2328f6a5
2021-07-05 00:57:15,135 [65d645ba-2b71-4ad7-bc66-74fd2328f6a5@group-6FF6A8ECCE1E-LeaderElection6] INFO  server.RaftServer$Division (ServerState.java:setLeader(271)) - 65d645ba-2b71-4ad7-bc66-74fd2328f6a5@group-6FF6A8ECCE1E: change Leader from null to 65d645ba-2b71-4ad7-bc66-74fd2328f6a5 at term 1 for becomeLeader, leader elected after 5118ms
2021-07-05 00:57:15,135 [65d645ba-2b71-4ad7-bc66-74fd2328f6a5@group-6FF6A8ECCE1E-LeaderElection6] INFO  server.RaftServerConfigKeys (ConfUtils.java:logGet(44)) - raft.server.staging.catchup.gap = 1000 (default)
2021-07-05 00:57:15,135 [65d645ba-2b71-4ad7-bc66-74fd2328f6a5@group-6FF6A8ECCE1E-LeaderElection6] INFO  metrics.RatisMetrics (RatisMetrics.java:lambda$create$0(36)) - Creating Metrics Registry : ratis.log_appender.65d645ba-2b71-4ad7-bc66-74fd2328f6a5@group-6FF6A8ECCE1E
2021-07-05 00:57:15,135 [65d645ba-2b71-4ad7-bc66-74fd2328f6a5@group-6FF6A8ECCE1E-LeaderElection6] INFO  server.RaftServerConfigKeys (ConfUtils.java:logGet(44)) - raft.server.write.element-limit = 1024 (custom)
2021-07-05 00:57:15,135 [65d645ba-2b71-4ad7-bc66-74fd2328f6a5@group-6FF6A8ECCE1E-LeaderElection6] INFO  server.RaftServerConfigKeys (ConfUtils.java:logGet(44)) - raft.server.write.byte-limit = 1073741824 (custom)
2021-07-05 00:57:15,136 [EventQueue-OpenPipelineForHealthyPipelineSafeModeRule] INFO  safemode.SCMSafeModeManager (HealthyPipelineSafeModeRule.java:process(124)) - SCM in safe mode. Healthy pipelines reported count is 0, required healthy pipeline reported count is 1
2021-07-05 00:57:15,136 [EventQueue-OpenPipelineForHealthyPipelineSafeModeRule] INFO  safemode.SCMSafeModeManager (HealthyPipelineSafeModeRule.java:process(124)) - SCM in safe mode. Healthy pipelines reported count is 0, required healthy pipeline reported count is 1
2021-07-05 00:57:15,137 [65d645ba-2b71-4ad7-bc66-74fd2328f6a5@group-6FF6A8ECCE1E-LeaderElection6] INFO  server.RaftServerConfigKeys (ConfUtils.java:logGet(44)) - raft.server.watch.timeout = 180s (custom)
2021-07-05 00:57:15,137 [65d645ba-2b71-4ad7-bc66-74fd2328f6a5@group-6FF6A8ECCE1E-LeaderElection6] INFO  server.RaftServerConfigKeys (ConfUtils.java:logGet(44)) - raft.server.watch.timeout.denomination = 1s (default)
2021-07-05 00:57:15,137 [65d645ba-2b71-4ad7-bc66-74fd2328f6a5@group-6FF6A8ECCE1E-LeaderElection6] INFO  server.RaftServerConfigKeys (ConfUtils.java:logGet(44)) - raft.server.watch.element-limit = 65536 (default)
2021-07-05 00:57:15,137 [65d645ba-2b71-4ad7-bc66-74fd2328f6a5@group-6FF6A8ECCE1E-LeaderElection6] INFO  impl.RoleInfo (RoleInfo.java:updateAndGet(130)) - 65d645ba-2b71-4ad7-bc66-74fd2328f6a5: start 65d645ba-2b71-4ad7-bc66-74fd2328f6a5@group-6FF6A8ECCE1E-LeaderStateImpl
2021-07-05 00:57:15,137 [65d645ba-2b71-4ad7-bc66-74fd2328f6a5@group-6FF6A8ECCE1E-LeaderElection6] INFO  segmented.SegmentedRaftLogWorker (SegmentedRaftLogWorker.java:startLogSegment(394)) - 65d645ba-2b71-4ad7-bc66-74fd2328f6a5@group-6FF6A8ECCE1E-SegmentedRaftLogWorker: Starting segment from index:0
2021-07-05 00:57:15,138 [65d645ba-2b71-4ad7-bc66-74fd2328f6a5@group-6FF6A8ECCE1E-SegmentedRaftLogWorker] INFO  segmented.SegmentedRaftLogWorker (SegmentedRaftLogWorker.java:execute(601)) - 65d645ba-2b71-4ad7-bc66-74fd2328f6a5@group-6FF6A8ECCE1E-SegmentedRaftLogWorker: created new log segment /home/runner/work/ozone/ozone/mnt/ozone/hadoop-ozone/integration-test/target/test-dir/MiniOzoneClusterImpl-47f02201-3656-42a8-b726-2c1689f4816b/datanode-2/data/ratis/375cd340-fc76-474b-9a4e-6ff6a8ecce1e/current/log_inprogress_0
2021-07-05 00:57:15,139 [b549a9a8-3457-4b53-9703-c9fae2cc989c@group-454D521CC898-FollowerState] INFO  impl.FollowerState (FollowerState.java:run(134)) - b549a9a8-3457-4b53-9703-c9fae2cc989c@group-454D521CC898-FollowerState: change to CANDIDATE, lastRpcElapsedTime:5162505981ns, electionTimeout:5155ms
2021-07-05 00:57:15,139 [b549a9a8-3457-4b53-9703-c9fae2cc989c@group-454D521CC898-FollowerState] INFO  impl.RoleInfo (RoleInfo.java:shutdownFollowerState(108)) - b549a9a8-3457-4b53-9703-c9fae2cc989c: shutdown b549a9a8-3457-4b53-9703-c9fae2cc989c@group-454D521CC898-FollowerState
2021-07-05 00:57:15,139 [b549a9a8-3457-4b53-9703-c9fae2cc989c@group-454D521CC898-FollowerState] INFO  server.RaftServer$Division (RaftServerImpl.java:setRole(284)) - b549a9a8-3457-4b53-9703-c9fae2cc989c@group-454D521CC898: changes role from  FOLLOWER to CANDIDATE at term 0 for changeToCandidate
2021-07-05 00:57:15,145 [b549a9a8-3457-4b53-9703-c9fae2cc989c@group-454D521CC898-FollowerState] INFO  server.RaftServerConfigKeys (ConfUtils.java:logGet(44)) - raft.server.leaderelection.pre-vote = false (custom)
2021-07-05 00:57:15,151 [b549a9a8-3457-4b53-9703-c9fae2cc989c@group-454D521CC898-FollowerState] INFO  impl.RoleInfo (RoleInfo.java:updateAndGet(130)) - b549a9a8-3457-4b53-9703-c9fae2cc989c: start b549a9a8-3457-4b53-9703-c9fae2cc989c@group-454D521CC898-LeaderElection7
2021-07-05 00:57:15,151 [65d645ba-2b71-4ad7-bc66-74fd2328f6a5@group-6FF6A8ECCE1E-LeaderElection6] INFO  server.RaftServer$Division (ServerState.java:setRaftConf(373)) - 65d645ba-2b71-4ad7-bc66-74fd2328f6a5@group-6FF6A8ECCE1E: set configuration 0: [65d645ba-2b71-4ad7-bc66-74fd2328f6a5|rpc:127.0.0.1:36069|dataStream:|priority:1], old=null
2021-07-05 00:57:15,158 [b549a9a8-3457-4b53-9703-c9fae2cc989c@group-454D521CC898-LeaderElection7] INFO  impl.LeaderElection (LeaderElection.java:askForVotes(306)) - b549a9a8-3457-4b53-9703-c9fae2cc989c@group-454D521CC898-LeaderElection7 ELECTION round 0: submit vote requests at term 1 for -1: [b549a9a8-3457-4b53-9703-c9fae2cc989c|rpc:127.0.0.1:44095|priority:1], old=null
2021-07-05 00:57:15,158 [b549a9a8-3457-4b53-9703-c9fae2cc989c@group-454D521CC898-LeaderElection7] INFO  impl.LeaderElection (LeaderElection.java:askForVotes(308)) - b549a9a8-3457-4b53-9703-c9fae2cc989c@group-454D521CC898-LeaderElection7 ELECTION round 0: result PASSED (term=1)
2021-07-05 00:57:15,159 [b549a9a8-3457-4b53-9703-c9fae2cc989c@group-454D521CC898-LeaderElection7] INFO  impl.RoleInfo (RoleInfo.java:shutdownLeaderElection(121)) - b549a9a8-3457-4b53-9703-c9fae2cc989c: shutdown b549a9a8-3457-4b53-9703-c9fae2cc989c@group-454D521CC898-LeaderElection7
2021-07-05 00:57:15,159 [b549a9a8-3457-4b53-9703-c9fae2cc989c@group-454D521CC898-LeaderElection7] INFO  server.RaftServer$Division (RaftServerImpl.java:setRole(284)) - b549a9a8-3457-4b53-9703-c9fae2cc989c@group-454D521CC898: changes role from CANDIDATE to LEADER at term 1 for changeToLeader
2021-07-05 00:57:15,159 [b549a9a8-3457-4b53-9703-c9fae2cc989c@group-454D521CC898-LeaderElection7] INFO  ratis.XceiverServerRatis (XceiverServerRatis.java:handleLeaderChangedNotification(857)) - Leader change notification received for group: group-454D521CC898 with new leaderId: b549a9a8-3457-4b53-9703-c9fae2cc989c
2021-07-05 00:57:15,162 [EventQueue-OpenPipelineForHealthyPipelineSafeModeRule] INFO  safemode.SCMSafeModeManager (HealthyPipelineSafeModeRule.java:process(124)) - SCM in safe mode. Healthy pipelines reported count is 0, required healthy pipeline reported count is 1
2021-07-05 00:57:15,163 [EventQueue-OpenPipelineForHealthyPipelineSafeModeRule] INFO  safemode.SCMSafeModeManager (HealthyPipelineSafeModeRule.java:process(124)) - SCM in safe mode. Healthy pipelines reported count is 0, required healthy pipeline reported count is 1
2021-07-05 00:57:15,163 [b549a9a8-3457-4b53-9703-c9fae2cc989c@group-454D521CC898-LeaderElection7] INFO  server.RaftServer$Division (ServerState.java:setLeader(271)) - b549a9a8-3457-4b53-9703-c9fae2cc989c@group-454D521CC898: change Leader from null to b549a9a8-3457-4b53-9703-c9fae2cc989c at term 1 for becomeLeader, leader elected after 5200ms
2021-07-05 00:57:15,165 [b549a9a8-3457-4b53-9703-c9fae2cc989c@group-454D521CC898-LeaderElection7] INFO  server.RaftServerConfigKeys (ConfUtils.java:logGet(44)) - raft.server.staging.catchup.gap = 1000 (default)
2021-07-05 00:57:15,165 [b549a9a8-3457-4b53-9703-c9fae2cc989c@group-454D521CC898-LeaderElection7] INFO  metrics.RatisMetrics (RatisMetrics.java:lambda$create$0(36)) - Creating Metrics Registry : ratis.log_appender.b549a9a8-3457-4b53-9703-c9fae2cc989c@group-454D521CC898
2021-07-05 00:57:15,165 [b549a9a8-3457-4b53-9703-c9fae2cc989c@group-454D521CC898-LeaderElection7] INFO  server.RaftServerConfigKeys (ConfUtils.java:logGet(44)) - raft.server.write.element-limit = 1024 (custom)
2021-07-05 00:57:15,165 [b549a9a8-3457-4b53-9703-c9fae2cc989c@group-454D521CC898-LeaderElection7] INFO  server.RaftServerConfigKeys (ConfUtils.java:logGet(44)) - raft.server.write.byte-limit = 1073741824 (custom)
2021-07-05 00:57:15,165 [b549a9a8-3457-4b53-9703-c9fae2cc989c@group-454D521CC898-LeaderElection7] INFO  server.RaftServerConfigKeys (ConfUtils.java:logGet(44)) - raft.server.watch.timeout = 180s (custom)
2021-07-05 00:57:15,165 [b549a9a8-3457-4b53-9703-c9fae2cc989c@group-454D521CC898-LeaderElection7] INFO  server.RaftServerConfigKeys (ConfUtils.java:logGet(44)) - raft.server.watch.timeout.denomination = 1s (default)
2021-07-05 00:57:15,165 [b549a9a8-3457-4b53-9703-c9fae2cc989c@group-454D521CC898-LeaderElection7] INFO  server.RaftServerConfigKeys (ConfUtils.java:logGet(44)) - raft.server.watch.element-limit = 65536 (default)
2021-07-05 00:57:15,166 [b549a9a8-3457-4b53-9703-c9fae2cc989c@group-454D521CC898-LeaderElection7] INFO  impl.RoleInfo (RoleInfo.java:updateAndGet(130)) - b549a9a8-3457-4b53-9703-c9fae2cc989c: start b549a9a8-3457-4b53-9703-c9fae2cc989c@group-454D521CC898-LeaderStateImpl
2021-07-05 00:57:15,166 [b549a9a8-3457-4b53-9703-c9fae2cc989c@group-454D521CC898-LeaderElection7] INFO  segmented.SegmentedRaftLogWorker (SegmentedRaftLogWorker.java:startLogSegment(394)) - b549a9a8-3457-4b53-9703-c9fae2cc989c@group-454D521CC898-SegmentedRaftLogWorker: Starting segment from index:0
2021-07-05 00:57:15,167 [b549a9a8-3457-4b53-9703-c9fae2cc989c@group-454D521CC898-SegmentedRaftLogWorker] INFO  segmented.SegmentedRaftLogWorker (SegmentedRaftLogWorker.java:execute(601)) - b549a9a8-3457-4b53-9703-c9fae2cc989c@group-454D521CC898-SegmentedRaftLogWorker: created new log segment /home/runner/work/ozone/ozone/mnt/ozone/hadoop-ozone/integration-test/target/test-dir/MiniOzoneClusterImpl-47f02201-3656-42a8-b726-2c1689f4816b/datanode-1/data/ratis/4e22a062-1b5c-481b-ae09-454d521cc898/current/log_inprogress_0
2021-07-05 00:57:15,170 [b549a9a8-3457-4b53-9703-c9fae2cc989c@group-454D521CC898-LeaderElection7] INFO  server.RaftServer$Division (ServerState.java:setRaftConf(373)) - b549a9a8-3457-4b53-9703-c9fae2cc989c@group-454D521CC898: set configuration 0: [b549a9a8-3457-4b53-9703-c9fae2cc989c|rpc:127.0.0.1:44095|dataStream:|priority:1], old=null
2021-07-05 00:57:15,244 [b549a9a8-3457-4b53-9703-c9fae2cc989c@group-928675FAAF16-FollowerState] INFO  impl.FollowerState (FollowerState.java:run(134)) - b549a9a8-3457-4b53-9703-c9fae2cc989c@group-928675FAAF16-FollowerState: change to CANDIDATE, lastRpcElapsedTime:5160401616ns, electionTimeout:5154ms
2021-07-05 00:57:15,245 [b549a9a8-3457-4b53-9703-c9fae2cc989c@group-928675FAAF16-FollowerState] INFO  impl.RoleInfo (RoleInfo.java:shutdownFollowerState(108)) - b549a9a8-3457-4b53-9703-c9fae2cc989c: shutdown b549a9a8-3457-4b53-9703-c9fae2cc989c@group-928675FAAF16-FollowerState
2021-07-05 00:57:15,245 [b549a9a8-3457-4b53-9703-c9fae2cc989c@group-928675FAAF16-FollowerState] INFO  server.RaftServer$Division (RaftServerImpl.java:setRole(284)) - b549a9a8-3457-4b53-9703-c9fae2cc989c@group-928675FAAF16: changes role from  FOLLOWER to CANDIDATE at term 0 for changeToCandidate
2021-07-05 00:57:15,246 [b549a9a8-3457-4b53-9703-c9fae2cc989c@group-928675FAAF16-FollowerState] INFO  server.RaftServerConfigKeys (ConfUtils.java:logGet(44)) - raft.server.leaderelection.pre-vote = false (custom)
2021-07-05 00:57:15,246 [b549a9a8-3457-4b53-9703-c9fae2cc989c@group-928675FAAF16-FollowerState] INFO  impl.RoleInfo (RoleInfo.java:updateAndGet(130)) - b549a9a8-3457-4b53-9703-c9fae2cc989c: start b549a9a8-3457-4b53-9703-c9fae2cc989c@group-928675FAAF16-LeaderElection8
2021-07-05 00:57:15,252 [b549a9a8-3457-4b53-9703-c9fae2cc989c@group-928675FAAF16-LeaderElection8] INFO  impl.LeaderElection (LeaderElection.java:askForVotes(306)) - b549a9a8-3457-4b53-9703-c9fae2cc989c@group-928675FAAF16-LeaderElection8 ELECTION round 0: submit vote requests at term 1 for -1: [4428f99b-3864-401a-a30b-d8207dc31cfa|rpc:127.0.0.1:40939|priority:0, b549a9a8-3457-4b53-9703-c9fae2cc989c|rpc:127.0.0.1:44095|priority:0, 65d645ba-2b71-4ad7-bc66-74fd2328f6a5|rpc:127.0.0.1:36069|priority:1], old=null
2021-07-05 00:57:15,272 [grpc-default-executor-1] INFO  server.RaftServer$Division (RaftServerImpl.java:requestVote(1042)) - 4428f99b-3864-401a-a30b-d8207dc31cfa@group-928675FAAF16: receive requestVote(ELECTION, b549a9a8-3457-4b53-9703-c9fae2cc989c, group-928675FAAF16, 1, (t:0, i:0))
2021-07-05 00:57:15,273 [grpc-default-executor-1] INFO  impl.VoteContext (VoteContext.java:log(48)) - 4428f99b-3864-401a-a30b-d8207dc31cfa@group-928675FAAF16-FOLLOWER: accept ELECTION from b549a9a8-3457-4b53-9703-c9fae2cc989c: our priority 0 <= candidate's priority 0
2021-07-05 00:57:15,273 [grpc-default-executor-1] INFO  server.RaftServer$Division (RaftServerImpl.java:setRole(284)) - 4428f99b-3864-401a-a30b-d8207dc31cfa@group-928675FAAF16: changes role from  FOLLOWER to FOLLOWER at term 1 for candidate:b549a9a8-3457-4b53-9703-c9fae2cc989c
2021-07-05 00:57:15,273 [grpc-default-executor-1] INFO  impl.RoleInfo (RoleInfo.java:shutdownFollowerState(108)) - 4428f99b-3864-401a-a30b-d8207dc31cfa: shutdown 4428f99b-3864-401a-a30b-d8207dc31cfa@group-928675FAAF16-FollowerState
2021-07-05 00:57:15,273 [grpc-default-executor-1] INFO  impl.RoleInfo (RoleInfo.java:updateAndGet(130)) - 4428f99b-3864-401a-a30b-d8207dc31cfa: start 4428f99b-3864-401a-a30b-d8207dc31cfa@group-928675FAAF16-FollowerState
2021-07-05 00:57:15,273 [4428f99b-3864-401a-a30b-d8207dc31cfa@group-928675FAAF16-FollowerState] INFO  impl.FollowerState (FollowerState.java:run(143)) - 4428f99b-3864-401a-a30b-d8207dc31cfa@group-928675FAAF16-FollowerState was interrupted: {}
java.lang.InterruptedException: sleep interrupted
	at java.lang.Thread.sleep(Native Method)
	at java.lang.Thread.sleep(Thread.java:340)
	at java.util.concurrent.TimeUnit.sleep(TimeUnit.java:386)
	at org.apache.ratis.util.TimeDuration.sleep(TimeDuration.java:324)
	at org.apache.ratis.util.TimeDuration.sleep(TimeDuration.java:309)
	at org.apache.ratis.server.impl.FollowerState.run(FollowerState.java:118)
2021-07-05 00:57:15,279 [grpc-default-executor-0] INFO  server.RaftServer$Division (RaftServerImpl.java:requestVote(1042)) - 65d645ba-2b71-4ad7-bc66-74fd2328f6a5@group-928675FAAF16: receive requestVote(ELECTION, b549a9a8-3457-4b53-9703-c9fae2cc989c, group-928675FAAF16, 1, (t:0, i:0))
2021-07-05 00:57:15,279 [grpc-default-executor-0] INFO  impl.VoteContext (VoteContext.java:log(48)) - 65d645ba-2b71-4ad7-bc66-74fd2328f6a5@group-928675FAAF16-FOLLOWER: reject ELECTION from b549a9a8-3457-4b53-9703-c9fae2cc989c: our priority 1 > candidate's priority 0
2021-07-05 00:57:15,279 [grpc-default-executor-0] INFO  server.RaftServer$Division (RaftServerImpl.java:setRole(284)) - 65d645ba-2b71-4ad7-bc66-74fd2328f6a5@group-928675FAAF16: changes role from  FOLLOWER to FOLLOWER at term 1 for candidate:b549a9a8-3457-4b53-9703-c9fae2cc989c
2021-07-05 00:57:15,279 [grpc-default-executor-0] INFO  impl.RoleInfo (RoleInfo.java:shutdownFollowerState(108)) - 65d645ba-2b71-4ad7-bc66-74fd2328f6a5: shutdown 65d645ba-2b71-4ad7-bc66-74fd2328f6a5@group-928675FAAF16-FollowerState
2021-07-05 00:57:15,279 [65d645ba-2b71-4ad7-bc66-74fd2328f6a5@group-928675FAAF16-FollowerState] INFO  impl.FollowerState (FollowerState.java:run(143)) - 65d645ba-2b71-4ad7-bc66-74fd2328f6a5@group-928675FAAF16-FollowerState was interrupted: {}
java.lang.InterruptedException: sleep interrupted
	at java.lang.Thread.sleep(Native Method)
	at java.lang.Thread.sleep(Thread.java:340)
	at java.util.concurrent.TimeUnit.sleep(TimeUnit.java:386)
	at org.apache.ratis.util.TimeDuration.sleep(TimeDuration.java:324)
	at org.apache.ratis.util.TimeDuration.sleep(TimeDuration.java:309)
	at org.apache.ratis.server.impl.FollowerState.run(FollowerState.java:118)
2021-07-05 00:57:15,279 [grpc-default-executor-0] INFO  impl.RoleInfo (RoleInfo.java:updateAndGet(130)) - 65d645ba-2b71-4ad7-bc66-74fd2328f6a5: start 65d645ba-2b71-4ad7-bc66-74fd2328f6a5@group-928675FAAF16-FollowerState
2021-07-05 00:57:15,286 [grpc-default-executor-1] INFO  server.RaftServer$Division (RaftServerImpl.java:requestVote(1074)) - 4428f99b-3864-401a-a30b-d8207dc31cfa@group-928675FAAF16 replies to ELECTION vote request: b549a9a8-3457-4b53-9703-c9fae2cc989c<-4428f99b-3864-401a-a30b-d8207dc31cfa#0:OK-t1. Peer's state: 4428f99b-3864-401a-a30b-d8207dc31cfa@group-928675FAAF16:t1, leader=null, voted=b549a9a8-3457-4b53-9703-c9fae2cc989c, raftlog=4428f99b-3864-401a-a30b-d8207dc31cfa@group-928675FAAF16-SegmentedRaftLog:OPENED:c-1,f-1,i0, conf=-1: [4428f99b-3864-401a-a30b-d8207dc31cfa|rpc:127.0.0.1:40939|priority:0, b549a9a8-3457-4b53-9703-c9fae2cc989c|rpc:127.0.0.1:44095|priority:0, 65d645ba-2b71-4ad7-bc66-74fd2328f6a5|rpc:127.0.0.1:36069|priority:1], old=null
2021-07-05 00:57:15,286 [grpc-default-executor-0] INFO  server.RaftServer$Division (RaftServerImpl.java:requestVote(1074)) - 65d645ba-2b71-4ad7-bc66-74fd2328f6a5@group-928675FAAF16 replies to ELECTION vote request: b549a9a8-3457-4b53-9703-c9fae2cc989c<-65d645ba-2b71-4ad7-bc66-74fd2328f6a5#0:FAIL-t1. Peer's state: 65d645ba-2b71-4ad7-bc66-74fd2328f6a5@group-928675FAAF16:t1, leader=null, voted=null, raftlog=65d645ba-2b71-4ad7-bc66-74fd2328f6a5@group-928675FAAF16-SegmentedRaftLog:OPENED:c-1,f-1,i0, conf=-1: [4428f99b-3864-401a-a30b-d8207dc31cfa|rpc:127.0.0.1:40939|dataStream:|priority:0, b549a9a8-3457-4b53-9703-c9fae2cc989c|rpc:127.0.0.1:44095|dataStream:|priority:0, 65d645ba-2b71-4ad7-bc66-74fd2328f6a5|rpc:127.0.0.1:36069|dataStream:|priority:1], old=null
2021-07-05 00:57:15,293 [b549a9a8-3457-4b53-9703-c9fae2cc989c@group-928675FAAF16-LeaderElection8] INFO  impl.LeaderElection (LeaderElection.java:logAndReturn(89)) - b549a9a8-3457-4b53-9703-c9fae2cc989c@group-928675FAAF16-LeaderElection8: ELECTION REJECTED received 2 response(s) and 0 exception(s):
2021-07-05 00:57:15,294 [b549a9a8-3457-4b53-9703-c9fae2cc989c@group-928675FAAF16-LeaderElection8] INFO  impl.LeaderElection (LeaderElection.java:logAndReturn(93)) -   Response 0: b549a9a8-3457-4b53-9703-c9fae2cc989c<-4428f99b-3864-401a-a30b-d8207dc31cfa#0:OK-t1
2021-07-05 00:57:15,294 [b549a9a8-3457-4b53-9703-c9fae2cc989c@group-928675FAAF16-LeaderElection8] INFO  impl.LeaderElection (LeaderElection.java:logAndReturn(93)) -   Response 1: b549a9a8-3457-4b53-9703-c9fae2cc989c<-65d645ba-2b71-4ad7-bc66-74fd2328f6a5#0:FAIL-t1
2021-07-05 00:57:15,294 [b549a9a8-3457-4b53-9703-c9fae2cc989c@group-928675FAAF16-LeaderElection8] INFO  impl.LeaderElection (LeaderElection.java:askForVotes(308)) - b549a9a8-3457-4b53-9703-c9fae2cc989c@group-928675FAAF16-LeaderElection8 ELECTION round 0: result REJECTED
2021-07-05 00:57:15,294 [b549a9a8-3457-4b53-9703-c9fae2cc989c@group-928675FAAF16-LeaderElection8] INFO  server.RaftServer$Division (RaftServerImpl.java:setRole(284)) - b549a9a8-3457-4b53-9703-c9fae2cc989c@group-928675FAAF16: changes role from CANDIDATE to FOLLOWER at term 1 for REJECTED
2021-07-05 00:57:15,295 [b549a9a8-3457-4b53-9703-c9fae2cc989c@group-928675FAAF16-LeaderElection8] INFO  impl.RoleInfo (RoleInfo.java:shutdownLeaderElection(121)) - b549a9a8-3457-4b53-9703-c9fae2cc989c: shutdown b549a9a8-3457-4b53-9703-c9fae2cc989c@group-928675FAAF16-LeaderElection8
2021-07-05 00:57:15,295 [b549a9a8-3457-4b53-9703-c9fae2cc989c@group-928675FAAF16-LeaderElection8] INFO  impl.RoleInfo (RoleInfo.java:updateAndGet(130)) - b549a9a8-3457-4b53-9703-c9fae2cc989c: start b549a9a8-3457-4b53-9703-c9fae2cc989c@group-928675FAAF16-FollowerState
2021-07-05 00:57:15,982 [Listener at 127.0.0.1/12256] INFO  ozone.MiniOzoneClusterImpl (MiniOzoneClusterImpl.java:lambda$waitForClusterToBeReady$0(227)) - Nodes are ready. Got 3 of 3 DN Heartbeats.
2021-07-05 00:57:15,983 [Listener at 127.0.0.1/12256] INFO  ozone.MiniOzoneClusterImpl (MiniOzoneClusterImpl.java:lambda$waitForClusterToBeReady$0(230)) - Waiting for cluster to exit safe mode
2021-07-05 00:57:15,984 [Listener at 127.0.0.1/12256] INFO  ozone.MiniOzoneClusterImpl (MiniOzoneClusterImpl.java:lambda$waitForClusterToBeReady$0(232)) - SCM became leader
2021-07-05 00:57:16,984 [Listener at 127.0.0.1/12256] INFO  ozone.MiniOzoneClusterImpl (MiniOzoneClusterImpl.java:lambda$waitForClusterToBeReady$0(227)) - Nodes are ready. Got 3 of 3 DN Heartbeats.
2021-07-05 00:57:16,984 [Listener at 127.0.0.1/12256] INFO  ozone.MiniOzoneClusterImpl (MiniOzoneClusterImpl.java:lambda$waitForClusterToBeReady$0(230)) - Waiting for cluster to exit safe mode
2021-07-05 00:57:16,984 [Listener at 127.0.0.1/12256] INFO  ozone.MiniOzoneClusterImpl (MiniOzoneClusterImpl.java:lambda$waitForClusterToBeReady$0(232)) - SCM became leader
2021-07-05 00:57:17,161 [Datanode State Machine Thread - 0] ERROR datanode.RunningDatanodeState (RunningDatanodeState.java:computeNextContainerState(199)) - Error in executing end point task.
java.util.concurrent.ExecutionException: java.util.concurrent.TimeoutException
	at java.util.concurrent.FutureTask.report(FutureTask.java:122)
	at java.util.concurrent.FutureTask.get(FutureTask.java:192)
	at org.apache.hadoop.ozone.container.common.states.datanode.RunningDatanodeState.computeNextContainerState(RunningDatanodeState.java:191)
	at org.apache.hadoop.ozone.container.common.states.datanode.RunningDatanodeState.await(RunningDatanodeState.java:231)
	at org.apache.hadoop.ozone.container.common.states.datanode.RunningDatanodeState.await(RunningDatanodeState.java:50)
	at org.apache.hadoop.ozone.container.common.statemachine.StateContext.execute(StateContext.java:629)
	at org.apache.hadoop.ozone.container.common.statemachine.DatanodeStateMachine.start(DatanodeStateMachine.java:244)
	at org.apache.hadoop.ozone.container.common.statemachine.DatanodeStateMachine.lambda$startDaemon$0(DatanodeStateMachine.java:429)
	at java.lang.Thread.run(Thread.java:748)
Caused by: java.util.concurrent.TimeoutException
	at java.util.concurrent.FutureTask.get(FutureTask.java:205)
	at org.apache.hadoop.ozone.container.common.states.datanode.RunningDatanodeState.lambda$execute$0(RunningDatanodeState.java:149)
	at java.util.concurrent.FutureTask.run(FutureTask.java:266)
	at java.util.concurrent.Executors$RunnableAdapter.call(Executors.java:511)
	at java.util.concurrent.FutureTask.run(FutureTask.java:266)
	at java.util.concurrent.ThreadPoolExecutor.runWorker(ThreadPoolExecutor.java:1149)
	at java.util.concurrent.ThreadPoolExecutor$Worker.run(ThreadPoolExecutor.java:624)
	... 1 more
2021-07-05 00:57:17,985 [Listener at 127.0.0.1/12256] INFO  ozone.MiniOzoneClusterImpl (MiniOzoneClusterImpl.java:lambda$waitForClusterToBeReady$0(227)) - Nodes are ready. Got 3 of 3 DN Heartbeats.
2021-07-05 00:57:17,985 [Listener at 127.0.0.1/12256] INFO  ozone.MiniOzoneClusterImpl (MiniOzoneClusterImpl.java:lambda$waitForClusterToBeReady$0(230)) - Waiting for cluster to exit safe mode
2021-07-05 00:57:17,985 [Listener at 127.0.0.1/12256] INFO  ozone.MiniOzoneClusterImpl (MiniOzoneClusterImpl.java:lambda$waitForClusterToBeReady$0(232)) - SCM became leader
2021-07-05 00:57:18,987 [Listener at 127.0.0.1/12256] INFO  ozone.MiniOzoneClusterImpl (MiniOzoneClusterImpl.java:lambda$waitForClusterToBeReady$0(227)) - Nodes are ready. Got 3 of 3 DN Heartbeats.
2021-07-05 00:57:18,988 [Listener at 127.0.0.1/12256] INFO  ozone.MiniOzoneClusterImpl (MiniOzoneClusterImpl.java:lambda$waitForClusterToBeReady$0(230)) - Waiting for cluster to exit safe mode
2021-07-05 00:57:18,988 [Listener at 127.0.0.1/12256] INFO  ozone.MiniOzoneClusterImpl (MiniOzoneClusterImpl.java:lambda$waitForClusterToBeReady$0(232)) - SCM became leader
2021-07-05 00:57:19,134 [Datanode State Machine Thread - 0] ERROR datanode.RunningDatanodeState (RunningDatanodeState.java:computeNextContainerState(199)) - Error in executing end point task.
java.util.concurrent.ExecutionException: java.util.concurrent.TimeoutException
	at java.util.concurrent.FutureTask.report(FutureTask.java:122)
	at java.util.concurrent.FutureTask.get(FutureTask.java:192)
	at org.apache.hadoop.ozone.container.common.states.datanode.RunningDatanodeState.computeNextContainerState(RunningDatanodeState.java:191)
	at org.apache.hadoop.ozone.container.common.states.datanode.RunningDatanodeState.await(RunningDatanodeState.java:231)
	at org.apache.hadoop.ozone.container.common.states.datanode.RunningDatanodeState.await(RunningDatanodeState.java:50)
	at org.apache.hadoop.ozone.container.common.statemachine.StateContext.execute(StateContext.java:629)
	at org.apache.hadoop.ozone.container.common.statemachine.DatanodeStateMachine.start(DatanodeStateMachine.java:244)
	at org.apache.hadoop.ozone.container.common.statemachine.DatanodeStateMachine.lambda$startDaemon$0(DatanodeStateMachine.java:429)
	at java.lang.Thread.run(Thread.java:748)
Caused by: java.util.concurrent.TimeoutException
	at java.util.concurrent.FutureTask.get(FutureTask.java:205)
	at org.apache.hadoop.ozone.container.common.states.datanode.RunningDatanodeState.lambda$execute$0(RunningDatanodeState.java:149)
	at java.util.concurrent.FutureTask.run(FutureTask.java:266)
	at java.util.concurrent.Executors$RunnableAdapter.call(Executors.java:511)
	at java.util.concurrent.FutureTask.run(FutureTask.java:266)
	at java.util.concurrent.ThreadPoolExecutor.runWorker(ThreadPoolExecutor.java:1149)
	at java.util.concurrent.ThreadPoolExecutor$Worker.run(ThreadPoolExecutor.java:624)
	... 1 more
2021-07-05 00:57:19,783 [Datanode State Machine Thread - 0] ERROR datanode.RunningDatanodeState (RunningDatanodeState.java:computeNextContainerState(199)) - Error in executing end point task.
java.util.concurrent.ExecutionException: java.util.concurrent.TimeoutException
	at java.util.concurrent.FutureTask.report(FutureTask.java:122)
	at java.util.concurrent.FutureTask.get(FutureTask.java:192)
	at org.apache.hadoop.ozone.container.common.states.datanode.RunningDatanodeState.computeNextContainerState(RunningDatanodeState.java:191)
	at org.apache.hadoop.ozone.container.common.states.datanode.RunningDatanodeState.await(RunningDatanodeState.java:231)
	at org.apache.hadoop.ozone.container.common.states.datanode.RunningDatanodeState.await(RunningDatanodeState.java:50)
	at org.apache.hadoop.ozone.container.common.statemachine.StateContext.execute(StateContext.java:629)
	at org.apache.hadoop.ozone.container.common.statemachine.DatanodeStateMachine.start(DatanodeStateMachine.java:244)
	at org.apache.hadoop.ozone.container.common.statemachine.DatanodeStateMachine.lambda$startDaemon$0(DatanodeStateMachine.java:429)
	at java.lang.Thread.run(Thread.java:748)
Caused by: java.util.concurrent.TimeoutException
	at java.util.concurrent.FutureTask.get(FutureTask.java:205)
	at org.apache.hadoop.ozone.container.common.states.datanode.RunningDatanodeState.lambda$execute$0(RunningDatanodeState.java:149)
	at java.util.concurrent.FutureTask.run(FutureTask.java:266)
	at java.util.concurrent.Executors$RunnableAdapter.call(Executors.java:511)
	at java.util.concurrent.FutureTask.run(FutureTask.java:266)
	at java.util.concurrent.ThreadPoolExecutor.runWorker(ThreadPoolExecutor.java:1149)
	at java.util.concurrent.ThreadPoolExecutor$Worker.run(ThreadPoolExecutor.java:624)
	... 1 more
2021-07-05 00:57:19,988 [Listener at 127.0.0.1/12256] INFO  ozone.MiniOzoneClusterImpl (MiniOzoneClusterImpl.java:lambda$waitForClusterToBeReady$0(227)) - Nodes are ready. Got 3 of 3 DN Heartbeats.
2021-07-05 00:57:19,989 [Listener at 127.0.0.1/12256] INFO  ozone.MiniOzoneClusterImpl (MiniOzoneClusterImpl.java:lambda$waitForClusterToBeReady$0(230)) - Waiting for cluster to exit safe mode
2021-07-05 00:57:19,989 [Listener at 127.0.0.1/12256] INFO  ozone.MiniOzoneClusterImpl (MiniOzoneClusterImpl.java:lambda$waitForClusterToBeReady$0(232)) - SCM became leader
2021-07-05 00:57:20,048 [b549a9a8-3457-4b53-9703-c9fae2cc989c@group-49C9F103C6FA-FollowerState] INFO  impl.FollowerState (FollowerState.java:run(134)) - b549a9a8-3457-4b53-9703-c9fae2cc989c@group-49C9F103C6FA-FollowerState: change to CANDIDATE, lastRpcElapsedTime:5118022051ns, electionTimeout:5108ms
2021-07-05 00:57:20,049 [b549a9a8-3457-4b53-9703-c9fae2cc989c@group-49C9F103C6FA-FollowerState] INFO  impl.RoleInfo (RoleInfo.java:shutdownFollowerState(108)) - b549a9a8-3457-4b53-9703-c9fae2cc989c: shutdown b549a9a8-3457-4b53-9703-c9fae2cc989c@group-49C9F103C6FA-FollowerState
2021-07-05 00:57:20,049 [b549a9a8-3457-4b53-9703-c9fae2cc989c@group-49C9F103C6FA-FollowerState] INFO  server.RaftServer$Division (RaftServerImpl.java:setRole(284)) - b549a9a8-3457-4b53-9703-c9fae2cc989c@group-49C9F103C6FA: changes role from  FOLLOWER to CANDIDATE at term 1 for changeToCandidate
2021-07-05 00:57:20,049 [b549a9a8-3457-4b53-9703-c9fae2cc989c@group-49C9F103C6FA-FollowerState] INFO  server.RaftServerConfigKeys (ConfUtils.java:logGet(44)) - raft.server.leaderelection.pre-vote = false (custom)
2021-07-05 00:57:20,049 [b549a9a8-3457-4b53-9703-c9fae2cc989c@group-49C9F103C6FA-FollowerState] INFO  impl.RoleInfo (RoleInfo.java:updateAndGet(130)) - b549a9a8-3457-4b53-9703-c9fae2cc989c: start b549a9a8-3457-4b53-9703-c9fae2cc989c@group-49C9F103C6FA-LeaderElection9
2021-07-05 00:57:20,052 [b549a9a8-3457-4b53-9703-c9fae2cc989c@group-49C9F103C6FA-LeaderElection9] INFO  impl.LeaderElection (LeaderElection.java:askForVotes(306)) - b549a9a8-3457-4b53-9703-c9fae2cc989c@group-49C9F103C6FA-LeaderElection9 ELECTION round 0: submit vote requests at term 2 for -1: [4428f99b-3864-401a-a30b-d8207dc31cfa|rpc:127.0.0.1:40939|dataStream:|priority:0, b549a9a8-3457-4b53-9703-c9fae2cc989c|rpc:127.0.0.1:44095|dataStream:|priority:1, 65d645ba-2b71-4ad7-bc66-74fd2328f6a5|rpc:127.0.0.1:36069|dataStream:|priority:0], old=null
2021-07-05 00:57:20,057 [grpc-default-executor-0] INFO  server.RaftServer$Division (RaftServerImpl.java:requestVote(1042)) - 65d645ba-2b71-4ad7-bc66-74fd2328f6a5@group-49C9F103C6FA: receive requestVote(ELECTION, b549a9a8-3457-4b53-9703-c9fae2cc989c, group-49C9F103C6FA, 2, (t:0, i:0))
2021-07-05 00:57:20,057 [grpc-default-executor-1] INFO  server.RaftServer$Division (RaftServerImpl.java:requestVote(1042)) - 4428f99b-3864-401a-a30b-d8207dc31cfa@group-49C9F103C6FA: receive requestVote(ELECTION, b549a9a8-3457-4b53-9703-c9fae2cc989c, group-49C9F103C6FA, 2, (t:0, i:0))
2021-07-05 00:57:20,058 [grpc-default-executor-1] INFO  impl.VoteContext (VoteContext.java:log(48)) - 4428f99b-3864-401a-a30b-d8207dc31cfa@group-49C9F103C6FA-FOLLOWER: accept ELECTION from b549a9a8-3457-4b53-9703-c9fae2cc989c: our priority 0 <= candidate's priority 1
2021-07-05 00:57:20,058 [grpc-default-executor-1] INFO  server.RaftServer$Division (RaftServerImpl.java:setRole(284)) - 4428f99b-3864-401a-a30b-d8207dc31cfa@group-49C9F103C6FA: changes role from  FOLLOWER to FOLLOWER at term 2 for candidate:b549a9a8-3457-4b53-9703-c9fae2cc989c
2021-07-05 00:57:20,058 [grpc-default-executor-1] INFO  impl.RoleInfo (RoleInfo.java:shutdownFollowerState(108)) - 4428f99b-3864-401a-a30b-d8207dc31cfa: shutdown 4428f99b-3864-401a-a30b-d8207dc31cfa@group-49C9F103C6FA-FollowerState
2021-07-05 00:57:20,058 [grpc-default-executor-1] INFO  impl.RoleInfo (RoleInfo.java:updateAndGet(130)) - 4428f99b-3864-401a-a30b-d8207dc31cfa: start 4428f99b-3864-401a-a30b-d8207dc31cfa@group-49C9F103C6FA-FollowerState
2021-07-05 00:57:20,058 [4428f99b-3864-401a-a30b-d8207dc31cfa@group-49C9F103C6FA-FollowerState] INFO  impl.FollowerState (FollowerState.java:run(143)) - 4428f99b-3864-401a-a30b-d8207dc31cfa@group-49C9F103C6FA-FollowerState was interrupted: {}
java.lang.InterruptedException: sleep interrupted
	at java.lang.Thread.sleep(Native Method)
	at java.lang.Thread.sleep(Thread.java:340)
	at java.util.concurrent.TimeUnit.sleep(TimeUnit.java:386)
	at org.apache.ratis.util.TimeDuration.sleep(TimeDuration.java:324)
	at org.apache.ratis.util.TimeDuration.sleep(TimeDuration.java:309)
	at org.apache.ratis.server.impl.FollowerState.run(FollowerState.java:118)
2021-07-05 00:57:20,058 [grpc-default-executor-0] INFO  impl.VoteContext (VoteContext.java:log(48)) - 65d645ba-2b71-4ad7-bc66-74fd2328f6a5@group-49C9F103C6FA-FOLLOWER: accept ELECTION from b549a9a8-3457-4b53-9703-c9fae2cc989c: our priority 0 <= candidate's priority 1
2021-07-05 00:57:20,059 [grpc-default-executor-0] INFO  server.RaftServer$Division (RaftServerImpl.java:setRole(284)) - 65d645ba-2b71-4ad7-bc66-74fd2328f6a5@group-49C9F103C6FA: changes role from  FOLLOWER to FOLLOWER at term 2 for candidate:b549a9a8-3457-4b53-9703-c9fae2cc989c
2021-07-05 00:57:20,059 [grpc-default-executor-0] INFO  impl.RoleInfo (RoleInfo.java:shutdownFollowerState(108)) - 65d645ba-2b71-4ad7-bc66-74fd2328f6a5: shutdown 65d645ba-2b71-4ad7-bc66-74fd2328f6a5@group-49C9F103C6FA-FollowerState
2021-07-05 00:57:20,064 [grpc-default-executor-0] INFO  impl.RoleInfo (RoleInfo.java:updateAndGet(130)) - 65d645ba-2b71-4ad7-bc66-74fd2328f6a5: start 65d645ba-2b71-4ad7-bc66-74fd2328f6a5@group-49C9F103C6FA-FollowerState
2021-07-05 00:57:20,064 [65d645ba-2b71-4ad7-bc66-74fd2328f6a5@group-49C9F103C6FA-FollowerState] INFO  impl.FollowerState (FollowerState.java:run(143)) - 65d645ba-2b71-4ad7-bc66-74fd2328f6a5@group-49C9F103C6FA-FollowerState was interrupted: {}
java.lang.InterruptedException: sleep interrupted
	at java.lang.Thread.sleep(Native Method)
	at java.lang.Thread.sleep(Thread.java:340)
	at java.util.concurrent.TimeUnit.sleep(TimeUnit.java:386)
	at org.apache.ratis.util.TimeDuration.sleep(TimeDuration.java:324)
	at org.apache.ratis.util.TimeDuration.sleep(TimeDuration.java:309)
	at org.apache.ratis.server.impl.FollowerState.run(FollowerState.java:118)
2021-07-05 00:57:20,066 [grpc-default-executor-1] INFO  server.RaftServer$Division (RaftServerImpl.java:requestVote(1074)) - 4428f99b-3864-401a-a30b-d8207dc31cfa@group-49C9F103C6FA replies to ELECTION vote request: b549a9a8-3457-4b53-9703-c9fae2cc989c<-4428f99b-3864-401a-a30b-d8207dc31cfa#0:OK-t2. Peer's state: 4428f99b-3864-401a-a30b-d8207dc31cfa@group-49C9F103C6FA:t2, leader=null, voted=b549a9a8-3457-4b53-9703-c9fae2cc989c, raftlog=4428f99b-3864-401a-a30b-d8207dc31cfa@group-49C9F103C6FA-SegmentedRaftLog:OPENED:c-1,f-1,i0, conf=-1: [4428f99b-3864-401a-a30b-d8207dc31cfa|rpc:127.0.0.1:40939|priority:0, b549a9a8-3457-4b53-9703-c9fae2cc989c|rpc:127.0.0.1:44095|priority:1, 65d645ba-2b71-4ad7-bc66-74fd2328f6a5|rpc:127.0.0.1:36069|priority:0], old=null
2021-07-05 00:57:20,067 [grpc-default-executor-0] INFO  server.RaftServer$Division (RaftServerImpl.java:requestVote(1074)) - 65d645ba-2b71-4ad7-bc66-74fd2328f6a5@group-49C9F103C6FA replies to ELECTION vote request: b549a9a8-3457-4b53-9703-c9fae2cc989c<-65d645ba-2b71-4ad7-bc66-74fd2328f6a5#0:OK-t2. Peer's state: 65d645ba-2b71-4ad7-bc66-74fd2328f6a5@group-49C9F103C6FA:t2, leader=null, voted=b549a9a8-3457-4b53-9703-c9fae2cc989c, raftlog=65d645ba-2b71-4ad7-bc66-74fd2328f6a5@group-49C9F103C6FA-SegmentedRaftLog:OPENED:c-1,f-1,i0, conf=-1: [4428f99b-3864-401a-a30b-d8207dc31cfa|rpc:127.0.0.1:40939|priority:0, b549a9a8-3457-4b53-9703-c9fae2cc989c|rpc:127.0.0.1:44095|priority:1, 65d645ba-2b71-4ad7-bc66-74fd2328f6a5|rpc:127.0.0.1:36069|priority:0], old=null
2021-07-05 00:57:20,072 [b549a9a8-3457-4b53-9703-c9fae2cc989c@group-49C9F103C6FA-LeaderElection9] INFO  impl.LeaderElection (LeaderElection.java:logAndReturn(89)) - b549a9a8-3457-4b53-9703-c9fae2cc989c@group-49C9F103C6FA-LeaderElection9: ELECTION PASSED received 1 response(s) and 0 exception(s):
2021-07-05 00:57:20,073 [b549a9a8-3457-4b53-9703-c9fae2cc989c@group-49C9F103C6FA-LeaderElection9] INFO  impl.LeaderElection (LeaderElection.java:logAndReturn(93)) -   Response 0: b549a9a8-3457-4b53-9703-c9fae2cc989c<-65d645ba-2b71-4ad7-bc66-74fd2328f6a5#0:OK-t2
2021-07-05 00:57:20,074 [b549a9a8-3457-4b53-9703-c9fae2cc989c@group-49C9F103C6FA-LeaderElection9] INFO  impl.LeaderElection (LeaderElection.java:askForVotes(308)) - b549a9a8-3457-4b53-9703-c9fae2cc989c@group-49C9F103C6FA-LeaderElection9 ELECTION round 0: result PASSED
2021-07-05 00:57:20,074 [b549a9a8-3457-4b53-9703-c9fae2cc989c@group-49C9F103C6FA-LeaderElection9] INFO  impl.RoleInfo (RoleInfo.java:shutdownLeaderElection(121)) - b549a9a8-3457-4b53-9703-c9fae2cc989c: shutdown b549a9a8-3457-4b53-9703-c9fae2cc989c@group-49C9F103C6FA-LeaderElection9
2021-07-05 00:57:20,074 [b549a9a8-3457-4b53-9703-c9fae2cc989c@group-49C9F103C6FA-LeaderElection9] INFO  server.RaftServer$Division (RaftServerImpl.java:setRole(284)) - b549a9a8-3457-4b53-9703-c9fae2cc989c@group-49C9F103C6FA: changes role from CANDIDATE to LEADER at term 2 for changeToLeader
2021-07-05 00:57:20,074 [b549a9a8-3457-4b53-9703-c9fae2cc989c@group-49C9F103C6FA-LeaderElection9] INFO  ratis.XceiverServerRatis (XceiverServerRatis.java:handleLeaderChangedNotification(857)) - Leader change notification received for group: group-49C9F103C6FA with new leaderId: b549a9a8-3457-4b53-9703-c9fae2cc989c
2021-07-05 00:57:20,074 [b549a9a8-3457-4b53-9703-c9fae2cc989c@group-49C9F103C6FA-LeaderElection9] INFO  server.RaftServer$Division (ServerState.java:setLeader(271)) - b549a9a8-3457-4b53-9703-c9fae2cc989c@group-49C9F103C6FA: change Leader from null to b549a9a8-3457-4b53-9703-c9fae2cc989c at term 2 for becomeLeader, leader elected after 10153ms
2021-07-05 00:57:20,074 [b549a9a8-3457-4b53-9703-c9fae2cc989c@group-49C9F103C6FA-LeaderElection9] INFO  server.RaftServerConfigKeys (ConfUtils.java:logGet(44)) - raft.server.staging.catchup.gap = 1000 (default)
2021-07-05 00:57:20,074 [b549a9a8-3457-4b53-9703-c9fae2cc989c@group-49C9F103C6FA-LeaderElection9] INFO  metrics.RatisMetrics (RatisMetrics.java:lambda$create$0(36)) - Creating Metrics Registry : ratis.log_appender.b549a9a8-3457-4b53-9703-c9fae2cc989c@group-49C9F103C6FA
2021-07-05 00:57:20,075 [b549a9a8-3457-4b53-9703-c9fae2cc989c@group-49C9F103C6FA-LeaderElection9] INFO  server.RaftServerConfigKeys (ConfUtils.java:logGet(44)) - raft.server.write.element-limit = 1024 (custom)
2021-07-05 00:57:20,075 [b549a9a8-3457-4b53-9703-c9fae2cc989c@group-49C9F103C6FA-LeaderElection9] INFO  server.RaftServerConfigKeys (ConfUtils.java:logGet(44)) - raft.server.write.byte-limit = 1073741824 (custom)
2021-07-05 00:57:20,075 [b549a9a8-3457-4b53-9703-c9fae2cc989c@group-49C9F103C6FA-LeaderElection9] INFO  server.RaftServerConfigKeys (ConfUtils.java:logGet(44)) - raft.server.watch.timeout = 180s (custom)
2021-07-05 00:57:20,075 [b549a9a8-3457-4b53-9703-c9fae2cc989c@group-49C9F103C6FA-LeaderElection9] INFO  server.RaftServerConfigKeys (ConfUtils.java:logGet(44)) - raft.server.watch.timeout.denomination = 1s (default)
2021-07-05 00:57:20,075 [b549a9a8-3457-4b53-9703-c9fae2cc989c@group-49C9F103C6FA-LeaderElection9] INFO  server.RaftServerConfigKeys (ConfUtils.java:logGet(44)) - raft.server.watch.element-limit = 65536 (default)
2021-07-05 00:57:20,075 [b549a9a8-3457-4b53-9703-c9fae2cc989c@group-49C9F103C6FA-LeaderElection9] INFO  server.RaftServerConfigKeys (ConfUtils.java:logGet(44)) - raft.server.log.appender.snapshot.chunk.size.max = 16MB (=16777216) (default)
2021-07-05 00:57:20,075 [b549a9a8-3457-4b53-9703-c9fae2cc989c@group-49C9F103C6FA-LeaderElection9] INFO  server.RaftServerConfigKeys (ConfUtils.java:logGet(44)) - raft.server.log.appender.buffer.byte-limit = 33554432 (custom)
2021-07-05 00:57:20,075 [b549a9a8-3457-4b53-9703-c9fae2cc989c@group-49C9F103C6FA-LeaderElection9] INFO  server.RaftServerConfigKeys (ConfUtils.java:logGet(44)) - raft.server.log.appender.buffer.element-limit = 1 (custom)
2021-07-05 00:57:20,076 [b549a9a8-3457-4b53-9703-c9fae2cc989c@group-49C9F103C6FA-LeaderElection9] INFO  grpc.GrpcConfigKeys (ConfUtils.java:logGet(44)) - raft.grpc.server.leader.outstanding.appends.max = 128 (default)
2021-07-05 00:57:20,077 [EventQueue-PipelineReportForPipelineReportHandler] INFO  pipeline.PipelineManagerV2Impl (PipelineManagerV2Impl.java:openPipeline(270)) - Pipeline Pipeline[ Id: d654393b-6ac2-4eb1-945d-49c9f103c6fa, Nodes: b549a9a8-3457-4b53-9703-c9fae2cc989c{ip: 127.0.0.1, host: localhost, ports: [REPLICATION=35315, RATIS=44095, RATIS_ADMIN=44095, RATIS_SERVER=44095, STANDALONE=46049], networkLocation: /default-rack, certSerialId: null, persistedOpState: IN_SERVICE, persistedOpStateExpiryEpochSec: 0}4428f99b-3864-401a-a30b-d8207dc31cfa{ip: 127.0.0.1, host: localhost, ports: [REPLICATION=44873, RATIS=40939, RATIS_ADMIN=40939, RATIS_SERVER=40939, STANDALONE=45343], networkLocation: /default-rack, certSerialId: null, persistedOpState: IN_SERVICE, persistedOpStateExpiryEpochSec: 0}65d645ba-2b71-4ad7-bc66-74fd2328f6a5{ip: 127.0.0.1, host: localhost, ports: [REPLICATION=42645, RATIS=36069, RATIS_ADMIN=36069, RATIS_SERVER=36069, STANDALONE=32841], networkLocation: /default-rack, certSerialId: null, persistedOpState: IN_SERVICE, persistedOpStateExpiryEpochSec: 0}, ReplicationConfig: RATIS/THREE, State:ALLOCATED, leaderId:b549a9a8-3457-4b53-9703-c9fae2cc989c, CreationTimestamp2021-07-05T00:57:07.002Z] moved to OPEN state
2021-07-05 00:57:20,077 [EventQueue-PipelineReportForPipelineReportHandler] INFO  pipeline.PipelineManagerV2Impl (PipelineManagerV2Impl.java:openPipeline(270)) - Pipeline Pipeline[ Id: d654393b-6ac2-4eb1-945d-49c9f103c6fa, Nodes: b549a9a8-3457-4b53-9703-c9fae2cc989c{ip: 127.0.0.1, host: localhost, ports: [REPLICATION=35315, RATIS=44095, RATIS_ADMIN=44095, RATIS_SERVER=44095, STANDALONE=46049], networkLocation: /default-rack, certSerialId: null, persistedOpState: IN_SERVICE, persistedOpStateExpiryEpochSec: 0}4428f99b-3864-401a-a30b-d8207dc31cfa{ip: 127.0.0.1, host: localhost, ports: [REPLICATION=44873, RATIS=40939, RATIS_ADMIN=40939, RATIS_SERVER=40939, STANDALONE=45343], networkLocation: /default-rack, certSerialId: null, persistedOpState: IN_SERVICE, persistedOpStateExpiryEpochSec: 0}65d645ba-2b71-4ad7-bc66-74fd2328f6a5{ip: 127.0.0.1, host: localhost, ports: [REPLICATION=42645, RATIS=36069, RATIS_ADMIN=36069, RATIS_SERVER=36069, STANDALONE=32841], networkLocation: /default-rack, certSerialId: null, persistedOpState: IN_SERVICE, persistedOpStateExpiryEpochSec: 0}, ReplicationConfig: RATIS/THREE, State:ALLOCATED, leaderId:b549a9a8-3457-4b53-9703-c9fae2cc989c, CreationTimestamp2021-07-05T00:57:07.002Z] moved to OPEN state
2021-07-05 00:57:20,089 [EventQueue-PipelineReportForPipelineReportHandler] INFO  ha.SCMHAInvocationHandler (SCMHAInvocationHandler.java:invokeRatis(113)) - Invoking method public abstract void org.apache.hadoop.hdds.scm.pipeline.StateManager.updatePipelineState(org.apache.hadoop.hdds.protocol.proto.HddsProtos$PipelineID,org.apache.hadoop.hdds.protocol.proto.HddsProtos$PipelineState) throws java.io.IOException on target org.apache.hadoop.hdds.scm.ha.SCMRatisServerImpl@302bcbbd, cost 417.997us
2021-07-05 00:57:20,089 [EventQueue-OpenPipelineForHealthyPipelineSafeModeRule] INFO  safemode.SCMSafeModeManager (HealthyPipelineSafeModeRule.java:process(124)) - SCM in safe mode. Healthy pipelines reported count is 0, required healthy pipeline reported count is 1
2021-07-05 00:57:20,077 [b549a9a8-3457-4b53-9703-c9fae2cc989c@group-49C9F103C6FA-LeaderElection9] INFO  server.RaftServerConfigKeys (ConfUtils.java:logGet(44)) - raft.server.rpc.request.timeout = 60s (custom)
2021-07-05 00:57:20,093 [b549a9a8-3457-4b53-9703-c9fae2cc989c@group-49C9F103C6FA-LeaderElection9] INFO  server.RaftServerConfigKeys (ConfUtils.java:logGet(44)) - raft.server.log.appender.install.snapshot.enabled = false (custom)
2021-07-05 00:57:20,093 [b549a9a8-3457-4b53-9703-c9fae2cc989c@group-49C9F103C6FA-LeaderElection9] INFO  metrics.RatisMetrics (RatisMetrics.java:lambda$create$0(36)) - Creating Metrics Registry : ratis_grpc.log_appender.b549a9a8-3457-4b53-9703-c9fae2cc989c@group-49C9F103C6FA
2021-07-05 00:57:20,096 [b549a9a8-3457-4b53-9703-c9fae2cc989c@group-49C9F103C6FA-LeaderElection9] INFO  server.RaftServerConfigKeys (ConfUtils.java:logGet(44)) - raft.server.log.appender.snapshot.chunk.size.max = 16MB (=16777216) (default)
2021-07-05 00:57:20,096 [b549a9a8-3457-4b53-9703-c9fae2cc989c@group-49C9F103C6FA-LeaderElection9] INFO  server.RaftServerConfigKeys (ConfUtils.java:logGet(44)) - raft.server.log.appender.buffer.byte-limit = 33554432 (custom)
2021-07-05 00:57:20,096 [b549a9a8-3457-4b53-9703-c9fae2cc989c@group-49C9F103C6FA-LeaderElection9] INFO  server.RaftServerConfigKeys (ConfUtils.java:logGet(44)) - raft.server.log.appender.buffer.element-limit = 1 (custom)
2021-07-05 00:57:20,096 [b549a9a8-3457-4b53-9703-c9fae2cc989c@group-49C9F103C6FA-LeaderElection9] INFO  grpc.GrpcConfigKeys (ConfUtils.java:logGet(44)) - raft.grpc.server.leader.outstanding.appends.max = 128 (default)
2021-07-05 00:57:20,097 [b549a9a8-3457-4b53-9703-c9fae2cc989c@group-49C9F103C6FA-LeaderElection9] INFO  server.RaftServerConfigKeys (ConfUtils.java:logGet(44)) - raft.server.rpc.request.timeout = 60s (custom)
2021-07-05 00:57:20,097 [b549a9a8-3457-4b53-9703-c9fae2cc989c@group-49C9F103C6FA-LeaderElection9] INFO  server.RaftServerConfigKeys (ConfUtils.java:logGet(44)) - raft.server.log.appender.install.snapshot.enabled = false (custom)
2021-07-05 00:57:20,097 [b549a9a8-3457-4b53-9703-c9fae2cc989c@group-49C9F103C6FA-LeaderElection9] INFO  impl.RoleInfo (RoleInfo.java:updateAndGet(130)) - b549a9a8-3457-4b53-9703-c9fae2cc989c: start b549a9a8-3457-4b53-9703-c9fae2cc989c@group-49C9F103C6FA-LeaderStateImpl
2021-07-05 00:57:20,098 [b549a9a8-3457-4b53-9703-c9fae2cc989c@group-49C9F103C6FA-LeaderElection9] INFO  segmented.SegmentedRaftLogWorker (SegmentedRaftLogWorker.java:startLogSegment(394)) - b549a9a8-3457-4b53-9703-c9fae2cc989c@group-49C9F103C6FA-SegmentedRaftLogWorker: Starting segment from index:0
2021-07-05 00:57:20,106 [b549a9a8-3457-4b53-9703-c9fae2cc989c@group-49C9F103C6FA-SegmentedRaftLogWorker] INFO  segmented.SegmentedRaftLogWorker (SegmentedRaftLogWorker.java:execute(601)) - b549a9a8-3457-4b53-9703-c9fae2cc989c@group-49C9F103C6FA-SegmentedRaftLogWorker: created new log segment /home/runner/work/ozone/ozone/mnt/ozone/hadoop-ozone/integration-test/target/test-dir/MiniOzoneClusterImpl-47f02201-3656-42a8-b726-2c1689f4816b/datanode-1/data/ratis/d654393b-6ac2-4eb1-945d-49c9f103c6fa/current/log_inprogress_0
2021-07-05 00:57:20,122 [431daa7d-f040-4c11-a1fb-891b2bc8b6a1@group-2C1689F4816B-StateMachineUpdater] INFO  safemode.HealthyPipelineSafeModeRule (HealthyPipelineSafeModeRule.java:initializeRule(152)) - Refreshed total pipeline count is 1, healthy pipeline threshold count is 1
2021-07-05 00:57:20,123 [grpc-default-executor-1] INFO  ratis.XceiverServerRatis (XceiverServerRatis.java:handleLeaderChangedNotification(857)) - Leader change notification received for group: group-49C9F103C6FA with new leaderId: b549a9a8-3457-4b53-9703-c9fae2cc989c
2021-07-05 00:57:20,131 [grpc-default-executor-1] INFO  server.RaftServer$Division (ServerState.java:setLeader(271)) - 4428f99b-3864-401a-a30b-d8207dc31cfa@group-49C9F103C6FA: change Leader from null to b549a9a8-3457-4b53-9703-c9fae2cc989c at term 2 for appendEntries, leader elected after 10435ms
2021-07-05 00:57:20,128 [b549a9a8-3457-4b53-9703-c9fae2cc989c@group-49C9F103C6FA-LeaderElection9] INFO  server.RaftServer$Division (ServerState.java:setRaftConf(373)) - b549a9a8-3457-4b53-9703-c9fae2cc989c@group-49C9F103C6FA: set configuration 0: [4428f99b-3864-401a-a30b-d8207dc31cfa|rpc:127.0.0.1:40939|dataStream:|priority:0, b549a9a8-3457-4b53-9703-c9fae2cc989c|rpc:127.0.0.1:44095|dataStream:|priority:1, 65d645ba-2b71-4ad7-bc66-74fd2328f6a5|rpc:127.0.0.1:36069|dataStream:|priority:0], old=null
2021-07-05 00:57:20,127 [grpc-default-executor-0] INFO  ratis.XceiverServerRatis (XceiverServerRatis.java:handleLeaderChangedNotification(857)) - Leader change notification received for group: group-49C9F103C6FA with new leaderId: b549a9a8-3457-4b53-9703-c9fae2cc989c
2021-07-05 00:57:20,131 [grpc-default-executor-0] INFO  server.RaftServer$Division (ServerState.java:setLeader(271)) - 65d645ba-2b71-4ad7-bc66-74fd2328f6a5@group-49C9F103C6FA: change Leader from null to b549a9a8-3457-4b53-9703-c9fae2cc989c at term 2 for appendEntries, leader elected after 10019ms
2021-07-05 00:57:20,124 [EventQueue-PipelineReportForPipelineReportHandler] INFO  ha.SCMHAInvocationHandler (SCMHAInvocationHandler.java:invokeRatis(113)) - Invoking method public abstract void org.apache.hadoop.hdds.scm.pipeline.StateManager.updatePipelineState(org.apache.hadoop.hdds.protocol.proto.HddsProtos$PipelineID,org.apache.hadoop.hdds.protocol.proto.HddsProtos$PipelineState) throws java.io.IOException on target org.apache.hadoop.hdds.scm.ha.SCMRatisServerImpl@16916856, cost 36505.713us
2021-07-05 00:57:20,132 [EventQueue-OpenPipelineForHealthyPipelineSafeModeRule] INFO  safemode.SCMSafeModeManager (HealthyPipelineSafeModeRule.java:process(124)) - SCM in safe mode. Healthy pipelines reported count is 1, required healthy pipeline reported count is 1
2021-07-05 00:57:20,132 [EventQueue-OpenPipelineForHealthyPipelineSafeModeRule] INFO  safemode.SCMSafeModeManager (SCMSafeModeManager.java:validateSafeModeExitRules(204)) - HealthyPipelineSafeModeRule rule is successfully validated
2021-07-05 00:57:20,132 [EventQueue-OpenPipelineForHealthyPipelineSafeModeRule] INFO  safemode.SCMSafeModeManager (SCMSafeModeManager.java:validateSafeModeExitRules(219)) - ScmSafeModeManager, all rules are successfully validated
2021-07-05 00:57:20,132 [EventQueue-OpenPipelineForHealthyPipelineSafeModeRule] INFO  safemode.SCMSafeModeManager (SCMSafeModeManager.java:exitSafeMode(248)) - SCM exiting safe mode.
2021-07-05 00:57:20,132 [EventQueue-OpenPipelineForHealthyPipelineSafeModeRule] WARN  events.EventQueue (EventQueue.java:fireEvent(194)) - No event handler registered for event TypedEvent{payloadType=SafeModeStatus, name='Safe mode status'}
2021-07-05 00:57:20,132 [EventQueue-OpenPipelineForHealthyPipelineSafeModeRule] INFO  ha.SCMContext (SCMContext.java:updateSafeModeStatus(208)) - Update SafeModeStatus from SafeModeStatus{safeModeStatus=true, preCheckPassed=true} to SafeModeStatus{safeModeStatus=false, preCheckPassed=true}.
2021-07-05 00:57:20,132 [EventQueue-OpenPipelineForHealthyPipelineSafeModeRule] INFO  container.ReplicationManager (ReplicationManager.java:notifyStatusChanged(1279)) - Service ReplicationManager transitions to RUNNING.
2021-07-05 00:57:20,136 [181931d2-e1e0-4592-a157-d5007a9fa086@group-2C1689F4816B-StateMachineUpdater] INFO  safemode.HealthyPipelineSafeModeRule (HealthyPipelineSafeModeRule.java:initializeRule(152)) - Refreshed total pipeline count is 1, healthy pipeline threshold count is 1
2021-07-05 00:57:20,141 [grpc-default-executor-1] INFO  server.RaftServer$Division (ServerState.java:setRaftConf(373)) - 65d645ba-2b71-4ad7-bc66-74fd2328f6a5@group-49C9F103C6FA: set configuration 0: [4428f99b-3864-401a-a30b-d8207dc31cfa|rpc:127.0.0.1:40939|dataStream:|priority:0, b549a9a8-3457-4b53-9703-c9fae2cc989c|rpc:127.0.0.1:44095|dataStream:|priority:1, 65d645ba-2b71-4ad7-bc66-74fd2328f6a5|rpc:127.0.0.1:36069|dataStream:|priority:0], old=null
2021-07-05 00:57:20,141 [grpc-default-executor-1] INFO  segmented.SegmentedRaftLogWorker (SegmentedRaftLogWorker.java:startLogSegment(394)) - 65d645ba-2b71-4ad7-bc66-74fd2328f6a5@group-49C9F103C6FA-SegmentedRaftLogWorker: Starting segment from index:0
2021-07-05 00:57:20,142 [grpc-default-executor-0] INFO  server.RaftServer$Division (ServerState.java:setRaftConf(373)) - 4428f99b-3864-401a-a30b-d8207dc31cfa@group-49C9F103C6FA: set configuration 0: [4428f99b-3864-401a-a30b-d8207dc31cfa|rpc:127.0.0.1:40939|dataStream:|priority:0, b549a9a8-3457-4b53-9703-c9fae2cc989c|rpc:127.0.0.1:44095|dataStream:|priority:1, 65d645ba-2b71-4ad7-bc66-74fd2328f6a5|rpc:127.0.0.1:36069|dataStream:|priority:0], old=null
2021-07-05 00:57:20,142 [grpc-default-executor-0] INFO  segmented.SegmentedRaftLogWorker (SegmentedRaftLogWorker.java:startLogSegment(394)) - 4428f99b-3864-401a-a30b-d8207dc31cfa@group-49C9F103C6FA-SegmentedRaftLogWorker: Starting segment from index:0
2021-07-05 00:57:20,144 [65d645ba-2b71-4ad7-bc66-74fd2328f6a5@group-49C9F103C6FA-SegmentedRaftLogWorker] INFO  segmented.SegmentedRaftLogWorker (SegmentedRaftLogWorker.java:execute(601)) - 65d645ba-2b71-4ad7-bc66-74fd2328f6a5@group-49C9F103C6FA-SegmentedRaftLogWorker: created new log segment /home/runner/work/ozone/ozone/mnt/ozone/hadoop-ozone/integration-test/target/test-dir/MiniOzoneClusterImpl-47f02201-3656-42a8-b726-2c1689f4816b/datanode-2/data/ratis/d654393b-6ac2-4eb1-945d-49c9f103c6fa/current/log_inprogress_0
2021-07-05 00:57:20,146 [4428f99b-3864-401a-a30b-d8207dc31cfa@group-49C9F103C6FA-SegmentedRaftLogWorker] INFO  segmented.SegmentedRaftLogWorker (SegmentedRaftLogWorker.java:execute(601)) - 4428f99b-3864-401a-a30b-d8207dc31cfa@group-49C9F103C6FA-SegmentedRaftLogWorker: created new log segment /home/runner/work/ozone/ozone/mnt/ozone/hadoop-ozone/integration-test/target/test-dir/MiniOzoneClusterImpl-47f02201-3656-42a8-b726-2c1689f4816b/datanode-0/data/ratis/d654393b-6ac2-4eb1-945d-49c9f103c6fa/current/log_inprogress_0
2021-07-05 00:57:20,369 [b549a9a8-3457-4b53-9703-c9fae2cc989c@group-928675FAAF16-FollowerState] INFO  impl.FollowerState (FollowerState.java:run(134)) - b549a9a8-3457-4b53-9703-c9fae2cc989c@group-928675FAAF16-FollowerState: change to CANDIDATE, lastRpcElapsedTime:5073660760ns, electionTimeout:5070ms
2021-07-05 00:57:20,370 [b549a9a8-3457-4b53-9703-c9fae2cc989c@group-928675FAAF16-FollowerState] INFO  impl.RoleInfo (RoleInfo.java:shutdownFollowerState(108)) - b549a9a8-3457-4b53-9703-c9fae2cc989c: shutdown b549a9a8-3457-4b53-9703-c9fae2cc989c@group-928675FAAF16-FollowerState
2021-07-05 00:57:20,370 [b549a9a8-3457-4b53-9703-c9fae2cc989c@group-928675FAAF16-FollowerState] INFO  server.RaftServer$Division (RaftServerImpl.java:setRole(284)) - b549a9a8-3457-4b53-9703-c9fae2cc989c@group-928675FAAF16: changes role from  FOLLOWER to CANDIDATE at term 1 for changeToCandidate
2021-07-05 00:57:20,371 [b549a9a8-3457-4b53-9703-c9fae2cc989c@group-928675FAAF16-FollowerState] INFO  server.RaftServerConfigKeys (ConfUtils.java:logGet(44)) - raft.server.leaderelection.pre-vote = false (custom)
2021-07-05 00:57:20,371 [b549a9a8-3457-4b53-9703-c9fae2cc989c@group-928675FAAF16-FollowerState] INFO  impl.RoleInfo (RoleInfo.java:updateAndGet(130)) - b549a9a8-3457-4b53-9703-c9fae2cc989c: start b549a9a8-3457-4b53-9703-c9fae2cc989c@group-928675FAAF16-LeaderElection10
2021-07-05 00:57:20,374 [b549a9a8-3457-4b53-9703-c9fae2cc989c@group-928675FAAF16-LeaderElection10] INFO  impl.LeaderElection (LeaderElection.java:askForVotes(306)) - b549a9a8-3457-4b53-9703-c9fae2cc989c@group-928675FAAF16-LeaderElection10 ELECTION round 0: submit vote requests at term 2 for -1: [4428f99b-3864-401a-a30b-d8207dc31cfa|rpc:127.0.0.1:40939|priority:0, b549a9a8-3457-4b53-9703-c9fae2cc989c|rpc:127.0.0.1:44095|priority:0, 65d645ba-2b71-4ad7-bc66-74fd2328f6a5|rpc:127.0.0.1:36069|priority:1], old=null
2021-07-05 00:57:20,381 [grpc-default-executor-3] INFO  server.RaftServer$Division (RaftServerImpl.java:requestVote(1042)) - 4428f99b-3864-401a-a30b-d8207dc31cfa@group-928675FAAF16: receive requestVote(ELECTION, b549a9a8-3457-4b53-9703-c9fae2cc989c, group-928675FAAF16, 2, (t:0, i:0))
2021-07-05 00:57:20,381 [grpc-default-executor-3] INFO  impl.VoteContext (VoteContext.java:log(48)) - 4428f99b-3864-401a-a30b-d8207dc31cfa@group-928675FAAF16-FOLLOWER: accept ELECTION from b549a9a8-3457-4b53-9703-c9fae2cc989c: our priority 0 <= candidate's priority 0
2021-07-05 00:57:20,381 [grpc-default-executor-3] INFO  server.RaftServer$Division (RaftServerImpl.java:setRole(284)) - 4428f99b-3864-401a-a30b-d8207dc31cfa@group-928675FAAF16: changes role from  FOLLOWER to FOLLOWER at term 2 for candidate:b549a9a8-3457-4b53-9703-c9fae2cc989c
2021-07-05 00:57:20,381 [grpc-default-executor-3] INFO  impl.RoleInfo (RoleInfo.java:shutdownFollowerState(108)) - 4428f99b-3864-401a-a30b-d8207dc31cfa: shutdown 4428f99b-3864-401a-a30b-d8207dc31cfa@group-928675FAAF16-FollowerState
2021-07-05 00:57:20,381 [grpc-default-executor-3] INFO  impl.RoleInfo (RoleInfo.java:updateAndGet(130)) - 4428f99b-3864-401a-a30b-d8207dc31cfa: start 4428f99b-3864-401a-a30b-d8207dc31cfa@group-928675FAAF16-FollowerState
2021-07-05 00:57:20,381 [4428f99b-3864-401a-a30b-d8207dc31cfa@group-928675FAAF16-FollowerState] INFO  impl.FollowerState (FollowerState.java:run(143)) - 4428f99b-3864-401a-a30b-d8207dc31cfa@group-928675FAAF16-FollowerState was interrupted: {}
java.lang.InterruptedException: sleep interrupted
	at java.lang.Thread.sleep(Native Method)
	at java.lang.Thread.sleep(Thread.java:340)
	at java.util.concurrent.TimeUnit.sleep(TimeUnit.java:386)
	at org.apache.ratis.util.TimeDuration.sleep(TimeDuration.java:324)
	at org.apache.ratis.util.TimeDuration.sleep(TimeDuration.java:309)
	at org.apache.ratis.server.impl.FollowerState.run(FollowerState.java:118)
2021-07-05 00:57:20,383 [grpc-default-executor-3] INFO  server.RaftServer$Division (RaftServerImpl.java:requestVote(1074)) - 4428f99b-3864-401a-a30b-d8207dc31cfa@group-928675FAAF16 replies to ELECTION vote request: b549a9a8-3457-4b53-9703-c9fae2cc989c<-4428f99b-3864-401a-a30b-d8207dc31cfa#0:OK-t2. Peer's state: 4428f99b-3864-401a-a30b-d8207dc31cfa@group-928675FAAF16:t2, leader=null, voted=b549a9a8-3457-4b53-9703-c9fae2cc989c, raftlog=4428f99b-3864-401a-a30b-d8207dc31cfa@group-928675FAAF16-SegmentedRaftLog:OPENED:c-1,f-1,i0, conf=-1: [4428f99b-3864-401a-a30b-d8207dc31cfa|rpc:127.0.0.1:40939|priority:0, b549a9a8-3457-4b53-9703-c9fae2cc989c|rpc:127.0.0.1:44095|priority:0, 65d645ba-2b71-4ad7-bc66-74fd2328f6a5|rpc:127.0.0.1:36069|priority:1], old=null
2021-07-05 00:57:20,387 [grpc-default-executor-3] INFO  server.RaftServer$Division (RaftServerImpl.java:requestVote(1042)) - 65d645ba-2b71-4ad7-bc66-74fd2328f6a5@group-928675FAAF16: receive requestVote(ELECTION, b549a9a8-3457-4b53-9703-c9fae2cc989c, group-928675FAAF16, 2, (t:0, i:0))
2021-07-05 00:57:20,389 [grpc-default-executor-3] INFO  impl.VoteContext (VoteContext.java:log(48)) - 65d645ba-2b71-4ad7-bc66-74fd2328f6a5@group-928675FAAF16-FOLLOWER: reject ELECTION from b549a9a8-3457-4b53-9703-c9fae2cc989c: our priority 1 > candidate's priority 0
2021-07-05 00:57:20,389 [grpc-default-executor-3] INFO  server.RaftServer$Division (RaftServerImpl.java:setRole(284)) - 65d645ba-2b71-4ad7-bc66-74fd2328f6a5@group-928675FAAF16: changes role from  FOLLOWER to FOLLOWER at term 2 for candidate:b549a9a8-3457-4b53-9703-c9fae2cc989c
2021-07-05 00:57:20,389 [grpc-default-executor-3] INFO  impl.RoleInfo (RoleInfo.java:shutdownFollowerState(108)) - 65d645ba-2b71-4ad7-bc66-74fd2328f6a5: shutdown 65d645ba-2b71-4ad7-bc66-74fd2328f6a5@group-928675FAAF16-FollowerState
2021-07-05 00:57:20,389 [grpc-default-executor-3] INFO  impl.RoleInfo (RoleInfo.java:updateAndGet(130)) - 65d645ba-2b71-4ad7-bc66-74fd2328f6a5: start 65d645ba-2b71-4ad7-bc66-74fd2328f6a5@group-928675FAAF16-FollowerState
2021-07-05 00:57:20,389 [65d645ba-2b71-4ad7-bc66-74fd2328f6a5@group-928675FAAF16-FollowerState] INFO  impl.FollowerState (FollowerState.java:run(143)) - 65d645ba-2b71-4ad7-bc66-74fd2328f6a5@group-928675FAAF16-FollowerState was interrupted: {}
java.lang.InterruptedException: sleep interrupted
	at java.lang.Thread.sleep(Native Method)
	at java.lang.Thread.sleep(Thread.java:340)
	at java.util.concurrent.TimeUnit.sleep(TimeUnit.java:386)
	at org.apache.ratis.util.TimeDuration.sleep(TimeDuration.java:324)
	at org.apache.ratis.util.TimeDuration.sleep(TimeDuration.java:309)
	at org.apache.ratis.server.impl.FollowerState.run(FollowerState.java:118)
2021-07-05 00:57:20,401 [grpc-default-executor-3] INFO  server.RaftServer$Division (RaftServerImpl.java:requestVote(1074)) - 65d645ba-2b71-4ad7-bc66-74fd2328f6a5@group-928675FAAF16 replies to ELECTION vote request: b549a9a8-3457-4b53-9703-c9fae2cc989c<-65d645ba-2b71-4ad7-bc66-74fd2328f6a5#0:FAIL-t2. Peer's state: 65d645ba-2b71-4ad7-bc66-74fd2328f6a5@group-928675FAAF16:t2, leader=null, voted=null, raftlog=65d645ba-2b71-4ad7-bc66-74fd2328f6a5@group-928675FAAF16-SegmentedRaftLog:OPENED:c-1,f-1,i0, conf=-1: [4428f99b-3864-401a-a30b-d8207dc31cfa|rpc:127.0.0.1:40939|dataStream:|priority:0, b549a9a8-3457-4b53-9703-c9fae2cc989c|rpc:127.0.0.1:44095|dataStream:|priority:0, 65d645ba-2b71-4ad7-bc66-74fd2328f6a5|rpc:127.0.0.1:36069|dataStream:|priority:1], old=null
2021-07-05 00:57:20,402 [b549a9a8-3457-4b53-9703-c9fae2cc989c@group-928675FAAF16-LeaderElection10] INFO  impl.LeaderElection (LeaderElection.java:logAndReturn(89)) - b549a9a8-3457-4b53-9703-c9fae2cc989c@group-928675FAAF16-LeaderElection10: ELECTION REJECTED received 2 response(s) and 0 exception(s):
2021-07-05 00:57:20,402 [b549a9a8-3457-4b53-9703-c9fae2cc989c@group-928675FAAF16-LeaderElection10] INFO  impl.LeaderElection (LeaderElection.java:logAndReturn(93)) -   Response 0: b549a9a8-3457-4b53-9703-c9fae2cc989c<-4428f99b-3864-401a-a30b-d8207dc31cfa#0:OK-t2
2021-07-05 00:57:20,402 [b549a9a8-3457-4b53-9703-c9fae2cc989c@group-928675FAAF16-LeaderElection10] INFO  impl.LeaderElection (LeaderElection.java:logAndReturn(93)) -   Response 1: b549a9a8-3457-4b53-9703-c9fae2cc989c<-65d645ba-2b71-4ad7-bc66-74fd2328f6a5#0:FAIL-t2
2021-07-05 00:57:20,402 [b549a9a8-3457-4b53-9703-c9fae2cc989c@group-928675FAAF16-LeaderElection10] INFO  impl.LeaderElection (LeaderElection.java:askForVotes(308)) - b549a9a8-3457-4b53-9703-c9fae2cc989c@group-928675FAAF16-LeaderElection10 ELECTION round 0: result REJECTED
2021-07-05 00:57:20,403 [b549a9a8-3457-4b53-9703-c9fae2cc989c@group-928675FAAF16-LeaderElection10] INFO  server.RaftServer$Division (RaftServerImpl.java:setRole(284)) - b549a9a8-3457-4b53-9703-c9fae2cc989c@group-928675FAAF16: changes role from CANDIDATE to FOLLOWER at term 2 for REJECTED
2021-07-05 00:57:20,407 [b549a9a8-3457-4b53-9703-c9fae2cc989c@group-928675FAAF16-LeaderElection10] INFO  impl.RoleInfo (RoleInfo.java:shutdownLeaderElection(121)) - b549a9a8-3457-4b53-9703-c9fae2cc989c: shutdown b549a9a8-3457-4b53-9703-c9fae2cc989c@group-928675FAAF16-LeaderElection10
2021-07-05 00:57:20,407 [b549a9a8-3457-4b53-9703-c9fae2cc989c@group-928675FAAF16-LeaderElection10] INFO  impl.RoleInfo (RoleInfo.java:updateAndGet(130)) - b549a9a8-3457-4b53-9703-c9fae2cc989c: start b549a9a8-3457-4b53-9703-c9fae2cc989c@group-928675FAAF16-FollowerState
2021-07-05 00:57:20,989 [Listener at 127.0.0.1/12256] INFO  ozone.MiniOzoneClusterImpl (MiniOzoneClusterImpl.java:lambda$waitForClusterToBeReady$0(227)) - Nodes are ready. Got 3 of 3 DN Heartbeats.
2021-07-05 00:57:20,989 [Listener at 127.0.0.1/12256] INFO  ozone.MiniOzoneClusterImpl (MiniOzoneClusterImpl.java:lambda$waitForClusterToBeReady$0(230)) - Cluster exits safe mode
2021-07-05 00:57:20,990 [Listener at 127.0.0.1/12256] INFO  ozone.MiniOzoneClusterImpl (MiniOzoneClusterImpl.java:lambda$waitForClusterToBeReady$0(232)) - SCM became leader
2021-07-05 00:57:21,009 [Listener at 127.0.0.1/12256] INFO  ha.SCMHAInvocationHandler (SCMHAInvocationHandler.java:invokeRatis(113)) - Invoking method public abstract java.lang.Boolean org.apache.hadoop.hdds.scm.ha.SequenceIdGenerator$StateManager.allocateBatch(java.lang.String,java.lang.Long,java.lang.Long) on target org.apache.hadoop.hdds.scm.ha.SCMRatisServerImpl@16916856, cost 10282.119us
2021-07-05 00:57:21,009 [Listener at 127.0.0.1/12256] INFO  ha.SequenceIdGenerator (SequenceIdGenerator.java:getNextId(127)) - Allocate a batch for containerId, change lastId from 0 to 1000.
2021-07-05 00:57:21,010 [431daa7d-f040-4c11-a1fb-891b2bc8b6a1@group-2C1689F4816B-StateMachineUpdater] INFO  ha.SCMStateMachine (SCMStateMachine.java:takeSnapshot(290)) - Current Snapshot Index 25, takeSnapshot took 1 ms
2021-07-05 00:57:21,010 [431daa7d-f040-4c11-a1fb-891b2bc8b6a1@group-2C1689F4816B-StateMachineUpdater] INFO  impl.StateMachineUpdater (StateMachineUpdater.java:takeSnapshot(281)) - 431daa7d-f040-4c11-a1fb-891b2bc8b6a1@group-2C1689F4816B-StateMachineUpdater: Took a snapshot at index 25
2021-07-05 00:57:21,010 [431daa7d-f040-4c11-a1fb-891b2bc8b6a1@group-2C1689F4816B-StateMachineUpdater] INFO  impl.StateMachineUpdater (StateMachineUpdater.java:lambda$new$0(89)) - 431daa7d-f040-4c11-a1fb-891b2bc8b6a1@group-2C1689F4816B-StateMachineUpdater: snapshotIndex: updateIncreasingly 20 -> 25
2021-07-05 00:57:21,010 [431daa7d-f040-4c11-a1fb-891b2bc8b6a1@group-2C1689F4816B-StateMachineUpdater] INFO  raftlog.RaftLog (RaftLogBase.java:purge(306)) - 431daa7d-f040-4c11-a1fb-891b2bc8b6a1@group-2C1689F4816B-SegmentedRaftLog: purge 25
2021-07-05 00:57:21,010 [431daa7d-f040-4c11-a1fb-891b2bc8b6a1@group-2C1689F4816B-StateMachineUpdater] INFO  raftlog.RaftLog (RaftLogBase.java:lambda$new$0(53)) - 431daa7d-f040-4c11-a1fb-891b2bc8b6a1@group-2C1689F4816B-SegmentedRaftLog: snapshotIndex: updateIncreasingly 20 -> 25
2021-07-05 00:57:21,010 [431daa7d-f040-4c11-a1fb-891b2bc8b6a1@group-2C1689F4816B-StateMachineUpdater] INFO  raftlog.RaftLog (RaftLogBase.java:lambda$new$0(53)) - 431daa7d-f040-4c11-a1fb-891b2bc8b6a1@group-2C1689F4816B-SegmentedRaftLog: purgeIndex: updateToMax old=20, new=25, updated? true
2021-07-05 00:57:21,015 [181931d2-e1e0-4592-a157-d5007a9fa086@group-2C1689F4816B-StateMachineUpdater] INFO  safemode.HealthyPipelineSafeModeRule (HealthyPipelineSafeModeRule.java:initializeRule(152)) - Refreshed total pipeline count is 1, healthy pipeline threshold count is 1
2021-07-05 00:57:21,016 [181931d2-e1e0-4592-a157-d5007a9fa086@group-2C1689F4816B-StateMachineUpdater] INFO  ha.SCMStateMachine (SCMStateMachine.java:takeSnapshot(290)) - Current Snapshot Index 25, takeSnapshot took 0 ms
2021-07-05 00:57:21,016 [181931d2-e1e0-4592-a157-d5007a9fa086@group-2C1689F4816B-StateMachineUpdater] INFO  impl.StateMachineUpdater (StateMachineUpdater.java:takeSnapshot(281)) - 181931d2-e1e0-4592-a157-d5007a9fa086@group-2C1689F4816B-StateMachineUpdater: Took a snapshot at index 25
2021-07-05 00:57:21,017 [181931d2-e1e0-4592-a157-d5007a9fa086@group-2C1689F4816B-StateMachineUpdater] INFO  impl.StateMachineUpdater (StateMachineUpdater.java:lambda$new$0(89)) - 181931d2-e1e0-4592-a157-d5007a9fa086@group-2C1689F4816B-StateMachineUpdater: snapshotIndex: updateIncreasingly 20 -> 25
2021-07-05 00:57:21,017 [181931d2-e1e0-4592-a157-d5007a9fa086@group-2C1689F4816B-StateMachineUpdater] INFO  raftlog.RaftLog (RaftLogBase.java:purge(306)) - 181931d2-e1e0-4592-a157-d5007a9fa086@group-2C1689F4816B-SegmentedRaftLog: purge 25
2021-07-05 00:57:21,017 [181931d2-e1e0-4592-a157-d5007a9fa086@group-2C1689F4816B-StateMachineUpdater] INFO  raftlog.RaftLog (RaftLogBase.java:lambda$new$0(53)) - 181931d2-e1e0-4592-a157-d5007a9fa086@group-2C1689F4816B-SegmentedRaftLog: snapshotIndex: updateIncreasingly 20 -> 25
2021-07-05 00:57:21,017 [181931d2-e1e0-4592-a157-d5007a9fa086@group-2C1689F4816B-StateMachineUpdater] INFO  raftlog.RaftLog (RaftLogBase.java:lambda$new$0(53)) - 181931d2-e1e0-4592-a157-d5007a9fa086@group-2C1689F4816B-SegmentedRaftLog: purgeIndex: updateToMax old=20, new=25, updated? true
2021-07-05 00:57:21,027 [Listener at 127.0.0.1/12256] INFO  ha.SCMHAInvocationHandler (SCMHAInvocationHandler.java:invokeRatis(113)) - Invoking method public abstract void org.apache.hadoop.hdds.scm.container.ContainerStateManagerV2.addContainer(org.apache.hadoop.hdds.protocol.proto.HddsProtos$ContainerInfoProto) throws java.io.IOException on target org.apache.hadoop.hdds.scm.ha.SCMRatisServerImpl@16916856, cost 14827.384us
2021-07-05 00:57:21,035 [181931d2-e1e0-4592-a157-d5007a9fa086@group-2C1689F4816B-StateMachineUpdater] INFO  safemode.HealthyPipelineSafeModeRule (HealthyPipelineSafeModeRule.java:initializeRule(152)) - Refreshed total pipeline count is 1, healthy pipeline threshold count is 1
2021-07-05 00:57:21,139 [Listener at 127.0.0.1/12256] INFO  ha.SCMHAInvocationHandler (SCMHAInvocationHandler.java:invokeRatis(113)) - Invoking method public abstract void org.apache.hadoop.hdds.scm.container.ContainerStateManagerV2.addContainer(org.apache.hadoop.hdds.protocol.proto.HddsProtos$ContainerInfoProto) throws java.io.IOException on target org.apache.hadoop.hdds.scm.ha.SCMRatisServerImpl@16916856, cost 9005.43us
2021-07-05 00:57:21,148 [181931d2-e1e0-4592-a157-d5007a9fa086@group-2C1689F4816B-StateMachineUpdater] INFO  safemode.HealthyPipelineSafeModeRule (HealthyPipelineSafeModeRule.java:initializeRule(152)) - Refreshed total pipeline count is 1, healthy pipeline threshold count is 1
2021-07-05 00:57:21,149 [431daa7d-f040-4c11-a1fb-891b2bc8b6a1@group-2C1689F4816B-StateMachineUpdater] INFO  ha.SCMStateMachine (SCMStateMachine.java:takeSnapshot(290)) - Current Snapshot Index 30, takeSnapshot took 0 ms
2021-07-05 00:57:21,149 [431daa7d-f040-4c11-a1fb-891b2bc8b6a1@group-2C1689F4816B-StateMachineUpdater] INFO  impl.StateMachineUpdater (StateMachineUpdater.java:takeSnapshot(281)) - 431daa7d-f040-4c11-a1fb-891b2bc8b6a1@group-2C1689F4816B-StateMachineUpdater: Took a snapshot at index 30
2021-07-05 00:57:21,150 [431daa7d-f040-4c11-a1fb-891b2bc8b6a1@group-2C1689F4816B-StateMachineUpdater] INFO  impl.StateMachineUpdater (StateMachineUpdater.java:lambda$new$0(89)) - 431daa7d-f040-4c11-a1fb-891b2bc8b6a1@group-2C1689F4816B-StateMachineUpdater: snapshotIndex: updateIncreasingly 25 -> 30
2021-07-05 00:57:21,150 [431daa7d-f040-4c11-a1fb-891b2bc8b6a1@group-2C1689F4816B-StateMachineUpdater] INFO  raftlog.RaftLog (RaftLogBase.java:purge(306)) - 431daa7d-f040-4c11-a1fb-891b2bc8b6a1@group-2C1689F4816B-SegmentedRaftLog: purge 30
2021-07-05 00:57:21,150 [431daa7d-f040-4c11-a1fb-891b2bc8b6a1@group-2C1689F4816B-StateMachineUpdater] INFO  raftlog.RaftLog (RaftLogBase.java:lambda$new$0(53)) - 431daa7d-f040-4c11-a1fb-891b2bc8b6a1@group-2C1689F4816B-SegmentedRaftLog: snapshotIndex: updateIncreasingly 25 -> 30
2021-07-05 00:57:21,150 [431daa7d-f040-4c11-a1fb-891b2bc8b6a1@group-2C1689F4816B-StateMachineUpdater] INFO  raftlog.RaftLog (RaftLogBase.java:lambda$new$0(53)) - 431daa7d-f040-4c11-a1fb-891b2bc8b6a1@group-2C1689F4816B-SegmentedRaftLog: purgeIndex: updateToMax old=25, new=30, updated? true
2021-07-05 00:57:21,244 [181931d2-e1e0-4592-a157-d5007a9fa086@group-2C1689F4816B-StateMachineUpdater] INFO  ha.SCMStateMachine (SCMStateMachine.java:takeSnapshot(290)) - Current Snapshot Index 30, takeSnapshot took 0 ms
2021-07-05 00:57:21,244 [181931d2-e1e0-4592-a157-d5007a9fa086@group-2C1689F4816B-StateMachineUpdater] INFO  impl.StateMachineUpdater (StateMachineUpdater.java:takeSnapshot(281)) - 181931d2-e1e0-4592-a157-d5007a9fa086@group-2C1689F4816B-StateMachineUpdater: Took a snapshot at index 30
2021-07-05 00:57:21,244 [181931d2-e1e0-4592-a157-d5007a9fa086@group-2C1689F4816B-StateMachineUpdater] INFO  impl.StateMachineUpdater (StateMachineUpdater.java:lambda$new$0(89)) - 181931d2-e1e0-4592-a157-d5007a9fa086@group-2C1689F4816B-StateMachineUpdater: snapshotIndex: updateIncreasingly 25 -> 30
2021-07-05 00:57:21,244 [181931d2-e1e0-4592-a157-d5007a9fa086@group-2C1689F4816B-StateMachineUpdater] INFO  raftlog.RaftLog (RaftLogBase.java:purge(306)) - 181931d2-e1e0-4592-a157-d5007a9fa086@group-2C1689F4816B-SegmentedRaftLog: purge 30
2021-07-05 00:57:21,244 [181931d2-e1e0-4592-a157-d5007a9fa086@group-2C1689F4816B-StateMachineUpdater] INFO  raftlog.RaftLog (RaftLogBase.java:lambda$new$0(53)) - 181931d2-e1e0-4592-a157-d5007a9fa086@group-2C1689F4816B-SegmentedRaftLog: snapshotIndex: updateIncreasingly 25 -> 30
2021-07-05 00:57:21,244 [181931d2-e1e0-4592-a157-d5007a9fa086@group-2C1689F4816B-StateMachineUpdater] INFO  raftlog.RaftLog (RaftLogBase.java:lambda$new$0(53)) - 181931d2-e1e0-4592-a157-d5007a9fa086@group-2C1689F4816B-SegmentedRaftLog: purgeIndex: updateToMax old=25, new=30, updated? true
2021-07-05 00:57:21,245 [Listener at 127.0.0.1/12256] INFO  ha.SCMHAInvocationHandler (SCMHAInvocationHandler.java:invokeRatis(113)) - Invoking method public abstract void org.apache.hadoop.hdds.scm.container.ContainerStateManagerV2.addContainer(org.apache.hadoop.hdds.protocol.proto.HddsProtos$ContainerInfoProto) throws java.io.IOException on target org.apache.hadoop.hdds.scm.ha.SCMRatisServerImpl@16916856, cost 5324.758us
2021-07-05 00:57:21,248 [181931d2-e1e0-4592-a157-d5007a9fa086@group-2C1689F4816B-StateMachineUpdater] INFO  safemode.HealthyPipelineSafeModeRule (HealthyPipelineSafeModeRule.java:initializeRule(152)) - Refreshed total pipeline count is 1, healthy pipeline threshold count is 1
2021-07-05 00:57:21,352 [Listener at 127.0.0.1/12256] INFO  ha.SCMHAInvocationHandler (SCMHAInvocationHandler.java:invokeRatis(113)) - Invoking method public abstract void org.apache.hadoop.hdds.scm.container.ContainerStateManagerV2.addContainer(org.apache.hadoop.hdds.protocol.proto.HddsProtos$ContainerInfoProto) throws java.io.IOException on target org.apache.hadoop.hdds.scm.ha.SCMRatisServerImpl@16916856, cost 6389.25us
2021-07-05 00:57:21,354 [181931d2-e1e0-4592-a157-d5007a9fa086@group-2C1689F4816B-StateMachineUpdater] INFO  safemode.HealthyPipelineSafeModeRule (HealthyPipelineSafeModeRule.java:initializeRule(152)) - Refreshed total pipeline count is 1, healthy pipeline threshold count is 1
2021-07-05 00:57:21,459 [Listener at 127.0.0.1/12256] INFO  ha.SCMHAInvocationHandler (SCMHAInvocationHandler.java:invokeRatis(113)) - Invoking method public abstract void org.apache.hadoop.hdds.scm.container.ContainerStateManagerV2.addContainer(org.apache.hadoop.hdds.protocol.proto.HddsProtos$ContainerInfoProto) throws java.io.IOException on target org.apache.hadoop.hdds.scm.ha.SCMRatisServerImpl@16916856, cost 5389.958us
2021-07-05 00:57:21,459 [431daa7d-f040-4c11-a1fb-891b2bc8b6a1@group-2C1689F4816B-StateMachineUpdater] INFO  ha.SCMStateMachine (SCMStateMachine.java:takeSnapshot(290)) - Current Snapshot Index 35, takeSnapshot took 0 ms
2021-07-05 00:57:21,459 [431daa7d-f040-4c11-a1fb-891b2bc8b6a1@group-2C1689F4816B-StateMachineUpdater] INFO  impl.StateMachineUpdater (StateMachineUpdater.java:takeSnapshot(281)) - 431daa7d-f040-4c11-a1fb-891b2bc8b6a1@group-2C1689F4816B-StateMachineUpdater: Took a snapshot at index 35
2021-07-05 00:57:21,459 [431daa7d-f040-4c11-a1fb-891b2bc8b6a1@group-2C1689F4816B-StateMachineUpdater] INFO  impl.StateMachineUpdater (StateMachineUpdater.java:lambda$new$0(89)) - 431daa7d-f040-4c11-a1fb-891b2bc8b6a1@group-2C1689F4816B-StateMachineUpdater: snapshotIndex: updateIncreasingly 30 -> 35
2021-07-05 00:57:21,459 [431daa7d-f040-4c11-a1fb-891b2bc8b6a1@group-2C1689F4816B-StateMachineUpdater] INFO  raftlog.RaftLog (RaftLogBase.java:purge(306)) - 431daa7d-f040-4c11-a1fb-891b2bc8b6a1@group-2C1689F4816B-SegmentedRaftLog: purge 35
2021-07-05 00:57:21,459 [431daa7d-f040-4c11-a1fb-891b2bc8b6a1@group-2C1689F4816B-StateMachineUpdater] INFO  raftlog.RaftLog (RaftLogBase.java:lambda$new$0(53)) - 431daa7d-f040-4c11-a1fb-891b2bc8b6a1@group-2C1689F4816B-SegmentedRaftLog: snapshotIndex: updateIncreasingly 30 -> 35
2021-07-05 00:57:21,459 [431daa7d-f040-4c11-a1fb-891b2bc8b6a1@group-2C1689F4816B-StateMachineUpdater] INFO  raftlog.RaftLog (RaftLogBase.java:lambda$new$0(53)) - 431daa7d-f040-4c11-a1fb-891b2bc8b6a1@group-2C1689F4816B-SegmentedRaftLog: purgeIndex: updateToMax old=30, new=35, updated? true
2021-07-05 00:57:21,464 [181931d2-e1e0-4592-a157-d5007a9fa086@group-2C1689F4816B-StateMachineUpdater] INFO  safemode.HealthyPipelineSafeModeRule (HealthyPipelineSafeModeRule.java:initializeRule(152)) - Refreshed total pipeline count is 1, healthy pipeline threshold count is 1
2021-07-05 00:57:21,465 [181931d2-e1e0-4592-a157-d5007a9fa086@group-2C1689F4816B-StateMachineUpdater] INFO  ha.SCMStateMachine (SCMStateMachine.java:takeSnapshot(290)) - Current Snapshot Index 35, takeSnapshot took 0 ms
2021-07-05 00:57:21,465 [181931d2-e1e0-4592-a157-d5007a9fa086@group-2C1689F4816B-StateMachineUpdater] INFO  impl.StateMachineUpdater (StateMachineUpdater.java:takeSnapshot(281)) - 181931d2-e1e0-4592-a157-d5007a9fa086@group-2C1689F4816B-StateMachineUpdater: Took a snapshot at index 35
2021-07-05 00:57:21,465 [181931d2-e1e0-4592-a157-d5007a9fa086@group-2C1689F4816B-StateMachineUpdater] INFO  impl.StateMachineUpdater (StateMachineUpdater.java:lambda$new$0(89)) - 181931d2-e1e0-4592-a157-d5007a9fa086@group-2C1689F4816B-StateMachineUpdater: snapshotIndex: updateIncreasingly 30 -> 35
2021-07-05 00:57:21,465 [181931d2-e1e0-4592-a157-d5007a9fa086@group-2C1689F4816B-StateMachineUpdater] INFO  raftlog.RaftLog (RaftLogBase.java:purge(306)) - 181931d2-e1e0-4592-a157-d5007a9fa086@group-2C1689F4816B-SegmentedRaftLog: purge 35
2021-07-05 00:57:21,465 [181931d2-e1e0-4592-a157-d5007a9fa086@group-2C1689F4816B-StateMachineUpdater] INFO  raftlog.RaftLog (RaftLogBase.java:lambda$new$0(53)) - 181931d2-e1e0-4592-a157-d5007a9fa086@group-2C1689F4816B-SegmentedRaftLog: snapshotIndex: updateIncreasingly 30 -> 35
2021-07-05 00:57:21,465 [181931d2-e1e0-4592-a157-d5007a9fa086@group-2C1689F4816B-StateMachineUpdater] INFO  raftlog.RaftLog (RaftLogBase.java:lambda$new$0(53)) - 181931d2-e1e0-4592-a157-d5007a9fa086@group-2C1689F4816B-SegmentedRaftLog: purgeIndex: updateToMax old=30, new=35, updated? true
2021-07-05 00:57:21,565 [Listener at 127.0.0.1/12256] INFO  ha.SCMHAInvocationHandler (SCMHAInvocationHandler.java:invokeRatis(113)) - Invoking method public abstract void org.apache.hadoop.hdds.scm.container.ContainerStateManagerV2.addContainer(org.apache.hadoop.hdds.protocol.proto.HddsProtos$ContainerInfoProto) throws java.io.IOException on target org.apache.hadoop.hdds.scm.ha.SCMRatisServerImpl@16916856, cost 6062.652us
2021-07-05 00:57:21,572 [181931d2-e1e0-4592-a157-d5007a9fa086@group-2C1689F4816B-StateMachineUpdater] INFO  safemode.HealthyPipelineSafeModeRule (HealthyPipelineSafeModeRule.java:initializeRule(152)) - Refreshed total pipeline count is 1, healthy pipeline threshold count is 1
2021-07-05 00:57:21,674 [Listener at 127.0.0.1/12256] INFO  ha.SCMHAInvocationHandler (SCMHAInvocationHandler.java:invokeRatis(113)) - Invoking method public abstract void org.apache.hadoop.hdds.scm.container.ContainerStateManagerV2.addContainer(org.apache.hadoop.hdds.protocol.proto.HddsProtos$ContainerInfoProto) throws java.io.IOException on target org.apache.hadoop.hdds.scm.ha.SCMRatisServerImpl@16916856, cost 8512.833us
2021-07-05 00:57:21,681 [181931d2-e1e0-4592-a157-d5007a9fa086@group-2C1689F4816B-StateMachineUpdater] INFO  safemode.HealthyPipelineSafeModeRule (HealthyPipelineSafeModeRule.java:initializeRule(152)) - Refreshed total pipeline count is 1, healthy pipeline threshold count is 1
2021-07-05 00:57:21,682 [431daa7d-f040-4c11-a1fb-891b2bc8b6a1@group-2C1689F4816B-StateMachineUpdater] INFO  ha.SCMStateMachine (SCMStateMachine.java:takeSnapshot(290)) - Current Snapshot Index 40, takeSnapshot took 0 ms
2021-07-05 00:57:21,682 [431daa7d-f040-4c11-a1fb-891b2bc8b6a1@group-2C1689F4816B-StateMachineUpdater] INFO  impl.StateMachineUpdater (StateMachineUpdater.java:takeSnapshot(281)) - 431daa7d-f040-4c11-a1fb-891b2bc8b6a1@group-2C1689F4816B-StateMachineUpdater: Took a snapshot at index 40
2021-07-05 00:57:21,682 [431daa7d-f040-4c11-a1fb-891b2bc8b6a1@group-2C1689F4816B-StateMachineUpdater] INFO  impl.StateMachineUpdater (StateMachineUpdater.java:lambda$new$0(89)) - 431daa7d-f040-4c11-a1fb-891b2bc8b6a1@group-2C1689F4816B-StateMachineUpdater: snapshotIndex: updateIncreasingly 35 -> 40
2021-07-05 00:57:21,682 [431daa7d-f040-4c11-a1fb-891b2bc8b6a1@group-2C1689F4816B-StateMachineUpdater] INFO  raftlog.RaftLog (RaftLogBase.java:purge(306)) - 431daa7d-f040-4c11-a1fb-891b2bc8b6a1@group-2C1689F4816B-SegmentedRaftLog: purge 40
2021-07-05 00:57:21,682 [431daa7d-f040-4c11-a1fb-891b2bc8b6a1@group-2C1689F4816B-StateMachineUpdater] INFO  raftlog.RaftLog (RaftLogBase.java:lambda$new$0(53)) - 431daa7d-f040-4c11-a1fb-891b2bc8b6a1@group-2C1689F4816B-SegmentedRaftLog: snapshotIndex: updateIncreasingly 35 -> 40
2021-07-05 00:57:21,682 [431daa7d-f040-4c11-a1fb-891b2bc8b6a1@group-2C1689F4816B-StateMachineUpdater] INFO  raftlog.RaftLog (RaftLogBase.java:lambda$new$0(53)) - 431daa7d-f040-4c11-a1fb-891b2bc8b6a1@group-2C1689F4816B-SegmentedRaftLog: purgeIndex: updateToMax old=35, new=40, updated? true
2021-07-05 00:57:21,779 [181931d2-e1e0-4592-a157-d5007a9fa086@group-2C1689F4816B-StateMachineUpdater] INFO  ha.SCMStateMachine (SCMStateMachine.java:takeSnapshot(290)) - Current Snapshot Index 40, takeSnapshot took 1 ms
2021-07-05 00:57:21,779 [181931d2-e1e0-4592-a157-d5007a9fa086@group-2C1689F4816B-StateMachineUpdater] INFO  impl.StateMachineUpdater (StateMachineUpdater.java:takeSnapshot(281)) - 181931d2-e1e0-4592-a157-d5007a9fa086@group-2C1689F4816B-StateMachineUpdater: Took a snapshot at index 40
2021-07-05 00:57:21,779 [181931d2-e1e0-4592-a157-d5007a9fa086@group-2C1689F4816B-StateMachineUpdater] INFO  impl.StateMachineUpdater (StateMachineUpdater.java:lambda$new$0(89)) - 181931d2-e1e0-4592-a157-d5007a9fa086@group-2C1689F4816B-StateMachineUpdater: snapshotIndex: updateIncreasingly 35 -> 40
2021-07-05 00:57:21,779 [181931d2-e1e0-4592-a157-d5007a9fa086@group-2C1689F4816B-StateMachineUpdater] INFO  raftlog.RaftLog (RaftLogBase.java:purge(306)) - 181931d2-e1e0-4592-a157-d5007a9fa086@group-2C1689F4816B-SegmentedRaftLog: purge 40
2021-07-05 00:57:21,779 [181931d2-e1e0-4592-a157-d5007a9fa086@group-2C1689F4816B-StateMachineUpdater] INFO  raftlog.RaftLog (RaftLogBase.java:lambda$new$0(53)) - 181931d2-e1e0-4592-a157-d5007a9fa086@group-2C1689F4816B-SegmentedRaftLog: snapshotIndex: updateIncreasingly 35 -> 40
2021-07-05 00:57:21,780 [181931d2-e1e0-4592-a157-d5007a9fa086@group-2C1689F4816B-StateMachineUpdater] INFO  raftlog.RaftLog (RaftLogBase.java:lambda$new$0(53)) - 181931d2-e1e0-4592-a157-d5007a9fa086@group-2C1689F4816B-SegmentedRaftLog: purgeIndex: updateToMax old=35, new=40, updated? true
2021-07-05 00:57:21,781 [Listener at 127.0.0.1/12256] INFO  ha.SCMHAInvocationHandler (SCMHAInvocationHandler.java:invokeRatis(113)) - Invoking method public abstract void org.apache.hadoop.hdds.scm.container.ContainerStateManagerV2.addContainer(org.apache.hadoop.hdds.protocol.proto.HddsProtos$ContainerInfoProto) throws java.io.IOException on target org.apache.hadoop.hdds.scm.ha.SCMRatisServerImpl@16916856, cost 6121.952us
2021-07-05 00:57:21,783 [181931d2-e1e0-4592-a157-d5007a9fa086@group-2C1689F4816B-StateMachineUpdater] INFO  safemode.HealthyPipelineSafeModeRule (HealthyPipelineSafeModeRule.java:initializeRule(152)) - Refreshed total pipeline count is 1, healthy pipeline threshold count is 1
2021-07-05 00:57:21,786 [Datanode State Machine Thread - 0] ERROR datanode.RunningDatanodeState (RunningDatanodeState.java:computeNextContainerState(199)) - Error in executing end point task.
java.util.concurrent.ExecutionException: java.util.concurrent.TimeoutException
	at java.util.concurrent.FutureTask.report(FutureTask.java:122)
	at java.util.concurrent.FutureTask.get(FutureTask.java:192)
	at org.apache.hadoop.ozone.container.common.states.datanode.RunningDatanodeState.computeNextContainerState(RunningDatanodeState.java:191)
	at org.apache.hadoop.ozone.container.common.states.datanode.RunningDatanodeState.await(RunningDatanodeState.java:231)
	at org.apache.hadoop.ozone.container.common.states.datanode.RunningDatanodeState.await(RunningDatanodeState.java:50)
	at org.apache.hadoop.ozone.container.common.statemachine.StateContext.execute(StateContext.java:629)
	at org.apache.hadoop.ozone.container.common.statemachine.DatanodeStateMachine.start(DatanodeStateMachine.java:244)
	at org.apache.hadoop.ozone.container.common.statemachine.DatanodeStateMachine.lambda$startDaemon$0(DatanodeStateMachine.java:429)
	at java.lang.Thread.run(Thread.java:748)
Caused by: java.util.concurrent.TimeoutException
	at java.util.concurrent.FutureTask.get(FutureTask.java:205)
	at org.apache.hadoop.ozone.container.common.states.datanode.RunningDatanodeState.lambda$execute$0(RunningDatanodeState.java:149)
	at java.util.concurrent.FutureTask.run(FutureTask.java:266)
	at java.util.concurrent.Executors$RunnableAdapter.call(Executors.java:511)
	at java.util.concurrent.FutureTask.run(FutureTask.java:266)
	at java.util.concurrent.ThreadPoolExecutor.runWorker(ThreadPoolExecutor.java:1149)
	at java.util.concurrent.ThreadPoolExecutor$Worker.run(ThreadPoolExecutor.java:624)
	... 1 more
2021-07-05 00:57:21,887 [Listener at 127.0.0.1/12256] INFO  ha.SCMHAInvocationHandler (SCMHAInvocationHandler.java:invokeRatis(113)) - Invoking method public abstract void org.apache.hadoop.hdds.scm.container.ContainerStateManagerV2.addContainer(org.apache.hadoop.hdds.protocol.proto.HddsProtos$ContainerInfoProto) throws java.io.IOException on target org.apache.hadoop.hdds.scm.ha.SCMRatisServerImpl@16916856, cost 5186.559us
2021-07-05 00:57:21,888 [181931d2-e1e0-4592-a157-d5007a9fa086@group-2C1689F4816B-StateMachineUpdater] INFO  safemode.HealthyPipelineSafeModeRule (HealthyPipelineSafeModeRule.java:initializeRule(152)) - Refreshed total pipeline count is 1, healthy pipeline threshold count is 1
2021-07-05 00:57:21,993 [431daa7d-f040-4c11-a1fb-891b2bc8b6a1@group-2C1689F4816B-StateMachineUpdater] INFO  ha.SCMStateMachine (SCMStateMachine.java:takeSnapshot(290)) - Current Snapshot Index 45, takeSnapshot took 0 ms
2021-07-05 00:57:21,993 [431daa7d-f040-4c11-a1fb-891b2bc8b6a1@group-2C1689F4816B-StateMachineUpdater] INFO  impl.StateMachineUpdater (StateMachineUpdater.java:takeSnapshot(281)) - 431daa7d-f040-4c11-a1fb-891b2bc8b6a1@group-2C1689F4816B-StateMachineUpdater: Took a snapshot at index 45
2021-07-05 00:57:21,993 [431daa7d-f040-4c11-a1fb-891b2bc8b6a1@group-2C1689F4816B-StateMachineUpdater] INFO  impl.StateMachineUpdater (StateMachineUpdater.java:lambda$new$0(89)) - 431daa7d-f040-4c11-a1fb-891b2bc8b6a1@group-2C1689F4816B-StateMachineUpdater: snapshotIndex: updateIncreasingly 40 -> 45
2021-07-05 00:57:21,993 [431daa7d-f040-4c11-a1fb-891b2bc8b6a1@group-2C1689F4816B-StateMachineUpdater] INFO  raftlog.RaftLog (RaftLogBase.java:purge(306)) - 431daa7d-f040-4c11-a1fb-891b2bc8b6a1@group-2C1689F4816B-SegmentedRaftLog: purge 45
2021-07-05 00:57:21,993 [431daa7d-f040-4c11-a1fb-891b2bc8b6a1@group-2C1689F4816B-StateMachineUpdater] INFO  raftlog.RaftLog (RaftLogBase.java:lambda$new$0(53)) - 431daa7d-f040-4c11-a1fb-891b2bc8b6a1@group-2C1689F4816B-SegmentedRaftLog: snapshotIndex: updateIncreasingly 40 -> 45
2021-07-05 00:57:21,993 [431daa7d-f040-4c11-a1fb-891b2bc8b6a1@group-2C1689F4816B-StateMachineUpdater] INFO  raftlog.RaftLog (RaftLogBase.java:lambda$new$0(53)) - 431daa7d-f040-4c11-a1fb-891b2bc8b6a1@group-2C1689F4816B-SegmentedRaftLog: purgeIndex: updateToMax old=40, new=45, updated? true
2021-07-05 00:57:21,994 [Listener at 127.0.0.1/12256] INFO  ha.SCMHAInvocationHandler (SCMHAInvocationHandler.java:invokeRatis(113)) - Invoking method public abstract void org.apache.hadoop.hdds.scm.container.ContainerStateManagerV2.addContainer(org.apache.hadoop.hdds.protocol.proto.HddsProtos$ContainerInfoProto) throws java.io.IOException on target org.apache.hadoop.hdds.scm.ha.SCMRatisServerImpl@16916856, cost 6248.451us
2021-07-05 00:57:21,997 [181931d2-e1e0-4592-a157-d5007a9fa086@group-2C1689F4816B-StateMachineUpdater] INFO  safemode.HealthyPipelineSafeModeRule (HealthyPipelineSafeModeRule.java:initializeRule(152)) - Refreshed total pipeline count is 1, healthy pipeline threshold count is 1
2021-07-05 00:57:21,997 [181931d2-e1e0-4592-a157-d5007a9fa086@group-2C1689F4816B-StateMachineUpdater] INFO  ha.SCMStateMachine (SCMStateMachine.java:takeSnapshot(290)) - Current Snapshot Index 45, takeSnapshot took 0 ms
2021-07-05 00:57:21,998 [181931d2-e1e0-4592-a157-d5007a9fa086@group-2C1689F4816B-StateMachineUpdater] INFO  impl.StateMachineUpdater (StateMachineUpdater.java:takeSnapshot(281)) - 181931d2-e1e0-4592-a157-d5007a9fa086@group-2C1689F4816B-StateMachineUpdater: Took a snapshot at index 45
2021-07-05 00:57:21,998 [181931d2-e1e0-4592-a157-d5007a9fa086@group-2C1689F4816B-StateMachineUpdater] INFO  impl.StateMachineUpdater (StateMachineUpdater.java:lambda$new$0(89)) - 181931d2-e1e0-4592-a157-d5007a9fa086@group-2C1689F4816B-StateMachineUpdater: snapshotIndex: updateIncreasingly 40 -> 45
2021-07-05 00:57:21,998 [181931d2-e1e0-4592-a157-d5007a9fa086@group-2C1689F4816B-StateMachineUpdater] INFO  raftlog.RaftLog (RaftLogBase.java:purge(306)) - 181931d2-e1e0-4592-a157-d5007a9fa086@group-2C1689F4816B-SegmentedRaftLog: purge 45
2021-07-05 00:57:21,998 [181931d2-e1e0-4592-a157-d5007a9fa086@group-2C1689F4816B-StateMachineUpdater] INFO  raftlog.RaftLog (RaftLogBase.java:lambda$new$0(53)) - 181931d2-e1e0-4592-a157-d5007a9fa086@group-2C1689F4816B-SegmentedRaftLog: snapshotIndex: updateIncreasingly 40 -> 45
2021-07-05 00:57:21,998 [181931d2-e1e0-4592-a157-d5007a9fa086@group-2C1689F4816B-StateMachineUpdater] INFO  raftlog.RaftLog (RaftLogBase.java:lambda$new$0(53)) - 181931d2-e1e0-4592-a157-d5007a9fa086@group-2C1689F4816B-SegmentedRaftLog: purgeIndex: updateToMax old=40, new=45, updated? true
2021-07-05 00:57:22,100 [Listener at 127.0.0.1/12256] INFO  ha.SCMHAInvocationHandler (SCMHAInvocationHandler.java:invokeRatis(113)) - Invoking method public abstract void org.apache.hadoop.hdds.scm.container.ContainerStateManagerV2.addContainer(org.apache.hadoop.hdds.protocol.proto.HddsProtos$ContainerInfoProto) throws java.io.IOException on target org.apache.hadoop.hdds.scm.ha.SCMRatisServerImpl@16916856, cost 5778.355us
2021-07-05 00:57:22,102 [181931d2-e1e0-4592-a157-d5007a9fa086@group-2C1689F4816B-StateMachineUpdater] INFO  safemode.HealthyPipelineSafeModeRule (HealthyPipelineSafeModeRule.java:initializeRule(152)) - Refreshed total pipeline count is 1, healthy pipeline threshold count is 1
2021-07-05 00:57:22,207 [Listener at 127.0.0.1/12256] INFO  ha.SCMHAInvocationHandler (SCMHAInvocationHandler.java:invokeRatis(113)) - Invoking method public abstract void org.apache.hadoop.hdds.scm.container.ContainerStateManagerV2.addContainer(org.apache.hadoop.hdds.protocol.proto.HddsProtos$ContainerInfoProto) throws java.io.IOException on target org.apache.hadoop.hdds.scm.ha.SCMRatisServerImpl@16916856, cost 6010.053us
2021-07-05 00:57:22,215 [181931d2-e1e0-4592-a157-d5007a9fa086@group-2C1689F4816B-StateMachineUpdater] INFO  safemode.HealthyPipelineSafeModeRule (HealthyPipelineSafeModeRule.java:initializeRule(152)) - Refreshed total pipeline count is 1, healthy pipeline threshold count is 1
2021-07-05 00:57:22,216 [431daa7d-f040-4c11-a1fb-891b2bc8b6a1@group-2C1689F4816B-StateMachineUpdater] INFO  ha.SCMStateMachine (SCMStateMachine.java:takeSnapshot(290)) - Current Snapshot Index 50, takeSnapshot took 0 ms
2021-07-05 00:57:22,216 [431daa7d-f040-4c11-a1fb-891b2bc8b6a1@group-2C1689F4816B-StateMachineUpdater] INFO  impl.StateMachineUpdater (StateMachineUpdater.java:takeSnapshot(281)) - 431daa7d-f040-4c11-a1fb-891b2bc8b6a1@group-2C1689F4816B-StateMachineUpdater: Took a snapshot at index 50
2021-07-05 00:57:22,216 [431daa7d-f040-4c11-a1fb-891b2bc8b6a1@group-2C1689F4816B-StateMachineUpdater] INFO  impl.StateMachineUpdater (StateMachineUpdater.java:lambda$new$0(89)) - 431daa7d-f040-4c11-a1fb-891b2bc8b6a1@group-2C1689F4816B-StateMachineUpdater: snapshotIndex: updateIncreasingly 45 -> 50
2021-07-05 00:57:22,216 [431daa7d-f040-4c11-a1fb-891b2bc8b6a1@group-2C1689F4816B-StateMachineUpdater] INFO  raftlog.RaftLog (RaftLogBase.java:purge(306)) - 431daa7d-f040-4c11-a1fb-891b2bc8b6a1@group-2C1689F4816B-SegmentedRaftLog: purge 50
2021-07-05 00:57:22,216 [431daa7d-f040-4c11-a1fb-891b2bc8b6a1@group-2C1689F4816B-StateMachineUpdater] INFO  raftlog.RaftLog (RaftLogBase.java:lambda$new$0(53)) - 431daa7d-f040-4c11-a1fb-891b2bc8b6a1@group-2C1689F4816B-SegmentedRaftLog: snapshotIndex: updateIncreasingly 45 -> 50
2021-07-05 00:57:22,216 [431daa7d-f040-4c11-a1fb-891b2bc8b6a1@group-2C1689F4816B-StateMachineUpdater] INFO  raftlog.RaftLog (RaftLogBase.java:lambda$new$0(53)) - 431daa7d-f040-4c11-a1fb-891b2bc8b6a1@group-2C1689F4816B-SegmentedRaftLog: purgeIndex: updateToMax old=45, new=50, updated? true
2021-07-05 00:57:22,312 [181931d2-e1e0-4592-a157-d5007a9fa086@group-2C1689F4816B-StateMachineUpdater] INFO  ha.SCMStateMachine (SCMStateMachine.java:takeSnapshot(290)) - Current Snapshot Index 50, takeSnapshot took 0 ms
2021-07-05 00:57:22,312 [181931d2-e1e0-4592-a157-d5007a9fa086@group-2C1689F4816B-StateMachineUpdater] INFO  impl.StateMachineUpdater (StateMachineUpdater.java:takeSnapshot(281)) - 181931d2-e1e0-4592-a157-d5007a9fa086@group-2C1689F4816B-StateMachineUpdater: Took a snapshot at index 50
2021-07-05 00:57:22,312 [181931d2-e1e0-4592-a157-d5007a9fa086@group-2C1689F4816B-StateMachineUpdater] INFO  impl.StateMachineUpdater (StateMachineUpdater.java:lambda$new$0(89)) - 181931d2-e1e0-4592-a157-d5007a9fa086@group-2C1689F4816B-StateMachineUpdater: snapshotIndex: updateIncreasingly 45 -> 50
2021-07-05 00:57:22,312 [181931d2-e1e0-4592-a157-d5007a9fa086@group-2C1689F4816B-StateMachineUpdater] INFO  raftlog.RaftLog (RaftLogBase.java:purge(306)) - 181931d2-e1e0-4592-a157-d5007a9fa086@group-2C1689F4816B-SegmentedRaftLog: purge 50
2021-07-05 00:57:22,312 [181931d2-e1e0-4592-a157-d5007a9fa086@group-2C1689F4816B-StateMachineUpdater] INFO  raftlog.RaftLog (RaftLogBase.java:lambda$new$0(53)) - 181931d2-e1e0-4592-a157-d5007a9fa086@group-2C1689F4816B-SegmentedRaftLog: snapshotIndex: updateIncreasingly 45 -> 50
2021-07-05 00:57:22,312 [181931d2-e1e0-4592-a157-d5007a9fa086@group-2C1689F4816B-StateMachineUpdater] INFO  raftlog.RaftLog (RaftLogBase.java:lambda$new$0(53)) - 181931d2-e1e0-4592-a157-d5007a9fa086@group-2C1689F4816B-SegmentedRaftLog: purgeIndex: updateToMax old=45, new=50, updated? true
2021-07-05 00:57:22,313 [Listener at 127.0.0.1/12256] INFO  ha.SCMHAInvocationHandler (SCMHAInvocationHandler.java:invokeRatis(113)) - Invoking method public abstract void org.apache.hadoop.hdds.scm.container.ContainerStateManagerV2.addContainer(org.apache.hadoop.hdds.protocol.proto.HddsProtos$ContainerInfoProto) throws java.io.IOException on target org.apache.hadoop.hdds.scm.ha.SCMRatisServerImpl@16916856, cost 6144.152us
2021-07-05 00:57:22,315 [181931d2-e1e0-4592-a157-d5007a9fa086@group-2C1689F4816B-StateMachineUpdater] INFO  safemode.HealthyPipelineSafeModeRule (HealthyPipelineSafeModeRule.java:initializeRule(152)) - Refreshed total pipeline count is 1, healthy pipeline threshold count is 1
2021-07-05 00:57:22,427 [Listener at 127.0.0.1/12256] INFO  ha.SCMHAInvocationHandler (SCMHAInvocationHandler.java:invokeRatis(113)) - Invoking method public abstract void org.apache.hadoop.hdds.scm.container.ContainerStateManagerV2.addContainer(org.apache.hadoop.hdds.protocol.proto.HddsProtos$ContainerInfoProto) throws java.io.IOException on target org.apache.hadoop.hdds.scm.ha.SCMRatisServerImpl@16916856, cost 12720.601us
2021-07-05 00:57:22,436 [181931d2-e1e0-4592-a157-d5007a9fa086@group-2C1689F4816B-StateMachineUpdater] INFO  safemode.HealthyPipelineSafeModeRule (HealthyPipelineSafeModeRule.java:initializeRule(152)) - Refreshed total pipeline count is 1, healthy pipeline threshold count is 1
2021-07-05 00:57:22,533 [431daa7d-f040-4c11-a1fb-891b2bc8b6a1@group-2C1689F4816B-StateMachineUpdater] INFO  ha.SCMStateMachine (SCMStateMachine.java:takeSnapshot(290)) - Current Snapshot Index 55, takeSnapshot took 1 ms
2021-07-05 00:57:22,533 [431daa7d-f040-4c11-a1fb-891b2bc8b6a1@group-2C1689F4816B-StateMachineUpdater] INFO  impl.StateMachineUpdater (StateMachineUpdater.java:takeSnapshot(281)) - 431daa7d-f040-4c11-a1fb-891b2bc8b6a1@group-2C1689F4816B-StateMachineUpdater: Took a snapshot at index 55
2021-07-05 00:57:22,533 [431daa7d-f040-4c11-a1fb-891b2bc8b6a1@group-2C1689F4816B-StateMachineUpdater] INFO  impl.StateMachineUpdater (StateMachineUpdater.java:lambda$new$0(89)) - 431daa7d-f040-4c11-a1fb-891b2bc8b6a1@group-2C1689F4816B-StateMachineUpdater: snapshotIndex: updateIncreasingly 50 -> 55
2021-07-05 00:57:22,533 [431daa7d-f040-4c11-a1fb-891b2bc8b6a1@group-2C1689F4816B-StateMachineUpdater] INFO  raftlog.RaftLog (RaftLogBase.java:purge(306)) - 431daa7d-f040-4c11-a1fb-891b2bc8b6a1@group-2C1689F4816B-SegmentedRaftLog: purge 55
2021-07-05 00:57:22,533 [431daa7d-f040-4c11-a1fb-891b2bc8b6a1@group-2C1689F4816B-StateMachineUpdater] INFO  raftlog.RaftLog (RaftLogBase.java:lambda$new$0(53)) - 431daa7d-f040-4c11-a1fb-891b2bc8b6a1@group-2C1689F4816B-SegmentedRaftLog: snapshotIndex: updateIncreasingly 50 -> 55
2021-07-05 00:57:22,533 [431daa7d-f040-4c11-a1fb-891b2bc8b6a1@group-2C1689F4816B-StateMachineUpdater] INFO  raftlog.RaftLog (RaftLogBase.java:lambda$new$0(53)) - 431daa7d-f040-4c11-a1fb-891b2bc8b6a1@group-2C1689F4816B-SegmentedRaftLog: purgeIndex: updateToMax old=50, new=55, updated? true
2021-07-05 00:57:22,534 [Listener at 127.0.0.1/12256] INFO  ha.SCMHAInvocationHandler (SCMHAInvocationHandler.java:invokeRatis(113)) - Invoking method public abstract void org.apache.hadoop.hdds.scm.container.ContainerStateManagerV2.addContainer(org.apache.hadoop.hdds.protocol.proto.HddsProtos$ContainerInfoProto) throws java.io.IOException on target org.apache.hadoop.hdds.scm.ha.SCMRatisServerImpl@16916856, cost 6360.151us
2021-07-05 00:57:22,537 [181931d2-e1e0-4592-a157-d5007a9fa086@group-2C1689F4816B-StateMachineUpdater] INFO  safemode.HealthyPipelineSafeModeRule (HealthyPipelineSafeModeRule.java:initializeRule(152)) - Refreshed total pipeline count is 1, healthy pipeline threshold count is 1
2021-07-05 00:57:22,538 [181931d2-e1e0-4592-a157-d5007a9fa086@group-2C1689F4816B-StateMachineUpdater] INFO  ha.SCMStateMachine (SCMStateMachine.java:takeSnapshot(290)) - Current Snapshot Index 55, takeSnapshot took 1 ms
2021-07-05 00:57:22,538 [181931d2-e1e0-4592-a157-d5007a9fa086@group-2C1689F4816B-StateMachineUpdater] INFO  impl.StateMachineUpdater (StateMachineUpdater.java:takeSnapshot(281)) - 181931d2-e1e0-4592-a157-d5007a9fa086@group-2C1689F4816B-StateMachineUpdater: Took a snapshot at index 55
2021-07-05 00:57:22,538 [181931d2-e1e0-4592-a157-d5007a9fa086@group-2C1689F4816B-StateMachineUpdater] INFO  impl.StateMachineUpdater (StateMachineUpdater.java:lambda$new$0(89)) - 181931d2-e1e0-4592-a157-d5007a9fa086@group-2C1689F4816B-StateMachineUpdater: snapshotIndex: updateIncreasingly 50 -> 55
2021-07-05 00:57:22,538 [181931d2-e1e0-4592-a157-d5007a9fa086@group-2C1689F4816B-StateMachineUpdater] INFO  raftlog.RaftLog (RaftLogBase.java:purge(306)) - 181931d2-e1e0-4592-a157-d5007a9fa086@group-2C1689F4816B-SegmentedRaftLog: purge 55
2021-07-05 00:57:22,538 [181931d2-e1e0-4592-a157-d5007a9fa086@group-2C1689F4816B-StateMachineUpdater] INFO  raftlog.RaftLog (RaftLogBase.java:lambda$new$0(53)) - 181931d2-e1e0-4592-a157-d5007a9fa086@group-2C1689F4816B-SegmentedRaftLog: snapshotIndex: updateIncreasingly 50 -> 55
2021-07-05 00:57:22,538 [181931d2-e1e0-4592-a157-d5007a9fa086@group-2C1689F4816B-StateMachineUpdater] INFO  raftlog.RaftLog (RaftLogBase.java:lambda$new$0(53)) - 181931d2-e1e0-4592-a157-d5007a9fa086@group-2C1689F4816B-SegmentedRaftLog: purgeIndex: updateToMax old=50, new=55, updated? true
2021-07-05 00:57:22,640 [Listener at 127.0.0.1/12256] INFO  ha.SCMHAInvocationHandler (SCMHAInvocationHandler.java:invokeRatis(113)) - Invoking method public abstract void org.apache.hadoop.hdds.scm.container.ContainerStateManagerV2.addContainer(org.apache.hadoop.hdds.protocol.proto.HddsProtos$ContainerInfoProto) throws java.io.IOException on target org.apache.hadoop.hdds.scm.ha.SCMRatisServerImpl@16916856, cost 5552.557us
2021-07-05 00:57:22,641 [181931d2-e1e0-4592-a157-d5007a9fa086@group-2C1689F4816B-StateMachineUpdater] INFO  safemode.HealthyPipelineSafeModeRule (HealthyPipelineSafeModeRule.java:initializeRule(152)) - Refreshed total pipeline count is 1, healthy pipeline threshold count is 1
2021-07-05 00:57:22,746 [Listener at 127.0.0.1/12256] INFO  ha.SCMHAInvocationHandler (SCMHAInvocationHandler.java:invokeRatis(113)) - Invoking method public abstract void org.apache.hadoop.hdds.scm.container.ContainerStateManagerV2.addContainer(org.apache.hadoop.hdds.protocol.proto.HddsProtos$ContainerInfoProto) throws java.io.IOException on target org.apache.hadoop.hdds.scm.ha.SCMRatisServerImpl@16916856, cost 5827.055us
2021-07-05 00:57:22,751 [181931d2-e1e0-4592-a157-d5007a9fa086@group-2C1689F4816B-StateMachineUpdater] INFO  safemode.HealthyPipelineSafeModeRule (HealthyPipelineSafeModeRule.java:initializeRule(152)) - Refreshed total pipeline count is 1, healthy pipeline threshold count is 1
2021-07-05 00:57:22,752 [431daa7d-f040-4c11-a1fb-891b2bc8b6a1@group-2C1689F4816B-StateMachineUpdater] INFO  ha.SCMStateMachine (SCMStateMachine.java:takeSnapshot(290)) - Current Snapshot Index 60, takeSnapshot took 0 ms
2021-07-05 00:57:22,752 [431daa7d-f040-4c11-a1fb-891b2bc8b6a1@group-2C1689F4816B-StateMachineUpdater] INFO  impl.StateMachineUpdater (StateMachineUpdater.java:takeSnapshot(281)) - 431daa7d-f040-4c11-a1fb-891b2bc8b6a1@group-2C1689F4816B-StateMachineUpdater: Took a snapshot at index 60
2021-07-05 00:57:22,752 [431daa7d-f040-4c11-a1fb-891b2bc8b6a1@group-2C1689F4816B-StateMachineUpdater] INFO  impl.StateMachineUpdater (StateMachineUpdater.java:lambda$new$0(89)) - 431daa7d-f040-4c11-a1fb-891b2bc8b6a1@group-2C1689F4816B-StateMachineUpdater: snapshotIndex: updateIncreasingly 55 -> 60
2021-07-05 00:57:22,752 [431daa7d-f040-4c11-a1fb-891b2bc8b6a1@group-2C1689F4816B-StateMachineUpdater] INFO  raftlog.RaftLog (RaftLogBase.java:purge(306)) - 431daa7d-f040-4c11-a1fb-891b2bc8b6a1@group-2C1689F4816B-SegmentedRaftLog: purge 60
2021-07-05 00:57:22,752 [431daa7d-f040-4c11-a1fb-891b2bc8b6a1@group-2C1689F4816B-StateMachineUpdater] INFO  raftlog.RaftLog (RaftLogBase.java:lambda$new$0(53)) - 431daa7d-f040-4c11-a1fb-891b2bc8b6a1@group-2C1689F4816B-SegmentedRaftLog: snapshotIndex: updateIncreasingly 55 -> 60
2021-07-05 00:57:22,752 [431daa7d-f040-4c11-a1fb-891b2bc8b6a1@group-2C1689F4816B-StateMachineUpdater] INFO  raftlog.RaftLog (RaftLogBase.java:lambda$new$0(53)) - 431daa7d-f040-4c11-a1fb-891b2bc8b6a1@group-2C1689F4816B-SegmentedRaftLog: purgeIndex: updateToMax old=55, new=60, updated? true
2021-07-05 00:57:22,850 [181931d2-e1e0-4592-a157-d5007a9fa086@group-2C1689F4816B-StateMachineUpdater] INFO  ha.SCMStateMachine (SCMStateMachine.java:takeSnapshot(290)) - Current Snapshot Index 60, takeSnapshot took 0 ms
2021-07-05 00:57:22,850 [181931d2-e1e0-4592-a157-d5007a9fa086@group-2C1689F4816B-StateMachineUpdater] INFO  impl.StateMachineUpdater (StateMachineUpdater.java:takeSnapshot(281)) - 181931d2-e1e0-4592-a157-d5007a9fa086@group-2C1689F4816B-StateMachineUpdater: Took a snapshot at index 60
2021-07-05 00:57:22,851 [181931d2-e1e0-4592-a157-d5007a9fa086@group-2C1689F4816B-StateMachineUpdater] INFO  impl.StateMachineUpdater (StateMachineUpdater.java:lambda$new$0(89)) - 181931d2-e1e0-4592-a157-d5007a9fa086@group-2C1689F4816B-StateMachineUpdater: snapshotIndex: updateIncreasingly 55 -> 60
2021-07-05 00:57:22,851 [181931d2-e1e0-4592-a157-d5007a9fa086@group-2C1689F4816B-StateMachineUpdater] INFO  raftlog.RaftLog (RaftLogBase.java:purge(306)) - 181931d2-e1e0-4592-a157-d5007a9fa086@group-2C1689F4816B-SegmentedRaftLog: purge 60
2021-07-05 00:57:22,851 [181931d2-e1e0-4592-a157-d5007a9fa086@group-2C1689F4816B-StateMachineUpdater] INFO  raftlog.RaftLog (RaftLogBase.java:lambda$new$0(53)) - 181931d2-e1e0-4592-a157-d5007a9fa086@group-2C1689F4816B-SegmentedRaftLog: snapshotIndex: updateIncreasingly 55 -> 60
2021-07-05 00:57:22,851 [181931d2-e1e0-4592-a157-d5007a9fa086@group-2C1689F4816B-StateMachineUpdater] INFO  raftlog.RaftLog (RaftLogBase.java:lambda$new$0(53)) - 181931d2-e1e0-4592-a157-d5007a9fa086@group-2C1689F4816B-SegmentedRaftLog: purgeIndex: updateToMax old=55, new=60, updated? true
2021-07-05 00:57:22,853 [Listener at 127.0.0.1/12256] INFO  ha.SCMHAInvocationHandler (SCMHAInvocationHandler.java:invokeRatis(113)) - Invoking method public abstract void org.apache.hadoop.hdds.scm.container.ContainerStateManagerV2.addContainer(org.apache.hadoop.hdds.protocol.proto.HddsProtos$ContainerInfoProto) throws java.io.IOException on target org.apache.hadoop.hdds.scm.ha.SCMRatisServerImpl@16916856, cost 5969.554us
2021-07-05 00:57:22,854 [181931d2-e1e0-4592-a157-d5007a9fa086@group-2C1689F4816B-StateMachineUpdater] INFO  safemode.HealthyPipelineSafeModeRule (HealthyPipelineSafeModeRule.java:initializeRule(152)) - Refreshed total pipeline count is 1, healthy pipeline threshold count is 1
2021-07-05 00:57:22,960 [Listener at 127.0.0.1/12256] INFO  ha.SCMHAInvocationHandler (SCMHAInvocationHandler.java:invokeRatis(113)) - Invoking method public abstract void org.apache.hadoop.hdds.scm.container.ContainerStateManagerV2.addContainer(org.apache.hadoop.hdds.protocol.proto.HddsProtos$ContainerInfoProto) throws java.io.IOException on target org.apache.hadoop.hdds.scm.ha.SCMRatisServerImpl@16916856, cost 6469.049us
2021-07-05 00:57:22,962 [181931d2-e1e0-4592-a157-d5007a9fa086@group-2C1689F4816B-StateMachineUpdater] INFO  safemode.HealthyPipelineSafeModeRule (HealthyPipelineSafeModeRule.java:initializeRule(152)) - Refreshed total pipeline count is 1, healthy pipeline threshold count is 1
2021-07-05 00:57:23,065 [431daa7d-f040-4c11-a1fb-891b2bc8b6a1@group-2C1689F4816B-StateMachineUpdater] INFO  ha.SCMStateMachine (SCMStateMachine.java:takeSnapshot(290)) - Current Snapshot Index 65, takeSnapshot took 0 ms
2021-07-05 00:57:23,065 [431daa7d-f040-4c11-a1fb-891b2bc8b6a1@group-2C1689F4816B-StateMachineUpdater] INFO  impl.StateMachineUpdater (StateMachineUpdater.java:takeSnapshot(281)) - 431daa7d-f040-4c11-a1fb-891b2bc8b6a1@group-2C1689F4816B-StateMachineUpdater: Took a snapshot at index 65
2021-07-05 00:57:23,065 [431daa7d-f040-4c11-a1fb-891b2bc8b6a1@group-2C1689F4816B-StateMachineUpdater] INFO  impl.StateMachineUpdater (StateMachineUpdater.java:lambda$new$0(89)) - 431daa7d-f040-4c11-a1fb-891b2bc8b6a1@group-2C1689F4816B-StateMachineUpdater: snapshotIndex: updateIncreasingly 60 -> 65
2021-07-05 00:57:23,065 [431daa7d-f040-4c11-a1fb-891b2bc8b6a1@group-2C1689F4816B-StateMachineUpdater] INFO  raftlog.RaftLog (RaftLogBase.java:purge(306)) - 431daa7d-f040-4c11-a1fb-891b2bc8b6a1@group-2C1689F4816B-SegmentedRaftLog: purge 65
2021-07-05 00:57:23,065 [431daa7d-f040-4c11-a1fb-891b2bc8b6a1@group-2C1689F4816B-StateMachineUpdater] INFO  raftlog.RaftLog (RaftLogBase.java:lambda$new$0(53)) - 431daa7d-f040-4c11-a1fb-891b2bc8b6a1@group-2C1689F4816B-SegmentedRaftLog: snapshotIndex: updateIncreasingly 60 -> 65
2021-07-05 00:57:23,065 [431daa7d-f040-4c11-a1fb-891b2bc8b6a1@group-2C1689F4816B-StateMachineUpdater] INFO  raftlog.RaftLog (RaftLogBase.java:lambda$new$0(53)) - 431daa7d-f040-4c11-a1fb-891b2bc8b6a1@group-2C1689F4816B-SegmentedRaftLog: purgeIndex: updateToMax old=60, new=65, updated? true
2021-07-05 00:57:23,066 [Listener at 127.0.0.1/12256] INFO  ha.SCMHAInvocationHandler (SCMHAInvocationHandler.java:invokeRatis(113)) - Invoking method public abstract void org.apache.hadoop.hdds.scm.container.ContainerStateManagerV2.addContainer(org.apache.hadoop.hdds.protocol.proto.HddsProtos$ContainerInfoProto) throws java.io.IOException on target org.apache.hadoop.hdds.scm.ha.SCMRatisServerImpl@16916856, cost 5167.16us
2021-07-05 00:57:23,067 [181931d2-e1e0-4592-a157-d5007a9fa086@group-2C1689F4816B-StateMachineUpdater] INFO  safemode.HealthyPipelineSafeModeRule (HealthyPipelineSafeModeRule.java:initializeRule(152)) - Refreshed total pipeline count is 1, healthy pipeline threshold count is 1
2021-07-05 00:57:23,068 [181931d2-e1e0-4592-a157-d5007a9fa086@group-2C1689F4816B-StateMachineUpdater] INFO  ha.SCMStateMachine (SCMStateMachine.java:takeSnapshot(290)) - Current Snapshot Index 65, takeSnapshot took 0 ms
2021-07-05 00:57:23,068 [181931d2-e1e0-4592-a157-d5007a9fa086@group-2C1689F4816B-StateMachineUpdater] INFO  impl.StateMachineUpdater (StateMachineUpdater.java:takeSnapshot(281)) - 181931d2-e1e0-4592-a157-d5007a9fa086@group-2C1689F4816B-StateMachineUpdater: Took a snapshot at index 65
2021-07-05 00:57:23,068 [181931d2-e1e0-4592-a157-d5007a9fa086@group-2C1689F4816B-StateMachineUpdater] INFO  impl.StateMachineUpdater (StateMachineUpdater.java:lambda$new$0(89)) - 181931d2-e1e0-4592-a157-d5007a9fa086@group-2C1689F4816B-StateMachineUpdater: snapshotIndex: updateIncreasingly 60 -> 65
2021-07-05 00:57:23,068 [181931d2-e1e0-4592-a157-d5007a9fa086@group-2C1689F4816B-StateMachineUpdater] INFO  raftlog.RaftLog (RaftLogBase.java:purge(306)) - 181931d2-e1e0-4592-a157-d5007a9fa086@group-2C1689F4816B-SegmentedRaftLog: purge 65
2021-07-05 00:57:23,068 [181931d2-e1e0-4592-a157-d5007a9fa086@group-2C1689F4816B-StateMachineUpdater] INFO  raftlog.RaftLog (RaftLogBase.java:lambda$new$0(53)) - 181931d2-e1e0-4592-a157-d5007a9fa086@group-2C1689F4816B-SegmentedRaftLog: snapshotIndex: updateIncreasingly 60 -> 65
2021-07-05 00:57:23,068 [181931d2-e1e0-4592-a157-d5007a9fa086@group-2C1689F4816B-StateMachineUpdater] INFO  raftlog.RaftLog (RaftLogBase.java:lambda$new$0(53)) - 181931d2-e1e0-4592-a157-d5007a9fa086@group-2C1689F4816B-SegmentedRaftLog: purgeIndex: updateToMax old=60, new=65, updated? true
2021-07-05 00:57:23,176 [Listener at 127.0.0.1/12256] INFO  ha.SCMHAInvocationHandler (SCMHAInvocationHandler.java:invokeRatis(113)) - Invoking method public abstract void org.apache.hadoop.hdds.scm.container.ContainerStateManagerV2.addContainer(org.apache.hadoop.hdds.protocol.proto.HddsProtos$ContainerInfoProto) throws java.io.IOException on target org.apache.hadoop.hdds.scm.ha.SCMRatisServerImpl@16916856, cost 9510.626us
2021-07-05 00:57:23,178 [181931d2-e1e0-4592-a157-d5007a9fa086@group-2C1689F4816B-StateMachineUpdater] INFO  safemode.HealthyPipelineSafeModeRule (HealthyPipelineSafeModeRule.java:initializeRule(152)) - Refreshed total pipeline count is 1, healthy pipeline threshold count is 1
2021-07-05 00:57:23,282 [Listener at 127.0.0.1/12256] INFO  ha.SCMHAInvocationHandler (SCMHAInvocationHandler.java:invokeRatis(113)) - Invoking method public abstract void org.apache.hadoop.hdds.scm.container.ContainerStateManagerV2.addContainer(org.apache.hadoop.hdds.protocol.proto.HddsProtos$ContainerInfoProto) throws java.io.IOException on target org.apache.hadoop.hdds.scm.ha.SCMRatisServerImpl@16916856, cost 5431.158us
2021-07-05 00:57:23,282 [181931d2-e1e0-4592-a157-d5007a9fa086@group-2C1689F4816B-StateMachineUpdater] INFO  safemode.HealthyPipelineSafeModeRule (HealthyPipelineSafeModeRule.java:initializeRule(152)) - Refreshed total pipeline count is 1, healthy pipeline threshold count is 1
2021-07-05 00:57:23,283 [431daa7d-f040-4c11-a1fb-891b2bc8b6a1@group-2C1689F4816B-StateMachineUpdater] INFO  ha.SCMStateMachine (SCMStateMachine.java:takeSnapshot(290)) - Current Snapshot Index 70, takeSnapshot took 0 ms
2021-07-05 00:57:23,283 [431daa7d-f040-4c11-a1fb-891b2bc8b6a1@group-2C1689F4816B-StateMachineUpdater] INFO  impl.StateMachineUpdater (StateMachineUpdater.java:takeSnapshot(281)) - 431daa7d-f040-4c11-a1fb-891b2bc8b6a1@group-2C1689F4816B-StateMachineUpdater: Took a snapshot at index 70
2021-07-05 00:57:23,283 [431daa7d-f040-4c11-a1fb-891b2bc8b6a1@group-2C1689F4816B-StateMachineUpdater] INFO  impl.StateMachineUpdater (StateMachineUpdater.java:lambda$new$0(89)) - 431daa7d-f040-4c11-a1fb-891b2bc8b6a1@group-2C1689F4816B-StateMachineUpdater: snapshotIndex: updateIncreasingly 65 -> 70
2021-07-05 00:57:23,284 [431daa7d-f040-4c11-a1fb-891b2bc8b6a1@group-2C1689F4816B-StateMachineUpdater] INFO  raftlog.RaftLog (RaftLogBase.java:purge(306)) - 431daa7d-f040-4c11-a1fb-891b2bc8b6a1@group-2C1689F4816B-SegmentedRaftLog: purge 70
2021-07-05 00:57:23,284 [431daa7d-f040-4c11-a1fb-891b2bc8b6a1@group-2C1689F4816B-StateMachineUpdater] INFO  raftlog.RaftLog (RaftLogBase.java:lambda$new$0(53)) - 431daa7d-f040-4c11-a1fb-891b2bc8b6a1@group-2C1689F4816B-SegmentedRaftLog: snapshotIndex: updateIncreasingly 65 -> 70
2021-07-05 00:57:23,284 [431daa7d-f040-4c11-a1fb-891b2bc8b6a1@group-2C1689F4816B-StateMachineUpdater] INFO  raftlog.RaftLog (RaftLogBase.java:lambda$new$0(53)) - 431daa7d-f040-4c11-a1fb-891b2bc8b6a1@group-2C1689F4816B-SegmentedRaftLog: purgeIndex: updateToMax old=65, new=70, updated? true
2021-07-05 00:57:23,386 [181931d2-e1e0-4592-a157-d5007a9fa086@group-2C1689F4816B-StateMachineUpdater] INFO  ha.SCMStateMachine (SCMStateMachine.java:takeSnapshot(290)) - Current Snapshot Index 70, takeSnapshot took 0 ms
2021-07-05 00:57:23,386 [181931d2-e1e0-4592-a157-d5007a9fa086@group-2C1689F4816B-StateMachineUpdater] INFO  impl.StateMachineUpdater (StateMachineUpdater.java:takeSnapshot(281)) - 181931d2-e1e0-4592-a157-d5007a9fa086@group-2C1689F4816B-StateMachineUpdater: Took a snapshot at index 70
2021-07-05 00:57:23,386 [181931d2-e1e0-4592-a157-d5007a9fa086@group-2C1689F4816B-StateMachineUpdater] INFO  impl.StateMachineUpdater (StateMachineUpdater.java:lambda$new$0(89)) - 181931d2-e1e0-4592-a157-d5007a9fa086@group-2C1689F4816B-StateMachineUpdater: snapshotIndex: updateIncreasingly 65 -> 70
2021-07-05 00:57:23,386 [181931d2-e1e0-4592-a157-d5007a9fa086@group-2C1689F4816B-StateMachineUpdater] INFO  raftlog.RaftLog (RaftLogBase.java:purge(306)) - 181931d2-e1e0-4592-a157-d5007a9fa086@group-2C1689F4816B-SegmentedRaftLog: purge 70
2021-07-05 00:57:23,386 [181931d2-e1e0-4592-a157-d5007a9fa086@group-2C1689F4816B-StateMachineUpdater] INFO  raftlog.RaftLog (RaftLogBase.java:lambda$new$0(53)) - 181931d2-e1e0-4592-a157-d5007a9fa086@group-2C1689F4816B-SegmentedRaftLog: snapshotIndex: updateIncreasingly 65 -> 70
2021-07-05 00:57:23,386 [181931d2-e1e0-4592-a157-d5007a9fa086@group-2C1689F4816B-StateMachineUpdater] INFO  raftlog.RaftLog (RaftLogBase.java:lambda$new$0(53)) - 181931d2-e1e0-4592-a157-d5007a9fa086@group-2C1689F4816B-SegmentedRaftLog: purgeIndex: updateToMax old=65, new=70, updated? true
2021-07-05 00:57:23,387 [Listener at 127.0.0.1/12256] INFO  ha.SCMHAInvocationHandler (SCMHAInvocationHandler.java:invokeRatis(113)) - Invoking method public abstract void org.apache.hadoop.hdds.scm.container.ContainerStateManagerV2.addContainer(org.apache.hadoop.hdds.protocol.proto.HddsProtos$ContainerInfoProto) throws java.io.IOException on target org.apache.hadoop.hdds.scm.ha.SCMRatisServerImpl@16916856, cost 5120.06us
2021-07-05 00:57:23,389 [181931d2-e1e0-4592-a157-d5007a9fa086@group-2C1689F4816B-StateMachineUpdater] INFO  safemode.HealthyPipelineSafeModeRule (HealthyPipelineSafeModeRule.java:initializeRule(152)) - Refreshed total pipeline count is 1, healthy pipeline threshold count is 1
2021-07-05 00:57:23,493 [Listener at 127.0.0.1/12256] INFO  ha.SCMHAInvocationHandler (SCMHAInvocationHandler.java:invokeRatis(113)) - Invoking method public abstract void org.apache.hadoop.hdds.scm.container.ContainerStateManagerV2.addContainer(org.apache.hadoop.hdds.protocol.proto.HddsProtos$ContainerInfoProto) throws java.io.IOException on target org.apache.hadoop.hdds.scm.ha.SCMRatisServerImpl@16916856, cost 5568.757us
2021-07-05 00:57:23,494 [181931d2-e1e0-4592-a157-d5007a9fa086@group-2C1689F4816B-StateMachineUpdater] INFO  safemode.HealthyPipelineSafeModeRule (HealthyPipelineSafeModeRule.java:initializeRule(152)) - Refreshed total pipeline count is 1, healthy pipeline threshold count is 1
2021-07-05 00:57:23,599 [Listener at 127.0.0.1/12256] INFO  ha.SCMHAInvocationHandler (SCMHAInvocationHandler.java:invokeRatis(113)) - Invoking method public abstract void org.apache.hadoop.hdds.scm.container.ContainerStateManagerV2.addContainer(org.apache.hadoop.hdds.protocol.proto.HddsProtos$ContainerInfoProto) throws java.io.IOException on target org.apache.hadoop.hdds.scm.ha.SCMRatisServerImpl@16916856, cost 4551.764us
2021-07-05 00:57:23,599 [431daa7d-f040-4c11-a1fb-891b2bc8b6a1@group-2C1689F4816B-StateMachineUpdater] INFO  ha.SCMStateMachine (SCMStateMachine.java:takeSnapshot(290)) - Current Snapshot Index 75, takeSnapshot took 0 ms
2021-07-05 00:57:23,599 [431daa7d-f040-4c11-a1fb-891b2bc8b6a1@group-2C1689F4816B-StateMachineUpdater] INFO  impl.StateMachineUpdater (StateMachineUpdater.java:takeSnapshot(281)) - 431daa7d-f040-4c11-a1fb-891b2bc8b6a1@group-2C1689F4816B-StateMachineUpdater: Took a snapshot at index 75
2021-07-05 00:57:23,599 [431daa7d-f040-4c11-a1fb-891b2bc8b6a1@group-2C1689F4816B-StateMachineUpdater] INFO  impl.StateMachineUpdater (StateMachineUpdater.java:lambda$new$0(89)) - 431daa7d-f040-4c11-a1fb-891b2bc8b6a1@group-2C1689F4816B-StateMachineUpdater: snapshotIndex: updateIncreasingly 70 -> 75
2021-07-05 00:57:23,599 [431daa7d-f040-4c11-a1fb-891b2bc8b6a1@group-2C1689F4816B-StateMachineUpdater] INFO  raftlog.RaftLog (RaftLogBase.java:purge(306)) - 431daa7d-f040-4c11-a1fb-891b2bc8b6a1@group-2C1689F4816B-SegmentedRaftLog: purge 75
2021-07-05 00:57:23,599 [431daa7d-f040-4c11-a1fb-891b2bc8b6a1@group-2C1689F4816B-StateMachineUpdater] INFO  raftlog.RaftLog (RaftLogBase.java:lambda$new$0(53)) - 431daa7d-f040-4c11-a1fb-891b2bc8b6a1@group-2C1689F4816B-SegmentedRaftLog: snapshotIndex: updateIncreasingly 70 -> 75
2021-07-05 00:57:23,599 [431daa7d-f040-4c11-a1fb-891b2bc8b6a1@group-2C1689F4816B-StateMachineUpdater] INFO  raftlog.RaftLog (RaftLogBase.java:lambda$new$0(53)) - 431daa7d-f040-4c11-a1fb-891b2bc8b6a1@group-2C1689F4816B-SegmentedRaftLog: purgeIndex: updateToMax old=70, new=75, updated? true
2021-07-05 00:57:23,600 [181931d2-e1e0-4592-a157-d5007a9fa086@group-2C1689F4816B-StateMachineUpdater] INFO  safemode.HealthyPipelineSafeModeRule (HealthyPipelineSafeModeRule.java:initializeRule(152)) - Refreshed total pipeline count is 1, healthy pipeline threshold count is 1
2021-07-05 00:57:23,600 [181931d2-e1e0-4592-a157-d5007a9fa086@group-2C1689F4816B-StateMachineUpdater] INFO  ha.SCMStateMachine (SCMStateMachine.java:takeSnapshot(290)) - Current Snapshot Index 75, takeSnapshot took 0 ms
2021-07-05 00:57:23,600 [181931d2-e1e0-4592-a157-d5007a9fa086@group-2C1689F4816B-StateMachineUpdater] INFO  impl.StateMachineUpdater (StateMachineUpdater.java:takeSnapshot(281)) - 181931d2-e1e0-4592-a157-d5007a9fa086@group-2C1689F4816B-StateMachineUpdater: Took a snapshot at index 75
2021-07-05 00:57:23,600 [181931d2-e1e0-4592-a157-d5007a9fa086@group-2C1689F4816B-StateMachineUpdater] INFO  impl.StateMachineUpdater (StateMachineUpdater.java:lambda$new$0(89)) - 181931d2-e1e0-4592-a157-d5007a9fa086@group-2C1689F4816B-StateMachineUpdater: snapshotIndex: updateIncreasingly 70 -> 75
2021-07-05 00:57:23,600 [181931d2-e1e0-4592-a157-d5007a9fa086@group-2C1689F4816B-StateMachineUpdater] INFO  raftlog.RaftLog (RaftLogBase.java:purge(306)) - 181931d2-e1e0-4592-a157-d5007a9fa086@group-2C1689F4816B-SegmentedRaftLog: purge 75
2021-07-05 00:57:23,601 [181931d2-e1e0-4592-a157-d5007a9fa086@group-2C1689F4816B-StateMachineUpdater] INFO  raftlog.RaftLog (RaftLogBase.java:lambda$new$0(53)) - 181931d2-e1e0-4592-a157-d5007a9fa086@group-2C1689F4816B-SegmentedRaftLog: snapshotIndex: updateIncreasingly 70 -> 75
2021-07-05 00:57:23,601 [181931d2-e1e0-4592-a157-d5007a9fa086@group-2C1689F4816B-StateMachineUpdater] INFO  raftlog.RaftLog (RaftLogBase.java:lambda$new$0(53)) - 181931d2-e1e0-4592-a157-d5007a9fa086@group-2C1689F4816B-SegmentedRaftLog: purgeIndex: updateToMax old=70, new=75, updated? true
2021-07-05 00:57:23,704 [Listener at 127.0.0.1/12256] INFO  ha.SCMHAInvocationHandler (SCMHAInvocationHandler.java:invokeRatis(113)) - Invoking method public abstract void org.apache.hadoop.hdds.scm.container.ContainerStateManagerV2.addContainer(org.apache.hadoop.hdds.protocol.proto.HddsProtos$ContainerInfoProto) throws java.io.IOException on target org.apache.hadoop.hdds.scm.ha.SCMRatisServerImpl@16916856, cost 4512.165us
2021-07-05 00:57:23,706 [181931d2-e1e0-4592-a157-d5007a9fa086@group-2C1689F4816B-StateMachineUpdater] INFO  safemode.HealthyPipelineSafeModeRule (HealthyPipelineSafeModeRule.java:initializeRule(152)) - Refreshed total pipeline count is 1, healthy pipeline threshold count is 1
2021-07-05 00:57:23,816 [Listener at 127.0.0.1/12256] INFO  ha.SCMHAInvocationHandler (SCMHAInvocationHandler.java:invokeRatis(113)) - Invoking method public abstract void org.apache.hadoop.hdds.scm.container.ContainerStateManagerV2.addContainer(org.apache.hadoop.hdds.protocol.proto.HddsProtos$ContainerInfoProto) throws java.io.IOException on target org.apache.hadoop.hdds.scm.ha.SCMRatisServerImpl@16916856, cost 11989.407us
2021-07-05 00:57:23,818 [181931d2-e1e0-4592-a157-d5007a9fa086@group-2C1689F4816B-StateMachineUpdater] INFO  safemode.HealthyPipelineSafeModeRule (HealthyPipelineSafeModeRule.java:initializeRule(152)) - Refreshed total pipeline count is 1, healthy pipeline threshold count is 1
2021-07-05 00:57:23,822 [431daa7d-f040-4c11-a1fb-891b2bc8b6a1@group-2C1689F4816B-StateMachineUpdater] INFO  ha.SCMStateMachine (SCMStateMachine.java:takeSnapshot(290)) - Current Snapshot Index 80, takeSnapshot took 1 ms
2021-07-05 00:57:23,822 [431daa7d-f040-4c11-a1fb-891b2bc8b6a1@group-2C1689F4816B-StateMachineUpdater] INFO  impl.StateMachineUpdater (StateMachineUpdater.java:takeSnapshot(281)) - 431daa7d-f040-4c11-a1fb-891b2bc8b6a1@group-2C1689F4816B-StateMachineUpdater: Took a snapshot at index 80
2021-07-05 00:57:23,822 [431daa7d-f040-4c11-a1fb-891b2bc8b6a1@group-2C1689F4816B-StateMachineUpdater] INFO  impl.StateMachineUpdater (StateMachineUpdater.java:lambda$new$0(89)) - 431daa7d-f040-4c11-a1fb-891b2bc8b6a1@group-2C1689F4816B-StateMachineUpdater: snapshotIndex: updateIncreasingly 75 -> 80
2021-07-05 00:57:23,823 [431daa7d-f040-4c11-a1fb-891b2bc8b6a1@group-2C1689F4816B-StateMachineUpdater] INFO  raftlog.RaftLog (RaftLogBase.java:purge(306)) - 431daa7d-f040-4c11-a1fb-891b2bc8b6a1@group-2C1689F4816B-SegmentedRaftLog: purge 80
2021-07-05 00:57:23,823 [431daa7d-f040-4c11-a1fb-891b2bc8b6a1@group-2C1689F4816B-StateMachineUpdater] INFO  raftlog.RaftLog (RaftLogBase.java:lambda$new$0(53)) - 431daa7d-f040-4c11-a1fb-891b2bc8b6a1@group-2C1689F4816B-SegmentedRaftLog: snapshotIndex: updateIncreasingly 75 -> 80
2021-07-05 00:57:23,823 [431daa7d-f040-4c11-a1fb-891b2bc8b6a1@group-2C1689F4816B-StateMachineUpdater] INFO  raftlog.RaftLog (RaftLogBase.java:lambda$new$0(53)) - 431daa7d-f040-4c11-a1fb-891b2bc8b6a1@group-2C1689F4816B-SegmentedRaftLog: purgeIndex: updateToMax old=75, new=80, updated? true
2021-07-05 00:57:23,927 [Listener at 127.0.0.1/12256] INFO  ha.SCMHAInvocationHandler (SCMHAInvocationHandler.java:invokeRatis(113)) - Invoking method public abstract void org.apache.hadoop.hdds.scm.container.ContainerStateManagerV2.addContainer(org.apache.hadoop.hdds.protocol.proto.HddsProtos$ContainerInfoProto) throws java.io.IOException on target org.apache.hadoop.hdds.scm.ha.SCMRatisServerImpl@16916856, cost 9928.023us
2021-07-05 00:57:23,928 [181931d2-e1e0-4592-a157-d5007a9fa086@group-2C1689F4816B-StateMachineUpdater] INFO  ha.SCMStateMachine (SCMStateMachine.java:takeSnapshot(290)) - Current Snapshot Index 80, takeSnapshot took 4 ms
2021-07-05 00:57:23,928 [181931d2-e1e0-4592-a157-d5007a9fa086@group-2C1689F4816B-StateMachineUpdater] INFO  impl.StateMachineUpdater (StateMachineUpdater.java:takeSnapshot(281)) - 181931d2-e1e0-4592-a157-d5007a9fa086@group-2C1689F4816B-StateMachineUpdater: Took a snapshot at index 80
2021-07-05 00:57:23,928 [181931d2-e1e0-4592-a157-d5007a9fa086@group-2C1689F4816B-StateMachineUpdater] INFO  impl.StateMachineUpdater (StateMachineUpdater.java:lambda$new$0(89)) - 181931d2-e1e0-4592-a157-d5007a9fa086@group-2C1689F4816B-StateMachineUpdater: snapshotIndex: updateIncreasingly 75 -> 80
2021-07-05 00:57:23,928 [181931d2-e1e0-4592-a157-d5007a9fa086@group-2C1689F4816B-StateMachineUpdater] INFO  raftlog.RaftLog (RaftLogBase.java:purge(306)) - 181931d2-e1e0-4592-a157-d5007a9fa086@group-2C1689F4816B-SegmentedRaftLog: purge 80
2021-07-05 00:57:23,928 [181931d2-e1e0-4592-a157-d5007a9fa086@group-2C1689F4816B-StateMachineUpdater] INFO  raftlog.RaftLog (RaftLogBase.java:lambda$new$0(53)) - 181931d2-e1e0-4592-a157-d5007a9fa086@group-2C1689F4816B-SegmentedRaftLog: snapshotIndex: updateIncreasingly 75 -> 80
2021-07-05 00:57:23,928 [181931d2-e1e0-4592-a157-d5007a9fa086@group-2C1689F4816B-StateMachineUpdater] INFO  raftlog.RaftLog (RaftLogBase.java:lambda$new$0(53)) - 181931d2-e1e0-4592-a157-d5007a9fa086@group-2C1689F4816B-SegmentedRaftLog: purgeIndex: updateToMax old=75, new=80, updated? true
2021-07-05 00:57:23,930 [181931d2-e1e0-4592-a157-d5007a9fa086@group-2C1689F4816B-StateMachineUpdater] INFO  safemode.HealthyPipelineSafeModeRule (HealthyPipelineSafeModeRule.java:initializeRule(152)) - Refreshed total pipeline count is 1, healthy pipeline threshold count is 1
2021-07-05 00:57:24,032 [Listener at 127.0.0.1/12256] INFO  ha.SCMHAInvocationHandler (SCMHAInvocationHandler.java:invokeRatis(113)) - Invoking method public abstract void org.apache.hadoop.hdds.scm.container.ContainerStateManagerV2.addContainer(org.apache.hadoop.hdds.protocol.proto.HddsProtos$ContainerInfoProto) throws java.io.IOException on target org.apache.hadoop.hdds.scm.ha.SCMRatisServerImpl@16916856, cost 4655.464us
2021-07-05 00:57:24,034 [181931d2-e1e0-4592-a157-d5007a9fa086@group-2C1689F4816B-StateMachineUpdater] INFO  safemode.HealthyPipelineSafeModeRule (HealthyPipelineSafeModeRule.java:initializeRule(152)) - Refreshed total pipeline count is 1, healthy pipeline threshold count is 1
2021-07-05 00:57:24,138 [Listener at 127.0.0.1/12256] INFO  ha.SCMHAInvocationHandler (SCMHAInvocationHandler.java:invokeRatis(113)) - Invoking method public abstract void org.apache.hadoop.hdds.scm.container.ContainerStateManagerV2.addContainer(org.apache.hadoop.hdds.protocol.proto.HddsProtos$ContainerInfoProto) throws java.io.IOException on target org.apache.hadoop.hdds.scm.ha.SCMRatisServerImpl@16916856, cost 4821.462us
2021-07-05 00:57:24,138 [431daa7d-f040-4c11-a1fb-891b2bc8b6a1@group-2C1689F4816B-StateMachineUpdater] INFO  ha.SCMStateMachine (SCMStateMachine.java:takeSnapshot(290)) - Current Snapshot Index 85, takeSnapshot took 0 ms
2021-07-05 00:57:24,141 [431daa7d-f040-4c11-a1fb-891b2bc8b6a1@group-2C1689F4816B-StateMachineUpdater] INFO  impl.StateMachineUpdater (StateMachineUpdater.java:takeSnapshot(281)) - 431daa7d-f040-4c11-a1fb-891b2bc8b6a1@group-2C1689F4816B-StateMachineUpdater: Took a snapshot at index 85
2021-07-05 00:57:24,141 [431daa7d-f040-4c11-a1fb-891b2bc8b6a1@group-2C1689F4816B-StateMachineUpdater] INFO  impl.StateMachineUpdater (StateMachineUpdater.java:lambda$new$0(89)) - 431daa7d-f040-4c11-a1fb-891b2bc8b6a1@group-2C1689F4816B-StateMachineUpdater: snapshotIndex: updateIncreasingly 80 -> 85
2021-07-05 00:57:24,141 [431daa7d-f040-4c11-a1fb-891b2bc8b6a1@group-2C1689F4816B-StateMachineUpdater] INFO  raftlog.RaftLog (RaftLogBase.java:purge(306)) - 431daa7d-f040-4c11-a1fb-891b2bc8b6a1@group-2C1689F4816B-SegmentedRaftLog: purge 85
2021-07-05 00:57:24,141 [431daa7d-f040-4c11-a1fb-891b2bc8b6a1@group-2C1689F4816B-StateMachineUpdater] INFO  raftlog.RaftLog (RaftLogBase.java:lambda$new$0(53)) - 431daa7d-f040-4c11-a1fb-891b2bc8b6a1@group-2C1689F4816B-SegmentedRaftLog: snapshotIndex: updateIncreasingly 80 -> 85
2021-07-05 00:57:24,141 [431daa7d-f040-4c11-a1fb-891b2bc8b6a1@group-2C1689F4816B-StateMachineUpdater] INFO  raftlog.RaftLog (RaftLogBase.java:lambda$new$0(53)) - 431daa7d-f040-4c11-a1fb-891b2bc8b6a1@group-2C1689F4816B-SegmentedRaftLog: purgeIndex: updateToMax old=80, new=85, updated? true
2021-07-05 00:57:24,142 [181931d2-e1e0-4592-a157-d5007a9fa086@group-2C1689F4816B-StateMachineUpdater] INFO  safemode.HealthyPipelineSafeModeRule (HealthyPipelineSafeModeRule.java:initializeRule(152)) - Refreshed total pipeline count is 1, healthy pipeline threshold count is 1
2021-07-05 00:57:24,142 [181931d2-e1e0-4592-a157-d5007a9fa086@group-2C1689F4816B-StateMachineUpdater] INFO  ha.SCMStateMachine (SCMStateMachine.java:takeSnapshot(290)) - Current Snapshot Index 85, takeSnapshot took 0 ms
2021-07-05 00:57:24,142 [181931d2-e1e0-4592-a157-d5007a9fa086@group-2C1689F4816B-StateMachineUpdater] INFO  impl.StateMachineUpdater (StateMachineUpdater.java:takeSnapshot(281)) - 181931d2-e1e0-4592-a157-d5007a9fa086@group-2C1689F4816B-StateMachineUpdater: Took a snapshot at index 85
2021-07-05 00:57:24,142 [181931d2-e1e0-4592-a157-d5007a9fa086@group-2C1689F4816B-StateMachineUpdater] INFO  impl.StateMachineUpdater (StateMachineUpdater.java:lambda$new$0(89)) - 181931d2-e1e0-4592-a157-d5007a9fa086@group-2C1689F4816B-StateMachineUpdater: snapshotIndex: updateIncreasingly 80 -> 85
2021-07-05 00:57:24,142 [181931d2-e1e0-4592-a157-d5007a9fa086@group-2C1689F4816B-StateMachineUpdater] INFO  raftlog.RaftLog (RaftLogBase.java:purge(306)) - 181931d2-e1e0-4592-a157-d5007a9fa086@group-2C1689F4816B-SegmentedRaftLog: purge 85
2021-07-05 00:57:24,143 [181931d2-e1e0-4592-a157-d5007a9fa086@group-2C1689F4816B-StateMachineUpdater] INFO  raftlog.RaftLog (RaftLogBase.java:lambda$new$0(53)) - 181931d2-e1e0-4592-a157-d5007a9fa086@group-2C1689F4816B-SegmentedRaftLog: snapshotIndex: updateIncreasingly 80 -> 85
2021-07-05 00:57:24,143 [181931d2-e1e0-4592-a157-d5007a9fa086@group-2C1689F4816B-StateMachineUpdater] INFO  raftlog.RaftLog (RaftLogBase.java:lambda$new$0(53)) - 181931d2-e1e0-4592-a157-d5007a9fa086@group-2C1689F4816B-SegmentedRaftLog: purgeIndex: updateToMax old=80, new=85, updated? true
2021-07-05 00:57:24,244 [Listener at 127.0.0.1/12256] INFO  ha.SCMHAInvocationHandler (SCMHAInvocationHandler.java:invokeRatis(113)) - Invoking method public abstract void org.apache.hadoop.hdds.scm.container.ContainerStateManagerV2.addContainer(org.apache.hadoop.hdds.protocol.proto.HddsProtos$ContainerInfoProto) throws java.io.IOException on target org.apache.hadoop.hdds.scm.ha.SCMRatisServerImpl@16916856, cost 4903.962us
2021-07-05 00:57:24,249 [181931d2-e1e0-4592-a157-d5007a9fa086@group-2C1689F4816B-StateMachineUpdater] INFO  safemode.HealthyPipelineSafeModeRule (HealthyPipelineSafeModeRule.java:initializeRule(152)) - Refreshed total pipeline count is 1, healthy pipeline threshold count is 1
2021-07-05 00:57:24,349 [Listener at 127.0.0.1/12256] INFO  ha.SCMHAInvocationHandler (SCMHAInvocationHandler.java:invokeRatis(113)) - Invoking method public abstract void org.apache.hadoop.hdds.scm.container.ContainerStateManagerV2.addContainer(org.apache.hadoop.hdds.protocol.proto.HddsProtos$ContainerInfoProto) throws java.io.IOException on target org.apache.hadoop.hdds.scm.ha.SCMRatisServerImpl@16916856, cost 5247.159us
2021-07-05 00:57:24,350 [181931d2-e1e0-4592-a157-d5007a9fa086@group-2C1689F4816B-StateMachineUpdater] INFO  safemode.HealthyPipelineSafeModeRule (HealthyPipelineSafeModeRule.java:initializeRule(152)) - Refreshed total pipeline count is 1, healthy pipeline threshold count is 1
2021-07-05 00:57:24,352 [431daa7d-f040-4c11-a1fb-891b2bc8b6a1@group-2C1689F4816B-StateMachineUpdater] INFO  ha.SCMStateMachine (SCMStateMachine.java:takeSnapshot(290)) - Current Snapshot Index 90, takeSnapshot took 0 ms
2021-07-05 00:57:24,352 [431daa7d-f040-4c11-a1fb-891b2bc8b6a1@group-2C1689F4816B-StateMachineUpdater] INFO  impl.StateMachineUpdater (StateMachineUpdater.java:takeSnapshot(281)) - 431daa7d-f040-4c11-a1fb-891b2bc8b6a1@group-2C1689F4816B-StateMachineUpdater: Took a snapshot at index 90
2021-07-05 00:57:24,352 [431daa7d-f040-4c11-a1fb-891b2bc8b6a1@group-2C1689F4816B-StateMachineUpdater] INFO  impl.StateMachineUpdater (StateMachineUpdater.java:lambda$new$0(89)) - 431daa7d-f040-4c11-a1fb-891b2bc8b6a1@group-2C1689F4816B-StateMachineUpdater: snapshotIndex: updateIncreasingly 85 -> 90
2021-07-05 00:57:24,352 [431daa7d-f040-4c11-a1fb-891b2bc8b6a1@group-2C1689F4816B-StateMachineUpdater] INFO  raftlog.RaftLog (RaftLogBase.java:purge(306)) - 431daa7d-f040-4c11-a1fb-891b2bc8b6a1@group-2C1689F4816B-SegmentedRaftLog: purge 90
2021-07-05 00:57:24,352 [431daa7d-f040-4c11-a1fb-891b2bc8b6a1@group-2C1689F4816B-StateMachineUpdater] INFO  raftlog.RaftLog (RaftLogBase.java:lambda$new$0(53)) - 431daa7d-f040-4c11-a1fb-891b2bc8b6a1@group-2C1689F4816B-SegmentedRaftLog: snapshotIndex: updateIncreasingly 85 -> 90
2021-07-05 00:57:24,352 [431daa7d-f040-4c11-a1fb-891b2bc8b6a1@group-2C1689F4816B-StateMachineUpdater] INFO  raftlog.RaftLog (RaftLogBase.java:lambda$new$0(53)) - 431daa7d-f040-4c11-a1fb-891b2bc8b6a1@group-2C1689F4816B-SegmentedRaftLog: purgeIndex: updateToMax old=85, new=90, updated? true
2021-07-05 00:57:24,454 [181931d2-e1e0-4592-a157-d5007a9fa086@group-2C1689F4816B-StateMachineUpdater] INFO  ha.SCMStateMachine (SCMStateMachine.java:takeSnapshot(290)) - Current Snapshot Index 90, takeSnapshot took 0 ms
2021-07-05 00:57:24,454 [181931d2-e1e0-4592-a157-d5007a9fa086@group-2C1689F4816B-StateMachineUpdater] INFO  impl.StateMachineUpdater (StateMachineUpdater.java:takeSnapshot(281)) - 181931d2-e1e0-4592-a157-d5007a9fa086@group-2C1689F4816B-StateMachineUpdater: Took a snapshot at index 90
2021-07-05 00:57:24,454 [181931d2-e1e0-4592-a157-d5007a9fa086@group-2C1689F4816B-StateMachineUpdater] INFO  impl.StateMachineUpdater (StateMachineUpdater.java:lambda$new$0(89)) - 181931d2-e1e0-4592-a157-d5007a9fa086@group-2C1689F4816B-StateMachineUpdater: snapshotIndex: updateIncreasingly 85 -> 90
2021-07-05 00:57:24,454 [181931d2-e1e0-4592-a157-d5007a9fa086@group-2C1689F4816B-StateMachineUpdater] INFO  raftlog.RaftLog (RaftLogBase.java:purge(306)) - 181931d2-e1e0-4592-a157-d5007a9fa086@group-2C1689F4816B-SegmentedRaftLog: purge 90
2021-07-05 00:57:24,454 [181931d2-e1e0-4592-a157-d5007a9fa086@group-2C1689F4816B-StateMachineUpdater] INFO  raftlog.RaftLog (RaftLogBase.java:lambda$new$0(53)) - 181931d2-e1e0-4592-a157-d5007a9fa086@group-2C1689F4816B-SegmentedRaftLog: snapshotIndex: updateIncreasingly 85 -> 90
2021-07-05 00:57:24,454 [181931d2-e1e0-4592-a157-d5007a9fa086@group-2C1689F4816B-StateMachineUpdater] INFO  raftlog.RaftLog (RaftLogBase.java:lambda$new$0(53)) - 181931d2-e1e0-4592-a157-d5007a9fa086@group-2C1689F4816B-SegmentedRaftLog: purgeIndex: updateToMax old=85, new=90, updated? true
2021-07-05 00:57:24,457 [Listener at 127.0.0.1/12256] INFO  ha.SCMHAInvocationHandler (SCMHAInvocationHandler.java:invokeRatis(113)) - Invoking method public abstract void org.apache.hadoop.hdds.scm.container.ContainerStateManagerV2.addContainer(org.apache.hadoop.hdds.protocol.proto.HddsProtos$ContainerInfoProto) throws java.io.IOException on target org.apache.hadoop.hdds.scm.ha.SCMRatisServerImpl@16916856, cost 6435.451us
2021-07-05 00:57:24,458 [181931d2-e1e0-4592-a157-d5007a9fa086@group-2C1689F4816B-StateMachineUpdater] INFO  safemode.HealthyPipelineSafeModeRule (HealthyPipelineSafeModeRule.java:initializeRule(152)) - Refreshed total pipeline count is 1, healthy pipeline threshold count is 1
2021-07-05 00:57:24,570 [Listener at 127.0.0.1/12256] INFO  ha.SCMHAInvocationHandler (SCMHAInvocationHandler.java:invokeRatis(113)) - Invoking method public abstract void org.apache.hadoop.hdds.scm.container.ContainerStateManagerV2.addContainer(org.apache.hadoop.hdds.protocol.proto.HddsProtos$ContainerInfoProto) throws java.io.IOException on target org.apache.hadoop.hdds.scm.ha.SCMRatisServerImpl@16916856, cost 12641.802us
2021-07-05 00:57:24,571 [181931d2-e1e0-4592-a157-d5007a9fa086@group-2C1689F4816B-StateMachineUpdater] INFO  safemode.HealthyPipelineSafeModeRule (HealthyPipelineSafeModeRule.java:initializeRule(152)) - Refreshed total pipeline count is 1, healthy pipeline threshold count is 1
2021-07-05 00:57:24,675 [431daa7d-f040-4c11-a1fb-891b2bc8b6a1@group-2C1689F4816B-StateMachineUpdater] INFO  ha.SCMStateMachine (SCMStateMachine.java:takeSnapshot(290)) - Current Snapshot Index 95, takeSnapshot took 1 ms
2021-07-05 00:57:24,675 [431daa7d-f040-4c11-a1fb-891b2bc8b6a1@group-2C1689F4816B-StateMachineUpdater] INFO  impl.StateMachineUpdater (StateMachineUpdater.java:takeSnapshot(281)) - 431daa7d-f040-4c11-a1fb-891b2bc8b6a1@group-2C1689F4816B-StateMachineUpdater: Took a snapshot at index 95
2021-07-05 00:57:24,675 [431daa7d-f040-4c11-a1fb-891b2bc8b6a1@group-2C1689F4816B-StateMachineUpdater] INFO  impl.StateMachineUpdater (StateMachineUpdater.java:lambda$new$0(89)) - 431daa7d-f040-4c11-a1fb-891b2bc8b6a1@group-2C1689F4816B-StateMachineUpdater: snapshotIndex: updateIncreasingly 90 -> 95
2021-07-05 00:57:24,675 [431daa7d-f040-4c11-a1fb-891b2bc8b6a1@group-2C1689F4816B-StateMachineUpdater] INFO  raftlog.RaftLog (RaftLogBase.java:purge(306)) - 431daa7d-f040-4c11-a1fb-891b2bc8b6a1@group-2C1689F4816B-SegmentedRaftLog: purge 95
2021-07-05 00:57:24,675 [431daa7d-f040-4c11-a1fb-891b2bc8b6a1@group-2C1689F4816B-StateMachineUpdater] INFO  raftlog.RaftLog (RaftLogBase.java:lambda$new$0(53)) - 431daa7d-f040-4c11-a1fb-891b2bc8b6a1@group-2C1689F4816B-SegmentedRaftLog: snapshotIndex: updateIncreasingly 90 -> 95
2021-07-05 00:57:24,675 [431daa7d-f040-4c11-a1fb-891b2bc8b6a1@group-2C1689F4816B-StateMachineUpdater] INFO  raftlog.RaftLog (RaftLogBase.java:lambda$new$0(53)) - 431daa7d-f040-4c11-a1fb-891b2bc8b6a1@group-2C1689F4816B-SegmentedRaftLog: purgeIndex: updateToMax old=90, new=95, updated? true
2021-07-05 00:57:24,676 [Listener at 127.0.0.1/12256] INFO  ha.SCMHAInvocationHandler (SCMHAInvocationHandler.java:invokeRatis(113)) - Invoking method public abstract void org.apache.hadoop.hdds.scm.container.ContainerStateManagerV2.addContainer(org.apache.hadoop.hdds.protocol.proto.HddsProtos$ContainerInfoProto) throws java.io.IOException on target org.apache.hadoop.hdds.scm.ha.SCMRatisServerImpl@16916856, cost 5196.86us
2021-07-05 00:57:24,680 [181931d2-e1e0-4592-a157-d5007a9fa086@group-2C1689F4816B-StateMachineUpdater] INFO  safemode.HealthyPipelineSafeModeRule (HealthyPipelineSafeModeRule.java:initializeRule(152)) - Refreshed total pipeline count is 1, healthy pipeline threshold count is 1
2021-07-05 00:57:24,681 [181931d2-e1e0-4592-a157-d5007a9fa086@group-2C1689F4816B-StateMachineUpdater] INFO  ha.SCMStateMachine (SCMStateMachine.java:takeSnapshot(290)) - Current Snapshot Index 95, takeSnapshot took 0 ms
2021-07-05 00:57:24,681 [181931d2-e1e0-4592-a157-d5007a9fa086@group-2C1689F4816B-StateMachineUpdater] INFO  impl.StateMachineUpdater (StateMachineUpdater.java:takeSnapshot(281)) - 181931d2-e1e0-4592-a157-d5007a9fa086@group-2C1689F4816B-StateMachineUpdater: Took a snapshot at index 95
2021-07-05 00:57:24,681 [181931d2-e1e0-4592-a157-d5007a9fa086@group-2C1689F4816B-StateMachineUpdater] INFO  impl.StateMachineUpdater (StateMachineUpdater.java:lambda$new$0(89)) - 181931d2-e1e0-4592-a157-d5007a9fa086@group-2C1689F4816B-StateMachineUpdater: snapshotIndex: updateIncreasingly 90 -> 95
2021-07-05 00:57:24,681 [181931d2-e1e0-4592-a157-d5007a9fa086@group-2C1689F4816B-StateMachineUpdater] INFO  raftlog.RaftLog (RaftLogBase.java:purge(306)) - 181931d2-e1e0-4592-a157-d5007a9fa086@group-2C1689F4816B-SegmentedRaftLog: purge 95
2021-07-05 00:57:24,681 [181931d2-e1e0-4592-a157-d5007a9fa086@group-2C1689F4816B-StateMachineUpdater] INFO  raftlog.RaftLog (RaftLogBase.java:lambda$new$0(53)) - 181931d2-e1e0-4592-a157-d5007a9fa086@group-2C1689F4816B-SegmentedRaftLog: snapshotIndex: updateIncreasingly 90 -> 95
2021-07-05 00:57:24,681 [181931d2-e1e0-4592-a157-d5007a9fa086@group-2C1689F4816B-StateMachineUpdater] INFO  raftlog.RaftLog (RaftLogBase.java:lambda$new$0(53)) - 181931d2-e1e0-4592-a157-d5007a9fa086@group-2C1689F4816B-SegmentedRaftLog: purgeIndex: updateToMax old=90, new=95, updated? true
2021-07-05 00:57:24,781 [Listener at 127.0.0.1/12256] INFO  ha.SCMHAInvocationHandler (SCMHAInvocationHandler.java:invokeRatis(113)) - Invoking method public abstract void org.apache.hadoop.hdds.scm.container.ContainerStateManagerV2.addContainer(org.apache.hadoop.hdds.protocol.proto.HddsProtos$ContainerInfoProto) throws java.io.IOException on target org.apache.hadoop.hdds.scm.ha.SCMRatisServerImpl@16916856, cost 5056.861us
2021-07-05 00:57:24,783 [181931d2-e1e0-4592-a157-d5007a9fa086@group-2C1689F4816B-StateMachineUpdater] INFO  safemode.HealthyPipelineSafeModeRule (HealthyPipelineSafeModeRule.java:initializeRule(152)) - Refreshed total pipeline count is 1, healthy pipeline threshold count is 1
2021-07-05 00:57:24,788 [Datanode State Machine Thread - 0] ERROR datanode.RunningDatanodeState (RunningDatanodeState.java:computeNextContainerState(199)) - Error in executing end point task.
java.util.concurrent.ExecutionException: java.util.concurrent.TimeoutException
	at java.util.concurrent.FutureTask.report(FutureTask.java:122)
	at java.util.concurrent.FutureTask.get(FutureTask.java:192)
	at org.apache.hadoop.ozone.container.common.states.datanode.RunningDatanodeState.computeNextContainerState(RunningDatanodeState.java:191)
	at org.apache.hadoop.ozone.container.common.states.datanode.RunningDatanodeState.await(RunningDatanodeState.java:231)
	at org.apache.hadoop.ozone.container.common.states.datanode.RunningDatanodeState.await(RunningDatanodeState.java:50)
	at org.apache.hadoop.ozone.container.common.statemachine.StateContext.execute(StateContext.java:629)
	at org.apache.hadoop.ozone.container.common.statemachine.DatanodeStateMachine.start(DatanodeStateMachine.java:244)
	at org.apache.hadoop.ozone.container.common.statemachine.DatanodeStateMachine.lambda$startDaemon$0(DatanodeStateMachine.java:429)
	at java.lang.Thread.run(Thread.java:748)
Caused by: java.util.concurrent.TimeoutException
	at java.util.concurrent.FutureTask.get(FutureTask.java:205)
	at org.apache.hadoop.ozone.container.common.states.datanode.RunningDatanodeState.lambda$execute$0(RunningDatanodeState.java:149)
	at java.util.concurrent.FutureTask.run(FutureTask.java:266)
	at java.util.concurrent.Executors$RunnableAdapter.call(Executors.java:511)
	at java.util.concurrent.FutureTask.run(FutureTask.java:266)
	at java.util.concurrent.ThreadPoolExecutor.runWorker(ThreadPoolExecutor.java:1149)
	at java.util.concurrent.ThreadPoolExecutor$Worker.run(ThreadPoolExecutor.java:624)
	... 1 more
2021-07-05 00:57:24,886 [Listener at 127.0.0.1/12256] INFO  ha.SCMHAInvocationHandler (SCMHAInvocationHandler.java:invokeRatis(113)) - Invoking method public abstract void org.apache.hadoop.hdds.scm.container.ContainerStateManagerV2.addContainer(org.apache.hadoop.hdds.protocol.proto.HddsProtos$ContainerInfoProto) throws java.io.IOException on target org.apache.hadoop.hdds.scm.ha.SCMRatisServerImpl@16916856, cost 4505.865us
2021-07-05 00:57:24,888 [181931d2-e1e0-4592-a157-d5007a9fa086@group-2C1689F4816B-StateMachineUpdater] INFO  safemode.HealthyPipelineSafeModeRule (HealthyPipelineSafeModeRule.java:initializeRule(152)) - Refreshed total pipeline count is 1, healthy pipeline threshold count is 1
2021-07-05 00:57:24,889 [431daa7d-f040-4c11-a1fb-891b2bc8b6a1@group-2C1689F4816B-StateMachineUpdater] INFO  ha.SCMStateMachine (SCMStateMachine.java:takeSnapshot(290)) - Current Snapshot Index 100, takeSnapshot took 0 ms
2021-07-05 00:57:24,889 [431daa7d-f040-4c11-a1fb-891b2bc8b6a1@group-2C1689F4816B-StateMachineUpdater] INFO  impl.StateMachineUpdater (StateMachineUpdater.java:takeSnapshot(281)) - 431daa7d-f040-4c11-a1fb-891b2bc8b6a1@group-2C1689F4816B-StateMachineUpdater: Took a snapshot at index 100
2021-07-05 00:57:24,889 [431daa7d-f040-4c11-a1fb-891b2bc8b6a1@group-2C1689F4816B-StateMachineUpdater] INFO  impl.StateMachineUpdater (StateMachineUpdater.java:lambda$new$0(89)) - 431daa7d-f040-4c11-a1fb-891b2bc8b6a1@group-2C1689F4816B-StateMachineUpdater: snapshotIndex: updateIncreasingly 95 -> 100
2021-07-05 00:57:24,889 [431daa7d-f040-4c11-a1fb-891b2bc8b6a1@group-2C1689F4816B-StateMachineUpdater] INFO  raftlog.RaftLog (RaftLogBase.java:purge(306)) - 431daa7d-f040-4c11-a1fb-891b2bc8b6a1@group-2C1689F4816B-SegmentedRaftLog: purge 100
2021-07-05 00:57:24,889 [431daa7d-f040-4c11-a1fb-891b2bc8b6a1@group-2C1689F4816B-StateMachineUpdater] INFO  raftlog.RaftLog (RaftLogBase.java:lambda$new$0(53)) - 431daa7d-f040-4c11-a1fb-891b2bc8b6a1@group-2C1689F4816B-SegmentedRaftLog: snapshotIndex: updateIncreasingly 95 -> 100
2021-07-05 00:57:24,890 [431daa7d-f040-4c11-a1fb-891b2bc8b6a1@group-2C1689F4816B-StateMachineUpdater] INFO  raftlog.RaftLog (RaftLogBase.java:lambda$new$0(53)) - 431daa7d-f040-4c11-a1fb-891b2bc8b6a1@group-2C1689F4816B-SegmentedRaftLog: purgeIndex: updateToMax old=95, new=100, updated? true
2021-07-05 00:57:24,991 [181931d2-e1e0-4592-a157-d5007a9fa086@group-2C1689F4816B-StateMachineUpdater] INFO  ha.SCMStateMachine (SCMStateMachine.java:takeSnapshot(290)) - Current Snapshot Index 100, takeSnapshot took 0 ms
2021-07-05 00:57:24,991 [181931d2-e1e0-4592-a157-d5007a9fa086@group-2C1689F4816B-StateMachineUpdater] INFO  impl.StateMachineUpdater (StateMachineUpdater.java:takeSnapshot(281)) - 181931d2-e1e0-4592-a157-d5007a9fa086@group-2C1689F4816B-StateMachineUpdater: Took a snapshot at index 100
2021-07-05 00:57:24,991 [181931d2-e1e0-4592-a157-d5007a9fa086@group-2C1689F4816B-StateMachineUpdater] INFO  impl.StateMachineUpdater (StateMachineUpdater.java:lambda$new$0(89)) - 181931d2-e1e0-4592-a157-d5007a9fa086@group-2C1689F4816B-StateMachineUpdater: snapshotIndex: updateIncreasingly 95 -> 100
2021-07-05 00:57:24,991 [181931d2-e1e0-4592-a157-d5007a9fa086@group-2C1689F4816B-StateMachineUpdater] INFO  raftlog.RaftLog (RaftLogBase.java:purge(306)) - 181931d2-e1e0-4592-a157-d5007a9fa086@group-2C1689F4816B-SegmentedRaftLog: purge 100
2021-07-05 00:57:24,991 [181931d2-e1e0-4592-a157-d5007a9fa086@group-2C1689F4816B-StateMachineUpdater] INFO  raftlog.RaftLog (RaftLogBase.java:lambda$new$0(53)) - 181931d2-e1e0-4592-a157-d5007a9fa086@group-2C1689F4816B-SegmentedRaftLog: snapshotIndex: updateIncreasingly 95 -> 100
2021-07-05 00:57:24,991 [181931d2-e1e0-4592-a157-d5007a9fa086@group-2C1689F4816B-StateMachineUpdater] INFO  raftlog.RaftLog (RaftLogBase.java:lambda$new$0(53)) - 181931d2-e1e0-4592-a157-d5007a9fa086@group-2C1689F4816B-SegmentedRaftLog: purgeIndex: updateToMax old=95, new=100, updated? true
2021-07-05 00:57:24,993 [Listener at 127.0.0.1/12256] INFO  ha.SCMHAInvocationHandler (SCMHAInvocationHandler.java:invokeRatis(113)) - Invoking method public abstract void org.apache.hadoop.hdds.scm.container.ContainerStateManagerV2.addContainer(org.apache.hadoop.hdds.protocol.proto.HddsProtos$ContainerInfoProto) throws java.io.IOException on target org.apache.hadoop.hdds.scm.ha.SCMRatisServerImpl@16916856, cost 6256.552us
2021-07-05 00:57:24,994 [181931d2-e1e0-4592-a157-d5007a9fa086@group-2C1689F4816B-StateMachineUpdater] INFO  safemode.HealthyPipelineSafeModeRule (HealthyPipelineSafeModeRule.java:initializeRule(152)) - Refreshed total pipeline count is 1, healthy pipeline threshold count is 1
2021-07-05 00:57:25,076 [Datanode State Machine Thread - 0] ERROR datanode.RunningDatanodeState (RunningDatanodeState.java:computeNextContainerState(199)) - Error in executing end point task.
java.util.concurrent.ExecutionException: java.util.concurrent.TimeoutException
	at java.util.concurrent.FutureTask.report(FutureTask.java:122)
	at java.util.concurrent.FutureTask.get(FutureTask.java:192)
	at org.apache.hadoop.ozone.container.common.states.datanode.RunningDatanodeState.computeNextContainerState(RunningDatanodeState.java:191)
	at org.apache.hadoop.ozone.container.common.states.datanode.RunningDatanodeState.await(RunningDatanodeState.java:231)
	at org.apache.hadoop.ozone.container.common.states.datanode.RunningDatanodeState.await(RunningDatanodeState.java:50)
	at org.apache.hadoop.ozone.container.common.statemachine.StateContext.execute(StateContext.java:629)
	at org.apache.hadoop.ozone.container.common.statemachine.DatanodeStateMachine.start(DatanodeStateMachine.java:244)
	at org.apache.hadoop.ozone.container.common.statemachine.DatanodeStateMachine.lambda$startDaemon$0(DatanodeStateMachine.java:429)
	at java.lang.Thread.run(Thread.java:748)
Caused by: java.util.concurrent.TimeoutException
	at java.util.concurrent.FutureTask.get(FutureTask.java:205)
	at org.apache.hadoop.ozone.container.common.states.datanode.RunningDatanodeState.lambda$execute$0(RunningDatanodeState.java:149)
	at java.util.concurrent.FutureTask.run(FutureTask.java:266)
	at java.util.concurrent.Executors$RunnableAdapter.call(Executors.java:511)
	at java.util.concurrent.FutureTask.run(FutureTask.java:266)
	at java.util.concurrent.ThreadPoolExecutor.runWorker(ThreadPoolExecutor.java:1149)
	at java.util.concurrent.ThreadPoolExecutor$Worker.run(ThreadPoolExecutor.java:624)
	... 1 more
2021-07-05 00:57:25,099 [Listener at 127.0.0.1/12256] INFO  ha.SCMHAInvocationHandler (SCMHAInvocationHandler.java:invokeRatis(113)) - Invoking method public abstract void org.apache.hadoop.hdds.scm.container.ContainerStateManagerV2.addContainer(org.apache.hadoop.hdds.protocol.proto.HddsProtos$ContainerInfoProto) throws java.io.IOException on target org.apache.hadoop.hdds.scm.ha.SCMRatisServerImpl@16916856, cost 4763.263us
2021-07-05 00:57:25,100 [181931d2-e1e0-4592-a157-d5007a9fa086@group-2C1689F4816B-StateMachineUpdater] INFO  safemode.HealthyPipelineSafeModeRule (HealthyPipelineSafeModeRule.java:initializeRule(152)) - Refreshed total pipeline count is 1, healthy pipeline threshold count is 1
2021-07-05 00:57:25,200 [Listener at 127.0.0.1/12256] INFO  segmented.SegmentedRaftLogWorker (SegmentedRaftLogWorker.java:rollLogSegment(399)) - 431daa7d-f040-4c11-a1fb-891b2bc8b6a1@group-2C1689F4816B-SegmentedRaftLogWorker: Rolling segment log-1_104 to index:104
2021-07-05 00:57:25,201 [431daa7d-f040-4c11-a1fb-891b2bc8b6a1@group-2C1689F4816B-SegmentedRaftLogWorker] INFO  segmented.SegmentedRaftLogWorker (SegmentedRaftLogWorker.java:execute(558)) - 431daa7d-f040-4c11-a1fb-891b2bc8b6a1@group-2C1689F4816B-SegmentedRaftLogWorker: Rolled log segment from /home/runner/work/ozone/ozone/mnt/ozone/hadoop-ozone/integration-test/target/test-dir/MiniOzoneClusterImpl-47f02201-3656-42a8-b726-2c1689f4816b/scmNode-1/scm-ha/47f02201-3656-42a8-b726-2c1689f4816b/current/log_inprogress_1 to /home/runner/work/ozone/ozone/mnt/ozone/hadoop-ozone/integration-test/target/test-dir/MiniOzoneClusterImpl-47f02201-3656-42a8-b726-2c1689f4816b/scmNode-1/scm-ha/47f02201-3656-42a8-b726-2c1689f4816b/current/log_1-104
2021-07-05 00:57:25,202 [grpc-default-executor-3] INFO  segmented.SegmentedRaftLogWorker (SegmentedRaftLogWorker.java:rollLogSegment(399)) - 181931d2-e1e0-4592-a157-d5007a9fa086@group-2C1689F4816B-SegmentedRaftLogWorker: Rolling segment log-1_104 to index:104
2021-07-05 00:57:25,203 [181931d2-e1e0-4592-a157-d5007a9fa086@group-2C1689F4816B-SegmentedRaftLogWorker] INFO  segmented.SegmentedRaftLogWorker (SegmentedRaftLogWorker.java:execute(558)) - 181931d2-e1e0-4592-a157-d5007a9fa086@group-2C1689F4816B-SegmentedRaftLogWorker: Rolled log segment from /home/runner/work/ozone/ozone/mnt/ozone/hadoop-ozone/integration-test/target/test-dir/MiniOzoneClusterImpl-47f02201-3656-42a8-b726-2c1689f4816b/scmNode-2/scm-ha/47f02201-3656-42a8-b726-2c1689f4816b/current/log_inprogress_1 to /home/runner/work/ozone/ozone/mnt/ozone/hadoop-ozone/integration-test/target/test-dir/MiniOzoneClusterImpl-47f02201-3656-42a8-b726-2c1689f4816b/scmNode-2/scm-ha/47f02201-3656-42a8-b726-2c1689f4816b/current/log_1-104
2021-07-05 00:57:25,203 [431daa7d-f040-4c11-a1fb-891b2bc8b6a1@group-2C1689F4816B-SegmentedRaftLogWorker] INFO  segmented.SegmentedRaftLogWorker (SegmentedRaftLogWorker.java:execute(601)) - 431daa7d-f040-4c11-a1fb-891b2bc8b6a1@group-2C1689F4816B-SegmentedRaftLogWorker: created new log segment /home/runner/work/ozone/ozone/mnt/ozone/hadoop-ozone/integration-test/target/test-dir/MiniOzoneClusterImpl-47f02201-3656-42a8-b726-2c1689f4816b/scmNode-1/scm-ha/47f02201-3656-42a8-b726-2c1689f4816b/current/log_inprogress_105
2021-07-05 00:57:25,204 [181931d2-e1e0-4592-a157-d5007a9fa086@group-2C1689F4816B-SegmentedRaftLogWorker] INFO  segmented.SegmentedRaftLogWorker (SegmentedRaftLogWorker.java:execute(601)) - 181931d2-e1e0-4592-a157-d5007a9fa086@group-2C1689F4816B-SegmentedRaftLogWorker: created new log segment /home/runner/work/ozone/ozone/mnt/ozone/hadoop-ozone/integration-test/target/test-dir/MiniOzoneClusterImpl-47f02201-3656-42a8-b726-2c1689f4816b/scmNode-2/scm-ha/47f02201-3656-42a8-b726-2c1689f4816b/current/log_inprogress_105
2021-07-05 00:57:25,206 [431daa7d-f040-4c11-a1fb-891b2bc8b6a1@group-2C1689F4816B-StateMachineUpdater] INFO  ha.SCMStateMachine (SCMStateMachine.java:takeSnapshot(290)) - Current Snapshot Index 105, takeSnapshot took 0 ms
2021-07-05 00:57:25,207 [431daa7d-f040-4c11-a1fb-891b2bc8b6a1@group-2C1689F4816B-StateMachineUpdater] INFO  impl.StateMachineUpdater (StateMachineUpdater.java:takeSnapshot(281)) - 431daa7d-f040-4c11-a1fb-891b2bc8b6a1@group-2C1689F4816B-StateMachineUpdater: Took a snapshot at index 105
2021-07-05 00:57:25,207 [431daa7d-f040-4c11-a1fb-891b2bc8b6a1@group-2C1689F4816B-StateMachineUpdater] INFO  impl.StateMachineUpdater (StateMachineUpdater.java:lambda$new$0(89)) - 431daa7d-f040-4c11-a1fb-891b2bc8b6a1@group-2C1689F4816B-StateMachineUpdater: snapshotIndex: updateIncreasingly 100 -> 105
2021-07-05 00:57:25,207 [431daa7d-f040-4c11-a1fb-891b2bc8b6a1@group-2C1689F4816B-StateMachineUpdater] INFO  raftlog.RaftLog (RaftLogBase.java:purge(306)) - 431daa7d-f040-4c11-a1fb-891b2bc8b6a1@group-2C1689F4816B-SegmentedRaftLog: purge 105
2021-07-05 00:57:25,207 [431daa7d-f040-4c11-a1fb-891b2bc8b6a1@group-2C1689F4816B-StateMachineUpdater] INFO  raftlog.RaftLog (RaftLogBase.java:lambda$new$0(53)) - 431daa7d-f040-4c11-a1fb-891b2bc8b6a1@group-2C1689F4816B-SegmentedRaftLog: snapshotIndex: updateIncreasingly 100 -> 105
2021-07-05 00:57:25,208 [431daa7d-f040-4c11-a1fb-891b2bc8b6a1@group-2C1689F4816B-SegmentedRaftLogWorker] INFO  raftlog.RaftLog (RaftLogBase.java:lambda$new$0(53)) - 431daa7d-f040-4c11-a1fb-891b2bc8b6a1@group-2C1689F4816B-SegmentedRaftLog: purgeIndex: updateToMax old=100, new=104, updated? true
2021-07-05 00:57:25,208 [Listener at 127.0.0.1/12256] INFO  ha.SCMHAInvocationHandler (SCMHAInvocationHandler.java:invokeRatis(113)) - Invoking method public abstract void org.apache.hadoop.hdds.scm.container.ContainerStateManagerV2.addContainer(org.apache.hadoop.hdds.protocol.proto.HddsProtos$ContainerInfoProto) throws java.io.IOException on target org.apache.hadoop.hdds.scm.ha.SCMRatisServerImpl@16916856, cost 8624.633us
2021-07-05 00:57:25,209 [181931d2-e1e0-4592-a157-d5007a9fa086@group-2C1689F4816B-StateMachineUpdater] INFO  safemode.HealthyPipelineSafeModeRule (HealthyPipelineSafeModeRule.java:initializeRule(152)) - Refreshed total pipeline count is 1, healthy pipeline threshold count is 1
2021-07-05 00:57:25,209 [181931d2-e1e0-4592-a157-d5007a9fa086@group-2C1689F4816B-StateMachineUpdater] INFO  ha.SCMStateMachine (SCMStateMachine.java:takeSnapshot(290)) - Current Snapshot Index 105, takeSnapshot took 0 ms
2021-07-05 00:57:25,209 [181931d2-e1e0-4592-a157-d5007a9fa086@group-2C1689F4816B-StateMachineUpdater] INFO  impl.StateMachineUpdater (StateMachineUpdater.java:takeSnapshot(281)) - 181931d2-e1e0-4592-a157-d5007a9fa086@group-2C1689F4816B-StateMachineUpdater: Took a snapshot at index 105
2021-07-05 00:57:25,209 [181931d2-e1e0-4592-a157-d5007a9fa086@group-2C1689F4816B-StateMachineUpdater] INFO  impl.StateMachineUpdater (StateMachineUpdater.java:lambda$new$0(89)) - 181931d2-e1e0-4592-a157-d5007a9fa086@group-2C1689F4816B-StateMachineUpdater: snapshotIndex: updateIncreasingly 100 -> 105
2021-07-05 00:57:25,209 [181931d2-e1e0-4592-a157-d5007a9fa086@group-2C1689F4816B-StateMachineUpdater] INFO  raftlog.RaftLog (RaftLogBase.java:purge(306)) - 181931d2-e1e0-4592-a157-d5007a9fa086@group-2C1689F4816B-SegmentedRaftLog: purge 105
2021-07-05 00:57:25,209 [181931d2-e1e0-4592-a157-d5007a9fa086@group-2C1689F4816B-StateMachineUpdater] INFO  raftlog.RaftLog (RaftLogBase.java:lambda$new$0(53)) - 181931d2-e1e0-4592-a157-d5007a9fa086@group-2C1689F4816B-SegmentedRaftLog: snapshotIndex: updateIncreasingly 100 -> 105
2021-07-05 00:57:25,209 [181931d2-e1e0-4592-a157-d5007a9fa086@group-2C1689F4816B-SegmentedRaftLogWorker] INFO  raftlog.RaftLog (RaftLogBase.java:lambda$new$0(53)) - 181931d2-e1e0-4592-a157-d5007a9fa086@group-2C1689F4816B-SegmentedRaftLog: purgeIndex: updateToMax old=100, new=104, updated? true
2021-07-05 00:57:25,314 [Listener at 127.0.0.1/12256] INFO  ha.SCMHAInvocationHandler (SCMHAInvocationHandler.java:invokeRatis(113)) - Invoking method public abstract void org.apache.hadoop.hdds.scm.container.ContainerStateManagerV2.addContainer(org.apache.hadoop.hdds.protocol.proto.HddsProtos$ContainerInfoProto) throws java.io.IOException on target org.apache.hadoop.hdds.scm.ha.SCMRatisServerImpl@16916856, cost 5258.659us
2021-07-05 00:57:25,315 [181931d2-e1e0-4592-a157-d5007a9fa086@group-2C1689F4816B-StateMachineUpdater] INFO  safemode.HealthyPipelineSafeModeRule (HealthyPipelineSafeModeRule.java:initializeRule(152)) - Refreshed total pipeline count is 1, healthy pipeline threshold count is 1
2021-07-05 00:57:25,418 [Listener at 127.0.0.1/12256] INFO  ha.SCMHAInvocationHandler (SCMHAInvocationHandler.java:invokeRatis(113)) - Invoking method public abstract void org.apache.hadoop.hdds.scm.container.ContainerStateManagerV2.addContainer(org.apache.hadoop.hdds.protocol.proto.HddsProtos$ContainerInfoProto) throws java.io.IOException on target org.apache.hadoop.hdds.scm.ha.SCMRatisServerImpl@16916856, cost 4072.968us
2021-07-05 00:57:25,422 [181931d2-e1e0-4592-a157-d5007a9fa086@group-2C1689F4816B-StateMachineUpdater] INFO  safemode.HealthyPipelineSafeModeRule (HealthyPipelineSafeModeRule.java:initializeRule(152)) - Refreshed total pipeline count is 1, healthy pipeline threshold count is 1
2021-07-05 00:57:25,424 [431daa7d-f040-4c11-a1fb-891b2bc8b6a1@group-2C1689F4816B-StateMachineUpdater] INFO  ha.SCMStateMachine (SCMStateMachine.java:takeSnapshot(290)) - Current Snapshot Index 110, takeSnapshot took 0 ms
2021-07-05 00:57:25,424 [431daa7d-f040-4c11-a1fb-891b2bc8b6a1@group-2C1689F4816B-StateMachineUpdater] INFO  impl.StateMachineUpdater (StateMachineUpdater.java:takeSnapshot(281)) - 431daa7d-f040-4c11-a1fb-891b2bc8b6a1@group-2C1689F4816B-StateMachineUpdater: Took a snapshot at index 110
2021-07-05 00:57:25,424 [431daa7d-f040-4c11-a1fb-891b2bc8b6a1@group-2C1689F4816B-StateMachineUpdater] INFO  impl.StateMachineUpdater (StateMachineUpdater.java:lambda$new$0(89)) - 431daa7d-f040-4c11-a1fb-891b2bc8b6a1@group-2C1689F4816B-StateMachineUpdater: snapshotIndex: updateIncreasingly 105 -> 110
2021-07-05 00:57:25,424 [431daa7d-f040-4c11-a1fb-891b2bc8b6a1@group-2C1689F4816B-StateMachineUpdater] INFO  raftlog.RaftLog (RaftLogBase.java:purge(306)) - 431daa7d-f040-4c11-a1fb-891b2bc8b6a1@group-2C1689F4816B-SegmentedRaftLog: purge 110
2021-07-05 00:57:25,424 [431daa7d-f040-4c11-a1fb-891b2bc8b6a1@group-2C1689F4816B-StateMachineUpdater] INFO  raftlog.RaftLog (RaftLogBase.java:lambda$new$0(53)) - 431daa7d-f040-4c11-a1fb-891b2bc8b6a1@group-2C1689F4816B-SegmentedRaftLog: snapshotIndex: updateIncreasingly 105 -> 110
2021-07-05 00:57:25,424 [431daa7d-f040-4c11-a1fb-891b2bc8b6a1@group-2C1689F4816B-StateMachineUpdater] INFO  raftlog.RaftLog (RaftLogBase.java:lambda$new$0(53)) - 431daa7d-f040-4c11-a1fb-891b2bc8b6a1@group-2C1689F4816B-SegmentedRaftLog: purgeIndex: updateToMax old=104, new=110, updated? true
2021-07-05 00:57:25,472 [b549a9a8-3457-4b53-9703-c9fae2cc989c@group-928675FAAF16-FollowerState] INFO  impl.FollowerState (FollowerState.java:run(134)) - b549a9a8-3457-4b53-9703-c9fae2cc989c@group-928675FAAF16-FollowerState: change to CANDIDATE, lastRpcElapsedTime:5064966826ns, electionTimeout:5063ms
2021-07-05 00:57:25,472 [b549a9a8-3457-4b53-9703-c9fae2cc989c@group-928675FAAF16-FollowerState] INFO  impl.RoleInfo (RoleInfo.java:shutdownFollowerState(108)) - b549a9a8-3457-4b53-9703-c9fae2cc989c: shutdown b549a9a8-3457-4b53-9703-c9fae2cc989c@group-928675FAAF16-FollowerState
2021-07-05 00:57:25,473 [b549a9a8-3457-4b53-9703-c9fae2cc989c@group-928675FAAF16-FollowerState] INFO  server.RaftServer$Division (RaftServerImpl.java:setRole(284)) - b549a9a8-3457-4b53-9703-c9fae2cc989c@group-928675FAAF16: changes role from  FOLLOWER to CANDIDATE at term 2 for changeToCandidate
2021-07-05 00:57:25,473 [b549a9a8-3457-4b53-9703-c9fae2cc989c@group-928675FAAF16-FollowerState] INFO  server.RaftServerConfigKeys (ConfUtils.java:logGet(44)) - raft.server.leaderelection.pre-vote = false (custom)
2021-07-05 00:57:25,473 [b549a9a8-3457-4b53-9703-c9fae2cc989c@group-928675FAAF16-FollowerState] INFO  impl.RoleInfo (RoleInfo.java:updateAndGet(130)) - b549a9a8-3457-4b53-9703-c9fae2cc989c: start b549a9a8-3457-4b53-9703-c9fae2cc989c@group-928675FAAF16-LeaderElection11
2021-07-05 00:57:25,475 [4428f99b-3864-401a-a30b-d8207dc31cfa@group-928675FAAF16-FollowerState] INFO  impl.FollowerState (FollowerState.java:run(134)) - 4428f99b-3864-401a-a30b-d8207dc31cfa@group-928675FAAF16-FollowerState: change to CANDIDATE, lastRpcElapsedTime:5091940815ns, electionTimeout:5082ms
2021-07-05 00:57:25,475 [4428f99b-3864-401a-a30b-d8207dc31cfa@group-928675FAAF16-FollowerState] INFO  impl.RoleInfo (RoleInfo.java:shutdownFollowerState(108)) - 4428f99b-3864-401a-a30b-d8207dc31cfa: shutdown 4428f99b-3864-401a-a30b-d8207dc31cfa@group-928675FAAF16-FollowerState
2021-07-05 00:57:25,476 [4428f99b-3864-401a-a30b-d8207dc31cfa@group-928675FAAF16-FollowerState] INFO  server.RaftServer$Division (RaftServerImpl.java:setRole(284)) - 4428f99b-3864-401a-a30b-d8207dc31cfa@group-928675FAAF16: changes role from  FOLLOWER to CANDIDATE at term 2 for changeToCandidate
2021-07-05 00:57:25,476 [4428f99b-3864-401a-a30b-d8207dc31cfa@group-928675FAAF16-FollowerState] INFO  server.RaftServerConfigKeys (ConfUtils.java:logGet(44)) - raft.server.leaderelection.pre-vote = false (custom)
2021-07-05 00:57:25,476 [4428f99b-3864-401a-a30b-d8207dc31cfa@group-928675FAAF16-FollowerState] INFO  impl.RoleInfo (RoleInfo.java:updateAndGet(130)) - 4428f99b-3864-401a-a30b-d8207dc31cfa: start 4428f99b-3864-401a-a30b-d8207dc31cfa@group-928675FAAF16-LeaderElection12
2021-07-05 00:57:25,482 [b549a9a8-3457-4b53-9703-c9fae2cc989c@group-928675FAAF16-LeaderElection11] INFO  impl.LeaderElection (LeaderElection.java:askForVotes(306)) - b549a9a8-3457-4b53-9703-c9fae2cc989c@group-928675FAAF16-LeaderElection11 ELECTION round 0: submit vote requests at term 3 for -1: [4428f99b-3864-401a-a30b-d8207dc31cfa|rpc:127.0.0.1:40939|priority:0, b549a9a8-3457-4b53-9703-c9fae2cc989c|rpc:127.0.0.1:44095|priority:0, 65d645ba-2b71-4ad7-bc66-74fd2328f6a5|rpc:127.0.0.1:36069|priority:1], old=null
2021-07-05 00:57:25,483 [4428f99b-3864-401a-a30b-d8207dc31cfa@group-928675FAAF16-LeaderElection12] INFO  impl.LeaderElection (LeaderElection.java:askForVotes(306)) - 4428f99b-3864-401a-a30b-d8207dc31cfa@group-928675FAAF16-LeaderElection12 ELECTION round 0: submit vote requests at term 3 for -1: [4428f99b-3864-401a-a30b-d8207dc31cfa|rpc:127.0.0.1:40939|priority:0, b549a9a8-3457-4b53-9703-c9fae2cc989c|rpc:127.0.0.1:44095|priority:0, 65d645ba-2b71-4ad7-bc66-74fd2328f6a5|rpc:127.0.0.1:36069|priority:1], old=null
2021-07-05 00:57:25,491 [grpc-default-executor-3] INFO  server.RaftServer$Division (RaftServerImpl.java:requestVote(1042)) - 65d645ba-2b71-4ad7-bc66-74fd2328f6a5@group-928675FAAF16: receive requestVote(ELECTION, b549a9a8-3457-4b53-9703-c9fae2cc989c, group-928675FAAF16, 3, (t:0, i:0))
2021-07-05 00:57:25,492 [grpc-default-executor-3] INFO  impl.VoteContext (VoteContext.java:log(48)) - 65d645ba-2b71-4ad7-bc66-74fd2328f6a5@group-928675FAAF16-FOLLOWER: reject ELECTION from b549a9a8-3457-4b53-9703-c9fae2cc989c: our priority 1 > candidate's priority 0
2021-07-05 00:57:25,492 [grpc-default-executor-3] INFO  server.RaftServer$Division (RaftServerImpl.java:setRole(284)) - 65d645ba-2b71-4ad7-bc66-74fd2328f6a5@group-928675FAAF16: changes role from  FOLLOWER to FOLLOWER at term 3 for candidate:b549a9a8-3457-4b53-9703-c9fae2cc989c
2021-07-05 00:57:25,492 [grpc-default-executor-3] INFO  impl.RoleInfo (RoleInfo.java:shutdownFollowerState(108)) - 65d645ba-2b71-4ad7-bc66-74fd2328f6a5: shutdown 65d645ba-2b71-4ad7-bc66-74fd2328f6a5@group-928675FAAF16-FollowerState
2021-07-05 00:57:25,492 [grpc-default-executor-3] INFO  impl.RoleInfo (RoleInfo.java:updateAndGet(130)) - 65d645ba-2b71-4ad7-bc66-74fd2328f6a5: start 65d645ba-2b71-4ad7-bc66-74fd2328f6a5@group-928675FAAF16-FollowerState
2021-07-05 00:57:25,491 [grpc-default-executor-1] INFO  server.RaftServer$Division (RaftServerImpl.java:requestVote(1042)) - 4428f99b-3864-401a-a30b-d8207dc31cfa@group-928675FAAF16: receive requestVote(ELECTION, b549a9a8-3457-4b53-9703-c9fae2cc989c, group-928675FAAF16, 3, (t:0, i:0))
2021-07-05 00:57:25,492 [grpc-default-executor-1] INFO  impl.VoteContext (VoteContext.java:log(48)) - 4428f99b-3864-401a-a30b-d8207dc31cfa@group-928675FAAF16-CANDIDATE: reject ELECTION from b549a9a8-3457-4b53-9703-c9fae2cc989c: already has voted for 4428f99b-3864-401a-a30b-d8207dc31cfa at current term 3
2021-07-05 00:57:25,492 [65d645ba-2b71-4ad7-bc66-74fd2328f6a5@group-928675FAAF16-FollowerState] INFO  impl.FollowerState (FollowerState.java:run(143)) - 65d645ba-2b71-4ad7-bc66-74fd2328f6a5@group-928675FAAF16-FollowerState was interrupted: {}
java.lang.InterruptedException: sleep interrupted
	at java.lang.Thread.sleep(Native Method)
	at java.lang.Thread.sleep(Thread.java:340)
	at java.util.concurrent.TimeUnit.sleep(TimeUnit.java:386)
	at org.apache.ratis.util.TimeDuration.sleep(TimeDuration.java:324)
	at org.apache.ratis.util.TimeDuration.sleep(TimeDuration.java:309)
	at org.apache.ratis.server.impl.FollowerState.run(FollowerState.java:118)
2021-07-05 00:57:25,493 [grpc-default-executor-1] INFO  server.RaftServer$Division (RaftServerImpl.java:requestVote(1074)) - 4428f99b-3864-401a-a30b-d8207dc31cfa@group-928675FAAF16 replies to ELECTION vote request: b549a9a8-3457-4b53-9703-c9fae2cc989c<-4428f99b-3864-401a-a30b-d8207dc31cfa#0:FAIL-t3. Peer's state: 4428f99b-3864-401a-a30b-d8207dc31cfa@group-928675FAAF16:t3, leader=null, voted=4428f99b-3864-401a-a30b-d8207dc31cfa, raftlog=4428f99b-3864-401a-a30b-d8207dc31cfa@group-928675FAAF16-SegmentedRaftLog:OPENED:c-1,f-1,i0, conf=-1: [4428f99b-3864-401a-a30b-d8207dc31cfa|rpc:127.0.0.1:40939|priority:0, b549a9a8-3457-4b53-9703-c9fae2cc989c|rpc:127.0.0.1:44095|priority:0, 65d645ba-2b71-4ad7-bc66-74fd2328f6a5|rpc:127.0.0.1:36069|priority:1], old=null
2021-07-05 00:57:25,492 [grpc-default-executor-0] INFO  server.RaftServer$Division (RaftServerImpl.java:requestVote(1042)) - 65d645ba-2b71-4ad7-bc66-74fd2328f6a5@group-928675FAAF16: receive requestVote(ELECTION, 4428f99b-3864-401a-a30b-d8207dc31cfa, group-928675FAAF16, 3, (t:0, i:0))
2021-07-05 00:57:25,494 [grpc-default-executor-3] INFO  server.RaftServer$Division (RaftServerImpl.java:requestVote(1074)) - 65d645ba-2b71-4ad7-bc66-74fd2328f6a5@group-928675FAAF16 replies to ELECTION vote request: b549a9a8-3457-4b53-9703-c9fae2cc989c<-65d645ba-2b71-4ad7-bc66-74fd2328f6a5#0:FAIL-t3. Peer's state: 65d645ba-2b71-4ad7-bc66-74fd2328f6a5@group-928675FAAF16:t3, leader=null, voted=null, raftlog=65d645ba-2b71-4ad7-bc66-74fd2328f6a5@group-928675FAAF16-SegmentedRaftLog:OPENED:c-1,f-1,i0, conf=-1: [4428f99b-3864-401a-a30b-d8207dc31cfa|rpc:127.0.0.1:40939|dataStream:|priority:0, b549a9a8-3457-4b53-9703-c9fae2cc989c|rpc:127.0.0.1:44095|dataStream:|priority:0, 65d645ba-2b71-4ad7-bc66-74fd2328f6a5|rpc:127.0.0.1:36069|dataStream:|priority:1], old=null
2021-07-05 00:57:25,492 [grpc-default-executor-2] INFO  server.RaftServer$Division (RaftServerImpl.java:requestVote(1042)) - b549a9a8-3457-4b53-9703-c9fae2cc989c@group-928675FAAF16: receive requestVote(ELECTION, 4428f99b-3864-401a-a30b-d8207dc31cfa, group-928675FAAF16, 3, (t:0, i:0))
2021-07-05 00:57:25,495 [grpc-default-executor-2] INFO  impl.VoteContext (VoteContext.java:log(48)) - b549a9a8-3457-4b53-9703-c9fae2cc989c@group-928675FAAF16-CANDIDATE: reject ELECTION from 4428f99b-3864-401a-a30b-d8207dc31cfa: already has voted for b549a9a8-3457-4b53-9703-c9fae2cc989c at current term 3
2021-07-05 00:57:25,495 [grpc-default-executor-2] INFO  server.RaftServer$Division (RaftServerImpl.java:requestVote(1074)) - b549a9a8-3457-4b53-9703-c9fae2cc989c@group-928675FAAF16 replies to ELECTION vote request: 4428f99b-3864-401a-a30b-d8207dc31cfa<-b549a9a8-3457-4b53-9703-c9fae2cc989c#0:FAIL-t3. Peer's state: b549a9a8-3457-4b53-9703-c9fae2cc989c@group-928675FAAF16:t3, leader=null, voted=b549a9a8-3457-4b53-9703-c9fae2cc989c, raftlog=b549a9a8-3457-4b53-9703-c9fae2cc989c@group-928675FAAF16-SegmentedRaftLog:OPENED:c-1,f-1,i0, conf=-1: [4428f99b-3864-401a-a30b-d8207dc31cfa|rpc:127.0.0.1:40939|priority:0, b549a9a8-3457-4b53-9703-c9fae2cc989c|rpc:127.0.0.1:44095|priority:0, 65d645ba-2b71-4ad7-bc66-74fd2328f6a5|rpc:127.0.0.1:36069|priority:1], old=null
2021-07-05 00:57:25,496 [grpc-default-executor-0] INFO  impl.VoteContext (VoteContext.java:log(48)) - 65d645ba-2b71-4ad7-bc66-74fd2328f6a5@group-928675FAAF16-FOLLOWER: reject ELECTION from 4428f99b-3864-401a-a30b-d8207dc31cfa: our priority 1 > candidate's priority 0
2021-07-05 00:57:25,496 [grpc-default-executor-0] INFO  server.RaftServer$Division (RaftServerImpl.java:setRole(284)) - 65d645ba-2b71-4ad7-bc66-74fd2328f6a5@group-928675FAAF16: changes role from  FOLLOWER to FOLLOWER at term 3 for candidate:4428f99b-3864-401a-a30b-d8207dc31cfa
2021-07-05 00:57:25,499 [grpc-default-executor-0] INFO  impl.RoleInfo (RoleInfo.java:shutdownFollowerState(108)) - 65d645ba-2b71-4ad7-bc66-74fd2328f6a5: shutdown 65d645ba-2b71-4ad7-bc66-74fd2328f6a5@group-928675FAAF16-FollowerState
2021-07-05 00:57:25,499 [grpc-default-executor-0] INFO  impl.RoleInfo (RoleInfo.java:updateAndGet(130)) - 65d645ba-2b71-4ad7-bc66-74fd2328f6a5: start 65d645ba-2b71-4ad7-bc66-74fd2328f6a5@group-928675FAAF16-FollowerState
2021-07-05 00:57:25,499 [grpc-default-executor-0] INFO  server.RaftServer$Division (RaftServerImpl.java:requestVote(1074)) - 65d645ba-2b71-4ad7-bc66-74fd2328f6a5@group-928675FAAF16 replies to ELECTION vote request: 4428f99b-3864-401a-a30b-d8207dc31cfa<-65d645ba-2b71-4ad7-bc66-74fd2328f6a5#0:FAIL-t3. Peer's state: 65d645ba-2b71-4ad7-bc66-74fd2328f6a5@group-928675FAAF16:t3, leader=null, voted=null, raftlog=65d645ba-2b71-4ad7-bc66-74fd2328f6a5@group-928675FAAF16-SegmentedRaftLog:OPENED:c-1,f-1,i0, conf=-1: [4428f99b-3864-401a-a30b-d8207dc31cfa|rpc:127.0.0.1:40939|dataStream:|priority:0, b549a9a8-3457-4b53-9703-c9fae2cc989c|rpc:127.0.0.1:44095|dataStream:|priority:0, 65d645ba-2b71-4ad7-bc66-74fd2328f6a5|rpc:127.0.0.1:36069|dataStream:|priority:1], old=null
2021-07-05 00:57:25,501 [b549a9a8-3457-4b53-9703-c9fae2cc989c@group-928675FAAF16-LeaderElection11] INFO  impl.LeaderElection (LeaderElection.java:logAndReturn(89)) - b549a9a8-3457-4b53-9703-c9fae2cc989c@group-928675FAAF16-LeaderElection11: ELECTION REJECTED received 2 response(s) and 0 exception(s):
2021-07-05 00:57:25,501 [b549a9a8-3457-4b53-9703-c9fae2cc989c@group-928675FAAF16-LeaderElection11] INFO  impl.LeaderElection (LeaderElection.java:logAndReturn(93)) -   Response 0: b549a9a8-3457-4b53-9703-c9fae2cc989c<-4428f99b-3864-401a-a30b-d8207dc31cfa#0:FAIL-t3
2021-07-05 00:57:25,501 [b549a9a8-3457-4b53-9703-c9fae2cc989c@group-928675FAAF16-LeaderElection11] INFO  impl.LeaderElection (LeaderElection.java:logAndReturn(93)) -   Response 1: b549a9a8-3457-4b53-9703-c9fae2cc989c<-65d645ba-2b71-4ad7-bc66-74fd2328f6a5#0:FAIL-t3
2021-07-05 00:57:25,501 [b549a9a8-3457-4b53-9703-c9fae2cc989c@group-928675FAAF16-LeaderElection11] INFO  impl.LeaderElection (LeaderElection.java:askForVotes(308)) - b549a9a8-3457-4b53-9703-c9fae2cc989c@group-928675FAAF16-LeaderElection11 ELECTION round 0: result REJECTED
2021-07-05 00:57:25,501 [b549a9a8-3457-4b53-9703-c9fae2cc989c@group-928675FAAF16-LeaderElection11] INFO  server.RaftServer$Division (RaftServerImpl.java:setRole(284)) - b549a9a8-3457-4b53-9703-c9fae2cc989c@group-928675FAAF16: changes role from CANDIDATE to FOLLOWER at term 3 for REJECTED
2021-07-05 00:57:25,501 [b549a9a8-3457-4b53-9703-c9fae2cc989c@group-928675FAAF16-LeaderElection11] INFO  impl.RoleInfo (RoleInfo.java:shutdownLeaderElection(121)) - b549a9a8-3457-4b53-9703-c9fae2cc989c: shutdown b549a9a8-3457-4b53-9703-c9fae2cc989c@group-928675FAAF16-LeaderElection11
2021-07-05 00:57:25,501 [b549a9a8-3457-4b53-9703-c9fae2cc989c@group-928675FAAF16-LeaderElection11] INFO  impl.RoleInfo (RoleInfo.java:updateAndGet(130)) - b549a9a8-3457-4b53-9703-c9fae2cc989c: start b549a9a8-3457-4b53-9703-c9fae2cc989c@group-928675FAAF16-FollowerState
2021-07-05 00:57:25,506 [4428f99b-3864-401a-a30b-d8207dc31cfa@group-928675FAAF16-LeaderElection12] INFO  impl.LeaderElection (LeaderElection.java:logAndReturn(89)) - 4428f99b-3864-401a-a30b-d8207dc31cfa@group-928675FAAF16-LeaderElection12: ELECTION REJECTED received 2 response(s) and 0 exception(s):
2021-07-05 00:57:25,506 [4428f99b-3864-401a-a30b-d8207dc31cfa@group-928675FAAF16-LeaderElection12] INFO  impl.LeaderElection (LeaderElection.java:logAndReturn(93)) -   Response 0: 4428f99b-3864-401a-a30b-d8207dc31cfa<-b549a9a8-3457-4b53-9703-c9fae2cc989c#0:FAIL-t3
2021-07-05 00:57:25,506 [4428f99b-3864-401a-a30b-d8207dc31cfa@group-928675FAAF16-LeaderElection12] INFO  impl.LeaderElection (LeaderElection.java:logAndReturn(93)) -   Response 1: 4428f99b-3864-401a-a30b-d8207dc31cfa<-65d645ba-2b71-4ad7-bc66-74fd2328f6a5#0:FAIL-t3
2021-07-05 00:57:25,506 [4428f99b-3864-401a-a30b-d8207dc31cfa@group-928675FAAF16-LeaderElection12] INFO  impl.LeaderElection (LeaderElection.java:askForVotes(308)) - 4428f99b-3864-401a-a30b-d8207dc31cfa@group-928675FAAF16-LeaderElection12 ELECTION round 0: result REJECTED
2021-07-05 00:57:25,506 [4428f99b-3864-401a-a30b-d8207dc31cfa@group-928675FAAF16-LeaderElection12] INFO  server.RaftServer$Division (RaftServerImpl.java:setRole(284)) - 4428f99b-3864-401a-a30b-d8207dc31cfa@group-928675FAAF16: changes role from CANDIDATE to FOLLOWER at term 3 for REJECTED
2021-07-05 00:57:25,506 [4428f99b-3864-401a-a30b-d8207dc31cfa@group-928675FAAF16-LeaderElection12] INFO  impl.RoleInfo (RoleInfo.java:shutdownLeaderElection(121)) - 4428f99b-3864-401a-a30b-d8207dc31cfa: shutdown 4428f99b-3864-401a-a30b-d8207dc31cfa@group-928675FAAF16-LeaderElection12
2021-07-05 00:57:25,506 [4428f99b-3864-401a-a30b-d8207dc31cfa@group-928675FAAF16-LeaderElection12] INFO  impl.RoleInfo (RoleInfo.java:updateAndGet(130)) - 4428f99b-3864-401a-a30b-d8207dc31cfa: start 4428f99b-3864-401a-a30b-d8207dc31cfa@group-928675FAAF16-FollowerState
2021-07-05 00:57:25,522 [181931d2-e1e0-4592-a157-d5007a9fa086@group-2C1689F4816B-StateMachineUpdater] INFO  ha.SCMStateMachine (SCMStateMachine.java:takeSnapshot(290)) - Current Snapshot Index 110, takeSnapshot took 0 ms
2021-07-05 00:57:25,522 [181931d2-e1e0-4592-a157-d5007a9fa086@group-2C1689F4816B-StateMachineUpdater] INFO  impl.StateMachineUpdater (StateMachineUpdater.java:takeSnapshot(281)) - 181931d2-e1e0-4592-a157-d5007a9fa086@group-2C1689F4816B-StateMachineUpdater: Took a snapshot at index 110
2021-07-05 00:57:25,522 [181931d2-e1e0-4592-a157-d5007a9fa086@group-2C1689F4816B-StateMachineUpdater] INFO  impl.StateMachineUpdater (StateMachineUpdater.java:lambda$new$0(89)) - 181931d2-e1e0-4592-a157-d5007a9fa086@group-2C1689F4816B-StateMachineUpdater: snapshotIndex: updateIncreasingly 105 -> 110
2021-07-05 00:57:25,522 [181931d2-e1e0-4592-a157-d5007a9fa086@group-2C1689F4816B-StateMachineUpdater] INFO  raftlog.RaftLog (RaftLogBase.java:purge(306)) - 181931d2-e1e0-4592-a157-d5007a9fa086@group-2C1689F4816B-SegmentedRaftLog: purge 110
2021-07-05 00:57:25,522 [181931d2-e1e0-4592-a157-d5007a9fa086@group-2C1689F4816B-StateMachineUpdater] INFO  raftlog.RaftLog (RaftLogBase.java:lambda$new$0(53)) - 181931d2-e1e0-4592-a157-d5007a9fa086@group-2C1689F4816B-SegmentedRaftLog: snapshotIndex: updateIncreasingly 105 -> 110
2021-07-05 00:57:25,522 [181931d2-e1e0-4592-a157-d5007a9fa086@group-2C1689F4816B-StateMachineUpdater] INFO  raftlog.RaftLog (RaftLogBase.java:lambda$new$0(53)) - 181931d2-e1e0-4592-a157-d5007a9fa086@group-2C1689F4816B-SegmentedRaftLog: purgeIndex: updateToMax old=104, new=110, updated? true
2021-07-05 00:57:25,526 [Listener at 127.0.0.1/12256] INFO  ha.SCMHAInvocationHandler (SCMHAInvocationHandler.java:invokeRatis(113)) - Invoking method public abstract void org.apache.hadoop.hdds.scm.container.ContainerStateManagerV2.addContainer(org.apache.hadoop.hdds.protocol.proto.HddsProtos$ContainerInfoProto) throws java.io.IOException on target org.apache.hadoop.hdds.scm.ha.SCMRatisServerImpl@16916856, cost 6698.448us
2021-07-05 00:57:25,526 [181931d2-e1e0-4592-a157-d5007a9fa086@group-2C1689F4816B-StateMachineUpdater] INFO  safemode.HealthyPipelineSafeModeRule (HealthyPipelineSafeModeRule.java:initializeRule(152)) - Refreshed total pipeline count is 1, healthy pipeline threshold count is 1
2021-07-05 00:57:25,631 [Listener at 127.0.0.1/12256] INFO  ha.SCMHAInvocationHandler (SCMHAInvocationHandler.java:invokeRatis(113)) - Invoking method public abstract void org.apache.hadoop.hdds.scm.container.ContainerStateManagerV2.addContainer(org.apache.hadoop.hdds.protocol.proto.HddsProtos$ContainerInfoProto) throws java.io.IOException on target org.apache.hadoop.hdds.scm.ha.SCMRatisServerImpl@16916856, cost 4883.962us
2021-07-05 00:57:25,632 [181931d2-e1e0-4592-a157-d5007a9fa086@group-2C1689F4816B-StateMachineUpdater] INFO  safemode.HealthyPipelineSafeModeRule (HealthyPipelineSafeModeRule.java:initializeRule(152)) - Refreshed total pipeline count is 1, healthy pipeline threshold count is 1
2021-07-05 00:57:25,736 [431daa7d-f040-4c11-a1fb-891b2bc8b6a1@group-2C1689F4816B-StateMachineUpdater] INFO  ha.SCMStateMachine (SCMStateMachine.java:takeSnapshot(290)) - Current Snapshot Index 115, takeSnapshot took 0 ms
2021-07-05 00:57:25,736 [431daa7d-f040-4c11-a1fb-891b2bc8b6a1@group-2C1689F4816B-StateMachineUpdater] INFO  impl.StateMachineUpdater (StateMachineUpdater.java:takeSnapshot(281)) - 431daa7d-f040-4c11-a1fb-891b2bc8b6a1@group-2C1689F4816B-StateMachineUpdater: Took a snapshot at index 115
2021-07-05 00:57:25,736 [431daa7d-f040-4c11-a1fb-891b2bc8b6a1@group-2C1689F4816B-StateMachineUpdater] INFO  impl.StateMachineUpdater (StateMachineUpdater.java:lambda$new$0(89)) - 431daa7d-f040-4c11-a1fb-891b2bc8b6a1@group-2C1689F4816B-StateMachineUpdater: snapshotIndex: updateIncreasingly 110 -> 115
2021-07-05 00:57:25,736 [431daa7d-f040-4c11-a1fb-891b2bc8b6a1@group-2C1689F4816B-StateMachineUpdater] INFO  raftlog.RaftLog (RaftLogBase.java:purge(306)) - 431daa7d-f040-4c11-a1fb-891b2bc8b6a1@group-2C1689F4816B-SegmentedRaftLog: purge 115
2021-07-05 00:57:25,736 [431daa7d-f040-4c11-a1fb-891b2bc8b6a1@group-2C1689F4816B-StateMachineUpdater] INFO  raftlog.RaftLog (RaftLogBase.java:lambda$new$0(53)) - 431daa7d-f040-4c11-a1fb-891b2bc8b6a1@group-2C1689F4816B-SegmentedRaftLog: snapshotIndex: updateIncreasingly 110 -> 115
2021-07-05 00:57:25,737 [431daa7d-f040-4c11-a1fb-891b2bc8b6a1@group-2C1689F4816B-StateMachineUpdater] INFO  raftlog.RaftLog (RaftLogBase.java:lambda$new$0(53)) - 431daa7d-f040-4c11-a1fb-891b2bc8b6a1@group-2C1689F4816B-SegmentedRaftLog: purgeIndex: updateToMax old=110, new=115, updated? true
2021-07-05 00:57:25,737 [Listener at 127.0.0.1/12256] INFO  ha.SCMHAInvocationHandler (SCMHAInvocationHandler.java:invokeRatis(113)) - Invoking method public abstract void org.apache.hadoop.hdds.scm.container.ContainerStateManagerV2.addContainer(org.apache.hadoop.hdds.protocol.proto.HddsProtos$ContainerInfoProto) throws java.io.IOException on target org.apache.hadoop.hdds.scm.ha.SCMRatisServerImpl@16916856, cost 4867.462us
2021-07-05 00:57:25,738 [181931d2-e1e0-4592-a157-d5007a9fa086@group-2C1689F4816B-StateMachineUpdater] INFO  safemode.HealthyPipelineSafeModeRule (HealthyPipelineSafeModeRule.java:initializeRule(152)) - Refreshed total pipeline count is 1, healthy pipeline threshold count is 1
2021-07-05 00:57:25,739 [181931d2-e1e0-4592-a157-d5007a9fa086@group-2C1689F4816B-StateMachineUpdater] INFO  ha.SCMStateMachine (SCMStateMachine.java:takeSnapshot(290)) - Current Snapshot Index 115, takeSnapshot took 0 ms
2021-07-05 00:57:25,739 [181931d2-e1e0-4592-a157-d5007a9fa086@group-2C1689F4816B-StateMachineUpdater] INFO  impl.StateMachineUpdater (StateMachineUpdater.java:takeSnapshot(281)) - 181931d2-e1e0-4592-a157-d5007a9fa086@group-2C1689F4816B-StateMachineUpdater: Took a snapshot at index 115
2021-07-05 00:57:25,739 [181931d2-e1e0-4592-a157-d5007a9fa086@group-2C1689F4816B-StateMachineUpdater] INFO  impl.StateMachineUpdater (StateMachineUpdater.java:lambda$new$0(89)) - 181931d2-e1e0-4592-a157-d5007a9fa086@group-2C1689F4816B-StateMachineUpdater: snapshotIndex: updateIncreasingly 110 -> 115
2021-07-05 00:57:25,739 [181931d2-e1e0-4592-a157-d5007a9fa086@group-2C1689F4816B-StateMachineUpdater] INFO  raftlog.RaftLog (RaftLogBase.java:purge(306)) - 181931d2-e1e0-4592-a157-d5007a9fa086@group-2C1689F4816B-SegmentedRaftLog: purge 115
2021-07-05 00:57:25,739 [181931d2-e1e0-4592-a157-d5007a9fa086@group-2C1689F4816B-StateMachineUpdater] INFO  raftlog.RaftLog (RaftLogBase.java:lambda$new$0(53)) - 181931d2-e1e0-4592-a157-d5007a9fa086@group-2C1689F4816B-SegmentedRaftLog: snapshotIndex: updateIncreasingly 110 -> 115
2021-07-05 00:57:25,739 [181931d2-e1e0-4592-a157-d5007a9fa086@group-2C1689F4816B-StateMachineUpdater] INFO  raftlog.RaftLog (RaftLogBase.java:lambda$new$0(53)) - 181931d2-e1e0-4592-a157-d5007a9fa086@group-2C1689F4816B-SegmentedRaftLog: purgeIndex: updateToMax old=110, new=115, updated? true
2021-07-05 00:57:25,841 [Listener at 127.0.0.1/12256] INFO  ha.SCMHAInvocationHandler (SCMHAInvocationHandler.java:invokeRatis(113)) - Invoking method public abstract void org.apache.hadoop.hdds.scm.container.ContainerStateManagerV2.addContainer(org.apache.hadoop.hdds.protocol.proto.HddsProtos$ContainerInfoProto) throws java.io.IOException on target org.apache.hadoop.hdds.scm.ha.SCMRatisServerImpl@16916856, cost 4291.667us
2021-07-05 00:57:25,843 [181931d2-e1e0-4592-a157-d5007a9fa086@group-2C1689F4816B-StateMachineUpdater] INFO  safemode.HealthyPipelineSafeModeRule (HealthyPipelineSafeModeRule.java:initializeRule(152)) - Refreshed total pipeline count is 1, healthy pipeline threshold count is 1
2021-07-05 00:57:25,947 [Listener at 127.0.0.1/12256] INFO  ha.SCMHAInvocationHandler (SCMHAInvocationHandler.java:invokeRatis(113)) - Invoking method public abstract void org.apache.hadoop.hdds.scm.container.ContainerStateManagerV2.addContainer(org.apache.hadoop.hdds.protocol.proto.HddsProtos$ContainerInfoProto) throws java.io.IOException on target org.apache.hadoop.hdds.scm.ha.SCMRatisServerImpl@16916856, cost 4737.564us
2021-07-05 00:57:25,949 [181931d2-e1e0-4592-a157-d5007a9fa086@group-2C1689F4816B-StateMachineUpdater] INFO  safemode.HealthyPipelineSafeModeRule (HealthyPipelineSafeModeRule.java:initializeRule(152)) - Refreshed total pipeline count is 1, healthy pipeline threshold count is 1
2021-07-05 00:57:25,951 [431daa7d-f040-4c11-a1fb-891b2bc8b6a1@group-2C1689F4816B-StateMachineUpdater] INFO  ha.SCMStateMachine (SCMStateMachine.java:takeSnapshot(290)) - Current Snapshot Index 120, takeSnapshot took 0 ms
2021-07-05 00:57:25,951 [431daa7d-f040-4c11-a1fb-891b2bc8b6a1@group-2C1689F4816B-StateMachineUpdater] INFO  impl.StateMachineUpdater (StateMachineUpdater.java:takeSnapshot(281)) - 431daa7d-f040-4c11-a1fb-891b2bc8b6a1@group-2C1689F4816B-StateMachineUpdater: Took a snapshot at index 120
2021-07-05 00:57:25,951 [431daa7d-f040-4c11-a1fb-891b2bc8b6a1@group-2C1689F4816B-StateMachineUpdater] INFO  impl.StateMachineUpdater (StateMachineUpdater.java:lambda$new$0(89)) - 431daa7d-f040-4c11-a1fb-891b2bc8b6a1@group-2C1689F4816B-StateMachineUpdater: snapshotIndex: updateIncreasingly 115 -> 120
2021-07-05 00:57:25,951 [431daa7d-f040-4c11-a1fb-891b2bc8b6a1@group-2C1689F4816B-StateMachineUpdater] INFO  raftlog.RaftLog (RaftLogBase.java:purge(306)) - 431daa7d-f040-4c11-a1fb-891b2bc8b6a1@group-2C1689F4816B-SegmentedRaftLog: purge 120
2021-07-05 00:57:25,951 [431daa7d-f040-4c11-a1fb-891b2bc8b6a1@group-2C1689F4816B-StateMachineUpdater] INFO  raftlog.RaftLog (RaftLogBase.java:lambda$new$0(53)) - 431daa7d-f040-4c11-a1fb-891b2bc8b6a1@group-2C1689F4816B-SegmentedRaftLog: snapshotIndex: updateIncreasingly 115 -> 120
2021-07-05 00:57:25,951 [431daa7d-f040-4c11-a1fb-891b2bc8b6a1@group-2C1689F4816B-StateMachineUpdater] INFO  raftlog.RaftLog (RaftLogBase.java:lambda$new$0(53)) - 431daa7d-f040-4c11-a1fb-891b2bc8b6a1@group-2C1689F4816B-SegmentedRaftLog: purgeIndex: updateToMax old=115, new=120, updated? true
2021-07-05 00:57:26,051 [181931d2-e1e0-4592-a157-d5007a9fa086@group-2C1689F4816B-StateMachineUpdater] INFO  ha.SCMStateMachine (SCMStateMachine.java:takeSnapshot(290)) - Current Snapshot Index 120, takeSnapshot took 0 ms
2021-07-05 00:57:26,051 [181931d2-e1e0-4592-a157-d5007a9fa086@group-2C1689F4816B-StateMachineUpdater] INFO  impl.StateMachineUpdater (StateMachineUpdater.java:takeSnapshot(281)) - 181931d2-e1e0-4592-a157-d5007a9fa086@group-2C1689F4816B-StateMachineUpdater: Took a snapshot at index 120
2021-07-05 00:57:26,051 [181931d2-e1e0-4592-a157-d5007a9fa086@group-2C1689F4816B-StateMachineUpdater] INFO  impl.StateMachineUpdater (StateMachineUpdater.java:lambda$new$0(89)) - 181931d2-e1e0-4592-a157-d5007a9fa086@group-2C1689F4816B-StateMachineUpdater: snapshotIndex: updateIncreasingly 115 -> 120
2021-07-05 00:57:26,051 [181931d2-e1e0-4592-a157-d5007a9fa086@group-2C1689F4816B-StateMachineUpdater] INFO  raftlog.RaftLog (RaftLogBase.java:purge(306)) - 181931d2-e1e0-4592-a157-d5007a9fa086@group-2C1689F4816B-SegmentedRaftLog: purge 120
2021-07-05 00:57:26,051 [181931d2-e1e0-4592-a157-d5007a9fa086@group-2C1689F4816B-StateMachineUpdater] INFO  raftlog.RaftLog (RaftLogBase.java:lambda$new$0(53)) - 181931d2-e1e0-4592-a157-d5007a9fa086@group-2C1689F4816B-SegmentedRaftLog: snapshotIndex: updateIncreasingly 115 -> 120
2021-07-05 00:57:26,051 [181931d2-e1e0-4592-a157-d5007a9fa086@group-2C1689F4816B-StateMachineUpdater] INFO  raftlog.RaftLog (RaftLogBase.java:lambda$new$0(53)) - 181931d2-e1e0-4592-a157-d5007a9fa086@group-2C1689F4816B-SegmentedRaftLog: purgeIndex: updateToMax old=115, new=120, updated? true
2021-07-05 00:57:26,053 [Listener at 127.0.0.1/12256] INFO  ha.SCMHAInvocationHandler (SCMHAInvocationHandler.java:invokeRatis(113)) - Invoking method public abstract void org.apache.hadoop.hdds.scm.container.ContainerStateManagerV2.addContainer(org.apache.hadoop.hdds.protocol.proto.HddsProtos$ContainerInfoProto) throws java.io.IOException on target org.apache.hadoop.hdds.scm.ha.SCMRatisServerImpl@16916856, cost 5196.161us
2021-07-05 00:57:26,055 [181931d2-e1e0-4592-a157-d5007a9fa086@group-2C1689F4816B-StateMachineUpdater] INFO  safemode.HealthyPipelineSafeModeRule (HealthyPipelineSafeModeRule.java:initializeRule(152)) - Refreshed total pipeline count is 1, healthy pipeline threshold count is 1
2021-07-05 00:57:26,078 [Datanode State Machine Thread - 0] ERROR datanode.RunningDatanodeState (RunningDatanodeState.java:computeNextContainerState(199)) - Error in executing end point task.
java.util.concurrent.ExecutionException: java.util.concurrent.TimeoutException
	at java.util.concurrent.FutureTask.report(FutureTask.java:122)
	at java.util.concurrent.FutureTask.get(FutureTask.java:192)
	at org.apache.hadoop.ozone.container.common.states.datanode.RunningDatanodeState.computeNextContainerState(RunningDatanodeState.java:191)
	at org.apache.hadoop.ozone.container.common.states.datanode.RunningDatanodeState.await(RunningDatanodeState.java:231)
	at org.apache.hadoop.ozone.container.common.states.datanode.RunningDatanodeState.await(RunningDatanodeState.java:50)
	at org.apache.hadoop.ozone.container.common.statemachine.StateContext.execute(StateContext.java:629)
	at org.apache.hadoop.ozone.container.common.statemachine.DatanodeStateMachine.start(DatanodeStateMachine.java:244)
	at org.apache.hadoop.ozone.container.common.statemachine.DatanodeStateMachine.lambda$startDaemon$0(DatanodeStateMachine.java:429)
	at java.lang.Thread.run(Thread.java:748)
Caused by: java.util.concurrent.TimeoutException
	at java.util.concurrent.FutureTask.get(FutureTask.java:205)
	at org.apache.hadoop.ozone.container.common.states.datanode.RunningDatanodeState.lambda$execute$0(RunningDatanodeState.java:149)
	at java.util.concurrent.FutureTask.run(FutureTask.java:266)
	at java.util.concurrent.Executors$RunnableAdapter.call(Executors.java:511)
	at java.util.concurrent.FutureTask.run(FutureTask.java:266)
	at java.util.concurrent.ThreadPoolExecutor.runWorker(ThreadPoolExecutor.java:1149)
	at java.util.concurrent.ThreadPoolExecutor$Worker.run(ThreadPoolExecutor.java:624)
	... 1 more
2021-07-05 00:57:26,157 [Listener at 127.0.0.1/12256] INFO  ha.SCMHAInvocationHandler (SCMHAInvocationHandler.java:invokeRatis(113)) - Invoking method public abstract void org.apache.hadoop.hdds.scm.container.ContainerStateManagerV2.addContainer(org.apache.hadoop.hdds.protocol.proto.HddsProtos$ContainerInfoProto) throws java.io.IOException on target org.apache.hadoop.hdds.scm.ha.SCMRatisServerImpl@16916856, cost 4114.469us
2021-07-05 00:57:26,158 [181931d2-e1e0-4592-a157-d5007a9fa086@group-2C1689F4816B-StateMachineUpdater] INFO  safemode.HealthyPipelineSafeModeRule (HealthyPipelineSafeModeRule.java:initializeRule(152)) - Refreshed total pipeline count is 1, healthy pipeline threshold count is 1
2021-07-05 00:57:26,263 [431daa7d-f040-4c11-a1fb-891b2bc8b6a1@group-2C1689F4816B-StateMachineUpdater] INFO  ha.SCMStateMachine (SCMStateMachine.java:takeSnapshot(290)) - Current Snapshot Index 125, takeSnapshot took 1 ms
2021-07-05 00:57:26,264 [431daa7d-f040-4c11-a1fb-891b2bc8b6a1@group-2C1689F4816B-StateMachineUpdater] INFO  impl.StateMachineUpdater (StateMachineUpdater.java:takeSnapshot(281)) - 431daa7d-f040-4c11-a1fb-891b2bc8b6a1@group-2C1689F4816B-StateMachineUpdater: Took a snapshot at index 125
2021-07-05 00:57:26,264 [431daa7d-f040-4c11-a1fb-891b2bc8b6a1@group-2C1689F4816B-StateMachineUpdater] INFO  impl.StateMachineUpdater (StateMachineUpdater.java:lambda$new$0(89)) - 431daa7d-f040-4c11-a1fb-891b2bc8b6a1@group-2C1689F4816B-StateMachineUpdater: snapshotIndex: updateIncreasingly 120 -> 125
2021-07-05 00:57:26,264 [431daa7d-f040-4c11-a1fb-891b2bc8b6a1@group-2C1689F4816B-StateMachineUpdater] INFO  raftlog.RaftLog (RaftLogBase.java:purge(306)) - 431daa7d-f040-4c11-a1fb-891b2bc8b6a1@group-2C1689F4816B-SegmentedRaftLog: purge 125
2021-07-05 00:57:26,265 [431daa7d-f040-4c11-a1fb-891b2bc8b6a1@group-2C1689F4816B-StateMachineUpdater] INFO  raftlog.RaftLog (RaftLogBase.java:lambda$new$0(53)) - 431daa7d-f040-4c11-a1fb-891b2bc8b6a1@group-2C1689F4816B-SegmentedRaftLog: snapshotIndex: updateIncreasingly 120 -> 125
2021-07-05 00:57:26,265 [431daa7d-f040-4c11-a1fb-891b2bc8b6a1@group-2C1689F4816B-StateMachineUpdater] INFO  raftlog.RaftLog (RaftLogBase.java:lambda$new$0(53)) - 431daa7d-f040-4c11-a1fb-891b2bc8b6a1@group-2C1689F4816B-SegmentedRaftLog: purgeIndex: updateToMax old=120, new=125, updated? true
2021-07-05 00:57:26,265 [Listener at 127.0.0.1/12256] INFO  ha.SCMHAInvocationHandler (SCMHAInvocationHandler.java:invokeRatis(113)) - Invoking method public abstract void org.apache.hadoop.hdds.scm.container.ContainerStateManagerV2.addContainer(org.apache.hadoop.hdds.protocol.proto.HddsProtos$ContainerInfoProto) throws java.io.IOException on target org.apache.hadoop.hdds.scm.ha.SCMRatisServerImpl@16916856, cost 7467.642us
2021-07-05 00:57:26,271 [181931d2-e1e0-4592-a157-d5007a9fa086@group-2C1689F4816B-StateMachineUpdater] INFO  safemode.HealthyPipelineSafeModeRule (HealthyPipelineSafeModeRule.java:initializeRule(152)) - Refreshed total pipeline count is 1, healthy pipeline threshold count is 1
2021-07-05 00:57:26,272 [181931d2-e1e0-4592-a157-d5007a9fa086@group-2C1689F4816B-StateMachineUpdater] INFO  ha.SCMStateMachine (SCMStateMachine.java:takeSnapshot(290)) - Current Snapshot Index 125, takeSnapshot took 1 ms
2021-07-05 00:57:26,272 [181931d2-e1e0-4592-a157-d5007a9fa086@group-2C1689F4816B-StateMachineUpdater] INFO  impl.StateMachineUpdater (StateMachineUpdater.java:takeSnapshot(281)) - 181931d2-e1e0-4592-a157-d5007a9fa086@group-2C1689F4816B-StateMachineUpdater: Took a snapshot at index 125
2021-07-05 00:57:26,272 [181931d2-e1e0-4592-a157-d5007a9fa086@group-2C1689F4816B-StateMachineUpdater] INFO  impl.StateMachineUpdater (StateMachineUpdater.java:lambda$new$0(89)) - 181931d2-e1e0-4592-a157-d5007a9fa086@group-2C1689F4816B-StateMachineUpdater: snapshotIndex: updateIncreasingly 120 -> 125
2021-07-05 00:57:26,272 [181931d2-e1e0-4592-a157-d5007a9fa086@group-2C1689F4816B-StateMachineUpdater] INFO  raftlog.RaftLog (RaftLogBase.java:purge(306)) - 181931d2-e1e0-4592-a157-d5007a9fa086@group-2C1689F4816B-SegmentedRaftLog: purge 125
2021-07-05 00:57:26,272 [181931d2-e1e0-4592-a157-d5007a9fa086@group-2C1689F4816B-StateMachineUpdater] INFO  raftlog.RaftLog (RaftLogBase.java:lambda$new$0(53)) - 181931d2-e1e0-4592-a157-d5007a9fa086@group-2C1689F4816B-SegmentedRaftLog: snapshotIndex: updateIncreasingly 120 -> 125
2021-07-05 00:57:26,273 [181931d2-e1e0-4592-a157-d5007a9fa086@group-2C1689F4816B-StateMachineUpdater] INFO  raftlog.RaftLog (RaftLogBase.java:lambda$new$0(53)) - 181931d2-e1e0-4592-a157-d5007a9fa086@group-2C1689F4816B-SegmentedRaftLog: purgeIndex: updateToMax old=120, new=125, updated? true
2021-07-05 00:57:26,371 [Listener at 127.0.0.1/12256] INFO  ha.SCMHAInvocationHandler (SCMHAInvocationHandler.java:invokeRatis(113)) - Invoking method public abstract void org.apache.hadoop.hdds.scm.container.ContainerStateManagerV2.addContainer(org.apache.hadoop.hdds.protocol.proto.HddsProtos$ContainerInfoProto) throws java.io.IOException on target org.apache.hadoop.hdds.scm.ha.SCMRatisServerImpl@16916856, cost 4956.062us
2021-07-05 00:57:26,373 [181931d2-e1e0-4592-a157-d5007a9fa086@group-2C1689F4816B-StateMachineUpdater] INFO  safemode.HealthyPipelineSafeModeRule (HealthyPipelineSafeModeRule.java:initializeRule(152)) - Refreshed total pipeline count is 1, healthy pipeline threshold count is 1
2021-07-05 00:57:26,477 [Listener at 127.0.0.1/12256] INFO  ha.SCMHAInvocationHandler (SCMHAInvocationHandler.java:invokeRatis(113)) - Invoking method public abstract void org.apache.hadoop.hdds.scm.container.ContainerStateManagerV2.addContainer(org.apache.hadoop.hdds.protocol.proto.HddsProtos$ContainerInfoProto) throws java.io.IOException on target org.apache.hadoop.hdds.scm.ha.SCMRatisServerImpl@16916856, cost 5539.157us
2021-07-05 00:57:26,479 [181931d2-e1e0-4592-a157-d5007a9fa086@group-2C1689F4816B-StateMachineUpdater] INFO  safemode.HealthyPipelineSafeModeRule (HealthyPipelineSafeModeRule.java:initializeRule(152)) - Refreshed total pipeline count is 1, healthy pipeline threshold count is 1
2021-07-05 00:57:26,480 [431daa7d-f040-4c11-a1fb-891b2bc8b6a1@group-2C1689F4816B-StateMachineUpdater] INFO  ha.SCMStateMachine (SCMStateMachine.java:takeSnapshot(290)) - Current Snapshot Index 130, takeSnapshot took 1 ms
2021-07-05 00:57:26,480 [431daa7d-f040-4c11-a1fb-891b2bc8b6a1@group-2C1689F4816B-StateMachineUpdater] INFO  impl.StateMachineUpdater (StateMachineUpdater.java:takeSnapshot(281)) - 431daa7d-f040-4c11-a1fb-891b2bc8b6a1@group-2C1689F4816B-StateMachineUpdater: Took a snapshot at index 130
2021-07-05 00:57:26,480 [431daa7d-f040-4c11-a1fb-891b2bc8b6a1@group-2C1689F4816B-StateMachineUpdater] INFO  impl.StateMachineUpdater (StateMachineUpdater.java:lambda$new$0(89)) - 431daa7d-f040-4c11-a1fb-891b2bc8b6a1@group-2C1689F4816B-StateMachineUpdater: snapshotIndex: updateIncreasingly 125 -> 130
2021-07-05 00:57:26,480 [431daa7d-f040-4c11-a1fb-891b2bc8b6a1@group-2C1689F4816B-StateMachineUpdater] INFO  raftlog.RaftLog (RaftLogBase.java:purge(306)) - 431daa7d-f040-4c11-a1fb-891b2bc8b6a1@group-2C1689F4816B-SegmentedRaftLog: purge 130
2021-07-05 00:57:26,480 [431daa7d-f040-4c11-a1fb-891b2bc8b6a1@group-2C1689F4816B-StateMachineUpdater] INFO  raftlog.RaftLog (RaftLogBase.java:lambda$new$0(53)) - 431daa7d-f040-4c11-a1fb-891b2bc8b6a1@group-2C1689F4816B-SegmentedRaftLog: snapshotIndex: updateIncreasingly 125 -> 130
2021-07-05 00:57:26,480 [431daa7d-f040-4c11-a1fb-891b2bc8b6a1@group-2C1689F4816B-StateMachineUpdater] INFO  raftlog.RaftLog (RaftLogBase.java:lambda$new$0(53)) - 431daa7d-f040-4c11-a1fb-891b2bc8b6a1@group-2C1689F4816B-SegmentedRaftLog: purgeIndex: updateToMax old=125, new=130, updated? true
2021-07-05 00:57:26,581 [181931d2-e1e0-4592-a157-d5007a9fa086@group-2C1689F4816B-StateMachineUpdater] INFO  ha.SCMStateMachine (SCMStateMachine.java:takeSnapshot(290)) - Current Snapshot Index 130, takeSnapshot took 0 ms
2021-07-05 00:57:26,581 [181931d2-e1e0-4592-a157-d5007a9fa086@group-2C1689F4816B-StateMachineUpdater] INFO  impl.StateMachineUpdater (StateMachineUpdater.java:takeSnapshot(281)) - 181931d2-e1e0-4592-a157-d5007a9fa086@group-2C1689F4816B-StateMachineUpdater: Took a snapshot at index 130
2021-07-05 00:57:26,581 [181931d2-e1e0-4592-a157-d5007a9fa086@group-2C1689F4816B-StateMachineUpdater] INFO  impl.StateMachineUpdater (StateMachineUpdater.java:lambda$new$0(89)) - 181931d2-e1e0-4592-a157-d5007a9fa086@group-2C1689F4816B-StateMachineUpdater: snapshotIndex: updateIncreasingly 125 -> 130
2021-07-05 00:57:26,581 [181931d2-e1e0-4592-a157-d5007a9fa086@group-2C1689F4816B-StateMachineUpdater] INFO  raftlog.RaftLog (RaftLogBase.java:purge(306)) - 181931d2-e1e0-4592-a157-d5007a9fa086@group-2C1689F4816B-SegmentedRaftLog: purge 130
2021-07-05 00:57:26,581 [181931d2-e1e0-4592-a157-d5007a9fa086@group-2C1689F4816B-StateMachineUpdater] INFO  raftlog.RaftLog (RaftLogBase.java:lambda$new$0(53)) - 181931d2-e1e0-4592-a157-d5007a9fa086@group-2C1689F4816B-SegmentedRaftLog: snapshotIndex: updateIncreasingly 125 -> 130
2021-07-05 00:57:26,581 [181931d2-e1e0-4592-a157-d5007a9fa086@group-2C1689F4816B-StateMachineUpdater] INFO  raftlog.RaftLog (RaftLogBase.java:lambda$new$0(53)) - 181931d2-e1e0-4592-a157-d5007a9fa086@group-2C1689F4816B-SegmentedRaftLog: purgeIndex: updateToMax old=125, new=130, updated? true
2021-07-05 00:57:26,583 [Listener at 127.0.0.1/12256] INFO  ha.SCMHAInvocationHandler (SCMHAInvocationHandler.java:invokeRatis(113)) - Invoking method public abstract void org.apache.hadoop.hdds.scm.container.ContainerStateManagerV2.addContainer(org.apache.hadoop.hdds.protocol.proto.HddsProtos$ContainerInfoProto) throws java.io.IOException on target org.apache.hadoop.hdds.scm.ha.SCMRatisServerImpl@16916856, cost 4919.662us
2021-07-05 00:57:26,584 [181931d2-e1e0-4592-a157-d5007a9fa086@group-2C1689F4816B-StateMachineUpdater] INFO  safemode.HealthyPipelineSafeModeRule (HealthyPipelineSafeModeRule.java:initializeRule(152)) - Refreshed total pipeline count is 1, healthy pipeline threshold count is 1
2021-07-05 00:57:26,687 [Listener at 127.0.0.1/12256] INFO  ha.SCMHAInvocationHandler (SCMHAInvocationHandler.java:invokeRatis(113)) - Invoking method public abstract void org.apache.hadoop.hdds.scm.container.ContainerStateManagerV2.addContainer(org.apache.hadoop.hdds.protocol.proto.HddsProtos$ContainerInfoProto) throws java.io.IOException on target org.apache.hadoop.hdds.scm.ha.SCMRatisServerImpl@16916856, cost 4234.667us
2021-07-05 00:57:26,690 [181931d2-e1e0-4592-a157-d5007a9fa086@group-2C1689F4816B-StateMachineUpdater] INFO  safemode.HealthyPipelineSafeModeRule (HealthyPipelineSafeModeRule.java:initializeRule(152)) - Refreshed total pipeline count is 1, healthy pipeline threshold count is 1
2021-07-05 00:57:26,792 [Datanode State Machine Thread - 0] ERROR datanode.RunningDatanodeState (RunningDatanodeState.java:computeNextContainerState(199)) - Error in executing end point task.
java.util.concurrent.ExecutionException: java.util.concurrent.TimeoutException
	at java.util.concurrent.FutureTask.report(FutureTask.java:122)
	at java.util.concurrent.FutureTask.get(FutureTask.java:192)
	at org.apache.hadoop.ozone.container.common.states.datanode.RunningDatanodeState.computeNextContainerState(RunningDatanodeState.java:191)
	at org.apache.hadoop.ozone.container.common.states.datanode.RunningDatanodeState.await(RunningDatanodeState.java:231)
	at org.apache.hadoop.ozone.container.common.states.datanode.RunningDatanodeState.await(RunningDatanodeState.java:50)
	at org.apache.hadoop.ozone.container.common.statemachine.StateContext.execute(StateContext.java:629)
	at org.apache.hadoop.ozone.container.common.statemachine.DatanodeStateMachine.start(DatanodeStateMachine.java:244)
	at org.apache.hadoop.ozone.container.common.statemachine.DatanodeStateMachine.lambda$startDaemon$0(DatanodeStateMachine.java:429)
	at java.lang.Thread.run(Thread.java:748)
Caused by: java.util.concurrent.TimeoutException
	at java.util.concurrent.FutureTask.get(FutureTask.java:205)
	at org.apache.hadoop.ozone.container.common.states.datanode.RunningDatanodeState.lambda$execute$0(RunningDatanodeState.java:149)
	at java.util.concurrent.FutureTask.run(FutureTask.java:266)
	at java.util.concurrent.Executors$RunnableAdapter.call(Executors.java:511)
	at java.util.concurrent.FutureTask.run(FutureTask.java:266)
	at java.util.concurrent.ThreadPoolExecutor.runWorker(ThreadPoolExecutor.java:1149)
	at java.util.concurrent.ThreadPoolExecutor$Worker.run(ThreadPoolExecutor.java:624)
	... 1 more
2021-07-05 00:57:26,802 [431daa7d-f040-4c11-a1fb-891b2bc8b6a1@group-2C1689F4816B-StateMachineUpdater] INFO  ha.SCMStateMachine (SCMStateMachine.java:takeSnapshot(290)) - Current Snapshot Index 135, takeSnapshot took 0 ms
2021-07-05 00:57:26,802 [431daa7d-f040-4c11-a1fb-891b2bc8b6a1@group-2C1689F4816B-StateMachineUpdater] INFO  impl.StateMachineUpdater (StateMachineUpdater.java:takeSnapshot(281)) - 431daa7d-f040-4c11-a1fb-891b2bc8b6a1@group-2C1689F4816B-StateMachineUpdater: Took a snapshot at index 135
2021-07-05 00:57:26,802 [431daa7d-f040-4c11-a1fb-891b2bc8b6a1@group-2C1689F4816B-StateMachineUpdater] INFO  impl.StateMachineUpdater (StateMachineUpdater.java:lambda$new$0(89)) - 431daa7d-f040-4c11-a1fb-891b2bc8b6a1@group-2C1689F4816B-StateMachineUpdater: snapshotIndex: updateIncreasingly 130 -> 135
2021-07-05 00:57:26,802 [431daa7d-f040-4c11-a1fb-891b2bc8b6a1@group-2C1689F4816B-StateMachineUpdater] INFO  raftlog.RaftLog (RaftLogBase.java:purge(306)) - 431daa7d-f040-4c11-a1fb-891b2bc8b6a1@group-2C1689F4816B-SegmentedRaftLog: purge 135
2021-07-05 00:57:26,802 [431daa7d-f040-4c11-a1fb-891b2bc8b6a1@group-2C1689F4816B-StateMachineUpdater] INFO  raftlog.RaftLog (RaftLogBase.java:lambda$new$0(53)) - 431daa7d-f040-4c11-a1fb-891b2bc8b6a1@group-2C1689F4816B-SegmentedRaftLog: snapshotIndex: updateIncreasingly 130 -> 135
2021-07-05 00:57:26,802 [431daa7d-f040-4c11-a1fb-891b2bc8b6a1@group-2C1689F4816B-StateMachineUpdater] INFO  raftlog.RaftLog (RaftLogBase.java:lambda$new$0(53)) - 431daa7d-f040-4c11-a1fb-891b2bc8b6a1@group-2C1689F4816B-SegmentedRaftLog: purgeIndex: updateToMax old=130, new=135, updated? true
2021-07-05 00:57:26,803 [Listener at 127.0.0.1/12256] INFO  ha.SCMHAInvocationHandler (SCMHAInvocationHandler.java:invokeRatis(113)) - Invoking method public abstract void org.apache.hadoop.hdds.scm.container.ContainerStateManagerV2.addContainer(org.apache.hadoop.hdds.protocol.proto.HddsProtos$ContainerInfoProto) throws java.io.IOException on target org.apache.hadoop.hdds.scm.ha.SCMRatisServerImpl@16916856, cost 14707.687us
2021-07-05 00:57:26,806 [181931d2-e1e0-4592-a157-d5007a9fa086@group-2C1689F4816B-StateMachineUpdater] INFO  safemode.HealthyPipelineSafeModeRule (HealthyPipelineSafeModeRule.java:initializeRule(152)) - Refreshed total pipeline count is 1, healthy pipeline threshold count is 1
2021-07-05 00:57:26,807 [181931d2-e1e0-4592-a157-d5007a9fa086@group-2C1689F4816B-StateMachineUpdater] INFO  ha.SCMStateMachine (SCMStateMachine.java:takeSnapshot(290)) - Current Snapshot Index 135, takeSnapshot took 0 ms
2021-07-05 00:57:26,807 [181931d2-e1e0-4592-a157-d5007a9fa086@group-2C1689F4816B-StateMachineUpdater] INFO  impl.StateMachineUpdater (StateMachineUpdater.java:takeSnapshot(281)) - 181931d2-e1e0-4592-a157-d5007a9fa086@group-2C1689F4816B-StateMachineUpdater: Took a snapshot at index 135
2021-07-05 00:57:26,807 [181931d2-e1e0-4592-a157-d5007a9fa086@group-2C1689F4816B-StateMachineUpdater] INFO  impl.StateMachineUpdater (StateMachineUpdater.java:lambda$new$0(89)) - 181931d2-e1e0-4592-a157-d5007a9fa086@group-2C1689F4816B-StateMachineUpdater: snapshotIndex: updateIncreasingly 130 -> 135
2021-07-05 00:57:26,807 [181931d2-e1e0-4592-a157-d5007a9fa086@group-2C1689F4816B-StateMachineUpdater] INFO  raftlog.RaftLog (RaftLogBase.java:purge(306)) - 181931d2-e1e0-4592-a157-d5007a9fa086@group-2C1689F4816B-SegmentedRaftLog: purge 135
2021-07-05 00:57:26,807 [181931d2-e1e0-4592-a157-d5007a9fa086@group-2C1689F4816B-StateMachineUpdater] INFO  raftlog.RaftLog (RaftLogBase.java:lambda$new$0(53)) - 181931d2-e1e0-4592-a157-d5007a9fa086@group-2C1689F4816B-SegmentedRaftLog: snapshotIndex: updateIncreasingly 130 -> 135
2021-07-05 00:57:26,807 [181931d2-e1e0-4592-a157-d5007a9fa086@group-2C1689F4816B-StateMachineUpdater] INFO  raftlog.RaftLog (RaftLogBase.java:lambda$new$0(53)) - 181931d2-e1e0-4592-a157-d5007a9fa086@group-2C1689F4816B-SegmentedRaftLog: purgeIndex: updateToMax old=130, new=135, updated? true
2021-07-05 00:57:26,908 [Listener at 127.0.0.1/12256] INFO  ha.SCMHAInvocationHandler (SCMHAInvocationHandler.java:invokeRatis(113)) - Invoking method public abstract void org.apache.hadoop.hdds.scm.container.ContainerStateManagerV2.addContainer(org.apache.hadoop.hdds.protocol.proto.HddsProtos$ContainerInfoProto) throws java.io.IOException on target org.apache.hadoop.hdds.scm.ha.SCMRatisServerImpl@16916856, cost 4763.964us
2021-07-05 00:57:26,918 [181931d2-e1e0-4592-a157-d5007a9fa086@group-2C1689F4816B-StateMachineUpdater] INFO  safemode.HealthyPipelineSafeModeRule (HealthyPipelineSafeModeRule.java:initializeRule(152)) - Refreshed total pipeline count is 1, healthy pipeline threshold count is 1
2021-07-05 00:57:27,013 [Listener at 127.0.0.1/12256] INFO  ha.SCMHAInvocationHandler (SCMHAInvocationHandler.java:invokeRatis(113)) - Invoking method public abstract void org.apache.hadoop.hdds.scm.container.ContainerStateManagerV2.addContainer(org.apache.hadoop.hdds.protocol.proto.HddsProtos$ContainerInfoProto) throws java.io.IOException on target org.apache.hadoop.hdds.scm.ha.SCMRatisServerImpl@16916856, cost 4295.867us
2021-07-05 00:57:27,014 [181931d2-e1e0-4592-a157-d5007a9fa086@group-2C1689F4816B-StateMachineUpdater] INFO  safemode.HealthyPipelineSafeModeRule (HealthyPipelineSafeModeRule.java:initializeRule(152)) - Refreshed total pipeline count is 1, healthy pipeline threshold count is 1
2021-07-05 00:57:27,015 [431daa7d-f040-4c11-a1fb-891b2bc8b6a1@group-2C1689F4816B-StateMachineUpdater] INFO  ha.SCMStateMachine (SCMStateMachine.java:takeSnapshot(290)) - Current Snapshot Index 140, takeSnapshot took 1 ms
2021-07-05 00:57:27,015 [431daa7d-f040-4c11-a1fb-891b2bc8b6a1@group-2C1689F4816B-StateMachineUpdater] INFO  impl.StateMachineUpdater (StateMachineUpdater.java:takeSnapshot(281)) - 431daa7d-f040-4c11-a1fb-891b2bc8b6a1@group-2C1689F4816B-StateMachineUpdater: Took a snapshot at index 140
2021-07-05 00:57:27,015 [431daa7d-f040-4c11-a1fb-891b2bc8b6a1@group-2C1689F4816B-StateMachineUpdater] INFO  impl.StateMachineUpdater (StateMachineUpdater.java:lambda$new$0(89)) - 431daa7d-f040-4c11-a1fb-891b2bc8b6a1@group-2C1689F4816B-StateMachineUpdater: snapshotIndex: updateIncreasingly 135 -> 140
2021-07-05 00:57:27,015 [431daa7d-f040-4c11-a1fb-891b2bc8b6a1@group-2C1689F4816B-StateMachineUpdater] INFO  raftlog.RaftLog (RaftLogBase.java:purge(306)) - 431daa7d-f040-4c11-a1fb-891b2bc8b6a1@group-2C1689F4816B-SegmentedRaftLog: purge 140
2021-07-05 00:57:27,015 [431daa7d-f040-4c11-a1fb-891b2bc8b6a1@group-2C1689F4816B-StateMachineUpdater] INFO  raftlog.RaftLog (RaftLogBase.java:lambda$new$0(53)) - 431daa7d-f040-4c11-a1fb-891b2bc8b6a1@group-2C1689F4816B-SegmentedRaftLog: snapshotIndex: updateIncreasingly 135 -> 140
2021-07-05 00:57:27,015 [431daa7d-f040-4c11-a1fb-891b2bc8b6a1@group-2C1689F4816B-StateMachineUpdater] INFO  raftlog.RaftLog (RaftLogBase.java:lambda$new$0(53)) - 431daa7d-f040-4c11-a1fb-891b2bc8b6a1@group-2C1689F4816B-SegmentedRaftLog: purgeIndex: updateToMax old=135, new=140, updated? true
2021-07-05 00:57:27,122 [181931d2-e1e0-4592-a157-d5007a9fa086@group-2C1689F4816B-StateMachineUpdater] INFO  ha.SCMStateMachine (SCMStateMachine.java:takeSnapshot(290)) - Current Snapshot Index 140, takeSnapshot took 0 ms
2021-07-05 00:57:27,122 [181931d2-e1e0-4592-a157-d5007a9fa086@group-2C1689F4816B-StateMachineUpdater] INFO  impl.StateMachineUpdater (StateMachineUpdater.java:takeSnapshot(281)) - 181931d2-e1e0-4592-a157-d5007a9fa086@group-2C1689F4816B-StateMachineUpdater: Took a snapshot at index 140
2021-07-05 00:57:27,122 [181931d2-e1e0-4592-a157-d5007a9fa086@group-2C1689F4816B-StateMachineUpdater] INFO  impl.StateMachineUpdater (StateMachineUpdater.java:lambda$new$0(89)) - 181931d2-e1e0-4592-a157-d5007a9fa086@group-2C1689F4816B-StateMachineUpdater: snapshotIndex: updateIncreasingly 135 -> 140
2021-07-05 00:57:27,122 [181931d2-e1e0-4592-a157-d5007a9fa086@group-2C1689F4816B-StateMachineUpdater] INFO  raftlog.RaftLog (RaftLogBase.java:purge(306)) - 181931d2-e1e0-4592-a157-d5007a9fa086@group-2C1689F4816B-SegmentedRaftLog: purge 140
2021-07-05 00:57:27,122 [181931d2-e1e0-4592-a157-d5007a9fa086@group-2C1689F4816B-StateMachineUpdater] INFO  raftlog.RaftLog (RaftLogBase.java:lambda$new$0(53)) - 181931d2-e1e0-4592-a157-d5007a9fa086@group-2C1689F4816B-SegmentedRaftLog: snapshotIndex: updateIncreasingly 135 -> 140
2021-07-05 00:57:27,123 [181931d2-e1e0-4592-a157-d5007a9fa086@group-2C1689F4816B-StateMachineUpdater] INFO  raftlog.RaftLog (RaftLogBase.java:lambda$new$0(53)) - 181931d2-e1e0-4592-a157-d5007a9fa086@group-2C1689F4816B-SegmentedRaftLog: purgeIndex: updateToMax old=135, new=140, updated? true
2021-07-05 00:57:27,123 [Listener at 127.0.0.1/12256] INFO  ha.SCMHAInvocationHandler (SCMHAInvocationHandler.java:invokeRatis(113)) - Invoking method public abstract void org.apache.hadoop.hdds.scm.container.ContainerStateManagerV2.addContainer(org.apache.hadoop.hdds.protocol.proto.HddsProtos$ContainerInfoProto) throws java.io.IOException on target org.apache.hadoop.hdds.scm.ha.SCMRatisServerImpl@16916856, cost 9619.226us
2021-07-05 00:57:27,125 [181931d2-e1e0-4592-a157-d5007a9fa086@group-2C1689F4816B-StateMachineUpdater] INFO  safemode.HealthyPipelineSafeModeRule (HealthyPipelineSafeModeRule.java:initializeRule(152)) - Refreshed total pipeline count is 1, healthy pipeline threshold count is 1
2021-07-05 00:57:27,228 [Listener at 127.0.0.1/12256] INFO  ha.SCMHAInvocationHandler (SCMHAInvocationHandler.java:invokeRatis(113)) - Invoking method public abstract void org.apache.hadoop.hdds.scm.container.ContainerStateManagerV2.addContainer(org.apache.hadoop.hdds.protocol.proto.HddsProtos$ContainerInfoProto) throws java.io.IOException on target org.apache.hadoop.hdds.scm.ha.SCMRatisServerImpl@16916856, cost 4307.967us
2021-07-05 00:57:27,230 [181931d2-e1e0-4592-a157-d5007a9fa086@group-2C1689F4816B-StateMachineUpdater] INFO  safemode.HealthyPipelineSafeModeRule (HealthyPipelineSafeModeRule.java:initializeRule(152)) - Refreshed total pipeline count is 1, healthy pipeline threshold count is 1
2021-07-05 00:57:27,336 [431daa7d-f040-4c11-a1fb-891b2bc8b6a1@group-2C1689F4816B-StateMachineUpdater] INFO  ha.SCMStateMachine (SCMStateMachine.java:takeSnapshot(290)) - Current Snapshot Index 145, takeSnapshot took 0 ms
2021-07-05 00:57:27,336 [431daa7d-f040-4c11-a1fb-891b2bc8b6a1@group-2C1689F4816B-StateMachineUpdater] INFO  impl.StateMachineUpdater (StateMachineUpdater.java:takeSnapshot(281)) - 431daa7d-f040-4c11-a1fb-891b2bc8b6a1@group-2C1689F4816B-StateMachineUpdater: Took a snapshot at index 145
2021-07-05 00:57:27,336 [431daa7d-f040-4c11-a1fb-891b2bc8b6a1@group-2C1689F4816B-StateMachineUpdater] INFO  impl.StateMachineUpdater (StateMachineUpdater.java:lambda$new$0(89)) - 431daa7d-f040-4c11-a1fb-891b2bc8b6a1@group-2C1689F4816B-StateMachineUpdater: snapshotIndex: updateIncreasingly 140 -> 145
2021-07-05 00:57:27,336 [431daa7d-f040-4c11-a1fb-891b2bc8b6a1@group-2C1689F4816B-StateMachineUpdater] INFO  raftlog.RaftLog (RaftLogBase.java:purge(306)) - 431daa7d-f040-4c11-a1fb-891b2bc8b6a1@group-2C1689F4816B-SegmentedRaftLog: purge 145
2021-07-05 00:57:27,336 [Listener at 127.0.0.1/12256] INFO  ha.SCMHAInvocationHandler (SCMHAInvocationHandler.java:invokeRatis(113)) - Invoking method public abstract void org.apache.hadoop.hdds.scm.container.ContainerStateManagerV2.addContainer(org.apache.hadoop.hdds.protocol.proto.HddsProtos$ContainerInfoProto) throws java.io.IOException on target org.apache.hadoop.hdds.scm.ha.SCMRatisServerImpl@16916856, cost 6692.048us
2021-07-05 00:57:27,336 [431daa7d-f040-4c11-a1fb-891b2bc8b6a1@group-2C1689F4816B-StateMachineUpdater] INFO  raftlog.RaftLog (RaftLogBase.java:lambda$new$0(53)) - 431daa7d-f040-4c11-a1fb-891b2bc8b6a1@group-2C1689F4816B-SegmentedRaftLog: snapshotIndex: updateIncreasingly 140 -> 145
2021-07-05 00:57:27,337 [431daa7d-f040-4c11-a1fb-891b2bc8b6a1@group-2C1689F4816B-StateMachineUpdater] INFO  raftlog.RaftLog (RaftLogBase.java:lambda$new$0(53)) - 431daa7d-f040-4c11-a1fb-891b2bc8b6a1@group-2C1689F4816B-SegmentedRaftLog: purgeIndex: updateToMax old=140, new=145, updated? true
2021-07-05 00:57:27,338 [181931d2-e1e0-4592-a157-d5007a9fa086@group-2C1689F4816B-StateMachineUpdater] INFO  safemode.HealthyPipelineSafeModeRule (HealthyPipelineSafeModeRule.java:initializeRule(152)) - Refreshed total pipeline count is 1, healthy pipeline threshold count is 1
2021-07-05 00:57:27,338 [181931d2-e1e0-4592-a157-d5007a9fa086@group-2C1689F4816B-StateMachineUpdater] INFO  ha.SCMStateMachine (SCMStateMachine.java:takeSnapshot(290)) - Current Snapshot Index 145, takeSnapshot took 1 ms
2021-07-05 00:57:27,338 [181931d2-e1e0-4592-a157-d5007a9fa086@group-2C1689F4816B-StateMachineUpdater] INFO  impl.StateMachineUpdater (StateMachineUpdater.java:takeSnapshot(281)) - 181931d2-e1e0-4592-a157-d5007a9fa086@group-2C1689F4816B-StateMachineUpdater: Took a snapshot at index 145
2021-07-05 00:57:27,338 [181931d2-e1e0-4592-a157-d5007a9fa086@group-2C1689F4816B-StateMachineUpdater] INFO  impl.StateMachineUpdater (StateMachineUpdater.java:lambda$new$0(89)) - 181931d2-e1e0-4592-a157-d5007a9fa086@group-2C1689F4816B-StateMachineUpdater: snapshotIndex: updateIncreasingly 140 -> 145
2021-07-05 00:57:27,338 [181931d2-e1e0-4592-a157-d5007a9fa086@group-2C1689F4816B-StateMachineUpdater] INFO  raftlog.RaftLog (RaftLogBase.java:purge(306)) - 181931d2-e1e0-4592-a157-d5007a9fa086@group-2C1689F4816B-SegmentedRaftLog: purge 145
2021-07-05 00:57:27,338 [181931d2-e1e0-4592-a157-d5007a9fa086@group-2C1689F4816B-StateMachineUpdater] INFO  raftlog.RaftLog (RaftLogBase.java:lambda$new$0(53)) - 181931d2-e1e0-4592-a157-d5007a9fa086@group-2C1689F4816B-SegmentedRaftLog: snapshotIndex: updateIncreasingly 140 -> 145
2021-07-05 00:57:27,338 [181931d2-e1e0-4592-a157-d5007a9fa086@group-2C1689F4816B-StateMachineUpdater] INFO  raftlog.RaftLog (RaftLogBase.java:lambda$new$0(53)) - 181931d2-e1e0-4592-a157-d5007a9fa086@group-2C1689F4816B-SegmentedRaftLog: purgeIndex: updateToMax old=140, new=145, updated? true
2021-07-05 00:57:27,441 [Listener at 127.0.0.1/12256] INFO  ha.SCMHAInvocationHandler (SCMHAInvocationHandler.java:invokeRatis(113)) - Invoking method public abstract void org.apache.hadoop.hdds.scm.container.ContainerStateManagerV2.addContainer(org.apache.hadoop.hdds.protocol.proto.HddsProtos$ContainerInfoProto) throws java.io.IOException on target org.apache.hadoop.hdds.scm.ha.SCMRatisServerImpl@16916856, cost 4326.167us
2021-07-05 00:57:27,443 [181931d2-e1e0-4592-a157-d5007a9fa086@group-2C1689F4816B-StateMachineUpdater] INFO  safemode.HealthyPipelineSafeModeRule (HealthyPipelineSafeModeRule.java:initializeRule(152)) - Refreshed total pipeline count is 1, healthy pipeline threshold count is 1
2021-07-05 00:57:27,549 [Listener at 127.0.0.1/12256] INFO  ha.SCMHAInvocationHandler (SCMHAInvocationHandler.java:invokeRatis(113)) - Invoking method public abstract void org.apache.hadoop.hdds.scm.container.ContainerStateManagerV2.addContainer(org.apache.hadoop.hdds.protocol.proto.HddsProtos$ContainerInfoProto) throws java.io.IOException on target org.apache.hadoop.hdds.scm.ha.SCMRatisServerImpl@16916856, cost 7769.641us
2021-07-05 00:57:27,550 [181931d2-e1e0-4592-a157-d5007a9fa086@group-2C1689F4816B-StateMachineUpdater] INFO  safemode.HealthyPipelineSafeModeRule (HealthyPipelineSafeModeRule.java:initializeRule(152)) - Refreshed total pipeline count is 1, healthy pipeline threshold count is 1
2021-07-05 00:57:27,552 [431daa7d-f040-4c11-a1fb-891b2bc8b6a1@group-2C1689F4816B-StateMachineUpdater] INFO  ha.SCMStateMachine (SCMStateMachine.java:takeSnapshot(290)) - Current Snapshot Index 150, takeSnapshot took 0 ms
2021-07-05 00:57:27,552 [431daa7d-f040-4c11-a1fb-891b2bc8b6a1@group-2C1689F4816B-StateMachineUpdater] INFO  impl.StateMachineUpdater (StateMachineUpdater.java:takeSnapshot(281)) - 431daa7d-f040-4c11-a1fb-891b2bc8b6a1@group-2C1689F4816B-StateMachineUpdater: Took a snapshot at index 150
2021-07-05 00:57:27,552 [431daa7d-f040-4c11-a1fb-891b2bc8b6a1@group-2C1689F4816B-StateMachineUpdater] INFO  impl.StateMachineUpdater (StateMachineUpdater.java:lambda$new$0(89)) - 431daa7d-f040-4c11-a1fb-891b2bc8b6a1@group-2C1689F4816B-StateMachineUpdater: snapshotIndex: updateIncreasingly 145 -> 150
2021-07-05 00:57:27,552 [431daa7d-f040-4c11-a1fb-891b2bc8b6a1@group-2C1689F4816B-StateMachineUpdater] INFO  raftlog.RaftLog (RaftLogBase.java:purge(306)) - 431daa7d-f040-4c11-a1fb-891b2bc8b6a1@group-2C1689F4816B-SegmentedRaftLog: purge 150
2021-07-05 00:57:27,552 [431daa7d-f040-4c11-a1fb-891b2bc8b6a1@group-2C1689F4816B-StateMachineUpdater] INFO  raftlog.RaftLog (RaftLogBase.java:lambda$new$0(53)) - 431daa7d-f040-4c11-a1fb-891b2bc8b6a1@group-2C1689F4816B-SegmentedRaftLog: snapshotIndex: updateIncreasingly 145 -> 150
2021-07-05 00:57:27,552 [431daa7d-f040-4c11-a1fb-891b2bc8b6a1@group-2C1689F4816B-StateMachineUpdater] INFO  raftlog.RaftLog (RaftLogBase.java:lambda$new$0(53)) - 431daa7d-f040-4c11-a1fb-891b2bc8b6a1@group-2C1689F4816B-SegmentedRaftLog: purgeIndex: updateToMax old=145, new=150, updated? true
2021-07-05 00:57:27,654 [181931d2-e1e0-4592-a157-d5007a9fa086@group-2C1689F4816B-StateMachineUpdater] INFO  ha.SCMStateMachine (SCMStateMachine.java:takeSnapshot(290)) - Current Snapshot Index 150, takeSnapshot took 0 ms
2021-07-05 00:57:27,654 [181931d2-e1e0-4592-a157-d5007a9fa086@group-2C1689F4816B-StateMachineUpdater] INFO  impl.StateMachineUpdater (StateMachineUpdater.java:takeSnapshot(281)) - 181931d2-e1e0-4592-a157-d5007a9fa086@group-2C1689F4816B-StateMachineUpdater: Took a snapshot at index 150
2021-07-05 00:57:27,654 [181931d2-e1e0-4592-a157-d5007a9fa086@group-2C1689F4816B-StateMachineUpdater] INFO  impl.StateMachineUpdater (StateMachineUpdater.java:lambda$new$0(89)) - 181931d2-e1e0-4592-a157-d5007a9fa086@group-2C1689F4816B-StateMachineUpdater: snapshotIndex: updateIncreasingly 145 -> 150
2021-07-05 00:57:27,654 [181931d2-e1e0-4592-a157-d5007a9fa086@group-2C1689F4816B-StateMachineUpdater] INFO  raftlog.RaftLog (RaftLogBase.java:purge(306)) - 181931d2-e1e0-4592-a157-d5007a9fa086@group-2C1689F4816B-SegmentedRaftLog: purge 150
2021-07-05 00:57:27,654 [181931d2-e1e0-4592-a157-d5007a9fa086@group-2C1689F4816B-StateMachineUpdater] INFO  raftlog.RaftLog (RaftLogBase.java:lambda$new$0(53)) - 181931d2-e1e0-4592-a157-d5007a9fa086@group-2C1689F4816B-SegmentedRaftLog: snapshotIndex: updateIncreasingly 145 -> 150
2021-07-05 00:57:27,654 [181931d2-e1e0-4592-a157-d5007a9fa086@group-2C1689F4816B-StateMachineUpdater] INFO  raftlog.RaftLog (RaftLogBase.java:lambda$new$0(53)) - 181931d2-e1e0-4592-a157-d5007a9fa086@group-2C1689F4816B-SegmentedRaftLog: purgeIndex: updateToMax old=145, new=150, updated? true
2021-07-05 00:57:27,656 [Listener at 127.0.0.1/12256] INFO  ha.SCMHAInvocationHandler (SCMHAInvocationHandler.java:invokeRatis(113)) - Invoking method public abstract void org.apache.hadoop.hdds.scm.container.ContainerStateManagerV2.addContainer(org.apache.hadoop.hdds.protocol.proto.HddsProtos$ContainerInfoProto) throws java.io.IOException on target org.apache.hadoop.hdds.scm.ha.SCMRatisServerImpl@16916856, cost 6185.553us
2021-07-05 00:57:27,658 [181931d2-e1e0-4592-a157-d5007a9fa086@group-2C1689F4816B-StateMachineUpdater] INFO  safemode.HealthyPipelineSafeModeRule (HealthyPipelineSafeModeRule.java:initializeRule(152)) - Refreshed total pipeline count is 1, healthy pipeline threshold count is 1
2021-07-05 00:57:27,761 [Listener at 127.0.0.1/12256] INFO  ha.SCMHAInvocationHandler (SCMHAInvocationHandler.java:invokeRatis(113)) - Invoking method public abstract void org.apache.hadoop.hdds.scm.container.ContainerStateManagerV2.addContainer(org.apache.hadoop.hdds.protocol.proto.HddsProtos$ContainerInfoProto) throws java.io.IOException on target org.apache.hadoop.hdds.scm.ha.SCMRatisServerImpl@16916856, cost 4558.465us
2021-07-05 00:57:27,765 [181931d2-e1e0-4592-a157-d5007a9fa086@group-2C1689F4816B-StateMachineUpdater] INFO  safemode.HealthyPipelineSafeModeRule (HealthyPipelineSafeModeRule.java:initializeRule(152)) - Refreshed total pipeline count is 1, healthy pipeline threshold count is 1
2021-07-05 00:57:27,866 [Listener at 127.0.0.1/12256] INFO  ha.SCMHAInvocationHandler (SCMHAInvocationHandler.java:invokeRatis(113)) - Invoking method public abstract void org.apache.hadoop.hdds.scm.container.ContainerStateManagerV2.addContainer(org.apache.hadoop.hdds.protocol.proto.HddsProtos$ContainerInfoProto) throws java.io.IOException on target org.apache.hadoop.hdds.scm.ha.SCMRatisServerImpl@16916856, cost 4151.369us
2021-07-05 00:57:27,866 [431daa7d-f040-4c11-a1fb-891b2bc8b6a1@group-2C1689F4816B-StateMachineUpdater] INFO  ha.SCMStateMachine (SCMStateMachine.java:takeSnapshot(290)) - Current Snapshot Index 155, takeSnapshot took 1 ms
2021-07-05 00:57:27,867 [431daa7d-f040-4c11-a1fb-891b2bc8b6a1@group-2C1689F4816B-StateMachineUpdater] INFO  impl.StateMachineUpdater (StateMachineUpdater.java:takeSnapshot(281)) - 431daa7d-f040-4c11-a1fb-891b2bc8b6a1@group-2C1689F4816B-StateMachineUpdater: Took a snapshot at index 155
2021-07-05 00:57:27,867 [431daa7d-f040-4c11-a1fb-891b2bc8b6a1@group-2C1689F4816B-StateMachineUpdater] INFO  impl.StateMachineUpdater (StateMachineUpdater.java:lambda$new$0(89)) - 431daa7d-f040-4c11-a1fb-891b2bc8b6a1@group-2C1689F4816B-StateMachineUpdater: snapshotIndex: updateIncreasingly 150 -> 155
2021-07-05 00:57:27,867 [431daa7d-f040-4c11-a1fb-891b2bc8b6a1@group-2C1689F4816B-StateMachineUpdater] INFO  raftlog.RaftLog (RaftLogBase.java:purge(306)) - 431daa7d-f040-4c11-a1fb-891b2bc8b6a1@group-2C1689F4816B-SegmentedRaftLog: purge 155
2021-07-05 00:57:27,867 [431daa7d-f040-4c11-a1fb-891b2bc8b6a1@group-2C1689F4816B-StateMachineUpdater] INFO  raftlog.RaftLog (RaftLogBase.java:lambda$new$0(53)) - 431daa7d-f040-4c11-a1fb-891b2bc8b6a1@group-2C1689F4816B-SegmentedRaftLog: snapshotIndex: updateIncreasingly 150 -> 155
2021-07-05 00:57:27,867 [431daa7d-f040-4c11-a1fb-891b2bc8b6a1@group-2C1689F4816B-StateMachineUpdater] INFO  raftlog.RaftLog (RaftLogBase.java:lambda$new$0(53)) - 431daa7d-f040-4c11-a1fb-891b2bc8b6a1@group-2C1689F4816B-SegmentedRaftLog: purgeIndex: updateToMax old=150, new=155, updated? true
2021-07-05 00:57:27,868 [181931d2-e1e0-4592-a157-d5007a9fa086@group-2C1689F4816B-StateMachineUpdater] INFO  safemode.HealthyPipelineSafeModeRule (HealthyPipelineSafeModeRule.java:initializeRule(152)) - Refreshed total pipeline count is 1, healthy pipeline threshold count is 1
2021-07-05 00:57:27,869 [181931d2-e1e0-4592-a157-d5007a9fa086@group-2C1689F4816B-StateMachineUpdater] INFO  ha.SCMStateMachine (SCMStateMachine.java:takeSnapshot(290)) - Current Snapshot Index 155, takeSnapshot took 0 ms
2021-07-05 00:57:27,869 [181931d2-e1e0-4592-a157-d5007a9fa086@group-2C1689F4816B-StateMachineUpdater] INFO  impl.StateMachineUpdater (StateMachineUpdater.java:takeSnapshot(281)) - 181931d2-e1e0-4592-a157-d5007a9fa086@group-2C1689F4816B-StateMachineUpdater: Took a snapshot at index 155
2021-07-05 00:57:27,869 [181931d2-e1e0-4592-a157-d5007a9fa086@group-2C1689F4816B-StateMachineUpdater] INFO  impl.StateMachineUpdater (StateMachineUpdater.java:lambda$new$0(89)) - 181931d2-e1e0-4592-a157-d5007a9fa086@group-2C1689F4816B-StateMachineUpdater: snapshotIndex: updateIncreasingly 150 -> 155
2021-07-05 00:57:27,869 [181931d2-e1e0-4592-a157-d5007a9fa086@group-2C1689F4816B-StateMachineUpdater] INFO  raftlog.RaftLog (RaftLogBase.java:purge(306)) - 181931d2-e1e0-4592-a157-d5007a9fa086@group-2C1689F4816B-SegmentedRaftLog: purge 155
2021-07-05 00:57:27,869 [181931d2-e1e0-4592-a157-d5007a9fa086@group-2C1689F4816B-StateMachineUpdater] INFO  raftlog.RaftLog (RaftLogBase.java:lambda$new$0(53)) - 181931d2-e1e0-4592-a157-d5007a9fa086@group-2C1689F4816B-SegmentedRaftLog: snapshotIndex: updateIncreasingly 150 -> 155
2021-07-05 00:57:27,869 [181931d2-e1e0-4592-a157-d5007a9fa086@group-2C1689F4816B-StateMachineUpdater] INFO  raftlog.RaftLog (RaftLogBase.java:lambda$new$0(53)) - 181931d2-e1e0-4592-a157-d5007a9fa086@group-2C1689F4816B-SegmentedRaftLog: purgeIndex: updateToMax old=150, new=155, updated? true
2021-07-05 00:57:27,971 [Listener at 127.0.0.1/12256] INFO  ha.SCMHAInvocationHandler (SCMHAInvocationHandler.java:invokeRatis(113)) - Invoking method public abstract void org.apache.hadoop.hdds.scm.container.ContainerStateManagerV2.addContainer(org.apache.hadoop.hdds.protocol.proto.HddsProtos$ContainerInfoProto) throws java.io.IOException on target org.apache.hadoop.hdds.scm.ha.SCMRatisServerImpl@16916856, cost 4704.664us
2021-07-05 00:57:27,976 [181931d2-e1e0-4592-a157-d5007a9fa086@group-2C1689F4816B-StateMachineUpdater] INFO  safemode.HealthyPipelineSafeModeRule (HealthyPipelineSafeModeRule.java:initializeRule(152)) - Refreshed total pipeline count is 1, healthy pipeline threshold count is 1
2021-07-05 00:57:28,083 [Listener at 127.0.0.1/12256] INFO  ha.SCMHAInvocationHandler (SCMHAInvocationHandler.java:invokeRatis(113)) - Invoking method public abstract void org.apache.hadoop.hdds.scm.container.ContainerStateManagerV2.addContainer(org.apache.hadoop.hdds.protocol.proto.HddsProtos$ContainerInfoProto) throws java.io.IOException on target org.apache.hadoop.hdds.scm.ha.SCMRatisServerImpl@16916856, cost 11094.615us
2021-07-05 00:57:28,085 [181931d2-e1e0-4592-a157-d5007a9fa086@group-2C1689F4816B-StateMachineUpdater] INFO  safemode.HealthyPipelineSafeModeRule (HealthyPipelineSafeModeRule.java:initializeRule(152)) - Refreshed total pipeline count is 1, healthy pipeline threshold count is 1
2021-07-05 00:57:28,087 [431daa7d-f040-4c11-a1fb-891b2bc8b6a1@group-2C1689F4816B-StateMachineUpdater] INFO  ha.SCMStateMachine (SCMStateMachine.java:takeSnapshot(290)) - Current Snapshot Index 160, takeSnapshot took 0 ms
2021-07-05 00:57:28,087 [431daa7d-f040-4c11-a1fb-891b2bc8b6a1@group-2C1689F4816B-StateMachineUpdater] INFO  impl.StateMachineUpdater (StateMachineUpdater.java:takeSnapshot(281)) - 431daa7d-f040-4c11-a1fb-891b2bc8b6a1@group-2C1689F4816B-StateMachineUpdater: Took a snapshot at index 160
2021-07-05 00:57:28,087 [431daa7d-f040-4c11-a1fb-891b2bc8b6a1@group-2C1689F4816B-StateMachineUpdater] INFO  impl.StateMachineUpdater (StateMachineUpdater.java:lambda$new$0(89)) - 431daa7d-f040-4c11-a1fb-891b2bc8b6a1@group-2C1689F4816B-StateMachineUpdater: snapshotIndex: updateIncreasingly 155 -> 160
2021-07-05 00:57:28,087 [431daa7d-f040-4c11-a1fb-891b2bc8b6a1@group-2C1689F4816B-StateMachineUpdater] INFO  raftlog.RaftLog (RaftLogBase.java:purge(306)) - 431daa7d-f040-4c11-a1fb-891b2bc8b6a1@group-2C1689F4816B-SegmentedRaftLog: purge 160
2021-07-05 00:57:28,087 [431daa7d-f040-4c11-a1fb-891b2bc8b6a1@group-2C1689F4816B-StateMachineUpdater] INFO  raftlog.RaftLog (RaftLogBase.java:lambda$new$0(53)) - 431daa7d-f040-4c11-a1fb-891b2bc8b6a1@group-2C1689F4816B-SegmentedRaftLog: snapshotIndex: updateIncreasingly 155 -> 160
2021-07-05 00:57:28,087 [431daa7d-f040-4c11-a1fb-891b2bc8b6a1@group-2C1689F4816B-StateMachineUpdater] INFO  raftlog.RaftLog (RaftLogBase.java:lambda$new$0(53)) - 431daa7d-f040-4c11-a1fb-891b2bc8b6a1@group-2C1689F4816B-SegmentedRaftLog: purgeIndex: updateToMax old=155, new=160, updated? true
2021-07-05 00:57:28,187 [181931d2-e1e0-4592-a157-d5007a9fa086@group-2C1689F4816B-StateMachineUpdater] INFO  ha.SCMStateMachine (SCMStateMachine.java:takeSnapshot(290)) - Current Snapshot Index 160, takeSnapshot took 1 ms
2021-07-05 00:57:28,187 [181931d2-e1e0-4592-a157-d5007a9fa086@group-2C1689F4816B-StateMachineUpdater] INFO  impl.StateMachineUpdater (StateMachineUpdater.java:takeSnapshot(281)) - 181931d2-e1e0-4592-a157-d5007a9fa086@group-2C1689F4816B-StateMachineUpdater: Took a snapshot at index 160
2021-07-05 00:57:28,187 [181931d2-e1e0-4592-a157-d5007a9fa086@group-2C1689F4816B-StateMachineUpdater] INFO  impl.StateMachineUpdater (StateMachineUpdater.java:lambda$new$0(89)) - 181931d2-e1e0-4592-a157-d5007a9fa086@group-2C1689F4816B-StateMachineUpdater: snapshotIndex: updateIncreasingly 155 -> 160
2021-07-05 00:57:28,187 [181931d2-e1e0-4592-a157-d5007a9fa086@group-2C1689F4816B-StateMachineUpdater] INFO  raftlog.RaftLog (RaftLogBase.java:purge(306)) - 181931d2-e1e0-4592-a157-d5007a9fa086@group-2C1689F4816B-SegmentedRaftLog: purge 160
2021-07-05 00:57:28,187 [181931d2-e1e0-4592-a157-d5007a9fa086@group-2C1689F4816B-StateMachineUpdater] INFO  raftlog.RaftLog (RaftLogBase.java:lambda$new$0(53)) - 181931d2-e1e0-4592-a157-d5007a9fa086@group-2C1689F4816B-SegmentedRaftLog: snapshotIndex: updateIncreasingly 155 -> 160
2021-07-05 00:57:28,187 [181931d2-e1e0-4592-a157-d5007a9fa086@group-2C1689F4816B-StateMachineUpdater] INFO  raftlog.RaftLog (RaftLogBase.java:lambda$new$0(53)) - 181931d2-e1e0-4592-a157-d5007a9fa086@group-2C1689F4816B-SegmentedRaftLog: purgeIndex: updateToMax old=155, new=160, updated? true
2021-07-05 00:57:28,189 [Listener at 127.0.0.1/12256] INFO  ha.SCMHAInvocationHandler (SCMHAInvocationHandler.java:invokeRatis(113)) - Invoking method public abstract void org.apache.hadoop.hdds.scm.container.ContainerStateManagerV2.addContainer(org.apache.hadoop.hdds.protocol.proto.HddsProtos$ContainerInfoProto) throws java.io.IOException on target org.apache.hadoop.hdds.scm.ha.SCMRatisServerImpl@16916856, cost 4959.862us
2021-07-05 00:57:28,190 [181931d2-e1e0-4592-a157-d5007a9fa086@group-2C1689F4816B-StateMachineUpdater] INFO  safemode.HealthyPipelineSafeModeRule (HealthyPipelineSafeModeRule.java:initializeRule(152)) - Refreshed total pipeline count is 1, healthy pipeline threshold count is 1
2021-07-05 00:57:28,294 [Listener at 127.0.0.1/12256] INFO  ha.SCMHAInvocationHandler (SCMHAInvocationHandler.java:invokeRatis(113)) - Invoking method public abstract void org.apache.hadoop.hdds.scm.container.ContainerStateManagerV2.addContainer(org.apache.hadoop.hdds.protocol.proto.HddsProtos$ContainerInfoProto) throws java.io.IOException on target org.apache.hadoop.hdds.scm.ha.SCMRatisServerImpl@16916856, cost 4991.462us
2021-07-05 00:57:28,296 [181931d2-e1e0-4592-a157-d5007a9fa086@group-2C1689F4816B-StateMachineUpdater] INFO  safemode.HealthyPipelineSafeModeRule (HealthyPipelineSafeModeRule.java:initializeRule(152)) - Refreshed total pipeline count is 1, healthy pipeline threshold count is 1
2021-07-05 00:57:28,399 [Listener at 127.0.0.1/12256] INFO  ha.SCMHAInvocationHandler (SCMHAInvocationHandler.java:invokeRatis(113)) - Invoking method public abstract void org.apache.hadoop.hdds.scm.container.ContainerStateManagerV2.addContainer(org.apache.hadoop.hdds.protocol.proto.HddsProtos$ContainerInfoProto) throws java.io.IOException on target org.apache.hadoop.hdds.scm.ha.SCMRatisServerImpl@16916856, cost 4307.067us
2021-07-05 00:57:28,399 [431daa7d-f040-4c11-a1fb-891b2bc8b6a1@group-2C1689F4816B-StateMachineUpdater] INFO  ha.SCMStateMachine (SCMStateMachine.java:takeSnapshot(290)) - Current Snapshot Index 165, takeSnapshot took 0 ms
2021-07-05 00:57:28,400 [431daa7d-f040-4c11-a1fb-891b2bc8b6a1@group-2C1689F4816B-StateMachineUpdater] INFO  impl.StateMachineUpdater (StateMachineUpdater.java:takeSnapshot(281)) - 431daa7d-f040-4c11-a1fb-891b2bc8b6a1@group-2C1689F4816B-StateMachineUpdater: Took a snapshot at index 165
2021-07-05 00:57:28,400 [431daa7d-f040-4c11-a1fb-891b2bc8b6a1@group-2C1689F4816B-StateMachineUpdater] INFO  impl.StateMachineUpdater (StateMachineUpdater.java:lambda$new$0(89)) - 431daa7d-f040-4c11-a1fb-891b2bc8b6a1@group-2C1689F4816B-StateMachineUpdater: snapshotIndex: updateIncreasingly 160 -> 165
2021-07-05 00:57:28,400 [431daa7d-f040-4c11-a1fb-891b2bc8b6a1@group-2C1689F4816B-StateMachineUpdater] INFO  raftlog.RaftLog (RaftLogBase.java:purge(306)) - 431daa7d-f040-4c11-a1fb-891b2bc8b6a1@group-2C1689F4816B-SegmentedRaftLog: purge 165
2021-07-05 00:57:28,400 [431daa7d-f040-4c11-a1fb-891b2bc8b6a1@group-2C1689F4816B-StateMachineUpdater] INFO  raftlog.RaftLog (RaftLogBase.java:lambda$new$0(53)) - 431daa7d-f040-4c11-a1fb-891b2bc8b6a1@group-2C1689F4816B-SegmentedRaftLog: snapshotIndex: updateIncreasingly 160 -> 165
2021-07-05 00:57:28,400 [431daa7d-f040-4c11-a1fb-891b2bc8b6a1@group-2C1689F4816B-StateMachineUpdater] INFO  raftlog.RaftLog (RaftLogBase.java:lambda$new$0(53)) - 431daa7d-f040-4c11-a1fb-891b2bc8b6a1@group-2C1689F4816B-SegmentedRaftLog: purgeIndex: updateToMax old=160, new=165, updated? true
2021-07-05 00:57:28,402 [181931d2-e1e0-4592-a157-d5007a9fa086@group-2C1689F4816B-StateMachineUpdater] INFO  safemode.HealthyPipelineSafeModeRule (HealthyPipelineSafeModeRule.java:initializeRule(152)) - Refreshed total pipeline count is 1, healthy pipeline threshold count is 1
2021-07-05 00:57:28,402 [181931d2-e1e0-4592-a157-d5007a9fa086@group-2C1689F4816B-StateMachineUpdater] INFO  ha.SCMStateMachine (SCMStateMachine.java:takeSnapshot(290)) - Current Snapshot Index 165, takeSnapshot took 0 ms
2021-07-05 00:57:28,402 [181931d2-e1e0-4592-a157-d5007a9fa086@group-2C1689F4816B-StateMachineUpdater] INFO  impl.StateMachineUpdater (StateMachineUpdater.java:takeSnapshot(281)) - 181931d2-e1e0-4592-a157-d5007a9fa086@group-2C1689F4816B-StateMachineUpdater: Took a snapshot at index 165
2021-07-05 00:57:28,402 [181931d2-e1e0-4592-a157-d5007a9fa086@group-2C1689F4816B-StateMachineUpdater] INFO  impl.StateMachineUpdater (StateMachineUpdater.java:lambda$new$0(89)) - 181931d2-e1e0-4592-a157-d5007a9fa086@group-2C1689F4816B-StateMachineUpdater: snapshotIndex: updateIncreasingly 160 -> 165
2021-07-05 00:57:28,402 [181931d2-e1e0-4592-a157-d5007a9fa086@group-2C1689F4816B-StateMachineUpdater] INFO  raftlog.RaftLog (RaftLogBase.java:purge(306)) - 181931d2-e1e0-4592-a157-d5007a9fa086@group-2C1689F4816B-SegmentedRaftLog: purge 165
2021-07-05 00:57:28,402 [181931d2-e1e0-4592-a157-d5007a9fa086@group-2C1689F4816B-StateMachineUpdater] INFO  raftlog.RaftLog (RaftLogBase.java:lambda$new$0(53)) - 181931d2-e1e0-4592-a157-d5007a9fa086@group-2C1689F4816B-SegmentedRaftLog: snapshotIndex: updateIncreasingly 160 -> 165
2021-07-05 00:57:28,402 [181931d2-e1e0-4592-a157-d5007a9fa086@group-2C1689F4816B-StateMachineUpdater] INFO  raftlog.RaftLog (RaftLogBase.java:lambda$new$0(53)) - 181931d2-e1e0-4592-a157-d5007a9fa086@group-2C1689F4816B-SegmentedRaftLog: purgeIndex: updateToMax old=160, new=165, updated? true
2021-07-05 00:57:28,507 [Listener at 127.0.0.1/12256] INFO  ha.SCMHAInvocationHandler (SCMHAInvocationHandler.java:invokeRatis(113)) - Invoking method public abstract void org.apache.hadoop.hdds.scm.container.ContainerStateManagerV2.addContainer(org.apache.hadoop.hdds.protocol.proto.HddsProtos$ContainerInfoProto) throws java.io.IOException on target org.apache.hadoop.hdds.scm.ha.SCMRatisServerImpl@16916856, cost 6664.449us
2021-07-05 00:57:28,508 [181931d2-e1e0-4592-a157-d5007a9fa086@group-2C1689F4816B-StateMachineUpdater] INFO  safemode.HealthyPipelineSafeModeRule (HealthyPipelineSafeModeRule.java:initializeRule(152)) - Refreshed total pipeline count is 1, healthy pipeline threshold count is 1
2021-07-05 00:57:28,611 [Listener at 127.0.0.1/12256] INFO  ha.SCMHAInvocationHandler (SCMHAInvocationHandler.java:invokeRatis(113)) - Invoking method public abstract void org.apache.hadoop.hdds.scm.container.ContainerStateManagerV2.addContainer(org.apache.hadoop.hdds.protocol.proto.HddsProtos$ContainerInfoProto) throws java.io.IOException on target org.apache.hadoop.hdds.scm.ha.SCMRatisServerImpl@16916856, cost 4322.967us
2021-07-05 00:57:28,617 [181931d2-e1e0-4592-a157-d5007a9fa086@group-2C1689F4816B-StateMachineUpdater] INFO  safemode.HealthyPipelineSafeModeRule (HealthyPipelineSafeModeRule.java:initializeRule(152)) - Refreshed total pipeline count is 1, healthy pipeline threshold count is 1
2021-07-05 00:57:28,618 [431daa7d-f040-4c11-a1fb-891b2bc8b6a1@group-2C1689F4816B-StateMachineUpdater] INFO  ha.SCMStateMachine (SCMStateMachine.java:takeSnapshot(290)) - Current Snapshot Index 170, takeSnapshot took 0 ms
2021-07-05 00:57:28,618 [431daa7d-f040-4c11-a1fb-891b2bc8b6a1@group-2C1689F4816B-StateMachineUpdater] INFO  impl.StateMachineUpdater (StateMachineUpdater.java:takeSnapshot(281)) - 431daa7d-f040-4c11-a1fb-891b2bc8b6a1@group-2C1689F4816B-StateMachineUpdater: Took a snapshot at index 170
2021-07-05 00:57:28,619 [431daa7d-f040-4c11-a1fb-891b2bc8b6a1@group-2C1689F4816B-StateMachineUpdater] INFO  impl.StateMachineUpdater (StateMachineUpdater.java:lambda$new$0(89)) - 431daa7d-f040-4c11-a1fb-891b2bc8b6a1@group-2C1689F4816B-StateMachineUpdater: snapshotIndex: updateIncreasingly 165 -> 170
2021-07-05 00:57:28,619 [431daa7d-f040-4c11-a1fb-891b2bc8b6a1@group-2C1689F4816B-StateMachineUpdater] INFO  raftlog.RaftLog (RaftLogBase.java:purge(306)) - 431daa7d-f040-4c11-a1fb-891b2bc8b6a1@group-2C1689F4816B-SegmentedRaftLog: purge 170
2021-07-05 00:57:28,619 [431daa7d-f040-4c11-a1fb-891b2bc8b6a1@group-2C1689F4816B-StateMachineUpdater] INFO  raftlog.RaftLog (RaftLogBase.java:lambda$new$0(53)) - 431daa7d-f040-4c11-a1fb-891b2bc8b6a1@group-2C1689F4816B-SegmentedRaftLog: snapshotIndex: updateIncreasingly 165 -> 170
2021-07-05 00:57:28,619 [431daa7d-f040-4c11-a1fb-891b2bc8b6a1@group-2C1689F4816B-StateMachineUpdater] INFO  raftlog.RaftLog (RaftLogBase.java:lambda$new$0(53)) - 431daa7d-f040-4c11-a1fb-891b2bc8b6a1@group-2C1689F4816B-SegmentedRaftLog: purgeIndex: updateToMax old=165, new=170, updated? true
2021-07-05 00:57:28,715 [181931d2-e1e0-4592-a157-d5007a9fa086@group-2C1689F4816B-StateMachineUpdater] INFO  ha.SCMStateMachine (SCMStateMachine.java:takeSnapshot(290)) - Current Snapshot Index 170, takeSnapshot took 0 ms
2021-07-05 00:57:28,715 [181931d2-e1e0-4592-a157-d5007a9fa086@group-2C1689F4816B-StateMachineUpdater] INFO  impl.StateMachineUpdater (StateMachineUpdater.java:takeSnapshot(281)) - 181931d2-e1e0-4592-a157-d5007a9fa086@group-2C1689F4816B-StateMachineUpdater: Took a snapshot at index 170
2021-07-05 00:57:28,715 [181931d2-e1e0-4592-a157-d5007a9fa086@group-2C1689F4816B-StateMachineUpdater] INFO  impl.StateMachineUpdater (StateMachineUpdater.java:lambda$new$0(89)) - 181931d2-e1e0-4592-a157-d5007a9fa086@group-2C1689F4816B-StateMachineUpdater: snapshotIndex: updateIncreasingly 165 -> 170
2021-07-05 00:57:28,716 [181931d2-e1e0-4592-a157-d5007a9fa086@group-2C1689F4816B-StateMachineUpdater] INFO  raftlog.RaftLog (RaftLogBase.java:purge(306)) - 181931d2-e1e0-4592-a157-d5007a9fa086@group-2C1689F4816B-SegmentedRaftLog: purge 170
2021-07-05 00:57:28,716 [181931d2-e1e0-4592-a157-d5007a9fa086@group-2C1689F4816B-StateMachineUpdater] INFO  raftlog.RaftLog (RaftLogBase.java:lambda$new$0(53)) - 181931d2-e1e0-4592-a157-d5007a9fa086@group-2C1689F4816B-SegmentedRaftLog: snapshotIndex: updateIncreasingly 165 -> 170
2021-07-05 00:57:28,716 [181931d2-e1e0-4592-a157-d5007a9fa086@group-2C1689F4816B-StateMachineUpdater] INFO  raftlog.RaftLog (RaftLogBase.java:lambda$new$0(53)) - 181931d2-e1e0-4592-a157-d5007a9fa086@group-2C1689F4816B-SegmentedRaftLog: purgeIndex: updateToMax old=165, new=170, updated? true
2021-07-05 00:57:28,718 [Listener at 127.0.0.1/12256] INFO  ha.SCMHAInvocationHandler (SCMHAInvocationHandler.java:invokeRatis(113)) - Invoking method public abstract void org.apache.hadoop.hdds.scm.container.ContainerStateManagerV2.addContainer(org.apache.hadoop.hdds.protocol.proto.HddsProtos$ContainerInfoProto) throws java.io.IOException on target org.apache.hadoop.hdds.scm.ha.SCMRatisServerImpl@16916856, cost 5711.056us
2021-07-05 00:57:28,718 [181931d2-e1e0-4592-a157-d5007a9fa086@group-2C1689F4816B-StateMachineUpdater] INFO  safemode.HealthyPipelineSafeModeRule (HealthyPipelineSafeModeRule.java:initializeRule(152)) - Refreshed total pipeline count is 1, healthy pipeline threshold count is 1
2021-07-05 00:57:28,822 [Listener at 127.0.0.1/12256] INFO  ha.SCMHAInvocationHandler (SCMHAInvocationHandler.java:invokeRatis(113)) - Invoking method public abstract void org.apache.hadoop.hdds.scm.container.ContainerStateManagerV2.addContainer(org.apache.hadoop.hdds.protocol.proto.HddsProtos$ContainerInfoProto) throws java.io.IOException on target org.apache.hadoop.hdds.scm.ha.SCMRatisServerImpl@16916856, cost 4019.869us
2021-07-05 00:57:28,824 [181931d2-e1e0-4592-a157-d5007a9fa086@group-2C1689F4816B-StateMachineUpdater] INFO  safemode.HealthyPipelineSafeModeRule (HealthyPipelineSafeModeRule.java:initializeRule(152)) - Refreshed total pipeline count is 1, healthy pipeline threshold count is 1
2021-07-05 00:57:28,927 [Listener at 127.0.0.1/12256] INFO  ha.SCMHAInvocationHandler (SCMHAInvocationHandler.java:invokeRatis(113)) - Invoking method public abstract void org.apache.hadoop.hdds.scm.container.ContainerStateManagerV2.addContainer(org.apache.hadoop.hdds.protocol.proto.HddsProtos$ContainerInfoProto) throws java.io.IOException on target org.apache.hadoop.hdds.scm.ha.SCMRatisServerImpl@16916856, cost 3925.77us
2021-07-05 00:57:28,927 [431daa7d-f040-4c11-a1fb-891b2bc8b6a1@group-2C1689F4816B-StateMachineUpdater] INFO  ha.SCMStateMachine (SCMStateMachine.java:takeSnapshot(290)) - Current Snapshot Index 175, takeSnapshot took 0 ms
2021-07-05 00:57:28,928 [431daa7d-f040-4c11-a1fb-891b2bc8b6a1@group-2C1689F4816B-StateMachineUpdater] INFO  impl.StateMachineUpdater (StateMachineUpdater.java:takeSnapshot(281)) - 431daa7d-f040-4c11-a1fb-891b2bc8b6a1@group-2C1689F4816B-StateMachineUpdater: Took a snapshot at index 175
2021-07-05 00:57:28,928 [431daa7d-f040-4c11-a1fb-891b2bc8b6a1@group-2C1689F4816B-StateMachineUpdater] INFO  impl.StateMachineUpdater (StateMachineUpdater.java:lambda$new$0(89)) - 431daa7d-f040-4c11-a1fb-891b2bc8b6a1@group-2C1689F4816B-StateMachineUpdater: snapshotIndex: updateIncreasingly 170 -> 175
2021-07-05 00:57:28,928 [431daa7d-f040-4c11-a1fb-891b2bc8b6a1@group-2C1689F4816B-StateMachineUpdater] INFO  raftlog.RaftLog (RaftLogBase.java:purge(306)) - 431daa7d-f040-4c11-a1fb-891b2bc8b6a1@group-2C1689F4816B-SegmentedRaftLog: purge 175
2021-07-05 00:57:28,928 [431daa7d-f040-4c11-a1fb-891b2bc8b6a1@group-2C1689F4816B-StateMachineUpdater] INFO  raftlog.RaftLog (RaftLogBase.java:lambda$new$0(53)) - 431daa7d-f040-4c11-a1fb-891b2bc8b6a1@group-2C1689F4816B-SegmentedRaftLog: snapshotIndex: updateIncreasingly 170 -> 175
2021-07-05 00:57:28,928 [431daa7d-f040-4c11-a1fb-891b2bc8b6a1@group-2C1689F4816B-StateMachineUpdater] INFO  raftlog.RaftLog (RaftLogBase.java:lambda$new$0(53)) - 431daa7d-f040-4c11-a1fb-891b2bc8b6a1@group-2C1689F4816B-SegmentedRaftLog: purgeIndex: updateToMax old=170, new=175, updated? true
2021-07-05 00:57:28,930 [181931d2-e1e0-4592-a157-d5007a9fa086@group-2C1689F4816B-StateMachineUpdater] INFO  safemode.HealthyPipelineSafeModeRule (HealthyPipelineSafeModeRule.java:initializeRule(152)) - Refreshed total pipeline count is 1, healthy pipeline threshold count is 1
2021-07-05 00:57:28,930 [181931d2-e1e0-4592-a157-d5007a9fa086@group-2C1689F4816B-StateMachineUpdater] INFO  ha.SCMStateMachine (SCMStateMachine.java:takeSnapshot(290)) - Current Snapshot Index 175, takeSnapshot took 0 ms
2021-07-05 00:57:28,930 [181931d2-e1e0-4592-a157-d5007a9fa086@group-2C1689F4816B-StateMachineUpdater] INFO  impl.StateMachineUpdater (StateMachineUpdater.java:takeSnapshot(281)) - 181931d2-e1e0-4592-a157-d5007a9fa086@group-2C1689F4816B-StateMachineUpdater: Took a snapshot at index 175
2021-07-05 00:57:28,930 [181931d2-e1e0-4592-a157-d5007a9fa086@group-2C1689F4816B-StateMachineUpdater] INFO  impl.StateMachineUpdater (StateMachineUpdater.java:lambda$new$0(89)) - 181931d2-e1e0-4592-a157-d5007a9fa086@group-2C1689F4816B-StateMachineUpdater: snapshotIndex: updateIncreasingly 170 -> 175
2021-07-05 00:57:28,930 [181931d2-e1e0-4592-a157-d5007a9fa086@group-2C1689F4816B-StateMachineUpdater] INFO  raftlog.RaftLog (RaftLogBase.java:purge(306)) - 181931d2-e1e0-4592-a157-d5007a9fa086@group-2C1689F4816B-SegmentedRaftLog: purge 175
2021-07-05 00:57:28,930 [181931d2-e1e0-4592-a157-d5007a9fa086@group-2C1689F4816B-StateMachineUpdater] INFO  raftlog.RaftLog (RaftLogBase.java:lambda$new$0(53)) - 181931d2-e1e0-4592-a157-d5007a9fa086@group-2C1689F4816B-SegmentedRaftLog: snapshotIndex: updateIncreasingly 170 -> 175
2021-07-05 00:57:28,930 [181931d2-e1e0-4592-a157-d5007a9fa086@group-2C1689F4816B-StateMachineUpdater] INFO  raftlog.RaftLog (RaftLogBase.java:lambda$new$0(53)) - 181931d2-e1e0-4592-a157-d5007a9fa086@group-2C1689F4816B-SegmentedRaftLog: purgeIndex: updateToMax old=170, new=175, updated? true
2021-07-05 00:57:29,032 [Listener at 127.0.0.1/12256] INFO  ha.SCMHAInvocationHandler (SCMHAInvocationHandler.java:invokeRatis(113)) - Invoking method public abstract void org.apache.hadoop.hdds.scm.container.ContainerStateManagerV2.addContainer(org.apache.hadoop.hdds.protocol.proto.HddsProtos$ContainerInfoProto) throws java.io.IOException on target org.apache.hadoop.hdds.scm.ha.SCMRatisServerImpl@16916856, cost 4915.163us
2021-07-05 00:57:29,034 [181931d2-e1e0-4592-a157-d5007a9fa086@group-2C1689F4816B-StateMachineUpdater] INFO  safemode.HealthyPipelineSafeModeRule (HealthyPipelineSafeModeRule.java:initializeRule(152)) - Refreshed total pipeline count is 1, healthy pipeline threshold count is 1
2021-07-05 00:57:29,138 [Listener at 127.0.0.1/12256] INFO  ha.SCMHAInvocationHandler (SCMHAInvocationHandler.java:invokeRatis(113)) - Invoking method public abstract void org.apache.hadoop.hdds.scm.container.ContainerStateManagerV2.addContainer(org.apache.hadoop.hdds.protocol.proto.HddsProtos$ContainerInfoProto) throws java.io.IOException on target org.apache.hadoop.hdds.scm.ha.SCMRatisServerImpl@16916856, cost 4452.066us
2021-07-05 00:57:29,139 [181931d2-e1e0-4592-a157-d5007a9fa086@group-2C1689F4816B-StateMachineUpdater] INFO  safemode.HealthyPipelineSafeModeRule (HealthyPipelineSafeModeRule.java:initializeRule(152)) - Refreshed total pipeline count is 1, healthy pipeline threshold count is 1
2021-07-05 00:57:29,141 [431daa7d-f040-4c11-a1fb-891b2bc8b6a1@group-2C1689F4816B-StateMachineUpdater] INFO  ha.SCMStateMachine (SCMStateMachine.java:takeSnapshot(290)) - Current Snapshot Index 180, takeSnapshot took 0 ms
2021-07-05 00:57:29,141 [431daa7d-f040-4c11-a1fb-891b2bc8b6a1@group-2C1689F4816B-StateMachineUpdater] INFO  impl.StateMachineUpdater (StateMachineUpdater.java:takeSnapshot(281)) - 431daa7d-f040-4c11-a1fb-891b2bc8b6a1@group-2C1689F4816B-StateMachineUpdater: Took a snapshot at index 180
2021-07-05 00:57:29,141 [431daa7d-f040-4c11-a1fb-891b2bc8b6a1@group-2C1689F4816B-StateMachineUpdater] INFO  impl.StateMachineUpdater (StateMachineUpdater.java:lambda$new$0(89)) - 431daa7d-f040-4c11-a1fb-891b2bc8b6a1@group-2C1689F4816B-StateMachineUpdater: snapshotIndex: updateIncreasingly 175 -> 180
2021-07-05 00:57:29,141 [431daa7d-f040-4c11-a1fb-891b2bc8b6a1@group-2C1689F4816B-StateMachineUpdater] INFO  raftlog.RaftLog (RaftLogBase.java:purge(306)) - 431daa7d-f040-4c11-a1fb-891b2bc8b6a1@group-2C1689F4816B-SegmentedRaftLog: purge 180
2021-07-05 00:57:29,141 [431daa7d-f040-4c11-a1fb-891b2bc8b6a1@group-2C1689F4816B-StateMachineUpdater] INFO  raftlog.RaftLog (RaftLogBase.java:lambda$new$0(53)) - 431daa7d-f040-4c11-a1fb-891b2bc8b6a1@group-2C1689F4816B-SegmentedRaftLog: snapshotIndex: updateIncreasingly 175 -> 180
2021-07-05 00:57:29,141 [431daa7d-f040-4c11-a1fb-891b2bc8b6a1@group-2C1689F4816B-StateMachineUpdater] INFO  raftlog.RaftLog (RaftLogBase.java:lambda$new$0(53)) - 431daa7d-f040-4c11-a1fb-891b2bc8b6a1@group-2C1689F4816B-SegmentedRaftLog: purgeIndex: updateToMax old=175, new=180, updated? true
2021-07-05 00:57:29,241 [181931d2-e1e0-4592-a157-d5007a9fa086@group-2C1689F4816B-StateMachineUpdater] INFO  ha.SCMStateMachine (SCMStateMachine.java:takeSnapshot(290)) - Current Snapshot Index 180, takeSnapshot took 0 ms
2021-07-05 00:57:29,241 [181931d2-e1e0-4592-a157-d5007a9fa086@group-2C1689F4816B-StateMachineUpdater] INFO  impl.StateMachineUpdater (StateMachineUpdater.java:takeSnapshot(281)) - 181931d2-e1e0-4592-a157-d5007a9fa086@group-2C1689F4816B-StateMachineUpdater: Took a snapshot at index 180
2021-07-05 00:57:29,241 [181931d2-e1e0-4592-a157-d5007a9fa086@group-2C1689F4816B-StateMachineUpdater] INFO  impl.StateMachineUpdater (StateMachineUpdater.java:lambda$new$0(89)) - 181931d2-e1e0-4592-a157-d5007a9fa086@group-2C1689F4816B-StateMachineUpdater: snapshotIndex: updateIncreasingly 175 -> 180
2021-07-05 00:57:29,241 [181931d2-e1e0-4592-a157-d5007a9fa086@group-2C1689F4816B-StateMachineUpdater] INFO  raftlog.RaftLog (RaftLogBase.java:purge(306)) - 181931d2-e1e0-4592-a157-d5007a9fa086@group-2C1689F4816B-SegmentedRaftLog: purge 180
2021-07-05 00:57:29,241 [181931d2-e1e0-4592-a157-d5007a9fa086@group-2C1689F4816B-StateMachineUpdater] INFO  raftlog.RaftLog (RaftLogBase.java:lambda$new$0(53)) - 181931d2-e1e0-4592-a157-d5007a9fa086@group-2C1689F4816B-SegmentedRaftLog: snapshotIndex: updateIncreasingly 175 -> 180
2021-07-05 00:57:29,241 [181931d2-e1e0-4592-a157-d5007a9fa086@group-2C1689F4816B-StateMachineUpdater] INFO  raftlog.RaftLog (RaftLogBase.java:lambda$new$0(53)) - 181931d2-e1e0-4592-a157-d5007a9fa086@group-2C1689F4816B-SegmentedRaftLog: purgeIndex: updateToMax old=175, new=180, updated? true
2021-07-05 00:57:29,243 [Listener at 127.0.0.1/12256] INFO  ha.SCMHAInvocationHandler (SCMHAInvocationHandler.java:invokeRatis(113)) - Invoking method public abstract void org.apache.hadoop.hdds.scm.container.ContainerStateManagerV2.addContainer(org.apache.hadoop.hdds.protocol.proto.HddsProtos$ContainerInfoProto) throws java.io.IOException on target org.apache.hadoop.hdds.scm.ha.SCMRatisServerImpl@16916856, cost 5106.461us
2021-07-05 00:57:29,244 [181931d2-e1e0-4592-a157-d5007a9fa086@group-2C1689F4816B-StateMachineUpdater] INFO  safemode.HealthyPipelineSafeModeRule (HealthyPipelineSafeModeRule.java:initializeRule(152)) - Refreshed total pipeline count is 1, healthy pipeline threshold count is 1
2021-07-05 00:57:29,349 [Listener at 127.0.0.1/12256] INFO  ha.SCMHAInvocationHandler (SCMHAInvocationHandler.java:invokeRatis(113)) - Invoking method public abstract void org.apache.hadoop.hdds.scm.container.ContainerStateManagerV2.addContainer(org.apache.hadoop.hdds.protocol.proto.HddsProtos$ContainerInfoProto) throws java.io.IOException on target org.apache.hadoop.hdds.scm.ha.SCMRatisServerImpl@16916856, cost 4959.463us
2021-07-05 00:57:29,350 [181931d2-e1e0-4592-a157-d5007a9fa086@group-2C1689F4816B-StateMachineUpdater] INFO  safemode.HealthyPipelineSafeModeRule (HealthyPipelineSafeModeRule.java:initializeRule(152)) - Refreshed total pipeline count is 1, healthy pipeline threshold count is 1
2021-07-05 00:57:29,453 [431daa7d-f040-4c11-a1fb-891b2bc8b6a1@group-2C1689F4816B-StateMachineUpdater] INFO  ha.SCMStateMachine (SCMStateMachine.java:takeSnapshot(290)) - Current Snapshot Index 185, takeSnapshot took 0 ms
2021-07-05 00:57:29,453 [431daa7d-f040-4c11-a1fb-891b2bc8b6a1@group-2C1689F4816B-StateMachineUpdater] INFO  impl.StateMachineUpdater (StateMachineUpdater.java:takeSnapshot(281)) - 431daa7d-f040-4c11-a1fb-891b2bc8b6a1@group-2C1689F4816B-StateMachineUpdater: Took a snapshot at index 185
2021-07-05 00:57:29,453 [431daa7d-f040-4c11-a1fb-891b2bc8b6a1@group-2C1689F4816B-StateMachineUpdater] INFO  impl.StateMachineUpdater (StateMachineUpdater.java:lambda$new$0(89)) - 431daa7d-f040-4c11-a1fb-891b2bc8b6a1@group-2C1689F4816B-StateMachineUpdater: snapshotIndex: updateIncreasingly 180 -> 185
2021-07-05 00:57:29,453 [431daa7d-f040-4c11-a1fb-891b2bc8b6a1@group-2C1689F4816B-StateMachineUpdater] INFO  raftlog.RaftLog (RaftLogBase.java:purge(306)) - 431daa7d-f040-4c11-a1fb-891b2bc8b6a1@group-2C1689F4816B-SegmentedRaftLog: purge 185
2021-07-05 00:57:29,454 [431daa7d-f040-4c11-a1fb-891b2bc8b6a1@group-2C1689F4816B-StateMachineUpdater] INFO  raftlog.RaftLog (RaftLogBase.java:lambda$new$0(53)) - 431daa7d-f040-4c11-a1fb-891b2bc8b6a1@group-2C1689F4816B-SegmentedRaftLog: snapshotIndex: updateIncreasingly 180 -> 185
2021-07-05 00:57:29,454 [431daa7d-f040-4c11-a1fb-891b2bc8b6a1@group-2C1689F4816B-StateMachineUpdater] INFO  raftlog.RaftLog (RaftLogBase.java:lambda$new$0(53)) - 431daa7d-f040-4c11-a1fb-891b2bc8b6a1@group-2C1689F4816B-SegmentedRaftLog: purgeIndex: updateToMax old=180, new=185, updated? true
2021-07-05 00:57:29,454 [Listener at 127.0.0.1/12256] INFO  ha.SCMHAInvocationHandler (SCMHAInvocationHandler.java:invokeRatis(113)) - Invoking method public abstract void org.apache.hadoop.hdds.scm.container.ContainerStateManagerV2.addContainer(org.apache.hadoop.hdds.protocol.proto.HddsProtos$ContainerInfoProto) throws java.io.IOException on target org.apache.hadoop.hdds.scm.ha.SCMRatisServerImpl@16916856, cost 4263.468us
2021-07-05 00:57:29,455 [181931d2-e1e0-4592-a157-d5007a9fa086@group-2C1689F4816B-StateMachineUpdater] INFO  safemode.HealthyPipelineSafeModeRule (HealthyPipelineSafeModeRule.java:initializeRule(152)) - Refreshed total pipeline count is 1, healthy pipeline threshold count is 1
2021-07-05 00:57:29,455 [181931d2-e1e0-4592-a157-d5007a9fa086@group-2C1689F4816B-StateMachineUpdater] INFO  ha.SCMStateMachine (SCMStateMachine.java:takeSnapshot(290)) - Current Snapshot Index 185, takeSnapshot took 0 ms
2021-07-05 00:57:29,455 [181931d2-e1e0-4592-a157-d5007a9fa086@group-2C1689F4816B-StateMachineUpdater] INFO  impl.StateMachineUpdater (StateMachineUpdater.java:takeSnapshot(281)) - 181931d2-e1e0-4592-a157-d5007a9fa086@group-2C1689F4816B-StateMachineUpdater: Took a snapshot at index 185
2021-07-05 00:57:29,456 [181931d2-e1e0-4592-a157-d5007a9fa086@group-2C1689F4816B-StateMachineUpdater] INFO  impl.StateMachineUpdater (StateMachineUpdater.java:lambda$new$0(89)) - 181931d2-e1e0-4592-a157-d5007a9fa086@group-2C1689F4816B-StateMachineUpdater: snapshotIndex: updateIncreasingly 180 -> 185
2021-07-05 00:57:29,456 [181931d2-e1e0-4592-a157-d5007a9fa086@group-2C1689F4816B-StateMachineUpdater] INFO  raftlog.RaftLog (RaftLogBase.java:purge(306)) - 181931d2-e1e0-4592-a157-d5007a9fa086@group-2C1689F4816B-SegmentedRaftLog: purge 185
2021-07-05 00:57:29,456 [181931d2-e1e0-4592-a157-d5007a9fa086@group-2C1689F4816B-StateMachineUpdater] INFO  raftlog.RaftLog (RaftLogBase.java:lambda$new$0(53)) - 181931d2-e1e0-4592-a157-d5007a9fa086@group-2C1689F4816B-SegmentedRaftLog: snapshotIndex: updateIncreasingly 180 -> 185
2021-07-05 00:57:29,456 [181931d2-e1e0-4592-a157-d5007a9fa086@group-2C1689F4816B-StateMachineUpdater] INFO  raftlog.RaftLog (RaftLogBase.java:lambda$new$0(53)) - 181931d2-e1e0-4592-a157-d5007a9fa086@group-2C1689F4816B-SegmentedRaftLog: purgeIndex: updateToMax old=180, new=185, updated? true
2021-07-05 00:57:29,559 [Listener at 127.0.0.1/12256] INFO  ha.SCMHAInvocationHandler (SCMHAInvocationHandler.java:invokeRatis(113)) - Invoking method public abstract void org.apache.hadoop.hdds.scm.container.ContainerStateManagerV2.addContainer(org.apache.hadoop.hdds.protocol.proto.HddsProtos$ContainerInfoProto) throws java.io.IOException on target org.apache.hadoop.hdds.scm.ha.SCMRatisServerImpl@16916856, cost 4162.768us
2021-07-05 00:57:29,560 [181931d2-e1e0-4592-a157-d5007a9fa086@group-2C1689F4816B-StateMachineUpdater] INFO  safemode.HealthyPipelineSafeModeRule (HealthyPipelineSafeModeRule.java:initializeRule(152)) - Refreshed total pipeline count is 1, healthy pipeline threshold count is 1
2021-07-05 00:57:29,663 [Listener at 127.0.0.1/12256] INFO  ha.SCMHAInvocationHandler (SCMHAInvocationHandler.java:invokeRatis(113)) - Invoking method public abstract void org.apache.hadoop.hdds.scm.container.ContainerStateManagerV2.addContainer(org.apache.hadoop.hdds.protocol.proto.HddsProtos$ContainerInfoProto) throws java.io.IOException on target org.apache.hadoop.hdds.scm.ha.SCMRatisServerImpl@16916856, cost 4038.27us
2021-07-05 00:57:29,669 [181931d2-e1e0-4592-a157-d5007a9fa086@group-2C1689F4816B-StateMachineUpdater] INFO  safemode.HealthyPipelineSafeModeRule (HealthyPipelineSafeModeRule.java:initializeRule(152)) - Refreshed total pipeline count is 1, healthy pipeline threshold count is 1
2021-07-05 00:57:29,669 [431daa7d-f040-4c11-a1fb-891b2bc8b6a1@group-2C1689F4816B-StateMachineUpdater] INFO  ha.SCMStateMachine (SCMStateMachine.java:takeSnapshot(290)) - Current Snapshot Index 190, takeSnapshot took 0 ms
2021-07-05 00:57:29,669 [431daa7d-f040-4c11-a1fb-891b2bc8b6a1@group-2C1689F4816B-StateMachineUpdater] INFO  impl.StateMachineUpdater (StateMachineUpdater.java:takeSnapshot(281)) - 431daa7d-f040-4c11-a1fb-891b2bc8b6a1@group-2C1689F4816B-StateMachineUpdater: Took a snapshot at index 190
2021-07-05 00:57:29,670 [431daa7d-f040-4c11-a1fb-891b2bc8b6a1@group-2C1689F4816B-StateMachineUpdater] INFO  impl.StateMachineUpdater (StateMachineUpdater.java:lambda$new$0(89)) - 431daa7d-f040-4c11-a1fb-891b2bc8b6a1@group-2C1689F4816B-StateMachineUpdater: snapshotIndex: updateIncreasingly 185 -> 190
2021-07-05 00:57:29,670 [431daa7d-f040-4c11-a1fb-891b2bc8b6a1@group-2C1689F4816B-StateMachineUpdater] INFO  raftlog.RaftLog (RaftLogBase.java:purge(306)) - 431daa7d-f040-4c11-a1fb-891b2bc8b6a1@group-2C1689F4816B-SegmentedRaftLog: purge 190
2021-07-05 00:57:29,670 [431daa7d-f040-4c11-a1fb-891b2bc8b6a1@group-2C1689F4816B-StateMachineUpdater] INFO  raftlog.RaftLog (RaftLogBase.java:lambda$new$0(53)) - 431daa7d-f040-4c11-a1fb-891b2bc8b6a1@group-2C1689F4816B-SegmentedRaftLog: snapshotIndex: updateIncreasingly 185 -> 190
2021-07-05 00:57:29,670 [431daa7d-f040-4c11-a1fb-891b2bc8b6a1@group-2C1689F4816B-StateMachineUpdater] INFO  raftlog.RaftLog (RaftLogBase.java:lambda$new$0(53)) - 431daa7d-f040-4c11-a1fb-891b2bc8b6a1@group-2C1689F4816B-SegmentedRaftLog: purgeIndex: updateToMax old=185, new=190, updated? true
2021-07-05 00:57:29,766 [181931d2-e1e0-4592-a157-d5007a9fa086@group-2C1689F4816B-StateMachineUpdater] INFO  ha.SCMStateMachine (SCMStateMachine.java:takeSnapshot(290)) - Current Snapshot Index 190, takeSnapshot took 0 ms
2021-07-05 00:57:29,766 [181931d2-e1e0-4592-a157-d5007a9fa086@group-2C1689F4816B-StateMachineUpdater] INFO  impl.StateMachineUpdater (StateMachineUpdater.java:takeSnapshot(281)) - 181931d2-e1e0-4592-a157-d5007a9fa086@group-2C1689F4816B-StateMachineUpdater: Took a snapshot at index 190
2021-07-05 00:57:29,766 [181931d2-e1e0-4592-a157-d5007a9fa086@group-2C1689F4816B-StateMachineUpdater] INFO  impl.StateMachineUpdater (StateMachineUpdater.java:lambda$new$0(89)) - 181931d2-e1e0-4592-a157-d5007a9fa086@group-2C1689F4816B-StateMachineUpdater: snapshotIndex: updateIncreasingly 185 -> 190
2021-07-05 00:57:29,767 [181931d2-e1e0-4592-a157-d5007a9fa086@group-2C1689F4816B-StateMachineUpdater] INFO  raftlog.RaftLog (RaftLogBase.java:purge(306)) - 181931d2-e1e0-4592-a157-d5007a9fa086@group-2C1689F4816B-SegmentedRaftLog: purge 190
2021-07-05 00:57:29,767 [181931d2-e1e0-4592-a157-d5007a9fa086@group-2C1689F4816B-StateMachineUpdater] INFO  raftlog.RaftLog (RaftLogBase.java:lambda$new$0(53)) - 181931d2-e1e0-4592-a157-d5007a9fa086@group-2C1689F4816B-SegmentedRaftLog: snapshotIndex: updateIncreasingly 185 -> 190
2021-07-05 00:57:29,767 [181931d2-e1e0-4592-a157-d5007a9fa086@group-2C1689F4816B-StateMachineUpdater] INFO  raftlog.RaftLog (RaftLogBase.java:lambda$new$0(53)) - 181931d2-e1e0-4592-a157-d5007a9fa086@group-2C1689F4816B-SegmentedRaftLog: purgeIndex: updateToMax old=185, new=190, updated? true
2021-07-05 00:57:29,768 [Listener at 127.0.0.1/12256] INFO  ha.SCMHAInvocationHandler (SCMHAInvocationHandler.java:invokeRatis(113)) - Invoking method public abstract void org.apache.hadoop.hdds.scm.container.ContainerStateManagerV2.addContainer(org.apache.hadoop.hdds.protocol.proto.HddsProtos$ContainerInfoProto) throws java.io.IOException on target org.apache.hadoop.hdds.scm.ha.SCMRatisServerImpl@16916856, cost 3674.972us
2021-07-05 00:57:29,770 [181931d2-e1e0-4592-a157-d5007a9fa086@group-2C1689F4816B-StateMachineUpdater] INFO  safemode.HealthyPipelineSafeModeRule (HealthyPipelineSafeModeRule.java:initializeRule(152)) - Refreshed total pipeline count is 1, healthy pipeline threshold count is 1
2021-07-05 00:57:29,872 [Listener at 127.0.0.1/12256] INFO  ha.SCMHAInvocationHandler (SCMHAInvocationHandler.java:invokeRatis(113)) - Invoking method public abstract void org.apache.hadoop.hdds.scm.container.ContainerStateManagerV2.addContainer(org.apache.hadoop.hdds.protocol.proto.HddsProtos$ContainerInfoProto) throws java.io.IOException on target org.apache.hadoop.hdds.scm.ha.SCMRatisServerImpl@16916856, cost 3882.571us
2021-07-05 00:57:29,874 [181931d2-e1e0-4592-a157-d5007a9fa086@group-2C1689F4816B-StateMachineUpdater] INFO  safemode.HealthyPipelineSafeModeRule (HealthyPipelineSafeModeRule.java:initializeRule(152)) - Refreshed total pipeline count is 1, healthy pipeline threshold count is 1
2021-07-05 00:57:29,978 [Listener at 127.0.0.1/12256] INFO  ha.SCMHAInvocationHandler (SCMHAInvocationHandler.java:invokeRatis(113)) - Invoking method public abstract void org.apache.hadoop.hdds.scm.container.ContainerStateManagerV2.addContainer(org.apache.hadoop.hdds.protocol.proto.HddsProtos$ContainerInfoProto) throws java.io.IOException on target org.apache.hadoop.hdds.scm.ha.SCMRatisServerImpl@16916856, cost 5386.059us
2021-07-05 00:57:29,978 [431daa7d-f040-4c11-a1fb-891b2bc8b6a1@group-2C1689F4816B-StateMachineUpdater] INFO  ha.SCMStateMachine (SCMStateMachine.java:takeSnapshot(290)) - Current Snapshot Index 195, takeSnapshot took 1 ms
2021-07-05 00:57:29,979 [431daa7d-f040-4c11-a1fb-891b2bc8b6a1@group-2C1689F4816B-StateMachineUpdater] INFO  impl.StateMachineUpdater (StateMachineUpdater.java:takeSnapshot(281)) - 431daa7d-f040-4c11-a1fb-891b2bc8b6a1@group-2C1689F4816B-StateMachineUpdater: Took a snapshot at index 195
2021-07-05 00:57:29,979 [431daa7d-f040-4c11-a1fb-891b2bc8b6a1@group-2C1689F4816B-StateMachineUpdater] INFO  impl.StateMachineUpdater (StateMachineUpdater.java:lambda$new$0(89)) - 431daa7d-f040-4c11-a1fb-891b2bc8b6a1@group-2C1689F4816B-StateMachineUpdater: snapshotIndex: updateIncreasingly 190 -> 195
2021-07-05 00:57:29,979 [431daa7d-f040-4c11-a1fb-891b2bc8b6a1@group-2C1689F4816B-StateMachineUpdater] INFO  raftlog.RaftLog (RaftLogBase.java:purge(306)) - 431daa7d-f040-4c11-a1fb-891b2bc8b6a1@group-2C1689F4816B-SegmentedRaftLog: purge 195
2021-07-05 00:57:29,979 [431daa7d-f040-4c11-a1fb-891b2bc8b6a1@group-2C1689F4816B-StateMachineUpdater] INFO  raftlog.RaftLog (RaftLogBase.java:lambda$new$0(53)) - 431daa7d-f040-4c11-a1fb-891b2bc8b6a1@group-2C1689F4816B-SegmentedRaftLog: snapshotIndex: updateIncreasingly 190 -> 195
2021-07-05 00:57:29,979 [431daa7d-f040-4c11-a1fb-891b2bc8b6a1@group-2C1689F4816B-StateMachineUpdater] INFO  raftlog.RaftLog (RaftLogBase.java:lambda$new$0(53)) - 431daa7d-f040-4c11-a1fb-891b2bc8b6a1@group-2C1689F4816B-SegmentedRaftLog: purgeIndex: updateToMax old=190, new=195, updated? true
2021-07-05 00:57:29,980 [181931d2-e1e0-4592-a157-d5007a9fa086@group-2C1689F4816B-StateMachineUpdater] INFO  safemode.HealthyPipelineSafeModeRule (HealthyPipelineSafeModeRule.java:initializeRule(152)) - Refreshed total pipeline count is 1, healthy pipeline threshold count is 1
2021-07-05 00:57:29,980 [181931d2-e1e0-4592-a157-d5007a9fa086@group-2C1689F4816B-StateMachineUpdater] INFO  ha.SCMStateMachine (SCMStateMachine.java:takeSnapshot(290)) - Current Snapshot Index 195, takeSnapshot took 0 ms
2021-07-05 00:57:29,980 [181931d2-e1e0-4592-a157-d5007a9fa086@group-2C1689F4816B-StateMachineUpdater] INFO  impl.StateMachineUpdater (StateMachineUpdater.java:takeSnapshot(281)) - 181931d2-e1e0-4592-a157-d5007a9fa086@group-2C1689F4816B-StateMachineUpdater: Took a snapshot at index 195
2021-07-05 00:57:29,980 [181931d2-e1e0-4592-a157-d5007a9fa086@group-2C1689F4816B-StateMachineUpdater] INFO  impl.StateMachineUpdater (StateMachineUpdater.java:lambda$new$0(89)) - 181931d2-e1e0-4592-a157-d5007a9fa086@group-2C1689F4816B-StateMachineUpdater: snapshotIndex: updateIncreasingly 190 -> 195
2021-07-05 00:57:29,980 [181931d2-e1e0-4592-a157-d5007a9fa086@group-2C1689F4816B-StateMachineUpdater] INFO  raftlog.RaftLog (RaftLogBase.java:purge(306)) - 181931d2-e1e0-4592-a157-d5007a9fa086@group-2C1689F4816B-SegmentedRaftLog: purge 195
2021-07-05 00:57:29,980 [181931d2-e1e0-4592-a157-d5007a9fa086@group-2C1689F4816B-StateMachineUpdater] INFO  raftlog.RaftLog (RaftLogBase.java:lambda$new$0(53)) - 181931d2-e1e0-4592-a157-d5007a9fa086@group-2C1689F4816B-SegmentedRaftLog: snapshotIndex: updateIncreasingly 190 -> 195
2021-07-05 00:57:29,980 [181931d2-e1e0-4592-a157-d5007a9fa086@group-2C1689F4816B-StateMachineUpdater] INFO  raftlog.RaftLog (RaftLogBase.java:lambda$new$0(53)) - 181931d2-e1e0-4592-a157-d5007a9fa086@group-2C1689F4816B-SegmentedRaftLog: purgeIndex: updateToMax old=190, new=195, updated? true
2021-07-05 00:57:30,085 [Listener at 127.0.0.1/12256] INFO  ha.SCMHAInvocationHandler (SCMHAInvocationHandler.java:invokeRatis(113)) - Invoking method public abstract void org.apache.hadoop.hdds.scm.container.ContainerStateManagerV2.addContainer(org.apache.hadoop.hdds.protocol.proto.HddsProtos$ContainerInfoProto) throws java.io.IOException on target org.apache.hadoop.hdds.scm.ha.SCMRatisServerImpl@16916856, cost 6651.55us
2021-07-05 00:57:30,088 [181931d2-e1e0-4592-a157-d5007a9fa086@group-2C1689F4816B-StateMachineUpdater] INFO  safemode.HealthyPipelineSafeModeRule (HealthyPipelineSafeModeRule.java:initializeRule(152)) - Refreshed total pipeline count is 1, healthy pipeline threshold count is 1
2021-07-05 00:57:30,194 [Listener at 127.0.0.1/12256] INFO  ha.SCMHAInvocationHandler (SCMHAInvocationHandler.java:invokeRatis(113)) - Invoking method public abstract void org.apache.hadoop.hdds.scm.container.ContainerStateManagerV2.addContainer(org.apache.hadoop.hdds.protocol.proto.HddsProtos$ContainerInfoProto) throws java.io.IOException on target org.apache.hadoop.hdds.scm.ha.SCMRatisServerImpl@16916856, cost 3491.474us
2021-07-05 00:57:30,195 [181931d2-e1e0-4592-a157-d5007a9fa086@group-2C1689F4816B-StateMachineUpdater] INFO  safemode.HealthyPipelineSafeModeRule (HealthyPipelineSafeModeRule.java:initializeRule(152)) - Refreshed total pipeline count is 1, healthy pipeline threshold count is 1
2021-07-05 00:57:30,196 [431daa7d-f040-4c11-a1fb-891b2bc8b6a1@group-2C1689F4816B-StateMachineUpdater] INFO  ha.SCMStateMachine (SCMStateMachine.java:takeSnapshot(290)) - Current Snapshot Index 200, takeSnapshot took 0 ms
2021-07-05 00:57:30,196 [431daa7d-f040-4c11-a1fb-891b2bc8b6a1@group-2C1689F4816B-StateMachineUpdater] INFO  impl.StateMachineUpdater (StateMachineUpdater.java:takeSnapshot(281)) - 431daa7d-f040-4c11-a1fb-891b2bc8b6a1@group-2C1689F4816B-StateMachineUpdater: Took a snapshot at index 200
2021-07-05 00:57:30,196 [431daa7d-f040-4c11-a1fb-891b2bc8b6a1@group-2C1689F4816B-StateMachineUpdater] INFO  impl.StateMachineUpdater (StateMachineUpdater.java:lambda$new$0(89)) - 431daa7d-f040-4c11-a1fb-891b2bc8b6a1@group-2C1689F4816B-StateMachineUpdater: snapshotIndex: updateIncreasingly 195 -> 200
2021-07-05 00:57:30,196 [431daa7d-f040-4c11-a1fb-891b2bc8b6a1@group-2C1689F4816B-StateMachineUpdater] INFO  raftlog.RaftLog (RaftLogBase.java:purge(306)) - 431daa7d-f040-4c11-a1fb-891b2bc8b6a1@group-2C1689F4816B-SegmentedRaftLog: purge 200
2021-07-05 00:57:30,196 [431daa7d-f040-4c11-a1fb-891b2bc8b6a1@group-2C1689F4816B-StateMachineUpdater] INFO  raftlog.RaftLog (RaftLogBase.java:lambda$new$0(53)) - 431daa7d-f040-4c11-a1fb-891b2bc8b6a1@group-2C1689F4816B-SegmentedRaftLog: snapshotIndex: updateIncreasingly 195 -> 200
2021-07-05 00:57:30,196 [431daa7d-f040-4c11-a1fb-891b2bc8b6a1@group-2C1689F4816B-StateMachineUpdater] INFO  raftlog.RaftLog (RaftLogBase.java:lambda$new$0(53)) - 431daa7d-f040-4c11-a1fb-891b2bc8b6a1@group-2C1689F4816B-SegmentedRaftLog: purgeIndex: updateToMax old=195, new=200, updated? true
2021-07-05 00:57:30,297 [181931d2-e1e0-4592-a157-d5007a9fa086@group-2C1689F4816B-StateMachineUpdater] INFO  ha.SCMStateMachine (SCMStateMachine.java:takeSnapshot(290)) - Current Snapshot Index 200, takeSnapshot took 0 ms
2021-07-05 00:57:30,297 [181931d2-e1e0-4592-a157-d5007a9fa086@group-2C1689F4816B-StateMachineUpdater] INFO  impl.StateMachineUpdater (StateMachineUpdater.java:takeSnapshot(281)) - 181931d2-e1e0-4592-a157-d5007a9fa086@group-2C1689F4816B-StateMachineUpdater: Took a snapshot at index 200
2021-07-05 00:57:30,297 [181931d2-e1e0-4592-a157-d5007a9fa086@group-2C1689F4816B-StateMachineUpdater] INFO  impl.StateMachineUpdater (StateMachineUpdater.java:lambda$new$0(89)) - 181931d2-e1e0-4592-a157-d5007a9fa086@group-2C1689F4816B-StateMachineUpdater: snapshotIndex: updateIncreasingly 195 -> 200
2021-07-05 00:57:30,297 [181931d2-e1e0-4592-a157-d5007a9fa086@group-2C1689F4816B-StateMachineUpdater] INFO  raftlog.RaftLog (RaftLogBase.java:purge(306)) - 181931d2-e1e0-4592-a157-d5007a9fa086@group-2C1689F4816B-SegmentedRaftLog: purge 200
2021-07-05 00:57:30,297 [181931d2-e1e0-4592-a157-d5007a9fa086@group-2C1689F4816B-StateMachineUpdater] INFO  raftlog.RaftLog (RaftLogBase.java:lambda$new$0(53)) - 181931d2-e1e0-4592-a157-d5007a9fa086@group-2C1689F4816B-SegmentedRaftLog: snapshotIndex: updateIncreasingly 195 -> 200
2021-07-05 00:57:30,297 [181931d2-e1e0-4592-a157-d5007a9fa086@group-2C1689F4816B-StateMachineUpdater] INFO  raftlog.RaftLog (RaftLogBase.java:lambda$new$0(53)) - 181931d2-e1e0-4592-a157-d5007a9fa086@group-2C1689F4816B-SegmentedRaftLog: purgeIndex: updateToMax old=195, new=200, updated? true
2021-07-05 00:57:30,298 [Listener at 127.0.0.1/12256] INFO  ha.SCMHAInvocationHandler (SCMHAInvocationHandler.java:invokeRatis(113)) - Invoking method public abstract void org.apache.hadoop.hdds.scm.container.ContainerStateManagerV2.addContainer(org.apache.hadoop.hdds.protocol.proto.HddsProtos$ContainerInfoProto) throws java.io.IOException on target org.apache.hadoop.hdds.scm.ha.SCMRatisServerImpl@16916856, cost 3603.973us
2021-07-05 00:57:30,299 [181931d2-e1e0-4592-a157-d5007a9fa086@group-2C1689F4816B-StateMachineUpdater] INFO  safemode.HealthyPipelineSafeModeRule (HealthyPipelineSafeModeRule.java:initializeRule(152)) - Refreshed total pipeline count is 1, healthy pipeline threshold count is 1
2021-07-05 00:57:30,399 [Listener at 127.0.0.1/12256] INFO  server.StorageContainerManager (StorageContainerManager.java:start(1214)) - StorageContainerLocationProtocol RPC server is listening at /0.0.0.0:15483
2021-07-05 00:57:30,399 [Listener at 127.0.0.1/12256] INFO  ha.SCMRatisServerImpl (SCMRatisServerImpl.java:start(170)) - starting ratis server 0.0.0.0:15480
2021-07-05 00:57:30,400 [Listener at 127.0.0.1/12256] INFO  server.RaftServer$Division (RaftServerImpl.java:start(298)) - ce66836c-a1aa-4a5b-a828-f737f8336e2d@group-2C1689F4816B: start with initializing state, conf=-1: [], old=null
2021-07-05 00:57:30,400 [Listener at 127.0.0.1/12256] INFO  server.RaftServer$Division (RaftServerImpl.java:setRole(284)) - ce66836c-a1aa-4a5b-a828-f737f8336e2d@group-2C1689F4816B: changes role from      null to FOLLOWER at term 0 for startInitializing
2021-07-05 00:57:30,400 [Listener at 127.0.0.1/12256] INFO  util.JmxRegister (JmxRegister.java:tryRegister(44)) - Successfully registered JMX Bean with object name Ratis:service=RaftServer,group=group-2C1689F4816B,id=ce66836c-a1aa-4a5b-a828-f737f8336e2d
2021-07-05 00:57:30,401 [Listener at 127.0.0.1/12256] INFO  metrics.RatisMetrics (RatisMetrics.java:lambda$create$0(36)) - Creating Metrics Registry : ratis.state_machine.ce66836c-a1aa-4a5b-a828-f737f8336e2d@group-2C1689F4816B
2021-07-05 00:57:30,401 [Listener at 127.0.0.1/12256] INFO  server.RaftServer (RaftServerProxy.java:lambda$start$5(374)) - ce66836c-a1aa-4a5b-a828-f737f8336e2d: start RPC server
2021-07-05 00:57:30,402 [Listener at 127.0.0.1/12256] INFO  server.GrpcService (GrpcService.java:startImpl(253)) - ce66836c-a1aa-4a5b-a828-f737f8336e2d: GrpcService started, listening on 15480
2021-07-05 00:57:30,403 [org.apache.ratis.util.JvmPauseMonitor$$Lambda$493/611739613@23885f6a] INFO  util.JvmPauseMonitor (JvmPauseMonitor.java:run(103)) - JvmPauseMonitor-ce66836c-a1aa-4a5b-a828-f737f8336e2d: Started
2021-07-05 00:57:30,403 [Listener at 127.0.0.1/12256] INFO  ha.SCMNodeInfo (SCMNodeInfo.java:getPort(197)) - ConfigKey ozone.scm.client.address is deprecated, For configuring different ports for each SCM use PortConfigKey ozone.scm.client.port appended with serviceId and nodeId
2021-07-05 00:57:30,404 [Listener at 127.0.0.1/12256] INFO  ha.SCMNodeInfo (SCMNodeInfo.java:getPort(197)) - ConfigKey ozone.scm.block.client.address is deprecated, For configuring different ports for each SCM use PortConfigKey ozone.scm.block.client.port appended with serviceId and nodeId
2021-07-05 00:57:30,404 [Listener at 127.0.0.1/12256] INFO  ha.SCMNodeInfo (SCMNodeInfo.java:getPort(197)) - ConfigKey ozone.scm.datanode.address is deprecated, For configuring different ports for each SCM use PortConfigKey ozone.scm.datanode.port appended with serviceId and nodeId
2021-07-05 00:57:30,404 [Listener at 127.0.0.1/12256] INFO  ha.SCMNodeInfo (SCMNodeInfo.java:getPort(197)) - ConfigKey ozone.scm.client.address is deprecated, For configuring different ports for each SCM use PortConfigKey ozone.scm.client.port appended with serviceId and nodeId
2021-07-05 00:57:30,404 [Listener at 127.0.0.1/12256] INFO  ha.SCMNodeInfo (SCMNodeInfo.java:getPort(197)) - ConfigKey ozone.scm.block.client.address is deprecated, For configuring different ports for each SCM use PortConfigKey ozone.scm.block.client.port appended with serviceId and nodeId
2021-07-05 00:57:30,404 [Listener at 127.0.0.1/12256] INFO  ha.SCMNodeInfo (SCMNodeInfo.java:getPort(197)) - ConfigKey ozone.scm.datanode.address is deprecated, For configuring different ports for each SCM use PortConfigKey ozone.scm.datanode.port appended with serviceId and nodeId
2021-07-05 00:57:30,404 [Listener at 127.0.0.1/12256] INFO  ha.SCMNodeInfo (SCMNodeInfo.java:getPort(197)) - ConfigKey ozone.scm.client.address is deprecated, For configuring different ports for each SCM use PortConfigKey ozone.scm.client.port appended with serviceId and nodeId
2021-07-05 00:57:30,405 [Listener at 127.0.0.1/12256] INFO  ha.SCMNodeInfo (SCMNodeInfo.java:getPort(197)) - ConfigKey ozone.scm.block.client.address is deprecated, For configuring different ports for each SCM use PortConfigKey ozone.scm.block.client.port appended with serviceId and nodeId
2021-07-05 00:57:30,405 [Listener at 127.0.0.1/12256] INFO  ha.SCMNodeInfo (SCMNodeInfo.java:getPort(197)) - ConfigKey ozone.scm.datanode.address is deprecated, For configuring different ports for each SCM use PortConfigKey ozone.scm.datanode.port appended with serviceId and nodeId
2021-07-05 00:57:30,409 [IPC Server handler 2 on default port 15462] INFO  ha.SCMRatisServerImpl (SCMRatisServerImpl.java:addSCM(280)) - 431daa7d-f040-4c11-a1fb-891b2bc8b6a1: Submitting SetConfiguration request to Ratis server with new SCM peers list: [431daa7d-f040-4c11-a1fb-891b2bc8b6a1|rpc:localhost:15460|admin:|client:|dataStream:|priority:0, 181931d2-e1e0-4592-a157-d5007a9fa086|rpc:localhost:15470|priority:0, ce66836c-a1aa-4a5b-a828-f737f8336e2d|rpc:localhost:15480|priority:0]
2021-07-05 00:57:30,410 [IPC Server handler 2 on default port 15462] INFO  server.RaftServer$Division (RaftServerImpl.java:setConfigurationAsync(970)) - 431daa7d-f040-4c11-a1fb-891b2bc8b6a1@group-2C1689F4816B: receive setConfiguration SetConfigurationRequest:client-3C05F8D48B7E->431daa7d-f040-4c11-a1fb-891b2bc8b6a1@group-2C1689F4816B, cid=99, seq=0, RW, null, peers:[431daa7d-f040-4c11-a1fb-891b2bc8b6a1|rpc:localhost:15460|admin:|client:|dataStream:|priority:0, 181931d2-e1e0-4592-a157-d5007a9fa086|rpc:localhost:15470|priority:0, ce66836c-a1aa-4a5b-a828-f737f8336e2d|rpc:localhost:15480|priority:0]
2021-07-05 00:57:30,410 [IPC Server handler 2 on default port 15462] INFO  server.RaftServer$Division (LeaderStateImpl.java:startSetConfiguration(345)) - 431daa7d-f040-4c11-a1fb-891b2bc8b6a1@group-2C1689F4816B-LeaderStateImpl: startSetConfiguration SetConfigurationRequest:client-3C05F8D48B7E->431daa7d-f040-4c11-a1fb-891b2bc8b6a1@group-2C1689F4816B, cid=99, seq=0, RW, null, peers:[431daa7d-f040-4c11-a1fb-891b2bc8b6a1|rpc:localhost:15460|admin:|client:|dataStream:|priority:0, 181931d2-e1e0-4592-a157-d5007a9fa086|rpc:localhost:15470|priority:0, ce66836c-a1aa-4a5b-a828-f737f8336e2d|rpc:localhost:15480|priority:0]
2021-07-05 00:57:30,410 [IPC Server handler 2 on default port 15462] INFO  server.RaftServerConfigKeys (ConfUtils.java:logGet(44)) - raft.server.log.appender.snapshot.chunk.size.max = 16MB (=16777216) (default)
2021-07-05 00:57:30,410 [IPC Server handler 2 on default port 15462] INFO  server.RaftServerConfigKeys (ConfUtils.java:logGet(44)) - raft.server.log.appender.buffer.byte-limit = 33554432 (custom)
2021-07-05 00:57:30,410 [IPC Server handler 2 on default port 15462] INFO  server.RaftServerConfigKeys (ConfUtils.java:logGet(44)) - raft.server.log.appender.buffer.element-limit = 33554432 (custom)
2021-07-05 00:57:30,517 [IPC Server handler 2 on default port 15462] INFO  grpc.GrpcConfigKeys (ConfUtils.java:logGet(44)) - raft.grpc.server.leader.outstanding.appends.max = 128 (default)
2021-07-05 00:57:30,517 [IPC Server handler 2 on default port 15462] INFO  server.RaftServerConfigKeys (ConfUtils.java:logGet(44)) - raft.server.rpc.request.timeout = 30000ms (custom)
2021-07-05 00:57:30,517 [IPC Server handler 2 on default port 15462] INFO  server.RaftServerConfigKeys (ConfUtils.java:logGet(44)) - raft.server.log.appender.install.snapshot.enabled = false (custom)
2021-07-05 00:57:30,518 [431daa7d-f040-4c11-a1fb-891b2bc8b6a1@group-2C1689F4816B->ce66836c-a1aa-4a5b-a828-f737f8336e2d-GrpcLogAppender-LogAppenderDaemon] INFO  server.GrpcLogAppender (GrpcLogAppender.java:installSnapshot(524)) - 431daa7d-f040-4c11-a1fb-891b2bc8b6a1@group-2C1689F4816B->ce66836c-a1aa-4a5b-a828-f737f8336e2d-GrpcLogAppender: followerNextIndex = 0 but logStartIndex = 105, notify follower to install snapshot-(t:2, i:105)
2021-07-05 00:57:30,523 [65d645ba-2b71-4ad7-bc66-74fd2328f6a5@group-928675FAAF16-FollowerState] INFO  impl.FollowerState (FollowerState.java:run(134)) - 65d645ba-2b71-4ad7-bc66-74fd2328f6a5@group-928675FAAF16-FollowerState: change to CANDIDATE, lastRpcElapsedTime:5024179899ns, electionTimeout:5021ms
2021-07-05 00:57:30,524 [65d645ba-2b71-4ad7-bc66-74fd2328f6a5@group-928675FAAF16-FollowerState] INFO  impl.RoleInfo (RoleInfo.java:shutdownFollowerState(108)) - 65d645ba-2b71-4ad7-bc66-74fd2328f6a5: shutdown 65d645ba-2b71-4ad7-bc66-74fd2328f6a5@group-928675FAAF16-FollowerState
2021-07-05 00:57:30,524 [65d645ba-2b71-4ad7-bc66-74fd2328f6a5@group-928675FAAF16-FollowerState] INFO  server.RaftServer$Division (RaftServerImpl.java:setRole(284)) - 65d645ba-2b71-4ad7-bc66-74fd2328f6a5@group-928675FAAF16: changes role from  FOLLOWER to CANDIDATE at term 3 for changeToCandidate
2021-07-05 00:57:30,524 [65d645ba-2b71-4ad7-bc66-74fd2328f6a5@group-928675FAAF16-FollowerState] INFO  server.RaftServerConfigKeys (ConfUtils.java:logGet(44)) - raft.server.leaderelection.pre-vote = false (custom)
2021-07-05 00:57:30,524 [65d645ba-2b71-4ad7-bc66-74fd2328f6a5@group-928675FAAF16-FollowerState] INFO  impl.RoleInfo (RoleInfo.java:updateAndGet(130)) - 65d645ba-2b71-4ad7-bc66-74fd2328f6a5: start 65d645ba-2b71-4ad7-bc66-74fd2328f6a5@group-928675FAAF16-LeaderElection13
2021-07-05 00:57:30,526 [431daa7d-f040-4c11-a1fb-891b2bc8b6a1@group-2C1689F4816B->ce66836c-a1aa-4a5b-a828-f737f8336e2d-GrpcLogAppender-LogAppenderDaemon] INFO  server.GrpcLogAppender (GrpcLogAppender.java:installSnapshot(532)) - 431daa7d-f040-4c11-a1fb-891b2bc8b6a1@group-2C1689F4816B->ce66836c-a1aa-4a5b-a828-f737f8336e2d-GrpcLogAppender: send 431daa7d-f040-4c11-a1fb-891b2bc8b6a1->ce66836c-a1aa-4a5b-a828-f737f8336e2d#0-t2,notify:(t:2, i:105)
2021-07-05 00:57:30,533 [65d645ba-2b71-4ad7-bc66-74fd2328f6a5@group-928675FAAF16-LeaderElection13] INFO  impl.LeaderElection (LeaderElection.java:askForVotes(306)) - 65d645ba-2b71-4ad7-bc66-74fd2328f6a5@group-928675FAAF16-LeaderElection13 ELECTION round 0: submit vote requests at term 4 for -1: [4428f99b-3864-401a-a30b-d8207dc31cfa|rpc:127.0.0.1:40939|dataStream:|priority:0, b549a9a8-3457-4b53-9703-c9fae2cc989c|rpc:127.0.0.1:44095|dataStream:|priority:0, 65d645ba-2b71-4ad7-bc66-74fd2328f6a5|rpc:127.0.0.1:36069|dataStream:|priority:1], old=null
2021-07-05 00:57:30,535 [grpc-default-executor-0] INFO  metrics.RatisMetrics (RatisMetrics.java:lambda$create$0(36)) - Creating Metrics Registry : ratis.server_message_metrics.ce66836c-a1aa-4a5b-a828-f737f8336e2d
2021-07-05 00:57:30,542 [grpc-default-executor-0] INFO  server.RaftServer$Division (RaftServerImpl.java:installSnapshot(1328)) - ce66836c-a1aa-4a5b-a828-f737f8336e2d@group-2C1689F4816B: receive installSnapshot: 431daa7d-f040-4c11-a1fb-891b2bc8b6a1->ce66836c-a1aa-4a5b-a828-f737f8336e2d#0-t2,notify:(t:2, i:105)
2021-07-05 00:57:30,544 [grpc-default-executor-0] INFO  ha.SCMStateMachine (SCMStateMachine.java:notifyLeaderChanged(248)) - leader changed, yet current SCM is still follower.
2021-07-05 00:57:30,544 [grpc-default-executor-0] INFO  server.RaftServer$Division (ServerState.java:setLeader(271)) - ce66836c-a1aa-4a5b-a828-f737f8336e2d@group-2C1689F4816B: change Leader from null to 431daa7d-f040-4c11-a1fb-891b2bc8b6a1 at term 2 for installSnapshot, leader elected after 29939ms
2021-07-05 00:57:30,548 [grpc-default-executor-0] INFO  server.RaftServer$Division (RaftServerImpl.java:notifyStateMachineToInstallSnapshot(1580)) - ce66836c-a1aa-4a5b-a828-f737f8336e2d@group-2C1689F4816B: notifyInstallSnapshot: nextIndex is 0 but the leader's first available index is 105.
2021-07-05 00:57:30,548 [grpc-default-executor-0] INFO  ha.SCMStateMachine (SCMStateMachine.java:notifyInstallSnapshotFromLeader(212)) - Received install snapshot notification from SCM leader: localhost:15460 with term index: (t:2, i:105)
2021-07-05 00:57:30,558 [grpc-default-executor-1] INFO  server.RaftServer$Division (RaftServerImpl.java:requestVote(1042)) - b549a9a8-3457-4b53-9703-c9fae2cc989c@group-928675FAAF16: receive requestVote(ELECTION, 65d645ba-2b71-4ad7-bc66-74fd2328f6a5, group-928675FAAF16, 4, (t:0, i:0))
2021-07-05 00:57:30,558 [grpc-default-executor-1] INFO  impl.VoteContext (VoteContext.java:log(48)) - b549a9a8-3457-4b53-9703-c9fae2cc989c@group-928675FAAF16-FOLLOWER: accept ELECTION from 65d645ba-2b71-4ad7-bc66-74fd2328f6a5: our priority 0 <= candidate's priority 1
2021-07-05 00:57:30,558 [grpc-default-executor-1] INFO  server.RaftServer$Division (RaftServerImpl.java:setRole(284)) - b549a9a8-3457-4b53-9703-c9fae2cc989c@group-928675FAAF16: changes role from  FOLLOWER to FOLLOWER at term 4 for candidate:65d645ba-2b71-4ad7-bc66-74fd2328f6a5
2021-07-05 00:57:30,558 [grpc-default-executor-1] INFO  impl.RoleInfo (RoleInfo.java:shutdownFollowerState(108)) - b549a9a8-3457-4b53-9703-c9fae2cc989c: shutdown b549a9a8-3457-4b53-9703-c9fae2cc989c@group-928675FAAF16-FollowerState
2021-07-05 00:57:30,558 [grpc-default-executor-1] INFO  impl.RoleInfo (RoleInfo.java:updateAndGet(130)) - b549a9a8-3457-4b53-9703-c9fae2cc989c: start b549a9a8-3457-4b53-9703-c9fae2cc989c@group-928675FAAF16-FollowerState
2021-07-05 00:57:30,558 [b549a9a8-3457-4b53-9703-c9fae2cc989c@group-928675FAAF16-FollowerState] INFO  impl.FollowerState (FollowerState.java:run(143)) - b549a9a8-3457-4b53-9703-c9fae2cc989c@group-928675FAAF16-FollowerState was interrupted: {}
java.lang.InterruptedException: sleep interrupted
	at java.lang.Thread.sleep(Native Method)
	at java.lang.Thread.sleep(Thread.java:340)
	at java.util.concurrent.TimeUnit.sleep(TimeUnit.java:386)
	at org.apache.ratis.util.TimeDuration.sleep(TimeDuration.java:324)
	at org.apache.ratis.util.TimeDuration.sleep(TimeDuration.java:309)
	at org.apache.ratis.server.impl.FollowerState.run(FollowerState.java:118)
2021-07-05 00:57:30,561 [grpc-default-executor-1] INFO  server.RaftServer$Division (RaftServerImpl.java:requestVote(1074)) - b549a9a8-3457-4b53-9703-c9fae2cc989c@group-928675FAAF16 replies to ELECTION vote request: 65d645ba-2b71-4ad7-bc66-74fd2328f6a5<-b549a9a8-3457-4b53-9703-c9fae2cc989c#0:OK-t4. Peer's state: b549a9a8-3457-4b53-9703-c9fae2cc989c@group-928675FAAF16:t4, leader=null, voted=65d645ba-2b71-4ad7-bc66-74fd2328f6a5, raftlog=b549a9a8-3457-4b53-9703-c9fae2cc989c@group-928675FAAF16-SegmentedRaftLog:OPENED:c-1,f-1,i0, conf=-1: [4428f99b-3864-401a-a30b-d8207dc31cfa|rpc:127.0.0.1:40939|priority:0, b549a9a8-3457-4b53-9703-c9fae2cc989c|rpc:127.0.0.1:44095|priority:0, 65d645ba-2b71-4ad7-bc66-74fd2328f6a5|rpc:127.0.0.1:36069|priority:1], old=null
2021-07-05 00:57:30,566 [grpc-default-executor-2] INFO  server.RaftServer$Division (RaftServerImpl.java:requestVote(1042)) - 4428f99b-3864-401a-a30b-d8207dc31cfa@group-928675FAAF16: receive requestVote(ELECTION, 65d645ba-2b71-4ad7-bc66-74fd2328f6a5, group-928675FAAF16, 4, (t:0, i:0))
2021-07-05 00:57:30,566 [grpc-default-executor-2] INFO  impl.VoteContext (VoteContext.java:log(48)) - 4428f99b-3864-401a-a30b-d8207dc31cfa@group-928675FAAF16-FOLLOWER: accept ELECTION from 65d645ba-2b71-4ad7-bc66-74fd2328f6a5: our priority 0 <= candidate's priority 1
2021-07-05 00:57:30,566 [grpc-default-executor-2] INFO  server.RaftServer$Division (RaftServerImpl.java:setRole(284)) - 4428f99b-3864-401a-a30b-d8207dc31cfa@group-928675FAAF16: changes role from  FOLLOWER to FOLLOWER at term 4 for candidate:65d645ba-2b71-4ad7-bc66-74fd2328f6a5
2021-07-05 00:57:30,566 [grpc-default-executor-2] INFO  impl.RoleInfo (RoleInfo.java:shutdownFollowerState(108)) - 4428f99b-3864-401a-a30b-d8207dc31cfa: shutdown 4428f99b-3864-401a-a30b-d8207dc31cfa@group-928675FAAF16-FollowerState
2021-07-05 00:57:30,566 [grpc-default-executor-2] INFO  impl.RoleInfo (RoleInfo.java:updateAndGet(130)) - 4428f99b-3864-401a-a30b-d8207dc31cfa: start 4428f99b-3864-401a-a30b-d8207dc31cfa@group-928675FAAF16-FollowerState
2021-07-05 00:57:30,566 [4428f99b-3864-401a-a30b-d8207dc31cfa@group-928675FAAF16-FollowerState] INFO  impl.FollowerState (FollowerState.java:run(143)) - 4428f99b-3864-401a-a30b-d8207dc31cfa@group-928675FAAF16-FollowerState was interrupted: {}
java.lang.InterruptedException: sleep interrupted
	at java.lang.Thread.sleep(Native Method)
	at java.lang.Thread.sleep(Thread.java:340)
	at java.util.concurrent.TimeUnit.sleep(TimeUnit.java:386)
	at org.apache.ratis.util.TimeDuration.sleep(TimeDuration.java:324)
	at org.apache.ratis.util.TimeDuration.sleep(TimeDuration.java:309)
	at org.apache.ratis.server.impl.FollowerState.run(FollowerState.java:118)
2021-07-05 00:57:30,567 [grpc-default-executor-2] INFO  server.RaftServer$Division (RaftServerImpl.java:requestVote(1074)) - 4428f99b-3864-401a-a30b-d8207dc31cfa@group-928675FAAF16 replies to ELECTION vote request: 65d645ba-2b71-4ad7-bc66-74fd2328f6a5<-4428f99b-3864-401a-a30b-d8207dc31cfa#0:OK-t4. Peer's state: 4428f99b-3864-401a-a30b-d8207dc31cfa@group-928675FAAF16:t4, leader=null, voted=65d645ba-2b71-4ad7-bc66-74fd2328f6a5, raftlog=4428f99b-3864-401a-a30b-d8207dc31cfa@group-928675FAAF16-SegmentedRaftLog:OPENED:c-1,f-1,i0, conf=-1: [4428f99b-3864-401a-a30b-d8207dc31cfa|rpc:127.0.0.1:40939|priority:0, b549a9a8-3457-4b53-9703-c9fae2cc989c|rpc:127.0.0.1:44095|priority:0, 65d645ba-2b71-4ad7-bc66-74fd2328f6a5|rpc:127.0.0.1:36069|priority:1], old=null
2021-07-05 00:57:30,570 [65d645ba-2b71-4ad7-bc66-74fd2328f6a5@group-928675FAAF16-LeaderElection13] INFO  impl.LeaderElection (LeaderElection.java:logAndReturn(89)) - 65d645ba-2b71-4ad7-bc66-74fd2328f6a5@group-928675FAAF16-LeaderElection13: ELECTION PASSED received 1 response(s) and 0 exception(s):
2021-07-05 00:57:30,570 [65d645ba-2b71-4ad7-bc66-74fd2328f6a5@group-928675FAAF16-LeaderElection13] INFO  impl.LeaderElection (LeaderElection.java:logAndReturn(93)) -   Response 0: 65d645ba-2b71-4ad7-bc66-74fd2328f6a5<-b549a9a8-3457-4b53-9703-c9fae2cc989c#0:OK-t4
2021-07-05 00:57:30,570 [65d645ba-2b71-4ad7-bc66-74fd2328f6a5@group-928675FAAF16-LeaderElection13] INFO  impl.LeaderElection (LeaderElection.java:askForVotes(308)) - 65d645ba-2b71-4ad7-bc66-74fd2328f6a5@group-928675FAAF16-LeaderElection13 ELECTION round 0: result PASSED
2021-07-05 00:57:30,570 [65d645ba-2b71-4ad7-bc66-74fd2328f6a5@group-928675FAAF16-LeaderElection13] INFO  impl.RoleInfo (RoleInfo.java:shutdownLeaderElection(121)) - 65d645ba-2b71-4ad7-bc66-74fd2328f6a5: shutdown 65d645ba-2b71-4ad7-bc66-74fd2328f6a5@group-928675FAAF16-LeaderElection13
2021-07-05 00:57:30,570 [65d645ba-2b71-4ad7-bc66-74fd2328f6a5@group-928675FAAF16-LeaderElection13] INFO  server.RaftServer$Division (RaftServerImpl.java:setRole(284)) - 65d645ba-2b71-4ad7-bc66-74fd2328f6a5@group-928675FAAF16: changes role from CANDIDATE to LEADER at term 4 for changeToLeader
2021-07-05 00:57:30,571 [65d645ba-2b71-4ad7-bc66-74fd2328f6a5@group-928675FAAF16-LeaderElection13] INFO  ratis.XceiverServerRatis (XceiverServerRatis.java:handleLeaderChangedNotification(857)) - Leader change notification received for group: group-928675FAAF16 with new leaderId: 65d645ba-2b71-4ad7-bc66-74fd2328f6a5
2021-07-05 00:57:30,571 [65d645ba-2b71-4ad7-bc66-74fd2328f6a5@group-928675FAAF16-LeaderElection13] INFO  server.RaftServer$Division (ServerState.java:setLeader(271)) - 65d645ba-2b71-4ad7-bc66-74fd2328f6a5@group-928675FAAF16: change Leader from null to 65d645ba-2b71-4ad7-bc66-74fd2328f6a5 at term 4 for becomeLeader, leader elected after 20409ms
2021-07-05 00:57:30,571 [65d645ba-2b71-4ad7-bc66-74fd2328f6a5@group-928675FAAF16-LeaderElection13] INFO  server.RaftServerConfigKeys (ConfUtils.java:logGet(44)) - raft.server.staging.catchup.gap = 1000 (default)
2021-07-05 00:57:30,571 [65d645ba-2b71-4ad7-bc66-74fd2328f6a5@group-928675FAAF16-LeaderElection13] INFO  metrics.RatisMetrics (RatisMetrics.java:lambda$create$0(36)) - Creating Metrics Registry : ratis.log_appender.65d645ba-2b71-4ad7-bc66-74fd2328f6a5@group-928675FAAF16
2021-07-05 00:57:30,571 [65d645ba-2b71-4ad7-bc66-74fd2328f6a5@group-928675FAAF16-LeaderElection13] INFO  server.RaftServerConfigKeys (ConfUtils.java:logGet(44)) - raft.server.write.element-limit = 1024 (custom)
2021-07-05 00:57:30,571 [65d645ba-2b71-4ad7-bc66-74fd2328f6a5@group-928675FAAF16-LeaderElection13] INFO  server.RaftServerConfigKeys (ConfUtils.java:logGet(44)) - raft.server.write.byte-limit = 1073741824 (custom)
2021-07-05 00:57:30,571 [65d645ba-2b71-4ad7-bc66-74fd2328f6a5@group-928675FAAF16-LeaderElection13] INFO  server.RaftServerConfigKeys (ConfUtils.java:logGet(44)) - raft.server.watch.timeout = 180s (custom)
2021-07-05 00:57:30,572 [65d645ba-2b71-4ad7-bc66-74fd2328f6a5@group-928675FAAF16-LeaderElection13] INFO  server.RaftServerConfigKeys (ConfUtils.java:logGet(44)) - raft.server.watch.timeout.denomination = 1s (default)
2021-07-05 00:57:30,572 [65d645ba-2b71-4ad7-bc66-74fd2328f6a5@group-928675FAAF16-LeaderElection13] INFO  server.RaftServerConfigKeys (ConfUtils.java:logGet(44)) - raft.server.watch.element-limit = 65536 (default)
2021-07-05 00:57:30,572 [65d645ba-2b71-4ad7-bc66-74fd2328f6a5@group-928675FAAF16-LeaderElection13] INFO  server.RaftServerConfigKeys (ConfUtils.java:logGet(44)) - raft.server.log.appender.snapshot.chunk.size.max = 16MB (=16777216) (default)
2021-07-05 00:57:30,572 [65d645ba-2b71-4ad7-bc66-74fd2328f6a5@group-928675FAAF16-LeaderElection13] INFO  server.RaftServerConfigKeys (ConfUtils.java:logGet(44)) - raft.server.log.appender.buffer.byte-limit = 33554432 (custom)
2021-07-05 00:57:30,572 [65d645ba-2b71-4ad7-bc66-74fd2328f6a5@group-928675FAAF16-LeaderElection13] INFO  server.RaftServerConfigKeys (ConfUtils.java:logGet(44)) - raft.server.log.appender.buffer.element-limit = 1 (custom)
2021-07-05 00:57:30,572 [65d645ba-2b71-4ad7-bc66-74fd2328f6a5@group-928675FAAF16-LeaderElection13] INFO  grpc.GrpcConfigKeys (ConfUtils.java:logGet(44)) - raft.grpc.server.leader.outstanding.appends.max = 128 (default)
2021-07-05 00:57:30,572 [65d645ba-2b71-4ad7-bc66-74fd2328f6a5@group-928675FAAF16-LeaderElection13] INFO  server.RaftServerConfigKeys (ConfUtils.java:logGet(44)) - raft.server.rpc.request.timeout = 60s (custom)
2021-07-05 00:57:30,572 [65d645ba-2b71-4ad7-bc66-74fd2328f6a5@group-928675FAAF16-LeaderElection13] INFO  server.RaftServerConfigKeys (ConfUtils.java:logGet(44)) - raft.server.log.appender.install.snapshot.enabled = false (custom)
2021-07-05 00:57:30,572 [65d645ba-2b71-4ad7-bc66-74fd2328f6a5@group-928675FAAF16-LeaderElection13] INFO  metrics.RatisMetrics (RatisMetrics.java:lambda$create$0(36)) - Creating Metrics Registry : ratis_grpc.log_appender.65d645ba-2b71-4ad7-bc66-74fd2328f6a5@group-928675FAAF16
2021-07-05 00:57:30,579 [65d645ba-2b71-4ad7-bc66-74fd2328f6a5@group-928675FAAF16-LeaderElection13] INFO  server.RaftServerConfigKeys (ConfUtils.java:logGet(44)) - raft.server.log.appender.snapshot.chunk.size.max = 16MB (=16777216) (default)
2021-07-05 00:57:30,580 [EventQueue-PipelineReportForPipelineReportHandler] INFO  pipeline.PipelineManagerV2Impl (PipelineManagerV2Impl.java:openPipeline(270)) - Pipeline Pipeline[ Id: 2baeda0e-4055-46a0-b166-928675faaf16, Nodes: 65d645ba-2b71-4ad7-bc66-74fd2328f6a5{ip: 127.0.0.1, host: localhost, ports: [REPLICATION=42645, RATIS=36069, RATIS_ADMIN=36069, RATIS_SERVER=36069, STANDALONE=32841], networkLocation: /default-rack, certSerialId: null, persistedOpState: IN_SERVICE, persistedOpStateExpiryEpochSec: 0}b549a9a8-3457-4b53-9703-c9fae2cc989c{ip: 127.0.0.1, host: localhost, ports: [REPLICATION=35315, RATIS=44095, RATIS_ADMIN=44095, RATIS_SERVER=44095, STANDALONE=46049], networkLocation: /default-rack, certSerialId: null, persistedOpState: IN_SERVICE, persistedOpStateExpiryEpochSec: 0}4428f99b-3864-401a-a30b-d8207dc31cfa{ip: 127.0.0.1, host: localhost, ports: [REPLICATION=44873, RATIS=40939, RATIS_ADMIN=40939, RATIS_SERVER=40939, STANDALONE=45343], networkLocation: /default-rack, certSerialId: null, persistedOpState: IN_SERVICE, persistedOpStateExpiryEpochSec: 0}, ReplicationConfig: RATIS/THREE, State:ALLOCATED, leaderId:65d645ba-2b71-4ad7-bc66-74fd2328f6a5, CreationTimestamp2021-07-05T00:57:07.012Z] moved to OPEN state
2021-07-05 00:57:30,580 [EventQueue-OpenPipelineForHealthyPipelineSafeModeRule] INFO  safemode.SCMSafeModeManager (HealthyPipelineSafeModeRule.java:process(124)) - SCM in safe mode. Healthy pipelines reported count is 1, required healthy pipeline reported count is 1
2021-07-05 00:57:30,581 [EventQueue-OpenPipelineForHealthyPipelineSafeModeRule] INFO  safemode.SCMSafeModeManager (SCMSafeModeManager.java:validateSafeModeExitRules(204)) - HealthyPipelineSafeModeRule rule is successfully validated
2021-07-05 00:57:30,581 [EventQueue-OpenPipelineForHealthyPipelineSafeModeRule] INFO  safemode.SCMSafeModeManager (SCMSafeModeManager.java:validateSafeModeExitRules(219)) - ScmSafeModeManager, all rules are successfully validated
2021-07-05 00:57:30,581 [EventQueue-OpenPipelineForHealthyPipelineSafeModeRule] INFO  safemode.SCMSafeModeManager (SCMSafeModeManager.java:exitSafeMode(248)) - SCM exiting safe mode.
2021-07-05 00:57:30,581 [EventQueue-OpenPipelineForHealthyPipelineSafeModeRule] WARN  events.EventQueue (EventQueue.java:fireEvent(194)) - No event handler registered for event TypedEvent{payloadType=SafeModeStatus, name='Safe mode status'}
2021-07-05 00:57:30,581 [EventQueue-OpenPipelineForHealthyPipelineSafeModeRule] INFO  ha.SCMContext (SCMContext.java:updateSafeModeStatus(208)) - Update SafeModeStatus from SafeModeStatus{safeModeStatus=true, preCheckPassed=true} to SafeModeStatus{safeModeStatus=false, preCheckPassed=true}.
2021-07-05 00:57:30,581 [EventQueue-PipelineReportForPipelineReportHandler] INFO  pipeline.PipelineManagerV2Impl (PipelineManagerV2Impl.java:openPipeline(270)) - Pipeline Pipeline[ Id: 2baeda0e-4055-46a0-b166-928675faaf16, Nodes: 65d645ba-2b71-4ad7-bc66-74fd2328f6a5{ip: 127.0.0.1, host: localhost, ports: [REPLICATION=42645, RATIS=36069, RATIS_ADMIN=36069, RATIS_SERVER=36069, STANDALONE=32841], networkLocation: /default-rack, certSerialId: null, persistedOpState: IN_SERVICE, persistedOpStateExpiryEpochSec: 0}b549a9a8-3457-4b53-9703-c9fae2cc989c{ip: 127.0.0.1, host: localhost, ports: [REPLICATION=35315, RATIS=44095, RATIS_ADMIN=44095, RATIS_SERVER=44095, STANDALONE=46049], networkLocation: /default-rack, certSerialId: null, persistedOpState: IN_SERVICE, persistedOpStateExpiryEpochSec: 0}4428f99b-3864-401a-a30b-d8207dc31cfa{ip: 127.0.0.1, host: localhost, ports: [REPLICATION=44873, RATIS=40939, RATIS_ADMIN=40939, RATIS_SERVER=40939, STANDALONE=45343], networkLocation: /default-rack, certSerialId: null, persistedOpState: IN_SERVICE, persistedOpStateExpiryEpochSec: 0}, ReplicationConfig: RATIS/THREE, State:ALLOCATED, leaderId:65d645ba-2b71-4ad7-bc66-74fd2328f6a5, CreationTimestamp2021-07-05T00:57:07.012Z] moved to OPEN state
2021-07-05 00:57:30,581 [EventQueue-PipelineReportForPipelineReportHandler] INFO  ha.SCMHAInvocationHandler (SCMHAInvocationHandler.java:invokeRatis(113)) - Invoking method public abstract void org.apache.hadoop.hdds.scm.pipeline.StateManager.updatePipelineState(org.apache.hadoop.hdds.protocol.proto.HddsProtos$PipelineID,org.apache.hadoop.hdds.protocol.proto.HddsProtos$PipelineState) throws java.io.IOException on target org.apache.hadoop.hdds.scm.ha.SCMRatisServerImpl@302bcbbd, cost 581.796us
2021-07-05 00:57:30,583 [pool-55-thread-1] INFO  ha.SCMHAManagerImpl (SCMHAManagerImpl.java:getDBCheckpointFromLeader(206)) - Downloading checkpoint from leader SCM scmNode-1 and reloading state from the checkpoint.
2021-07-05 00:57:30,590 [65d645ba-2b71-4ad7-bc66-74fd2328f6a5@group-928675FAAF16-LeaderElection13] INFO  server.RaftServerConfigKeys (ConfUtils.java:logGet(44)) - raft.server.log.appender.buffer.byte-limit = 33554432 (custom)
2021-07-05 00:57:30,596 [65d645ba-2b71-4ad7-bc66-74fd2328f6a5@group-928675FAAF16-LeaderElection13] INFO  server.RaftServerConfigKeys (ConfUtils.java:logGet(44)) - raft.server.log.appender.buffer.element-limit = 1 (custom)
2021-07-05 00:57:30,597 [65d645ba-2b71-4ad7-bc66-74fd2328f6a5@group-928675FAAF16-LeaderElection13] INFO  grpc.GrpcConfigKeys (ConfUtils.java:logGet(44)) - raft.grpc.server.leader.outstanding.appends.max = 128 (default)
2021-07-05 00:57:30,597 [65d645ba-2b71-4ad7-bc66-74fd2328f6a5@group-928675FAAF16-LeaderElection13] INFO  server.RaftServerConfigKeys (ConfUtils.java:logGet(44)) - raft.server.rpc.request.timeout = 60s (custom)
2021-07-05 00:57:30,597 [65d645ba-2b71-4ad7-bc66-74fd2328f6a5@group-928675FAAF16-LeaderElection13] INFO  server.RaftServerConfigKeys (ConfUtils.java:logGet(44)) - raft.server.log.appender.install.snapshot.enabled = false (custom)
2021-07-05 00:57:30,597 [65d645ba-2b71-4ad7-bc66-74fd2328f6a5@group-928675FAAF16-LeaderElection13] INFO  impl.RoleInfo (RoleInfo.java:updateAndGet(130)) - 65d645ba-2b71-4ad7-bc66-74fd2328f6a5: start 65d645ba-2b71-4ad7-bc66-74fd2328f6a5@group-928675FAAF16-LeaderStateImpl
2021-07-05 00:57:30,598 [65d645ba-2b71-4ad7-bc66-74fd2328f6a5@group-928675FAAF16-LeaderElection13] INFO  segmented.SegmentedRaftLogWorker (SegmentedRaftLogWorker.java:startLogSegment(394)) - 65d645ba-2b71-4ad7-bc66-74fd2328f6a5@group-928675FAAF16-SegmentedRaftLogWorker: Starting segment from index:0
2021-07-05 00:57:30,599 [65d645ba-2b71-4ad7-bc66-74fd2328f6a5@group-928675FAAF16-SegmentedRaftLogWorker] INFO  segmented.SegmentedRaftLogWorker (SegmentedRaftLogWorker.java:execute(601)) - 65d645ba-2b71-4ad7-bc66-74fd2328f6a5@group-928675FAAF16-SegmentedRaftLogWorker: created new log segment /home/runner/work/ozone/ozone/mnt/ozone/hadoop-ozone/integration-test/target/test-dir/MiniOzoneClusterImpl-47f02201-3656-42a8-b726-2c1689f4816b/datanode-2/data/ratis/2baeda0e-4055-46a0-b166-928675faaf16/current/log_inprogress_0
2021-07-05 00:57:30,606 [EventQueue-PipelineReportForPipelineReportHandler] INFO  ha.SCMHAInvocationHandler (SCMHAInvocationHandler.java:invokeRatis(113)) - Invoking method public abstract void org.apache.hadoop.hdds.scm.pipeline.StateManager.updatePipelineState(org.apache.hadoop.hdds.protocol.proto.HddsProtos$PipelineID,org.apache.hadoop.hdds.protocol.proto.HddsProtos$PipelineState) throws java.io.IOException on target org.apache.hadoop.hdds.scm.ha.SCMRatisServerImpl@16916856, cost 23855.22us
2021-07-05 00:57:30,617 [grpc-default-executor-1] INFO  ratis.XceiverServerRatis (XceiverServerRatis.java:handleLeaderChangedNotification(857)) - Leader change notification received for group: group-928675FAAF16 with new leaderId: 65d645ba-2b71-4ad7-bc66-74fd2328f6a5
2021-07-05 00:57:30,617 [grpc-default-executor-1] INFO  server.RaftServer$Division (ServerState.java:setLeader(271)) - 4428f99b-3864-401a-a30b-d8207dc31cfa@group-928675FAAF16: change Leader from null to 65d645ba-2b71-4ad7-bc66-74fd2328f6a5 at term 4 for appendEntries, leader elected after 20390ms
2021-07-05 00:57:30,627 [65d645ba-2b71-4ad7-bc66-74fd2328f6a5@group-928675FAAF16-LeaderElection13] INFO  server.RaftServer$Division (ServerState.java:setRaftConf(373)) - 65d645ba-2b71-4ad7-bc66-74fd2328f6a5@group-928675FAAF16: set configuration 0: [4428f99b-3864-401a-a30b-d8207dc31cfa|rpc:127.0.0.1:40939|dataStream:|priority:0, b549a9a8-3457-4b53-9703-c9fae2cc989c|rpc:127.0.0.1:44095|dataStream:|priority:0, 65d645ba-2b71-4ad7-bc66-74fd2328f6a5|rpc:127.0.0.1:36069|dataStream:|priority:1], old=null
2021-07-05 00:57:30,628 [grpc-default-executor-2] INFO  ha.SCMDBCheckpointProvider (SCMDBCheckpointProvider.java:writeDBCheckPointToSream(48)) - Received request to obtain SCM DB checkpoint snapshot
2021-07-05 00:57:30,630 [grpc-default-executor-1] INFO  server.RaftServer$Division (ServerState.java:setRaftConf(373)) - 4428f99b-3864-401a-a30b-d8207dc31cfa@group-928675FAAF16: set configuration 0: [4428f99b-3864-401a-a30b-d8207dc31cfa|rpc:127.0.0.1:40939|dataStream:|priority:0, b549a9a8-3457-4b53-9703-c9fae2cc989c|rpc:127.0.0.1:44095|dataStream:|priority:0, 65d645ba-2b71-4ad7-bc66-74fd2328f6a5|rpc:127.0.0.1:36069|dataStream:|priority:1], old=null
2021-07-05 00:57:30,630 [grpc-default-executor-1] INFO  segmented.SegmentedRaftLogWorker (SegmentedRaftLogWorker.java:startLogSegment(394)) - 4428f99b-3864-401a-a30b-d8207dc31cfa@group-928675FAAF16-SegmentedRaftLogWorker: Starting segment from index:0
2021-07-05 00:57:30,632 [4428f99b-3864-401a-a30b-d8207dc31cfa@group-928675FAAF16-SegmentedRaftLogWorker] INFO  segmented.SegmentedRaftLogWorker (SegmentedRaftLogWorker.java:execute(601)) - 4428f99b-3864-401a-a30b-d8207dc31cfa@group-928675FAAF16-SegmentedRaftLogWorker: created new log segment /home/runner/work/ozone/ozone/mnt/ozone/hadoop-ozone/integration-test/target/test-dir/MiniOzoneClusterImpl-47f02201-3656-42a8-b726-2c1689f4816b/datanode-0/data/ratis/2baeda0e-4055-46a0-b166-928675faaf16/current/log_inprogress_0
2021-07-05 00:57:30,635 [grpc-default-executor-4] INFO  ratis.XceiverServerRatis (XceiverServerRatis.java:handleLeaderChangedNotification(857)) - Leader change notification received for group: group-928675FAAF16 with new leaderId: 65d645ba-2b71-4ad7-bc66-74fd2328f6a5
2021-07-05 00:57:30,635 [grpc-default-executor-4] INFO  server.RaftServer$Division (ServerState.java:setLeader(271)) - b549a9a8-3457-4b53-9703-c9fae2cc989c@group-928675FAAF16: change Leader from null to 65d645ba-2b71-4ad7-bc66-74fd2328f6a5 at term 4 for appendEntries, leader elected after 20615ms
2021-07-05 00:57:30,650 [grpc-default-executor-4] INFO  server.RaftServer$Division (ServerState.java:setRaftConf(373)) - b549a9a8-3457-4b53-9703-c9fae2cc989c@group-928675FAAF16: set configuration 0: [4428f99b-3864-401a-a30b-d8207dc31cfa|rpc:127.0.0.1:40939|dataStream:|priority:0, b549a9a8-3457-4b53-9703-c9fae2cc989c|rpc:127.0.0.1:44095|dataStream:|priority:0, 65d645ba-2b71-4ad7-bc66-74fd2328f6a5|rpc:127.0.0.1:36069|dataStream:|priority:1], old=null
2021-07-05 00:57:30,650 [grpc-default-executor-4] INFO  segmented.SegmentedRaftLogWorker (SegmentedRaftLogWorker.java:startLogSegment(394)) - b549a9a8-3457-4b53-9703-c9fae2cc989c@group-928675FAAF16-SegmentedRaftLogWorker: Starting segment from index:0
2021-07-05 00:57:30,654 [b549a9a8-3457-4b53-9703-c9fae2cc989c@group-928675FAAF16-SegmentedRaftLogWorker] INFO  segmented.SegmentedRaftLogWorker (SegmentedRaftLogWorker.java:execute(601)) - b549a9a8-3457-4b53-9703-c9fae2cc989c@group-928675FAAF16-SegmentedRaftLogWorker: created new log segment /home/runner/work/ozone/ozone/mnt/ozone/hadoop-ozone/integration-test/target/test-dir/MiniOzoneClusterImpl-47f02201-3656-42a8-b726-2c1689f4816b/datanode-1/data/ratis/2baeda0e-4055-46a0-b166-928675faaf16/current/log_inprogress_0
2021-07-05 00:57:30,657 [grpc-default-executor-2] INFO  db.RDBCheckpointManager (RDBCheckpointManager.java:createCheckpoint(86)) - Created checkpoint at /home/runner/work/ozone/ozone/mnt/ozone/hadoop-ozone/integration-test/target/test-dir/MiniOzoneClusterImpl-47f02201-3656-42a8-b726-2c1689f4816b/scmNode-1/db.checkpoints/scm.db_checkpoint_1625446650638 in 19 milliseconds
2021-07-05 00:57:30,705 [grpc-default-executor-0] INFO  server.RaftServer$Division (RaftServerImpl.java:installSnapshotImpl(1458)) - ce66836c-a1aa-4a5b-a828-f737f8336e2d@group-2C1689F4816B: set new configuration index: 5
configurationEntry {
  peers {
    id: "431daa7d-f040-4c11-a1fb-891b2bc8b6a1"
    address: "localhost:15460"
  }
  peers {
    id: "181931d2-e1e0-4592-a157-d5007a9fa086"
    address: "localhost:15470"
  }
}
 from snapshot
2021-07-05 00:57:30,706 [grpc-default-executor-0] INFO  server.RaftServer$Division (ServerState.java:setRaftConf(373)) - ce66836c-a1aa-4a5b-a828-f737f8336e2d@group-2C1689F4816B: set configuration 5: [431daa7d-f040-4c11-a1fb-891b2bc8b6a1|rpc:localhost:15460|admin:|client:|dataStream:|priority:0, 181931d2-e1e0-4592-a157-d5007a9fa086|rpc:localhost:15470|admin:|client:|dataStream:|priority:0], old=null
2021-07-05 00:57:30,707 [grpc-default-executor-0] INFO  server.RaftServer$Division (RaftServerImpl.java:installSnapshot(1339)) - ce66836c-a1aa-4a5b-a828-f737f8336e2d@group-2C1689F4816B: reply installSnapshot: 431daa7d-f040-4c11-a1fb-891b2bc8b6a1<-ce66836c-a1aa-4a5b-a828-f737f8336e2d#0:FAIL-t0,IN_PROGRESS
2021-07-05 00:57:30,711 [grpc-default-executor-3] INFO  server.GrpcLogAppender (GrpcLogAppender.java:onNext(400)) - 431daa7d-f040-4c11-a1fb-891b2bc8b6a1@group-2C1689F4816B->ce66836c-a1aa-4a5b-a828-f737f8336e2d-InstallSnapshotResponseHandler: received the first reply 431daa7d-f040-4c11-a1fb-891b2bc8b6a1<-ce66836c-a1aa-4a5b-a828-f737f8336e2d#0:FAIL-t0,IN_PROGRESS
2021-07-05 00:57:30,714 [grpc-default-executor-3] INFO  server.GrpcLogAppender (GrpcLogAppender.java:onNext(417)) - 431daa7d-f040-4c11-a1fb-891b2bc8b6a1@group-2C1689F4816B->ce66836c-a1aa-4a5b-a828-f737f8336e2d-InstallSnapshotResponseHandler: InstallSnapshot in progress.
2021-07-05 00:57:30,716 [grpc-default-executor-0] INFO  server.GrpcServerProtocolService (GrpcServerProtocolService.java:onCompleted(140)) - ce66836c-a1aa-4a5b-a828-f737f8336e2d: Completed INSTALL_SNAPSHOT, lastRequest: 431daa7d-f040-4c11-a1fb-891b2bc8b6a1->ce66836c-a1aa-4a5b-a828-f737f8336e2d#0-t2,notify:(t:2, i:105)
2021-07-05 00:57:30,720 [431daa7d-f040-4c11-a1fb-891b2bc8b6a1@group-2C1689F4816B->ce66836c-a1aa-4a5b-a828-f737f8336e2d-GrpcLogAppender-LogAppenderDaemon] INFO  server.GrpcLogAppender (GrpcLogAppender.java:installSnapshot(524)) - 431daa7d-f040-4c11-a1fb-891b2bc8b6a1@group-2C1689F4816B->ce66836c-a1aa-4a5b-a828-f737f8336e2d-GrpcLogAppender: followerNextIndex = 0 but logStartIndex = 105, notify follower to install snapshot-(t:2, i:105)
2021-07-05 00:57:30,720 [431daa7d-f040-4c11-a1fb-891b2bc8b6a1@group-2C1689F4816B->ce66836c-a1aa-4a5b-a828-f737f8336e2d-GrpcLogAppender-LogAppenderDaemon] INFO  server.GrpcLogAppender (GrpcLogAppender.java:installSnapshot(532)) - 431daa7d-f040-4c11-a1fb-891b2bc8b6a1@group-2C1689F4816B->ce66836c-a1aa-4a5b-a828-f737f8336e2d-GrpcLogAppender: send 431daa7d-f040-4c11-a1fb-891b2bc8b6a1->ce66836c-a1aa-4a5b-a828-f737f8336e2d#0-t2,notify:(t:2, i:105)
2021-07-05 00:57:30,721 [grpc-default-executor-2] INFO  ha.SCMGrpcOutputStream (SCMGrpcOutputStream.java:close(111)) - Sent 7444 bytes for cluster 47f02201-3656-42a8-b726-2c1689f4816b
2021-07-05 00:57:30,722 [grpc-default-executor-2] INFO  ha.SCMDBCheckpointProvider (SCMDBCheckpointProvider.java:writeDBCheckPointToSream(73)) - Time taken to write the checkpoint to response output stream: 62 milliseconds
2021-07-05 00:57:30,722 [grpc-default-executor-2] INFO  db.RocksDBCheckpoint (RocksDBCheckpoint.java:cleanupCheckpoint(78)) - Cleaning up RocksDB checkpoint at /home/runner/work/ozone/ozone/mnt/ozone/hadoop-ozone/integration-test/target/test-dir/MiniOzoneClusterImpl-47f02201-3656-42a8-b726-2c1689f4816b/scmNode-1/db.checkpoints/scm.db_checkpoint_1625446650638
2021-07-05 00:57:30,735 [grpc-default-executor-0] INFO  impl.RoleInfo (RoleInfo.java:updateAndGet(130)) - ce66836c-a1aa-4a5b-a828-f737f8336e2d: start ce66836c-a1aa-4a5b-a828-f737f8336e2d@group-2C1689F4816B-FollowerState
2021-07-05 00:57:30,735 [grpc-default-executor-5] INFO  ha.InterSCMGrpcClient (InterSCMGrpcClient.java:onCompleted(169)) - Checkpoint is downloaded to /home/runner/work/ozone/ozone/mnt/ozone/hadoop-ozone/integration-test/target/test-dir/MiniOzoneClusterImpl-47f02201-3656-42a8-b726-2c1689f4816b/scmNode-3/snapshot/scm.db-scmNode-1-1625446650583.tar.gz
2021-07-05 00:57:30,736 [grpc-default-executor-1] INFO  server.RaftServer$Division (RaftServerImpl.java:installSnapshot(1328)) - ce66836c-a1aa-4a5b-a828-f737f8336e2d@group-2C1689F4816B: receive installSnapshot: 431daa7d-f040-4c11-a1fb-891b2bc8b6a1->ce66836c-a1aa-4a5b-a828-f737f8336e2d#0-t2,notify:(t:2, i:105)
2021-07-05 00:57:30,743 [grpc-default-executor-0] INFO  server.RaftServer$Division (RaftServerImpl.java:checkInconsistentAppendEntries(1292)) - ce66836c-a1aa-4a5b-a828-f737f8336e2d@group-2C1689F4816B: Failed appendEntries as snapshot ((t:2, i:105)) installation is in progress
2021-07-05 00:57:30,743 [grpc-default-executor-0] INFO  server.RaftServer$Division (RaftServerImpl.java:checkInconsistentAppendEntries(1284)) - ce66836c-a1aa-4a5b-a828-f737f8336e2d@group-2C1689F4816B: inconsistency entries. Reply:431daa7d-f040-4c11-a1fb-891b2bc8b6a1<-ce66836c-a1aa-4a5b-a828-f737f8336e2d#0:FAIL-t2,INCONSISTENCY,nextIndex=0,followerCommit=-1
2021-07-05 00:57:30,743 [grpc-default-executor-1] INFO  server.RaftServer$Division (RaftServerImpl.java:notifyStateMachineToInstallSnapshot(1610)) - ce66836c-a1aa-4a5b-a828-f737f8336e2d@group-2C1689F4816B: Snapshot Installation by StateMachine is in progress.
2021-07-05 00:57:30,744 [grpc-default-executor-1] INFO  server.RaftServer$Division (RaftServerImpl.java:installSnapshotImpl(1458)) - ce66836c-a1aa-4a5b-a828-f737f8336e2d@group-2C1689F4816B: set new configuration index: 5
configurationEntry {
  peers {
    id: "431daa7d-f040-4c11-a1fb-891b2bc8b6a1"
    address: "localhost:15460"
  }
  peers {
    id: "181931d2-e1e0-4592-a157-d5007a9fa086"
    address: "localhost:15470"
  }
}
 from snapshot
2021-07-05 00:57:30,744 [grpc-default-executor-1] INFO  server.RaftServer$Division (ServerState.java:setRaftConf(373)) - ce66836c-a1aa-4a5b-a828-f737f8336e2d@group-2C1689F4816B: set configuration 5: [431daa7d-f040-4c11-a1fb-891b2bc8b6a1|rpc:localhost:15460|admin:|client:|dataStream:|priority:0, 181931d2-e1e0-4592-a157-d5007a9fa086|rpc:localhost:15470|admin:|client:|dataStream:|priority:0], old=null
2021-07-05 00:57:30,744 [grpc-default-executor-1] INFO  server.RaftServer$Division (RaftServerImpl.java:installSnapshot(1339)) - ce66836c-a1aa-4a5b-a828-f737f8336e2d@group-2C1689F4816B: reply installSnapshot: 431daa7d-f040-4c11-a1fb-891b2bc8b6a1<-ce66836c-a1aa-4a5b-a828-f737f8336e2d#0:FAIL-t2,IN_PROGRESS
2021-07-05 00:57:30,745 [grpc-default-executor-1] INFO  server.GrpcServerProtocolService (GrpcServerProtocolService.java:onCompleted(140)) - ce66836c-a1aa-4a5b-a828-f737f8336e2d: Completed INSTALL_SNAPSHOT, lastRequest: 431daa7d-f040-4c11-a1fb-891b2bc8b6a1->ce66836c-a1aa-4a5b-a828-f737f8336e2d#0-t2,notify:(t:2, i:105)
2021-07-05 00:57:30,747 [grpc-default-executor-5] INFO  server.GrpcLogAppender (GrpcLogAppender.java:onNext(400)) - 431daa7d-f040-4c11-a1fb-891b2bc8b6a1@group-2C1689F4816B->ce66836c-a1aa-4a5b-a828-f737f8336e2d-InstallSnapshotResponseHandler: received a reply 431daa7d-f040-4c11-a1fb-891b2bc8b6a1<-ce66836c-a1aa-4a5b-a828-f737f8336e2d#0:FAIL-t2,IN_PROGRESS
2021-07-05 00:57:30,747 [grpc-default-executor-5] INFO  server.GrpcLogAppender (GrpcLogAppender.java:onNext(417)) - 431daa7d-f040-4c11-a1fb-891b2bc8b6a1@group-2C1689F4816B->ce66836c-a1aa-4a5b-a828-f737f8336e2d-InstallSnapshotResponseHandler: InstallSnapshot in progress.
2021-07-05 00:57:30,747 [grpc-default-executor-0] INFO  leader.FollowerInfo (FollowerInfoImpl.java:lambda$new$0(46)) - 431daa7d-f040-4c11-a1fb-891b2bc8b6a1@group-2C1689F4816B->ce66836c-a1aa-4a5b-a828-f737f8336e2d: nextIndex: updateUnconditionally 0 -> 0
2021-07-05 00:57:30,751 [431daa7d-f040-4c11-a1fb-891b2bc8b6a1@group-2C1689F4816B->ce66836c-a1aa-4a5b-a828-f737f8336e2d-GrpcLogAppender-LogAppenderDaemon] INFO  server.GrpcLogAppender (GrpcLogAppender.java:installSnapshot(524)) - 431daa7d-f040-4c11-a1fb-891b2bc8b6a1@group-2C1689F4816B->ce66836c-a1aa-4a5b-a828-f737f8336e2d-GrpcLogAppender: followerNextIndex = 0 but logStartIndex = 105, notify follower to install snapshot-(t:2, i:105)
2021-07-05 00:57:30,751 [431daa7d-f040-4c11-a1fb-891b2bc8b6a1@group-2C1689F4816B->ce66836c-a1aa-4a5b-a828-f737f8336e2d-GrpcLogAppender-LogAppenderDaemon] INFO  server.GrpcLogAppender (GrpcLogAppender.java:installSnapshot(532)) - 431daa7d-f040-4c11-a1fb-891b2bc8b6a1@group-2C1689F4816B->ce66836c-a1aa-4a5b-a828-f737f8336e2d-GrpcLogAppender: send 431daa7d-f040-4c11-a1fb-891b2bc8b6a1->ce66836c-a1aa-4a5b-a828-f737f8336e2d#0-t2,notify:(t:2, i:105)
2021-07-05 00:57:30,753 [grpc-default-executor-1] INFO  server.RaftServer$Division (RaftServerImpl.java:checkInconsistentAppendEntries(1292)) - ce66836c-a1aa-4a5b-a828-f737f8336e2d@group-2C1689F4816B: Failed appendEntries as snapshot ((t:2, i:105)) installation is in progress
2021-07-05 00:57:30,753 [grpc-default-executor-1] INFO  server.RaftServer$Division (RaftServerImpl.java:checkInconsistentAppendEntries(1284)) - ce66836c-a1aa-4a5b-a828-f737f8336e2d@group-2C1689F4816B: inconsistency entries. Reply:431daa7d-f040-4c11-a1fb-891b2bc8b6a1<-ce66836c-a1aa-4a5b-a828-f737f8336e2d#1:FAIL-t2,INCONSISTENCY,nextIndex=0,followerCommit=-1
2021-07-05 00:57:30,754 [grpc-default-executor-5] INFO  server.RaftServer$Division (RaftServerImpl.java:installSnapshot(1328)) - ce66836c-a1aa-4a5b-a828-f737f8336e2d@group-2C1689F4816B: receive installSnapshot: 431daa7d-f040-4c11-a1fb-891b2bc8b6a1->ce66836c-a1aa-4a5b-a828-f737f8336e2d#0-t2,notify:(t:2, i:105)
2021-07-05 00:57:30,754 [grpc-default-executor-5] INFO  server.RaftServer$Division (RaftServerImpl.java:notifyStateMachineToInstallSnapshot(1610)) - ce66836c-a1aa-4a5b-a828-f737f8336e2d@group-2C1689F4816B: Snapshot Installation by StateMachine is in progress.
2021-07-05 00:57:30,755 [grpc-default-executor-1] INFO  leader.FollowerInfo (FollowerInfoImpl.java:lambda$new$0(46)) - 431daa7d-f040-4c11-a1fb-891b2bc8b6a1@group-2C1689F4816B->ce66836c-a1aa-4a5b-a828-f737f8336e2d: nextIndex: updateUnconditionally 0 -> 0
2021-07-05 00:57:30,755 [grpc-default-executor-5] INFO  server.RaftServer$Division (RaftServerImpl.java:installSnapshotImpl(1458)) - ce66836c-a1aa-4a5b-a828-f737f8336e2d@group-2C1689F4816B: set new configuration index: 5
configurationEntry {
  peers {
    id: "431daa7d-f040-4c11-a1fb-891b2bc8b6a1"
    address: "localhost:15460"
  }
  peers {
    id: "181931d2-e1e0-4592-a157-d5007a9fa086"
    address: "localhost:15470"
  }
}
 from snapshot
2021-07-05 00:57:30,756 [grpc-default-executor-5] INFO  server.RaftServer$Division (ServerState.java:setRaftConf(373)) - ce66836c-a1aa-4a5b-a828-f737f8336e2d@group-2C1689F4816B: set configuration 5: [431daa7d-f040-4c11-a1fb-891b2bc8b6a1|rpc:localhost:15460|admin:|client:|dataStream:|priority:0, 181931d2-e1e0-4592-a157-d5007a9fa086|rpc:localhost:15470|admin:|client:|dataStream:|priority:0], old=null
2021-07-05 00:57:30,756 [grpc-default-executor-5] INFO  server.RaftServer$Division (RaftServerImpl.java:installSnapshot(1339)) - ce66836c-a1aa-4a5b-a828-f737f8336e2d@group-2C1689F4816B: reply installSnapshot: 431daa7d-f040-4c11-a1fb-891b2bc8b6a1<-ce66836c-a1aa-4a5b-a828-f737f8336e2d#0:FAIL-t2,IN_PROGRESS
2021-07-05 00:57:30,756 [grpc-default-executor-5] INFO  server.GrpcServerProtocolService (GrpcServerProtocolService.java:onCompleted(140)) - ce66836c-a1aa-4a5b-a828-f737f8336e2d: Completed INSTALL_SNAPSHOT, lastRequest: 431daa7d-f040-4c11-a1fb-891b2bc8b6a1->ce66836c-a1aa-4a5b-a828-f737f8336e2d#0-t2,notify:(t:2, i:105)
2021-07-05 00:57:30,757 [grpc-default-executor-5] INFO  server.GrpcLogAppender (GrpcLogAppender.java:onNext(400)) - 431daa7d-f040-4c11-a1fb-891b2bc8b6a1@group-2C1689F4816B->ce66836c-a1aa-4a5b-a828-f737f8336e2d-InstallSnapshotResponseHandler: received a reply 431daa7d-f040-4c11-a1fb-891b2bc8b6a1<-ce66836c-a1aa-4a5b-a828-f737f8336e2d#0:FAIL-t2,IN_PROGRESS
2021-07-05 00:57:30,757 [grpc-default-executor-5] INFO  server.GrpcLogAppender (GrpcLogAppender.java:onNext(417)) - 431daa7d-f040-4c11-a1fb-891b2bc8b6a1@group-2C1689F4816B->ce66836c-a1aa-4a5b-a828-f737f8336e2d-InstallSnapshotResponseHandler: InstallSnapshot in progress.
2021-07-05 00:57:30,762 [431daa7d-f040-4c11-a1fb-891b2bc8b6a1@group-2C1689F4816B->ce66836c-a1aa-4a5b-a828-f737f8336e2d-GrpcLogAppender-LogAppenderDaemon] INFO  server.GrpcLogAppender (GrpcLogAppender.java:installSnapshot(524)) - 431daa7d-f040-4c11-a1fb-891b2bc8b6a1@group-2C1689F4816B->ce66836c-a1aa-4a5b-a828-f737f8336e2d-GrpcLogAppender: followerNextIndex = 0 but logStartIndex = 105, notify follower to install snapshot-(t:2, i:105)
2021-07-05 00:57:30,763 [431daa7d-f040-4c11-a1fb-891b2bc8b6a1@group-2C1689F4816B->ce66836c-a1aa-4a5b-a828-f737f8336e2d-GrpcLogAppender-LogAppenderDaemon] INFO  server.GrpcLogAppender (GrpcLogAppender.java:installSnapshot(532)) - 431daa7d-f040-4c11-a1fb-891b2bc8b6a1@group-2C1689F4816B->ce66836c-a1aa-4a5b-a828-f737f8336e2d-GrpcLogAppender: send 431daa7d-f040-4c11-a1fb-891b2bc8b6a1->ce66836c-a1aa-4a5b-a828-f737f8336e2d#0-t2,notify:(t:2, i:105)
2021-07-05 00:57:30,764 [grpc-default-executor-0] INFO  server.RaftServer$Division (RaftServerImpl.java:checkInconsistentAppendEntries(1292)) - ce66836c-a1aa-4a5b-a828-f737f8336e2d@group-2C1689F4816B: Failed appendEntries as snapshot ((t:2, i:105)) installation is in progress
2021-07-05 00:57:30,764 [grpc-default-executor-0] INFO  server.RaftServer$Division (RaftServerImpl.java:checkInconsistentAppendEntries(1284)) - ce66836c-a1aa-4a5b-a828-f737f8336e2d@group-2C1689F4816B: inconsistency entries. Reply:431daa7d-f040-4c11-a1fb-891b2bc8b6a1<-ce66836c-a1aa-4a5b-a828-f737f8336e2d#2:FAIL-t2,INCONSISTENCY,nextIndex=0,followerCommit=-1
2021-07-05 00:57:30,765 [grpc-default-executor-0] INFO  leader.FollowerInfo (FollowerInfoImpl.java:lambda$new$0(46)) - 431daa7d-f040-4c11-a1fb-891b2bc8b6a1@group-2C1689F4816B->ce66836c-a1aa-4a5b-a828-f737f8336e2d: nextIndex: updateUnconditionally 0 -> 0
2021-07-05 00:57:30,767 [grpc-default-executor-1] INFO  server.RaftServer$Division (RaftServerImpl.java:installSnapshot(1328)) - ce66836c-a1aa-4a5b-a828-f737f8336e2d@group-2C1689F4816B: receive installSnapshot: 431daa7d-f040-4c11-a1fb-891b2bc8b6a1->ce66836c-a1aa-4a5b-a828-f737f8336e2d#0-t2,notify:(t:2, i:105)
2021-07-05 00:57:30,767 [grpc-default-executor-1] INFO  server.RaftServer$Division (RaftServerImpl.java:notifyStateMachineToInstallSnapshot(1610)) - ce66836c-a1aa-4a5b-a828-f737f8336e2d@group-2C1689F4816B: Snapshot Installation by StateMachine is in progress.
2021-07-05 00:57:30,768 [grpc-default-executor-1] INFO  server.RaftServer$Division (RaftServerImpl.java:installSnapshotImpl(1458)) - ce66836c-a1aa-4a5b-a828-f737f8336e2d@group-2C1689F4816B: set new configuration index: 5
configurationEntry {
  peers {
    id: "431daa7d-f040-4c11-a1fb-891b2bc8b6a1"
    address: "localhost:15460"
  }
  peers {
    id: "181931d2-e1e0-4592-a157-d5007a9fa086"
    address: "localhost:15470"
  }
}
 from snapshot
2021-07-05 00:57:30,768 [grpc-default-executor-1] INFO  server.RaftServer$Division (ServerState.java:setRaftConf(373)) - ce66836c-a1aa-4a5b-a828-f737f8336e2d@group-2C1689F4816B: set configuration 5: [431daa7d-f040-4c11-a1fb-891b2bc8b6a1|rpc:localhost:15460|admin:|client:|dataStream:|priority:0, 181931d2-e1e0-4592-a157-d5007a9fa086|rpc:localhost:15470|admin:|client:|dataStream:|priority:0], old=null
2021-07-05 00:57:30,768 [grpc-default-executor-1] INFO  server.RaftServer$Division (RaftServerImpl.java:installSnapshot(1339)) - ce66836c-a1aa-4a5b-a828-f737f8336e2d@group-2C1689F4816B: reply installSnapshot: 431daa7d-f040-4c11-a1fb-891b2bc8b6a1<-ce66836c-a1aa-4a5b-a828-f737f8336e2d#0:FAIL-t2,IN_PROGRESS
2021-07-05 00:57:30,769 [grpc-default-executor-1] INFO  server.GrpcServerProtocolService (GrpcServerProtocolService.java:onCompleted(140)) - ce66836c-a1aa-4a5b-a828-f737f8336e2d: Completed INSTALL_SNAPSHOT, lastRequest: 431daa7d-f040-4c11-a1fb-891b2bc8b6a1->ce66836c-a1aa-4a5b-a828-f737f8336e2d#0-t2,notify:(t:2, i:105)
2021-07-05 00:57:30,771 [grpc-default-executor-5] INFO  server.GrpcLogAppender (GrpcLogAppender.java:onNext(400)) - 431daa7d-f040-4c11-a1fb-891b2bc8b6a1@group-2C1689F4816B->ce66836c-a1aa-4a5b-a828-f737f8336e2d-InstallSnapshotResponseHandler: received a reply 431daa7d-f040-4c11-a1fb-891b2bc8b6a1<-ce66836c-a1aa-4a5b-a828-f737f8336e2d#0:FAIL-t2,IN_PROGRESS
2021-07-05 00:57:30,771 [grpc-default-executor-5] INFO  server.GrpcLogAppender (GrpcLogAppender.java:onNext(417)) - 431daa7d-f040-4c11-a1fb-891b2bc8b6a1@group-2C1689F4816B->ce66836c-a1aa-4a5b-a828-f737f8336e2d-InstallSnapshotResponseHandler: InstallSnapshot in progress.
2021-07-05 00:57:30,775 [431daa7d-f040-4c11-a1fb-891b2bc8b6a1@group-2C1689F4816B->ce66836c-a1aa-4a5b-a828-f737f8336e2d-GrpcLogAppender-LogAppenderDaemon] INFO  server.GrpcLogAppender (GrpcLogAppender.java:installSnapshot(524)) - 431daa7d-f040-4c11-a1fb-891b2bc8b6a1@group-2C1689F4816B->ce66836c-a1aa-4a5b-a828-f737f8336e2d-GrpcLogAppender: followerNextIndex = 0 but logStartIndex = 105, notify follower to install snapshot-(t:2, i:105)
2021-07-05 00:57:30,775 [431daa7d-f040-4c11-a1fb-891b2bc8b6a1@group-2C1689F4816B->ce66836c-a1aa-4a5b-a828-f737f8336e2d-GrpcLogAppender-LogAppenderDaemon] INFO  server.GrpcLogAppender (GrpcLogAppender.java:installSnapshot(532)) - 431daa7d-f040-4c11-a1fb-891b2bc8b6a1@group-2C1689F4816B->ce66836c-a1aa-4a5b-a828-f737f8336e2d-GrpcLogAppender: send 431daa7d-f040-4c11-a1fb-891b2bc8b6a1->ce66836c-a1aa-4a5b-a828-f737f8336e2d#0-t2,notify:(t:2, i:105)
2021-07-05 00:57:30,777 [pool-55-thread-1] INFO  ha.SCMSnapshotProvider (SCMSnapshotProvider.java:getSCMDBSnapshot(130)) - Successfully downloaded latest checkpoint from leader SCM: scmNode-1 path /home/runner/work/ozone/ozone/mnt/ozone/hadoop-ozone/integration-test/target/test-dir/MiniOzoneClusterImpl-47f02201-3656-42a8-b726-2c1689f4816b/scmNode-3/snapshot/scm.db-scmNode-1-1625446650583
2021-07-05 00:57:30,777 [pool-55-thread-1] INFO  ha.SCMHAManagerImpl (SCMHAManagerImpl.java:downloadCheckpointFromLeader(158)) - Downloaded checkpoint from Leader scmNode-1 to the location /home/runner/work/ozone/ozone/mnt/ozone/hadoop-ozone/integration-test/target/test-dir/MiniOzoneClusterImpl-47f02201-3656-42a8-b726-2c1689f4816b/scmNode-3/snapshot/scm.db-scmNode-1-1625446650583
2021-07-05 00:57:30,778 [grpc-default-executor-0] INFO  server.RaftServer$Division (RaftServerImpl.java:checkInconsistentAppendEntries(1292)) - ce66836c-a1aa-4a5b-a828-f737f8336e2d@group-2C1689F4816B: Failed appendEntries as snapshot ((t:2, i:105)) installation is in progress
2021-07-05 00:57:30,778 [grpc-default-executor-0] INFO  server.RaftServer$Division (RaftServerImpl.java:checkInconsistentAppendEntries(1284)) - ce66836c-a1aa-4a5b-a828-f737f8336e2d@group-2C1689F4816B: inconsistency entries. Reply:431daa7d-f040-4c11-a1fb-891b2bc8b6a1<-ce66836c-a1aa-4a5b-a828-f737f8336e2d#3:FAIL-t2,INCONSISTENCY,nextIndex=0,followerCommit=-1
2021-07-05 00:57:30,779 [grpc-default-executor-0] INFO  leader.FollowerInfo (FollowerInfoImpl.java:lambda$new$0(46)) - 431daa7d-f040-4c11-a1fb-891b2bc8b6a1@group-2C1689F4816B->ce66836c-a1aa-4a5b-a828-f737f8336e2d: nextIndex: updateUnconditionally 0 -> 0
2021-07-05 00:57:30,784 [grpc-default-executor-1] INFO  server.RaftServer$Division (RaftServerImpl.java:installSnapshot(1328)) - ce66836c-a1aa-4a5b-a828-f737f8336e2d@group-2C1689F4816B: receive installSnapshot: 431daa7d-f040-4c11-a1fb-891b2bc8b6a1->ce66836c-a1aa-4a5b-a828-f737f8336e2d#0-t2,notify:(t:2, i:105)
2021-07-05 00:57:30,785 [grpc-default-executor-1] INFO  server.RaftServer$Division (RaftServerImpl.java:notifyStateMachineToInstallSnapshot(1610)) - ce66836c-a1aa-4a5b-a828-f737f8336e2d@group-2C1689F4816B: Snapshot Installation by StateMachine is in progress.
2021-07-05 00:57:30,785 [grpc-default-executor-1] INFO  server.RaftServer$Division (RaftServerImpl.java:installSnapshotImpl(1458)) - ce66836c-a1aa-4a5b-a828-f737f8336e2d@group-2C1689F4816B: set new configuration index: 5
configurationEntry {
  peers {
    id: "431daa7d-f040-4c11-a1fb-891b2bc8b6a1"
    address: "localhost:15460"
  }
  peers {
    id: "181931d2-e1e0-4592-a157-d5007a9fa086"
    address: "localhost:15470"
  }
}
 from snapshot
2021-07-05 00:57:30,785 [grpc-default-executor-1] INFO  server.RaftServer$Division (ServerState.java:setRaftConf(373)) - ce66836c-a1aa-4a5b-a828-f737f8336e2d@group-2C1689F4816B: set configuration 5: [431daa7d-f040-4c11-a1fb-891b2bc8b6a1|rpc:localhost:15460|admin:|client:|dataStream:|priority:0, 181931d2-e1e0-4592-a157-d5007a9fa086|rpc:localhost:15470|admin:|client:|dataStream:|priority:0], old=null
2021-07-05 00:57:30,786 [grpc-default-executor-1] INFO  server.RaftServer$Division (RaftServerImpl.java:installSnapshot(1339)) - ce66836c-a1aa-4a5b-a828-f737f8336e2d@group-2C1689F4816B: reply installSnapshot: 431daa7d-f040-4c11-a1fb-891b2bc8b6a1<-ce66836c-a1aa-4a5b-a828-f737f8336e2d#0:FAIL-t2,IN_PROGRESS
2021-07-05 00:57:30,786 [grpc-default-executor-1] INFO  server.GrpcServerProtocolService (GrpcServerProtocolService.java:onCompleted(140)) - ce66836c-a1aa-4a5b-a828-f737f8336e2d: Completed INSTALL_SNAPSHOT, lastRequest: 431daa7d-f040-4c11-a1fb-891b2bc8b6a1->ce66836c-a1aa-4a5b-a828-f737f8336e2d#0-t2,notify:(t:2, i:105)
2021-07-05 00:57:30,786 [grpc-default-executor-5] INFO  server.GrpcLogAppender (GrpcLogAppender.java:onNext(400)) - 431daa7d-f040-4c11-a1fb-891b2bc8b6a1@group-2C1689F4816B->ce66836c-a1aa-4a5b-a828-f737f8336e2d-InstallSnapshotResponseHandler: received a reply 431daa7d-f040-4c11-a1fb-891b2bc8b6a1<-ce66836c-a1aa-4a5b-a828-f737f8336e2d#0:FAIL-t2,IN_PROGRESS
2021-07-05 00:57:30,787 [grpc-default-executor-5] INFO  server.GrpcLogAppender (GrpcLogAppender.java:onNext(417)) - 431daa7d-f040-4c11-a1fb-891b2bc8b6a1@group-2C1689F4816B->ce66836c-a1aa-4a5b-a828-f737f8336e2d-InstallSnapshotResponseHandler: InstallSnapshot in progress.
2021-07-05 00:57:30,791 [431daa7d-f040-4c11-a1fb-891b2bc8b6a1@group-2C1689F4816B->ce66836c-a1aa-4a5b-a828-f737f8336e2d-GrpcLogAppender-LogAppenderDaemon] INFO  server.GrpcLogAppender (GrpcLogAppender.java:installSnapshot(524)) - 431daa7d-f040-4c11-a1fb-891b2bc8b6a1@group-2C1689F4816B->ce66836c-a1aa-4a5b-a828-f737f8336e2d-GrpcLogAppender: followerNextIndex = 0 but logStartIndex = 105, notify follower to install snapshot-(t:2, i:105)
2021-07-05 00:57:30,791 [431daa7d-f040-4c11-a1fb-891b2bc8b6a1@group-2C1689F4816B->ce66836c-a1aa-4a5b-a828-f737f8336e2d-GrpcLogAppender-LogAppenderDaemon] INFO  server.GrpcLogAppender (GrpcLogAppender.java:installSnapshot(532)) - 431daa7d-f040-4c11-a1fb-891b2bc8b6a1@group-2C1689F4816B->ce66836c-a1aa-4a5b-a828-f737f8336e2d-GrpcLogAppender: send 431daa7d-f040-4c11-a1fb-891b2bc8b6a1->ce66836c-a1aa-4a5b-a828-f737f8336e2d#0-t2,notify:(t:2, i:105)
2021-07-05 00:57:30,793 [grpc-default-executor-0] INFO  server.RaftServer$Division (RaftServerImpl.java:checkInconsistentAppendEntries(1292)) - ce66836c-a1aa-4a5b-a828-f737f8336e2d@group-2C1689F4816B: Failed appendEntries as snapshot ((t:2, i:105)) installation is in progress
2021-07-05 00:57:30,793 [grpc-default-executor-0] INFO  server.RaftServer$Division (RaftServerImpl.java:checkInconsistentAppendEntries(1284)) - ce66836c-a1aa-4a5b-a828-f737f8336e2d@group-2C1689F4816B: inconsistency entries. Reply:431daa7d-f040-4c11-a1fb-891b2bc8b6a1<-ce66836c-a1aa-4a5b-a828-f737f8336e2d#4:FAIL-t2,INCONSISTENCY,nextIndex=0,followerCommit=-1
2021-07-05 00:57:30,794 [grpc-default-executor-1] INFO  leader.FollowerInfo (FollowerInfoImpl.java:lambda$new$0(46)) - 431daa7d-f040-4c11-a1fb-891b2bc8b6a1@group-2C1689F4816B->ce66836c-a1aa-4a5b-a828-f737f8336e2d: nextIndex: updateUnconditionally 0 -> 0
2021-07-05 00:57:30,794 [grpc-default-executor-5] INFO  server.RaftServer$Division (RaftServerImpl.java:installSnapshot(1328)) - ce66836c-a1aa-4a5b-a828-f737f8336e2d@group-2C1689F4816B: receive installSnapshot: 431daa7d-f040-4c11-a1fb-891b2bc8b6a1->ce66836c-a1aa-4a5b-a828-f737f8336e2d#0-t2,notify:(t:2, i:105)
2021-07-05 00:57:30,794 [grpc-default-executor-5] INFO  server.RaftServer$Division (RaftServerImpl.java:notifyStateMachineToInstallSnapshot(1610)) - ce66836c-a1aa-4a5b-a828-f737f8336e2d@group-2C1689F4816B: Snapshot Installation by StateMachine is in progress.
2021-07-05 00:57:30,795 [grpc-default-executor-5] INFO  server.RaftServer$Division (RaftServerImpl.java:installSnapshotImpl(1458)) - ce66836c-a1aa-4a5b-a828-f737f8336e2d@group-2C1689F4816B: set new configuration index: 5
configurationEntry {
  peers {
    id: "431daa7d-f040-4c11-a1fb-891b2bc8b6a1"
    address: "localhost:15460"
  }
  peers {
    id: "181931d2-e1e0-4592-a157-d5007a9fa086"
    address: "localhost:15470"
  }
}
 from snapshot
2021-07-05 00:57:30,795 [grpc-default-executor-5] INFO  server.RaftServer$Division (ServerState.java:setRaftConf(373)) - ce66836c-a1aa-4a5b-a828-f737f8336e2d@group-2C1689F4816B: set configuration 5: [431daa7d-f040-4c11-a1fb-891b2bc8b6a1|rpc:localhost:15460|admin:|client:|dataStream:|priority:0, 181931d2-e1e0-4592-a157-d5007a9fa086|rpc:localhost:15470|admin:|client:|dataStream:|priority:0], old=null
2021-07-05 00:57:30,795 [grpc-default-executor-5] INFO  server.RaftServer$Division (RaftServerImpl.java:installSnapshot(1339)) - ce66836c-a1aa-4a5b-a828-f737f8336e2d@group-2C1689F4816B: reply installSnapshot: 431daa7d-f040-4c11-a1fb-891b2bc8b6a1<-ce66836c-a1aa-4a5b-a828-f737f8336e2d#0:FAIL-t2,IN_PROGRESS
2021-07-05 00:57:30,795 [grpc-default-executor-5] INFO  server.GrpcServerProtocolService (GrpcServerProtocolService.java:onCompleted(140)) - ce66836c-a1aa-4a5b-a828-f737f8336e2d: Completed INSTALL_SNAPSHOT, lastRequest: 431daa7d-f040-4c11-a1fb-891b2bc8b6a1->ce66836c-a1aa-4a5b-a828-f737f8336e2d#0-t2,notify:(t:2, i:105)
2021-07-05 00:57:30,796 [grpc-default-executor-1] INFO  server.GrpcLogAppender (GrpcLogAppender.java:onNext(400)) - 431daa7d-f040-4c11-a1fb-891b2bc8b6a1@group-2C1689F4816B->ce66836c-a1aa-4a5b-a828-f737f8336e2d-InstallSnapshotResponseHandler: received a reply 431daa7d-f040-4c11-a1fb-891b2bc8b6a1<-ce66836c-a1aa-4a5b-a828-f737f8336e2d#0:FAIL-t2,IN_PROGRESS
2021-07-05 00:57:30,796 [grpc-default-executor-1] INFO  server.GrpcLogAppender (GrpcLogAppender.java:onNext(417)) - 431daa7d-f040-4c11-a1fb-891b2bc8b6a1@group-2C1689F4816B->ce66836c-a1aa-4a5b-a828-f737f8336e2d-InstallSnapshotResponseHandler: InstallSnapshot in progress.
2021-07-05 00:57:30,803 [Datanode State Machine Thread - 0] ERROR datanode.RunningDatanodeState (RunningDatanodeState.java:computeNextContainerState(199)) - Error in executing end point task.
java.util.concurrent.ExecutionException: java.util.concurrent.TimeoutException
	at java.util.concurrent.FutureTask.report(FutureTask.java:122)
	at java.util.concurrent.FutureTask.get(FutureTask.java:192)
	at org.apache.hadoop.ozone.container.common.states.datanode.RunningDatanodeState.computeNextContainerState(RunningDatanodeState.java:191)
	at org.apache.hadoop.ozone.container.common.states.datanode.RunningDatanodeState.await(RunningDatanodeState.java:231)
	at org.apache.hadoop.ozone.container.common.states.datanode.RunningDatanodeState.await(RunningDatanodeState.java:50)
	at org.apache.hadoop.ozone.container.common.statemachine.StateContext.execute(StateContext.java:629)
	at org.apache.hadoop.ozone.container.common.statemachine.DatanodeStateMachine.start(DatanodeStateMachine.java:244)
	at org.apache.hadoop.ozone.container.common.statemachine.DatanodeStateMachine.lambda$startDaemon$0(DatanodeStateMachine.java:429)
	at java.lang.Thread.run(Thread.java:748)
Caused by: java.util.concurrent.TimeoutException
	at java.util.concurrent.FutureTask.get(FutureTask.java:205)
	at org.apache.hadoop.ozone.container.common.states.datanode.RunningDatanodeState.lambda$execute$0(RunningDatanodeState.java:149)
	at java.util.concurrent.FutureTask.run(FutureTask.java:266)
	at java.util.concurrent.Executors$RunnableAdapter.call(Executors.java:511)
	at java.util.concurrent.FutureTask.run(FutureTask.java:266)
	at java.util.concurrent.ThreadPoolExecutor.runWorker(ThreadPoolExecutor.java:1149)
	at java.util.concurrent.ThreadPoolExecutor$Worker.run(ThreadPoolExecutor.java:624)
	... 1 more
2021-07-05 00:57:30,803 [431daa7d-f040-4c11-a1fb-891b2bc8b6a1@group-2C1689F4816B->ce66836c-a1aa-4a5b-a828-f737f8336e2d-GrpcLogAppender-LogAppenderDaemon] INFO  server.GrpcLogAppender (GrpcLogAppender.java:installSnapshot(524)) - 431daa7d-f040-4c11-a1fb-891b2bc8b6a1@group-2C1689F4816B->ce66836c-a1aa-4a5b-a828-f737f8336e2d-GrpcLogAppender: followerNextIndex = 0 but logStartIndex = 105, notify follower to install snapshot-(t:2, i:105)
2021-07-05 00:57:30,810 [431daa7d-f040-4c11-a1fb-891b2bc8b6a1@group-2C1689F4816B->ce66836c-a1aa-4a5b-a828-f737f8336e2d-GrpcLogAppender-LogAppenderDaemon] INFO  server.GrpcLogAppender (GrpcLogAppender.java:installSnapshot(532)) - 431daa7d-f040-4c11-a1fb-891b2bc8b6a1@group-2C1689F4816B->ce66836c-a1aa-4a5b-a828-f737f8336e2d-GrpcLogAppender: send 431daa7d-f040-4c11-a1fb-891b2bc8b6a1->ce66836c-a1aa-4a5b-a828-f737f8336e2d#0-t2,notify:(t:2, i:105)
2021-07-05 00:57:30,810 [grpc-default-executor-5] INFO  server.RaftServer$Division (RaftServerImpl.java:checkInconsistentAppendEntries(1292)) - ce66836c-a1aa-4a5b-a828-f737f8336e2d@group-2C1689F4816B: Failed appendEntries as snapshot ((t:2, i:105)) installation is in progress
2021-07-05 00:57:30,811 [grpc-default-executor-5] INFO  server.RaftServer$Division (RaftServerImpl.java:checkInconsistentAppendEntries(1284)) - ce66836c-a1aa-4a5b-a828-f737f8336e2d@group-2C1689F4816B: inconsistency entries. Reply:431daa7d-f040-4c11-a1fb-891b2bc8b6a1<-ce66836c-a1aa-4a5b-a828-f737f8336e2d#5:FAIL-t2,INCONSISTENCY,nextIndex=0,followerCommit=-1
2021-07-05 00:57:30,812 [grpc-default-executor-0] INFO  leader.FollowerInfo (FollowerInfoImpl.java:lambda$new$0(46)) - 431daa7d-f040-4c11-a1fb-891b2bc8b6a1@group-2C1689F4816B->ce66836c-a1aa-4a5b-a828-f737f8336e2d: nextIndex: updateUnconditionally 0 -> 0
2021-07-05 00:57:30,817 [grpc-default-executor-5] INFO  server.RaftServer$Division (RaftServerImpl.java:installSnapshot(1328)) - ce66836c-a1aa-4a5b-a828-f737f8336e2d@group-2C1689F4816B: receive installSnapshot: 431daa7d-f040-4c11-a1fb-891b2bc8b6a1->ce66836c-a1aa-4a5b-a828-f737f8336e2d#0-t2,notify:(t:2, i:105)
2021-07-05 00:57:30,817 [grpc-default-executor-5] INFO  server.RaftServer$Division (RaftServerImpl.java:notifyStateMachineToInstallSnapshot(1610)) - ce66836c-a1aa-4a5b-a828-f737f8336e2d@group-2C1689F4816B: Snapshot Installation by StateMachine is in progress.
2021-07-05 00:57:30,818 [grpc-default-executor-5] INFO  server.RaftServer$Division (RaftServerImpl.java:installSnapshotImpl(1458)) - ce66836c-a1aa-4a5b-a828-f737f8336e2d@group-2C1689F4816B: set new configuration index: 5
configurationEntry {
  peers {
    id: "431daa7d-f040-4c11-a1fb-891b2bc8b6a1"
    address: "localhost:15460"
  }
  peers {
    id: "181931d2-e1e0-4592-a157-d5007a9fa086"
    address: "localhost:15470"
  }
}
 from snapshot
2021-07-05 00:57:30,818 [grpc-default-executor-5] INFO  server.RaftServer$Division (ServerState.java:setRaftConf(373)) - ce66836c-a1aa-4a5b-a828-f737f8336e2d@group-2C1689F4816B: set configuration 5: [431daa7d-f040-4c11-a1fb-891b2bc8b6a1|rpc:localhost:15460|admin:|client:|dataStream:|priority:0, 181931d2-e1e0-4592-a157-d5007a9fa086|rpc:localhost:15470|admin:|client:|dataStream:|priority:0], old=null
2021-07-05 00:57:30,818 [grpc-default-executor-5] INFO  server.RaftServer$Division (RaftServerImpl.java:installSnapshot(1339)) - ce66836c-a1aa-4a5b-a828-f737f8336e2d@group-2C1689F4816B: reply installSnapshot: 431daa7d-f040-4c11-a1fb-891b2bc8b6a1<-ce66836c-a1aa-4a5b-a828-f737f8336e2d#0:FAIL-t2,IN_PROGRESS
2021-07-05 00:57:30,818 [grpc-default-executor-5] INFO  server.GrpcServerProtocolService (GrpcServerProtocolService.java:onCompleted(140)) - ce66836c-a1aa-4a5b-a828-f737f8336e2d: Completed INSTALL_SNAPSHOT, lastRequest: 431daa7d-f040-4c11-a1fb-891b2bc8b6a1->ce66836c-a1aa-4a5b-a828-f737f8336e2d#0-t2,notify:(t:2, i:105)
2021-07-05 00:57:30,828 [grpc-default-executor-0] INFO  server.GrpcLogAppender (GrpcLogAppender.java:onNext(400)) - 431daa7d-f040-4c11-a1fb-891b2bc8b6a1@group-2C1689F4816B->ce66836c-a1aa-4a5b-a828-f737f8336e2d-InstallSnapshotResponseHandler: received a reply 431daa7d-f040-4c11-a1fb-891b2bc8b6a1<-ce66836c-a1aa-4a5b-a828-f737f8336e2d#0:FAIL-t2,IN_PROGRESS
2021-07-05 00:57:30,828 [grpc-default-executor-0] INFO  server.GrpcLogAppender (GrpcLogAppender.java:onNext(417)) - 431daa7d-f040-4c11-a1fb-891b2bc8b6a1@group-2C1689F4816B->ce66836c-a1aa-4a5b-a828-f737f8336e2d-InstallSnapshotResponseHandler: InstallSnapshot in progress.
2021-07-05 00:57:30,829 [431daa7d-f040-4c11-a1fb-891b2bc8b6a1@group-2C1689F4816B->ce66836c-a1aa-4a5b-a828-f737f8336e2d-GrpcLogAppender-LogAppenderDaemon] INFO  server.GrpcLogAppender (GrpcLogAppender.java:installSnapshot(524)) - 431daa7d-f040-4c11-a1fb-891b2bc8b6a1@group-2C1689F4816B->ce66836c-a1aa-4a5b-a828-f737f8336e2d-GrpcLogAppender: followerNextIndex = 0 but logStartIndex = 105, notify follower to install snapshot-(t:2, i:105)
2021-07-05 00:57:30,829 [431daa7d-f040-4c11-a1fb-891b2bc8b6a1@group-2C1689F4816B->ce66836c-a1aa-4a5b-a828-f737f8336e2d-GrpcLogAppender-LogAppenderDaemon] INFO  server.GrpcLogAppender (GrpcLogAppender.java:installSnapshot(532)) - 431daa7d-f040-4c11-a1fb-891b2bc8b6a1@group-2C1689F4816B->ce66836c-a1aa-4a5b-a828-f737f8336e2d-GrpcLogAppender: send 431daa7d-f040-4c11-a1fb-891b2bc8b6a1->ce66836c-a1aa-4a5b-a828-f737f8336e2d#0-t2,notify:(t:2, i:105)
2021-07-05 00:57:30,830 [grpc-default-executor-0] INFO  server.RaftServer$Division (RaftServerImpl.java:checkInconsistentAppendEntries(1292)) - ce66836c-a1aa-4a5b-a828-f737f8336e2d@group-2C1689F4816B: Failed appendEntries as snapshot ((t:2, i:105)) installation is in progress
2021-07-05 00:57:30,830 [grpc-default-executor-0] INFO  server.RaftServer$Division (RaftServerImpl.java:checkInconsistentAppendEntries(1284)) - ce66836c-a1aa-4a5b-a828-f737f8336e2d@group-2C1689F4816B: inconsistency entries. Reply:431daa7d-f040-4c11-a1fb-891b2bc8b6a1<-ce66836c-a1aa-4a5b-a828-f737f8336e2d#6:FAIL-t2,INCONSISTENCY,nextIndex=0,followerCommit=-1
2021-07-05 00:57:30,831 [grpc-default-executor-5] INFO  leader.FollowerInfo (FollowerInfoImpl.java:lambda$new$0(46)) - 431daa7d-f040-4c11-a1fb-891b2bc8b6a1@group-2C1689F4816B->ce66836c-a1aa-4a5b-a828-f737f8336e2d: nextIndex: updateUnconditionally 0 -> 0
2021-07-05 00:57:30,832 [grpc-default-executor-1] INFO  server.RaftServer$Division (RaftServerImpl.java:installSnapshot(1328)) - ce66836c-a1aa-4a5b-a828-f737f8336e2d@group-2C1689F4816B: receive installSnapshot: 431daa7d-f040-4c11-a1fb-891b2bc8b6a1->ce66836c-a1aa-4a5b-a828-f737f8336e2d#0-t2,notify:(t:2, i:105)
2021-07-05 00:57:30,832 [grpc-default-executor-1] INFO  server.RaftServer$Division (RaftServerImpl.java:notifyStateMachineToInstallSnapshot(1610)) - ce66836c-a1aa-4a5b-a828-f737f8336e2d@group-2C1689F4816B: Snapshot Installation by StateMachine is in progress.
2021-07-05 00:57:30,834 [grpc-default-executor-1] INFO  server.RaftServer$Division (RaftServerImpl.java:installSnapshotImpl(1458)) - ce66836c-a1aa-4a5b-a828-f737f8336e2d@group-2C1689F4816B: set new configuration index: 5
configurationEntry {
  peers {
    id: "431daa7d-f040-4c11-a1fb-891b2bc8b6a1"
    address: "localhost:15460"
  }
  peers {
    id: "181931d2-e1e0-4592-a157-d5007a9fa086"
    address: "localhost:15470"
  }
}
 from snapshot
2021-07-05 00:57:30,834 [grpc-default-executor-1] INFO  server.RaftServer$Division (ServerState.java:setRaftConf(373)) - ce66836c-a1aa-4a5b-a828-f737f8336e2d@group-2C1689F4816B: set configuration 5: [431daa7d-f040-4c11-a1fb-891b2bc8b6a1|rpc:localhost:15460|admin:|client:|dataStream:|priority:0, 181931d2-e1e0-4592-a157-d5007a9fa086|rpc:localhost:15470|admin:|client:|dataStream:|priority:0], old=null
2021-07-05 00:57:30,835 [grpc-default-executor-1] INFO  server.RaftServer$Division (RaftServerImpl.java:installSnapshot(1339)) - ce66836c-a1aa-4a5b-a828-f737f8336e2d@group-2C1689F4816B: reply installSnapshot: 431daa7d-f040-4c11-a1fb-891b2bc8b6a1<-ce66836c-a1aa-4a5b-a828-f737f8336e2d#0:FAIL-t2,IN_PROGRESS
2021-07-05 00:57:30,835 [grpc-default-executor-1] INFO  server.GrpcServerProtocolService (GrpcServerProtocolService.java:onCompleted(140)) - ce66836c-a1aa-4a5b-a828-f737f8336e2d: Completed INSTALL_SNAPSHOT, lastRequest: 431daa7d-f040-4c11-a1fb-891b2bc8b6a1->ce66836c-a1aa-4a5b-a828-f737f8336e2d#0-t2,notify:(t:2, i:105)
2021-07-05 00:57:30,835 [grpc-default-executor-1] INFO  server.GrpcLogAppender (GrpcLogAppender.java:onNext(400)) - 431daa7d-f040-4c11-a1fb-891b2bc8b6a1@group-2C1689F4816B->ce66836c-a1aa-4a5b-a828-f737f8336e2d-InstallSnapshotResponseHandler: received a reply 431daa7d-f040-4c11-a1fb-891b2bc8b6a1<-ce66836c-a1aa-4a5b-a828-f737f8336e2d#0:FAIL-t2,IN_PROGRESS
2021-07-05 00:57:30,836 [grpc-default-executor-1] INFO  server.GrpcLogAppender (GrpcLogAppender.java:onNext(417)) - 431daa7d-f040-4c11-a1fb-891b2bc8b6a1@group-2C1689F4816B->ce66836c-a1aa-4a5b-a828-f737f8336e2d-InstallSnapshotResponseHandler: InstallSnapshot in progress.
2021-07-05 00:57:30,837 [431daa7d-f040-4c11-a1fb-891b2bc8b6a1@group-2C1689F4816B->ce66836c-a1aa-4a5b-a828-f737f8336e2d-GrpcLogAppender-LogAppenderDaemon] INFO  server.GrpcLogAppender (GrpcLogAppender.java:installSnapshot(524)) - 431daa7d-f040-4c11-a1fb-891b2bc8b6a1@group-2C1689F4816B->ce66836c-a1aa-4a5b-a828-f737f8336e2d-GrpcLogAppender: followerNextIndex = 0 but logStartIndex = 105, notify follower to install snapshot-(t:2, i:105)
2021-07-05 00:57:30,837 [431daa7d-f040-4c11-a1fb-891b2bc8b6a1@group-2C1689F4816B->ce66836c-a1aa-4a5b-a828-f737f8336e2d-GrpcLogAppender-LogAppenderDaemon] INFO  server.GrpcLogAppender (GrpcLogAppender.java:installSnapshot(532)) - 431daa7d-f040-4c11-a1fb-891b2bc8b6a1@group-2C1689F4816B->ce66836c-a1aa-4a5b-a828-f737f8336e2d-GrpcLogAppender: send 431daa7d-f040-4c11-a1fb-891b2bc8b6a1->ce66836c-a1aa-4a5b-a828-f737f8336e2d#0-t2,notify:(t:2, i:105)
2021-07-05 00:57:30,837 [grpc-default-executor-1] INFO  server.RaftServer$Division (RaftServerImpl.java:checkInconsistentAppendEntries(1292)) - ce66836c-a1aa-4a5b-a828-f737f8336e2d@group-2C1689F4816B: Failed appendEntries as snapshot ((t:2, i:105)) installation is in progress
2021-07-05 00:57:30,838 [grpc-default-executor-1] INFO  server.RaftServer$Division (RaftServerImpl.java:checkInconsistentAppendEntries(1284)) - ce66836c-a1aa-4a5b-a828-f737f8336e2d@group-2C1689F4816B: inconsistency entries. Reply:431daa7d-f040-4c11-a1fb-891b2bc8b6a1<-ce66836c-a1aa-4a5b-a828-f737f8336e2d#7:FAIL-t2,INCONSISTENCY,nextIndex=0,followerCommit=-1
2021-07-05 00:57:30,839 [grpc-default-executor-5] INFO  server.RaftServer$Division (RaftServerImpl.java:installSnapshot(1328)) - ce66836c-a1aa-4a5b-a828-f737f8336e2d@group-2C1689F4816B: receive installSnapshot: 431daa7d-f040-4c11-a1fb-891b2bc8b6a1->ce66836c-a1aa-4a5b-a828-f737f8336e2d#0-t2,notify:(t:2, i:105)
2021-07-05 00:57:30,839 [grpc-default-executor-5] INFO  server.RaftServer$Division (RaftServerImpl.java:notifyStateMachineToInstallSnapshot(1610)) - ce66836c-a1aa-4a5b-a828-f737f8336e2d@group-2C1689F4816B: Snapshot Installation by StateMachine is in progress.
2021-07-05 00:57:30,840 [grpc-default-executor-5] INFO  server.RaftServer$Division (RaftServerImpl.java:installSnapshotImpl(1458)) - ce66836c-a1aa-4a5b-a828-f737f8336e2d@group-2C1689F4816B: set new configuration index: 5
configurationEntry {
  peers {
    id: "431daa7d-f040-4c11-a1fb-891b2bc8b6a1"
    address: "localhost:15460"
  }
  peers {
    id: "181931d2-e1e0-4592-a157-d5007a9fa086"
    address: "localhost:15470"
  }
}
 from snapshot
2021-07-05 00:57:30,840 [grpc-default-executor-5] INFO  server.RaftServer$Division (ServerState.java:setRaftConf(373)) - ce66836c-a1aa-4a5b-a828-f737f8336e2d@group-2C1689F4816B: set configuration 5: [431daa7d-f040-4c11-a1fb-891b2bc8b6a1|rpc:localhost:15460|admin:|client:|dataStream:|priority:0, 181931d2-e1e0-4592-a157-d5007a9fa086|rpc:localhost:15470|admin:|client:|dataStream:|priority:0], old=null
2021-07-05 00:57:30,840 [grpc-default-executor-5] INFO  server.RaftServer$Division (RaftServerImpl.java:installSnapshot(1339)) - ce66836c-a1aa-4a5b-a828-f737f8336e2d@group-2C1689F4816B: reply installSnapshot: 431daa7d-f040-4c11-a1fb-891b2bc8b6a1<-ce66836c-a1aa-4a5b-a828-f737f8336e2d#0:FAIL-t2,IN_PROGRESS
2021-07-05 00:57:30,840 [grpc-default-executor-5] INFO  server.GrpcServerProtocolService (GrpcServerProtocolService.java:onCompleted(140)) - ce66836c-a1aa-4a5b-a828-f737f8336e2d: Completed INSTALL_SNAPSHOT, lastRequest: 431daa7d-f040-4c11-a1fb-891b2bc8b6a1->ce66836c-a1aa-4a5b-a828-f737f8336e2d#0-t2,notify:(t:2, i:105)
2021-07-05 00:57:30,841 [grpc-default-executor-5] INFO  leader.FollowerInfo (FollowerInfoImpl.java:lambda$new$0(46)) - 431daa7d-f040-4c11-a1fb-891b2bc8b6a1@group-2C1689F4816B->ce66836c-a1aa-4a5b-a828-f737f8336e2d: nextIndex: updateUnconditionally 0 -> 0
2021-07-05 00:57:30,841 [grpc-default-executor-5] INFO  server.GrpcLogAppender (GrpcLogAppender.java:onNext(400)) - 431daa7d-f040-4c11-a1fb-891b2bc8b6a1@group-2C1689F4816B->ce66836c-a1aa-4a5b-a828-f737f8336e2d-InstallSnapshotResponseHandler: received a reply 431daa7d-f040-4c11-a1fb-891b2bc8b6a1<-ce66836c-a1aa-4a5b-a828-f737f8336e2d#0:FAIL-t2,IN_PROGRESS
2021-07-05 00:57:30,842 [grpc-default-executor-5] INFO  server.GrpcLogAppender (GrpcLogAppender.java:onNext(417)) - 431daa7d-f040-4c11-a1fb-891b2bc8b6a1@group-2C1689F4816B->ce66836c-a1aa-4a5b-a828-f737f8336e2d-InstallSnapshotResponseHandler: InstallSnapshot in progress.
2021-07-05 00:57:30,843 [431daa7d-f040-4c11-a1fb-891b2bc8b6a1@group-2C1689F4816B->ce66836c-a1aa-4a5b-a828-f737f8336e2d-GrpcLogAppender-LogAppenderDaemon] INFO  server.GrpcLogAppender (GrpcLogAppender.java:installSnapshot(524)) - 431daa7d-f040-4c11-a1fb-891b2bc8b6a1@group-2C1689F4816B->ce66836c-a1aa-4a5b-a828-f737f8336e2d-GrpcLogAppender: followerNextIndex = 0 but logStartIndex = 105, notify follower to install snapshot-(t:2, i:105)
2021-07-05 00:57:30,843 [431daa7d-f040-4c11-a1fb-891b2bc8b6a1@group-2C1689F4816B->ce66836c-a1aa-4a5b-a828-f737f8336e2d-GrpcLogAppender-LogAppenderDaemon] INFO  server.GrpcLogAppender (GrpcLogAppender.java:installSnapshot(532)) - 431daa7d-f040-4c11-a1fb-891b2bc8b6a1@group-2C1689F4816B->ce66836c-a1aa-4a5b-a828-f737f8336e2d-GrpcLogAppender: send 431daa7d-f040-4c11-a1fb-891b2bc8b6a1->ce66836c-a1aa-4a5b-a828-f737f8336e2d#0-t2,notify:(t:2, i:105)
2021-07-05 00:57:30,848 [grpc-default-executor-1] INFO  server.RaftServer$Division (RaftServerImpl.java:checkInconsistentAppendEntries(1292)) - ce66836c-a1aa-4a5b-a828-f737f8336e2d@group-2C1689F4816B: Failed appendEntries as snapshot ((t:2, i:105)) installation is in progress
2021-07-05 00:57:30,848 [grpc-default-executor-1] INFO  server.RaftServer$Division (RaftServerImpl.java:checkInconsistentAppendEntries(1284)) - ce66836c-a1aa-4a5b-a828-f737f8336e2d@group-2C1689F4816B: inconsistency entries. Reply:431daa7d-f040-4c11-a1fb-891b2bc8b6a1<-ce66836c-a1aa-4a5b-a828-f737f8336e2d#8:FAIL-t2,INCONSISTENCY,nextIndex=0,followerCommit=-1
2021-07-05 00:57:30,849 [grpc-default-executor-1] INFO  leader.FollowerInfo (FollowerInfoImpl.java:lambda$new$0(46)) - 431daa7d-f040-4c11-a1fb-891b2bc8b6a1@group-2C1689F4816B->ce66836c-a1aa-4a5b-a828-f737f8336e2d: nextIndex: updateUnconditionally 0 -> 0
2021-07-05 00:57:30,851 [grpc-default-executor-5] INFO  server.RaftServer$Division (RaftServerImpl.java:installSnapshot(1328)) - ce66836c-a1aa-4a5b-a828-f737f8336e2d@group-2C1689F4816B: receive installSnapshot: 431daa7d-f040-4c11-a1fb-891b2bc8b6a1->ce66836c-a1aa-4a5b-a828-f737f8336e2d#0-t2,notify:(t:2, i:105)
2021-07-05 00:57:30,851 [grpc-default-executor-5] INFO  server.RaftServer$Division (RaftServerImpl.java:notifyStateMachineToInstallSnapshot(1610)) - ce66836c-a1aa-4a5b-a828-f737f8336e2d@group-2C1689F4816B: Snapshot Installation by StateMachine is in progress.
2021-07-05 00:57:30,851 [grpc-default-executor-5] INFO  server.RaftServer$Division (RaftServerImpl.java:installSnapshotImpl(1458)) - ce66836c-a1aa-4a5b-a828-f737f8336e2d@group-2C1689F4816B: set new configuration index: 5
configurationEntry {
  peers {
    id: "431daa7d-f040-4c11-a1fb-891b2bc8b6a1"
    address: "localhost:15460"
  }
  peers {
    id: "181931d2-e1e0-4592-a157-d5007a9fa086"
    address: "localhost:15470"
  }
}
 from snapshot
2021-07-05 00:57:30,851 [grpc-default-executor-5] INFO  server.RaftServer$Division (ServerState.java:setRaftConf(373)) - ce66836c-a1aa-4a5b-a828-f737f8336e2d@group-2C1689F4816B: set configuration 5: [431daa7d-f040-4c11-a1fb-891b2bc8b6a1|rpc:localhost:15460|admin:|client:|dataStream:|priority:0, 181931d2-e1e0-4592-a157-d5007a9fa086|rpc:localhost:15470|admin:|client:|dataStream:|priority:0], old=null
2021-07-05 00:57:30,851 [grpc-default-executor-5] INFO  server.RaftServer$Division (RaftServerImpl.java:installSnapshot(1339)) - ce66836c-a1aa-4a5b-a828-f737f8336e2d@group-2C1689F4816B: reply installSnapshot: 431daa7d-f040-4c11-a1fb-891b2bc8b6a1<-ce66836c-a1aa-4a5b-a828-f737f8336e2d#0:FAIL-t2,IN_PROGRESS
2021-07-05 00:57:30,852 [grpc-default-executor-5] INFO  server.GrpcServerProtocolService (GrpcServerProtocolService.java:onCompleted(140)) - ce66836c-a1aa-4a5b-a828-f737f8336e2d: Completed INSTALL_SNAPSHOT, lastRequest: 431daa7d-f040-4c11-a1fb-891b2bc8b6a1->ce66836c-a1aa-4a5b-a828-f737f8336e2d#0-t2,notify:(t:2, i:105)
2021-07-05 00:57:30,853 [grpc-default-executor-5] INFO  server.GrpcLogAppender (GrpcLogAppender.java:onNext(400)) - 431daa7d-f040-4c11-a1fb-891b2bc8b6a1@group-2C1689F4816B->ce66836c-a1aa-4a5b-a828-f737f8336e2d-InstallSnapshotResponseHandler: received a reply 431daa7d-f040-4c11-a1fb-891b2bc8b6a1<-ce66836c-a1aa-4a5b-a828-f737f8336e2d#0:FAIL-t2,IN_PROGRESS
2021-07-05 00:57:30,853 [grpc-default-executor-5] INFO  server.GrpcLogAppender (GrpcLogAppender.java:onNext(417)) - 431daa7d-f040-4c11-a1fb-891b2bc8b6a1@group-2C1689F4816B->ce66836c-a1aa-4a5b-a828-f737f8336e2d-InstallSnapshotResponseHandler: InstallSnapshot in progress.
2021-07-05 00:57:30,854 [431daa7d-f040-4c11-a1fb-891b2bc8b6a1@group-2C1689F4816B->ce66836c-a1aa-4a5b-a828-f737f8336e2d-GrpcLogAppender-LogAppenderDaemon] INFO  server.GrpcLogAppender (GrpcLogAppender.java:installSnapshot(524)) - 431daa7d-f040-4c11-a1fb-891b2bc8b6a1@group-2C1689F4816B->ce66836c-a1aa-4a5b-a828-f737f8336e2d-GrpcLogAppender: followerNextIndex = 0 but logStartIndex = 105, notify follower to install snapshot-(t:2, i:105)
2021-07-05 00:57:30,854 [pool-55-thread-1] INFO  ha.SCMHAManagerImpl (SCMHAManagerImpl.java:verifyCheckpointFromLeader(172)) - Installing checkpoint with SCMTransactionInfo 2#203
2021-07-05 00:57:30,855 [431daa7d-f040-4c11-a1fb-891b2bc8b6a1@group-2C1689F4816B->ce66836c-a1aa-4a5b-a828-f737f8336e2d-GrpcLogAppender-LogAppenderDaemon] INFO  server.GrpcLogAppender (GrpcLogAppender.java:installSnapshot(532)) - 431daa7d-f040-4c11-a1fb-891b2bc8b6a1@group-2C1689F4816B->ce66836c-a1aa-4a5b-a828-f737f8336e2d-GrpcLogAppender: send 431daa7d-f040-4c11-a1fb-891b2bc8b6a1->ce66836c-a1aa-4a5b-a828-f737f8336e2d#0-t2,notify:(t:2, i:105)
2021-07-05 00:57:30,855 [pool-55-thread-1] INFO  server.RaftServer$Division (RaftServerImpl.java:lambda$notifyStateMachineToInstallSnapshot$30(1593)) - ce66836c-a1aa-4a5b-a828-f737f8336e2d@group-2C1689F4816B: StateMachine successfully installed snapshot index 203. Reloading the StateMachine.
2021-07-05 00:57:30,855 [pool-55-thread-1] INFO  segmented.SegmentedRaftLogWorker (SegmentedRaftLogWorker.java:lambda$new$0(133)) - ce66836c-a1aa-4a5b-a828-f737f8336e2d@group-2C1689F4816B-SegmentedRaftLogWorker: flushIndex: setUnconditionally -1 -> 203
2021-07-05 00:57:30,855 [pool-55-thread-1] INFO  segmented.SegmentedRaftLogWorker (SegmentedRaftLogWorker.java:lambda$new$0(133)) - ce66836c-a1aa-4a5b-a828-f737f8336e2d@group-2C1689F4816B-SegmentedRaftLogWorker: safeCacheEvictIndex: setUnconditionally -1 -> 203
2021-07-05 00:57:30,855 [pool-55-thread-1] INFO  raftlog.RaftLog (RaftLogBase.java:lambda$new$0(53)) - ce66836c-a1aa-4a5b-a828-f737f8336e2d@group-2C1689F4816B-SegmentedRaftLog: snapshotIndex: updateIncreasingly -1 -> 203
2021-07-05 00:57:30,867 [grpc-default-executor-1] INFO  server.RaftServer$Division (RaftServerImpl.java:installSnapshot(1328)) - ce66836c-a1aa-4a5b-a828-f737f8336e2d@group-2C1689F4816B: receive installSnapshot: 431daa7d-f040-4c11-a1fb-891b2bc8b6a1->ce66836c-a1aa-4a5b-a828-f737f8336e2d#0-t2,notify:(t:2, i:105)
2021-07-05 00:57:30,868 [grpc-default-executor-1] INFO  server.RaftServer$Division (RaftServerImpl.java:notifyStateMachineToInstallSnapshot(1559)) - ce66836c-a1aa-4a5b-a828-f737f8336e2d@group-2C1689F4816B: StateMachine snapshotIndex is 203
2021-07-05 00:57:30,868 [grpc-default-executor-1] INFO  server.RaftServer$Division (RaftServerImpl.java:installSnapshotImpl(1458)) - ce66836c-a1aa-4a5b-a828-f737f8336e2d@group-2C1689F4816B: set new configuration index: 5
configurationEntry {
  peers {
    id: "431daa7d-f040-4c11-a1fb-891b2bc8b6a1"
    address: "localhost:15460"
  }
  peers {
    id: "181931d2-e1e0-4592-a157-d5007a9fa086"
    address: "localhost:15470"
  }
}
 from snapshot
2021-07-05 00:57:30,868 [grpc-default-executor-1] INFO  server.RaftServer$Division (ServerState.java:setRaftConf(373)) - ce66836c-a1aa-4a5b-a828-f737f8336e2d@group-2C1689F4816B: set configuration 5: [431daa7d-f040-4c11-a1fb-891b2bc8b6a1|rpc:localhost:15460|admin:|client:|dataStream:|priority:0, 181931d2-e1e0-4592-a157-d5007a9fa086|rpc:localhost:15470|admin:|client:|dataStream:|priority:0], old=null
2021-07-05 00:57:30,868 [grpc-default-executor-1] INFO  server.RaftServer$Division (RaftServerImpl.java:installSnapshot(1339)) - ce66836c-a1aa-4a5b-a828-f737f8336e2d@group-2C1689F4816B: reply installSnapshot: 431daa7d-f040-4c11-a1fb-891b2bc8b6a1<-ce66836c-a1aa-4a5b-a828-f737f8336e2d#0:FAIL-t2,ALREADY_INSTALLED,snapshotIndex=203
2021-07-05 00:57:30,868 [grpc-default-executor-1] INFO  server.GrpcServerProtocolService (GrpcServerProtocolService.java:onCompleted(140)) - ce66836c-a1aa-4a5b-a828-f737f8336e2d: Completed INSTALL_SNAPSHOT, lastRequest: 431daa7d-f040-4c11-a1fb-891b2bc8b6a1->ce66836c-a1aa-4a5b-a828-f737f8336e2d#0-t2,notify:(t:2, i:105)
2021-07-05 00:57:30,869 [grpc-default-executor-1] INFO  server.GrpcLogAppender (GrpcLogAppender.java:onNext(400)) - 431daa7d-f040-4c11-a1fb-891b2bc8b6a1@group-2C1689F4816B->ce66836c-a1aa-4a5b-a828-f737f8336e2d-InstallSnapshotResponseHandler: received a reply 431daa7d-f040-4c11-a1fb-891b2bc8b6a1<-ce66836c-a1aa-4a5b-a828-f737f8336e2d#0:FAIL-t2,ALREADY_INSTALLED,snapshotIndex=203
2021-07-05 00:57:30,869 [grpc-default-executor-1] INFO  server.GrpcLogAppender (GrpcLogAppender.java:onNext(422)) - 431daa7d-f040-4c11-a1fb-891b2bc8b6a1@group-2C1689F4816B->ce66836c-a1aa-4a5b-a828-f737f8336e2d-InstallSnapshotResponseHandler: Already Installed Snapshot Index 203.
2021-07-05 00:57:30,870 [grpc-default-executor-1] INFO  leader.FollowerInfo (FollowerInfoImpl.java:lambda$new$0(46)) - 431daa7d-f040-4c11-a1fb-891b2bc8b6a1@group-2C1689F4816B->ce66836c-a1aa-4a5b-a828-f737f8336e2d: snapshotIndex: setUnconditionally 0 -> 203
2021-07-05 00:57:30,870 [grpc-default-executor-1] INFO  leader.FollowerInfo (FollowerInfoImpl.java:lambda$new$0(46)) - 431daa7d-f040-4c11-a1fb-891b2bc8b6a1@group-2C1689F4816B->ce66836c-a1aa-4a5b-a828-f737f8336e2d: matchIndex: setUnconditionally 0 -> 203
2021-07-05 00:57:30,870 [grpc-default-executor-1] INFO  leader.FollowerInfo (FollowerInfoImpl.java:lambda$new$0(46)) - 431daa7d-f040-4c11-a1fb-891b2bc8b6a1@group-2C1689F4816B->ce66836c-a1aa-4a5b-a828-f737f8336e2d: nextIndex: setUnconditionally 0 -> 204
2021-07-05 00:57:30,870 [grpc-default-executor-1] INFO  leader.FollowerInfo (FollowerInfoImpl.java:lambda$new$0(46)) - 431daa7d-f040-4c11-a1fb-891b2bc8b6a1@group-2C1689F4816B->ce66836c-a1aa-4a5b-a828-f737f8336e2d: nextIndex: updateToMax old=204, new=204, updated? false
2021-07-05 00:57:30,878 [grpc-default-executor-1] INFO  segmented.SegmentedRaftLogWorker (SegmentedRaftLogWorker.java:startLogSegment(394)) - ce66836c-a1aa-4a5b-a828-f737f8336e2d@group-2C1689F4816B-SegmentedRaftLogWorker: Starting segment from index:204
2021-07-05 00:57:30,880 [ce66836c-a1aa-4a5b-a828-f737f8336e2d@group-2C1689F4816B-SegmentedRaftLogWorker] INFO  segmented.SegmentedRaftLogWorker (SegmentedRaftLogWorker.java:execute(601)) - ce66836c-a1aa-4a5b-a828-f737f8336e2d@group-2C1689F4816B-SegmentedRaftLogWorker: created new log segment /home/runner/work/ozone/ozone/mnt/ozone/hadoop-ozone/integration-test/target/test-dir/MiniOzoneClusterImpl-47f02201-3656-42a8-b726-2c1689f4816b/scmNode-3/scm-ha/47f02201-3656-42a8-b726-2c1689f4816b/current/log_inprogress_204
2021-07-05 00:57:30,882 [431daa7d-f040-4c11-a1fb-891b2bc8b6a1@group-2C1689F4816B-LeaderStateImpl] INFO  server.RaftServer$Division (ServerState.java:setRaftConf(373)) - 431daa7d-f040-4c11-a1fb-891b2bc8b6a1@group-2C1689F4816B: set configuration 205: [431daa7d-f040-4c11-a1fb-891b2bc8b6a1|rpc:localhost:15460|admin:|client:|dataStream:|priority:0, ce66836c-a1aa-4a5b-a828-f737f8336e2d|rpc:localhost:15480|priority:0, 181931d2-e1e0-4592-a157-d5007a9fa086|rpc:localhost:15470|priority:0], old=[431daa7d-f040-4c11-a1fb-891b2bc8b6a1|rpc:localhost:15460|admin:|client:|dataStream:|priority:0, 181931d2-e1e0-4592-a157-d5007a9fa086|rpc:localhost:15470|priority:0]
2021-07-05 00:57:30,884 [grpc-default-executor-5] INFO  server.RaftServer$Division (ServerState.java:setRaftConf(373)) - ce66836c-a1aa-4a5b-a828-f737f8336e2d@group-2C1689F4816B: set configuration 205: [431daa7d-f040-4c11-a1fb-891b2bc8b6a1|rpc:localhost:15460|admin:|client:|dataStream:|priority:0, ce66836c-a1aa-4a5b-a828-f737f8336e2d|rpc:localhost:15480|admin:|client:|dataStream:|priority:0, 181931d2-e1e0-4592-a157-d5007a9fa086|rpc:localhost:15470|admin:|client:|dataStream:|priority:0], old=[431daa7d-f040-4c11-a1fb-891b2bc8b6a1|rpc:localhost:15460|admin:|client:|dataStream:|priority:0, 181931d2-e1e0-4592-a157-d5007a9fa086|rpc:localhost:15470|admin:|client:|dataStream:|priority:0]
2021-07-05 00:57:30,885 [grpc-default-executor-1] INFO  server.RaftServer$Division (ServerState.java:setRaftConf(373)) - 181931d2-e1e0-4592-a157-d5007a9fa086@group-2C1689F4816B: set configuration 205: [431daa7d-f040-4c11-a1fb-891b2bc8b6a1|rpc:localhost:15460|admin:|client:|dataStream:|priority:0, ce66836c-a1aa-4a5b-a828-f737f8336e2d|rpc:localhost:15480|admin:|client:|dataStream:|priority:0, 181931d2-e1e0-4592-a157-d5007a9fa086|rpc:localhost:15470|admin:|client:|dataStream:|priority:0], old=[431daa7d-f040-4c11-a1fb-891b2bc8b6a1|rpc:localhost:15460|admin:|client:|dataStream:|priority:0, 181931d2-e1e0-4592-a157-d5007a9fa086|rpc:localhost:15470|admin:|client:|dataStream:|priority:0]
2021-07-05 00:57:30,888 [431daa7d-f040-4c11-a1fb-891b2bc8b6a1@group-2C1689F4816B-LeaderStateImpl] INFO  server.RaftServer$Division (ServerState.java:setRaftConf(373)) - 431daa7d-f040-4c11-a1fb-891b2bc8b6a1@group-2C1689F4816B: set configuration 207: [431daa7d-f040-4c11-a1fb-891b2bc8b6a1|rpc:localhost:15460|admin:|client:|dataStream:|priority:0, ce66836c-a1aa-4a5b-a828-f737f8336e2d|rpc:localhost:15480|priority:0, 181931d2-e1e0-4592-a157-d5007a9fa086|rpc:localhost:15470|priority:0], old=null
2021-07-05 00:57:30,889 [431daa7d-f040-4c11-a1fb-891b2bc8b6a1@group-2C1689F4816B-StateMachineUpdater] INFO  ha.SCMStateMachine (SCMStateMachine.java:takeSnapshot(290)) - Current Snapshot Index 205, takeSnapshot took 1 ms
2021-07-05 00:57:30,889 [431daa7d-f040-4c11-a1fb-891b2bc8b6a1@group-2C1689F4816B-StateMachineUpdater] INFO  impl.StateMachineUpdater (StateMachineUpdater.java:takeSnapshot(281)) - 431daa7d-f040-4c11-a1fb-891b2bc8b6a1@group-2C1689F4816B-StateMachineUpdater: Took a snapshot at index 205
2021-07-05 00:57:30,889 [431daa7d-f040-4c11-a1fb-891b2bc8b6a1@group-2C1689F4816B-StateMachineUpdater] INFO  impl.StateMachineUpdater (StateMachineUpdater.java:lambda$new$0(89)) - 431daa7d-f040-4c11-a1fb-891b2bc8b6a1@group-2C1689F4816B-StateMachineUpdater: snapshotIndex: updateIncreasingly 200 -> 205
2021-07-05 00:57:30,889 [431daa7d-f040-4c11-a1fb-891b2bc8b6a1@group-2C1689F4816B-StateMachineUpdater] INFO  raftlog.RaftLog (RaftLogBase.java:purge(306)) - 431daa7d-f040-4c11-a1fb-891b2bc8b6a1@group-2C1689F4816B-SegmentedRaftLog: purge 205
2021-07-05 00:57:30,889 [431daa7d-f040-4c11-a1fb-891b2bc8b6a1@group-2C1689F4816B-StateMachineUpdater] INFO  raftlog.RaftLog (RaftLogBase.java:lambda$new$0(53)) - 431daa7d-f040-4c11-a1fb-891b2bc8b6a1@group-2C1689F4816B-SegmentedRaftLog: snapshotIndex: updateIncreasingly 200 -> 205
2021-07-05 00:57:30,890 [431daa7d-f040-4c11-a1fb-891b2bc8b6a1@group-2C1689F4816B-StateMachineUpdater] INFO  raftlog.RaftLog (RaftLogBase.java:lambda$new$0(53)) - 431daa7d-f040-4c11-a1fb-891b2bc8b6a1@group-2C1689F4816B-SegmentedRaftLog: purgeIndex: updateToMax old=200, new=205, updated? true
2021-07-05 00:57:30,890 [grpc-default-executor-5] INFO  server.RaftServer$Division (ServerState.java:setRaftConf(373)) - ce66836c-a1aa-4a5b-a828-f737f8336e2d@group-2C1689F4816B: set configuration 207: [431daa7d-f040-4c11-a1fb-891b2bc8b6a1|rpc:localhost:15460|admin:|client:|dataStream:|priority:0, ce66836c-a1aa-4a5b-a828-f737f8336e2d|rpc:localhost:15480|admin:|client:|dataStream:|priority:0, 181931d2-e1e0-4592-a157-d5007a9fa086|rpc:localhost:15470|admin:|client:|dataStream:|priority:0], old=null
2021-07-05 00:57:30,891 [grpc-default-executor-1] INFO  server.RaftServer$Division (ServerState.java:setRaftConf(373)) - 181931d2-e1e0-4592-a157-d5007a9fa086@group-2C1689F4816B: set configuration 207: [431daa7d-f040-4c11-a1fb-891b2bc8b6a1|rpc:localhost:15460|admin:|client:|dataStream:|priority:0, ce66836c-a1aa-4a5b-a828-f737f8336e2d|rpc:localhost:15480|admin:|client:|dataStream:|priority:0, 181931d2-e1e0-4592-a157-d5007a9fa086|rpc:localhost:15470|admin:|client:|dataStream:|priority:0], old=null
2021-07-05 00:57:30,893 [181931d2-e1e0-4592-a157-d5007a9fa086@group-2C1689F4816B-StateMachineUpdater] INFO  ha.SCMStateMachine (SCMStateMachine.java:takeSnapshot(290)) - Current Snapshot Index 205, takeSnapshot took 0 ms
2021-07-05 00:57:30,893 [181931d2-e1e0-4592-a157-d5007a9fa086@group-2C1689F4816B-StateMachineUpdater] INFO  impl.StateMachineUpdater (StateMachineUpdater.java:takeSnapshot(281)) - 181931d2-e1e0-4592-a157-d5007a9fa086@group-2C1689F4816B-StateMachineUpdater: Took a snapshot at index 205
2021-07-05 00:57:30,893 [181931d2-e1e0-4592-a157-d5007a9fa086@group-2C1689F4816B-StateMachineUpdater] INFO  impl.StateMachineUpdater (StateMachineUpdater.java:lambda$new$0(89)) - 181931d2-e1e0-4592-a157-d5007a9fa086@group-2C1689F4816B-StateMachineUpdater: snapshotIndex: updateIncreasingly 200 -> 205
2021-07-05 00:57:30,893 [181931d2-e1e0-4592-a157-d5007a9fa086@group-2C1689F4816B-StateMachineUpdater] INFO  raftlog.RaftLog (RaftLogBase.java:purge(306)) - 181931d2-e1e0-4592-a157-d5007a9fa086@group-2C1689F4816B-SegmentedRaftLog: purge 205
2021-07-05 00:57:30,893 [181931d2-e1e0-4592-a157-d5007a9fa086@group-2C1689F4816B-StateMachineUpdater] INFO  raftlog.RaftLog (RaftLogBase.java:lambda$new$0(53)) - 181931d2-e1e0-4592-a157-d5007a9fa086@group-2C1689F4816B-SegmentedRaftLog: snapshotIndex: updateIncreasingly 200 -> 205
2021-07-05 00:57:30,893 [181931d2-e1e0-4592-a157-d5007a9fa086@group-2C1689F4816B-StateMachineUpdater] INFO  raftlog.RaftLog (RaftLogBase.java:lambda$new$0(53)) - 181931d2-e1e0-4592-a157-d5007a9fa086@group-2C1689F4816B-SegmentedRaftLog: purgeIndex: updateToMax old=200, new=205, updated? true
2021-07-05 00:57:30,895 [IPC Server handler 2 on default port 15462] INFO  ha.SCMRatisServerImpl (SCMRatisServerImpl.java:addSCM(291)) - Successfully added new SCM: ce66836c-a1aa-4a5b-a828-f737f8336e2d.
2021-07-05 00:57:30,896 [Listener at 127.0.0.1/12256] INFO  ha.SCMHAManagerImpl (SCMHAManagerImpl.java:start(116)) - Successfully added SCM scmNode-3 to group group-2C1689F4816B:[431daa7d-f040-4c11-a1fb-891b2bc8b6a1|rpc:localhost:15460|admin:|client:|dataStream:|priority:0, ce66836c-a1aa-4a5b-a828-f737f8336e2d|rpc:localhost:15480|admin:|client:|dataStream:|priority:0, 181931d2-e1e0-4592-a157-d5007a9fa086|rpc:localhost:15470|admin:|client:|dataStream:|priority:0]
2021-07-05 00:57:30,898 [Listener at 127.0.0.1/12256] INFO  ha.InterSCMGrpcService (InterSCMGrpcProtocolService.java:start(94)) - Starting SCM Grpc Service at port 15484
2021-07-05 00:57:30,899 [Listener at 127.0.0.1/12256] INFO  impl.MetricsSystemImpl (MetricsSystemImpl.java:init(158)) - StorageContainerManager metrics system started (again)
2021-07-05 00:57:30,910 [Listener at 127.0.0.1/12256] INFO  server.SCMClientProtocolServer (SCMClientProtocolServer.java:start(163)) - RPC server for Client  is listening at /0.0.0.0:15483
2021-07-05 00:57:30,912 [IPC Server Responder] INFO  ipc.Server (Server.java:run(1497)) - IPC Server Responder: starting
2021-07-05 00:57:30,912 [IPC Server listener on 15483] INFO  ipc.Server (Server.java:run(1334)) - IPC Server listener on 15483: starting
2021-07-05 00:57:30,938 [Listener at 127.0.0.1/12256] INFO  server.StorageContainerManager (StorageContainerManager.java:start(1229)) - ScmBlockLocationProtocol RPC server is listening at /0.0.0.0:15482
2021-07-05 00:57:30,938 [Listener at 127.0.0.1/12256] INFO  server.SCMBlockProtocolServer (SCMBlockProtocolServer.java:start(151)) - RPC server for Block Protocol is listening at /0.0.0.0:15482
2021-07-05 00:57:30,939 [IPC Server Responder] INFO  ipc.Server (Server.java:run(1497)) - IPC Server Responder: starting
2021-07-05 00:57:30,939 [ce66836c-a1aa-4a5b-a828-f737f8336e2d@group-2C1689F4816B-StateMachineUpdater] INFO  ha.SCMHAManagerImpl (SCMHAManagerImpl.java:installCheckpoint(227)) - Installing checkpoint with SCMTransactionInfo 2#203
2021-07-05 00:57:30,939 [IPC Server listener on 15482] INFO  ipc.Server (Server.java:run(1334)) - IPC Server listener on 15482: starting
2021-07-05 00:57:30,940 [ce66836c-a1aa-4a5b-a828-f737f8336e2d@group-2C1689F4816B-StateMachineUpdater] INFO  ha.SCMHAManagerImpl (SCMHAManagerImpl.java:installCheckpoint(266)) - Replaced DB with checkpoint, term: 2, index: 203
2021-07-05 00:57:30,940 [ce66836c-a1aa-4a5b-a828-f737f8336e2d@group-2C1689F4816B-StateMachineUpdater] WARN  utils.HAUtils (HAUtils.java:getMetaDir(342)) - ozone.scm.db.dirs is not configured. We recommend adding this setting. Falling back to ozone.metadata.dirs instead.
2021-07-05 00:57:30,941 [ce66836c-a1aa-4a5b-a828-f737f8336e2d@group-2C1689F4816B-StateMachineUpdater] WARN  db.DBStoreBuilder (DBStoreBuilder.java:applyDBDefinition(145)) - ozone.scm.db.dirs is not configured. We recommend adding this setting. Falling back to ozone.metadata.dirs instead.
2021-07-05 00:57:30,949 [Listener at 127.0.0.1/12256] INFO  server.StorageContainerManager (StorageContainerManager.java:start(1235)) - ScmDatanodeProtocl RPC server is listening at /0.0.0.0:15481
2021-07-05 00:57:30,960 [Listener at 127.0.0.1/12256] INFO  http.BaseHttpServer (BaseHttpServer.java:newHttpServer2BuilderForOzone(209)) - Starting Web-server for scm at: http://0.0.0.0:15478
2021-07-05 00:57:30,961 [Listener at 127.0.0.1/12256] INFO  http.BaseHttpServer (BaseHttpServer.java:<init>(107)) - Hadoop Security Enabled: false Ozone Security Enabled: false Ozone HTTP Security Enabled: false 
2021-07-05 00:57:30,962 [Listener at 127.0.0.1/12256] INFO  server.AuthenticationFilter (AuthenticationFilter.java:constructSecretProvider(240)) - Unable to initialize FileSignerSecretProvider, falling back to use random secrets.
2021-07-05 00:57:30,964 [org.apache.hadoop.util.JvmPauseMonitor$Monitor@393db9fa] INFO  util.JvmPauseMonitor (JvmPauseMonitor.java:run(188)) - Starting JVM pause monitor
2021-07-05 00:57:30,965 [Listener at 127.0.0.1/12256] WARN  http.HttpRequestLog (HttpRequestLog.java:getRequestLog(103)) - Jetty request log can only be enabled using Log4j
2021-07-05 00:57:30,966 [Listener at 127.0.0.1/12256] INFO  http.HttpServer2 (HttpServer2.java:addGlobalFilter(1020)) - Added global filter 'safety' (class=org.apache.hadoop.hdds.server.http.HttpServer2$QuotingInputFilter)
2021-07-05 00:57:30,967 [Listener at 127.0.0.1/12256] INFO  http.HttpServer2 (HttpServer2.java:addFilter(996)) - Added filter static_user_filter (class=org.apache.hadoop.http.lib.StaticUserWebFilter$StaticUserFilter) to context scm
2021-07-05 00:57:30,967 [Listener at 127.0.0.1/12256] INFO  http.HttpServer2 (HttpServer2.java:addFilter(1004)) - Added filter static_user_filter (class=org.apache.hadoop.http.lib.StaticUserWebFilter$StaticUserFilter) to context static
2021-07-05 00:57:30,967 [Listener at 127.0.0.1/12256] INFO  http.HttpServer2 (HttpServer2.java:addFilter(1004)) - Added filter static_user_filter (class=org.apache.hadoop.http.lib.StaticUserWebFilter$StaticUserFilter) to context logs
2021-07-05 00:57:30,968 [Listener at 127.0.0.1/12256] INFO  http.HttpServer2 (HttpServer2.java:bindListener(1238)) - Jetty bound to port 15478
2021-07-05 00:57:30,968 [Listener at 127.0.0.1/12256] INFO  server.Server (Server.java:doStart(375)) - jetty-9.4.35.v20201120; built: 2020-11-20T21:17:03.964Z; git: bdc54f03a5e0a7e280fab27f55c3c75ee8da89fb; jvm 1.8.0_292-b10
2021-07-05 00:57:30,979 [Listener at 127.0.0.1/12256] INFO  server.session (DefaultSessionIdManager.java:doStart(334)) - DefaultSessionIdManager workerName=node0
2021-07-05 00:57:30,979 [Listener at 127.0.0.1/12256] INFO  server.session (DefaultSessionIdManager.java:doStart(339)) - No SessionScavenger set, using defaults
2021-07-05 00:57:30,979 [Listener at 127.0.0.1/12256] INFO  server.session (HouseKeeper.java:startScavenging(132)) - node0 Scavenging every 600000ms
2021-07-05 00:57:30,980 [Listener at 127.0.0.1/12256] INFO  handler.ContextHandler (ContextHandler.java:doStart(916)) - Started o.e.j.s.ServletContextHandler@6cc1da7b{logs,/logs,file:///home/runner/work/ozone/ozone/mnt/ozone/hadoop-ozone/integration-test/target/log,AVAILABLE}
2021-07-05 00:57:30,981 [Listener at 127.0.0.1/12256] INFO  handler.ContextHandler (ContextHandler.java:doStart(916)) - Started o.e.j.s.ServletContextHandler@6ac3ce34{static,/static,file:///home/runner/work/ozone/ozone/mnt/ozone/hadoop-ozone/integration-test/target/test-classes/webapps/static,AVAILABLE}
2021-07-05 00:57:30,986 [Listener at 127.0.0.1/12256] INFO  handler.ContextHandler (ContextHandler.java:doStart(916)) - Started o.e.j.w.WebAppContext@3abc4498{scm,/,file:///home/runner/work/ozone/ozone/mnt/ozone/hadoop-ozone/integration-test/target/test-classes/webapps/scm/,AVAILABLE}{file:/home/runner/work/ozone/ozone/mnt/ozone/hadoop-ozone/integration-test/target/test-classes/webapps/scm}
2021-07-05 00:57:30,990 [Listener at 127.0.0.1/12256] INFO  server.AbstractConnector (AbstractConnector.java:doStart(331)) - Started ServerConnector@5970734c{HTTP/1.1, (http/1.1)}{0.0.0.0:15478}
2021-07-05 00:57:30,990 [Listener at 127.0.0.1/12256] INFO  server.Server (Server.java:doStart(415)) - Started @49321ms
2021-07-05 00:57:30,990 [Listener at 127.0.0.1/12256] WARN  impl.MetricsSystemImpl (MetricsSystemImpl.java:register(279)) - Sink prometheus already exists!
2021-07-05 00:57:30,993 [Listener at 127.0.0.1/12256] INFO  http.BaseHttpServer (BaseHttpServer.java:updateConnectorAddress(329)) - HTTP server of scm listening at http://0.0.0.0:15478
2021-07-05 00:57:31,000 [Listener at 127.0.0.1/12256] INFO  ozone.MiniOzoneClusterImpl (MiniOzoneClusterImpl.java:shutdown(445)) - Shutting down the Mini Ozone Cluster
2021-07-05 00:57:31,001 [Listener at 127.0.0.1/12256] INFO  ozone.MiniOzoneHAClusterImpl (MiniOzoneHAClusterImpl.java:stop(288)) - Stopping the OzoneManager omNode-1
2021-07-05 00:57:31,003 [Listener at 127.0.0.1/12256] INFO  ipc.Server (Server.java:stop(3403)) - Stopping server on 12256
2021-07-05 00:57:31,012 [IPC Server listener on 12256] INFO  ipc.Server (Server.java:run(1366)) - Stopping IPC Server listener on 12256
2021-07-05 00:57:31,013 [IPC Server Responder] INFO  ipc.Server (Server.java:run(1502)) - Stopping IPC Server Responder
2021-07-05 00:57:31,016 [ce66836c-a1aa-4a5b-a828-f737f8336e2d@group-2C1689F4816B-StateMachineUpdater] INFO  ha.SequenceIdGenerator (SequenceIdGenerator.java:reinitialize(165)) - reinitialize SequenceIdGenerator.
2021-07-05 00:57:31,022 [Listener at 127.0.0.1/12256] INFO  server.RaftServer (RaftServerProxy.java:lambda$close$6(391)) - omNode-1: close
2021-07-05 00:57:31,026 [Listener at 127.0.0.1/12256] INFO  server.RaftServer$Division (RaftServerImpl.java:lambda$close$4(406)) - omNode-1@group-523986131536: shutdown
2021-07-05 00:57:31,026 [Listener at 127.0.0.1/12256] INFO  util.JmxRegister (JmxRegister.java:unregister(73)) - Successfully un-registered JMX Bean with object name Ratis:service=RaftServer,group=group-523986131536,id=omNode-1
2021-07-05 00:57:31,026 [Listener at 127.0.0.1/12256] INFO  impl.RoleInfo (RoleInfo.java:shutdownLeaderState(91)) - omNode-1: shutdown omNode-1@group-523986131536-LeaderStateImpl
2021-07-05 00:57:31,026 [Listener at 127.0.0.1/12256] INFO  impl.PendingRequests (PendingRequests.java:sendNotLeaderResponses(249)) - omNode-1@group-523986131536-PendingRequests: sendNotLeaderResponses
2021-07-05 00:57:31,027 [Listener at 127.0.0.1/12256] INFO  metrics.RatisMetrics (RatisMetrics.java:unregister(43)) - Unregistering Metrics Registry : ratis.log_appender.omNode-1@group-523986131536
2021-07-05 00:57:31,027 [Listener at 127.0.0.1/12256] INFO  metrics.RatisMetrics (RatisMetrics.java:unregister(43)) - Unregistering Metrics Registry : ratis.server.omNode-1@group-523986131536
2021-07-05 00:57:31,027 [omNode-1@group-523986131536-StateMachineUpdater] INFO  ratis.OzoneManagerStateMachine (OzoneManagerStateMachine.java:takeSnapshot(347)) - Current Snapshot Index (t:1, i:0)
2021-07-05 00:57:31,028 [omNode-1@group-523986131536-StateMachineUpdater] INFO  impl.StateMachineUpdater (StateMachineUpdater.java:takeSnapshot(281)) - omNode-1@group-523986131536-StateMachineUpdater: Took a snapshot at index 0
2021-07-05 00:57:31,028 [omNode-1@group-523986131536-StateMachineUpdater] INFO  impl.StateMachineUpdater (StateMachineUpdater.java:lambda$new$0(89)) - omNode-1@group-523986131536-StateMachineUpdater: snapshotIndex: updateIncreasingly -1 -> 0
2021-07-05 00:57:31,028 [omNode-1@group-523986131536-StateMachineUpdater] INFO  metrics.RatisMetrics (RatisMetrics.java:unregister(43)) - Unregistering Metrics Registry : ratis.state_machine.omNode-1@group-523986131536
2021-07-05 00:57:31,028 [Listener at 127.0.0.1/12256] INFO  impl.StateMachineUpdater (StateMachineUpdater.java:stopAndJoin(149)) - omNode-1@group-523986131536-StateMachineUpdater: set stopIndex = 0
2021-07-05 00:57:31,028 [Listener at 127.0.0.1/12256] INFO  server.RaftServer$Division (ServerState.java:close(405)) - omNode-1@group-523986131536: closes. applyIndex: 0
2021-07-05 00:57:31,028 [omNode-1@group-523986131536-SegmentedRaftLogWorker] INFO  segmented.SegmentedRaftLogWorker (SegmentedRaftLogWorker.java:run(327)) - omNode-1@group-523986131536-SegmentedRaftLogWorker was interrupted, exiting. There are 0 tasks remaining in the queue.
2021-07-05 00:57:31,032 [ce66836c-a1aa-4a5b-a828-f737f8336e2d@group-2C1689F4816B-StateMachineUpdater] INFO  ha.SCMHAManagerImpl (SCMHAManagerImpl.java:installCheckpoint(277)) - Reloaded SCM state with Term: 2 and Index: 203
2021-07-05 00:57:31,033 [Listener at 127.0.0.1/12256] INFO  segmented.SegmentedRaftLogWorker (SegmentedRaftLogWorker.java:close(237)) - omNode-1@group-523986131536-SegmentedRaftLogWorker close()
2021-07-05 00:57:31,038 [Listener at 127.0.0.1/12256] INFO  metrics.RatisMetrics (RatisMetrics.java:unregister(43)) - Unregistering Metrics Registry : ratis.log_worker.omNode-1@group-523986131536
2021-07-05 00:57:31,038 [Listener at 127.0.0.1/12256] INFO  metrics.RatisMetrics (RatisMetrics.java:unregister(43)) - Unregistering Metrics Registry : ratis.leader_election.omNode-1@group-523986131536
2021-07-05 00:57:31,038 [Listener at 127.0.0.1/12256] INFO  metrics.RatisMetrics (RatisMetrics.java:unregister(43)) - Unregistering Metrics Registry : ratis.server.omNode-1@group-523986131536
2021-07-05 00:57:31,039 [Listener at 127.0.0.1/12256] INFO  server.GrpcService (GrpcService.java:closeImpl(262)) - omNode-1: shutdown server with port 12260 now
2021-07-05 00:57:31,039 [Listener at 127.0.0.1/12256] INFO  server.GrpcService (GrpcService.java:closeImpl(271)) - omNode-1: shutdown server with port 12260 successfully
2021-07-05 00:57:31,039 [org.apache.ratis.util.JvmPauseMonitor$$Lambda$493/611739613@2aa143ba] INFO  util.JvmPauseMonitor (JvmPauseMonitor.java:run(109)) - JvmPauseMonitor-omNode-1: Stopped
2021-07-05 00:57:31,039 [Listener at 127.0.0.1/12256] INFO  ratis.OzoneManagerDoubleBuffer (OzoneManagerDoubleBuffer.java:stop(426)) - Stopping OMDoubleBuffer flush thread
2021-07-05 00:57:31,040 [OMDoubleBufferFlushThread] INFO  ratis.OzoneManagerDoubleBuffer (OzoneManagerDoubleBuffer.java:flushTransactions(353)) - OMDoubleBuffer flush thread OMDoubleBufferFlushThread is interrupted and will exit. OMDoubleBufferFlushThread
2021-07-05 00:57:31,041 [Listener at 127.0.0.1/12256] INFO  ratis.OzoneManagerStateMachine (HadoopExecutors.java:shutdown(118)) - Gracefully shutting down executor service. Waiting max 5 SECONDS
2021-07-05 00:57:31,042 [Listener at 127.0.0.1/12256] INFO  ratis.OzoneManagerStateMachine (HadoopExecutors.java:shutdown(129)) - Succesfully shutdown executor service
2021-07-05 00:57:31,042 [Listener at 127.0.0.1/12256] INFO  ratis.OzoneManagerStateMachine (HadoopExecutors.java:shutdown(118)) - Gracefully shutting down executor service. Waiting max 5 SECONDS
2021-07-05 00:57:31,042 [Listener at 127.0.0.1/12256] INFO  ratis.OzoneManagerStateMachine (HadoopExecutors.java:shutdown(129)) - Succesfully shutdown executor service
2021-07-05 00:57:31,043 [Listener at 127.0.0.1/12256] INFO  utils.BackgroundService (BackgroundService.java:shutdown(132)) - Shutting down service KeyDeletingService
2021-07-05 00:57:31,045 [Listener at 127.0.0.1/12256] INFO  handler.ContextHandler (ContextHandler.java:doStop(1154)) - Stopped o.e.j.w.WebAppContext@71e839ee{ozoneManager,/,null,STOPPED}{file:/home/runner/work/ozone/ozone/mnt/ozone/hadoop-ozone/integration-test/target/test-classes/webapps/ozoneManager}
2021-07-05 00:57:31,049 [ce66836c-a1aa-4a5b-a828-f737f8336e2d@group-2C1689F4816B-StateMachineUpdater] INFO  impl.StateMachineUpdater (StateMachineUpdater.java:lambda$new$0(89)) - ce66836c-a1aa-4a5b-a828-f737f8336e2d@group-2C1689F4816B-StateMachineUpdater: snapshotIndex: setUnconditionally -1 -> 203
2021-07-05 00:57:31,049 [ce66836c-a1aa-4a5b-a828-f737f8336e2d@group-2C1689F4816B-StateMachineUpdater] INFO  impl.StateMachineUpdater (StateMachineUpdater.java:lambda$new$0(89)) - ce66836c-a1aa-4a5b-a828-f737f8336e2d@group-2C1689F4816B-StateMachineUpdater: appliedIndex: setUnconditionally -1 -> 203
2021-07-05 00:57:31,050 [ce66836c-a1aa-4a5b-a828-f737f8336e2d@group-2C1689F4816B-StateMachineUpdater] INFO  safemode.HealthyPipelineSafeModeRule (HealthyPipelineSafeModeRule.java:initializeRule(152)) - Refreshed total pipeline count is 2, healthy pipeline threshold count is 1
2021-07-05 00:57:31,053 [ce66836c-a1aa-4a5b-a828-f737f8336e2d@group-2C1689F4816B-StateMachineUpdater] INFO  safemode.ContainerSafeModeRule (ContainerSafeModeRule.java:reInitializeRule(177)) - Refreshed one replica container threshold 0, currentThreshold 0
2021-07-05 00:57:31,054 [ce66836c-a1aa-4a5b-a828-f737f8336e2d@group-2C1689F4816B-StateMachineUpdater] INFO  safemode.OneReplicaPipelineSafeModeRule (OneReplicaPipelineSafeModeRule.java:initializeRule(176)) - Refreshed Total pipeline count is 2, pipeline's with at least one datanode reported threshold count is 2
2021-07-05 00:57:31,054 [Listener at 127.0.0.1/12256] INFO  server.AbstractConnector (AbstractConnector.java:doStop(381)) - Stopped ServerConnector@6e832c9{HTTP/1.1, (http/1.1)}{0.0.0.0:12258}
2021-07-05 00:57:31,054 [Listener at 127.0.0.1/12256] INFO  server.session (HouseKeeper.java:stopScavenging(149)) - node0 Stopped scavenging
2021-07-05 00:57:31,055 [Listener at 127.0.0.1/12256] INFO  handler.ContextHandler (ContextHandler.java:doStop(1154)) - Stopped o.e.j.s.ServletContextHandler@243b8682{static,/static,file:///home/runner/work/ozone/ozone/mnt/ozone/hadoop-ozone/integration-test/target/test-classes/webapps/static,STOPPED}
2021-07-05 00:57:31,055 [Listener at 127.0.0.1/12256] INFO  handler.ContextHandler (ContextHandler.java:doStop(1154)) - Stopped o.e.j.s.ServletContextHandler@7d525b45{logs,/logs,file:///home/runner/work/ozone/ozone/mnt/ozone/hadoop-ozone/integration-test/target/log,STOPPED}
2021-07-05 00:57:31,056 [ce66836c-a1aa-4a5b-a828-f737f8336e2d@group-2C1689F4816B-StateMachineUpdater] INFO  server.SCMDatanodeProtocolServer (SCMDatanodeProtocolServer.java:start(177)) - RPC server for DataNodes is listening at /0.0.0.0:15481
2021-07-05 00:57:31,064 [IPC Server Responder] INFO  ipc.Server (Server.java:run(1497)) - IPC Server Responder: starting
2021-07-05 00:57:31,064 [Listener at 127.0.0.1/12256] INFO  ozone.MiniOzoneHAClusterImpl (MiniOzoneHAClusterImpl.java:stop(296)) - Stopping the StorageContainerManager 431daa7d-f040-4c11-a1fb-891b2bc8b6a1
2021-07-05 00:57:31,065 [Listener at 127.0.0.1/12256] INFO  server.StorageContainerManager (StorageContainerManager.java:stop(1306)) - Stopping Replication Manager Service.
2021-07-05 00:57:31,065 [Listener at 127.0.0.1/12256] INFO  container.ReplicationManager (ReplicationManager.java:stop(260)) - Stopping Replication Monitor Thread.
2021-07-05 00:57:31,064 [IPC Server listener on 15481] INFO  ipc.Server (Server.java:run(1334)) - IPC Server listener on 15481: starting
2021-07-05 00:57:31,065 [Listener at 127.0.0.1/12256] INFO  server.StorageContainerManager (StorageContainerManager.java:stop(1313)) - Stopping the Datanode Admin Monitor.
2021-07-05 00:57:31,080 [Listener at 127.0.0.1/12256] INFO  server.StorageContainerManager (StorageContainerManager.java:stop(1320)) - Stopping Lease Manager of the command watchers
2021-07-05 00:57:31,080 [Listener at 127.0.0.1/12256] INFO  server.StorageContainerManager (StorageContainerManager.java:stop(1327)) - Stopping datanode service RPC server
2021-07-05 00:57:31,081 [Listener at 127.0.0.1/12256] INFO  server.SCMDatanodeProtocolServer (SCMDatanodeProtocolServer.java:stop(377)) - Stopping the RPC server for DataNodes
2021-07-05 00:57:31,081 [Listener at 127.0.0.1/12256] INFO  ipc.Server (Server.java:stop(3403)) - Stopping server on 15461
2021-07-05 00:57:31,083 [IPC Server handler 1 on default port 15481] WARN  ipc.Server (Server.java:processResponse(1707)) - IPC Server handler 1 on default port 15481, call Call#146 Retry#0 org.apache.hadoop.ozone.protocol.StorageContainerDatanodeProtocol.submitRequest from 127.0.0.1:49426: output error
2021-07-05 00:57:31,083 [IPC Server handler 1 on default port 15481] INFO  ipc.Server (Server.java:run(2970)) - IPC Server handler 1 on default port 15481 caught an exception
java.nio.channels.ClosedChannelException
	at sun.nio.ch.SocketChannelImpl.ensureWriteOpen(SocketChannelImpl.java:269)
	at sun.nio.ch.SocketChannelImpl.write(SocketChannelImpl.java:460)
	at org.apache.hadoop.ipc.Server.channelWrite(Server.java:3594)
	at org.apache.hadoop.ipc.Server.access$1700(Server.java:139)
	at org.apache.hadoop.ipc.Server$Responder.processResponse(Server.java:1657)
	at org.apache.hadoop.ipc.Server$Responder.doRespond(Server.java:1727)
	at org.apache.hadoop.ipc.Server$Connection.sendResponse(Server.java:2828)
	at org.apache.hadoop.ipc.Server$Connection.access$300(Server.java:1799)
	at org.apache.hadoop.ipc.Server$RpcCall.doResponse(Server.java:1111)
	at org.apache.hadoop.ipc.Server$Call.doResponse(Server.java:903)
	at org.apache.hadoop.ipc.Server$Call.sendResponse(Server.java:889)
	at org.apache.hadoop.ipc.Server$RpcCall.run(Server.java:1046)
	at org.apache.hadoop.ipc.Server$RpcCall.run(Server.java:957)
	at java.security.AccessController.doPrivileged(Native Method)
	at javax.security.auth.Subject.doAs(Subject.java:422)
	at org.apache.hadoop.security.UserGroupInformation.doAs(UserGroupInformation.java:1762)
	at org.apache.hadoop.ipc.Server$Handler.run(Server.java:2957)
2021-07-05 00:57:31,087 [IPC Server handler 2 on default port 15481] INFO  ipc.Server (Server.java:run(1020)) - IPC Server handler 2 on default port 15481: skipped Call#113 Retry#0 org.apache.hadoop.ozone.protocol.StorageContainerDatanodeProtocol.submitRequest from 127.0.0.1:49414
2021-07-05 00:57:31,087 [IPC Server handler 2 on default port 15481] INFO  ipc.Server (Server.java:run(1020)) - IPC Server handler 2 on default port 15481: skipped Call#10 Retry#0 org.apache.hadoop.ozone.protocol.StorageContainerDatanodeProtocol.submitRequest from 127.0.0.1:49350
2021-07-05 00:57:31,087 [IPC Server handler 2 on default port 15481] INFO  ipc.Server (Server.java:run(1020)) - IPC Server handler 2 on default port 15481: skipped Call#147 Retry#0 org.apache.hadoop.ozone.protocol.StorageContainerDatanodeProtocol.submitRequest from 127.0.0.1:49426
2021-07-05 00:57:31,087 [IPC Server handler 4 on default port 15481] INFO  ipc.Server (Server.java:run(1020)) - IPC Server handler 4 on default port 15481: skipped Call#30 Retry#0 org.apache.hadoop.ozone.protocol.StorageContainerDatanodeProtocol.submitRequest from 127.0.0.1:49360
2021-07-05 00:57:31,087 [IPC Server handler 4 on default port 15481] INFO  ipc.Server (Server.java:run(1020)) - IPC Server handler 4 on default port 15481: skipped Call#78 Retry#0 org.apache.hadoop.ozone.protocol.StorageContainerDatanodeProtocol.submitRequest from 127.0.0.1:49386
2021-07-05 00:57:31,087 [IPC Server handler 4 on default port 15481] INFO  ipc.Server (Server.java:run(1020)) - IPC Server handler 4 on default port 15481: skipped Call#114 Retry#0 org.apache.hadoop.ozone.protocol.StorageContainerDatanodeProtocol.submitRequest from 127.0.0.1:49414
2021-07-05 00:57:31,087 [IPC Server handler 4 on default port 15481] INFO  ipc.Server (Server.java:run(1020)) - IPC Server handler 4 on default port 15481: skipped Call#12 Retry#0 org.apache.hadoop.ozone.protocol.StorageContainerDatanodeProtocol.submitRequest from 127.0.0.1:49350
2021-07-05 00:57:31,087 [IPC Server handler 4 on default port 15481] INFO  ipc.Server (Server.java:run(1020)) - IPC Server handler 4 on default port 15481: skipped Call#29 Retry#0 org.apache.hadoop.ozone.protocol.StorageContainerDatanodeProtocol.submitRequest from 127.0.0.1:49360
2021-07-05 00:57:31,087 [IPC Server handler 4 on default port 15481] INFO  ipc.Server (Server.java:run(1020)) - IPC Server handler 4 on default port 15481: skipped Call#145 Retry#0 org.apache.hadoop.ozone.protocol.StorageContainerDatanodeProtocol.submitRequest from 127.0.0.1:49426
2021-07-05 00:57:31,087 [EndpointStateMachine task thread for /127.0.0.1:15481 - 0 ] INFO  ozoneimpl.OzoneContainer (OzoneContainer.java:start(301)) - Ignore. OzoneContainer already started.
2021-07-05 00:57:31,088 [IPC Server handler 6 on default port 15481] INFO  ipc.Server (Server.java:run(1020)) - IPC Server handler 6 on default port 15481: skipped Call#79 Retry#0 org.apache.hadoop.ozone.protocol.StorageContainerDatanodeProtocol.submitRequest from 127.0.0.1:49386
2021-07-05 00:57:31,088 [IPC Server handler 6 on default port 15481] INFO  ipc.Server (Server.java:run(1020)) - IPC Server handler 6 on default port 15481: skipped Call#112 Retry#0 org.apache.hadoop.ozone.protocol.StorageContainerDatanodeProtocol.submitRequest from 127.0.0.1:49414
2021-07-05 00:57:31,090 [IPC Server handler 1 on default port 15481] INFO  ipc.Server (Server.java:run(1020)) - IPC Server handler 1 on default port 15481: skipped Call#77 Retry#0 org.apache.hadoop.ozone.protocol.StorageContainerDatanodeProtocol.submitRequest from 127.0.0.1:49386
2021-07-05 00:57:31,092 [EndpointStateMachine task thread for /127.0.0.1:15481 - 0 ] INFO  ozoneimpl.OzoneContainer (OzoneContainer.java:start(301)) - Ignore. OzoneContainer already started.
2021-07-05 00:57:31,093 [IPC Server Responder] INFO  ipc.Server (Server.java:run(1502)) - Stopping IPC Server Responder
2021-07-05 00:57:31,094 [IPC Server listener on 15461] INFO  ipc.Server (Server.java:run(1366)) - Stopping IPC Server listener on 15461
2021-07-05 00:57:31,096 [EndpointStateMachine task thread for /127.0.0.1:15461 - 0 ] WARN  statemachine.EndpointStateMachine (EndpointStateMachine.java:logIfNeeded(236)) - Unable to communicate to SCM server at 127.0.0.1:15461 for past 0 seconds.
java.io.EOFException: End of File Exception between local host is: "fv-az291-681/10.1.0.7"; destination host is: "localhost":15461; : java.io.EOFException; For more details see:  http://wiki.apache.org/hadoop/EOFException
	at sun.reflect.NativeConstructorAccessorImpl.newInstance0(Native Method)
	at sun.reflect.NativeConstructorAccessorImpl.newInstance(NativeConstructorAccessorImpl.java:62)
	at sun.reflect.DelegatingConstructorAccessorImpl.newInstance(DelegatingConstructorAccessorImpl.java:45)
	at java.lang.reflect.Constructor.newInstance(Constructor.java:423)
	at org.apache.hadoop.net.NetUtils.wrapWithMessage(NetUtils.java:836)
	at org.apache.hadoop.net.NetUtils.wrapException(NetUtils.java:794)
	at org.apache.hadoop.ipc.Client.getRpcResponse(Client.java:1566)
	at org.apache.hadoop.ipc.Client.call(Client.java:1508)
	at org.apache.hadoop.ipc.Client.call(Client.java:1405)
	at org.apache.hadoop.ipc.ProtobufRpcEngine$Invoker.invoke(ProtobufRpcEngine.java:233)
	at org.apache.hadoop.ipc.ProtobufRpcEngine$Invoker.invoke(ProtobufRpcEngine.java:118)
	at com.sun.proxy.$Proxy45.submitRequest(Unknown Source)
	at org.apache.hadoop.ozone.protocolPB.StorageContainerDatanodeProtocolClientSideTranslatorPB.submitRequest(StorageContainerDatanodeProtocolClientSideTranslatorPB.java:117)
	at org.apache.hadoop.ozone.protocolPB.StorageContainerDatanodeProtocolClientSideTranslatorPB.sendHeartbeat(StorageContainerDatanodeProtocolClientSideTranslatorPB.java:149)
	at org.apache.hadoop.ozone.container.common.states.endpoint.HeartbeatEndpointTask.call(HeartbeatEndpointTask.java:146)
	at org.apache.hadoop.ozone.container.common.states.endpoint.HeartbeatEndpointTask.call(HeartbeatEndpointTask.java:77)
	at java.util.concurrent.FutureTask.run(FutureTask.java:266)
	at java.util.concurrent.ThreadPoolExecutor.runWorker(ThreadPoolExecutor.java:1149)
	at java.util.concurrent.ThreadPoolExecutor$Worker.run(ThreadPoolExecutor.java:624)
	at java.lang.Thread.run(Thread.java:748)
Caused by: java.io.EOFException
	at java.io.DataInputStream.readInt(DataInputStream.java:392)
	at org.apache.hadoop.ipc.Client$IpcStreams.readResponse(Client.java:1880)
	at org.apache.hadoop.ipc.Client$Connection.receiveRpcResponse(Client.java:1191)
	at org.apache.hadoop.ipc.Client$Connection.run(Client.java:1087)
2021-07-05 00:57:31,097 [EndpointStateMachine task thread for /127.0.0.1:15481 - 0 ] INFO  ozoneimpl.OzoneContainer (OzoneContainer.java:start(301)) - Ignore. OzoneContainer already started.
2021-07-05 00:57:31,100 [IPC Server handler 11 on default port 15461] INFO  ipc.Server (Server.java:run(1020)) - IPC Server handler 11 on default port 15461: skipped Call#193 Retry#0 org.apache.hadoop.ozone.protocol.StorageContainerDatanodeProtocol.submitRequest from 127.0.0.1:50846
2021-07-05 00:57:31,575 [IPC Server handler 17 on default port 15481] INFO  net.NetworkTopologyImpl (NetworkTopologyImpl.java:add(112)) - Added a new node: /default-rack/65d645ba-2b71-4ad7-bc66-74fd2328f6a5
2021-07-05 00:57:31,576 [IPC Server handler 17 on default port 15481] INFO  node.SCMNodeManager (SCMNodeManager.java:register(348)) - Registered Data node : 65d645ba-2b71-4ad7-bc66-74fd2328f6a5{ip: 127.0.0.1, host: localhost, ports: [REPLICATION=42645, RATIS=36069, RATIS_ADMIN=36069, RATIS_SERVER=36069, STANDALONE=32841], networkLocation: /default-rack, certSerialId: null, persistedOpState: null, persistedOpStateExpiryEpochSec: 0}
2021-07-05 00:57:31,583 [EventQueue-NewNodeForNewNodeHandler] INFO  pipeline.BackgroundPipelineCreator (BackgroundPipelineCreatorV2.java:notifyEventTriggered(279)) - ignore, not leader SCM.
2021-07-05 00:57:31,583 [EventQueue-NodeRegistrationContainerReportForDataNodeSafeModeRule] INFO  safemode.SCMSafeModeManager (DataNodeSafeModeRule.java:process(71)) - SCM in safe mode. 1 DataNodes registered, 3 required.
2021-07-05 00:57:31,583 [EventQueue-NodeRegistrationContainerReportForContainerSafeModeRule] INFO  safemode.SCMSafeModeManager (SCMSafeModeManager.java:validateSafeModeExitRules(204)) - ContainerSafeModeRule rule is successfully validated
2021-07-05 00:57:31,584 [EventQueue-PipelineReportForOneReplicaPipelineSafeModeRule] INFO  safemode.SCMSafeModeManager (OneReplicaPipelineSafeModeRule.java:process(120)) - SCM in safe mode. Pipelines with at least one datanode reported count is 2, required at least one datanode reported per pipeline count is 2
2021-07-05 00:57:31,585 [EventQueue-PipelineReportForOneReplicaPipelineSafeModeRule] INFO  safemode.SCMSafeModeManager (SCMSafeModeManager.java:validateSafeModeExitRules(204)) - AtleastOneDatanodeReportedRule rule is successfully validated
2021-07-05 00:57:31,587 [EventQueue-OpenPipelineForHealthyPipelineSafeModeRule] INFO  safemode.SCMSafeModeManager (HealthyPipelineSafeModeRule.java:process(124)) - SCM in safe mode. Healthy pipelines reported count is 0, required healthy pipeline reported count is 1
2021-07-05 00:57:31,811 [IPC Server handler 18 on default port 15481] INFO  net.NetworkTopologyImpl (NetworkTopologyImpl.java:add(112)) - Added a new node: /default-rack/4428f99b-3864-401a-a30b-d8207dc31cfa
2021-07-05 00:57:31,811 [IPC Server handler 18 on default port 15481] INFO  node.SCMNodeManager (SCMNodeManager.java:register(348)) - Registered Data node : 4428f99b-3864-401a-a30b-d8207dc31cfa{ip: 127.0.0.1, host: localhost, ports: [REPLICATION=44873, RATIS=40939, RATIS_ADMIN=40939, RATIS_SERVER=40939, STANDALONE=45343], networkLocation: /default-rack, certSerialId: null, persistedOpState: null, persistedOpStateExpiryEpochSec: 0}
2021-07-05 00:57:31,812 [EventQueue-NewNodeForNewNodeHandler] INFO  pipeline.BackgroundPipelineCreator (BackgroundPipelineCreatorV2.java:notifyEventTriggered(279)) - ignore, not leader SCM.
2021-07-05 00:57:31,812 [EventQueue-NodeRegistrationContainerReportForDataNodeSafeModeRule] INFO  safemode.SCMSafeModeManager (DataNodeSafeModeRule.java:process(71)) - SCM in safe mode. 2 DataNodes registered, 3 required.
2021-07-05 00:57:31,813 [EventQueue-OpenPipelineForHealthyPipelineSafeModeRule] INFO  safemode.SCMSafeModeManager (HealthyPipelineSafeModeRule.java:process(124)) - SCM in safe mode. Healthy pipelines reported count is 0, required healthy pipeline reported count is 1
2021-07-05 00:57:32,081 [IPC Server handler 6 on default port 15481] INFO  net.NetworkTopologyImpl (NetworkTopologyImpl.java:add(112)) - Added a new node: /default-rack/b549a9a8-3457-4b53-9703-c9fae2cc989c
2021-07-05 00:57:32,082 [IPC Server handler 6 on default port 15481] INFO  node.SCMNodeManager (SCMNodeManager.java:register(348)) - Registered Data node : b549a9a8-3457-4b53-9703-c9fae2cc989c{ip: 127.0.0.1, host: localhost, ports: [REPLICATION=35315, RATIS=44095, RATIS_ADMIN=44095, RATIS_SERVER=44095, STANDALONE=46049], networkLocation: /default-rack, certSerialId: null, persistedOpState: null, persistedOpStateExpiryEpochSec: 0}
2021-07-05 00:57:32,082 [EventQueue-NewNodeForNewNodeHandler] INFO  pipeline.BackgroundPipelineCreator (BackgroundPipelineCreatorV2.java:notifyEventTriggered(279)) - ignore, not leader SCM.
2021-07-05 00:57:32,082 [EventQueue-NodeRegistrationContainerReportForDataNodeSafeModeRule] INFO  safemode.SCMSafeModeManager (DataNodeSafeModeRule.java:process(71)) - SCM in safe mode. 3 DataNodes registered, 3 required.
2021-07-05 00:57:32,082 [EventQueue-NodeRegistrationContainerReportForDataNodeSafeModeRule] INFO  safemode.SCMSafeModeManager (SCMSafeModeManager.java:validateSafeModeExitRules(204)) - DataNodeSafeModeRule rule is successfully validated
2021-07-05 00:57:32,082 [EventQueue-NodeRegistrationContainerReportForDataNodeSafeModeRule] INFO  safemode.SCMSafeModeManager (SCMSafeModeManager.java:completePreCheck(233)) - All SCM safe mode pre check rules have passed
2021-07-05 00:57:32,082 [EventQueue-NodeRegistrationContainerReportForDataNodeSafeModeRule] WARN  events.EventQueue (EventQueue.java:fireEvent(194)) - No event handler registered for event TypedEvent{payloadType=SafeModeStatus, name='Safe mode status'}
2021-07-05 00:57:32,082 [EventQueue-NodeRegistrationContainerReportForDataNodeSafeModeRule] INFO  ha.SCMContext (SCMContext.java:updateSafeModeStatus(208)) - Update SafeModeStatus from SafeModeStatus{safeModeStatus=true, preCheckPassed=false} to SafeModeStatus{safeModeStatus=true, preCheckPassed=true}.
2021-07-05 00:57:32,082 [EventQueue-NodeRegistrationContainerReportForDataNodeSafeModeRule] INFO  pipeline.BackgroundPipelineCreator (BackgroundPipelineCreatorV2.java:notifyEventTriggered(279)) - ignore, not leader SCM.
2021-07-05 00:57:32,083 [EventQueue-OpenPipelineForHealthyPipelineSafeModeRule] INFO  safemode.SCMSafeModeManager (HealthyPipelineSafeModeRule.java:process(124)) - SCM in safe mode. Healthy pipelines reported count is 1, required healthy pipeline reported count is 1
2021-07-05 00:57:32,083 [EventQueue-OpenPipelineForHealthyPipelineSafeModeRule] INFO  safemode.SCMSafeModeManager (SCMSafeModeManager.java:validateSafeModeExitRules(204)) - HealthyPipelineSafeModeRule rule is successfully validated
2021-07-05 00:57:32,083 [EventQueue-OpenPipelineForHealthyPipelineSafeModeRule] INFO  safemode.SCMSafeModeManager (SCMSafeModeManager.java:validateSafeModeExitRules(219)) - ScmSafeModeManager, all rules are successfully validated
2021-07-05 00:57:32,083 [EventQueue-OpenPipelineForHealthyPipelineSafeModeRule] INFO  safemode.SCMSafeModeManager (SCMSafeModeManager.java:exitSafeMode(248)) - SCM exiting safe mode.
2021-07-05 00:57:32,083 [EventQueue-OpenPipelineForHealthyPipelineSafeModeRule] WARN  events.EventQueue (EventQueue.java:fireEvent(194)) - No event handler registered for event TypedEvent{payloadType=SafeModeStatus, name='Safe mode status'}
2021-07-05 00:57:32,083 [EventQueue-OpenPipelineForHealthyPipelineSafeModeRule] INFO  ha.SCMContext (SCMContext.java:updateSafeModeStatus(208)) - Update SafeModeStatus from SafeModeStatus{safeModeStatus=true, preCheckPassed=true} to SafeModeStatus{safeModeStatus=false, preCheckPassed=true}.
2021-07-05 00:57:32,574 [EndpointStateMachine task thread for /127.0.0.1:15461 - 0 ] INFO  ipc.Client (Client.java:handleConnectionFailure(966)) - Retrying connect to server: localhost/127.0.0.1:15461. Already tried 0 time(s); retry policy is RetryUpToMaximumCountWithFixedSleep(maxRetries=15, sleepTime=1000 MILLISECONDS)
2021-07-05 00:57:32,810 [Datanode State Machine Thread - 0] ERROR datanode.RunningDatanodeState (RunningDatanodeState.java:computeNextContainerState(199)) - Error in executing end point task.
java.util.concurrent.ExecutionException: java.util.concurrent.TimeoutException
	at java.util.concurrent.FutureTask.report(FutureTask.java:122)
	at java.util.concurrent.FutureTask.get(FutureTask.java:192)
	at org.apache.hadoop.ozone.container.common.states.datanode.RunningDatanodeState.computeNextContainerState(RunningDatanodeState.java:191)
	at org.apache.hadoop.ozone.container.common.states.datanode.RunningDatanodeState.await(RunningDatanodeState.java:231)
	at org.apache.hadoop.ozone.container.common.states.datanode.RunningDatanodeState.await(RunningDatanodeState.java:50)
	at org.apache.hadoop.ozone.container.common.statemachine.StateContext.execute(StateContext.java:629)
	at org.apache.hadoop.ozone.container.common.statemachine.DatanodeStateMachine.start(DatanodeStateMachine.java:244)
	at org.apache.hadoop.ozone.container.common.statemachine.DatanodeStateMachine.lambda$startDaemon$0(DatanodeStateMachine.java:429)
	at java.lang.Thread.run(Thread.java:748)
Caused by: java.util.concurrent.TimeoutException
	at java.util.concurrent.FutureTask.get(FutureTask.java:205)
	at org.apache.hadoop.ozone.container.common.states.datanode.RunningDatanodeState.lambda$execute$0(RunningDatanodeState.java:149)
	at java.util.concurrent.FutureTask.run(FutureTask.java:266)
	at java.util.concurrent.Executors$RunnableAdapter.call(Executors.java:511)
	at java.util.concurrent.FutureTask.run(FutureTask.java:266)
	at java.util.concurrent.ThreadPoolExecutor.runWorker(ThreadPoolExecutor.java:1149)
	at java.util.concurrent.ThreadPoolExecutor$Worker.run(ThreadPoolExecutor.java:624)
	... 1 more
2021-07-05 00:57:33,322 [SCM Heartbeat Processing Thread - 0] WARN  node.NodeStateManager (NodeStateManager.java:scheduleNextHealthCheck(688)) - Current Thread is interrupted, shutting down HB processing thread for Node Manager.
2021-07-05 00:57:33,324 [Listener at 127.0.0.1/12256] INFO  server.StorageContainerManager (StorageContainerManager.java:stop(1335)) - Stopping block service RPC server
2021-07-05 00:57:33,324 [Listener at 127.0.0.1/12256] INFO  server.SCMBlockProtocolServer (SCMBlockProtocolServer.java:stop(160)) - Stopping the RPC server for Block Protocol
2021-07-05 00:57:33,324 [Listener at 127.0.0.1/12256] INFO  ipc.Server (Server.java:stop(3403)) - Stopping server on 15462
2021-07-05 00:57:33,331 [IPC Server listener on 15462] INFO  ipc.Server (Server.java:run(1366)) - Stopping IPC Server listener on 15462
2021-07-05 00:57:33,334 [IPC Server Responder] INFO  ipc.Server (Server.java:run(1502)) - Stopping IPC Server Responder
2021-07-05 00:57:33,334 [Listener at 127.0.0.1/12256] INFO  server.StorageContainerManager (StorageContainerManager.java:stop(1342)) - Stopping the StorageContainerLocationProtocol RPC server
2021-07-05 00:57:33,334 [Listener at 127.0.0.1/12256] INFO  server.SCMClientProtocolServer (SCMClientProtocolServer.java:stop(172)) - Stopping the RPC server for Client Protocol
2021-07-05 00:57:33,334 [Listener at 127.0.0.1/12256] INFO  ipc.Server (Server.java:stop(3403)) - Stopping server on 15463
2021-07-05 00:57:33,343 [IPC Server listener on 15463] INFO  ipc.Server (Server.java:run(1366)) - Stopping IPC Server listener on 15463
2021-07-05 00:57:33,344 [IPC Server Responder] INFO  ipc.Server (Server.java:run(1502)) - Stopping IPC Server Responder
2021-07-05 00:57:33,344 [Listener at 127.0.0.1/12256] INFO  server.StorageContainerManager (StorageContainerManager.java:stop(1349)) - Stopping Storage Container Manager HTTP server.
2021-07-05 00:57:33,344 [Listener at 127.0.0.1/12256] INFO  handler.ContextHandler (ContextHandler.java:doStop(1154)) - Stopped o.e.j.w.WebAppContext@27d6267e{scm,/,null,STOPPED}{file:/home/runner/work/ozone/ozone/mnt/ozone/hadoop-ozone/integration-test/target/test-classes/webapps/scm}
2021-07-05 00:57:33,345 [Listener at 127.0.0.1/12256] INFO  server.AbstractConnector (AbstractConnector.java:doStop(381)) - Stopped ServerConnector@40b01718{HTTP/1.1, (http/1.1)}{0.0.0.0:15458}
2021-07-05 00:57:33,345 [Listener at 127.0.0.1/12256] INFO  server.session (HouseKeeper.java:stopScavenging(149)) - node0 Stopped scavenging
2021-07-05 00:57:33,345 [Listener at 127.0.0.1/12256] INFO  handler.ContextHandler (ContextHandler.java:doStop(1154)) - Stopped o.e.j.s.ServletContextHandler@c6bf8d9{static,/static,file:///home/runner/work/ozone/ozone/mnt/ozone/hadoop-ozone/integration-test/target/test-classes/webapps/static,STOPPED}
2021-07-05 00:57:33,346 [Listener at 127.0.0.1/12256] INFO  handler.ContextHandler (ContextHandler.java:doStop(1154)) - Stopped o.e.j.s.ServletContextHandler@3b576ee3{logs,/logs,file:///home/runner/work/ozone/ozone/mnt/ozone/hadoop-ozone/integration-test/target/log,STOPPED}
2021-07-05 00:57:33,347 [Listener at 127.0.0.1/12256] INFO  server.StorageContainerManager (StorageContainerManager.java:stop(1360)) - Stopping Block Manager Service.
2021-07-05 00:57:33,347 [Listener at 127.0.0.1/12256] INFO  utils.BackgroundService (BackgroundService.java:shutdown(132)) - Shutting down service SCMBlockDeletingService
2021-07-05 00:57:33,348 [Listener at 127.0.0.1/12256] INFO  utils.BackgroundService (BackgroundService.java:shutdown(132)) - Shutting down service SCMBlockDeletingService
2021-07-05 00:57:33,349 [Listener at 127.0.0.1/12256] INFO  server.StorageContainerManager (StorageContainerManager.java:stop(1387)) - Stopping SCM Event Queue.
2021-07-05 00:57:33,352 [Listener at 127.0.0.1/12256] INFO  ha.SCMRatisServerImpl (SCMRatisServerImpl.java:stop(226)) - stopping ratis server 0.0.0.0:15460
2021-07-05 00:57:33,352 [Listener at 127.0.0.1/12256] INFO  server.RaftServer (RaftServerProxy.java:lambda$close$6(391)) - 431daa7d-f040-4c11-a1fb-891b2bc8b6a1: close
2021-07-05 00:57:33,352 [Listener at 127.0.0.1/12256] INFO  server.RaftServer$Division (RaftServerImpl.java:lambda$close$4(406)) - 431daa7d-f040-4c11-a1fb-891b2bc8b6a1@group-2C1689F4816B: shutdown
2021-07-05 00:57:33,353 [Listener at 127.0.0.1/12256] INFO  util.JmxRegister (JmxRegister.java:unregister(73)) - Successfully un-registered JMX Bean with object name Ratis:service=RaftServer,group=group-2C1689F4816B,id=431daa7d-f040-4c11-a1fb-891b2bc8b6a1
2021-07-05 00:57:33,353 [Listener at 127.0.0.1/12256] INFO  impl.RoleInfo (RoleInfo.java:shutdownLeaderState(91)) - 431daa7d-f040-4c11-a1fb-891b2bc8b6a1: shutdown 431daa7d-f040-4c11-a1fb-891b2bc8b6a1@group-2C1689F4816B-LeaderStateImpl
2021-07-05 00:57:33,353 [Listener at 127.0.0.1/12256] INFO  metrics.RatisMetrics (RatisMetrics.java:unregister(43)) - Unregistering Metrics Registry : ratis_grpc.log_appender.431daa7d-f040-4c11-a1fb-891b2bc8b6a1@group-2C1689F4816B
2021-07-05 00:57:33,354 [431daa7d-f040-4c11-a1fb-891b2bc8b6a1@group-2C1689F4816B->181931d2-e1e0-4592-a157-d5007a9fa086-GrpcLogAppender-LogAppenderDaemon] WARN  server.GrpcLogAppender (GrpcLogAppender.java:mayWait(175)) - 431daa7d-f040-4c11-a1fb-891b2bc8b6a1@group-2C1689F4816B->181931d2-e1e0-4592-a157-d5007a9fa086-GrpcLogAppender: Wait interrupted by java.lang.InterruptedException
2021-07-05 00:57:33,355 [Listener at 127.0.0.1/12256] INFO  metrics.RatisMetrics (RatisMetrics.java:unregister(43)) - Unregistering Metrics Registry : ratis_grpc.log_appender.431daa7d-f040-4c11-a1fb-891b2bc8b6a1@group-2C1689F4816B
2021-07-05 00:57:33,355 [grpc-default-executor-1] INFO  server.GrpcServerProtocolService (GrpcServerProtocolService.java:onCompleted(140)) - 181931d2-e1e0-4592-a157-d5007a9fa086: Completed APPEND_ENTRIES, lastRequest: 431daa7d-f040-4c11-a1fb-891b2bc8b6a1->181931d2-e1e0-4592-a157-d5007a9fa086#1975-t2,previous=(t:2, i:207),leaderCommit=207,initializing? true,entries: size=1, first=(t:2, i:208), METADATAENTRY(c:207)
2021-07-05 00:57:33,355 [Listener at 127.0.0.1/12256] INFO  impl.PendingRequests (PendingRequests.java:sendNotLeaderResponses(249)) - 431daa7d-f040-4c11-a1fb-891b2bc8b6a1@group-2C1689F4816B-PendingRequests: sendNotLeaderResponses
2021-07-05 00:57:33,356 [Listener at 127.0.0.1/12256] INFO  ha.SCMStateMachine (SCMStateMachine.java:notifyNotLeader(183)) - current leader SCM steps down.
2021-07-05 00:57:33,356 [Listener at 127.0.0.1/12256] INFO  ha.SCMContext (SCMContext.java:updateLeaderAndTerm(91)) - update <isLeader,term> from <true,2> to <false,0>
2021-07-05 00:57:33,356 [Listener at 127.0.0.1/12256] INFO  ha.SCMContext (SCMContext.java:updateLeaderAndTerm(98)) - update <isLeaderReady> from <false> to <false>
2021-07-05 00:57:33,356 [431daa7d-f040-4c11-a1fb-891b2bc8b6a1@group-2C1689F4816B->ce66836c-a1aa-4a5b-a828-f737f8336e2d-GrpcLogAppender-LogAppenderDaemon] WARN  server.GrpcLogAppender (GrpcLogAppender.java:mayWait(175)) - 431daa7d-f040-4c11-a1fb-891b2bc8b6a1@group-2C1689F4816B->ce66836c-a1aa-4a5b-a828-f737f8336e2d-GrpcLogAppender: Wait interrupted by java.lang.InterruptedException
2021-07-05 00:57:33,358 [Listener at 127.0.0.1/12256] INFO  metrics.RatisMetrics (RatisMetrics.java:unregister(43)) - Unregistering Metrics Registry : ratis.log_appender.431daa7d-f040-4c11-a1fb-891b2bc8b6a1@group-2C1689F4816B
2021-07-05 00:57:33,358 [Listener at 127.0.0.1/12256] INFO  metrics.RatisMetrics (RatisMetrics.java:unregister(43)) - Unregistering Metrics Registry : ratis.server.431daa7d-f040-4c11-a1fb-891b2bc8b6a1@group-2C1689F4816B
2021-07-05 00:57:33,357 [grpc-default-executor-5] INFO  server.GrpcLogAppender (GrpcLogAppender.java:onCompleted(344)) - 431daa7d-f040-4c11-a1fb-891b2bc8b6a1@group-2C1689F4816B->181931d2-e1e0-4592-a157-d5007a9fa086-AppendLogResponseHandler: follower responses appendEntries COMPLETED
2021-07-05 00:57:33,359 [Listener at 127.0.0.1/12256] INFO  impl.StateMachineUpdater (StateMachineUpdater.java:stopAndJoin(149)) - 431daa7d-f040-4c11-a1fb-891b2bc8b6a1@group-2C1689F4816B-StateMachineUpdater: set stopIndex = 208
2021-07-05 00:57:33,361 [grpc-default-executor-5] INFO  leader.FollowerInfo (FollowerInfoImpl.java:lambda$new$0(46)) - 431daa7d-f040-4c11-a1fb-891b2bc8b6a1@group-2C1689F4816B->181931d2-e1e0-4592-a157-d5007a9fa086: nextIndex: updateUnconditionally 209 -> 208
2021-07-05 00:57:33,361 [431daa7d-f040-4c11-a1fb-891b2bc8b6a1@group-2C1689F4816B-StateMachineUpdater] INFO  ha.SCMStateMachine (SCMStateMachine.java:takeSnapshot(290)) - Current Snapshot Index 208, takeSnapshot took 0 ms
2021-07-05 00:57:33,361 [431daa7d-f040-4c11-a1fb-891b2bc8b6a1@group-2C1689F4816B-StateMachineUpdater] INFO  impl.StateMachineUpdater (StateMachineUpdater.java:takeSnapshot(281)) - 431daa7d-f040-4c11-a1fb-891b2bc8b6a1@group-2C1689F4816B-StateMachineUpdater: Took a snapshot at index 208
2021-07-05 00:57:33,361 [431daa7d-f040-4c11-a1fb-891b2bc8b6a1@group-2C1689F4816B-StateMachineUpdater] INFO  impl.StateMachineUpdater (StateMachineUpdater.java:lambda$new$0(89)) - 431daa7d-f040-4c11-a1fb-891b2bc8b6a1@group-2C1689F4816B-StateMachineUpdater: snapshotIndex: updateIncreasingly 205 -> 208
2021-07-05 00:57:33,361 [431daa7d-f040-4c11-a1fb-891b2bc8b6a1@group-2C1689F4816B-StateMachineUpdater] INFO  ha.SCMStateMachine (HadoopExecutors.java:shutdown(118)) - Gracefully shutting down executor service. Waiting max 5 SECONDS
2021-07-05 00:57:33,361 [431daa7d-f040-4c11-a1fb-891b2bc8b6a1@group-2C1689F4816B-StateMachineUpdater] INFO  ha.SCMStateMachine (HadoopExecutors.java:shutdown(129)) - Succesfully shutdown executor service
2021-07-05 00:57:33,361 [431daa7d-f040-4c11-a1fb-891b2bc8b6a1@group-2C1689F4816B-StateMachineUpdater] INFO  metrics.RatisMetrics (RatisMetrics.java:unregister(43)) - Unregistering Metrics Registry : ratis.state_machine.431daa7d-f040-4c11-a1fb-891b2bc8b6a1@group-2C1689F4816B
2021-07-05 00:57:33,361 [Listener at 127.0.0.1/12256] INFO  server.RaftServer$Division (ServerState.java:close(405)) - 431daa7d-f040-4c11-a1fb-891b2bc8b6a1@group-2C1689F4816B: closes. applyIndex: 208
2021-07-05 00:57:33,359 [grpc-default-executor-1] INFO  server.GrpcServerProtocolService (GrpcServerProtocolService.java:onCompleted(140)) - ce66836c-a1aa-4a5b-a828-f737f8336e2d: Completed APPEND_ENTRIES, lastRequest: 431daa7d-f040-4c11-a1fb-891b2bc8b6a1->ce66836c-a1aa-4a5b-a828-f737f8336e2d#15-t2,previous=(t:2, i:207),leaderCommit=207,initializing? true,entries: size=1, first=(t:2, i:208), METADATAENTRY(c:207)
2021-07-05 00:57:33,362 [431daa7d-f040-4c11-a1fb-891b2bc8b6a1@group-2C1689F4816B-SegmentedRaftLogWorker] INFO  segmented.SegmentedRaftLogWorker (SegmentedRaftLogWorker.java:run(327)) - 431daa7d-f040-4c11-a1fb-891b2bc8b6a1@group-2C1689F4816B-SegmentedRaftLogWorker was interrupted, exiting. There are 0 tasks remaining in the queue.
2021-07-05 00:57:33,362 [Listener at 127.0.0.1/12256] INFO  segmented.SegmentedRaftLogWorker (SegmentedRaftLogWorker.java:close(237)) - 431daa7d-f040-4c11-a1fb-891b2bc8b6a1@group-2C1689F4816B-SegmentedRaftLogWorker close()
2021-07-05 00:57:33,363 [Listener at 127.0.0.1/12256] INFO  metrics.RatisMetrics (RatisMetrics.java:unregister(43)) - Unregistering Metrics Registry : ratis.log_worker.431daa7d-f040-4c11-a1fb-891b2bc8b6a1@group-2C1689F4816B
2021-07-05 00:57:33,364 [Listener at 127.0.0.1/12256] INFO  metrics.RatisMetrics (RatisMetrics.java:unregister(43)) - Unregistering Metrics Registry : ratis.leader_election.431daa7d-f040-4c11-a1fb-891b2bc8b6a1@group-2C1689F4816B
2021-07-05 00:57:33,364 [Listener at 127.0.0.1/12256] INFO  metrics.RatisMetrics (RatisMetrics.java:unregister(43)) - Unregistering Metrics Registry : ratis.server.431daa7d-f040-4c11-a1fb-891b2bc8b6a1@group-2C1689F4816B
2021-07-05 00:57:33,364 [Listener at 127.0.0.1/12256] INFO  server.GrpcService (GrpcService.java:closeImpl(262)) - 431daa7d-f040-4c11-a1fb-891b2bc8b6a1: shutdown server with port 15460 now
2021-07-05 00:57:33,364 [grpc-default-executor-5] INFO  server.GrpcLogAppender (GrpcLogAppender.java:onCompleted(344)) - 431daa7d-f040-4c11-a1fb-891b2bc8b6a1@group-2C1689F4816B->ce66836c-a1aa-4a5b-a828-f737f8336e2d-AppendLogResponseHandler: follower responses appendEntries COMPLETED
2021-07-05 00:57:33,364 [grpc-default-executor-5] INFO  leader.FollowerInfo (FollowerInfoImpl.java:lambda$new$0(46)) - 431daa7d-f040-4c11-a1fb-891b2bc8b6a1@group-2C1689F4816B->ce66836c-a1aa-4a5b-a828-f737f8336e2d: nextIndex: updateUnconditionally 209 -> 208
2021-07-05 00:57:33,375 [Listener at 127.0.0.1/12256] INFO  server.GrpcService (GrpcService.java:closeImpl(271)) - 431daa7d-f040-4c11-a1fb-891b2bc8b6a1: shutdown server with port 15460 successfully
2021-07-05 00:57:33,376 [org.apache.ratis.util.JvmPauseMonitor$$Lambda$493/611739613@45f1413c] INFO  util.JvmPauseMonitor (JvmPauseMonitor.java:run(109)) - JvmPauseMonitor-431daa7d-f040-4c11-a1fb-891b2bc8b6a1: Stopped
2021-07-05 00:57:33,376 [Listener at 127.0.0.1/12256] INFO  ha.SCMStateMachine (HadoopExecutors.java:shutdown(118)) - Gracefully shutting down executor service. Waiting max 5 SECONDS
2021-07-05 00:57:33,376 [Listener at 127.0.0.1/12256] INFO  ha.SCMStateMachine (HadoopExecutors.java:shutdown(129)) - Succesfully shutdown executor service
2021-07-05 00:57:33,378 [Listener at 127.0.0.1/12256] INFO  pipeline.BackgroundPipelineCreator (BackgroundPipelineCreatorV2.java:stop(158)) - Stopping RatisPipelineUtilsThread.
2021-07-05 00:57:33,379 [Listener at 127.0.0.1/12256] INFO  impl.MetricsSystemImpl (MetricsSystemImpl.java:stop(210)) - Stopping StorageContainerManager metrics system...
2021-07-05 00:57:33,390 [prometheus] INFO  impl.MetricsSinkAdapter (MetricsSinkAdapter.java:publishMetricsFromQueue(141)) - prometheus thread interrupted.
2021-07-05 00:57:33,391 [Listener at 127.0.0.1/12256] INFO  impl.MetricsSystemImpl (MetricsSystemImpl.java:stop(216)) - StorageContainerManager metrics system stopped.
2021-07-05 00:57:33,392 [Listener at 127.0.0.1/12256] INFO  ozone.MiniOzoneHAClusterImpl (MiniOzoneHAClusterImpl.java:stop(296)) - Stopping the StorageContainerManager ce66836c-a1aa-4a5b-a828-f737f8336e2d
2021-07-05 00:57:33,393 [Listener at 127.0.0.1/12256] INFO  server.StorageContainerManager (StorageContainerManager.java:stop(1306)) - Stopping Replication Manager Service.
2021-07-05 00:57:33,393 [Listener at 127.0.0.1/12256] INFO  container.ReplicationManager (ReplicationManager.java:stop(260)) - Stopping Replication Monitor Thread.
2021-07-05 00:57:33,394 [Listener at 127.0.0.1/12256] INFO  server.StorageContainerManager (StorageContainerManager.java:stop(1313)) - Stopping the Datanode Admin Monitor.
2021-07-05 00:57:33,394 [Listener at 127.0.0.1/12256] INFO  server.StorageContainerManager (StorageContainerManager.java:stop(1320)) - Stopping Lease Manager of the command watchers
2021-07-05 00:57:33,394 [Listener at 127.0.0.1/12256] INFO  server.StorageContainerManager (StorageContainerManager.java:stop(1327)) - Stopping datanode service RPC server
2021-07-05 00:57:33,394 [Listener at 127.0.0.1/12256] INFO  server.SCMDatanodeProtocolServer (SCMDatanodeProtocolServer.java:stop(377)) - Stopping the RPC server for DataNodes
2021-07-05 00:57:33,394 [Listener at 127.0.0.1/12256] INFO  ipc.Server (Server.java:stop(3403)) - Stopping server on 15481
2021-07-05 00:57:33,397 [IPC Server listener on 15481] INFO  ipc.Server (Server.java:run(1366)) - Stopping IPC Server listener on 15481
2021-07-05 00:57:33,399 [IPC Server Responder] INFO  ipc.Server (Server.java:run(1502)) - Stopping IPC Server Responder
2021-07-05 00:57:33,455 [SCM Heartbeat Processing Thread - 0] WARN  node.NodeStateManager (NodeStateManager.java:scheduleNextHealthCheck(688)) - Current Thread is interrupted, shutting down HB processing thread for Node Manager.
2021-07-05 00:57:33,456 [Listener at 127.0.0.1/12256] INFO  server.StorageContainerManager (StorageContainerManager.java:stop(1335)) - Stopping block service RPC server
2021-07-05 00:57:33,457 [Listener at 127.0.0.1/12256] INFO  server.SCMBlockProtocolServer (SCMBlockProtocolServer.java:stop(160)) - Stopping the RPC server for Block Protocol
2021-07-05 00:57:33,457 [Listener at 127.0.0.1/12256] INFO  ipc.Server (Server.java:stop(3403)) - Stopping server on 15482
2021-07-05 00:57:33,460 [IPC Server listener on 15482] INFO  ipc.Server (Server.java:run(1366)) - Stopping IPC Server listener on 15482
2021-07-05 00:57:33,460 [IPC Server Responder] INFO  ipc.Server (Server.java:run(1502)) - Stopping IPC Server Responder
2021-07-05 00:57:33,461 [Listener at 127.0.0.1/12256] INFO  server.StorageContainerManager (StorageContainerManager.java:stop(1342)) - Stopping the StorageContainerLocationProtocol RPC server
2021-07-05 00:57:33,461 [Listener at 127.0.0.1/12256] INFO  server.SCMClientProtocolServer (SCMClientProtocolServer.java:stop(172)) - Stopping the RPC server for Client Protocol
2021-07-05 00:57:33,462 [Listener at 127.0.0.1/12256] INFO  ipc.Server (Server.java:stop(3403)) - Stopping server on 15483
2021-07-05 00:57:33,467 [IPC Server listener on 15483] INFO  ipc.Server (Server.java:run(1366)) - Stopping IPC Server listener on 15483
2021-07-05 00:57:33,467 [IPC Server Responder] INFO  ipc.Server (Server.java:run(1502)) - Stopping IPC Server Responder
2021-07-05 00:57:33,467 [Listener at 127.0.0.1/12256] INFO  server.StorageContainerManager (StorageContainerManager.java:stop(1349)) - Stopping Storage Container Manager HTTP server.
2021-07-05 00:57:33,468 [Listener at 127.0.0.1/12256] INFO  handler.ContextHandler (ContextHandler.java:doStop(1154)) - Stopped o.e.j.w.WebAppContext@3abc4498{scm,/,null,STOPPED}{file:/home/runner/work/ozone/ozone/mnt/ozone/hadoop-ozone/integration-test/target/test-classes/webapps/scm}
2021-07-05 00:57:33,469 [Listener at 127.0.0.1/12256] INFO  server.AbstractConnector (AbstractConnector.java:doStop(381)) - Stopped ServerConnector@5970734c{HTTP/1.1, (http/1.1)}{0.0.0.0:15478}
2021-07-05 00:57:33,469 [Listener at 127.0.0.1/12256] INFO  server.session (HouseKeeper.java:stopScavenging(149)) - node0 Stopped scavenging
2021-07-05 00:57:33,469 [Listener at 127.0.0.1/12256] INFO  handler.ContextHandler (ContextHandler.java:doStop(1154)) - Stopped o.e.j.s.ServletContextHandler@6ac3ce34{static,/static,file:///home/runner/work/ozone/ozone/mnt/ozone/hadoop-ozone/integration-test/target/test-classes/webapps/static,STOPPED}
2021-07-05 00:57:33,470 [Listener at 127.0.0.1/12256] INFO  handler.ContextHandler (ContextHandler.java:doStop(1154)) - Stopped o.e.j.s.ServletContextHandler@6cc1da7b{logs,/logs,file:///home/runner/work/ozone/ozone/mnt/ozone/hadoop-ozone/integration-test/target/log,STOPPED}
2021-07-05 00:57:33,470 [Listener at 127.0.0.1/12256] INFO  server.StorageContainerManager (StorageContainerManager.java:stop(1360)) - Stopping Block Manager Service.
2021-07-05 00:57:33,471 [Listener at 127.0.0.1/12256] INFO  utils.BackgroundService (BackgroundService.java:shutdown(132)) - Shutting down service SCMBlockDeletingService
2021-07-05 00:57:33,471 [Listener at 127.0.0.1/12256] INFO  utils.BackgroundService (BackgroundService.java:shutdown(132)) - Shutting down service SCMBlockDeletingService
2021-07-05 00:57:33,472 [Listener at 127.0.0.1/12256] INFO  server.StorageContainerManager (StorageContainerManager.java:stop(1387)) - Stopping SCM Event Queue.
2021-07-05 00:57:33,474 [Listener at 127.0.0.1/12256] INFO  ha.SCMRatisServerImpl (SCMRatisServerImpl.java:stop(226)) - stopping ratis server 0.0.0.0:15480
2021-07-05 00:57:33,474 [Listener at 127.0.0.1/12256] INFO  server.RaftServer (RaftServerProxy.java:lambda$close$6(391)) - ce66836c-a1aa-4a5b-a828-f737f8336e2d: close
2021-07-05 00:57:33,474 [Listener at 127.0.0.1/12256] INFO  server.RaftServer$Division (RaftServerImpl.java:lambda$close$4(406)) - ce66836c-a1aa-4a5b-a828-f737f8336e2d@group-2C1689F4816B: shutdown
2021-07-05 00:57:33,474 [Listener at 127.0.0.1/12256] INFO  util.JmxRegister (JmxRegister.java:unregister(73)) - Successfully un-registered JMX Bean with object name Ratis:service=RaftServer,group=group-2C1689F4816B,id=ce66836c-a1aa-4a5b-a828-f737f8336e2d
2021-07-05 00:57:33,475 [Listener at 127.0.0.1/12256] INFO  impl.RoleInfo (RoleInfo.java:shutdownFollowerState(108)) - ce66836c-a1aa-4a5b-a828-f737f8336e2d: shutdown ce66836c-a1aa-4a5b-a828-f737f8336e2d@group-2C1689F4816B-FollowerState
2021-07-05 00:57:33,475 [ce66836c-a1aa-4a5b-a828-f737f8336e2d@group-2C1689F4816B-FollowerState] INFO  impl.FollowerState (FollowerState.java:run(143)) - ce66836c-a1aa-4a5b-a828-f737f8336e2d@group-2C1689F4816B-FollowerState was interrupted: {}
java.lang.InterruptedException: sleep interrupted
	at java.lang.Thread.sleep(Native Method)
	at java.lang.Thread.sleep(Thread.java:340)
	at java.util.concurrent.TimeUnit.sleep(TimeUnit.java:386)
	at org.apache.ratis.util.TimeDuration.sleep(TimeDuration.java:324)
	at org.apache.ratis.util.TimeDuration.sleep(TimeDuration.java:309)
	at org.apache.ratis.server.impl.FollowerState.run(FollowerState.java:118)
2021-07-05 00:57:33,475 [Listener at 127.0.0.1/12256] INFO  impl.StateMachineUpdater (StateMachineUpdater.java:stopAndJoin(149)) - ce66836c-a1aa-4a5b-a828-f737f8336e2d@group-2C1689F4816B-StateMachineUpdater: set stopIndex = 207
2021-07-05 00:57:33,476 [ce66836c-a1aa-4a5b-a828-f737f8336e2d@group-2C1689F4816B-StateMachineUpdater] INFO  ha.SCMStateMachine (SCMStateMachine.java:takeSnapshot(290)) - Current Snapshot Index 207, takeSnapshot took 0 ms
2021-07-05 00:57:33,476 [ce66836c-a1aa-4a5b-a828-f737f8336e2d@group-2C1689F4816B-StateMachineUpdater] INFO  impl.StateMachineUpdater (StateMachineUpdater.java:takeSnapshot(281)) - ce66836c-a1aa-4a5b-a828-f737f8336e2d@group-2C1689F4816B-StateMachineUpdater: Took a snapshot at index 207
2021-07-05 00:57:33,476 [ce66836c-a1aa-4a5b-a828-f737f8336e2d@group-2C1689F4816B-StateMachineUpdater] INFO  impl.StateMachineUpdater (StateMachineUpdater.java:lambda$new$0(89)) - ce66836c-a1aa-4a5b-a828-f737f8336e2d@group-2C1689F4816B-StateMachineUpdater: snapshotIndex: updateIncreasingly 203 -> 207
2021-07-05 00:57:33,476 [ce66836c-a1aa-4a5b-a828-f737f8336e2d@group-2C1689F4816B-StateMachineUpdater] INFO  raftlog.RaftLog (RaftLogBase.java:purge(306)) - ce66836c-a1aa-4a5b-a828-f737f8336e2d@group-2C1689F4816B-SegmentedRaftLog: purge 207
2021-07-05 00:57:33,476 [ce66836c-a1aa-4a5b-a828-f737f8336e2d@group-2C1689F4816B-StateMachineUpdater] INFO  raftlog.RaftLog (RaftLogBase.java:lambda$new$0(53)) - ce66836c-a1aa-4a5b-a828-f737f8336e2d@group-2C1689F4816B-SegmentedRaftLog: snapshotIndex: updateIncreasingly 203 -> 207
2021-07-05 00:57:33,476 [ce66836c-a1aa-4a5b-a828-f737f8336e2d@group-2C1689F4816B-StateMachineUpdater] INFO  raftlog.RaftLog (RaftLogBase.java:lambda$new$0(53)) - ce66836c-a1aa-4a5b-a828-f737f8336e2d@group-2C1689F4816B-SegmentedRaftLog: purgeIndex: updateToMax old=-1, new=207, updated? true
2021-07-05 00:57:33,476 [ce66836c-a1aa-4a5b-a828-f737f8336e2d@group-2C1689F4816B-StateMachineUpdater] INFO  ha.SCMStateMachine (HadoopExecutors.java:shutdown(118)) - Gracefully shutting down executor service. Waiting max 5 SECONDS
2021-07-05 00:57:33,476 [ce66836c-a1aa-4a5b-a828-f737f8336e2d@group-2C1689F4816B-StateMachineUpdater] INFO  ha.SCMStateMachine (HadoopExecutors.java:shutdown(129)) - Succesfully shutdown executor service
2021-07-05 00:57:33,477 [ce66836c-a1aa-4a5b-a828-f737f8336e2d@group-2C1689F4816B-StateMachineUpdater] INFO  metrics.RatisMetrics (RatisMetrics.java:unregister(43)) - Unregistering Metrics Registry : ratis.state_machine.ce66836c-a1aa-4a5b-a828-f737f8336e2d@group-2C1689F4816B
2021-07-05 00:57:33,477 [Listener at 127.0.0.1/12256] INFO  server.RaftServer$Division (ServerState.java:close(405)) - ce66836c-a1aa-4a5b-a828-f737f8336e2d@group-2C1689F4816B: closes. applyIndex: 207
2021-07-05 00:57:33,477 [ce66836c-a1aa-4a5b-a828-f737f8336e2d@group-2C1689F4816B-SegmentedRaftLogWorker] INFO  segmented.SegmentedRaftLogWorker (SegmentedRaftLogWorker.java:run(327)) - ce66836c-a1aa-4a5b-a828-f737f8336e2d@group-2C1689F4816B-SegmentedRaftLogWorker was interrupted, exiting. There are 0 tasks remaining in the queue.
2021-07-05 00:57:33,478 [Listener at 127.0.0.1/12256] INFO  segmented.SegmentedRaftLogWorker (SegmentedRaftLogWorker.java:close(237)) - ce66836c-a1aa-4a5b-a828-f737f8336e2d@group-2C1689F4816B-SegmentedRaftLogWorker close()
2021-07-05 00:57:33,479 [Listener at 127.0.0.1/12256] INFO  metrics.RatisMetrics (RatisMetrics.java:unregister(43)) - Unregistering Metrics Registry : ratis.log_worker.ce66836c-a1aa-4a5b-a828-f737f8336e2d@group-2C1689F4816B
2021-07-05 00:57:33,479 [Listener at 127.0.0.1/12256] INFO  metrics.RatisMetrics (RatisMetrics.java:unregister(43)) - Unregistering Metrics Registry : ratis.leader_election.ce66836c-a1aa-4a5b-a828-f737f8336e2d@group-2C1689F4816B
2021-07-05 00:57:33,479 [Listener at 127.0.0.1/12256] INFO  metrics.RatisMetrics (RatisMetrics.java:unregister(43)) - Unregistering Metrics Registry : ratis.server.ce66836c-a1aa-4a5b-a828-f737f8336e2d@group-2C1689F4816B
2021-07-05 00:57:33,479 [Listener at 127.0.0.1/12256] INFO  server.GrpcService (GrpcService.java:closeImpl(262)) - ce66836c-a1aa-4a5b-a828-f737f8336e2d: shutdown server with port 15480 now
2021-07-05 00:57:33,480 [Listener at 127.0.0.1/12256] INFO  server.GrpcService (GrpcService.java:closeImpl(271)) - ce66836c-a1aa-4a5b-a828-f737f8336e2d: shutdown server with port 15480 successfully
2021-07-05 00:57:33,480 [org.apache.ratis.util.JvmPauseMonitor$$Lambda$493/611739613@23885f6a] INFO  util.JvmPauseMonitor (JvmPauseMonitor.java:run(109)) - JvmPauseMonitor-ce66836c-a1aa-4a5b-a828-f737f8336e2d: Stopped
2021-07-05 00:57:33,481 [Listener at 127.0.0.1/12256] INFO  ha.SCMStateMachine (HadoopExecutors.java:shutdown(118)) - Gracefully shutting down executor service. Waiting max 5 SECONDS
2021-07-05 00:57:33,481 [Listener at 127.0.0.1/12256] INFO  ha.SCMStateMachine (HadoopExecutors.java:shutdown(129)) - Succesfully shutdown executor service
2021-07-05 00:57:33,481 [Listener at 127.0.0.1/12256] INFO  pipeline.BackgroundPipelineCreator (BackgroundPipelineCreatorV2.java:stop(158)) - Stopping RatisPipelineUtilsThread.
2021-07-05 00:57:33,482 [Listener at 127.0.0.1/12256] INFO  impl.MetricsSystemImpl (MetricsSystemImpl.java:stop(205)) - StorageContainerManager metrics system stopped (again)
2021-07-05 00:57:33,482 [Listener at 127.0.0.1/12256] INFO  ozone.MiniOzoneHAClusterImpl (MiniOzoneHAClusterImpl.java:stop(296)) - Stopping the StorageContainerManager 181931d2-e1e0-4592-a157-d5007a9fa086
2021-07-05 00:57:33,482 [Listener at 127.0.0.1/12256] INFO  server.StorageContainerManager (StorageContainerManager.java:stop(1306)) - Stopping Replication Manager Service.
2021-07-05 00:57:33,483 [Listener at 127.0.0.1/12256] INFO  container.ReplicationManager (ReplicationManager.java:stop(260)) - Stopping Replication Monitor Thread.
2021-07-05 00:57:33,483 [Listener at 127.0.0.1/12256] INFO  server.StorageContainerManager (StorageContainerManager.java:stop(1313)) - Stopping the Datanode Admin Monitor.
2021-07-05 00:57:33,483 [Listener at 127.0.0.1/12256] INFO  server.StorageContainerManager (StorageContainerManager.java:stop(1320)) - Stopping Lease Manager of the command watchers
2021-07-05 00:57:33,483 [Listener at 127.0.0.1/12256] INFO  server.StorageContainerManager (StorageContainerManager.java:stop(1327)) - Stopping datanode service RPC server
2021-07-05 00:57:33,484 [Listener at 127.0.0.1/12256] INFO  server.SCMDatanodeProtocolServer (SCMDatanodeProtocolServer.java:stop(377)) - Stopping the RPC server for DataNodes
2021-07-05 00:57:33,484 [Listener at 127.0.0.1/12256] INFO  ipc.Server (Server.java:stop(3403)) - Stopping server on 15471
2021-07-05 00:57:33,486 [IPC Server listener on 15471] INFO  ipc.Server (Server.java:run(1366)) - Stopping IPC Server listener on 15471
2021-07-05 00:57:33,487 [IPC Server Responder] INFO  ipc.Server (Server.java:run(1502)) - Stopping IPC Server Responder
2021-07-05 00:57:33,490 [SCM Heartbeat Processing Thread - 0] WARN  node.NodeStateManager (NodeStateManager.java:scheduleNextHealthCheck(688)) - Current Thread is interrupted, shutting down HB processing thread for Node Manager.
2021-07-05 00:57:33,490 [Listener at 127.0.0.1/12256] INFO  server.StorageContainerManager (StorageContainerManager.java:stop(1335)) - Stopping block service RPC server
2021-07-05 00:57:33,490 [Listener at 127.0.0.1/12256] INFO  server.SCMBlockProtocolServer (SCMBlockProtocolServer.java:stop(160)) - Stopping the RPC server for Block Protocol
2021-07-05 00:57:33,490 [Listener at 127.0.0.1/12256] INFO  ipc.Server (Server.java:stop(3403)) - Stopping server on 15472
2021-07-05 00:57:33,492 [IPC Server listener on 15472] INFO  ipc.Server (Server.java:run(1366)) - Stopping IPC Server listener on 15472
2021-07-05 00:57:33,494 [IPC Server Responder] INFO  ipc.Server (Server.java:run(1502)) - Stopping IPC Server Responder
2021-07-05 00:57:33,494 [Listener at 127.0.0.1/12256] INFO  server.StorageContainerManager (StorageContainerManager.java:stop(1342)) - Stopping the StorageContainerLocationProtocol RPC server
2021-07-05 00:57:33,494 [Listener at 127.0.0.1/12256] INFO  server.SCMClientProtocolServer (SCMClientProtocolServer.java:stop(172)) - Stopping the RPC server for Client Protocol
2021-07-05 00:57:33,494 [Listener at 127.0.0.1/12256] INFO  ipc.Server (Server.java:stop(3403)) - Stopping server on 15473
2021-07-05 00:57:33,496 [IPC Server listener on 15473] INFO  ipc.Server (Server.java:run(1366)) - Stopping IPC Server listener on 15473
2021-07-05 00:57:33,496 [IPC Server Responder] INFO  ipc.Server (Server.java:run(1502)) - Stopping IPC Server Responder
2021-07-05 00:57:33,504 [Listener at 127.0.0.1/12256] INFO  server.StorageContainerManager (StorageContainerManager.java:stop(1349)) - Stopping Storage Container Manager HTTP server.
2021-07-05 00:57:33,505 [Listener at 127.0.0.1/12256] INFO  handler.ContextHandler (ContextHandler.java:doStop(1154)) - Stopped o.e.j.w.WebAppContext@69ed96e1{scm,/,null,STOPPED}{file:/home/runner/work/ozone/ozone/mnt/ozone/hadoop-ozone/integration-test/target/test-classes/webapps/scm}
2021-07-05 00:57:33,506 [Listener at 127.0.0.1/12256] INFO  server.AbstractConnector (AbstractConnector.java:doStop(381)) - Stopped ServerConnector@7f9e6167{HTTP/1.1, (http/1.1)}{0.0.0.0:15468}
2021-07-05 00:57:33,506 [Listener at 127.0.0.1/12256] INFO  server.session (HouseKeeper.java:stopScavenging(149)) - node0 Stopped scavenging
2021-07-05 00:57:33,507 [Listener at 127.0.0.1/12256] INFO  handler.ContextHandler (ContextHandler.java:doStop(1154)) - Stopped o.e.j.s.ServletContextHandler@460aa24e{static,/static,file:///home/runner/work/ozone/ozone/mnt/ozone/hadoop-ozone/integration-test/target/test-classes/webapps/static,STOPPED}
2021-07-05 00:57:33,507 [Listener at 127.0.0.1/12256] INFO  handler.ContextHandler (ContextHandler.java:doStop(1154)) - Stopped o.e.j.s.ServletContextHandler@720c0996{logs,/logs,file:///home/runner/work/ozone/ozone/mnt/ozone/hadoop-ozone/integration-test/target/log,STOPPED}
2021-07-05 00:57:33,508 [Listener at 127.0.0.1/12256] INFO  server.StorageContainerManager (StorageContainerManager.java:stop(1360)) - Stopping Block Manager Service.
2021-07-05 00:57:33,509 [Listener at 127.0.0.1/12256] INFO  utils.BackgroundService (BackgroundService.java:shutdown(132)) - Shutting down service SCMBlockDeletingService
2021-07-05 00:57:33,509 [Listener at 127.0.0.1/12256] INFO  utils.BackgroundService (BackgroundService.java:shutdown(132)) - Shutting down service SCMBlockDeletingService
2021-07-05 00:57:33,510 [Listener at 127.0.0.1/12256] INFO  server.StorageContainerManager (StorageContainerManager.java:stop(1387)) - Stopping SCM Event Queue.
2021-07-05 00:57:33,511 [Listener at 127.0.0.1/12256] INFO  ha.SCMRatisServerImpl (SCMRatisServerImpl.java:stop(226)) - stopping ratis server 0.0.0.0:15470
2021-07-05 00:57:33,512 [Listener at 127.0.0.1/12256] INFO  server.RaftServer (RaftServerProxy.java:lambda$close$6(391)) - 181931d2-e1e0-4592-a157-d5007a9fa086: close
2021-07-05 00:57:33,512 [Listener at 127.0.0.1/12256] INFO  server.RaftServer$Division (RaftServerImpl.java:lambda$close$4(406)) - 181931d2-e1e0-4592-a157-d5007a9fa086@group-2C1689F4816B: shutdown
2021-07-05 00:57:33,512 [Listener at 127.0.0.1/12256] INFO  util.JmxRegister (JmxRegister.java:unregister(73)) - Successfully un-registered JMX Bean with object name Ratis:service=RaftServer,group=group-2C1689F4816B,id=181931d2-e1e0-4592-a157-d5007a9fa086
2021-07-05 00:57:33,512 [Listener at 127.0.0.1/12256] INFO  impl.RoleInfo (RoleInfo.java:shutdownFollowerState(108)) - 181931d2-e1e0-4592-a157-d5007a9fa086: shutdown 181931d2-e1e0-4592-a157-d5007a9fa086@group-2C1689F4816B-FollowerState
2021-07-05 00:57:33,513 [181931d2-e1e0-4592-a157-d5007a9fa086@group-2C1689F4816B-FollowerState] INFO  impl.FollowerState (FollowerState.java:run(143)) - 181931d2-e1e0-4592-a157-d5007a9fa086@group-2C1689F4816B-FollowerState was interrupted: {}
java.lang.InterruptedException: sleep interrupted
	at java.lang.Thread.sleep(Native Method)
	at java.lang.Thread.sleep(Thread.java:340)
	at java.util.concurrent.TimeUnit.sleep(TimeUnit.java:386)
	at org.apache.ratis.util.TimeDuration.sleep(TimeDuration.java:324)
	at org.apache.ratis.util.TimeDuration.sleep(TimeDuration.java:309)
	at org.apache.ratis.server.impl.FollowerState.run(FollowerState.java:118)
2021-07-05 00:57:33,513 [181931d2-e1e0-4592-a157-d5007a9fa086@group-2C1689F4816B-StateMachineUpdater] INFO  ha.SCMStateMachine (SCMStateMachine.java:takeSnapshot(290)) - Current Snapshot Index 207, takeSnapshot took 0 ms
2021-07-05 00:57:33,513 [181931d2-e1e0-4592-a157-d5007a9fa086@group-2C1689F4816B-StateMachineUpdater] INFO  impl.StateMachineUpdater (StateMachineUpdater.java:takeSnapshot(281)) - 181931d2-e1e0-4592-a157-d5007a9fa086@group-2C1689F4816B-StateMachineUpdater: Took a snapshot at index 207
2021-07-05 00:57:33,513 [181931d2-e1e0-4592-a157-d5007a9fa086@group-2C1689F4816B-StateMachineUpdater] INFO  impl.StateMachineUpdater (StateMachineUpdater.java:lambda$new$0(89)) - 181931d2-e1e0-4592-a157-d5007a9fa086@group-2C1689F4816B-StateMachineUpdater: snapshotIndex: updateIncreasingly 205 -> 207
2021-07-05 00:57:33,513 [181931d2-e1e0-4592-a157-d5007a9fa086@group-2C1689F4816B-StateMachineUpdater] INFO  ha.SCMStateMachine (HadoopExecutors.java:shutdown(118)) - Gracefully shutting down executor service. Waiting max 5 SECONDS
2021-07-05 00:57:33,513 [181931d2-e1e0-4592-a157-d5007a9fa086@group-2C1689F4816B-StateMachineUpdater] INFO  ha.SCMStateMachine (HadoopExecutors.java:shutdown(129)) - Succesfully shutdown executor service
2021-07-05 00:57:33,513 [181931d2-e1e0-4592-a157-d5007a9fa086@group-2C1689F4816B-StateMachineUpdater] INFO  metrics.RatisMetrics (RatisMetrics.java:unregister(43)) - Unregistering Metrics Registry : ratis.state_machine.181931d2-e1e0-4592-a157-d5007a9fa086@group-2C1689F4816B
2021-07-05 00:57:33,513 [Listener at 127.0.0.1/12256] INFO  impl.StateMachineUpdater (StateMachineUpdater.java:stopAndJoin(149)) - 181931d2-e1e0-4592-a157-d5007a9fa086@group-2C1689F4816B-StateMachineUpdater: set stopIndex = 207
2021-07-05 00:57:33,514 [Listener at 127.0.0.1/12256] INFO  server.RaftServer$Division (ServerState.java:close(405)) - 181931d2-e1e0-4592-a157-d5007a9fa086@group-2C1689F4816B: closes. applyIndex: 207
2021-07-05 00:57:33,514 [181931d2-e1e0-4592-a157-d5007a9fa086@group-2C1689F4816B-SegmentedRaftLogWorker] INFO  segmented.SegmentedRaftLogWorker (SegmentedRaftLogWorker.java:run(327)) - 181931d2-e1e0-4592-a157-d5007a9fa086@group-2C1689F4816B-SegmentedRaftLogWorker was interrupted, exiting. There are 0 tasks remaining in the queue.
2021-07-05 00:57:33,514 [Listener at 127.0.0.1/12256] INFO  segmented.SegmentedRaftLogWorker (SegmentedRaftLogWorker.java:close(237)) - 181931d2-e1e0-4592-a157-d5007a9fa086@group-2C1689F4816B-SegmentedRaftLogWorker close()
2021-07-05 00:57:33,515 [Listener at 127.0.0.1/12256] INFO  metrics.RatisMetrics (RatisMetrics.java:unregister(43)) - Unregistering Metrics Registry : ratis.log_worker.181931d2-e1e0-4592-a157-d5007a9fa086@group-2C1689F4816B
2021-07-05 00:57:33,516 [Listener at 127.0.0.1/12256] INFO  metrics.RatisMetrics (RatisMetrics.java:unregister(43)) - Unregistering Metrics Registry : ratis.leader_election.181931d2-e1e0-4592-a157-d5007a9fa086@group-2C1689F4816B
2021-07-05 00:57:33,516 [Listener at 127.0.0.1/12256] INFO  metrics.RatisMetrics (RatisMetrics.java:unregister(43)) - Unregistering Metrics Registry : ratis.server.181931d2-e1e0-4592-a157-d5007a9fa086@group-2C1689F4816B
2021-07-05 00:57:33,516 [Listener at 127.0.0.1/12256] INFO  server.GrpcService (GrpcService.java:closeImpl(262)) - 181931d2-e1e0-4592-a157-d5007a9fa086: shutdown server with port 15470 now
2021-07-05 00:57:33,517 [Listener at 127.0.0.1/12256] INFO  server.GrpcService (GrpcService.java:closeImpl(271)) - 181931d2-e1e0-4592-a157-d5007a9fa086: shutdown server with port 15470 successfully
2021-07-05 00:57:33,517 [org.apache.ratis.util.JvmPauseMonitor$$Lambda$493/611739613@3e149513] INFO  util.JvmPauseMonitor (JvmPauseMonitor.java:run(109)) - JvmPauseMonitor-181931d2-e1e0-4592-a157-d5007a9fa086: Stopped
2021-07-05 00:57:33,517 [Listener at 127.0.0.1/12256] INFO  ha.SCMStateMachine (HadoopExecutors.java:shutdown(118)) - Gracefully shutting down executor service. Waiting max 5 SECONDS
2021-07-05 00:57:33,518 [Listener at 127.0.0.1/12256] INFO  ha.SCMStateMachine (HadoopExecutors.java:shutdown(129)) - Succesfully shutdown executor service
2021-07-05 00:57:33,518 [Listener at 127.0.0.1/12256] INFO  pipeline.BackgroundPipelineCreator (BackgroundPipelineCreatorV2.java:stop(158)) - Stopping RatisPipelineUtilsThread.
2021-07-05 00:57:33,519 [Listener at 127.0.0.1/12256] INFO  impl.MetricsSystemImpl (MetricsSystemImpl.java:stop(205)) - StorageContainerManager metrics system stopped (again)
2021-07-05 00:57:33,519 [Listener at 127.0.0.1/12256] INFO  ozone.MiniOzoneClusterImpl (MiniOzoneClusterImpl.java:stop(460)) - Stopping the Mini Ozone Cluster
2021-07-05 00:57:33,519 [Listener at 127.0.0.1/12256] INFO  ozone.MiniOzoneClusterImpl (MiniOzoneClusterImpl.java:stopDatanodes(519)) - Stopping the HddsDatanodes
2021-07-05 00:57:33,574 [EndpointStateMachine task thread for /127.0.0.1:15481 - 0 ] WARN  statemachine.EndpointStateMachine (EndpointStateMachine.java:logIfNeeded(236)) - Unable to communicate to SCM server at 127.0.0.1:15481 for past 0 seconds.
java.io.EOFException: End of File Exception between local host is: "fv-az291-681/10.1.0.7"; destination host is: "localhost":15481; : java.io.EOFException; For more details see:  http://wiki.apache.org/hadoop/EOFException
	at sun.reflect.NativeConstructorAccessorImpl.newInstance0(Native Method)
	at sun.reflect.NativeConstructorAccessorImpl.newInstance(NativeConstructorAccessorImpl.java:62)
	at sun.reflect.DelegatingConstructorAccessorImpl.newInstance(DelegatingConstructorAccessorImpl.java:45)
	at java.lang.reflect.Constructor.newInstance(Constructor.java:423)
	at org.apache.hadoop.net.NetUtils.wrapWithMessage(NetUtils.java:836)
	at org.apache.hadoop.net.NetUtils.wrapException(NetUtils.java:794)
	at org.apache.hadoop.ipc.Client.getRpcResponse(Client.java:1566)
	at org.apache.hadoop.ipc.Client.call(Client.java:1508)
	at org.apache.hadoop.ipc.Client.call(Client.java:1405)
	at org.apache.hadoop.ipc.ProtobufRpcEngine$Invoker.invoke(ProtobufRpcEngine.java:233)
	at org.apache.hadoop.ipc.ProtobufRpcEngine$Invoker.invoke(ProtobufRpcEngine.java:118)
	at com.sun.proxy.$Proxy45.submitRequest(Unknown Source)
	at org.apache.hadoop.ozone.protocolPB.StorageContainerDatanodeProtocolClientSideTranslatorPB.submitRequest(StorageContainerDatanodeProtocolClientSideTranslatorPB.java:117)
	at org.apache.hadoop.ozone.protocolPB.StorageContainerDatanodeProtocolClientSideTranslatorPB.sendHeartbeat(StorageContainerDatanodeProtocolClientSideTranslatorPB.java:149)
	at org.apache.hadoop.ozone.container.common.states.endpoint.HeartbeatEndpointTask.call(HeartbeatEndpointTask.java:146)
	at org.apache.hadoop.ozone.container.common.states.endpoint.HeartbeatEndpointTask.call(HeartbeatEndpointTask.java:77)
	at java.util.concurrent.FutureTask.run(FutureTask.java:266)
	at java.util.concurrent.ThreadPoolExecutor.runWorker(ThreadPoolExecutor.java:1149)
	at java.util.concurrent.ThreadPoolExecutor$Worker.run(ThreadPoolExecutor.java:624)
	at java.lang.Thread.run(Thread.java:748)
Caused by: java.io.EOFException
	at java.io.DataInputStream.readInt(DataInputStream.java:392)
	at org.apache.hadoop.ipc.Client$IpcStreams.readResponse(Client.java:1880)
	at org.apache.hadoop.ipc.Client$Connection.receiveRpcResponse(Client.java:1191)
	at org.apache.hadoop.ipc.Client$Connection.run(Client.java:1087)
2021-07-05 00:57:33,574 [EndpointStateMachine task thread for /127.0.0.1:15471 - 0 ] WARN  statemachine.EndpointStateMachine (EndpointStateMachine.java:logIfNeeded(236)) - Unable to communicate to SCM server at 127.0.0.1:15471 for past 0 seconds.
java.io.EOFException: End of File Exception between local host is: "fv-az291-681/10.1.0.7"; destination host is: "localhost":15471; : java.io.EOFException; For more details see:  http://wiki.apache.org/hadoop/EOFException
	at sun.reflect.NativeConstructorAccessorImpl.newInstance0(Native Method)
	at sun.reflect.NativeConstructorAccessorImpl.newInstance(NativeConstructorAccessorImpl.java:62)
	at sun.reflect.DelegatingConstructorAccessorImpl.newInstance(DelegatingConstructorAccessorImpl.java:45)
	at java.lang.reflect.Constructor.newInstance(Constructor.java:423)
	at org.apache.hadoop.net.NetUtils.wrapWithMessage(NetUtils.java:836)
	at org.apache.hadoop.net.NetUtils.wrapException(NetUtils.java:794)
	at org.apache.hadoop.ipc.Client.getRpcResponse(Client.java:1566)
	at org.apache.hadoop.ipc.Client.call(Client.java:1508)
	at org.apache.hadoop.ipc.Client.call(Client.java:1405)
	at org.apache.hadoop.ipc.ProtobufRpcEngine$Invoker.invoke(ProtobufRpcEngine.java:233)
	at org.apache.hadoop.ipc.ProtobufRpcEngine$Invoker.invoke(ProtobufRpcEngine.java:118)
	at com.sun.proxy.$Proxy45.submitRequest(Unknown Source)
	at org.apache.hadoop.ozone.protocolPB.StorageContainerDatanodeProtocolClientSideTranslatorPB.submitRequest(StorageContainerDatanodeProtocolClientSideTranslatorPB.java:117)
	at org.apache.hadoop.ozone.protocolPB.StorageContainerDatanodeProtocolClientSideTranslatorPB.sendHeartbeat(StorageContainerDatanodeProtocolClientSideTranslatorPB.java:149)
	at org.apache.hadoop.ozone.container.common.states.endpoint.HeartbeatEndpointTask.call(HeartbeatEndpointTask.java:146)
	at org.apache.hadoop.ozone.container.common.states.endpoint.HeartbeatEndpointTask.call(HeartbeatEndpointTask.java:77)
	at java.util.concurrent.FutureTask.run(FutureTask.java:266)
	at java.util.concurrent.ThreadPoolExecutor.runWorker(ThreadPoolExecutor.java:1149)
	at java.util.concurrent.ThreadPoolExecutor$Worker.run(ThreadPoolExecutor.java:624)
	at java.lang.Thread.run(Thread.java:748)
Caused by: java.io.EOFException
	at java.io.DataInputStream.readInt(DataInputStream.java:392)
	at org.apache.hadoop.ipc.Client$IpcStreams.readResponse(Client.java:1880)
	at org.apache.hadoop.ipc.Client$Connection.receiveRpcResponse(Client.java:1191)
	at org.apache.hadoop.ipc.Client$Connection.run(Client.java:1087)
2021-07-05 00:57:33,575 [EndpointStateMachine task thread for /127.0.0.1:15461 - 0 ] INFO  ipc.Client (Client.java:handleConnectionFailure(966)) - Retrying connect to server: localhost/127.0.0.1:15461. Already tried 1 time(s); retry policy is RetryUpToMaximumCountWithFixedSleep(maxRetries=15, sleepTime=1000 MILLISECONDS)
2021-07-05 00:57:33,812 [Datanode State Machine Thread - 0] ERROR datanode.RunningDatanodeState (RunningDatanodeState.java:computeNextContainerState(199)) - Error in executing end point task.
java.util.concurrent.ExecutionException: java.util.concurrent.TimeoutException
	at java.util.concurrent.FutureTask.report(FutureTask.java:122)
	at java.util.concurrent.FutureTask.get(FutureTask.java:192)
	at org.apache.hadoop.ozone.container.common.states.datanode.RunningDatanodeState.computeNextContainerState(RunningDatanodeState.java:191)
	at org.apache.hadoop.ozone.container.common.states.datanode.RunningDatanodeState.await(RunningDatanodeState.java:231)
	at org.apache.hadoop.ozone.container.common.states.datanode.RunningDatanodeState.await(RunningDatanodeState.java:50)
	at org.apache.hadoop.ozone.container.common.statemachine.StateContext.execute(StateContext.java:629)
	at org.apache.hadoop.ozone.container.common.statemachine.DatanodeStateMachine.start(DatanodeStateMachine.java:244)
	at org.apache.hadoop.ozone.container.common.statemachine.DatanodeStateMachine.lambda$startDaemon$0(DatanodeStateMachine.java:429)
	at java.lang.Thread.run(Thread.java:748)
Caused by: java.util.concurrent.TimeoutException
	at java.util.concurrent.FutureTask.get(FutureTask.java:205)
	at org.apache.hadoop.ozone.container.common.states.datanode.RunningDatanodeState.lambda$execute$0(RunningDatanodeState.java:149)
	at java.util.concurrent.FutureTask.run(FutureTask.java:266)
	at java.util.concurrent.Executors$RunnableAdapter.call(Executors.java:511)
	at java.util.concurrent.FutureTask.run(FutureTask.java:266)
	at java.util.concurrent.ThreadPoolExecutor.runWorker(ThreadPoolExecutor.java:1149)
	at java.util.concurrent.ThreadPoolExecutor$Worker.run(ThreadPoolExecutor.java:624)
	... 1 more
2021-07-05 00:57:33,813 [Datanode State Machine Thread - 0] WARN  statemachine.StateContext (StateContext.java:setState(246)) - Ignore disallowed transition from SHUTDOWN to RUNNING
2021-07-05 00:57:33,813 [Datanode State Machine Thread - 0] INFO  statemachine.DatanodeStateMachine (DatanodeStateMachine.java:lambda$startDaemon$0(430)) - Ozone container server started.
2021-07-05 00:57:34,080 [Datanode State Machine Thread - 0] WARN  statemachine.StateContext (StateContext.java:setState(246)) - Ignore disallowed transition from SHUTDOWN to RUNNING
2021-07-05 00:57:34,080 [Datanode State Machine Thread - 0] INFO  statemachine.DatanodeStateMachine (DatanodeStateMachine.java:lambda$startDaemon$0(430)) - Ozone container server started.
2021-07-05 00:57:34,575 [EndpointStateMachine task thread for /127.0.0.1:15461 - 0 ] INFO  ipc.Client (Client.java:handleConnectionFailure(966)) - Retrying connect to server: localhost/127.0.0.1:15461. Already tried 2 time(s); retry policy is RetryUpToMaximumCountWithFixedSleep(maxRetries=15, sleepTime=1000 MILLISECONDS)
2021-07-05 00:57:35,575 [EndpointStateMachine task thread for /127.0.0.1:15481 - 0 ] INFO  ipc.Client (Client.java:handleConnectionFailure(966)) - Retrying connect to server: localhost/127.0.0.1:15481. Already tried 0 time(s); retry policy is RetryUpToMaximumCountWithFixedSleep(maxRetries=15, sleepTime=1000 MILLISECONDS)
2021-07-05 00:57:35,575 [EndpointStateMachine task thread for /127.0.0.1:15471 - 0 ] INFO  ipc.Client (Client.java:handleConnectionFailure(966)) - Retrying connect to server: localhost/127.0.0.1:15471. Already tried 0 time(s); retry policy is RetryUpToMaximumCountWithFixedSleep(maxRetries=15, sleepTime=1000 MILLISECONDS)
2021-07-05 00:57:35,576 [EndpointStateMachine task thread for /127.0.0.1:15461 - 0 ] INFO  ipc.Client (Client.java:handleConnectionFailure(966)) - Retrying connect to server: localhost/127.0.0.1:15461. Already tried 3 time(s); retry policy is RetryUpToMaximumCountWithFixedSleep(maxRetries=15, sleepTime=1000 MILLISECONDS)
2021-07-05 00:57:36,576 [EndpointStateMachine task thread for /127.0.0.1:15481 - 0 ] INFO  ipc.Client (Client.java:handleConnectionFailure(966)) - Retrying connect to server: localhost/127.0.0.1:15481. Already tried 1 time(s); retry policy is RetryUpToMaximumCountWithFixedSleep(maxRetries=15, sleepTime=1000 MILLISECONDS)
2021-07-05 00:57:36,576 [EndpointStateMachine task thread for /127.0.0.1:15471 - 0 ] INFO  ipc.Client (Client.java:handleConnectionFailure(966)) - Retrying connect to server: localhost/127.0.0.1:15471. Already tried 1 time(s); retry policy is RetryUpToMaximumCountWithFixedSleep(maxRetries=15, sleepTime=1000 MILLISECONDS)
2021-07-05 00:57:36,576 [EndpointStateMachine task thread for /127.0.0.1:15461 - 0 ] INFO  ipc.Client (Client.java:handleConnectionFailure(966)) - Retrying connect to server: localhost/127.0.0.1:15461. Already tried 4 time(s); retry policy is RetryUpToMaximumCountWithFixedSleep(maxRetries=15, sleepTime=1000 MILLISECONDS)
2021-07-05 00:57:37,576 [EndpointStateMachine task thread for /127.0.0.1:15481 - 0 ] INFO  ipc.Client (Client.java:handleConnectionFailure(966)) - Retrying connect to server: localhost/127.0.0.1:15481. Already tried 2 time(s); retry policy is RetryUpToMaximumCountWithFixedSleep(maxRetries=15, sleepTime=1000 MILLISECONDS)
2021-07-05 00:57:37,577 [EndpointStateMachine task thread for /127.0.0.1:15461 - 0 ] INFO  ipc.Client (Client.java:handleConnectionFailure(966)) - Retrying connect to server: localhost/127.0.0.1:15461. Already tried 5 time(s); retry policy is RetryUpToMaximumCountWithFixedSleep(maxRetries=15, sleepTime=1000 MILLISECONDS)
2021-07-05 00:57:37,577 [EndpointStateMachine task thread for /127.0.0.1:15471 - 0 ] INFO  ipc.Client (Client.java:handleConnectionFailure(966)) - Retrying connect to server: localhost/127.0.0.1:15471. Already tried 2 time(s); retry policy is RetryUpToMaximumCountWithFixedSleep(maxRetries=15, sleepTime=1000 MILLISECONDS)
2021-07-05 00:57:38,522 [ForkJoinPool.commonPool-worker-1] INFO  ozoneimpl.OzoneContainer (OzoneContainer.java:stop(326)) - Attempting to stop container services.
2021-07-05 00:57:38,522 [Listener at 127.0.0.1/12256] INFO  ozoneimpl.OzoneContainer (OzoneContainer.java:stop(326)) - Attempting to stop container services.
2021-07-05 00:57:38,522 [ForkJoinPool.commonPool-worker-1] INFO  server.RaftServer (RaftServerProxy.java:lambda$close$6(391)) - 4428f99b-3864-401a-a30b-d8207dc31cfa: close
2021-07-05 00:57:38,523 [ForkJoinPool.commonPool-worker-1] INFO  server.RaftServer$Division (RaftServerImpl.java:lambda$close$4(406)) - 4428f99b-3864-401a-a30b-d8207dc31cfa@group-49C9F103C6FA: shutdown
2021-07-05 00:57:38,523 [ForkJoinPool.commonPool-worker-1] INFO  util.JmxRegister (JmxRegister.java:unregister(73)) - Successfully un-registered JMX Bean with object name Ratis:service=RaftServer,group=group-49C9F103C6FA,id=4428f99b-3864-401a-a30b-d8207dc31cfa
2021-07-05 00:57:38,523 [ForkJoinPool.commonPool-worker-1] INFO  impl.RoleInfo (RoleInfo.java:shutdownFollowerState(108)) - 4428f99b-3864-401a-a30b-d8207dc31cfa: shutdown 4428f99b-3864-401a-a30b-d8207dc31cfa@group-49C9F103C6FA-FollowerState
2021-07-05 00:57:38,523 [ForkJoinPool.commonPool-worker-1] INFO  impl.StateMachineUpdater (StateMachineUpdater.java:stopAndJoin(149)) - 4428f99b-3864-401a-a30b-d8207dc31cfa@group-49C9F103C6FA-StateMachineUpdater: set stopIndex = 0
2021-07-05 00:57:38,524 [4428f99b-3864-401a-a30b-d8207dc31cfa@group-49C9F103C6FA-FollowerState] INFO  impl.FollowerState (FollowerState.java:run(143)) - 4428f99b-3864-401a-a30b-d8207dc31cfa@group-49C9F103C6FA-FollowerState was interrupted: {}
java.lang.InterruptedException: sleep interrupted
	at java.lang.Thread.sleep(Native Method)
	at java.lang.Thread.sleep(Thread.java:340)
	at java.util.concurrent.TimeUnit.sleep(TimeUnit.java:386)
	at org.apache.ratis.util.TimeDuration.sleep(TimeDuration.java:324)
	at org.apache.ratis.util.TimeDuration.sleep(TimeDuration.java:309)
	at org.apache.ratis.server.impl.FollowerState.run(FollowerState.java:118)
2021-07-05 00:57:38,523 [Listener at 127.0.0.1/12256] INFO  server.RaftServer (RaftServerProxy.java:lambda$close$6(391)) - b549a9a8-3457-4b53-9703-c9fae2cc989c: close
2021-07-05 00:57:38,524 [Listener at 127.0.0.1/12256] INFO  server.RaftServer$Division (RaftServerImpl.java:lambda$close$4(406)) - b549a9a8-3457-4b53-9703-c9fae2cc989c@group-49C9F103C6FA: shutdown
2021-07-05 00:57:38,524 [4428f99b-3864-401a-a30b-d8207dc31cfa@group-49C9F103C6FA-StateMachineUpdater] INFO  ratis.ContainerStateMachine (ContainerStateMachine.java:takeSnapshot(291)) - group-49C9F103C6FA: Taking a snapshot at:(t:2, i:0) file /home/runner/work/ozone/ozone/mnt/ozone/hadoop-ozone/integration-test/target/test-dir/MiniOzoneClusterImpl-47f02201-3656-42a8-b726-2c1689f4816b/datanode-0/data/ratis/d654393b-6ac2-4eb1-945d-49c9f103c6fa/sm/snapshot.2_0
2021-07-05 00:57:38,524 [Listener at 127.0.0.1/12256] INFO  util.JmxRegister (JmxRegister.java:unregister(73)) - Successfully un-registered JMX Bean with object name Ratis:service=RaftServer,group=group-49C9F103C6FA,id=b549a9a8-3457-4b53-9703-c9fae2cc989c
2021-07-05 00:57:38,525 [Listener at 127.0.0.1/12256] INFO  impl.RoleInfo (RoleInfo.java:shutdownLeaderState(91)) - b549a9a8-3457-4b53-9703-c9fae2cc989c: shutdown b549a9a8-3457-4b53-9703-c9fae2cc989c@group-49C9F103C6FA-LeaderStateImpl
2021-07-05 00:57:38,525 [Listener at 127.0.0.1/12256] INFO  metrics.RatisMetrics (RatisMetrics.java:unregister(43)) - Unregistering Metrics Registry : ratis_grpc.log_appender.b549a9a8-3457-4b53-9703-c9fae2cc989c@group-49C9F103C6FA
2021-07-05 00:57:38,525 [Listener at 127.0.0.1/12256] INFO  metrics.RatisMetrics (RatisMetrics.java:unregister(43)) - Unregistering Metrics Registry : ratis_grpc.log_appender.b549a9a8-3457-4b53-9703-c9fae2cc989c@group-49C9F103C6FA
2021-07-05 00:57:38,525 [Listener at 127.0.0.1/12256] INFO  impl.PendingRequests (PendingRequests.java:sendNotLeaderResponses(249)) - b549a9a8-3457-4b53-9703-c9fae2cc989c@group-49C9F103C6FA-PendingRequests: sendNotLeaderResponses
2021-07-05 00:57:38,526 [Listener at 127.0.0.1/12256] INFO  metrics.RatisMetrics (RatisMetrics.java:unregister(43)) - Unregistering Metrics Registry : ratis.log_appender.b549a9a8-3457-4b53-9703-c9fae2cc989c@group-49C9F103C6FA
2021-07-05 00:57:38,526 [Listener at 127.0.0.1/12256] INFO  metrics.RatisMetrics (RatisMetrics.java:unregister(43)) - Unregistering Metrics Registry : ratis.server.b549a9a8-3457-4b53-9703-c9fae2cc989c@group-49C9F103C6FA
2021-07-05 00:57:38,527 [b549a9a8-3457-4b53-9703-c9fae2cc989c@group-49C9F103C6FA->4428f99b-3864-401a-a30b-d8207dc31cfa-GrpcLogAppender-LogAppenderDaemon] WARN  server.GrpcLogAppender (GrpcLogAppender.java:mayWait(175)) - b549a9a8-3457-4b53-9703-c9fae2cc989c@group-49C9F103C6FA->4428f99b-3864-401a-a30b-d8207dc31cfa-GrpcLogAppender: Wait interrupted by java.lang.InterruptedException
2021-07-05 00:57:38,527 [b549a9a8-3457-4b53-9703-c9fae2cc989c@group-49C9F103C6FA->65d645ba-2b71-4ad7-bc66-74fd2328f6a5-GrpcLogAppender-LogAppenderDaemon] WARN  server.GrpcLogAppender (GrpcLogAppender.java:mayWait(175)) - b549a9a8-3457-4b53-9703-c9fae2cc989c@group-49C9F103C6FA->65d645ba-2b71-4ad7-bc66-74fd2328f6a5-GrpcLogAppender: Wait interrupted by java.lang.InterruptedException
2021-07-05 00:57:38,527 [grpc-default-executor-1] INFO  server.GrpcServerProtocolService (GrpcServerProtocolService.java:onCompleted(140)) - 4428f99b-3864-401a-a30b-d8207dc31cfa: Completed APPEND_ENTRIES, lastRequest: b549a9a8-3457-4b53-9703-c9fae2cc989c->4428f99b-3864-401a-a30b-d8207dc31cfa#1-t2,previous=(t:0, i:0),leaderCommit=-1,initializing? true,entries: size=1, first=(t:2, i:0), CONFIGURATIONENTRY
2021-07-05 00:57:38,528 [b549a9a8-3457-4b53-9703-c9fae2cc989c@group-49C9F103C6FA-StateMachineUpdater] INFO  ratis.ContainerStateMachine (ContainerStateMachine.java:takeSnapshot(291)) - group-49C9F103C6FA: Taking a snapshot at:(t:2, i:0) file /home/runner/work/ozone/ozone/mnt/ozone/hadoop-ozone/integration-test/target/test-dir/MiniOzoneClusterImpl-47f02201-3656-42a8-b726-2c1689f4816b/datanode-1/data/ratis/d654393b-6ac2-4eb1-945d-49c9f103c6fa/sm/snapshot.2_0
2021-07-05 00:57:38,528 [Listener at 127.0.0.1/12256] INFO  impl.StateMachineUpdater (StateMachineUpdater.java:stopAndJoin(149)) - b549a9a8-3457-4b53-9703-c9fae2cc989c@group-49C9F103C6FA-StateMachineUpdater: set stopIndex = 0
2021-07-05 00:57:38,531 [grpc-default-executor-1] INFO  server.GrpcServerProtocolService (GrpcServerProtocolService.java:onCompleted(140)) - 65d645ba-2b71-4ad7-bc66-74fd2328f6a5: Completed APPEND_ENTRIES, lastRequest: b549a9a8-3457-4b53-9703-c9fae2cc989c->65d645ba-2b71-4ad7-bc66-74fd2328f6a5#1-t2,previous=(t:0, i:0),leaderCommit=-1,initializing? true,entries: size=1, first=(t:2, i:0), CONFIGURATIONENTRY
2021-07-05 00:57:38,532 [grpc-default-executor-5] INFO  server.GrpcLogAppender (GrpcLogAppender.java:onCompleted(344)) - b549a9a8-3457-4b53-9703-c9fae2cc989c@group-49C9F103C6FA->4428f99b-3864-401a-a30b-d8207dc31cfa-AppendLogResponseHandler: follower responses appendEntries COMPLETED
2021-07-05 00:57:38,532 [grpc-default-executor-5] INFO  leader.FollowerInfo (FollowerInfoImpl.java:lambda$new$0(46)) - b549a9a8-3457-4b53-9703-c9fae2cc989c@group-49C9F103C6FA->4428f99b-3864-401a-a30b-d8207dc31cfa: nextIndex: updateUnconditionally 1 -> 0
2021-07-05 00:57:38,532 [grpc-default-executor-5] INFO  server.GrpcLogAppender (GrpcLogAppender.java:onCompleted(344)) - b549a9a8-3457-4b53-9703-c9fae2cc989c@group-49C9F103C6FA->65d645ba-2b71-4ad7-bc66-74fd2328f6a5-AppendLogResponseHandler: follower responses appendEntries COMPLETED
2021-07-05 00:57:38,532 [grpc-default-executor-5] INFO  leader.FollowerInfo (FollowerInfoImpl.java:lambda$new$0(46)) - b549a9a8-3457-4b53-9703-c9fae2cc989c@group-49C9F103C6FA->65d645ba-2b71-4ad7-bc66-74fd2328f6a5: nextIndex: updateUnconditionally 1 -> 0
2021-07-05 00:57:38,554 [4428f99b-3864-401a-a30b-d8207dc31cfa@group-49C9F103C6FA-StateMachineUpdater] INFO  ratis.ContainerStateMachine (ContainerStateMachine.java:takeSnapshot(302)) - group-49C9F103C6FA: Finished taking a snapshot at:(t:2, i:0) file:/home/runner/work/ozone/ozone/mnt/ozone/hadoop-ozone/integration-test/target/test-dir/MiniOzoneClusterImpl-47f02201-3656-42a8-b726-2c1689f4816b/datanode-0/data/ratis/d654393b-6ac2-4eb1-945d-49c9f103c6fa/sm/snapshot.2_0 took: 30 ms
2021-07-05 00:57:38,555 [b549a9a8-3457-4b53-9703-c9fae2cc989c@group-49C9F103C6FA-StateMachineUpdater] INFO  ratis.ContainerStateMachine (ContainerStateMachine.java:takeSnapshot(302)) - group-49C9F103C6FA: Finished taking a snapshot at:(t:2, i:0) file:/home/runner/work/ozone/ozone/mnt/ozone/hadoop-ozone/integration-test/target/test-dir/MiniOzoneClusterImpl-47f02201-3656-42a8-b726-2c1689f4816b/datanode-1/data/ratis/d654393b-6ac2-4eb1-945d-49c9f103c6fa/sm/snapshot.2_0 took: 27 ms
2021-07-05 00:57:38,555 [4428f99b-3864-401a-a30b-d8207dc31cfa@group-49C9F103C6FA-StateMachineUpdater] INFO  impl.StateMachineUpdater (StateMachineUpdater.java:takeSnapshot(281)) - 4428f99b-3864-401a-a30b-d8207dc31cfa@group-49C9F103C6FA-StateMachineUpdater: Took a snapshot at index 0
2021-07-05 00:57:38,556 [b549a9a8-3457-4b53-9703-c9fae2cc989c@group-49C9F103C6FA-StateMachineUpdater] INFO  impl.StateMachineUpdater (StateMachineUpdater.java:takeSnapshot(281)) - b549a9a8-3457-4b53-9703-c9fae2cc989c@group-49C9F103C6FA-StateMachineUpdater: Took a snapshot at index 0
2021-07-05 00:57:38,556 [b549a9a8-3457-4b53-9703-c9fae2cc989c@group-49C9F103C6FA-StateMachineUpdater] INFO  impl.StateMachineUpdater (StateMachineUpdater.java:lambda$new$0(89)) - b549a9a8-3457-4b53-9703-c9fae2cc989c@group-49C9F103C6FA-StateMachineUpdater: snapshotIndex: updateIncreasingly -1 -> 0
2021-07-05 00:57:38,556 [4428f99b-3864-401a-a30b-d8207dc31cfa@group-49C9F103C6FA-StateMachineUpdater] INFO  impl.StateMachineUpdater (StateMachineUpdater.java:lambda$new$0(89)) - 4428f99b-3864-401a-a30b-d8207dc31cfa@group-49C9F103C6FA-StateMachineUpdater: snapshotIndex: updateIncreasingly -1 -> 0
2021-07-05 00:57:38,560 [4428f99b-3864-401a-a30b-d8207dc31cfa@group-49C9F103C6FA-StateMachineUpdater] INFO  metrics.RatisMetrics (RatisMetrics.java:unregister(43)) - Unregistering Metrics Registry : ratis.state_machine.4428f99b-3864-401a-a30b-d8207dc31cfa@group-49C9F103C6FA
2021-07-05 00:57:38,560 [ForkJoinPool.commonPool-worker-1] INFO  server.RaftServer$Division (ServerState.java:close(405)) - 4428f99b-3864-401a-a30b-d8207dc31cfa@group-49C9F103C6FA: closes. applyIndex: 0
2021-07-05 00:57:38,561 [4428f99b-3864-401a-a30b-d8207dc31cfa@group-49C9F103C6FA-SegmentedRaftLogWorker] INFO  segmented.SegmentedRaftLogWorker (SegmentedRaftLogWorker.java:run(327)) - 4428f99b-3864-401a-a30b-d8207dc31cfa@group-49C9F103C6FA-SegmentedRaftLogWorker was interrupted, exiting. There are 0 tasks remaining in the queue.
2021-07-05 00:57:38,567 [b549a9a8-3457-4b53-9703-c9fae2cc989c@group-49C9F103C6FA-StateMachineUpdater] INFO  metrics.RatisMetrics (RatisMetrics.java:unregister(43)) - Unregistering Metrics Registry : ratis.state_machine.b549a9a8-3457-4b53-9703-c9fae2cc989c@group-49C9F103C6FA
2021-07-05 00:57:38,567 [ForkJoinPool.commonPool-worker-1] INFO  segmented.SegmentedRaftLogWorker (SegmentedRaftLogWorker.java:close(237)) - 4428f99b-3864-401a-a30b-d8207dc31cfa@group-49C9F103C6FA-SegmentedRaftLogWorker close()
2021-07-05 00:57:38,567 [Listener at 127.0.0.1/12256] INFO  server.RaftServer$Division (ServerState.java:close(405)) - b549a9a8-3457-4b53-9703-c9fae2cc989c@group-49C9F103C6FA: closes. applyIndex: 0
2021-07-05 00:57:38,568 [b549a9a8-3457-4b53-9703-c9fae2cc989c@group-49C9F103C6FA-SegmentedRaftLogWorker] INFO  segmented.SegmentedRaftLogWorker (SegmentedRaftLogWorker.java:run(327)) - b549a9a8-3457-4b53-9703-c9fae2cc989c@group-49C9F103C6FA-SegmentedRaftLogWorker was interrupted, exiting. There are 0 tasks remaining in the queue.
2021-07-05 00:57:38,570 [Listener at 127.0.0.1/12256] INFO  segmented.SegmentedRaftLogWorker (SegmentedRaftLogWorker.java:close(237)) - b549a9a8-3457-4b53-9703-c9fae2cc989c@group-49C9F103C6FA-SegmentedRaftLogWorker close()
2021-07-05 00:57:38,571 [ForkJoinPool.commonPool-worker-1] INFO  metrics.RatisMetrics (RatisMetrics.java:unregister(43)) - Unregistering Metrics Registry : ratis.log_worker.4428f99b-3864-401a-a30b-d8207dc31cfa@group-49C9F103C6FA
2021-07-05 00:57:38,572 [ForkJoinPool.commonPool-worker-1] INFO  metrics.RatisMetrics (RatisMetrics.java:unregister(43)) - Unregistering Metrics Registry : ratis.leader_election.4428f99b-3864-401a-a30b-d8207dc31cfa@group-49C9F103C6FA
2021-07-05 00:57:38,572 [ForkJoinPool.commonPool-worker-1] INFO  metrics.RatisMetrics (RatisMetrics.java:unregister(43)) - Unregistering Metrics Registry : ratis.server.4428f99b-3864-401a-a30b-d8207dc31cfa@group-49C9F103C6FA
2021-07-05 00:57:38,572 [ForkJoinPool.commonPool-worker-1] INFO  server.RaftServer$Division (RaftServerImpl.java:lambda$close$4(406)) - 4428f99b-3864-401a-a30b-d8207dc31cfa@group-180B7429B1D7: shutdown
2021-07-05 00:57:38,572 [ForkJoinPool.commonPool-worker-1] INFO  util.JmxRegister (JmxRegister.java:unregister(73)) - Successfully un-registered JMX Bean with object name Ratis:service=RaftServer,group=group-180B7429B1D7,id=4428f99b-3864-401a-a30b-d8207dc31cfa
2021-07-05 00:57:38,572 [ForkJoinPool.commonPool-worker-1] INFO  impl.RoleInfo (RoleInfo.java:shutdownLeaderState(91)) - 4428f99b-3864-401a-a30b-d8207dc31cfa: shutdown 4428f99b-3864-401a-a30b-d8207dc31cfa@group-180B7429B1D7-LeaderStateImpl
2021-07-05 00:57:38,571 [Listener at 127.0.0.1/12256] INFO  metrics.RatisMetrics (RatisMetrics.java:unregister(43)) - Unregistering Metrics Registry : ratis.log_worker.b549a9a8-3457-4b53-9703-c9fae2cc989c@group-49C9F103C6FA
2021-07-05 00:57:38,573 [Listener at 127.0.0.1/12256] INFO  metrics.RatisMetrics (RatisMetrics.java:unregister(43)) - Unregistering Metrics Registry : ratis.leader_election.b549a9a8-3457-4b53-9703-c9fae2cc989c@group-49C9F103C6FA
2021-07-05 00:57:38,573 [Listener at 127.0.0.1/12256] INFO  metrics.RatisMetrics (RatisMetrics.java:unregister(43)) - Unregistering Metrics Registry : ratis.server.b549a9a8-3457-4b53-9703-c9fae2cc989c@group-49C9F103C6FA
2021-07-05 00:57:38,573 [Listener at 127.0.0.1/12256] INFO  server.RaftServer$Division (RaftServerImpl.java:lambda$close$4(406)) - b549a9a8-3457-4b53-9703-c9fae2cc989c@group-454D521CC898: shutdown
2021-07-05 00:57:38,573 [Listener at 127.0.0.1/12256] INFO  util.JmxRegister (JmxRegister.java:unregister(73)) - Successfully un-registered JMX Bean with object name Ratis:service=RaftServer,group=group-454D521CC898,id=b549a9a8-3457-4b53-9703-c9fae2cc989c
2021-07-05 00:57:38,574 [Listener at 127.0.0.1/12256] INFO  impl.RoleInfo (RoleInfo.java:shutdownLeaderState(91)) - b549a9a8-3457-4b53-9703-c9fae2cc989c: shutdown b549a9a8-3457-4b53-9703-c9fae2cc989c@group-454D521CC898-LeaderStateImpl
2021-07-05 00:57:38,574 [Listener at 127.0.0.1/12256] INFO  impl.PendingRequests (PendingRequests.java:sendNotLeaderResponses(249)) - b549a9a8-3457-4b53-9703-c9fae2cc989c@group-454D521CC898-PendingRequests: sendNotLeaderResponses
2021-07-05 00:57:38,574 [Listener at 127.0.0.1/12256] INFO  metrics.RatisMetrics (RatisMetrics.java:unregister(43)) - Unregistering Metrics Registry : ratis.log_appender.b549a9a8-3457-4b53-9703-c9fae2cc989c@group-454D521CC898
2021-07-05 00:57:38,574 [Listener at 127.0.0.1/12256] INFO  metrics.RatisMetrics (RatisMetrics.java:unregister(43)) - Unregistering Metrics Registry : ratis.server.b549a9a8-3457-4b53-9703-c9fae2cc989c@group-454D521CC898
2021-07-05 00:57:38,575 [Listener at 127.0.0.1/12256] INFO  impl.StateMachineUpdater (StateMachineUpdater.java:stopAndJoin(149)) - b549a9a8-3457-4b53-9703-c9fae2cc989c@group-454D521CC898-StateMachineUpdater: set stopIndex = 0
2021-07-05 00:57:38,575 [b549a9a8-3457-4b53-9703-c9fae2cc989c@group-454D521CC898-StateMachineUpdater] INFO  ratis.ContainerStateMachine (ContainerStateMachine.java:takeSnapshot(291)) - group-454D521CC898: Taking a snapshot at:(t:1, i:0) file /home/runner/work/ozone/ozone/mnt/ozone/hadoop-ozone/integration-test/target/test-dir/MiniOzoneClusterImpl-47f02201-3656-42a8-b726-2c1689f4816b/datanode-1/data/ratis/4e22a062-1b5c-481b-ae09-454d521cc898/sm/snapshot.1_0
2021-07-05 00:57:38,572 [ForkJoinPool.commonPool-worker-1] INFO  impl.PendingRequests (PendingRequests.java:sendNotLeaderResponses(249)) - 4428f99b-3864-401a-a30b-d8207dc31cfa@group-180B7429B1D7-PendingRequests: sendNotLeaderResponses
2021-07-05 00:57:38,575 [ForkJoinPool.commonPool-worker-1] INFO  metrics.RatisMetrics (RatisMetrics.java:unregister(43)) - Unregistering Metrics Registry : ratis.log_appender.4428f99b-3864-401a-a30b-d8207dc31cfa@group-180B7429B1D7
2021-07-05 00:57:38,576 [ForkJoinPool.commonPool-worker-1] INFO  metrics.RatisMetrics (RatisMetrics.java:unregister(43)) - Unregistering Metrics Registry : ratis.server.4428f99b-3864-401a-a30b-d8207dc31cfa@group-180B7429B1D7
2021-07-05 00:57:38,576 [b549a9a8-3457-4b53-9703-c9fae2cc989c@group-454D521CC898-StateMachineUpdater] INFO  ratis.ContainerStateMachine (ContainerStateMachine.java:takeSnapshot(302)) - group-454D521CC898: Finished taking a snapshot at:(t:1, i:0) file:/home/runner/work/ozone/ozone/mnt/ozone/hadoop-ozone/integration-test/target/test-dir/MiniOzoneClusterImpl-47f02201-3656-42a8-b726-2c1689f4816b/datanode-1/data/ratis/4e22a062-1b5c-481b-ae09-454d521cc898/sm/snapshot.1_0 took: 1 ms
2021-07-05 00:57:38,576 [ForkJoinPool.commonPool-worker-1] INFO  impl.StateMachineUpdater (StateMachineUpdater.java:stopAndJoin(149)) - 4428f99b-3864-401a-a30b-d8207dc31cfa@group-180B7429B1D7-StateMachineUpdater: set stopIndex = 0
2021-07-05 00:57:38,576 [4428f99b-3864-401a-a30b-d8207dc31cfa@group-180B7429B1D7-StateMachineUpdater] INFO  ratis.ContainerStateMachine (ContainerStateMachine.java:takeSnapshot(291)) - group-180B7429B1D7: Taking a snapshot at:(t:1, i:0) file /home/runner/work/ozone/ozone/mnt/ozone/hadoop-ozone/integration-test/target/test-dir/MiniOzoneClusterImpl-47f02201-3656-42a8-b726-2c1689f4816b/datanode-0/data/ratis/607aab92-8ab2-4b87-a97d-180b7429b1d7/sm/snapshot.1_0
2021-07-05 00:57:38,577 [EndpointStateMachine task thread for /127.0.0.1:15481 - 0 ] INFO  ipc.Client (Client.java:handleConnectionFailure(966)) - Retrying connect to server: localhost/127.0.0.1:15481. Already tried 3 time(s); retry policy is RetryUpToMaximumCountWithFixedSleep(maxRetries=15, sleepTime=1000 MILLISECONDS)
2021-07-05 00:57:38,578 [EndpointStateMachine task thread for /127.0.0.1:15461 - 0 ] INFO  ipc.Client (Client.java:handleConnectionFailure(966)) - Retrying connect to server: localhost/127.0.0.1:15461. Already tried 6 time(s); retry policy is RetryUpToMaximumCountWithFixedSleep(maxRetries=15, sleepTime=1000 MILLISECONDS)
2021-07-05 00:57:38,579 [EndpointStateMachine task thread for /127.0.0.1:15471 - 0 ] INFO  ipc.Client (Client.java:handleConnectionFailure(966)) - Retrying connect to server: localhost/127.0.0.1:15471. Already tried 3 time(s); retry policy is RetryUpToMaximumCountWithFixedSleep(maxRetries=15, sleepTime=1000 MILLISECONDS)
2021-07-05 00:57:38,579 [4428f99b-3864-401a-a30b-d8207dc31cfa@group-180B7429B1D7-StateMachineUpdater] INFO  ratis.ContainerStateMachine (ContainerStateMachine.java:takeSnapshot(302)) - group-180B7429B1D7: Finished taking a snapshot at:(t:1, i:0) file:/home/runner/work/ozone/ozone/mnt/ozone/hadoop-ozone/integration-test/target/test-dir/MiniOzoneClusterImpl-47f02201-3656-42a8-b726-2c1689f4816b/datanode-0/data/ratis/607aab92-8ab2-4b87-a97d-180b7429b1d7/sm/snapshot.1_0 took: 2 ms
2021-07-05 00:57:38,579 [4428f99b-3864-401a-a30b-d8207dc31cfa@group-180B7429B1D7-StateMachineUpdater] INFO  impl.StateMachineUpdater (StateMachineUpdater.java:takeSnapshot(281)) - 4428f99b-3864-401a-a30b-d8207dc31cfa@group-180B7429B1D7-StateMachineUpdater: Took a snapshot at index 0
2021-07-05 00:57:38,579 [4428f99b-3864-401a-a30b-d8207dc31cfa@group-180B7429B1D7-StateMachineUpdater] INFO  impl.StateMachineUpdater (StateMachineUpdater.java:lambda$new$0(89)) - 4428f99b-3864-401a-a30b-d8207dc31cfa@group-180B7429B1D7-StateMachineUpdater: snapshotIndex: updateIncreasingly -1 -> 0
2021-07-05 00:57:38,579 [4428f99b-3864-401a-a30b-d8207dc31cfa@group-180B7429B1D7-StateMachineUpdater] INFO  metrics.RatisMetrics (RatisMetrics.java:unregister(43)) - Unregistering Metrics Registry : ratis.state_machine.4428f99b-3864-401a-a30b-d8207dc31cfa@group-180B7429B1D7
2021-07-05 00:57:38,576 [b549a9a8-3457-4b53-9703-c9fae2cc989c@group-454D521CC898-StateMachineUpdater] INFO  impl.StateMachineUpdater (StateMachineUpdater.java:takeSnapshot(281)) - b549a9a8-3457-4b53-9703-c9fae2cc989c@group-454D521CC898-StateMachineUpdater: Took a snapshot at index 0
2021-07-05 00:57:38,580 [b549a9a8-3457-4b53-9703-c9fae2cc989c@group-454D521CC898-StateMachineUpdater] INFO  impl.StateMachineUpdater (StateMachineUpdater.java:lambda$new$0(89)) - b549a9a8-3457-4b53-9703-c9fae2cc989c@group-454D521CC898-StateMachineUpdater: snapshotIndex: updateIncreasingly -1 -> 0
2021-07-05 00:57:38,580 [b549a9a8-3457-4b53-9703-c9fae2cc989c@group-454D521CC898-StateMachineUpdater] INFO  metrics.RatisMetrics (RatisMetrics.java:unregister(43)) - Unregistering Metrics Registry : ratis.state_machine.b549a9a8-3457-4b53-9703-c9fae2cc989c@group-454D521CC898
2021-07-05 00:57:38,584 [Listener at 127.0.0.1/12256] INFO  server.RaftServer$Division (ServerState.java:close(405)) - b549a9a8-3457-4b53-9703-c9fae2cc989c@group-454D521CC898: closes. applyIndex: 0
2021-07-05 00:57:38,585 [ForkJoinPool.commonPool-worker-1] INFO  server.RaftServer$Division (ServerState.java:close(405)) - 4428f99b-3864-401a-a30b-d8207dc31cfa@group-180B7429B1D7: closes. applyIndex: 0
2021-07-05 00:57:38,585 [b549a9a8-3457-4b53-9703-c9fae2cc989c@group-454D521CC898-SegmentedRaftLogWorker] INFO  segmented.SegmentedRaftLogWorker (SegmentedRaftLogWorker.java:run(327)) - b549a9a8-3457-4b53-9703-c9fae2cc989c@group-454D521CC898-SegmentedRaftLogWorker was interrupted, exiting. There are 0 tasks remaining in the queue.
2021-07-05 00:57:38,585 [4428f99b-3864-401a-a30b-d8207dc31cfa@group-180B7429B1D7-SegmentedRaftLogWorker] INFO  segmented.SegmentedRaftLogWorker (SegmentedRaftLogWorker.java:run(327)) - 4428f99b-3864-401a-a30b-d8207dc31cfa@group-180B7429B1D7-SegmentedRaftLogWorker was interrupted, exiting. There are 0 tasks remaining in the queue.
2021-07-05 00:57:38,586 [Listener at 127.0.0.1/12256] INFO  segmented.SegmentedRaftLogWorker (SegmentedRaftLogWorker.java:close(237)) - b549a9a8-3457-4b53-9703-c9fae2cc989c@group-454D521CC898-SegmentedRaftLogWorker close()
2021-07-05 00:57:38,586 [ForkJoinPool.commonPool-worker-1] INFO  segmented.SegmentedRaftLogWorker (SegmentedRaftLogWorker.java:close(237)) - 4428f99b-3864-401a-a30b-d8207dc31cfa@group-180B7429B1D7-SegmentedRaftLogWorker close()
2021-07-05 00:57:38,587 [Listener at 127.0.0.1/12256] INFO  metrics.RatisMetrics (RatisMetrics.java:unregister(43)) - Unregistering Metrics Registry : ratis.log_worker.b549a9a8-3457-4b53-9703-c9fae2cc989c@group-454D521CC898
2021-07-05 00:57:38,587 [Listener at 127.0.0.1/12256] INFO  metrics.RatisMetrics (RatisMetrics.java:unregister(43)) - Unregistering Metrics Registry : ratis.leader_election.b549a9a8-3457-4b53-9703-c9fae2cc989c@group-454D521CC898
2021-07-05 00:57:38,587 [Listener at 127.0.0.1/12256] INFO  metrics.RatisMetrics (RatisMetrics.java:unregister(43)) - Unregistering Metrics Registry : ratis.server.b549a9a8-3457-4b53-9703-c9fae2cc989c@group-454D521CC898
2021-07-05 00:57:38,587 [Listener at 127.0.0.1/12256] INFO  server.RaftServer$Division (RaftServerImpl.java:lambda$close$4(406)) - b549a9a8-3457-4b53-9703-c9fae2cc989c@group-928675FAAF16: shutdown
2021-07-05 00:57:38,588 [Listener at 127.0.0.1/12256] INFO  util.JmxRegister (JmxRegister.java:unregister(73)) - Successfully un-registered JMX Bean with object name Ratis:service=RaftServer,group=group-928675FAAF16,id=b549a9a8-3457-4b53-9703-c9fae2cc989c
2021-07-05 00:57:38,588 [Listener at 127.0.0.1/12256] INFO  impl.RoleInfo (RoleInfo.java:shutdownFollowerState(108)) - b549a9a8-3457-4b53-9703-c9fae2cc989c: shutdown b549a9a8-3457-4b53-9703-c9fae2cc989c@group-928675FAAF16-FollowerState
2021-07-05 00:57:38,588 [ForkJoinPool.commonPool-worker-1] INFO  metrics.RatisMetrics (RatisMetrics.java:unregister(43)) - Unregistering Metrics Registry : ratis.log_worker.4428f99b-3864-401a-a30b-d8207dc31cfa@group-180B7429B1D7
2021-07-05 00:57:38,588 [ForkJoinPool.commonPool-worker-1] INFO  metrics.RatisMetrics (RatisMetrics.java:unregister(43)) - Unregistering Metrics Registry : ratis.leader_election.4428f99b-3864-401a-a30b-d8207dc31cfa@group-180B7429B1D7
2021-07-05 00:57:38,588 [ForkJoinPool.commonPool-worker-1] INFO  metrics.RatisMetrics (RatisMetrics.java:unregister(43)) - Unregistering Metrics Registry : ratis.server.4428f99b-3864-401a-a30b-d8207dc31cfa@group-180B7429B1D7
2021-07-05 00:57:38,588 [ForkJoinPool.commonPool-worker-1] INFO  server.RaftServer$Division (RaftServerImpl.java:lambda$close$4(406)) - 4428f99b-3864-401a-a30b-d8207dc31cfa@group-928675FAAF16: shutdown
2021-07-05 00:57:38,589 [ForkJoinPool.commonPool-worker-1] INFO  util.JmxRegister (JmxRegister.java:unregister(73)) - Successfully un-registered JMX Bean with object name Ratis:service=RaftServer,group=group-928675FAAF16,id=4428f99b-3864-401a-a30b-d8207dc31cfa
2021-07-05 00:57:38,589 [ForkJoinPool.commonPool-worker-1] INFO  impl.RoleInfo (RoleInfo.java:shutdownFollowerState(108)) - 4428f99b-3864-401a-a30b-d8207dc31cfa: shutdown 4428f99b-3864-401a-a30b-d8207dc31cfa@group-928675FAAF16-FollowerState
2021-07-05 00:57:38,589 [b549a9a8-3457-4b53-9703-c9fae2cc989c@group-928675FAAF16-FollowerState] INFO  impl.FollowerState (FollowerState.java:run(143)) - b549a9a8-3457-4b53-9703-c9fae2cc989c@group-928675FAAF16-FollowerState was interrupted: {}
java.lang.InterruptedException: sleep interrupted
	at java.lang.Thread.sleep(Native Method)
	at java.lang.Thread.sleep(Thread.java:340)
	at java.util.concurrent.TimeUnit.sleep(TimeUnit.java:386)
	at org.apache.ratis.util.TimeDuration.sleep(TimeDuration.java:324)
	at org.apache.ratis.util.TimeDuration.sleep(TimeDuration.java:309)
	at org.apache.ratis.server.impl.FollowerState.run(FollowerState.java:118)
2021-07-05 00:57:38,589 [4428f99b-3864-401a-a30b-d8207dc31cfa@group-928675FAAF16-FollowerState] INFO  impl.FollowerState (FollowerState.java:run(143)) - 4428f99b-3864-401a-a30b-d8207dc31cfa@group-928675FAAF16-FollowerState was interrupted: {}
java.lang.InterruptedException: sleep interrupted
	at java.lang.Thread.sleep(Native Method)
	at java.lang.Thread.sleep(Thread.java:340)
	at java.util.concurrent.TimeUnit.sleep(TimeUnit.java:386)
	at org.apache.ratis.util.TimeDuration.sleep(TimeDuration.java:324)
	at org.apache.ratis.util.TimeDuration.sleep(TimeDuration.java:309)
	at org.apache.ratis.server.impl.FollowerState.run(FollowerState.java:118)
2021-07-05 00:57:38,589 [ForkJoinPool.commonPool-worker-1] INFO  impl.StateMachineUpdater (StateMachineUpdater.java:stopAndJoin(149)) - 4428f99b-3864-401a-a30b-d8207dc31cfa@group-928675FAAF16-StateMachineUpdater: set stopIndex = 0
2021-07-05 00:57:38,589 [4428f99b-3864-401a-a30b-d8207dc31cfa@group-928675FAAF16-StateMachineUpdater] INFO  ratis.ContainerStateMachine (ContainerStateMachine.java:takeSnapshot(291)) - group-928675FAAF16: Taking a snapshot at:(t:4, i:0) file /home/runner/work/ozone/ozone/mnt/ozone/hadoop-ozone/integration-test/target/test-dir/MiniOzoneClusterImpl-47f02201-3656-42a8-b726-2c1689f4816b/datanode-0/data/ratis/2baeda0e-4055-46a0-b166-928675faaf16/sm/snapshot.4_0
2021-07-05 00:57:38,589 [b549a9a8-3457-4b53-9703-c9fae2cc989c@group-928675FAAF16-StateMachineUpdater] INFO  ratis.ContainerStateMachine (ContainerStateMachine.java:takeSnapshot(291)) - group-928675FAAF16: Taking a snapshot at:(t:4, i:0) file /home/runner/work/ozone/ozone/mnt/ozone/hadoop-ozone/integration-test/target/test-dir/MiniOzoneClusterImpl-47f02201-3656-42a8-b726-2c1689f4816b/datanode-1/data/ratis/2baeda0e-4055-46a0-b166-928675faaf16/sm/snapshot.4_0
2021-07-05 00:57:38,590 [Listener at 127.0.0.1/12256] INFO  impl.StateMachineUpdater (StateMachineUpdater.java:stopAndJoin(149)) - b549a9a8-3457-4b53-9703-c9fae2cc989c@group-928675FAAF16-StateMachineUpdater: set stopIndex = 0
2021-07-05 00:57:38,590 [4428f99b-3864-401a-a30b-d8207dc31cfa@group-928675FAAF16-StateMachineUpdater] INFO  ratis.ContainerStateMachine (ContainerStateMachine.java:takeSnapshot(302)) - group-928675FAAF16: Finished taking a snapshot at:(t:4, i:0) file:/home/runner/work/ozone/ozone/mnt/ozone/hadoop-ozone/integration-test/target/test-dir/MiniOzoneClusterImpl-47f02201-3656-42a8-b726-2c1689f4816b/datanode-0/data/ratis/2baeda0e-4055-46a0-b166-928675faaf16/sm/snapshot.4_0 took: 0 ms
2021-07-05 00:57:38,590 [b549a9a8-3457-4b53-9703-c9fae2cc989c@group-928675FAAF16-StateMachineUpdater] INFO  ratis.ContainerStateMachine (ContainerStateMachine.java:takeSnapshot(302)) - group-928675FAAF16: Finished taking a snapshot at:(t:4, i:0) file:/home/runner/work/ozone/ozone/mnt/ozone/hadoop-ozone/integration-test/target/test-dir/MiniOzoneClusterImpl-47f02201-3656-42a8-b726-2c1689f4816b/datanode-1/data/ratis/2baeda0e-4055-46a0-b166-928675faaf16/sm/snapshot.4_0 took: 1 ms
2021-07-05 00:57:38,590 [4428f99b-3864-401a-a30b-d8207dc31cfa@group-928675FAAF16-StateMachineUpdater] INFO  impl.StateMachineUpdater (StateMachineUpdater.java:takeSnapshot(281)) - 4428f99b-3864-401a-a30b-d8207dc31cfa@group-928675FAAF16-StateMachineUpdater: Took a snapshot at index 0
2021-07-05 00:57:38,590 [4428f99b-3864-401a-a30b-d8207dc31cfa@group-928675FAAF16-StateMachineUpdater] INFO  impl.StateMachineUpdater (StateMachineUpdater.java:lambda$new$0(89)) - 4428f99b-3864-401a-a30b-d8207dc31cfa@group-928675FAAF16-StateMachineUpdater: snapshotIndex: updateIncreasingly -1 -> 0
2021-07-05 00:57:38,590 [b549a9a8-3457-4b53-9703-c9fae2cc989c@group-928675FAAF16-StateMachineUpdater] INFO  impl.StateMachineUpdater (StateMachineUpdater.java:takeSnapshot(281)) - b549a9a8-3457-4b53-9703-c9fae2cc989c@group-928675FAAF16-StateMachineUpdater: Took a snapshot at index 0
2021-07-05 00:57:38,590 [b549a9a8-3457-4b53-9703-c9fae2cc989c@group-928675FAAF16-StateMachineUpdater] INFO  impl.StateMachineUpdater (StateMachineUpdater.java:lambda$new$0(89)) - b549a9a8-3457-4b53-9703-c9fae2cc989c@group-928675FAAF16-StateMachineUpdater: snapshotIndex: updateIncreasingly -1 -> 0
2021-07-05 00:57:38,590 [4428f99b-3864-401a-a30b-d8207dc31cfa@group-928675FAAF16-StateMachineUpdater] INFO  metrics.RatisMetrics (RatisMetrics.java:unregister(43)) - Unregistering Metrics Registry : ratis.state_machine.4428f99b-3864-401a-a30b-d8207dc31cfa@group-928675FAAF16
2021-07-05 00:57:38,591 [b549a9a8-3457-4b53-9703-c9fae2cc989c@group-928675FAAF16-StateMachineUpdater] INFO  metrics.RatisMetrics (RatisMetrics.java:unregister(43)) - Unregistering Metrics Registry : ratis.state_machine.b549a9a8-3457-4b53-9703-c9fae2cc989c@group-928675FAAF16
2021-07-05 00:57:38,591 [Listener at 127.0.0.1/12256] INFO  server.RaftServer$Division (ServerState.java:close(405)) - b549a9a8-3457-4b53-9703-c9fae2cc989c@group-928675FAAF16: closes. applyIndex: 0
2021-07-05 00:57:38,591 [b549a9a8-3457-4b53-9703-c9fae2cc989c@group-928675FAAF16-SegmentedRaftLogWorker] INFO  segmented.SegmentedRaftLogWorker (SegmentedRaftLogWorker.java:run(327)) - b549a9a8-3457-4b53-9703-c9fae2cc989c@group-928675FAAF16-SegmentedRaftLogWorker was interrupted, exiting. There are 0 tasks remaining in the queue.
2021-07-05 00:57:38,595 [Listener at 127.0.0.1/12256] INFO  segmented.SegmentedRaftLogWorker (SegmentedRaftLogWorker.java:close(237)) - b549a9a8-3457-4b53-9703-c9fae2cc989c@group-928675FAAF16-SegmentedRaftLogWorker close()
2021-07-05 00:57:38,595 [ForkJoinPool.commonPool-worker-1] INFO  server.RaftServer$Division (ServerState.java:close(405)) - 4428f99b-3864-401a-a30b-d8207dc31cfa@group-928675FAAF16: closes. applyIndex: 0
2021-07-05 00:57:38,596 [4428f99b-3864-401a-a30b-d8207dc31cfa@group-928675FAAF16-SegmentedRaftLogWorker] INFO  segmented.SegmentedRaftLogWorker (SegmentedRaftLogWorker.java:run(327)) - 4428f99b-3864-401a-a30b-d8207dc31cfa@group-928675FAAF16-SegmentedRaftLogWorker was interrupted, exiting. There are 0 tasks remaining in the queue.
2021-07-05 00:57:38,596 [ForkJoinPool.commonPool-worker-1] INFO  segmented.SegmentedRaftLogWorker (SegmentedRaftLogWorker.java:close(237)) - 4428f99b-3864-401a-a30b-d8207dc31cfa@group-928675FAAF16-SegmentedRaftLogWorker close()
2021-07-05 00:57:38,598 [ForkJoinPool.commonPool-worker-1] INFO  metrics.RatisMetrics (RatisMetrics.java:unregister(43)) - Unregistering Metrics Registry : ratis.log_worker.4428f99b-3864-401a-a30b-d8207dc31cfa@group-928675FAAF16
2021-07-05 00:57:38,598 [ForkJoinPool.commonPool-worker-1] INFO  metrics.RatisMetrics (RatisMetrics.java:unregister(43)) - Unregistering Metrics Registry : ratis.leader_election.4428f99b-3864-401a-a30b-d8207dc31cfa@group-928675FAAF16
2021-07-05 00:57:38,599 [ForkJoinPool.commonPool-worker-1] INFO  metrics.RatisMetrics (RatisMetrics.java:unregister(43)) - Unregistering Metrics Registry : ratis.server.4428f99b-3864-401a-a30b-d8207dc31cfa@group-928675FAAF16
2021-07-05 00:57:38,599 [ForkJoinPool.commonPool-worker-1] INFO  server.GrpcService (GrpcService.java:closeImpl(262)) - 4428f99b-3864-401a-a30b-d8207dc31cfa: shutdown server with port 40939 now
2021-07-05 00:57:38,599 [Listener at 127.0.0.1/12256] INFO  metrics.RatisMetrics (RatisMetrics.java:unregister(43)) - Unregistering Metrics Registry : ratis.log_worker.b549a9a8-3457-4b53-9703-c9fae2cc989c@group-928675FAAF16
2021-07-05 00:57:38,599 [Listener at 127.0.0.1/12256] INFO  metrics.RatisMetrics (RatisMetrics.java:unregister(43)) - Unregistering Metrics Registry : ratis.leader_election.b549a9a8-3457-4b53-9703-c9fae2cc989c@group-928675FAAF16
2021-07-05 00:57:38,599 [Listener at 127.0.0.1/12256] INFO  metrics.RatisMetrics (RatisMetrics.java:unregister(43)) - Unregistering Metrics Registry : ratis.server.b549a9a8-3457-4b53-9703-c9fae2cc989c@group-928675FAAF16
2021-07-05 00:57:38,600 [Listener at 127.0.0.1/12256] INFO  server.GrpcService (GrpcService.java:closeImpl(262)) - b549a9a8-3457-4b53-9703-c9fae2cc989c: shutdown server with port 44095 now
2021-07-05 00:57:38,603 [grpc-default-executor-5] WARN  server.GrpcServerProtocolService (LogUtils.java:warn(122)) - 4428f99b-3864-401a-a30b-d8207dc31cfa: installSnapshot onError, lastRequest: 65d645ba-2b71-4ad7-bc66-74fd2328f6a5->4428f99b-3864-401a-a30b-d8207dc31cfa#1-t4,previous=(t:0, i:0),leaderCommit=-1,initializing? true,entries: size=1, first=(t:4, i:0), CONFIGURATIONENTRY: org.apache.ratis.thirdparty.io.grpc.StatusRuntimeException: CANCELLED: client cancelled
2021-07-05 00:57:38,605 [grpc-default-executor-0] WARN  server.GrpcLogAppender (LogUtils.java:warn(122)) - 65d645ba-2b71-4ad7-bc66-74fd2328f6a5@group-928675FAAF16->4428f99b-3864-401a-a30b-d8207dc31cfa-AppendLogResponseHandler: Failed appendEntries: org.apache.ratis.thirdparty.io.grpc.StatusRuntimeException: CANCELLED: HTTP/2 error code: CANCEL
Received Rst Stream
2021-07-05 00:57:38,605 [grpc-default-executor-0] WARN  server.GrpcLogAppender (GrpcLogAppender.java:resetClient(111)) - 65d645ba-2b71-4ad7-bc66-74fd2328f6a5@group-928675FAAF16->4428f99b-3864-401a-a30b-d8207dc31cfa-GrpcLogAppender: Leader has not got in touch with Follower 65d645ba-2b71-4ad7-bc66-74fd2328f6a5@group-928675FAAF16->4428f99b-3864-401a-a30b-d8207dc31cfa(c0,m0,n1, attendVote=true, lastRpcSendTime=441, lastRpcResponseTime=438) yet, just keep nextIndex unchanged and retry.
2021-07-05 00:57:38,606 [grpc-default-executor-2] WARN  server.GrpcServerProtocolService (LogUtils.java:warn(122)) - b549a9a8-3457-4b53-9703-c9fae2cc989c: installSnapshot onError, lastRequest: 65d645ba-2b71-4ad7-bc66-74fd2328f6a5->b549a9a8-3457-4b53-9703-c9fae2cc989c#1-t4,previous=(t:0, i:0),leaderCommit=0,initializing? true,entries: size=1, first=(t:4, i:0), CONFIGURATIONENTRY: org.apache.ratis.thirdparty.io.grpc.StatusRuntimeException: CANCELLED: client cancelled
2021-07-05 00:57:38,608 [ForkJoinPool.commonPool-worker-1] INFO  server.GrpcService (GrpcService.java:closeImpl(271)) - 4428f99b-3864-401a-a30b-d8207dc31cfa: shutdown server with port 40939 successfully
2021-07-05 00:57:38,608 [org.apache.ratis.util.JvmPauseMonitor$$Lambda$493/611739613@6291ea39] INFO  util.JvmPauseMonitor (JvmPauseMonitor.java:run(109)) - JvmPauseMonitor-4428f99b-3864-401a-a30b-d8207dc31cfa: Stopped
2021-07-05 00:57:38,612 [grpc-default-executor-2] WARN  server.GrpcLogAppender (LogUtils.java:warn(122)) - 65d645ba-2b71-4ad7-bc66-74fd2328f6a5@group-928675FAAF16->b549a9a8-3457-4b53-9703-c9fae2cc989c-AppendLogResponseHandler: Failed appendEntries: org.apache.ratis.thirdparty.io.grpc.StatusRuntimeException: CANCELLED: HTTP/2 error code: CANCEL
Received Rst Stream
2021-07-05 00:57:38,613 [grpc-default-executor-2] WARN  server.GrpcLogAppender (GrpcLogAppender.java:resetClient(111)) - 65d645ba-2b71-4ad7-bc66-74fd2328f6a5@group-928675FAAF16->b549a9a8-3457-4b53-9703-c9fae2cc989c-GrpcLogAppender: Leader has not got in touch with Follower 65d645ba-2b71-4ad7-bc66-74fd2328f6a5@group-928675FAAF16->b549a9a8-3457-4b53-9703-c9fae2cc989c(c0,m0,n1, attendVote=true, lastRpcSendTime=448, lastRpcResponseTime=444) yet, just keep nextIndex unchanged and retry.
2021-07-05 00:57:38,616 [Listener at 127.0.0.1/12256] INFO  server.GrpcService (GrpcService.java:closeImpl(271)) - b549a9a8-3457-4b53-9703-c9fae2cc989c: shutdown server with port 44095 successfully
2021-07-05 00:57:38,617 [org.apache.ratis.util.JvmPauseMonitor$$Lambda$493/611739613@584abded] INFO  util.JvmPauseMonitor (JvmPauseMonitor.java:run(109)) - JvmPauseMonitor-b549a9a8-3457-4b53-9703-c9fae2cc989c: Stopped
2021-07-05 00:57:38,617 [Listener at 127.0.0.1/12256] INFO  utils.BackgroundService (BackgroundService.java:shutdown(132)) - Shutting down service BlockDeletingService
2021-07-05 00:57:38,618 [ForkJoinPool.commonPool-worker-1] INFO  utils.BackgroundService (BackgroundService.java:shutdown(132)) - Shutting down service BlockDeletingService
2021-07-05 00:57:38,628 [ForkJoinPool.commonPool-worker-1] INFO  statemachine.DatanodeStateMachine (DatanodeStateMachine.java:stopDaemon(488)) - Ozone container server stopped.
2021-07-05 00:57:38,628 [Listener at 127.0.0.1/12256] INFO  statemachine.DatanodeStateMachine (DatanodeStateMachine.java:stopDaemon(488)) - Ozone container server stopped.
2021-07-05 00:57:38,635 [ForkJoinPool.commonPool-worker-1] INFO  handler.ContextHandler (ContextHandler.java:doStop(1154)) - Stopped o.e.j.w.WebAppContext@71134823{hddsDatanode,/,null,STOPPED}{jar:file:/home/runner/.m2/repository/org/apache/ozone/hdds-container-service/1.2.0-SNAPSHOT/hdds-container-service-1.2.0-SNAPSHOT.jar!/webapps/hddsDatanode}
2021-07-05 00:57:38,637 [ForkJoinPool.commonPool-worker-1] INFO  server.AbstractConnector (AbstractConnector.java:doStop(381)) - Stopped ServerConnector@726e3907{HTTP/1.1, (http/1.1)}{0.0.0.0:0}
2021-07-05 00:57:38,637 [ForkJoinPool.commonPool-worker-1] INFO  server.session (HouseKeeper.java:stopScavenging(149)) - node0 Stopped scavenging
2021-07-05 00:57:38,638 [ForkJoinPool.commonPool-worker-1] INFO  handler.ContextHandler (ContextHandler.java:doStop(1154)) - Stopped o.e.j.s.ServletContextHandler@2f57fc23{static,/static,jar:file:/home/runner/.m2/repository/org/apache/ozone/hdds-container-service/1.2.0-SNAPSHOT/hdds-container-service-1.2.0-SNAPSHOT.jar!/webapps/static,STOPPED}
2021-07-05 00:57:38,639 [ForkJoinPool.commonPool-worker-1] INFO  handler.ContextHandler (ContextHandler.java:doStop(1154)) - Stopped o.e.j.s.ServletContextHandler@134b19ae{logs,/logs,file:///home/runner/work/ozone/ozone/mnt/ozone/hadoop-ozone/integration-test/target/log,STOPPED}
2021-07-05 00:57:38,639 [Listener at 127.0.0.1/12256] INFO  handler.ContextHandler (ContextHandler.java:doStop(1154)) - Stopped o.e.j.w.WebAppContext@7d99846f{hddsDatanode,/,null,STOPPED}{jar:file:/home/runner/.m2/repository/org/apache/ozone/hdds-container-service/1.2.0-SNAPSHOT/hdds-container-service-1.2.0-SNAPSHOT.jar!/webapps/hddsDatanode}
2021-07-05 00:57:38,644 [Listener at 127.0.0.1/12256] INFO  server.AbstractConnector (AbstractConnector.java:doStop(381)) - Stopped ServerConnector@3e99738e{HTTP/1.1, (http/1.1)}{0.0.0.0:0}
2021-07-05 00:57:38,645 [Listener at 127.0.0.1/12256] INFO  server.session (HouseKeeper.java:stopScavenging(149)) - node0 Stopped scavenging
2021-07-05 00:57:38,645 [Listener at 127.0.0.1/12256] INFO  handler.ContextHandler (ContextHandler.java:doStop(1154)) - Stopped o.e.j.s.ServletContextHandler@4731c9af{static,/static,jar:file:/home/runner/.m2/repository/org/apache/ozone/hdds-container-service/1.2.0-SNAPSHOT/hdds-container-service-1.2.0-SNAPSHOT.jar!/webapps/static,STOPPED}
2021-07-05 00:57:38,646 [Listener at 127.0.0.1/12256] INFO  handler.ContextHandler (ContextHandler.java:doStop(1154)) - Stopped o.e.j.s.ServletContextHandler@7fa0f739{logs,/logs,file:///home/runner/work/ozone/ozone/mnt/ozone/hadoop-ozone/integration-test/target/log,STOPPED}
2021-07-05 00:57:39,574 [Datanode State Machine Thread - 0] WARN  statemachine.StateContext (StateContext.java:setState(246)) - Ignore disallowed transition from SHUTDOWN to RUNNING
2021-07-05 00:57:39,574 [Datanode State Machine Thread - 0] INFO  statemachine.DatanodeStateMachine (DatanodeStateMachine.java:lambda$startDaemon$0(430)) - Ozone container server started.
2021-07-05 00:57:39,578 [EndpointStateMachine task thread for /127.0.0.1:15481 - 0 ] INFO  ipc.Client (Client.java:handleConnectionFailure(966)) - Retrying connect to server: localhost/127.0.0.1:15481. Already tried 4 time(s); retry policy is RetryUpToMaximumCountWithFixedSleep(maxRetries=15, sleepTime=1000 MILLISECONDS)
2021-07-05 00:57:39,578 [EndpointStateMachine task thread for /127.0.0.1:15461 - 0 ] INFO  ipc.Client (Client.java:handleConnectionFailure(966)) - Retrying connect to server: localhost/127.0.0.1:15461. Already tried 7 time(s); retry policy is RetryUpToMaximumCountWithFixedSleep(maxRetries=15, sleepTime=1000 MILLISECONDS)
2021-07-05 00:57:39,579 [EndpointStateMachine task thread for /127.0.0.1:15471 - 0 ] INFO  ipc.Client (Client.java:handleConnectionFailure(966)) - Retrying connect to server: localhost/127.0.0.1:15471. Already tried 4 time(s); retry policy is RetryUpToMaximumCountWithFixedSleep(maxRetries=15, sleepTime=1000 MILLISECONDS)
2021-07-05 00:57:40,578 [EndpointStateMachine task thread for /127.0.0.1:15481 - 0 ] INFO  ipc.Client (Client.java:handleConnectionFailure(966)) - Retrying connect to server: localhost/127.0.0.1:15481. Already tried 5 time(s); retry policy is RetryUpToMaximumCountWithFixedSleep(maxRetries=15, sleepTime=1000 MILLISECONDS)
2021-07-05 00:57:40,579 [EndpointStateMachine task thread for /127.0.0.1:15461 - 0 ] INFO  ipc.Client (Client.java:handleConnectionFailure(966)) - Retrying connect to server: localhost/127.0.0.1:15461. Already tried 8 time(s); retry policy is RetryUpToMaximumCountWithFixedSleep(maxRetries=15, sleepTime=1000 MILLISECONDS)
2021-07-05 00:57:40,579 [EndpointStateMachine task thread for /127.0.0.1:15471 - 0 ] INFO  ipc.Client (Client.java:handleConnectionFailure(966)) - Retrying connect to server: localhost/127.0.0.1:15471. Already tried 5 time(s); retry policy is RetryUpToMaximumCountWithFixedSleep(maxRetries=15, sleepTime=1000 MILLISECONDS)
2021-07-05 00:57:40,674 [grpc-default-executor-5] WARN  server.GrpcLogAppender (LogUtils.java:warn(122)) - 65d645ba-2b71-4ad7-bc66-74fd2328f6a5@group-928675FAAF16->4428f99b-3864-401a-a30b-d8207dc31cfa-AppendLogResponseHandler: Failed appendEntries: org.apache.ratis.thirdparty.io.grpc.StatusRuntimeException: UNAVAILABLE: io exception
2021-07-05 00:57:40,675 [grpc-default-executor-5] WARN  server.GrpcLogAppender (GrpcLogAppender.java:resetClient(111)) - 65d645ba-2b71-4ad7-bc66-74fd2328f6a5@group-928675FAAF16->4428f99b-3864-401a-a30b-d8207dc31cfa-GrpcLogAppender: Leader has not got in touch with Follower 65d645ba-2b71-4ad7-bc66-74fd2328f6a5@group-928675FAAF16->4428f99b-3864-401a-a30b-d8207dc31cfa(c0,m0,n1, attendVote=true, lastRpcSendTime=5, lastRpcResponseTime=2507) yet, just keep nextIndex unchanged and retry.
2021-07-05 00:57:40,675 [grpc-default-executor-5] WARN  server.GrpcLogAppender (LogUtils.java:warn(122)) - 65d645ba-2b71-4ad7-bc66-74fd2328f6a5@group-928675FAAF16->b549a9a8-3457-4b53-9703-c9fae2cc989c-AppendLogResponseHandler: Failed appendEntries: org.apache.ratis.thirdparty.io.grpc.StatusRuntimeException: UNAVAILABLE: io exception
2021-07-05 00:57:40,676 [grpc-default-executor-5] WARN  server.GrpcLogAppender (GrpcLogAppender.java:resetClient(111)) - 65d645ba-2b71-4ad7-bc66-74fd2328f6a5@group-928675FAAF16->b549a9a8-3457-4b53-9703-c9fae2cc989c-GrpcLogAppender: Leader has not got in touch with Follower 65d645ba-2b71-4ad7-bc66-74fd2328f6a5@group-928675FAAF16->b549a9a8-3457-4b53-9703-c9fae2cc989c(c0,m0,n1, attendVote=true, lastRpcSendTime=3, lastRpcResponseTime=2507) yet, just keep nextIndex unchanged and retry.
2021-07-05 00:57:41,579 [EndpointStateMachine task thread for /127.0.0.1:15481 - 0 ] INFO  ipc.Client (Client.java:handleConnectionFailure(966)) - Retrying connect to server: localhost/127.0.0.1:15481. Already tried 6 time(s); retry policy is RetryUpToMaximumCountWithFixedSleep(maxRetries=15, sleepTime=1000 MILLISECONDS)
2021-07-05 00:57:41,580 [EndpointStateMachine task thread for /127.0.0.1:15461 - 0 ] INFO  ipc.Client (Client.java:handleConnectionFailure(966)) - Retrying connect to server: localhost/127.0.0.1:15461. Already tried 9 time(s); retry policy is RetryUpToMaximumCountWithFixedSleep(maxRetries=15, sleepTime=1000 MILLISECONDS)
2021-07-05 00:57:41,580 [EndpointStateMachine task thread for /127.0.0.1:15471 - 0 ] INFO  ipc.Client (Client.java:handleConnectionFailure(966)) - Retrying connect to server: localhost/127.0.0.1:15471. Already tried 6 time(s); retry policy is RetryUpToMaximumCountWithFixedSleep(maxRetries=15, sleepTime=1000 MILLISECONDS)
2021-07-05 00:57:42,580 [EndpointStateMachine task thread for /127.0.0.1:15481 - 0 ] INFO  ipc.Client (Client.java:handleConnectionFailure(966)) - Retrying connect to server: localhost/127.0.0.1:15481. Already tried 7 time(s); retry policy is RetryUpToMaximumCountWithFixedSleep(maxRetries=15, sleepTime=1000 MILLISECONDS)
2021-07-05 00:57:42,581 [EndpointStateMachine task thread for /127.0.0.1:15461 - 0 ] INFO  ipc.Client (Client.java:handleConnectionFailure(966)) - Retrying connect to server: localhost/127.0.0.1:15461. Already tried 10 time(s); retry policy is RetryUpToMaximumCountWithFixedSleep(maxRetries=15, sleepTime=1000 MILLISECONDS)
2021-07-05 00:57:42,583 [EndpointStateMachine task thread for /127.0.0.1:15471 - 0 ] INFO  ipc.Client (Client.java:handleConnectionFailure(966)) - Retrying connect to server: localhost/127.0.0.1:15471. Already tried 7 time(s); retry policy is RetryUpToMaximumCountWithFixedSleep(maxRetries=15, sleepTime=1000 MILLISECONDS)
2021-07-05 00:57:43,169 [grpc-default-executor-5] WARN  server.GrpcLogAppender (LogUtils.java:warn(122)) - 65d645ba-2b71-4ad7-bc66-74fd2328f6a5@group-928675FAAF16->4428f99b-3864-401a-a30b-d8207dc31cfa-AppendLogResponseHandler: Failed appendEntries: org.apache.ratis.thirdparty.io.grpc.StatusRuntimeException: UNAVAILABLE: io exception
2021-07-05 00:57:43,170 [grpc-default-executor-5] WARN  server.GrpcLogAppender (GrpcLogAppender.java:resetClient(111)) - 65d645ba-2b71-4ad7-bc66-74fd2328f6a5@group-928675FAAF16->4428f99b-3864-401a-a30b-d8207dc31cfa-GrpcLogAppender: Leader has not got in touch with Follower 65d645ba-2b71-4ad7-bc66-74fd2328f6a5@group-928675FAAF16->4428f99b-3864-401a-a30b-d8207dc31cfa(c0,m0,n1, attendVote=true, lastRpcSendTime=0, lastRpcResponseTime=5003) yet, just keep nextIndex unchanged and retry.
2021-07-05 00:57:43,173 [grpc-default-executor-5] WARN  server.GrpcLogAppender (LogUtils.java:warn(122)) - 65d645ba-2b71-4ad7-bc66-74fd2328f6a5@group-928675FAAF16->b549a9a8-3457-4b53-9703-c9fae2cc989c-AppendLogResponseHandler: Failed appendEntries: org.apache.ratis.thirdparty.io.grpc.StatusRuntimeException: UNAVAILABLE: io exception
2021-07-05 00:57:43,173 [grpc-default-executor-5] WARN  server.GrpcLogAppender (GrpcLogAppender.java:resetClient(111)) - 65d645ba-2b71-4ad7-bc66-74fd2328f6a5@group-928675FAAF16->b549a9a8-3457-4b53-9703-c9fae2cc989c-GrpcLogAppender: Leader has not got in touch with Follower 65d645ba-2b71-4ad7-bc66-74fd2328f6a5@group-928675FAAF16->b549a9a8-3457-4b53-9703-c9fae2cc989c(c0,m0,n1, attendVote=true, lastRpcSendTime=2500, lastRpcResponseTime=5005) yet, just keep nextIndex unchanged and retry.
2021-07-05 00:57:43,581 [EndpointStateMachine task thread for /127.0.0.1:15481 - 0 ] INFO  ipc.Client (Client.java:handleConnectionFailure(966)) - Retrying connect to server: localhost/127.0.0.1:15481. Already tried 8 time(s); retry policy is RetryUpToMaximumCountWithFixedSleep(maxRetries=15, sleepTime=1000 MILLISECONDS)
2021-07-05 00:57:43,582 [EndpointStateMachine task thread for /127.0.0.1:15461 - 0 ] INFO  ipc.Client (Client.java:handleConnectionFailure(966)) - Retrying connect to server: localhost/127.0.0.1:15461. Already tried 11 time(s); retry policy is RetryUpToMaximumCountWithFixedSleep(maxRetries=15, sleepTime=1000 MILLISECONDS)
2021-07-05 00:57:43,584 [EndpointStateMachine task thread for /127.0.0.1:15471 - 0 ] INFO  ipc.Client (Client.java:handleConnectionFailure(966)) - Retrying connect to server: localhost/127.0.0.1:15471. Already tried 8 time(s); retry policy is RetryUpToMaximumCountWithFixedSleep(maxRetries=15, sleepTime=1000 MILLISECONDS)
2021-07-05 00:57:43,653 [ForkJoinPool.commonPool-worker-1] INFO  ozoneimpl.OzoneContainer (OzoneContainer.java:stop(326)) - Attempting to stop container services.
2021-07-05 00:57:43,654 [ForkJoinPool.commonPool-worker-1] INFO  server.RaftServer (RaftServerProxy.java:lambda$close$6(391)) - 65d645ba-2b71-4ad7-bc66-74fd2328f6a5: close
2021-07-05 00:57:43,654 [ForkJoinPool.commonPool-worker-1] INFO  server.RaftServer$Division (RaftServerImpl.java:lambda$close$4(406)) - 65d645ba-2b71-4ad7-bc66-74fd2328f6a5@group-49C9F103C6FA: shutdown
2021-07-05 00:57:43,654 [ForkJoinPool.commonPool-worker-1] INFO  util.JmxRegister (JmxRegister.java:unregister(73)) - Successfully un-registered JMX Bean with object name Ratis:service=RaftServer,group=group-49C9F103C6FA,id=65d645ba-2b71-4ad7-bc66-74fd2328f6a5
2021-07-05 00:57:43,654 [ForkJoinPool.commonPool-worker-1] INFO  impl.RoleInfo (RoleInfo.java:shutdownFollowerState(108)) - 65d645ba-2b71-4ad7-bc66-74fd2328f6a5: shutdown 65d645ba-2b71-4ad7-bc66-74fd2328f6a5@group-49C9F103C6FA-FollowerState
2021-07-05 00:57:43,654 [ForkJoinPool.commonPool-worker-1] INFO  impl.StateMachineUpdater (StateMachineUpdater.java:stopAndJoin(149)) - 65d645ba-2b71-4ad7-bc66-74fd2328f6a5@group-49C9F103C6FA-StateMachineUpdater: set stopIndex = 0
2021-07-05 00:57:43,654 [65d645ba-2b71-4ad7-bc66-74fd2328f6a5@group-49C9F103C6FA-FollowerState] INFO  impl.FollowerState (FollowerState.java:run(143)) - 65d645ba-2b71-4ad7-bc66-74fd2328f6a5@group-49C9F103C6FA-FollowerState was interrupted: {}
java.lang.InterruptedException: sleep interrupted
	at java.lang.Thread.sleep(Native Method)
	at java.lang.Thread.sleep(Thread.java:340)
	at java.util.concurrent.TimeUnit.sleep(TimeUnit.java:386)
	at org.apache.ratis.util.TimeDuration.sleep(TimeDuration.java:324)
	at org.apache.ratis.util.TimeDuration.sleep(TimeDuration.java:309)
	at org.apache.ratis.server.impl.FollowerState.run(FollowerState.java:118)
2021-07-05 00:57:43,655 [65d645ba-2b71-4ad7-bc66-74fd2328f6a5@group-49C9F103C6FA-StateMachineUpdater] INFO  ratis.ContainerStateMachine (ContainerStateMachine.java:takeSnapshot(291)) - group-49C9F103C6FA: Taking a snapshot at:(t:2, i:0) file /home/runner/work/ozone/ozone/mnt/ozone/hadoop-ozone/integration-test/target/test-dir/MiniOzoneClusterImpl-47f02201-3656-42a8-b726-2c1689f4816b/datanode-2/data/ratis/d654393b-6ac2-4eb1-945d-49c9f103c6fa/sm/snapshot.2_0
2021-07-05 00:57:43,656 [65d645ba-2b71-4ad7-bc66-74fd2328f6a5@group-49C9F103C6FA-StateMachineUpdater] INFO  ratis.ContainerStateMachine (ContainerStateMachine.java:takeSnapshot(302)) - group-49C9F103C6FA: Finished taking a snapshot at:(t:2, i:0) file:/home/runner/work/ozone/ozone/mnt/ozone/hadoop-ozone/integration-test/target/test-dir/MiniOzoneClusterImpl-47f02201-3656-42a8-b726-2c1689f4816b/datanode-2/data/ratis/d654393b-6ac2-4eb1-945d-49c9f103c6fa/sm/snapshot.2_0 took: 1 ms
2021-07-05 00:57:43,656 [65d645ba-2b71-4ad7-bc66-74fd2328f6a5@group-49C9F103C6FA-StateMachineUpdater] INFO  impl.StateMachineUpdater (StateMachineUpdater.java:takeSnapshot(281)) - 65d645ba-2b71-4ad7-bc66-74fd2328f6a5@group-49C9F103C6FA-StateMachineUpdater: Took a snapshot at index 0
2021-07-05 00:57:43,656 [65d645ba-2b71-4ad7-bc66-74fd2328f6a5@group-49C9F103C6FA-StateMachineUpdater] INFO  impl.StateMachineUpdater (StateMachineUpdater.java:lambda$new$0(89)) - 65d645ba-2b71-4ad7-bc66-74fd2328f6a5@group-49C9F103C6FA-StateMachineUpdater: snapshotIndex: updateIncreasingly -1 -> 0
2021-07-05 00:57:43,656 [65d645ba-2b71-4ad7-bc66-74fd2328f6a5@group-49C9F103C6FA-StateMachineUpdater] INFO  metrics.RatisMetrics (RatisMetrics.java:unregister(43)) - Unregistering Metrics Registry : ratis.state_machine.65d645ba-2b71-4ad7-bc66-74fd2328f6a5@group-49C9F103C6FA
2021-07-05 00:57:43,656 [ForkJoinPool.commonPool-worker-1] INFO  server.RaftServer$Division (ServerState.java:close(405)) - 65d645ba-2b71-4ad7-bc66-74fd2328f6a5@group-49C9F103C6FA: closes. applyIndex: 0
2021-07-05 00:57:43,656 [65d645ba-2b71-4ad7-bc66-74fd2328f6a5@group-49C9F103C6FA-SegmentedRaftLogWorker] INFO  segmented.SegmentedRaftLogWorker (SegmentedRaftLogWorker.java:run(327)) - 65d645ba-2b71-4ad7-bc66-74fd2328f6a5@group-49C9F103C6FA-SegmentedRaftLogWorker was interrupted, exiting. There are 0 tasks remaining in the queue.
2021-07-05 00:57:43,657 [ForkJoinPool.commonPool-worker-1] INFO  segmented.SegmentedRaftLogWorker (SegmentedRaftLogWorker.java:close(237)) - 65d645ba-2b71-4ad7-bc66-74fd2328f6a5@group-49C9F103C6FA-SegmentedRaftLogWorker close()
2021-07-05 00:57:43,661 [ForkJoinPool.commonPool-worker-1] INFO  metrics.RatisMetrics (RatisMetrics.java:unregister(43)) - Unregistering Metrics Registry : ratis.log_worker.65d645ba-2b71-4ad7-bc66-74fd2328f6a5@group-49C9F103C6FA
2021-07-05 00:57:43,661 [ForkJoinPool.commonPool-worker-1] INFO  metrics.RatisMetrics (RatisMetrics.java:unregister(43)) - Unregistering Metrics Registry : ratis.leader_election.65d645ba-2b71-4ad7-bc66-74fd2328f6a5@group-49C9F103C6FA
2021-07-05 00:57:43,661 [ForkJoinPool.commonPool-worker-1] INFO  metrics.RatisMetrics (RatisMetrics.java:unregister(43)) - Unregistering Metrics Registry : ratis.server.65d645ba-2b71-4ad7-bc66-74fd2328f6a5@group-49C9F103C6FA
2021-07-05 00:57:43,661 [ForkJoinPool.commonPool-worker-1] INFO  server.RaftServer$Division (RaftServerImpl.java:lambda$close$4(406)) - 65d645ba-2b71-4ad7-bc66-74fd2328f6a5@group-928675FAAF16: shutdown
2021-07-05 00:57:43,661 [ForkJoinPool.commonPool-worker-1] INFO  util.JmxRegister (JmxRegister.java:unregister(73)) - Successfully un-registered JMX Bean with object name Ratis:service=RaftServer,group=group-928675FAAF16,id=65d645ba-2b71-4ad7-bc66-74fd2328f6a5
2021-07-05 00:57:43,661 [ForkJoinPool.commonPool-worker-1] INFO  impl.RoleInfo (RoleInfo.java:shutdownLeaderState(91)) - 65d645ba-2b71-4ad7-bc66-74fd2328f6a5: shutdown 65d645ba-2b71-4ad7-bc66-74fd2328f6a5@group-928675FAAF16-LeaderStateImpl
2021-07-05 00:57:43,661 [ForkJoinPool.commonPool-worker-1] INFO  metrics.RatisMetrics (RatisMetrics.java:unregister(43)) - Unregistering Metrics Registry : ratis_grpc.log_appender.65d645ba-2b71-4ad7-bc66-74fd2328f6a5@group-928675FAAF16
2021-07-05 00:57:43,662 [ForkJoinPool.commonPool-worker-1] INFO  metrics.RatisMetrics (RatisMetrics.java:unregister(43)) - Unregistering Metrics Registry : ratis_grpc.log_appender.65d645ba-2b71-4ad7-bc66-74fd2328f6a5@group-928675FAAF16
2021-07-05 00:57:43,662 [ForkJoinPool.commonPool-worker-1] INFO  impl.PendingRequests (PendingRequests.java:sendNotLeaderResponses(249)) - 65d645ba-2b71-4ad7-bc66-74fd2328f6a5@group-928675FAAF16-PendingRequests: sendNotLeaderResponses
2021-07-05 00:57:43,662 [ForkJoinPool.commonPool-worker-1] INFO  metrics.RatisMetrics (RatisMetrics.java:unregister(43)) - Unregistering Metrics Registry : ratis.log_appender.65d645ba-2b71-4ad7-bc66-74fd2328f6a5@group-928675FAAF16
2021-07-05 00:57:43,662 [ForkJoinPool.commonPool-worker-1] INFO  metrics.RatisMetrics (RatisMetrics.java:unregister(43)) - Unregistering Metrics Registry : ratis.server.65d645ba-2b71-4ad7-bc66-74fd2328f6a5@group-928675FAAF16
2021-07-05 00:57:43,662 [ForkJoinPool.commonPool-worker-1] INFO  impl.StateMachineUpdater (StateMachineUpdater.java:stopAndJoin(149)) - 65d645ba-2b71-4ad7-bc66-74fd2328f6a5@group-928675FAAF16-StateMachineUpdater: set stopIndex = 0
2021-07-05 00:57:43,662 [65d645ba-2b71-4ad7-bc66-74fd2328f6a5@group-928675FAAF16-StateMachineUpdater] INFO  ratis.ContainerStateMachine (ContainerStateMachine.java:takeSnapshot(291)) - group-928675FAAF16: Taking a snapshot at:(t:4, i:0) file /home/runner/work/ozone/ozone/mnt/ozone/hadoop-ozone/integration-test/target/test-dir/MiniOzoneClusterImpl-47f02201-3656-42a8-b726-2c1689f4816b/datanode-2/data/ratis/2baeda0e-4055-46a0-b166-928675faaf16/sm/snapshot.4_0
2021-07-05 00:57:43,663 [65d645ba-2b71-4ad7-bc66-74fd2328f6a5@group-928675FAAF16-StateMachineUpdater] INFO  ratis.ContainerStateMachine (ContainerStateMachine.java:takeSnapshot(302)) - group-928675FAAF16: Finished taking a snapshot at:(t:4, i:0) file:/home/runner/work/ozone/ozone/mnt/ozone/hadoop-ozone/integration-test/target/test-dir/MiniOzoneClusterImpl-47f02201-3656-42a8-b726-2c1689f4816b/datanode-2/data/ratis/2baeda0e-4055-46a0-b166-928675faaf16/sm/snapshot.4_0 took: 0 ms
2021-07-05 00:57:43,663 [65d645ba-2b71-4ad7-bc66-74fd2328f6a5@group-928675FAAF16-StateMachineUpdater] INFO  impl.StateMachineUpdater (StateMachineUpdater.java:takeSnapshot(281)) - 65d645ba-2b71-4ad7-bc66-74fd2328f6a5@group-928675FAAF16-StateMachineUpdater: Took a snapshot at index 0
2021-07-05 00:57:43,663 [65d645ba-2b71-4ad7-bc66-74fd2328f6a5@group-928675FAAF16-StateMachineUpdater] INFO  impl.StateMachineUpdater (StateMachineUpdater.java:lambda$new$0(89)) - 65d645ba-2b71-4ad7-bc66-74fd2328f6a5@group-928675FAAF16-StateMachineUpdater: snapshotIndex: updateIncreasingly -1 -> 0
2021-07-05 00:57:43,663 [65d645ba-2b71-4ad7-bc66-74fd2328f6a5@group-928675FAAF16-StateMachineUpdater] INFO  metrics.RatisMetrics (RatisMetrics.java:unregister(43)) - Unregistering Metrics Registry : ratis.state_machine.65d645ba-2b71-4ad7-bc66-74fd2328f6a5@group-928675FAAF16
2021-07-05 00:57:43,664 [ForkJoinPool.commonPool-worker-1] INFO  server.RaftServer$Division (ServerState.java:close(405)) - 65d645ba-2b71-4ad7-bc66-74fd2328f6a5@group-928675FAAF16: closes. applyIndex: 0
2021-07-05 00:57:43,664 [65d645ba-2b71-4ad7-bc66-74fd2328f6a5@group-928675FAAF16-SegmentedRaftLogWorker] INFO  segmented.SegmentedRaftLogWorker (SegmentedRaftLogWorker.java:run(327)) - 65d645ba-2b71-4ad7-bc66-74fd2328f6a5@group-928675FAAF16-SegmentedRaftLogWorker was interrupted, exiting. There are 0 tasks remaining in the queue.
2021-07-05 00:57:43,665 [ForkJoinPool.commonPool-worker-1] INFO  segmented.SegmentedRaftLogWorker (SegmentedRaftLogWorker.java:close(237)) - 65d645ba-2b71-4ad7-bc66-74fd2328f6a5@group-928675FAAF16-SegmentedRaftLogWorker close()
2021-07-05 00:57:43,665 [ForkJoinPool.commonPool-worker-1] INFO  metrics.RatisMetrics (RatisMetrics.java:unregister(43)) - Unregistering Metrics Registry : ratis.log_worker.65d645ba-2b71-4ad7-bc66-74fd2328f6a5@group-928675FAAF16
2021-07-05 00:57:43,665 [ForkJoinPool.commonPool-worker-1] INFO  metrics.RatisMetrics (RatisMetrics.java:unregister(43)) - Unregistering Metrics Registry : ratis.leader_election.65d645ba-2b71-4ad7-bc66-74fd2328f6a5@group-928675FAAF16
2021-07-05 00:57:43,665 [ForkJoinPool.commonPool-worker-1] INFO  metrics.RatisMetrics (RatisMetrics.java:unregister(43)) - Unregistering Metrics Registry : ratis.server.65d645ba-2b71-4ad7-bc66-74fd2328f6a5@group-928675FAAF16
2021-07-05 00:57:43,665 [ForkJoinPool.commonPool-worker-1] INFO  server.RaftServer$Division (RaftServerImpl.java:lambda$close$4(406)) - 65d645ba-2b71-4ad7-bc66-74fd2328f6a5@group-6FF6A8ECCE1E: shutdown
2021-07-05 00:57:43,666 [ForkJoinPool.commonPool-worker-1] INFO  util.JmxRegister (JmxRegister.java:unregister(73)) - Successfully un-registered JMX Bean with object name Ratis:service=RaftServer,group=group-6FF6A8ECCE1E,id=65d645ba-2b71-4ad7-bc66-74fd2328f6a5
2021-07-05 00:57:43,666 [ForkJoinPool.commonPool-worker-1] INFO  impl.RoleInfo (RoleInfo.java:shutdownLeaderState(91)) - 65d645ba-2b71-4ad7-bc66-74fd2328f6a5: shutdown 65d645ba-2b71-4ad7-bc66-74fd2328f6a5@group-6FF6A8ECCE1E-LeaderStateImpl
2021-07-05 00:57:43,666 [ForkJoinPool.commonPool-worker-1] INFO  impl.PendingRequests (PendingRequests.java:sendNotLeaderResponses(249)) - 65d645ba-2b71-4ad7-bc66-74fd2328f6a5@group-6FF6A8ECCE1E-PendingRequests: sendNotLeaderResponses
2021-07-05 00:57:43,666 [ForkJoinPool.commonPool-worker-1] INFO  metrics.RatisMetrics (RatisMetrics.java:unregister(43)) - Unregistering Metrics Registry : ratis.log_appender.65d645ba-2b71-4ad7-bc66-74fd2328f6a5@group-6FF6A8ECCE1E
2021-07-05 00:57:43,666 [ForkJoinPool.commonPool-worker-1] INFO  metrics.RatisMetrics (RatisMetrics.java:unregister(43)) - Unregistering Metrics Registry : ratis.server.65d645ba-2b71-4ad7-bc66-74fd2328f6a5@group-6FF6A8ECCE1E
2021-07-05 00:57:43,667 [ForkJoinPool.commonPool-worker-1] INFO  impl.StateMachineUpdater (StateMachineUpdater.java:stopAndJoin(149)) - 65d645ba-2b71-4ad7-bc66-74fd2328f6a5@group-6FF6A8ECCE1E-StateMachineUpdater: set stopIndex = 0
2021-07-05 00:57:43,667 [65d645ba-2b71-4ad7-bc66-74fd2328f6a5@group-6FF6A8ECCE1E-StateMachineUpdater] INFO  ratis.ContainerStateMachine (ContainerStateMachine.java:takeSnapshot(291)) - group-6FF6A8ECCE1E: Taking a snapshot at:(t:1, i:0) file /home/runner/work/ozone/ozone/mnt/ozone/hadoop-ozone/integration-test/target/test-dir/MiniOzoneClusterImpl-47f02201-3656-42a8-b726-2c1689f4816b/datanode-2/data/ratis/375cd340-fc76-474b-9a4e-6ff6a8ecce1e/sm/snapshot.1_0
2021-07-05 00:57:43,668 [65d645ba-2b71-4ad7-bc66-74fd2328f6a5@group-6FF6A8ECCE1E-StateMachineUpdater] INFO  ratis.ContainerStateMachine (ContainerStateMachine.java:takeSnapshot(302)) - group-6FF6A8ECCE1E: Finished taking a snapshot at:(t:1, i:0) file:/home/runner/work/ozone/ozone/mnt/ozone/hadoop-ozone/integration-test/target/test-dir/MiniOzoneClusterImpl-47f02201-3656-42a8-b726-2c1689f4816b/datanode-2/data/ratis/375cd340-fc76-474b-9a4e-6ff6a8ecce1e/sm/snapshot.1_0 took: 0 ms
2021-07-05 00:57:43,668 [65d645ba-2b71-4ad7-bc66-74fd2328f6a5@group-6FF6A8ECCE1E-StateMachineUpdater] INFO  impl.StateMachineUpdater (StateMachineUpdater.java:takeSnapshot(281)) - 65d645ba-2b71-4ad7-bc66-74fd2328f6a5@group-6FF6A8ECCE1E-StateMachineUpdater: Took a snapshot at index 0
2021-07-05 00:57:43,668 [65d645ba-2b71-4ad7-bc66-74fd2328f6a5@group-6FF6A8ECCE1E-StateMachineUpdater] INFO  impl.StateMachineUpdater (StateMachineUpdater.java:lambda$new$0(89)) - 65d645ba-2b71-4ad7-bc66-74fd2328f6a5@group-6FF6A8ECCE1E-StateMachineUpdater: snapshotIndex: updateIncreasingly -1 -> 0
2021-07-05 00:57:43,668 [65d645ba-2b71-4ad7-bc66-74fd2328f6a5@group-6FF6A8ECCE1E-StateMachineUpdater] INFO  metrics.RatisMetrics (RatisMetrics.java:unregister(43)) - Unregistering Metrics Registry : ratis.state_machine.65d645ba-2b71-4ad7-bc66-74fd2328f6a5@group-6FF6A8ECCE1E
2021-07-05 00:57:43,669 [ForkJoinPool.commonPool-worker-1] INFO  server.RaftServer$Division (ServerState.java:close(405)) - 65d645ba-2b71-4ad7-bc66-74fd2328f6a5@group-6FF6A8ECCE1E: closes. applyIndex: 0
2021-07-05 00:57:43,669 [65d645ba-2b71-4ad7-bc66-74fd2328f6a5@group-6FF6A8ECCE1E-SegmentedRaftLogWorker] INFO  segmented.SegmentedRaftLogWorker (SegmentedRaftLogWorker.java:run(327)) - 65d645ba-2b71-4ad7-bc66-74fd2328f6a5@group-6FF6A8ECCE1E-SegmentedRaftLogWorker was interrupted, exiting. There are 0 tasks remaining in the queue.
2021-07-05 00:57:43,669 [ForkJoinPool.commonPool-worker-1] INFO  segmented.SegmentedRaftLogWorker (SegmentedRaftLogWorker.java:close(237)) - 65d645ba-2b71-4ad7-bc66-74fd2328f6a5@group-6FF6A8ECCE1E-SegmentedRaftLogWorker close()
2021-07-05 00:57:43,670 [ForkJoinPool.commonPool-worker-1] INFO  metrics.RatisMetrics (RatisMetrics.java:unregister(43)) - Unregistering Metrics Registry : ratis.log_worker.65d645ba-2b71-4ad7-bc66-74fd2328f6a5@group-6FF6A8ECCE1E
2021-07-05 00:57:43,670 [ForkJoinPool.commonPool-worker-1] INFO  metrics.RatisMetrics (RatisMetrics.java:unregister(43)) - Unregistering Metrics Registry : ratis.leader_election.65d645ba-2b71-4ad7-bc66-74fd2328f6a5@group-6FF6A8ECCE1E
2021-07-05 00:57:43,670 [ForkJoinPool.commonPool-worker-1] INFO  metrics.RatisMetrics (RatisMetrics.java:unregister(43)) - Unregistering Metrics Registry : ratis.server.65d645ba-2b71-4ad7-bc66-74fd2328f6a5@group-6FF6A8ECCE1E
2021-07-05 00:57:43,670 [ForkJoinPool.commonPool-worker-1] INFO  server.GrpcService (GrpcService.java:closeImpl(262)) - 65d645ba-2b71-4ad7-bc66-74fd2328f6a5: shutdown server with port 36069 now
2021-07-05 00:57:43,671 [ForkJoinPool.commonPool-worker-1] INFO  server.GrpcService (GrpcService.java:closeImpl(271)) - 65d645ba-2b71-4ad7-bc66-74fd2328f6a5: shutdown server with port 36069 successfully
2021-07-05 00:57:43,671 [org.apache.ratis.util.JvmPauseMonitor$$Lambda$493/611739613@4aa08fd8] INFO  util.JvmPauseMonitor (JvmPauseMonitor.java:run(109)) - JvmPauseMonitor-65d645ba-2b71-4ad7-bc66-74fd2328f6a5: Stopped
2021-07-05 00:57:43,673 [ForkJoinPool.commonPool-worker-1] INFO  utils.BackgroundService (BackgroundService.java:shutdown(132)) - Shutting down service BlockDeletingService
2021-07-05 00:57:43,674 [ForkJoinPool.commonPool-worker-1] INFO  statemachine.DatanodeStateMachine (DatanodeStateMachine.java:stopDaemon(488)) - Ozone container server stopped.
2021-07-05 00:57:43,678 [ForkJoinPool.commonPool-worker-1] INFO  handler.ContextHandler (ContextHandler.java:doStop(1154)) - Stopped o.e.j.w.WebAppContext@f4694f8{hddsDatanode,/,null,STOPPED}{jar:file:/home/runner/.m2/repository/org/apache/ozone/hdds-container-service/1.2.0-SNAPSHOT/hdds-container-service-1.2.0-SNAPSHOT.jar!/webapps/hddsDatanode}
2021-07-05 00:57:43,678 [ForkJoinPool.commonPool-worker-1] INFO  server.AbstractConnector (AbstractConnector.java:doStop(381)) - Stopped ServerConnector@7a0c046e{HTTP/1.1, (http/1.1)}{0.0.0.0:0}
2021-07-05 00:57:43,678 [ForkJoinPool.commonPool-worker-1] INFO  server.session (HouseKeeper.java:stopScavenging(149)) - node0 Stopped scavenging
2021-07-05 00:57:43,679 [ForkJoinPool.commonPool-worker-1] INFO  handler.ContextHandler (ContextHandler.java:doStop(1154)) - Stopped o.e.j.s.ServletContextHandler@5f2383a0{static,/static,jar:file:/home/runner/.m2/repository/org/apache/ozone/hdds-container-service/1.2.0-SNAPSHOT/hdds-container-service-1.2.0-SNAPSHOT.jar!/webapps/static,STOPPED}
2021-07-05 00:57:43,679 [ForkJoinPool.commonPool-worker-1] INFO  handler.ContextHandler (ContextHandler.java:doStop(1154)) - Stopped o.e.j.s.ServletContextHandler@9dc9aa4{logs,/logs,file:///home/runner/work/ozone/ozone/mnt/ozone/hadoop-ozone/integration-test/target/log,STOPPED}
]]></system-out>
  </testcase>
  <testcase name="testInstallOldCheckpointFailure" classname="org.apache.hadoop.ozone.scm.TestSCMInstallSnapshotWithHA" time="52.418"/>
  <testcase name="testInstallCorruptedCheckpointFailure" classname="org.apache.hadoop.ozone.scm.TestSCMInstallSnapshotWithHA" time="40.337"/>
</testsuite>