<?xml version="1.0" encoding="UTF-8"?>
<testsuite xmlns:xsi="http://www.w3.org/2001/XMLSchema-instance" xsi:noNamespaceSchemaLocation="https://maven.apache.org/surefire/maven-surefire-plugin/xsd/surefire-test-report.xsd" name="org.apache.hadoop.ozone.container.common.statemachine.commandhandler.TestBlockDeletion" time="270.007" tests="3" errors="0" skipped="0" failures="1">
  <properties>
    <property name="awt.toolkit" value="sun.awt.X11.XToolkit"/>
    <property name="file.encoding.pkg" value="sun.io"/>
    <property name="java.specification.version" value="1.8"/>
    <property name="sun.cpu.isalist" value=""/>
    <property name="sun.jnu.encoding" value="UTF-8"/>
    <property name="java.class.path" value="/home/runner/work/ozone/ozone/hadoop-ozone/integration-test/target/test-classes:/home/runner/work/ozone/ozone/hadoop-ozone/integration-test/target/classes:/home/runner/.m2/repository/org/apache/ozone/ozone-common/1.2.0-SNAPSHOT/ozone-common-1.2.0-SNAPSHOT.jar:/home/runner/.m2/repository/org/apache/commons/commons-compress/1.20/commons-compress-1.20.jar:/home/runner/.m2/repository/org/apache/ozone/hdds-common/1.2.0-SNAPSHOT/hdds-common-1.2.0-SNAPSHOT.jar:/home/runner/.m2/repository/org/apache/ozone/hdds-client/1.2.0-SNAPSHOT/hdds-client-1.2.0-SNAPSHOT.jar:/home/runner/.m2/repository/org/apache/ozone/ozone-interface-client/1.2.0-SNAPSHOT/ozone-interface-client-1.2.0-SNAPSHOT.jar:/home/runner/.m2/repository/org/apache/ozone/hdds-server-framework/1.2.0-SNAPSHOT/hdds-server-framework-1.2.0-SNAPSHOT.jar:/home/runner/.m2/repository/org/apache/ozone/hdds-interface-server/1.2.0-SNAPSHOT/hdds-interface-server-1.2.0-SNAPSHOT.jar:/home/runner/.m2/repository/org/eclipse/jetty/jetty-servlet/9.4.43.v20210629/jetty-servlet-9.4.43.v20210629.jar:/home/runner/.m2/repository/org/eclipse/jetty/jetty-security/9.4.43.v20210629/jetty-security-9.4.43.v20210629.jar:/home/runner/.m2/repository/org/rocksdb/rocksdbjni/6.20.3/rocksdbjni-6.20.3.jar:/home/runner/.m2/repository/io/prometheus/simpleclient_dropwizard/0.7.0/simpleclient_dropwizard-0.7.0.jar:/home/runner/.m2/repository/io/prometheus/simpleclient/0.7.0/simpleclient-0.7.0.jar:/home/runner/.m2/repository/io/prometheus/simpleclient_common/0.7.0/simpleclient_common-0.7.0.jar:/home/runner/.m2/repository/com/fasterxml/jackson/datatype/jackson-datatype-jsr310/2.12.1/jackson-datatype-jsr310-2.12.1.jar:/home/runner/.m2/repository/org/apache/ozone/hdds-test-utils/1.2.0-SNAPSHOT/hdds-test-utils-1.2.0-SNAPSHOT.jar:/home/runner/.m2/repository/com/google/guava/guava/30.1.1-jre/guava-30.1.1-jre.jar:/home/runner/.m2/repository/com/google/guava/failureaccess/1.0.1/failureaccess-1.0.1.jar:/home/runner/.m2/repository/com/google/guava/listenablefuture/9999.0-empty-to-avoid-conflict-with-guava/listenablefuture-9999.0-empty-to-avoid-conflict-with-guava.jar:/home/runner/.m2/repository/com/google/code/findbugs/jsr305/3.0.0/jsr305-3.0.0.jar:/home/runner/.m2/repository/org/checkerframework/checker-qual/3.8.0/checker-qual-3.8.0.jar:/home/runner/.m2/repository/com/google/errorprone/error_prone_annotations/2.2.0/error_prone_annotations-2.2.0.jar:/home/runner/.m2/repository/com/google/j2objc/j2objc-annotations/1.3/j2objc-annotations-1.3.jar:/home/runner/.m2/repository/commons-io/commons-io/2.8.0/commons-io-2.8.0.jar:/home/runner/.m2/repository/commons-logging/commons-logging/1.2/commons-logging-1.2.jar:/home/runner/.m2/repository/log4j/log4j/1.2.17/log4j-1.2.17.jar:/home/runner/.m2/repository/org/slf4j/slf4j-api/1.7.30/slf4j-api-1.7.30.jar:/home/runner/.m2/repository/org/apache/ozone/hdds-server-scm/1.2.0-SNAPSHOT/hdds-server-scm-1.2.0-SNAPSHOT.jar:/home/runner/.m2/repository/org/apache/ozone/hdds-container-service/1.2.0-SNAPSHOT/hdds-container-service-1.2.0-SNAPSHOT.jar:/home/runner/.m2/repository/org/apache/ozone/hdds-hadoop-dependency-server/1.2.0-SNAPSHOT/hdds-hadoop-dependency-server-1.2.0-SNAPSHOT.jar:/home/runner/.m2/repository/org/apache/hadoop/hadoop-hdfs/3.3.1/hadoop-hdfs-3.3.1.jar:/home/runner/.m2/repository/io/dropwizard/metrics/metrics-core/3.2.4/metrics-core-3.2.4.jar:/home/runner/.m2/repository/org/apache/hadoop/hadoop-hdfs-client/3.3.1/hadoop-hdfs-client-3.3.1.jar:/home/runner/.m2/repository/org/bouncycastle/bcprov-jdk15on/1.67/bcprov-jdk15on-1.67.jar:/home/runner/.m2/repository/com/google/protobuf/protobuf-java/2.5.0/protobuf-java-2.5.0.jar:/home/runner/.m2/repository/org/apache/ozone/ozone-manager/1.2.0-SNAPSHOT/ozone-manager-1.2.0-SNAPSHOT.jar:/home/runner/.m2/repository/org/aspectj/aspectjrt/1.8.9/aspectjrt-1.8.9.jar:/home/runner/.m2/repository/org/aspectj/aspectjweaver/1.8.9/aspectjweaver-1.8.9.jar:/home/runner/.m2/repository/org/apache/ozone/hdds-interface-client/1.2.0-SNAPSHOT/hdds-interface-client-1.2.0-SNAPSHOT.jar:/home/runner/.m2/repository/org/apache/hadoop/thirdparty/hadoop-shaded-protobuf_3_7/1.1.1/hadoop-shaded-protobuf_3_7-1.1.1.jar:/home/runner/.m2/repository/org/apache/ratis/ratis-thirdparty-misc/0.7.0/ratis-thirdparty-misc-0.7.0.jar:/home/runner/.m2/repository/org/apache/ozone/ozone-interface-storage/1.2.0-SNAPSHOT/ozone-interface-storage-1.2.0-SNAPSHOT.jar:/home/runner/.m2/repository/org/reflections/reflections/0.9.11/reflections-0.9.11.jar:/home/runner/.m2/repository/org/apache/hadoop/hadoop-minikdc/3.3.1/hadoop-minikdc-3.3.1.jar:/home/runner/.m2/repository/org/apache/kerby/kerb-simplekdc/1.0.1/kerb-simplekdc-1.0.1.jar:/home/runner/.m2/repository/org/apache/kerby/kerb-client/1.0.1/kerb-client-1.0.1.jar:/home/runner/.m2/repository/org/apache/kerby/kerby-config/1.0.1/kerby-config-1.0.1.jar:/home/runner/.m2/repository/org/apache/kerby/kerb-common/1.0.1/kerb-common-1.0.1.jar:/home/runner/.m2/repository/org/apache/kerby/kerb-crypto/1.0.1/kerb-crypto-1.0.1.jar:/home/runner/.m2/repository/org/apache/kerby/kerb-util/1.0.1/kerb-util-1.0.1.jar:/home/runner/.m2/repository/org/apache/kerby/token-provider/1.0.1/token-provider-1.0.1.jar:/home/runner/.m2/repository/org/apache/kerby/kerb-admin/1.0.1/kerb-admin-1.0.1.jar:/home/runner/.m2/repository/org/apache/kerby/kerb-server/1.0.1/kerb-server-1.0.1.jar:/home/runner/.m2/repository/org/apache/kerby/kerb-identity/1.0.1/kerb-identity-1.0.1.jar:/home/runner/.m2/repository/org/apache/kerby/kerby-xdr/1.0.1/kerby-xdr-1.0.1.jar:/home/runner/.m2/repository/org/slf4j/slf4j-log4j12/1.7.30/slf4j-log4j12-1.7.30.jar:/home/runner/.m2/repository/org/apache/ozone/ozone-s3gateway/1.2.0-SNAPSHOT/ozone-s3gateway-1.2.0-SNAPSHOT.jar:/home/runner/.m2/repository/org/javassist/javassist/3.21.0-GA/javassist-3.21.0-GA.jar:/home/runner/.m2/repository/org/jboss/weld/servlet/weld-servlet/2.4.7.Final/weld-servlet-2.4.7.Final.jar:/home/runner/.m2/repository/org/glassfish/jersey/containers/jersey-container-servlet-core/2.33/jersey-container-servlet-core-2.33.jar:/home/runner/.m2/repository/org/glassfish/hk2/external/jakarta.inject/2.6.1/jakarta.inject-2.6.1.jar:/home/runner/.m2/repository/org/glassfish/jersey/core/jersey-common/2.33/jersey-common-2.33.jar:/home/runner/.m2/repository/jakarta/ws/rs/jakarta.ws.rs-api/2.1.6/jakarta.ws.rs-api-2.1.6.jar:/home/runner/.m2/repository/org/glassfish/jersey/ext/cdi/jersey-cdi1x/2.33/jersey-cdi1x-2.33.jar:/home/runner/.m2/repository/org/glassfish/jersey/inject/jersey-hk2/2.33/jersey-hk2-2.33.jar:/home/runner/.m2/repository/org/glassfish/hk2/hk2-locator/2.6.1/hk2-locator-2.6.1.jar:/home/runner/.m2/repository/org/glassfish/jersey/media/jersey-media-jaxb/2.33/jersey-media-jaxb-2.33.jar:/home/runner/.m2/repository/org/glassfish/hk2/osgi-resource-locator/1.0.3/osgi-resource-locator-1.0.3.jar:/home/runner/.m2/repository/org/glassfish/hk2/hk2-api/2.5.0/hk2-api-2.5.0.jar:/home/runner/.m2/repository/org/glassfish/hk2/hk2-utils/2.5.0/hk2-utils-2.5.0.jar:/home/runner/.m2/repository/org/glassfish/hk2/external/aopalliance-repackaged/2.5.0/aopalliance-repackaged-2.5.0.jar:/home/runner/.m2/repository/com/fasterxml/jackson/dataformat/jackson-dataformat-xml/2.12.1/jackson-dataformat-xml-2.12.1.jar:/home/runner/.m2/repository/com/fasterxml/jackson/core/jackson-core/2.12.1/jackson-core-2.12.1.jar:/home/runner/.m2/repository/com/fasterxml/jackson/module/jackson-module-jaxb-annotations/2.12.1/jackson-module-jaxb-annotations-2.12.1.jar:/home/runner/.m2/repository/jakarta/xml/bind/jakarta.xml.bind-api/2.3.2/jakarta.xml.bind-api-2.3.2.jar:/home/runner/.m2/repository/org/codehaus/woodstox/stax2-api/3.1.4/stax2-api-3.1.4.jar:/home/runner/.m2/repository/com/fasterxml/woodstox/woodstox-core/5.0.3/woodstox-core-5.0.3.jar:/home/runner/.m2/repository/javax/enterprise/cdi-api/1.2/cdi-api-1.2.jar:/home/runner/.m2/repository/javax/el/javax.el-api/3.0.0/javax.el-api-3.0.0.jar:/home/runner/.m2/repository/javax/interceptor/javax.interceptor-api/1.2/javax.interceptor-api-1.2.jar:/home/runner/.m2/repository/javax/inject/javax.inject/1/javax.inject-1.jar:/home/runner/.m2/repository/javax/xml/bind/jaxb-api/2.3.0/jaxb-api-2.3.0.jar:/home/runner/.m2/repository/org/glassfish/jaxb/jaxb-runtime/2.3.0.1/jaxb-runtime-2.3.0.1.jar:/home/runner/.m2/repository/org/glassfish/jaxb/jaxb-core/2.3.0.1/jaxb-core-2.3.0.1.jar:/home/runner/.m2/repository/org/glassfish/jaxb/txw2/2.3.0.1/txw2-2.3.0.1.jar:/home/runner/.m2/repository/com/sun/istack/istack-commons-runtime/3.0.5/istack-commons-runtime-3.0.5.jar:/home/runner/.m2/repository/org/jvnet/staxex/stax-ex/1.7.8/stax-ex-1.7.8.jar:/home/runner/.m2/repository/com/sun/xml/fastinfoset/FastInfoset/1.2.13/FastInfoset-1.2.13.jar:/home/runner/.m2/repository/javax/activation/activation/1.1.1/activation-1.1.1.jar:/home/runner/.m2/repository/org/apache/ozone/ozone-csi/1.2.0-SNAPSHOT/ozone-csi-1.2.0-SNAPSHOT.jar:/home/runner/.m2/repository/com/google/protobuf/protobuf-java-util/3.12.0/protobuf-java-util-3.12.0.jar:/home/runner/.m2/repository/com/google/code/gson/gson/2.2.4/gson-2.2.4.jar:/home/runner/.m2/repository/org/apache/ozone/hdds-config/1.2.0-SNAPSHOT/hdds-config-1.2.0-SNAPSHOT.jar:/home/runner/.m2/repository/io/grpc/grpc-netty/1.33.0/grpc-netty-1.33.0.jar:/home/runner/.m2/repository/io/grpc/grpc-core/1.33.0/grpc-core-1.33.0.jar:/home/runner/.m2/repository/com/google/android/annotations/4.1.1.4/annotations-4.1.1.4.jar:/home/runner/.m2/repository/io/netty/netty-codec-http2/4.1.63.Final/netty-codec-http2-4.1.63.Final.jar:/home/runner/.m2/repository/io/netty/netty-codec-http/4.1.63.Final/netty-codec-http-4.1.63.Final.jar:/home/runner/.m2/repository/io/netty/netty-handler-proxy/4.1.63.Final/netty-handler-proxy-4.1.63.Final.jar:/home/runner/.m2/repository/io/netty/netty-codec-socks/4.1.63.Final/netty-codec-socks-4.1.63.Final.jar:/home/runner/.m2/repository/io/perfmark/perfmark-api/0.19.0/perfmark-api-0.19.0.jar:/home/runner/.m2/repository/org/codehaus/mojo/animal-sniffer-annotations/1.18/animal-sniffer-annotations-1.18.jar:/home/runner/.m2/repository/io/netty/netty-transport-native-epoll/4.1.63.Final/netty-transport-native-epoll-4.1.63.Final.jar:/home/runner/.m2/repository/io/netty/netty-common/4.1.63.Final/netty-common-4.1.63.Final.jar:/home/runner/.m2/repository/io/netty/netty-buffer/4.1.63.Final/netty-buffer-4.1.63.Final.jar:/home/runner/.m2/repository/io/netty/netty-transport-native-unix-common/4.1.63.Final/netty-transport-native-unix-common-4.1.63.Final.jar:/home/runner/.m2/repository/io/grpc/grpc-protobuf/1.33.0/grpc-protobuf-1.33.0.jar:/home/runner/.m2/repository/io/grpc/grpc-api/1.33.0/grpc-api-1.33.0.jar:/home/runner/.m2/repository/io/grpc/grpc-context/1.33.0/grpc-context-1.33.0.jar:/home/runner/.m2/repository/com/google/api/grpc/proto-google-common-protos/1.17.0/proto-google-common-protos-1.17.0.jar:/home/runner/.m2/repository/io/grpc/grpc-protobuf-lite/1.33.0/grpc-protobuf-lite-1.33.0.jar:/home/runner/.m2/repository/io/grpc/grpc-stub/1.33.0/grpc-stub-1.33.0.jar:/home/runner/.m2/repository/org/apache/ozone/ozone-recon/1.2.0-SNAPSHOT/ozone-recon-1.2.0-SNAPSHOT.jar:/home/runner/.m2/repository/org/apache/ozone/ozone-reconcodegen/1.2.0-SNAPSHOT/ozone-reconcodegen-1.2.0-SNAPSHOT.jar:/home/runner/.m2/repository/com/google/inject/extensions/guice-multibindings/4.0/guice-multibindings-4.0.jar:/home/runner/.m2/repository/com/google/inject/guice/4.0/guice-4.0.jar:/home/runner/.m2/repository/aopalliance/aopalliance/1.0/aopalliance-1.0.jar:/home/runner/.m2/repository/com/google/inject/extensions/guice-assistedinject/4.0/guice-assistedinject-4.0.jar:/home/runner/.m2/repository/com/google/inject/extensions/guice-servlet/4.0/guice-servlet-4.0.jar:/home/runner/.m2/repository/org/glassfish/jersey/containers/jersey-container-servlet/2.33/jersey-container-servlet-2.33.jar:/home/runner/.m2/repository/org/glassfish/hk2/guice-bridge/2.5.0/guice-bridge-2.5.0.jar:/home/runner/.m2/repository/org/glassfish/jersey/core/jersey-server/2.33/jersey-server-2.33.jar:/home/runner/.m2/repository/org/glassfish/jersey/core/jersey-client/2.33/jersey-client-2.33.jar:/home/runner/.m2/repository/jakarta/annotation/jakarta.annotation-api/1.3.5/jakarta.annotation-api-1.3.5.jar:/home/runner/.m2/repository/jakarta/validation/jakarta.validation-api/2.0.2/jakarta.validation-api-2.0.2.jar:/home/runner/.m2/repository/org/glassfish/jersey/media/jersey-media-json-jackson/2.33/jersey-media-json-jackson-2.33.jar:/home/runner/.m2/repository/org/glassfish/jersey/ext/jersey-entity-filtering/2.33/jersey-entity-filtering-2.33.jar:/home/runner/.m2/repository/org/jooq/jooq/3.11.10/jooq-3.11.10.jar:/home/runner/.m2/repository/org/jooq/jooq-meta/3.11.10/jooq-meta-3.11.10.jar:/home/runner/.m2/repository/org/jooq/jooq-codegen/3.11.10/jooq-codegen-3.11.10.jar:/home/runner/.m2/repository/com/jolbox/bonecp/0.8.0.RELEASE/bonecp-0.8.0.RELEASE.jar:/home/runner/.m2/repository/org/apache/derby/derby/10.14.2.0/derby-10.14.2.0.jar:/home/runner/.m2/repository/org/xerial/sqlite-jdbc/3.25.2/sqlite-jdbc-3.25.2.jar:/home/runner/.m2/repository/org/springframework/spring-jdbc/5.2.11.RELEASE/spring-jdbc-5.2.11.RELEASE.jar:/home/runner/.m2/repository/org/springframework/spring-beans/5.2.11.RELEASE/spring-beans-5.2.11.RELEASE.jar:/home/runner/.m2/repository/org/springframework/spring-core/5.2.11.RELEASE/spring-core-5.2.11.RELEASE.jar:/home/runner/.m2/repository/org/springframework/spring-jcl/5.2.11.RELEASE/spring-jcl-5.2.11.RELEASE.jar:/home/runner/.m2/repository/org/springframework/spring-tx/5.2.11.RELEASE/spring-tx-5.2.11.RELEASE.jar:/home/runner/.m2/repository/org/apache/ozone/ozone-client/1.2.0-SNAPSHOT/ozone-client-1.2.0-SNAPSHOT.jar:/home/runner/.m2/repository/org/apache/ozone/ozone-filesystem/1.2.0-SNAPSHOT/ozone-filesystem-1.2.0-SNAPSHOT.jar:/home/runner/.m2/repository/org/apache/ozone/ozone-filesystem-common/1.2.0-SNAPSHOT/ozone-filesystem-common-1.2.0-SNAPSHOT.jar:/home/runner/.m2/repository/org/apache/ozone/ozone-tools/1.2.0-SNAPSHOT/ozone-tools-1.2.0-SNAPSHOT.jar:/home/runner/.m2/repository/org/apache/ratis/ratis-tools/2.1.0-03f3b68-SNAPSHOT/ratis-tools-2.1.0-03f3b68-SNAPSHOT.jar:/home/runner/.m2/repository/org/apache/ratis/ratis-proto/2.1.0-03f3b68-SNAPSHOT/ratis-proto-2.1.0-03f3b68-SNAPSHOT.jar:/home/runner/.m2/repository/org/apache/ratis/ratis-common/2.1.0-03f3b68-SNAPSHOT/ratis-common-2.1.0-03f3b68-SNAPSHOT.jar:/home/runner/.m2/repository/com/amazonaws/aws-java-sdk-core/1.11.901/aws-java-sdk-core-1.11.901.jar:/home/runner/.m2/repository/org/apache/httpcomponents/httpclient/4.5.13/httpclient-4.5.13.jar:/home/runner/.m2/repository/org/apache/httpcomponents/httpcore/4.4.13/httpcore-4.4.13.jar:/home/runner/.m2/repository/software/amazon/ion/ion-java/1.0.2/ion-java-1.0.2.jar:/home/runner/.m2/repository/com/fasterxml/jackson/dataformat/jackson-dataformat-cbor/2.12.1/jackson-dataformat-cbor-2.12.1.jar:/home/runner/.m2/repository/joda-time/joda-time/2.8.1/joda-time-2.8.1.jar:/home/runner/.m2/repository/com/amazonaws/aws-java-sdk-s3/1.11.901/aws-java-sdk-s3-1.11.901.jar:/home/runner/.m2/repository/com/amazonaws/aws-java-sdk-kms/1.11.901/aws-java-sdk-kms-1.11.901.jar:/home/runner/.m2/repository/com/amazonaws/jmespath-java/1.11.901/jmespath-java-1.11.901.jar:/home/runner/.m2/repository/org/kohsuke/metainf-services/metainf-services/1.8/metainf-services-1.8.jar:/home/runner/.m2/repository/org/apache/ozone/hdds-tools/1.2.0-SNAPSHOT/hdds-tools-1.2.0-SNAPSHOT.jar:/home/runner/.m2/repository/commons-cli/commons-cli/1.2/commons-cli-1.2.jar:/home/runner/.m2/repository/org/apache/commons/commons-lang3/3.7/commons-lang3-3.7.jar:/home/runner/.m2/repository/org/apache/ozone/ozone-manager/1.2.0-SNAPSHOT/ozone-manager-1.2.0-SNAPSHOT-tests.jar:/home/runner/.m2/repository/org/apache/ozone/hdds-common/1.2.0-SNAPSHOT/hdds-common-1.2.0-SNAPSHOT-tests.jar:/home/runner/.m2/repository/org/apache/ozone/hdds-hadoop-dependency-client/1.2.0-SNAPSHOT/hdds-hadoop-dependency-client-1.2.0-SNAPSHOT.jar:/home/runner/.m2/repository/info/picocli/picocli/4.4.0/picocli-4.4.0.jar:/home/runner/.m2/repository/com/fasterxml/jackson/core/jackson-annotations/2.12.1/jackson-annotations-2.12.1.jar:/home/runner/.m2/repository/javax/annotation/javax.annotation-api/1.2/javax.annotation-api-1.2.jar:/home/runner/.m2/repository/org/apache/ratis/ratis-server/2.1.0-03f3b68-SNAPSHOT/ratis-server-2.1.0-03f3b68-SNAPSHOT.jar:/home/runner/.m2/repository/org/apache/ratis/ratis-client/2.1.0-03f3b68-SNAPSHOT/ratis-client-2.1.0-03f3b68-SNAPSHOT.jar:/home/runner/.m2/repository/org/apache/ratis/ratis-server-api/2.1.0-03f3b68-SNAPSHOT/ratis-server-api-2.1.0-03f3b68-SNAPSHOT.jar:/home/runner/.m2/repository/org/apache/ratis/ratis-metrics/2.1.0-03f3b68-SNAPSHOT/ratis-metrics-2.1.0-03f3b68-SNAPSHOT.jar:/home/runner/.m2/repository/org/apache/ratis/ratis-netty/2.1.0-03f3b68-SNAPSHOT/ratis-netty-2.1.0-03f3b68-SNAPSHOT.jar:/home/runner/.m2/repository/org/apache/ratis/ratis-grpc/2.1.0-03f3b68-SNAPSHOT/ratis-grpc-2.1.0-03f3b68-SNAPSHOT.jar:/home/runner/.m2/repository/org/apache/logging/log4j/log4j-api/2.13.3/log4j-api-2.13.3.jar:/home/runner/.m2/repository/org/apache/logging/log4j/log4j-core/2.13.3/log4j-core-2.13.3.jar:/home/runner/.m2/repository/com/lmax/disruptor/3.4.2/disruptor-3.4.2.jar:/home/runner/.m2/repository/org/apache/commons/commons-pool2/2.6.0/commons-pool2-2.6.0.jar:/home/runner/.m2/repository/org/bouncycastle/bcpkix-jdk15on/1.67/bcpkix-jdk15on-1.67.jar:/home/runner/.m2/repository/commons-validator/commons-validator/1.6/commons-validator-1.6.jar:/home/runner/.m2/repository/commons-beanutils/commons-beanutils/1.9.4/commons-beanutils-1.9.4.jar:/home/runner/.m2/repository/commons-digester/commons-digester/1.8.1/commons-digester-1.8.1.jar:/home/runner/.m2/repository/commons-collections/commons-collections/3.2.2/commons-collections-3.2.2.jar:/home/runner/.m2/repository/io/jaegertracing/jaeger-client/1.6.0/jaeger-client-1.6.0.jar:/home/runner/.m2/repository/io/jaegertracing/jaeger-thrift/1.6.0/jaeger-thrift-1.6.0.jar:/home/runner/.m2/repository/org/apache/thrift/libthrift/0.14.1/libthrift-0.14.1.jar:/home/runner/.m2/repository/com/squareup/okhttp3/okhttp/4.9.0/okhttp-4.9.0.jar:/home/runner/.m2/repository/com/squareup/okio/okio/2.8.0/okio-2.8.0.jar:/home/runner/.m2/repository/io/jaegertracing/jaeger-core/1.6.0/jaeger-core-1.6.0.jar:/home/runner/.m2/repository/io/jaegertracing/jaeger-tracerresolver/1.6.0/jaeger-tracerresolver-1.6.0.jar:/home/runner/.m2/repository/io/opentracing/contrib/opentracing-tracerresolver/0.1.8/opentracing-tracerresolver-0.1.8.jar:/home/runner/.m2/repository/org/jetbrains/kotlin/kotlin-stdlib/1.4.31/kotlin-stdlib-1.4.31.jar:/home/runner/.m2/repository/org/jetbrains/kotlin/kotlin-stdlib-common/1.4.31/kotlin-stdlib-common-1.4.31.jar:/home/runner/.m2/repository/org/jetbrains/annotations/13.0/annotations-13.0.jar:/home/runner/.m2/repository/io/opentracing/opentracing-util/0.33.0/opentracing-util-0.33.0.jar:/home/runner/.m2/repository/io/opentracing/opentracing-api/0.33.0/opentracing-api-0.33.0.jar:/home/runner/.m2/repository/io/opentracing/opentracing-noop/0.33.0/opentracing-noop-0.33.0.jar:/home/runner/.m2/repository/org/yaml/snakeyaml/1.26/snakeyaml-1.26.jar:/home/runner/.m2/repository/org/apache/ozone/hdds-interface-admin/1.2.0-SNAPSHOT/hdds-interface-admin-1.2.0-SNAPSHOT.jar:/home/runner/.m2/repository/junit/junit/4.13.1/junit-4.13.1.jar:/home/runner/.m2/repository/org/hamcrest/hamcrest-core/1.3/hamcrest-core-1.3.jar:/home/runner/.m2/repository/org/junit/jupiter/junit-jupiter-api/5.7.0/junit-jupiter-api-5.7.0.jar:/home/runner/.m2/repository/org/apiguardian/apiguardian-api/1.1.0/apiguardian-api-1.1.0.jar:/home/runner/.m2/repository/org/opentest4j/opentest4j/1.2.0/opentest4j-1.2.0.jar:/home/runner/.m2/repository/org/junit/platform/junit-platform-commons/1.7.0/junit-platform-commons-1.7.0.jar:/home/runner/.m2/repository/org/junit/jupiter/junit-jupiter-engine/5.7.0/junit-jupiter-engine-5.7.0.jar:/home/runner/.m2/repository/org/junit/platform/junit-platform-engine/1.7.0/junit-platform-engine-1.7.0.jar:/home/runner/.m2/repository/org/junit/vintage/junit-vintage-engine/5.7.0/junit-vintage-engine-5.7.0.jar:/home/runner/.m2/repository/org/junit/platform/junit-platform-launcher/1.7.0/junit-platform-launcher-1.7.0.jar:/home/runner/.m2/repository/org/openjdk/jmh/jmh-core/1.19/jmh-core-1.19.jar:/home/runner/.m2/repository/net/sf/jopt-simple/jopt-simple/4.6/jopt-simple-4.6.jar:/home/runner/.m2/repository/org/apache/commons/commons-math3/3.1.1/commons-math3-3.1.1.jar:/home/runner/.m2/repository/org/openjdk/jmh/jmh-generator-annprocess/1.19/jmh-generator-annprocess-1.19.jar:/home/runner/.m2/repository/org/mockito/mockito-core/2.28.2/mockito-core-2.28.2.jar:/home/runner/.m2/repository/net/bytebuddy/byte-buddy/1.9.10/byte-buddy-1.9.10.jar:/home/runner/.m2/repository/net/bytebuddy/byte-buddy-agent/1.9.10/byte-buddy-agent-1.9.10.jar:/home/runner/.m2/repository/org/objenesis/objenesis/1.0/objenesis-1.0.jar:/home/runner/.m2/repository/org/apache/hadoop/hadoop-kms/3.3.1/hadoop-kms-3.3.1.jar:/home/runner/.m2/repository/org/apache/hadoop/hadoop-auth/3.3.1/hadoop-auth-3.3.1.jar:/home/runner/.m2/repository/com/nimbusds/nimbus-jose-jwt/7.9/nimbus-jose-jwt-7.9.jar:/home/runner/.m2/repository/com/github/stephenc/jcip/jcip-annotations/1.0-1/jcip-annotations-1.0-1.jar:/home/runner/.m2/repository/net/minidev/json-smart/2.3/json-smart-2.3.jar:/home/runner/.m2/repository/net/minidev/accessors-smart/1.2/accessors-smart-1.2.jar:/home/runner/.m2/repository/org/ow2/asm/asm/5.0.4/asm-5.0.4.jar:/home/runner/.m2/repository/org/apache/zookeeper/zookeeper/3.5.6/zookeeper-3.5.6.jar:/home/runner/.m2/repository/org/apache/zookeeper/zookeeper-jute/3.5.6/zookeeper-jute-3.5.6.jar:/home/runner/.m2/repository/org/apache/yetus/audience-annotations/0.5.0/audience-annotations-0.5.0.jar:/home/runner/.m2/repository/org/apache/curator/curator-framework/4.2.0/curator-framework-4.2.0.jar:/home/runner/.m2/repository/org/apache/hadoop/thirdparty/hadoop-shaded-guava/1.1.1/hadoop-shaded-guava-1.1.1.jar:/home/runner/.m2/repository/com/sun/jersey/jersey-core/1.19/jersey-core-1.19.jar:/home/runner/.m2/repository/javax/ws/rs/jsr311-api/1.1.1/jsr311-api-1.1.1.jar:/home/runner/.m2/repository/com/sun/jersey/jersey-server/1.19/jersey-server-1.19.jar:/home/runner/.m2/repository/javax/servlet/javax.servlet-api/3.1.0/javax.servlet-api-3.1.0.jar:/home/runner/.m2/repository/org/eclipse/jetty/jetty-server/9.4.43.v20210629/jetty-server-9.4.43.v20210629.jar:/home/runner/.m2/repository/org/eclipse/jetty/jetty-http/9.4.43.v20210629/jetty-http-9.4.43.v20210629.jar:/home/runner/.m2/repository/org/eclipse/jetty/jetty-io/9.4.43.v20210629/jetty-io-9.4.43.v20210629.jar:/home/runner/.m2/repository/org/eclipse/jetty/jetty-webapp/9.4.43.v20210629/jetty-webapp-9.4.43.v20210629.jar:/home/runner/.m2/repository/org/eclipse/jetty/jetty-xml/9.4.43.v20210629/jetty-xml-9.4.43.v20210629.jar:/home/runner/.m2/repository/org/apache/hadoop/hadoop-common/3.3.1/hadoop-common-3.3.1.jar:/home/runner/.m2/repository/commons-net/commons-net/3.6/commons-net-3.6.jar:/home/runner/.m2/repository/jakarta/activation/jakarta.activation-api/1.2.1/jakarta.activation-api-1.2.1.jar:/home/runner/.m2/repository/com/sun/jersey/jersey-servlet/1.19/jersey-servlet-1.19.jar:/home/runner/.m2/repository/com/sun/jersey/jersey-json/1.19/jersey-json-1.19.jar:/home/runner/.m2/repository/org/codehaus/jettison/jettison/1.1/jettison-1.1.jar:/home/runner/.m2/repository/com/sun/xml/bind/jaxb-impl/2.2.3-1/jaxb-impl-2.2.3-1.jar:/home/runner/.m2/repository/org/codehaus/jackson/jackson-jaxrs/1.9.2/jackson-jaxrs-1.9.2.jar:/home/runner/.m2/repository/org/codehaus/jackson/jackson-xc/1.9.2/jackson-xc-1.9.2.jar:/home/runner/.m2/repository/org/apache/commons/commons-configuration2/2.1.1/commons-configuration2-2.1.1.jar:/home/runner/.m2/repository/org/apache/commons/commons-text/1.4/commons-text-1.4.jar:/home/runner/.m2/repository/com/google/re2j/re2j/1.1/re2j-1.1.jar:/home/runner/.m2/repository/com/jcraft/jsch/0.1.54/jsch-0.1.54.jar:/home/runner/.m2/repository/org/apache/curator/curator-client/4.2.0/curator-client-4.2.0.jar:/home/runner/.m2/repository/org/apache/curator/curator-recipes/4.2.0/curator-recipes-4.2.0.jar:/home/runner/.m2/repository/org/apache/kerby/kerb-core/1.0.1/kerb-core-1.0.1.jar:/home/runner/.m2/repository/org/apache/kerby/kerby-pkix/1.0.1/kerby-pkix-1.0.1.jar:/home/runner/.m2/repository/org/apache/kerby/kerby-asn1/1.0.1/kerby-asn1-1.0.1.jar:/home/runner/.m2/repository/org/apache/kerby/kerby-util/1.0.1/kerby-util-1.0.1.jar:/home/runner/.m2/repository/dnsjava/dnsjava/2.1.7/dnsjava-2.1.7.jar:/home/runner/.m2/repository/org/xerial/snappy/snappy-java/1.1.8.2/snappy-java-1.1.8.2.jar:/home/runner/.m2/repository/org/slf4j/jul-to-slf4j/1.7.30/jul-to-slf4j-1.7.30.jar:/home/runner/.m2/repository/org/eclipse/jetty/jetty-util/9.4.43.v20210629/jetty-util-9.4.43.v20210629.jar:/home/runner/.m2/repository/com/fasterxml/jackson/core/jackson-databind/2.12.1/jackson-databind-2.12.1.jar:/home/runner/.m2/repository/org/apache/hadoop/hadoop-kms/3.3.1/hadoop-kms-3.3.1-tests.jar:/home/runner/.m2/repository/org/apache/ozone/hdds-server-scm/1.2.0-SNAPSHOT/hdds-server-scm-1.2.0-SNAPSHOT-tests.jar:/home/runner/.m2/repository/org/apache/ozone/hdds-container-service/1.2.0-SNAPSHOT/hdds-container-service-1.2.0-SNAPSHOT-tests.jar:/home/runner/.m2/repository/commons-codec/commons-codec/1.11/commons-codec-1.11.jar:/home/runner/.m2/repository/io/netty/netty-transport/4.1.63.Final/netty-transport-4.1.63.Final.jar:/home/runner/.m2/repository/io/netty/netty-resolver/4.1.63.Final/netty-resolver-4.1.63.Final.jar:/home/runner/.m2/repository/io/netty/netty-codec/4.1.63.Final/netty-codec-4.1.63.Final.jar:/home/runner/.m2/repository/io/netty/netty-handler/4.1.63.Final/netty-handler-4.1.63.Final.jar:/home/runner/.m2/repository/org/apache/ozone/hdds-hadoop-dependency-test/1.2.0-SNAPSHOT/hdds-hadoop-dependency-test-1.2.0-SNAPSHOT.jar:/home/runner/.m2/repository/org/apache/hadoop/hadoop-common/3.3.1/hadoop-common-3.3.1-tests.jar:/home/runner/.m2/repository/org/assertj/assertj-core/3.12.2/assertj-core-3.12.2.jar:/home/runner/.m2/repository/org/apache/hadoop/hadoop-hdfs/3.3.1/hadoop-hdfs-3.3.1-tests.jar:/home/runner/.m2/repository/org/eclipse/jetty/jetty-util-ajax/9.4.43.v20210629/jetty-util-ajax-9.4.43.v20210629.jar:/home/runner/.m2/repository/commons-daemon/commons-daemon/1.0.13/commons-daemon-1.0.13.jar:/home/runner/.m2/repository/io/netty/netty/3.10.6.Final/netty-3.10.6.Final.jar:/home/runner/.m2/repository/io/netty/netty-all/4.1.63.Final/netty-all-4.1.63.Final.jar:/home/runner/.m2/repository/org/apache/htrace/htrace-core4/4.1.0-incubating/htrace-core4-4.1.0-incubating.jar:/home/runner/.m2/repository/org/fusesource/leveldbjni/leveldbjni-all/1.8/leveldbjni-all-1.8.jar:/home/runner/.m2/repository/org/apache/hadoop/hadoop-distcp/3.3.1/hadoop-distcp-3.3.1.jar:/home/runner/.m2/repository/org/apache/hadoop/hadoop-mapreduce-client-jobclient/3.3.1/hadoop-mapreduce-client-jobclient-3.3.1.jar:/home/runner/.m2/repository/org/apache/hadoop/hadoop-mapreduce-client-common/3.3.1/hadoop-mapreduce-client-common-3.3.1.jar:/home/runner/.m2/repository/org/apache/hadoop/hadoop-yarn-common/3.3.1/hadoop-yarn-common-3.3.1.jar:/home/runner/.m2/repository/org/apache/hadoop/hadoop-yarn-api/3.3.1/hadoop-yarn-api-3.3.1.jar:/home/runner/.m2/repository/com/sun/jersey/jersey-client/1.19/jersey-client-1.19.jar:/home/runner/.m2/repository/com/sun/jersey/contribs/jersey-guice/1.19/jersey-guice-1.19.jar:/home/runner/.m2/repository/com/fasterxml/jackson/jaxrs/jackson-jaxrs-json-provider/2.12.1/jackson-jaxrs-json-provider-2.12.1.jar:/home/runner/.m2/repository/com/fasterxml/jackson/jaxrs/jackson-jaxrs-base/2.12.1/jackson-jaxrs-base-2.12.1.jar:/home/runner/.m2/repository/org/apache/hadoop/hadoop-yarn-client/3.3.1/hadoop-yarn-client-3.3.1.jar:/home/runner/.m2/repository/org/eclipse/jetty/websocket/websocket-client/9.4.40.v20210413/websocket-client-9.4.40.v20210413.jar:/home/runner/.m2/repository/org/eclipse/jetty/jetty-client/9.4.40.v20210413/jetty-client-9.4.40.v20210413.jar:/home/runner/.m2/repository/org/eclipse/jetty/websocket/websocket-common/9.4.40.v20210413/websocket-common-9.4.40.v20210413.jar:/home/runner/.m2/repository/org/eclipse/jetty/websocket/websocket-api/9.4.40.v20210413/websocket-api-9.4.40.v20210413.jar:/home/runner/.m2/repository/org/jline/jline/3.9.0/jline-3.9.0.jar:/home/runner/.m2/repository/org/apache/hadoop/hadoop-mapreduce-client-core/3.3.1/hadoop-mapreduce-client-core-3.3.1.jar:/home/runner/.m2/repository/org/apache/avro/avro/1.7.7/avro-1.7.7.jar:/home/runner/.m2/repository/org/codehaus/jackson/jackson-core-asl/1.9.13/jackson-core-asl-1.9.13.jar:/home/runner/.m2/repository/org/codehaus/jackson/jackson-mapper-asl/1.9.13/jackson-mapper-asl-1.9.13.jar:/home/runner/.m2/repository/com/thoughtworks/paranamer/paranamer/2.3/paranamer-2.3.jar:/home/runner/.m2/repository/org/apache/hadoop/hadoop-annotations/3.3.1/hadoop-annotations-3.3.1.jar:/usr/lib/jvm/adoptopenjdk-8-hotspot-amd64/jre/../lib/tools.jar:/home/runner/.m2/repository/org/apache/hadoop/hadoop-distcp/3.3.1/hadoop-distcp-3.3.1-tests.jar:"/>
    <property name="java.vm.vendor" value="AdoptOpenJDK"/>
    <property name="sun.arch.data.model" value="64"/>
    <property name="test.build.dir" value="/home/runner/work/ozone/ozone/hadoop-ozone/integration-test/target/test-dir"/>
    <property name="test.cache.data" value=""/>
    <property name="java.vendor.url" value="https://adoptopenjdk.net/"/>
    <property name="user.timezone" value=""/>
    <property name="java.vm.specification.version" value="1.8"/>
    <property name="os.name" value="Linux"/>
    <property name="test.build.data" value="/home/runner/work/ozone/ozone/hadoop-ozone/integration-test/target/test-dir"/>
    <property name="sun.java.launcher" value="SUN_STANDARD"/>
    <property name="sun.boot.library.path" value="/usr/lib/jvm/adoptopenjdk-8-hotspot-amd64/jre/lib/amd64"/>
    <property name="sun.java.command" value="/home/runner/work/ozone/ozone/hadoop-ozone/integration-test/target/surefire/surefirebooter1677101644999124538.jar /home/runner/work/ozone/ozone/hadoop-ozone/integration-test/target/surefire 2021-08-16T00-55-11_377-jvmRun1 surefire3847626081163199647tmp surefire_547370491260792704135tmp"/>
    <property name="surefire.test.class.path" value="/home/runner/work/ozone/ozone/hadoop-ozone/integration-test/target/test-classes:/home/runner/work/ozone/ozone/hadoop-ozone/integration-test/target/classes:/home/runner/.m2/repository/org/apache/ozone/ozone-common/1.2.0-SNAPSHOT/ozone-common-1.2.0-SNAPSHOT.jar:/home/runner/.m2/repository/org/apache/commons/commons-compress/1.20/commons-compress-1.20.jar:/home/runner/.m2/repository/org/apache/ozone/hdds-common/1.2.0-SNAPSHOT/hdds-common-1.2.0-SNAPSHOT.jar:/home/runner/.m2/repository/org/apache/ozone/hdds-client/1.2.0-SNAPSHOT/hdds-client-1.2.0-SNAPSHOT.jar:/home/runner/.m2/repository/org/apache/ozone/ozone-interface-client/1.2.0-SNAPSHOT/ozone-interface-client-1.2.0-SNAPSHOT.jar:/home/runner/.m2/repository/org/apache/ozone/hdds-server-framework/1.2.0-SNAPSHOT/hdds-server-framework-1.2.0-SNAPSHOT.jar:/home/runner/.m2/repository/org/apache/ozone/hdds-interface-server/1.2.0-SNAPSHOT/hdds-interface-server-1.2.0-SNAPSHOT.jar:/home/runner/.m2/repository/org/eclipse/jetty/jetty-servlet/9.4.43.v20210629/jetty-servlet-9.4.43.v20210629.jar:/home/runner/.m2/repository/org/eclipse/jetty/jetty-security/9.4.43.v20210629/jetty-security-9.4.43.v20210629.jar:/home/runner/.m2/repository/org/rocksdb/rocksdbjni/6.20.3/rocksdbjni-6.20.3.jar:/home/runner/.m2/repository/io/prometheus/simpleclient_dropwizard/0.7.0/simpleclient_dropwizard-0.7.0.jar:/home/runner/.m2/repository/io/prometheus/simpleclient/0.7.0/simpleclient-0.7.0.jar:/home/runner/.m2/repository/io/prometheus/simpleclient_common/0.7.0/simpleclient_common-0.7.0.jar:/home/runner/.m2/repository/com/fasterxml/jackson/datatype/jackson-datatype-jsr310/2.12.1/jackson-datatype-jsr310-2.12.1.jar:/home/runner/.m2/repository/org/apache/ozone/hdds-test-utils/1.2.0-SNAPSHOT/hdds-test-utils-1.2.0-SNAPSHOT.jar:/home/runner/.m2/repository/com/google/guava/guava/30.1.1-jre/guava-30.1.1-jre.jar:/home/runner/.m2/repository/com/google/guava/failureaccess/1.0.1/failureaccess-1.0.1.jar:/home/runner/.m2/repository/com/google/guava/listenablefuture/9999.0-empty-to-avoid-conflict-with-guava/listenablefuture-9999.0-empty-to-avoid-conflict-with-guava.jar:/home/runner/.m2/repository/com/google/code/findbugs/jsr305/3.0.0/jsr305-3.0.0.jar:/home/runner/.m2/repository/org/checkerframework/checker-qual/3.8.0/checker-qual-3.8.0.jar:/home/runner/.m2/repository/com/google/errorprone/error_prone_annotations/2.2.0/error_prone_annotations-2.2.0.jar:/home/runner/.m2/repository/com/google/j2objc/j2objc-annotations/1.3/j2objc-annotations-1.3.jar:/home/runner/.m2/repository/commons-io/commons-io/2.8.0/commons-io-2.8.0.jar:/home/runner/.m2/repository/commons-logging/commons-logging/1.2/commons-logging-1.2.jar:/home/runner/.m2/repository/log4j/log4j/1.2.17/log4j-1.2.17.jar:/home/runner/.m2/repository/org/slf4j/slf4j-api/1.7.30/slf4j-api-1.7.30.jar:/home/runner/.m2/repository/org/apache/ozone/hdds-server-scm/1.2.0-SNAPSHOT/hdds-server-scm-1.2.0-SNAPSHOT.jar:/home/runner/.m2/repository/org/apache/ozone/hdds-container-service/1.2.0-SNAPSHOT/hdds-container-service-1.2.0-SNAPSHOT.jar:/home/runner/.m2/repository/org/apache/ozone/hdds-hadoop-dependency-server/1.2.0-SNAPSHOT/hdds-hadoop-dependency-server-1.2.0-SNAPSHOT.jar:/home/runner/.m2/repository/org/apache/hadoop/hadoop-hdfs/3.3.1/hadoop-hdfs-3.3.1.jar:/home/runner/.m2/repository/io/dropwizard/metrics/metrics-core/3.2.4/metrics-core-3.2.4.jar:/home/runner/.m2/repository/org/apache/hadoop/hadoop-hdfs-client/3.3.1/hadoop-hdfs-client-3.3.1.jar:/home/runner/.m2/repository/org/bouncycastle/bcprov-jdk15on/1.67/bcprov-jdk15on-1.67.jar:/home/runner/.m2/repository/com/google/protobuf/protobuf-java/2.5.0/protobuf-java-2.5.0.jar:/home/runner/.m2/repository/org/apache/ozone/ozone-manager/1.2.0-SNAPSHOT/ozone-manager-1.2.0-SNAPSHOT.jar:/home/runner/.m2/repository/org/aspectj/aspectjrt/1.8.9/aspectjrt-1.8.9.jar:/home/runner/.m2/repository/org/aspectj/aspectjweaver/1.8.9/aspectjweaver-1.8.9.jar:/home/runner/.m2/repository/org/apache/ozone/hdds-interface-client/1.2.0-SNAPSHOT/hdds-interface-client-1.2.0-SNAPSHOT.jar:/home/runner/.m2/repository/org/apache/hadoop/thirdparty/hadoop-shaded-protobuf_3_7/1.1.1/hadoop-shaded-protobuf_3_7-1.1.1.jar:/home/runner/.m2/repository/org/apache/ratis/ratis-thirdparty-misc/0.7.0/ratis-thirdparty-misc-0.7.0.jar:/home/runner/.m2/repository/org/apache/ozone/ozone-interface-storage/1.2.0-SNAPSHOT/ozone-interface-storage-1.2.0-SNAPSHOT.jar:/home/runner/.m2/repository/org/reflections/reflections/0.9.11/reflections-0.9.11.jar:/home/runner/.m2/repository/org/apache/hadoop/hadoop-minikdc/3.3.1/hadoop-minikdc-3.3.1.jar:/home/runner/.m2/repository/org/apache/kerby/kerb-simplekdc/1.0.1/kerb-simplekdc-1.0.1.jar:/home/runner/.m2/repository/org/apache/kerby/kerb-client/1.0.1/kerb-client-1.0.1.jar:/home/runner/.m2/repository/org/apache/kerby/kerby-config/1.0.1/kerby-config-1.0.1.jar:/home/runner/.m2/repository/org/apache/kerby/kerb-common/1.0.1/kerb-common-1.0.1.jar:/home/runner/.m2/repository/org/apache/kerby/kerb-crypto/1.0.1/kerb-crypto-1.0.1.jar:/home/runner/.m2/repository/org/apache/kerby/kerb-util/1.0.1/kerb-util-1.0.1.jar:/home/runner/.m2/repository/org/apache/kerby/token-provider/1.0.1/token-provider-1.0.1.jar:/home/runner/.m2/repository/org/apache/kerby/kerb-admin/1.0.1/kerb-admin-1.0.1.jar:/home/runner/.m2/repository/org/apache/kerby/kerb-server/1.0.1/kerb-server-1.0.1.jar:/home/runner/.m2/repository/org/apache/kerby/kerb-identity/1.0.1/kerb-identity-1.0.1.jar:/home/runner/.m2/repository/org/apache/kerby/kerby-xdr/1.0.1/kerby-xdr-1.0.1.jar:/home/runner/.m2/repository/org/slf4j/slf4j-log4j12/1.7.30/slf4j-log4j12-1.7.30.jar:/home/runner/.m2/repository/org/apache/ozone/ozone-s3gateway/1.2.0-SNAPSHOT/ozone-s3gateway-1.2.0-SNAPSHOT.jar:/home/runner/.m2/repository/org/javassist/javassist/3.21.0-GA/javassist-3.21.0-GA.jar:/home/runner/.m2/repository/org/jboss/weld/servlet/weld-servlet/2.4.7.Final/weld-servlet-2.4.7.Final.jar:/home/runner/.m2/repository/org/glassfish/jersey/containers/jersey-container-servlet-core/2.33/jersey-container-servlet-core-2.33.jar:/home/runner/.m2/repository/org/glassfish/hk2/external/jakarta.inject/2.6.1/jakarta.inject-2.6.1.jar:/home/runner/.m2/repository/org/glassfish/jersey/core/jersey-common/2.33/jersey-common-2.33.jar:/home/runner/.m2/repository/jakarta/ws/rs/jakarta.ws.rs-api/2.1.6/jakarta.ws.rs-api-2.1.6.jar:/home/runner/.m2/repository/org/glassfish/jersey/ext/cdi/jersey-cdi1x/2.33/jersey-cdi1x-2.33.jar:/home/runner/.m2/repository/org/glassfish/jersey/inject/jersey-hk2/2.33/jersey-hk2-2.33.jar:/home/runner/.m2/repository/org/glassfish/hk2/hk2-locator/2.6.1/hk2-locator-2.6.1.jar:/home/runner/.m2/repository/org/glassfish/jersey/media/jersey-media-jaxb/2.33/jersey-media-jaxb-2.33.jar:/home/runner/.m2/repository/org/glassfish/hk2/osgi-resource-locator/1.0.3/osgi-resource-locator-1.0.3.jar:/home/runner/.m2/repository/org/glassfish/hk2/hk2-api/2.5.0/hk2-api-2.5.0.jar:/home/runner/.m2/repository/org/glassfish/hk2/hk2-utils/2.5.0/hk2-utils-2.5.0.jar:/home/runner/.m2/repository/org/glassfish/hk2/external/aopalliance-repackaged/2.5.0/aopalliance-repackaged-2.5.0.jar:/home/runner/.m2/repository/com/fasterxml/jackson/dataformat/jackson-dataformat-xml/2.12.1/jackson-dataformat-xml-2.12.1.jar:/home/runner/.m2/repository/com/fasterxml/jackson/core/jackson-core/2.12.1/jackson-core-2.12.1.jar:/home/runner/.m2/repository/com/fasterxml/jackson/module/jackson-module-jaxb-annotations/2.12.1/jackson-module-jaxb-annotations-2.12.1.jar:/home/runner/.m2/repository/jakarta/xml/bind/jakarta.xml.bind-api/2.3.2/jakarta.xml.bind-api-2.3.2.jar:/home/runner/.m2/repository/org/codehaus/woodstox/stax2-api/3.1.4/stax2-api-3.1.4.jar:/home/runner/.m2/repository/com/fasterxml/woodstox/woodstox-core/5.0.3/woodstox-core-5.0.3.jar:/home/runner/.m2/repository/javax/enterprise/cdi-api/1.2/cdi-api-1.2.jar:/home/runner/.m2/repository/javax/el/javax.el-api/3.0.0/javax.el-api-3.0.0.jar:/home/runner/.m2/repository/javax/interceptor/javax.interceptor-api/1.2/javax.interceptor-api-1.2.jar:/home/runner/.m2/repository/javax/inject/javax.inject/1/javax.inject-1.jar:/home/runner/.m2/repository/javax/xml/bind/jaxb-api/2.3.0/jaxb-api-2.3.0.jar:/home/runner/.m2/repository/org/glassfish/jaxb/jaxb-runtime/2.3.0.1/jaxb-runtime-2.3.0.1.jar:/home/runner/.m2/repository/org/glassfish/jaxb/jaxb-core/2.3.0.1/jaxb-core-2.3.0.1.jar:/home/runner/.m2/repository/org/glassfish/jaxb/txw2/2.3.0.1/txw2-2.3.0.1.jar:/home/runner/.m2/repository/com/sun/istack/istack-commons-runtime/3.0.5/istack-commons-runtime-3.0.5.jar:/home/runner/.m2/repository/org/jvnet/staxex/stax-ex/1.7.8/stax-ex-1.7.8.jar:/home/runner/.m2/repository/com/sun/xml/fastinfoset/FastInfoset/1.2.13/FastInfoset-1.2.13.jar:/home/runner/.m2/repository/javax/activation/activation/1.1.1/activation-1.1.1.jar:/home/runner/.m2/repository/org/apache/ozone/ozone-csi/1.2.0-SNAPSHOT/ozone-csi-1.2.0-SNAPSHOT.jar:/home/runner/.m2/repository/com/google/protobuf/protobuf-java-util/3.12.0/protobuf-java-util-3.12.0.jar:/home/runner/.m2/repository/com/google/code/gson/gson/2.2.4/gson-2.2.4.jar:/home/runner/.m2/repository/org/apache/ozone/hdds-config/1.2.0-SNAPSHOT/hdds-config-1.2.0-SNAPSHOT.jar:/home/runner/.m2/repository/io/grpc/grpc-netty/1.33.0/grpc-netty-1.33.0.jar:/home/runner/.m2/repository/io/grpc/grpc-core/1.33.0/grpc-core-1.33.0.jar:/home/runner/.m2/repository/com/google/android/annotations/4.1.1.4/annotations-4.1.1.4.jar:/home/runner/.m2/repository/io/netty/netty-codec-http2/4.1.63.Final/netty-codec-http2-4.1.63.Final.jar:/home/runner/.m2/repository/io/netty/netty-codec-http/4.1.63.Final/netty-codec-http-4.1.63.Final.jar:/home/runner/.m2/repository/io/netty/netty-handler-proxy/4.1.63.Final/netty-handler-proxy-4.1.63.Final.jar:/home/runner/.m2/repository/io/netty/netty-codec-socks/4.1.63.Final/netty-codec-socks-4.1.63.Final.jar:/home/runner/.m2/repository/io/perfmark/perfmark-api/0.19.0/perfmark-api-0.19.0.jar:/home/runner/.m2/repository/org/codehaus/mojo/animal-sniffer-annotations/1.18/animal-sniffer-annotations-1.18.jar:/home/runner/.m2/repository/io/netty/netty-transport-native-epoll/4.1.63.Final/netty-transport-native-epoll-4.1.63.Final.jar:/home/runner/.m2/repository/io/netty/netty-common/4.1.63.Final/netty-common-4.1.63.Final.jar:/home/runner/.m2/repository/io/netty/netty-buffer/4.1.63.Final/netty-buffer-4.1.63.Final.jar:/home/runner/.m2/repository/io/netty/netty-transport-native-unix-common/4.1.63.Final/netty-transport-native-unix-common-4.1.63.Final.jar:/home/runner/.m2/repository/io/grpc/grpc-protobuf/1.33.0/grpc-protobuf-1.33.0.jar:/home/runner/.m2/repository/io/grpc/grpc-api/1.33.0/grpc-api-1.33.0.jar:/home/runner/.m2/repository/io/grpc/grpc-context/1.33.0/grpc-context-1.33.0.jar:/home/runner/.m2/repository/com/google/api/grpc/proto-google-common-protos/1.17.0/proto-google-common-protos-1.17.0.jar:/home/runner/.m2/repository/io/grpc/grpc-protobuf-lite/1.33.0/grpc-protobuf-lite-1.33.0.jar:/home/runner/.m2/repository/io/grpc/grpc-stub/1.33.0/grpc-stub-1.33.0.jar:/home/runner/.m2/repository/org/apache/ozone/ozone-recon/1.2.0-SNAPSHOT/ozone-recon-1.2.0-SNAPSHOT.jar:/home/runner/.m2/repository/org/apache/ozone/ozone-reconcodegen/1.2.0-SNAPSHOT/ozone-reconcodegen-1.2.0-SNAPSHOT.jar:/home/runner/.m2/repository/com/google/inject/extensions/guice-multibindings/4.0/guice-multibindings-4.0.jar:/home/runner/.m2/repository/com/google/inject/guice/4.0/guice-4.0.jar:/home/runner/.m2/repository/aopalliance/aopalliance/1.0/aopalliance-1.0.jar:/home/runner/.m2/repository/com/google/inject/extensions/guice-assistedinject/4.0/guice-assistedinject-4.0.jar:/home/runner/.m2/repository/com/google/inject/extensions/guice-servlet/4.0/guice-servlet-4.0.jar:/home/runner/.m2/repository/org/glassfish/jersey/containers/jersey-container-servlet/2.33/jersey-container-servlet-2.33.jar:/home/runner/.m2/repository/org/glassfish/hk2/guice-bridge/2.5.0/guice-bridge-2.5.0.jar:/home/runner/.m2/repository/org/glassfish/jersey/core/jersey-server/2.33/jersey-server-2.33.jar:/home/runner/.m2/repository/org/glassfish/jersey/core/jersey-client/2.33/jersey-client-2.33.jar:/home/runner/.m2/repository/jakarta/annotation/jakarta.annotation-api/1.3.5/jakarta.annotation-api-1.3.5.jar:/home/runner/.m2/repository/jakarta/validation/jakarta.validation-api/2.0.2/jakarta.validation-api-2.0.2.jar:/home/runner/.m2/repository/org/glassfish/jersey/media/jersey-media-json-jackson/2.33/jersey-media-json-jackson-2.33.jar:/home/runner/.m2/repository/org/glassfish/jersey/ext/jersey-entity-filtering/2.33/jersey-entity-filtering-2.33.jar:/home/runner/.m2/repository/org/jooq/jooq/3.11.10/jooq-3.11.10.jar:/home/runner/.m2/repository/org/jooq/jooq-meta/3.11.10/jooq-meta-3.11.10.jar:/home/runner/.m2/repository/org/jooq/jooq-codegen/3.11.10/jooq-codegen-3.11.10.jar:/home/runner/.m2/repository/com/jolbox/bonecp/0.8.0.RELEASE/bonecp-0.8.0.RELEASE.jar:/home/runner/.m2/repository/org/apache/derby/derby/10.14.2.0/derby-10.14.2.0.jar:/home/runner/.m2/repository/org/xerial/sqlite-jdbc/3.25.2/sqlite-jdbc-3.25.2.jar:/home/runner/.m2/repository/org/springframework/spring-jdbc/5.2.11.RELEASE/spring-jdbc-5.2.11.RELEASE.jar:/home/runner/.m2/repository/org/springframework/spring-beans/5.2.11.RELEASE/spring-beans-5.2.11.RELEASE.jar:/home/runner/.m2/repository/org/springframework/spring-core/5.2.11.RELEASE/spring-core-5.2.11.RELEASE.jar:/home/runner/.m2/repository/org/springframework/spring-jcl/5.2.11.RELEASE/spring-jcl-5.2.11.RELEASE.jar:/home/runner/.m2/repository/org/springframework/spring-tx/5.2.11.RELEASE/spring-tx-5.2.11.RELEASE.jar:/home/runner/.m2/repository/org/apache/ozone/ozone-client/1.2.0-SNAPSHOT/ozone-client-1.2.0-SNAPSHOT.jar:/home/runner/.m2/repository/org/apache/ozone/ozone-filesystem/1.2.0-SNAPSHOT/ozone-filesystem-1.2.0-SNAPSHOT.jar:/home/runner/.m2/repository/org/apache/ozone/ozone-filesystem-common/1.2.0-SNAPSHOT/ozone-filesystem-common-1.2.0-SNAPSHOT.jar:/home/runner/.m2/repository/org/apache/ozone/ozone-tools/1.2.0-SNAPSHOT/ozone-tools-1.2.0-SNAPSHOT.jar:/home/runner/.m2/repository/org/apache/ratis/ratis-tools/2.1.0-03f3b68-SNAPSHOT/ratis-tools-2.1.0-03f3b68-SNAPSHOT.jar:/home/runner/.m2/repository/org/apache/ratis/ratis-proto/2.1.0-03f3b68-SNAPSHOT/ratis-proto-2.1.0-03f3b68-SNAPSHOT.jar:/home/runner/.m2/repository/org/apache/ratis/ratis-common/2.1.0-03f3b68-SNAPSHOT/ratis-common-2.1.0-03f3b68-SNAPSHOT.jar:/home/runner/.m2/repository/com/amazonaws/aws-java-sdk-core/1.11.901/aws-java-sdk-core-1.11.901.jar:/home/runner/.m2/repository/org/apache/httpcomponents/httpclient/4.5.13/httpclient-4.5.13.jar:/home/runner/.m2/repository/org/apache/httpcomponents/httpcore/4.4.13/httpcore-4.4.13.jar:/home/runner/.m2/repository/software/amazon/ion/ion-java/1.0.2/ion-java-1.0.2.jar:/home/runner/.m2/repository/com/fasterxml/jackson/dataformat/jackson-dataformat-cbor/2.12.1/jackson-dataformat-cbor-2.12.1.jar:/home/runner/.m2/repository/joda-time/joda-time/2.8.1/joda-time-2.8.1.jar:/home/runner/.m2/repository/com/amazonaws/aws-java-sdk-s3/1.11.901/aws-java-sdk-s3-1.11.901.jar:/home/runner/.m2/repository/com/amazonaws/aws-java-sdk-kms/1.11.901/aws-java-sdk-kms-1.11.901.jar:/home/runner/.m2/repository/com/amazonaws/jmespath-java/1.11.901/jmespath-java-1.11.901.jar:/home/runner/.m2/repository/org/kohsuke/metainf-services/metainf-services/1.8/metainf-services-1.8.jar:/home/runner/.m2/repository/org/apache/ozone/hdds-tools/1.2.0-SNAPSHOT/hdds-tools-1.2.0-SNAPSHOT.jar:/home/runner/.m2/repository/commons-cli/commons-cli/1.2/commons-cli-1.2.jar:/home/runner/.m2/repository/org/apache/commons/commons-lang3/3.7/commons-lang3-3.7.jar:/home/runner/.m2/repository/org/apache/ozone/ozone-manager/1.2.0-SNAPSHOT/ozone-manager-1.2.0-SNAPSHOT-tests.jar:/home/runner/.m2/repository/org/apache/ozone/hdds-common/1.2.0-SNAPSHOT/hdds-common-1.2.0-SNAPSHOT-tests.jar:/home/runner/.m2/repository/org/apache/ozone/hdds-hadoop-dependency-client/1.2.0-SNAPSHOT/hdds-hadoop-dependency-client-1.2.0-SNAPSHOT.jar:/home/runner/.m2/repository/info/picocli/picocli/4.4.0/picocli-4.4.0.jar:/home/runner/.m2/repository/com/fasterxml/jackson/core/jackson-annotations/2.12.1/jackson-annotations-2.12.1.jar:/home/runner/.m2/repository/javax/annotation/javax.annotation-api/1.2/javax.annotation-api-1.2.jar:/home/runner/.m2/repository/org/apache/ratis/ratis-server/2.1.0-03f3b68-SNAPSHOT/ratis-server-2.1.0-03f3b68-SNAPSHOT.jar:/home/runner/.m2/repository/org/apache/ratis/ratis-client/2.1.0-03f3b68-SNAPSHOT/ratis-client-2.1.0-03f3b68-SNAPSHOT.jar:/home/runner/.m2/repository/org/apache/ratis/ratis-server-api/2.1.0-03f3b68-SNAPSHOT/ratis-server-api-2.1.0-03f3b68-SNAPSHOT.jar:/home/runner/.m2/repository/org/apache/ratis/ratis-metrics/2.1.0-03f3b68-SNAPSHOT/ratis-metrics-2.1.0-03f3b68-SNAPSHOT.jar:/home/runner/.m2/repository/org/apache/ratis/ratis-netty/2.1.0-03f3b68-SNAPSHOT/ratis-netty-2.1.0-03f3b68-SNAPSHOT.jar:/home/runner/.m2/repository/org/apache/ratis/ratis-grpc/2.1.0-03f3b68-SNAPSHOT/ratis-grpc-2.1.0-03f3b68-SNAPSHOT.jar:/home/runner/.m2/repository/org/apache/logging/log4j/log4j-api/2.13.3/log4j-api-2.13.3.jar:/home/runner/.m2/repository/org/apache/logging/log4j/log4j-core/2.13.3/log4j-core-2.13.3.jar:/home/runner/.m2/repository/com/lmax/disruptor/3.4.2/disruptor-3.4.2.jar:/home/runner/.m2/repository/org/apache/commons/commons-pool2/2.6.0/commons-pool2-2.6.0.jar:/home/runner/.m2/repository/org/bouncycastle/bcpkix-jdk15on/1.67/bcpkix-jdk15on-1.67.jar:/home/runner/.m2/repository/commons-validator/commons-validator/1.6/commons-validator-1.6.jar:/home/runner/.m2/repository/commons-beanutils/commons-beanutils/1.9.4/commons-beanutils-1.9.4.jar:/home/runner/.m2/repository/commons-digester/commons-digester/1.8.1/commons-digester-1.8.1.jar:/home/runner/.m2/repository/commons-collections/commons-collections/3.2.2/commons-collections-3.2.2.jar:/home/runner/.m2/repository/io/jaegertracing/jaeger-client/1.6.0/jaeger-client-1.6.0.jar:/home/runner/.m2/repository/io/jaegertracing/jaeger-thrift/1.6.0/jaeger-thrift-1.6.0.jar:/home/runner/.m2/repository/org/apache/thrift/libthrift/0.14.1/libthrift-0.14.1.jar:/home/runner/.m2/repository/com/squareup/okhttp3/okhttp/4.9.0/okhttp-4.9.0.jar:/home/runner/.m2/repository/com/squareup/okio/okio/2.8.0/okio-2.8.0.jar:/home/runner/.m2/repository/io/jaegertracing/jaeger-core/1.6.0/jaeger-core-1.6.0.jar:/home/runner/.m2/repository/io/jaegertracing/jaeger-tracerresolver/1.6.0/jaeger-tracerresolver-1.6.0.jar:/home/runner/.m2/repository/io/opentracing/contrib/opentracing-tracerresolver/0.1.8/opentracing-tracerresolver-0.1.8.jar:/home/runner/.m2/repository/org/jetbrains/kotlin/kotlin-stdlib/1.4.31/kotlin-stdlib-1.4.31.jar:/home/runner/.m2/repository/org/jetbrains/kotlin/kotlin-stdlib-common/1.4.31/kotlin-stdlib-common-1.4.31.jar:/home/runner/.m2/repository/org/jetbrains/annotations/13.0/annotations-13.0.jar:/home/runner/.m2/repository/io/opentracing/opentracing-util/0.33.0/opentracing-util-0.33.0.jar:/home/runner/.m2/repository/io/opentracing/opentracing-api/0.33.0/opentracing-api-0.33.0.jar:/home/runner/.m2/repository/io/opentracing/opentracing-noop/0.33.0/opentracing-noop-0.33.0.jar:/home/runner/.m2/repository/org/yaml/snakeyaml/1.26/snakeyaml-1.26.jar:/home/runner/.m2/repository/org/apache/ozone/hdds-interface-admin/1.2.0-SNAPSHOT/hdds-interface-admin-1.2.0-SNAPSHOT.jar:/home/runner/.m2/repository/junit/junit/4.13.1/junit-4.13.1.jar:/home/runner/.m2/repository/org/hamcrest/hamcrest-core/1.3/hamcrest-core-1.3.jar:/home/runner/.m2/repository/org/junit/jupiter/junit-jupiter-api/5.7.0/junit-jupiter-api-5.7.0.jar:/home/runner/.m2/repository/org/apiguardian/apiguardian-api/1.1.0/apiguardian-api-1.1.0.jar:/home/runner/.m2/repository/org/opentest4j/opentest4j/1.2.0/opentest4j-1.2.0.jar:/home/runner/.m2/repository/org/junit/platform/junit-platform-commons/1.7.0/junit-platform-commons-1.7.0.jar:/home/runner/.m2/repository/org/junit/jupiter/junit-jupiter-engine/5.7.0/junit-jupiter-engine-5.7.0.jar:/home/runner/.m2/repository/org/junit/platform/junit-platform-engine/1.7.0/junit-platform-engine-1.7.0.jar:/home/runner/.m2/repository/org/junit/vintage/junit-vintage-engine/5.7.0/junit-vintage-engine-5.7.0.jar:/home/runner/.m2/repository/org/junit/platform/junit-platform-launcher/1.7.0/junit-platform-launcher-1.7.0.jar:/home/runner/.m2/repository/org/openjdk/jmh/jmh-core/1.19/jmh-core-1.19.jar:/home/runner/.m2/repository/net/sf/jopt-simple/jopt-simple/4.6/jopt-simple-4.6.jar:/home/runner/.m2/repository/org/apache/commons/commons-math3/3.1.1/commons-math3-3.1.1.jar:/home/runner/.m2/repository/org/openjdk/jmh/jmh-generator-annprocess/1.19/jmh-generator-annprocess-1.19.jar:/home/runner/.m2/repository/org/mockito/mockito-core/2.28.2/mockito-core-2.28.2.jar:/home/runner/.m2/repository/net/bytebuddy/byte-buddy/1.9.10/byte-buddy-1.9.10.jar:/home/runner/.m2/repository/net/bytebuddy/byte-buddy-agent/1.9.10/byte-buddy-agent-1.9.10.jar:/home/runner/.m2/repository/org/objenesis/objenesis/1.0/objenesis-1.0.jar:/home/runner/.m2/repository/org/apache/hadoop/hadoop-kms/3.3.1/hadoop-kms-3.3.1.jar:/home/runner/.m2/repository/org/apache/hadoop/hadoop-auth/3.3.1/hadoop-auth-3.3.1.jar:/home/runner/.m2/repository/com/nimbusds/nimbus-jose-jwt/7.9/nimbus-jose-jwt-7.9.jar:/home/runner/.m2/repository/com/github/stephenc/jcip/jcip-annotations/1.0-1/jcip-annotations-1.0-1.jar:/home/runner/.m2/repository/net/minidev/json-smart/2.3/json-smart-2.3.jar:/home/runner/.m2/repository/net/minidev/accessors-smart/1.2/accessors-smart-1.2.jar:/home/runner/.m2/repository/org/ow2/asm/asm/5.0.4/asm-5.0.4.jar:/home/runner/.m2/repository/org/apache/zookeeper/zookeeper/3.5.6/zookeeper-3.5.6.jar:/home/runner/.m2/repository/org/apache/zookeeper/zookeeper-jute/3.5.6/zookeeper-jute-3.5.6.jar:/home/runner/.m2/repository/org/apache/yetus/audience-annotations/0.5.0/audience-annotations-0.5.0.jar:/home/runner/.m2/repository/org/apache/curator/curator-framework/4.2.0/curator-framework-4.2.0.jar:/home/runner/.m2/repository/org/apache/hadoop/thirdparty/hadoop-shaded-guava/1.1.1/hadoop-shaded-guava-1.1.1.jar:/home/runner/.m2/repository/com/sun/jersey/jersey-core/1.19/jersey-core-1.19.jar:/home/runner/.m2/repository/javax/ws/rs/jsr311-api/1.1.1/jsr311-api-1.1.1.jar:/home/runner/.m2/repository/com/sun/jersey/jersey-server/1.19/jersey-server-1.19.jar:/home/runner/.m2/repository/javax/servlet/javax.servlet-api/3.1.0/javax.servlet-api-3.1.0.jar:/home/runner/.m2/repository/org/eclipse/jetty/jetty-server/9.4.43.v20210629/jetty-server-9.4.43.v20210629.jar:/home/runner/.m2/repository/org/eclipse/jetty/jetty-http/9.4.43.v20210629/jetty-http-9.4.43.v20210629.jar:/home/runner/.m2/repository/org/eclipse/jetty/jetty-io/9.4.43.v20210629/jetty-io-9.4.43.v20210629.jar:/home/runner/.m2/repository/org/eclipse/jetty/jetty-webapp/9.4.43.v20210629/jetty-webapp-9.4.43.v20210629.jar:/home/runner/.m2/repository/org/eclipse/jetty/jetty-xml/9.4.43.v20210629/jetty-xml-9.4.43.v20210629.jar:/home/runner/.m2/repository/org/apache/hadoop/hadoop-common/3.3.1/hadoop-common-3.3.1.jar:/home/runner/.m2/repository/commons-net/commons-net/3.6/commons-net-3.6.jar:/home/runner/.m2/repository/jakarta/activation/jakarta.activation-api/1.2.1/jakarta.activation-api-1.2.1.jar:/home/runner/.m2/repository/com/sun/jersey/jersey-servlet/1.19/jersey-servlet-1.19.jar:/home/runner/.m2/repository/com/sun/jersey/jersey-json/1.19/jersey-json-1.19.jar:/home/runner/.m2/repository/org/codehaus/jettison/jettison/1.1/jettison-1.1.jar:/home/runner/.m2/repository/com/sun/xml/bind/jaxb-impl/2.2.3-1/jaxb-impl-2.2.3-1.jar:/home/runner/.m2/repository/org/codehaus/jackson/jackson-jaxrs/1.9.2/jackson-jaxrs-1.9.2.jar:/home/runner/.m2/repository/org/codehaus/jackson/jackson-xc/1.9.2/jackson-xc-1.9.2.jar:/home/runner/.m2/repository/org/apache/commons/commons-configuration2/2.1.1/commons-configuration2-2.1.1.jar:/home/runner/.m2/repository/org/apache/commons/commons-text/1.4/commons-text-1.4.jar:/home/runner/.m2/repository/com/google/re2j/re2j/1.1/re2j-1.1.jar:/home/runner/.m2/repository/com/jcraft/jsch/0.1.54/jsch-0.1.54.jar:/home/runner/.m2/repository/org/apache/curator/curator-client/4.2.0/curator-client-4.2.0.jar:/home/runner/.m2/repository/org/apache/curator/curator-recipes/4.2.0/curator-recipes-4.2.0.jar:/home/runner/.m2/repository/org/apache/kerby/kerb-core/1.0.1/kerb-core-1.0.1.jar:/home/runner/.m2/repository/org/apache/kerby/kerby-pkix/1.0.1/kerby-pkix-1.0.1.jar:/home/runner/.m2/repository/org/apache/kerby/kerby-asn1/1.0.1/kerby-asn1-1.0.1.jar:/home/runner/.m2/repository/org/apache/kerby/kerby-util/1.0.1/kerby-util-1.0.1.jar:/home/runner/.m2/repository/dnsjava/dnsjava/2.1.7/dnsjava-2.1.7.jar:/home/runner/.m2/repository/org/xerial/snappy/snappy-java/1.1.8.2/snappy-java-1.1.8.2.jar:/home/runner/.m2/repository/org/slf4j/jul-to-slf4j/1.7.30/jul-to-slf4j-1.7.30.jar:/home/runner/.m2/repository/org/eclipse/jetty/jetty-util/9.4.43.v20210629/jetty-util-9.4.43.v20210629.jar:/home/runner/.m2/repository/com/fasterxml/jackson/core/jackson-databind/2.12.1/jackson-databind-2.12.1.jar:/home/runner/.m2/repository/org/apache/hadoop/hadoop-kms/3.3.1/hadoop-kms-3.3.1-tests.jar:/home/runner/.m2/repository/org/apache/ozone/hdds-server-scm/1.2.0-SNAPSHOT/hdds-server-scm-1.2.0-SNAPSHOT-tests.jar:/home/runner/.m2/repository/org/apache/ozone/hdds-container-service/1.2.0-SNAPSHOT/hdds-container-service-1.2.0-SNAPSHOT-tests.jar:/home/runner/.m2/repository/commons-codec/commons-codec/1.11/commons-codec-1.11.jar:/home/runner/.m2/repository/io/netty/netty-transport/4.1.63.Final/netty-transport-4.1.63.Final.jar:/home/runner/.m2/repository/io/netty/netty-resolver/4.1.63.Final/netty-resolver-4.1.63.Final.jar:/home/runner/.m2/repository/io/netty/netty-codec/4.1.63.Final/netty-codec-4.1.63.Final.jar:/home/runner/.m2/repository/io/netty/netty-handler/4.1.63.Final/netty-handler-4.1.63.Final.jar:/home/runner/.m2/repository/org/apache/ozone/hdds-hadoop-dependency-test/1.2.0-SNAPSHOT/hdds-hadoop-dependency-test-1.2.0-SNAPSHOT.jar:/home/runner/.m2/repository/org/apache/hadoop/hadoop-common/3.3.1/hadoop-common-3.3.1-tests.jar:/home/runner/.m2/repository/org/assertj/assertj-core/3.12.2/assertj-core-3.12.2.jar:/home/runner/.m2/repository/org/apache/hadoop/hadoop-hdfs/3.3.1/hadoop-hdfs-3.3.1-tests.jar:/home/runner/.m2/repository/org/eclipse/jetty/jetty-util-ajax/9.4.43.v20210629/jetty-util-ajax-9.4.43.v20210629.jar:/home/runner/.m2/repository/commons-daemon/commons-daemon/1.0.13/commons-daemon-1.0.13.jar:/home/runner/.m2/repository/io/netty/netty/3.10.6.Final/netty-3.10.6.Final.jar:/home/runner/.m2/repository/io/netty/netty-all/4.1.63.Final/netty-all-4.1.63.Final.jar:/home/runner/.m2/repository/org/apache/htrace/htrace-core4/4.1.0-incubating/htrace-core4-4.1.0-incubating.jar:/home/runner/.m2/repository/org/fusesource/leveldbjni/leveldbjni-all/1.8/leveldbjni-all-1.8.jar:/home/runner/.m2/repository/org/apache/hadoop/hadoop-distcp/3.3.1/hadoop-distcp-3.3.1.jar:/home/runner/.m2/repository/org/apache/hadoop/hadoop-mapreduce-client-jobclient/3.3.1/hadoop-mapreduce-client-jobclient-3.3.1.jar:/home/runner/.m2/repository/org/apache/hadoop/hadoop-mapreduce-client-common/3.3.1/hadoop-mapreduce-client-common-3.3.1.jar:/home/runner/.m2/repository/org/apache/hadoop/hadoop-yarn-common/3.3.1/hadoop-yarn-common-3.3.1.jar:/home/runner/.m2/repository/org/apache/hadoop/hadoop-yarn-api/3.3.1/hadoop-yarn-api-3.3.1.jar:/home/runner/.m2/repository/com/sun/jersey/jersey-client/1.19/jersey-client-1.19.jar:/home/runner/.m2/repository/com/sun/jersey/contribs/jersey-guice/1.19/jersey-guice-1.19.jar:/home/runner/.m2/repository/com/fasterxml/jackson/jaxrs/jackson-jaxrs-json-provider/2.12.1/jackson-jaxrs-json-provider-2.12.1.jar:/home/runner/.m2/repository/com/fasterxml/jackson/jaxrs/jackson-jaxrs-base/2.12.1/jackson-jaxrs-base-2.12.1.jar:/home/runner/.m2/repository/org/apache/hadoop/hadoop-yarn-client/3.3.1/hadoop-yarn-client-3.3.1.jar:/home/runner/.m2/repository/org/eclipse/jetty/websocket/websocket-client/9.4.40.v20210413/websocket-client-9.4.40.v20210413.jar:/home/runner/.m2/repository/org/eclipse/jetty/jetty-client/9.4.40.v20210413/jetty-client-9.4.40.v20210413.jar:/home/runner/.m2/repository/org/eclipse/jetty/websocket/websocket-common/9.4.40.v20210413/websocket-common-9.4.40.v20210413.jar:/home/runner/.m2/repository/org/eclipse/jetty/websocket/websocket-api/9.4.40.v20210413/websocket-api-9.4.40.v20210413.jar:/home/runner/.m2/repository/org/jline/jline/3.9.0/jline-3.9.0.jar:/home/runner/.m2/repository/org/apache/hadoop/hadoop-mapreduce-client-core/3.3.1/hadoop-mapreduce-client-core-3.3.1.jar:/home/runner/.m2/repository/org/apache/avro/avro/1.7.7/avro-1.7.7.jar:/home/runner/.m2/repository/org/codehaus/jackson/jackson-core-asl/1.9.13/jackson-core-asl-1.9.13.jar:/home/runner/.m2/repository/org/codehaus/jackson/jackson-mapper-asl/1.9.13/jackson-mapper-asl-1.9.13.jar:/home/runner/.m2/repository/com/thoughtworks/paranamer/paranamer/2.3/paranamer-2.3.jar:/home/runner/.m2/repository/org/apache/hadoop/hadoop-annotations/3.3.1/hadoop-annotations-3.3.1.jar:/usr/lib/jvm/adoptopenjdk-8-hotspot-amd64/jre/../lib/tools.jar:/home/runner/.m2/repository/org/apache/hadoop/hadoop-distcp/3.3.1/hadoop-distcp-3.3.1-tests.jar:"/>
    <property name="sun.cpu.endian" value="little"/>
    <property name="user.home" value="/home/runner"/>
    <property name="user.language" value="en"/>
    <property name="java.specification.vendor" value="Oracle Corporation"/>
    <property name="java.home" value="/usr/lib/jvm/adoptopenjdk-8-hotspot-amd64/jre"/>
    <property name="java.security.krb5.conf" value="/home/runner/work/ozone/ozone/hadoop-ozone/integration-test/target/test-classes/krb5.conf"/>
    <property name="basedir" value="/home/runner/work/ozone/ozone/hadoop-ozone/integration-test"/>
    <property name="file.separator" value="/"/>
    <property name="line.separator" value="&#10;"/>
    <property name="java.vm.specification.vendor" value="Oracle Corporation"/>
    <property name="java.specification.name" value="Java Platform API Specification"/>
    <property name="java.awt.graphicsenv" value="sun.awt.X11GraphicsEnvironment"/>
    <property name="skip.installnpx" value="true"/>
    <property name="surefire.real.class.path" value="/home/runner/work/ozone/ozone/hadoop-ozone/integration-test/target/surefire/surefirebooter1677101644999124538.jar:/home/runner/.m2/repository/org/jacoco/org.jacoco.agent/0.8.5/org.jacoco.agent-0.8.5-runtime.jar"/>
    <property name="hadoop.log.dir" value="/home/runner/work/ozone/ozone/hadoop-ozone/integration-test/target/log"/>
    <property name="sun.boot.class.path" value="/usr/lib/jvm/adoptopenjdk-8-hotspot-amd64/jre/lib/resources.jar:/usr/lib/jvm/adoptopenjdk-8-hotspot-amd64/jre/lib/rt.jar:/usr/lib/jvm/adoptopenjdk-8-hotspot-amd64/jre/lib/sunrsasign.jar:/usr/lib/jvm/adoptopenjdk-8-hotspot-amd64/jre/lib/jsse.jar:/usr/lib/jvm/adoptopenjdk-8-hotspot-amd64/jre/lib/jce.jar:/usr/lib/jvm/adoptopenjdk-8-hotspot-amd64/jre/lib/charsets.jar:/usr/lib/jvm/adoptopenjdk-8-hotspot-amd64/jre/lib/jfr.jar:/usr/lib/jvm/adoptopenjdk-8-hotspot-amd64/jre/classes"/>
    <property name="sun.management.compiler" value="HotSpot 64-Bit Tiered Compilers"/>
    <property name="skip.npx" value="true"/>
    <property name="java.runtime.version" value="1.8.0_292-b10"/>
    <property name="java.net.preferIPv4Stack" value="true"/>
    <property name="user.name" value="runner"/>
    <property name="path.separator" value=":"/>
    <property name="java.security.egd" value="file:///dev/urandom"/>
    <property name="os.version" value="5.4.0-1055-azure"/>
    <property name="java.endorsed.dirs" value="/usr/lib/jvm/adoptopenjdk-8-hotspot-amd64/jre/lib/endorsed"/>
    <property name="java.runtime.name" value="OpenJDK Runtime Environment"/>
    <property name="file.encoding" value="UTF-8"/>
    <property name="java.vm.name" value="OpenJDK 64-Bit Server VM"/>
    <property name="test.build.webapps" value=""/>
    <property name="localRepository" value="/home/runner/.m2/repository"/>
    <property name="java.vendor.url.bug" value="https://github.com/AdoptOpenJDK/openjdk-support/issues"/>
    <property name="java.io.tmpdir" value="/tmp"/>
    <property name="require.test.libhadoop" value=""/>
    <property name="java.version" value="1.8.0_292"/>
    <property name="user.dir" value="/home/runner/work/ozone/ozone/hadoop-ozone/integration-test"/>
    <property name="os.arch" value="amd64"/>
    <property name="java.vm.specification.name" value="Java Virtual Machine Specification"/>
    <property name="test.build.classes" value="/home/runner/work/ozone/ozone/hadoop-ozone/integration-test/target/test-classes"/>
    <property name="java.awt.printerjob" value="sun.print.PSPrinterJob"/>
    <property name="sun.os.patch.level" value="unknown"/>
    <property name="hadoop.tmp.dir" value="/home/runner/work/ozone/ozone/hadoop-ozone/integration-test/target/tmp"/>
    <property name="java.library.path" value="/usr/java/packages/lib/amd64:/usr/lib64:/lib64:/lib:/usr/lib"/>
    <property name="java.vm.info" value="mixed mode"/>
    <property name="java.vendor" value="AdoptOpenJDK"/>
    <property name="java.vm.version" value="25.292-b10"/>
    <property name="java.ext.dirs" value="/usr/lib/jvm/adoptopenjdk-8-hotspot-amd64/jre/lib/ext:/usr/java/packages/lib/ext"/>
    <property name="sun.io.unicode.encoding" value="UnicodeLittle"/>
    <property name="java.class.version" value="52.0"/>
  </properties>
  <testcase name="testBlockDeleteCommandParallelProcess" classname="org.apache.hadoop.ozone.container.common.statemachine.commandhandler.TestBlockDeletion" time="51.944"/>
  <testcase name="testContainerStatisticsAfterDelete" classname="org.apache.hadoop.ozone.container.common.statemachine.commandhandler.TestBlockDeletion" time="85.805">
    <failure message="expected:&lt;DELETED&gt; but was:&lt;DELETING&gt;" type="java.lang.AssertionError"><![CDATA[java.lang.AssertionError: expected:<DELETED> but was:<DELETING>
	at org.junit.Assert.fail(Assert.java:89)
	at org.junit.Assert.failNotEquals(Assert.java:835)
	at org.junit.Assert.assertEquals(Assert.java:120)
	at org.junit.Assert.assertEquals(Assert.java:146)
	at org.apache.hadoop.ozone.container.common.statemachine.commandhandler.TestBlockDeletion.lambda$testContainerStatisticsAfterDelete$13(TestBlockDeletion.java:374)
	at java.util.ArrayList$ArrayListSpliterator.forEachRemaining(ArrayList.java:1384)
	at java.util.stream.ReferencePipeline$Head.forEach(ReferencePipeline.java:647)
	at org.apache.hadoop.ozone.container.common.statemachine.commandhandler.TestBlockDeletion.testContainerStatisticsAfterDelete(TestBlockDeletion.java:373)
	at sun.reflect.NativeMethodAccessorImpl.invoke0(Native Method)
	at sun.reflect.NativeMethodAccessorImpl.invoke(NativeMethodAccessorImpl.java:62)
	at sun.reflect.DelegatingMethodAccessorImpl.invoke(DelegatingMethodAccessorImpl.java:43)
	at java.lang.reflect.Method.invoke(Method.java:498)
	at org.junit.runners.model.FrameworkMethod$1.runReflectiveCall(FrameworkMethod.java:59)
	at org.junit.internal.runners.model.ReflectiveCallable.run(ReflectiveCallable.java:12)
	at org.junit.runners.model.FrameworkMethod.invokeExplosively(FrameworkMethod.java:56)
	at org.junit.internal.runners.statements.InvokeMethod.evaluate(InvokeMethod.java:17)
	at org.junit.internal.runners.statements.RunBefores.evaluate(RunBefores.java:26)
	at org.junit.internal.runners.statements.RunAfters.evaluate(RunAfters.java:27)
	at org.junit.runners.ParentRunner$3.evaluate(ParentRunner.java:306)
	at org.junit.runners.BlockJUnit4ClassRunner$1.evaluate(BlockJUnit4ClassRunner.java:100)
	at org.junit.runners.ParentRunner.runLeaf(ParentRunner.java:366)
	at org.junit.runners.BlockJUnit4ClassRunner.runChild(BlockJUnit4ClassRunner.java:103)
	at org.junit.runners.BlockJUnit4ClassRunner.runChild(BlockJUnit4ClassRunner.java:63)
	at org.junit.runners.ParentRunner$4.run(ParentRunner.java:331)
	at org.junit.runners.ParentRunner$1.schedule(ParentRunner.java:79)
	at org.junit.runners.ParentRunner.runChildren(ParentRunner.java:329)
	at org.junit.runners.ParentRunner.access$100(ParentRunner.java:66)
	at org.junit.runners.ParentRunner$2.evaluate(ParentRunner.java:293)
	at org.junit.runners.ParentRunner$3.evaluate(ParentRunner.java:306)
	at org.junit.runners.ParentRunner.run(ParentRunner.java:413)
	at org.junit.runner.JUnitCore.run(JUnitCore.java:137)
	at org.junit.runner.JUnitCore.run(JUnitCore.java:115)
	at org.junit.vintage.engine.execution.RunnerExecutor.execute(RunnerExecutor.java:43)
	at java.util.stream.ForEachOps$ForEachOp$OfRef.accept(ForEachOps.java:183)
	at java.util.stream.ReferencePipeline$3$1.accept(ReferencePipeline.java:193)
	at java.util.Iterator.forEachRemaining(Iterator.java:116)
	at java.util.Spliterators$IteratorSpliterator.forEachRemaining(Spliterators.java:1801)
	at java.util.stream.AbstractPipeline.copyInto(AbstractPipeline.java:482)
	at java.util.stream.AbstractPipeline.wrapAndCopyInto(AbstractPipeline.java:472)
	at java.util.stream.ForEachOps$ForEachOp.evaluateSequential(ForEachOps.java:150)
	at java.util.stream.ForEachOps$ForEachOp$OfRef.evaluateSequential(ForEachOps.java:173)
	at java.util.stream.AbstractPipeline.evaluate(AbstractPipeline.java:234)
	at java.util.stream.ReferencePipeline.forEach(ReferencePipeline.java:485)
	at org.junit.vintage.engine.VintageTestEngine.executeAllChildren(VintageTestEngine.java:82)
	at org.junit.vintage.engine.VintageTestEngine.execute(VintageTestEngine.java:73)
	at org.junit.platform.launcher.core.EngineExecutionOrchestrator.execute(EngineExecutionOrchestrator.java:108)
	at org.junit.platform.launcher.core.EngineExecutionOrchestrator.execute(EngineExecutionOrchestrator.java:88)
	at org.junit.platform.launcher.core.EngineExecutionOrchestrator.lambda$execute$0(EngineExecutionOrchestrator.java:54)
	at org.junit.platform.launcher.core.EngineExecutionOrchestrator.withInterceptedStreams(EngineExecutionOrchestrator.java:67)
	at org.junit.platform.launcher.core.EngineExecutionOrchestrator.execute(EngineExecutionOrchestrator.java:52)
	at org.junit.platform.launcher.core.DefaultLauncher.execute(DefaultLauncher.java:96)
	at org.junit.platform.launcher.core.DefaultLauncher.execute(DefaultLauncher.java:75)
	at org.apache.maven.surefire.junitplatform.JUnitPlatformProvider.invokeAllTests(JUnitPlatformProvider.java:142)
	at org.apache.maven.surefire.junitplatform.JUnitPlatformProvider.invoke(JUnitPlatformProvider.java:113)
	at org.apache.maven.surefire.booter.ForkedBooter.invokeProviderInSameClassLoader(ForkedBooter.java:384)
	at org.apache.maven.surefire.booter.ForkedBooter.runSuitesInProcess(ForkedBooter.java:345)
	at org.apache.maven.surefire.booter.ForkedBooter.execute(ForkedBooter.java:126)
	at org.apache.maven.surefire.booter.ForkedBooter.main(ForkedBooter.java:418)
]]></failure>
    <system-out><![CDATA[2021-08-16 02:08:56,955 [Listener at 127.0.0.1/38429] WARN  server.ServerUtils (ServerUtils.java:getScmDbDir(148)) - ozone.scm.db.dirs is not configured. We recommend adding this setting. Falling back to ozone.metadata.dirs instead.
2021-08-16 02:08:56,976 [Listener at 127.0.0.1/38429] INFO  ha.SCMHANodeDetails (SCMHANodeDetails.java:loadSCMHAConfig(157)) - ServiceID for StorageContainerManager is null
2021-08-16 02:08:56,977 [Listener at 127.0.0.1/38429] INFO  ha.SCMHANodeDetails (SCMHANodeDetails.java:loadSCMHAConfig(162)) - ozone.scm.default.service.id is not defined, falling back to ozone.scm.service.ids to find serviceID for StorageContainerManager if it is HA enabled cluster
2021-08-16 02:08:56,977 [Listener at 127.0.0.1/38429] WARN  server.ServerUtils (ServerUtils.java:getScmDbDir(148)) - ozone.scm.db.dirs is not configured. We recommend adding this setting. Falling back to ozone.metadata.dirs instead.
2021-08-16 02:08:56,978 [Listener at 127.0.0.1/38429] INFO  upgrade.AbstractLayoutVersionManager (AbstractLayoutVersionManager.java:init(70)) - Initializing Layout version manager with metadata layout = SCM_HA (version = 2), software layout = SCM_HA (version = 2)
2021-08-16 02:08:57,062 [Listener at 127.0.0.1/38429] INFO  reflections.Reflections (Reflections.java:scan(232)) - Reflections took 83 ms to scan 7 urls, producing 120 keys and 275 values 
2021-08-16 02:08:57,089 [Listener at 127.0.0.1/38429] WARN  utils.HAUtils (HAUtils.java:getMetaDir(342)) - ozone.scm.db.dirs is not configured. We recommend adding this setting. Falling back to ozone.metadata.dirs instead.
2021-08-16 02:08:57,090 [Listener at 127.0.0.1/38429] WARN  db.DBStoreBuilder (DBStoreBuilder.java:applyDBDefinition(145)) - ozone.scm.db.dirs is not configured. We recommend adding this setting. Falling back to ozone.metadata.dirs instead.
2021-08-16 02:08:57,206 [Listener at 127.0.0.1/38429] INFO  net.NodeSchemaLoader (NodeSchemaLoader.java:loadSchemaFromFile(129)) - Loading schema from [jar:file:/home/runner/.m2/repository/org/apache/ozone/hdds-common/1.2.0-SNAPSHOT/hdds-common-1.2.0-SNAPSHOT.jar!/network-topology-default.xml]
2021-08-16 02:08:57,206 [Listener at 127.0.0.1/38429] INFO  net.NodeSchemaLoader (NodeSchemaLoader.java:loadSchema(176)) - Loading network topology layer schema file
2021-08-16 02:08:57,211 [Listener at 127.0.0.1/38429] INFO  ha.SequenceIdGenerator (SequenceIdGenerator.java:upgradeToSequenceId(327)) - upgrade localId to 107544261427200000
2021-08-16 02:08:57,211 [Listener at 127.0.0.1/38429] INFO  ha.SequenceIdGenerator (SequenceIdGenerator.java:upgradeToSequenceId(337)) - upgrade delTxnId to 0
2021-08-16 02:08:57,211 [Listener at 127.0.0.1/38429] INFO  ha.SequenceIdGenerator (SequenceIdGenerator.java:upgradeToSequenceId(351)) - upgrade containerId to 0
2021-08-16 02:08:57,211 [Listener at 127.0.0.1/38429] INFO  ha.SequenceIdGenerator (SequenceIdGenerator.java:<init>(217)) - Init the HA SequenceIdGenerator.
2021-08-16 02:08:57,230 [Listener at 127.0.0.1/38429] INFO  node.SCMNodeManager (SCMNodeManager.java:<init>(145)) - Entering startup safe mode.
2021-08-16 02:08:57,231 [Listener at 127.0.0.1/38429] INFO  algorithms.ContainerPlacementPolicyFactory (ContainerPlacementPolicyFactory.java:getPolicy(60)) - Create container placement policy of type org.apache.hadoop.hdds.scm.container.placement.algorithms.SCMContainerPlacementRandom
2021-08-16 02:08:57,231 [Listener at 127.0.0.1/38429] INFO  pipeline.PipelineStateManager (PipelineStateManagerV2Impl.java:initialize(78)) - No pipeline exists in current db
2021-08-16 02:08:57,231 [Listener at 127.0.0.1/38429] INFO  algorithms.LeaderChoosePolicyFactory (LeaderChoosePolicyFactory.java:getPolicy(57)) - Create leader choose policy of type org.apache.hadoop.hdds.scm.pipeline.leader.choose.algorithms.MinLeaderCountChoosePolicy
2021-08-16 02:08:57,231 [Listener at 127.0.0.1/38429] INFO  ha.SCMServiceManager (SCMServiceManager.java:register(43)) - Registering service BackgroundPipelineCreator.
2021-08-16 02:08:57,232 [Listener at 127.0.0.1/38429] INFO  pipeline.BackgroundPipelineCreator (BackgroundPipelineCreatorV2.java:start(130)) - Starting RatisPipelineUtilsThread.
2021-08-16 02:08:57,248 [Listener at 127.0.0.1/38429] INFO  algorithms.PipelineChoosePolicyFactory (PipelineChoosePolicyFactory.java:createPipelineChoosePolicyFromClass(73)) - Create pipeline choose policy of type org.apache.hadoop.hdds.scm.pipeline.choose.algorithms.RandomPipelineChoosePolicy
2021-08-16 02:08:57,249 [Listener at 127.0.0.1/38429] INFO  ha.SCMServiceManager (SCMServiceManager.java:register(43)) - Registering service SCMBlockDeletingService.
2021-08-16 02:08:57,249 [Listener at 127.0.0.1/38429] INFO  ha.SCMServiceManager (SCMServiceManager.java:register(43)) - Registering service ReplicationManager.
2021-08-16 02:08:57,249 [Listener at 127.0.0.1/38429] INFO  container.ReplicationManager (ReplicationManager.java:start(286)) - Starting Replication Monitor Thread.
2021-08-16 02:08:57,256 [Listener at 127.0.0.1/38429] INFO  safemode.ContainerSafeModeRule (ContainerSafeModeRule.java:<init>(89)) - containers with one replica threshold count 0
2021-08-16 02:08:57,256 [Listener at 127.0.0.1/38429] INFO  safemode.HealthyPipelineSafeModeRule (HealthyPipelineSafeModeRule.java:initializeRule(156)) - Total pipeline count is 0, healthy pipeline threshold count is 1
2021-08-16 02:08:57,256 [Listener at 127.0.0.1/38429] INFO  safemode.OneReplicaPipelineSafeModeRule (OneReplicaPipelineSafeModeRule.java:initializeRule(180)) - Total pipeline count is 0, pipeline's with at least one datanode reported threshold count is 0
2021-08-16 02:08:57,260 [ReplicationMonitor] INFO  container.ReplicationManager (ReplicationManager.java:processAll(341)) - Replication Monitor Thread took 0 milliseconds for processing 0 containers.
2021-08-16 02:08:57,261 [Listener at 127.0.0.1/38429] INFO  ipc.CallQueueManager (CallQueueManager.java:<init>(90)) - Using callQueue: class java.util.concurrent.LinkedBlockingQueue, queueCapacity: 2000, scheduler: class org.apache.hadoop.ipc.DefaultRpcScheduler, ipcBackoff: false.
2021-08-16 02:08:57,272 [Socket Reader #1 for port 0] INFO  ipc.Server (Server.java:run(1265)) - Starting Socket Reader #1 for port 0
2021-08-16 02:08:57,273 [Listener at 0.0.0.0/39111] INFO  ipc.CallQueueManager (CallQueueManager.java:<init>(90)) - Using callQueue: class java.util.concurrent.LinkedBlockingQueue, queueCapacity: 2000, scheduler: class org.apache.hadoop.ipc.DefaultRpcScheduler, ipcBackoff: false.
2021-08-16 02:08:57,278 [Socket Reader #1 for port 0] INFO  ipc.Server (Server.java:run(1265)) - Starting Socket Reader #1 for port 0
2021-08-16 02:08:57,281 [Listener at 0.0.0.0/41167] INFO  ipc.CallQueueManager (CallQueueManager.java:<init>(90)) - Using callQueue: class java.util.concurrent.LinkedBlockingQueue, queueCapacity: 2000, scheduler: class org.apache.hadoop.ipc.DefaultRpcScheduler, ipcBackoff: false.
2021-08-16 02:08:57,283 [Socket Reader #1 for port 0] INFO  ipc.Server (Server.java:run(1265)) - Starting Socket Reader #1 for port 0
2021-08-16 02:08:57,373 [Listener at 0.0.0.0/40915] INFO  algorithms.ContainerPlacementPolicyFactory (ContainerPlacementPolicyFactory.java:getPolicy(60)) - Create container placement policy of type org.apache.hadoop.hdds.scm.container.placement.algorithms.SCMContainerPlacementRandom
2021-08-16 02:08:57,373 [Listener at 0.0.0.0/40915] INFO  server.StorageContainerManager (StorageContainerManager.java:<init>(383)) - 
Container Balancer status:
Key                            Value
Running                        false
Container Balancer Configuration values:
Key                                                Value
Threshold                                          0.1
Max Datanodes to Involve per Iteration(ratio)      0.5
Max Size to Move per Iteration                     10737418240B

2021-08-16 02:08:57,373 [Listener at 0.0.0.0/40915] WARN  events.EventQueue (EventQueue.java:fireEvent(194)) - No event handler registered for event TypedEvent{payloadType=SafeModeStatus, name='Safe mode status'}
2021-08-16 02:08:57,373 [Listener at 0.0.0.0/40915] INFO  ha.SCMContext (SCMContext.java:updateSafeModeStatus(205)) - Update SafeModeStatus from SafeModeStatus{safeModeStatus=true, preCheckPassed=false} to SafeModeStatus{safeModeStatus=true, preCheckPassed=false}.
2021-08-16 02:08:57,374 [Listener at 0.0.0.0/40915] INFO  server.StorageContainerManager (StorageContainerManager.java:start(1249)) - StorageContainerLocationProtocol RPC server is listening at /0.0.0.0:40915
2021-08-16 02:08:57,381 [Listener at 0.0.0.0/40915] WARN  impl.MetricsConfig (MetricsConfig.java:loadFirst(136)) - Cannot locate configuration: tried hadoop-metrics2-storagecontainermanager.properties,hadoop-metrics2.properties
2021-08-16 02:08:57,388 [Listener at 0.0.0.0/40915] INFO  impl.MetricsSystemImpl (MetricsSystemImpl.java:startTimer(378)) - Scheduled Metric snapshot period at 10 second(s).
2021-08-16 02:08:57,388 [Listener at 0.0.0.0/40915] INFO  impl.MetricsSystemImpl (MetricsSystemImpl.java:start(191)) - StorageContainerManager metrics system started
2021-08-16 02:08:57,400 [Listener at 0.0.0.0/40915] INFO  impl.MetricsSinkAdapter (MetricsSinkAdapter.java:start(204)) - Sink prometheus started
2021-08-16 02:08:57,400 [Listener at 0.0.0.0/40915] INFO  impl.MetricsSystemImpl (MetricsSystemImpl.java:registerSink(305)) - Registered sink prometheus
2021-08-16 02:08:57,460 [Listener at 0.0.0.0/40915] INFO  server.SCMClientProtocolServer (SCMClientProtocolServer.java:start(164)) - RPC server for Client  is listening at /0.0.0.0:40915
2021-08-16 02:08:57,464 [IPC Server Responder] INFO  ipc.Server (Server.java:run(1507)) - IPC Server Responder: starting
2021-08-16 02:08:57,475 [IPC Server listener on 0] INFO  ipc.Server (Server.java:run(1344)) - IPC Server listener on 0: starting
2021-08-16 02:08:57,564 [Listener at 0.0.0.0/40915] INFO  server.StorageContainerManager (StorageContainerManager.java:start(1264)) - ScmBlockLocationProtocol RPC server is listening at /0.0.0.0:41167
2021-08-16 02:08:57,564 [Listener at 0.0.0.0/40915] INFO  server.SCMBlockProtocolServer (SCMBlockProtocolServer.java:start(151)) - RPC server for Block Protocol is listening at /0.0.0.0:41167
2021-08-16 02:08:57,572 [IPC Server Responder] INFO  ipc.Server (Server.java:run(1507)) - IPC Server Responder: starting
2021-08-16 02:08:57,572 [IPC Server listener on 0] INFO  ipc.Server (Server.java:run(1344)) - IPC Server listener on 0: starting
2021-08-16 02:08:57,693 [Listener at 0.0.0.0/40915] INFO  server.StorageContainerManager (StorageContainerManager.java:start(1270)) - ScmDatanodeProtocl RPC server is listening at /0.0.0.0:39111
2021-08-16 02:08:57,693 [Listener at 0.0.0.0/40915] INFO  server.SCMDatanodeProtocolServer (SCMDatanodeProtocolServer.java:start(181)) - RPC server for DataNodes is listening at /0.0.0.0:39111
2021-08-16 02:08:57,694 [IPC Server Responder] INFO  ipc.Server (Server.java:run(1507)) - IPC Server Responder: starting
2021-08-16 02:08:57,694 [IPC Server listener on 0] INFO  ipc.Server (Server.java:run(1344)) - IPC Server listener on 0: starting
2021-08-16 02:08:57,705 [Listener at 0.0.0.0/40915] INFO  http.BaseHttpServer (BaseHttpServer.java:newHttpServer2BuilderForOzone(209)) - Starting Web-server for scm at: http://0.0.0.0:0
2021-08-16 02:08:57,705 [Listener at 0.0.0.0/40915] INFO  http.BaseHttpServer (BaseHttpServer.java:<init>(107)) - Hadoop Security Enabled: false Ozone Security Enabled: false Ozone HTTP Security Enabled: false 
2021-08-16 02:08:57,707 [Listener at 0.0.0.0/40915] INFO  server.AuthenticationFilter (AuthenticationFilter.java:constructSecretProvider(240)) - Unable to initialize FileSignerSecretProvider, falling back to use random secrets.
2021-08-16 02:08:57,708 [Listener at 0.0.0.0/40915] WARN  http.HttpRequestLog (HttpRequestLog.java:getRequestLog(103)) - Jetty request log can only be enabled using Log4j
2021-08-16 02:08:57,709 [org.apache.hadoop.util.JvmPauseMonitor$Monitor@2e3991bd] INFO  util.JvmPauseMonitor (JvmPauseMonitor.java:run(188)) - Starting JVM pause monitor
2021-08-16 02:08:57,717 [Listener at 0.0.0.0/40915] INFO  http.HttpServer2 (HttpServer2.java:addGlobalFilter(1020)) - Added global filter 'safety' (class=org.apache.hadoop.hdds.server.http.HttpServer2$QuotingInputFilter)
2021-08-16 02:08:57,723 [Listener at 0.0.0.0/40915] INFO  http.HttpServer2 (HttpServer2.java:addFilter(996)) - Added filter static_user_filter (class=org.apache.hadoop.http.lib.StaticUserWebFilter$StaticUserFilter) to context scm
2021-08-16 02:08:57,725 [Listener at 0.0.0.0/40915] INFO  http.HttpServer2 (HttpServer2.java:addFilter(1004)) - Added filter static_user_filter (class=org.apache.hadoop.http.lib.StaticUserWebFilter$StaticUserFilter) to context logs
2021-08-16 02:08:57,725 [Listener at 0.0.0.0/40915] INFO  http.HttpServer2 (HttpServer2.java:addFilter(1004)) - Added filter static_user_filter (class=org.apache.hadoop.http.lib.StaticUserWebFilter$StaticUserFilter) to context static
2021-08-16 02:08:57,725 [Listener at 0.0.0.0/40915] INFO  http.HttpServer2 (HttpServer2.java:bindListener(1239)) - Jetty bound to port 38517
2021-08-16 02:08:57,727 [Listener at 0.0.0.0/40915] INFO  server.Server (Server.java:doStart(375)) - jetty-9.4.43.v20210629; built: 2021-06-30T11:07:22.254Z; git: 526006ecfa3af7f1a27ef3a288e2bef7ea9dd7e8; jvm 1.8.0_292-b10
2021-08-16 02:08:57,758 [Listener at 0.0.0.0/40915] INFO  server.session (DefaultSessionIdManager.java:doStart(334)) - DefaultSessionIdManager workerName=node0
2021-08-16 02:08:57,758 [Listener at 0.0.0.0/40915] INFO  server.session (DefaultSessionIdManager.java:doStart(339)) - No SessionScavenger set, using defaults
2021-08-16 02:08:57,758 [Listener at 0.0.0.0/40915] INFO  server.session (HouseKeeper.java:startScavenging(132)) - node0 Scavenging every 660000ms
2021-08-16 02:08:57,759 [Listener at 0.0.0.0/40915] INFO  handler.ContextHandler (ContextHandler.java:doStart(915)) - Started o.e.j.s.ServletContextHandler@475c02b5{logs,/logs,file:///home/runner/work/ozone/ozone/hadoop-ozone/integration-test/target/log,AVAILABLE}
2021-08-16 02:08:57,759 [Listener at 0.0.0.0/40915] INFO  handler.ContextHandler (ContextHandler.java:doStart(915)) - Started o.e.j.s.ServletContextHandler@1aac10b5{static,/static,file:///home/runner/work/ozone/ozone/hadoop-ozone/integration-test/target/test-classes/webapps/static,AVAILABLE}
2021-08-16 02:08:57,763 [Listener at 0.0.0.0/40915] INFO  handler.ContextHandler (ContextHandler.java:doStart(915)) - Started o.e.j.w.WebAppContext@71e67dd6{scm,/,file:///home/runner/work/ozone/ozone/hadoop-ozone/integration-test/target/test-classes/webapps/scm/,AVAILABLE}{file:/home/runner/work/ozone/ozone/hadoop-ozone/integration-test/target/test-classes/webapps/scm}
2021-08-16 02:08:57,776 [Listener at 0.0.0.0/40915] INFO  server.AbstractConnector (AbstractConnector.java:doStart(331)) - Started ServerConnector@53a51411{HTTP/1.1, (http/1.1)}{0.0.0.0:38517}
2021-08-16 02:08:57,776 [Listener at 0.0.0.0/40915] INFO  server.Server (Server.java:doStart(415)) - Started @53901ms
2021-08-16 02:08:57,777 [Listener at 0.0.0.0/40915] WARN  impl.MetricsSystemImpl (MetricsSystemImpl.java:register(279)) - Sink prometheus already exists!
2021-08-16 02:08:57,778 [Listener at 0.0.0.0/40915] INFO  http.BaseHttpServer (BaseHttpServer.java:updateConnectorAddress(329)) - HTTP server of scm listening at http://0.0.0.0:38517
2021-08-16 02:08:57,778 [Listener at 0.0.0.0/40915] WARN  server.ServerUtils (ServerUtils.java:getDBPath(225)) - ozone.om.db.dirs is not configured. We recommend adding this setting. Falling back to ozone.metadata.dirs instead.
2021-08-16 02:08:57,780 [Listener at 0.0.0.0/40915] INFO  ha.OMHANodeDetails (OMHANodeDetails.java:loadOMHAConfig(112)) - ozone.om.internal.service.id is not defined, falling back to ozone.om.service.ids to find serviceID for OzoneManager if it is HA enabled cluster
2021-08-16 02:08:57,780 [Listener at 0.0.0.0/40915] INFO  ha.OMHANodeDetails (OMHANodeDetails.java:loadOMHAConfig(219)) - Configuration does not have ozone.om.address set. Falling back to the default OM address /127.0.0.1:0
2021-08-16 02:08:57,781 [Listener at 0.0.0.0/40915] INFO  ha.OMHANodeDetails (OMHANodeDetails.java:getOMNodeDetails(247)) - OM Service ID is not set. Setting it to the default ID: omServiceIdDefault
2021-08-16 02:08:57,781 [Listener at 0.0.0.0/40915] INFO  ha.OMHANodeDetails (OMHANodeDetails.java:getOMNodeDetails(254)) - OM Node ID is not set. Setting it to the default ID: om1
2021-08-16 02:08:57,781 [Listener at 0.0.0.0/40915] WARN  server.ServerUtils (ServerUtils.java:getDBPath(225)) - ozone.om.db.dirs is not configured. We recommend adding this setting. Falling back to ozone.metadata.dirs instead.
2021-08-16 02:08:57,781 [Listener at 0.0.0.0/40915] INFO  upgrade.AbstractLayoutVersionManager (AbstractLayoutVersionManager.java:init(70)) - Initializing Layout version manager with metadata layout = INITIAL_VERSION (version = 0), software layout = INITIAL_VERSION (version = 0)
2021-08-16 02:08:57,908 [Listener at 0.0.0.0/40915] INFO  reflections.Reflections (Reflections.java:scan(232)) - Reflections took 126 ms to scan 2 urls, producing 131 keys and 342 values [using 2 cores]
2021-08-16 02:08:57,908 [Listener at 0.0.0.0/40915] INFO  upgrade.OMLayoutVersionManager (OMLayoutVersionManager.java:lambda$0(116)) - Skipping Upgrade Action MockOmUpgradeAction since it has been finalized.
2021-08-16 02:08:57,908 [Listener at 0.0.0.0/40915] WARN  server.ServerUtils (ServerUtils.java:getDBPath(225)) - ozone.om.db.dirs is not configured. We recommend adding this setting. Falling back to ozone.metadata.dirs instead.
2021-08-16 02:08:57,925 [Listener at 0.0.0.0/40915] WARN  server.ServerUtils (ServerUtils.java:getDBPath(225)) - ozone.om.db.dirs is not configured. We recommend adding this setting. Falling back to ozone.metadata.dirs instead.
2021-08-16 02:08:57,926 [Listener at 0.0.0.0/40915] INFO  codec.OmKeyInfoCodec (OmKeyInfoCodec.java:<init>(51)) - OmKeyInfoCodec ignorePipeline = true
2021-08-16 02:08:57,926 [Listener at 0.0.0.0/40915] INFO  codec.RepeatedOmKeyInfoCodec (RepeatedOmKeyInfoCodec.java:<init>(42)) - RepeatedOmKeyInfoCodec ignorePipeline = true
2021-08-16 02:08:58,185 [Listener at 0.0.0.0/40915] INFO  om.OzoneManager (OzoneManager.java:addS3GVolumeToDB(4115)) - Created Volume s3v With Owner runner required for S3Gateway operations.
2021-08-16 02:08:58,185 [Listener at 0.0.0.0/40915] WARN  server.ServerUtils (ServerUtils.java:getDefaultRatisDirectory(237)) - Storage directory for Ratis is not configured. It is a good idea to map this to an SSD disk. Falling back to ozone.metadata.dirs
2021-08-16 02:08:58,188 [Listener at 0.0.0.0/40915] WARN  utils.OzoneManagerRatisUtils (OzoneManagerRatisUtils.java:getOMRatisSnapshotDirectory(391)) - ozone.om.ratis.snapshot.dir is not configured. Falling back to ozone.metadata.dirs config
2021-08-16 02:08:58,189 [Listener at 0.0.0.0/40915] WARN  impl.MetricRegistriesImpl (MetricRegistriesImpl.java:addReporterRegistration(111)) - New reporters are added after registries were created. Some metrics will be missing from the reporter. Please add reporter before adding any new registry.
2021-08-16 02:08:58,189 [Listener at 0.0.0.0/40915] WARN  impl.MetricRegistriesImpl (MetricRegistriesImpl.java:addReporterRegistration(111)) - New reporters are added after registries were created. Some metrics will be missing from the reporter. Please add reporter before adding any new registry.
2021-08-16 02:08:58,189 [Listener at 0.0.0.0/40915] WARN  server.ServerUtils (ServerUtils.java:getDefaultRatisDirectory(237)) - Storage directory for Ratis is not configured. It is a good idea to map this to an SSD disk. Falling back to ozone.metadata.dirs
2021-08-16 02:08:58,190 [Listener at 0.0.0.0/40915] INFO  ratis.OzoneManagerRatisServer (OzoneManagerRatisServer.java:<init>(158)) - Instantiating OM Ratis server with groupID: omServiceIdDefault and peers: localhost:9872
2021-08-16 02:08:58,190 [Listener at 0.0.0.0/40915] INFO  ratis.OzoneManagerStateMachine (OzoneManagerStateMachine.java:loadSnapshotInfoFromDB(605)) - LastAppliedIndex is set from TransactionInfo from OM DB as (t:0, i:~)
2021-08-16 02:08:58,198 [Listener at 0.0.0.0/40915] INFO  server.RaftServer (ConfUtils.java:logGet(44)) - raft.rpc.type = GRPC (default)
2021-08-16 02:08:58,199 [Listener at 0.0.0.0/40915] INFO  grpc.GrpcFactory (GrpcFactory.java:checkPooledByteBufAllocatorUseCacheForAllThreads(48)) - PERFORMANCE WARNING: useCacheForAllThreads is true that may cause Netty to create a lot garbage objects and, as a result, trigger GC.
	It is recommended to disable useCacheForAllThreads by setting -Dorg.apache.ratis.thirdparty.io.netty.allocator.useCacheForAllThreads=false in command line.
2021-08-16 02:08:58,199 [Listener at 0.0.0.0/40915] INFO  grpc.GrpcConfigKeys (ConfUtils.java:logGet(44)) - raft.grpc.admin.port = -1 (default)
2021-08-16 02:08:58,208 [Listener at 0.0.0.0/40915] INFO  grpc.GrpcConfigKeys (ConfUtils.java:logGet(44)) - raft.grpc.server.port = 9872 (custom)
2021-08-16 02:08:58,208 [Listener at 0.0.0.0/40915] INFO  grpc.GrpcConfigKeys (ConfUtils.java:logGet(44)) - raft.grpc.client.port = -1 (default)
2021-08-16 02:08:58,208 [Listener at 0.0.0.0/40915] INFO  grpc.GrpcConfigKeys (ConfUtils.java:logGet(44)) - raft.grpc.server.port = 9872 (custom)
2021-08-16 02:08:58,208 [Listener at 0.0.0.0/40915] INFO  grpc.GrpcConfigKeys (ConfUtils.java:logGet(44)) - raft.grpc.server.port = 9872 (custom)
2021-08-16 02:08:58,208 [Listener at 0.0.0.0/40915] INFO  server.GrpcService (ConfUtils.java:logGet(44)) - raft.grpc.message.size.max = 33554432 (custom)
2021-08-16 02:08:58,208 [Listener at 0.0.0.0/40915] INFO  server.RaftServerConfigKeys (ConfUtils.java:logGet(44)) - raft.server.log.appender.buffer.byte-limit = 33554432 (custom)
2021-08-16 02:08:58,209 [Listener at 0.0.0.0/40915] INFO  server.GrpcService (ConfUtils.java:logGet(44)) - raft.grpc.flow.control.window = 1MB (=1048576) (default)
2021-08-16 02:08:58,209 [Listener at 0.0.0.0/40915] INFO  server.RaftServerConfigKeys (ConfUtils.java:logGet(44)) - raft.server.rpc.request.timeout = 3000ms (default)
2021-08-16 02:08:58,210 [Listener at 0.0.0.0/40915] INFO  impl.DataStreamServerImpl (ConfUtils.java:logGet(44)) - raft.datastream.type = DISABLED (default)
2021-08-16 02:08:58,210 [Listener at 0.0.0.0/40915] INFO  server.RaftServerConfigKeys (ConfUtils.java:logGet(44)) - raft.server.rpc.slowness.timeout = 120s (custom)
2021-08-16 02:08:58,210 [Listener at 0.0.0.0/40915] INFO  server.RaftServerConfigKeys (ConfUtils.java:logGet(44)) - raft.server.leaderelection.leader.step-down.wait-time = 10s (default)
2021-08-16 02:08:58,211 [Listener at 0.0.0.0/40915] INFO  server.RaftServerConfigKeys (ConfUtils.java:logGet(44)) - raft.server.storage.dir = [/home/runner/work/ozone/ozone/hadoop-ozone/integration-test/target/test-dir/MiniOzoneClusterImpl-6c1f9dad-945a-4399-911a-83f70586d44a/ozone-meta/ratis] (custom)
2021-08-16 02:08:58,220 [Listener at 0.0.0.0/40915] INFO  server.RaftServer (RaftServerProxy.java:addNew(95)) - om1: addNew group-C5BA1605619E:[om1|rpc:localhost:9872|priority:0] returns group-C5BA1605619E:java.util.concurrent.CompletableFuture@29174934[Not completed]
2021-08-16 02:08:58,220 [Listener at 0.0.0.0/40915] INFO  om.OzoneManager (OzoneManager.java:initializeRatisServer(1573)) - OzoneManager Ratis server initialized at port 9872
2021-08-16 02:08:58,221 [Listener at 0.0.0.0/40915] INFO  ipc.CallQueueManager (CallQueueManager.java:<init>(90)) - Using callQueue: class java.util.concurrent.LinkedBlockingQueue, queueCapacity: 2000, scheduler: class org.apache.hadoop.ipc.DefaultRpcScheduler, ipcBackoff: false.
2021-08-16 02:08:58,223 [pool-269-thread-1] INFO  server.RaftServer$Division (RaftServerImpl.java:<init>(181)) - om1: new RaftServerImpl for group-C5BA1605619E:[om1|rpc:localhost:9872|priority:0] with OzoneManagerStateMachine:uninitialized
2021-08-16 02:08:58,228 [pool-269-thread-1] INFO  server.RaftServerConfigKeys (ConfUtils.java:logGet(44)) - raft.server.rpc.timeout.min = 1s (custom)
2021-08-16 02:08:58,228 [pool-269-thread-1] INFO  server.RaftServerConfigKeys (ConfUtils.java:logGet(44)) - raft.server.rpc.timeout.max = 1200ms (custom)
2021-08-16 02:08:58,228 [pool-269-thread-1] INFO  server.RaftServerConfigKeys (ConfUtils.java:logGet(44)) - raft.server.rpc.sleep.time = 25ms (default)
2021-08-16 02:08:58,228 [pool-269-thread-1] INFO  server.RaftServerConfigKeys (ConfUtils.java:logGet(44)) - raft.server.rpc.slowness.timeout = 120s (custom)
2021-08-16 02:08:58,229 [pool-269-thread-1] INFO  server.RaftServerConfigKeys (ConfUtils.java:logGet(44)) - raft.server.leaderelection.leader.step-down.wait-time = 10s (default)
2021-08-16 02:08:58,229 [pool-269-thread-1] INFO  server.RaftServerConfigKeys (ConfUtils.java:logGet(44)) - raft.server.sleep.deviation.threshold = 300ms (default)
2021-08-16 02:08:58,229 [pool-269-thread-1] INFO  server.RaftServerConfigKeys (ConfUtils.java:logGet(44)) - raft.server.log.appender.install.snapshot.enabled = false (custom)
2021-08-16 02:08:58,229 [pool-269-thread-1] INFO  server.RaftServer$Division (ServerState.java:<init>(105)) - om1@group-C5BA1605619E: ConfigurationManager, init=-1: [om1|rpc:localhost:9872|priority:0], old=null, confs=<EMPTY_MAP>
2021-08-16 02:08:58,229 [pool-269-thread-1] INFO  server.RaftServerConfigKeys (ConfUtils.java:logGet(44)) - raft.server.storage.dir = [/home/runner/work/ozone/ozone/hadoop-ozone/integration-test/target/test-dir/MiniOzoneClusterImpl-6c1f9dad-945a-4399-911a-83f70586d44a/ozone-meta/ratis] (custom)
2021-08-16 02:08:58,229 [pool-269-thread-1] INFO  server.RaftServerConfigKeys (ConfUtils.java:logGet(44)) - raft.server.log.corruption.policy = EXCEPTION (default)
2021-08-16 02:08:58,229 [pool-269-thread-1] INFO  server.RaftServerConfigKeys (ConfUtils.java:logGet(44)) - raft.server.storage.free-space.min = 0MB (=0) (default)
2021-08-16 02:08:58,229 [pool-269-thread-1] INFO  storage.RaftStorageDirectory (RaftStorageDirectoryImpl.java:analyzeStorage(135)) - The storage directory /home/runner/work/ozone/ozone/hadoop-ozone/integration-test/target/test-dir/MiniOzoneClusterImpl-6c1f9dad-945a-4399-911a-83f70586d44a/ozone-meta/ratis/bf265839-605b-3f16-9796-c5ba1605619e does not exist. Creating ...
2021-08-16 02:08:58,230 [Socket Reader #1 for port 0] INFO  ipc.Server (Server.java:run(1265)) - Starting Socket Reader #1 for port 0
2021-08-16 02:08:58,237 [pool-269-thread-1] INFO  storage.RaftStorageDirectory (RaftStorageDirectoryImpl.java:tryLock(230)) - Lock on /home/runner/work/ozone/ozone/hadoop-ozone/integration-test/target/test-dir/MiniOzoneClusterImpl-6c1f9dad-945a-4399-911a-83f70586d44a/ozone-meta/ratis/bf265839-605b-3f16-9796-c5ba1605619e/in_use.lock acquired by nodename 29838@fv-az148-41
2021-08-16 02:08:58,245 [pool-269-thread-1] INFO  storage.RaftStorage (RaftStorageImpl.java:format(89)) - Storage directory /home/runner/work/ozone/ozone/hadoop-ozone/integration-test/target/test-dir/MiniOzoneClusterImpl-6c1f9dad-945a-4399-911a-83f70586d44a/ozone-meta/ratis/bf265839-605b-3f16-9796-c5ba1605619e has been successfully formatted.
2021-08-16 02:08:58,247 [pool-269-thread-1] INFO  server.RaftServerConfigKeys (ConfUtils.java:logGet(44)) - raft.server.notification.no-leader.timeout = 120s (custom)
2021-08-16 02:08:58,247 [pool-269-thread-1] INFO  server.RaftServerConfigKeys (ConfUtils.java:logGet(44)) - raft.server.log.use.memory = false (default)
2021-08-16 02:08:58,247 [pool-269-thread-1] INFO  server.RaftServerConfigKeys (ConfUtils.java:logGet(44)) - raft.server.log.purge.gap = 1000000 (custom)
2021-08-16 02:08:58,247 [pool-269-thread-1] INFO  server.RaftServerConfigKeys (ConfUtils.java:logGet(44)) - raft.server.log.appender.buffer.byte-limit = 33554432 (custom)
2021-08-16 02:08:58,248 [pool-269-thread-1] INFO  server.RaftServerConfigKeys (ConfUtils.java:logGet(44)) - raft.server.log.segment.size.max = 4194304 (custom)
2021-08-16 02:08:58,248 [pool-269-thread-1] INFO  server.RaftServerConfigKeys (ConfUtils.java:logGet(44)) - raft.server.log.segment.cache.num.max = 2 (custom)
2021-08-16 02:08:58,248 [pool-269-thread-1] INFO  server.RaftServerConfigKeys (ConfUtils.java:logGet(44)) - raft.server.log.segment.cache.size.max = 200MB (=209715200) (default)
2021-08-16 02:08:58,249 [pool-269-thread-1] INFO  segmented.SegmentedRaftLogWorker (SegmentedRaftLogWorker.java:<init>(182)) - new om1@group-C5BA1605619E-SegmentedRaftLogWorker for RaftStorageImpl:Storage Directory /home/runner/work/ozone/ozone/hadoop-ozone/integration-test/target/test-dir/MiniOzoneClusterImpl-6c1f9dad-945a-4399-911a-83f70586d44a/ozone-meta/ratis/bf265839-605b-3f16-9796-c5ba1605619e
2021-08-16 02:08:58,249 [pool-269-thread-1] INFO  server.RaftServerConfigKeys (ConfUtils.java:logGet(44)) - raft.server.log.queue.byte-limit = 64MB (=67108864) (default)
2021-08-16 02:08:58,249 [pool-269-thread-1] INFO  server.RaftServerConfigKeys (ConfUtils.java:logGet(44)) - raft.server.log.queue.element-limit = 4096 (default)
2021-08-16 02:08:58,249 [pool-269-thread-1] INFO  server.RaftServerConfigKeys (ConfUtils.java:logGet(44)) - raft.server.log.segment.size.max = 4194304 (custom)
2021-08-16 02:08:58,249 [pool-269-thread-1] INFO  server.RaftServerConfigKeys (ConfUtils.java:logGet(44)) - raft.server.log.preallocated.size = 4194304 (custom)
2021-08-16 02:08:58,249 [pool-269-thread-1] INFO  server.RaftServerConfigKeys (ConfUtils.java:logGet(44)) - raft.server.log.force.sync.num = 128 (default)
2021-08-16 02:08:58,249 [pool-269-thread-1] INFO  server.RaftServerConfigKeys (ConfUtils.java:logGet(44)) - raft.server.log.statemachine.data.sync = true (default)
2021-08-16 02:08:58,249 [pool-269-thread-1] INFO  server.RaftServerConfigKeys (ConfUtils.java:logGet(44)) - raft.server.log.statemachine.data.sync.timeout = 10s (default)
2021-08-16 02:08:58,249 [pool-269-thread-1] INFO  server.RaftServerConfigKeys (ConfUtils.java:logGet(44)) - raft.server.log.statemachine.data.sync.timeout.retry = -1 (default)
2021-08-16 02:08:58,249 [pool-269-thread-1] INFO  server.RaftServerConfigKeys (ConfUtils.java:logGet(44)) - raft.server.log.write.buffer.size = 64KB (=65536) (default)
2021-08-16 02:08:58,250 [pool-269-thread-1] INFO  server.RaftServerConfigKeys (ConfUtils.java:logGet(44)) - raft.server.log.statemachine.data.caching.enabled = false (default)
2021-08-16 02:08:58,250 [pool-269-thread-1] INFO  segmented.SegmentedRaftLogWorker (SegmentedRaftLogWorker.java:lambda$new$0(133)) - om1@group-C5BA1605619E-SegmentedRaftLogWorker: flushIndex: setUnconditionally 0 -> -1
2021-08-16 02:08:58,250 [pool-269-thread-1] INFO  segmented.SegmentedRaftLogWorker (SegmentedRaftLogWorker.java:lambda$new$0(133)) - om1@group-C5BA1605619E-SegmentedRaftLogWorker: safeCacheEvictIndex: setUnconditionally 0 -> -1
2021-08-16 02:08:58,252 [pool-269-thread-1] INFO  server.RaftServerConfigKeys (ConfUtils.java:logGet(44)) - raft.server.snapshot.auto.trigger.enabled = true (custom)
2021-08-16 02:08:58,252 [pool-269-thread-1] INFO  server.RaftServerConfigKeys (ConfUtils.java:logGet(44)) - raft.server.snapshot.auto.trigger.threshold = 400000 (default)
2021-08-16 02:08:58,252 [pool-269-thread-1] INFO  server.RaftServerConfigKeys (ConfUtils.java:logGet(44)) - raft.server.snapshot.retention.file.num = -1 (default)
2021-08-16 02:08:58,252 [pool-269-thread-1] INFO  server.RaftServerConfigKeys (ConfUtils.java:logGet(44)) - raft.server.log.purge.upto.snapshot.index = true (custom)
2021-08-16 02:08:58,252 [pool-269-thread-1] INFO  server.RaftServerConfigKeys (ConfUtils.java:logGet(44)) - raft.server.retrycache.expirytime = 300s (custom)
2021-08-16 02:08:58,252 [pool-269-thread-1] INFO  server.RaftServerConfigKeys (ConfUtils.java:logGet(44)) - raft.server.retrycache.statistics.expirytime = 100μs (default)
2021-08-16 02:08:58,277 [Listener at 127.0.0.1/42687] INFO  om.OzoneManager (OzoneManager.java:initFSOLayout(4321)) - Configured ozone.om.metadata.layout=SIMPLE and disabled optimized OM FS operations
2021-08-16 02:08:58,278 [Listener at 127.0.0.1/42687] INFO  impl.MetricsSystemImpl (MetricsSystemImpl.java:init(158)) - OzoneManager metrics system started (again)
2021-08-16 02:08:58,304 [Listener at 127.0.0.1/42687] INFO  om.OzoneManager (OzoneManager.java:start(1270)) - OzoneManager RPC server is listening at localhost/127.0.0.1:42687
2021-08-16 02:08:58,308 [Listener at 127.0.0.1/42687] INFO  ratis.OzoneManagerRatisServer (OzoneManagerRatisServer.java:start(516)) - Starting OzoneManagerRatisServer om1 at port 9872
2021-08-16 02:08:58,308 [Listener at 127.0.0.1/42687] INFO  server.RaftServer$Division (RaftServerImpl.java:start(296)) - om1@group-C5BA1605619E: start as a follower, conf=-1: [om1|rpc:localhost:9872|priority:0], old=null
2021-08-16 02:08:58,308 [Listener at 127.0.0.1/42687] INFO  server.RaftServer$Division (RaftServerImpl.java:setRole(285)) - om1@group-C5BA1605619E: changes role from      null to FOLLOWER at term 0 for startAsFollower
2021-08-16 02:08:58,308 [Listener at 127.0.0.1/42687] INFO  impl.RoleInfo (RoleInfo.java:updateAndGet(130)) - om1: start om1@group-C5BA1605619E-FollowerState
2021-08-16 02:08:58,314 [Listener at 127.0.0.1/42687] INFO  util.JmxRegister (JmxRegister.java:tryRegister(44)) - Successfully registered JMX Bean with object name Ratis:service=RaftServer,group=group-C5BA1605619E,id=om1
2021-08-16 02:08:58,336 [Listener at 127.0.0.1/42687] INFO  server.RaftServer (RaftServerProxy.java:lambda$start$5(374)) - om1: start RPC server
2021-08-16 02:08:58,360 [Listener at 127.0.0.1/42687] INFO  server.GrpcService (GrpcService.java:startImpl(253)) - om1: GrpcService started, listening on 9872
2021-08-16 02:08:58,375 [Listener at 127.0.0.1/42687] INFO  om.OzoneManager (OzoneManager.java:start(1288)) - Version File has different layout version (0) than OM DB (null). That is expected if this OM has never been finalized to a newer layout version.
2021-08-16 02:08:58,384 [org.apache.ratis.util.JvmPauseMonitor$$Lambda$531/740858526@9bf1e99] INFO  util.JvmPauseMonitor (JvmPauseMonitor.java:run(103)) - JvmPauseMonitor-om1: Started
2021-08-16 02:08:58,400 [Listener at 127.0.0.1/42687] INFO  http.BaseHttpServer (BaseHttpServer.java:newHttpServer2BuilderForOzone(209)) - Starting Web-server for ozoneManager at: http://0.0.0.0:0
2021-08-16 02:08:58,400 [Listener at 127.0.0.1/42687] INFO  http.BaseHttpServer (BaseHttpServer.java:<init>(107)) - Hadoop Security Enabled: false Ozone Security Enabled: false Ozone HTTP Security Enabled: false 
2021-08-16 02:08:58,402 [Listener at 127.0.0.1/42687] INFO  server.AuthenticationFilter (AuthenticationFilter.java:constructSecretProvider(240)) - Unable to initialize FileSignerSecretProvider, falling back to use random secrets.
2021-08-16 02:08:58,411 [Listener at 127.0.0.1/42687] WARN  http.HttpRequestLog (HttpRequestLog.java:getRequestLog(103)) - Jetty request log can only be enabled using Log4j
2021-08-16 02:08:58,416 [Listener at 127.0.0.1/42687] INFO  http.HttpServer2 (HttpServer2.java:addGlobalFilter(1020)) - Added global filter 'safety' (class=org.apache.hadoop.hdds.server.http.HttpServer2$QuotingInputFilter)
2021-08-16 02:08:58,418 [Listener at 127.0.0.1/42687] INFO  http.HttpServer2 (HttpServer2.java:addFilter(996)) - Added filter static_user_filter (class=org.apache.hadoop.http.lib.StaticUserWebFilter$StaticUserFilter) to context ozoneManager
2021-08-16 02:08:58,418 [Listener at 127.0.0.1/42687] INFO  http.HttpServer2 (HttpServer2.java:addFilter(1004)) - Added filter static_user_filter (class=org.apache.hadoop.http.lib.StaticUserWebFilter$StaticUserFilter) to context logs
2021-08-16 02:08:58,418 [Listener at 127.0.0.1/42687] INFO  http.HttpServer2 (HttpServer2.java:addFilter(1004)) - Added filter static_user_filter (class=org.apache.hadoop.http.lib.StaticUserWebFilter$StaticUserFilter) to context static
2021-08-16 02:08:58,418 [Listener at 127.0.0.1/42687] INFO  http.HttpServer2 (HttpServer2.java:bindListener(1239)) - Jetty bound to port 45763
2021-08-16 02:08:58,418 [Listener at 127.0.0.1/42687] INFO  server.Server (Server.java:doStart(375)) - jetty-9.4.43.v20210629; built: 2021-06-30T11:07:22.254Z; git: 526006ecfa3af7f1a27ef3a288e2bef7ea9dd7e8; jvm 1.8.0_292-b10
2021-08-16 02:08:58,438 [Listener at 127.0.0.1/42687] INFO  server.session (DefaultSessionIdManager.java:doStart(334)) - DefaultSessionIdManager workerName=node0
2021-08-16 02:08:58,438 [Listener at 127.0.0.1/42687] INFO  server.session (DefaultSessionIdManager.java:doStart(339)) - No SessionScavenger set, using defaults
2021-08-16 02:08:58,438 [Listener at 127.0.0.1/42687] INFO  server.session (HouseKeeper.java:startScavenging(132)) - node0 Scavenging every 660000ms
2021-08-16 02:08:58,448 [Listener at 127.0.0.1/42687] INFO  handler.ContextHandler (ContextHandler.java:doStart(915)) - Started o.e.j.s.ServletContextHandler@4f4ba1ea{logs,/logs,file:///home/runner/work/ozone/ozone/hadoop-ozone/integration-test/target/log,AVAILABLE}
2021-08-16 02:08:58,449 [Listener at 127.0.0.1/42687] INFO  handler.ContextHandler (ContextHandler.java:doStart(915)) - Started o.e.j.s.ServletContextHandler@6a737ee1{static,/static,file:///home/runner/work/ozone/ozone/hadoop-ozone/integration-test/target/test-classes/webapps/static,AVAILABLE}
2021-08-16 02:08:58,452 [Listener at 127.0.0.1/42687] INFO  handler.ContextHandler (ContextHandler.java:doStart(915)) - Started o.e.j.w.WebAppContext@6cb48bf4{ozoneManager,/,file:///home/runner/work/ozone/ozone/hadoop-ozone/integration-test/target/test-classes/webapps/ozoneManager/,AVAILABLE}{file:/home/runner/work/ozone/ozone/hadoop-ozone/integration-test/target/test-classes/webapps/ozoneManager}
2021-08-16 02:08:58,454 [Listener at 127.0.0.1/42687] INFO  server.AbstractConnector (AbstractConnector.java:doStart(331)) - Started ServerConnector@2ab76ada{HTTP/1.1, (http/1.1)}{0.0.0.0:45763}
2021-08-16 02:08:58,455 [Listener at 127.0.0.1/42687] INFO  server.Server (Server.java:doStart(415)) - Started @54579ms
2021-08-16 02:08:58,455 [Listener at 127.0.0.1/42687] WARN  impl.MetricsSystemImpl (MetricsSystemImpl.java:register(279)) - Sink prometheus already exists!
2021-08-16 02:08:58,455 [Listener at 127.0.0.1/42687] INFO  http.BaseHttpServer (BaseHttpServer.java:updateConnectorAddress(329)) - HTTP server of ozoneManager listening at http://0.0.0.0:45763
2021-08-16 02:08:58,464 [IPC Server Responder] INFO  ipc.Server (Server.java:run(1507)) - IPC Server Responder: starting
2021-08-16 02:08:58,464 [IPC Server listener on 0] INFO  ipc.Server (Server.java:run(1344)) - IPC Server listener on 0: starting
2021-08-16 02:08:58,477 [Listener at 127.0.0.1/42687] INFO  om.OzoneManager (OzoneManager.java:startTrashEmptier(1531)) - Trash Interval set to 0. Files deleted will not move to trash
2021-08-16 02:08:58,492 [org.apache.hadoop.util.JvmPauseMonitor$Monitor@1b9892b4] INFO  util.JvmPauseMonitor (JvmPauseMonitor.java:run(188)) - Starting JVM pause monitor
2021-08-16 02:08:58,499 [Listener at 127.0.0.1/42687] WARN  impl.MetricRegistriesImpl (MetricRegistriesImpl.java:addReporterRegistration(111)) - New reporters are added after registries were created. Some metrics will be missing from the reporter. Please add reporter before adding any new registry.
2021-08-16 02:08:58,500 [Listener at 127.0.0.1/42687] WARN  impl.MetricRegistriesImpl (MetricRegistriesImpl.java:addReporterRegistration(111)) - New reporters are added after registries were created. Some metrics will be missing from the reporter. Please add reporter before adding any new registry.
2021-08-16 02:08:58,500 [Listener at 127.0.0.1/42687] INFO  impl.MetricsSystemImpl (MetricsSystemImpl.java:init(158)) - HddsDatanode metrics system started (again)
2021-08-16 02:08:58,552 [Listener at 127.0.0.1/42687] INFO  ozone.HddsDatanodeService (HddsDatanodeService.java:start(234)) - HddsDatanodeService host:fv-az148-41.bm4ck3pvxvsene1rjriu5fhcdb.bx.internal.cloudapp.net ip:10.1.0.7
2021-08-16 02:08:58,588 [Listener at 127.0.0.1/42687] INFO  upgrade.AbstractLayoutVersionManager (AbstractLayoutVersionManager.java:init(70)) - Initializing Layout version manager with metadata layout = SCM_HA (version = 2), software layout = SCM_HA (version = 2)
2021-08-16 02:08:58,704 [Listener at 127.0.0.1/42687] INFO  reflections.Reflections (Reflections.java:scan(232)) - Reflections took 115 ms to scan 7 urls, producing 120 keys and 275 values 
2021-08-16 02:08:58,715 [Listener at 127.0.0.1/42687] INFO  volume.HddsVolume (HddsVolume.java:<init>(120)) - Creating HddsVolume: /home/runner/work/ozone/ozone/hadoop-ozone/integration-test/target/test-dir/MiniOzoneClusterImpl-6c1f9dad-945a-4399-911a-83f70586d44a/datanode-0/data-0/containers/hdds of storage type : DISK capacity : 9223372036854775807
2021-08-16 02:08:58,716 [Listener at 127.0.0.1/42687] INFO  volume.MutableVolumeSet (MutableVolumeSet.java:initializeVolumeSet(181)) - Added Volume : /home/runner/work/ozone/ozone/hadoop-ozone/integration-test/target/test-dir/MiniOzoneClusterImpl-6c1f9dad-945a-4399-911a-83f70586d44a/datanode-0/data-0/containers/hdds to VolumeSet
2021-08-16 02:08:58,716 [Listener at 127.0.0.1/42687] INFO  volume.ThrottledAsyncChecker (ThrottledAsyncChecker.java:schedule(141)) - Scheduling a check for /home/runner/work/ozone/ozone/hadoop-ozone/integration-test/target/test-dir/MiniOzoneClusterImpl-6c1f9dad-945a-4399-911a-83f70586d44a/datanode-0/data-0/containers/hdds
2021-08-16 02:08:58,732 [Listener at 127.0.0.1/42687] INFO  volume.StorageVolumeChecker (StorageVolumeChecker.java:checkAllVolumes(202)) - Scheduled health check for volume /home/runner/work/ozone/ozone/hadoop-ozone/integration-test/target/test-dir/MiniOzoneClusterImpl-6c1f9dad-945a-4399-911a-83f70586d44a/datanode-0/data-0/containers/hdds
2021-08-16 02:08:58,769 [Listener at 127.0.0.1/42687] INFO  volume.MutableVolumeSet (MutableVolumeSet.java:initializeVolumeSet(181)) - Added Volume : /home/runner/work/ozone/ozone/hadoop-ozone/integration-test/target/test-dir/MiniOzoneClusterImpl-6c1f9dad-945a-4399-911a-83f70586d44a/datanode-0/data/ratis to VolumeSet
2021-08-16 02:08:58,779 [Listener at 127.0.0.1/42687] INFO  volume.ThrottledAsyncChecker (ThrottledAsyncChecker.java:schedule(141)) - Scheduling a check for /home/runner/work/ozone/ozone/hadoop-ozone/integration-test/target/test-dir/MiniOzoneClusterImpl-6c1f9dad-945a-4399-911a-83f70586d44a/datanode-0/data/ratis
2021-08-16 02:08:58,780 [Listener at 127.0.0.1/42687] INFO  volume.StorageVolumeChecker (StorageVolumeChecker.java:checkAllVolumes(202)) - Scheduled health check for volume /home/runner/work/ozone/ozone/hadoop-ozone/integration-test/target/test-dir/MiniOzoneClusterImpl-6c1f9dad-945a-4399-911a-83f70586d44a/datanode-0/data/ratis
2021-08-16 02:08:58,811 [Listener at 127.0.0.1/42687] INFO  ozoneimpl.ContainerReader (ContainerReader.java:<init>(98)) - Running in upgrade mode:true
2021-08-16 02:08:58,824 [Thread-3783] INFO  ozoneimpl.ContainerReader (ContainerReader.java:readVolume(142)) - Start to verify containers on volume /home/runner/work/ozone/ozone/hadoop-ozone/integration-test/target/test-dir/MiniOzoneClusterImpl-6c1f9dad-945a-4399-911a-83f70586d44a/datanode-0/data-0/containers/hdds
2021-08-16 02:08:58,824 [Thread-3783] INFO  ozoneimpl.ContainerReader (ContainerReader.java:readVolume(174)) - Finish verifying containers on volume /home/runner/work/ozone/ozone/hadoop-ozone/integration-test/target/test-dir/MiniOzoneClusterImpl-6c1f9dad-945a-4399-911a-83f70586d44a/datanode-0/data-0/containers/hdds
2021-08-16 02:08:58,824 [Listener at 127.0.0.1/42687] INFO  ozoneimpl.OzoneContainer (OzoneContainer.java:buildContainerSet(237)) - Build ContainerSet costs 0s
2021-08-16 02:08:58,827 [Listener at 127.0.0.1/42687] INFO  server.RaftServer (ConfUtils.java:logGet(44)) - raft.rpc.type = GRPC (default)
2021-08-16 02:08:58,827 [Listener at 127.0.0.1/42687] INFO  grpc.GrpcFactory (GrpcFactory.java:checkPooledByteBufAllocatorUseCacheForAllThreads(48)) - PERFORMANCE WARNING: useCacheForAllThreads is true that may cause Netty to create a lot garbage objects and, as a result, trigger GC.
	It is recommended to disable useCacheForAllThreads by setting -Dorg.apache.ratis.thirdparty.io.netty.allocator.useCacheForAllThreads=false in command line.
2021-08-16 02:08:58,827 [Listener at 127.0.0.1/42687] INFO  grpc.GrpcConfigKeys (ConfUtils.java:logGet(44)) - raft.grpc.admin.port = 0 (custom)
2021-08-16 02:08:58,827 [Listener at 127.0.0.1/42687] INFO  grpc.GrpcConfigKeys (ConfUtils.java:logGet(44)) - raft.grpc.client.port = 0 (custom)
2021-08-16 02:08:58,827 [Listener at 127.0.0.1/42687] INFO  grpc.GrpcConfigKeys (ConfUtils.java:logGet(44)) - raft.grpc.server.port = 0 (default)
2021-08-16 02:08:58,827 [Listener at 127.0.0.1/42687] INFO  server.GrpcService (ConfUtils.java:logGet(44)) - raft.grpc.message.size.max = 32MB (=33554432) (custom)
2021-08-16 02:08:58,827 [Listener at 127.0.0.1/42687] INFO  server.RaftServerConfigKeys (ConfUtils.java:logGet(44)) - raft.server.log.appender.buffer.byte-limit = 33554432 (custom)
2021-08-16 02:08:58,828 [Listener at 127.0.0.1/42687] INFO  server.GrpcService (ConfUtils.java:logGet(44)) - raft.grpc.flow.control.window = 5MB (=5242880) (custom)
2021-08-16 02:08:58,828 [Listener at 127.0.0.1/42687] INFO  server.RaftServerConfigKeys (ConfUtils.java:logGet(44)) - raft.server.rpc.request.timeout = 60s (custom)
2021-08-16 02:08:58,829 [Listener at 127.0.0.1/42687] INFO  impl.DataStreamServerImpl (ConfUtils.java:logGet(44)) - raft.datastream.type = DISABLED (default)
2021-08-16 02:08:58,830 [Listener at 127.0.0.1/42687] INFO  server.RaftServerConfigKeys (ConfUtils.java:logGet(44)) - raft.server.rpc.slowness.timeout = 300s (custom)
2021-08-16 02:08:58,830 [Listener at 127.0.0.1/42687] INFO  server.RaftServerConfigKeys (ConfUtils.java:logGet(44)) - raft.server.leaderelection.leader.step-down.wait-time = 10s (default)
2021-08-16 02:08:58,830 [Listener at 127.0.0.1/42687] INFO  server.RaftServerConfigKeys (ConfUtils.java:logGet(44)) - raft.server.storage.dir = [/home/runner/work/ozone/ozone/hadoop-ozone/integration-test/target/test-dir/MiniOzoneClusterImpl-6c1f9dad-945a-4399-911a-83f70586d44a/datanode-0/data/ratis] (custom)
2021-08-16 02:08:58,849 [Listener at 127.0.0.1/42687] INFO  http.BaseHttpServer (BaseHttpServer.java:newHttpServer2BuilderForOzone(209)) - Starting Web-server for hddsDatanode at: http://0.0.0.0:0
2021-08-16 02:08:58,849 [Listener at 127.0.0.1/42687] INFO  http.BaseHttpServer (BaseHttpServer.java:<init>(107)) - Hadoop Security Enabled: false Ozone Security Enabled: false Ozone HTTP Security Enabled: false 
2021-08-16 02:08:58,851 [Listener at 127.0.0.1/42687] INFO  server.AuthenticationFilter (AuthenticationFilter.java:constructSecretProvider(240)) - Unable to initialize FileSignerSecretProvider, falling back to use random secrets.
2021-08-16 02:08:58,864 [Listener at 127.0.0.1/42687] WARN  http.HttpRequestLog (HttpRequestLog.java:getRequestLog(103)) - Jetty request log can only be enabled using Log4j
2021-08-16 02:08:58,865 [Listener at 127.0.0.1/42687] INFO  http.HttpServer2 (HttpServer2.java:addGlobalFilter(1020)) - Added global filter 'safety' (class=org.apache.hadoop.hdds.server.http.HttpServer2$QuotingInputFilter)
2021-08-16 02:08:58,866 [Listener at 127.0.0.1/42687] INFO  http.HttpServer2 (HttpServer2.java:addFilter(996)) - Added filter static_user_filter (class=org.apache.hadoop.http.lib.StaticUserWebFilter$StaticUserFilter) to context hddsDatanode
2021-08-16 02:08:58,866 [Listener at 127.0.0.1/42687] INFO  http.HttpServer2 (HttpServer2.java:addFilter(1004)) - Added filter static_user_filter (class=org.apache.hadoop.http.lib.StaticUserWebFilter$StaticUserFilter) to context static
2021-08-16 02:08:58,866 [Listener at 127.0.0.1/42687] INFO  http.HttpServer2 (HttpServer2.java:addFilter(1004)) - Added filter static_user_filter (class=org.apache.hadoop.http.lib.StaticUserWebFilter$StaticUserFilter) to context logs
2021-08-16 02:08:58,866 [Listener at 127.0.0.1/42687] INFO  http.HttpServer2 (HttpServer2.java:bindListener(1239)) - Jetty bound to port 33405
2021-08-16 02:08:58,867 [Listener at 127.0.0.1/42687] INFO  server.Server (Server.java:doStart(375)) - jetty-9.4.43.v20210629; built: 2021-06-30T11:07:22.254Z; git: 526006ecfa3af7f1a27ef3a288e2bef7ea9dd7e8; jvm 1.8.0_292-b10
2021-08-16 02:08:58,914 [Listener at 127.0.0.1/42687] INFO  server.session (DefaultSessionIdManager.java:doStart(334)) - DefaultSessionIdManager workerName=node0
2021-08-16 02:08:58,915 [Listener at 127.0.0.1/42687] INFO  server.session (DefaultSessionIdManager.java:doStart(339)) - No SessionScavenger set, using defaults
2021-08-16 02:08:58,915 [Listener at 127.0.0.1/42687] INFO  server.session (HouseKeeper.java:startScavenging(132)) - node0 Scavenging every 600000ms
2021-08-16 02:08:58,925 [Listener at 127.0.0.1/42687] INFO  handler.ContextHandler (ContextHandler.java:doStart(915)) - Started o.e.j.s.ServletContextHandler@25410c7f{logs,/logs,file:///home/runner/work/ozone/ozone/hadoop-ozone/integration-test/target/log,AVAILABLE}
2021-08-16 02:08:58,926 [Listener at 127.0.0.1/42687] INFO  handler.ContextHandler (ContextHandler.java:doStart(915)) - Started o.e.j.s.ServletContextHandler@178b1440{static,/static,jar:file:/home/runner/.m2/repository/org/apache/ozone/hdds-container-service/1.2.0-SNAPSHOT/hdds-container-service-1.2.0-SNAPSHOT.jar!/webapps/static,AVAILABLE}
2021-08-16 02:08:59,007 [Listener at 127.0.0.1/42687] INFO  handler.ContextHandler (ContextHandler.java:doStart(915)) - Started o.e.j.w.WebAppContext@7453e050{hddsDatanode,/,file:///tmp/jetty-0_0_0_0-33405-hdds-container-service-1_2_0-SNAPSHOT_jar-_-any-7138819168061761581/webapp/,AVAILABLE}{jar:file:/home/runner/.m2/repository/org/apache/ozone/hdds-container-service/1.2.0-SNAPSHOT/hdds-container-service-1.2.0-SNAPSHOT.jar!/webapps/hddsDatanode}
2021-08-16 02:08:59,028 [Listener at 127.0.0.1/42687] INFO  server.AbstractConnector (AbstractConnector.java:doStart(331)) - Started ServerConnector@52c78cf7{HTTP/1.1, (http/1.1)}{0.0.0.0:33405}
2021-08-16 02:08:59,028 [Listener at 127.0.0.1/42687] INFO  server.Server (Server.java:doStart(415)) - Started @55153ms
2021-08-16 02:08:59,028 [Listener at 127.0.0.1/42687] WARN  impl.MetricsSystemImpl (MetricsSystemImpl.java:register(279)) - Sink prometheus already exists!
2021-08-16 02:08:59,029 [Listener at 127.0.0.1/42687] INFO  http.BaseHttpServer (BaseHttpServer.java:updateConnectorAddress(329)) - HTTP server of hddsDatanode listening at http://0.0.0.0:33405
2021-08-16 02:08:59,036 [Listener at 127.0.0.1/42687] WARN  impl.MetricRegistriesImpl (MetricRegistriesImpl.java:addReporterRegistration(111)) - New reporters are added after registries were created. Some metrics will be missing from the reporter. Please add reporter before adding any new registry.
2021-08-16 02:08:59,036 [Listener at 127.0.0.1/42687] WARN  impl.MetricRegistriesImpl (MetricRegistriesImpl.java:addReporterRegistration(111)) - New reporters are added after registries were created. Some metrics will be missing from the reporter. Please add reporter before adding any new registry.
2021-08-16 02:08:59,036 [Listener at 127.0.0.1/42687] INFO  impl.MetricsSystemImpl (MetricsSystemImpl.java:init(158)) - HddsDatanode metrics system started (again)
2021-08-16 02:08:59,051 [Listener at 127.0.0.1/42687] INFO  ozone.HddsDatanodeService (HddsDatanodeService.java:start(234)) - HddsDatanodeService host:fv-az148-41.bm4ck3pvxvsene1rjriu5fhcdb.bx.internal.cloudapp.net ip:10.1.0.7
2021-08-16 02:08:59,108 [org.apache.hadoop.util.JvmPauseMonitor$Monitor@f87d0b2] INFO  util.JvmPauseMonitor (JvmPauseMonitor.java:run(188)) - Starting JVM pause monitor
2021-08-16 02:08:59,114 [Listener at 127.0.0.1/42687] INFO  upgrade.AbstractLayoutVersionManager (AbstractLayoutVersionManager.java:init(70)) - Initializing Layout version manager with metadata layout = SCM_HA (version = 2), software layout = SCM_HA (version = 2)
2021-08-16 02:08:59,117 [Datanode State Machine Task Thread - 0] INFO  datanode.InitDatanodeState (InitDatanodeState.java:persistContainerDatanodeDetails(145)) - DatanodeDetails is persisted to /home/runner/work/ozone/ozone/hadoop-ozone/integration-test/target/test-dir/MiniOzoneClusterImpl-6c1f9dad-945a-4399-911a-83f70586d44a/datanode-0/meta/datanode.id
2021-08-16 02:08:59,227 [Listener at 127.0.0.1/42687] INFO  reflections.Reflections (Reflections.java:scan(232)) - Reflections took 112 ms to scan 7 urls, producing 120 keys and 275 values 
2021-08-16 02:08:59,261 [Listener at 127.0.0.1/42687] INFO  volume.HddsVolume (HddsVolume.java:<init>(120)) - Creating HddsVolume: /home/runner/work/ozone/ozone/hadoop-ozone/integration-test/target/test-dir/MiniOzoneClusterImpl-6c1f9dad-945a-4399-911a-83f70586d44a/datanode-1/data-0/containers/hdds of storage type : DISK capacity : 9223372036854775807
2021-08-16 02:08:59,261 [Listener at 127.0.0.1/42687] INFO  volume.MutableVolumeSet (MutableVolumeSet.java:initializeVolumeSet(181)) - Added Volume : /home/runner/work/ozone/ozone/hadoop-ozone/integration-test/target/test-dir/MiniOzoneClusterImpl-6c1f9dad-945a-4399-911a-83f70586d44a/datanode-1/data-0/containers/hdds to VolumeSet
2021-08-16 02:08:59,262 [Listener at 127.0.0.1/42687] INFO  volume.ThrottledAsyncChecker (ThrottledAsyncChecker.java:schedule(141)) - Scheduling a check for /home/runner/work/ozone/ozone/hadoop-ozone/integration-test/target/test-dir/MiniOzoneClusterImpl-6c1f9dad-945a-4399-911a-83f70586d44a/datanode-1/data-0/containers/hdds
2021-08-16 02:08:59,277 [Listener at 127.0.0.1/42687] INFO  volume.StorageVolumeChecker (StorageVolumeChecker.java:checkAllVolumes(202)) - Scheduled health check for volume /home/runner/work/ozone/ozone/hadoop-ozone/integration-test/target/test-dir/MiniOzoneClusterImpl-6c1f9dad-945a-4399-911a-83f70586d44a/datanode-1/data-0/containers/hdds
2021-08-16 02:08:59,312 [Listener at 127.0.0.1/42687] INFO  volume.MutableVolumeSet (MutableVolumeSet.java:initializeVolumeSet(181)) - Added Volume : /home/runner/work/ozone/ozone/hadoop-ozone/integration-test/target/test-dir/MiniOzoneClusterImpl-6c1f9dad-945a-4399-911a-83f70586d44a/datanode-1/data/ratis to VolumeSet
2021-08-16 02:08:59,312 [Listener at 127.0.0.1/42687] INFO  volume.ThrottledAsyncChecker (ThrottledAsyncChecker.java:schedule(141)) - Scheduling a check for /home/runner/work/ozone/ozone/hadoop-ozone/integration-test/target/test-dir/MiniOzoneClusterImpl-6c1f9dad-945a-4399-911a-83f70586d44a/datanode-1/data/ratis
2021-08-16 02:08:59,313 [Listener at 127.0.0.1/42687] INFO  volume.StorageVolumeChecker (StorageVolumeChecker.java:checkAllVolumes(202)) - Scheduled health check for volume /home/runner/work/ozone/ozone/hadoop-ozone/integration-test/target/test-dir/MiniOzoneClusterImpl-6c1f9dad-945a-4399-911a-83f70586d44a/datanode-1/data/ratis
2021-08-16 02:08:59,336 [om1@group-C5BA1605619E-FollowerState] INFO  impl.FollowerState (FollowerState.java:run(134)) - om1@group-C5BA1605619E-FollowerState: change to CANDIDATE, lastRpcElapsedTime:1027870293ns, electionTimeout:1000ms
2021-08-16 02:08:59,336 [om1@group-C5BA1605619E-FollowerState] INFO  impl.RoleInfo (RoleInfo.java:shutdownFollowerState(108)) - om1: shutdown om1@group-C5BA1605619E-FollowerState
2021-08-16 02:08:59,337 [om1@group-C5BA1605619E-FollowerState] INFO  server.RaftServer$Division (RaftServerImpl.java:setRole(285)) - om1@group-C5BA1605619E: changes role from  FOLLOWER to CANDIDATE at term 0 for changeToCandidate
2021-08-16 02:08:59,337 [om1@group-C5BA1605619E-FollowerState] INFO  server.RaftServerConfigKeys (ConfUtils.java:logGet(44)) - raft.server.leaderelection.pre-vote = false (custom)
2021-08-16 02:08:59,337 [om1@group-C5BA1605619E-FollowerState] INFO  impl.RoleInfo (RoleInfo.java:updateAndGet(130)) - om1: start om1@group-C5BA1605619E-LeaderElection6
2021-08-16 02:08:59,342 [Listener at 127.0.0.1/42687] INFO  ozoneimpl.ContainerReader (ContainerReader.java:<init>(98)) - Running in upgrade mode:true
2021-08-16 02:08:59,347 [Thread-3796] INFO  ozoneimpl.ContainerReader (ContainerReader.java:readVolume(142)) - Start to verify containers on volume /home/runner/work/ozone/ozone/hadoop-ozone/integration-test/target/test-dir/MiniOzoneClusterImpl-6c1f9dad-945a-4399-911a-83f70586d44a/datanode-1/data-0/containers/hdds
2021-08-16 02:08:59,347 [Thread-3796] INFO  ozoneimpl.ContainerReader (ContainerReader.java:readVolume(174)) - Finish verifying containers on volume /home/runner/work/ozone/ozone/hadoop-ozone/integration-test/target/test-dir/MiniOzoneClusterImpl-6c1f9dad-945a-4399-911a-83f70586d44a/datanode-1/data-0/containers/hdds
2021-08-16 02:08:59,348 [Listener at 127.0.0.1/42687] INFO  ozoneimpl.OzoneContainer (OzoneContainer.java:buildContainerSet(237)) - Build ContainerSet costs 0s
2021-08-16 02:08:59,361 [om1@group-C5BA1605619E-LeaderElection6] INFO  impl.LeaderElection (LeaderElection.java:askForVotes(306)) - om1@group-C5BA1605619E-LeaderElection6 ELECTION round 0: submit vote requests at term 1 for -1: [om1|rpc:localhost:9872|priority:0], old=null
2021-08-16 02:08:59,361 [om1@group-C5BA1605619E-LeaderElection6] INFO  impl.LeaderElection (LeaderElection.java:askForVotes(308)) - om1@group-C5BA1605619E-LeaderElection6 ELECTION round 0: result PASSED (term=1)
2021-08-16 02:08:59,361 [om1@group-C5BA1605619E-LeaderElection6] INFO  impl.RoleInfo (RoleInfo.java:shutdownLeaderElection(121)) - om1: shutdown om1@group-C5BA1605619E-LeaderElection6
2021-08-16 02:08:59,361 [om1@group-C5BA1605619E-LeaderElection6] INFO  server.RaftServer$Division (RaftServerImpl.java:setRole(285)) - om1@group-C5BA1605619E: changes role from CANDIDATE to LEADER at term 1 for changeToLeader
2021-08-16 02:08:59,361 [om1@group-C5BA1605619E-LeaderElection6] INFO  server.RaftServer$Division (ServerState.java:setLeader(285)) - om1@group-C5BA1605619E: change Leader from null to om1 at term 1 for becomeLeader, leader elected after 1113ms
2021-08-16 02:08:59,361 [om1@group-C5BA1605619E-LeaderElection6] INFO  server.RaftServerConfigKeys (ConfUtils.java:logGet(44)) - raft.server.staging.catchup.gap = 1000 (default)
2021-08-16 02:08:59,361 [om1@group-C5BA1605619E-LeaderElection6] INFO  server.RaftServerConfigKeys (ConfUtils.java:logGet(44)) - raft.server.write.element-limit = 4096 (default)
2021-08-16 02:08:59,361 [om1@group-C5BA1605619E-LeaderElection6] INFO  server.RaftServerConfigKeys (ConfUtils.java:logGet(44)) - raft.server.write.byte-limit = 64MB (=67108864) (default)
2021-08-16 02:08:59,361 [om1@group-C5BA1605619E-LeaderElection6] INFO  server.RaftServerConfigKeys (ConfUtils.java:logGet(44)) - raft.server.watch.timeout = 10s (default)
2021-08-16 02:08:59,361 [om1@group-C5BA1605619E-LeaderElection6] INFO  server.RaftServerConfigKeys (ConfUtils.java:logGet(44)) - raft.server.watch.timeout.denomination = 1s (default)
2021-08-16 02:08:59,362 [om1@group-C5BA1605619E-LeaderElection6] INFO  server.RaftServerConfigKeys (ConfUtils.java:logGet(44)) - raft.server.watch.element-limit = 65536 (default)
2021-08-16 02:08:59,362 [om1@group-C5BA1605619E-LeaderElection6] INFO  impl.RoleInfo (RoleInfo.java:updateAndGet(130)) - om1: start om1@group-C5BA1605619E-LeaderStateImpl
2021-08-16 02:08:59,362 [om1@group-C5BA1605619E-LeaderElection6] INFO  segmented.SegmentedRaftLogWorker (SegmentedRaftLogWorker.java:startLogSegment(394)) - om1@group-C5BA1605619E-SegmentedRaftLogWorker: Starting segment from index:0
2021-08-16 02:08:59,368 [om1@group-C5BA1605619E-SegmentedRaftLogWorker] INFO  segmented.SegmentedRaftLogWorker (SegmentedRaftLogWorker.java:execute(601)) - om1@group-C5BA1605619E-SegmentedRaftLogWorker: created new log segment /home/runner/work/ozone/ozone/hadoop-ozone/integration-test/target/test-dir/MiniOzoneClusterImpl-6c1f9dad-945a-4399-911a-83f70586d44a/ozone-meta/ratis/bf265839-605b-3f16-9796-c5ba1605619e/current/log_inprogress_0
2021-08-16 02:08:59,374 [om1@group-C5BA1605619E-LeaderElection6] INFO  server.RaftServer$Division (ServerState.java:setRaftConf(387)) - om1@group-C5BA1605619E: set configuration 0: [om1|rpc:localhost:9872|admin:|client:|dataStream:|priority:0], old=null
2021-08-16 02:08:59,377 [om1@group-C5BA1605619E-StateMachineUpdater] INFO  ratis.OzoneManagerStateMachine (OzoneManagerStateMachine.java:notifyConfigurationChanged(188)) - Received Configuration change notification from Ratis. New Peer list:
[id: "om1"
address: "localhost:9872"
]
2021-08-16 02:08:59,381 [Listener at 127.0.0.1/42687] INFO  server.RaftServer (ConfUtils.java:logGet(44)) - raft.rpc.type = GRPC (default)
2021-08-16 02:08:59,382 [Listener at 127.0.0.1/42687] INFO  grpc.GrpcFactory (GrpcFactory.java:checkPooledByteBufAllocatorUseCacheForAllThreads(48)) - PERFORMANCE WARNING: useCacheForAllThreads is true that may cause Netty to create a lot garbage objects and, as a result, trigger GC.
	It is recommended to disable useCacheForAllThreads by setting -Dorg.apache.ratis.thirdparty.io.netty.allocator.useCacheForAllThreads=false in command line.
2021-08-16 02:08:59,382 [Listener at 127.0.0.1/42687] INFO  grpc.GrpcConfigKeys (ConfUtils.java:logGet(44)) - raft.grpc.admin.port = 0 (custom)
2021-08-16 02:08:59,382 [Listener at 127.0.0.1/42687] INFO  grpc.GrpcConfigKeys (ConfUtils.java:logGet(44)) - raft.grpc.client.port = 0 (custom)
2021-08-16 02:08:59,382 [Listener at 127.0.0.1/42687] INFO  grpc.GrpcConfigKeys (ConfUtils.java:logGet(44)) - raft.grpc.server.port = 0 (default)
2021-08-16 02:08:59,382 [Listener at 127.0.0.1/42687] INFO  server.GrpcService (ConfUtils.java:logGet(44)) - raft.grpc.message.size.max = 32MB (=33554432) (custom)
2021-08-16 02:08:59,382 [Listener at 127.0.0.1/42687] INFO  server.RaftServerConfigKeys (ConfUtils.java:logGet(44)) - raft.server.log.appender.buffer.byte-limit = 33554432 (custom)
2021-08-16 02:08:59,382 [Listener at 127.0.0.1/42687] INFO  server.GrpcService (ConfUtils.java:logGet(44)) - raft.grpc.flow.control.window = 5MB (=5242880) (custom)
2021-08-16 02:08:59,383 [Listener at 127.0.0.1/42687] INFO  server.RaftServerConfigKeys (ConfUtils.java:logGet(44)) - raft.server.rpc.request.timeout = 60s (custom)
2021-08-16 02:08:59,384 [Listener at 127.0.0.1/42687] INFO  impl.DataStreamServerImpl (ConfUtils.java:logGet(44)) - raft.datastream.type = DISABLED (default)
2021-08-16 02:08:59,386 [Listener at 127.0.0.1/42687] INFO  server.RaftServerConfigKeys (ConfUtils.java:logGet(44)) - raft.server.rpc.slowness.timeout = 300s (custom)
2021-08-16 02:08:59,386 [Listener at 127.0.0.1/42687] INFO  server.RaftServerConfigKeys (ConfUtils.java:logGet(44)) - raft.server.leaderelection.leader.step-down.wait-time = 10s (default)
2021-08-16 02:08:59,386 [Listener at 127.0.0.1/42687] INFO  server.RaftServerConfigKeys (ConfUtils.java:logGet(44)) - raft.server.storage.dir = [/home/runner/work/ozone/ozone/hadoop-ozone/integration-test/target/test-dir/MiniOzoneClusterImpl-6c1f9dad-945a-4399-911a-83f70586d44a/datanode-1/data/ratis] (custom)
2021-08-16 02:08:59,397 [Listener at 127.0.0.1/42687] INFO  http.BaseHttpServer (BaseHttpServer.java:newHttpServer2BuilderForOzone(209)) - Starting Web-server for hddsDatanode at: http://0.0.0.0:0
2021-08-16 02:08:59,397 [Listener at 127.0.0.1/42687] INFO  http.BaseHttpServer (BaseHttpServer.java:<init>(107)) - Hadoop Security Enabled: false Ozone Security Enabled: false Ozone HTTP Security Enabled: false 
2021-08-16 02:08:59,399 [Listener at 127.0.0.1/42687] INFO  server.AuthenticationFilter (AuthenticationFilter.java:constructSecretProvider(240)) - Unable to initialize FileSignerSecretProvider, falling back to use random secrets.
2021-08-16 02:08:59,404 [Listener at 127.0.0.1/42687] WARN  http.HttpRequestLog (HttpRequestLog.java:getRequestLog(103)) - Jetty request log can only be enabled using Log4j
2021-08-16 02:08:59,405 [Listener at 127.0.0.1/42687] INFO  http.HttpServer2 (HttpServer2.java:addGlobalFilter(1020)) - Added global filter 'safety' (class=org.apache.hadoop.hdds.server.http.HttpServer2$QuotingInputFilter)
2021-08-16 02:08:59,406 [Listener at 127.0.0.1/42687] INFO  http.HttpServer2 (HttpServer2.java:addFilter(996)) - Added filter static_user_filter (class=org.apache.hadoop.http.lib.StaticUserWebFilter$StaticUserFilter) to context hddsDatanode
2021-08-16 02:08:59,406 [Listener at 127.0.0.1/42687] INFO  http.HttpServer2 (HttpServer2.java:addFilter(1004)) - Added filter static_user_filter (class=org.apache.hadoop.http.lib.StaticUserWebFilter$StaticUserFilter) to context logs
2021-08-16 02:08:59,406 [Listener at 127.0.0.1/42687] INFO  http.HttpServer2 (HttpServer2.java:addFilter(1004)) - Added filter static_user_filter (class=org.apache.hadoop.http.lib.StaticUserWebFilter$StaticUserFilter) to context static
2021-08-16 02:08:59,407 [Listener at 127.0.0.1/42687] INFO  http.HttpServer2 (HttpServer2.java:bindListener(1239)) - Jetty bound to port 38483
2021-08-16 02:08:59,407 [Listener at 127.0.0.1/42687] INFO  server.Server (Server.java:doStart(375)) - jetty-9.4.43.v20210629; built: 2021-06-30T11:07:22.254Z; git: 526006ecfa3af7f1a27ef3a288e2bef7ea9dd7e8; jvm 1.8.0_292-b10
2021-08-16 02:08:59,465 [Listener at 127.0.0.1/42687] INFO  server.session (DefaultSessionIdManager.java:doStart(334)) - DefaultSessionIdManager workerName=node0
2021-08-16 02:08:59,465 [Listener at 127.0.0.1/42687] INFO  server.session (DefaultSessionIdManager.java:doStart(339)) - No SessionScavenger set, using defaults
2021-08-16 02:08:59,465 [Listener at 127.0.0.1/42687] INFO  server.session (HouseKeeper.java:startScavenging(132)) - node0 Scavenging every 600000ms
2021-08-16 02:08:59,466 [Listener at 127.0.0.1/42687] INFO  handler.ContextHandler (ContextHandler.java:doStart(915)) - Started o.e.j.s.ServletContextHandler@43d21ec0{logs,/logs,file:///home/runner/work/ozone/ozone/hadoop-ozone/integration-test/target/log,AVAILABLE}
2021-08-16 02:08:59,466 [Listener at 127.0.0.1/42687] INFO  handler.ContextHandler (ContextHandler.java:doStart(915)) - Started o.e.j.s.ServletContextHandler@3d6cf6e0{static,/static,jar:file:/home/runner/.m2/repository/org/apache/ozone/hdds-container-service/1.2.0-SNAPSHOT/hdds-container-service-1.2.0-SNAPSHOT.jar!/webapps/static,AVAILABLE}
2021-08-16 02:08:59,516 [Listener at 127.0.0.1/42687] INFO  handler.ContextHandler (ContextHandler.java:doStart(915)) - Started o.e.j.w.WebAppContext@2c1feb95{hddsDatanode,/,file:///tmp/jetty-0_0_0_0-38483-hdds-container-service-1_2_0-SNAPSHOT_jar-_-any-2421463033934130958/webapp/,AVAILABLE}{jar:file:/home/runner/.m2/repository/org/apache/ozone/hdds-container-service/1.2.0-SNAPSHOT/hdds-container-service-1.2.0-SNAPSHOT.jar!/webapps/hddsDatanode}
2021-08-16 02:08:59,524 [Listener at 127.0.0.1/42687] INFO  server.AbstractConnector (AbstractConnector.java:doStart(331)) - Started ServerConnector@6879ec37{HTTP/1.1, (http/1.1)}{0.0.0.0:38483}
2021-08-16 02:08:59,525 [Listener at 127.0.0.1/42687] INFO  server.Server (Server.java:doStart(415)) - Started @55649ms
2021-08-16 02:08:59,525 [Listener at 127.0.0.1/42687] WARN  impl.MetricsSystemImpl (MetricsSystemImpl.java:register(279)) - Sink prometheus already exists!
2021-08-16 02:08:59,527 [Listener at 127.0.0.1/42687] INFO  http.BaseHttpServer (BaseHttpServer.java:updateConnectorAddress(329)) - HTTP server of hddsDatanode listening at http://0.0.0.0:38483
2021-08-16 02:08:59,534 [Listener at 127.0.0.1/42687] WARN  impl.MetricRegistriesImpl (MetricRegistriesImpl.java:addReporterRegistration(111)) - New reporters are added after registries were created. Some metrics will be missing from the reporter. Please add reporter before adding any new registry.
2021-08-16 02:08:59,534 [Listener at 127.0.0.1/42687] WARN  impl.MetricRegistriesImpl (MetricRegistriesImpl.java:addReporterRegistration(111)) - New reporters are added after registries were created. Some metrics will be missing from the reporter. Please add reporter before adding any new registry.
2021-08-16 02:08:59,534 [Listener at 127.0.0.1/42687] INFO  impl.MetricsSystemImpl (MetricsSystemImpl.java:init(158)) - HddsDatanode metrics system started (again)
2021-08-16 02:08:59,564 [org.apache.hadoop.util.JvmPauseMonitor$Monitor@37f5fc81] INFO  util.JvmPauseMonitor (JvmPauseMonitor.java:run(188)) - Starting JVM pause monitor
2021-08-16 02:08:59,569 [Datanode State Machine Task Thread - 0] INFO  datanode.InitDatanodeState (InitDatanodeState.java:persistContainerDatanodeDetails(145)) - DatanodeDetails is persisted to /home/runner/work/ozone/ozone/hadoop-ozone/integration-test/target/test-dir/MiniOzoneClusterImpl-6c1f9dad-945a-4399-911a-83f70586d44a/datanode-1/meta/datanode.id
2021-08-16 02:08:59,584 [Listener at 127.0.0.1/42687] INFO  ozone.HddsDatanodeService (HddsDatanodeService.java:start(234)) - HddsDatanodeService host:fv-az148-41.bm4ck3pvxvsene1rjriu5fhcdb.bx.internal.cloudapp.net ip:10.1.0.7
2021-08-16 02:08:59,632 [Listener at 127.0.0.1/42687] INFO  upgrade.AbstractLayoutVersionManager (AbstractLayoutVersionManager.java:init(70)) - Initializing Layout version manager with metadata layout = SCM_HA (version = 2), software layout = SCM_HA (version = 2)
2021-08-16 02:08:59,723 [Listener at 127.0.0.1/42687] INFO  reflections.Reflections (Reflections.java:scan(232)) - Reflections took 89 ms to scan 7 urls, producing 120 keys and 275 values 
2021-08-16 02:08:59,725 [Listener at 127.0.0.1/42687] INFO  volume.HddsVolume (HddsVolume.java:<init>(120)) - Creating HddsVolume: /home/runner/work/ozone/ozone/hadoop-ozone/integration-test/target/test-dir/MiniOzoneClusterImpl-6c1f9dad-945a-4399-911a-83f70586d44a/datanode-2/data-0/containers/hdds of storage type : DISK capacity : 9223372036854775807
2021-08-16 02:08:59,726 [Listener at 127.0.0.1/42687] INFO  volume.MutableVolumeSet (MutableVolumeSet.java:initializeVolumeSet(181)) - Added Volume : /home/runner/work/ozone/ozone/hadoop-ozone/integration-test/target/test-dir/MiniOzoneClusterImpl-6c1f9dad-945a-4399-911a-83f70586d44a/datanode-2/data-0/containers/hdds to VolumeSet
2021-08-16 02:08:59,726 [Listener at 127.0.0.1/42687] INFO  volume.ThrottledAsyncChecker (ThrottledAsyncChecker.java:schedule(141)) - Scheduling a check for /home/runner/work/ozone/ozone/hadoop-ozone/integration-test/target/test-dir/MiniOzoneClusterImpl-6c1f9dad-945a-4399-911a-83f70586d44a/datanode-2/data-0/containers/hdds
2021-08-16 02:08:59,726 [Listener at 127.0.0.1/42687] INFO  volume.StorageVolumeChecker (StorageVolumeChecker.java:checkAllVolumes(202)) - Scheduled health check for volume /home/runner/work/ozone/ozone/hadoop-ozone/integration-test/target/test-dir/MiniOzoneClusterImpl-6c1f9dad-945a-4399-911a-83f70586d44a/datanode-2/data-0/containers/hdds
2021-08-16 02:08:59,741 [Listener at 127.0.0.1/42687] INFO  volume.MutableVolumeSet (MutableVolumeSet.java:initializeVolumeSet(181)) - Added Volume : /home/runner/work/ozone/ozone/hadoop-ozone/integration-test/target/test-dir/MiniOzoneClusterImpl-6c1f9dad-945a-4399-911a-83f70586d44a/datanode-2/data/ratis to VolumeSet
2021-08-16 02:08:59,741 [Listener at 127.0.0.1/42687] INFO  volume.ThrottledAsyncChecker (ThrottledAsyncChecker.java:schedule(141)) - Scheduling a check for /home/runner/work/ozone/ozone/hadoop-ozone/integration-test/target/test-dir/MiniOzoneClusterImpl-6c1f9dad-945a-4399-911a-83f70586d44a/datanode-2/data/ratis
2021-08-16 02:08:59,741 [Listener at 127.0.0.1/42687] INFO  volume.StorageVolumeChecker (StorageVolumeChecker.java:checkAllVolumes(202)) - Scheduled health check for volume /home/runner/work/ozone/ozone/hadoop-ozone/integration-test/target/test-dir/MiniOzoneClusterImpl-6c1f9dad-945a-4399-911a-83f70586d44a/datanode-2/data/ratis
2021-08-16 02:08:59,754 [Listener at 127.0.0.1/42687] INFO  ozoneimpl.ContainerReader (ContainerReader.java:<init>(98)) - Running in upgrade mode:true
2021-08-16 02:08:59,755 [Thread-3809] INFO  ozoneimpl.ContainerReader (ContainerReader.java:readVolume(142)) - Start to verify containers on volume /home/runner/work/ozone/ozone/hadoop-ozone/integration-test/target/test-dir/MiniOzoneClusterImpl-6c1f9dad-945a-4399-911a-83f70586d44a/datanode-2/data-0/containers/hdds
2021-08-16 02:08:59,755 [Thread-3809] INFO  ozoneimpl.ContainerReader (ContainerReader.java:readVolume(174)) - Finish verifying containers on volume /home/runner/work/ozone/ozone/hadoop-ozone/integration-test/target/test-dir/MiniOzoneClusterImpl-6c1f9dad-945a-4399-911a-83f70586d44a/datanode-2/data-0/containers/hdds
2021-08-16 02:08:59,755 [Listener at 127.0.0.1/42687] INFO  ozoneimpl.OzoneContainer (OzoneContainer.java:buildContainerSet(237)) - Build ContainerSet costs 0s
2021-08-16 02:08:59,757 [Listener at 127.0.0.1/42687] INFO  server.RaftServer (ConfUtils.java:logGet(44)) - raft.rpc.type = GRPC (default)
2021-08-16 02:08:59,757 [Listener at 127.0.0.1/42687] INFO  grpc.GrpcFactory (GrpcFactory.java:checkPooledByteBufAllocatorUseCacheForAllThreads(48)) - PERFORMANCE WARNING: useCacheForAllThreads is true that may cause Netty to create a lot garbage objects and, as a result, trigger GC.
	It is recommended to disable useCacheForAllThreads by setting -Dorg.apache.ratis.thirdparty.io.netty.allocator.useCacheForAllThreads=false in command line.
2021-08-16 02:08:59,758 [Listener at 127.0.0.1/42687] INFO  grpc.GrpcConfigKeys (ConfUtils.java:logGet(44)) - raft.grpc.admin.port = 0 (custom)
2021-08-16 02:08:59,758 [Listener at 127.0.0.1/42687] INFO  grpc.GrpcConfigKeys (ConfUtils.java:logGet(44)) - raft.grpc.client.port = 0 (custom)
2021-08-16 02:08:59,758 [Listener at 127.0.0.1/42687] INFO  grpc.GrpcConfigKeys (ConfUtils.java:logGet(44)) - raft.grpc.server.port = 0 (default)
2021-08-16 02:08:59,758 [Listener at 127.0.0.1/42687] INFO  server.GrpcService (ConfUtils.java:logGet(44)) - raft.grpc.message.size.max = 32MB (=33554432) (custom)
2021-08-16 02:08:59,758 [Listener at 127.0.0.1/42687] INFO  server.RaftServerConfigKeys (ConfUtils.java:logGet(44)) - raft.server.log.appender.buffer.byte-limit = 33554432 (custom)
2021-08-16 02:08:59,758 [Listener at 127.0.0.1/42687] INFO  server.GrpcService (ConfUtils.java:logGet(44)) - raft.grpc.flow.control.window = 5MB (=5242880) (custom)
2021-08-16 02:08:59,758 [Listener at 127.0.0.1/42687] INFO  server.RaftServerConfigKeys (ConfUtils.java:logGet(44)) - raft.server.rpc.request.timeout = 60s (custom)
2021-08-16 02:08:59,759 [Listener at 127.0.0.1/42687] INFO  impl.DataStreamServerImpl (ConfUtils.java:logGet(44)) - raft.datastream.type = DISABLED (default)
2021-08-16 02:08:59,760 [Listener at 127.0.0.1/42687] INFO  server.RaftServerConfigKeys (ConfUtils.java:logGet(44)) - raft.server.rpc.slowness.timeout = 300s (custom)
2021-08-16 02:08:59,760 [Listener at 127.0.0.1/42687] INFO  server.RaftServerConfigKeys (ConfUtils.java:logGet(44)) - raft.server.leaderelection.leader.step-down.wait-time = 10s (default)
2021-08-16 02:08:59,760 [Listener at 127.0.0.1/42687] INFO  server.RaftServerConfigKeys (ConfUtils.java:logGet(44)) - raft.server.storage.dir = [/home/runner/work/ozone/ozone/hadoop-ozone/integration-test/target/test-dir/MiniOzoneClusterImpl-6c1f9dad-945a-4399-911a-83f70586d44a/datanode-2/data/ratis] (custom)
2021-08-16 02:08:59,763 [Listener at 127.0.0.1/42687] INFO  http.BaseHttpServer (BaseHttpServer.java:newHttpServer2BuilderForOzone(209)) - Starting Web-server for hddsDatanode at: http://0.0.0.0:0
2021-08-16 02:08:59,763 [Listener at 127.0.0.1/42687] INFO  http.BaseHttpServer (BaseHttpServer.java:<init>(107)) - Hadoop Security Enabled: false Ozone Security Enabled: false Ozone HTTP Security Enabled: false 
2021-08-16 02:08:59,765 [Listener at 127.0.0.1/42687] INFO  server.AuthenticationFilter (AuthenticationFilter.java:constructSecretProvider(240)) - Unable to initialize FileSignerSecretProvider, falling back to use random secrets.
2021-08-16 02:08:59,765 [Listener at 127.0.0.1/42687] WARN  http.HttpRequestLog (HttpRequestLog.java:getRequestLog(103)) - Jetty request log can only be enabled using Log4j
2021-08-16 02:08:59,766 [Listener at 127.0.0.1/42687] INFO  http.HttpServer2 (HttpServer2.java:addGlobalFilter(1020)) - Added global filter 'safety' (class=org.apache.hadoop.hdds.server.http.HttpServer2$QuotingInputFilter)
2021-08-16 02:08:59,767 [Listener at 127.0.0.1/42687] INFO  http.HttpServer2 (HttpServer2.java:addFilter(996)) - Added filter static_user_filter (class=org.apache.hadoop.http.lib.StaticUserWebFilter$StaticUserFilter) to context hddsDatanode
2021-08-16 02:08:59,767 [Listener at 127.0.0.1/42687] INFO  http.HttpServer2 (HttpServer2.java:addFilter(1004)) - Added filter static_user_filter (class=org.apache.hadoop.http.lib.StaticUserWebFilter$StaticUserFilter) to context logs
2021-08-16 02:08:59,767 [Listener at 127.0.0.1/42687] INFO  http.HttpServer2 (HttpServer2.java:addFilter(1004)) - Added filter static_user_filter (class=org.apache.hadoop.http.lib.StaticUserWebFilter$StaticUserFilter) to context static
2021-08-16 02:08:59,767 [Listener at 127.0.0.1/42687] INFO  http.HttpServer2 (HttpServer2.java:bindListener(1239)) - Jetty bound to port 37719
2021-08-16 02:08:59,767 [Listener at 127.0.0.1/42687] INFO  server.Server (Server.java:doStart(375)) - jetty-9.4.43.v20210629; built: 2021-06-30T11:07:22.254Z; git: 526006ecfa3af7f1a27ef3a288e2bef7ea9dd7e8; jvm 1.8.0_292-b10
2021-08-16 02:08:59,853 [Listener at 127.0.0.1/42687] INFO  server.session (DefaultSessionIdManager.java:doStart(334)) - DefaultSessionIdManager workerName=node0
2021-08-16 02:08:59,853 [Listener at 127.0.0.1/42687] INFO  server.session (DefaultSessionIdManager.java:doStart(339)) - No SessionScavenger set, using defaults
2021-08-16 02:08:59,853 [Listener at 127.0.0.1/42687] INFO  server.session (HouseKeeper.java:startScavenging(132)) - node0 Scavenging every 600000ms
2021-08-16 02:08:59,854 [Listener at 127.0.0.1/42687] INFO  handler.ContextHandler (ContextHandler.java:doStart(915)) - Started o.e.j.s.ServletContextHandler@65a44d8a{logs,/logs,file:///home/runner/work/ozone/ozone/hadoop-ozone/integration-test/target/log,AVAILABLE}
2021-08-16 02:08:59,855 [Listener at 127.0.0.1/42687] INFO  handler.ContextHandler (ContextHandler.java:doStart(915)) - Started o.e.j.s.ServletContextHandler@72be2170{static,/static,jar:file:/home/runner/.m2/repository/org/apache/ozone/hdds-container-service/1.2.0-SNAPSHOT/hdds-container-service-1.2.0-SNAPSHOT.jar!/webapps/static,AVAILABLE}
2021-08-16 02:08:59,981 [Listener at 127.0.0.1/42687] INFO  handler.ContextHandler (ContextHandler.java:doStart(915)) - Started o.e.j.w.WebAppContext@563f9766{hddsDatanode,/,file:///tmp/jetty-0_0_0_0-37719-hdds-container-service-1_2_0-SNAPSHOT_jar-_-any-2709306753913509599/webapp/,AVAILABLE}{jar:file:/home/runner/.m2/repository/org/apache/ozone/hdds-container-service/1.2.0-SNAPSHOT/hdds-container-service-1.2.0-SNAPSHOT.jar!/webapps/hddsDatanode}
2021-08-16 02:08:59,984 [Listener at 127.0.0.1/42687] INFO  server.AbstractConnector (AbstractConnector.java:doStart(331)) - Started ServerConnector@4654aab6{HTTP/1.1, (http/1.1)}{0.0.0.0:37719}
2021-08-16 02:08:59,985 [Listener at 127.0.0.1/42687] INFO  server.Server (Server.java:doStart(415)) - Started @56109ms
2021-08-16 02:08:59,985 [Listener at 127.0.0.1/42687] WARN  impl.MetricsSystemImpl (MetricsSystemImpl.java:register(279)) - Sink prometheus already exists!
2021-08-16 02:08:59,989 [Listener at 127.0.0.1/42687] INFO  http.BaseHttpServer (BaseHttpServer.java:updateConnectorAddress(329)) - HTTP server of hddsDatanode listening at http://0.0.0.0:37719
2021-08-16 02:08:59,997 [Listener at 127.0.0.1/42687] INFO  ozone.MiniOzoneClusterImpl (MiniOzoneClusterImpl.java:lambda$waitForClusterToBeReady$0(235)) - Waiting for nodes to be ready. Got 0 of 3 DN Heartbeats.
2021-08-16 02:08:59,998 [Listener at 127.0.0.1/42687] INFO  ozone.MiniOzoneClusterImpl (MiniOzoneClusterImpl.java:lambda$waitForClusterToBeReady$0(238)) - Waiting for cluster to exit safe mode
2021-08-16 02:08:59,998 [Listener at 127.0.0.1/42687] INFO  ozone.MiniOzoneClusterImpl (MiniOzoneClusterImpl.java:lambda$waitForClusterToBeReady$0(240)) - SCM became leader
2021-08-16 02:09:00,023 [org.apache.hadoop.util.JvmPauseMonitor$Monitor@76950748] INFO  util.JvmPauseMonitor (JvmPauseMonitor.java:run(188)) - Starting JVM pause monitor
2021-08-16 02:09:00,031 [Datanode State Machine Task Thread - 0] INFO  datanode.InitDatanodeState (InitDatanodeState.java:persistContainerDatanodeDetails(145)) - DatanodeDetails is persisted to /home/runner/work/ozone/ozone/hadoop-ozone/integration-test/target/test-dir/MiniOzoneClusterImpl-6c1f9dad-945a-4399-911a-83f70586d44a/datanode-2/meta/datanode.id
2021-08-16 02:09:00,998 [Listener at 127.0.0.1/42687] INFO  ozone.MiniOzoneClusterImpl (MiniOzoneClusterImpl.java:lambda$waitForClusterToBeReady$0(235)) - Waiting for nodes to be ready. Got 0 of 3 DN Heartbeats.
2021-08-16 02:09:00,998 [Listener at 127.0.0.1/42687] INFO  ozone.MiniOzoneClusterImpl (MiniOzoneClusterImpl.java:lambda$waitForClusterToBeReady$0(238)) - Waiting for cluster to exit safe mode
2021-08-16 02:09:00,998 [Listener at 127.0.0.1/42687] INFO  ozone.MiniOzoneClusterImpl (MiniOzoneClusterImpl.java:lambda$waitForClusterToBeReady$0(240)) - SCM became leader
2021-08-16 02:09:01,128 [EndpointStateMachine task thread for /0.0.0.0:39111 - 0 ] INFO  ozoneimpl.OzoneContainer (OzoneContainer.java:start(305)) - Attempting to start container services.
2021-08-16 02:09:01,128 [EndpointStateMachine task thread for /0.0.0.0:39111 - 0 ] INFO  ozoneimpl.OzoneContainer (OzoneContainer.java:startContainerScrub(250)) - Background container scanner has been disabled.
2021-08-16 02:09:01,129 [EndpointStateMachine task thread for /0.0.0.0:39111 - 0 ] INFO  replication.ReplicationServer (ReplicationServer.java:start(106)) - ReplicationServer is started using port 42659
2021-08-16 02:09:01,131 [EndpointStateMachine task thread for /0.0.0.0:39111 - 0 ] INFO  ratis.XceiverServerRatis (XceiverServerRatis.java:start(482)) - Starting XceiverServerRatis bd4316f7-8522-4e92-952a-a3dfbeefbfef
2021-08-16 02:09:01,132 [EndpointStateMachine task thread for /0.0.0.0:39111 - 0 ] INFO  server.RaftServer (RaftServerProxy.java:lambda$start$5(374)) - bd4316f7-8522-4e92-952a-a3dfbeefbfef: start RPC server
2021-08-16 02:09:01,140 [EndpointStateMachine task thread for /0.0.0.0:39111 - 0 ] INFO  server.GrpcService (GrpcService.java:startImpl(253)) - bd4316f7-8522-4e92-952a-a3dfbeefbfef: GrpcService started, listening on 40431
2021-08-16 02:09:01,141 [EndpointStateMachine task thread for /0.0.0.0:39111 - 0 ] INFO  ratis.XceiverServerRatis (XceiverServerRatis.java:getRealPort(503)) - XceiverServerRatis bd4316f7-8522-4e92-952a-a3dfbeefbfef is started using port 40431 for RATIS
2021-08-16 02:09:01,141 [EndpointStateMachine task thread for /0.0.0.0:39111 - 0 ] INFO  ratis.XceiverServerRatis (XceiverServerRatis.java:getRealPort(503)) - XceiverServerRatis bd4316f7-8522-4e92-952a-a3dfbeefbfef is started using port 40431 for RATIS_ADMIN
2021-08-16 02:09:01,141 [EndpointStateMachine task thread for /0.0.0.0:39111 - 0 ] INFO  ratis.XceiverServerRatis (XceiverServerRatis.java:getRealPort(503)) - XceiverServerRatis bd4316f7-8522-4e92-952a-a3dfbeefbfef is started using port 40431 for RATIS_SERVER
2021-08-16 02:09:01,144 [EndpointStateMachine task thread for /0.0.0.0:39111 - 0 ] INFO  server.XceiverServerGrpc (XceiverServerGrpc.java:start(135)) - XceiverServerGrpc bd4316f7-8522-4e92-952a-a3dfbeefbfef is started using port 33881
2021-08-16 02:09:01,152 [org.apache.ratis.util.JvmPauseMonitor$$Lambda$531/740858526@4719373a] INFO  util.JvmPauseMonitor (JvmPauseMonitor.java:run(103)) - JvmPauseMonitor-bd4316f7-8522-4e92-952a-a3dfbeefbfef: Started
2021-08-16 02:09:01,576 [EndpointStateMachine task thread for /0.0.0.0:39111 - 0 ] INFO  ozoneimpl.OzoneContainer (OzoneContainer.java:start(305)) - Attempting to start container services.
2021-08-16 02:09:01,576 [EndpointStateMachine task thread for /0.0.0.0:39111 - 0 ] INFO  ozoneimpl.OzoneContainer (OzoneContainer.java:startContainerScrub(250)) - Background container scanner has been disabled.
2021-08-16 02:09:01,577 [EndpointStateMachine task thread for /0.0.0.0:39111 - 0 ] INFO  replication.ReplicationServer (ReplicationServer.java:start(106)) - ReplicationServer is started using port 46351
2021-08-16 02:09:01,578 [EndpointStateMachine task thread for /0.0.0.0:39111 - 0 ] INFO  ratis.XceiverServerRatis (XceiverServerRatis.java:start(482)) - Starting XceiverServerRatis 4c5d3f80-455e-48af-b42d-db12d94a5acc
2021-08-16 02:09:01,581 [EndpointStateMachine task thread for /0.0.0.0:39111 - 0 ] INFO  server.RaftServer (RaftServerProxy.java:lambda$start$5(374)) - 4c5d3f80-455e-48af-b42d-db12d94a5acc: start RPC server
2021-08-16 02:09:01,588 [EndpointStateMachine task thread for /0.0.0.0:39111 - 0 ] INFO  server.GrpcService (GrpcService.java:startImpl(253)) - 4c5d3f80-455e-48af-b42d-db12d94a5acc: GrpcService started, listening on 38341
2021-08-16 02:09:01,592 [EndpointStateMachine task thread for /0.0.0.0:39111 - 0 ] INFO  ratis.XceiverServerRatis (XceiverServerRatis.java:getRealPort(503)) - XceiverServerRatis 4c5d3f80-455e-48af-b42d-db12d94a5acc is started using port 38341 for RATIS
2021-08-16 02:09:01,592 [EndpointStateMachine task thread for /0.0.0.0:39111 - 0 ] INFO  ratis.XceiverServerRatis (XceiverServerRatis.java:getRealPort(503)) - XceiverServerRatis 4c5d3f80-455e-48af-b42d-db12d94a5acc is started using port 38341 for RATIS_ADMIN
2021-08-16 02:09:01,592 [EndpointStateMachine task thread for /0.0.0.0:39111 - 0 ] INFO  ratis.XceiverServerRatis (XceiverServerRatis.java:getRealPort(503)) - XceiverServerRatis 4c5d3f80-455e-48af-b42d-db12d94a5acc is started using port 38341 for RATIS_SERVER
2021-08-16 02:09:01,595 [EndpointStateMachine task thread for /0.0.0.0:39111 - 0 ] INFO  server.XceiverServerGrpc (XceiverServerGrpc.java:start(135)) - XceiverServerGrpc 4c5d3f80-455e-48af-b42d-db12d94a5acc is started using port 43791
2021-08-16 02:09:01,603 [org.apache.ratis.util.JvmPauseMonitor$$Lambda$531/740858526@ffa5fd] INFO  util.JvmPauseMonitor (JvmPauseMonitor.java:run(103)) - JvmPauseMonitor-4c5d3f80-455e-48af-b42d-db12d94a5acc: Started
2021-08-16 02:09:01,998 [Listener at 127.0.0.1/42687] INFO  ozone.MiniOzoneClusterImpl (MiniOzoneClusterImpl.java:lambda$waitForClusterToBeReady$0(235)) - Waiting for nodes to be ready. Got 0 of 3 DN Heartbeats.
2021-08-16 02:09:01,999 [Listener at 127.0.0.1/42687] INFO  ozone.MiniOzoneClusterImpl (MiniOzoneClusterImpl.java:lambda$waitForClusterToBeReady$0(238)) - Waiting for cluster to exit safe mode
2021-08-16 02:09:01,999 [Listener at 127.0.0.1/42687] INFO  ozone.MiniOzoneClusterImpl (MiniOzoneClusterImpl.java:lambda$waitForClusterToBeReady$0(240)) - SCM became leader
2021-08-16 02:09:02,038 [EndpointStateMachine task thread for /0.0.0.0:39111 - 0 ] INFO  ozoneimpl.OzoneContainer (OzoneContainer.java:start(305)) - Attempting to start container services.
2021-08-16 02:09:02,038 [EndpointStateMachine task thread for /0.0.0.0:39111 - 0 ] INFO  ozoneimpl.OzoneContainer (OzoneContainer.java:startContainerScrub(250)) - Background container scanner has been disabled.
2021-08-16 02:09:02,040 [EndpointStateMachine task thread for /0.0.0.0:39111 - 0 ] INFO  replication.ReplicationServer (ReplicationServer.java:start(106)) - ReplicationServer is started using port 46267
2021-08-16 02:09:02,040 [EndpointStateMachine task thread for /0.0.0.0:39111 - 0 ] INFO  ratis.XceiverServerRatis (XceiverServerRatis.java:start(482)) - Starting XceiverServerRatis e9132cce-c60f-4b85-98ff-6a1f5b0024c6
2021-08-16 02:09:02,041 [EndpointStateMachine task thread for /0.0.0.0:39111 - 0 ] INFO  server.RaftServer (RaftServerProxy.java:lambda$start$5(374)) - e9132cce-c60f-4b85-98ff-6a1f5b0024c6: start RPC server
2021-08-16 02:09:02,048 [EndpointStateMachine task thread for /0.0.0.0:39111 - 0 ] INFO  server.GrpcService (GrpcService.java:startImpl(253)) - e9132cce-c60f-4b85-98ff-6a1f5b0024c6: GrpcService started, listening on 45089
2021-08-16 02:09:02,052 [EndpointStateMachine task thread for /0.0.0.0:39111 - 0 ] INFO  ratis.XceiverServerRatis (XceiverServerRatis.java:getRealPort(503)) - XceiverServerRatis e9132cce-c60f-4b85-98ff-6a1f5b0024c6 is started using port 45089 for RATIS
2021-08-16 02:09:02,052 [EndpointStateMachine task thread for /0.0.0.0:39111 - 0 ] INFO  ratis.XceiverServerRatis (XceiverServerRatis.java:getRealPort(503)) - XceiverServerRatis e9132cce-c60f-4b85-98ff-6a1f5b0024c6 is started using port 45089 for RATIS_ADMIN
2021-08-16 02:09:02,052 [EndpointStateMachine task thread for /0.0.0.0:39111 - 0 ] INFO  ratis.XceiverServerRatis (XceiverServerRatis.java:getRealPort(503)) - XceiverServerRatis e9132cce-c60f-4b85-98ff-6a1f5b0024c6 is started using port 45089 for RATIS_SERVER
2021-08-16 02:09:02,054 [EndpointStateMachine task thread for /0.0.0.0:39111 - 0 ] INFO  server.XceiverServerGrpc (XceiverServerGrpc.java:start(135)) - XceiverServerGrpc e9132cce-c60f-4b85-98ff-6a1f5b0024c6 is started using port 36971
2021-08-16 02:09:02,067 [org.apache.ratis.util.JvmPauseMonitor$$Lambda$531/740858526@4625c4f] INFO  util.JvmPauseMonitor (JvmPauseMonitor.java:run(103)) - JvmPauseMonitor-e9132cce-c60f-4b85-98ff-6a1f5b0024c6: Started
2021-08-16 02:09:02,999 [Listener at 127.0.0.1/42687] INFO  ozone.MiniOzoneClusterImpl (MiniOzoneClusterImpl.java:lambda$waitForClusterToBeReady$0(235)) - Waiting for nodes to be ready. Got 0 of 3 DN Heartbeats.
2021-08-16 02:09:02,999 [Listener at 127.0.0.1/42687] INFO  ozone.MiniOzoneClusterImpl (MiniOzoneClusterImpl.java:lambda$waitForClusterToBeReady$0(238)) - Waiting for cluster to exit safe mode
2021-08-16 02:09:02,999 [Listener at 127.0.0.1/42687] INFO  ozone.MiniOzoneClusterImpl (MiniOzoneClusterImpl.java:lambda$waitForClusterToBeReady$0(240)) - SCM became leader
2021-08-16 02:09:03,109 [IPC Server handler 1 on default port 39111] INFO  net.NetworkTopologyImpl (NetworkTopologyImpl.java:add(112)) - Added a new node: /default-rack/bd4316f7-8522-4e92-952a-a3dfbeefbfef
2021-08-16 02:09:03,109 [IPC Server handler 1 on default port 39111] INFO  node.SCMNodeManager (SCMNodeManager.java:register(390)) - Registered Data node : bd4316f7-8522-4e92-952a-a3dfbeefbfef{ip: 10.1.0.7, host: fv-az148-41.bm4ck3pvxvsene1rjriu5fhcdb.bx.internal.cloudapp.net, ports: [REPLICATION=42659, RATIS=40431, RATIS_ADMIN=40431, RATIS_SERVER=40431, STANDALONE=33881], networkLocation: /default-rack, certSerialId: null, persistedOpState: null, persistedOpStateExpiryEpochSec: 0}
2021-08-16 02:09:03,111 [EventQueue-NodeRegistrationContainerReportForContainerSafeModeRule] INFO  safemode.SCMSafeModeManager (SCMSafeModeManager.java:validateSafeModeExitRules(204)) - ContainerSafeModeRule rule is successfully validated
2021-08-16 02:09:03,111 [EventQueue-NodeRegistrationContainerReportForDataNodeSafeModeRule] INFO  safemode.SCMSafeModeManager (DataNodeSafeModeRule.java:process(71)) - SCM in safe mode. 1 DataNodes registered, 3 required.
2021-08-16 02:09:03,120 [EventQueue-NewNodeForNewNodeHandler] INFO  pipeline.BackgroundPipelineCreator (BackgroundPipelineCreatorV2.java:notifyEventTriggered(285)) - trigger a one-shot run on RatisPipelineUtilsThread.
2021-08-16 02:09:03,120 [EventQueue-PipelineReportForOneReplicaPipelineSafeModeRule] INFO  safemode.SCMSafeModeManager (SCMSafeModeManager.java:validateSafeModeExitRules(204)) - AtleastOneDatanodeReportedRule rule is successfully validated
2021-08-16 02:09:03,553 [IPC Server handler 2 on default port 39111] INFO  net.NetworkTopologyImpl (NetworkTopologyImpl.java:add(112)) - Added a new node: /default-rack/4c5d3f80-455e-48af-b42d-db12d94a5acc
2021-08-16 02:09:03,553 [IPC Server handler 2 on default port 39111] INFO  node.SCMNodeManager (SCMNodeManager.java:register(390)) - Registered Data node : 4c5d3f80-455e-48af-b42d-db12d94a5acc{ip: 10.1.0.7, host: fv-az148-41.bm4ck3pvxvsene1rjriu5fhcdb.bx.internal.cloudapp.net, ports: [REPLICATION=46351, RATIS=38341, RATIS_ADMIN=38341, RATIS_SERVER=38341, STANDALONE=43791], networkLocation: /default-rack, certSerialId: null, persistedOpState: null, persistedOpStateExpiryEpochSec: 0}
2021-08-16 02:09:03,554 [EventQueue-NewNodeForNewNodeHandler] INFO  pipeline.BackgroundPipelineCreator (BackgroundPipelineCreatorV2.java:notifyEventTriggered(285)) - trigger a one-shot run on RatisPipelineUtilsThread.
2021-08-16 02:09:03,557 [EventQueue-NodeRegistrationContainerReportForDataNodeSafeModeRule] INFO  safemode.SCMSafeModeManager (DataNodeSafeModeRule.java:process(71)) - SCM in safe mode. 2 DataNodes registered, 3 required.
2021-08-16 02:09:04,000 [Listener at 127.0.0.1/42687] INFO  ozone.MiniOzoneClusterImpl (MiniOzoneClusterImpl.java:lambda$waitForClusterToBeReady$0(235)) - Waiting for nodes to be ready. Got 2 of 3 DN Heartbeats.
2021-08-16 02:09:04,000 [Listener at 127.0.0.1/42687] INFO  ozone.MiniOzoneClusterImpl (MiniOzoneClusterImpl.java:lambda$waitForClusterToBeReady$0(238)) - Waiting for cluster to exit safe mode
2021-08-16 02:09:04,000 [Listener at 127.0.0.1/42687] INFO  ozone.MiniOzoneClusterImpl (MiniOzoneClusterImpl.java:lambda$waitForClusterToBeReady$0(240)) - SCM became leader
2021-08-16 02:09:04,024 [IPC Server handler 0 on default port 39111] INFO  net.NetworkTopologyImpl (NetworkTopologyImpl.java:add(112)) - Added a new node: /default-rack/e9132cce-c60f-4b85-98ff-6a1f5b0024c6
2021-08-16 02:09:04,024 [IPC Server handler 0 on default port 39111] INFO  node.SCMNodeManager (SCMNodeManager.java:register(390)) - Registered Data node : e9132cce-c60f-4b85-98ff-6a1f5b0024c6{ip: 10.1.0.7, host: fv-az148-41.bm4ck3pvxvsene1rjriu5fhcdb.bx.internal.cloudapp.net, ports: [REPLICATION=46267, RATIS=45089, RATIS_ADMIN=45089, RATIS_SERVER=45089, STANDALONE=36971], networkLocation: /default-rack, certSerialId: null, persistedOpState: null, persistedOpStateExpiryEpochSec: 0}
2021-08-16 02:09:04,025 [EventQueue-NewNodeForNewNodeHandler] INFO  pipeline.BackgroundPipelineCreator (BackgroundPipelineCreatorV2.java:notifyEventTriggered(285)) - trigger a one-shot run on RatisPipelineUtilsThread.
2021-08-16 02:09:04,028 [EventQueue-NodeRegistrationContainerReportForDataNodeSafeModeRule] INFO  safemode.SCMSafeModeManager (DataNodeSafeModeRule.java:process(71)) - SCM in safe mode. 3 DataNodes registered, 3 required.
2021-08-16 02:09:04,028 [EventQueue-NodeRegistrationContainerReportForDataNodeSafeModeRule] INFO  safemode.SCMSafeModeManager (SCMSafeModeManager.java:validateSafeModeExitRules(204)) - DataNodeSafeModeRule rule is successfully validated
2021-08-16 02:09:04,028 [EventQueue-NodeRegistrationContainerReportForDataNodeSafeModeRule] INFO  safemode.SCMSafeModeManager (SCMSafeModeManager.java:completePreCheck(233)) - All SCM safe mode pre check rules have passed
2021-08-16 02:09:04,028 [EventQueue-NodeRegistrationContainerReportForDataNodeSafeModeRule] WARN  events.EventQueue (EventQueue.java:fireEvent(194)) - No event handler registered for event TypedEvent{payloadType=SafeModeStatus, name='Safe mode status'}
2021-08-16 02:09:04,028 [EventQueue-NodeRegistrationContainerReportForDataNodeSafeModeRule] INFO  ha.SCMContext (SCMContext.java:updateSafeModeStatus(205)) - Update SafeModeStatus from SafeModeStatus{safeModeStatus=true, preCheckPassed=false} to SafeModeStatus{safeModeStatus=true, preCheckPassed=true}.
2021-08-16 02:09:04,028 [EventQueue-NodeRegistrationContainerReportForDataNodeSafeModeRule] INFO  pipeline.BackgroundPipelineCreator (BackgroundPipelineCreatorV2.java:notifyEventTriggered(285)) - trigger a one-shot run on RatisPipelineUtilsThread.
2021-08-16 02:09:04,029 [RatisPipelineUtilsThread - 0] INFO  pipeline.RatisPipelineProvider (RatisPipelineProvider.java:lambda$create$0(183)) - Sending CreatePipelineCommand for pipeline:PipelineID=8df6d1c3-eab4-46c1-a084-f9dbe6e145ed to datanode:e9132cce-c60f-4b85-98ff-6a1f5b0024c6
2021-08-16 02:09:04,040 [RatisPipelineUtilsThread - 0] INFO  pipeline.RatisPipelineProvider (RatisPipelineProvider.java:lambda$create$0(183)) - Sending CreatePipelineCommand for pipeline:PipelineID=8df6d1c3-eab4-46c1-a084-f9dbe6e145ed to datanode:4c5d3f80-455e-48af-b42d-db12d94a5acc
2021-08-16 02:09:04,040 [RatisPipelineUtilsThread - 0] INFO  pipeline.RatisPipelineProvider (RatisPipelineProvider.java:lambda$create$0(183)) - Sending CreatePipelineCommand for pipeline:PipelineID=8df6d1c3-eab4-46c1-a084-f9dbe6e145ed to datanode:bd4316f7-8522-4e92-952a-a3dfbeefbfef
2021-08-16 02:09:04,040 [RatisPipelineUtilsThread - 0] INFO  pipeline.PipelineStateManager (PipelineStateManagerV2Impl.java:addPipeline(101)) - Created pipeline Pipeline[ Id: 8df6d1c3-eab4-46c1-a084-f9dbe6e145ed, Nodes: e9132cce-c60f-4b85-98ff-6a1f5b0024c6{ip: 10.1.0.7, host: fv-az148-41.bm4ck3pvxvsene1rjriu5fhcdb.bx.internal.cloudapp.net, ports: [REPLICATION=46267, RATIS=45089, RATIS_ADMIN=45089, RATIS_SERVER=45089, STANDALONE=36971], networkLocation: /default-rack, certSerialId: null, persistedOpState: IN_SERVICE, persistedOpStateExpiryEpochSec: 0}4c5d3f80-455e-48af-b42d-db12d94a5acc{ip: 10.1.0.7, host: fv-az148-41.bm4ck3pvxvsene1rjriu5fhcdb.bx.internal.cloudapp.net, ports: [REPLICATION=46351, RATIS=38341, RATIS_ADMIN=38341, RATIS_SERVER=38341, STANDALONE=43791], networkLocation: /default-rack, certSerialId: null, persistedOpState: IN_SERVICE, persistedOpStateExpiryEpochSec: 0}bd4316f7-8522-4e92-952a-a3dfbeefbfef{ip: 10.1.0.7, host: fv-az148-41.bm4ck3pvxvsene1rjriu5fhcdb.bx.internal.cloudapp.net, ports: [REPLICATION=42659, RATIS=40431, RATIS_ADMIN=40431, RATIS_SERVER=40431, STANDALONE=33881], networkLocation: /default-rack, certSerialId: null, persistedOpState: IN_SERVICE, persistedOpStateExpiryEpochSec: 0}, ReplicationConfig: RATIS/THREE, State:ALLOCATED, leaderId:, CreationTimestamp2021-08-16T02:09:04.029Z[Etc/UTC]].
2021-08-16 02:09:05,000 [Listener at 127.0.0.1/42687] INFO  ozone.MiniOzoneClusterImpl (MiniOzoneClusterImpl.java:lambda$waitForClusterToBeReady$0(235)) - Nodes are ready. Got 3 of 3 DN Heartbeats.
2021-08-16 02:09:05,000 [Listener at 127.0.0.1/42687] INFO  ozone.MiniOzoneClusterImpl (MiniOzoneClusterImpl.java:lambda$waitForClusterToBeReady$0(238)) - Waiting for cluster to exit safe mode
2021-08-16 02:09:05,000 [Listener at 127.0.0.1/42687] INFO  ozone.MiniOzoneClusterImpl (MiniOzoneClusterImpl.java:lambda$waitForClusterToBeReady$0(240)) - SCM became leader
2021-08-16 02:09:06,001 [Listener at 127.0.0.1/42687] INFO  ozone.MiniOzoneClusterImpl (MiniOzoneClusterImpl.java:lambda$waitForClusterToBeReady$0(235)) - Nodes are ready. Got 3 of 3 DN Heartbeats.
2021-08-16 02:09:06,001 [Listener at 127.0.0.1/42687] INFO  ozone.MiniOzoneClusterImpl (MiniOzoneClusterImpl.java:lambda$waitForClusterToBeReady$0(238)) - Waiting for cluster to exit safe mode
2021-08-16 02:09:06,001 [Listener at 127.0.0.1/42687] INFO  ozone.MiniOzoneClusterImpl (MiniOzoneClusterImpl.java:lambda$waitForClusterToBeReady$0(240)) - SCM became leader
2021-08-16 02:09:06,112 [Command processor thread] INFO  server.RaftServer (RaftServerProxy.java:addNew(95)) - bd4316f7-8522-4e92-952a-a3dfbeefbfef: addNew group-F9DBE6E145ED:[bd4316f7-8522-4e92-952a-a3dfbeefbfef|rpc:10.1.0.7:40431|priority:0, 4c5d3f80-455e-48af-b42d-db12d94a5acc|rpc:10.1.0.7:38341|priority:0, e9132cce-c60f-4b85-98ff-6a1f5b0024c6|rpc:10.1.0.7:45089|priority:1] returns group-F9DBE6E145ED:java.util.concurrent.CompletableFuture@184696fb[Not completed]
2021-08-16 02:09:06,124 [pool-282-thread-1] INFO  server.RaftServer$Division (RaftServerImpl.java:<init>(181)) - bd4316f7-8522-4e92-952a-a3dfbeefbfef: new RaftServerImpl for group-F9DBE6E145ED:[bd4316f7-8522-4e92-952a-a3dfbeefbfef|rpc:10.1.0.7:40431|priority:0, 4c5d3f80-455e-48af-b42d-db12d94a5acc|rpc:10.1.0.7:38341|priority:0, e9132cce-c60f-4b85-98ff-6a1f5b0024c6|rpc:10.1.0.7:45089|priority:1] with ContainerStateMachine:uninitialized
2021-08-16 02:09:06,124 [pool-282-thread-1] INFO  server.RaftServerConfigKeys (ConfUtils.java:logGet(44)) - raft.server.rpc.timeout.min = 5s (custom)
2021-08-16 02:09:06,124 [pool-282-thread-1] INFO  server.RaftServerConfigKeys (ConfUtils.java:logGet(44)) - raft.server.rpc.timeout.max = 5200ms (custom)
2021-08-16 02:09:06,124 [pool-282-thread-1] INFO  server.RaftServerConfigKeys (ConfUtils.java:logGet(44)) - raft.server.rpc.sleep.time = 25ms (default)
2021-08-16 02:09:06,124 [pool-282-thread-1] INFO  server.RaftServerConfigKeys (ConfUtils.java:logGet(44)) - raft.server.rpc.slowness.timeout = 300s (custom)
2021-08-16 02:09:06,127 [pool-282-thread-1] INFO  server.RaftServerConfigKeys (ConfUtils.java:logGet(44)) - raft.server.leaderelection.leader.step-down.wait-time = 10s (default)
2021-08-16 02:09:06,127 [pool-282-thread-1] INFO  server.RaftServerConfigKeys (ConfUtils.java:logGet(44)) - raft.server.sleep.deviation.threshold = 300ms (default)
2021-08-16 02:09:06,127 [pool-282-thread-1] INFO  server.RaftServerConfigKeys (ConfUtils.java:logGet(44)) - raft.server.log.appender.install.snapshot.enabled = false (custom)
2021-08-16 02:09:06,127 [pool-282-thread-1] INFO  server.RaftServer$Division (ServerState.java:<init>(105)) - bd4316f7-8522-4e92-952a-a3dfbeefbfef@group-F9DBE6E145ED: ConfigurationManager, init=-1: [bd4316f7-8522-4e92-952a-a3dfbeefbfef|rpc:10.1.0.7:40431|priority:0, 4c5d3f80-455e-48af-b42d-db12d94a5acc|rpc:10.1.0.7:38341|priority:0, e9132cce-c60f-4b85-98ff-6a1f5b0024c6|rpc:10.1.0.7:45089|priority:1], old=null, confs=<EMPTY_MAP>
2021-08-16 02:09:06,127 [pool-282-thread-1] INFO  server.RaftServerConfigKeys (ConfUtils.java:logGet(44)) - raft.server.storage.dir = [/home/runner/work/ozone/ozone/hadoop-ozone/integration-test/target/test-dir/MiniOzoneClusterImpl-6c1f9dad-945a-4399-911a-83f70586d44a/datanode-0/data/ratis] (custom)
2021-08-16 02:09:06,128 [pool-282-thread-1] INFO  server.RaftServerConfigKeys (ConfUtils.java:logGet(44)) - raft.server.log.corruption.policy = EXCEPTION (default)
2021-08-16 02:09:06,128 [pool-282-thread-1] INFO  server.RaftServerConfigKeys (ConfUtils.java:logGet(44)) - raft.server.storage.free-space.min = 0MB (=0) (default)
2021-08-16 02:09:06,128 [pool-282-thread-1] INFO  storage.RaftStorageDirectory (RaftStorageDirectoryImpl.java:analyzeStorage(135)) - The storage directory /home/runner/work/ozone/ozone/hadoop-ozone/integration-test/target/test-dir/MiniOzoneClusterImpl-6c1f9dad-945a-4399-911a-83f70586d44a/datanode-0/data/ratis/8df6d1c3-eab4-46c1-a084-f9dbe6e145ed does not exist. Creating ...
2021-08-16 02:09:06,129 [pool-282-thread-1] INFO  storage.RaftStorageDirectory (RaftStorageDirectoryImpl.java:tryLock(230)) - Lock on /home/runner/work/ozone/ozone/hadoop-ozone/integration-test/target/test-dir/MiniOzoneClusterImpl-6c1f9dad-945a-4399-911a-83f70586d44a/datanode-0/data/ratis/8df6d1c3-eab4-46c1-a084-f9dbe6e145ed/in_use.lock acquired by nodename 29838@fv-az148-41
2021-08-16 02:09:06,130 [pool-282-thread-1] INFO  storage.RaftStorage (RaftStorageImpl.java:format(89)) - Storage directory /home/runner/work/ozone/ozone/hadoop-ozone/integration-test/target/test-dir/MiniOzoneClusterImpl-6c1f9dad-945a-4399-911a-83f70586d44a/datanode-0/data/ratis/8df6d1c3-eab4-46c1-a084-f9dbe6e145ed has been successfully formatted.
2021-08-16 02:09:06,131 [Datanode State Machine Thread - 0] WARN  statemachine.StateContext (StateContext.java:execute(621)) - No available thread in pool for past 0 seconds.
2021-08-16 02:09:06,132 [pool-282-thread-1] INFO  ratis.ContainerStateMachine (ContainerStateMachine.java:loadSnapshot(225)) - group-F9DBE6E145ED: The snapshot info is null. Setting the last applied indexto:(t:0, i:~)
2021-08-16 02:09:06,132 [pool-282-thread-1] INFO  server.RaftServerConfigKeys (ConfUtils.java:logGet(44)) - raft.server.notification.no-leader.timeout = 300s (custom)
2021-08-16 02:09:06,132 [pool-282-thread-1] INFO  server.RaftServerConfigKeys (ConfUtils.java:logGet(44)) - raft.server.log.use.memory = false (default)
2021-08-16 02:09:06,134 [pool-282-thread-1] INFO  server.RaftServerConfigKeys (ConfUtils.java:logGet(44)) - raft.server.log.purge.gap = 1000000 (custom)
2021-08-16 02:09:06,134 [pool-282-thread-1] INFO  server.RaftServerConfigKeys (ConfUtils.java:logGet(44)) - raft.server.log.appender.buffer.byte-limit = 33554432 (custom)
2021-08-16 02:09:06,134 [pool-282-thread-1] INFO  server.RaftServerConfigKeys (ConfUtils.java:logGet(44)) - raft.server.log.segment.size.max = 1048576 (custom)
2021-08-16 02:09:06,152 [pool-282-thread-1] INFO  server.RaftServerConfigKeys (ConfUtils.java:logGet(44)) - raft.server.log.segment.cache.num.max = 2 (custom)
2021-08-16 02:09:06,153 [pool-282-thread-1] INFO  server.RaftServerConfigKeys (ConfUtils.java:logGet(44)) - raft.server.log.segment.cache.size.max = 200MB (=209715200) (default)
2021-08-16 02:09:06,153 [pool-282-thread-1] INFO  segmented.SegmentedRaftLogWorker (SegmentedRaftLogWorker.java:<init>(182)) - new bd4316f7-8522-4e92-952a-a3dfbeefbfef@group-F9DBE6E145ED-SegmentedRaftLogWorker for RaftStorageImpl:Storage Directory /home/runner/work/ozone/ozone/hadoop-ozone/integration-test/target/test-dir/MiniOzoneClusterImpl-6c1f9dad-945a-4399-911a-83f70586d44a/datanode-0/data/ratis/8df6d1c3-eab4-46c1-a084-f9dbe6e145ed
2021-08-16 02:09:06,153 [pool-282-thread-1] INFO  server.RaftServerConfigKeys (ConfUtils.java:logGet(44)) - raft.server.log.queue.byte-limit = 2147483647 (custom)
2021-08-16 02:09:06,154 [pool-282-thread-1] INFO  server.RaftServerConfigKeys (ConfUtils.java:logGet(44)) - raft.server.log.queue.element-limit = 1024 (custom)
2021-08-16 02:09:06,154 [pool-282-thread-1] INFO  server.RaftServerConfigKeys (ConfUtils.java:logGet(44)) - raft.server.log.segment.size.max = 1048576 (custom)
2021-08-16 02:09:06,154 [pool-282-thread-1] INFO  server.RaftServerConfigKeys (ConfUtils.java:logGet(44)) - raft.server.log.preallocated.size = 16384 (custom)
2021-08-16 02:09:06,154 [pool-282-thread-1] INFO  server.RaftServerConfigKeys (ConfUtils.java:logGet(44)) - raft.server.log.force.sync.num = 128 (default)
2021-08-16 02:09:06,154 [pool-282-thread-1] INFO  server.RaftServerConfigKeys (ConfUtils.java:logGet(44)) - raft.server.log.statemachine.data.sync = true (default)
2021-08-16 02:09:06,154 [pool-282-thread-1] INFO  server.RaftServerConfigKeys (ConfUtils.java:logGet(44)) - raft.server.log.statemachine.data.sync.timeout = 10s (default)
2021-08-16 02:09:06,154 [pool-282-thread-1] INFO  server.RaftServerConfigKeys (ConfUtils.java:logGet(44)) - raft.server.log.statemachine.data.sync.timeout.retry = -1 (default)
2021-08-16 02:09:06,156 [pool-282-thread-1] INFO  server.RaftServerConfigKeys (ConfUtils.java:logGet(44)) - raft.server.log.write.buffer.size = 1048576 (custom)
2021-08-16 02:09:06,156 [pool-282-thread-1] INFO  server.RaftServerConfigKeys (ConfUtils.java:logGet(44)) - raft.server.log.statemachine.data.caching.enabled = true (custom)
2021-08-16 02:09:06,156 [pool-282-thread-1] INFO  segmented.SegmentedRaftLogWorker (SegmentedRaftLogWorker.java:lambda$new$0(133)) - bd4316f7-8522-4e92-952a-a3dfbeefbfef@group-F9DBE6E145ED-SegmentedRaftLogWorker: flushIndex: setUnconditionally 0 -> -1
2021-08-16 02:09:06,157 [pool-282-thread-1] INFO  segmented.SegmentedRaftLogWorker (SegmentedRaftLogWorker.java:lambda$new$0(133)) - bd4316f7-8522-4e92-952a-a3dfbeefbfef@group-F9DBE6E145ED-SegmentedRaftLogWorker: safeCacheEvictIndex: setUnconditionally 0 -> -1
2021-08-16 02:09:06,157 [pool-282-thread-1] INFO  server.RaftServerConfigKeys (ConfUtils.java:logGet(44)) - raft.server.snapshot.auto.trigger.enabled = true (custom)
2021-08-16 02:09:06,157 [pool-282-thread-1] INFO  server.RaftServerConfigKeys (ConfUtils.java:logGet(44)) - raft.server.snapshot.auto.trigger.threshold = 10000 (custom)
2021-08-16 02:09:06,157 [pool-282-thread-1] INFO  server.RaftServerConfigKeys (ConfUtils.java:logGet(44)) - raft.server.snapshot.retention.file.num = 5 (custom)
2021-08-16 02:09:06,157 [pool-282-thread-1] INFO  server.RaftServerConfigKeys (ConfUtils.java:logGet(44)) - raft.server.log.purge.upto.snapshot.index = false (default)
2021-08-16 02:09:06,157 [pool-282-thread-1] INFO  server.RaftServerConfigKeys (ConfUtils.java:logGet(44)) - raft.server.retrycache.expirytime = 600000ms (custom)
2021-08-16 02:09:06,157 [pool-282-thread-1] INFO  server.RaftServerConfigKeys (ConfUtils.java:logGet(44)) - raft.server.retrycache.statistics.expirytime = 100μs (default)
2021-08-16 02:09:06,159 [pool-282-thread-1] INFO  server.RaftServer$Division (RaftServerImpl.java:start(296)) - bd4316f7-8522-4e92-952a-a3dfbeefbfef@group-F9DBE6E145ED: start as a follower, conf=-1: [bd4316f7-8522-4e92-952a-a3dfbeefbfef|rpc:10.1.0.7:40431|priority:0, 4c5d3f80-455e-48af-b42d-db12d94a5acc|rpc:10.1.0.7:38341|priority:0, e9132cce-c60f-4b85-98ff-6a1f5b0024c6|rpc:10.1.0.7:45089|priority:1], old=null
2021-08-16 02:09:06,159 [pool-282-thread-1] INFO  server.RaftServer$Division (RaftServerImpl.java:setRole(285)) - bd4316f7-8522-4e92-952a-a3dfbeefbfef@group-F9DBE6E145ED: changes role from      null to FOLLOWER at term 0 for startAsFollower
2021-08-16 02:09:06,159 [pool-282-thread-1] INFO  impl.RoleInfo (RoleInfo.java:updateAndGet(130)) - bd4316f7-8522-4e92-952a-a3dfbeefbfef: start bd4316f7-8522-4e92-952a-a3dfbeefbfef@group-F9DBE6E145ED-FollowerState
2021-08-16 02:09:06,162 [pool-282-thread-1] INFO  util.JmxRegister (JmxRegister.java:tryRegister(44)) - Successfully registered JMX Bean with object name Ratis:service=RaftServer,group=group-F9DBE6E145ED,id=bd4316f7-8522-4e92-952a-a3dfbeefbfef
2021-08-16 02:09:06,162 [Command processor thread] INFO  ratis.XceiverServerRatis (XceiverServerRatis.java:addGroup(763)) - Created group PipelineID=8df6d1c3-eab4-46c1-a084-f9dbe6e145ed
2021-08-16 02:09:06,202 [grpc-default-executor-1] INFO  server.RaftServer (RaftServerProxy.java:addNew(95)) - e9132cce-c60f-4b85-98ff-6a1f5b0024c6: addNew group-F9DBE6E145ED:[bd4316f7-8522-4e92-952a-a3dfbeefbfef|rpc:10.1.0.7:40431|dataStream:|priority:0, 4c5d3f80-455e-48af-b42d-db12d94a5acc|rpc:10.1.0.7:38341|dataStream:|priority:0, e9132cce-c60f-4b85-98ff-6a1f5b0024c6|rpc:10.1.0.7:45089|dataStream:|priority:1] returns group-F9DBE6E145ED:java.util.concurrent.CompletableFuture@115618fd[Not completed]
2021-08-16 02:09:06,208 [pool-320-thread-1] INFO  server.RaftServer$Division (RaftServerImpl.java:<init>(181)) - e9132cce-c60f-4b85-98ff-6a1f5b0024c6: new RaftServerImpl for group-F9DBE6E145ED:[bd4316f7-8522-4e92-952a-a3dfbeefbfef|rpc:10.1.0.7:40431|dataStream:|priority:0, 4c5d3f80-455e-48af-b42d-db12d94a5acc|rpc:10.1.0.7:38341|dataStream:|priority:0, e9132cce-c60f-4b85-98ff-6a1f5b0024c6|rpc:10.1.0.7:45089|dataStream:|priority:1] with ContainerStateMachine:uninitialized
2021-08-16 02:09:06,209 [pool-320-thread-1] INFO  server.RaftServerConfigKeys (ConfUtils.java:logGet(44)) - raft.server.rpc.timeout.min = 5s (custom)
2021-08-16 02:09:06,209 [pool-320-thread-1] INFO  server.RaftServerConfigKeys (ConfUtils.java:logGet(44)) - raft.server.rpc.timeout.max = 5200ms (custom)
2021-08-16 02:09:06,209 [pool-320-thread-1] INFO  server.RaftServerConfigKeys (ConfUtils.java:logGet(44)) - raft.server.rpc.sleep.time = 25ms (default)
2021-08-16 02:09:06,209 [pool-320-thread-1] INFO  server.RaftServerConfigKeys (ConfUtils.java:logGet(44)) - raft.server.rpc.slowness.timeout = 300s (custom)
2021-08-16 02:09:06,209 [pool-320-thread-1] INFO  server.RaftServerConfigKeys (ConfUtils.java:logGet(44)) - raft.server.leaderelection.leader.step-down.wait-time = 10s (default)
2021-08-16 02:09:06,209 [pool-320-thread-1] INFO  server.RaftServerConfigKeys (ConfUtils.java:logGet(44)) - raft.server.sleep.deviation.threshold = 300ms (default)
2021-08-16 02:09:06,209 [pool-320-thread-1] INFO  server.RaftServerConfigKeys (ConfUtils.java:logGet(44)) - raft.server.log.appender.install.snapshot.enabled = false (custom)
2021-08-16 02:09:06,209 [pool-320-thread-1] INFO  server.RaftServer$Division (ServerState.java:<init>(105)) - e9132cce-c60f-4b85-98ff-6a1f5b0024c6@group-F9DBE6E145ED: ConfigurationManager, init=-1: [bd4316f7-8522-4e92-952a-a3dfbeefbfef|rpc:10.1.0.7:40431|dataStream:|priority:0, 4c5d3f80-455e-48af-b42d-db12d94a5acc|rpc:10.1.0.7:38341|dataStream:|priority:0, e9132cce-c60f-4b85-98ff-6a1f5b0024c6|rpc:10.1.0.7:45089|dataStream:|priority:1], old=null, confs=<EMPTY_MAP>
2021-08-16 02:09:06,209 [pool-320-thread-1] INFO  server.RaftServerConfigKeys (ConfUtils.java:logGet(44)) - raft.server.storage.dir = [/home/runner/work/ozone/ozone/hadoop-ozone/integration-test/target/test-dir/MiniOzoneClusterImpl-6c1f9dad-945a-4399-911a-83f70586d44a/datanode-2/data/ratis] (custom)
2021-08-16 02:09:06,209 [pool-320-thread-1] INFO  server.RaftServerConfigKeys (ConfUtils.java:logGet(44)) - raft.server.log.corruption.policy = EXCEPTION (default)
2021-08-16 02:09:06,209 [pool-320-thread-1] INFO  server.RaftServerConfigKeys (ConfUtils.java:logGet(44)) - raft.server.storage.free-space.min = 0MB (=0) (default)
2021-08-16 02:09:06,209 [pool-320-thread-1] INFO  storage.RaftStorageDirectory (RaftStorageDirectoryImpl.java:analyzeStorage(135)) - The storage directory /home/runner/work/ozone/ozone/hadoop-ozone/integration-test/target/test-dir/MiniOzoneClusterImpl-6c1f9dad-945a-4399-911a-83f70586d44a/datanode-2/data/ratis/8df6d1c3-eab4-46c1-a084-f9dbe6e145ed does not exist. Creating ...
2021-08-16 02:09:06,212 [pool-320-thread-1] INFO  storage.RaftStorageDirectory (RaftStorageDirectoryImpl.java:tryLock(230)) - Lock on /home/runner/work/ozone/ozone/hadoop-ozone/integration-test/target/test-dir/MiniOzoneClusterImpl-6c1f9dad-945a-4399-911a-83f70586d44a/datanode-2/data/ratis/8df6d1c3-eab4-46c1-a084-f9dbe6e145ed/in_use.lock acquired by nodename 29838@fv-az148-41
2021-08-16 02:09:06,213 [pool-320-thread-1] INFO  storage.RaftStorage (RaftStorageImpl.java:format(89)) - Storage directory /home/runner/work/ozone/ozone/hadoop-ozone/integration-test/target/test-dir/MiniOzoneClusterImpl-6c1f9dad-945a-4399-911a-83f70586d44a/datanode-2/data/ratis/8df6d1c3-eab4-46c1-a084-f9dbe6e145ed has been successfully formatted.
2021-08-16 02:09:06,214 [pool-320-thread-1] INFO  ratis.ContainerStateMachine (ContainerStateMachine.java:loadSnapshot(225)) - group-F9DBE6E145ED: The snapshot info is null. Setting the last applied indexto:(t:0, i:~)
2021-08-16 02:09:06,214 [pool-320-thread-1] INFO  server.RaftServerConfigKeys (ConfUtils.java:logGet(44)) - raft.server.notification.no-leader.timeout = 300s (custom)
2021-08-16 02:09:06,214 [pool-320-thread-1] INFO  server.RaftServerConfigKeys (ConfUtils.java:logGet(44)) - raft.server.log.use.memory = false (default)
2021-08-16 02:09:06,214 [pool-320-thread-1] INFO  server.RaftServerConfigKeys (ConfUtils.java:logGet(44)) - raft.server.log.purge.gap = 1000000 (custom)
2021-08-16 02:09:06,215 [pool-320-thread-1] INFO  server.RaftServerConfigKeys (ConfUtils.java:logGet(44)) - raft.server.log.appender.buffer.byte-limit = 33554432 (custom)
2021-08-16 02:09:06,216 [pool-320-thread-1] INFO  server.RaftServerConfigKeys (ConfUtils.java:logGet(44)) - raft.server.log.segment.size.max = 1048576 (custom)
2021-08-16 02:09:06,217 [pool-320-thread-1] INFO  server.RaftServerConfigKeys (ConfUtils.java:logGet(44)) - raft.server.log.segment.cache.num.max = 2 (custom)
2021-08-16 02:09:06,217 [pool-320-thread-1] INFO  server.RaftServerConfigKeys (ConfUtils.java:logGet(44)) - raft.server.log.segment.cache.size.max = 200MB (=209715200) (default)
2021-08-16 02:09:06,217 [pool-320-thread-1] INFO  segmented.SegmentedRaftLogWorker (SegmentedRaftLogWorker.java:<init>(182)) - new e9132cce-c60f-4b85-98ff-6a1f5b0024c6@group-F9DBE6E145ED-SegmentedRaftLogWorker for RaftStorageImpl:Storage Directory /home/runner/work/ozone/ozone/hadoop-ozone/integration-test/target/test-dir/MiniOzoneClusterImpl-6c1f9dad-945a-4399-911a-83f70586d44a/datanode-2/data/ratis/8df6d1c3-eab4-46c1-a084-f9dbe6e145ed
2021-08-16 02:09:06,217 [pool-320-thread-1] INFO  server.RaftServerConfigKeys (ConfUtils.java:logGet(44)) - raft.server.log.queue.byte-limit = 2147483647 (custom)
2021-08-16 02:09:06,217 [pool-320-thread-1] INFO  server.RaftServerConfigKeys (ConfUtils.java:logGet(44)) - raft.server.log.queue.element-limit = 1024 (custom)
2021-08-16 02:09:06,217 [pool-320-thread-1] INFO  server.RaftServerConfigKeys (ConfUtils.java:logGet(44)) - raft.server.log.segment.size.max = 1048576 (custom)
2021-08-16 02:09:06,217 [pool-320-thread-1] INFO  server.RaftServerConfigKeys (ConfUtils.java:logGet(44)) - raft.server.log.preallocated.size = 16384 (custom)
2021-08-16 02:09:06,217 [pool-320-thread-1] INFO  server.RaftServerConfigKeys (ConfUtils.java:logGet(44)) - raft.server.log.force.sync.num = 128 (default)
2021-08-16 02:09:06,217 [pool-320-thread-1] INFO  server.RaftServerConfigKeys (ConfUtils.java:logGet(44)) - raft.server.log.statemachine.data.sync = true (default)
2021-08-16 02:09:06,217 [pool-320-thread-1] INFO  server.RaftServerConfigKeys (ConfUtils.java:logGet(44)) - raft.server.log.statemachine.data.sync.timeout = 10s (default)
2021-08-16 02:09:06,217 [pool-320-thread-1] INFO  server.RaftServerConfigKeys (ConfUtils.java:logGet(44)) - raft.server.log.statemachine.data.sync.timeout.retry = -1 (default)
2021-08-16 02:09:06,218 [pool-320-thread-1] INFO  server.RaftServerConfigKeys (ConfUtils.java:logGet(44)) - raft.server.log.write.buffer.size = 1048576 (custom)
2021-08-16 02:09:06,218 [pool-320-thread-1] INFO  server.RaftServerConfigKeys (ConfUtils.java:logGet(44)) - raft.server.log.statemachine.data.caching.enabled = true (custom)
2021-08-16 02:09:06,218 [pool-320-thread-1] INFO  segmented.SegmentedRaftLogWorker (SegmentedRaftLogWorker.java:lambda$new$0(133)) - e9132cce-c60f-4b85-98ff-6a1f5b0024c6@group-F9DBE6E145ED-SegmentedRaftLogWorker: flushIndex: setUnconditionally 0 -> -1
2021-08-16 02:09:06,219 [pool-320-thread-1] INFO  segmented.SegmentedRaftLogWorker (SegmentedRaftLogWorker.java:lambda$new$0(133)) - e9132cce-c60f-4b85-98ff-6a1f5b0024c6@group-F9DBE6E145ED-SegmentedRaftLogWorker: safeCacheEvictIndex: setUnconditionally 0 -> -1
2021-08-16 02:09:06,219 [pool-320-thread-1] INFO  server.RaftServerConfigKeys (ConfUtils.java:logGet(44)) - raft.server.snapshot.auto.trigger.enabled = true (custom)
2021-08-16 02:09:06,219 [pool-320-thread-1] INFO  server.RaftServerConfigKeys (ConfUtils.java:logGet(44)) - raft.server.snapshot.auto.trigger.threshold = 10000 (custom)
2021-08-16 02:09:06,219 [pool-320-thread-1] INFO  server.RaftServerConfigKeys (ConfUtils.java:logGet(44)) - raft.server.snapshot.retention.file.num = 5 (custom)
2021-08-16 02:09:06,219 [pool-320-thread-1] INFO  server.RaftServerConfigKeys (ConfUtils.java:logGet(44)) - raft.server.log.purge.upto.snapshot.index = false (default)
2021-08-16 02:09:06,219 [pool-320-thread-1] INFO  server.RaftServerConfigKeys (ConfUtils.java:logGet(44)) - raft.server.retrycache.expirytime = 600000ms (custom)
2021-08-16 02:09:06,219 [pool-320-thread-1] INFO  server.RaftServerConfigKeys (ConfUtils.java:logGet(44)) - raft.server.retrycache.statistics.expirytime = 100μs (default)
2021-08-16 02:09:06,220 [pool-320-thread-1] INFO  server.RaftServer$Division (RaftServerImpl.java:start(296)) - e9132cce-c60f-4b85-98ff-6a1f5b0024c6@group-F9DBE6E145ED: start as a follower, conf=-1: [bd4316f7-8522-4e92-952a-a3dfbeefbfef|rpc:10.1.0.7:40431|dataStream:|priority:0, 4c5d3f80-455e-48af-b42d-db12d94a5acc|rpc:10.1.0.7:38341|dataStream:|priority:0, e9132cce-c60f-4b85-98ff-6a1f5b0024c6|rpc:10.1.0.7:45089|dataStream:|priority:1], old=null
2021-08-16 02:09:06,220 [pool-320-thread-1] INFO  server.RaftServer$Division (RaftServerImpl.java:setRole(285)) - e9132cce-c60f-4b85-98ff-6a1f5b0024c6@group-F9DBE6E145ED: changes role from      null to FOLLOWER at term 0 for startAsFollower
2021-08-16 02:09:06,220 [pool-320-thread-1] INFO  impl.RoleInfo (RoleInfo.java:updateAndGet(130)) - e9132cce-c60f-4b85-98ff-6a1f5b0024c6: start e9132cce-c60f-4b85-98ff-6a1f5b0024c6@group-F9DBE6E145ED-FollowerState
2021-08-16 02:09:06,226 [pool-320-thread-1] INFO  util.JmxRegister (JmxRegister.java:tryRegister(44)) - Successfully registered JMX Bean with object name Ratis:service=RaftServer,group=group-F9DBE6E145ED,id=e9132cce-c60f-4b85-98ff-6a1f5b0024c6
2021-08-16 02:09:06,274 [grpc-default-executor-1] INFO  server.RaftServer (RaftServerProxy.java:addNew(95)) - 4c5d3f80-455e-48af-b42d-db12d94a5acc: addNew group-F9DBE6E145ED:[bd4316f7-8522-4e92-952a-a3dfbeefbfef|rpc:10.1.0.7:40431|dataStream:|priority:0, 4c5d3f80-455e-48af-b42d-db12d94a5acc|rpc:10.1.0.7:38341|dataStream:|priority:0, e9132cce-c60f-4b85-98ff-6a1f5b0024c6|rpc:10.1.0.7:45089|dataStream:|priority:1] returns group-F9DBE6E145ED:java.util.concurrent.CompletableFuture@68701ad2[Not completed]
2021-08-16 02:09:06,275 [pool-301-thread-1] INFO  server.RaftServer$Division (RaftServerImpl.java:<init>(181)) - 4c5d3f80-455e-48af-b42d-db12d94a5acc: new RaftServerImpl for group-F9DBE6E145ED:[bd4316f7-8522-4e92-952a-a3dfbeefbfef|rpc:10.1.0.7:40431|dataStream:|priority:0, 4c5d3f80-455e-48af-b42d-db12d94a5acc|rpc:10.1.0.7:38341|dataStream:|priority:0, e9132cce-c60f-4b85-98ff-6a1f5b0024c6|rpc:10.1.0.7:45089|dataStream:|priority:1] with ContainerStateMachine:uninitialized
2021-08-16 02:09:06,275 [pool-301-thread-1] INFO  server.RaftServerConfigKeys (ConfUtils.java:logGet(44)) - raft.server.rpc.timeout.min = 5s (custom)
2021-08-16 02:09:06,275 [pool-301-thread-1] INFO  server.RaftServerConfigKeys (ConfUtils.java:logGet(44)) - raft.server.rpc.timeout.max = 5200ms (custom)
2021-08-16 02:09:06,275 [pool-301-thread-1] INFO  server.RaftServerConfigKeys (ConfUtils.java:logGet(44)) - raft.server.rpc.sleep.time = 25ms (default)
2021-08-16 02:09:06,275 [pool-301-thread-1] INFO  server.RaftServerConfigKeys (ConfUtils.java:logGet(44)) - raft.server.rpc.slowness.timeout = 300s (custom)
2021-08-16 02:09:06,275 [pool-301-thread-1] INFO  server.RaftServerConfigKeys (ConfUtils.java:logGet(44)) - raft.server.leaderelection.leader.step-down.wait-time = 10s (default)
2021-08-16 02:09:06,275 [pool-301-thread-1] INFO  server.RaftServerConfigKeys (ConfUtils.java:logGet(44)) - raft.server.sleep.deviation.threshold = 300ms (default)
2021-08-16 02:09:06,275 [pool-301-thread-1] INFO  server.RaftServerConfigKeys (ConfUtils.java:logGet(44)) - raft.server.log.appender.install.snapshot.enabled = false (custom)
2021-08-16 02:09:06,275 [pool-301-thread-1] INFO  server.RaftServer$Division (ServerState.java:<init>(105)) - 4c5d3f80-455e-48af-b42d-db12d94a5acc@group-F9DBE6E145ED: ConfigurationManager, init=-1: [bd4316f7-8522-4e92-952a-a3dfbeefbfef|rpc:10.1.0.7:40431|dataStream:|priority:0, 4c5d3f80-455e-48af-b42d-db12d94a5acc|rpc:10.1.0.7:38341|dataStream:|priority:0, e9132cce-c60f-4b85-98ff-6a1f5b0024c6|rpc:10.1.0.7:45089|dataStream:|priority:1], old=null, confs=<EMPTY_MAP>
2021-08-16 02:09:06,275 [pool-301-thread-1] INFO  server.RaftServerConfigKeys (ConfUtils.java:logGet(44)) - raft.server.storage.dir = [/home/runner/work/ozone/ozone/hadoop-ozone/integration-test/target/test-dir/MiniOzoneClusterImpl-6c1f9dad-945a-4399-911a-83f70586d44a/datanode-1/data/ratis] (custom)
2021-08-16 02:09:06,276 [pool-301-thread-1] INFO  server.RaftServerConfigKeys (ConfUtils.java:logGet(44)) - raft.server.log.corruption.policy = EXCEPTION (default)
2021-08-16 02:09:06,276 [pool-301-thread-1] INFO  server.RaftServerConfigKeys (ConfUtils.java:logGet(44)) - raft.server.storage.free-space.min = 0MB (=0) (default)
2021-08-16 02:09:06,276 [pool-301-thread-1] INFO  storage.RaftStorageDirectory (RaftStorageDirectoryImpl.java:analyzeStorage(135)) - The storage directory /home/runner/work/ozone/ozone/hadoop-ozone/integration-test/target/test-dir/MiniOzoneClusterImpl-6c1f9dad-945a-4399-911a-83f70586d44a/datanode-1/data/ratis/8df6d1c3-eab4-46c1-a084-f9dbe6e145ed does not exist. Creating ...
2021-08-16 02:09:06,277 [pool-301-thread-1] INFO  storage.RaftStorageDirectory (RaftStorageDirectoryImpl.java:tryLock(230)) - Lock on /home/runner/work/ozone/ozone/hadoop-ozone/integration-test/target/test-dir/MiniOzoneClusterImpl-6c1f9dad-945a-4399-911a-83f70586d44a/datanode-1/data/ratis/8df6d1c3-eab4-46c1-a084-f9dbe6e145ed/in_use.lock acquired by nodename 29838@fv-az148-41
2021-08-16 02:09:06,278 [pool-301-thread-1] INFO  storage.RaftStorage (RaftStorageImpl.java:format(89)) - Storage directory /home/runner/work/ozone/ozone/hadoop-ozone/integration-test/target/test-dir/MiniOzoneClusterImpl-6c1f9dad-945a-4399-911a-83f70586d44a/datanode-1/data/ratis/8df6d1c3-eab4-46c1-a084-f9dbe6e145ed has been successfully formatted.
2021-08-16 02:09:06,281 [pool-301-thread-1] INFO  ratis.ContainerStateMachine (ContainerStateMachine.java:loadSnapshot(225)) - group-F9DBE6E145ED: The snapshot info is null. Setting the last applied indexto:(t:0, i:~)
2021-08-16 02:09:06,281 [Datanode State Machine Thread - 0] WARN  statemachine.StateContext (StateContext.java:execute(621)) - No available thread in pool for past 0 seconds.
2021-08-16 02:09:06,282 [pool-301-thread-1] INFO  server.RaftServerConfigKeys (ConfUtils.java:logGet(44)) - raft.server.notification.no-leader.timeout = 300s (custom)
2021-08-16 02:09:06,282 [pool-301-thread-1] INFO  server.RaftServerConfigKeys (ConfUtils.java:logGet(44)) - raft.server.log.use.memory = false (default)
2021-08-16 02:09:06,282 [pool-301-thread-1] INFO  server.RaftServerConfigKeys (ConfUtils.java:logGet(44)) - raft.server.log.purge.gap = 1000000 (custom)
2021-08-16 02:09:06,282 [pool-301-thread-1] INFO  server.RaftServerConfigKeys (ConfUtils.java:logGet(44)) - raft.server.log.appender.buffer.byte-limit = 33554432 (custom)
2021-08-16 02:09:06,283 [pool-301-thread-1] INFO  server.RaftServerConfigKeys (ConfUtils.java:logGet(44)) - raft.server.log.segment.size.max = 1048576 (custom)
2021-08-16 02:09:06,283 [pool-301-thread-1] INFO  server.RaftServerConfigKeys (ConfUtils.java:logGet(44)) - raft.server.log.segment.cache.num.max = 2 (custom)
2021-08-16 02:09:06,283 [pool-301-thread-1] INFO  server.RaftServerConfigKeys (ConfUtils.java:logGet(44)) - raft.server.log.segment.cache.size.max = 200MB (=209715200) (default)
2021-08-16 02:09:06,284 [pool-301-thread-1] INFO  segmented.SegmentedRaftLogWorker (SegmentedRaftLogWorker.java:<init>(182)) - new 4c5d3f80-455e-48af-b42d-db12d94a5acc@group-F9DBE6E145ED-SegmentedRaftLogWorker for RaftStorageImpl:Storage Directory /home/runner/work/ozone/ozone/hadoop-ozone/integration-test/target/test-dir/MiniOzoneClusterImpl-6c1f9dad-945a-4399-911a-83f70586d44a/datanode-1/data/ratis/8df6d1c3-eab4-46c1-a084-f9dbe6e145ed
2021-08-16 02:09:06,284 [pool-301-thread-1] INFO  server.RaftServerConfigKeys (ConfUtils.java:logGet(44)) - raft.server.log.queue.byte-limit = 2147483647 (custom)
2021-08-16 02:09:06,284 [pool-301-thread-1] INFO  server.RaftServerConfigKeys (ConfUtils.java:logGet(44)) - raft.server.log.queue.element-limit = 1024 (custom)
2021-08-16 02:09:06,284 [pool-301-thread-1] INFO  server.RaftServerConfigKeys (ConfUtils.java:logGet(44)) - raft.server.log.segment.size.max = 1048576 (custom)
2021-08-16 02:09:06,284 [pool-301-thread-1] INFO  server.RaftServerConfigKeys (ConfUtils.java:logGet(44)) - raft.server.log.preallocated.size = 16384 (custom)
2021-08-16 02:09:06,284 [pool-301-thread-1] INFO  server.RaftServerConfigKeys (ConfUtils.java:logGet(44)) - raft.server.log.force.sync.num = 128 (default)
2021-08-16 02:09:06,284 [pool-301-thread-1] INFO  server.RaftServerConfigKeys (ConfUtils.java:logGet(44)) - raft.server.log.statemachine.data.sync = true (default)
2021-08-16 02:09:06,291 [pool-301-thread-1] INFO  server.RaftServerConfigKeys (ConfUtils.java:logGet(44)) - raft.server.log.statemachine.data.sync.timeout = 10s (default)
2021-08-16 02:09:06,291 [pool-301-thread-1] INFO  server.RaftServerConfigKeys (ConfUtils.java:logGet(44)) - raft.server.log.statemachine.data.sync.timeout.retry = -1 (default)
2021-08-16 02:09:06,293 [pool-301-thread-1] INFO  server.RaftServerConfigKeys (ConfUtils.java:logGet(44)) - raft.server.log.write.buffer.size = 1048576 (custom)
2021-08-16 02:09:06,294 [pool-301-thread-1] INFO  server.RaftServerConfigKeys (ConfUtils.java:logGet(44)) - raft.server.log.statemachine.data.caching.enabled = true (custom)
2021-08-16 02:09:06,294 [pool-301-thread-1] INFO  segmented.SegmentedRaftLogWorker (SegmentedRaftLogWorker.java:lambda$new$0(133)) - 4c5d3f80-455e-48af-b42d-db12d94a5acc@group-F9DBE6E145ED-SegmentedRaftLogWorker: flushIndex: setUnconditionally 0 -> -1
2021-08-16 02:09:06,294 [pool-301-thread-1] INFO  segmented.SegmentedRaftLogWorker (SegmentedRaftLogWorker.java:lambda$new$0(133)) - 4c5d3f80-455e-48af-b42d-db12d94a5acc@group-F9DBE6E145ED-SegmentedRaftLogWorker: safeCacheEvictIndex: setUnconditionally 0 -> -1
2021-08-16 02:09:06,300 [pool-301-thread-1] INFO  server.RaftServerConfigKeys (ConfUtils.java:logGet(44)) - raft.server.snapshot.auto.trigger.enabled = true (custom)
2021-08-16 02:09:06,300 [pool-301-thread-1] INFO  server.RaftServerConfigKeys (ConfUtils.java:logGet(44)) - raft.server.snapshot.auto.trigger.threshold = 10000 (custom)
2021-08-16 02:09:06,300 [pool-301-thread-1] INFO  server.RaftServerConfigKeys (ConfUtils.java:logGet(44)) - raft.server.snapshot.retention.file.num = 5 (custom)
2021-08-16 02:09:06,300 [pool-301-thread-1] INFO  server.RaftServerConfigKeys (ConfUtils.java:logGet(44)) - raft.server.log.purge.upto.snapshot.index = false (default)
2021-08-16 02:09:06,300 [pool-301-thread-1] INFO  server.RaftServerConfigKeys (ConfUtils.java:logGet(44)) - raft.server.retrycache.expirytime = 600000ms (custom)
2021-08-16 02:09:06,300 [pool-301-thread-1] INFO  server.RaftServerConfigKeys (ConfUtils.java:logGet(44)) - raft.server.retrycache.statistics.expirytime = 100μs (default)
2021-08-16 02:09:06,301 [pool-301-thread-1] INFO  server.RaftServer$Division (RaftServerImpl.java:start(296)) - 4c5d3f80-455e-48af-b42d-db12d94a5acc@group-F9DBE6E145ED: start as a follower, conf=-1: [bd4316f7-8522-4e92-952a-a3dfbeefbfef|rpc:10.1.0.7:40431|dataStream:|priority:0, 4c5d3f80-455e-48af-b42d-db12d94a5acc|rpc:10.1.0.7:38341|dataStream:|priority:0, e9132cce-c60f-4b85-98ff-6a1f5b0024c6|rpc:10.1.0.7:45089|dataStream:|priority:1], old=null
2021-08-16 02:09:06,301 [pool-301-thread-1] INFO  server.RaftServer$Division (RaftServerImpl.java:setRole(285)) - 4c5d3f80-455e-48af-b42d-db12d94a5acc@group-F9DBE6E145ED: changes role from      null to FOLLOWER at term 0 for startAsFollower
2021-08-16 02:09:06,301 [pool-301-thread-1] INFO  impl.RoleInfo (RoleInfo.java:updateAndGet(130)) - 4c5d3f80-455e-48af-b42d-db12d94a5acc: start 4c5d3f80-455e-48af-b42d-db12d94a5acc@group-F9DBE6E145ED-FollowerState
2021-08-16 02:09:06,324 [pool-301-thread-1] INFO  util.JmxRegister (JmxRegister.java:tryRegister(44)) - Successfully registered JMX Bean with object name Ratis:service=RaftServer,group=group-F9DBE6E145ED,id=4c5d3f80-455e-48af-b42d-db12d94a5acc
2021-08-16 02:09:06,340 [Command processor thread] INFO  commandhandler.CreatePipelineCommandHandler (CreatePipelineCommandHandler.java:handle(106)) - Created Pipeline RATIS THREE PipelineID=8df6d1c3-eab4-46c1-a084-f9dbe6e145ed.
2021-08-16 02:09:07,001 [Listener at 127.0.0.1/42687] INFO  ozone.MiniOzoneClusterImpl (MiniOzoneClusterImpl.java:lambda$waitForClusterToBeReady$0(235)) - Nodes are ready. Got 3 of 3 DN Heartbeats.
2021-08-16 02:09:07,001 [Listener at 127.0.0.1/42687] INFO  ozone.MiniOzoneClusterImpl (MiniOzoneClusterImpl.java:lambda$waitForClusterToBeReady$0(238)) - Waiting for cluster to exit safe mode
2021-08-16 02:09:07,002 [Listener at 127.0.0.1/42687] INFO  ozone.MiniOzoneClusterImpl (MiniOzoneClusterImpl.java:lambda$waitForClusterToBeReady$0(240)) - SCM became leader
2021-08-16 02:09:08,004 [Listener at 127.0.0.1/42687] INFO  ozone.MiniOzoneClusterImpl (MiniOzoneClusterImpl.java:lambda$waitForClusterToBeReady$0(235)) - Nodes are ready. Got 3 of 3 DN Heartbeats.
2021-08-16 02:09:08,005 [Listener at 127.0.0.1/42687] INFO  ozone.MiniOzoneClusterImpl (MiniOzoneClusterImpl.java:lambda$waitForClusterToBeReady$0(238)) - Waiting for cluster to exit safe mode
2021-08-16 02:09:08,005 [Listener at 127.0.0.1/42687] INFO  ozone.MiniOzoneClusterImpl (MiniOzoneClusterImpl.java:lambda$waitForClusterToBeReady$0(240)) - SCM became leader
2021-08-16 02:09:09,006 [Listener at 127.0.0.1/42687] INFO  ozone.MiniOzoneClusterImpl (MiniOzoneClusterImpl.java:lambda$waitForClusterToBeReady$0(235)) - Nodes are ready. Got 3 of 3 DN Heartbeats.
2021-08-16 02:09:09,006 [Listener at 127.0.0.1/42687] INFO  ozone.MiniOzoneClusterImpl (MiniOzoneClusterImpl.java:lambda$waitForClusterToBeReady$0(238)) - Waiting for cluster to exit safe mode
2021-08-16 02:09:09,006 [Listener at 127.0.0.1/42687] INFO  ozone.MiniOzoneClusterImpl (MiniOzoneClusterImpl.java:lambda$waitForClusterToBeReady$0(240)) - SCM became leader
2021-08-16 02:09:10,007 [Listener at 127.0.0.1/42687] INFO  ozone.MiniOzoneClusterImpl (MiniOzoneClusterImpl.java:lambda$waitForClusterToBeReady$0(235)) - Nodes are ready. Got 3 of 3 DN Heartbeats.
2021-08-16 02:09:10,007 [Listener at 127.0.0.1/42687] INFO  ozone.MiniOzoneClusterImpl (MiniOzoneClusterImpl.java:lambda$waitForClusterToBeReady$0(238)) - Waiting for cluster to exit safe mode
2021-08-16 02:09:10,007 [Listener at 127.0.0.1/42687] INFO  ozone.MiniOzoneClusterImpl (MiniOzoneClusterImpl.java:lambda$waitForClusterToBeReady$0(240)) - SCM became leader
2021-08-16 02:09:11,007 [Listener at 127.0.0.1/42687] INFO  ozone.MiniOzoneClusterImpl (MiniOzoneClusterImpl.java:lambda$waitForClusterToBeReady$0(235)) - Nodes are ready. Got 3 of 3 DN Heartbeats.
2021-08-16 02:09:11,008 [Listener at 127.0.0.1/42687] INFO  ozone.MiniOzoneClusterImpl (MiniOzoneClusterImpl.java:lambda$waitForClusterToBeReady$0(238)) - Waiting for cluster to exit safe mode
2021-08-16 02:09:11,008 [Listener at 127.0.0.1/42687] INFO  ozone.MiniOzoneClusterImpl (MiniOzoneClusterImpl.java:lambda$waitForClusterToBeReady$0(240)) - SCM became leader
2021-08-16 02:09:11,215 [bd4316f7-8522-4e92-952a-a3dfbeefbfef@group-F9DBE6E145ED-FollowerState] INFO  impl.FollowerState (FollowerState.java:run(134)) - bd4316f7-8522-4e92-952a-a3dfbeefbfef@group-F9DBE6E145ED-FollowerState: change to CANDIDATE, lastRpcElapsedTime:5056703101ns, electionTimeout:5053ms
2021-08-16 02:09:11,216 [bd4316f7-8522-4e92-952a-a3dfbeefbfef@group-F9DBE6E145ED-FollowerState] INFO  impl.RoleInfo (RoleInfo.java:shutdownFollowerState(108)) - bd4316f7-8522-4e92-952a-a3dfbeefbfef: shutdown bd4316f7-8522-4e92-952a-a3dfbeefbfef@group-F9DBE6E145ED-FollowerState
2021-08-16 02:09:11,216 [bd4316f7-8522-4e92-952a-a3dfbeefbfef@group-F9DBE6E145ED-FollowerState] INFO  server.RaftServer$Division (RaftServerImpl.java:setRole(285)) - bd4316f7-8522-4e92-952a-a3dfbeefbfef@group-F9DBE6E145ED: changes role from  FOLLOWER to CANDIDATE at term 0 for changeToCandidate
2021-08-16 02:09:11,217 [bd4316f7-8522-4e92-952a-a3dfbeefbfef@group-F9DBE6E145ED-FollowerState] INFO  server.RaftServerConfigKeys (ConfUtils.java:logGet(44)) - raft.server.leaderelection.pre-vote = false (custom)
2021-08-16 02:09:11,217 [bd4316f7-8522-4e92-952a-a3dfbeefbfef@group-F9DBE6E145ED-FollowerState] INFO  impl.RoleInfo (RoleInfo.java:updateAndGet(130)) - bd4316f7-8522-4e92-952a-a3dfbeefbfef: start bd4316f7-8522-4e92-952a-a3dfbeefbfef@group-F9DBE6E145ED-LeaderElection7
2021-08-16 02:09:11,231 [bd4316f7-8522-4e92-952a-a3dfbeefbfef@group-F9DBE6E145ED-LeaderElection7] INFO  impl.LeaderElection (LeaderElection.java:askForVotes(306)) - bd4316f7-8522-4e92-952a-a3dfbeefbfef@group-F9DBE6E145ED-LeaderElection7 ELECTION round 0: submit vote requests at term 1 for -1: [bd4316f7-8522-4e92-952a-a3dfbeefbfef|rpc:10.1.0.7:40431|priority:0, 4c5d3f80-455e-48af-b42d-db12d94a5acc|rpc:10.1.0.7:38341|priority:0, e9132cce-c60f-4b85-98ff-6a1f5b0024c6|rpc:10.1.0.7:45089|priority:1], old=null
2021-08-16 02:09:11,250 [grpc-default-executor-1] INFO  server.RaftServer$Division (RaftServerImpl.java:requestVote(1043)) - 4c5d3f80-455e-48af-b42d-db12d94a5acc@group-F9DBE6E145ED: receive requestVote(ELECTION, bd4316f7-8522-4e92-952a-a3dfbeefbfef, group-F9DBE6E145ED, 1, (t:0, i:0))
2021-08-16 02:09:11,250 [grpc-default-executor-1] INFO  impl.VoteContext (VoteContext.java:log(48)) - 4c5d3f80-455e-48af-b42d-db12d94a5acc@group-F9DBE6E145ED-FOLLOWER: accept ELECTION from bd4316f7-8522-4e92-952a-a3dfbeefbfef: our priority 0 <= candidate's priority 0
2021-08-16 02:09:11,250 [grpc-default-executor-1] INFO  server.RaftServer$Division (RaftServerImpl.java:setRole(285)) - 4c5d3f80-455e-48af-b42d-db12d94a5acc@group-F9DBE6E145ED: changes role from  FOLLOWER to FOLLOWER at term 1 for candidate:bd4316f7-8522-4e92-952a-a3dfbeefbfef
2021-08-16 02:09:11,250 [grpc-default-executor-1] INFO  impl.RoleInfo (RoleInfo.java:shutdownFollowerState(108)) - 4c5d3f80-455e-48af-b42d-db12d94a5acc: shutdown 4c5d3f80-455e-48af-b42d-db12d94a5acc@group-F9DBE6E145ED-FollowerState
2021-08-16 02:09:11,250 [grpc-default-executor-1] INFO  impl.RoleInfo (RoleInfo.java:updateAndGet(130)) - 4c5d3f80-455e-48af-b42d-db12d94a5acc: start 4c5d3f80-455e-48af-b42d-db12d94a5acc@group-F9DBE6E145ED-FollowerState
2021-08-16 02:09:11,250 [4c5d3f80-455e-48af-b42d-db12d94a5acc@group-F9DBE6E145ED-FollowerState] INFO  impl.FollowerState (FollowerState.java:run(143)) - 4c5d3f80-455e-48af-b42d-db12d94a5acc@group-F9DBE6E145ED-FollowerState was interrupted: {}
java.lang.InterruptedException: sleep interrupted
	at java.lang.Thread.sleep(Native Method)
	at java.lang.Thread.sleep(Thread.java:340)
	at java.util.concurrent.TimeUnit.sleep(TimeUnit.java:386)
	at org.apache.ratis.util.TimeDuration.sleep(TimeDuration.java:324)
	at org.apache.ratis.util.TimeDuration.sleep(TimeDuration.java:309)
	at org.apache.ratis.server.impl.FollowerState.run(FollowerState.java:118)
2021-08-16 02:09:11,256 [grpc-default-executor-1] INFO  server.RaftServer$Division (RaftServerImpl.java:requestVote(1075)) - 4c5d3f80-455e-48af-b42d-db12d94a5acc@group-F9DBE6E145ED replies to ELECTION vote request: bd4316f7-8522-4e92-952a-a3dfbeefbfef<-4c5d3f80-455e-48af-b42d-db12d94a5acc#0:OK-t1. Peer's state: 4c5d3f80-455e-48af-b42d-db12d94a5acc@group-F9DBE6E145ED:t1, leader=null, voted=bd4316f7-8522-4e92-952a-a3dfbeefbfef, raftlog=4c5d3f80-455e-48af-b42d-db12d94a5acc@group-F9DBE6E145ED-SegmentedRaftLog:OPENED:c-1,f-1,i0, conf=-1: [bd4316f7-8522-4e92-952a-a3dfbeefbfef|rpc:10.1.0.7:40431|dataStream:|priority:0, 4c5d3f80-455e-48af-b42d-db12d94a5acc|rpc:10.1.0.7:38341|dataStream:|priority:0, e9132cce-c60f-4b85-98ff-6a1f5b0024c6|rpc:10.1.0.7:45089|dataStream:|priority:1], old=null
2021-08-16 02:09:11,271 [grpc-default-executor-1] INFO  server.RaftServer$Division (RaftServerImpl.java:requestVote(1043)) - e9132cce-c60f-4b85-98ff-6a1f5b0024c6@group-F9DBE6E145ED: receive requestVote(ELECTION, bd4316f7-8522-4e92-952a-a3dfbeefbfef, group-F9DBE6E145ED, 1, (t:0, i:0))
2021-08-16 02:09:11,272 [grpc-default-executor-1] INFO  impl.VoteContext (VoteContext.java:log(48)) - e9132cce-c60f-4b85-98ff-6a1f5b0024c6@group-F9DBE6E145ED-FOLLOWER: reject ELECTION from bd4316f7-8522-4e92-952a-a3dfbeefbfef: our priority 1 > candidate's priority 0
2021-08-16 02:09:11,272 [grpc-default-executor-1] INFO  server.RaftServer$Division (RaftServerImpl.java:setRole(285)) - e9132cce-c60f-4b85-98ff-6a1f5b0024c6@group-F9DBE6E145ED: changes role from  FOLLOWER to FOLLOWER at term 1 for candidate:bd4316f7-8522-4e92-952a-a3dfbeefbfef
2021-08-16 02:09:11,272 [grpc-default-executor-1] INFO  impl.RoleInfo (RoleInfo.java:shutdownFollowerState(108)) - e9132cce-c60f-4b85-98ff-6a1f5b0024c6: shutdown e9132cce-c60f-4b85-98ff-6a1f5b0024c6@group-F9DBE6E145ED-FollowerState
2021-08-16 02:09:11,272 [e9132cce-c60f-4b85-98ff-6a1f5b0024c6@group-F9DBE6E145ED-FollowerState] INFO  impl.FollowerState (FollowerState.java:run(143)) - e9132cce-c60f-4b85-98ff-6a1f5b0024c6@group-F9DBE6E145ED-FollowerState was interrupted: {}
java.lang.InterruptedException: sleep interrupted
	at java.lang.Thread.sleep(Native Method)
	at java.lang.Thread.sleep(Thread.java:340)
	at java.util.concurrent.TimeUnit.sleep(TimeUnit.java:386)
	at org.apache.ratis.util.TimeDuration.sleep(TimeDuration.java:324)
	at org.apache.ratis.util.TimeDuration.sleep(TimeDuration.java:309)
	at org.apache.ratis.server.impl.FollowerState.run(FollowerState.java:118)
2021-08-16 02:09:11,272 [grpc-default-executor-1] INFO  impl.RoleInfo (RoleInfo.java:updateAndGet(130)) - e9132cce-c60f-4b85-98ff-6a1f5b0024c6: start e9132cce-c60f-4b85-98ff-6a1f5b0024c6@group-F9DBE6E145ED-FollowerState
2021-08-16 02:09:11,280 [grpc-default-executor-1] INFO  server.RaftServer$Division (RaftServerImpl.java:requestVote(1075)) - e9132cce-c60f-4b85-98ff-6a1f5b0024c6@group-F9DBE6E145ED replies to ELECTION vote request: bd4316f7-8522-4e92-952a-a3dfbeefbfef<-e9132cce-c60f-4b85-98ff-6a1f5b0024c6#0:FAIL-t1. Peer's state: e9132cce-c60f-4b85-98ff-6a1f5b0024c6@group-F9DBE6E145ED:t1, leader=null, voted=null, raftlog=e9132cce-c60f-4b85-98ff-6a1f5b0024c6@group-F9DBE6E145ED-SegmentedRaftLog:OPENED:c-1,f-1,i0, conf=-1: [bd4316f7-8522-4e92-952a-a3dfbeefbfef|rpc:10.1.0.7:40431|dataStream:|priority:0, 4c5d3f80-455e-48af-b42d-db12d94a5acc|rpc:10.1.0.7:38341|dataStream:|priority:0, e9132cce-c60f-4b85-98ff-6a1f5b0024c6|rpc:10.1.0.7:45089|dataStream:|priority:1], old=null
2021-08-16 02:09:11,293 [bd4316f7-8522-4e92-952a-a3dfbeefbfef@group-F9DBE6E145ED-LeaderElection7] INFO  impl.LeaderElection (LeaderElection.java:logAndReturn(89)) - bd4316f7-8522-4e92-952a-a3dfbeefbfef@group-F9DBE6E145ED-LeaderElection7: ELECTION REJECTED received 2 response(s) and 0 exception(s):
2021-08-16 02:09:11,293 [bd4316f7-8522-4e92-952a-a3dfbeefbfef@group-F9DBE6E145ED-LeaderElection7] INFO  impl.LeaderElection (LeaderElection.java:logAndReturn(93)) -   Response 0: bd4316f7-8522-4e92-952a-a3dfbeefbfef<-4c5d3f80-455e-48af-b42d-db12d94a5acc#0:OK-t1
2021-08-16 02:09:11,293 [bd4316f7-8522-4e92-952a-a3dfbeefbfef@group-F9DBE6E145ED-LeaderElection7] INFO  impl.LeaderElection (LeaderElection.java:logAndReturn(93)) -   Response 1: bd4316f7-8522-4e92-952a-a3dfbeefbfef<-e9132cce-c60f-4b85-98ff-6a1f5b0024c6#0:FAIL-t1
2021-08-16 02:09:11,293 [bd4316f7-8522-4e92-952a-a3dfbeefbfef@group-F9DBE6E145ED-LeaderElection7] INFO  impl.LeaderElection (LeaderElection.java:askForVotes(308)) - bd4316f7-8522-4e92-952a-a3dfbeefbfef@group-F9DBE6E145ED-LeaderElection7 ELECTION round 0: result REJECTED
2021-08-16 02:09:11,293 [bd4316f7-8522-4e92-952a-a3dfbeefbfef@group-F9DBE6E145ED-LeaderElection7] INFO  server.RaftServer$Division (RaftServerImpl.java:setRole(285)) - bd4316f7-8522-4e92-952a-a3dfbeefbfef@group-F9DBE6E145ED: changes role from CANDIDATE to FOLLOWER at term 1 for REJECTED
2021-08-16 02:09:11,293 [bd4316f7-8522-4e92-952a-a3dfbeefbfef@group-F9DBE6E145ED-LeaderElection7] INFO  impl.RoleInfo (RoleInfo.java:shutdownLeaderElection(121)) - bd4316f7-8522-4e92-952a-a3dfbeefbfef: shutdown bd4316f7-8522-4e92-952a-a3dfbeefbfef@group-F9DBE6E145ED-LeaderElection7
2021-08-16 02:09:11,293 [bd4316f7-8522-4e92-952a-a3dfbeefbfef@group-F9DBE6E145ED-LeaderElection7] INFO  impl.RoleInfo (RoleInfo.java:updateAndGet(130)) - bd4316f7-8522-4e92-952a-a3dfbeefbfef: start bd4316f7-8522-4e92-952a-a3dfbeefbfef@group-F9DBE6E145ED-FollowerState
2021-08-16 02:09:12,008 [Listener at 127.0.0.1/42687] INFO  ozone.MiniOzoneClusterImpl (MiniOzoneClusterImpl.java:lambda$waitForClusterToBeReady$0(235)) - Nodes are ready. Got 3 of 3 DN Heartbeats.
2021-08-16 02:09:12,009 [Listener at 127.0.0.1/42687] INFO  ozone.MiniOzoneClusterImpl (MiniOzoneClusterImpl.java:lambda$waitForClusterToBeReady$0(238)) - Waiting for cluster to exit safe mode
2021-08-16 02:09:12,009 [Listener at 127.0.0.1/42687] INFO  ozone.MiniOzoneClusterImpl (MiniOzoneClusterImpl.java:lambda$waitForClusterToBeReady$0(240)) - SCM became leader
2021-08-16 02:09:13,009 [Listener at 127.0.0.1/42687] INFO  ozone.MiniOzoneClusterImpl (MiniOzoneClusterImpl.java:lambda$waitForClusterToBeReady$0(235)) - Nodes are ready. Got 3 of 3 DN Heartbeats.
2021-08-16 02:09:13,010 [Listener at 127.0.0.1/42687] INFO  ozone.MiniOzoneClusterImpl (MiniOzoneClusterImpl.java:lambda$waitForClusterToBeReady$0(238)) - Waiting for cluster to exit safe mode
2021-08-16 02:09:13,010 [Listener at 127.0.0.1/42687] INFO  ozone.MiniOzoneClusterImpl (MiniOzoneClusterImpl.java:lambda$waitForClusterToBeReady$0(240)) - SCM became leader
2021-08-16 02:09:14,010 [Listener at 127.0.0.1/42687] INFO  ozone.MiniOzoneClusterImpl (MiniOzoneClusterImpl.java:lambda$waitForClusterToBeReady$0(235)) - Nodes are ready. Got 3 of 3 DN Heartbeats.
2021-08-16 02:09:14,010 [Listener at 127.0.0.1/42687] INFO  ozone.MiniOzoneClusterImpl (MiniOzoneClusterImpl.java:lambda$waitForClusterToBeReady$0(238)) - Waiting for cluster to exit safe mode
2021-08-16 02:09:14,010 [Listener at 127.0.0.1/42687] INFO  ozone.MiniOzoneClusterImpl (MiniOzoneClusterImpl.java:lambda$waitForClusterToBeReady$0(240)) - SCM became leader
2021-08-16 02:09:15,011 [Listener at 127.0.0.1/42687] INFO  ozone.MiniOzoneClusterImpl (MiniOzoneClusterImpl.java:lambda$waitForClusterToBeReady$0(235)) - Nodes are ready. Got 3 of 3 DN Heartbeats.
2021-08-16 02:09:15,011 [Listener at 127.0.0.1/42687] INFO  ozone.MiniOzoneClusterImpl (MiniOzoneClusterImpl.java:lambda$waitForClusterToBeReady$0(238)) - Waiting for cluster to exit safe mode
2021-08-16 02:09:15,011 [Listener at 127.0.0.1/42687] INFO  ozone.MiniOzoneClusterImpl (MiniOzoneClusterImpl.java:lambda$waitForClusterToBeReady$0(240)) - SCM became leader
2021-08-16 02:09:16,011 [Listener at 127.0.0.1/42687] INFO  ozone.MiniOzoneClusterImpl (MiniOzoneClusterImpl.java:lambda$waitForClusterToBeReady$0(235)) - Nodes are ready. Got 3 of 3 DN Heartbeats.
2021-08-16 02:09:16,011 [Listener at 127.0.0.1/42687] INFO  ozone.MiniOzoneClusterImpl (MiniOzoneClusterImpl.java:lambda$waitForClusterToBeReady$0(238)) - Waiting for cluster to exit safe mode
2021-08-16 02:09:16,011 [Listener at 127.0.0.1/42687] INFO  ozone.MiniOzoneClusterImpl (MiniOzoneClusterImpl.java:lambda$waitForClusterToBeReady$0(240)) - SCM became leader
2021-08-16 02:09:16,339 [4c5d3f80-455e-48af-b42d-db12d94a5acc@group-F9DBE6E145ED-FollowerState] INFO  impl.FollowerState (FollowerState.java:run(134)) - 4c5d3f80-455e-48af-b42d-db12d94a5acc@group-F9DBE6E145ED-FollowerState: change to CANDIDATE, lastRpcElapsedTime:5083047071ns, electionTimeout:5081ms
2021-08-16 02:09:16,339 [4c5d3f80-455e-48af-b42d-db12d94a5acc@group-F9DBE6E145ED-FollowerState] INFO  impl.RoleInfo (RoleInfo.java:shutdownFollowerState(108)) - 4c5d3f80-455e-48af-b42d-db12d94a5acc: shutdown 4c5d3f80-455e-48af-b42d-db12d94a5acc@group-F9DBE6E145ED-FollowerState
2021-08-16 02:09:16,339 [4c5d3f80-455e-48af-b42d-db12d94a5acc@group-F9DBE6E145ED-FollowerState] INFO  server.RaftServer$Division (RaftServerImpl.java:setRole(285)) - 4c5d3f80-455e-48af-b42d-db12d94a5acc@group-F9DBE6E145ED: changes role from  FOLLOWER to CANDIDATE at term 1 for changeToCandidate
2021-08-16 02:09:16,343 [e9132cce-c60f-4b85-98ff-6a1f5b0024c6@group-F9DBE6E145ED-FollowerState] INFO  impl.FollowerState (FollowerState.java:run(134)) - e9132cce-c60f-4b85-98ff-6a1f5b0024c6@group-F9DBE6E145ED-FollowerState: change to CANDIDATE, lastRpcElapsedTime:5071217304ns, electionTimeout:5045ms
2021-08-16 02:09:16,343 [e9132cce-c60f-4b85-98ff-6a1f5b0024c6@group-F9DBE6E145ED-FollowerState] INFO  impl.RoleInfo (RoleInfo.java:shutdownFollowerState(108)) - e9132cce-c60f-4b85-98ff-6a1f5b0024c6: shutdown e9132cce-c60f-4b85-98ff-6a1f5b0024c6@group-F9DBE6E145ED-FollowerState
2021-08-16 02:09:16,343 [e9132cce-c60f-4b85-98ff-6a1f5b0024c6@group-F9DBE6E145ED-FollowerState] INFO  server.RaftServer$Division (RaftServerImpl.java:setRole(285)) - e9132cce-c60f-4b85-98ff-6a1f5b0024c6@group-F9DBE6E145ED: changes role from  FOLLOWER to CANDIDATE at term 1 for changeToCandidate
2021-08-16 02:09:16,343 [4c5d3f80-455e-48af-b42d-db12d94a5acc@group-F9DBE6E145ED-FollowerState] INFO  server.RaftServerConfigKeys (ConfUtils.java:logGet(44)) - raft.server.leaderelection.pre-vote = false (custom)
2021-08-16 02:09:16,343 [4c5d3f80-455e-48af-b42d-db12d94a5acc@group-F9DBE6E145ED-FollowerState] INFO  impl.RoleInfo (RoleInfo.java:updateAndGet(130)) - 4c5d3f80-455e-48af-b42d-db12d94a5acc: start 4c5d3f80-455e-48af-b42d-db12d94a5acc@group-F9DBE6E145ED-LeaderElection8
2021-08-16 02:09:16,348 [e9132cce-c60f-4b85-98ff-6a1f5b0024c6@group-F9DBE6E145ED-FollowerState] INFO  server.RaftServerConfigKeys (ConfUtils.java:logGet(44)) - raft.server.leaderelection.pre-vote = false (custom)
2021-08-16 02:09:16,348 [e9132cce-c60f-4b85-98ff-6a1f5b0024c6@group-F9DBE6E145ED-FollowerState] INFO  impl.RoleInfo (RoleInfo.java:updateAndGet(130)) - e9132cce-c60f-4b85-98ff-6a1f5b0024c6: start e9132cce-c60f-4b85-98ff-6a1f5b0024c6@group-F9DBE6E145ED-LeaderElection9
2021-08-16 02:09:16,353 [4c5d3f80-455e-48af-b42d-db12d94a5acc@group-F9DBE6E145ED-LeaderElection8] INFO  impl.LeaderElection (LeaderElection.java:askForVotes(306)) - 4c5d3f80-455e-48af-b42d-db12d94a5acc@group-F9DBE6E145ED-LeaderElection8 ELECTION round 0: submit vote requests at term 2 for -1: [bd4316f7-8522-4e92-952a-a3dfbeefbfef|rpc:10.1.0.7:40431|dataStream:|priority:0, 4c5d3f80-455e-48af-b42d-db12d94a5acc|rpc:10.1.0.7:38341|dataStream:|priority:0, e9132cce-c60f-4b85-98ff-6a1f5b0024c6|rpc:10.1.0.7:45089|dataStream:|priority:1], old=null
2021-08-16 02:09:16,370 [e9132cce-c60f-4b85-98ff-6a1f5b0024c6@group-F9DBE6E145ED-LeaderElection9] INFO  impl.LeaderElection (LeaderElection.java:askForVotes(306)) - e9132cce-c60f-4b85-98ff-6a1f5b0024c6@group-F9DBE6E145ED-LeaderElection9 ELECTION round 0: submit vote requests at term 2 for -1: [bd4316f7-8522-4e92-952a-a3dfbeefbfef|rpc:10.1.0.7:40431|dataStream:|priority:0, 4c5d3f80-455e-48af-b42d-db12d94a5acc|rpc:10.1.0.7:38341|dataStream:|priority:0, e9132cce-c60f-4b85-98ff-6a1f5b0024c6|rpc:10.1.0.7:45089|dataStream:|priority:1], old=null
2021-08-16 02:09:16,388 [grpc-default-executor-0] INFO  server.RaftServer$Division (RaftServerImpl.java:requestVote(1043)) - e9132cce-c60f-4b85-98ff-6a1f5b0024c6@group-F9DBE6E145ED: receive requestVote(ELECTION, 4c5d3f80-455e-48af-b42d-db12d94a5acc, group-F9DBE6E145ED, 2, (t:0, i:0))
2021-08-16 02:09:16,389 [grpc-default-executor-0] INFO  impl.VoteContext (VoteContext.java:log(48)) - e9132cce-c60f-4b85-98ff-6a1f5b0024c6@group-F9DBE6E145ED-CANDIDATE: reject ELECTION from 4c5d3f80-455e-48af-b42d-db12d94a5acc: already has voted for e9132cce-c60f-4b85-98ff-6a1f5b0024c6 at current term 2
2021-08-16 02:09:16,388 [grpc-default-executor-1] INFO  server.RaftServer$Division (RaftServerImpl.java:requestVote(1043)) - bd4316f7-8522-4e92-952a-a3dfbeefbfef@group-F9DBE6E145ED: receive requestVote(ELECTION, 4c5d3f80-455e-48af-b42d-db12d94a5acc, group-F9DBE6E145ED, 2, (t:0, i:0))
2021-08-16 02:09:16,389 [grpc-default-executor-1] INFO  impl.VoteContext (VoteContext.java:log(48)) - bd4316f7-8522-4e92-952a-a3dfbeefbfef@group-F9DBE6E145ED-FOLLOWER: accept ELECTION from 4c5d3f80-455e-48af-b42d-db12d94a5acc: our priority 0 <= candidate's priority 0
2021-08-16 02:09:16,390 [grpc-default-executor-1] INFO  server.RaftServer$Division (RaftServerImpl.java:setRole(285)) - bd4316f7-8522-4e92-952a-a3dfbeefbfef@group-F9DBE6E145ED: changes role from  FOLLOWER to FOLLOWER at term 2 for candidate:4c5d3f80-455e-48af-b42d-db12d94a5acc
2021-08-16 02:09:16,390 [grpc-default-executor-1] INFO  impl.RoleInfo (RoleInfo.java:shutdownFollowerState(108)) - bd4316f7-8522-4e92-952a-a3dfbeefbfef: shutdown bd4316f7-8522-4e92-952a-a3dfbeefbfef@group-F9DBE6E145ED-FollowerState
2021-08-16 02:09:16,390 [grpc-default-executor-1] INFO  impl.RoleInfo (RoleInfo.java:updateAndGet(130)) - bd4316f7-8522-4e92-952a-a3dfbeefbfef: start bd4316f7-8522-4e92-952a-a3dfbeefbfef@group-F9DBE6E145ED-FollowerState
2021-08-16 02:09:16,390 [bd4316f7-8522-4e92-952a-a3dfbeefbfef@group-F9DBE6E145ED-FollowerState] INFO  impl.FollowerState (FollowerState.java:run(143)) - bd4316f7-8522-4e92-952a-a3dfbeefbfef@group-F9DBE6E145ED-FollowerState was interrupted: {}
java.lang.InterruptedException: sleep interrupted
	at java.lang.Thread.sleep(Native Method)
	at java.lang.Thread.sleep(Thread.java:340)
	at java.util.concurrent.TimeUnit.sleep(TimeUnit.java:386)
	at org.apache.ratis.util.TimeDuration.sleep(TimeDuration.java:324)
	at org.apache.ratis.util.TimeDuration.sleep(TimeDuration.java:309)
	at org.apache.ratis.server.impl.FollowerState.run(FollowerState.java:118)
2021-08-16 02:09:16,396 [grpc-default-executor-0] INFO  server.RaftServer$Division (RaftServerImpl.java:requestVote(1075)) - e9132cce-c60f-4b85-98ff-6a1f5b0024c6@group-F9DBE6E145ED replies to ELECTION vote request: 4c5d3f80-455e-48af-b42d-db12d94a5acc<-e9132cce-c60f-4b85-98ff-6a1f5b0024c6#0:FAIL-t2. Peer's state: e9132cce-c60f-4b85-98ff-6a1f5b0024c6@group-F9DBE6E145ED:t2, leader=null, voted=e9132cce-c60f-4b85-98ff-6a1f5b0024c6, raftlog=e9132cce-c60f-4b85-98ff-6a1f5b0024c6@group-F9DBE6E145ED-SegmentedRaftLog:OPENED:c-1,f-1,i0, conf=-1: [bd4316f7-8522-4e92-952a-a3dfbeefbfef|rpc:10.1.0.7:40431|dataStream:|priority:0, 4c5d3f80-455e-48af-b42d-db12d94a5acc|rpc:10.1.0.7:38341|dataStream:|priority:0, e9132cce-c60f-4b85-98ff-6a1f5b0024c6|rpc:10.1.0.7:45089|dataStream:|priority:1], old=null
2021-08-16 02:09:16,412 [4c5d3f80-455e-48af-b42d-db12d94a5acc@group-F9DBE6E145ED-LeaderElection8] INFO  impl.LeaderElection (LeaderElection.java:logAndReturn(89)) - 4c5d3f80-455e-48af-b42d-db12d94a5acc@group-F9DBE6E145ED-LeaderElection8: ELECTION REJECTED received 1 response(s) and 0 exception(s):
2021-08-16 02:09:16,412 [4c5d3f80-455e-48af-b42d-db12d94a5acc@group-F9DBE6E145ED-LeaderElection8] INFO  impl.LeaderElection (LeaderElection.java:logAndReturn(93)) -   Response 0: 4c5d3f80-455e-48af-b42d-db12d94a5acc<-e9132cce-c60f-4b85-98ff-6a1f5b0024c6#0:FAIL-t2
2021-08-16 02:09:16,412 [4c5d3f80-455e-48af-b42d-db12d94a5acc@group-F9DBE6E145ED-LeaderElection8] INFO  impl.LeaderElection (LeaderElection.java:askForVotes(308)) - 4c5d3f80-455e-48af-b42d-db12d94a5acc@group-F9DBE6E145ED-LeaderElection8 ELECTION round 0: result REJECTED
2021-08-16 02:09:16,412 [4c5d3f80-455e-48af-b42d-db12d94a5acc@group-F9DBE6E145ED-LeaderElection8] INFO  server.RaftServer$Division (RaftServerImpl.java:setRole(285)) - 4c5d3f80-455e-48af-b42d-db12d94a5acc@group-F9DBE6E145ED: changes role from CANDIDATE to FOLLOWER at term 2 for REJECTED
2021-08-16 02:09:16,412 [4c5d3f80-455e-48af-b42d-db12d94a5acc@group-F9DBE6E145ED-LeaderElection8] INFO  impl.RoleInfo (RoleInfo.java:shutdownLeaderElection(121)) - 4c5d3f80-455e-48af-b42d-db12d94a5acc: shutdown 4c5d3f80-455e-48af-b42d-db12d94a5acc@group-F9DBE6E145ED-LeaderElection8
2021-08-16 02:09:16,413 [4c5d3f80-455e-48af-b42d-db12d94a5acc@group-F9DBE6E145ED-LeaderElection8] INFO  impl.RoleInfo (RoleInfo.java:updateAndGet(130)) - 4c5d3f80-455e-48af-b42d-db12d94a5acc: start 4c5d3f80-455e-48af-b42d-db12d94a5acc@group-F9DBE6E145ED-FollowerState
2021-08-16 02:09:16,417 [grpc-default-executor-1] INFO  server.RaftServer$Division (RaftServerImpl.java:requestVote(1075)) - bd4316f7-8522-4e92-952a-a3dfbeefbfef@group-F9DBE6E145ED replies to ELECTION vote request: 4c5d3f80-455e-48af-b42d-db12d94a5acc<-bd4316f7-8522-4e92-952a-a3dfbeefbfef#0:OK-t2. Peer's state: bd4316f7-8522-4e92-952a-a3dfbeefbfef@group-F9DBE6E145ED:t2, leader=null, voted=4c5d3f80-455e-48af-b42d-db12d94a5acc, raftlog=bd4316f7-8522-4e92-952a-a3dfbeefbfef@group-F9DBE6E145ED-SegmentedRaftLog:OPENED:c-1,f-1,i0, conf=-1: [bd4316f7-8522-4e92-952a-a3dfbeefbfef|rpc:10.1.0.7:40431|priority:0, 4c5d3f80-455e-48af-b42d-db12d94a5acc|rpc:10.1.0.7:38341|priority:0, e9132cce-c60f-4b85-98ff-6a1f5b0024c6|rpc:10.1.0.7:45089|priority:1], old=null
2021-08-16 02:09:16,450 [grpc-default-executor-0] INFO  server.RaftServer$Division (RaftServerImpl.java:requestVote(1043)) - 4c5d3f80-455e-48af-b42d-db12d94a5acc@group-F9DBE6E145ED: receive requestVote(ELECTION, e9132cce-c60f-4b85-98ff-6a1f5b0024c6, group-F9DBE6E145ED, 2, (t:0, i:0))
2021-08-16 02:09:16,450 [grpc-default-executor-0] INFO  impl.VoteContext (VoteContext.java:log(48)) - 4c5d3f80-455e-48af-b42d-db12d94a5acc@group-F9DBE6E145ED-FOLLOWER: reject ELECTION from e9132cce-c60f-4b85-98ff-6a1f5b0024c6: already has voted for 4c5d3f80-455e-48af-b42d-db12d94a5acc at current term 2
2021-08-16 02:09:16,450 [grpc-default-executor-1] INFO  server.RaftServer$Division (RaftServerImpl.java:requestVote(1043)) - bd4316f7-8522-4e92-952a-a3dfbeefbfef@group-F9DBE6E145ED: receive requestVote(ELECTION, e9132cce-c60f-4b85-98ff-6a1f5b0024c6, group-F9DBE6E145ED, 2, (t:0, i:0))
2021-08-16 02:09:16,453 [grpc-default-executor-1] INFO  impl.VoteContext (VoteContext.java:log(48)) - bd4316f7-8522-4e92-952a-a3dfbeefbfef@group-F9DBE6E145ED-FOLLOWER: reject ELECTION from e9132cce-c60f-4b85-98ff-6a1f5b0024c6: already has voted for 4c5d3f80-455e-48af-b42d-db12d94a5acc at current term 2
2021-08-16 02:09:16,453 [grpc-default-executor-1] INFO  server.RaftServer$Division (RaftServerImpl.java:requestVote(1075)) - bd4316f7-8522-4e92-952a-a3dfbeefbfef@group-F9DBE6E145ED replies to ELECTION vote request: e9132cce-c60f-4b85-98ff-6a1f5b0024c6<-bd4316f7-8522-4e92-952a-a3dfbeefbfef#0:FAIL-t2. Peer's state: bd4316f7-8522-4e92-952a-a3dfbeefbfef@group-F9DBE6E145ED:t2, leader=null, voted=4c5d3f80-455e-48af-b42d-db12d94a5acc, raftlog=bd4316f7-8522-4e92-952a-a3dfbeefbfef@group-F9DBE6E145ED-SegmentedRaftLog:OPENED:c-1,f-1,i0, conf=-1: [bd4316f7-8522-4e92-952a-a3dfbeefbfef|rpc:10.1.0.7:40431|priority:0, 4c5d3f80-455e-48af-b42d-db12d94a5acc|rpc:10.1.0.7:38341|priority:0, e9132cce-c60f-4b85-98ff-6a1f5b0024c6|rpc:10.1.0.7:45089|priority:1], old=null
2021-08-16 02:09:16,450 [grpc-default-executor-0] INFO  server.RaftServer$Division (RaftServerImpl.java:requestVote(1075)) - 4c5d3f80-455e-48af-b42d-db12d94a5acc@group-F9DBE6E145ED replies to ELECTION vote request: e9132cce-c60f-4b85-98ff-6a1f5b0024c6<-4c5d3f80-455e-48af-b42d-db12d94a5acc#0:FAIL-t2. Peer's state: 4c5d3f80-455e-48af-b42d-db12d94a5acc@group-F9DBE6E145ED:t2, leader=null, voted=4c5d3f80-455e-48af-b42d-db12d94a5acc, raftlog=4c5d3f80-455e-48af-b42d-db12d94a5acc@group-F9DBE6E145ED-SegmentedRaftLog:OPENED:c-1,f-1,i0, conf=-1: [bd4316f7-8522-4e92-952a-a3dfbeefbfef|rpc:10.1.0.7:40431|dataStream:|priority:0, 4c5d3f80-455e-48af-b42d-db12d94a5acc|rpc:10.1.0.7:38341|dataStream:|priority:0, e9132cce-c60f-4b85-98ff-6a1f5b0024c6|rpc:10.1.0.7:45089|dataStream:|priority:1], old=null
2021-08-16 02:09:16,457 [e9132cce-c60f-4b85-98ff-6a1f5b0024c6@group-F9DBE6E145ED-LeaderElection9] INFO  impl.LeaderElection (LeaderElection.java:logAndReturn(89)) - e9132cce-c60f-4b85-98ff-6a1f5b0024c6@group-F9DBE6E145ED-LeaderElection9: ELECTION REJECTED received 2 response(s) and 0 exception(s):
2021-08-16 02:09:16,467 [e9132cce-c60f-4b85-98ff-6a1f5b0024c6@group-F9DBE6E145ED-LeaderElection9] INFO  impl.LeaderElection (LeaderElection.java:logAndReturn(93)) -   Response 0: e9132cce-c60f-4b85-98ff-6a1f5b0024c6<-bd4316f7-8522-4e92-952a-a3dfbeefbfef#0:FAIL-t2
2021-08-16 02:09:16,467 [e9132cce-c60f-4b85-98ff-6a1f5b0024c6@group-F9DBE6E145ED-LeaderElection9] INFO  impl.LeaderElection (LeaderElection.java:logAndReturn(93)) -   Response 1: e9132cce-c60f-4b85-98ff-6a1f5b0024c6<-4c5d3f80-455e-48af-b42d-db12d94a5acc#0:FAIL-t2
2021-08-16 02:09:16,467 [e9132cce-c60f-4b85-98ff-6a1f5b0024c6@group-F9DBE6E145ED-LeaderElection9] INFO  impl.LeaderElection (LeaderElection.java:askForVotes(308)) - e9132cce-c60f-4b85-98ff-6a1f5b0024c6@group-F9DBE6E145ED-LeaderElection9 ELECTION round 0: result REJECTED
2021-08-16 02:09:16,467 [e9132cce-c60f-4b85-98ff-6a1f5b0024c6@group-F9DBE6E145ED-LeaderElection9] INFO  server.RaftServer$Division (RaftServerImpl.java:setRole(285)) - e9132cce-c60f-4b85-98ff-6a1f5b0024c6@group-F9DBE6E145ED: changes role from CANDIDATE to FOLLOWER at term 2 for REJECTED
2021-08-16 02:09:16,467 [e9132cce-c60f-4b85-98ff-6a1f5b0024c6@group-F9DBE6E145ED-LeaderElection9] INFO  impl.RoleInfo (RoleInfo.java:shutdownLeaderElection(121)) - e9132cce-c60f-4b85-98ff-6a1f5b0024c6: shutdown e9132cce-c60f-4b85-98ff-6a1f5b0024c6@group-F9DBE6E145ED-LeaderElection9
2021-08-16 02:09:16,468 [e9132cce-c60f-4b85-98ff-6a1f5b0024c6@group-F9DBE6E145ED-LeaderElection9] INFO  impl.RoleInfo (RoleInfo.java:updateAndGet(130)) - e9132cce-c60f-4b85-98ff-6a1f5b0024c6: start e9132cce-c60f-4b85-98ff-6a1f5b0024c6@group-F9DBE6E145ED-FollowerState
2021-08-16 02:09:17,012 [Listener at 127.0.0.1/42687] INFO  ozone.MiniOzoneClusterImpl (MiniOzoneClusterImpl.java:lambda$waitForClusterToBeReady$0(235)) - Nodes are ready. Got 3 of 3 DN Heartbeats.
2021-08-16 02:09:17,013 [Listener at 127.0.0.1/42687] INFO  ozone.MiniOzoneClusterImpl (MiniOzoneClusterImpl.java:lambda$waitForClusterToBeReady$0(238)) - Waiting for cluster to exit safe mode
2021-08-16 02:09:17,013 [Listener at 127.0.0.1/42687] INFO  ozone.MiniOzoneClusterImpl (MiniOzoneClusterImpl.java:lambda$waitForClusterToBeReady$0(240)) - SCM became leader
2021-08-16 02:09:18,013 [Listener at 127.0.0.1/42687] INFO  ozone.MiniOzoneClusterImpl (MiniOzoneClusterImpl.java:lambda$waitForClusterToBeReady$0(235)) - Nodes are ready. Got 3 of 3 DN Heartbeats.
2021-08-16 02:09:18,013 [Listener at 127.0.0.1/42687] INFO  ozone.MiniOzoneClusterImpl (MiniOzoneClusterImpl.java:lambda$waitForClusterToBeReady$0(238)) - Waiting for cluster to exit safe mode
2021-08-16 02:09:18,013 [Listener at 127.0.0.1/42687] INFO  ozone.MiniOzoneClusterImpl (MiniOzoneClusterImpl.java:lambda$waitForClusterToBeReady$0(240)) - SCM became leader
2021-08-16 02:09:19,014 [Listener at 127.0.0.1/42687] INFO  ozone.MiniOzoneClusterImpl (MiniOzoneClusterImpl.java:lambda$waitForClusterToBeReady$0(235)) - Nodes are ready. Got 3 of 3 DN Heartbeats.
2021-08-16 02:09:19,014 [Listener at 127.0.0.1/42687] INFO  ozone.MiniOzoneClusterImpl (MiniOzoneClusterImpl.java:lambda$waitForClusterToBeReady$0(238)) - Waiting for cluster to exit safe mode
2021-08-16 02:09:19,014 [Listener at 127.0.0.1/42687] INFO  ozone.MiniOzoneClusterImpl (MiniOzoneClusterImpl.java:lambda$waitForClusterToBeReady$0(240)) - SCM became leader
2021-08-16 02:09:20,014 [Listener at 127.0.0.1/42687] INFO  ozone.MiniOzoneClusterImpl (MiniOzoneClusterImpl.java:lambda$waitForClusterToBeReady$0(235)) - Nodes are ready. Got 3 of 3 DN Heartbeats.
2021-08-16 02:09:20,014 [Listener at 127.0.0.1/42687] INFO  ozone.MiniOzoneClusterImpl (MiniOzoneClusterImpl.java:lambda$waitForClusterToBeReady$0(238)) - Waiting for cluster to exit safe mode
2021-08-16 02:09:20,014 [Listener at 127.0.0.1/42687] INFO  ozone.MiniOzoneClusterImpl (MiniOzoneClusterImpl.java:lambda$waitForClusterToBeReady$0(240)) - SCM became leader
2021-08-16 02:09:21,015 [Listener at 127.0.0.1/42687] INFO  ozone.MiniOzoneClusterImpl (MiniOzoneClusterImpl.java:lambda$waitForClusterToBeReady$0(235)) - Nodes are ready. Got 3 of 3 DN Heartbeats.
2021-08-16 02:09:21,015 [Listener at 127.0.0.1/42687] INFO  ozone.MiniOzoneClusterImpl (MiniOzoneClusterImpl.java:lambda$waitForClusterToBeReady$0(238)) - Waiting for cluster to exit safe mode
2021-08-16 02:09:21,015 [Listener at 127.0.0.1/42687] INFO  ozone.MiniOzoneClusterImpl (MiniOzoneClusterImpl.java:lambda$waitForClusterToBeReady$0(240)) - SCM became leader
2021-08-16 02:09:21,459 [4c5d3f80-455e-48af-b42d-db12d94a5acc@group-F9DBE6E145ED-FollowerState] INFO  impl.FollowerState (FollowerState.java:run(134)) - 4c5d3f80-455e-48af-b42d-db12d94a5acc@group-F9DBE6E145ED-FollowerState: change to CANDIDATE, lastRpcElapsedTime:5046808966ns, electionTimeout:5024ms
2021-08-16 02:09:21,459 [4c5d3f80-455e-48af-b42d-db12d94a5acc@group-F9DBE6E145ED-FollowerState] INFO  impl.RoleInfo (RoleInfo.java:shutdownFollowerState(108)) - 4c5d3f80-455e-48af-b42d-db12d94a5acc: shutdown 4c5d3f80-455e-48af-b42d-db12d94a5acc@group-F9DBE6E145ED-FollowerState
2021-08-16 02:09:21,460 [4c5d3f80-455e-48af-b42d-db12d94a5acc@group-F9DBE6E145ED-FollowerState] INFO  server.RaftServer$Division (RaftServerImpl.java:setRole(285)) - 4c5d3f80-455e-48af-b42d-db12d94a5acc@group-F9DBE6E145ED: changes role from  FOLLOWER to CANDIDATE at term 2 for changeToCandidate
2021-08-16 02:09:21,460 [4c5d3f80-455e-48af-b42d-db12d94a5acc@group-F9DBE6E145ED-FollowerState] INFO  server.RaftServerConfigKeys (ConfUtils.java:logGet(44)) - raft.server.leaderelection.pre-vote = false (custom)
2021-08-16 02:09:21,460 [4c5d3f80-455e-48af-b42d-db12d94a5acc@group-F9DBE6E145ED-FollowerState] INFO  impl.RoleInfo (RoleInfo.java:updateAndGet(130)) - 4c5d3f80-455e-48af-b42d-db12d94a5acc: start 4c5d3f80-455e-48af-b42d-db12d94a5acc@group-F9DBE6E145ED-LeaderElection10
2021-08-16 02:09:21,468 [4c5d3f80-455e-48af-b42d-db12d94a5acc@group-F9DBE6E145ED-LeaderElection10] INFO  impl.LeaderElection (LeaderElection.java:askForVotes(306)) - 4c5d3f80-455e-48af-b42d-db12d94a5acc@group-F9DBE6E145ED-LeaderElection10 ELECTION round 0: submit vote requests at term 3 for -1: [bd4316f7-8522-4e92-952a-a3dfbeefbfef|rpc:10.1.0.7:40431|dataStream:|priority:0, 4c5d3f80-455e-48af-b42d-db12d94a5acc|rpc:10.1.0.7:38341|dataStream:|priority:0, e9132cce-c60f-4b85-98ff-6a1f5b0024c6|rpc:10.1.0.7:45089|dataStream:|priority:1], old=null
2021-08-16 02:09:21,483 [grpc-default-executor-1] INFO  server.RaftServer$Division (RaftServerImpl.java:requestVote(1043)) - bd4316f7-8522-4e92-952a-a3dfbeefbfef@group-F9DBE6E145ED: receive requestVote(ELECTION, 4c5d3f80-455e-48af-b42d-db12d94a5acc, group-F9DBE6E145ED, 3, (t:0, i:0))
2021-08-16 02:09:21,483 [grpc-default-executor-1] INFO  impl.VoteContext (VoteContext.java:log(48)) - bd4316f7-8522-4e92-952a-a3dfbeefbfef@group-F9DBE6E145ED-FOLLOWER: accept ELECTION from 4c5d3f80-455e-48af-b42d-db12d94a5acc: our priority 0 <= candidate's priority 0
2021-08-16 02:09:21,483 [grpc-default-executor-1] INFO  server.RaftServer$Division (RaftServerImpl.java:setRole(285)) - bd4316f7-8522-4e92-952a-a3dfbeefbfef@group-F9DBE6E145ED: changes role from  FOLLOWER to FOLLOWER at term 3 for candidate:4c5d3f80-455e-48af-b42d-db12d94a5acc
2021-08-16 02:09:21,483 [grpc-default-executor-1] INFO  impl.RoleInfo (RoleInfo.java:shutdownFollowerState(108)) - bd4316f7-8522-4e92-952a-a3dfbeefbfef: shutdown bd4316f7-8522-4e92-952a-a3dfbeefbfef@group-F9DBE6E145ED-FollowerState
2021-08-16 02:09:21,483 [grpc-default-executor-1] INFO  impl.RoleInfo (RoleInfo.java:updateAndGet(130)) - bd4316f7-8522-4e92-952a-a3dfbeefbfef: start bd4316f7-8522-4e92-952a-a3dfbeefbfef@group-F9DBE6E145ED-FollowerState
2021-08-16 02:09:21,484 [bd4316f7-8522-4e92-952a-a3dfbeefbfef@group-F9DBE6E145ED-FollowerState] INFO  impl.FollowerState (FollowerState.java:run(143)) - bd4316f7-8522-4e92-952a-a3dfbeefbfef@group-F9DBE6E145ED-FollowerState was interrupted: {}
java.lang.InterruptedException: sleep interrupted
	at java.lang.Thread.sleep(Native Method)
	at java.lang.Thread.sleep(Thread.java:340)
	at java.util.concurrent.TimeUnit.sleep(TimeUnit.java:386)
	at org.apache.ratis.util.TimeDuration.sleep(TimeDuration.java:324)
	at org.apache.ratis.util.TimeDuration.sleep(TimeDuration.java:309)
	at org.apache.ratis.server.impl.FollowerState.run(FollowerState.java:118)
2021-08-16 02:09:21,485 [grpc-default-executor-1] INFO  server.RaftServer$Division (RaftServerImpl.java:requestVote(1075)) - bd4316f7-8522-4e92-952a-a3dfbeefbfef@group-F9DBE6E145ED replies to ELECTION vote request: 4c5d3f80-455e-48af-b42d-db12d94a5acc<-bd4316f7-8522-4e92-952a-a3dfbeefbfef#0:OK-t3. Peer's state: bd4316f7-8522-4e92-952a-a3dfbeefbfef@group-F9DBE6E145ED:t3, leader=null, voted=4c5d3f80-455e-48af-b42d-db12d94a5acc, raftlog=bd4316f7-8522-4e92-952a-a3dfbeefbfef@group-F9DBE6E145ED-SegmentedRaftLog:OPENED:c-1,f-1,i0, conf=-1: [bd4316f7-8522-4e92-952a-a3dfbeefbfef|rpc:10.1.0.7:40431|priority:0, 4c5d3f80-455e-48af-b42d-db12d94a5acc|rpc:10.1.0.7:38341|priority:0, e9132cce-c60f-4b85-98ff-6a1f5b0024c6|rpc:10.1.0.7:45089|priority:1], old=null
2021-08-16 02:09:21,504 [grpc-default-executor-1] INFO  server.RaftServer$Division (RaftServerImpl.java:requestVote(1043)) - e9132cce-c60f-4b85-98ff-6a1f5b0024c6@group-F9DBE6E145ED: receive requestVote(ELECTION, 4c5d3f80-455e-48af-b42d-db12d94a5acc, group-F9DBE6E145ED, 3, (t:0, i:0))
2021-08-16 02:09:21,504 [grpc-default-executor-1] INFO  impl.VoteContext (VoteContext.java:log(48)) - e9132cce-c60f-4b85-98ff-6a1f5b0024c6@group-F9DBE6E145ED-FOLLOWER: reject ELECTION from 4c5d3f80-455e-48af-b42d-db12d94a5acc: our priority 1 > candidate's priority 0
2021-08-16 02:09:21,504 [grpc-default-executor-1] INFO  server.RaftServer$Division (RaftServerImpl.java:setRole(285)) - e9132cce-c60f-4b85-98ff-6a1f5b0024c6@group-F9DBE6E145ED: changes role from  FOLLOWER to FOLLOWER at term 3 for candidate:4c5d3f80-455e-48af-b42d-db12d94a5acc
2021-08-16 02:09:21,504 [grpc-default-executor-1] INFO  impl.RoleInfo (RoleInfo.java:shutdownFollowerState(108)) - e9132cce-c60f-4b85-98ff-6a1f5b0024c6: shutdown e9132cce-c60f-4b85-98ff-6a1f5b0024c6@group-F9DBE6E145ED-FollowerState
2021-08-16 02:09:21,504 [grpc-default-executor-1] INFO  impl.RoleInfo (RoleInfo.java:updateAndGet(130)) - e9132cce-c60f-4b85-98ff-6a1f5b0024c6: start e9132cce-c60f-4b85-98ff-6a1f5b0024c6@group-F9DBE6E145ED-FollowerState
2021-08-16 02:09:21,504 [e9132cce-c60f-4b85-98ff-6a1f5b0024c6@group-F9DBE6E145ED-FollowerState] INFO  impl.FollowerState (FollowerState.java:run(143)) - e9132cce-c60f-4b85-98ff-6a1f5b0024c6@group-F9DBE6E145ED-FollowerState was interrupted: {}
java.lang.InterruptedException: sleep interrupted
	at java.lang.Thread.sleep(Native Method)
	at java.lang.Thread.sleep(Thread.java:340)
	at java.util.concurrent.TimeUnit.sleep(TimeUnit.java:386)
	at org.apache.ratis.util.TimeDuration.sleep(TimeDuration.java:324)
	at org.apache.ratis.util.TimeDuration.sleep(TimeDuration.java:309)
	at org.apache.ratis.server.impl.FollowerState.run(FollowerState.java:118)
2021-08-16 02:09:21,513 [grpc-default-executor-1] INFO  server.RaftServer$Division (RaftServerImpl.java:requestVote(1075)) - e9132cce-c60f-4b85-98ff-6a1f5b0024c6@group-F9DBE6E145ED replies to ELECTION vote request: 4c5d3f80-455e-48af-b42d-db12d94a5acc<-e9132cce-c60f-4b85-98ff-6a1f5b0024c6#0:FAIL-t3. Peer's state: e9132cce-c60f-4b85-98ff-6a1f5b0024c6@group-F9DBE6E145ED:t3, leader=null, voted=null, raftlog=e9132cce-c60f-4b85-98ff-6a1f5b0024c6@group-F9DBE6E145ED-SegmentedRaftLog:OPENED:c-1,f-1,i0, conf=-1: [bd4316f7-8522-4e92-952a-a3dfbeefbfef|rpc:10.1.0.7:40431|dataStream:|priority:0, 4c5d3f80-455e-48af-b42d-db12d94a5acc|rpc:10.1.0.7:38341|dataStream:|priority:0, e9132cce-c60f-4b85-98ff-6a1f5b0024c6|rpc:10.1.0.7:45089|dataStream:|priority:1], old=null
2021-08-16 02:09:21,528 [4c5d3f80-455e-48af-b42d-db12d94a5acc@group-F9DBE6E145ED-LeaderElection10] INFO  impl.LeaderElection (LeaderElection.java:logAndReturn(89)) - 4c5d3f80-455e-48af-b42d-db12d94a5acc@group-F9DBE6E145ED-LeaderElection10: ELECTION REJECTED received 2 response(s) and 0 exception(s):
2021-08-16 02:09:21,528 [4c5d3f80-455e-48af-b42d-db12d94a5acc@group-F9DBE6E145ED-LeaderElection10] INFO  impl.LeaderElection (LeaderElection.java:logAndReturn(93)) -   Response 0: 4c5d3f80-455e-48af-b42d-db12d94a5acc<-bd4316f7-8522-4e92-952a-a3dfbeefbfef#0:OK-t3
2021-08-16 02:09:21,528 [4c5d3f80-455e-48af-b42d-db12d94a5acc@group-F9DBE6E145ED-LeaderElection10] INFO  impl.LeaderElection (LeaderElection.java:logAndReturn(93)) -   Response 1: 4c5d3f80-455e-48af-b42d-db12d94a5acc<-e9132cce-c60f-4b85-98ff-6a1f5b0024c6#0:FAIL-t3
2021-08-16 02:09:21,528 [4c5d3f80-455e-48af-b42d-db12d94a5acc@group-F9DBE6E145ED-LeaderElection10] INFO  impl.LeaderElection (LeaderElection.java:askForVotes(308)) - 4c5d3f80-455e-48af-b42d-db12d94a5acc@group-F9DBE6E145ED-LeaderElection10 ELECTION round 0: result REJECTED
2021-08-16 02:09:21,530 [4c5d3f80-455e-48af-b42d-db12d94a5acc@group-F9DBE6E145ED-LeaderElection10] INFO  server.RaftServer$Division (RaftServerImpl.java:setRole(285)) - 4c5d3f80-455e-48af-b42d-db12d94a5acc@group-F9DBE6E145ED: changes role from CANDIDATE to FOLLOWER at term 3 for REJECTED
2021-08-16 02:09:21,530 [4c5d3f80-455e-48af-b42d-db12d94a5acc@group-F9DBE6E145ED-LeaderElection10] INFO  impl.RoleInfo (RoleInfo.java:shutdownLeaderElection(121)) - 4c5d3f80-455e-48af-b42d-db12d94a5acc: shutdown 4c5d3f80-455e-48af-b42d-db12d94a5acc@group-F9DBE6E145ED-LeaderElection10
2021-08-16 02:09:21,530 [4c5d3f80-455e-48af-b42d-db12d94a5acc@group-F9DBE6E145ED-LeaderElection10] INFO  impl.RoleInfo (RoleInfo.java:updateAndGet(130)) - 4c5d3f80-455e-48af-b42d-db12d94a5acc: start 4c5d3f80-455e-48af-b42d-db12d94a5acc@group-F9DBE6E145ED-FollowerState
2021-08-16 02:09:22,015 [Listener at 127.0.0.1/42687] INFO  ozone.MiniOzoneClusterImpl (MiniOzoneClusterImpl.java:lambda$waitForClusterToBeReady$0(235)) - Nodes are ready. Got 3 of 3 DN Heartbeats.
2021-08-16 02:09:22,016 [Listener at 127.0.0.1/42687] INFO  ozone.MiniOzoneClusterImpl (MiniOzoneClusterImpl.java:lambda$waitForClusterToBeReady$0(238)) - Waiting for cluster to exit safe mode
2021-08-16 02:09:22,016 [Listener at 127.0.0.1/42687] INFO  ozone.MiniOzoneClusterImpl (MiniOzoneClusterImpl.java:lambda$waitForClusterToBeReady$0(240)) - SCM became leader
2021-08-16 02:09:23,017 [Listener at 127.0.0.1/42687] INFO  ozone.MiniOzoneClusterImpl (MiniOzoneClusterImpl.java:lambda$waitForClusterToBeReady$0(235)) - Nodes are ready. Got 3 of 3 DN Heartbeats.
2021-08-16 02:09:23,017 [Listener at 127.0.0.1/42687] INFO  ozone.MiniOzoneClusterImpl (MiniOzoneClusterImpl.java:lambda$waitForClusterToBeReady$0(238)) - Waiting for cluster to exit safe mode
2021-08-16 02:09:23,017 [Listener at 127.0.0.1/42687] INFO  ozone.MiniOzoneClusterImpl (MiniOzoneClusterImpl.java:lambda$waitForClusterToBeReady$0(240)) - SCM became leader
2021-08-16 02:09:24,017 [Listener at 127.0.0.1/42687] INFO  ozone.MiniOzoneClusterImpl (MiniOzoneClusterImpl.java:lambda$waitForClusterToBeReady$0(235)) - Nodes are ready. Got 3 of 3 DN Heartbeats.
2021-08-16 02:09:24,018 [Listener at 127.0.0.1/42687] INFO  ozone.MiniOzoneClusterImpl (MiniOzoneClusterImpl.java:lambda$waitForClusterToBeReady$0(238)) - Waiting for cluster to exit safe mode
2021-08-16 02:09:24,018 [Listener at 127.0.0.1/42687] INFO  ozone.MiniOzoneClusterImpl (MiniOzoneClusterImpl.java:lambda$waitForClusterToBeReady$0(240)) - SCM became leader
2021-08-16 02:09:25,018 [Listener at 127.0.0.1/42687] INFO  ozone.MiniOzoneClusterImpl (MiniOzoneClusterImpl.java:lambda$waitForClusterToBeReady$0(235)) - Nodes are ready. Got 3 of 3 DN Heartbeats.
2021-08-16 02:09:25,018 [Listener at 127.0.0.1/42687] INFO  ozone.MiniOzoneClusterImpl (MiniOzoneClusterImpl.java:lambda$waitForClusterToBeReady$0(238)) - Waiting for cluster to exit safe mode
2021-08-16 02:09:25,018 [Listener at 127.0.0.1/42687] INFO  ozone.MiniOzoneClusterImpl (MiniOzoneClusterImpl.java:lambda$waitForClusterToBeReady$0(240)) - SCM became leader
2021-08-16 02:09:26,018 [Listener at 127.0.0.1/42687] INFO  ozone.MiniOzoneClusterImpl (MiniOzoneClusterImpl.java:lambda$waitForClusterToBeReady$0(235)) - Nodes are ready. Got 3 of 3 DN Heartbeats.
2021-08-16 02:09:26,019 [Listener at 127.0.0.1/42687] INFO  ozone.MiniOzoneClusterImpl (MiniOzoneClusterImpl.java:lambda$waitForClusterToBeReady$0(238)) - Waiting for cluster to exit safe mode
2021-08-16 02:09:26,019 [Listener at 127.0.0.1/42687] INFO  ozone.MiniOzoneClusterImpl (MiniOzoneClusterImpl.java:lambda$waitForClusterToBeReady$0(240)) - SCM became leader
2021-08-16 02:09:26,654 [4c5d3f80-455e-48af-b42d-db12d94a5acc@group-F9DBE6E145ED-FollowerState] INFO  impl.FollowerState (FollowerState.java:run(134)) - 4c5d3f80-455e-48af-b42d-db12d94a5acc@group-F9DBE6E145ED-FollowerState: change to CANDIDATE, lastRpcElapsedTime:5123761627ns, electionTimeout:5102ms
2021-08-16 02:09:26,654 [4c5d3f80-455e-48af-b42d-db12d94a5acc@group-F9DBE6E145ED-FollowerState] INFO  impl.RoleInfo (RoleInfo.java:shutdownFollowerState(108)) - 4c5d3f80-455e-48af-b42d-db12d94a5acc: shutdown 4c5d3f80-455e-48af-b42d-db12d94a5acc@group-F9DBE6E145ED-FollowerState
2021-08-16 02:09:26,654 [4c5d3f80-455e-48af-b42d-db12d94a5acc@group-F9DBE6E145ED-FollowerState] INFO  server.RaftServer$Division (RaftServerImpl.java:setRole(285)) - 4c5d3f80-455e-48af-b42d-db12d94a5acc@group-F9DBE6E145ED: changes role from  FOLLOWER to CANDIDATE at term 3 for changeToCandidate
2021-08-16 02:09:26,654 [4c5d3f80-455e-48af-b42d-db12d94a5acc@group-F9DBE6E145ED-FollowerState] INFO  server.RaftServerConfigKeys (ConfUtils.java:logGet(44)) - raft.server.leaderelection.pre-vote = false (custom)
2021-08-16 02:09:26,654 [4c5d3f80-455e-48af-b42d-db12d94a5acc@group-F9DBE6E145ED-FollowerState] INFO  impl.RoleInfo (RoleInfo.java:updateAndGet(130)) - 4c5d3f80-455e-48af-b42d-db12d94a5acc: start 4c5d3f80-455e-48af-b42d-db12d94a5acc@group-F9DBE6E145ED-LeaderElection11
2021-08-16 02:09:26,681 [4c5d3f80-455e-48af-b42d-db12d94a5acc@group-F9DBE6E145ED-LeaderElection11] INFO  impl.LeaderElection (LeaderElection.java:askForVotes(306)) - 4c5d3f80-455e-48af-b42d-db12d94a5acc@group-F9DBE6E145ED-LeaderElection11 ELECTION round 0: submit vote requests at term 4 for -1: [bd4316f7-8522-4e92-952a-a3dfbeefbfef|rpc:10.1.0.7:40431|dataStream:|priority:0, 4c5d3f80-455e-48af-b42d-db12d94a5acc|rpc:10.1.0.7:38341|dataStream:|priority:0, e9132cce-c60f-4b85-98ff-6a1f5b0024c6|rpc:10.1.0.7:45089|dataStream:|priority:1], old=null
2021-08-16 02:09:26,701 [grpc-default-executor-1] INFO  server.RaftServer$Division (RaftServerImpl.java:requestVote(1043)) - bd4316f7-8522-4e92-952a-a3dfbeefbfef@group-F9DBE6E145ED: receive requestVote(ELECTION, 4c5d3f80-455e-48af-b42d-db12d94a5acc, group-F9DBE6E145ED, 4, (t:0, i:0))
2021-08-16 02:09:26,701 [grpc-default-executor-1] INFO  impl.VoteContext (VoteContext.java:log(48)) - bd4316f7-8522-4e92-952a-a3dfbeefbfef@group-F9DBE6E145ED-FOLLOWER: accept ELECTION from 4c5d3f80-455e-48af-b42d-db12d94a5acc: our priority 0 <= candidate's priority 0
2021-08-16 02:09:26,701 [grpc-default-executor-1] INFO  server.RaftServer$Division (RaftServerImpl.java:setRole(285)) - bd4316f7-8522-4e92-952a-a3dfbeefbfef@group-F9DBE6E145ED: changes role from  FOLLOWER to FOLLOWER at term 4 for candidate:4c5d3f80-455e-48af-b42d-db12d94a5acc
2021-08-16 02:09:26,701 [grpc-default-executor-1] INFO  impl.RoleInfo (RoleInfo.java:shutdownFollowerState(108)) - bd4316f7-8522-4e92-952a-a3dfbeefbfef: shutdown bd4316f7-8522-4e92-952a-a3dfbeefbfef@group-F9DBE6E145ED-FollowerState
2021-08-16 02:09:26,701 [grpc-default-executor-1] INFO  impl.RoleInfo (RoleInfo.java:updateAndGet(130)) - bd4316f7-8522-4e92-952a-a3dfbeefbfef: start bd4316f7-8522-4e92-952a-a3dfbeefbfef@group-F9DBE6E145ED-FollowerState
2021-08-16 02:09:26,702 [bd4316f7-8522-4e92-952a-a3dfbeefbfef@group-F9DBE6E145ED-FollowerState] INFO  impl.FollowerState (FollowerState.java:run(143)) - bd4316f7-8522-4e92-952a-a3dfbeefbfef@group-F9DBE6E145ED-FollowerState was interrupted: {}
java.lang.InterruptedException: sleep interrupted
	at java.lang.Thread.sleep(Native Method)
	at java.lang.Thread.sleep(Thread.java:340)
	at java.util.concurrent.TimeUnit.sleep(TimeUnit.java:386)
	at org.apache.ratis.util.TimeDuration.sleep(TimeDuration.java:324)
	at org.apache.ratis.util.TimeDuration.sleep(TimeDuration.java:309)
	at org.apache.ratis.server.impl.FollowerState.run(FollowerState.java:118)
2021-08-16 02:09:26,702 [e9132cce-c60f-4b85-98ff-6a1f5b0024c6@group-F9DBE6E145ED-FollowerState] INFO  impl.FollowerState (FollowerState.java:run(134)) - e9132cce-c60f-4b85-98ff-6a1f5b0024c6@group-F9DBE6E145ED-FollowerState: change to CANDIDATE, lastRpcElapsedTime:5197887229ns, electionTimeout:5186ms
2021-08-16 02:09:26,705 [e9132cce-c60f-4b85-98ff-6a1f5b0024c6@group-F9DBE6E145ED-FollowerState] INFO  impl.RoleInfo (RoleInfo.java:shutdownFollowerState(108)) - e9132cce-c60f-4b85-98ff-6a1f5b0024c6: shutdown e9132cce-c60f-4b85-98ff-6a1f5b0024c6@group-F9DBE6E145ED-FollowerState
2021-08-16 02:09:26,705 [e9132cce-c60f-4b85-98ff-6a1f5b0024c6@group-F9DBE6E145ED-FollowerState] INFO  server.RaftServer$Division (RaftServerImpl.java:setRole(285)) - e9132cce-c60f-4b85-98ff-6a1f5b0024c6@group-F9DBE6E145ED: changes role from  FOLLOWER to CANDIDATE at term 3 for changeToCandidate
2021-08-16 02:09:26,705 [e9132cce-c60f-4b85-98ff-6a1f5b0024c6@group-F9DBE6E145ED-FollowerState] INFO  server.RaftServerConfigKeys (ConfUtils.java:logGet(44)) - raft.server.leaderelection.pre-vote = false (custom)
2021-08-16 02:09:26,705 [e9132cce-c60f-4b85-98ff-6a1f5b0024c6@group-F9DBE6E145ED-FollowerState] INFO  impl.RoleInfo (RoleInfo.java:updateAndGet(130)) - e9132cce-c60f-4b85-98ff-6a1f5b0024c6: start e9132cce-c60f-4b85-98ff-6a1f5b0024c6@group-F9DBE6E145ED-LeaderElection12
2021-08-16 02:09:26,717 [e9132cce-c60f-4b85-98ff-6a1f5b0024c6@group-F9DBE6E145ED-LeaderElection12] INFO  impl.LeaderElection (LeaderElection.java:askForVotes(306)) - e9132cce-c60f-4b85-98ff-6a1f5b0024c6@group-F9DBE6E145ED-LeaderElection12 ELECTION round 0: submit vote requests at term 4 for -1: [bd4316f7-8522-4e92-952a-a3dfbeefbfef|rpc:10.1.0.7:40431|dataStream:|priority:0, 4c5d3f80-455e-48af-b42d-db12d94a5acc|rpc:10.1.0.7:38341|dataStream:|priority:0, e9132cce-c60f-4b85-98ff-6a1f5b0024c6|rpc:10.1.0.7:45089|dataStream:|priority:1], old=null
2021-08-16 02:09:26,717 [grpc-default-executor-0] INFO  server.RaftServer$Division (RaftServerImpl.java:requestVote(1043)) - e9132cce-c60f-4b85-98ff-6a1f5b0024c6@group-F9DBE6E145ED: receive requestVote(ELECTION, 4c5d3f80-455e-48af-b42d-db12d94a5acc, group-F9DBE6E145ED, 4, (t:0, i:0))
2021-08-16 02:09:26,717 [grpc-default-executor-0] INFO  impl.VoteContext (VoteContext.java:log(48)) - e9132cce-c60f-4b85-98ff-6a1f5b0024c6@group-F9DBE6E145ED-CANDIDATE: reject ELECTION from 4c5d3f80-455e-48af-b42d-db12d94a5acc: already has voted for e9132cce-c60f-4b85-98ff-6a1f5b0024c6 at current term 4
2021-08-16 02:09:26,717 [grpc-default-executor-0] INFO  server.RaftServer$Division (RaftServerImpl.java:requestVote(1075)) - e9132cce-c60f-4b85-98ff-6a1f5b0024c6@group-F9DBE6E145ED replies to ELECTION vote request: 4c5d3f80-455e-48af-b42d-db12d94a5acc<-e9132cce-c60f-4b85-98ff-6a1f5b0024c6#0:FAIL-t4. Peer's state: e9132cce-c60f-4b85-98ff-6a1f5b0024c6@group-F9DBE6E145ED:t4, leader=null, voted=e9132cce-c60f-4b85-98ff-6a1f5b0024c6, raftlog=e9132cce-c60f-4b85-98ff-6a1f5b0024c6@group-F9DBE6E145ED-SegmentedRaftLog:OPENED:c-1,f-1,i0, conf=-1: [bd4316f7-8522-4e92-952a-a3dfbeefbfef|rpc:10.1.0.7:40431|dataStream:|priority:0, 4c5d3f80-455e-48af-b42d-db12d94a5acc|rpc:10.1.0.7:38341|dataStream:|priority:0, e9132cce-c60f-4b85-98ff-6a1f5b0024c6|rpc:10.1.0.7:45089|dataStream:|priority:1], old=null
2021-08-16 02:09:26,727 [grpc-default-executor-1] INFO  server.RaftServer$Division (RaftServerImpl.java:requestVote(1075)) - bd4316f7-8522-4e92-952a-a3dfbeefbfef@group-F9DBE6E145ED replies to ELECTION vote request: 4c5d3f80-455e-48af-b42d-db12d94a5acc<-bd4316f7-8522-4e92-952a-a3dfbeefbfef#0:OK-t4. Peer's state: bd4316f7-8522-4e92-952a-a3dfbeefbfef@group-F9DBE6E145ED:t4, leader=null, voted=4c5d3f80-455e-48af-b42d-db12d94a5acc, raftlog=bd4316f7-8522-4e92-952a-a3dfbeefbfef@group-F9DBE6E145ED-SegmentedRaftLog:OPENED:c-1,f-1,i0, conf=-1: [bd4316f7-8522-4e92-952a-a3dfbeefbfef|rpc:10.1.0.7:40431|priority:0, 4c5d3f80-455e-48af-b42d-db12d94a5acc|rpc:10.1.0.7:38341|priority:0, e9132cce-c60f-4b85-98ff-6a1f5b0024c6|rpc:10.1.0.7:45089|priority:1], old=null
2021-08-16 02:09:26,729 [4c5d3f80-455e-48af-b42d-db12d94a5acc@group-F9DBE6E145ED-LeaderElection11] INFO  impl.LeaderElection (LeaderElection.java:logAndReturn(89)) - 4c5d3f80-455e-48af-b42d-db12d94a5acc@group-F9DBE6E145ED-LeaderElection11: ELECTION REJECTED received 1 response(s) and 0 exception(s):
2021-08-16 02:09:26,733 [grpc-default-executor-0] INFO  server.RaftServer$Division (RaftServerImpl.java:requestVote(1043)) - 4c5d3f80-455e-48af-b42d-db12d94a5acc@group-F9DBE6E145ED: receive requestVote(ELECTION, e9132cce-c60f-4b85-98ff-6a1f5b0024c6, group-F9DBE6E145ED, 4, (t:0, i:0))
2021-08-16 02:09:26,733 [4c5d3f80-455e-48af-b42d-db12d94a5acc@group-F9DBE6E145ED-LeaderElection11] INFO  impl.LeaderElection (LeaderElection.java:logAndReturn(93)) -   Response 0: 4c5d3f80-455e-48af-b42d-db12d94a5acc<-e9132cce-c60f-4b85-98ff-6a1f5b0024c6#0:FAIL-t4
2021-08-16 02:09:26,733 [4c5d3f80-455e-48af-b42d-db12d94a5acc@group-F9DBE6E145ED-LeaderElection11] INFO  impl.LeaderElection (LeaderElection.java:askForVotes(308)) - 4c5d3f80-455e-48af-b42d-db12d94a5acc@group-F9DBE6E145ED-LeaderElection11 ELECTION round 0: result REJECTED
2021-08-16 02:09:26,733 [grpc-default-executor-0] INFO  impl.VoteContext (VoteContext.java:log(48)) - 4c5d3f80-455e-48af-b42d-db12d94a5acc@group-F9DBE6E145ED-CANDIDATE: reject ELECTION from e9132cce-c60f-4b85-98ff-6a1f5b0024c6: already has voted for 4c5d3f80-455e-48af-b42d-db12d94a5acc at current term 4
2021-08-16 02:09:26,734 [grpc-default-executor-0] INFO  server.RaftServer$Division (RaftServerImpl.java:requestVote(1075)) - 4c5d3f80-455e-48af-b42d-db12d94a5acc@group-F9DBE6E145ED replies to ELECTION vote request: e9132cce-c60f-4b85-98ff-6a1f5b0024c6<-4c5d3f80-455e-48af-b42d-db12d94a5acc#0:FAIL-t4. Peer's state: 4c5d3f80-455e-48af-b42d-db12d94a5acc@group-F9DBE6E145ED:t4, leader=null, voted=4c5d3f80-455e-48af-b42d-db12d94a5acc, raftlog=4c5d3f80-455e-48af-b42d-db12d94a5acc@group-F9DBE6E145ED-SegmentedRaftLog:OPENED:c-1,f-1,i0, conf=-1: [bd4316f7-8522-4e92-952a-a3dfbeefbfef|rpc:10.1.0.7:40431|dataStream:|priority:0, 4c5d3f80-455e-48af-b42d-db12d94a5acc|rpc:10.1.0.7:38341|dataStream:|priority:0, e9132cce-c60f-4b85-98ff-6a1f5b0024c6|rpc:10.1.0.7:45089|dataStream:|priority:1], old=null
2021-08-16 02:09:26,734 [4c5d3f80-455e-48af-b42d-db12d94a5acc@group-F9DBE6E145ED-LeaderElection11] INFO  server.RaftServer$Division (RaftServerImpl.java:setRole(285)) - 4c5d3f80-455e-48af-b42d-db12d94a5acc@group-F9DBE6E145ED: changes role from CANDIDATE to FOLLOWER at term 4 for REJECTED
2021-08-16 02:09:26,734 [4c5d3f80-455e-48af-b42d-db12d94a5acc@group-F9DBE6E145ED-LeaderElection11] INFO  impl.RoleInfo (RoleInfo.java:shutdownLeaderElection(121)) - 4c5d3f80-455e-48af-b42d-db12d94a5acc: shutdown 4c5d3f80-455e-48af-b42d-db12d94a5acc@group-F9DBE6E145ED-LeaderElection11
2021-08-16 02:09:26,734 [4c5d3f80-455e-48af-b42d-db12d94a5acc@group-F9DBE6E145ED-LeaderElection11] INFO  impl.RoleInfo (RoleInfo.java:updateAndGet(130)) - 4c5d3f80-455e-48af-b42d-db12d94a5acc: start 4c5d3f80-455e-48af-b42d-db12d94a5acc@group-F9DBE6E145ED-FollowerState
2021-08-16 02:09:26,740 [grpc-default-executor-0] INFO  server.RaftServer$Division (RaftServerImpl.java:requestVote(1043)) - bd4316f7-8522-4e92-952a-a3dfbeefbfef@group-F9DBE6E145ED: receive requestVote(ELECTION, e9132cce-c60f-4b85-98ff-6a1f5b0024c6, group-F9DBE6E145ED, 4, (t:0, i:0))
2021-08-16 02:09:26,750 [grpc-default-executor-0] INFO  impl.VoteContext (VoteContext.java:log(48)) - bd4316f7-8522-4e92-952a-a3dfbeefbfef@group-F9DBE6E145ED-FOLLOWER: reject ELECTION from e9132cce-c60f-4b85-98ff-6a1f5b0024c6: already has voted for 4c5d3f80-455e-48af-b42d-db12d94a5acc at current term 4
2021-08-16 02:09:26,750 [grpc-default-executor-0] INFO  server.RaftServer$Division (RaftServerImpl.java:requestVote(1075)) - bd4316f7-8522-4e92-952a-a3dfbeefbfef@group-F9DBE6E145ED replies to ELECTION vote request: e9132cce-c60f-4b85-98ff-6a1f5b0024c6<-bd4316f7-8522-4e92-952a-a3dfbeefbfef#0:FAIL-t4. Peer's state: bd4316f7-8522-4e92-952a-a3dfbeefbfef@group-F9DBE6E145ED:t4, leader=null, voted=4c5d3f80-455e-48af-b42d-db12d94a5acc, raftlog=bd4316f7-8522-4e92-952a-a3dfbeefbfef@group-F9DBE6E145ED-SegmentedRaftLog:OPENED:c-1,f-1,i0, conf=-1: [bd4316f7-8522-4e92-952a-a3dfbeefbfef|rpc:10.1.0.7:40431|priority:0, 4c5d3f80-455e-48af-b42d-db12d94a5acc|rpc:10.1.0.7:38341|priority:0, e9132cce-c60f-4b85-98ff-6a1f5b0024c6|rpc:10.1.0.7:45089|priority:1], old=null
2021-08-16 02:09:26,761 [e9132cce-c60f-4b85-98ff-6a1f5b0024c6@group-F9DBE6E145ED-LeaderElection12] INFO  impl.LeaderElection (LeaderElection.java:logAndReturn(89)) - e9132cce-c60f-4b85-98ff-6a1f5b0024c6@group-F9DBE6E145ED-LeaderElection12: ELECTION REJECTED received 2 response(s) and 0 exception(s):
2021-08-16 02:09:26,761 [e9132cce-c60f-4b85-98ff-6a1f5b0024c6@group-F9DBE6E145ED-LeaderElection12] INFO  impl.LeaderElection (LeaderElection.java:logAndReturn(93)) -   Response 0: e9132cce-c60f-4b85-98ff-6a1f5b0024c6<-bd4316f7-8522-4e92-952a-a3dfbeefbfef#0:FAIL-t4
2021-08-16 02:09:26,761 [e9132cce-c60f-4b85-98ff-6a1f5b0024c6@group-F9DBE6E145ED-LeaderElection12] INFO  impl.LeaderElection (LeaderElection.java:logAndReturn(93)) -   Response 1: e9132cce-c60f-4b85-98ff-6a1f5b0024c6<-4c5d3f80-455e-48af-b42d-db12d94a5acc#0:FAIL-t4
2021-08-16 02:09:26,762 [e9132cce-c60f-4b85-98ff-6a1f5b0024c6@group-F9DBE6E145ED-LeaderElection12] INFO  impl.LeaderElection (LeaderElection.java:askForVotes(308)) - e9132cce-c60f-4b85-98ff-6a1f5b0024c6@group-F9DBE6E145ED-LeaderElection12 ELECTION round 0: result REJECTED
2021-08-16 02:09:26,762 [e9132cce-c60f-4b85-98ff-6a1f5b0024c6@group-F9DBE6E145ED-LeaderElection12] INFO  server.RaftServer$Division (RaftServerImpl.java:setRole(285)) - e9132cce-c60f-4b85-98ff-6a1f5b0024c6@group-F9DBE6E145ED: changes role from CANDIDATE to FOLLOWER at term 4 for REJECTED
2021-08-16 02:09:26,762 [e9132cce-c60f-4b85-98ff-6a1f5b0024c6@group-F9DBE6E145ED-LeaderElection12] INFO  impl.RoleInfo (RoleInfo.java:shutdownLeaderElection(121)) - e9132cce-c60f-4b85-98ff-6a1f5b0024c6: shutdown e9132cce-c60f-4b85-98ff-6a1f5b0024c6@group-F9DBE6E145ED-LeaderElection12
2021-08-16 02:09:26,762 [e9132cce-c60f-4b85-98ff-6a1f5b0024c6@group-F9DBE6E145ED-LeaderElection12] INFO  impl.RoleInfo (RoleInfo.java:updateAndGet(130)) - e9132cce-c60f-4b85-98ff-6a1f5b0024c6: start e9132cce-c60f-4b85-98ff-6a1f5b0024c6@group-F9DBE6E145ED-FollowerState
2021-08-16 02:09:27,019 [Listener at 127.0.0.1/42687] INFO  ozone.MiniOzoneClusterImpl (MiniOzoneClusterImpl.java:lambda$waitForClusterToBeReady$0(235)) - Nodes are ready. Got 3 of 3 DN Heartbeats.
2021-08-16 02:09:27,020 [Listener at 127.0.0.1/42687] INFO  ozone.MiniOzoneClusterImpl (MiniOzoneClusterImpl.java:lambda$waitForClusterToBeReady$0(238)) - Waiting for cluster to exit safe mode
2021-08-16 02:09:27,020 [Listener at 127.0.0.1/42687] INFO  ozone.MiniOzoneClusterImpl (MiniOzoneClusterImpl.java:lambda$waitForClusterToBeReady$0(240)) - SCM became leader
2021-08-16 02:09:28,021 [Listener at 127.0.0.1/42687] INFO  ozone.MiniOzoneClusterImpl (MiniOzoneClusterImpl.java:lambda$waitForClusterToBeReady$0(235)) - Nodes are ready. Got 3 of 3 DN Heartbeats.
2021-08-16 02:09:28,021 [Listener at 127.0.0.1/42687] INFO  ozone.MiniOzoneClusterImpl (MiniOzoneClusterImpl.java:lambda$waitForClusterToBeReady$0(238)) - Waiting for cluster to exit safe mode
2021-08-16 02:09:28,021 [Listener at 127.0.0.1/42687] INFO  ozone.MiniOzoneClusterImpl (MiniOzoneClusterImpl.java:lambda$waitForClusterToBeReady$0(240)) - SCM became leader
2021-08-16 02:09:29,021 [Listener at 127.0.0.1/42687] INFO  ozone.MiniOzoneClusterImpl (MiniOzoneClusterImpl.java:lambda$waitForClusterToBeReady$0(235)) - Nodes are ready. Got 3 of 3 DN Heartbeats.
2021-08-16 02:09:29,021 [Listener at 127.0.0.1/42687] INFO  ozone.MiniOzoneClusterImpl (MiniOzoneClusterImpl.java:lambda$waitForClusterToBeReady$0(238)) - Waiting for cluster to exit safe mode
2021-08-16 02:09:29,021 [Listener at 127.0.0.1/42687] INFO  ozone.MiniOzoneClusterImpl (MiniOzoneClusterImpl.java:lambda$waitForClusterToBeReady$0(240)) - SCM became leader
2021-08-16 02:09:30,022 [Listener at 127.0.0.1/42687] INFO  ozone.MiniOzoneClusterImpl (MiniOzoneClusterImpl.java:lambda$waitForClusterToBeReady$0(235)) - Nodes are ready. Got 3 of 3 DN Heartbeats.
2021-08-16 02:09:30,022 [Listener at 127.0.0.1/42687] INFO  ozone.MiniOzoneClusterImpl (MiniOzoneClusterImpl.java:lambda$waitForClusterToBeReady$0(238)) - Waiting for cluster to exit safe mode
2021-08-16 02:09:30,022 [Listener at 127.0.0.1/42687] INFO  ozone.MiniOzoneClusterImpl (MiniOzoneClusterImpl.java:lambda$waitForClusterToBeReady$0(240)) - SCM became leader
2021-08-16 02:09:31,022 [Listener at 127.0.0.1/42687] INFO  ozone.MiniOzoneClusterImpl (MiniOzoneClusterImpl.java:lambda$waitForClusterToBeReady$0(235)) - Nodes are ready. Got 3 of 3 DN Heartbeats.
2021-08-16 02:09:31,022 [Listener at 127.0.0.1/42687] INFO  ozone.MiniOzoneClusterImpl (MiniOzoneClusterImpl.java:lambda$waitForClusterToBeReady$0(238)) - Waiting for cluster to exit safe mode
2021-08-16 02:09:31,023 [Listener at 127.0.0.1/42687] INFO  ozone.MiniOzoneClusterImpl (MiniOzoneClusterImpl.java:lambda$waitForClusterToBeReady$0(240)) - SCM became leader
2021-08-16 02:09:31,784 [4c5d3f80-455e-48af-b42d-db12d94a5acc@group-F9DBE6E145ED-FollowerState] INFO  impl.FollowerState (FollowerState.java:run(134)) - 4c5d3f80-455e-48af-b42d-db12d94a5acc@group-F9DBE6E145ED-FollowerState: change to CANDIDATE, lastRpcElapsedTime:5049588275ns, electionTimeout:5049ms
2021-08-16 02:09:31,784 [4c5d3f80-455e-48af-b42d-db12d94a5acc@group-F9DBE6E145ED-FollowerState] INFO  impl.RoleInfo (RoleInfo.java:shutdownFollowerState(108)) - 4c5d3f80-455e-48af-b42d-db12d94a5acc: shutdown 4c5d3f80-455e-48af-b42d-db12d94a5acc@group-F9DBE6E145ED-FollowerState
2021-08-16 02:09:31,784 [4c5d3f80-455e-48af-b42d-db12d94a5acc@group-F9DBE6E145ED-FollowerState] INFO  server.RaftServer$Division (RaftServerImpl.java:setRole(285)) - 4c5d3f80-455e-48af-b42d-db12d94a5acc@group-F9DBE6E145ED: changes role from  FOLLOWER to CANDIDATE at term 4 for changeToCandidate
2021-08-16 02:09:31,784 [4c5d3f80-455e-48af-b42d-db12d94a5acc@group-F9DBE6E145ED-FollowerState] INFO  server.RaftServerConfigKeys (ConfUtils.java:logGet(44)) - raft.server.leaderelection.pre-vote = false (custom)
2021-08-16 02:09:31,784 [4c5d3f80-455e-48af-b42d-db12d94a5acc@group-F9DBE6E145ED-FollowerState] INFO  impl.RoleInfo (RoleInfo.java:updateAndGet(130)) - 4c5d3f80-455e-48af-b42d-db12d94a5acc: start 4c5d3f80-455e-48af-b42d-db12d94a5acc@group-F9DBE6E145ED-LeaderElection13
2021-08-16 02:09:31,819 [4c5d3f80-455e-48af-b42d-db12d94a5acc@group-F9DBE6E145ED-LeaderElection13] INFO  impl.LeaderElection (LeaderElection.java:askForVotes(306)) - 4c5d3f80-455e-48af-b42d-db12d94a5acc@group-F9DBE6E145ED-LeaderElection13 ELECTION round 0: submit vote requests at term 5 for -1: [bd4316f7-8522-4e92-952a-a3dfbeefbfef|rpc:10.1.0.7:40431|dataStream:|priority:0, 4c5d3f80-455e-48af-b42d-db12d94a5acc|rpc:10.1.0.7:38341|dataStream:|priority:0, e9132cce-c60f-4b85-98ff-6a1f5b0024c6|rpc:10.1.0.7:45089|dataStream:|priority:1], old=null
2021-08-16 02:09:31,826 [grpc-default-executor-0] INFO  server.RaftServer$Division (RaftServerImpl.java:requestVote(1043)) - bd4316f7-8522-4e92-952a-a3dfbeefbfef@group-F9DBE6E145ED: receive requestVote(ELECTION, 4c5d3f80-455e-48af-b42d-db12d94a5acc, group-F9DBE6E145ED, 5, (t:0, i:0))
2021-08-16 02:09:31,826 [grpc-default-executor-0] INFO  impl.VoteContext (VoteContext.java:log(48)) - bd4316f7-8522-4e92-952a-a3dfbeefbfef@group-F9DBE6E145ED-FOLLOWER: accept ELECTION from 4c5d3f80-455e-48af-b42d-db12d94a5acc: our priority 0 <= candidate's priority 0
2021-08-16 02:09:31,826 [grpc-default-executor-0] INFO  server.RaftServer$Division (RaftServerImpl.java:setRole(285)) - bd4316f7-8522-4e92-952a-a3dfbeefbfef@group-F9DBE6E145ED: changes role from  FOLLOWER to FOLLOWER at term 5 for candidate:4c5d3f80-455e-48af-b42d-db12d94a5acc
2021-08-16 02:09:31,826 [grpc-default-executor-0] INFO  impl.RoleInfo (RoleInfo.java:shutdownFollowerState(108)) - bd4316f7-8522-4e92-952a-a3dfbeefbfef: shutdown bd4316f7-8522-4e92-952a-a3dfbeefbfef@group-F9DBE6E145ED-FollowerState
2021-08-16 02:09:31,826 [grpc-default-executor-0] INFO  impl.RoleInfo (RoleInfo.java:updateAndGet(130)) - bd4316f7-8522-4e92-952a-a3dfbeefbfef: start bd4316f7-8522-4e92-952a-a3dfbeefbfef@group-F9DBE6E145ED-FollowerState
2021-08-16 02:09:31,826 [bd4316f7-8522-4e92-952a-a3dfbeefbfef@group-F9DBE6E145ED-FollowerState] INFO  impl.FollowerState (FollowerState.java:run(143)) - bd4316f7-8522-4e92-952a-a3dfbeefbfef@group-F9DBE6E145ED-FollowerState was interrupted: {}
java.lang.InterruptedException: sleep interrupted
	at java.lang.Thread.sleep(Native Method)
	at java.lang.Thread.sleep(Thread.java:340)
	at java.util.concurrent.TimeUnit.sleep(TimeUnit.java:386)
	at org.apache.ratis.util.TimeDuration.sleep(TimeDuration.java:324)
	at org.apache.ratis.util.TimeDuration.sleep(TimeDuration.java:309)
	at org.apache.ratis.server.impl.FollowerState.run(FollowerState.java:118)
2021-08-16 02:09:31,841 [grpc-default-executor-0] INFO  server.RaftServer$Division (RaftServerImpl.java:requestVote(1075)) - bd4316f7-8522-4e92-952a-a3dfbeefbfef@group-F9DBE6E145ED replies to ELECTION vote request: 4c5d3f80-455e-48af-b42d-db12d94a5acc<-bd4316f7-8522-4e92-952a-a3dfbeefbfef#0:OK-t5. Peer's state: bd4316f7-8522-4e92-952a-a3dfbeefbfef@group-F9DBE6E145ED:t5, leader=null, voted=4c5d3f80-455e-48af-b42d-db12d94a5acc, raftlog=bd4316f7-8522-4e92-952a-a3dfbeefbfef@group-F9DBE6E145ED-SegmentedRaftLog:OPENED:c-1,f-1,i0, conf=-1: [bd4316f7-8522-4e92-952a-a3dfbeefbfef|rpc:10.1.0.7:40431|priority:0, 4c5d3f80-455e-48af-b42d-db12d94a5acc|rpc:10.1.0.7:38341|priority:0, e9132cce-c60f-4b85-98ff-6a1f5b0024c6|rpc:10.1.0.7:45089|priority:1], old=null
2021-08-16 02:09:31,836 [e9132cce-c60f-4b85-98ff-6a1f5b0024c6@group-F9DBE6E145ED-FollowerState] INFO  impl.FollowerState (FollowerState.java:run(134)) - e9132cce-c60f-4b85-98ff-6a1f5b0024c6@group-F9DBE6E145ED-FollowerState: change to CANDIDATE, lastRpcElapsedTime:5074313169ns, electionTimeout:5072ms
2021-08-16 02:09:31,841 [e9132cce-c60f-4b85-98ff-6a1f5b0024c6@group-F9DBE6E145ED-FollowerState] INFO  impl.RoleInfo (RoleInfo.java:shutdownFollowerState(108)) - e9132cce-c60f-4b85-98ff-6a1f5b0024c6: shutdown e9132cce-c60f-4b85-98ff-6a1f5b0024c6@group-F9DBE6E145ED-FollowerState
2021-08-16 02:09:31,841 [e9132cce-c60f-4b85-98ff-6a1f5b0024c6@group-F9DBE6E145ED-FollowerState] INFO  server.RaftServer$Division (RaftServerImpl.java:setRole(285)) - e9132cce-c60f-4b85-98ff-6a1f5b0024c6@group-F9DBE6E145ED: changes role from  FOLLOWER to CANDIDATE at term 4 for changeToCandidate
2021-08-16 02:09:31,841 [e9132cce-c60f-4b85-98ff-6a1f5b0024c6@group-F9DBE6E145ED-FollowerState] INFO  server.RaftServerConfigKeys (ConfUtils.java:logGet(44)) - raft.server.leaderelection.pre-vote = false (custom)
2021-08-16 02:09:31,841 [e9132cce-c60f-4b85-98ff-6a1f5b0024c6@group-F9DBE6E145ED-FollowerState] INFO  impl.RoleInfo (RoleInfo.java:updateAndGet(130)) - e9132cce-c60f-4b85-98ff-6a1f5b0024c6: start e9132cce-c60f-4b85-98ff-6a1f5b0024c6@group-F9DBE6E145ED-LeaderElection14
2021-08-16 02:09:31,853 [grpc-default-executor-0] INFO  server.RaftServer$Division (RaftServerImpl.java:requestVote(1043)) - e9132cce-c60f-4b85-98ff-6a1f5b0024c6@group-F9DBE6E145ED: receive requestVote(ELECTION, 4c5d3f80-455e-48af-b42d-db12d94a5acc, group-F9DBE6E145ED, 5, (t:0, i:0))
2021-08-16 02:09:31,861 [grpc-default-executor-0] INFO  impl.VoteContext (VoteContext.java:log(48)) - e9132cce-c60f-4b85-98ff-6a1f5b0024c6@group-F9DBE6E145ED-CANDIDATE: reject ELECTION from 4c5d3f80-455e-48af-b42d-db12d94a5acc: our priority 1 > candidate's priority 0
2021-08-16 02:09:31,861 [grpc-default-executor-0] INFO  server.RaftServer$Division (RaftServerImpl.java:setRole(285)) - e9132cce-c60f-4b85-98ff-6a1f5b0024c6@group-F9DBE6E145ED: changes role from CANDIDATE to FOLLOWER at term 5 for candidate:4c5d3f80-455e-48af-b42d-db12d94a5acc
2021-08-16 02:09:31,861 [grpc-default-executor-0] INFO  impl.RoleInfo (RoleInfo.java:shutdownLeaderElection(121)) - e9132cce-c60f-4b85-98ff-6a1f5b0024c6: shutdown e9132cce-c60f-4b85-98ff-6a1f5b0024c6@group-F9DBE6E145ED-LeaderElection14
2021-08-16 02:09:31,861 [grpc-default-executor-0] INFO  impl.RoleInfo (RoleInfo.java:updateAndGet(130)) - e9132cce-c60f-4b85-98ff-6a1f5b0024c6: start e9132cce-c60f-4b85-98ff-6a1f5b0024c6@group-F9DBE6E145ED-FollowerState
2021-08-16 02:09:31,862 [e9132cce-c60f-4b85-98ff-6a1f5b0024c6@group-F9DBE6E145ED-LeaderElection14] INFO  impl.LeaderElection (LeaderElection.java:run(230)) - e9132cce-c60f-4b85-98ff-6a1f5b0024c6@group-F9DBE6E145ED-LeaderElection14: skip running since this is already CLOSING
2021-08-16 02:09:31,864 [grpc-default-executor-0] INFO  server.RaftServer$Division (RaftServerImpl.java:requestVote(1075)) - e9132cce-c60f-4b85-98ff-6a1f5b0024c6@group-F9DBE6E145ED replies to ELECTION vote request: 4c5d3f80-455e-48af-b42d-db12d94a5acc<-e9132cce-c60f-4b85-98ff-6a1f5b0024c6#0:FAIL-t5. Peer's state: e9132cce-c60f-4b85-98ff-6a1f5b0024c6@group-F9DBE6E145ED:t5, leader=null, voted=null, raftlog=e9132cce-c60f-4b85-98ff-6a1f5b0024c6@group-F9DBE6E145ED-SegmentedRaftLog:OPENED:c-1,f-1,i0, conf=-1: [bd4316f7-8522-4e92-952a-a3dfbeefbfef|rpc:10.1.0.7:40431|dataStream:|priority:0, 4c5d3f80-455e-48af-b42d-db12d94a5acc|rpc:10.1.0.7:38341|dataStream:|priority:0, e9132cce-c60f-4b85-98ff-6a1f5b0024c6|rpc:10.1.0.7:45089|dataStream:|priority:1], old=null
2021-08-16 02:09:31,865 [4c5d3f80-455e-48af-b42d-db12d94a5acc@group-F9DBE6E145ED-LeaderElection13] INFO  impl.LeaderElection (LeaderElection.java:logAndReturn(89)) - 4c5d3f80-455e-48af-b42d-db12d94a5acc@group-F9DBE6E145ED-LeaderElection13: ELECTION REJECTED received 2 response(s) and 0 exception(s):
2021-08-16 02:09:31,865 [4c5d3f80-455e-48af-b42d-db12d94a5acc@group-F9DBE6E145ED-LeaderElection13] INFO  impl.LeaderElection (LeaderElection.java:logAndReturn(93)) -   Response 0: 4c5d3f80-455e-48af-b42d-db12d94a5acc<-bd4316f7-8522-4e92-952a-a3dfbeefbfef#0:OK-t5
2021-08-16 02:09:31,865 [4c5d3f80-455e-48af-b42d-db12d94a5acc@group-F9DBE6E145ED-LeaderElection13] INFO  impl.LeaderElection (LeaderElection.java:logAndReturn(93)) -   Response 1: 4c5d3f80-455e-48af-b42d-db12d94a5acc<-e9132cce-c60f-4b85-98ff-6a1f5b0024c6#0:FAIL-t5
2021-08-16 02:09:31,865 [4c5d3f80-455e-48af-b42d-db12d94a5acc@group-F9DBE6E145ED-LeaderElection13] INFO  impl.LeaderElection (LeaderElection.java:askForVotes(308)) - 4c5d3f80-455e-48af-b42d-db12d94a5acc@group-F9DBE6E145ED-LeaderElection13 ELECTION round 0: result REJECTED
2021-08-16 02:09:31,865 [4c5d3f80-455e-48af-b42d-db12d94a5acc@group-F9DBE6E145ED-LeaderElection13] INFO  server.RaftServer$Division (RaftServerImpl.java:setRole(285)) - 4c5d3f80-455e-48af-b42d-db12d94a5acc@group-F9DBE6E145ED: changes role from CANDIDATE to FOLLOWER at term 5 for REJECTED
2021-08-16 02:09:31,865 [4c5d3f80-455e-48af-b42d-db12d94a5acc@group-F9DBE6E145ED-LeaderElection13] INFO  impl.RoleInfo (RoleInfo.java:shutdownLeaderElection(121)) - 4c5d3f80-455e-48af-b42d-db12d94a5acc: shutdown 4c5d3f80-455e-48af-b42d-db12d94a5acc@group-F9DBE6E145ED-LeaderElection13
2021-08-16 02:09:31,865 [4c5d3f80-455e-48af-b42d-db12d94a5acc@group-F9DBE6E145ED-LeaderElection13] INFO  impl.RoleInfo (RoleInfo.java:updateAndGet(130)) - 4c5d3f80-455e-48af-b42d-db12d94a5acc: start 4c5d3f80-455e-48af-b42d-db12d94a5acc@group-F9DBE6E145ED-FollowerState
2021-08-16 02:09:32,023 [Listener at 127.0.0.1/42687] INFO  ozone.MiniOzoneClusterImpl (MiniOzoneClusterImpl.java:lambda$waitForClusterToBeReady$0(235)) - Nodes are ready. Got 3 of 3 DN Heartbeats.
2021-08-16 02:09:32,025 [Listener at 127.0.0.1/42687] INFO  ozone.MiniOzoneClusterImpl (MiniOzoneClusterImpl.java:lambda$waitForClusterToBeReady$0(238)) - Waiting for cluster to exit safe mode
2021-08-16 02:09:32,025 [Listener at 127.0.0.1/42687] INFO  ozone.MiniOzoneClusterImpl (MiniOzoneClusterImpl.java:lambda$waitForClusterToBeReady$0(240)) - SCM became leader
2021-08-16 02:09:33,025 [Listener at 127.0.0.1/42687] INFO  ozone.MiniOzoneClusterImpl (MiniOzoneClusterImpl.java:lambda$waitForClusterToBeReady$0(235)) - Nodes are ready. Got 3 of 3 DN Heartbeats.
2021-08-16 02:09:33,026 [Listener at 127.0.0.1/42687] INFO  ozone.MiniOzoneClusterImpl (MiniOzoneClusterImpl.java:lambda$waitForClusterToBeReady$0(238)) - Waiting for cluster to exit safe mode
2021-08-16 02:09:33,026 [Listener at 127.0.0.1/42687] INFO  ozone.MiniOzoneClusterImpl (MiniOzoneClusterImpl.java:lambda$waitForClusterToBeReady$0(240)) - SCM became leader
2021-08-16 02:09:34,026 [Listener at 127.0.0.1/42687] INFO  ozone.MiniOzoneClusterImpl (MiniOzoneClusterImpl.java:lambda$waitForClusterToBeReady$0(235)) - Nodes are ready. Got 3 of 3 DN Heartbeats.
2021-08-16 02:09:34,026 [Listener at 127.0.0.1/42687] INFO  ozone.MiniOzoneClusterImpl (MiniOzoneClusterImpl.java:lambda$waitForClusterToBeReady$0(238)) - Waiting for cluster to exit safe mode
2021-08-16 02:09:34,026 [Listener at 127.0.0.1/42687] INFO  ozone.MiniOzoneClusterImpl (MiniOzoneClusterImpl.java:lambda$waitForClusterToBeReady$0(240)) - SCM became leader
2021-08-16 02:09:35,026 [Listener at 127.0.0.1/42687] INFO  ozone.MiniOzoneClusterImpl (MiniOzoneClusterImpl.java:lambda$waitForClusterToBeReady$0(235)) - Nodes are ready. Got 3 of 3 DN Heartbeats.
2021-08-16 02:09:35,027 [Listener at 127.0.0.1/42687] INFO  ozone.MiniOzoneClusterImpl (MiniOzoneClusterImpl.java:lambda$waitForClusterToBeReady$0(238)) - Waiting for cluster to exit safe mode
2021-08-16 02:09:35,027 [Listener at 127.0.0.1/42687] INFO  ozone.MiniOzoneClusterImpl (MiniOzoneClusterImpl.java:lambda$waitForClusterToBeReady$0(240)) - SCM became leader
2021-08-16 02:09:36,027 [Listener at 127.0.0.1/42687] INFO  ozone.MiniOzoneClusterImpl (MiniOzoneClusterImpl.java:lambda$waitForClusterToBeReady$0(235)) - Nodes are ready. Got 3 of 3 DN Heartbeats.
2021-08-16 02:09:36,027 [Listener at 127.0.0.1/42687] INFO  ozone.MiniOzoneClusterImpl (MiniOzoneClusterImpl.java:lambda$waitForClusterToBeReady$0(238)) - Waiting for cluster to exit safe mode
2021-08-16 02:09:36,027 [Listener at 127.0.0.1/42687] INFO  ozone.MiniOzoneClusterImpl (MiniOzoneClusterImpl.java:lambda$waitForClusterToBeReady$0(240)) - SCM became leader
2021-08-16 02:09:36,893 [e9132cce-c60f-4b85-98ff-6a1f5b0024c6@group-F9DBE6E145ED-FollowerState] INFO  impl.FollowerState (FollowerState.java:run(134)) - e9132cce-c60f-4b85-98ff-6a1f5b0024c6@group-F9DBE6E145ED-FollowerState: change to CANDIDATE, lastRpcElapsedTime:5031705644ns, electionTimeout:5031ms
2021-08-16 02:09:36,900 [e9132cce-c60f-4b85-98ff-6a1f5b0024c6@group-F9DBE6E145ED-FollowerState] INFO  impl.RoleInfo (RoleInfo.java:shutdownFollowerState(108)) - e9132cce-c60f-4b85-98ff-6a1f5b0024c6: shutdown e9132cce-c60f-4b85-98ff-6a1f5b0024c6@group-F9DBE6E145ED-FollowerState
2021-08-16 02:09:36,900 [e9132cce-c60f-4b85-98ff-6a1f5b0024c6@group-F9DBE6E145ED-FollowerState] INFO  server.RaftServer$Division (RaftServerImpl.java:setRole(285)) - e9132cce-c60f-4b85-98ff-6a1f5b0024c6@group-F9DBE6E145ED: changes role from  FOLLOWER to CANDIDATE at term 5 for changeToCandidate
2021-08-16 02:09:36,900 [e9132cce-c60f-4b85-98ff-6a1f5b0024c6@group-F9DBE6E145ED-FollowerState] INFO  server.RaftServerConfigKeys (ConfUtils.java:logGet(44)) - raft.server.leaderelection.pre-vote = false (custom)
2021-08-16 02:09:36,900 [e9132cce-c60f-4b85-98ff-6a1f5b0024c6@group-F9DBE6E145ED-FollowerState] INFO  impl.RoleInfo (RoleInfo.java:updateAndGet(130)) - e9132cce-c60f-4b85-98ff-6a1f5b0024c6: start e9132cce-c60f-4b85-98ff-6a1f5b0024c6@group-F9DBE6E145ED-LeaderElection15
2021-08-16 02:09:36,915 [4c5d3f80-455e-48af-b42d-db12d94a5acc@group-F9DBE6E145ED-FollowerState] INFO  impl.FollowerState (FollowerState.java:run(134)) - 4c5d3f80-455e-48af-b42d-db12d94a5acc@group-F9DBE6E145ED-FollowerState: change to CANDIDATE, lastRpcElapsedTime:5049504536ns, electionTimeout:5027ms
2021-08-16 02:09:36,915 [4c5d3f80-455e-48af-b42d-db12d94a5acc@group-F9DBE6E145ED-FollowerState] INFO  impl.RoleInfo (RoleInfo.java:shutdownFollowerState(108)) - 4c5d3f80-455e-48af-b42d-db12d94a5acc: shutdown 4c5d3f80-455e-48af-b42d-db12d94a5acc@group-F9DBE6E145ED-FollowerState
2021-08-16 02:09:36,915 [4c5d3f80-455e-48af-b42d-db12d94a5acc@group-F9DBE6E145ED-FollowerState] INFO  server.RaftServer$Division (RaftServerImpl.java:setRole(285)) - 4c5d3f80-455e-48af-b42d-db12d94a5acc@group-F9DBE6E145ED: changes role from  FOLLOWER to CANDIDATE at term 5 for changeToCandidate
2021-08-16 02:09:36,915 [4c5d3f80-455e-48af-b42d-db12d94a5acc@group-F9DBE6E145ED-FollowerState] INFO  server.RaftServerConfigKeys (ConfUtils.java:logGet(44)) - raft.server.leaderelection.pre-vote = false (custom)
2021-08-16 02:09:36,915 [4c5d3f80-455e-48af-b42d-db12d94a5acc@group-F9DBE6E145ED-FollowerState] INFO  impl.RoleInfo (RoleInfo.java:updateAndGet(130)) - 4c5d3f80-455e-48af-b42d-db12d94a5acc: start 4c5d3f80-455e-48af-b42d-db12d94a5acc@group-F9DBE6E145ED-LeaderElection16
2021-08-16 02:09:36,921 [e9132cce-c60f-4b85-98ff-6a1f5b0024c6@group-F9DBE6E145ED-LeaderElection15] INFO  impl.LeaderElection (LeaderElection.java:askForVotes(306)) - e9132cce-c60f-4b85-98ff-6a1f5b0024c6@group-F9DBE6E145ED-LeaderElection15 ELECTION round 0: submit vote requests at term 6 for -1: [bd4316f7-8522-4e92-952a-a3dfbeefbfef|rpc:10.1.0.7:40431|dataStream:|priority:0, 4c5d3f80-455e-48af-b42d-db12d94a5acc|rpc:10.1.0.7:38341|dataStream:|priority:0, e9132cce-c60f-4b85-98ff-6a1f5b0024c6|rpc:10.1.0.7:45089|dataStream:|priority:1], old=null
2021-08-16 02:09:36,941 [grpc-default-executor-0] INFO  server.RaftServer$Division (RaftServerImpl.java:requestVote(1043)) - bd4316f7-8522-4e92-952a-a3dfbeefbfef@group-F9DBE6E145ED: receive requestVote(ELECTION, e9132cce-c60f-4b85-98ff-6a1f5b0024c6, group-F9DBE6E145ED, 6, (t:0, i:0))
2021-08-16 02:09:36,941 [grpc-default-executor-0] INFO  impl.VoteContext (VoteContext.java:log(48)) - bd4316f7-8522-4e92-952a-a3dfbeefbfef@group-F9DBE6E145ED-FOLLOWER: accept ELECTION from e9132cce-c60f-4b85-98ff-6a1f5b0024c6: our priority 0 <= candidate's priority 1
2021-08-16 02:09:36,941 [grpc-default-executor-0] INFO  server.RaftServer$Division (RaftServerImpl.java:setRole(285)) - bd4316f7-8522-4e92-952a-a3dfbeefbfef@group-F9DBE6E145ED: changes role from  FOLLOWER to FOLLOWER at term 6 for candidate:e9132cce-c60f-4b85-98ff-6a1f5b0024c6
2021-08-16 02:09:36,941 [grpc-default-executor-0] INFO  impl.RoleInfo (RoleInfo.java:shutdownFollowerState(108)) - bd4316f7-8522-4e92-952a-a3dfbeefbfef: shutdown bd4316f7-8522-4e92-952a-a3dfbeefbfef@group-F9DBE6E145ED-FollowerState
2021-08-16 02:09:36,941 [grpc-default-executor-0] INFO  impl.RoleInfo (RoleInfo.java:updateAndGet(130)) - bd4316f7-8522-4e92-952a-a3dfbeefbfef: start bd4316f7-8522-4e92-952a-a3dfbeefbfef@group-F9DBE6E145ED-FollowerState
2021-08-16 02:09:36,944 [bd4316f7-8522-4e92-952a-a3dfbeefbfef@group-F9DBE6E145ED-FollowerState] INFO  impl.FollowerState (FollowerState.java:run(143)) - bd4316f7-8522-4e92-952a-a3dfbeefbfef@group-F9DBE6E145ED-FollowerState was interrupted: {}
java.lang.InterruptedException: sleep interrupted
	at java.lang.Thread.sleep(Native Method)
	at java.lang.Thread.sleep(Thread.java:340)
	at java.util.concurrent.TimeUnit.sleep(TimeUnit.java:386)
	at org.apache.ratis.util.TimeDuration.sleep(TimeDuration.java:324)
	at org.apache.ratis.util.TimeDuration.sleep(TimeDuration.java:309)
	at org.apache.ratis.server.impl.FollowerState.run(FollowerState.java:118)
2021-08-16 02:09:36,949 [4c5d3f80-455e-48af-b42d-db12d94a5acc@group-F9DBE6E145ED-LeaderElection16] INFO  impl.LeaderElection (LeaderElection.java:askForVotes(306)) - 4c5d3f80-455e-48af-b42d-db12d94a5acc@group-F9DBE6E145ED-LeaderElection16 ELECTION round 0: submit vote requests at term 6 for -1: [bd4316f7-8522-4e92-952a-a3dfbeefbfef|rpc:10.1.0.7:40431|dataStream:|priority:0, 4c5d3f80-455e-48af-b42d-db12d94a5acc|rpc:10.1.0.7:38341|dataStream:|priority:0, e9132cce-c60f-4b85-98ff-6a1f5b0024c6|rpc:10.1.0.7:45089|dataStream:|priority:1], old=null
2021-08-16 02:09:36,949 [grpc-default-executor-0] INFO  server.RaftServer$Division (RaftServerImpl.java:requestVote(1075)) - bd4316f7-8522-4e92-952a-a3dfbeefbfef@group-F9DBE6E145ED replies to ELECTION vote request: e9132cce-c60f-4b85-98ff-6a1f5b0024c6<-bd4316f7-8522-4e92-952a-a3dfbeefbfef#0:OK-t6. Peer's state: bd4316f7-8522-4e92-952a-a3dfbeefbfef@group-F9DBE6E145ED:t6, leader=null, voted=e9132cce-c60f-4b85-98ff-6a1f5b0024c6, raftlog=bd4316f7-8522-4e92-952a-a3dfbeefbfef@group-F9DBE6E145ED-SegmentedRaftLog:OPENED:c-1,f-1,i0, conf=-1: [bd4316f7-8522-4e92-952a-a3dfbeefbfef|rpc:10.1.0.7:40431|priority:0, 4c5d3f80-455e-48af-b42d-db12d94a5acc|rpc:10.1.0.7:38341|priority:0, e9132cce-c60f-4b85-98ff-6a1f5b0024c6|rpc:10.1.0.7:45089|priority:1], old=null
2021-08-16 02:09:36,958 [grpc-default-executor-4] INFO  server.RaftServer$Division (RaftServerImpl.java:requestVote(1043)) - 4c5d3f80-455e-48af-b42d-db12d94a5acc@group-F9DBE6E145ED: receive requestVote(ELECTION, e9132cce-c60f-4b85-98ff-6a1f5b0024c6, group-F9DBE6E145ED, 6, (t:0, i:0))
2021-08-16 02:09:36,961 [grpc-default-executor-4] INFO  impl.VoteContext (VoteContext.java:log(48)) - 4c5d3f80-455e-48af-b42d-db12d94a5acc@group-F9DBE6E145ED-CANDIDATE: reject ELECTION from e9132cce-c60f-4b85-98ff-6a1f5b0024c6: already has voted for 4c5d3f80-455e-48af-b42d-db12d94a5acc at current term 6
2021-08-16 02:09:36,961 [grpc-default-executor-0] INFO  server.RaftServer$Division (RaftServerImpl.java:requestVote(1043)) - e9132cce-c60f-4b85-98ff-6a1f5b0024c6@group-F9DBE6E145ED: receive requestVote(ELECTION, 4c5d3f80-455e-48af-b42d-db12d94a5acc, group-F9DBE6E145ED, 6, (t:0, i:0))
2021-08-16 02:09:36,961 [grpc-default-executor-0] INFO  impl.VoteContext (VoteContext.java:log(48)) - e9132cce-c60f-4b85-98ff-6a1f5b0024c6@group-F9DBE6E145ED-CANDIDATE: reject ELECTION from 4c5d3f80-455e-48af-b42d-db12d94a5acc: already has voted for e9132cce-c60f-4b85-98ff-6a1f5b0024c6 at current term 6
2021-08-16 02:09:36,961 [grpc-default-executor-4] INFO  server.RaftServer$Division (RaftServerImpl.java:requestVote(1075)) - 4c5d3f80-455e-48af-b42d-db12d94a5acc@group-F9DBE6E145ED replies to ELECTION vote request: e9132cce-c60f-4b85-98ff-6a1f5b0024c6<-4c5d3f80-455e-48af-b42d-db12d94a5acc#0:FAIL-t6. Peer's state: 4c5d3f80-455e-48af-b42d-db12d94a5acc@group-F9DBE6E145ED:t6, leader=null, voted=4c5d3f80-455e-48af-b42d-db12d94a5acc, raftlog=4c5d3f80-455e-48af-b42d-db12d94a5acc@group-F9DBE6E145ED-SegmentedRaftLog:OPENED:c-1,f-1,i0, conf=-1: [bd4316f7-8522-4e92-952a-a3dfbeefbfef|rpc:10.1.0.7:40431|dataStream:|priority:0, 4c5d3f80-455e-48af-b42d-db12d94a5acc|rpc:10.1.0.7:38341|dataStream:|priority:0, e9132cce-c60f-4b85-98ff-6a1f5b0024c6|rpc:10.1.0.7:45089|dataStream:|priority:1], old=null
2021-08-16 02:09:36,961 [grpc-default-executor-1] INFO  server.RaftServer$Division (RaftServerImpl.java:requestVote(1043)) - bd4316f7-8522-4e92-952a-a3dfbeefbfef@group-F9DBE6E145ED: receive requestVote(ELECTION, 4c5d3f80-455e-48af-b42d-db12d94a5acc, group-F9DBE6E145ED, 6, (t:0, i:0))
2021-08-16 02:09:36,962 [grpc-default-executor-1] INFO  impl.VoteContext (VoteContext.java:log(48)) - bd4316f7-8522-4e92-952a-a3dfbeefbfef@group-F9DBE6E145ED-FOLLOWER: reject ELECTION from 4c5d3f80-455e-48af-b42d-db12d94a5acc: already has voted for e9132cce-c60f-4b85-98ff-6a1f5b0024c6 at current term 6
2021-08-16 02:09:36,962 [grpc-default-executor-1] INFO  server.RaftServer$Division (RaftServerImpl.java:requestVote(1075)) - bd4316f7-8522-4e92-952a-a3dfbeefbfef@group-F9DBE6E145ED replies to ELECTION vote request: 4c5d3f80-455e-48af-b42d-db12d94a5acc<-bd4316f7-8522-4e92-952a-a3dfbeefbfef#0:FAIL-t6. Peer's state: bd4316f7-8522-4e92-952a-a3dfbeefbfef@group-F9DBE6E145ED:t6, leader=null, voted=e9132cce-c60f-4b85-98ff-6a1f5b0024c6, raftlog=bd4316f7-8522-4e92-952a-a3dfbeefbfef@group-F9DBE6E145ED-SegmentedRaftLog:OPENED:c-1,f-1,i0, conf=-1: [bd4316f7-8522-4e92-952a-a3dfbeefbfef|rpc:10.1.0.7:40431|priority:0, 4c5d3f80-455e-48af-b42d-db12d94a5acc|rpc:10.1.0.7:38341|priority:0, e9132cce-c60f-4b85-98ff-6a1f5b0024c6|rpc:10.1.0.7:45089|priority:1], old=null
2021-08-16 02:09:36,961 [grpc-default-executor-0] INFO  server.RaftServer$Division (RaftServerImpl.java:requestVote(1075)) - e9132cce-c60f-4b85-98ff-6a1f5b0024c6@group-F9DBE6E145ED replies to ELECTION vote request: 4c5d3f80-455e-48af-b42d-db12d94a5acc<-e9132cce-c60f-4b85-98ff-6a1f5b0024c6#0:FAIL-t6. Peer's state: e9132cce-c60f-4b85-98ff-6a1f5b0024c6@group-F9DBE6E145ED:t6, leader=null, voted=e9132cce-c60f-4b85-98ff-6a1f5b0024c6, raftlog=e9132cce-c60f-4b85-98ff-6a1f5b0024c6@group-F9DBE6E145ED-SegmentedRaftLog:OPENED:c-1,f-1,i0, conf=-1: [bd4316f7-8522-4e92-952a-a3dfbeefbfef|rpc:10.1.0.7:40431|dataStream:|priority:0, 4c5d3f80-455e-48af-b42d-db12d94a5acc|rpc:10.1.0.7:38341|dataStream:|priority:0, e9132cce-c60f-4b85-98ff-6a1f5b0024c6|rpc:10.1.0.7:45089|dataStream:|priority:1], old=null
2021-08-16 02:09:36,968 [e9132cce-c60f-4b85-98ff-6a1f5b0024c6@group-F9DBE6E145ED-LeaderElection15] INFO  impl.LeaderElection (LeaderElection.java:logAndReturn(89)) - e9132cce-c60f-4b85-98ff-6a1f5b0024c6@group-F9DBE6E145ED-LeaderElection15: ELECTION PASSED received 1 response(s) and 0 exception(s):
2021-08-16 02:09:36,972 [e9132cce-c60f-4b85-98ff-6a1f5b0024c6@group-F9DBE6E145ED-LeaderElection15] INFO  impl.LeaderElection (LeaderElection.java:logAndReturn(93)) -   Response 0: e9132cce-c60f-4b85-98ff-6a1f5b0024c6<-bd4316f7-8522-4e92-952a-a3dfbeefbfef#0:OK-t6
2021-08-16 02:09:36,972 [e9132cce-c60f-4b85-98ff-6a1f5b0024c6@group-F9DBE6E145ED-LeaderElection15] INFO  impl.LeaderElection (LeaderElection.java:askForVotes(308)) - e9132cce-c60f-4b85-98ff-6a1f5b0024c6@group-F9DBE6E145ED-LeaderElection15 ELECTION round 0: result PASSED
2021-08-16 02:09:36,972 [e9132cce-c60f-4b85-98ff-6a1f5b0024c6@group-F9DBE6E145ED-LeaderElection15] INFO  impl.RoleInfo (RoleInfo.java:shutdownLeaderElection(121)) - e9132cce-c60f-4b85-98ff-6a1f5b0024c6: shutdown e9132cce-c60f-4b85-98ff-6a1f5b0024c6@group-F9DBE6E145ED-LeaderElection15
2021-08-16 02:09:36,972 [e9132cce-c60f-4b85-98ff-6a1f5b0024c6@group-F9DBE6E145ED-LeaderElection15] INFO  server.RaftServer$Division (RaftServerImpl.java:setRole(285)) - e9132cce-c60f-4b85-98ff-6a1f5b0024c6@group-F9DBE6E145ED: changes role from CANDIDATE to LEADER at term 6 for changeToLeader
2021-08-16 02:09:36,972 [e9132cce-c60f-4b85-98ff-6a1f5b0024c6@group-F9DBE6E145ED-LeaderElection15] INFO  ratis.XceiverServerRatis (XceiverServerRatis.java:handleLeaderChangedNotification(861)) - Leader change notification received for group: group-F9DBE6E145ED with new leaderId: e9132cce-c60f-4b85-98ff-6a1f5b0024c6
2021-08-16 02:09:36,973 [e9132cce-c60f-4b85-98ff-6a1f5b0024c6@group-F9DBE6E145ED-LeaderElection15] INFO  server.RaftServer$Division (ServerState.java:setLeader(285)) - e9132cce-c60f-4b85-98ff-6a1f5b0024c6@group-F9DBE6E145ED: change Leader from null to e9132cce-c60f-4b85-98ff-6a1f5b0024c6 at term 6 for becomeLeader, leader elected after 30758ms
2021-08-16 02:09:36,973 [e9132cce-c60f-4b85-98ff-6a1f5b0024c6@group-F9DBE6E145ED-LeaderElection15] INFO  server.RaftServerConfigKeys (ConfUtils.java:logGet(44)) - raft.server.staging.catchup.gap = 1000 (default)
2021-08-16 02:09:36,973 [Datanode State Machine Thread - 0] WARN  statemachine.StateContext (StateContext.java:execute(621)) - No available thread in pool for past 0 seconds.
2021-08-16 02:09:36,973 [4c5d3f80-455e-48af-b42d-db12d94a5acc@group-F9DBE6E145ED-LeaderElection16] INFO  impl.LeaderElection (LeaderElection.java:logAndReturn(89)) - 4c5d3f80-455e-48af-b42d-db12d94a5acc@group-F9DBE6E145ED-LeaderElection16: ELECTION REJECTED received 2 response(s) and 0 exception(s):
2021-08-16 02:09:36,976 [4c5d3f80-455e-48af-b42d-db12d94a5acc@group-F9DBE6E145ED-LeaderElection16] INFO  impl.LeaderElection (LeaderElection.java:logAndReturn(93)) -   Response 0: 4c5d3f80-455e-48af-b42d-db12d94a5acc<-bd4316f7-8522-4e92-952a-a3dfbeefbfef#0:FAIL-t6
2021-08-16 02:09:36,976 [4c5d3f80-455e-48af-b42d-db12d94a5acc@group-F9DBE6E145ED-LeaderElection16] INFO  impl.LeaderElection (LeaderElection.java:logAndReturn(93)) -   Response 1: 4c5d3f80-455e-48af-b42d-db12d94a5acc<-e9132cce-c60f-4b85-98ff-6a1f5b0024c6#0:FAIL-t6
2021-08-16 02:09:36,977 [4c5d3f80-455e-48af-b42d-db12d94a5acc@group-F9DBE6E145ED-LeaderElection16] INFO  impl.LeaderElection (LeaderElection.java:askForVotes(308)) - 4c5d3f80-455e-48af-b42d-db12d94a5acc@group-F9DBE6E145ED-LeaderElection16 ELECTION round 0: result REJECTED
2021-08-16 02:09:36,977 [4c5d3f80-455e-48af-b42d-db12d94a5acc@group-F9DBE6E145ED-LeaderElection16] INFO  server.RaftServer$Division (RaftServerImpl.java:setRole(285)) - 4c5d3f80-455e-48af-b42d-db12d94a5acc@group-F9DBE6E145ED: changes role from CANDIDATE to FOLLOWER at term 6 for REJECTED
2021-08-16 02:09:36,977 [4c5d3f80-455e-48af-b42d-db12d94a5acc@group-F9DBE6E145ED-LeaderElection16] INFO  impl.RoleInfo (RoleInfo.java:shutdownLeaderElection(121)) - 4c5d3f80-455e-48af-b42d-db12d94a5acc: shutdown 4c5d3f80-455e-48af-b42d-db12d94a5acc@group-F9DBE6E145ED-LeaderElection16
2021-08-16 02:09:36,977 [4c5d3f80-455e-48af-b42d-db12d94a5acc@group-F9DBE6E145ED-LeaderElection16] INFO  impl.RoleInfo (RoleInfo.java:updateAndGet(130)) - 4c5d3f80-455e-48af-b42d-db12d94a5acc: start 4c5d3f80-455e-48af-b42d-db12d94a5acc@group-F9DBE6E145ED-FollowerState
2021-08-16 02:09:36,973 [e9132cce-c60f-4b85-98ff-6a1f5b0024c6@group-F9DBE6E145ED-LeaderElection15] INFO  server.RaftServerConfigKeys (ConfUtils.java:logGet(44)) - raft.server.write.element-limit = 1024 (custom)
2021-08-16 02:09:36,977 [e9132cce-c60f-4b85-98ff-6a1f5b0024c6@group-F9DBE6E145ED-LeaderElection15] INFO  server.RaftServerConfigKeys (ConfUtils.java:logGet(44)) - raft.server.write.byte-limit = 1024 M (=1073741824) (custom)
2021-08-16 02:09:36,988 [e9132cce-c60f-4b85-98ff-6a1f5b0024c6@group-F9DBE6E145ED-LeaderElection15] INFO  server.RaftServerConfigKeys (ConfUtils.java:logGet(44)) - raft.server.watch.timeout = 180s (custom)
2021-08-16 02:09:36,988 [e9132cce-c60f-4b85-98ff-6a1f5b0024c6@group-F9DBE6E145ED-LeaderElection15] INFO  server.RaftServerConfigKeys (ConfUtils.java:logGet(44)) - raft.server.watch.timeout.denomination = 1s (default)
2021-08-16 02:09:36,988 [e9132cce-c60f-4b85-98ff-6a1f5b0024c6@group-F9DBE6E145ED-LeaderElection15] INFO  server.RaftServerConfigKeys (ConfUtils.java:logGet(44)) - raft.server.watch.element-limit = 65536 (default)
2021-08-16 02:09:36,988 [e9132cce-c60f-4b85-98ff-6a1f5b0024c6@group-F9DBE6E145ED-LeaderElection15] INFO  server.RaftServerConfigKeys (ConfUtils.java:logGet(44)) - raft.server.log.appender.snapshot.chunk.size.max = 16MB (=16777216) (default)
2021-08-16 02:09:36,988 [e9132cce-c60f-4b85-98ff-6a1f5b0024c6@group-F9DBE6E145ED-LeaderElection15] INFO  server.RaftServerConfigKeys (ConfUtils.java:logGet(44)) - raft.server.log.appender.buffer.byte-limit = 33554432 (custom)
2021-08-16 02:09:36,989 [e9132cce-c60f-4b85-98ff-6a1f5b0024c6@group-F9DBE6E145ED-LeaderElection15] INFO  server.RaftServerConfigKeys (ConfUtils.java:logGet(44)) - raft.server.log.appender.buffer.element-limit = 1 (custom)
2021-08-16 02:09:36,989 [e9132cce-c60f-4b85-98ff-6a1f5b0024c6@group-F9DBE6E145ED-LeaderElection15] INFO  grpc.GrpcConfigKeys (ConfUtils.java:logGet(44)) - raft.grpc.server.leader.outstanding.appends.max = 128 (default)
2021-08-16 02:09:36,989 [e9132cce-c60f-4b85-98ff-6a1f5b0024c6@group-F9DBE6E145ED-LeaderElection15] INFO  server.RaftServerConfigKeys (ConfUtils.java:logGet(44)) - raft.server.rpc.request.timeout = 60s (custom)
2021-08-16 02:09:36,989 [e9132cce-c60f-4b85-98ff-6a1f5b0024c6@group-F9DBE6E145ED-LeaderElection15] INFO  server.RaftServerConfigKeys (ConfUtils.java:logGet(44)) - raft.server.log.appender.install.snapshot.enabled = false (custom)
2021-08-16 02:09:36,989 [e9132cce-c60f-4b85-98ff-6a1f5b0024c6@group-F9DBE6E145ED-LeaderElection15] INFO  server.RaftServerConfigKeys (ConfUtils.java:logGet(44)) - raft.server.log.appender.snapshot.chunk.size.max = 16MB (=16777216) (default)
2021-08-16 02:09:36,990 [e9132cce-c60f-4b85-98ff-6a1f5b0024c6@group-F9DBE6E145ED-LeaderElection15] INFO  server.RaftServerConfigKeys (ConfUtils.java:logGet(44)) - raft.server.log.appender.buffer.byte-limit = 33554432 (custom)
2021-08-16 02:09:36,990 [e9132cce-c60f-4b85-98ff-6a1f5b0024c6@group-F9DBE6E145ED-LeaderElection15] INFO  server.RaftServerConfigKeys (ConfUtils.java:logGet(44)) - raft.server.log.appender.buffer.element-limit = 1 (custom)
2021-08-16 02:09:36,990 [e9132cce-c60f-4b85-98ff-6a1f5b0024c6@group-F9DBE6E145ED-LeaderElection15] INFO  grpc.GrpcConfigKeys (ConfUtils.java:logGet(44)) - raft.grpc.server.leader.outstanding.appends.max = 128 (default)
2021-08-16 02:09:36,990 [e9132cce-c60f-4b85-98ff-6a1f5b0024c6@group-F9DBE6E145ED-LeaderElection15] INFO  server.RaftServerConfigKeys (ConfUtils.java:logGet(44)) - raft.server.rpc.request.timeout = 60s (custom)
2021-08-16 02:09:36,990 [e9132cce-c60f-4b85-98ff-6a1f5b0024c6@group-F9DBE6E145ED-LeaderElection15] INFO  server.RaftServerConfigKeys (ConfUtils.java:logGet(44)) - raft.server.log.appender.install.snapshot.enabled = false (custom)
2021-08-16 02:09:36,990 [e9132cce-c60f-4b85-98ff-6a1f5b0024c6@group-F9DBE6E145ED-LeaderElection15] INFO  impl.RoleInfo (RoleInfo.java:updateAndGet(130)) - e9132cce-c60f-4b85-98ff-6a1f5b0024c6: start e9132cce-c60f-4b85-98ff-6a1f5b0024c6@group-F9DBE6E145ED-LeaderStateImpl
2021-08-16 02:09:36,991 [e9132cce-c60f-4b85-98ff-6a1f5b0024c6@group-F9DBE6E145ED-LeaderElection15] INFO  segmented.SegmentedRaftLogWorker (SegmentedRaftLogWorker.java:startLogSegment(394)) - e9132cce-c60f-4b85-98ff-6a1f5b0024c6@group-F9DBE6E145ED-SegmentedRaftLogWorker: Starting segment from index:0
2021-08-16 02:09:36,991 [EventQueue-PipelineReportForPipelineReportHandler] INFO  pipeline.PipelineManagerImpl (PipelineManagerImpl.java:openPipeline(283)) - Pipeline Pipeline[ Id: 8df6d1c3-eab4-46c1-a084-f9dbe6e145ed, Nodes: e9132cce-c60f-4b85-98ff-6a1f5b0024c6{ip: 10.1.0.7, host: fv-az148-41.bm4ck3pvxvsene1rjriu5fhcdb.bx.internal.cloudapp.net, ports: [REPLICATION=46267, RATIS=45089, RATIS_ADMIN=45089, RATIS_SERVER=45089, STANDALONE=36971], networkLocation: /default-rack, certSerialId: null, persistedOpState: IN_SERVICE, persistedOpStateExpiryEpochSec: 0}4c5d3f80-455e-48af-b42d-db12d94a5acc{ip: 10.1.0.7, host: fv-az148-41.bm4ck3pvxvsene1rjriu5fhcdb.bx.internal.cloudapp.net, ports: [REPLICATION=46351, RATIS=38341, RATIS_ADMIN=38341, RATIS_SERVER=38341, STANDALONE=43791], networkLocation: /default-rack, certSerialId: null, persistedOpState: IN_SERVICE, persistedOpStateExpiryEpochSec: 0}bd4316f7-8522-4e92-952a-a3dfbeefbfef{ip: 10.1.0.7, host: fv-az148-41.bm4ck3pvxvsene1rjriu5fhcdb.bx.internal.cloudapp.net, ports: [REPLICATION=42659, RATIS=40431, RATIS_ADMIN=40431, RATIS_SERVER=40431, STANDALONE=33881], networkLocation: /default-rack, certSerialId: null, persistedOpState: IN_SERVICE, persistedOpStateExpiryEpochSec: 0}, ReplicationConfig: RATIS/THREE, State:ALLOCATED, leaderId:e9132cce-c60f-4b85-98ff-6a1f5b0024c6, CreationTimestamp2021-08-16T02:09:04.029Z[Etc/UTC]] moved to OPEN state
2021-08-16 02:09:36,993 [e9132cce-c60f-4b85-98ff-6a1f5b0024c6@group-F9DBE6E145ED-SegmentedRaftLogWorker] INFO  segmented.SegmentedRaftLogWorker (SegmentedRaftLogWorker.java:execute(601)) - e9132cce-c60f-4b85-98ff-6a1f5b0024c6@group-F9DBE6E145ED-SegmentedRaftLogWorker: created new log segment /home/runner/work/ozone/ozone/hadoop-ozone/integration-test/target/test-dir/MiniOzoneClusterImpl-6c1f9dad-945a-4399-911a-83f70586d44a/datanode-2/data/ratis/8df6d1c3-eab4-46c1-a084-f9dbe6e145ed/current/log_inprogress_0
2021-08-16 02:09:37,001 [e9132cce-c60f-4b85-98ff-6a1f5b0024c6@group-F9DBE6E145ED-LeaderElection15] INFO  server.RaftServer$Division (ServerState.java:setRaftConf(387)) - e9132cce-c60f-4b85-98ff-6a1f5b0024c6@group-F9DBE6E145ED: set configuration 0: [bd4316f7-8522-4e92-952a-a3dfbeefbfef|rpc:10.1.0.7:40431|dataStream:|priority:0, 4c5d3f80-455e-48af-b42d-db12d94a5acc|rpc:10.1.0.7:38341|dataStream:|priority:0, e9132cce-c60f-4b85-98ff-6a1f5b0024c6|rpc:10.1.0.7:45089|dataStream:|priority:1], old=null
2021-08-16 02:09:37,026 [EventQueue-OpenPipelineForHealthyPipelineSafeModeRule] INFO  safemode.SCMSafeModeManager (HealthyPipelineSafeModeRule.java:process(124)) - SCM in safe mode. Healthy pipelines reported count is 1, required healthy pipeline reported count is 1
2021-08-16 02:09:37,026 [EventQueue-OpenPipelineForHealthyPipelineSafeModeRule] INFO  safemode.SCMSafeModeManager (SCMSafeModeManager.java:validateSafeModeExitRules(204)) - HealthyPipelineSafeModeRule rule is successfully validated
2021-08-16 02:09:37,026 [EventQueue-OpenPipelineForHealthyPipelineSafeModeRule] INFO  safemode.SCMSafeModeManager (SCMSafeModeManager.java:validateSafeModeExitRules(219)) - ScmSafeModeManager, all rules are successfully validated
2021-08-16 02:09:37,026 [EventQueue-OpenPipelineForHealthyPipelineSafeModeRule] INFO  safemode.SCMSafeModeManager (SCMSafeModeManager.java:exitSafeMode(248)) - SCM exiting safe mode.
2021-08-16 02:09:37,026 [EventQueue-OpenPipelineForHealthyPipelineSafeModeRule] WARN  events.EventQueue (EventQueue.java:fireEvent(194)) - No event handler registered for event TypedEvent{payloadType=SafeModeStatus, name='Safe mode status'}
2021-08-16 02:09:37,026 [EventQueue-OpenPipelineForHealthyPipelineSafeModeRule] INFO  ha.SCMContext (SCMContext.java:updateSafeModeStatus(205)) - Update SafeModeStatus from SafeModeStatus{safeModeStatus=true, preCheckPassed=true} to SafeModeStatus{safeModeStatus=false, preCheckPassed=true}.
2021-08-16 02:09:37,027 [EventQueue-OpenPipelineForHealthyPipelineSafeModeRule] INFO  pipeline.BackgroundPipelineCreator (BackgroundPipelineCreatorV2.java:notifyStatusChanged(264)) - Service BackgroundPipelineCreator transitions to RUNNING.
2021-08-16 02:09:37,027 [EventQueue-OpenPipelineForHealthyPipelineSafeModeRule] INFO  container.ReplicationManager (ReplicationManager.java:notifyStatusChanged(1679)) - Service ReplicationManager transitions to RUNNING.
2021-08-16 02:09:37,013 [grpc-default-executor-1] INFO  ratis.XceiverServerRatis (XceiverServerRatis.java:handleLeaderChangedNotification(861)) - Leader change notification received for group: group-F9DBE6E145ED with new leaderId: e9132cce-c60f-4b85-98ff-6a1f5b0024c6
2021-08-16 02:09:37,029 [grpc-default-executor-1] INFO  server.RaftServer$Division (ServerState.java:setLeader(285)) - bd4316f7-8522-4e92-952a-a3dfbeefbfef@group-F9DBE6E145ED: change Leader from null to e9132cce-c60f-4b85-98ff-6a1f5b0024c6 at term 6 for appendEntries, leader elected after 30880ms
2021-08-16 02:09:37,028 [Listener at 127.0.0.1/42687] INFO  ozone.MiniOzoneClusterImpl (MiniOzoneClusterImpl.java:lambda$waitForClusterToBeReady$0(235)) - Nodes are ready. Got 3 of 3 DN Heartbeats.
2021-08-16 02:09:37,029 [Listener at 127.0.0.1/42687] INFO  ozone.MiniOzoneClusterImpl (MiniOzoneClusterImpl.java:lambda$waitForClusterToBeReady$0(238)) - Cluster exits safe mode
2021-08-16 02:09:37,029 [Listener at 127.0.0.1/42687] INFO  ozone.MiniOzoneClusterImpl (MiniOzoneClusterImpl.java:lambda$waitForClusterToBeReady$0(240)) - SCM became leader
2021-08-16 02:09:37,039 [grpc-default-executor-1] INFO  server.RaftServer$Division (ServerState.java:setRaftConf(387)) - bd4316f7-8522-4e92-952a-a3dfbeefbfef@group-F9DBE6E145ED: set configuration 0: [bd4316f7-8522-4e92-952a-a3dfbeefbfef|rpc:10.1.0.7:40431|dataStream:|priority:0, 4c5d3f80-455e-48af-b42d-db12d94a5acc|rpc:10.1.0.7:38341|dataStream:|priority:0, e9132cce-c60f-4b85-98ff-6a1f5b0024c6|rpc:10.1.0.7:45089|dataStream:|priority:1], old=null
2021-08-16 02:09:37,039 [grpc-default-executor-1] INFO  segmented.SegmentedRaftLogWorker (SegmentedRaftLogWorker.java:startLogSegment(394)) - bd4316f7-8522-4e92-952a-a3dfbeefbfef@group-F9DBE6E145ED-SegmentedRaftLogWorker: Starting segment from index:0
2021-08-16 02:09:37,054 [grpc-default-executor-0] INFO  ratis.XceiverServerRatis (XceiverServerRatis.java:handleLeaderChangedNotification(861)) - Leader change notification received for group: group-F9DBE6E145ED with new leaderId: e9132cce-c60f-4b85-98ff-6a1f5b0024c6
2021-08-16 02:09:37,054 [grpc-default-executor-0] INFO  server.RaftServer$Division (ServerState.java:setLeader(285)) - 4c5d3f80-455e-48af-b42d-db12d94a5acc@group-F9DBE6E145ED: change Leader from null to e9132cce-c60f-4b85-98ff-6a1f5b0024c6 at term 6 for appendEntries, leader elected after 30772ms
2021-08-16 02:09:37,068 [SCMBlockDeletingService#0] DEBUG block.SCMBlockDeletingService (SCMBlockDeletingService.java:call(133)) - Running DeletedBlockTransactionScanner
2021-08-16 02:09:37,076 [grpc-default-executor-0] INFO  server.RaftServer$Division (ServerState.java:setRaftConf(387)) - 4c5d3f80-455e-48af-b42d-db12d94a5acc@group-F9DBE6E145ED: set configuration 0: [bd4316f7-8522-4e92-952a-a3dfbeefbfef|rpc:10.1.0.7:40431|dataStream:|priority:0, 4c5d3f80-455e-48af-b42d-db12d94a5acc|rpc:10.1.0.7:38341|dataStream:|priority:0, e9132cce-c60f-4b85-98ff-6a1f5b0024c6|rpc:10.1.0.7:45089|dataStream:|priority:1], old=null
2021-08-16 02:09:37,076 [grpc-default-executor-0] INFO  segmented.SegmentedRaftLogWorker (SegmentedRaftLogWorker.java:startLogSegment(394)) - 4c5d3f80-455e-48af-b42d-db12d94a5acc@group-F9DBE6E145ED-SegmentedRaftLogWorker: Starting segment from index:0
2021-08-16 02:09:37,101 [4c5d3f80-455e-48af-b42d-db12d94a5acc@group-F9DBE6E145ED-SegmentedRaftLogWorker] INFO  segmented.SegmentedRaftLogWorker (SegmentedRaftLogWorker.java:execute(601)) - 4c5d3f80-455e-48af-b42d-db12d94a5acc@group-F9DBE6E145ED-SegmentedRaftLogWorker: created new log segment /home/runner/work/ozone/ozone/hadoop-ozone/integration-test/target/test-dir/MiniOzoneClusterImpl-6c1f9dad-945a-4399-911a-83f70586d44a/datanode-1/data/ratis/8df6d1c3-eab4-46c1-a084-f9dbe6e145ed/current/log_inprogress_0
2021-08-16 02:09:37,101 [bd4316f7-8522-4e92-952a-a3dfbeefbfef@group-F9DBE6E145ED-SegmentedRaftLogWorker] INFO  segmented.SegmentedRaftLogWorker (SegmentedRaftLogWorker.java:execute(601)) - bd4316f7-8522-4e92-952a-a3dfbeefbfef@group-F9DBE6E145ED-SegmentedRaftLogWorker: created new log segment /home/runner/work/ozone/ozone/hadoop-ozone/integration-test/target/test-dir/MiniOzoneClusterImpl-6c1f9dad-945a-4399-911a-83f70586d44a/datanode-0/data/ratis/8df6d1c3-eab4-46c1-a084-f9dbe6e145ed/current/log_inprogress_0
2021-08-16 02:09:37,169 [SCMBlockDeletingService#0] DEBUG block.SCMBlockDeletingService (SCMBlockDeletingService.java:call(133)) - Running DeletedBlockTransactionScanner
2021-08-16 02:09:37,269 [SCMBlockDeletingService#0] DEBUG block.SCMBlockDeletingService (SCMBlockDeletingService.java:call(133)) - Running DeletedBlockTransactionScanner
2021-08-16 02:09:37,372 [SCMBlockDeletingService#0] DEBUG block.SCMBlockDeletingService (SCMBlockDeletingService.java:call(133)) - Running DeletedBlockTransactionScanner
2021-08-16 02:09:37,472 [SCMBlockDeletingService#0] DEBUG block.SCMBlockDeletingService (SCMBlockDeletingService.java:call(133)) - Running DeletedBlockTransactionScanner
2021-08-16 02:09:37,533 [Listener at 127.0.0.1/42687] INFO  rpc.RpcClient (RpcClient.java:createVolume(342)) - Creating Volume: 8b32ae3e-ec1e-43a3-8912-994d71ebc094, with runner as owner and space quota set to -1 bytes, counts quota set to -1
2021-08-16 02:09:37,549 [OM StateMachine ApplyTransaction Thread - 0] INFO  volume.OMVolumeCreateRequest (OMVolumeCreateRequest.java:validateAndUpdateCache(195)) - created volume:8b32ae3e-ec1e-43a3-8912-994d71ebc094 for user:runner
2021-08-16 02:09:37,558 [Listener at 127.0.0.1/42687] INFO  rpc.RpcClient (RpcClient.java:createBucket(502)) - Creating Bucket: 8b32ae3e-ec1e-43a3-8912-994d71ebc094/d0e3097b-a62d-47d2-93f5-513f02da8540, with Versioning false and Storage Type set to DISK and Encryption set to false 
2021-08-16 02:09:37,572 [SCMBlockDeletingService#0] DEBUG block.SCMBlockDeletingService (SCMBlockDeletingService.java:call(133)) - Running DeletedBlockTransactionScanner
2021-08-16 02:09:37,604 [IPC Server handler 4 on default port 41167] INFO  ha.SequenceIdGenerator (SequenceIdGenerator.java:getNextId(127)) - Allocate a batch for containerId, change lastId from 0 to 1000.
2021-08-16 02:09:37,605 [IPC Server handler 4 on default port 41167] WARN  ha.SequenceIdGenerator (SequenceIdGenerator.java:allocateBatch(234)) - Failed to allocate a batch for localId, expected lastId is 0, actual lastId is 107544261427200000.
2021-08-16 02:09:37,605 [IPC Server handler 4 on default port 41167] INFO  ha.SequenceIdGenerator (SequenceIdGenerator.java:getNextId(127)) - Allocate a batch for localId, change lastId from 107544261427200000 to 107544261427201000.
2021-08-16 02:09:37,672 [SCMBlockDeletingService#0] DEBUG block.SCMBlockDeletingService (SCMBlockDeletingService.java:call(133)) - Running DeletedBlockTransactionScanner
2021-08-16 02:09:37,772 [SCMBlockDeletingService#0] DEBUG block.SCMBlockDeletingService (SCMBlockDeletingService.java:call(133)) - Running DeletedBlockTransactionScanner
2021-08-16 02:09:37,792 [Datanode State Machine Thread - 0] WARN  statemachine.StateContext (StateContext.java:execute(621)) - No available thread in pool for past 0 seconds.
2021-08-16 02:09:37,792 [Datanode State Machine Thread - 0] WARN  statemachine.StateContext (StateContext.java:execute(621)) - No available thread in pool for past 0 seconds.
2021-08-16 02:09:37,800 [Datanode State Machine Thread - 0] WARN  statemachine.StateContext (StateContext.java:execute(621)) - No available thread in pool for past 0 seconds.
2021-08-16 02:09:37,872 [SCMBlockDeletingService#0] DEBUG block.SCMBlockDeletingService (SCMBlockDeletingService.java:call(133)) - Running DeletedBlockTransactionScanner
2021-08-16 02:09:37,972 [SCMBlockDeletingService#0] DEBUG block.SCMBlockDeletingService (SCMBlockDeletingService.java:call(133)) - Running DeletedBlockTransactionScanner
2021-08-16 02:09:38,073 [SCMBlockDeletingService#0] DEBUG block.SCMBlockDeletingService (SCMBlockDeletingService.java:call(133)) - Running DeletedBlockTransactionScanner
2021-08-16 02:09:38,173 [SCMBlockDeletingService#0] DEBUG block.SCMBlockDeletingService (SCMBlockDeletingService.java:call(133)) - Running DeletedBlockTransactionScanner
2021-08-16 02:09:38,273 [SCMBlockDeletingService#0] DEBUG block.SCMBlockDeletingService (SCMBlockDeletingService.java:call(133)) - Running DeletedBlockTransactionScanner
2021-08-16 02:09:38,373 [SCMBlockDeletingService#0] DEBUG block.SCMBlockDeletingService (SCMBlockDeletingService.java:call(133)) - Running DeletedBlockTransactionScanner
2021-08-16 02:09:38,473 [SCMBlockDeletingService#0] DEBUG block.SCMBlockDeletingService (SCMBlockDeletingService.java:call(133)) - Running DeletedBlockTransactionScanner
2021-08-16 02:09:38,574 [SCMBlockDeletingService#0] DEBUG block.SCMBlockDeletingService (SCMBlockDeletingService.java:call(133)) - Running DeletedBlockTransactionScanner
2021-08-16 02:09:38,674 [SCMBlockDeletingService#0] DEBUG block.SCMBlockDeletingService (SCMBlockDeletingService.java:call(133)) - Running DeletedBlockTransactionScanner
2021-08-16 02:09:38,774 [SCMBlockDeletingService#0] DEBUG block.SCMBlockDeletingService (SCMBlockDeletingService.java:call(133)) - Running DeletedBlockTransactionScanner
2021-08-16 02:09:38,874 [SCMBlockDeletingService#0] DEBUG block.SCMBlockDeletingService (SCMBlockDeletingService.java:call(133)) - Running DeletedBlockTransactionScanner
2021-08-16 02:09:38,974 [SCMBlockDeletingService#0] DEBUG block.SCMBlockDeletingService (SCMBlockDeletingService.java:call(133)) - Running DeletedBlockTransactionScanner
2021-08-16 02:09:39,075 [SCMBlockDeletingService#0] DEBUG block.SCMBlockDeletingService (SCMBlockDeletingService.java:call(133)) - Running DeletedBlockTransactionScanner
2021-08-16 02:09:39,175 [SCMBlockDeletingService#0] DEBUG block.SCMBlockDeletingService (SCMBlockDeletingService.java:call(133)) - Running DeletedBlockTransactionScanner
2021-08-16 02:09:39,275 [SCMBlockDeletingService#0] DEBUG block.SCMBlockDeletingService (SCMBlockDeletingService.java:call(133)) - Running DeletedBlockTransactionScanner
2021-08-16 02:09:39,375 [SCMBlockDeletingService#0] DEBUG block.SCMBlockDeletingService (SCMBlockDeletingService.java:call(133)) - Running DeletedBlockTransactionScanner
2021-08-16 02:09:39,475 [SCMBlockDeletingService#0] DEBUG block.SCMBlockDeletingService (SCMBlockDeletingService.java:call(133)) - Running DeletedBlockTransactionScanner
2021-08-16 02:09:39,575 [SCMBlockDeletingService#0] DEBUG block.SCMBlockDeletingService (SCMBlockDeletingService.java:call(133)) - Running DeletedBlockTransactionScanner
2021-08-16 02:09:39,675 [SCMBlockDeletingService#0] DEBUG block.SCMBlockDeletingService (SCMBlockDeletingService.java:call(133)) - Running DeletedBlockTransactionScanner
2021-08-16 02:09:39,775 [SCMBlockDeletingService#0] DEBUG block.SCMBlockDeletingService (SCMBlockDeletingService.java:call(133)) - Running DeletedBlockTransactionScanner
2021-08-16 02:09:39,875 [SCMBlockDeletingService#0] DEBUG block.SCMBlockDeletingService (SCMBlockDeletingService.java:call(133)) - Running DeletedBlockTransactionScanner
2021-08-16 02:09:39,975 [SCMBlockDeletingService#0] DEBUG block.SCMBlockDeletingService (SCMBlockDeletingService.java:call(133)) - Running DeletedBlockTransactionScanner
2021-08-16 02:09:40,075 [SCMBlockDeletingService#0] DEBUG block.SCMBlockDeletingService (SCMBlockDeletingService.java:call(133)) - Running DeletedBlockTransactionScanner
2021-08-16 02:09:40,175 [SCMBlockDeletingService#0] DEBUG block.SCMBlockDeletingService (SCMBlockDeletingService.java:call(133)) - Running DeletedBlockTransactionScanner
2021-08-16 02:09:40,276 [SCMBlockDeletingService#0] DEBUG block.SCMBlockDeletingService (SCMBlockDeletingService.java:call(133)) - Running DeletedBlockTransactionScanner
2021-08-16 02:09:40,376 [SCMBlockDeletingService#0] DEBUG block.SCMBlockDeletingService (SCMBlockDeletingService.java:call(133)) - Running DeletedBlockTransactionScanner
2021-08-16 02:09:40,476 [SCMBlockDeletingService#0] DEBUG block.SCMBlockDeletingService (SCMBlockDeletingService.java:call(133)) - Running DeletedBlockTransactionScanner
2021-08-16 02:09:40,576 [SCMBlockDeletingService#0] DEBUG block.SCMBlockDeletingService (SCMBlockDeletingService.java:call(133)) - Running DeletedBlockTransactionScanner
2021-08-16 02:09:40,676 [SCMBlockDeletingService#0] DEBUG block.SCMBlockDeletingService (SCMBlockDeletingService.java:call(133)) - Running DeletedBlockTransactionScanner
2021-08-16 02:09:40,776 [SCMBlockDeletingService#0] DEBUG block.SCMBlockDeletingService (SCMBlockDeletingService.java:call(133)) - Running DeletedBlockTransactionScanner
2021-08-16 02:09:40,876 [SCMBlockDeletingService#0] DEBUG block.SCMBlockDeletingService (SCMBlockDeletingService.java:call(133)) - Running DeletedBlockTransactionScanner
2021-08-16 02:09:40,976 [SCMBlockDeletingService#0] DEBUG block.SCMBlockDeletingService (SCMBlockDeletingService.java:call(133)) - Running DeletedBlockTransactionScanner
2021-08-16 02:09:41,076 [SCMBlockDeletingService#0] DEBUG block.SCMBlockDeletingService (SCMBlockDeletingService.java:call(133)) - Running DeletedBlockTransactionScanner
2021-08-16 02:09:41,176 [SCMBlockDeletingService#0] DEBUG block.SCMBlockDeletingService (SCMBlockDeletingService.java:call(133)) - Running DeletedBlockTransactionScanner
2021-08-16 02:09:41,276 [SCMBlockDeletingService#0] DEBUG block.SCMBlockDeletingService (SCMBlockDeletingService.java:call(133)) - Running DeletedBlockTransactionScanner
2021-08-16 02:09:41,376 [SCMBlockDeletingService#0] DEBUG block.SCMBlockDeletingService (SCMBlockDeletingService.java:call(133)) - Running DeletedBlockTransactionScanner
2021-08-16 02:09:41,477 [SCMBlockDeletingService#0] DEBUG block.SCMBlockDeletingService (SCMBlockDeletingService.java:call(133)) - Running DeletedBlockTransactionScanner
2021-08-16 02:09:41,577 [SCMBlockDeletingService#0] DEBUG block.SCMBlockDeletingService (SCMBlockDeletingService.java:call(133)) - Running DeletedBlockTransactionScanner
2021-08-16 02:09:41,677 [SCMBlockDeletingService#0] DEBUG block.SCMBlockDeletingService (SCMBlockDeletingService.java:call(133)) - Running DeletedBlockTransactionScanner
2021-08-16 02:09:41,777 [SCMBlockDeletingService#0] DEBUG block.SCMBlockDeletingService (SCMBlockDeletingService.java:call(133)) - Running DeletedBlockTransactionScanner
2021-08-16 02:09:41,877 [SCMBlockDeletingService#0] DEBUG block.SCMBlockDeletingService (SCMBlockDeletingService.java:call(133)) - Running DeletedBlockTransactionScanner
2021-08-16 02:09:41,977 [SCMBlockDeletingService#0] DEBUG block.SCMBlockDeletingService (SCMBlockDeletingService.java:call(133)) - Running DeletedBlockTransactionScanner
2021-08-16 02:09:42,077 [SCMBlockDeletingService#0] DEBUG block.SCMBlockDeletingService (SCMBlockDeletingService.java:call(133)) - Running DeletedBlockTransactionScanner
2021-08-16 02:09:42,177 [SCMBlockDeletingService#0] DEBUG block.SCMBlockDeletingService (SCMBlockDeletingService.java:call(133)) - Running DeletedBlockTransactionScanner
2021-08-16 02:09:42,277 [SCMBlockDeletingService#0] DEBUG block.SCMBlockDeletingService (SCMBlockDeletingService.java:call(133)) - Running DeletedBlockTransactionScanner
2021-08-16 02:09:42,377 [SCMBlockDeletingService#0] DEBUG block.SCMBlockDeletingService (SCMBlockDeletingService.java:call(133)) - Running DeletedBlockTransactionScanner
2021-08-16 02:09:42,477 [SCMBlockDeletingService#0] DEBUG block.SCMBlockDeletingService (SCMBlockDeletingService.java:call(133)) - Running DeletedBlockTransactionScanner
2021-08-16 02:09:42,577 [SCMBlockDeletingService#0] DEBUG block.SCMBlockDeletingService (SCMBlockDeletingService.java:call(133)) - Running DeletedBlockTransactionScanner
2021-08-16 02:09:42,677 [SCMBlockDeletingService#0] DEBUG block.SCMBlockDeletingService (SCMBlockDeletingService.java:call(133)) - Running DeletedBlockTransactionScanner
2021-08-16 02:09:42,778 [SCMBlockDeletingService#0] DEBUG block.SCMBlockDeletingService (SCMBlockDeletingService.java:call(133)) - Running DeletedBlockTransactionScanner
2021-08-16 02:09:42,878 [SCMBlockDeletingService#0] DEBUG block.SCMBlockDeletingService (SCMBlockDeletingService.java:call(133)) - Running DeletedBlockTransactionScanner
2021-08-16 02:09:42,978 [SCMBlockDeletingService#0] DEBUG block.SCMBlockDeletingService (SCMBlockDeletingService.java:call(133)) - Running DeletedBlockTransactionScanner
2021-08-16 02:09:43,078 [SCMBlockDeletingService#0] DEBUG block.SCMBlockDeletingService (SCMBlockDeletingService.java:call(133)) - Running DeletedBlockTransactionScanner
2021-08-16 02:09:43,178 [SCMBlockDeletingService#0] DEBUG block.SCMBlockDeletingService (SCMBlockDeletingService.java:call(133)) - Running DeletedBlockTransactionScanner
2021-08-16 02:09:43,278 [SCMBlockDeletingService#0] DEBUG block.SCMBlockDeletingService (SCMBlockDeletingService.java:call(133)) - Running DeletedBlockTransactionScanner
2021-08-16 02:09:43,378 [SCMBlockDeletingService#0] DEBUG block.SCMBlockDeletingService (SCMBlockDeletingService.java:call(133)) - Running DeletedBlockTransactionScanner
2021-08-16 02:09:43,475 [EventQueue-CloseContainerForCloseContainerEventHandler] INFO  container.CloseContainerEventHandler (CloseContainerEventHandler.java:onMessage(69)) - Close container Event triggered for container : #1
2021-08-16 02:09:43,478 [SCMBlockDeletingService#0] DEBUG block.SCMBlockDeletingService (SCMBlockDeletingService.java:call(133)) - Running DeletedBlockTransactionScanner
2021-08-16 02:09:43,578 [SCMBlockDeletingService#0] DEBUG block.SCMBlockDeletingService (SCMBlockDeletingService.java:call(133)) - Running DeletedBlockTransactionScanner
2021-08-16 02:09:43,678 [SCMBlockDeletingService#0] DEBUG block.SCMBlockDeletingService (SCMBlockDeletingService.java:call(133)) - Running DeletedBlockTransactionScanner
2021-08-16 02:09:43,778 [SCMBlockDeletingService#0] DEBUG block.SCMBlockDeletingService (SCMBlockDeletingService.java:call(133)) - Running DeletedBlockTransactionScanner
2021-08-16 02:09:43,878 [SCMBlockDeletingService#0] DEBUG block.SCMBlockDeletingService (SCMBlockDeletingService.java:call(133)) - Running DeletedBlockTransactionScanner
2021-08-16 02:09:43,978 [SCMBlockDeletingService#0] DEBUG block.SCMBlockDeletingService (SCMBlockDeletingService.java:call(133)) - Running DeletedBlockTransactionScanner
2021-08-16 02:09:44,079 [SCMBlockDeletingService#0] DEBUG block.SCMBlockDeletingService (SCMBlockDeletingService.java:call(133)) - Running DeletedBlockTransactionScanner
2021-08-16 02:09:44,179 [SCMBlockDeletingService#0] DEBUG block.SCMBlockDeletingService (SCMBlockDeletingService.java:call(133)) - Running DeletedBlockTransactionScanner
2021-08-16 02:09:44,221 [pool-329-thread-7] INFO  keyvalue.KeyValueContainer (KeyValueContainer.java:flushAndSyncDB(397)) - Container 1 is synced with bcsId 10.
2021-08-16 02:09:44,222 [pool-329-thread-7] INFO  keyvalue.KeyValueContainer (KeyValueContainer.java:flushAndSyncDB(397)) - Container 1 is synced with bcsId 10.
2021-08-16 02:09:44,233 [pool-329-thread-7] INFO  keyvalue.KeyValueContainer (KeyValueContainer.java:close(334)) - Container 1 is closed with bcsId 10.
2021-08-16 02:09:44,256 [Datanode State Machine Thread - 0] WARN  statemachine.StateContext (StateContext.java:execute(621)) - No available thread in pool for past 0 seconds.
2021-08-16 02:09:44,258 [EventQueue-IncrementalContainerReportForIncrementalContainerReportHandler] INFO  container.IncrementalContainerReportHandler (AbstractContainerReportHandler.java:updateContainerState(223)) - Moving container #1 to CLOSED state, datanode e9132cce-c60f-4b85-98ff-6a1f5b0024c6{ip: 10.1.0.7, host: fv-az148-41.bm4ck3pvxvsene1rjriu5fhcdb.bx.internal.cloudapp.net, ports: [REPLICATION=46267, RATIS=45089, RATIS_ADMIN=45089, RATIS_SERVER=45089, STANDALONE=36971], networkLocation: /default-rack, certSerialId: null, persistedOpState: IN_SERVICE, persistedOpStateExpiryEpochSec: 0} reported CLOSED replica.
2021-08-16 02:09:44,260 [Datanode State Machine Thread - 0] WARN  statemachine.StateContext (StateContext.java:execute(621)) - No available thread in pool for past 0 seconds.
2021-08-16 02:09:44,263 [pool-328-thread-7] INFO  keyvalue.KeyValueContainer (KeyValueContainer.java:flushAndSyncDB(397)) - Container 1 is synced with bcsId 10.
2021-08-16 02:09:44,265 [pool-328-thread-7] INFO  keyvalue.KeyValueContainer (KeyValueContainer.java:flushAndSyncDB(397)) - Container 1 is synced with bcsId 10.
2021-08-16 02:09:44,276 [pool-328-thread-7] INFO  keyvalue.KeyValueContainer (KeyValueContainer.java:close(334)) - Container 1 is closed with bcsId 10.
2021-08-16 02:09:44,279 [SCMBlockDeletingService#0] DEBUG block.SCMBlockDeletingService (SCMBlockDeletingService.java:call(133)) - Running DeletedBlockTransactionScanner
2021-08-16 02:09:44,284 [Datanode State Machine Thread - 0] WARN  statemachine.StateContext (StateContext.java:execute(621)) - No available thread in pool for past 0 seconds.
2021-08-16 02:09:44,284 [Datanode State Machine Thread - 0] WARN  statemachine.StateContext (StateContext.java:execute(621)) - No available thread in pool for past 0 seconds.
2021-08-16 02:09:44,285 [pool-330-thread-7] INFO  keyvalue.KeyValueContainer (KeyValueContainer.java:flushAndSyncDB(397)) - Container 1 is synced with bcsId 10.
2021-08-16 02:09:44,286 [pool-330-thread-7] INFO  keyvalue.KeyValueContainer (KeyValueContainer.java:flushAndSyncDB(397)) - Container 1 is synced with bcsId 10.
2021-08-16 02:09:44,290 [pool-330-thread-7] INFO  keyvalue.KeyValueContainer (KeyValueContainer.java:close(334)) - Container 1 is closed with bcsId 10.
2021-08-16 02:09:44,290 [Datanode State Machine Thread - 0] WARN  statemachine.StateContext (StateContext.java:execute(621)) - No available thread in pool for past 0 seconds.
2021-08-16 02:09:44,379 [SCMBlockDeletingService#0] DEBUG block.SCMBlockDeletingService (SCMBlockDeletingService.java:call(133)) - Running DeletedBlockTransactionScanner
2021-08-16 02:09:44,479 [SCMBlockDeletingService#0] DEBUG block.SCMBlockDeletingService (SCMBlockDeletingService.java:call(133)) - Running DeletedBlockTransactionScanner
2021-08-16 02:09:44,579 [SCMBlockDeletingService#0] DEBUG block.SCMBlockDeletingService (SCMBlockDeletingService.java:call(133)) - Running DeletedBlockTransactionScanner
2021-08-16 02:09:44,679 [SCMBlockDeletingService#0] DEBUG block.SCMBlockDeletingService (SCMBlockDeletingService.java:call(133)) - Running DeletedBlockTransactionScanner
2021-08-16 02:09:44,779 [SCMBlockDeletingService#0] DEBUG block.SCMBlockDeletingService (SCMBlockDeletingService.java:call(133)) - Running DeletedBlockTransactionScanner
2021-08-16 02:09:44,879 [SCMBlockDeletingService#0] DEBUG block.SCMBlockDeletingService (SCMBlockDeletingService.java:call(133)) - Running DeletedBlockTransactionScanner
2021-08-16 02:09:44,979 [SCMBlockDeletingService#0] DEBUG block.SCMBlockDeletingService (SCMBlockDeletingService.java:call(133)) - Running DeletedBlockTransactionScanner
2021-08-16 02:09:45,079 [SCMBlockDeletingService#0] DEBUG block.SCMBlockDeletingService (SCMBlockDeletingService.java:call(133)) - Running DeletedBlockTransactionScanner
2021-08-16 02:09:45,179 [SCMBlockDeletingService#0] DEBUG block.SCMBlockDeletingService (SCMBlockDeletingService.java:call(133)) - Running DeletedBlockTransactionScanner
2021-08-16 02:09:45,280 [SCMBlockDeletingService#0] DEBUG block.SCMBlockDeletingService (SCMBlockDeletingService.java:call(133)) - Running DeletedBlockTransactionScanner
2021-08-16 02:09:45,380 [SCMBlockDeletingService#0] DEBUG block.SCMBlockDeletingService (SCMBlockDeletingService.java:call(133)) - Running DeletedBlockTransactionScanner
2021-08-16 02:09:45,480 [SCMBlockDeletingService#0] DEBUG block.SCMBlockDeletingService (SCMBlockDeletingService.java:call(133)) - Running DeletedBlockTransactionScanner
2021-08-16 02:09:45,518 [IPC Server handler 3 on default port 41167] INFO  ha.SequenceIdGenerator (SequenceIdGenerator.java:getNextId(127)) - Allocate a batch for delTxnId, change lastId from 0 to 1000.
2021-08-16 02:09:45,580 [SCMBlockDeletingService#0] DEBUG block.SCMBlockDeletingService (SCMBlockDeletingService.java:call(133)) - Running DeletedBlockTransactionScanner
2021-08-16 02:09:45,580 [SCMBlockDeletingService#0] DEBUG block.SCMBlockDeletingService (DatanodeDeletedBlockTransactions.java:addTransactionToDN(50)) - Transaction added: bd4316f7-8522-4e92-952a-a3dfbeefbfef <- TX(1)
2021-08-16 02:09:45,580 [SCMBlockDeletingService#0] DEBUG block.SCMBlockDeletingService (DatanodeDeletedBlockTransactions.java:addTransactionToDN(50)) - Transaction added: 4c5d3f80-455e-48af-b42d-db12d94a5acc <- TX(1)
2021-08-16 02:09:45,580 [SCMBlockDeletingService#0] DEBUG block.SCMBlockDeletingService (DatanodeDeletedBlockTransactions.java:addTransactionToDN(50)) - Transaction added: e9132cce-c60f-4b85-98ff-6a1f5b0024c6 <- TX(1)
2021-08-16 02:09:45,580 [SCMBlockDeletingService#0] DEBUG block.SCMBlockDeletingService (SCMBlockDeletingService.java:call(164)) - Added delete block command for datanode e9132cce-c60f-4b85-98ff-6a1f5b0024c6 in the queue, number of delete block transactions: 1
2021-08-16 02:09:45,581 [SCMBlockDeletingService#0] DEBUG block.SCMBlockDeletingService (SCMBlockDeletingService.java:call(164)) - Added delete block command for datanode bd4316f7-8522-4e92-952a-a3dfbeefbfef in the queue, number of delete block transactions: 1
2021-08-16 02:09:45,581 [SCMBlockDeletingService#0] DEBUG block.SCMBlockDeletingService (SCMBlockDeletingService.java:call(164)) - Added delete block command for datanode 4c5d3f80-455e-48af-b42d-db12d94a5acc in the queue, number of delete block transactions: 1
2021-08-16 02:09:45,581 [SCMBlockDeletingService#0] INFO  block.SCMBlockDeletingService (SCMBlockDeletingService.java:call(174)) - Totally added 3 blocks to be deleted for 3 datanodes, task elapsed time: 1ms
2021-08-16 02:09:45,680 [SCMBlockDeletingService#0] DEBUG block.SCMBlockDeletingService (SCMBlockDeletingService.java:call(133)) - Running DeletedBlockTransactionScanner
2021-08-16 02:09:45,680 [SCMBlockDeletingService#0] DEBUG block.SCMBlockDeletingService (DatanodeDeletedBlockTransactions.java:addTransactionToDN(50)) - Transaction added: bd4316f7-8522-4e92-952a-a3dfbeefbfef <- TX(1)
2021-08-16 02:09:45,680 [SCMBlockDeletingService#0] DEBUG block.SCMBlockDeletingService (DatanodeDeletedBlockTransactions.java:addTransactionToDN(50)) - Transaction added: 4c5d3f80-455e-48af-b42d-db12d94a5acc <- TX(1)
2021-08-16 02:09:45,680 [SCMBlockDeletingService#0] DEBUG block.SCMBlockDeletingService (DatanodeDeletedBlockTransactions.java:addTransactionToDN(50)) - Transaction added: e9132cce-c60f-4b85-98ff-6a1f5b0024c6 <- TX(1)
2021-08-16 02:09:45,680 [SCMBlockDeletingService#0] DEBUG block.SCMBlockDeletingService (SCMBlockDeletingService.java:call(164)) - Added delete block command for datanode e9132cce-c60f-4b85-98ff-6a1f5b0024c6 in the queue, number of delete block transactions: 1
2021-08-16 02:09:45,680 [SCMBlockDeletingService#0] DEBUG block.SCMBlockDeletingService (SCMBlockDeletingService.java:call(164)) - Added delete block command for datanode bd4316f7-8522-4e92-952a-a3dfbeefbfef in the queue, number of delete block transactions: 1
2021-08-16 02:09:45,680 [SCMBlockDeletingService#0] DEBUG block.SCMBlockDeletingService (SCMBlockDeletingService.java:call(164)) - Added delete block command for datanode 4c5d3f80-455e-48af-b42d-db12d94a5acc in the queue, number of delete block transactions: 1
2021-08-16 02:09:45,680 [SCMBlockDeletingService#0] INFO  block.SCMBlockDeletingService (SCMBlockDeletingService.java:call(174)) - Totally added 3 blocks to be deleted for 3 datanodes, task elapsed time: 1ms
2021-08-16 02:09:45,780 [SCMBlockDeletingService#0] DEBUG block.SCMBlockDeletingService (SCMBlockDeletingService.java:call(133)) - Running DeletedBlockTransactionScanner
2021-08-16 02:09:45,780 [SCMBlockDeletingService#0] DEBUG block.SCMBlockDeletingService (DatanodeDeletedBlockTransactions.java:addTransactionToDN(50)) - Transaction added: bd4316f7-8522-4e92-952a-a3dfbeefbfef <- TX(1)
2021-08-16 02:09:45,780 [SCMBlockDeletingService#0] DEBUG block.SCMBlockDeletingService (DatanodeDeletedBlockTransactions.java:addTransactionToDN(50)) - Transaction added: 4c5d3f80-455e-48af-b42d-db12d94a5acc <- TX(1)
2021-08-16 02:09:45,780 [SCMBlockDeletingService#0] DEBUG block.SCMBlockDeletingService (DatanodeDeletedBlockTransactions.java:addTransactionToDN(50)) - Transaction added: e9132cce-c60f-4b85-98ff-6a1f5b0024c6 <- TX(1)
2021-08-16 02:09:45,780 [SCMBlockDeletingService#0] DEBUG block.SCMBlockDeletingService (SCMBlockDeletingService.java:call(164)) - Added delete block command for datanode e9132cce-c60f-4b85-98ff-6a1f5b0024c6 in the queue, number of delete block transactions: 1
2021-08-16 02:09:45,780 [SCMBlockDeletingService#0] DEBUG block.SCMBlockDeletingService (SCMBlockDeletingService.java:call(164)) - Added delete block command for datanode bd4316f7-8522-4e92-952a-a3dfbeefbfef in the queue, number of delete block transactions: 1
2021-08-16 02:09:45,780 [SCMBlockDeletingService#0] DEBUG block.SCMBlockDeletingService (SCMBlockDeletingService.java:call(164)) - Added delete block command for datanode 4c5d3f80-455e-48af-b42d-db12d94a5acc in the queue, number of delete block transactions: 1
2021-08-16 02:09:45,781 [SCMBlockDeletingService#0] INFO  block.SCMBlockDeletingService (SCMBlockDeletingService.java:call(174)) - Totally added 3 blocks to be deleted for 3 datanodes, task elapsed time: 1ms
2021-08-16 02:09:45,880 [SCMBlockDeletingService#0] DEBUG block.SCMBlockDeletingService (SCMBlockDeletingService.java:call(133)) - Running DeletedBlockTransactionScanner
2021-08-16 02:09:45,880 [SCMBlockDeletingService#0] DEBUG block.SCMBlockDeletingService (DatanodeDeletedBlockTransactions.java:addTransactionToDN(50)) - Transaction added: bd4316f7-8522-4e92-952a-a3dfbeefbfef <- TX(1)
2021-08-16 02:09:45,880 [SCMBlockDeletingService#0] DEBUG block.SCMBlockDeletingService (DatanodeDeletedBlockTransactions.java:addTransactionToDN(50)) - Transaction added: 4c5d3f80-455e-48af-b42d-db12d94a5acc <- TX(1)
2021-08-16 02:09:45,880 [SCMBlockDeletingService#0] DEBUG block.SCMBlockDeletingService (DatanodeDeletedBlockTransactions.java:addTransactionToDN(50)) - Transaction added: e9132cce-c60f-4b85-98ff-6a1f5b0024c6 <- TX(1)
2021-08-16 02:09:45,880 [SCMBlockDeletingService#0] DEBUG block.SCMBlockDeletingService (SCMBlockDeletingService.java:call(164)) - Added delete block command for datanode e9132cce-c60f-4b85-98ff-6a1f5b0024c6 in the queue, number of delete block transactions: 1
2021-08-16 02:09:45,881 [SCMBlockDeletingService#0] DEBUG block.SCMBlockDeletingService (SCMBlockDeletingService.java:call(164)) - Added delete block command for datanode bd4316f7-8522-4e92-952a-a3dfbeefbfef in the queue, number of delete block transactions: 1
2021-08-16 02:09:45,881 [SCMBlockDeletingService#0] DEBUG block.SCMBlockDeletingService (SCMBlockDeletingService.java:call(164)) - Added delete block command for datanode 4c5d3f80-455e-48af-b42d-db12d94a5acc in the queue, number of delete block transactions: 1
2021-08-16 02:09:45,881 [SCMBlockDeletingService#0] INFO  block.SCMBlockDeletingService (SCMBlockDeletingService.java:call(174)) - Totally added 3 blocks to be deleted for 3 datanodes, task elapsed time: 1ms
2021-08-16 02:09:45,980 [SCMBlockDeletingService#0] DEBUG block.SCMBlockDeletingService (SCMBlockDeletingService.java:call(133)) - Running DeletedBlockTransactionScanner
2021-08-16 02:09:45,980 [SCMBlockDeletingService#0] DEBUG block.SCMBlockDeletingService (DatanodeDeletedBlockTransactions.java:addTransactionToDN(50)) - Transaction added: bd4316f7-8522-4e92-952a-a3dfbeefbfef <- TX(1)
2021-08-16 02:09:45,980 [SCMBlockDeletingService#0] DEBUG block.SCMBlockDeletingService (DatanodeDeletedBlockTransactions.java:addTransactionToDN(50)) - Transaction added: 4c5d3f80-455e-48af-b42d-db12d94a5acc <- TX(1)
2021-08-16 02:09:45,980 [SCMBlockDeletingService#0] DEBUG block.SCMBlockDeletingService (DatanodeDeletedBlockTransactions.java:addTransactionToDN(50)) - Transaction added: e9132cce-c60f-4b85-98ff-6a1f5b0024c6 <- TX(1)
2021-08-16 02:09:45,981 [SCMBlockDeletingService#0] DEBUG block.SCMBlockDeletingService (SCMBlockDeletingService.java:call(164)) - Added delete block command for datanode e9132cce-c60f-4b85-98ff-6a1f5b0024c6 in the queue, number of delete block transactions: 1
2021-08-16 02:09:45,981 [SCMBlockDeletingService#0] DEBUG block.SCMBlockDeletingService (SCMBlockDeletingService.java:call(164)) - Added delete block command for datanode bd4316f7-8522-4e92-952a-a3dfbeefbfef in the queue, number of delete block transactions: 1
2021-08-16 02:09:45,981 [SCMBlockDeletingService#0] DEBUG block.SCMBlockDeletingService (SCMBlockDeletingService.java:call(164)) - Added delete block command for datanode 4c5d3f80-455e-48af-b42d-db12d94a5acc in the queue, number of delete block transactions: 1
2021-08-16 02:09:45,981 [SCMBlockDeletingService#0] INFO  block.SCMBlockDeletingService (SCMBlockDeletingService.java:call(174)) - Totally added 3 blocks to be deleted for 3 datanodes, task elapsed time: 1ms
2021-08-16 02:09:46,080 [SCMBlockDeletingService#0] DEBUG block.SCMBlockDeletingService (SCMBlockDeletingService.java:call(133)) - Running DeletedBlockTransactionScanner
2021-08-16 02:09:46,080 [SCMBlockDeletingService#0] DEBUG block.SCMBlockDeletingService (DatanodeDeletedBlockTransactions.java:addTransactionToDN(50)) - Transaction added: bd4316f7-8522-4e92-952a-a3dfbeefbfef <- TX(1)
2021-08-16 02:09:46,081 [SCMBlockDeletingService#0] DEBUG block.SCMBlockDeletingService (DatanodeDeletedBlockTransactions.java:addTransactionToDN(50)) - Transaction added: 4c5d3f80-455e-48af-b42d-db12d94a5acc <- TX(1)
2021-08-16 02:09:46,081 [SCMBlockDeletingService#0] DEBUG block.SCMBlockDeletingService (DatanodeDeletedBlockTransactions.java:addTransactionToDN(50)) - Transaction added: e9132cce-c60f-4b85-98ff-6a1f5b0024c6 <- TX(1)
2021-08-16 02:09:46,081 [SCMBlockDeletingService#0] DEBUG block.SCMBlockDeletingService (SCMBlockDeletingService.java:call(164)) - Added delete block command for datanode e9132cce-c60f-4b85-98ff-6a1f5b0024c6 in the queue, number of delete block transactions: 1
2021-08-16 02:09:46,081 [SCMBlockDeletingService#0] DEBUG block.SCMBlockDeletingService (SCMBlockDeletingService.java:call(164)) - Added delete block command for datanode bd4316f7-8522-4e92-952a-a3dfbeefbfef in the queue, number of delete block transactions: 1
2021-08-16 02:09:46,081 [SCMBlockDeletingService#0] DEBUG block.SCMBlockDeletingService (SCMBlockDeletingService.java:call(164)) - Added delete block command for datanode 4c5d3f80-455e-48af-b42d-db12d94a5acc in the queue, number of delete block transactions: 1
2021-08-16 02:09:46,081 [SCMBlockDeletingService#0] INFO  block.SCMBlockDeletingService (SCMBlockDeletingService.java:call(174)) - Totally added 3 blocks to be deleted for 3 datanodes, task elapsed time: 1ms
2021-08-16 02:09:46,180 [SCMBlockDeletingService#0] DEBUG block.SCMBlockDeletingService (SCMBlockDeletingService.java:call(133)) - Running DeletedBlockTransactionScanner
2021-08-16 02:09:46,181 [SCMBlockDeletingService#0] DEBUG block.SCMBlockDeletingService (DatanodeDeletedBlockTransactions.java:addTransactionToDN(50)) - Transaction added: bd4316f7-8522-4e92-952a-a3dfbeefbfef <- TX(1)
2021-08-16 02:09:46,181 [SCMBlockDeletingService#0] DEBUG block.SCMBlockDeletingService (DatanodeDeletedBlockTransactions.java:addTransactionToDN(50)) - Transaction added: 4c5d3f80-455e-48af-b42d-db12d94a5acc <- TX(1)
2021-08-16 02:09:46,181 [SCMBlockDeletingService#0] DEBUG block.SCMBlockDeletingService (DatanodeDeletedBlockTransactions.java:addTransactionToDN(50)) - Transaction added: e9132cce-c60f-4b85-98ff-6a1f5b0024c6 <- TX(1)
2021-08-16 02:09:46,181 [SCMBlockDeletingService#0] DEBUG block.SCMBlockDeletingService (SCMBlockDeletingService.java:call(164)) - Added delete block command for datanode e9132cce-c60f-4b85-98ff-6a1f5b0024c6 in the queue, number of delete block transactions: 1
2021-08-16 02:09:46,181 [SCMBlockDeletingService#0] DEBUG block.SCMBlockDeletingService (SCMBlockDeletingService.java:call(164)) - Added delete block command for datanode bd4316f7-8522-4e92-952a-a3dfbeefbfef in the queue, number of delete block transactions: 1
2021-08-16 02:09:46,181 [SCMBlockDeletingService#0] DEBUG block.SCMBlockDeletingService (SCMBlockDeletingService.java:call(164)) - Added delete block command for datanode 4c5d3f80-455e-48af-b42d-db12d94a5acc in the queue, number of delete block transactions: 1
2021-08-16 02:09:46,181 [SCMBlockDeletingService#0] INFO  block.SCMBlockDeletingService (SCMBlockDeletingService.java:call(174)) - Totally added 3 blocks to be deleted for 3 datanodes, task elapsed time: 1ms
2021-08-16 02:09:46,280 [SCMBlockDeletingService#0] DEBUG block.SCMBlockDeletingService (SCMBlockDeletingService.java:call(133)) - Running DeletedBlockTransactionScanner
2021-08-16 02:09:46,281 [SCMBlockDeletingService#0] DEBUG block.SCMBlockDeletingService (DatanodeDeletedBlockTransactions.java:addTransactionToDN(50)) - Transaction added: bd4316f7-8522-4e92-952a-a3dfbeefbfef <- TX(1)
2021-08-16 02:09:46,281 [SCMBlockDeletingService#0] DEBUG block.SCMBlockDeletingService (DatanodeDeletedBlockTransactions.java:addTransactionToDN(50)) - Transaction added: 4c5d3f80-455e-48af-b42d-db12d94a5acc <- TX(1)
2021-08-16 02:09:46,281 [SCMBlockDeletingService#0] DEBUG block.SCMBlockDeletingService (DatanodeDeletedBlockTransactions.java:addTransactionToDN(50)) - Transaction added: e9132cce-c60f-4b85-98ff-6a1f5b0024c6 <- TX(1)
2021-08-16 02:09:46,281 [SCMBlockDeletingService#0] DEBUG block.SCMBlockDeletingService (SCMBlockDeletingService.java:call(164)) - Added delete block command for datanode e9132cce-c60f-4b85-98ff-6a1f5b0024c6 in the queue, number of delete block transactions: 1
2021-08-16 02:09:46,281 [SCMBlockDeletingService#0] DEBUG block.SCMBlockDeletingService (SCMBlockDeletingService.java:call(164)) - Added delete block command for datanode bd4316f7-8522-4e92-952a-a3dfbeefbfef in the queue, number of delete block transactions: 1
2021-08-16 02:09:46,281 [SCMBlockDeletingService#0] DEBUG block.SCMBlockDeletingService (SCMBlockDeletingService.java:call(164)) - Added delete block command for datanode 4c5d3f80-455e-48af-b42d-db12d94a5acc in the queue, number of delete block transactions: 1
2021-08-16 02:09:46,281 [SCMBlockDeletingService#0] INFO  block.SCMBlockDeletingService (SCMBlockDeletingService.java:call(174)) - Totally added 3 blocks to be deleted for 3 datanodes, task elapsed time: 1ms
2021-08-16 02:09:46,380 [SCMBlockDeletingService#0] DEBUG block.SCMBlockDeletingService (SCMBlockDeletingService.java:call(133)) - Running DeletedBlockTransactionScanner
2021-08-16 02:09:46,381 [SCMBlockDeletingService#0] DEBUG block.SCMBlockDeletingService (DatanodeDeletedBlockTransactions.java:addTransactionToDN(50)) - Transaction added: bd4316f7-8522-4e92-952a-a3dfbeefbfef <- TX(1)
2021-08-16 02:09:46,381 [SCMBlockDeletingService#0] DEBUG block.SCMBlockDeletingService (DatanodeDeletedBlockTransactions.java:addTransactionToDN(50)) - Transaction added: 4c5d3f80-455e-48af-b42d-db12d94a5acc <- TX(1)
2021-08-16 02:09:46,381 [SCMBlockDeletingService#0] DEBUG block.SCMBlockDeletingService (DatanodeDeletedBlockTransactions.java:addTransactionToDN(50)) - Transaction added: e9132cce-c60f-4b85-98ff-6a1f5b0024c6 <- TX(1)
2021-08-16 02:09:46,381 [SCMBlockDeletingService#0] DEBUG block.SCMBlockDeletingService (SCMBlockDeletingService.java:call(164)) - Added delete block command for datanode e9132cce-c60f-4b85-98ff-6a1f5b0024c6 in the queue, number of delete block transactions: 1
2021-08-16 02:09:46,381 [SCMBlockDeletingService#0] DEBUG block.SCMBlockDeletingService (SCMBlockDeletingService.java:call(164)) - Added delete block command for datanode bd4316f7-8522-4e92-952a-a3dfbeefbfef in the queue, number of delete block transactions: 1
2021-08-16 02:09:46,381 [SCMBlockDeletingService#0] DEBUG block.SCMBlockDeletingService (SCMBlockDeletingService.java:call(164)) - Added delete block command for datanode 4c5d3f80-455e-48af-b42d-db12d94a5acc in the queue, number of delete block transactions: 1
2021-08-16 02:09:46,381 [SCMBlockDeletingService#0] INFO  block.SCMBlockDeletingService (SCMBlockDeletingService.java:call(174)) - Totally added 3 blocks to be deleted for 3 datanodes, task elapsed time: 0ms
2021-08-16 02:09:46,481 [SCMBlockDeletingService#0] DEBUG block.SCMBlockDeletingService (SCMBlockDeletingService.java:call(133)) - Running DeletedBlockTransactionScanner
2021-08-16 02:09:46,481 [SCMBlockDeletingService#0] DEBUG block.SCMBlockDeletingService (DatanodeDeletedBlockTransactions.java:addTransactionToDN(50)) - Transaction added: bd4316f7-8522-4e92-952a-a3dfbeefbfef <- TX(1)
2021-08-16 02:09:46,481 [SCMBlockDeletingService#0] DEBUG block.SCMBlockDeletingService (DatanodeDeletedBlockTransactions.java:addTransactionToDN(50)) - Transaction added: 4c5d3f80-455e-48af-b42d-db12d94a5acc <- TX(1)
2021-08-16 02:09:46,481 [SCMBlockDeletingService#0] DEBUG block.SCMBlockDeletingService (DatanodeDeletedBlockTransactions.java:addTransactionToDN(50)) - Transaction added: e9132cce-c60f-4b85-98ff-6a1f5b0024c6 <- TX(1)
2021-08-16 02:09:46,481 [SCMBlockDeletingService#0] DEBUG block.SCMBlockDeletingService (SCMBlockDeletingService.java:call(164)) - Added delete block command for datanode e9132cce-c60f-4b85-98ff-6a1f5b0024c6 in the queue, number of delete block transactions: 1
2021-08-16 02:09:46,481 [SCMBlockDeletingService#0] DEBUG block.SCMBlockDeletingService (SCMBlockDeletingService.java:call(164)) - Added delete block command for datanode bd4316f7-8522-4e92-952a-a3dfbeefbfef in the queue, number of delete block transactions: 1
2021-08-16 02:09:46,481 [SCMBlockDeletingService#0] DEBUG block.SCMBlockDeletingService (SCMBlockDeletingService.java:call(164)) - Added delete block command for datanode 4c5d3f80-455e-48af-b42d-db12d94a5acc in the queue, number of delete block transactions: 1
2021-08-16 02:09:46,481 [SCMBlockDeletingService#0] INFO  block.SCMBlockDeletingService (SCMBlockDeletingService.java:call(174)) - Totally added 3 blocks to be deleted for 3 datanodes, task elapsed time: 0ms
2021-08-16 02:09:46,581 [SCMBlockDeletingService#0] DEBUG block.SCMBlockDeletingService (SCMBlockDeletingService.java:call(133)) - Running DeletedBlockTransactionScanner
2021-08-16 02:09:46,581 [SCMBlockDeletingService#0] DEBUG block.SCMBlockDeletingService (DatanodeDeletedBlockTransactions.java:addTransactionToDN(50)) - Transaction added: bd4316f7-8522-4e92-952a-a3dfbeefbfef <- TX(1)
2021-08-16 02:09:46,581 [SCMBlockDeletingService#0] DEBUG block.SCMBlockDeletingService (DatanodeDeletedBlockTransactions.java:addTransactionToDN(50)) - Transaction added: 4c5d3f80-455e-48af-b42d-db12d94a5acc <- TX(1)
2021-08-16 02:09:46,581 [SCMBlockDeletingService#0] DEBUG block.SCMBlockDeletingService (DatanodeDeletedBlockTransactions.java:addTransactionToDN(50)) - Transaction added: e9132cce-c60f-4b85-98ff-6a1f5b0024c6 <- TX(1)
2021-08-16 02:09:46,581 [SCMBlockDeletingService#0] DEBUG block.SCMBlockDeletingService (SCMBlockDeletingService.java:call(164)) - Added delete block command for datanode e9132cce-c60f-4b85-98ff-6a1f5b0024c6 in the queue, number of delete block transactions: 1
2021-08-16 02:09:46,581 [SCMBlockDeletingService#0] DEBUG block.SCMBlockDeletingService (SCMBlockDeletingService.java:call(164)) - Added delete block command for datanode bd4316f7-8522-4e92-952a-a3dfbeefbfef in the queue, number of delete block transactions: 1
2021-08-16 02:09:46,581 [SCMBlockDeletingService#0] DEBUG block.SCMBlockDeletingService (SCMBlockDeletingService.java:call(164)) - Added delete block command for datanode 4c5d3f80-455e-48af-b42d-db12d94a5acc in the queue, number of delete block transactions: 1
2021-08-16 02:09:46,581 [SCMBlockDeletingService#0] INFO  block.SCMBlockDeletingService (SCMBlockDeletingService.java:call(174)) - Totally added 3 blocks to be deleted for 3 datanodes, task elapsed time: 0ms
2021-08-16 02:09:46,681 [SCMBlockDeletingService#0] DEBUG block.SCMBlockDeletingService (SCMBlockDeletingService.java:call(133)) - Running DeletedBlockTransactionScanner
2021-08-16 02:09:46,681 [SCMBlockDeletingService#0] DEBUG block.SCMBlockDeletingService (DatanodeDeletedBlockTransactions.java:addTransactionToDN(50)) - Transaction added: bd4316f7-8522-4e92-952a-a3dfbeefbfef <- TX(1)
2021-08-16 02:09:46,681 [SCMBlockDeletingService#0] DEBUG block.SCMBlockDeletingService (DatanodeDeletedBlockTransactions.java:addTransactionToDN(50)) - Transaction added: 4c5d3f80-455e-48af-b42d-db12d94a5acc <- TX(1)
2021-08-16 02:09:46,681 [SCMBlockDeletingService#0] DEBUG block.SCMBlockDeletingService (DatanodeDeletedBlockTransactions.java:addTransactionToDN(50)) - Transaction added: e9132cce-c60f-4b85-98ff-6a1f5b0024c6 <- TX(1)
2021-08-16 02:09:46,681 [SCMBlockDeletingService#0] DEBUG block.SCMBlockDeletingService (SCMBlockDeletingService.java:call(164)) - Added delete block command for datanode e9132cce-c60f-4b85-98ff-6a1f5b0024c6 in the queue, number of delete block transactions: 1
2021-08-16 02:09:46,681 [SCMBlockDeletingService#0] DEBUG block.SCMBlockDeletingService (SCMBlockDeletingService.java:call(164)) - Added delete block command for datanode bd4316f7-8522-4e92-952a-a3dfbeefbfef in the queue, number of delete block transactions: 1
2021-08-16 02:09:46,681 [SCMBlockDeletingService#0] DEBUG block.SCMBlockDeletingService (SCMBlockDeletingService.java:call(164)) - Added delete block command for datanode 4c5d3f80-455e-48af-b42d-db12d94a5acc in the queue, number of delete block transactions: 1
2021-08-16 02:09:46,681 [SCMBlockDeletingService#0] INFO  block.SCMBlockDeletingService (SCMBlockDeletingService.java:call(174)) - Totally added 3 blocks to be deleted for 3 datanodes, task elapsed time: 0ms
2021-08-16 02:09:46,781 [SCMBlockDeletingService#0] DEBUG block.SCMBlockDeletingService (SCMBlockDeletingService.java:call(133)) - Running DeletedBlockTransactionScanner
2021-08-16 02:09:46,781 [SCMBlockDeletingService#0] DEBUG block.SCMBlockDeletingService (DatanodeDeletedBlockTransactions.java:addTransactionToDN(50)) - Transaction added: bd4316f7-8522-4e92-952a-a3dfbeefbfef <- TX(1)
2021-08-16 02:09:46,781 [SCMBlockDeletingService#0] DEBUG block.SCMBlockDeletingService (DatanodeDeletedBlockTransactions.java:addTransactionToDN(50)) - Transaction added: 4c5d3f80-455e-48af-b42d-db12d94a5acc <- TX(1)
2021-08-16 02:09:46,781 [SCMBlockDeletingService#0] DEBUG block.SCMBlockDeletingService (DatanodeDeletedBlockTransactions.java:addTransactionToDN(50)) - Transaction added: e9132cce-c60f-4b85-98ff-6a1f5b0024c6 <- TX(1)
2021-08-16 02:09:46,781 [SCMBlockDeletingService#0] DEBUG block.SCMBlockDeletingService (SCMBlockDeletingService.java:call(164)) - Added delete block command for datanode e9132cce-c60f-4b85-98ff-6a1f5b0024c6 in the queue, number of delete block transactions: 1
2021-08-16 02:09:46,781 [SCMBlockDeletingService#0] DEBUG block.SCMBlockDeletingService (SCMBlockDeletingService.java:call(164)) - Added delete block command for datanode bd4316f7-8522-4e92-952a-a3dfbeefbfef in the queue, number of delete block transactions: 1
2021-08-16 02:09:46,781 [SCMBlockDeletingService#0] DEBUG block.SCMBlockDeletingService (SCMBlockDeletingService.java:call(164)) - Added delete block command for datanode 4c5d3f80-455e-48af-b42d-db12d94a5acc in the queue, number of delete block transactions: 1
2021-08-16 02:09:46,781 [SCMBlockDeletingService#0] INFO  block.SCMBlockDeletingService (SCMBlockDeletingService.java:call(174)) - Totally added 3 blocks to be deleted for 3 datanodes, task elapsed time: 0ms
2021-08-16 02:09:46,868 [org.apache.hadoop.ozone.container.common.statemachine.commandhandler.DeleteBlocksCommandHandler$DeleteCmdWorker@2da3a042] INFO  commandhandler.DeleteBlocksCommandHandler (DeleteBlocksCommandHandler.java:processCmd(261)) - Start to delete container blocks, TXIDs=[1(0)], numOfContainers=1, numOfBlocks=1
2021-08-16 02:09:46,880 [org.apache.hadoop.ozone.container.common.statemachine.commandhandler.DeleteBlocksCommandHandler$DeleteCmdWorker@2da3a042] INFO  commandhandler.DeleteBlocksCommandHandler (DeleteBlocksCommandHandler.java:processCmd(261)) - Start to delete container blocks, TXIDs=[1(0)], numOfContainers=1, numOfBlocks=1
2021-08-16 02:09:46,881 [SCMBlockDeletingService#0] DEBUG block.SCMBlockDeletingService (SCMBlockDeletingService.java:call(133)) - Running DeletedBlockTransactionScanner
2021-08-16 02:09:46,881 [SCMBlockDeletingService#0] DEBUG block.SCMBlockDeletingService (DatanodeDeletedBlockTransactions.java:addTransactionToDN(50)) - Transaction added: bd4316f7-8522-4e92-952a-a3dfbeefbfef <- TX(1)
2021-08-16 02:09:46,881 [SCMBlockDeletingService#0] DEBUG block.SCMBlockDeletingService (DatanodeDeletedBlockTransactions.java:addTransactionToDN(50)) - Transaction added: 4c5d3f80-455e-48af-b42d-db12d94a5acc <- TX(1)
2021-08-16 02:09:46,881 [SCMBlockDeletingService#0] DEBUG block.SCMBlockDeletingService (DatanodeDeletedBlockTransactions.java:addTransactionToDN(50)) - Transaction added: e9132cce-c60f-4b85-98ff-6a1f5b0024c6 <- TX(1)
2021-08-16 02:09:46,881 [SCMBlockDeletingService#0] DEBUG block.SCMBlockDeletingService (SCMBlockDeletingService.java:call(164)) - Added delete block command for datanode e9132cce-c60f-4b85-98ff-6a1f5b0024c6 in the queue, number of delete block transactions: 1
2021-08-16 02:09:46,881 [SCMBlockDeletingService#0] DEBUG block.SCMBlockDeletingService (SCMBlockDeletingService.java:call(164)) - Added delete block command for datanode bd4316f7-8522-4e92-952a-a3dfbeefbfef in the queue, number of delete block transactions: 1
2021-08-16 02:09:46,881 [SCMBlockDeletingService#0] DEBUG block.SCMBlockDeletingService (SCMBlockDeletingService.java:call(164)) - Added delete block command for datanode 4c5d3f80-455e-48af-b42d-db12d94a5acc in the queue, number of delete block transactions: 1
2021-08-16 02:09:46,881 [SCMBlockDeletingService#0] INFO  block.SCMBlockDeletingService (SCMBlockDeletingService.java:call(174)) - Totally added 3 blocks to be deleted for 3 datanodes, task elapsed time: 0ms
2021-08-16 02:09:46,981 [SCMBlockDeletingService#0] DEBUG block.SCMBlockDeletingService (SCMBlockDeletingService.java:call(133)) - Running DeletedBlockTransactionScanner
2021-08-16 02:09:46,981 [SCMBlockDeletingService#0] DEBUG block.SCMBlockDeletingService (DatanodeDeletedBlockTransactions.java:addTransactionToDN(50)) - Transaction added: bd4316f7-8522-4e92-952a-a3dfbeefbfef <- TX(1)
2021-08-16 02:09:46,981 [SCMBlockDeletingService#0] DEBUG block.SCMBlockDeletingService (DatanodeDeletedBlockTransactions.java:addTransactionToDN(50)) - Transaction added: 4c5d3f80-455e-48af-b42d-db12d94a5acc <- TX(1)
2021-08-16 02:09:46,981 [SCMBlockDeletingService#0] DEBUG block.SCMBlockDeletingService (DatanodeDeletedBlockTransactions.java:addTransactionToDN(50)) - Transaction added: e9132cce-c60f-4b85-98ff-6a1f5b0024c6 <- TX(1)
2021-08-16 02:09:46,981 [SCMBlockDeletingService#0] DEBUG block.SCMBlockDeletingService (SCMBlockDeletingService.java:call(164)) - Added delete block command for datanode e9132cce-c60f-4b85-98ff-6a1f5b0024c6 in the queue, number of delete block transactions: 1
2021-08-16 02:09:46,981 [SCMBlockDeletingService#0] DEBUG block.SCMBlockDeletingService (SCMBlockDeletingService.java:call(164)) - Added delete block command for datanode bd4316f7-8522-4e92-952a-a3dfbeefbfef in the queue, number of delete block transactions: 1
2021-08-16 02:09:46,981 [SCMBlockDeletingService#0] DEBUG block.SCMBlockDeletingService (SCMBlockDeletingService.java:call(164)) - Added delete block command for datanode 4c5d3f80-455e-48af-b42d-db12d94a5acc in the queue, number of delete block transactions: 1
2021-08-16 02:09:46,981 [SCMBlockDeletingService#0] INFO  block.SCMBlockDeletingService (SCMBlockDeletingService.java:call(174)) - Totally added 3 blocks to be deleted for 3 datanodes, task elapsed time: 1ms
2021-08-16 02:09:46,982 [BlockDeletingService#6] INFO  background.BlockDeletingService (BlockDeletingService.java:getTasks(158)) - Plan to choose 5000 blocks for block deletion, actually deleting 1 blocks.
2021-08-16 02:09:46,983 [BlockDeletingService#6] INFO  impl.FilePerBlockStrategy (FilePerBlockStrategy.java:deleteChunk(227)) - Deleted block file: /home/runner/work/ozone/ozone/hadoop-ozone/integration-test/target/test-dir/MiniOzoneClusterImpl-6c1f9dad-945a-4399-911a-83f70586d44a/datanode-0/data-0/containers/hdds/6c1f9dad-945a-4399-911a-83f70586d44a/current/containerDir0/1/chunks/107544261427200001.block
2021-08-16 02:09:46,983 [BlockDeletingService#6] INFO  background.BlockDeletingService (BlockDeletingService.java:deleteViaSchema2(447)) - Container: 1, deleted blocks: 1, task elapsed time: 1ms
2021-08-16 02:09:47,081 [SCMBlockDeletingService#0] DEBUG block.SCMBlockDeletingService (SCMBlockDeletingService.java:call(133)) - Running DeletedBlockTransactionScanner
2021-08-16 02:09:47,081 [SCMBlockDeletingService#0] DEBUG block.SCMBlockDeletingService (DatanodeDeletedBlockTransactions.java:addTransactionToDN(50)) - Transaction added: bd4316f7-8522-4e92-952a-a3dfbeefbfef <- TX(1)
2021-08-16 02:09:47,081 [SCMBlockDeletingService#0] DEBUG block.SCMBlockDeletingService (DatanodeDeletedBlockTransactions.java:addTransactionToDN(50)) - Transaction added: 4c5d3f80-455e-48af-b42d-db12d94a5acc <- TX(1)
2021-08-16 02:09:47,081 [SCMBlockDeletingService#0] DEBUG block.SCMBlockDeletingService (DatanodeDeletedBlockTransactions.java:addTransactionToDN(50)) - Transaction added: e9132cce-c60f-4b85-98ff-6a1f5b0024c6 <- TX(1)
2021-08-16 02:09:47,081 [SCMBlockDeletingService#0] DEBUG block.SCMBlockDeletingService (SCMBlockDeletingService.java:call(164)) - Added delete block command for datanode e9132cce-c60f-4b85-98ff-6a1f5b0024c6 in the queue, number of delete block transactions: 1
2021-08-16 02:09:47,081 [SCMBlockDeletingService#0] DEBUG block.SCMBlockDeletingService (SCMBlockDeletingService.java:call(164)) - Added delete block command for datanode bd4316f7-8522-4e92-952a-a3dfbeefbfef in the queue, number of delete block transactions: 1
2021-08-16 02:09:47,082 [SCMBlockDeletingService#0] DEBUG block.SCMBlockDeletingService (SCMBlockDeletingService.java:call(164)) - Added delete block command for datanode 4c5d3f80-455e-48af-b42d-db12d94a5acc in the queue, number of delete block transactions: 1
2021-08-16 02:09:47,082 [SCMBlockDeletingService#0] INFO  block.SCMBlockDeletingService (SCMBlockDeletingService.java:call(174)) - Totally added 3 blocks to be deleted for 3 datanodes, task elapsed time: 1ms
2021-08-16 02:09:47,104 [EventQueue-DeleteBlockStatusForDeletedBlockLogImpl] DEBUG block.DeletedBlockLogImpl (DeletedBlockLogImpl.java:isTransactionFailed(278)) - Got block deletion ACK from datanode, TXIDs=1, success=true
2021-08-16 02:09:47,104 [EventQueue-DeleteBlockStatusForDeletedBlockLogImpl] DEBUG block.DeletedBlockLogImpl (DeletedBlockLogImpl.java:commitTransactions(256)) - Datanode txId=1 containerId=#1 committed by dnId=bd4316f7-8522-4e92-952a-a3dfbeefbfef
2021-08-16 02:09:47,104 [EventQueue-DeleteBlockStatusForDeletedBlockLogImpl] DEBUG block.DeletedBlockLogImpl (DeletedBlockLogImpl.java:isTransactionFailed(278)) - Got block deletion ACK from datanode, TXIDs=1, success=true
2021-08-16 02:09:47,104 [EventQueue-DeleteBlockStatusForDeletedBlockLogImpl] DEBUG block.DeletedBlockLogImpl (DeletedBlockLogImpl.java:commitTransactions(256)) - Datanode txId=1 containerId=#1 committed by dnId=bd4316f7-8522-4e92-952a-a3dfbeefbfef
2021-08-16 02:09:47,181 [SCMBlockDeletingService#0] DEBUG block.SCMBlockDeletingService (SCMBlockDeletingService.java:call(133)) - Running DeletedBlockTransactionScanner
2021-08-16 02:09:47,181 [SCMBlockDeletingService#0] DEBUG block.SCMBlockDeletingService (DatanodeDeletedBlockTransactions.java:addTransactionToDN(50)) - Transaction added: 4c5d3f80-455e-48af-b42d-db12d94a5acc <- TX(1)
2021-08-16 02:09:47,181 [SCMBlockDeletingService#0] DEBUG block.SCMBlockDeletingService (DatanodeDeletedBlockTransactions.java:addTransactionToDN(50)) - Transaction added: e9132cce-c60f-4b85-98ff-6a1f5b0024c6 <- TX(1)
2021-08-16 02:09:47,181 [SCMBlockDeletingService#0] DEBUG block.SCMBlockDeletingService (SCMBlockDeletingService.java:call(164)) - Added delete block command for datanode e9132cce-c60f-4b85-98ff-6a1f5b0024c6 in the queue, number of delete block transactions: 1
2021-08-16 02:09:47,182 [SCMBlockDeletingService#0] DEBUG block.SCMBlockDeletingService (SCMBlockDeletingService.java:call(164)) - Added delete block command for datanode 4c5d3f80-455e-48af-b42d-db12d94a5acc in the queue, number of delete block transactions: 1
2021-08-16 02:09:47,182 [SCMBlockDeletingService#0] INFO  block.SCMBlockDeletingService (SCMBlockDeletingService.java:call(174)) - Totally added 2 blocks to be deleted for 2 datanodes, task elapsed time: 1ms
2021-08-16 02:09:47,281 [SCMBlockDeletingService#0] DEBUG block.SCMBlockDeletingService (SCMBlockDeletingService.java:call(133)) - Running DeletedBlockTransactionScanner
2021-08-16 02:09:47,281 [SCMBlockDeletingService#0] DEBUG block.SCMBlockDeletingService (DatanodeDeletedBlockTransactions.java:addTransactionToDN(50)) - Transaction added: 4c5d3f80-455e-48af-b42d-db12d94a5acc <- TX(1)
2021-08-16 02:09:47,282 [SCMBlockDeletingService#0] DEBUG block.SCMBlockDeletingService (DatanodeDeletedBlockTransactions.java:addTransactionToDN(50)) - Transaction added: e9132cce-c60f-4b85-98ff-6a1f5b0024c6 <- TX(1)
2021-08-16 02:09:47,282 [SCMBlockDeletingService#0] DEBUG block.SCMBlockDeletingService (SCMBlockDeletingService.java:call(164)) - Added delete block command for datanode e9132cce-c60f-4b85-98ff-6a1f5b0024c6 in the queue, number of delete block transactions: 1
2021-08-16 02:09:47,282 [SCMBlockDeletingService#0] DEBUG block.SCMBlockDeletingService (SCMBlockDeletingService.java:call(164)) - Added delete block command for datanode 4c5d3f80-455e-48af-b42d-db12d94a5acc in the queue, number of delete block transactions: 1
2021-08-16 02:09:47,282 [SCMBlockDeletingService#0] INFO  block.SCMBlockDeletingService (SCMBlockDeletingService.java:call(174)) - Totally added 2 blocks to be deleted for 2 datanodes, task elapsed time: 1ms
2021-08-16 02:09:47,381 [SCMBlockDeletingService#0] DEBUG block.SCMBlockDeletingService (SCMBlockDeletingService.java:call(133)) - Running DeletedBlockTransactionScanner
2021-08-16 02:09:47,381 [SCMBlockDeletingService#0] DEBUG block.SCMBlockDeletingService (DatanodeDeletedBlockTransactions.java:addTransactionToDN(50)) - Transaction added: 4c5d3f80-455e-48af-b42d-db12d94a5acc <- TX(1)
2021-08-16 02:09:47,382 [SCMBlockDeletingService#0] DEBUG block.SCMBlockDeletingService (DatanodeDeletedBlockTransactions.java:addTransactionToDN(50)) - Transaction added: e9132cce-c60f-4b85-98ff-6a1f5b0024c6 <- TX(1)
2021-08-16 02:09:47,382 [SCMBlockDeletingService#0] DEBUG block.SCMBlockDeletingService (SCMBlockDeletingService.java:call(164)) - Added delete block command for datanode e9132cce-c60f-4b85-98ff-6a1f5b0024c6 in the queue, number of delete block transactions: 1
2021-08-16 02:09:47,382 [SCMBlockDeletingService#0] DEBUG block.SCMBlockDeletingService (SCMBlockDeletingService.java:call(164)) - Added delete block command for datanode 4c5d3f80-455e-48af-b42d-db12d94a5acc in the queue, number of delete block transactions: 1
2021-08-16 02:09:47,382 [SCMBlockDeletingService#0] INFO  block.SCMBlockDeletingService (SCMBlockDeletingService.java:call(174)) - Totally added 2 blocks to be deleted for 2 datanodes, task elapsed time: 1ms
2021-08-16 02:09:47,402 [org.apache.hadoop.ozone.container.common.statemachine.commandhandler.DeleteBlocksCommandHandler$DeleteCmdWorker@22c15ebc] INFO  commandhandler.DeleteBlocksCommandHandler (DeleteBlocksCommandHandler.java:processCmd(261)) - Start to delete container blocks, TXIDs=[1(0)], numOfContainers=1, numOfBlocks=1
2021-08-16 02:09:47,403 [org.apache.hadoop.ozone.container.common.statemachine.commandhandler.DeleteBlocksCommandHandler$DeleteCmdWorker@22c15ebc] INFO  commandhandler.DeleteBlocksCommandHandler (DeleteBlocksCommandHandler.java:processCmd(261)) - Start to delete container blocks, TXIDs=[1(0)], numOfContainers=1, numOfBlocks=1
2021-08-16 02:09:47,403 [org.apache.hadoop.ozone.container.common.statemachine.commandhandler.DeleteBlocksCommandHandler$DeleteCmdWorker@22c15ebc] INFO  commandhandler.DeleteBlocksCommandHandler (DeleteBlocksCommandHandler.java:processCmd(261)) - Start to delete container blocks, TXIDs=[1(0)], numOfContainers=1, numOfBlocks=1
2021-08-16 02:09:47,403 [org.apache.hadoop.ozone.container.common.statemachine.commandhandler.DeleteBlocksCommandHandler$DeleteCmdWorker@22c15ebc] INFO  commandhandler.DeleteBlocksCommandHandler (DeleteBlocksCommandHandler.java:processCmd(261)) - Start to delete container blocks, TXIDs=[1(0)], numOfContainers=1, numOfBlocks=1
2021-08-16 02:09:47,403 [org.apache.hadoop.ozone.container.common.statemachine.commandhandler.DeleteBlocksCommandHandler$DeleteCmdWorker@22c15ebc] INFO  commandhandler.DeleteBlocksCommandHandler (DeleteBlocksCommandHandler.java:processCmd(261)) - Start to delete container blocks, TXIDs=[1(0)], numOfContainers=1, numOfBlocks=1
2021-08-16 02:09:47,403 [org.apache.hadoop.ozone.container.common.statemachine.commandhandler.DeleteBlocksCommandHandler$DeleteCmdWorker@22c15ebc] INFO  commandhandler.DeleteBlocksCommandHandler (DeleteBlocksCommandHandler.java:processCmd(261)) - Start to delete container blocks, TXIDs=[1(0)], numOfContainers=1, numOfBlocks=1
2021-08-16 02:09:47,403 [org.apache.hadoop.ozone.container.common.statemachine.commandhandler.DeleteBlocksCommandHandler$DeleteCmdWorker@22c15ebc] INFO  commandhandler.DeleteBlocksCommandHandler (DeleteBlocksCommandHandler.java:processCmd(261)) - Start to delete container blocks, TXIDs=[1(0)], numOfContainers=1, numOfBlocks=1
2021-08-16 02:09:47,403 [org.apache.hadoop.ozone.container.common.statemachine.commandhandler.DeleteBlocksCommandHandler$DeleteCmdWorker@22c15ebc] INFO  commandhandler.DeleteBlocksCommandHandler (DeleteBlocksCommandHandler.java:processCmd(261)) - Start to delete container blocks, TXIDs=[1(0)], numOfContainers=1, numOfBlocks=1
2021-08-16 02:09:47,403 [org.apache.hadoop.ozone.container.common.statemachine.commandhandler.DeleteBlocksCommandHandler$DeleteCmdWorker@22c15ebc] INFO  commandhandler.DeleteBlocksCommandHandler (DeleteBlocksCommandHandler.java:processCmd(261)) - Start to delete container blocks, TXIDs=[1(0)], numOfContainers=1, numOfBlocks=1
2021-08-16 02:09:47,404 [org.apache.hadoop.ozone.container.common.statemachine.commandhandler.DeleteBlocksCommandHandler$DeleteCmdWorker@22c15ebc] INFO  commandhandler.DeleteBlocksCommandHandler (DeleteBlocksCommandHandler.java:processCmd(261)) - Start to delete container blocks, TXIDs=[1(0)], numOfContainers=1, numOfBlocks=1
2021-08-16 02:09:47,404 [org.apache.hadoop.ozone.container.common.statemachine.commandhandler.DeleteBlocksCommandHandler$DeleteCmdWorker@22c15ebc] INFO  commandhandler.DeleteBlocksCommandHandler (DeleteBlocksCommandHandler.java:processCmd(261)) - Start to delete container blocks, TXIDs=[1(0)], numOfContainers=1, numOfBlocks=1
2021-08-16 02:09:47,404 [org.apache.hadoop.ozone.container.common.statemachine.commandhandler.DeleteBlocksCommandHandler$DeleteCmdWorker@22c15ebc] INFO  commandhandler.DeleteBlocksCommandHandler (DeleteBlocksCommandHandler.java:processCmd(261)) - Start to delete container blocks, TXIDs=[1(0)], numOfContainers=1, numOfBlocks=1
2021-08-16 02:09:47,404 [org.apache.hadoop.ozone.container.common.statemachine.commandhandler.DeleteBlocksCommandHandler$DeleteCmdWorker@22c15ebc] INFO  commandhandler.DeleteBlocksCommandHandler (DeleteBlocksCommandHandler.java:processCmd(261)) - Start to delete container blocks, TXIDs=[1(0)], numOfContainers=1, numOfBlocks=1
2021-08-16 02:09:47,404 [org.apache.hadoop.ozone.container.common.statemachine.commandhandler.DeleteBlocksCommandHandler$DeleteCmdWorker@22c15ebc] INFO  commandhandler.DeleteBlocksCommandHandler (DeleteBlocksCommandHandler.java:processCmd(261)) - Start to delete container blocks, TXIDs=[1(0)], numOfContainers=1, numOfBlocks=1
2021-08-16 02:09:47,465 [BlockDeletingService#2] INFO  background.BlockDeletingService (BlockDeletingService.java:getTasks(158)) - Plan to choose 5000 blocks for block deletion, actually deleting 1 blocks.
2021-08-16 02:09:47,466 [BlockDeletingService#2] INFO  impl.FilePerBlockStrategy (FilePerBlockStrategy.java:deleteChunk(227)) - Deleted block file: /home/runner/work/ozone/ozone/hadoop-ozone/integration-test/target/test-dir/MiniOzoneClusterImpl-6c1f9dad-945a-4399-911a-83f70586d44a/datanode-1/data-0/containers/hdds/6c1f9dad-945a-4399-911a-83f70586d44a/current/containerDir0/1/chunks/107544261427200001.block
2021-08-16 02:09:47,467 [BlockDeletingService#2] INFO  background.BlockDeletingService (BlockDeletingService.java:deleteViaSchema2(447)) - Container: 1, deleted blocks: 1, task elapsed time: 1ms
2021-08-16 02:09:47,481 [SCMBlockDeletingService#0] DEBUG block.SCMBlockDeletingService (SCMBlockDeletingService.java:call(133)) - Running DeletedBlockTransactionScanner
2021-08-16 02:09:47,481 [SCMBlockDeletingService#0] DEBUG block.SCMBlockDeletingService (DatanodeDeletedBlockTransactions.java:addTransactionToDN(50)) - Transaction added: 4c5d3f80-455e-48af-b42d-db12d94a5acc <- TX(1)
2021-08-16 02:09:47,482 [SCMBlockDeletingService#0] DEBUG block.SCMBlockDeletingService (DatanodeDeletedBlockTransactions.java:addTransactionToDN(50)) - Transaction added: e9132cce-c60f-4b85-98ff-6a1f5b0024c6 <- TX(1)
2021-08-16 02:09:47,482 [SCMBlockDeletingService#0] DEBUG block.SCMBlockDeletingService (SCMBlockDeletingService.java:call(164)) - Added delete block command for datanode e9132cce-c60f-4b85-98ff-6a1f5b0024c6 in the queue, number of delete block transactions: 1
2021-08-16 02:09:47,482 [SCMBlockDeletingService#0] DEBUG block.SCMBlockDeletingService (SCMBlockDeletingService.java:call(164)) - Added delete block command for datanode 4c5d3f80-455e-48af-b42d-db12d94a5acc in the queue, number of delete block transactions: 1
2021-08-16 02:09:47,482 [SCMBlockDeletingService#0] INFO  block.SCMBlockDeletingService (SCMBlockDeletingService.java:call(174)) - Totally added 2 blocks to be deleted for 2 datanodes, task elapsed time: 1ms
2021-08-16 02:09:47,581 [SCMBlockDeletingService#0] DEBUG block.SCMBlockDeletingService (SCMBlockDeletingService.java:call(133)) - Running DeletedBlockTransactionScanner
2021-08-16 02:09:47,582 [SCMBlockDeletingService#0] DEBUG block.SCMBlockDeletingService (DatanodeDeletedBlockTransactions.java:addTransactionToDN(50)) - Transaction added: 4c5d3f80-455e-48af-b42d-db12d94a5acc <- TX(1)
2021-08-16 02:09:47,582 [SCMBlockDeletingService#0] DEBUG block.SCMBlockDeletingService (DatanodeDeletedBlockTransactions.java:addTransactionToDN(50)) - Transaction added: e9132cce-c60f-4b85-98ff-6a1f5b0024c6 <- TX(1)
2021-08-16 02:09:47,582 [SCMBlockDeletingService#0] DEBUG block.SCMBlockDeletingService (SCMBlockDeletingService.java:call(164)) - Added delete block command for datanode e9132cce-c60f-4b85-98ff-6a1f5b0024c6 in the queue, number of delete block transactions: 1
2021-08-16 02:09:47,582 [SCMBlockDeletingService#0] DEBUG block.SCMBlockDeletingService (SCMBlockDeletingService.java:call(164)) - Added delete block command for datanode 4c5d3f80-455e-48af-b42d-db12d94a5acc in the queue, number of delete block transactions: 1
2021-08-16 02:09:47,582 [SCMBlockDeletingService#0] INFO  block.SCMBlockDeletingService (SCMBlockDeletingService.java:call(174)) - Totally added 2 blocks to be deleted for 2 datanodes, task elapsed time: 0ms
2021-08-16 02:09:47,681 [SCMBlockDeletingService#0] DEBUG block.SCMBlockDeletingService (SCMBlockDeletingService.java:call(133)) - Running DeletedBlockTransactionScanner
2021-08-16 02:09:47,682 [SCMBlockDeletingService#0] DEBUG block.SCMBlockDeletingService (DatanodeDeletedBlockTransactions.java:addTransactionToDN(50)) - Transaction added: 4c5d3f80-455e-48af-b42d-db12d94a5acc <- TX(1)
2021-08-16 02:09:47,682 [SCMBlockDeletingService#0] DEBUG block.SCMBlockDeletingService (DatanodeDeletedBlockTransactions.java:addTransactionToDN(50)) - Transaction added: e9132cce-c60f-4b85-98ff-6a1f5b0024c6 <- TX(1)
2021-08-16 02:09:47,682 [SCMBlockDeletingService#0] DEBUG block.SCMBlockDeletingService (SCMBlockDeletingService.java:call(164)) - Added delete block command for datanode e9132cce-c60f-4b85-98ff-6a1f5b0024c6 in the queue, number of delete block transactions: 1
2021-08-16 02:09:47,682 [SCMBlockDeletingService#0] DEBUG block.SCMBlockDeletingService (SCMBlockDeletingService.java:call(164)) - Added delete block command for datanode 4c5d3f80-455e-48af-b42d-db12d94a5acc in the queue, number of delete block transactions: 1
2021-08-16 02:09:47,682 [SCMBlockDeletingService#0] INFO  block.SCMBlockDeletingService (SCMBlockDeletingService.java:call(174)) - Totally added 2 blocks to be deleted for 2 datanodes, task elapsed time: 0ms
2021-08-16 02:09:47,691 [EventQueue-DeleteBlockStatusForDeletedBlockLogImpl] DEBUG block.DeletedBlockLogImpl (DeletedBlockLogImpl.java:isTransactionFailed(278)) - Got block deletion ACK from datanode, TXIDs=1, success=true
2021-08-16 02:09:47,691 [EventQueue-DeleteBlockStatusForDeletedBlockLogImpl] DEBUG block.DeletedBlockLogImpl (DeletedBlockLogImpl.java:commitTransactions(256)) - Datanode txId=1 containerId=#1 committed by dnId=4c5d3f80-455e-48af-b42d-db12d94a5acc
2021-08-16 02:09:47,691 [EventQueue-DeleteBlockStatusForDeletedBlockLogImpl] DEBUG block.DeletedBlockLogImpl (DeletedBlockLogImpl.java:isTransactionFailed(278)) - Got block deletion ACK from datanode, TXIDs=1, success=true
2021-08-16 02:09:47,691 [EventQueue-DeleteBlockStatusForDeletedBlockLogImpl] DEBUG block.DeletedBlockLogImpl (DeletedBlockLogImpl.java:commitTransactions(256)) - Datanode txId=1 containerId=#1 committed by dnId=4c5d3f80-455e-48af-b42d-db12d94a5acc
2021-08-16 02:09:47,691 [EventQueue-DeleteBlockStatusForDeletedBlockLogImpl] DEBUG block.DeletedBlockLogImpl (DeletedBlockLogImpl.java:isTransactionFailed(278)) - Got block deletion ACK from datanode, TXIDs=1, success=true
2021-08-16 02:09:47,691 [EventQueue-DeleteBlockStatusForDeletedBlockLogImpl] DEBUG block.DeletedBlockLogImpl (DeletedBlockLogImpl.java:commitTransactions(256)) - Datanode txId=1 containerId=#1 committed by dnId=4c5d3f80-455e-48af-b42d-db12d94a5acc
2021-08-16 02:09:47,691 [EventQueue-DeleteBlockStatusForDeletedBlockLogImpl] DEBUG block.DeletedBlockLogImpl (DeletedBlockLogImpl.java:isTransactionFailed(278)) - Got block deletion ACK from datanode, TXIDs=1, success=true
2021-08-16 02:09:47,691 [EventQueue-DeleteBlockStatusForDeletedBlockLogImpl] DEBUG block.DeletedBlockLogImpl (DeletedBlockLogImpl.java:commitTransactions(256)) - Datanode txId=1 containerId=#1 committed by dnId=4c5d3f80-455e-48af-b42d-db12d94a5acc
2021-08-16 02:09:47,691 [EventQueue-DeleteBlockStatusForDeletedBlockLogImpl] DEBUG block.DeletedBlockLogImpl (DeletedBlockLogImpl.java:isTransactionFailed(278)) - Got block deletion ACK from datanode, TXIDs=1, success=true
2021-08-16 02:09:47,691 [EventQueue-DeleteBlockStatusForDeletedBlockLogImpl] DEBUG block.DeletedBlockLogImpl (DeletedBlockLogImpl.java:commitTransactions(256)) - Datanode txId=1 containerId=#1 committed by dnId=4c5d3f80-455e-48af-b42d-db12d94a5acc
2021-08-16 02:09:47,692 [EventQueue-DeleteBlockStatusForDeletedBlockLogImpl] DEBUG block.DeletedBlockLogImpl (DeletedBlockLogImpl.java:isTransactionFailed(278)) - Got block deletion ACK from datanode, TXIDs=1, success=true
2021-08-16 02:09:47,692 [EventQueue-DeleteBlockStatusForDeletedBlockLogImpl] DEBUG block.DeletedBlockLogImpl (DeletedBlockLogImpl.java:commitTransactions(256)) - Datanode txId=1 containerId=#1 committed by dnId=4c5d3f80-455e-48af-b42d-db12d94a5acc
2021-08-16 02:09:47,692 [EventQueue-DeleteBlockStatusForDeletedBlockLogImpl] DEBUG block.DeletedBlockLogImpl (DeletedBlockLogImpl.java:isTransactionFailed(278)) - Got block deletion ACK from datanode, TXIDs=1, success=true
2021-08-16 02:09:47,692 [EventQueue-DeleteBlockStatusForDeletedBlockLogImpl] DEBUG block.DeletedBlockLogImpl (DeletedBlockLogImpl.java:commitTransactions(256)) - Datanode txId=1 containerId=#1 committed by dnId=4c5d3f80-455e-48af-b42d-db12d94a5acc
2021-08-16 02:09:47,692 [EventQueue-DeleteBlockStatusForDeletedBlockLogImpl] DEBUG block.DeletedBlockLogImpl (DeletedBlockLogImpl.java:isTransactionFailed(278)) - Got block deletion ACK from datanode, TXIDs=1, success=true
2021-08-16 02:09:47,692 [EventQueue-DeleteBlockStatusForDeletedBlockLogImpl] DEBUG block.DeletedBlockLogImpl (DeletedBlockLogImpl.java:commitTransactions(256)) - Datanode txId=1 containerId=#1 committed by dnId=4c5d3f80-455e-48af-b42d-db12d94a5acc
2021-08-16 02:09:47,692 [EventQueue-DeleteBlockStatusForDeletedBlockLogImpl] DEBUG block.DeletedBlockLogImpl (DeletedBlockLogImpl.java:isTransactionFailed(278)) - Got block deletion ACK from datanode, TXIDs=1, success=true
2021-08-16 02:09:47,692 [EventQueue-DeleteBlockStatusForDeletedBlockLogImpl] DEBUG block.DeletedBlockLogImpl (DeletedBlockLogImpl.java:commitTransactions(256)) - Datanode txId=1 containerId=#1 committed by dnId=4c5d3f80-455e-48af-b42d-db12d94a5acc
2021-08-16 02:09:47,692 [EventQueue-DeleteBlockStatusForDeletedBlockLogImpl] DEBUG block.DeletedBlockLogImpl (DeletedBlockLogImpl.java:isTransactionFailed(278)) - Got block deletion ACK from datanode, TXIDs=1, success=true
2021-08-16 02:09:47,692 [EventQueue-DeleteBlockStatusForDeletedBlockLogImpl] DEBUG block.DeletedBlockLogImpl (DeletedBlockLogImpl.java:commitTransactions(256)) - Datanode txId=1 containerId=#1 committed by dnId=4c5d3f80-455e-48af-b42d-db12d94a5acc
2021-08-16 02:09:47,692 [EventQueue-DeleteBlockStatusForDeletedBlockLogImpl] DEBUG block.DeletedBlockLogImpl (DeletedBlockLogImpl.java:isTransactionFailed(278)) - Got block deletion ACK from datanode, TXIDs=1, success=true
2021-08-16 02:09:47,692 [EventQueue-DeleteBlockStatusForDeletedBlockLogImpl] DEBUG block.DeletedBlockLogImpl (DeletedBlockLogImpl.java:commitTransactions(256)) - Datanode txId=1 containerId=#1 committed by dnId=4c5d3f80-455e-48af-b42d-db12d94a5acc
2021-08-16 02:09:47,692 [EventQueue-DeleteBlockStatusForDeletedBlockLogImpl] DEBUG block.DeletedBlockLogImpl (DeletedBlockLogImpl.java:isTransactionFailed(278)) - Got block deletion ACK from datanode, TXIDs=1, success=true
2021-08-16 02:09:47,692 [EventQueue-DeleteBlockStatusForDeletedBlockLogImpl] DEBUG block.DeletedBlockLogImpl (DeletedBlockLogImpl.java:commitTransactions(256)) - Datanode txId=1 containerId=#1 committed by dnId=4c5d3f80-455e-48af-b42d-db12d94a5acc
2021-08-16 02:09:47,692 [EventQueue-DeleteBlockStatusForDeletedBlockLogImpl] DEBUG block.DeletedBlockLogImpl (DeletedBlockLogImpl.java:isTransactionFailed(278)) - Got block deletion ACK from datanode, TXIDs=1, success=true
2021-08-16 02:09:47,692 [EventQueue-DeleteBlockStatusForDeletedBlockLogImpl] DEBUG block.DeletedBlockLogImpl (DeletedBlockLogImpl.java:commitTransactions(256)) - Datanode txId=1 containerId=#1 committed by dnId=4c5d3f80-455e-48af-b42d-db12d94a5acc
2021-08-16 02:09:47,692 [EventQueue-DeleteBlockStatusForDeletedBlockLogImpl] DEBUG block.DeletedBlockLogImpl (DeletedBlockLogImpl.java:isTransactionFailed(278)) - Got block deletion ACK from datanode, TXIDs=1, success=true
2021-08-16 02:09:47,692 [EventQueue-DeleteBlockStatusForDeletedBlockLogImpl] DEBUG block.DeletedBlockLogImpl (DeletedBlockLogImpl.java:commitTransactions(256)) - Datanode txId=1 containerId=#1 committed by dnId=4c5d3f80-455e-48af-b42d-db12d94a5acc
2021-08-16 02:09:47,767 [org.apache.hadoop.ozone.container.common.statemachine.commandhandler.DeleteBlocksCommandHandler$DeleteCmdWorker@4c3c10cf] INFO  commandhandler.DeleteBlocksCommandHandler (DeleteBlocksCommandHandler.java:processCmd(261)) - Start to delete container blocks, TXIDs=[1(0)], numOfContainers=1, numOfBlocks=1
2021-08-16 02:09:47,767 [org.apache.hadoop.ozone.container.common.statemachine.commandhandler.DeleteBlocksCommandHandler$DeleteCmdWorker@4c3c10cf] INFO  commandhandler.DeleteBlocksCommandHandler (DeleteBlocksCommandHandler.java:processCmd(261)) - Start to delete container blocks, TXIDs=[1(0)], numOfContainers=1, numOfBlocks=1
2021-08-16 02:09:47,767 [org.apache.hadoop.ozone.container.common.statemachine.commandhandler.DeleteBlocksCommandHandler$DeleteCmdWorker@4c3c10cf] INFO  commandhandler.DeleteBlocksCommandHandler (DeleteBlocksCommandHandler.java:processCmd(261)) - Start to delete container blocks, TXIDs=[1(0)], numOfContainers=1, numOfBlocks=1
2021-08-16 02:09:47,775 [org.apache.hadoop.ozone.container.common.statemachine.commandhandler.DeleteBlocksCommandHandler$DeleteCmdWorker@4c3c10cf] INFO  commandhandler.DeleteBlocksCommandHandler (DeleteBlocksCommandHandler.java:processCmd(261)) - Start to delete container blocks, TXIDs=[1(0)], numOfContainers=1, numOfBlocks=1
2021-08-16 02:09:47,775 [org.apache.hadoop.ozone.container.common.statemachine.commandhandler.DeleteBlocksCommandHandler$DeleteCmdWorker@4c3c10cf] INFO  commandhandler.DeleteBlocksCommandHandler (DeleteBlocksCommandHandler.java:processCmd(261)) - Start to delete container blocks, TXIDs=[1(0)], numOfContainers=1, numOfBlocks=1
2021-08-16 02:09:47,775 [org.apache.hadoop.ozone.container.common.statemachine.commandhandler.DeleteBlocksCommandHandler$DeleteCmdWorker@4c3c10cf] INFO  commandhandler.DeleteBlocksCommandHandler (DeleteBlocksCommandHandler.java:processCmd(261)) - Start to delete container blocks, TXIDs=[1(0)], numOfContainers=1, numOfBlocks=1
2021-08-16 02:09:47,775 [org.apache.hadoop.ozone.container.common.statemachine.commandhandler.DeleteBlocksCommandHandler$DeleteCmdWorker@4c3c10cf] INFO  commandhandler.DeleteBlocksCommandHandler (DeleteBlocksCommandHandler.java:processCmd(261)) - Start to delete container blocks, TXIDs=[1(0)], numOfContainers=1, numOfBlocks=1
2021-08-16 02:09:47,776 [org.apache.hadoop.ozone.container.common.statemachine.commandhandler.DeleteBlocksCommandHandler$DeleteCmdWorker@4c3c10cf] INFO  commandhandler.DeleteBlocksCommandHandler (DeleteBlocksCommandHandler.java:processCmd(261)) - Start to delete container blocks, TXIDs=[1(0)], numOfContainers=1, numOfBlocks=1
2021-08-16 02:09:47,776 [org.apache.hadoop.ozone.container.common.statemachine.commandhandler.DeleteBlocksCommandHandler$DeleteCmdWorker@4c3c10cf] INFO  commandhandler.DeleteBlocksCommandHandler (DeleteBlocksCommandHandler.java:processCmd(261)) - Start to delete container blocks, TXIDs=[1(0)], numOfContainers=1, numOfBlocks=1
2021-08-16 02:09:47,776 [org.apache.hadoop.ozone.container.common.statemachine.commandhandler.DeleteBlocksCommandHandler$DeleteCmdWorker@4c3c10cf] INFO  commandhandler.DeleteBlocksCommandHandler (DeleteBlocksCommandHandler.java:processCmd(261)) - Start to delete container blocks, TXIDs=[1(0)], numOfContainers=1, numOfBlocks=1
2021-08-16 02:09:47,776 [org.apache.hadoop.ozone.container.common.statemachine.commandhandler.DeleteBlocksCommandHandler$DeleteCmdWorker@4c3c10cf] INFO  commandhandler.DeleteBlocksCommandHandler (DeleteBlocksCommandHandler.java:processCmd(261)) - Start to delete container blocks, TXIDs=[1(0)], numOfContainers=1, numOfBlocks=1
2021-08-16 02:09:47,776 [org.apache.hadoop.ozone.container.common.statemachine.commandhandler.DeleteBlocksCommandHandler$DeleteCmdWorker@4c3c10cf] INFO  commandhandler.DeleteBlocksCommandHandler (DeleteBlocksCommandHandler.java:processCmd(261)) - Start to delete container blocks, TXIDs=[1(0)], numOfContainers=1, numOfBlocks=1
2021-08-16 02:09:47,776 [org.apache.hadoop.ozone.container.common.statemachine.commandhandler.DeleteBlocksCommandHandler$DeleteCmdWorker@4c3c10cf] INFO  commandhandler.DeleteBlocksCommandHandler (DeleteBlocksCommandHandler.java:processCmd(261)) - Start to delete container blocks, TXIDs=[1(0)], numOfContainers=1, numOfBlocks=1
2021-08-16 02:09:47,776 [org.apache.hadoop.ozone.container.common.statemachine.commandhandler.DeleteBlocksCommandHandler$DeleteCmdWorker@4c3c10cf] INFO  commandhandler.DeleteBlocksCommandHandler (DeleteBlocksCommandHandler.java:processCmd(261)) - Start to delete container blocks, TXIDs=[1(0)], numOfContainers=1, numOfBlocks=1
2021-08-16 02:09:47,776 [org.apache.hadoop.ozone.container.common.statemachine.commandhandler.DeleteBlocksCommandHandler$DeleteCmdWorker@4c3c10cf] INFO  commandhandler.DeleteBlocksCommandHandler (DeleteBlocksCommandHandler.java:processCmd(261)) - Start to delete container blocks, TXIDs=[1(0)], numOfContainers=1, numOfBlocks=1
2021-08-16 02:09:47,776 [org.apache.hadoop.ozone.container.common.statemachine.commandhandler.DeleteBlocksCommandHandler$DeleteCmdWorker@4c3c10cf] INFO  commandhandler.DeleteBlocksCommandHandler (DeleteBlocksCommandHandler.java:processCmd(261)) - Start to delete container blocks, TXIDs=[1(0)], numOfContainers=1, numOfBlocks=1
2021-08-16 02:09:47,776 [org.apache.hadoop.ozone.container.common.statemachine.commandhandler.DeleteBlocksCommandHandler$DeleteCmdWorker@4c3c10cf] INFO  commandhandler.DeleteBlocksCommandHandler (DeleteBlocksCommandHandler.java:processCmd(261)) - Start to delete container blocks, TXIDs=[1(0)], numOfContainers=1, numOfBlocks=1
2021-08-16 02:09:47,776 [org.apache.hadoop.ozone.container.common.statemachine.commandhandler.DeleteBlocksCommandHandler$DeleteCmdWorker@4c3c10cf] INFO  commandhandler.DeleteBlocksCommandHandler (DeleteBlocksCommandHandler.java:processCmd(261)) - Start to delete container blocks, TXIDs=[1(0)], numOfContainers=1, numOfBlocks=1
2021-08-16 02:09:47,777 [org.apache.hadoop.ozone.container.common.statemachine.commandhandler.DeleteBlocksCommandHandler$DeleteCmdWorker@4c3c10cf] INFO  commandhandler.DeleteBlocksCommandHandler (DeleteBlocksCommandHandler.java:processCmd(261)) - Start to delete container blocks, TXIDs=[1(0)], numOfContainers=1, numOfBlocks=1
2021-08-16 02:09:47,782 [SCMBlockDeletingService#0] DEBUG block.SCMBlockDeletingService (SCMBlockDeletingService.java:call(133)) - Running DeletedBlockTransactionScanner
2021-08-16 02:09:47,782 [SCMBlockDeletingService#0] DEBUG block.SCMBlockDeletingService (DatanodeDeletedBlockTransactions.java:addTransactionToDN(50)) - Transaction added: e9132cce-c60f-4b85-98ff-6a1f5b0024c6 <- TX(1)
2021-08-16 02:09:47,782 [SCMBlockDeletingService#0] DEBUG block.SCMBlockDeletingService (SCMBlockDeletingService.java:call(164)) - Added delete block command for datanode e9132cce-c60f-4b85-98ff-6a1f5b0024c6 in the queue, number of delete block transactions: 1
2021-08-16 02:09:47,782 [SCMBlockDeletingService#0] INFO  block.SCMBlockDeletingService (SCMBlockDeletingService.java:call(174)) - Totally added 1 blocks to be deleted for 1 datanodes, task elapsed time: 0ms
2021-08-16 02:09:47,872 [BlockDeletingService#7] INFO  background.BlockDeletingService (BlockDeletingService.java:getTasks(158)) - Plan to choose 5000 blocks for block deletion, actually deleting 1 blocks.
2021-08-16 02:09:47,873 [BlockDeletingService#7] INFO  impl.FilePerBlockStrategy (FilePerBlockStrategy.java:deleteChunk(227)) - Deleted block file: /home/runner/work/ozone/ozone/hadoop-ozone/integration-test/target/test-dir/MiniOzoneClusterImpl-6c1f9dad-945a-4399-911a-83f70586d44a/datanode-2/data-0/containers/hdds/6c1f9dad-945a-4399-911a-83f70586d44a/current/containerDir0/1/chunks/107544261427200001.block
2021-08-16 02:09:47,873 [BlockDeletingService#7] INFO  background.BlockDeletingService (BlockDeletingService.java:deleteViaSchema2(447)) - Container: 1, deleted blocks: 1, task elapsed time: 1ms
2021-08-16 02:09:47,882 [SCMBlockDeletingService#0] DEBUG block.SCMBlockDeletingService (SCMBlockDeletingService.java:call(133)) - Running DeletedBlockTransactionScanner
2021-08-16 02:09:47,882 [SCMBlockDeletingService#0] DEBUG block.SCMBlockDeletingService (DatanodeDeletedBlockTransactions.java:addTransactionToDN(50)) - Transaction added: e9132cce-c60f-4b85-98ff-6a1f5b0024c6 <- TX(1)
2021-08-16 02:09:47,882 [SCMBlockDeletingService#0] DEBUG block.SCMBlockDeletingService (SCMBlockDeletingService.java:call(164)) - Added delete block command for datanode e9132cce-c60f-4b85-98ff-6a1f5b0024c6 in the queue, number of delete block transactions: 1
2021-08-16 02:09:47,882 [SCMBlockDeletingService#0] INFO  block.SCMBlockDeletingService (SCMBlockDeletingService.java:call(174)) - Totally added 1 blocks to be deleted for 1 datanodes, task elapsed time: 0ms
2021-08-16 02:09:47,982 [SCMBlockDeletingService#0] DEBUG block.SCMBlockDeletingService (SCMBlockDeletingService.java:call(133)) - Running DeletedBlockTransactionScanner
2021-08-16 02:09:47,982 [SCMBlockDeletingService#0] DEBUG block.SCMBlockDeletingService (DatanodeDeletedBlockTransactions.java:addTransactionToDN(50)) - Transaction added: e9132cce-c60f-4b85-98ff-6a1f5b0024c6 <- TX(1)
2021-08-16 02:09:47,982 [SCMBlockDeletingService#0] DEBUG block.SCMBlockDeletingService (SCMBlockDeletingService.java:call(164)) - Added delete block command for datanode e9132cce-c60f-4b85-98ff-6a1f5b0024c6 in the queue, number of delete block transactions: 1
2021-08-16 02:09:47,982 [SCMBlockDeletingService#0] INFO  block.SCMBlockDeletingService (SCMBlockDeletingService.java:call(174)) - Totally added 1 blocks to be deleted for 1 datanodes, task elapsed time: 0ms
2021-08-16 02:09:48,062 [EventQueue-DeleteBlockStatusForDeletedBlockLogImpl] DEBUG block.DeletedBlockLogImpl (DeletedBlockLogImpl.java:isTransactionFailed(278)) - Got block deletion ACK from datanode, TXIDs=1, success=true
2021-08-16 02:09:48,062 [EventQueue-DeleteBlockStatusForDeletedBlockLogImpl] DEBUG block.DeletedBlockLogImpl (DeletedBlockLogImpl.java:commitTransactions(250)) - Purging txId=1 from block deletion log
2021-08-16 02:09:48,062 [EventQueue-DeleteBlockStatusForDeletedBlockLogImpl] DEBUG block.DeletedBlockLogImpl (DeletedBlockLogImpl.java:commitTransactions(256)) - Datanode txId=1 containerId=#1 committed by dnId=e9132cce-c60f-4b85-98ff-6a1f5b0024c6
2021-08-16 02:09:48,062 [EventQueue-DeleteBlockStatusForDeletedBlockLogImpl] DEBUG block.DeletedBlockLogImpl (DeletedBlockLogImpl.java:isTransactionFailed(278)) - Got block deletion ACK from datanode, TXIDs=1, success=true
2021-08-16 02:09:48,062 [EventQueue-DeleteBlockStatusForDeletedBlockLogImpl] DEBUG block.DeletedBlockLogImpl (DeletedBlockLogImpl.java:commitTransactions(224)) - Transaction txId=1 commit by dnId=e9132cce-c60f-4b85-98ff-6a1f5b0024c6 for containerID=#1 failed. Corresponding entry not found.
2021-08-16 02:09:48,062 [EventQueue-DeleteBlockStatusForDeletedBlockLogImpl] DEBUG block.DeletedBlockLogImpl (DeletedBlockLogImpl.java:isTransactionFailed(278)) - Got block deletion ACK from datanode, TXIDs=1, success=true
2021-08-16 02:09:48,063 [EventQueue-DeleteBlockStatusForDeletedBlockLogImpl] DEBUG block.DeletedBlockLogImpl (DeletedBlockLogImpl.java:commitTransactions(224)) - Transaction txId=1 commit by dnId=e9132cce-c60f-4b85-98ff-6a1f5b0024c6 for containerID=#1 failed. Corresponding entry not found.
2021-08-16 02:09:48,063 [EventQueue-DeleteBlockStatusForDeletedBlockLogImpl] DEBUG block.DeletedBlockLogImpl (DeletedBlockLogImpl.java:isTransactionFailed(278)) - Got block deletion ACK from datanode, TXIDs=1, success=true
2021-08-16 02:09:48,063 [EventQueue-DeleteBlockStatusForDeletedBlockLogImpl] DEBUG block.DeletedBlockLogImpl (DeletedBlockLogImpl.java:commitTransactions(224)) - Transaction txId=1 commit by dnId=e9132cce-c60f-4b85-98ff-6a1f5b0024c6 for containerID=#1 failed. Corresponding entry not found.
2021-08-16 02:09:48,063 [EventQueue-DeleteBlockStatusForDeletedBlockLogImpl] DEBUG block.DeletedBlockLogImpl (DeletedBlockLogImpl.java:isTransactionFailed(278)) - Got block deletion ACK from datanode, TXIDs=1, success=true
2021-08-16 02:09:48,063 [EventQueue-DeleteBlockStatusForDeletedBlockLogImpl] DEBUG block.DeletedBlockLogImpl (DeletedBlockLogImpl.java:commitTransactions(224)) - Transaction txId=1 commit by dnId=e9132cce-c60f-4b85-98ff-6a1f5b0024c6 for containerID=#1 failed. Corresponding entry not found.
2021-08-16 02:09:48,063 [EventQueue-DeleteBlockStatusForDeletedBlockLogImpl] DEBUG block.DeletedBlockLogImpl (DeletedBlockLogImpl.java:isTransactionFailed(278)) - Got block deletion ACK from datanode, TXIDs=1, success=true
2021-08-16 02:09:48,063 [EventQueue-DeleteBlockStatusForDeletedBlockLogImpl] DEBUG block.DeletedBlockLogImpl (DeletedBlockLogImpl.java:commitTransactions(224)) - Transaction txId=1 commit by dnId=e9132cce-c60f-4b85-98ff-6a1f5b0024c6 for containerID=#1 failed. Corresponding entry not found.
2021-08-16 02:09:48,063 [EventQueue-DeleteBlockStatusForDeletedBlockLogImpl] DEBUG block.DeletedBlockLogImpl (DeletedBlockLogImpl.java:isTransactionFailed(278)) - Got block deletion ACK from datanode, TXIDs=1, success=true
2021-08-16 02:09:48,063 [EventQueue-DeleteBlockStatusForDeletedBlockLogImpl] DEBUG block.DeletedBlockLogImpl (DeletedBlockLogImpl.java:commitTransactions(224)) - Transaction txId=1 commit by dnId=e9132cce-c60f-4b85-98ff-6a1f5b0024c6 for containerID=#1 failed. Corresponding entry not found.
2021-08-16 02:09:48,063 [EventQueue-DeleteBlockStatusForDeletedBlockLogImpl] DEBUG block.DeletedBlockLogImpl (DeletedBlockLogImpl.java:isTransactionFailed(278)) - Got block deletion ACK from datanode, TXIDs=1, success=true
2021-08-16 02:09:48,063 [EventQueue-DeleteBlockStatusForDeletedBlockLogImpl] DEBUG block.DeletedBlockLogImpl (DeletedBlockLogImpl.java:commitTransactions(224)) - Transaction txId=1 commit by dnId=e9132cce-c60f-4b85-98ff-6a1f5b0024c6 for containerID=#1 failed. Corresponding entry not found.
2021-08-16 02:09:48,063 [EventQueue-DeleteBlockStatusForDeletedBlockLogImpl] DEBUG block.DeletedBlockLogImpl (DeletedBlockLogImpl.java:isTransactionFailed(278)) - Got block deletion ACK from datanode, TXIDs=1, success=true
2021-08-16 02:09:48,063 [EventQueue-DeleteBlockStatusForDeletedBlockLogImpl] DEBUG block.DeletedBlockLogImpl (DeletedBlockLogImpl.java:commitTransactions(224)) - Transaction txId=1 commit by dnId=e9132cce-c60f-4b85-98ff-6a1f5b0024c6 for containerID=#1 failed. Corresponding entry not found.
2021-08-16 02:09:48,063 [EventQueue-DeleteBlockStatusForDeletedBlockLogImpl] DEBUG block.DeletedBlockLogImpl (DeletedBlockLogImpl.java:isTransactionFailed(278)) - Got block deletion ACK from datanode, TXIDs=1, success=true
2021-08-16 02:09:48,063 [EventQueue-DeleteBlockStatusForDeletedBlockLogImpl] DEBUG block.DeletedBlockLogImpl (DeletedBlockLogImpl.java:commitTransactions(224)) - Transaction txId=1 commit by dnId=e9132cce-c60f-4b85-98ff-6a1f5b0024c6 for containerID=#1 failed. Corresponding entry not found.
2021-08-16 02:09:48,063 [EventQueue-DeleteBlockStatusForDeletedBlockLogImpl] DEBUG block.DeletedBlockLogImpl (DeletedBlockLogImpl.java:isTransactionFailed(278)) - Got block deletion ACK from datanode, TXIDs=1, success=true
2021-08-16 02:09:48,063 [EventQueue-DeleteBlockStatusForDeletedBlockLogImpl] DEBUG block.DeletedBlockLogImpl (DeletedBlockLogImpl.java:commitTransactions(224)) - Transaction txId=1 commit by dnId=e9132cce-c60f-4b85-98ff-6a1f5b0024c6 for containerID=#1 failed. Corresponding entry not found.
2021-08-16 02:09:48,063 [EventQueue-DeleteBlockStatusForDeletedBlockLogImpl] DEBUG block.DeletedBlockLogImpl (DeletedBlockLogImpl.java:isTransactionFailed(278)) - Got block deletion ACK from datanode, TXIDs=1, success=true
2021-08-16 02:09:48,063 [EventQueue-DeleteBlockStatusForDeletedBlockLogImpl] DEBUG block.DeletedBlockLogImpl (DeletedBlockLogImpl.java:commitTransactions(224)) - Transaction txId=1 commit by dnId=e9132cce-c60f-4b85-98ff-6a1f5b0024c6 for containerID=#1 failed. Corresponding entry not found.
2021-08-16 02:09:48,063 [EventQueue-DeleteBlockStatusForDeletedBlockLogImpl] DEBUG block.DeletedBlockLogImpl (DeletedBlockLogImpl.java:isTransactionFailed(278)) - Got block deletion ACK from datanode, TXIDs=1, success=true
2021-08-16 02:09:48,063 [EventQueue-DeleteBlockStatusForDeletedBlockLogImpl] DEBUG block.DeletedBlockLogImpl (DeletedBlockLogImpl.java:commitTransactions(224)) - Transaction txId=1 commit by dnId=e9132cce-c60f-4b85-98ff-6a1f5b0024c6 for containerID=#1 failed. Corresponding entry not found.
2021-08-16 02:09:48,063 [EventQueue-DeleteBlockStatusForDeletedBlockLogImpl] DEBUG block.DeletedBlockLogImpl (DeletedBlockLogImpl.java:isTransactionFailed(278)) - Got block deletion ACK from datanode, TXIDs=1, success=true
2021-08-16 02:09:48,063 [EventQueue-DeleteBlockStatusForDeletedBlockLogImpl] DEBUG block.DeletedBlockLogImpl (DeletedBlockLogImpl.java:commitTransactions(224)) - Transaction txId=1 commit by dnId=e9132cce-c60f-4b85-98ff-6a1f5b0024c6 for containerID=#1 failed. Corresponding entry not found.
2021-08-16 02:09:48,063 [EventQueue-DeleteBlockStatusForDeletedBlockLogImpl] DEBUG block.DeletedBlockLogImpl (DeletedBlockLogImpl.java:isTransactionFailed(278)) - Got block deletion ACK from datanode, TXIDs=1, success=true
2021-08-16 02:09:48,063 [EventQueue-DeleteBlockStatusForDeletedBlockLogImpl] DEBUG block.DeletedBlockLogImpl (DeletedBlockLogImpl.java:commitTransactions(224)) - Transaction txId=1 commit by dnId=e9132cce-c60f-4b85-98ff-6a1f5b0024c6 for containerID=#1 failed. Corresponding entry not found.
2021-08-16 02:09:48,063 [EventQueue-DeleteBlockStatusForDeletedBlockLogImpl] DEBUG block.DeletedBlockLogImpl (DeletedBlockLogImpl.java:isTransactionFailed(278)) - Got block deletion ACK from datanode, TXIDs=1, success=true
2021-08-16 02:09:48,063 [EventQueue-DeleteBlockStatusForDeletedBlockLogImpl] DEBUG block.DeletedBlockLogImpl (DeletedBlockLogImpl.java:commitTransactions(224)) - Transaction txId=1 commit by dnId=e9132cce-c60f-4b85-98ff-6a1f5b0024c6 for containerID=#1 failed. Corresponding entry not found.
2021-08-16 02:09:48,063 [EventQueue-DeleteBlockStatusForDeletedBlockLogImpl] DEBUG block.DeletedBlockLogImpl (DeletedBlockLogImpl.java:isTransactionFailed(278)) - Got block deletion ACK from datanode, TXIDs=1, success=true
2021-08-16 02:09:48,063 [EventQueue-DeleteBlockStatusForDeletedBlockLogImpl] DEBUG block.DeletedBlockLogImpl (DeletedBlockLogImpl.java:commitTransactions(224)) - Transaction txId=1 commit by dnId=e9132cce-c60f-4b85-98ff-6a1f5b0024c6 for containerID=#1 failed. Corresponding entry not found.
2021-08-16 02:09:48,063 [EventQueue-DeleteBlockStatusForDeletedBlockLogImpl] DEBUG block.DeletedBlockLogImpl (DeletedBlockLogImpl.java:isTransactionFailed(278)) - Got block deletion ACK from datanode, TXIDs=1, success=true
2021-08-16 02:09:48,063 [EventQueue-DeleteBlockStatusForDeletedBlockLogImpl] DEBUG block.DeletedBlockLogImpl (DeletedBlockLogImpl.java:commitTransactions(224)) - Transaction txId=1 commit by dnId=e9132cce-c60f-4b85-98ff-6a1f5b0024c6 for containerID=#1 failed. Corresponding entry not found.
2021-08-16 02:09:48,063 [EventQueue-DeleteBlockStatusForDeletedBlockLogImpl] DEBUG block.DeletedBlockLogImpl (DeletedBlockLogImpl.java:isTransactionFailed(278)) - Got block deletion ACK from datanode, TXIDs=1, success=true
2021-08-16 02:09:48,063 [EventQueue-DeleteBlockStatusForDeletedBlockLogImpl] DEBUG block.DeletedBlockLogImpl (DeletedBlockLogImpl.java:commitTransactions(224)) - Transaction txId=1 commit by dnId=e9132cce-c60f-4b85-98ff-6a1f5b0024c6 for containerID=#1 failed. Corresponding entry not found.
2021-08-16 02:09:48,082 [SCMBlockDeletingService#0] DEBUG block.SCMBlockDeletingService (SCMBlockDeletingService.java:call(133)) - Running DeletedBlockTransactionScanner
2021-08-16 02:09:48,182 [SCMBlockDeletingService#0] DEBUG block.SCMBlockDeletingService (SCMBlockDeletingService.java:call(133)) - Running DeletedBlockTransactionScanner
2021-08-16 02:09:48,282 [SCMBlockDeletingService#0] DEBUG block.SCMBlockDeletingService (SCMBlockDeletingService.java:call(133)) - Running DeletedBlockTransactionScanner
2021-08-16 02:09:48,382 [SCMBlockDeletingService#0] DEBUG block.SCMBlockDeletingService (SCMBlockDeletingService.java:call(133)) - Running DeletedBlockTransactionScanner
2021-08-16 02:09:48,482 [SCMBlockDeletingService#0] DEBUG block.SCMBlockDeletingService (SCMBlockDeletingService.java:call(133)) - Running DeletedBlockTransactionScanner
2021-08-16 02:09:48,582 [SCMBlockDeletingService#0] DEBUG block.SCMBlockDeletingService (SCMBlockDeletingService.java:call(133)) - Running DeletedBlockTransactionScanner
2021-08-16 02:09:48,682 [SCMBlockDeletingService#0] DEBUG block.SCMBlockDeletingService (SCMBlockDeletingService.java:call(133)) - Running DeletedBlockTransactionScanner
2021-08-16 02:09:48,782 [SCMBlockDeletingService#0] DEBUG block.SCMBlockDeletingService (SCMBlockDeletingService.java:call(133)) - Running DeletedBlockTransactionScanner
2021-08-16 02:09:48,880 [org.apache.hadoop.ozone.container.common.statemachine.commandhandler.DeleteBlocksCommandHandler$DeleteCmdWorker@2da3a042] INFO  commandhandler.DeleteBlocksCommandHandler (DeleteBlocksCommandHandler.java:processCmd(261)) - Start to delete container blocks, TXIDs=[1(0)], numOfContainers=1, numOfBlocks=1
2021-08-16 02:09:48,882 [SCMBlockDeletingService#0] DEBUG block.SCMBlockDeletingService (SCMBlockDeletingService.java:call(133)) - Running DeletedBlockTransactionScanner
2021-08-16 02:09:48,884 [org.apache.hadoop.ozone.container.common.statemachine.commandhandler.DeleteBlocksCommandHandler$DeleteCmdWorker@2da3a042] INFO  commandhandler.DeleteBlocksCommandHandler (DeleteBlocksCommandHandler.java:processCmd(261)) - Start to delete container blocks, TXIDs=[1(0)], numOfContainers=1, numOfBlocks=1
2021-08-16 02:09:48,884 [org.apache.hadoop.ozone.container.common.statemachine.commandhandler.DeleteBlocksCommandHandler$DeleteCmdWorker@2da3a042] INFO  commandhandler.DeleteBlocksCommandHandler (DeleteBlocksCommandHandler.java:processCmd(261)) - Start to delete container blocks, TXIDs=[1(0)], numOfContainers=1, numOfBlocks=1
2021-08-16 02:09:48,884 [org.apache.hadoop.ozone.container.common.statemachine.commandhandler.DeleteBlocksCommandHandler$DeleteCmdWorker@2da3a042] INFO  commandhandler.DeleteBlocksCommandHandler (DeleteBlocksCommandHandler.java:processCmd(261)) - Start to delete container blocks, TXIDs=[1(0)], numOfContainers=1, numOfBlocks=1
2021-08-16 02:09:48,884 [org.apache.hadoop.ozone.container.common.statemachine.commandhandler.DeleteBlocksCommandHandler$DeleteCmdWorker@2da3a042] INFO  commandhandler.DeleteBlocksCommandHandler (DeleteBlocksCommandHandler.java:processCmd(261)) - Start to delete container blocks, TXIDs=[1(0)], numOfContainers=1, numOfBlocks=1
2021-08-16 02:09:48,884 [org.apache.hadoop.ozone.container.common.statemachine.commandhandler.DeleteBlocksCommandHandler$DeleteCmdWorker@2da3a042] INFO  commandhandler.DeleteBlocksCommandHandler (DeleteBlocksCommandHandler.java:processCmd(261)) - Start to delete container blocks, TXIDs=[1(0)], numOfContainers=1, numOfBlocks=1
2021-08-16 02:09:48,884 [org.apache.hadoop.ozone.container.common.statemachine.commandhandler.DeleteBlocksCommandHandler$DeleteCmdWorker@2da3a042] INFO  commandhandler.DeleteBlocksCommandHandler (DeleteBlocksCommandHandler.java:processCmd(261)) - Start to delete container blocks, TXIDs=[1(0)], numOfContainers=1, numOfBlocks=1
2021-08-16 02:09:48,885 [org.apache.hadoop.ozone.container.common.statemachine.commandhandler.DeleteBlocksCommandHandler$DeleteCmdWorker@2da3a042] INFO  commandhandler.DeleteBlocksCommandHandler (DeleteBlocksCommandHandler.java:processCmd(261)) - Start to delete container blocks, TXIDs=[1(0)], numOfContainers=1, numOfBlocks=1
2021-08-16 02:09:48,885 [org.apache.hadoop.ozone.container.common.statemachine.commandhandler.DeleteBlocksCommandHandler$DeleteCmdWorker@2da3a042] INFO  commandhandler.DeleteBlocksCommandHandler (DeleteBlocksCommandHandler.java:processCmd(261)) - Start to delete container blocks, TXIDs=[1(0)], numOfContainers=1, numOfBlocks=1
2021-08-16 02:09:48,885 [org.apache.hadoop.ozone.container.common.statemachine.commandhandler.DeleteBlocksCommandHandler$DeleteCmdWorker@2da3a042] INFO  commandhandler.DeleteBlocksCommandHandler (DeleteBlocksCommandHandler.java:processCmd(261)) - Start to delete container blocks, TXIDs=[1(0)], numOfContainers=1, numOfBlocks=1
2021-08-16 02:09:48,885 [org.apache.hadoop.ozone.container.common.statemachine.commandhandler.DeleteBlocksCommandHandler$DeleteCmdWorker@2da3a042] INFO  commandhandler.DeleteBlocksCommandHandler (DeleteBlocksCommandHandler.java:processCmd(261)) - Start to delete container blocks, TXIDs=[1(0)], numOfContainers=1, numOfBlocks=1
2021-08-16 02:09:48,885 [org.apache.hadoop.ozone.container.common.statemachine.commandhandler.DeleteBlocksCommandHandler$DeleteCmdWorker@2da3a042] INFO  commandhandler.DeleteBlocksCommandHandler (DeleteBlocksCommandHandler.java:processCmd(261)) - Start to delete container blocks, TXIDs=[1(0)], numOfContainers=1, numOfBlocks=1
2021-08-16 02:09:48,885 [org.apache.hadoop.ozone.container.common.statemachine.commandhandler.DeleteBlocksCommandHandler$DeleteCmdWorker@2da3a042] INFO  commandhandler.DeleteBlocksCommandHandler (DeleteBlocksCommandHandler.java:processCmd(261)) - Start to delete container blocks, TXIDs=[1(0)], numOfContainers=1, numOfBlocks=1
2021-08-16 02:09:48,885 [org.apache.hadoop.ozone.container.common.statemachine.commandhandler.DeleteBlocksCommandHandler$DeleteCmdWorker@2da3a042] INFO  commandhandler.DeleteBlocksCommandHandler (DeleteBlocksCommandHandler.java:processCmd(261)) - Start to delete container blocks, TXIDs=[1(0)], numOfContainers=1, numOfBlocks=1
2021-08-16 02:09:48,982 [SCMBlockDeletingService#0] DEBUG block.SCMBlockDeletingService (SCMBlockDeletingService.java:call(133)) - Running DeletedBlockTransactionScanner
2021-08-16 02:09:49,083 [SCMBlockDeletingService#0] DEBUG block.SCMBlockDeletingService (SCMBlockDeletingService.java:call(133)) - Running DeletedBlockTransactionScanner
2021-08-16 02:09:49,088 [EventQueue-DeleteBlockStatusForDeletedBlockLogImpl] DEBUG block.DeletedBlockLogImpl (DeletedBlockLogImpl.java:isTransactionFailed(278)) - Got block deletion ACK from datanode, TXIDs=1, success=true
2021-08-16 02:09:49,089 [EventQueue-DeleteBlockStatusForDeletedBlockLogImpl] DEBUG block.DeletedBlockLogImpl (DeletedBlockLogImpl.java:commitTransactions(224)) - Transaction txId=1 commit by dnId=bd4316f7-8522-4e92-952a-a3dfbeefbfef for containerID=#1 failed. Corresponding entry not found.
2021-08-16 02:09:49,089 [EventQueue-DeleteBlockStatusForDeletedBlockLogImpl] DEBUG block.DeletedBlockLogImpl (DeletedBlockLogImpl.java:isTransactionFailed(278)) - Got block deletion ACK from datanode, TXIDs=1, success=true
2021-08-16 02:09:49,089 [EventQueue-DeleteBlockStatusForDeletedBlockLogImpl] DEBUG block.DeletedBlockLogImpl (DeletedBlockLogImpl.java:commitTransactions(224)) - Transaction txId=1 commit by dnId=bd4316f7-8522-4e92-952a-a3dfbeefbfef for containerID=#1 failed. Corresponding entry not found.
2021-08-16 02:09:49,089 [EventQueue-DeleteBlockStatusForDeletedBlockLogImpl] DEBUG block.DeletedBlockLogImpl (DeletedBlockLogImpl.java:isTransactionFailed(278)) - Got block deletion ACK from datanode, TXIDs=1, success=true
2021-08-16 02:09:49,089 [EventQueue-DeleteBlockStatusForDeletedBlockLogImpl] DEBUG block.DeletedBlockLogImpl (DeletedBlockLogImpl.java:commitTransactions(224)) - Transaction txId=1 commit by dnId=bd4316f7-8522-4e92-952a-a3dfbeefbfef for containerID=#1 failed. Corresponding entry not found.
2021-08-16 02:09:49,089 [EventQueue-DeleteBlockStatusForDeletedBlockLogImpl] DEBUG block.DeletedBlockLogImpl (DeletedBlockLogImpl.java:isTransactionFailed(278)) - Got block deletion ACK from datanode, TXIDs=1, success=true
2021-08-16 02:09:49,089 [EventQueue-DeleteBlockStatusForDeletedBlockLogImpl] DEBUG block.DeletedBlockLogImpl (DeletedBlockLogImpl.java:commitTransactions(224)) - Transaction txId=1 commit by dnId=bd4316f7-8522-4e92-952a-a3dfbeefbfef for containerID=#1 failed. Corresponding entry not found.
2021-08-16 02:09:49,089 [EventQueue-DeleteBlockStatusForDeletedBlockLogImpl] DEBUG block.DeletedBlockLogImpl (DeletedBlockLogImpl.java:isTransactionFailed(278)) - Got block deletion ACK from datanode, TXIDs=1, success=true
2021-08-16 02:09:49,089 [EventQueue-DeleteBlockStatusForDeletedBlockLogImpl] DEBUG block.DeletedBlockLogImpl (DeletedBlockLogImpl.java:commitTransactions(224)) - Transaction txId=1 commit by dnId=bd4316f7-8522-4e92-952a-a3dfbeefbfef for containerID=#1 failed. Corresponding entry not found.
2021-08-16 02:09:49,089 [EventQueue-DeleteBlockStatusForDeletedBlockLogImpl] DEBUG block.DeletedBlockLogImpl (DeletedBlockLogImpl.java:isTransactionFailed(278)) - Got block deletion ACK from datanode, TXIDs=1, success=true
2021-08-16 02:09:49,089 [EventQueue-DeleteBlockStatusForDeletedBlockLogImpl] DEBUG block.DeletedBlockLogImpl (DeletedBlockLogImpl.java:commitTransactions(224)) - Transaction txId=1 commit by dnId=bd4316f7-8522-4e92-952a-a3dfbeefbfef for containerID=#1 failed. Corresponding entry not found.
2021-08-16 02:09:49,089 [EventQueue-DeleteBlockStatusForDeletedBlockLogImpl] DEBUG block.DeletedBlockLogImpl (DeletedBlockLogImpl.java:isTransactionFailed(278)) - Got block deletion ACK from datanode, TXIDs=1, success=true
2021-08-16 02:09:49,089 [EventQueue-DeleteBlockStatusForDeletedBlockLogImpl] DEBUG block.DeletedBlockLogImpl (DeletedBlockLogImpl.java:commitTransactions(224)) - Transaction txId=1 commit by dnId=bd4316f7-8522-4e92-952a-a3dfbeefbfef for containerID=#1 failed. Corresponding entry not found.
2021-08-16 02:09:49,089 [EventQueue-DeleteBlockStatusForDeletedBlockLogImpl] DEBUG block.DeletedBlockLogImpl (DeletedBlockLogImpl.java:isTransactionFailed(278)) - Got block deletion ACK from datanode, TXIDs=1, success=true
2021-08-16 02:09:49,089 [EventQueue-DeleteBlockStatusForDeletedBlockLogImpl] DEBUG block.DeletedBlockLogImpl (DeletedBlockLogImpl.java:commitTransactions(224)) - Transaction txId=1 commit by dnId=bd4316f7-8522-4e92-952a-a3dfbeefbfef for containerID=#1 failed. Corresponding entry not found.
2021-08-16 02:09:49,089 [EventQueue-DeleteBlockStatusForDeletedBlockLogImpl] DEBUG block.DeletedBlockLogImpl (DeletedBlockLogImpl.java:isTransactionFailed(278)) - Got block deletion ACK from datanode, TXIDs=1, success=true
2021-08-16 02:09:49,089 [EventQueue-DeleteBlockStatusForDeletedBlockLogImpl] DEBUG block.DeletedBlockLogImpl (DeletedBlockLogImpl.java:commitTransactions(224)) - Transaction txId=1 commit by dnId=bd4316f7-8522-4e92-952a-a3dfbeefbfef for containerID=#1 failed. Corresponding entry not found.
2021-08-16 02:09:49,089 [EventQueue-DeleteBlockStatusForDeletedBlockLogImpl] DEBUG block.DeletedBlockLogImpl (DeletedBlockLogImpl.java:isTransactionFailed(278)) - Got block deletion ACK from datanode, TXIDs=1, success=true
2021-08-16 02:09:49,089 [EventQueue-DeleteBlockStatusForDeletedBlockLogImpl] DEBUG block.DeletedBlockLogImpl (DeletedBlockLogImpl.java:commitTransactions(224)) - Transaction txId=1 commit by dnId=bd4316f7-8522-4e92-952a-a3dfbeefbfef for containerID=#1 failed. Corresponding entry not found.
2021-08-16 02:09:49,089 [EventQueue-DeleteBlockStatusForDeletedBlockLogImpl] DEBUG block.DeletedBlockLogImpl (DeletedBlockLogImpl.java:isTransactionFailed(278)) - Got block deletion ACK from datanode, TXIDs=1, success=true
2021-08-16 02:09:49,089 [EventQueue-DeleteBlockStatusForDeletedBlockLogImpl] DEBUG block.DeletedBlockLogImpl (DeletedBlockLogImpl.java:commitTransactions(224)) - Transaction txId=1 commit by dnId=bd4316f7-8522-4e92-952a-a3dfbeefbfef for containerID=#1 failed. Corresponding entry not found.
2021-08-16 02:09:49,089 [EventQueue-DeleteBlockStatusForDeletedBlockLogImpl] DEBUG block.DeletedBlockLogImpl (DeletedBlockLogImpl.java:isTransactionFailed(278)) - Got block deletion ACK from datanode, TXIDs=1, success=true
2021-08-16 02:09:49,089 [EventQueue-DeleteBlockStatusForDeletedBlockLogImpl] DEBUG block.DeletedBlockLogImpl (DeletedBlockLogImpl.java:commitTransactions(224)) - Transaction txId=1 commit by dnId=bd4316f7-8522-4e92-952a-a3dfbeefbfef for containerID=#1 failed. Corresponding entry not found.
2021-08-16 02:09:49,089 [EventQueue-DeleteBlockStatusForDeletedBlockLogImpl] DEBUG block.DeletedBlockLogImpl (DeletedBlockLogImpl.java:isTransactionFailed(278)) - Got block deletion ACK from datanode, TXIDs=1, success=true
2021-08-16 02:09:49,089 [EventQueue-DeleteBlockStatusForDeletedBlockLogImpl] DEBUG block.DeletedBlockLogImpl (DeletedBlockLogImpl.java:commitTransactions(224)) - Transaction txId=1 commit by dnId=bd4316f7-8522-4e92-952a-a3dfbeefbfef for containerID=#1 failed. Corresponding entry not found.
2021-08-16 02:09:49,089 [EventQueue-DeleteBlockStatusForDeletedBlockLogImpl] DEBUG block.DeletedBlockLogImpl (DeletedBlockLogImpl.java:isTransactionFailed(278)) - Got block deletion ACK from datanode, TXIDs=1, success=true
2021-08-16 02:09:49,089 [EventQueue-DeleteBlockStatusForDeletedBlockLogImpl] DEBUG block.DeletedBlockLogImpl (DeletedBlockLogImpl.java:commitTransactions(224)) - Transaction txId=1 commit by dnId=bd4316f7-8522-4e92-952a-a3dfbeefbfef for containerID=#1 failed. Corresponding entry not found.
2021-08-16 02:09:49,183 [SCMBlockDeletingService#0] DEBUG block.SCMBlockDeletingService (SCMBlockDeletingService.java:call(133)) - Running DeletedBlockTransactionScanner
2021-08-16 02:09:49,283 [SCMBlockDeletingService#0] DEBUG block.SCMBlockDeletingService (SCMBlockDeletingService.java:call(133)) - Running DeletedBlockTransactionScanner
2021-08-16 02:09:49,383 [SCMBlockDeletingService#0] DEBUG block.SCMBlockDeletingService (SCMBlockDeletingService.java:call(133)) - Running DeletedBlockTransactionScanner
2021-08-16 02:09:49,404 [org.apache.hadoop.ozone.container.common.statemachine.commandhandler.DeleteBlocksCommandHandler$DeleteCmdWorker@22c15ebc] INFO  commandhandler.DeleteBlocksCommandHandler (DeleteBlocksCommandHandler.java:processCmd(261)) - Start to delete container blocks, TXIDs=[1(0)], numOfContainers=1, numOfBlocks=1
2021-08-16 02:09:49,405 [org.apache.hadoop.ozone.container.common.statemachine.commandhandler.DeleteBlocksCommandHandler$DeleteCmdWorker@22c15ebc] INFO  commandhandler.DeleteBlocksCommandHandler (DeleteBlocksCommandHandler.java:processCmd(261)) - Start to delete container blocks, TXIDs=[1(0)], numOfContainers=1, numOfBlocks=1
2021-08-16 02:09:49,405 [org.apache.hadoop.ozone.container.common.statemachine.commandhandler.DeleteBlocksCommandHandler$DeleteCmdWorker@22c15ebc] INFO  commandhandler.DeleteBlocksCommandHandler (DeleteBlocksCommandHandler.java:processCmd(261)) - Start to delete container blocks, TXIDs=[1(0)], numOfContainers=1, numOfBlocks=1
2021-08-16 02:09:49,405 [org.apache.hadoop.ozone.container.common.statemachine.commandhandler.DeleteBlocksCommandHandler$DeleteCmdWorker@22c15ebc] INFO  commandhandler.DeleteBlocksCommandHandler (DeleteBlocksCommandHandler.java:processCmd(261)) - Start to delete container blocks, TXIDs=[1(0)], numOfContainers=1, numOfBlocks=1
2021-08-16 02:09:49,405 [org.apache.hadoop.ozone.container.common.statemachine.commandhandler.DeleteBlocksCommandHandler$DeleteCmdWorker@22c15ebc] INFO  commandhandler.DeleteBlocksCommandHandler (DeleteBlocksCommandHandler.java:processCmd(261)) - Start to delete container blocks, TXIDs=[1(0)], numOfContainers=1, numOfBlocks=1
2021-08-16 02:09:49,405 [org.apache.hadoop.ozone.container.common.statemachine.commandhandler.DeleteBlocksCommandHandler$DeleteCmdWorker@22c15ebc] INFO  commandhandler.DeleteBlocksCommandHandler (DeleteBlocksCommandHandler.java:processCmd(261)) - Start to delete container blocks, TXIDs=[1(0)], numOfContainers=1, numOfBlocks=1
2021-08-16 02:09:49,408 [org.apache.hadoop.ozone.container.common.statemachine.commandhandler.DeleteBlocksCommandHandler$DeleteCmdWorker@22c15ebc] INFO  commandhandler.DeleteBlocksCommandHandler (DeleteBlocksCommandHandler.java:processCmd(261)) - Start to delete container blocks, TXIDs=[1(0)], numOfContainers=1, numOfBlocks=1
2021-08-16 02:09:49,408 [org.apache.hadoop.ozone.container.common.statemachine.commandhandler.DeleteBlocksCommandHandler$DeleteCmdWorker@22c15ebc] INFO  commandhandler.DeleteBlocksCommandHandler (DeleteBlocksCommandHandler.java:processCmd(261)) - Start to delete container blocks, TXIDs=[1(0)], numOfContainers=1, numOfBlocks=1
2021-08-16 02:09:49,483 [SCMBlockDeletingService#0] DEBUG block.SCMBlockDeletingService (SCMBlockDeletingService.java:call(133)) - Running DeletedBlockTransactionScanner
2021-08-16 02:09:49,583 [SCMBlockDeletingService#0] DEBUG block.SCMBlockDeletingService (SCMBlockDeletingService.java:call(133)) - Running DeletedBlockTransactionScanner
2021-08-16 02:09:49,683 [SCMBlockDeletingService#0] DEBUG block.SCMBlockDeletingService (SCMBlockDeletingService.java:call(133)) - Running DeletedBlockTransactionScanner
2021-08-16 02:09:49,696 [EventQueue-DeleteBlockStatusForDeletedBlockLogImpl] DEBUG block.DeletedBlockLogImpl (DeletedBlockLogImpl.java:isTransactionFailed(278)) - Got block deletion ACK from datanode, TXIDs=1, success=true
2021-08-16 02:09:49,696 [EventQueue-DeleteBlockStatusForDeletedBlockLogImpl] DEBUG block.DeletedBlockLogImpl (DeletedBlockLogImpl.java:commitTransactions(224)) - Transaction txId=1 commit by dnId=4c5d3f80-455e-48af-b42d-db12d94a5acc for containerID=#1 failed. Corresponding entry not found.
2021-08-16 02:09:49,696 [EventQueue-DeleteBlockStatusForDeletedBlockLogImpl] DEBUG block.DeletedBlockLogImpl (DeletedBlockLogImpl.java:isTransactionFailed(278)) - Got block deletion ACK from datanode, TXIDs=1, success=true
2021-08-16 02:09:49,696 [EventQueue-DeleteBlockStatusForDeletedBlockLogImpl] DEBUG block.DeletedBlockLogImpl (DeletedBlockLogImpl.java:commitTransactions(224)) - Transaction txId=1 commit by dnId=4c5d3f80-455e-48af-b42d-db12d94a5acc for containerID=#1 failed. Corresponding entry not found.
2021-08-16 02:09:49,697 [EventQueue-DeleteBlockStatusForDeletedBlockLogImpl] DEBUG block.DeletedBlockLogImpl (DeletedBlockLogImpl.java:isTransactionFailed(278)) - Got block deletion ACK from datanode, TXIDs=1, success=true
2021-08-16 02:09:49,697 [EventQueue-DeleteBlockStatusForDeletedBlockLogImpl] DEBUG block.DeletedBlockLogImpl (DeletedBlockLogImpl.java:commitTransactions(224)) - Transaction txId=1 commit by dnId=4c5d3f80-455e-48af-b42d-db12d94a5acc for containerID=#1 failed. Corresponding entry not found.
2021-08-16 02:09:49,697 [EventQueue-DeleteBlockStatusForDeletedBlockLogImpl] DEBUG block.DeletedBlockLogImpl (DeletedBlockLogImpl.java:isTransactionFailed(278)) - Got block deletion ACK from datanode, TXIDs=1, success=true
2021-08-16 02:09:49,697 [EventQueue-DeleteBlockStatusForDeletedBlockLogImpl] DEBUG block.DeletedBlockLogImpl (DeletedBlockLogImpl.java:commitTransactions(224)) - Transaction txId=1 commit by dnId=4c5d3f80-455e-48af-b42d-db12d94a5acc for containerID=#1 failed. Corresponding entry not found.
2021-08-16 02:09:49,697 [EventQueue-DeleteBlockStatusForDeletedBlockLogImpl] DEBUG block.DeletedBlockLogImpl (DeletedBlockLogImpl.java:isTransactionFailed(278)) - Got block deletion ACK from datanode, TXIDs=1, success=true
2021-08-16 02:09:49,697 [EventQueue-DeleteBlockStatusForDeletedBlockLogImpl] DEBUG block.DeletedBlockLogImpl (DeletedBlockLogImpl.java:commitTransactions(224)) - Transaction txId=1 commit by dnId=4c5d3f80-455e-48af-b42d-db12d94a5acc for containerID=#1 failed. Corresponding entry not found.
2021-08-16 02:09:49,697 [EventQueue-DeleteBlockStatusForDeletedBlockLogImpl] DEBUG block.DeletedBlockLogImpl (DeletedBlockLogImpl.java:isTransactionFailed(278)) - Got block deletion ACK from datanode, TXIDs=1, success=true
2021-08-16 02:09:49,697 [EventQueue-DeleteBlockStatusForDeletedBlockLogImpl] DEBUG block.DeletedBlockLogImpl (DeletedBlockLogImpl.java:commitTransactions(224)) - Transaction txId=1 commit by dnId=4c5d3f80-455e-48af-b42d-db12d94a5acc for containerID=#1 failed. Corresponding entry not found.
2021-08-16 02:09:49,697 [EventQueue-DeleteBlockStatusForDeletedBlockLogImpl] DEBUG block.DeletedBlockLogImpl (DeletedBlockLogImpl.java:isTransactionFailed(278)) - Got block deletion ACK from datanode, TXIDs=1, success=true
2021-08-16 02:09:49,697 [EventQueue-DeleteBlockStatusForDeletedBlockLogImpl] DEBUG block.DeletedBlockLogImpl (DeletedBlockLogImpl.java:commitTransactions(224)) - Transaction txId=1 commit by dnId=4c5d3f80-455e-48af-b42d-db12d94a5acc for containerID=#1 failed. Corresponding entry not found.
2021-08-16 02:09:49,697 [EventQueue-DeleteBlockStatusForDeletedBlockLogImpl] DEBUG block.DeletedBlockLogImpl (DeletedBlockLogImpl.java:isTransactionFailed(278)) - Got block deletion ACK from datanode, TXIDs=1, success=true
2021-08-16 02:09:49,697 [EventQueue-DeleteBlockStatusForDeletedBlockLogImpl] DEBUG block.DeletedBlockLogImpl (DeletedBlockLogImpl.java:commitTransactions(224)) - Transaction txId=1 commit by dnId=4c5d3f80-455e-48af-b42d-db12d94a5acc for containerID=#1 failed. Corresponding entry not found.
2021-08-16 02:09:49,777 [org.apache.hadoop.ozone.container.common.statemachine.commandhandler.DeleteBlocksCommandHandler$DeleteCmdWorker@4c3c10cf] INFO  commandhandler.DeleteBlocksCommandHandler (DeleteBlocksCommandHandler.java:processCmd(261)) - Start to delete container blocks, TXIDs=[1(0)], numOfContainers=1, numOfBlocks=1
2021-08-16 02:09:49,777 [org.apache.hadoop.ozone.container.common.statemachine.commandhandler.DeleteBlocksCommandHandler$DeleteCmdWorker@4c3c10cf] INFO  commandhandler.DeleteBlocksCommandHandler (DeleteBlocksCommandHandler.java:processCmd(261)) - Start to delete container blocks, TXIDs=[1(0)], numOfContainers=1, numOfBlocks=1
2021-08-16 02:09:49,777 [org.apache.hadoop.ozone.container.common.statemachine.commandhandler.DeleteBlocksCommandHandler$DeleteCmdWorker@4c3c10cf] INFO  commandhandler.DeleteBlocksCommandHandler (DeleteBlocksCommandHandler.java:processCmd(261)) - Start to delete container blocks, TXIDs=[1(0)], numOfContainers=1, numOfBlocks=1
2021-08-16 02:09:49,778 [org.apache.hadoop.ozone.container.common.statemachine.commandhandler.DeleteBlocksCommandHandler$DeleteCmdWorker@4c3c10cf] INFO  commandhandler.DeleteBlocksCommandHandler (DeleteBlocksCommandHandler.java:processCmd(261)) - Start to delete container blocks, TXIDs=[1(0)], numOfContainers=1, numOfBlocks=1
2021-08-16 02:09:49,778 [org.apache.hadoop.ozone.container.common.statemachine.commandhandler.DeleteBlocksCommandHandler$DeleteCmdWorker@4c3c10cf] INFO  commandhandler.DeleteBlocksCommandHandler (DeleteBlocksCommandHandler.java:processCmd(261)) - Start to delete container blocks, TXIDs=[1(0)], numOfContainers=1, numOfBlocks=1
2021-08-16 02:09:49,778 [org.apache.hadoop.ozone.container.common.statemachine.commandhandler.DeleteBlocksCommandHandler$DeleteCmdWorker@4c3c10cf] INFO  commandhandler.DeleteBlocksCommandHandler (DeleteBlocksCommandHandler.java:processCmd(261)) - Start to delete container blocks, TXIDs=[1(0)], numOfContainers=1, numOfBlocks=1
2021-08-16 02:09:49,783 [SCMBlockDeletingService#0] DEBUG block.SCMBlockDeletingService (SCMBlockDeletingService.java:call(133)) - Running DeletedBlockTransactionScanner
2021-08-16 02:09:49,883 [SCMBlockDeletingService#0] DEBUG block.SCMBlockDeletingService (SCMBlockDeletingService.java:call(133)) - Running DeletedBlockTransactionScanner
2021-08-16 02:09:49,983 [SCMBlockDeletingService#0] DEBUG block.SCMBlockDeletingService (SCMBlockDeletingService.java:call(133)) - Running DeletedBlockTransactionScanner
2021-08-16 02:09:50,063 [EventQueue-DeleteBlockStatusForDeletedBlockLogImpl] DEBUG block.DeletedBlockLogImpl (DeletedBlockLogImpl.java:isTransactionFailed(278)) - Got block deletion ACK from datanode, TXIDs=1, success=true
2021-08-16 02:09:50,064 [EventQueue-DeleteBlockStatusForDeletedBlockLogImpl] DEBUG block.DeletedBlockLogImpl (DeletedBlockLogImpl.java:commitTransactions(224)) - Transaction txId=1 commit by dnId=e9132cce-c60f-4b85-98ff-6a1f5b0024c6 for containerID=#1 failed. Corresponding entry not found.
2021-08-16 02:09:50,064 [EventQueue-DeleteBlockStatusForDeletedBlockLogImpl] DEBUG block.DeletedBlockLogImpl (DeletedBlockLogImpl.java:isTransactionFailed(278)) - Got block deletion ACK from datanode, TXIDs=1, success=true
2021-08-16 02:09:50,064 [EventQueue-DeleteBlockStatusForDeletedBlockLogImpl] DEBUG block.DeletedBlockLogImpl (DeletedBlockLogImpl.java:commitTransactions(224)) - Transaction txId=1 commit by dnId=e9132cce-c60f-4b85-98ff-6a1f5b0024c6 for containerID=#1 failed. Corresponding entry not found.
2021-08-16 02:09:50,064 [EventQueue-DeleteBlockStatusForDeletedBlockLogImpl] DEBUG block.DeletedBlockLogImpl (DeletedBlockLogImpl.java:isTransactionFailed(278)) - Got block deletion ACK from datanode, TXIDs=1, success=true
2021-08-16 02:09:50,064 [EventQueue-DeleteBlockStatusForDeletedBlockLogImpl] DEBUG block.DeletedBlockLogImpl (DeletedBlockLogImpl.java:commitTransactions(224)) - Transaction txId=1 commit by dnId=e9132cce-c60f-4b85-98ff-6a1f5b0024c6 for containerID=#1 failed. Corresponding entry not found.
2021-08-16 02:09:50,064 [EventQueue-DeleteBlockStatusForDeletedBlockLogImpl] DEBUG block.DeletedBlockLogImpl (DeletedBlockLogImpl.java:isTransactionFailed(278)) - Got block deletion ACK from datanode, TXIDs=1, success=true
2021-08-16 02:09:50,064 [EventQueue-DeleteBlockStatusForDeletedBlockLogImpl] DEBUG block.DeletedBlockLogImpl (DeletedBlockLogImpl.java:commitTransactions(224)) - Transaction txId=1 commit by dnId=e9132cce-c60f-4b85-98ff-6a1f5b0024c6 for containerID=#1 failed. Corresponding entry not found.
2021-08-16 02:09:50,064 [EventQueue-DeleteBlockStatusForDeletedBlockLogImpl] DEBUG block.DeletedBlockLogImpl (DeletedBlockLogImpl.java:isTransactionFailed(278)) - Got block deletion ACK from datanode, TXIDs=1, success=true
2021-08-16 02:09:50,064 [EventQueue-DeleteBlockStatusForDeletedBlockLogImpl] DEBUG block.DeletedBlockLogImpl (DeletedBlockLogImpl.java:commitTransactions(224)) - Transaction txId=1 commit by dnId=e9132cce-c60f-4b85-98ff-6a1f5b0024c6 for containerID=#1 failed. Corresponding entry not found.
2021-08-16 02:09:50,064 [EventQueue-DeleteBlockStatusForDeletedBlockLogImpl] DEBUG block.DeletedBlockLogImpl (DeletedBlockLogImpl.java:isTransactionFailed(278)) - Got block deletion ACK from datanode, TXIDs=1, success=true
2021-08-16 02:09:50,064 [EventQueue-DeleteBlockStatusForDeletedBlockLogImpl] DEBUG block.DeletedBlockLogImpl (DeletedBlockLogImpl.java:commitTransactions(224)) - Transaction txId=1 commit by dnId=e9132cce-c60f-4b85-98ff-6a1f5b0024c6 for containerID=#1 failed. Corresponding entry not found.
2021-08-16 02:09:50,083 [SCMBlockDeletingService#0] DEBUG block.SCMBlockDeletingService (SCMBlockDeletingService.java:call(133)) - Running DeletedBlockTransactionScanner
2021-08-16 02:09:50,183 [SCMBlockDeletingService#0] DEBUG block.SCMBlockDeletingService (SCMBlockDeletingService.java:call(133)) - Running DeletedBlockTransactionScanner
2021-08-16 02:09:50,283 [SCMBlockDeletingService#0] DEBUG block.SCMBlockDeletingService (SCMBlockDeletingService.java:call(133)) - Running DeletedBlockTransactionScanner
2021-08-16 02:09:50,384 [SCMBlockDeletingService#0] DEBUG block.SCMBlockDeletingService (SCMBlockDeletingService.java:call(133)) - Running DeletedBlockTransactionScanner
2021-08-16 02:09:50,484 [SCMBlockDeletingService#0] DEBUG block.SCMBlockDeletingService (SCMBlockDeletingService.java:call(133)) - Running DeletedBlockTransactionScanner
2021-08-16 02:09:50,488 [Datanode State Machine Thread - 0] INFO  statemachine.DatanodeStateMachine (DatanodeStateMachine.java:lambda$startDaemon$0(457)) - Ozone container server started.
2021-08-16 02:09:50,584 [SCMBlockDeletingService#0] DEBUG block.SCMBlockDeletingService (SCMBlockDeletingService.java:call(133)) - Running DeletedBlockTransactionScanner
2021-08-16 02:09:50,684 [SCMBlockDeletingService#0] DEBUG block.SCMBlockDeletingService (SCMBlockDeletingService.java:call(133)) - Running DeletedBlockTransactionScanner
2021-08-16 02:09:50,784 [SCMBlockDeletingService#0] DEBUG block.SCMBlockDeletingService (SCMBlockDeletingService.java:call(133)) - Running DeletedBlockTransactionScanner
2021-08-16 02:09:50,884 [SCMBlockDeletingService#0] DEBUG block.SCMBlockDeletingService (SCMBlockDeletingService.java:call(133)) - Running DeletedBlockTransactionScanner
2021-08-16 02:09:50,984 [SCMBlockDeletingService#0] DEBUG block.SCMBlockDeletingService (SCMBlockDeletingService.java:call(133)) - Running DeletedBlockTransactionScanner
2021-08-16 02:09:51,084 [SCMBlockDeletingService#0] DEBUG block.SCMBlockDeletingService (SCMBlockDeletingService.java:call(133)) - Running DeletedBlockTransactionScanner
2021-08-16 02:09:51,184 [SCMBlockDeletingService#0] DEBUG block.SCMBlockDeletingService (SCMBlockDeletingService.java:call(133)) - Running DeletedBlockTransactionScanner
2021-08-16 02:09:51,284 [SCMBlockDeletingService#0] DEBUG block.SCMBlockDeletingService (SCMBlockDeletingService.java:call(133)) - Running DeletedBlockTransactionScanner
2021-08-16 02:09:51,384 [SCMBlockDeletingService#0] DEBUG block.SCMBlockDeletingService (SCMBlockDeletingService.java:call(133)) - Running DeletedBlockTransactionScanner
2021-08-16 02:09:51,484 [SCMBlockDeletingService#0] DEBUG block.SCMBlockDeletingService (SCMBlockDeletingService.java:call(133)) - Running DeletedBlockTransactionScanner
2021-08-16 02:09:51,584 [SCMBlockDeletingService#0] DEBUG block.SCMBlockDeletingService (SCMBlockDeletingService.java:call(133)) - Running DeletedBlockTransactionScanner
2021-08-16 02:09:51,685 [SCMBlockDeletingService#0] DEBUG block.SCMBlockDeletingService (SCMBlockDeletingService.java:call(133)) - Running DeletedBlockTransactionScanner
2021-08-16 02:09:51,785 [SCMBlockDeletingService#0] DEBUG block.SCMBlockDeletingService (SCMBlockDeletingService.java:call(133)) - Running DeletedBlockTransactionScanner
2021-08-16 02:09:51,885 [SCMBlockDeletingService#0] DEBUG block.SCMBlockDeletingService (SCMBlockDeletingService.java:call(133)) - Running DeletedBlockTransactionScanner
2021-08-16 02:09:51,985 [SCMBlockDeletingService#0] DEBUG block.SCMBlockDeletingService (SCMBlockDeletingService.java:call(133)) - Running DeletedBlockTransactionScanner
2021-08-16 02:09:52,085 [SCMBlockDeletingService#0] DEBUG block.SCMBlockDeletingService (SCMBlockDeletingService.java:call(133)) - Running DeletedBlockTransactionScanner
2021-08-16 02:09:52,185 [SCMBlockDeletingService#0] DEBUG block.SCMBlockDeletingService (SCMBlockDeletingService.java:call(133)) - Running DeletedBlockTransactionScanner
2021-08-16 02:09:52,285 [SCMBlockDeletingService#0] DEBUG block.SCMBlockDeletingService (SCMBlockDeletingService.java:call(133)) - Running DeletedBlockTransactionScanner
2021-08-16 02:09:52,385 [SCMBlockDeletingService#0] DEBUG block.SCMBlockDeletingService (SCMBlockDeletingService.java:call(133)) - Running DeletedBlockTransactionScanner
2021-08-16 02:09:52,485 [SCMBlockDeletingService#0] DEBUG block.SCMBlockDeletingService (SCMBlockDeletingService.java:call(133)) - Running DeletedBlockTransactionScanner
2021-08-16 02:09:52,585 [SCMBlockDeletingService#0] DEBUG block.SCMBlockDeletingService (SCMBlockDeletingService.java:call(133)) - Running DeletedBlockTransactionScanner
2021-08-16 02:09:52,685 [SCMBlockDeletingService#0] DEBUG block.SCMBlockDeletingService (SCMBlockDeletingService.java:call(133)) - Running DeletedBlockTransactionScanner
2021-08-16 02:09:52,785 [SCMBlockDeletingService#0] DEBUG block.SCMBlockDeletingService (SCMBlockDeletingService.java:call(133)) - Running DeletedBlockTransactionScanner
2021-08-16 02:09:52,885 [SCMBlockDeletingService#0] DEBUG block.SCMBlockDeletingService (SCMBlockDeletingService.java:call(133)) - Running DeletedBlockTransactionScanner
2021-08-16 02:09:52,986 [SCMBlockDeletingService#0] DEBUG block.SCMBlockDeletingService (SCMBlockDeletingService.java:call(133)) - Running DeletedBlockTransactionScanner
2021-08-16 02:09:53,086 [SCMBlockDeletingService#0] DEBUG block.SCMBlockDeletingService (SCMBlockDeletingService.java:call(133)) - Running DeletedBlockTransactionScanner
2021-08-16 02:09:53,186 [SCMBlockDeletingService#0] DEBUG block.SCMBlockDeletingService (SCMBlockDeletingService.java:call(133)) - Running DeletedBlockTransactionScanner
2021-08-16 02:09:53,286 [SCMBlockDeletingService#0] DEBUG block.SCMBlockDeletingService (SCMBlockDeletingService.java:call(133)) - Running DeletedBlockTransactionScanner
2021-08-16 02:09:53,386 [SCMBlockDeletingService#0] DEBUG block.SCMBlockDeletingService (SCMBlockDeletingService.java:call(133)) - Running DeletedBlockTransactionScanner
2021-08-16 02:09:53,397 [EventQueue-StaleNodeForStaleNodeHandler] INFO  node.StaleNodeHandler (StaleNodeHandler.java:onMessage(58)) - Datanode bd4316f7-8522-4e92-952a-a3dfbeefbfef{ip: 10.1.0.7, host: fv-az148-41.bm4ck3pvxvsene1rjriu5fhcdb.bx.internal.cloudapp.net, ports: [REPLICATION=42659, RATIS=40431, RATIS_ADMIN=40431, RATIS_SERVER=40431, STANDALONE=33881], networkLocation: /default-rack, certSerialId: null, persistedOpState: IN_SERVICE, persistedOpStateExpiryEpochSec: 0} moved to stale state. Finalizing its pipelines [PipelineID=8df6d1c3-eab4-46c1-a084-f9dbe6e145ed]
2021-08-16 02:09:53,398 [EventQueue-StaleNodeForStaleNodeHandler] INFO  pipeline.PipelineManagerImpl (PipelineManagerImpl.java:closePipeline(343)) - Pipeline Pipeline[ Id: 8df6d1c3-eab4-46c1-a084-f9dbe6e145ed, Nodes: e9132cce-c60f-4b85-98ff-6a1f5b0024c6{ip: 10.1.0.7, host: fv-az148-41.bm4ck3pvxvsene1rjriu5fhcdb.bx.internal.cloudapp.net, ports: [REPLICATION=46267, RATIS=45089, RATIS_ADMIN=45089, RATIS_SERVER=45089, STANDALONE=36971], networkLocation: /default-rack, certSerialId: null, persistedOpState: IN_SERVICE, persistedOpStateExpiryEpochSec: 0}4c5d3f80-455e-48af-b42d-db12d94a5acc{ip: 10.1.0.7, host: fv-az148-41.bm4ck3pvxvsene1rjriu5fhcdb.bx.internal.cloudapp.net, ports: [REPLICATION=46351, RATIS=38341, RATIS_ADMIN=38341, RATIS_SERVER=38341, STANDALONE=43791], networkLocation: /default-rack, certSerialId: null, persistedOpState: IN_SERVICE, persistedOpStateExpiryEpochSec: 0}bd4316f7-8522-4e92-952a-a3dfbeefbfef{ip: 10.1.0.7, host: fv-az148-41.bm4ck3pvxvsene1rjriu5fhcdb.bx.internal.cloudapp.net, ports: [REPLICATION=42659, RATIS=40431, RATIS_ADMIN=40431, RATIS_SERVER=40431, STANDALONE=33881], networkLocation: /default-rack, certSerialId: null, persistedOpState: IN_SERVICE, persistedOpStateExpiryEpochSec: 0}, ReplicationConfig: RATIS/THREE, State:OPEN, leaderId:e9132cce-c60f-4b85-98ff-6a1f5b0024c6, CreationTimestamp2021-08-16T02:09:04.029Z[Etc/UTC]] moved to CLOSED state
2021-08-16 02:09:53,486 [SCMBlockDeletingService#0] DEBUG block.SCMBlockDeletingService (SCMBlockDeletingService.java:call(133)) - Running DeletedBlockTransactionScanner
2021-08-16 02:09:53,586 [SCMBlockDeletingService#0] DEBUG block.SCMBlockDeletingService (SCMBlockDeletingService.java:call(133)) - Running DeletedBlockTransactionScanner
2021-08-16 02:09:53,686 [SCMBlockDeletingService#0] DEBUG block.SCMBlockDeletingService (SCMBlockDeletingService.java:call(133)) - Running DeletedBlockTransactionScanner
2021-08-16 02:09:53,786 [SCMBlockDeletingService#0] DEBUG block.SCMBlockDeletingService (SCMBlockDeletingService.java:call(133)) - Running DeletedBlockTransactionScanner
2021-08-16 02:09:53,886 [SCMBlockDeletingService#0] DEBUG block.SCMBlockDeletingService (SCMBlockDeletingService.java:call(133)) - Running DeletedBlockTransactionScanner
2021-08-16 02:09:53,986 [SCMBlockDeletingService#0] DEBUG block.SCMBlockDeletingService (SCMBlockDeletingService.java:call(133)) - Running DeletedBlockTransactionScanner
2021-08-16 02:09:54,086 [SCMBlockDeletingService#0] DEBUG block.SCMBlockDeletingService (SCMBlockDeletingService.java:call(133)) - Running DeletedBlockTransactionScanner
2021-08-16 02:09:54,187 [SCMBlockDeletingService#0] DEBUG block.SCMBlockDeletingService (SCMBlockDeletingService.java:call(133)) - Running DeletedBlockTransactionScanner
2021-08-16 02:09:54,287 [SCMBlockDeletingService#0] DEBUG block.SCMBlockDeletingService (SCMBlockDeletingService.java:call(133)) - Running DeletedBlockTransactionScanner
2021-08-16 02:09:54,387 [SCMBlockDeletingService#0] DEBUG block.SCMBlockDeletingService (SCMBlockDeletingService.java:call(133)) - Running DeletedBlockTransactionScanner
2021-08-16 02:09:54,487 [SCMBlockDeletingService#0] DEBUG block.SCMBlockDeletingService (SCMBlockDeletingService.java:call(133)) - Running DeletedBlockTransactionScanner
2021-08-16 02:09:54,587 [SCMBlockDeletingService#0] DEBUG block.SCMBlockDeletingService (SCMBlockDeletingService.java:call(133)) - Running DeletedBlockTransactionScanner
2021-08-16 02:09:54,687 [SCMBlockDeletingService#0] DEBUG block.SCMBlockDeletingService (SCMBlockDeletingService.java:call(133)) - Running DeletedBlockTransactionScanner
2021-08-16 02:09:54,787 [SCMBlockDeletingService#0] DEBUG block.SCMBlockDeletingService (SCMBlockDeletingService.java:call(133)) - Running DeletedBlockTransactionScanner
2021-08-16 02:09:54,887 [SCMBlockDeletingService#0] DEBUG block.SCMBlockDeletingService (SCMBlockDeletingService.java:call(133)) - Running DeletedBlockTransactionScanner
2021-08-16 02:09:54,987 [SCMBlockDeletingService#0] DEBUG block.SCMBlockDeletingService (SCMBlockDeletingService.java:call(133)) - Running DeletedBlockTransactionScanner
2021-08-16 02:09:55,087 [SCMBlockDeletingService#0] DEBUG block.SCMBlockDeletingService (SCMBlockDeletingService.java:call(133)) - Running DeletedBlockTransactionScanner
2021-08-16 02:09:55,187 [SCMBlockDeletingService#0] DEBUG block.SCMBlockDeletingService (SCMBlockDeletingService.java:call(133)) - Running DeletedBlockTransactionScanner
2021-08-16 02:09:55,287 [SCMBlockDeletingService#0] DEBUG block.SCMBlockDeletingService (SCMBlockDeletingService.java:call(133)) - Running DeletedBlockTransactionScanner
2021-08-16 02:09:55,387 [SCMBlockDeletingService#0] DEBUG block.SCMBlockDeletingService (SCMBlockDeletingService.java:call(133)) - Running DeletedBlockTransactionScanner
2021-08-16 02:09:55,478 [Listener at 127.0.0.1/42687] INFO  ozoneimpl.OzoneContainer (OzoneContainer.java:stop(326)) - Attempting to stop container services.
2021-08-16 02:09:55,488 [SCMBlockDeletingService#0] DEBUG block.SCMBlockDeletingService (SCMBlockDeletingService.java:call(133)) - Running DeletedBlockTransactionScanner
2021-08-16 02:09:55,488 [Listener at 127.0.0.1/42687] INFO  server.RaftServer (RaftServerProxy.java:lambda$close$6(391)) - bd4316f7-8522-4e92-952a-a3dfbeefbfef: close
2021-08-16 02:09:55,488 [Listener at 127.0.0.1/42687] INFO  server.RaftServer$Division (RaftServerImpl.java:lambda$close$4(407)) - bd4316f7-8522-4e92-952a-a3dfbeefbfef@group-F9DBE6E145ED: shutdown
2021-08-16 02:09:55,488 [Listener at 127.0.0.1/42687] INFO  util.JmxRegister (JmxRegister.java:unregister(73)) - Successfully un-registered JMX Bean with object name Ratis:service=RaftServer,group=group-F9DBE6E145ED,id=bd4316f7-8522-4e92-952a-a3dfbeefbfef
2021-08-16 02:09:55,488 [Listener at 127.0.0.1/42687] INFO  impl.RoleInfo (RoleInfo.java:shutdownFollowerState(108)) - bd4316f7-8522-4e92-952a-a3dfbeefbfef: shutdown bd4316f7-8522-4e92-952a-a3dfbeefbfef@group-F9DBE6E145ED-FollowerState
2021-08-16 02:09:55,489 [Listener at 127.0.0.1/42687] INFO  impl.StateMachineUpdater (StateMachineUpdater.java:stopAndJoin(149)) - bd4316f7-8522-4e92-952a-a3dfbeefbfef@group-F9DBE6E145ED-StateMachineUpdater: set stopIndex = 14
2021-08-16 02:09:55,489 [bd4316f7-8522-4e92-952a-a3dfbeefbfef@group-F9DBE6E145ED-FollowerState] INFO  impl.FollowerState (FollowerState.java:run(143)) - bd4316f7-8522-4e92-952a-a3dfbeefbfef@group-F9DBE6E145ED-FollowerState was interrupted: {}
java.lang.InterruptedException: sleep interrupted
	at java.lang.Thread.sleep(Native Method)
	at java.lang.Thread.sleep(Thread.java:340)
	at java.util.concurrent.TimeUnit.sleep(TimeUnit.java:386)
	at org.apache.ratis.util.TimeDuration.sleep(TimeDuration.java:324)
	at org.apache.ratis.util.TimeDuration.sleep(TimeDuration.java:309)
	at org.apache.ratis.server.impl.FollowerState.run(FollowerState.java:118)
2021-08-16 02:09:55,489 [bd4316f7-8522-4e92-952a-a3dfbeefbfef@group-F9DBE6E145ED-StateMachineUpdater] INFO  ratis.ContainerStateMachine (ContainerStateMachine.java:takeSnapshot(293)) - group-F9DBE6E145ED: Taking a snapshot at:(t:6, i:14) file /home/runner/work/ozone/ozone/hadoop-ozone/integration-test/target/test-dir/MiniOzoneClusterImpl-6c1f9dad-945a-4399-911a-83f70586d44a/datanode-0/data/ratis/8df6d1c3-eab4-46c1-a084-f9dbe6e145ed/sm/snapshot.6_14
2021-08-16 02:09:55,491 [bd4316f7-8522-4e92-952a-a3dfbeefbfef@group-F9DBE6E145ED-StateMachineUpdater] INFO  ratis.ContainerStateMachine (ContainerStateMachine.java:takeSnapshot(304)) - group-F9DBE6E145ED: Finished taking a snapshot at:(t:6, i:14) file:/home/runner/work/ozone/ozone/hadoop-ozone/integration-test/target/test-dir/MiniOzoneClusterImpl-6c1f9dad-945a-4399-911a-83f70586d44a/datanode-0/data/ratis/8df6d1c3-eab4-46c1-a084-f9dbe6e145ed/sm/snapshot.6_14 took: 2 ms
2021-08-16 02:09:55,491 [bd4316f7-8522-4e92-952a-a3dfbeefbfef@group-F9DBE6E145ED-StateMachineUpdater] INFO  impl.StateMachineUpdater (StateMachineUpdater.java:takeSnapshot(281)) - bd4316f7-8522-4e92-952a-a3dfbeefbfef@group-F9DBE6E145ED-StateMachineUpdater: Took a snapshot at index 14
2021-08-16 02:09:55,491 [bd4316f7-8522-4e92-952a-a3dfbeefbfef@group-F9DBE6E145ED-StateMachineUpdater] INFO  impl.StateMachineUpdater (StateMachineUpdater.java:lambda$new$0(89)) - bd4316f7-8522-4e92-952a-a3dfbeefbfef@group-F9DBE6E145ED-StateMachineUpdater: snapshotIndex: updateIncreasingly -1 -> 14
2021-08-16 02:09:55,492 [Listener at 127.0.0.1/42687] INFO  server.RaftServer$Division (ServerState.java:close(419)) - bd4316f7-8522-4e92-952a-a3dfbeefbfef@group-F9DBE6E145ED: closes. applyIndex: 14
2021-08-16 02:09:55,492 [bd4316f7-8522-4e92-952a-a3dfbeefbfef@group-F9DBE6E145ED-SegmentedRaftLogWorker] INFO  segmented.SegmentedRaftLogWorker (SegmentedRaftLogWorker.java:run(327)) - bd4316f7-8522-4e92-952a-a3dfbeefbfef@group-F9DBE6E145ED-SegmentedRaftLogWorker was interrupted, exiting. There are 0 tasks remaining in the queue.
2021-08-16 02:09:55,493 [Listener at 127.0.0.1/42687] INFO  segmented.SegmentedRaftLogWorker (SegmentedRaftLogWorker.java:close(237)) - bd4316f7-8522-4e92-952a-a3dfbeefbfef@group-F9DBE6E145ED-SegmentedRaftLogWorker close()
2021-08-16 02:09:55,495 [Listener at 127.0.0.1/42687] INFO  server.GrpcService (GrpcService.java:closeImpl(262)) - bd4316f7-8522-4e92-952a-a3dfbeefbfef: shutdown server with port 40431 now
2021-08-16 02:09:55,507 [grpc-default-executor-4] WARN  server.GrpcServerProtocolService (LogUtils.java:warn(122)) - bd4316f7-8522-4e92-952a-a3dfbeefbfef: installSnapshot onError, lastRequest: e9132cce-c60f-4b85-98ff-6a1f5b0024c6->bd4316f7-8522-4e92-952a-a3dfbeefbfef#364-t6,previous=(t:6, i:13),leaderCommit=13,initializing? true,entries: size=1, first=(t:6, i:14), METADATAENTRY(c:13): org.apache.ratis.thirdparty.io.grpc.StatusRuntimeException: CANCELLED: client cancelled
2021-08-16 02:09:55,522 [grpc-default-executor-0] WARN  server.GrpcLogAppender (LogUtils.java:warn(122)) - e9132cce-c60f-4b85-98ff-6a1f5b0024c6@group-F9DBE6E145ED->bd4316f7-8522-4e92-952a-a3dfbeefbfef-AppendLogResponseHandler: Failed appendEntries: org.apache.ratis.thirdparty.io.grpc.StatusRuntimeException: CANCELLED: HTTP/2 error code: CANCEL
Received Rst Stream
2021-08-16 02:09:55,528 [grpc-default-executor-0] INFO  leader.FollowerInfo (FollowerInfoImpl.java:lambda$new$0(46)) - e9132cce-c60f-4b85-98ff-6a1f5b0024c6@group-F9DBE6E145ED->bd4316f7-8522-4e92-952a-a3dfbeefbfef: nextIndex: updateUnconditionally 15 -> 14
2021-08-16 02:09:55,530 [Listener at 127.0.0.1/42687] INFO  server.GrpcService (GrpcService.java:closeImpl(271)) - bd4316f7-8522-4e92-952a-a3dfbeefbfef: shutdown server with port 40431 successfully
2021-08-16 02:09:55,531 [org.apache.ratis.util.JvmPauseMonitor$$Lambda$531/740858526@4719373a] INFO  util.JvmPauseMonitor (JvmPauseMonitor.java:run(109)) - JvmPauseMonitor-bd4316f7-8522-4e92-952a-a3dfbeefbfef: Stopped
2021-08-16 02:09:55,537 [grpc-default-executor-4] WARN  server.GrpcLogAppender (LogUtils.java:warn(122)) - e9132cce-c60f-4b85-98ff-6a1f5b0024c6@group-F9DBE6E145ED->bd4316f7-8522-4e92-952a-a3dfbeefbfef-AppendLogResponseHandler: Failed appendEntries: org.apache.ratis.thirdparty.io.grpc.StatusRuntimeException: UNAVAILABLE: io exception
2021-08-16 02:09:55,541 [Listener at 127.0.0.1/42687] INFO  utils.BackgroundService (BackgroundService.java:shutdown(132)) - Shutting down service BlockDeletingService
2021-08-16 02:09:55,543 [grpc-default-executor-4] INFO  leader.FollowerInfo (FollowerInfoImpl.java:lambda$new$0(46)) - e9132cce-c60f-4b85-98ff-6a1f5b0024c6@group-F9DBE6E145ED->bd4316f7-8522-4e92-952a-a3dfbeefbfef: nextIndex: updateUnconditionally 15 -> 14
2021-08-16 02:09:55,588 [SCMBlockDeletingService#0] DEBUG block.SCMBlockDeletingService (SCMBlockDeletingService.java:call(133)) - Running DeletedBlockTransactionScanner
2021-08-16 02:09:55,688 [SCMBlockDeletingService#0] DEBUG block.SCMBlockDeletingService (SCMBlockDeletingService.java:call(133)) - Running DeletedBlockTransactionScanner
2021-08-16 02:09:55,788 [SCMBlockDeletingService#0] DEBUG block.SCMBlockDeletingService (SCMBlockDeletingService.java:call(133)) - Running DeletedBlockTransactionScanner
2021-08-16 02:09:55,888 [SCMBlockDeletingService#0] DEBUG block.SCMBlockDeletingService (SCMBlockDeletingService.java:call(133)) - Running DeletedBlockTransactionScanner
2021-08-16 02:09:55,988 [SCMBlockDeletingService#0] DEBUG block.SCMBlockDeletingService (SCMBlockDeletingService.java:call(133)) - Running DeletedBlockTransactionScanner
2021-08-16 02:09:56,088 [SCMBlockDeletingService#0] DEBUG block.SCMBlockDeletingService (SCMBlockDeletingService.java:call(133)) - Running DeletedBlockTransactionScanner
2021-08-16 02:09:56,188 [SCMBlockDeletingService#0] DEBUG block.SCMBlockDeletingService (SCMBlockDeletingService.java:call(133)) - Running DeletedBlockTransactionScanner
2021-08-16 02:09:56,288 [SCMBlockDeletingService#0] DEBUG block.SCMBlockDeletingService (SCMBlockDeletingService.java:call(133)) - Running DeletedBlockTransactionScanner
2021-08-16 02:09:56,388 [SCMBlockDeletingService#0] DEBUG block.SCMBlockDeletingService (SCMBlockDeletingService.java:call(133)) - Running DeletedBlockTransactionScanner
2021-08-16 02:09:56,488 [SCMBlockDeletingService#0] DEBUG block.SCMBlockDeletingService (SCMBlockDeletingService.java:call(133)) - Running DeletedBlockTransactionScanner
2021-08-16 02:09:56,588 [SCMBlockDeletingService#0] DEBUG block.SCMBlockDeletingService (SCMBlockDeletingService.java:call(133)) - Running DeletedBlockTransactionScanner
2021-08-16 02:09:56,689 [SCMBlockDeletingService#0] DEBUG block.SCMBlockDeletingService (SCMBlockDeletingService.java:call(133)) - Running DeletedBlockTransactionScanner
2021-08-16 02:09:56,789 [SCMBlockDeletingService#0] DEBUG block.SCMBlockDeletingService (SCMBlockDeletingService.java:call(133)) - Running DeletedBlockTransactionScanner
2021-08-16 02:09:56,889 [SCMBlockDeletingService#0] DEBUG block.SCMBlockDeletingService (SCMBlockDeletingService.java:call(133)) - Running DeletedBlockTransactionScanner
2021-08-16 02:09:56,989 [SCMBlockDeletingService#0] DEBUG block.SCMBlockDeletingService (SCMBlockDeletingService.java:call(133)) - Running DeletedBlockTransactionScanner
2021-08-16 02:09:57,089 [SCMBlockDeletingService#0] DEBUG block.SCMBlockDeletingService (SCMBlockDeletingService.java:call(133)) - Running DeletedBlockTransactionScanner
2021-08-16 02:09:57,189 [SCMBlockDeletingService#0] DEBUG block.SCMBlockDeletingService (SCMBlockDeletingService.java:call(133)) - Running DeletedBlockTransactionScanner
2021-08-16 02:09:57,289 [SCMBlockDeletingService#0] DEBUG block.SCMBlockDeletingService (SCMBlockDeletingService.java:call(133)) - Running DeletedBlockTransactionScanner
2021-08-16 02:09:57,392 [SCMBlockDeletingService#0] DEBUG block.SCMBlockDeletingService (SCMBlockDeletingService.java:call(133)) - Running DeletedBlockTransactionScanner
2021-08-16 02:09:57,492 [SCMBlockDeletingService#0] DEBUG block.SCMBlockDeletingService (SCMBlockDeletingService.java:call(133)) - Running DeletedBlockTransactionScanner
2021-08-16 02:09:57,592 [SCMBlockDeletingService#0] DEBUG block.SCMBlockDeletingService (SCMBlockDeletingService.java:call(133)) - Running DeletedBlockTransactionScanner
2021-08-16 02:09:57,692 [SCMBlockDeletingService#0] DEBUG block.SCMBlockDeletingService (SCMBlockDeletingService.java:call(133)) - Running DeletedBlockTransactionScanner
2021-08-16 02:09:57,792 [SCMBlockDeletingService#0] DEBUG block.SCMBlockDeletingService (SCMBlockDeletingService.java:call(133)) - Running DeletedBlockTransactionScanner
2021-08-16 02:09:57,892 [SCMBlockDeletingService#0] DEBUG block.SCMBlockDeletingService (SCMBlockDeletingService.java:call(133)) - Running DeletedBlockTransactionScanner
2021-08-16 02:09:57,992 [SCMBlockDeletingService#0] DEBUG block.SCMBlockDeletingService (SCMBlockDeletingService.java:call(133)) - Running DeletedBlockTransactionScanner
2021-08-16 02:09:58,036 [grpc-default-executor-4] WARN  server.GrpcLogAppender (LogUtils.java:warn(122)) - e9132cce-c60f-4b85-98ff-6a1f5b0024c6@group-F9DBE6E145ED->bd4316f7-8522-4e92-952a-a3dfbeefbfef-AppendLogResponseHandler: Failed appendEntries: org.apache.ratis.thirdparty.io.grpc.StatusRuntimeException: UNAVAILABLE: io exception
2021-08-16 02:09:58,043 [grpc-default-executor-4] INFO  leader.FollowerInfo (FollowerInfoImpl.java:lambda$new$0(46)) - e9132cce-c60f-4b85-98ff-6a1f5b0024c6@group-F9DBE6E145ED->bd4316f7-8522-4e92-952a-a3dfbeefbfef: nextIndex: updateUnconditionally 15 -> 14
2021-08-16 02:09:58,092 [SCMBlockDeletingService#0] DEBUG block.SCMBlockDeletingService (SCMBlockDeletingService.java:call(133)) - Running DeletedBlockTransactionScanner
2021-08-16 02:09:58,192 [SCMBlockDeletingService#0] DEBUG block.SCMBlockDeletingService (SCMBlockDeletingService.java:call(133)) - Running DeletedBlockTransactionScanner
2021-08-16 02:09:58,292 [SCMBlockDeletingService#0] DEBUG block.SCMBlockDeletingService (SCMBlockDeletingService.java:call(133)) - Running DeletedBlockTransactionScanner
2021-08-16 02:09:58,392 [SCMBlockDeletingService#0] DEBUG block.SCMBlockDeletingService (SCMBlockDeletingService.java:call(133)) - Running DeletedBlockTransactionScanner
2021-08-16 02:09:58,493 [SCMBlockDeletingService#0] DEBUG block.SCMBlockDeletingService (SCMBlockDeletingService.java:call(133)) - Running DeletedBlockTransactionScanner
2021-08-16 02:09:58,553 [Listener at 127.0.0.1/42687] INFO  statemachine.DatanodeStateMachine (DatanodeStateMachine.java:stopDaemon(515)) - Ozone container server stopped.
2021-08-16 02:09:58,554 [Listener at 127.0.0.1/42687] INFO  handler.ContextHandler (ContextHandler.java:doStop(1153)) - Stopped o.e.j.w.WebAppContext@7453e050{hddsDatanode,/,null,STOPPED}{jar:file:/home/runner/.m2/repository/org/apache/ozone/hdds-container-service/1.2.0-SNAPSHOT/hdds-container-service-1.2.0-SNAPSHOT.jar!/webapps/hddsDatanode}
2021-08-16 02:09:58,555 [Listener at 127.0.0.1/42687] INFO  server.AbstractConnector (AbstractConnector.java:doStop(381)) - Stopped ServerConnector@52c78cf7{HTTP/1.1, (http/1.1)}{0.0.0.0:0}
2021-08-16 02:09:58,555 [Listener at 127.0.0.1/42687] INFO  server.session (HouseKeeper.java:stopScavenging(149)) - node0 Stopped scavenging
2021-08-16 02:09:58,556 [Listener at 127.0.0.1/42687] INFO  handler.ContextHandler (ContextHandler.java:doStop(1153)) - Stopped o.e.j.s.ServletContextHandler@178b1440{static,/static,jar:file:/home/runner/.m2/repository/org/apache/ozone/hdds-container-service/1.2.0-SNAPSHOT/hdds-container-service-1.2.0-SNAPSHOT.jar!/webapps/static,STOPPED}
2021-08-16 02:09:58,556 [Listener at 127.0.0.1/42687] INFO  handler.ContextHandler (ContextHandler.java:doStop(1153)) - Stopped o.e.j.s.ServletContextHandler@25410c7f{logs,/logs,file:///home/runner/work/ozone/ozone/hadoop-ozone/integration-test/target/log,STOPPED}
2021-08-16 02:09:58,570 [Listener at 127.0.0.1/42687] INFO  container.ReplicationManager (ReplicationManager.java:sendDeleteCommand(1478)) - Sending delete container command for container #1 to datanode bd4316f7-8522-4e92-952a-a3dfbeefbfef{ip: 10.1.0.7, host: fv-az148-41.bm4ck3pvxvsene1rjriu5fhcdb.bx.internal.cloudapp.net, ports: [REPLICATION=42659, RATIS=40431, RATIS_ADMIN=40431, RATIS_SERVER=40431, STANDALONE=33881], networkLocation: /default-rack, certSerialId: null, persistedOpState: IN_SERVICE, persistedOpStateExpiryEpochSec: 0}
2021-08-16 02:09:58,570 [Listener at 127.0.0.1/42687] INFO  container.ReplicationManager (ReplicationManager.java:sendDeleteCommand(1478)) - Sending delete container command for container #1 to datanode 4c5d3f80-455e-48af-b42d-db12d94a5acc{ip: 10.1.0.7, host: fv-az148-41.bm4ck3pvxvsene1rjriu5fhcdb.bx.internal.cloudapp.net, ports: [REPLICATION=46351, RATIS=38341, RATIS_ADMIN=38341, RATIS_SERVER=38341, STANDALONE=43791], networkLocation: /default-rack, certSerialId: null, persistedOpState: IN_SERVICE, persistedOpStateExpiryEpochSec: 0}
2021-08-16 02:09:58,571 [Listener at 127.0.0.1/42687] INFO  container.ReplicationManager (ReplicationManager.java:sendDeleteCommand(1478)) - Sending delete container command for container #1 to datanode e9132cce-c60f-4b85-98ff-6a1f5b0024c6{ip: 10.1.0.7, host: fv-az148-41.bm4ck3pvxvsene1rjriu5fhcdb.bx.internal.cloudapp.net, ports: [REPLICATION=46267, RATIS=45089, RATIS_ADMIN=45089, RATIS_SERVER=45089, STANDALONE=36971], networkLocation: /default-rack, certSerialId: null, persistedOpState: IN_SERVICE, persistedOpStateExpiryEpochSec: 0}
2021-08-16 02:09:58,571 [Listener at 127.0.0.1/42687] DEBUG container.ReplicationManager (ReplicationManager.java:deleteContainerReplicas(948)) - Deleting empty container replicas for ContainerInfo{id=1, state=DELETING, pipelineID=PipelineID=8df6d1c3-eab4-46c1-a084-f9dbe6e145ed, stateEnterTime=2021-08-16T02:09:37.604Z, owner=om1},
2021-08-16 02:09:58,571 [Listener at 127.0.0.1/42687] INFO  container.ReplicationManager (ReplicationManager.java:processAll(341)) - Replication Monitor Thread took 8 milliseconds for processing 1 containers.
2021-08-16 02:09:58,579 [Listener at 127.0.0.1/42687] INFO  container.ReplicationManager (ReplicationManager.java:sendDeleteCommand(1478)) - Sending delete container command for container #1 to datanode bd4316f7-8522-4e92-952a-a3dfbeefbfef{ip: 10.1.0.7, host: fv-az148-41.bm4ck3pvxvsene1rjriu5fhcdb.bx.internal.cloudapp.net, ports: [REPLICATION=42659, RATIS=40431, RATIS_ADMIN=40431, RATIS_SERVER=40431, STANDALONE=33881], networkLocation: /default-rack, certSerialId: null, persistedOpState: IN_SERVICE, persistedOpStateExpiryEpochSec: 0}
2021-08-16 02:09:58,579 [Listener at 127.0.0.1/42687] DEBUG container.ReplicationManager (ReplicationManager.java:handleContainerUnderDelete(979)) - Resend delete Container command for ContainerInfo{id=1, state=DELETING, pipelineID=PipelineID=8df6d1c3-eab4-46c1-a084-f9dbe6e145ed, stateEnterTime=2021-08-16T02:09:37.604Z, owner=om1}
2021-08-16 02:09:58,580 [Listener at 127.0.0.1/42687] INFO  container.ReplicationManager (ReplicationManager.java:processAll(341)) - Replication Monitor Thread took 5 milliseconds for processing 1 containers.
2021-08-16 02:09:58,589 [Listener at 127.0.0.1/42687] WARN  impl.MetricRegistriesImpl (MetricRegistriesImpl.java:addReporterRegistration(111)) - New reporters are added after registries were created. Some metrics will be missing from the reporter. Please add reporter before adding any new registry.
2021-08-16 02:09:58,589 [Listener at 127.0.0.1/42687] WARN  impl.MetricRegistriesImpl (MetricRegistriesImpl.java:addReporterRegistration(111)) - New reporters are added after registries were created. Some metrics will be missing from the reporter. Please add reporter before adding any new registry.
2021-08-16 02:09:58,589 [Listener at 127.0.0.1/42687] INFO  impl.MetricsSystemImpl (MetricsSystemImpl.java:init(158)) - HddsDatanode metrics system started (again)
2021-08-16 02:09:58,593 [SCMBlockDeletingService#0] DEBUG block.SCMBlockDeletingService (SCMBlockDeletingService.java:call(133)) - Running DeletedBlockTransactionScanner
2021-08-16 02:09:58,693 [SCMBlockDeletingService#0] DEBUG block.SCMBlockDeletingService (SCMBlockDeletingService.java:call(133)) - Running DeletedBlockTransactionScanner
2021-08-16 02:09:58,699 [Listener at 127.0.0.1/42687] INFO  ozone.HddsDatanodeService (HddsDatanodeService.java:start(234)) - HddsDatanodeService host:fv-az148-41.bm4ck3pvxvsene1rjriu5fhcdb.bx.internal.cloudapp.net ip:10.1.0.7
2021-08-16 02:09:58,736 [Listener at 127.0.0.1/42687] INFO  upgrade.AbstractLayoutVersionManager (AbstractLayoutVersionManager.java:init(70)) - Initializing Layout version manager with metadata layout = SCM_HA (version = 2), software layout = SCM_HA (version = 2)
2021-08-16 02:09:58,793 [SCMBlockDeletingService#0] DEBUG block.SCMBlockDeletingService (SCMBlockDeletingService.java:call(133)) - Running DeletedBlockTransactionScanner
2021-08-16 02:09:58,817 [Listener at 127.0.0.1/42687] INFO  reflections.Reflections (Reflections.java:scan(232)) - Reflections took 80 ms to scan 7 urls, producing 120 keys and 275 values 
2021-08-16 02:09:58,835 [Listener at 127.0.0.1/42687] INFO  volume.HddsVolume (HddsVolume.java:<init>(120)) - Creating HddsVolume: /home/runner/work/ozone/ozone/hadoop-ozone/integration-test/target/test-dir/MiniOzoneClusterImpl-6c1f9dad-945a-4399-911a-83f70586d44a/datanode-0/data-0/containers/hdds of storage type : DISK capacity : 9223372036854775807
2021-08-16 02:09:58,836 [Listener at 127.0.0.1/42687] INFO  volume.MutableVolumeSet (MutableVolumeSet.java:initializeVolumeSet(181)) - Added Volume : /home/runner/work/ozone/ozone/hadoop-ozone/integration-test/target/test-dir/MiniOzoneClusterImpl-6c1f9dad-945a-4399-911a-83f70586d44a/datanode-0/data-0/containers/hdds to VolumeSet
2021-08-16 02:09:58,836 [Listener at 127.0.0.1/42687] INFO  volume.ThrottledAsyncChecker (ThrottledAsyncChecker.java:schedule(141)) - Scheduling a check for /home/runner/work/ozone/ozone/hadoop-ozone/integration-test/target/test-dir/MiniOzoneClusterImpl-6c1f9dad-945a-4399-911a-83f70586d44a/datanode-0/data-0/containers/hdds
2021-08-16 02:09:58,848 [Listener at 127.0.0.1/42687] INFO  volume.StorageVolumeChecker (StorageVolumeChecker.java:checkAllVolumes(202)) - Scheduled health check for volume /home/runner/work/ozone/ozone/hadoop-ozone/integration-test/target/test-dir/MiniOzoneClusterImpl-6c1f9dad-945a-4399-911a-83f70586d44a/datanode-0/data-0/containers/hdds
2021-08-16 02:09:58,883 [Datanode State Machine Thread - 0] WARN  statemachine.StateContext (StateContext.java:execute(621)) - No available thread in pool for past 0 seconds.
2021-08-16 02:09:58,885 [Listener at 127.0.0.1/42687] INFO  volume.MutableVolumeSet (MutableVolumeSet.java:initializeVolumeSet(181)) - Added Volume : /home/runner/work/ozone/ozone/hadoop-ozone/integration-test/target/test-dir/MiniOzoneClusterImpl-6c1f9dad-945a-4399-911a-83f70586d44a/datanode-0/data/ratis to VolumeSet
2021-08-16 02:09:58,885 [Listener at 127.0.0.1/42687] INFO  volume.ThrottledAsyncChecker (ThrottledAsyncChecker.java:schedule(141)) - Scheduling a check for /home/runner/work/ozone/ozone/hadoop-ozone/integration-test/target/test-dir/MiniOzoneClusterImpl-6c1f9dad-945a-4399-911a-83f70586d44a/datanode-0/data/ratis
2021-08-16 02:09:58,885 [Listener at 127.0.0.1/42687] INFO  volume.StorageVolumeChecker (StorageVolumeChecker.java:checkAllVolumes(202)) - Scheduled health check for volume /home/runner/work/ozone/ozone/hadoop-ozone/integration-test/target/test-dir/MiniOzoneClusterImpl-6c1f9dad-945a-4399-911a-83f70586d44a/datanode-0/data/ratis
2021-08-16 02:09:58,893 [SCMBlockDeletingService#0] DEBUG block.SCMBlockDeletingService (SCMBlockDeletingService.java:call(133)) - Running DeletedBlockTransactionScanner
2021-08-16 02:09:58,939 [Listener at 127.0.0.1/42687] INFO  ozoneimpl.ContainerReader (ContainerReader.java:<init>(98)) - Running in upgrade mode:true
2021-08-16 02:09:58,952 [Thread-4372] INFO  ozoneimpl.ContainerReader (ContainerReader.java:readVolume(142)) - Start to verify containers on volume /home/runner/work/ozone/ozone/hadoop-ozone/integration-test/target/test-dir/MiniOzoneClusterImpl-6c1f9dad-945a-4399-911a-83f70586d44a/datanode-0/data-0/containers/hdds
2021-08-16 02:09:58,993 [SCMBlockDeletingService#0] DEBUG block.SCMBlockDeletingService (SCMBlockDeletingService.java:call(133)) - Running DeletedBlockTransactionScanner
2021-08-16 02:09:59,020 [Thread-4372] INFO  ozoneimpl.ContainerReader (ContainerReader.java:readVolume(174)) - Finish verifying containers on volume /home/runner/work/ozone/ozone/hadoop-ozone/integration-test/target/test-dir/MiniOzoneClusterImpl-6c1f9dad-945a-4399-911a-83f70586d44a/datanode-0/data-0/containers/hdds
2021-08-16 02:09:59,020 [Listener at 127.0.0.1/42687] INFO  ozoneimpl.OzoneContainer (OzoneContainer.java:buildContainerSet(237)) - Build ContainerSet costs 0s
2021-08-16 02:09:59,022 [Listener at 127.0.0.1/42687] INFO  server.RaftServer (ConfUtils.java:logGet(44)) - raft.rpc.type = GRPC (default)
2021-08-16 02:09:59,023 [Listener at 127.0.0.1/42687] INFO  grpc.GrpcFactory (GrpcFactory.java:checkPooledByteBufAllocatorUseCacheForAllThreads(48)) - PERFORMANCE WARNING: useCacheForAllThreads is true that may cause Netty to create a lot garbage objects and, as a result, trigger GC.
	It is recommended to disable useCacheForAllThreads by setting -Dorg.apache.ratis.thirdparty.io.netty.allocator.useCacheForAllThreads=false in command line.
2021-08-16 02:09:59,023 [Listener at 127.0.0.1/42687] INFO  grpc.GrpcConfigKeys (ConfUtils.java:logGet(44)) - raft.grpc.admin.port = 40431 (custom)
2021-08-16 02:09:59,023 [Listener at 127.0.0.1/42687] INFO  grpc.GrpcConfigKeys (ConfUtils.java:logGet(44)) - raft.grpc.client.port = 40431 (custom)
2021-08-16 02:09:59,023 [Listener at 127.0.0.1/42687] INFO  grpc.GrpcConfigKeys (ConfUtils.java:logGet(44)) - raft.grpc.server.port = 40431 (custom)
2021-08-16 02:09:59,023 [Listener at 127.0.0.1/42687] INFO  server.GrpcService (ConfUtils.java:logGet(44)) - raft.grpc.message.size.max = 32MB (=33554432) (custom)
2021-08-16 02:09:59,023 [Listener at 127.0.0.1/42687] INFO  server.RaftServerConfigKeys (ConfUtils.java:logGet(44)) - raft.server.log.appender.buffer.byte-limit = 33554432 (custom)
2021-08-16 02:09:59,023 [Listener at 127.0.0.1/42687] INFO  server.GrpcService (ConfUtils.java:logGet(44)) - raft.grpc.flow.control.window = 5MB (=5242880) (custom)
2021-08-16 02:09:59,023 [Listener at 127.0.0.1/42687] INFO  server.RaftServerConfigKeys (ConfUtils.java:logGet(44)) - raft.server.rpc.request.timeout = 60s (custom)
2021-08-16 02:09:59,026 [Listener at 127.0.0.1/42687] INFO  impl.DataStreamServerImpl (ConfUtils.java:logGet(44)) - raft.datastream.type = DISABLED (default)
2021-08-16 02:09:59,027 [Listener at 127.0.0.1/42687] INFO  server.RaftServerConfigKeys (ConfUtils.java:logGet(44)) - raft.server.rpc.slowness.timeout = 300s (custom)
2021-08-16 02:09:59,027 [Listener at 127.0.0.1/42687] INFO  server.RaftServerConfigKeys (ConfUtils.java:logGet(44)) - raft.server.leaderelection.leader.step-down.wait-time = 10s (default)
2021-08-16 02:09:59,027 [Listener at 127.0.0.1/42687] INFO  server.RaftServerConfigKeys (ConfUtils.java:logGet(44)) - raft.server.storage.dir = [/home/runner/work/ozone/ozone/hadoop-ozone/integration-test/target/test-dir/MiniOzoneClusterImpl-6c1f9dad-945a-4399-911a-83f70586d44a/datanode-0/data/ratis] (custom)
2021-08-16 02:09:59,027 [Listener at 127.0.0.1/42687] INFO  server.RaftServer (RaftServerProxy.java:lambda$null$1(235)) - bd4316f7-8522-4e92-952a-a3dfbeefbfef: found a subdirectory /home/runner/work/ozone/ozone/hadoop-ozone/integration-test/target/test-dir/MiniOzoneClusterImpl-6c1f9dad-945a-4399-911a-83f70586d44a/datanode-0/data/ratis/8df6d1c3-eab4-46c1-a084-f9dbe6e145ed
2021-08-16 02:09:59,034 [Listener at 127.0.0.1/42687] INFO  server.RaftServer (RaftServerProxy.java:addNew(95)) - bd4316f7-8522-4e92-952a-a3dfbeefbfef: addNew group-F9DBE6E145ED:[] returns group-F9DBE6E145ED:java.util.concurrent.CompletableFuture@572d41a1[Not completed]
2021-08-16 02:09:59,039 [pool-359-thread-1] INFO  server.RaftServer$Division (RaftServerImpl.java:<init>(181)) - bd4316f7-8522-4e92-952a-a3dfbeefbfef: new RaftServerImpl for group-F9DBE6E145ED:[] with ContainerStateMachine:uninitialized
2021-08-16 02:09:59,056 [pool-359-thread-1] INFO  server.RaftServerConfigKeys (ConfUtils.java:logGet(44)) - raft.server.rpc.timeout.min = 5s (custom)
2021-08-16 02:09:59,057 [pool-359-thread-1] INFO  server.RaftServerConfigKeys (ConfUtils.java:logGet(44)) - raft.server.rpc.timeout.max = 5200ms (custom)
2021-08-16 02:09:59,057 [pool-359-thread-1] INFO  server.RaftServerConfigKeys (ConfUtils.java:logGet(44)) - raft.server.rpc.sleep.time = 25ms (default)
2021-08-16 02:09:59,057 [pool-359-thread-1] INFO  server.RaftServerConfigKeys (ConfUtils.java:logGet(44)) - raft.server.rpc.slowness.timeout = 300s (custom)
2021-08-16 02:09:59,057 [pool-359-thread-1] INFO  server.RaftServerConfigKeys (ConfUtils.java:logGet(44)) - raft.server.leaderelection.leader.step-down.wait-time = 10s (default)
2021-08-16 02:09:59,057 [pool-359-thread-1] INFO  server.RaftServerConfigKeys (ConfUtils.java:logGet(44)) - raft.server.sleep.deviation.threshold = 300ms (default)
2021-08-16 02:09:59,057 [pool-359-thread-1] INFO  server.RaftServerConfigKeys (ConfUtils.java:logGet(44)) - raft.server.log.appender.install.snapshot.enabled = false (custom)
2021-08-16 02:09:59,057 [pool-359-thread-1] INFO  server.RaftServer$Division (ServerState.java:<init>(105)) - bd4316f7-8522-4e92-952a-a3dfbeefbfef@group-F9DBE6E145ED: ConfigurationManager, init=-1: [], old=null, confs=<EMPTY_MAP>
2021-08-16 02:09:59,058 [pool-359-thread-1] INFO  server.RaftServerConfigKeys (ConfUtils.java:logGet(44)) - raft.server.storage.dir = [/home/runner/work/ozone/ozone/hadoop-ozone/integration-test/target/test-dir/MiniOzoneClusterImpl-6c1f9dad-945a-4399-911a-83f70586d44a/datanode-0/data/ratis] (custom)
2021-08-16 02:09:59,058 [pool-359-thread-1] INFO  server.RaftServerConfigKeys (ConfUtils.java:logGet(44)) - raft.server.log.corruption.policy = EXCEPTION (default)
2021-08-16 02:09:59,058 [Listener at 127.0.0.1/42687] INFO  http.BaseHttpServer (BaseHttpServer.java:newHttpServer2BuilderForOzone(209)) - Starting Web-server for hddsDatanode at: http://0.0.0.0:33405
2021-08-16 02:09:59,059 [Listener at 127.0.0.1/42687] INFO  http.BaseHttpServer (BaseHttpServer.java:<init>(107)) - Hadoop Security Enabled: false Ozone Security Enabled: false Ozone HTTP Security Enabled: false 
2021-08-16 02:09:59,060 [Listener at 127.0.0.1/42687] INFO  server.AuthenticationFilter (AuthenticationFilter.java:constructSecretProvider(240)) - Unable to initialize FileSignerSecretProvider, falling back to use random secrets.
2021-08-16 02:09:59,063 [pool-359-thread-1] INFO  server.RaftServerConfigKeys (ConfUtils.java:logGet(44)) - raft.server.storage.free-space.min = 0MB (=0) (default)
2021-08-16 02:09:59,064 [pool-359-thread-1] INFO  storage.RaftStorageDirectory (RaftStorageDirectoryImpl.java:tryLock(230)) - Lock on /home/runner/work/ozone/ozone/hadoop-ozone/integration-test/target/test-dir/MiniOzoneClusterImpl-6c1f9dad-945a-4399-911a-83f70586d44a/datanode-0/data/ratis/8df6d1c3-eab4-46c1-a084-f9dbe6e145ed/in_use.lock acquired by nodename 29838@fv-az148-41
2021-08-16 02:09:59,065 [pool-359-thread-1] INFO  storage.RaftStorage (RaftStorageImpl.java:analyzeAndRecoverStorage(110)) - Read RaftStorageMetadata{term=6, votedFor=e9132cce-c60f-4b85-98ff-6a1f5b0024c6} from /home/runner/work/ozone/ozone/hadoop-ozone/integration-test/target/test-dir/MiniOzoneClusterImpl-6c1f9dad-945a-4399-911a-83f70586d44a/datanode-0/data/ratis/8df6d1c3-eab4-46c1-a084-f9dbe6e145ed/current/raft-meta
2021-08-16 02:09:59,076 [Listener at 127.0.0.1/42687] WARN  http.HttpRequestLog (HttpRequestLog.java:getRequestLog(103)) - Jetty request log can only be enabled using Log4j
2021-08-16 02:09:59,077 [Listener at 127.0.0.1/42687] INFO  http.HttpServer2 (HttpServer2.java:addGlobalFilter(1020)) - Added global filter 'safety' (class=org.apache.hadoop.hdds.server.http.HttpServer2$QuotingInputFilter)
2021-08-16 02:09:59,078 [pool-359-thread-1] INFO  ratis.ContainerStateMachine (ContainerStateMachine.java:loadSnapshot(234)) - group-F9DBE6E145ED: Setting the last applied index to (t:6, i:14)
2021-08-16 02:09:59,088 [Listener at 127.0.0.1/42687] INFO  http.HttpServer2 (HttpServer2.java:addFilter(996)) - Added filter static_user_filter (class=org.apache.hadoop.http.lib.StaticUserWebFilter$StaticUserFilter) to context hddsDatanode
2021-08-16 02:09:59,089 [Listener at 127.0.0.1/42687] INFO  http.HttpServer2 (HttpServer2.java:addFilter(1004)) - Added filter static_user_filter (class=org.apache.hadoop.http.lib.StaticUserWebFilter$StaticUserFilter) to context logs
2021-08-16 02:09:59,089 [Listener at 127.0.0.1/42687] INFO  http.HttpServer2 (HttpServer2.java:addFilter(1004)) - Added filter static_user_filter (class=org.apache.hadoop.http.lib.StaticUserWebFilter$StaticUserFilter) to context static
2021-08-16 02:09:59,089 [Listener at 127.0.0.1/42687] INFO  http.HttpServer2 (HttpServer2.java:bindListener(1239)) - Jetty bound to port 33405
2021-08-16 02:09:59,089 [Listener at 127.0.0.1/42687] INFO  server.Server (Server.java:doStart(375)) - jetty-9.4.43.v20210629; built: 2021-06-30T11:07:22.254Z; git: 526006ecfa3af7f1a27ef3a288e2bef7ea9dd7e8; jvm 1.8.0_292-b10
2021-08-16 02:09:59,093 [SCMBlockDeletingService#0] DEBUG block.SCMBlockDeletingService (SCMBlockDeletingService.java:call(133)) - Running DeletedBlockTransactionScanner
2021-08-16 02:09:59,095 [pool-359-thread-1] INFO  server.RaftServer$Division (ServerState.java:setRaftConf(387)) - bd4316f7-8522-4e92-952a-a3dfbeefbfef@group-F9DBE6E145ED: set configuration 0: [bd4316f7-8522-4e92-952a-a3dfbeefbfef|rpc:10.1.0.7:40431|dataStream:|priority:0, 4c5d3f80-455e-48af-b42d-db12d94a5acc|rpc:10.1.0.7:38341|dataStream:|priority:0, e9132cce-c60f-4b85-98ff-6a1f5b0024c6|rpc:10.1.0.7:45089|dataStream:|priority:1], old=null
2021-08-16 02:09:59,095 [pool-359-thread-1] INFO  server.RaftServerConfigKeys (ConfUtils.java:logGet(44)) - raft.server.notification.no-leader.timeout = 300s (custom)
2021-08-16 02:09:59,095 [pool-359-thread-1] INFO  server.RaftServerConfigKeys (ConfUtils.java:logGet(44)) - raft.server.log.use.memory = false (default)
2021-08-16 02:09:59,095 [pool-359-thread-1] INFO  server.RaftServerConfigKeys (ConfUtils.java:logGet(44)) - raft.server.log.purge.gap = 1000000 (custom)
2021-08-16 02:09:59,095 [pool-359-thread-1] INFO  server.RaftServerConfigKeys (ConfUtils.java:logGet(44)) - raft.server.log.appender.buffer.byte-limit = 33554432 (custom)
2021-08-16 02:09:59,096 [pool-359-thread-1] INFO  server.RaftServerConfigKeys (ConfUtils.java:logGet(44)) - raft.server.log.segment.size.max = 1048576 (custom)
2021-08-16 02:09:59,096 [pool-359-thread-1] INFO  server.RaftServerConfigKeys (ConfUtils.java:logGet(44)) - raft.server.log.segment.cache.num.max = 2 (custom)
2021-08-16 02:09:59,096 [pool-359-thread-1] INFO  server.RaftServerConfigKeys (ConfUtils.java:logGet(44)) - raft.server.log.segment.cache.size.max = 200MB (=209715200) (default)
2021-08-16 02:09:59,096 [pool-359-thread-1] INFO  segmented.SegmentedRaftLogWorker (SegmentedRaftLogWorker.java:<init>(182)) - new bd4316f7-8522-4e92-952a-a3dfbeefbfef@group-F9DBE6E145ED-SegmentedRaftLogWorker for RaftStorageImpl:Storage Directory /home/runner/work/ozone/ozone/hadoop-ozone/integration-test/target/test-dir/MiniOzoneClusterImpl-6c1f9dad-945a-4399-911a-83f70586d44a/datanode-0/data/ratis/8df6d1c3-eab4-46c1-a084-f9dbe6e145ed
2021-08-16 02:09:59,096 [pool-359-thread-1] INFO  server.RaftServerConfigKeys (ConfUtils.java:logGet(44)) - raft.server.log.queue.byte-limit = 2147483647 (custom)
2021-08-16 02:09:59,096 [pool-359-thread-1] INFO  server.RaftServerConfigKeys (ConfUtils.java:logGet(44)) - raft.server.log.queue.element-limit = 1024 (custom)
2021-08-16 02:09:59,096 [pool-359-thread-1] INFO  server.RaftServerConfigKeys (ConfUtils.java:logGet(44)) - raft.server.log.segment.size.max = 1048576 (custom)
2021-08-16 02:09:59,096 [pool-359-thread-1] INFO  server.RaftServerConfigKeys (ConfUtils.java:logGet(44)) - raft.server.log.preallocated.size = 16384 (custom)
2021-08-16 02:09:59,096 [pool-359-thread-1] INFO  server.RaftServerConfigKeys (ConfUtils.java:logGet(44)) - raft.server.log.force.sync.num = 128 (default)
2021-08-16 02:09:59,096 [pool-359-thread-1] INFO  server.RaftServerConfigKeys (ConfUtils.java:logGet(44)) - raft.server.log.statemachine.data.sync = true (default)
2021-08-16 02:09:59,096 [pool-359-thread-1] INFO  server.RaftServerConfigKeys (ConfUtils.java:logGet(44)) - raft.server.log.statemachine.data.sync.timeout = 10s (default)
2021-08-16 02:09:59,096 [pool-359-thread-1] INFO  server.RaftServerConfigKeys (ConfUtils.java:logGet(44)) - raft.server.log.statemachine.data.sync.timeout.retry = -1 (default)
2021-08-16 02:09:59,106 [Listener at 127.0.0.1/42687] INFO  server.session (DefaultSessionIdManager.java:doStart(334)) - DefaultSessionIdManager workerName=node0
2021-08-16 02:09:59,106 [Listener at 127.0.0.1/42687] INFO  server.session (DefaultSessionIdManager.java:doStart(339)) - No SessionScavenger set, using defaults
2021-08-16 02:09:59,106 [Listener at 127.0.0.1/42687] INFO  server.session (HouseKeeper.java:startScavenging(132)) - node0 Scavenging every 660000ms
2021-08-16 02:09:59,110 [Listener at 127.0.0.1/42687] INFO  handler.ContextHandler (ContextHandler.java:doStart(915)) - Started o.e.j.s.ServletContextHandler@28019d67{logs,/logs,file:///home/runner/work/ozone/ozone/hadoop-ozone/integration-test/target/log,AVAILABLE}
2021-08-16 02:09:59,111 [Listener at 127.0.0.1/42687] INFO  handler.ContextHandler (ContextHandler.java:doStart(915)) - Started o.e.j.s.ServletContextHandler@7e6a2cb5{static,/static,jar:file:/home/runner/.m2/repository/org/apache/ozone/hdds-container-service/1.2.0-SNAPSHOT/hdds-container-service-1.2.0-SNAPSHOT.jar!/webapps/static,AVAILABLE}
2021-08-16 02:09:59,112 [pool-359-thread-1] INFO  server.RaftServerConfigKeys (ConfUtils.java:logGet(44)) - raft.server.log.write.buffer.size = 1048576 (custom)
2021-08-16 02:09:59,113 [pool-359-thread-1] INFO  server.RaftServerConfigKeys (ConfUtils.java:logGet(44)) - raft.server.log.statemachine.data.caching.enabled = true (custom)
2021-08-16 02:09:59,140 [pool-359-thread-1] INFO  server.RaftServer$Division (ServerState.java:setRaftConf(387)) - bd4316f7-8522-4e92-952a-a3dfbeefbfef@group-F9DBE6E145ED: set configuration 0: [bd4316f7-8522-4e92-952a-a3dfbeefbfef|rpc:10.1.0.7:40431|dataStream:|priority:0, 4c5d3f80-455e-48af-b42d-db12d94a5acc|rpc:10.1.0.7:38341|dataStream:|priority:0, e9132cce-c60f-4b85-98ff-6a1f5b0024c6|rpc:10.1.0.7:45089|dataStream:|priority:1], old=null
2021-08-16 02:09:59,153 [pool-359-thread-1] INFO  segmented.LogSegment (LogSegment.java:loadSegment(173)) - Successfully read 15 entries from segment file /home/runner/work/ozone/ozone/hadoop-ozone/integration-test/target/test-dir/MiniOzoneClusterImpl-6c1f9dad-945a-4399-911a-83f70586d44a/datanode-0/data/ratis/8df6d1c3-eab4-46c1-a084-f9dbe6e145ed/current/log_inprogress_0
2021-08-16 02:09:59,153 [pool-359-thread-1] INFO  segmented.SegmentedRaftLogWorker (SegmentedRaftLogWorker.java:lambda$new$0(133)) - bd4316f7-8522-4e92-952a-a3dfbeefbfef@group-F9DBE6E145ED-SegmentedRaftLogWorker: flushIndex: setUnconditionally 0 -> 14
2021-08-16 02:09:59,153 [pool-359-thread-1] INFO  segmented.SegmentedRaftLogWorker (SegmentedRaftLogWorker.java:lambda$new$0(133)) - bd4316f7-8522-4e92-952a-a3dfbeefbfef@group-F9DBE6E145ED-SegmentedRaftLogWorker: safeCacheEvictIndex: setUnconditionally 0 -> -1
2021-08-16 02:09:59,168 [pool-359-thread-1] INFO  raftlog.RaftLog (RaftLogBase.java:lambda$new$0(53)) - bd4316f7-8522-4e92-952a-a3dfbeefbfef@group-F9DBE6E145ED-SegmentedRaftLog: commitIndex: updateToMax old=14, new=13, updated? false
2021-08-16 02:09:59,168 [pool-359-thread-1] INFO  server.RaftServerConfigKeys (ConfUtils.java:logGet(44)) - raft.server.snapshot.auto.trigger.enabled = true (custom)
2021-08-16 02:09:59,168 [pool-359-thread-1] INFO  server.RaftServerConfigKeys (ConfUtils.java:logGet(44)) - raft.server.snapshot.auto.trigger.threshold = 10000 (custom)
2021-08-16 02:09:59,168 [pool-359-thread-1] INFO  server.RaftServerConfigKeys (ConfUtils.java:logGet(44)) - raft.server.snapshot.retention.file.num = 5 (custom)
2021-08-16 02:09:59,168 [pool-359-thread-1] INFO  server.RaftServerConfigKeys (ConfUtils.java:logGet(44)) - raft.server.log.purge.upto.snapshot.index = false (default)
2021-08-16 02:09:59,168 [pool-359-thread-1] INFO  server.RaftServerConfigKeys (ConfUtils.java:logGet(44)) - raft.server.retrycache.expirytime = 600000ms (custom)
2021-08-16 02:09:59,168 [pool-359-thread-1] INFO  server.RaftServerConfigKeys (ConfUtils.java:logGet(44)) - raft.server.retrycache.statistics.expirytime = 100μs (default)
2021-08-16 02:09:59,193 [SCMBlockDeletingService#0] DEBUG block.SCMBlockDeletingService (SCMBlockDeletingService.java:call(133)) - Running DeletedBlockTransactionScanner
2021-08-16 02:09:59,254 [Listener at 127.0.0.1/42687] INFO  handler.ContextHandler (ContextHandler.java:doStart(915)) - Started o.e.j.w.WebAppContext@3cc27ab4{hddsDatanode,/,file:///tmp/jetty-0_0_0_0-33405-hdds-container-service-1_2_0-SNAPSHOT_jar-_-any-3377419528283048761/webapp/,AVAILABLE}{jar:file:/home/runner/.m2/repository/org/apache/ozone/hdds-container-service/1.2.0-SNAPSHOT/hdds-container-service-1.2.0-SNAPSHOT.jar!/webapps/hddsDatanode}
2021-08-16 02:09:59,268 [Listener at 127.0.0.1/42687] INFO  server.AbstractConnector (AbstractConnector.java:doStart(331)) - Started ServerConnector@420f8aa4{HTTP/1.1, (http/1.1)}{0.0.0.0:33405}
2021-08-16 02:09:59,268 [Listener at 127.0.0.1/42687] INFO  server.Server (Server.java:doStart(415)) - Started @115393ms
2021-08-16 02:09:59,268 [Listener at 127.0.0.1/42687] WARN  impl.MetricsSystemImpl (MetricsSystemImpl.java:register(279)) - Sink prometheus already exists!
2021-08-16 02:09:59,269 [Listener at 127.0.0.1/42687] INFO  http.BaseHttpServer (BaseHttpServer.java:updateConnectorAddress(329)) - HTTP server of hddsDatanode listening at http://0.0.0.0:33405
2021-08-16 02:09:59,280 [Listener at 127.0.0.1/42687] INFO  ozone.MiniOzoneClusterImpl (MiniOzoneClusterImpl.java:lambda$waitForClusterToBeReady$0(235)) - Waiting for nodes to be ready. Got 2 of 3 DN Heartbeats.
2021-08-16 02:09:59,280 [Listener at 127.0.0.1/42687] INFO  ozone.MiniOzoneClusterImpl (MiniOzoneClusterImpl.java:lambda$waitForClusterToBeReady$0(238)) - Cluster exits safe mode
2021-08-16 02:09:59,280 [Listener at 127.0.0.1/42687] INFO  ozone.MiniOzoneClusterImpl (MiniOzoneClusterImpl.java:lambda$waitForClusterToBeReady$0(240)) - SCM became leader
2021-08-16 02:09:59,293 [SCMBlockDeletingService#0] DEBUG block.SCMBlockDeletingService (SCMBlockDeletingService.java:call(133)) - Running DeletedBlockTransactionScanner
2021-08-16 02:09:59,369 [org.apache.hadoop.util.JvmPauseMonitor$Monitor@1f65abca] INFO  util.JvmPauseMonitor (JvmPauseMonitor.java:run(188)) - Starting JVM pause monitor
2021-08-16 02:09:59,393 [SCMBlockDeletingService#0] DEBUG block.SCMBlockDeletingService (SCMBlockDeletingService.java:call(133)) - Running DeletedBlockTransactionScanner
2021-08-16 02:09:59,493 [SCMBlockDeletingService#0] DEBUG block.SCMBlockDeletingService (SCMBlockDeletingService.java:call(133)) - Running DeletedBlockTransactionScanner
2021-08-16 02:09:59,593 [SCMBlockDeletingService#0] DEBUG block.SCMBlockDeletingService (SCMBlockDeletingService.java:call(133)) - Running DeletedBlockTransactionScanner
2021-08-16 02:09:59,694 [SCMBlockDeletingService#0] DEBUG block.SCMBlockDeletingService (SCMBlockDeletingService.java:call(133)) - Running DeletedBlockTransactionScanner
2021-08-16 02:09:59,794 [SCMBlockDeletingService#0] DEBUG block.SCMBlockDeletingService (SCMBlockDeletingService.java:call(133)) - Running DeletedBlockTransactionScanner
2021-08-16 02:09:59,894 [SCMBlockDeletingService#0] DEBUG block.SCMBlockDeletingService (SCMBlockDeletingService.java:call(133)) - Running DeletedBlockTransactionScanner
2021-08-16 02:09:59,994 [SCMBlockDeletingService#0] DEBUG block.SCMBlockDeletingService (SCMBlockDeletingService.java:call(133)) - Running DeletedBlockTransactionScanner
2021-08-16 02:10:00,094 [SCMBlockDeletingService#0] DEBUG block.SCMBlockDeletingService (SCMBlockDeletingService.java:call(133)) - Running DeletedBlockTransactionScanner
2021-08-16 02:10:00,194 [SCMBlockDeletingService#0] DEBUG block.SCMBlockDeletingService (SCMBlockDeletingService.java:call(133)) - Running DeletedBlockTransactionScanner
2021-08-16 02:10:00,280 [Listener at 127.0.0.1/42687] INFO  ozone.MiniOzoneClusterImpl (MiniOzoneClusterImpl.java:lambda$waitForClusterToBeReady$0(235)) - Waiting for nodes to be ready. Got 2 of 3 DN Heartbeats.
2021-08-16 02:10:00,281 [Listener at 127.0.0.1/42687] INFO  ozone.MiniOzoneClusterImpl (MiniOzoneClusterImpl.java:lambda$waitForClusterToBeReady$0(238)) - Cluster exits safe mode
2021-08-16 02:10:00,281 [Listener at 127.0.0.1/42687] INFO  ozone.MiniOzoneClusterImpl (MiniOzoneClusterImpl.java:lambda$waitForClusterToBeReady$0(240)) - SCM became leader
2021-08-16 02:10:00,294 [SCMBlockDeletingService#0] DEBUG block.SCMBlockDeletingService (SCMBlockDeletingService.java:call(133)) - Running DeletedBlockTransactionScanner
2021-08-16 02:10:00,394 [SCMBlockDeletingService#0] DEBUG block.SCMBlockDeletingService (SCMBlockDeletingService.java:call(133)) - Running DeletedBlockTransactionScanner
2021-08-16 02:10:00,494 [SCMBlockDeletingService#0] DEBUG block.SCMBlockDeletingService (SCMBlockDeletingService.java:call(133)) - Running DeletedBlockTransactionScanner
2021-08-16 02:10:00,536 [grpc-default-executor-4] WARN  server.GrpcLogAppender (LogUtils.java:warn(122)) - e9132cce-c60f-4b85-98ff-6a1f5b0024c6@group-F9DBE6E145ED->bd4316f7-8522-4e92-952a-a3dfbeefbfef-AppendLogResponseHandler: Failed appendEntries: org.apache.ratis.thirdparty.io.grpc.StatusRuntimeException: UNAVAILABLE: io exception
2021-08-16 02:10:00,537 [grpc-default-executor-4] INFO  leader.FollowerInfo (FollowerInfoImpl.java:lambda$new$0(46)) - e9132cce-c60f-4b85-98ff-6a1f5b0024c6@group-F9DBE6E145ED->bd4316f7-8522-4e92-952a-a3dfbeefbfef: nextIndex: updateUnconditionally 15 -> 14
2021-08-16 02:10:00,594 [SCMBlockDeletingService#0] DEBUG block.SCMBlockDeletingService (SCMBlockDeletingService.java:call(133)) - Running DeletedBlockTransactionScanner
2021-08-16 02:10:00,694 [SCMBlockDeletingService#0] DEBUG block.SCMBlockDeletingService (SCMBlockDeletingService.java:call(133)) - Running DeletedBlockTransactionScanner
2021-08-16 02:10:00,794 [SCMBlockDeletingService#0] DEBUG block.SCMBlockDeletingService (SCMBlockDeletingService.java:call(133)) - Running DeletedBlockTransactionScanner
2021-08-16 02:10:00,894 [SCMBlockDeletingService#0] DEBUG block.SCMBlockDeletingService (SCMBlockDeletingService.java:call(133)) - Running DeletedBlockTransactionScanner
2021-08-16 02:10:00,995 [SCMBlockDeletingService#0] DEBUG block.SCMBlockDeletingService (SCMBlockDeletingService.java:call(133)) - Running DeletedBlockTransactionScanner
2021-08-16 02:10:01,095 [SCMBlockDeletingService#0] DEBUG block.SCMBlockDeletingService (SCMBlockDeletingService.java:call(133)) - Running DeletedBlockTransactionScanner
2021-08-16 02:10:01,195 [SCMBlockDeletingService#0] DEBUG block.SCMBlockDeletingService (SCMBlockDeletingService.java:call(133)) - Running DeletedBlockTransactionScanner
2021-08-16 02:10:01,281 [Listener at 127.0.0.1/42687] INFO  ozone.MiniOzoneClusterImpl (MiniOzoneClusterImpl.java:lambda$waitForClusterToBeReady$0(235)) - Waiting for nodes to be ready. Got 2 of 3 DN Heartbeats.
2021-08-16 02:10:01,281 [Listener at 127.0.0.1/42687] INFO  ozone.MiniOzoneClusterImpl (MiniOzoneClusterImpl.java:lambda$waitForClusterToBeReady$0(238)) - Cluster exits safe mode
2021-08-16 02:10:01,281 [Listener at 127.0.0.1/42687] INFO  ozone.MiniOzoneClusterImpl (MiniOzoneClusterImpl.java:lambda$waitForClusterToBeReady$0(240)) - SCM became leader
2021-08-16 02:10:01,295 [SCMBlockDeletingService#0] DEBUG block.SCMBlockDeletingService (SCMBlockDeletingService.java:call(133)) - Running DeletedBlockTransactionScanner
2021-08-16 02:10:01,389 [EndpointStateMachine task thread for /0.0.0.0:39111 - 0 ] INFO  ozoneimpl.OzoneContainer (OzoneContainer.java:start(305)) - Attempting to start container services.
2021-08-16 02:10:01,390 [EndpointStateMachine task thread for /0.0.0.0:39111 - 0 ] INFO  ozoneimpl.OzoneContainer (OzoneContainer.java:startContainerScrub(250)) - Background container scanner has been disabled.
2021-08-16 02:10:01,391 [EndpointStateMachine task thread for /0.0.0.0:39111 - 0 ] INFO  replication.ReplicationServer (ReplicationServer.java:start(106)) - ReplicationServer is started using port 32971
2021-08-16 02:10:01,391 [EndpointStateMachine task thread for /0.0.0.0:39111 - 0 ] INFO  ratis.XceiverServerRatis (XceiverServerRatis.java:start(482)) - Starting XceiverServerRatis bd4316f7-8522-4e92-952a-a3dfbeefbfef
2021-08-16 02:10:01,392 [EndpointStateMachine task thread for /0.0.0.0:39111 - 0 ] INFO  server.RaftServer$Division (RaftServerImpl.java:start(296)) - bd4316f7-8522-4e92-952a-a3dfbeefbfef@group-F9DBE6E145ED: start as a follower, conf=0: [bd4316f7-8522-4e92-952a-a3dfbeefbfef|rpc:10.1.0.7:40431|dataStream:|priority:0, 4c5d3f80-455e-48af-b42d-db12d94a5acc|rpc:10.1.0.7:38341|dataStream:|priority:0, e9132cce-c60f-4b85-98ff-6a1f5b0024c6|rpc:10.1.0.7:45089|dataStream:|priority:1], old=null
2021-08-16 02:10:01,392 [EndpointStateMachine task thread for /0.0.0.0:39111 - 0 ] INFO  server.RaftServer$Division (RaftServerImpl.java:setRole(285)) - bd4316f7-8522-4e92-952a-a3dfbeefbfef@group-F9DBE6E145ED: changes role from      null to FOLLOWER at term 6 for startAsFollower
2021-08-16 02:10:01,392 [EndpointStateMachine task thread for /0.0.0.0:39111 - 0 ] INFO  impl.RoleInfo (RoleInfo.java:updateAndGet(130)) - bd4316f7-8522-4e92-952a-a3dfbeefbfef: start bd4316f7-8522-4e92-952a-a3dfbeefbfef@group-F9DBE6E145ED-FollowerState
2021-08-16 02:10:01,393 [EndpointStateMachine task thread for /0.0.0.0:39111 - 0 ] INFO  util.JmxRegister (JmxRegister.java:tryRegister(44)) - Successfully registered JMX Bean with object name Ratis:service=RaftServer,group=group-F9DBE6E145ED,id=bd4316f7-8522-4e92-952a-a3dfbeefbfef
2021-08-16 02:10:01,397 [EndpointStateMachine task thread for /0.0.0.0:39111 - 0 ] INFO  server.RaftServer (RaftServerProxy.java:lambda$start$5(374)) - bd4316f7-8522-4e92-952a-a3dfbeefbfef: start RPC server
2021-08-16 02:10:01,400 [EndpointStateMachine task thread for /0.0.0.0:39111 - 0 ] INFO  server.GrpcService (GrpcService.java:startImpl(253)) - bd4316f7-8522-4e92-952a-a3dfbeefbfef: GrpcService started, listening on 40431
2021-08-16 02:10:01,401 [EndpointStateMachine task thread for /0.0.0.0:39111 - 0 ] INFO  ratis.XceiverServerRatis (XceiverServerRatis.java:getRealPort(503)) - XceiverServerRatis bd4316f7-8522-4e92-952a-a3dfbeefbfef is started using port 40431 for RATIS
2021-08-16 02:10:01,401 [EndpointStateMachine task thread for /0.0.0.0:39111 - 0 ] INFO  ratis.XceiverServerRatis (XceiverServerRatis.java:getRealPort(503)) - XceiverServerRatis bd4316f7-8522-4e92-952a-a3dfbeefbfef is started using port 40431 for RATIS_ADMIN
2021-08-16 02:10:01,401 [EndpointStateMachine task thread for /0.0.0.0:39111 - 0 ] INFO  ratis.XceiverServerRatis (XceiverServerRatis.java:getRealPort(503)) - XceiverServerRatis bd4316f7-8522-4e92-952a-a3dfbeefbfef is started using port 40431 for RATIS_SERVER
2021-08-16 02:10:01,401 [org.apache.ratis.util.JvmPauseMonitor$$Lambda$531/740858526@47f119e7] INFO  util.JvmPauseMonitor (JvmPauseMonitor.java:run(103)) - JvmPauseMonitor-bd4316f7-8522-4e92-952a-a3dfbeefbfef: Started
2021-08-16 02:10:01,402 [SCMBlockDeletingService#0] DEBUG block.SCMBlockDeletingService (SCMBlockDeletingService.java:call(133)) - Running DeletedBlockTransactionScanner
2021-08-16 02:10:01,502 [SCMBlockDeletingService#0] DEBUG block.SCMBlockDeletingService (SCMBlockDeletingService.java:call(133)) - Running DeletedBlockTransactionScanner
2021-08-16 02:10:01,603 [SCMBlockDeletingService#0] DEBUG block.SCMBlockDeletingService (SCMBlockDeletingService.java:call(133)) - Running DeletedBlockTransactionScanner
2021-08-16 02:10:01,703 [SCMBlockDeletingService#0] DEBUG block.SCMBlockDeletingService (SCMBlockDeletingService.java:call(133)) - Running DeletedBlockTransactionScanner
2021-08-16 02:10:01,803 [SCMBlockDeletingService#0] DEBUG block.SCMBlockDeletingService (SCMBlockDeletingService.java:call(133)) - Running DeletedBlockTransactionScanner
2021-08-16 02:10:01,903 [SCMBlockDeletingService#0] DEBUG block.SCMBlockDeletingService (SCMBlockDeletingService.java:call(133)) - Running DeletedBlockTransactionScanner
2021-08-16 02:10:02,003 [SCMBlockDeletingService#0] DEBUG block.SCMBlockDeletingService (SCMBlockDeletingService.java:call(133)) - Running DeletedBlockTransactionScanner
2021-08-16 02:10:02,103 [SCMBlockDeletingService#0] DEBUG block.SCMBlockDeletingService (SCMBlockDeletingService.java:call(133)) - Running DeletedBlockTransactionScanner
2021-08-16 02:10:02,203 [SCMBlockDeletingService#0] DEBUG block.SCMBlockDeletingService (SCMBlockDeletingService.java:call(133)) - Running DeletedBlockTransactionScanner
2021-08-16 02:10:02,282 [Listener at 127.0.0.1/42687] INFO  ozone.MiniOzoneClusterImpl (MiniOzoneClusterImpl.java:lambda$waitForClusterToBeReady$0(235)) - Waiting for nodes to be ready. Got 2 of 3 DN Heartbeats.
2021-08-16 02:10:02,282 [Listener at 127.0.0.1/42687] INFO  ozone.MiniOzoneClusterImpl (MiniOzoneClusterImpl.java:lambda$waitForClusterToBeReady$0(238)) - Cluster exits safe mode
2021-08-16 02:10:02,282 [Listener at 127.0.0.1/42687] INFO  ozone.MiniOzoneClusterImpl (MiniOzoneClusterImpl.java:lambda$waitForClusterToBeReady$0(240)) - SCM became leader
2021-08-16 02:10:02,303 [SCMBlockDeletingService#0] DEBUG block.SCMBlockDeletingService (SCMBlockDeletingService.java:call(133)) - Running DeletedBlockTransactionScanner
2021-08-16 02:10:02,403 [SCMBlockDeletingService#0] DEBUG block.SCMBlockDeletingService (SCMBlockDeletingService.java:call(133)) - Running DeletedBlockTransactionScanner
2021-08-16 02:10:02,503 [SCMBlockDeletingService#0] DEBUG block.SCMBlockDeletingService (SCMBlockDeletingService.java:call(133)) - Running DeletedBlockTransactionScanner
2021-08-16 02:10:02,603 [SCMBlockDeletingService#0] DEBUG block.SCMBlockDeletingService (SCMBlockDeletingService.java:call(133)) - Running DeletedBlockTransactionScanner
2021-08-16 02:10:02,703 [SCMBlockDeletingService#0] DEBUG block.SCMBlockDeletingService (SCMBlockDeletingService.java:call(133)) - Running DeletedBlockTransactionScanner
2021-08-16 02:10:02,804 [SCMBlockDeletingService#0] DEBUG block.SCMBlockDeletingService (SCMBlockDeletingService.java:call(133)) - Running DeletedBlockTransactionScanner
2021-08-16 02:10:02,904 [SCMBlockDeletingService#0] DEBUG block.SCMBlockDeletingService (SCMBlockDeletingService.java:call(133)) - Running DeletedBlockTransactionScanner
2021-08-16 02:10:03,004 [SCMBlockDeletingService#0] DEBUG block.SCMBlockDeletingService (SCMBlockDeletingService.java:call(133)) - Running DeletedBlockTransactionScanner
2021-08-16 02:10:03,041 [grpc-default-executor-4] INFO  ratis.XceiverServerRatis (XceiverServerRatis.java:handleLeaderChangedNotification(861)) - Leader change notification received for group: group-F9DBE6E145ED with new leaderId: e9132cce-c60f-4b85-98ff-6a1f5b0024c6
2021-08-16 02:10:03,041 [grpc-default-executor-4] INFO  server.RaftServer$Division (ServerState.java:setLeader(285)) - bd4316f7-8522-4e92-952a-a3dfbeefbfef@group-F9DBE6E145ED: change Leader from null to e9132cce-c60f-4b85-98ff-6a1f5b0024c6 at term 6 for appendEntries, leader elected after 3945ms
2021-08-16 02:10:03,047 [grpc-default-executor-4] INFO  server.RaftServer$Division (RaftServerImpl.java:checkInconsistentAppendEntries(1303)) - bd4316f7-8522-4e92-952a-a3dfbeefbfef@group-F9DBE6E145ED: Failed appendEntries: the first entry (index 14) is already in snapshot (snapshot index: 14)
2021-08-16 02:10:03,048 [grpc-default-executor-4] INFO  server.RaftServer$Division (RaftServerImpl.java:checkInconsistentAppendEntries(1285)) - bd4316f7-8522-4e92-952a-a3dfbeefbfef@group-F9DBE6E145ED: inconsistency entries. Reply:e9132cce-c60f-4b85-98ff-6a1f5b0024c6<-bd4316f7-8522-4e92-952a-a3dfbeefbfef#622:FAIL-t6,INCONSISTENCY,nextIndex=15,followerCommit=14
2021-08-16 02:10:03,049 [grpc-default-executor-4] INFO  leader.FollowerInfo (FollowerInfoImpl.java:lambda$new$0(46)) - e9132cce-c60f-4b85-98ff-6a1f5b0024c6@group-F9DBE6E145ED->bd4316f7-8522-4e92-952a-a3dfbeefbfef: nextIndex: updateUnconditionally 15 -> 15
2021-08-16 02:10:03,104 [SCMBlockDeletingService#0] DEBUG block.SCMBlockDeletingService (SCMBlockDeletingService.java:call(133)) - Running DeletedBlockTransactionScanner
2021-08-16 02:10:03,204 [SCMBlockDeletingService#0] DEBUG block.SCMBlockDeletingService (SCMBlockDeletingService.java:call(133)) - Running DeletedBlockTransactionScanner
2021-08-16 02:10:03,282 [Listener at 127.0.0.1/42687] INFO  ozone.MiniOzoneClusterImpl (MiniOzoneClusterImpl.java:lambda$waitForClusterToBeReady$0(235)) - Waiting for nodes to be ready. Got 2 of 3 DN Heartbeats.
2021-08-16 02:10:03,282 [Listener at 127.0.0.1/42687] INFO  ozone.MiniOzoneClusterImpl (MiniOzoneClusterImpl.java:lambda$waitForClusterToBeReady$0(238)) - Cluster exits safe mode
2021-08-16 02:10:03,282 [Listener at 127.0.0.1/42687] INFO  ozone.MiniOzoneClusterImpl (MiniOzoneClusterImpl.java:lambda$waitForClusterToBeReady$0(240)) - SCM became leader
2021-08-16 02:10:03,304 [SCMBlockDeletingService#0] DEBUG block.SCMBlockDeletingService (SCMBlockDeletingService.java:call(133)) - Running DeletedBlockTransactionScanner
2021-08-16 02:10:03,405 [SCMBlockDeletingService#0] DEBUG block.SCMBlockDeletingService (SCMBlockDeletingService.java:call(133)) - Running DeletedBlockTransactionScanner
2021-08-16 02:10:03,505 [SCMBlockDeletingService#0] DEBUG block.SCMBlockDeletingService (SCMBlockDeletingService.java:call(133)) - Running DeletedBlockTransactionScanner
2021-08-16 02:10:03,605 [SCMBlockDeletingService#0] DEBUG block.SCMBlockDeletingService (SCMBlockDeletingService.java:call(133)) - Running DeletedBlockTransactionScanner
2021-08-16 02:10:03,705 [SCMBlockDeletingService#0] DEBUG block.SCMBlockDeletingService (SCMBlockDeletingService.java:call(133)) - Running DeletedBlockTransactionScanner
2021-08-16 02:10:03,805 [SCMBlockDeletingService#0] DEBUG block.SCMBlockDeletingService (SCMBlockDeletingService.java:call(133)) - Running DeletedBlockTransactionScanner
2021-08-16 02:10:03,905 [SCMBlockDeletingService#0] DEBUG block.SCMBlockDeletingService (SCMBlockDeletingService.java:call(133)) - Running DeletedBlockTransactionScanner
2021-08-16 02:10:04,005 [SCMBlockDeletingService#0] DEBUG block.SCMBlockDeletingService (SCMBlockDeletingService.java:call(133)) - Running DeletedBlockTransactionScanner
2021-08-16 02:10:04,105 [SCMBlockDeletingService#0] DEBUG block.SCMBlockDeletingService (SCMBlockDeletingService.java:call(133)) - Running DeletedBlockTransactionScanner
2021-08-16 02:10:04,210 [SCMBlockDeletingService#0] DEBUG block.SCMBlockDeletingService (SCMBlockDeletingService.java:call(133)) - Running DeletedBlockTransactionScanner
2021-08-16 02:10:04,283 [Listener at 127.0.0.1/42687] INFO  ozone.MiniOzoneClusterImpl (MiniOzoneClusterImpl.java:lambda$waitForClusterToBeReady$0(235)) - Waiting for nodes to be ready. Got 2 of 3 DN Heartbeats.
2021-08-16 02:10:04,283 [Listener at 127.0.0.1/42687] INFO  ozone.MiniOzoneClusterImpl (MiniOzoneClusterImpl.java:lambda$waitForClusterToBeReady$0(238)) - Cluster exits safe mode
2021-08-16 02:10:04,283 [Listener at 127.0.0.1/42687] INFO  ozone.MiniOzoneClusterImpl (MiniOzoneClusterImpl.java:lambda$waitForClusterToBeReady$0(240)) - SCM became leader
2021-08-16 02:10:04,310 [SCMBlockDeletingService#0] DEBUG block.SCMBlockDeletingService (SCMBlockDeletingService.java:call(133)) - Running DeletedBlockTransactionScanner
2021-08-16 02:10:04,410 [SCMBlockDeletingService#0] DEBUG block.SCMBlockDeletingService (SCMBlockDeletingService.java:call(133)) - Running DeletedBlockTransactionScanner
2021-08-16 02:10:04,510 [SCMBlockDeletingService#0] DEBUG block.SCMBlockDeletingService (SCMBlockDeletingService.java:call(133)) - Running DeletedBlockTransactionScanner
2021-08-16 02:10:04,610 [SCMBlockDeletingService#0] DEBUG block.SCMBlockDeletingService (SCMBlockDeletingService.java:call(133)) - Running DeletedBlockTransactionScanner
2021-08-16 02:10:04,710 [SCMBlockDeletingService#0] DEBUG block.SCMBlockDeletingService (SCMBlockDeletingService.java:call(133)) - Running DeletedBlockTransactionScanner
2021-08-16 02:10:04,810 [SCMBlockDeletingService#0] DEBUG block.SCMBlockDeletingService (SCMBlockDeletingService.java:call(133)) - Running DeletedBlockTransactionScanner
2021-08-16 02:10:04,910 [SCMBlockDeletingService#0] DEBUG block.SCMBlockDeletingService (SCMBlockDeletingService.java:call(133)) - Running DeletedBlockTransactionScanner
2021-08-16 02:10:05,010 [SCMBlockDeletingService#0] DEBUG block.SCMBlockDeletingService (SCMBlockDeletingService.java:call(133)) - Running DeletedBlockTransactionScanner
2021-08-16 02:10:05,111 [SCMBlockDeletingService#0] DEBUG block.SCMBlockDeletingService (SCMBlockDeletingService.java:call(133)) - Running DeletedBlockTransactionScanner
2021-08-16 02:10:05,211 [SCMBlockDeletingService#0] DEBUG block.SCMBlockDeletingService (SCMBlockDeletingService.java:call(133)) - Running DeletedBlockTransactionScanner
2021-08-16 02:10:05,283 [Listener at 127.0.0.1/42687] INFO  ozone.MiniOzoneClusterImpl (MiniOzoneClusterImpl.java:lambda$waitForClusterToBeReady$0(235)) - Waiting for nodes to be ready. Got 2 of 3 DN Heartbeats.
2021-08-16 02:10:05,283 [Listener at 127.0.0.1/42687] INFO  ozone.MiniOzoneClusterImpl (MiniOzoneClusterImpl.java:lambda$waitForClusterToBeReady$0(238)) - Cluster exits safe mode
2021-08-16 02:10:05,283 [Listener at 127.0.0.1/42687] INFO  ozone.MiniOzoneClusterImpl (MiniOzoneClusterImpl.java:lambda$waitForClusterToBeReady$0(240)) - SCM became leader
2021-08-16 02:10:05,311 [SCMBlockDeletingService#0] DEBUG block.SCMBlockDeletingService (SCMBlockDeletingService.java:call(133)) - Running DeletedBlockTransactionScanner
2021-08-16 02:10:05,411 [SCMBlockDeletingService#0] DEBUG block.SCMBlockDeletingService (SCMBlockDeletingService.java:call(133)) - Running DeletedBlockTransactionScanner
2021-08-16 02:10:05,418 [EventQueue-HealthyReadonlyNodeForHealthyReadOnlyNodeHandler] INFO  node.HealthyReadOnlyNodeHandler (HealthyReadOnlyNodeHandler.java:onMessage(56)) - Datanode bd4316f7-8522-4e92-952a-a3dfbeefbfef{ip: 10.1.0.7, host: fv-az148-41.bm4ck3pvxvsene1rjriu5fhcdb.bx.internal.cloudapp.net, ports: [REPLICATION=42659, RATIS=40431, RATIS_ADMIN=40431, RATIS_SERVER=40431, STANDALONE=33881], networkLocation: /default-rack, certSerialId: null, persistedOpState: IN_SERVICE, persistedOpStateExpiryEpochSec: 0} moved to HEALTHY READONLY state.
2021-08-16 02:10:05,419 [EventQueue-HealthyReadonlyNodeForHealthyReadOnlyNodeHandler] INFO  node.HealthyReadOnlyNodeHandler (HealthyReadOnlyNodeHandler.java:onMessage(60)) - Closing pipeline PipelineID=8df6d1c3-eab4-46c1-a084-f9dbe6e145ed which uses HEALTHY READONLY datanode bd4316f7-8522-4e92-952a-a3dfbeefbfef{ip: 10.1.0.7, host: fv-az148-41.bm4ck3pvxvsene1rjriu5fhcdb.bx.internal.cloudapp.net, ports: [REPLICATION=42659, RATIS=40431, RATIS_ADMIN=40431, RATIS_SERVER=40431, STANDALONE=33881], networkLocation: /default-rack, certSerialId: null, persistedOpState: IN_SERVICE, persistedOpStateExpiryEpochSec: 0} 
2021-08-16 02:10:05,420 [EventQueue-HealthyReadonlyNodeForHealthyReadOnlyNodeHandler] INFO  pipeline.RatisPipelineProvider (RatisPipelineProvider.java:lambda$close$1(222)) - Send pipeline:PipelineID=8df6d1c3-eab4-46c1-a084-f9dbe6e145ed close command to datanode e9132cce-c60f-4b85-98ff-6a1f5b0024c6
2021-08-16 02:10:05,420 [EventQueue-HealthyReadonlyNodeForHealthyReadOnlyNodeHandler] INFO  pipeline.RatisPipelineProvider (RatisPipelineProvider.java:lambda$close$1(222)) - Send pipeline:PipelineID=8df6d1c3-eab4-46c1-a084-f9dbe6e145ed close command to datanode 4c5d3f80-455e-48af-b42d-db12d94a5acc
2021-08-16 02:10:05,420 [EventQueue-HealthyReadonlyNodeForHealthyReadOnlyNodeHandler] INFO  pipeline.RatisPipelineProvider (RatisPipelineProvider.java:lambda$close$1(222)) - Send pipeline:PipelineID=8df6d1c3-eab4-46c1-a084-f9dbe6e145ed close command to datanode bd4316f7-8522-4e92-952a-a3dfbeefbfef
2021-08-16 02:10:05,425 [EventQueue-HealthyReadonlyNodeForHealthyReadOnlyNodeHandler] INFO  pipeline.PipelineStateManager (PipelineStateManagerV2Impl.java:removePipeline(211)) - Pipeline Pipeline[ Id: 8df6d1c3-eab4-46c1-a084-f9dbe6e145ed, Nodes: e9132cce-c60f-4b85-98ff-6a1f5b0024c6{ip: 10.1.0.7, host: fv-az148-41.bm4ck3pvxvsene1rjriu5fhcdb.bx.internal.cloudapp.net, ports: [REPLICATION=46267, RATIS=45089, RATIS_ADMIN=45089, RATIS_SERVER=45089, STANDALONE=36971], networkLocation: /default-rack, certSerialId: null, persistedOpState: IN_SERVICE, persistedOpStateExpiryEpochSec: 0}4c5d3f80-455e-48af-b42d-db12d94a5acc{ip: 10.1.0.7, host: fv-az148-41.bm4ck3pvxvsene1rjriu5fhcdb.bx.internal.cloudapp.net, ports: [REPLICATION=46351, RATIS=38341, RATIS_ADMIN=38341, RATIS_SERVER=38341, STANDALONE=43791], networkLocation: /default-rack, certSerialId: null, persistedOpState: IN_SERVICE, persistedOpStateExpiryEpochSec: 0}bd4316f7-8522-4e92-952a-a3dfbeefbfef{ip: 10.1.0.7, host: fv-az148-41.bm4ck3pvxvsene1rjriu5fhcdb.bx.internal.cloudapp.net, ports: [REPLICATION=42659, RATIS=40431, RATIS_ADMIN=40431, RATIS_SERVER=40431, STANDALONE=33881], networkLocation: /default-rack, certSerialId: null, persistedOpState: IN_SERVICE, persistedOpStateExpiryEpochSec: 0}, ReplicationConfig: RATIS/THREE, State:CLOSED, leaderId:e9132cce-c60f-4b85-98ff-6a1f5b0024c6, CreationTimestamp2021-08-16T02:09:04.029Z[Etc/UTC]] removed.
2021-08-16 02:10:05,511 [SCMBlockDeletingService#0] DEBUG block.SCMBlockDeletingService (SCMBlockDeletingService.java:call(133)) - Running DeletedBlockTransactionScanner
2021-08-16 02:10:05,522 [EventQueue-HealthyReadonlyToHealthyNodeForReadOnlyHealthyToHealthyNodeHandler] INFO  node.ReadOnlyHealthyToHealthyNodeHandler (ReadOnlyHealthyToHealthyNodeHandler.java:onMessage(51)) - Datanode bd4316f7-8522-4e92-952a-a3dfbeefbfef{ip: 10.1.0.7, host: fv-az148-41.bm4ck3pvxvsene1rjriu5fhcdb.bx.internal.cloudapp.net, ports: [REPLICATION=42659, RATIS=40431, RATIS_ADMIN=40431, RATIS_SERVER=40431, STANDALONE=33881], networkLocation: /default-rack, certSerialId: null, persistedOpState: IN_SERVICE, persistedOpStateExpiryEpochSec: 0} moved to HEALTHY state.
2021-08-16 02:10:05,523 [EventQueue-HealthyReadonlyToHealthyNodeForReadOnlyHealthyToHealthyNodeHandler] INFO  pipeline.BackgroundPipelineCreator (BackgroundPipelineCreatorV2.java:notifyEventTriggered(285)) - trigger a one-shot run on RatisPipelineUtilsThread.
2021-08-16 02:10:05,524 [RatisPipelineUtilsThread - 0] INFO  pipeline.RatisPipelineProvider (RatisPipelineProvider.java:lambda$create$0(183)) - Sending CreatePipelineCommand for pipeline:PipelineID=8794b8df-fbbd-4d47-9327-4822c5e17213 to datanode:4c5d3f80-455e-48af-b42d-db12d94a5acc
2021-08-16 02:10:05,524 [RatisPipelineUtilsThread - 0] INFO  pipeline.RatisPipelineProvider (RatisPipelineProvider.java:lambda$create$0(183)) - Sending CreatePipelineCommand for pipeline:PipelineID=8794b8df-fbbd-4d47-9327-4822c5e17213 to datanode:bd4316f7-8522-4e92-952a-a3dfbeefbfef
2021-08-16 02:10:05,524 [RatisPipelineUtilsThread - 0] INFO  pipeline.RatisPipelineProvider (RatisPipelineProvider.java:lambda$create$0(183)) - Sending CreatePipelineCommand for pipeline:PipelineID=8794b8df-fbbd-4d47-9327-4822c5e17213 to datanode:e9132cce-c60f-4b85-98ff-6a1f5b0024c6
2021-08-16 02:10:05,525 [RatisPipelineUtilsThread - 0] INFO  pipeline.PipelineStateManager (PipelineStateManagerV2Impl.java:addPipeline(101)) - Created pipeline Pipeline[ Id: 8794b8df-fbbd-4d47-9327-4822c5e17213, Nodes: 4c5d3f80-455e-48af-b42d-db12d94a5acc{ip: 10.1.0.7, host: fv-az148-41.bm4ck3pvxvsene1rjriu5fhcdb.bx.internal.cloudapp.net, ports: [REPLICATION=46351, RATIS=38341, RATIS_ADMIN=38341, RATIS_SERVER=38341, STANDALONE=43791], networkLocation: /default-rack, certSerialId: null, persistedOpState: IN_SERVICE, persistedOpStateExpiryEpochSec: 0}bd4316f7-8522-4e92-952a-a3dfbeefbfef{ip: 10.1.0.7, host: fv-az148-41.bm4ck3pvxvsene1rjriu5fhcdb.bx.internal.cloudapp.net, ports: [REPLICATION=42659, RATIS=40431, RATIS_ADMIN=40431, RATIS_SERVER=40431, STANDALONE=33881], networkLocation: /default-rack, certSerialId: null, persistedOpState: IN_SERVICE, persistedOpStateExpiryEpochSec: 0}e9132cce-c60f-4b85-98ff-6a1f5b0024c6{ip: 10.1.0.7, host: fv-az148-41.bm4ck3pvxvsene1rjriu5fhcdb.bx.internal.cloudapp.net, ports: [REPLICATION=46267, RATIS=45089, RATIS_ADMIN=45089, RATIS_SERVER=45089, STANDALONE=36971], networkLocation: /default-rack, certSerialId: null, persistedOpState: IN_SERVICE, persistedOpStateExpiryEpochSec: 0}, ReplicationConfig: RATIS/THREE, State:ALLOCATED, leaderId:, CreationTimestamp2021-08-16T02:10:05.524Z[Etc/UTC]].
2021-08-16 02:10:05,611 [SCMBlockDeletingService#0] DEBUG block.SCMBlockDeletingService (SCMBlockDeletingService.java:call(133)) - Running DeletedBlockTransactionScanner
2021-08-16 02:10:05,711 [SCMBlockDeletingService#0] DEBUG block.SCMBlockDeletingService (SCMBlockDeletingService.java:call(133)) - Running DeletedBlockTransactionScanner
2021-08-16 02:10:05,789 [Command processor thread] INFO  server.RaftServer (RaftServerProxy.java:remove(106)) - 4c5d3f80-455e-48af-b42d-db12d94a5acc: remove  FOLLOWER 4c5d3f80-455e-48af-b42d-db12d94a5acc@group-F9DBE6E145ED:t6, leader=e9132cce-c60f-4b85-98ff-6a1f5b0024c6, voted=4c5d3f80-455e-48af-b42d-db12d94a5acc, raftlog=4c5d3f80-455e-48af-b42d-db12d94a5acc@group-F9DBE6E145ED-SegmentedRaftLog:OPENED:c14,f14,i14, conf=0: [bd4316f7-8522-4e92-952a-a3dfbeefbfef|rpc:10.1.0.7:40431|dataStream:|priority:0, 4c5d3f80-455e-48af-b42d-db12d94a5acc|rpc:10.1.0.7:38341|dataStream:|priority:0, e9132cce-c60f-4b85-98ff-6a1f5b0024c6|rpc:10.1.0.7:45089|dataStream:|priority:1], old=null RUNNING
2021-08-16 02:10:05,792 [Command processor thread] INFO  server.RaftServer$Division (RaftServerImpl.java:lambda$close$4(407)) - 4c5d3f80-455e-48af-b42d-db12d94a5acc@group-F9DBE6E145ED: shutdown
2021-08-16 02:10:05,792 [Command processor thread] INFO  util.JmxRegister (JmxRegister.java:unregister(73)) - Successfully un-registered JMX Bean with object name Ratis:service=RaftServer,group=group-F9DBE6E145ED,id=4c5d3f80-455e-48af-b42d-db12d94a5acc
2021-08-16 02:10:05,792 [Command processor thread] INFO  impl.RoleInfo (RoleInfo.java:shutdownFollowerState(108)) - 4c5d3f80-455e-48af-b42d-db12d94a5acc: shutdown 4c5d3f80-455e-48af-b42d-db12d94a5acc@group-F9DBE6E145ED-FollowerState
2021-08-16 02:10:05,793 [4c5d3f80-455e-48af-b42d-db12d94a5acc@group-F9DBE6E145ED-FollowerState] INFO  impl.FollowerState (FollowerState.java:run(143)) - 4c5d3f80-455e-48af-b42d-db12d94a5acc@group-F9DBE6E145ED-FollowerState was interrupted: {}
java.lang.InterruptedException: sleep interrupted
	at java.lang.Thread.sleep(Native Method)
	at java.lang.Thread.sleep(Thread.java:340)
	at java.util.concurrent.TimeUnit.sleep(TimeUnit.java:386)
	at org.apache.ratis.util.TimeDuration.sleep(TimeDuration.java:324)
	at org.apache.ratis.util.TimeDuration.sleep(TimeDuration.java:309)
	at org.apache.ratis.server.impl.FollowerState.run(FollowerState.java:118)
2021-08-16 02:10:05,793 [4c5d3f80-455e-48af-b42d-db12d94a5acc@group-F9DBE6E145ED-StateMachineUpdater] INFO  ratis.ContainerStateMachine (ContainerStateMachine.java:takeSnapshot(293)) - group-F9DBE6E145ED: Taking a snapshot at:(t:6, i:14) file /home/runner/work/ozone/ozone/hadoop-ozone/integration-test/target/test-dir/MiniOzoneClusterImpl-6c1f9dad-945a-4399-911a-83f70586d44a/datanode-1/data/ratis/8df6d1c3-eab4-46c1-a084-f9dbe6e145ed/sm/snapshot.6_14
2021-08-16 02:10:05,793 [Command processor thread] INFO  impl.StateMachineUpdater (StateMachineUpdater.java:stopAndJoin(149)) - 4c5d3f80-455e-48af-b42d-db12d94a5acc@group-F9DBE6E145ED-StateMachineUpdater: set stopIndex = 14
2021-08-16 02:10:05,797 [4c5d3f80-455e-48af-b42d-db12d94a5acc@group-F9DBE6E145ED-StateMachineUpdater] INFO  ratis.ContainerStateMachine (ContainerStateMachine.java:takeSnapshot(304)) - group-F9DBE6E145ED: Finished taking a snapshot at:(t:6, i:14) file:/home/runner/work/ozone/ozone/hadoop-ozone/integration-test/target/test-dir/MiniOzoneClusterImpl-6c1f9dad-945a-4399-911a-83f70586d44a/datanode-1/data/ratis/8df6d1c3-eab4-46c1-a084-f9dbe6e145ed/sm/snapshot.6_14 took: 4 ms
2021-08-16 02:10:05,798 [4c5d3f80-455e-48af-b42d-db12d94a5acc@group-F9DBE6E145ED-StateMachineUpdater] INFO  impl.StateMachineUpdater (StateMachineUpdater.java:takeSnapshot(281)) - 4c5d3f80-455e-48af-b42d-db12d94a5acc@group-F9DBE6E145ED-StateMachineUpdater: Took a snapshot at index 14
2021-08-16 02:10:05,798 [4c5d3f80-455e-48af-b42d-db12d94a5acc@group-F9DBE6E145ED-StateMachineUpdater] INFO  impl.StateMachineUpdater (StateMachineUpdater.java:lambda$new$0(89)) - 4c5d3f80-455e-48af-b42d-db12d94a5acc@group-F9DBE6E145ED-StateMachineUpdater: snapshotIndex: updateIncreasingly -1 -> 14
2021-08-16 02:10:05,798 [Command processor thread] INFO  server.RaftServer$Division (ServerState.java:close(419)) - 4c5d3f80-455e-48af-b42d-db12d94a5acc@group-F9DBE6E145ED: closes. applyIndex: 14
2021-08-16 02:10:05,798 [4c5d3f80-455e-48af-b42d-db12d94a5acc@group-F9DBE6E145ED-SegmentedRaftLogWorker] INFO  segmented.SegmentedRaftLogWorker (SegmentedRaftLogWorker.java:run(327)) - 4c5d3f80-455e-48af-b42d-db12d94a5acc@group-F9DBE6E145ED-SegmentedRaftLogWorker was interrupted, exiting. There are 0 tasks remaining in the queue.
2021-08-16 02:10:05,799 [Command processor thread] INFO  segmented.SegmentedRaftLogWorker (SegmentedRaftLogWorker.java:close(237)) - 4c5d3f80-455e-48af-b42d-db12d94a5acc@group-F9DBE6E145ED-SegmentedRaftLogWorker close()
2021-08-16 02:10:05,801 [Command processor thread] ERROR commandhandler.ClosePipelineCommandHandler (ClosePipelineCommandHandler.java:handle(78)) - Can't close pipeline PipelineID=8df6d1c3-eab4-46c1-a084-f9dbe6e145ed
java.io.IOException: java.lang.NullPointerException
	at org.apache.hadoop.ozone.container.common.transport.server.ratis.XceiverServerRatis.removeGroup(XceiverServerRatis.java:781)
	at org.apache.hadoop.ozone.container.common.statemachine.commandhandler.ClosePipelineCommandHandler.handle(ClosePipelineCommandHandler.java:74)
	at org.apache.hadoop.ozone.container.common.statemachine.commandhandler.CommandDispatcher.handle(CommandDispatcher.java:99)
	at org.apache.hadoop.ozone.container.common.statemachine.DatanodeStateMachine.lambda$initCommandHandlerThread$2(DatanodeStateMachine.java:556)
	at java.lang.Thread.run(Thread.java:748)
Caused by: java.io.IOException: java.lang.NullPointerException
	at org.apache.ratis.util.IOUtils.asIOException(IOUtils.java:56)
	at org.apache.ratis.server.impl.RaftServerImpl.waitForReply(RaftServerImpl.java:898)
	at org.apache.ratis.server.impl.RaftServerProxy.groupManagement(RaftServerProxy.java:440)
	at org.apache.hadoop.ozone.container.common.transport.server.ratis.XceiverServerRatis.removeGroup(XceiverServerRatis.java:779)
	... 4 more
Caused by: java.lang.NullPointerException
	at org.apache.hadoop.ozone.container.ozoneimpl.ContainerController.markContainerForClose(ContainerController.java:83)
	at org.apache.hadoop.ozone.container.common.transport.server.ratis.ContainerStateMachine.notifyGroupRemove(ContainerStateMachine.java:903)
	at org.apache.ratis.server.impl.RaftServerImpl.groupRemove(RaftServerImpl.java:372)
	at org.apache.ratis.server.impl.RaftServerProxy.lambda$groupRemoveAsync$14(RaftServerProxy.java:507)
	at java.util.concurrent.CompletableFuture.uniApply(CompletableFuture.java:616)
	at java.util.concurrent.CompletableFuture.uniApplyStage(CompletableFuture.java:628)
	at java.util.concurrent.CompletableFuture.thenApply(CompletableFuture.java:1996)
	at org.apache.ratis.server.impl.RaftServerProxy.groupRemoveAsync(RaftServerProxy.java:506)
	at org.apache.ratis.server.impl.RaftServerProxy.groupManagementAsync(RaftServerProxy.java:460)
	... 6 more
2021-08-16 02:10:05,801 [Command processor thread] INFO  server.RaftServer (RaftServerProxy.java:addNew(95)) - 4c5d3f80-455e-48af-b42d-db12d94a5acc: addNew group-4822C5E17213:[bd4316f7-8522-4e92-952a-a3dfbeefbfef|rpc:10.1.0.7:40431|priority:1, 4c5d3f80-455e-48af-b42d-db12d94a5acc|rpc:10.1.0.7:38341|priority:0, e9132cce-c60f-4b85-98ff-6a1f5b0024c6|rpc:10.1.0.7:45089|priority:0] returns group-4822C5E17213:java.util.concurrent.CompletableFuture@7efd569[Not completed]
2021-08-16 02:10:05,802 [pool-301-thread-1] INFO  server.RaftServer$Division (RaftServerImpl.java:<init>(181)) - 4c5d3f80-455e-48af-b42d-db12d94a5acc: new RaftServerImpl for group-4822C5E17213:[bd4316f7-8522-4e92-952a-a3dfbeefbfef|rpc:10.1.0.7:40431|priority:1, 4c5d3f80-455e-48af-b42d-db12d94a5acc|rpc:10.1.0.7:38341|priority:0, e9132cce-c60f-4b85-98ff-6a1f5b0024c6|rpc:10.1.0.7:45089|priority:0] with ContainerStateMachine:uninitialized
2021-08-16 02:10:05,802 [pool-301-thread-1] INFO  server.RaftServerConfigKeys (ConfUtils.java:logGet(44)) - raft.server.rpc.timeout.min = 5s (custom)
2021-08-16 02:10:05,802 [pool-301-thread-1] INFO  server.RaftServerConfigKeys (ConfUtils.java:logGet(44)) - raft.server.rpc.timeout.max = 5200ms (custom)
2021-08-16 02:10:05,802 [pool-301-thread-1] INFO  server.RaftServerConfigKeys (ConfUtils.java:logGet(44)) - raft.server.rpc.sleep.time = 25ms (default)
2021-08-16 02:10:05,802 [pool-301-thread-1] INFO  server.RaftServerConfigKeys (ConfUtils.java:logGet(44)) - raft.server.rpc.slowness.timeout = 300s (custom)
2021-08-16 02:10:05,802 [pool-301-thread-1] INFO  server.RaftServerConfigKeys (ConfUtils.java:logGet(44)) - raft.server.leaderelection.leader.step-down.wait-time = 10s (default)
2021-08-16 02:10:05,802 [pool-301-thread-1] INFO  server.RaftServerConfigKeys (ConfUtils.java:logGet(44)) - raft.server.sleep.deviation.threshold = 300ms (default)
2021-08-16 02:10:05,802 [pool-301-thread-1] INFO  server.RaftServerConfigKeys (ConfUtils.java:logGet(44)) - raft.server.log.appender.install.snapshot.enabled = false (custom)
2021-08-16 02:10:05,802 [pool-301-thread-1] INFO  server.RaftServer$Division (ServerState.java:<init>(105)) - 4c5d3f80-455e-48af-b42d-db12d94a5acc@group-4822C5E17213: ConfigurationManager, init=-1: [bd4316f7-8522-4e92-952a-a3dfbeefbfef|rpc:10.1.0.7:40431|priority:1, 4c5d3f80-455e-48af-b42d-db12d94a5acc|rpc:10.1.0.7:38341|priority:0, e9132cce-c60f-4b85-98ff-6a1f5b0024c6|rpc:10.1.0.7:45089|priority:0], old=null, confs=<EMPTY_MAP>
2021-08-16 02:10:05,803 [pool-301-thread-1] INFO  server.RaftServerConfigKeys (ConfUtils.java:logGet(44)) - raft.server.storage.dir = [/home/runner/work/ozone/ozone/hadoop-ozone/integration-test/target/test-dir/MiniOzoneClusterImpl-6c1f9dad-945a-4399-911a-83f70586d44a/datanode-1/data/ratis] (custom)
2021-08-16 02:10:05,803 [pool-301-thread-1] INFO  server.RaftServerConfigKeys (ConfUtils.java:logGet(44)) - raft.server.log.corruption.policy = EXCEPTION (default)
2021-08-16 02:10:05,803 [pool-301-thread-1] INFO  server.RaftServerConfigKeys (ConfUtils.java:logGet(44)) - raft.server.storage.free-space.min = 0MB (=0) (default)
2021-08-16 02:10:05,803 [pool-301-thread-1] INFO  storage.RaftStorageDirectory (RaftStorageDirectoryImpl.java:analyzeStorage(135)) - The storage directory /home/runner/work/ozone/ozone/hadoop-ozone/integration-test/target/test-dir/MiniOzoneClusterImpl-6c1f9dad-945a-4399-911a-83f70586d44a/datanode-1/data/ratis/8794b8df-fbbd-4d47-9327-4822c5e17213 does not exist. Creating ...
2021-08-16 02:10:05,804 [pool-301-thread-1] INFO  storage.RaftStorageDirectory (RaftStorageDirectoryImpl.java:tryLock(230)) - Lock on /home/runner/work/ozone/ozone/hadoop-ozone/integration-test/target/test-dir/MiniOzoneClusterImpl-6c1f9dad-945a-4399-911a-83f70586d44a/datanode-1/data/ratis/8794b8df-fbbd-4d47-9327-4822c5e17213/in_use.lock acquired by nodename 29838@fv-az148-41
2021-08-16 02:10:05,805 [pool-301-thread-1] INFO  storage.RaftStorage (RaftStorageImpl.java:format(89)) - Storage directory /home/runner/work/ozone/ozone/hadoop-ozone/integration-test/target/test-dir/MiniOzoneClusterImpl-6c1f9dad-945a-4399-911a-83f70586d44a/datanode-1/data/ratis/8794b8df-fbbd-4d47-9327-4822c5e17213 has been successfully formatted.
2021-08-16 02:10:05,805 [pool-301-thread-1] INFO  ratis.ContainerStateMachine (ContainerStateMachine.java:loadSnapshot(225)) - group-4822C5E17213: The snapshot info is null. Setting the last applied indexto:(t:0, i:~)
2021-08-16 02:10:05,805 [Datanode State Machine Thread - 0] WARN  statemachine.StateContext (StateContext.java:execute(621)) - No available thread in pool for past 0 seconds.
2021-08-16 02:10:05,806 [pool-301-thread-1] INFO  server.RaftServerConfigKeys (ConfUtils.java:logGet(44)) - raft.server.notification.no-leader.timeout = 300s (custom)
2021-08-16 02:10:05,806 [pool-301-thread-1] INFO  server.RaftServerConfigKeys (ConfUtils.java:logGet(44)) - raft.server.log.use.memory = false (default)
2021-08-16 02:10:05,806 [pool-301-thread-1] INFO  server.RaftServerConfigKeys (ConfUtils.java:logGet(44)) - raft.server.log.purge.gap = 1000000 (custom)
2021-08-16 02:10:05,806 [pool-301-thread-1] INFO  server.RaftServerConfigKeys (ConfUtils.java:logGet(44)) - raft.server.log.appender.buffer.byte-limit = 33554432 (custom)
2021-08-16 02:10:05,807 [pool-301-thread-1] INFO  server.RaftServerConfigKeys (ConfUtils.java:logGet(44)) - raft.server.log.segment.size.max = 1048576 (custom)
2021-08-16 02:10:05,807 [pool-301-thread-1] INFO  server.RaftServerConfigKeys (ConfUtils.java:logGet(44)) - raft.server.log.segment.cache.num.max = 2 (custom)
2021-08-16 02:10:05,807 [pool-301-thread-1] INFO  server.RaftServerConfigKeys (ConfUtils.java:logGet(44)) - raft.server.log.segment.cache.size.max = 200MB (=209715200) (default)
2021-08-16 02:10:05,807 [pool-301-thread-1] INFO  segmented.SegmentedRaftLogWorker (SegmentedRaftLogWorker.java:<init>(182)) - new 4c5d3f80-455e-48af-b42d-db12d94a5acc@group-4822C5E17213-SegmentedRaftLogWorker for RaftStorageImpl:Storage Directory /home/runner/work/ozone/ozone/hadoop-ozone/integration-test/target/test-dir/MiniOzoneClusterImpl-6c1f9dad-945a-4399-911a-83f70586d44a/datanode-1/data/ratis/8794b8df-fbbd-4d47-9327-4822c5e17213
2021-08-16 02:10:05,807 [pool-301-thread-1] INFO  server.RaftServerConfigKeys (ConfUtils.java:logGet(44)) - raft.server.log.queue.byte-limit = 2147483647 (custom)
2021-08-16 02:10:05,807 [pool-301-thread-1] INFO  server.RaftServerConfigKeys (ConfUtils.java:logGet(44)) - raft.server.log.queue.element-limit = 1024 (custom)
2021-08-16 02:10:05,807 [pool-301-thread-1] INFO  server.RaftServerConfigKeys (ConfUtils.java:logGet(44)) - raft.server.log.segment.size.max = 1048576 (custom)
2021-08-16 02:10:05,807 [pool-301-thread-1] INFO  server.RaftServerConfigKeys (ConfUtils.java:logGet(44)) - raft.server.log.preallocated.size = 16384 (custom)
2021-08-16 02:10:05,807 [pool-301-thread-1] INFO  server.RaftServerConfigKeys (ConfUtils.java:logGet(44)) - raft.server.log.force.sync.num = 128 (default)
2021-08-16 02:10:05,807 [pool-301-thread-1] INFO  server.RaftServerConfigKeys (ConfUtils.java:logGet(44)) - raft.server.log.statemachine.data.sync = true (default)
2021-08-16 02:10:05,807 [pool-301-thread-1] INFO  server.RaftServerConfigKeys (ConfUtils.java:logGet(44)) - raft.server.log.statemachine.data.sync.timeout = 10s (default)
2021-08-16 02:10:05,807 [pool-301-thread-1] INFO  server.RaftServerConfigKeys (ConfUtils.java:logGet(44)) - raft.server.log.statemachine.data.sync.timeout.retry = -1 (default)
2021-08-16 02:10:05,808 [pool-301-thread-1] INFO  server.RaftServerConfigKeys (ConfUtils.java:logGet(44)) - raft.server.log.write.buffer.size = 1048576 (custom)
2021-08-16 02:10:05,809 [pool-301-thread-1] INFO  server.RaftServerConfigKeys (ConfUtils.java:logGet(44)) - raft.server.log.statemachine.data.caching.enabled = true (custom)
2021-08-16 02:10:05,809 [pool-301-thread-1] INFO  segmented.SegmentedRaftLogWorker (SegmentedRaftLogWorker.java:lambda$new$0(133)) - 4c5d3f80-455e-48af-b42d-db12d94a5acc@group-4822C5E17213-SegmentedRaftLogWorker: flushIndex: setUnconditionally 0 -> -1
2021-08-16 02:10:05,809 [pool-301-thread-1] INFO  segmented.SegmentedRaftLogWorker (SegmentedRaftLogWorker.java:lambda$new$0(133)) - 4c5d3f80-455e-48af-b42d-db12d94a5acc@group-4822C5E17213-SegmentedRaftLogWorker: safeCacheEvictIndex: setUnconditionally 0 -> -1
2021-08-16 02:10:05,811 [SCMBlockDeletingService#0] DEBUG block.SCMBlockDeletingService (SCMBlockDeletingService.java:call(133)) - Running DeletedBlockTransactionScanner
2021-08-16 02:10:05,819 [pool-301-thread-1] INFO  server.RaftServerConfigKeys (ConfUtils.java:logGet(44)) - raft.server.snapshot.auto.trigger.enabled = true (custom)
2021-08-16 02:10:05,819 [pool-301-thread-1] INFO  server.RaftServerConfigKeys (ConfUtils.java:logGet(44)) - raft.server.snapshot.auto.trigger.threshold = 10000 (custom)
2021-08-16 02:10:05,819 [pool-301-thread-1] INFO  server.RaftServerConfigKeys (ConfUtils.java:logGet(44)) - raft.server.snapshot.retention.file.num = 5 (custom)
2021-08-16 02:10:05,819 [pool-301-thread-1] INFO  server.RaftServerConfigKeys (ConfUtils.java:logGet(44)) - raft.server.log.purge.upto.snapshot.index = false (default)
2021-08-16 02:10:05,820 [pool-301-thread-1] INFO  server.RaftServerConfigKeys (ConfUtils.java:logGet(44)) - raft.server.retrycache.expirytime = 600000ms (custom)
2021-08-16 02:10:05,820 [pool-301-thread-1] INFO  server.RaftServerConfigKeys (ConfUtils.java:logGet(44)) - raft.server.retrycache.statistics.expirytime = 100μs (default)
2021-08-16 02:10:05,823 [pool-301-thread-1] INFO  server.RaftServer$Division (RaftServerImpl.java:start(296)) - 4c5d3f80-455e-48af-b42d-db12d94a5acc@group-4822C5E17213: start as a follower, conf=-1: [bd4316f7-8522-4e92-952a-a3dfbeefbfef|rpc:10.1.0.7:40431|priority:1, 4c5d3f80-455e-48af-b42d-db12d94a5acc|rpc:10.1.0.7:38341|priority:0, e9132cce-c60f-4b85-98ff-6a1f5b0024c6|rpc:10.1.0.7:45089|priority:0], old=null
2021-08-16 02:10:05,823 [pool-301-thread-1] INFO  server.RaftServer$Division (RaftServerImpl.java:setRole(285)) - 4c5d3f80-455e-48af-b42d-db12d94a5acc@group-4822C5E17213: changes role from      null to FOLLOWER at term 0 for startAsFollower
2021-08-16 02:10:05,823 [pool-301-thread-1] INFO  impl.RoleInfo (RoleInfo.java:updateAndGet(130)) - 4c5d3f80-455e-48af-b42d-db12d94a5acc: start 4c5d3f80-455e-48af-b42d-db12d94a5acc@group-4822C5E17213-FollowerState
2021-08-16 02:10:05,832 [pool-301-thread-1] INFO  util.JmxRegister (JmxRegister.java:tryRegister(44)) - Successfully registered JMX Bean with object name Ratis:service=RaftServer,group=group-4822C5E17213,id=4c5d3f80-455e-48af-b42d-db12d94a5acc
2021-08-16 02:10:05,836 [Command processor thread] INFO  ratis.XceiverServerRatis (XceiverServerRatis.java:addGroup(763)) - Created group PipelineID=8794b8df-fbbd-4d47-9327-4822c5e17213
2021-08-16 02:10:05,866 [grpc-default-executor-4] INFO  server.RaftServer (RaftServerProxy.java:addNew(95)) - bd4316f7-8522-4e92-952a-a3dfbeefbfef: addNew group-4822C5E17213:[bd4316f7-8522-4e92-952a-a3dfbeefbfef|rpc:10.1.0.7:40431|dataStream:|priority:1, 4c5d3f80-455e-48af-b42d-db12d94a5acc|rpc:10.1.0.7:38341|dataStream:|priority:0, e9132cce-c60f-4b85-98ff-6a1f5b0024c6|rpc:10.1.0.7:45089|dataStream:|priority:0] returns group-4822C5E17213:java.util.concurrent.CompletableFuture@68ec282e[Not completed]
2021-08-16 02:10:05,867 [pool-359-thread-1] INFO  server.RaftServer$Division (RaftServerImpl.java:<init>(181)) - bd4316f7-8522-4e92-952a-a3dfbeefbfef: new RaftServerImpl for group-4822C5E17213:[bd4316f7-8522-4e92-952a-a3dfbeefbfef|rpc:10.1.0.7:40431|dataStream:|priority:1, 4c5d3f80-455e-48af-b42d-db12d94a5acc|rpc:10.1.0.7:38341|dataStream:|priority:0, e9132cce-c60f-4b85-98ff-6a1f5b0024c6|rpc:10.1.0.7:45089|dataStream:|priority:0] with ContainerStateMachine:uninitialized
2021-08-16 02:10:05,867 [pool-359-thread-1] INFO  server.RaftServerConfigKeys (ConfUtils.java:logGet(44)) - raft.server.rpc.timeout.min = 5s (custom)
2021-08-16 02:10:05,867 [pool-359-thread-1] INFO  server.RaftServerConfigKeys (ConfUtils.java:logGet(44)) - raft.server.rpc.timeout.max = 5200ms (custom)
2021-08-16 02:10:05,867 [pool-359-thread-1] INFO  server.RaftServerConfigKeys (ConfUtils.java:logGet(44)) - raft.server.rpc.sleep.time = 25ms (default)
2021-08-16 02:10:05,867 [pool-359-thread-1] INFO  server.RaftServerConfigKeys (ConfUtils.java:logGet(44)) - raft.server.rpc.slowness.timeout = 300s (custom)
2021-08-16 02:10:05,867 [pool-359-thread-1] INFO  server.RaftServerConfigKeys (ConfUtils.java:logGet(44)) - raft.server.leaderelection.leader.step-down.wait-time = 10s (default)
2021-08-16 02:10:05,867 [pool-359-thread-1] INFO  server.RaftServerConfigKeys (ConfUtils.java:logGet(44)) - raft.server.sleep.deviation.threshold = 300ms (default)
2021-08-16 02:10:05,867 [pool-359-thread-1] INFO  server.RaftServerConfigKeys (ConfUtils.java:logGet(44)) - raft.server.log.appender.install.snapshot.enabled = false (custom)
2021-08-16 02:10:05,867 [pool-359-thread-1] INFO  server.RaftServer$Division (ServerState.java:<init>(105)) - bd4316f7-8522-4e92-952a-a3dfbeefbfef@group-4822C5E17213: ConfigurationManager, init=-1: [bd4316f7-8522-4e92-952a-a3dfbeefbfef|rpc:10.1.0.7:40431|dataStream:|priority:1, 4c5d3f80-455e-48af-b42d-db12d94a5acc|rpc:10.1.0.7:38341|dataStream:|priority:0, e9132cce-c60f-4b85-98ff-6a1f5b0024c6|rpc:10.1.0.7:45089|dataStream:|priority:0], old=null, confs=<EMPTY_MAP>
2021-08-16 02:10:05,867 [pool-359-thread-1] INFO  server.RaftServerConfigKeys (ConfUtils.java:logGet(44)) - raft.server.storage.dir = [/home/runner/work/ozone/ozone/hadoop-ozone/integration-test/target/test-dir/MiniOzoneClusterImpl-6c1f9dad-945a-4399-911a-83f70586d44a/datanode-0/data/ratis] (custom)
2021-08-16 02:10:05,867 [pool-359-thread-1] INFO  server.RaftServerConfigKeys (ConfUtils.java:logGet(44)) - raft.server.log.corruption.policy = EXCEPTION (default)
2021-08-16 02:10:05,867 [pool-359-thread-1] INFO  server.RaftServerConfigKeys (ConfUtils.java:logGet(44)) - raft.server.storage.free-space.min = 0MB (=0) (default)
2021-08-16 02:10:05,867 [pool-359-thread-1] INFO  storage.RaftStorageDirectory (RaftStorageDirectoryImpl.java:analyzeStorage(135)) - The storage directory /home/runner/work/ozone/ozone/hadoop-ozone/integration-test/target/test-dir/MiniOzoneClusterImpl-6c1f9dad-945a-4399-911a-83f70586d44a/datanode-0/data/ratis/8794b8df-fbbd-4d47-9327-4822c5e17213 does not exist. Creating ...
2021-08-16 02:10:05,873 [pool-359-thread-1] INFO  storage.RaftStorageDirectory (RaftStorageDirectoryImpl.java:tryLock(230)) - Lock on /home/runner/work/ozone/ozone/hadoop-ozone/integration-test/target/test-dir/MiniOzoneClusterImpl-6c1f9dad-945a-4399-911a-83f70586d44a/datanode-0/data/ratis/8794b8df-fbbd-4d47-9327-4822c5e17213/in_use.lock acquired by nodename 29838@fv-az148-41
2021-08-16 02:10:05,877 [pool-359-thread-1] INFO  storage.RaftStorage (RaftStorageImpl.java:format(89)) - Storage directory /home/runner/work/ozone/ozone/hadoop-ozone/integration-test/target/test-dir/MiniOzoneClusterImpl-6c1f9dad-945a-4399-911a-83f70586d44a/datanode-0/data/ratis/8794b8df-fbbd-4d47-9327-4822c5e17213 has been successfully formatted.
2021-08-16 02:10:05,877 [Datanode State Machine Thread - 0] WARN  statemachine.StateContext (StateContext.java:execute(621)) - No available thread in pool for past 0 seconds.
2021-08-16 02:10:05,878 [pool-359-thread-1] INFO  ratis.ContainerStateMachine (ContainerStateMachine.java:loadSnapshot(225)) - group-4822C5E17213: The snapshot info is null. Setting the last applied indexto:(t:0, i:~)
2021-08-16 02:10:05,878 [pool-359-thread-1] INFO  server.RaftServerConfigKeys (ConfUtils.java:logGet(44)) - raft.server.notification.no-leader.timeout = 300s (custom)
2021-08-16 02:10:05,878 [pool-359-thread-1] INFO  server.RaftServerConfigKeys (ConfUtils.java:logGet(44)) - raft.server.log.use.memory = false (default)
2021-08-16 02:10:05,878 [pool-359-thread-1] INFO  server.RaftServerConfigKeys (ConfUtils.java:logGet(44)) - raft.server.log.purge.gap = 1000000 (custom)
2021-08-16 02:10:05,878 [pool-359-thread-1] INFO  server.RaftServerConfigKeys (ConfUtils.java:logGet(44)) - raft.server.log.appender.buffer.byte-limit = 33554432 (custom)
2021-08-16 02:10:05,881 [EventQueue-PipelineReportForPipelineReportHandler] INFO  pipeline.PipelineReportHandler (PipelineReportHandler.java:processPipelineReport(113)) - Reported pipeline PipelineID=8df6d1c3-eab4-46c1-a084-f9dbe6e145ed is not found
2021-08-16 02:10:05,883 [pool-359-thread-1] INFO  server.RaftServerConfigKeys (ConfUtils.java:logGet(44)) - raft.server.log.segment.size.max = 1048576 (custom)
2021-08-16 02:10:05,883 [pool-359-thread-1] INFO  server.RaftServerConfigKeys (ConfUtils.java:logGet(44)) - raft.server.log.segment.cache.num.max = 2 (custom)
2021-08-16 02:10:05,884 [pool-359-thread-1] INFO  server.RaftServerConfigKeys (ConfUtils.java:logGet(44)) - raft.server.log.segment.cache.size.max = 200MB (=209715200) (default)
2021-08-16 02:10:05,884 [pool-359-thread-1] INFO  segmented.SegmentedRaftLogWorker (SegmentedRaftLogWorker.java:<init>(182)) - new bd4316f7-8522-4e92-952a-a3dfbeefbfef@group-4822C5E17213-SegmentedRaftLogWorker for RaftStorageImpl:Storage Directory /home/runner/work/ozone/ozone/hadoop-ozone/integration-test/target/test-dir/MiniOzoneClusterImpl-6c1f9dad-945a-4399-911a-83f70586d44a/datanode-0/data/ratis/8794b8df-fbbd-4d47-9327-4822c5e17213
2021-08-16 02:10:05,884 [pool-359-thread-1] INFO  server.RaftServerConfigKeys (ConfUtils.java:logGet(44)) - raft.server.log.queue.byte-limit = 2147483647 (custom)
2021-08-16 02:10:05,884 [pool-359-thread-1] INFO  server.RaftServerConfigKeys (ConfUtils.java:logGet(44)) - raft.server.log.queue.element-limit = 1024 (custom)
2021-08-16 02:10:05,884 [pool-359-thread-1] INFO  server.RaftServerConfigKeys (ConfUtils.java:logGet(44)) - raft.server.log.segment.size.max = 1048576 (custom)
2021-08-16 02:10:05,884 [pool-359-thread-1] INFO  server.RaftServerConfigKeys (ConfUtils.java:logGet(44)) - raft.server.log.preallocated.size = 16384 (custom)
2021-08-16 02:10:05,884 [pool-359-thread-1] INFO  server.RaftServerConfigKeys (ConfUtils.java:logGet(44)) - raft.server.log.force.sync.num = 128 (default)
2021-08-16 02:10:05,884 [pool-359-thread-1] INFO  server.RaftServerConfigKeys (ConfUtils.java:logGet(44)) - raft.server.log.statemachine.data.sync = true (default)
2021-08-16 02:10:05,890 [pool-359-thread-1] INFO  server.RaftServerConfigKeys (ConfUtils.java:logGet(44)) - raft.server.log.statemachine.data.sync.timeout = 10s (default)
2021-08-16 02:10:05,890 [pool-359-thread-1] INFO  server.RaftServerConfigKeys (ConfUtils.java:logGet(44)) - raft.server.log.statemachine.data.sync.timeout.retry = -1 (default)
2021-08-16 02:10:05,891 [pool-359-thread-1] INFO  server.RaftServerConfigKeys (ConfUtils.java:logGet(44)) - raft.server.log.write.buffer.size = 1048576 (custom)
2021-08-16 02:10:05,893 [pool-359-thread-1] INFO  server.RaftServerConfigKeys (ConfUtils.java:logGet(44)) - raft.server.log.statemachine.data.caching.enabled = true (custom)
2021-08-16 02:10:05,893 [pool-359-thread-1] INFO  segmented.SegmentedRaftLogWorker (SegmentedRaftLogWorker.java:lambda$new$0(133)) - bd4316f7-8522-4e92-952a-a3dfbeefbfef@group-4822C5E17213-SegmentedRaftLogWorker: flushIndex: setUnconditionally 0 -> -1
2021-08-16 02:10:05,893 [pool-359-thread-1] INFO  segmented.SegmentedRaftLogWorker (SegmentedRaftLogWorker.java:lambda$new$0(133)) - bd4316f7-8522-4e92-952a-a3dfbeefbfef@group-4822C5E17213-SegmentedRaftLogWorker: safeCacheEvictIndex: setUnconditionally 0 -> -1
2021-08-16 02:10:05,897 [pool-359-thread-1] INFO  server.RaftServerConfigKeys (ConfUtils.java:logGet(44)) - raft.server.snapshot.auto.trigger.enabled = true (custom)
2021-08-16 02:10:05,898 [pool-359-thread-1] INFO  server.RaftServerConfigKeys (ConfUtils.java:logGet(44)) - raft.server.snapshot.auto.trigger.threshold = 10000 (custom)
2021-08-16 02:10:05,898 [pool-359-thread-1] INFO  server.RaftServerConfigKeys (ConfUtils.java:logGet(44)) - raft.server.snapshot.retention.file.num = 5 (custom)
2021-08-16 02:10:05,898 [pool-359-thread-1] INFO  server.RaftServerConfigKeys (ConfUtils.java:logGet(44)) - raft.server.log.purge.upto.snapshot.index = false (default)
2021-08-16 02:10:05,898 [pool-359-thread-1] INFO  server.RaftServerConfigKeys (ConfUtils.java:logGet(44)) - raft.server.retrycache.expirytime = 600000ms (custom)
2021-08-16 02:10:05,898 [pool-359-thread-1] INFO  server.RaftServerConfigKeys (ConfUtils.java:logGet(44)) - raft.server.retrycache.statistics.expirytime = 100μs (default)
2021-08-16 02:10:05,899 [pool-359-thread-1] INFO  server.RaftServer$Division (RaftServerImpl.java:start(296)) - bd4316f7-8522-4e92-952a-a3dfbeefbfef@group-4822C5E17213: start as a follower, conf=-1: [bd4316f7-8522-4e92-952a-a3dfbeefbfef|rpc:10.1.0.7:40431|dataStream:|priority:1, 4c5d3f80-455e-48af-b42d-db12d94a5acc|rpc:10.1.0.7:38341|dataStream:|priority:0, e9132cce-c60f-4b85-98ff-6a1f5b0024c6|rpc:10.1.0.7:45089|dataStream:|priority:0], old=null
2021-08-16 02:10:05,899 [pool-359-thread-1] INFO  server.RaftServer$Division (RaftServerImpl.java:setRole(285)) - bd4316f7-8522-4e92-952a-a3dfbeefbfef@group-4822C5E17213: changes role from      null to FOLLOWER at term 0 for startAsFollower
2021-08-16 02:10:05,899 [pool-359-thread-1] INFO  impl.RoleInfo (RoleInfo.java:updateAndGet(130)) - bd4316f7-8522-4e92-952a-a3dfbeefbfef: start bd4316f7-8522-4e92-952a-a3dfbeefbfef@group-4822C5E17213-FollowerState
2021-08-16 02:10:05,906 [pool-359-thread-1] INFO  util.JmxRegister (JmxRegister.java:tryRegister(44)) - Successfully registered JMX Bean with object name Ratis:service=RaftServer,group=group-4822C5E17213,id=bd4316f7-8522-4e92-952a-a3dfbeefbfef
2021-08-16 02:10:05,911 [SCMBlockDeletingService#0] DEBUG block.SCMBlockDeletingService (SCMBlockDeletingService.java:call(133)) - Running DeletedBlockTransactionScanner
2021-08-16 02:10:05,952 [grpc-default-executor-4] INFO  server.RaftServer (RaftServerProxy.java:addNew(95)) - e9132cce-c60f-4b85-98ff-6a1f5b0024c6: addNew group-4822C5E17213:[bd4316f7-8522-4e92-952a-a3dfbeefbfef|rpc:10.1.0.7:40431|dataStream:|priority:1, 4c5d3f80-455e-48af-b42d-db12d94a5acc|rpc:10.1.0.7:38341|dataStream:|priority:0, e9132cce-c60f-4b85-98ff-6a1f5b0024c6|rpc:10.1.0.7:45089|dataStream:|priority:0] returns group-4822C5E17213:java.util.concurrent.CompletableFuture@1eb943c[Not completed]
2021-08-16 02:10:05,954 [pool-320-thread-1] INFO  server.RaftServer$Division (RaftServerImpl.java:<init>(181)) - e9132cce-c60f-4b85-98ff-6a1f5b0024c6: new RaftServerImpl for group-4822C5E17213:[bd4316f7-8522-4e92-952a-a3dfbeefbfef|rpc:10.1.0.7:40431|dataStream:|priority:1, 4c5d3f80-455e-48af-b42d-db12d94a5acc|rpc:10.1.0.7:38341|dataStream:|priority:0, e9132cce-c60f-4b85-98ff-6a1f5b0024c6|rpc:10.1.0.7:45089|dataStream:|priority:0] with ContainerStateMachine:uninitialized
2021-08-16 02:10:05,954 [pool-320-thread-1] INFO  server.RaftServerConfigKeys (ConfUtils.java:logGet(44)) - raft.server.rpc.timeout.min = 5s (custom)
2021-08-16 02:10:05,954 [pool-320-thread-1] INFO  server.RaftServerConfigKeys (ConfUtils.java:logGet(44)) - raft.server.rpc.timeout.max = 5200ms (custom)
2021-08-16 02:10:05,955 [pool-320-thread-1] INFO  server.RaftServerConfigKeys (ConfUtils.java:logGet(44)) - raft.server.rpc.sleep.time = 25ms (default)
2021-08-16 02:10:05,955 [pool-320-thread-1] INFO  server.RaftServerConfigKeys (ConfUtils.java:logGet(44)) - raft.server.rpc.slowness.timeout = 300s (custom)
2021-08-16 02:10:05,955 [pool-320-thread-1] INFO  server.RaftServerConfigKeys (ConfUtils.java:logGet(44)) - raft.server.leaderelection.leader.step-down.wait-time = 10s (default)
2021-08-16 02:10:05,955 [pool-320-thread-1] INFO  server.RaftServerConfigKeys (ConfUtils.java:logGet(44)) - raft.server.sleep.deviation.threshold = 300ms (default)
2021-08-16 02:10:05,955 [pool-320-thread-1] INFO  server.RaftServerConfigKeys (ConfUtils.java:logGet(44)) - raft.server.log.appender.install.snapshot.enabled = false (custom)
2021-08-16 02:10:05,955 [pool-320-thread-1] INFO  server.RaftServer$Division (ServerState.java:<init>(105)) - e9132cce-c60f-4b85-98ff-6a1f5b0024c6@group-4822C5E17213: ConfigurationManager, init=-1: [bd4316f7-8522-4e92-952a-a3dfbeefbfef|rpc:10.1.0.7:40431|dataStream:|priority:1, 4c5d3f80-455e-48af-b42d-db12d94a5acc|rpc:10.1.0.7:38341|dataStream:|priority:0, e9132cce-c60f-4b85-98ff-6a1f5b0024c6|rpc:10.1.0.7:45089|dataStream:|priority:0], old=null, confs=<EMPTY_MAP>
2021-08-16 02:10:05,955 [pool-320-thread-1] INFO  server.RaftServerConfigKeys (ConfUtils.java:logGet(44)) - raft.server.storage.dir = [/home/runner/work/ozone/ozone/hadoop-ozone/integration-test/target/test-dir/MiniOzoneClusterImpl-6c1f9dad-945a-4399-911a-83f70586d44a/datanode-2/data/ratis] (custom)
2021-08-16 02:10:05,955 [pool-320-thread-1] INFO  server.RaftServerConfigKeys (ConfUtils.java:logGet(44)) - raft.server.log.corruption.policy = EXCEPTION (default)
2021-08-16 02:10:05,955 [pool-320-thread-1] INFO  server.RaftServerConfigKeys (ConfUtils.java:logGet(44)) - raft.server.storage.free-space.min = 0MB (=0) (default)
2021-08-16 02:10:05,955 [pool-320-thread-1] INFO  storage.RaftStorageDirectory (RaftStorageDirectoryImpl.java:analyzeStorage(135)) - The storage directory /home/runner/work/ozone/ozone/hadoop-ozone/integration-test/target/test-dir/MiniOzoneClusterImpl-6c1f9dad-945a-4399-911a-83f70586d44a/datanode-2/data/ratis/8794b8df-fbbd-4d47-9327-4822c5e17213 does not exist. Creating ...
2021-08-16 02:10:05,957 [pool-320-thread-1] INFO  storage.RaftStorageDirectory (RaftStorageDirectoryImpl.java:tryLock(230)) - Lock on /home/runner/work/ozone/ozone/hadoop-ozone/integration-test/target/test-dir/MiniOzoneClusterImpl-6c1f9dad-945a-4399-911a-83f70586d44a/datanode-2/data/ratis/8794b8df-fbbd-4d47-9327-4822c5e17213/in_use.lock acquired by nodename 29838@fv-az148-41
2021-08-16 02:10:05,958 [pool-320-thread-1] INFO  storage.RaftStorage (RaftStorageImpl.java:format(89)) - Storage directory /home/runner/work/ozone/ozone/hadoop-ozone/integration-test/target/test-dir/MiniOzoneClusterImpl-6c1f9dad-945a-4399-911a-83f70586d44a/datanode-2/data/ratis/8794b8df-fbbd-4d47-9327-4822c5e17213 has been successfully formatted.
2021-08-16 02:10:05,959 [pool-320-thread-1] INFO  ratis.ContainerStateMachine (ContainerStateMachine.java:loadSnapshot(225)) - group-4822C5E17213: The snapshot info is null. Setting the last applied indexto:(t:0, i:~)
2021-08-16 02:10:05,959 [EventQueue-PipelineReportForPipelineReportHandler] INFO  pipeline.PipelineReportHandler (PipelineReportHandler.java:processPipelineReport(113)) - Reported pipeline PipelineID=8df6d1c3-eab4-46c1-a084-f9dbe6e145ed is not found
2021-08-16 02:10:05,959 [pool-320-thread-1] INFO  server.RaftServerConfigKeys (ConfUtils.java:logGet(44)) - raft.server.notification.no-leader.timeout = 300s (custom)
2021-08-16 02:10:05,961 [pool-320-thread-1] INFO  server.RaftServerConfigKeys (ConfUtils.java:logGet(44)) - raft.server.log.use.memory = false (default)
2021-08-16 02:10:05,961 [pool-320-thread-1] INFO  server.RaftServerConfigKeys (ConfUtils.java:logGet(44)) - raft.server.log.purge.gap = 1000000 (custom)
2021-08-16 02:10:05,962 [pool-320-thread-1] INFO  server.RaftServerConfigKeys (ConfUtils.java:logGet(44)) - raft.server.log.appender.buffer.byte-limit = 33554432 (custom)
2021-08-16 02:10:05,962 [pool-320-thread-1] INFO  server.RaftServerConfigKeys (ConfUtils.java:logGet(44)) - raft.server.log.segment.size.max = 1048576 (custom)
2021-08-16 02:10:05,963 [pool-320-thread-1] INFO  server.RaftServerConfigKeys (ConfUtils.java:logGet(44)) - raft.server.log.segment.cache.num.max = 2 (custom)
2021-08-16 02:10:05,963 [pool-320-thread-1] INFO  server.RaftServerConfigKeys (ConfUtils.java:logGet(44)) - raft.server.log.segment.cache.size.max = 200MB (=209715200) (default)
2021-08-16 02:10:05,963 [pool-320-thread-1] INFO  segmented.SegmentedRaftLogWorker (SegmentedRaftLogWorker.java:<init>(182)) - new e9132cce-c60f-4b85-98ff-6a1f5b0024c6@group-4822C5E17213-SegmentedRaftLogWorker for RaftStorageImpl:Storage Directory /home/runner/work/ozone/ozone/hadoop-ozone/integration-test/target/test-dir/MiniOzoneClusterImpl-6c1f9dad-945a-4399-911a-83f70586d44a/datanode-2/data/ratis/8794b8df-fbbd-4d47-9327-4822c5e17213
2021-08-16 02:10:05,963 [pool-320-thread-1] INFO  server.RaftServerConfigKeys (ConfUtils.java:logGet(44)) - raft.server.log.queue.byte-limit = 2147483647 (custom)
2021-08-16 02:10:05,963 [pool-320-thread-1] INFO  server.RaftServerConfigKeys (ConfUtils.java:logGet(44)) - raft.server.log.queue.element-limit = 1024 (custom)
2021-08-16 02:10:05,963 [pool-320-thread-1] INFO  server.RaftServerConfigKeys (ConfUtils.java:logGet(44)) - raft.server.log.segment.size.max = 1048576 (custom)
2021-08-16 02:10:05,963 [pool-320-thread-1] INFO  server.RaftServerConfigKeys (ConfUtils.java:logGet(44)) - raft.server.log.preallocated.size = 16384 (custom)
2021-08-16 02:10:05,963 [pool-320-thread-1] INFO  server.RaftServerConfigKeys (ConfUtils.java:logGet(44)) - raft.server.log.force.sync.num = 128 (default)
2021-08-16 02:10:05,964 [pool-320-thread-1] INFO  server.RaftServerConfigKeys (ConfUtils.java:logGet(44)) - raft.server.log.statemachine.data.sync = true (default)
2021-08-16 02:10:05,964 [pool-320-thread-1] INFO  server.RaftServerConfigKeys (ConfUtils.java:logGet(44)) - raft.server.log.statemachine.data.sync.timeout = 10s (default)
2021-08-16 02:10:05,964 [pool-320-thread-1] INFO  server.RaftServerConfigKeys (ConfUtils.java:logGet(44)) - raft.server.log.statemachine.data.sync.timeout.retry = -1 (default)
2021-08-16 02:10:05,965 [pool-320-thread-1] INFO  server.RaftServerConfigKeys (ConfUtils.java:logGet(44)) - raft.server.log.write.buffer.size = 1048576 (custom)
2021-08-16 02:10:05,966 [pool-320-thread-1] INFO  server.RaftServerConfigKeys (ConfUtils.java:logGet(44)) - raft.server.log.statemachine.data.caching.enabled = true (custom)
2021-08-16 02:10:05,970 [pool-320-thread-1] INFO  segmented.SegmentedRaftLogWorker (SegmentedRaftLogWorker.java:lambda$new$0(133)) - e9132cce-c60f-4b85-98ff-6a1f5b0024c6@group-4822C5E17213-SegmentedRaftLogWorker: flushIndex: setUnconditionally 0 -> -1
2021-08-16 02:10:05,975 [pool-320-thread-1] INFO  segmented.SegmentedRaftLogWorker (SegmentedRaftLogWorker.java:lambda$new$0(133)) - e9132cce-c60f-4b85-98ff-6a1f5b0024c6@group-4822C5E17213-SegmentedRaftLogWorker: safeCacheEvictIndex: setUnconditionally 0 -> -1
2021-08-16 02:10:05,980 [pool-320-thread-1] INFO  server.RaftServerConfigKeys (ConfUtils.java:logGet(44)) - raft.server.snapshot.auto.trigger.enabled = true (custom)
2021-08-16 02:10:05,980 [pool-320-thread-1] INFO  server.RaftServerConfigKeys (ConfUtils.java:logGet(44)) - raft.server.snapshot.auto.trigger.threshold = 10000 (custom)
2021-08-16 02:10:05,980 [pool-320-thread-1] INFO  server.RaftServerConfigKeys (ConfUtils.java:logGet(44)) - raft.server.snapshot.retention.file.num = 5 (custom)
2021-08-16 02:10:05,980 [pool-320-thread-1] INFO  server.RaftServerConfigKeys (ConfUtils.java:logGet(44)) - raft.server.log.purge.upto.snapshot.index = false (default)
2021-08-16 02:10:05,980 [pool-320-thread-1] INFO  server.RaftServerConfigKeys (ConfUtils.java:logGet(44)) - raft.server.retrycache.expirytime = 600000ms (custom)
2021-08-16 02:10:05,980 [pool-320-thread-1] INFO  server.RaftServerConfigKeys (ConfUtils.java:logGet(44)) - raft.server.retrycache.statistics.expirytime = 100μs (default)
2021-08-16 02:10:05,981 [pool-320-thread-1] INFO  server.RaftServer$Division (RaftServerImpl.java:start(296)) - e9132cce-c60f-4b85-98ff-6a1f5b0024c6@group-4822C5E17213: start as a follower, conf=-1: [bd4316f7-8522-4e92-952a-a3dfbeefbfef|rpc:10.1.0.7:40431|dataStream:|priority:1, 4c5d3f80-455e-48af-b42d-db12d94a5acc|rpc:10.1.0.7:38341|dataStream:|priority:0, e9132cce-c60f-4b85-98ff-6a1f5b0024c6|rpc:10.1.0.7:45089|dataStream:|priority:0], old=null
2021-08-16 02:10:05,981 [pool-320-thread-1] INFO  server.RaftServer$Division (RaftServerImpl.java:setRole(285)) - e9132cce-c60f-4b85-98ff-6a1f5b0024c6@group-4822C5E17213: changes role from      null to FOLLOWER at term 0 for startAsFollower
2021-08-16 02:10:05,981 [pool-320-thread-1] INFO  impl.RoleInfo (RoleInfo.java:updateAndGet(130)) - e9132cce-c60f-4b85-98ff-6a1f5b0024c6: start e9132cce-c60f-4b85-98ff-6a1f5b0024c6@group-4822C5E17213-FollowerState
2021-08-16 02:10:05,988 [pool-320-thread-1] INFO  util.JmxRegister (JmxRegister.java:tryRegister(44)) - Successfully registered JMX Bean with object name Ratis:service=RaftServer,group=group-4822C5E17213,id=e9132cce-c60f-4b85-98ff-6a1f5b0024c6
2021-08-16 02:10:06,011 [SCMBlockDeletingService#0] DEBUG block.SCMBlockDeletingService (SCMBlockDeletingService.java:call(133)) - Running DeletedBlockTransactionScanner
2021-08-16 02:10:06,033 [Command processor thread] INFO  commandhandler.CreatePipelineCommandHandler (CreatePipelineCommandHandler.java:handle(106)) - Created Pipeline RATIS THREE PipelineID=8794b8df-fbbd-4d47-9327-4822c5e17213.
2021-08-16 02:10:06,111 [SCMBlockDeletingService#0] DEBUG block.SCMBlockDeletingService (SCMBlockDeletingService.java:call(133)) - Running DeletedBlockTransactionScanner
2021-08-16 02:10:06,211 [SCMBlockDeletingService#0] DEBUG block.SCMBlockDeletingService (SCMBlockDeletingService.java:call(133)) - Running DeletedBlockTransactionScanner
2021-08-16 02:10:06,284 [Listener at 127.0.0.1/42687] INFO  ozone.MiniOzoneClusterImpl (MiniOzoneClusterImpl.java:lambda$waitForClusterToBeReady$0(235)) - Nodes are ready. Got 3 of 3 DN Heartbeats.
2021-08-16 02:10:06,284 [Listener at 127.0.0.1/42687] INFO  ozone.MiniOzoneClusterImpl (MiniOzoneClusterImpl.java:lambda$waitForClusterToBeReady$0(238)) - Cluster exits safe mode
2021-08-16 02:10:06,284 [Listener at 127.0.0.1/42687] INFO  ozone.MiniOzoneClusterImpl (MiniOzoneClusterImpl.java:lambda$waitForClusterToBeReady$0(240)) - SCM became leader
2021-08-16 02:10:06,311 [SCMBlockDeletingService#0] DEBUG block.SCMBlockDeletingService (SCMBlockDeletingService.java:call(133)) - Running DeletedBlockTransactionScanner
2021-08-16 02:10:06,380 [Command processor thread] INFO  server.RaftServer (RaftServerProxy.java:remove(106)) - bd4316f7-8522-4e92-952a-a3dfbeefbfef: remove  FOLLOWER bd4316f7-8522-4e92-952a-a3dfbeefbfef@group-F9DBE6E145ED:t6, leader=e9132cce-c60f-4b85-98ff-6a1f5b0024c6, voted=e9132cce-c60f-4b85-98ff-6a1f5b0024c6, raftlog=bd4316f7-8522-4e92-952a-a3dfbeefbfef@group-F9DBE6E145ED-SegmentedRaftLog:OPENED:c14,f14,i14, conf=0: [bd4316f7-8522-4e92-952a-a3dfbeefbfef|rpc:10.1.0.7:40431|dataStream:|priority:0, 4c5d3f80-455e-48af-b42d-db12d94a5acc|rpc:10.1.0.7:38341|dataStream:|priority:0, e9132cce-c60f-4b85-98ff-6a1f5b0024c6|rpc:10.1.0.7:45089|dataStream:|priority:1], old=null RUNNING
2021-08-16 02:10:06,380 [Command processor thread] INFO  server.RaftServer$Division (RaftServerImpl.java:lambda$close$4(407)) - bd4316f7-8522-4e92-952a-a3dfbeefbfef@group-F9DBE6E145ED: shutdown
2021-08-16 02:10:06,380 [Command processor thread] INFO  util.JmxRegister (JmxRegister.java:unregister(73)) - Successfully un-registered JMX Bean with object name Ratis:service=RaftServer,group=group-F9DBE6E145ED,id=bd4316f7-8522-4e92-952a-a3dfbeefbfef
2021-08-16 02:10:06,380 [Command processor thread] INFO  impl.RoleInfo (RoleInfo.java:shutdownFollowerState(108)) - bd4316f7-8522-4e92-952a-a3dfbeefbfef: shutdown bd4316f7-8522-4e92-952a-a3dfbeefbfef@group-F9DBE6E145ED-FollowerState
2021-08-16 02:10:06,380 [Command processor thread] INFO  impl.StateMachineUpdater (StateMachineUpdater.java:stopAndJoin(149)) - bd4316f7-8522-4e92-952a-a3dfbeefbfef@group-F9DBE6E145ED-StateMachineUpdater: set stopIndex = 14
2021-08-16 02:10:06,380 [Command processor thread] INFO  server.RaftServer$Division (ServerState.java:close(419)) - bd4316f7-8522-4e92-952a-a3dfbeefbfef@group-F9DBE6E145ED: closes. applyIndex: 14
2021-08-16 02:10:06,381 [bd4316f7-8522-4e92-952a-a3dfbeefbfef@group-F9DBE6E145ED-SegmentedRaftLogWorker] INFO  segmented.SegmentedRaftLogWorker (SegmentedRaftLogWorker.java:run(327)) - bd4316f7-8522-4e92-952a-a3dfbeefbfef@group-F9DBE6E145ED-SegmentedRaftLogWorker was interrupted, exiting. There are 0 tasks remaining in the queue.
2021-08-16 02:10:06,382 [Command processor thread] INFO  segmented.SegmentedRaftLogWorker (SegmentedRaftLogWorker.java:close(237)) - bd4316f7-8522-4e92-952a-a3dfbeefbfef@group-F9DBE6E145ED-SegmentedRaftLogWorker close()
2021-08-16 02:10:06,384 [bd4316f7-8522-4e92-952a-a3dfbeefbfef@group-F9DBE6E145ED-FollowerState] INFO  impl.FollowerState (FollowerState.java:run(143)) - bd4316f7-8522-4e92-952a-a3dfbeefbfef@group-F9DBE6E145ED-FollowerState was interrupted: {}
java.lang.InterruptedException: sleep interrupted
	at java.lang.Thread.sleep(Native Method)
	at java.lang.Thread.sleep(Thread.java:340)
	at java.util.concurrent.TimeUnit.sleep(TimeUnit.java:386)
	at org.apache.ratis.util.TimeDuration.sleep(TimeDuration.java:324)
	at org.apache.ratis.util.TimeDuration.sleep(TimeDuration.java:309)
	at org.apache.ratis.server.impl.FollowerState.run(FollowerState.java:118)
2021-08-16 02:10:06,384 [Command processor thread] ERROR commandhandler.ClosePipelineCommandHandler (ClosePipelineCommandHandler.java:handle(78)) - Can't close pipeline PipelineID=8df6d1c3-eab4-46c1-a084-f9dbe6e145ed
java.io.IOException: java.lang.NullPointerException
	at org.apache.hadoop.ozone.container.common.transport.server.ratis.XceiverServerRatis.removeGroup(XceiverServerRatis.java:781)
	at org.apache.hadoop.ozone.container.common.statemachine.commandhandler.ClosePipelineCommandHandler.handle(ClosePipelineCommandHandler.java:74)
	at org.apache.hadoop.ozone.container.common.statemachine.commandhandler.CommandDispatcher.handle(CommandDispatcher.java:99)
	at org.apache.hadoop.ozone.container.common.statemachine.DatanodeStateMachine.lambda$initCommandHandlerThread$2(DatanodeStateMachine.java:556)
	at java.lang.Thread.run(Thread.java:748)
Caused by: java.io.IOException: java.lang.NullPointerException
	at org.apache.ratis.util.IOUtils.asIOException(IOUtils.java:56)
	at org.apache.ratis.server.impl.RaftServerImpl.waitForReply(RaftServerImpl.java:898)
	at org.apache.ratis.server.impl.RaftServerProxy.groupManagement(RaftServerProxy.java:440)
	at org.apache.hadoop.ozone.container.common.transport.server.ratis.XceiverServerRatis.removeGroup(XceiverServerRatis.java:779)
	... 4 more
Caused by: java.lang.NullPointerException
	at org.apache.hadoop.ozone.container.ozoneimpl.ContainerController.markContainerForClose(ContainerController.java:83)
	at org.apache.hadoop.ozone.container.common.transport.server.ratis.ContainerStateMachine.notifyGroupRemove(ContainerStateMachine.java:903)
	at org.apache.ratis.server.impl.RaftServerImpl.groupRemove(RaftServerImpl.java:372)
	at org.apache.ratis.server.impl.RaftServerProxy.lambda$groupRemoveAsync$14(RaftServerProxy.java:507)
	at java.util.concurrent.CompletableFuture.uniApply(CompletableFuture.java:616)
	at java.util.concurrent.CompletableFuture.uniApplyStage(CompletableFuture.java:628)
	at java.util.concurrent.CompletableFuture.thenApply(CompletableFuture.java:1996)
	at org.apache.ratis.server.impl.RaftServerProxy.groupRemoveAsync(RaftServerProxy.java:506)
	at org.apache.ratis.server.impl.RaftServerProxy.groupManagementAsync(RaftServerProxy.java:460)
	... 6 more
2021-08-16 02:10:06,385 [Command processor thread] WARN  server.RaftServer (RaftServerProxy.java:remove(101)) - bd4316f7-8522-4e92-952a-a3dfbeefbfef: does not contain group: group-F9DBE6E145ED
2021-08-16 02:10:06,385 [Command processor thread] ERROR commandhandler.ClosePipelineCommandHandler (ClosePipelineCommandHandler.java:handle(78)) - Can't close pipeline PipelineID=8df6d1c3-eab4-46c1-a084-f9dbe6e145ed
java.io.IOException: bd4316f7-8522-4e92-952a-a3dfbeefbfef: Group group-F9DBE6E145ED not found.
	at org.apache.hadoop.ozone.container.common.transport.server.ratis.XceiverServerRatis.removeGroup(XceiverServerRatis.java:781)
	at org.apache.hadoop.ozone.container.common.statemachine.commandhandler.ClosePipelineCommandHandler.handle(ClosePipelineCommandHandler.java:74)
	at org.apache.hadoop.ozone.container.common.statemachine.commandhandler.CommandDispatcher.handle(CommandDispatcher.java:99)
	at org.apache.hadoop.ozone.container.common.statemachine.DatanodeStateMachine.lambda$initCommandHandlerThread$2(DatanodeStateMachine.java:556)
	at java.lang.Thread.run(Thread.java:748)
Caused by: org.apache.ratis.protocol.exceptions.GroupMismatchException: bd4316f7-8522-4e92-952a-a3dfbeefbfef: Group group-F9DBE6E145ED not found.
	at org.apache.ratis.server.impl.RaftServerProxy.groupRemoveAsync(RaftServerProxy.java:504)
	at org.apache.ratis.server.impl.RaftServerProxy.groupManagementAsync(RaftServerProxy.java:460)
	at org.apache.ratis.server.impl.RaftServerProxy.groupManagement(RaftServerProxy.java:440)
	at org.apache.hadoop.ozone.container.common.transport.server.ratis.XceiverServerRatis.removeGroup(XceiverServerRatis.java:779)
	... 4 more
2021-08-16 02:10:06,384 [Listener at 127.0.0.1/42687] INFO  container.ReplicationManager (ReplicationManager.java:sendDeleteCommand(1478)) - Sending delete container command for container #1 to datanode bd4316f7-8522-4e92-952a-a3dfbeefbfef{ip: 10.1.0.7, host: fv-az148-41.bm4ck3pvxvsene1rjriu5fhcdb.bx.internal.cloudapp.net, ports: [REPLICATION=42659, RATIS=40431, RATIS_ADMIN=40431, RATIS_SERVER=40431, STANDALONE=33881], networkLocation: /default-rack, certSerialId: null, persistedOpState: IN_SERVICE, persistedOpStateExpiryEpochSec: 0}
2021-08-16 02:10:06,386 [Listener at 127.0.0.1/42687] DEBUG container.ReplicationManager (ReplicationManager.java:handleContainerUnderDelete(979)) - Resend delete Container command for ContainerInfo{id=1, state=DELETING, pipelineID=PipelineID=8df6d1c3-eab4-46c1-a084-f9dbe6e145ed, stateEnterTime=2021-08-16T02:09:37.604Z, owner=om1}
2021-08-16 02:10:06,386 [Listener at 127.0.0.1/42687] INFO  container.ReplicationManager (ReplicationManager.java:processAll(341)) - Replication Monitor Thread took 2 milliseconds for processing 1 containers.
2021-08-16 02:10:06,387 [Listener at 127.0.0.1/42687] INFO  ozone.MiniOzoneClusterImpl (MiniOzoneClusterImpl.java:shutdown(453)) - Shutting down the Mini Ozone Cluster
2021-08-16 02:10:06,387 [Listener at 127.0.0.1/42687] INFO  ozone.MiniOzoneClusterImpl (MiniOzoneClusterImpl.java:stop(468)) - Stopping the Mini Ozone Cluster
2021-08-16 02:10:06,387 [Listener at 127.0.0.1/42687] INFO  ozone.MiniOzoneClusterImpl (MiniOzoneClusterImpl.java:stopOM(550)) - Stopping the OzoneManager
2021-08-16 02:10:06,387 [Listener at 127.0.0.1/42687] INFO  om.OzoneManager (OzoneManager.java:stop(1632)) - Stopping Ozone Manager
2021-08-16 02:10:06,387 [Listener at 127.0.0.1/42687] INFO  ipc.Server (Server.java:stop(3414)) - Stopping server on 42687
2021-08-16 02:10:06,387 [Datanode State Machine Thread - 0] WARN  statemachine.StateContext (StateContext.java:execute(621)) - No available thread in pool for past 0 seconds.
2021-08-16 02:10:06,400 [IPC Server listener on 0] INFO  ipc.Server (Server.java:run(1376)) - Stopping IPC Server listener on 0
2021-08-16 02:10:06,401 [IPC Server Responder] INFO  ipc.Server (Server.java:run(1512)) - Stopping IPC Server Responder
2021-08-16 02:10:06,401 [Listener at 127.0.0.1/42687] INFO  server.RaftServer (RaftServerProxy.java:lambda$close$6(391)) - om1: close
2021-08-16 02:10:06,401 [Listener at 127.0.0.1/42687] INFO  server.RaftServer$Division (RaftServerImpl.java:lambda$close$4(407)) - om1@group-C5BA1605619E: shutdown
2021-08-16 02:10:06,401 [Listener at 127.0.0.1/42687] INFO  util.JmxRegister (JmxRegister.java:unregister(73)) - Successfully un-registered JMX Bean with object name Ratis:service=RaftServer,group=group-C5BA1605619E,id=om1
2021-08-16 02:10:06,401 [Listener at 127.0.0.1/42687] INFO  impl.RoleInfo (RoleInfo.java:shutdownLeaderState(91)) - om1: shutdown om1@group-C5BA1605619E-LeaderStateImpl
2021-08-16 02:10:06,401 [Listener at 127.0.0.1/42687] INFO  impl.PendingRequests (PendingRequests.java:sendNotLeaderResponses(282)) - om1@group-C5BA1605619E-PendingRequests: sendNotLeaderResponses
2021-08-16 02:10:06,403 [Listener at 127.0.0.1/42687] INFO  impl.StateMachineUpdater (StateMachineUpdater.java:stopAndJoin(149)) - om1@group-C5BA1605619E-StateMachineUpdater: set stopIndex = 10
2021-08-16 02:10:06,404 [om1@group-C5BA1605619E-StateMachineUpdater] INFO  ratis.OzoneManagerStateMachine (OzoneManagerStateMachine.java:takeSnapshot(417)) - Current Snapshot Index (t:1, i:10)
2021-08-16 02:10:06,404 [om1@group-C5BA1605619E-StateMachineUpdater] INFO  impl.StateMachineUpdater (StateMachineUpdater.java:takeSnapshot(281)) - om1@group-C5BA1605619E-StateMachineUpdater: Took a snapshot at index 10
2021-08-16 02:10:06,404 [om1@group-C5BA1605619E-StateMachineUpdater] INFO  impl.StateMachineUpdater (StateMachineUpdater.java:lambda$new$0(89)) - om1@group-C5BA1605619E-StateMachineUpdater: snapshotIndex: updateIncreasingly -1 -> 10
2021-08-16 02:10:06,404 [om1@group-C5BA1605619E-StateMachineUpdater] INFO  ratis.OzoneManagerStateMachine (OzoneManagerStateMachine.java:close(471)) - StateMachine has shutdown. Shutdown OzoneManager if not already shutdown.
2021-08-16 02:10:06,406 [Listener at 127.0.0.1/42687] INFO  server.RaftServer$Division (ServerState.java:close(419)) - om1@group-C5BA1605619E: closes. applyIndex: 10
2021-08-16 02:10:06,406 [om1@group-C5BA1605619E-SegmentedRaftLogWorker] INFO  segmented.SegmentedRaftLogWorker (SegmentedRaftLogWorker.java:run(327)) - om1@group-C5BA1605619E-SegmentedRaftLogWorker was interrupted, exiting. There are 0 tasks remaining in the queue.
2021-08-16 02:10:06,408 [Listener at 127.0.0.1/42687] INFO  segmented.SegmentedRaftLogWorker (SegmentedRaftLogWorker.java:close(237)) - om1@group-C5BA1605619E-SegmentedRaftLogWorker close()
2021-08-16 02:10:06,410 [Listener at 127.0.0.1/42687] INFO  server.GrpcService (GrpcService.java:closeImpl(262)) - om1: shutdown server with port 9872 now
2021-08-16 02:10:06,410 [Listener at 127.0.0.1/42687] INFO  server.GrpcService (GrpcService.java:closeImpl(271)) - om1: shutdown server with port 9872 successfully
2021-08-16 02:10:06,410 [org.apache.ratis.util.JvmPauseMonitor$$Lambda$531/740858526@9bf1e99] INFO  util.JvmPauseMonitor (JvmPauseMonitor.java:run(109)) - JvmPauseMonitor-om1: Stopped
2021-08-16 02:10:06,411 [Listener at 127.0.0.1/42687] INFO  ratis.OzoneManagerDoubleBuffer (OzoneManagerDoubleBuffer.java:stop(437)) - Stopping OMDoubleBuffer flush thread
2021-08-16 02:10:06,411 [OMDoubleBufferFlushThread] INFO  ratis.OzoneManagerDoubleBuffer (OzoneManagerDoubleBuffer.java:flushTransactions(356)) - OMDoubleBuffer flush thread OMDoubleBufferFlushThread is interrupted and will exit. OMDoubleBufferFlushThread
2021-08-16 02:10:06,412 [Listener at 127.0.0.1/42687] INFO  utils.BackgroundService (BackgroundService.java:shutdown(132)) - Shutting down service KeyDeletingService
2021-08-16 02:10:06,413 [Listener at 127.0.0.1/42687] INFO  handler.ContextHandler (ContextHandler.java:doStop(1153)) - Stopped o.e.j.w.WebAppContext@6cb48bf4{ozoneManager,/,null,STOPPED}{file:/home/runner/work/ozone/ozone/hadoop-ozone/integration-test/target/test-classes/webapps/ozoneManager}
2021-08-16 02:10:06,414 [Listener at 127.0.0.1/42687] INFO  server.AbstractConnector (AbstractConnector.java:doStop(381)) - Stopped ServerConnector@2ab76ada{HTTP/1.1, (http/1.1)}{0.0.0.0:0}
2021-08-16 02:10:06,416 [SCMBlockDeletingService#0] DEBUG block.SCMBlockDeletingService (SCMBlockDeletingService.java:call(133)) - Running DeletedBlockTransactionScanner
2021-08-16 02:10:06,416 [Listener at 127.0.0.1/42687] INFO  server.session (HouseKeeper.java:stopScavenging(149)) - node0 Stopped scavenging
2021-08-16 02:10:06,417 [Listener at 127.0.0.1/42687] INFO  handler.ContextHandler (ContextHandler.java:doStop(1153)) - Stopped o.e.j.s.ServletContextHandler@6a737ee1{static,/static,file:///home/runner/work/ozone/ozone/hadoop-ozone/integration-test/target/test-classes/webapps/static,STOPPED}
2021-08-16 02:10:06,417 [Listener at 127.0.0.1/42687] INFO  handler.ContextHandler (ContextHandler.java:doStop(1153)) - Stopped o.e.j.s.ServletContextHandler@4f4ba1ea{logs,/logs,file:///home/runner/work/ozone/ozone/hadoop-ozone/integration-test/target/log,STOPPED}
2021-08-16 02:10:06,421 [Listener at 127.0.0.1/42687] INFO  ozone.MiniOzoneClusterImpl (MiniOzoneClusterImpl.java:stopDatanodes(527)) - Stopping the HddsDatanodes
2021-08-16 02:10:06,490 [Command processor thread] INFO  server.RaftServer (RaftServerProxy.java:remove(106)) - e9132cce-c60f-4b85-98ff-6a1f5b0024c6: remove    LEADER e9132cce-c60f-4b85-98ff-6a1f5b0024c6@group-F9DBE6E145ED:t6, leader=e9132cce-c60f-4b85-98ff-6a1f5b0024c6, voted=e9132cce-c60f-4b85-98ff-6a1f5b0024c6, raftlog=e9132cce-c60f-4b85-98ff-6a1f5b0024c6@group-F9DBE6E145ED-SegmentedRaftLog:OPENED:c14,f14,i14, conf=0: [bd4316f7-8522-4e92-952a-a3dfbeefbfef|rpc:10.1.0.7:40431|dataStream:|priority:0, 4c5d3f80-455e-48af-b42d-db12d94a5acc|rpc:10.1.0.7:38341|dataStream:|priority:0, e9132cce-c60f-4b85-98ff-6a1f5b0024c6|rpc:10.1.0.7:45089|dataStream:|priority:1], old=null RUNNING
2021-08-16 02:10:06,490 [Command processor thread] INFO  server.RaftServer$Division (RaftServerImpl.java:lambda$close$4(407)) - e9132cce-c60f-4b85-98ff-6a1f5b0024c6@group-F9DBE6E145ED: shutdown
2021-08-16 02:10:06,490 [Command processor thread] INFO  util.JmxRegister (JmxRegister.java:unregister(73)) - Successfully un-registered JMX Bean with object name Ratis:service=RaftServer,group=group-F9DBE6E145ED,id=e9132cce-c60f-4b85-98ff-6a1f5b0024c6
2021-08-16 02:10:06,490 [Command processor thread] INFO  impl.RoleInfo (RoleInfo.java:shutdownLeaderState(91)) - e9132cce-c60f-4b85-98ff-6a1f5b0024c6: shutdown e9132cce-c60f-4b85-98ff-6a1f5b0024c6@group-F9DBE6E145ED-LeaderStateImpl
2021-08-16 02:10:06,490 [Command processor thread] INFO  impl.PendingRequests (PendingRequests.java:sendNotLeaderResponses(282)) - e9132cce-c60f-4b85-98ff-6a1f5b0024c6@group-F9DBE6E145ED-PendingRequests: sendNotLeaderResponses
2021-08-16 02:10:06,491 [e9132cce-c60f-4b85-98ff-6a1f5b0024c6@group-F9DBE6E145ED->4c5d3f80-455e-48af-b42d-db12d94a5acc-GrpcLogAppender-LogAppenderDaemon] WARN  server.GrpcLogAppender (GrpcLogAppender.java:mayWait(175)) - e9132cce-c60f-4b85-98ff-6a1f5b0024c6@group-F9DBE6E145ED->4c5d3f80-455e-48af-b42d-db12d94a5acc-GrpcLogAppender: Wait interrupted by java.lang.InterruptedException
2021-08-16 02:10:06,493 [Command processor thread] INFO  impl.StateMachineUpdater (StateMachineUpdater.java:stopAndJoin(149)) - e9132cce-c60f-4b85-98ff-6a1f5b0024c6@group-F9DBE6E145ED-StateMachineUpdater: set stopIndex = 14
2021-08-16 02:10:06,493 [e9132cce-c60f-4b85-98ff-6a1f5b0024c6@group-F9DBE6E145ED-StateMachineUpdater] INFO  ratis.ContainerStateMachine (ContainerStateMachine.java:takeSnapshot(293)) - group-F9DBE6E145ED: Taking a snapshot at:(t:6, i:14) file /home/runner/work/ozone/ozone/hadoop-ozone/integration-test/target/test-dir/MiniOzoneClusterImpl-6c1f9dad-945a-4399-911a-83f70586d44a/datanode-2/data/ratis/8df6d1c3-eab4-46c1-a084-f9dbe6e145ed/sm/snapshot.6_14
2021-08-16 02:10:06,494 [e9132cce-c60f-4b85-98ff-6a1f5b0024c6@group-F9DBE6E145ED->bd4316f7-8522-4e92-952a-a3dfbeefbfef-GrpcLogAppender-LogAppenderDaemon] WARN  server.GrpcLogAppender (GrpcLogAppender.java:mayWait(175)) - e9132cce-c60f-4b85-98ff-6a1f5b0024c6@group-F9DBE6E145ED->bd4316f7-8522-4e92-952a-a3dfbeefbfef-GrpcLogAppender: Wait interrupted by java.lang.InterruptedException
2021-08-16 02:10:06,497 [grpc-default-executor-4] INFO  server.GrpcServerProtocolService (GrpcServerProtocolService.java:onCompleted(140)) - 4c5d3f80-455e-48af-b42d-db12d94a5acc: Completed APPEND_ENTRIES, lastRequest: e9132cce-c60f-4b85-98ff-6a1f5b0024c6->4c5d3f80-455e-48af-b42d-db12d94a5acc#296-t6,previous=(t:6, i:13),leaderCommit=13,initializing? true,entries: size=1, first=(t:6, i:14), METADATAENTRY(c:13)
2021-08-16 02:10:06,498 [e9132cce-c60f-4b85-98ff-6a1f5b0024c6@group-F9DBE6E145ED-StateMachineUpdater] INFO  ratis.ContainerStateMachine (ContainerStateMachine.java:takeSnapshot(304)) - group-F9DBE6E145ED: Finished taking a snapshot at:(t:6, i:14) file:/home/runner/work/ozone/ozone/hadoop-ozone/integration-test/target/test-dir/MiniOzoneClusterImpl-6c1f9dad-945a-4399-911a-83f70586d44a/datanode-2/data/ratis/8df6d1c3-eab4-46c1-a084-f9dbe6e145ed/sm/snapshot.6_14 took: 4 ms
2021-08-16 02:10:06,498 [e9132cce-c60f-4b85-98ff-6a1f5b0024c6@group-F9DBE6E145ED-StateMachineUpdater] INFO  impl.StateMachineUpdater (StateMachineUpdater.java:takeSnapshot(281)) - e9132cce-c60f-4b85-98ff-6a1f5b0024c6@group-F9DBE6E145ED-StateMachineUpdater: Took a snapshot at index 14
2021-08-16 02:10:06,498 [e9132cce-c60f-4b85-98ff-6a1f5b0024c6@group-F9DBE6E145ED-StateMachineUpdater] INFO  impl.StateMachineUpdater (StateMachineUpdater.java:lambda$new$0(89)) - e9132cce-c60f-4b85-98ff-6a1f5b0024c6@group-F9DBE6E145ED-StateMachineUpdater: snapshotIndex: updateIncreasingly -1 -> 14
2021-08-16 02:10:06,499 [Command processor thread] INFO  server.RaftServer$Division (ServerState.java:close(419)) - e9132cce-c60f-4b85-98ff-6a1f5b0024c6@group-F9DBE6E145ED: closes. applyIndex: 14
2021-08-16 02:10:06,499 [e9132cce-c60f-4b85-98ff-6a1f5b0024c6@group-F9DBE6E145ED-SegmentedRaftLogWorker] INFO  segmented.SegmentedRaftLogWorker (SegmentedRaftLogWorker.java:run(327)) - e9132cce-c60f-4b85-98ff-6a1f5b0024c6@group-F9DBE6E145ED-SegmentedRaftLogWorker was interrupted, exiting. There are 0 tasks remaining in the queue.
2021-08-16 02:10:06,500 [Command processor thread] INFO  segmented.SegmentedRaftLogWorker (SegmentedRaftLogWorker.java:close(237)) - e9132cce-c60f-4b85-98ff-6a1f5b0024c6@group-F9DBE6E145ED-SegmentedRaftLogWorker close()
2021-08-16 02:10:06,501 [Command processor thread] ERROR commandhandler.ClosePipelineCommandHandler (ClosePipelineCommandHandler.java:handle(78)) - Can't close pipeline PipelineID=8df6d1c3-eab4-46c1-a084-f9dbe6e145ed
java.io.IOException: java.lang.NullPointerException
	at org.apache.hadoop.ozone.container.common.transport.server.ratis.XceiverServerRatis.removeGroup(XceiverServerRatis.java:781)
	at org.apache.hadoop.ozone.container.common.statemachine.commandhandler.ClosePipelineCommandHandler.handle(ClosePipelineCommandHandler.java:74)
	at org.apache.hadoop.ozone.container.common.statemachine.commandhandler.CommandDispatcher.handle(CommandDispatcher.java:99)
	at org.apache.hadoop.ozone.container.common.statemachine.DatanodeStateMachine.lambda$initCommandHandlerThread$2(DatanodeStateMachine.java:556)
	at java.lang.Thread.run(Thread.java:748)
Caused by: java.io.IOException: java.lang.NullPointerException
	at org.apache.ratis.util.IOUtils.asIOException(IOUtils.java:56)
	at org.apache.ratis.server.impl.RaftServerImpl.waitForReply(RaftServerImpl.java:898)
	at org.apache.ratis.server.impl.RaftServerProxy.groupManagement(RaftServerProxy.java:440)
	at org.apache.hadoop.ozone.container.common.transport.server.ratis.XceiverServerRatis.removeGroup(XceiverServerRatis.java:779)
	... 4 more
Caused by: java.lang.NullPointerException
	at org.apache.hadoop.ozone.container.ozoneimpl.ContainerController.markContainerForClose(ContainerController.java:83)
	at org.apache.hadoop.ozone.container.common.transport.server.ratis.ContainerStateMachine.notifyGroupRemove(ContainerStateMachine.java:903)
	at org.apache.ratis.server.impl.RaftServerImpl.groupRemove(RaftServerImpl.java:372)
	at org.apache.ratis.server.impl.RaftServerProxy.lambda$groupRemoveAsync$14(RaftServerProxy.java:507)
	at java.util.concurrent.CompletableFuture.uniApply(CompletableFuture.java:616)
	at java.util.concurrent.CompletableFuture.uniApplyStage(CompletableFuture.java:628)
	at java.util.concurrent.CompletableFuture.thenApply(CompletableFuture.java:1996)
	at org.apache.ratis.server.impl.RaftServerProxy.groupRemoveAsync(RaftServerProxy.java:506)
	at org.apache.ratis.server.impl.RaftServerProxy.groupManagementAsync(RaftServerProxy.java:460)
	... 6 more
2021-08-16 02:10:06,501 [Command processor thread] WARN  server.RaftServer (RaftServerProxy.java:remove(101)) - e9132cce-c60f-4b85-98ff-6a1f5b0024c6: does not contain group: group-F9DBE6E145ED
2021-08-16 02:10:06,501 [Command processor thread] ERROR commandhandler.ClosePipelineCommandHandler (ClosePipelineCommandHandler.java:handle(78)) - Can't close pipeline PipelineID=8df6d1c3-eab4-46c1-a084-f9dbe6e145ed
java.io.IOException: e9132cce-c60f-4b85-98ff-6a1f5b0024c6: Group group-F9DBE6E145ED not found.
	at org.apache.hadoop.ozone.container.common.transport.server.ratis.XceiverServerRatis.removeGroup(XceiverServerRatis.java:781)
	at org.apache.hadoop.ozone.container.common.statemachine.commandhandler.ClosePipelineCommandHandler.handle(ClosePipelineCommandHandler.java:74)
	at org.apache.hadoop.ozone.container.common.statemachine.commandhandler.CommandDispatcher.handle(CommandDispatcher.java:99)
	at org.apache.hadoop.ozone.container.common.statemachine.DatanodeStateMachine.lambda$initCommandHandlerThread$2(DatanodeStateMachine.java:556)
	at java.lang.Thread.run(Thread.java:748)
Caused by: org.apache.ratis.protocol.exceptions.GroupMismatchException: e9132cce-c60f-4b85-98ff-6a1f5b0024c6: Group group-F9DBE6E145ED not found.
	at org.apache.ratis.server.impl.RaftServerProxy.groupRemoveAsync(RaftServerProxy.java:504)
	at org.apache.ratis.server.impl.RaftServerProxy.groupManagementAsync(RaftServerProxy.java:460)
	at org.apache.ratis.server.impl.RaftServerProxy.groupManagement(RaftServerProxy.java:440)
	at org.apache.hadoop.ozone.container.common.transport.server.ratis.XceiverServerRatis.removeGroup(XceiverServerRatis.java:779)
	... 4 more
2021-08-16 02:10:06,502 [grpc-default-executor-1] INFO  server.GrpcLogAppender (GrpcLogAppender.java:onCompleted(344)) - e9132cce-c60f-4b85-98ff-6a1f5b0024c6@group-F9DBE6E145ED->4c5d3f80-455e-48af-b42d-db12d94a5acc-AppendLogResponseHandler: follower responses appendEntries COMPLETED
2021-08-16 02:10:06,516 [SCMBlockDeletingService#0] DEBUG block.SCMBlockDeletingService (SCMBlockDeletingService.java:call(133)) - Running DeletedBlockTransactionScanner
2021-08-16 02:10:06,516 [grpc-default-executor-0] INFO  server.GrpcServerProtocolService (GrpcServerProtocolService.java:onCompleted(140)) - bd4316f7-8522-4e92-952a-a3dfbeefbfef: Completed APPEND_ENTRIES, lastRequest: e9132cce-c60f-4b85-98ff-6a1f5b0024c6->bd4316f7-8522-4e92-952a-a3dfbeefbfef#622-t6,previous=(t:6, i:13),leaderCommit=14,initializing? true,entries: size=1, first=(t:6, i:14), METADATAENTRY(c:13)
2021-08-16 02:10:06,516 [grpc-default-executor-1] INFO  leader.FollowerInfo (FollowerInfoImpl.java:lambda$new$0(46)) - e9132cce-c60f-4b85-98ff-6a1f5b0024c6@group-F9DBE6E145ED->4c5d3f80-455e-48af-b42d-db12d94a5acc: nextIndex: updateUnconditionally 15 -> 14
2021-08-16 02:10:06,518 [grpc-default-executor-1] INFO  server.GrpcLogAppender (GrpcLogAppender.java:onCompleted(344)) - e9132cce-c60f-4b85-98ff-6a1f5b0024c6@group-F9DBE6E145ED->bd4316f7-8522-4e92-952a-a3dfbeefbfef-AppendLogResponseHandler: follower responses appendEntries COMPLETED
2021-08-16 02:10:06,518 [grpc-default-executor-1] INFO  leader.FollowerInfo (FollowerInfoImpl.java:lambda$new$0(46)) - e9132cce-c60f-4b85-98ff-6a1f5b0024c6@group-F9DBE6E145ED->bd4316f7-8522-4e92-952a-a3dfbeefbfef: nextIndex: updateUnconditionally 15 -> 14
2021-08-16 02:10:06,587 [Datanode State Machine Thread - 0] INFO  statemachine.DatanodeStateMachine (DatanodeStateMachine.java:lambda$startDaemon$0(457)) - Ozone container server started.
2021-08-16 02:10:06,605 [Datanode State Machine Thread - 0] INFO  statemachine.DatanodeStateMachine (DatanodeStateMachine.java:lambda$startDaemon$0(457)) - Ozone container server started.
2021-08-16 02:10:06,616 [SCMBlockDeletingService#0] DEBUG block.SCMBlockDeletingService (SCMBlockDeletingService.java:call(133)) - Running DeletedBlockTransactionScanner
2021-08-16 02:10:06,716 [SCMBlockDeletingService#0] DEBUG block.SCMBlockDeletingService (SCMBlockDeletingService.java:call(133)) - Running DeletedBlockTransactionScanner
2021-08-16 02:10:06,816 [SCMBlockDeletingService#0] DEBUG block.SCMBlockDeletingService (SCMBlockDeletingService.java:call(133)) - Running DeletedBlockTransactionScanner
2021-08-16 02:10:06,916 [SCMBlockDeletingService#0] DEBUG block.SCMBlockDeletingService (SCMBlockDeletingService.java:call(133)) - Running DeletedBlockTransactionScanner
2021-08-16 02:10:07,016 [SCMBlockDeletingService#0] DEBUG block.SCMBlockDeletingService (SCMBlockDeletingService.java:call(133)) - Running DeletedBlockTransactionScanner
2021-08-16 02:10:07,116 [SCMBlockDeletingService#0] DEBUG block.SCMBlockDeletingService (SCMBlockDeletingService.java:call(133)) - Running DeletedBlockTransactionScanner
2021-08-16 02:10:07,217 [SCMBlockDeletingService#0] DEBUG block.SCMBlockDeletingService (SCMBlockDeletingService.java:call(133)) - Running DeletedBlockTransactionScanner
2021-08-16 02:10:07,317 [SCMBlockDeletingService#0] DEBUG block.SCMBlockDeletingService (SCMBlockDeletingService.java:call(133)) - Running DeletedBlockTransactionScanner
2021-08-16 02:10:07,424 [SCMBlockDeletingService#0] DEBUG block.SCMBlockDeletingService (SCMBlockDeletingService.java:call(133)) - Running DeletedBlockTransactionScanner
2021-08-16 02:10:07,524 [SCMBlockDeletingService#0] DEBUG block.SCMBlockDeletingService (SCMBlockDeletingService.java:call(133)) - Running DeletedBlockTransactionScanner
2021-08-16 02:10:07,624 [SCMBlockDeletingService#0] DEBUG block.SCMBlockDeletingService (SCMBlockDeletingService.java:call(133)) - Running DeletedBlockTransactionScanner
2021-08-16 02:10:07,724 [SCMBlockDeletingService#0] DEBUG block.SCMBlockDeletingService (SCMBlockDeletingService.java:call(133)) - Running DeletedBlockTransactionScanner
2021-08-16 02:10:07,824 [SCMBlockDeletingService#0] DEBUG block.SCMBlockDeletingService (SCMBlockDeletingService.java:call(133)) - Running DeletedBlockTransactionScanner
2021-08-16 02:10:07,924 [SCMBlockDeletingService#0] DEBUG block.SCMBlockDeletingService (SCMBlockDeletingService.java:call(133)) - Running DeletedBlockTransactionScanner
2021-08-16 02:10:08,024 [SCMBlockDeletingService#0] DEBUG block.SCMBlockDeletingService (SCMBlockDeletingService.java:call(133)) - Running DeletedBlockTransactionScanner
2021-08-16 02:10:08,124 [SCMBlockDeletingService#0] DEBUG block.SCMBlockDeletingService (SCMBlockDeletingService.java:call(133)) - Running DeletedBlockTransactionScanner
2021-08-16 02:10:08,224 [SCMBlockDeletingService#0] DEBUG block.SCMBlockDeletingService (SCMBlockDeletingService.java:call(133)) - Running DeletedBlockTransactionScanner
2021-08-16 02:10:08,324 [SCMBlockDeletingService#0] DEBUG block.SCMBlockDeletingService (SCMBlockDeletingService.java:call(133)) - Running DeletedBlockTransactionScanner
2021-08-16 02:10:08,425 [SCMBlockDeletingService#0] DEBUG block.SCMBlockDeletingService (SCMBlockDeletingService.java:call(133)) - Running DeletedBlockTransactionScanner
2021-08-16 02:10:08,525 [SCMBlockDeletingService#0] DEBUG block.SCMBlockDeletingService (SCMBlockDeletingService.java:call(133)) - Running DeletedBlockTransactionScanner
2021-08-16 02:10:08,625 [SCMBlockDeletingService#0] DEBUG block.SCMBlockDeletingService (SCMBlockDeletingService.java:call(133)) - Running DeletedBlockTransactionScanner
2021-08-16 02:10:08,725 [SCMBlockDeletingService#0] DEBUG block.SCMBlockDeletingService (SCMBlockDeletingService.java:call(133)) - Running DeletedBlockTransactionScanner
2021-08-16 02:10:08,825 [SCMBlockDeletingService#0] DEBUG block.SCMBlockDeletingService (SCMBlockDeletingService.java:call(133)) - Running DeletedBlockTransactionScanner
2021-08-16 02:10:08,925 [SCMBlockDeletingService#0] DEBUG block.SCMBlockDeletingService (SCMBlockDeletingService.java:call(133)) - Running DeletedBlockTransactionScanner
2021-08-16 02:10:09,025 [SCMBlockDeletingService#0] DEBUG block.SCMBlockDeletingService (SCMBlockDeletingService.java:call(133)) - Running DeletedBlockTransactionScanner
2021-08-16 02:10:09,125 [SCMBlockDeletingService#0] DEBUG block.SCMBlockDeletingService (SCMBlockDeletingService.java:call(133)) - Running DeletedBlockTransactionScanner
2021-08-16 02:10:09,225 [SCMBlockDeletingService#0] DEBUG block.SCMBlockDeletingService (SCMBlockDeletingService.java:call(133)) - Running DeletedBlockTransactionScanner
2021-08-16 02:10:09,325 [SCMBlockDeletingService#0] DEBUG block.SCMBlockDeletingService (SCMBlockDeletingService.java:call(133)) - Running DeletedBlockTransactionScanner
2021-08-16 02:10:09,425 [SCMBlockDeletingService#0] DEBUG block.SCMBlockDeletingService (SCMBlockDeletingService.java:call(133)) - Running DeletedBlockTransactionScanner
2021-08-16 02:10:09,427 [EventQueue-StaleNodeForStaleNodeHandler] INFO  node.StaleNodeHandler (StaleNodeHandler.java:onMessage(58)) - Datanode bd4316f7-8522-4e92-952a-a3dfbeefbfef{ip: 10.1.0.7, host: fv-az148-41.bm4ck3pvxvsene1rjriu5fhcdb.bx.internal.cloudapp.net, ports: [REPLICATION=42659, RATIS=40431, RATIS_ADMIN=40431, RATIS_SERVER=40431, STANDALONE=33881], networkLocation: /default-rack, certSerialId: null, persistedOpState: IN_SERVICE, persistedOpStateExpiryEpochSec: 0} moved to stale state. Finalizing its pipelines [PipelineID=8794b8df-fbbd-4d47-9327-4822c5e17213]
2021-08-16 02:10:09,427 [EventQueue-StaleNodeForStaleNodeHandler] INFO  pipeline.PipelineManagerImpl (PipelineManagerImpl.java:closePipeline(343)) - Pipeline Pipeline[ Id: 8794b8df-fbbd-4d47-9327-4822c5e17213, Nodes: 4c5d3f80-455e-48af-b42d-db12d94a5acc{ip: 10.1.0.7, host: fv-az148-41.bm4ck3pvxvsene1rjriu5fhcdb.bx.internal.cloudapp.net, ports: [REPLICATION=46351, RATIS=38341, RATIS_ADMIN=38341, RATIS_SERVER=38341, STANDALONE=43791], networkLocation: /default-rack, certSerialId: null, persistedOpState: IN_SERVICE, persistedOpStateExpiryEpochSec: 0}bd4316f7-8522-4e92-952a-a3dfbeefbfef{ip: 10.1.0.7, host: fv-az148-41.bm4ck3pvxvsene1rjriu5fhcdb.bx.internal.cloudapp.net, ports: [REPLICATION=42659, RATIS=40431, RATIS_ADMIN=40431, RATIS_SERVER=40431, STANDALONE=33881], networkLocation: /default-rack, certSerialId: null, persistedOpState: IN_SERVICE, persistedOpStateExpiryEpochSec: 0}e9132cce-c60f-4b85-98ff-6a1f5b0024c6{ip: 10.1.0.7, host: fv-az148-41.bm4ck3pvxvsene1rjriu5fhcdb.bx.internal.cloudapp.net, ports: [REPLICATION=46267, RATIS=45089, RATIS_ADMIN=45089, RATIS_SERVER=45089, STANDALONE=36971], networkLocation: /default-rack, certSerialId: null, persistedOpState: IN_SERVICE, persistedOpStateExpiryEpochSec: 0}, ReplicationConfig: RATIS/THREE, State:ALLOCATED, leaderId:, CreationTimestamp2021-08-16T02:10:05.524Z[Etc/UTC]] moved to CLOSED state
2021-08-16 02:10:09,428 [EventQueue-StaleNodeForStaleNodeHandler] INFO  node.StaleNodeHandler (StaleNodeHandler.java:onMessage(58)) - Datanode 4c5d3f80-455e-48af-b42d-db12d94a5acc{ip: 10.1.0.7, host: fv-az148-41.bm4ck3pvxvsene1rjriu5fhcdb.bx.internal.cloudapp.net, ports: [REPLICATION=46351, RATIS=38341, RATIS_ADMIN=38341, RATIS_SERVER=38341, STANDALONE=43791], networkLocation: /default-rack, certSerialId: null, persistedOpState: IN_SERVICE, persistedOpStateExpiryEpochSec: 0} moved to stale state. Finalizing its pipelines [PipelineID=8794b8df-fbbd-4d47-9327-4822c5e17213]
2021-08-16 02:10:09,525 [SCMBlockDeletingService#0] DEBUG block.SCMBlockDeletingService (SCMBlockDeletingService.java:call(133)) - Running DeletedBlockTransactionScanner
2021-08-16 02:10:09,626 [SCMBlockDeletingService#0] DEBUG block.SCMBlockDeletingService (SCMBlockDeletingService.java:call(133)) - Running DeletedBlockTransactionScanner
2021-08-16 02:10:09,726 [SCMBlockDeletingService#0] DEBUG block.SCMBlockDeletingService (SCMBlockDeletingService.java:call(133)) - Running DeletedBlockTransactionScanner
2021-08-16 02:10:09,826 [SCMBlockDeletingService#0] DEBUG block.SCMBlockDeletingService (SCMBlockDeletingService.java:call(133)) - Running DeletedBlockTransactionScanner
2021-08-16 02:10:09,926 [SCMBlockDeletingService#0] DEBUG block.SCMBlockDeletingService (SCMBlockDeletingService.java:call(133)) - Running DeletedBlockTransactionScanner
2021-08-16 02:10:10,026 [SCMBlockDeletingService#0] DEBUG block.SCMBlockDeletingService (SCMBlockDeletingService.java:call(133)) - Running DeletedBlockTransactionScanner
2021-08-16 02:10:10,126 [SCMBlockDeletingService#0] DEBUG block.SCMBlockDeletingService (SCMBlockDeletingService.java:call(133)) - Running DeletedBlockTransactionScanner
2021-08-16 02:10:10,226 [SCMBlockDeletingService#0] DEBUG block.SCMBlockDeletingService (SCMBlockDeletingService.java:call(133)) - Running DeletedBlockTransactionScanner
2021-08-16 02:10:10,326 [SCMBlockDeletingService#0] DEBUG block.SCMBlockDeletingService (SCMBlockDeletingService.java:call(133)) - Running DeletedBlockTransactionScanner
2021-08-16 02:10:10,426 [SCMBlockDeletingService#0] DEBUG block.SCMBlockDeletingService (SCMBlockDeletingService.java:call(133)) - Running DeletedBlockTransactionScanner
2021-08-16 02:10:10,526 [SCMBlockDeletingService#0] DEBUG block.SCMBlockDeletingService (SCMBlockDeletingService.java:call(133)) - Running DeletedBlockTransactionScanner
2021-08-16 02:10:10,626 [SCMBlockDeletingService#0] DEBUG block.SCMBlockDeletingService (SCMBlockDeletingService.java:call(133)) - Running DeletedBlockTransactionScanner
2021-08-16 02:10:10,726 [SCMBlockDeletingService#0] DEBUG block.SCMBlockDeletingService (SCMBlockDeletingService.java:call(133)) - Running DeletedBlockTransactionScanner
2021-08-16 02:10:10,827 [SCMBlockDeletingService#0] DEBUG block.SCMBlockDeletingService (SCMBlockDeletingService.java:call(133)) - Running DeletedBlockTransactionScanner
2021-08-16 02:10:10,927 [SCMBlockDeletingService#0] DEBUG block.SCMBlockDeletingService (SCMBlockDeletingService.java:call(133)) - Running DeletedBlockTransactionScanner
2021-08-16 02:10:10,993 [4c5d3f80-455e-48af-b42d-db12d94a5acc@group-4822C5E17213-FollowerState] INFO  impl.FollowerState (FollowerState.java:run(134)) - 4c5d3f80-455e-48af-b42d-db12d94a5acc@group-4822C5E17213-FollowerState: change to CANDIDATE, lastRpcElapsedTime:5169830538ns, electionTimeout:5160ms
2021-08-16 02:10:11,008 [4c5d3f80-455e-48af-b42d-db12d94a5acc@group-4822C5E17213-FollowerState] INFO  impl.RoleInfo (RoleInfo.java:shutdownFollowerState(108)) - 4c5d3f80-455e-48af-b42d-db12d94a5acc: shutdown 4c5d3f80-455e-48af-b42d-db12d94a5acc@group-4822C5E17213-FollowerState
2021-08-16 02:10:11,008 [4c5d3f80-455e-48af-b42d-db12d94a5acc@group-4822C5E17213-FollowerState] INFO  server.RaftServer$Division (RaftServerImpl.java:setRole(285)) - 4c5d3f80-455e-48af-b42d-db12d94a5acc@group-4822C5E17213: changes role from  FOLLOWER to CANDIDATE at term 0 for changeToCandidate
2021-08-16 02:10:11,008 [4c5d3f80-455e-48af-b42d-db12d94a5acc@group-4822C5E17213-FollowerState] INFO  server.RaftServerConfigKeys (ConfUtils.java:logGet(44)) - raft.server.leaderelection.pre-vote = false (custom)
2021-08-16 02:10:11,008 [4c5d3f80-455e-48af-b42d-db12d94a5acc@group-4822C5E17213-FollowerState] INFO  impl.RoleInfo (RoleInfo.java:updateAndGet(130)) - 4c5d3f80-455e-48af-b42d-db12d94a5acc: start 4c5d3f80-455e-48af-b42d-db12d94a5acc@group-4822C5E17213-LeaderElection17
2021-08-16 02:10:11,044 [SCMBlockDeletingService#0] DEBUG block.SCMBlockDeletingService (SCMBlockDeletingService.java:call(133)) - Running DeletedBlockTransactionScanner
2021-08-16 02:10:11,047 [4c5d3f80-455e-48af-b42d-db12d94a5acc@group-4822C5E17213-LeaderElection17] INFO  impl.LeaderElection (LeaderElection.java:askForVotes(306)) - 4c5d3f80-455e-48af-b42d-db12d94a5acc@group-4822C5E17213-LeaderElection17 ELECTION round 0: submit vote requests at term 1 for -1: [bd4316f7-8522-4e92-952a-a3dfbeefbfef|rpc:10.1.0.7:40431|priority:1, 4c5d3f80-455e-48af-b42d-db12d94a5acc|rpc:10.1.0.7:38341|priority:0, e9132cce-c60f-4b85-98ff-6a1f5b0024c6|rpc:10.1.0.7:45089|priority:0], old=null
2021-08-16 02:10:11,060 [grpc-default-executor-0] INFO  server.RaftServer$Division (RaftServerImpl.java:requestVote(1043)) - e9132cce-c60f-4b85-98ff-6a1f5b0024c6@group-4822C5E17213: receive requestVote(ELECTION, 4c5d3f80-455e-48af-b42d-db12d94a5acc, group-4822C5E17213, 1, (t:0, i:0))
2021-08-16 02:10:11,060 [grpc-default-executor-0] INFO  impl.VoteContext (VoteContext.java:log(48)) - e9132cce-c60f-4b85-98ff-6a1f5b0024c6@group-4822C5E17213-FOLLOWER: accept ELECTION from 4c5d3f80-455e-48af-b42d-db12d94a5acc: our priority 0 <= candidate's priority 0
2021-08-16 02:10:11,060 [grpc-default-executor-0] INFO  server.RaftServer$Division (RaftServerImpl.java:setRole(285)) - e9132cce-c60f-4b85-98ff-6a1f5b0024c6@group-4822C5E17213: changes role from  FOLLOWER to FOLLOWER at term 1 for candidate:4c5d3f80-455e-48af-b42d-db12d94a5acc
2021-08-16 02:10:11,060 [grpc-default-executor-0] INFO  impl.RoleInfo (RoleInfo.java:shutdownFollowerState(108)) - e9132cce-c60f-4b85-98ff-6a1f5b0024c6: shutdown e9132cce-c60f-4b85-98ff-6a1f5b0024c6@group-4822C5E17213-FollowerState
2021-08-16 02:10:11,061 [grpc-default-executor-0] INFO  impl.RoleInfo (RoleInfo.java:updateAndGet(130)) - e9132cce-c60f-4b85-98ff-6a1f5b0024c6: start e9132cce-c60f-4b85-98ff-6a1f5b0024c6@group-4822C5E17213-FollowerState
2021-08-16 02:10:11,064 [e9132cce-c60f-4b85-98ff-6a1f5b0024c6@group-4822C5E17213-FollowerState] INFO  impl.FollowerState (FollowerState.java:run(143)) - e9132cce-c60f-4b85-98ff-6a1f5b0024c6@group-4822C5E17213-FollowerState was interrupted: {}
java.lang.InterruptedException: sleep interrupted
	at java.lang.Thread.sleep(Native Method)
	at java.lang.Thread.sleep(Thread.java:340)
	at java.util.concurrent.TimeUnit.sleep(TimeUnit.java:386)
	at org.apache.ratis.util.TimeDuration.sleep(TimeDuration.java:324)
	at org.apache.ratis.util.TimeDuration.sleep(TimeDuration.java:309)
	at org.apache.ratis.server.impl.FollowerState.run(FollowerState.java:118)
2021-08-16 02:10:11,079 [grpc-default-executor-0] INFO  server.RaftServer$Division (RaftServerImpl.java:requestVote(1075)) - e9132cce-c60f-4b85-98ff-6a1f5b0024c6@group-4822C5E17213 replies to ELECTION vote request: 4c5d3f80-455e-48af-b42d-db12d94a5acc<-e9132cce-c60f-4b85-98ff-6a1f5b0024c6#0:OK-t1. Peer's state: e9132cce-c60f-4b85-98ff-6a1f5b0024c6@group-4822C5E17213:t1, leader=null, voted=4c5d3f80-455e-48af-b42d-db12d94a5acc, raftlog=e9132cce-c60f-4b85-98ff-6a1f5b0024c6@group-4822C5E17213-SegmentedRaftLog:OPENED:c-1,f-1,i0, conf=-1: [bd4316f7-8522-4e92-952a-a3dfbeefbfef|rpc:10.1.0.7:40431|dataStream:|priority:1, 4c5d3f80-455e-48af-b42d-db12d94a5acc|rpc:10.1.0.7:38341|dataStream:|priority:0, e9132cce-c60f-4b85-98ff-6a1f5b0024c6|rpc:10.1.0.7:45089|dataStream:|priority:0], old=null
2021-08-16 02:10:11,088 [grpc-default-executor-0] INFO  server.RaftServer$Division (RaftServerImpl.java:requestVote(1043)) - bd4316f7-8522-4e92-952a-a3dfbeefbfef@group-4822C5E17213: receive requestVote(ELECTION, 4c5d3f80-455e-48af-b42d-db12d94a5acc, group-4822C5E17213, 1, (t:0, i:0))
2021-08-16 02:10:11,088 [grpc-default-executor-0] INFO  impl.VoteContext (VoteContext.java:log(48)) - bd4316f7-8522-4e92-952a-a3dfbeefbfef@group-4822C5E17213-FOLLOWER: reject ELECTION from 4c5d3f80-455e-48af-b42d-db12d94a5acc: our priority 1 > candidate's priority 0
2021-08-16 02:10:11,088 [grpc-default-executor-0] INFO  server.RaftServer$Division (RaftServerImpl.java:setRole(285)) - bd4316f7-8522-4e92-952a-a3dfbeefbfef@group-4822C5E17213: changes role from  FOLLOWER to FOLLOWER at term 1 for candidate:4c5d3f80-455e-48af-b42d-db12d94a5acc
2021-08-16 02:10:11,088 [grpc-default-executor-0] INFO  impl.RoleInfo (RoleInfo.java:shutdownFollowerState(108)) - bd4316f7-8522-4e92-952a-a3dfbeefbfef: shutdown bd4316f7-8522-4e92-952a-a3dfbeefbfef@group-4822C5E17213-FollowerState
2021-08-16 02:10:11,088 [grpc-default-executor-0] INFO  impl.RoleInfo (RoleInfo.java:updateAndGet(130)) - bd4316f7-8522-4e92-952a-a3dfbeefbfef: start bd4316f7-8522-4e92-952a-a3dfbeefbfef@group-4822C5E17213-FollowerState
2021-08-16 02:10:11,088 [bd4316f7-8522-4e92-952a-a3dfbeefbfef@group-4822C5E17213-FollowerState] INFO  impl.FollowerState (FollowerState.java:run(143)) - bd4316f7-8522-4e92-952a-a3dfbeefbfef@group-4822C5E17213-FollowerState was interrupted: {}
java.lang.InterruptedException: sleep interrupted
	at java.lang.Thread.sleep(Native Method)
	at java.lang.Thread.sleep(Thread.java:340)
	at java.util.concurrent.TimeUnit.sleep(TimeUnit.java:386)
	at org.apache.ratis.util.TimeDuration.sleep(TimeDuration.java:324)
	at org.apache.ratis.util.TimeDuration.sleep(TimeDuration.java:309)
	at org.apache.ratis.server.impl.FollowerState.run(FollowerState.java:118)
2021-08-16 02:10:11,101 [grpc-default-executor-0] INFO  server.RaftServer$Division (RaftServerImpl.java:requestVote(1075)) - bd4316f7-8522-4e92-952a-a3dfbeefbfef@group-4822C5E17213 replies to ELECTION vote request: 4c5d3f80-455e-48af-b42d-db12d94a5acc<-bd4316f7-8522-4e92-952a-a3dfbeefbfef#0:FAIL-t1. Peer's state: bd4316f7-8522-4e92-952a-a3dfbeefbfef@group-4822C5E17213:t1, leader=null, voted=null, raftlog=bd4316f7-8522-4e92-952a-a3dfbeefbfef@group-4822C5E17213-SegmentedRaftLog:OPENED:c-1,f-1,i0, conf=-1: [bd4316f7-8522-4e92-952a-a3dfbeefbfef|rpc:10.1.0.7:40431|dataStream:|priority:1, 4c5d3f80-455e-48af-b42d-db12d94a5acc|rpc:10.1.0.7:38341|dataStream:|priority:0, e9132cce-c60f-4b85-98ff-6a1f5b0024c6|rpc:10.1.0.7:45089|dataStream:|priority:0], old=null
2021-08-16 02:10:11,105 [4c5d3f80-455e-48af-b42d-db12d94a5acc@group-4822C5E17213-LeaderElection17] INFO  impl.LeaderElection (LeaderElection.java:logAndReturn(89)) - 4c5d3f80-455e-48af-b42d-db12d94a5acc@group-4822C5E17213-LeaderElection17: ELECTION REJECTED received 2 response(s) and 0 exception(s):
2021-08-16 02:10:11,105 [4c5d3f80-455e-48af-b42d-db12d94a5acc@group-4822C5E17213-LeaderElection17] INFO  impl.LeaderElection (LeaderElection.java:logAndReturn(93)) -   Response 0: 4c5d3f80-455e-48af-b42d-db12d94a5acc<-bd4316f7-8522-4e92-952a-a3dfbeefbfef#0:FAIL-t1
2021-08-16 02:10:11,105 [4c5d3f80-455e-48af-b42d-db12d94a5acc@group-4822C5E17213-LeaderElection17] INFO  impl.LeaderElection (LeaderElection.java:logAndReturn(93)) -   Response 1: 4c5d3f80-455e-48af-b42d-db12d94a5acc<-e9132cce-c60f-4b85-98ff-6a1f5b0024c6#0:OK-t1
2021-08-16 02:10:11,105 [4c5d3f80-455e-48af-b42d-db12d94a5acc@group-4822C5E17213-LeaderElection17] INFO  impl.LeaderElection (LeaderElection.java:askForVotes(308)) - 4c5d3f80-455e-48af-b42d-db12d94a5acc@group-4822C5E17213-LeaderElection17 ELECTION round 0: result REJECTED
2021-08-16 02:10:11,105 [4c5d3f80-455e-48af-b42d-db12d94a5acc@group-4822C5E17213-LeaderElection17] INFO  server.RaftServer$Division (RaftServerImpl.java:setRole(285)) - 4c5d3f80-455e-48af-b42d-db12d94a5acc@group-4822C5E17213: changes role from CANDIDATE to FOLLOWER at term 1 for REJECTED
2021-08-16 02:10:11,105 [4c5d3f80-455e-48af-b42d-db12d94a5acc@group-4822C5E17213-LeaderElection17] INFO  impl.RoleInfo (RoleInfo.java:shutdownLeaderElection(121)) - 4c5d3f80-455e-48af-b42d-db12d94a5acc: shutdown 4c5d3f80-455e-48af-b42d-db12d94a5acc@group-4822C5E17213-LeaderElection17
2021-08-16 02:10:11,105 [4c5d3f80-455e-48af-b42d-db12d94a5acc@group-4822C5E17213-LeaderElection17] INFO  impl.RoleInfo (RoleInfo.java:updateAndGet(130)) - 4c5d3f80-455e-48af-b42d-db12d94a5acc: start 4c5d3f80-455e-48af-b42d-db12d94a5acc@group-4822C5E17213-FollowerState
2021-08-16 02:10:11,144 [SCMBlockDeletingService#0] DEBUG block.SCMBlockDeletingService (SCMBlockDeletingService.java:call(133)) - Running DeletedBlockTransactionScanner
2021-08-16 02:10:11,244 [SCMBlockDeletingService#0] DEBUG block.SCMBlockDeletingService (SCMBlockDeletingService.java:call(133)) - Running DeletedBlockTransactionScanner
2021-08-16 02:10:11,344 [SCMBlockDeletingService#0] DEBUG block.SCMBlockDeletingService (SCMBlockDeletingService.java:call(133)) - Running DeletedBlockTransactionScanner
2021-08-16 02:10:11,424 [Listener at 127.0.0.1/42687] INFO  ozoneimpl.OzoneContainer (OzoneContainer.java:stop(326)) - Attempting to stop container services.
2021-08-16 02:10:11,424 [ForkJoinPool.commonPool-worker-0] INFO  ozoneimpl.OzoneContainer (OzoneContainer.java:stop(326)) - Attempting to stop container services.
2021-08-16 02:10:11,426 [Listener at 127.0.0.1/42687] INFO  server.RaftServer (RaftServerProxy.java:lambda$close$6(391)) - 4c5d3f80-455e-48af-b42d-db12d94a5acc: close
2021-08-16 02:10:11,426 [Listener at 127.0.0.1/42687] INFO  server.RaftServer$Division (RaftServerImpl.java:lambda$close$4(407)) - 4c5d3f80-455e-48af-b42d-db12d94a5acc@group-4822C5E17213: shutdown
2021-08-16 02:10:11,426 [Listener at 127.0.0.1/42687] INFO  util.JmxRegister (JmxRegister.java:unregister(73)) - Successfully un-registered JMX Bean with object name Ratis:service=RaftServer,group=group-4822C5E17213,id=4c5d3f80-455e-48af-b42d-db12d94a5acc
2021-08-16 02:10:11,426 [Listener at 127.0.0.1/42687] INFO  impl.RoleInfo (RoleInfo.java:shutdownFollowerState(108)) - 4c5d3f80-455e-48af-b42d-db12d94a5acc: shutdown 4c5d3f80-455e-48af-b42d-db12d94a5acc@group-4822C5E17213-FollowerState
2021-08-16 02:10:11,426 [Listener at 127.0.0.1/42687] INFO  impl.StateMachineUpdater (StateMachineUpdater.java:stopAndJoin(149)) - 4c5d3f80-455e-48af-b42d-db12d94a5acc@group-4822C5E17213-StateMachineUpdater: set stopIndex = -1
2021-08-16 02:10:11,426 [4c5d3f80-455e-48af-b42d-db12d94a5acc@group-4822C5E17213-FollowerState] INFO  impl.FollowerState (FollowerState.java:run(143)) - 4c5d3f80-455e-48af-b42d-db12d94a5acc@group-4822C5E17213-FollowerState was interrupted: {}
java.lang.InterruptedException: sleep interrupted
	at java.lang.Thread.sleep(Native Method)
	at java.lang.Thread.sleep(Thread.java:340)
	at java.util.concurrent.TimeUnit.sleep(TimeUnit.java:386)
	at org.apache.ratis.util.TimeDuration.sleep(TimeDuration.java:324)
	at org.apache.ratis.util.TimeDuration.sleep(TimeDuration.java:309)
	at org.apache.ratis.server.impl.FollowerState.run(FollowerState.java:118)
2021-08-16 02:10:11,426 [ForkJoinPool.commonPool-worker-0] INFO  server.RaftServer (RaftServerProxy.java:lambda$close$6(391)) - bd4316f7-8522-4e92-952a-a3dfbeefbfef: close
2021-08-16 02:10:11,427 [ForkJoinPool.commonPool-worker-0] INFO  server.RaftServer$Division (RaftServerImpl.java:lambda$close$4(407)) - bd4316f7-8522-4e92-952a-a3dfbeefbfef@group-4822C5E17213: shutdown
2021-08-16 02:10:11,427 [ForkJoinPool.commonPool-worker-0] INFO  util.JmxRegister (JmxRegister.java:unregister(73)) - Successfully un-registered JMX Bean with object name Ratis:service=RaftServer,group=group-4822C5E17213,id=bd4316f7-8522-4e92-952a-a3dfbeefbfef
2021-08-16 02:10:11,427 [ForkJoinPool.commonPool-worker-0] INFO  impl.RoleInfo (RoleInfo.java:shutdownFollowerState(108)) - bd4316f7-8522-4e92-952a-a3dfbeefbfef: shutdown bd4316f7-8522-4e92-952a-a3dfbeefbfef@group-4822C5E17213-FollowerState
2021-08-16 02:10:11,427 [ForkJoinPool.commonPool-worker-0] INFO  impl.StateMachineUpdater (StateMachineUpdater.java:stopAndJoin(149)) - bd4316f7-8522-4e92-952a-a3dfbeefbfef@group-4822C5E17213-StateMachineUpdater: set stopIndex = -1
2021-08-16 02:10:11,427 [bd4316f7-8522-4e92-952a-a3dfbeefbfef@group-4822C5E17213-FollowerState] INFO  impl.FollowerState (FollowerState.java:run(143)) - bd4316f7-8522-4e92-952a-a3dfbeefbfef@group-4822C5E17213-FollowerState was interrupted: {}
java.lang.InterruptedException: sleep interrupted
	at java.lang.Thread.sleep(Native Method)
	at java.lang.Thread.sleep(Thread.java:340)
	at java.util.concurrent.TimeUnit.sleep(TimeUnit.java:386)
	at org.apache.ratis.util.TimeDuration.sleep(TimeDuration.java:324)
	at org.apache.ratis.util.TimeDuration.sleep(TimeDuration.java:309)
	at org.apache.ratis.server.impl.FollowerState.run(FollowerState.java:118)
2021-08-16 02:10:11,428 [Listener at 127.0.0.1/42687] INFO  server.RaftServer$Division (ServerState.java:close(419)) - 4c5d3f80-455e-48af-b42d-db12d94a5acc@group-4822C5E17213: closes. applyIndex: -1
2021-08-16 02:10:11,429 [4c5d3f80-455e-48af-b42d-db12d94a5acc@group-4822C5E17213-SegmentedRaftLogWorker] INFO  segmented.SegmentedRaftLogWorker (SegmentedRaftLogWorker.java:run(327)) - 4c5d3f80-455e-48af-b42d-db12d94a5acc@group-4822C5E17213-SegmentedRaftLogWorker was interrupted, exiting. There are 0 tasks remaining in the queue.
2021-08-16 02:10:11,429 [ForkJoinPool.commonPool-worker-0] INFO  server.RaftServer$Division (ServerState.java:close(419)) - bd4316f7-8522-4e92-952a-a3dfbeefbfef@group-4822C5E17213: closes. applyIndex: -1
2021-08-16 02:10:11,429 [bd4316f7-8522-4e92-952a-a3dfbeefbfef@group-4822C5E17213-SegmentedRaftLogWorker] INFO  segmented.SegmentedRaftLogWorker (SegmentedRaftLogWorker.java:run(327)) - bd4316f7-8522-4e92-952a-a3dfbeefbfef@group-4822C5E17213-SegmentedRaftLogWorker was interrupted, exiting. There are 0 tasks remaining in the queue.
2021-08-16 02:10:11,429 [Listener at 127.0.0.1/42687] INFO  segmented.SegmentedRaftLogWorker (SegmentedRaftLogWorker.java:close(237)) - 4c5d3f80-455e-48af-b42d-db12d94a5acc@group-4822C5E17213-SegmentedRaftLogWorker close()
2021-08-16 02:10:11,429 [ForkJoinPool.commonPool-worker-0] INFO  segmented.SegmentedRaftLogWorker (SegmentedRaftLogWorker.java:close(237)) - bd4316f7-8522-4e92-952a-a3dfbeefbfef@group-4822C5E17213-SegmentedRaftLogWorker close()
2021-08-16 02:10:11,436 [Listener at 127.0.0.1/42687] INFO  server.GrpcService (GrpcService.java:closeImpl(262)) - 4c5d3f80-455e-48af-b42d-db12d94a5acc: shutdown server with port 38341 now
2021-08-16 02:10:11,436 [ForkJoinPool.commonPool-worker-0] INFO  server.GrpcService (GrpcService.java:closeImpl(262)) - bd4316f7-8522-4e92-952a-a3dfbeefbfef: shutdown server with port 40431 now
2021-08-16 02:10:11,444 [SCMBlockDeletingService#0] DEBUG block.SCMBlockDeletingService (SCMBlockDeletingService.java:call(133)) - Running DeletedBlockTransactionScanner
2021-08-16 02:10:11,445 [ForkJoinPool.commonPool-worker-0] INFO  server.GrpcService (GrpcService.java:closeImpl(271)) - bd4316f7-8522-4e92-952a-a3dfbeefbfef: shutdown server with port 40431 successfully
2021-08-16 02:10:11,446 [org.apache.ratis.util.JvmPauseMonitor$$Lambda$531/740858526@47f119e7] INFO  util.JvmPauseMonitor (JvmPauseMonitor.java:run(109)) - JvmPauseMonitor-bd4316f7-8522-4e92-952a-a3dfbeefbfef: Stopped
2021-08-16 02:10:11,450 [Listener at 127.0.0.1/42687] INFO  server.GrpcService (GrpcService.java:closeImpl(271)) - 4c5d3f80-455e-48af-b42d-db12d94a5acc: shutdown server with port 38341 successfully
2021-08-16 02:10:11,450 [org.apache.ratis.util.JvmPauseMonitor$$Lambda$531/740858526@ffa5fd] INFO  util.JvmPauseMonitor (JvmPauseMonitor.java:run(109)) - JvmPauseMonitor-4c5d3f80-455e-48af-b42d-db12d94a5acc: Stopped
2021-08-16 02:10:11,454 [Listener at 127.0.0.1/42687] INFO  utils.BackgroundService (BackgroundService.java:shutdown(132)) - Shutting down service BlockDeletingService
2021-08-16 02:10:11,458 [ForkJoinPool.commonPool-worker-0] INFO  utils.BackgroundService (BackgroundService.java:shutdown(132)) - Shutting down service BlockDeletingService
2021-08-16 02:10:11,544 [SCMBlockDeletingService#0] DEBUG block.SCMBlockDeletingService (SCMBlockDeletingService.java:call(133)) - Running DeletedBlockTransactionScanner
2021-08-16 02:10:11,647 [SCMBlockDeletingService#0] DEBUG block.SCMBlockDeletingService (SCMBlockDeletingService.java:call(133)) - Running DeletedBlockTransactionScanner
2021-08-16 02:10:11,747 [SCMBlockDeletingService#0] DEBUG block.SCMBlockDeletingService (SCMBlockDeletingService.java:call(133)) - Running DeletedBlockTransactionScanner
2021-08-16 02:10:11,847 [SCMBlockDeletingService#0] DEBUG block.SCMBlockDeletingService (SCMBlockDeletingService.java:call(133)) - Running DeletedBlockTransactionScanner
2021-08-16 02:10:11,947 [SCMBlockDeletingService#0] DEBUG block.SCMBlockDeletingService (SCMBlockDeletingService.java:call(133)) - Running DeletedBlockTransactionScanner
2021-08-16 02:10:12,047 [SCMBlockDeletingService#0] DEBUG block.SCMBlockDeletingService (SCMBlockDeletingService.java:call(133)) - Running DeletedBlockTransactionScanner
2021-08-16 02:10:12,147 [SCMBlockDeletingService#0] DEBUG block.SCMBlockDeletingService (SCMBlockDeletingService.java:call(133)) - Running DeletedBlockTransactionScanner
2021-08-16 02:10:12,247 [SCMBlockDeletingService#0] DEBUG block.SCMBlockDeletingService (SCMBlockDeletingService.java:call(133)) - Running DeletedBlockTransactionScanner
2021-08-16 02:10:12,348 [SCMBlockDeletingService#0] DEBUG block.SCMBlockDeletingService (SCMBlockDeletingService.java:call(133)) - Running DeletedBlockTransactionScanner
2021-08-16 02:10:12,448 [SCMBlockDeletingService#0] DEBUG block.SCMBlockDeletingService (SCMBlockDeletingService.java:call(133)) - Running DeletedBlockTransactionScanner
2021-08-16 02:10:12,548 [SCMBlockDeletingService#0] DEBUG block.SCMBlockDeletingService (SCMBlockDeletingService.java:call(133)) - Running DeletedBlockTransactionScanner
2021-08-16 02:10:12,648 [SCMBlockDeletingService#0] DEBUG block.SCMBlockDeletingService (SCMBlockDeletingService.java:call(133)) - Running DeletedBlockTransactionScanner
2021-08-16 02:10:12,748 [SCMBlockDeletingService#0] DEBUG block.SCMBlockDeletingService (SCMBlockDeletingService.java:call(133)) - Running DeletedBlockTransactionScanner
2021-08-16 02:10:12,848 [SCMBlockDeletingService#0] DEBUG block.SCMBlockDeletingService (SCMBlockDeletingService.java:call(133)) - Running DeletedBlockTransactionScanner
2021-08-16 02:10:12,948 [SCMBlockDeletingService#0] DEBUG block.SCMBlockDeletingService (SCMBlockDeletingService.java:call(133)) - Running DeletedBlockTransactionScanner
2021-08-16 02:10:13,048 [SCMBlockDeletingService#0] DEBUG block.SCMBlockDeletingService (SCMBlockDeletingService.java:call(133)) - Running DeletedBlockTransactionScanner
2021-08-16 02:10:13,148 [SCMBlockDeletingService#0] DEBUG block.SCMBlockDeletingService (SCMBlockDeletingService.java:call(133)) - Running DeletedBlockTransactionScanner
2021-08-16 02:10:13,248 [SCMBlockDeletingService#0] DEBUG block.SCMBlockDeletingService (SCMBlockDeletingService.java:call(133)) - Running DeletedBlockTransactionScanner
2021-08-16 02:10:13,348 [SCMBlockDeletingService#0] DEBUG block.SCMBlockDeletingService (SCMBlockDeletingService.java:call(133)) - Running DeletedBlockTransactionScanner
2021-08-16 02:10:13,448 [SCMBlockDeletingService#0] DEBUG block.SCMBlockDeletingService (SCMBlockDeletingService.java:call(133)) - Running DeletedBlockTransactionScanner
2021-08-16 02:10:13,548 [SCMBlockDeletingService#0] DEBUG block.SCMBlockDeletingService (SCMBlockDeletingService.java:call(133)) - Running DeletedBlockTransactionScanner
2021-08-16 02:10:13,649 [SCMBlockDeletingService#0] DEBUG block.SCMBlockDeletingService (SCMBlockDeletingService.java:call(133)) - Running DeletedBlockTransactionScanner
2021-08-16 02:10:13,749 [SCMBlockDeletingService#0] DEBUG block.SCMBlockDeletingService (SCMBlockDeletingService.java:call(133)) - Running DeletedBlockTransactionScanner
2021-08-16 02:10:13,849 [SCMBlockDeletingService#0] DEBUG block.SCMBlockDeletingService (SCMBlockDeletingService.java:call(133)) - Running DeletedBlockTransactionScanner
2021-08-16 02:10:13,949 [SCMBlockDeletingService#0] DEBUG block.SCMBlockDeletingService (SCMBlockDeletingService.java:call(133)) - Running DeletedBlockTransactionScanner
2021-08-16 02:10:14,049 [SCMBlockDeletingService#0] DEBUG block.SCMBlockDeletingService (SCMBlockDeletingService.java:call(133)) - Running DeletedBlockTransactionScanner
2021-08-16 02:10:14,156 [SCMBlockDeletingService#0] DEBUG block.SCMBlockDeletingService (SCMBlockDeletingService.java:call(133)) - Running DeletedBlockTransactionScanner
2021-08-16 02:10:14,256 [SCMBlockDeletingService#0] DEBUG block.SCMBlockDeletingService (SCMBlockDeletingService.java:call(133)) - Running DeletedBlockTransactionScanner
2021-08-16 02:10:14,356 [SCMBlockDeletingService#0] DEBUG block.SCMBlockDeletingService (SCMBlockDeletingService.java:call(133)) - Running DeletedBlockTransactionScanner
2021-08-16 02:10:14,460 [SCMBlockDeletingService#0] DEBUG block.SCMBlockDeletingService (SCMBlockDeletingService.java:call(133)) - Running DeletedBlockTransactionScanner
2021-08-16 02:10:14,460 [Listener at 127.0.0.1/42687] INFO  statemachine.DatanodeStateMachine (DatanodeStateMachine.java:stopDaemon(515)) - Ozone container server stopped.
2021-08-16 02:10:14,461 [Listener at 127.0.0.1/42687] INFO  handler.ContextHandler (ContextHandler.java:doStop(1153)) - Stopped o.e.j.w.WebAppContext@2c1feb95{hddsDatanode,/,null,STOPPED}{jar:file:/home/runner/.m2/repository/org/apache/ozone/hdds-container-service/1.2.0-SNAPSHOT/hdds-container-service-1.2.0-SNAPSHOT.jar!/webapps/hddsDatanode}
2021-08-16 02:10:14,463 [Listener at 127.0.0.1/42687] INFO  server.AbstractConnector (AbstractConnector.java:doStop(381)) - Stopped ServerConnector@6879ec37{HTTP/1.1, (http/1.1)}{0.0.0.0:0}
2021-08-16 02:10:14,463 [Listener at 127.0.0.1/42687] INFO  server.session (HouseKeeper.java:stopScavenging(149)) - node0 Stopped scavenging
2021-08-16 02:10:14,463 [Listener at 127.0.0.1/42687] INFO  handler.ContextHandler (ContextHandler.java:doStop(1153)) - Stopped o.e.j.s.ServletContextHandler@3d6cf6e0{static,/static,jar:file:/home/runner/.m2/repository/org/apache/ozone/hdds-container-service/1.2.0-SNAPSHOT/hdds-container-service-1.2.0-SNAPSHOT.jar!/webapps/static,STOPPED}
2021-08-16 02:10:14,463 [Listener at 127.0.0.1/42687] INFO  handler.ContextHandler (ContextHandler.java:doStop(1153)) - Stopped o.e.j.s.ServletContextHandler@43d21ec0{logs,/logs,file:///home/runner/work/ozone/ozone/hadoop-ozone/integration-test/target/log,STOPPED}
2021-08-16 02:10:14,481 [ForkJoinPool.commonPool-worker-0] INFO  statemachine.DatanodeStateMachine (DatanodeStateMachine.java:stopDaemon(515)) - Ozone container server stopped.
2021-08-16 02:10:14,483 [ForkJoinPool.commonPool-worker-0] INFO  handler.ContextHandler (ContextHandler.java:doStop(1153)) - Stopped o.e.j.w.WebAppContext@3cc27ab4{hddsDatanode,/,null,STOPPED}{jar:file:/home/runner/.m2/repository/org/apache/ozone/hdds-container-service/1.2.0-SNAPSHOT/hdds-container-service-1.2.0-SNAPSHOT.jar!/webapps/hddsDatanode}
2021-08-16 02:10:14,484 [ForkJoinPool.commonPool-worker-0] INFO  server.AbstractConnector (AbstractConnector.java:doStop(381)) - Stopped ServerConnector@420f8aa4{HTTP/1.1, (http/1.1)}{0.0.0.0:33405}
2021-08-16 02:10:14,484 [ForkJoinPool.commonPool-worker-0] INFO  server.session (HouseKeeper.java:stopScavenging(149)) - node0 Stopped scavenging
2021-08-16 02:10:14,484 [ForkJoinPool.commonPool-worker-0] INFO  handler.ContextHandler (ContextHandler.java:doStop(1153)) - Stopped o.e.j.s.ServletContextHandler@7e6a2cb5{static,/static,jar:file:/home/runner/.m2/repository/org/apache/ozone/hdds-container-service/1.2.0-SNAPSHOT/hdds-container-service-1.2.0-SNAPSHOT.jar!/webapps/static,STOPPED}
2021-08-16 02:10:14,485 [ForkJoinPool.commonPool-worker-0] INFO  handler.ContextHandler (ContextHandler.java:doStop(1153)) - Stopped o.e.j.s.ServletContextHandler@28019d67{logs,/logs,file:///home/runner/work/ozone/ozone/hadoop-ozone/integration-test/target/log,STOPPED}
2021-08-16 02:10:14,560 [SCMBlockDeletingService#0] DEBUG block.SCMBlockDeletingService (SCMBlockDeletingService.java:call(133)) - Running DeletedBlockTransactionScanner
2021-08-16 02:10:14,565 [Datanode State Machine Thread - 0] INFO  statemachine.DatanodeStateMachine (DatanodeStateMachine.java:lambda$startDaemon$0(457)) - Ozone container server started.
2021-08-16 02:10:14,660 [SCMBlockDeletingService#0] DEBUG block.SCMBlockDeletingService (SCMBlockDeletingService.java:call(133)) - Running DeletedBlockTransactionScanner
2021-08-16 02:10:14,762 [SCMBlockDeletingService#0] DEBUG block.SCMBlockDeletingService (SCMBlockDeletingService.java:call(133)) - Running DeletedBlockTransactionScanner
2021-08-16 02:10:14,862 [SCMBlockDeletingService#0] DEBUG block.SCMBlockDeletingService (SCMBlockDeletingService.java:call(133)) - Running DeletedBlockTransactionScanner
2021-08-16 02:10:14,962 [SCMBlockDeletingService#0] DEBUG block.SCMBlockDeletingService (SCMBlockDeletingService.java:call(133)) - Running DeletedBlockTransactionScanner
2021-08-16 02:10:15,062 [SCMBlockDeletingService#0] DEBUG block.SCMBlockDeletingService (SCMBlockDeletingService.java:call(133)) - Running DeletedBlockTransactionScanner
2021-08-16 02:10:15,162 [SCMBlockDeletingService#0] DEBUG block.SCMBlockDeletingService (SCMBlockDeletingService.java:call(133)) - Running DeletedBlockTransactionScanner
2021-08-16 02:10:15,263 [SCMBlockDeletingService#0] DEBUG block.SCMBlockDeletingService (SCMBlockDeletingService.java:call(133)) - Running DeletedBlockTransactionScanner
2021-08-16 02:10:15,363 [SCMBlockDeletingService#0] DEBUG block.SCMBlockDeletingService (SCMBlockDeletingService.java:call(133)) - Running DeletedBlockTransactionScanner
2021-08-16 02:10:15,463 [SCMBlockDeletingService#0] DEBUG block.SCMBlockDeletingService (SCMBlockDeletingService.java:call(133)) - Running DeletedBlockTransactionScanner
2021-08-16 02:10:15,566 [SCMBlockDeletingService#0] DEBUG block.SCMBlockDeletingService (SCMBlockDeletingService.java:call(133)) - Running DeletedBlockTransactionScanner
2021-08-16 02:10:15,666 [SCMBlockDeletingService#0] DEBUG block.SCMBlockDeletingService (SCMBlockDeletingService.java:call(133)) - Running DeletedBlockTransactionScanner
2021-08-16 02:10:15,768 [SCMBlockDeletingService#0] DEBUG block.SCMBlockDeletingService (SCMBlockDeletingService.java:call(133)) - Running DeletedBlockTransactionScanner
2021-08-16 02:10:15,868 [SCMBlockDeletingService#0] DEBUG block.SCMBlockDeletingService (SCMBlockDeletingService.java:call(133)) - Running DeletedBlockTransactionScanner
2021-08-16 02:10:15,968 [SCMBlockDeletingService#0] DEBUG block.SCMBlockDeletingService (SCMBlockDeletingService.java:call(133)) - Running DeletedBlockTransactionScanner
2021-08-16 02:10:16,068 [SCMBlockDeletingService#0] DEBUG block.SCMBlockDeletingService (SCMBlockDeletingService.java:call(133)) - Running DeletedBlockTransactionScanner
2021-08-16 02:10:16,108 [e9132cce-c60f-4b85-98ff-6a1f5b0024c6@group-4822C5E17213-FollowerState] INFO  impl.FollowerState (FollowerState.java:run(134)) - e9132cce-c60f-4b85-98ff-6a1f5b0024c6@group-4822C5E17213-FollowerState: change to CANDIDATE, lastRpcElapsedTime:5034476320ns, electionTimeout:5027ms
2021-08-16 02:10:16,108 [e9132cce-c60f-4b85-98ff-6a1f5b0024c6@group-4822C5E17213-FollowerState] INFO  impl.RoleInfo (RoleInfo.java:shutdownFollowerState(108)) - e9132cce-c60f-4b85-98ff-6a1f5b0024c6: shutdown e9132cce-c60f-4b85-98ff-6a1f5b0024c6@group-4822C5E17213-FollowerState
2021-08-16 02:10:16,109 [e9132cce-c60f-4b85-98ff-6a1f5b0024c6@group-4822C5E17213-FollowerState] INFO  server.RaftServer$Division (RaftServerImpl.java:setRole(285)) - e9132cce-c60f-4b85-98ff-6a1f5b0024c6@group-4822C5E17213: changes role from  FOLLOWER to CANDIDATE at term 1 for changeToCandidate
2021-08-16 02:10:16,109 [e9132cce-c60f-4b85-98ff-6a1f5b0024c6@group-4822C5E17213-FollowerState] INFO  server.RaftServerConfigKeys (ConfUtils.java:logGet(44)) - raft.server.leaderelection.pre-vote = false (custom)
2021-08-16 02:10:16,109 [e9132cce-c60f-4b85-98ff-6a1f5b0024c6@group-4822C5E17213-FollowerState] INFO  impl.RoleInfo (RoleInfo.java:updateAndGet(130)) - e9132cce-c60f-4b85-98ff-6a1f5b0024c6: start e9132cce-c60f-4b85-98ff-6a1f5b0024c6@group-4822C5E17213-LeaderElection18
2021-08-16 02:10:16,133 [e9132cce-c60f-4b85-98ff-6a1f5b0024c6@group-4822C5E17213-LeaderElection18] INFO  impl.LeaderElection (LeaderElection.java:askForVotes(306)) - e9132cce-c60f-4b85-98ff-6a1f5b0024c6@group-4822C5E17213-LeaderElection18 ELECTION round 0: submit vote requests at term 2 for -1: [bd4316f7-8522-4e92-952a-a3dfbeefbfef|rpc:10.1.0.7:40431|dataStream:|priority:1, 4c5d3f80-455e-48af-b42d-db12d94a5acc|rpc:10.1.0.7:38341|dataStream:|priority:0, e9132cce-c60f-4b85-98ff-6a1f5b0024c6|rpc:10.1.0.7:45089|dataStream:|priority:0], old=null
2021-08-16 02:10:16,144 [e9132cce-c60f-4b85-98ff-6a1f5b0024c6@group-4822C5E17213-LeaderElection18] INFO  impl.LeaderElection (LogUtils.java:infoOrTrace(137)) - e9132cce-c60f-4b85-98ff-6a1f5b0024c6@group-4822C5E17213-LeaderElection18 got exception when requesting votes: java.util.concurrent.ExecutionException: org.apache.ratis.thirdparty.io.grpc.StatusRuntimeException: UNAVAILABLE: io exception
2021-08-16 02:10:16,156 [e9132cce-c60f-4b85-98ff-6a1f5b0024c6@group-4822C5E17213-LeaderElection18] INFO  impl.LeaderElection (LogUtils.java:infoOrTrace(137)) - e9132cce-c60f-4b85-98ff-6a1f5b0024c6@group-4822C5E17213-LeaderElection18 got exception when requesting votes: java.util.concurrent.ExecutionException: org.apache.ratis.thirdparty.io.grpc.StatusRuntimeException: UNAVAILABLE: io exception
2021-08-16 02:10:16,156 [e9132cce-c60f-4b85-98ff-6a1f5b0024c6@group-4822C5E17213-LeaderElection18] INFO  impl.LeaderElection (LeaderElection.java:logAndReturn(89)) - e9132cce-c60f-4b85-98ff-6a1f5b0024c6@group-4822C5E17213-LeaderElection18: ELECTION REJECTED received 0 response(s) and 2 exception(s):
2021-08-16 02:10:16,157 [e9132cce-c60f-4b85-98ff-6a1f5b0024c6@group-4822C5E17213-LeaderElection18] INFO  impl.LeaderElection (LogUtils.java:infoOrTrace(137)) -   Exception 0: java.util.concurrent.ExecutionException: org.apache.ratis.thirdparty.io.grpc.StatusRuntimeException: UNAVAILABLE: io exception
2021-08-16 02:10:16,157 [e9132cce-c60f-4b85-98ff-6a1f5b0024c6@group-4822C5E17213-LeaderElection18] INFO  impl.LeaderElection (LogUtils.java:infoOrTrace(137)) -   Exception 1: java.util.concurrent.ExecutionException: org.apache.ratis.thirdparty.io.grpc.StatusRuntimeException: UNAVAILABLE: io exception
2021-08-16 02:10:16,157 [e9132cce-c60f-4b85-98ff-6a1f5b0024c6@group-4822C5E17213-LeaderElection18] INFO  impl.LeaderElection (LeaderElection.java:askForVotes(308)) - e9132cce-c60f-4b85-98ff-6a1f5b0024c6@group-4822C5E17213-LeaderElection18 ELECTION round 0: result REJECTED
2021-08-16 02:10:16,157 [e9132cce-c60f-4b85-98ff-6a1f5b0024c6@group-4822C5E17213-LeaderElection18] INFO  server.RaftServer$Division (RaftServerImpl.java:setRole(285)) - e9132cce-c60f-4b85-98ff-6a1f5b0024c6@group-4822C5E17213: changes role from CANDIDATE to FOLLOWER at term 2 for REJECTED
2021-08-16 02:10:16,157 [e9132cce-c60f-4b85-98ff-6a1f5b0024c6@group-4822C5E17213-LeaderElection18] INFO  impl.RoleInfo (RoleInfo.java:shutdownLeaderElection(121)) - e9132cce-c60f-4b85-98ff-6a1f5b0024c6: shutdown e9132cce-c60f-4b85-98ff-6a1f5b0024c6@group-4822C5E17213-LeaderElection18
2021-08-16 02:10:16,157 [e9132cce-c60f-4b85-98ff-6a1f5b0024c6@group-4822C5E17213-LeaderElection18] INFO  impl.RoleInfo (RoleInfo.java:updateAndGet(130)) - e9132cce-c60f-4b85-98ff-6a1f5b0024c6: start e9132cce-c60f-4b85-98ff-6a1f5b0024c6@group-4822C5E17213-FollowerState
2021-08-16 02:10:16,168 [SCMBlockDeletingService#0] DEBUG block.SCMBlockDeletingService (SCMBlockDeletingService.java:call(133)) - Running DeletedBlockTransactionScanner
2021-08-16 02:10:16,268 [SCMBlockDeletingService#0] DEBUG block.SCMBlockDeletingService (SCMBlockDeletingService.java:call(133)) - Running DeletedBlockTransactionScanner
2021-08-16 02:10:16,368 [SCMBlockDeletingService#0] DEBUG block.SCMBlockDeletingService (SCMBlockDeletingService.java:call(133)) - Running DeletedBlockTransactionScanner
2021-08-16 02:10:16,468 [SCMBlockDeletingService#0] DEBUG block.SCMBlockDeletingService (SCMBlockDeletingService.java:call(133)) - Running DeletedBlockTransactionScanner
2021-08-16 02:10:16,568 [SCMBlockDeletingService#0] DEBUG block.SCMBlockDeletingService (SCMBlockDeletingService.java:call(133)) - Running DeletedBlockTransactionScanner
2021-08-16 02:10:16,669 [SCMBlockDeletingService#0] DEBUG block.SCMBlockDeletingService (SCMBlockDeletingService.java:call(133)) - Running DeletedBlockTransactionScanner
2021-08-16 02:10:16,769 [SCMBlockDeletingService#0] DEBUG block.SCMBlockDeletingService (SCMBlockDeletingService.java:call(133)) - Running DeletedBlockTransactionScanner
2021-08-16 02:10:16,869 [SCMBlockDeletingService#0] DEBUG block.SCMBlockDeletingService (SCMBlockDeletingService.java:call(133)) - Running DeletedBlockTransactionScanner
2021-08-16 02:10:16,969 [SCMBlockDeletingService#0] DEBUG block.SCMBlockDeletingService (SCMBlockDeletingService.java:call(133)) - Running DeletedBlockTransactionScanner
2021-08-16 02:10:17,069 [SCMBlockDeletingService#0] DEBUG block.SCMBlockDeletingService (SCMBlockDeletingService.java:call(133)) - Running DeletedBlockTransactionScanner
2021-08-16 02:10:17,169 [SCMBlockDeletingService#0] DEBUG block.SCMBlockDeletingService (SCMBlockDeletingService.java:call(133)) - Running DeletedBlockTransactionScanner
2021-08-16 02:10:17,269 [SCMBlockDeletingService#0] DEBUG block.SCMBlockDeletingService (SCMBlockDeletingService.java:call(133)) - Running DeletedBlockTransactionScanner
2021-08-16 02:10:17,369 [SCMBlockDeletingService#0] DEBUG block.SCMBlockDeletingService (SCMBlockDeletingService.java:call(133)) - Running DeletedBlockTransactionScanner
2021-08-16 02:10:17,447 [EventQueue-StaleNodeForStaleNodeHandler] INFO  node.StaleNodeHandler (StaleNodeHandler.java:onMessage(58)) - Datanode e9132cce-c60f-4b85-98ff-6a1f5b0024c6{ip: 10.1.0.7, host: fv-az148-41.bm4ck3pvxvsene1rjriu5fhcdb.bx.internal.cloudapp.net, ports: [REPLICATION=46267, RATIS=45089, RATIS_ADMIN=45089, RATIS_SERVER=45089, STANDALONE=36971], networkLocation: /default-rack, certSerialId: null, persistedOpState: IN_SERVICE, persistedOpStateExpiryEpochSec: 0} moved to stale state. Finalizing its pipelines [PipelineID=8794b8df-fbbd-4d47-9327-4822c5e17213]
2021-08-16 02:10:17,469 [SCMBlockDeletingService#0] DEBUG block.SCMBlockDeletingService (SCMBlockDeletingService.java:call(133)) - Running DeletedBlockTransactionScanner
2021-08-16 02:10:17,569 [SCMBlockDeletingService#0] DEBUG block.SCMBlockDeletingService (SCMBlockDeletingService.java:call(133)) - Running DeletedBlockTransactionScanner
2021-08-16 02:10:17,669 [SCMBlockDeletingService#0] DEBUG block.SCMBlockDeletingService (SCMBlockDeletingService.java:call(133)) - Running DeletedBlockTransactionScanner
2021-08-16 02:10:17,769 [SCMBlockDeletingService#0] DEBUG block.SCMBlockDeletingService (SCMBlockDeletingService.java:call(133)) - Running DeletedBlockTransactionScanner
2021-08-16 02:10:17,870 [SCMBlockDeletingService#0] DEBUG block.SCMBlockDeletingService (SCMBlockDeletingService.java:call(133)) - Running DeletedBlockTransactionScanner
2021-08-16 02:10:17,970 [SCMBlockDeletingService#0] DEBUG block.SCMBlockDeletingService (SCMBlockDeletingService.java:call(133)) - Running DeletedBlockTransactionScanner
2021-08-16 02:10:18,070 [SCMBlockDeletingService#0] DEBUG block.SCMBlockDeletingService (SCMBlockDeletingService.java:call(133)) - Running DeletedBlockTransactionScanner
2021-08-16 02:10:18,170 [SCMBlockDeletingService#0] DEBUG block.SCMBlockDeletingService (SCMBlockDeletingService.java:call(133)) - Running DeletedBlockTransactionScanner
2021-08-16 02:10:18,270 [SCMBlockDeletingService#0] DEBUG block.SCMBlockDeletingService (SCMBlockDeletingService.java:call(133)) - Running DeletedBlockTransactionScanner
2021-08-16 02:10:18,370 [SCMBlockDeletingService#0] DEBUG block.SCMBlockDeletingService (SCMBlockDeletingService.java:call(133)) - Running DeletedBlockTransactionScanner
2021-08-16 02:10:18,470 [SCMBlockDeletingService#0] DEBUG block.SCMBlockDeletingService (SCMBlockDeletingService.java:call(133)) - Running DeletedBlockTransactionScanner
2021-08-16 02:10:18,570 [SCMBlockDeletingService#0] DEBUG block.SCMBlockDeletingService (SCMBlockDeletingService.java:call(133)) - Running DeletedBlockTransactionScanner
2021-08-16 02:10:18,670 [SCMBlockDeletingService#0] DEBUG block.SCMBlockDeletingService (SCMBlockDeletingService.java:call(133)) - Running DeletedBlockTransactionScanner
2021-08-16 02:10:18,770 [SCMBlockDeletingService#0] DEBUG block.SCMBlockDeletingService (SCMBlockDeletingService.java:call(133)) - Running DeletedBlockTransactionScanner
2021-08-16 02:10:18,872 [SCMBlockDeletingService#0] DEBUG block.SCMBlockDeletingService (SCMBlockDeletingService.java:call(133)) - Running DeletedBlockTransactionScanner
2021-08-16 02:10:18,972 [SCMBlockDeletingService#0] DEBUG block.SCMBlockDeletingService (SCMBlockDeletingService.java:call(133)) - Running DeletedBlockTransactionScanner
2021-08-16 02:10:19,072 [SCMBlockDeletingService#0] DEBUG block.SCMBlockDeletingService (SCMBlockDeletingService.java:call(133)) - Running DeletedBlockTransactionScanner
2021-08-16 02:10:19,172 [SCMBlockDeletingService#0] DEBUG block.SCMBlockDeletingService (SCMBlockDeletingService.java:call(133)) - Running DeletedBlockTransactionScanner
2021-08-16 02:10:19,272 [SCMBlockDeletingService#0] DEBUG block.SCMBlockDeletingService (SCMBlockDeletingService.java:call(133)) - Running DeletedBlockTransactionScanner
2021-08-16 02:10:19,372 [SCMBlockDeletingService#0] DEBUG block.SCMBlockDeletingService (SCMBlockDeletingService.java:call(133)) - Running DeletedBlockTransactionScanner
2021-08-16 02:10:19,472 [SCMBlockDeletingService#0] DEBUG block.SCMBlockDeletingService (SCMBlockDeletingService.java:call(133)) - Running DeletedBlockTransactionScanner
2021-08-16 02:10:19,475 [Listener at 127.0.0.1/42687] INFO  ozoneimpl.OzoneContainer (OzoneContainer.java:stop(326)) - Attempting to stop container services.
2021-08-16 02:10:19,488 [Listener at 127.0.0.1/42687] INFO  server.RaftServer (RaftServerProxy.java:lambda$close$6(391)) - e9132cce-c60f-4b85-98ff-6a1f5b0024c6: close
2021-08-16 02:10:19,488 [Listener at 127.0.0.1/42687] INFO  server.RaftServer$Division (RaftServerImpl.java:lambda$close$4(407)) - e9132cce-c60f-4b85-98ff-6a1f5b0024c6@group-4822C5E17213: shutdown
2021-08-16 02:10:19,489 [Listener at 127.0.0.1/42687] INFO  util.JmxRegister (JmxRegister.java:unregister(73)) - Successfully un-registered JMX Bean with object name Ratis:service=RaftServer,group=group-4822C5E17213,id=e9132cce-c60f-4b85-98ff-6a1f5b0024c6
2021-08-16 02:10:19,489 [Listener at 127.0.0.1/42687] INFO  impl.RoleInfo (RoleInfo.java:shutdownFollowerState(108)) - e9132cce-c60f-4b85-98ff-6a1f5b0024c6: shutdown e9132cce-c60f-4b85-98ff-6a1f5b0024c6@group-4822C5E17213-FollowerState
2021-08-16 02:10:19,489 [Listener at 127.0.0.1/42687] INFO  impl.StateMachineUpdater (StateMachineUpdater.java:stopAndJoin(149)) - e9132cce-c60f-4b85-98ff-6a1f5b0024c6@group-4822C5E17213-StateMachineUpdater: set stopIndex = -1
2021-08-16 02:10:19,489 [e9132cce-c60f-4b85-98ff-6a1f5b0024c6@group-4822C5E17213-FollowerState] INFO  impl.FollowerState (FollowerState.java:run(143)) - e9132cce-c60f-4b85-98ff-6a1f5b0024c6@group-4822C5E17213-FollowerState was interrupted: {}
java.lang.InterruptedException: sleep interrupted
	at java.lang.Thread.sleep(Native Method)
	at java.lang.Thread.sleep(Thread.java:340)
	at java.util.concurrent.TimeUnit.sleep(TimeUnit.java:386)
	at org.apache.ratis.util.TimeDuration.sleep(TimeDuration.java:324)
	at org.apache.ratis.util.TimeDuration.sleep(TimeDuration.java:309)
	at org.apache.ratis.server.impl.FollowerState.run(FollowerState.java:118)
2021-08-16 02:10:19,500 [Listener at 127.0.0.1/42687] INFO  server.RaftServer$Division (ServerState.java:close(419)) - e9132cce-c60f-4b85-98ff-6a1f5b0024c6@group-4822C5E17213: closes. applyIndex: -1
2021-08-16 02:10:19,500 [e9132cce-c60f-4b85-98ff-6a1f5b0024c6@group-4822C5E17213-SegmentedRaftLogWorker] INFO  segmented.SegmentedRaftLogWorker (SegmentedRaftLogWorker.java:run(327)) - e9132cce-c60f-4b85-98ff-6a1f5b0024c6@group-4822C5E17213-SegmentedRaftLogWorker was interrupted, exiting. There are 0 tasks remaining in the queue.
2021-08-16 02:10:19,500 [Listener at 127.0.0.1/42687] INFO  segmented.SegmentedRaftLogWorker (SegmentedRaftLogWorker.java:close(237)) - e9132cce-c60f-4b85-98ff-6a1f5b0024c6@group-4822C5E17213-SegmentedRaftLogWorker close()
2021-08-16 02:10:19,502 [Listener at 127.0.0.1/42687] INFO  server.GrpcService (GrpcService.java:closeImpl(262)) - e9132cce-c60f-4b85-98ff-6a1f5b0024c6: shutdown server with port 45089 now
2021-08-16 02:10:19,517 [Listener at 127.0.0.1/42687] INFO  server.GrpcService (GrpcService.java:closeImpl(271)) - e9132cce-c60f-4b85-98ff-6a1f5b0024c6: shutdown server with port 45089 successfully
2021-08-16 02:10:19,518 [org.apache.ratis.util.JvmPauseMonitor$$Lambda$531/740858526@4625c4f] INFO  util.JvmPauseMonitor (JvmPauseMonitor.java:run(109)) - JvmPauseMonitor-e9132cce-c60f-4b85-98ff-6a1f5b0024c6: Stopped
2021-08-16 02:10:19,519 [Listener at 127.0.0.1/42687] INFO  utils.BackgroundService (BackgroundService.java:shutdown(132)) - Shutting down service BlockDeletingService
2021-08-16 02:10:19,572 [SCMBlockDeletingService#0] DEBUG block.SCMBlockDeletingService (SCMBlockDeletingService.java:call(133)) - Running DeletedBlockTransactionScanner
2021-08-16 02:10:19,672 [SCMBlockDeletingService#0] DEBUG block.SCMBlockDeletingService (SCMBlockDeletingService.java:call(133)) - Running DeletedBlockTransactionScanner
2021-08-16 02:10:19,773 [SCMBlockDeletingService#0] DEBUG block.SCMBlockDeletingService (SCMBlockDeletingService.java:call(133)) - Running DeletedBlockTransactionScanner
2021-08-16 02:10:19,873 [SCMBlockDeletingService#0] DEBUG block.SCMBlockDeletingService (SCMBlockDeletingService.java:call(133)) - Running DeletedBlockTransactionScanner
2021-08-16 02:10:19,973 [SCMBlockDeletingService#0] DEBUG block.SCMBlockDeletingService (SCMBlockDeletingService.java:call(133)) - Running DeletedBlockTransactionScanner
2021-08-16 02:10:20,073 [SCMBlockDeletingService#0] DEBUG block.SCMBlockDeletingService (SCMBlockDeletingService.java:call(133)) - Running DeletedBlockTransactionScanner
2021-08-16 02:10:20,173 [SCMBlockDeletingService#0] DEBUG block.SCMBlockDeletingService (SCMBlockDeletingService.java:call(133)) - Running DeletedBlockTransactionScanner
2021-08-16 02:10:20,273 [SCMBlockDeletingService#0] DEBUG block.SCMBlockDeletingService (SCMBlockDeletingService.java:call(133)) - Running DeletedBlockTransactionScanner
2021-08-16 02:10:20,373 [SCMBlockDeletingService#0] DEBUG block.SCMBlockDeletingService (SCMBlockDeletingService.java:call(133)) - Running DeletedBlockTransactionScanner
2021-08-16 02:10:20,474 [SCMBlockDeletingService#0] DEBUG block.SCMBlockDeletingService (SCMBlockDeletingService.java:call(133)) - Running DeletedBlockTransactionScanner
2021-08-16 02:10:20,574 [SCMBlockDeletingService#0] DEBUG block.SCMBlockDeletingService (SCMBlockDeletingService.java:call(133)) - Running DeletedBlockTransactionScanner
2021-08-16 02:10:20,674 [SCMBlockDeletingService#0] DEBUG block.SCMBlockDeletingService (SCMBlockDeletingService.java:call(133)) - Running DeletedBlockTransactionScanner
2021-08-16 02:10:20,774 [SCMBlockDeletingService#0] DEBUG block.SCMBlockDeletingService (SCMBlockDeletingService.java:call(133)) - Running DeletedBlockTransactionScanner
2021-08-16 02:10:20,874 [SCMBlockDeletingService#0] DEBUG block.SCMBlockDeletingService (SCMBlockDeletingService.java:call(133)) - Running DeletedBlockTransactionScanner
2021-08-16 02:10:20,974 [SCMBlockDeletingService#0] DEBUG block.SCMBlockDeletingService (SCMBlockDeletingService.java:call(133)) - Running DeletedBlockTransactionScanner
2021-08-16 02:10:21,074 [SCMBlockDeletingService#0] DEBUG block.SCMBlockDeletingService (SCMBlockDeletingService.java:call(133)) - Running DeletedBlockTransactionScanner
2021-08-16 02:10:21,174 [SCMBlockDeletingService#0] DEBUG block.SCMBlockDeletingService (SCMBlockDeletingService.java:call(133)) - Running DeletedBlockTransactionScanner
2021-08-16 02:10:21,274 [SCMBlockDeletingService#0] DEBUG block.SCMBlockDeletingService (SCMBlockDeletingService.java:call(133)) - Running DeletedBlockTransactionScanner
2021-08-16 02:10:21,374 [SCMBlockDeletingService#0] DEBUG block.SCMBlockDeletingService (SCMBlockDeletingService.java:call(133)) - Running DeletedBlockTransactionScanner
2021-08-16 02:10:21,475 [SCMBlockDeletingService#0] DEBUG block.SCMBlockDeletingService (SCMBlockDeletingService.java:call(133)) - Running DeletedBlockTransactionScanner
2021-08-16 02:10:21,575 [SCMBlockDeletingService#0] DEBUG block.SCMBlockDeletingService (SCMBlockDeletingService.java:call(133)) - Running DeletedBlockTransactionScanner
2021-08-16 02:10:21,675 [SCMBlockDeletingService#0] DEBUG block.SCMBlockDeletingService (SCMBlockDeletingService.java:call(133)) - Running DeletedBlockTransactionScanner
2021-08-16 02:10:21,775 [SCMBlockDeletingService#0] DEBUG block.SCMBlockDeletingService (SCMBlockDeletingService.java:call(133)) - Running DeletedBlockTransactionScanner
2021-08-16 02:10:21,875 [SCMBlockDeletingService#0] DEBUG block.SCMBlockDeletingService (SCMBlockDeletingService.java:call(133)) - Running DeletedBlockTransactionScanner
2021-08-16 02:10:21,975 [SCMBlockDeletingService#0] DEBUG block.SCMBlockDeletingService (SCMBlockDeletingService.java:call(133)) - Running DeletedBlockTransactionScanner
2021-08-16 02:10:22,075 [SCMBlockDeletingService#0] DEBUG block.SCMBlockDeletingService (SCMBlockDeletingService.java:call(133)) - Running DeletedBlockTransactionScanner
2021-08-16 02:10:22,175 [SCMBlockDeletingService#0] DEBUG block.SCMBlockDeletingService (SCMBlockDeletingService.java:call(133)) - Running DeletedBlockTransactionScanner
2021-08-16 02:10:22,275 [SCMBlockDeletingService#0] DEBUG block.SCMBlockDeletingService (SCMBlockDeletingService.java:call(133)) - Running DeletedBlockTransactionScanner
2021-08-16 02:10:22,375 [SCMBlockDeletingService#0] DEBUG block.SCMBlockDeletingService (SCMBlockDeletingService.java:call(133)) - Running DeletedBlockTransactionScanner
2021-08-16 02:10:22,475 [SCMBlockDeletingService#0] DEBUG block.SCMBlockDeletingService (SCMBlockDeletingService.java:call(133)) - Running DeletedBlockTransactionScanner
2021-08-16 02:10:22,535 [Listener at 127.0.0.1/42687] INFO  statemachine.DatanodeStateMachine (DatanodeStateMachine.java:stopDaemon(515)) - Ozone container server stopped.
2021-08-16 02:10:22,536 [Listener at 127.0.0.1/42687] INFO  handler.ContextHandler (ContextHandler.java:doStop(1153)) - Stopped o.e.j.w.WebAppContext@563f9766{hddsDatanode,/,null,STOPPED}{jar:file:/home/runner/.m2/repository/org/apache/ozone/hdds-container-service/1.2.0-SNAPSHOT/hdds-container-service-1.2.0-SNAPSHOT.jar!/webapps/hddsDatanode}
2021-08-16 02:10:22,537 [Listener at 127.0.0.1/42687] INFO  server.AbstractConnector (AbstractConnector.java:doStop(381)) - Stopped ServerConnector@4654aab6{HTTP/1.1, (http/1.1)}{0.0.0.0:0}
2021-08-16 02:10:22,537 [Listener at 127.0.0.1/42687] INFO  server.session (HouseKeeper.java:stopScavenging(149)) - node0 Stopped scavenging
2021-08-16 02:10:22,537 [Listener at 127.0.0.1/42687] INFO  handler.ContextHandler (ContextHandler.java:doStop(1153)) - Stopped o.e.j.s.ServletContextHandler@72be2170{static,/static,jar:file:/home/runner/.m2/repository/org/apache/ozone/hdds-container-service/1.2.0-SNAPSHOT/hdds-container-service-1.2.0-SNAPSHOT.jar!/webapps/static,STOPPED}
2021-08-16 02:10:22,537 [Listener at 127.0.0.1/42687] INFO  handler.ContextHandler (ContextHandler.java:doStop(1153)) - Stopped o.e.j.s.ServletContextHandler@65a44d8a{logs,/logs,file:///home/runner/work/ozone/ozone/hadoop-ozone/integration-test/target/log,STOPPED}
2021-08-16 02:10:22,539 [Listener at 127.0.0.1/42687] INFO  ozone.MiniOzoneClusterImpl (MiniOzoneClusterImpl.java:stopSCM(542)) - Stopping the StorageContainerManager
2021-08-16 02:10:22,539 [Listener at 127.0.0.1/42687] INFO  server.StorageContainerManager (StorageContainerManager.java:stop(1341)) - Stopping Replication Manager Service.
2021-08-16 02:10:22,539 [Listener at 127.0.0.1/42687] INFO  container.ReplicationManager (ReplicationManager.java:stop(317)) - Stopping Replication Monitor Thread.
2021-08-16 02:10:22,539 [Listener at 127.0.0.1/42687] INFO  server.StorageContainerManager (StorageContainerManager.java:stop(1348)) - Stopping the Datanode Admin Monitor.
2021-08-16 02:10:22,540 [Listener at 127.0.0.1/42687] INFO  server.StorageContainerManager (StorageContainerManager.java:stop(1355)) - Stopping Lease Manager of the command watchers
2021-08-16 02:10:22,540 [Listener at 127.0.0.1/42687] INFO  server.StorageContainerManager (StorageContainerManager.java:stop(1362)) - Stopping datanode service RPC server
2021-08-16 02:10:22,540 [Listener at 127.0.0.1/42687] INFO  server.SCMDatanodeProtocolServer (SCMDatanodeProtocolServer.java:stop(389)) - Stopping the RPC server for DataNodes
2021-08-16 02:10:22,540 [Listener at 127.0.0.1/42687] INFO  ipc.Server (Server.java:stop(3414)) - Stopping server on 39111
2021-08-16 02:10:22,542 [IPC Server listener on 0] INFO  ipc.Server (Server.java:run(1376)) - Stopping IPC Server listener on 0
2021-08-16 02:10:22,556 [IPC Server Responder] INFO  ipc.Server (Server.java:run(1512)) - Stopping IPC Server Responder
2021-08-16 02:10:22,566 [SCM Heartbeat Processing Thread - 0] WARN  node.NodeStateManager (NodeStateManager.java:scheduleNextHealthCheck(799)) - Current Thread is interrupted, shutting down HB processing thread for Node Manager.
2021-08-16 02:10:22,567 [Listener at 127.0.0.1/42687] INFO  server.StorageContainerManager (StorageContainerManager.java:stop(1370)) - Stopping block service RPC server
2021-08-16 02:10:22,567 [Listener at 127.0.0.1/42687] INFO  server.SCMBlockProtocolServer (SCMBlockProtocolServer.java:stop(160)) - Stopping the RPC server for Block Protocol
2021-08-16 02:10:22,567 [Listener at 127.0.0.1/42687] INFO  ipc.Server (Server.java:stop(3414)) - Stopping server on 41167
2021-08-16 02:10:22,570 [Listener at 127.0.0.1/42687] INFO  server.StorageContainerManager (StorageContainerManager.java:stop(1377)) - Stopping the StorageContainerLocationProtocol RPC server
2021-08-16 02:10:22,570 [Listener at 127.0.0.1/42687] INFO  server.SCMClientProtocolServer (SCMClientProtocolServer.java:stop(173)) - Stopping the RPC server for Client Protocol
2021-08-16 02:10:22,570 [Listener at 127.0.0.1/42687] INFO  ipc.Server (Server.java:stop(3414)) - Stopping server on 40915
2021-08-16 02:10:22,570 [IPC Server listener on 0] INFO  ipc.Server (Server.java:run(1376)) - Stopping IPC Server listener on 0
2021-08-16 02:10:22,571 [IPC Server Responder] INFO  ipc.Server (Server.java:run(1512)) - Stopping IPC Server Responder
2021-08-16 02:10:22,575 [SCMBlockDeletingService#0] DEBUG block.SCMBlockDeletingService (SCMBlockDeletingService.java:call(133)) - Running DeletedBlockTransactionScanner
2021-08-16 02:10:22,585 [Listener at 127.0.0.1/42687] INFO  server.StorageContainerManager (StorageContainerManager.java:stop(1384)) - Stopping Storage Container Manager HTTP server.
2021-08-16 02:10:22,586 [Listener at 127.0.0.1/42687] INFO  handler.ContextHandler (ContextHandler.java:doStop(1153)) - Stopped o.e.j.w.WebAppContext@71e67dd6{scm,/,null,STOPPED}{file:/home/runner/work/ozone/ozone/hadoop-ozone/integration-test/target/test-classes/webapps/scm}
2021-08-16 02:10:22,586 [IPC Server listener on 0] INFO  ipc.Server (Server.java:run(1376)) - Stopping IPC Server listener on 0
2021-08-16 02:10:22,586 [IPC Server Responder] INFO  ipc.Server (Server.java:run(1512)) - Stopping IPC Server Responder
2021-08-16 02:10:22,600 [Listener at 127.0.0.1/42687] INFO  server.AbstractConnector (AbstractConnector.java:doStop(381)) - Stopped ServerConnector@53a51411{HTTP/1.1, (http/1.1)}{0.0.0.0:0}
2021-08-16 02:10:22,600 [Listener at 127.0.0.1/42687] INFO  server.session (HouseKeeper.java:stopScavenging(149)) - node0 Stopped scavenging
2021-08-16 02:10:22,601 [Listener at 127.0.0.1/42687] INFO  handler.ContextHandler (ContextHandler.java:doStop(1153)) - Stopped o.e.j.s.ServletContextHandler@1aac10b5{static,/static,file:///home/runner/work/ozone/ozone/hadoop-ozone/integration-test/target/test-classes/webapps/static,STOPPED}
2021-08-16 02:10:22,601 [Listener at 127.0.0.1/42687] INFO  handler.ContextHandler (ContextHandler.java:doStop(1153)) - Stopped o.e.j.s.ServletContextHandler@475c02b5{logs,/logs,file:///home/runner/work/ozone/ozone/hadoop-ozone/integration-test/target/log,STOPPED}
2021-08-16 02:10:22,602 [Listener at 127.0.0.1/42687] INFO  server.StorageContainerManager (StorageContainerManager.java:stop(1395)) - Stopping Block Manager Service.
2021-08-16 02:10:22,602 [Listener at 127.0.0.1/42687] INFO  utils.BackgroundService (BackgroundService.java:shutdown(132)) - Shutting down service SCMBlockDeletingService
2021-08-16 02:10:22,602 [Listener at 127.0.0.1/42687] INFO  utils.BackgroundService (BackgroundService.java:shutdown(132)) - Shutting down service SCMBlockDeletingService
2021-08-16 02:10:22,602 [Listener at 127.0.0.1/42687] INFO  server.StorageContainerManager (StorageContainerManager.java:stop(1422)) - Stopping SCM Event Queue.
2021-08-16 02:10:22,604 [Listener at 127.0.0.1/42687] INFO  server.StorageContainerManager (StorageContainerManager.java:stop(1433)) - Stopping SCM HA services.
2021-08-16 02:10:22,604 [Listener at 127.0.0.1/42687] INFO  pipeline.BackgroundPipelineCreator (BackgroundPipelineCreatorV2.java:stop(158)) - Stopping RatisPipelineUtilsThread.
2021-08-16 02:10:22,604 [Listener at 127.0.0.1/42687] INFO  server.StorageContainerManager (StorageContainerManager.java:stop(1443)) - Stopping SCM MetadataStore.
2021-08-16 02:10:22,605 [Listener at 127.0.0.1/42687] INFO  impl.MetricsSystemImpl (MetricsSystemImpl.java:stop(210)) - Stopping HddsDatanode metrics system...
2021-08-16 02:10:22,643 [prometheus] INFO  impl.MetricsSinkAdapter (MetricsSinkAdapter.java:publishMetricsFromQueue(141)) - prometheus thread interrupted.
2021-08-16 02:10:22,644 [Listener at 127.0.0.1/42687] INFO  impl.MetricsSystemImpl (MetricsSystemImpl.java:stop(216)) - HddsDatanode metrics system stopped.
]]></system-out>
  </testcase>
  <testcase name="testBlockDeletion" classname="org.apache.hadoop.ozone.container.common.statemachine.commandhandler.TestBlockDeletion" time="132.214"/>
</testsuite>