<?xml version="1.0" encoding="UTF-8"?>
<testsuite xmlns:xsi="http://www.w3.org/2001/XMLSchema-instance" xsi:noNamespaceSchemaLocation="https://maven.apache.org/surefire/maven-surefire-plugin/xsd/surefire-test-report-3.0.xsd" version="3.0" name="org.apache.hadoop.fs.ozone.TestSafeMode" time="103.842" tests="2" errors="1" skipped="0" failures="0">
  <properties>
    <property name="awt.toolkit" value="sun.awt.X11.XToolkit"/>
    <property name="file.encoding.pkg" value="sun.io"/>
    <property name="java.specification.version" value="1.8"/>
    <property name="sun.cpu.isalist" value=""/>
    <property name="sun.jnu.encoding" value="UTF-8"/>
    <property name="gradle.enterprise.listener.surefire.forkId" value="1"/>
    <property name="java.class.path" value="/home/runner/work/ozone/ozone/hadoop-ozone/integration-test/target/test-classes:/home/runner/work/ozone/ozone/hadoop-ozone/integration-test/target/classes:/home/runner/.m2/repository/org/apache/ozone/ozone-common/1.5.0-SNAPSHOT/ozone-common-1.5.0-SNAPSHOT.jar:/home/runner/.m2/repository/io/grpc/grpc-netty/1.58.0/grpc-netty-1.58.0.jar:/home/runner/.m2/repository/io/grpc/grpc-core/1.58.0/grpc-core-1.58.0.jar:/home/runner/.m2/repository/com/google/android/annotations/4.1.1.4/annotations-4.1.1.4.jar:/home/runner/.m2/repository/org/codehaus/mojo/animal-sniffer-annotations/1.23/animal-sniffer-annotations-1.23.jar:/home/runner/.m2/repository/io/grpc/grpc-context/1.58.0/grpc-context-1.58.0.jar:/home/runner/.m2/repository/io/grpc/grpc-util/1.58.0/grpc-util-1.58.0.jar:/home/runner/.m2/repository/com/google/errorprone/error_prone_annotations/2.2.0/error_prone_annotations-2.2.0.jar:/home/runner/.m2/repository/io/perfmark/perfmark-api/0.26.0/perfmark-api-0.26.0.jar:/home/runner/.m2/repository/io/netty/netty-codec-http2/4.1.100.Final/netty-codec-http2-4.1.100.Final.jar:/home/runner/.m2/repository/io/netty/netty-common/4.1.100.Final/netty-common-4.1.100.Final.jar:/home/runner/.m2/repository/io/netty/netty-buffer/4.1.100.Final/netty-buffer-4.1.100.Final.jar:/home/runner/.m2/repository/io/netty/netty-codec-http/4.1.100.Final/netty-codec-http-4.1.100.Final.jar:/home/runner/.m2/repository/io/netty/netty-handler-proxy/4.1.100.Final/netty-handler-proxy-4.1.100.Final.jar:/home/runner/.m2/repository/io/netty/netty-codec-socks/4.1.100.Final/netty-codec-socks-4.1.100.Final.jar:/home/runner/.m2/repository/io/netty/netty-tcnative-boringssl-static/2.0.61.Final/netty-tcnative-boringssl-static-2.0.61.Final.jar:/home/runner/.m2/repository/io/netty/netty-tcnative-classes/2.0.61.Final/netty-tcnative-classes-2.0.61.Final.jar:/home/runner/.m2/repository/io/netty/netty-tcnative-boringssl-static/2.0.61.Final/netty-tcnative-boringssl-static-2.0.61.Final-linux-x86_64.jar:/home/runner/.m2/repository/io/netty/netty-tcnative-boringssl-static/2.0.61.Final/netty-tcnative-boringssl-static-2.0.61.Final-linux-aarch_64.jar:/home/runner/.m2/repository/io/netty/netty-tcnative-boringssl-static/2.0.61.Final/netty-tcnative-boringssl-static-2.0.61.Final-osx-x86_64.jar:/home/runner/.m2/repository/io/netty/netty-tcnative-boringssl-static/2.0.61.Final/netty-tcnative-boringssl-static-2.0.61.Final-osx-aarch_64.jar:/home/runner/.m2/repository/io/netty/netty-tcnative-boringssl-static/2.0.61.Final/netty-tcnative-boringssl-static-2.0.61.Final-windows-x86_64.jar:/home/runner/.m2/repository/org/apache/commons/commons-compress/1.25.0/commons-compress-1.25.0.jar:/home/runner/.m2/repository/org/apache/ozone/hdds-common/1.5.0-SNAPSHOT/hdds-common-1.5.0-SNAPSHOT.jar:/home/runner/.m2/repository/org/apache/ozone/hdds-client/1.5.0-SNAPSHOT/hdds-client-1.5.0-SNAPSHOT.jar:/home/runner/.m2/repository/org/apache/ozone/ozone-interface-client/1.5.0-SNAPSHOT/ozone-interface-client-1.5.0-SNAPSHOT.jar:/home/runner/.m2/repository/org/apache/hadoop/hadoop-hdfs-client/3.3.6/hadoop-hdfs-client-3.3.6.jar:/home/runner/.m2/repository/com/squareup/okhttp3/okhttp/4.12.0/okhttp-4.12.0.jar:/home/runner/.m2/repository/com/squareup/okio/okio/3.6.0/okio-3.6.0.jar:/home/runner/.m2/repository/com/squareup/okio/okio-jvm/3.6.0/okio-jvm-3.6.0.jar:/home/runner/.m2/repository/org/jetbrains/kotlin/kotlin-stdlib-jdk8/1.9.22/kotlin-stdlib-jdk8-1.9.22.jar:/home/runner/.m2/repository/org/jetbrains/kotlin/kotlin-stdlib-jdk7/1.9.22/kotlin-stdlib-jdk7-1.9.22.jar:/home/runner/.m2/repository/org/jetbrains/kotlin/kotlin-stdlib-common/1.9.22/kotlin-stdlib-common-1.9.22.jar:/home/runner/.m2/repository/org/apache/ozone/hdds-test-utils/1.5.0-SNAPSHOT/hdds-test-utils-1.5.0-SNAPSHOT.jar:/home/runner/.m2/repository/com/google/guava/guava/32.0.0-jre/guava-32.0.0-jre.jar:/home/runner/.m2/repository/com/google/guava/failureaccess/1.0.1/failureaccess-1.0.1.jar:/home/runner/.m2/repository/com/google/guava/listenablefuture/9999.0-empty-to-avoid-conflict-with-guava/listenablefuture-9999.0-empty-to-avoid-conflict-with-guava.jar:/home/runner/.m2/repository/com/google/code/findbugs/jsr305/3.0.0/jsr305-3.0.0.jar:/home/runner/.m2/repository/org/checkerframework/checker-qual/3.33.0/checker-qual-3.33.0.jar:/home/runner/.m2/repository/com/google/j2objc/j2objc-annotations/2.8/j2objc-annotations-2.8.jar:/home/runner/.m2/repository/commons-io/commons-io/2.11.0/commons-io-2.11.0.jar:/home/runner/.m2/repository/commons-logging/commons-logging/1.2/commons-logging-1.2.jar:/home/runner/.m2/repository/org/junit/jupiter/junit-jupiter-api/5.10.1/junit-jupiter-api-5.10.1.jar:/home/runner/.m2/repository/org/opentest4j/opentest4j/1.3.0/opentest4j-1.3.0.jar:/home/runner/.m2/repository/org/junit/platform/junit-platform-commons/1.10.1/junit-platform-commons-1.10.1.jar:/home/runner/.m2/repository/ch/qos/reload4j/reload4j/1.2.25/reload4j-1.2.25.jar:/home/runner/.m2/repository/org/slf4j/slf4j-api/2.0.10/slf4j-api-2.0.10.jar:/home/runner/.m2/repository/org/apache/logging/log4j/log4j-api/2.17.1/log4j-api-2.17.1.jar:/home/runner/.m2/repository/org/apache/ozone/hdds-server-scm/1.5.0-SNAPSHOT/hdds-server-scm-1.5.0-SNAPSHOT.jar:/home/runner/.m2/repository/com/google/protobuf/protobuf-java/2.5.0/protobuf-java-2.5.0.jar:/home/runner/.m2/repository/org/apache/ozone/hdds-container-service/1.5.0-SNAPSHOT/hdds-container-service-1.5.0-SNAPSHOT.jar:/home/runner/.m2/repository/org/apache/ozone/hdds-hadoop-dependency-server/1.5.0-SNAPSHOT/hdds-hadoop-dependency-server-1.5.0-SNAPSHOT.jar:/home/runner/.m2/repository/org/apache/hadoop/hadoop-hdfs/3.3.6/hadoop-hdfs-3.3.6.jar:/home/runner/.m2/repository/commons-daemon/commons-daemon/1.0.13/commons-daemon-1.0.13.jar:/home/runner/.m2/repository/org/apache/ozone/hdds-server-framework/1.5.0-SNAPSHOT/hdds-server-framework-1.5.0-SNAPSHOT.jar:/home/runner/.m2/repository/org/bouncycastle/bcprov-jdk15on/1.67/bcprov-jdk15on-1.67.jar:/home/runner/.m2/repository/io/dropwizard/metrics/metrics-core/3.2.4/metrics-core-3.2.4.jar:/home/runner/.m2/repository/org/apache/commons/commons-text/1.10.0/commons-text-1.10.0.jar:/home/runner/.m2/repository/org/apache/ozone/hdds-server-framework/1.5.0-SNAPSHOT/hdds-server-framework-1.5.0-SNAPSHOT-tests.jar:/home/runner/.m2/repository/org/apache/ozone/hdds-interface-server/1.5.0-SNAPSHOT/hdds-interface-server-1.5.0-SNAPSHOT.jar:/home/runner/.m2/repository/org/apache/ozone/hdds-interface-admin/1.5.0-SNAPSHOT/hdds-interface-admin-1.5.0-SNAPSHOT.jar:/home/runner/.m2/repository/org/apache/ozone/hdds-managed-rocksdb/1.5.0-SNAPSHOT/hdds-managed-rocksdb-1.5.0-SNAPSHOT.jar:/home/runner/.m2/repository/org/rocksdb/rocksdbjni/7.7.3/rocksdbjni-7.7.3.jar:/home/runner/.m2/repository/org/slf4j/slf4j-reload4j/2.0.10/slf4j-reload4j-2.0.10.jar:/home/runner/.m2/repository/org/apache/commons/commons-configuration2/2.1.1/commons-configuration2-2.1.1.jar:/home/runner/.m2/repository/commons-fileupload/commons-fileupload/1.5/commons-fileupload-1.5.jar:/home/runner/.m2/repository/org/apache/logging/log4j/log4j-core/2.17.1/log4j-core-2.17.1.jar:/home/runner/.m2/repository/com/lmax/disruptor/3.4.2/disruptor-3.4.2.jar:/home/runner/.m2/repository/org/eclipse/jetty/jetty-util/9.4.53.v20231009/jetty-util-9.4.53.v20231009.jar:/home/runner/.m2/repository/org/eclipse/jetty/jetty-server/9.4.53.v20231009/jetty-server-9.4.53.v20231009.jar:/home/runner/.m2/repository/org/eclipse/jetty/jetty-http/9.4.53.v20231009/jetty-http-9.4.53.v20231009.jar:/home/runner/.m2/repository/org/eclipse/jetty/jetty-io/9.4.53.v20231009/jetty-io-9.4.53.v20231009.jar:/home/runner/.m2/repository/org/eclipse/jetty/jetty-servlet/9.4.53.v20231009/jetty-servlet-9.4.53.v20231009.jar:/home/runner/.m2/repository/org/eclipse/jetty/jetty-security/9.4.53.v20231009/jetty-security-9.4.53.v20231009.jar:/home/runner/.m2/repository/org/eclipse/jetty/jetty-util-ajax/9.4.53.v20231009/jetty-util-ajax-9.4.53.v20231009.jar:/home/runner/.m2/repository/org/eclipse/jetty/jetty-webapp/9.4.53.v20231009/jetty-webapp-9.4.53.v20231009.jar:/home/runner/.m2/repository/org/eclipse/jetty/jetty-xml/9.4.53.v20231009/jetty-xml-9.4.53.v20231009.jar:/home/runner/.m2/repository/org/apache/ratis/ratis-server/3.0.0/ratis-server-3.0.0.jar:/home/runner/.m2/repository/org/apache/ratis/ratis-thirdparty-misc/1.0.5/ratis-thirdparty-misc-1.0.5.jar:/home/runner/.m2/repository/org/apache/ratis/ratis-proto/3.0.0/ratis-proto-3.0.0.jar:/home/runner/.m2/repository/org/apache/ratis/ratis-common/3.0.0/ratis-common-3.0.0.jar:/home/runner/.m2/repository/org/apache/ratis/ratis-client/3.0.0/ratis-client-3.0.0.jar:/home/runner/.m2/repository/org/apache/ratis/ratis-server-api/3.0.0/ratis-server-api-3.0.0.jar:/home/runner/.m2/repository/org/apache/ratis/ratis-metrics-api/3.0.0/ratis-metrics-api-3.0.0.jar:/home/runner/.m2/repository/org/apache/ratis/ratis-metrics-dropwizard3/3.0.0/ratis-metrics-dropwizard3-3.0.0.jar:/home/runner/.m2/repository/io/prometheus/simpleclient_dropwizard/0.16.0/simpleclient_dropwizard-0.16.0.jar:/home/runner/.m2/repository/io/prometheus/simpleclient/0.16.0/simpleclient-0.16.0.jar:/home/runner/.m2/repository/io/prometheus/simpleclient_common/0.16.0/simpleclient_common-0.16.0.jar:/home/runner/.m2/repository/com/fasterxml/jackson/datatype/jackson-datatype-jsr310/2.13.4/jackson-datatype-jsr310-2.13.4.jar:/home/runner/.m2/repository/com/fasterxml/jackson/core/jackson-core/2.13.4/jackson-core-2.13.4.jar:/home/runner/.m2/repository/org/apache/ozone/rocksdb-checkpoint-differ/1.5.0-SNAPSHOT/rocksdb-checkpoint-differ-1.5.0-SNAPSHOT.jar:/home/runner/.m2/repository/org/jgrapht/jgrapht-core/1.0.1/jgrapht-core-1.0.1.jar:/home/runner/.m2/repository/org/jgrapht/jgrapht-ext/1.0.1/jgrapht-ext-1.0.1.jar:/home/runner/.m2/repository/org/tinyjee/jgraphx/jgraphx/2.0.0.1/jgraphx-2.0.0.1.jar:/home/runner/.m2/repository/jgraph/jgraph/5.13.0.0/jgraph-5.13.0.0.jar:/home/runner/.m2/repository/org/antlr/antlr4-runtime/4.5.3/antlr4-runtime-4.5.3.jar:/home/runner/.m2/repository/org/apache/ozone/ozone-manager/1.5.0-SNAPSHOT/ozone-manager-1.5.0-SNAPSHOT.jar:/home/runner/.m2/repository/org/aspectj/aspectjrt/1.9.7/aspectjrt-1.9.7.jar:/home/runner/.m2/repository/org/aspectj/aspectjweaver/1.9.7/aspectjweaver-1.9.7.jar:/home/runner/.m2/repository/org/apache/ozone/hdds-interface-client/1.5.0-SNAPSHOT/hdds-interface-client-1.5.0-SNAPSHOT.jar:/home/runner/.m2/repository/org/apache/hadoop/thirdparty/hadoop-shaded-protobuf_3_7/1.1.1/hadoop-shaded-protobuf_3_7-1.1.1.jar:/home/runner/.m2/repository/org/apache/ozone/ozone-interface-storage/1.5.0-SNAPSHOT/ozone-interface-storage-1.5.0-SNAPSHOT.jar:/home/runner/.m2/repository/org/reflections/reflections/0.9.11/reflections-0.9.11.jar:/home/runner/.m2/repository/com/sun/jersey/jersey-client/1.19.4/jersey-client-1.19.4.jar:/home/runner/.m2/repository/org/codehaus/jackson/jackson-core-asl/1.9.13/jackson-core-asl-1.9.13.jar:/home/runner/.m2/repository/org/codehaus/jackson/jackson-mapper-asl/1.9.13/jackson-mapper-asl-1.9.13.jar:/home/runner/.m2/repository/org/codehaus/jackson/jackson-jaxrs/1.9.13/jackson-jaxrs-1.9.13.jar:/home/runner/.m2/repository/org/apache/ranger/ranger-intg/2.3.0/ranger-intg-2.3.0.jar:/home/runner/.m2/repository/org/apache/ranger/ranger-plugins-common/2.3.0/ranger-plugins-common-2.3.0.jar:/home/runner/.m2/repository/commons-lang/commons-lang/2.6/commons-lang-2.6.jar:/home/runner/.m2/repository/org/apache/ranger/ranger-plugins-cred/2.3.0/ranger-plugins-cred-2.3.0.jar:/home/runner/.m2/repository/org/apache/ranger/ranger-plugins-audit/2.3.0/ranger-plugins-audit-2.3.0.jar:/home/runner/.m2/repository/org/eclipse/jetty/jetty-client/9.4.53.v20231009/jetty-client-9.4.53.v20231009.jar:/home/runner/.m2/repository/org/apache/httpcomponents/httpmime/4.5.6/httpmime-4.5.6.jar:/home/runner/.m2/repository/org/apache/httpcomponents/httpcore-nio/4.4.16/httpcore-nio-4.4.16.jar:/home/runner/.m2/repository/org/apache/httpcomponents/httpasyncclient/4.1.3/httpasyncclient-4.1.3.jar:/home/runner/.m2/repository/com/carrotsearch/hppc/0.8.0/hppc-0.8.0.jar:/home/runner/.m2/repository/org/apache/orc/orc-core/1.5.8/orc-core-1.5.8.jar:/home/runner/.m2/repository/net/java/dev/jna/jna/5.2.0/jna-5.2.0.jar:/home/runner/.m2/repository/net/java/dev/jna/jna-platform/5.2.0/jna-platform-5.2.0.jar:/home/runner/.m2/repository/com/kstruct/gethostname4j/0.0.2/gethostname4j-0.0.2.jar:/home/runner/.m2/repository/org/apache/ranger/ranger-plugin-classloader/2.3.0/ranger-plugin-classloader-2.3.0.jar:/home/runner/.m2/repository/org/apache/ozone/hdds-rocks-native/1.5.0-SNAPSHOT/hdds-rocks-native-1.5.0-SNAPSHOT.jar:/home/runner/.m2/repository/org/apache/hadoop/hadoop-minikdc/3.3.6/hadoop-minikdc-3.3.6.jar:/home/runner/.m2/repository/org/apache/kerby/kerb-simplekdc/1.0.1/kerb-simplekdc-1.0.1.jar:/home/runner/.m2/repository/org/apache/kerby/kerb-client/1.0.1/kerb-client-1.0.1.jar:/home/runner/.m2/repository/org/apache/kerby/kerby-config/1.0.1/kerby-config-1.0.1.jar:/home/runner/.m2/repository/org/apache/kerby/kerb-common/1.0.1/kerb-common-1.0.1.jar:/home/runner/.m2/repository/org/apache/kerby/kerb-crypto/1.0.1/kerb-crypto-1.0.1.jar:/home/runner/.m2/repository/org/apache/kerby/kerb-util/1.0.1/kerb-util-1.0.1.jar:/home/runner/.m2/repository/org/apache/kerby/token-provider/1.0.1/token-provider-1.0.1.jar:/home/runner/.m2/repository/org/apache/kerby/kerb-admin/1.0.1/kerb-admin-1.0.1.jar:/home/runner/.m2/repository/org/apache/kerby/kerb-server/1.0.1/kerb-server-1.0.1.jar:/home/runner/.m2/repository/org/apache/kerby/kerb-identity/1.0.1/kerb-identity-1.0.1.jar:/home/runner/.m2/repository/org/apache/kerby/kerby-xdr/1.0.1/kerby-xdr-1.0.1.jar:/home/runner/.m2/repository/org/apache/ozone/ozone-s3gateway/1.5.0-SNAPSHOT/ozone-s3gateway-1.5.0-SNAPSHOT.jar:/home/runner/.m2/repository/org/javassist/javassist/3.21.0-GA/javassist-3.21.0-GA.jar:/home/runner/.m2/repository/org/jboss/weld/servlet/weld-servlet-shaded/3.1.9.Final/weld-servlet-shaded-3.1.9.Final.jar:/home/runner/.m2/repository/org/glassfish/jersey/containers/jersey-container-servlet-core/2.41/jersey-container-servlet-core-2.41.jar:/home/runner/.m2/repository/org/glassfish/hk2/external/jakarta.inject/2.6.1/jakarta.inject-2.6.1.jar:/home/runner/.m2/repository/org/glassfish/jersey/core/jersey-common/2.41/jersey-common-2.41.jar:/home/runner/.m2/repository/jakarta/ws/rs/jakarta.ws.rs-api/2.1.6/jakarta.ws.rs-api-2.1.6.jar:/home/runner/.m2/repository/org/glassfish/jersey/ext/cdi/jersey-cdi1x/2.41/jersey-cdi1x-2.41.jar:/home/runner/.m2/repository/org/glassfish/jersey/inject/jersey-hk2/2.41/jersey-hk2-2.41.jar:/home/runner/.m2/repository/org/glassfish/hk2/hk2-locator/2.6.1/hk2-locator-2.6.1.jar:/home/runner/.m2/repository/org/glassfish/jersey/media/jersey-media-jaxb/2.41/jersey-media-jaxb-2.41.jar:/home/runner/.m2/repository/org/glassfish/hk2/osgi-resource-locator/1.0.3/osgi-resource-locator-1.0.3.jar:/home/runner/.m2/repository/org/glassfish/hk2/hk2-api/2.5.0/hk2-api-2.5.0.jar:/home/runner/.m2/repository/org/glassfish/hk2/hk2-utils/2.5.0/hk2-utils-2.5.0.jar:/home/runner/.m2/repository/org/glassfish/hk2/external/aopalliance-repackaged/2.5.0/aopalliance-repackaged-2.5.0.jar:/home/runner/.m2/repository/com/fasterxml/jackson/dataformat/jackson-dataformat-xml/2.13.4/jackson-dataformat-xml-2.13.4.jar:/home/runner/.m2/repository/org/codehaus/woodstox/stax2-api/4.2.2/stax2-api-4.2.2.jar:/home/runner/.m2/repository/com/fasterxml/woodstox/woodstox-core/5.4.0/woodstox-core-5.4.0.jar:/home/runner/.m2/repository/com/fasterxml/jackson/module/jackson-module-jaxb-annotations/2.13.4/jackson-module-jaxb-annotations-2.13.4.jar:/home/runner/.m2/repository/javax/enterprise/cdi-api/2.0/cdi-api-2.0.jar:/home/runner/.m2/repository/javax/el/javax.el-api/3.0.0/javax.el-api-3.0.0.jar:/home/runner/.m2/repository/javax/interceptor/javax.interceptor-api/1.2/javax.interceptor-api-1.2.jar:/home/runner/.m2/repository/javax/inject/javax.inject/1/javax.inject-1.jar:/home/runner/.m2/repository/jakarta/xml/bind/jakarta.xml.bind-api/2.3.3/jakarta.xml.bind-api-2.3.3.jar:/home/runner/.m2/repository/org/glassfish/jaxb/jaxb-runtime/2.3.9/jaxb-runtime-2.3.9.jar:/home/runner/.m2/repository/org/glassfish/jaxb/txw2/2.3.9/txw2-2.3.9.jar:/home/runner/.m2/repository/com/sun/istack/istack-commons-runtime/3.0.12/istack-commons-runtime-3.0.12.jar:/home/runner/.m2/repository/com/sun/activation/jakarta.activation/1.2.2/jakarta.activation-1.2.2.jar:/home/runner/.m2/repository/jakarta/activation/jakarta.activation-api/1.2.2/jakarta.activation-api-1.2.2.jar:/home/runner/.m2/repository/io/grpc/grpc-protobuf/1.58.0/grpc-protobuf-1.58.0.jar:/home/runner/.m2/repository/com/google/api/grpc/proto-google-common-protos/2.22.0/proto-google-common-protos-2.22.0.jar:/home/runner/.m2/repository/io/grpc/grpc-protobuf-lite/1.58.0/grpc-protobuf-lite-1.58.0.jar:/home/runner/.m2/repository/io/grpc/grpc-stub/1.58.0/grpc-stub-1.58.0.jar:/home/runner/.m2/repository/io/netty/netty-transport/4.1.100.Final/netty-transport-4.1.100.Final.jar:/home/runner/.m2/repository/io/netty/netty-resolver/4.1.100.Final/netty-resolver-4.1.100.Final.jar:/home/runner/.m2/repository/org/apache/ozone/ozone-csi/1.5.0-SNAPSHOT/ozone-csi-1.5.0-SNAPSHOT.jar:/home/runner/.m2/repository/com/google/protobuf/protobuf-java-util/3.19.6/protobuf-java-util-3.19.6.jar:/home/runner/.m2/repository/com/google/code/gson/gson/2.9.0/gson-2.9.0.jar:/home/runner/.m2/repository/org/apache/ozone/hdds-config/1.5.0-SNAPSHOT/hdds-config-1.5.0-SNAPSHOT.jar:/home/runner/.m2/repository/io/netty/netty-transport-native-epoll/4.1.100.Final/netty-transport-native-epoll-4.1.100.Final-linux-x86_64.jar:/home/runner/.m2/repository/io/netty/netty-transport-classes-epoll/4.1.100.Final/netty-transport-classes-epoll-4.1.100.Final.jar:/home/runner/.m2/repository/io/netty/netty-transport-native-unix-common/4.1.100.Final/netty-transport-native-unix-common-4.1.100.Final.jar:/home/runner/.m2/repository/org/apache/ozone/ozone-recon/1.5.0-SNAPSHOT/ozone-recon-1.5.0-SNAPSHOT.jar:/home/runner/.m2/repository/org/apache/ozone/ozone-reconcodegen/1.5.0-SNAPSHOT/ozone-reconcodegen-1.5.0-SNAPSHOT.jar:/home/runner/.m2/repository/com/google/inject/guice/5.1.0/guice-5.1.0.jar:/home/runner/.m2/repository/aopalliance/aopalliance/1.0/aopalliance-1.0.jar:/home/runner/.m2/repository/com/google/inject/extensions/guice-assistedinject/5.1.0/guice-assistedinject-5.1.0.jar:/home/runner/.m2/repository/com/google/inject/extensions/guice-servlet/5.1.0/guice-servlet-5.1.0.jar:/home/runner/.m2/repository/org/glassfish/jersey/containers/jersey-container-servlet/2.41/jersey-container-servlet-2.41.jar:/home/runner/.m2/repository/org/glassfish/hk2/guice-bridge/2.5.0/guice-bridge-2.5.0.jar:/home/runner/.m2/repository/org/glassfish/jersey/core/jersey-server/2.41/jersey-server-2.41.jar:/home/runner/.m2/repository/org/glassfish/jersey/core/jersey-client/2.41/jersey-client-2.41.jar:/home/runner/.m2/repository/jakarta/annotation/jakarta.annotation-api/1.3.5/jakarta.annotation-api-1.3.5.jar:/home/runner/.m2/repository/jakarta/validation/jakarta.validation-api/2.0.2/jakarta.validation-api-2.0.2.jar:/home/runner/.m2/repository/org/glassfish/jersey/media/jersey-media-json-jackson/2.41/jersey-media-json-jackson-2.41.jar:/home/runner/.m2/repository/org/glassfish/jersey/ext/jersey-entity-filtering/2.41/jersey-entity-filtering-2.41.jar:/home/runner/.m2/repository/org/jooq/jooq/3.11.10/jooq-3.11.10.jar:/home/runner/.m2/repository/org/jooq/jooq-meta/3.11.10/jooq-meta-3.11.10.jar:/home/runner/.m2/repository/org/jooq/jooq-codegen/3.11.10/jooq-codegen-3.11.10.jar:/home/runner/.m2/repository/com/jolbox/bonecp/0.8.0.RELEASE/bonecp-0.8.0.RELEASE.jar:/home/runner/.m2/repository/org/apache/derby/derby/10.14.2.0/derby-10.14.2.0.jar:/home/runner/.m2/repository/org/xerial/sqlite-jdbc/3.44.1.0/sqlite-jdbc-3.44.1.0.jar:/home/runner/.m2/repository/org/springframework/spring-jdbc/5.3.27/spring-jdbc-5.3.27.jar:/home/runner/.m2/repository/org/springframework/spring-beans/5.3.27/spring-beans-5.3.27.jar:/home/runner/.m2/repository/org/springframework/spring-core/5.3.27/spring-core-5.3.27.jar:/home/runner/.m2/repository/org/springframework/spring-tx/5.3.27/spring-tx-5.3.27.jar:/home/runner/.m2/repository/org/apache/ozone/ozone-client/1.5.0-SNAPSHOT/ozone-client-1.5.0-SNAPSHOT.jar:/home/runner/.m2/repository/org/apache/ozone/hdds-erasurecode/1.5.0-SNAPSHOT/hdds-erasurecode-1.5.0-SNAPSHOT.jar:/home/runner/.m2/repository/org/apache/ozone/ozone-filesystem/1.5.0-SNAPSHOT/ozone-filesystem-1.5.0-SNAPSHOT.jar:/home/runner/.m2/repository/org/apache/ozone/ozone-filesystem-common/1.5.0-SNAPSHOT/ozone-filesystem-common-1.5.0-SNAPSHOT.jar:/home/runner/.m2/repository/org/apache/ozone/ozone-tools/1.5.0-SNAPSHOT/ozone-tools-1.5.0-SNAPSHOT.jar:/home/runner/.m2/repository/com/amazonaws/aws-java-sdk-core/1.12.261/aws-java-sdk-core-1.12.261.jar:/home/runner/.m2/repository/org/apache/httpcomponents/httpclient/4.5.13/httpclient-4.5.13.jar:/home/runner/.m2/repository/org/apache/httpcomponents/httpcore/4.4.16/httpcore-4.4.16.jar:/home/runner/.m2/repository/software/amazon/ion/ion-java/1.0.2/ion-java-1.0.2.jar:/home/runner/.m2/repository/com/fasterxml/jackson/dataformat/jackson-dataformat-cbor/2.13.4/jackson-dataformat-cbor-2.13.4.jar:/home/runner/.m2/repository/joda-time/joda-time/2.12.5/joda-time-2.12.5.jar:/home/runner/.m2/repository/com/amazonaws/aws-java-sdk-s3/1.12.261/aws-java-sdk-s3-1.12.261.jar:/home/runner/.m2/repository/com/amazonaws/aws-java-sdk-kms/1.12.261/aws-java-sdk-kms-1.12.261.jar:/home/runner/.m2/repository/com/amazonaws/jmespath-java/1.12.261/jmespath-java-1.12.261.jar:/home/runner/.m2/repository/org/kohsuke/metainf-services/metainf-services/1.8/metainf-services-1.8.jar:/home/runner/.m2/repository/org/apache/ozone/hdds-tools/1.5.0-SNAPSHOT/hdds-tools-1.5.0-SNAPSHOT.jar:/home/runner/.m2/repository/org/apache/ratis/ratis-tools/3.0.0/ratis-tools-3.0.0.jar:/home/runner/.m2/repository/commons-cli/commons-cli/1.6.0/commons-cli-1.6.0.jar:/home/runner/.m2/repository/org/apache/commons/commons-lang3/3.14.0/commons-lang3-3.14.0.jar:/home/runner/.m2/repository/org/apache/ozone/ozone-manager/1.5.0-SNAPSHOT/ozone-manager-1.5.0-SNAPSHOT-tests.jar:/home/runner/.m2/repository/org/apache/ozone/hdds-common/1.5.0-SNAPSHOT/hdds-common-1.5.0-SNAPSHOT-tests.jar:/home/runner/.m2/repository/org/apache/ozone/hdds-hadoop-dependency-client/1.5.0-SNAPSHOT/hdds-hadoop-dependency-client-1.5.0-SNAPSHOT.jar:/home/runner/.m2/repository/info/picocli/picocli/4.7.5/picocli-4.7.5.jar:/home/runner/.m2/repository/com/fasterxml/jackson/core/jackson-annotations/2.13.4/jackson-annotations-2.13.4.jar:/home/runner/.m2/repository/org/apache/ozone/hdds-annotation-processing/1.5.0-SNAPSHOT/hdds-annotation-processing-1.5.0-SNAPSHOT.jar:/home/runner/.m2/repository/javax/annotation/javax.annotation-api/1.3.2/javax.annotation-api-1.3.2.jar:/home/runner/.m2/repository/org/apache/ratis/ratis-netty/3.0.0/ratis-netty-3.0.0.jar:/home/runner/.m2/repository/org/apache/ratis/ratis-grpc/3.0.0/ratis-grpc-3.0.0.jar:/home/runner/.m2/repository/org/apache/commons/commons-pool2/2.6.0/commons-pool2-2.6.0.jar:/home/runner/.m2/repository/org/bouncycastle/bcpkix-jdk15on/1.67/bcpkix-jdk15on-1.67.jar:/home/runner/.m2/repository/commons-validator/commons-validator/1.6/commons-validator-1.6.jar:/home/runner/.m2/repository/commons-beanutils/commons-beanutils/1.9.4/commons-beanutils-1.9.4.jar:/home/runner/.m2/repository/commons-digester/commons-digester/1.8.1/commons-digester-1.8.1.jar:/home/runner/.m2/repository/commons-collections/commons-collections/3.2.2/commons-collections-3.2.2.jar:/home/runner/.m2/repository/io/jaegertracing/jaeger-client/1.6.0/jaeger-client-1.6.0.jar:/home/runner/.m2/repository/io/jaegertracing/jaeger-thrift/1.6.0/jaeger-thrift-1.6.0.jar:/home/runner/.m2/repository/org/apache/thrift/libthrift/0.14.1/libthrift-0.14.1.jar:/home/runner/.m2/repository/io/jaegertracing/jaeger-core/1.6.0/jaeger-core-1.6.0.jar:/home/runner/.m2/repository/io/jaegertracing/jaeger-tracerresolver/1.6.0/jaeger-tracerresolver-1.6.0.jar:/home/runner/.m2/repository/io/opentracing/contrib/opentracing-tracerresolver/0.1.8/opentracing-tracerresolver-0.1.8.jar:/home/runner/.m2/repository/org/jetbrains/kotlin/kotlin-stdlib/1.9.22/kotlin-stdlib-1.9.22.jar:/home/runner/.m2/repository/org/jetbrains/annotations/13.0/annotations-13.0.jar:/home/runner/.m2/repository/io/opentracing/opentracing-util/0.33.0/opentracing-util-0.33.0.jar:/home/runner/.m2/repository/io/opentracing/opentracing-api/0.33.0/opentracing-api-0.33.0.jar:/home/runner/.m2/repository/io/opentracing/opentracing-noop/0.33.0/opentracing-noop-0.33.0.jar:/home/runner/.m2/repository/org/yaml/snakeyaml/2.0/snakeyaml-2.0.jar:/home/runner/.m2/repository/io/grpc/grpc-api/1.58.0/grpc-api-1.58.0.jar:/home/runner/.m2/repository/junit/junit/4.13.1/junit-4.13.1.jar:/home/runner/.m2/repository/org/junit/jupiter/junit-jupiter-engine/5.10.1/junit-jupiter-engine-5.10.1.jar:/home/runner/.m2/repository/org/junit/platform/junit-platform-engine/1.10.1/junit-platform-engine-1.10.1.jar:/home/runner/.m2/repository/org/apiguardian/apiguardian-api/1.1.2/apiguardian-api-1.1.2.jar:/home/runner/.m2/repository/org/junit/vintage/junit-vintage-engine/5.10.1/junit-vintage-engine-5.10.1.jar:/home/runner/.m2/repository/org/junit/platform/junit-platform-launcher/1.10.1/junit-platform-launcher-1.10.1.jar:/home/runner/.m2/repository/org/apache/hadoop/hadoop-kms/3.3.6/hadoop-kms-3.3.6.jar:/home/runner/.m2/repository/org/apache/hadoop/hadoop-auth/3.3.6/hadoop-auth-3.3.6.jar:/home/runner/.m2/repository/com/nimbusds/nimbus-jose-jwt/9.8.1/nimbus-jose-jwt-9.8.1.jar:/home/runner/.m2/repository/com/github/stephenc/jcip/jcip-annotations/1.0-1/jcip-annotations-1.0-1.jar:/home/runner/.m2/repository/org/apache/zookeeper/zookeeper/3.7.2/zookeeper-3.7.2.jar:/home/runner/.m2/repository/org/apache/zookeeper/zookeeper-jute/3.7.2/zookeeper-jute-3.7.2.jar:/home/runner/.m2/repository/org/apache/yetus/audience-annotations/0.12.0/audience-annotations-0.12.0.jar:/home/runner/.m2/repository/org/apache/curator/curator-framework/4.2.0/curator-framework-4.2.0.jar:/home/runner/.m2/repository/org/apache/hadoop/thirdparty/hadoop-shaded-guava/1.1.1/hadoop-shaded-guava-1.1.1.jar:/home/runner/.m2/repository/com/sun/jersey/jersey-core/1.19.4/jersey-core-1.19.4.jar:/home/runner/.m2/repository/javax/ws/rs/jsr311-api/1.1.1/jsr311-api-1.1.1.jar:/home/runner/.m2/repository/com/sun/jersey/jersey-server/1.19.4/jersey-server-1.19.4.jar:/home/runner/.m2/repository/javax/servlet/javax.servlet-api/3.1.0/javax.servlet-api-3.1.0.jar:/home/runner/.m2/repository/org/apache/hadoop/hadoop-common/3.3.6/hadoop-common-3.3.6.jar:/home/runner/.m2/repository/org/apache/commons/commons-math3/3.1.1/commons-math3-3.1.1.jar:/home/runner/.m2/repository/commons-net/commons-net/3.10.0/commons-net-3.10.0.jar:/home/runner/.m2/repository/com/sun/jersey/jersey-servlet/1.19.4/jersey-servlet-1.19.4.jar:/home/runner/.m2/repository/com/github/pjfanning/jersey-json/1.20/jersey-json-1.20.jar:/home/runner/.m2/repository/org/codehaus/jettison/jettison/1.1/jettison-1.1.jar:/home/runner/.m2/repository/com/sun/xml/bind/jaxb-impl/2.2.3-1/jaxb-impl-2.2.3-1.jar:/home/runner/.m2/repository/com/google/re2j/re2j/1.1/re2j-1.1.jar:/home/runner/.m2/repository/com/jcraft/jsch/0.1.54/jsch-0.1.54.jar:/home/runner/.m2/repository/org/apache/curator/curator-client/4.2.0/curator-client-4.2.0.jar:/home/runner/.m2/repository/org/apache/curator/curator-recipes/5.2.0/curator-recipes-5.2.0.jar:/home/runner/.m2/repository/org/apache/kerby/kerb-core/1.0.1/kerb-core-1.0.1.jar:/home/runner/.m2/repository/org/apache/kerby/kerby-pkix/1.0.1/kerby-pkix-1.0.1.jar:/home/runner/.m2/repository/org/apache/kerby/kerby-asn1/1.0.1/kerby-asn1-1.0.1.jar:/home/runner/.m2/repository/org/apache/kerby/kerby-util/1.0.1/kerby-util-1.0.1.jar:/home/runner/.m2/repository/dnsjava/dnsjava/2.1.7/dnsjava-2.1.7.jar:/home/runner/.m2/repository/org/xerial/snappy/snappy-java/1.1.8.2/snappy-java-1.1.8.2.jar:/home/runner/.m2/repository/com/fasterxml/jackson/core/jackson-databind/2.13.4.2/jackson-databind-2.13.4.2.jar:/home/runner/.m2/repository/org/apache/hadoop/hadoop-kms/3.3.6/hadoop-kms-3.3.6-tests.jar:/home/runner/.m2/repository/org/apache/ozone/hdds-server-scm/1.5.0-SNAPSHOT/hdds-server-scm-1.5.0-SNAPSHOT-tests.jar:/home/runner/.m2/repository/org/apache/ozone/hdds-container-service/1.5.0-SNAPSHOT/hdds-container-service-1.5.0-SNAPSHOT-tests.jar:/home/runner/.m2/repository/com/github/luben/zstd-jni/1.5.2-5/zstd-jni-1.5.2-5.jar:/home/runner/.m2/repository/commons-codec/commons-codec/1.15/commons-codec-1.15.jar:/home/runner/.m2/repository/io/netty/netty-codec/4.1.100.Final/netty-codec-4.1.100.Final.jar:/home/runner/.m2/repository/io/netty/netty-handler/4.1.100.Final/netty-handler-4.1.100.Final.jar:/home/runner/.m2/repository/org/apache/ozone/hdds-hadoop-dependency-test/1.5.0-SNAPSHOT/hdds-hadoop-dependency-test-1.5.0-SNAPSHOT.jar:/home/runner/.m2/repository/org/apache/hadoop/hadoop-common/3.3.6/hadoop-common-3.3.6-tests.jar:/home/runner/.m2/repository/org/apache/hadoop/hadoop-hdfs/3.3.6/hadoop-hdfs-3.3.6-tests.jar:/home/runner/.m2/repository/org/assertj/assertj-core/3.12.2/assertj-core-3.12.2.jar:/home/runner/.m2/repository/org/junit/jupiter/junit-jupiter-params/5.10.1/junit-jupiter-params-5.10.1.jar:/home/runner/.m2/repository/org/mockito/mockito-core/3.5.9/mockito-core-3.5.9.jar:/home/runner/.m2/repository/net/bytebuddy/byte-buddy/1.10.13/byte-buddy-1.10.13.jar:/home/runner/.m2/repository/net/bytebuddy/byte-buddy-agent/1.10.13/byte-buddy-agent-1.10.13.jar:/home/runner/.m2/repository/org/objenesis/objenesis/1.0/objenesis-1.0.jar:/home/runner/.m2/repository/org/mockito/mockito-junit-jupiter/3.5.9/mockito-junit-jupiter-3.5.9.jar:/home/runner/.m2/repository/org/apache/hadoop/hadoop-distcp/3.3.6/hadoop-distcp-3.3.6.jar:/home/runner/.m2/repository/org/apache/hadoop/hadoop-mapreduce-client-jobclient/3.3.6/hadoop-mapreduce-client-jobclient-3.3.6.jar:/home/runner/.m2/repository/org/apache/hadoop/hadoop-mapreduce-client-common/3.3.6/hadoop-mapreduce-client-common-3.3.6.jar:/home/runner/.m2/repository/org/apache/hadoop/hadoop-yarn-common/3.3.6/hadoop-yarn-common-3.3.6.jar:/home/runner/.m2/repository/org/apache/hadoop/hadoop-yarn-api/3.3.6/hadoop-yarn-api-3.3.6.jar:/home/runner/.m2/repository/javax/xml/bind/jaxb-api/2.2.11/jaxb-api-2.2.11.jar:/home/runner/.m2/repository/com/sun/jersey/contribs/jersey-guice/1.19.4/jersey-guice-1.19.4.jar:/home/runner/.m2/repository/com/fasterxml/jackson/jaxrs/jackson-jaxrs-json-provider/2.13.4/jackson-jaxrs-json-provider-2.13.4.jar:/home/runner/.m2/repository/com/fasterxml/jackson/jaxrs/jackson-jaxrs-base/2.13.4/jackson-jaxrs-base-2.13.4.jar:/home/runner/.m2/repository/org/apache/hadoop/hadoop-yarn-client/3.3.6/hadoop-yarn-client-3.3.6.jar:/home/runner/.m2/repository/org/eclipse/jetty/websocket/websocket-client/9.4.51.v20230217/websocket-client-9.4.51.v20230217.jar:/home/runner/.m2/repository/org/eclipse/jetty/websocket/websocket-common/9.4.51.v20230217/websocket-common-9.4.51.v20230217.jar:/home/runner/.m2/repository/org/eclipse/jetty/websocket/websocket-api/9.4.51.v20230217/websocket-api-9.4.51.v20230217.jar:/home/runner/.m2/repository/org/jline/jline/3.9.0/jline-3.9.0.jar:/home/runner/.m2/repository/org/apache/hadoop/hadoop-mapreduce-client-core/3.3.6/hadoop-mapreduce-client-core-3.3.6.jar:/home/runner/.m2/repository/org/apache/avro/avro/1.7.7/avro-1.7.7.jar:/home/runner/.m2/repository/com/thoughtworks/paranamer/paranamer/2.3/paranamer-2.3.jar:/home/runner/.m2/repository/org/apache/hadoop/hadoop-annotations/3.3.6/hadoop-annotations-3.3.6.jar:/usr/lib/jvm/temurin-8-jdk-amd64/jre/../lib/tools.jar:/home/runner/.m2/repository/io/netty/netty/3.10.6.Final/netty-3.10.6.Final.jar:/home/runner/.m2/repository/org/apache/hadoop/hadoop-distcp/3.3.6/hadoop-distcp-3.3.6-tests.jar:/home/runner/.m2/repository/org/slf4j/jul-to-slf4j/2.0.10/jul-to-slf4j-2.0.10.jar:/home/runner/.m2/repository/org/awaitility/awaitility/4.2.0/awaitility-4.2.0.jar:/home/runner/.m2/repository/org/hamcrest/hamcrest/2.1/hamcrest-2.1.jar:/home/runner/work/ozone/ozone/hadoop-ozone/integration-test/target/gradle-enterprise/test-listeners.jar:"/>
    <property name="java.vm.vendor" value="Temurin"/>
    <property name="sun.arch.data.model" value="64"/>
    <property name="test.build.dir" value="/home/runner/work/ozone/ozone/hadoop-ozone/integration-test/target/test-dir"/>
    <property name="test.cache.data" value=""/>
    <property name="java.vendor.url" value="https://adoptium.net/"/>
    <property name="user.timezone" value="Etc/UTC"/>
    <property name="os.name" value="Linux"/>
    <property name="java.vm.specification.version" value="1.8"/>
    <property name="test.build.data" value="/home/runner/work/ozone/ozone/hadoop-ozone/integration-test/target/test-dir"/>
    <property name="sun.java.launcher" value="SUN_STANDARD"/>
    <property name="sun.boot.library.path" value="/usr/lib/jvm/temurin-8-jdk-amd64/jre/lib/amd64"/>
    <property name="sun.java.command" value="/home/runner/work/ozone/ozone/hadoop-ozone/integration-test/target/surefire/surefirebooter-20240108094601262_795.jar /home/runner/work/ozone/ozone/hadoop-ozone/integration-test/target/surefire 2024-01-08T09-45-59_172-jvmRun1 surefire-20240108094601262_793tmp surefire_28-20240108094601262_794tmp"/>
    <property name="native.lib.tmp.dir" value="/tmp"/>
    <property name="surefire.test.class.path" value="/home/runner/work/ozone/ozone/hadoop-ozone/integration-test/target/test-classes:/home/runner/work/ozone/ozone/hadoop-ozone/integration-test/target/classes:/home/runner/.m2/repository/org/apache/ozone/ozone-common/1.5.0-SNAPSHOT/ozone-common-1.5.0-SNAPSHOT.jar:/home/runner/.m2/repository/io/grpc/grpc-netty/1.58.0/grpc-netty-1.58.0.jar:/home/runner/.m2/repository/io/grpc/grpc-core/1.58.0/grpc-core-1.58.0.jar:/home/runner/.m2/repository/com/google/android/annotations/4.1.1.4/annotations-4.1.1.4.jar:/home/runner/.m2/repository/org/codehaus/mojo/animal-sniffer-annotations/1.23/animal-sniffer-annotations-1.23.jar:/home/runner/.m2/repository/io/grpc/grpc-context/1.58.0/grpc-context-1.58.0.jar:/home/runner/.m2/repository/io/grpc/grpc-util/1.58.0/grpc-util-1.58.0.jar:/home/runner/.m2/repository/com/google/errorprone/error_prone_annotations/2.2.0/error_prone_annotations-2.2.0.jar:/home/runner/.m2/repository/io/perfmark/perfmark-api/0.26.0/perfmark-api-0.26.0.jar:/home/runner/.m2/repository/io/netty/netty-codec-http2/4.1.100.Final/netty-codec-http2-4.1.100.Final.jar:/home/runner/.m2/repository/io/netty/netty-common/4.1.100.Final/netty-common-4.1.100.Final.jar:/home/runner/.m2/repository/io/netty/netty-buffer/4.1.100.Final/netty-buffer-4.1.100.Final.jar:/home/runner/.m2/repository/io/netty/netty-codec-http/4.1.100.Final/netty-codec-http-4.1.100.Final.jar:/home/runner/.m2/repository/io/netty/netty-handler-proxy/4.1.100.Final/netty-handler-proxy-4.1.100.Final.jar:/home/runner/.m2/repository/io/netty/netty-codec-socks/4.1.100.Final/netty-codec-socks-4.1.100.Final.jar:/home/runner/.m2/repository/io/netty/netty-tcnative-boringssl-static/2.0.61.Final/netty-tcnative-boringssl-static-2.0.61.Final.jar:/home/runner/.m2/repository/io/netty/netty-tcnative-classes/2.0.61.Final/netty-tcnative-classes-2.0.61.Final.jar:/home/runner/.m2/repository/io/netty/netty-tcnative-boringssl-static/2.0.61.Final/netty-tcnative-boringssl-static-2.0.61.Final-linux-x86_64.jar:/home/runner/.m2/repository/io/netty/netty-tcnative-boringssl-static/2.0.61.Final/netty-tcnative-boringssl-static-2.0.61.Final-linux-aarch_64.jar:/home/runner/.m2/repository/io/netty/netty-tcnative-boringssl-static/2.0.61.Final/netty-tcnative-boringssl-static-2.0.61.Final-osx-x86_64.jar:/home/runner/.m2/repository/io/netty/netty-tcnative-boringssl-static/2.0.61.Final/netty-tcnative-boringssl-static-2.0.61.Final-osx-aarch_64.jar:/home/runner/.m2/repository/io/netty/netty-tcnative-boringssl-static/2.0.61.Final/netty-tcnative-boringssl-static-2.0.61.Final-windows-x86_64.jar:/home/runner/.m2/repository/org/apache/commons/commons-compress/1.25.0/commons-compress-1.25.0.jar:/home/runner/.m2/repository/org/apache/ozone/hdds-common/1.5.0-SNAPSHOT/hdds-common-1.5.0-SNAPSHOT.jar:/home/runner/.m2/repository/org/apache/ozone/hdds-client/1.5.0-SNAPSHOT/hdds-client-1.5.0-SNAPSHOT.jar:/home/runner/.m2/repository/org/apache/ozone/ozone-interface-client/1.5.0-SNAPSHOT/ozone-interface-client-1.5.0-SNAPSHOT.jar:/home/runner/.m2/repository/org/apache/hadoop/hadoop-hdfs-client/3.3.6/hadoop-hdfs-client-3.3.6.jar:/home/runner/.m2/repository/com/squareup/okhttp3/okhttp/4.12.0/okhttp-4.12.0.jar:/home/runner/.m2/repository/com/squareup/okio/okio/3.6.0/okio-3.6.0.jar:/home/runner/.m2/repository/com/squareup/okio/okio-jvm/3.6.0/okio-jvm-3.6.0.jar:/home/runner/.m2/repository/org/jetbrains/kotlin/kotlin-stdlib-jdk8/1.9.22/kotlin-stdlib-jdk8-1.9.22.jar:/home/runner/.m2/repository/org/jetbrains/kotlin/kotlin-stdlib-jdk7/1.9.22/kotlin-stdlib-jdk7-1.9.22.jar:/home/runner/.m2/repository/org/jetbrains/kotlin/kotlin-stdlib-common/1.9.22/kotlin-stdlib-common-1.9.22.jar:/home/runner/.m2/repository/org/apache/ozone/hdds-test-utils/1.5.0-SNAPSHOT/hdds-test-utils-1.5.0-SNAPSHOT.jar:/home/runner/.m2/repository/com/google/guava/guava/32.0.0-jre/guava-32.0.0-jre.jar:/home/runner/.m2/repository/com/google/guava/failureaccess/1.0.1/failureaccess-1.0.1.jar:/home/runner/.m2/repository/com/google/guava/listenablefuture/9999.0-empty-to-avoid-conflict-with-guava/listenablefuture-9999.0-empty-to-avoid-conflict-with-guava.jar:/home/runner/.m2/repository/com/google/code/findbugs/jsr305/3.0.0/jsr305-3.0.0.jar:/home/runner/.m2/repository/org/checkerframework/checker-qual/3.33.0/checker-qual-3.33.0.jar:/home/runner/.m2/repository/com/google/j2objc/j2objc-annotations/2.8/j2objc-annotations-2.8.jar:/home/runner/.m2/repository/commons-io/commons-io/2.11.0/commons-io-2.11.0.jar:/home/runner/.m2/repository/commons-logging/commons-logging/1.2/commons-logging-1.2.jar:/home/runner/.m2/repository/org/junit/jupiter/junit-jupiter-api/5.10.1/junit-jupiter-api-5.10.1.jar:/home/runner/.m2/repository/org/opentest4j/opentest4j/1.3.0/opentest4j-1.3.0.jar:/home/runner/.m2/repository/org/junit/platform/junit-platform-commons/1.10.1/junit-platform-commons-1.10.1.jar:/home/runner/.m2/repository/ch/qos/reload4j/reload4j/1.2.25/reload4j-1.2.25.jar:/home/runner/.m2/repository/org/slf4j/slf4j-api/2.0.10/slf4j-api-2.0.10.jar:/home/runner/.m2/repository/org/apache/logging/log4j/log4j-api/2.17.1/log4j-api-2.17.1.jar:/home/runner/.m2/repository/org/apache/ozone/hdds-server-scm/1.5.0-SNAPSHOT/hdds-server-scm-1.5.0-SNAPSHOT.jar:/home/runner/.m2/repository/com/google/protobuf/protobuf-java/2.5.0/protobuf-java-2.5.0.jar:/home/runner/.m2/repository/org/apache/ozone/hdds-container-service/1.5.0-SNAPSHOT/hdds-container-service-1.5.0-SNAPSHOT.jar:/home/runner/.m2/repository/org/apache/ozone/hdds-hadoop-dependency-server/1.5.0-SNAPSHOT/hdds-hadoop-dependency-server-1.5.0-SNAPSHOT.jar:/home/runner/.m2/repository/org/apache/hadoop/hadoop-hdfs/3.3.6/hadoop-hdfs-3.3.6.jar:/home/runner/.m2/repository/commons-daemon/commons-daemon/1.0.13/commons-daemon-1.0.13.jar:/home/runner/.m2/repository/org/apache/ozone/hdds-server-framework/1.5.0-SNAPSHOT/hdds-server-framework-1.5.0-SNAPSHOT.jar:/home/runner/.m2/repository/org/bouncycastle/bcprov-jdk15on/1.67/bcprov-jdk15on-1.67.jar:/home/runner/.m2/repository/io/dropwizard/metrics/metrics-core/3.2.4/metrics-core-3.2.4.jar:/home/runner/.m2/repository/org/apache/commons/commons-text/1.10.0/commons-text-1.10.0.jar:/home/runner/.m2/repository/org/apache/ozone/hdds-server-framework/1.5.0-SNAPSHOT/hdds-server-framework-1.5.0-SNAPSHOT-tests.jar:/home/runner/.m2/repository/org/apache/ozone/hdds-interface-server/1.5.0-SNAPSHOT/hdds-interface-server-1.5.0-SNAPSHOT.jar:/home/runner/.m2/repository/org/apache/ozone/hdds-interface-admin/1.5.0-SNAPSHOT/hdds-interface-admin-1.5.0-SNAPSHOT.jar:/home/runner/.m2/repository/org/apache/ozone/hdds-managed-rocksdb/1.5.0-SNAPSHOT/hdds-managed-rocksdb-1.5.0-SNAPSHOT.jar:/home/runner/.m2/repository/org/rocksdb/rocksdbjni/7.7.3/rocksdbjni-7.7.3.jar:/home/runner/.m2/repository/org/slf4j/slf4j-reload4j/2.0.10/slf4j-reload4j-2.0.10.jar:/home/runner/.m2/repository/org/apache/commons/commons-configuration2/2.1.1/commons-configuration2-2.1.1.jar:/home/runner/.m2/repository/commons-fileupload/commons-fileupload/1.5/commons-fileupload-1.5.jar:/home/runner/.m2/repository/org/apache/logging/log4j/log4j-core/2.17.1/log4j-core-2.17.1.jar:/home/runner/.m2/repository/com/lmax/disruptor/3.4.2/disruptor-3.4.2.jar:/home/runner/.m2/repository/org/eclipse/jetty/jetty-util/9.4.53.v20231009/jetty-util-9.4.53.v20231009.jar:/home/runner/.m2/repository/org/eclipse/jetty/jetty-server/9.4.53.v20231009/jetty-server-9.4.53.v20231009.jar:/home/runner/.m2/repository/org/eclipse/jetty/jetty-http/9.4.53.v20231009/jetty-http-9.4.53.v20231009.jar:/home/runner/.m2/repository/org/eclipse/jetty/jetty-io/9.4.53.v20231009/jetty-io-9.4.53.v20231009.jar:/home/runner/.m2/repository/org/eclipse/jetty/jetty-servlet/9.4.53.v20231009/jetty-servlet-9.4.53.v20231009.jar:/home/runner/.m2/repository/org/eclipse/jetty/jetty-security/9.4.53.v20231009/jetty-security-9.4.53.v20231009.jar:/home/runner/.m2/repository/org/eclipse/jetty/jetty-util-ajax/9.4.53.v20231009/jetty-util-ajax-9.4.53.v20231009.jar:/home/runner/.m2/repository/org/eclipse/jetty/jetty-webapp/9.4.53.v20231009/jetty-webapp-9.4.53.v20231009.jar:/home/runner/.m2/repository/org/eclipse/jetty/jetty-xml/9.4.53.v20231009/jetty-xml-9.4.53.v20231009.jar:/home/runner/.m2/repository/org/apache/ratis/ratis-server/3.0.0/ratis-server-3.0.0.jar:/home/runner/.m2/repository/org/apache/ratis/ratis-thirdparty-misc/1.0.5/ratis-thirdparty-misc-1.0.5.jar:/home/runner/.m2/repository/org/apache/ratis/ratis-proto/3.0.0/ratis-proto-3.0.0.jar:/home/runner/.m2/repository/org/apache/ratis/ratis-common/3.0.0/ratis-common-3.0.0.jar:/home/runner/.m2/repository/org/apache/ratis/ratis-client/3.0.0/ratis-client-3.0.0.jar:/home/runner/.m2/repository/org/apache/ratis/ratis-server-api/3.0.0/ratis-server-api-3.0.0.jar:/home/runner/.m2/repository/org/apache/ratis/ratis-metrics-api/3.0.0/ratis-metrics-api-3.0.0.jar:/home/runner/.m2/repository/org/apache/ratis/ratis-metrics-dropwizard3/3.0.0/ratis-metrics-dropwizard3-3.0.0.jar:/home/runner/.m2/repository/io/prometheus/simpleclient_dropwizard/0.16.0/simpleclient_dropwizard-0.16.0.jar:/home/runner/.m2/repository/io/prometheus/simpleclient/0.16.0/simpleclient-0.16.0.jar:/home/runner/.m2/repository/io/prometheus/simpleclient_common/0.16.0/simpleclient_common-0.16.0.jar:/home/runner/.m2/repository/com/fasterxml/jackson/datatype/jackson-datatype-jsr310/2.13.4/jackson-datatype-jsr310-2.13.4.jar:/home/runner/.m2/repository/com/fasterxml/jackson/core/jackson-core/2.13.4/jackson-core-2.13.4.jar:/home/runner/.m2/repository/org/apache/ozone/rocksdb-checkpoint-differ/1.5.0-SNAPSHOT/rocksdb-checkpoint-differ-1.5.0-SNAPSHOT.jar:/home/runner/.m2/repository/org/jgrapht/jgrapht-core/1.0.1/jgrapht-core-1.0.1.jar:/home/runner/.m2/repository/org/jgrapht/jgrapht-ext/1.0.1/jgrapht-ext-1.0.1.jar:/home/runner/.m2/repository/org/tinyjee/jgraphx/jgraphx/2.0.0.1/jgraphx-2.0.0.1.jar:/home/runner/.m2/repository/jgraph/jgraph/5.13.0.0/jgraph-5.13.0.0.jar:/home/runner/.m2/repository/org/antlr/antlr4-runtime/4.5.3/antlr4-runtime-4.5.3.jar:/home/runner/.m2/repository/org/apache/ozone/ozone-manager/1.5.0-SNAPSHOT/ozone-manager-1.5.0-SNAPSHOT.jar:/home/runner/.m2/repository/org/aspectj/aspectjrt/1.9.7/aspectjrt-1.9.7.jar:/home/runner/.m2/repository/org/aspectj/aspectjweaver/1.9.7/aspectjweaver-1.9.7.jar:/home/runner/.m2/repository/org/apache/ozone/hdds-interface-client/1.5.0-SNAPSHOT/hdds-interface-client-1.5.0-SNAPSHOT.jar:/home/runner/.m2/repository/org/apache/hadoop/thirdparty/hadoop-shaded-protobuf_3_7/1.1.1/hadoop-shaded-protobuf_3_7-1.1.1.jar:/home/runner/.m2/repository/org/apache/ozone/ozone-interface-storage/1.5.0-SNAPSHOT/ozone-interface-storage-1.5.0-SNAPSHOT.jar:/home/runner/.m2/repository/org/reflections/reflections/0.9.11/reflections-0.9.11.jar:/home/runner/.m2/repository/com/sun/jersey/jersey-client/1.19.4/jersey-client-1.19.4.jar:/home/runner/.m2/repository/org/codehaus/jackson/jackson-core-asl/1.9.13/jackson-core-asl-1.9.13.jar:/home/runner/.m2/repository/org/codehaus/jackson/jackson-mapper-asl/1.9.13/jackson-mapper-asl-1.9.13.jar:/home/runner/.m2/repository/org/codehaus/jackson/jackson-jaxrs/1.9.13/jackson-jaxrs-1.9.13.jar:/home/runner/.m2/repository/org/apache/ranger/ranger-intg/2.3.0/ranger-intg-2.3.0.jar:/home/runner/.m2/repository/org/apache/ranger/ranger-plugins-common/2.3.0/ranger-plugins-common-2.3.0.jar:/home/runner/.m2/repository/commons-lang/commons-lang/2.6/commons-lang-2.6.jar:/home/runner/.m2/repository/org/apache/ranger/ranger-plugins-cred/2.3.0/ranger-plugins-cred-2.3.0.jar:/home/runner/.m2/repository/org/apache/ranger/ranger-plugins-audit/2.3.0/ranger-plugins-audit-2.3.0.jar:/home/runner/.m2/repository/org/eclipse/jetty/jetty-client/9.4.53.v20231009/jetty-client-9.4.53.v20231009.jar:/home/runner/.m2/repository/org/apache/httpcomponents/httpmime/4.5.6/httpmime-4.5.6.jar:/home/runner/.m2/repository/org/apache/httpcomponents/httpcore-nio/4.4.16/httpcore-nio-4.4.16.jar:/home/runner/.m2/repository/org/apache/httpcomponents/httpasyncclient/4.1.3/httpasyncclient-4.1.3.jar:/home/runner/.m2/repository/com/carrotsearch/hppc/0.8.0/hppc-0.8.0.jar:/home/runner/.m2/repository/org/apache/orc/orc-core/1.5.8/orc-core-1.5.8.jar:/home/runner/.m2/repository/net/java/dev/jna/jna/5.2.0/jna-5.2.0.jar:/home/runner/.m2/repository/net/java/dev/jna/jna-platform/5.2.0/jna-platform-5.2.0.jar:/home/runner/.m2/repository/com/kstruct/gethostname4j/0.0.2/gethostname4j-0.0.2.jar:/home/runner/.m2/repository/org/apache/ranger/ranger-plugin-classloader/2.3.0/ranger-plugin-classloader-2.3.0.jar:/home/runner/.m2/repository/org/apache/ozone/hdds-rocks-native/1.5.0-SNAPSHOT/hdds-rocks-native-1.5.0-SNAPSHOT.jar:/home/runner/.m2/repository/org/apache/hadoop/hadoop-minikdc/3.3.6/hadoop-minikdc-3.3.6.jar:/home/runner/.m2/repository/org/apache/kerby/kerb-simplekdc/1.0.1/kerb-simplekdc-1.0.1.jar:/home/runner/.m2/repository/org/apache/kerby/kerb-client/1.0.1/kerb-client-1.0.1.jar:/home/runner/.m2/repository/org/apache/kerby/kerby-config/1.0.1/kerby-config-1.0.1.jar:/home/runner/.m2/repository/org/apache/kerby/kerb-common/1.0.1/kerb-common-1.0.1.jar:/home/runner/.m2/repository/org/apache/kerby/kerb-crypto/1.0.1/kerb-crypto-1.0.1.jar:/home/runner/.m2/repository/org/apache/kerby/kerb-util/1.0.1/kerb-util-1.0.1.jar:/home/runner/.m2/repository/org/apache/kerby/token-provider/1.0.1/token-provider-1.0.1.jar:/home/runner/.m2/repository/org/apache/kerby/kerb-admin/1.0.1/kerb-admin-1.0.1.jar:/home/runner/.m2/repository/org/apache/kerby/kerb-server/1.0.1/kerb-server-1.0.1.jar:/home/runner/.m2/repository/org/apache/kerby/kerb-identity/1.0.1/kerb-identity-1.0.1.jar:/home/runner/.m2/repository/org/apache/kerby/kerby-xdr/1.0.1/kerby-xdr-1.0.1.jar:/home/runner/.m2/repository/org/apache/ozone/ozone-s3gateway/1.5.0-SNAPSHOT/ozone-s3gateway-1.5.0-SNAPSHOT.jar:/home/runner/.m2/repository/org/javassist/javassist/3.21.0-GA/javassist-3.21.0-GA.jar:/home/runner/.m2/repository/org/jboss/weld/servlet/weld-servlet-shaded/3.1.9.Final/weld-servlet-shaded-3.1.9.Final.jar:/home/runner/.m2/repository/org/glassfish/jersey/containers/jersey-container-servlet-core/2.41/jersey-container-servlet-core-2.41.jar:/home/runner/.m2/repository/org/glassfish/hk2/external/jakarta.inject/2.6.1/jakarta.inject-2.6.1.jar:/home/runner/.m2/repository/org/glassfish/jersey/core/jersey-common/2.41/jersey-common-2.41.jar:/home/runner/.m2/repository/jakarta/ws/rs/jakarta.ws.rs-api/2.1.6/jakarta.ws.rs-api-2.1.6.jar:/home/runner/.m2/repository/org/glassfish/jersey/ext/cdi/jersey-cdi1x/2.41/jersey-cdi1x-2.41.jar:/home/runner/.m2/repository/org/glassfish/jersey/inject/jersey-hk2/2.41/jersey-hk2-2.41.jar:/home/runner/.m2/repository/org/glassfish/hk2/hk2-locator/2.6.1/hk2-locator-2.6.1.jar:/home/runner/.m2/repository/org/glassfish/jersey/media/jersey-media-jaxb/2.41/jersey-media-jaxb-2.41.jar:/home/runner/.m2/repository/org/glassfish/hk2/osgi-resource-locator/1.0.3/osgi-resource-locator-1.0.3.jar:/home/runner/.m2/repository/org/glassfish/hk2/hk2-api/2.5.0/hk2-api-2.5.0.jar:/home/runner/.m2/repository/org/glassfish/hk2/hk2-utils/2.5.0/hk2-utils-2.5.0.jar:/home/runner/.m2/repository/org/glassfish/hk2/external/aopalliance-repackaged/2.5.0/aopalliance-repackaged-2.5.0.jar:/home/runner/.m2/repository/com/fasterxml/jackson/dataformat/jackson-dataformat-xml/2.13.4/jackson-dataformat-xml-2.13.4.jar:/home/runner/.m2/repository/org/codehaus/woodstox/stax2-api/4.2.2/stax2-api-4.2.2.jar:/home/runner/.m2/repository/com/fasterxml/woodstox/woodstox-core/5.4.0/woodstox-core-5.4.0.jar:/home/runner/.m2/repository/com/fasterxml/jackson/module/jackson-module-jaxb-annotations/2.13.4/jackson-module-jaxb-annotations-2.13.4.jar:/home/runner/.m2/repository/javax/enterprise/cdi-api/2.0/cdi-api-2.0.jar:/home/runner/.m2/repository/javax/el/javax.el-api/3.0.0/javax.el-api-3.0.0.jar:/home/runner/.m2/repository/javax/interceptor/javax.interceptor-api/1.2/javax.interceptor-api-1.2.jar:/home/runner/.m2/repository/javax/inject/javax.inject/1/javax.inject-1.jar:/home/runner/.m2/repository/jakarta/xml/bind/jakarta.xml.bind-api/2.3.3/jakarta.xml.bind-api-2.3.3.jar:/home/runner/.m2/repository/org/glassfish/jaxb/jaxb-runtime/2.3.9/jaxb-runtime-2.3.9.jar:/home/runner/.m2/repository/org/glassfish/jaxb/txw2/2.3.9/txw2-2.3.9.jar:/home/runner/.m2/repository/com/sun/istack/istack-commons-runtime/3.0.12/istack-commons-runtime-3.0.12.jar:/home/runner/.m2/repository/com/sun/activation/jakarta.activation/1.2.2/jakarta.activation-1.2.2.jar:/home/runner/.m2/repository/jakarta/activation/jakarta.activation-api/1.2.2/jakarta.activation-api-1.2.2.jar:/home/runner/.m2/repository/io/grpc/grpc-protobuf/1.58.0/grpc-protobuf-1.58.0.jar:/home/runner/.m2/repository/com/google/api/grpc/proto-google-common-protos/2.22.0/proto-google-common-protos-2.22.0.jar:/home/runner/.m2/repository/io/grpc/grpc-protobuf-lite/1.58.0/grpc-protobuf-lite-1.58.0.jar:/home/runner/.m2/repository/io/grpc/grpc-stub/1.58.0/grpc-stub-1.58.0.jar:/home/runner/.m2/repository/io/netty/netty-transport/4.1.100.Final/netty-transport-4.1.100.Final.jar:/home/runner/.m2/repository/io/netty/netty-resolver/4.1.100.Final/netty-resolver-4.1.100.Final.jar:/home/runner/.m2/repository/org/apache/ozone/ozone-csi/1.5.0-SNAPSHOT/ozone-csi-1.5.0-SNAPSHOT.jar:/home/runner/.m2/repository/com/google/protobuf/protobuf-java-util/3.19.6/protobuf-java-util-3.19.6.jar:/home/runner/.m2/repository/com/google/code/gson/gson/2.9.0/gson-2.9.0.jar:/home/runner/.m2/repository/org/apache/ozone/hdds-config/1.5.0-SNAPSHOT/hdds-config-1.5.0-SNAPSHOT.jar:/home/runner/.m2/repository/io/netty/netty-transport-native-epoll/4.1.100.Final/netty-transport-native-epoll-4.1.100.Final-linux-x86_64.jar:/home/runner/.m2/repository/io/netty/netty-transport-classes-epoll/4.1.100.Final/netty-transport-classes-epoll-4.1.100.Final.jar:/home/runner/.m2/repository/io/netty/netty-transport-native-unix-common/4.1.100.Final/netty-transport-native-unix-common-4.1.100.Final.jar:/home/runner/.m2/repository/org/apache/ozone/ozone-recon/1.5.0-SNAPSHOT/ozone-recon-1.5.0-SNAPSHOT.jar:/home/runner/.m2/repository/org/apache/ozone/ozone-reconcodegen/1.5.0-SNAPSHOT/ozone-reconcodegen-1.5.0-SNAPSHOT.jar:/home/runner/.m2/repository/com/google/inject/guice/5.1.0/guice-5.1.0.jar:/home/runner/.m2/repository/aopalliance/aopalliance/1.0/aopalliance-1.0.jar:/home/runner/.m2/repository/com/google/inject/extensions/guice-assistedinject/5.1.0/guice-assistedinject-5.1.0.jar:/home/runner/.m2/repository/com/google/inject/extensions/guice-servlet/5.1.0/guice-servlet-5.1.0.jar:/home/runner/.m2/repository/org/glassfish/jersey/containers/jersey-container-servlet/2.41/jersey-container-servlet-2.41.jar:/home/runner/.m2/repository/org/glassfish/hk2/guice-bridge/2.5.0/guice-bridge-2.5.0.jar:/home/runner/.m2/repository/org/glassfish/jersey/core/jersey-server/2.41/jersey-server-2.41.jar:/home/runner/.m2/repository/org/glassfish/jersey/core/jersey-client/2.41/jersey-client-2.41.jar:/home/runner/.m2/repository/jakarta/annotation/jakarta.annotation-api/1.3.5/jakarta.annotation-api-1.3.5.jar:/home/runner/.m2/repository/jakarta/validation/jakarta.validation-api/2.0.2/jakarta.validation-api-2.0.2.jar:/home/runner/.m2/repository/org/glassfish/jersey/media/jersey-media-json-jackson/2.41/jersey-media-json-jackson-2.41.jar:/home/runner/.m2/repository/org/glassfish/jersey/ext/jersey-entity-filtering/2.41/jersey-entity-filtering-2.41.jar:/home/runner/.m2/repository/org/jooq/jooq/3.11.10/jooq-3.11.10.jar:/home/runner/.m2/repository/org/jooq/jooq-meta/3.11.10/jooq-meta-3.11.10.jar:/home/runner/.m2/repository/org/jooq/jooq-codegen/3.11.10/jooq-codegen-3.11.10.jar:/home/runner/.m2/repository/com/jolbox/bonecp/0.8.0.RELEASE/bonecp-0.8.0.RELEASE.jar:/home/runner/.m2/repository/org/apache/derby/derby/10.14.2.0/derby-10.14.2.0.jar:/home/runner/.m2/repository/org/xerial/sqlite-jdbc/3.44.1.0/sqlite-jdbc-3.44.1.0.jar:/home/runner/.m2/repository/org/springframework/spring-jdbc/5.3.27/spring-jdbc-5.3.27.jar:/home/runner/.m2/repository/org/springframework/spring-beans/5.3.27/spring-beans-5.3.27.jar:/home/runner/.m2/repository/org/springframework/spring-core/5.3.27/spring-core-5.3.27.jar:/home/runner/.m2/repository/org/springframework/spring-tx/5.3.27/spring-tx-5.3.27.jar:/home/runner/.m2/repository/org/apache/ozone/ozone-client/1.5.0-SNAPSHOT/ozone-client-1.5.0-SNAPSHOT.jar:/home/runner/.m2/repository/org/apache/ozone/hdds-erasurecode/1.5.0-SNAPSHOT/hdds-erasurecode-1.5.0-SNAPSHOT.jar:/home/runner/.m2/repository/org/apache/ozone/ozone-filesystem/1.5.0-SNAPSHOT/ozone-filesystem-1.5.0-SNAPSHOT.jar:/home/runner/.m2/repository/org/apache/ozone/ozone-filesystem-common/1.5.0-SNAPSHOT/ozone-filesystem-common-1.5.0-SNAPSHOT.jar:/home/runner/.m2/repository/org/apache/ozone/ozone-tools/1.5.0-SNAPSHOT/ozone-tools-1.5.0-SNAPSHOT.jar:/home/runner/.m2/repository/com/amazonaws/aws-java-sdk-core/1.12.261/aws-java-sdk-core-1.12.261.jar:/home/runner/.m2/repository/org/apache/httpcomponents/httpclient/4.5.13/httpclient-4.5.13.jar:/home/runner/.m2/repository/org/apache/httpcomponents/httpcore/4.4.16/httpcore-4.4.16.jar:/home/runner/.m2/repository/software/amazon/ion/ion-java/1.0.2/ion-java-1.0.2.jar:/home/runner/.m2/repository/com/fasterxml/jackson/dataformat/jackson-dataformat-cbor/2.13.4/jackson-dataformat-cbor-2.13.4.jar:/home/runner/.m2/repository/joda-time/joda-time/2.12.5/joda-time-2.12.5.jar:/home/runner/.m2/repository/com/amazonaws/aws-java-sdk-s3/1.12.261/aws-java-sdk-s3-1.12.261.jar:/home/runner/.m2/repository/com/amazonaws/aws-java-sdk-kms/1.12.261/aws-java-sdk-kms-1.12.261.jar:/home/runner/.m2/repository/com/amazonaws/jmespath-java/1.12.261/jmespath-java-1.12.261.jar:/home/runner/.m2/repository/org/kohsuke/metainf-services/metainf-services/1.8/metainf-services-1.8.jar:/home/runner/.m2/repository/org/apache/ozone/hdds-tools/1.5.0-SNAPSHOT/hdds-tools-1.5.0-SNAPSHOT.jar:/home/runner/.m2/repository/org/apache/ratis/ratis-tools/3.0.0/ratis-tools-3.0.0.jar:/home/runner/.m2/repository/commons-cli/commons-cli/1.6.0/commons-cli-1.6.0.jar:/home/runner/.m2/repository/org/apache/commons/commons-lang3/3.14.0/commons-lang3-3.14.0.jar:/home/runner/.m2/repository/org/apache/ozone/ozone-manager/1.5.0-SNAPSHOT/ozone-manager-1.5.0-SNAPSHOT-tests.jar:/home/runner/.m2/repository/org/apache/ozone/hdds-common/1.5.0-SNAPSHOT/hdds-common-1.5.0-SNAPSHOT-tests.jar:/home/runner/.m2/repository/org/apache/ozone/hdds-hadoop-dependency-client/1.5.0-SNAPSHOT/hdds-hadoop-dependency-client-1.5.0-SNAPSHOT.jar:/home/runner/.m2/repository/info/picocli/picocli/4.7.5/picocli-4.7.5.jar:/home/runner/.m2/repository/com/fasterxml/jackson/core/jackson-annotations/2.13.4/jackson-annotations-2.13.4.jar:/home/runner/.m2/repository/org/apache/ozone/hdds-annotation-processing/1.5.0-SNAPSHOT/hdds-annotation-processing-1.5.0-SNAPSHOT.jar:/home/runner/.m2/repository/javax/annotation/javax.annotation-api/1.3.2/javax.annotation-api-1.3.2.jar:/home/runner/.m2/repository/org/apache/ratis/ratis-netty/3.0.0/ratis-netty-3.0.0.jar:/home/runner/.m2/repository/org/apache/ratis/ratis-grpc/3.0.0/ratis-grpc-3.0.0.jar:/home/runner/.m2/repository/org/apache/commons/commons-pool2/2.6.0/commons-pool2-2.6.0.jar:/home/runner/.m2/repository/org/bouncycastle/bcpkix-jdk15on/1.67/bcpkix-jdk15on-1.67.jar:/home/runner/.m2/repository/commons-validator/commons-validator/1.6/commons-validator-1.6.jar:/home/runner/.m2/repository/commons-beanutils/commons-beanutils/1.9.4/commons-beanutils-1.9.4.jar:/home/runner/.m2/repository/commons-digester/commons-digester/1.8.1/commons-digester-1.8.1.jar:/home/runner/.m2/repository/commons-collections/commons-collections/3.2.2/commons-collections-3.2.2.jar:/home/runner/.m2/repository/io/jaegertracing/jaeger-client/1.6.0/jaeger-client-1.6.0.jar:/home/runner/.m2/repository/io/jaegertracing/jaeger-thrift/1.6.0/jaeger-thrift-1.6.0.jar:/home/runner/.m2/repository/org/apache/thrift/libthrift/0.14.1/libthrift-0.14.1.jar:/home/runner/.m2/repository/io/jaegertracing/jaeger-core/1.6.0/jaeger-core-1.6.0.jar:/home/runner/.m2/repository/io/jaegertracing/jaeger-tracerresolver/1.6.0/jaeger-tracerresolver-1.6.0.jar:/home/runner/.m2/repository/io/opentracing/contrib/opentracing-tracerresolver/0.1.8/opentracing-tracerresolver-0.1.8.jar:/home/runner/.m2/repository/org/jetbrains/kotlin/kotlin-stdlib/1.9.22/kotlin-stdlib-1.9.22.jar:/home/runner/.m2/repository/org/jetbrains/annotations/13.0/annotations-13.0.jar:/home/runner/.m2/repository/io/opentracing/opentracing-util/0.33.0/opentracing-util-0.33.0.jar:/home/runner/.m2/repository/io/opentracing/opentracing-api/0.33.0/opentracing-api-0.33.0.jar:/home/runner/.m2/repository/io/opentracing/opentracing-noop/0.33.0/opentracing-noop-0.33.0.jar:/home/runner/.m2/repository/org/yaml/snakeyaml/2.0/snakeyaml-2.0.jar:/home/runner/.m2/repository/io/grpc/grpc-api/1.58.0/grpc-api-1.58.0.jar:/home/runner/.m2/repository/junit/junit/4.13.1/junit-4.13.1.jar:/home/runner/.m2/repository/org/junit/jupiter/junit-jupiter-engine/5.10.1/junit-jupiter-engine-5.10.1.jar:/home/runner/.m2/repository/org/junit/platform/junit-platform-engine/1.10.1/junit-platform-engine-1.10.1.jar:/home/runner/.m2/repository/org/apiguardian/apiguardian-api/1.1.2/apiguardian-api-1.1.2.jar:/home/runner/.m2/repository/org/junit/vintage/junit-vintage-engine/5.10.1/junit-vintage-engine-5.10.1.jar:/home/runner/.m2/repository/org/junit/platform/junit-platform-launcher/1.10.1/junit-platform-launcher-1.10.1.jar:/home/runner/.m2/repository/org/apache/hadoop/hadoop-kms/3.3.6/hadoop-kms-3.3.6.jar:/home/runner/.m2/repository/org/apache/hadoop/hadoop-auth/3.3.6/hadoop-auth-3.3.6.jar:/home/runner/.m2/repository/com/nimbusds/nimbus-jose-jwt/9.8.1/nimbus-jose-jwt-9.8.1.jar:/home/runner/.m2/repository/com/github/stephenc/jcip/jcip-annotations/1.0-1/jcip-annotations-1.0-1.jar:/home/runner/.m2/repository/org/apache/zookeeper/zookeeper/3.7.2/zookeeper-3.7.2.jar:/home/runner/.m2/repository/org/apache/zookeeper/zookeeper-jute/3.7.2/zookeeper-jute-3.7.2.jar:/home/runner/.m2/repository/org/apache/yetus/audience-annotations/0.12.0/audience-annotations-0.12.0.jar:/home/runner/.m2/repository/org/apache/curator/curator-framework/4.2.0/curator-framework-4.2.0.jar:/home/runner/.m2/repository/org/apache/hadoop/thirdparty/hadoop-shaded-guava/1.1.1/hadoop-shaded-guava-1.1.1.jar:/home/runner/.m2/repository/com/sun/jersey/jersey-core/1.19.4/jersey-core-1.19.4.jar:/home/runner/.m2/repository/javax/ws/rs/jsr311-api/1.1.1/jsr311-api-1.1.1.jar:/home/runner/.m2/repository/com/sun/jersey/jersey-server/1.19.4/jersey-server-1.19.4.jar:/home/runner/.m2/repository/javax/servlet/javax.servlet-api/3.1.0/javax.servlet-api-3.1.0.jar:/home/runner/.m2/repository/org/apache/hadoop/hadoop-common/3.3.6/hadoop-common-3.3.6.jar:/home/runner/.m2/repository/org/apache/commons/commons-math3/3.1.1/commons-math3-3.1.1.jar:/home/runner/.m2/repository/commons-net/commons-net/3.10.0/commons-net-3.10.0.jar:/home/runner/.m2/repository/com/sun/jersey/jersey-servlet/1.19.4/jersey-servlet-1.19.4.jar:/home/runner/.m2/repository/com/github/pjfanning/jersey-json/1.20/jersey-json-1.20.jar:/home/runner/.m2/repository/org/codehaus/jettison/jettison/1.1/jettison-1.1.jar:/home/runner/.m2/repository/com/sun/xml/bind/jaxb-impl/2.2.3-1/jaxb-impl-2.2.3-1.jar:/home/runner/.m2/repository/com/google/re2j/re2j/1.1/re2j-1.1.jar:/home/runner/.m2/repository/com/jcraft/jsch/0.1.54/jsch-0.1.54.jar:/home/runner/.m2/repository/org/apache/curator/curator-client/4.2.0/curator-client-4.2.0.jar:/home/runner/.m2/repository/org/apache/curator/curator-recipes/5.2.0/curator-recipes-5.2.0.jar:/home/runner/.m2/repository/org/apache/kerby/kerb-core/1.0.1/kerb-core-1.0.1.jar:/home/runner/.m2/repository/org/apache/kerby/kerby-pkix/1.0.1/kerby-pkix-1.0.1.jar:/home/runner/.m2/repository/org/apache/kerby/kerby-asn1/1.0.1/kerby-asn1-1.0.1.jar:/home/runner/.m2/repository/org/apache/kerby/kerby-util/1.0.1/kerby-util-1.0.1.jar:/home/runner/.m2/repository/dnsjava/dnsjava/2.1.7/dnsjava-2.1.7.jar:/home/runner/.m2/repository/org/xerial/snappy/snappy-java/1.1.8.2/snappy-java-1.1.8.2.jar:/home/runner/.m2/repository/com/fasterxml/jackson/core/jackson-databind/2.13.4.2/jackson-databind-2.13.4.2.jar:/home/runner/.m2/repository/org/apache/hadoop/hadoop-kms/3.3.6/hadoop-kms-3.3.6-tests.jar:/home/runner/.m2/repository/org/apache/ozone/hdds-server-scm/1.5.0-SNAPSHOT/hdds-server-scm-1.5.0-SNAPSHOT-tests.jar:/home/runner/.m2/repository/org/apache/ozone/hdds-container-service/1.5.0-SNAPSHOT/hdds-container-service-1.5.0-SNAPSHOT-tests.jar:/home/runner/.m2/repository/com/github/luben/zstd-jni/1.5.2-5/zstd-jni-1.5.2-5.jar:/home/runner/.m2/repository/commons-codec/commons-codec/1.15/commons-codec-1.15.jar:/home/runner/.m2/repository/io/netty/netty-codec/4.1.100.Final/netty-codec-4.1.100.Final.jar:/home/runner/.m2/repository/io/netty/netty-handler/4.1.100.Final/netty-handler-4.1.100.Final.jar:/home/runner/.m2/repository/org/apache/ozone/hdds-hadoop-dependency-test/1.5.0-SNAPSHOT/hdds-hadoop-dependency-test-1.5.0-SNAPSHOT.jar:/home/runner/.m2/repository/org/apache/hadoop/hadoop-common/3.3.6/hadoop-common-3.3.6-tests.jar:/home/runner/.m2/repository/org/apache/hadoop/hadoop-hdfs/3.3.6/hadoop-hdfs-3.3.6-tests.jar:/home/runner/.m2/repository/org/assertj/assertj-core/3.12.2/assertj-core-3.12.2.jar:/home/runner/.m2/repository/org/junit/jupiter/junit-jupiter-params/5.10.1/junit-jupiter-params-5.10.1.jar:/home/runner/.m2/repository/org/mockito/mockito-core/3.5.9/mockito-core-3.5.9.jar:/home/runner/.m2/repository/net/bytebuddy/byte-buddy/1.10.13/byte-buddy-1.10.13.jar:/home/runner/.m2/repository/net/bytebuddy/byte-buddy-agent/1.10.13/byte-buddy-agent-1.10.13.jar:/home/runner/.m2/repository/org/objenesis/objenesis/1.0/objenesis-1.0.jar:/home/runner/.m2/repository/org/mockito/mockito-junit-jupiter/3.5.9/mockito-junit-jupiter-3.5.9.jar:/home/runner/.m2/repository/org/apache/hadoop/hadoop-distcp/3.3.6/hadoop-distcp-3.3.6.jar:/home/runner/.m2/repository/org/apache/hadoop/hadoop-mapreduce-client-jobclient/3.3.6/hadoop-mapreduce-client-jobclient-3.3.6.jar:/home/runner/.m2/repository/org/apache/hadoop/hadoop-mapreduce-client-common/3.3.6/hadoop-mapreduce-client-common-3.3.6.jar:/home/runner/.m2/repository/org/apache/hadoop/hadoop-yarn-common/3.3.6/hadoop-yarn-common-3.3.6.jar:/home/runner/.m2/repository/org/apache/hadoop/hadoop-yarn-api/3.3.6/hadoop-yarn-api-3.3.6.jar:/home/runner/.m2/repository/javax/xml/bind/jaxb-api/2.2.11/jaxb-api-2.2.11.jar:/home/runner/.m2/repository/com/sun/jersey/contribs/jersey-guice/1.19.4/jersey-guice-1.19.4.jar:/home/runner/.m2/repository/com/fasterxml/jackson/jaxrs/jackson-jaxrs-json-provider/2.13.4/jackson-jaxrs-json-provider-2.13.4.jar:/home/runner/.m2/repository/com/fasterxml/jackson/jaxrs/jackson-jaxrs-base/2.13.4/jackson-jaxrs-base-2.13.4.jar:/home/runner/.m2/repository/org/apache/hadoop/hadoop-yarn-client/3.3.6/hadoop-yarn-client-3.3.6.jar:/home/runner/.m2/repository/org/eclipse/jetty/websocket/websocket-client/9.4.51.v20230217/websocket-client-9.4.51.v20230217.jar:/home/runner/.m2/repository/org/eclipse/jetty/websocket/websocket-common/9.4.51.v20230217/websocket-common-9.4.51.v20230217.jar:/home/runner/.m2/repository/org/eclipse/jetty/websocket/websocket-api/9.4.51.v20230217/websocket-api-9.4.51.v20230217.jar:/home/runner/.m2/repository/org/jline/jline/3.9.0/jline-3.9.0.jar:/home/runner/.m2/repository/org/apache/hadoop/hadoop-mapreduce-client-core/3.3.6/hadoop-mapreduce-client-core-3.3.6.jar:/home/runner/.m2/repository/org/apache/avro/avro/1.7.7/avro-1.7.7.jar:/home/runner/.m2/repository/com/thoughtworks/paranamer/paranamer/2.3/paranamer-2.3.jar:/home/runner/.m2/repository/org/apache/hadoop/hadoop-annotations/3.3.6/hadoop-annotations-3.3.6.jar:/usr/lib/jvm/temurin-8-jdk-amd64/jre/../lib/tools.jar:/home/runner/.m2/repository/io/netty/netty/3.10.6.Final/netty-3.10.6.Final.jar:/home/runner/.m2/repository/org/apache/hadoop/hadoop-distcp/3.3.6/hadoop-distcp-3.3.6-tests.jar:/home/runner/.m2/repository/org/slf4j/jul-to-slf4j/2.0.10/jul-to-slf4j-2.0.10.jar:/home/runner/.m2/repository/org/awaitility/awaitility/4.2.0/awaitility-4.2.0.jar:/home/runner/.m2/repository/org/hamcrest/hamcrest/2.1/hamcrest-2.1.jar:/home/runner/work/ozone/ozone/hadoop-ozone/integration-test/target/gradle-enterprise/test-listeners.jar:"/>
    <property name="sun.cpu.endian" value="little"/>
    <property name="user.home" value="/home/runner"/>
    <property name="user.language" value="en"/>
    <property name="java.specification.vendor" value="Oracle Corporation"/>
    <property name="java.home" value="/usr/lib/jvm/temurin-8-jdk-amd64/jre"/>
    <property name="java.security.krb5.conf" value="/home/runner/work/ozone/ozone/hadoop-ozone/integration-test/target/test-classes/krb5.conf"/>
    <property name="file.separator" value="/"/>
    <property name="basedir" value="/home/runner/work/ozone/ozone/hadoop-ozone/integration-test"/>
    <property name="line.separator" value="&#10;"/>
    <property name="java.vm.specification.vendor" value="Oracle Corporation"/>
    <property name="java.specification.name" value="Java Platform API Specification"/>
    <property name="skip.installnpx" value="true"/>
    <property name="java.awt.graphicsenv" value="sun.awt.X11GraphicsEnvironment"/>
    <property name="surefire.real.class.path" value="/home/runner/work/ozone/ozone/hadoop-ozone/integration-test/target/surefire/surefirebooter-20240108094601262_795.jar:/home/runner/.m2/repository/org/jacoco/org.jacoco.agent/0.8.5/org.jacoco.agent-0.8.5-runtime.jar"/>
    <property name="sun.boot.class.path" value="/usr/lib/jvm/temurin-8-jdk-amd64/jre/lib/resources.jar:/usr/lib/jvm/temurin-8-jdk-amd64/jre/lib/rt.jar:/usr/lib/jvm/temurin-8-jdk-amd64/jre/lib/sunrsasign.jar:/usr/lib/jvm/temurin-8-jdk-amd64/jre/lib/jsse.jar:/usr/lib/jvm/temurin-8-jdk-amd64/jre/lib/jce.jar:/usr/lib/jvm/temurin-8-jdk-amd64/jre/lib/charsets.jar:/usr/lib/jvm/temurin-8-jdk-amd64/jre/lib/jfr.jar:/usr/lib/jvm/temurin-8-jdk-amd64/jre/classes"/>
    <property name="hadoop.log.dir" value="/home/runner/work/ozone/ozone/hadoop-ozone/integration-test/target/log"/>
    <property name="sun.management.compiler" value="HotSpot 64-Bit Tiered Compilers"/>
    <property name="java.runtime.version" value="1.8.0_392-b08"/>
    <property name="skip.npx" value="true"/>
    <property name="user.name" value="runner"/>
    <property name="java.net.preferIPv4Stack" value="true"/>
    <property name="path.separator" value=":"/>
    <property name="java.security.egd" value="file:///dev/urandom"/>
    <property name="os.version" value="5.15.0-1053-azure"/>
    <property name="java.endorsed.dirs" value="/usr/lib/jvm/temurin-8-jdk-amd64/jre/lib/endorsed"/>
    <property name="java.runtime.name" value="OpenJDK Runtime Environment"/>
    <property name="com.gradle.maven.scan.extension.test.listener.junitplatform.NestedExecutionSafeDelegatingTestExecutionListener" value="6e509ffa"/>
    <property name="file.encoding" value="UTF-8"/>
    <property name="java.vm.name" value="OpenJDK 64-Bit Server VM"/>
    <property name="test.build.webapps" value=""/>
    <property name="localRepository" value="/home/runner/.m2/repository"/>
    <property name="gradle.enterprise.listener.port" value="45325"/>
    <property name="jetty.git.hash" value="27bde00a0b95a1d5bbee0eae7984f891d2d0f8c9"/>
    <property name="java.vendor.url.bug" value="https://github.com/adoptium/adoptium-support/issues"/>
    <property name="require.test.libhadoop" value=""/>
    <property name="java.io.tmpdir" value="/tmp"/>
    <property name="java.version" value="1.8.0_392"/>
    <property name="user.dir" value="/home/runner/work/ozone/ozone/hadoop-ozone/integration-test"/>
    <property name="os.arch" value="amd64"/>
    <property name="test.build.classes" value="/home/runner/work/ozone/ozone/hadoop-ozone/integration-test/target/test-classes"/>
    <property name="java.vm.specification.name" value="Java Virtual Machine Specification"/>
    <property name="java.awt.printerjob" value="sun.print.PSPrinterJob"/>
    <property name="sun.os.patch.level" value="unknown"/>
    <property name="org.apache.ratis.thirdparty.io.netty.allocator.useCacheForAllThreads" value="false"/>
    <property name="hadoop.tmp.dir" value="/home/runner/work/ozone/ozone/hadoop-ozone/integration-test/target/tmp"/>
    <property name="java.library.path" value="/usr/java/packages/lib/amd64:/usr/lib64:/lib64:/lib:/usr/lib"/>
    <property name="java.vendor" value="Temurin"/>
    <property name="java.vm.info" value="mixed mode"/>
    <property name="java.vm.version" value="25.392-b08"/>
    <property name="java.specification.maintenance.version" value="5"/>
    <property name="sun.io.unicode.encoding" value="UnicodeLittle"/>
    <property name="java.ext.dirs" value="/usr/lib/jvm/temurin-8-jdk-amd64/jre/lib/ext:/usr/java/packages/lib/ext"/>
    <property name="java.class.version" value="52.0"/>
  </properties>
  <testcase name="ofs" classname="org.apache.hadoop.fs.ozone.TestSafeMode" time="30.318">
    <system-out><![CDATA[2024-01-08 10:07:59,357 [Mini-Cluster-Provider-Create] WARN  server.ServerUtils (ServerUtils.java:getScmDbDir(155)) - ozone.scm.db.dirs is not configured. We recommend adding this setting. Falling back to ozone.metadata.dirs instead.
2024-01-08 10:07:59,668 [Mini-Cluster-Provider-Create] WARN  server.ServerUtils (ServerUtils.java:getScmDbDir(155)) - ozone.scm.db.dirs is not configured. We recommend adding this setting. Falling back to ozone.metadata.dirs instead.
2024-01-08 10:07:59,672 [Mini-Cluster-Provider-Create] INFO  ha.SCMHANodeDetails (SCMHANodeDetails.java:loadSCMHAConfig(207)) - ServiceID for StorageContainerManager is null
2024-01-08 10:07:59,681 [Mini-Cluster-Provider-Create] WARN  ha.SCMHANodeDetails (SCMHANodeDetails.java:validateSCMHAConfig(180)) - Default/Configured value of config ozone.scm.ratis.enable conflicts with the expected value. Default/Configured: true. Expected: false. Falling back to the expected value. Current State of SCM: SCM is running without Ratis. Ratis SCM -> Non Ratis SCM is not supported.
2024-01-08 10:07:59,682 [Mini-Cluster-Provider-Create] INFO  ha.SCMHANodeDetails (SCMHANodeDetails.java:loadSCMHAConfig(212)) - ozone.scm.default.service.id is not defined, falling back to ozone.scm.service.ids to find serviceID for StorageContainerManager if it is HA enabled cluster
2024-01-08 10:08:00,309 [Mini-Cluster-Provider-Create] WARN  utils.HAUtils (HAUtils.java:getMetaDir(339)) - ozone.scm.db.dirs is not configured. We recommend adding this setting. Falling back to ozone.metadata.dirs instead.
2024-01-08 10:08:00,434 [Mini-Cluster-Provider-Create] WARN  db.DBStoreBuilder (DBStoreBuilder.java:applyDBDefinition(167)) - ozone.scm.db.dirs is not configured. We recommend adding this setting. Falling back to ozone.metadata.dirs instead.
2024-01-08 10:08:00,441 [Mini-Cluster-Provider-Create] INFO  utils.LeakDetector (LeakDetector.java:start(73)) - Starting leak detector thread ManagedRocksObject0.
2024-01-08 10:08:00,615 [Mini-Cluster-Provider-Create] INFO  net.NodeSchemaLoader (NodeSchemaLoader.java:loadSchemaFromFile(129)) - Loading schema from [jar:file:/home/runner/.m2/repository/org/apache/ozone/hdds-common/1.5.0-SNAPSHOT/hdds-common-1.5.0-SNAPSHOT.jar!/network-topology-default.xml]
2024-01-08 10:08:00,616 [Mini-Cluster-Provider-Create] INFO  net.NodeSchemaLoader (NodeSchemaLoader.java:loadSchema(176)) - Loading network topology layer schema file
2024-01-08 10:08:00,648 [Mini-Cluster-Provider-Create] INFO  metrics.MetricRegistries (MetricRegistriesLoader.java:load(64)) - Loaded MetricRegistries class org.apache.ratis.metrics.dropwizard3.Dm3MetricRegistriesImpl
2024-01-08 10:08:00,660 [Mini-Cluster-Provider-Create] INFO  upgrade.AbstractLayoutVersionManager (AbstractLayoutVersionManager.java:init(83)) - Initializing Layout version manager with metadata layout = HADOOP_PRC_PORTS_IN_DATANODEDETAILS (version = 7), software layout = HADOOP_PRC_PORTS_IN_DATANODEDETAILS (version = 7)
2024-01-08 10:08:00,813 [Mini-Cluster-Provider-Create] INFO  ha.SequenceIdGenerator (SequenceIdGenerator.java:upgradeToSequenceId(370)) - upgrade localId to 113750153625600000
2024-01-08 10:08:00,814 [Mini-Cluster-Provider-Create] INFO  ha.SequenceIdGenerator (SequenceIdGenerator.java:upgradeToSequenceId(380)) - upgrade delTxnId to 0
2024-01-08 10:08:00,819 [Mini-Cluster-Provider-Create] INFO  ha.SequenceIdGenerator (SequenceIdGenerator.java:upgradeToSequenceId(397)) - upgrade containerId to 0
2024-01-08 10:08:00,821 [Mini-Cluster-Provider-Create] INFO  ha.SequenceIdGenerator (SequenceIdGenerator.java:upgradeToCertificateSequenceId(444)) - upgrade CertificateId to 2
2024-01-08 10:08:00,823 [Mini-Cluster-Provider-Create] INFO  ha.SequenceIdGenerator (SequenceIdGenerator.java:<init>(241)) - Init the HA SequenceIdGenerator.
2024-01-08 10:08:00,871 [Mini-Cluster-Provider-Create] WARN  server.ServerUtils (ServerUtils.java:sanitizeUserArgs(80)) - ozone.scm.stale.node.interval value = 300000 is larger than max = 100000 based on the key value of ozone.scm.heartbeat.thread.interval, reset to the max value 100000.
2024-01-08 10:08:00,871 [Mini-Cluster-Provider-Create] WARN  server.ServerUtils (ServerUtils.java:sanitizeUserArgs(80)) - ozone.scm.stale.node.interval value = 300000 is larger than max = 100000 based on the key value of ozone.scm.heartbeat.thread.interval, reset to the max value 100000.
2024-01-08 10:08:00,874 [Mini-Cluster-Provider-Create] INFO  node.SCMNodeManager (SCMNodeManager.java:<init>(173)) - Entering startup safe mode.
2024-01-08 10:08:00,885 [Mini-Cluster-Provider-Create] INFO  algorithms.ContainerPlacementPolicyFactory (ContainerPlacementPolicyFactory.java:getPolicyInternal(86)) - Create container placement policy of type org.apache.hadoop.hdds.scm.container.placement.algorithms.SCMContainerPlacementRackAware
2024-01-08 10:08:00,887 [Mini-Cluster-Provider-Create] INFO  algorithms.ContainerPlacementPolicyFactory (ContainerPlacementPolicyFactory.java:getPolicyInternal(86)) - Create container placement policy of type org.apache.hadoop.hdds.scm.container.placement.algorithms.SCMContainerPlacementRackScatter
2024-01-08 10:08:00,893 [Mini-Cluster-Provider-Create] INFO  pipeline.PipelineStateManagerImpl (PipelineStateManagerImpl.java:initialize(78)) - No pipeline exists in current db
2024-01-08 10:08:00,903 [Mini-Cluster-Provider-Create] INFO  algorithms.LeaderChoosePolicyFactory (LeaderChoosePolicyFactory.java:getPolicy(57)) - Create leader choose policy of type org.apache.hadoop.hdds.scm.pipeline.leader.choose.algorithms.MinLeaderCountChoosePolicy
2024-01-08 10:08:00,903 [Mini-Cluster-Provider-Create] INFO  algorithms.ContainerPlacementPolicyFactory (ContainerPlacementPolicyFactory.java:getPolicyInternal(86)) - Create container placement policy of type org.apache.hadoop.hdds.scm.container.placement.algorithms.SCMContainerPlacementRackScatter
2024-01-08 10:08:00,908 [Mini-Cluster-Provider-Create] INFO  ha.SCMServiceManager (SCMServiceManager.java:register(42)) - Registering service BackgroundPipelineCreator.
2024-01-08 10:08:00,908 [Mini-Cluster-Provider-Create] INFO  pipeline.BackgroundPipelineCreator (BackgroundPipelineCreator.java:start(127)) - Starting RatisPipelineUtilsThread.
2024-01-08 10:08:00,910 [Mini-Cluster-Provider-Create] INFO  BackgroundPipelineScrubber (BackgroundSCMService.java:start(68)) - Starting BackgroundPipelineScrubber Service.
2024-01-08 10:08:00,913 [Mini-Cluster-Provider-Create] INFO  ha.SCMServiceManager (SCMServiceManager.java:register(42)) - Registering service BackgroundPipelineScrubber.
2024-01-08 10:08:00,917 [Mini-Cluster-Provider-Create] INFO  ExpiredContainerReplicaOpScrubber (BackgroundSCMService.java:start(68)) - Starting ExpiredContainerReplicaOpScrubber Service.
2024-01-08 10:08:00,918 [Mini-Cluster-Provider-Create] INFO  ha.SCMServiceManager (SCMServiceManager.java:register(42)) - Registering service ExpiredContainerReplicaOpScrubber.
2024-01-08 10:08:00,937 [Mini-Cluster-Provider-Create] INFO  algorithms.PipelineChoosePolicyFactory (PipelineChoosePolicyFactory.java:createPipelineChoosePolicyFromClass(78)) - Create pipeline choose policy of type org.apache.hadoop.hdds.scm.pipeline.choose.algorithms.RandomPipelineChoosePolicy
2024-01-08 10:08:00,938 [Mini-Cluster-Provider-Create] INFO  algorithms.PipelineChoosePolicyFactory (PipelineChoosePolicyFactory.java:createPipelineChoosePolicyFromClass(78)) - Create pipeline choose policy of type org.apache.hadoop.hdds.scm.pipeline.choose.algorithms.RandomPipelineChoosePolicy
2024-01-08 10:08:00,976 [Mini-Cluster-Provider-Create] INFO  ha.SCMServiceManager (SCMServiceManager.java:register(42)) - Registering service SCMBlockDeletingService.
2024-01-08 10:08:01,042 [Mini-Cluster-Provider-Create] INFO  replication.ReplicationManager (ReplicationManager.java:start(294)) - Starting Replication Monitor Thread.
2024-01-08 10:08:01,042 [Mini-Cluster-Provider-Create] INFO  ha.SCMServiceManager (SCMServiceManager.java:register(42)) - Registering service ReplicationManager.
2024-01-08 10:08:01,042 [ReplicationMonitor] INFO  replication.ReplicationManager (ReplicationManager.java:processAll(369)) - Replication Manager is not ready to run until 3000ms after safemode exit
2024-01-08 10:08:01,053 [Mini-Cluster-Provider-Create] INFO  safemode.ContainerSafeModeRule (ContainerSafeModeRule.java:<init>(91)) - containers with one replica threshold count 0
2024-01-08 10:08:01,056 [Mini-Cluster-Provider-Create] INFO  safemode.HealthyPipelineSafeModeRule (HealthyPipelineSafeModeRule.java:initializeRule(176)) - Total pipeline count is 0, healthy pipeline threshold count is 1
2024-01-08 10:08:01,058 [Mini-Cluster-Provider-Create] INFO  safemode.OneReplicaPipelineSafeModeRule (OneReplicaPipelineSafeModeRule.java:initializeRule(193)) - Total pipeline count is 0, pipeline's with at least one datanode reported threshold count is 0
2024-01-08 10:08:01,098 [Mini-Cluster-Provider-Create] INFO  server.StorageContainerManager (StorageContainerManager.java:<init>(440)) - SCM start with adminUsers: [runner]
2024-01-08 10:08:01,310 [Mini-Cluster-Provider-Create] INFO  audit.AuditLogger (AuditLogger.java:refreshDebugCmdSet(130)) - Refresh DebugCmdSet for SCMAudit to [].
2024-01-08 10:08:01,333 [Mini-Cluster-Provider-Create] INFO  ipc.CallQueueManager (CallQueueManager.java:<init>(90)) - Using callQueue: class java.util.concurrent.LinkedBlockingQueue, queueCapacity: 2000, scheduler: class org.apache.hadoop.ipc.DefaultRpcScheduler, ipcBackoff: false.
2024-01-08 10:08:01,356 [Mini-Cluster-Provider-Create] INFO  ipc.Server (Server.java:<init>(1287)) - Listener at 0.0.0.0:15002
2024-01-08 10:08:01,358 [Socket Reader #1 for port 15002] INFO  ipc.Server (Server.java:run(1323)) - Starting Socket Reader #1 for port 15002
2024-01-08 10:08:01,401 [Mini-Cluster-Provider-Create] INFO  audit.AuditLogger (AuditLogger.java:refreshDebugCmdSet(130)) - Refresh DebugCmdSet for SCMAudit to [].
2024-01-08 10:08:01,404 [Mini-Cluster-Provider-Create] INFO  ipc.CallQueueManager (CallQueueManager.java:<init>(90)) - Using callQueue: class java.util.concurrent.LinkedBlockingQueue, queueCapacity: 2000, scheduler: class org.apache.hadoop.ipc.DefaultRpcScheduler, ipcBackoff: false.
2024-01-08 10:08:01,405 [Mini-Cluster-Provider-Create] INFO  ipc.Server (Server.java:<init>(1287)) - Listener at 0.0.0.0:15001
2024-01-08 10:08:01,405 [Socket Reader #1 for port 15001] INFO  ipc.Server (Server.java:run(1323)) - Starting Socket Reader #1 for port 15001
2024-01-08 10:08:01,428 [Mini-Cluster-Provider-Create] INFO  audit.AuditLogger (AuditLogger.java:refreshDebugCmdSet(130)) - Refresh DebugCmdSet for SCMAudit to [].
2024-01-08 10:08:01,437 [Mini-Cluster-Provider-Create] INFO  ipc.CallQueueManager (CallQueueManager.java:<init>(90)) - Using callQueue: class java.util.concurrent.LinkedBlockingQueue, queueCapacity: 2000, scheduler: class org.apache.hadoop.ipc.DefaultRpcScheduler, ipcBackoff: false.
2024-01-08 10:08:01,437 [Mini-Cluster-Provider-Create] INFO  ipc.Server (Server.java:<init>(1287)) - Listener at 0.0.0.0:15000
2024-01-08 10:08:01,438 [Socket Reader #1 for port 15000] INFO  ipc.Server (Server.java:run(1323)) - Starting Socket Reader #1 for port 15000
2024-01-08 10:08:01,484 [Mini-Cluster-Provider-Create] INFO  ha.SCMServiceManager (SCMServiceManager.java:register(42)) - Registering service ContainerBalancer.
2024-01-08 10:08:01,486 [Mini-Cluster-Provider-Create] INFO  server.StorageContainerManager (StorageContainerManager.java:<init>(453)) - 
Container Balancer status:
Key                            Value
Running                        false
Container Balancer Configuration values:
Key                                                Value
Threshold                                          10
Max Datanodes to Involve per Iteration(percent)    20
Max Size to Move per Iteration                     500GB
Max Size Entering Target per Iteration             26GB
Max Size Leaving Source per Iteration              26GB
Number of Iterations                               10
Time Limit for Single Container's Movement         65min
Time Limit for Single Container's Replication      50min
Interval between each Iteration                    70min
Whether to Enable Network Topology                 false
Whether to Trigger Refresh Datanode Usage Info     false
Container IDs to Exclude from Balancing            None
Datanodes Specified to be Balanced                 None
Datanodes Excluded from Balancing                  None

2024-01-08 10:08:01,487 [Mini-Cluster-Provider-Create] INFO  ha.SCMContext (SCMContext.java:updateSafeModeStatus(230)) - Update SafeModeStatus from SafeModeStatus{safeModeStatus=true, preCheckPassed=false} to SafeModeStatus{safeModeStatus=true, preCheckPassed=false}.
2024-01-08 10:08:01,490 [Mini-Cluster-Provider-Create] INFO  server.StorageContainerManager (StorageContainerManager.java:start(1546)) - StorageContainerLocationProtocol RPC server is listening at /0.0.0.0:15000
2024-01-08 10:08:01,533 [Mini-Cluster-Provider-Create] WARN  impl.MetricsConfig (MetricsConfig.java:loadFirst(136)) - Cannot locate configuration: tried hadoop-metrics2-storagecontainermanager.properties,hadoop-metrics2.properties
2024-01-08 10:08:01,543 [Mini-Cluster-Provider-Create] INFO  impl.MetricsSystemImpl (MetricsSystemImpl.java:startTimer(378)) - Scheduled Metric snapshot period at 10 second(s).
2024-01-08 10:08:01,544 [Mini-Cluster-Provider-Create] INFO  impl.MetricsSystemImpl (MetricsSystemImpl.java:start(191)) - StorageContainerManager metrics system started
2024-01-08 10:08:01,708 [Mini-Cluster-Provider-Create] INFO  server.SCMClientProtocolServer (SCMClientProtocolServer.java:start(201)) - RPC server for Client  is listening at /0.0.0.0:15000
2024-01-08 10:08:01,709 [IPC Server Responder] INFO  ipc.Server (Server.java:run(1562)) - IPC Server Responder: starting
2024-01-08 10:08:01,714 [IPC Server listener on 15000] INFO  ipc.Server (Server.java:run(1402)) - IPC Server listener on 15000: starting
2024-01-08 10:08:01,727 [Mini-Cluster-Provider-Create] INFO  server.StorageContainerManager (StorageContainerManager.java:start(1559)) - ScmBlockLocationProtocol RPC server is listening at /0.0.0.0:15001
2024-01-08 10:08:01,728 [Mini-Cluster-Provider-Create] INFO  server.SCMBlockProtocolServer (SCMBlockProtocolServer.java:start(159)) - RPC server for Block Protocol is listening at /0.0.0.0:15001
2024-01-08 10:08:01,729 [IPC Server Responder] INFO  ipc.Server (Server.java:run(1562)) - IPC Server Responder: starting
2024-01-08 10:08:01,729 [IPC Server listener on 15001] INFO  ipc.Server (Server.java:run(1402)) - IPC Server listener on 15001: starting
2024-01-08 10:08:01,731 [Mini-Cluster-Provider-Create] INFO  server.SCMDatanodeProtocolServer (SCMDatanodeProtocolServer.java:start(193)) - ScmDatanodeProtocol RPC server for DataNodes is listening at /0.0.0.0:15002
2024-01-08 10:08:01,731 [IPC Server Responder] INFO  ipc.Server (Server.java:run(1562)) - IPC Server Responder: starting
2024-01-08 10:08:01,732 [IPC Server listener on 15002] INFO  ipc.Server (Server.java:run(1402)) - IPC Server listener on 15002: starting
2024-01-08 10:08:01,743 [JvmPauseMonitor0] INFO  util.JvmPauseMonitor (JvmPauseMonitor.java:run(146)) - JvmPauseMonitor-729a6255-0a46-4a06-9d0b-725172a9ca4c: Started
2024-01-08 10:08:01,745 [Mini-Cluster-Provider-Create] INFO  http.BaseHttpServer (BaseHttpServer.java:newHttpServer2BuilderForOzone(223)) - Starting Web-server for scm at: http://0.0.0.0:15003
2024-01-08 10:08:01,745 [Mini-Cluster-Provider-Create] INFO  http.BaseHttpServer (BaseHttpServer.java:<init>(110)) - Hadoop Security Enabled: false Ozone Security Enabled: false Ozone HTTP Security Enabled: false 
2024-01-08 10:08:01,763 [Mini-Cluster-Provider-Create] INFO  util.log (Log.java:initialized(170)) - Logging initialized @3579ms to org.eclipse.jetty.util.log.Slf4jLog
2024-01-08 10:08:01,834 [Mini-Cluster-Provider-Create] WARN  server.AuthenticationFilter (AuthenticationFilter.java:constructSecretProvider(240)) - Unable to initialize FileSignerSecretProvider, falling back to use random secrets. Reason: Could not read signature secret file: /home/runner/hadoop-http-auth-signature-secret
2024-01-08 10:08:01,837 [Mini-Cluster-Provider-Create] INFO  http.HttpRequestLog (HttpRequestLog.java:getRequestLog(86)) - Http request log for http.requests.scm is not defined
2024-01-08 10:08:01,841 [Mini-Cluster-Provider-Create] INFO  http.HttpServer2 (HttpServer2.java:addGlobalFilter(1036)) - Added global filter 'safety' (class=org.apache.hadoop.hdds.server.http.HttpServer2$QuotingInputFilter)
2024-01-08 10:08:01,843 [Mini-Cluster-Provider-Create] INFO  http.HttpServer2 (HttpServer2.java:addFilter(1012)) - Added filter static_user_filter (class=org.apache.hadoop.http.lib.StaticUserWebFilter$StaticUserFilter) to context scm
2024-01-08 10:08:01,843 [Mini-Cluster-Provider-Create] INFO  http.HttpServer2 (HttpServer2.java:addFilter(1020)) - Added filter static_user_filter (class=org.apache.hadoop.http.lib.StaticUserWebFilter$StaticUserFilter) to context logs
2024-01-08 10:08:01,844 [Mini-Cluster-Provider-Create] INFO  http.HttpServer2 (HttpServer2.java:addFilter(1020)) - Added filter static_user_filter (class=org.apache.hadoop.http.lib.StaticUserWebFilter$StaticUserFilter) to context static
2024-01-08 10:08:01,871 [Mini-Cluster-Provider-Create] INFO  http.BaseHttpServer (BaseHttpServer.java:<init>(189)) - HTTP server of scm uses base directory /home/runner/work/ozone/ozone/hadoop-ozone/integration-test/target/test-dir/MiniOzoneClusterImpl-d16d6234-9da8-43a0-bd28-723006ad2f80/ozone-meta/webserver
2024-01-08 10:08:01,872 [Mini-Cluster-Provider-Create] INFO  http.HttpServer2 (HttpServer2.java:bindListener(1236)) - Jetty bound to port 15003
2024-01-08 10:08:01,873 [Mini-Cluster-Provider-Create] INFO  server.Server (Server.java:doStart(375)) - jetty-9.4.53.v20231009; built: 2023-10-09T12:29:09.265Z; git: 27bde00a0b95a1d5bbee0eae7984f891d2d0f8c9; jvm 1.8.0_392-b08
2024-01-08 10:08:01,897 [Mini-Cluster-Provider-Create] INFO  server.session (DefaultSessionIdManager.java:doStart(334)) - DefaultSessionIdManager workerName=node0
2024-01-08 10:08:01,897 [Mini-Cluster-Provider-Create] INFO  server.session (DefaultSessionIdManager.java:doStart(339)) - No SessionScavenger set, using defaults
2024-01-08 10:08:01,898 [Mini-Cluster-Provider-Create] INFO  server.session (HouseKeeper.java:startScavenging(132)) - node0 Scavenging every 600000ms
2024-01-08 10:08:01,909 [Mini-Cluster-Provider-Create] INFO  handler.ContextHandler (ContextHandler.java:doStart(921)) - Started o.e.j.s.ServletContextHandler@50cf5b3a{logs,/logs,file:///home/runner/work/ozone/ozone/hadoop-ozone/integration-test/target/log,AVAILABLE}
2024-01-08 10:08:01,909 [Mini-Cluster-Provider-Create] INFO  handler.ContextHandler (ContextHandler.java:doStart(921)) - Started o.e.j.s.ServletContextHandler@6e9533e9{static,/static,file:///home/runner/work/ozone/ozone/hadoop-ozone/integration-test/target/test-classes/webapps/static,AVAILABLE}
2024-01-08 10:08:01,939 [Mini-Cluster-Provider-Create] INFO  handler.ContextHandler (ContextHandler.java:doStart(921)) - Started o.e.j.w.WebAppContext@29ae595a{scm,/,file:///home/runner/work/ozone/ozone/hadoop-ozone/integration-test/target/test-classes/webapps/scm/,AVAILABLE}{file:/home/runner/work/ozone/ozone/hadoop-ozone/integration-test/target/test-classes/webapps/scm}
2024-01-08 10:08:01,946 [Mini-Cluster-Provider-Create] INFO  server.AbstractConnector (AbstractConnector.java:doStart(333)) - Started ServerConnector@3dde4817{HTTP/1.1, (http/1.1)}{0.0.0.0:15003}
2024-01-08 10:08:01,946 [Mini-Cluster-Provider-Create] INFO  server.Server (Server.java:doStart(415)) - Started @3761ms
2024-01-08 10:08:01,948 [Mini-Cluster-Provider-Create] INFO  impl.MetricsSinkAdapter (MetricsSinkAdapter.java:start(204)) - Sink prometheus started
2024-01-08 10:08:01,948 [Mini-Cluster-Provider-Create] INFO  impl.MetricsSystemImpl (MetricsSystemImpl.java:registerSink(305)) - Registered sink prometheus
2024-01-08 10:08:01,950 [Mini-Cluster-Provider-Create] INFO  http.BaseHttpServer (BaseHttpServer.java:updateConnectorAddress(354)) - HTTP server of scm listening at http://0.0.0.0:15003
2024-01-08 10:08:01,954 [Mini-Cluster-Provider-Create] WARN  server.ServerUtils (ServerUtils.java:getDBPath(311)) - ozone.om.db.dirs is not configured. We recommend adding this setting. Falling back to ozone.metadata.dirs instead.
2024-01-08 10:08:02,004 [Mini-Cluster-Provider-Create] INFO  audit.AuditLogger (AuditLogger.java:refreshDebugCmdSet(130)) - Refresh DebugCmdSet for OMAudit to [].
2024-01-08 10:08:02,054 [Mini-Cluster-Provider-Create] INFO  ha.OMHANodeDetails (OMHANodeDetails.java:loadOMHAConfig(115)) - ozone.om.internal.service.id is not defined, falling back to ozone.om.service.ids to find serviceID for OzoneManager if it is HA enabled cluster
2024-01-08 10:08:02,057 [Mini-Cluster-Provider-Create] INFO  ha.OMHANodeDetails (OMHANodeDetails.java:loadOMHAConfig(226)) - Configuration does not have ozone.om.address set. Falling back to the default OM address /127.0.0.1:15004
2024-01-08 10:08:02,057 [Mini-Cluster-Provider-Create] INFO  ha.OMHANodeDetails (OMHANodeDetails.java:getOMNodeDetailsForNonHA(254)) - OM Service ID is not set. Setting it to the default ID: omServiceIdDefault
2024-01-08 10:08:02,057 [Mini-Cluster-Provider-Create] INFO  ha.OMHANodeDetails (OMHANodeDetails.java:getOMNodeDetailsForNonHA(261)) - OM Node ID is not set. Setting it to the default ID: om1
2024-01-08 10:08:02,060 [Mini-Cluster-Provider-Create] WARN  server.ServerUtils (ServerUtils.java:getDBPath(311)) - ozone.om.db.dirs is not configured. We recommend adding this setting. Falling back to ozone.metadata.dirs instead.
2024-01-08 10:08:02,063 [Mini-Cluster-Provider-Create] INFO  upgrade.AbstractLayoutVersionManager (AbstractLayoutVersionManager.java:init(83)) - Initializing Layout version manager with metadata layout = QUOTA (version = 6), software layout = QUOTA (version = 6)
2024-01-08 10:08:02,122 [Mini-Cluster-Provider-Create] INFO  upgrade.OMLayoutVersionManager (OMLayoutVersionManager.java:lambda$0(113)) - Skipping Upgrade Action QuotaRepairUpgradeAction since it has been finalized.
2024-01-08 10:08:02,123 [Mini-Cluster-Provider-Create] INFO  upgrade.OMLayoutVersionManager (OMLayoutVersionManager.java:lambda$0(113)) - Skipping Upgrade Action MockOmUpgradeAction since it has been finalized.
2024-01-08 10:08:02,124 [Mini-Cluster-Provider-Create] WARN  server.ServerUtils (ServerUtils.java:getDBPath(311)) - ozone.om.db.dirs is not configured. We recommend adding this setting. Falling back to ozone.metadata.dirs instead.
2024-01-08 10:08:02,227 [Mini-Cluster-Provider-Create] INFO  proxy.SCMBlockLocationFailoverProxyProvider (SCMBlockLocationFailoverProxyProvider.java:<init>(115)) - Created block location fail-over proxy with 1 nodes: [nodeId=scmNodeId,nodeAddress=/0.0.0.0:15001]
2024-01-08 10:08:02,250 [Mini-Cluster-Provider-Create] INFO  proxy.SCMBlockLocationFailoverProxyProvider (SCMBlockLocationFailoverProxyProvider.java:<init>(115)) - Created block location fail-over proxy with 1 nodes: [nodeId=scmNodeId,nodeAddress=/0.0.0.0:15001]
2024-01-08 10:08:02,408 [Mini-Cluster-Provider-Create] INFO  om.OzoneManager (OzoneManager.java:<init>(673)) - OM start with adminUsers: [runner]
2024-01-08 10:08:02,424 [Mini-Cluster-Provider-Create] WARN  server.ServerUtils (ServerUtils.java:getDBPath(311)) - ozone.om.db.dirs is not configured. We recommend adding this setting. Falling back to ozone.metadata.dirs instead.
2024-01-08 10:08:02,442 [Mini-Cluster-Provider-Create] INFO  helpers.OmKeyInfo (OmKeyInfo.java:getCodec(71)) - OmKeyInfo.getCodec ignorePipeline = true
2024-01-08 10:08:02,637 [Mini-Cluster-Provider-Create] INFO  om.OzoneManager (OzoneManager.java:instantiateServices(805)) - S3 Multi-Tenancy is disabled
2024-01-08 10:08:02,660 [Mini-Cluster-Provider-Create] INFO  om.OmSnapshotManager (OmSnapshotManager.java:<init>(176)) - Ozone filesystem snapshot feature is enabled.
2024-01-08 10:08:02,665 [Mini-Cluster-Provider-Create] WARN  server.ServerUtils (ServerUtils.java:getDBPath(311)) - ozone.om.snapshot.diff.db.dir is not configured. We recommend adding this setting. Falling back to ozone.metadata.dirs instead.
2024-01-08 10:08:02,693 [Mini-Cluster-Provider-Create] INFO  utils.NativeLibraryLoader (NativeLibraryLoader.java:loadLibrary(108)) - Loading Library: ozone_rocksdb_tools
2024-01-08 10:08:02,694 [Mini-Cluster-Provider-Create] INFO  snapshot.SnapshotDiffManager (SnapshotDiffManager.java:closeExecutorService(1688)) - Shutting down executorService: 'SstDumpToolExecutor'
2024-01-08 10:08:02,734 [Mini-Cluster-Provider-Create] INFO  om.OzoneManager (OzoneManager.java:addS3GVolumeToDB(4429)) - Created Volume s3v With Owner runner required for S3Gateway operations.
2024-01-08 10:08:02,779 [Mini-Cluster-Provider-Create] WARN  server.ServerUtils (ServerUtils.java:getDefaultRatisDirectory(323)) - Storage directory for Ratis is not configured. It is a good idea to map this to an SSD disk. Falling back to ozone.metadata.dirs
2024-01-08 10:08:02,780 [Mini-Cluster-Provider-Create] WARN  utils.OzoneManagerRatisUtils (OzoneManagerRatisUtils.java:getOMRatisSnapshotDirectory(473)) - ozone.om.ratis.snapshot.dir is not configured. Falling back to ozone.metadata.dirs config
2024-01-08 10:08:02,790 [Mini-Cluster-Provider-Create] WARN  server.ServerUtils (ServerUtils.java:getDefaultRatisDirectory(323)) - Storage directory for Ratis is not configured. It is a good idea to map this to an SSD disk. Falling back to ozone.metadata.dirs
2024-01-08 10:08:02,805 [Mini-Cluster-Provider-Create] INFO  ratis.OzoneManagerRatisServer (OzoneManagerRatisServer.java:<init>(167)) - Instantiating OM Ratis server with groupID: omServiceIdDefault and peers: localhost:15007
2024-01-08 10:08:02,812 [Mini-Cluster-Provider-Create] INFO  ratis.OzoneManagerStateMachine (OzoneManagerStateMachine.java:loadSnapshotInfoFromDB(711)) - TransactionInfo not found in OM DB.
2024-01-08 10:08:02,856 [Mini-Cluster-Provider-Create] INFO  server.RaftServer (ConfUtils.java:logGet(46)) - raft.rpc.type = GRPC (default)
2024-01-08 10:08:02,862 [Mini-Cluster-Provider-Create] INFO  grpc.GrpcConfigKeys (ConfUtils.java:logFallback(53)) - raft.grpc.admin.host = null (fallback to raft.grpc.server.host)
2024-01-08 10:08:02,863 [Mini-Cluster-Provider-Create] INFO  grpc.GrpcConfigKeys (ConfUtils.java:logFallback(53)) - raft.grpc.admin.port = 15007 (fallback to raft.grpc.server.port)
2024-01-08 10:08:02,864 [Mini-Cluster-Provider-Create] INFO  grpc.GrpcConfigKeys (ConfUtils.java:logFallback(53)) - raft.grpc.client.host = null (fallback to raft.grpc.server.host)
2024-01-08 10:08:02,864 [Mini-Cluster-Provider-Create] INFO  grpc.GrpcConfigKeys (ConfUtils.java:logFallback(53)) - raft.grpc.client.port = 15007 (fallback to raft.grpc.server.port)
2024-01-08 10:08:02,865 [Mini-Cluster-Provider-Create] INFO  grpc.GrpcConfigKeys (ConfUtils.java:logGet(46)) - raft.grpc.server.host = null (default)
2024-01-08 10:08:02,865 [Mini-Cluster-Provider-Create] INFO  grpc.GrpcConfigKeys (ConfUtils.java:logGet(46)) - raft.grpc.server.port = 15007 (custom)
2024-01-08 10:08:02,865 [Mini-Cluster-Provider-Create] INFO  server.GrpcService (ConfUtils.java:logGet(46)) - raft.grpc.message.size.max = 4194304 (custom)
2024-01-08 10:08:02,866 [Mini-Cluster-Provider-Create] INFO  server.RaftServerConfigKeys (ConfUtils.java:logGet(46)) - raft.server.log.appender.buffer.byte-limit = 4194304 (custom)
2024-01-08 10:08:02,867 [Mini-Cluster-Provider-Create] INFO  server.GrpcService (ConfUtils.java:logGet(46)) - raft.grpc.flow.control.window = 1MB (=1048576) (default)
2024-01-08 10:08:02,868 [Mini-Cluster-Provider-Create] INFO  server.RaftServerConfigKeys (ConfUtils.java:logGet(46)) - raft.server.rpc.request.timeout = 3000ms (default)
2024-01-08 10:08:02,874 [Mini-Cluster-Provider-Create] INFO  grpc.GrpcConfigKeys (ConfUtils.java:logGet(46)) - raft.grpc.server.heartbeat.channel = true (default)
2024-01-08 10:08:02,877 [Mini-Cluster-Provider-Create] INFO  grpc.GrpcConfigKeys (ConfUtils.java:logGet(46)) - raft.grpc.server.async.request.thread.pool.cached = true (default)
2024-01-08 10:08:02,877 [Mini-Cluster-Provider-Create] INFO  grpc.GrpcConfigKeys (ConfUtils.java:logGet(46)) - raft.grpc.server.async.request.thread.pool.size = 32 (default)
2024-01-08 10:08:03,121 [Mini-Cluster-Provider-Create] INFO  impl.DataStreamServerImpl (ConfUtils.java:logGet(46)) - raft.datastream.type = DISABLED (default)
2024-01-08 10:08:03,122 [Mini-Cluster-Provider-Create] INFO  server.RaftServerConfigKeys (ConfUtils.java:logGet(46)) - raft.server.sleep.deviation.threshold = 300ms (default)
2024-01-08 10:08:03,123 [Mini-Cluster-Provider-Create] INFO  server.RaftServerConfigKeys (ConfUtils.java:logGet(46)) - raft.server.close.threshold = 60s (default)
2024-01-08 10:08:03,123 [Mini-Cluster-Provider-Create] INFO  server.RaftServerConfigKeys (ConfUtils.java:logGet(46)) - raft.server.leaderelection.leader.step-down.wait-time = 10s (default)
2024-01-08 10:08:03,124 [Mini-Cluster-Provider-Create] INFO  server.RaftServerConfigKeys (ConfUtils.java:logGet(46)) - raft.server.storage.dir = [/home/runner/work/ozone/ozone/hadoop-ozone/integration-test/target/test-dir/MiniOzoneClusterImpl-d16d6234-9da8-43a0-bd28-723006ad2f80/ozone-meta/ratis] (custom)
2024-01-08 10:08:03,125 [Mini-Cluster-Provider-Create] INFO  server.RaftServerConfigKeys (ConfUtils.java:logGet(46)) - raft.server.threadpool.proxy.cached = true (default)
2024-01-08 10:08:03,125 [Mini-Cluster-Provider-Create] INFO  server.RaftServerConfigKeys (ConfUtils.java:logGet(46)) - raft.server.threadpool.proxy.size = 0 (default)
2024-01-08 10:08:03,131 [Mini-Cluster-Provider-Create] INFO  server.RaftServer (RaftServerProxy.java:addNew(100)) - om1: addNew group-C5BA1605619E:[om1|localhost:15007] returns group-C5BA1605619E:java.util.concurrent.CompletableFuture@23d6d2f8[Not completed]
2024-01-08 10:08:03,131 [Mini-Cluster-Provider-Create] INFO  om.OzoneManager (OzoneManager.java:initializeRatisServer(2141)) - OzoneManager Ratis server initialized at port 15007
2024-01-08 10:08:03,137 [Mini-Cluster-Provider-Create] INFO  om.OzoneManager (OzoneManager.java:getRpcServer(1207)) - Creating RPC Server
2024-01-08 10:08:03,140 [om1-groupManagement] INFO  server.RaftServer$Division (RaftServerImpl.java:<init>(256)) - om1: new RaftServerImpl for group-C5BA1605619E:[om1|localhost:15007] with OzoneManagerStateMachine:uninitialized
2024-01-08 10:08:03,141 [om1-groupManagement] INFO  server.RaftServerConfigKeys (ConfUtils.java:logGet(46)) - raft.server.rpc.timeout.min = 1s (custom)
2024-01-08 10:08:03,142 [om1-groupManagement] INFO  server.RaftServerConfigKeys (ConfUtils.java:logGet(46)) - raft.server.rpc.timeout.max = 1200ms (custom)
2024-01-08 10:08:03,142 [om1-groupManagement] INFO  server.RaftServerConfigKeys (ConfUtils.java:logGet(46)) - raft.server.rpc.sleep.time = 25ms (default)
2024-01-08 10:08:03,142 [om1-groupManagement] INFO  server.RaftServerConfigKeys (ConfUtils.java:logGet(46)) - raft.server.rpc.slowness.timeout = 120s (custom)
2024-01-08 10:08:03,142 [om1-groupManagement] INFO  server.RaftServerConfigKeys (ConfUtils.java:logGet(46)) - raft.server.leaderelection.leader.step-down.wait-time = 10s (default)
2024-01-08 10:08:03,143 [om1-groupManagement] INFO  server.RaftServerConfigKeys (ConfUtils.java:logGet(46)) - raft.server.leaderelection.member.majority-add = false (default)
2024-01-08 10:08:03,143 [om1-groupManagement] INFO  server.RaftServerConfigKeys (ConfUtils.java:logGet(46)) - raft.server.sleep.deviation.threshold = 300ms (default)
2024-01-08 10:08:03,148 [om1-groupManagement] INFO  server.RaftServer$Division (ServerState.java:<init>(113)) - om1@group-C5BA1605619E: ConfigurationManager, init=-1: peers:[om1|localhost:15007]|listeners:[], old=null, confs=<EMPTY_MAP>
2024-01-08 10:08:03,153 [om1-groupManagement] INFO  server.RaftServerConfigKeys (ConfUtils.java:logGet(46)) - raft.server.notification.no-leader.timeout = 120s (custom)
2024-01-08 10:08:03,156 [om1-groupManagement] INFO  server.RaftServerConfigKeys (ConfUtils.java:logGet(46)) - raft.server.read.timeout = 10s (default)
2024-01-08 10:08:03,159 [om1-groupManagement] INFO  server.RaftServerConfigKeys (ConfUtils.java:logGet(46)) - raft.server.retrycache.expirytime = 300s (custom)
2024-01-08 10:08:03,159 [om1-groupManagement] INFO  server.RaftServerConfigKeys (ConfUtils.java:logGet(46)) - raft.server.retrycache.statistics.expirytime = 100ms (default)
2024-01-08 10:08:03,162 [om1-groupManagement] INFO  server.RaftServerConfigKeys (ConfUtils.java:logGet(46)) - raft.server.read.option = DEFAULT (default)
2024-01-08 10:08:03,163 [om1-groupManagement] INFO  server.RaftServerConfigKeys (ConfUtils.java:logGet(46)) - raft.server.read.read-after-write-consistent.write-index-cache.expiry-time = 60s (default)
2024-01-08 10:08:03,223 [om1-groupManagement] INFO  server.RaftServerConfigKeys (ConfUtils.java:logGet(46)) - raft.server.rpc.request.timeout = 3000ms (default)
2024-01-08 10:08:03,226 [om1-groupManagement] INFO  server.RaftServerConfigKeys (ConfUtils.java:logGet(46)) - raft.server.log.appender.install.snapshot.enabled = false (custom)
2024-01-08 10:08:03,227 [om1-groupManagement] INFO  server.RaftServerConfigKeys (ConfUtils.java:logGet(46)) - raft.server.threadpool.server.cached = true (default)
2024-01-08 10:08:03,228 [om1-groupManagement] INFO  server.RaftServerConfigKeys (ConfUtils.java:logGet(46)) - raft.server.threadpool.server.size = 0 (default)
2024-01-08 10:08:03,229 [om1-groupManagement] INFO  server.RaftServerConfigKeys (ConfUtils.java:logGet(46)) - raft.server.threadpool.client.cached = true (default)
2024-01-08 10:08:03,230 [om1-groupManagement] INFO  server.RaftServerConfigKeys (ConfUtils.java:logGet(46)) - raft.server.threadpool.client.size = 0 (default)
2024-01-08 10:08:03,771 [Mini-Cluster-Provider-Create] INFO  ipc.CallQueueManager (CallQueueManager.java:<init>(90)) - Using callQueue: class java.util.concurrent.LinkedBlockingQueue, queueCapacity: 2000, scheduler: class org.apache.hadoop.ipc.DefaultRpcScheduler, ipcBackoff: false.
2024-01-08 10:08:03,771 [Mini-Cluster-Provider-Create] INFO  ipc.Server (Server.java:<init>(1287)) - Listener at 127.0.0.1:15004
2024-01-08 10:08:03,771 [Socket Reader #1 for port 15004] INFO  ipc.Server (Server.java:run(1323)) - Starting Socket Reader #1 for port 15004
2024-01-08 10:08:03,793 [Mini-Cluster-Provider-Create] INFO  impl.MetricsSystemImpl (MetricsSystemImpl.java:init(158)) - OzoneManager metrics system started (again)
2024-01-08 10:08:03,801 [Mini-Cluster-Provider-Create] INFO  om.OzoneManager (OzoneManager.java:start(1629)) - OzoneManager RPC server is listening at localhost/127.0.0.1:15004
2024-01-08 10:08:03,802 [Mini-Cluster-Provider-Create] INFO  ratis.OzoneManagerRatisServer (OzoneManagerRatisServer.java:start(588)) - Starting OzoneManagerRatisServer om1 at port 15007
2024-01-08 10:08:03,804 [om1-impl-thread1] INFO  server.RaftServerConfigKeys (ConfUtils.java:logGet(46)) - raft.server.storage.free-space.min = 0MB (=0) (default)
2024-01-08 10:08:03,805 [om1-impl-thread1] INFO  server.RaftServerConfigKeys (ConfUtils.java:logGet(46)) - raft.server.log.corruption.policy = EXCEPTION (default)
2024-01-08 10:08:03,805 [om1-impl-thread1] INFO  server.RaftServerConfigKeys (ConfUtils.java:logGet(46)) - raft.server.storage.dir = [/home/runner/work/ozone/ozone/hadoop-ozone/integration-test/target/test-dir/MiniOzoneClusterImpl-d16d6234-9da8-43a0-bd28-723006ad2f80/ozone-meta/ratis] (custom)
2024-01-08 10:08:03,808 [om1-impl-thread1] INFO  storage.RaftStorageDirectory (RaftStorageDirectoryImpl.java:analyzeStorage(138)) - The storage directory /home/runner/work/ozone/ozone/hadoop-ozone/integration-test/target/test-dir/MiniOzoneClusterImpl-d16d6234-9da8-43a0-bd28-723006ad2f80/ozone-meta/ratis/bf265839-605b-3f16-9796-c5ba1605619e does not exist. Creating ...
2024-01-08 10:08:03,811 [om1-impl-thread1] INFO  storage.RaftStorageDirectory (RaftStorageDirectoryImpl.java:tryLock(232)) - Lock on /home/runner/work/ozone/ozone/hadoop-ozone/integration-test/target/test-dir/MiniOzoneClusterImpl-d16d6234-9da8-43a0-bd28-723006ad2f80/ozone-meta/ratis/bf265839-605b-3f16-9796-c5ba1605619e/in_use.lock acquired by nodename 56297@fv-az1117-812
2024-01-08 10:08:03,816 [om1-impl-thread1] INFO  storage.RaftStorage (RaftStorageImpl.java:format(97)) - Storage directory /home/runner/work/ozone/ozone/hadoop-ozone/integration-test/target/test-dir/MiniOzoneClusterImpl-d16d6234-9da8-43a0-bd28-723006ad2f80/ozone-meta/ratis/bf265839-605b-3f16-9796-c5ba1605619e has been successfully formatted.
2024-01-08 10:08:03,818 [om1-impl-thread1] INFO  server.RaftServerConfigKeys (ConfUtils.java:logGet(46)) - raft.server.log.use.memory = false (default)
2024-01-08 10:08:03,824 [om1-impl-thread1] INFO  server.RaftServerConfigKeys (ConfUtils.java:logGet(46)) - raft.server.log.purge.gap = 1000000 (custom)
2024-01-08 10:08:03,824 [om1-impl-thread1] INFO  server.RaftServerConfigKeys (ConfUtils.java:logGet(46)) - raft.server.log.appender.buffer.byte-limit = 4194304 (custom)
2024-01-08 10:08:03,825 [om1-impl-thread1] INFO  server.RaftServerConfigKeys (ConfUtils.java:logGet(46)) - raft.server.log.statemachine.data.read.timeout = 1000ms (default)
2024-01-08 10:08:03,825 [om1-impl-thread1] INFO  server.RaftServerConfigKeys (ConfUtils.java:logGet(46)) - raft.server.log.purge.preservation.log.num = 0 (default)
2024-01-08 10:08:03,829 [om1-impl-thread1] INFO  server.RaftServerConfigKeys (ConfUtils.java:logGet(46)) - raft.server.log.segment.size.max = 4194304 (custom)
2024-01-08 10:08:03,832 [om1-impl-thread1] INFO  server.RaftServerConfigKeys (ConfUtils.java:logGet(46)) - raft.server.log.segment.cache.num.max = 2 (custom)
2024-01-08 10:08:03,833 [om1-impl-thread1] INFO  server.RaftServerConfigKeys (ConfUtils.java:logGet(46)) - raft.server.log.segment.cache.size.max = 200MB (=209715200) (default)
2024-01-08 10:08:03,833 [om1-impl-thread1] INFO  server.RaftServerConfigKeys (ConfUtils.java:logGet(46)) - raft.server.log.appender.buffer.byte-limit = 4194304 (custom)
2024-01-08 10:08:03,834 [om1-impl-thread1] INFO  util.AwaitToRun (AwaitToRun.java:start(81)) - Thread[om1@group-C5BA1605619E-cacheEviction-AwaitToRun,5,main] started
2024-01-08 10:08:03,838 [om1-impl-thread1] INFO  segmented.SegmentedRaftLogWorker (SegmentedRaftLogWorker.java:<init>(184)) - new om1@group-C5BA1605619E-SegmentedRaftLogWorker for RaftStorageImpl:Storage Directory /home/runner/work/ozone/ozone/hadoop-ozone/integration-test/target/test-dir/MiniOzoneClusterImpl-d16d6234-9da8-43a0-bd28-723006ad2f80/ozone-meta/ratis/bf265839-605b-3f16-9796-c5ba1605619e
2024-01-08 10:08:03,839 [om1-impl-thread1] INFO  server.RaftServerConfigKeys (ConfUtils.java:logGet(46)) - raft.server.log.queue.byte-limit = 64MB (=67108864) (default)
2024-01-08 10:08:03,839 [om1-impl-thread1] INFO  server.RaftServerConfigKeys (ConfUtils.java:logGet(46)) - raft.server.log.queue.element-limit = 4096 (default)
2024-01-08 10:08:03,840 [om1-impl-thread1] INFO  server.RaftServerConfigKeys (ConfUtils.java:logGet(46)) - raft.server.log.segment.size.max = 4194304 (custom)
2024-01-08 10:08:03,840 [om1-impl-thread1] INFO  server.RaftServerConfigKeys (ConfUtils.java:logGet(46)) - raft.server.log.preallocated.size = 4194304 (custom)
2024-01-08 10:08:03,841 [om1-impl-thread1] INFO  server.RaftServerConfigKeys (ConfUtils.java:logGet(46)) - raft.server.log.force.sync.num = 128 (default)
2024-01-08 10:08:03,841 [om1-impl-thread1] INFO  server.RaftServerConfigKeys (ConfUtils.java:logGet(46)) - raft.server.log.statemachine.data.sync = true (default)
2024-01-08 10:08:03,842 [om1-impl-thread1] INFO  server.RaftServerConfigKeys (ConfUtils.java:logGet(46)) - raft.server.log.statemachine.data.sync.timeout = 10s (default)
2024-01-08 10:08:03,842 [om1-impl-thread1] INFO  server.RaftServerConfigKeys (ConfUtils.java:logGet(46)) - raft.server.log.statemachine.data.sync.timeout.retry = -1 (default)
2024-01-08 10:08:03,843 [om1-impl-thread1] INFO  server.RaftServerConfigKeys (ConfUtils.java:logGet(46)) - raft.server.log.write.buffer.size = 4194312 (custom)
2024-01-08 10:08:03,844 [om1-impl-thread1] INFO  server.RaftServerConfigKeys (ConfUtils.java:logGet(46)) - raft.server.log.appender.buffer.byte-limit = 4194304 (custom)
2024-01-08 10:08:03,845 [om1-impl-thread1] INFO  server.RaftServerConfigKeys (ConfUtils.java:logGet(46)) - raft.server.log.unsafe-flush.enabled = false (default)
2024-01-08 10:08:03,845 [om1-impl-thread1] INFO  server.RaftServerConfigKeys (ConfUtils.java:logGet(46)) - raft.server.log.async-flush.enabled = false (default)
2024-01-08 10:08:03,846 [om1-impl-thread1] INFO  server.RaftServerConfigKeys (ConfUtils.java:logGet(46)) - raft.server.log.statemachine.data.caching.enabled = false (default)
2024-01-08 10:08:03,849 [om1-impl-thread1] INFO  segmented.SegmentedRaftLogWorker (SegmentedRaftLogWorker.java:lambda$new$0(135)) - om1@group-C5BA1605619E-SegmentedRaftLogWorker: flushIndex: setUnconditionally 0 -> -1
2024-01-08 10:08:03,849 [om1-impl-thread1] INFO  segmented.SegmentedRaftLogWorker (SegmentedRaftLogWorker.java:lambda$new$0(135)) - om1@group-C5BA1605619E-SegmentedRaftLogWorker: safeCacheEvictIndex: setUnconditionally 0 -> -1
2024-01-08 10:08:03,850 [om1-impl-thread1] INFO  server.RaftServer$Division (RaftServerImpl.java:start(392)) - om1@group-C5BA1605619E: start as a follower, conf=-1: peers:[om1|localhost:15007]|listeners:[], old=null
2024-01-08 10:08:03,851 [om1-impl-thread1] INFO  server.RaftServer$Division (RaftServerImpl.java:setRole(379)) - om1@group-C5BA1605619E: changes role from      null to FOLLOWER at term 0 for startAsFollower
2024-01-08 10:08:03,852 [om1-impl-thread1] INFO  impl.RoleInfo (RoleInfo.java:updateAndGet(139)) - om1: start om1@group-C5BA1605619E-FollowerState
2024-01-08 10:08:03,853 [om1-impl-thread1] INFO  util.JmxRegister (JmxRegister.java:tryRegister(44)) - Successfully registered JMX Bean with object name Ratis:service=RaftServer,group=group-C5BA1605619E,id=om1
2024-01-08 10:08:03,855 [om1-impl-thread1] INFO  server.RaftServerConfigKeys (ConfUtils.java:logGet(46)) - raft.server.snapshot.trigger-when-stop.enabled = true (default)
2024-01-08 10:08:03,855 [om1-impl-thread1] INFO  server.RaftServerConfigKeys (ConfUtils.java:logGet(46)) - raft.server.snapshot.auto.trigger.enabled = true (custom)
2024-01-08 10:08:03,855 [om1-impl-thread1] INFO  server.RaftServerConfigKeys (ConfUtils.java:logGet(46)) - raft.server.snapshot.auto.trigger.threshold = 400000 (default)
2024-01-08 10:08:03,856 [om1-impl-thread1] INFO  server.RaftServerConfigKeys (ConfUtils.java:logGet(46)) - raft.server.snapshot.retention.file.num = -1 (default)
2024-01-08 10:08:03,856 [om1-impl-thread1] INFO  server.RaftServerConfigKeys (ConfUtils.java:logGet(46)) - raft.server.log.purge.upto.snapshot.index = true (custom)
2024-01-08 10:08:03,860 [Mini-Cluster-Provider-Create] INFO  server.RaftServer (RaftServerProxy.java:startImpl(406)) - om1: start RPC server
2024-01-08 10:08:03,860 [om1@group-C5BA1605619E-FollowerState] INFO  server.RaftServerConfigKeys (ConfUtils.java:logFallback(53)) - raft.server.rpc.first-election.timeout.min = 1s (fallback to raft.server.rpc.timeout.min)
2024-01-08 10:08:03,860 [om1@group-C5BA1605619E-FollowerState] INFO  server.RaftServerConfigKeys (ConfUtils.java:logFallback(53)) - raft.server.rpc.first-election.timeout.max = 1200ms (fallback to raft.server.rpc.timeout.max)
2024-01-08 10:08:03,892 [Mini-Cluster-Provider-Create] INFO  server.GrpcService (GrpcService.java:startImpl(302)) - om1: GrpcService started, listening on 15007
2024-01-08 10:08:03,893 [JvmPauseMonitor1] INFO  util.JvmPauseMonitor (JvmPauseMonitor.java:run(146)) - JvmPauseMonitor-om1: Started
2024-01-08 10:08:03,893 [Mini-Cluster-Provider-Create] INFO  om.OzoneManager (OzoneManager.java:start(1645)) - Version File has different layout version (6) than OM DB (null). That is expected if this OM has never been finalized to a newer layout version.
2024-01-08 10:08:03,909 [Mini-Cluster-Provider-Create] INFO  http.BaseHttpServer (BaseHttpServer.java:newHttpServer2BuilderForOzone(223)) - Starting Web-server for ozoneManager at: http://0.0.0.0:15005
2024-01-08 10:08:03,909 [Mini-Cluster-Provider-Create] INFO  http.BaseHttpServer (BaseHttpServer.java:<init>(110)) - Hadoop Security Enabled: false Ozone Security Enabled: false Ozone HTTP Security Enabled: false 
2024-01-08 10:08:03,910 [Mini-Cluster-Provider-Create] WARN  server.AuthenticationFilter (AuthenticationFilter.java:constructSecretProvider(240)) - Unable to initialize FileSignerSecretProvider, falling back to use random secrets. Reason: Could not read signature secret file: /home/runner/hadoop-http-auth-signature-secret
2024-01-08 10:08:03,911 [Mini-Cluster-Provider-Create] INFO  http.HttpRequestLog (HttpRequestLog.java:getRequestLog(86)) - Http request log for http.requests.ozoneManager is not defined
2024-01-08 10:08:03,912 [Mini-Cluster-Provider-Create] INFO  http.HttpServer2 (HttpServer2.java:addGlobalFilter(1036)) - Added global filter 'safety' (class=org.apache.hadoop.hdds.server.http.HttpServer2$QuotingInputFilter)
2024-01-08 10:08:03,913 [Mini-Cluster-Provider-Create] INFO  http.HttpServer2 (HttpServer2.java:addFilter(1012)) - Added filter static_user_filter (class=org.apache.hadoop.http.lib.StaticUserWebFilter$StaticUserFilter) to context ozoneManager
2024-01-08 10:08:03,913 [Mini-Cluster-Provider-Create] INFO  http.HttpServer2 (HttpServer2.java:addFilter(1020)) - Added filter static_user_filter (class=org.apache.hadoop.http.lib.StaticUserWebFilter$StaticUserFilter) to context static
2024-01-08 10:08:03,913 [Mini-Cluster-Provider-Create] INFO  http.HttpServer2 (HttpServer2.java:addFilter(1020)) - Added filter static_user_filter (class=org.apache.hadoop.http.lib.StaticUserWebFilter$StaticUserFilter) to context logs
2024-01-08 10:08:03,914 [Mini-Cluster-Provider-Create] INFO  http.BaseHttpServer (BaseHttpServer.java:<init>(189)) - HTTP server of ozoneManager uses base directory /home/runner/work/ozone/ozone/hadoop-ozone/integration-test/target/test-dir/MiniOzoneClusterImpl-d16d6234-9da8-43a0-bd28-723006ad2f80/ozone-meta/webserver
2024-01-08 10:08:03,916 [Mini-Cluster-Provider-Create] INFO  http.HttpServer2 (HttpServer2.java:bindListener(1236)) - Jetty bound to port 15005
2024-01-08 10:08:03,917 [Mini-Cluster-Provider-Create] INFO  server.Server (Server.java:doStart(375)) - jetty-9.4.53.v20231009; built: 2023-10-09T12:29:09.265Z; git: 27bde00a0b95a1d5bbee0eae7984f891d2d0f8c9; jvm 1.8.0_392-b08
2024-01-08 10:08:03,918 [Mini-Cluster-Provider-Create] INFO  server.session (DefaultSessionIdManager.java:doStart(334)) - DefaultSessionIdManager workerName=node0
2024-01-08 10:08:03,918 [Mini-Cluster-Provider-Create] INFO  server.session (DefaultSessionIdManager.java:doStart(339)) - No SessionScavenger set, using defaults
2024-01-08 10:08:03,918 [Mini-Cluster-Provider-Create] INFO  server.session (HouseKeeper.java:startScavenging(132)) - node0 Scavenging every 660000ms
2024-01-08 10:08:03,918 [Mini-Cluster-Provider-Create] INFO  handler.ContextHandler (ContextHandler.java:doStart(921)) - Started o.e.j.s.ServletContextHandler@3c42aeac{logs,/logs,file:///home/runner/work/ozone/ozone/hadoop-ozone/integration-test/target/log,AVAILABLE}
2024-01-08 10:08:03,919 [Mini-Cluster-Provider-Create] INFO  handler.ContextHandler (ContextHandler.java:doStart(921)) - Started o.e.j.s.ServletContextHandler@50dfc10{static,/static,file:///home/runner/work/ozone/ozone/hadoop-ozone/integration-test/target/test-classes/webapps/static,AVAILABLE}
2024-01-08 10:08:03,922 [Mini-Cluster-Provider-Create] INFO  handler.ContextHandler (ContextHandler.java:doStart(921)) - Started o.e.j.w.WebAppContext@2288362e{ozoneManager,/,file:///home/runner/work/ozone/ozone/hadoop-ozone/integration-test/target/test-classes/webapps/ozoneManager/,AVAILABLE}{file:/home/runner/work/ozone/ozone/hadoop-ozone/integration-test/target/test-classes/webapps/ozoneManager}
2024-01-08 10:08:03,923 [Mini-Cluster-Provider-Create] INFO  server.AbstractConnector (AbstractConnector.java:doStart(333)) - Started ServerConnector@330a2f1{HTTP/1.1, (http/1.1)}{0.0.0.0:15005}
2024-01-08 10:08:03,923 [Mini-Cluster-Provider-Create] INFO  server.Server (Server.java:doStart(415)) - Started @5739ms
2024-01-08 10:08:03,924 [Mini-Cluster-Provider-Create] WARN  impl.MetricsSystemImpl (MetricsSystemImpl.java:register(279)) - Sink prometheus already exists!
2024-01-08 10:08:03,924 [Mini-Cluster-Provider-Create] INFO  http.BaseHttpServer (BaseHttpServer.java:updateConnectorAddress(354)) - HTTP server of ozoneManager listening at http://0.0.0.0:15005
2024-01-08 10:08:03,924 [IPC Server Responder] INFO  ipc.Server (Server.java:run(1562)) - IPC Server Responder: starting
2024-01-08 10:08:03,924 [IPC Server listener on 15004] INFO  ipc.Server (Server.java:run(1402)) - IPC Server listener on 15004: starting
2024-01-08 10:08:03,932 [Mini-Cluster-Provider-Create] INFO  om.OzoneManager (OzoneManager.java:startTrashEmptier(2094)) - Trash Interval set to 0. Files deleted won't move to trash
2024-01-08 10:08:04,020 [Mini-Cluster-Provider-Create] INFO  db.CodecBuffer (CodecBuffer.java:set(62)) - Successfully set constructor to org.apache.hadoop.hdds.utils.db.CodecBuffer$$Lambda$979/126610932@4416d0e6
2024-01-08 10:08:04,021 [Mini-Cluster-Provider-Create] WARN  dropwizard3.Dm3MetricRegistriesImpl (Dm3MetricRegistriesImpl.java:addReporterRegistration(113)) - New reporters are added after registries were created. Some metrics will be missing from the reporter. Please add reporter before adding any new registry.
2024-01-08 10:08:04,021 [Mini-Cluster-Provider-Create] WARN  dropwizard3.Dm3MetricRegistriesImpl (Dm3MetricRegistriesImpl.java:addReporterRegistration(113)) - New reporters are added after registries were created. Some metrics will be missing from the reporter. Please add reporter before adding any new registry.
2024-01-08 10:08:04,021 [Mini-Cluster-Provider-Create] INFO  impl.MetricsSystemImpl (MetricsSystemImpl.java:init(158)) - HddsDatanode metrics system started (again)
2024-01-08 10:08:04,037 [Mini-Cluster-Provider-Create] INFO  ozone.HddsDatanodeService (HddsDatanodeService.java:start(239)) - HddsDatanodeService host:fv-az1117-812.frmogvfxo1lepnjzqgguis2xib.cx.internal.cloudapp.net ip:10.1.0.19
2024-01-08 10:08:04,060 [Mini-Cluster-Provider-Create] INFO  upgrade.AbstractLayoutVersionManager (AbstractLayoutVersionManager.java:init(83)) - Initializing Layout version manager with metadata layout = HADOOP_PRC_PORTS_IN_DATANODEDETAILS (version = 7), software layout = HADOOP_PRC_PORTS_IN_DATANODEDETAILS (version = 7)
2024-01-08 10:08:04,062 [Mini-Cluster-Provider-Create] INFO  statemachine.DatanodeStateMachine (DatanodeStateMachine.java:getEndPointTaskThreadPoolSize(299)) - Datanode State Machine Task Thread Pool size 2
2024-01-08 10:08:04,109 [Mini-Cluster-Provider-Create] INFO  volume.HddsVolume (HddsVolume.java:<init>(125)) - Creating HddsVolume: /home/runner/work/ozone/ozone/hadoop-ozone/integration-test/target/test-dir/MiniOzoneClusterImpl-d16d6234-9da8-43a0-bd28-723006ad2f80/datanode-0/data-0/containers/hdds of storage type : DISK capacity : 9223372036854775807
2024-01-08 10:08:04,111 [Mini-Cluster-Provider-Create] INFO  volume.MutableVolumeSet (MutableVolumeSet.java:initializeVolumeSet(173)) - Added Volume : /home/runner/work/ozone/ozone/hadoop-ozone/integration-test/target/test-dir/MiniOzoneClusterImpl-d16d6234-9da8-43a0-bd28-723006ad2f80/datanode-0/data-0/containers/hdds to VolumeSet
2024-01-08 10:08:04,114 [Mini-Cluster-Provider-Create] INFO  volume.MutableVolumeSet (MutableVolumeSet.java:initializeVolumeSet(173)) - Added Volume : /home/runner/work/ozone/ozone/hadoop-ozone/integration-test/target/test-dir/MiniOzoneClusterImpl-d16d6234-9da8-43a0-bd28-723006ad2f80/datanode-0/data/ratis to VolumeSet
2024-01-08 10:08:04,117 [Mini-Cluster-Provider-Create] INFO  ozoneimpl.OzoneContainer (HddsVolumeUtil.java:loadAllHddsVolumeDbStore(103)) - Load 1 volumes DbStore cost: 1ms
2024-01-08 10:08:04,124 [b5f002a5-35f0-4e5a-a46f-90a89988a4c4-ContainerReader-0] INFO  ozoneimpl.ContainerReader (ContainerReader.java:readVolume(178)) - Finish verifying containers on volume /home/runner/work/ozone/ozone/hadoop-ozone/integration-test/target/test-dir/MiniOzoneClusterImpl-d16d6234-9da8-43a0-bd28-723006ad2f80/datanode-0/data-0/containers/hdds
2024-01-08 10:08:04,124 [Mini-Cluster-Provider-Create] INFO  ozoneimpl.OzoneContainer (OzoneContainer.java:buildContainerSet(326)) - Build ContainerSet costs 0s
2024-01-08 10:08:04,162 [Mini-Cluster-Provider-Create] INFO  audit.AuditLogger (AuditLogger.java:refreshDebugCmdSet(130)) - Refresh DebugCmdSet for DNAudit to [].
2024-01-08 10:08:04,184 [Mini-Cluster-Provider-Create] INFO  server.RaftServer (ConfUtils.java:logGet(46)) - raft.rpc.type = GRPC (default)
2024-01-08 10:08:04,185 [Mini-Cluster-Provider-Create] INFO  grpc.GrpcConfigKeys (ConfUtils.java:logFallback(53)) - raft.grpc.admin.host = null (fallback to raft.grpc.server.host)
2024-01-08 10:08:04,185 [Mini-Cluster-Provider-Create] INFO  grpc.GrpcConfigKeys (ConfUtils.java:logGet(46)) - raft.grpc.admin.port = 15013 (custom)
2024-01-08 10:08:04,185 [Mini-Cluster-Provider-Create] INFO  grpc.GrpcConfigKeys (ConfUtils.java:logFallback(53)) - raft.grpc.client.host = null (fallback to raft.grpc.server.host)
2024-01-08 10:08:04,185 [Mini-Cluster-Provider-Create] INFO  grpc.GrpcConfigKeys (ConfUtils.java:logGet(46)) - raft.grpc.client.port = 15012 (custom)
2024-01-08 10:08:04,185 [Mini-Cluster-Provider-Create] INFO  grpc.GrpcConfigKeys (ConfUtils.java:logGet(46)) - raft.grpc.server.host = null (default)
2024-01-08 10:08:04,186 [Mini-Cluster-Provider-Create] INFO  grpc.GrpcConfigKeys (ConfUtils.java:logGet(46)) - raft.grpc.server.port = 15014 (custom)
2024-01-08 10:08:04,186 [Mini-Cluster-Provider-Create] INFO  server.GrpcService (ConfUtils.java:logGet(46)) - raft.grpc.message.size.max = 32MB (=33554432) (custom)
2024-01-08 10:08:04,186 [Mini-Cluster-Provider-Create] INFO  server.RaftServerConfigKeys (ConfUtils.java:logGet(46)) - raft.server.log.appender.buffer.byte-limit = 8388608 (custom)
2024-01-08 10:08:04,186 [Mini-Cluster-Provider-Create] INFO  server.GrpcService (ConfUtils.java:logGet(46)) - raft.grpc.flow.control.window = 5MB (=5242880) (custom)
2024-01-08 10:08:04,186 [Mini-Cluster-Provider-Create] INFO  server.RaftServerConfigKeys (ConfUtils.java:logGet(46)) - raft.server.rpc.request.timeout = 60s (custom)
2024-01-08 10:08:04,186 [Mini-Cluster-Provider-Create] INFO  grpc.GrpcConfigKeys (ConfUtils.java:logGet(46)) - raft.grpc.server.heartbeat.channel = true (default)
2024-01-08 10:08:04,186 [Mini-Cluster-Provider-Create] INFO  grpc.GrpcConfigKeys (ConfUtils.java:logGet(46)) - raft.grpc.server.async.request.thread.pool.cached = true (default)
2024-01-08 10:08:04,187 [Mini-Cluster-Provider-Create] INFO  grpc.GrpcConfigKeys (ConfUtils.java:logGet(46)) - raft.grpc.server.async.request.thread.pool.size = 32 (default)
2024-01-08 10:08:04,188 [Mini-Cluster-Provider-Create] INFO  impl.DataStreamServerImpl (ConfUtils.java:logGet(46)) - raft.datastream.type = NETTY (custom)
2024-01-08 10:08:04,198 [Mini-Cluster-Provider-Create] INFO  server.RaftServerConfigKeys (ConfUtils.java:logGet(46)) - raft.server.data-stream.async.request.thread.pool.cached = false (default)
2024-01-08 10:08:04,198 [Mini-Cluster-Provider-Create] INFO  server.RaftServerConfigKeys (ConfUtils.java:logGet(46)) - raft.server.data-stream.async.request.thread.pool.size = 20 (custom)
2024-01-08 10:08:04,199 [Mini-Cluster-Provider-Create] INFO  server.RaftServerConfigKeys (ConfUtils.java:logGet(46)) - raft.server.data-stream.async.write.thread.pool.size = 16 (default)
2024-01-08 10:08:04,199 [Mini-Cluster-Provider-Create] INFO  netty.NettyConfigKeys$DataStream (ConfUtils.java:logGet(46)) - raft.netty.dataStream.server.channel.inactive.grace-period = 10min (default)
2024-01-08 10:08:04,200 [Mini-Cluster-Provider-Create] INFO  server.RaftServerConfigKeys (ConfUtils.java:logGet(46)) - raft.server.data-stream.client.pool.size = 10 (default)
2024-01-08 10:08:04,202 [Mini-Cluster-Provider-Create] INFO  netty.NettyConfigKeys$DataStream (ConfUtils.java:logGet(46)) - raft.netty.dataStream.server.use-epoll = true (default)
2024-01-08 10:08:04,202 [Mini-Cluster-Provider-Create] INFO  netty.NettyConfigKeys$DataStream (ConfUtils.java:logGet(46)) - raft.netty.dataStream.server.boss-group.size = 0 (default)
2024-01-08 10:08:04,203 [Mini-Cluster-Provider-Create] INFO  netty.NettyUtils (NettyUtils.java:newEventLoopGroup(69)) - Create EpollEventLoopGroup for b5f002a5-35f0-4e5a-a46f-90a89988a4c4-NettyServerStreamRpc-bossGroup; Thread size is 0.
2024-01-08 10:08:04,219 [Mini-Cluster-Provider-Create] INFO  netty.NettyConfigKeys$DataStream (ConfUtils.java:logGet(46)) - raft.netty.dataStream.server.worker-group.size = 0 (default)
2024-01-08 10:08:04,219 [Mini-Cluster-Provider-Create] INFO  netty.NettyUtils (NettyUtils.java:newEventLoopGroup(69)) - Create EpollEventLoopGroup for b5f002a5-35f0-4e5a-a46f-90a89988a4c4-NettyServerStreamRpc-workerGroup; Thread size is 0.
2024-01-08 10:08:04,220 [Mini-Cluster-Provider-Create] INFO  netty.NettyConfigKeys$DataStream (ConfUtils.java:logGet(46)) - raft.netty.dataStream.server.tls.conf = null (default)
2024-01-08 10:08:04,221 [Mini-Cluster-Provider-Create] INFO  netty.NettyConfigKeys$DataStream (ConfUtils.java:logGet(46)) - raft.netty.dataStream.host = null (default)
2024-01-08 10:08:04,221 [Mini-Cluster-Provider-Create] INFO  netty.NettyConfigKeys$DataStream (ConfUtils.java:logGet(46)) - raft.netty.dataStream.port = 15015 (custom)
2024-01-08 10:08:04,224 [Mini-Cluster-Provider-Create] INFO  server.RaftServerConfigKeys (ConfUtils.java:logGet(46)) - raft.server.sleep.deviation.threshold = 300ms (default)
2024-01-08 10:08:04,224 [Mini-Cluster-Provider-Create] INFO  server.RaftServerConfigKeys (ConfUtils.java:logGet(46)) - raft.server.close.threshold = 60s (default)
2024-01-08 10:08:04,225 [Mini-Cluster-Provider-Create] INFO  server.RaftServerConfigKeys (ConfUtils.java:logGet(46)) - raft.server.leaderelection.leader.step-down.wait-time = 10s (default)
2024-01-08 10:08:04,225 [Mini-Cluster-Provider-Create] INFO  server.RaftServerConfigKeys (ConfUtils.java:logGet(46)) - raft.server.storage.dir = [/home/runner/work/ozone/ozone/hadoop-ozone/integration-test/target/test-dir/MiniOzoneClusterImpl-d16d6234-9da8-43a0-bd28-723006ad2f80/datanode-0/data/ratis] (custom)
2024-01-08 10:08:04,225 [Mini-Cluster-Provider-Create] INFO  server.RaftServerConfigKeys (ConfUtils.java:logGet(46)) - raft.server.threadpool.proxy.cached = true (default)
2024-01-08 10:08:04,225 [Mini-Cluster-Provider-Create] INFO  server.RaftServerConfigKeys (ConfUtils.java:logGet(46)) - raft.server.threadpool.proxy.size = 0 (default)
2024-01-08 10:08:04,226 [b5f002a5-35f0-4e5a-a46f-90a89988a4c4-impl-thread1] INFO  server.RaftServer (RaftServerProxy.java:initGroupDir(264)) - b5f002a5-35f0-4e5a-a46f-90a89988a4c4: found a subdirectory /home/runner/work/ozone/ozone/hadoop-ozone/integration-test/target/test-dir/MiniOzoneClusterImpl-d16d6234-9da8-43a0-bd28-723006ad2f80/datanode-0/data/ratis/tmp
2024-01-08 10:08:04,226 [b5f002a5-35f0-4e5a-a46f-90a89988a4c4-impl-thread1] INFO  server.RaftServer (RaftServerProxy.java:initGroupDir(269)) - b5f002a5-35f0-4e5a-a46f-90a89988a4c4: The directory /home/runner/work/ozone/ozone/hadoop-ozone/integration-test/target/test-dir/MiniOzoneClusterImpl-d16d6234-9da8-43a0-bd28-723006ad2f80/datanode-0/data/ratis/tmp is not a group directory; ignoring it. 
2024-01-08 10:08:04,228 [Mini-Cluster-Provider-Create] INFO  replication.ReplicationServer (ReplicationServer.java:<init>(85)) - Initializing replication server with thread count = 10 queue length = 4096
2024-01-08 10:08:04,235 [b5f002a5-35f0-4e5a-a46f-90a89988a4c4-NettyServerStreamRpc-bossGroup--thread1] INFO  logging.LoggingHandler (AbstractInternalLogger.java:log(148)) - [id: 0xe1a04e78] REGISTERED
2024-01-08 10:08:04,235 [b5f002a5-35f0-4e5a-a46f-90a89988a4c4-NettyServerStreamRpc-bossGroup--thread1] INFO  logging.LoggingHandler (AbstractInternalLogger.java:log(148)) - [id: 0xe1a04e78] BIND: 0.0.0.0/0.0.0.0:15015
2024-01-08 10:08:04,236 [b5f002a5-35f0-4e5a-a46f-90a89988a4c4-NettyServerStreamRpc-bossGroup--thread1] INFO  logging.LoggingHandler (AbstractInternalLogger.java:log(148)) - [id: 0xe1a04e78, L:/0.0.0.0:15015] ACTIVE
2024-01-08 10:08:04,244 [Mini-Cluster-Provider-Create] INFO  server.XceiverServerGrpc (XceiverServerGrpc.java:<init>(141)) - GrpcServer channel type EpollServerSocketChannel
2024-01-08 10:08:04,287 [Mini-Cluster-Provider-Create] INFO  replication.ReplicationSupervisor (ReplicationSupervisor.java:build(163)) - Initializing replication supervisor with thread count = 10
2024-01-08 10:08:04,288 [Mini-Cluster-Provider-Create] INFO  replication.ReplicationSupervisor (ReplicationSupervisor.java:nodeStateUpdated(317)) - Node state updated to IN_SERVICE, scaling executor pool size to 10
2024-01-08 10:08:04,323 [Mini-Cluster-Provider-Create] INFO  http.BaseHttpServer (BaseHttpServer.java:newHttpServer2BuilderForOzone(223)) - Starting Web-server for hddsDatanode at: http://0.0.0.0:15009
2024-01-08 10:08:04,323 [Mini-Cluster-Provider-Create] INFO  http.BaseHttpServer (BaseHttpServer.java:<init>(110)) - Hadoop Security Enabled: false Ozone Security Enabled: false Ozone HTTP Security Enabled: false 
2024-01-08 10:08:04,324 [Mini-Cluster-Provider-Create] WARN  server.AuthenticationFilter (AuthenticationFilter.java:constructSecretProvider(240)) - Unable to initialize FileSignerSecretProvider, falling back to use random secrets. Reason: Could not read signature secret file: /home/runner/hadoop-http-auth-signature-secret
2024-01-08 10:08:04,325 [Mini-Cluster-Provider-Create] INFO  http.HttpRequestLog (HttpRequestLog.java:getRequestLog(86)) - Http request log for http.requests.hddsDatanode is not defined
2024-01-08 10:08:04,327 [Mini-Cluster-Provider-Create] INFO  http.HttpServer2 (HttpServer2.java:addGlobalFilter(1036)) - Added global filter 'safety' (class=org.apache.hadoop.hdds.server.http.HttpServer2$QuotingInputFilter)
2024-01-08 10:08:04,328 [Mini-Cluster-Provider-Create] INFO  http.HttpServer2 (HttpServer2.java:addFilter(1012)) - Added filter static_user_filter (class=org.apache.hadoop.http.lib.StaticUserWebFilter$StaticUserFilter) to context hddsDatanode
2024-01-08 10:08:04,328 [Mini-Cluster-Provider-Create] INFO  http.HttpServer2 (HttpServer2.java:addFilter(1020)) - Added filter static_user_filter (class=org.apache.hadoop.http.lib.StaticUserWebFilter$StaticUserFilter) to context static
2024-01-08 10:08:04,328 [Mini-Cluster-Provider-Create] INFO  http.HttpServer2 (HttpServer2.java:addFilter(1020)) - Added filter static_user_filter (class=org.apache.hadoop.http.lib.StaticUserWebFilter$StaticUserFilter) to context logs
2024-01-08 10:08:04,329 [Mini-Cluster-Provider-Create] INFO  http.BaseHttpServer (BaseHttpServer.java:<init>(189)) - HTTP server of hddsDatanode uses base directory /home/runner/work/ozone/ozone/hadoop-ozone/integration-test/target/test-dir/MiniOzoneClusterImpl-d16d6234-9da8-43a0-bd28-723006ad2f80/datanode-0/meta/webserver
2024-01-08 10:08:04,329 [Mini-Cluster-Provider-Create] INFO  http.HttpServer2 (HttpServer2.java:bindListener(1236)) - Jetty bound to port 15009
2024-01-08 10:08:04,329 [Mini-Cluster-Provider-Create] INFO  server.Server (Server.java:doStart(375)) - jetty-9.4.53.v20231009; built: 2023-10-09T12:29:09.265Z; git: 27bde00a0b95a1d5bbee0eae7984f891d2d0f8c9; jvm 1.8.0_392-b08
2024-01-08 10:08:04,332 [Mini-Cluster-Provider-Create] INFO  server.session (DefaultSessionIdManager.java:doStart(334)) - DefaultSessionIdManager workerName=node0
2024-01-08 10:08:04,332 [Mini-Cluster-Provider-Create] INFO  server.session (DefaultSessionIdManager.java:doStart(339)) - No SessionScavenger set, using defaults
2024-01-08 10:08:04,332 [Mini-Cluster-Provider-Create] INFO  server.session (HouseKeeper.java:startScavenging(132)) - node0 Scavenging every 660000ms
2024-01-08 10:08:04,333 [Mini-Cluster-Provider-Create] INFO  handler.ContextHandler (ContextHandler.java:doStart(921)) - Started o.e.j.s.ServletContextHandler@4c64b8dc{logs,/logs,file:///home/runner/work/ozone/ozone/hadoop-ozone/integration-test/target/log,AVAILABLE}
2024-01-08 10:08:04,333 [Mini-Cluster-Provider-Create] INFO  handler.ContextHandler (ContextHandler.java:doStart(921)) - Started o.e.j.s.ServletContextHandler@6ead99b9{static,/static,jar:file:/home/runner/.m2/repository/org/apache/ozone/hdds-container-service/1.5.0-SNAPSHOT/hdds-container-service-1.5.0-SNAPSHOT.jar!/webapps/static,AVAILABLE}
2024-01-08 10:08:04,380 [Mini-Cluster-Provider-Create] INFO  handler.ContextHandler (ContextHandler.java:doStart(921)) - Started o.e.j.w.WebAppContext@722502d{hddsDatanode,/,file:///home/runner/work/ozone/ozone/hadoop-ozone/integration-test/target/test-dir/MiniOzoneClusterImpl-d16d6234-9da8-43a0-bd28-723006ad2f80/datanode-0/meta/webserver/jetty-0_0_0_0-15009-hdds-container-service-1_5_0-SNAPSHOT_jar-_-any-1066713259326977689/webapp/,AVAILABLE}{jar:file:/home/runner/.m2/repository/org/apache/ozone/hdds-container-service/1.5.0-SNAPSHOT/hdds-container-service-1.5.0-SNAPSHOT.jar!/webapps/hddsDatanode}
2024-01-08 10:08:04,381 [Mini-Cluster-Provider-Create] INFO  server.AbstractConnector (AbstractConnector.java:doStart(333)) - Started ServerConnector@50a918e{HTTP/1.1, (http/1.1)}{0.0.0.0:15009}
2024-01-08 10:08:04,381 [Mini-Cluster-Provider-Create] INFO  server.Server (Server.java:doStart(415)) - Started @6196ms
2024-01-08 10:08:04,381 [Mini-Cluster-Provider-Create] WARN  impl.MetricsSystemImpl (MetricsSystemImpl.java:register(279)) - Sink prometheus already exists!
2024-01-08 10:08:04,382 [Mini-Cluster-Provider-Create] INFO  http.BaseHttpServer (BaseHttpServer.java:updateConnectorAddress(354)) - HTTP server of hddsDatanode listening at http://0.0.0.0:15009
2024-01-08 10:08:04,385 [Mini-Cluster-Provider-Create] INFO  ipc.CallQueueManager (CallQueueManager.java:<init>(90)) - Using callQueue: class java.util.concurrent.LinkedBlockingQueue, queueCapacity: 100, scheduler: class org.apache.hadoop.ipc.DefaultRpcScheduler, ipcBackoff: false.
2024-01-08 10:08:04,385 [Mini-Cluster-Provider-Create] INFO  ipc.Server (Server.java:<init>(1287)) - Listener at 0.0.0.0:15010
2024-01-08 10:08:04,386 [Socket Reader #1 for port 15010] INFO  ipc.Server (Server.java:run(1323)) - Starting Socket Reader #1 for port 15010
2024-01-08 10:08:04,389 [Mini-Cluster-Provider-Create] INFO  ozone.HddsDatanodeService (HddsDatanodeService.java:start(324)) - Datanode start with admins: [runner]
2024-01-08 10:08:04,389 [Mini-Cluster-Provider-Create] INFO  ozone.HddsDatanodeClientProtocolServer (HddsDatanodeClientProtocolServer.java:start(72)) - RPC server for Client /0.0.0.0:15010
2024-01-08 10:08:04,391 [IPC Server Responder] INFO  ipc.Server (Server.java:run(1562)) - IPC Server Responder: starting
2024-01-08 10:08:04,395 [IPC Server listener on 15010] INFO  ipc.Server (Server.java:run(1402)) - IPC Server listener on 15010: starting
2024-01-08 10:08:04,396 [b5f002a5-35f0-4e5a-a46f-90a89988a4c4-DatanodeStateMachineDaemonThread] INFO  statemachine.DatanodeStateMachine (DatanodeStateMachine.java:lambda$startDaemon$1(555)) - Ozone container server started.
2024-01-08 10:08:04,397 [Mini-Cluster-Provider-Create] WARN  dropwizard3.Dm3MetricRegistriesImpl (Dm3MetricRegistriesImpl.java:addReporterRegistration(113)) - New reporters are added after registries were created. Some metrics will be missing from the reporter. Please add reporter before adding any new registry.
2024-01-08 10:08:04,397 [Mini-Cluster-Provider-Create] WARN  dropwizard3.Dm3MetricRegistriesImpl (Dm3MetricRegistriesImpl.java:addReporterRegistration(113)) - New reporters are added after registries were created. Some metrics will be missing from the reporter. Please add reporter before adding any new registry.
2024-01-08 10:08:04,397 [Mini-Cluster-Provider-Create] INFO  impl.MetricsSystemImpl (MetricsSystemImpl.java:init(158)) - HddsDatanode metrics system started (again)
2024-01-08 10:08:04,407 [Mini-Cluster-Provider-Create] INFO  ozone.HddsDatanodeService (HddsDatanodeService.java:start(239)) - HddsDatanodeService host:fv-az1117-812.frmogvfxo1lepnjzqgguis2xib.cx.internal.cloudapp.net ip:10.1.0.19
2024-01-08 10:08:04,424 [Mini-Cluster-Provider-Create] INFO  upgrade.AbstractLayoutVersionManager (AbstractLayoutVersionManager.java:init(83)) - Initializing Layout version manager with metadata layout = HADOOP_PRC_PORTS_IN_DATANODEDETAILS (version = 7), software layout = HADOOP_PRC_PORTS_IN_DATANODEDETAILS (version = 7)
2024-01-08 10:08:04,425 [Mini-Cluster-Provider-Create] INFO  statemachine.DatanodeStateMachine (DatanodeStateMachine.java:getEndPointTaskThreadPoolSize(299)) - Datanode State Machine Task Thread Pool size 2
2024-01-08 10:08:04,428 [Mini-Cluster-Provider-Create] INFO  volume.HddsVolume (HddsVolume.java:<init>(125)) - Creating HddsVolume: /home/runner/work/ozone/ozone/hadoop-ozone/integration-test/target/test-dir/MiniOzoneClusterImpl-d16d6234-9da8-43a0-bd28-723006ad2f80/datanode-1/data-0/containers/hdds of storage type : DISK capacity : 9223372036854775807
2024-01-08 10:08:04,429 [Mini-Cluster-Provider-Create] INFO  volume.MutableVolumeSet (MutableVolumeSet.java:initializeVolumeSet(173)) - Added Volume : /home/runner/work/ozone/ozone/hadoop-ozone/integration-test/target/test-dir/MiniOzoneClusterImpl-d16d6234-9da8-43a0-bd28-723006ad2f80/datanode-1/data-0/containers/hdds to VolumeSet
2024-01-08 10:08:04,430 [Mini-Cluster-Provider-Create] INFO  volume.MutableVolumeSet (MutableVolumeSet.java:initializeVolumeSet(173)) - Added Volume : /home/runner/work/ozone/ozone/hadoop-ozone/integration-test/target/test-dir/MiniOzoneClusterImpl-d16d6234-9da8-43a0-bd28-723006ad2f80/datanode-1/data/ratis to VolumeSet
2024-01-08 10:08:04,431 [Mini-Cluster-Provider-Create] INFO  ozoneimpl.OzoneContainer (HddsVolumeUtil.java:loadAllHddsVolumeDbStore(103)) - Load 1 volumes DbStore cost: 0ms
2024-01-08 10:08:04,432 [bba1c53a-a6f8-4b7f-a0a1-8d65da7b011f-ContainerReader-0] INFO  ozoneimpl.ContainerReader (ContainerReader.java:readVolume(178)) - Finish verifying containers on volume /home/runner/work/ozone/ozone/hadoop-ozone/integration-test/target/test-dir/MiniOzoneClusterImpl-d16d6234-9da8-43a0-bd28-723006ad2f80/datanode-1/data-0/containers/hdds
2024-01-08 10:08:04,432 [Mini-Cluster-Provider-Create] INFO  ozoneimpl.OzoneContainer (OzoneContainer.java:buildContainerSet(326)) - Build ContainerSet costs 0s
2024-01-08 10:08:04,436 [Mini-Cluster-Provider-Create] INFO  server.RaftServer (ConfUtils.java:logGet(46)) - raft.rpc.type = GRPC (default)
2024-01-08 10:08:04,436 [Mini-Cluster-Provider-Create] INFO  grpc.GrpcConfigKeys (ConfUtils.java:logFallback(53)) - raft.grpc.admin.host = null (fallback to raft.grpc.server.host)
2024-01-08 10:08:04,437 [Mini-Cluster-Provider-Create] INFO  grpc.GrpcConfigKeys (ConfUtils.java:logGet(46)) - raft.grpc.admin.port = 15022 (custom)
2024-01-08 10:08:04,437 [Mini-Cluster-Provider-Create] INFO  grpc.GrpcConfigKeys (ConfUtils.java:logFallback(53)) - raft.grpc.client.host = null (fallback to raft.grpc.server.host)
2024-01-08 10:08:04,437 [Mini-Cluster-Provider-Create] INFO  grpc.GrpcConfigKeys (ConfUtils.java:logGet(46)) - raft.grpc.client.port = 15021 (custom)
2024-01-08 10:08:04,437 [Mini-Cluster-Provider-Create] INFO  grpc.GrpcConfigKeys (ConfUtils.java:logGet(46)) - raft.grpc.server.host = null (default)
2024-01-08 10:08:04,437 [Mini-Cluster-Provider-Create] INFO  grpc.GrpcConfigKeys (ConfUtils.java:logGet(46)) - raft.grpc.server.port = 15023 (custom)
2024-01-08 10:08:04,437 [Mini-Cluster-Provider-Create] INFO  server.GrpcService (ConfUtils.java:logGet(46)) - raft.grpc.message.size.max = 32MB (=33554432) (custom)
2024-01-08 10:08:04,437 [Mini-Cluster-Provider-Create] INFO  server.RaftServerConfigKeys (ConfUtils.java:logGet(46)) - raft.server.log.appender.buffer.byte-limit = 8388608 (custom)
2024-01-08 10:08:04,438 [Mini-Cluster-Provider-Create] INFO  server.GrpcService (ConfUtils.java:logGet(46)) - raft.grpc.flow.control.window = 5MB (=5242880) (custom)
2024-01-08 10:08:04,438 [Mini-Cluster-Provider-Create] INFO  server.RaftServerConfigKeys (ConfUtils.java:logGet(46)) - raft.server.rpc.request.timeout = 60s (custom)
2024-01-08 10:08:04,438 [Mini-Cluster-Provider-Create] INFO  grpc.GrpcConfigKeys (ConfUtils.java:logGet(46)) - raft.grpc.server.heartbeat.channel = true (default)
2024-01-08 10:08:04,438 [Mini-Cluster-Provider-Create] INFO  grpc.GrpcConfigKeys (ConfUtils.java:logGet(46)) - raft.grpc.server.async.request.thread.pool.cached = true (default)
2024-01-08 10:08:04,438 [Mini-Cluster-Provider-Create] INFO  grpc.GrpcConfigKeys (ConfUtils.java:logGet(46)) - raft.grpc.server.async.request.thread.pool.size = 32 (default)
2024-01-08 10:08:04,440 [Mini-Cluster-Provider-Create] INFO  impl.DataStreamServerImpl (ConfUtils.java:logGet(46)) - raft.datastream.type = NETTY (custom)
2024-01-08 10:08:04,441 [Mini-Cluster-Provider-Create] INFO  server.RaftServerConfigKeys (ConfUtils.java:logGet(46)) - raft.server.data-stream.async.request.thread.pool.cached = false (default)
2024-01-08 10:08:04,441 [Mini-Cluster-Provider-Create] INFO  server.RaftServerConfigKeys (ConfUtils.java:logGet(46)) - raft.server.data-stream.async.request.thread.pool.size = 20 (custom)
2024-01-08 10:08:04,441 [Mini-Cluster-Provider-Create] INFO  server.RaftServerConfigKeys (ConfUtils.java:logGet(46)) - raft.server.data-stream.async.write.thread.pool.size = 16 (default)
2024-01-08 10:08:04,441 [Mini-Cluster-Provider-Create] INFO  netty.NettyConfigKeys$DataStream (ConfUtils.java:logGet(46)) - raft.netty.dataStream.server.channel.inactive.grace-period = 10min (default)
2024-01-08 10:08:04,441 [Mini-Cluster-Provider-Create] INFO  server.RaftServerConfigKeys (ConfUtils.java:logGet(46)) - raft.server.data-stream.client.pool.size = 10 (default)
2024-01-08 10:08:04,442 [Mini-Cluster-Provider-Create] INFO  netty.NettyConfigKeys$DataStream (ConfUtils.java:logGet(46)) - raft.netty.dataStream.server.use-epoll = true (default)
2024-01-08 10:08:04,442 [Mini-Cluster-Provider-Create] INFO  netty.NettyConfigKeys$DataStream (ConfUtils.java:logGet(46)) - raft.netty.dataStream.server.boss-group.size = 0 (default)
2024-01-08 10:08:04,442 [Mini-Cluster-Provider-Create] INFO  netty.NettyUtils (NettyUtils.java:newEventLoopGroup(69)) - Create EpollEventLoopGroup for bba1c53a-a6f8-4b7f-a0a1-8d65da7b011f-NettyServerStreamRpc-bossGroup; Thread size is 0.
2024-01-08 10:08:04,442 [Mini-Cluster-Provider-Create] INFO  netty.NettyConfigKeys$DataStream (ConfUtils.java:logGet(46)) - raft.netty.dataStream.server.worker-group.size = 0 (default)
2024-01-08 10:08:04,443 [Mini-Cluster-Provider-Create] INFO  netty.NettyUtils (NettyUtils.java:newEventLoopGroup(69)) - Create EpollEventLoopGroup for bba1c53a-a6f8-4b7f-a0a1-8d65da7b011f-NettyServerStreamRpc-workerGroup; Thread size is 0.
2024-01-08 10:08:04,443 [Mini-Cluster-Provider-Create] INFO  netty.NettyConfigKeys$DataStream (ConfUtils.java:logGet(46)) - raft.netty.dataStream.server.tls.conf = null (default)
2024-01-08 10:08:04,443 [Mini-Cluster-Provider-Create] INFO  netty.NettyConfigKeys$DataStream (ConfUtils.java:logGet(46)) - raft.netty.dataStream.host = null (default)
2024-01-08 10:08:04,443 [Mini-Cluster-Provider-Create] INFO  netty.NettyConfigKeys$DataStream (ConfUtils.java:logGet(46)) - raft.netty.dataStream.port = 15024 (custom)
2024-01-08 10:08:04,447 [Mini-Cluster-Provider-Create] INFO  server.RaftServerConfigKeys (ConfUtils.java:logGet(46)) - raft.server.sleep.deviation.threshold = 300ms (default)
2024-01-08 10:08:04,447 [Mini-Cluster-Provider-Create] INFO  server.RaftServerConfigKeys (ConfUtils.java:logGet(46)) - raft.server.close.threshold = 60s (default)
2024-01-08 10:08:04,447 [Mini-Cluster-Provider-Create] INFO  server.RaftServerConfigKeys (ConfUtils.java:logGet(46)) - raft.server.leaderelection.leader.step-down.wait-time = 10s (default)
2024-01-08 10:08:04,447 [Mini-Cluster-Provider-Create] INFO  server.RaftServerConfigKeys (ConfUtils.java:logGet(46)) - raft.server.storage.dir = [/home/runner/work/ozone/ozone/hadoop-ozone/integration-test/target/test-dir/MiniOzoneClusterImpl-d16d6234-9da8-43a0-bd28-723006ad2f80/datanode-1/data/ratis] (custom)
2024-01-08 10:08:04,448 [Mini-Cluster-Provider-Create] INFO  server.RaftServerConfigKeys (ConfUtils.java:logGet(46)) - raft.server.threadpool.proxy.cached = true (default)
2024-01-08 10:08:04,448 [Mini-Cluster-Provider-Create] INFO  server.RaftServerConfigKeys (ConfUtils.java:logGet(46)) - raft.server.threadpool.proxy.size = 0 (default)
2024-01-08 10:08:04,455 [bba1c53a-a6f8-4b7f-a0a1-8d65da7b011f-NettyServerStreamRpc-bossGroup--thread1] INFO  logging.LoggingHandler (AbstractInternalLogger.java:log(148)) - [id: 0xac3b2055] REGISTERED
2024-01-08 10:08:04,455 [bba1c53a-a6f8-4b7f-a0a1-8d65da7b011f-impl-thread1] INFO  server.RaftServer (RaftServerProxy.java:initGroupDir(264)) - bba1c53a-a6f8-4b7f-a0a1-8d65da7b011f: found a subdirectory /home/runner/work/ozone/ozone/hadoop-ozone/integration-test/target/test-dir/MiniOzoneClusterImpl-d16d6234-9da8-43a0-bd28-723006ad2f80/datanode-1/data/ratis/tmp
2024-01-08 10:08:04,456 [bba1c53a-a6f8-4b7f-a0a1-8d65da7b011f-impl-thread1] INFO  server.RaftServer (RaftServerProxy.java:initGroupDir(269)) - bba1c53a-a6f8-4b7f-a0a1-8d65da7b011f: The directory /home/runner/work/ozone/ozone/hadoop-ozone/integration-test/target/test-dir/MiniOzoneClusterImpl-d16d6234-9da8-43a0-bd28-723006ad2f80/datanode-1/data/ratis/tmp is not a group directory; ignoring it. 
2024-01-08 10:08:04,456 [Mini-Cluster-Provider-Create] INFO  replication.ReplicationServer (ReplicationServer.java:<init>(85)) - Initializing replication server with thread count = 10 queue length = 4096
2024-01-08 10:08:04,457 [Mini-Cluster-Provider-Create] INFO  server.XceiverServerGrpc (XceiverServerGrpc.java:<init>(141)) - GrpcServer channel type EpollServerSocketChannel
2024-01-08 10:08:04,456 [bba1c53a-a6f8-4b7f-a0a1-8d65da7b011f-NettyServerStreamRpc-bossGroup--thread1] INFO  logging.LoggingHandler (AbstractInternalLogger.java:log(148)) - [id: 0xac3b2055] BIND: 0.0.0.0/0.0.0.0:15024
2024-01-08 10:08:04,459 [bba1c53a-a6f8-4b7f-a0a1-8d65da7b011f-NettyServerStreamRpc-bossGroup--thread1] INFO  logging.LoggingHandler (AbstractInternalLogger.java:log(148)) - [id: 0xac3b2055, L:/0.0.0.0:15024] ACTIVE
2024-01-08 10:08:04,460 [Mini-Cluster-Provider-Create] INFO  replication.ReplicationSupervisor (ReplicationSupervisor.java:build(163)) - Initializing replication supervisor with thread count = 10
2024-01-08 10:08:04,461 [Mini-Cluster-Provider-Create] INFO  replication.ReplicationSupervisor (ReplicationSupervisor.java:nodeStateUpdated(317)) - Node state updated to IN_SERVICE, scaling executor pool size to 10
2024-01-08 10:08:04,464 [Mini-Cluster-Provider-Create] INFO  http.BaseHttpServer (BaseHttpServer.java:newHttpServer2BuilderForOzone(223)) - Starting Web-server for hddsDatanode at: http://0.0.0.0:15018
2024-01-08 10:08:04,464 [Mini-Cluster-Provider-Create] INFO  http.BaseHttpServer (BaseHttpServer.java:<init>(110)) - Hadoop Security Enabled: false Ozone Security Enabled: false Ozone HTTP Security Enabled: false 
2024-01-08 10:08:04,465 [Mini-Cluster-Provider-Create] WARN  server.AuthenticationFilter (AuthenticationFilter.java:constructSecretProvider(240)) - Unable to initialize FileSignerSecretProvider, falling back to use random secrets. Reason: Could not read signature secret file: /home/runner/hadoop-http-auth-signature-secret
2024-01-08 10:08:04,466 [Mini-Cluster-Provider-Create] INFO  http.HttpRequestLog (HttpRequestLog.java:getRequestLog(86)) - Http request log for http.requests.hddsDatanode is not defined
2024-01-08 10:08:04,468 [Mini-Cluster-Provider-Create] INFO  http.HttpServer2 (HttpServer2.java:addGlobalFilter(1036)) - Added global filter 'safety' (class=org.apache.hadoop.hdds.server.http.HttpServer2$QuotingInputFilter)
2024-01-08 10:08:04,469 [Mini-Cluster-Provider-Create] INFO  http.HttpServer2 (HttpServer2.java:addFilter(1012)) - Added filter static_user_filter (class=org.apache.hadoop.http.lib.StaticUserWebFilter$StaticUserFilter) to context hddsDatanode
2024-01-08 10:08:04,469 [Mini-Cluster-Provider-Create] INFO  http.HttpServer2 (HttpServer2.java:addFilter(1020)) - Added filter static_user_filter (class=org.apache.hadoop.http.lib.StaticUserWebFilter$StaticUserFilter) to context logs
2024-01-08 10:08:04,469 [Mini-Cluster-Provider-Create] INFO  http.HttpServer2 (HttpServer2.java:addFilter(1020)) - Added filter static_user_filter (class=org.apache.hadoop.http.lib.StaticUserWebFilter$StaticUserFilter) to context static
2024-01-08 10:08:04,471 [Mini-Cluster-Provider-Create] INFO  http.BaseHttpServer (BaseHttpServer.java:<init>(189)) - HTTP server of hddsDatanode uses base directory /home/runner/work/ozone/ozone/hadoop-ozone/integration-test/target/test-dir/MiniOzoneClusterImpl-d16d6234-9da8-43a0-bd28-723006ad2f80/datanode-1/meta/webserver
2024-01-08 10:08:04,471 [Mini-Cluster-Provider-Create] INFO  http.HttpServer2 (HttpServer2.java:bindListener(1236)) - Jetty bound to port 15018
2024-01-08 10:08:04,471 [Mini-Cluster-Provider-Create] INFO  server.Server (Server.java:doStart(375)) - jetty-9.4.53.v20231009; built: 2023-10-09T12:29:09.265Z; git: 27bde00a0b95a1d5bbee0eae7984f891d2d0f8c9; jvm 1.8.0_392-b08
2024-01-08 10:08:04,477 [Mini-Cluster-Provider-Create] INFO  server.session (DefaultSessionIdManager.java:doStart(334)) - DefaultSessionIdManager workerName=node0
2024-01-08 10:08:04,478 [Mini-Cluster-Provider-Create] INFO  server.session (DefaultSessionIdManager.java:doStart(339)) - No SessionScavenger set, using defaults
2024-01-08 10:08:04,478 [Mini-Cluster-Provider-Create] INFO  server.session (HouseKeeper.java:startScavenging(132)) - node0 Scavenging every 660000ms
2024-01-08 10:08:04,478 [Mini-Cluster-Provider-Create] INFO  handler.ContextHandler (ContextHandler.java:doStart(921)) - Started o.e.j.s.ServletContextHandler@1230ac20{logs,/logs,file:///home/runner/work/ozone/ozone/hadoop-ozone/integration-test/target/log,AVAILABLE}
2024-01-08 10:08:04,479 [Mini-Cluster-Provider-Create] INFO  handler.ContextHandler (ContextHandler.java:doStart(921)) - Started o.e.j.s.ServletContextHandler@7b15ed90{static,/static,jar:file:/home/runner/.m2/repository/org/apache/ozone/hdds-container-service/1.5.0-SNAPSHOT/hdds-container-service-1.5.0-SNAPSHOT.jar!/webapps/static,AVAILABLE}
2024-01-08 10:08:04,495 [b5f002a5-35f0-4e5a-a46f-90a89988a4c4-DatanodeStateMachineTaskThread-0] INFO  datanode.InitDatanodeState (InitDatanodeState.java:persistContainerDatanodeDetails(139)) - DatanodeDetails is persisted to /home/runner/work/ozone/ozone/hadoop-ozone/integration-test/target/test-dir/MiniOzoneClusterImpl-d16d6234-9da8-43a0-bd28-723006ad2f80/datanode-0/meta/datanode.id
2024-01-08 10:08:04,518 [Mini-Cluster-Provider-Create] INFO  handler.ContextHandler (ContextHandler.java:doStart(921)) - Started o.e.j.w.WebAppContext@7aadfcac{hddsDatanode,/,file:///home/runner/work/ozone/ozone/hadoop-ozone/integration-test/target/test-dir/MiniOzoneClusterImpl-d16d6234-9da8-43a0-bd28-723006ad2f80/datanode-1/meta/webserver/jetty-0_0_0_0-15018-hdds-container-service-1_5_0-SNAPSHOT_jar-_-any-2465744766011957326/webapp/,AVAILABLE}{jar:file:/home/runner/.m2/repository/org/apache/ozone/hdds-container-service/1.5.0-SNAPSHOT/hdds-container-service-1.5.0-SNAPSHOT.jar!/webapps/hddsDatanode}
2024-01-08 10:08:04,519 [Mini-Cluster-Provider-Create] INFO  server.AbstractConnector (AbstractConnector.java:doStart(333)) - Started ServerConnector@7f6f556d{HTTP/1.1, (http/1.1)}{0.0.0.0:15018}
2024-01-08 10:08:04,519 [Mini-Cluster-Provider-Create] INFO  server.Server (Server.java:doStart(415)) - Started @6335ms
2024-01-08 10:08:04,520 [Mini-Cluster-Provider-Create] WARN  impl.MetricsSystemImpl (MetricsSystemImpl.java:register(279)) - Sink prometheus already exists!
2024-01-08 10:08:04,520 [Mini-Cluster-Provider-Create] INFO  http.BaseHttpServer (BaseHttpServer.java:updateConnectorAddress(354)) - HTTP server of hddsDatanode listening at http://0.0.0.0:15018
2024-01-08 10:08:04,521 [Mini-Cluster-Provider-Create] INFO  ipc.CallQueueManager (CallQueueManager.java:<init>(90)) - Using callQueue: class java.util.concurrent.LinkedBlockingQueue, queueCapacity: 100, scheduler: class org.apache.hadoop.ipc.DefaultRpcScheduler, ipcBackoff: false.
2024-01-08 10:08:04,521 [Mini-Cluster-Provider-Create] INFO  ipc.Server (Server.java:<init>(1287)) - Listener at 0.0.0.0:15019
2024-01-08 10:08:04,521 [Socket Reader #1 for port 15019] INFO  ipc.Server (Server.java:run(1323)) - Starting Socket Reader #1 for port 15019
2024-01-08 10:08:04,523 [Mini-Cluster-Provider-Create] INFO  ozone.HddsDatanodeService (HddsDatanodeService.java:start(324)) - Datanode start with admins: [runner]
2024-01-08 10:08:04,523 [Mini-Cluster-Provider-Create] INFO  ozone.HddsDatanodeClientProtocolServer (HddsDatanodeClientProtocolServer.java:start(72)) - RPC server for Client /0.0.0.0:15019
2024-01-08 10:08:04,524 [IPC Server Responder] INFO  ipc.Server (Server.java:run(1562)) - IPC Server Responder: starting
2024-01-08 10:08:04,524 [IPC Server listener on 15019] INFO  ipc.Server (Server.java:run(1402)) - IPC Server listener on 15019: starting
2024-01-08 10:08:04,527 [bba1c53a-a6f8-4b7f-a0a1-8d65da7b011f-DatanodeStateMachineDaemonThread] INFO  statemachine.DatanodeStateMachine (DatanodeStateMachine.java:lambda$startDaemon$1(555)) - Ozone container server started.
2024-01-08 10:08:04,527 [Mini-Cluster-Provider-Create] WARN  dropwizard3.Dm3MetricRegistriesImpl (Dm3MetricRegistriesImpl.java:addReporterRegistration(113)) - New reporters are added after registries were created. Some metrics will be missing from the reporter. Please add reporter before adding any new registry.
2024-01-08 10:08:04,528 [Mini-Cluster-Provider-Create] WARN  dropwizard3.Dm3MetricRegistriesImpl (Dm3MetricRegistriesImpl.java:addReporterRegistration(113)) - New reporters are added after registries were created. Some metrics will be missing from the reporter. Please add reporter before adding any new registry.
2024-01-08 10:08:04,528 [Mini-Cluster-Provider-Create] INFO  impl.MetricsSystemImpl (MetricsSystemImpl.java:init(158)) - HddsDatanode metrics system started (again)
2024-01-08 10:08:04,535 [bba1c53a-a6f8-4b7f-a0a1-8d65da7b011f-DatanodeStateMachineTaskThread-0] INFO  datanode.InitDatanodeState (InitDatanodeState.java:persistContainerDatanodeDetails(139)) - DatanodeDetails is persisted to /home/runner/work/ozone/ozone/hadoop-ozone/integration-test/target/test-dir/MiniOzoneClusterImpl-d16d6234-9da8-43a0-bd28-723006ad2f80/datanode-1/meta/datanode.id
2024-01-08 10:08:04,539 [Mini-Cluster-Provider-Create] INFO  ozone.HddsDatanodeService (HddsDatanodeService.java:start(239)) - HddsDatanodeService host:fv-az1117-812.frmogvfxo1lepnjzqgguis2xib.cx.internal.cloudapp.net ip:10.1.0.19
2024-01-08 10:08:04,554 [Mini-Cluster-Provider-Create] INFO  upgrade.AbstractLayoutVersionManager (AbstractLayoutVersionManager.java:init(83)) - Initializing Layout version manager with metadata layout = HADOOP_PRC_PORTS_IN_DATANODEDETAILS (version = 7), software layout = HADOOP_PRC_PORTS_IN_DATANODEDETAILS (version = 7)
2024-01-08 10:08:04,555 [Mini-Cluster-Provider-Create] INFO  statemachine.DatanodeStateMachine (DatanodeStateMachine.java:getEndPointTaskThreadPoolSize(299)) - Datanode State Machine Task Thread Pool size 2
2024-01-08 10:08:04,557 [Mini-Cluster-Provider-Create] INFO  volume.HddsVolume (HddsVolume.java:<init>(125)) - Creating HddsVolume: /home/runner/work/ozone/ozone/hadoop-ozone/integration-test/target/test-dir/MiniOzoneClusterImpl-d16d6234-9da8-43a0-bd28-723006ad2f80/datanode-2/data-0/containers/hdds of storage type : DISK capacity : 9223372036854775807
2024-01-08 10:08:04,557 [Mini-Cluster-Provider-Create] INFO  volume.MutableVolumeSet (MutableVolumeSet.java:initializeVolumeSet(173)) - Added Volume : /home/runner/work/ozone/ozone/hadoop-ozone/integration-test/target/test-dir/MiniOzoneClusterImpl-d16d6234-9da8-43a0-bd28-723006ad2f80/datanode-2/data-0/containers/hdds to VolumeSet
2024-01-08 10:08:04,558 [Mini-Cluster-Provider-Create] INFO  volume.MutableVolumeSet (MutableVolumeSet.java:initializeVolumeSet(173)) - Added Volume : /home/runner/work/ozone/ozone/hadoop-ozone/integration-test/target/test-dir/MiniOzoneClusterImpl-d16d6234-9da8-43a0-bd28-723006ad2f80/datanode-2/data/ratis to VolumeSet
2024-01-08 10:08:04,558 [Mini-Cluster-Provider-Create] INFO  ozoneimpl.OzoneContainer (HddsVolumeUtil.java:loadAllHddsVolumeDbStore(103)) - Load 1 volumes DbStore cost: 0ms
2024-01-08 10:08:04,559 [216a7f9c-aee1-4f98-a365-89228e2ed43b-ContainerReader-0] INFO  ozoneimpl.ContainerReader (ContainerReader.java:readVolume(178)) - Finish verifying containers on volume /home/runner/work/ozone/ozone/hadoop-ozone/integration-test/target/test-dir/MiniOzoneClusterImpl-d16d6234-9da8-43a0-bd28-723006ad2f80/datanode-2/data-0/containers/hdds
2024-01-08 10:08:04,559 [Mini-Cluster-Provider-Create] INFO  ozoneimpl.OzoneContainer (OzoneContainer.java:buildContainerSet(326)) - Build ContainerSet costs 0s
2024-01-08 10:08:04,562 [Mini-Cluster-Provider-Create] INFO  server.RaftServer (ConfUtils.java:logGet(46)) - raft.rpc.type = GRPC (default)
2024-01-08 10:08:04,562 [Mini-Cluster-Provider-Create] INFO  grpc.GrpcConfigKeys (ConfUtils.java:logFallback(53)) - raft.grpc.admin.host = null (fallback to raft.grpc.server.host)
2024-01-08 10:08:04,563 [Mini-Cluster-Provider-Create] INFO  grpc.GrpcConfigKeys (ConfUtils.java:logGet(46)) - raft.grpc.admin.port = 15031 (custom)
2024-01-08 10:08:04,563 [Mini-Cluster-Provider-Create] INFO  grpc.GrpcConfigKeys (ConfUtils.java:logFallback(53)) - raft.grpc.client.host = null (fallback to raft.grpc.server.host)
2024-01-08 10:08:04,563 [Mini-Cluster-Provider-Create] INFO  grpc.GrpcConfigKeys (ConfUtils.java:logGet(46)) - raft.grpc.client.port = 15030 (custom)
2024-01-08 10:08:04,563 [Mini-Cluster-Provider-Create] INFO  grpc.GrpcConfigKeys (ConfUtils.java:logGet(46)) - raft.grpc.server.host = null (default)
2024-01-08 10:08:04,563 [Mini-Cluster-Provider-Create] INFO  grpc.GrpcConfigKeys (ConfUtils.java:logGet(46)) - raft.grpc.server.port = 15032 (custom)
2024-01-08 10:08:04,563 [Mini-Cluster-Provider-Create] INFO  server.GrpcService (ConfUtils.java:logGet(46)) - raft.grpc.message.size.max = 32MB (=33554432) (custom)
2024-01-08 10:08:04,563 [Mini-Cluster-Provider-Create] INFO  server.RaftServerConfigKeys (ConfUtils.java:logGet(46)) - raft.server.log.appender.buffer.byte-limit = 8388608 (custom)
2024-01-08 10:08:04,564 [Mini-Cluster-Provider-Create] INFO  server.GrpcService (ConfUtils.java:logGet(46)) - raft.grpc.flow.control.window = 5MB (=5242880) (custom)
2024-01-08 10:08:04,564 [Mini-Cluster-Provider-Create] INFO  server.RaftServerConfigKeys (ConfUtils.java:logGet(46)) - raft.server.rpc.request.timeout = 60s (custom)
2024-01-08 10:08:04,564 [Mini-Cluster-Provider-Create] INFO  grpc.GrpcConfigKeys (ConfUtils.java:logGet(46)) - raft.grpc.server.heartbeat.channel = true (default)
2024-01-08 10:08:04,564 [Mini-Cluster-Provider-Create] INFO  grpc.GrpcConfigKeys (ConfUtils.java:logGet(46)) - raft.grpc.server.async.request.thread.pool.cached = true (default)
2024-01-08 10:08:04,564 [Mini-Cluster-Provider-Create] INFO  grpc.GrpcConfigKeys (ConfUtils.java:logGet(46)) - raft.grpc.server.async.request.thread.pool.size = 32 (default)
2024-01-08 10:08:04,566 [Mini-Cluster-Provider-Create] INFO  impl.DataStreamServerImpl (ConfUtils.java:logGet(46)) - raft.datastream.type = NETTY (custom)
2024-01-08 10:08:04,566 [Mini-Cluster-Provider-Create] INFO  server.RaftServerConfigKeys (ConfUtils.java:logGet(46)) - raft.server.data-stream.async.request.thread.pool.cached = false (default)
2024-01-08 10:08:04,566 [Mini-Cluster-Provider-Create] INFO  server.RaftServerConfigKeys (ConfUtils.java:logGet(46)) - raft.server.data-stream.async.request.thread.pool.size = 20 (custom)
2024-01-08 10:08:04,566 [Mini-Cluster-Provider-Create] INFO  server.RaftServerConfigKeys (ConfUtils.java:logGet(46)) - raft.server.data-stream.async.write.thread.pool.size = 16 (default)
2024-01-08 10:08:04,566 [Mini-Cluster-Provider-Create] INFO  netty.NettyConfigKeys$DataStream (ConfUtils.java:logGet(46)) - raft.netty.dataStream.server.channel.inactive.grace-period = 10min (default)
2024-01-08 10:08:04,566 [Mini-Cluster-Provider-Create] INFO  server.RaftServerConfigKeys (ConfUtils.java:logGet(46)) - raft.server.data-stream.client.pool.size = 10 (default)
2024-01-08 10:08:04,566 [Mini-Cluster-Provider-Create] INFO  netty.NettyConfigKeys$DataStream (ConfUtils.java:logGet(46)) - raft.netty.dataStream.server.use-epoll = true (default)
2024-01-08 10:08:04,567 [Mini-Cluster-Provider-Create] INFO  netty.NettyConfigKeys$DataStream (ConfUtils.java:logGet(46)) - raft.netty.dataStream.server.boss-group.size = 0 (default)
2024-01-08 10:08:04,567 [Mini-Cluster-Provider-Create] INFO  netty.NettyUtils (NettyUtils.java:newEventLoopGroup(69)) - Create EpollEventLoopGroup for 216a7f9c-aee1-4f98-a365-89228e2ed43b-NettyServerStreamRpc-bossGroup; Thread size is 0.
2024-01-08 10:08:04,567 [Mini-Cluster-Provider-Create] INFO  netty.NettyConfigKeys$DataStream (ConfUtils.java:logGet(46)) - raft.netty.dataStream.server.worker-group.size = 0 (default)
2024-01-08 10:08:04,567 [Mini-Cluster-Provider-Create] INFO  netty.NettyUtils (NettyUtils.java:newEventLoopGroup(69)) - Create EpollEventLoopGroup for 216a7f9c-aee1-4f98-a365-89228e2ed43b-NettyServerStreamRpc-workerGroup; Thread size is 0.
2024-01-08 10:08:04,567 [Mini-Cluster-Provider-Create] INFO  netty.NettyConfigKeys$DataStream (ConfUtils.java:logGet(46)) - raft.netty.dataStream.server.tls.conf = null (default)
2024-01-08 10:08:04,568 [Mini-Cluster-Provider-Create] INFO  netty.NettyConfigKeys$DataStream (ConfUtils.java:logGet(46)) - raft.netty.dataStream.host = null (default)
2024-01-08 10:08:04,568 [Mini-Cluster-Provider-Create] INFO  netty.NettyConfigKeys$DataStream (ConfUtils.java:logGet(46)) - raft.netty.dataStream.port = 15033 (custom)
2024-01-08 10:08:04,568 [Mini-Cluster-Provider-Create] INFO  server.RaftServerConfigKeys (ConfUtils.java:logGet(46)) - raft.server.sleep.deviation.threshold = 300ms (default)
2024-01-08 10:08:04,569 [Mini-Cluster-Provider-Create] INFO  server.RaftServerConfigKeys (ConfUtils.java:logGet(46)) - raft.server.close.threshold = 60s (default)
2024-01-08 10:08:04,569 [216a7f9c-aee1-4f98-a365-89228e2ed43b-NettyServerStreamRpc-bossGroup--thread1] INFO  logging.LoggingHandler (AbstractInternalLogger.java:log(148)) - [id: 0x566cac37] REGISTERED
2024-01-08 10:08:04,569 [Mini-Cluster-Provider-Create] INFO  server.RaftServerConfigKeys (ConfUtils.java:logGet(46)) - raft.server.leaderelection.leader.step-down.wait-time = 10s (default)
2024-01-08 10:08:04,569 [216a7f9c-aee1-4f98-a365-89228e2ed43b-NettyServerStreamRpc-bossGroup--thread1] INFO  logging.LoggingHandler (AbstractInternalLogger.java:log(148)) - [id: 0x566cac37] BIND: 0.0.0.0/0.0.0.0:15033
2024-01-08 10:08:04,569 [Mini-Cluster-Provider-Create] INFO  server.RaftServerConfigKeys (ConfUtils.java:logGet(46)) - raft.server.storage.dir = [/home/runner/work/ozone/ozone/hadoop-ozone/integration-test/target/test-dir/MiniOzoneClusterImpl-d16d6234-9da8-43a0-bd28-723006ad2f80/datanode-2/data/ratis] (custom)
2024-01-08 10:08:04,569 [216a7f9c-aee1-4f98-a365-89228e2ed43b-NettyServerStreamRpc-bossGroup--thread1] INFO  logging.LoggingHandler (AbstractInternalLogger.java:log(148)) - [id: 0x566cac37, L:/0.0.0.0:15033] ACTIVE
2024-01-08 10:08:04,570 [Mini-Cluster-Provider-Create] INFO  server.RaftServerConfigKeys (ConfUtils.java:logGet(46)) - raft.server.threadpool.proxy.cached = true (default)
2024-01-08 10:08:04,570 [Mini-Cluster-Provider-Create] INFO  server.RaftServerConfigKeys (ConfUtils.java:logGet(46)) - raft.server.threadpool.proxy.size = 0 (default)
2024-01-08 10:08:04,570 [216a7f9c-aee1-4f98-a365-89228e2ed43b-impl-thread1] INFO  server.RaftServer (RaftServerProxy.java:initGroupDir(264)) - 216a7f9c-aee1-4f98-a365-89228e2ed43b: found a subdirectory /home/runner/work/ozone/ozone/hadoop-ozone/integration-test/target/test-dir/MiniOzoneClusterImpl-d16d6234-9da8-43a0-bd28-723006ad2f80/datanode-2/data/ratis/tmp
2024-01-08 10:08:04,570 [216a7f9c-aee1-4f98-a365-89228e2ed43b-impl-thread1] INFO  server.RaftServer (RaftServerProxy.java:initGroupDir(269)) - 216a7f9c-aee1-4f98-a365-89228e2ed43b: The directory /home/runner/work/ozone/ozone/hadoop-ozone/integration-test/target/test-dir/MiniOzoneClusterImpl-d16d6234-9da8-43a0-bd28-723006ad2f80/datanode-2/data/ratis/tmp is not a group directory; ignoring it. 
2024-01-08 10:08:04,571 [Mini-Cluster-Provider-Create] INFO  replication.ReplicationServer (ReplicationServer.java:<init>(85)) - Initializing replication server with thread count = 10 queue length = 4096
2024-01-08 10:08:04,572 [Mini-Cluster-Provider-Create] INFO  server.XceiverServerGrpc (XceiverServerGrpc.java:<init>(141)) - GrpcServer channel type EpollServerSocketChannel
2024-01-08 10:08:04,574 [Mini-Cluster-Provider-Create] INFO  replication.ReplicationSupervisor (ReplicationSupervisor.java:build(163)) - Initializing replication supervisor with thread count = 10
2024-01-08 10:08:04,575 [Mini-Cluster-Provider-Create] INFO  replication.ReplicationSupervisor (ReplicationSupervisor.java:nodeStateUpdated(317)) - Node state updated to IN_SERVICE, scaling executor pool size to 10
2024-01-08 10:08:04,577 [Mini-Cluster-Provider-Create] INFO  http.BaseHttpServer (BaseHttpServer.java:newHttpServer2BuilderForOzone(223)) - Starting Web-server for hddsDatanode at: http://0.0.0.0:15027
2024-01-08 10:08:04,577 [Mini-Cluster-Provider-Create] INFO  http.BaseHttpServer (BaseHttpServer.java:<init>(110)) - Hadoop Security Enabled: false Ozone Security Enabled: false Ozone HTTP Security Enabled: false 
2024-01-08 10:08:04,579 [Mini-Cluster-Provider-Create] WARN  server.AuthenticationFilter (AuthenticationFilter.java:constructSecretProvider(240)) - Unable to initialize FileSignerSecretProvider, falling back to use random secrets. Reason: Could not read signature secret file: /home/runner/hadoop-http-auth-signature-secret
2024-01-08 10:08:04,579 [Mini-Cluster-Provider-Create] INFO  http.HttpRequestLog (HttpRequestLog.java:getRequestLog(86)) - Http request log for http.requests.hddsDatanode is not defined
2024-01-08 10:08:04,581 [Mini-Cluster-Provider-Create] INFO  http.HttpServer2 (HttpServer2.java:addGlobalFilter(1036)) - Added global filter 'safety' (class=org.apache.hadoop.hdds.server.http.HttpServer2$QuotingInputFilter)
2024-01-08 10:08:04,582 [Mini-Cluster-Provider-Create] INFO  http.HttpServer2 (HttpServer2.java:addFilter(1012)) - Added filter static_user_filter (class=org.apache.hadoop.http.lib.StaticUserWebFilter$StaticUserFilter) to context hddsDatanode
2024-01-08 10:08:04,582 [Mini-Cluster-Provider-Create] INFO  http.HttpServer2 (HttpServer2.java:addFilter(1020)) - Added filter static_user_filter (class=org.apache.hadoop.http.lib.StaticUserWebFilter$StaticUserFilter) to context logs
2024-01-08 10:08:04,582 [Mini-Cluster-Provider-Create] INFO  http.HttpServer2 (HttpServer2.java:addFilter(1020)) - Added filter static_user_filter (class=org.apache.hadoop.http.lib.StaticUserWebFilter$StaticUserFilter) to context static
2024-01-08 10:08:04,582 [Mini-Cluster-Provider-Create] INFO  http.BaseHttpServer (BaseHttpServer.java:<init>(189)) - HTTP server of hddsDatanode uses base directory /home/runner/work/ozone/ozone/hadoop-ozone/integration-test/target/test-dir/MiniOzoneClusterImpl-d16d6234-9da8-43a0-bd28-723006ad2f80/datanode-2/meta/webserver
2024-01-08 10:08:04,583 [Mini-Cluster-Provider-Create] INFO  http.HttpServer2 (HttpServer2.java:bindListener(1236)) - Jetty bound to port 15027
2024-01-08 10:08:04,583 [Mini-Cluster-Provider-Create] INFO  server.Server (Server.java:doStart(375)) - jetty-9.4.53.v20231009; built: 2023-10-09T12:29:09.265Z; git: 27bde00a0b95a1d5bbee0eae7984f891d2d0f8c9; jvm 1.8.0_392-b08
2024-01-08 10:08:04,585 [Mini-Cluster-Provider-Create] INFO  server.session (DefaultSessionIdManager.java:doStart(334)) - DefaultSessionIdManager workerName=node0
2024-01-08 10:08:04,585 [Mini-Cluster-Provider-Create] INFO  server.session (DefaultSessionIdManager.java:doStart(339)) - No SessionScavenger set, using defaults
2024-01-08 10:08:04,585 [Mini-Cluster-Provider-Create] INFO  server.session (HouseKeeper.java:startScavenging(132)) - node0 Scavenging every 600000ms
2024-01-08 10:08:04,586 [Mini-Cluster-Provider-Create] INFO  handler.ContextHandler (ContextHandler.java:doStart(921)) - Started o.e.j.s.ServletContextHandler@1c4ea54e{logs,/logs,file:///home/runner/work/ozone/ozone/hadoop-ozone/integration-test/target/log,AVAILABLE}
2024-01-08 10:08:04,586 [Mini-Cluster-Provider-Create] INFO  handler.ContextHandler (ContextHandler.java:doStart(921)) - Started o.e.j.s.ServletContextHandler@3a195731{static,/static,jar:file:/home/runner/.m2/repository/org/apache/ozone/hdds-container-service/1.5.0-SNAPSHOT/hdds-container-service-1.5.0-SNAPSHOT.jar!/webapps/static,AVAILABLE}
2024-01-08 10:08:04,619 [Mini-Cluster-Provider-Create] INFO  handler.ContextHandler (ContextHandler.java:doStart(921)) - Started o.e.j.w.WebAppContext@41bb906e{hddsDatanode,/,file:///home/runner/work/ozone/ozone/hadoop-ozone/integration-test/target/test-dir/MiniOzoneClusterImpl-d16d6234-9da8-43a0-bd28-723006ad2f80/datanode-2/meta/webserver/jetty-0_0_0_0-15027-hdds-container-service-1_5_0-SNAPSHOT_jar-_-any-514153341912339329/webapp/,AVAILABLE}{jar:file:/home/runner/.m2/repository/org/apache/ozone/hdds-container-service/1.5.0-SNAPSHOT/hdds-container-service-1.5.0-SNAPSHOT.jar!/webapps/hddsDatanode}
2024-01-08 10:08:04,620 [Mini-Cluster-Provider-Create] INFO  server.AbstractConnector (AbstractConnector.java:doStart(333)) - Started ServerConnector@3aac58a{HTTP/1.1, (http/1.1)}{0.0.0.0:15027}
2024-01-08 10:08:04,621 [Mini-Cluster-Provider-Create] INFO  server.Server (Server.java:doStart(415)) - Started @6436ms
2024-01-08 10:08:04,621 [Mini-Cluster-Provider-Create] WARN  impl.MetricsSystemImpl (MetricsSystemImpl.java:register(279)) - Sink prometheus already exists!
2024-01-08 10:08:04,621 [Mini-Cluster-Provider-Create] INFO  http.BaseHttpServer (BaseHttpServer.java:updateConnectorAddress(354)) - HTTP server of hddsDatanode listening at http://0.0.0.0:15027
2024-01-08 10:08:04,621 [Mini-Cluster-Provider-Create] INFO  ipc.CallQueueManager (CallQueueManager.java:<init>(90)) - Using callQueue: class java.util.concurrent.LinkedBlockingQueue, queueCapacity: 100, scheduler: class org.apache.hadoop.ipc.DefaultRpcScheduler, ipcBackoff: false.
2024-01-08 10:08:04,621 [Mini-Cluster-Provider-Create] INFO  ipc.Server (Server.java:<init>(1287)) - Listener at 0.0.0.0:15028
2024-01-08 10:08:04,622 [Socket Reader #1 for port 15028] INFO  ipc.Server (Server.java:run(1323)) - Starting Socket Reader #1 for port 15028
2024-01-08 10:08:04,623 [Mini-Cluster-Provider-Create] INFO  ozone.HddsDatanodeService (HddsDatanodeService.java:start(324)) - Datanode start with admins: [runner]
2024-01-08 10:08:04,624 [Mini-Cluster-Provider-Create] INFO  ozone.HddsDatanodeClientProtocolServer (HddsDatanodeClientProtocolServer.java:start(72)) - RPC server for Client /0.0.0.0:15028
2024-01-08 10:08:04,624 [IPC Server Responder] INFO  ipc.Server (Server.java:run(1562)) - IPC Server Responder: starting
2024-01-08 10:08:04,624 [IPC Server listener on 15028] INFO  ipc.Server (Server.java:run(1402)) - IPC Server listener on 15028: starting
2024-01-08 10:08:04,626 [216a7f9c-aee1-4f98-a365-89228e2ed43b-DatanodeStateMachineDaemonThread] INFO  statemachine.DatanodeStateMachine (DatanodeStateMachine.java:lambda$startDaemon$1(555)) - Ozone container server started.
2024-01-08 10:08:04,627 [Mini-Cluster-Provider-Create] INFO  ozone.MiniOzoneClusterImpl (MiniOzoneClusterImpl.java:lambda$waitForClusterToBeReady$0(230)) - Waiting for nodes to be ready. Got 0 of 3 DN Heartbeats.
2024-01-08 10:08:04,627 [Mini-Cluster-Provider-Create] INFO  ozone.MiniOzoneClusterImpl (MiniOzoneClusterImpl.java:lambda$waitForClusterToBeReady$0(233)) - Waiting for cluster to exit safe mode
2024-01-08 10:08:04,627 [Mini-Cluster-Provider-Create] INFO  ozone.MiniOzoneClusterImpl (MiniOzoneClusterImpl.java:lambda$waitForClusterToBeReady$0(235)) - SCM became leader
2024-01-08 10:08:04,629 [216a7f9c-aee1-4f98-a365-89228e2ed43b-DatanodeStateMachineTaskThread-0] INFO  datanode.InitDatanodeState (InitDatanodeState.java:persistContainerDatanodeDetails(139)) - DatanodeDetails is persisted to /home/runner/work/ozone/ozone/hadoop-ozone/integration-test/target/test-dir/MiniOzoneClusterImpl-d16d6234-9da8-43a0-bd28-723006ad2f80/datanode-2/meta/datanode.id
2024-01-08 10:08:05,032 [om1@group-C5BA1605619E-FollowerState] INFO  impl.FollowerState (FollowerState.java:run(143)) - om1@group-C5BA1605619E-FollowerState: change to CANDIDATE, lastRpcElapsedTime:1180884929ns, electionTimeout:1171ms
2024-01-08 10:08:05,033 [om1@group-C5BA1605619E-FollowerState] INFO  impl.RoleInfo (RoleInfo.java:shutdownFollowerState(110)) - om1: shutdown om1@group-C5BA1605619E-FollowerState
2024-01-08 10:08:05,033 [om1@group-C5BA1605619E-FollowerState] INFO  server.RaftServer$Division (RaftServerImpl.java:setRole(379)) - om1@group-C5BA1605619E: changes role from  FOLLOWER to CANDIDATE at term 0 for changeToCandidate
2024-01-08 10:08:05,035 [om1@group-C5BA1605619E-FollowerState] INFO  server.RaftServerConfigKeys (ConfUtils.java:logGet(46)) - raft.server.leaderelection.pre-vote = true (default)
2024-01-08 10:08:05,036 [om1@group-C5BA1605619E-FollowerState] INFO  impl.RoleInfo (RoleInfo.java:updateAndGet(139)) - om1: start om1@group-C5BA1605619E-LeaderElection1
2024-01-08 10:08:05,038 [om1@group-C5BA1605619E-LeaderElection1] INFO  impl.LeaderElection (LeaderElection.java:askForVotes(323)) - om1@group-C5BA1605619E-LeaderElection1 PRE_VOTE round 0: submit vote requests at term 0 for -1: peers:[om1|localhost:15007]|listeners:[], old=null
2024-01-08 10:08:05,039 [om1@group-C5BA1605619E-LeaderElection1] INFO  impl.LeaderElection (LeaderElection.java:askForVotes(325)) - om1@group-C5BA1605619E-LeaderElection1 PRE_VOTE round 0: result PASSED (term=0)
2024-01-08 10:08:05,041 [om1@group-C5BA1605619E-LeaderElection1] INFO  impl.LeaderElection (LeaderElection.java:askForVotes(323)) - om1@group-C5BA1605619E-LeaderElection1 ELECTION round 0: submit vote requests at term 1 for -1: peers:[om1|localhost:15007]|listeners:[], old=null
2024-01-08 10:08:05,041 [om1@group-C5BA1605619E-LeaderElection1] INFO  impl.LeaderElection (LeaderElection.java:askForVotes(325)) - om1@group-C5BA1605619E-LeaderElection1 ELECTION round 0: result PASSED (term=1)
2024-01-08 10:08:05,042 [om1@group-C5BA1605619E-LeaderElection1] INFO  impl.RoleInfo (RoleInfo.java:shutdownLeaderElection(130)) - om1: shutdown om1@group-C5BA1605619E-LeaderElection1
2024-01-08 10:08:05,042 [om1@group-C5BA1605619E-LeaderElection1] INFO  server.RaftServer$Division (RaftServerImpl.java:setRole(379)) - om1@group-C5BA1605619E: changes role from CANDIDATE to LEADER at term 1 for changeToLeader
2024-01-08 10:08:05,047 [om1@group-C5BA1605619E-LeaderElection1] INFO  server.RaftServerConfigKeys (ConfUtils.java:logGet(46)) - raft.server.staging.catchup.gap = 1000 (default)
2024-01-08 10:08:05,050 [om1@group-C5BA1605619E-LeaderElection1] INFO  server.RaftServerConfigKeys (ConfUtils.java:logGet(46)) - raft.server.write.element-limit = 4096 (default)
2024-01-08 10:08:05,050 [om1@group-C5BA1605619E-LeaderElection1] INFO  server.RaftServerConfigKeys (ConfUtils.java:logGet(46)) - raft.server.write.byte-limit = 64MB (=67108864) (default)
2024-01-08 10:08:05,053 [om1@group-C5BA1605619E-LeaderElection1] INFO  server.RaftServerConfigKeys (ConfUtils.java:logGet(46)) - raft.server.watch.timeout = 10s (default)
2024-01-08 10:08:05,053 [om1@group-C5BA1605619E-LeaderElection1] INFO  server.RaftServerConfigKeys (ConfUtils.java:logGet(46)) - raft.server.watch.timeout.denomination = 1s (default)
2024-01-08 10:08:05,054 [om1@group-C5BA1605619E-LeaderElection1] INFO  server.RaftServerConfigKeys (ConfUtils.java:logGet(46)) - raft.server.watch.element-limit = 65536 (default)
2024-01-08 10:08:05,057 [om1@group-C5BA1605619E-LeaderElection1] INFO  server.RaftServerConfigKeys (ConfUtils.java:logGet(46)) - raft.server.read.leader.lease.enabled = false (default)
2024-01-08 10:08:05,059 [om1@group-C5BA1605619E-LeaderElection1] INFO  server.RaftServerConfigKeys (ConfUtils.java:logGet(46)) - raft.server.read.leader.lease.timeout.ratio = 0.9 (default)
2024-01-08 10:08:05,059 [om1@group-C5BA1605619E-LeaderElection1] INFO  server.RaftServerConfigKeys (ConfUtils.java:logGet(46)) - raft.server.rpc.timeout.min = 1s (custom)
2024-01-08 10:08:05,059 [om1@group-C5BA1605619E-LeaderElection1] INFO  server.RaftServerConfigKeys (ConfUtils.java:logGet(46)) - raft.server.write.element-limit = 4096 (default)
2024-01-08 10:08:05,059 [om1@group-C5BA1605619E-LeaderElection1] INFO  server.RaftServerConfigKeys (ConfUtils.java:logGet(46)) - raft.server.write.follower.gap.ratio.max = -1.0 (default)
2024-01-08 10:08:05,060 [om1@group-C5BA1605619E-LeaderElection1] INFO  impl.RoleInfo (RoleInfo.java:updateAndGet(139)) - om1: start om1@group-C5BA1605619E-LeaderStateImpl
2024-01-08 10:08:05,060 [om1@group-C5BA1605619E-LeaderElection1] INFO  server.RaftServer$Division (RaftServerImpl.java:setFirstElection(564)) - om1@group-C5BA1605619E: set firstElectionSinceStartup to false for becomeLeader
2024-01-08 10:08:05,062 [om1@group-C5BA1605619E-LeaderElection1] INFO  server.RaftServer$Division (ServerState.java:setLeader(265)) - om1@group-C5BA1605619E: change Leader from null to om1 at term 1 for becomeLeader, leader elected after 1907ms
2024-01-08 10:08:05,077 [om1@group-C5BA1605619E-LeaderElection1] INFO  segmented.SegmentedRaftLogWorker (SegmentedRaftLogWorker.java:startLogSegment(428)) - om1@group-C5BA1605619E-SegmentedRaftLogWorker: Starting segment from index:0
2024-01-08 10:08:05,092 [om1@group-C5BA1605619E-LeaderElection1] INFO  server.RaftServer$Division (ServerState.java:setRaftConf(382)) - om1@group-C5BA1605619E: set configuration 0: peers:[om1|localhost:15007]|listeners:[], old=null
2024-01-08 10:08:05,141 [om1@group-C5BA1605619E-SegmentedRaftLogWorker] INFO  segmented.SegmentedRaftLogWorker (SegmentedRaftLogWorker.java:execute(632)) - om1@group-C5BA1605619E-SegmentedRaftLogWorker: created new log segment /home/runner/work/ozone/ozone/hadoop-ozone/integration-test/target/test-dir/MiniOzoneClusterImpl-d16d6234-9da8-43a0-bd28-723006ad2f80/ozone-meta/ratis/bf265839-605b-3f16-9796-c5ba1605619e/current/log_inprogress_0
2024-01-08 10:08:05,209 [om1@group-C5BA1605619E-StateMachineUpdater] INFO  ratis.OzoneManagerStateMachine (OzoneManagerStateMachine.java:notifyConfigurationChanged(213)) - Received Configuration change notification from Ratis. New Peer list:
[id: "om1"
address: "localhost:15007"
startupRole: FOLLOWER
]
2024-01-08 10:08:05,210 [om1@group-C5BA1605619E-StateMachineUpdater] INFO  server.RaftServer$Division (LeaderStateImpl.java:isApplied(316)) - leader is ready since appliedIndex == 0 >= startIndex == 0
2024-01-08 10:08:05,627 [Mini-Cluster-Provider-Create] INFO  ozone.MiniOzoneClusterImpl (MiniOzoneClusterImpl.java:lambda$waitForClusterToBeReady$0(230)) - Waiting for nodes to be ready. Got 0 of 3 DN Heartbeats.
2024-01-08 10:08:05,627 [Mini-Cluster-Provider-Create] INFO  ozone.MiniOzoneClusterImpl (MiniOzoneClusterImpl.java:lambda$waitForClusterToBeReady$0(233)) - Waiting for cluster to exit safe mode
2024-01-08 10:08:05,627 [Mini-Cluster-Provider-Create] INFO  ozone.MiniOzoneClusterImpl (MiniOzoneClusterImpl.java:lambda$waitForClusterToBeReady$0(235)) - SCM became leader
2024-01-08 10:08:06,490 [b5f002a5-35f0-4e5a-a46f-90a89988a4c4-EndpointStateMachineTaskThread-/0.0.0.0:15002-0 ] INFO  utils.DatanodeStoreCache (DatanodeStoreCache.java:addDB(66)) - Added db /home/runner/work/ozone/ozone/hadoop-ozone/integration-test/target/test-dir/MiniOzoneClusterImpl-d16d6234-9da8-43a0-bd28-723006ad2f80/datanode-0/data-0/containers/hdds/d16d6234-9da8-43a0-bd28-723006ad2f80/DS-897d2036-e825-4692-86da-fd333f4be833/container.db to cache
2024-01-08 10:08:06,490 [b5f002a5-35f0-4e5a-a46f-90a89988a4c4-EndpointStateMachineTaskThread-/0.0.0.0:15002-0 ] INFO  volume.HddsVolume (HddsVolume.java:createDbStore(420)) - SchemaV3 db is created and loaded at /home/runner/work/ozone/ozone/hadoop-ozone/integration-test/target/test-dir/MiniOzoneClusterImpl-d16d6234-9da8-43a0-bd28-723006ad2f80/datanode-0/data-0/containers/hdds/d16d6234-9da8-43a0-bd28-723006ad2f80/DS-897d2036-e825-4692-86da-fd333f4be833/container.db for volume DS-897d2036-e825-4692-86da-fd333f4be833
2024-01-08 10:08:06,493 [b5f002a5-35f0-4e5a-a46f-90a89988a4c4-EndpointStateMachineTaskThread-/0.0.0.0:15002-0 ] INFO  volume.ThrottledAsyncChecker (ThrottledAsyncChecker.java:schedule(141)) - Scheduling a check for /home/runner/work/ozone/ozone/hadoop-ozone/integration-test/target/test-dir/MiniOzoneClusterImpl-d16d6234-9da8-43a0-bd28-723006ad2f80/datanode-0/data-0/containers/hdds
2024-01-08 10:08:06,506 [b5f002a5-35f0-4e5a-a46f-90a89988a4c4-EndpointStateMachineTaskThread-/0.0.0.0:15002-0 ] INFO  volume.StorageVolumeChecker (StorageVolumeChecker.java:checkAllVolumes(218)) - Scheduled health check for volume /home/runner/work/ozone/ozone/hadoop-ozone/integration-test/target/test-dir/MiniOzoneClusterImpl-d16d6234-9da8-43a0-bd28-723006ad2f80/datanode-0/data-0/containers/hdds
2024-01-08 10:08:06,508 [b5f002a5-35f0-4e5a-a46f-90a89988a4c4-EndpointStateMachineTaskThread-/0.0.0.0:15002-0 ] INFO  volume.ThrottledAsyncChecker (ThrottledAsyncChecker.java:schedule(141)) - Scheduling a check for /home/runner/work/ozone/ozone/hadoop-ozone/integration-test/target/test-dir/MiniOzoneClusterImpl-d16d6234-9da8-43a0-bd28-723006ad2f80/datanode-0/data/ratis
2024-01-08 10:08:06,508 [b5f002a5-35f0-4e5a-a46f-90a89988a4c4-EndpointStateMachineTaskThread-/0.0.0.0:15002-0 ] INFO  volume.StorageVolumeChecker (StorageVolumeChecker.java:checkAllVolumes(218)) - Scheduled health check for volume /home/runner/work/ozone/ozone/hadoop-ozone/integration-test/target/test-dir/MiniOzoneClusterImpl-d16d6234-9da8-43a0-bd28-723006ad2f80/datanode-0/data/ratis
2024-01-08 10:08:06,509 [b5f002a5-35f0-4e5a-a46f-90a89988a4c4-EndpointStateMachineTaskThread-/0.0.0.0:15002-0 ] INFO  ozoneimpl.OzoneContainer (OzoneContainer.java:start(441)) - Attempting to start container services.
2024-01-08 10:08:06,510 [b5f002a5-35f0-4e5a-a46f-90a89988a4c4-EndpointStateMachineTaskThread-/0.0.0.0:15002-0 ] INFO  ozoneimpl.OzoneContainer (OzoneContainer.java:startContainerScrub(337)) - Scheduled background container scanners and the on-demand container scanner have been disabled.
2024-01-08 10:08:06,512 [b5f002a5-35f0-4e5a-a46f-90a89988a4c4-EndpointStateMachineTaskThread-/0.0.0.0:15002-0 ] INFO  replication.ReplicationServer (ReplicationServer.java:start(139)) - ReplicationServer is started using port 15016
2024-01-08 10:08:06,512 [b5f002a5-35f0-4e5a-a46f-90a89988a4c4-EndpointStateMachineTaskThread-/0.0.0.0:15002-0 ] INFO  ratis.XceiverServerRatis (XceiverServerRatis.java:start(549)) - Starting XceiverServerRatis b5f002a5-35f0-4e5a-a46f-90a89988a4c4
2024-01-08 10:08:06,514 [b5f002a5-35f0-4e5a-a46f-90a89988a4c4-EndpointStateMachineTaskThread-/0.0.0.0:15002-0 ] INFO  server.RaftServer (RaftServerProxy.java:startImpl(406)) - b5f002a5-35f0-4e5a-a46f-90a89988a4c4: start RPC server
2024-01-08 10:08:06,516 [b5f002a5-35f0-4e5a-a46f-90a89988a4c4-EndpointStateMachineTaskThread-/0.0.0.0:15002-0 ] INFO  server.GrpcService (GrpcService.java:startImpl(302)) - b5f002a5-35f0-4e5a-a46f-90a89988a4c4: GrpcService started, listening on 15012
2024-01-08 10:08:06,517 [b5f002a5-35f0-4e5a-a46f-90a89988a4c4-EndpointStateMachineTaskThread-/0.0.0.0:15002-0 ] INFO  server.GrpcService (GrpcService.java:startImpl(302)) - b5f002a5-35f0-4e5a-a46f-90a89988a4c4: GrpcService started, listening on 15014
2024-01-08 10:08:06,518 [b5f002a5-35f0-4e5a-a46f-90a89988a4c4-EndpointStateMachineTaskThread-/0.0.0.0:15002-0 ] INFO  server.GrpcService (GrpcService.java:startImpl(302)) - b5f002a5-35f0-4e5a-a46f-90a89988a4c4: GrpcService started, listening on 15013
2024-01-08 10:08:06,518 [JvmPauseMonitor2] INFO  util.JvmPauseMonitor (JvmPauseMonitor.java:run(146)) - JvmPauseMonitor-b5f002a5-35f0-4e5a-a46f-90a89988a4c4: Started
2024-01-08 10:08:06,523 [b5f002a5-35f0-4e5a-a46f-90a89988a4c4-EndpointStateMachineTaskThread-/0.0.0.0:15002-0 ] INFO  ratis.XceiverServerRatis (XceiverServerRatis.java:getRealPort(575)) - XceiverServerRatis b5f002a5-35f0-4e5a-a46f-90a89988a4c4 is started using port 15012 for RATIS
2024-01-08 10:08:06,523 [b5f002a5-35f0-4e5a-a46f-90a89988a4c4-EndpointStateMachineTaskThread-/0.0.0.0:15002-0 ] INFO  ratis.XceiverServerRatis (XceiverServerRatis.java:getRealPort(575)) - XceiverServerRatis b5f002a5-35f0-4e5a-a46f-90a89988a4c4 is started using port 15013 for RATIS_ADMIN
2024-01-08 10:08:06,523 [b5f002a5-35f0-4e5a-a46f-90a89988a4c4-EndpointStateMachineTaskThread-/0.0.0.0:15002-0 ] INFO  ratis.XceiverServerRatis (XceiverServerRatis.java:getRealPort(575)) - XceiverServerRatis b5f002a5-35f0-4e5a-a46f-90a89988a4c4 is started using port 15014 for RATIS_SERVER
2024-01-08 10:08:06,523 [b5f002a5-35f0-4e5a-a46f-90a89988a4c4-EndpointStateMachineTaskThread-/0.0.0.0:15002-0 ] INFO  ratis.XceiverServerRatis (XceiverServerRatis.java:getRealPort(575)) - XceiverServerRatis b5f002a5-35f0-4e5a-a46f-90a89988a4c4 is started using port 15015 for RATIS_DATASTREAM
2024-01-08 10:08:06,530 [b5f002a5-35f0-4e5a-a46f-90a89988a4c4-BlockDeletingService#0] INFO  interfaces.ContainerDeletionChoosingPolicyTemplate (ContainerDeletionChoosingPolicyTemplate.java:chooseContainerForBlockDeletion(85)) - Chosen 0/5000 blocks from 0 candidate containers.
2024-01-08 10:08:06,558 [bba1c53a-a6f8-4b7f-a0a1-8d65da7b011f-EndpointStateMachineTaskThread-/0.0.0.0:15002-0 ] INFO  utils.DatanodeStoreCache (DatanodeStoreCache.java:addDB(66)) - Added db /home/runner/work/ozone/ozone/hadoop-ozone/integration-test/target/test-dir/MiniOzoneClusterImpl-d16d6234-9da8-43a0-bd28-723006ad2f80/datanode-1/data-0/containers/hdds/d16d6234-9da8-43a0-bd28-723006ad2f80/DS-47793c54-6c76-49e1-963b-91599986df26/container.db to cache
2024-01-08 10:08:06,558 [bba1c53a-a6f8-4b7f-a0a1-8d65da7b011f-EndpointStateMachineTaskThread-/0.0.0.0:15002-0 ] INFO  volume.HddsVolume (HddsVolume.java:createDbStore(420)) - SchemaV3 db is created and loaded at /home/runner/work/ozone/ozone/hadoop-ozone/integration-test/target/test-dir/MiniOzoneClusterImpl-d16d6234-9da8-43a0-bd28-723006ad2f80/datanode-1/data-0/containers/hdds/d16d6234-9da8-43a0-bd28-723006ad2f80/DS-47793c54-6c76-49e1-963b-91599986df26/container.db for volume DS-47793c54-6c76-49e1-963b-91599986df26
2024-01-08 10:08:06,560 [bba1c53a-a6f8-4b7f-a0a1-8d65da7b011f-EndpointStateMachineTaskThread-/0.0.0.0:15002-0 ] INFO  volume.ThrottledAsyncChecker (ThrottledAsyncChecker.java:schedule(141)) - Scheduling a check for /home/runner/work/ozone/ozone/hadoop-ozone/integration-test/target/test-dir/MiniOzoneClusterImpl-d16d6234-9da8-43a0-bd28-723006ad2f80/datanode-1/data-0/containers/hdds
2024-01-08 10:08:06,561 [bba1c53a-a6f8-4b7f-a0a1-8d65da7b011f-EndpointStateMachineTaskThread-/0.0.0.0:15002-0 ] INFO  volume.StorageVolumeChecker (StorageVolumeChecker.java:checkAllVolumes(218)) - Scheduled health check for volume /home/runner/work/ozone/ozone/hadoop-ozone/integration-test/target/test-dir/MiniOzoneClusterImpl-d16d6234-9da8-43a0-bd28-723006ad2f80/datanode-1/data-0/containers/hdds
2024-01-08 10:08:06,563 [bba1c53a-a6f8-4b7f-a0a1-8d65da7b011f-EndpointStateMachineTaskThread-/0.0.0.0:15002-0 ] INFO  volume.ThrottledAsyncChecker (ThrottledAsyncChecker.java:schedule(141)) - Scheduling a check for /home/runner/work/ozone/ozone/hadoop-ozone/integration-test/target/test-dir/MiniOzoneClusterImpl-d16d6234-9da8-43a0-bd28-723006ad2f80/datanode-1/data/ratis
2024-01-08 10:08:06,563 [bba1c53a-a6f8-4b7f-a0a1-8d65da7b011f-EndpointStateMachineTaskThread-/0.0.0.0:15002-0 ] INFO  volume.StorageVolumeChecker (StorageVolumeChecker.java:checkAllVolumes(218)) - Scheduled health check for volume /home/runner/work/ozone/ozone/hadoop-ozone/integration-test/target/test-dir/MiniOzoneClusterImpl-d16d6234-9da8-43a0-bd28-723006ad2f80/datanode-1/data/ratis
2024-01-08 10:08:06,564 [bba1c53a-a6f8-4b7f-a0a1-8d65da7b011f-EndpointStateMachineTaskThread-/0.0.0.0:15002-0 ] INFO  ozoneimpl.OzoneContainer (OzoneContainer.java:start(441)) - Attempting to start container services.
2024-01-08 10:08:06,564 [bba1c53a-a6f8-4b7f-a0a1-8d65da7b011f-EndpointStateMachineTaskThread-/0.0.0.0:15002-0 ] INFO  ozoneimpl.OzoneContainer (OzoneContainer.java:startContainerScrub(337)) - Scheduled background container scanners and the on-demand container scanner have been disabled.
2024-01-08 10:08:06,568 [bba1c53a-a6f8-4b7f-a0a1-8d65da7b011f-EndpointStateMachineTaskThread-/0.0.0.0:15002-0 ] INFO  replication.ReplicationServer (ReplicationServer.java:start(139)) - ReplicationServer is started using port 15025
2024-01-08 10:08:06,568 [bba1c53a-a6f8-4b7f-a0a1-8d65da7b011f-EndpointStateMachineTaskThread-/0.0.0.0:15002-0 ] INFO  ratis.XceiverServerRatis (XceiverServerRatis.java:start(549)) - Starting XceiverServerRatis bba1c53a-a6f8-4b7f-a0a1-8d65da7b011f
2024-01-08 10:08:06,575 [bba1c53a-a6f8-4b7f-a0a1-8d65da7b011f-EndpointStateMachineTaskThread-/0.0.0.0:15002-0 ] INFO  server.RaftServer (RaftServerProxy.java:startImpl(406)) - bba1c53a-a6f8-4b7f-a0a1-8d65da7b011f: start RPC server
2024-01-08 10:08:06,576 [bba1c53a-a6f8-4b7f-a0a1-8d65da7b011f-EndpointStateMachineTaskThread-/0.0.0.0:15002-0 ] INFO  server.GrpcService (GrpcService.java:startImpl(302)) - bba1c53a-a6f8-4b7f-a0a1-8d65da7b011f: GrpcService started, listening on 15021
2024-01-08 10:08:06,577 [bba1c53a-a6f8-4b7f-a0a1-8d65da7b011f-EndpointStateMachineTaskThread-/0.0.0.0:15002-0 ] INFO  server.GrpcService (GrpcService.java:startImpl(302)) - bba1c53a-a6f8-4b7f-a0a1-8d65da7b011f: GrpcService started, listening on 15023
2024-01-08 10:08:06,578 [bba1c53a-a6f8-4b7f-a0a1-8d65da7b011f-EndpointStateMachineTaskThread-/0.0.0.0:15002-0 ] INFO  server.GrpcService (GrpcService.java:startImpl(302)) - bba1c53a-a6f8-4b7f-a0a1-8d65da7b011f: GrpcService started, listening on 15022
2024-01-08 10:08:06,579 [bba1c53a-a6f8-4b7f-a0a1-8d65da7b011f-EndpointStateMachineTaskThread-/0.0.0.0:15002-0 ] INFO  ratis.XceiverServerRatis (XceiverServerRatis.java:getRealPort(575)) - XceiverServerRatis bba1c53a-a6f8-4b7f-a0a1-8d65da7b011f is started using port 15021 for RATIS
2024-01-08 10:08:06,579 [bba1c53a-a6f8-4b7f-a0a1-8d65da7b011f-EndpointStateMachineTaskThread-/0.0.0.0:15002-0 ] INFO  ratis.XceiverServerRatis (XceiverServerRatis.java:getRealPort(575)) - XceiverServerRatis bba1c53a-a6f8-4b7f-a0a1-8d65da7b011f is started using port 15022 for RATIS_ADMIN
2024-01-08 10:08:06,579 [bba1c53a-a6f8-4b7f-a0a1-8d65da7b011f-EndpointStateMachineTaskThread-/0.0.0.0:15002-0 ] INFO  ratis.XceiverServerRatis (XceiverServerRatis.java:getRealPort(575)) - XceiverServerRatis bba1c53a-a6f8-4b7f-a0a1-8d65da7b011f is started using port 15023 for RATIS_SERVER
2024-01-08 10:08:06,579 [bba1c53a-a6f8-4b7f-a0a1-8d65da7b011f-EndpointStateMachineTaskThread-/0.0.0.0:15002-0 ] INFO  ratis.XceiverServerRatis (XceiverServerRatis.java:getRealPort(575)) - XceiverServerRatis bba1c53a-a6f8-4b7f-a0a1-8d65da7b011f is started using port 15024 for RATIS_DATASTREAM
2024-01-08 10:08:06,579 [JvmPauseMonitor3] INFO  util.JvmPauseMonitor (JvmPauseMonitor.java:run(146)) - JvmPauseMonitor-bba1c53a-a6f8-4b7f-a0a1-8d65da7b011f: Started
2024-01-08 10:08:06,582 [bba1c53a-a6f8-4b7f-a0a1-8d65da7b011f-BlockDeletingService#0] INFO  interfaces.ContainerDeletionChoosingPolicyTemplate (ContainerDeletionChoosingPolicyTemplate.java:chooseContainerForBlockDeletion(85)) - Chosen 0/5000 blocks from 0 candidate containers.
2024-01-08 10:08:06,628 [Mini-Cluster-Provider-Create] INFO  ozone.MiniOzoneClusterImpl (MiniOzoneClusterImpl.java:lambda$waitForClusterToBeReady$0(230)) - Waiting for nodes to be ready. Got 0 of 3 DN Heartbeats.
2024-01-08 10:08:06,628 [Mini-Cluster-Provider-Create] INFO  ozone.MiniOzoneClusterImpl (MiniOzoneClusterImpl.java:lambda$waitForClusterToBeReady$0(233)) - Waiting for cluster to exit safe mode
2024-01-08 10:08:06,628 [Mini-Cluster-Provider-Create] INFO  ozone.MiniOzoneClusterImpl (MiniOzoneClusterImpl.java:lambda$waitForClusterToBeReady$0(235)) - SCM became leader
2024-01-08 10:08:06,652 [216a7f9c-aee1-4f98-a365-89228e2ed43b-EndpointStateMachineTaskThread-/0.0.0.0:15002-0 ] INFO  utils.DatanodeStoreCache (DatanodeStoreCache.java:addDB(66)) - Added db /home/runner/work/ozone/ozone/hadoop-ozone/integration-test/target/test-dir/MiniOzoneClusterImpl-d16d6234-9da8-43a0-bd28-723006ad2f80/datanode-2/data-0/containers/hdds/d16d6234-9da8-43a0-bd28-723006ad2f80/DS-fab8642d-98ef-44bb-aa9c-9d59e70aea19/container.db to cache
2024-01-08 10:08:06,652 [216a7f9c-aee1-4f98-a365-89228e2ed43b-EndpointStateMachineTaskThread-/0.0.0.0:15002-0 ] INFO  volume.HddsVolume (HddsVolume.java:createDbStore(420)) - SchemaV3 db is created and loaded at /home/runner/work/ozone/ozone/hadoop-ozone/integration-test/target/test-dir/MiniOzoneClusterImpl-d16d6234-9da8-43a0-bd28-723006ad2f80/datanode-2/data-0/containers/hdds/d16d6234-9da8-43a0-bd28-723006ad2f80/DS-fab8642d-98ef-44bb-aa9c-9d59e70aea19/container.db for volume DS-fab8642d-98ef-44bb-aa9c-9d59e70aea19
2024-01-08 10:08:06,654 [216a7f9c-aee1-4f98-a365-89228e2ed43b-EndpointStateMachineTaskThread-/0.0.0.0:15002-0 ] INFO  volume.ThrottledAsyncChecker (ThrottledAsyncChecker.java:schedule(141)) - Scheduling a check for /home/runner/work/ozone/ozone/hadoop-ozone/integration-test/target/test-dir/MiniOzoneClusterImpl-d16d6234-9da8-43a0-bd28-723006ad2f80/datanode-2/data-0/containers/hdds
2024-01-08 10:08:06,655 [216a7f9c-aee1-4f98-a365-89228e2ed43b-EndpointStateMachineTaskThread-/0.0.0.0:15002-0 ] INFO  volume.StorageVolumeChecker (StorageVolumeChecker.java:checkAllVolumes(218)) - Scheduled health check for volume /home/runner/work/ozone/ozone/hadoop-ozone/integration-test/target/test-dir/MiniOzoneClusterImpl-d16d6234-9da8-43a0-bd28-723006ad2f80/datanode-2/data-0/containers/hdds
2024-01-08 10:08:06,656 [216a7f9c-aee1-4f98-a365-89228e2ed43b-EndpointStateMachineTaskThread-/0.0.0.0:15002-0 ] INFO  volume.ThrottledAsyncChecker (ThrottledAsyncChecker.java:schedule(141)) - Scheduling a check for /home/runner/work/ozone/ozone/hadoop-ozone/integration-test/target/test-dir/MiniOzoneClusterImpl-d16d6234-9da8-43a0-bd28-723006ad2f80/datanode-2/data/ratis
2024-01-08 10:08:06,657 [216a7f9c-aee1-4f98-a365-89228e2ed43b-EndpointStateMachineTaskThread-/0.0.0.0:15002-0 ] INFO  volume.StorageVolumeChecker (StorageVolumeChecker.java:checkAllVolumes(218)) - Scheduled health check for volume /home/runner/work/ozone/ozone/hadoop-ozone/integration-test/target/test-dir/MiniOzoneClusterImpl-d16d6234-9da8-43a0-bd28-723006ad2f80/datanode-2/data/ratis
2024-01-08 10:08:06,657 [216a7f9c-aee1-4f98-a365-89228e2ed43b-EndpointStateMachineTaskThread-/0.0.0.0:15002-0 ] INFO  ozoneimpl.OzoneContainer (OzoneContainer.java:start(441)) - Attempting to start container services.
2024-01-08 10:08:06,657 [216a7f9c-aee1-4f98-a365-89228e2ed43b-EndpointStateMachineTaskThread-/0.0.0.0:15002-0 ] INFO  ozoneimpl.OzoneContainer (OzoneContainer.java:startContainerScrub(337)) - Scheduled background container scanners and the on-demand container scanner have been disabled.
2024-01-08 10:08:06,659 [216a7f9c-aee1-4f98-a365-89228e2ed43b-EndpointStateMachineTaskThread-/0.0.0.0:15002-0 ] INFO  replication.ReplicationServer (ReplicationServer.java:start(139)) - ReplicationServer is started using port 15034
2024-01-08 10:08:06,659 [216a7f9c-aee1-4f98-a365-89228e2ed43b-EndpointStateMachineTaskThread-/0.0.0.0:15002-0 ] INFO  ratis.XceiverServerRatis (XceiverServerRatis.java:start(549)) - Starting XceiverServerRatis 216a7f9c-aee1-4f98-a365-89228e2ed43b
2024-01-08 10:08:06,659 [216a7f9c-aee1-4f98-a365-89228e2ed43b-EndpointStateMachineTaskThread-/0.0.0.0:15002-0 ] INFO  server.RaftServer (RaftServerProxy.java:startImpl(406)) - 216a7f9c-aee1-4f98-a365-89228e2ed43b: start RPC server
2024-01-08 10:08:06,661 [216a7f9c-aee1-4f98-a365-89228e2ed43b-EndpointStateMachineTaskThread-/0.0.0.0:15002-0 ] INFO  server.GrpcService (GrpcService.java:startImpl(302)) - 216a7f9c-aee1-4f98-a365-89228e2ed43b: GrpcService started, listening on 15030
2024-01-08 10:08:06,663 [216a7f9c-aee1-4f98-a365-89228e2ed43b-EndpointStateMachineTaskThread-/0.0.0.0:15002-0 ] INFO  server.GrpcService (GrpcService.java:startImpl(302)) - 216a7f9c-aee1-4f98-a365-89228e2ed43b: GrpcService started, listening on 15032
2024-01-08 10:08:06,664 [216a7f9c-aee1-4f98-a365-89228e2ed43b-EndpointStateMachineTaskThread-/0.0.0.0:15002-0 ] INFO  server.GrpcService (GrpcService.java:startImpl(302)) - 216a7f9c-aee1-4f98-a365-89228e2ed43b: GrpcService started, listening on 15031
2024-01-08 10:08:06,667 [216a7f9c-aee1-4f98-a365-89228e2ed43b-EndpointStateMachineTaskThread-/0.0.0.0:15002-0 ] INFO  ratis.XceiverServerRatis (XceiverServerRatis.java:getRealPort(575)) - XceiverServerRatis 216a7f9c-aee1-4f98-a365-89228e2ed43b is started using port 15030 for RATIS
2024-01-08 10:08:06,667 [JvmPauseMonitor4] INFO  util.JvmPauseMonitor (JvmPauseMonitor.java:run(146)) - JvmPauseMonitor-216a7f9c-aee1-4f98-a365-89228e2ed43b: Started
2024-01-08 10:08:06,669 [216a7f9c-aee1-4f98-a365-89228e2ed43b-EndpointStateMachineTaskThread-/0.0.0.0:15002-0 ] INFO  ratis.XceiverServerRatis (XceiverServerRatis.java:getRealPort(575)) - XceiverServerRatis 216a7f9c-aee1-4f98-a365-89228e2ed43b is started using port 15031 for RATIS_ADMIN
2024-01-08 10:08:06,670 [216a7f9c-aee1-4f98-a365-89228e2ed43b-EndpointStateMachineTaskThread-/0.0.0.0:15002-0 ] INFO  ratis.XceiverServerRatis (XceiverServerRatis.java:getRealPort(575)) - XceiverServerRatis 216a7f9c-aee1-4f98-a365-89228e2ed43b is started using port 15032 for RATIS_SERVER
2024-01-08 10:08:06,670 [216a7f9c-aee1-4f98-a365-89228e2ed43b-EndpointStateMachineTaskThread-/0.0.0.0:15002-0 ] INFO  ratis.XceiverServerRatis (XceiverServerRatis.java:getRealPort(575)) - XceiverServerRatis 216a7f9c-aee1-4f98-a365-89228e2ed43b is started using port 15033 for RATIS_DATASTREAM
2024-01-08 10:08:06,674 [216a7f9c-aee1-4f98-a365-89228e2ed43b-BlockDeletingService#0] INFO  interfaces.ContainerDeletionChoosingPolicyTemplate (ContainerDeletionChoosingPolicyTemplate.java:chooseContainerForBlockDeletion(85)) - Chosen 0/5000 blocks from 0 candidate containers.
2024-01-08 10:08:07,628 [Mini-Cluster-Provider-Create] INFO  ozone.MiniOzoneClusterImpl (MiniOzoneClusterImpl.java:lambda$waitForClusterToBeReady$0(230)) - Waiting for nodes to be ready. Got 0 of 3 DN Heartbeats.
2024-01-08 10:08:07,628 [Mini-Cluster-Provider-Create] INFO  ozone.MiniOzoneClusterImpl (MiniOzoneClusterImpl.java:lambda$waitForClusterToBeReady$0(233)) - Waiting for cluster to exit safe mode
2024-01-08 10:08:07,628 [Mini-Cluster-Provider-Create] INFO  ozone.MiniOzoneClusterImpl (MiniOzoneClusterImpl.java:lambda$waitForClusterToBeReady$0(235)) - SCM became leader
2024-01-08 10:08:08,425 [IPC Server handler 0 on default port 15002] INFO  net.NetworkTopologyImpl (NetworkTopologyImpl.java:add(124)) - Added a new node: /default-rack/b5f002a5-35f0-4e5a-a46f-90a89988a4c4
2024-01-08 10:08:08,429 [IPC Server handler 0 on default port 15002] INFO  node.SCMNodeManager (SCMNodeManager.java:register(417)) - Registered datanode: b5f002a5-35f0-4e5a-a46f-90a89988a4c4{ip: 10.1.0.19, host: fv-az1117-812.frmogvfxo1lepnjzqgguis2xib.cx.internal.cloudapp.net, ports: [HTTP=15009, CLIENT_RPC=15010, REPLICATION=15016, RATIS=15012, RATIS_ADMIN=15013, RATIS_SERVER=15014, RATIS_DATASTREAM=15015, STANDALONE=15011], networkLocation: /default-rack, certSerialId: null, persistedOpState: null, persistedOpStateExpiryEpochSec: 0}
2024-01-08 10:08:08,431 [EventQueue-NewNodeForNewNodeHandler] INFO  pipeline.BackgroundPipelineCreator (BackgroundPipelineCreator.java:notifyEventTriggered(280)) - trigger a one-shot run on RatisPipelineUtilsThread.
2024-01-08 10:08:08,436 [EventQueue-NodeRegistrationContainerReportForContainerSafeModeRule] INFO  safemode.SCMSafeModeManager (SCMSafeModeManager.java:validateSafeModeExitRules(200)) - ContainerSafeModeRule rule is successfully validated
2024-01-08 10:08:08,437 [EventQueue-PipelineReportForOneReplicaPipelineSafeModeRule] INFO  safemode.SCMSafeModeManager (SCMSafeModeManager.java:validateSafeModeExitRules(200)) - AtleastOneDatanodeReportedRule rule is successfully validated
2024-01-08 10:08:08,438 [RatisPipelineUtilsThread-0] INFO  pipeline.RatisPipelineProvider (RatisPipelineProvider.java:lambda$create$0(206)) - Sending CreatePipelineCommand for pipeline:PipelineID=99fbbfd3-cdd8-4020-a2f1-d7a10cdb4dbc to datanode:b5f002a5-35f0-4e5a-a46f-90a89988a4c4
2024-01-08 10:08:08,440 [EventQueue-NodeRegistrationContainerReportForDataNodeSafeModeRule] INFO  safemode.SCMSafeModeManager (DataNodeSafeModeRule.java:process(71)) - SCM in safe mode. 1 DataNodes registered, 3 required.
2024-01-08 10:08:08,447 [RatisPipelineUtilsThread-0] INFO  pipeline.BackgroundPipelineCreator (BackgroundPipelineCreator.java:createPipelines(236)) - Created new pipeline Pipeline[ Id: 99fbbfd3-cdd8-4020-a2f1-d7a10cdb4dbc, Nodes: b5f002a5-35f0-4e5a-a46f-90a89988a4c4(fv-az1117-812.frmogvfxo1lepnjzqgguis2xib.cx.internal.cloudapp.net/10.1.0.19), ReplicationConfig: RATIS/ONE, State:ALLOCATED, leaderId:, CreationTimestamp2024-01-08T10:08:08.437Z[Etc/UTC]]
2024-01-08 10:08:08,531 [IPC Server handler 1 on default port 15002] INFO  net.NetworkTopologyImpl (NetworkTopologyImpl.java:add(124)) - Added a new node: /default-rack/bba1c53a-a6f8-4b7f-a0a1-8d65da7b011f
2024-01-08 10:08:08,532 [IPC Server handler 1 on default port 15002] INFO  node.SCMNodeManager (SCMNodeManager.java:register(417)) - Registered datanode: bba1c53a-a6f8-4b7f-a0a1-8d65da7b011f{ip: 10.1.0.19, host: fv-az1117-812.frmogvfxo1lepnjzqgguis2xib.cx.internal.cloudapp.net, ports: [HTTP=15018, CLIENT_RPC=15019, REPLICATION=15025, RATIS=15021, RATIS_ADMIN=15022, RATIS_SERVER=15023, RATIS_DATASTREAM=15024, STANDALONE=15020], networkLocation: /default-rack, certSerialId: null, persistedOpState: null, persistedOpStateExpiryEpochSec: 0}
2024-01-08 10:08:08,532 [EventQueue-NodeRegistrationContainerReportForDataNodeSafeModeRule] INFO  safemode.SCMSafeModeManager (DataNodeSafeModeRule.java:process(71)) - SCM in safe mode. 2 DataNodes registered, 3 required.
2024-01-08 10:08:08,532 [EventQueue-NewNodeForNewNodeHandler] INFO  pipeline.BackgroundPipelineCreator (BackgroundPipelineCreator.java:notifyEventTriggered(280)) - trigger a one-shot run on RatisPipelineUtilsThread.
2024-01-08 10:08:08,533 [RatisPipelineUtilsThread-0] INFO  pipeline.RatisPipelineProvider (RatisPipelineProvider.java:lambda$create$0(206)) - Sending CreatePipelineCommand for pipeline:PipelineID=528ea7b7-540c-4010-99d0-1c1f45ab4df4 to datanode:bba1c53a-a6f8-4b7f-a0a1-8d65da7b011f
2024-01-08 10:08:08,534 [RatisPipelineUtilsThread-0] INFO  pipeline.BackgroundPipelineCreator (BackgroundPipelineCreator.java:createPipelines(236)) - Created new pipeline Pipeline[ Id: 528ea7b7-540c-4010-99d0-1c1f45ab4df4, Nodes: bba1c53a-a6f8-4b7f-a0a1-8d65da7b011f(fv-az1117-812.frmogvfxo1lepnjzqgguis2xib.cx.internal.cloudapp.net/10.1.0.19), ReplicationConfig: RATIS/ONE, State:ALLOCATED, leaderId:, CreationTimestamp2024-01-08T10:08:08.533Z[Etc/UTC]]
2024-01-08 10:08:08,629 [Mini-Cluster-Provider-Create] INFO  ozone.MiniOzoneClusterImpl (MiniOzoneClusterImpl.java:lambda$waitForClusterToBeReady$0(230)) - Waiting for nodes to be ready. Got 2 of 3 DN Heartbeats.
2024-01-08 10:08:08,629 [Mini-Cluster-Provider-Create] INFO  ozone.MiniOzoneClusterImpl (MiniOzoneClusterImpl.java:lambda$waitForClusterToBeReady$0(233)) - Waiting for cluster to exit safe mode
2024-01-08 10:08:08,629 [Mini-Cluster-Provider-Create] INFO  ozone.MiniOzoneClusterImpl (MiniOzoneClusterImpl.java:lambda$waitForClusterToBeReady$0(235)) - SCM became leader
2024-01-08 10:08:08,629 [IPC Server handler 2 on default port 15002] INFO  net.NetworkTopologyImpl (NetworkTopologyImpl.java:add(124)) - Added a new node: /default-rack/216a7f9c-aee1-4f98-a365-89228e2ed43b
2024-01-08 10:08:08,629 [IPC Server handler 2 on default port 15002] INFO  node.SCMNodeManager (SCMNodeManager.java:register(417)) - Registered datanode: 216a7f9c-aee1-4f98-a365-89228e2ed43b{ip: 10.1.0.19, host: fv-az1117-812.frmogvfxo1lepnjzqgguis2xib.cx.internal.cloudapp.net, ports: [HTTP=15027, CLIENT_RPC=15028, REPLICATION=15034, RATIS=15030, RATIS_ADMIN=15031, RATIS_SERVER=15032, RATIS_DATASTREAM=15033, STANDALONE=15029], networkLocation: /default-rack, certSerialId: null, persistedOpState: null, persistedOpStateExpiryEpochSec: 0}
2024-01-08 10:08:08,629 [EventQueue-NewNodeForNewNodeHandler] INFO  pipeline.BackgroundPipelineCreator (BackgroundPipelineCreator.java:notifyEventTriggered(280)) - trigger a one-shot run on RatisPipelineUtilsThread.
2024-01-08 10:08:08,629 [EventQueue-NodeRegistrationContainerReportForDataNodeSafeModeRule] INFO  safemode.SCMSafeModeManager (DataNodeSafeModeRule.java:process(71)) - SCM in safe mode. 3 DataNodes registered, 3 required.
2024-01-08 10:08:08,630 [EventQueue-NodeRegistrationContainerReportForDataNodeSafeModeRule] INFO  safemode.SCMSafeModeManager (SCMSafeModeManager.java:validateSafeModeExitRules(200)) - DataNodeSafeModeRule rule is successfully validated
2024-01-08 10:08:08,630 [EventQueue-NodeRegistrationContainerReportForDataNodeSafeModeRule] INFO  safemode.SCMSafeModeManager (SCMSafeModeManager.java:completePreCheck(229)) - All SCM safe mode pre check rules have passed
2024-01-08 10:08:08,630 [EventQueue-NodeRegistrationContainerReportForDataNodeSafeModeRule] INFO  ha.SCMContext (SCMContext.java:updateSafeModeStatus(230)) - Update SafeModeStatus from SafeModeStatus{safeModeStatus=true, preCheckPassed=false} to SafeModeStatus{safeModeStatus=true, preCheckPassed=true}.
2024-01-08 10:08:08,630 [EventQueue-NodeRegistrationContainerReportForDataNodeSafeModeRule] INFO  pipeline.BackgroundPipelineCreator (BackgroundPipelineCreator.java:notifyEventTriggered(280)) - trigger a one-shot run on RatisPipelineUtilsThread.
2024-01-08 10:08:08,630 [RatisPipelineUtilsThread-0] INFO  pipeline.RatisPipelineProvider (RatisPipelineProvider.java:lambda$create$0(206)) - Sending CreatePipelineCommand for pipeline:PipelineID=4802fad3-661c-487f-be8c-00ee3b1420c0 to datanode:216a7f9c-aee1-4f98-a365-89228e2ed43b
2024-01-08 10:08:08,631 [RatisPipelineUtilsThread-0] INFO  pipeline.BackgroundPipelineCreator (BackgroundPipelineCreator.java:createPipelines(236)) - Created new pipeline Pipeline[ Id: 4802fad3-661c-487f-be8c-00ee3b1420c0, Nodes: 216a7f9c-aee1-4f98-a365-89228e2ed43b(fv-az1117-812.frmogvfxo1lepnjzqgguis2xib.cx.internal.cloudapp.net/10.1.0.19), ReplicationConfig: RATIS/ONE, State:ALLOCATED, leaderId:, CreationTimestamp2024-01-08T10:08:08.630Z[Etc/UTC]]
2024-01-08 10:08:08,634 [RatisPipelineUtilsThread-0] INFO  pipeline.RatisPipelineProvider (RatisPipelineProvider.java:lambda$create$0(206)) - Sending CreatePipelineCommand for pipeline:PipelineID=9d517986-09af-4c0d-8bf4-538e3b61f6e1 to datanode:216a7f9c-aee1-4f98-a365-89228e2ed43b
2024-01-08 10:08:08,634 [RatisPipelineUtilsThread-0] INFO  pipeline.RatisPipelineProvider (RatisPipelineProvider.java:lambda$create$0(206)) - Sending CreatePipelineCommand for pipeline:PipelineID=9d517986-09af-4c0d-8bf4-538e3b61f6e1 to datanode:bba1c53a-a6f8-4b7f-a0a1-8d65da7b011f
2024-01-08 10:08:08,634 [RatisPipelineUtilsThread-0] INFO  pipeline.RatisPipelineProvider (RatisPipelineProvider.java:lambda$create$0(206)) - Sending CreatePipelineCommand for pipeline:PipelineID=9d517986-09af-4c0d-8bf4-538e3b61f6e1 to datanode:b5f002a5-35f0-4e5a-a46f-90a89988a4c4
2024-01-08 10:08:08,636 [RatisPipelineUtilsThread-0] INFO  pipeline.BackgroundPipelineCreator (BackgroundPipelineCreator.java:createPipelines(236)) - Created new pipeline Pipeline[ Id: 9d517986-09af-4c0d-8bf4-538e3b61f6e1, Nodes: 216a7f9c-aee1-4f98-a365-89228e2ed43b(fv-az1117-812.frmogvfxo1lepnjzqgguis2xib.cx.internal.cloudapp.net/10.1.0.19)bba1c53a-a6f8-4b7f-a0a1-8d65da7b011f(fv-az1117-812.frmogvfxo1lepnjzqgguis2xib.cx.internal.cloudapp.net/10.1.0.19)b5f002a5-35f0-4e5a-a46f-90a89988a4c4(fv-az1117-812.frmogvfxo1lepnjzqgguis2xib.cx.internal.cloudapp.net/10.1.0.19), ReplicationConfig: RATIS/THREE, State:ALLOCATED, leaderId:, CreationTimestamp2024-01-08T10:08:08.634Z[Etc/UTC]]
2024-01-08 10:08:08,637 [RatisPipelineUtilsThread-0] INFO  pipeline.RatisPipelineProvider (RatisPipelineProvider.java:lambda$create$0(206)) - Sending CreatePipelineCommand for pipeline:PipelineID=0a199dab-98f4-47f6-a121-a5f7b5452d65 to datanode:bba1c53a-a6f8-4b7f-a0a1-8d65da7b011f
2024-01-08 10:08:08,637 [RatisPipelineUtilsThread-0] INFO  pipeline.RatisPipelineProvider (RatisPipelineProvider.java:lambda$create$0(206)) - Sending CreatePipelineCommand for pipeline:PipelineID=0a199dab-98f4-47f6-a121-a5f7b5452d65 to datanode:b5f002a5-35f0-4e5a-a46f-90a89988a4c4
2024-01-08 10:08:08,637 [RatisPipelineUtilsThread-0] INFO  pipeline.RatisPipelineProvider (RatisPipelineProvider.java:lambda$create$0(206)) - Sending CreatePipelineCommand for pipeline:PipelineID=0a199dab-98f4-47f6-a121-a5f7b5452d65 to datanode:216a7f9c-aee1-4f98-a365-89228e2ed43b
2024-01-08 10:08:08,639 [RatisPipelineUtilsThread-0] INFO  pipeline.PipelineManagerImpl (PipelineManagerImpl.java:recordMetricsForPipeline(916)) - Pipeline: PipelineID=0a199dab-98f4-47f6-a121-a5f7b5452d65 contains same datanodes as previous pipelines: PipelineID=9d517986-09af-4c0d-8bf4-538e3b61f6e1 nodeIds: bba1c53a-a6f8-4b7f-a0a1-8d65da7b011f, b5f002a5-35f0-4e5a-a46f-90a89988a4c4, 216a7f9c-aee1-4f98-a365-89228e2ed43b
2024-01-08 10:08:08,639 [RatisPipelineUtilsThread-0] INFO  pipeline.BackgroundPipelineCreator (BackgroundPipelineCreator.java:createPipelines(236)) - Created new pipeline Pipeline[ Id: 0a199dab-98f4-47f6-a121-a5f7b5452d65, Nodes: bba1c53a-a6f8-4b7f-a0a1-8d65da7b011f(fv-az1117-812.frmogvfxo1lepnjzqgguis2xib.cx.internal.cloudapp.net/10.1.0.19)b5f002a5-35f0-4e5a-a46f-90a89988a4c4(fv-az1117-812.frmogvfxo1lepnjzqgguis2xib.cx.internal.cloudapp.net/10.1.0.19)216a7f9c-aee1-4f98-a365-89228e2ed43b(fv-az1117-812.frmogvfxo1lepnjzqgguis2xib.cx.internal.cloudapp.net/10.1.0.19), ReplicationConfig: RATIS/THREE, State:ALLOCATED, leaderId:, CreationTimestamp2024-01-08T10:08:08.637Z[Etc/UTC]]
2024-01-08 10:08:09,629 [Mini-Cluster-Provider-Create] INFO  ozone.MiniOzoneClusterImpl (MiniOzoneClusterImpl.java:lambda$waitForClusterToBeReady$0(230)) - Nodes are ready. Got 3 of 3 DN Heartbeats.
2024-01-08 10:08:09,629 [Mini-Cluster-Provider-Create] INFO  ozone.MiniOzoneClusterImpl (MiniOzoneClusterImpl.java:lambda$waitForClusterToBeReady$0(233)) - Waiting for cluster to exit safe mode
2024-01-08 10:08:09,630 [Mini-Cluster-Provider-Create] INFO  ozone.MiniOzoneClusterImpl (MiniOzoneClusterImpl.java:lambda$waitForClusterToBeReady$0(235)) - SCM became leader
2024-01-08 10:08:10,630 [Mini-Cluster-Provider-Create] INFO  ozone.MiniOzoneClusterImpl (MiniOzoneClusterImpl.java:lambda$waitForClusterToBeReady$0(230)) - Nodes are ready. Got 3 of 3 DN Heartbeats.
2024-01-08 10:08:10,630 [Mini-Cluster-Provider-Create] INFO  ozone.MiniOzoneClusterImpl (MiniOzoneClusterImpl.java:lambda$waitForClusterToBeReady$0(233)) - Waiting for cluster to exit safe mode
2024-01-08 10:08:10,630 [Mini-Cluster-Provider-Create] INFO  ozone.MiniOzoneClusterImpl (MiniOzoneClusterImpl.java:lambda$waitForClusterToBeReady$0(235)) - SCM became leader
2024-01-08 10:08:11,424 [b5f002a5-35f0-4e5a-a46f-90a89988a4c4-PipelineCommandHandlerThread-0] INFO  server.RaftServer (RaftServerProxy.java:addNew(100)) - b5f002a5-35f0-4e5a-a46f-90a89988a4c4: addNew group-D7A10CDB4DBC:[b5f002a5-35f0-4e5a-a46f-90a89988a4c4|10.1.0.19:15014] returns group-D7A10CDB4DBC:java.util.concurrent.CompletableFuture@1e52966a[Not completed]
2024-01-08 10:08:11,430 [b5f002a5-35f0-4e5a-a46f-90a89988a4c4-groupManagement] INFO  server.RaftServer$Division (RaftServerImpl.java:<init>(256)) - b5f002a5-35f0-4e5a-a46f-90a89988a4c4: new RaftServerImpl for group-D7A10CDB4DBC:[b5f002a5-35f0-4e5a-a46f-90a89988a4c4|10.1.0.19:15014] with ContainerStateMachine:uninitialized
2024-01-08 10:08:11,430 [b5f002a5-35f0-4e5a-a46f-90a89988a4c4-groupManagement] INFO  server.RaftServerConfigKeys (ConfUtils.java:logGet(46)) - raft.server.rpc.timeout.min = 5s (custom)
2024-01-08 10:08:11,430 [b5f002a5-35f0-4e5a-a46f-90a89988a4c4-groupManagement] INFO  server.RaftServerConfigKeys (ConfUtils.java:logGet(46)) - raft.server.rpc.timeout.max = 5200ms (custom)
2024-01-08 10:08:11,431 [b5f002a5-35f0-4e5a-a46f-90a89988a4c4-groupManagement] INFO  server.RaftServerConfigKeys (ConfUtils.java:logGet(46)) - raft.server.rpc.sleep.time = 25ms (default)
2024-01-08 10:08:11,431 [b5f002a5-35f0-4e5a-a46f-90a89988a4c4-groupManagement] INFO  server.RaftServerConfigKeys (ConfUtils.java:logGet(46)) - raft.server.rpc.slowness.timeout = 300s (custom)
2024-01-08 10:08:11,431 [b5f002a5-35f0-4e5a-a46f-90a89988a4c4-groupManagement] INFO  server.RaftServerConfigKeys (ConfUtils.java:logGet(46)) - raft.server.leaderelection.leader.step-down.wait-time = 10s (default)
2024-01-08 10:08:11,431 [b5f002a5-35f0-4e5a-a46f-90a89988a4c4-groupManagement] INFO  server.RaftServerConfigKeys (ConfUtils.java:logGet(46)) - raft.server.leaderelection.member.majority-add = false (default)
2024-01-08 10:08:11,431 [b5f002a5-35f0-4e5a-a46f-90a89988a4c4-groupManagement] INFO  server.RaftServerConfigKeys (ConfUtils.java:logGet(46)) - raft.server.sleep.deviation.threshold = 300ms (default)
2024-01-08 10:08:11,431 [b5f002a5-35f0-4e5a-a46f-90a89988a4c4-groupManagement] INFO  server.RaftServer$Division (ServerState.java:<init>(113)) - b5f002a5-35f0-4e5a-a46f-90a89988a4c4@group-D7A10CDB4DBC: ConfigurationManager, init=-1: peers:[b5f002a5-35f0-4e5a-a46f-90a89988a4c4|10.1.0.19:15014]|listeners:[], old=null, confs=<EMPTY_MAP>
2024-01-08 10:08:11,431 [b5f002a5-35f0-4e5a-a46f-90a89988a4c4-groupManagement] INFO  server.RaftServerConfigKeys (ConfUtils.java:logGet(46)) - raft.server.notification.no-leader.timeout = 300s (custom)
2024-01-08 10:08:11,431 [b5f002a5-35f0-4e5a-a46f-90a89988a4c4-groupManagement] INFO  server.RaftServerConfigKeys (ConfUtils.java:logGet(46)) - raft.server.read.timeout = 10s (default)
2024-01-08 10:08:11,431 [b5f002a5-35f0-4e5a-a46f-90a89988a4c4-groupManagement] INFO  server.RaftServerConfigKeys (ConfUtils.java:logGet(46)) - raft.server.retrycache.expirytime = 600000ms (custom)
2024-01-08 10:08:11,432 [b5f002a5-35f0-4e5a-a46f-90a89988a4c4-groupManagement] INFO  server.RaftServerConfigKeys (ConfUtils.java:logGet(46)) - raft.server.retrycache.statistics.expirytime = 100ms (default)
2024-01-08 10:08:11,432 [b5f002a5-35f0-4e5a-a46f-90a89988a4c4-groupManagement] INFO  server.RaftServerConfigKeys (ConfUtils.java:logGet(46)) - raft.server.read.option = DEFAULT (default)
2024-01-08 10:08:11,432 [b5f002a5-35f0-4e5a-a46f-90a89988a4c4-groupManagement] INFO  server.RaftServerConfigKeys (ConfUtils.java:logGet(46)) - raft.server.read.read-after-write-consistent.write-index-cache.expiry-time = 60s (default)
2024-01-08 10:08:11,437 [b5f002a5-35f0-4e5a-a46f-90a89988a4c4-groupManagement] INFO  server.RaftServerConfigKeys (ConfUtils.java:logGet(46)) - raft.server.rpc.request.timeout = 60s (custom)
2024-01-08 10:08:11,437 [b5f002a5-35f0-4e5a-a46f-90a89988a4c4-groupManagement] INFO  server.RaftServerConfigKeys (ConfUtils.java:logGet(46)) - raft.server.log.appender.install.snapshot.enabled = false (custom)
2024-01-08 10:08:11,437 [b5f002a5-35f0-4e5a-a46f-90a89988a4c4-groupManagement] INFO  server.RaftServerConfigKeys (ConfUtils.java:logGet(46)) - raft.server.threadpool.server.cached = true (default)
2024-01-08 10:08:11,437 [b5f002a5-35f0-4e5a-a46f-90a89988a4c4-groupManagement] INFO  server.RaftServerConfigKeys (ConfUtils.java:logGet(46)) - raft.server.threadpool.server.size = 0 (default)
2024-01-08 10:08:11,437 [b5f002a5-35f0-4e5a-a46f-90a89988a4c4-groupManagement] INFO  server.RaftServerConfigKeys (ConfUtils.java:logGet(46)) - raft.server.threadpool.client.cached = true (default)
2024-01-08 10:08:11,437 [b5f002a5-35f0-4e5a-a46f-90a89988a4c4-groupManagement] INFO  server.RaftServerConfigKeys (ConfUtils.java:logGet(46)) - raft.server.threadpool.client.size = 0 (default)
2024-01-08 10:08:11,438 [b5f002a5-35f0-4e5a-a46f-90a89988a4c4-groupManagement] INFO  server.RaftServerConfigKeys (ConfUtils.java:logGet(46)) - raft.server.storage.free-space.min = 0MB (=0) (default)
2024-01-08 10:08:11,438 [b5f002a5-35f0-4e5a-a46f-90a89988a4c4-groupManagement] INFO  server.RaftServerConfigKeys (ConfUtils.java:logGet(46)) - raft.server.log.corruption.policy = EXCEPTION (default)
2024-01-08 10:08:11,438 [b5f002a5-35f0-4e5a-a46f-90a89988a4c4-groupManagement] INFO  server.RaftServerConfigKeys (ConfUtils.java:logGet(46)) - raft.server.storage.dir = [/home/runner/work/ozone/ozone/hadoop-ozone/integration-test/target/test-dir/MiniOzoneClusterImpl-d16d6234-9da8-43a0-bd28-723006ad2f80/datanode-0/data/ratis] (custom)
2024-01-08 10:08:11,438 [b5f002a5-35f0-4e5a-a46f-90a89988a4c4-groupManagement] INFO  storage.RaftStorageDirectory (RaftStorageDirectoryImpl.java:analyzeStorage(138)) - The storage directory /home/runner/work/ozone/ozone/hadoop-ozone/integration-test/target/test-dir/MiniOzoneClusterImpl-d16d6234-9da8-43a0-bd28-723006ad2f80/datanode-0/data/ratis/99fbbfd3-cdd8-4020-a2f1-d7a10cdb4dbc does not exist. Creating ...
2024-01-08 10:08:11,439 [b5f002a5-35f0-4e5a-a46f-90a89988a4c4-groupManagement] INFO  storage.RaftStorageDirectory (RaftStorageDirectoryImpl.java:tryLock(232)) - Lock on /home/runner/work/ozone/ozone/hadoop-ozone/integration-test/target/test-dir/MiniOzoneClusterImpl-d16d6234-9da8-43a0-bd28-723006ad2f80/datanode-0/data/ratis/99fbbfd3-cdd8-4020-a2f1-d7a10cdb4dbc/in_use.lock acquired by nodename 56297@fv-az1117-812
2024-01-08 10:08:11,440 [b5f002a5-35f0-4e5a-a46f-90a89988a4c4-groupManagement] INFO  storage.RaftStorage (RaftStorageImpl.java:format(97)) - Storage directory /home/runner/work/ozone/ozone/hadoop-ozone/integration-test/target/test-dir/MiniOzoneClusterImpl-d16d6234-9da8-43a0-bd28-723006ad2f80/datanode-0/data/ratis/99fbbfd3-cdd8-4020-a2f1-d7a10cdb4dbc has been successfully formatted.
2024-01-08 10:08:11,445 [b5f002a5-35f0-4e5a-a46f-90a89988a4c4-groupManagement] INFO  ratis.ContainerStateMachine (ContainerStateMachine.java:loadSnapshot(287)) - group-D7A10CDB4DBC: The snapshot info is null. Setting the last applied index to:(t:0, i:~)
2024-01-08 10:08:11,445 [b5f002a5-35f0-4e5a-a46f-90a89988a4c4-groupManagement] INFO  server.RaftServerConfigKeys (ConfUtils.java:logGet(46)) - raft.server.log.use.memory = false (default)
2024-01-08 10:08:11,445 [b5f002a5-35f0-4e5a-a46f-90a89988a4c4-groupManagement] INFO  server.RaftServerConfigKeys (ConfUtils.java:logGet(46)) - raft.server.log.purge.gap = 1000000 (custom)
2024-01-08 10:08:11,445 [b5f002a5-35f0-4e5a-a46f-90a89988a4c4-groupManagement] INFO  server.RaftServerConfigKeys (ConfUtils.java:logGet(46)) - raft.server.log.appender.buffer.byte-limit = 8388608 (custom)
2024-01-08 10:08:11,445 [b5f002a5-35f0-4e5a-a46f-90a89988a4c4-groupManagement] INFO  server.RaftServerConfigKeys (ConfUtils.java:logGet(46)) - raft.server.log.statemachine.data.read.timeout = 1000ms (default)
2024-01-08 10:08:11,445 [b5f002a5-35f0-4e5a-a46f-90a89988a4c4-groupManagement] INFO  server.RaftServerConfigKeys (ConfUtils.java:logGet(46)) - raft.server.log.purge.preservation.log.num = 0 (default)
2024-01-08 10:08:11,448 [b5f002a5-35f0-4e5a-a46f-90a89988a4c4-groupManagement] INFO  server.RaftServerConfigKeys (ConfUtils.java:logGet(46)) - raft.server.log.segment.size.max = 67108864 (custom)
2024-01-08 10:08:11,449 [b5f002a5-35f0-4e5a-a46f-90a89988a4c4-groupManagement] INFO  server.RaftServerConfigKeys (ConfUtils.java:logGet(46)) - raft.server.log.segment.cache.num.max = 2 (custom)
2024-01-08 10:08:11,449 [b5f002a5-35f0-4e5a-a46f-90a89988a4c4-groupManagement] INFO  server.RaftServerConfigKeys (ConfUtils.java:logGet(46)) - raft.server.log.segment.cache.size.max = 200MB (=209715200) (default)
2024-01-08 10:08:11,449 [b5f002a5-35f0-4e5a-a46f-90a89988a4c4-groupManagement] INFO  server.RaftServerConfigKeys (ConfUtils.java:logGet(46)) - raft.server.log.appender.buffer.byte-limit = 8388608 (custom)
2024-01-08 10:08:11,449 [b5f002a5-35f0-4e5a-a46f-90a89988a4c4-groupManagement] INFO  util.AwaitToRun (AwaitToRun.java:start(81)) - Thread[b5f002a5-35f0-4e5a-a46f-90a89988a4c4@group-D7A10CDB4DBC-cacheEviction-AwaitToRun,5,main] started
2024-01-08 10:08:11,449 [b5f002a5-35f0-4e5a-a46f-90a89988a4c4-groupManagement] INFO  segmented.SegmentedRaftLogWorker (SegmentedRaftLogWorker.java:<init>(184)) - new b5f002a5-35f0-4e5a-a46f-90a89988a4c4@group-D7A10CDB4DBC-SegmentedRaftLogWorker for RaftStorageImpl:Storage Directory /home/runner/work/ozone/ozone/hadoop-ozone/integration-test/target/test-dir/MiniOzoneClusterImpl-d16d6234-9da8-43a0-bd28-723006ad2f80/datanode-0/data/ratis/99fbbfd3-cdd8-4020-a2f1-d7a10cdb4dbc
2024-01-08 10:08:11,450 [b5f002a5-35f0-4e5a-a46f-90a89988a4c4-groupManagement] INFO  server.RaftServerConfigKeys (ConfUtils.java:logGet(46)) - raft.server.log.queue.byte-limit = 4294967296 (custom)
2024-01-08 10:08:11,450 [b5f002a5-35f0-4e5a-a46f-90a89988a4c4-groupManagement] INFO  server.RaftServerConfigKeys (ConfUtils.java:logGet(46)) - raft.server.log.queue.element-limit = 1024 (custom)
2024-01-08 10:08:11,450 [b5f002a5-35f0-4e5a-a46f-90a89988a4c4-groupManagement] INFO  server.RaftServerConfigKeys (ConfUtils.java:logGet(46)) - raft.server.log.segment.size.max = 67108864 (custom)
2024-01-08 10:08:11,450 [b5f002a5-35f0-4e5a-a46f-90a89988a4c4-groupManagement] INFO  server.RaftServerConfigKeys (ConfUtils.java:logGet(46)) - raft.server.log.preallocated.size = 4194304 (custom)
2024-01-08 10:08:11,450 [b5f002a5-35f0-4e5a-a46f-90a89988a4c4-groupManagement] INFO  server.RaftServerConfigKeys (ConfUtils.java:logGet(46)) - raft.server.log.force.sync.num = 128 (default)
2024-01-08 10:08:11,450 [b5f002a5-35f0-4e5a-a46f-90a89988a4c4-groupManagement] INFO  server.RaftServerConfigKeys (ConfUtils.java:logGet(46)) - raft.server.log.statemachine.data.sync = true (default)
2024-01-08 10:08:11,450 [b5f002a5-35f0-4e5a-a46f-90a89988a4c4-groupManagement] INFO  server.RaftServerConfigKeys (ConfUtils.java:logGet(46)) - raft.server.log.statemachine.data.sync.timeout = 10s (default)
2024-01-08 10:08:11,450 [b5f002a5-35f0-4e5a-a46f-90a89988a4c4-groupManagement] INFO  server.RaftServerConfigKeys (ConfUtils.java:logGet(46)) - raft.server.log.statemachine.data.sync.timeout.retry = 0 (custom)
2024-01-08 10:08:11,451 [b5f002a5-35f0-4e5a-a46f-90a89988a4c4-groupManagement] INFO  server.RaftServerConfigKeys (ConfUtils.java:logGet(46)) - raft.server.log.write.buffer.size = 8388616 (custom)
2024-01-08 10:08:11,453 [b5f002a5-35f0-4e5a-a46f-90a89988a4c4-groupManagement] INFO  server.RaftServerConfigKeys (ConfUtils.java:logGet(46)) - raft.server.log.appender.buffer.byte-limit = 8388608 (custom)
2024-01-08 10:08:11,453 [b5f002a5-35f0-4e5a-a46f-90a89988a4c4-groupManagement] INFO  server.RaftServerConfigKeys (ConfUtils.java:logGet(46)) - raft.server.log.unsafe-flush.enabled = false (default)
2024-01-08 10:08:11,453 [b5f002a5-35f0-4e5a-a46f-90a89988a4c4-groupManagement] INFO  server.RaftServerConfigKeys (ConfUtils.java:logGet(46)) - raft.server.log.async-flush.enabled = false (default)
2024-01-08 10:08:11,453 [b5f002a5-35f0-4e5a-a46f-90a89988a4c4-groupManagement] INFO  server.RaftServerConfigKeys (ConfUtils.java:logGet(46)) - raft.server.log.statemachine.data.caching.enabled = true (custom)
2024-01-08 10:08:11,454 [b5f002a5-35f0-4e5a-a46f-90a89988a4c4-groupManagement] INFO  segmented.SegmentedRaftLogWorker (SegmentedRaftLogWorker.java:lambda$new$0(135)) - b5f002a5-35f0-4e5a-a46f-90a89988a4c4@group-D7A10CDB4DBC-SegmentedRaftLogWorker: flushIndex: setUnconditionally 0 -> -1
2024-01-08 10:08:11,454 [b5f002a5-35f0-4e5a-a46f-90a89988a4c4-groupManagement] INFO  segmented.SegmentedRaftLogWorker (SegmentedRaftLogWorker.java:lambda$new$0(135)) - b5f002a5-35f0-4e5a-a46f-90a89988a4c4@group-D7A10CDB4DBC-SegmentedRaftLogWorker: safeCacheEvictIndex: setUnconditionally 0 -> -1
2024-01-08 10:08:11,454 [b5f002a5-35f0-4e5a-a46f-90a89988a4c4-groupManagement] INFO  server.RaftServer$Division (RaftServerImpl.java:start(392)) - b5f002a5-35f0-4e5a-a46f-90a89988a4c4@group-D7A10CDB4DBC: start as a follower, conf=-1: peers:[b5f002a5-35f0-4e5a-a46f-90a89988a4c4|10.1.0.19:15014]|listeners:[], old=null
2024-01-08 10:08:11,454 [b5f002a5-35f0-4e5a-a46f-90a89988a4c4-groupManagement] INFO  server.RaftServer$Division (RaftServerImpl.java:setRole(379)) - b5f002a5-35f0-4e5a-a46f-90a89988a4c4@group-D7A10CDB4DBC: changes role from      null to FOLLOWER at term 0 for startAsFollower
2024-01-08 10:08:11,454 [b5f002a5-35f0-4e5a-a46f-90a89988a4c4-groupManagement] INFO  impl.RoleInfo (RoleInfo.java:updateAndGet(139)) - b5f002a5-35f0-4e5a-a46f-90a89988a4c4: start b5f002a5-35f0-4e5a-a46f-90a89988a4c4@group-D7A10CDB4DBC-FollowerState
2024-01-08 10:08:11,459 [b5f002a5-35f0-4e5a-a46f-90a89988a4c4@group-D7A10CDB4DBC-FollowerState] INFO  server.RaftServerConfigKeys (ConfUtils.java:logFallback(53)) - raft.server.rpc.first-election.timeout.min = 5s (fallback to raft.server.rpc.timeout.min)
2024-01-08 10:08:11,459 [b5f002a5-35f0-4e5a-a46f-90a89988a4c4-groupManagement] INFO  util.JmxRegister (JmxRegister.java:tryRegister(44)) - Successfully registered JMX Bean with object name Ratis:service=RaftServer,group=group-D7A10CDB4DBC,id=b5f002a5-35f0-4e5a-a46f-90a89988a4c4
2024-01-08 10:08:11,459 [b5f002a5-35f0-4e5a-a46f-90a89988a4c4@group-D7A10CDB4DBC-FollowerState] INFO  server.RaftServerConfigKeys (ConfUtils.java:logFallback(53)) - raft.server.rpc.first-election.timeout.max = 5200ms (fallback to raft.server.rpc.timeout.max)
2024-01-08 10:08:11,459 [b5f002a5-35f0-4e5a-a46f-90a89988a4c4-groupManagement] INFO  server.RaftServerConfigKeys (ConfUtils.java:logGet(46)) - raft.server.snapshot.trigger-when-stop.enabled = true (default)
2024-01-08 10:08:11,459 [b5f002a5-35f0-4e5a-a46f-90a89988a4c4-groupManagement] INFO  server.RaftServerConfigKeys (ConfUtils.java:logGet(46)) - raft.server.snapshot.auto.trigger.enabled = true (custom)
2024-01-08 10:08:11,460 [b5f002a5-35f0-4e5a-a46f-90a89988a4c4-groupManagement] INFO  server.RaftServerConfigKeys (ConfUtils.java:logGet(46)) - raft.server.snapshot.auto.trigger.threshold = 10000 (custom)
2024-01-08 10:08:11,460 [b5f002a5-35f0-4e5a-a46f-90a89988a4c4-groupManagement] INFO  server.RaftServerConfigKeys (ConfUtils.java:logGet(46)) - raft.server.snapshot.retention.file.num = 5 (custom)
2024-01-08 10:08:11,460 [b5f002a5-35f0-4e5a-a46f-90a89988a4c4-groupManagement] INFO  server.RaftServerConfigKeys (ConfUtils.java:logGet(46)) - raft.server.log.purge.upto.snapshot.index = false (default)
2024-01-08 10:08:11,462 [EventQueue-PipelineReportForPipelineReportHandler] INFO  pipeline.PipelineReportHandler (PipelineReportHandler.java:processPipelineReport(136)) - Opened pipeline PipelineID=99fbbfd3-cdd8-4020-a2f1-d7a10cdb4dbc
2024-01-08 10:08:11,463 [EventQueue-OpenPipelineForHealthyPipelineSafeModeRule] INFO  safemode.SCMSafeModeManager (HealthyPipelineSafeModeRule.java:process(140)) - SCM in safe mode. Healthy pipelines reported count is 0, required healthy pipeline reported count is 1
2024-01-08 10:08:11,468 [b5f002a5-35f0-4e5a-a46f-90a89988a4c4-PipelineCommandHandlerThread-0] INFO  ratis.XceiverServerRatis (XceiverServerRatis.java:addGroup(842)) - Created group PipelineID=99fbbfd3-cdd8-4020-a2f1-d7a10cdb4dbc
2024-01-08 10:08:11,468 [b5f002a5-35f0-4e5a-a46f-90a89988a4c4-PipelineCommandHandlerThread-0] INFO  commandhandler.CreatePipelineCommandHandler (CreatePipelineCommandHandler.java:lambda$handle$2(124)) - Created Pipeline RATIS ONE PipelineID=99fbbfd3-cdd8-4020-a2f1-d7a10cdb4dbc.
2024-01-08 10:08:11,468 [b5f002a5-35f0-4e5a-a46f-90a89988a4c4-PipelineCommandHandlerThread-0] INFO  server.RaftServer (RaftServerProxy.java:addNew(100)) - b5f002a5-35f0-4e5a-a46f-90a89988a4c4: addNew group-538E3B61F6E1:[b5f002a5-35f0-4e5a-a46f-90a89988a4c4|10.1.0.19:15014, 216a7f9c-aee1-4f98-a365-89228e2ed43b|10.1.0.19:15032, bba1c53a-a6f8-4b7f-a0a1-8d65da7b011f|10.1.0.19:15023] returns group-538E3B61F6E1:java.util.concurrent.CompletableFuture@3350c895[Not completed]
2024-01-08 10:08:11,470 [b5f002a5-35f0-4e5a-a46f-90a89988a4c4-groupManagement] INFO  server.RaftServer$Division (RaftServerImpl.java:<init>(256)) - b5f002a5-35f0-4e5a-a46f-90a89988a4c4: new RaftServerImpl for group-538E3B61F6E1:[b5f002a5-35f0-4e5a-a46f-90a89988a4c4|10.1.0.19:15014, 216a7f9c-aee1-4f98-a365-89228e2ed43b|10.1.0.19:15032, bba1c53a-a6f8-4b7f-a0a1-8d65da7b011f|10.1.0.19:15023] with ContainerStateMachine:uninitialized
2024-01-08 10:08:11,470 [b5f002a5-35f0-4e5a-a46f-90a89988a4c4-groupManagement] INFO  server.RaftServerConfigKeys (ConfUtils.java:logGet(46)) - raft.server.rpc.timeout.min = 5s (custom)
2024-01-08 10:08:11,470 [b5f002a5-35f0-4e5a-a46f-90a89988a4c4-groupManagement] INFO  server.RaftServerConfigKeys (ConfUtils.java:logGet(46)) - raft.server.rpc.timeout.max = 5200ms (custom)
2024-01-08 10:08:11,470 [b5f002a5-35f0-4e5a-a46f-90a89988a4c4-groupManagement] INFO  server.RaftServerConfigKeys (ConfUtils.java:logGet(46)) - raft.server.rpc.sleep.time = 25ms (default)
2024-01-08 10:08:11,470 [b5f002a5-35f0-4e5a-a46f-90a89988a4c4-groupManagement] INFO  server.RaftServerConfigKeys (ConfUtils.java:logGet(46)) - raft.server.rpc.slowness.timeout = 300s (custom)
2024-01-08 10:08:11,471 [b5f002a5-35f0-4e5a-a46f-90a89988a4c4-groupManagement] INFO  server.RaftServerConfigKeys (ConfUtils.java:logGet(46)) - raft.server.leaderelection.leader.step-down.wait-time = 10s (default)
2024-01-08 10:08:11,471 [b5f002a5-35f0-4e5a-a46f-90a89988a4c4-groupManagement] INFO  server.RaftServerConfigKeys (ConfUtils.java:logGet(46)) - raft.server.leaderelection.member.majority-add = false (default)
2024-01-08 10:08:11,471 [b5f002a5-35f0-4e5a-a46f-90a89988a4c4-groupManagement] INFO  server.RaftServerConfigKeys (ConfUtils.java:logGet(46)) - raft.server.sleep.deviation.threshold = 300ms (default)
2024-01-08 10:08:11,471 [b5f002a5-35f0-4e5a-a46f-90a89988a4c4-groupManagement] INFO  server.RaftServer$Division (ServerState.java:<init>(113)) - b5f002a5-35f0-4e5a-a46f-90a89988a4c4@group-538E3B61F6E1: ConfigurationManager, init=-1: peers:[b5f002a5-35f0-4e5a-a46f-90a89988a4c4|10.1.0.19:15014, 216a7f9c-aee1-4f98-a365-89228e2ed43b|10.1.0.19:15032, bba1c53a-a6f8-4b7f-a0a1-8d65da7b011f|10.1.0.19:15023]|listeners:[], old=null, confs=<EMPTY_MAP>
2024-01-08 10:08:11,471 [b5f002a5-35f0-4e5a-a46f-90a89988a4c4-groupManagement] INFO  server.RaftServerConfigKeys (ConfUtils.java:logGet(46)) - raft.server.notification.no-leader.timeout = 300s (custom)
2024-01-08 10:08:11,471 [b5f002a5-35f0-4e5a-a46f-90a89988a4c4-groupManagement] INFO  server.RaftServerConfigKeys (ConfUtils.java:logGet(46)) - raft.server.read.timeout = 10s (default)
2024-01-08 10:08:11,471 [b5f002a5-35f0-4e5a-a46f-90a89988a4c4-groupManagement] INFO  server.RaftServerConfigKeys (ConfUtils.java:logGet(46)) - raft.server.retrycache.expirytime = 600000ms (custom)
2024-01-08 10:08:11,471 [b5f002a5-35f0-4e5a-a46f-90a89988a4c4-groupManagement] INFO  server.RaftServerConfigKeys (ConfUtils.java:logGet(46)) - raft.server.retrycache.statistics.expirytime = 100ms (default)
2024-01-08 10:08:11,472 [b5f002a5-35f0-4e5a-a46f-90a89988a4c4-groupManagement] INFO  server.RaftServerConfigKeys (ConfUtils.java:logGet(46)) - raft.server.read.option = DEFAULT (default)
2024-01-08 10:08:11,472 [b5f002a5-35f0-4e5a-a46f-90a89988a4c4-groupManagement] INFO  server.RaftServerConfigKeys (ConfUtils.java:logGet(46)) - raft.server.read.read-after-write-consistent.write-index-cache.expiry-time = 60s (default)
2024-01-08 10:08:11,479 [b5f002a5-35f0-4e5a-a46f-90a89988a4c4-groupManagement] INFO  server.RaftServerConfigKeys (ConfUtils.java:logGet(46)) - raft.server.rpc.request.timeout = 60s (custom)
2024-01-08 10:08:11,479 [b5f002a5-35f0-4e5a-a46f-90a89988a4c4-groupManagement] INFO  server.RaftServerConfigKeys (ConfUtils.java:logGet(46)) - raft.server.log.appender.install.snapshot.enabled = false (custom)
2024-01-08 10:08:11,480 [b5f002a5-35f0-4e5a-a46f-90a89988a4c4-groupManagement] INFO  server.RaftServerConfigKeys (ConfUtils.java:logGet(46)) - raft.server.threadpool.server.cached = true (default)
2024-01-08 10:08:11,480 [b5f002a5-35f0-4e5a-a46f-90a89988a4c4-groupManagement] INFO  server.RaftServerConfigKeys (ConfUtils.java:logGet(46)) - raft.server.threadpool.server.size = 0 (default)
2024-01-08 10:08:11,480 [b5f002a5-35f0-4e5a-a46f-90a89988a4c4-groupManagement] INFO  server.RaftServerConfigKeys (ConfUtils.java:logGet(46)) - raft.server.threadpool.client.cached = true (default)
2024-01-08 10:08:11,480 [b5f002a5-35f0-4e5a-a46f-90a89988a4c4-groupManagement] INFO  server.RaftServerConfigKeys (ConfUtils.java:logGet(46)) - raft.server.threadpool.client.size = 0 (default)
2024-01-08 10:08:11,480 [b5f002a5-35f0-4e5a-a46f-90a89988a4c4-groupManagement] INFO  server.RaftServerConfigKeys (ConfUtils.java:logGet(46)) - raft.server.storage.free-space.min = 0MB (=0) (default)
2024-01-08 10:08:11,480 [b5f002a5-35f0-4e5a-a46f-90a89988a4c4-groupManagement] INFO  server.RaftServerConfigKeys (ConfUtils.java:logGet(46)) - raft.server.log.corruption.policy = EXCEPTION (default)
2024-01-08 10:08:11,480 [b5f002a5-35f0-4e5a-a46f-90a89988a4c4-groupManagement] INFO  server.RaftServerConfigKeys (ConfUtils.java:logGet(46)) - raft.server.storage.dir = [/home/runner/work/ozone/ozone/hadoop-ozone/integration-test/target/test-dir/MiniOzoneClusterImpl-d16d6234-9da8-43a0-bd28-723006ad2f80/datanode-0/data/ratis] (custom)
2024-01-08 10:08:11,480 [b5f002a5-35f0-4e5a-a46f-90a89988a4c4-groupManagement] INFO  storage.RaftStorageDirectory (RaftStorageDirectoryImpl.java:analyzeStorage(138)) - The storage directory /home/runner/work/ozone/ozone/hadoop-ozone/integration-test/target/test-dir/MiniOzoneClusterImpl-d16d6234-9da8-43a0-bd28-723006ad2f80/datanode-0/data/ratis/9d517986-09af-4c0d-8bf4-538e3b61f6e1 does not exist. Creating ...
2024-01-08 10:08:11,481 [b5f002a5-35f0-4e5a-a46f-90a89988a4c4-groupManagement] INFO  storage.RaftStorageDirectory (RaftStorageDirectoryImpl.java:tryLock(232)) - Lock on /home/runner/work/ozone/ozone/hadoop-ozone/integration-test/target/test-dir/MiniOzoneClusterImpl-d16d6234-9da8-43a0-bd28-723006ad2f80/datanode-0/data/ratis/9d517986-09af-4c0d-8bf4-538e3b61f6e1/in_use.lock acquired by nodename 56297@fv-az1117-812
2024-01-08 10:08:11,482 [b5f002a5-35f0-4e5a-a46f-90a89988a4c4-groupManagement] INFO  storage.RaftStorage (RaftStorageImpl.java:format(97)) - Storage directory /home/runner/work/ozone/ozone/hadoop-ozone/integration-test/target/test-dir/MiniOzoneClusterImpl-d16d6234-9da8-43a0-bd28-723006ad2f80/datanode-0/data/ratis/9d517986-09af-4c0d-8bf4-538e3b61f6e1 has been successfully formatted.
2024-01-08 10:08:11,483 [b5f002a5-35f0-4e5a-a46f-90a89988a4c4-groupManagement] INFO  ratis.ContainerStateMachine (ContainerStateMachine.java:loadSnapshot(287)) - group-538E3B61F6E1: The snapshot info is null. Setting the last applied index to:(t:0, i:~)
2024-01-08 10:08:11,483 [b5f002a5-35f0-4e5a-a46f-90a89988a4c4-groupManagement] INFO  server.RaftServerConfigKeys (ConfUtils.java:logGet(46)) - raft.server.log.use.memory = false (default)
2024-01-08 10:08:11,484 [b5f002a5-35f0-4e5a-a46f-90a89988a4c4-groupManagement] INFO  server.RaftServerConfigKeys (ConfUtils.java:logGet(46)) - raft.server.log.purge.gap = 1000000 (custom)
2024-01-08 10:08:11,484 [b5f002a5-35f0-4e5a-a46f-90a89988a4c4-groupManagement] INFO  server.RaftServerConfigKeys (ConfUtils.java:logGet(46)) - raft.server.log.appender.buffer.byte-limit = 8388608 (custom)
2024-01-08 10:08:11,484 [b5f002a5-35f0-4e5a-a46f-90a89988a4c4-groupManagement] INFO  server.RaftServerConfigKeys (ConfUtils.java:logGet(46)) - raft.server.log.statemachine.data.read.timeout = 1000ms (default)
2024-01-08 10:08:11,484 [b5f002a5-35f0-4e5a-a46f-90a89988a4c4-groupManagement] INFO  server.RaftServerConfigKeys (ConfUtils.java:logGet(46)) - raft.server.log.purge.preservation.log.num = 0 (default)
2024-01-08 10:08:11,485 [EventQueue-OpenPipelineForHealthyPipelineSafeModeRule] INFO  safemode.SCMSafeModeManager (HealthyPipelineSafeModeRule.java:process(140)) - SCM in safe mode. Healthy pipelines reported count is 0, required healthy pipeline reported count is 1
2024-01-08 10:08:11,487 [b5f002a5-35f0-4e5a-a46f-90a89988a4c4-groupManagement] INFO  server.RaftServerConfigKeys (ConfUtils.java:logGet(46)) - raft.server.log.segment.size.max = 67108864 (custom)
2024-01-08 10:08:11,488 [b5f002a5-35f0-4e5a-a46f-90a89988a4c4-groupManagement] INFO  server.RaftServerConfigKeys (ConfUtils.java:logGet(46)) - raft.server.log.segment.cache.num.max = 2 (custom)
2024-01-08 10:08:11,488 [b5f002a5-35f0-4e5a-a46f-90a89988a4c4-groupManagement] INFO  server.RaftServerConfigKeys (ConfUtils.java:logGet(46)) - raft.server.log.segment.cache.size.max = 200MB (=209715200) (default)
2024-01-08 10:08:11,488 [b5f002a5-35f0-4e5a-a46f-90a89988a4c4-groupManagement] INFO  server.RaftServerConfigKeys (ConfUtils.java:logGet(46)) - raft.server.log.appender.buffer.byte-limit = 8388608 (custom)
2024-01-08 10:08:11,488 [b5f002a5-35f0-4e5a-a46f-90a89988a4c4-groupManagement] INFO  util.AwaitToRun (AwaitToRun.java:start(81)) - Thread[b5f002a5-35f0-4e5a-a46f-90a89988a4c4@group-538E3B61F6E1-cacheEviction-AwaitToRun,5,main] started
2024-01-08 10:08:11,488 [b5f002a5-35f0-4e5a-a46f-90a89988a4c4-groupManagement] INFO  segmented.SegmentedRaftLogWorker (SegmentedRaftLogWorker.java:<init>(184)) - new b5f002a5-35f0-4e5a-a46f-90a89988a4c4@group-538E3B61F6E1-SegmentedRaftLogWorker for RaftStorageImpl:Storage Directory /home/runner/work/ozone/ozone/hadoop-ozone/integration-test/target/test-dir/MiniOzoneClusterImpl-d16d6234-9da8-43a0-bd28-723006ad2f80/datanode-0/data/ratis/9d517986-09af-4c0d-8bf4-538e3b61f6e1
2024-01-08 10:08:11,488 [b5f002a5-35f0-4e5a-a46f-90a89988a4c4-groupManagement] INFO  server.RaftServerConfigKeys (ConfUtils.java:logGet(46)) - raft.server.log.queue.byte-limit = 4294967296 (custom)
2024-01-08 10:08:11,489 [b5f002a5-35f0-4e5a-a46f-90a89988a4c4-groupManagement] INFO  server.RaftServerConfigKeys (ConfUtils.java:logGet(46)) - raft.server.log.queue.element-limit = 1024 (custom)
2024-01-08 10:08:11,489 [b5f002a5-35f0-4e5a-a46f-90a89988a4c4-groupManagement] INFO  server.RaftServerConfigKeys (ConfUtils.java:logGet(46)) - raft.server.log.segment.size.max = 67108864 (custom)
2024-01-08 10:08:11,489 [b5f002a5-35f0-4e5a-a46f-90a89988a4c4-groupManagement] INFO  server.RaftServerConfigKeys (ConfUtils.java:logGet(46)) - raft.server.log.preallocated.size = 4194304 (custom)
2024-01-08 10:08:11,489 [b5f002a5-35f0-4e5a-a46f-90a89988a4c4-groupManagement] INFO  server.RaftServerConfigKeys (ConfUtils.java:logGet(46)) - raft.server.log.force.sync.num = 128 (default)
2024-01-08 10:08:11,489 [b5f002a5-35f0-4e5a-a46f-90a89988a4c4-groupManagement] INFO  server.RaftServerConfigKeys (ConfUtils.java:logGet(46)) - raft.server.log.statemachine.data.sync = true (default)
2024-01-08 10:08:11,489 [b5f002a5-35f0-4e5a-a46f-90a89988a4c4-groupManagement] INFO  server.RaftServerConfigKeys (ConfUtils.java:logGet(46)) - raft.server.log.statemachine.data.sync.timeout = 10s (default)
2024-01-08 10:08:11,489 [b5f002a5-35f0-4e5a-a46f-90a89988a4c4-groupManagement] INFO  server.RaftServerConfigKeys (ConfUtils.java:logGet(46)) - raft.server.log.statemachine.data.sync.timeout.retry = 0 (custom)
2024-01-08 10:08:11,490 [b5f002a5-35f0-4e5a-a46f-90a89988a4c4-groupManagement] INFO  server.RaftServerConfigKeys (ConfUtils.java:logGet(46)) - raft.server.log.write.buffer.size = 8388616 (custom)
2024-01-08 10:08:11,492 [b5f002a5-35f0-4e5a-a46f-90a89988a4c4-groupManagement] INFO  server.RaftServerConfigKeys (ConfUtils.java:logGet(46)) - raft.server.log.appender.buffer.byte-limit = 8388608 (custom)
2024-01-08 10:08:11,493 [b5f002a5-35f0-4e5a-a46f-90a89988a4c4-groupManagement] INFO  server.RaftServerConfigKeys (ConfUtils.java:logGet(46)) - raft.server.log.unsafe-flush.enabled = false (default)
2024-01-08 10:08:11,493 [b5f002a5-35f0-4e5a-a46f-90a89988a4c4-groupManagement] INFO  server.RaftServerConfigKeys (ConfUtils.java:logGet(46)) - raft.server.log.async-flush.enabled = false (default)
2024-01-08 10:08:11,493 [b5f002a5-35f0-4e5a-a46f-90a89988a4c4-groupManagement] INFO  server.RaftServerConfigKeys (ConfUtils.java:logGet(46)) - raft.server.log.statemachine.data.caching.enabled = true (custom)
2024-01-08 10:08:11,493 [b5f002a5-35f0-4e5a-a46f-90a89988a4c4-groupManagement] INFO  segmented.SegmentedRaftLogWorker (SegmentedRaftLogWorker.java:lambda$new$0(135)) - b5f002a5-35f0-4e5a-a46f-90a89988a4c4@group-538E3B61F6E1-SegmentedRaftLogWorker: flushIndex: setUnconditionally 0 -> -1
2024-01-08 10:08:11,493 [b5f002a5-35f0-4e5a-a46f-90a89988a4c4-groupManagement] INFO  segmented.SegmentedRaftLogWorker (SegmentedRaftLogWorker.java:lambda$new$0(135)) - b5f002a5-35f0-4e5a-a46f-90a89988a4c4@group-538E3B61F6E1-SegmentedRaftLogWorker: safeCacheEvictIndex: setUnconditionally 0 -> -1
2024-01-08 10:08:11,495 [b5f002a5-35f0-4e5a-a46f-90a89988a4c4-groupManagement] INFO  server.RaftServer$Division (RaftServerImpl.java:start(392)) - b5f002a5-35f0-4e5a-a46f-90a89988a4c4@group-538E3B61F6E1: start as a follower, conf=-1: peers:[b5f002a5-35f0-4e5a-a46f-90a89988a4c4|10.1.0.19:15014, 216a7f9c-aee1-4f98-a365-89228e2ed43b|10.1.0.19:15032, bba1c53a-a6f8-4b7f-a0a1-8d65da7b011f|10.1.0.19:15023]|listeners:[], old=null
2024-01-08 10:08:11,495 [b5f002a5-35f0-4e5a-a46f-90a89988a4c4-groupManagement] INFO  server.RaftServer$Division (RaftServerImpl.java:setRole(379)) - b5f002a5-35f0-4e5a-a46f-90a89988a4c4@group-538E3B61F6E1: changes role from      null to FOLLOWER at term 0 for startAsFollower
2024-01-08 10:08:11,495 [b5f002a5-35f0-4e5a-a46f-90a89988a4c4-groupManagement] INFO  impl.RoleInfo (RoleInfo.java:updateAndGet(139)) - b5f002a5-35f0-4e5a-a46f-90a89988a4c4: start b5f002a5-35f0-4e5a-a46f-90a89988a4c4@group-538E3B61F6E1-FollowerState
2024-01-08 10:08:11,499 [b5f002a5-35f0-4e5a-a46f-90a89988a4c4@group-538E3B61F6E1-FollowerState] INFO  server.RaftServerConfigKeys (ConfUtils.java:logFallback(53)) - raft.server.rpc.first-election.timeout.min = 5s (fallback to raft.server.rpc.timeout.min)
2024-01-08 10:08:11,499 [b5f002a5-35f0-4e5a-a46f-90a89988a4c4@group-538E3B61F6E1-FollowerState] INFO  server.RaftServerConfigKeys (ConfUtils.java:logFallback(53)) - raft.server.rpc.first-election.timeout.max = 5200ms (fallback to raft.server.rpc.timeout.max)
2024-01-08 10:08:11,499 [b5f002a5-35f0-4e5a-a46f-90a89988a4c4-groupManagement] INFO  util.JmxRegister (JmxRegister.java:tryRegister(44)) - Successfully registered JMX Bean with object name Ratis:service=RaftServer,group=group-538E3B61F6E1,id=b5f002a5-35f0-4e5a-a46f-90a89988a4c4
2024-01-08 10:08:11,499 [b5f002a5-35f0-4e5a-a46f-90a89988a4c4-groupManagement] INFO  server.RaftServerConfigKeys (ConfUtils.java:logGet(46)) - raft.server.snapshot.trigger-when-stop.enabled = true (default)
2024-01-08 10:08:11,499 [b5f002a5-35f0-4e5a-a46f-90a89988a4c4-groupManagement] INFO  server.RaftServerConfigKeys (ConfUtils.java:logGet(46)) - raft.server.snapshot.auto.trigger.enabled = true (custom)
2024-01-08 10:08:11,500 [b5f002a5-35f0-4e5a-a46f-90a89988a4c4-groupManagement] INFO  server.RaftServerConfigKeys (ConfUtils.java:logGet(46)) - raft.server.snapshot.auto.trigger.threshold = 10000 (custom)
2024-01-08 10:08:11,500 [b5f002a5-35f0-4e5a-a46f-90a89988a4c4-groupManagement] INFO  server.RaftServerConfigKeys (ConfUtils.java:logGet(46)) - raft.server.snapshot.retention.file.num = 5 (custom)
2024-01-08 10:08:11,500 [b5f002a5-35f0-4e5a-a46f-90a89988a4c4-groupManagement] INFO  server.RaftServerConfigKeys (ConfUtils.java:logGet(46)) - raft.server.log.purge.upto.snapshot.index = false (default)
2024-01-08 10:08:11,503 [b5f002a5-35f0-4e5a-a46f-90a89988a4c4-PipelineCommandHandlerThread-0] INFO  ratis.XceiverServerRatis (XceiverServerRatis.java:addGroup(842)) - Created group PipelineID=9d517986-09af-4c0d-8bf4-538e3b61f6e1
2024-01-08 10:08:11,548 [bba1c53a-a6f8-4b7f-a0a1-8d65da7b011f-PipelineCommandHandlerThread-0] INFO  server.RaftServer (RaftServerProxy.java:addNew(100)) - bba1c53a-a6f8-4b7f-a0a1-8d65da7b011f: addNew group-1C1F45AB4DF4:[bba1c53a-a6f8-4b7f-a0a1-8d65da7b011f|10.1.0.19:15023] returns group-1C1F45AB4DF4:java.util.concurrent.CompletableFuture@7465df4d[Not completed]
2024-01-08 10:08:11,589 [bba1c53a-a6f8-4b7f-a0a1-8d65da7b011f-groupManagement] INFO  server.RaftServer$Division (RaftServerImpl.java:<init>(256)) - bba1c53a-a6f8-4b7f-a0a1-8d65da7b011f: new RaftServerImpl for group-1C1F45AB4DF4:[bba1c53a-a6f8-4b7f-a0a1-8d65da7b011f|10.1.0.19:15023] with ContainerStateMachine:uninitialized
2024-01-08 10:08:11,589 [bba1c53a-a6f8-4b7f-a0a1-8d65da7b011f-groupManagement] INFO  server.RaftServerConfigKeys (ConfUtils.java:logGet(46)) - raft.server.rpc.timeout.min = 5s (custom)
2024-01-08 10:08:11,589 [bba1c53a-a6f8-4b7f-a0a1-8d65da7b011f-groupManagement] INFO  server.RaftServerConfigKeys (ConfUtils.java:logGet(46)) - raft.server.rpc.timeout.max = 5200ms (custom)
2024-01-08 10:08:11,591 [bba1c53a-a6f8-4b7f-a0a1-8d65da7b011f-groupManagement] INFO  server.RaftServerConfigKeys (ConfUtils.java:logGet(46)) - raft.server.rpc.sleep.time = 25ms (default)
2024-01-08 10:08:11,591 [bba1c53a-a6f8-4b7f-a0a1-8d65da7b011f-groupManagement] INFO  server.RaftServerConfigKeys (ConfUtils.java:logGet(46)) - raft.server.rpc.slowness.timeout = 300s (custom)
2024-01-08 10:08:11,591 [bba1c53a-a6f8-4b7f-a0a1-8d65da7b011f-groupManagement] INFO  server.RaftServerConfigKeys (ConfUtils.java:logGet(46)) - raft.server.leaderelection.leader.step-down.wait-time = 10s (default)
2024-01-08 10:08:11,591 [bba1c53a-a6f8-4b7f-a0a1-8d65da7b011f-groupManagement] INFO  server.RaftServerConfigKeys (ConfUtils.java:logGet(46)) - raft.server.leaderelection.member.majority-add = false (default)
2024-01-08 10:08:11,591 [bba1c53a-a6f8-4b7f-a0a1-8d65da7b011f-groupManagement] INFO  server.RaftServerConfigKeys (ConfUtils.java:logGet(46)) - raft.server.sleep.deviation.threshold = 300ms (default)
2024-01-08 10:08:11,592 [bba1c53a-a6f8-4b7f-a0a1-8d65da7b011f-groupManagement] INFO  server.RaftServer$Division (ServerState.java:<init>(113)) - bba1c53a-a6f8-4b7f-a0a1-8d65da7b011f@group-1C1F45AB4DF4: ConfigurationManager, init=-1: peers:[bba1c53a-a6f8-4b7f-a0a1-8d65da7b011f|10.1.0.19:15023]|listeners:[], old=null, confs=<EMPTY_MAP>
2024-01-08 10:08:11,592 [bba1c53a-a6f8-4b7f-a0a1-8d65da7b011f-groupManagement] INFO  server.RaftServerConfigKeys (ConfUtils.java:logGet(46)) - raft.server.notification.no-leader.timeout = 300s (custom)
2024-01-08 10:08:11,592 [bba1c53a-a6f8-4b7f-a0a1-8d65da7b011f-groupManagement] INFO  server.RaftServerConfigKeys (ConfUtils.java:logGet(46)) - raft.server.read.timeout = 10s (default)
2024-01-08 10:08:11,592 [bba1c53a-a6f8-4b7f-a0a1-8d65da7b011f-groupManagement] INFO  server.RaftServerConfigKeys (ConfUtils.java:logGet(46)) - raft.server.retrycache.expirytime = 600000ms (custom)
2024-01-08 10:08:11,592 [bba1c53a-a6f8-4b7f-a0a1-8d65da7b011f-groupManagement] INFO  server.RaftServerConfigKeys (ConfUtils.java:logGet(46)) - raft.server.retrycache.statistics.expirytime = 100ms (default)
2024-01-08 10:08:11,592 [bba1c53a-a6f8-4b7f-a0a1-8d65da7b011f-groupManagement] INFO  server.RaftServerConfigKeys (ConfUtils.java:logGet(46)) - raft.server.read.option = DEFAULT (default)
2024-01-08 10:08:11,592 [bba1c53a-a6f8-4b7f-a0a1-8d65da7b011f-groupManagement] INFO  server.RaftServerConfigKeys (ConfUtils.java:logGet(46)) - raft.server.read.read-after-write-consistent.write-index-cache.expiry-time = 60s (default)
2024-01-08 10:08:11,603 [bba1c53a-a6f8-4b7f-a0a1-8d65da7b011f-groupManagement] INFO  server.RaftServerConfigKeys (ConfUtils.java:logGet(46)) - raft.server.rpc.request.timeout = 60s (custom)
2024-01-08 10:08:11,603 [bba1c53a-a6f8-4b7f-a0a1-8d65da7b011f-groupManagement] INFO  server.RaftServerConfigKeys (ConfUtils.java:logGet(46)) - raft.server.log.appender.install.snapshot.enabled = false (custom)
2024-01-08 10:08:11,603 [bba1c53a-a6f8-4b7f-a0a1-8d65da7b011f-groupManagement] INFO  server.RaftServerConfigKeys (ConfUtils.java:logGet(46)) - raft.server.threadpool.server.cached = true (default)
2024-01-08 10:08:11,603 [bba1c53a-a6f8-4b7f-a0a1-8d65da7b011f-groupManagement] INFO  server.RaftServerConfigKeys (ConfUtils.java:logGet(46)) - raft.server.threadpool.server.size = 0 (default)
2024-01-08 10:08:11,603 [bba1c53a-a6f8-4b7f-a0a1-8d65da7b011f-groupManagement] INFO  server.RaftServerConfigKeys (ConfUtils.java:logGet(46)) - raft.server.threadpool.client.cached = true (default)
2024-01-08 10:08:11,603 [bba1c53a-a6f8-4b7f-a0a1-8d65da7b011f-groupManagement] INFO  server.RaftServerConfigKeys (ConfUtils.java:logGet(46)) - raft.server.threadpool.client.size = 0 (default)
2024-01-08 10:08:11,604 [bba1c53a-a6f8-4b7f-a0a1-8d65da7b011f-groupManagement] INFO  server.RaftServerConfigKeys (ConfUtils.java:logGet(46)) - raft.server.storage.free-space.min = 0MB (=0) (default)
2024-01-08 10:08:11,604 [bba1c53a-a6f8-4b7f-a0a1-8d65da7b011f-groupManagement] INFO  server.RaftServerConfigKeys (ConfUtils.java:logGet(46)) - raft.server.log.corruption.policy = EXCEPTION (default)
2024-01-08 10:08:11,604 [bba1c53a-a6f8-4b7f-a0a1-8d65da7b011f-groupManagement] INFO  server.RaftServerConfigKeys (ConfUtils.java:logGet(46)) - raft.server.storage.dir = [/home/runner/work/ozone/ozone/hadoop-ozone/integration-test/target/test-dir/MiniOzoneClusterImpl-d16d6234-9da8-43a0-bd28-723006ad2f80/datanode-1/data/ratis] (custom)
2024-01-08 10:08:11,604 [bba1c53a-a6f8-4b7f-a0a1-8d65da7b011f-groupManagement] INFO  storage.RaftStorageDirectory (RaftStorageDirectoryImpl.java:analyzeStorage(138)) - The storage directory /home/runner/work/ozone/ozone/hadoop-ozone/integration-test/target/test-dir/MiniOzoneClusterImpl-d16d6234-9da8-43a0-bd28-723006ad2f80/datanode-1/data/ratis/528ea7b7-540c-4010-99d0-1c1f45ab4df4 does not exist. Creating ...
2024-01-08 10:08:11,606 [bba1c53a-a6f8-4b7f-a0a1-8d65da7b011f-groupManagement] INFO  storage.RaftStorageDirectory (RaftStorageDirectoryImpl.java:tryLock(232)) - Lock on /home/runner/work/ozone/ozone/hadoop-ozone/integration-test/target/test-dir/MiniOzoneClusterImpl-d16d6234-9da8-43a0-bd28-723006ad2f80/datanode-1/data/ratis/528ea7b7-540c-4010-99d0-1c1f45ab4df4/in_use.lock acquired by nodename 56297@fv-az1117-812
2024-01-08 10:08:11,609 [bba1c53a-a6f8-4b7f-a0a1-8d65da7b011f-groupManagement] INFO  storage.RaftStorage (RaftStorageImpl.java:format(97)) - Storage directory /home/runner/work/ozone/ozone/hadoop-ozone/integration-test/target/test-dir/MiniOzoneClusterImpl-d16d6234-9da8-43a0-bd28-723006ad2f80/datanode-1/data/ratis/528ea7b7-540c-4010-99d0-1c1f45ab4df4 has been successfully formatted.
2024-01-08 10:08:11,611 [bba1c53a-a6f8-4b7f-a0a1-8d65da7b011f-groupManagement] INFO  ratis.ContainerStateMachine (ContainerStateMachine.java:loadSnapshot(287)) - group-1C1F45AB4DF4: The snapshot info is null. Setting the last applied index to:(t:0, i:~)
2024-01-08 10:08:11,611 [bba1c53a-a6f8-4b7f-a0a1-8d65da7b011f-groupManagement] INFO  server.RaftServerConfigKeys (ConfUtils.java:logGet(46)) - raft.server.log.use.memory = false (default)
2024-01-08 10:08:11,611 [bba1c53a-a6f8-4b7f-a0a1-8d65da7b011f-groupManagement] INFO  server.RaftServerConfigKeys (ConfUtils.java:logGet(46)) - raft.server.log.purge.gap = 1000000 (custom)
2024-01-08 10:08:11,611 [bba1c53a-a6f8-4b7f-a0a1-8d65da7b011f-groupManagement] INFO  server.RaftServerConfigKeys (ConfUtils.java:logGet(46)) - raft.server.log.appender.buffer.byte-limit = 8388608 (custom)
2024-01-08 10:08:11,612 [bba1c53a-a6f8-4b7f-a0a1-8d65da7b011f-groupManagement] INFO  server.RaftServerConfigKeys (ConfUtils.java:logGet(46)) - raft.server.log.statemachine.data.read.timeout = 1000ms (default)
2024-01-08 10:08:11,612 [bba1c53a-a6f8-4b7f-a0a1-8d65da7b011f-groupManagement] INFO  server.RaftServerConfigKeys (ConfUtils.java:logGet(46)) - raft.server.log.purge.preservation.log.num = 0 (default)
2024-01-08 10:08:11,613 [bba1c53a-a6f8-4b7f-a0a1-8d65da7b011f-groupManagement] INFO  server.RaftServerConfigKeys (ConfUtils.java:logGet(46)) - raft.server.log.segment.size.max = 67108864 (custom)
2024-01-08 10:08:11,614 [bba1c53a-a6f8-4b7f-a0a1-8d65da7b011f-groupManagement] INFO  server.RaftServerConfigKeys (ConfUtils.java:logGet(46)) - raft.server.log.segment.cache.num.max = 2 (custom)
2024-01-08 10:08:11,614 [bba1c53a-a6f8-4b7f-a0a1-8d65da7b011f-groupManagement] INFO  server.RaftServerConfigKeys (ConfUtils.java:logGet(46)) - raft.server.log.segment.cache.size.max = 200MB (=209715200) (default)
2024-01-08 10:08:11,615 [bba1c53a-a6f8-4b7f-a0a1-8d65da7b011f-groupManagement] INFO  server.RaftServerConfigKeys (ConfUtils.java:logGet(46)) - raft.server.log.appender.buffer.byte-limit = 8388608 (custom)
2024-01-08 10:08:11,619 [bba1c53a-a6f8-4b7f-a0a1-8d65da7b011f-groupManagement] INFO  util.AwaitToRun (AwaitToRun.java:start(81)) - Thread[bba1c53a-a6f8-4b7f-a0a1-8d65da7b011f@group-1C1F45AB4DF4-cacheEviction-AwaitToRun,5,main] started
2024-01-08 10:08:11,620 [bba1c53a-a6f8-4b7f-a0a1-8d65da7b011f-groupManagement] INFO  segmented.SegmentedRaftLogWorker (SegmentedRaftLogWorker.java:<init>(184)) - new bba1c53a-a6f8-4b7f-a0a1-8d65da7b011f@group-1C1F45AB4DF4-SegmentedRaftLogWorker for RaftStorageImpl:Storage Directory /home/runner/work/ozone/ozone/hadoop-ozone/integration-test/target/test-dir/MiniOzoneClusterImpl-d16d6234-9da8-43a0-bd28-723006ad2f80/datanode-1/data/ratis/528ea7b7-540c-4010-99d0-1c1f45ab4df4
2024-01-08 10:08:11,620 [bba1c53a-a6f8-4b7f-a0a1-8d65da7b011f-groupManagement] INFO  server.RaftServerConfigKeys (ConfUtils.java:logGet(46)) - raft.server.log.queue.byte-limit = 4294967296 (custom)
2024-01-08 10:08:11,620 [bba1c53a-a6f8-4b7f-a0a1-8d65da7b011f-groupManagement] INFO  server.RaftServerConfigKeys (ConfUtils.java:logGet(46)) - raft.server.log.queue.element-limit = 1024 (custom)
2024-01-08 10:08:11,621 [bba1c53a-a6f8-4b7f-a0a1-8d65da7b011f-groupManagement] INFO  server.RaftServerConfigKeys (ConfUtils.java:logGet(46)) - raft.server.log.segment.size.max = 67108864 (custom)
2024-01-08 10:08:11,621 [bba1c53a-a6f8-4b7f-a0a1-8d65da7b011f-groupManagement] INFO  server.RaftServerConfigKeys (ConfUtils.java:logGet(46)) - raft.server.log.preallocated.size = 4194304 (custom)
2024-01-08 10:08:11,621 [bba1c53a-a6f8-4b7f-a0a1-8d65da7b011f-groupManagement] INFO  server.RaftServerConfigKeys (ConfUtils.java:logGet(46)) - raft.server.log.force.sync.num = 128 (default)
2024-01-08 10:08:11,622 [bba1c53a-a6f8-4b7f-a0a1-8d65da7b011f-groupManagement] INFO  server.RaftServerConfigKeys (ConfUtils.java:logGet(46)) - raft.server.log.statemachine.data.sync = true (default)
2024-01-08 10:08:11,622 [bba1c53a-a6f8-4b7f-a0a1-8d65da7b011f-groupManagement] INFO  server.RaftServerConfigKeys (ConfUtils.java:logGet(46)) - raft.server.log.statemachine.data.sync.timeout = 10s (default)
2024-01-08 10:08:11,622 [bba1c53a-a6f8-4b7f-a0a1-8d65da7b011f-groupManagement] INFO  server.RaftServerConfigKeys (ConfUtils.java:logGet(46)) - raft.server.log.statemachine.data.sync.timeout.retry = 0 (custom)
2024-01-08 10:08:11,623 [bba1c53a-a6f8-4b7f-a0a1-8d65da7b011f-groupManagement] INFO  server.RaftServerConfigKeys (ConfUtils.java:logGet(46)) - raft.server.log.write.buffer.size = 8388616 (custom)
2024-01-08 10:08:11,625 [bba1c53a-a6f8-4b7f-a0a1-8d65da7b011f-groupManagement] INFO  server.RaftServerConfigKeys (ConfUtils.java:logGet(46)) - raft.server.log.appender.buffer.byte-limit = 8388608 (custom)
2024-01-08 10:08:11,626 [bba1c53a-a6f8-4b7f-a0a1-8d65da7b011f-groupManagement] INFO  server.RaftServerConfigKeys (ConfUtils.java:logGet(46)) - raft.server.log.unsafe-flush.enabled = false (default)
2024-01-08 10:08:11,626 [bba1c53a-a6f8-4b7f-a0a1-8d65da7b011f-groupManagement] INFO  server.RaftServerConfigKeys (ConfUtils.java:logGet(46)) - raft.server.log.async-flush.enabled = false (default)
2024-01-08 10:08:11,627 [bba1c53a-a6f8-4b7f-a0a1-8d65da7b011f-groupManagement] INFO  server.RaftServerConfigKeys (ConfUtils.java:logGet(46)) - raft.server.log.statemachine.data.caching.enabled = true (custom)
2024-01-08 10:08:11,627 [bba1c53a-a6f8-4b7f-a0a1-8d65da7b011f-groupManagement] INFO  segmented.SegmentedRaftLogWorker (SegmentedRaftLogWorker.java:lambda$new$0(135)) - bba1c53a-a6f8-4b7f-a0a1-8d65da7b011f@group-1C1F45AB4DF4-SegmentedRaftLogWorker: flushIndex: setUnconditionally 0 -> -1
2024-01-08 10:08:11,627 [bba1c53a-a6f8-4b7f-a0a1-8d65da7b011f-groupManagement] INFO  segmented.SegmentedRaftLogWorker (SegmentedRaftLogWorker.java:lambda$new$0(135)) - bba1c53a-a6f8-4b7f-a0a1-8d65da7b011f@group-1C1F45AB4DF4-SegmentedRaftLogWorker: safeCacheEvictIndex: setUnconditionally 0 -> -1
2024-01-08 10:08:11,630 [Mini-Cluster-Provider-Create] INFO  ozone.MiniOzoneClusterImpl (MiniOzoneClusterImpl.java:lambda$waitForClusterToBeReady$0(230)) - Nodes are ready. Got 3 of 3 DN Heartbeats.
2024-01-08 10:08:11,630 [Mini-Cluster-Provider-Create] INFO  ozone.MiniOzoneClusterImpl (MiniOzoneClusterImpl.java:lambda$waitForClusterToBeReady$0(233)) - Waiting for cluster to exit safe mode
2024-01-08 10:08:11,630 [Mini-Cluster-Provider-Create] INFO  ozone.MiniOzoneClusterImpl (MiniOzoneClusterImpl.java:lambda$waitForClusterToBeReady$0(235)) - SCM became leader
2024-01-08 10:08:11,634 [216a7f9c-aee1-4f98-a365-89228e2ed43b-PipelineCommandHandlerThread-0] INFO  server.RaftServer (RaftServerProxy.java:addNew(100)) - 216a7f9c-aee1-4f98-a365-89228e2ed43b: addNew group-00EE3B1420C0:[216a7f9c-aee1-4f98-a365-89228e2ed43b|10.1.0.19:15032] returns group-00EE3B1420C0:java.util.concurrent.CompletableFuture@8433a1a[Not completed]
2024-01-08 10:08:11,634 [bba1c53a-a6f8-4b7f-a0a1-8d65da7b011f-groupManagement] INFO  server.RaftServer$Division (RaftServerImpl.java:start(392)) - bba1c53a-a6f8-4b7f-a0a1-8d65da7b011f@group-1C1F45AB4DF4: start as a follower, conf=-1: peers:[bba1c53a-a6f8-4b7f-a0a1-8d65da7b011f|10.1.0.19:15023]|listeners:[], old=null
2024-01-08 10:08:11,634 [bba1c53a-a6f8-4b7f-a0a1-8d65da7b011f-groupManagement] INFO  server.RaftServer$Division (RaftServerImpl.java:setRole(379)) - bba1c53a-a6f8-4b7f-a0a1-8d65da7b011f@group-1C1F45AB4DF4: changes role from      null to FOLLOWER at term 0 for startAsFollower
2024-01-08 10:08:11,634 [bba1c53a-a6f8-4b7f-a0a1-8d65da7b011f-groupManagement] INFO  impl.RoleInfo (RoleInfo.java:updateAndGet(139)) - bba1c53a-a6f8-4b7f-a0a1-8d65da7b011f: start bba1c53a-a6f8-4b7f-a0a1-8d65da7b011f@group-1C1F45AB4DF4-FollowerState
2024-01-08 10:08:11,634 [bba1c53a-a6f8-4b7f-a0a1-8d65da7b011f-groupManagement] INFO  util.JmxRegister (JmxRegister.java:tryRegister(44)) - Successfully registered JMX Bean with object name Ratis:service=RaftServer,group=group-1C1F45AB4DF4,id=bba1c53a-a6f8-4b7f-a0a1-8d65da7b011f
2024-01-08 10:08:11,635 [bba1c53a-a6f8-4b7f-a0a1-8d65da7b011f-groupManagement] INFO  server.RaftServerConfigKeys (ConfUtils.java:logGet(46)) - raft.server.snapshot.trigger-when-stop.enabled = true (default)
2024-01-08 10:08:11,635 [bba1c53a-a6f8-4b7f-a0a1-8d65da7b011f-groupManagement] INFO  server.RaftServerConfigKeys (ConfUtils.java:logGet(46)) - raft.server.snapshot.auto.trigger.enabled = true (custom)
2024-01-08 10:08:11,635 [bba1c53a-a6f8-4b7f-a0a1-8d65da7b011f-groupManagement] INFO  server.RaftServerConfigKeys (ConfUtils.java:logGet(46)) - raft.server.snapshot.auto.trigger.threshold = 10000 (custom)
2024-01-08 10:08:11,636 [bba1c53a-a6f8-4b7f-a0a1-8d65da7b011f-groupManagement] INFO  server.RaftServerConfigKeys (ConfUtils.java:logGet(46)) - raft.server.snapshot.retention.file.num = 5 (custom)
2024-01-08 10:08:11,636 [bba1c53a-a6f8-4b7f-a0a1-8d65da7b011f-groupManagement] INFO  server.RaftServerConfigKeys (ConfUtils.java:logGet(46)) - raft.server.log.purge.upto.snapshot.index = false (default)
2024-01-08 10:08:11,636 [bba1c53a-a6f8-4b7f-a0a1-8d65da7b011f-PipelineCommandHandlerThread-0] INFO  ratis.XceiverServerRatis (XceiverServerRatis.java:addGroup(842)) - Created group PipelineID=528ea7b7-540c-4010-99d0-1c1f45ab4df4
2024-01-08 10:08:11,636 [bba1c53a-a6f8-4b7f-a0a1-8d65da7b011f@group-1C1F45AB4DF4-FollowerState] INFO  server.RaftServerConfigKeys (ConfUtils.java:logFallback(53)) - raft.server.rpc.first-election.timeout.min = 5s (fallback to raft.server.rpc.timeout.min)
2024-01-08 10:08:11,636 [bba1c53a-a6f8-4b7f-a0a1-8d65da7b011f-PipelineCommandHandlerThread-0] INFO  commandhandler.CreatePipelineCommandHandler (CreatePipelineCommandHandler.java:lambda$handle$2(124)) - Created Pipeline RATIS ONE PipelineID=528ea7b7-540c-4010-99d0-1c1f45ab4df4.
2024-01-08 10:08:11,637 [bba1c53a-a6f8-4b7f-a0a1-8d65da7b011f-PipelineCommandHandlerThread-0] INFO  server.RaftServer (RaftServerProxy.java:addNew(100)) - bba1c53a-a6f8-4b7f-a0a1-8d65da7b011f: addNew group-538E3B61F6E1:[b5f002a5-35f0-4e5a-a46f-90a89988a4c4|10.1.0.19:15014, 216a7f9c-aee1-4f98-a365-89228e2ed43b|10.1.0.19:15032, bba1c53a-a6f8-4b7f-a0a1-8d65da7b011f|10.1.0.19:15023] returns group-538E3B61F6E1:java.util.concurrent.CompletableFuture@705a5519[Not completed]
2024-01-08 10:08:11,639 [bba1c53a-a6f8-4b7f-a0a1-8d65da7b011f-groupManagement] INFO  server.RaftServer$Division (RaftServerImpl.java:<init>(256)) - bba1c53a-a6f8-4b7f-a0a1-8d65da7b011f: new RaftServerImpl for group-538E3B61F6E1:[b5f002a5-35f0-4e5a-a46f-90a89988a4c4|10.1.0.19:15014, 216a7f9c-aee1-4f98-a365-89228e2ed43b|10.1.0.19:15032, bba1c53a-a6f8-4b7f-a0a1-8d65da7b011f|10.1.0.19:15023] with ContainerStateMachine:uninitialized
2024-01-08 10:08:11,639 [bba1c53a-a6f8-4b7f-a0a1-8d65da7b011f-groupManagement] INFO  server.RaftServerConfigKeys (ConfUtils.java:logGet(46)) - raft.server.rpc.timeout.min = 5s (custom)
2024-01-08 10:08:11,639 [bba1c53a-a6f8-4b7f-a0a1-8d65da7b011f-groupManagement] INFO  server.RaftServerConfigKeys (ConfUtils.java:logGet(46)) - raft.server.rpc.timeout.max = 5200ms (custom)
2024-01-08 10:08:11,639 [bba1c53a-a6f8-4b7f-a0a1-8d65da7b011f-groupManagement] INFO  server.RaftServerConfigKeys (ConfUtils.java:logGet(46)) - raft.server.rpc.sleep.time = 25ms (default)
2024-01-08 10:08:11,639 [bba1c53a-a6f8-4b7f-a0a1-8d65da7b011f-groupManagement] INFO  server.RaftServerConfigKeys (ConfUtils.java:logGet(46)) - raft.server.rpc.slowness.timeout = 300s (custom)
2024-01-08 10:08:11,639 [bba1c53a-a6f8-4b7f-a0a1-8d65da7b011f-groupManagement] INFO  server.RaftServerConfigKeys (ConfUtils.java:logGet(46)) - raft.server.leaderelection.leader.step-down.wait-time = 10s (default)
2024-01-08 10:08:11,639 [bba1c53a-a6f8-4b7f-a0a1-8d65da7b011f-groupManagement] INFO  server.RaftServerConfigKeys (ConfUtils.java:logGet(46)) - raft.server.leaderelection.member.majority-add = false (default)
2024-01-08 10:08:11,639 [bba1c53a-a6f8-4b7f-a0a1-8d65da7b011f-groupManagement] INFO  server.RaftServerConfigKeys (ConfUtils.java:logGet(46)) - raft.server.sleep.deviation.threshold = 300ms (default)
2024-01-08 10:08:11,639 [bba1c53a-a6f8-4b7f-a0a1-8d65da7b011f-groupManagement] INFO  server.RaftServer$Division (ServerState.java:<init>(113)) - bba1c53a-a6f8-4b7f-a0a1-8d65da7b011f@group-538E3B61F6E1: ConfigurationManager, init=-1: peers:[b5f002a5-35f0-4e5a-a46f-90a89988a4c4|10.1.0.19:15014, 216a7f9c-aee1-4f98-a365-89228e2ed43b|10.1.0.19:15032, bba1c53a-a6f8-4b7f-a0a1-8d65da7b011f|10.1.0.19:15023]|listeners:[], old=null, confs=<EMPTY_MAP>
2024-01-08 10:08:11,639 [bba1c53a-a6f8-4b7f-a0a1-8d65da7b011f-groupManagement] INFO  server.RaftServerConfigKeys (ConfUtils.java:logGet(46)) - raft.server.notification.no-leader.timeout = 300s (custom)
2024-01-08 10:08:11,639 [bba1c53a-a6f8-4b7f-a0a1-8d65da7b011f-groupManagement] INFO  server.RaftServerConfigKeys (ConfUtils.java:logGet(46)) - raft.server.read.timeout = 10s (default)
2024-01-08 10:08:11,640 [bba1c53a-a6f8-4b7f-a0a1-8d65da7b011f-groupManagement] INFO  server.RaftServerConfigKeys (ConfUtils.java:logGet(46)) - raft.server.retrycache.expirytime = 600000ms (custom)
2024-01-08 10:08:11,640 [bba1c53a-a6f8-4b7f-a0a1-8d65da7b011f-groupManagement] INFO  server.RaftServerConfigKeys (ConfUtils.java:logGet(46)) - raft.server.retrycache.statistics.expirytime = 100ms (default)
2024-01-08 10:08:11,640 [bba1c53a-a6f8-4b7f-a0a1-8d65da7b011f-groupManagement] INFO  server.RaftServerConfigKeys (ConfUtils.java:logGet(46)) - raft.server.read.option = DEFAULT (default)
2024-01-08 10:08:11,640 [bba1c53a-a6f8-4b7f-a0a1-8d65da7b011f-groupManagement] INFO  server.RaftServerConfigKeys (ConfUtils.java:logGet(46)) - raft.server.read.read-after-write-consistent.write-index-cache.expiry-time = 60s (default)
2024-01-08 10:08:11,642 [216a7f9c-aee1-4f98-a365-89228e2ed43b-groupManagement] INFO  server.RaftServer$Division (RaftServerImpl.java:<init>(256)) - 216a7f9c-aee1-4f98-a365-89228e2ed43b: new RaftServerImpl for group-00EE3B1420C0:[216a7f9c-aee1-4f98-a365-89228e2ed43b|10.1.0.19:15032] with ContainerStateMachine:uninitialized
2024-01-08 10:08:11,642 [216a7f9c-aee1-4f98-a365-89228e2ed43b-groupManagement] INFO  server.RaftServerConfigKeys (ConfUtils.java:logGet(46)) - raft.server.rpc.timeout.min = 5s (custom)
2024-01-08 10:08:11,642 [216a7f9c-aee1-4f98-a365-89228e2ed43b-groupManagement] INFO  server.RaftServerConfigKeys (ConfUtils.java:logGet(46)) - raft.server.rpc.timeout.max = 5200ms (custom)
2024-01-08 10:08:11,642 [216a7f9c-aee1-4f98-a365-89228e2ed43b-groupManagement] INFO  server.RaftServerConfigKeys (ConfUtils.java:logGet(46)) - raft.server.rpc.sleep.time = 25ms (default)
2024-01-08 10:08:11,642 [216a7f9c-aee1-4f98-a365-89228e2ed43b-groupManagement] INFO  server.RaftServerConfigKeys (ConfUtils.java:logGet(46)) - raft.server.rpc.slowness.timeout = 300s (custom)
2024-01-08 10:08:11,642 [216a7f9c-aee1-4f98-a365-89228e2ed43b-groupManagement] INFO  server.RaftServerConfigKeys (ConfUtils.java:logGet(46)) - raft.server.leaderelection.leader.step-down.wait-time = 10s (default)
2024-01-08 10:08:11,642 [216a7f9c-aee1-4f98-a365-89228e2ed43b-groupManagement] INFO  server.RaftServerConfigKeys (ConfUtils.java:logGet(46)) - raft.server.leaderelection.member.majority-add = false (default)
2024-01-08 10:08:11,642 [216a7f9c-aee1-4f98-a365-89228e2ed43b-groupManagement] INFO  server.RaftServerConfigKeys (ConfUtils.java:logGet(46)) - raft.server.sleep.deviation.threshold = 300ms (default)
2024-01-08 10:08:11,642 [216a7f9c-aee1-4f98-a365-89228e2ed43b-groupManagement] INFO  server.RaftServer$Division (ServerState.java:<init>(113)) - 216a7f9c-aee1-4f98-a365-89228e2ed43b@group-00EE3B1420C0: ConfigurationManager, init=-1: peers:[216a7f9c-aee1-4f98-a365-89228e2ed43b|10.1.0.19:15032]|listeners:[], old=null, confs=<EMPTY_MAP>
2024-01-08 10:08:11,642 [216a7f9c-aee1-4f98-a365-89228e2ed43b-groupManagement] INFO  server.RaftServerConfigKeys (ConfUtils.java:logGet(46)) - raft.server.notification.no-leader.timeout = 300s (custom)
2024-01-08 10:08:11,643 [216a7f9c-aee1-4f98-a365-89228e2ed43b-groupManagement] INFO  server.RaftServerConfigKeys (ConfUtils.java:logGet(46)) - raft.server.read.timeout = 10s (default)
2024-01-08 10:08:11,643 [216a7f9c-aee1-4f98-a365-89228e2ed43b-groupManagement] INFO  server.RaftServerConfigKeys (ConfUtils.java:logGet(46)) - raft.server.retrycache.expirytime = 600000ms (custom)
2024-01-08 10:08:11,643 [216a7f9c-aee1-4f98-a365-89228e2ed43b-groupManagement] INFO  server.RaftServerConfigKeys (ConfUtils.java:logGet(46)) - raft.server.retrycache.statistics.expirytime = 100ms (default)
2024-01-08 10:08:11,643 [216a7f9c-aee1-4f98-a365-89228e2ed43b-groupManagement] INFO  server.RaftServerConfigKeys (ConfUtils.java:logGet(46)) - raft.server.read.option = DEFAULT (default)
2024-01-08 10:08:11,643 [216a7f9c-aee1-4f98-a365-89228e2ed43b-groupManagement] INFO  server.RaftServerConfigKeys (ConfUtils.java:logGet(46)) - raft.server.read.read-after-write-consistent.write-index-cache.expiry-time = 60s (default)
2024-01-08 10:08:11,645 [EventQueue-PipelineReportForPipelineReportHandler] INFO  pipeline.PipelineReportHandler (PipelineReportHandler.java:processPipelineReport(136)) - Opened pipeline PipelineID=528ea7b7-540c-4010-99d0-1c1f45ab4df4
2024-01-08 10:08:11,645 [EventQueue-OpenPipelineForHealthyPipelineSafeModeRule] INFO  safemode.SCMSafeModeManager (HealthyPipelineSafeModeRule.java:process(140)) - SCM in safe mode. Healthy pipelines reported count is 0, required healthy pipeline reported count is 1
2024-01-08 10:08:11,645 [bba1c53a-a6f8-4b7f-a0a1-8d65da7b011f@group-1C1F45AB4DF4-FollowerState] INFO  server.RaftServerConfigKeys (ConfUtils.java:logFallback(53)) - raft.server.rpc.first-election.timeout.max = 5200ms (fallback to raft.server.rpc.timeout.max)
2024-01-08 10:08:11,652 [bba1c53a-a6f8-4b7f-a0a1-8d65da7b011f-groupManagement] INFO  server.RaftServerConfigKeys (ConfUtils.java:logGet(46)) - raft.server.rpc.request.timeout = 60s (custom)
2024-01-08 10:08:11,652 [bba1c53a-a6f8-4b7f-a0a1-8d65da7b011f-groupManagement] INFO  server.RaftServerConfigKeys (ConfUtils.java:logGet(46)) - raft.server.log.appender.install.snapshot.enabled = false (custom)
2024-01-08 10:08:11,652 [bba1c53a-a6f8-4b7f-a0a1-8d65da7b011f-groupManagement] INFO  server.RaftServerConfigKeys (ConfUtils.java:logGet(46)) - raft.server.threadpool.server.cached = true (default)
2024-01-08 10:08:11,652 [bba1c53a-a6f8-4b7f-a0a1-8d65da7b011f-groupManagement] INFO  server.RaftServerConfigKeys (ConfUtils.java:logGet(46)) - raft.server.threadpool.server.size = 0 (default)
2024-01-08 10:08:11,652 [bba1c53a-a6f8-4b7f-a0a1-8d65da7b011f-groupManagement] INFO  server.RaftServerConfigKeys (ConfUtils.java:logGet(46)) - raft.server.threadpool.client.cached = true (default)
2024-01-08 10:08:11,652 [bba1c53a-a6f8-4b7f-a0a1-8d65da7b011f-groupManagement] INFO  server.RaftServerConfigKeys (ConfUtils.java:logGet(46)) - raft.server.threadpool.client.size = 0 (default)
2024-01-08 10:08:11,652 [bba1c53a-a6f8-4b7f-a0a1-8d65da7b011f-groupManagement] INFO  server.RaftServerConfigKeys (ConfUtils.java:logGet(46)) - raft.server.storage.free-space.min = 0MB (=0) (default)
2024-01-08 10:08:11,652 [bba1c53a-a6f8-4b7f-a0a1-8d65da7b011f-groupManagement] INFO  server.RaftServerConfigKeys (ConfUtils.java:logGet(46)) - raft.server.log.corruption.policy = EXCEPTION (default)
2024-01-08 10:08:11,652 [bba1c53a-a6f8-4b7f-a0a1-8d65da7b011f-groupManagement] INFO  server.RaftServerConfigKeys (ConfUtils.java:logGet(46)) - raft.server.storage.dir = [/home/runner/work/ozone/ozone/hadoop-ozone/integration-test/target/test-dir/MiniOzoneClusterImpl-d16d6234-9da8-43a0-bd28-723006ad2f80/datanode-1/data/ratis] (custom)
2024-01-08 10:08:11,653 [bba1c53a-a6f8-4b7f-a0a1-8d65da7b011f-groupManagement] INFO  storage.RaftStorageDirectory (RaftStorageDirectoryImpl.java:analyzeStorage(138)) - The storage directory /home/runner/work/ozone/ozone/hadoop-ozone/integration-test/target/test-dir/MiniOzoneClusterImpl-d16d6234-9da8-43a0-bd28-723006ad2f80/datanode-1/data/ratis/9d517986-09af-4c0d-8bf4-538e3b61f6e1 does not exist. Creating ...
2024-01-08 10:08:11,653 [bba1c53a-a6f8-4b7f-a0a1-8d65da7b011f-groupManagement] INFO  storage.RaftStorageDirectory (RaftStorageDirectoryImpl.java:tryLock(232)) - Lock on /home/runner/work/ozone/ozone/hadoop-ozone/integration-test/target/test-dir/MiniOzoneClusterImpl-d16d6234-9da8-43a0-bd28-723006ad2f80/datanode-1/data/ratis/9d517986-09af-4c0d-8bf4-538e3b61f6e1/in_use.lock acquired by nodename 56297@fv-az1117-812
2024-01-08 10:08:11,654 [bba1c53a-a6f8-4b7f-a0a1-8d65da7b011f-groupManagement] INFO  storage.RaftStorage (RaftStorageImpl.java:format(97)) - Storage directory /home/runner/work/ozone/ozone/hadoop-ozone/integration-test/target/test-dir/MiniOzoneClusterImpl-d16d6234-9da8-43a0-bd28-723006ad2f80/datanode-1/data/ratis/9d517986-09af-4c0d-8bf4-538e3b61f6e1 has been successfully formatted.
2024-01-08 10:08:11,655 [bba1c53a-a6f8-4b7f-a0a1-8d65da7b011f-groupManagement] INFO  ratis.ContainerStateMachine (ContainerStateMachine.java:loadSnapshot(287)) - group-538E3B61F6E1: The snapshot info is null. Setting the last applied index to:(t:0, i:~)
2024-01-08 10:08:11,655 [bba1c53a-a6f8-4b7f-a0a1-8d65da7b011f-groupManagement] INFO  server.RaftServerConfigKeys (ConfUtils.java:logGet(46)) - raft.server.log.use.memory = false (default)
2024-01-08 10:08:11,655 [bba1c53a-a6f8-4b7f-a0a1-8d65da7b011f-groupManagement] INFO  server.RaftServerConfigKeys (ConfUtils.java:logGet(46)) - raft.server.log.purge.gap = 1000000 (custom)
2024-01-08 10:08:11,655 [bba1c53a-a6f8-4b7f-a0a1-8d65da7b011f-groupManagement] INFO  server.RaftServerConfigKeys (ConfUtils.java:logGet(46)) - raft.server.log.appender.buffer.byte-limit = 8388608 (custom)
2024-01-08 10:08:11,655 [bba1c53a-a6f8-4b7f-a0a1-8d65da7b011f-groupManagement] INFO  server.RaftServerConfigKeys (ConfUtils.java:logGet(46)) - raft.server.log.statemachine.data.read.timeout = 1000ms (default)
2024-01-08 10:08:11,661 [bba1c53a-a6f8-4b7f-a0a1-8d65da7b011f-groupManagement] INFO  server.RaftServerConfigKeys (ConfUtils.java:logGet(46)) - raft.server.log.purge.preservation.log.num = 0 (default)
2024-01-08 10:08:11,662 [EventQueue-OpenPipelineForHealthyPipelineSafeModeRule] INFO  safemode.SCMSafeModeManager (HealthyPipelineSafeModeRule.java:process(140)) - SCM in safe mode. Healthy pipelines reported count is 0, required healthy pipeline reported count is 1
2024-01-08 10:08:11,663 [bba1c53a-a6f8-4b7f-a0a1-8d65da7b011f-groupManagement] INFO  server.RaftServerConfigKeys (ConfUtils.java:logGet(46)) - raft.server.log.segment.size.max = 67108864 (custom)
2024-01-08 10:08:11,663 [bba1c53a-a6f8-4b7f-a0a1-8d65da7b011f-groupManagement] INFO  server.RaftServerConfigKeys (ConfUtils.java:logGet(46)) - raft.server.log.segment.cache.num.max = 2 (custom)
2024-01-08 10:08:11,663 [bba1c53a-a6f8-4b7f-a0a1-8d65da7b011f-groupManagement] INFO  server.RaftServerConfigKeys (ConfUtils.java:logGet(46)) - raft.server.log.segment.cache.size.max = 200MB (=209715200) (default)
2024-01-08 10:08:11,663 [bba1c53a-a6f8-4b7f-a0a1-8d65da7b011f-groupManagement] INFO  server.RaftServerConfigKeys (ConfUtils.java:logGet(46)) - raft.server.log.appender.buffer.byte-limit = 8388608 (custom)
2024-01-08 10:08:11,668 [bba1c53a-a6f8-4b7f-a0a1-8d65da7b011f-groupManagement] INFO  util.AwaitToRun (AwaitToRun.java:start(81)) - Thread[bba1c53a-a6f8-4b7f-a0a1-8d65da7b011f@group-538E3B61F6E1-cacheEviction-AwaitToRun,5,main] started
2024-01-08 10:08:11,668 [bba1c53a-a6f8-4b7f-a0a1-8d65da7b011f-groupManagement] INFO  segmented.SegmentedRaftLogWorker (SegmentedRaftLogWorker.java:<init>(184)) - new bba1c53a-a6f8-4b7f-a0a1-8d65da7b011f@group-538E3B61F6E1-SegmentedRaftLogWorker for RaftStorageImpl:Storage Directory /home/runner/work/ozone/ozone/hadoop-ozone/integration-test/target/test-dir/MiniOzoneClusterImpl-d16d6234-9da8-43a0-bd28-723006ad2f80/datanode-1/data/ratis/9d517986-09af-4c0d-8bf4-538e3b61f6e1
2024-01-08 10:08:11,668 [bba1c53a-a6f8-4b7f-a0a1-8d65da7b011f-groupManagement] INFO  server.RaftServerConfigKeys (ConfUtils.java:logGet(46)) - raft.server.log.queue.byte-limit = 4294967296 (custom)
2024-01-08 10:08:11,668 [bba1c53a-a6f8-4b7f-a0a1-8d65da7b011f-groupManagement] INFO  server.RaftServerConfigKeys (ConfUtils.java:logGet(46)) - raft.server.log.queue.element-limit = 1024 (custom)
2024-01-08 10:08:11,669 [bba1c53a-a6f8-4b7f-a0a1-8d65da7b011f-groupManagement] INFO  server.RaftServerConfigKeys (ConfUtils.java:logGet(46)) - raft.server.log.segment.size.max = 67108864 (custom)
2024-01-08 10:08:11,669 [bba1c53a-a6f8-4b7f-a0a1-8d65da7b011f-groupManagement] INFO  server.RaftServerConfigKeys (ConfUtils.java:logGet(46)) - raft.server.log.preallocated.size = 4194304 (custom)
2024-01-08 10:08:11,669 [bba1c53a-a6f8-4b7f-a0a1-8d65da7b011f-groupManagement] INFO  server.RaftServerConfigKeys (ConfUtils.java:logGet(46)) - raft.server.log.force.sync.num = 128 (default)
2024-01-08 10:08:11,669 [bba1c53a-a6f8-4b7f-a0a1-8d65da7b011f-groupManagement] INFO  server.RaftServerConfigKeys (ConfUtils.java:logGet(46)) - raft.server.log.statemachine.data.sync = true (default)
2024-01-08 10:08:11,669 [bba1c53a-a6f8-4b7f-a0a1-8d65da7b011f-groupManagement] INFO  server.RaftServerConfigKeys (ConfUtils.java:logGet(46)) - raft.server.log.statemachine.data.sync.timeout = 10s (default)
2024-01-08 10:08:11,669 [bba1c53a-a6f8-4b7f-a0a1-8d65da7b011f-groupManagement] INFO  server.RaftServerConfigKeys (ConfUtils.java:logGet(46)) - raft.server.log.statemachine.data.sync.timeout.retry = 0 (custom)
2024-01-08 10:08:11,669 [bba1c53a-a6f8-4b7f-a0a1-8d65da7b011f-groupManagement] INFO  server.RaftServerConfigKeys (ConfUtils.java:logGet(46)) - raft.server.log.write.buffer.size = 8388616 (custom)
2024-01-08 10:08:11,671 [bba1c53a-a6f8-4b7f-a0a1-8d65da7b011f-groupManagement] INFO  server.RaftServerConfigKeys (ConfUtils.java:logGet(46)) - raft.server.log.appender.buffer.byte-limit = 8388608 (custom)
2024-01-08 10:08:11,672 [bba1c53a-a6f8-4b7f-a0a1-8d65da7b011f-groupManagement] INFO  server.RaftServerConfigKeys (ConfUtils.java:logGet(46)) - raft.server.log.unsafe-flush.enabled = false (default)
2024-01-08 10:08:11,672 [bba1c53a-a6f8-4b7f-a0a1-8d65da7b011f-groupManagement] INFO  server.RaftServerConfigKeys (ConfUtils.java:logGet(46)) - raft.server.log.async-flush.enabled = false (default)
2024-01-08 10:08:11,672 [bba1c53a-a6f8-4b7f-a0a1-8d65da7b011f-groupManagement] INFO  server.RaftServerConfigKeys (ConfUtils.java:logGet(46)) - raft.server.log.statemachine.data.caching.enabled = true (custom)
2024-01-08 10:08:11,672 [bba1c53a-a6f8-4b7f-a0a1-8d65da7b011f-groupManagement] INFO  segmented.SegmentedRaftLogWorker (SegmentedRaftLogWorker.java:lambda$new$0(135)) - bba1c53a-a6f8-4b7f-a0a1-8d65da7b011f@group-538E3B61F6E1-SegmentedRaftLogWorker: flushIndex: setUnconditionally 0 -> -1
2024-01-08 10:08:11,672 [bba1c53a-a6f8-4b7f-a0a1-8d65da7b011f-groupManagement] INFO  segmented.SegmentedRaftLogWorker (SegmentedRaftLogWorker.java:lambda$new$0(135)) - bba1c53a-a6f8-4b7f-a0a1-8d65da7b011f@group-538E3B61F6E1-SegmentedRaftLogWorker: safeCacheEvictIndex: setUnconditionally 0 -> -1
2024-01-08 10:08:11,681 [216a7f9c-aee1-4f98-a365-89228e2ed43b-groupManagement] INFO  server.RaftServerConfigKeys (ConfUtils.java:logGet(46)) - raft.server.rpc.request.timeout = 60s (custom)
2024-01-08 10:08:11,681 [216a7f9c-aee1-4f98-a365-89228e2ed43b-groupManagement] INFO  server.RaftServerConfigKeys (ConfUtils.java:logGet(46)) - raft.server.log.appender.install.snapshot.enabled = false (custom)
2024-01-08 10:08:11,681 [216a7f9c-aee1-4f98-a365-89228e2ed43b-groupManagement] INFO  server.RaftServerConfigKeys (ConfUtils.java:logGet(46)) - raft.server.threadpool.server.cached = true (default)
2024-01-08 10:08:11,681 [216a7f9c-aee1-4f98-a365-89228e2ed43b-groupManagement] INFO  server.RaftServerConfigKeys (ConfUtils.java:logGet(46)) - raft.server.threadpool.server.size = 0 (default)
2024-01-08 10:08:11,681 [216a7f9c-aee1-4f98-a365-89228e2ed43b-groupManagement] INFO  server.RaftServerConfigKeys (ConfUtils.java:logGet(46)) - raft.server.threadpool.client.cached = true (default)
2024-01-08 10:08:11,681 [216a7f9c-aee1-4f98-a365-89228e2ed43b-groupManagement] INFO  server.RaftServerConfigKeys (ConfUtils.java:logGet(46)) - raft.server.threadpool.client.size = 0 (default)
2024-01-08 10:08:11,681 [216a7f9c-aee1-4f98-a365-89228e2ed43b-groupManagement] INFO  server.RaftServerConfigKeys (ConfUtils.java:logGet(46)) - raft.server.storage.free-space.min = 0MB (=0) (default)
2024-01-08 10:08:11,681 [216a7f9c-aee1-4f98-a365-89228e2ed43b-groupManagement] INFO  server.RaftServerConfigKeys (ConfUtils.java:logGet(46)) - raft.server.log.corruption.policy = EXCEPTION (default)
2024-01-08 10:08:11,681 [216a7f9c-aee1-4f98-a365-89228e2ed43b-groupManagement] INFO  server.RaftServerConfigKeys (ConfUtils.java:logGet(46)) - raft.server.storage.dir = [/home/runner/work/ozone/ozone/hadoop-ozone/integration-test/target/test-dir/MiniOzoneClusterImpl-d16d6234-9da8-43a0-bd28-723006ad2f80/datanode-2/data/ratis] (custom)
2024-01-08 10:08:11,682 [216a7f9c-aee1-4f98-a365-89228e2ed43b-groupManagement] INFO  storage.RaftStorageDirectory (RaftStorageDirectoryImpl.java:analyzeStorage(138)) - The storage directory /home/runner/work/ozone/ozone/hadoop-ozone/integration-test/target/test-dir/MiniOzoneClusterImpl-d16d6234-9da8-43a0-bd28-723006ad2f80/datanode-2/data/ratis/4802fad3-661c-487f-be8c-00ee3b1420c0 does not exist. Creating ...
2024-01-08 10:08:11,681 [bba1c53a-a6f8-4b7f-a0a1-8d65da7b011f-groupManagement] INFO  server.RaftServer$Division (RaftServerImpl.java:start(392)) - bba1c53a-a6f8-4b7f-a0a1-8d65da7b011f@group-538E3B61F6E1: start as a follower, conf=-1: peers:[b5f002a5-35f0-4e5a-a46f-90a89988a4c4|10.1.0.19:15014, 216a7f9c-aee1-4f98-a365-89228e2ed43b|10.1.0.19:15032, bba1c53a-a6f8-4b7f-a0a1-8d65da7b011f|10.1.0.19:15023]|listeners:[], old=null
2024-01-08 10:08:11,683 [bba1c53a-a6f8-4b7f-a0a1-8d65da7b011f-groupManagement] INFO  server.RaftServer$Division (RaftServerImpl.java:setRole(379)) - bba1c53a-a6f8-4b7f-a0a1-8d65da7b011f@group-538E3B61F6E1: changes role from      null to FOLLOWER at term 0 for startAsFollower
2024-01-08 10:08:11,683 [bba1c53a-a6f8-4b7f-a0a1-8d65da7b011f-groupManagement] INFO  impl.RoleInfo (RoleInfo.java:updateAndGet(139)) - bba1c53a-a6f8-4b7f-a0a1-8d65da7b011f: start bba1c53a-a6f8-4b7f-a0a1-8d65da7b011f@group-538E3B61F6E1-FollowerState
2024-01-08 10:08:11,683 [bba1c53a-a6f8-4b7f-a0a1-8d65da7b011f-groupManagement] INFO  util.JmxRegister (JmxRegister.java:tryRegister(44)) - Successfully registered JMX Bean with object name Ratis:service=RaftServer,group=group-538E3B61F6E1,id=bba1c53a-a6f8-4b7f-a0a1-8d65da7b011f
2024-01-08 10:08:11,684 [bba1c53a-a6f8-4b7f-a0a1-8d65da7b011f-groupManagement] INFO  server.RaftServerConfigKeys (ConfUtils.java:logGet(46)) - raft.server.snapshot.trigger-when-stop.enabled = true (default)
2024-01-08 10:08:11,684 [bba1c53a-a6f8-4b7f-a0a1-8d65da7b011f-groupManagement] INFO  server.RaftServerConfigKeys (ConfUtils.java:logGet(46)) - raft.server.snapshot.auto.trigger.enabled = true (custom)
2024-01-08 10:08:11,684 [bba1c53a-a6f8-4b7f-a0a1-8d65da7b011f-groupManagement] INFO  server.RaftServerConfigKeys (ConfUtils.java:logGet(46)) - raft.server.snapshot.auto.trigger.threshold = 10000 (custom)
2024-01-08 10:08:11,684 [bba1c53a-a6f8-4b7f-a0a1-8d65da7b011f-groupManagement] INFO  server.RaftServerConfigKeys (ConfUtils.java:logGet(46)) - raft.server.snapshot.retention.file.num = 5 (custom)
2024-01-08 10:08:11,684 [bba1c53a-a6f8-4b7f-a0a1-8d65da7b011f-groupManagement] INFO  server.RaftServerConfigKeys (ConfUtils.java:logGet(46)) - raft.server.log.purge.upto.snapshot.index = false (default)
2024-01-08 10:08:11,685 [bba1c53a-a6f8-4b7f-a0a1-8d65da7b011f@group-538E3B61F6E1-FollowerState] INFO  server.RaftServerConfigKeys (ConfUtils.java:logFallback(53)) - raft.server.rpc.first-election.timeout.min = 5s (fallback to raft.server.rpc.timeout.min)
2024-01-08 10:08:11,685 [bba1c53a-a6f8-4b7f-a0a1-8d65da7b011f@group-538E3B61F6E1-FollowerState] INFO  server.RaftServerConfigKeys (ConfUtils.java:logFallback(53)) - raft.server.rpc.first-election.timeout.max = 5200ms (fallback to raft.server.rpc.timeout.max)
2024-01-08 10:08:11,686 [bba1c53a-a6f8-4b7f-a0a1-8d65da7b011f-PipelineCommandHandlerThread-0] INFO  ratis.XceiverServerRatis (XceiverServerRatis.java:addGroup(842)) - Created group PipelineID=9d517986-09af-4c0d-8bf4-538e3b61f6e1
2024-01-08 10:08:11,683 [216a7f9c-aee1-4f98-a365-89228e2ed43b-groupManagement] INFO  storage.RaftStorageDirectory (RaftStorageDirectoryImpl.java:tryLock(232)) - Lock on /home/runner/work/ozone/ozone/hadoop-ozone/integration-test/target/test-dir/MiniOzoneClusterImpl-d16d6234-9da8-43a0-bd28-723006ad2f80/datanode-2/data/ratis/4802fad3-661c-487f-be8c-00ee3b1420c0/in_use.lock acquired by nodename 56297@fv-az1117-812
2024-01-08 10:08:11,687 [216a7f9c-aee1-4f98-a365-89228e2ed43b-groupManagement] INFO  storage.RaftStorage (RaftStorageImpl.java:format(97)) - Storage directory /home/runner/work/ozone/ozone/hadoop-ozone/integration-test/target/test-dir/MiniOzoneClusterImpl-d16d6234-9da8-43a0-bd28-723006ad2f80/datanode-2/data/ratis/4802fad3-661c-487f-be8c-00ee3b1420c0 has been successfully formatted.
2024-01-08 10:08:11,695 [216a7f9c-aee1-4f98-a365-89228e2ed43b-groupManagement] INFO  ratis.ContainerStateMachine (ContainerStateMachine.java:loadSnapshot(287)) - group-00EE3B1420C0: The snapshot info is null. Setting the last applied index to:(t:0, i:~)
2024-01-08 10:08:11,695 [216a7f9c-aee1-4f98-a365-89228e2ed43b-groupManagement] INFO  server.RaftServerConfigKeys (ConfUtils.java:logGet(46)) - raft.server.log.use.memory = false (default)
2024-01-08 10:08:11,695 [216a7f9c-aee1-4f98-a365-89228e2ed43b-groupManagement] INFO  server.RaftServerConfigKeys (ConfUtils.java:logGet(46)) - raft.server.log.purge.gap = 1000000 (custom)
2024-01-08 10:08:11,695 [216a7f9c-aee1-4f98-a365-89228e2ed43b-groupManagement] INFO  server.RaftServerConfigKeys (ConfUtils.java:logGet(46)) - raft.server.log.appender.buffer.byte-limit = 8388608 (custom)
2024-01-08 10:08:11,695 [216a7f9c-aee1-4f98-a365-89228e2ed43b-groupManagement] INFO  server.RaftServerConfigKeys (ConfUtils.java:logGet(46)) - raft.server.log.statemachine.data.read.timeout = 1000ms (default)
2024-01-08 10:08:11,695 [216a7f9c-aee1-4f98-a365-89228e2ed43b-groupManagement] INFO  server.RaftServerConfigKeys (ConfUtils.java:logGet(46)) - raft.server.log.purge.preservation.log.num = 0 (default)
2024-01-08 10:08:11,697 [216a7f9c-aee1-4f98-a365-89228e2ed43b-groupManagement] INFO  server.RaftServerConfigKeys (ConfUtils.java:logGet(46)) - raft.server.log.segment.size.max = 67108864 (custom)
2024-01-08 10:08:11,697 [216a7f9c-aee1-4f98-a365-89228e2ed43b-groupManagement] INFO  server.RaftServerConfigKeys (ConfUtils.java:logGet(46)) - raft.server.log.segment.cache.num.max = 2 (custom)
2024-01-08 10:08:11,697 [216a7f9c-aee1-4f98-a365-89228e2ed43b-groupManagement] INFO  server.RaftServerConfigKeys (ConfUtils.java:logGet(46)) - raft.server.log.segment.cache.size.max = 200MB (=209715200) (default)
2024-01-08 10:08:11,697 [216a7f9c-aee1-4f98-a365-89228e2ed43b-groupManagement] INFO  server.RaftServerConfigKeys (ConfUtils.java:logGet(46)) - raft.server.log.appender.buffer.byte-limit = 8388608 (custom)
2024-01-08 10:08:11,702 [216a7f9c-aee1-4f98-a365-89228e2ed43b-groupManagement] INFO  util.AwaitToRun (AwaitToRun.java:start(81)) - Thread[216a7f9c-aee1-4f98-a365-89228e2ed43b@group-00EE3B1420C0-cacheEviction-AwaitToRun,5,main] started
2024-01-08 10:08:11,702 [216a7f9c-aee1-4f98-a365-89228e2ed43b-groupManagement] INFO  segmented.SegmentedRaftLogWorker (SegmentedRaftLogWorker.java:<init>(184)) - new 216a7f9c-aee1-4f98-a365-89228e2ed43b@group-00EE3B1420C0-SegmentedRaftLogWorker for RaftStorageImpl:Storage Directory /home/runner/work/ozone/ozone/hadoop-ozone/integration-test/target/test-dir/MiniOzoneClusterImpl-d16d6234-9da8-43a0-bd28-723006ad2f80/datanode-2/data/ratis/4802fad3-661c-487f-be8c-00ee3b1420c0
2024-01-08 10:08:11,702 [216a7f9c-aee1-4f98-a365-89228e2ed43b-groupManagement] INFO  server.RaftServerConfigKeys (ConfUtils.java:logGet(46)) - raft.server.log.queue.byte-limit = 4294967296 (custom)
2024-01-08 10:08:11,703 [216a7f9c-aee1-4f98-a365-89228e2ed43b-groupManagement] INFO  server.RaftServerConfigKeys (ConfUtils.java:logGet(46)) - raft.server.log.queue.element-limit = 1024 (custom)
2024-01-08 10:08:11,703 [216a7f9c-aee1-4f98-a365-89228e2ed43b-groupManagement] INFO  server.RaftServerConfigKeys (ConfUtils.java:logGet(46)) - raft.server.log.segment.size.max = 67108864 (custom)
2024-01-08 10:08:11,703 [216a7f9c-aee1-4f98-a365-89228e2ed43b-groupManagement] INFO  server.RaftServerConfigKeys (ConfUtils.java:logGet(46)) - raft.server.log.preallocated.size = 4194304 (custom)
2024-01-08 10:08:11,704 [216a7f9c-aee1-4f98-a365-89228e2ed43b-groupManagement] INFO  server.RaftServerConfigKeys (ConfUtils.java:logGet(46)) - raft.server.log.force.sync.num = 128 (default)
2024-01-08 10:08:11,704 [216a7f9c-aee1-4f98-a365-89228e2ed43b-groupManagement] INFO  server.RaftServerConfigKeys (ConfUtils.java:logGet(46)) - raft.server.log.statemachine.data.sync = true (default)
2024-01-08 10:08:11,705 [216a7f9c-aee1-4f98-a365-89228e2ed43b-groupManagement] INFO  server.RaftServerConfigKeys (ConfUtils.java:logGet(46)) - raft.server.log.statemachine.data.sync.timeout = 10s (default)
2024-01-08 10:08:11,705 [216a7f9c-aee1-4f98-a365-89228e2ed43b-groupManagement] INFO  server.RaftServerConfigKeys (ConfUtils.java:logGet(46)) - raft.server.log.statemachine.data.sync.timeout.retry = 0 (custom)
2024-01-08 10:08:11,706 [216a7f9c-aee1-4f98-a365-89228e2ed43b-groupManagement] INFO  server.RaftServerConfigKeys (ConfUtils.java:logGet(46)) - raft.server.log.write.buffer.size = 8388616 (custom)
2024-01-08 10:08:11,708 [216a7f9c-aee1-4f98-a365-89228e2ed43b-groupManagement] INFO  server.RaftServerConfigKeys (ConfUtils.java:logGet(46)) - raft.server.log.appender.buffer.byte-limit = 8388608 (custom)
2024-01-08 10:08:11,708 [216a7f9c-aee1-4f98-a365-89228e2ed43b-groupManagement] INFO  server.RaftServerConfigKeys (ConfUtils.java:logGet(46)) - raft.server.log.unsafe-flush.enabled = false (default)
2024-01-08 10:08:11,709 [216a7f9c-aee1-4f98-a365-89228e2ed43b-groupManagement] INFO  server.RaftServerConfigKeys (ConfUtils.java:logGet(46)) - raft.server.log.async-flush.enabled = false (default)
2024-01-08 10:08:11,709 [216a7f9c-aee1-4f98-a365-89228e2ed43b-groupManagement] INFO  server.RaftServerConfigKeys (ConfUtils.java:logGet(46)) - raft.server.log.statemachine.data.caching.enabled = true (custom)
2024-01-08 10:08:11,710 [216a7f9c-aee1-4f98-a365-89228e2ed43b-groupManagement] INFO  segmented.SegmentedRaftLogWorker (SegmentedRaftLogWorker.java:lambda$new$0(135)) - 216a7f9c-aee1-4f98-a365-89228e2ed43b@group-00EE3B1420C0-SegmentedRaftLogWorker: flushIndex: setUnconditionally 0 -> -1
2024-01-08 10:08:11,710 [216a7f9c-aee1-4f98-a365-89228e2ed43b-groupManagement] INFO  segmented.SegmentedRaftLogWorker (SegmentedRaftLogWorker.java:lambda$new$0(135)) - 216a7f9c-aee1-4f98-a365-89228e2ed43b@group-00EE3B1420C0-SegmentedRaftLogWorker: safeCacheEvictIndex: setUnconditionally 0 -> -1
2024-01-08 10:08:11,711 [216a7f9c-aee1-4f98-a365-89228e2ed43b-groupManagement] INFO  server.RaftServer$Division (RaftServerImpl.java:start(392)) - 216a7f9c-aee1-4f98-a365-89228e2ed43b@group-00EE3B1420C0: start as a follower, conf=-1: peers:[216a7f9c-aee1-4f98-a365-89228e2ed43b|10.1.0.19:15032]|listeners:[], old=null
2024-01-08 10:08:11,711 [216a7f9c-aee1-4f98-a365-89228e2ed43b-groupManagement] INFO  server.RaftServer$Division (RaftServerImpl.java:setRole(379)) - 216a7f9c-aee1-4f98-a365-89228e2ed43b@group-00EE3B1420C0: changes role from      null to FOLLOWER at term 0 for startAsFollower
2024-01-08 10:08:11,711 [216a7f9c-aee1-4f98-a365-89228e2ed43b-groupManagement] INFO  impl.RoleInfo (RoleInfo.java:updateAndGet(139)) - 216a7f9c-aee1-4f98-a365-89228e2ed43b: start 216a7f9c-aee1-4f98-a365-89228e2ed43b@group-00EE3B1420C0-FollowerState
2024-01-08 10:08:11,713 [EventQueue-PipelineReportForPipelineReportHandler] INFO  pipeline.PipelineReportHandler (PipelineReportHandler.java:processPipelineReport(136)) - Opened pipeline PipelineID=4802fad3-661c-487f-be8c-00ee3b1420c0
2024-01-08 10:08:11,713 [EventQueue-OpenPipelineForHealthyPipelineSafeModeRule] INFO  safemode.SCMSafeModeManager (HealthyPipelineSafeModeRule.java:process(140)) - SCM in safe mode. Healthy pipelines reported count is 0, required healthy pipeline reported count is 1
2024-01-08 10:08:11,713 [216a7f9c-aee1-4f98-a365-89228e2ed43b-groupManagement] INFO  util.JmxRegister (JmxRegister.java:tryRegister(44)) - Successfully registered JMX Bean with object name Ratis:service=RaftServer,group=group-00EE3B1420C0,id=216a7f9c-aee1-4f98-a365-89228e2ed43b
2024-01-08 10:08:11,713 [216a7f9c-aee1-4f98-a365-89228e2ed43b@group-00EE3B1420C0-FollowerState] INFO  server.RaftServerConfigKeys (ConfUtils.java:logFallback(53)) - raft.server.rpc.first-election.timeout.min = 5s (fallback to raft.server.rpc.timeout.min)
2024-01-08 10:08:11,714 [216a7f9c-aee1-4f98-a365-89228e2ed43b@group-00EE3B1420C0-FollowerState] INFO  server.RaftServerConfigKeys (ConfUtils.java:logFallback(53)) - raft.server.rpc.first-election.timeout.max = 5200ms (fallback to raft.server.rpc.timeout.max)
2024-01-08 10:08:11,713 [216a7f9c-aee1-4f98-a365-89228e2ed43b-groupManagement] INFO  server.RaftServerConfigKeys (ConfUtils.java:logGet(46)) - raft.server.snapshot.trigger-when-stop.enabled = true (default)
2024-01-08 10:08:11,714 [216a7f9c-aee1-4f98-a365-89228e2ed43b-groupManagement] INFO  server.RaftServerConfigKeys (ConfUtils.java:logGet(46)) - raft.server.snapshot.auto.trigger.enabled = true (custom)
2024-01-08 10:08:11,714 [216a7f9c-aee1-4f98-a365-89228e2ed43b-groupManagement] INFO  server.RaftServerConfigKeys (ConfUtils.java:logGet(46)) - raft.server.snapshot.auto.trigger.threshold = 10000 (custom)
2024-01-08 10:08:11,714 [216a7f9c-aee1-4f98-a365-89228e2ed43b-groupManagement] INFO  server.RaftServerConfigKeys (ConfUtils.java:logGet(46)) - raft.server.snapshot.retention.file.num = 5 (custom)
2024-01-08 10:08:11,714 [216a7f9c-aee1-4f98-a365-89228e2ed43b-groupManagement] INFO  server.RaftServerConfigKeys (ConfUtils.java:logGet(46)) - raft.server.log.purge.upto.snapshot.index = false (default)
2024-01-08 10:08:11,722 [216a7f9c-aee1-4f98-a365-89228e2ed43b-PipelineCommandHandlerThread-0] INFO  ratis.XceiverServerRatis (XceiverServerRatis.java:addGroup(842)) - Created group PipelineID=4802fad3-661c-487f-be8c-00ee3b1420c0
2024-01-08 10:08:11,722 [216a7f9c-aee1-4f98-a365-89228e2ed43b-PipelineCommandHandlerThread-0] INFO  commandhandler.CreatePipelineCommandHandler (CreatePipelineCommandHandler.java:lambda$handle$2(124)) - Created Pipeline RATIS ONE PipelineID=4802fad3-661c-487f-be8c-00ee3b1420c0.
2024-01-08 10:08:11,723 [216a7f9c-aee1-4f98-a365-89228e2ed43b-PipelineCommandHandlerThread-0] INFO  server.RaftServer (RaftServerProxy.java:addNew(100)) - 216a7f9c-aee1-4f98-a365-89228e2ed43b: addNew group-538E3B61F6E1:[b5f002a5-35f0-4e5a-a46f-90a89988a4c4|10.1.0.19:15014, 216a7f9c-aee1-4f98-a365-89228e2ed43b|10.1.0.19:15032, bba1c53a-a6f8-4b7f-a0a1-8d65da7b011f|10.1.0.19:15023] returns group-538E3B61F6E1:java.util.concurrent.CompletableFuture@c7cafca[Not completed]
2024-01-08 10:08:11,724 [216a7f9c-aee1-4f98-a365-89228e2ed43b-groupManagement] INFO  server.RaftServer$Division (RaftServerImpl.java:<init>(256)) - 216a7f9c-aee1-4f98-a365-89228e2ed43b: new RaftServerImpl for group-538E3B61F6E1:[b5f002a5-35f0-4e5a-a46f-90a89988a4c4|10.1.0.19:15014, 216a7f9c-aee1-4f98-a365-89228e2ed43b|10.1.0.19:15032, bba1c53a-a6f8-4b7f-a0a1-8d65da7b011f|10.1.0.19:15023] with ContainerStateMachine:uninitialized
2024-01-08 10:08:11,725 [216a7f9c-aee1-4f98-a365-89228e2ed43b-groupManagement] INFO  server.RaftServerConfigKeys (ConfUtils.java:logGet(46)) - raft.server.rpc.timeout.min = 5s (custom)
2024-01-08 10:08:11,725 [216a7f9c-aee1-4f98-a365-89228e2ed43b-groupManagement] INFO  server.RaftServerConfigKeys (ConfUtils.java:logGet(46)) - raft.server.rpc.timeout.max = 5200ms (custom)
2024-01-08 10:08:11,725 [216a7f9c-aee1-4f98-a365-89228e2ed43b-groupManagement] INFO  server.RaftServerConfigKeys (ConfUtils.java:logGet(46)) - raft.server.rpc.sleep.time = 25ms (default)
2024-01-08 10:08:11,725 [216a7f9c-aee1-4f98-a365-89228e2ed43b-groupManagement] INFO  server.RaftServerConfigKeys (ConfUtils.java:logGet(46)) - raft.server.rpc.slowness.timeout = 300s (custom)
2024-01-08 10:08:11,725 [216a7f9c-aee1-4f98-a365-89228e2ed43b-groupManagement] INFO  server.RaftServerConfigKeys (ConfUtils.java:logGet(46)) - raft.server.leaderelection.leader.step-down.wait-time = 10s (default)
2024-01-08 10:08:11,725 [216a7f9c-aee1-4f98-a365-89228e2ed43b-groupManagement] INFO  server.RaftServerConfigKeys (ConfUtils.java:logGet(46)) - raft.server.leaderelection.member.majority-add = false (default)
2024-01-08 10:08:11,725 [216a7f9c-aee1-4f98-a365-89228e2ed43b-groupManagement] INFO  server.RaftServerConfigKeys (ConfUtils.java:logGet(46)) - raft.server.sleep.deviation.threshold = 300ms (default)
2024-01-08 10:08:11,725 [216a7f9c-aee1-4f98-a365-89228e2ed43b-groupManagement] INFO  server.RaftServer$Division (ServerState.java:<init>(113)) - 216a7f9c-aee1-4f98-a365-89228e2ed43b@group-538E3B61F6E1: ConfigurationManager, init=-1: peers:[b5f002a5-35f0-4e5a-a46f-90a89988a4c4|10.1.0.19:15014, 216a7f9c-aee1-4f98-a365-89228e2ed43b|10.1.0.19:15032, bba1c53a-a6f8-4b7f-a0a1-8d65da7b011f|10.1.0.19:15023]|listeners:[], old=null, confs=<EMPTY_MAP>
2024-01-08 10:08:11,725 [216a7f9c-aee1-4f98-a365-89228e2ed43b-groupManagement] INFO  server.RaftServerConfigKeys (ConfUtils.java:logGet(46)) - raft.server.notification.no-leader.timeout = 300s (custom)
2024-01-08 10:08:11,725 [216a7f9c-aee1-4f98-a365-89228e2ed43b-groupManagement] INFO  server.RaftServerConfigKeys (ConfUtils.java:logGet(46)) - raft.server.read.timeout = 10s (default)
2024-01-08 10:08:11,725 [216a7f9c-aee1-4f98-a365-89228e2ed43b-groupManagement] INFO  server.RaftServerConfigKeys (ConfUtils.java:logGet(46)) - raft.server.retrycache.expirytime = 600000ms (custom)
2024-01-08 10:08:11,726 [216a7f9c-aee1-4f98-a365-89228e2ed43b-groupManagement] INFO  server.RaftServerConfigKeys (ConfUtils.java:logGet(46)) - raft.server.retrycache.statistics.expirytime = 100ms (default)
2024-01-08 10:08:11,726 [216a7f9c-aee1-4f98-a365-89228e2ed43b-groupManagement] INFO  server.RaftServerConfigKeys (ConfUtils.java:logGet(46)) - raft.server.read.option = DEFAULT (default)
2024-01-08 10:08:11,726 [216a7f9c-aee1-4f98-a365-89228e2ed43b-groupManagement] INFO  server.RaftServerConfigKeys (ConfUtils.java:logGet(46)) - raft.server.read.read-after-write-consistent.write-index-cache.expiry-time = 60s (default)
2024-01-08 10:08:11,732 [216a7f9c-aee1-4f98-a365-89228e2ed43b-groupManagement] INFO  server.RaftServerConfigKeys (ConfUtils.java:logGet(46)) - raft.server.rpc.request.timeout = 60s (custom)
2024-01-08 10:08:11,732 [216a7f9c-aee1-4f98-a365-89228e2ed43b-groupManagement] INFO  server.RaftServerConfigKeys (ConfUtils.java:logGet(46)) - raft.server.log.appender.install.snapshot.enabled = false (custom)
2024-01-08 10:08:11,733 [216a7f9c-aee1-4f98-a365-89228e2ed43b-groupManagement] INFO  server.RaftServerConfigKeys (ConfUtils.java:logGet(46)) - raft.server.threadpool.server.cached = true (default)
2024-01-08 10:08:11,733 [216a7f9c-aee1-4f98-a365-89228e2ed43b-groupManagement] INFO  server.RaftServerConfigKeys (ConfUtils.java:logGet(46)) - raft.server.threadpool.server.size = 0 (default)
2024-01-08 10:08:11,733 [216a7f9c-aee1-4f98-a365-89228e2ed43b-groupManagement] INFO  server.RaftServerConfigKeys (ConfUtils.java:logGet(46)) - raft.server.threadpool.client.cached = true (default)
2024-01-08 10:08:11,734 [216a7f9c-aee1-4f98-a365-89228e2ed43b-groupManagement] INFO  server.RaftServerConfigKeys (ConfUtils.java:logGet(46)) - raft.server.threadpool.client.size = 0 (default)
2024-01-08 10:08:11,734 [216a7f9c-aee1-4f98-a365-89228e2ed43b-groupManagement] INFO  server.RaftServerConfigKeys (ConfUtils.java:logGet(46)) - raft.server.storage.free-space.min = 0MB (=0) (default)
2024-01-08 10:08:11,734 [216a7f9c-aee1-4f98-a365-89228e2ed43b-groupManagement] INFO  server.RaftServerConfigKeys (ConfUtils.java:logGet(46)) - raft.server.log.corruption.policy = EXCEPTION (default)
2024-01-08 10:08:11,735 [216a7f9c-aee1-4f98-a365-89228e2ed43b-groupManagement] INFO  server.RaftServerConfigKeys (ConfUtils.java:logGet(46)) - raft.server.storage.dir = [/home/runner/work/ozone/ozone/hadoop-ozone/integration-test/target/test-dir/MiniOzoneClusterImpl-d16d6234-9da8-43a0-bd28-723006ad2f80/datanode-2/data/ratis] (custom)
2024-01-08 10:08:11,735 [216a7f9c-aee1-4f98-a365-89228e2ed43b-groupManagement] INFO  storage.RaftStorageDirectory (RaftStorageDirectoryImpl.java:analyzeStorage(138)) - The storage directory /home/runner/work/ozone/ozone/hadoop-ozone/integration-test/target/test-dir/MiniOzoneClusterImpl-d16d6234-9da8-43a0-bd28-723006ad2f80/datanode-2/data/ratis/9d517986-09af-4c0d-8bf4-538e3b61f6e1 does not exist. Creating ...
2024-01-08 10:08:11,738 [216a7f9c-aee1-4f98-a365-89228e2ed43b-groupManagement] INFO  storage.RaftStorageDirectory (RaftStorageDirectoryImpl.java:tryLock(232)) - Lock on /home/runner/work/ozone/ozone/hadoop-ozone/integration-test/target/test-dir/MiniOzoneClusterImpl-d16d6234-9da8-43a0-bd28-723006ad2f80/datanode-2/data/ratis/9d517986-09af-4c0d-8bf4-538e3b61f6e1/in_use.lock acquired by nodename 56297@fv-az1117-812
2024-01-08 10:08:11,739 [216a7f9c-aee1-4f98-a365-89228e2ed43b-groupManagement] INFO  storage.RaftStorage (RaftStorageImpl.java:format(97)) - Storage directory /home/runner/work/ozone/ozone/hadoop-ozone/integration-test/target/test-dir/MiniOzoneClusterImpl-d16d6234-9da8-43a0-bd28-723006ad2f80/datanode-2/data/ratis/9d517986-09af-4c0d-8bf4-538e3b61f6e1 has been successfully formatted.
2024-01-08 10:08:11,740 [216a7f9c-aee1-4f98-a365-89228e2ed43b-groupManagement] INFO  ratis.ContainerStateMachine (ContainerStateMachine.java:loadSnapshot(287)) - group-538E3B61F6E1: The snapshot info is null. Setting the last applied index to:(t:0, i:~)
2024-01-08 10:08:11,740 [216a7f9c-aee1-4f98-a365-89228e2ed43b-groupManagement] INFO  server.RaftServerConfigKeys (ConfUtils.java:logGet(46)) - raft.server.log.use.memory = false (default)
2024-01-08 10:08:11,740 [216a7f9c-aee1-4f98-a365-89228e2ed43b-groupManagement] INFO  server.RaftServerConfigKeys (ConfUtils.java:logGet(46)) - raft.server.log.purge.gap = 1000000 (custom)
2024-01-08 10:08:11,741 [216a7f9c-aee1-4f98-a365-89228e2ed43b-groupManagement] INFO  server.RaftServerConfigKeys (ConfUtils.java:logGet(46)) - raft.server.log.appender.buffer.byte-limit = 8388608 (custom)
2024-01-08 10:08:11,742 [216a7f9c-aee1-4f98-a365-89228e2ed43b-groupManagement] INFO  server.RaftServerConfigKeys (ConfUtils.java:logGet(46)) - raft.server.log.statemachine.data.read.timeout = 1000ms (default)
2024-01-08 10:08:11,742 [216a7f9c-aee1-4f98-a365-89228e2ed43b-groupManagement] INFO  server.RaftServerConfigKeys (ConfUtils.java:logGet(46)) - raft.server.log.purge.preservation.log.num = 0 (default)
2024-01-08 10:08:11,742 [EventQueue-OpenPipelineForHealthyPipelineSafeModeRule] INFO  safemode.SCMSafeModeManager (HealthyPipelineSafeModeRule.java:process(140)) - SCM in safe mode. Healthy pipelines reported count is 0, required healthy pipeline reported count is 1
2024-01-08 10:08:11,744 [216a7f9c-aee1-4f98-a365-89228e2ed43b-groupManagement] INFO  server.RaftServerConfigKeys (ConfUtils.java:logGet(46)) - raft.server.log.segment.size.max = 67108864 (custom)
2024-01-08 10:08:11,745 [216a7f9c-aee1-4f98-a365-89228e2ed43b-groupManagement] INFO  server.RaftServerConfigKeys (ConfUtils.java:logGet(46)) - raft.server.log.segment.cache.num.max = 2 (custom)
2024-01-08 10:08:11,745 [216a7f9c-aee1-4f98-a365-89228e2ed43b-groupManagement] INFO  server.RaftServerConfigKeys (ConfUtils.java:logGet(46)) - raft.server.log.segment.cache.size.max = 200MB (=209715200) (default)
2024-01-08 10:08:11,745 [216a7f9c-aee1-4f98-a365-89228e2ed43b-groupManagement] INFO  server.RaftServerConfigKeys (ConfUtils.java:logGet(46)) - raft.server.log.appender.buffer.byte-limit = 8388608 (custom)
2024-01-08 10:08:11,745 [216a7f9c-aee1-4f98-a365-89228e2ed43b-groupManagement] INFO  util.AwaitToRun (AwaitToRun.java:start(81)) - Thread[216a7f9c-aee1-4f98-a365-89228e2ed43b@group-538E3B61F6E1-cacheEviction-AwaitToRun,5,main] started
2024-01-08 10:08:11,745 [216a7f9c-aee1-4f98-a365-89228e2ed43b-groupManagement] INFO  segmented.SegmentedRaftLogWorker (SegmentedRaftLogWorker.java:<init>(184)) - new 216a7f9c-aee1-4f98-a365-89228e2ed43b@group-538E3B61F6E1-SegmentedRaftLogWorker for RaftStorageImpl:Storage Directory /home/runner/work/ozone/ozone/hadoop-ozone/integration-test/target/test-dir/MiniOzoneClusterImpl-d16d6234-9da8-43a0-bd28-723006ad2f80/datanode-2/data/ratis/9d517986-09af-4c0d-8bf4-538e3b61f6e1
2024-01-08 10:08:11,745 [216a7f9c-aee1-4f98-a365-89228e2ed43b-groupManagement] INFO  server.RaftServerConfigKeys (ConfUtils.java:logGet(46)) - raft.server.log.queue.byte-limit = 4294967296 (custom)
2024-01-08 10:08:11,745 [216a7f9c-aee1-4f98-a365-89228e2ed43b-groupManagement] INFO  server.RaftServerConfigKeys (ConfUtils.java:logGet(46)) - raft.server.log.queue.element-limit = 1024 (custom)
2024-01-08 10:08:11,745 [216a7f9c-aee1-4f98-a365-89228e2ed43b-groupManagement] INFO  server.RaftServerConfigKeys (ConfUtils.java:logGet(46)) - raft.server.log.segment.size.max = 67108864 (custom)
2024-01-08 10:08:11,745 [216a7f9c-aee1-4f98-a365-89228e2ed43b-groupManagement] INFO  server.RaftServerConfigKeys (ConfUtils.java:logGet(46)) - raft.server.log.preallocated.size = 4194304 (custom)
2024-01-08 10:08:11,746 [216a7f9c-aee1-4f98-a365-89228e2ed43b-groupManagement] INFO  server.RaftServerConfigKeys (ConfUtils.java:logGet(46)) - raft.server.log.force.sync.num = 128 (default)
2024-01-08 10:08:11,746 [216a7f9c-aee1-4f98-a365-89228e2ed43b-groupManagement] INFO  server.RaftServerConfigKeys (ConfUtils.java:logGet(46)) - raft.server.log.statemachine.data.sync = true (default)
2024-01-08 10:08:11,746 [216a7f9c-aee1-4f98-a365-89228e2ed43b-groupManagement] INFO  server.RaftServerConfigKeys (ConfUtils.java:logGet(46)) - raft.server.log.statemachine.data.sync.timeout = 10s (default)
2024-01-08 10:08:11,746 [216a7f9c-aee1-4f98-a365-89228e2ed43b-groupManagement] INFO  server.RaftServerConfigKeys (ConfUtils.java:logGet(46)) - raft.server.log.statemachine.data.sync.timeout.retry = 0 (custom)
2024-01-08 10:08:11,746 [216a7f9c-aee1-4f98-a365-89228e2ed43b-groupManagement] INFO  server.RaftServerConfigKeys (ConfUtils.java:logGet(46)) - raft.server.log.write.buffer.size = 8388616 (custom)
2024-01-08 10:08:11,748 [216a7f9c-aee1-4f98-a365-89228e2ed43b-groupManagement] INFO  server.RaftServerConfigKeys (ConfUtils.java:logGet(46)) - raft.server.log.appender.buffer.byte-limit = 8388608 (custom)
2024-01-08 10:08:11,749 [216a7f9c-aee1-4f98-a365-89228e2ed43b-groupManagement] INFO  server.RaftServerConfigKeys (ConfUtils.java:logGet(46)) - raft.server.log.unsafe-flush.enabled = false (default)
2024-01-08 10:08:11,749 [216a7f9c-aee1-4f98-a365-89228e2ed43b-groupManagement] INFO  server.RaftServerConfigKeys (ConfUtils.java:logGet(46)) - raft.server.log.async-flush.enabled = false (default)
2024-01-08 10:08:11,749 [216a7f9c-aee1-4f98-a365-89228e2ed43b-groupManagement] INFO  server.RaftServerConfigKeys (ConfUtils.java:logGet(46)) - raft.server.log.statemachine.data.caching.enabled = true (custom)
2024-01-08 10:08:11,749 [216a7f9c-aee1-4f98-a365-89228e2ed43b-groupManagement] INFO  segmented.SegmentedRaftLogWorker (SegmentedRaftLogWorker.java:lambda$new$0(135)) - 216a7f9c-aee1-4f98-a365-89228e2ed43b@group-538E3B61F6E1-SegmentedRaftLogWorker: flushIndex: setUnconditionally 0 -> -1
2024-01-08 10:08:11,749 [216a7f9c-aee1-4f98-a365-89228e2ed43b-groupManagement] INFO  segmented.SegmentedRaftLogWorker (SegmentedRaftLogWorker.java:lambda$new$0(135)) - 216a7f9c-aee1-4f98-a365-89228e2ed43b@group-538E3B61F6E1-SegmentedRaftLogWorker: safeCacheEvictIndex: setUnconditionally 0 -> -1
2024-01-08 10:08:11,750 [216a7f9c-aee1-4f98-a365-89228e2ed43b-groupManagement] INFO  server.RaftServer$Division (RaftServerImpl.java:start(392)) - 216a7f9c-aee1-4f98-a365-89228e2ed43b@group-538E3B61F6E1: start as a follower, conf=-1: peers:[b5f002a5-35f0-4e5a-a46f-90a89988a4c4|10.1.0.19:15014, 216a7f9c-aee1-4f98-a365-89228e2ed43b|10.1.0.19:15032, bba1c53a-a6f8-4b7f-a0a1-8d65da7b011f|10.1.0.19:15023]|listeners:[], old=null
2024-01-08 10:08:11,750 [216a7f9c-aee1-4f98-a365-89228e2ed43b-groupManagement] INFO  server.RaftServer$Division (RaftServerImpl.java:setRole(379)) - 216a7f9c-aee1-4f98-a365-89228e2ed43b@group-538E3B61F6E1: changes role from      null to FOLLOWER at term 0 for startAsFollower
2024-01-08 10:08:11,750 [216a7f9c-aee1-4f98-a365-89228e2ed43b-groupManagement] INFO  impl.RoleInfo (RoleInfo.java:updateAndGet(139)) - 216a7f9c-aee1-4f98-a365-89228e2ed43b: start 216a7f9c-aee1-4f98-a365-89228e2ed43b@group-538E3B61F6E1-FollowerState
2024-01-08 10:08:11,751 [216a7f9c-aee1-4f98-a365-89228e2ed43b-groupManagement] INFO  util.JmxRegister (JmxRegister.java:tryRegister(44)) - Successfully registered JMX Bean with object name Ratis:service=RaftServer,group=group-538E3B61F6E1,id=216a7f9c-aee1-4f98-a365-89228e2ed43b
2024-01-08 10:08:11,751 [216a7f9c-aee1-4f98-a365-89228e2ed43b-groupManagement] INFO  server.RaftServerConfigKeys (ConfUtils.java:logGet(46)) - raft.server.snapshot.trigger-when-stop.enabled = true (default)
2024-01-08 10:08:11,751 [216a7f9c-aee1-4f98-a365-89228e2ed43b-groupManagement] INFO  server.RaftServerConfigKeys (ConfUtils.java:logGet(46)) - raft.server.snapshot.auto.trigger.enabled = true (custom)
2024-01-08 10:08:11,752 [216a7f9c-aee1-4f98-a365-89228e2ed43b-groupManagement] INFO  server.RaftServerConfigKeys (ConfUtils.java:logGet(46)) - raft.server.snapshot.auto.trigger.threshold = 10000 (custom)
2024-01-08 10:08:11,757 [216a7f9c-aee1-4f98-a365-89228e2ed43b-groupManagement] INFO  server.RaftServerConfigKeys (ConfUtils.java:logGet(46)) - raft.server.snapshot.retention.file.num = 5 (custom)
2024-01-08 10:08:11,762 [216a7f9c-aee1-4f98-a365-89228e2ed43b-groupManagement] INFO  server.RaftServerConfigKeys (ConfUtils.java:logGet(46)) - raft.server.log.purge.upto.snapshot.index = false (default)
2024-01-08 10:08:11,758 [216a7f9c-aee1-4f98-a365-89228e2ed43b@group-538E3B61F6E1-FollowerState] INFO  server.RaftServerConfigKeys (ConfUtils.java:logFallback(53)) - raft.server.rpc.first-election.timeout.min = 5s (fallback to raft.server.rpc.timeout.min)
2024-01-08 10:08:11,763 [216a7f9c-aee1-4f98-a365-89228e2ed43b@group-538E3B61F6E1-FollowerState] INFO  server.RaftServerConfigKeys (ConfUtils.java:logFallback(53)) - raft.server.rpc.first-election.timeout.max = 5200ms (fallback to raft.server.rpc.timeout.max)
2024-01-08 10:08:11,765 [216a7f9c-aee1-4f98-a365-89228e2ed43b-PipelineCommandHandlerThread-0] INFO  ratis.XceiverServerRatis (XceiverServerRatis.java:addGroup(842)) - Created group PipelineID=9d517986-09af-4c0d-8bf4-538e3b61f6e1
2024-01-08 10:08:12,029 [bba1c53a-a6f8-4b7f-a0a1-8d65da7b011f-PipelineCommandHandlerThread-0] INFO  commandhandler.CreatePipelineCommandHandler (CreatePipelineCommandHandler.java:lambda$handle$2(124)) - Created Pipeline RATIS THREE PipelineID=9d517986-09af-4c0d-8bf4-538e3b61f6e1.
2024-01-08 10:08:12,030 [bba1c53a-a6f8-4b7f-a0a1-8d65da7b011f-PipelineCommandHandlerThread-0] INFO  server.RaftServer (RaftServerProxy.java:addNew(100)) - bba1c53a-a6f8-4b7f-a0a1-8d65da7b011f: addNew group-A5F7B5452D65:[b5f002a5-35f0-4e5a-a46f-90a89988a4c4|10.1.0.19:15014, 216a7f9c-aee1-4f98-a365-89228e2ed43b|10.1.0.19:15032, bba1c53a-a6f8-4b7f-a0a1-8d65da7b011f|10.1.0.19:15023] returns group-A5F7B5452D65:java.util.concurrent.CompletableFuture@80118dc[Not completed]
2024-01-08 10:08:12,030 [216a7f9c-aee1-4f98-a365-89228e2ed43b-PipelineCommandHandlerThread-0] INFO  commandhandler.CreatePipelineCommandHandler (CreatePipelineCommandHandler.java:lambda$handle$2(124)) - Created Pipeline RATIS THREE PipelineID=9d517986-09af-4c0d-8bf4-538e3b61f6e1.
2024-01-08 10:08:12,030 [216a7f9c-aee1-4f98-a365-89228e2ed43b-PipelineCommandHandlerThread-0] INFO  server.RaftServer (RaftServerProxy.java:addNew(100)) - 216a7f9c-aee1-4f98-a365-89228e2ed43b: addNew group-A5F7B5452D65:[b5f002a5-35f0-4e5a-a46f-90a89988a4c4|10.1.0.19:15014, 216a7f9c-aee1-4f98-a365-89228e2ed43b|10.1.0.19:15032, bba1c53a-a6f8-4b7f-a0a1-8d65da7b011f|10.1.0.19:15023] returns group-A5F7B5452D65:java.util.concurrent.CompletableFuture@fb91d2d[Not completed]
2024-01-08 10:08:12,031 [b5f002a5-35f0-4e5a-a46f-90a89988a4c4-PipelineCommandHandlerThread-0] INFO  commandhandler.CreatePipelineCommandHandler (CreatePipelineCommandHandler.java:lambda$handle$2(124)) - Created Pipeline RATIS THREE PipelineID=9d517986-09af-4c0d-8bf4-538e3b61f6e1.
2024-01-08 10:08:12,032 [b5f002a5-35f0-4e5a-a46f-90a89988a4c4-PipelineCommandHandlerThread-0] INFO  server.RaftServer (RaftServerProxy.java:addNew(100)) - b5f002a5-35f0-4e5a-a46f-90a89988a4c4: addNew group-A5F7B5452D65:[b5f002a5-35f0-4e5a-a46f-90a89988a4c4|10.1.0.19:15014, 216a7f9c-aee1-4f98-a365-89228e2ed43b|10.1.0.19:15032, bba1c53a-a6f8-4b7f-a0a1-8d65da7b011f|10.1.0.19:15023] returns group-A5F7B5452D65:java.util.concurrent.CompletableFuture@24ac900b[Not completed]
2024-01-08 10:08:12,033 [bba1c53a-a6f8-4b7f-a0a1-8d65da7b011f-groupManagement] INFO  server.RaftServer$Division (RaftServerImpl.java:<init>(256)) - bba1c53a-a6f8-4b7f-a0a1-8d65da7b011f: new RaftServerImpl for group-A5F7B5452D65:[b5f002a5-35f0-4e5a-a46f-90a89988a4c4|10.1.0.19:15014, 216a7f9c-aee1-4f98-a365-89228e2ed43b|10.1.0.19:15032, bba1c53a-a6f8-4b7f-a0a1-8d65da7b011f|10.1.0.19:15023] with ContainerStateMachine:uninitialized
2024-01-08 10:08:12,033 [bba1c53a-a6f8-4b7f-a0a1-8d65da7b011f-groupManagement] INFO  server.RaftServerConfigKeys (ConfUtils.java:logGet(46)) - raft.server.rpc.timeout.min = 5s (custom)
2024-01-08 10:08:12,033 [b5f002a5-35f0-4e5a-a46f-90a89988a4c4-groupManagement] INFO  server.RaftServer$Division (RaftServerImpl.java:<init>(256)) - b5f002a5-35f0-4e5a-a46f-90a89988a4c4: new RaftServerImpl for group-A5F7B5452D65:[b5f002a5-35f0-4e5a-a46f-90a89988a4c4|10.1.0.19:15014, 216a7f9c-aee1-4f98-a365-89228e2ed43b|10.1.0.19:15032, bba1c53a-a6f8-4b7f-a0a1-8d65da7b011f|10.1.0.19:15023] with ContainerStateMachine:uninitialized
2024-01-08 10:08:12,033 [bba1c53a-a6f8-4b7f-a0a1-8d65da7b011f-groupManagement] INFO  server.RaftServerConfigKeys (ConfUtils.java:logGet(46)) - raft.server.rpc.timeout.max = 5200ms (custom)
2024-01-08 10:08:12,033 [b5f002a5-35f0-4e5a-a46f-90a89988a4c4-groupManagement] INFO  server.RaftServerConfigKeys (ConfUtils.java:logGet(46)) - raft.server.rpc.timeout.min = 5s (custom)
2024-01-08 10:08:12,033 [216a7f9c-aee1-4f98-a365-89228e2ed43b-groupManagement] INFO  server.RaftServer$Division (RaftServerImpl.java:<init>(256)) - 216a7f9c-aee1-4f98-a365-89228e2ed43b: new RaftServerImpl for group-A5F7B5452D65:[b5f002a5-35f0-4e5a-a46f-90a89988a4c4|10.1.0.19:15014, 216a7f9c-aee1-4f98-a365-89228e2ed43b|10.1.0.19:15032, bba1c53a-a6f8-4b7f-a0a1-8d65da7b011f|10.1.0.19:15023] with ContainerStateMachine:uninitialized
2024-01-08 10:08:12,033 [b5f002a5-35f0-4e5a-a46f-90a89988a4c4-groupManagement] INFO  server.RaftServerConfigKeys (ConfUtils.java:logGet(46)) - raft.server.rpc.timeout.max = 5200ms (custom)
2024-01-08 10:08:12,033 [216a7f9c-aee1-4f98-a365-89228e2ed43b-groupManagement] INFO  server.RaftServerConfigKeys (ConfUtils.java:logGet(46)) - raft.server.rpc.timeout.min = 5s (custom)
2024-01-08 10:08:12,033 [b5f002a5-35f0-4e5a-a46f-90a89988a4c4-groupManagement] INFO  server.RaftServerConfigKeys (ConfUtils.java:logGet(46)) - raft.server.rpc.sleep.time = 25ms (default)
2024-01-08 10:08:12,033 [b5f002a5-35f0-4e5a-a46f-90a89988a4c4-groupManagement] INFO  server.RaftServerConfigKeys (ConfUtils.java:logGet(46)) - raft.server.rpc.slowness.timeout = 300s (custom)
2024-01-08 10:08:12,034 [b5f002a5-35f0-4e5a-a46f-90a89988a4c4-groupManagement] INFO  server.RaftServerConfigKeys (ConfUtils.java:logGet(46)) - raft.server.leaderelection.leader.step-down.wait-time = 10s (default)
2024-01-08 10:08:12,034 [b5f002a5-35f0-4e5a-a46f-90a89988a4c4-groupManagement] INFO  server.RaftServerConfigKeys (ConfUtils.java:logGet(46)) - raft.server.leaderelection.member.majority-add = false (default)
2024-01-08 10:08:12,034 [b5f002a5-35f0-4e5a-a46f-90a89988a4c4-groupManagement] INFO  server.RaftServerConfigKeys (ConfUtils.java:logGet(46)) - raft.server.sleep.deviation.threshold = 300ms (default)
2024-01-08 10:08:12,034 [b5f002a5-35f0-4e5a-a46f-90a89988a4c4-groupManagement] INFO  server.RaftServer$Division (ServerState.java:<init>(113)) - b5f002a5-35f0-4e5a-a46f-90a89988a4c4@group-A5F7B5452D65: ConfigurationManager, init=-1: peers:[b5f002a5-35f0-4e5a-a46f-90a89988a4c4|10.1.0.19:15014, 216a7f9c-aee1-4f98-a365-89228e2ed43b|10.1.0.19:15032, bba1c53a-a6f8-4b7f-a0a1-8d65da7b011f|10.1.0.19:15023]|listeners:[], old=null, confs=<EMPTY_MAP>
2024-01-08 10:08:12,034 [b5f002a5-35f0-4e5a-a46f-90a89988a4c4-groupManagement] INFO  server.RaftServerConfigKeys (ConfUtils.java:logGet(46)) - raft.server.notification.no-leader.timeout = 300s (custom)
2024-01-08 10:08:12,034 [b5f002a5-35f0-4e5a-a46f-90a89988a4c4-groupManagement] INFO  server.RaftServerConfigKeys (ConfUtils.java:logGet(46)) - raft.server.read.timeout = 10s (default)
2024-01-08 10:08:12,034 [b5f002a5-35f0-4e5a-a46f-90a89988a4c4-groupManagement] INFO  server.RaftServerConfigKeys (ConfUtils.java:logGet(46)) - raft.server.retrycache.expirytime = 600000ms (custom)
2024-01-08 10:08:12,034 [b5f002a5-35f0-4e5a-a46f-90a89988a4c4-groupManagement] INFO  server.RaftServerConfigKeys (ConfUtils.java:logGet(46)) - raft.server.retrycache.statistics.expirytime = 100ms (default)
2024-01-08 10:08:12,033 [bba1c53a-a6f8-4b7f-a0a1-8d65da7b011f-groupManagement] INFO  server.RaftServerConfigKeys (ConfUtils.java:logGet(46)) - raft.server.rpc.sleep.time = 25ms (default)
2024-01-08 10:08:12,034 [b5f002a5-35f0-4e5a-a46f-90a89988a4c4-groupManagement] INFO  server.RaftServerConfigKeys (ConfUtils.java:logGet(46)) - raft.server.read.option = DEFAULT (default)
2024-01-08 10:08:12,034 [b5f002a5-35f0-4e5a-a46f-90a89988a4c4-groupManagement] INFO  server.RaftServerConfigKeys (ConfUtils.java:logGet(46)) - raft.server.read.read-after-write-consistent.write-index-cache.expiry-time = 60s (default)
2024-01-08 10:08:12,033 [216a7f9c-aee1-4f98-a365-89228e2ed43b-groupManagement] INFO  server.RaftServerConfigKeys (ConfUtils.java:logGet(46)) - raft.server.rpc.timeout.max = 5200ms (custom)
2024-01-08 10:08:12,034 [bba1c53a-a6f8-4b7f-a0a1-8d65da7b011f-groupManagement] INFO  server.RaftServerConfigKeys (ConfUtils.java:logGet(46)) - raft.server.rpc.slowness.timeout = 300s (custom)
2024-01-08 10:08:12,035 [bba1c53a-a6f8-4b7f-a0a1-8d65da7b011f-groupManagement] INFO  server.RaftServerConfigKeys (ConfUtils.java:logGet(46)) - raft.server.leaderelection.leader.step-down.wait-time = 10s (default)
2024-01-08 10:08:12,035 [bba1c53a-a6f8-4b7f-a0a1-8d65da7b011f-groupManagement] INFO  server.RaftServerConfigKeys (ConfUtils.java:logGet(46)) - raft.server.leaderelection.member.majority-add = false (default)
2024-01-08 10:08:12,035 [bba1c53a-a6f8-4b7f-a0a1-8d65da7b011f-groupManagement] INFO  server.RaftServerConfigKeys (ConfUtils.java:logGet(46)) - raft.server.sleep.deviation.threshold = 300ms (default)
2024-01-08 10:08:12,035 [bba1c53a-a6f8-4b7f-a0a1-8d65da7b011f-groupManagement] INFO  server.RaftServer$Division (ServerState.java:<init>(113)) - bba1c53a-a6f8-4b7f-a0a1-8d65da7b011f@group-A5F7B5452D65: ConfigurationManager, init=-1: peers:[b5f002a5-35f0-4e5a-a46f-90a89988a4c4|10.1.0.19:15014, 216a7f9c-aee1-4f98-a365-89228e2ed43b|10.1.0.19:15032, bba1c53a-a6f8-4b7f-a0a1-8d65da7b011f|10.1.0.19:15023]|listeners:[], old=null, confs=<EMPTY_MAP>
2024-01-08 10:08:12,035 [bba1c53a-a6f8-4b7f-a0a1-8d65da7b011f-groupManagement] INFO  server.RaftServerConfigKeys (ConfUtils.java:logGet(46)) - raft.server.notification.no-leader.timeout = 300s (custom)
2024-01-08 10:08:12,035 [bba1c53a-a6f8-4b7f-a0a1-8d65da7b011f-groupManagement] INFO  server.RaftServerConfigKeys (ConfUtils.java:logGet(46)) - raft.server.read.timeout = 10s (default)
2024-01-08 10:08:12,035 [bba1c53a-a6f8-4b7f-a0a1-8d65da7b011f-groupManagement] INFO  server.RaftServerConfigKeys (ConfUtils.java:logGet(46)) - raft.server.retrycache.expirytime = 600000ms (custom)
2024-01-08 10:08:12,035 [bba1c53a-a6f8-4b7f-a0a1-8d65da7b011f-groupManagement] INFO  server.RaftServerConfigKeys (ConfUtils.java:logGet(46)) - raft.server.retrycache.statistics.expirytime = 100ms (default)
2024-01-08 10:08:12,036 [bba1c53a-a6f8-4b7f-a0a1-8d65da7b011f-groupManagement] INFO  server.RaftServerConfigKeys (ConfUtils.java:logGet(46)) - raft.server.read.option = DEFAULT (default)
2024-01-08 10:08:12,036 [bba1c53a-a6f8-4b7f-a0a1-8d65da7b011f-groupManagement] INFO  server.RaftServerConfigKeys (ConfUtils.java:logGet(46)) - raft.server.read.read-after-write-consistent.write-index-cache.expiry-time = 60s (default)
2024-01-08 10:08:12,035 [216a7f9c-aee1-4f98-a365-89228e2ed43b-groupManagement] INFO  server.RaftServerConfigKeys (ConfUtils.java:logGet(46)) - raft.server.rpc.sleep.time = 25ms (default)
2024-01-08 10:08:12,037 [216a7f9c-aee1-4f98-a365-89228e2ed43b-groupManagement] INFO  server.RaftServerConfigKeys (ConfUtils.java:logGet(46)) - raft.server.rpc.slowness.timeout = 300s (custom)
2024-01-08 10:08:12,037 [216a7f9c-aee1-4f98-a365-89228e2ed43b-groupManagement] INFO  server.RaftServerConfigKeys (ConfUtils.java:logGet(46)) - raft.server.leaderelection.leader.step-down.wait-time = 10s (default)
2024-01-08 10:08:12,037 [216a7f9c-aee1-4f98-a365-89228e2ed43b-groupManagement] INFO  server.RaftServerConfigKeys (ConfUtils.java:logGet(46)) - raft.server.leaderelection.member.majority-add = false (default)
2024-01-08 10:08:12,037 [216a7f9c-aee1-4f98-a365-89228e2ed43b-groupManagement] INFO  server.RaftServerConfigKeys (ConfUtils.java:logGet(46)) - raft.server.sleep.deviation.threshold = 300ms (default)
2024-01-08 10:08:12,037 [216a7f9c-aee1-4f98-a365-89228e2ed43b-groupManagement] INFO  server.RaftServer$Division (ServerState.java:<init>(113)) - 216a7f9c-aee1-4f98-a365-89228e2ed43b@group-A5F7B5452D65: ConfigurationManager, init=-1: peers:[b5f002a5-35f0-4e5a-a46f-90a89988a4c4|10.1.0.19:15014, 216a7f9c-aee1-4f98-a365-89228e2ed43b|10.1.0.19:15032, bba1c53a-a6f8-4b7f-a0a1-8d65da7b011f|10.1.0.19:15023]|listeners:[], old=null, confs=<EMPTY_MAP>
2024-01-08 10:08:12,037 [216a7f9c-aee1-4f98-a365-89228e2ed43b-groupManagement] INFO  server.RaftServerConfigKeys (ConfUtils.java:logGet(46)) - raft.server.notification.no-leader.timeout = 300s (custom)
2024-01-08 10:08:12,037 [216a7f9c-aee1-4f98-a365-89228e2ed43b-groupManagement] INFO  server.RaftServerConfigKeys (ConfUtils.java:logGet(46)) - raft.server.read.timeout = 10s (default)
2024-01-08 10:08:12,037 [216a7f9c-aee1-4f98-a365-89228e2ed43b-groupManagement] INFO  server.RaftServerConfigKeys (ConfUtils.java:logGet(46)) - raft.server.retrycache.expirytime = 600000ms (custom)
2024-01-08 10:08:12,037 [216a7f9c-aee1-4f98-a365-89228e2ed43b-groupManagement] INFO  server.RaftServerConfigKeys (ConfUtils.java:logGet(46)) - raft.server.retrycache.statistics.expirytime = 100ms (default)
2024-01-08 10:08:12,037 [216a7f9c-aee1-4f98-a365-89228e2ed43b-groupManagement] INFO  server.RaftServerConfigKeys (ConfUtils.java:logGet(46)) - raft.server.read.option = DEFAULT (default)
2024-01-08 10:08:12,037 [216a7f9c-aee1-4f98-a365-89228e2ed43b-groupManagement] INFO  server.RaftServerConfigKeys (ConfUtils.java:logGet(46)) - raft.server.read.read-after-write-consistent.write-index-cache.expiry-time = 60s (default)
2024-01-08 10:08:12,039 [b5f002a5-35f0-4e5a-a46f-90a89988a4c4-groupManagement] INFO  server.RaftServerConfigKeys (ConfUtils.java:logGet(46)) - raft.server.rpc.request.timeout = 60s (custom)
2024-01-08 10:08:12,039 [b5f002a5-35f0-4e5a-a46f-90a89988a4c4-groupManagement] INFO  server.RaftServerConfigKeys (ConfUtils.java:logGet(46)) - raft.server.log.appender.install.snapshot.enabled = false (custom)
2024-01-08 10:08:12,039 [b5f002a5-35f0-4e5a-a46f-90a89988a4c4-groupManagement] INFO  server.RaftServerConfigKeys (ConfUtils.java:logGet(46)) - raft.server.threadpool.server.cached = true (default)
2024-01-08 10:08:12,039 [b5f002a5-35f0-4e5a-a46f-90a89988a4c4-groupManagement] INFO  server.RaftServerConfigKeys (ConfUtils.java:logGet(46)) - raft.server.threadpool.server.size = 0 (default)
2024-01-08 10:08:12,039 [b5f002a5-35f0-4e5a-a46f-90a89988a4c4-groupManagement] INFO  server.RaftServerConfigKeys (ConfUtils.java:logGet(46)) - raft.server.threadpool.client.cached = true (default)
2024-01-08 10:08:12,039 [b5f002a5-35f0-4e5a-a46f-90a89988a4c4-groupManagement] INFO  server.RaftServerConfigKeys (ConfUtils.java:logGet(46)) - raft.server.threadpool.client.size = 0 (default)
2024-01-08 10:08:12,039 [b5f002a5-35f0-4e5a-a46f-90a89988a4c4-groupManagement] INFO  server.RaftServerConfigKeys (ConfUtils.java:logGet(46)) - raft.server.storage.free-space.min = 0MB (=0) (default)
2024-01-08 10:08:12,040 [b5f002a5-35f0-4e5a-a46f-90a89988a4c4-groupManagement] INFO  server.RaftServerConfigKeys (ConfUtils.java:logGet(46)) - raft.server.log.corruption.policy = EXCEPTION (default)
2024-01-08 10:08:12,040 [b5f002a5-35f0-4e5a-a46f-90a89988a4c4-groupManagement] INFO  server.RaftServerConfigKeys (ConfUtils.java:logGet(46)) - raft.server.storage.dir = [/home/runner/work/ozone/ozone/hadoop-ozone/integration-test/target/test-dir/MiniOzoneClusterImpl-d16d6234-9da8-43a0-bd28-723006ad2f80/datanode-0/data/ratis] (custom)
2024-01-08 10:08:12,040 [b5f002a5-35f0-4e5a-a46f-90a89988a4c4-groupManagement] INFO  storage.RaftStorageDirectory (RaftStorageDirectoryImpl.java:analyzeStorage(138)) - The storage directory /home/runner/work/ozone/ozone/hadoop-ozone/integration-test/target/test-dir/MiniOzoneClusterImpl-d16d6234-9da8-43a0-bd28-723006ad2f80/datanode-0/data/ratis/0a199dab-98f4-47f6-a121-a5f7b5452d65 does not exist. Creating ...
2024-01-08 10:08:12,044 [bba1c53a-a6f8-4b7f-a0a1-8d65da7b011f-groupManagement] INFO  server.RaftServerConfigKeys (ConfUtils.java:logGet(46)) - raft.server.rpc.request.timeout = 60s (custom)
2024-01-08 10:08:12,044 [bba1c53a-a6f8-4b7f-a0a1-8d65da7b011f-groupManagement] INFO  server.RaftServerConfigKeys (ConfUtils.java:logGet(46)) - raft.server.log.appender.install.snapshot.enabled = false (custom)
2024-01-08 10:08:12,044 [bba1c53a-a6f8-4b7f-a0a1-8d65da7b011f-groupManagement] INFO  server.RaftServerConfigKeys (ConfUtils.java:logGet(46)) - raft.server.threadpool.server.cached = true (default)
2024-01-08 10:08:12,044 [bba1c53a-a6f8-4b7f-a0a1-8d65da7b011f-groupManagement] INFO  server.RaftServerConfigKeys (ConfUtils.java:logGet(46)) - raft.server.threadpool.server.size = 0 (default)
2024-01-08 10:08:12,044 [bba1c53a-a6f8-4b7f-a0a1-8d65da7b011f-groupManagement] INFO  server.RaftServerConfigKeys (ConfUtils.java:logGet(46)) - raft.server.threadpool.client.cached = true (default)
2024-01-08 10:08:12,045 [bba1c53a-a6f8-4b7f-a0a1-8d65da7b011f-groupManagement] INFO  server.RaftServerConfigKeys (ConfUtils.java:logGet(46)) - raft.server.threadpool.client.size = 0 (default)
2024-01-08 10:08:12,045 [bba1c53a-a6f8-4b7f-a0a1-8d65da7b011f-groupManagement] INFO  server.RaftServerConfigKeys (ConfUtils.java:logGet(46)) - raft.server.storage.free-space.min = 0MB (=0) (default)
2024-01-08 10:08:12,045 [bba1c53a-a6f8-4b7f-a0a1-8d65da7b011f-groupManagement] INFO  server.RaftServerConfigKeys (ConfUtils.java:logGet(46)) - raft.server.log.corruption.policy = EXCEPTION (default)
2024-01-08 10:08:12,045 [bba1c53a-a6f8-4b7f-a0a1-8d65da7b011f-groupManagement] INFO  server.RaftServerConfigKeys (ConfUtils.java:logGet(46)) - raft.server.storage.dir = [/home/runner/work/ozone/ozone/hadoop-ozone/integration-test/target/test-dir/MiniOzoneClusterImpl-d16d6234-9da8-43a0-bd28-723006ad2f80/datanode-1/data/ratis] (custom)
2024-01-08 10:08:12,045 [bba1c53a-a6f8-4b7f-a0a1-8d65da7b011f-groupManagement] INFO  storage.RaftStorageDirectory (RaftStorageDirectoryImpl.java:analyzeStorage(138)) - The storage directory /home/runner/work/ozone/ozone/hadoop-ozone/integration-test/target/test-dir/MiniOzoneClusterImpl-d16d6234-9da8-43a0-bd28-723006ad2f80/datanode-1/data/ratis/0a199dab-98f4-47f6-a121-a5f7b5452d65 does not exist. Creating ...
2024-01-08 10:08:12,046 [216a7f9c-aee1-4f98-a365-89228e2ed43b-groupManagement] INFO  server.RaftServerConfigKeys (ConfUtils.java:logGet(46)) - raft.server.rpc.request.timeout = 60s (custom)
2024-01-08 10:08:12,046 [216a7f9c-aee1-4f98-a365-89228e2ed43b-groupManagement] INFO  server.RaftServerConfigKeys (ConfUtils.java:logGet(46)) - raft.server.log.appender.install.snapshot.enabled = false (custom)
2024-01-08 10:08:12,046 [216a7f9c-aee1-4f98-a365-89228e2ed43b-groupManagement] INFO  server.RaftServerConfigKeys (ConfUtils.java:logGet(46)) - raft.server.threadpool.server.cached = true (default)
2024-01-08 10:08:12,047 [216a7f9c-aee1-4f98-a365-89228e2ed43b-groupManagement] INFO  server.RaftServerConfigKeys (ConfUtils.java:logGet(46)) - raft.server.threadpool.server.size = 0 (default)
2024-01-08 10:08:12,047 [216a7f9c-aee1-4f98-a365-89228e2ed43b-groupManagement] INFO  server.RaftServerConfigKeys (ConfUtils.java:logGet(46)) - raft.server.threadpool.client.cached = true (default)
2024-01-08 10:08:12,047 [216a7f9c-aee1-4f98-a365-89228e2ed43b-groupManagement] INFO  server.RaftServerConfigKeys (ConfUtils.java:logGet(46)) - raft.server.threadpool.client.size = 0 (default)
2024-01-08 10:08:12,047 [216a7f9c-aee1-4f98-a365-89228e2ed43b-groupManagement] INFO  server.RaftServerConfigKeys (ConfUtils.java:logGet(46)) - raft.server.storage.free-space.min = 0MB (=0) (default)
2024-01-08 10:08:12,047 [216a7f9c-aee1-4f98-a365-89228e2ed43b-groupManagement] INFO  server.RaftServerConfigKeys (ConfUtils.java:logGet(46)) - raft.server.log.corruption.policy = EXCEPTION (default)
2024-01-08 10:08:12,047 [216a7f9c-aee1-4f98-a365-89228e2ed43b-groupManagement] INFO  server.RaftServerConfigKeys (ConfUtils.java:logGet(46)) - raft.server.storage.dir = [/home/runner/work/ozone/ozone/hadoop-ozone/integration-test/target/test-dir/MiniOzoneClusterImpl-d16d6234-9da8-43a0-bd28-723006ad2f80/datanode-2/data/ratis] (custom)
2024-01-08 10:08:12,047 [216a7f9c-aee1-4f98-a365-89228e2ed43b-groupManagement] INFO  storage.RaftStorageDirectory (RaftStorageDirectoryImpl.java:analyzeStorage(138)) - The storage directory /home/runner/work/ozone/ozone/hadoop-ozone/integration-test/target/test-dir/MiniOzoneClusterImpl-d16d6234-9da8-43a0-bd28-723006ad2f80/datanode-2/data/ratis/0a199dab-98f4-47f6-a121-a5f7b5452d65 does not exist. Creating ...
2024-01-08 10:08:12,047 [b5f002a5-35f0-4e5a-a46f-90a89988a4c4-groupManagement] INFO  storage.RaftStorageDirectory (RaftStorageDirectoryImpl.java:tryLock(232)) - Lock on /home/runner/work/ozone/ozone/hadoop-ozone/integration-test/target/test-dir/MiniOzoneClusterImpl-d16d6234-9da8-43a0-bd28-723006ad2f80/datanode-0/data/ratis/0a199dab-98f4-47f6-a121-a5f7b5452d65/in_use.lock acquired by nodename 56297@fv-az1117-812
2024-01-08 10:08:12,049 [216a7f9c-aee1-4f98-a365-89228e2ed43b-groupManagement] INFO  storage.RaftStorageDirectory (RaftStorageDirectoryImpl.java:tryLock(232)) - Lock on /home/runner/work/ozone/ozone/hadoop-ozone/integration-test/target/test-dir/MiniOzoneClusterImpl-d16d6234-9da8-43a0-bd28-723006ad2f80/datanode-2/data/ratis/0a199dab-98f4-47f6-a121-a5f7b5452d65/in_use.lock acquired by nodename 56297@fv-az1117-812
2024-01-08 10:08:12,049 [bba1c53a-a6f8-4b7f-a0a1-8d65da7b011f-groupManagement] INFO  storage.RaftStorageDirectory (RaftStorageDirectoryImpl.java:tryLock(232)) - Lock on /home/runner/work/ozone/ozone/hadoop-ozone/integration-test/target/test-dir/MiniOzoneClusterImpl-d16d6234-9da8-43a0-bd28-723006ad2f80/datanode-1/data/ratis/0a199dab-98f4-47f6-a121-a5f7b5452d65/in_use.lock acquired by nodename 56297@fv-az1117-812
2024-01-08 10:08:12,050 [b5f002a5-35f0-4e5a-a46f-90a89988a4c4-groupManagement] INFO  storage.RaftStorage (RaftStorageImpl.java:format(97)) - Storage directory /home/runner/work/ozone/ozone/hadoop-ozone/integration-test/target/test-dir/MiniOzoneClusterImpl-d16d6234-9da8-43a0-bd28-723006ad2f80/datanode-0/data/ratis/0a199dab-98f4-47f6-a121-a5f7b5452d65 has been successfully formatted.
2024-01-08 10:08:12,050 [b5f002a5-35f0-4e5a-a46f-90a89988a4c4-groupManagement] INFO  ratis.ContainerStateMachine (ContainerStateMachine.java:loadSnapshot(287)) - group-A5F7B5452D65: The snapshot info is null. Setting the last applied index to:(t:0, i:~)
2024-01-08 10:08:12,050 [b5f002a5-35f0-4e5a-a46f-90a89988a4c4-groupManagement] INFO  server.RaftServerConfigKeys (ConfUtils.java:logGet(46)) - raft.server.log.use.memory = false (default)
2024-01-08 10:08:12,050 [b5f002a5-35f0-4e5a-a46f-90a89988a4c4-groupManagement] INFO  server.RaftServerConfigKeys (ConfUtils.java:logGet(46)) - raft.server.log.purge.gap = 1000000 (custom)
2024-01-08 10:08:12,051 [b5f002a5-35f0-4e5a-a46f-90a89988a4c4-groupManagement] INFO  server.RaftServerConfigKeys (ConfUtils.java:logGet(46)) - raft.server.log.appender.buffer.byte-limit = 8388608 (custom)
2024-01-08 10:08:12,051 [b5f002a5-35f0-4e5a-a46f-90a89988a4c4-groupManagement] INFO  server.RaftServerConfigKeys (ConfUtils.java:logGet(46)) - raft.server.log.statemachine.data.read.timeout = 1000ms (default)
2024-01-08 10:08:12,051 [b5f002a5-35f0-4e5a-a46f-90a89988a4c4-groupManagement] INFO  server.RaftServerConfigKeys (ConfUtils.java:logGet(46)) - raft.server.log.purge.preservation.log.num = 0 (default)
2024-01-08 10:08:12,051 [216a7f9c-aee1-4f98-a365-89228e2ed43b-groupManagement] INFO  storage.RaftStorage (RaftStorageImpl.java:format(97)) - Storage directory /home/runner/work/ozone/ozone/hadoop-ozone/integration-test/target/test-dir/MiniOzoneClusterImpl-d16d6234-9da8-43a0-bd28-723006ad2f80/datanode-2/data/ratis/0a199dab-98f4-47f6-a121-a5f7b5452d65 has been successfully formatted.
2024-01-08 10:08:12,052 [216a7f9c-aee1-4f98-a365-89228e2ed43b-groupManagement] INFO  ratis.ContainerStateMachine (ContainerStateMachine.java:loadSnapshot(287)) - group-A5F7B5452D65: The snapshot info is null. Setting the last applied index to:(t:0, i:~)
2024-01-08 10:08:12,052 [216a7f9c-aee1-4f98-a365-89228e2ed43b-groupManagement] INFO  server.RaftServerConfigKeys (ConfUtils.java:logGet(46)) - raft.server.log.use.memory = false (default)
2024-01-08 10:08:12,052 [216a7f9c-aee1-4f98-a365-89228e2ed43b-groupManagement] INFO  server.RaftServerConfigKeys (ConfUtils.java:logGet(46)) - raft.server.log.purge.gap = 1000000 (custom)
2024-01-08 10:08:12,052 [216a7f9c-aee1-4f98-a365-89228e2ed43b-groupManagement] INFO  server.RaftServerConfigKeys (ConfUtils.java:logGet(46)) - raft.server.log.appender.buffer.byte-limit = 8388608 (custom)
2024-01-08 10:08:12,052 [216a7f9c-aee1-4f98-a365-89228e2ed43b-groupManagement] INFO  server.RaftServerConfigKeys (ConfUtils.java:logGet(46)) - raft.server.log.statemachine.data.read.timeout = 1000ms (default)
2024-01-08 10:08:12,052 [216a7f9c-aee1-4f98-a365-89228e2ed43b-groupManagement] INFO  server.RaftServerConfigKeys (ConfUtils.java:logGet(46)) - raft.server.log.purge.preservation.log.num = 0 (default)
2024-01-08 10:08:12,060 [bba1c53a-a6f8-4b7f-a0a1-8d65da7b011f-groupManagement] INFO  storage.RaftStorage (RaftStorageImpl.java:format(97)) - Storage directory /home/runner/work/ozone/ozone/hadoop-ozone/integration-test/target/test-dir/MiniOzoneClusterImpl-d16d6234-9da8-43a0-bd28-723006ad2f80/datanode-1/data/ratis/0a199dab-98f4-47f6-a121-a5f7b5452d65 has been successfully formatted.
2024-01-08 10:08:12,060 [EventQueue-OpenPipelineForHealthyPipelineSafeModeRule] INFO  safemode.SCMSafeModeManager (HealthyPipelineSafeModeRule.java:process(140)) - SCM in safe mode. Healthy pipelines reported count is 0, required healthy pipeline reported count is 1
2024-01-08 10:08:12,061 [bba1c53a-a6f8-4b7f-a0a1-8d65da7b011f-groupManagement] INFO  ratis.ContainerStateMachine (ContainerStateMachine.java:loadSnapshot(287)) - group-A5F7B5452D65: The snapshot info is null. Setting the last applied index to:(t:0, i:~)
2024-01-08 10:08:12,061 [bba1c53a-a6f8-4b7f-a0a1-8d65da7b011f-groupManagement] INFO  server.RaftServerConfigKeys (ConfUtils.java:logGet(46)) - raft.server.log.use.memory = false (default)
2024-01-08 10:08:12,061 [bba1c53a-a6f8-4b7f-a0a1-8d65da7b011f-groupManagement] INFO  server.RaftServerConfigKeys (ConfUtils.java:logGet(46)) - raft.server.log.purge.gap = 1000000 (custom)
2024-01-08 10:08:12,062 [bba1c53a-a6f8-4b7f-a0a1-8d65da7b011f-groupManagement] INFO  server.RaftServerConfigKeys (ConfUtils.java:logGet(46)) - raft.server.log.appender.buffer.byte-limit = 8388608 (custom)
2024-01-08 10:08:12,062 [bba1c53a-a6f8-4b7f-a0a1-8d65da7b011f-groupManagement] INFO  server.RaftServerConfigKeys (ConfUtils.java:logGet(46)) - raft.server.log.statemachine.data.read.timeout = 1000ms (default)
2024-01-08 10:08:12,062 [bba1c53a-a6f8-4b7f-a0a1-8d65da7b011f-groupManagement] INFO  server.RaftServerConfigKeys (ConfUtils.java:logGet(46)) - raft.server.log.purge.preservation.log.num = 0 (default)
2024-01-08 10:08:12,064 [EventQueue-OpenPipelineForHealthyPipelineSafeModeRule] INFO  safemode.SCMSafeModeManager (HealthyPipelineSafeModeRule.java:process(140)) - SCM in safe mode. Healthy pipelines reported count is 0, required healthy pipeline reported count is 1
2024-01-08 10:08:12,064 [EventQueue-OpenPipelineForHealthyPipelineSafeModeRule] INFO  safemode.SCMSafeModeManager (HealthyPipelineSafeModeRule.java:process(140)) - SCM in safe mode. Healthy pipelines reported count is 0, required healthy pipeline reported count is 1
2024-01-08 10:08:12,065 [216a7f9c-aee1-4f98-a365-89228e2ed43b-groupManagement] INFO  server.RaftServerConfigKeys (ConfUtils.java:logGet(46)) - raft.server.log.segment.size.max = 67108864 (custom)
2024-01-08 10:08:12,066 [216a7f9c-aee1-4f98-a365-89228e2ed43b-groupManagement] INFO  server.RaftServerConfigKeys (ConfUtils.java:logGet(46)) - raft.server.log.segment.cache.num.max = 2 (custom)
2024-01-08 10:08:12,067 [216a7f9c-aee1-4f98-a365-89228e2ed43b-groupManagement] INFO  server.RaftServerConfigKeys (ConfUtils.java:logGet(46)) - raft.server.log.segment.cache.size.max = 200MB (=209715200) (default)
2024-01-08 10:08:12,067 [216a7f9c-aee1-4f98-a365-89228e2ed43b-groupManagement] INFO  server.RaftServerConfigKeys (ConfUtils.java:logGet(46)) - raft.server.log.appender.buffer.byte-limit = 8388608 (custom)
2024-01-08 10:08:12,067 [216a7f9c-aee1-4f98-a365-89228e2ed43b-groupManagement] INFO  util.AwaitToRun (AwaitToRun.java:start(81)) - Thread[216a7f9c-aee1-4f98-a365-89228e2ed43b@group-A5F7B5452D65-cacheEviction-AwaitToRun,5,main] started
2024-01-08 10:08:12,067 [216a7f9c-aee1-4f98-a365-89228e2ed43b-groupManagement] INFO  segmented.SegmentedRaftLogWorker (SegmentedRaftLogWorker.java:<init>(184)) - new 216a7f9c-aee1-4f98-a365-89228e2ed43b@group-A5F7B5452D65-SegmentedRaftLogWorker for RaftStorageImpl:Storage Directory /home/runner/work/ozone/ozone/hadoop-ozone/integration-test/target/test-dir/MiniOzoneClusterImpl-d16d6234-9da8-43a0-bd28-723006ad2f80/datanode-2/data/ratis/0a199dab-98f4-47f6-a121-a5f7b5452d65
2024-01-08 10:08:12,067 [216a7f9c-aee1-4f98-a365-89228e2ed43b-groupManagement] INFO  server.RaftServerConfigKeys (ConfUtils.java:logGet(46)) - raft.server.log.queue.byte-limit = 4294967296 (custom)
2024-01-08 10:08:12,067 [216a7f9c-aee1-4f98-a365-89228e2ed43b-groupManagement] INFO  server.RaftServerConfigKeys (ConfUtils.java:logGet(46)) - raft.server.log.queue.element-limit = 1024 (custom)
2024-01-08 10:08:12,067 [216a7f9c-aee1-4f98-a365-89228e2ed43b-groupManagement] INFO  server.RaftServerConfigKeys (ConfUtils.java:logGet(46)) - raft.server.log.segment.size.max = 67108864 (custom)
2024-01-08 10:08:12,067 [216a7f9c-aee1-4f98-a365-89228e2ed43b-groupManagement] INFO  server.RaftServerConfigKeys (ConfUtils.java:logGet(46)) - raft.server.log.preallocated.size = 4194304 (custom)
2024-01-08 10:08:12,067 [216a7f9c-aee1-4f98-a365-89228e2ed43b-groupManagement] INFO  server.RaftServerConfigKeys (ConfUtils.java:logGet(46)) - raft.server.log.force.sync.num = 128 (default)
2024-01-08 10:08:12,068 [216a7f9c-aee1-4f98-a365-89228e2ed43b-groupManagement] INFO  server.RaftServerConfigKeys (ConfUtils.java:logGet(46)) - raft.server.log.statemachine.data.sync = true (default)
2024-01-08 10:08:12,068 [216a7f9c-aee1-4f98-a365-89228e2ed43b-groupManagement] INFO  server.RaftServerConfigKeys (ConfUtils.java:logGet(46)) - raft.server.log.statemachine.data.sync.timeout = 10s (default)
2024-01-08 10:08:12,068 [216a7f9c-aee1-4f98-a365-89228e2ed43b-groupManagement] INFO  server.RaftServerConfigKeys (ConfUtils.java:logGet(46)) - raft.server.log.statemachine.data.sync.timeout.retry = 0 (custom)
2024-01-08 10:08:12,068 [216a7f9c-aee1-4f98-a365-89228e2ed43b-groupManagement] INFO  server.RaftServerConfigKeys (ConfUtils.java:logGet(46)) - raft.server.log.write.buffer.size = 8388616 (custom)
2024-01-08 10:08:12,070 [216a7f9c-aee1-4f98-a365-89228e2ed43b-groupManagement] INFO  server.RaftServerConfigKeys (ConfUtils.java:logGet(46)) - raft.server.log.appender.buffer.byte-limit = 8388608 (custom)
2024-01-08 10:08:12,071 [216a7f9c-aee1-4f98-a365-89228e2ed43b-groupManagement] INFO  server.RaftServerConfigKeys (ConfUtils.java:logGet(46)) - raft.server.log.unsafe-flush.enabled = false (default)
2024-01-08 10:08:12,071 [216a7f9c-aee1-4f98-a365-89228e2ed43b-groupManagement] INFO  server.RaftServerConfigKeys (ConfUtils.java:logGet(46)) - raft.server.log.async-flush.enabled = false (default)
2024-01-08 10:08:12,071 [216a7f9c-aee1-4f98-a365-89228e2ed43b-groupManagement] INFO  server.RaftServerConfigKeys (ConfUtils.java:logGet(46)) - raft.server.log.statemachine.data.caching.enabled = true (custom)
2024-01-08 10:08:12,071 [216a7f9c-aee1-4f98-a365-89228e2ed43b-groupManagement] INFO  segmented.SegmentedRaftLogWorker (SegmentedRaftLogWorker.java:lambda$new$0(135)) - 216a7f9c-aee1-4f98-a365-89228e2ed43b@group-A5F7B5452D65-SegmentedRaftLogWorker: flushIndex: setUnconditionally 0 -> -1
2024-01-08 10:08:12,071 [216a7f9c-aee1-4f98-a365-89228e2ed43b-groupManagement] INFO  segmented.SegmentedRaftLogWorker (SegmentedRaftLogWorker.java:lambda$new$0(135)) - 216a7f9c-aee1-4f98-a365-89228e2ed43b@group-A5F7B5452D65-SegmentedRaftLogWorker: safeCacheEvictIndex: setUnconditionally 0 -> -1
2024-01-08 10:08:12,071 [216a7f9c-aee1-4f98-a365-89228e2ed43b-groupManagement] INFO  server.RaftServer$Division (RaftServerImpl.java:start(392)) - 216a7f9c-aee1-4f98-a365-89228e2ed43b@group-A5F7B5452D65: start as a follower, conf=-1: peers:[b5f002a5-35f0-4e5a-a46f-90a89988a4c4|10.1.0.19:15014, 216a7f9c-aee1-4f98-a365-89228e2ed43b|10.1.0.19:15032, bba1c53a-a6f8-4b7f-a0a1-8d65da7b011f|10.1.0.19:15023]|listeners:[], old=null
2024-01-08 10:08:12,072 [216a7f9c-aee1-4f98-a365-89228e2ed43b-groupManagement] INFO  server.RaftServer$Division (RaftServerImpl.java:setRole(379)) - 216a7f9c-aee1-4f98-a365-89228e2ed43b@group-A5F7B5452D65: changes role from      null to FOLLOWER at term 0 for startAsFollower
2024-01-08 10:08:12,072 [216a7f9c-aee1-4f98-a365-89228e2ed43b-groupManagement] INFO  impl.RoleInfo (RoleInfo.java:updateAndGet(139)) - 216a7f9c-aee1-4f98-a365-89228e2ed43b: start 216a7f9c-aee1-4f98-a365-89228e2ed43b@group-A5F7B5452D65-FollowerState
2024-01-08 10:08:12,072 [b5f002a5-35f0-4e5a-a46f-90a89988a4c4-groupManagement] INFO  server.RaftServerConfigKeys (ConfUtils.java:logGet(46)) - raft.server.log.segment.size.max = 67108864 (custom)
2024-01-08 10:08:12,073 [216a7f9c-aee1-4f98-a365-89228e2ed43b@group-A5F7B5452D65-FollowerState] INFO  server.RaftServerConfigKeys (ConfUtils.java:logFallback(53)) - raft.server.rpc.first-election.timeout.min = 5s (fallback to raft.server.rpc.timeout.min)
2024-01-08 10:08:12,074 [216a7f9c-aee1-4f98-a365-89228e2ed43b@group-A5F7B5452D65-FollowerState] INFO  server.RaftServerConfigKeys (ConfUtils.java:logFallback(53)) - raft.server.rpc.first-election.timeout.max = 5200ms (fallback to raft.server.rpc.timeout.max)
2024-01-08 10:08:12,074 [b5f002a5-35f0-4e5a-a46f-90a89988a4c4-groupManagement] INFO  server.RaftServerConfigKeys (ConfUtils.java:logGet(46)) - raft.server.log.segment.cache.num.max = 2 (custom)
2024-01-08 10:08:12,074 [b5f002a5-35f0-4e5a-a46f-90a89988a4c4-groupManagement] INFO  server.RaftServerConfigKeys (ConfUtils.java:logGet(46)) - raft.server.log.segment.cache.size.max = 200MB (=209715200) (default)
2024-01-08 10:08:12,074 [b5f002a5-35f0-4e5a-a46f-90a89988a4c4-groupManagement] INFO  server.RaftServerConfigKeys (ConfUtils.java:logGet(46)) - raft.server.log.appender.buffer.byte-limit = 8388608 (custom)
2024-01-08 10:08:12,073 [216a7f9c-aee1-4f98-a365-89228e2ed43b-groupManagement] INFO  util.JmxRegister (JmxRegister.java:tryRegister(44)) - Successfully registered JMX Bean with object name Ratis:service=RaftServer,group=group-A5F7B5452D65,id=216a7f9c-aee1-4f98-a365-89228e2ed43b
2024-01-08 10:08:12,074 [216a7f9c-aee1-4f98-a365-89228e2ed43b-groupManagement] INFO  server.RaftServerConfigKeys (ConfUtils.java:logGet(46)) - raft.server.snapshot.trigger-when-stop.enabled = true (default)
2024-01-08 10:08:12,074 [bba1c53a-a6f8-4b7f-a0a1-8d65da7b011f-groupManagement] INFO  server.RaftServerConfigKeys (ConfUtils.java:logGet(46)) - raft.server.log.segment.size.max = 67108864 (custom)
2024-01-08 10:08:12,074 [216a7f9c-aee1-4f98-a365-89228e2ed43b-groupManagement] INFO  server.RaftServerConfigKeys (ConfUtils.java:logGet(46)) - raft.server.snapshot.auto.trigger.enabled = true (custom)
2024-01-08 10:08:12,074 [216a7f9c-aee1-4f98-a365-89228e2ed43b-groupManagement] INFO  server.RaftServerConfigKeys (ConfUtils.java:logGet(46)) - raft.server.snapshot.auto.trigger.threshold = 10000 (custom)
2024-01-08 10:08:12,074 [216a7f9c-aee1-4f98-a365-89228e2ed43b-groupManagement] INFO  server.RaftServerConfigKeys (ConfUtils.java:logGet(46)) - raft.server.snapshot.retention.file.num = 5 (custom)
2024-01-08 10:08:12,075 [bba1c53a-a6f8-4b7f-a0a1-8d65da7b011f-groupManagement] INFO  server.RaftServerConfigKeys (ConfUtils.java:logGet(46)) - raft.server.log.segment.cache.num.max = 2 (custom)
2024-01-08 10:08:12,075 [216a7f9c-aee1-4f98-a365-89228e2ed43b-groupManagement] INFO  server.RaftServerConfigKeys (ConfUtils.java:logGet(46)) - raft.server.log.purge.upto.snapshot.index = false (default)
2024-01-08 10:08:12,075 [bba1c53a-a6f8-4b7f-a0a1-8d65da7b011f-groupManagement] INFO  server.RaftServerConfigKeys (ConfUtils.java:logGet(46)) - raft.server.log.segment.cache.size.max = 200MB (=209715200) (default)
2024-01-08 10:08:12,077 [bba1c53a-a6f8-4b7f-a0a1-8d65da7b011f-groupManagement] INFO  server.RaftServerConfigKeys (ConfUtils.java:logGet(46)) - raft.server.log.appender.buffer.byte-limit = 8388608 (custom)
2024-01-08 10:08:12,079 [b5f002a5-35f0-4e5a-a46f-90a89988a4c4-groupManagement] INFO  util.AwaitToRun (AwaitToRun.java:start(81)) - Thread[b5f002a5-35f0-4e5a-a46f-90a89988a4c4@group-A5F7B5452D65-cacheEviction-AwaitToRun,5,main] started
2024-01-08 10:08:12,079 [b5f002a5-35f0-4e5a-a46f-90a89988a4c4-groupManagement] INFO  segmented.SegmentedRaftLogWorker (SegmentedRaftLogWorker.java:<init>(184)) - new b5f002a5-35f0-4e5a-a46f-90a89988a4c4@group-A5F7B5452D65-SegmentedRaftLogWorker for RaftStorageImpl:Storage Directory /home/runner/work/ozone/ozone/hadoop-ozone/integration-test/target/test-dir/MiniOzoneClusterImpl-d16d6234-9da8-43a0-bd28-723006ad2f80/datanode-0/data/ratis/0a199dab-98f4-47f6-a121-a5f7b5452d65
2024-01-08 10:08:12,079 [b5f002a5-35f0-4e5a-a46f-90a89988a4c4-groupManagement] INFO  server.RaftServerConfigKeys (ConfUtils.java:logGet(46)) - raft.server.log.queue.byte-limit = 4294967296 (custom)
2024-01-08 10:08:12,079 [b5f002a5-35f0-4e5a-a46f-90a89988a4c4-groupManagement] INFO  server.RaftServerConfigKeys (ConfUtils.java:logGet(46)) - raft.server.log.queue.element-limit = 1024 (custom)
2024-01-08 10:08:12,079 [b5f002a5-35f0-4e5a-a46f-90a89988a4c4-groupManagement] INFO  server.RaftServerConfigKeys (ConfUtils.java:logGet(46)) - raft.server.log.segment.size.max = 67108864 (custom)
2024-01-08 10:08:12,079 [b5f002a5-35f0-4e5a-a46f-90a89988a4c4-groupManagement] INFO  server.RaftServerConfigKeys (ConfUtils.java:logGet(46)) - raft.server.log.preallocated.size = 4194304 (custom)
2024-01-08 10:08:12,079 [b5f002a5-35f0-4e5a-a46f-90a89988a4c4-groupManagement] INFO  server.RaftServerConfigKeys (ConfUtils.java:logGet(46)) - raft.server.log.force.sync.num = 128 (default)
2024-01-08 10:08:12,079 [b5f002a5-35f0-4e5a-a46f-90a89988a4c4-groupManagement] INFO  server.RaftServerConfigKeys (ConfUtils.java:logGet(46)) - raft.server.log.statemachine.data.sync = true (default)
2024-01-08 10:08:12,079 [b5f002a5-35f0-4e5a-a46f-90a89988a4c4-groupManagement] INFO  server.RaftServerConfigKeys (ConfUtils.java:logGet(46)) - raft.server.log.statemachine.data.sync.timeout = 10s (default)
2024-01-08 10:08:12,080 [b5f002a5-35f0-4e5a-a46f-90a89988a4c4-groupManagement] INFO  server.RaftServerConfigKeys (ConfUtils.java:logGet(46)) - raft.server.log.statemachine.data.sync.timeout.retry = 0 (custom)
2024-01-08 10:08:12,080 [b5f002a5-35f0-4e5a-a46f-90a89988a4c4-groupManagement] INFO  server.RaftServerConfigKeys (ConfUtils.java:logGet(46)) - raft.server.log.write.buffer.size = 8388616 (custom)
2024-01-08 10:08:12,082 [b5f002a5-35f0-4e5a-a46f-90a89988a4c4-groupManagement] INFO  server.RaftServerConfigKeys (ConfUtils.java:logGet(46)) - raft.server.log.appender.buffer.byte-limit = 8388608 (custom)
2024-01-08 10:08:12,083 [b5f002a5-35f0-4e5a-a46f-90a89988a4c4-groupManagement] INFO  server.RaftServerConfigKeys (ConfUtils.java:logGet(46)) - raft.server.log.unsafe-flush.enabled = false (default)
2024-01-08 10:08:12,083 [b5f002a5-35f0-4e5a-a46f-90a89988a4c4-groupManagement] INFO  server.RaftServerConfigKeys (ConfUtils.java:logGet(46)) - raft.server.log.async-flush.enabled = false (default)
2024-01-08 10:08:12,083 [b5f002a5-35f0-4e5a-a46f-90a89988a4c4-groupManagement] INFO  server.RaftServerConfigKeys (ConfUtils.java:logGet(46)) - raft.server.log.statemachine.data.caching.enabled = true (custom)
2024-01-08 10:08:12,083 [b5f002a5-35f0-4e5a-a46f-90a89988a4c4-groupManagement] INFO  segmented.SegmentedRaftLogWorker (SegmentedRaftLogWorker.java:lambda$new$0(135)) - b5f002a5-35f0-4e5a-a46f-90a89988a4c4@group-A5F7B5452D65-SegmentedRaftLogWorker: flushIndex: setUnconditionally 0 -> -1
2024-01-08 10:08:12,084 [b5f002a5-35f0-4e5a-a46f-90a89988a4c4-groupManagement] INFO  segmented.SegmentedRaftLogWorker (SegmentedRaftLogWorker.java:lambda$new$0(135)) - b5f002a5-35f0-4e5a-a46f-90a89988a4c4@group-A5F7B5452D65-SegmentedRaftLogWorker: safeCacheEvictIndex: setUnconditionally 0 -> -1
2024-01-08 10:08:12,087 [216a7f9c-aee1-4f98-a365-89228e2ed43b-PipelineCommandHandlerThread-0] INFO  ratis.XceiverServerRatis (XceiverServerRatis.java:addGroup(842)) - Created group PipelineID=0a199dab-98f4-47f6-a121-a5f7b5452d65
2024-01-08 10:08:12,093 [bba1c53a-a6f8-4b7f-a0a1-8d65da7b011f-groupManagement] INFO  util.AwaitToRun (AwaitToRun.java:start(81)) - Thread[bba1c53a-a6f8-4b7f-a0a1-8d65da7b011f@group-A5F7B5452D65-cacheEviction-AwaitToRun,5,main] started
2024-01-08 10:08:12,093 [bba1c53a-a6f8-4b7f-a0a1-8d65da7b011f-groupManagement] INFO  segmented.SegmentedRaftLogWorker (SegmentedRaftLogWorker.java:<init>(184)) - new bba1c53a-a6f8-4b7f-a0a1-8d65da7b011f@group-A5F7B5452D65-SegmentedRaftLogWorker for RaftStorageImpl:Storage Directory /home/runner/work/ozone/ozone/hadoop-ozone/integration-test/target/test-dir/MiniOzoneClusterImpl-d16d6234-9da8-43a0-bd28-723006ad2f80/datanode-1/data/ratis/0a199dab-98f4-47f6-a121-a5f7b5452d65
2024-01-08 10:08:12,093 [b5f002a5-35f0-4e5a-a46f-90a89988a4c4-groupManagement] INFO  server.RaftServer$Division (RaftServerImpl.java:start(392)) - b5f002a5-35f0-4e5a-a46f-90a89988a4c4@group-A5F7B5452D65: start as a follower, conf=-1: peers:[b5f002a5-35f0-4e5a-a46f-90a89988a4c4|10.1.0.19:15014, 216a7f9c-aee1-4f98-a365-89228e2ed43b|10.1.0.19:15032, bba1c53a-a6f8-4b7f-a0a1-8d65da7b011f|10.1.0.19:15023]|listeners:[], old=null
2024-01-08 10:08:12,093 [bba1c53a-a6f8-4b7f-a0a1-8d65da7b011f-groupManagement] INFO  server.RaftServerConfigKeys (ConfUtils.java:logGet(46)) - raft.server.log.queue.byte-limit = 4294967296 (custom)
2024-01-08 10:08:12,093 [b5f002a5-35f0-4e5a-a46f-90a89988a4c4-groupManagement] INFO  server.RaftServer$Division (RaftServerImpl.java:setRole(379)) - b5f002a5-35f0-4e5a-a46f-90a89988a4c4@group-A5F7B5452D65: changes role from      null to FOLLOWER at term 0 for startAsFollower
2024-01-08 10:08:12,093 [bba1c53a-a6f8-4b7f-a0a1-8d65da7b011f-groupManagement] INFO  server.RaftServerConfigKeys (ConfUtils.java:logGet(46)) - raft.server.log.queue.element-limit = 1024 (custom)
2024-01-08 10:08:12,093 [bba1c53a-a6f8-4b7f-a0a1-8d65da7b011f-groupManagement] INFO  server.RaftServerConfigKeys (ConfUtils.java:logGet(46)) - raft.server.log.segment.size.max = 67108864 (custom)
2024-01-08 10:08:12,093 [bba1c53a-a6f8-4b7f-a0a1-8d65da7b011f-groupManagement] INFO  server.RaftServerConfigKeys (ConfUtils.java:logGet(46)) - raft.server.log.preallocated.size = 4194304 (custom)
2024-01-08 10:08:12,093 [bba1c53a-a6f8-4b7f-a0a1-8d65da7b011f-groupManagement] INFO  server.RaftServerConfigKeys (ConfUtils.java:logGet(46)) - raft.server.log.force.sync.num = 128 (default)
2024-01-08 10:08:12,093 [bba1c53a-a6f8-4b7f-a0a1-8d65da7b011f-groupManagement] INFO  server.RaftServerConfigKeys (ConfUtils.java:logGet(46)) - raft.server.log.statemachine.data.sync = true (default)
2024-01-08 10:08:12,093 [bba1c53a-a6f8-4b7f-a0a1-8d65da7b011f-groupManagement] INFO  server.RaftServerConfigKeys (ConfUtils.java:logGet(46)) - raft.server.log.statemachine.data.sync.timeout = 10s (default)
2024-01-08 10:08:12,094 [bba1c53a-a6f8-4b7f-a0a1-8d65da7b011f-groupManagement] INFO  server.RaftServerConfigKeys (ConfUtils.java:logGet(46)) - raft.server.log.statemachine.data.sync.timeout.retry = 0 (custom)
2024-01-08 10:08:12,093 [b5f002a5-35f0-4e5a-a46f-90a89988a4c4-groupManagement] INFO  impl.RoleInfo (RoleInfo.java:updateAndGet(139)) - b5f002a5-35f0-4e5a-a46f-90a89988a4c4: start b5f002a5-35f0-4e5a-a46f-90a89988a4c4@group-A5F7B5452D65-FollowerState
2024-01-08 10:08:12,095 [bba1c53a-a6f8-4b7f-a0a1-8d65da7b011f-groupManagement] INFO  server.RaftServerConfigKeys (ConfUtils.java:logGet(46)) - raft.server.log.write.buffer.size = 8388616 (custom)
2024-01-08 10:08:12,096 [b5f002a5-35f0-4e5a-a46f-90a89988a4c4-groupManagement] INFO  util.JmxRegister (JmxRegister.java:tryRegister(44)) - Successfully registered JMX Bean with object name Ratis:service=RaftServer,group=group-A5F7B5452D65,id=b5f002a5-35f0-4e5a-a46f-90a89988a4c4
2024-01-08 10:08:12,096 [b5f002a5-35f0-4e5a-a46f-90a89988a4c4-groupManagement] INFO  server.RaftServerConfigKeys (ConfUtils.java:logGet(46)) - raft.server.snapshot.trigger-when-stop.enabled = true (default)
2024-01-08 10:08:12,096 [b5f002a5-35f0-4e5a-a46f-90a89988a4c4-groupManagement] INFO  server.RaftServerConfigKeys (ConfUtils.java:logGet(46)) - raft.server.snapshot.auto.trigger.enabled = true (custom)
2024-01-08 10:08:12,096 [b5f002a5-35f0-4e5a-a46f-90a89988a4c4-groupManagement] INFO  server.RaftServerConfigKeys (ConfUtils.java:logGet(46)) - raft.server.snapshot.auto.trigger.threshold = 10000 (custom)
2024-01-08 10:08:12,096 [b5f002a5-35f0-4e5a-a46f-90a89988a4c4-groupManagement] INFO  server.RaftServerConfigKeys (ConfUtils.java:logGet(46)) - raft.server.snapshot.retention.file.num = 5 (custom)
2024-01-08 10:08:12,096 [b5f002a5-35f0-4e5a-a46f-90a89988a4c4-groupManagement] INFO  server.RaftServerConfigKeys (ConfUtils.java:logGet(46)) - raft.server.log.purge.upto.snapshot.index = false (default)
2024-01-08 10:08:12,097 [bba1c53a-a6f8-4b7f-a0a1-8d65da7b011f-groupManagement] INFO  server.RaftServerConfigKeys (ConfUtils.java:logGet(46)) - raft.server.log.appender.buffer.byte-limit = 8388608 (custom)
2024-01-08 10:08:12,098 [bba1c53a-a6f8-4b7f-a0a1-8d65da7b011f-groupManagement] INFO  server.RaftServerConfigKeys (ConfUtils.java:logGet(46)) - raft.server.log.unsafe-flush.enabled = false (default)
2024-01-08 10:08:12,098 [b5f002a5-35f0-4e5a-a46f-90a89988a4c4@group-A5F7B5452D65-FollowerState] INFO  server.RaftServerConfigKeys (ConfUtils.java:logFallback(53)) - raft.server.rpc.first-election.timeout.min = 5s (fallback to raft.server.rpc.timeout.min)
2024-01-08 10:08:12,098 [b5f002a5-35f0-4e5a-a46f-90a89988a4c4-PipelineCommandHandlerThread-0] INFO  ratis.XceiverServerRatis (XceiverServerRatis.java:addGroup(842)) - Created group PipelineID=0a199dab-98f4-47f6-a121-a5f7b5452d65
2024-01-08 10:08:12,098 [b5f002a5-35f0-4e5a-a46f-90a89988a4c4@group-A5F7B5452D65-FollowerState] INFO  server.RaftServerConfigKeys (ConfUtils.java:logFallback(53)) - raft.server.rpc.first-election.timeout.max = 5200ms (fallback to raft.server.rpc.timeout.max)
2024-01-08 10:08:12,098 [bba1c53a-a6f8-4b7f-a0a1-8d65da7b011f-groupManagement] INFO  server.RaftServerConfigKeys (ConfUtils.java:logGet(46)) - raft.server.log.async-flush.enabled = false (default)
2024-01-08 10:08:12,100 [bba1c53a-a6f8-4b7f-a0a1-8d65da7b011f-groupManagement] INFO  server.RaftServerConfigKeys (ConfUtils.java:logGet(46)) - raft.server.log.statemachine.data.caching.enabled = true (custom)
2024-01-08 10:08:12,100 [bba1c53a-a6f8-4b7f-a0a1-8d65da7b011f-groupManagement] INFO  segmented.SegmentedRaftLogWorker (SegmentedRaftLogWorker.java:lambda$new$0(135)) - bba1c53a-a6f8-4b7f-a0a1-8d65da7b011f@group-A5F7B5452D65-SegmentedRaftLogWorker: flushIndex: setUnconditionally 0 -> -1
2024-01-08 10:08:12,100 [bba1c53a-a6f8-4b7f-a0a1-8d65da7b011f-groupManagement] INFO  segmented.SegmentedRaftLogWorker (SegmentedRaftLogWorker.java:lambda$new$0(135)) - bba1c53a-a6f8-4b7f-a0a1-8d65da7b011f@group-A5F7B5452D65-SegmentedRaftLogWorker: safeCacheEvictIndex: setUnconditionally 0 -> -1
2024-01-08 10:08:12,101 [bba1c53a-a6f8-4b7f-a0a1-8d65da7b011f-groupManagement] INFO  server.RaftServer$Division (RaftServerImpl.java:start(392)) - bba1c53a-a6f8-4b7f-a0a1-8d65da7b011f@group-A5F7B5452D65: start as a follower, conf=-1: peers:[b5f002a5-35f0-4e5a-a46f-90a89988a4c4|10.1.0.19:15014, 216a7f9c-aee1-4f98-a365-89228e2ed43b|10.1.0.19:15032, bba1c53a-a6f8-4b7f-a0a1-8d65da7b011f|10.1.0.19:15023]|listeners:[], old=null
2024-01-08 10:08:12,101 [bba1c53a-a6f8-4b7f-a0a1-8d65da7b011f-groupManagement] INFO  server.RaftServer$Division (RaftServerImpl.java:setRole(379)) - bba1c53a-a6f8-4b7f-a0a1-8d65da7b011f@group-A5F7B5452D65: changes role from      null to FOLLOWER at term 0 for startAsFollower
2024-01-08 10:08:12,101 [bba1c53a-a6f8-4b7f-a0a1-8d65da7b011f-groupManagement] INFO  impl.RoleInfo (RoleInfo.java:updateAndGet(139)) - bba1c53a-a6f8-4b7f-a0a1-8d65da7b011f: start bba1c53a-a6f8-4b7f-a0a1-8d65da7b011f@group-A5F7B5452D65-FollowerState
2024-01-08 10:08:12,102 [bba1c53a-a6f8-4b7f-a0a1-8d65da7b011f-groupManagement] INFO  util.JmxRegister (JmxRegister.java:tryRegister(44)) - Successfully registered JMX Bean with object name Ratis:service=RaftServer,group=group-A5F7B5452D65,id=bba1c53a-a6f8-4b7f-a0a1-8d65da7b011f
2024-01-08 10:08:12,102 [bba1c53a-a6f8-4b7f-a0a1-8d65da7b011f-groupManagement] INFO  server.RaftServerConfigKeys (ConfUtils.java:logGet(46)) - raft.server.snapshot.trigger-when-stop.enabled = true (default)
2024-01-08 10:08:12,102 [bba1c53a-a6f8-4b7f-a0a1-8d65da7b011f-groupManagement] INFO  server.RaftServerConfigKeys (ConfUtils.java:logGet(46)) - raft.server.snapshot.auto.trigger.enabled = true (custom)
2024-01-08 10:08:12,102 [bba1c53a-a6f8-4b7f-a0a1-8d65da7b011f-groupManagement] INFO  server.RaftServerConfigKeys (ConfUtils.java:logGet(46)) - raft.server.snapshot.auto.trigger.threshold = 10000 (custom)
2024-01-08 10:08:12,102 [bba1c53a-a6f8-4b7f-a0a1-8d65da7b011f-groupManagement] INFO  server.RaftServerConfigKeys (ConfUtils.java:logGet(46)) - raft.server.snapshot.retention.file.num = 5 (custom)
2024-01-08 10:08:12,102 [bba1c53a-a6f8-4b7f-a0a1-8d65da7b011f-groupManagement] INFO  server.RaftServerConfigKeys (ConfUtils.java:logGet(46)) - raft.server.log.purge.upto.snapshot.index = false (default)
2024-01-08 10:08:12,104 [bba1c53a-a6f8-4b7f-a0a1-8d65da7b011f-PipelineCommandHandlerThread-0] INFO  ratis.XceiverServerRatis (XceiverServerRatis.java:addGroup(842)) - Created group PipelineID=0a199dab-98f4-47f6-a121-a5f7b5452d65
2024-01-08 10:08:12,106 [bba1c53a-a6f8-4b7f-a0a1-8d65da7b011f@group-A5F7B5452D65-FollowerState] INFO  server.RaftServerConfigKeys (ConfUtils.java:logFallback(53)) - raft.server.rpc.first-election.timeout.min = 5s (fallback to raft.server.rpc.timeout.min)
2024-01-08 10:08:12,106 [bba1c53a-a6f8-4b7f-a0a1-8d65da7b011f@group-A5F7B5452D65-FollowerState] INFO  server.RaftServerConfigKeys (ConfUtils.java:logFallback(53)) - raft.server.rpc.first-election.timeout.max = 5200ms (fallback to raft.server.rpc.timeout.max)
2024-01-08 10:08:12,163 [216a7f9c-aee1-4f98-a365-89228e2ed43b-PipelineCommandHandlerThread-0] INFO  commandhandler.CreatePipelineCommandHandler (CreatePipelineCommandHandler.java:lambda$handle$2(124)) - Created Pipeline RATIS THREE PipelineID=0a199dab-98f4-47f6-a121-a5f7b5452d65.
2024-01-08 10:08:12,172 [bba1c53a-a6f8-4b7f-a0a1-8d65da7b011f-PipelineCommandHandlerThread-0] INFO  commandhandler.CreatePipelineCommandHandler (CreatePipelineCommandHandler.java:lambda$handle$2(124)) - Created Pipeline RATIS THREE PipelineID=0a199dab-98f4-47f6-a121-a5f7b5452d65.
2024-01-08 10:08:12,172 [b5f002a5-35f0-4e5a-a46f-90a89988a4c4-PipelineCommandHandlerThread-0] INFO  commandhandler.CreatePipelineCommandHandler (CreatePipelineCommandHandler.java:lambda$handle$2(124)) - Created Pipeline RATIS THREE PipelineID=0a199dab-98f4-47f6-a121-a5f7b5452d65.
2024-01-08 10:08:12,631 [Mini-Cluster-Provider-Create] INFO  ozone.MiniOzoneClusterImpl (MiniOzoneClusterImpl.java:lambda$waitForClusterToBeReady$0(230)) - Nodes are ready. Got 3 of 3 DN Heartbeats.
2024-01-08 10:08:12,631 [Mini-Cluster-Provider-Create] INFO  ozone.MiniOzoneClusterImpl (MiniOzoneClusterImpl.java:lambda$waitForClusterToBeReady$0(233)) - Waiting for cluster to exit safe mode
2024-01-08 10:08:12,631 [Mini-Cluster-Provider-Create] INFO  ozone.MiniOzoneClusterImpl (MiniOzoneClusterImpl.java:lambda$waitForClusterToBeReady$0(235)) - SCM became leader
2024-01-08 10:08:13,631 [Mini-Cluster-Provider-Create] INFO  ozone.MiniOzoneClusterImpl (MiniOzoneClusterImpl.java:lambda$waitForClusterToBeReady$0(230)) - Nodes are ready. Got 3 of 3 DN Heartbeats.
2024-01-08 10:08:13,631 [Mini-Cluster-Provider-Create] INFO  ozone.MiniOzoneClusterImpl (MiniOzoneClusterImpl.java:lambda$waitForClusterToBeReady$0(233)) - Waiting for cluster to exit safe mode
2024-01-08 10:08:13,631 [Mini-Cluster-Provider-Create] INFO  ozone.MiniOzoneClusterImpl (MiniOzoneClusterImpl.java:lambda$waitForClusterToBeReady$0(235)) - SCM became leader
2024-01-08 10:08:14,631 [Mini-Cluster-Provider-Create] INFO  ozone.MiniOzoneClusterImpl (MiniOzoneClusterImpl.java:lambda$waitForClusterToBeReady$0(230)) - Nodes are ready. Got 3 of 3 DN Heartbeats.
2024-01-08 10:08:14,631 [Mini-Cluster-Provider-Create] INFO  ozone.MiniOzoneClusterImpl (MiniOzoneClusterImpl.java:lambda$waitForClusterToBeReady$0(233)) - Waiting for cluster to exit safe mode
2024-01-08 10:08:14,632 [Mini-Cluster-Provider-Create] INFO  ozone.MiniOzoneClusterImpl (MiniOzoneClusterImpl.java:lambda$waitForClusterToBeReady$0(235)) - SCM became leader
2024-01-08 10:08:15,632 [Mini-Cluster-Provider-Create] INFO  ozone.MiniOzoneClusterImpl (MiniOzoneClusterImpl.java:lambda$waitForClusterToBeReady$0(230)) - Nodes are ready. Got 3 of 3 DN Heartbeats.
2024-01-08 10:08:15,632 [Mini-Cluster-Provider-Create] INFO  ozone.MiniOzoneClusterImpl (MiniOzoneClusterImpl.java:lambda$waitForClusterToBeReady$0(233)) - Waiting for cluster to exit safe mode
2024-01-08 10:08:15,632 [Mini-Cluster-Provider-Create] INFO  ozone.MiniOzoneClusterImpl (MiniOzoneClusterImpl.java:lambda$waitForClusterToBeReady$0(235)) - SCM became leader
2024-01-08 10:08:16,538 [b5f002a5-35f0-4e5a-a46f-90a89988a4c4@group-538E3B61F6E1-FollowerState] INFO  impl.FollowerState (FollowerState.java:run(143)) - b5f002a5-35f0-4e5a-a46f-90a89988a4c4@group-538E3B61F6E1-FollowerState: change to CANDIDATE, lastRpcElapsedTime:5043190926ns, electionTimeout:5039ms
2024-01-08 10:08:16,538 [b5f002a5-35f0-4e5a-a46f-90a89988a4c4@group-538E3B61F6E1-FollowerState] INFO  impl.RoleInfo (RoleInfo.java:shutdownFollowerState(110)) - b5f002a5-35f0-4e5a-a46f-90a89988a4c4: shutdown b5f002a5-35f0-4e5a-a46f-90a89988a4c4@group-538E3B61F6E1-FollowerState
2024-01-08 10:08:16,538 [b5f002a5-35f0-4e5a-a46f-90a89988a4c4@group-538E3B61F6E1-FollowerState] INFO  server.RaftServer$Division (RaftServerImpl.java:setRole(379)) - b5f002a5-35f0-4e5a-a46f-90a89988a4c4@group-538E3B61F6E1: changes role from  FOLLOWER to CANDIDATE at term 0 for changeToCandidate
2024-01-08 10:08:16,539 [b5f002a5-35f0-4e5a-a46f-90a89988a4c4@group-538E3B61F6E1-FollowerState] INFO  server.RaftServerConfigKeys (ConfUtils.java:logGet(46)) - raft.server.leaderelection.pre-vote = true (default)
2024-01-08 10:08:16,539 [b5f002a5-35f0-4e5a-a46f-90a89988a4c4@group-538E3B61F6E1-FollowerState] INFO  impl.RoleInfo (RoleInfo.java:updateAndGet(139)) - b5f002a5-35f0-4e5a-a46f-90a89988a4c4: start b5f002a5-35f0-4e5a-a46f-90a89988a4c4@group-538E3B61F6E1-LeaderElection2
2024-01-08 10:08:16,539 [b5f002a5-35f0-4e5a-a46f-90a89988a4c4@group-538E3B61F6E1-LeaderElection2] INFO  impl.LeaderElection (LeaderElection.java:askForVotes(323)) - b5f002a5-35f0-4e5a-a46f-90a89988a4c4@group-538E3B61F6E1-LeaderElection2 PRE_VOTE round 0: submit vote requests at term 0 for -1: peers:[b5f002a5-35f0-4e5a-a46f-90a89988a4c4|10.1.0.19:15014, 216a7f9c-aee1-4f98-a365-89228e2ed43b|10.1.0.19:15032, bba1c53a-a6f8-4b7f-a0a1-8d65da7b011f|10.1.0.19:15023]|listeners:[], old=null
2024-01-08 10:08:16,543 [b5f002a5-35f0-4e5a-a46f-90a89988a4c4@group-538E3B61F6E1-LeaderElection2] INFO  server.RaftServerConfigKeys (ConfUtils.java:logFallback(53)) - raft.server.rpc.first-election.timeout.min = 5s (fallback to raft.server.rpc.timeout.min)
2024-01-08 10:08:16,543 [b5f002a5-35f0-4e5a-a46f-90a89988a4c4@group-538E3B61F6E1-LeaderElection2] INFO  server.RaftServerConfigKeys (ConfUtils.java:logFallback(53)) - raft.server.rpc.first-election.timeout.max = 5200ms (fallback to raft.server.rpc.timeout.max)
2024-01-08 10:08:16,545 [b5f002a5-35f0-4e5a-a46f-90a89988a4c4@group-538E3B61F6E1-LeaderElection2-1] INFO  server.GrpcServerProtocolClient (GrpcServerProtocolClient.java:<init>(65)) - Build channel for 216a7f9c-aee1-4f98-a365-89228e2ed43b
2024-01-08 10:08:16,545 [b5f002a5-35f0-4e5a-a46f-90a89988a4c4@group-538E3B61F6E1-LeaderElection2-2] INFO  server.GrpcServerProtocolClient (GrpcServerProtocolClient.java:<init>(65)) - Build channel for bba1c53a-a6f8-4b7f-a0a1-8d65da7b011f
2024-01-08 10:08:16,555 [grpc-default-executor-1] INFO  server.RaftServer$Division (RaftServerImpl.java:requestVote(1377)) - bba1c53a-a6f8-4b7f-a0a1-8d65da7b011f@group-538E3B61F6E1: receive requestVote(PRE_VOTE, b5f002a5-35f0-4e5a-a46f-90a89988a4c4, group-538E3B61F6E1, 0, (t:0, i:0))
2024-01-08 10:08:16,555 [grpc-default-executor-0] INFO  server.RaftServer$Division (RaftServerImpl.java:requestVote(1377)) - 216a7f9c-aee1-4f98-a365-89228e2ed43b@group-538E3B61F6E1: receive requestVote(PRE_VOTE, b5f002a5-35f0-4e5a-a46f-90a89988a4c4, group-538E3B61F6E1, 0, (t:0, i:0))
2024-01-08 10:08:16,556 [grpc-default-executor-0] INFO  impl.VoteContext (VoteContext.java:log(49)) - 216a7f9c-aee1-4f98-a365-89228e2ed43b@group-538E3B61F6E1-FOLLOWER: accept PRE_VOTE from b5f002a5-35f0-4e5a-a46f-90a89988a4c4: our priority 0 <= candidate's priority 1
2024-01-08 10:08:16,556 [grpc-default-executor-1] INFO  impl.VoteContext (VoteContext.java:log(49)) - bba1c53a-a6f8-4b7f-a0a1-8d65da7b011f@group-538E3B61F6E1-FOLLOWER: accept PRE_VOTE from b5f002a5-35f0-4e5a-a46f-90a89988a4c4: our priority 0 <= candidate's priority 1
2024-01-08 10:08:16,561 [grpc-default-executor-1] INFO  server.RaftServer$Division (RaftServerImpl.java:requestVote(1410)) - bba1c53a-a6f8-4b7f-a0a1-8d65da7b011f@group-538E3B61F6E1 replies to PRE_VOTE vote request: b5f002a5-35f0-4e5a-a46f-90a89988a4c4<-bba1c53a-a6f8-4b7f-a0a1-8d65da7b011f#0:OK-t0. Peer's state: bba1c53a-a6f8-4b7f-a0a1-8d65da7b011f@group-538E3B61F6E1:t0, leader=null, voted=, raftlog=Memoized:bba1c53a-a6f8-4b7f-a0a1-8d65da7b011f@group-538E3B61F6E1-SegmentedRaftLog:OPENED:c-1, conf=-1: peers:[b5f002a5-35f0-4e5a-a46f-90a89988a4c4|10.1.0.19:15014, 216a7f9c-aee1-4f98-a365-89228e2ed43b|10.1.0.19:15032, bba1c53a-a6f8-4b7f-a0a1-8d65da7b011f|10.1.0.19:15023]|listeners:[], old=null
2024-01-08 10:08:16,561 [grpc-default-executor-0] INFO  server.RaftServer$Division (RaftServerImpl.java:requestVote(1410)) - 216a7f9c-aee1-4f98-a365-89228e2ed43b@group-538E3B61F6E1 replies to PRE_VOTE vote request: b5f002a5-35f0-4e5a-a46f-90a89988a4c4<-216a7f9c-aee1-4f98-a365-89228e2ed43b#0:OK-t0. Peer's state: 216a7f9c-aee1-4f98-a365-89228e2ed43b@group-538E3B61F6E1:t0, leader=null, voted=, raftlog=Memoized:216a7f9c-aee1-4f98-a365-89228e2ed43b@group-538E3B61F6E1-SegmentedRaftLog:OPENED:c-1, conf=-1: peers:[b5f002a5-35f0-4e5a-a46f-90a89988a4c4|10.1.0.19:15014, 216a7f9c-aee1-4f98-a365-89228e2ed43b|10.1.0.19:15032, bba1c53a-a6f8-4b7f-a0a1-8d65da7b011f|10.1.0.19:15023]|listeners:[], old=null
2024-01-08 10:08:16,566 [b5f002a5-35f0-4e5a-a46f-90a89988a4c4@group-538E3B61F6E1-LeaderElection2] INFO  impl.LeaderElection (LeaderElection.java:logAndReturn(89)) - b5f002a5-35f0-4e5a-a46f-90a89988a4c4@group-538E3B61F6E1-LeaderElection2: PRE_VOTE PASSED received 1 response(s) and 0 exception(s):
2024-01-08 10:08:16,566 [b5f002a5-35f0-4e5a-a46f-90a89988a4c4@group-538E3B61F6E1-LeaderElection2] INFO  impl.LeaderElection (LeaderElection.java:logAndReturn(93)) -   Response 0: b5f002a5-35f0-4e5a-a46f-90a89988a4c4<-bba1c53a-a6f8-4b7f-a0a1-8d65da7b011f#0:OK-t0
2024-01-08 10:08:16,566 [b5f002a5-35f0-4e5a-a46f-90a89988a4c4@group-538E3B61F6E1-LeaderElection2] INFO  impl.LeaderElection (LeaderElection.java:askForVotes(325)) - b5f002a5-35f0-4e5a-a46f-90a89988a4c4@group-538E3B61F6E1-LeaderElection2 PRE_VOTE round 0: result PASSED
2024-01-08 10:08:16,568 [b5f002a5-35f0-4e5a-a46f-90a89988a4c4@group-538E3B61F6E1-LeaderElection2] INFO  impl.LeaderElection (LeaderElection.java:askForVotes(323)) - b5f002a5-35f0-4e5a-a46f-90a89988a4c4@group-538E3B61F6E1-LeaderElection2 ELECTION round 0: submit vote requests at term 1 for -1: peers:[b5f002a5-35f0-4e5a-a46f-90a89988a4c4|10.1.0.19:15014, 216a7f9c-aee1-4f98-a365-89228e2ed43b|10.1.0.19:15032, bba1c53a-a6f8-4b7f-a0a1-8d65da7b011f|10.1.0.19:15023]|listeners:[], old=null
2024-01-08 10:08:16,569 [b5f002a5-35f0-4e5a-a46f-90a89988a4c4@group-538E3B61F6E1-LeaderElection2] INFO  server.RaftServerConfigKeys (ConfUtils.java:logFallback(53)) - raft.server.rpc.first-election.timeout.min = 5s (fallback to raft.server.rpc.timeout.min)
2024-01-08 10:08:16,569 [b5f002a5-35f0-4e5a-a46f-90a89988a4c4@group-538E3B61F6E1-LeaderElection2] INFO  server.RaftServerConfigKeys (ConfUtils.java:logFallback(53)) - raft.server.rpc.first-election.timeout.max = 5200ms (fallback to raft.server.rpc.timeout.max)
2024-01-08 10:08:16,571 [grpc-default-executor-1] INFO  server.RaftServer$Division (RaftServerImpl.java:requestVote(1377)) - bba1c53a-a6f8-4b7f-a0a1-8d65da7b011f@group-538E3B61F6E1: receive requestVote(ELECTION, b5f002a5-35f0-4e5a-a46f-90a89988a4c4, group-538E3B61F6E1, 1, (t:0, i:0))
2024-01-08 10:08:16,571 [grpc-default-executor-1] INFO  impl.VoteContext (VoteContext.java:log(49)) - bba1c53a-a6f8-4b7f-a0a1-8d65da7b011f@group-538E3B61F6E1-FOLLOWER: accept ELECTION from b5f002a5-35f0-4e5a-a46f-90a89988a4c4: our priority 0 <= candidate's priority 1
2024-01-08 10:08:16,572 [grpc-default-executor-1] INFO  server.RaftServer$Division (RaftServerImpl.java:setRole(379)) - bba1c53a-a6f8-4b7f-a0a1-8d65da7b011f@group-538E3B61F6E1: changes role from  FOLLOWER to FOLLOWER at term 1 for candidate:b5f002a5-35f0-4e5a-a46f-90a89988a4c4
2024-01-08 10:08:16,572 [grpc-default-executor-1] INFO  impl.RoleInfo (RoleInfo.java:shutdownFollowerState(110)) - bba1c53a-a6f8-4b7f-a0a1-8d65da7b011f: shutdown bba1c53a-a6f8-4b7f-a0a1-8d65da7b011f@group-538E3B61F6E1-FollowerState
2024-01-08 10:08:16,572 [grpc-default-executor-0] INFO  server.RaftServer$Division (RaftServerImpl.java:requestVote(1377)) - 216a7f9c-aee1-4f98-a365-89228e2ed43b@group-538E3B61F6E1: receive requestVote(ELECTION, b5f002a5-35f0-4e5a-a46f-90a89988a4c4, group-538E3B61F6E1, 1, (t:0, i:0))
2024-01-08 10:08:16,572 [bba1c53a-a6f8-4b7f-a0a1-8d65da7b011f@group-538E3B61F6E1-FollowerState] INFO  impl.FollowerState (FollowerState.java:run(152)) - bba1c53a-a6f8-4b7f-a0a1-8d65da7b011f@group-538E3B61F6E1-FollowerState was interrupted
2024-01-08 10:08:16,572 [grpc-default-executor-1] INFO  impl.RoleInfo (RoleInfo.java:updateAndGet(139)) - bba1c53a-a6f8-4b7f-a0a1-8d65da7b011f: start bba1c53a-a6f8-4b7f-a0a1-8d65da7b011f@group-538E3B61F6E1-FollowerState
2024-01-08 10:08:16,572 [grpc-default-executor-0] INFO  impl.VoteContext (VoteContext.java:log(49)) - 216a7f9c-aee1-4f98-a365-89228e2ed43b@group-538E3B61F6E1-FOLLOWER: accept ELECTION from b5f002a5-35f0-4e5a-a46f-90a89988a4c4: our priority 0 <= candidate's priority 1
2024-01-08 10:08:16,573 [grpc-default-executor-1] INFO  server.RaftServer$Division (RaftServerImpl.java:setFirstElection(564)) - bba1c53a-a6f8-4b7f-a0a1-8d65da7b011f@group-538E3B61F6E1: set firstElectionSinceStartup to false for candidate:b5f002a5-35f0-4e5a-a46f-90a89988a4c4
2024-01-08 10:08:16,573 [grpc-default-executor-0] INFO  server.RaftServer$Division (RaftServerImpl.java:setRole(379)) - 216a7f9c-aee1-4f98-a365-89228e2ed43b@group-538E3B61F6E1: changes role from  FOLLOWER to FOLLOWER at term 1 for candidate:b5f002a5-35f0-4e5a-a46f-90a89988a4c4
2024-01-08 10:08:16,573 [grpc-default-executor-0] INFO  impl.RoleInfo (RoleInfo.java:shutdownFollowerState(110)) - 216a7f9c-aee1-4f98-a365-89228e2ed43b: shutdown 216a7f9c-aee1-4f98-a365-89228e2ed43b@group-538E3B61F6E1-FollowerState
2024-01-08 10:08:16,574 [216a7f9c-aee1-4f98-a365-89228e2ed43b@group-538E3B61F6E1-FollowerState] INFO  impl.FollowerState (FollowerState.java:run(152)) - 216a7f9c-aee1-4f98-a365-89228e2ed43b@group-538E3B61F6E1-FollowerState was interrupted
2024-01-08 10:08:16,574 [grpc-default-executor-0] INFO  impl.RoleInfo (RoleInfo.java:updateAndGet(139)) - 216a7f9c-aee1-4f98-a365-89228e2ed43b: start 216a7f9c-aee1-4f98-a365-89228e2ed43b@group-538E3B61F6E1-FollowerState
2024-01-08 10:08:16,574 [grpc-default-executor-0] INFO  server.RaftServer$Division (RaftServerImpl.java:setFirstElection(564)) - 216a7f9c-aee1-4f98-a365-89228e2ed43b@group-538E3B61F6E1: set firstElectionSinceStartup to false for candidate:b5f002a5-35f0-4e5a-a46f-90a89988a4c4
2024-01-08 10:08:16,575 [grpc-default-executor-1] INFO  server.RaftServer$Division (RaftServerImpl.java:requestVote(1410)) - bba1c53a-a6f8-4b7f-a0a1-8d65da7b011f@group-538E3B61F6E1 replies to ELECTION vote request: b5f002a5-35f0-4e5a-a46f-90a89988a4c4<-bba1c53a-a6f8-4b7f-a0a1-8d65da7b011f#0:OK-t1. Peer's state: bba1c53a-a6f8-4b7f-a0a1-8d65da7b011f@group-538E3B61F6E1:t1, leader=null, voted=b5f002a5-35f0-4e5a-a46f-90a89988a4c4, raftlog=Memoized:bba1c53a-a6f8-4b7f-a0a1-8d65da7b011f@group-538E3B61F6E1-SegmentedRaftLog:OPENED:c-1, conf=-1: peers:[b5f002a5-35f0-4e5a-a46f-90a89988a4c4|10.1.0.19:15014, 216a7f9c-aee1-4f98-a365-89228e2ed43b|10.1.0.19:15032, bba1c53a-a6f8-4b7f-a0a1-8d65da7b011f|10.1.0.19:15023]|listeners:[], old=null
2024-01-08 10:08:16,576 [b5f002a5-35f0-4e5a-a46f-90a89988a4c4@group-538E3B61F6E1-LeaderElection2] INFO  impl.LeaderElection (LeaderElection.java:logAndReturn(89)) - b5f002a5-35f0-4e5a-a46f-90a89988a4c4@group-538E3B61F6E1-LeaderElection2: ELECTION PASSED received 1 response(s) and 0 exception(s):
2024-01-08 10:08:16,576 [b5f002a5-35f0-4e5a-a46f-90a89988a4c4@group-538E3B61F6E1-LeaderElection2] INFO  impl.LeaderElection (LeaderElection.java:logAndReturn(93)) -   Response 0: b5f002a5-35f0-4e5a-a46f-90a89988a4c4<-bba1c53a-a6f8-4b7f-a0a1-8d65da7b011f#0:OK-t1
2024-01-08 10:08:16,576 [grpc-default-executor-0] INFO  server.RaftServer$Division (RaftServerImpl.java:requestVote(1410)) - 216a7f9c-aee1-4f98-a365-89228e2ed43b@group-538E3B61F6E1 replies to ELECTION vote request: b5f002a5-35f0-4e5a-a46f-90a89988a4c4<-216a7f9c-aee1-4f98-a365-89228e2ed43b#0:OK-t1. Peer's state: 216a7f9c-aee1-4f98-a365-89228e2ed43b@group-538E3B61F6E1:t1, leader=null, voted=b5f002a5-35f0-4e5a-a46f-90a89988a4c4, raftlog=Memoized:216a7f9c-aee1-4f98-a365-89228e2ed43b@group-538E3B61F6E1-SegmentedRaftLog:OPENED:c-1, conf=-1: peers:[b5f002a5-35f0-4e5a-a46f-90a89988a4c4|10.1.0.19:15014, 216a7f9c-aee1-4f98-a365-89228e2ed43b|10.1.0.19:15032, bba1c53a-a6f8-4b7f-a0a1-8d65da7b011f|10.1.0.19:15023]|listeners:[], old=null
2024-01-08 10:08:16,576 [b5f002a5-35f0-4e5a-a46f-90a89988a4c4@group-538E3B61F6E1-LeaderElection2] INFO  impl.LeaderElection (LeaderElection.java:askForVotes(325)) - b5f002a5-35f0-4e5a-a46f-90a89988a4c4@group-538E3B61F6E1-LeaderElection2 ELECTION round 0: result PASSED
2024-01-08 10:08:16,577 [b5f002a5-35f0-4e5a-a46f-90a89988a4c4@group-538E3B61F6E1-LeaderElection2] INFO  impl.RoleInfo (RoleInfo.java:shutdownLeaderElection(130)) - b5f002a5-35f0-4e5a-a46f-90a89988a4c4: shutdown b5f002a5-35f0-4e5a-a46f-90a89988a4c4@group-538E3B61F6E1-LeaderElection2
2024-01-08 10:08:16,577 [b5f002a5-35f0-4e5a-a46f-90a89988a4c4@group-538E3B61F6E1-LeaderElection2] INFO  server.RaftServer$Division (RaftServerImpl.java:setRole(379)) - b5f002a5-35f0-4e5a-a46f-90a89988a4c4@group-538E3B61F6E1: changes role from CANDIDATE to LEADER at term 1 for changeToLeader
2024-01-08 10:08:16,577 [b5f002a5-35f0-4e5a-a46f-90a89988a4c4@group-538E3B61F6E1-LeaderElection2] INFO  server.RaftServerConfigKeys (ConfUtils.java:logGet(46)) - raft.server.staging.catchup.gap = 1000 (default)
2024-01-08 10:08:16,577 [b5f002a5-35f0-4e5a-a46f-90a89988a4c4@group-538E3B61F6E1-LeaderElection2] INFO  server.RaftServerConfigKeys (ConfUtils.java:logGet(46)) - raft.server.write.element-limit = 1024 (custom)
2024-01-08 10:08:16,578 [b5f002a5-35f0-4e5a-a46f-90a89988a4c4@group-538E3B61F6E1-LeaderElection2] INFO  server.RaftServerConfigKeys (ConfUtils.java:logGet(46)) - raft.server.write.byte-limit = 1024 M (=1073741824) (custom)
2024-01-08 10:08:16,578 [b5f002a5-35f0-4e5a-a46f-90a89988a4c4@group-538E3B61F6E1-LeaderElection2] INFO  server.RaftServerConfigKeys (ConfUtils.java:logGet(46)) - raft.server.watch.timeout = 180s (custom)
2024-01-08 10:08:16,578 [b5f002a5-35f0-4e5a-a46f-90a89988a4c4@group-538E3B61F6E1-LeaderElection2] INFO  server.RaftServerConfigKeys (ConfUtils.java:logGet(46)) - raft.server.watch.timeout.denomination = 1s (default)
2024-01-08 10:08:16,578 [b5f002a5-35f0-4e5a-a46f-90a89988a4c4@group-538E3B61F6E1-LeaderElection2] INFO  server.RaftServerConfigKeys (ConfUtils.java:logGet(46)) - raft.server.watch.element-limit = 65536 (default)
2024-01-08 10:08:16,578 [b5f002a5-35f0-4e5a-a46f-90a89988a4c4@group-538E3B61F6E1-LeaderElection2] INFO  server.RaftServerConfigKeys (ConfUtils.java:logGet(46)) - raft.server.read.leader.lease.enabled = false (default)
2024-01-08 10:08:16,578 [b5f002a5-35f0-4e5a-a46f-90a89988a4c4@group-538E3B61F6E1-LeaderElection2] INFO  server.RaftServerConfigKeys (ConfUtils.java:logGet(46)) - raft.server.read.leader.lease.timeout.ratio = 0.9 (default)
2024-01-08 10:08:16,578 [b5f002a5-35f0-4e5a-a46f-90a89988a4c4@group-538E3B61F6E1-LeaderElection2] INFO  server.RaftServerConfigKeys (ConfUtils.java:logGet(46)) - raft.server.rpc.timeout.min = 5s (custom)
2024-01-08 10:08:16,578 [b5f002a5-35f0-4e5a-a46f-90a89988a4c4@group-538E3B61F6E1-LeaderElection2] INFO  server.RaftServerConfigKeys (ConfUtils.java:logGet(46)) - raft.server.write.element-limit = 1024 (custom)
2024-01-08 10:08:16,578 [b5f002a5-35f0-4e5a-a46f-90a89988a4c4@group-538E3B61F6E1-LeaderElection2] INFO  server.RaftServerConfigKeys (ConfUtils.java:logGet(46)) - raft.server.write.follower.gap.ratio.max = -1.0 (default)
2024-01-08 10:08:16,585 [b5f002a5-35f0-4e5a-a46f-90a89988a4c4@group-538E3B61F6E1-LeaderElection2] INFO  server.RaftServerConfigKeys (ConfUtils.java:logGet(46)) - raft.server.log.appender.snapshot.chunk.size.max = 16MB (=16777216) (default)
2024-01-08 10:08:16,585 [b5f002a5-35f0-4e5a-a46f-90a89988a4c4@group-538E3B61F6E1-LeaderElection2] INFO  server.RaftServerConfigKeys (ConfUtils.java:logGet(46)) - raft.server.log.appender.buffer.byte-limit = 8388608 (custom)
2024-01-08 10:08:16,585 [b5f002a5-35f0-4e5a-a46f-90a89988a4c4@group-538E3B61F6E1-LeaderElection2] INFO  server.RaftServerConfigKeys (ConfUtils.java:logGet(46)) - raft.server.log.appender.buffer.element-limit = 1 (custom)
2024-01-08 10:08:16,586 [b5f002a5-35f0-4e5a-a46f-90a89988a4c4@group-538E3B61F6E1-LeaderElection2] INFO  server.RaftServerConfigKeys (ConfUtils.java:logGet(46)) - raft.server.log.appender.wait-time.min = 0μs (custom)
2024-01-08 10:08:16,587 [b5f002a5-35f0-4e5a-a46f-90a89988a4c4@group-538E3B61F6E1-LeaderElection2] INFO  grpc.GrpcConfigKeys (ConfUtils.java:logGet(46)) - raft.grpc.server.leader.outstanding.appends.max = 8 (default)
2024-01-08 10:08:16,587 [b5f002a5-35f0-4e5a-a46f-90a89988a4c4@group-538E3B61F6E1-LeaderElection2] INFO  server.RaftServerConfigKeys (ConfUtils.java:logGet(46)) - raft.server.rpc.request.timeout = 60s (custom)
2024-01-08 10:08:16,588 [b5f002a5-35f0-4e5a-a46f-90a89988a4c4@group-538E3B61F6E1-LeaderElection2] INFO  grpc.GrpcConfigKeys (ConfUtils.java:logGet(46)) - raft.grpc.server.install_snapshot.request.element-limit = 8 (default)
2024-01-08 10:08:16,588 [b5f002a5-35f0-4e5a-a46f-90a89988a4c4@group-538E3B61F6E1-LeaderElection2] INFO  grpc.GrpcConfigKeys (ConfUtils.java:logGet(46)) - raft.grpc.server.install_snapshot.request.timeout = 3000ms (default)
2024-01-08 10:08:16,588 [b5f002a5-35f0-4e5a-a46f-90a89988a4c4@group-538E3B61F6E1-LeaderElection2] INFO  server.RaftServerConfigKeys (ConfUtils.java:logGet(46)) - raft.server.log.appender.install.snapshot.enabled = false (custom)
2024-01-08 10:08:16,588 [b5f002a5-35f0-4e5a-a46f-90a89988a4c4@group-538E3B61F6E1-LeaderElection2] INFO  grpc.GrpcConfigKeys (ConfUtils.java:logGet(46)) - raft.grpc.server.heartbeat.channel = true (default)
2024-01-08 10:08:16,591 [b5f002a5-35f0-4e5a-a46f-90a89988a4c4@group-538E3B61F6E1-LeaderElection2] INFO  server.RaftServerConfigKeys (ConfUtils.java:logGet(46)) - raft.server.log.appender.snapshot.chunk.size.max = 16MB (=16777216) (default)
2024-01-08 10:08:16,591 [b5f002a5-35f0-4e5a-a46f-90a89988a4c4@group-538E3B61F6E1-LeaderElection2] INFO  server.RaftServerConfigKeys (ConfUtils.java:logGet(46)) - raft.server.log.appender.buffer.byte-limit = 8388608 (custom)
2024-01-08 10:08:16,591 [b5f002a5-35f0-4e5a-a46f-90a89988a4c4@group-538E3B61F6E1-LeaderElection2] INFO  server.RaftServerConfigKeys (ConfUtils.java:logGet(46)) - raft.server.log.appender.buffer.element-limit = 1 (custom)
2024-01-08 10:08:16,591 [b5f002a5-35f0-4e5a-a46f-90a89988a4c4@group-538E3B61F6E1-LeaderElection2] INFO  server.RaftServerConfigKeys (ConfUtils.java:logGet(46)) - raft.server.log.appender.wait-time.min = 0μs (custom)
2024-01-08 10:08:16,591 [b5f002a5-35f0-4e5a-a46f-90a89988a4c4@group-538E3B61F6E1-LeaderElection2] INFO  grpc.GrpcConfigKeys (ConfUtils.java:logGet(46)) - raft.grpc.server.leader.outstanding.appends.max = 8 (default)
2024-01-08 10:08:16,592 [b5f002a5-35f0-4e5a-a46f-90a89988a4c4@group-538E3B61F6E1-LeaderElection2] INFO  server.RaftServerConfigKeys (ConfUtils.java:logGet(46)) - raft.server.rpc.request.timeout = 60s (custom)
2024-01-08 10:08:16,592 [b5f002a5-35f0-4e5a-a46f-90a89988a4c4@group-538E3B61F6E1-LeaderElection2] INFO  grpc.GrpcConfigKeys (ConfUtils.java:logGet(46)) - raft.grpc.server.install_snapshot.request.element-limit = 8 (default)
2024-01-08 10:08:16,592 [b5f002a5-35f0-4e5a-a46f-90a89988a4c4@group-538E3B61F6E1-LeaderElection2] INFO  grpc.GrpcConfigKeys (ConfUtils.java:logGet(46)) - raft.grpc.server.install_snapshot.request.timeout = 3000ms (default)
2024-01-08 10:08:16,592 [b5f002a5-35f0-4e5a-a46f-90a89988a4c4@group-538E3B61F6E1-LeaderElection2] INFO  server.RaftServerConfigKeys (ConfUtils.java:logGet(46)) - raft.server.log.appender.install.snapshot.enabled = false (custom)
2024-01-08 10:08:16,592 [b5f002a5-35f0-4e5a-a46f-90a89988a4c4@group-538E3B61F6E1-LeaderElection2] INFO  grpc.GrpcConfigKeys (ConfUtils.java:logGet(46)) - raft.grpc.server.heartbeat.channel = true (default)
2024-01-08 10:08:16,593 [b5f002a5-35f0-4e5a-a46f-90a89988a4c4@group-538E3B61F6E1-LeaderElection2] INFO  impl.RoleInfo (RoleInfo.java:updateAndGet(139)) - b5f002a5-35f0-4e5a-a46f-90a89988a4c4: start b5f002a5-35f0-4e5a-a46f-90a89988a4c4@group-538E3B61F6E1-LeaderStateImpl
2024-01-08 10:08:16,593 [b5f002a5-35f0-4e5a-a46f-90a89988a4c4@group-538E3B61F6E1-LeaderElection2] INFO  server.RaftServer$Division (RaftServerImpl.java:setFirstElection(564)) - b5f002a5-35f0-4e5a-a46f-90a89988a4c4@group-538E3B61F6E1: set firstElectionSinceStartup to false for becomeLeader
2024-01-08 10:08:16,593 [b5f002a5-35f0-4e5a-a46f-90a89988a4c4@group-538E3B61F6E1-LeaderElection2] INFO  ratis.XceiverServerRatis (XceiverServerRatis.java:handleLeaderChangedNotification(945)) - Leader change notification received for group: group-538E3B61F6E1 with new leaderId: b5f002a5-35f0-4e5a-a46f-90a89988a4c4
2024-01-08 10:08:16,593 [b5f002a5-35f0-4e5a-a46f-90a89988a4c4@group-538E3B61F6E1-LeaderElection2] INFO  server.RaftServer$Division (ServerState.java:setLeader(265)) - b5f002a5-35f0-4e5a-a46f-90a89988a4c4@group-538E3B61F6E1: change Leader from null to b5f002a5-35f0-4e5a-a46f-90a89988a4c4 at term 1 for becomeLeader, leader elected after 5121ms
2024-01-08 10:08:16,594 [b5f002a5-35f0-4e5a-a46f-90a89988a4c4@group-538E3B61F6E1-LeaderElection2] INFO  segmented.SegmentedRaftLogWorker (SegmentedRaftLogWorker.java:startLogSegment(428)) - b5f002a5-35f0-4e5a-a46f-90a89988a4c4@group-538E3B61F6E1-SegmentedRaftLogWorker: Starting segment from index:0
2024-01-08 10:08:16,599 [EventQueue-OpenPipelineForHealthyPipelineSafeModeRule] INFO  safemode.SCMSafeModeManager (HealthyPipelineSafeModeRule.java:process(140)) - SCM in safe mode. Healthy pipelines reported count is 0, required healthy pipeline reported count is 1
2024-01-08 10:08:16,601 [b5f002a5-35f0-4e5a-a46f-90a89988a4c4@group-538E3B61F6E1-LeaderElection2] INFO  server.RaftServer$Division (ServerState.java:setRaftConf(382)) - b5f002a5-35f0-4e5a-a46f-90a89988a4c4@group-538E3B61F6E1: set configuration 0: peers:[b5f002a5-35f0-4e5a-a46f-90a89988a4c4|10.1.0.19:15014, 216a7f9c-aee1-4f98-a365-89228e2ed43b|10.1.0.19:15032, bba1c53a-a6f8-4b7f-a0a1-8d65da7b011f|10.1.0.19:15023]|listeners:[], old=null
2024-01-08 10:08:16,600 [EventQueue-PipelineReportForPipelineReportHandler] INFO  pipeline.PipelineReportHandler (PipelineReportHandler.java:processPipelineReport(136)) - Opened pipeline PipelineID=9d517986-09af-4c0d-8bf4-538e3b61f6e1
2024-01-08 10:08:16,601 [EventQueue-OpenPipelineForHealthyPipelineSafeModeRule] INFO  safemode.SCMSafeModeManager (HealthyPipelineSafeModeRule.java:process(140)) - SCM in safe mode. Healthy pipelines reported count is 1, required healthy pipeline reported count is 1
2024-01-08 10:08:16,601 [EventQueue-OpenPipelineForHealthyPipelineSafeModeRule] INFO  safemode.SCMSafeModeManager (SCMSafeModeManager.java:validateSafeModeExitRules(200)) - HealthyPipelineSafeModeRule rule is successfully validated
2024-01-08 10:08:16,602 [EventQueue-OpenPipelineForHealthyPipelineSafeModeRule] INFO  safemode.SCMSafeModeManager (SCMSafeModeManager.java:validateSafeModeExitRules(215)) - ScmSafeModeManager, all rules are successfully validated
2024-01-08 10:08:16,602 [EventQueue-OpenPipelineForHealthyPipelineSafeModeRule] INFO  safemode.SCMSafeModeManager (SCMSafeModeManager.java:exitSafeMode(244)) - SCM exiting safe mode.
2024-01-08 10:08:16,602 [EventQueue-OpenPipelineForHealthyPipelineSafeModeRule] INFO  ha.SCMContext (SCMContext.java:updateSafeModeStatus(230)) - Update SafeModeStatus from SafeModeStatus{safeModeStatus=true, preCheckPassed=true} to SafeModeStatus{safeModeStatus=false, preCheckPassed=true}.
2024-01-08 10:08:16,602 [EventQueue-OpenPipelineForHealthyPipelineSafeModeRule] INFO  pipeline.BackgroundPipelineCreator (BackgroundPipelineCreator.java:notifyStatusChanged(258)) - Service BackgroundPipelineCreator transitions to RUNNING.
2024-01-08 10:08:16,602 [EventQueue-OpenPipelineForHealthyPipelineSafeModeRule] INFO  BackgroundPipelineScrubber (BackgroundSCMService.java:notifyStatusChanged(82)) - Service BackgroundPipelineScrubber transitions to RUNNING.
2024-01-08 10:08:16,602 [EventQueue-OpenPipelineForHealthyPipelineSafeModeRule] INFO  ExpiredContainerReplicaOpScrubber (BackgroundSCMService.java:notifyStatusChanged(82)) - Service ExpiredContainerReplicaOpScrubber transitions to RUNNING.
2024-01-08 10:08:16,602 [EventQueue-OpenPipelineForHealthyPipelineSafeModeRule] INFO  block.SCMBlockDeletingService (SCMBlockDeletingService.java:notifyStatusChanged(247)) - notifyStatusChanged:RUNNING
2024-01-08 10:08:16,602 [EventQueue-OpenPipelineForHealthyPipelineSafeModeRule] INFO  replication.ReplicationManager (ReplicationManager.java:notifyStatusChanged(1401)) - Service ReplicationManager transitions to RUNNING.
2024-01-08 10:08:16,605 [b5f002a5-35f0-4e5a-a46f-90a89988a4c4@group-538E3B61F6E1-SegmentedRaftLogWorker] INFO  segmented.SegmentedRaftLogWorker (SegmentedRaftLogWorker.java:execute(632)) - b5f002a5-35f0-4e5a-a46f-90a89988a4c4@group-538E3B61F6E1-SegmentedRaftLogWorker: created new log segment /home/runner/work/ozone/ozone/hadoop-ozone/integration-test/target/test-dir/MiniOzoneClusterImpl-d16d6234-9da8-43a0-bd28-723006ad2f80/datanode-0/data/ratis/9d517986-09af-4c0d-8bf4-538e3b61f6e1/current/log_inprogress_0
2024-01-08 10:08:16,606 [EventQueue-OpenPipelineForHealthyPipelineSafeModeRule] WARN  balancer.ContainerBalancer (ContainerBalancer.java:shouldRun(134)) - Could not find persisted configuration for ContainerBalancer when checking if ContainerBalancer should run. ContainerBalancer should not run now.
2024-01-08 10:08:16,623 [bba1c53a-a6f8-4b7f-a0a1-8d65da7b011f-server-thread1] INFO  ratis.XceiverServerRatis (XceiverServerRatis.java:handleLeaderChangedNotification(945)) - Leader change notification received for group: group-538E3B61F6E1 with new leaderId: b5f002a5-35f0-4e5a-a46f-90a89988a4c4
2024-01-08 10:08:16,623 [bba1c53a-a6f8-4b7f-a0a1-8d65da7b011f-server-thread1] INFO  server.RaftServer$Division (ServerState.java:setLeader(265)) - bba1c53a-a6f8-4b7f-a0a1-8d65da7b011f@group-538E3B61F6E1: change Leader from null to b5f002a5-35f0-4e5a-a46f-90a89988a4c4 at term 1 for appendEntries, leader elected after 4983ms
2024-01-08 10:08:16,627 [216a7f9c-aee1-4f98-a365-89228e2ed43b-server-thread1] INFO  ratis.XceiverServerRatis (XceiverServerRatis.java:handleLeaderChangedNotification(945)) - Leader change notification received for group: group-538E3B61F6E1 with new leaderId: b5f002a5-35f0-4e5a-a46f-90a89988a4c4
2024-01-08 10:08:16,627 [216a7f9c-aee1-4f98-a365-89228e2ed43b-server-thread1] INFO  server.RaftServer$Division (ServerState.java:setLeader(265)) - 216a7f9c-aee1-4f98-a365-89228e2ed43b@group-538E3B61F6E1: change Leader from null to b5f002a5-35f0-4e5a-a46f-90a89988a4c4 at term 1 for appendEntries, leader elected after 4901ms
2024-01-08 10:08:16,635 [Mini-Cluster-Provider-Create] INFO  ozone.MiniOzoneClusterImpl (MiniOzoneClusterImpl.java:lambda$waitForClusterToBeReady$0(230)) - Nodes are ready. Got 3 of 3 DN Heartbeats.
2024-01-08 10:08:16,635 [Mini-Cluster-Provider-Create] INFO  ozone.MiniOzoneClusterImpl (MiniOzoneClusterImpl.java:lambda$waitForClusterToBeReady$0(233)) - Cluster exits safe mode
2024-01-08 10:08:16,636 [Mini-Cluster-Provider-Create] INFO  ozone.MiniOzoneClusterImpl (MiniOzoneClusterImpl.java:lambda$waitForClusterToBeReady$0(235)) - SCM became leader
2024-01-08 10:08:16,638 [main] INFO  ozone.MiniOzoneClusterImpl (MiniOzoneClusterImpl.java:lambda$waitForClusterToBeReady$0(230)) - Nodes are ready. Got 3 of 3 DN Heartbeats.
2024-01-08 10:08:16,639 [main] INFO  ozone.MiniOzoneClusterImpl (MiniOzoneClusterImpl.java:lambda$waitForClusterToBeReady$0(233)) - Cluster exits safe mode
2024-01-08 10:08:16,639 [main] INFO  ozone.MiniOzoneClusterImpl (MiniOzoneClusterImpl.java:lambda$waitForClusterToBeReady$0(235)) - SCM became leader
2024-01-08 10:08:16,642 [bba1c53a-a6f8-4b7f-a0a1-8d65da7b011f-server-thread2] INFO  server.RaftServer$Division (ServerState.java:setRaftConf(382)) - bba1c53a-a6f8-4b7f-a0a1-8d65da7b011f@group-538E3B61F6E1: set configuration 0: peers:[b5f002a5-35f0-4e5a-a46f-90a89988a4c4|10.1.0.19:15014, 216a7f9c-aee1-4f98-a365-89228e2ed43b|10.1.0.19:15032, bba1c53a-a6f8-4b7f-a0a1-8d65da7b011f|10.1.0.19:15023]|listeners:[], old=null
2024-01-08 10:08:16,647 [bba1c53a-a6f8-4b7f-a0a1-8d65da7b011f-server-thread2] INFO  segmented.SegmentedRaftLogWorker (SegmentedRaftLogWorker.java:startLogSegment(428)) - bba1c53a-a6f8-4b7f-a0a1-8d65da7b011f@group-538E3B61F6E1-SegmentedRaftLogWorker: Starting segment from index:0
2024-01-08 10:08:16,651 [216a7f9c-aee1-4f98-a365-89228e2ed43b-server-thread2] INFO  server.RaftServer$Division (ServerState.java:setRaftConf(382)) - 216a7f9c-aee1-4f98-a365-89228e2ed43b@group-538E3B61F6E1: set configuration 0: peers:[b5f002a5-35f0-4e5a-a46f-90a89988a4c4|10.1.0.19:15014, 216a7f9c-aee1-4f98-a365-89228e2ed43b|10.1.0.19:15032, bba1c53a-a6f8-4b7f-a0a1-8d65da7b011f|10.1.0.19:15023]|listeners:[], old=null
2024-01-08 10:08:16,651 [216a7f9c-aee1-4f98-a365-89228e2ed43b-server-thread2] INFO  segmented.SegmentedRaftLogWorker (SegmentedRaftLogWorker.java:startLogSegment(428)) - 216a7f9c-aee1-4f98-a365-89228e2ed43b@group-538E3B61F6E1-SegmentedRaftLogWorker: Starting segment from index:0
2024-01-08 10:08:16,654 [b5f002a5-35f0-4e5a-a46f-90a89988a4c4@group-D7A10CDB4DBC-FollowerState] INFO  impl.FollowerState (FollowerState.java:run(143)) - b5f002a5-35f0-4e5a-a46f-90a89988a4c4@group-D7A10CDB4DBC-FollowerState: change to CANDIDATE, lastRpcElapsedTime:5199390019ns, electionTimeout:5194ms
2024-01-08 10:08:16,654 [b5f002a5-35f0-4e5a-a46f-90a89988a4c4@group-D7A10CDB4DBC-FollowerState] INFO  impl.RoleInfo (RoleInfo.java:shutdownFollowerState(110)) - b5f002a5-35f0-4e5a-a46f-90a89988a4c4: shutdown b5f002a5-35f0-4e5a-a46f-90a89988a4c4@group-D7A10CDB4DBC-FollowerState
2024-01-08 10:08:16,654 [b5f002a5-35f0-4e5a-a46f-90a89988a4c4@group-D7A10CDB4DBC-FollowerState] INFO  server.RaftServer$Division (RaftServerImpl.java:setRole(379)) - b5f002a5-35f0-4e5a-a46f-90a89988a4c4@group-D7A10CDB4DBC: changes role from  FOLLOWER to CANDIDATE at term 0 for changeToCandidate
2024-01-08 10:08:16,654 [b5f002a5-35f0-4e5a-a46f-90a89988a4c4@group-D7A10CDB4DBC-FollowerState] INFO  server.RaftServerConfigKeys (ConfUtils.java:logGet(46)) - raft.server.leaderelection.pre-vote = true (default)
2024-01-08 10:08:16,654 [b5f002a5-35f0-4e5a-a46f-90a89988a4c4@group-D7A10CDB4DBC-FollowerState] INFO  impl.RoleInfo (RoleInfo.java:updateAndGet(139)) - b5f002a5-35f0-4e5a-a46f-90a89988a4c4: start b5f002a5-35f0-4e5a-a46f-90a89988a4c4@group-D7A10CDB4DBC-LeaderElection3
2024-01-08 10:08:16,658 [bba1c53a-a6f8-4b7f-a0a1-8d65da7b011f@group-538E3B61F6E1-SegmentedRaftLogWorker] INFO  segmented.SegmentedRaftLogWorker (SegmentedRaftLogWorker.java:execute(632)) - bba1c53a-a6f8-4b7f-a0a1-8d65da7b011f@group-538E3B61F6E1-SegmentedRaftLogWorker: created new log segment /home/runner/work/ozone/ozone/hadoop-ozone/integration-test/target/test-dir/MiniOzoneClusterImpl-d16d6234-9da8-43a0-bd28-723006ad2f80/datanode-1/data/ratis/9d517986-09af-4c0d-8bf4-538e3b61f6e1/current/log_inprogress_0
2024-01-08 10:08:16,660 [216a7f9c-aee1-4f98-a365-89228e2ed43b@group-538E3B61F6E1-SegmentedRaftLogWorker] INFO  segmented.SegmentedRaftLogWorker (SegmentedRaftLogWorker.java:execute(632)) - 216a7f9c-aee1-4f98-a365-89228e2ed43b@group-538E3B61F6E1-SegmentedRaftLogWorker: created new log segment /home/runner/work/ozone/ozone/hadoop-ozone/integration-test/target/test-dir/MiniOzoneClusterImpl-d16d6234-9da8-43a0-bd28-723006ad2f80/datanode-2/data/ratis/9d517986-09af-4c0d-8bf4-538e3b61f6e1/current/log_inprogress_0
2024-01-08 10:08:16,664 [Mini-Cluster-Provider-Create] WARN  server.ServerUtils (ServerUtils.java:getScmDbDir(155)) - ozone.scm.db.dirs is not configured. We recommend adding this setting. Falling back to ozone.metadata.dirs instead.
2024-01-08 10:08:16,664 [b5f002a5-35f0-4e5a-a46f-90a89988a4c4@group-D7A10CDB4DBC-LeaderElection3] INFO  impl.LeaderElection (LeaderElection.java:askForVotes(323)) - b5f002a5-35f0-4e5a-a46f-90a89988a4c4@group-D7A10CDB4DBC-LeaderElection3 PRE_VOTE round 0: submit vote requests at term 0 for -1: peers:[b5f002a5-35f0-4e5a-a46f-90a89988a4c4|10.1.0.19:15014]|listeners:[], old=null
2024-01-08 10:08:16,666 [b5f002a5-35f0-4e5a-a46f-90a89988a4c4@group-538E3B61F6E1-StateMachineUpdater] INFO  server.RaftServer$Division (LeaderStateImpl.java:isApplied(316)) - leader is ready since appliedIndex == 0 >= startIndex == 0
2024-01-08 10:08:16,667 [b5f002a5-35f0-4e5a-a46f-90a89988a4c4@group-D7A10CDB4DBC-LeaderElection3] INFO  impl.LeaderElection (LeaderElection.java:askForVotes(325)) - b5f002a5-35f0-4e5a-a46f-90a89988a4c4@group-D7A10CDB4DBC-LeaderElection3 PRE_VOTE round 0: result PASSED (term=0)
2024-01-08 10:08:16,669 [b5f002a5-35f0-4e5a-a46f-90a89988a4c4@group-D7A10CDB4DBC-LeaderElection3] INFO  impl.LeaderElection (LeaderElection.java:askForVotes(323)) - b5f002a5-35f0-4e5a-a46f-90a89988a4c4@group-D7A10CDB4DBC-LeaderElection3 ELECTION round 0: submit vote requests at term 1 for -1: peers:[b5f002a5-35f0-4e5a-a46f-90a89988a4c4|10.1.0.19:15014]|listeners:[], old=null
2024-01-08 10:08:16,669 [b5f002a5-35f0-4e5a-a46f-90a89988a4c4@group-D7A10CDB4DBC-LeaderElection3] INFO  impl.LeaderElection (LeaderElection.java:askForVotes(325)) - b5f002a5-35f0-4e5a-a46f-90a89988a4c4@group-D7A10CDB4DBC-LeaderElection3 ELECTION round 0: result PASSED (term=1)
2024-01-08 10:08:16,670 [b5f002a5-35f0-4e5a-a46f-90a89988a4c4@group-D7A10CDB4DBC-LeaderElection3] INFO  impl.RoleInfo (RoleInfo.java:shutdownLeaderElection(130)) - b5f002a5-35f0-4e5a-a46f-90a89988a4c4: shutdown b5f002a5-35f0-4e5a-a46f-90a89988a4c4@group-D7A10CDB4DBC-LeaderElection3
2024-01-08 10:08:16,670 [b5f002a5-35f0-4e5a-a46f-90a89988a4c4@group-D7A10CDB4DBC-LeaderElection3] INFO  server.RaftServer$Division (RaftServerImpl.java:setRole(379)) - b5f002a5-35f0-4e5a-a46f-90a89988a4c4@group-D7A10CDB4DBC: changes role from CANDIDATE to LEADER at term 1 for changeToLeader
2024-01-08 10:08:16,670 [Mini-Cluster-Provider-Create] WARN  server.ServerUtils (ServerUtils.java:getScmDbDir(155)) - ozone.scm.db.dirs is not configured. We recommend adding this setting. Falling back to ozone.metadata.dirs instead.
2024-01-08 10:08:16,671 [Mini-Cluster-Provider-Create] INFO  ha.SCMHANodeDetails (SCMHANodeDetails.java:loadSCMHAConfig(207)) - ServiceID for StorageContainerManager is null
2024-01-08 10:08:16,671 [Mini-Cluster-Provider-Create] INFO  ha.SCMHANodeDetails (SCMHANodeDetails.java:loadSCMHAConfig(212)) - ozone.scm.default.service.id is not defined, falling back to ozone.scm.service.ids to find serviceID for StorageContainerManager if it is HA enabled cluster
2024-01-08 10:08:16,670 [b5f002a5-35f0-4e5a-a46f-90a89988a4c4@group-D7A10CDB4DBC-LeaderElection3] INFO  server.RaftServerConfigKeys (ConfUtils.java:logGet(46)) - raft.server.staging.catchup.gap = 1000 (default)
2024-01-08 10:08:16,672 [b5f002a5-35f0-4e5a-a46f-90a89988a4c4@group-D7A10CDB4DBC-LeaderElection3] INFO  server.RaftServerConfigKeys (ConfUtils.java:logGet(46)) - raft.server.write.element-limit = 1024 (custom)
2024-01-08 10:08:16,672 [b5f002a5-35f0-4e5a-a46f-90a89988a4c4@group-D7A10CDB4DBC-LeaderElection3] INFO  server.RaftServerConfigKeys (ConfUtils.java:logGet(46)) - raft.server.write.byte-limit = 1024 M (=1073741824) (custom)
2024-01-08 10:08:16,673 [b5f002a5-35f0-4e5a-a46f-90a89988a4c4@group-D7A10CDB4DBC-LeaderElection3] INFO  server.RaftServerConfigKeys (ConfUtils.java:logGet(46)) - raft.server.watch.timeout = 180s (custom)
2024-01-08 10:08:16,673 [b5f002a5-35f0-4e5a-a46f-90a89988a4c4@group-D7A10CDB4DBC-LeaderElection3] INFO  server.RaftServerConfigKeys (ConfUtils.java:logGet(46)) - raft.server.watch.timeout.denomination = 1s (default)
2024-01-08 10:08:16,673 [b5f002a5-35f0-4e5a-a46f-90a89988a4c4@group-D7A10CDB4DBC-LeaderElection3] INFO  server.RaftServerConfigKeys (ConfUtils.java:logGet(46)) - raft.server.watch.element-limit = 65536 (default)
2024-01-08 10:08:16,674 [b5f002a5-35f0-4e5a-a46f-90a89988a4c4@group-D7A10CDB4DBC-LeaderElection3] INFO  server.RaftServerConfigKeys (ConfUtils.java:logGet(46)) - raft.server.read.leader.lease.enabled = false (default)
2024-01-08 10:08:16,674 [b5f002a5-35f0-4e5a-a46f-90a89988a4c4@group-D7A10CDB4DBC-LeaderElection3] INFO  server.RaftServerConfigKeys (ConfUtils.java:logGet(46)) - raft.server.read.leader.lease.timeout.ratio = 0.9 (default)
2024-01-08 10:08:16,674 [b5f002a5-35f0-4e5a-a46f-90a89988a4c4@group-D7A10CDB4DBC-LeaderElection3] INFO  server.RaftServerConfigKeys (ConfUtils.java:logGet(46)) - raft.server.rpc.timeout.min = 5s (custom)
2024-01-08 10:08:16,675 [b5f002a5-35f0-4e5a-a46f-90a89988a4c4@group-D7A10CDB4DBC-LeaderElection3] INFO  server.RaftServerConfigKeys (ConfUtils.java:logGet(46)) - raft.server.write.element-limit = 1024 (custom)
2024-01-08 10:08:16,675 [b5f002a5-35f0-4e5a-a46f-90a89988a4c4@group-D7A10CDB4DBC-LeaderElection3] INFO  server.RaftServerConfigKeys (ConfUtils.java:logGet(46)) - raft.server.write.follower.gap.ratio.max = -1.0 (default)
2024-01-08 10:08:16,676 [b5f002a5-35f0-4e5a-a46f-90a89988a4c4@group-D7A10CDB4DBC-LeaderElection3] INFO  impl.RoleInfo (RoleInfo.java:updateAndGet(139)) - b5f002a5-35f0-4e5a-a46f-90a89988a4c4: start b5f002a5-35f0-4e5a-a46f-90a89988a4c4@group-D7A10CDB4DBC-LeaderStateImpl
2024-01-08 10:08:16,672 [Mini-Cluster-Provider-Create] WARN  utils.HAUtils (HAUtils.java:getMetaDir(339)) - ozone.scm.db.dirs is not configured. We recommend adding this setting. Falling back to ozone.metadata.dirs instead.
2024-01-08 10:08:16,676 [Mini-Cluster-Provider-Create] WARN  db.DBStoreBuilder (DBStoreBuilder.java:applyDBDefinition(167)) - ozone.scm.db.dirs is not configured. We recommend adding this setting. Falling back to ozone.metadata.dirs instead.
2024-01-08 10:08:16,676 [b5f002a5-35f0-4e5a-a46f-90a89988a4c4@group-D7A10CDB4DBC-LeaderElection3] INFO  server.RaftServer$Division (RaftServerImpl.java:setFirstElection(564)) - b5f002a5-35f0-4e5a-a46f-90a89988a4c4@group-D7A10CDB4DBC: set firstElectionSinceStartup to false for becomeLeader
2024-01-08 10:08:16,677 [b5f002a5-35f0-4e5a-a46f-90a89988a4c4@group-D7A10CDB4DBC-LeaderElection3] INFO  ratis.XceiverServerRatis (XceiverServerRatis.java:handleLeaderChangedNotification(945)) - Leader change notification received for group: group-D7A10CDB4DBC with new leaderId: b5f002a5-35f0-4e5a-a46f-90a89988a4c4
2024-01-08 10:08:16,677 [b5f002a5-35f0-4e5a-a46f-90a89988a4c4@group-D7A10CDB4DBC-LeaderElection3] INFO  server.RaftServer$Division (ServerState.java:setLeader(265)) - b5f002a5-35f0-4e5a-a46f-90a89988a4c4@group-D7A10CDB4DBC: change Leader from null to b5f002a5-35f0-4e5a-a46f-90a89988a4c4 at term 1 for becomeLeader, leader elected after 5244ms
2024-01-08 10:08:16,677 [main] INFO  protocolPB.OmTransportFactory (OmTransportFactory.java:createFactory(62)) - Loading OM transport implementation org.apache.hadoop.ozone.om.protocolPB.Hadoop3OmTransportFactory as specified by configuration.
2024-01-08 10:08:16,678 [b5f002a5-35f0-4e5a-a46f-90a89988a4c4@group-D7A10CDB4DBC-LeaderElection3] INFO  segmented.SegmentedRaftLogWorker (SegmentedRaftLogWorker.java:startLogSegment(428)) - b5f002a5-35f0-4e5a-a46f-90a89988a4c4@group-D7A10CDB4DBC-SegmentedRaftLogWorker: Starting segment from index:0
2024-01-08 10:08:16,684 [b5f002a5-35f0-4e5a-a46f-90a89988a4c4@group-D7A10CDB4DBC-LeaderElection3] INFO  server.RaftServer$Division (ServerState.java:setRaftConf(382)) - b5f002a5-35f0-4e5a-a46f-90a89988a4c4@group-D7A10CDB4DBC: set configuration 0: peers:[b5f002a5-35f0-4e5a-a46f-90a89988a4c4|10.1.0.19:15014]|listeners:[], old=null
2024-01-08 10:08:16,687 [b5f002a5-35f0-4e5a-a46f-90a89988a4c4@group-D7A10CDB4DBC-SegmentedRaftLogWorker] INFO  segmented.SegmentedRaftLogWorker (SegmentedRaftLogWorker.java:execute(632)) - b5f002a5-35f0-4e5a-a46f-90a89988a4c4@group-D7A10CDB4DBC-SegmentedRaftLogWorker: created new log segment /home/runner/work/ozone/ozone/hadoop-ozone/integration-test/target/test-dir/MiniOzoneClusterImpl-d16d6234-9da8-43a0-bd28-723006ad2f80/datanode-0/data/ratis/99fbbfd3-cdd8-4020-a2f1-d7a10cdb4dbc/current/log_inprogress_0
2024-01-08 10:08:16,689 [b5f002a5-35f0-4e5a-a46f-90a89988a4c4@group-D7A10CDB4DBC-StateMachineUpdater] INFO  server.RaftServer$Division (LeaderStateImpl.java:isApplied(316)) - leader is ready since appliedIndex == 0 >= startIndex == 0
2024-01-08 10:08:16,756 [bba1c53a-a6f8-4b7f-a0a1-8d65da7b011f@group-1C1F45AB4DF4-FollowerState] INFO  impl.FollowerState (FollowerState.java:run(143)) - bba1c53a-a6f8-4b7f-a0a1-8d65da7b011f@group-1C1F45AB4DF4-FollowerState: change to CANDIDATE, lastRpcElapsedTime:5122196073ns, electionTimeout:5111ms
2024-01-08 10:08:16,756 [bba1c53a-a6f8-4b7f-a0a1-8d65da7b011f@group-1C1F45AB4DF4-FollowerState] INFO  impl.RoleInfo (RoleInfo.java:shutdownFollowerState(110)) - bba1c53a-a6f8-4b7f-a0a1-8d65da7b011f: shutdown bba1c53a-a6f8-4b7f-a0a1-8d65da7b011f@group-1C1F45AB4DF4-FollowerState
2024-01-08 10:08:16,757 [bba1c53a-a6f8-4b7f-a0a1-8d65da7b011f@group-1C1F45AB4DF4-FollowerState] INFO  server.RaftServer$Division (RaftServerImpl.java:setRole(379)) - bba1c53a-a6f8-4b7f-a0a1-8d65da7b011f@group-1C1F45AB4DF4: changes role from  FOLLOWER to CANDIDATE at term 0 for changeToCandidate
2024-01-08 10:08:16,757 [bba1c53a-a6f8-4b7f-a0a1-8d65da7b011f@group-1C1F45AB4DF4-FollowerState] INFO  server.RaftServerConfigKeys (ConfUtils.java:logGet(46)) - raft.server.leaderelection.pre-vote = true (default)
2024-01-08 10:08:16,757 [bba1c53a-a6f8-4b7f-a0a1-8d65da7b011f@group-1C1F45AB4DF4-FollowerState] INFO  impl.RoleInfo (RoleInfo.java:updateAndGet(139)) - bba1c53a-a6f8-4b7f-a0a1-8d65da7b011f: start bba1c53a-a6f8-4b7f-a0a1-8d65da7b011f@group-1C1F45AB4DF4-LeaderElection4
2024-01-08 10:08:16,763 [bba1c53a-a6f8-4b7f-a0a1-8d65da7b011f@group-1C1F45AB4DF4-LeaderElection4] INFO  impl.LeaderElection (LeaderElection.java:askForVotes(323)) - bba1c53a-a6f8-4b7f-a0a1-8d65da7b011f@group-1C1F45AB4DF4-LeaderElection4 PRE_VOTE round 0: submit vote requests at term 0 for -1: peers:[bba1c53a-a6f8-4b7f-a0a1-8d65da7b011f|10.1.0.19:15023]|listeners:[], old=null
2024-01-08 10:08:16,763 [bba1c53a-a6f8-4b7f-a0a1-8d65da7b011f@group-1C1F45AB4DF4-LeaderElection4] INFO  impl.LeaderElection (LeaderElection.java:askForVotes(325)) - bba1c53a-a6f8-4b7f-a0a1-8d65da7b011f@group-1C1F45AB4DF4-LeaderElection4 PRE_VOTE round 0: result PASSED (term=0)
2024-01-08 10:08:16,764 [bba1c53a-a6f8-4b7f-a0a1-8d65da7b011f@group-1C1F45AB4DF4-LeaderElection4] INFO  impl.LeaderElection (LeaderElection.java:askForVotes(323)) - bba1c53a-a6f8-4b7f-a0a1-8d65da7b011f@group-1C1F45AB4DF4-LeaderElection4 ELECTION round 0: submit vote requests at term 1 for -1: peers:[bba1c53a-a6f8-4b7f-a0a1-8d65da7b011f|10.1.0.19:15023]|listeners:[], old=null
2024-01-08 10:08:16,764 [bba1c53a-a6f8-4b7f-a0a1-8d65da7b011f@group-1C1F45AB4DF4-LeaderElection4] INFO  impl.LeaderElection (LeaderElection.java:askForVotes(325)) - bba1c53a-a6f8-4b7f-a0a1-8d65da7b011f@group-1C1F45AB4DF4-LeaderElection4 ELECTION round 0: result PASSED (term=1)
2024-01-08 10:08:16,764 [bba1c53a-a6f8-4b7f-a0a1-8d65da7b011f@group-1C1F45AB4DF4-LeaderElection4] INFO  impl.RoleInfo (RoleInfo.java:shutdownLeaderElection(130)) - bba1c53a-a6f8-4b7f-a0a1-8d65da7b011f: shutdown bba1c53a-a6f8-4b7f-a0a1-8d65da7b011f@group-1C1F45AB4DF4-LeaderElection4
2024-01-08 10:08:16,765 [bba1c53a-a6f8-4b7f-a0a1-8d65da7b011f@group-1C1F45AB4DF4-LeaderElection4] INFO  server.RaftServer$Division (RaftServerImpl.java:setRole(379)) - bba1c53a-a6f8-4b7f-a0a1-8d65da7b011f@group-1C1F45AB4DF4: changes role from CANDIDATE to LEADER at term 1 for changeToLeader
2024-01-08 10:08:16,765 [bba1c53a-a6f8-4b7f-a0a1-8d65da7b011f@group-1C1F45AB4DF4-LeaderElection4] INFO  server.RaftServerConfigKeys (ConfUtils.java:logGet(46)) - raft.server.staging.catchup.gap = 1000 (default)
2024-01-08 10:08:16,765 [bba1c53a-a6f8-4b7f-a0a1-8d65da7b011f@group-1C1F45AB4DF4-LeaderElection4] INFO  server.RaftServerConfigKeys (ConfUtils.java:logGet(46)) - raft.server.write.element-limit = 1024 (custom)
2024-01-08 10:08:16,765 [bba1c53a-a6f8-4b7f-a0a1-8d65da7b011f@group-1C1F45AB4DF4-LeaderElection4] INFO  server.RaftServerConfigKeys (ConfUtils.java:logGet(46)) - raft.server.write.byte-limit = 1024 M (=1073741824) (custom)
2024-01-08 10:08:16,765 [bba1c53a-a6f8-4b7f-a0a1-8d65da7b011f@group-1C1F45AB4DF4-LeaderElection4] INFO  server.RaftServerConfigKeys (ConfUtils.java:logGet(46)) - raft.server.watch.timeout = 180s (custom)
2024-01-08 10:08:16,766 [bba1c53a-a6f8-4b7f-a0a1-8d65da7b011f@group-1C1F45AB4DF4-LeaderElection4] INFO  server.RaftServerConfigKeys (ConfUtils.java:logGet(46)) - raft.server.watch.timeout.denomination = 1s (default)
2024-01-08 10:08:16,766 [bba1c53a-a6f8-4b7f-a0a1-8d65da7b011f@group-1C1F45AB4DF4-LeaderElection4] INFO  server.RaftServerConfigKeys (ConfUtils.java:logGet(46)) - raft.server.watch.element-limit = 65536 (default)
2024-01-08 10:08:16,766 [bba1c53a-a6f8-4b7f-a0a1-8d65da7b011f@group-1C1F45AB4DF4-LeaderElection4] INFO  server.RaftServerConfigKeys (ConfUtils.java:logGet(46)) - raft.server.read.leader.lease.enabled = false (default)
2024-01-08 10:08:16,766 [bba1c53a-a6f8-4b7f-a0a1-8d65da7b011f@group-1C1F45AB4DF4-LeaderElection4] INFO  server.RaftServerConfigKeys (ConfUtils.java:logGet(46)) - raft.server.read.leader.lease.timeout.ratio = 0.9 (default)
2024-01-08 10:08:16,766 [bba1c53a-a6f8-4b7f-a0a1-8d65da7b011f@group-1C1F45AB4DF4-LeaderElection4] INFO  server.RaftServerConfigKeys (ConfUtils.java:logGet(46)) - raft.server.rpc.timeout.min = 5s (custom)
2024-01-08 10:08:16,766 [bba1c53a-a6f8-4b7f-a0a1-8d65da7b011f@group-1C1F45AB4DF4-LeaderElection4] INFO  server.RaftServerConfigKeys (ConfUtils.java:logGet(46)) - raft.server.write.element-limit = 1024 (custom)
2024-01-08 10:08:16,766 [bba1c53a-a6f8-4b7f-a0a1-8d65da7b011f@group-1C1F45AB4DF4-LeaderElection4] INFO  server.RaftServerConfigKeys (ConfUtils.java:logGet(46)) - raft.server.write.follower.gap.ratio.max = -1.0 (default)
2024-01-08 10:08:16,766 [bba1c53a-a6f8-4b7f-a0a1-8d65da7b011f@group-1C1F45AB4DF4-LeaderElection4] INFO  impl.RoleInfo (RoleInfo.java:updateAndGet(139)) - bba1c53a-a6f8-4b7f-a0a1-8d65da7b011f: start bba1c53a-a6f8-4b7f-a0a1-8d65da7b011f@group-1C1F45AB4DF4-LeaderStateImpl
2024-01-08 10:08:16,766 [bba1c53a-a6f8-4b7f-a0a1-8d65da7b011f@group-1C1F45AB4DF4-LeaderElection4] INFO  server.RaftServer$Division (RaftServerImpl.java:setFirstElection(564)) - bba1c53a-a6f8-4b7f-a0a1-8d65da7b011f@group-1C1F45AB4DF4: set firstElectionSinceStartup to false for becomeLeader
2024-01-08 10:08:16,766 [bba1c53a-a6f8-4b7f-a0a1-8d65da7b011f@group-1C1F45AB4DF4-LeaderElection4] INFO  ratis.XceiverServerRatis (XceiverServerRatis.java:handleLeaderChangedNotification(945)) - Leader change notification received for group: group-1C1F45AB4DF4 with new leaderId: bba1c53a-a6f8-4b7f-a0a1-8d65da7b011f
2024-01-08 10:08:16,767 [bba1c53a-a6f8-4b7f-a0a1-8d65da7b011f@group-1C1F45AB4DF4-LeaderElection4] INFO  server.RaftServer$Division (ServerState.java:setLeader(265)) - bba1c53a-a6f8-4b7f-a0a1-8d65da7b011f@group-1C1F45AB4DF4: change Leader from null to bba1c53a-a6f8-4b7f-a0a1-8d65da7b011f at term 1 for becomeLeader, leader elected after 5174ms
2024-01-08 10:08:16,767 [bba1c53a-a6f8-4b7f-a0a1-8d65da7b011f@group-1C1F45AB4DF4-LeaderElection4] INFO  segmented.SegmentedRaftLogWorker (SegmentedRaftLogWorker.java:startLogSegment(428)) - bba1c53a-a6f8-4b7f-a0a1-8d65da7b011f@group-1C1F45AB4DF4-SegmentedRaftLogWorker: Starting segment from index:0
2024-01-08 10:08:16,776 [bba1c53a-a6f8-4b7f-a0a1-8d65da7b011f@group-1C1F45AB4DF4-LeaderElection4] INFO  server.RaftServer$Division (ServerState.java:setRaftConf(382)) - bba1c53a-a6f8-4b7f-a0a1-8d65da7b011f@group-1C1F45AB4DF4: set configuration 0: peers:[bba1c53a-a6f8-4b7f-a0a1-8d65da7b011f|10.1.0.19:15023]|listeners:[], old=null
2024-01-08 10:08:16,776 [bba1c53a-a6f8-4b7f-a0a1-8d65da7b011f@group-1C1F45AB4DF4-SegmentedRaftLogWorker] INFO  segmented.SegmentedRaftLogWorker (SegmentedRaftLogWorker.java:execute(632)) - bba1c53a-a6f8-4b7f-a0a1-8d65da7b011f@group-1C1F45AB4DF4-SegmentedRaftLogWorker: created new log segment /home/runner/work/ozone/ozone/hadoop-ozone/integration-test/target/test-dir/MiniOzoneClusterImpl-d16d6234-9da8-43a0-bd28-723006ad2f80/datanode-1/data/ratis/528ea7b7-540c-4010-99d0-1c1f45ab4df4/current/log_inprogress_0
2024-01-08 10:08:16,784 [bba1c53a-a6f8-4b7f-a0a1-8d65da7b011f@group-1C1F45AB4DF4-StateMachineUpdater] INFO  server.RaftServer$Division (LeaderStateImpl.java:isApplied(316)) - leader is ready since appliedIndex == 0 >= startIndex == 0
2024-01-08 10:08:16,803 [Mini-Cluster-Provider-Create] INFO  net.NodeSchemaLoader (NodeSchemaLoader.java:loadSchemaFromFile(129)) - Loading schema from [jar:file:/home/runner/.m2/repository/org/apache/ozone/hdds-common/1.5.0-SNAPSHOT/hdds-common-1.5.0-SNAPSHOT.jar!/network-topology-default.xml]
2024-01-08 10:08:16,804 [Mini-Cluster-Provider-Create] INFO  net.NodeSchemaLoader (NodeSchemaLoader.java:loadSchema(176)) - Loading network topology layer schema file
2024-01-08 10:08:16,810 [Mini-Cluster-Provider-Create] WARN  dropwizard3.Dm3MetricRegistriesImpl (Dm3MetricRegistriesImpl.java:addReporterRegistration(113)) - New reporters are added after registries were created. Some metrics will be missing from the reporter. Please add reporter before adding any new registry.
2024-01-08 10:08:16,810 [Mini-Cluster-Provider-Create] WARN  dropwizard3.Dm3MetricRegistriesImpl (Dm3MetricRegistriesImpl.java:addReporterRegistration(113)) - New reporters are added after registries were created. Some metrics will be missing from the reporter. Please add reporter before adding any new registry.
2024-01-08 10:08:16,811 [Mini-Cluster-Provider-Create] INFO  upgrade.AbstractLayoutVersionManager (AbstractLayoutVersionManager.java:init(83)) - Initializing Layout version manager with metadata layout = HADOOP_PRC_PORTS_IN_DATANODEDETAILS (version = 7), software layout = HADOOP_PRC_PORTS_IN_DATANODEDETAILS (version = 7)
2024-01-08 10:08:16,815 [Mini-Cluster-Provider-Create] INFO  ha.SequenceIdGenerator (SequenceIdGenerator.java:upgradeToSequenceId(370)) - upgrade localId to 113750153625600000
2024-01-08 10:08:16,815 [Mini-Cluster-Provider-Create] INFO  ha.SequenceIdGenerator (SequenceIdGenerator.java:upgradeToSequenceId(380)) - upgrade delTxnId to 0
2024-01-08 10:08:16,816 [Mini-Cluster-Provider-Create] INFO  ha.SequenceIdGenerator (SequenceIdGenerator.java:upgradeToSequenceId(397)) - upgrade containerId to 0
2024-01-08 10:08:16,817 [Mini-Cluster-Provider-Create] INFO  ha.SequenceIdGenerator (SequenceIdGenerator.java:upgradeToCertificateSequenceId(444)) - upgrade CertificateId to 2
2024-01-08 10:08:16,817 [Mini-Cluster-Provider-Create] INFO  ha.SequenceIdGenerator (SequenceIdGenerator.java:<init>(241)) - Init the HA SequenceIdGenerator.
2024-01-08 10:08:16,818 [Mini-Cluster-Provider-Create] WARN  server.ServerUtils (ServerUtils.java:sanitizeUserArgs(80)) - ozone.scm.stale.node.interval value = 300000 is larger than max = 100000 based on the key value of ozone.scm.heartbeat.thread.interval, reset to the max value 100000.
2024-01-08 10:08:16,818 [Mini-Cluster-Provider-Create] WARN  server.ServerUtils (ServerUtils.java:sanitizeUserArgs(80)) - ozone.scm.stale.node.interval value = 300000 is larger than max = 100000 based on the key value of ozone.scm.heartbeat.thread.interval, reset to the max value 100000.
2024-01-08 10:08:16,823 [Mini-Cluster-Provider-Create] INFO  node.SCMNodeManager (SCMNodeManager.java:<init>(173)) - Entering startup safe mode.
2024-01-08 10:08:16,824 [Mini-Cluster-Provider-Create] INFO  algorithms.ContainerPlacementPolicyFactory (ContainerPlacementPolicyFactory.java:getPolicyInternal(86)) - Create container placement policy of type org.apache.hadoop.hdds.scm.container.placement.algorithms.SCMContainerPlacementRackAware
2024-01-08 10:08:16,824 [Mini-Cluster-Provider-Create] INFO  algorithms.ContainerPlacementPolicyFactory (ContainerPlacementPolicyFactory.java:getPolicyInternal(86)) - Create container placement policy of type org.apache.hadoop.hdds.scm.container.placement.algorithms.SCMContainerPlacementRackScatter
2024-01-08 10:08:16,825 [Mini-Cluster-Provider-Create] INFO  pipeline.PipelineStateManagerImpl (PipelineStateManagerImpl.java:initialize(78)) - No pipeline exists in current db
2024-01-08 10:08:16,825 [Mini-Cluster-Provider-Create] INFO  algorithms.LeaderChoosePolicyFactory (LeaderChoosePolicyFactory.java:getPolicy(57)) - Create leader choose policy of type org.apache.hadoop.hdds.scm.pipeline.leader.choose.algorithms.MinLeaderCountChoosePolicy
2024-01-08 10:08:16,825 [Mini-Cluster-Provider-Create] INFO  algorithms.ContainerPlacementPolicyFactory (ContainerPlacementPolicyFactory.java:getPolicyInternal(86)) - Create container placement policy of type org.apache.hadoop.hdds.scm.container.placement.algorithms.SCMContainerPlacementRackScatter
2024-01-08 10:08:16,825 [Mini-Cluster-Provider-Create] INFO  ha.SCMServiceManager (SCMServiceManager.java:register(42)) - Registering service BackgroundPipelineCreator.
2024-01-08 10:08:16,825 [Mini-Cluster-Provider-Create] INFO  pipeline.BackgroundPipelineCreator (BackgroundPipelineCreator.java:start(127)) - Starting RatisPipelineUtilsThread.
2024-01-08 10:08:16,827 [Mini-Cluster-Provider-Create] INFO  BackgroundPipelineScrubber (BackgroundSCMService.java:start(68)) - Starting BackgroundPipelineScrubber Service.
2024-01-08 10:08:16,834 [Mini-Cluster-Provider-Create] INFO  ha.SCMServiceManager (SCMServiceManager.java:register(42)) - Registering service BackgroundPipelineScrubber.
2024-01-08 10:08:16,834 [Mini-Cluster-Provider-Create] INFO  ExpiredContainerReplicaOpScrubber (BackgroundSCMService.java:start(68)) - Starting ExpiredContainerReplicaOpScrubber Service.
2024-01-08 10:08:16,834 [Mini-Cluster-Provider-Create] INFO  ha.SCMServiceManager (SCMServiceManager.java:register(42)) - Registering service ExpiredContainerReplicaOpScrubber.
2024-01-08 10:08:16,835 [Mini-Cluster-Provider-Create] INFO  algorithms.PipelineChoosePolicyFactory (PipelineChoosePolicyFactory.java:createPipelineChoosePolicyFromClass(78)) - Create pipeline choose policy of type org.apache.hadoop.hdds.scm.pipeline.choose.algorithms.RandomPipelineChoosePolicy
2024-01-08 10:08:16,835 [Mini-Cluster-Provider-Create] INFO  algorithms.PipelineChoosePolicyFactory (PipelineChoosePolicyFactory.java:createPipelineChoosePolicyFromClass(78)) - Create pipeline choose policy of type org.apache.hadoop.hdds.scm.pipeline.choose.algorithms.RandomPipelineChoosePolicy
2024-01-08 10:08:16,836 [Mini-Cluster-Provider-Create] INFO  ha.SCMServiceManager (SCMServiceManager.java:register(42)) - Registering service SCMBlockDeletingService.
2024-01-08 10:08:16,837 [Mini-Cluster-Provider-Create] INFO  replication.ReplicationManager (ReplicationManager.java:start(294)) - Starting Replication Monitor Thread.
2024-01-08 10:08:16,843 [ReplicationMonitor] INFO  replication.ReplicationManager (ReplicationManager.java:processAll(369)) - Replication Manager is not ready to run until 3000ms after safemode exit
2024-01-08 10:08:16,843 [Mini-Cluster-Provider-Create] INFO  ha.SCMServiceManager (SCMServiceManager.java:register(42)) - Registering service ReplicationManager.
2024-01-08 10:08:16,844 [Mini-Cluster-Provider-Create] INFO  safemode.ContainerSafeModeRule (ContainerSafeModeRule.java:<init>(91)) - containers with one replica threshold count 0
2024-01-08 10:08:16,845 [Mini-Cluster-Provider-Create] INFO  safemode.HealthyPipelineSafeModeRule (HealthyPipelineSafeModeRule.java:initializeRule(176)) - Total pipeline count is 0, healthy pipeline threshold count is 1
2024-01-08 10:08:16,845 [Mini-Cluster-Provider-Create] INFO  safemode.OneReplicaPipelineSafeModeRule (OneReplicaPipelineSafeModeRule.java:initializeRule(193)) - Total pipeline count is 0, pipeline's with at least one datanode reported threshold count is 0
2024-01-08 10:08:16,852 [Mini-Cluster-Provider-Create] INFO  server.StorageContainerManager (StorageContainerManager.java:<init>(440)) - SCM start with adminUsers: [runner]
2024-01-08 10:08:16,853 [Mini-Cluster-Provider-Create] INFO  ipc.CallQueueManager (CallQueueManager.java:<init>(90)) - Using callQueue: class java.util.concurrent.LinkedBlockingQueue, queueCapacity: 2000, scheduler: class org.apache.hadoop.ipc.DefaultRpcScheduler, ipcBackoff: false.
2024-01-08 10:08:16,853 [Mini-Cluster-Provider-Create] INFO  ipc.Server (Server.java:<init>(1287)) - Listener at 0.0.0.0:15037
2024-01-08 10:08:16,853 [Socket Reader #1 for port 15037] INFO  ipc.Server (Server.java:run(1323)) - Starting Socket Reader #1 for port 15037
2024-01-08 10:08:16,856 [Mini-Cluster-Provider-Create] INFO  ipc.CallQueueManager (CallQueueManager.java:<init>(90)) - Using callQueue: class java.util.concurrent.LinkedBlockingQueue, queueCapacity: 2000, scheduler: class org.apache.hadoop.ipc.DefaultRpcScheduler, ipcBackoff: false.
2024-01-08 10:08:16,856 [Mini-Cluster-Provider-Create] INFO  ipc.Server (Server.java:<init>(1287)) - Listener at 0.0.0.0:15036
2024-01-08 10:08:16,857 [Socket Reader #1 for port 15036] INFO  ipc.Server (Server.java:run(1323)) - Starting Socket Reader #1 for port 15036
2024-01-08 10:08:16,859 [216a7f9c-aee1-4f98-a365-89228e2ed43b@group-00EE3B1420C0-FollowerState] INFO  impl.FollowerState (FollowerState.java:run(143)) - 216a7f9c-aee1-4f98-a365-89228e2ed43b@group-00EE3B1420C0-FollowerState: change to CANDIDATE, lastRpcElapsedTime:5147641406ns, electionTimeout:5145ms
2024-01-08 10:08:16,859 [216a7f9c-aee1-4f98-a365-89228e2ed43b@group-00EE3B1420C0-FollowerState] INFO  impl.RoleInfo (RoleInfo.java:shutdownFollowerState(110)) - 216a7f9c-aee1-4f98-a365-89228e2ed43b: shutdown 216a7f9c-aee1-4f98-a365-89228e2ed43b@group-00EE3B1420C0-FollowerState
2024-01-08 10:08:16,859 [216a7f9c-aee1-4f98-a365-89228e2ed43b@group-00EE3B1420C0-FollowerState] INFO  server.RaftServer$Division (RaftServerImpl.java:setRole(379)) - 216a7f9c-aee1-4f98-a365-89228e2ed43b@group-00EE3B1420C0: changes role from  FOLLOWER to CANDIDATE at term 0 for changeToCandidate
2024-01-08 10:08:16,863 [Mini-Cluster-Provider-Create] INFO  ipc.CallQueueManager (CallQueueManager.java:<init>(90)) - Using callQueue: class java.util.concurrent.LinkedBlockingQueue, queueCapacity: 2000, scheduler: class org.apache.hadoop.ipc.DefaultRpcScheduler, ipcBackoff: false.
2024-01-08 10:08:16,863 [Mini-Cluster-Provider-Create] INFO  ipc.Server (Server.java:<init>(1287)) - Listener at 0.0.0.0:15035
2024-01-08 10:08:16,864 [Socket Reader #1 for port 15035] INFO  ipc.Server (Server.java:run(1323)) - Starting Socket Reader #1 for port 15035
2024-01-08 10:08:16,874 [Mini-Cluster-Provider-Create] INFO  ha.SCMServiceManager (SCMServiceManager.java:register(42)) - Registering service ContainerBalancer.
2024-01-08 10:08:16,874 [216a7f9c-aee1-4f98-a365-89228e2ed43b@group-00EE3B1420C0-FollowerState] INFO  server.RaftServerConfigKeys (ConfUtils.java:logGet(46)) - raft.server.leaderelection.pre-vote = true (default)
2024-01-08 10:08:16,874 [216a7f9c-aee1-4f98-a365-89228e2ed43b@group-00EE3B1420C0-FollowerState] INFO  impl.RoleInfo (RoleInfo.java:updateAndGet(139)) - 216a7f9c-aee1-4f98-a365-89228e2ed43b: start 216a7f9c-aee1-4f98-a365-89228e2ed43b@group-00EE3B1420C0-LeaderElection5
2024-01-08 10:08:16,874 [Mini-Cluster-Provider-Create] INFO  server.StorageContainerManager (StorageContainerManager.java:<init>(453)) - 
Container Balancer status:
Key                            Value
Running                        false
Container Balancer Configuration values:
Key                                                Value
Threshold                                          10
Max Datanodes to Involve per Iteration(percent)    20
Max Size to Move per Iteration                     500GB
Max Size Entering Target per Iteration             26GB
Max Size Leaving Source per Iteration              26GB
Number of Iterations                               10
Time Limit for Single Container's Movement         65min
Time Limit for Single Container's Replication      50min
Interval between each Iteration                    70min
Whether to Enable Network Topology                 false
Whether to Trigger Refresh Datanode Usage Info     false
Container IDs to Exclude from Balancing            None
Datanodes Specified to be Balanced                 None
Datanodes Excluded from Balancing                  None

2024-01-08 10:08:16,874 [Mini-Cluster-Provider-Create] INFO  ha.SCMContext (SCMContext.java:updateSafeModeStatus(230)) - Update SafeModeStatus from SafeModeStatus{safeModeStatus=true, preCheckPassed=false} to SafeModeStatus{safeModeStatus=true, preCheckPassed=false}.
2024-01-08 10:08:16,875 [Mini-Cluster-Provider-Create] INFO  server.StorageContainerManager (StorageContainerManager.java:start(1546)) - StorageContainerLocationProtocol RPC server is listening at /0.0.0.0:15035
2024-01-08 10:08:16,875 [Mini-Cluster-Provider-Create] INFO  impl.MetricsSystemImpl (MetricsSystemImpl.java:init(158)) - StorageContainerManager metrics system started (again)
2024-01-08 10:08:16,889 [216a7f9c-aee1-4f98-a365-89228e2ed43b@group-00EE3B1420C0-LeaderElection5] INFO  impl.LeaderElection (LeaderElection.java:askForVotes(323)) - 216a7f9c-aee1-4f98-a365-89228e2ed43b@group-00EE3B1420C0-LeaderElection5 PRE_VOTE round 0: submit vote requests at term 0 for -1: peers:[216a7f9c-aee1-4f98-a365-89228e2ed43b|10.1.0.19:15032]|listeners:[], old=null
2024-01-08 10:08:16,892 [216a7f9c-aee1-4f98-a365-89228e2ed43b@group-00EE3B1420C0-LeaderElection5] INFO  impl.LeaderElection (LeaderElection.java:askForVotes(325)) - 216a7f9c-aee1-4f98-a365-89228e2ed43b@group-00EE3B1420C0-LeaderElection5 PRE_VOTE round 0: result PASSED (term=0)
2024-01-08 10:08:16,894 [216a7f9c-aee1-4f98-a365-89228e2ed43b@group-00EE3B1420C0-LeaderElection5] INFO  impl.LeaderElection (LeaderElection.java:askForVotes(323)) - 216a7f9c-aee1-4f98-a365-89228e2ed43b@group-00EE3B1420C0-LeaderElection5 ELECTION round 0: submit vote requests at term 1 for -1: peers:[216a7f9c-aee1-4f98-a365-89228e2ed43b|10.1.0.19:15032]|listeners:[], old=null
2024-01-08 10:08:16,894 [216a7f9c-aee1-4f98-a365-89228e2ed43b@group-00EE3B1420C0-LeaderElection5] INFO  impl.LeaderElection (LeaderElection.java:askForVotes(325)) - 216a7f9c-aee1-4f98-a365-89228e2ed43b@group-00EE3B1420C0-LeaderElection5 ELECTION round 0: result PASSED (term=1)
2024-01-08 10:08:16,894 [216a7f9c-aee1-4f98-a365-89228e2ed43b@group-00EE3B1420C0-LeaderElection5] INFO  impl.RoleInfo (RoleInfo.java:shutdownLeaderElection(130)) - 216a7f9c-aee1-4f98-a365-89228e2ed43b: shutdown 216a7f9c-aee1-4f98-a365-89228e2ed43b@group-00EE3B1420C0-LeaderElection5
2024-01-08 10:08:16,894 [216a7f9c-aee1-4f98-a365-89228e2ed43b@group-00EE3B1420C0-LeaderElection5] INFO  server.RaftServer$Division (RaftServerImpl.java:setRole(379)) - 216a7f9c-aee1-4f98-a365-89228e2ed43b@group-00EE3B1420C0: changes role from CANDIDATE to LEADER at term 1 for changeToLeader
2024-01-08 10:08:16,896 [216a7f9c-aee1-4f98-a365-89228e2ed43b@group-00EE3B1420C0-LeaderElection5] INFO  server.RaftServerConfigKeys (ConfUtils.java:logGet(46)) - raft.server.staging.catchup.gap = 1000 (default)
2024-01-08 10:08:16,896 [216a7f9c-aee1-4f98-a365-89228e2ed43b@group-00EE3B1420C0-LeaderElection5] INFO  server.RaftServerConfigKeys (ConfUtils.java:logGet(46)) - raft.server.write.element-limit = 1024 (custom)
2024-01-08 10:08:16,897 [216a7f9c-aee1-4f98-a365-89228e2ed43b@group-00EE3B1420C0-LeaderElection5] INFO  server.RaftServerConfigKeys (ConfUtils.java:logGet(46)) - raft.server.write.byte-limit = 1024 M (=1073741824) (custom)
2024-01-08 10:08:16,897 [216a7f9c-aee1-4f98-a365-89228e2ed43b@group-00EE3B1420C0-LeaderElection5] INFO  server.RaftServerConfigKeys (ConfUtils.java:logGet(46)) - raft.server.watch.timeout = 180s (custom)
2024-01-08 10:08:16,898 [216a7f9c-aee1-4f98-a365-89228e2ed43b@group-00EE3B1420C0-LeaderElection5] INFO  server.RaftServerConfigKeys (ConfUtils.java:logGet(46)) - raft.server.watch.timeout.denomination = 1s (default)
2024-01-08 10:08:16,898 [216a7f9c-aee1-4f98-a365-89228e2ed43b@group-00EE3B1420C0-LeaderElection5] INFO  server.RaftServerConfigKeys (ConfUtils.java:logGet(46)) - raft.server.watch.element-limit = 65536 (default)
2024-01-08 10:08:16,899 [216a7f9c-aee1-4f98-a365-89228e2ed43b@group-00EE3B1420C0-LeaderElection5] INFO  server.RaftServerConfigKeys (ConfUtils.java:logGet(46)) - raft.server.read.leader.lease.enabled = false (default)
2024-01-08 10:08:16,899 [216a7f9c-aee1-4f98-a365-89228e2ed43b@group-00EE3B1420C0-LeaderElection5] INFO  server.RaftServerConfigKeys (ConfUtils.java:logGet(46)) - raft.server.read.leader.lease.timeout.ratio = 0.9 (default)
2024-01-08 10:08:16,901 [216a7f9c-aee1-4f98-a365-89228e2ed43b@group-00EE3B1420C0-LeaderElection5] INFO  server.RaftServerConfigKeys (ConfUtils.java:logGet(46)) - raft.server.rpc.timeout.min = 5s (custom)
2024-01-08 10:08:16,901 [216a7f9c-aee1-4f98-a365-89228e2ed43b@group-00EE3B1420C0-LeaderElection5] INFO  server.RaftServerConfigKeys (ConfUtils.java:logGet(46)) - raft.server.write.element-limit = 1024 (custom)
2024-01-08 10:08:16,901 [216a7f9c-aee1-4f98-a365-89228e2ed43b@group-00EE3B1420C0-LeaderElection5] INFO  server.RaftServerConfigKeys (ConfUtils.java:logGet(46)) - raft.server.write.follower.gap.ratio.max = -1.0 (default)
2024-01-08 10:08:16,901 [216a7f9c-aee1-4f98-a365-89228e2ed43b@group-00EE3B1420C0-LeaderElection5] INFO  impl.RoleInfo (RoleInfo.java:updateAndGet(139)) - 216a7f9c-aee1-4f98-a365-89228e2ed43b: start 216a7f9c-aee1-4f98-a365-89228e2ed43b@group-00EE3B1420C0-LeaderStateImpl
2024-01-08 10:08:16,902 [216a7f9c-aee1-4f98-a365-89228e2ed43b@group-00EE3B1420C0-LeaderElection5] INFO  server.RaftServer$Division (RaftServerImpl.java:setFirstElection(564)) - 216a7f9c-aee1-4f98-a365-89228e2ed43b@group-00EE3B1420C0: set firstElectionSinceStartup to false for becomeLeader
2024-01-08 10:08:16,902 [216a7f9c-aee1-4f98-a365-89228e2ed43b@group-00EE3B1420C0-LeaderElection5] INFO  ratis.XceiverServerRatis (XceiverServerRatis.java:handleLeaderChangedNotification(945)) - Leader change notification received for group: group-00EE3B1420C0 with new leaderId: 216a7f9c-aee1-4f98-a365-89228e2ed43b
2024-01-08 10:08:16,907 [216a7f9c-aee1-4f98-a365-89228e2ed43b@group-00EE3B1420C0-LeaderElection5] INFO  server.RaftServer$Division (ServerState.java:setLeader(265)) - 216a7f9c-aee1-4f98-a365-89228e2ed43b@group-00EE3B1420C0: change Leader from null to 216a7f9c-aee1-4f98-a365-89228e2ed43b at term 1 for becomeLeader, leader elected after 5258ms
2024-01-08 10:08:16,907 [216a7f9c-aee1-4f98-a365-89228e2ed43b@group-00EE3B1420C0-LeaderElection5] INFO  segmented.SegmentedRaftLogWorker (SegmentedRaftLogWorker.java:startLogSegment(428)) - 216a7f9c-aee1-4f98-a365-89228e2ed43b@group-00EE3B1420C0-SegmentedRaftLogWorker: Starting segment from index:0
2024-01-08 10:08:16,910 [216a7f9c-aee1-4f98-a365-89228e2ed43b@group-00EE3B1420C0-LeaderElection5] INFO  server.RaftServer$Division (ServerState.java:setRaftConf(382)) - 216a7f9c-aee1-4f98-a365-89228e2ed43b@group-00EE3B1420C0: set configuration 0: peers:[216a7f9c-aee1-4f98-a365-89228e2ed43b|10.1.0.19:15032]|listeners:[], old=null
2024-01-08 10:08:16,919 [216a7f9c-aee1-4f98-a365-89228e2ed43b@group-00EE3B1420C0-SegmentedRaftLogWorker] INFO  segmented.SegmentedRaftLogWorker (SegmentedRaftLogWorker.java:execute(632)) - 216a7f9c-aee1-4f98-a365-89228e2ed43b@group-00EE3B1420C0-SegmentedRaftLogWorker: created new log segment /home/runner/work/ozone/ozone/hadoop-ozone/integration-test/target/test-dir/MiniOzoneClusterImpl-d16d6234-9da8-43a0-bd28-723006ad2f80/datanode-2/data/ratis/4802fad3-661c-487f-be8c-00ee3b1420c0/current/log_inprogress_0
2024-01-08 10:08:16,921 [216a7f9c-aee1-4f98-a365-89228e2ed43b@group-00EE3B1420C0-StateMachineUpdater] INFO  server.RaftServer$Division (LeaderStateImpl.java:isApplied(316)) - leader is ready since appliedIndex == 0 >= startIndex == 0
2024-01-08 10:08:16,926 [Mini-Cluster-Provider-Create] INFO  server.SCMClientProtocolServer (SCMClientProtocolServer.java:start(201)) - RPC server for Client  is listening at /0.0.0.0:15035
2024-01-08 10:08:16,928 [IPC Server Responder] INFO  ipc.Server (Server.java:run(1562)) - IPC Server Responder: starting
2024-01-08 10:08:16,943 [Mini-Cluster-Provider-Create] INFO  server.StorageContainerManager (StorageContainerManager.java:start(1559)) - ScmBlockLocationProtocol RPC server is listening at /0.0.0.0:15036
2024-01-08 10:08:16,943 [Mini-Cluster-Provider-Create] INFO  server.SCMBlockProtocolServer (SCMBlockProtocolServer.java:start(159)) - RPC server for Block Protocol is listening at /0.0.0.0:15036
2024-01-08 10:08:16,944 [IPC Server Responder] INFO  ipc.Server (Server.java:run(1562)) - IPC Server Responder: starting
2024-01-08 10:08:16,945 [IPC Server listener on 15036] INFO  ipc.Server (Server.java:run(1402)) - IPC Server listener on 15036: starting
2024-01-08 10:08:16,947 [Mini-Cluster-Provider-Create] INFO  server.SCMDatanodeProtocolServer (SCMDatanodeProtocolServer.java:start(193)) - ScmDatanodeProtocol RPC server for DataNodes is listening at /0.0.0.0:15037
2024-01-08 10:08:16,950 [IPC Server listener on 15035] INFO  ipc.Server (Server.java:run(1402)) - IPC Server listener on 15035: starting
2024-01-08 10:08:16,951 [IPC Server Responder] INFO  ipc.Server (Server.java:run(1562)) - IPC Server Responder: starting
2024-01-08 10:08:16,959 [IPC Server listener on 15037] INFO  ipc.Server (Server.java:run(1402)) - IPC Server listener on 15037: starting
2024-01-08 10:08:16,970 [JvmPauseMonitor5] INFO  util.JvmPauseMonitor (JvmPauseMonitor.java:run(146)) - JvmPauseMonitor-729a6255-0a46-4a06-9d0b-725172a9ca4c: Started
2024-01-08 10:08:16,971 [Mini-Cluster-Provider-Create] INFO  http.BaseHttpServer (BaseHttpServer.java:newHttpServer2BuilderForOzone(223)) - Starting Web-server for scm at: http://0.0.0.0:15038
2024-01-08 10:08:16,971 [Mini-Cluster-Provider-Create] INFO  http.BaseHttpServer (BaseHttpServer.java:<init>(110)) - Hadoop Security Enabled: false Ozone Security Enabled: false Ozone HTTP Security Enabled: false 
2024-01-08 10:08:16,972 [Mini-Cluster-Provider-Create] WARN  server.AuthenticationFilter (AuthenticationFilter.java:constructSecretProvider(240)) - Unable to initialize FileSignerSecretProvider, falling back to use random secrets. Reason: Could not read signature secret file: /home/runner/hadoop-http-auth-signature-secret
2024-01-08 10:08:16,975 [Mini-Cluster-Provider-Create] INFO  http.HttpRequestLog (HttpRequestLog.java:getRequestLog(86)) - Http request log for http.requests.scm is not defined
2024-01-08 10:08:16,979 [Mini-Cluster-Provider-Create] INFO  http.HttpServer2 (HttpServer2.java:addGlobalFilter(1036)) - Added global filter 'safety' (class=org.apache.hadoop.hdds.server.http.HttpServer2$QuotingInputFilter)
2024-01-08 10:08:16,980 [Mini-Cluster-Provider-Create] INFO  http.HttpServer2 (HttpServer2.java:addFilter(1012)) - Added filter static_user_filter (class=org.apache.hadoop.http.lib.StaticUserWebFilter$StaticUserFilter) to context scm
2024-01-08 10:08:16,980 [Mini-Cluster-Provider-Create] INFO  http.HttpServer2 (HttpServer2.java:addFilter(1020)) - Added filter static_user_filter (class=org.apache.hadoop.http.lib.StaticUserWebFilter$StaticUserFilter) to context static
2024-01-08 10:08:16,980 [Mini-Cluster-Provider-Create] INFO  http.HttpServer2 (HttpServer2.java:addFilter(1020)) - Added filter static_user_filter (class=org.apache.hadoop.http.lib.StaticUserWebFilter$StaticUserFilter) to context logs
2024-01-08 10:08:16,981 [Mini-Cluster-Provider-Create] INFO  http.BaseHttpServer (BaseHttpServer.java:<init>(189)) - HTTP server of scm uses base directory /home/runner/work/ozone/ozone/hadoop-ozone/integration-test/target/test-dir/MiniOzoneClusterImpl-fb8bf8f7-2439-41c0-942a-a4029f90a766/ozone-meta/webserver
2024-01-08 10:08:16,981 [Mini-Cluster-Provider-Create] INFO  http.HttpServer2 (HttpServer2.java:bindListener(1236)) - Jetty bound to port 15038
2024-01-08 10:08:16,981 [Mini-Cluster-Provider-Create] INFO  server.Server (Server.java:doStart(375)) - jetty-9.4.53.v20231009; built: 2023-10-09T12:29:09.265Z; git: 27bde00a0b95a1d5bbee0eae7984f891d2d0f8c9; jvm 1.8.0_392-b08
2024-01-08 10:08:16,995 [Mini-Cluster-Provider-Create] INFO  server.session (DefaultSessionIdManager.java:doStart(334)) - DefaultSessionIdManager workerName=node0
2024-01-08 10:08:16,996 [Mini-Cluster-Provider-Create] INFO  server.session (DefaultSessionIdManager.java:doStart(339)) - No SessionScavenger set, using defaults
2024-01-08 10:08:16,996 [Mini-Cluster-Provider-Create] INFO  server.session (HouseKeeper.java:startScavenging(132)) - node0 Scavenging every 660000ms
2024-01-08 10:08:16,997 [Mini-Cluster-Provider-Create] INFO  handler.ContextHandler (ContextHandler.java:doStart(921)) - Started o.e.j.s.ServletContextHandler@6649e285{logs,/logs,file:///home/runner/work/ozone/ozone/hadoop-ozone/integration-test/target/log,AVAILABLE}
2024-01-08 10:08:16,998 [Mini-Cluster-Provider-Create] INFO  handler.ContextHandler (ContextHandler.java:doStart(921)) - Started o.e.j.s.ServletContextHandler@6a5107ea{static,/static,file:///home/runner/work/ozone/ozone/hadoop-ozone/integration-test/target/test-classes/webapps/static,AVAILABLE}
2024-01-08 10:08:17,002 [Mini-Cluster-Provider-Create] INFO  handler.ContextHandler (ContextHandler.java:doStart(921)) - Started o.e.j.w.WebAppContext@1a2098da{scm,/,file:///home/runner/work/ozone/ozone/hadoop-ozone/integration-test/target/test-classes/webapps/scm/,AVAILABLE}{file:/home/runner/work/ozone/ozone/hadoop-ozone/integration-test/target/test-classes/webapps/scm}
2024-01-08 10:08:17,013 [Mini-Cluster-Provider-Create] INFO  server.AbstractConnector (AbstractConnector.java:doStart(333)) - Started ServerConnector@77f67c34{HTTP/1.1, (http/1.1)}{0.0.0.0:15038}
2024-01-08 10:08:17,013 [Mini-Cluster-Provider-Create] INFO  server.Server (Server.java:doStart(415)) - Started @18828ms
2024-01-08 10:08:17,013 [Mini-Cluster-Provider-Create] WARN  impl.MetricsSystemImpl (MetricsSystemImpl.java:register(279)) - Sink prometheus already exists!
2024-01-08 10:08:17,014 [Mini-Cluster-Provider-Create] INFO  http.BaseHttpServer (BaseHttpServer.java:updateConnectorAddress(354)) - HTTP server of scm listening at http://0.0.0.0:15038
2024-01-08 10:08:17,015 [Mini-Cluster-Provider-Create] WARN  server.ServerUtils (ServerUtils.java:getDBPath(311)) - ozone.om.db.dirs is not configured. We recommend adding this setting. Falling back to ozone.metadata.dirs instead.
2024-01-08 10:08:17,025 [Mini-Cluster-Provider-Create] INFO  ha.OMHANodeDetails (OMHANodeDetails.java:loadOMHAConfig(115)) - ozone.om.internal.service.id is not defined, falling back to ozone.om.service.ids to find serviceID for OzoneManager if it is HA enabled cluster
2024-01-08 10:08:17,026 [Mini-Cluster-Provider-Create] INFO  ha.OMHANodeDetails (OMHANodeDetails.java:loadOMHAConfig(226)) - Configuration does not have ozone.om.address set. Falling back to the default OM address /127.0.0.1:15039
2024-01-08 10:08:17,026 [Mini-Cluster-Provider-Create] INFO  ha.OMHANodeDetails (OMHANodeDetails.java:getOMNodeDetailsForNonHA(254)) - OM Service ID is not set. Setting it to the default ID: omServiceIdDefault
2024-01-08 10:08:17,026 [Mini-Cluster-Provider-Create] INFO  ha.OMHANodeDetails (OMHANodeDetails.java:getOMNodeDetailsForNonHA(261)) - OM Node ID is not set. Setting it to the default ID: om1
2024-01-08 10:08:17,026 [Mini-Cluster-Provider-Create] WARN  server.ServerUtils (ServerUtils.java:getDBPath(311)) - ozone.om.db.dirs is not configured. We recommend adding this setting. Falling back to ozone.metadata.dirs instead.
2024-01-08 10:08:17,027 [Mini-Cluster-Provider-Create] INFO  upgrade.AbstractLayoutVersionManager (AbstractLayoutVersionManager.java:init(83)) - Initializing Layout version manager with metadata layout = QUOTA (version = 6), software layout = QUOTA (version = 6)
2024-01-08 10:08:17,100 [b5f002a5-35f0-4e5a-a46f-90a89988a4c4@group-A5F7B5452D65-FollowerState] INFO  impl.FollowerState (FollowerState.java:run(143)) - b5f002a5-35f0-4e5a-a46f-90a89988a4c4@group-A5F7B5452D65-FollowerState: change to CANDIDATE, lastRpcElapsedTime:5007368839ns, electionTimeout:5002ms
2024-01-08 10:08:17,101 [b5f002a5-35f0-4e5a-a46f-90a89988a4c4@group-A5F7B5452D65-FollowerState] INFO  impl.RoleInfo (RoleInfo.java:shutdownFollowerState(110)) - b5f002a5-35f0-4e5a-a46f-90a89988a4c4: shutdown b5f002a5-35f0-4e5a-a46f-90a89988a4c4@group-A5F7B5452D65-FollowerState
2024-01-08 10:08:17,101 [b5f002a5-35f0-4e5a-a46f-90a89988a4c4@group-A5F7B5452D65-FollowerState] INFO  server.RaftServer$Division (RaftServerImpl.java:setRole(379)) - b5f002a5-35f0-4e5a-a46f-90a89988a4c4@group-A5F7B5452D65: changes role from  FOLLOWER to CANDIDATE at term 0 for changeToCandidate
2024-01-08 10:08:17,101 [b5f002a5-35f0-4e5a-a46f-90a89988a4c4@group-A5F7B5452D65-FollowerState] INFO  server.RaftServerConfigKeys (ConfUtils.java:logGet(46)) - raft.server.leaderelection.pre-vote = true (default)
2024-01-08 10:08:17,101 [b5f002a5-35f0-4e5a-a46f-90a89988a4c4@group-A5F7B5452D65-FollowerState] INFO  impl.RoleInfo (RoleInfo.java:updateAndGet(139)) - b5f002a5-35f0-4e5a-a46f-90a89988a4c4: start b5f002a5-35f0-4e5a-a46f-90a89988a4c4@group-A5F7B5452D65-LeaderElection6
2024-01-08 10:08:17,103 [Mini-Cluster-Provider-Create] INFO  upgrade.OMLayoutVersionManager (OMLayoutVersionManager.java:lambda$0(113)) - Skipping Upgrade Action QuotaRepairUpgradeAction since it has been finalized.
2024-01-08 10:08:17,104 [Mini-Cluster-Provider-Create] INFO  upgrade.OMLayoutVersionManager (OMLayoutVersionManager.java:lambda$0(113)) - Skipping Upgrade Action MockOmUpgradeAction since it has been finalized.
2024-01-08 10:08:17,104 [Mini-Cluster-Provider-Create] WARN  server.ServerUtils (ServerUtils.java:getDBPath(311)) - ozone.om.db.dirs is not configured. We recommend adding this setting. Falling back to ozone.metadata.dirs instead.
2024-01-08 10:08:17,105 [Mini-Cluster-Provider-Create] INFO  proxy.SCMBlockLocationFailoverProxyProvider (SCMBlockLocationFailoverProxyProvider.java:<init>(115)) - Created block location fail-over proxy with 1 nodes: [nodeId=scmNodeId,nodeAddress=/0.0.0.0:15036]
2024-01-08 10:08:17,106 [Mini-Cluster-Provider-Create] INFO  proxy.SCMBlockLocationFailoverProxyProvider (SCMBlockLocationFailoverProxyProvider.java:<init>(115)) - Created block location fail-over proxy with 1 nodes: [nodeId=scmNodeId,nodeAddress=/0.0.0.0:15036]
2024-01-08 10:08:17,114 [b5f002a5-35f0-4e5a-a46f-90a89988a4c4@group-A5F7B5452D65-LeaderElection6] INFO  impl.LeaderElection (LeaderElection.java:askForVotes(323)) - b5f002a5-35f0-4e5a-a46f-90a89988a4c4@group-A5F7B5452D65-LeaderElection6 PRE_VOTE round 0: submit vote requests at term 0 for -1: peers:[b5f002a5-35f0-4e5a-a46f-90a89988a4c4|10.1.0.19:15014, 216a7f9c-aee1-4f98-a365-89228e2ed43b|10.1.0.19:15032, bba1c53a-a6f8-4b7f-a0a1-8d65da7b011f|10.1.0.19:15023]|listeners:[], old=null
2024-01-08 10:08:17,119 [b5f002a5-35f0-4e5a-a46f-90a89988a4c4@group-A5F7B5452D65-LeaderElection6] INFO  server.RaftServerConfigKeys (ConfUtils.java:logFallback(53)) - raft.server.rpc.first-election.timeout.min = 5s (fallback to raft.server.rpc.timeout.min)
2024-01-08 10:08:17,120 [b5f002a5-35f0-4e5a-a46f-90a89988a4c4@group-A5F7B5452D65-LeaderElection6] INFO  server.RaftServerConfigKeys (ConfUtils.java:logFallback(53)) - raft.server.rpc.first-election.timeout.max = 5200ms (fallback to raft.server.rpc.timeout.max)
2024-01-08 10:08:17,124 [grpc-default-executor-3] INFO  server.RaftServer$Division (RaftServerImpl.java:requestVote(1377)) - bba1c53a-a6f8-4b7f-a0a1-8d65da7b011f@group-A5F7B5452D65: receive requestVote(PRE_VOTE, b5f002a5-35f0-4e5a-a46f-90a89988a4c4, group-A5F7B5452D65, 0, (t:0, i:0))
2024-01-08 10:08:17,124 [grpc-default-executor-3] INFO  impl.VoteContext (VoteContext.java:log(49)) - bba1c53a-a6f8-4b7f-a0a1-8d65da7b011f@group-A5F7B5452D65-FOLLOWER: reject PRE_VOTE from b5f002a5-35f0-4e5a-a46f-90a89988a4c4: our priority 1 > candidate's priority 0
2024-01-08 10:08:17,124 [grpc-default-executor-3] INFO  server.RaftServer$Division (RaftServerImpl.java:requestVote(1410)) - bba1c53a-a6f8-4b7f-a0a1-8d65da7b011f@group-A5F7B5452D65 replies to PRE_VOTE vote request: b5f002a5-35f0-4e5a-a46f-90a89988a4c4<-bba1c53a-a6f8-4b7f-a0a1-8d65da7b011f#0:FAIL-t0. Peer's state: bba1c53a-a6f8-4b7f-a0a1-8d65da7b011f@group-A5F7B5452D65:t0, leader=null, voted=, raftlog=Memoized:bba1c53a-a6f8-4b7f-a0a1-8d65da7b011f@group-A5F7B5452D65-SegmentedRaftLog:OPENED:c-1, conf=-1: peers:[b5f002a5-35f0-4e5a-a46f-90a89988a4c4|10.1.0.19:15014, 216a7f9c-aee1-4f98-a365-89228e2ed43b|10.1.0.19:15032, bba1c53a-a6f8-4b7f-a0a1-8d65da7b011f|10.1.0.19:15023]|listeners:[], old=null
2024-01-08 10:08:17,132 [b5f002a5-35f0-4e5a-a46f-90a89988a4c4@group-A5F7B5452D65-LeaderElection6] INFO  impl.LeaderElection (LeaderElection.java:logAndReturn(89)) - b5f002a5-35f0-4e5a-a46f-90a89988a4c4@group-A5F7B5452D65-LeaderElection6: PRE_VOTE REJECTED received 1 response(s) and 0 exception(s):
2024-01-08 10:08:17,132 [b5f002a5-35f0-4e5a-a46f-90a89988a4c4@group-A5F7B5452D65-LeaderElection6] INFO  impl.LeaderElection (LeaderElection.java:logAndReturn(93)) -   Response 0: b5f002a5-35f0-4e5a-a46f-90a89988a4c4<-bba1c53a-a6f8-4b7f-a0a1-8d65da7b011f#0:FAIL-t0
2024-01-08 10:08:17,133 [b5f002a5-35f0-4e5a-a46f-90a89988a4c4@group-A5F7B5452D65-LeaderElection6] INFO  impl.LeaderElection (LeaderElection.java:askForVotes(325)) - b5f002a5-35f0-4e5a-a46f-90a89988a4c4@group-A5F7B5452D65-LeaderElection6 PRE_VOTE round 0: result REJECTED
2024-01-08 10:08:17,135 [b5f002a5-35f0-4e5a-a46f-90a89988a4c4@group-A5F7B5452D65-LeaderElection6] INFO  server.RaftServer$Division (RaftServerImpl.java:setRole(379)) - b5f002a5-35f0-4e5a-a46f-90a89988a4c4@group-A5F7B5452D65: changes role from CANDIDATE to FOLLOWER at term 0 for REJECTED
2024-01-08 10:08:17,135 [grpc-default-executor-3] INFO  server.RaftServer$Division (RaftServerImpl.java:requestVote(1377)) - 216a7f9c-aee1-4f98-a365-89228e2ed43b@group-A5F7B5452D65: receive requestVote(PRE_VOTE, b5f002a5-35f0-4e5a-a46f-90a89988a4c4, group-A5F7B5452D65, 0, (t:0, i:0))
2024-01-08 10:08:17,136 [grpc-default-executor-3] INFO  impl.VoteContext (VoteContext.java:log(49)) - 216a7f9c-aee1-4f98-a365-89228e2ed43b@group-A5F7B5452D65-FOLLOWER: accept PRE_VOTE from b5f002a5-35f0-4e5a-a46f-90a89988a4c4: our priority 0 <= candidate's priority 0
2024-01-08 10:08:17,136 [grpc-default-executor-3] INFO  server.RaftServer$Division (RaftServerImpl.java:requestVote(1410)) - 216a7f9c-aee1-4f98-a365-89228e2ed43b@group-A5F7B5452D65 replies to PRE_VOTE vote request: b5f002a5-35f0-4e5a-a46f-90a89988a4c4<-216a7f9c-aee1-4f98-a365-89228e2ed43b#0:OK-t0. Peer's state: 216a7f9c-aee1-4f98-a365-89228e2ed43b@group-A5F7B5452D65:t0, leader=null, voted=, raftlog=Memoized:216a7f9c-aee1-4f98-a365-89228e2ed43b@group-A5F7B5452D65-SegmentedRaftLog:OPENED:c-1, conf=-1: peers:[b5f002a5-35f0-4e5a-a46f-90a89988a4c4|10.1.0.19:15014, 216a7f9c-aee1-4f98-a365-89228e2ed43b|10.1.0.19:15032, bba1c53a-a6f8-4b7f-a0a1-8d65da7b011f|10.1.0.19:15023]|listeners:[], old=null
2024-01-08 10:08:17,135 [b5f002a5-35f0-4e5a-a46f-90a89988a4c4@group-A5F7B5452D65-LeaderElection6] INFO  impl.RoleInfo (RoleInfo.java:shutdownLeaderElection(130)) - b5f002a5-35f0-4e5a-a46f-90a89988a4c4: shutdown b5f002a5-35f0-4e5a-a46f-90a89988a4c4@group-A5F7B5452D65-LeaderElection6
2024-01-08 10:08:17,136 [b5f002a5-35f0-4e5a-a46f-90a89988a4c4@group-A5F7B5452D65-LeaderElection6] INFO  impl.RoleInfo (RoleInfo.java:updateAndGet(139)) - b5f002a5-35f0-4e5a-a46f-90a89988a4c4: start b5f002a5-35f0-4e5a-a46f-90a89988a4c4@group-A5F7B5452D65-FollowerState
2024-01-08 10:08:17,136 [b5f002a5-35f0-4e5a-a46f-90a89988a4c4@group-A5F7B5452D65-LeaderElection6] INFO  server.RaftServer$Division (RaftServerImpl.java:setFirstElection(564)) - b5f002a5-35f0-4e5a-a46f-90a89988a4c4@group-A5F7B5452D65: set firstElectionSinceStartup to false for REJECTED
2024-01-08 10:08:17,140 [Mini-Cluster-Provider-Create] INFO  om.OzoneManager (OzoneManager.java:<init>(673)) - OM start with adminUsers: [runner]
2024-01-08 10:08:17,146 [Mini-Cluster-Provider-Create] WARN  server.ServerUtils (ServerUtils.java:getDBPath(311)) - ozone.om.db.dirs is not configured. We recommend adding this setting. Falling back to ozone.metadata.dirs instead.
2024-01-08 10:08:17,146 [Mini-Cluster-Provider-Create] INFO  helpers.OmKeyInfo (OmKeyInfo.java:getCodec(71)) - OmKeyInfo.getCodec ignorePipeline = true
2024-01-08 10:08:17,151 [216a7f9c-aee1-4f98-a365-89228e2ed43b@group-A5F7B5452D65-FollowerState] INFO  server.RaftServerConfigKeys (ConfUtils.java:logFallback(53)) - raft.server.rpc.first-election.timeout.min = 5s (fallback to raft.server.rpc.timeout.min)
2024-01-08 10:08:17,151 [216a7f9c-aee1-4f98-a365-89228e2ed43b@group-A5F7B5452D65-FollowerState] INFO  server.RaftServerConfigKeys (ConfUtils.java:logFallback(53)) - raft.server.rpc.first-election.timeout.max = 5200ms (fallback to raft.server.rpc.timeout.max)
2024-01-08 10:08:17,277 [main] INFO  rpc.RpcClient (RpcClient.java:createVolume(456)) - Creating Volume: vol, with runner as owner and space quota set to -1 bytes, counts quota set to -1
2024-01-08 10:08:17,302 [bba1c53a-a6f8-4b7f-a0a1-8d65da7b011f@group-A5F7B5452D65-FollowerState] INFO  impl.FollowerState (FollowerState.java:run(143)) - bba1c53a-a6f8-4b7f-a0a1-8d65da7b011f@group-A5F7B5452D65-FollowerState: change to CANDIDATE, lastRpcElapsedTime:5200846835ns, electionTimeout:5195ms
2024-01-08 10:08:17,302 [bba1c53a-a6f8-4b7f-a0a1-8d65da7b011f@group-A5F7B5452D65-FollowerState] INFO  impl.RoleInfo (RoleInfo.java:shutdownFollowerState(110)) - bba1c53a-a6f8-4b7f-a0a1-8d65da7b011f: shutdown bba1c53a-a6f8-4b7f-a0a1-8d65da7b011f@group-A5F7B5452D65-FollowerState
2024-01-08 10:08:17,302 [bba1c53a-a6f8-4b7f-a0a1-8d65da7b011f@group-A5F7B5452D65-FollowerState] INFO  server.RaftServer$Division (RaftServerImpl.java:setRole(379)) - bba1c53a-a6f8-4b7f-a0a1-8d65da7b011f@group-A5F7B5452D65: changes role from  FOLLOWER to CANDIDATE at term 0 for changeToCandidate
2024-01-08 10:08:17,302 [bba1c53a-a6f8-4b7f-a0a1-8d65da7b011f@group-A5F7B5452D65-FollowerState] INFO  server.RaftServerConfigKeys (ConfUtils.java:logGet(46)) - raft.server.leaderelection.pre-vote = true (default)
2024-01-08 10:08:17,302 [bba1c53a-a6f8-4b7f-a0a1-8d65da7b011f@group-A5F7B5452D65-FollowerState] INFO  impl.RoleInfo (RoleInfo.java:updateAndGet(139)) - bba1c53a-a6f8-4b7f-a0a1-8d65da7b011f: start bba1c53a-a6f8-4b7f-a0a1-8d65da7b011f@group-A5F7B5452D65-LeaderElection7
2024-01-08 10:08:17,307 [bba1c53a-a6f8-4b7f-a0a1-8d65da7b011f@group-A5F7B5452D65-LeaderElection7] INFO  impl.LeaderElection (LeaderElection.java:askForVotes(323)) - bba1c53a-a6f8-4b7f-a0a1-8d65da7b011f@group-A5F7B5452D65-LeaderElection7 PRE_VOTE round 0: submit vote requests at term 0 for -1: peers:[b5f002a5-35f0-4e5a-a46f-90a89988a4c4|10.1.0.19:15014, 216a7f9c-aee1-4f98-a365-89228e2ed43b|10.1.0.19:15032, bba1c53a-a6f8-4b7f-a0a1-8d65da7b011f|10.1.0.19:15023]|listeners:[], old=null
2024-01-08 10:08:17,308 [bba1c53a-a6f8-4b7f-a0a1-8d65da7b011f@group-A5F7B5452D65-LeaderElection7-1] INFO  server.GrpcServerProtocolClient (GrpcServerProtocolClient.java:<init>(65)) - Build channel for b5f002a5-35f0-4e5a-a46f-90a89988a4c4
2024-01-08 10:08:17,314 [bba1c53a-a6f8-4b7f-a0a1-8d65da7b011f@group-A5F7B5452D65-LeaderElection7] INFO  server.RaftServerConfigKeys (ConfUtils.java:logFallback(53)) - raft.server.rpc.first-election.timeout.min = 5s (fallback to raft.server.rpc.timeout.min)
2024-01-08 10:08:17,314 [bba1c53a-a6f8-4b7f-a0a1-8d65da7b011f@group-A5F7B5452D65-LeaderElection7] INFO  server.RaftServerConfigKeys (ConfUtils.java:logFallback(53)) - raft.server.rpc.first-election.timeout.max = 5200ms (fallback to raft.server.rpc.timeout.max)
2024-01-08 10:08:17,316 [bba1c53a-a6f8-4b7f-a0a1-8d65da7b011f@group-A5F7B5452D65-LeaderElection7-2] INFO  server.GrpcServerProtocolClient (GrpcServerProtocolClient.java:<init>(65)) - Build channel for 216a7f9c-aee1-4f98-a365-89228e2ed43b
2024-01-08 10:08:17,333 [grpc-default-executor-3] INFO  server.RaftServer$Division (RaftServerImpl.java:requestVote(1377)) - b5f002a5-35f0-4e5a-a46f-90a89988a4c4@group-A5F7B5452D65: receive requestVote(PRE_VOTE, bba1c53a-a6f8-4b7f-a0a1-8d65da7b011f, group-A5F7B5452D65, 0, (t:0, i:0))
2024-01-08 10:08:17,333 [grpc-default-executor-3] INFO  impl.VoteContext (VoteContext.java:log(49)) - b5f002a5-35f0-4e5a-a46f-90a89988a4c4@group-A5F7B5452D65-FOLLOWER: accept PRE_VOTE from bba1c53a-a6f8-4b7f-a0a1-8d65da7b011f: our priority 0 <= candidate's priority 1
2024-01-08 10:08:17,333 [grpc-default-executor-3] INFO  server.RaftServer$Division (RaftServerImpl.java:requestVote(1410)) - b5f002a5-35f0-4e5a-a46f-90a89988a4c4@group-A5F7B5452D65 replies to PRE_VOTE vote request: bba1c53a-a6f8-4b7f-a0a1-8d65da7b011f<-b5f002a5-35f0-4e5a-a46f-90a89988a4c4#0:OK-t0. Peer's state: b5f002a5-35f0-4e5a-a46f-90a89988a4c4@group-A5F7B5452D65:t0, leader=null, voted=, raftlog=Memoized:b5f002a5-35f0-4e5a-a46f-90a89988a4c4@group-A5F7B5452D65-SegmentedRaftLog:OPENED:c-1, conf=-1: peers:[b5f002a5-35f0-4e5a-a46f-90a89988a4c4|10.1.0.19:15014, 216a7f9c-aee1-4f98-a365-89228e2ed43b|10.1.0.19:15032, bba1c53a-a6f8-4b7f-a0a1-8d65da7b011f|10.1.0.19:15023]|listeners:[], old=null
2024-01-08 10:08:17,335 [grpc-default-executor-0] INFO  server.RaftServer$Division (RaftServerImpl.java:requestVote(1377)) - 216a7f9c-aee1-4f98-a365-89228e2ed43b@group-A5F7B5452D65: receive requestVote(PRE_VOTE, bba1c53a-a6f8-4b7f-a0a1-8d65da7b011f, group-A5F7B5452D65, 0, (t:0, i:0))
2024-01-08 10:08:17,335 [grpc-default-executor-0] INFO  impl.VoteContext (VoteContext.java:log(49)) - 216a7f9c-aee1-4f98-a365-89228e2ed43b@group-A5F7B5452D65-FOLLOWER: accept PRE_VOTE from bba1c53a-a6f8-4b7f-a0a1-8d65da7b011f: our priority 0 <= candidate's priority 1
2024-01-08 10:08:17,335 [grpc-default-executor-0] INFO  server.RaftServer$Division (RaftServerImpl.java:requestVote(1410)) - 216a7f9c-aee1-4f98-a365-89228e2ed43b@group-A5F7B5452D65 replies to PRE_VOTE vote request: bba1c53a-a6f8-4b7f-a0a1-8d65da7b011f<-216a7f9c-aee1-4f98-a365-89228e2ed43b#0:OK-t0. Peer's state: 216a7f9c-aee1-4f98-a365-89228e2ed43b@group-A5F7B5452D65:t0, leader=null, voted=, raftlog=Memoized:216a7f9c-aee1-4f98-a365-89228e2ed43b@group-A5F7B5452D65-SegmentedRaftLog:OPENED:c-1, conf=-1: peers:[b5f002a5-35f0-4e5a-a46f-90a89988a4c4|10.1.0.19:15014, 216a7f9c-aee1-4f98-a365-89228e2ed43b|10.1.0.19:15032, bba1c53a-a6f8-4b7f-a0a1-8d65da7b011f|10.1.0.19:15023]|listeners:[], old=null
2024-01-08 10:08:17,338 [bba1c53a-a6f8-4b7f-a0a1-8d65da7b011f@group-A5F7B5452D65-LeaderElection7] INFO  impl.LeaderElection (LeaderElection.java:logAndReturn(89)) - bba1c53a-a6f8-4b7f-a0a1-8d65da7b011f@group-A5F7B5452D65-LeaderElection7: PRE_VOTE PASSED received 1 response(s) and 0 exception(s):
2024-01-08 10:08:17,338 [bba1c53a-a6f8-4b7f-a0a1-8d65da7b011f@group-A5F7B5452D65-LeaderElection7] INFO  impl.LeaderElection (LeaderElection.java:logAndReturn(93)) -   Response 0: bba1c53a-a6f8-4b7f-a0a1-8d65da7b011f<-b5f002a5-35f0-4e5a-a46f-90a89988a4c4#0:OK-t0
2024-01-08 10:08:17,338 [bba1c53a-a6f8-4b7f-a0a1-8d65da7b011f@group-A5F7B5452D65-LeaderElection7] INFO  impl.LeaderElection (LeaderElection.java:askForVotes(325)) - bba1c53a-a6f8-4b7f-a0a1-8d65da7b011f@group-A5F7B5452D65-LeaderElection7 PRE_VOTE round 0: result PASSED
2024-01-08 10:08:17,347 [bba1c53a-a6f8-4b7f-a0a1-8d65da7b011f@group-A5F7B5452D65-LeaderElection7] INFO  impl.LeaderElection (LeaderElection.java:askForVotes(323)) - bba1c53a-a6f8-4b7f-a0a1-8d65da7b011f@group-A5F7B5452D65-LeaderElection7 ELECTION round 0: submit vote requests at term 1 for -1: peers:[b5f002a5-35f0-4e5a-a46f-90a89988a4c4|10.1.0.19:15014, 216a7f9c-aee1-4f98-a365-89228e2ed43b|10.1.0.19:15032, bba1c53a-a6f8-4b7f-a0a1-8d65da7b011f|10.1.0.19:15023]|listeners:[], old=null
2024-01-08 10:08:17,349 [om1-OMStateMachineApplyTransactionThread - 0] INFO  volume.OMVolumeCreateRequest (OMVolumeCreateRequest.java:validateAndUpdateCache(198)) - created volume:vol for user:runner
2024-01-08 10:08:17,349 [bba1c53a-a6f8-4b7f-a0a1-8d65da7b011f@group-A5F7B5452D65-LeaderElection7] INFO  server.RaftServerConfigKeys (ConfUtils.java:logFallback(53)) - raft.server.rpc.first-election.timeout.min = 5s (fallback to raft.server.rpc.timeout.min)
2024-01-08 10:08:17,354 [bba1c53a-a6f8-4b7f-a0a1-8d65da7b011f@group-A5F7B5452D65-LeaderElection7] INFO  server.RaftServerConfigKeys (ConfUtils.java:logFallback(53)) - raft.server.rpc.first-election.timeout.max = 5200ms (fallback to raft.server.rpc.timeout.max)
2024-01-08 10:08:17,353 [grpc-default-executor-0] INFO  server.RaftServer$Division (RaftServerImpl.java:requestVote(1377)) - b5f002a5-35f0-4e5a-a46f-90a89988a4c4@group-A5F7B5452D65: receive requestVote(ELECTION, bba1c53a-a6f8-4b7f-a0a1-8d65da7b011f, group-A5F7B5452D65, 1, (t:0, i:0))
2024-01-08 10:08:17,354 [grpc-default-executor-0] INFO  impl.VoteContext (VoteContext.java:log(49)) - b5f002a5-35f0-4e5a-a46f-90a89988a4c4@group-A5F7B5452D65-FOLLOWER: accept ELECTION from bba1c53a-a6f8-4b7f-a0a1-8d65da7b011f: our priority 0 <= candidate's priority 1
2024-01-08 10:08:17,354 [grpc-default-executor-0] INFO  server.RaftServer$Division (RaftServerImpl.java:setRole(379)) - b5f002a5-35f0-4e5a-a46f-90a89988a4c4@group-A5F7B5452D65: changes role from  FOLLOWER to FOLLOWER at term 1 for candidate:bba1c53a-a6f8-4b7f-a0a1-8d65da7b011f
2024-01-08 10:08:17,354 [grpc-default-executor-0] INFO  impl.RoleInfo (RoleInfo.java:shutdownFollowerState(110)) - b5f002a5-35f0-4e5a-a46f-90a89988a4c4: shutdown b5f002a5-35f0-4e5a-a46f-90a89988a4c4@group-A5F7B5452D65-FollowerState
2024-01-08 10:08:17,354 [grpc-default-executor-0] INFO  impl.RoleInfo (RoleInfo.java:updateAndGet(139)) - b5f002a5-35f0-4e5a-a46f-90a89988a4c4: start b5f002a5-35f0-4e5a-a46f-90a89988a4c4@group-A5F7B5452D65-FollowerState
2024-01-08 10:08:17,353 [grpc-default-executor-3] INFO  server.RaftServer$Division (RaftServerImpl.java:requestVote(1377)) - 216a7f9c-aee1-4f98-a365-89228e2ed43b@group-A5F7B5452D65: receive requestVote(ELECTION, bba1c53a-a6f8-4b7f-a0a1-8d65da7b011f, group-A5F7B5452D65, 1, (t:0, i:0))
2024-01-08 10:08:17,354 [b5f002a5-35f0-4e5a-a46f-90a89988a4c4@group-A5F7B5452D65-FollowerState] INFO  impl.FollowerState (FollowerState.java:run(152)) - b5f002a5-35f0-4e5a-a46f-90a89988a4c4@group-A5F7B5452D65-FollowerState was interrupted
2024-01-08 10:08:17,354 [grpc-default-executor-3] INFO  impl.VoteContext (VoteContext.java:log(49)) - 216a7f9c-aee1-4f98-a365-89228e2ed43b@group-A5F7B5452D65-FOLLOWER: accept ELECTION from bba1c53a-a6f8-4b7f-a0a1-8d65da7b011f: our priority 0 <= candidate's priority 1
2024-01-08 10:08:17,354 [grpc-default-executor-3] INFO  server.RaftServer$Division (RaftServerImpl.java:setRole(379)) - 216a7f9c-aee1-4f98-a365-89228e2ed43b@group-A5F7B5452D65: changes role from  FOLLOWER to FOLLOWER at term 1 for candidate:bba1c53a-a6f8-4b7f-a0a1-8d65da7b011f
2024-01-08 10:08:17,355 [grpc-default-executor-3] INFO  impl.RoleInfo (RoleInfo.java:shutdownFollowerState(110)) - 216a7f9c-aee1-4f98-a365-89228e2ed43b: shutdown 216a7f9c-aee1-4f98-a365-89228e2ed43b@group-A5F7B5452D65-FollowerState
2024-01-08 10:08:17,359 [grpc-default-executor-3] INFO  impl.RoleInfo (RoleInfo.java:updateAndGet(139)) - 216a7f9c-aee1-4f98-a365-89228e2ed43b: start 216a7f9c-aee1-4f98-a365-89228e2ed43b@group-A5F7B5452D65-FollowerState
2024-01-08 10:08:17,359 [216a7f9c-aee1-4f98-a365-89228e2ed43b@group-A5F7B5452D65-FollowerState] INFO  impl.FollowerState (FollowerState.java:run(152)) - 216a7f9c-aee1-4f98-a365-89228e2ed43b@group-A5F7B5452D65-FollowerState was interrupted
2024-01-08 10:08:17,363 [grpc-default-executor-3] INFO  server.RaftServer$Division (RaftServerImpl.java:setFirstElection(564)) - 216a7f9c-aee1-4f98-a365-89228e2ed43b@group-A5F7B5452D65: set firstElectionSinceStartup to false for candidate:bba1c53a-a6f8-4b7f-a0a1-8d65da7b011f
2024-01-08 10:08:17,363 [grpc-default-executor-0] INFO  server.RaftServer$Division (RaftServerImpl.java:requestVote(1410)) - b5f002a5-35f0-4e5a-a46f-90a89988a4c4@group-A5F7B5452D65 replies to ELECTION vote request: bba1c53a-a6f8-4b7f-a0a1-8d65da7b011f<-b5f002a5-35f0-4e5a-a46f-90a89988a4c4#0:OK-t1. Peer's state: b5f002a5-35f0-4e5a-a46f-90a89988a4c4@group-A5F7B5452D65:t1, leader=null, voted=bba1c53a-a6f8-4b7f-a0a1-8d65da7b011f, raftlog=Memoized:b5f002a5-35f0-4e5a-a46f-90a89988a4c4@group-A5F7B5452D65-SegmentedRaftLog:OPENED:c-1, conf=-1: peers:[b5f002a5-35f0-4e5a-a46f-90a89988a4c4|10.1.0.19:15014, 216a7f9c-aee1-4f98-a365-89228e2ed43b|10.1.0.19:15032, bba1c53a-a6f8-4b7f-a0a1-8d65da7b011f|10.1.0.19:15023]|listeners:[], old=null
2024-01-08 10:08:17,365 [bba1c53a-a6f8-4b7f-a0a1-8d65da7b011f@group-A5F7B5452D65-LeaderElection7] INFO  impl.LeaderElection (LeaderElection.java:logAndReturn(89)) - bba1c53a-a6f8-4b7f-a0a1-8d65da7b011f@group-A5F7B5452D65-LeaderElection7: ELECTION PASSED received 1 response(s) and 0 exception(s):
2024-01-08 10:08:17,365 [bba1c53a-a6f8-4b7f-a0a1-8d65da7b011f@group-A5F7B5452D65-LeaderElection7] INFO  impl.LeaderElection (LeaderElection.java:logAndReturn(93)) -   Response 0: bba1c53a-a6f8-4b7f-a0a1-8d65da7b011f<-b5f002a5-35f0-4e5a-a46f-90a89988a4c4#0:OK-t1
2024-01-08 10:08:17,365 [bba1c53a-a6f8-4b7f-a0a1-8d65da7b011f@group-A5F7B5452D65-LeaderElection7] INFO  impl.LeaderElection (LeaderElection.java:askForVotes(325)) - bba1c53a-a6f8-4b7f-a0a1-8d65da7b011f@group-A5F7B5452D65-LeaderElection7 ELECTION round 0: result PASSED
2024-01-08 10:08:17,365 [bba1c53a-a6f8-4b7f-a0a1-8d65da7b011f@group-A5F7B5452D65-LeaderElection7] INFO  impl.RoleInfo (RoleInfo.java:shutdownLeaderElection(130)) - bba1c53a-a6f8-4b7f-a0a1-8d65da7b011f: shutdown bba1c53a-a6f8-4b7f-a0a1-8d65da7b011f@group-A5F7B5452D65-LeaderElection7
2024-01-08 10:08:17,365 [grpc-default-executor-3] INFO  server.RaftServer$Division (RaftServerImpl.java:requestVote(1410)) - 216a7f9c-aee1-4f98-a365-89228e2ed43b@group-A5F7B5452D65 replies to ELECTION vote request: bba1c53a-a6f8-4b7f-a0a1-8d65da7b011f<-216a7f9c-aee1-4f98-a365-89228e2ed43b#0:OK-t1. Peer's state: 216a7f9c-aee1-4f98-a365-89228e2ed43b@group-A5F7B5452D65:t1, leader=null, voted=bba1c53a-a6f8-4b7f-a0a1-8d65da7b011f, raftlog=Memoized:216a7f9c-aee1-4f98-a365-89228e2ed43b@group-A5F7B5452D65-SegmentedRaftLog:OPENED:c-1, conf=-1: peers:[b5f002a5-35f0-4e5a-a46f-90a89988a4c4|10.1.0.19:15014, 216a7f9c-aee1-4f98-a365-89228e2ed43b|10.1.0.19:15032, bba1c53a-a6f8-4b7f-a0a1-8d65da7b011f|10.1.0.19:15023]|listeners:[], old=null
2024-01-08 10:08:17,365 [bba1c53a-a6f8-4b7f-a0a1-8d65da7b011f@group-A5F7B5452D65-LeaderElection7] INFO  server.RaftServer$Division (RaftServerImpl.java:setRole(379)) - bba1c53a-a6f8-4b7f-a0a1-8d65da7b011f@group-A5F7B5452D65: changes role from CANDIDATE to LEADER at term 1 for changeToLeader
2024-01-08 10:08:17,366 [bba1c53a-a6f8-4b7f-a0a1-8d65da7b011f@group-A5F7B5452D65-LeaderElection7] INFO  server.RaftServerConfigKeys (ConfUtils.java:logGet(46)) - raft.server.staging.catchup.gap = 1000 (default)
2024-01-08 10:08:17,367 [bba1c53a-a6f8-4b7f-a0a1-8d65da7b011f@group-A5F7B5452D65-LeaderElection7] INFO  server.RaftServerConfigKeys (ConfUtils.java:logGet(46)) - raft.server.write.element-limit = 1024 (custom)
2024-01-08 10:08:17,367 [bba1c53a-a6f8-4b7f-a0a1-8d65da7b011f@group-A5F7B5452D65-LeaderElection7] INFO  server.RaftServerConfigKeys (ConfUtils.java:logGet(46)) - raft.server.write.byte-limit = 1024 M (=1073741824) (custom)
2024-01-08 10:08:17,367 [bba1c53a-a6f8-4b7f-a0a1-8d65da7b011f@group-A5F7B5452D65-LeaderElection7] INFO  server.RaftServerConfigKeys (ConfUtils.java:logGet(46)) - raft.server.watch.timeout = 180s (custom)
2024-01-08 10:08:17,367 [bba1c53a-a6f8-4b7f-a0a1-8d65da7b011f@group-A5F7B5452D65-LeaderElection7] INFO  server.RaftServerConfigKeys (ConfUtils.java:logGet(46)) - raft.server.watch.timeout.denomination = 1s (default)
2024-01-08 10:08:17,367 [bba1c53a-a6f8-4b7f-a0a1-8d65da7b011f@group-A5F7B5452D65-LeaderElection7] INFO  server.RaftServerConfigKeys (ConfUtils.java:logGet(46)) - raft.server.watch.element-limit = 65536 (default)
2024-01-08 10:08:17,367 [bba1c53a-a6f8-4b7f-a0a1-8d65da7b011f@group-A5F7B5452D65-LeaderElection7] INFO  server.RaftServerConfigKeys (ConfUtils.java:logGet(46)) - raft.server.read.leader.lease.enabled = false (default)
2024-01-08 10:08:17,367 [bba1c53a-a6f8-4b7f-a0a1-8d65da7b011f@group-A5F7B5452D65-LeaderElection7] INFO  server.RaftServerConfigKeys (ConfUtils.java:logGet(46)) - raft.server.read.leader.lease.timeout.ratio = 0.9 (default)
2024-01-08 10:08:17,367 [bba1c53a-a6f8-4b7f-a0a1-8d65da7b011f@group-A5F7B5452D65-LeaderElection7] INFO  server.RaftServerConfigKeys (ConfUtils.java:logGet(46)) - raft.server.rpc.timeout.min = 5s (custom)
2024-01-08 10:08:17,368 [bba1c53a-a6f8-4b7f-a0a1-8d65da7b011f@group-A5F7B5452D65-LeaderElection7] INFO  server.RaftServerConfigKeys (ConfUtils.java:logGet(46)) - raft.server.write.element-limit = 1024 (custom)
2024-01-08 10:08:17,368 [bba1c53a-a6f8-4b7f-a0a1-8d65da7b011f@group-A5F7B5452D65-LeaderElection7] INFO  server.RaftServerConfigKeys (ConfUtils.java:logGet(46)) - raft.server.write.follower.gap.ratio.max = -1.0 (default)
2024-01-08 10:08:17,368 [bba1c53a-a6f8-4b7f-a0a1-8d65da7b011f@group-A5F7B5452D65-LeaderElection7] INFO  server.RaftServerConfigKeys (ConfUtils.java:logGet(46)) - raft.server.log.appender.snapshot.chunk.size.max = 16MB (=16777216) (default)
2024-01-08 10:08:17,370 [bba1c53a-a6f8-4b7f-a0a1-8d65da7b011f@group-A5F7B5452D65-LeaderElection7] INFO  server.RaftServerConfigKeys (ConfUtils.java:logGet(46)) - raft.server.log.appender.buffer.byte-limit = 8388608 (custom)
2024-01-08 10:08:17,370 [bba1c53a-a6f8-4b7f-a0a1-8d65da7b011f@group-A5F7B5452D65-LeaderElection7] INFO  server.RaftServerConfigKeys (ConfUtils.java:logGet(46)) - raft.server.log.appender.buffer.element-limit = 1 (custom)
2024-01-08 10:08:17,370 [bba1c53a-a6f8-4b7f-a0a1-8d65da7b011f@group-A5F7B5452D65-LeaderElection7] INFO  server.RaftServerConfigKeys (ConfUtils.java:logGet(46)) - raft.server.log.appender.wait-time.min = 0μs (custom)
2024-01-08 10:08:17,370 [bba1c53a-a6f8-4b7f-a0a1-8d65da7b011f@group-A5F7B5452D65-LeaderElection7] INFO  grpc.GrpcConfigKeys (ConfUtils.java:logGet(46)) - raft.grpc.server.leader.outstanding.appends.max = 8 (default)
2024-01-08 10:08:17,379 [bba1c53a-a6f8-4b7f-a0a1-8d65da7b011f@group-A5F7B5452D65-LeaderElection7] INFO  server.RaftServerConfigKeys (ConfUtils.java:logGet(46)) - raft.server.rpc.request.timeout = 60s (custom)
2024-01-08 10:08:17,379 [bba1c53a-a6f8-4b7f-a0a1-8d65da7b011f@group-A5F7B5452D65-LeaderElection7] INFO  grpc.GrpcConfigKeys (ConfUtils.java:logGet(46)) - raft.grpc.server.install_snapshot.request.element-limit = 8 (default)
2024-01-08 10:08:17,379 [bba1c53a-a6f8-4b7f-a0a1-8d65da7b011f@group-A5F7B5452D65-LeaderElection7] INFO  grpc.GrpcConfigKeys (ConfUtils.java:logGet(46)) - raft.grpc.server.install_snapshot.request.timeout = 3000ms (default)
2024-01-08 10:08:17,379 [bba1c53a-a6f8-4b7f-a0a1-8d65da7b011f@group-A5F7B5452D65-LeaderElection7] INFO  server.RaftServerConfigKeys (ConfUtils.java:logGet(46)) - raft.server.log.appender.install.snapshot.enabled = false (custom)
2024-01-08 10:08:17,379 [bba1c53a-a6f8-4b7f-a0a1-8d65da7b011f@group-A5F7B5452D65-LeaderElection7] INFO  grpc.GrpcConfigKeys (ConfUtils.java:logGet(46)) - raft.grpc.server.heartbeat.channel = true (default)
2024-01-08 10:08:17,380 [bba1c53a-a6f8-4b7f-a0a1-8d65da7b011f@group-A5F7B5452D65-LeaderElection7] INFO  server.RaftServerConfigKeys (ConfUtils.java:logGet(46)) - raft.server.log.appender.snapshot.chunk.size.max = 16MB (=16777216) (default)
2024-01-08 10:08:17,380 [bba1c53a-a6f8-4b7f-a0a1-8d65da7b011f@group-A5F7B5452D65-LeaderElection7] INFO  server.RaftServerConfigKeys (ConfUtils.java:logGet(46)) - raft.server.log.appender.buffer.byte-limit = 8388608 (custom)
2024-01-08 10:08:17,381 [bba1c53a-a6f8-4b7f-a0a1-8d65da7b011f@group-A5F7B5452D65-LeaderElection7] INFO  server.RaftServerConfigKeys (ConfUtils.java:logGet(46)) - raft.server.log.appender.buffer.element-limit = 1 (custom)
2024-01-08 10:08:17,381 [bba1c53a-a6f8-4b7f-a0a1-8d65da7b011f@group-A5F7B5452D65-LeaderElection7] INFO  server.RaftServerConfigKeys (ConfUtils.java:logGet(46)) - raft.server.log.appender.wait-time.min = 0μs (custom)
2024-01-08 10:08:17,381 [bba1c53a-a6f8-4b7f-a0a1-8d65da7b011f@group-A5F7B5452D65-LeaderElection7] INFO  grpc.GrpcConfigKeys (ConfUtils.java:logGet(46)) - raft.grpc.server.leader.outstanding.appends.max = 8 (default)
2024-01-08 10:08:17,381 [bba1c53a-a6f8-4b7f-a0a1-8d65da7b011f@group-A5F7B5452D65-LeaderElection7] INFO  server.RaftServerConfigKeys (ConfUtils.java:logGet(46)) - raft.server.rpc.request.timeout = 60s (custom)
2024-01-08 10:08:17,381 [bba1c53a-a6f8-4b7f-a0a1-8d65da7b011f@group-A5F7B5452D65-LeaderElection7] INFO  grpc.GrpcConfigKeys (ConfUtils.java:logGet(46)) - raft.grpc.server.install_snapshot.request.element-limit = 8 (default)
2024-01-08 10:08:17,381 [bba1c53a-a6f8-4b7f-a0a1-8d65da7b011f@group-A5F7B5452D65-LeaderElection7] INFO  grpc.GrpcConfigKeys (ConfUtils.java:logGet(46)) - raft.grpc.server.install_snapshot.request.timeout = 3000ms (default)
2024-01-08 10:08:17,381 [bba1c53a-a6f8-4b7f-a0a1-8d65da7b011f@group-A5F7B5452D65-LeaderElection7] INFO  server.RaftServerConfigKeys (ConfUtils.java:logGet(46)) - raft.server.log.appender.install.snapshot.enabled = false (custom)
2024-01-08 10:08:17,381 [bba1c53a-a6f8-4b7f-a0a1-8d65da7b011f@group-A5F7B5452D65-LeaderElection7] INFO  grpc.GrpcConfigKeys (ConfUtils.java:logGet(46)) - raft.grpc.server.heartbeat.channel = true (default)
2024-01-08 10:08:17,382 [bba1c53a-a6f8-4b7f-a0a1-8d65da7b011f@group-A5F7B5452D65-LeaderElection7] INFO  impl.RoleInfo (RoleInfo.java:updateAndGet(139)) - bba1c53a-a6f8-4b7f-a0a1-8d65da7b011f: start bba1c53a-a6f8-4b7f-a0a1-8d65da7b011f@group-A5F7B5452D65-LeaderStateImpl
2024-01-08 10:08:17,382 [bba1c53a-a6f8-4b7f-a0a1-8d65da7b011f@group-A5F7B5452D65-LeaderElection7] INFO  server.RaftServer$Division (RaftServerImpl.java:setFirstElection(564)) - bba1c53a-a6f8-4b7f-a0a1-8d65da7b011f@group-A5F7B5452D65: set firstElectionSinceStartup to false for becomeLeader
2024-01-08 10:08:17,382 [bba1c53a-a6f8-4b7f-a0a1-8d65da7b011f@group-A5F7B5452D65-LeaderElection7] INFO  ratis.XceiverServerRatis (XceiverServerRatis.java:handleLeaderChangedNotification(945)) - Leader change notification received for group: group-A5F7B5452D65 with new leaderId: bba1c53a-a6f8-4b7f-a0a1-8d65da7b011f
2024-01-08 10:08:17,382 [bba1c53a-a6f8-4b7f-a0a1-8d65da7b011f@group-A5F7B5452D65-LeaderElection7] INFO  server.RaftServer$Division (ServerState.java:setLeader(265)) - bba1c53a-a6f8-4b7f-a0a1-8d65da7b011f@group-A5F7B5452D65: change Leader from null to bba1c53a-a6f8-4b7f-a0a1-8d65da7b011f at term 1 for becomeLeader, leader elected after 5346ms
2024-01-08 10:08:17,384 [bba1c53a-a6f8-4b7f-a0a1-8d65da7b011f@group-A5F7B5452D65-LeaderElection7] INFO  segmented.SegmentedRaftLogWorker (SegmentedRaftLogWorker.java:startLogSegment(428)) - bba1c53a-a6f8-4b7f-a0a1-8d65da7b011f@group-A5F7B5452D65-SegmentedRaftLogWorker: Starting segment from index:0
2024-01-08 10:08:17,384 [EventQueue-PipelineReportForPipelineReportHandler] INFO  pipeline.PipelineReportHandler (PipelineReportHandler.java:processPipelineReport(136)) - Opened pipeline PipelineID=0a199dab-98f4-47f6-a121-a5f7b5452d65
2024-01-08 10:08:17,378 [Mini-Cluster-Provider-Create] INFO  om.OzoneManager (OzoneManager.java:instantiateServices(805)) - S3 Multi-Tenancy is disabled
2024-01-08 10:08:17,389 [Mini-Cluster-Provider-Create] INFO  om.OmSnapshotManager (OmSnapshotManager.java:<init>(176)) - Ozone filesystem snapshot feature is enabled.
2024-01-08 10:08:17,390 [Mini-Cluster-Provider-Create] WARN  server.ServerUtils (ServerUtils.java:getDBPath(311)) - ozone.om.snapshot.diff.db.dir is not configured. We recommend adding this setting. Falling back to ozone.metadata.dirs instead.
2024-01-08 10:08:17,389 [bba1c53a-a6f8-4b7f-a0a1-8d65da7b011f@group-A5F7B5452D65-LeaderElection7] INFO  server.RaftServer$Division (ServerState.java:setRaftConf(382)) - bba1c53a-a6f8-4b7f-a0a1-8d65da7b011f@group-A5F7B5452D65: set configuration 0: peers:[b5f002a5-35f0-4e5a-a46f-90a89988a4c4|10.1.0.19:15014, 216a7f9c-aee1-4f98-a365-89228e2ed43b|10.1.0.19:15032, bba1c53a-a6f8-4b7f-a0a1-8d65da7b011f|10.1.0.19:15023]|listeners:[], old=null
2024-01-08 10:08:17,386 [main] INFO  rpc.RpcClient (RpcClient.java:createBucket(683)) - Creating Bucket: vol/bucket, with server-side default bucket layout, runner as owner, Versioning false, Storage Type set to DISK and Encryption set to false, Replication Type set to server-side default replication type, Namespace Quota set to -1, Space Quota set to -1 
2024-01-08 10:08:17,379 [om1-OMDoubleBufferFlushThread] INFO  helpers.OmKeyInfo (OmKeyInfo.java:getCodec(71)) - OmKeyInfo.getCodec ignorePipeline = true
2024-01-08 10:08:17,391 [om1-OMDoubleBufferFlushThread] INFO  helpers.OmKeyInfo (OmKeyInfo.java:getCodec(71)) - OmKeyInfo.getCodec ignorePipeline = true
2024-01-08 10:08:17,391 [om1-OMDoubleBufferFlushThread] INFO  helpers.OmKeyInfo (OmKeyInfo.java:getCodec(71)) - OmKeyInfo.getCodec ignorePipeline = true
2024-01-08 10:08:17,391 [om1-OMDoubleBufferFlushThread] INFO  helpers.OmKeyInfo (OmKeyInfo.java:getCodec(71)) - OmKeyInfo.getCodec ignorePipeline = true
2024-01-08 10:08:17,391 [bba1c53a-a6f8-4b7f-a0a1-8d65da7b011f@group-A5F7B5452D65-SegmentedRaftLogWorker] INFO  segmented.SegmentedRaftLogWorker (SegmentedRaftLogWorker.java:execute(632)) - bba1c53a-a6f8-4b7f-a0a1-8d65da7b011f@group-A5F7B5452D65-SegmentedRaftLogWorker: created new log segment /home/runner/work/ozone/ozone/hadoop-ozone/integration-test/target/test-dir/MiniOzoneClusterImpl-d16d6234-9da8-43a0-bd28-723006ad2f80/datanode-1/data/ratis/0a199dab-98f4-47f6-a121-a5f7b5452d65/current/log_inprogress_0
2024-01-08 10:08:17,391 [om1-OMDoubleBufferFlushThread] INFO  helpers.OmKeyInfo (OmKeyInfo.java:getCodec(71)) - OmKeyInfo.getCodec ignorePipeline = true
2024-01-08 10:08:17,413 [om1-OMStateMachineApplyTransactionThread - 0] INFO  bucket.OMBucketCreateRequest (OMBucketCreateRequest.java:validateAndUpdateCache(296)) - created bucket: bucket of layout FILE_SYSTEM_OPTIMIZED in volume: vol
2024-01-08 10:08:17,415 [Mini-Cluster-Provider-Create] INFO  utils.NativeLibraryLoader (NativeLibraryLoader.java:loadLibrary(108)) - Loading Library: ozone_rocksdb_tools
2024-01-08 10:08:17,416 [Mini-Cluster-Provider-Create] INFO  snapshot.SnapshotDiffManager (SnapshotDiffManager.java:closeExecutorService(1688)) - Shutting down executorService: 'SstDumpToolExecutor'
2024-01-08 10:08:17,421 [216a7f9c-aee1-4f98-a365-89228e2ed43b-server-thread1] INFO  ratis.XceiverServerRatis (XceiverServerRatis.java:handleLeaderChangedNotification(945)) - Leader change notification received for group: group-A5F7B5452D65 with new leaderId: bba1c53a-a6f8-4b7f-a0a1-8d65da7b011f
2024-01-08 10:08:17,421 [216a7f9c-aee1-4f98-a365-89228e2ed43b-server-thread1] INFO  server.RaftServer$Division (ServerState.java:setLeader(265)) - 216a7f9c-aee1-4f98-a365-89228e2ed43b@group-A5F7B5452D65: change Leader from null to bba1c53a-a6f8-4b7f-a0a1-8d65da7b011f at term 1 for appendEntries, leader elected after 5384ms
2024-01-08 10:08:17,426 [Mini-Cluster-Provider-Create] INFO  om.OzoneManager (OzoneManager.java:addS3GVolumeToDB(4429)) - Created Volume s3v With Owner runner required for S3Gateway operations.
2024-01-08 10:08:17,426 [Mini-Cluster-Provider-Create] WARN  server.ServerUtils (ServerUtils.java:getDefaultRatisDirectory(323)) - Storage directory for Ratis is not configured. It is a good idea to map this to an SSD disk. Falling back to ozone.metadata.dirs
2024-01-08 10:08:17,427 [Mini-Cluster-Provider-Create] WARN  utils.OzoneManagerRatisUtils (OzoneManagerRatisUtils.java:getOMRatisSnapshotDirectory(473)) - ozone.om.ratis.snapshot.dir is not configured. Falling back to ozone.metadata.dirs config
2024-01-08 10:08:17,427 [b5f002a5-35f0-4e5a-a46f-90a89988a4c4-server-thread1] INFO  ratis.XceiverServerRatis (XceiverServerRatis.java:handleLeaderChangedNotification(945)) - Leader change notification received for group: group-A5F7B5452D65 with new leaderId: bba1c53a-a6f8-4b7f-a0a1-8d65da7b011f
2024-01-08 10:08:17,427 [Mini-Cluster-Provider-Create] WARN  dropwizard3.Dm3MetricRegistriesImpl (Dm3MetricRegistriesImpl.java:addReporterRegistration(113)) - New reporters are added after registries were created. Some metrics will be missing from the reporter. Please add reporter before adding any new registry.
2024-01-08 10:08:17,427 [b5f002a5-35f0-4e5a-a46f-90a89988a4c4-server-thread1] INFO  server.RaftServer$Division (ServerState.java:setLeader(265)) - b5f002a5-35f0-4e5a-a46f-90a89988a4c4@group-A5F7B5452D65: change Leader from null to bba1c53a-a6f8-4b7f-a0a1-8d65da7b011f at term 1 for appendEntries, leader elected after 5392ms
2024-01-08 10:08:17,427 [Mini-Cluster-Provider-Create] WARN  dropwizard3.Dm3MetricRegistriesImpl (Dm3MetricRegistriesImpl.java:addReporterRegistration(113)) - New reporters are added after registries were created. Some metrics will be missing from the reporter. Please add reporter before adding any new registry.
2024-01-08 10:08:17,428 [216a7f9c-aee1-4f98-a365-89228e2ed43b-server-thread3] INFO  server.RaftServer$Division (ServerState.java:setRaftConf(382)) - 216a7f9c-aee1-4f98-a365-89228e2ed43b@group-A5F7B5452D65: set configuration 0: peers:[b5f002a5-35f0-4e5a-a46f-90a89988a4c4|10.1.0.19:15014, 216a7f9c-aee1-4f98-a365-89228e2ed43b|10.1.0.19:15032, bba1c53a-a6f8-4b7f-a0a1-8d65da7b011f|10.1.0.19:15023]|listeners:[], old=null
2024-01-08 10:08:17,428 [216a7f9c-aee1-4f98-a365-89228e2ed43b-server-thread3] INFO  segmented.SegmentedRaftLogWorker (SegmentedRaftLogWorker.java:startLogSegment(428)) - 216a7f9c-aee1-4f98-a365-89228e2ed43b@group-A5F7B5452D65-SegmentedRaftLogWorker: Starting segment from index:0
2024-01-08 10:08:17,428 [Mini-Cluster-Provider-Create] WARN  server.ServerUtils (ServerUtils.java:getDefaultRatisDirectory(323)) - Storage directory for Ratis is not configured. It is a good idea to map this to an SSD disk. Falling back to ozone.metadata.dirs
2024-01-08 10:08:17,430 [Mini-Cluster-Provider-Create] INFO  ratis.OzoneManagerRatisServer (OzoneManagerRatisServer.java:<init>(167)) - Instantiating OM Ratis server with groupID: omServiceIdDefault and peers: localhost:15042
2024-01-08 10:08:17,430 [Mini-Cluster-Provider-Create] INFO  ratis.OzoneManagerStateMachine (OzoneManagerStateMachine.java:loadSnapshotInfoFromDB(711)) - TransactionInfo not found in OM DB.
2024-01-08 10:08:17,431 [Mini-Cluster-Provider-Create] INFO  server.RaftServer (ConfUtils.java:logGet(46)) - raft.rpc.type = GRPC (default)
2024-01-08 10:08:17,432 [Mini-Cluster-Provider-Create] INFO  grpc.GrpcConfigKeys (ConfUtils.java:logFallback(53)) - raft.grpc.admin.host = null (fallback to raft.grpc.server.host)
2024-01-08 10:08:17,432 [Mini-Cluster-Provider-Create] INFO  grpc.GrpcConfigKeys (ConfUtils.java:logFallback(53)) - raft.grpc.admin.port = 15042 (fallback to raft.grpc.server.port)
2024-01-08 10:08:17,432 [Mini-Cluster-Provider-Create] INFO  grpc.GrpcConfigKeys (ConfUtils.java:logFallback(53)) - raft.grpc.client.host = null (fallback to raft.grpc.server.host)
2024-01-08 10:08:17,432 [Mini-Cluster-Provider-Create] INFO  grpc.GrpcConfigKeys (ConfUtils.java:logFallback(53)) - raft.grpc.client.port = 15042 (fallback to raft.grpc.server.port)
2024-01-08 10:08:17,432 [Mini-Cluster-Provider-Create] INFO  grpc.GrpcConfigKeys (ConfUtils.java:logGet(46)) - raft.grpc.server.host = null (default)
2024-01-08 10:08:17,432 [Mini-Cluster-Provider-Create] INFO  grpc.GrpcConfigKeys (ConfUtils.java:logGet(46)) - raft.grpc.server.port = 15042 (custom)
2024-01-08 10:08:17,432 [Mini-Cluster-Provider-Create] INFO  server.GrpcService (ConfUtils.java:logGet(46)) - raft.grpc.message.size.max = 4194304 (custom)
2024-01-08 10:08:17,432 [Mini-Cluster-Provider-Create] INFO  server.RaftServerConfigKeys (ConfUtils.java:logGet(46)) - raft.server.log.appender.buffer.byte-limit = 4194304 (custom)
2024-01-08 10:08:17,432 [Mini-Cluster-Provider-Create] INFO  server.GrpcService (ConfUtils.java:logGet(46)) - raft.grpc.flow.control.window = 1MB (=1048576) (default)
2024-01-08 10:08:17,432 [Mini-Cluster-Provider-Create] INFO  server.RaftServerConfigKeys (ConfUtils.java:logGet(46)) - raft.server.rpc.request.timeout = 3000ms (default)
2024-01-08 10:08:17,432 [Mini-Cluster-Provider-Create] INFO  grpc.GrpcConfigKeys (ConfUtils.java:logGet(46)) - raft.grpc.server.heartbeat.channel = true (default)
2024-01-08 10:08:17,432 [Mini-Cluster-Provider-Create] INFO  grpc.GrpcConfigKeys (ConfUtils.java:logGet(46)) - raft.grpc.server.async.request.thread.pool.cached = true (default)
2024-01-08 10:08:17,432 [Mini-Cluster-Provider-Create] INFO  grpc.GrpcConfigKeys (ConfUtils.java:logGet(46)) - raft.grpc.server.async.request.thread.pool.size = 32 (default)
2024-01-08 10:08:17,437 [216a7f9c-aee1-4f98-a365-89228e2ed43b@group-A5F7B5452D65-SegmentedRaftLogWorker] INFO  segmented.SegmentedRaftLogWorker (SegmentedRaftLogWorker.java:execute(632)) - 216a7f9c-aee1-4f98-a365-89228e2ed43b@group-A5F7B5452D65-SegmentedRaftLogWorker: created new log segment /home/runner/work/ozone/ozone/hadoop-ozone/integration-test/target/test-dir/MiniOzoneClusterImpl-d16d6234-9da8-43a0-bd28-723006ad2f80/datanode-2/data/ratis/0a199dab-98f4-47f6-a121-a5f7b5452d65/current/log_inprogress_0
2024-01-08 10:08:17,437 [b5f002a5-35f0-4e5a-a46f-90a89988a4c4-server-thread2] INFO  server.RaftServer$Division (ServerState.java:setRaftConf(382)) - b5f002a5-35f0-4e5a-a46f-90a89988a4c4@group-A5F7B5452D65: set configuration 0: peers:[b5f002a5-35f0-4e5a-a46f-90a89988a4c4|10.1.0.19:15014, 216a7f9c-aee1-4f98-a365-89228e2ed43b|10.1.0.19:15032, bba1c53a-a6f8-4b7f-a0a1-8d65da7b011f|10.1.0.19:15023]|listeners:[], old=null
2024-01-08 10:08:17,437 [b5f002a5-35f0-4e5a-a46f-90a89988a4c4-server-thread2] INFO  segmented.SegmentedRaftLogWorker (SegmentedRaftLogWorker.java:startLogSegment(428)) - b5f002a5-35f0-4e5a-a46f-90a89988a4c4@group-A5F7B5452D65-SegmentedRaftLogWorker: Starting segment from index:0
2024-01-08 10:08:17,438 [Mini-Cluster-Provider-Create] INFO  impl.DataStreamServerImpl (ConfUtils.java:logGet(46)) - raft.datastream.type = DISABLED (default)
2024-01-08 10:08:17,438 [Mini-Cluster-Provider-Create] INFO  server.RaftServerConfigKeys (ConfUtils.java:logGet(46)) - raft.server.sleep.deviation.threshold = 300ms (default)
2024-01-08 10:08:17,438 [Mini-Cluster-Provider-Create] INFO  server.RaftServerConfigKeys (ConfUtils.java:logGet(46)) - raft.server.close.threshold = 60s (default)
2024-01-08 10:08:17,438 [Mini-Cluster-Provider-Create] INFO  server.RaftServerConfigKeys (ConfUtils.java:logGet(46)) - raft.server.leaderelection.leader.step-down.wait-time = 10s (default)
2024-01-08 10:08:17,438 [Mini-Cluster-Provider-Create] INFO  server.RaftServerConfigKeys (ConfUtils.java:logGet(46)) - raft.server.storage.dir = [/home/runner/work/ozone/ozone/hadoop-ozone/integration-test/target/test-dir/MiniOzoneClusterImpl-fb8bf8f7-2439-41c0-942a-a4029f90a766/ozone-meta/ratis] (custom)
2024-01-08 10:08:17,438 [Mini-Cluster-Provider-Create] INFO  server.RaftServerConfigKeys (ConfUtils.java:logGet(46)) - raft.server.threadpool.proxy.cached = true (default)
2024-01-08 10:08:17,438 [Mini-Cluster-Provider-Create] INFO  server.RaftServerConfigKeys (ConfUtils.java:logGet(46)) - raft.server.threadpool.proxy.size = 0 (default)
2024-01-08 10:08:17,439 [Mini-Cluster-Provider-Create] INFO  server.RaftServer (RaftServerProxy.java:addNew(100)) - om1: addNew group-C5BA1605619E:[om1|localhost:15042] returns group-C5BA1605619E:java.util.concurrent.CompletableFuture@2106b180[Not completed]
2024-01-08 10:08:17,439 [Mini-Cluster-Provider-Create] INFO  om.OzoneManager (OzoneManager.java:initializeRatisServer(2141)) - OzoneManager Ratis server initialized at port 15042
2024-01-08 10:08:17,439 [om1-groupManagement] INFO  server.RaftServer$Division (RaftServerImpl.java:<init>(256)) - om1: new RaftServerImpl for group-C5BA1605619E:[om1|localhost:15042] with OzoneManagerStateMachine:uninitialized
2024-01-08 10:08:17,439 [om1-groupManagement] INFO  server.RaftServerConfigKeys (ConfUtils.java:logGet(46)) - raft.server.rpc.timeout.min = 1s (custom)
2024-01-08 10:08:17,439 [om1-groupManagement] INFO  server.RaftServerConfigKeys (ConfUtils.java:logGet(46)) - raft.server.rpc.timeout.max = 1200ms (custom)
2024-01-08 10:08:17,439 [om1-groupManagement] INFO  server.RaftServerConfigKeys (ConfUtils.java:logGet(46)) - raft.server.rpc.sleep.time = 25ms (default)
2024-01-08 10:08:17,439 [om1-groupManagement] INFO  server.RaftServerConfigKeys (ConfUtils.java:logGet(46)) - raft.server.rpc.slowness.timeout = 120s (custom)
2024-01-08 10:08:17,439 [om1-groupManagement] INFO  server.RaftServerConfigKeys (ConfUtils.java:logGet(46)) - raft.server.leaderelection.leader.step-down.wait-time = 10s (default)
2024-01-08 10:08:17,439 [om1-groupManagement] INFO  server.RaftServerConfigKeys (ConfUtils.java:logGet(46)) - raft.server.leaderelection.member.majority-add = false (default)
2024-01-08 10:08:17,439 [om1-groupManagement] INFO  server.RaftServerConfigKeys (ConfUtils.java:logGet(46)) - raft.server.sleep.deviation.threshold = 300ms (default)
2024-01-08 10:08:17,439 [om1-groupManagement] INFO  server.RaftServer$Division (ServerState.java:<init>(113)) - om1@group-C5BA1605619E: ConfigurationManager, init=-1: peers:[om1|localhost:15042]|listeners:[], old=null, confs=<EMPTY_MAP>
2024-01-08 10:08:17,439 [om1-groupManagement] INFO  server.RaftServerConfigKeys (ConfUtils.java:logGet(46)) - raft.server.notification.no-leader.timeout = 120s (custom)
2024-01-08 10:08:17,440 [om1-groupManagement] INFO  server.RaftServerConfigKeys (ConfUtils.java:logGet(46)) - raft.server.read.timeout = 10s (default)
2024-01-08 10:08:17,440 [om1-groupManagement] INFO  server.RaftServerConfigKeys (ConfUtils.java:logGet(46)) - raft.server.retrycache.expirytime = 300s (custom)
2024-01-08 10:08:17,440 [om1-groupManagement] INFO  server.RaftServerConfigKeys (ConfUtils.java:logGet(46)) - raft.server.retrycache.statistics.expirytime = 100ms (default)
2024-01-08 10:08:17,440 [om1-groupManagement] INFO  server.RaftServerConfigKeys (ConfUtils.java:logGet(46)) - raft.server.read.option = DEFAULT (default)
2024-01-08 10:08:17,440 [om1-groupManagement] INFO  server.RaftServerConfigKeys (ConfUtils.java:logGet(46)) - raft.server.read.read-after-write-consistent.write-index-cache.expiry-time = 60s (default)
2024-01-08 10:08:17,440 [om1-groupManagement] INFO  server.RaftServerConfigKeys (ConfUtils.java:logGet(46)) - raft.server.rpc.request.timeout = 3000ms (default)
2024-01-08 10:08:17,440 [om1-groupManagement] INFO  server.RaftServerConfigKeys (ConfUtils.java:logGet(46)) - raft.server.log.appender.install.snapshot.enabled = false (custom)
2024-01-08 10:08:17,440 [om1-groupManagement] INFO  server.RaftServerConfigKeys (ConfUtils.java:logGet(46)) - raft.server.threadpool.server.cached = true (default)
2024-01-08 10:08:17,440 [om1-groupManagement] INFO  server.RaftServerConfigKeys (ConfUtils.java:logGet(46)) - raft.server.threadpool.server.size = 0 (default)
2024-01-08 10:08:17,440 [om1-groupManagement] INFO  server.RaftServerConfigKeys (ConfUtils.java:logGet(46)) - raft.server.threadpool.client.cached = true (default)
2024-01-08 10:08:17,440 [om1-groupManagement] INFO  server.RaftServerConfigKeys (ConfUtils.java:logGet(46)) - raft.server.threadpool.client.size = 0 (default)
2024-01-08 10:08:17,443 [Mini-Cluster-Provider-Create] INFO  om.OzoneManager (OzoneManager.java:getRpcServer(1207)) - Creating RPC Server
2024-01-08 10:08:17,445 [bba1c53a-a6f8-4b7f-a0a1-8d65da7b011f@group-A5F7B5452D65-StateMachineUpdater] INFO  server.RaftServer$Division (LeaderStateImpl.java:isApplied(316)) - leader is ready since appliedIndex == 0 >= startIndex == 0
2024-01-08 10:08:17,446 [b5f002a5-35f0-4e5a-a46f-90a89988a4c4@group-A5F7B5452D65-SegmentedRaftLogWorker] INFO  segmented.SegmentedRaftLogWorker (SegmentedRaftLogWorker.java:execute(632)) - b5f002a5-35f0-4e5a-a46f-90a89988a4c4@group-A5F7B5452D65-SegmentedRaftLogWorker: created new log segment /home/runner/work/ozone/ozone/hadoop-ozone/integration-test/target/test-dir/MiniOzoneClusterImpl-d16d6234-9da8-43a0-bd28-723006ad2f80/datanode-0/data/ratis/0a199dab-98f4-47f6-a121-a5f7b5452d65/current/log_inprogress_0
2024-01-08 10:08:17,704 [main] INFO  protocolPB.OmTransportFactory (OmTransportFactory.java:createFactory(62)) - Loading OM transport implementation org.apache.hadoop.ozone.om.protocolPB.Hadoop3OmTransportFactory as specified by configuration.
2024-01-08 10:08:17,763 [Mini-Cluster-Provider-Create] INFO  ipc.CallQueueManager (CallQueueManager.java:<init>(90)) - Using callQueue: class java.util.concurrent.LinkedBlockingQueue, queueCapacity: 2000, scheduler: class org.apache.hadoop.ipc.DefaultRpcScheduler, ipcBackoff: false.
2024-01-08 10:08:17,763 [Mini-Cluster-Provider-Create] INFO  ipc.Server (Server.java:<init>(1287)) - Listener at 127.0.0.1:15039
2024-01-08 10:08:17,763 [Socket Reader #1 for port 15039] INFO  ipc.Server (Server.java:run(1323)) - Starting Socket Reader #1 for port 15039
2024-01-08 10:08:17,792 [Mini-Cluster-Provider-Create] INFO  impl.MetricsSystemImpl (MetricsSystemImpl.java:init(158)) - OzoneManager metrics system started (again)
2024-01-08 10:08:17,806 [Mini-Cluster-Provider-Create] INFO  om.OzoneManager (OzoneManager.java:start(1629)) - OzoneManager RPC server is listening at localhost/127.0.0.1:15039
2024-01-08 10:08:17,807 [Mini-Cluster-Provider-Create] INFO  ratis.OzoneManagerRatisServer (OzoneManagerRatisServer.java:start(588)) - Starting OzoneManagerRatisServer om1 at port 15042
2024-01-08 10:08:17,807 [om1-impl-thread1] INFO  server.RaftServerConfigKeys (ConfUtils.java:logGet(46)) - raft.server.storage.free-space.min = 0MB (=0) (default)
2024-01-08 10:08:17,807 [om1-impl-thread1] INFO  server.RaftServerConfigKeys (ConfUtils.java:logGet(46)) - raft.server.log.corruption.policy = EXCEPTION (default)
2024-01-08 10:08:17,807 [om1-impl-thread1] INFO  server.RaftServerConfigKeys (ConfUtils.java:logGet(46)) - raft.server.storage.dir = [/home/runner/work/ozone/ozone/hadoop-ozone/integration-test/target/test-dir/MiniOzoneClusterImpl-fb8bf8f7-2439-41c0-942a-a4029f90a766/ozone-meta/ratis] (custom)
2024-01-08 10:08:17,807 [om1-impl-thread1] INFO  storage.RaftStorageDirectory (RaftStorageDirectoryImpl.java:analyzeStorage(138)) - The storage directory /home/runner/work/ozone/ozone/hadoop-ozone/integration-test/target/test-dir/MiniOzoneClusterImpl-fb8bf8f7-2439-41c0-942a-a4029f90a766/ozone-meta/ratis/bf265839-605b-3f16-9796-c5ba1605619e does not exist. Creating ...
2024-01-08 10:08:17,808 [om1-impl-thread1] INFO  storage.RaftStorageDirectory (RaftStorageDirectoryImpl.java:tryLock(232)) - Lock on /home/runner/work/ozone/ozone/hadoop-ozone/integration-test/target/test-dir/MiniOzoneClusterImpl-fb8bf8f7-2439-41c0-942a-a4029f90a766/ozone-meta/ratis/bf265839-605b-3f16-9796-c5ba1605619e/in_use.lock acquired by nodename 56297@fv-az1117-812
2024-01-08 10:08:17,810 [om1-impl-thread1] INFO  storage.RaftStorage (RaftStorageImpl.java:format(97)) - Storage directory /home/runner/work/ozone/ozone/hadoop-ozone/integration-test/target/test-dir/MiniOzoneClusterImpl-fb8bf8f7-2439-41c0-942a-a4029f90a766/ozone-meta/ratis/bf265839-605b-3f16-9796-c5ba1605619e has been successfully formatted.
2024-01-08 10:08:17,810 [om1-impl-thread1] INFO  server.RaftServerConfigKeys (ConfUtils.java:logGet(46)) - raft.server.log.use.memory = false (default)
2024-01-08 10:08:17,810 [om1-impl-thread1] INFO  server.RaftServerConfigKeys (ConfUtils.java:logGet(46)) - raft.server.log.purge.gap = 1000000 (custom)
2024-01-08 10:08:17,811 [om1-impl-thread1] INFO  server.RaftServerConfigKeys (ConfUtils.java:logGet(46)) - raft.server.log.appender.buffer.byte-limit = 4194304 (custom)
2024-01-08 10:08:17,811 [om1-impl-thread1] INFO  server.RaftServerConfigKeys (ConfUtils.java:logGet(46)) - raft.server.log.statemachine.data.read.timeout = 1000ms (default)
2024-01-08 10:08:17,811 [om1-impl-thread1] INFO  server.RaftServerConfigKeys (ConfUtils.java:logGet(46)) - raft.server.log.purge.preservation.log.num = 0 (default)
2024-01-08 10:08:17,811 [om1-impl-thread1] INFO  server.RaftServerConfigKeys (ConfUtils.java:logGet(46)) - raft.server.log.segment.size.max = 4194304 (custom)
2024-01-08 10:08:17,811 [om1-impl-thread1] INFO  server.RaftServerConfigKeys (ConfUtils.java:logGet(46)) - raft.server.log.segment.cache.num.max = 2 (custom)
2024-01-08 10:08:17,811 [om1-impl-thread1] INFO  server.RaftServerConfigKeys (ConfUtils.java:logGet(46)) - raft.server.log.segment.cache.size.max = 200MB (=209715200) (default)
2024-01-08 10:08:17,811 [om1-impl-thread1] INFO  server.RaftServerConfigKeys (ConfUtils.java:logGet(46)) - raft.server.log.appender.buffer.byte-limit = 4194304 (custom)
2024-01-08 10:08:17,819 [om1-impl-thread1] INFO  util.AwaitToRun (AwaitToRun.java:start(81)) - Thread[om1@group-C5BA1605619E-cacheEviction-AwaitToRun,5,main] started
2024-01-08 10:08:17,819 [om1-impl-thread1] INFO  segmented.SegmentedRaftLogWorker (SegmentedRaftLogWorker.java:<init>(184)) - new om1@group-C5BA1605619E-SegmentedRaftLogWorker for RaftStorageImpl:Storage Directory /home/runner/work/ozone/ozone/hadoop-ozone/integration-test/target/test-dir/MiniOzoneClusterImpl-fb8bf8f7-2439-41c0-942a-a4029f90a766/ozone-meta/ratis/bf265839-605b-3f16-9796-c5ba1605619e
2024-01-08 10:08:17,819 [om1-impl-thread1] INFO  server.RaftServerConfigKeys (ConfUtils.java:logGet(46)) - raft.server.log.queue.byte-limit = 64MB (=67108864) (default)
2024-01-08 10:08:17,819 [om1-impl-thread1] INFO  server.RaftServerConfigKeys (ConfUtils.java:logGet(46)) - raft.server.log.queue.element-limit = 4096 (default)
2024-01-08 10:08:17,819 [om1-impl-thread1] INFO  server.RaftServerConfigKeys (ConfUtils.java:logGet(46)) - raft.server.log.segment.size.max = 4194304 (custom)
2024-01-08 10:08:17,819 [om1-impl-thread1] INFO  server.RaftServerConfigKeys (ConfUtils.java:logGet(46)) - raft.server.log.preallocated.size = 4194304 (custom)
2024-01-08 10:08:17,819 [om1-impl-thread1] INFO  server.RaftServerConfigKeys (ConfUtils.java:logGet(46)) - raft.server.log.force.sync.num = 128 (default)
2024-01-08 10:08:17,819 [om1-impl-thread1] INFO  server.RaftServerConfigKeys (ConfUtils.java:logGet(46)) - raft.server.log.statemachine.data.sync = true (default)
2024-01-08 10:08:17,819 [om1-impl-thread1] INFO  server.RaftServerConfigKeys (ConfUtils.java:logGet(46)) - raft.server.log.statemachine.data.sync.timeout = 10s (default)
2024-01-08 10:08:17,819 [om1-impl-thread1] INFO  server.RaftServerConfigKeys (ConfUtils.java:logGet(46)) - raft.server.log.statemachine.data.sync.timeout.retry = -1 (default)
2024-01-08 10:08:17,820 [om1-impl-thread1] INFO  server.RaftServerConfigKeys (ConfUtils.java:logGet(46)) - raft.server.log.write.buffer.size = 4194312 (custom)
2024-01-08 10:08:17,821 [om1-impl-thread1] INFO  server.RaftServerConfigKeys (ConfUtils.java:logGet(46)) - raft.server.log.appender.buffer.byte-limit = 4194304 (custom)
2024-01-08 10:08:17,821 [om1-impl-thread1] INFO  server.RaftServerConfigKeys (ConfUtils.java:logGet(46)) - raft.server.log.unsafe-flush.enabled = false (default)
2024-01-08 10:08:17,821 [om1-impl-thread1] INFO  server.RaftServerConfigKeys (ConfUtils.java:logGet(46)) - raft.server.log.async-flush.enabled = false (default)
2024-01-08 10:08:17,821 [om1-impl-thread1] INFO  server.RaftServerConfigKeys (ConfUtils.java:logGet(46)) - raft.server.log.statemachine.data.caching.enabled = false (default)
2024-01-08 10:08:17,821 [om1-impl-thread1] INFO  segmented.SegmentedRaftLogWorker (SegmentedRaftLogWorker.java:lambda$new$0(135)) - om1@group-C5BA1605619E-SegmentedRaftLogWorker: flushIndex: setUnconditionally 0 -> -1
2024-01-08 10:08:17,821 [om1-impl-thread1] INFO  segmented.SegmentedRaftLogWorker (SegmentedRaftLogWorker.java:lambda$new$0(135)) - om1@group-C5BA1605619E-SegmentedRaftLogWorker: safeCacheEvictIndex: setUnconditionally 0 -> -1
2024-01-08 10:08:17,823 [om1-impl-thread1] INFO  server.RaftServer$Division (RaftServerImpl.java:start(392)) - om1@group-C5BA1605619E: start as a follower, conf=-1: peers:[om1|localhost:15042]|listeners:[], old=null
2024-01-08 10:08:17,823 [om1-impl-thread1] INFO  server.RaftServer$Division (RaftServerImpl.java:setRole(379)) - om1@group-C5BA1605619E: changes role from      null to FOLLOWER at term 0 for startAsFollower
2024-01-08 10:08:17,824 [om1-impl-thread1] INFO  impl.RoleInfo (RoleInfo.java:updateAndGet(139)) - om1: start om1@group-C5BA1605619E-FollowerState
2024-01-08 10:08:17,827 [om1@group-C5BA1605619E-FollowerState] INFO  server.RaftServerConfigKeys (ConfUtils.java:logFallback(53)) - raft.server.rpc.first-election.timeout.min = 1s (fallback to raft.server.rpc.timeout.min)
2024-01-08 10:08:17,827 [om1@group-C5BA1605619E-FollowerState] INFO  server.RaftServerConfigKeys (ConfUtils.java:logFallback(53)) - raft.server.rpc.first-election.timeout.max = 1200ms (fallback to raft.server.rpc.timeout.max)
2024-01-08 10:08:17,827 [om1-impl-thread1] ERROR util.JmxRegister (JmxRegister.java:tryRegister(40)) - Failed to register JMX Bean with name Ratis:service=RaftServer,group=group-C5BA1605619E,id=om1
javax.management.InstanceAlreadyExistsException: Ratis:service=RaftServer,group=group-C5BA1605619E,id=om1
	at com.sun.jmx.mbeanserver.Repository.addMBean(Repository.java:437)
	at com.sun.jmx.interceptor.DefaultMBeanServerInterceptor.registerWithRepository(DefaultMBeanServerInterceptor.java:1898)
	at com.sun.jmx.interceptor.DefaultMBeanServerInterceptor.registerDynamicMBean(DefaultMBeanServerInterceptor.java:966)
	at com.sun.jmx.interceptor.DefaultMBeanServerInterceptor.registerObject(DefaultMBeanServerInterceptor.java:900)
	at com.sun.jmx.interceptor.DefaultMBeanServerInterceptor.registerMBean(DefaultMBeanServerInterceptor.java:324)
	at com.sun.jmx.mbeanserver.JmxMBeanServer.registerMBean(JmxMBeanServer.java:522)
	at org.apache.ratis.util.JmxRegister.tryRegister(JmxRegister.java:38)
	at org.apache.ratis.util.JmxRegister.register(JmxRegister.java:56)
	at org.apache.ratis.server.impl.RaftServerImpl.registerMBean(RaftServerImpl.java:411)
	at org.apache.ratis.server.impl.RaftServerImpl.start(RaftServerImpl.java:402)
	at org.apache.ratis.util.ConcurrentUtils.accept(ConcurrentUtils.java:203)
	at org.apache.ratis.util.ConcurrentUtils.lambda$null$4(ConcurrentUtils.java:182)
	at java.util.concurrent.ThreadPoolExecutor.runWorker(ThreadPoolExecutor.java:1149)
	at java.util.concurrent.ThreadPoolExecutor$Worker.run(ThreadPoolExecutor.java:624)
	at java.lang.Thread.run(Thread.java:750)
2024-01-08 10:08:17,829 [om1-impl-thread1] INFO  util.JmxRegister (JmxRegister.java:tryRegister(44)) - Successfully registered JMX Bean with object name Ratis:service=RaftServer,group=group-C5BA1605619E,id="om1"
2024-01-08 10:08:17,829 [om1-impl-thread1] INFO  server.RaftServerConfigKeys (ConfUtils.java:logGet(46)) - raft.server.snapshot.trigger-when-stop.enabled = true (default)
2024-01-08 10:08:17,829 [om1-impl-thread1] INFO  server.RaftServerConfigKeys (ConfUtils.java:logGet(46)) - raft.server.snapshot.auto.trigger.enabled = true (custom)
2024-01-08 10:08:17,829 [om1-impl-thread1] INFO  server.RaftServerConfigKeys (ConfUtils.java:logGet(46)) - raft.server.snapshot.auto.trigger.threshold = 400000 (default)
2024-01-08 10:08:17,829 [om1-impl-thread1] INFO  server.RaftServerConfigKeys (ConfUtils.java:logGet(46)) - raft.server.snapshot.retention.file.num = -1 (default)
2024-01-08 10:08:17,829 [om1-impl-thread1] INFO  server.RaftServerConfigKeys (ConfUtils.java:logGet(46)) - raft.server.log.purge.upto.snapshot.index = true (custom)
2024-01-08 10:08:17,835 [Mini-Cluster-Provider-Create] INFO  server.RaftServer (RaftServerProxy.java:startImpl(406)) - om1: start RPC server
2024-01-08 10:08:17,838 [Mini-Cluster-Provider-Create] INFO  server.GrpcService (GrpcService.java:startImpl(302)) - om1: GrpcService started, listening on 15042
2024-01-08 10:08:17,843 [Mini-Cluster-Provider-Create] INFO  om.OzoneManager (OzoneManager.java:start(1645)) - Version File has different layout version (6) than OM DB (null). That is expected if this OM has never been finalized to a newer layout version.
2024-01-08 10:08:17,844 [JvmPauseMonitor6] INFO  util.JvmPauseMonitor (JvmPauseMonitor.java:run(146)) - JvmPauseMonitor-om1: Started
2024-01-08 10:08:17,885 [Mini-Cluster-Provider-Create] INFO  http.BaseHttpServer (BaseHttpServer.java:newHttpServer2BuilderForOzone(223)) - Starting Web-server for ozoneManager at: http://0.0.0.0:15040
2024-01-08 10:08:17,886 [Mini-Cluster-Provider-Create] INFO  http.BaseHttpServer (BaseHttpServer.java:<init>(110)) - Hadoop Security Enabled: false Ozone Security Enabled: false Ozone HTTP Security Enabled: false 
2024-01-08 10:08:17,886 [main] INFO  ozoneimpl.OzoneContainer (OzoneContainer.java:stop(463)) - Attempting to stop container services.
2024-01-08 10:08:17,887 [Mini-Cluster-Provider-Create] WARN  server.AuthenticationFilter (AuthenticationFilter.java:constructSecretProvider(240)) - Unable to initialize FileSignerSecretProvider, falling back to use random secrets. Reason: Could not read signature secret file: /home/runner/hadoop-http-auth-signature-secret
2024-01-08 10:08:17,892 [Mini-Cluster-Provider-Create] INFO  http.HttpRequestLog (HttpRequestLog.java:getRequestLog(86)) - Http request log for http.requests.ozoneManager is not defined
2024-01-08 10:08:17,892 [main] INFO  server.RaftServer (RaftServerProxy.java:lambda$close$9(416)) - b5f002a5-35f0-4e5a-a46f-90a89988a4c4: close
2024-01-08 10:08:17,893 [b5f002a5-35f0-4e5a-a46f-90a89988a4c4-impl-thread1] INFO  server.RaftServer$Division (RaftServerImpl.java:lambda$close$3(516)) - b5f002a5-35f0-4e5a-a46f-90a89988a4c4@group-A5F7B5452D65: shutdown
2024-01-08 10:08:17,893 [main] INFO  server.GrpcService (GrpcService.java:closeImpl(311)) - b5f002a5-35f0-4e5a-a46f-90a89988a4c4: shutdown server org.apache.ratis.grpc.server.GrpcClientProtocolService now
2024-01-08 10:08:17,893 [b5f002a5-35f0-4e5a-a46f-90a89988a4c4-impl-thread2] INFO  server.RaftServer$Division (RaftServerImpl.java:lambda$close$3(516)) - b5f002a5-35f0-4e5a-a46f-90a89988a4c4@group-D7A10CDB4DBC: shutdown
2024-01-08 10:08:17,894 [b5f002a5-35f0-4e5a-a46f-90a89988a4c4-impl-thread2] INFO  util.JmxRegister (JmxRegister.java:unregister(73)) - Successfully un-registered JMX Bean with object name Ratis:service=RaftServer,group=group-D7A10CDB4DBC,id=b5f002a5-35f0-4e5a-a46f-90a89988a4c4
2024-01-08 10:08:17,894 [Mini-Cluster-Provider-Create] INFO  http.HttpServer2 (HttpServer2.java:addGlobalFilter(1036)) - Added global filter 'safety' (class=org.apache.hadoop.hdds.server.http.HttpServer2$QuotingInputFilter)
2024-01-08 10:08:17,893 [b5f002a5-35f0-4e5a-a46f-90a89988a4c4-impl-thread1] INFO  util.JmxRegister (JmxRegister.java:unregister(73)) - Successfully un-registered JMX Bean with object name Ratis:service=RaftServer,group=group-A5F7B5452D65,id=b5f002a5-35f0-4e5a-a46f-90a89988a4c4
2024-01-08 10:08:17,895 [b5f002a5-35f0-4e5a-a46f-90a89988a4c4-impl-thread1] INFO  impl.RoleInfo (RoleInfo.java:shutdownFollowerState(110)) - b5f002a5-35f0-4e5a-a46f-90a89988a4c4: shutdown b5f002a5-35f0-4e5a-a46f-90a89988a4c4@group-A5F7B5452D65-FollowerState
2024-01-08 10:08:17,895 [b5f002a5-35f0-4e5a-a46f-90a89988a4c4-impl-thread1] INFO  impl.StateMachineUpdater (StateMachineUpdater.java:stopAndJoin(157)) - b5f002a5-35f0-4e5a-a46f-90a89988a4c4@group-A5F7B5452D65-StateMachineUpdater: set stopIndex = -1
2024-01-08 10:08:17,894 [b5f002a5-35f0-4e5a-a46f-90a89988a4c4-impl-thread2] INFO  impl.RoleInfo (RoleInfo.java:shutdownLeaderState(94)) - b5f002a5-35f0-4e5a-a46f-90a89988a4c4: shutdown b5f002a5-35f0-4e5a-a46f-90a89988a4c4@group-D7A10CDB4DBC-LeaderStateImpl
2024-01-08 10:08:17,903 [b5f002a5-35f0-4e5a-a46f-90a89988a4c4-impl-thread2] INFO  impl.PendingRequests (PendingRequests.java:sendNotLeaderResponses(289)) - b5f002a5-35f0-4e5a-a46f-90a89988a4c4@group-D7A10CDB4DBC-PendingRequests: sendNotLeaderResponses
2024-01-08 10:08:17,903 [Mini-Cluster-Provider-Create] INFO  http.HttpServer2 (HttpServer2.java:addFilter(1012)) - Added filter static_user_filter (class=org.apache.hadoop.http.lib.StaticUserWebFilter$StaticUserFilter) to context ozoneManager
2024-01-08 10:08:17,904 [Mini-Cluster-Provider-Create] INFO  http.HttpServer2 (HttpServer2.java:addFilter(1020)) - Added filter static_user_filter (class=org.apache.hadoop.http.lib.StaticUserWebFilter$StaticUserFilter) to context static
2024-01-08 10:08:17,904 [Mini-Cluster-Provider-Create] INFO  http.HttpServer2 (HttpServer2.java:addFilter(1020)) - Added filter static_user_filter (class=org.apache.hadoop.http.lib.StaticUserWebFilter$StaticUserFilter) to context logs
2024-01-08 10:08:17,904 [Mini-Cluster-Provider-Create] INFO  http.BaseHttpServer (BaseHttpServer.java:<init>(189)) - HTTP server of ozoneManager uses base directory /home/runner/work/ozone/ozone/hadoop-ozone/integration-test/target/test-dir/MiniOzoneClusterImpl-fb8bf8f7-2439-41c0-942a-a4029f90a766/ozone-meta/webserver
2024-01-08 10:08:17,904 [Mini-Cluster-Provider-Create] INFO  http.HttpServer2 (HttpServer2.java:bindListener(1236)) - Jetty bound to port 15040
2024-01-08 10:08:17,904 [Mini-Cluster-Provider-Create] INFO  server.Server (Server.java:doStart(375)) - jetty-9.4.53.v20231009; built: 2023-10-09T12:29:09.265Z; git: 27bde00a0b95a1d5bbee0eae7984f891d2d0f8c9; jvm 1.8.0_392-b08
2024-01-08 10:08:17,905 [b5f002a5-35f0-4e5a-a46f-90a89988a4c4@group-D7A10CDB4DBC-StateMachineUpdater] INFO  ratis.ContainerStateMachine (ContainerStateMachine.java:takeSnapshot(355)) - group-D7A10CDB4DBC: Taking a snapshot at:(t:1, i:0) file /home/runner/work/ozone/ozone/hadoop-ozone/integration-test/target/test-dir/MiniOzoneClusterImpl-d16d6234-9da8-43a0-bd28-723006ad2f80/datanode-0/data/ratis/99fbbfd3-cdd8-4020-a2f1-d7a10cdb4dbc/sm/snapshot.1_0
2024-01-08 10:08:17,915 [b5f002a5-35f0-4e5a-a46f-90a89988a4c4-impl-thread3] INFO  server.RaftServer$Division (RaftServerImpl.java:lambda$close$3(516)) - b5f002a5-35f0-4e5a-a46f-90a89988a4c4@group-538E3B61F6E1: shutdown
2024-01-08 10:08:17,915 [b5f002a5-35f0-4e5a-a46f-90a89988a4c4-impl-thread3] INFO  util.JmxRegister (JmxRegister.java:unregister(73)) - Successfully un-registered JMX Bean with object name Ratis:service=RaftServer,group=group-538E3B61F6E1,id=b5f002a5-35f0-4e5a-a46f-90a89988a4c4
2024-01-08 10:08:17,915 [b5f002a5-35f0-4e5a-a46f-90a89988a4c4-impl-thread3] INFO  impl.RoleInfo (RoleInfo.java:shutdownLeaderState(94)) - b5f002a5-35f0-4e5a-a46f-90a89988a4c4: shutdown b5f002a5-35f0-4e5a-a46f-90a89988a4c4@group-538E3B61F6E1-LeaderStateImpl
2024-01-08 10:08:17,927 [Mini-Cluster-Provider-Create] INFO  server.session (DefaultSessionIdManager.java:doStart(334)) - DefaultSessionIdManager workerName=node0
2024-01-08 10:08:17,927 [Mini-Cluster-Provider-Create] INFO  server.session (DefaultSessionIdManager.java:doStart(339)) - No SessionScavenger set, using defaults
2024-01-08 10:08:17,928 [Mini-Cluster-Provider-Create] INFO  server.session (HouseKeeper.java:startScavenging(132)) - node0 Scavenging every 660000ms
2024-01-08 10:08:17,928 [Mini-Cluster-Provider-Create] INFO  handler.ContextHandler (ContextHandler.java:doStart(921)) - Started o.e.j.s.ServletContextHandler@36a0e092{logs,/logs,file:///home/runner/work/ozone/ozone/hadoop-ozone/integration-test/target/log,AVAILABLE}
2024-01-08 10:08:17,929 [Mini-Cluster-Provider-Create] INFO  handler.ContextHandler (ContextHandler.java:doStart(921)) - Started o.e.j.s.ServletContextHandler@68dba08a{static,/static,file:///home/runner/work/ozone/ozone/hadoop-ozone/integration-test/target/test-classes/webapps/static,AVAILABLE}
2024-01-08 10:08:17,932 [Mini-Cluster-Provider-Create] INFO  handler.ContextHandler (ContextHandler.java:doStart(921)) - Started o.e.j.w.WebAppContext@7d32844a{ozoneManager,/,file:///home/runner/work/ozone/ozone/hadoop-ozone/integration-test/target/test-classes/webapps/ozoneManager/,AVAILABLE}{file:/home/runner/work/ozone/ozone/hadoop-ozone/integration-test/target/test-classes/webapps/ozoneManager}
2024-01-08 10:08:17,936 [b5f002a5-35f0-4e5a-a46f-90a89988a4c4@group-A5F7B5452D65-FollowerState] INFO  impl.FollowerState (FollowerState.java:run(152)) - b5f002a5-35f0-4e5a-a46f-90a89988a4c4@group-A5F7B5452D65-FollowerState was interrupted
2024-01-08 10:08:17,936 [b5f002a5-35f0-4e5a-a46f-90a89988a4c4@group-538E3B61F6E1->216a7f9c-aee1-4f98-a365-89228e2ed43b-GrpcLogAppender-LogAppenderDaemon] WARN  server.GrpcLogAppender (GrpcLogAppender.java:mayWait(212)) - b5f002a5-35f0-4e5a-a46f-90a89988a4c4@group-538E3B61F6E1->216a7f9c-aee1-4f98-a365-89228e2ed43b-GrpcLogAppender: Wait interrupted by java.lang.InterruptedException
2024-01-08 10:08:17,939 [Thread-459] INFO  server.GrpcServerProtocolClient (GrpcServerProtocolClient.java:close(103)) - 216a7f9c-aee1-4f98-a365-89228e2ed43b Close channels
2024-01-08 10:08:17,939 [Thread-460] INFO  server.GrpcServerProtocolClient (GrpcServerProtocolClient.java:close(103)) - bba1c53a-a6f8-4b7f-a0a1-8d65da7b011f Close channels
2024-01-08 10:08:17,905 [b5f002a5-35f0-4e5a-a46f-90a89988a4c4-impl-thread2] INFO  impl.StateMachineUpdater (StateMachineUpdater.java:stopAndJoin(157)) - b5f002a5-35f0-4e5a-a46f-90a89988a4c4@group-D7A10CDB4DBC-StateMachineUpdater: set stopIndex = 0
2024-01-08 10:08:17,940 [b5f002a5-35f0-4e5a-a46f-90a89988a4c4-impl-thread1] INFO  server.RaftServer$Division (ServerState.java:close(423)) - b5f002a5-35f0-4e5a-a46f-90a89988a4c4@group-A5F7B5452D65: applyIndex: -1
2024-01-08 10:08:17,941 [b5f002a5-35f0-4e5a-a46f-90a89988a4c4@group-A5F7B5452D65-cacheEviction-AwaitToRun] INFO  util.AwaitToRun (AwaitToRun.java:run(49)) - b5f002a5-35f0-4e5a-a46f-90a89988a4c4@group-A5F7B5452D65-cacheEviction-AwaitToRun-AwaitForSignal is interrupted
2024-01-08 10:08:17,942 [grpc-default-executor-4] INFO  server.GrpcServerProtocolService (GrpcServerProtocolService.java:onCompleted(157)) - 216a7f9c-aee1-4f98-a365-89228e2ed43b: Completed APPEND_ENTRIES, lastRequest: b5f002a5-35f0-4e5a-a46f-90a89988a4c4->216a7f9c-aee1-4f98-a365-89228e2ed43b#1-t1,previous=(t:0, i:0),leaderCommit=-1,initializing? true,entries: size=1, first=(t:1, i:0), CONFIGURATIONENTRY(current:id: "b5f002a5-35f0-4e5a-a46f-90a89988a4c4"
address: "10.1.0.19:15014"
priority: 1
dataStreamAddress: "10.1.0.19:15015"
clientAddress: "10.1.0.19:15012"
adminAddress: "10.1.0.19:15013"
startupRole: FOLLOWER
,id: "216a7f9c-aee1-4f98-a365-89228e2ed43b"
address: "10.1.0.19:15032"
dataStreamAddress: "10.1.0.19:15033"
clientAddress: "10.1.0.19:15030"
adminAddress: "10.1.0.19:15031"
startupRole: FOLLOWER
,id: "bba1c53a-a6f8-4b7f-a0a1-8d65da7b011f"
address: "10.1.0.19:15023"
dataStreamAddress: "10.1.0.19:15024"
clientAddress: "10.1.0.19:15021"
adminAddress: "10.1.0.19:15022"
startupRole: FOLLOWER
, old:)
2024-01-08 10:08:17,944 [grpc-default-executor-4] INFO  server.GrpcServerProtocolService (GrpcServerProtocolService.java:lambda$onCompleted$5(159)) - 216a7f9c-aee1-4f98-a365-89228e2ed43b: Completed APPEND_ENTRIES, lastReply: null
2024-01-08 10:08:17,936 [b5f002a5-35f0-4e5a-a46f-90a89988a4c4-impl-thread3] INFO  impl.PendingRequests (PendingRequests.java:sendNotLeaderResponses(289)) - b5f002a5-35f0-4e5a-a46f-90a89988a4c4@group-538E3B61F6E1-PendingRequests: sendNotLeaderResponses
2024-01-08 10:08:17,939 [b5f002a5-35f0-4e5a-a46f-90a89988a4c4@group-538E3B61F6E1->bba1c53a-a6f8-4b7f-a0a1-8d65da7b011f-GrpcLogAppender-LogAppenderDaemon] WARN  server.GrpcLogAppender (GrpcLogAppender.java:mayWait(212)) - b5f002a5-35f0-4e5a-a46f-90a89988a4c4@group-538E3B61F6E1->bba1c53a-a6f8-4b7f-a0a1-8d65da7b011f-GrpcLogAppender: Wait interrupted by java.lang.InterruptedException
2024-01-08 10:08:17,946 [Mini-Cluster-Provider-Create] INFO  server.AbstractConnector (AbstractConnector.java:doStart(333)) - Started ServerConnector@fb284a2{HTTP/1.1, (http/1.1)}{0.0.0.0:15040}
2024-01-08 10:08:17,946 [b5f002a5-35f0-4e5a-a46f-90a89988a4c4-impl-thread3] INFO  impl.StateMachineUpdater (StateMachineUpdater.java:stopAndJoin(157)) - b5f002a5-35f0-4e5a-a46f-90a89988a4c4@group-538E3B61F6E1-StateMachineUpdater: set stopIndex = 0
2024-01-08 10:08:17,946 [Mini-Cluster-Provider-Create] INFO  server.Server (Server.java:doStart(415)) - Started @19761ms
2024-01-08 10:08:17,946 [Mini-Cluster-Provider-Create] WARN  impl.MetricsSystemImpl (MetricsSystemImpl.java:register(279)) - Sink prometheus already exists!
2024-01-08 10:08:17,946 [grpc-default-executor-4] INFO  server.GrpcLogAppender (GrpcLogAppender.java:onCompleted(469)) - b5f002a5-35f0-4e5a-a46f-90a89988a4c4@group-538E3B61F6E1->216a7f9c-aee1-4f98-a365-89228e2ed43b-AppendLogResponseHandler: follower responses appendEntries COMPLETED
2024-01-08 10:08:17,946 [grpc-default-executor-4] WARN  server.GrpcLogAppender (GrpcLogAppender.java:resetClient(149)) - b5f002a5-35f0-4e5a-a46f-90a89988a4c4@group-538E3B61F6E1->216a7f9c-aee1-4f98-a365-89228e2ed43b-GrpcLogAppender: Failed to getClient for 216a7f9c-aee1-4f98-a365-89228e2ed43b
org.apache.ratis.protocol.exceptions.AlreadyClosedException: b5f002a5-35f0-4e5a-a46f-90a89988a4c4 is already CLOSED
	at org.apache.ratis.util.PeerProxyMap$PeerAndProxy.getProxy(PeerProxyMap.java:61)
	at org.apache.ratis.util.PeerProxyMap.getProxy(PeerProxyMap.java:110)
	at org.apache.ratis.grpc.server.GrpcLogAppender.getClient(GrpcLogAppender.java:121)
	at org.apache.ratis.grpc.server.GrpcLogAppender.resetClient(GrpcLogAppender.java:126)
	at org.apache.ratis.grpc.server.GrpcLogAppender.access$800(GrpcLogAppender.java:61)
	at org.apache.ratis.grpc.server.GrpcLogAppender$AppendLogResponseHandler.onCompleted(GrpcLogAppender.java:471)
	at org.apache.ratis.thirdparty.io.grpc.stub.ClientCalls$StreamObserverToCallListenerAdapter.onClose(ClientCalls.java:479)
	at org.apache.ratis.thirdparty.io.grpc.internal.ClientCallImpl.closeObserver(ClientCallImpl.java:567)
	at org.apache.ratis.thirdparty.io.grpc.internal.ClientCallImpl.access$300(ClientCallImpl.java:71)
	at org.apache.ratis.thirdparty.io.grpc.internal.ClientCallImpl$ClientStreamListenerImpl$1StreamClosed.runInternal(ClientCallImpl.java:735)
	at org.apache.ratis.thirdparty.io.grpc.internal.ClientCallImpl$ClientStreamListenerImpl$1StreamClosed.runInContext(ClientCallImpl.java:716)
	at org.apache.ratis.thirdparty.io.grpc.internal.ContextRunnable.run(ContextRunnable.java:37)
	at org.apache.ratis.thirdparty.io.grpc.internal.SerializingExecutor.run(SerializingExecutor.java:133)
	at java.util.concurrent.ThreadPoolExecutor.runWorker(ThreadPoolExecutor.java:1149)
	at java.util.concurrent.ThreadPoolExecutor$Worker.run(ThreadPoolExecutor.java:624)
	at java.lang.Thread.run(Thread.java:750)
2024-01-08 10:08:17,943 [grpc-default-executor-1] INFO  server.GrpcServerProtocolService (GrpcServerProtocolService.java:onCompleted(157)) - 216a7f9c-aee1-4f98-a365-89228e2ed43b: Completed APPEND_ENTRIES, lastRequest: null
2024-01-08 10:08:17,947 [grpc-default-executor-3] INFO  server.GrpcServerProtocolService (GrpcServerProtocolService.java:onCompleted(157)) - bba1c53a-a6f8-4b7f-a0a1-8d65da7b011f: Completed APPEND_ENTRIES, lastRequest: null
2024-01-08 10:08:17,946 [b5f002a5-35f0-4e5a-a46f-90a89988a4c4@group-538E3B61F6E1-StateMachineUpdater] INFO  ratis.ContainerStateMachine (ContainerStateMachine.java:takeSnapshot(355)) - group-538E3B61F6E1: Taking a snapshot at:(t:1, i:0) file /home/runner/work/ozone/ozone/hadoop-ozone/integration-test/target/test-dir/MiniOzoneClusterImpl-d16d6234-9da8-43a0-bd28-723006ad2f80/datanode-0/data/ratis/9d517986-09af-4c0d-8bf4-538e3b61f6e1/sm/snapshot.1_0
2024-01-08 10:08:17,947 [Mini-Cluster-Provider-Create] INFO  http.BaseHttpServer (BaseHttpServer.java:updateConnectorAddress(354)) - HTTP server of ozoneManager listening at http://0.0.0.0:15040
2024-01-08 10:08:17,948 [grpc-default-executor-4] INFO  server.GrpcServerProtocolService (GrpcServerProtocolService.java:onCompleted(157)) - bba1c53a-a6f8-4b7f-a0a1-8d65da7b011f: Completed APPEND_ENTRIES, lastRequest: b5f002a5-35f0-4e5a-a46f-90a89988a4c4->bba1c53a-a6f8-4b7f-a0a1-8d65da7b011f#1-t1,previous=(t:0, i:0),leaderCommit=-1,initializing? true,entries: size=1, first=(t:1, i:0), CONFIGURATIONENTRY(current:id: "b5f002a5-35f0-4e5a-a46f-90a89988a4c4"
address: "10.1.0.19:15014"
priority: 1
dataStreamAddress: "10.1.0.19:15015"
clientAddress: "10.1.0.19:15012"
adminAddress: "10.1.0.19:15013"
startupRole: FOLLOWER
,id: "216a7f9c-aee1-4f98-a365-89228e2ed43b"
address: "10.1.0.19:15032"
dataStreamAddress: "10.1.0.19:15033"
clientAddress: "10.1.0.19:15030"
adminAddress: "10.1.0.19:15031"
startupRole: FOLLOWER
,id: "bba1c53a-a6f8-4b7f-a0a1-8d65da7b011f"
address: "10.1.0.19:15023"
dataStreamAddress: "10.1.0.19:15024"
clientAddress: "10.1.0.19:15021"
adminAddress: "10.1.0.19:15022"
startupRole: FOLLOWER
, old:)
2024-01-08 10:08:17,948 [grpc-default-executor-4] INFO  server.GrpcServerProtocolService (GrpcServerProtocolService.java:lambda$onCompleted$5(159)) - bba1c53a-a6f8-4b7f-a0a1-8d65da7b011f: Completed APPEND_ENTRIES, lastReply: null
2024-01-08 10:08:17,948 [grpc-default-executor-2] INFO  server.GrpcLogAppender (GrpcLogAppender.java:onCompleted(469)) - b5f002a5-35f0-4e5a-a46f-90a89988a4c4@group-538E3B61F6E1->bba1c53a-a6f8-4b7f-a0a1-8d65da7b011f-AppendLogResponseHandler: follower responses appendEntries COMPLETED
2024-01-08 10:08:17,949 [grpc-default-executor-2] WARN  server.GrpcLogAppender (GrpcLogAppender.java:resetClient(149)) - b5f002a5-35f0-4e5a-a46f-90a89988a4c4@group-538E3B61F6E1->bba1c53a-a6f8-4b7f-a0a1-8d65da7b011f-GrpcLogAppender: Failed to getClient for bba1c53a-a6f8-4b7f-a0a1-8d65da7b011f
org.apache.ratis.protocol.exceptions.AlreadyClosedException: b5f002a5-35f0-4e5a-a46f-90a89988a4c4 is already CLOSED
	at org.apache.ratis.util.PeerProxyMap$PeerAndProxy.getProxy(PeerProxyMap.java:61)
	at org.apache.ratis.util.PeerProxyMap.getProxy(PeerProxyMap.java:110)
	at org.apache.ratis.grpc.server.GrpcLogAppender.getClient(GrpcLogAppender.java:121)
	at org.apache.ratis.grpc.server.GrpcLogAppender.resetClient(GrpcLogAppender.java:126)
	at org.apache.ratis.grpc.server.GrpcLogAppender.access$800(GrpcLogAppender.java:61)
	at org.apache.ratis.grpc.server.GrpcLogAppender$AppendLogResponseHandler.onCompleted(GrpcLogAppender.java:471)
	at org.apache.ratis.thirdparty.io.grpc.stub.ClientCalls$StreamObserverToCallListenerAdapter.onClose(ClientCalls.java:479)
	at org.apache.ratis.thirdparty.io.grpc.internal.ClientCallImpl.closeObserver(ClientCallImpl.java:567)
	at org.apache.ratis.thirdparty.io.grpc.internal.ClientCallImpl.access$300(ClientCallImpl.java:71)
	at org.apache.ratis.thirdparty.io.grpc.internal.ClientCallImpl$ClientStreamListenerImpl$1StreamClosed.runInternal(ClientCallImpl.java:735)
	at org.apache.ratis.thirdparty.io.grpc.internal.ClientCallImpl$ClientStreamListenerImpl$1StreamClosed.runInContext(ClientCallImpl.java:716)
	at org.apache.ratis.thirdparty.io.grpc.internal.ContextRunnable.run(ContextRunnable.java:37)
	at org.apache.ratis.thirdparty.io.grpc.internal.SerializingExecutor.run(SerializingExecutor.java:133)
	at java.util.concurrent.ThreadPoolExecutor.runWorker(ThreadPoolExecutor.java:1149)
	at java.util.concurrent.ThreadPoolExecutor$Worker.run(ThreadPoolExecutor.java:624)
	at java.lang.Thread.run(Thread.java:750)
2024-01-08 10:08:17,950 [IPC Server Responder] INFO  ipc.Server (Server.java:run(1562)) - IPC Server Responder: starting
2024-01-08 10:08:17,950 [IPC Server listener on 15039] INFO  ipc.Server (Server.java:run(1402)) - IPC Server listener on 15039: starting
2024-01-08 10:08:17,952 [Mini-Cluster-Provider-Create] INFO  om.OzoneManager (OzoneManager.java:startTrashEmptier(2094)) - Trash Interval set to 0. Files deleted won't move to trash
2024-01-08 10:08:17,954 [grpc-default-executor-1] INFO  server.GrpcServerProtocolService (GrpcServerProtocolService.java:lambda$onCompleted$5(159)) - 216a7f9c-aee1-4f98-a365-89228e2ed43b: Completed APPEND_ENTRIES, lastReply: serverReply {
  requestorId: "b5f002a5-35f0-4e5a-a46f-90a89988a4c4"
  replyId: "216a7f9c-aee1-4f98-a365-89228e2ed43b"
  raftGroupId {
    id: "\235Qy\206\t\257L\r\213\364S\216;a\366\341"
  }
  success: true
}
term: 1
followerCommit: 18446744073709551615
matchIndex: 18446744073709551615
isHearbeat: true

2024-01-08 10:08:17,954 [grpc-default-executor-3] INFO  server.GrpcServerProtocolService (GrpcServerProtocolService.java:lambda$onCompleted$5(159)) - bba1c53a-a6f8-4b7f-a0a1-8d65da7b011f: Completed APPEND_ENTRIES, lastReply: serverReply {
  requestorId: "b5f002a5-35f0-4e5a-a46f-90a89988a4c4"
  replyId: "bba1c53a-a6f8-4b7f-a0a1-8d65da7b011f"
  raftGroupId {
    id: "\235Qy\206\t\257L\r\213\364S\216;a\366\341"
  }
  success: true
}
term: 1
followerCommit: 18446744073709551615
matchIndex: 18446744073709551615
isHearbeat: true

2024-01-08 10:08:17,954 [b5f002a5-35f0-4e5a-a46f-90a89988a4c4@group-538E3B61F6E1-StateMachineUpdater] INFO  ratis.ContainerStateMachine (ContainerStateMachine.java:takeSnapshot(366)) - group-538E3B61F6E1: Finished taking a snapshot at:(t:1, i:0) file:/home/runner/work/ozone/ozone/hadoop-ozone/integration-test/target/test-dir/MiniOzoneClusterImpl-d16d6234-9da8-43a0-bd28-723006ad2f80/datanode-0/data/ratis/9d517986-09af-4c0d-8bf4-538e3b61f6e1/sm/snapshot.1_0 took: 8 ms
2024-01-08 10:08:17,963 [b5f002a5-35f0-4e5a-a46f-90a89988a4c4@group-538E3B61F6E1-StateMachineUpdater] INFO  impl.StateMachineUpdater (StateMachineUpdater.java:takeSnapshot(295)) - b5f002a5-35f0-4e5a-a46f-90a89988a4c4@group-538E3B61F6E1-StateMachineUpdater: Took a snapshot at index 0
2024-01-08 10:08:17,963 [b5f002a5-35f0-4e5a-a46f-90a89988a4c4@group-538E3B61F6E1-StateMachineUpdater] INFO  impl.StateMachineUpdater (StateMachineUpdater.java:lambda$new$0(98)) - b5f002a5-35f0-4e5a-a46f-90a89988a4c4@group-538E3B61F6E1-StateMachineUpdater: snapshotIndex: updateIncreasingly -1 -> 0
2024-01-08 10:08:17,955 [b5f002a5-35f0-4e5a-a46f-90a89988a4c4@group-D7A10CDB4DBC-StateMachineUpdater] INFO  ratis.ContainerStateMachine (ContainerStateMachine.java:takeSnapshot(366)) - group-D7A10CDB4DBC: Finished taking a snapshot at:(t:1, i:0) file:/home/runner/work/ozone/ozone/hadoop-ozone/integration-test/target/test-dir/MiniOzoneClusterImpl-d16d6234-9da8-43a0-bd28-723006ad2f80/datanode-0/data/ratis/99fbbfd3-cdd8-4020-a2f1-d7a10cdb4dbc/sm/snapshot.1_0 took: 50 ms
2024-01-08 10:08:17,959 [grpc-default-executor-3] INFO  server.GrpcLogAppender (GrpcLogAppender.java:onCompleted(469)) - b5f002a5-35f0-4e5a-a46f-90a89988a4c4@group-538E3B61F6E1->bba1c53a-a6f8-4b7f-a0a1-8d65da7b011f-AppendLogResponseHandler: follower responses appendEntries COMPLETED
2024-01-08 10:08:17,967 [main] INFO  server.GrpcService (GrpcService.java:closeImpl(320)) - b5f002a5-35f0-4e5a-a46f-90a89988a4c4: shutdown server org.apache.ratis.grpc.server.GrpcClientProtocolService successfully
2024-01-08 10:08:17,968 [main] INFO  server.GrpcService (GrpcService.java:closeImpl(311)) - b5f002a5-35f0-4e5a-a46f-90a89988a4c4: shutdown server GrpcServerProtocolService now
2024-01-08 10:08:17,965 [grpc-default-executor-1] INFO  server.GrpcLogAppender (GrpcLogAppender.java:onCompleted(469)) - b5f002a5-35f0-4e5a-a46f-90a89988a4c4@group-538E3B61F6E1->216a7f9c-aee1-4f98-a365-89228e2ed43b-AppendLogResponseHandler: follower responses appendEntries COMPLETED
2024-01-08 10:08:17,968 [grpc-default-executor-1] WARN  server.GrpcLogAppender (GrpcLogAppender.java:resetClient(149)) - b5f002a5-35f0-4e5a-a46f-90a89988a4c4@group-538E3B61F6E1->216a7f9c-aee1-4f98-a365-89228e2ed43b-GrpcLogAppender: Failed to getClient for 216a7f9c-aee1-4f98-a365-89228e2ed43b
org.apache.ratis.protocol.exceptions.AlreadyClosedException: b5f002a5-35f0-4e5a-a46f-90a89988a4c4 is already CLOSED
	at org.apache.ratis.util.PeerProxyMap$PeerAndProxy.getProxy(PeerProxyMap.java:61)
	at org.apache.ratis.util.PeerProxyMap.getProxy(PeerProxyMap.java:110)
	at org.apache.ratis.grpc.server.GrpcLogAppender.getClient(GrpcLogAppender.java:121)
	at org.apache.ratis.grpc.server.GrpcLogAppender.resetClient(GrpcLogAppender.java:126)
	at org.apache.ratis.grpc.server.GrpcLogAppender.access$800(GrpcLogAppender.java:61)
	at org.apache.ratis.grpc.server.GrpcLogAppender$AppendLogResponseHandler.onCompleted(GrpcLogAppender.java:471)
	at org.apache.ratis.thirdparty.io.grpc.stub.ClientCalls$StreamObserverToCallListenerAdapter.onClose(ClientCalls.java:479)
	at org.apache.ratis.thirdparty.io.grpc.internal.DelayedClientCall$DelayedListener$3.run(DelayedClientCall.java:489)
	at org.apache.ratis.thirdparty.io.grpc.internal.DelayedClientCall$DelayedListener.delayOrExecute(DelayedClientCall.java:453)
	at org.apache.ratis.thirdparty.io.grpc.internal.DelayedClientCall$DelayedListener.onClose(DelayedClientCall.java:486)
	at org.apache.ratis.thirdparty.io.grpc.internal.ClientCallImpl.closeObserver(ClientCallImpl.java:567)
	at org.apache.ratis.thirdparty.io.grpc.internal.ClientCallImpl.access$300(ClientCallImpl.java:71)
	at org.apache.ratis.thirdparty.io.grpc.internal.ClientCallImpl$ClientStreamListenerImpl$1StreamClosed.runInternal(ClientCallImpl.java:735)
	at org.apache.ratis.thirdparty.io.grpc.internal.ClientCallImpl$ClientStreamListenerImpl$1StreamClosed.runInContext(ClientCallImpl.java:716)
	at org.apache.ratis.thirdparty.io.grpc.internal.ContextRunnable.run(ContextRunnable.java:37)
	at org.apache.ratis.thirdparty.io.grpc.internal.SerializingExecutor.run(SerializingExecutor.java:133)
	at java.util.concurrent.ThreadPoolExecutor.runWorker(ThreadPoolExecutor.java:1149)
	at java.util.concurrent.ThreadPoolExecutor$Worker.run(ThreadPoolExecutor.java:624)
	at java.lang.Thread.run(Thread.java:750)
2024-01-08 10:08:17,965 [b5f002a5-35f0-4e5a-a46f-90a89988a4c4-impl-thread3] INFO  server.RaftServer$Division (ServerState.java:close(423)) - b5f002a5-35f0-4e5a-a46f-90a89988a4c4@group-538E3B61F6E1: applyIndex: 0
2024-01-08 10:08:17,968 [grpc-default-executor-3] WARN  server.GrpcLogAppender (GrpcLogAppender.java:resetClient(149)) - b5f002a5-35f0-4e5a-a46f-90a89988a4c4@group-538E3B61F6E1->bba1c53a-a6f8-4b7f-a0a1-8d65da7b011f-GrpcLogAppender: Failed to getClient for bba1c53a-a6f8-4b7f-a0a1-8d65da7b011f
org.apache.ratis.protocol.exceptions.AlreadyClosedException: b5f002a5-35f0-4e5a-a46f-90a89988a4c4 is already CLOSED
	at org.apache.ratis.util.PeerProxyMap$PeerAndProxy.getProxy(PeerProxyMap.java:61)
	at org.apache.ratis.util.PeerProxyMap.getProxy(PeerProxyMap.java:110)
	at org.apache.ratis.grpc.server.GrpcLogAppender.getClient(GrpcLogAppender.java:121)
	at org.apache.ratis.grpc.server.GrpcLogAppender.resetClient(GrpcLogAppender.java:126)
	at org.apache.ratis.grpc.server.GrpcLogAppender.access$800(GrpcLogAppender.java:61)
	at org.apache.ratis.grpc.server.GrpcLogAppender$AppendLogResponseHandler.onCompleted(GrpcLogAppender.java:471)
	at org.apache.ratis.thirdparty.io.grpc.stub.ClientCalls$StreamObserverToCallListenerAdapter.onClose(ClientCalls.java:479)
	at org.apache.ratis.thirdparty.io.grpc.internal.ClientCallImpl.closeObserver(ClientCallImpl.java:567)
	at org.apache.ratis.thirdparty.io.grpc.internal.ClientCallImpl.access$300(ClientCallImpl.java:71)
	at org.apache.ratis.thirdparty.io.grpc.internal.ClientCallImpl$ClientStreamListenerImpl$1StreamClosed.runInternal(ClientCallImpl.java:735)
	at org.apache.ratis.thirdparty.io.grpc.internal.ClientCallImpl$ClientStreamListenerImpl$1StreamClosed.runInContext(ClientCallImpl.java:716)
	at org.apache.ratis.thirdparty.io.grpc.internal.ContextRunnable.run(ContextRunnable.java:37)
	at org.apache.ratis.thirdparty.io.grpc.internal.SerializingExecutor.run(SerializingExecutor.java:133)
	at java.util.concurrent.ThreadPoolExecutor.runWorker(ThreadPoolExecutor.java:1149)
	at java.util.concurrent.ThreadPoolExecutor$Worker.run(ThreadPoolExecutor.java:624)
	at java.lang.Thread.run(Thread.java:750)
2024-01-08 10:08:17,968 [b5f002a5-35f0-4e5a-a46f-90a89988a4c4@group-D7A10CDB4DBC-StateMachineUpdater] INFO  impl.StateMachineUpdater (StateMachineUpdater.java:takeSnapshot(295)) - b5f002a5-35f0-4e5a-a46f-90a89988a4c4@group-D7A10CDB4DBC-StateMachineUpdater: Took a snapshot at index 0
2024-01-08 10:08:17,969 [b5f002a5-35f0-4e5a-a46f-90a89988a4c4@group-D7A10CDB4DBC-StateMachineUpdater] INFO  impl.StateMachineUpdater (StateMachineUpdater.java:lambda$new$0(98)) - b5f002a5-35f0-4e5a-a46f-90a89988a4c4@group-D7A10CDB4DBC-StateMachineUpdater: snapshotIndex: updateIncreasingly -1 -> 0
2024-01-08 10:08:17,969 [b5f002a5-35f0-4e5a-a46f-90a89988a4c4-impl-thread2] INFO  server.RaftServer$Division (ServerState.java:close(423)) - b5f002a5-35f0-4e5a-a46f-90a89988a4c4@group-D7A10CDB4DBC: applyIndex: 0
2024-01-08 10:08:17,972 [b5f002a5-35f0-4e5a-a46f-90a89988a4c4@group-D7A10CDB4DBC-cacheEviction-AwaitToRun] INFO  util.AwaitToRun (AwaitToRun.java:run(49)) - b5f002a5-35f0-4e5a-a46f-90a89988a4c4@group-D7A10CDB4DBC-cacheEviction-AwaitToRun-AwaitForSignal is interrupted
2024-01-08 10:08:17,972 [b5f002a5-35f0-4e5a-a46f-90a89988a4c4@group-538E3B61F6E1-cacheEviction-AwaitToRun] INFO  util.AwaitToRun (AwaitToRun.java:run(49)) - b5f002a5-35f0-4e5a-a46f-90a89988a4c4@group-538E3B61F6E1-cacheEviction-AwaitToRun-AwaitForSignal is interrupted
2024-01-08 10:08:17,976 [grpc-default-executor-4] WARN  server.GrpcLogAppender (LogUtils.java:warn(121)) - bba1c53a-a6f8-4b7f-a0a1-8d65da7b011f@group-A5F7B5452D65->b5f002a5-35f0-4e5a-a46f-90a89988a4c4-AppendLogResponseHandler: Failed appendEntries: org.apache.ratis.thirdparty.io.grpc.StatusRuntimeException: CANCELLED: RST_STREAM closed stream. HTTP/2 error code: CANCEL
2024-01-08 10:08:17,976 [main] INFO  server.GrpcService (GrpcService.java:closeImpl(320)) - b5f002a5-35f0-4e5a-a46f-90a89988a4c4: shutdown server GrpcServerProtocolService successfully
2024-01-08 10:08:17,977 [main] INFO  server.GrpcService (GrpcService.java:closeImpl(311)) - b5f002a5-35f0-4e5a-a46f-90a89988a4c4: shutdown server org.apache.ratis.grpc.server.GrpcAdminProtocolService now
2024-01-08 10:08:17,977 [grpc-default-executor-2] WARN  server.GrpcLogAppender (LogUtils.java:warn(121)) - bba1c53a-a6f8-4b7f-a0a1-8d65da7b011f@group-A5F7B5452D65->b5f002a5-35f0-4e5a-a46f-90a89988a4c4-AppendLogResponseHandler: Failed appendEntries: org.apache.ratis.thirdparty.io.grpc.StatusRuntimeException: CANCELLED: RST_STREAM closed stream. HTTP/2 error code: CANCEL
2024-01-08 10:08:17,977 [grpc-default-executor-4] WARN  server.GrpcLogAppender (GrpcLogAppender.java:resetClient(140)) - bba1c53a-a6f8-4b7f-a0a1-8d65da7b011f@group-A5F7B5452D65->b5f002a5-35f0-4e5a-a46f-90a89988a4c4-GrpcLogAppender: Follower failed and request == null,  keep nextIndex (1) unchanged and retry.
2024-01-08 10:08:17,978 [grpc-default-executor-0] WARN  server.GrpcServerProtocolService (LogUtils.java:warn(121)) - b5f002a5-35f0-4e5a-a46f-90a89988a4c4: APPEND_ENTRIES onError, lastRequest: bba1c53a-a6f8-4b7f-a0a1-8d65da7b011f->b5f002a5-35f0-4e5a-a46f-90a89988a4c4#1-t1,previous=(t:0, i:0),leaderCommit=-1,initializing? true,entries: size=1, first=(t:1, i:0), CONFIGURATIONENTRY(current:id: "b5f002a5-35f0-4e5a-a46f-90a89988a4c4"
address: "10.1.0.19:15014"
dataStreamAddress: "10.1.0.19:15015"
clientAddress: "10.1.0.19:15012"
adminAddress: "10.1.0.19:15013"
startupRole: FOLLOWER
,id: "216a7f9c-aee1-4f98-a365-89228e2ed43b"
address: "10.1.0.19:15032"
dataStreamAddress: "10.1.0.19:15033"
clientAddress: "10.1.0.19:15030"
adminAddress: "10.1.0.19:15031"
startupRole: FOLLOWER
,id: "bba1c53a-a6f8-4b7f-a0a1-8d65da7b011f"
address: "10.1.0.19:15023"
priority: 1
dataStreamAddress: "10.1.0.19:15024"
clientAddress: "10.1.0.19:15021"
adminAddress: "10.1.0.19:15022"
startupRole: FOLLOWER
, old:): org.apache.ratis.thirdparty.io.grpc.StatusRuntimeException: CANCELLED: client cancelled
2024-01-08 10:08:17,978 [grpc-default-executor-2] WARN  server.GrpcLogAppender (GrpcLogAppender.java:resetClient(140)) - bba1c53a-a6f8-4b7f-a0a1-8d65da7b011f@group-A5F7B5452D65->b5f002a5-35f0-4e5a-a46f-90a89988a4c4-GrpcLogAppender: Follower failed and request == null,  keep nextIndex (1) unchanged and retry.
2024-01-08 10:08:17,979 [main] INFO  server.GrpcService (GrpcService.java:closeImpl(320)) - b5f002a5-35f0-4e5a-a46f-90a89988a4c4: shutdown server org.apache.ratis.grpc.server.GrpcAdminProtocolService successfully
2024-01-08 10:08:17,979 [grpc-default-executor-1] WARN  server.GrpcServerProtocolService (LogUtils.java:warn(121)) - b5f002a5-35f0-4e5a-a46f-90a89988a4c4: APPEND_ENTRIES onError, lastRequest: null: org.apache.ratis.thirdparty.io.grpc.StatusRuntimeException: CANCELLED: client cancelled
2024-01-08 10:08:17,981 [b5f002a5-35f0-4e5a-a46f-90a89988a4c4-NettyServerStreamRpc-bossGroup--thread1] INFO  logging.LoggingHandler (AbstractInternalLogger.java:log(148)) - [id: 0xe1a04e78, L:/0.0.0.0:15015] CLOSE
2024-01-08 10:08:17,981 [b5f002a5-35f0-4e5a-a46f-90a89988a4c4-NettyServerStreamRpc-bossGroup--thread1] INFO  logging.LoggingHandler (AbstractInternalLogger.java:log(148)) - [id: 0xe1a04e78, L:/0.0.0.0:15015] INACTIVE
2024-01-08 10:08:17,981 [b5f002a5-35f0-4e5a-a46f-90a89988a4c4-NettyServerStreamRpc-bossGroup--thread1] INFO  logging.LoggingHandler (AbstractInternalLogger.java:log(148)) - [id: 0xe1a04e78, L:/0.0.0.0:15015] UNREGISTERED
2024-01-08 10:08:17,981 [Mini-Cluster-Provider-Create] WARN  dropwizard3.Dm3MetricRegistriesImpl (Dm3MetricRegistriesImpl.java:addReporterRegistration(113)) - New reporters are added after registries were created. Some metrics will be missing from the reporter. Please add reporter before adding any new registry.
2024-01-08 10:08:17,981 [Mini-Cluster-Provider-Create] WARN  dropwizard3.Dm3MetricRegistriesImpl (Dm3MetricRegistriesImpl.java:addReporterRegistration(113)) - New reporters are added after registries were created. Some metrics will be missing from the reporter. Please add reporter before adding any new registry.
2024-01-08 10:08:17,982 [Mini-Cluster-Provider-Create] INFO  impl.MetricsSystemImpl (MetricsSystemImpl.java:init(158)) - HddsDatanode metrics system started (again)
2024-01-08 10:08:18,010 [Mini-Cluster-Provider-Create] INFO  ozone.HddsDatanodeService (HddsDatanodeService.java:start(239)) - HddsDatanodeService host:fv-az1117-812.frmogvfxo1lepnjzqgguis2xib.cx.internal.cloudapp.net ip:10.1.0.19
2024-01-08 10:08:18,037 [Mini-Cluster-Provider-Create] INFO  upgrade.AbstractLayoutVersionManager (AbstractLayoutVersionManager.java:init(83)) - Initializing Layout version manager with metadata layout = HADOOP_PRC_PORTS_IN_DATANODEDETAILS (version = 7), software layout = HADOOP_PRC_PORTS_IN_DATANODEDETAILS (version = 7)
2024-01-08 10:08:18,038 [Mini-Cluster-Provider-Create] INFO  statemachine.DatanodeStateMachine (DatanodeStateMachine.java:getEndPointTaskThreadPoolSize(299)) - Datanode State Machine Task Thread Pool size 2
2024-01-08 10:08:18,040 [Mini-Cluster-Provider-Create] INFO  volume.HddsVolume (HddsVolume.java:<init>(125)) - Creating HddsVolume: /home/runner/work/ozone/ozone/hadoop-ozone/integration-test/target/test-dir/MiniOzoneClusterImpl-fb8bf8f7-2439-41c0-942a-a4029f90a766/datanode-0/data-0/containers/hdds of storage type : DISK capacity : 9223372036854775807
2024-01-08 10:08:18,040 [Mini-Cluster-Provider-Create] INFO  volume.MutableVolumeSet (MutableVolumeSet.java:initializeVolumeSet(173)) - Added Volume : /home/runner/work/ozone/ozone/hadoop-ozone/integration-test/target/test-dir/MiniOzoneClusterImpl-fb8bf8f7-2439-41c0-942a-a4029f90a766/datanode-0/data-0/containers/hdds to VolumeSet
2024-01-08 10:08:18,041 [Mini-Cluster-Provider-Create] INFO  volume.MutableVolumeSet (MutableVolumeSet.java:initializeVolumeSet(173)) - Added Volume : /home/runner/work/ozone/ozone/hadoop-ozone/integration-test/target/test-dir/MiniOzoneClusterImpl-fb8bf8f7-2439-41c0-942a-a4029f90a766/datanode-0/data/ratis to VolumeSet
2024-01-08 10:08:18,041 [Mini-Cluster-Provider-Create] INFO  ozoneimpl.OzoneContainer (HddsVolumeUtil.java:loadAllHddsVolumeDbStore(103)) - Load 1 volumes DbStore cost: 0ms
2024-01-08 10:08:18,043 [d591e5af-e8f5-464c-8a55-75d5e8fc5b83-ContainerReader-0] INFO  ozoneimpl.ContainerReader (ContainerReader.java:readVolume(178)) - Finish verifying containers on volume /home/runner/work/ozone/ozone/hadoop-ozone/integration-test/target/test-dir/MiniOzoneClusterImpl-fb8bf8f7-2439-41c0-942a-a4029f90a766/datanode-0/data-0/containers/hdds
2024-01-08 10:08:18,043 [Mini-Cluster-Provider-Create] INFO  ozoneimpl.OzoneContainer (OzoneContainer.java:buildContainerSet(326)) - Build ContainerSet costs 0s
2024-01-08 10:08:18,047 [Mini-Cluster-Provider-Create] INFO  server.RaftServer (ConfUtils.java:logGet(46)) - raft.rpc.type = GRPC (default)
2024-01-08 10:08:18,047 [Mini-Cluster-Provider-Create] INFO  grpc.GrpcConfigKeys (ConfUtils.java:logFallback(53)) - raft.grpc.admin.host = null (fallback to raft.grpc.server.host)
2024-01-08 10:08:18,048 [Mini-Cluster-Provider-Create] INFO  grpc.GrpcConfigKeys (ConfUtils.java:logGet(46)) - raft.grpc.admin.port = 15048 (custom)
2024-01-08 10:08:18,048 [Mini-Cluster-Provider-Create] INFO  grpc.GrpcConfigKeys (ConfUtils.java:logFallback(53)) - raft.grpc.client.host = null (fallback to raft.grpc.server.host)
2024-01-08 10:08:18,048 [Mini-Cluster-Provider-Create] INFO  grpc.GrpcConfigKeys (ConfUtils.java:logGet(46)) - raft.grpc.client.port = 15047 (custom)
2024-01-08 10:08:18,049 [Mini-Cluster-Provider-Create] INFO  grpc.GrpcConfigKeys (ConfUtils.java:logGet(46)) - raft.grpc.server.host = null (default)
2024-01-08 10:08:18,049 [Mini-Cluster-Provider-Create] INFO  grpc.GrpcConfigKeys (ConfUtils.java:logGet(46)) - raft.grpc.server.port = 15049 (custom)
2024-01-08 10:08:18,049 [Mini-Cluster-Provider-Create] INFO  server.GrpcService (ConfUtils.java:logGet(46)) - raft.grpc.message.size.max = 32MB (=33554432) (custom)
2024-01-08 10:08:18,050 [Mini-Cluster-Provider-Create] INFO  server.RaftServerConfigKeys (ConfUtils.java:logGet(46)) - raft.server.log.appender.buffer.byte-limit = 8388608 (custom)
2024-01-08 10:08:18,050 [Mini-Cluster-Provider-Create] INFO  server.GrpcService (ConfUtils.java:logGet(46)) - raft.grpc.flow.control.window = 5MB (=5242880) (custom)
2024-01-08 10:08:18,050 [Mini-Cluster-Provider-Create] INFO  server.RaftServerConfigKeys (ConfUtils.java:logGet(46)) - raft.server.rpc.request.timeout = 60s (custom)
2024-01-08 10:08:18,051 [Mini-Cluster-Provider-Create] INFO  grpc.GrpcConfigKeys (ConfUtils.java:logGet(46)) - raft.grpc.server.heartbeat.channel = true (default)
2024-01-08 10:08:18,051 [Mini-Cluster-Provider-Create] INFO  grpc.GrpcConfigKeys (ConfUtils.java:logGet(46)) - raft.grpc.server.async.request.thread.pool.cached = true (default)
2024-01-08 10:08:18,051 [Mini-Cluster-Provider-Create] INFO  grpc.GrpcConfigKeys (ConfUtils.java:logGet(46)) - raft.grpc.server.async.request.thread.pool.size = 32 (default)
2024-01-08 10:08:18,053 [Mini-Cluster-Provider-Create] INFO  impl.DataStreamServerImpl (ConfUtils.java:logGet(46)) - raft.datastream.type = NETTY (custom)
2024-01-08 10:08:18,054 [Mini-Cluster-Provider-Create] INFO  server.RaftServerConfigKeys (ConfUtils.java:logGet(46)) - raft.server.data-stream.async.request.thread.pool.cached = false (default)
2024-01-08 10:08:18,054 [Mini-Cluster-Provider-Create] INFO  server.RaftServerConfigKeys (ConfUtils.java:logGet(46)) - raft.server.data-stream.async.request.thread.pool.size = 20 (custom)
2024-01-08 10:08:18,054 [Mini-Cluster-Provider-Create] INFO  server.RaftServerConfigKeys (ConfUtils.java:logGet(46)) - raft.server.data-stream.async.write.thread.pool.size = 16 (default)
2024-01-08 10:08:18,054 [Mini-Cluster-Provider-Create] INFO  netty.NettyConfigKeys$DataStream (ConfUtils.java:logGet(46)) - raft.netty.dataStream.server.channel.inactive.grace-period = 10min (default)
2024-01-08 10:08:18,055 [Mini-Cluster-Provider-Create] INFO  server.RaftServerConfigKeys (ConfUtils.java:logGet(46)) - raft.server.data-stream.client.pool.size = 10 (default)
2024-01-08 10:08:18,055 [Mini-Cluster-Provider-Create] INFO  netty.NettyConfigKeys$DataStream (ConfUtils.java:logGet(46)) - raft.netty.dataStream.server.use-epoll = true (default)
2024-01-08 10:08:18,055 [Mini-Cluster-Provider-Create] INFO  netty.NettyConfigKeys$DataStream (ConfUtils.java:logGet(46)) - raft.netty.dataStream.server.boss-group.size = 0 (default)
2024-01-08 10:08:18,055 [Mini-Cluster-Provider-Create] INFO  netty.NettyUtils (NettyUtils.java:newEventLoopGroup(69)) - Create EpollEventLoopGroup for d591e5af-e8f5-464c-8a55-75d5e8fc5b83-NettyServerStreamRpc-bossGroup; Thread size is 0.
2024-01-08 10:08:18,056 [Mini-Cluster-Provider-Create] INFO  netty.NettyConfigKeys$DataStream (ConfUtils.java:logGet(46)) - raft.netty.dataStream.server.worker-group.size = 0 (default)
2024-01-08 10:08:18,056 [Mini-Cluster-Provider-Create] INFO  netty.NettyUtils (NettyUtils.java:newEventLoopGroup(69)) - Create EpollEventLoopGroup for d591e5af-e8f5-464c-8a55-75d5e8fc5b83-NettyServerStreamRpc-workerGroup; Thread size is 0.
2024-01-08 10:08:18,056 [Mini-Cluster-Provider-Create] INFO  netty.NettyConfigKeys$DataStream (ConfUtils.java:logGet(46)) - raft.netty.dataStream.server.tls.conf = null (default)
2024-01-08 10:08:18,056 [Mini-Cluster-Provider-Create] INFO  netty.NettyConfigKeys$DataStream (ConfUtils.java:logGet(46)) - raft.netty.dataStream.host = null (default)
2024-01-08 10:08:18,056 [Mini-Cluster-Provider-Create] INFO  netty.NettyConfigKeys$DataStream (ConfUtils.java:logGet(46)) - raft.netty.dataStream.port = 15050 (custom)
2024-01-08 10:08:18,057 [Mini-Cluster-Provider-Create] INFO  server.RaftServerConfigKeys (ConfUtils.java:logGet(46)) - raft.server.sleep.deviation.threshold = 300ms (default)
2024-01-08 10:08:18,057 [Mini-Cluster-Provider-Create] INFO  server.RaftServerConfigKeys (ConfUtils.java:logGet(46)) - raft.server.close.threshold = 60s (default)
2024-01-08 10:08:18,057 [Mini-Cluster-Provider-Create] INFO  server.RaftServerConfigKeys (ConfUtils.java:logGet(46)) - raft.server.leaderelection.leader.step-down.wait-time = 10s (default)
2024-01-08 10:08:18,057 [Mini-Cluster-Provider-Create] INFO  server.RaftServerConfigKeys (ConfUtils.java:logGet(46)) - raft.server.storage.dir = [/home/runner/work/ozone/ozone/hadoop-ozone/integration-test/target/test-dir/MiniOzoneClusterImpl-fb8bf8f7-2439-41c0-942a-a4029f90a766/datanode-0/data/ratis] (custom)
2024-01-08 10:08:18,057 [Mini-Cluster-Provider-Create] INFO  server.RaftServerConfigKeys (ConfUtils.java:logGet(46)) - raft.server.threadpool.proxy.cached = true (default)
2024-01-08 10:08:18,057 [Mini-Cluster-Provider-Create] INFO  server.RaftServerConfigKeys (ConfUtils.java:logGet(46)) - raft.server.threadpool.proxy.size = 0 (default)
2024-01-08 10:08:18,058 [d591e5af-e8f5-464c-8a55-75d5e8fc5b83-NettyServerStreamRpc-bossGroup--thread1] INFO  logging.LoggingHandler (AbstractInternalLogger.java:log(148)) - [id: 0xc39ddd35] REGISTERED
2024-01-08 10:08:18,058 [d591e5af-e8f5-464c-8a55-75d5e8fc5b83-NettyServerStreamRpc-bossGroup--thread1] INFO  logging.LoggingHandler (AbstractInternalLogger.java:log(148)) - [id: 0xc39ddd35] BIND: 0.0.0.0/0.0.0.0:15050
2024-01-08 10:08:18,058 [d591e5af-e8f5-464c-8a55-75d5e8fc5b83-NettyServerStreamRpc-bossGroup--thread1] INFO  logging.LoggingHandler (AbstractInternalLogger.java:log(148)) - [id: 0xc39ddd35, L:/0.0.0.0:15050] ACTIVE
2024-01-08 10:08:18,063 [d591e5af-e8f5-464c-8a55-75d5e8fc5b83-impl-thread1] INFO  server.RaftServer (RaftServerProxy.java:initGroupDir(264)) - d591e5af-e8f5-464c-8a55-75d5e8fc5b83: found a subdirectory /home/runner/work/ozone/ozone/hadoop-ozone/integration-test/target/test-dir/MiniOzoneClusterImpl-fb8bf8f7-2439-41c0-942a-a4029f90a766/datanode-0/data/ratis/tmp
2024-01-08 10:08:18,063 [d591e5af-e8f5-464c-8a55-75d5e8fc5b83-impl-thread1] INFO  server.RaftServer (RaftServerProxy.java:initGroupDir(269)) - d591e5af-e8f5-464c-8a55-75d5e8fc5b83: The directory /home/runner/work/ozone/ozone/hadoop-ozone/integration-test/target/test-dir/MiniOzoneClusterImpl-fb8bf8f7-2439-41c0-942a-a4029f90a766/datanode-0/data/ratis/tmp is not a group directory; ignoring it. 
2024-01-08 10:08:18,063 [Mini-Cluster-Provider-Create] INFO  replication.ReplicationServer (ReplicationServer.java:<init>(85)) - Initializing replication server with thread count = 10 queue length = 4096
2024-01-08 10:08:18,064 [Mini-Cluster-Provider-Create] INFO  server.XceiverServerGrpc (XceiverServerGrpc.java:<init>(141)) - GrpcServer channel type EpollServerSocketChannel
2024-01-08 10:08:18,066 [Mini-Cluster-Provider-Create] INFO  replication.ReplicationSupervisor (ReplicationSupervisor.java:build(163)) - Initializing replication supervisor with thread count = 10
2024-01-08 10:08:18,066 [Mini-Cluster-Provider-Create] INFO  replication.ReplicationSupervisor (ReplicationSupervisor.java:nodeStateUpdated(317)) - Node state updated to IN_SERVICE, scaling executor pool size to 10
2024-01-08 10:08:18,071 [Mini-Cluster-Provider-Create] INFO  http.BaseHttpServer (BaseHttpServer.java:newHttpServer2BuilderForOzone(223)) - Starting Web-server for hddsDatanode at: http://0.0.0.0:15044
2024-01-08 10:08:18,071 [Mini-Cluster-Provider-Create] INFO  http.BaseHttpServer (BaseHttpServer.java:<init>(110)) - Hadoop Security Enabled: false Ozone Security Enabled: false Ozone HTTP Security Enabled: false 
2024-01-08 10:08:18,073 [Mini-Cluster-Provider-Create] WARN  server.AuthenticationFilter (AuthenticationFilter.java:constructSecretProvider(240)) - Unable to initialize FileSignerSecretProvider, falling back to use random secrets. Reason: Could not read signature secret file: /home/runner/hadoop-http-auth-signature-secret
2024-01-08 10:08:18,074 [Mini-Cluster-Provider-Create] INFO  http.HttpRequestLog (HttpRequestLog.java:getRequestLog(86)) - Http request log for http.requests.hddsDatanode is not defined
2024-01-08 10:08:18,076 [Mini-Cluster-Provider-Create] INFO  http.HttpServer2 (HttpServer2.java:addGlobalFilter(1036)) - Added global filter 'safety' (class=org.apache.hadoop.hdds.server.http.HttpServer2$QuotingInputFilter)
2024-01-08 10:08:18,076 [Mini-Cluster-Provider-Create] INFO  http.HttpServer2 (HttpServer2.java:addFilter(1012)) - Added filter static_user_filter (class=org.apache.hadoop.http.lib.StaticUserWebFilter$StaticUserFilter) to context hddsDatanode
2024-01-08 10:08:18,077 [Mini-Cluster-Provider-Create] INFO  http.HttpServer2 (HttpServer2.java:addFilter(1020)) - Added filter static_user_filter (class=org.apache.hadoop.http.lib.StaticUserWebFilter$StaticUserFilter) to context logs
2024-01-08 10:08:18,077 [Mini-Cluster-Provider-Create] INFO  http.HttpServer2 (HttpServer2.java:addFilter(1020)) - Added filter static_user_filter (class=org.apache.hadoop.http.lib.StaticUserWebFilter$StaticUserFilter) to context static
2024-01-08 10:08:18,077 [Mini-Cluster-Provider-Create] INFO  http.BaseHttpServer (BaseHttpServer.java:<init>(189)) - HTTP server of hddsDatanode uses base directory /home/runner/work/ozone/ozone/hadoop-ozone/integration-test/target/test-dir/MiniOzoneClusterImpl-fb8bf8f7-2439-41c0-942a-a4029f90a766/datanode-0/meta/webserver
2024-01-08 10:08:18,078 [Mini-Cluster-Provider-Create] INFO  http.HttpServer2 (HttpServer2.java:bindListener(1236)) - Jetty bound to port 15044
2024-01-08 10:08:18,078 [Mini-Cluster-Provider-Create] INFO  server.Server (Server.java:doStart(375)) - jetty-9.4.53.v20231009; built: 2023-10-09T12:29:09.265Z; git: 27bde00a0b95a1d5bbee0eae7984f891d2d0f8c9; jvm 1.8.0_392-b08
2024-01-08 10:08:18,081 [Mini-Cluster-Provider-Create] INFO  server.session (DefaultSessionIdManager.java:doStart(334)) - DefaultSessionIdManager workerName=node0
2024-01-08 10:08:18,081 [Mini-Cluster-Provider-Create] INFO  server.session (DefaultSessionIdManager.java:doStart(339)) - No SessionScavenger set, using defaults
2024-01-08 10:08:18,081 [Mini-Cluster-Provider-Create] INFO  server.session (HouseKeeper.java:startScavenging(132)) - node0 Scavenging every 600000ms
2024-01-08 10:08:18,082 [Mini-Cluster-Provider-Create] INFO  handler.ContextHandler (ContextHandler.java:doStart(921)) - Started o.e.j.s.ServletContextHandler@abbcde2{logs,/logs,file:///home/runner/work/ozone/ozone/hadoop-ozone/integration-test/target/log,AVAILABLE}
2024-01-08 10:08:18,082 [Mini-Cluster-Provider-Create] INFO  handler.ContextHandler (ContextHandler.java:doStart(921)) - Started o.e.j.s.ServletContextHandler@1d98e044{static,/static,jar:file:/home/runner/.m2/repository/org/apache/ozone/hdds-container-service/1.5.0-SNAPSHOT/hdds-container-service-1.5.0-SNAPSHOT.jar!/webapps/static,AVAILABLE}
2024-01-08 10:08:18,116 [Mini-Cluster-Provider-Create] INFO  handler.ContextHandler (ContextHandler.java:doStart(921)) - Started o.e.j.w.WebAppContext@47a0e8da{hddsDatanode,/,file:///home/runner/work/ozone/ozone/hadoop-ozone/integration-test/target/test-dir/MiniOzoneClusterImpl-fb8bf8f7-2439-41c0-942a-a4029f90a766/datanode-0/meta/webserver/jetty-0_0_0_0-15044-hdds-container-service-1_5_0-SNAPSHOT_jar-_-any-3475415686142030150/webapp/,AVAILABLE}{jar:file:/home/runner/.m2/repository/org/apache/ozone/hdds-container-service/1.5.0-SNAPSHOT/hdds-container-service-1.5.0-SNAPSHOT.jar!/webapps/hddsDatanode}
2024-01-08 10:08:18,118 [Mini-Cluster-Provider-Create] INFO  server.AbstractConnector (AbstractConnector.java:doStart(333)) - Started ServerConnector@11b23288{HTTP/1.1, (http/1.1)}{0.0.0.0:15044}
2024-01-08 10:08:18,118 [Mini-Cluster-Provider-Create] INFO  server.Server (Server.java:doStart(415)) - Started @19933ms
2024-01-08 10:08:18,118 [Mini-Cluster-Provider-Create] WARN  impl.MetricsSystemImpl (MetricsSystemImpl.java:register(279)) - Sink prometheus already exists!
2024-01-08 10:08:18,118 [Mini-Cluster-Provider-Create] INFO  http.BaseHttpServer (BaseHttpServer.java:updateConnectorAddress(354)) - HTTP server of hddsDatanode listening at http://0.0.0.0:15044
2024-01-08 10:08:18,119 [Mini-Cluster-Provider-Create] INFO  ipc.CallQueueManager (CallQueueManager.java:<init>(90)) - Using callQueue: class java.util.concurrent.LinkedBlockingQueue, queueCapacity: 100, scheduler: class org.apache.hadoop.ipc.DefaultRpcScheduler, ipcBackoff: false.
2024-01-08 10:08:18,119 [Mini-Cluster-Provider-Create] INFO  ipc.Server (Server.java:<init>(1287)) - Listener at 0.0.0.0:15045
2024-01-08 10:08:18,119 [Socket Reader #1 for port 15045] INFO  ipc.Server (Server.java:run(1323)) - Starting Socket Reader #1 for port 15045
2024-01-08 10:08:18,125 [Mini-Cluster-Provider-Create] INFO  ozone.HddsDatanodeService (HddsDatanodeService.java:start(324)) - Datanode start with admins: [runner]
2024-01-08 10:08:18,125 [Mini-Cluster-Provider-Create] INFO  ozone.HddsDatanodeClientProtocolServer (HddsDatanodeClientProtocolServer.java:start(72)) - RPC server for Client /0.0.0.0:15045
2024-01-08 10:08:18,125 [IPC Server Responder] INFO  ipc.Server (Server.java:run(1562)) - IPC Server Responder: starting
2024-01-08 10:08:18,125 [IPC Server listener on 15045] INFO  ipc.Server (Server.java:run(1402)) - IPC Server listener on 15045: starting
2024-01-08 10:08:18,126 [d591e5af-e8f5-464c-8a55-75d5e8fc5b83-DatanodeStateMachineDaemonThread] INFO  statemachine.DatanodeStateMachine (DatanodeStateMachine.java:lambda$startDaemon$1(555)) - Ozone container server started.
2024-01-08 10:08:18,126 [Mini-Cluster-Provider-Create] WARN  dropwizard3.Dm3MetricRegistriesImpl (Dm3MetricRegistriesImpl.java:addReporterRegistration(113)) - New reporters are added after registries were created. Some metrics will be missing from the reporter. Please add reporter before adding any new registry.
2024-01-08 10:08:18,127 [Mini-Cluster-Provider-Create] WARN  dropwizard3.Dm3MetricRegistriesImpl (Dm3MetricRegistriesImpl.java:addReporterRegistration(113)) - New reporters are added after registries were created. Some metrics will be missing from the reporter. Please add reporter before adding any new registry.
2024-01-08 10:08:18,127 [Mini-Cluster-Provider-Create] INFO  impl.MetricsSystemImpl (MetricsSystemImpl.java:init(158)) - HddsDatanode metrics system started (again)
2024-01-08 10:08:18,130 [d591e5af-e8f5-464c-8a55-75d5e8fc5b83-DatanodeStateMachineTaskThread-0] INFO  datanode.InitDatanodeState (InitDatanodeState.java:persistContainerDatanodeDetails(139)) - DatanodeDetails is persisted to /home/runner/work/ozone/ozone/hadoop-ozone/integration-test/target/test-dir/MiniOzoneClusterImpl-fb8bf8f7-2439-41c0-942a-a4029f90a766/datanode-0/meta/datanode.id
2024-01-08 10:08:18,137 [Mini-Cluster-Provider-Create] INFO  ozone.HddsDatanodeService (HddsDatanodeService.java:start(239)) - HddsDatanodeService host:fv-az1117-812.frmogvfxo1lepnjzqgguis2xib.cx.internal.cloudapp.net ip:10.1.0.19
2024-01-08 10:08:18,152 [Mini-Cluster-Provider-Create] INFO  upgrade.AbstractLayoutVersionManager (AbstractLayoutVersionManager.java:init(83)) - Initializing Layout version manager with metadata layout = HADOOP_PRC_PORTS_IN_DATANODEDETAILS (version = 7), software layout = HADOOP_PRC_PORTS_IN_DATANODEDETAILS (version = 7)
2024-01-08 10:08:18,152 [Mini-Cluster-Provider-Create] INFO  statemachine.DatanodeStateMachine (DatanodeStateMachine.java:getEndPointTaskThreadPoolSize(299)) - Datanode State Machine Task Thread Pool size 2
2024-01-08 10:08:18,153 [Mini-Cluster-Provider-Create] INFO  volume.HddsVolume (HddsVolume.java:<init>(125)) - Creating HddsVolume: /home/runner/work/ozone/ozone/hadoop-ozone/integration-test/target/test-dir/MiniOzoneClusterImpl-fb8bf8f7-2439-41c0-942a-a4029f90a766/datanode-1/data-0/containers/hdds of storage type : DISK capacity : 9223372036854775807
2024-01-08 10:08:18,154 [Mini-Cluster-Provider-Create] INFO  volume.MutableVolumeSet (MutableVolumeSet.java:initializeVolumeSet(173)) - Added Volume : /home/runner/work/ozone/ozone/hadoop-ozone/integration-test/target/test-dir/MiniOzoneClusterImpl-fb8bf8f7-2439-41c0-942a-a4029f90a766/datanode-1/data-0/containers/hdds to VolumeSet
2024-01-08 10:08:18,154 [Mini-Cluster-Provider-Create] INFO  volume.MutableVolumeSet (MutableVolumeSet.java:initializeVolumeSet(173)) - Added Volume : /home/runner/work/ozone/ozone/hadoop-ozone/integration-test/target/test-dir/MiniOzoneClusterImpl-fb8bf8f7-2439-41c0-942a-a4029f90a766/datanode-1/data/ratis to VolumeSet
2024-01-08 10:08:18,154 [Mini-Cluster-Provider-Create] INFO  ozoneimpl.OzoneContainer (HddsVolumeUtil.java:loadAllHddsVolumeDbStore(103)) - Load 1 volumes DbStore cost: 0ms
2024-01-08 10:08:18,155 [e6c09ac7-730a-4058-a1a8-e64ffc2fb789-ContainerReader-0] INFO  ozoneimpl.ContainerReader (ContainerReader.java:readVolume(178)) - Finish verifying containers on volume /home/runner/work/ozone/ozone/hadoop-ozone/integration-test/target/test-dir/MiniOzoneClusterImpl-fb8bf8f7-2439-41c0-942a-a4029f90a766/datanode-1/data-0/containers/hdds
2024-01-08 10:08:18,155 [Mini-Cluster-Provider-Create] INFO  ozoneimpl.OzoneContainer (OzoneContainer.java:buildContainerSet(326)) - Build ContainerSet costs 0s
2024-01-08 10:08:18,157 [Mini-Cluster-Provider-Create] INFO  server.RaftServer (ConfUtils.java:logGet(46)) - raft.rpc.type = GRPC (default)
2024-01-08 10:08:18,157 [Mini-Cluster-Provider-Create] INFO  grpc.GrpcConfigKeys (ConfUtils.java:logFallback(53)) - raft.grpc.admin.host = null (fallback to raft.grpc.server.host)
2024-01-08 10:08:18,157 [Mini-Cluster-Provider-Create] INFO  grpc.GrpcConfigKeys (ConfUtils.java:logGet(46)) - raft.grpc.admin.port = 15057 (custom)
2024-01-08 10:08:18,157 [Mini-Cluster-Provider-Create] INFO  grpc.GrpcConfigKeys (ConfUtils.java:logFallback(53)) - raft.grpc.client.host = null (fallback to raft.grpc.server.host)
2024-01-08 10:08:18,157 [Mini-Cluster-Provider-Create] INFO  grpc.GrpcConfigKeys (ConfUtils.java:logGet(46)) - raft.grpc.client.port = 15056 (custom)
2024-01-08 10:08:18,157 [Mini-Cluster-Provider-Create] INFO  grpc.GrpcConfigKeys (ConfUtils.java:logGet(46)) - raft.grpc.server.host = null (default)
2024-01-08 10:08:18,158 [Mini-Cluster-Provider-Create] INFO  grpc.GrpcConfigKeys (ConfUtils.java:logGet(46)) - raft.grpc.server.port = 15058 (custom)
2024-01-08 10:08:18,158 [Mini-Cluster-Provider-Create] INFO  server.GrpcService (ConfUtils.java:logGet(46)) - raft.grpc.message.size.max = 32MB (=33554432) (custom)
2024-01-08 10:08:18,158 [Mini-Cluster-Provider-Create] INFO  server.RaftServerConfigKeys (ConfUtils.java:logGet(46)) - raft.server.log.appender.buffer.byte-limit = 8388608 (custom)
2024-01-08 10:08:18,158 [Mini-Cluster-Provider-Create] INFO  server.GrpcService (ConfUtils.java:logGet(46)) - raft.grpc.flow.control.window = 5MB (=5242880) (custom)
2024-01-08 10:08:18,158 [Mini-Cluster-Provider-Create] INFO  server.RaftServerConfigKeys (ConfUtils.java:logGet(46)) - raft.server.rpc.request.timeout = 60s (custom)
2024-01-08 10:08:18,158 [Mini-Cluster-Provider-Create] INFO  grpc.GrpcConfigKeys (ConfUtils.java:logGet(46)) - raft.grpc.server.heartbeat.channel = true (default)
2024-01-08 10:08:18,158 [Mini-Cluster-Provider-Create] INFO  grpc.GrpcConfigKeys (ConfUtils.java:logGet(46)) - raft.grpc.server.async.request.thread.pool.cached = true (default)
2024-01-08 10:08:18,158 [Mini-Cluster-Provider-Create] INFO  grpc.GrpcConfigKeys (ConfUtils.java:logGet(46)) - raft.grpc.server.async.request.thread.pool.size = 32 (default)
2024-01-08 10:08:18,160 [Mini-Cluster-Provider-Create] INFO  impl.DataStreamServerImpl (ConfUtils.java:logGet(46)) - raft.datastream.type = NETTY (custom)
2024-01-08 10:08:18,161 [Mini-Cluster-Provider-Create] INFO  server.RaftServerConfigKeys (ConfUtils.java:logGet(46)) - raft.server.data-stream.async.request.thread.pool.cached = false (default)
2024-01-08 10:08:18,161 [Mini-Cluster-Provider-Create] INFO  server.RaftServerConfigKeys (ConfUtils.java:logGet(46)) - raft.server.data-stream.async.request.thread.pool.size = 20 (custom)
2024-01-08 10:08:18,161 [Mini-Cluster-Provider-Create] INFO  server.RaftServerConfigKeys (ConfUtils.java:logGet(46)) - raft.server.data-stream.async.write.thread.pool.size = 16 (default)
2024-01-08 10:08:18,161 [Mini-Cluster-Provider-Create] INFO  netty.NettyConfigKeys$DataStream (ConfUtils.java:logGet(46)) - raft.netty.dataStream.server.channel.inactive.grace-period = 10min (default)
2024-01-08 10:08:18,161 [Mini-Cluster-Provider-Create] INFO  server.RaftServerConfigKeys (ConfUtils.java:logGet(46)) - raft.server.data-stream.client.pool.size = 10 (default)
2024-01-08 10:08:18,161 [Mini-Cluster-Provider-Create] INFO  netty.NettyConfigKeys$DataStream (ConfUtils.java:logGet(46)) - raft.netty.dataStream.server.use-epoll = true (default)
2024-01-08 10:08:18,161 [Mini-Cluster-Provider-Create] INFO  netty.NettyConfigKeys$DataStream (ConfUtils.java:logGet(46)) - raft.netty.dataStream.server.boss-group.size = 0 (default)
2024-01-08 10:08:18,161 [Mini-Cluster-Provider-Create] INFO  netty.NettyUtils (NettyUtils.java:newEventLoopGroup(69)) - Create EpollEventLoopGroup for e6c09ac7-730a-4058-a1a8-e64ffc2fb789-NettyServerStreamRpc-bossGroup; Thread size is 0.
2024-01-08 10:08:18,162 [Mini-Cluster-Provider-Create] INFO  netty.NettyConfigKeys$DataStream (ConfUtils.java:logGet(46)) - raft.netty.dataStream.server.worker-group.size = 0 (default)
2024-01-08 10:08:18,162 [Mini-Cluster-Provider-Create] INFO  netty.NettyUtils (NettyUtils.java:newEventLoopGroup(69)) - Create EpollEventLoopGroup for e6c09ac7-730a-4058-a1a8-e64ffc2fb789-NettyServerStreamRpc-workerGroup; Thread size is 0.
2024-01-08 10:08:18,162 [Mini-Cluster-Provider-Create] INFO  netty.NettyConfigKeys$DataStream (ConfUtils.java:logGet(46)) - raft.netty.dataStream.server.tls.conf = null (default)
2024-01-08 10:08:18,162 [Mini-Cluster-Provider-Create] INFO  netty.NettyConfigKeys$DataStream (ConfUtils.java:logGet(46)) - raft.netty.dataStream.host = null (default)
2024-01-08 10:08:18,162 [Mini-Cluster-Provider-Create] INFO  netty.NettyConfigKeys$DataStream (ConfUtils.java:logGet(46)) - raft.netty.dataStream.port = 15059 (custom)
2024-01-08 10:08:18,162 [Mini-Cluster-Provider-Create] INFO  server.RaftServerConfigKeys (ConfUtils.java:logGet(46)) - raft.server.sleep.deviation.threshold = 300ms (default)
2024-01-08 10:08:18,163 [Mini-Cluster-Provider-Create] INFO  server.RaftServerConfigKeys (ConfUtils.java:logGet(46)) - raft.server.close.threshold = 60s (default)
2024-01-08 10:08:18,163 [Mini-Cluster-Provider-Create] INFO  server.RaftServerConfigKeys (ConfUtils.java:logGet(46)) - raft.server.leaderelection.leader.step-down.wait-time = 10s (default)
2024-01-08 10:08:18,163 [Mini-Cluster-Provider-Create] INFO  server.RaftServerConfigKeys (ConfUtils.java:logGet(46)) - raft.server.storage.dir = [/home/runner/work/ozone/ozone/hadoop-ozone/integration-test/target/test-dir/MiniOzoneClusterImpl-fb8bf8f7-2439-41c0-942a-a4029f90a766/datanode-1/data/ratis] (custom)
2024-01-08 10:08:18,163 [Mini-Cluster-Provider-Create] INFO  server.RaftServerConfigKeys (ConfUtils.java:logGet(46)) - raft.server.threadpool.proxy.cached = true (default)
2024-01-08 10:08:18,163 [Mini-Cluster-Provider-Create] INFO  server.RaftServerConfigKeys (ConfUtils.java:logGet(46)) - raft.server.threadpool.proxy.size = 0 (default)
2024-01-08 10:08:18,163 [e6c09ac7-730a-4058-a1a8-e64ffc2fb789-impl-thread1] INFO  server.RaftServer (RaftServerProxy.java:initGroupDir(264)) - e6c09ac7-730a-4058-a1a8-e64ffc2fb789: found a subdirectory /home/runner/work/ozone/ozone/hadoop-ozone/integration-test/target/test-dir/MiniOzoneClusterImpl-fb8bf8f7-2439-41c0-942a-a4029f90a766/datanode-1/data/ratis/tmp
2024-01-08 10:08:18,163 [e6c09ac7-730a-4058-a1a8-e64ffc2fb789-impl-thread1] INFO  server.RaftServer (RaftServerProxy.java:initGroupDir(269)) - e6c09ac7-730a-4058-a1a8-e64ffc2fb789: The directory /home/runner/work/ozone/ozone/hadoop-ozone/integration-test/target/test-dir/MiniOzoneClusterImpl-fb8bf8f7-2439-41c0-942a-a4029f90a766/datanode-1/data/ratis/tmp is not a group directory; ignoring it. 
2024-01-08 10:08:18,164 [Mini-Cluster-Provider-Create] INFO  replication.ReplicationServer (ReplicationServer.java:<init>(85)) - Initializing replication server with thread count = 10 queue length = 4096
2024-01-08 10:08:18,164 [Mini-Cluster-Provider-Create] INFO  server.XceiverServerGrpc (XceiverServerGrpc.java:<init>(141)) - GrpcServer channel type EpollServerSocketChannel
2024-01-08 10:08:18,165 [Mini-Cluster-Provider-Create] INFO  replication.ReplicationSupervisor (ReplicationSupervisor.java:build(163)) - Initializing replication supervisor with thread count = 10
2024-01-08 10:08:18,166 [Mini-Cluster-Provider-Create] INFO  replication.ReplicationSupervisor (ReplicationSupervisor.java:nodeStateUpdated(317)) - Node state updated to IN_SERVICE, scaling executor pool size to 10
2024-01-08 10:08:18,167 [e6c09ac7-730a-4058-a1a8-e64ffc2fb789-NettyServerStreamRpc-bossGroup--thread1] INFO  logging.LoggingHandler (AbstractInternalLogger.java:log(148)) - [id: 0xcb26f1bc] REGISTERED
2024-01-08 10:08:18,167 [e6c09ac7-730a-4058-a1a8-e64ffc2fb789-NettyServerStreamRpc-bossGroup--thread1] INFO  logging.LoggingHandler (AbstractInternalLogger.java:log(148)) - [id: 0xcb26f1bc] BIND: 0.0.0.0/0.0.0.0:15059
2024-01-08 10:08:18,167 [e6c09ac7-730a-4058-a1a8-e64ffc2fb789-NettyServerStreamRpc-bossGroup--thread1] INFO  logging.LoggingHandler (AbstractInternalLogger.java:log(148)) - [id: 0xcb26f1bc, L:/0.0.0.0:15059] ACTIVE
2024-01-08 10:08:18,168 [Mini-Cluster-Provider-Create] INFO  http.BaseHttpServer (BaseHttpServer.java:newHttpServer2BuilderForOzone(223)) - Starting Web-server for hddsDatanode at: http://0.0.0.0:15053
2024-01-08 10:08:18,168 [Mini-Cluster-Provider-Create] INFO  http.BaseHttpServer (BaseHttpServer.java:<init>(110)) - Hadoop Security Enabled: false Ozone Security Enabled: false Ozone HTTP Security Enabled: false 
2024-01-08 10:08:18,168 [Mini-Cluster-Provider-Create] WARN  server.AuthenticationFilter (AuthenticationFilter.java:constructSecretProvider(240)) - Unable to initialize FileSignerSecretProvider, falling back to use random secrets. Reason: Could not read signature secret file: /home/runner/hadoop-http-auth-signature-secret
2024-01-08 10:08:18,169 [Mini-Cluster-Provider-Create] INFO  http.HttpRequestLog (HttpRequestLog.java:getRequestLog(86)) - Http request log for http.requests.hddsDatanode is not defined
2024-01-08 10:08:18,170 [Mini-Cluster-Provider-Create] INFO  http.HttpServer2 (HttpServer2.java:addGlobalFilter(1036)) - Added global filter 'safety' (class=org.apache.hadoop.hdds.server.http.HttpServer2$QuotingInputFilter)
2024-01-08 10:08:18,170 [Mini-Cluster-Provider-Create] INFO  http.HttpServer2 (HttpServer2.java:addFilter(1012)) - Added filter static_user_filter (class=org.apache.hadoop.http.lib.StaticUserWebFilter$StaticUserFilter) to context hddsDatanode
2024-01-08 10:08:18,170 [Mini-Cluster-Provider-Create] INFO  http.HttpServer2 (HttpServer2.java:addFilter(1020)) - Added filter static_user_filter (class=org.apache.hadoop.http.lib.StaticUserWebFilter$StaticUserFilter) to context static
2024-01-08 10:08:18,170 [Mini-Cluster-Provider-Create] INFO  http.HttpServer2 (HttpServer2.java:addFilter(1020)) - Added filter static_user_filter (class=org.apache.hadoop.http.lib.StaticUserWebFilter$StaticUserFilter) to context logs
2024-01-08 10:08:18,171 [Mini-Cluster-Provider-Create] INFO  http.BaseHttpServer (BaseHttpServer.java:<init>(189)) - HTTP server of hddsDatanode uses base directory /home/runner/work/ozone/ozone/hadoop-ozone/integration-test/target/test-dir/MiniOzoneClusterImpl-fb8bf8f7-2439-41c0-942a-a4029f90a766/datanode-1/meta/webserver
2024-01-08 10:08:18,171 [Mini-Cluster-Provider-Create] INFO  http.HttpServer2 (HttpServer2.java:bindListener(1236)) - Jetty bound to port 15053
2024-01-08 10:08:18,171 [Mini-Cluster-Provider-Create] INFO  server.Server (Server.java:doStart(375)) - jetty-9.4.53.v20231009; built: 2023-10-09T12:29:09.265Z; git: 27bde00a0b95a1d5bbee0eae7984f891d2d0f8c9; jvm 1.8.0_392-b08
2024-01-08 10:08:18,173 [Mini-Cluster-Provider-Create] INFO  server.session (DefaultSessionIdManager.java:doStart(334)) - DefaultSessionIdManager workerName=node0
2024-01-08 10:08:18,173 [Mini-Cluster-Provider-Create] INFO  server.session (DefaultSessionIdManager.java:doStart(339)) - No SessionScavenger set, using defaults
2024-01-08 10:08:18,173 [Mini-Cluster-Provider-Create] INFO  server.session (HouseKeeper.java:startScavenging(132)) - node0 Scavenging every 600000ms
2024-01-08 10:08:18,174 [Mini-Cluster-Provider-Create] INFO  handler.ContextHandler (ContextHandler.java:doStart(921)) - Started o.e.j.s.ServletContextHandler@6bc53a2e{logs,/logs,file:///home/runner/work/ozone/ozone/hadoop-ozone/integration-test/target/log,AVAILABLE}
2024-01-08 10:08:18,174 [Mini-Cluster-Provider-Create] INFO  handler.ContextHandler (ContextHandler.java:doStart(921)) - Started o.e.j.s.ServletContextHandler@4d8fbd76{static,/static,jar:file:/home/runner/.m2/repository/org/apache/ozone/hdds-container-service/1.5.0-SNAPSHOT/hdds-container-service-1.5.0-SNAPSHOT.jar!/webapps/static,AVAILABLE}
2024-01-08 10:08:18,210 [Mini-Cluster-Provider-Create] INFO  handler.ContextHandler (ContextHandler.java:doStart(921)) - Started o.e.j.w.WebAppContext@12f6d5a4{hddsDatanode,/,file:///home/runner/work/ozone/ozone/hadoop-ozone/integration-test/target/test-dir/MiniOzoneClusterImpl-fb8bf8f7-2439-41c0-942a-a4029f90a766/datanode-1/meta/webserver/jetty-0_0_0_0-15053-hdds-container-service-1_5_0-SNAPSHOT_jar-_-any-5081925184278917170/webapp/,AVAILABLE}{jar:file:/home/runner/.m2/repository/org/apache/ozone/hdds-container-service/1.5.0-SNAPSHOT/hdds-container-service-1.5.0-SNAPSHOT.jar!/webapps/hddsDatanode}
2024-01-08 10:08:18,211 [Mini-Cluster-Provider-Create] INFO  server.AbstractConnector (AbstractConnector.java:doStart(333)) - Started ServerConnector@6c6db3b1{HTTP/1.1, (http/1.1)}{0.0.0.0:15053}
2024-01-08 10:08:18,211 [Mini-Cluster-Provider-Create] INFO  server.Server (Server.java:doStart(415)) - Started @20027ms
2024-01-08 10:08:18,211 [Mini-Cluster-Provider-Create] WARN  impl.MetricsSystemImpl (MetricsSystemImpl.java:register(279)) - Sink prometheus already exists!
2024-01-08 10:08:18,212 [Mini-Cluster-Provider-Create] INFO  http.BaseHttpServer (BaseHttpServer.java:updateConnectorAddress(354)) - HTTP server of hddsDatanode listening at http://0.0.0.0:15053
2024-01-08 10:08:18,212 [Mini-Cluster-Provider-Create] INFO  ipc.CallQueueManager (CallQueueManager.java:<init>(90)) - Using callQueue: class java.util.concurrent.LinkedBlockingQueue, queueCapacity: 100, scheduler: class org.apache.hadoop.ipc.DefaultRpcScheduler, ipcBackoff: false.
2024-01-08 10:08:18,212 [Mini-Cluster-Provider-Create] INFO  ipc.Server (Server.java:<init>(1287)) - Listener at 0.0.0.0:15054
2024-01-08 10:08:18,213 [Socket Reader #1 for port 15054] INFO  ipc.Server (Server.java:run(1323)) - Starting Socket Reader #1 for port 15054
2024-01-08 10:08:18,216 [Mini-Cluster-Provider-Create] INFO  ozone.HddsDatanodeService (HddsDatanodeService.java:start(324)) - Datanode start with admins: [runner]
2024-01-08 10:08:18,216 [Mini-Cluster-Provider-Create] INFO  ozone.HddsDatanodeClientProtocolServer (HddsDatanodeClientProtocolServer.java:start(72)) - RPC server for Client /0.0.0.0:15054
2024-01-08 10:08:18,216 [IPC Server Responder] INFO  ipc.Server (Server.java:run(1562)) - IPC Server Responder: starting
2024-01-08 10:08:18,217 [IPC Server listener on 15054] INFO  ipc.Server (Server.java:run(1402)) - IPC Server listener on 15054: starting
2024-01-08 10:08:18,218 [e6c09ac7-730a-4058-a1a8-e64ffc2fb789-DatanodeStateMachineDaemonThread] INFO  statemachine.DatanodeStateMachine (DatanodeStateMachine.java:lambda$startDaemon$1(555)) - Ozone container server started.
2024-01-08 10:08:18,218 [Mini-Cluster-Provider-Create] WARN  dropwizard3.Dm3MetricRegistriesImpl (Dm3MetricRegistriesImpl.java:addReporterRegistration(113)) - New reporters are added after registries were created. Some metrics will be missing from the reporter. Please add reporter before adding any new registry.
2024-01-08 10:08:18,219 [Mini-Cluster-Provider-Create] WARN  dropwizard3.Dm3MetricRegistriesImpl (Dm3MetricRegistriesImpl.java:addReporterRegistration(113)) - New reporters are added after registries were created. Some metrics will be missing from the reporter. Please add reporter before adding any new registry.
2024-01-08 10:08:18,219 [Mini-Cluster-Provider-Create] INFO  impl.MetricsSystemImpl (MetricsSystemImpl.java:init(158)) - HddsDatanode metrics system started (again)
2024-01-08 10:08:18,244 [e6c09ac7-730a-4058-a1a8-e64ffc2fb789-DatanodeStateMachineTaskThread-0] INFO  datanode.InitDatanodeState (InitDatanodeState.java:persistContainerDatanodeDetails(139)) - DatanodeDetails is persisted to /home/runner/work/ozone/ozone/hadoop-ozone/integration-test/target/test-dir/MiniOzoneClusterImpl-fb8bf8f7-2439-41c0-942a-a4029f90a766/datanode-1/meta/datanode.id
2024-01-08 10:08:18,251 [Mini-Cluster-Provider-Create] INFO  ozone.HddsDatanodeService (HddsDatanodeService.java:start(239)) - HddsDatanodeService host:fv-az1117-812.frmogvfxo1lepnjzqgguis2xib.cx.internal.cloudapp.net ip:10.1.0.19
2024-01-08 10:08:18,268 [Mini-Cluster-Provider-Create] INFO  upgrade.AbstractLayoutVersionManager (AbstractLayoutVersionManager.java:init(83)) - Initializing Layout version manager with metadata layout = HADOOP_PRC_PORTS_IN_DATANODEDETAILS (version = 7), software layout = HADOOP_PRC_PORTS_IN_DATANODEDETAILS (version = 7)
2024-01-08 10:08:18,268 [Mini-Cluster-Provider-Create] INFO  statemachine.DatanodeStateMachine (DatanodeStateMachine.java:getEndPointTaskThreadPoolSize(299)) - Datanode State Machine Task Thread Pool size 2
2024-01-08 10:08:18,270 [Mini-Cluster-Provider-Create] INFO  volume.HddsVolume (HddsVolume.java:<init>(125)) - Creating HddsVolume: /home/runner/work/ozone/ozone/hadoop-ozone/integration-test/target/test-dir/MiniOzoneClusterImpl-fb8bf8f7-2439-41c0-942a-a4029f90a766/datanode-2/data-0/containers/hdds of storage type : DISK capacity : 9223372036854775807
2024-01-08 10:08:18,270 [Mini-Cluster-Provider-Create] INFO  volume.MutableVolumeSet (MutableVolumeSet.java:initializeVolumeSet(173)) - Added Volume : /home/runner/work/ozone/ozone/hadoop-ozone/integration-test/target/test-dir/MiniOzoneClusterImpl-fb8bf8f7-2439-41c0-942a-a4029f90a766/datanode-2/data-0/containers/hdds to VolumeSet
2024-01-08 10:08:18,271 [Mini-Cluster-Provider-Create] INFO  volume.MutableVolumeSet (MutableVolumeSet.java:initializeVolumeSet(173)) - Added Volume : /home/runner/work/ozone/ozone/hadoop-ozone/integration-test/target/test-dir/MiniOzoneClusterImpl-fb8bf8f7-2439-41c0-942a-a4029f90a766/datanode-2/data/ratis to VolumeSet
2024-01-08 10:08:18,271 [Mini-Cluster-Provider-Create] INFO  ozoneimpl.OzoneContainer (HddsVolumeUtil.java:loadAllHddsVolumeDbStore(103)) - Load 1 volumes DbStore cost: 0ms
2024-01-08 10:08:18,272 [6df5c950-b1f8-41e9-a8bd-47cd1228c3d6-ContainerReader-0] INFO  ozoneimpl.ContainerReader (ContainerReader.java:readVolume(178)) - Finish verifying containers on volume /home/runner/work/ozone/ozone/hadoop-ozone/integration-test/target/test-dir/MiniOzoneClusterImpl-fb8bf8f7-2439-41c0-942a-a4029f90a766/datanode-2/data-0/containers/hdds
2024-01-08 10:08:18,272 [Mini-Cluster-Provider-Create] INFO  ozoneimpl.OzoneContainer (OzoneContainer.java:buildContainerSet(326)) - Build ContainerSet costs 0s
2024-01-08 10:08:18,275 [Mini-Cluster-Provider-Create] INFO  server.RaftServer (ConfUtils.java:logGet(46)) - raft.rpc.type = GRPC (default)
2024-01-08 10:08:18,275 [Mini-Cluster-Provider-Create] INFO  grpc.GrpcConfigKeys (ConfUtils.java:logFallback(53)) - raft.grpc.admin.host = null (fallback to raft.grpc.server.host)
2024-01-08 10:08:18,275 [Mini-Cluster-Provider-Create] INFO  grpc.GrpcConfigKeys (ConfUtils.java:logGet(46)) - raft.grpc.admin.port = 15066 (custom)
2024-01-08 10:08:18,276 [Mini-Cluster-Provider-Create] INFO  grpc.GrpcConfigKeys (ConfUtils.java:logFallback(53)) - raft.grpc.client.host = null (fallback to raft.grpc.server.host)
2024-01-08 10:08:18,276 [Mini-Cluster-Provider-Create] INFO  grpc.GrpcConfigKeys (ConfUtils.java:logGet(46)) - raft.grpc.client.port = 15065 (custom)
2024-01-08 10:08:18,276 [Mini-Cluster-Provider-Create] INFO  grpc.GrpcConfigKeys (ConfUtils.java:logGet(46)) - raft.grpc.server.host = null (default)
2024-01-08 10:08:18,276 [Mini-Cluster-Provider-Create] INFO  grpc.GrpcConfigKeys (ConfUtils.java:logGet(46)) - raft.grpc.server.port = 15067 (custom)
2024-01-08 10:08:18,276 [Mini-Cluster-Provider-Create] INFO  server.GrpcService (ConfUtils.java:logGet(46)) - raft.grpc.message.size.max = 32MB (=33554432) (custom)
2024-01-08 10:08:18,276 [Mini-Cluster-Provider-Create] INFO  server.RaftServerConfigKeys (ConfUtils.java:logGet(46)) - raft.server.log.appender.buffer.byte-limit = 8388608 (custom)
2024-01-08 10:08:18,276 [Mini-Cluster-Provider-Create] INFO  server.GrpcService (ConfUtils.java:logGet(46)) - raft.grpc.flow.control.window = 5MB (=5242880) (custom)
2024-01-08 10:08:18,276 [Mini-Cluster-Provider-Create] INFO  server.RaftServerConfigKeys (ConfUtils.java:logGet(46)) - raft.server.rpc.request.timeout = 60s (custom)
2024-01-08 10:08:18,276 [Mini-Cluster-Provider-Create] INFO  grpc.GrpcConfigKeys (ConfUtils.java:logGet(46)) - raft.grpc.server.heartbeat.channel = true (default)
2024-01-08 10:08:18,276 [Mini-Cluster-Provider-Create] INFO  grpc.GrpcConfigKeys (ConfUtils.java:logGet(46)) - raft.grpc.server.async.request.thread.pool.cached = true (default)
2024-01-08 10:08:18,276 [Mini-Cluster-Provider-Create] INFO  grpc.GrpcConfigKeys (ConfUtils.java:logGet(46)) - raft.grpc.server.async.request.thread.pool.size = 32 (default)
2024-01-08 10:08:18,278 [Mini-Cluster-Provider-Create] INFO  impl.DataStreamServerImpl (ConfUtils.java:logGet(46)) - raft.datastream.type = NETTY (custom)
2024-01-08 10:08:18,278 [Mini-Cluster-Provider-Create] INFO  server.RaftServerConfigKeys (ConfUtils.java:logGet(46)) - raft.server.data-stream.async.request.thread.pool.cached = false (default)
2024-01-08 10:08:18,278 [Mini-Cluster-Provider-Create] INFO  server.RaftServerConfigKeys (ConfUtils.java:logGet(46)) - raft.server.data-stream.async.request.thread.pool.size = 20 (custom)
2024-01-08 10:08:18,278 [Mini-Cluster-Provider-Create] INFO  server.RaftServerConfigKeys (ConfUtils.java:logGet(46)) - raft.server.data-stream.async.write.thread.pool.size = 16 (default)
2024-01-08 10:08:18,279 [Mini-Cluster-Provider-Create] INFO  netty.NettyConfigKeys$DataStream (ConfUtils.java:logGet(46)) - raft.netty.dataStream.server.channel.inactive.grace-period = 10min (default)
2024-01-08 10:08:18,279 [Mini-Cluster-Provider-Create] INFO  server.RaftServerConfigKeys (ConfUtils.java:logGet(46)) - raft.server.data-stream.client.pool.size = 10 (default)
2024-01-08 10:08:18,279 [Mini-Cluster-Provider-Create] INFO  netty.NettyConfigKeys$DataStream (ConfUtils.java:logGet(46)) - raft.netty.dataStream.server.use-epoll = true (default)
2024-01-08 10:08:18,279 [Mini-Cluster-Provider-Create] INFO  netty.NettyConfigKeys$DataStream (ConfUtils.java:logGet(46)) - raft.netty.dataStream.server.boss-group.size = 0 (default)
2024-01-08 10:08:18,279 [Mini-Cluster-Provider-Create] INFO  netty.NettyUtils (NettyUtils.java:newEventLoopGroup(69)) - Create EpollEventLoopGroup for 6df5c950-b1f8-41e9-a8bd-47cd1228c3d6-NettyServerStreamRpc-bossGroup; Thread size is 0.
2024-01-08 10:08:18,279 [Mini-Cluster-Provider-Create] INFO  netty.NettyConfigKeys$DataStream (ConfUtils.java:logGet(46)) - raft.netty.dataStream.server.worker-group.size = 0 (default)
2024-01-08 10:08:18,279 [Mini-Cluster-Provider-Create] INFO  netty.NettyUtils (NettyUtils.java:newEventLoopGroup(69)) - Create EpollEventLoopGroup for 6df5c950-b1f8-41e9-a8bd-47cd1228c3d6-NettyServerStreamRpc-workerGroup; Thread size is 0.
2024-01-08 10:08:18,279 [Mini-Cluster-Provider-Create] INFO  netty.NettyConfigKeys$DataStream (ConfUtils.java:logGet(46)) - raft.netty.dataStream.server.tls.conf = null (default)
2024-01-08 10:08:18,279 [Mini-Cluster-Provider-Create] INFO  netty.NettyConfigKeys$DataStream (ConfUtils.java:logGet(46)) - raft.netty.dataStream.host = null (default)
2024-01-08 10:08:18,280 [Mini-Cluster-Provider-Create] INFO  netty.NettyConfigKeys$DataStream (ConfUtils.java:logGet(46)) - raft.netty.dataStream.port = 15068 (custom)
2024-01-08 10:08:18,280 [Mini-Cluster-Provider-Create] INFO  server.RaftServerConfigKeys (ConfUtils.java:logGet(46)) - raft.server.sleep.deviation.threshold = 300ms (default)
2024-01-08 10:08:18,280 [Mini-Cluster-Provider-Create] INFO  server.RaftServerConfigKeys (ConfUtils.java:logGet(46)) - raft.server.close.threshold = 60s (default)
2024-01-08 10:08:18,280 [6df5c950-b1f8-41e9-a8bd-47cd1228c3d6-NettyServerStreamRpc-bossGroup--thread1] INFO  logging.LoggingHandler (AbstractInternalLogger.java:log(148)) - [id: 0xcb93d3de] REGISTERED
2024-01-08 10:08:18,280 [Mini-Cluster-Provider-Create] INFO  server.RaftServerConfigKeys (ConfUtils.java:logGet(46)) - raft.server.leaderelection.leader.step-down.wait-time = 10s (default)
2024-01-08 10:08:18,280 [6df5c950-b1f8-41e9-a8bd-47cd1228c3d6-NettyServerStreamRpc-bossGroup--thread1] INFO  logging.LoggingHandler (AbstractInternalLogger.java:log(148)) - [id: 0xcb93d3de] BIND: 0.0.0.0/0.0.0.0:15068
2024-01-08 10:08:18,280 [Mini-Cluster-Provider-Create] INFO  server.RaftServerConfigKeys (ConfUtils.java:logGet(46)) - raft.server.storage.dir = [/home/runner/work/ozone/ozone/hadoop-ozone/integration-test/target/test-dir/MiniOzoneClusterImpl-fb8bf8f7-2439-41c0-942a-a4029f90a766/datanode-2/data/ratis] (custom)
2024-01-08 10:08:18,280 [6df5c950-b1f8-41e9-a8bd-47cd1228c3d6-NettyServerStreamRpc-bossGroup--thread1] INFO  logging.LoggingHandler (AbstractInternalLogger.java:log(148)) - [id: 0xcb93d3de, L:/0.0.0.0:15068] ACTIVE
2024-01-08 10:08:18,280 [Mini-Cluster-Provider-Create] INFO  server.RaftServerConfigKeys (ConfUtils.java:logGet(46)) - raft.server.threadpool.proxy.cached = true (default)
2024-01-08 10:08:18,281 [Mini-Cluster-Provider-Create] INFO  server.RaftServerConfigKeys (ConfUtils.java:logGet(46)) - raft.server.threadpool.proxy.size = 0 (default)
2024-01-08 10:08:18,281 [6df5c950-b1f8-41e9-a8bd-47cd1228c3d6-impl-thread1] INFO  server.RaftServer (RaftServerProxy.java:initGroupDir(264)) - 6df5c950-b1f8-41e9-a8bd-47cd1228c3d6: found a subdirectory /home/runner/work/ozone/ozone/hadoop-ozone/integration-test/target/test-dir/MiniOzoneClusterImpl-fb8bf8f7-2439-41c0-942a-a4029f90a766/datanode-2/data/ratis/tmp
2024-01-08 10:08:18,281 [6df5c950-b1f8-41e9-a8bd-47cd1228c3d6-impl-thread1] INFO  server.RaftServer (RaftServerProxy.java:initGroupDir(269)) - 6df5c950-b1f8-41e9-a8bd-47cd1228c3d6: The directory /home/runner/work/ozone/ozone/hadoop-ozone/integration-test/target/test-dir/MiniOzoneClusterImpl-fb8bf8f7-2439-41c0-942a-a4029f90a766/datanode-2/data/ratis/tmp is not a group directory; ignoring it. 
2024-01-08 10:08:18,283 [Mini-Cluster-Provider-Create] INFO  replication.ReplicationServer (ReplicationServer.java:<init>(85)) - Initializing replication server with thread count = 10 queue length = 4096
2024-01-08 10:08:18,284 [Mini-Cluster-Provider-Create] INFO  server.XceiverServerGrpc (XceiverServerGrpc.java:<init>(141)) - GrpcServer channel type EpollServerSocketChannel
2024-01-08 10:08:18,285 [Mini-Cluster-Provider-Create] INFO  replication.ReplicationSupervisor (ReplicationSupervisor.java:build(163)) - Initializing replication supervisor with thread count = 10
2024-01-08 10:08:18,286 [Mini-Cluster-Provider-Create] INFO  replication.ReplicationSupervisor (ReplicationSupervisor.java:nodeStateUpdated(317)) - Node state updated to IN_SERVICE, scaling executor pool size to 10
2024-01-08 10:08:18,287 [Mini-Cluster-Provider-Create] INFO  http.BaseHttpServer (BaseHttpServer.java:newHttpServer2BuilderForOzone(223)) - Starting Web-server for hddsDatanode at: http://0.0.0.0:15062
2024-01-08 10:08:18,287 [Mini-Cluster-Provider-Create] INFO  http.BaseHttpServer (BaseHttpServer.java:<init>(110)) - Hadoop Security Enabled: false Ozone Security Enabled: false Ozone HTTP Security Enabled: false 
2024-01-08 10:08:18,288 [Mini-Cluster-Provider-Create] WARN  server.AuthenticationFilter (AuthenticationFilter.java:constructSecretProvider(240)) - Unable to initialize FileSignerSecretProvider, falling back to use random secrets. Reason: Could not read signature secret file: /home/runner/hadoop-http-auth-signature-secret
2024-01-08 10:08:18,290 [Mini-Cluster-Provider-Create] INFO  http.HttpRequestLog (HttpRequestLog.java:getRequestLog(86)) - Http request log for http.requests.hddsDatanode is not defined
2024-01-08 10:08:18,291 [Mini-Cluster-Provider-Create] INFO  http.HttpServer2 (HttpServer2.java:addGlobalFilter(1036)) - Added global filter 'safety' (class=org.apache.hadoop.hdds.server.http.HttpServer2$QuotingInputFilter)
2024-01-08 10:08:18,291 [Mini-Cluster-Provider-Create] INFO  http.HttpServer2 (HttpServer2.java:addFilter(1012)) - Added filter static_user_filter (class=org.apache.hadoop.http.lib.StaticUserWebFilter$StaticUserFilter) to context hddsDatanode
2024-01-08 10:08:18,291 [Mini-Cluster-Provider-Create] INFO  http.HttpServer2 (HttpServer2.java:addFilter(1020)) - Added filter static_user_filter (class=org.apache.hadoop.http.lib.StaticUserWebFilter$StaticUserFilter) to context static
2024-01-08 10:08:18,291 [Mini-Cluster-Provider-Create] INFO  http.HttpServer2 (HttpServer2.java:addFilter(1020)) - Added filter static_user_filter (class=org.apache.hadoop.http.lib.StaticUserWebFilter$StaticUserFilter) to context logs
2024-01-08 10:08:18,292 [Mini-Cluster-Provider-Create] INFO  http.BaseHttpServer (BaseHttpServer.java:<init>(189)) - HTTP server of hddsDatanode uses base directory /home/runner/work/ozone/ozone/hadoop-ozone/integration-test/target/test-dir/MiniOzoneClusterImpl-fb8bf8f7-2439-41c0-942a-a4029f90a766/datanode-2/meta/webserver
2024-01-08 10:08:18,292 [Mini-Cluster-Provider-Create] INFO  http.HttpServer2 (HttpServer2.java:bindListener(1236)) - Jetty bound to port 15062
2024-01-08 10:08:18,292 [Mini-Cluster-Provider-Create] INFO  server.Server (Server.java:doStart(375)) - jetty-9.4.53.v20231009; built: 2023-10-09T12:29:09.265Z; git: 27bde00a0b95a1d5bbee0eae7984f891d2d0f8c9; jvm 1.8.0_392-b08
2024-01-08 10:08:18,298 [Mini-Cluster-Provider-Create] INFO  server.session (DefaultSessionIdManager.java:doStart(334)) - DefaultSessionIdManager workerName=node0
2024-01-08 10:08:18,298 [Mini-Cluster-Provider-Create] INFO  server.session (DefaultSessionIdManager.java:doStart(339)) - No SessionScavenger set, using defaults
2024-01-08 10:08:18,298 [Mini-Cluster-Provider-Create] INFO  server.session (HouseKeeper.java:startScavenging(132)) - node0 Scavenging every 660000ms
2024-01-08 10:08:18,298 [Mini-Cluster-Provider-Create] INFO  handler.ContextHandler (ContextHandler.java:doStart(921)) - Started o.e.j.s.ServletContextHandler@70e2c16d{logs,/logs,file:///home/runner/work/ozone/ozone/hadoop-ozone/integration-test/target/log,AVAILABLE}
2024-01-08 10:08:18,299 [Mini-Cluster-Provider-Create] INFO  handler.ContextHandler (ContextHandler.java:doStart(921)) - Started o.e.j.s.ServletContextHandler@245c6a35{static,/static,jar:file:/home/runner/.m2/repository/org/apache/ozone/hdds-container-service/1.5.0-SNAPSHOT/hdds-container-service-1.5.0-SNAPSHOT.jar!/webapps/static,AVAILABLE}
2024-01-08 10:08:18,331 [Mini-Cluster-Provider-Create] INFO  handler.ContextHandler (ContextHandler.java:doStart(921)) - Started o.e.j.w.WebAppContext@6f39c56e{hddsDatanode,/,file:///home/runner/work/ozone/ozone/hadoop-ozone/integration-test/target/test-dir/MiniOzoneClusterImpl-fb8bf8f7-2439-41c0-942a-a4029f90a766/datanode-2/meta/webserver/jetty-0_0_0_0-15062-hdds-container-service-1_5_0-SNAPSHOT_jar-_-any-8554476792499420448/webapp/,AVAILABLE}{jar:file:/home/runner/.m2/repository/org/apache/ozone/hdds-container-service/1.5.0-SNAPSHOT/hdds-container-service-1.5.0-SNAPSHOT.jar!/webapps/hddsDatanode}
2024-01-08 10:08:18,332 [Mini-Cluster-Provider-Create] INFO  server.AbstractConnector (AbstractConnector.java:doStart(333)) - Started ServerConnector@f33f982{HTTP/1.1, (http/1.1)}{0.0.0.0:15062}
2024-01-08 10:08:18,332 [Mini-Cluster-Provider-Create] INFO  server.Server (Server.java:doStart(415)) - Started @20148ms
2024-01-08 10:08:18,332 [Mini-Cluster-Provider-Create] WARN  impl.MetricsSystemImpl (MetricsSystemImpl.java:register(279)) - Sink prometheus already exists!
2024-01-08 10:08:18,333 [Mini-Cluster-Provider-Create] INFO  http.BaseHttpServer (BaseHttpServer.java:updateConnectorAddress(354)) - HTTP server of hddsDatanode listening at http://0.0.0.0:15062
2024-01-08 10:08:18,333 [Mini-Cluster-Provider-Create] INFO  ipc.CallQueueManager (CallQueueManager.java:<init>(90)) - Using callQueue: class java.util.concurrent.LinkedBlockingQueue, queueCapacity: 100, scheduler: class org.apache.hadoop.ipc.DefaultRpcScheduler, ipcBackoff: false.
2024-01-08 10:08:18,333 [Mini-Cluster-Provider-Create] INFO  ipc.Server (Server.java:<init>(1287)) - Listener at 0.0.0.0:15063
2024-01-08 10:08:18,333 [Socket Reader #1 for port 15063] INFO  ipc.Server (Server.java:run(1323)) - Starting Socket Reader #1 for port 15063
2024-01-08 10:08:18,337 [Mini-Cluster-Provider-Create] INFO  ozone.HddsDatanodeService (HddsDatanodeService.java:start(324)) - Datanode start with admins: [runner]
2024-01-08 10:08:18,337 [Mini-Cluster-Provider-Create] INFO  ozone.HddsDatanodeClientProtocolServer (HddsDatanodeClientProtocolServer.java:start(72)) - RPC server for Client /0.0.0.0:15063
2024-01-08 10:08:18,337 [IPC Server Responder] INFO  ipc.Server (Server.java:run(1562)) - IPC Server Responder: starting
2024-01-08 10:08:18,339 [IPC Server listener on 15063] INFO  ipc.Server (Server.java:run(1402)) - IPC Server listener on 15063: starting
2024-01-08 10:08:18,339 [6df5c950-b1f8-41e9-a8bd-47cd1228c3d6-DatanodeStateMachineDaemonThread] INFO  statemachine.DatanodeStateMachine (DatanodeStateMachine.java:lambda$startDaemon$1(555)) - Ozone container server started.
2024-01-08 10:08:18,341 [Mini-Cluster-Provider-Create] INFO  ozone.MiniOzoneClusterImpl (MiniOzoneClusterImpl.java:lambda$waitForClusterToBeReady$0(230)) - Waiting for nodes to be ready. Got 0 of 3 DN Heartbeats.
2024-01-08 10:08:18,343 [Mini-Cluster-Provider-Create] INFO  ozone.MiniOzoneClusterImpl (MiniOzoneClusterImpl.java:lambda$waitForClusterToBeReady$0(233)) - Waiting for cluster to exit safe mode
2024-01-08 10:08:18,343 [Mini-Cluster-Provider-Create] INFO  ozone.MiniOzoneClusterImpl (MiniOzoneClusterImpl.java:lambda$waitForClusterToBeReady$0(235)) - SCM became leader
2024-01-08 10:08:18,345 [6df5c950-b1f8-41e9-a8bd-47cd1228c3d6-DatanodeStateMachineTaskThread-0] INFO  datanode.InitDatanodeState (InitDatanodeState.java:persistContainerDatanodeDetails(139)) - DatanodeDetails is persisted to /home/runner/work/ozone/ozone/hadoop-ozone/integration-test/target/test-dir/MiniOzoneClusterImpl-fb8bf8f7-2439-41c0-942a-a4029f90a766/datanode-2/meta/datanode.id
2024-01-08 10:08:18,448 [b5f002a5-35f0-4e5a-a46f-90a89988a4c4-impl-thread1] INFO  segmented.SegmentedRaftLogWorker (SegmentedRaftLogWorker.java:close(243)) - b5f002a5-35f0-4e5a-a46f-90a89988a4c4@group-A5F7B5452D65-SegmentedRaftLogWorker close()
2024-01-08 10:08:18,608 [b5f002a5-35f0-4e5a-a46f-90a89988a4c4-impl-thread3] INFO  segmented.SegmentedRaftLogWorker (SegmentedRaftLogWorker.java:close(243)) - b5f002a5-35f0-4e5a-a46f-90a89988a4c4@group-538E3B61F6E1-SegmentedRaftLogWorker close()
2024-01-08 10:08:18,691 [b5f002a5-35f0-4e5a-a46f-90a89988a4c4-impl-thread2] INFO  segmented.SegmentedRaftLogWorker (SegmentedRaftLogWorker.java:close(243)) - b5f002a5-35f0-4e5a-a46f-90a89988a4c4@group-D7A10CDB4DBC-SegmentedRaftLogWorker close()
2024-01-08 10:08:18,693 [JvmPauseMonitor2] INFO  util.JvmPauseMonitor (JvmPauseMonitor.java:run(152)) - JvmPauseMonitor-b5f002a5-35f0-4e5a-a46f-90a89988a4c4: Stopped
2024-01-08 10:08:19,008 [om1@group-C5BA1605619E-FollowerState] INFO  impl.FollowerState (FollowerState.java:run(143)) - om1@group-C5BA1605619E-FollowerState: change to CANDIDATE, lastRpcElapsedTime:1184075744ns, electionTimeout:1180ms
2024-01-08 10:08:19,008 [om1@group-C5BA1605619E-FollowerState] INFO  impl.RoleInfo (RoleInfo.java:shutdownFollowerState(110)) - om1: shutdown om1@group-C5BA1605619E-FollowerState
2024-01-08 10:08:19,008 [om1@group-C5BA1605619E-FollowerState] INFO  server.RaftServer$Division (RaftServerImpl.java:setRole(379)) - om1@group-C5BA1605619E: changes role from  FOLLOWER to CANDIDATE at term 0 for changeToCandidate
2024-01-08 10:08:19,008 [om1@group-C5BA1605619E-FollowerState] INFO  server.RaftServerConfigKeys (ConfUtils.java:logGet(46)) - raft.server.leaderelection.pre-vote = true (default)
2024-01-08 10:08:19,008 [om1@group-C5BA1605619E-FollowerState] INFO  impl.RoleInfo (RoleInfo.java:updateAndGet(139)) - om1: start om1@group-C5BA1605619E-LeaderElection8
2024-01-08 10:08:19,009 [om1@group-C5BA1605619E-LeaderElection8] INFO  impl.LeaderElection (LeaderElection.java:askForVotes(323)) - om1@group-C5BA1605619E-LeaderElection8 PRE_VOTE round 0: submit vote requests at term 0 for -1: peers:[om1|localhost:15042]|listeners:[], old=null
2024-01-08 10:08:19,009 [om1@group-C5BA1605619E-LeaderElection8] INFO  impl.LeaderElection (LeaderElection.java:askForVotes(325)) - om1@group-C5BA1605619E-LeaderElection8 PRE_VOTE round 0: result PASSED (term=0)
2024-01-08 10:08:19,011 [om1@group-C5BA1605619E-LeaderElection8] INFO  impl.LeaderElection (LeaderElection.java:askForVotes(323)) - om1@group-C5BA1605619E-LeaderElection8 ELECTION round 0: submit vote requests at term 1 for -1: peers:[om1|localhost:15042]|listeners:[], old=null
2024-01-08 10:08:19,011 [om1@group-C5BA1605619E-LeaderElection8] INFO  impl.LeaderElection (LeaderElection.java:askForVotes(325)) - om1@group-C5BA1605619E-LeaderElection8 ELECTION round 0: result PASSED (term=1)
2024-01-08 10:08:19,011 [om1@group-C5BA1605619E-LeaderElection8] INFO  impl.RoleInfo (RoleInfo.java:shutdownLeaderElection(130)) - om1: shutdown om1@group-C5BA1605619E-LeaderElection8
2024-01-08 10:08:19,011 [om1@group-C5BA1605619E-LeaderElection8] INFO  server.RaftServer$Division (RaftServerImpl.java:setRole(379)) - om1@group-C5BA1605619E: changes role from CANDIDATE to LEADER at term 1 for changeToLeader
2024-01-08 10:08:19,011 [om1@group-C5BA1605619E-LeaderElection8] INFO  server.RaftServerConfigKeys (ConfUtils.java:logGet(46)) - raft.server.staging.catchup.gap = 1000 (default)
2024-01-08 10:08:19,011 [om1@group-C5BA1605619E-LeaderElection8] INFO  server.RaftServerConfigKeys (ConfUtils.java:logGet(46)) - raft.server.write.element-limit = 4096 (default)
2024-01-08 10:08:19,011 [om1@group-C5BA1605619E-LeaderElection8] INFO  server.RaftServerConfigKeys (ConfUtils.java:logGet(46)) - raft.server.write.byte-limit = 64MB (=67108864) (default)
2024-01-08 10:08:19,011 [om1@group-C5BA1605619E-LeaderElection8] INFO  server.RaftServerConfigKeys (ConfUtils.java:logGet(46)) - raft.server.watch.timeout = 10s (default)
2024-01-08 10:08:19,011 [om1@group-C5BA1605619E-LeaderElection8] INFO  server.RaftServerConfigKeys (ConfUtils.java:logGet(46)) - raft.server.watch.timeout.denomination = 1s (default)
2024-01-08 10:08:19,011 [om1@group-C5BA1605619E-LeaderElection8] INFO  server.RaftServerConfigKeys (ConfUtils.java:logGet(46)) - raft.server.watch.element-limit = 65536 (default)
2024-01-08 10:08:19,011 [om1@group-C5BA1605619E-LeaderElection8] INFO  server.RaftServerConfigKeys (ConfUtils.java:logGet(46)) - raft.server.read.leader.lease.enabled = false (default)
2024-01-08 10:08:19,011 [om1@group-C5BA1605619E-LeaderElection8] INFO  server.RaftServerConfigKeys (ConfUtils.java:logGet(46)) - raft.server.read.leader.lease.timeout.ratio = 0.9 (default)
2024-01-08 10:08:19,011 [om1@group-C5BA1605619E-LeaderElection8] INFO  server.RaftServerConfigKeys (ConfUtils.java:logGet(46)) - raft.server.rpc.timeout.min = 1s (custom)
2024-01-08 10:08:19,011 [om1@group-C5BA1605619E-LeaderElection8] INFO  server.RaftServerConfigKeys (ConfUtils.java:logGet(46)) - raft.server.write.element-limit = 4096 (default)
2024-01-08 10:08:19,012 [om1@group-C5BA1605619E-LeaderElection8] INFO  server.RaftServerConfigKeys (ConfUtils.java:logGet(46)) - raft.server.write.follower.gap.ratio.max = -1.0 (default)
2024-01-08 10:08:19,012 [om1@group-C5BA1605619E-LeaderElection8] INFO  impl.RoleInfo (RoleInfo.java:updateAndGet(139)) - om1: start om1@group-C5BA1605619E-LeaderStateImpl
2024-01-08 10:08:19,012 [om1@group-C5BA1605619E-LeaderElection8] INFO  server.RaftServer$Division (RaftServerImpl.java:setFirstElection(564)) - om1@group-C5BA1605619E: set firstElectionSinceStartup to false for becomeLeader
2024-01-08 10:08:19,012 [om1@group-C5BA1605619E-LeaderElection8] INFO  server.RaftServer$Division (ServerState.java:setLeader(265)) - om1@group-C5BA1605619E: change Leader from null to om1 at term 1 for becomeLeader, leader elected after 1572ms
2024-01-08 10:08:19,013 [om1@group-C5BA1605619E-LeaderElection8] INFO  segmented.SegmentedRaftLogWorker (SegmentedRaftLogWorker.java:startLogSegment(428)) - om1@group-C5BA1605619E-SegmentedRaftLogWorker: Starting segment from index:0
2024-01-08 10:08:19,013 [om1@group-C5BA1605619E-LeaderElection8] INFO  server.RaftServer$Division (ServerState.java:setRaftConf(382)) - om1@group-C5BA1605619E: set configuration 0: peers:[om1|localhost:15042]|listeners:[], old=null
2024-01-08 10:08:19,021 [om1@group-C5BA1605619E-SegmentedRaftLogWorker] INFO  segmented.SegmentedRaftLogWorker (SegmentedRaftLogWorker.java:execute(632)) - om1@group-C5BA1605619E-SegmentedRaftLogWorker: created new log segment /home/runner/work/ozone/ozone/hadoop-ozone/integration-test/target/test-dir/MiniOzoneClusterImpl-fb8bf8f7-2439-41c0-942a-a4029f90a766/ozone-meta/ratis/bf265839-605b-3f16-9796-c5ba1605619e/current/log_inprogress_0
2024-01-08 10:08:19,021 [om1@group-C5BA1605619E-StateMachineUpdater] INFO  ratis.OzoneManagerStateMachine (OzoneManagerStateMachine.java:notifyConfigurationChanged(213)) - Received Configuration change notification from Ratis. New Peer list:
[id: "om1"
address: "localhost:15042"
startupRole: FOLLOWER
]
2024-01-08 10:08:19,021 [om1@group-C5BA1605619E-StateMachineUpdater] INFO  server.RaftServer$Division (LeaderStateImpl.java:isApplied(316)) - leader is ready since appliedIndex == 0 >= startIndex == 0
2024-01-08 10:08:19,343 [Mini-Cluster-Provider-Create] INFO  ozone.MiniOzoneClusterImpl (MiniOzoneClusterImpl.java:lambda$waitForClusterToBeReady$0(230)) - Waiting for nodes to be ready. Got 0 of 3 DN Heartbeats.
2024-01-08 10:08:19,343 [Mini-Cluster-Provider-Create] INFO  ozone.MiniOzoneClusterImpl (MiniOzoneClusterImpl.java:lambda$waitForClusterToBeReady$0(233)) - Waiting for cluster to exit safe mode
2024-01-08 10:08:19,343 [Mini-Cluster-Provider-Create] INFO  ozone.MiniOzoneClusterImpl (MiniOzoneClusterImpl.java:lambda$waitForClusterToBeReady$0(235)) - SCM became leader
2024-01-08 10:08:19,955 [grpc-default-executor-3] WARN  server.GrpcLogAppender (LogUtils.java:warn(121)) - bba1c53a-a6f8-4b7f-a0a1-8d65da7b011f@group-A5F7B5452D65->b5f002a5-35f0-4e5a-a46f-90a89988a4c4-AppendLogResponseHandler: Failed appendEntries: org.apache.ratis.thirdparty.io.grpc.StatusRuntimeException: UNAVAILABLE: io exception
2024-01-08 10:08:19,956 [grpc-default-executor-0] WARN  server.GrpcLogAppender (LogUtils.java:warn(121)) - bba1c53a-a6f8-4b7f-a0a1-8d65da7b011f@group-A5F7B5452D65->b5f002a5-35f0-4e5a-a46f-90a89988a4c4-AppendLogResponseHandler: Failed appendEntries: org.apache.ratis.thirdparty.io.grpc.StatusRuntimeException: UNAVAILABLE: io exception
2024-01-08 10:08:19,956 [grpc-default-executor-3] WARN  server.GrpcLogAppender (GrpcLogAppender.java:resetClient(140)) - bba1c53a-a6f8-4b7f-a0a1-8d65da7b011f@group-A5F7B5452D65->b5f002a5-35f0-4e5a-a46f-90a89988a4c4-GrpcLogAppender: Follower failed and request == null,  keep nextIndex (1) unchanged and retry.
2024-01-08 10:08:19,957 [grpc-default-executor-0] WARN  server.GrpcLogAppender (GrpcLogAppender.java:resetClient(140)) - bba1c53a-a6f8-4b7f-a0a1-8d65da7b011f@group-A5F7B5452D65->b5f002a5-35f0-4e5a-a46f-90a89988a4c4-GrpcLogAppender: Follower failed and request == null,  keep nextIndex (1) unchanged and retry.
2024-01-08 10:08:20,155 [d591e5af-e8f5-464c-8a55-75d5e8fc5b83-EndpointStateMachineTaskThread-/0.0.0.0:15037-0 ] INFO  utils.DatanodeStoreCache (DatanodeStoreCache.java:addDB(66)) - Added db /home/runner/work/ozone/ozone/hadoop-ozone/integration-test/target/test-dir/MiniOzoneClusterImpl-fb8bf8f7-2439-41c0-942a-a4029f90a766/datanode-0/data-0/containers/hdds/fb8bf8f7-2439-41c0-942a-a4029f90a766/DS-a641c489-69e0-4ca8-b025-a2c62b83c62d/container.db to cache
2024-01-08 10:08:20,155 [d591e5af-e8f5-464c-8a55-75d5e8fc5b83-EndpointStateMachineTaskThread-/0.0.0.0:15037-0 ] INFO  volume.HddsVolume (HddsVolume.java:createDbStore(420)) - SchemaV3 db is created and loaded at /home/runner/work/ozone/ozone/hadoop-ozone/integration-test/target/test-dir/MiniOzoneClusterImpl-fb8bf8f7-2439-41c0-942a-a4029f90a766/datanode-0/data-0/containers/hdds/fb8bf8f7-2439-41c0-942a-a4029f90a766/DS-a641c489-69e0-4ca8-b025-a2c62b83c62d/container.db for volume DS-a641c489-69e0-4ca8-b025-a2c62b83c62d
2024-01-08 10:08:20,157 [d591e5af-e8f5-464c-8a55-75d5e8fc5b83-EndpointStateMachineTaskThread-/0.0.0.0:15037-0 ] INFO  volume.ThrottledAsyncChecker (ThrottledAsyncChecker.java:schedule(141)) - Scheduling a check for /home/runner/work/ozone/ozone/hadoop-ozone/integration-test/target/test-dir/MiniOzoneClusterImpl-fb8bf8f7-2439-41c0-942a-a4029f90a766/datanode-0/data-0/containers/hdds
2024-01-08 10:08:20,157 [d591e5af-e8f5-464c-8a55-75d5e8fc5b83-EndpointStateMachineTaskThread-/0.0.0.0:15037-0 ] INFO  volume.StorageVolumeChecker (StorageVolumeChecker.java:checkAllVolumes(218)) - Scheduled health check for volume /home/runner/work/ozone/ozone/hadoop-ozone/integration-test/target/test-dir/MiniOzoneClusterImpl-fb8bf8f7-2439-41c0-942a-a4029f90a766/datanode-0/data-0/containers/hdds
2024-01-08 10:08:20,159 [d591e5af-e8f5-464c-8a55-75d5e8fc5b83-EndpointStateMachineTaskThread-/0.0.0.0:15037-0 ] INFO  volume.ThrottledAsyncChecker (ThrottledAsyncChecker.java:schedule(141)) - Scheduling a check for /home/runner/work/ozone/ozone/hadoop-ozone/integration-test/target/test-dir/MiniOzoneClusterImpl-fb8bf8f7-2439-41c0-942a-a4029f90a766/datanode-0/data/ratis
2024-01-08 10:08:20,159 [d591e5af-e8f5-464c-8a55-75d5e8fc5b83-EndpointStateMachineTaskThread-/0.0.0.0:15037-0 ] INFO  volume.StorageVolumeChecker (StorageVolumeChecker.java:checkAllVolumes(218)) - Scheduled health check for volume /home/runner/work/ozone/ozone/hadoop-ozone/integration-test/target/test-dir/MiniOzoneClusterImpl-fb8bf8f7-2439-41c0-942a-a4029f90a766/datanode-0/data/ratis
2024-01-08 10:08:20,160 [d591e5af-e8f5-464c-8a55-75d5e8fc5b83-EndpointStateMachineTaskThread-/0.0.0.0:15037-0 ] INFO  ozoneimpl.OzoneContainer (OzoneContainer.java:start(441)) - Attempting to start container services.
2024-01-08 10:08:20,160 [d591e5af-e8f5-464c-8a55-75d5e8fc5b83-EndpointStateMachineTaskThread-/0.0.0.0:15037-0 ] INFO  ozoneimpl.OzoneContainer (OzoneContainer.java:startContainerScrub(337)) - Scheduled background container scanners and the on-demand container scanner have been disabled.
2024-01-08 10:08:20,162 [d591e5af-e8f5-464c-8a55-75d5e8fc5b83-EndpointStateMachineTaskThread-/0.0.0.0:15037-0 ] INFO  replication.ReplicationServer (ReplicationServer.java:start(139)) - ReplicationServer is started using port 15051
2024-01-08 10:08:20,162 [d591e5af-e8f5-464c-8a55-75d5e8fc5b83-EndpointStateMachineTaskThread-/0.0.0.0:15037-0 ] INFO  ratis.XceiverServerRatis (XceiverServerRatis.java:start(549)) - Starting XceiverServerRatis d591e5af-e8f5-464c-8a55-75d5e8fc5b83
2024-01-08 10:08:20,162 [d591e5af-e8f5-464c-8a55-75d5e8fc5b83-EndpointStateMachineTaskThread-/0.0.0.0:15037-0 ] INFO  server.RaftServer (RaftServerProxy.java:startImpl(406)) - d591e5af-e8f5-464c-8a55-75d5e8fc5b83: start RPC server
2024-01-08 10:08:20,166 [d591e5af-e8f5-464c-8a55-75d5e8fc5b83-EndpointStateMachineTaskThread-/0.0.0.0:15037-0 ] INFO  server.GrpcService (GrpcService.java:startImpl(302)) - d591e5af-e8f5-464c-8a55-75d5e8fc5b83: GrpcService started, listening on 15047
2024-01-08 10:08:20,170 [d591e5af-e8f5-464c-8a55-75d5e8fc5b83-EndpointStateMachineTaskThread-/0.0.0.0:15037-0 ] INFO  server.GrpcService (GrpcService.java:startImpl(302)) - d591e5af-e8f5-464c-8a55-75d5e8fc5b83: GrpcService started, listening on 15049
2024-01-08 10:08:20,171 [d591e5af-e8f5-464c-8a55-75d5e8fc5b83-EndpointStateMachineTaskThread-/0.0.0.0:15037-0 ] INFO  server.GrpcService (GrpcService.java:startImpl(302)) - d591e5af-e8f5-464c-8a55-75d5e8fc5b83: GrpcService started, listening on 15048
2024-01-08 10:08:20,171 [d591e5af-e8f5-464c-8a55-75d5e8fc5b83-EndpointStateMachineTaskThread-/0.0.0.0:15037-0 ] INFO  ratis.XceiverServerRatis (XceiverServerRatis.java:getRealPort(575)) - XceiverServerRatis d591e5af-e8f5-464c-8a55-75d5e8fc5b83 is started using port 15047 for RATIS
2024-01-08 10:08:20,171 [JvmPauseMonitor7] INFO  util.JvmPauseMonitor (JvmPauseMonitor.java:run(146)) - JvmPauseMonitor-d591e5af-e8f5-464c-8a55-75d5e8fc5b83: Started
2024-01-08 10:08:20,171 [d591e5af-e8f5-464c-8a55-75d5e8fc5b83-EndpointStateMachineTaskThread-/0.0.0.0:15037-0 ] INFO  ratis.XceiverServerRatis (XceiverServerRatis.java:getRealPort(575)) - XceiverServerRatis d591e5af-e8f5-464c-8a55-75d5e8fc5b83 is started using port 15048 for RATIS_ADMIN
2024-01-08 10:08:20,172 [d591e5af-e8f5-464c-8a55-75d5e8fc5b83-EndpointStateMachineTaskThread-/0.0.0.0:15037-0 ] INFO  ratis.XceiverServerRatis (XceiverServerRatis.java:getRealPort(575)) - XceiverServerRatis d591e5af-e8f5-464c-8a55-75d5e8fc5b83 is started using port 15049 for RATIS_SERVER
2024-01-08 10:08:20,172 [d591e5af-e8f5-464c-8a55-75d5e8fc5b83-EndpointStateMachineTaskThread-/0.0.0.0:15037-0 ] INFO  ratis.XceiverServerRatis (XceiverServerRatis.java:getRealPort(575)) - XceiverServerRatis d591e5af-e8f5-464c-8a55-75d5e8fc5b83 is started using port 15050 for RATIS_DATASTREAM
2024-01-08 10:08:20,174 [d591e5af-e8f5-464c-8a55-75d5e8fc5b83-BlockDeletingService#0] INFO  interfaces.ContainerDeletionChoosingPolicyTemplate (ContainerDeletionChoosingPolicyTemplate.java:chooseContainerForBlockDeletion(85)) - Chosen 0/5000 blocks from 0 candidate containers.
2024-01-08 10:08:20,244 [e6c09ac7-730a-4058-a1a8-e64ffc2fb789-EndpointStateMachineTaskThread-/0.0.0.0:15037-0 ] INFO  utils.DatanodeStoreCache (DatanodeStoreCache.java:addDB(66)) - Added db /home/runner/work/ozone/ozone/hadoop-ozone/integration-test/target/test-dir/MiniOzoneClusterImpl-fb8bf8f7-2439-41c0-942a-a4029f90a766/datanode-1/data-0/containers/hdds/fb8bf8f7-2439-41c0-942a-a4029f90a766/DS-ddfcd824-c60b-4f3a-a7e1-d4e04094a105/container.db to cache
2024-01-08 10:08:20,244 [e6c09ac7-730a-4058-a1a8-e64ffc2fb789-EndpointStateMachineTaskThread-/0.0.0.0:15037-0 ] INFO  volume.HddsVolume (HddsVolume.java:createDbStore(420)) - SchemaV3 db is created and loaded at /home/runner/work/ozone/ozone/hadoop-ozone/integration-test/target/test-dir/MiniOzoneClusterImpl-fb8bf8f7-2439-41c0-942a-a4029f90a766/datanode-1/data-0/containers/hdds/fb8bf8f7-2439-41c0-942a-a4029f90a766/DS-ddfcd824-c60b-4f3a-a7e1-d4e04094a105/container.db for volume DS-ddfcd824-c60b-4f3a-a7e1-d4e04094a105
2024-01-08 10:08:20,246 [e6c09ac7-730a-4058-a1a8-e64ffc2fb789-EndpointStateMachineTaskThread-/0.0.0.0:15037-0 ] INFO  volume.ThrottledAsyncChecker (ThrottledAsyncChecker.java:schedule(141)) - Scheduling a check for /home/runner/work/ozone/ozone/hadoop-ozone/integration-test/target/test-dir/MiniOzoneClusterImpl-fb8bf8f7-2439-41c0-942a-a4029f90a766/datanode-1/data-0/containers/hdds
2024-01-08 10:08:20,246 [e6c09ac7-730a-4058-a1a8-e64ffc2fb789-EndpointStateMachineTaskThread-/0.0.0.0:15037-0 ] INFO  volume.StorageVolumeChecker (StorageVolumeChecker.java:checkAllVolumes(218)) - Scheduled health check for volume /home/runner/work/ozone/ozone/hadoop-ozone/integration-test/target/test-dir/MiniOzoneClusterImpl-fb8bf8f7-2439-41c0-942a-a4029f90a766/datanode-1/data-0/containers/hdds
2024-01-08 10:08:20,248 [e6c09ac7-730a-4058-a1a8-e64ffc2fb789-EndpointStateMachineTaskThread-/0.0.0.0:15037-0 ] INFO  volume.ThrottledAsyncChecker (ThrottledAsyncChecker.java:schedule(141)) - Scheduling a check for /home/runner/work/ozone/ozone/hadoop-ozone/integration-test/target/test-dir/MiniOzoneClusterImpl-fb8bf8f7-2439-41c0-942a-a4029f90a766/datanode-1/data/ratis
2024-01-08 10:08:20,248 [e6c09ac7-730a-4058-a1a8-e64ffc2fb789-EndpointStateMachineTaskThread-/0.0.0.0:15037-0 ] INFO  volume.StorageVolumeChecker (StorageVolumeChecker.java:checkAllVolumes(218)) - Scheduled health check for volume /home/runner/work/ozone/ozone/hadoop-ozone/integration-test/target/test-dir/MiniOzoneClusterImpl-fb8bf8f7-2439-41c0-942a-a4029f90a766/datanode-1/data/ratis
2024-01-08 10:08:20,249 [e6c09ac7-730a-4058-a1a8-e64ffc2fb789-EndpointStateMachineTaskThread-/0.0.0.0:15037-0 ] INFO  ozoneimpl.OzoneContainer (OzoneContainer.java:start(441)) - Attempting to start container services.
2024-01-08 10:08:20,249 [e6c09ac7-730a-4058-a1a8-e64ffc2fb789-EndpointStateMachineTaskThread-/0.0.0.0:15037-0 ] INFO  ozoneimpl.OzoneContainer (OzoneContainer.java:startContainerScrub(337)) - Scheduled background container scanners and the on-demand container scanner have been disabled.
2024-01-08 10:08:20,250 [e6c09ac7-730a-4058-a1a8-e64ffc2fb789-EndpointStateMachineTaskThread-/0.0.0.0:15037-0 ] INFO  replication.ReplicationServer (ReplicationServer.java:start(139)) - ReplicationServer is started using port 15060
2024-01-08 10:08:20,250 [e6c09ac7-730a-4058-a1a8-e64ffc2fb789-EndpointStateMachineTaskThread-/0.0.0.0:15037-0 ] INFO  ratis.XceiverServerRatis (XceiverServerRatis.java:start(549)) - Starting XceiverServerRatis e6c09ac7-730a-4058-a1a8-e64ffc2fb789
2024-01-08 10:08:20,251 [e6c09ac7-730a-4058-a1a8-e64ffc2fb789-EndpointStateMachineTaskThread-/0.0.0.0:15037-0 ] INFO  server.RaftServer (RaftServerProxy.java:startImpl(406)) - e6c09ac7-730a-4058-a1a8-e64ffc2fb789: start RPC server
2024-01-08 10:08:20,252 [e6c09ac7-730a-4058-a1a8-e64ffc2fb789-EndpointStateMachineTaskThread-/0.0.0.0:15037-0 ] INFO  server.GrpcService (GrpcService.java:startImpl(302)) - e6c09ac7-730a-4058-a1a8-e64ffc2fb789: GrpcService started, listening on 15056
2024-01-08 10:08:20,254 [e6c09ac7-730a-4058-a1a8-e64ffc2fb789-EndpointStateMachineTaskThread-/0.0.0.0:15037-0 ] INFO  server.GrpcService (GrpcService.java:startImpl(302)) - e6c09ac7-730a-4058-a1a8-e64ffc2fb789: GrpcService started, listening on 15058
2024-01-08 10:08:20,255 [e6c09ac7-730a-4058-a1a8-e64ffc2fb789-EndpointStateMachineTaskThread-/0.0.0.0:15037-0 ] INFO  server.GrpcService (GrpcService.java:startImpl(302)) - e6c09ac7-730a-4058-a1a8-e64ffc2fb789: GrpcService started, listening on 15057
2024-01-08 10:08:20,255 [e6c09ac7-730a-4058-a1a8-e64ffc2fb789-EndpointStateMachineTaskThread-/0.0.0.0:15037-0 ] INFO  ratis.XceiverServerRatis (XceiverServerRatis.java:getRealPort(575)) - XceiverServerRatis e6c09ac7-730a-4058-a1a8-e64ffc2fb789 is started using port 15056 for RATIS
2024-01-08 10:08:20,255 [JvmPauseMonitor8] INFO  util.JvmPauseMonitor (JvmPauseMonitor.java:run(146)) - JvmPauseMonitor-e6c09ac7-730a-4058-a1a8-e64ffc2fb789: Started
2024-01-08 10:08:20,255 [e6c09ac7-730a-4058-a1a8-e64ffc2fb789-EndpointStateMachineTaskThread-/0.0.0.0:15037-0 ] INFO  ratis.XceiverServerRatis (XceiverServerRatis.java:getRealPort(575)) - XceiverServerRatis e6c09ac7-730a-4058-a1a8-e64ffc2fb789 is started using port 15057 for RATIS_ADMIN
2024-01-08 10:08:20,256 [e6c09ac7-730a-4058-a1a8-e64ffc2fb789-EndpointStateMachineTaskThread-/0.0.0.0:15037-0 ] INFO  ratis.XceiverServerRatis (XceiverServerRatis.java:getRealPort(575)) - XceiverServerRatis e6c09ac7-730a-4058-a1a8-e64ffc2fb789 is started using port 15058 for RATIS_SERVER
2024-01-08 10:08:20,256 [e6c09ac7-730a-4058-a1a8-e64ffc2fb789-EndpointStateMachineTaskThread-/0.0.0.0:15037-0 ] INFO  ratis.XceiverServerRatis (XceiverServerRatis.java:getRealPort(575)) - XceiverServerRatis e6c09ac7-730a-4058-a1a8-e64ffc2fb789 is started using port 15059 for RATIS_DATASTREAM
2024-01-08 10:08:20,260 [e6c09ac7-730a-4058-a1a8-e64ffc2fb789-BlockDeletingService#0] INFO  interfaces.ContainerDeletionChoosingPolicyTemplate (ContainerDeletionChoosingPolicyTemplate.java:chooseContainerForBlockDeletion(85)) - Chosen 0/5000 blocks from 0 candidate containers.
2024-01-08 10:08:20,343 [Mini-Cluster-Provider-Create] INFO  ozone.MiniOzoneClusterImpl (MiniOzoneClusterImpl.java:lambda$waitForClusterToBeReady$0(230)) - Waiting for nodes to be ready. Got 0 of 3 DN Heartbeats.
2024-01-08 10:08:20,343 [Mini-Cluster-Provider-Create] INFO  ozone.MiniOzoneClusterImpl (MiniOzoneClusterImpl.java:lambda$waitForClusterToBeReady$0(233)) - Waiting for cluster to exit safe mode
2024-01-08 10:08:20,343 [Mini-Cluster-Provider-Create] INFO  ozone.MiniOzoneClusterImpl (MiniOzoneClusterImpl.java:lambda$waitForClusterToBeReady$0(235)) - SCM became leader
2024-01-08 10:08:20,365 [6df5c950-b1f8-41e9-a8bd-47cd1228c3d6-EndpointStateMachineTaskThread-/0.0.0.0:15037-0 ] INFO  utils.DatanodeStoreCache (DatanodeStoreCache.java:addDB(66)) - Added db /home/runner/work/ozone/ozone/hadoop-ozone/integration-test/target/test-dir/MiniOzoneClusterImpl-fb8bf8f7-2439-41c0-942a-a4029f90a766/datanode-2/data-0/containers/hdds/fb8bf8f7-2439-41c0-942a-a4029f90a766/DS-7e32ced9-65d3-459f-ae24-bbbe6d4e57f9/container.db to cache
2024-01-08 10:08:20,365 [6df5c950-b1f8-41e9-a8bd-47cd1228c3d6-EndpointStateMachineTaskThread-/0.0.0.0:15037-0 ] INFO  volume.HddsVolume (HddsVolume.java:createDbStore(420)) - SchemaV3 db is created and loaded at /home/runner/work/ozone/ozone/hadoop-ozone/integration-test/target/test-dir/MiniOzoneClusterImpl-fb8bf8f7-2439-41c0-942a-a4029f90a766/datanode-2/data-0/containers/hdds/fb8bf8f7-2439-41c0-942a-a4029f90a766/DS-7e32ced9-65d3-459f-ae24-bbbe6d4e57f9/container.db for volume DS-7e32ced9-65d3-459f-ae24-bbbe6d4e57f9
2024-01-08 10:08:20,366 [6df5c950-b1f8-41e9-a8bd-47cd1228c3d6-EndpointStateMachineTaskThread-/0.0.0.0:15037-0 ] INFO  volume.ThrottledAsyncChecker (ThrottledAsyncChecker.java:schedule(141)) - Scheduling a check for /home/runner/work/ozone/ozone/hadoop-ozone/integration-test/target/test-dir/MiniOzoneClusterImpl-fb8bf8f7-2439-41c0-942a-a4029f90a766/datanode-2/data-0/containers/hdds
2024-01-08 10:08:20,367 [6df5c950-b1f8-41e9-a8bd-47cd1228c3d6-EndpointStateMachineTaskThread-/0.0.0.0:15037-0 ] INFO  volume.StorageVolumeChecker (StorageVolumeChecker.java:checkAllVolumes(218)) - Scheduled health check for volume /home/runner/work/ozone/ozone/hadoop-ozone/integration-test/target/test-dir/MiniOzoneClusterImpl-fb8bf8f7-2439-41c0-942a-a4029f90a766/datanode-2/data-0/containers/hdds
2024-01-08 10:08:20,368 [6df5c950-b1f8-41e9-a8bd-47cd1228c3d6-EndpointStateMachineTaskThread-/0.0.0.0:15037-0 ] INFO  volume.ThrottledAsyncChecker (ThrottledAsyncChecker.java:schedule(141)) - Scheduling a check for /home/runner/work/ozone/ozone/hadoop-ozone/integration-test/target/test-dir/MiniOzoneClusterImpl-fb8bf8f7-2439-41c0-942a-a4029f90a766/datanode-2/data/ratis
2024-01-08 10:08:20,368 [6df5c950-b1f8-41e9-a8bd-47cd1228c3d6-EndpointStateMachineTaskThread-/0.0.0.0:15037-0 ] INFO  volume.StorageVolumeChecker (StorageVolumeChecker.java:checkAllVolumes(218)) - Scheduled health check for volume /home/runner/work/ozone/ozone/hadoop-ozone/integration-test/target/test-dir/MiniOzoneClusterImpl-fb8bf8f7-2439-41c0-942a-a4029f90a766/datanode-2/data/ratis
2024-01-08 10:08:20,369 [6df5c950-b1f8-41e9-a8bd-47cd1228c3d6-EndpointStateMachineTaskThread-/0.0.0.0:15037-0 ] INFO  ozoneimpl.OzoneContainer (OzoneContainer.java:start(441)) - Attempting to start container services.
2024-01-08 10:08:20,369 [6df5c950-b1f8-41e9-a8bd-47cd1228c3d6-EndpointStateMachineTaskThread-/0.0.0.0:15037-0 ] INFO  ozoneimpl.OzoneContainer (OzoneContainer.java:startContainerScrub(337)) - Scheduled background container scanners and the on-demand container scanner have been disabled.
2024-01-08 10:08:20,370 [6df5c950-b1f8-41e9-a8bd-47cd1228c3d6-EndpointStateMachineTaskThread-/0.0.0.0:15037-0 ] INFO  replication.ReplicationServer (ReplicationServer.java:start(139)) - ReplicationServer is started using port 15069
2024-01-08 10:08:20,370 [6df5c950-b1f8-41e9-a8bd-47cd1228c3d6-EndpointStateMachineTaskThread-/0.0.0.0:15037-0 ] INFO  ratis.XceiverServerRatis (XceiverServerRatis.java:start(549)) - Starting XceiverServerRatis 6df5c950-b1f8-41e9-a8bd-47cd1228c3d6
2024-01-08 10:08:20,371 [6df5c950-b1f8-41e9-a8bd-47cd1228c3d6-EndpointStateMachineTaskThread-/0.0.0.0:15037-0 ] INFO  server.RaftServer (RaftServerProxy.java:startImpl(406)) - 6df5c950-b1f8-41e9-a8bd-47cd1228c3d6: start RPC server
2024-01-08 10:08:20,371 [6df5c950-b1f8-41e9-a8bd-47cd1228c3d6-EndpointStateMachineTaskThread-/0.0.0.0:15037-0 ] INFO  server.GrpcService (GrpcService.java:startImpl(302)) - 6df5c950-b1f8-41e9-a8bd-47cd1228c3d6: GrpcService started, listening on 15065
2024-01-08 10:08:20,372 [6df5c950-b1f8-41e9-a8bd-47cd1228c3d6-EndpointStateMachineTaskThread-/0.0.0.0:15037-0 ] INFO  server.GrpcService (GrpcService.java:startImpl(302)) - 6df5c950-b1f8-41e9-a8bd-47cd1228c3d6: GrpcService started, listening on 15067
2024-01-08 10:08:20,373 [6df5c950-b1f8-41e9-a8bd-47cd1228c3d6-EndpointStateMachineTaskThread-/0.0.0.0:15037-0 ] INFO  server.GrpcService (GrpcService.java:startImpl(302)) - 6df5c950-b1f8-41e9-a8bd-47cd1228c3d6: GrpcService started, listening on 15066
2024-01-08 10:08:20,373 [6df5c950-b1f8-41e9-a8bd-47cd1228c3d6-EndpointStateMachineTaskThread-/0.0.0.0:15037-0 ] INFO  ratis.XceiverServerRatis (XceiverServerRatis.java:getRealPort(575)) - XceiverServerRatis 6df5c950-b1f8-41e9-a8bd-47cd1228c3d6 is started using port 15065 for RATIS
2024-01-08 10:08:20,373 [6df5c950-b1f8-41e9-a8bd-47cd1228c3d6-EndpointStateMachineTaskThread-/0.0.0.0:15037-0 ] INFO  ratis.XceiverServerRatis (XceiverServerRatis.java:getRealPort(575)) - XceiverServerRatis 6df5c950-b1f8-41e9-a8bd-47cd1228c3d6 is started using port 15066 for RATIS_ADMIN
2024-01-08 10:08:20,373 [6df5c950-b1f8-41e9-a8bd-47cd1228c3d6-EndpointStateMachineTaskThread-/0.0.0.0:15037-0 ] INFO  ratis.XceiverServerRatis (XceiverServerRatis.java:getRealPort(575)) - XceiverServerRatis 6df5c950-b1f8-41e9-a8bd-47cd1228c3d6 is started using port 15067 for RATIS_SERVER
2024-01-08 10:08:20,373 [6df5c950-b1f8-41e9-a8bd-47cd1228c3d6-EndpointStateMachineTaskThread-/0.0.0.0:15037-0 ] INFO  ratis.XceiverServerRatis (XceiverServerRatis.java:getRealPort(575)) - XceiverServerRatis 6df5c950-b1f8-41e9-a8bd-47cd1228c3d6 is started using port 15068 for RATIS_DATASTREAM
2024-01-08 10:08:20,373 [JvmPauseMonitor9] INFO  util.JvmPauseMonitor (JvmPauseMonitor.java:run(146)) - JvmPauseMonitor-6df5c950-b1f8-41e9-a8bd-47cd1228c3d6: Started
2024-01-08 10:08:20,376 [6df5c950-b1f8-41e9-a8bd-47cd1228c3d6-BlockDeletingService#0] INFO  interfaces.ContainerDeletionChoosingPolicyTemplate (ContainerDeletionChoosingPolicyTemplate.java:chooseContainerForBlockDeletion(85)) - Chosen 0/5000 blocks from 0 candidate containers.
2024-01-08 10:08:20,832 [main] INFO  utils.DatanodeStoreCache (DatanodeStoreCache.java:shutdownCache(110)) - Skip clearing cache in mini cluster mode. Entries left: [/home/runner/work/ozone/ozone/hadoop-ozone/integration-test/target/test-dir/MiniOzoneClusterImpl-d16d6234-9da8-43a0-bd28-723006ad2f80/datanode-0/data-0/containers/hdds/d16d6234-9da8-43a0-bd28-723006ad2f80/DS-897d2036-e825-4692-86da-fd333f4be833/container.db, /home/runner/work/ozone/ozone/hadoop-ozone/integration-test/target/test-dir/MiniOzoneClusterImpl-d16d6234-9da8-43a0-bd28-723006ad2f80/datanode-1/data-0/containers/hdds/d16d6234-9da8-43a0-bd28-723006ad2f80/DS-47793c54-6c76-49e1-963b-91599986df26/container.db, /home/runner/work/ozone/ozone/hadoop-ozone/integration-test/target/test-dir/MiniOzoneClusterImpl-d16d6234-9da8-43a0-bd28-723006ad2f80/datanode-2/data-0/containers/hdds/d16d6234-9da8-43a0-bd28-723006ad2f80/DS-fab8642d-98ef-44bb-aa9c-9d59e70aea19/container.db, /home/runner/work/ozone/ozone/hadoop-ozone/integration-test/target/test-dir/MiniOzoneClusterImpl-fb8bf8f7-2439-41c0-942a-a4029f90a766/datanode-0/data-0/containers/hdds/fb8bf8f7-2439-41c0-942a-a4029f90a766/DS-a641c489-69e0-4ca8-b025-a2c62b83c62d/container.db, /home/runner/work/ozone/ozone/hadoop-ozone/integration-test/target/test-dir/MiniOzoneClusterImpl-fb8bf8f7-2439-41c0-942a-a4029f90a766/datanode-1/data-0/containers/hdds/fb8bf8f7-2439-41c0-942a-a4029f90a766/DS-ddfcd824-c60b-4f3a-a7e1-d4e04094a105/container.db, /home/runner/work/ozone/ozone/hadoop-ozone/integration-test/target/test-dir/MiniOzoneClusterImpl-fb8bf8f7-2439-41c0-942a-a4029f90a766/datanode-2/data-0/containers/hdds/fb8bf8f7-2439-41c0-942a-a4029f90a766/DS-7e32ced9-65d3-459f-ae24-bbbe6d4e57f9/container.db]
2024-01-08 10:08:20,838 [main] INFO  utils.DatanodeStoreCache (DatanodeStoreCache.java:removeDB(104)) - Removed db /home/runner/work/ozone/ozone/hadoop-ozone/integration-test/target/test-dir/MiniOzoneClusterImpl-d16d6234-9da8-43a0-bd28-723006ad2f80/datanode-0/data-0/containers/hdds/d16d6234-9da8-43a0-bd28-723006ad2f80/DS-897d2036-e825-4692-86da-fd333f4be833/container.db from cache
2024-01-08 10:08:20,838 [main] INFO  volume.HddsVolume (HddsVolume.java:closeDbStore(451)) - SchemaV3 db is stopped at /home/runner/work/ozone/ozone/hadoop-ozone/integration-test/target/test-dir/MiniOzoneClusterImpl-d16d6234-9da8-43a0-bd28-723006ad2f80/datanode-0/data-0/containers/hdds/d16d6234-9da8-43a0-bd28-723006ad2f80/DS-897d2036-e825-4692-86da-fd333f4be833/container.db for volume DS-897d2036-e825-4692-86da-fd333f4be833
2024-01-08 10:08:20,839 [main] INFO  utils.BackgroundService (BackgroundService.java:shutdown(160)) - Shutting down service BlockDeletingService
2024-01-08 10:08:20,839 [main] INFO  utils.BackgroundService (BackgroundService.java:shutdown(160)) - Shutting down service StaleRecoveringContainerScrubbingService
2024-01-08 10:08:20,842 [main] INFO  statemachine.DatanodeStateMachine (DatanodeStateMachine.java:stopDaemon(638)) - Ozone container server stopped.
2024-01-08 10:08:20,844 [main] INFO  handler.ContextHandler (ContextHandler.java:doStop(1159)) - Stopped o.e.j.w.WebAppContext@722502d{hddsDatanode,/,null,STOPPED}{jar:file:/home/runner/.m2/repository/org/apache/ozone/hdds-container-service/1.5.0-SNAPSHOT/hdds-container-service-1.5.0-SNAPSHOT.jar!/webapps/hddsDatanode}
2024-01-08 10:08:20,847 [main] INFO  server.AbstractConnector (AbstractConnector.java:doStop(383)) - Stopped ServerConnector@50a918e{HTTP/1.1, (http/1.1)}{0.0.0.0:15009}
2024-01-08 10:08:20,847 [main] INFO  server.session (HouseKeeper.java:stopScavenging(149)) - node0 Stopped scavenging
2024-01-08 10:08:20,848 [main] INFO  handler.ContextHandler (ContextHandler.java:doStop(1159)) - Stopped o.e.j.s.ServletContextHandler@6ead99b9{static,/static,jar:file:/home/runner/.m2/repository/org/apache/ozone/hdds-container-service/1.5.0-SNAPSHOT/hdds-container-service-1.5.0-SNAPSHOT.jar!/webapps/static,STOPPED}
2024-01-08 10:08:20,849 [main] INFO  handler.ContextHandler (ContextHandler.java:doStop(1159)) - Stopped o.e.j.s.ServletContextHandler@4c64b8dc{logs,/logs,file:///home/runner/work/ozone/ozone/hadoop-ozone/integration-test/target/log,STOPPED}
2024-01-08 10:08:20,853 [main] INFO  ozone.HddsDatanodeClientProtocolServer (HddsDatanodeClientProtocolServer.java:stop(78)) - Stopping the RPC server for Client Protocol
2024-01-08 10:08:20,854 [main] INFO  ipc.Server (Server.java:stop(3523)) - Stopping server on 15010
2024-01-08 10:08:20,855 [IPC Server listener on 15010] INFO  ipc.Server (Server.java:run(1434)) - Stopping IPC Server listener on 15010
2024-01-08 10:08:20,855 [IPC Server Responder] INFO  ipc.Server (Server.java:run(1567)) - Stopping IPC Server Responder
2024-01-08 10:08:20,861 [main] INFO  ozoneimpl.OzoneContainer (OzoneContainer.java:stop(463)) - Attempting to stop container services.
2024-01-08 10:08:20,861 [main] INFO  server.RaftServer (RaftServerProxy.java:lambda$close$9(416)) - bba1c53a-a6f8-4b7f-a0a1-8d65da7b011f: close
2024-01-08 10:08:20,861 [bba1c53a-a6f8-4b7f-a0a1-8d65da7b011f-impl-thread1] INFO  server.RaftServer$Division (RaftServerImpl.java:lambda$close$3(516)) - bba1c53a-a6f8-4b7f-a0a1-8d65da7b011f@group-1C1F45AB4DF4: shutdown
2024-01-08 10:08:20,862 [bba1c53a-a6f8-4b7f-a0a1-8d65da7b011f-impl-thread1] INFO  util.JmxRegister (JmxRegister.java:unregister(73)) - Successfully un-registered JMX Bean with object name Ratis:service=RaftServer,group=group-1C1F45AB4DF4,id=bba1c53a-a6f8-4b7f-a0a1-8d65da7b011f
2024-01-08 10:08:20,862 [bba1c53a-a6f8-4b7f-a0a1-8d65da7b011f-impl-thread1] INFO  impl.RoleInfo (RoleInfo.java:shutdownLeaderState(94)) - bba1c53a-a6f8-4b7f-a0a1-8d65da7b011f: shutdown bba1c53a-a6f8-4b7f-a0a1-8d65da7b011f@group-1C1F45AB4DF4-LeaderStateImpl
2024-01-08 10:08:20,862 [main] INFO  server.GrpcService (GrpcService.java:closeImpl(311)) - bba1c53a-a6f8-4b7f-a0a1-8d65da7b011f: shutdown server org.apache.ratis.grpc.server.GrpcClientProtocolService now
2024-01-08 10:08:20,862 [bba1c53a-a6f8-4b7f-a0a1-8d65da7b011f-impl-thread2] INFO  server.RaftServer$Division (RaftServerImpl.java:lambda$close$3(516)) - bba1c53a-a6f8-4b7f-a0a1-8d65da7b011f@group-A5F7B5452D65: shutdown
2024-01-08 10:08:20,862 [bba1c53a-a6f8-4b7f-a0a1-8d65da7b011f-impl-thread1] INFO  impl.PendingRequests (PendingRequests.java:sendNotLeaderResponses(289)) - bba1c53a-a6f8-4b7f-a0a1-8d65da7b011f@group-1C1F45AB4DF4-PendingRequests: sendNotLeaderResponses
2024-01-08 10:08:20,862 [bba1c53a-a6f8-4b7f-a0a1-8d65da7b011f-impl-thread2] INFO  util.JmxRegister (JmxRegister.java:unregister(73)) - Successfully un-registered JMX Bean with object name Ratis:service=RaftServer,group=group-A5F7B5452D65,id=bba1c53a-a6f8-4b7f-a0a1-8d65da7b011f
2024-01-08 10:08:20,862 [bba1c53a-a6f8-4b7f-a0a1-8d65da7b011f-impl-thread2] INFO  impl.RoleInfo (RoleInfo.java:shutdownLeaderState(94)) - bba1c53a-a6f8-4b7f-a0a1-8d65da7b011f: shutdown bba1c53a-a6f8-4b7f-a0a1-8d65da7b011f@group-A5F7B5452D65-LeaderStateImpl
2024-01-08 10:08:20,862 [bba1c53a-a6f8-4b7f-a0a1-8d65da7b011f-impl-thread3] INFO  server.RaftServer$Division (RaftServerImpl.java:lambda$close$3(516)) - bba1c53a-a6f8-4b7f-a0a1-8d65da7b011f@group-538E3B61F6E1: shutdown
2024-01-08 10:08:20,862 [bba1c53a-a6f8-4b7f-a0a1-8d65da7b011f-impl-thread1] INFO  impl.StateMachineUpdater (StateMachineUpdater.java:stopAndJoin(157)) - bba1c53a-a6f8-4b7f-a0a1-8d65da7b011f@group-1C1F45AB4DF4-StateMachineUpdater: set stopIndex = 0
2024-01-08 10:08:20,862 [bba1c53a-a6f8-4b7f-a0a1-8d65da7b011f-impl-thread3] INFO  util.JmxRegister (JmxRegister.java:unregister(73)) - Successfully un-registered JMX Bean with object name Ratis:service=RaftServer,group=group-538E3B61F6E1,id=bba1c53a-a6f8-4b7f-a0a1-8d65da7b011f
2024-01-08 10:08:20,863 [bba1c53a-a6f8-4b7f-a0a1-8d65da7b011f-impl-thread3] INFO  impl.RoleInfo (RoleInfo.java:shutdownFollowerState(110)) - bba1c53a-a6f8-4b7f-a0a1-8d65da7b011f: shutdown bba1c53a-a6f8-4b7f-a0a1-8d65da7b011f@group-538E3B61F6E1-FollowerState
2024-01-08 10:08:20,863 [bba1c53a-a6f8-4b7f-a0a1-8d65da7b011f-impl-thread3] INFO  impl.StateMachineUpdater (StateMachineUpdater.java:stopAndJoin(157)) - bba1c53a-a6f8-4b7f-a0a1-8d65da7b011f@group-538E3B61F6E1-StateMachineUpdater: set stopIndex = -1
2024-01-08 10:08:20,863 [bba1c53a-a6f8-4b7f-a0a1-8d65da7b011f-impl-thread3] INFO  server.RaftServer$Division (ServerState.java:close(423)) - bba1c53a-a6f8-4b7f-a0a1-8d65da7b011f@group-538E3B61F6E1: applyIndex: -1
2024-01-08 10:08:20,863 [bba1c53a-a6f8-4b7f-a0a1-8d65da7b011f@group-A5F7B5452D65->b5f002a5-35f0-4e5a-a46f-90a89988a4c4-GrpcLogAppender-LogAppenderDaemon] WARN  server.GrpcLogAppender (GrpcLogAppender.java:mayWait(212)) - bba1c53a-a6f8-4b7f-a0a1-8d65da7b011f@group-A5F7B5452D65->b5f002a5-35f0-4e5a-a46f-90a89988a4c4-GrpcLogAppender: Wait interrupted by java.lang.InterruptedException
2024-01-08 10:08:20,863 [bba1c53a-a6f8-4b7f-a0a1-8d65da7b011f@group-538E3B61F6E1-cacheEviction-AwaitToRun] INFO  util.AwaitToRun (AwaitToRun.java:run(49)) - bba1c53a-a6f8-4b7f-a0a1-8d65da7b011f@group-538E3B61F6E1-cacheEviction-AwaitToRun-AwaitForSignal is interrupted
2024-01-08 10:08:20,862 [bba1c53a-a6f8-4b7f-a0a1-8d65da7b011f-impl-thread2] INFO  impl.PendingRequests (PendingRequests.java:sendNotLeaderResponses(289)) - bba1c53a-a6f8-4b7f-a0a1-8d65da7b011f@group-A5F7B5452D65-PendingRequests: sendNotLeaderResponses
2024-01-08 10:08:20,862 [bba1c53a-a6f8-4b7f-a0a1-8d65da7b011f@group-1C1F45AB4DF4-StateMachineUpdater] INFO  ratis.ContainerStateMachine (ContainerStateMachine.java:takeSnapshot(355)) - group-1C1F45AB4DF4: Taking a snapshot at:(t:1, i:0) file /home/runner/work/ozone/ozone/hadoop-ozone/integration-test/target/test-dir/MiniOzoneClusterImpl-d16d6234-9da8-43a0-bd28-723006ad2f80/datanode-1/data/ratis/528ea7b7-540c-4010-99d0-1c1f45ab4df4/sm/snapshot.1_0
2024-01-08 10:08:20,862 [bba1c53a-a6f8-4b7f-a0a1-8d65da7b011f@group-A5F7B5452D65->216a7f9c-aee1-4f98-a365-89228e2ed43b-GrpcLogAppender-LogAppenderDaemon] WARN  server.GrpcLogAppender (GrpcLogAppender.java:mayWait(212)) - bba1c53a-a6f8-4b7f-a0a1-8d65da7b011f@group-A5F7B5452D65->216a7f9c-aee1-4f98-a365-89228e2ed43b-GrpcLogAppender: Wait interrupted by java.lang.InterruptedException
2024-01-08 10:08:20,864 [bba1c53a-a6f8-4b7f-a0a1-8d65da7b011f@group-A5F7B5452D65-StateMachineUpdater] INFO  ratis.ContainerStateMachine (ContainerStateMachine.java:takeSnapshot(355)) - group-A5F7B5452D65: Taking a snapshot at:(t:1, i:0) file /home/runner/work/ozone/ozone/hadoop-ozone/integration-test/target/test-dir/MiniOzoneClusterImpl-d16d6234-9da8-43a0-bd28-723006ad2f80/datanode-1/data/ratis/0a199dab-98f4-47f6-a121-a5f7b5452d65/sm/snapshot.1_0
2024-01-08 10:08:20,864 [bba1c53a-a6f8-4b7f-a0a1-8d65da7b011f-impl-thread2] INFO  impl.StateMachineUpdater (StateMachineUpdater.java:stopAndJoin(157)) - bba1c53a-a6f8-4b7f-a0a1-8d65da7b011f@group-A5F7B5452D65-StateMachineUpdater: set stopIndex = 0
2024-01-08 10:08:20,864 [bba1c53a-a6f8-4b7f-a0a1-8d65da7b011f@group-538E3B61F6E1-FollowerState] INFO  impl.FollowerState (FollowerState.java:run(152)) - bba1c53a-a6f8-4b7f-a0a1-8d65da7b011f@group-538E3B61F6E1-FollowerState was interrupted
2024-01-08 10:08:20,864 [bba1c53a-a6f8-4b7f-a0a1-8d65da7b011f@group-1C1F45AB4DF4-StateMachineUpdater] INFO  ratis.ContainerStateMachine (ContainerStateMachine.java:takeSnapshot(366)) - group-1C1F45AB4DF4: Finished taking a snapshot at:(t:1, i:0) file:/home/runner/work/ozone/ozone/hadoop-ozone/integration-test/target/test-dir/MiniOzoneClusterImpl-d16d6234-9da8-43a0-bd28-723006ad2f80/datanode-1/data/ratis/528ea7b7-540c-4010-99d0-1c1f45ab4df4/sm/snapshot.1_0 took: 2 ms
2024-01-08 10:08:20,864 [grpc-default-executor-0] INFO  server.GrpcServerProtocolService (GrpcServerProtocolService.java:onCompleted(157)) - 216a7f9c-aee1-4f98-a365-89228e2ed43b: Completed APPEND_ENTRIES, lastRequest: null
2024-01-08 10:08:20,865 [bba1c53a-a6f8-4b7f-a0a1-8d65da7b011f@group-1C1F45AB4DF4-StateMachineUpdater] INFO  impl.StateMachineUpdater (StateMachineUpdater.java:takeSnapshot(295)) - bba1c53a-a6f8-4b7f-a0a1-8d65da7b011f@group-1C1F45AB4DF4-StateMachineUpdater: Took a snapshot at index 0
2024-01-08 10:08:20,865 [bba1c53a-a6f8-4b7f-a0a1-8d65da7b011f@group-1C1F45AB4DF4-StateMachineUpdater] INFO  impl.StateMachineUpdater (StateMachineUpdater.java:lambda$new$0(98)) - bba1c53a-a6f8-4b7f-a0a1-8d65da7b011f@group-1C1F45AB4DF4-StateMachineUpdater: snapshotIndex: updateIncreasingly -1 -> 0
2024-01-08 10:08:20,865 [grpc-default-executor-0] INFO  server.GrpcServerProtocolService (GrpcServerProtocolService.java:lambda$onCompleted$5(159)) - 216a7f9c-aee1-4f98-a365-89228e2ed43b: Completed APPEND_ENTRIES, lastReply: serverReply {
  requestorId: "bba1c53a-a6f8-4b7f-a0a1-8d65da7b011f"
  replyId: "216a7f9c-aee1-4f98-a365-89228e2ed43b"
  raftGroupId {
    id: "\n\031\235\253\230\364G\366\241!\245\367\265E-e"
  }
  callId: 3
  success: true
}
term: 1
nextIndex: 1
matchIndex: 18446744073709551615
isHearbeat: true

2024-01-08 10:08:20,865 [bba1c53a-a6f8-4b7f-a0a1-8d65da7b011f@group-A5F7B5452D65-StateMachineUpdater] INFO  ratis.ContainerStateMachine (ContainerStateMachine.java:takeSnapshot(366)) - group-A5F7B5452D65: Finished taking a snapshot at:(t:1, i:0) file:/home/runner/work/ozone/ozone/hadoop-ozone/integration-test/target/test-dir/MiniOzoneClusterImpl-d16d6234-9da8-43a0-bd28-723006ad2f80/datanode-1/data/ratis/0a199dab-98f4-47f6-a121-a5f7b5452d65/sm/snapshot.1_0 took: 0 ms
2024-01-08 10:08:20,865 [grpc-default-executor-3] INFO  server.GrpcServerProtocolService (GrpcServerProtocolService.java:onCompleted(157)) - 216a7f9c-aee1-4f98-a365-89228e2ed43b: Completed APPEND_ENTRIES, lastRequest: bba1c53a-a6f8-4b7f-a0a1-8d65da7b011f->216a7f9c-aee1-4f98-a365-89228e2ed43b#1-t1,previous=(t:0, i:0),leaderCommit=-1,initializing? true,entries: size=1, first=(t:1, i:0), CONFIGURATIONENTRY(current:id: "b5f002a5-35f0-4e5a-a46f-90a89988a4c4"
address: "10.1.0.19:15014"
dataStreamAddress: "10.1.0.19:15015"
clientAddress: "10.1.0.19:15012"
adminAddress: "10.1.0.19:15013"
startupRole: FOLLOWER
,id: "216a7f9c-aee1-4f98-a365-89228e2ed43b"
address: "10.1.0.19:15032"
dataStreamAddress: "10.1.0.19:15033"
clientAddress: "10.1.0.19:15030"
adminAddress: "10.1.0.19:15031"
startupRole: FOLLOWER
,id: "bba1c53a-a6f8-4b7f-a0a1-8d65da7b011f"
address: "10.1.0.19:15023"
priority: 1
dataStreamAddress: "10.1.0.19:15024"
clientAddress: "10.1.0.19:15021"
adminAddress: "10.1.0.19:15022"
startupRole: FOLLOWER
, old:)
2024-01-08 10:08:20,868 [Thread-598] INFO  server.GrpcServerProtocolClient (GrpcServerProtocolClient.java:close(103)) - b5f002a5-35f0-4e5a-a46f-90a89988a4c4 Close channels
2024-01-08 10:08:20,866 [grpc-default-executor-0] INFO  server.GrpcLogAppender (GrpcLogAppender.java:onCompleted(469)) - bba1c53a-a6f8-4b7f-a0a1-8d65da7b011f@group-A5F7B5452D65->216a7f9c-aee1-4f98-a365-89228e2ed43b-AppendLogResponseHandler: follower responses appendEntries COMPLETED
2024-01-08 10:08:20,870 [grpc-default-executor-0] WARN  server.GrpcLogAppender (GrpcLogAppender.java:resetClient(149)) - bba1c53a-a6f8-4b7f-a0a1-8d65da7b011f@group-A5F7B5452D65->216a7f9c-aee1-4f98-a365-89228e2ed43b-GrpcLogAppender: Failed to getClient for 216a7f9c-aee1-4f98-a365-89228e2ed43b
org.apache.ratis.protocol.exceptions.AlreadyClosedException: bba1c53a-a6f8-4b7f-a0a1-8d65da7b011f is already CLOSED
	at org.apache.ratis.util.PeerProxyMap$PeerAndProxy.getProxy(PeerProxyMap.java:61)
	at org.apache.ratis.util.PeerProxyMap.getProxy(PeerProxyMap.java:110)
	at org.apache.ratis.grpc.server.GrpcLogAppender.getClient(GrpcLogAppender.java:121)
	at org.apache.ratis.grpc.server.GrpcLogAppender.resetClient(GrpcLogAppender.java:126)
	at org.apache.ratis.grpc.server.GrpcLogAppender.access$800(GrpcLogAppender.java:61)
	at org.apache.ratis.grpc.server.GrpcLogAppender$AppendLogResponseHandler.onCompleted(GrpcLogAppender.java:471)
	at org.apache.ratis.thirdparty.io.grpc.stub.ClientCalls$StreamObserverToCallListenerAdapter.onClose(ClientCalls.java:479)
	at org.apache.ratis.thirdparty.io.grpc.internal.ClientCallImpl.closeObserver(ClientCallImpl.java:567)
	at org.apache.ratis.thirdparty.io.grpc.internal.ClientCallImpl.access$300(ClientCallImpl.java:71)
	at org.apache.ratis.thirdparty.io.grpc.internal.ClientCallImpl$ClientStreamListenerImpl$1StreamClosed.runInternal(ClientCallImpl.java:735)
	at org.apache.ratis.thirdparty.io.grpc.internal.ClientCallImpl$ClientStreamListenerImpl$1StreamClosed.runInContext(ClientCallImpl.java:716)
	at org.apache.ratis.thirdparty.io.grpc.internal.ContextRunnable.run(ContextRunnable.java:37)
	at org.apache.ratis.thirdparty.io.grpc.internal.SerializingExecutor.run(SerializingExecutor.java:133)
	at java.util.concurrent.ThreadPoolExecutor.runWorker(ThreadPoolExecutor.java:1149)
	at java.util.concurrent.ThreadPoolExecutor$Worker.run(ThreadPoolExecutor.java:624)
	at java.lang.Thread.run(Thread.java:750)
2024-01-08 10:08:20,865 [bba1c53a-a6f8-4b7f-a0a1-8d65da7b011f-impl-thread1] INFO  server.RaftServer$Division (ServerState.java:close(423)) - bba1c53a-a6f8-4b7f-a0a1-8d65da7b011f@group-1C1F45AB4DF4: applyIndex: 0
2024-01-08 10:08:20,865 [bba1c53a-a6f8-4b7f-a0a1-8d65da7b011f@group-A5F7B5452D65-StateMachineUpdater] INFO  impl.StateMachineUpdater (StateMachineUpdater.java:takeSnapshot(295)) - bba1c53a-a6f8-4b7f-a0a1-8d65da7b011f@group-A5F7B5452D65-StateMachineUpdater: Took a snapshot at index 0
2024-01-08 10:08:20,870 [bba1c53a-a6f8-4b7f-a0a1-8d65da7b011f@group-1C1F45AB4DF4-cacheEviction-AwaitToRun] INFO  util.AwaitToRun (AwaitToRun.java:run(49)) - bba1c53a-a6f8-4b7f-a0a1-8d65da7b011f@group-1C1F45AB4DF4-cacheEviction-AwaitToRun-AwaitForSignal is interrupted
2024-01-08 10:08:20,869 [grpc-default-executor-3] INFO  server.GrpcServerProtocolService (GrpcServerProtocolService.java:lambda$onCompleted$5(159)) - 216a7f9c-aee1-4f98-a365-89228e2ed43b: Completed APPEND_ENTRIES, lastReply: null
2024-01-08 10:08:20,871 [grpc-default-executor-0] INFO  server.GrpcLogAppender (GrpcLogAppender.java:onCompleted(469)) - bba1c53a-a6f8-4b7f-a0a1-8d65da7b011f@group-A5F7B5452D65->216a7f9c-aee1-4f98-a365-89228e2ed43b-AppendLogResponseHandler: follower responses appendEntries COMPLETED
2024-01-08 10:08:20,871 [grpc-default-executor-0] WARN  server.GrpcLogAppender (GrpcLogAppender.java:resetClient(149)) - bba1c53a-a6f8-4b7f-a0a1-8d65da7b011f@group-A5F7B5452D65->216a7f9c-aee1-4f98-a365-89228e2ed43b-GrpcLogAppender: Failed to getClient for 216a7f9c-aee1-4f98-a365-89228e2ed43b
org.apache.ratis.protocol.exceptions.AlreadyClosedException: bba1c53a-a6f8-4b7f-a0a1-8d65da7b011f is already CLOSED
	at org.apache.ratis.util.PeerProxyMap$PeerAndProxy.getProxy(PeerProxyMap.java:61)
	at org.apache.ratis.util.PeerProxyMap.getProxy(PeerProxyMap.java:110)
	at org.apache.ratis.grpc.server.GrpcLogAppender.getClient(GrpcLogAppender.java:121)
	at org.apache.ratis.grpc.server.GrpcLogAppender.resetClient(GrpcLogAppender.java:126)
	at org.apache.ratis.grpc.server.GrpcLogAppender.access$800(GrpcLogAppender.java:61)
	at org.apache.ratis.grpc.server.GrpcLogAppender$AppendLogResponseHandler.onCompleted(GrpcLogAppender.java:471)
	at org.apache.ratis.thirdparty.io.grpc.stub.ClientCalls$StreamObserverToCallListenerAdapter.onClose(ClientCalls.java:479)
	at org.apache.ratis.thirdparty.io.grpc.internal.ClientCallImpl.closeObserver(ClientCallImpl.java:567)
	at org.apache.ratis.thirdparty.io.grpc.internal.ClientCallImpl.access$300(ClientCallImpl.java:71)
	at org.apache.ratis.thirdparty.io.grpc.internal.ClientCallImpl$ClientStreamListenerImpl$1StreamClosed.runInternal(ClientCallImpl.java:735)
	at org.apache.ratis.thirdparty.io.grpc.internal.ClientCallImpl$ClientStreamListenerImpl$1StreamClosed.runInContext(ClientCallImpl.java:716)
	at org.apache.ratis.thirdparty.io.grpc.internal.ContextRunnable.run(ContextRunnable.java:37)
	at org.apache.ratis.thirdparty.io.grpc.internal.SerializingExecutor.run(SerializingExecutor.java:133)
	at java.util.concurrent.ThreadPoolExecutor.runWorker(ThreadPoolExecutor.java:1149)
	at java.util.concurrent.ThreadPoolExecutor$Worker.run(ThreadPoolExecutor.java:624)
	at java.lang.Thread.run(Thread.java:750)
2024-01-08 10:08:20,868 [Thread-599] INFO  server.GrpcServerProtocolClient (GrpcServerProtocolClient.java:close(103)) - 216a7f9c-aee1-4f98-a365-89228e2ed43b Close channels
2024-01-08 10:08:20,870 [bba1c53a-a6f8-4b7f-a0a1-8d65da7b011f@group-A5F7B5452D65-StateMachineUpdater] INFO  impl.StateMachineUpdater (StateMachineUpdater.java:lambda$new$0(98)) - bba1c53a-a6f8-4b7f-a0a1-8d65da7b011f@group-A5F7B5452D65-StateMachineUpdater: snapshotIndex: updateIncreasingly -1 -> 0
2024-01-08 10:08:20,875 [main] INFO  server.GrpcService (GrpcService.java:closeImpl(320)) - bba1c53a-a6f8-4b7f-a0a1-8d65da7b011f: shutdown server org.apache.ratis.grpc.server.GrpcClientProtocolService successfully
2024-01-08 10:08:20,875 [main] INFO  server.GrpcService (GrpcService.java:closeImpl(311)) - bba1c53a-a6f8-4b7f-a0a1-8d65da7b011f: shutdown server GrpcServerProtocolService now
2024-01-08 10:08:20,875 [bba1c53a-a6f8-4b7f-a0a1-8d65da7b011f-impl-thread2] INFO  server.RaftServer$Division (ServerState.java:close(423)) - bba1c53a-a6f8-4b7f-a0a1-8d65da7b011f@group-A5F7B5452D65: applyIndex: 0
2024-01-08 10:08:20,875 [bba1c53a-a6f8-4b7f-a0a1-8d65da7b011f@group-A5F7B5452D65-cacheEviction-AwaitToRun] INFO  util.AwaitToRun (AwaitToRun.java:run(49)) - bba1c53a-a6f8-4b7f-a0a1-8d65da7b011f@group-A5F7B5452D65-cacheEviction-AwaitToRun-AwaitForSignal is interrupted
2024-01-08 10:08:20,882 [main] INFO  server.GrpcService (GrpcService.java:closeImpl(320)) - bba1c53a-a6f8-4b7f-a0a1-8d65da7b011f: shutdown server GrpcServerProtocolService successfully
2024-01-08 10:08:20,882 [main] INFO  server.GrpcService (GrpcService.java:closeImpl(311)) - bba1c53a-a6f8-4b7f-a0a1-8d65da7b011f: shutdown server org.apache.ratis.grpc.server.GrpcAdminProtocolService now
2024-01-08 10:08:20,883 [main] INFO  server.GrpcService (GrpcService.java:closeImpl(320)) - bba1c53a-a6f8-4b7f-a0a1-8d65da7b011f: shutdown server org.apache.ratis.grpc.server.GrpcAdminProtocolService successfully
2024-01-08 10:08:20,883 [bba1c53a-a6f8-4b7f-a0a1-8d65da7b011f-NettyServerStreamRpc-bossGroup--thread1] INFO  logging.LoggingHandler (AbstractInternalLogger.java:log(148)) - [id: 0xac3b2055, L:/0.0.0.0:15024] CLOSE
2024-01-08 10:08:20,883 [bba1c53a-a6f8-4b7f-a0a1-8d65da7b011f-NettyServerStreamRpc-bossGroup--thread1] INFO  logging.LoggingHandler (AbstractInternalLogger.java:log(148)) - [id: 0xac3b2055, L:/0.0.0.0:15024] INACTIVE
2024-01-08 10:08:20,883 [bba1c53a-a6f8-4b7f-a0a1-8d65da7b011f-NettyServerStreamRpc-bossGroup--thread1] INFO  logging.LoggingHandler (AbstractInternalLogger.java:log(148)) - [id: 0xac3b2055, L:/0.0.0.0:15024] UNREGISTERED
2024-01-08 10:08:21,343 [Mini-Cluster-Provider-Create] INFO  ozone.MiniOzoneClusterImpl (MiniOzoneClusterImpl.java:lambda$waitForClusterToBeReady$0(230)) - Waiting for nodes to be ready. Got 0 of 3 DN Heartbeats.
2024-01-08 10:08:21,344 [Mini-Cluster-Provider-Create] INFO  ozone.MiniOzoneClusterImpl (MiniOzoneClusterImpl.java:lambda$waitForClusterToBeReady$0(233)) - Waiting for cluster to exit safe mode
2024-01-08 10:08:21,344 [Mini-Cluster-Provider-Create] INFO  ozone.MiniOzoneClusterImpl (MiniOzoneClusterImpl.java:lambda$waitForClusterToBeReady$0(235)) - SCM became leader
2024-01-08 10:08:21,393 [bba1c53a-a6f8-4b7f-a0a1-8d65da7b011f-impl-thread2] INFO  segmented.SegmentedRaftLogWorker (SegmentedRaftLogWorker.java:close(243)) - bba1c53a-a6f8-4b7f-a0a1-8d65da7b011f@group-A5F7B5452D65-SegmentedRaftLogWorker close()
2024-01-08 10:08:21,667 [bba1c53a-a6f8-4b7f-a0a1-8d65da7b011f-impl-thread3] INFO  segmented.SegmentedRaftLogWorker (SegmentedRaftLogWorker.java:close(243)) - bba1c53a-a6f8-4b7f-a0a1-8d65da7b011f@group-538E3B61F6E1-SegmentedRaftLogWorker close()
2024-01-08 10:08:21,823 [bba1c53a-a6f8-4b7f-a0a1-8d65da7b011f-impl-thread1] INFO  segmented.SegmentedRaftLogWorker (SegmentedRaftLogWorker.java:close(243)) - bba1c53a-a6f8-4b7f-a0a1-8d65da7b011f@group-1C1F45AB4DF4-SegmentedRaftLogWorker close()
2024-01-08 10:08:21,824 [JvmPauseMonitor3] INFO  util.JvmPauseMonitor (JvmPauseMonitor.java:run(152)) - JvmPauseMonitor-bba1c53a-a6f8-4b7f-a0a1-8d65da7b011f: Stopped
2024-01-08 10:08:22,129 [IPC Server handler 0 on default port 15037] INFO  net.NetworkTopologyImpl (NetworkTopologyImpl.java:add(124)) - Added a new node: /default-rack/d591e5af-e8f5-464c-8a55-75d5e8fc5b83
2024-01-08 10:08:22,129 [IPC Server handler 0 on default port 15037] INFO  node.SCMNodeManager (SCMNodeManager.java:register(417)) - Registered datanode: d591e5af-e8f5-464c-8a55-75d5e8fc5b83{ip: 10.1.0.19, host: fv-az1117-812.frmogvfxo1lepnjzqgguis2xib.cx.internal.cloudapp.net, ports: [HTTP=15044, CLIENT_RPC=15045, REPLICATION=15051, RATIS=15047, RATIS_ADMIN=15048, RATIS_SERVER=15049, RATIS_DATASTREAM=15050, STANDALONE=15046], networkLocation: /default-rack, certSerialId: null, persistedOpState: null, persistedOpStateExpiryEpochSec: 0}
2024-01-08 10:08:22,130 [EventQueue-NodeRegistrationContainerReportForContainerSafeModeRule] INFO  safemode.SCMSafeModeManager (SCMSafeModeManager.java:validateSafeModeExitRules(200)) - ContainerSafeModeRule rule is successfully validated
2024-01-08 10:08:22,130 [EventQueue-NodeRegistrationContainerReportForDataNodeSafeModeRule] INFO  safemode.SCMSafeModeManager (DataNodeSafeModeRule.java:process(71)) - SCM in safe mode. 1 DataNodes registered, 3 required.
2024-01-08 10:08:22,131 [EventQueue-NewNodeForNewNodeHandler] INFO  pipeline.BackgroundPipelineCreator (BackgroundPipelineCreator.java:notifyEventTriggered(280)) - trigger a one-shot run on RatisPipelineUtilsThread.
2024-01-08 10:08:22,133 [RatisPipelineUtilsThread-0] INFO  pipeline.RatisPipelineProvider (RatisPipelineProvider.java:lambda$create$0(206)) - Sending CreatePipelineCommand for pipeline:PipelineID=8b6df4ec-5443-49f3-a914-ab2e6d4c4fc4 to datanode:d591e5af-e8f5-464c-8a55-75d5e8fc5b83
2024-01-08 10:08:22,134 [EventQueue-PipelineReportForOneReplicaPipelineSafeModeRule] INFO  safemode.SCMSafeModeManager (SCMSafeModeManager.java:validateSafeModeExitRules(200)) - AtleastOneDatanodeReportedRule rule is successfully validated
2024-01-08 10:08:22,135 [RatisPipelineUtilsThread-0] INFO  pipeline.BackgroundPipelineCreator (BackgroundPipelineCreator.java:createPipelines(236)) - Created new pipeline Pipeline[ Id: 8b6df4ec-5443-49f3-a914-ab2e6d4c4fc4, Nodes: d591e5af-e8f5-464c-8a55-75d5e8fc5b83(fv-az1117-812.frmogvfxo1lepnjzqgguis2xib.cx.internal.cloudapp.net/10.1.0.19), ReplicationConfig: RATIS/ONE, State:ALLOCATED, leaderId:, CreationTimestamp2024-01-08T10:08:22.133Z[Etc/UTC]]
2024-01-08 10:08:22,221 [IPC Server handler 1 on default port 15037] INFO  net.NetworkTopologyImpl (NetworkTopologyImpl.java:add(124)) - Added a new node: /default-rack/e6c09ac7-730a-4058-a1a8-e64ffc2fb789
2024-01-08 10:08:22,221 [IPC Server handler 1 on default port 15037] INFO  node.SCMNodeManager (SCMNodeManager.java:register(417)) - Registered datanode: e6c09ac7-730a-4058-a1a8-e64ffc2fb789{ip: 10.1.0.19, host: fv-az1117-812.frmogvfxo1lepnjzqgguis2xib.cx.internal.cloudapp.net, ports: [HTTP=15053, CLIENT_RPC=15054, REPLICATION=15060, RATIS=15056, RATIS_ADMIN=15057, RATIS_SERVER=15058, RATIS_DATASTREAM=15059, STANDALONE=15055], networkLocation: /default-rack, certSerialId: null, persistedOpState: null, persistedOpStateExpiryEpochSec: 0}
2024-01-08 10:08:22,222 [EventQueue-NewNodeForNewNodeHandler] INFO  pipeline.BackgroundPipelineCreator (BackgroundPipelineCreator.java:notifyEventTriggered(280)) - trigger a one-shot run on RatisPipelineUtilsThread.
2024-01-08 10:08:22,222 [EventQueue-NodeRegistrationContainerReportForDataNodeSafeModeRule] INFO  safemode.SCMSafeModeManager (DataNodeSafeModeRule.java:process(71)) - SCM in safe mode. 2 DataNodes registered, 3 required.
2024-01-08 10:08:22,222 [RatisPipelineUtilsThread-0] INFO  pipeline.RatisPipelineProvider (RatisPipelineProvider.java:lambda$create$0(206)) - Sending CreatePipelineCommand for pipeline:PipelineID=76e4ce41-5947-42f4-91a1-83a3173fe733 to datanode:e6c09ac7-730a-4058-a1a8-e64ffc2fb789
2024-01-08 10:08:22,223 [RatisPipelineUtilsThread-0] INFO  pipeline.BackgroundPipelineCreator (BackgroundPipelineCreator.java:createPipelines(236)) - Created new pipeline Pipeline[ Id: 76e4ce41-5947-42f4-91a1-83a3173fe733, Nodes: e6c09ac7-730a-4058-a1a8-e64ffc2fb789(fv-az1117-812.frmogvfxo1lepnjzqgguis2xib.cx.internal.cloudapp.net/10.1.0.19), ReplicationConfig: RATIS/ONE, State:ALLOCATED, leaderId:, CreationTimestamp2024-01-08T10:08:22.222Z[Etc/UTC]]
2024-01-08 10:08:22,343 [IPC Server handler 5 on default port 15037] INFO  net.NetworkTopologyImpl (NetworkTopologyImpl.java:add(124)) - Added a new node: /default-rack/6df5c950-b1f8-41e9-a8bd-47cd1228c3d6
2024-01-08 10:08:22,343 [IPC Server handler 5 on default port 15037] INFO  node.SCMNodeManager (SCMNodeManager.java:register(417)) - Registered datanode: 6df5c950-b1f8-41e9-a8bd-47cd1228c3d6{ip: 10.1.0.19, host: fv-az1117-812.frmogvfxo1lepnjzqgguis2xib.cx.internal.cloudapp.net, ports: [HTTP=15062, CLIENT_RPC=15063, REPLICATION=15069, RATIS=15065, RATIS_ADMIN=15066, RATIS_SERVER=15067, RATIS_DATASTREAM=15068, STANDALONE=15064], networkLocation: /default-rack, certSerialId: null, persistedOpState: null, persistedOpStateExpiryEpochSec: 0}
2024-01-08 10:08:22,344 [Mini-Cluster-Provider-Create] INFO  ozone.MiniOzoneClusterImpl (MiniOzoneClusterImpl.java:lambda$waitForClusterToBeReady$0(230)) - Nodes are ready. Got 3 of 3 DN Heartbeats.
2024-01-08 10:08:22,344 [EventQueue-NewNodeForNewNodeHandler] INFO  pipeline.BackgroundPipelineCreator (BackgroundPipelineCreator.java:notifyEventTriggered(280)) - trigger a one-shot run on RatisPipelineUtilsThread.
2024-01-08 10:08:22,346 [EventQueue-NodeRegistrationContainerReportForDataNodeSafeModeRule] INFO  safemode.SCMSafeModeManager (DataNodeSafeModeRule.java:process(71)) - SCM in safe mode. 3 DataNodes registered, 3 required.
2024-01-08 10:08:22,346 [EventQueue-NodeRegistrationContainerReportForDataNodeSafeModeRule] INFO  safemode.SCMSafeModeManager (SCMSafeModeManager.java:validateSafeModeExitRules(200)) - DataNodeSafeModeRule rule is successfully validated
2024-01-08 10:08:22,346 [EventQueue-NodeRegistrationContainerReportForDataNodeSafeModeRule] INFO  safemode.SCMSafeModeManager (SCMSafeModeManager.java:completePreCheck(229)) - All SCM safe mode pre check rules have passed
2024-01-08 10:08:22,344 [Mini-Cluster-Provider-Create] INFO  ozone.MiniOzoneClusterImpl (MiniOzoneClusterImpl.java:lambda$waitForClusterToBeReady$0(233)) - Waiting for cluster to exit safe mode
2024-01-08 10:08:22,346 [Mini-Cluster-Provider-Create] INFO  ozone.MiniOzoneClusterImpl (MiniOzoneClusterImpl.java:lambda$waitForClusterToBeReady$0(235)) - SCM became leader
2024-01-08 10:08:22,346 [EventQueue-NodeRegistrationContainerReportForDataNodeSafeModeRule] INFO  ha.SCMContext (SCMContext.java:updateSafeModeStatus(230)) - Update SafeModeStatus from SafeModeStatus{safeModeStatus=true, preCheckPassed=false} to SafeModeStatus{safeModeStatus=true, preCheckPassed=true}.
2024-01-08 10:08:22,347 [EventQueue-NodeRegistrationContainerReportForDataNodeSafeModeRule] INFO  pipeline.BackgroundPipelineCreator (BackgroundPipelineCreator.java:notifyEventTriggered(280)) - trigger a one-shot run on RatisPipelineUtilsThread.
2024-01-08 10:08:22,347 [RatisPipelineUtilsThread-0] INFO  pipeline.RatisPipelineProvider (RatisPipelineProvider.java:lambda$create$0(206)) - Sending CreatePipelineCommand for pipeline:PipelineID=bff21e03-de3f-4c06-9821-68088c61facb to datanode:6df5c950-b1f8-41e9-a8bd-47cd1228c3d6
2024-01-08 10:08:22,348 [RatisPipelineUtilsThread-0] INFO  pipeline.BackgroundPipelineCreator (BackgroundPipelineCreator.java:createPipelines(236)) - Created new pipeline Pipeline[ Id: bff21e03-de3f-4c06-9821-68088c61facb, Nodes: 6df5c950-b1f8-41e9-a8bd-47cd1228c3d6(fv-az1117-812.frmogvfxo1lepnjzqgguis2xib.cx.internal.cloudapp.net/10.1.0.19), ReplicationConfig: RATIS/ONE, State:ALLOCATED, leaderId:, CreationTimestamp2024-01-08T10:08:22.347Z[Etc/UTC]]
2024-01-08 10:08:22,348 [RatisPipelineUtilsThread-0] INFO  pipeline.RatisPipelineProvider (RatisPipelineProvider.java:lambda$create$0(206)) - Sending CreatePipelineCommand for pipeline:PipelineID=30c296b9-71b9-4744-8977-9b77b35a0eb3 to datanode:e6c09ac7-730a-4058-a1a8-e64ffc2fb789
2024-01-08 10:08:22,348 [RatisPipelineUtilsThread-0] INFO  pipeline.RatisPipelineProvider (RatisPipelineProvider.java:lambda$create$0(206)) - Sending CreatePipelineCommand for pipeline:PipelineID=30c296b9-71b9-4744-8977-9b77b35a0eb3 to datanode:d591e5af-e8f5-464c-8a55-75d5e8fc5b83
2024-01-08 10:08:22,349 [RatisPipelineUtilsThread-0] INFO  pipeline.RatisPipelineProvider (RatisPipelineProvider.java:lambda$create$0(206)) - Sending CreatePipelineCommand for pipeline:PipelineID=30c296b9-71b9-4744-8977-9b77b35a0eb3 to datanode:6df5c950-b1f8-41e9-a8bd-47cd1228c3d6
2024-01-08 10:08:22,349 [RatisPipelineUtilsThread-0] INFO  pipeline.BackgroundPipelineCreator (BackgroundPipelineCreator.java:createPipelines(236)) - Created new pipeline Pipeline[ Id: 30c296b9-71b9-4744-8977-9b77b35a0eb3, Nodes: e6c09ac7-730a-4058-a1a8-e64ffc2fb789(fv-az1117-812.frmogvfxo1lepnjzqgguis2xib.cx.internal.cloudapp.net/10.1.0.19)d591e5af-e8f5-464c-8a55-75d5e8fc5b83(fv-az1117-812.frmogvfxo1lepnjzqgguis2xib.cx.internal.cloudapp.net/10.1.0.19)6df5c950-b1f8-41e9-a8bd-47cd1228c3d6(fv-az1117-812.frmogvfxo1lepnjzqgguis2xib.cx.internal.cloudapp.net/10.1.0.19), ReplicationConfig: RATIS/THREE, State:ALLOCATED, leaderId:, CreationTimestamp2024-01-08T10:08:22.348Z[Etc/UTC]]
2024-01-08 10:08:22,350 [RatisPipelineUtilsThread-0] INFO  pipeline.RatisPipelineProvider (RatisPipelineProvider.java:lambda$create$0(206)) - Sending CreatePipelineCommand for pipeline:PipelineID=57157ebf-cb57-4f69-817d-8bea082c3750 to datanode:6df5c950-b1f8-41e9-a8bd-47cd1228c3d6
2024-01-08 10:08:22,350 [RatisPipelineUtilsThread-0] INFO  pipeline.RatisPipelineProvider (RatisPipelineProvider.java:lambda$create$0(206)) - Sending CreatePipelineCommand for pipeline:PipelineID=57157ebf-cb57-4f69-817d-8bea082c3750 to datanode:d591e5af-e8f5-464c-8a55-75d5e8fc5b83
2024-01-08 10:08:22,350 [RatisPipelineUtilsThread-0] INFO  pipeline.RatisPipelineProvider (RatisPipelineProvider.java:lambda$create$0(206)) - Sending CreatePipelineCommand for pipeline:PipelineID=57157ebf-cb57-4f69-817d-8bea082c3750 to datanode:e6c09ac7-730a-4058-a1a8-e64ffc2fb789
2024-01-08 10:08:22,351 [RatisPipelineUtilsThread-0] INFO  pipeline.PipelineManagerImpl (PipelineManagerImpl.java:recordMetricsForPipeline(916)) - Pipeline: PipelineID=57157ebf-cb57-4f69-817d-8bea082c3750 contains same datanodes as previous pipelines: PipelineID=30c296b9-71b9-4744-8977-9b77b35a0eb3 nodeIds: 6df5c950-b1f8-41e9-a8bd-47cd1228c3d6, d591e5af-e8f5-464c-8a55-75d5e8fc5b83, e6c09ac7-730a-4058-a1a8-e64ffc2fb789
2024-01-08 10:08:22,351 [RatisPipelineUtilsThread-0] INFO  pipeline.BackgroundPipelineCreator (BackgroundPipelineCreator.java:createPipelines(236)) - Created new pipeline Pipeline[ Id: 57157ebf-cb57-4f69-817d-8bea082c3750, Nodes: 6df5c950-b1f8-41e9-a8bd-47cd1228c3d6(fv-az1117-812.frmogvfxo1lepnjzqgguis2xib.cx.internal.cloudapp.net/10.1.0.19)d591e5af-e8f5-464c-8a55-75d5e8fc5b83(fv-az1117-812.frmogvfxo1lepnjzqgguis2xib.cx.internal.cloudapp.net/10.1.0.19)e6c09ac7-730a-4058-a1a8-e64ffc2fb789(fv-az1117-812.frmogvfxo1lepnjzqgguis2xib.cx.internal.cloudapp.net/10.1.0.19), ReplicationConfig: RATIS/THREE, State:ALLOCATED, leaderId:, CreationTimestamp2024-01-08T10:08:22.350Z[Etc/UTC]]
2024-01-08 10:08:23,347 [Mini-Cluster-Provider-Create] INFO  ozone.MiniOzoneClusterImpl (MiniOzoneClusterImpl.java:lambda$waitForClusterToBeReady$0(230)) - Nodes are ready. Got 3 of 3 DN Heartbeats.
2024-01-08 10:08:23,347 [Mini-Cluster-Provider-Create] INFO  ozone.MiniOzoneClusterImpl (MiniOzoneClusterImpl.java:lambda$waitForClusterToBeReady$0(233)) - Waiting for cluster to exit safe mode
2024-01-08 10:08:23,347 [Mini-Cluster-Provider-Create] INFO  ozone.MiniOzoneClusterImpl (MiniOzoneClusterImpl.java:lambda$waitForClusterToBeReady$0(235)) - SCM became leader
2024-01-08 10:08:23,827 [main] INFO  utils.DatanodeStoreCache (DatanodeStoreCache.java:shutdownCache(110)) - Skip clearing cache in mini cluster mode. Entries left: [/home/runner/work/ozone/ozone/hadoop-ozone/integration-test/target/test-dir/MiniOzoneClusterImpl-d16d6234-9da8-43a0-bd28-723006ad2f80/datanode-1/data-0/containers/hdds/d16d6234-9da8-43a0-bd28-723006ad2f80/DS-47793c54-6c76-49e1-963b-91599986df26/container.db, /home/runner/work/ozone/ozone/hadoop-ozone/integration-test/target/test-dir/MiniOzoneClusterImpl-d16d6234-9da8-43a0-bd28-723006ad2f80/datanode-2/data-0/containers/hdds/d16d6234-9da8-43a0-bd28-723006ad2f80/DS-fab8642d-98ef-44bb-aa9c-9d59e70aea19/container.db, /home/runner/work/ozone/ozone/hadoop-ozone/integration-test/target/test-dir/MiniOzoneClusterImpl-fb8bf8f7-2439-41c0-942a-a4029f90a766/datanode-0/data-0/containers/hdds/fb8bf8f7-2439-41c0-942a-a4029f90a766/DS-a641c489-69e0-4ca8-b025-a2c62b83c62d/container.db, /home/runner/work/ozone/ozone/hadoop-ozone/integration-test/target/test-dir/MiniOzoneClusterImpl-fb8bf8f7-2439-41c0-942a-a4029f90a766/datanode-1/data-0/containers/hdds/fb8bf8f7-2439-41c0-942a-a4029f90a766/DS-ddfcd824-c60b-4f3a-a7e1-d4e04094a105/container.db, /home/runner/work/ozone/ozone/hadoop-ozone/integration-test/target/test-dir/MiniOzoneClusterImpl-fb8bf8f7-2439-41c0-942a-a4029f90a766/datanode-2/data-0/containers/hdds/fb8bf8f7-2439-41c0-942a-a4029f90a766/DS-7e32ced9-65d3-459f-ae24-bbbe6d4e57f9/container.db]
2024-01-08 10:08:23,828 [main] INFO  utils.DatanodeStoreCache (DatanodeStoreCache.java:removeDB(104)) - Removed db /home/runner/work/ozone/ozone/hadoop-ozone/integration-test/target/test-dir/MiniOzoneClusterImpl-d16d6234-9da8-43a0-bd28-723006ad2f80/datanode-1/data-0/containers/hdds/d16d6234-9da8-43a0-bd28-723006ad2f80/DS-47793c54-6c76-49e1-963b-91599986df26/container.db from cache
2024-01-08 10:08:23,828 [main] INFO  volume.HddsVolume (HddsVolume.java:closeDbStore(451)) - SchemaV3 db is stopped at /home/runner/work/ozone/ozone/hadoop-ozone/integration-test/target/test-dir/MiniOzoneClusterImpl-d16d6234-9da8-43a0-bd28-723006ad2f80/datanode-1/data-0/containers/hdds/d16d6234-9da8-43a0-bd28-723006ad2f80/DS-47793c54-6c76-49e1-963b-91599986df26/container.db for volume DS-47793c54-6c76-49e1-963b-91599986df26
2024-01-08 10:08:23,829 [main] INFO  utils.BackgroundService (BackgroundService.java:shutdown(160)) - Shutting down service BlockDeletingService
2024-01-08 10:08:23,829 [main] INFO  utils.BackgroundService (BackgroundService.java:shutdown(160)) - Shutting down service StaleRecoveringContainerScrubbingService
2024-01-08 10:08:23,830 [main] INFO  statemachine.DatanodeStateMachine (DatanodeStateMachine.java:stopDaemon(638)) - Ozone container server stopped.
2024-01-08 10:08:23,832 [main] INFO  handler.ContextHandler (ContextHandler.java:doStop(1159)) - Stopped o.e.j.w.WebAppContext@7aadfcac{hddsDatanode,/,null,STOPPED}{jar:file:/home/runner/.m2/repository/org/apache/ozone/hdds-container-service/1.5.0-SNAPSHOT/hdds-container-service-1.5.0-SNAPSHOT.jar!/webapps/hddsDatanode}
2024-01-08 10:08:23,832 [main] INFO  server.AbstractConnector (AbstractConnector.java:doStop(383)) - Stopped ServerConnector@7f6f556d{HTTP/1.1, (http/1.1)}{0.0.0.0:15018}
2024-01-08 10:08:23,833 [main] INFO  server.session (HouseKeeper.java:stopScavenging(149)) - node0 Stopped scavenging
2024-01-08 10:08:23,833 [main] INFO  handler.ContextHandler (ContextHandler.java:doStop(1159)) - Stopped o.e.j.s.ServletContextHandler@7b15ed90{static,/static,jar:file:/home/runner/.m2/repository/org/apache/ozone/hdds-container-service/1.5.0-SNAPSHOT/hdds-container-service-1.5.0-SNAPSHOT.jar!/webapps/static,STOPPED}
2024-01-08 10:08:23,834 [main] INFO  handler.ContextHandler (ContextHandler.java:doStop(1159)) - Stopped o.e.j.s.ServletContextHandler@1230ac20{logs,/logs,file:///home/runner/work/ozone/ozone/hadoop-ozone/integration-test/target/log,STOPPED}
2024-01-08 10:08:23,834 [main] INFO  ozone.HddsDatanodeClientProtocolServer (HddsDatanodeClientProtocolServer.java:stop(78)) - Stopping the RPC server for Client Protocol
2024-01-08 10:08:23,835 [main] INFO  ipc.Server (Server.java:stop(3523)) - Stopping server on 15019
2024-01-08 10:08:23,836 [IPC Server listener on 15019] INFO  ipc.Server (Server.java:run(1434)) - Stopping IPC Server listener on 15019
2024-01-08 10:08:23,836 [IPC Server Responder] INFO  ipc.Server (Server.java:run(1567)) - Stopping IPC Server Responder
2024-01-08 10:08:23,838 [main] INFO  ozoneimpl.OzoneContainer (OzoneContainer.java:stop(463)) - Attempting to stop container services.
2024-01-08 10:08:23,838 [main] INFO  server.RaftServer (RaftServerProxy.java:lambda$close$9(416)) - 216a7f9c-aee1-4f98-a365-89228e2ed43b: close
2024-01-08 10:08:23,838 [216a7f9c-aee1-4f98-a365-89228e2ed43b-impl-thread1] INFO  server.RaftServer$Division (RaftServerImpl.java:lambda$close$3(516)) - 216a7f9c-aee1-4f98-a365-89228e2ed43b@group-00EE3B1420C0: shutdown
2024-01-08 10:08:23,838 [216a7f9c-aee1-4f98-a365-89228e2ed43b-impl-thread1] INFO  util.JmxRegister (JmxRegister.java:unregister(73)) - Successfully un-registered JMX Bean with object name Ratis:service=RaftServer,group=group-00EE3B1420C0,id=216a7f9c-aee1-4f98-a365-89228e2ed43b
2024-01-08 10:08:23,838 [main] INFO  server.GrpcService (GrpcService.java:closeImpl(311)) - 216a7f9c-aee1-4f98-a365-89228e2ed43b: shutdown server org.apache.ratis.grpc.server.GrpcClientProtocolService now
2024-01-08 10:08:23,838 [216a7f9c-aee1-4f98-a365-89228e2ed43b-impl-thread2] INFO  server.RaftServer$Division (RaftServerImpl.java:lambda$close$3(516)) - 216a7f9c-aee1-4f98-a365-89228e2ed43b@group-A5F7B5452D65: shutdown
2024-01-08 10:08:23,838 [216a7f9c-aee1-4f98-a365-89228e2ed43b-impl-thread1] INFO  impl.RoleInfo (RoleInfo.java:shutdownLeaderState(94)) - 216a7f9c-aee1-4f98-a365-89228e2ed43b: shutdown 216a7f9c-aee1-4f98-a365-89228e2ed43b@group-00EE3B1420C0-LeaderStateImpl
2024-01-08 10:08:23,839 [216a7f9c-aee1-4f98-a365-89228e2ed43b-impl-thread2] INFO  util.JmxRegister (JmxRegister.java:unregister(73)) - Successfully un-registered JMX Bean with object name Ratis:service=RaftServer,group=group-A5F7B5452D65,id=216a7f9c-aee1-4f98-a365-89228e2ed43b
2024-01-08 10:08:23,839 [216a7f9c-aee1-4f98-a365-89228e2ed43b-impl-thread3] INFO  server.RaftServer$Division (RaftServerImpl.java:lambda$close$3(516)) - 216a7f9c-aee1-4f98-a365-89228e2ed43b@group-538E3B61F6E1: shutdown
2024-01-08 10:08:23,839 [216a7f9c-aee1-4f98-a365-89228e2ed43b-impl-thread1] INFO  impl.PendingRequests (PendingRequests.java:sendNotLeaderResponses(289)) - 216a7f9c-aee1-4f98-a365-89228e2ed43b@group-00EE3B1420C0-PendingRequests: sendNotLeaderResponses
2024-01-08 10:08:23,839 [216a7f9c-aee1-4f98-a365-89228e2ed43b-impl-thread2] INFO  impl.RoleInfo (RoleInfo.java:shutdownFollowerState(110)) - 216a7f9c-aee1-4f98-a365-89228e2ed43b: shutdown 216a7f9c-aee1-4f98-a365-89228e2ed43b@group-A5F7B5452D65-FollowerState
2024-01-08 10:08:23,839 [216a7f9c-aee1-4f98-a365-89228e2ed43b@group-A5F7B5452D65-FollowerState] INFO  impl.FollowerState (FollowerState.java:run(152)) - 216a7f9c-aee1-4f98-a365-89228e2ed43b@group-A5F7B5452D65-FollowerState was interrupted
2024-01-08 10:08:23,839 [216a7f9c-aee1-4f98-a365-89228e2ed43b@group-00EE3B1420C0-StateMachineUpdater] INFO  ratis.ContainerStateMachine (ContainerStateMachine.java:takeSnapshot(355)) - group-00EE3B1420C0: Taking a snapshot at:(t:1, i:0) file /home/runner/work/ozone/ozone/hadoop-ozone/integration-test/target/test-dir/MiniOzoneClusterImpl-d16d6234-9da8-43a0-bd28-723006ad2f80/datanode-2/data/ratis/4802fad3-661c-487f-be8c-00ee3b1420c0/sm/snapshot.1_0
2024-01-08 10:08:23,839 [216a7f9c-aee1-4f98-a365-89228e2ed43b-impl-thread3] INFO  util.JmxRegister (JmxRegister.java:unregister(73)) - Successfully un-registered JMX Bean with object name Ratis:service=RaftServer,group=group-538E3B61F6E1,id=216a7f9c-aee1-4f98-a365-89228e2ed43b
2024-01-08 10:08:23,840 [216a7f9c-aee1-4f98-a365-89228e2ed43b-impl-thread3] INFO  impl.RoleInfo (RoleInfo.java:shutdownFollowerState(110)) - 216a7f9c-aee1-4f98-a365-89228e2ed43b: shutdown 216a7f9c-aee1-4f98-a365-89228e2ed43b@group-538E3B61F6E1-FollowerState
2024-01-08 10:08:23,840 [216a7f9c-aee1-4f98-a365-89228e2ed43b-impl-thread3] INFO  impl.StateMachineUpdater (StateMachineUpdater.java:stopAndJoin(157)) - 216a7f9c-aee1-4f98-a365-89228e2ed43b@group-538E3B61F6E1-StateMachineUpdater: set stopIndex = -1
2024-01-08 10:08:23,839 [216a7f9c-aee1-4f98-a365-89228e2ed43b@group-A5F7B5452D65-StateMachineUpdater] INFO  ratis.ContainerStateMachine (ContainerStateMachine.java:takeSnapshot(355)) - group-A5F7B5452D65: Taking a snapshot at:(t:1, i:0) file /home/runner/work/ozone/ozone/hadoop-ozone/integration-test/target/test-dir/MiniOzoneClusterImpl-d16d6234-9da8-43a0-bd28-723006ad2f80/datanode-2/data/ratis/0a199dab-98f4-47f6-a121-a5f7b5452d65/sm/snapshot.1_0
2024-01-08 10:08:23,840 [216a7f9c-aee1-4f98-a365-89228e2ed43b-impl-thread3] INFO  server.RaftServer$Division (ServerState.java:close(423)) - 216a7f9c-aee1-4f98-a365-89228e2ed43b@group-538E3B61F6E1: applyIndex: -1
2024-01-08 10:08:23,841 [216a7f9c-aee1-4f98-a365-89228e2ed43b@group-538E3B61F6E1-cacheEviction-AwaitToRun] INFO  util.AwaitToRun (AwaitToRun.java:run(49)) - 216a7f9c-aee1-4f98-a365-89228e2ed43b@group-538E3B61F6E1-cacheEviction-AwaitToRun-AwaitForSignal is interrupted
2024-01-08 10:08:23,839 [216a7f9c-aee1-4f98-a365-89228e2ed43b-impl-thread1] INFO  impl.StateMachineUpdater (StateMachineUpdater.java:stopAndJoin(157)) - 216a7f9c-aee1-4f98-a365-89228e2ed43b@group-00EE3B1420C0-StateMachineUpdater: set stopIndex = 0
2024-01-08 10:08:23,839 [216a7f9c-aee1-4f98-a365-89228e2ed43b-impl-thread2] INFO  impl.StateMachineUpdater (StateMachineUpdater.java:stopAndJoin(157)) - 216a7f9c-aee1-4f98-a365-89228e2ed43b@group-A5F7B5452D65-StateMachineUpdater: set stopIndex = 0
2024-01-08 10:08:23,839 [main] INFO  server.GrpcService (GrpcService.java:closeImpl(320)) - 216a7f9c-aee1-4f98-a365-89228e2ed43b: shutdown server org.apache.ratis.grpc.server.GrpcClientProtocolService successfully
2024-01-08 10:08:23,840 [216a7f9c-aee1-4f98-a365-89228e2ed43b@group-538E3B61F6E1-FollowerState] INFO  impl.FollowerState (FollowerState.java:run(152)) - 216a7f9c-aee1-4f98-a365-89228e2ed43b@group-538E3B61F6E1-FollowerState was interrupted
2024-01-08 10:08:23,841 [main] INFO  server.GrpcService (GrpcService.java:closeImpl(311)) - 216a7f9c-aee1-4f98-a365-89228e2ed43b: shutdown server GrpcServerProtocolService now
2024-01-08 10:08:23,842 [216a7f9c-aee1-4f98-a365-89228e2ed43b@group-00EE3B1420C0-StateMachineUpdater] INFO  ratis.ContainerStateMachine (ContainerStateMachine.java:takeSnapshot(366)) - group-00EE3B1420C0: Finished taking a snapshot at:(t:1, i:0) file:/home/runner/work/ozone/ozone/hadoop-ozone/integration-test/target/test-dir/MiniOzoneClusterImpl-d16d6234-9da8-43a0-bd28-723006ad2f80/datanode-2/data/ratis/4802fad3-661c-487f-be8c-00ee3b1420c0/sm/snapshot.1_0 took: 3 ms
2024-01-08 10:08:23,842 [216a7f9c-aee1-4f98-a365-89228e2ed43b@group-00EE3B1420C0-StateMachineUpdater] INFO  impl.StateMachineUpdater (StateMachineUpdater.java:takeSnapshot(295)) - 216a7f9c-aee1-4f98-a365-89228e2ed43b@group-00EE3B1420C0-StateMachineUpdater: Took a snapshot at index 0
2024-01-08 10:08:23,842 [216a7f9c-aee1-4f98-a365-89228e2ed43b@group-00EE3B1420C0-StateMachineUpdater] INFO  impl.StateMachineUpdater (StateMachineUpdater.java:lambda$new$0(98)) - 216a7f9c-aee1-4f98-a365-89228e2ed43b@group-00EE3B1420C0-StateMachineUpdater: snapshotIndex: updateIncreasingly -1 -> 0
2024-01-08 10:08:23,842 [216a7f9c-aee1-4f98-a365-89228e2ed43b-impl-thread1] INFO  server.RaftServer$Division (ServerState.java:close(423)) - 216a7f9c-aee1-4f98-a365-89228e2ed43b@group-00EE3B1420C0: applyIndex: 0
2024-01-08 10:08:23,843 [216a7f9c-aee1-4f98-a365-89228e2ed43b@group-00EE3B1420C0-cacheEviction-AwaitToRun] INFO  util.AwaitToRun (AwaitToRun.java:run(49)) - 216a7f9c-aee1-4f98-a365-89228e2ed43b@group-00EE3B1420C0-cacheEviction-AwaitToRun-AwaitForSignal is interrupted
2024-01-08 10:08:23,842 [216a7f9c-aee1-4f98-a365-89228e2ed43b@group-A5F7B5452D65-StateMachineUpdater] INFO  ratis.ContainerStateMachine (ContainerStateMachine.java:takeSnapshot(366)) - group-A5F7B5452D65: Finished taking a snapshot at:(t:1, i:0) file:/home/runner/work/ozone/ozone/hadoop-ozone/integration-test/target/test-dir/MiniOzoneClusterImpl-d16d6234-9da8-43a0-bd28-723006ad2f80/datanode-2/data/ratis/0a199dab-98f4-47f6-a121-a5f7b5452d65/sm/snapshot.1_0 took: 3 ms
2024-01-08 10:08:23,843 [216a7f9c-aee1-4f98-a365-89228e2ed43b@group-A5F7B5452D65-StateMachineUpdater] INFO  impl.StateMachineUpdater (StateMachineUpdater.java:takeSnapshot(295)) - 216a7f9c-aee1-4f98-a365-89228e2ed43b@group-A5F7B5452D65-StateMachineUpdater: Took a snapshot at index 0
2024-01-08 10:08:23,843 [216a7f9c-aee1-4f98-a365-89228e2ed43b@group-A5F7B5452D65-StateMachineUpdater] INFO  impl.StateMachineUpdater (StateMachineUpdater.java:lambda$new$0(98)) - 216a7f9c-aee1-4f98-a365-89228e2ed43b@group-A5F7B5452D65-StateMachineUpdater: snapshotIndex: updateIncreasingly -1 -> 0
2024-01-08 10:08:23,845 [main] INFO  server.GrpcService (GrpcService.java:closeImpl(320)) - 216a7f9c-aee1-4f98-a365-89228e2ed43b: shutdown server GrpcServerProtocolService successfully
2024-01-08 10:08:23,845 [main] INFO  server.GrpcService (GrpcService.java:closeImpl(311)) - 216a7f9c-aee1-4f98-a365-89228e2ed43b: shutdown server org.apache.ratis.grpc.server.GrpcAdminProtocolService now
2024-01-08 10:08:23,846 [216a7f9c-aee1-4f98-a365-89228e2ed43b-impl-thread2] INFO  server.RaftServer$Division (ServerState.java:close(423)) - 216a7f9c-aee1-4f98-a365-89228e2ed43b@group-A5F7B5452D65: applyIndex: 0
2024-01-08 10:08:23,846 [216a7f9c-aee1-4f98-a365-89228e2ed43b@group-A5F7B5452D65-cacheEviction-AwaitToRun] INFO  util.AwaitToRun (AwaitToRun.java:run(49)) - 216a7f9c-aee1-4f98-a365-89228e2ed43b@group-A5F7B5452D65-cacheEviction-AwaitToRun-AwaitForSignal is interrupted
2024-01-08 10:08:23,846 [main] INFO  server.GrpcService (GrpcService.java:closeImpl(320)) - 216a7f9c-aee1-4f98-a365-89228e2ed43b: shutdown server org.apache.ratis.grpc.server.GrpcAdminProtocolService successfully
2024-01-08 10:08:23,847 [216a7f9c-aee1-4f98-a365-89228e2ed43b-NettyServerStreamRpc-bossGroup--thread1] INFO  logging.LoggingHandler (AbstractInternalLogger.java:log(148)) - [id: 0x566cac37, L:/0.0.0.0:15033] CLOSE
2024-01-08 10:08:23,847 [216a7f9c-aee1-4f98-a365-89228e2ed43b-NettyServerStreamRpc-bossGroup--thread1] INFO  logging.LoggingHandler (AbstractInternalLogger.java:log(148)) - [id: 0x566cac37, L:/0.0.0.0:15033] INACTIVE
2024-01-08 10:08:23,847 [216a7f9c-aee1-4f98-a365-89228e2ed43b-NettyServerStreamRpc-bossGroup--thread1] INFO  logging.LoggingHandler (AbstractInternalLogger.java:log(148)) - [id: 0x566cac37, L:/0.0.0.0:15033] UNREGISTERED
2024-01-08 10:08:23,921 [216a7f9c-aee1-4f98-a365-89228e2ed43b-impl-thread1] INFO  segmented.SegmentedRaftLogWorker (SegmentedRaftLogWorker.java:close(243)) - 216a7f9c-aee1-4f98-a365-89228e2ed43b@group-00EE3B1420C0-SegmentedRaftLogWorker close()
2024-01-08 10:08:24,347 [Mini-Cluster-Provider-Create] INFO  ozone.MiniOzoneClusterImpl (MiniOzoneClusterImpl.java:lambda$waitForClusterToBeReady$0(230)) - Nodes are ready. Got 3 of 3 DN Heartbeats.
2024-01-08 10:08:24,347 [Mini-Cluster-Provider-Create] INFO  ozone.MiniOzoneClusterImpl (MiniOzoneClusterImpl.java:lambda$waitForClusterToBeReady$0(233)) - Waiting for cluster to exit safe mode
2024-01-08 10:08:24,347 [Mini-Cluster-Provider-Create] INFO  ozone.MiniOzoneClusterImpl (MiniOzoneClusterImpl.java:lambda$waitForClusterToBeReady$0(235)) - SCM became leader
2024-01-08 10:08:24,446 [216a7f9c-aee1-4f98-a365-89228e2ed43b-impl-thread2] INFO  segmented.SegmentedRaftLogWorker (SegmentedRaftLogWorker.java:close(243)) - 216a7f9c-aee1-4f98-a365-89228e2ed43b@group-A5F7B5452D65-SegmentedRaftLogWorker close()
2024-01-08 10:08:24,664 [216a7f9c-aee1-4f98-a365-89228e2ed43b-impl-thread3] INFO  segmented.SegmentedRaftLogWorker (SegmentedRaftLogWorker.java:close(243)) - 216a7f9c-aee1-4f98-a365-89228e2ed43b@group-538E3B61F6E1-SegmentedRaftLogWorker close()
2024-01-08 10:08:24,666 [JvmPauseMonitor4] INFO  util.JvmPauseMonitor (JvmPauseMonitor.java:run(152)) - JvmPauseMonitor-216a7f9c-aee1-4f98-a365-89228e2ed43b: Stopped
2024-01-08 10:08:25,142 [d591e5af-e8f5-464c-8a55-75d5e8fc5b83-PipelineCommandHandlerThread-0] INFO  server.RaftServer (RaftServerProxy.java:addNew(100)) - d591e5af-e8f5-464c-8a55-75d5e8fc5b83: addNew group-AB2E6D4C4FC4:[d591e5af-e8f5-464c-8a55-75d5e8fc5b83|10.1.0.19:15049] returns group-AB2E6D4C4FC4:java.util.concurrent.CompletableFuture@1666bf1c[Not completed]
2024-01-08 10:08:25,144 [d591e5af-e8f5-464c-8a55-75d5e8fc5b83-groupManagement] INFO  server.RaftServer$Division (RaftServerImpl.java:<init>(256)) - d591e5af-e8f5-464c-8a55-75d5e8fc5b83: new RaftServerImpl for group-AB2E6D4C4FC4:[d591e5af-e8f5-464c-8a55-75d5e8fc5b83|10.1.0.19:15049] with ContainerStateMachine:uninitialized
2024-01-08 10:08:25,145 [d591e5af-e8f5-464c-8a55-75d5e8fc5b83-groupManagement] INFO  server.RaftServerConfigKeys (ConfUtils.java:logGet(46)) - raft.server.rpc.timeout.min = 5s (custom)
2024-01-08 10:08:25,145 [d591e5af-e8f5-464c-8a55-75d5e8fc5b83-groupManagement] INFO  server.RaftServerConfigKeys (ConfUtils.java:logGet(46)) - raft.server.rpc.timeout.max = 5200ms (custom)
2024-01-08 10:08:25,145 [d591e5af-e8f5-464c-8a55-75d5e8fc5b83-groupManagement] INFO  server.RaftServerConfigKeys (ConfUtils.java:logGet(46)) - raft.server.rpc.sleep.time = 25ms (default)
2024-01-08 10:08:25,146 [d591e5af-e8f5-464c-8a55-75d5e8fc5b83-groupManagement] INFO  server.RaftServerConfigKeys (ConfUtils.java:logGet(46)) - raft.server.rpc.slowness.timeout = 300s (custom)
2024-01-08 10:08:25,146 [d591e5af-e8f5-464c-8a55-75d5e8fc5b83-groupManagement] INFO  server.RaftServerConfigKeys (ConfUtils.java:logGet(46)) - raft.server.leaderelection.leader.step-down.wait-time = 10s (default)
2024-01-08 10:08:25,146 [d591e5af-e8f5-464c-8a55-75d5e8fc5b83-groupManagement] INFO  server.RaftServerConfigKeys (ConfUtils.java:logGet(46)) - raft.server.leaderelection.member.majority-add = false (default)
2024-01-08 10:08:25,146 [d591e5af-e8f5-464c-8a55-75d5e8fc5b83-groupManagement] INFO  server.RaftServerConfigKeys (ConfUtils.java:logGet(46)) - raft.server.sleep.deviation.threshold = 300ms (default)
2024-01-08 10:08:25,146 [d591e5af-e8f5-464c-8a55-75d5e8fc5b83-groupManagement] INFO  server.RaftServer$Division (ServerState.java:<init>(113)) - d591e5af-e8f5-464c-8a55-75d5e8fc5b83@group-AB2E6D4C4FC4: ConfigurationManager, init=-1: peers:[d591e5af-e8f5-464c-8a55-75d5e8fc5b83|10.1.0.19:15049]|listeners:[], old=null, confs=<EMPTY_MAP>
2024-01-08 10:08:25,146 [d591e5af-e8f5-464c-8a55-75d5e8fc5b83-groupManagement] INFO  server.RaftServerConfigKeys (ConfUtils.java:logGet(46)) - raft.server.notification.no-leader.timeout = 300s (custom)
2024-01-08 10:08:25,146 [d591e5af-e8f5-464c-8a55-75d5e8fc5b83-groupManagement] INFO  server.RaftServerConfigKeys (ConfUtils.java:logGet(46)) - raft.server.read.timeout = 10s (default)
2024-01-08 10:08:25,146 [d591e5af-e8f5-464c-8a55-75d5e8fc5b83-groupManagement] INFO  server.RaftServerConfigKeys (ConfUtils.java:logGet(46)) - raft.server.retrycache.expirytime = 600000ms (custom)
2024-01-08 10:08:25,146 [d591e5af-e8f5-464c-8a55-75d5e8fc5b83-groupManagement] INFO  server.RaftServerConfigKeys (ConfUtils.java:logGet(46)) - raft.server.retrycache.statistics.expirytime = 100ms (default)
2024-01-08 10:08:25,146 [d591e5af-e8f5-464c-8a55-75d5e8fc5b83-groupManagement] INFO  server.RaftServerConfigKeys (ConfUtils.java:logGet(46)) - raft.server.read.option = DEFAULT (default)
2024-01-08 10:08:25,146 [d591e5af-e8f5-464c-8a55-75d5e8fc5b83-groupManagement] INFO  server.RaftServerConfigKeys (ConfUtils.java:logGet(46)) - raft.server.read.read-after-write-consistent.write-index-cache.expiry-time = 60s (default)
2024-01-08 10:08:25,149 [d591e5af-e8f5-464c-8a55-75d5e8fc5b83-groupManagement] INFO  server.RaftServerConfigKeys (ConfUtils.java:logGet(46)) - raft.server.rpc.request.timeout = 60s (custom)
2024-01-08 10:08:25,150 [d591e5af-e8f5-464c-8a55-75d5e8fc5b83-groupManagement] INFO  server.RaftServerConfigKeys (ConfUtils.java:logGet(46)) - raft.server.log.appender.install.snapshot.enabled = false (custom)
2024-01-08 10:08:25,150 [d591e5af-e8f5-464c-8a55-75d5e8fc5b83-groupManagement] INFO  server.RaftServerConfigKeys (ConfUtils.java:logGet(46)) - raft.server.threadpool.server.cached = true (default)
2024-01-08 10:08:25,150 [d591e5af-e8f5-464c-8a55-75d5e8fc5b83-groupManagement] INFO  server.RaftServerConfigKeys (ConfUtils.java:logGet(46)) - raft.server.threadpool.server.size = 0 (default)
2024-01-08 10:08:25,150 [d591e5af-e8f5-464c-8a55-75d5e8fc5b83-groupManagement] INFO  server.RaftServerConfigKeys (ConfUtils.java:logGet(46)) - raft.server.threadpool.client.cached = true (default)
2024-01-08 10:08:25,150 [d591e5af-e8f5-464c-8a55-75d5e8fc5b83-groupManagement] INFO  server.RaftServerConfigKeys (ConfUtils.java:logGet(46)) - raft.server.threadpool.client.size = 0 (default)
2024-01-08 10:08:25,150 [d591e5af-e8f5-464c-8a55-75d5e8fc5b83-groupManagement] INFO  server.RaftServerConfigKeys (ConfUtils.java:logGet(46)) - raft.server.storage.free-space.min = 0MB (=0) (default)
2024-01-08 10:08:25,150 [d591e5af-e8f5-464c-8a55-75d5e8fc5b83-groupManagement] INFO  server.RaftServerConfigKeys (ConfUtils.java:logGet(46)) - raft.server.log.corruption.policy = EXCEPTION (default)
2024-01-08 10:08:25,150 [d591e5af-e8f5-464c-8a55-75d5e8fc5b83-groupManagement] INFO  server.RaftServerConfigKeys (ConfUtils.java:logGet(46)) - raft.server.storage.dir = [/home/runner/work/ozone/ozone/hadoop-ozone/integration-test/target/test-dir/MiniOzoneClusterImpl-fb8bf8f7-2439-41c0-942a-a4029f90a766/datanode-0/data/ratis] (custom)
2024-01-08 10:08:25,150 [d591e5af-e8f5-464c-8a55-75d5e8fc5b83-groupManagement] INFO  storage.RaftStorageDirectory (RaftStorageDirectoryImpl.java:analyzeStorage(138)) - The storage directory /home/runner/work/ozone/ozone/hadoop-ozone/integration-test/target/test-dir/MiniOzoneClusterImpl-fb8bf8f7-2439-41c0-942a-a4029f90a766/datanode-0/data/ratis/8b6df4ec-5443-49f3-a914-ab2e6d4c4fc4 does not exist. Creating ...
2024-01-08 10:08:25,153 [d591e5af-e8f5-464c-8a55-75d5e8fc5b83-groupManagement] INFO  storage.RaftStorageDirectory (RaftStorageDirectoryImpl.java:tryLock(232)) - Lock on /home/runner/work/ozone/ozone/hadoop-ozone/integration-test/target/test-dir/MiniOzoneClusterImpl-fb8bf8f7-2439-41c0-942a-a4029f90a766/datanode-0/data/ratis/8b6df4ec-5443-49f3-a914-ab2e6d4c4fc4/in_use.lock acquired by nodename 56297@fv-az1117-812
2024-01-08 10:08:25,154 [d591e5af-e8f5-464c-8a55-75d5e8fc5b83-groupManagement] INFO  storage.RaftStorage (RaftStorageImpl.java:format(97)) - Storage directory /home/runner/work/ozone/ozone/hadoop-ozone/integration-test/target/test-dir/MiniOzoneClusterImpl-fb8bf8f7-2439-41c0-942a-a4029f90a766/datanode-0/data/ratis/8b6df4ec-5443-49f3-a914-ab2e6d4c4fc4 has been successfully formatted.
2024-01-08 10:08:25,155 [d591e5af-e8f5-464c-8a55-75d5e8fc5b83-groupManagement] INFO  ratis.ContainerStateMachine (ContainerStateMachine.java:loadSnapshot(287)) - group-AB2E6D4C4FC4: The snapshot info is null. Setting the last applied index to:(t:0, i:~)
2024-01-08 10:08:25,155 [d591e5af-e8f5-464c-8a55-75d5e8fc5b83-groupManagement] INFO  server.RaftServerConfigKeys (ConfUtils.java:logGet(46)) - raft.server.log.use.memory = false (default)
2024-01-08 10:08:25,155 [d591e5af-e8f5-464c-8a55-75d5e8fc5b83-groupManagement] INFO  server.RaftServerConfigKeys (ConfUtils.java:logGet(46)) - raft.server.log.purge.gap = 1000000 (custom)
2024-01-08 10:08:25,155 [d591e5af-e8f5-464c-8a55-75d5e8fc5b83-groupManagement] INFO  server.RaftServerConfigKeys (ConfUtils.java:logGet(46)) - raft.server.log.appender.buffer.byte-limit = 8388608 (custom)
2024-01-08 10:08:25,156 [d591e5af-e8f5-464c-8a55-75d5e8fc5b83-groupManagement] INFO  server.RaftServerConfigKeys (ConfUtils.java:logGet(46)) - raft.server.log.statemachine.data.read.timeout = 1000ms (default)
2024-01-08 10:08:25,156 [d591e5af-e8f5-464c-8a55-75d5e8fc5b83-groupManagement] INFO  server.RaftServerConfigKeys (ConfUtils.java:logGet(46)) - raft.server.log.purge.preservation.log.num = 0 (default)
2024-01-08 10:08:25,157 [EventQueue-PipelineReportForPipelineReportHandler] INFO  pipeline.PipelineReportHandler (PipelineReportHandler.java:processPipelineReport(136)) - Opened pipeline PipelineID=8b6df4ec-5443-49f3-a914-ab2e6d4c4fc4
2024-01-08 10:08:25,158 [EventQueue-OpenPipelineForHealthyPipelineSafeModeRule] INFO  safemode.SCMSafeModeManager (HealthyPipelineSafeModeRule.java:process(140)) - SCM in safe mode. Healthy pipelines reported count is 0, required healthy pipeline reported count is 1
2024-01-08 10:08:25,158 [d591e5af-e8f5-464c-8a55-75d5e8fc5b83-groupManagement] INFO  server.RaftServerConfigKeys (ConfUtils.java:logGet(46)) - raft.server.log.segment.size.max = 67108864 (custom)
2024-01-08 10:08:25,158 [d591e5af-e8f5-464c-8a55-75d5e8fc5b83-groupManagement] INFO  server.RaftServerConfigKeys (ConfUtils.java:logGet(46)) - raft.server.log.segment.cache.num.max = 2 (custom)
2024-01-08 10:08:25,159 [d591e5af-e8f5-464c-8a55-75d5e8fc5b83-groupManagement] INFO  server.RaftServerConfigKeys (ConfUtils.java:logGet(46)) - raft.server.log.segment.cache.size.max = 200MB (=209715200) (default)
2024-01-08 10:08:25,159 [d591e5af-e8f5-464c-8a55-75d5e8fc5b83-groupManagement] INFO  server.RaftServerConfigKeys (ConfUtils.java:logGet(46)) - raft.server.log.appender.buffer.byte-limit = 8388608 (custom)
2024-01-08 10:08:25,159 [d591e5af-e8f5-464c-8a55-75d5e8fc5b83-groupManagement] INFO  util.AwaitToRun (AwaitToRun.java:start(81)) - Thread[d591e5af-e8f5-464c-8a55-75d5e8fc5b83@group-AB2E6D4C4FC4-cacheEviction-AwaitToRun,5,main] started
2024-01-08 10:08:25,159 [d591e5af-e8f5-464c-8a55-75d5e8fc5b83-groupManagement] INFO  segmented.SegmentedRaftLogWorker (SegmentedRaftLogWorker.java:<init>(184)) - new d591e5af-e8f5-464c-8a55-75d5e8fc5b83@group-AB2E6D4C4FC4-SegmentedRaftLogWorker for RaftStorageImpl:Storage Directory /home/runner/work/ozone/ozone/hadoop-ozone/integration-test/target/test-dir/MiniOzoneClusterImpl-fb8bf8f7-2439-41c0-942a-a4029f90a766/datanode-0/data/ratis/8b6df4ec-5443-49f3-a914-ab2e6d4c4fc4
2024-01-08 10:08:25,159 [d591e5af-e8f5-464c-8a55-75d5e8fc5b83-groupManagement] INFO  server.RaftServerConfigKeys (ConfUtils.java:logGet(46)) - raft.server.log.queue.byte-limit = 4294967296 (custom)
2024-01-08 10:08:25,159 [d591e5af-e8f5-464c-8a55-75d5e8fc5b83-groupManagement] INFO  server.RaftServerConfigKeys (ConfUtils.java:logGet(46)) - raft.server.log.queue.element-limit = 1024 (custom)
2024-01-08 10:08:25,159 [d591e5af-e8f5-464c-8a55-75d5e8fc5b83-groupManagement] INFO  server.RaftServerConfigKeys (ConfUtils.java:logGet(46)) - raft.server.log.segment.size.max = 67108864 (custom)
2024-01-08 10:08:25,159 [d591e5af-e8f5-464c-8a55-75d5e8fc5b83-groupManagement] INFO  server.RaftServerConfigKeys (ConfUtils.java:logGet(46)) - raft.server.log.preallocated.size = 4194304 (custom)
2024-01-08 10:08:25,159 [d591e5af-e8f5-464c-8a55-75d5e8fc5b83-groupManagement] INFO  server.RaftServerConfigKeys (ConfUtils.java:logGet(46)) - raft.server.log.force.sync.num = 128 (default)
2024-01-08 10:08:25,159 [d591e5af-e8f5-464c-8a55-75d5e8fc5b83-groupManagement] INFO  server.RaftServerConfigKeys (ConfUtils.java:logGet(46)) - raft.server.log.statemachine.data.sync = true (default)
2024-01-08 10:08:25,159 [d591e5af-e8f5-464c-8a55-75d5e8fc5b83-groupManagement] INFO  server.RaftServerConfigKeys (ConfUtils.java:logGet(46)) - raft.server.log.statemachine.data.sync.timeout = 10s (default)
2024-01-08 10:08:25,160 [d591e5af-e8f5-464c-8a55-75d5e8fc5b83-groupManagement] INFO  server.RaftServerConfigKeys (ConfUtils.java:logGet(46)) - raft.server.log.statemachine.data.sync.timeout.retry = 0 (custom)
2024-01-08 10:08:25,160 [d591e5af-e8f5-464c-8a55-75d5e8fc5b83-groupManagement] INFO  server.RaftServerConfigKeys (ConfUtils.java:logGet(46)) - raft.server.log.write.buffer.size = 8388616 (custom)
2024-01-08 10:08:25,161 [d591e5af-e8f5-464c-8a55-75d5e8fc5b83-groupManagement] INFO  server.RaftServerConfigKeys (ConfUtils.java:logGet(46)) - raft.server.log.appender.buffer.byte-limit = 8388608 (custom)
2024-01-08 10:08:25,162 [d591e5af-e8f5-464c-8a55-75d5e8fc5b83-groupManagement] INFO  server.RaftServerConfigKeys (ConfUtils.java:logGet(46)) - raft.server.log.unsafe-flush.enabled = false (default)
2024-01-08 10:08:25,162 [d591e5af-e8f5-464c-8a55-75d5e8fc5b83-groupManagement] INFO  server.RaftServerConfigKeys (ConfUtils.java:logGet(46)) - raft.server.log.async-flush.enabled = false (default)
2024-01-08 10:08:25,162 [d591e5af-e8f5-464c-8a55-75d5e8fc5b83-groupManagement] INFO  server.RaftServerConfigKeys (ConfUtils.java:logGet(46)) - raft.server.log.statemachine.data.caching.enabled = true (custom)
2024-01-08 10:08:25,162 [d591e5af-e8f5-464c-8a55-75d5e8fc5b83-groupManagement] INFO  segmented.SegmentedRaftLogWorker (SegmentedRaftLogWorker.java:lambda$new$0(135)) - d591e5af-e8f5-464c-8a55-75d5e8fc5b83@group-AB2E6D4C4FC4-SegmentedRaftLogWorker: flushIndex: setUnconditionally 0 -> -1
2024-01-08 10:08:25,162 [d591e5af-e8f5-464c-8a55-75d5e8fc5b83-groupManagement] INFO  segmented.SegmentedRaftLogWorker (SegmentedRaftLogWorker.java:lambda$new$0(135)) - d591e5af-e8f5-464c-8a55-75d5e8fc5b83@group-AB2E6D4C4FC4-SegmentedRaftLogWorker: safeCacheEvictIndex: setUnconditionally 0 -> -1
2024-01-08 10:08:25,162 [d591e5af-e8f5-464c-8a55-75d5e8fc5b83-groupManagement] INFO  server.RaftServer$Division (RaftServerImpl.java:start(392)) - d591e5af-e8f5-464c-8a55-75d5e8fc5b83@group-AB2E6D4C4FC4: start as a follower, conf=-1: peers:[d591e5af-e8f5-464c-8a55-75d5e8fc5b83|10.1.0.19:15049]|listeners:[], old=null
2024-01-08 10:08:25,163 [d591e5af-e8f5-464c-8a55-75d5e8fc5b83-groupManagement] INFO  server.RaftServer$Division (RaftServerImpl.java:setRole(379)) - d591e5af-e8f5-464c-8a55-75d5e8fc5b83@group-AB2E6D4C4FC4: changes role from      null to FOLLOWER at term 0 for startAsFollower
2024-01-08 10:08:25,163 [d591e5af-e8f5-464c-8a55-75d5e8fc5b83-groupManagement] INFO  impl.RoleInfo (RoleInfo.java:updateAndGet(139)) - d591e5af-e8f5-464c-8a55-75d5e8fc5b83: start d591e5af-e8f5-464c-8a55-75d5e8fc5b83@group-AB2E6D4C4FC4-FollowerState
2024-01-08 10:08:25,163 [d591e5af-e8f5-464c-8a55-75d5e8fc5b83@group-AB2E6D4C4FC4-FollowerState] INFO  server.RaftServerConfigKeys (ConfUtils.java:logFallback(53)) - raft.server.rpc.first-election.timeout.min = 5s (fallback to raft.server.rpc.timeout.min)
2024-01-08 10:08:25,163 [d591e5af-e8f5-464c-8a55-75d5e8fc5b83@group-AB2E6D4C4FC4-FollowerState] INFO  server.RaftServerConfigKeys (ConfUtils.java:logFallback(53)) - raft.server.rpc.first-election.timeout.max = 5200ms (fallback to raft.server.rpc.timeout.max)
2024-01-08 10:08:25,163 [d591e5af-e8f5-464c-8a55-75d5e8fc5b83-groupManagement] INFO  util.JmxRegister (JmxRegister.java:tryRegister(44)) - Successfully registered JMX Bean with object name Ratis:service=RaftServer,group=group-AB2E6D4C4FC4,id=d591e5af-e8f5-464c-8a55-75d5e8fc5b83
2024-01-08 10:08:25,163 [d591e5af-e8f5-464c-8a55-75d5e8fc5b83-groupManagement] INFO  server.RaftServerConfigKeys (ConfUtils.java:logGet(46)) - raft.server.snapshot.trigger-when-stop.enabled = true (default)
2024-01-08 10:08:25,163 [d591e5af-e8f5-464c-8a55-75d5e8fc5b83-groupManagement] INFO  server.RaftServerConfigKeys (ConfUtils.java:logGet(46)) - raft.server.snapshot.auto.trigger.enabled = true (custom)
2024-01-08 10:08:25,163 [d591e5af-e8f5-464c-8a55-75d5e8fc5b83-groupManagement] INFO  server.RaftServerConfigKeys (ConfUtils.java:logGet(46)) - raft.server.snapshot.auto.trigger.threshold = 10000 (custom)
2024-01-08 10:08:25,163 [d591e5af-e8f5-464c-8a55-75d5e8fc5b83-groupManagement] INFO  server.RaftServerConfigKeys (ConfUtils.java:logGet(46)) - raft.server.snapshot.retention.file.num = 5 (custom)
2024-01-08 10:08:25,163 [d591e5af-e8f5-464c-8a55-75d5e8fc5b83-groupManagement] INFO  server.RaftServerConfigKeys (ConfUtils.java:logGet(46)) - raft.server.log.purge.upto.snapshot.index = false (default)
2024-01-08 10:08:25,164 [d591e5af-e8f5-464c-8a55-75d5e8fc5b83-PipelineCommandHandlerThread-0] INFO  ratis.XceiverServerRatis (XceiverServerRatis.java:addGroup(842)) - Created group PipelineID=8b6df4ec-5443-49f3-a914-ab2e6d4c4fc4
2024-01-08 10:08:25,164 [d591e5af-e8f5-464c-8a55-75d5e8fc5b83-PipelineCommandHandlerThread-0] INFO  commandhandler.CreatePipelineCommandHandler (CreatePipelineCommandHandler.java:lambda$handle$2(124)) - Created Pipeline RATIS ONE PipelineID=8b6df4ec-5443-49f3-a914-ab2e6d4c4fc4.
2024-01-08 10:08:25,164 [d591e5af-e8f5-464c-8a55-75d5e8fc5b83-PipelineCommandHandlerThread-0] INFO  server.RaftServer (RaftServerProxy.java:addNew(100)) - d591e5af-e8f5-464c-8a55-75d5e8fc5b83: addNew group-9B77B35A0EB3:[d591e5af-e8f5-464c-8a55-75d5e8fc5b83|10.1.0.19:15049, 6df5c950-b1f8-41e9-a8bd-47cd1228c3d6|10.1.0.19:15067, e6c09ac7-730a-4058-a1a8-e64ffc2fb789|10.1.0.19:15058] returns group-9B77B35A0EB3:java.util.concurrent.CompletableFuture@24eb16b7[Not completed]
2024-01-08 10:08:25,166 [d591e5af-e8f5-464c-8a55-75d5e8fc5b83-groupManagement] INFO  server.RaftServer$Division (RaftServerImpl.java:<init>(256)) - d591e5af-e8f5-464c-8a55-75d5e8fc5b83: new RaftServerImpl for group-9B77B35A0EB3:[d591e5af-e8f5-464c-8a55-75d5e8fc5b83|10.1.0.19:15049, 6df5c950-b1f8-41e9-a8bd-47cd1228c3d6|10.1.0.19:15067, e6c09ac7-730a-4058-a1a8-e64ffc2fb789|10.1.0.19:15058] with ContainerStateMachine:uninitialized
2024-01-08 10:08:25,166 [d591e5af-e8f5-464c-8a55-75d5e8fc5b83-groupManagement] INFO  server.RaftServerConfigKeys (ConfUtils.java:logGet(46)) - raft.server.rpc.timeout.min = 5s (custom)
2024-01-08 10:08:25,166 [d591e5af-e8f5-464c-8a55-75d5e8fc5b83-groupManagement] INFO  server.RaftServerConfigKeys (ConfUtils.java:logGet(46)) - raft.server.rpc.timeout.max = 5200ms (custom)
2024-01-08 10:08:25,166 [d591e5af-e8f5-464c-8a55-75d5e8fc5b83-groupManagement] INFO  server.RaftServerConfigKeys (ConfUtils.java:logGet(46)) - raft.server.rpc.sleep.time = 25ms (default)
2024-01-08 10:08:25,166 [d591e5af-e8f5-464c-8a55-75d5e8fc5b83-groupManagement] INFO  server.RaftServerConfigKeys (ConfUtils.java:logGet(46)) - raft.server.rpc.slowness.timeout = 300s (custom)
2024-01-08 10:08:25,166 [d591e5af-e8f5-464c-8a55-75d5e8fc5b83-groupManagement] INFO  server.RaftServerConfigKeys (ConfUtils.java:logGet(46)) - raft.server.leaderelection.leader.step-down.wait-time = 10s (default)
2024-01-08 10:08:25,166 [d591e5af-e8f5-464c-8a55-75d5e8fc5b83-groupManagement] INFO  server.RaftServerConfigKeys (ConfUtils.java:logGet(46)) - raft.server.leaderelection.member.majority-add = false (default)
2024-01-08 10:08:25,166 [d591e5af-e8f5-464c-8a55-75d5e8fc5b83-groupManagement] INFO  server.RaftServerConfigKeys (ConfUtils.java:logGet(46)) - raft.server.sleep.deviation.threshold = 300ms (default)
2024-01-08 10:08:25,166 [d591e5af-e8f5-464c-8a55-75d5e8fc5b83-groupManagement] INFO  server.RaftServer$Division (ServerState.java:<init>(113)) - d591e5af-e8f5-464c-8a55-75d5e8fc5b83@group-9B77B35A0EB3: ConfigurationManager, init=-1: peers:[d591e5af-e8f5-464c-8a55-75d5e8fc5b83|10.1.0.19:15049, 6df5c950-b1f8-41e9-a8bd-47cd1228c3d6|10.1.0.19:15067, e6c09ac7-730a-4058-a1a8-e64ffc2fb789|10.1.0.19:15058]|listeners:[], old=null, confs=<EMPTY_MAP>
2024-01-08 10:08:25,166 [d591e5af-e8f5-464c-8a55-75d5e8fc5b83-groupManagement] INFO  server.RaftServerConfigKeys (ConfUtils.java:logGet(46)) - raft.server.notification.no-leader.timeout = 300s (custom)
2024-01-08 10:08:25,166 [d591e5af-e8f5-464c-8a55-75d5e8fc5b83-groupManagement] INFO  server.RaftServerConfigKeys (ConfUtils.java:logGet(46)) - raft.server.read.timeout = 10s (default)
2024-01-08 10:08:25,166 [d591e5af-e8f5-464c-8a55-75d5e8fc5b83-groupManagement] INFO  server.RaftServerConfigKeys (ConfUtils.java:logGet(46)) - raft.server.retrycache.expirytime = 600000ms (custom)
2024-01-08 10:08:25,166 [d591e5af-e8f5-464c-8a55-75d5e8fc5b83-groupManagement] INFO  server.RaftServerConfigKeys (ConfUtils.java:logGet(46)) - raft.server.retrycache.statistics.expirytime = 100ms (default)
2024-01-08 10:08:25,167 [d591e5af-e8f5-464c-8a55-75d5e8fc5b83-groupManagement] INFO  server.RaftServerConfigKeys (ConfUtils.java:logGet(46)) - raft.server.read.option = DEFAULT (default)
2024-01-08 10:08:25,167 [d591e5af-e8f5-464c-8a55-75d5e8fc5b83-groupManagement] INFO  server.RaftServerConfigKeys (ConfUtils.java:logGet(46)) - raft.server.read.read-after-write-consistent.write-index-cache.expiry-time = 60s (default)
2024-01-08 10:08:25,170 [d591e5af-e8f5-464c-8a55-75d5e8fc5b83-groupManagement] INFO  server.RaftServerConfigKeys (ConfUtils.java:logGet(46)) - raft.server.rpc.request.timeout = 60s (custom)
2024-01-08 10:08:25,170 [d591e5af-e8f5-464c-8a55-75d5e8fc5b83-groupManagement] INFO  server.RaftServerConfigKeys (ConfUtils.java:logGet(46)) - raft.server.log.appender.install.snapshot.enabled = false (custom)
2024-01-08 10:08:25,170 [d591e5af-e8f5-464c-8a55-75d5e8fc5b83-groupManagement] INFO  server.RaftServerConfigKeys (ConfUtils.java:logGet(46)) - raft.server.threadpool.server.cached = true (default)
2024-01-08 10:08:25,170 [d591e5af-e8f5-464c-8a55-75d5e8fc5b83-groupManagement] INFO  server.RaftServerConfigKeys (ConfUtils.java:logGet(46)) - raft.server.threadpool.server.size = 0 (default)
2024-01-08 10:08:25,170 [d591e5af-e8f5-464c-8a55-75d5e8fc5b83-groupManagement] INFO  server.RaftServerConfigKeys (ConfUtils.java:logGet(46)) - raft.server.threadpool.client.cached = true (default)
2024-01-08 10:08:25,170 [d591e5af-e8f5-464c-8a55-75d5e8fc5b83-groupManagement] INFO  server.RaftServerConfigKeys (ConfUtils.java:logGet(46)) - raft.server.threadpool.client.size = 0 (default)
2024-01-08 10:08:25,170 [d591e5af-e8f5-464c-8a55-75d5e8fc5b83-groupManagement] INFO  server.RaftServerConfigKeys (ConfUtils.java:logGet(46)) - raft.server.storage.free-space.min = 0MB (=0) (default)
2024-01-08 10:08:25,170 [d591e5af-e8f5-464c-8a55-75d5e8fc5b83-groupManagement] INFO  server.RaftServerConfigKeys (ConfUtils.java:logGet(46)) - raft.server.log.corruption.policy = EXCEPTION (default)
2024-01-08 10:08:25,171 [d591e5af-e8f5-464c-8a55-75d5e8fc5b83-groupManagement] INFO  server.RaftServerConfigKeys (ConfUtils.java:logGet(46)) - raft.server.storage.dir = [/home/runner/work/ozone/ozone/hadoop-ozone/integration-test/target/test-dir/MiniOzoneClusterImpl-fb8bf8f7-2439-41c0-942a-a4029f90a766/datanode-0/data/ratis] (custom)
2024-01-08 10:08:25,171 [d591e5af-e8f5-464c-8a55-75d5e8fc5b83-groupManagement] INFO  storage.RaftStorageDirectory (RaftStorageDirectoryImpl.java:analyzeStorage(138)) - The storage directory /home/runner/work/ozone/ozone/hadoop-ozone/integration-test/target/test-dir/MiniOzoneClusterImpl-fb8bf8f7-2439-41c0-942a-a4029f90a766/datanode-0/data/ratis/30c296b9-71b9-4744-8977-9b77b35a0eb3 does not exist. Creating ...
2024-01-08 10:08:25,172 [d591e5af-e8f5-464c-8a55-75d5e8fc5b83-groupManagement] INFO  storage.RaftStorageDirectory (RaftStorageDirectoryImpl.java:tryLock(232)) - Lock on /home/runner/work/ozone/ozone/hadoop-ozone/integration-test/target/test-dir/MiniOzoneClusterImpl-fb8bf8f7-2439-41c0-942a-a4029f90a766/datanode-0/data/ratis/30c296b9-71b9-4744-8977-9b77b35a0eb3/in_use.lock acquired by nodename 56297@fv-az1117-812
2024-01-08 10:08:25,173 [d591e5af-e8f5-464c-8a55-75d5e8fc5b83-groupManagement] INFO  storage.RaftStorage (RaftStorageImpl.java:format(97)) - Storage directory /home/runner/work/ozone/ozone/hadoop-ozone/integration-test/target/test-dir/MiniOzoneClusterImpl-fb8bf8f7-2439-41c0-942a-a4029f90a766/datanode-0/data/ratis/30c296b9-71b9-4744-8977-9b77b35a0eb3 has been successfully formatted.
2024-01-08 10:08:25,173 [d591e5af-e8f5-464c-8a55-75d5e8fc5b83-groupManagement] INFO  ratis.ContainerStateMachine (ContainerStateMachine.java:loadSnapshot(287)) - group-9B77B35A0EB3: The snapshot info is null. Setting the last applied index to:(t:0, i:~)
2024-01-08 10:08:25,173 [d591e5af-e8f5-464c-8a55-75d5e8fc5b83-groupManagement] INFO  server.RaftServerConfigKeys (ConfUtils.java:logGet(46)) - raft.server.log.use.memory = false (default)
2024-01-08 10:08:25,173 [d591e5af-e8f5-464c-8a55-75d5e8fc5b83-groupManagement] INFO  server.RaftServerConfigKeys (ConfUtils.java:logGet(46)) - raft.server.log.purge.gap = 1000000 (custom)
2024-01-08 10:08:25,174 [d591e5af-e8f5-464c-8a55-75d5e8fc5b83-groupManagement] INFO  server.RaftServerConfigKeys (ConfUtils.java:logGet(46)) - raft.server.log.appender.buffer.byte-limit = 8388608 (custom)
2024-01-08 10:08:25,174 [d591e5af-e8f5-464c-8a55-75d5e8fc5b83-groupManagement] INFO  server.RaftServerConfigKeys (ConfUtils.java:logGet(46)) - raft.server.log.statemachine.data.read.timeout = 1000ms (default)
2024-01-08 10:08:25,174 [d591e5af-e8f5-464c-8a55-75d5e8fc5b83-groupManagement] INFO  server.RaftServerConfigKeys (ConfUtils.java:logGet(46)) - raft.server.log.purge.preservation.log.num = 0 (default)
2024-01-08 10:08:25,175 [EventQueue-OpenPipelineForHealthyPipelineSafeModeRule] INFO  safemode.SCMSafeModeManager (HealthyPipelineSafeModeRule.java:process(140)) - SCM in safe mode. Healthy pipelines reported count is 0, required healthy pipeline reported count is 1
2024-01-08 10:08:25,175 [d591e5af-e8f5-464c-8a55-75d5e8fc5b83-groupManagement] INFO  server.RaftServerConfigKeys (ConfUtils.java:logGet(46)) - raft.server.log.segment.size.max = 67108864 (custom)
2024-01-08 10:08:25,175 [d591e5af-e8f5-464c-8a55-75d5e8fc5b83-groupManagement] INFO  server.RaftServerConfigKeys (ConfUtils.java:logGet(46)) - raft.server.log.segment.cache.num.max = 2 (custom)
2024-01-08 10:08:25,176 [d591e5af-e8f5-464c-8a55-75d5e8fc5b83-groupManagement] INFO  server.RaftServerConfigKeys (ConfUtils.java:logGet(46)) - raft.server.log.segment.cache.size.max = 200MB (=209715200) (default)
2024-01-08 10:08:25,176 [d591e5af-e8f5-464c-8a55-75d5e8fc5b83-groupManagement] INFO  server.RaftServerConfigKeys (ConfUtils.java:logGet(46)) - raft.server.log.appender.buffer.byte-limit = 8388608 (custom)
2024-01-08 10:08:25,176 [d591e5af-e8f5-464c-8a55-75d5e8fc5b83-groupManagement] INFO  util.AwaitToRun (AwaitToRun.java:start(81)) - Thread[d591e5af-e8f5-464c-8a55-75d5e8fc5b83@group-9B77B35A0EB3-cacheEviction-AwaitToRun,5,main] started
2024-01-08 10:08:25,176 [d591e5af-e8f5-464c-8a55-75d5e8fc5b83-groupManagement] INFO  segmented.SegmentedRaftLogWorker (SegmentedRaftLogWorker.java:<init>(184)) - new d591e5af-e8f5-464c-8a55-75d5e8fc5b83@group-9B77B35A0EB3-SegmentedRaftLogWorker for RaftStorageImpl:Storage Directory /home/runner/work/ozone/ozone/hadoop-ozone/integration-test/target/test-dir/MiniOzoneClusterImpl-fb8bf8f7-2439-41c0-942a-a4029f90a766/datanode-0/data/ratis/30c296b9-71b9-4744-8977-9b77b35a0eb3
2024-01-08 10:08:25,176 [d591e5af-e8f5-464c-8a55-75d5e8fc5b83-groupManagement] INFO  server.RaftServerConfigKeys (ConfUtils.java:logGet(46)) - raft.server.log.queue.byte-limit = 4294967296 (custom)
2024-01-08 10:08:25,176 [d591e5af-e8f5-464c-8a55-75d5e8fc5b83-groupManagement] INFO  server.RaftServerConfigKeys (ConfUtils.java:logGet(46)) - raft.server.log.queue.element-limit = 1024 (custom)
2024-01-08 10:08:25,176 [d591e5af-e8f5-464c-8a55-75d5e8fc5b83-groupManagement] INFO  server.RaftServerConfigKeys (ConfUtils.java:logGet(46)) - raft.server.log.segment.size.max = 67108864 (custom)
2024-01-08 10:08:25,176 [d591e5af-e8f5-464c-8a55-75d5e8fc5b83-groupManagement] INFO  server.RaftServerConfigKeys (ConfUtils.java:logGet(46)) - raft.server.log.preallocated.size = 4194304 (custom)
2024-01-08 10:08:25,176 [d591e5af-e8f5-464c-8a55-75d5e8fc5b83-groupManagement] INFO  server.RaftServerConfigKeys (ConfUtils.java:logGet(46)) - raft.server.log.force.sync.num = 128 (default)
2024-01-08 10:08:25,176 [d591e5af-e8f5-464c-8a55-75d5e8fc5b83-groupManagement] INFO  server.RaftServerConfigKeys (ConfUtils.java:logGet(46)) - raft.server.log.statemachine.data.sync = true (default)
2024-01-08 10:08:25,177 [d591e5af-e8f5-464c-8a55-75d5e8fc5b83-groupManagement] INFO  server.RaftServerConfigKeys (ConfUtils.java:logGet(46)) - raft.server.log.statemachine.data.sync.timeout = 10s (default)
2024-01-08 10:08:25,177 [d591e5af-e8f5-464c-8a55-75d5e8fc5b83-groupManagement] INFO  server.RaftServerConfigKeys (ConfUtils.java:logGet(46)) - raft.server.log.statemachine.data.sync.timeout.retry = 0 (custom)
2024-01-08 10:08:25,177 [d591e5af-e8f5-464c-8a55-75d5e8fc5b83-groupManagement] INFO  server.RaftServerConfigKeys (ConfUtils.java:logGet(46)) - raft.server.log.write.buffer.size = 8388616 (custom)
2024-01-08 10:08:25,179 [d591e5af-e8f5-464c-8a55-75d5e8fc5b83-groupManagement] INFO  server.RaftServerConfigKeys (ConfUtils.java:logGet(46)) - raft.server.log.appender.buffer.byte-limit = 8388608 (custom)
2024-01-08 10:08:25,179 [d591e5af-e8f5-464c-8a55-75d5e8fc5b83-groupManagement] INFO  server.RaftServerConfigKeys (ConfUtils.java:logGet(46)) - raft.server.log.unsafe-flush.enabled = false (default)
2024-01-08 10:08:25,179 [d591e5af-e8f5-464c-8a55-75d5e8fc5b83-groupManagement] INFO  server.RaftServerConfigKeys (ConfUtils.java:logGet(46)) - raft.server.log.async-flush.enabled = false (default)
2024-01-08 10:08:25,179 [d591e5af-e8f5-464c-8a55-75d5e8fc5b83-groupManagement] INFO  server.RaftServerConfigKeys (ConfUtils.java:logGet(46)) - raft.server.log.statemachine.data.caching.enabled = true (custom)
2024-01-08 10:08:25,179 [d591e5af-e8f5-464c-8a55-75d5e8fc5b83-groupManagement] INFO  segmented.SegmentedRaftLogWorker (SegmentedRaftLogWorker.java:lambda$new$0(135)) - d591e5af-e8f5-464c-8a55-75d5e8fc5b83@group-9B77B35A0EB3-SegmentedRaftLogWorker: flushIndex: setUnconditionally 0 -> -1
2024-01-08 10:08:25,179 [d591e5af-e8f5-464c-8a55-75d5e8fc5b83-groupManagement] INFO  segmented.SegmentedRaftLogWorker (SegmentedRaftLogWorker.java:lambda$new$0(135)) - d591e5af-e8f5-464c-8a55-75d5e8fc5b83@group-9B77B35A0EB3-SegmentedRaftLogWorker: safeCacheEvictIndex: setUnconditionally 0 -> -1
2024-01-08 10:08:25,180 [d591e5af-e8f5-464c-8a55-75d5e8fc5b83-groupManagement] INFO  server.RaftServer$Division (RaftServerImpl.java:start(392)) - d591e5af-e8f5-464c-8a55-75d5e8fc5b83@group-9B77B35A0EB3: start as a follower, conf=-1: peers:[d591e5af-e8f5-464c-8a55-75d5e8fc5b83|10.1.0.19:15049, 6df5c950-b1f8-41e9-a8bd-47cd1228c3d6|10.1.0.19:15067, e6c09ac7-730a-4058-a1a8-e64ffc2fb789|10.1.0.19:15058]|listeners:[], old=null
2024-01-08 10:08:25,180 [d591e5af-e8f5-464c-8a55-75d5e8fc5b83-groupManagement] INFO  server.RaftServer$Division (RaftServerImpl.java:setRole(379)) - d591e5af-e8f5-464c-8a55-75d5e8fc5b83@group-9B77B35A0EB3: changes role from      null to FOLLOWER at term 0 for startAsFollower
2024-01-08 10:08:25,180 [d591e5af-e8f5-464c-8a55-75d5e8fc5b83-groupManagement] INFO  impl.RoleInfo (RoleInfo.java:updateAndGet(139)) - d591e5af-e8f5-464c-8a55-75d5e8fc5b83: start d591e5af-e8f5-464c-8a55-75d5e8fc5b83@group-9B77B35A0EB3-FollowerState
2024-01-08 10:08:25,180 [d591e5af-e8f5-464c-8a55-75d5e8fc5b83-groupManagement] INFO  util.JmxRegister (JmxRegister.java:tryRegister(44)) - Successfully registered JMX Bean with object name Ratis:service=RaftServer,group=group-9B77B35A0EB3,id=d591e5af-e8f5-464c-8a55-75d5e8fc5b83
2024-01-08 10:08:25,180 [d591e5af-e8f5-464c-8a55-75d5e8fc5b83@group-9B77B35A0EB3-FollowerState] INFO  server.RaftServerConfigKeys (ConfUtils.java:logFallback(53)) - raft.server.rpc.first-election.timeout.min = 5s (fallback to raft.server.rpc.timeout.min)
2024-01-08 10:08:25,180 [d591e5af-e8f5-464c-8a55-75d5e8fc5b83-groupManagement] INFO  server.RaftServerConfigKeys (ConfUtils.java:logGet(46)) - raft.server.snapshot.trigger-when-stop.enabled = true (default)
2024-01-08 10:08:25,180 [d591e5af-e8f5-464c-8a55-75d5e8fc5b83@group-9B77B35A0EB3-FollowerState] INFO  server.RaftServerConfigKeys (ConfUtils.java:logFallback(53)) - raft.server.rpc.first-election.timeout.max = 5200ms (fallback to raft.server.rpc.timeout.max)
2024-01-08 10:08:25,180 [d591e5af-e8f5-464c-8a55-75d5e8fc5b83-groupManagement] INFO  server.RaftServerConfigKeys (ConfUtils.java:logGet(46)) - raft.server.snapshot.auto.trigger.enabled = true (custom)
2024-01-08 10:08:25,180 [d591e5af-e8f5-464c-8a55-75d5e8fc5b83-groupManagement] INFO  server.RaftServerConfigKeys (ConfUtils.java:logGet(46)) - raft.server.snapshot.auto.trigger.threshold = 10000 (custom)
2024-01-08 10:08:25,180 [d591e5af-e8f5-464c-8a55-75d5e8fc5b83-groupManagement] INFO  server.RaftServerConfigKeys (ConfUtils.java:logGet(46)) - raft.server.snapshot.retention.file.num = 5 (custom)
2024-01-08 10:08:25,181 [d591e5af-e8f5-464c-8a55-75d5e8fc5b83-groupManagement] INFO  server.RaftServerConfigKeys (ConfUtils.java:logGet(46)) - raft.server.log.purge.upto.snapshot.index = false (default)
2024-01-08 10:08:25,181 [d591e5af-e8f5-464c-8a55-75d5e8fc5b83-PipelineCommandHandlerThread-0] INFO  ratis.XceiverServerRatis (XceiverServerRatis.java:addGroup(842)) - Created group PipelineID=30c296b9-71b9-4744-8977-9b77b35a0eb3
2024-01-08 10:08:25,189 [grpc-default-executor-0] INFO  server.RaftServer (RaftServerProxy.java:addNew(100)) - e6c09ac7-730a-4058-a1a8-e64ffc2fb789: addNew group-9B77B35A0EB3:[d591e5af-e8f5-464c-8a55-75d5e8fc5b83|10.1.0.19:15049, 6df5c950-b1f8-41e9-a8bd-47cd1228c3d6|10.1.0.19:15067, e6c09ac7-730a-4058-a1a8-e64ffc2fb789|10.1.0.19:15058] returns group-9B77B35A0EB3:java.util.concurrent.CompletableFuture@2197af58[Not completed]
2024-01-08 10:08:25,190 [e6c09ac7-730a-4058-a1a8-e64ffc2fb789-groupManagement] INFO  server.RaftServer$Division (RaftServerImpl.java:<init>(256)) - e6c09ac7-730a-4058-a1a8-e64ffc2fb789: new RaftServerImpl for group-9B77B35A0EB3:[d591e5af-e8f5-464c-8a55-75d5e8fc5b83|10.1.0.19:15049, 6df5c950-b1f8-41e9-a8bd-47cd1228c3d6|10.1.0.19:15067, e6c09ac7-730a-4058-a1a8-e64ffc2fb789|10.1.0.19:15058] with ContainerStateMachine:uninitialized
2024-01-08 10:08:25,190 [e6c09ac7-730a-4058-a1a8-e64ffc2fb789-groupManagement] INFO  server.RaftServerConfigKeys (ConfUtils.java:logGet(46)) - raft.server.rpc.timeout.min = 5s (custom)
2024-01-08 10:08:25,190 [e6c09ac7-730a-4058-a1a8-e64ffc2fb789-groupManagement] INFO  server.RaftServerConfigKeys (ConfUtils.java:logGet(46)) - raft.server.rpc.timeout.max = 5200ms (custom)
2024-01-08 10:08:25,190 [e6c09ac7-730a-4058-a1a8-e64ffc2fb789-groupManagement] INFO  server.RaftServerConfigKeys (ConfUtils.java:logGet(46)) - raft.server.rpc.sleep.time = 25ms (default)
2024-01-08 10:08:25,190 [e6c09ac7-730a-4058-a1a8-e64ffc2fb789-groupManagement] INFO  server.RaftServerConfigKeys (ConfUtils.java:logGet(46)) - raft.server.rpc.slowness.timeout = 300s (custom)
2024-01-08 10:08:25,190 [e6c09ac7-730a-4058-a1a8-e64ffc2fb789-groupManagement] INFO  server.RaftServerConfigKeys (ConfUtils.java:logGet(46)) - raft.server.leaderelection.leader.step-down.wait-time = 10s (default)
2024-01-08 10:08:25,190 [e6c09ac7-730a-4058-a1a8-e64ffc2fb789-groupManagement] INFO  server.RaftServerConfigKeys (ConfUtils.java:logGet(46)) - raft.server.leaderelection.member.majority-add = false (default)
2024-01-08 10:08:25,190 [e6c09ac7-730a-4058-a1a8-e64ffc2fb789-groupManagement] INFO  server.RaftServerConfigKeys (ConfUtils.java:logGet(46)) - raft.server.sleep.deviation.threshold = 300ms (default)
2024-01-08 10:08:25,191 [e6c09ac7-730a-4058-a1a8-e64ffc2fb789-groupManagement] INFO  server.RaftServer$Division (ServerState.java:<init>(113)) - e6c09ac7-730a-4058-a1a8-e64ffc2fb789@group-9B77B35A0EB3: ConfigurationManager, init=-1: peers:[d591e5af-e8f5-464c-8a55-75d5e8fc5b83|10.1.0.19:15049, 6df5c950-b1f8-41e9-a8bd-47cd1228c3d6|10.1.0.19:15067, e6c09ac7-730a-4058-a1a8-e64ffc2fb789|10.1.0.19:15058]|listeners:[], old=null, confs=<EMPTY_MAP>
2024-01-08 10:08:25,191 [e6c09ac7-730a-4058-a1a8-e64ffc2fb789-groupManagement] INFO  server.RaftServerConfigKeys (ConfUtils.java:logGet(46)) - raft.server.notification.no-leader.timeout = 300s (custom)
2024-01-08 10:08:25,191 [e6c09ac7-730a-4058-a1a8-e64ffc2fb789-groupManagement] INFO  server.RaftServerConfigKeys (ConfUtils.java:logGet(46)) - raft.server.read.timeout = 10s (default)
2024-01-08 10:08:25,191 [e6c09ac7-730a-4058-a1a8-e64ffc2fb789-groupManagement] INFO  server.RaftServerConfigKeys (ConfUtils.java:logGet(46)) - raft.server.retrycache.expirytime = 600000ms (custom)
2024-01-08 10:08:25,191 [e6c09ac7-730a-4058-a1a8-e64ffc2fb789-groupManagement] INFO  server.RaftServerConfigKeys (ConfUtils.java:logGet(46)) - raft.server.retrycache.statistics.expirytime = 100ms (default)
2024-01-08 10:08:25,191 [e6c09ac7-730a-4058-a1a8-e64ffc2fb789-groupManagement] INFO  server.RaftServerConfigKeys (ConfUtils.java:logGet(46)) - raft.server.read.option = DEFAULT (default)
2024-01-08 10:08:25,191 [e6c09ac7-730a-4058-a1a8-e64ffc2fb789-groupManagement] INFO  server.RaftServerConfigKeys (ConfUtils.java:logGet(46)) - raft.server.read.read-after-write-consistent.write-index-cache.expiry-time = 60s (default)
2024-01-08 10:08:25,194 [e6c09ac7-730a-4058-a1a8-e64ffc2fb789-groupManagement] INFO  server.RaftServerConfigKeys (ConfUtils.java:logGet(46)) - raft.server.rpc.request.timeout = 60s (custom)
2024-01-08 10:08:25,194 [e6c09ac7-730a-4058-a1a8-e64ffc2fb789-groupManagement] INFO  server.RaftServerConfigKeys (ConfUtils.java:logGet(46)) - raft.server.log.appender.install.snapshot.enabled = false (custom)
2024-01-08 10:08:25,194 [e6c09ac7-730a-4058-a1a8-e64ffc2fb789-groupManagement] INFO  server.RaftServerConfigKeys (ConfUtils.java:logGet(46)) - raft.server.threadpool.server.cached = true (default)
2024-01-08 10:08:25,194 [e6c09ac7-730a-4058-a1a8-e64ffc2fb789-groupManagement] INFO  server.RaftServerConfigKeys (ConfUtils.java:logGet(46)) - raft.server.threadpool.server.size = 0 (default)
2024-01-08 10:08:25,194 [e6c09ac7-730a-4058-a1a8-e64ffc2fb789-groupManagement] INFO  server.RaftServerConfigKeys (ConfUtils.java:logGet(46)) - raft.server.threadpool.client.cached = true (default)
2024-01-08 10:08:25,194 [e6c09ac7-730a-4058-a1a8-e64ffc2fb789-groupManagement] INFO  server.RaftServerConfigKeys (ConfUtils.java:logGet(46)) - raft.server.threadpool.client.size = 0 (default)
2024-01-08 10:08:25,194 [e6c09ac7-730a-4058-a1a8-e64ffc2fb789-groupManagement] INFO  server.RaftServerConfigKeys (ConfUtils.java:logGet(46)) - raft.server.storage.free-space.min = 0MB (=0) (default)
2024-01-08 10:08:25,194 [e6c09ac7-730a-4058-a1a8-e64ffc2fb789-groupManagement] INFO  server.RaftServerConfigKeys (ConfUtils.java:logGet(46)) - raft.server.log.corruption.policy = EXCEPTION (default)
2024-01-08 10:08:25,195 [e6c09ac7-730a-4058-a1a8-e64ffc2fb789-groupManagement] INFO  server.RaftServerConfigKeys (ConfUtils.java:logGet(46)) - raft.server.storage.dir = [/home/runner/work/ozone/ozone/hadoop-ozone/integration-test/target/test-dir/MiniOzoneClusterImpl-fb8bf8f7-2439-41c0-942a-a4029f90a766/datanode-1/data/ratis] (custom)
2024-01-08 10:08:25,195 [e6c09ac7-730a-4058-a1a8-e64ffc2fb789-groupManagement] INFO  storage.RaftStorageDirectory (RaftStorageDirectoryImpl.java:analyzeStorage(138)) - The storage directory /home/runner/work/ozone/ozone/hadoop-ozone/integration-test/target/test-dir/MiniOzoneClusterImpl-fb8bf8f7-2439-41c0-942a-a4029f90a766/datanode-1/data/ratis/30c296b9-71b9-4744-8977-9b77b35a0eb3 does not exist. Creating ...
2024-01-08 10:08:25,196 [e6c09ac7-730a-4058-a1a8-e64ffc2fb789-groupManagement] INFO  storage.RaftStorageDirectory (RaftStorageDirectoryImpl.java:tryLock(232)) - Lock on /home/runner/work/ozone/ozone/hadoop-ozone/integration-test/target/test-dir/MiniOzoneClusterImpl-fb8bf8f7-2439-41c0-942a-a4029f90a766/datanode-1/data/ratis/30c296b9-71b9-4744-8977-9b77b35a0eb3/in_use.lock acquired by nodename 56297@fv-az1117-812
2024-01-08 10:08:25,197 [e6c09ac7-730a-4058-a1a8-e64ffc2fb789-groupManagement] INFO  storage.RaftStorage (RaftStorageImpl.java:format(97)) - Storage directory /home/runner/work/ozone/ozone/hadoop-ozone/integration-test/target/test-dir/MiniOzoneClusterImpl-fb8bf8f7-2439-41c0-942a-a4029f90a766/datanode-1/data/ratis/30c296b9-71b9-4744-8977-9b77b35a0eb3 has been successfully formatted.
2024-01-08 10:08:25,198 [e6c09ac7-730a-4058-a1a8-e64ffc2fb789-groupManagement] INFO  ratis.ContainerStateMachine (ContainerStateMachine.java:loadSnapshot(287)) - group-9B77B35A0EB3: The snapshot info is null. Setting the last applied index to:(t:0, i:~)
2024-01-08 10:08:25,198 [e6c09ac7-730a-4058-a1a8-e64ffc2fb789-groupManagement] INFO  server.RaftServerConfigKeys (ConfUtils.java:logGet(46)) - raft.server.log.use.memory = false (default)
2024-01-08 10:08:25,198 [e6c09ac7-730a-4058-a1a8-e64ffc2fb789-groupManagement] INFO  server.RaftServerConfigKeys (ConfUtils.java:logGet(46)) - raft.server.log.purge.gap = 1000000 (custom)
2024-01-08 10:08:25,198 [e6c09ac7-730a-4058-a1a8-e64ffc2fb789-groupManagement] INFO  server.RaftServerConfigKeys (ConfUtils.java:logGet(46)) - raft.server.log.appender.buffer.byte-limit = 8388608 (custom)
2024-01-08 10:08:25,198 [e6c09ac7-730a-4058-a1a8-e64ffc2fb789-groupManagement] INFO  server.RaftServerConfigKeys (ConfUtils.java:logGet(46)) - raft.server.log.statemachine.data.read.timeout = 1000ms (default)
2024-01-08 10:08:25,199 [e6c09ac7-730a-4058-a1a8-e64ffc2fb789-groupManagement] INFO  server.RaftServerConfigKeys (ConfUtils.java:logGet(46)) - raft.server.log.purge.preservation.log.num = 0 (default)
2024-01-08 10:08:25,200 [e6c09ac7-730a-4058-a1a8-e64ffc2fb789-groupManagement] INFO  server.RaftServerConfigKeys (ConfUtils.java:logGet(46)) - raft.server.log.segment.size.max = 67108864 (custom)
2024-01-08 10:08:25,200 [e6c09ac7-730a-4058-a1a8-e64ffc2fb789-groupManagement] INFO  server.RaftServerConfigKeys (ConfUtils.java:logGet(46)) - raft.server.log.segment.cache.num.max = 2 (custom)
2024-01-08 10:08:25,200 [e6c09ac7-730a-4058-a1a8-e64ffc2fb789-groupManagement] INFO  server.RaftServerConfigKeys (ConfUtils.java:logGet(46)) - raft.server.log.segment.cache.size.max = 200MB (=209715200) (default)
2024-01-08 10:08:25,200 [e6c09ac7-730a-4058-a1a8-e64ffc2fb789-groupManagement] INFO  server.RaftServerConfigKeys (ConfUtils.java:logGet(46)) - raft.server.log.appender.buffer.byte-limit = 8388608 (custom)
2024-01-08 10:08:25,201 [e6c09ac7-730a-4058-a1a8-e64ffc2fb789-groupManagement] INFO  util.AwaitToRun (AwaitToRun.java:start(81)) - Thread[e6c09ac7-730a-4058-a1a8-e64ffc2fb789@group-9B77B35A0EB3-cacheEviction-AwaitToRun,5,main] started
2024-01-08 10:08:25,201 [e6c09ac7-730a-4058-a1a8-e64ffc2fb789-groupManagement] INFO  segmented.SegmentedRaftLogWorker (SegmentedRaftLogWorker.java:<init>(184)) - new e6c09ac7-730a-4058-a1a8-e64ffc2fb789@group-9B77B35A0EB3-SegmentedRaftLogWorker for RaftStorageImpl:Storage Directory /home/runner/work/ozone/ozone/hadoop-ozone/integration-test/target/test-dir/MiniOzoneClusterImpl-fb8bf8f7-2439-41c0-942a-a4029f90a766/datanode-1/data/ratis/30c296b9-71b9-4744-8977-9b77b35a0eb3
2024-01-08 10:08:25,201 [e6c09ac7-730a-4058-a1a8-e64ffc2fb789-groupManagement] INFO  server.RaftServerConfigKeys (ConfUtils.java:logGet(46)) - raft.server.log.queue.byte-limit = 4294967296 (custom)
2024-01-08 10:08:25,201 [e6c09ac7-730a-4058-a1a8-e64ffc2fb789-groupManagement] INFO  server.RaftServerConfigKeys (ConfUtils.java:logGet(46)) - raft.server.log.queue.element-limit = 1024 (custom)
2024-01-08 10:08:25,201 [e6c09ac7-730a-4058-a1a8-e64ffc2fb789-groupManagement] INFO  server.RaftServerConfigKeys (ConfUtils.java:logGet(46)) - raft.server.log.segment.size.max = 67108864 (custom)
2024-01-08 10:08:25,201 [e6c09ac7-730a-4058-a1a8-e64ffc2fb789-groupManagement] INFO  server.RaftServerConfigKeys (ConfUtils.java:logGet(46)) - raft.server.log.preallocated.size = 4194304 (custom)
2024-01-08 10:08:25,201 [e6c09ac7-730a-4058-a1a8-e64ffc2fb789-groupManagement] INFO  server.RaftServerConfigKeys (ConfUtils.java:logGet(46)) - raft.server.log.force.sync.num = 128 (default)
2024-01-08 10:08:25,201 [e6c09ac7-730a-4058-a1a8-e64ffc2fb789-groupManagement] INFO  server.RaftServerConfigKeys (ConfUtils.java:logGet(46)) - raft.server.log.statemachine.data.sync = true (default)
2024-01-08 10:08:25,202 [e6c09ac7-730a-4058-a1a8-e64ffc2fb789-groupManagement] INFO  server.RaftServerConfigKeys (ConfUtils.java:logGet(46)) - raft.server.log.statemachine.data.sync.timeout = 10s (default)
2024-01-08 10:08:25,202 [e6c09ac7-730a-4058-a1a8-e64ffc2fb789-groupManagement] INFO  server.RaftServerConfigKeys (ConfUtils.java:logGet(46)) - raft.server.log.statemachine.data.sync.timeout.retry = 0 (custom)
2024-01-08 10:08:25,202 [e6c09ac7-730a-4058-a1a8-e64ffc2fb789-groupManagement] INFO  server.RaftServerConfigKeys (ConfUtils.java:logGet(46)) - raft.server.log.write.buffer.size = 8388616 (custom)
2024-01-08 10:08:25,204 [e6c09ac7-730a-4058-a1a8-e64ffc2fb789-groupManagement] INFO  server.RaftServerConfigKeys (ConfUtils.java:logGet(46)) - raft.server.log.appender.buffer.byte-limit = 8388608 (custom)
2024-01-08 10:08:25,204 [e6c09ac7-730a-4058-a1a8-e64ffc2fb789-groupManagement] INFO  server.RaftServerConfigKeys (ConfUtils.java:logGet(46)) - raft.server.log.unsafe-flush.enabled = false (default)
2024-01-08 10:08:25,204 [e6c09ac7-730a-4058-a1a8-e64ffc2fb789-groupManagement] INFO  server.RaftServerConfigKeys (ConfUtils.java:logGet(46)) - raft.server.log.async-flush.enabled = false (default)
2024-01-08 10:08:25,204 [e6c09ac7-730a-4058-a1a8-e64ffc2fb789-groupManagement] INFO  server.RaftServerConfigKeys (ConfUtils.java:logGet(46)) - raft.server.log.statemachine.data.caching.enabled = true (custom)
2024-01-08 10:08:25,204 [e6c09ac7-730a-4058-a1a8-e64ffc2fb789-groupManagement] INFO  segmented.SegmentedRaftLogWorker (SegmentedRaftLogWorker.java:lambda$new$0(135)) - e6c09ac7-730a-4058-a1a8-e64ffc2fb789@group-9B77B35A0EB3-SegmentedRaftLogWorker: flushIndex: setUnconditionally 0 -> -1
2024-01-08 10:08:25,204 [e6c09ac7-730a-4058-a1a8-e64ffc2fb789-groupManagement] INFO  segmented.SegmentedRaftLogWorker (SegmentedRaftLogWorker.java:lambda$new$0(135)) - e6c09ac7-730a-4058-a1a8-e64ffc2fb789@group-9B77B35A0EB3-SegmentedRaftLogWorker: safeCacheEvictIndex: setUnconditionally 0 -> -1
2024-01-08 10:08:25,205 [e6c09ac7-730a-4058-a1a8-e64ffc2fb789-groupManagement] INFO  server.RaftServer$Division (RaftServerImpl.java:start(392)) - e6c09ac7-730a-4058-a1a8-e64ffc2fb789@group-9B77B35A0EB3: start as a follower, conf=-1: peers:[d591e5af-e8f5-464c-8a55-75d5e8fc5b83|10.1.0.19:15049, 6df5c950-b1f8-41e9-a8bd-47cd1228c3d6|10.1.0.19:15067, e6c09ac7-730a-4058-a1a8-e64ffc2fb789|10.1.0.19:15058]|listeners:[], old=null
2024-01-08 10:08:25,205 [e6c09ac7-730a-4058-a1a8-e64ffc2fb789-groupManagement] INFO  server.RaftServer$Division (RaftServerImpl.java:setRole(379)) - e6c09ac7-730a-4058-a1a8-e64ffc2fb789@group-9B77B35A0EB3: changes role from      null to FOLLOWER at term 0 for startAsFollower
2024-01-08 10:08:25,205 [e6c09ac7-730a-4058-a1a8-e64ffc2fb789-groupManagement] INFO  impl.RoleInfo (RoleInfo.java:updateAndGet(139)) - e6c09ac7-730a-4058-a1a8-e64ffc2fb789: start e6c09ac7-730a-4058-a1a8-e64ffc2fb789@group-9B77B35A0EB3-FollowerState
2024-01-08 10:08:25,207 [e6c09ac7-730a-4058-a1a8-e64ffc2fb789-groupManagement] INFO  util.JmxRegister (JmxRegister.java:tryRegister(44)) - Successfully registered JMX Bean with object name Ratis:service=RaftServer,group=group-9B77B35A0EB3,id=e6c09ac7-730a-4058-a1a8-e64ffc2fb789
2024-01-08 10:08:25,207 [e6c09ac7-730a-4058-a1a8-e64ffc2fb789@group-9B77B35A0EB3-FollowerState] INFO  server.RaftServerConfigKeys (ConfUtils.java:logFallback(53)) - raft.server.rpc.first-election.timeout.min = 5s (fallback to raft.server.rpc.timeout.min)
2024-01-08 10:08:25,207 [e6c09ac7-730a-4058-a1a8-e64ffc2fb789-groupManagement] INFO  server.RaftServerConfigKeys (ConfUtils.java:logGet(46)) - raft.server.snapshot.trigger-when-stop.enabled = true (default)
2024-01-08 10:08:25,207 [e6c09ac7-730a-4058-a1a8-e64ffc2fb789-groupManagement] INFO  server.RaftServerConfigKeys (ConfUtils.java:logGet(46)) - raft.server.snapshot.auto.trigger.enabled = true (custom)
2024-01-08 10:08:25,208 [e6c09ac7-730a-4058-a1a8-e64ffc2fb789-groupManagement] INFO  server.RaftServerConfigKeys (ConfUtils.java:logGet(46)) - raft.server.snapshot.auto.trigger.threshold = 10000 (custom)
2024-01-08 10:08:25,208 [e6c09ac7-730a-4058-a1a8-e64ffc2fb789-groupManagement] INFO  server.RaftServerConfigKeys (ConfUtils.java:logGet(46)) - raft.server.snapshot.retention.file.num = 5 (custom)
2024-01-08 10:08:25,208 [e6c09ac7-730a-4058-a1a8-e64ffc2fb789-groupManagement] INFO  server.RaftServerConfigKeys (ConfUtils.java:logGet(46)) - raft.server.log.purge.upto.snapshot.index = false (default)
2024-01-08 10:08:25,207 [e6c09ac7-730a-4058-a1a8-e64ffc2fb789@group-9B77B35A0EB3-FollowerState] INFO  server.RaftServerConfigKeys (ConfUtils.java:logFallback(53)) - raft.server.rpc.first-election.timeout.max = 5200ms (fallback to raft.server.rpc.timeout.max)
2024-01-08 10:08:25,223 [e6c09ac7-730a-4058-a1a8-e64ffc2fb789-PipelineCommandHandlerThread-0] INFO  server.RaftServer (RaftServerProxy.java:addNew(100)) - e6c09ac7-730a-4058-a1a8-e64ffc2fb789: addNew group-83A3173FE733:[e6c09ac7-730a-4058-a1a8-e64ffc2fb789|10.1.0.19:15058] returns group-83A3173FE733:java.util.concurrent.CompletableFuture@1dd992a4[Not completed]
2024-01-08 10:08:25,226 [e6c09ac7-730a-4058-a1a8-e64ffc2fb789-groupManagement] INFO  server.RaftServer$Division (RaftServerImpl.java:<init>(256)) - e6c09ac7-730a-4058-a1a8-e64ffc2fb789: new RaftServerImpl for group-83A3173FE733:[e6c09ac7-730a-4058-a1a8-e64ffc2fb789|10.1.0.19:15058] with ContainerStateMachine:uninitialized
2024-01-08 10:08:25,226 [e6c09ac7-730a-4058-a1a8-e64ffc2fb789-groupManagement] INFO  server.RaftServerConfigKeys (ConfUtils.java:logGet(46)) - raft.server.rpc.timeout.min = 5s (custom)
2024-01-08 10:08:25,226 [e6c09ac7-730a-4058-a1a8-e64ffc2fb789-groupManagement] INFO  server.RaftServerConfigKeys (ConfUtils.java:logGet(46)) - raft.server.rpc.timeout.max = 5200ms (custom)
2024-01-08 10:08:25,226 [e6c09ac7-730a-4058-a1a8-e64ffc2fb789-groupManagement] INFO  server.RaftServerConfigKeys (ConfUtils.java:logGet(46)) - raft.server.rpc.sleep.time = 25ms (default)
2024-01-08 10:08:25,226 [e6c09ac7-730a-4058-a1a8-e64ffc2fb789-groupManagement] INFO  server.RaftServerConfigKeys (ConfUtils.java:logGet(46)) - raft.server.rpc.slowness.timeout = 300s (custom)
2024-01-08 10:08:25,226 [e6c09ac7-730a-4058-a1a8-e64ffc2fb789-groupManagement] INFO  server.RaftServerConfigKeys (ConfUtils.java:logGet(46)) - raft.server.leaderelection.leader.step-down.wait-time = 10s (default)
2024-01-08 10:08:25,226 [e6c09ac7-730a-4058-a1a8-e64ffc2fb789-groupManagement] INFO  server.RaftServerConfigKeys (ConfUtils.java:logGet(46)) - raft.server.leaderelection.member.majority-add = false (default)
2024-01-08 10:08:25,226 [e6c09ac7-730a-4058-a1a8-e64ffc2fb789-groupManagement] INFO  server.RaftServerConfigKeys (ConfUtils.java:logGet(46)) - raft.server.sleep.deviation.threshold = 300ms (default)
2024-01-08 10:08:25,226 [e6c09ac7-730a-4058-a1a8-e64ffc2fb789-groupManagement] INFO  server.RaftServer$Division (ServerState.java:<init>(113)) - e6c09ac7-730a-4058-a1a8-e64ffc2fb789@group-83A3173FE733: ConfigurationManager, init=-1: peers:[e6c09ac7-730a-4058-a1a8-e64ffc2fb789|10.1.0.19:15058]|listeners:[], old=null, confs=<EMPTY_MAP>
2024-01-08 10:08:25,226 [e6c09ac7-730a-4058-a1a8-e64ffc2fb789-groupManagement] INFO  server.RaftServerConfigKeys (ConfUtils.java:logGet(46)) - raft.server.notification.no-leader.timeout = 300s (custom)
2024-01-08 10:08:25,227 [e6c09ac7-730a-4058-a1a8-e64ffc2fb789-groupManagement] INFO  server.RaftServerConfigKeys (ConfUtils.java:logGet(46)) - raft.server.read.timeout = 10s (default)
2024-01-08 10:08:25,231 [e6c09ac7-730a-4058-a1a8-e64ffc2fb789-groupManagement] INFO  server.RaftServerConfigKeys (ConfUtils.java:logGet(46)) - raft.server.retrycache.expirytime = 600000ms (custom)
2024-01-08 10:08:25,231 [e6c09ac7-730a-4058-a1a8-e64ffc2fb789-groupManagement] INFO  server.RaftServerConfigKeys (ConfUtils.java:logGet(46)) - raft.server.retrycache.statistics.expirytime = 100ms (default)
2024-01-08 10:08:25,232 [e6c09ac7-730a-4058-a1a8-e64ffc2fb789-groupManagement] INFO  server.RaftServerConfigKeys (ConfUtils.java:logGet(46)) - raft.server.read.option = DEFAULT (default)
2024-01-08 10:08:25,233 [e6c09ac7-730a-4058-a1a8-e64ffc2fb789-groupManagement] INFO  server.RaftServerConfigKeys (ConfUtils.java:logGet(46)) - raft.server.read.read-after-write-consistent.write-index-cache.expiry-time = 60s (default)
2024-01-08 10:08:25,237 [e6c09ac7-730a-4058-a1a8-e64ffc2fb789-groupManagement] INFO  server.RaftServerConfigKeys (ConfUtils.java:logGet(46)) - raft.server.rpc.request.timeout = 60s (custom)
2024-01-08 10:08:25,237 [e6c09ac7-730a-4058-a1a8-e64ffc2fb789-groupManagement] INFO  server.RaftServerConfigKeys (ConfUtils.java:logGet(46)) - raft.server.log.appender.install.snapshot.enabled = false (custom)
2024-01-08 10:08:25,238 [e6c09ac7-730a-4058-a1a8-e64ffc2fb789-groupManagement] INFO  server.RaftServerConfigKeys (ConfUtils.java:logGet(46)) - raft.server.threadpool.server.cached = true (default)
2024-01-08 10:08:25,238 [e6c09ac7-730a-4058-a1a8-e64ffc2fb789-groupManagement] INFO  server.RaftServerConfigKeys (ConfUtils.java:logGet(46)) - raft.server.threadpool.server.size = 0 (default)
2024-01-08 10:08:25,239 [e6c09ac7-730a-4058-a1a8-e64ffc2fb789-groupManagement] INFO  server.RaftServerConfigKeys (ConfUtils.java:logGet(46)) - raft.server.threadpool.client.cached = true (default)
2024-01-08 10:08:25,239 [e6c09ac7-730a-4058-a1a8-e64ffc2fb789-groupManagement] INFO  server.RaftServerConfigKeys (ConfUtils.java:logGet(46)) - raft.server.threadpool.client.size = 0 (default)
2024-01-08 10:08:25,239 [e6c09ac7-730a-4058-a1a8-e64ffc2fb789-groupManagement] INFO  server.RaftServerConfigKeys (ConfUtils.java:logGet(46)) - raft.server.storage.free-space.min = 0MB (=0) (default)
2024-01-08 10:08:25,239 [e6c09ac7-730a-4058-a1a8-e64ffc2fb789-groupManagement] INFO  server.RaftServerConfigKeys (ConfUtils.java:logGet(46)) - raft.server.log.corruption.policy = EXCEPTION (default)
2024-01-08 10:08:25,239 [e6c09ac7-730a-4058-a1a8-e64ffc2fb789-groupManagement] INFO  server.RaftServerConfigKeys (ConfUtils.java:logGet(46)) - raft.server.storage.dir = [/home/runner/work/ozone/ozone/hadoop-ozone/integration-test/target/test-dir/MiniOzoneClusterImpl-fb8bf8f7-2439-41c0-942a-a4029f90a766/datanode-1/data/ratis] (custom)
2024-01-08 10:08:25,239 [e6c09ac7-730a-4058-a1a8-e64ffc2fb789-groupManagement] INFO  storage.RaftStorageDirectory (RaftStorageDirectoryImpl.java:analyzeStorage(138)) - The storage directory /home/runner/work/ozone/ozone/hadoop-ozone/integration-test/target/test-dir/MiniOzoneClusterImpl-fb8bf8f7-2439-41c0-942a-a4029f90a766/datanode-1/data/ratis/76e4ce41-5947-42f4-91a1-83a3173fe733 does not exist. Creating ...
2024-01-08 10:08:25,240 [e6c09ac7-730a-4058-a1a8-e64ffc2fb789-groupManagement] INFO  storage.RaftStorageDirectory (RaftStorageDirectoryImpl.java:tryLock(232)) - Lock on /home/runner/work/ozone/ozone/hadoop-ozone/integration-test/target/test-dir/MiniOzoneClusterImpl-fb8bf8f7-2439-41c0-942a-a4029f90a766/datanode-1/data/ratis/76e4ce41-5947-42f4-91a1-83a3173fe733/in_use.lock acquired by nodename 56297@fv-az1117-812
2024-01-08 10:08:25,241 [e6c09ac7-730a-4058-a1a8-e64ffc2fb789-groupManagement] INFO  storage.RaftStorage (RaftStorageImpl.java:format(97)) - Storage directory /home/runner/work/ozone/ozone/hadoop-ozone/integration-test/target/test-dir/MiniOzoneClusterImpl-fb8bf8f7-2439-41c0-942a-a4029f90a766/datanode-1/data/ratis/76e4ce41-5947-42f4-91a1-83a3173fe733 has been successfully formatted.
2024-01-08 10:08:25,242 [e6c09ac7-730a-4058-a1a8-e64ffc2fb789-groupManagement] INFO  ratis.ContainerStateMachine (ContainerStateMachine.java:loadSnapshot(287)) - group-83A3173FE733: The snapshot info is null. Setting the last applied index to:(t:0, i:~)
2024-01-08 10:08:25,242 [e6c09ac7-730a-4058-a1a8-e64ffc2fb789-groupManagement] INFO  server.RaftServerConfigKeys (ConfUtils.java:logGet(46)) - raft.server.log.use.memory = false (default)
2024-01-08 10:08:25,242 [e6c09ac7-730a-4058-a1a8-e64ffc2fb789-groupManagement] INFO  server.RaftServerConfigKeys (ConfUtils.java:logGet(46)) - raft.server.log.purge.gap = 1000000 (custom)
2024-01-08 10:08:25,242 [e6c09ac7-730a-4058-a1a8-e64ffc2fb789-groupManagement] INFO  server.RaftServerConfigKeys (ConfUtils.java:logGet(46)) - raft.server.log.appender.buffer.byte-limit = 8388608 (custom)
2024-01-08 10:08:25,242 [e6c09ac7-730a-4058-a1a8-e64ffc2fb789-groupManagement] INFO  server.RaftServerConfigKeys (ConfUtils.java:logGet(46)) - raft.server.log.statemachine.data.read.timeout = 1000ms (default)
2024-01-08 10:08:25,242 [e6c09ac7-730a-4058-a1a8-e64ffc2fb789-groupManagement] INFO  server.RaftServerConfigKeys (ConfUtils.java:logGet(46)) - raft.server.log.purge.preservation.log.num = 0 (default)
2024-01-08 10:08:25,247 [grpc-default-executor-0] INFO  server.RaftServer (RaftServerProxy.java:addNew(100)) - 6df5c950-b1f8-41e9-a8bd-47cd1228c3d6: addNew group-9B77B35A0EB3:[d591e5af-e8f5-464c-8a55-75d5e8fc5b83|10.1.0.19:15049, 6df5c950-b1f8-41e9-a8bd-47cd1228c3d6|10.1.0.19:15067, e6c09ac7-730a-4058-a1a8-e64ffc2fb789|10.1.0.19:15058] returns group-9B77B35A0EB3:java.util.concurrent.CompletableFuture@7229176f[Not completed]
2024-01-08 10:08:25,248 [6df5c950-b1f8-41e9-a8bd-47cd1228c3d6-groupManagement] INFO  server.RaftServer$Division (RaftServerImpl.java:<init>(256)) - 6df5c950-b1f8-41e9-a8bd-47cd1228c3d6: new RaftServerImpl for group-9B77B35A0EB3:[d591e5af-e8f5-464c-8a55-75d5e8fc5b83|10.1.0.19:15049, 6df5c950-b1f8-41e9-a8bd-47cd1228c3d6|10.1.0.19:15067, e6c09ac7-730a-4058-a1a8-e64ffc2fb789|10.1.0.19:15058] with ContainerStateMachine:uninitialized
2024-01-08 10:08:25,248 [6df5c950-b1f8-41e9-a8bd-47cd1228c3d6-groupManagement] INFO  server.RaftServerConfigKeys (ConfUtils.java:logGet(46)) - raft.server.rpc.timeout.min = 5s (custom)
2024-01-08 10:08:25,249 [6df5c950-b1f8-41e9-a8bd-47cd1228c3d6-groupManagement] INFO  server.RaftServerConfigKeys (ConfUtils.java:logGet(46)) - raft.server.rpc.timeout.max = 5200ms (custom)
2024-01-08 10:08:25,249 [e6c09ac7-730a-4058-a1a8-e64ffc2fb789-groupManagement] INFO  server.RaftServerConfigKeys (ConfUtils.java:logGet(46)) - raft.server.log.segment.size.max = 67108864 (custom)
2024-01-08 10:08:25,249 [6df5c950-b1f8-41e9-a8bd-47cd1228c3d6-groupManagement] INFO  server.RaftServerConfigKeys (ConfUtils.java:logGet(46)) - raft.server.rpc.sleep.time = 25ms (default)
2024-01-08 10:08:25,250 [e6c09ac7-730a-4058-a1a8-e64ffc2fb789-groupManagement] INFO  server.RaftServerConfigKeys (ConfUtils.java:logGet(46)) - raft.server.log.segment.cache.num.max = 2 (custom)
2024-01-08 10:08:25,250 [e6c09ac7-730a-4058-a1a8-e64ffc2fb789-groupManagement] INFO  server.RaftServerConfigKeys (ConfUtils.java:logGet(46)) - raft.server.log.segment.cache.size.max = 200MB (=209715200) (default)
2024-01-08 10:08:25,250 [e6c09ac7-730a-4058-a1a8-e64ffc2fb789-groupManagement] INFO  server.RaftServerConfigKeys (ConfUtils.java:logGet(46)) - raft.server.log.appender.buffer.byte-limit = 8388608 (custom)
2024-01-08 10:08:25,250 [6df5c950-b1f8-41e9-a8bd-47cd1228c3d6-groupManagement] INFO  server.RaftServerConfigKeys (ConfUtils.java:logGet(46)) - raft.server.rpc.slowness.timeout = 300s (custom)
2024-01-08 10:08:25,250 [6df5c950-b1f8-41e9-a8bd-47cd1228c3d6-groupManagement] INFO  server.RaftServerConfigKeys (ConfUtils.java:logGet(46)) - raft.server.leaderelection.leader.step-down.wait-time = 10s (default)
2024-01-08 10:08:25,251 [6df5c950-b1f8-41e9-a8bd-47cd1228c3d6-groupManagement] INFO  server.RaftServerConfigKeys (ConfUtils.java:logGet(46)) - raft.server.leaderelection.member.majority-add = false (default)
2024-01-08 10:08:25,251 [6df5c950-b1f8-41e9-a8bd-47cd1228c3d6-groupManagement] INFO  server.RaftServerConfigKeys (ConfUtils.java:logGet(46)) - raft.server.sleep.deviation.threshold = 300ms (default)
2024-01-08 10:08:25,251 [6df5c950-b1f8-41e9-a8bd-47cd1228c3d6-groupManagement] INFO  server.RaftServer$Division (ServerState.java:<init>(113)) - 6df5c950-b1f8-41e9-a8bd-47cd1228c3d6@group-9B77B35A0EB3: ConfigurationManager, init=-1: peers:[d591e5af-e8f5-464c-8a55-75d5e8fc5b83|10.1.0.19:15049, 6df5c950-b1f8-41e9-a8bd-47cd1228c3d6|10.1.0.19:15067, e6c09ac7-730a-4058-a1a8-e64ffc2fb789|10.1.0.19:15058]|listeners:[], old=null, confs=<EMPTY_MAP>
2024-01-08 10:08:25,251 [6df5c950-b1f8-41e9-a8bd-47cd1228c3d6-groupManagement] INFO  server.RaftServerConfigKeys (ConfUtils.java:logGet(46)) - raft.server.notification.no-leader.timeout = 300s (custom)
2024-01-08 10:08:25,252 [6df5c950-b1f8-41e9-a8bd-47cd1228c3d6-groupManagement] INFO  server.RaftServerConfigKeys (ConfUtils.java:logGet(46)) - raft.server.read.timeout = 10s (default)
2024-01-08 10:08:25,252 [6df5c950-b1f8-41e9-a8bd-47cd1228c3d6-groupManagement] INFO  server.RaftServerConfigKeys (ConfUtils.java:logGet(46)) - raft.server.retrycache.expirytime = 600000ms (custom)
2024-01-08 10:08:25,252 [6df5c950-b1f8-41e9-a8bd-47cd1228c3d6-groupManagement] INFO  server.RaftServerConfigKeys (ConfUtils.java:logGet(46)) - raft.server.retrycache.statistics.expirytime = 100ms (default)
2024-01-08 10:08:25,252 [6df5c950-b1f8-41e9-a8bd-47cd1228c3d6-groupManagement] INFO  server.RaftServerConfigKeys (ConfUtils.java:logGet(46)) - raft.server.read.option = DEFAULT (default)
2024-01-08 10:08:25,252 [6df5c950-b1f8-41e9-a8bd-47cd1228c3d6-groupManagement] INFO  server.RaftServerConfigKeys (ConfUtils.java:logGet(46)) - raft.server.read.read-after-write-consistent.write-index-cache.expiry-time = 60s (default)
2024-01-08 10:08:25,255 [6df5c950-b1f8-41e9-a8bd-47cd1228c3d6-groupManagement] INFO  server.RaftServerConfigKeys (ConfUtils.java:logGet(46)) - raft.server.rpc.request.timeout = 60s (custom)
2024-01-08 10:08:25,255 [6df5c950-b1f8-41e9-a8bd-47cd1228c3d6-groupManagement] INFO  server.RaftServerConfigKeys (ConfUtils.java:logGet(46)) - raft.server.log.appender.install.snapshot.enabled = false (custom)
2024-01-08 10:08:25,255 [6df5c950-b1f8-41e9-a8bd-47cd1228c3d6-groupManagement] INFO  server.RaftServerConfigKeys (ConfUtils.java:logGet(46)) - raft.server.threadpool.server.cached = true (default)
2024-01-08 10:08:25,255 [6df5c950-b1f8-41e9-a8bd-47cd1228c3d6-groupManagement] INFO  server.RaftServerConfigKeys (ConfUtils.java:logGet(46)) - raft.server.threadpool.server.size = 0 (default)
2024-01-08 10:08:25,255 [6df5c950-b1f8-41e9-a8bd-47cd1228c3d6-groupManagement] INFO  server.RaftServerConfigKeys (ConfUtils.java:logGet(46)) - raft.server.threadpool.client.cached = true (default)
2024-01-08 10:08:25,256 [6df5c950-b1f8-41e9-a8bd-47cd1228c3d6-groupManagement] INFO  server.RaftServerConfigKeys (ConfUtils.java:logGet(46)) - raft.server.threadpool.client.size = 0 (default)
2024-01-08 10:08:25,256 [6df5c950-b1f8-41e9-a8bd-47cd1228c3d6-groupManagement] INFO  server.RaftServerConfigKeys (ConfUtils.java:logGet(46)) - raft.server.storage.free-space.min = 0MB (=0) (default)
2024-01-08 10:08:25,256 [6df5c950-b1f8-41e9-a8bd-47cd1228c3d6-groupManagement] INFO  server.RaftServerConfigKeys (ConfUtils.java:logGet(46)) - raft.server.log.corruption.policy = EXCEPTION (default)
2024-01-08 10:08:25,256 [6df5c950-b1f8-41e9-a8bd-47cd1228c3d6-groupManagement] INFO  server.RaftServerConfigKeys (ConfUtils.java:logGet(46)) - raft.server.storage.dir = [/home/runner/work/ozone/ozone/hadoop-ozone/integration-test/target/test-dir/MiniOzoneClusterImpl-fb8bf8f7-2439-41c0-942a-a4029f90a766/datanode-2/data/ratis] (custom)
2024-01-08 10:08:25,257 [6df5c950-b1f8-41e9-a8bd-47cd1228c3d6-groupManagement] INFO  storage.RaftStorageDirectory (RaftStorageDirectoryImpl.java:analyzeStorage(138)) - The storage directory /home/runner/work/ozone/ozone/hadoop-ozone/integration-test/target/test-dir/MiniOzoneClusterImpl-fb8bf8f7-2439-41c0-942a-a4029f90a766/datanode-2/data/ratis/30c296b9-71b9-4744-8977-9b77b35a0eb3 does not exist. Creating ...
2024-01-08 10:08:25,258 [6df5c950-b1f8-41e9-a8bd-47cd1228c3d6-groupManagement] INFO  storage.RaftStorageDirectory (RaftStorageDirectoryImpl.java:tryLock(232)) - Lock on /home/runner/work/ozone/ozone/hadoop-ozone/integration-test/target/test-dir/MiniOzoneClusterImpl-fb8bf8f7-2439-41c0-942a-a4029f90a766/datanode-2/data/ratis/30c296b9-71b9-4744-8977-9b77b35a0eb3/in_use.lock acquired by nodename 56297@fv-az1117-812
2024-01-08 10:08:25,259 [6df5c950-b1f8-41e9-a8bd-47cd1228c3d6-groupManagement] INFO  storage.RaftStorage (RaftStorageImpl.java:format(97)) - Storage directory /home/runner/work/ozone/ozone/hadoop-ozone/integration-test/target/test-dir/MiniOzoneClusterImpl-fb8bf8f7-2439-41c0-942a-a4029f90a766/datanode-2/data/ratis/30c296b9-71b9-4744-8977-9b77b35a0eb3 has been successfully formatted.
2024-01-08 10:08:25,263 [e6c09ac7-730a-4058-a1a8-e64ffc2fb789-groupManagement] INFO  util.AwaitToRun (AwaitToRun.java:start(81)) - Thread[e6c09ac7-730a-4058-a1a8-e64ffc2fb789@group-83A3173FE733-cacheEviction-AwaitToRun,5,main] started
2024-01-08 10:08:25,263 [e6c09ac7-730a-4058-a1a8-e64ffc2fb789-groupManagement] INFO  segmented.SegmentedRaftLogWorker (SegmentedRaftLogWorker.java:<init>(184)) - new e6c09ac7-730a-4058-a1a8-e64ffc2fb789@group-83A3173FE733-SegmentedRaftLogWorker for RaftStorageImpl:Storage Directory /home/runner/work/ozone/ozone/hadoop-ozone/integration-test/target/test-dir/MiniOzoneClusterImpl-fb8bf8f7-2439-41c0-942a-a4029f90a766/datanode-1/data/ratis/76e4ce41-5947-42f4-91a1-83a3173fe733
2024-01-08 10:08:25,263 [e6c09ac7-730a-4058-a1a8-e64ffc2fb789-groupManagement] INFO  server.RaftServerConfigKeys (ConfUtils.java:logGet(46)) - raft.server.log.queue.byte-limit = 4294967296 (custom)
2024-01-08 10:08:25,263 [e6c09ac7-730a-4058-a1a8-e64ffc2fb789-groupManagement] INFO  server.RaftServerConfigKeys (ConfUtils.java:logGet(46)) - raft.server.log.queue.element-limit = 1024 (custom)
2024-01-08 10:08:25,263 [e6c09ac7-730a-4058-a1a8-e64ffc2fb789-groupManagement] INFO  server.RaftServerConfigKeys (ConfUtils.java:logGet(46)) - raft.server.log.segment.size.max = 67108864 (custom)
2024-01-08 10:08:25,263 [e6c09ac7-730a-4058-a1a8-e64ffc2fb789-groupManagement] INFO  server.RaftServerConfigKeys (ConfUtils.java:logGet(46)) - raft.server.log.preallocated.size = 4194304 (custom)
2024-01-08 10:08:25,263 [EventQueue-PipelineReportForPipelineReportHandler] INFO  pipeline.PipelineReportHandler (PipelineReportHandler.java:processPipelineReport(136)) - Opened pipeline PipelineID=76e4ce41-5947-42f4-91a1-83a3173fe733
2024-01-08 10:08:25,263 [e6c09ac7-730a-4058-a1a8-e64ffc2fb789-groupManagement] INFO  server.RaftServerConfigKeys (ConfUtils.java:logGet(46)) - raft.server.log.force.sync.num = 128 (default)
2024-01-08 10:08:25,263 [EventQueue-OpenPipelineForHealthyPipelineSafeModeRule] INFO  safemode.SCMSafeModeManager (HealthyPipelineSafeModeRule.java:process(140)) - SCM in safe mode. Healthy pipelines reported count is 0, required healthy pipeline reported count is 1
2024-01-08 10:08:25,264 [e6c09ac7-730a-4058-a1a8-e64ffc2fb789-groupManagement] INFO  server.RaftServerConfigKeys (ConfUtils.java:logGet(46)) - raft.server.log.statemachine.data.sync = true (default)
2024-01-08 10:08:25,264 [e6c09ac7-730a-4058-a1a8-e64ffc2fb789-groupManagement] INFO  server.RaftServerConfigKeys (ConfUtils.java:logGet(46)) - raft.server.log.statemachine.data.sync.timeout = 10s (default)
2024-01-08 10:08:25,264 [e6c09ac7-730a-4058-a1a8-e64ffc2fb789-groupManagement] INFO  server.RaftServerConfigKeys (ConfUtils.java:logGet(46)) - raft.server.log.statemachine.data.sync.timeout.retry = 0 (custom)
2024-01-08 10:08:25,265 [e6c09ac7-730a-4058-a1a8-e64ffc2fb789-groupManagement] INFO  server.RaftServerConfigKeys (ConfUtils.java:logGet(46)) - raft.server.log.write.buffer.size = 8388616 (custom)
2024-01-08 10:08:25,264 [6df5c950-b1f8-41e9-a8bd-47cd1228c3d6-groupManagement] INFO  ratis.ContainerStateMachine (ContainerStateMachine.java:loadSnapshot(287)) - group-9B77B35A0EB3: The snapshot info is null. Setting the last applied index to:(t:0, i:~)
2024-01-08 10:08:25,265 [6df5c950-b1f8-41e9-a8bd-47cd1228c3d6-groupManagement] INFO  server.RaftServerConfigKeys (ConfUtils.java:logGet(46)) - raft.server.log.use.memory = false (default)
2024-01-08 10:08:25,265 [6df5c950-b1f8-41e9-a8bd-47cd1228c3d6-groupManagement] INFO  server.RaftServerConfigKeys (ConfUtils.java:logGet(46)) - raft.server.log.purge.gap = 1000000 (custom)
2024-01-08 10:08:25,265 [6df5c950-b1f8-41e9-a8bd-47cd1228c3d6-groupManagement] INFO  server.RaftServerConfigKeys (ConfUtils.java:logGet(46)) - raft.server.log.appender.buffer.byte-limit = 8388608 (custom)
2024-01-08 10:08:25,265 [6df5c950-b1f8-41e9-a8bd-47cd1228c3d6-groupManagement] INFO  server.RaftServerConfigKeys (ConfUtils.java:logGet(46)) - raft.server.log.statemachine.data.read.timeout = 1000ms (default)
2024-01-08 10:08:25,265 [6df5c950-b1f8-41e9-a8bd-47cd1228c3d6-groupManagement] INFO  server.RaftServerConfigKeys (ConfUtils.java:logGet(46)) - raft.server.log.purge.preservation.log.num = 0 (default)
2024-01-08 10:08:25,267 [e6c09ac7-730a-4058-a1a8-e64ffc2fb789-groupManagement] INFO  server.RaftServerConfigKeys (ConfUtils.java:logGet(46)) - raft.server.log.appender.buffer.byte-limit = 8388608 (custom)
2024-01-08 10:08:25,268 [e6c09ac7-730a-4058-a1a8-e64ffc2fb789-groupManagement] INFO  server.RaftServerConfigKeys (ConfUtils.java:logGet(46)) - raft.server.log.unsafe-flush.enabled = false (default)
2024-01-08 10:08:25,268 [e6c09ac7-730a-4058-a1a8-e64ffc2fb789-groupManagement] INFO  server.RaftServerConfigKeys (ConfUtils.java:logGet(46)) - raft.server.log.async-flush.enabled = false (default)
2024-01-08 10:08:25,268 [e6c09ac7-730a-4058-a1a8-e64ffc2fb789-groupManagement] INFO  server.RaftServerConfigKeys (ConfUtils.java:logGet(46)) - raft.server.log.statemachine.data.caching.enabled = true (custom)
2024-01-08 10:08:25,268 [e6c09ac7-730a-4058-a1a8-e64ffc2fb789-groupManagement] INFO  segmented.SegmentedRaftLogWorker (SegmentedRaftLogWorker.java:lambda$new$0(135)) - e6c09ac7-730a-4058-a1a8-e64ffc2fb789@group-83A3173FE733-SegmentedRaftLogWorker: flushIndex: setUnconditionally 0 -> -1
2024-01-08 10:08:25,268 [e6c09ac7-730a-4058-a1a8-e64ffc2fb789-groupManagement] INFO  segmented.SegmentedRaftLogWorker (SegmentedRaftLogWorker.java:lambda$new$0(135)) - e6c09ac7-730a-4058-a1a8-e64ffc2fb789@group-83A3173FE733-SegmentedRaftLogWorker: safeCacheEvictIndex: setUnconditionally 0 -> -1
2024-01-08 10:08:25,268 [6df5c950-b1f8-41e9-a8bd-47cd1228c3d6-groupManagement] INFO  server.RaftServerConfigKeys (ConfUtils.java:logGet(46)) - raft.server.log.segment.size.max = 67108864 (custom)
2024-01-08 10:08:25,268 [e6c09ac7-730a-4058-a1a8-e64ffc2fb789-groupManagement] INFO  server.RaftServer$Division (RaftServerImpl.java:start(392)) - e6c09ac7-730a-4058-a1a8-e64ffc2fb789@group-83A3173FE733: start as a follower, conf=-1: peers:[e6c09ac7-730a-4058-a1a8-e64ffc2fb789|10.1.0.19:15058]|listeners:[], old=null
2024-01-08 10:08:25,268 [e6c09ac7-730a-4058-a1a8-e64ffc2fb789-groupManagement] INFO  server.RaftServer$Division (RaftServerImpl.java:setRole(379)) - e6c09ac7-730a-4058-a1a8-e64ffc2fb789@group-83A3173FE733: changes role from      null to FOLLOWER at term 0 for startAsFollower
2024-01-08 10:08:25,269 [e6c09ac7-730a-4058-a1a8-e64ffc2fb789-groupManagement] INFO  impl.RoleInfo (RoleInfo.java:updateAndGet(139)) - e6c09ac7-730a-4058-a1a8-e64ffc2fb789: start e6c09ac7-730a-4058-a1a8-e64ffc2fb789@group-83A3173FE733-FollowerState
2024-01-08 10:08:25,269 [6df5c950-b1f8-41e9-a8bd-47cd1228c3d6-groupManagement] INFO  server.RaftServerConfigKeys (ConfUtils.java:logGet(46)) - raft.server.log.segment.cache.num.max = 2 (custom)
2024-01-08 10:08:25,269 [6df5c950-b1f8-41e9-a8bd-47cd1228c3d6-groupManagement] INFO  server.RaftServerConfigKeys (ConfUtils.java:logGet(46)) - raft.server.log.segment.cache.size.max = 200MB (=209715200) (default)
2024-01-08 10:08:25,269 [6df5c950-b1f8-41e9-a8bd-47cd1228c3d6-groupManagement] INFO  server.RaftServerConfigKeys (ConfUtils.java:logGet(46)) - raft.server.log.appender.buffer.byte-limit = 8388608 (custom)
2024-01-08 10:08:25,271 [e6c09ac7-730a-4058-a1a8-e64ffc2fb789@group-83A3173FE733-FollowerState] INFO  server.RaftServerConfigKeys (ConfUtils.java:logFallback(53)) - raft.server.rpc.first-election.timeout.min = 5s (fallback to raft.server.rpc.timeout.min)
2024-01-08 10:08:25,271 [e6c09ac7-730a-4058-a1a8-e64ffc2fb789-groupManagement] INFO  util.JmxRegister (JmxRegister.java:tryRegister(44)) - Successfully registered JMX Bean with object name Ratis:service=RaftServer,group=group-83A3173FE733,id=e6c09ac7-730a-4058-a1a8-e64ffc2fb789
2024-01-08 10:08:25,271 [e6c09ac7-730a-4058-a1a8-e64ffc2fb789@group-83A3173FE733-FollowerState] INFO  server.RaftServerConfigKeys (ConfUtils.java:logFallback(53)) - raft.server.rpc.first-election.timeout.max = 5200ms (fallback to raft.server.rpc.timeout.max)
2024-01-08 10:08:25,271 [e6c09ac7-730a-4058-a1a8-e64ffc2fb789-groupManagement] INFO  server.RaftServerConfigKeys (ConfUtils.java:logGet(46)) - raft.server.snapshot.trigger-when-stop.enabled = true (default)
2024-01-08 10:08:25,271 [e6c09ac7-730a-4058-a1a8-e64ffc2fb789-groupManagement] INFO  server.RaftServerConfigKeys (ConfUtils.java:logGet(46)) - raft.server.snapshot.auto.trigger.enabled = true (custom)
2024-01-08 10:08:25,271 [e6c09ac7-730a-4058-a1a8-e64ffc2fb789-groupManagement] INFO  server.RaftServerConfigKeys (ConfUtils.java:logGet(46)) - raft.server.snapshot.auto.trigger.threshold = 10000 (custom)
2024-01-08 10:08:25,271 [e6c09ac7-730a-4058-a1a8-e64ffc2fb789-groupManagement] INFO  server.RaftServerConfigKeys (ConfUtils.java:logGet(46)) - raft.server.snapshot.retention.file.num = 5 (custom)
2024-01-08 10:08:25,271 [e6c09ac7-730a-4058-a1a8-e64ffc2fb789-groupManagement] INFO  server.RaftServerConfigKeys (ConfUtils.java:logGet(46)) - raft.server.log.purge.upto.snapshot.index = false (default)
2024-01-08 10:08:25,279 [6df5c950-b1f8-41e9-a8bd-47cd1228c3d6-groupManagement] INFO  util.AwaitToRun (AwaitToRun.java:start(81)) - Thread[6df5c950-b1f8-41e9-a8bd-47cd1228c3d6@group-9B77B35A0EB3-cacheEviction-AwaitToRun,5,main] started
2024-01-08 10:08:25,279 [6df5c950-b1f8-41e9-a8bd-47cd1228c3d6-groupManagement] INFO  segmented.SegmentedRaftLogWorker (SegmentedRaftLogWorker.java:<init>(184)) - new 6df5c950-b1f8-41e9-a8bd-47cd1228c3d6@group-9B77B35A0EB3-SegmentedRaftLogWorker for RaftStorageImpl:Storage Directory /home/runner/work/ozone/ozone/hadoop-ozone/integration-test/target/test-dir/MiniOzoneClusterImpl-fb8bf8f7-2439-41c0-942a-a4029f90a766/datanode-2/data/ratis/30c296b9-71b9-4744-8977-9b77b35a0eb3
2024-01-08 10:08:25,279 [6df5c950-b1f8-41e9-a8bd-47cd1228c3d6-groupManagement] INFO  server.RaftServerConfigKeys (ConfUtils.java:logGet(46)) - raft.server.log.queue.byte-limit = 4294967296 (custom)
2024-01-08 10:08:25,279 [6df5c950-b1f8-41e9-a8bd-47cd1228c3d6-groupManagement] INFO  server.RaftServerConfigKeys (ConfUtils.java:logGet(46)) - raft.server.log.queue.element-limit = 1024 (custom)
2024-01-08 10:08:25,279 [6df5c950-b1f8-41e9-a8bd-47cd1228c3d6-groupManagement] INFO  server.RaftServerConfigKeys (ConfUtils.java:logGet(46)) - raft.server.log.segment.size.max = 67108864 (custom)
2024-01-08 10:08:25,280 [6df5c950-b1f8-41e9-a8bd-47cd1228c3d6-groupManagement] INFO  server.RaftServerConfigKeys (ConfUtils.java:logGet(46)) - raft.server.log.preallocated.size = 4194304 (custom)
2024-01-08 10:08:25,280 [6df5c950-b1f8-41e9-a8bd-47cd1228c3d6-groupManagement] INFO  server.RaftServerConfigKeys (ConfUtils.java:logGet(46)) - raft.server.log.force.sync.num = 128 (default)
2024-01-08 10:08:25,280 [6df5c950-b1f8-41e9-a8bd-47cd1228c3d6-groupManagement] INFO  server.RaftServerConfigKeys (ConfUtils.java:logGet(46)) - raft.server.log.statemachine.data.sync = true (default)
2024-01-08 10:08:25,280 [6df5c950-b1f8-41e9-a8bd-47cd1228c3d6-groupManagement] INFO  server.RaftServerConfigKeys (ConfUtils.java:logGet(46)) - raft.server.log.statemachine.data.sync.timeout = 10s (default)
2024-01-08 10:08:25,280 [6df5c950-b1f8-41e9-a8bd-47cd1228c3d6-groupManagement] INFO  server.RaftServerConfigKeys (ConfUtils.java:logGet(46)) - raft.server.log.statemachine.data.sync.timeout.retry = 0 (custom)
2024-01-08 10:08:25,280 [6df5c950-b1f8-41e9-a8bd-47cd1228c3d6-groupManagement] INFO  server.RaftServerConfigKeys (ConfUtils.java:logGet(46)) - raft.server.log.write.buffer.size = 8388616 (custom)
2024-01-08 10:08:25,282 [6df5c950-b1f8-41e9-a8bd-47cd1228c3d6-groupManagement] INFO  server.RaftServerConfigKeys (ConfUtils.java:logGet(46)) - raft.server.log.appender.buffer.byte-limit = 8388608 (custom)
2024-01-08 10:08:25,282 [6df5c950-b1f8-41e9-a8bd-47cd1228c3d6-groupManagement] INFO  server.RaftServerConfigKeys (ConfUtils.java:logGet(46)) - raft.server.log.unsafe-flush.enabled = false (default)
2024-01-08 10:08:25,282 [6df5c950-b1f8-41e9-a8bd-47cd1228c3d6-groupManagement] INFO  server.RaftServerConfigKeys (ConfUtils.java:logGet(46)) - raft.server.log.async-flush.enabled = false (default)
2024-01-08 10:08:25,282 [6df5c950-b1f8-41e9-a8bd-47cd1228c3d6-groupManagement] INFO  server.RaftServerConfigKeys (ConfUtils.java:logGet(46)) - raft.server.log.statemachine.data.caching.enabled = true (custom)
2024-01-08 10:08:25,282 [6df5c950-b1f8-41e9-a8bd-47cd1228c3d6-groupManagement] INFO  segmented.SegmentedRaftLogWorker (SegmentedRaftLogWorker.java:lambda$new$0(135)) - 6df5c950-b1f8-41e9-a8bd-47cd1228c3d6@group-9B77B35A0EB3-SegmentedRaftLogWorker: flushIndex: setUnconditionally 0 -> -1
2024-01-08 10:08:25,283 [6df5c950-b1f8-41e9-a8bd-47cd1228c3d6-groupManagement] INFO  segmented.SegmentedRaftLogWorker (SegmentedRaftLogWorker.java:lambda$new$0(135)) - 6df5c950-b1f8-41e9-a8bd-47cd1228c3d6@group-9B77B35A0EB3-SegmentedRaftLogWorker: safeCacheEvictIndex: setUnconditionally 0 -> -1
2024-01-08 10:08:25,287 [6df5c950-b1f8-41e9-a8bd-47cd1228c3d6-groupManagement] INFO  server.RaftServer$Division (RaftServerImpl.java:start(392)) - 6df5c950-b1f8-41e9-a8bd-47cd1228c3d6@group-9B77B35A0EB3: start as a follower, conf=-1: peers:[d591e5af-e8f5-464c-8a55-75d5e8fc5b83|10.1.0.19:15049, 6df5c950-b1f8-41e9-a8bd-47cd1228c3d6|10.1.0.19:15067, e6c09ac7-730a-4058-a1a8-e64ffc2fb789|10.1.0.19:15058]|listeners:[], old=null
2024-01-08 10:08:25,287 [6df5c950-b1f8-41e9-a8bd-47cd1228c3d6-groupManagement] INFO  server.RaftServer$Division (RaftServerImpl.java:setRole(379)) - 6df5c950-b1f8-41e9-a8bd-47cd1228c3d6@group-9B77B35A0EB3: changes role from      null to FOLLOWER at term 0 for startAsFollower
2024-01-08 10:08:25,287 [6df5c950-b1f8-41e9-a8bd-47cd1228c3d6-groupManagement] INFO  impl.RoleInfo (RoleInfo.java:updateAndGet(139)) - 6df5c950-b1f8-41e9-a8bd-47cd1228c3d6: start 6df5c950-b1f8-41e9-a8bd-47cd1228c3d6@group-9B77B35A0EB3-FollowerState
2024-01-08 10:08:25,287 [e6c09ac7-730a-4058-a1a8-e64ffc2fb789-PipelineCommandHandlerThread-0] INFO  ratis.XceiverServerRatis (XceiverServerRatis.java:addGroup(842)) - Created group PipelineID=76e4ce41-5947-42f4-91a1-83a3173fe733
2024-01-08 10:08:25,287 [e6c09ac7-730a-4058-a1a8-e64ffc2fb789-PipelineCommandHandlerThread-0] INFO  commandhandler.CreatePipelineCommandHandler (CreatePipelineCommandHandler.java:lambda$handle$2(124)) - Created Pipeline RATIS ONE PipelineID=76e4ce41-5947-42f4-91a1-83a3173fe733.
2024-01-08 10:08:25,287 [6df5c950-b1f8-41e9-a8bd-47cd1228c3d6-groupManagement] INFO  util.JmxRegister (JmxRegister.java:tryRegister(44)) - Successfully registered JMX Bean with object name Ratis:service=RaftServer,group=group-9B77B35A0EB3,id=6df5c950-b1f8-41e9-a8bd-47cd1228c3d6
2024-01-08 10:08:25,287 [6df5c950-b1f8-41e9-a8bd-47cd1228c3d6@group-9B77B35A0EB3-FollowerState] INFO  server.RaftServerConfigKeys (ConfUtils.java:logFallback(53)) - raft.server.rpc.first-election.timeout.min = 5s (fallback to raft.server.rpc.timeout.min)
2024-01-08 10:08:25,288 [6df5c950-b1f8-41e9-a8bd-47cd1228c3d6@group-9B77B35A0EB3-FollowerState] INFO  server.RaftServerConfigKeys (ConfUtils.java:logFallback(53)) - raft.server.rpc.first-election.timeout.max = 5200ms (fallback to raft.server.rpc.timeout.max)
2024-01-08 10:08:25,288 [6df5c950-b1f8-41e9-a8bd-47cd1228c3d6-groupManagement] INFO  server.RaftServerConfigKeys (ConfUtils.java:logGet(46)) - raft.server.snapshot.trigger-when-stop.enabled = true (default)
2024-01-08 10:08:25,288 [6df5c950-b1f8-41e9-a8bd-47cd1228c3d6-groupManagement] INFO  server.RaftServerConfigKeys (ConfUtils.java:logGet(46)) - raft.server.snapshot.auto.trigger.enabled = true (custom)
2024-01-08 10:08:25,288 [6df5c950-b1f8-41e9-a8bd-47cd1228c3d6-groupManagement] INFO  server.RaftServerConfigKeys (ConfUtils.java:logGet(46)) - raft.server.snapshot.auto.trigger.threshold = 10000 (custom)
2024-01-08 10:08:25,288 [6df5c950-b1f8-41e9-a8bd-47cd1228c3d6-groupManagement] INFO  server.RaftServerConfigKeys (ConfUtils.java:logGet(46)) - raft.server.snapshot.retention.file.num = 5 (custom)
2024-01-08 10:08:25,288 [6df5c950-b1f8-41e9-a8bd-47cd1228c3d6-groupManagement] INFO  server.RaftServerConfigKeys (ConfUtils.java:logGet(46)) - raft.server.log.purge.upto.snapshot.index = false (default)
2024-01-08 10:08:25,289 [e6c09ac7-730a-4058-a1a8-e64ffc2fb789-groupManagement] INFO  server.RaftServer$Division (RaftServerImpl.java:<init>(256)) - e6c09ac7-730a-4058-a1a8-e64ffc2fb789: new RaftServerImpl for group-8BEA082C3750:[d591e5af-e8f5-464c-8a55-75d5e8fc5b83|10.1.0.19:15049, 6df5c950-b1f8-41e9-a8bd-47cd1228c3d6|10.1.0.19:15067, e6c09ac7-730a-4058-a1a8-e64ffc2fb789|10.1.0.19:15058] with ContainerStateMachine:uninitialized
2024-01-08 10:08:25,289 [e6c09ac7-730a-4058-a1a8-e64ffc2fb789-groupManagement] INFO  server.RaftServerConfigKeys (ConfUtils.java:logGet(46)) - raft.server.rpc.timeout.min = 5s (custom)
2024-01-08 10:08:25,289 [e6c09ac7-730a-4058-a1a8-e64ffc2fb789-groupManagement] INFO  server.RaftServerConfigKeys (ConfUtils.java:logGet(46)) - raft.server.rpc.timeout.max = 5200ms (custom)
2024-01-08 10:08:25,289 [e6c09ac7-730a-4058-a1a8-e64ffc2fb789-groupManagement] INFO  server.RaftServerConfigKeys (ConfUtils.java:logGet(46)) - raft.server.rpc.sleep.time = 25ms (default)
2024-01-08 10:08:25,288 [e6c09ac7-730a-4058-a1a8-e64ffc2fb789-PipelineCommandHandlerThread-0] INFO  server.RaftServer (RaftServerProxy.java:addNew(100)) - e6c09ac7-730a-4058-a1a8-e64ffc2fb789: addNew group-8BEA082C3750:[d591e5af-e8f5-464c-8a55-75d5e8fc5b83|10.1.0.19:15049, 6df5c950-b1f8-41e9-a8bd-47cd1228c3d6|10.1.0.19:15067, e6c09ac7-730a-4058-a1a8-e64ffc2fb789|10.1.0.19:15058] returns group-8BEA082C3750:java.util.concurrent.CompletableFuture@131e6f6f[Not completed]
2024-01-08 10:08:25,289 [e6c09ac7-730a-4058-a1a8-e64ffc2fb789-groupManagement] INFO  server.RaftServerConfigKeys (ConfUtils.java:logGet(46)) - raft.server.rpc.slowness.timeout = 300s (custom)
2024-01-08 10:08:25,289 [e6c09ac7-730a-4058-a1a8-e64ffc2fb789-groupManagement] INFO  server.RaftServerConfigKeys (ConfUtils.java:logGet(46)) - raft.server.leaderelection.leader.step-down.wait-time = 10s (default)
2024-01-08 10:08:25,289 [e6c09ac7-730a-4058-a1a8-e64ffc2fb789-groupManagement] INFO  server.RaftServerConfigKeys (ConfUtils.java:logGet(46)) - raft.server.leaderelection.member.majority-add = false (default)
2024-01-08 10:08:25,289 [e6c09ac7-730a-4058-a1a8-e64ffc2fb789-groupManagement] INFO  server.RaftServerConfigKeys (ConfUtils.java:logGet(46)) - raft.server.sleep.deviation.threshold = 300ms (default)
2024-01-08 10:08:25,289 [e6c09ac7-730a-4058-a1a8-e64ffc2fb789-groupManagement] INFO  server.RaftServer$Division (ServerState.java:<init>(113)) - e6c09ac7-730a-4058-a1a8-e64ffc2fb789@group-8BEA082C3750: ConfigurationManager, init=-1: peers:[d591e5af-e8f5-464c-8a55-75d5e8fc5b83|10.1.0.19:15049, 6df5c950-b1f8-41e9-a8bd-47cd1228c3d6|10.1.0.19:15067, e6c09ac7-730a-4058-a1a8-e64ffc2fb789|10.1.0.19:15058]|listeners:[], old=null, confs=<EMPTY_MAP>
2024-01-08 10:08:25,289 [e6c09ac7-730a-4058-a1a8-e64ffc2fb789-groupManagement] INFO  server.RaftServerConfigKeys (ConfUtils.java:logGet(46)) - raft.server.notification.no-leader.timeout = 300s (custom)
2024-01-08 10:08:25,290 [e6c09ac7-730a-4058-a1a8-e64ffc2fb789-groupManagement] INFO  server.RaftServerConfigKeys (ConfUtils.java:logGet(46)) - raft.server.read.timeout = 10s (default)
2024-01-08 10:08:25,290 [e6c09ac7-730a-4058-a1a8-e64ffc2fb789-groupManagement] INFO  server.RaftServerConfigKeys (ConfUtils.java:logGet(46)) - raft.server.retrycache.expirytime = 600000ms (custom)
2024-01-08 10:08:25,290 [e6c09ac7-730a-4058-a1a8-e64ffc2fb789-groupManagement] INFO  server.RaftServerConfigKeys (ConfUtils.java:logGet(46)) - raft.server.retrycache.statistics.expirytime = 100ms (default)
2024-01-08 10:08:25,290 [e6c09ac7-730a-4058-a1a8-e64ffc2fb789-groupManagement] INFO  server.RaftServerConfigKeys (ConfUtils.java:logGet(46)) - raft.server.read.option = DEFAULT (default)
2024-01-08 10:08:25,290 [e6c09ac7-730a-4058-a1a8-e64ffc2fb789-groupManagement] INFO  server.RaftServerConfigKeys (ConfUtils.java:logGet(46)) - raft.server.read.read-after-write-consistent.write-index-cache.expiry-time = 60s (default)
2024-01-08 10:08:25,292 [e6c09ac7-730a-4058-a1a8-e64ffc2fb789-groupManagement] INFO  server.RaftServerConfigKeys (ConfUtils.java:logGet(46)) - raft.server.rpc.request.timeout = 60s (custom)
2024-01-08 10:08:25,292 [e6c09ac7-730a-4058-a1a8-e64ffc2fb789-groupManagement] INFO  server.RaftServerConfigKeys (ConfUtils.java:logGet(46)) - raft.server.log.appender.install.snapshot.enabled = false (custom)
2024-01-08 10:08:25,292 [e6c09ac7-730a-4058-a1a8-e64ffc2fb789-groupManagement] INFO  server.RaftServerConfigKeys (ConfUtils.java:logGet(46)) - raft.server.threadpool.server.cached = true (default)
2024-01-08 10:08:25,292 [e6c09ac7-730a-4058-a1a8-e64ffc2fb789-groupManagement] INFO  server.RaftServerConfigKeys (ConfUtils.java:logGet(46)) - raft.server.threadpool.server.size = 0 (default)
2024-01-08 10:08:25,293 [e6c09ac7-730a-4058-a1a8-e64ffc2fb789-groupManagement] INFO  server.RaftServerConfigKeys (ConfUtils.java:logGet(46)) - raft.server.threadpool.client.cached = true (default)
2024-01-08 10:08:25,293 [e6c09ac7-730a-4058-a1a8-e64ffc2fb789-groupManagement] INFO  server.RaftServerConfigKeys (ConfUtils.java:logGet(46)) - raft.server.threadpool.client.size = 0 (default)
2024-01-08 10:08:25,293 [e6c09ac7-730a-4058-a1a8-e64ffc2fb789-groupManagement] INFO  server.RaftServerConfigKeys (ConfUtils.java:logGet(46)) - raft.server.storage.free-space.min = 0MB (=0) (default)
2024-01-08 10:08:25,293 [e6c09ac7-730a-4058-a1a8-e64ffc2fb789-groupManagement] INFO  server.RaftServerConfigKeys (ConfUtils.java:logGet(46)) - raft.server.log.corruption.policy = EXCEPTION (default)
2024-01-08 10:08:25,293 [e6c09ac7-730a-4058-a1a8-e64ffc2fb789-groupManagement] INFO  server.RaftServerConfigKeys (ConfUtils.java:logGet(46)) - raft.server.storage.dir = [/home/runner/work/ozone/ozone/hadoop-ozone/integration-test/target/test-dir/MiniOzoneClusterImpl-fb8bf8f7-2439-41c0-942a-a4029f90a766/datanode-1/data/ratis] (custom)
2024-01-08 10:08:25,293 [e6c09ac7-730a-4058-a1a8-e64ffc2fb789-groupManagement] INFO  storage.RaftStorageDirectory (RaftStorageDirectoryImpl.java:analyzeStorage(138)) - The storage directory /home/runner/work/ozone/ozone/hadoop-ozone/integration-test/target/test-dir/MiniOzoneClusterImpl-fb8bf8f7-2439-41c0-942a-a4029f90a766/datanode-1/data/ratis/57157ebf-cb57-4f69-817d-8bea082c3750 does not exist. Creating ...
2024-01-08 10:08:25,296 [e6c09ac7-730a-4058-a1a8-e64ffc2fb789-groupManagement] INFO  storage.RaftStorageDirectory (RaftStorageDirectoryImpl.java:tryLock(232)) - Lock on /home/runner/work/ozone/ozone/hadoop-ozone/integration-test/target/test-dir/MiniOzoneClusterImpl-fb8bf8f7-2439-41c0-942a-a4029f90a766/datanode-1/data/ratis/57157ebf-cb57-4f69-817d-8bea082c3750/in_use.lock acquired by nodename 56297@fv-az1117-812
2024-01-08 10:08:25,297 [e6c09ac7-730a-4058-a1a8-e64ffc2fb789-groupManagement] INFO  storage.RaftStorage (RaftStorageImpl.java:format(97)) - Storage directory /home/runner/work/ozone/ozone/hadoop-ozone/integration-test/target/test-dir/MiniOzoneClusterImpl-fb8bf8f7-2439-41c0-942a-a4029f90a766/datanode-1/data/ratis/57157ebf-cb57-4f69-817d-8bea082c3750 has been successfully formatted.
2024-01-08 10:08:25,298 [e6c09ac7-730a-4058-a1a8-e64ffc2fb789-groupManagement] INFO  ratis.ContainerStateMachine (ContainerStateMachine.java:loadSnapshot(287)) - group-8BEA082C3750: The snapshot info is null. Setting the last applied index to:(t:0, i:~)
2024-01-08 10:08:25,298 [e6c09ac7-730a-4058-a1a8-e64ffc2fb789-groupManagement] INFO  server.RaftServerConfigKeys (ConfUtils.java:logGet(46)) - raft.server.log.use.memory = false (default)
2024-01-08 10:08:25,298 [e6c09ac7-730a-4058-a1a8-e64ffc2fb789-groupManagement] INFO  server.RaftServerConfigKeys (ConfUtils.java:logGet(46)) - raft.server.log.purge.gap = 1000000 (custom)
2024-01-08 10:08:25,298 [e6c09ac7-730a-4058-a1a8-e64ffc2fb789-groupManagement] INFO  server.RaftServerConfigKeys (ConfUtils.java:logGet(46)) - raft.server.log.appender.buffer.byte-limit = 8388608 (custom)
2024-01-08 10:08:25,298 [e6c09ac7-730a-4058-a1a8-e64ffc2fb789-groupManagement] INFO  server.RaftServerConfigKeys (ConfUtils.java:logGet(46)) - raft.server.log.statemachine.data.read.timeout = 1000ms (default)
2024-01-08 10:08:25,298 [e6c09ac7-730a-4058-a1a8-e64ffc2fb789-groupManagement] INFO  server.RaftServerConfigKeys (ConfUtils.java:logGet(46)) - raft.server.log.purge.preservation.log.num = 0 (default)
2024-01-08 10:08:25,300 [EventQueue-OpenPipelineForHealthyPipelineSafeModeRule] INFO  safemode.SCMSafeModeManager (HealthyPipelineSafeModeRule.java:process(140)) - SCM in safe mode. Healthy pipelines reported count is 0, required healthy pipeline reported count is 1
2024-01-08 10:08:25,300 [e6c09ac7-730a-4058-a1a8-e64ffc2fb789-groupManagement] INFO  server.RaftServerConfigKeys (ConfUtils.java:logGet(46)) - raft.server.log.segment.size.max = 67108864 (custom)
2024-01-08 10:08:25,300 [e6c09ac7-730a-4058-a1a8-e64ffc2fb789-groupManagement] INFO  server.RaftServerConfigKeys (ConfUtils.java:logGet(46)) - raft.server.log.segment.cache.num.max = 2 (custom)
2024-01-08 10:08:25,301 [e6c09ac7-730a-4058-a1a8-e64ffc2fb789-groupManagement] INFO  server.RaftServerConfigKeys (ConfUtils.java:logGet(46)) - raft.server.log.segment.cache.size.max = 200MB (=209715200) (default)
2024-01-08 10:08:25,301 [e6c09ac7-730a-4058-a1a8-e64ffc2fb789-groupManagement] INFO  server.RaftServerConfigKeys (ConfUtils.java:logGet(46)) - raft.server.log.appender.buffer.byte-limit = 8388608 (custom)
2024-01-08 10:08:25,301 [e6c09ac7-730a-4058-a1a8-e64ffc2fb789-groupManagement] INFO  util.AwaitToRun (AwaitToRun.java:start(81)) - Thread[e6c09ac7-730a-4058-a1a8-e64ffc2fb789@group-8BEA082C3750-cacheEviction-AwaitToRun,5,main] started
2024-01-08 10:08:25,301 [e6c09ac7-730a-4058-a1a8-e64ffc2fb789-groupManagement] INFO  segmented.SegmentedRaftLogWorker (SegmentedRaftLogWorker.java:<init>(184)) - new e6c09ac7-730a-4058-a1a8-e64ffc2fb789@group-8BEA082C3750-SegmentedRaftLogWorker for RaftStorageImpl:Storage Directory /home/runner/work/ozone/ozone/hadoop-ozone/integration-test/target/test-dir/MiniOzoneClusterImpl-fb8bf8f7-2439-41c0-942a-a4029f90a766/datanode-1/data/ratis/57157ebf-cb57-4f69-817d-8bea082c3750
2024-01-08 10:08:25,301 [d591e5af-e8f5-464c-8a55-75d5e8fc5b83-PipelineCommandHandlerThread-0] INFO  commandhandler.CreatePipelineCommandHandler (CreatePipelineCommandHandler.java:lambda$handle$2(124)) - Created Pipeline RATIS THREE PipelineID=30c296b9-71b9-4744-8977-9b77b35a0eb3.
2024-01-08 10:08:25,301 [e6c09ac7-730a-4058-a1a8-e64ffc2fb789-groupManagement] INFO  server.RaftServerConfigKeys (ConfUtils.java:logGet(46)) - raft.server.log.queue.byte-limit = 4294967296 (custom)
2024-01-08 10:08:25,301 [e6c09ac7-730a-4058-a1a8-e64ffc2fb789-groupManagement] INFO  server.RaftServerConfigKeys (ConfUtils.java:logGet(46)) - raft.server.log.queue.element-limit = 1024 (custom)
2024-01-08 10:08:25,301 [d591e5af-e8f5-464c-8a55-75d5e8fc5b83-PipelineCommandHandlerThread-0] INFO  server.RaftServer (RaftServerProxy.java:addNew(100)) - d591e5af-e8f5-464c-8a55-75d5e8fc5b83: addNew group-8BEA082C3750:[d591e5af-e8f5-464c-8a55-75d5e8fc5b83|10.1.0.19:15049, 6df5c950-b1f8-41e9-a8bd-47cd1228c3d6|10.1.0.19:15067, e6c09ac7-730a-4058-a1a8-e64ffc2fb789|10.1.0.19:15058] returns group-8BEA082C3750:java.util.concurrent.CompletableFuture@4ab232b4[Not completed]
2024-01-08 10:08:25,302 [d591e5af-e8f5-464c-8a55-75d5e8fc5b83-groupManagement] INFO  server.RaftServer$Division (RaftServerImpl.java:<init>(256)) - d591e5af-e8f5-464c-8a55-75d5e8fc5b83: new RaftServerImpl for group-8BEA082C3750:[d591e5af-e8f5-464c-8a55-75d5e8fc5b83|10.1.0.19:15049, 6df5c950-b1f8-41e9-a8bd-47cd1228c3d6|10.1.0.19:15067, e6c09ac7-730a-4058-a1a8-e64ffc2fb789|10.1.0.19:15058] with ContainerStateMachine:uninitialized
2024-01-08 10:08:25,302 [d591e5af-e8f5-464c-8a55-75d5e8fc5b83-groupManagement] INFO  server.RaftServerConfigKeys (ConfUtils.java:logGet(46)) - raft.server.rpc.timeout.min = 5s (custom)
2024-01-08 10:08:25,302 [d591e5af-e8f5-464c-8a55-75d5e8fc5b83-groupManagement] INFO  server.RaftServerConfigKeys (ConfUtils.java:logGet(46)) - raft.server.rpc.timeout.max = 5200ms (custom)
2024-01-08 10:08:25,303 [d591e5af-e8f5-464c-8a55-75d5e8fc5b83-groupManagement] INFO  server.RaftServerConfigKeys (ConfUtils.java:logGet(46)) - raft.server.rpc.sleep.time = 25ms (default)
2024-01-08 10:08:25,303 [d591e5af-e8f5-464c-8a55-75d5e8fc5b83-groupManagement] INFO  server.RaftServerConfigKeys (ConfUtils.java:logGet(46)) - raft.server.rpc.slowness.timeout = 300s (custom)
2024-01-08 10:08:25,303 [d591e5af-e8f5-464c-8a55-75d5e8fc5b83-groupManagement] INFO  server.RaftServerConfigKeys (ConfUtils.java:logGet(46)) - raft.server.leaderelection.leader.step-down.wait-time = 10s (default)
2024-01-08 10:08:25,303 [d591e5af-e8f5-464c-8a55-75d5e8fc5b83-groupManagement] INFO  server.RaftServerConfigKeys (ConfUtils.java:logGet(46)) - raft.server.leaderelection.member.majority-add = false (default)
2024-01-08 10:08:25,303 [d591e5af-e8f5-464c-8a55-75d5e8fc5b83-groupManagement] INFO  server.RaftServerConfigKeys (ConfUtils.java:logGet(46)) - raft.server.sleep.deviation.threshold = 300ms (default)
2024-01-08 10:08:25,303 [d591e5af-e8f5-464c-8a55-75d5e8fc5b83-groupManagement] INFO  server.RaftServer$Division (ServerState.java:<init>(113)) - d591e5af-e8f5-464c-8a55-75d5e8fc5b83@group-8BEA082C3750: ConfigurationManager, init=-1: peers:[d591e5af-e8f5-464c-8a55-75d5e8fc5b83|10.1.0.19:15049, 6df5c950-b1f8-41e9-a8bd-47cd1228c3d6|10.1.0.19:15067, e6c09ac7-730a-4058-a1a8-e64ffc2fb789|10.1.0.19:15058]|listeners:[], old=null, confs=<EMPTY_MAP>
2024-01-08 10:08:25,303 [d591e5af-e8f5-464c-8a55-75d5e8fc5b83-groupManagement] INFO  server.RaftServerConfigKeys (ConfUtils.java:logGet(46)) - raft.server.notification.no-leader.timeout = 300s (custom)
2024-01-08 10:08:25,303 [d591e5af-e8f5-464c-8a55-75d5e8fc5b83-groupManagement] INFO  server.RaftServerConfigKeys (ConfUtils.java:logGet(46)) - raft.server.read.timeout = 10s (default)
2024-01-08 10:08:25,303 [d591e5af-e8f5-464c-8a55-75d5e8fc5b83-groupManagement] INFO  server.RaftServerConfigKeys (ConfUtils.java:logGet(46)) - raft.server.retrycache.expirytime = 600000ms (custom)
2024-01-08 10:08:25,303 [d591e5af-e8f5-464c-8a55-75d5e8fc5b83-groupManagement] INFO  server.RaftServerConfigKeys (ConfUtils.java:logGet(46)) - raft.server.retrycache.statistics.expirytime = 100ms (default)
2024-01-08 10:08:25,303 [d591e5af-e8f5-464c-8a55-75d5e8fc5b83-groupManagement] INFO  server.RaftServerConfigKeys (ConfUtils.java:logGet(46)) - raft.server.read.option = DEFAULT (default)
2024-01-08 10:08:25,303 [d591e5af-e8f5-464c-8a55-75d5e8fc5b83-groupManagement] INFO  server.RaftServerConfigKeys (ConfUtils.java:logGet(46)) - raft.server.read.read-after-write-consistent.write-index-cache.expiry-time = 60s (default)
2024-01-08 10:08:25,301 [e6c09ac7-730a-4058-a1a8-e64ffc2fb789-groupManagement] INFO  server.RaftServerConfigKeys (ConfUtils.java:logGet(46)) - raft.server.log.segment.size.max = 67108864 (custom)
2024-01-08 10:08:25,316 [e6c09ac7-730a-4058-a1a8-e64ffc2fb789-groupManagement] INFO  server.RaftServerConfigKeys (ConfUtils.java:logGet(46)) - raft.server.log.preallocated.size = 4194304 (custom)
2024-01-08 10:08:25,316 [e6c09ac7-730a-4058-a1a8-e64ffc2fb789-groupManagement] INFO  server.RaftServerConfigKeys (ConfUtils.java:logGet(46)) - raft.server.log.force.sync.num = 128 (default)
2024-01-08 10:08:25,316 [e6c09ac7-730a-4058-a1a8-e64ffc2fb789-groupManagement] INFO  server.RaftServerConfigKeys (ConfUtils.java:logGet(46)) - raft.server.log.statemachine.data.sync = true (default)
2024-01-08 10:08:25,316 [e6c09ac7-730a-4058-a1a8-e64ffc2fb789-groupManagement] INFO  server.RaftServerConfigKeys (ConfUtils.java:logGet(46)) - raft.server.log.statemachine.data.sync.timeout = 10s (default)
2024-01-08 10:08:25,316 [e6c09ac7-730a-4058-a1a8-e64ffc2fb789-groupManagement] INFO  server.RaftServerConfigKeys (ConfUtils.java:logGet(46)) - raft.server.log.statemachine.data.sync.timeout.retry = 0 (custom)
2024-01-08 10:08:25,317 [e6c09ac7-730a-4058-a1a8-e64ffc2fb789-groupManagement] INFO  server.RaftServerConfigKeys (ConfUtils.java:logGet(46)) - raft.server.log.write.buffer.size = 8388616 (custom)
2024-01-08 10:08:25,317 [d591e5af-e8f5-464c-8a55-75d5e8fc5b83-groupManagement] INFO  server.RaftServerConfigKeys (ConfUtils.java:logGet(46)) - raft.server.rpc.request.timeout = 60s (custom)
2024-01-08 10:08:25,317 [d591e5af-e8f5-464c-8a55-75d5e8fc5b83-groupManagement] INFO  server.RaftServerConfigKeys (ConfUtils.java:logGet(46)) - raft.server.log.appender.install.snapshot.enabled = false (custom)
2024-01-08 10:08:25,317 [d591e5af-e8f5-464c-8a55-75d5e8fc5b83-groupManagement] INFO  server.RaftServerConfigKeys (ConfUtils.java:logGet(46)) - raft.server.threadpool.server.cached = true (default)
2024-01-08 10:08:25,317 [d591e5af-e8f5-464c-8a55-75d5e8fc5b83-groupManagement] INFO  server.RaftServerConfigKeys (ConfUtils.java:logGet(46)) - raft.server.threadpool.server.size = 0 (default)
2024-01-08 10:08:25,317 [d591e5af-e8f5-464c-8a55-75d5e8fc5b83-groupManagement] INFO  server.RaftServerConfigKeys (ConfUtils.java:logGet(46)) - raft.server.threadpool.client.cached = true (default)
2024-01-08 10:08:25,318 [d591e5af-e8f5-464c-8a55-75d5e8fc5b83-groupManagement] INFO  server.RaftServerConfigKeys (ConfUtils.java:logGet(46)) - raft.server.threadpool.client.size = 0 (default)
2024-01-08 10:08:25,318 [d591e5af-e8f5-464c-8a55-75d5e8fc5b83-groupManagement] INFO  server.RaftServerConfigKeys (ConfUtils.java:logGet(46)) - raft.server.storage.free-space.min = 0MB (=0) (default)
2024-01-08 10:08:25,319 [d591e5af-e8f5-464c-8a55-75d5e8fc5b83-groupManagement] INFO  server.RaftServerConfigKeys (ConfUtils.java:logGet(46)) - raft.server.log.corruption.policy = EXCEPTION (default)
2024-01-08 10:08:25,319 [d591e5af-e8f5-464c-8a55-75d5e8fc5b83-groupManagement] INFO  server.RaftServerConfigKeys (ConfUtils.java:logGet(46)) - raft.server.storage.dir = [/home/runner/work/ozone/ozone/hadoop-ozone/integration-test/target/test-dir/MiniOzoneClusterImpl-fb8bf8f7-2439-41c0-942a-a4029f90a766/datanode-0/data/ratis] (custom)
2024-01-08 10:08:25,320 [d591e5af-e8f5-464c-8a55-75d5e8fc5b83-groupManagement] INFO  storage.RaftStorageDirectory (RaftStorageDirectoryImpl.java:analyzeStorage(138)) - The storage directory /home/runner/work/ozone/ozone/hadoop-ozone/integration-test/target/test-dir/MiniOzoneClusterImpl-fb8bf8f7-2439-41c0-942a-a4029f90a766/datanode-0/data/ratis/57157ebf-cb57-4f69-817d-8bea082c3750 does not exist. Creating ...
2024-01-08 10:08:25,321 [e6c09ac7-730a-4058-a1a8-e64ffc2fb789-groupManagement] INFO  server.RaftServerConfigKeys (ConfUtils.java:logGet(46)) - raft.server.log.appender.buffer.byte-limit = 8388608 (custom)
2024-01-08 10:08:25,322 [e6c09ac7-730a-4058-a1a8-e64ffc2fb789-groupManagement] INFO  server.RaftServerConfigKeys (ConfUtils.java:logGet(46)) - raft.server.log.unsafe-flush.enabled = false (default)
2024-01-08 10:08:25,322 [e6c09ac7-730a-4058-a1a8-e64ffc2fb789-groupManagement] INFO  server.RaftServerConfigKeys (ConfUtils.java:logGet(46)) - raft.server.log.async-flush.enabled = false (default)
2024-01-08 10:08:25,322 [e6c09ac7-730a-4058-a1a8-e64ffc2fb789-groupManagement] INFO  server.RaftServerConfigKeys (ConfUtils.java:logGet(46)) - raft.server.log.statemachine.data.caching.enabled = true (custom)
2024-01-08 10:08:25,323 [e6c09ac7-730a-4058-a1a8-e64ffc2fb789-groupManagement] INFO  segmented.SegmentedRaftLogWorker (SegmentedRaftLogWorker.java:lambda$new$0(135)) - e6c09ac7-730a-4058-a1a8-e64ffc2fb789@group-8BEA082C3750-SegmentedRaftLogWorker: flushIndex: setUnconditionally 0 -> -1
2024-01-08 10:08:25,324 [e6c09ac7-730a-4058-a1a8-e64ffc2fb789-groupManagement] INFO  segmented.SegmentedRaftLogWorker (SegmentedRaftLogWorker.java:lambda$new$0(135)) - e6c09ac7-730a-4058-a1a8-e64ffc2fb789@group-8BEA082C3750-SegmentedRaftLogWorker: safeCacheEvictIndex: setUnconditionally 0 -> -1
2024-01-08 10:08:25,322 [d591e5af-e8f5-464c-8a55-75d5e8fc5b83-groupManagement] INFO  storage.RaftStorageDirectory (RaftStorageDirectoryImpl.java:tryLock(232)) - Lock on /home/runner/work/ozone/ozone/hadoop-ozone/integration-test/target/test-dir/MiniOzoneClusterImpl-fb8bf8f7-2439-41c0-942a-a4029f90a766/datanode-0/data/ratis/57157ebf-cb57-4f69-817d-8bea082c3750/in_use.lock acquired by nodename 56297@fv-az1117-812
2024-01-08 10:08:25,326 [d591e5af-e8f5-464c-8a55-75d5e8fc5b83-groupManagement] INFO  storage.RaftStorage (RaftStorageImpl.java:format(97)) - Storage directory /home/runner/work/ozone/ozone/hadoop-ozone/integration-test/target/test-dir/MiniOzoneClusterImpl-fb8bf8f7-2439-41c0-942a-a4029f90a766/datanode-0/data/ratis/57157ebf-cb57-4f69-817d-8bea082c3750 has been successfully formatted.
2024-01-08 10:08:25,329 [d591e5af-e8f5-464c-8a55-75d5e8fc5b83-groupManagement] INFO  ratis.ContainerStateMachine (ContainerStateMachine.java:loadSnapshot(287)) - group-8BEA082C3750: The snapshot info is null. Setting the last applied index to:(t:0, i:~)
2024-01-08 10:08:25,329 [d591e5af-e8f5-464c-8a55-75d5e8fc5b83-groupManagement] INFO  server.RaftServerConfigKeys (ConfUtils.java:logGet(46)) - raft.server.log.use.memory = false (default)
2024-01-08 10:08:25,329 [d591e5af-e8f5-464c-8a55-75d5e8fc5b83-groupManagement] INFO  server.RaftServerConfigKeys (ConfUtils.java:logGet(46)) - raft.server.log.purge.gap = 1000000 (custom)
2024-01-08 10:08:25,329 [EventQueue-OpenPipelineForHealthyPipelineSafeModeRule] INFO  safemode.SCMSafeModeManager (HealthyPipelineSafeModeRule.java:process(140)) - SCM in safe mode. Healthy pipelines reported count is 0, required healthy pipeline reported count is 1
2024-01-08 10:08:25,330 [d591e5af-e8f5-464c-8a55-75d5e8fc5b83-groupManagement] INFO  server.RaftServerConfigKeys (ConfUtils.java:logGet(46)) - raft.server.log.appender.buffer.byte-limit = 8388608 (custom)
2024-01-08 10:08:25,330 [d591e5af-e8f5-464c-8a55-75d5e8fc5b83-groupManagement] INFO  server.RaftServerConfigKeys (ConfUtils.java:logGet(46)) - raft.server.log.statemachine.data.read.timeout = 1000ms (default)
2024-01-08 10:08:25,330 [d591e5af-e8f5-464c-8a55-75d5e8fc5b83-groupManagement] INFO  server.RaftServerConfigKeys (ConfUtils.java:logGet(46)) - raft.server.log.purge.preservation.log.num = 0 (default)
2024-01-08 10:08:25,331 [e6c09ac7-730a-4058-a1a8-e64ffc2fb789-groupManagement] INFO  server.RaftServer$Division (RaftServerImpl.java:start(392)) - e6c09ac7-730a-4058-a1a8-e64ffc2fb789@group-8BEA082C3750: start as a follower, conf=-1: peers:[d591e5af-e8f5-464c-8a55-75d5e8fc5b83|10.1.0.19:15049, 6df5c950-b1f8-41e9-a8bd-47cd1228c3d6|10.1.0.19:15067, e6c09ac7-730a-4058-a1a8-e64ffc2fb789|10.1.0.19:15058]|listeners:[], old=null
2024-01-08 10:08:25,331 [e6c09ac7-730a-4058-a1a8-e64ffc2fb789-groupManagement] INFO  server.RaftServer$Division (RaftServerImpl.java:setRole(379)) - e6c09ac7-730a-4058-a1a8-e64ffc2fb789@group-8BEA082C3750: changes role from      null to FOLLOWER at term 0 for startAsFollower
2024-01-08 10:08:25,331 [e6c09ac7-730a-4058-a1a8-e64ffc2fb789-groupManagement] INFO  impl.RoleInfo (RoleInfo.java:updateAndGet(139)) - e6c09ac7-730a-4058-a1a8-e64ffc2fb789: start e6c09ac7-730a-4058-a1a8-e64ffc2fb789@group-8BEA082C3750-FollowerState
2024-01-08 10:08:25,332 [d591e5af-e8f5-464c-8a55-75d5e8fc5b83-groupManagement] INFO  server.RaftServerConfigKeys (ConfUtils.java:logGet(46)) - raft.server.log.segment.size.max = 67108864 (custom)
2024-01-08 10:08:25,333 [d591e5af-e8f5-464c-8a55-75d5e8fc5b83-groupManagement] INFO  server.RaftServerConfigKeys (ConfUtils.java:logGet(46)) - raft.server.log.segment.cache.num.max = 2 (custom)
2024-01-08 10:08:25,333 [d591e5af-e8f5-464c-8a55-75d5e8fc5b83-groupManagement] INFO  server.RaftServerConfigKeys (ConfUtils.java:logGet(46)) - raft.server.log.segment.cache.size.max = 200MB (=209715200) (default)
2024-01-08 10:08:25,333 [d591e5af-e8f5-464c-8a55-75d5e8fc5b83-groupManagement] INFO  server.RaftServerConfigKeys (ConfUtils.java:logGet(46)) - raft.server.log.appender.buffer.byte-limit = 8388608 (custom)
2024-01-08 10:08:25,336 [e6c09ac7-730a-4058-a1a8-e64ffc2fb789-groupManagement] INFO  util.JmxRegister (JmxRegister.java:tryRegister(44)) - Successfully registered JMX Bean with object name Ratis:service=RaftServer,group=group-8BEA082C3750,id=e6c09ac7-730a-4058-a1a8-e64ffc2fb789
2024-01-08 10:08:25,336 [e6c09ac7-730a-4058-a1a8-e64ffc2fb789-groupManagement] INFO  server.RaftServerConfigKeys (ConfUtils.java:logGet(46)) - raft.server.snapshot.trigger-when-stop.enabled = true (default)
2024-01-08 10:08:25,336 [e6c09ac7-730a-4058-a1a8-e64ffc2fb789-groupManagement] INFO  server.RaftServerConfigKeys (ConfUtils.java:logGet(46)) - raft.server.snapshot.auto.trigger.enabled = true (custom)
2024-01-08 10:08:25,336 [e6c09ac7-730a-4058-a1a8-e64ffc2fb789-groupManagement] INFO  server.RaftServerConfigKeys (ConfUtils.java:logGet(46)) - raft.server.snapshot.auto.trigger.threshold = 10000 (custom)
2024-01-08 10:08:25,336 [e6c09ac7-730a-4058-a1a8-e64ffc2fb789-groupManagement] INFO  server.RaftServerConfigKeys (ConfUtils.java:logGet(46)) - raft.server.snapshot.retention.file.num = 5 (custom)
2024-01-08 10:08:25,336 [e6c09ac7-730a-4058-a1a8-e64ffc2fb789-groupManagement] INFO  server.RaftServerConfigKeys (ConfUtils.java:logGet(46)) - raft.server.log.purge.upto.snapshot.index = false (default)
2024-01-08 10:08:25,337 [e6c09ac7-730a-4058-a1a8-e64ffc2fb789@group-8BEA082C3750-FollowerState] INFO  server.RaftServerConfigKeys (ConfUtils.java:logFallback(53)) - raft.server.rpc.first-election.timeout.min = 5s (fallback to raft.server.rpc.timeout.min)
2024-01-08 10:08:25,337 [e6c09ac7-730a-4058-a1a8-e64ffc2fb789@group-8BEA082C3750-FollowerState] INFO  server.RaftServerConfigKeys (ConfUtils.java:logFallback(53)) - raft.server.rpc.first-election.timeout.max = 5200ms (fallback to raft.server.rpc.timeout.max)
2024-01-08 10:08:25,342 [e6c09ac7-730a-4058-a1a8-e64ffc2fb789-PipelineCommandHandlerThread-0] INFO  ratis.XceiverServerRatis (XceiverServerRatis.java:addGroup(842)) - Created group PipelineID=57157ebf-cb57-4f69-817d-8bea082c3750
2024-01-08 10:08:25,347 [Mini-Cluster-Provider-Create] INFO  ozone.MiniOzoneClusterImpl (MiniOzoneClusterImpl.java:lambda$waitForClusterToBeReady$0(230)) - Nodes are ready. Got 3 of 3 DN Heartbeats.
2024-01-08 10:08:25,347 [Mini-Cluster-Provider-Create] INFO  ozone.MiniOzoneClusterImpl (MiniOzoneClusterImpl.java:lambda$waitForClusterToBeReady$0(233)) - Waiting for cluster to exit safe mode
2024-01-08 10:08:25,347 [Mini-Cluster-Provider-Create] INFO  ozone.MiniOzoneClusterImpl (MiniOzoneClusterImpl.java:lambda$waitForClusterToBeReady$0(235)) - SCM became leader
2024-01-08 10:08:25,362 [grpc-default-executor-0] INFO  server.RaftServer (RaftServerProxy.java:addNew(100)) - 6df5c950-b1f8-41e9-a8bd-47cd1228c3d6: addNew group-8BEA082C3750:[d591e5af-e8f5-464c-8a55-75d5e8fc5b83|10.1.0.19:15049, 6df5c950-b1f8-41e9-a8bd-47cd1228c3d6|10.1.0.19:15067, e6c09ac7-730a-4058-a1a8-e64ffc2fb789|10.1.0.19:15058] returns group-8BEA082C3750:java.util.concurrent.CompletableFuture@62e7c244[Not completed]
2024-01-08 10:08:25,364 [6df5c950-b1f8-41e9-a8bd-47cd1228c3d6-groupManagement] INFO  server.RaftServer$Division (RaftServerImpl.java:<init>(256)) - 6df5c950-b1f8-41e9-a8bd-47cd1228c3d6: new RaftServerImpl for group-8BEA082C3750:[d591e5af-e8f5-464c-8a55-75d5e8fc5b83|10.1.0.19:15049, 6df5c950-b1f8-41e9-a8bd-47cd1228c3d6|10.1.0.19:15067, e6c09ac7-730a-4058-a1a8-e64ffc2fb789|10.1.0.19:15058] with ContainerStateMachine:uninitialized
2024-01-08 10:08:25,364 [6df5c950-b1f8-41e9-a8bd-47cd1228c3d6-groupManagement] INFO  server.RaftServerConfigKeys (ConfUtils.java:logGet(46)) - raft.server.rpc.timeout.min = 5s (custom)
2024-01-08 10:08:25,364 [6df5c950-b1f8-41e9-a8bd-47cd1228c3d6-groupManagement] INFO  server.RaftServerConfigKeys (ConfUtils.java:logGet(46)) - raft.server.rpc.timeout.max = 5200ms (custom)
2024-01-08 10:08:25,364 [6df5c950-b1f8-41e9-a8bd-47cd1228c3d6-groupManagement] INFO  server.RaftServerConfigKeys (ConfUtils.java:logGet(46)) - raft.server.rpc.sleep.time = 25ms (default)
2024-01-08 10:08:25,364 [6df5c950-b1f8-41e9-a8bd-47cd1228c3d6-groupManagement] INFO  server.RaftServerConfigKeys (ConfUtils.java:logGet(46)) - raft.server.rpc.slowness.timeout = 300s (custom)
2024-01-08 10:08:25,364 [6df5c950-b1f8-41e9-a8bd-47cd1228c3d6-groupManagement] INFO  server.RaftServerConfigKeys (ConfUtils.java:logGet(46)) - raft.server.leaderelection.leader.step-down.wait-time = 10s (default)
2024-01-08 10:08:25,364 [6df5c950-b1f8-41e9-a8bd-47cd1228c3d6-groupManagement] INFO  server.RaftServerConfigKeys (ConfUtils.java:logGet(46)) - raft.server.leaderelection.member.majority-add = false (default)
2024-01-08 10:08:25,364 [6df5c950-b1f8-41e9-a8bd-47cd1228c3d6-groupManagement] INFO  server.RaftServerConfigKeys (ConfUtils.java:logGet(46)) - raft.server.sleep.deviation.threshold = 300ms (default)
2024-01-08 10:08:25,364 [6df5c950-b1f8-41e9-a8bd-47cd1228c3d6-groupManagement] INFO  server.RaftServer$Division (ServerState.java:<init>(113)) - 6df5c950-b1f8-41e9-a8bd-47cd1228c3d6@group-8BEA082C3750: ConfigurationManager, init=-1: peers:[d591e5af-e8f5-464c-8a55-75d5e8fc5b83|10.1.0.19:15049, 6df5c950-b1f8-41e9-a8bd-47cd1228c3d6|10.1.0.19:15067, e6c09ac7-730a-4058-a1a8-e64ffc2fb789|10.1.0.19:15058]|listeners:[], old=null, confs=<EMPTY_MAP>
2024-01-08 10:08:25,364 [6df5c950-b1f8-41e9-a8bd-47cd1228c3d6-groupManagement] INFO  server.RaftServerConfigKeys (ConfUtils.java:logGet(46)) - raft.server.notification.no-leader.timeout = 300s (custom)
2024-01-08 10:08:25,364 [6df5c950-b1f8-41e9-a8bd-47cd1228c3d6-groupManagement] INFO  server.RaftServerConfigKeys (ConfUtils.java:logGet(46)) - raft.server.read.timeout = 10s (default)
2024-01-08 10:08:25,364 [6df5c950-b1f8-41e9-a8bd-47cd1228c3d6-groupManagement] INFO  server.RaftServerConfigKeys (ConfUtils.java:logGet(46)) - raft.server.retrycache.expirytime = 600000ms (custom)
2024-01-08 10:08:25,364 [6df5c950-b1f8-41e9-a8bd-47cd1228c3d6-groupManagement] INFO  server.RaftServerConfigKeys (ConfUtils.java:logGet(46)) - raft.server.retrycache.statistics.expirytime = 100ms (default)
2024-01-08 10:08:25,364 [6df5c950-b1f8-41e9-a8bd-47cd1228c3d6-groupManagement] INFO  server.RaftServerConfigKeys (ConfUtils.java:logGet(46)) - raft.server.read.option = DEFAULT (default)
2024-01-08 10:08:25,364 [6df5c950-b1f8-41e9-a8bd-47cd1228c3d6-groupManagement] INFO  server.RaftServerConfigKeys (ConfUtils.java:logGet(46)) - raft.server.read.read-after-write-consistent.write-index-cache.expiry-time = 60s (default)
2024-01-08 10:08:25,367 [6df5c950-b1f8-41e9-a8bd-47cd1228c3d6-groupManagement] INFO  server.RaftServerConfigKeys (ConfUtils.java:logGet(46)) - raft.server.rpc.request.timeout = 60s (custom)
2024-01-08 10:08:25,367 [6df5c950-b1f8-41e9-a8bd-47cd1228c3d6-groupManagement] INFO  server.RaftServerConfigKeys (ConfUtils.java:logGet(46)) - raft.server.log.appender.install.snapshot.enabled = false (custom)
2024-01-08 10:08:25,367 [6df5c950-b1f8-41e9-a8bd-47cd1228c3d6-groupManagement] INFO  server.RaftServerConfigKeys (ConfUtils.java:logGet(46)) - raft.server.threadpool.server.cached = true (default)
2024-01-08 10:08:25,368 [6df5c950-b1f8-41e9-a8bd-47cd1228c3d6-groupManagement] INFO  server.RaftServerConfigKeys (ConfUtils.java:logGet(46)) - raft.server.threadpool.server.size = 0 (default)
2024-01-08 10:08:25,368 [6df5c950-b1f8-41e9-a8bd-47cd1228c3d6-groupManagement] INFO  server.RaftServerConfigKeys (ConfUtils.java:logGet(46)) - raft.server.threadpool.client.cached = true (default)
2024-01-08 10:08:25,368 [6df5c950-b1f8-41e9-a8bd-47cd1228c3d6-groupManagement] INFO  server.RaftServerConfigKeys (ConfUtils.java:logGet(46)) - raft.server.threadpool.client.size = 0 (default)
2024-01-08 10:08:25,368 [6df5c950-b1f8-41e9-a8bd-47cd1228c3d6-groupManagement] INFO  server.RaftServerConfigKeys (ConfUtils.java:logGet(46)) - raft.server.storage.free-space.min = 0MB (=0) (default)
2024-01-08 10:08:25,368 [6df5c950-b1f8-41e9-a8bd-47cd1228c3d6-groupManagement] INFO  server.RaftServerConfigKeys (ConfUtils.java:logGet(46)) - raft.server.log.corruption.policy = EXCEPTION (default)
2024-01-08 10:08:25,368 [6df5c950-b1f8-41e9-a8bd-47cd1228c3d6-groupManagement] INFO  server.RaftServerConfigKeys (ConfUtils.java:logGet(46)) - raft.server.storage.dir = [/home/runner/work/ozone/ozone/hadoop-ozone/integration-test/target/test-dir/MiniOzoneClusterImpl-fb8bf8f7-2439-41c0-942a-a4029f90a766/datanode-2/data/ratis] (custom)
2024-01-08 10:08:25,368 [6df5c950-b1f8-41e9-a8bd-47cd1228c3d6-groupManagement] INFO  storage.RaftStorageDirectory (RaftStorageDirectoryImpl.java:analyzeStorage(138)) - The storage directory /home/runner/work/ozone/ozone/hadoop-ozone/integration-test/target/test-dir/MiniOzoneClusterImpl-fb8bf8f7-2439-41c0-942a-a4029f90a766/datanode-2/data/ratis/57157ebf-cb57-4f69-817d-8bea082c3750 does not exist. Creating ...
2024-01-08 10:08:25,375 [6df5c950-b1f8-41e9-a8bd-47cd1228c3d6-PipelineCommandHandlerThread-0] INFO  server.RaftServer (RaftServerProxy.java:addNew(100)) - 6df5c950-b1f8-41e9-a8bd-47cd1228c3d6: addNew group-68088C61FACB:[6df5c950-b1f8-41e9-a8bd-47cd1228c3d6|10.1.0.19:15067] returns group-68088C61FACB:java.util.concurrent.CompletableFuture@1b02502d[Not completed]
2024-01-08 10:08:25,375 [6df5c950-b1f8-41e9-a8bd-47cd1228c3d6-groupManagement] INFO  storage.RaftStorageDirectory (RaftStorageDirectoryImpl.java:tryLock(232)) - Lock on /home/runner/work/ozone/ozone/hadoop-ozone/integration-test/target/test-dir/MiniOzoneClusterImpl-fb8bf8f7-2439-41c0-942a-a4029f90a766/datanode-2/data/ratis/57157ebf-cb57-4f69-817d-8bea082c3750/in_use.lock acquired by nodename 56297@fv-az1117-812
2024-01-08 10:08:25,378 [6df5c950-b1f8-41e9-a8bd-47cd1228c3d6-groupManagement] INFO  storage.RaftStorage (RaftStorageImpl.java:format(97)) - Storage directory /home/runner/work/ozone/ozone/hadoop-ozone/integration-test/target/test-dir/MiniOzoneClusterImpl-fb8bf8f7-2439-41c0-942a-a4029f90a766/datanode-2/data/ratis/57157ebf-cb57-4f69-817d-8bea082c3750 has been successfully formatted.
2024-01-08 10:08:25,378 [d591e5af-e8f5-464c-8a55-75d5e8fc5b83-groupManagement] INFO  util.AwaitToRun (AwaitToRun.java:start(81)) - Thread[d591e5af-e8f5-464c-8a55-75d5e8fc5b83@group-8BEA082C3750-cacheEviction-AwaitToRun,5,main] started
2024-01-08 10:08:25,378 [d591e5af-e8f5-464c-8a55-75d5e8fc5b83-groupManagement] INFO  segmented.SegmentedRaftLogWorker (SegmentedRaftLogWorker.java:<init>(184)) - new d591e5af-e8f5-464c-8a55-75d5e8fc5b83@group-8BEA082C3750-SegmentedRaftLogWorker for RaftStorageImpl:Storage Directory /home/runner/work/ozone/ozone/hadoop-ozone/integration-test/target/test-dir/MiniOzoneClusterImpl-fb8bf8f7-2439-41c0-942a-a4029f90a766/datanode-0/data/ratis/57157ebf-cb57-4f69-817d-8bea082c3750
2024-01-08 10:08:25,378 [d591e5af-e8f5-464c-8a55-75d5e8fc5b83-groupManagement] INFO  server.RaftServerConfigKeys (ConfUtils.java:logGet(46)) - raft.server.log.queue.byte-limit = 4294967296 (custom)
2024-01-08 10:08:25,378 [d591e5af-e8f5-464c-8a55-75d5e8fc5b83-groupManagement] INFO  server.RaftServerConfigKeys (ConfUtils.java:logGet(46)) - raft.server.log.queue.element-limit = 1024 (custom)
2024-01-08 10:08:25,379 [d591e5af-e8f5-464c-8a55-75d5e8fc5b83-groupManagement] INFO  server.RaftServerConfigKeys (ConfUtils.java:logGet(46)) - raft.server.log.segment.size.max = 67108864 (custom)
2024-01-08 10:08:25,379 [d591e5af-e8f5-464c-8a55-75d5e8fc5b83-groupManagement] INFO  server.RaftServerConfigKeys (ConfUtils.java:logGet(46)) - raft.server.log.preallocated.size = 4194304 (custom)
2024-01-08 10:08:25,379 [d591e5af-e8f5-464c-8a55-75d5e8fc5b83-groupManagement] INFO  server.RaftServerConfigKeys (ConfUtils.java:logGet(46)) - raft.server.log.force.sync.num = 128 (default)
2024-01-08 10:08:25,379 [d591e5af-e8f5-464c-8a55-75d5e8fc5b83-groupManagement] INFO  server.RaftServerConfigKeys (ConfUtils.java:logGet(46)) - raft.server.log.statemachine.data.sync = true (default)
2024-01-08 10:08:25,379 [d591e5af-e8f5-464c-8a55-75d5e8fc5b83-groupManagement] INFO  server.RaftServerConfigKeys (ConfUtils.java:logGet(46)) - raft.server.log.statemachine.data.sync.timeout = 10s (default)
2024-01-08 10:08:25,379 [d591e5af-e8f5-464c-8a55-75d5e8fc5b83-groupManagement] INFO  server.RaftServerConfigKeys (ConfUtils.java:logGet(46)) - raft.server.log.statemachine.data.sync.timeout.retry = 0 (custom)
2024-01-08 10:08:25,379 [d591e5af-e8f5-464c-8a55-75d5e8fc5b83-groupManagement] INFO  server.RaftServerConfigKeys (ConfUtils.java:logGet(46)) - raft.server.log.write.buffer.size = 8388616 (custom)
2024-01-08 10:08:25,381 [d591e5af-e8f5-464c-8a55-75d5e8fc5b83-groupManagement] INFO  server.RaftServerConfigKeys (ConfUtils.java:logGet(46)) - raft.server.log.appender.buffer.byte-limit = 8388608 (custom)
2024-01-08 10:08:25,382 [d591e5af-e8f5-464c-8a55-75d5e8fc5b83-groupManagement] INFO  server.RaftServerConfigKeys (ConfUtils.java:logGet(46)) - raft.server.log.unsafe-flush.enabled = false (default)
2024-01-08 10:08:25,382 [d591e5af-e8f5-464c-8a55-75d5e8fc5b83-groupManagement] INFO  server.RaftServerConfigKeys (ConfUtils.java:logGet(46)) - raft.server.log.async-flush.enabled = false (default)
2024-01-08 10:08:25,382 [d591e5af-e8f5-464c-8a55-75d5e8fc5b83-groupManagement] INFO  server.RaftServerConfigKeys (ConfUtils.java:logGet(46)) - raft.server.log.statemachine.data.caching.enabled = true (custom)
2024-01-08 10:08:25,382 [d591e5af-e8f5-464c-8a55-75d5e8fc5b83-groupManagement] INFO  segmented.SegmentedRaftLogWorker (SegmentedRaftLogWorker.java:lambda$new$0(135)) - d591e5af-e8f5-464c-8a55-75d5e8fc5b83@group-8BEA082C3750-SegmentedRaftLogWorker: flushIndex: setUnconditionally 0 -> -1
2024-01-08 10:08:25,382 [d591e5af-e8f5-464c-8a55-75d5e8fc5b83-groupManagement] INFO  segmented.SegmentedRaftLogWorker (SegmentedRaftLogWorker.java:lambda$new$0(135)) - d591e5af-e8f5-464c-8a55-75d5e8fc5b83@group-8BEA082C3750-SegmentedRaftLogWorker: safeCacheEvictIndex: setUnconditionally 0 -> -1
2024-01-08 10:08:25,389 [d591e5af-e8f5-464c-8a55-75d5e8fc5b83-groupManagement] INFO  server.RaftServer$Division (RaftServerImpl.java:start(392)) - d591e5af-e8f5-464c-8a55-75d5e8fc5b83@group-8BEA082C3750: start as a follower, conf=-1: peers:[d591e5af-e8f5-464c-8a55-75d5e8fc5b83|10.1.0.19:15049, 6df5c950-b1f8-41e9-a8bd-47cd1228c3d6|10.1.0.19:15067, e6c09ac7-730a-4058-a1a8-e64ffc2fb789|10.1.0.19:15058]|listeners:[], old=null
2024-01-08 10:08:25,389 [d591e5af-e8f5-464c-8a55-75d5e8fc5b83-groupManagement] INFO  server.RaftServer$Division (RaftServerImpl.java:setRole(379)) - d591e5af-e8f5-464c-8a55-75d5e8fc5b83@group-8BEA082C3750: changes role from      null to FOLLOWER at term 0 for startAsFollower
2024-01-08 10:08:25,389 [d591e5af-e8f5-464c-8a55-75d5e8fc5b83-groupManagement] INFO  impl.RoleInfo (RoleInfo.java:updateAndGet(139)) - d591e5af-e8f5-464c-8a55-75d5e8fc5b83: start d591e5af-e8f5-464c-8a55-75d5e8fc5b83@group-8BEA082C3750-FollowerState
2024-01-08 10:08:25,396 [d591e5af-e8f5-464c-8a55-75d5e8fc5b83-groupManagement] INFO  util.JmxRegister (JmxRegister.java:tryRegister(44)) - Successfully registered JMX Bean with object name Ratis:service=RaftServer,group=group-8BEA082C3750,id=d591e5af-e8f5-464c-8a55-75d5e8fc5b83
2024-01-08 10:08:25,397 [d591e5af-e8f5-464c-8a55-75d5e8fc5b83-groupManagement] INFO  server.RaftServerConfigKeys (ConfUtils.java:logGet(46)) - raft.server.snapshot.trigger-when-stop.enabled = true (default)
2024-01-08 10:08:25,397 [d591e5af-e8f5-464c-8a55-75d5e8fc5b83-groupManagement] INFO  server.RaftServerConfigKeys (ConfUtils.java:logGet(46)) - raft.server.snapshot.auto.trigger.enabled = true (custom)
2024-01-08 10:08:25,397 [d591e5af-e8f5-464c-8a55-75d5e8fc5b83-groupManagement] INFO  server.RaftServerConfigKeys (ConfUtils.java:logGet(46)) - raft.server.snapshot.auto.trigger.threshold = 10000 (custom)
2024-01-08 10:08:25,397 [d591e5af-e8f5-464c-8a55-75d5e8fc5b83-groupManagement] INFO  server.RaftServerConfigKeys (ConfUtils.java:logGet(46)) - raft.server.snapshot.retention.file.num = 5 (custom)
2024-01-08 10:08:25,397 [d591e5af-e8f5-464c-8a55-75d5e8fc5b83-groupManagement] INFO  server.RaftServerConfigKeys (ConfUtils.java:logGet(46)) - raft.server.log.purge.upto.snapshot.index = false (default)
2024-01-08 10:08:25,397 [d591e5af-e8f5-464c-8a55-75d5e8fc5b83@group-8BEA082C3750-FollowerState] INFO  server.RaftServerConfigKeys (ConfUtils.java:logFallback(53)) - raft.server.rpc.first-election.timeout.min = 5s (fallback to raft.server.rpc.timeout.min)
2024-01-08 10:08:25,398 [d591e5af-e8f5-464c-8a55-75d5e8fc5b83@group-8BEA082C3750-FollowerState] INFO  server.RaftServerConfigKeys (ConfUtils.java:logFallback(53)) - raft.server.rpc.first-election.timeout.max = 5200ms (fallback to raft.server.rpc.timeout.max)
2024-01-08 10:08:25,401 [6df5c950-b1f8-41e9-a8bd-47cd1228c3d6-groupManagement] INFO  ratis.ContainerStateMachine (ContainerStateMachine.java:loadSnapshot(287)) - group-8BEA082C3750: The snapshot info is null. Setting the last applied index to:(t:0, i:~)
2024-01-08 10:08:25,401 [d591e5af-e8f5-464c-8a55-75d5e8fc5b83-PipelineCommandHandlerThread-0] INFO  ratis.XceiverServerRatis (XceiverServerRatis.java:addGroup(842)) - Created group PipelineID=57157ebf-cb57-4f69-817d-8bea082c3750
2024-01-08 10:08:25,401 [6df5c950-b1f8-41e9-a8bd-47cd1228c3d6-groupManagement] INFO  server.RaftServerConfigKeys (ConfUtils.java:logGet(46)) - raft.server.log.use.memory = false (default)
2024-01-08 10:08:25,402 [6df5c950-b1f8-41e9-a8bd-47cd1228c3d6-groupManagement] INFO  server.RaftServerConfigKeys (ConfUtils.java:logGet(46)) - raft.server.log.purge.gap = 1000000 (custom)
2024-01-08 10:08:25,402 [6df5c950-b1f8-41e9-a8bd-47cd1228c3d6-groupManagement] INFO  server.RaftServerConfigKeys (ConfUtils.java:logGet(46)) - raft.server.log.appender.buffer.byte-limit = 8388608 (custom)
2024-01-08 10:08:25,402 [6df5c950-b1f8-41e9-a8bd-47cd1228c3d6-groupManagement] INFO  server.RaftServerConfigKeys (ConfUtils.java:logGet(46)) - raft.server.log.statemachine.data.read.timeout = 1000ms (default)
2024-01-08 10:08:25,402 [6df5c950-b1f8-41e9-a8bd-47cd1228c3d6-groupManagement] INFO  server.RaftServerConfigKeys (ConfUtils.java:logGet(46)) - raft.server.log.purge.preservation.log.num = 0 (default)
2024-01-08 10:08:25,403 [6df5c950-b1f8-41e9-a8bd-47cd1228c3d6-groupManagement] INFO  server.RaftServerConfigKeys (ConfUtils.java:logGet(46)) - raft.server.log.segment.size.max = 67108864 (custom)
2024-01-08 10:08:25,404 [6df5c950-b1f8-41e9-a8bd-47cd1228c3d6-groupManagement] INFO  server.RaftServerConfigKeys (ConfUtils.java:logGet(46)) - raft.server.log.segment.cache.num.max = 2 (custom)
2024-01-08 10:08:25,404 [6df5c950-b1f8-41e9-a8bd-47cd1228c3d6-groupManagement] INFO  server.RaftServerConfigKeys (ConfUtils.java:logGet(46)) - raft.server.log.segment.cache.size.max = 200MB (=209715200) (default)
2024-01-08 10:08:25,404 [6df5c950-b1f8-41e9-a8bd-47cd1228c3d6-groupManagement] INFO  server.RaftServerConfigKeys (ConfUtils.java:logGet(46)) - raft.server.log.appender.buffer.byte-limit = 8388608 (custom)
2024-01-08 10:08:25,409 [6df5c950-b1f8-41e9-a8bd-47cd1228c3d6-groupManagement] INFO  util.AwaitToRun (AwaitToRun.java:start(81)) - Thread[6df5c950-b1f8-41e9-a8bd-47cd1228c3d6@group-8BEA082C3750-cacheEviction-AwaitToRun,5,main] started
2024-01-08 10:08:25,409 [6df5c950-b1f8-41e9-a8bd-47cd1228c3d6-groupManagement] INFO  segmented.SegmentedRaftLogWorker (SegmentedRaftLogWorker.java:<init>(184)) - new 6df5c950-b1f8-41e9-a8bd-47cd1228c3d6@group-8BEA082C3750-SegmentedRaftLogWorker for RaftStorageImpl:Storage Directory /home/runner/work/ozone/ozone/hadoop-ozone/integration-test/target/test-dir/MiniOzoneClusterImpl-fb8bf8f7-2439-41c0-942a-a4029f90a766/datanode-2/data/ratis/57157ebf-cb57-4f69-817d-8bea082c3750
2024-01-08 10:08:25,409 [6df5c950-b1f8-41e9-a8bd-47cd1228c3d6-groupManagement] INFO  server.RaftServerConfigKeys (ConfUtils.java:logGet(46)) - raft.server.log.queue.byte-limit = 4294967296 (custom)
2024-01-08 10:08:25,409 [6df5c950-b1f8-41e9-a8bd-47cd1228c3d6-groupManagement] INFO  server.RaftServerConfigKeys (ConfUtils.java:logGet(46)) - raft.server.log.queue.element-limit = 1024 (custom)
2024-01-08 10:08:25,409 [6df5c950-b1f8-41e9-a8bd-47cd1228c3d6-groupManagement] INFO  server.RaftServerConfigKeys (ConfUtils.java:logGet(46)) - raft.server.log.segment.size.max = 67108864 (custom)
2024-01-08 10:08:25,409 [6df5c950-b1f8-41e9-a8bd-47cd1228c3d6-groupManagement] INFO  server.RaftServerConfigKeys (ConfUtils.java:logGet(46)) - raft.server.log.preallocated.size = 4194304 (custom)
2024-01-08 10:08:25,409 [6df5c950-b1f8-41e9-a8bd-47cd1228c3d6-groupManagement] INFO  server.RaftServerConfigKeys (ConfUtils.java:logGet(46)) - raft.server.log.force.sync.num = 128 (default)
2024-01-08 10:08:25,409 [6df5c950-b1f8-41e9-a8bd-47cd1228c3d6-groupManagement] INFO  server.RaftServerConfigKeys (ConfUtils.java:logGet(46)) - raft.server.log.statemachine.data.sync = true (default)
2024-01-08 10:08:25,409 [6df5c950-b1f8-41e9-a8bd-47cd1228c3d6-groupManagement] INFO  server.RaftServerConfigKeys (ConfUtils.java:logGet(46)) - raft.server.log.statemachine.data.sync.timeout = 10s (default)
2024-01-08 10:08:25,409 [6df5c950-b1f8-41e9-a8bd-47cd1228c3d6-groupManagement] INFO  server.RaftServerConfigKeys (ConfUtils.java:logGet(46)) - raft.server.log.statemachine.data.sync.timeout.retry = 0 (custom)
2024-01-08 10:08:25,410 [6df5c950-b1f8-41e9-a8bd-47cd1228c3d6-groupManagement] INFO  server.RaftServerConfigKeys (ConfUtils.java:logGet(46)) - raft.server.log.write.buffer.size = 8388616 (custom)
2024-01-08 10:08:25,410 [EventQueue-PipelineReportForPipelineReportHandler] INFO  pipeline.PipelineReportHandler (PipelineReportHandler.java:processPipelineReport(136)) - Opened pipeline PipelineID=bff21e03-de3f-4c06-9821-68088c61facb
2024-01-08 10:08:25,410 [EventQueue-OpenPipelineForHealthyPipelineSafeModeRule] INFO  safemode.SCMSafeModeManager (HealthyPipelineSafeModeRule.java:process(140)) - SCM in safe mode. Healthy pipelines reported count is 0, required healthy pipeline reported count is 1
2024-01-08 10:08:25,412 [6df5c950-b1f8-41e9-a8bd-47cd1228c3d6-groupManagement] INFO  server.RaftServerConfigKeys (ConfUtils.java:logGet(46)) - raft.server.log.appender.buffer.byte-limit = 8388608 (custom)
2024-01-08 10:08:25,412 [6df5c950-b1f8-41e9-a8bd-47cd1228c3d6-groupManagement] INFO  server.RaftServerConfigKeys (ConfUtils.java:logGet(46)) - raft.server.log.unsafe-flush.enabled = false (default)
2024-01-08 10:08:25,412 [6df5c950-b1f8-41e9-a8bd-47cd1228c3d6-groupManagement] INFO  server.RaftServerConfigKeys (ConfUtils.java:logGet(46)) - raft.server.log.async-flush.enabled = false (default)
2024-01-08 10:08:25,412 [6df5c950-b1f8-41e9-a8bd-47cd1228c3d6-groupManagement] INFO  server.RaftServerConfigKeys (ConfUtils.java:logGet(46)) - raft.server.log.statemachine.data.caching.enabled = true (custom)
2024-01-08 10:08:25,413 [6df5c950-b1f8-41e9-a8bd-47cd1228c3d6-groupManagement] INFO  segmented.SegmentedRaftLogWorker (SegmentedRaftLogWorker.java:lambda$new$0(135)) - 6df5c950-b1f8-41e9-a8bd-47cd1228c3d6@group-8BEA082C3750-SegmentedRaftLogWorker: flushIndex: setUnconditionally 0 -> -1
2024-01-08 10:08:25,413 [6df5c950-b1f8-41e9-a8bd-47cd1228c3d6-groupManagement] INFO  segmented.SegmentedRaftLogWorker (SegmentedRaftLogWorker.java:lambda$new$0(135)) - 6df5c950-b1f8-41e9-a8bd-47cd1228c3d6@group-8BEA082C3750-SegmentedRaftLogWorker: safeCacheEvictIndex: setUnconditionally 0 -> -1
2024-01-08 10:08:25,419 [6df5c950-b1f8-41e9-a8bd-47cd1228c3d6-groupManagement] INFO  server.RaftServer$Division (RaftServerImpl.java:start(392)) - 6df5c950-b1f8-41e9-a8bd-47cd1228c3d6@group-8BEA082C3750: start as a follower, conf=-1: peers:[d591e5af-e8f5-464c-8a55-75d5e8fc5b83|10.1.0.19:15049, 6df5c950-b1f8-41e9-a8bd-47cd1228c3d6|10.1.0.19:15067, e6c09ac7-730a-4058-a1a8-e64ffc2fb789|10.1.0.19:15058]|listeners:[], old=null
2024-01-08 10:08:25,419 [6df5c950-b1f8-41e9-a8bd-47cd1228c3d6-groupManagement] INFO  server.RaftServer$Division (RaftServerImpl.java:setRole(379)) - 6df5c950-b1f8-41e9-a8bd-47cd1228c3d6@group-8BEA082C3750: changes role from      null to FOLLOWER at term 0 for startAsFollower
2024-01-08 10:08:25,419 [6df5c950-b1f8-41e9-a8bd-47cd1228c3d6-groupManagement] INFO  impl.RoleInfo (RoleInfo.java:updateAndGet(139)) - 6df5c950-b1f8-41e9-a8bd-47cd1228c3d6: start 6df5c950-b1f8-41e9-a8bd-47cd1228c3d6@group-8BEA082C3750-FollowerState
2024-01-08 10:08:25,425 [6df5c950-b1f8-41e9-a8bd-47cd1228c3d6-groupManagement] INFO  util.JmxRegister (JmxRegister.java:tryRegister(44)) - Successfully registered JMX Bean with object name Ratis:service=RaftServer,group=group-8BEA082C3750,id=6df5c950-b1f8-41e9-a8bd-47cd1228c3d6
2024-01-08 10:08:25,425 [6df5c950-b1f8-41e9-a8bd-47cd1228c3d6-groupManagement] INFO  server.RaftServerConfigKeys (ConfUtils.java:logGet(46)) - raft.server.snapshot.trigger-when-stop.enabled = true (default)
2024-01-08 10:08:25,425 [6df5c950-b1f8-41e9-a8bd-47cd1228c3d6-groupManagement] INFO  server.RaftServerConfigKeys (ConfUtils.java:logGet(46)) - raft.server.snapshot.auto.trigger.enabled = true (custom)
2024-01-08 10:08:25,425 [6df5c950-b1f8-41e9-a8bd-47cd1228c3d6-groupManagement] INFO  server.RaftServerConfigKeys (ConfUtils.java:logGet(46)) - raft.server.snapshot.auto.trigger.threshold = 10000 (custom)
2024-01-08 10:08:25,425 [6df5c950-b1f8-41e9-a8bd-47cd1228c3d6-groupManagement] INFO  server.RaftServerConfigKeys (ConfUtils.java:logGet(46)) - raft.server.snapshot.retention.file.num = 5 (custom)
2024-01-08 10:08:25,425 [6df5c950-b1f8-41e9-a8bd-47cd1228c3d6-groupManagement] INFO  server.RaftServerConfigKeys (ConfUtils.java:logGet(46)) - raft.server.log.purge.upto.snapshot.index = false (default)
2024-01-08 10:08:25,426 [6df5c950-b1f8-41e9-a8bd-47cd1228c3d6@group-8BEA082C3750-FollowerState] INFO  server.RaftServerConfigKeys (ConfUtils.java:logFallback(53)) - raft.server.rpc.first-election.timeout.min = 5s (fallback to raft.server.rpc.timeout.min)
2024-01-08 10:08:25,426 [6df5c950-b1f8-41e9-a8bd-47cd1228c3d6@group-8BEA082C3750-FollowerState] INFO  server.RaftServerConfigKeys (ConfUtils.java:logFallback(53)) - raft.server.rpc.first-election.timeout.max = 5200ms (fallback to raft.server.rpc.timeout.max)
2024-01-08 10:08:25,434 [6df5c950-b1f8-41e9-a8bd-47cd1228c3d6-groupManagement] INFO  server.RaftServer$Division (RaftServerImpl.java:<init>(256)) - 6df5c950-b1f8-41e9-a8bd-47cd1228c3d6: new RaftServerImpl for group-68088C61FACB:[6df5c950-b1f8-41e9-a8bd-47cd1228c3d6|10.1.0.19:15067] with ContainerStateMachine:uninitialized
2024-01-08 10:08:25,434 [6df5c950-b1f8-41e9-a8bd-47cd1228c3d6-groupManagement] INFO  server.RaftServerConfigKeys (ConfUtils.java:logGet(46)) - raft.server.rpc.timeout.min = 5s (custom)
2024-01-08 10:08:25,434 [6df5c950-b1f8-41e9-a8bd-47cd1228c3d6-groupManagement] INFO  server.RaftServerConfigKeys (ConfUtils.java:logGet(46)) - raft.server.rpc.timeout.max = 5200ms (custom)
2024-01-08 10:08:25,434 [6df5c950-b1f8-41e9-a8bd-47cd1228c3d6-groupManagement] INFO  server.RaftServerConfigKeys (ConfUtils.java:logGet(46)) - raft.server.rpc.sleep.time = 25ms (default)
2024-01-08 10:08:25,434 [6df5c950-b1f8-41e9-a8bd-47cd1228c3d6-groupManagement] INFO  server.RaftServerConfigKeys (ConfUtils.java:logGet(46)) - raft.server.rpc.slowness.timeout = 300s (custom)
2024-01-08 10:08:25,434 [6df5c950-b1f8-41e9-a8bd-47cd1228c3d6-groupManagement] INFO  server.RaftServerConfigKeys (ConfUtils.java:logGet(46)) - raft.server.leaderelection.leader.step-down.wait-time = 10s (default)
2024-01-08 10:08:25,434 [6df5c950-b1f8-41e9-a8bd-47cd1228c3d6-groupManagement] INFO  server.RaftServerConfigKeys (ConfUtils.java:logGet(46)) - raft.server.leaderelection.member.majority-add = false (default)
2024-01-08 10:08:25,434 [6df5c950-b1f8-41e9-a8bd-47cd1228c3d6-groupManagement] INFO  server.RaftServerConfigKeys (ConfUtils.java:logGet(46)) - raft.server.sleep.deviation.threshold = 300ms (default)
2024-01-08 10:08:25,434 [6df5c950-b1f8-41e9-a8bd-47cd1228c3d6-groupManagement] INFO  server.RaftServer$Division (ServerState.java:<init>(113)) - 6df5c950-b1f8-41e9-a8bd-47cd1228c3d6@group-68088C61FACB: ConfigurationManager, init=-1: peers:[6df5c950-b1f8-41e9-a8bd-47cd1228c3d6|10.1.0.19:15067]|listeners:[], old=null, confs=<EMPTY_MAP>
2024-01-08 10:08:25,434 [6df5c950-b1f8-41e9-a8bd-47cd1228c3d6-groupManagement] INFO  server.RaftServerConfigKeys (ConfUtils.java:logGet(46)) - raft.server.notification.no-leader.timeout = 300s (custom)
2024-01-08 10:08:25,434 [6df5c950-b1f8-41e9-a8bd-47cd1228c3d6-groupManagement] INFO  server.RaftServerConfigKeys (ConfUtils.java:logGet(46)) - raft.server.read.timeout = 10s (default)
2024-01-08 10:08:25,434 [6df5c950-b1f8-41e9-a8bd-47cd1228c3d6-groupManagement] INFO  server.RaftServerConfigKeys (ConfUtils.java:logGet(46)) - raft.server.retrycache.expirytime = 600000ms (custom)
2024-01-08 10:08:25,435 [6df5c950-b1f8-41e9-a8bd-47cd1228c3d6-groupManagement] INFO  server.RaftServerConfigKeys (ConfUtils.java:logGet(46)) - raft.server.retrycache.statistics.expirytime = 100ms (default)
2024-01-08 10:08:25,435 [6df5c950-b1f8-41e9-a8bd-47cd1228c3d6-groupManagement] INFO  server.RaftServerConfigKeys (ConfUtils.java:logGet(46)) - raft.server.read.option = DEFAULT (default)
2024-01-08 10:08:25,435 [6df5c950-b1f8-41e9-a8bd-47cd1228c3d6-groupManagement] INFO  server.RaftServerConfigKeys (ConfUtils.java:logGet(46)) - raft.server.read.read-after-write-consistent.write-index-cache.expiry-time = 60s (default)
2024-01-08 10:08:25,437 [6df5c950-b1f8-41e9-a8bd-47cd1228c3d6-groupManagement] INFO  server.RaftServerConfigKeys (ConfUtils.java:logGet(46)) - raft.server.rpc.request.timeout = 60s (custom)
2024-01-08 10:08:25,437 [6df5c950-b1f8-41e9-a8bd-47cd1228c3d6-groupManagement] INFO  server.RaftServerConfigKeys (ConfUtils.java:logGet(46)) - raft.server.log.appender.install.snapshot.enabled = false (custom)
2024-01-08 10:08:25,437 [6df5c950-b1f8-41e9-a8bd-47cd1228c3d6-groupManagement] INFO  server.RaftServerConfigKeys (ConfUtils.java:logGet(46)) - raft.server.threadpool.server.cached = true (default)
2024-01-08 10:08:25,437 [6df5c950-b1f8-41e9-a8bd-47cd1228c3d6-groupManagement] INFO  server.RaftServerConfigKeys (ConfUtils.java:logGet(46)) - raft.server.threadpool.server.size = 0 (default)
2024-01-08 10:08:25,437 [6df5c950-b1f8-41e9-a8bd-47cd1228c3d6-groupManagement] INFO  server.RaftServerConfigKeys (ConfUtils.java:logGet(46)) - raft.server.threadpool.client.cached = true (default)
2024-01-08 10:08:25,437 [6df5c950-b1f8-41e9-a8bd-47cd1228c3d6-groupManagement] INFO  server.RaftServerConfigKeys (ConfUtils.java:logGet(46)) - raft.server.threadpool.client.size = 0 (default)
2024-01-08 10:08:25,438 [6df5c950-b1f8-41e9-a8bd-47cd1228c3d6-groupManagement] INFO  server.RaftServerConfigKeys (ConfUtils.java:logGet(46)) - raft.server.storage.free-space.min = 0MB (=0) (default)
2024-01-08 10:08:25,438 [6df5c950-b1f8-41e9-a8bd-47cd1228c3d6-groupManagement] INFO  server.RaftServerConfigKeys (ConfUtils.java:logGet(46)) - raft.server.log.corruption.policy = EXCEPTION (default)
2024-01-08 10:08:25,438 [6df5c950-b1f8-41e9-a8bd-47cd1228c3d6-groupManagement] INFO  server.RaftServerConfigKeys (ConfUtils.java:logGet(46)) - raft.server.storage.dir = [/home/runner/work/ozone/ozone/hadoop-ozone/integration-test/target/test-dir/MiniOzoneClusterImpl-fb8bf8f7-2439-41c0-942a-a4029f90a766/datanode-2/data/ratis] (custom)
2024-01-08 10:08:25,438 [6df5c950-b1f8-41e9-a8bd-47cd1228c3d6-groupManagement] INFO  storage.RaftStorageDirectory (RaftStorageDirectoryImpl.java:analyzeStorage(138)) - The storage directory /home/runner/work/ozone/ozone/hadoop-ozone/integration-test/target/test-dir/MiniOzoneClusterImpl-fb8bf8f7-2439-41c0-942a-a4029f90a766/datanode-2/data/ratis/bff21e03-de3f-4c06-9821-68088c61facb does not exist. Creating ...
2024-01-08 10:08:25,451 [6df5c950-b1f8-41e9-a8bd-47cd1228c3d6-groupManagement] INFO  storage.RaftStorageDirectory (RaftStorageDirectoryImpl.java:tryLock(232)) - Lock on /home/runner/work/ozone/ozone/hadoop-ozone/integration-test/target/test-dir/MiniOzoneClusterImpl-fb8bf8f7-2439-41c0-942a-a4029f90a766/datanode-2/data/ratis/bff21e03-de3f-4c06-9821-68088c61facb/in_use.lock acquired by nodename 56297@fv-az1117-812
2024-01-08 10:08:25,453 [6df5c950-b1f8-41e9-a8bd-47cd1228c3d6-groupManagement] INFO  storage.RaftStorage (RaftStorageImpl.java:format(97)) - Storage directory /home/runner/work/ozone/ozone/hadoop-ozone/integration-test/target/test-dir/MiniOzoneClusterImpl-fb8bf8f7-2439-41c0-942a-a4029f90a766/datanode-2/data/ratis/bff21e03-de3f-4c06-9821-68088c61facb has been successfully formatted.
2024-01-08 10:08:25,469 [6df5c950-b1f8-41e9-a8bd-47cd1228c3d6-groupManagement] INFO  ratis.ContainerStateMachine (ContainerStateMachine.java:loadSnapshot(287)) - group-68088C61FACB: The snapshot info is null. Setting the last applied index to:(t:0, i:~)
2024-01-08 10:08:25,469 [6df5c950-b1f8-41e9-a8bd-47cd1228c3d6-groupManagement] INFO  server.RaftServerConfigKeys (ConfUtils.java:logGet(46)) - raft.server.log.use.memory = false (default)
2024-01-08 10:08:25,469 [6df5c950-b1f8-41e9-a8bd-47cd1228c3d6-groupManagement] INFO  server.RaftServerConfigKeys (ConfUtils.java:logGet(46)) - raft.server.log.purge.gap = 1000000 (custom)
2024-01-08 10:08:25,469 [6df5c950-b1f8-41e9-a8bd-47cd1228c3d6-groupManagement] INFO  server.RaftServerConfigKeys (ConfUtils.java:logGet(46)) - raft.server.log.appender.buffer.byte-limit = 8388608 (custom)
2024-01-08 10:08:25,469 [6df5c950-b1f8-41e9-a8bd-47cd1228c3d6-groupManagement] INFO  server.RaftServerConfigKeys (ConfUtils.java:logGet(46)) - raft.server.log.statemachine.data.read.timeout = 1000ms (default)
2024-01-08 10:08:25,469 [6df5c950-b1f8-41e9-a8bd-47cd1228c3d6-groupManagement] INFO  server.RaftServerConfigKeys (ConfUtils.java:logGet(46)) - raft.server.log.purge.preservation.log.num = 0 (default)
2024-01-08 10:08:25,471 [6df5c950-b1f8-41e9-a8bd-47cd1228c3d6-groupManagement] INFO  server.RaftServerConfigKeys (ConfUtils.java:logGet(46)) - raft.server.log.segment.size.max = 67108864 (custom)
2024-01-08 10:08:25,471 [6df5c950-b1f8-41e9-a8bd-47cd1228c3d6-groupManagement] INFO  server.RaftServerConfigKeys (ConfUtils.java:logGet(46)) - raft.server.log.segment.cache.num.max = 2 (custom)
2024-01-08 10:08:25,471 [6df5c950-b1f8-41e9-a8bd-47cd1228c3d6-groupManagement] INFO  server.RaftServerConfigKeys (ConfUtils.java:logGet(46)) - raft.server.log.segment.cache.size.max = 200MB (=209715200) (default)
2024-01-08 10:08:25,471 [6df5c950-b1f8-41e9-a8bd-47cd1228c3d6-groupManagement] INFO  server.RaftServerConfigKeys (ConfUtils.java:logGet(46)) - raft.server.log.appender.buffer.byte-limit = 8388608 (custom)
2024-01-08 10:08:25,480 [6df5c950-b1f8-41e9-a8bd-47cd1228c3d6-groupManagement] INFO  util.AwaitToRun (AwaitToRun.java:start(81)) - Thread[6df5c950-b1f8-41e9-a8bd-47cd1228c3d6@group-68088C61FACB-cacheEviction-AwaitToRun,5,main] started
2024-01-08 10:08:25,481 [6df5c950-b1f8-41e9-a8bd-47cd1228c3d6-groupManagement] INFO  segmented.SegmentedRaftLogWorker (SegmentedRaftLogWorker.java:<init>(184)) - new 6df5c950-b1f8-41e9-a8bd-47cd1228c3d6@group-68088C61FACB-SegmentedRaftLogWorker for RaftStorageImpl:Storage Directory /home/runner/work/ozone/ozone/hadoop-ozone/integration-test/target/test-dir/MiniOzoneClusterImpl-fb8bf8f7-2439-41c0-942a-a4029f90a766/datanode-2/data/ratis/bff21e03-de3f-4c06-9821-68088c61facb
2024-01-08 10:08:25,481 [6df5c950-b1f8-41e9-a8bd-47cd1228c3d6-groupManagement] INFO  server.RaftServerConfigKeys (ConfUtils.java:logGet(46)) - raft.server.log.queue.byte-limit = 4294967296 (custom)
2024-01-08 10:08:25,481 [6df5c950-b1f8-41e9-a8bd-47cd1228c3d6-groupManagement] INFO  server.RaftServerConfigKeys (ConfUtils.java:logGet(46)) - raft.server.log.queue.element-limit = 1024 (custom)
2024-01-08 10:08:25,481 [6df5c950-b1f8-41e9-a8bd-47cd1228c3d6-groupManagement] INFO  server.RaftServerConfigKeys (ConfUtils.java:logGet(46)) - raft.server.log.segment.size.max = 67108864 (custom)
2024-01-08 10:08:25,481 [6df5c950-b1f8-41e9-a8bd-47cd1228c3d6-groupManagement] INFO  server.RaftServerConfigKeys (ConfUtils.java:logGet(46)) - raft.server.log.preallocated.size = 4194304 (custom)
2024-01-08 10:08:25,481 [6df5c950-b1f8-41e9-a8bd-47cd1228c3d6-groupManagement] INFO  server.RaftServerConfigKeys (ConfUtils.java:logGet(46)) - raft.server.log.force.sync.num = 128 (default)
2024-01-08 10:08:25,481 [6df5c950-b1f8-41e9-a8bd-47cd1228c3d6-groupManagement] INFO  server.RaftServerConfigKeys (ConfUtils.java:logGet(46)) - raft.server.log.statemachine.data.sync = true (default)
2024-01-08 10:08:25,481 [6df5c950-b1f8-41e9-a8bd-47cd1228c3d6-groupManagement] INFO  server.RaftServerConfigKeys (ConfUtils.java:logGet(46)) - raft.server.log.statemachine.data.sync.timeout = 10s (default)
2024-01-08 10:08:25,481 [6df5c950-b1f8-41e9-a8bd-47cd1228c3d6-groupManagement] INFO  server.RaftServerConfigKeys (ConfUtils.java:logGet(46)) - raft.server.log.statemachine.data.sync.timeout.retry = 0 (custom)
2024-01-08 10:08:25,482 [6df5c950-b1f8-41e9-a8bd-47cd1228c3d6-groupManagement] INFO  server.RaftServerConfigKeys (ConfUtils.java:logGet(46)) - raft.server.log.write.buffer.size = 8388616 (custom)
2024-01-08 10:08:25,483 [EventQueue-OpenPipelineForHealthyPipelineSafeModeRule] INFO  safemode.SCMSafeModeManager (HealthyPipelineSafeModeRule.java:process(140)) - SCM in safe mode. Healthy pipelines reported count is 0, required healthy pipeline reported count is 1
2024-01-08 10:08:25,484 [6df5c950-b1f8-41e9-a8bd-47cd1228c3d6-groupManagement] INFO  server.RaftServerConfigKeys (ConfUtils.java:logGet(46)) - raft.server.log.appender.buffer.byte-limit = 8388608 (custom)
2024-01-08 10:08:25,484 [6df5c950-b1f8-41e9-a8bd-47cd1228c3d6-groupManagement] INFO  server.RaftServerConfigKeys (ConfUtils.java:logGet(46)) - raft.server.log.unsafe-flush.enabled = false (default)
2024-01-08 10:08:25,484 [6df5c950-b1f8-41e9-a8bd-47cd1228c3d6-groupManagement] INFO  server.RaftServerConfigKeys (ConfUtils.java:logGet(46)) - raft.server.log.async-flush.enabled = false (default)
2024-01-08 10:08:25,488 [6df5c950-b1f8-41e9-a8bd-47cd1228c3d6-groupManagement] INFO  server.RaftServerConfigKeys (ConfUtils.java:logGet(46)) - raft.server.log.statemachine.data.caching.enabled = true (custom)
2024-01-08 10:08:25,489 [6df5c950-b1f8-41e9-a8bd-47cd1228c3d6-groupManagement] INFO  segmented.SegmentedRaftLogWorker (SegmentedRaftLogWorker.java:lambda$new$0(135)) - 6df5c950-b1f8-41e9-a8bd-47cd1228c3d6@group-68088C61FACB-SegmentedRaftLogWorker: flushIndex: setUnconditionally 0 -> -1
2024-01-08 10:08:25,489 [6df5c950-b1f8-41e9-a8bd-47cd1228c3d6-groupManagement] INFO  segmented.SegmentedRaftLogWorker (SegmentedRaftLogWorker.java:lambda$new$0(135)) - 6df5c950-b1f8-41e9-a8bd-47cd1228c3d6@group-68088C61FACB-SegmentedRaftLogWorker: safeCacheEvictIndex: setUnconditionally 0 -> -1
2024-01-08 10:08:25,489 [6df5c950-b1f8-41e9-a8bd-47cd1228c3d6-groupManagement] INFO  server.RaftServer$Division (RaftServerImpl.java:start(392)) - 6df5c950-b1f8-41e9-a8bd-47cd1228c3d6@group-68088C61FACB: start as a follower, conf=-1: peers:[6df5c950-b1f8-41e9-a8bd-47cd1228c3d6|10.1.0.19:15067]|listeners:[], old=null
2024-01-08 10:08:25,489 [6df5c950-b1f8-41e9-a8bd-47cd1228c3d6-groupManagement] INFO  server.RaftServer$Division (RaftServerImpl.java:setRole(379)) - 6df5c950-b1f8-41e9-a8bd-47cd1228c3d6@group-68088C61FACB: changes role from      null to FOLLOWER at term 0 for startAsFollower
2024-01-08 10:08:25,489 [6df5c950-b1f8-41e9-a8bd-47cd1228c3d6-groupManagement] INFO  impl.RoleInfo (RoleInfo.java:updateAndGet(139)) - 6df5c950-b1f8-41e9-a8bd-47cd1228c3d6: start 6df5c950-b1f8-41e9-a8bd-47cd1228c3d6@group-68088C61FACB-FollowerState
2024-01-08 10:08:25,491 [6df5c950-b1f8-41e9-a8bd-47cd1228c3d6-groupManagement] INFO  util.JmxRegister (JmxRegister.java:tryRegister(44)) - Successfully registered JMX Bean with object name Ratis:service=RaftServer,group=group-68088C61FACB,id=6df5c950-b1f8-41e9-a8bd-47cd1228c3d6
2024-01-08 10:08:25,492 [6df5c950-b1f8-41e9-a8bd-47cd1228c3d6-groupManagement] INFO  server.RaftServerConfigKeys (ConfUtils.java:logGet(46)) - raft.server.snapshot.trigger-when-stop.enabled = true (default)
2024-01-08 10:08:25,492 [6df5c950-b1f8-41e9-a8bd-47cd1228c3d6-groupManagement] INFO  server.RaftServerConfigKeys (ConfUtils.java:logGet(46)) - raft.server.snapshot.auto.trigger.enabled = true (custom)
2024-01-08 10:08:25,492 [6df5c950-b1f8-41e9-a8bd-47cd1228c3d6-groupManagement] INFO  server.RaftServerConfigKeys (ConfUtils.java:logGet(46)) - raft.server.snapshot.auto.trigger.threshold = 10000 (custom)
2024-01-08 10:08:25,492 [6df5c950-b1f8-41e9-a8bd-47cd1228c3d6-groupManagement] INFO  server.RaftServerConfigKeys (ConfUtils.java:logGet(46)) - raft.server.snapshot.retention.file.num = 5 (custom)
2024-01-08 10:08:25,492 [6df5c950-b1f8-41e9-a8bd-47cd1228c3d6-groupManagement] INFO  server.RaftServerConfigKeys (ConfUtils.java:logGet(46)) - raft.server.log.purge.upto.snapshot.index = false (default)
2024-01-08 10:08:25,492 [6df5c950-b1f8-41e9-a8bd-47cd1228c3d6@group-68088C61FACB-FollowerState] INFO  server.RaftServerConfigKeys (ConfUtils.java:logFallback(53)) - raft.server.rpc.first-election.timeout.min = 5s (fallback to raft.server.rpc.timeout.min)
2024-01-08 10:08:25,492 [6df5c950-b1f8-41e9-a8bd-47cd1228c3d6-PipelineCommandHandlerThread-0] INFO  ratis.XceiverServerRatis (XceiverServerRatis.java:addGroup(842)) - Created group PipelineID=bff21e03-de3f-4c06-9821-68088c61facb
2024-01-08 10:08:25,493 [6df5c950-b1f8-41e9-a8bd-47cd1228c3d6@group-68088C61FACB-FollowerState] INFO  server.RaftServerConfigKeys (ConfUtils.java:logFallback(53)) - raft.server.rpc.first-election.timeout.max = 5200ms (fallback to raft.server.rpc.timeout.max)
2024-01-08 10:08:25,493 [6df5c950-b1f8-41e9-a8bd-47cd1228c3d6-PipelineCommandHandlerThread-0] INFO  commandhandler.CreatePipelineCommandHandler (CreatePipelineCommandHandler.java:lambda$handle$2(124)) - Created Pipeline RATIS ONE PipelineID=bff21e03-de3f-4c06-9821-68088c61facb.
2024-01-08 10:08:25,513 [e6c09ac7-730a-4058-a1a8-e64ffc2fb789-PipelineCommandHandlerThread-0] INFO  commandhandler.CreatePipelineCommandHandler (CreatePipelineCommandHandler.java:lambda$handle$2(124)) - Created Pipeline RATIS THREE PipelineID=57157ebf-cb57-4f69-817d-8bea082c3750.
2024-01-08 10:08:25,513 [d591e5af-e8f5-464c-8a55-75d5e8fc5b83-PipelineCommandHandlerThread-0] INFO  commandhandler.CreatePipelineCommandHandler (CreatePipelineCommandHandler.java:lambda$handle$2(124)) - Created Pipeline RATIS THREE PipelineID=57157ebf-cb57-4f69-817d-8bea082c3750.
2024-01-08 10:08:26,348 [Mini-Cluster-Provider-Create] INFO  ozone.MiniOzoneClusterImpl (MiniOzoneClusterImpl.java:lambda$waitForClusterToBeReady$0(230)) - Nodes are ready. Got 3 of 3 DN Heartbeats.
2024-01-08 10:08:26,348 [Mini-Cluster-Provider-Create] INFO  ozone.MiniOzoneClusterImpl (MiniOzoneClusterImpl.java:lambda$waitForClusterToBeReady$0(233)) - Waiting for cluster to exit safe mode
2024-01-08 10:08:26,348 [Mini-Cluster-Provider-Create] INFO  ozone.MiniOzoneClusterImpl (MiniOzoneClusterImpl.java:lambda$waitForClusterToBeReady$0(235)) - SCM became leader
2024-01-08 10:08:26,674 [main] INFO  utils.DatanodeStoreCache (DatanodeStoreCache.java:shutdownCache(110)) - Skip clearing cache in mini cluster mode. Entries left: [/home/runner/work/ozone/ozone/hadoop-ozone/integration-test/target/test-dir/MiniOzoneClusterImpl-d16d6234-9da8-43a0-bd28-723006ad2f80/datanode-2/data-0/containers/hdds/d16d6234-9da8-43a0-bd28-723006ad2f80/DS-fab8642d-98ef-44bb-aa9c-9d59e70aea19/container.db, /home/runner/work/ozone/ozone/hadoop-ozone/integration-test/target/test-dir/MiniOzoneClusterImpl-fb8bf8f7-2439-41c0-942a-a4029f90a766/datanode-0/data-0/containers/hdds/fb8bf8f7-2439-41c0-942a-a4029f90a766/DS-a641c489-69e0-4ca8-b025-a2c62b83c62d/container.db, /home/runner/work/ozone/ozone/hadoop-ozone/integration-test/target/test-dir/MiniOzoneClusterImpl-fb8bf8f7-2439-41c0-942a-a4029f90a766/datanode-1/data-0/containers/hdds/fb8bf8f7-2439-41c0-942a-a4029f90a766/DS-ddfcd824-c60b-4f3a-a7e1-d4e04094a105/container.db, /home/runner/work/ozone/ozone/hadoop-ozone/integration-test/target/test-dir/MiniOzoneClusterImpl-fb8bf8f7-2439-41c0-942a-a4029f90a766/datanode-2/data-0/containers/hdds/fb8bf8f7-2439-41c0-942a-a4029f90a766/DS-7e32ced9-65d3-459f-ae24-bbbe6d4e57f9/container.db]
2024-01-08 10:08:26,676 [main] INFO  utils.DatanodeStoreCache (DatanodeStoreCache.java:removeDB(104)) - Removed db /home/runner/work/ozone/ozone/hadoop-ozone/integration-test/target/test-dir/MiniOzoneClusterImpl-d16d6234-9da8-43a0-bd28-723006ad2f80/datanode-2/data-0/containers/hdds/d16d6234-9da8-43a0-bd28-723006ad2f80/DS-fab8642d-98ef-44bb-aa9c-9d59e70aea19/container.db from cache
2024-01-08 10:08:26,676 [main] INFO  volume.HddsVolume (HddsVolume.java:closeDbStore(451)) - SchemaV3 db is stopped at /home/runner/work/ozone/ozone/hadoop-ozone/integration-test/target/test-dir/MiniOzoneClusterImpl-d16d6234-9da8-43a0-bd28-723006ad2f80/datanode-2/data-0/containers/hdds/d16d6234-9da8-43a0-bd28-723006ad2f80/DS-fab8642d-98ef-44bb-aa9c-9d59e70aea19/container.db for volume DS-fab8642d-98ef-44bb-aa9c-9d59e70aea19
2024-01-08 10:08:26,677 [main] INFO  utils.BackgroundService (BackgroundService.java:shutdown(160)) - Shutting down service BlockDeletingService
2024-01-08 10:08:26,677 [main] INFO  utils.BackgroundService (BackgroundService.java:shutdown(160)) - Shutting down service StaleRecoveringContainerScrubbingService
2024-01-08 10:08:26,678 [main] INFO  statemachine.DatanodeStateMachine (DatanodeStateMachine.java:stopDaemon(638)) - Ozone container server stopped.
2024-01-08 10:08:26,680 [main] INFO  handler.ContextHandler (ContextHandler.java:doStop(1159)) - Stopped o.e.j.w.WebAppContext@41bb906e{hddsDatanode,/,null,STOPPED}{jar:file:/home/runner/.m2/repository/org/apache/ozone/hdds-container-service/1.5.0-SNAPSHOT/hdds-container-service-1.5.0-SNAPSHOT.jar!/webapps/hddsDatanode}
2024-01-08 10:08:26,681 [main] INFO  server.AbstractConnector (AbstractConnector.java:doStop(383)) - Stopped ServerConnector@3aac58a{HTTP/1.1, (http/1.1)}{0.0.0.0:15027}
2024-01-08 10:08:26,681 [main] INFO  server.session (HouseKeeper.java:stopScavenging(149)) - node0 Stopped scavenging
2024-01-08 10:08:26,682 [main] INFO  handler.ContextHandler (ContextHandler.java:doStop(1159)) - Stopped o.e.j.s.ServletContextHandler@3a195731{static,/static,jar:file:/home/runner/.m2/repository/org/apache/ozone/hdds-container-service/1.5.0-SNAPSHOT/hdds-container-service-1.5.0-SNAPSHOT.jar!/webapps/static,STOPPED}
2024-01-08 10:08:26,682 [main] INFO  handler.ContextHandler (ContextHandler.java:doStop(1159)) - Stopped o.e.j.s.ServletContextHandler@1c4ea54e{logs,/logs,file:///home/runner/work/ozone/ozone/hadoop-ozone/integration-test/target/log,STOPPED}
2024-01-08 10:08:26,683 [main] INFO  ozone.HddsDatanodeClientProtocolServer (HddsDatanodeClientProtocolServer.java:stop(78)) - Stopping the RPC server for Client Protocol
2024-01-08 10:08:26,683 [main] INFO  ipc.Server (Server.java:stop(3523)) - Stopping server on 15028
2024-01-08 10:08:26,684 [IPC Server listener on 15028] INFO  ipc.Server (Server.java:run(1434)) - Stopping IPC Server listener on 15028
2024-01-08 10:08:26,684 [IPC Server Responder] INFO  ipc.Server (Server.java:run(1567)) - Stopping IPC Server Responder
2024-01-08 10:08:26,685 [main] INFO  ozone.MiniOzoneClusterImpl (MiniOzoneClusterImpl.java:restartStorageContainerManager(364)) - Restarting SCM in cluster class org.apache.hadoop.ozone.MiniOzoneClusterImpl
2024-01-08 10:08:26,685 [main] INFO  server.StorageContainerManager (StorageContainerManager.java:stop(1654)) - Container Balancer is not running.
2024-01-08 10:08:26,685 [main] INFO  server.StorageContainerManager (StorageContainerManager.java:stopReplicationManager(1787)) - Stopping Replication Manager Service.
2024-01-08 10:08:26,686 [main] INFO  replication.ReplicationManager (ReplicationManager.java:stop(326)) - Stopping Replication Monitor Thread.
2024-01-08 10:08:26,686 [main] INFO  server.StorageContainerManager (StorageContainerManager.java:stop(1663)) - Stopping the Datanode Admin Monitor.
2024-01-08 10:08:26,686 [ReplicationMonitor] INFO  replication.ReplicationManager (ReplicationManager.java:run(933)) - Replication Monitor Thread is stopped
2024-01-08 10:08:26,686 [main] INFO  server.StorageContainerManager (StorageContainerManager.java:stop(1670)) - Stopping datanode service RPC server
2024-01-08 10:08:26,686 [UnderReplicatedProcessor] WARN  replication.UnhealthyReplicationProcessor (UnhealthyReplicationProcessor.java:run(180)) - UnderReplicatedProcessor interrupted. Exiting...
2024-01-08 10:08:26,686 [OverReplicatedProcessor] WARN  replication.UnhealthyReplicationProcessor (UnhealthyReplicationProcessor.java:run(180)) - OverReplicatedProcessor interrupted. Exiting...
2024-01-08 10:08:26,686 [main] INFO  server.SCMDatanodeProtocolServer (SCMDatanodeProtocolServer.java:stop(424)) - Stopping the RPC server for DataNodes
2024-01-08 10:08:26,687 [main] INFO  ipc.Server (Server.java:stop(3523)) - Stopping server on 15002
2024-01-08 10:08:26,688 [IPC Server listener on 15002] INFO  ipc.Server (Server.java:run(1434)) - Stopping IPC Server listener on 15002
2024-01-08 10:08:26,688 [IPC Server Responder] INFO  ipc.Server (Server.java:run(1567)) - Stopping IPC Server Responder
2024-01-08 10:08:26,727 [SCMHeartbeatProcessor-0] WARN  node.NodeStateManager (NodeStateManager.java:scheduleNextHealthCheck(878)) - Current Thread is interrupted, shutting down HB processing thread for Node Manager.
2024-01-08 10:08:26,727 [main] INFO  server.StorageContainerManager (StorageContainerManager.java:stop(1678)) - Stopping block service RPC server
2024-01-08 10:08:26,727 [main] INFO  server.SCMBlockProtocolServer (SCMBlockProtocolServer.java:stop(168)) - Stopping the RPC server for Block Protocol
2024-01-08 10:08:26,727 [main] INFO  ipc.Server (Server.java:stop(3523)) - Stopping server on 15001
2024-01-08 10:08:26,728 [IPC Server listener on 15001] INFO  ipc.Server (Server.java:run(1434)) - Stopping IPC Server listener on 15001
2024-01-08 10:08:26,728 [IPC Server Responder] INFO  ipc.Server (Server.java:run(1567)) - Stopping IPC Server Responder
2024-01-08 10:08:26,728 [main] INFO  server.StorageContainerManager (StorageContainerManager.java:stop(1685)) - Stopping the StorageContainerLocationProtocol RPC server
2024-01-08 10:08:26,729 [main] INFO  server.SCMClientProtocolServer (SCMClientProtocolServer.java:stop(210)) - Stopping the RPC server for Client Protocol
2024-01-08 10:08:26,729 [main] INFO  ipc.Server (Server.java:stop(3523)) - Stopping server on 15000
2024-01-08 10:08:26,730 [IPC Server listener on 15000] INFO  ipc.Server (Server.java:run(1434)) - Stopping IPC Server listener on 15000
2024-01-08 10:08:26,730 [IPC Server Responder] INFO  ipc.Server (Server.java:run(1567)) - Stopping IPC Server Responder
2024-01-08 10:08:26,730 [main] INFO  server.StorageContainerManager (StorageContainerManager.java:stop(1692)) - Stopping Storage Container Manager HTTP server.
2024-01-08 10:08:26,731 [main] INFO  handler.ContextHandler (ContextHandler.java:doStop(1159)) - Stopped o.e.j.w.WebAppContext@29ae595a{scm,/,null,STOPPED}{file:/home/runner/work/ozone/ozone/hadoop-ozone/integration-test/target/test-classes/webapps/scm}
2024-01-08 10:08:26,732 [main] INFO  server.AbstractConnector (AbstractConnector.java:doStop(383)) - Stopped ServerConnector@3dde4817{HTTP/1.1, (http/1.1)}{0.0.0.0:15003}
2024-01-08 10:08:26,732 [main] INFO  server.session (HouseKeeper.java:stopScavenging(149)) - node0 Stopped scavenging
2024-01-08 10:08:26,732 [main] INFO  handler.ContextHandler (ContextHandler.java:doStop(1159)) - Stopped o.e.j.s.ServletContextHandler@6e9533e9{static,/static,file:///home/runner/work/ozone/ozone/hadoop-ozone/integration-test/target/test-classes/webapps/static,STOPPED}
2024-01-08 10:08:26,732 [main] INFO  handler.ContextHandler (ContextHandler.java:doStop(1159)) - Stopped o.e.j.s.ServletContextHandler@50cf5b3a{logs,/logs,file:///home/runner/work/ozone/ozone/hadoop-ozone/integration-test/target/log,STOPPED}
2024-01-08 10:08:26,733 [main] INFO  server.StorageContainerManager (StorageContainerManager.java:stop(1700)) - Stopping SCM LayoutVersionManager Service.
2024-01-08 10:08:26,733 [main] INFO  server.StorageContainerManager (StorageContainerManager.java:stop(1712)) - Stopping Block Manager Service.
2024-01-08 10:08:26,733 [main] INFO  utils.BackgroundService (BackgroundService.java:shutdown(160)) - Shutting down service SCMBlockDeletingService
2024-01-08 10:08:26,734 [main] INFO  utils.BackgroundService (BackgroundService.java:shutdown(160)) - Shutting down service SCMBlockDeletingService
2024-01-08 10:08:26,734 [main] INFO  server.StorageContainerManager (StorageContainerManager.java:stop(1732)) - Stopping SCM Event Queue.
2024-01-08 10:08:26,735 [JvmPauseMonitor0] INFO  util.JvmPauseMonitor (JvmPauseMonitor.java:run(152)) - JvmPauseMonitor-729a6255-0a46-4a06-9d0b-725172a9ca4c: Stopped
2024-01-08 10:08:26,735 [main] INFO  server.StorageContainerManager (StorageContainerManager.java:stop(1743)) - Stopping SCM HA services.
2024-01-08 10:08:26,736 [main] INFO  pipeline.BackgroundPipelineCreator (BackgroundPipelineCreator.java:stop(152)) - Stopping RatisPipelineUtilsThread.
2024-01-08 10:08:26,736 [RatisPipelineUtilsThread-0] WARN  pipeline.BackgroundPipelineCreator (BackgroundPipelineCreator.java:run(183)) - RatisPipelineUtilsThread is interrupted.
2024-01-08 10:08:26,736 [main] INFO  BackgroundPipelineScrubber (BackgroundSCMService.java:stop(131)) - Stopping BackgroundPipelineScrubber Service.
2024-01-08 10:08:26,736 [BackgroundPipelineScrubber] WARN  BackgroundPipelineScrubber (BackgroundSCMService.java:run(115)) - BackgroundPipelineScrubber is interrupted, exit
2024-01-08 10:08:26,737 [main] INFO  impl.MetricsSystemImpl (MetricsSystemImpl.java:stop(210)) - Stopping HddsDatanode metrics system...
2024-01-08 10:08:26,741 [prometheus] INFO  impl.MetricsSinkAdapter (MetricsSinkAdapter.java:publishMetricsFromQueue(141)) - prometheus thread interrupted.
2024-01-08 10:08:26,741 [main] INFO  impl.MetricsSystemImpl (MetricsSystemImpl.java:stop(216)) - HddsDatanode metrics system stopped.
2024-01-08 10:08:26,742 [main] WARN  pipeline.BackgroundPipelineCreator (BackgroundPipelineCreator.java:stop(148)) - RatisPipelineUtilsThread is not running, just ignore.
2024-01-08 10:08:26,742 [main] INFO  BackgroundPipelineScrubber (BackgroundSCMService.java:stop(126)) - BackgroundPipelineScrubber Service is not running, skip stop.
2024-01-08 10:08:26,742 [main] INFO  ExpiredContainerReplicaOpScrubber (BackgroundSCMService.java:stop(131)) - Stopping ExpiredContainerReplicaOpScrubber Service.
2024-01-08 10:08:26,742 [ExpiredContainerReplicaOpScrubber] WARN  ExpiredContainerReplicaOpScrubber (BackgroundSCMService.java:run(115)) - ExpiredContainerReplicaOpScrubber is interrupted, exit
2024-01-08 10:08:26,743 [main] INFO  utils.BackgroundService (BackgroundService.java:shutdown(160)) - Shutting down service SCMBlockDeletingService
2024-01-08 10:08:26,743 [main] INFO  replication.ReplicationManager (ReplicationManager.java:stop(336)) - Replication Monitor Thread is not running.
2024-01-08 10:08:26,743 [main] WARN  balancer.ContainerBalancer (ContainerBalancer.java:stop(327)) - Cannot stop Container Balancer because it's not running or stopping
2024-01-08 10:08:26,743 [LeaseManager#LeaseMonitor] WARN  lease.LeaseManager (LeaseManager.java:run(287)) - Lease manager is interrupted. Shutting down...
java.lang.InterruptedException
	at java.util.concurrent.locks.AbstractQueuedSynchronizer.doAcquireSharedNanos(AbstractQueuedSynchronizer.java:1039)
	at java.util.concurrent.locks.AbstractQueuedSynchronizer.tryAcquireSharedNanos(AbstractQueuedSynchronizer.java:1328)
	at java.util.concurrent.Semaphore.tryAcquire(Semaphore.java:409)
	at org.apache.hadoop.ozone.lease.LeaseManager$LeaseMonitor.run(LeaseManager.java:285)
	at java.lang.Thread.run(Thread.java:750)
2024-01-08 10:08:26,743 [main] INFO  server.StorageContainerManager (StorageContainerManager.java:stop(1778)) - Stopping SCM MetadataStore.
2024-01-08 10:08:26,745 [main] WARN  server.ServerUtils (ServerUtils.java:getScmDbDir(155)) - ozone.scm.db.dirs is not configured. We recommend adding this setting. Falling back to ozone.metadata.dirs instead.
2024-01-08 10:08:26,745 [main] INFO  ha.SCMHANodeDetails (SCMHANodeDetails.java:loadSCMHAConfig(207)) - ServiceID for StorageContainerManager is null
2024-01-08 10:08:26,745 [main] INFO  ha.SCMHANodeDetails (SCMHANodeDetails.java:loadSCMHAConfig(212)) - ozone.scm.default.service.id is not defined, falling back to ozone.scm.service.ids to find serviceID for StorageContainerManager if it is HA enabled cluster
2024-01-08 10:08:26,746 [main] WARN  utils.HAUtils (HAUtils.java:getMetaDir(339)) - ozone.scm.db.dirs is not configured. We recommend adding this setting. Falling back to ozone.metadata.dirs instead.
2024-01-08 10:08:26,746 [main] WARN  db.DBStoreBuilder (DBStoreBuilder.java:applyDBDefinition(167)) - ozone.scm.db.dirs is not configured. We recommend adding this setting. Falling back to ozone.metadata.dirs instead.
2024-01-08 10:08:26,776 [main] INFO  net.NodeSchemaLoader (NodeSchemaLoader.java:loadSchemaFromFile(129)) - Loading schema from [jar:file:/home/runner/.m2/repository/org/apache/ozone/hdds-common/1.5.0-SNAPSHOT/hdds-common-1.5.0-SNAPSHOT.jar!/network-topology-default.xml]
2024-01-08 10:08:26,776 [main] INFO  net.NodeSchemaLoader (NodeSchemaLoader.java:loadSchema(176)) - Loading network topology layer schema file
2024-01-08 10:08:26,778 [main] INFO  upgrade.AbstractLayoutVersionManager (AbstractLayoutVersionManager.java:init(83)) - Initializing Layout version manager with metadata layout = HADOOP_PRC_PORTS_IN_DATANODEDETAILS (version = 7), software layout = HADOOP_PRC_PORTS_IN_DATANODEDETAILS (version = 7)
2024-01-08 10:08:26,781 [main] INFO  ha.SequenceIdGenerator (SequenceIdGenerator.java:<init>(241)) - Init the HA SequenceIdGenerator.
2024-01-08 10:08:26,781 [main] WARN  server.ServerUtils (ServerUtils.java:sanitizeUserArgs(80)) - ozone.scm.stale.node.interval value = 300000 is larger than max = 100000 based on the key value of ozone.scm.heartbeat.thread.interval, reset to the max value 100000.
2024-01-08 10:08:26,781 [main] WARN  server.ServerUtils (ServerUtils.java:sanitizeUserArgs(80)) - ozone.scm.stale.node.interval value = 300000 is larger than max = 100000 based on the key value of ozone.scm.heartbeat.thread.interval, reset to the max value 100000.
2024-01-08 10:08:26,782 [main] INFO  node.SCMNodeManager (SCMNodeManager.java:<init>(173)) - Entering startup safe mode.
2024-01-08 10:08:26,782 [main] INFO  algorithms.ContainerPlacementPolicyFactory (ContainerPlacementPolicyFactory.java:getPolicyInternal(86)) - Create container placement policy of type org.apache.hadoop.hdds.scm.container.placement.algorithms.SCMContainerPlacementRackAware
2024-01-08 10:08:26,782 [main] INFO  algorithms.ContainerPlacementPolicyFactory (ContainerPlacementPolicyFactory.java:getPolicyInternal(86)) - Create container placement policy of type org.apache.hadoop.hdds.scm.container.placement.algorithms.SCMContainerPlacementRackScatter
2024-01-08 10:08:26,785 [main] INFO  algorithms.LeaderChoosePolicyFactory (LeaderChoosePolicyFactory.java:getPolicy(57)) - Create leader choose policy of type org.apache.hadoop.hdds.scm.pipeline.leader.choose.algorithms.MinLeaderCountChoosePolicy
2024-01-08 10:08:26,785 [main] INFO  algorithms.ContainerPlacementPolicyFactory (ContainerPlacementPolicyFactory.java:getPolicyInternal(86)) - Create container placement policy of type org.apache.hadoop.hdds.scm.container.placement.algorithms.SCMContainerPlacementRackScatter
2024-01-08 10:08:26,786 [main] INFO  ha.SCMServiceManager (SCMServiceManager.java:register(42)) - Registering service BackgroundPipelineCreator.
2024-01-08 10:08:26,786 [main] INFO  pipeline.BackgroundPipelineCreator (BackgroundPipelineCreator.java:start(127)) - Starting RatisPipelineUtilsThread.
2024-01-08 10:08:26,786 [main] INFO  BackgroundPipelineScrubber (BackgroundSCMService.java:start(68)) - Starting BackgroundPipelineScrubber Service.
2024-01-08 10:08:26,786 [main] INFO  ha.SCMServiceManager (SCMServiceManager.java:register(42)) - Registering service BackgroundPipelineScrubber.
2024-01-08 10:08:26,787 [main] INFO  ExpiredContainerReplicaOpScrubber (BackgroundSCMService.java:start(68)) - Starting ExpiredContainerReplicaOpScrubber Service.
2024-01-08 10:08:26,787 [main] INFO  ha.SCMServiceManager (SCMServiceManager.java:register(42)) - Registering service ExpiredContainerReplicaOpScrubber.
2024-01-08 10:08:26,788 [main] INFO  algorithms.PipelineChoosePolicyFactory (PipelineChoosePolicyFactory.java:createPipelineChoosePolicyFromClass(78)) - Create pipeline choose policy of type org.apache.hadoop.hdds.scm.pipeline.choose.algorithms.RandomPipelineChoosePolicy
2024-01-08 10:08:26,788 [main] INFO  algorithms.PipelineChoosePolicyFactory (PipelineChoosePolicyFactory.java:createPipelineChoosePolicyFromClass(78)) - Create pipeline choose policy of type org.apache.hadoop.hdds.scm.pipeline.choose.algorithms.RandomPipelineChoosePolicy
2024-01-08 10:08:26,788 [main] INFO  ha.SCMServiceManager (SCMServiceManager.java:register(42)) - Registering service SCMBlockDeletingService.
2024-01-08 10:08:26,789 [main] INFO  replication.ReplicationManager (ReplicationManager.java:start(294)) - Starting Replication Monitor Thread.
2024-01-08 10:08:26,790 [ReplicationMonitor] INFO  replication.ReplicationManager (ReplicationManager.java:processAll(369)) - Replication Manager is not ready to run until 3000ms after safemode exit
2024-01-08 10:08:26,790 [main] INFO  ha.SCMServiceManager (SCMServiceManager.java:register(42)) - Registering service ReplicationManager.
2024-01-08 10:08:26,791 [main] INFO  safemode.ContainerSafeModeRule (ContainerSafeModeRule.java:<init>(91)) - containers with one replica threshold count 0
2024-01-08 10:08:26,795 [main] INFO  safemode.HealthyPipelineSafeModeRule (HealthyPipelineSafeModeRule.java:initializeRule(176)) - Total pipeline count is 2, healthy pipeline threshold count is 1
2024-01-08 10:08:26,795 [main] INFO  safemode.OneReplicaPipelineSafeModeRule (OneReplicaPipelineSafeModeRule.java:initializeRule(193)) - Total pipeline count is 2, pipeline's with at least one datanode reported threshold count is 2
2024-01-08 10:08:26,796 [main] INFO  server.StorageContainerManager (StorageContainerManager.java:<init>(440)) - SCM start with adminUsers: [runner]
2024-01-08 10:08:26,796 [main] INFO  ipc.CallQueueManager (CallQueueManager.java:<init>(90)) - Using callQueue: class java.util.concurrent.LinkedBlockingQueue, queueCapacity: 2000, scheduler: class org.apache.hadoop.ipc.DefaultRpcScheduler, ipcBackoff: false.
2024-01-08 10:08:26,796 [main] INFO  ipc.Server (Server.java:<init>(1287)) - Listener at 0.0.0.0:15002
2024-01-08 10:08:26,797 [Socket Reader #1 for port 15002] INFO  ipc.Server (Server.java:run(1323)) - Starting Socket Reader #1 for port 15002
2024-01-08 10:08:26,798 [main] INFO  ipc.CallQueueManager (CallQueueManager.java:<init>(90)) - Using callQueue: class java.util.concurrent.LinkedBlockingQueue, queueCapacity: 2000, scheduler: class org.apache.hadoop.ipc.DefaultRpcScheduler, ipcBackoff: false.
2024-01-08 10:08:26,798 [main] INFO  ipc.Server (Server.java:<init>(1287)) - Listener at 0.0.0.0:15001
2024-01-08 10:08:26,798 [Socket Reader #1 for port 15001] INFO  ipc.Server (Server.java:run(1323)) - Starting Socket Reader #1 for port 15001
2024-01-08 10:08:26,800 [main] INFO  ipc.CallQueueManager (CallQueueManager.java:<init>(90)) - Using callQueue: class java.util.concurrent.LinkedBlockingQueue, queueCapacity: 2000, scheduler: class org.apache.hadoop.ipc.DefaultRpcScheduler, ipcBackoff: false.
2024-01-08 10:08:26,800 [main] INFO  ipc.Server (Server.java:<init>(1287)) - Listener at 0.0.0.0:15000
2024-01-08 10:08:26,800 [Socket Reader #1 for port 15000] INFO  ipc.Server (Server.java:run(1323)) - Starting Socket Reader #1 for port 15000
2024-01-08 10:08:26,804 [main] INFO  ha.SCMServiceManager (SCMServiceManager.java:register(42)) - Registering service ContainerBalancer.
2024-01-08 10:08:26,804 [main] INFO  server.StorageContainerManager (StorageContainerManager.java:<init>(453)) - 
Container Balancer status:
Key                            Value
Running                        false
Container Balancer Configuration values:
Key                                                Value
Threshold                                          10
Max Datanodes to Involve per Iteration(percent)    20
Max Size to Move per Iteration                     500GB
Max Size Entering Target per Iteration             26GB
Max Size Leaving Source per Iteration              26GB
Number of Iterations                               10
Time Limit for Single Container's Movement         65min
Time Limit for Single Container's Replication      50min
Interval between each Iteration                    70min
Whether to Enable Network Topology                 false
Whether to Trigger Refresh Datanode Usage Info     false
Container IDs to Exclude from Balancing            None
Datanodes Specified to be Balanced                 None
Datanodes Excluded from Balancing                  None

2024-01-08 10:08:26,805 [main] INFO  ha.SCMContext (SCMContext.java:updateSafeModeStatus(230)) - Update SafeModeStatus from SafeModeStatus{safeModeStatus=true, preCheckPassed=false} to SafeModeStatus{safeModeStatus=true, preCheckPassed=false}.
2024-01-08 10:08:26,805 [main] INFO  server.StorageContainerManager (StorageContainerManager.java:start(1546)) - StorageContainerLocationProtocol RPC server is listening at /0.0.0.0:15000
2024-01-08 10:08:26,806 [main] WARN  impl.MetricsConfig (MetricsConfig.java:loadFirst(136)) - Cannot locate configuration: tried hadoop-metrics2-storagecontainermanager.properties,hadoop-metrics2.properties
2024-01-08 10:08:26,807 [main] INFO  impl.MetricsSystemImpl (MetricsSystemImpl.java:startTimer(378)) - Scheduled Metric snapshot period at 10 second(s).
2024-01-08 10:08:26,807 [main] INFO  impl.MetricsSystemImpl (MetricsSystemImpl.java:start(191)) - StorageContainerManager metrics system started
2024-01-08 10:08:26,816 [main] INFO  impl.MetricsSinkAdapter (MetricsSinkAdapter.java:start(204)) - Sink prometheus started
2024-01-08 10:08:26,816 [main] INFO  impl.MetricsSystemImpl (MetricsSystemImpl.java:registerSink(305)) - Registered sink prometheus
2024-01-08 10:08:26,827 [main] INFO  lib.Interns (Interns.java:removeEldestEntry(50)) - Metrics intern cache overflow at 2011 for MetricsSystem={MetricsSystem=MetricsInfoImpl{name=MetricsSystem, description=MetricsSystem}, MetricsSystem record=MetricsInfoImpl{name=MetricsSystem, description=MetricsSystem record}}
2024-01-08 10:08:26,848 [main] INFO  server.SCMClientProtocolServer (SCMClientProtocolServer.java:start(201)) - RPC server for Client  is listening at /0.0.0.0:15000
2024-01-08 10:08:26,848 [IPC Server Responder] INFO  ipc.Server (Server.java:run(1562)) - IPC Server Responder: starting
2024-01-08 10:08:26,848 [IPC Server listener on 15000] INFO  ipc.Server (Server.java:run(1402)) - IPC Server listener on 15000: starting
2024-01-08 10:08:26,852 [main] INFO  server.StorageContainerManager (StorageContainerManager.java:start(1559)) - ScmBlockLocationProtocol RPC server is listening at /0.0.0.0:15001
2024-01-08 10:08:26,853 [main] INFO  server.SCMBlockProtocolServer (SCMBlockProtocolServer.java:start(159)) - RPC server for Block Protocol is listening at /0.0.0.0:15001
2024-01-08 10:08:26,853 [IPC Server Responder] INFO  ipc.Server (Server.java:run(1562)) - IPC Server Responder: starting
2024-01-08 10:08:26,853 [IPC Server listener on 15001] INFO  ipc.Server (Server.java:run(1402)) - IPC Server listener on 15001: starting
2024-01-08 10:08:26,855 [main] INFO  server.SCMDatanodeProtocolServer (SCMDatanodeProtocolServer.java:start(193)) - ScmDatanodeProtocol RPC server for DataNodes is listening at /0.0.0.0:15002
2024-01-08 10:08:26,855 [IPC Server Responder] INFO  ipc.Server (Server.java:run(1562)) - IPC Server Responder: starting
2024-01-08 10:08:26,855 [IPC Server listener on 15002] INFO  ipc.Server (Server.java:run(1402)) - IPC Server listener on 15002: starting
2024-01-08 10:08:26,865 [JvmPauseMonitor10] INFO  util.JvmPauseMonitor (JvmPauseMonitor.java:run(146)) - JvmPauseMonitor-729a6255-0a46-4a06-9d0b-725172a9ca4c: Started
2024-01-08 10:08:26,867 [main] INFO  http.BaseHttpServer (BaseHttpServer.java:newHttpServer2BuilderForOzone(223)) - Starting Web-server for scm at: http://0.0.0.0:15003
2024-01-08 10:08:26,867 [main] INFO  http.BaseHttpServer (BaseHttpServer.java:<init>(110)) - Hadoop Security Enabled: false Ozone Security Enabled: false Ozone HTTP Security Enabled: false 
2024-01-08 10:08:26,868 [main] WARN  server.AuthenticationFilter (AuthenticationFilter.java:constructSecretProvider(240)) - Unable to initialize FileSignerSecretProvider, falling back to use random secrets. Reason: Could not read signature secret file: /home/runner/hadoop-http-auth-signature-secret
2024-01-08 10:08:26,869 [main] INFO  http.HttpRequestLog (HttpRequestLog.java:getRequestLog(86)) - Http request log for http.requests.scm is not defined
2024-01-08 10:08:26,871 [main] INFO  http.HttpServer2 (HttpServer2.java:addGlobalFilter(1036)) - Added global filter 'safety' (class=org.apache.hadoop.hdds.server.http.HttpServer2$QuotingInputFilter)
2024-01-08 10:08:26,871 [main] INFO  http.HttpServer2 (HttpServer2.java:addFilter(1012)) - Added filter static_user_filter (class=org.apache.hadoop.http.lib.StaticUserWebFilter$StaticUserFilter) to context scm
2024-01-08 10:08:26,871 [main] INFO  http.HttpServer2 (HttpServer2.java:addFilter(1020)) - Added filter static_user_filter (class=org.apache.hadoop.http.lib.StaticUserWebFilter$StaticUserFilter) to context logs
2024-01-08 10:08:26,871 [main] INFO  http.HttpServer2 (HttpServer2.java:addFilter(1020)) - Added filter static_user_filter (class=org.apache.hadoop.http.lib.StaticUserWebFilter$StaticUserFilter) to context static
2024-01-08 10:08:26,872 [main] INFO  http.BaseHttpServer (BaseHttpServer.java:<init>(189)) - HTTP server of scm uses base directory /home/runner/work/ozone/ozone/hadoop-ozone/integration-test/target/test-dir/MiniOzoneClusterImpl-d16d6234-9da8-43a0-bd28-723006ad2f80/ozone-meta/webserver
2024-01-08 10:08:26,872 [main] INFO  http.HttpServer2 (HttpServer2.java:bindListener(1236)) - Jetty bound to port 15003
2024-01-08 10:08:26,873 [main] INFO  server.Server (Server.java:doStart(375)) - jetty-9.4.53.v20231009; built: 2023-10-09T12:29:09.265Z; git: 27bde00a0b95a1d5bbee0eae7984f891d2d0f8c9; jvm 1.8.0_392-b08
2024-01-08 10:08:26,874 [main] INFO  server.session (DefaultSessionIdManager.java:doStart(334)) - DefaultSessionIdManager workerName=node0
2024-01-08 10:08:26,874 [main] INFO  server.session (DefaultSessionIdManager.java:doStart(339)) - No SessionScavenger set, using defaults
2024-01-08 10:08:26,874 [main] INFO  server.session (HouseKeeper.java:startScavenging(132)) - node0 Scavenging every 660000ms
2024-01-08 10:08:26,875 [main] INFO  handler.ContextHandler (ContextHandler.java:doStart(921)) - Started o.e.j.s.ServletContextHandler@15605d83{logs,/logs,file:///home/runner/work/ozone/ozone/hadoop-ozone/integration-test/target/log,AVAILABLE}
2024-01-08 10:08:26,875 [main] INFO  handler.ContextHandler (ContextHandler.java:doStart(921)) - Started o.e.j.s.ServletContextHandler@4c18516{static,/static,file:///home/runner/work/ozone/ozone/hadoop-ozone/integration-test/target/test-classes/webapps/static,AVAILABLE}
2024-01-08 10:08:26,879 [main] INFO  handler.ContextHandler (ContextHandler.java:doStart(921)) - Started o.e.j.w.WebAppContext@6d0e45a5{scm,/,file:///home/runner/work/ozone/ozone/hadoop-ozone/integration-test/target/test-classes/webapps/scm/,AVAILABLE}{file:/home/runner/work/ozone/ozone/hadoop-ozone/integration-test/target/test-classes/webapps/scm}
2024-01-08 10:08:26,882 [main] INFO  server.AbstractConnector (AbstractConnector.java:doStart(333)) - Started ServerConnector@24134cbc{HTTP/1.1, (http/1.1)}{0.0.0.0:15003}
2024-01-08 10:08:26,882 [main] INFO  server.Server (Server.java:doStart(415)) - Started @28697ms
2024-01-08 10:08:26,882 [main] WARN  impl.MetricsSystemImpl (MetricsSystemImpl.java:register(279)) - Sink prometheus already exists!
2024-01-08 10:08:26,882 [main] INFO  http.BaseHttpServer (BaseHttpServer.java:updateConnectorAddress(354)) - HTTP server of scm listening at http://0.0.0.0:15003
2024-01-08 10:08:26,887 [IPC Server handler 7 on default port 15004] INFO  retry.RetryInvocationHandler (RetryInvocationHandler.java:log(422)) - com.google.protobuf.ServiceException: java.io.EOFException: End of File Exception between local host is: "fv-az1117-812/10.1.0.19"; destination host is: "0.0.0.0":15000; : java.io.EOFException; For more details see:  http://wiki.apache.org/hadoop/EOFException, while invoking $Proxy45.submitRequest over nodeId=scmNodeId,nodeAddress=/0.0.0.0:15000. Trying to failover after sleeping for 2000ms. Current retry count: 0.
2024-01-08 10:08:27,348 [Mini-Cluster-Provider-Create] INFO  ozone.MiniOzoneClusterImpl (MiniOzoneClusterImpl.java:lambda$waitForClusterToBeReady$0(230)) - Nodes are ready. Got 3 of 3 DN Heartbeats.
2024-01-08 10:08:27,348 [Mini-Cluster-Provider-Create] INFO  ozone.MiniOzoneClusterImpl (MiniOzoneClusterImpl.java:lambda$waitForClusterToBeReady$0(233)) - Waiting for cluster to exit safe mode
2024-01-08 10:08:27,348 [Mini-Cluster-Provider-Create] INFO  ozone.MiniOzoneClusterImpl (MiniOzoneClusterImpl.java:lambda$waitForClusterToBeReady$0(235)) - SCM became leader
2024-01-08 10:08:28,348 [Mini-Cluster-Provider-Create] INFO  ozone.MiniOzoneClusterImpl (MiniOzoneClusterImpl.java:lambda$waitForClusterToBeReady$0(230)) - Nodes are ready. Got 3 of 3 DN Heartbeats.
2024-01-08 10:08:28,348 [Mini-Cluster-Provider-Create] INFO  ozone.MiniOzoneClusterImpl (MiniOzoneClusterImpl.java:lambda$waitForClusterToBeReady$0(233)) - Waiting for cluster to exit safe mode
2024-01-08 10:08:28,348 [Mini-Cluster-Provider-Create] INFO  ozone.MiniOzoneClusterImpl (MiniOzoneClusterImpl.java:lambda$waitForClusterToBeReady$0(235)) - SCM became leader
2024-01-08 10:08:28,895 [IPC Server handler 2 on default port 15000] INFO  safemode.SCMSafeModeManager (SCMSafeModeManager.java:exitSafeMode(244)) - SCM exiting safe mode.
2024-01-08 10:08:28,895 [IPC Server handler 2 on default port 15000] INFO  ha.SCMContext (SCMContext.java:updateSafeModeStatus(230)) - Update SafeModeStatus from SafeModeStatus{safeModeStatus=true, preCheckPassed=false} to SafeModeStatus{safeModeStatus=false, preCheckPassed=true}.
2024-01-08 10:08:28,896 [IPC Server handler 2 on default port 15000] INFO  pipeline.BackgroundPipelineCreator (BackgroundPipelineCreator.java:notifyStatusChanged(258)) - Service BackgroundPipelineCreator transitions to RUNNING.
2024-01-08 10:08:28,896 [IPC Server handler 2 on default port 15000] INFO  BackgroundPipelineScrubber (BackgroundSCMService.java:notifyStatusChanged(82)) - Service BackgroundPipelineScrubber transitions to RUNNING.
2024-01-08 10:08:28,896 [IPC Server handler 2 on default port 15000] INFO  ExpiredContainerReplicaOpScrubber (BackgroundSCMService.java:notifyStatusChanged(82)) - Service ExpiredContainerReplicaOpScrubber transitions to RUNNING.
2024-01-08 10:08:28,896 [IPC Server handler 2 on default port 15000] INFO  block.SCMBlockDeletingService (SCMBlockDeletingService.java:notifyStatusChanged(247)) - notifyStatusChanged:RUNNING
2024-01-08 10:08:28,896 [IPC Server handler 2 on default port 15000] INFO  replication.ReplicationManager (ReplicationManager.java:notifyStatusChanged(1401)) - Service ReplicationManager transitions to RUNNING.
2024-01-08 10:08:28,896 [IPC Server handler 2 on default port 15000] WARN  balancer.ContainerBalancer (ContainerBalancer.java:shouldRun(134)) - Could not find persisted configuration for ContainerBalancer when checking if ContainerBalancer should run. ContainerBalancer should not run now.
2024-01-08 10:08:28,902 [main] WARN  node.SCMNodeManager (SCMNodeManager.java:minHealthyVolumeNum(1200)) - Cannot generate NodeStat, datanode 216a7f9c-aee1-4f98-a365-89228e2ed43b not found.
2024-01-08 10:08:28,902 [main] WARN  node.SCMNodeManager (SCMNodeManager.java:minHealthyVolumeNum(1200)) - Cannot generate NodeStat, datanode bba1c53a-a6f8-4b7f-a0a1-8d65da7b011f not found.
2024-01-08 10:08:28,903 [main] WARN  node.SCMNodeManager (SCMNodeManager.java:minHealthyVolumeNum(1200)) - Cannot generate NodeStat, datanode b5f002a5-35f0-4e5a-a46f-90a89988a4c4 not found.
2024-01-08 10:08:28,903 [main] WARN  container.ContainerManagerImpl (ContainerManagerImpl.java:getMatchingContainer(344)) - Container allocation failed on pipeline=Pipeline[ Id: 9d517986-09af-4c0d-8bf4-538e3b61f6e1, Nodes: 216a7f9c-aee1-4f98-a365-89228e2ed43b(fv-az1117-812.frmogvfxo1lepnjzqgguis2xib.cx.internal.cloudapp.net/10.1.0.19)bba1c53a-a6f8-4b7f-a0a1-8d65da7b011f(fv-az1117-812.frmogvfxo1lepnjzqgguis2xib.cx.internal.cloudapp.net/10.1.0.19)b5f002a5-35f0-4e5a-a46f-90a89988a4c4(fv-az1117-812.frmogvfxo1lepnjzqgguis2xib.cx.internal.cloudapp.net/10.1.0.19), ReplicationConfig: RATIS/THREE, State:OPEN, leaderId:b5f002a5-35f0-4e5a-a46f-90a89988a4c4, CreationTimestamp2024-01-08T10:08:26.785Z[Etc/UTC]]
java.lang.IllegalArgumentException
	at com.google.common.base.Preconditions.checkArgument(Preconditions.java:129)
	at org.apache.hadoop.hdds.scm.node.SCMNodeManager.minHealthyVolumeNum(SCMNodeManager.java:1204)
	at org.apache.hadoop.hdds.scm.pipeline.PipelineManagerImpl.minHealthyVolumeNum(PipelineManagerImpl.java:669)
	at org.apache.hadoop.hdds.scm.container.ContainerManagerImpl.getOpenContainerCountPerPipeline(ContainerManagerImpl.java:351)
	at org.apache.hadoop.hdds.scm.container.ContainerManagerImpl.getMatchingContainer(ContainerManagerImpl.java:331)
	at org.apache.hadoop.hdds.scm.pipeline.WritableRatisContainerProvider.selectContainer(WritableRatisContainerProvider.java:193)
	at org.apache.hadoop.hdds.scm.pipeline.WritableRatisContainerProvider.getContainer(WritableRatisContainerProvider.java:163)
	at org.apache.hadoop.hdds.scm.pipeline.WritableRatisContainerProvider.getContainer(WritableRatisContainerProvider.java:92)
	at org.apache.hadoop.hdds.scm.pipeline.WritableContainerFactory.getContainer(WritableContainerFactory.java:74)
	at org.apache.hadoop.fs.ozone.TestSafeMode.lambda$testSafeMode$0(TestSafeMode.java:123)
	at org.junit.jupiter.api.AssertThrows.assertThrows(AssertThrows.java:53)
	at org.junit.jupiter.api.AssertThrows.assertThrows(AssertThrows.java:35)
	at org.junit.jupiter.api.Assertions.assertThrows(Assertions.java:3115)
	at org.apache.hadoop.fs.ozone.TestSafeMode.testSafeMode(TestSafeMode.java:121)
	at org.apache.hadoop.fs.ozone.TestSafeMode.ofs(TestSafeMode.java:92)
	at sun.reflect.NativeMethodAccessorImpl.invoke0(Native Method)
	at sun.reflect.NativeMethodAccessorImpl.invoke(NativeMethodAccessorImpl.java:62)
	at sun.reflect.DelegatingMethodAccessorImpl.invoke(DelegatingMethodAccessorImpl.java:43)
	at java.lang.reflect.Method.invoke(Method.java:498)
	at org.junit.platform.commons.util.ReflectionUtils.invokeMethod(ReflectionUtils.java:728)
	at org.junit.jupiter.engine.execution.MethodInvocation.proceed(MethodInvocation.java:60)
	at org.junit.jupiter.engine.execution.InvocationInterceptorChain$ValidatingInvocation.proceed(InvocationInterceptorChain.java:131)
	at org.junit.jupiter.engine.extension.SameThreadTimeoutInvocation.proceed(SameThreadTimeoutInvocation.java:45)
	at org.junit.jupiter.engine.extension.TimeoutExtension.intercept(TimeoutExtension.java:156)
	at org.junit.jupiter.engine.extension.TimeoutExtension.interceptTestableMethod(TimeoutExtension.java:147)
	at org.junit.jupiter.engine.extension.TimeoutExtension.interceptTestMethod(TimeoutExtension.java:86)
	at org.junit.jupiter.engine.execution.InterceptingExecutableInvoker$ReflectiveInterceptorCall.lambda$ofVoidMethod$0(InterceptingExecutableInvoker.java:103)
	at org.junit.jupiter.engine.execution.InterceptingExecutableInvoker.lambda$invoke$0(InterceptingExecutableInvoker.java:93)
	at org.junit.jupiter.engine.execution.InvocationInterceptorChain$InterceptedInvocation.proceed(InvocationInterceptorChain.java:106)
	at org.junit.jupiter.engine.execution.InvocationInterceptorChain.proceed(InvocationInterceptorChain.java:64)
	at org.junit.jupiter.engine.execution.InvocationInterceptorChain.chainAndInvoke(InvocationInterceptorChain.java:45)
	at org.junit.jupiter.engine.execution.InvocationInterceptorChain.invoke(InvocationInterceptorChain.java:37)
	at org.junit.jupiter.engine.execution.InterceptingExecutableInvoker.invoke(InterceptingExecutableInvoker.java:92)
	at org.junit.jupiter.engine.execution.InterceptingExecutableInvoker.invoke(InterceptingExecutableInvoker.java:86)
	at org.junit.jupiter.engine.descriptor.TestMethodTestDescriptor.lambda$invokeTestMethod$7(TestMethodTestDescriptor.java:218)
	at org.junit.platform.engine.support.hierarchical.ThrowableCollector.execute(ThrowableCollector.java:73)
	at org.junit.jupiter.engine.descriptor.TestMethodTestDescriptor.invokeTestMethod(TestMethodTestDescriptor.java:214)
	at org.junit.jupiter.engine.descriptor.TestMethodTestDescriptor.execute(TestMethodTestDescriptor.java:139)
	at org.junit.jupiter.engine.descriptor.TestMethodTestDescriptor.execute(TestMethodTestDescriptor.java:69)
	at org.junit.platform.engine.support.hierarchical.NodeTestTask.lambda$executeRecursively$6(NodeTestTask.java:151)
	at org.junit.platform.engine.support.hierarchical.ThrowableCollector.execute(ThrowableCollector.java:73)
	at org.junit.platform.engine.support.hierarchical.NodeTestTask.lambda$executeRecursively$8(NodeTestTask.java:141)
	at org.junit.platform.engine.support.hierarchical.Node.around(Node.java:137)
	at org.junit.platform.engine.support.hierarchical.NodeTestTask.lambda$executeRecursively$9(NodeTestTask.java:139)
	at org.junit.platform.engine.support.hierarchical.ThrowableCollector.execute(ThrowableCollector.java:73)
	at org.junit.platform.engine.support.hierarchical.NodeTestTask.executeRecursively(NodeTestTask.java:138)
	at org.junit.platform.engine.support.hierarchical.NodeTestTask.execute(NodeTestTask.java:95)
	at java.util.ArrayList.forEach(ArrayList.java:1259)
	at org.junit.platform.engine.support.hierarchical.SameThreadHierarchicalTestExecutorService.invokeAll(SameThreadHierarchicalTestExecutorService.java:41)
	at org.junit.platform.engine.support.hierarchical.NodeTestTask.lambda$executeRecursively$6(NodeTestTask.java:155)
	at org.junit.platform.engine.support.hierarchical.ThrowableCollector.execute(ThrowableCollector.java:73)
	at org.junit.platform.engine.support.hierarchical.NodeTestTask.lambda$executeRecursively$8(NodeTestTask.java:141)
	at org.junit.platform.engine.support.hierarchical.Node.around(Node.java:137)
	at org.junit.platform.engine.support.hierarchical.NodeTestTask.lambda$executeRecursively$9(NodeTestTask.java:139)
	at org.junit.platform.engine.support.hierarchical.ThrowableCollector.execute(ThrowableCollector.java:73)
	at org.junit.platform.engine.support.hierarchical.NodeTestTask.executeRecursively(NodeTestTask.java:138)
	at org.junit.platform.engine.support.hierarchical.NodeTestTask.execute(NodeTestTask.java:95)
	at java.util.ArrayList.forEach(ArrayList.java:1259)
	at org.junit.platform.engine.support.hierarchical.SameThreadHierarchicalTestExecutorService.invokeAll(SameThreadHierarchicalTestExecutorService.java:41)
	at org.junit.platform.engine.support.hierarchical.NodeTestTask.lambda$executeRecursively$6(NodeTestTask.java:155)
	at org.junit.platform.engine.support.hierarchical.ThrowableCollector.execute(ThrowableCollector.java:73)
	at org.junit.platform.engine.support.hierarchical.NodeTestTask.lambda$executeRecursively$8(NodeTestTask.java:141)
	at org.junit.platform.engine.support.hierarchical.Node.around(Node.java:137)
	at org.junit.platform.engine.support.hierarchical.NodeTestTask.lambda$executeRecursively$9(NodeTestTask.java:139)
	at org.junit.platform.engine.support.hierarchical.ThrowableCollector.execute(ThrowableCollector.java:73)
	at org.junit.platform.engine.support.hierarchical.NodeTestTask.executeRecursively(NodeTestTask.java:138)
	at org.junit.platform.engine.support.hierarchical.NodeTestTask.execute(NodeTestTask.java:95)
	at org.junit.platform.engine.support.hierarchical.SameThreadHierarchicalTestExecutorService.submit(SameThreadHierarchicalTestExecutorService.java:35)
	at org.junit.platform.engine.support.hierarchical.HierarchicalTestExecutor.execute(HierarchicalTestExecutor.java:57)
	at org.junit.platform.engine.support.hierarchical.HierarchicalTestEngine.execute(HierarchicalTestEngine.java:54)
	at org.junit.platform.launcher.core.EngineExecutionOrchestrator.execute(EngineExecutionOrchestrator.java:198)
	at org.junit.platform.launcher.core.EngineExecutionOrchestrator.execute(EngineExecutionOrchestrator.java:169)
	at org.junit.platform.launcher.core.EngineExecutionOrchestrator.execute(EngineExecutionOrchestrator.java:93)
	at org.junit.platform.launcher.core.EngineExecutionOrchestrator.lambda$execute$0(EngineExecutionOrchestrator.java:58)
	at org.junit.platform.launcher.core.EngineExecutionOrchestrator.withInterceptedStreams(EngineExecutionOrchestrator.java:141)
	at org.junit.platform.launcher.core.EngineExecutionOrchestrator.execute(EngineExecutionOrchestrator.java:57)
	at org.junit.platform.launcher.core.DefaultLauncher.execute(DefaultLauncher.java:103)
	at org.junit.platform.launcher.core.DefaultLauncher.execute(DefaultLauncher.java:85)
	at org.junit.platform.launcher.core.DelegatingLauncher.execute(DelegatingLauncher.java:47)
	at org.apache.maven.surefire.junitplatform.LazyLauncher.execute(LazyLauncher.java:56)
	at org.apache.maven.surefire.junitplatform.JUnitPlatformProvider.execute(JUnitPlatformProvider.java:184)
	at org.apache.maven.surefire.junitplatform.JUnitPlatformProvider.invokeAllTests(JUnitPlatformProvider.java:148)
	at org.apache.maven.surefire.junitplatform.JUnitPlatformProvider.invoke(JUnitPlatformProvider.java:120)
	at org.apache.maven.surefire.booter.ForkedBooter.runSuitesInProcess(ForkedBooter.java:385)
	at org.apache.maven.surefire.booter.ForkedBooter.execute(ForkedBooter.java:162)
	at org.apache.maven.surefire.booter.ForkedBooter.run(ForkedBooter.java:507)
	at org.apache.maven.surefire.booter.ForkedBooter.main(ForkedBooter.java:495)
2024-01-08 10:08:28,905 [main] WARN  node.SCMNodeManager (SCMNodeManager.java:minHealthyVolumeNum(1200)) - Cannot generate NodeStat, datanode bba1c53a-a6f8-4b7f-a0a1-8d65da7b011f not found.
2024-01-08 10:08:28,905 [main] WARN  node.SCMNodeManager (SCMNodeManager.java:minHealthyVolumeNum(1200)) - Cannot generate NodeStat, datanode b5f002a5-35f0-4e5a-a46f-90a89988a4c4 not found.
2024-01-08 10:08:28,905 [main] WARN  node.SCMNodeManager (SCMNodeManager.java:minHealthyVolumeNum(1200)) - Cannot generate NodeStat, datanode 216a7f9c-aee1-4f98-a365-89228e2ed43b not found.
2024-01-08 10:08:28,905 [main] WARN  container.ContainerManagerImpl (ContainerManagerImpl.java:getMatchingContainer(344)) - Container allocation failed on pipeline=Pipeline[ Id: 0a199dab-98f4-47f6-a121-a5f7b5452d65, Nodes: bba1c53a-a6f8-4b7f-a0a1-8d65da7b011f(fv-az1117-812.frmogvfxo1lepnjzqgguis2xib.cx.internal.cloudapp.net/10.1.0.19)b5f002a5-35f0-4e5a-a46f-90a89988a4c4(fv-az1117-812.frmogvfxo1lepnjzqgguis2xib.cx.internal.cloudapp.net/10.1.0.19)216a7f9c-aee1-4f98-a365-89228e2ed43b(fv-az1117-812.frmogvfxo1lepnjzqgguis2xib.cx.internal.cloudapp.net/10.1.0.19), ReplicationConfig: RATIS/THREE, State:OPEN, leaderId:bba1c53a-a6f8-4b7f-a0a1-8d65da7b011f, CreationTimestamp2024-01-08T10:08:26.784Z[Etc/UTC]]
java.lang.IllegalArgumentException
	at com.google.common.base.Preconditions.checkArgument(Preconditions.java:129)
	at org.apache.hadoop.hdds.scm.node.SCMNodeManager.minHealthyVolumeNum(SCMNodeManager.java:1204)
	at org.apache.hadoop.hdds.scm.pipeline.PipelineManagerImpl.minHealthyVolumeNum(PipelineManagerImpl.java:669)
	at org.apache.hadoop.hdds.scm.container.ContainerManagerImpl.getOpenContainerCountPerPipeline(ContainerManagerImpl.java:351)
	at org.apache.hadoop.hdds.scm.container.ContainerManagerImpl.getMatchingContainer(ContainerManagerImpl.java:331)
	at org.apache.hadoop.hdds.scm.pipeline.WritableRatisContainerProvider.selectContainer(WritableRatisContainerProvider.java:193)
	at org.apache.hadoop.hdds.scm.pipeline.WritableRatisContainerProvider.getContainer(WritableRatisContainerProvider.java:163)
	at org.apache.hadoop.hdds.scm.pipeline.WritableRatisContainerProvider.getContainer(WritableRatisContainerProvider.java:92)
	at org.apache.hadoop.hdds.scm.pipeline.WritableContainerFactory.getContainer(WritableContainerFactory.java:74)
	at org.apache.hadoop.fs.ozone.TestSafeMode.lambda$testSafeMode$0(TestSafeMode.java:123)
	at org.junit.jupiter.api.AssertThrows.assertThrows(AssertThrows.java:53)
	at org.junit.jupiter.api.AssertThrows.assertThrows(AssertThrows.java:35)
	at org.junit.jupiter.api.Assertions.assertThrows(Assertions.java:3115)
	at org.apache.hadoop.fs.ozone.TestSafeMode.testSafeMode(TestSafeMode.java:121)
	at org.apache.hadoop.fs.ozone.TestSafeMode.ofs(TestSafeMode.java:92)
	at sun.reflect.NativeMethodAccessorImpl.invoke0(Native Method)
	at sun.reflect.NativeMethodAccessorImpl.invoke(NativeMethodAccessorImpl.java:62)
	at sun.reflect.DelegatingMethodAccessorImpl.invoke(DelegatingMethodAccessorImpl.java:43)
	at java.lang.reflect.Method.invoke(Method.java:498)
	at org.junit.platform.commons.util.ReflectionUtils.invokeMethod(ReflectionUtils.java:728)
	at org.junit.jupiter.engine.execution.MethodInvocation.proceed(MethodInvocation.java:60)
	at org.junit.jupiter.engine.execution.InvocationInterceptorChain$ValidatingInvocation.proceed(InvocationInterceptorChain.java:131)
	at org.junit.jupiter.engine.extension.SameThreadTimeoutInvocation.proceed(SameThreadTimeoutInvocation.java:45)
	at org.junit.jupiter.engine.extension.TimeoutExtension.intercept(TimeoutExtension.java:156)
	at org.junit.jupiter.engine.extension.TimeoutExtension.interceptTestableMethod(TimeoutExtension.java:147)
	at org.junit.jupiter.engine.extension.TimeoutExtension.interceptTestMethod(TimeoutExtension.java:86)
	at org.junit.jupiter.engine.execution.InterceptingExecutableInvoker$ReflectiveInterceptorCall.lambda$ofVoidMethod$0(InterceptingExecutableInvoker.java:103)
	at org.junit.jupiter.engine.execution.InterceptingExecutableInvoker.lambda$invoke$0(InterceptingExecutableInvoker.java:93)
	at org.junit.jupiter.engine.execution.InvocationInterceptorChain$InterceptedInvocation.proceed(InvocationInterceptorChain.java:106)
	at org.junit.jupiter.engine.execution.InvocationInterceptorChain.proceed(InvocationInterceptorChain.java:64)
	at org.junit.jupiter.engine.execution.InvocationInterceptorChain.chainAndInvoke(InvocationInterceptorChain.java:45)
	at org.junit.jupiter.engine.execution.InvocationInterceptorChain.invoke(InvocationInterceptorChain.java:37)
	at org.junit.jupiter.engine.execution.InterceptingExecutableInvoker.invoke(InterceptingExecutableInvoker.java:92)
	at org.junit.jupiter.engine.execution.InterceptingExecutableInvoker.invoke(InterceptingExecutableInvoker.java:86)
	at org.junit.jupiter.engine.descriptor.TestMethodTestDescriptor.lambda$invokeTestMethod$7(TestMethodTestDescriptor.java:218)
	at org.junit.platform.engine.support.hierarchical.ThrowableCollector.execute(ThrowableCollector.java:73)
	at org.junit.jupiter.engine.descriptor.TestMethodTestDescriptor.invokeTestMethod(TestMethodTestDescriptor.java:214)
	at org.junit.jupiter.engine.descriptor.TestMethodTestDescriptor.execute(TestMethodTestDescriptor.java:139)
	at org.junit.jupiter.engine.descriptor.TestMethodTestDescriptor.execute(TestMethodTestDescriptor.java:69)
	at org.junit.platform.engine.support.hierarchical.NodeTestTask.lambda$executeRecursively$6(NodeTestTask.java:151)
	at org.junit.platform.engine.support.hierarchical.ThrowableCollector.execute(ThrowableCollector.java:73)
	at org.junit.platform.engine.support.hierarchical.NodeTestTask.lambda$executeRecursively$8(NodeTestTask.java:141)
	at org.junit.platform.engine.support.hierarchical.Node.around(Node.java:137)
	at org.junit.platform.engine.support.hierarchical.NodeTestTask.lambda$executeRecursively$9(NodeTestTask.java:139)
	at org.junit.platform.engine.support.hierarchical.ThrowableCollector.execute(ThrowableCollector.java:73)
	at org.junit.platform.engine.support.hierarchical.NodeTestTask.executeRecursively(NodeTestTask.java:138)
	at org.junit.platform.engine.support.hierarchical.NodeTestTask.execute(NodeTestTask.java:95)
	at java.util.ArrayList.forEach(ArrayList.java:1259)
	at org.junit.platform.engine.support.hierarchical.SameThreadHierarchicalTestExecutorService.invokeAll(SameThreadHierarchicalTestExecutorService.java:41)
	at org.junit.platform.engine.support.hierarchical.NodeTestTask.lambda$executeRecursively$6(NodeTestTask.java:155)
	at org.junit.platform.engine.support.hierarchical.ThrowableCollector.execute(ThrowableCollector.java:73)
	at org.junit.platform.engine.support.hierarchical.NodeTestTask.lambda$executeRecursively$8(NodeTestTask.java:141)
	at org.junit.platform.engine.support.hierarchical.Node.around(Node.java:137)
	at org.junit.platform.engine.support.hierarchical.NodeTestTask.lambda$executeRecursively$9(NodeTestTask.java:139)
	at org.junit.platform.engine.support.hierarchical.ThrowableCollector.execute(ThrowableCollector.java:73)
	at org.junit.platform.engine.support.hierarchical.NodeTestTask.executeRecursively(NodeTestTask.java:138)
	at org.junit.platform.engine.support.hierarchical.NodeTestTask.execute(NodeTestTask.java:95)
	at java.util.ArrayList.forEach(ArrayList.java:1259)
	at org.junit.platform.engine.support.hierarchical.SameThreadHierarchicalTestExecutorService.invokeAll(SameThreadHierarchicalTestExecutorService.java:41)
	at org.junit.platform.engine.support.hierarchical.NodeTestTask.lambda$executeRecursively$6(NodeTestTask.java:155)
	at org.junit.platform.engine.support.hierarchical.ThrowableCollector.execute(ThrowableCollector.java:73)
	at org.junit.platform.engine.support.hierarchical.NodeTestTask.lambda$executeRecursively$8(NodeTestTask.java:141)
	at org.junit.platform.engine.support.hierarchical.Node.around(Node.java:137)
	at org.junit.platform.engine.support.hierarchical.NodeTestTask.lambda$executeRecursively$9(NodeTestTask.java:139)
	at org.junit.platform.engine.support.hierarchical.ThrowableCollector.execute(ThrowableCollector.java:73)
	at org.junit.platform.engine.support.hierarchical.NodeTestTask.executeRecursively(NodeTestTask.java:138)
	at org.junit.platform.engine.support.hierarchical.NodeTestTask.execute(NodeTestTask.java:95)
	at org.junit.platform.engine.support.hierarchical.SameThreadHierarchicalTestExecutorService.submit(SameThreadHierarchicalTestExecutorService.java:35)
	at org.junit.platform.engine.support.hierarchical.HierarchicalTestExecutor.execute(HierarchicalTestExecutor.java:57)
	at org.junit.platform.engine.support.hierarchical.HierarchicalTestEngine.execute(HierarchicalTestEngine.java:54)
	at org.junit.platform.launcher.core.EngineExecutionOrchestrator.execute(EngineExecutionOrchestrator.java:198)
	at org.junit.platform.launcher.core.EngineExecutionOrchestrator.execute(EngineExecutionOrchestrator.java:169)
	at org.junit.platform.launcher.core.EngineExecutionOrchestrator.execute(EngineExecutionOrchestrator.java:93)
	at org.junit.platform.launcher.core.EngineExecutionOrchestrator.lambda$execute$0(EngineExecutionOrchestrator.java:58)
	at org.junit.platform.launcher.core.EngineExecutionOrchestrator.withInterceptedStreams(EngineExecutionOrchestrator.java:141)
	at org.junit.platform.launcher.core.EngineExecutionOrchestrator.execute(EngineExecutionOrchestrator.java:57)
	at org.junit.platform.launcher.core.DefaultLauncher.execute(DefaultLauncher.java:103)
	at org.junit.platform.launcher.core.DefaultLauncher.execute(DefaultLauncher.java:85)
	at org.junit.platform.launcher.core.DelegatingLauncher.execute(DelegatingLauncher.java:47)
	at org.apache.maven.surefire.junitplatform.LazyLauncher.execute(LazyLauncher.java:56)
	at org.apache.maven.surefire.junitplatform.JUnitPlatformProvider.execute(JUnitPlatformProvider.java:184)
	at org.apache.maven.surefire.junitplatform.JUnitPlatformProvider.invokeAllTests(JUnitPlatformProvider.java:148)
	at org.apache.maven.surefire.junitplatform.JUnitPlatformProvider.invoke(JUnitPlatformProvider.java:120)
	at org.apache.maven.surefire.booter.ForkedBooter.runSuitesInProcess(ForkedBooter.java:385)
	at org.apache.maven.surefire.booter.ForkedBooter.execute(ForkedBooter.java:162)
	at org.apache.maven.surefire.booter.ForkedBooter.run(ForkedBooter.java:507)
	at org.apache.maven.surefire.booter.ForkedBooter.main(ForkedBooter.java:495)
2024-01-08 10:08:28,908 [main] WARN  pipeline.WritableRatisContainerProvider (WritableRatisContainerProvider.java:getContainer(106)) - Pipeline creation failed for repConfig RATIS/THREE Datanodes may be used up. Try to see if any pipeline is in ALLOCATED state, and then will wait for it to be OPEN
org.apache.hadoop.hdds.scm.exceptions.SCMException: Ratis pipeline number meets the limit: 3 replicationConfig : RATIS/THREE
	at org.apache.hadoop.hdds.scm.pipeline.RatisPipelineProvider.create(RatisPipelineProvider.java:153)
	at org.apache.hadoop.hdds.scm.pipeline.RatisPipelineProvider.create(RatisPipelineProvider.java:57)
	at org.apache.hadoop.hdds.scm.pipeline.PipelineFactory.create(PipelineFactory.java:89)
	at org.apache.hadoop.hdds.scm.pipeline.PipelineManagerImpl.createPipeline(PipelineManagerImpl.java:255)
	at org.apache.hadoop.hdds.scm.pipeline.PipelineManagerImpl.createPipeline(PipelineManagerImpl.java:241)
	at org.apache.hadoop.hdds.scm.pipeline.WritableRatisContainerProvider.getContainer(WritableRatisContainerProvider.java:100)
	at org.apache.hadoop.hdds.scm.pipeline.WritableContainerFactory.getContainer(WritableContainerFactory.java:74)
	at org.apache.hadoop.fs.ozone.TestSafeMode.lambda$testSafeMode$0(TestSafeMode.java:123)
	at org.junit.jupiter.api.AssertThrows.assertThrows(AssertThrows.java:53)
	at org.junit.jupiter.api.AssertThrows.assertThrows(AssertThrows.java:35)
	at org.junit.jupiter.api.Assertions.assertThrows(Assertions.java:3115)
	at org.apache.hadoop.fs.ozone.TestSafeMode.testSafeMode(TestSafeMode.java:121)
	at org.apache.hadoop.fs.ozone.TestSafeMode.ofs(TestSafeMode.java:92)
	at sun.reflect.NativeMethodAccessorImpl.invoke0(Native Method)
	at sun.reflect.NativeMethodAccessorImpl.invoke(NativeMethodAccessorImpl.java:62)
	at sun.reflect.DelegatingMethodAccessorImpl.invoke(DelegatingMethodAccessorImpl.java:43)
	at java.lang.reflect.Method.invoke(Method.java:498)
	at org.junit.platform.commons.util.ReflectionUtils.invokeMethod(ReflectionUtils.java:728)
	at org.junit.jupiter.engine.execution.MethodInvocation.proceed(MethodInvocation.java:60)
	at org.junit.jupiter.engine.execution.InvocationInterceptorChain$ValidatingInvocation.proceed(InvocationInterceptorChain.java:131)
	at org.junit.jupiter.engine.extension.SameThreadTimeoutInvocation.proceed(SameThreadTimeoutInvocation.java:45)
	at org.junit.jupiter.engine.extension.TimeoutExtension.intercept(TimeoutExtension.java:156)
	at org.junit.jupiter.engine.extension.TimeoutExtension.interceptTestableMethod(TimeoutExtension.java:147)
	at org.junit.jupiter.engine.extension.TimeoutExtension.interceptTestMethod(TimeoutExtension.java:86)
	at org.junit.jupiter.engine.execution.InterceptingExecutableInvoker$ReflectiveInterceptorCall.lambda$ofVoidMethod$0(InterceptingExecutableInvoker.java:103)
	at org.junit.jupiter.engine.execution.InterceptingExecutableInvoker.lambda$invoke$0(InterceptingExecutableInvoker.java:93)
	at org.junit.jupiter.engine.execution.InvocationInterceptorChain$InterceptedInvocation.proceed(InvocationInterceptorChain.java:106)
	at org.junit.jupiter.engine.execution.InvocationInterceptorChain.proceed(InvocationInterceptorChain.java:64)
	at org.junit.jupiter.engine.execution.InvocationInterceptorChain.chainAndInvoke(InvocationInterceptorChain.java:45)
	at org.junit.jupiter.engine.execution.InvocationInterceptorChain.invoke(InvocationInterceptorChain.java:37)
	at org.junit.jupiter.engine.execution.InterceptingExecutableInvoker.invoke(InterceptingExecutableInvoker.java:92)
	at org.junit.jupiter.engine.execution.InterceptingExecutableInvoker.invoke(InterceptingExecutableInvoker.java:86)
	at org.junit.jupiter.engine.descriptor.TestMethodTestDescriptor.lambda$invokeTestMethod$7(TestMethodTestDescriptor.java:218)
	at org.junit.platform.engine.support.hierarchical.ThrowableCollector.execute(ThrowableCollector.java:73)
	at org.junit.jupiter.engine.descriptor.TestMethodTestDescriptor.invokeTestMethod(TestMethodTestDescriptor.java:214)
	at org.junit.jupiter.engine.descriptor.TestMethodTestDescriptor.execute(TestMethodTestDescriptor.java:139)
	at org.junit.jupiter.engine.descriptor.TestMethodTestDescriptor.execute(TestMethodTestDescriptor.java:69)
	at org.junit.platform.engine.support.hierarchical.NodeTestTask.lambda$executeRecursively$6(NodeTestTask.java:151)
	at org.junit.platform.engine.support.hierarchical.ThrowableCollector.execute(ThrowableCollector.java:73)
	at org.junit.platform.engine.support.hierarchical.NodeTestTask.lambda$executeRecursively$8(NodeTestTask.java:141)
	at org.junit.platform.engine.support.hierarchical.Node.around(Node.java:137)
	at org.junit.platform.engine.support.hierarchical.NodeTestTask.lambda$executeRecursively$9(NodeTestTask.java:139)
	at org.junit.platform.engine.support.hierarchical.ThrowableCollector.execute(ThrowableCollector.java:73)
	at org.junit.platform.engine.support.hierarchical.NodeTestTask.executeRecursively(NodeTestTask.java:138)
	at org.junit.platform.engine.support.hierarchical.NodeTestTask.execute(NodeTestTask.java:95)
	at java.util.ArrayList.forEach(ArrayList.java:1259)
	at org.junit.platform.engine.support.hierarchical.SameThreadHierarchicalTestExecutorService.invokeAll(SameThreadHierarchicalTestExecutorService.java:41)
	at org.junit.platform.engine.support.hierarchical.NodeTestTask.lambda$executeRecursively$6(NodeTestTask.java:155)
	at org.junit.platform.engine.support.hierarchical.ThrowableCollector.execute(ThrowableCollector.java:73)
	at org.junit.platform.engine.support.hierarchical.NodeTestTask.lambda$executeRecursively$8(NodeTestTask.java:141)
	at org.junit.platform.engine.support.hierarchical.Node.around(Node.java:137)
	at org.junit.platform.engine.support.hierarchical.NodeTestTask.lambda$executeRecursively$9(NodeTestTask.java:139)
	at org.junit.platform.engine.support.hierarchical.ThrowableCollector.execute(ThrowableCollector.java:73)
	at org.junit.platform.engine.support.hierarchical.NodeTestTask.executeRecursively(NodeTestTask.java:138)
	at org.junit.platform.engine.support.hierarchical.NodeTestTask.execute(NodeTestTask.java:95)
	at java.util.ArrayList.forEach(ArrayList.java:1259)
	at org.junit.platform.engine.support.hierarchical.SameThreadHierarchicalTestExecutorService.invokeAll(SameThreadHierarchicalTestExecutorService.java:41)
	at org.junit.platform.engine.support.hierarchical.NodeTestTask.lambda$executeRecursively$6(NodeTestTask.java:155)
	at org.junit.platform.engine.support.hierarchical.ThrowableCollector.execute(ThrowableCollector.java:73)
	at org.junit.platform.engine.support.hierarchical.NodeTestTask.lambda$executeRecursively$8(NodeTestTask.java:141)
	at org.junit.platform.engine.support.hierarchical.Node.around(Node.java:137)
	at org.junit.platform.engine.support.hierarchical.NodeTestTask.lambda$executeRecursively$9(NodeTestTask.java:139)
	at org.junit.platform.engine.support.hierarchical.ThrowableCollector.execute(ThrowableCollector.java:73)
	at org.junit.platform.engine.support.hierarchical.NodeTestTask.executeRecursively(NodeTestTask.java:138)
	at org.junit.platform.engine.support.hierarchical.NodeTestTask.execute(NodeTestTask.java:95)
	at org.junit.platform.engine.support.hierarchical.SameThreadHierarchicalTestExecutorService.submit(SameThreadHierarchicalTestExecutorService.java:35)
	at org.junit.platform.engine.support.hierarchical.HierarchicalTestExecutor.execute(HierarchicalTestExecutor.java:57)
	at org.junit.platform.engine.support.hierarchical.HierarchicalTestEngine.execute(HierarchicalTestEngine.java:54)
	at org.junit.platform.launcher.core.EngineExecutionOrchestrator.execute(EngineExecutionOrchestrator.java:198)
	at org.junit.platform.launcher.core.EngineExecutionOrchestrator.execute(EngineExecutionOrchestrator.java:169)
	at org.junit.platform.launcher.core.EngineExecutionOrchestrator.execute(EngineExecutionOrchestrator.java:93)
	at org.junit.platform.launcher.core.EngineExecutionOrchestrator.lambda$execute$0(EngineExecutionOrchestrator.java:58)
	at org.junit.platform.launcher.core.EngineExecutionOrchestrator.withInterceptedStreams(EngineExecutionOrchestrator.java:141)
	at org.junit.platform.launcher.core.EngineExecutionOrchestrator.execute(EngineExecutionOrchestrator.java:57)
	at org.junit.platform.launcher.core.DefaultLauncher.execute(DefaultLauncher.java:103)
	at org.junit.platform.launcher.core.DefaultLauncher.execute(DefaultLauncher.java:85)
	at org.junit.platform.launcher.core.DelegatingLauncher.execute(DelegatingLauncher.java:47)
	at org.apache.maven.surefire.junitplatform.LazyLauncher.execute(LazyLauncher.java:56)
	at org.apache.maven.surefire.junitplatform.JUnitPlatformProvider.execute(JUnitPlatformProvider.java:184)
	at org.apache.maven.surefire.junitplatform.JUnitPlatformProvider.invokeAllTests(JUnitPlatformProvider.java:148)
	at org.apache.maven.surefire.junitplatform.JUnitPlatformProvider.invoke(JUnitPlatformProvider.java:120)
	at org.apache.maven.surefire.booter.ForkedBooter.runSuitesInProcess(ForkedBooter.java:385)
	at org.apache.maven.surefire.booter.ForkedBooter.execute(ForkedBooter.java:162)
	at org.apache.maven.surefire.booter.ForkedBooter.run(ForkedBooter.java:507)
	at org.apache.maven.surefire.booter.ForkedBooter.main(ForkedBooter.java:495)
2024-01-08 10:08:28,909 [main] WARN  node.SCMNodeManager (SCMNodeManager.java:minHealthyVolumeNum(1200)) - Cannot generate NodeStat, datanode 216a7f9c-aee1-4f98-a365-89228e2ed43b not found.
2024-01-08 10:08:28,910 [main] WARN  node.SCMNodeManager (SCMNodeManager.java:minHealthyVolumeNum(1200)) - Cannot generate NodeStat, datanode bba1c53a-a6f8-4b7f-a0a1-8d65da7b011f not found.
2024-01-08 10:08:28,910 [main] WARN  node.SCMNodeManager (SCMNodeManager.java:minHealthyVolumeNum(1200)) - Cannot generate NodeStat, datanode b5f002a5-35f0-4e5a-a46f-90a89988a4c4 not found.
2024-01-08 10:08:28,911 [main] WARN  container.ContainerManagerImpl (ContainerManagerImpl.java:getMatchingContainer(344)) - Container allocation failed on pipeline=Pipeline[ Id: 9d517986-09af-4c0d-8bf4-538e3b61f6e1, Nodes: 216a7f9c-aee1-4f98-a365-89228e2ed43b(fv-az1117-812.frmogvfxo1lepnjzqgguis2xib.cx.internal.cloudapp.net/10.1.0.19)bba1c53a-a6f8-4b7f-a0a1-8d65da7b011f(fv-az1117-812.frmogvfxo1lepnjzqgguis2xib.cx.internal.cloudapp.net/10.1.0.19)b5f002a5-35f0-4e5a-a46f-90a89988a4c4(fv-az1117-812.frmogvfxo1lepnjzqgguis2xib.cx.internal.cloudapp.net/10.1.0.19), ReplicationConfig: RATIS/THREE, State:OPEN, leaderId:b5f002a5-35f0-4e5a-a46f-90a89988a4c4, CreationTimestamp2024-01-08T10:08:26.785Z[Etc/UTC]]
java.lang.IllegalArgumentException
	at com.google.common.base.Preconditions.checkArgument(Preconditions.java:129)
	at org.apache.hadoop.hdds.scm.node.SCMNodeManager.minHealthyVolumeNum(SCMNodeManager.java:1204)
	at org.apache.hadoop.hdds.scm.pipeline.PipelineManagerImpl.minHealthyVolumeNum(PipelineManagerImpl.java:669)
	at org.apache.hadoop.hdds.scm.container.ContainerManagerImpl.getOpenContainerCountPerPipeline(ContainerManagerImpl.java:351)
	at org.apache.hadoop.hdds.scm.container.ContainerManagerImpl.getMatchingContainer(ContainerManagerImpl.java:331)
	at org.apache.hadoop.hdds.scm.pipeline.WritableRatisContainerProvider.selectContainer(WritableRatisContainerProvider.java:193)
	at org.apache.hadoop.hdds.scm.pipeline.WritableRatisContainerProvider.getContainer(WritableRatisContainerProvider.java:163)
	at org.apache.hadoop.hdds.scm.pipeline.WritableRatisContainerProvider.getContainer(WritableRatisContainerProvider.java:138)
	at org.apache.hadoop.hdds.scm.pipeline.WritableContainerFactory.getContainer(WritableContainerFactory.java:74)
	at org.apache.hadoop.fs.ozone.TestSafeMode.lambda$testSafeMode$0(TestSafeMode.java:123)
	at org.junit.jupiter.api.AssertThrows.assertThrows(AssertThrows.java:53)
	at org.junit.jupiter.api.AssertThrows.assertThrows(AssertThrows.java:35)
	at org.junit.jupiter.api.Assertions.assertThrows(Assertions.java:3115)
	at org.apache.hadoop.fs.ozone.TestSafeMode.testSafeMode(TestSafeMode.java:121)
	at org.apache.hadoop.fs.ozone.TestSafeMode.ofs(TestSafeMode.java:92)
	at sun.reflect.NativeMethodAccessorImpl.invoke0(Native Method)
	at sun.reflect.NativeMethodAccessorImpl.invoke(NativeMethodAccessorImpl.java:62)
	at sun.reflect.DelegatingMethodAccessorImpl.invoke(DelegatingMethodAccessorImpl.java:43)
	at java.lang.reflect.Method.invoke(Method.java:498)
	at org.junit.platform.commons.util.ReflectionUtils.invokeMethod(ReflectionUtils.java:728)
	at org.junit.jupiter.engine.execution.MethodInvocation.proceed(MethodInvocation.java:60)
	at org.junit.jupiter.engine.execution.InvocationInterceptorChain$ValidatingInvocation.proceed(InvocationInterceptorChain.java:131)
	at org.junit.jupiter.engine.extension.SameThreadTimeoutInvocation.proceed(SameThreadTimeoutInvocation.java:45)
	at org.junit.jupiter.engine.extension.TimeoutExtension.intercept(TimeoutExtension.java:156)
	at org.junit.jupiter.engine.extension.TimeoutExtension.interceptTestableMethod(TimeoutExtension.java:147)
	at org.junit.jupiter.engine.extension.TimeoutExtension.interceptTestMethod(TimeoutExtension.java:86)
	at org.junit.jupiter.engine.execution.InterceptingExecutableInvoker$ReflectiveInterceptorCall.lambda$ofVoidMethod$0(InterceptingExecutableInvoker.java:103)
	at org.junit.jupiter.engine.execution.InterceptingExecutableInvoker.lambda$invoke$0(InterceptingExecutableInvoker.java:93)
	at org.junit.jupiter.engine.execution.InvocationInterceptorChain$InterceptedInvocation.proceed(InvocationInterceptorChain.java:106)
	at org.junit.jupiter.engine.execution.InvocationInterceptorChain.proceed(InvocationInterceptorChain.java:64)
	at org.junit.jupiter.engine.execution.InvocationInterceptorChain.chainAndInvoke(InvocationInterceptorChain.java:45)
	at org.junit.jupiter.engine.execution.InvocationInterceptorChain.invoke(InvocationInterceptorChain.java:37)
	at org.junit.jupiter.engine.execution.InterceptingExecutableInvoker.invoke(InterceptingExecutableInvoker.java:92)
	at org.junit.jupiter.engine.execution.InterceptingExecutableInvoker.invoke(InterceptingExecutableInvoker.java:86)
	at org.junit.jupiter.engine.descriptor.TestMethodTestDescriptor.lambda$invokeTestMethod$7(TestMethodTestDescriptor.java:218)
	at org.junit.platform.engine.support.hierarchical.ThrowableCollector.execute(ThrowableCollector.java:73)
	at org.junit.jupiter.engine.descriptor.TestMethodTestDescriptor.invokeTestMethod(TestMethodTestDescriptor.java:214)
	at org.junit.jupiter.engine.descriptor.TestMethodTestDescriptor.execute(TestMethodTestDescriptor.java:139)
	at org.junit.jupiter.engine.descriptor.TestMethodTestDescriptor.execute(TestMethodTestDescriptor.java:69)
	at org.junit.platform.engine.support.hierarchical.NodeTestTask.lambda$executeRecursively$6(NodeTestTask.java:151)
	at org.junit.platform.engine.support.hierarchical.ThrowableCollector.execute(ThrowableCollector.java:73)
	at org.junit.platform.engine.support.hierarchical.NodeTestTask.lambda$executeRecursively$8(NodeTestTask.java:141)
	at org.junit.platform.engine.support.hierarchical.Node.around(Node.java:137)
	at org.junit.platform.engine.support.hierarchical.NodeTestTask.lambda$executeRecursively$9(NodeTestTask.java:139)
	at org.junit.platform.engine.support.hierarchical.ThrowableCollector.execute(ThrowableCollector.java:73)
	at org.junit.platform.engine.support.hierarchical.NodeTestTask.executeRecursively(NodeTestTask.java:138)
	at org.junit.platform.engine.support.hierarchical.NodeTestTask.execute(NodeTestTask.java:95)
	at java.util.ArrayList.forEach(ArrayList.java:1259)
	at org.junit.platform.engine.support.hierarchical.SameThreadHierarchicalTestExecutorService.invokeAll(SameThreadHierarchicalTestExecutorService.java:41)
	at org.junit.platform.engine.support.hierarchical.NodeTestTask.lambda$executeRecursively$6(NodeTestTask.java:155)
	at org.junit.platform.engine.support.hierarchical.ThrowableCollector.execute(ThrowableCollector.java:73)
	at org.junit.platform.engine.support.hierarchical.NodeTestTask.lambda$executeRecursively$8(NodeTestTask.java:141)
	at org.junit.platform.engine.support.hierarchical.Node.around(Node.java:137)
	at org.junit.platform.engine.support.hierarchical.NodeTestTask.lambda$executeRecursively$9(NodeTestTask.java:139)
	at org.junit.platform.engine.support.hierarchical.ThrowableCollector.execute(ThrowableCollector.java:73)
	at org.junit.platform.engine.support.hierarchical.NodeTestTask.executeRecursively(NodeTestTask.java:138)
	at org.junit.platform.engine.support.hierarchical.NodeTestTask.execute(NodeTestTask.java:95)
	at java.util.ArrayList.forEach(ArrayList.java:1259)
	at org.junit.platform.engine.support.hierarchical.SameThreadHierarchicalTestExecutorService.invokeAll(SameThreadHierarchicalTestExecutorService.java:41)
	at org.junit.platform.engine.support.hierarchical.NodeTestTask.lambda$executeRecursively$6(NodeTestTask.java:155)
	at org.junit.platform.engine.support.hierarchical.ThrowableCollector.execute(ThrowableCollector.java:73)
	at org.junit.platform.engine.support.hierarchical.NodeTestTask.lambda$executeRecursively$8(NodeTestTask.java:141)
	at org.junit.platform.engine.support.hierarchical.Node.around(Node.java:137)
	at org.junit.platform.engine.support.hierarchical.NodeTestTask.lambda$executeRecursively$9(NodeTestTask.java:139)
	at org.junit.platform.engine.support.hierarchical.ThrowableCollector.execute(ThrowableCollector.java:73)
	at org.junit.platform.engine.support.hierarchical.NodeTestTask.executeRecursively(NodeTestTask.java:138)
	at org.junit.platform.engine.support.hierarchical.NodeTestTask.execute(NodeTestTask.java:95)
	at org.junit.platform.engine.support.hierarchical.SameThreadHierarchicalTestExecutorService.submit(SameThreadHierarchicalTestExecutorService.java:35)
	at org.junit.platform.engine.support.hierarchical.HierarchicalTestExecutor.execute(HierarchicalTestExecutor.java:57)
	at org.junit.platform.engine.support.hierarchical.HierarchicalTestEngine.execute(HierarchicalTestEngine.java:54)
	at org.junit.platform.launcher.core.EngineExecutionOrchestrator.execute(EngineExecutionOrchestrator.java:198)
	at org.junit.platform.launcher.core.EngineExecutionOrchestrator.execute(EngineExecutionOrchestrator.java:169)
	at org.junit.platform.launcher.core.EngineExecutionOrchestrator.execute(EngineExecutionOrchestrator.java:93)
	at org.junit.platform.launcher.core.EngineExecutionOrchestrator.lambda$execute$0(EngineExecutionOrchestrator.java:58)
	at org.junit.platform.launcher.core.EngineExecutionOrchestrator.withInterceptedStreams(EngineExecutionOrchestrator.java:141)
	at org.junit.platform.launcher.core.EngineExecutionOrchestrator.execute(EngineExecutionOrchestrator.java:57)
	at org.junit.platform.launcher.core.DefaultLauncher.execute(DefaultLauncher.java:103)
	at org.junit.platform.launcher.core.DefaultLauncher.execute(DefaultLauncher.java:85)
	at org.junit.platform.launcher.core.DelegatingLauncher.execute(DelegatingLauncher.java:47)
	at org.apache.maven.surefire.junitplatform.LazyLauncher.execute(LazyLauncher.java:56)
	at org.apache.maven.surefire.junitplatform.JUnitPlatformProvider.execute(JUnitPlatformProvider.java:184)
	at org.apache.maven.surefire.junitplatform.JUnitPlatformProvider.invokeAllTests(JUnitPlatformProvider.java:148)
	at org.apache.maven.surefire.junitplatform.JUnitPlatformProvider.invoke(JUnitPlatformProvider.java:120)
	at org.apache.maven.surefire.booter.ForkedBooter.runSuitesInProcess(ForkedBooter.java:385)
	at org.apache.maven.surefire.booter.ForkedBooter.execute(ForkedBooter.java:162)
	at org.apache.maven.surefire.booter.ForkedBooter.run(ForkedBooter.java:507)
	at org.apache.maven.surefire.booter.ForkedBooter.main(ForkedBooter.java:495)
2024-01-08 10:08:28,912 [main] WARN  node.SCMNodeManager (SCMNodeManager.java:minHealthyVolumeNum(1200)) - Cannot generate NodeStat, datanode bba1c53a-a6f8-4b7f-a0a1-8d65da7b011f not found.
2024-01-08 10:08:28,913 [main] WARN  node.SCMNodeManager (SCMNodeManager.java:minHealthyVolumeNum(1200)) - Cannot generate NodeStat, datanode b5f002a5-35f0-4e5a-a46f-90a89988a4c4 not found.
2024-01-08 10:08:28,913 [main] WARN  node.SCMNodeManager (SCMNodeManager.java:minHealthyVolumeNum(1200)) - Cannot generate NodeStat, datanode 216a7f9c-aee1-4f98-a365-89228e2ed43b not found.
2024-01-08 10:08:28,914 [main] WARN  container.ContainerManagerImpl (ContainerManagerImpl.java:getMatchingContainer(344)) - Container allocation failed on pipeline=Pipeline[ Id: 0a199dab-98f4-47f6-a121-a5f7b5452d65, Nodes: bba1c53a-a6f8-4b7f-a0a1-8d65da7b011f(fv-az1117-812.frmogvfxo1lepnjzqgguis2xib.cx.internal.cloudapp.net/10.1.0.19)b5f002a5-35f0-4e5a-a46f-90a89988a4c4(fv-az1117-812.frmogvfxo1lepnjzqgguis2xib.cx.internal.cloudapp.net/10.1.0.19)216a7f9c-aee1-4f98-a365-89228e2ed43b(fv-az1117-812.frmogvfxo1lepnjzqgguis2xib.cx.internal.cloudapp.net/10.1.0.19), ReplicationConfig: RATIS/THREE, State:OPEN, leaderId:bba1c53a-a6f8-4b7f-a0a1-8d65da7b011f, CreationTimestamp2024-01-08T10:08:26.784Z[Etc/UTC]]
java.lang.IllegalArgumentException
	at com.google.common.base.Preconditions.checkArgument(Preconditions.java:129)
	at org.apache.hadoop.hdds.scm.node.SCMNodeManager.minHealthyVolumeNum(SCMNodeManager.java:1204)
	at org.apache.hadoop.hdds.scm.pipeline.PipelineManagerImpl.minHealthyVolumeNum(PipelineManagerImpl.java:669)
	at org.apache.hadoop.hdds.scm.container.ContainerManagerImpl.getOpenContainerCountPerPipeline(ContainerManagerImpl.java:351)
	at org.apache.hadoop.hdds.scm.container.ContainerManagerImpl.getMatchingContainer(ContainerManagerImpl.java:331)
	at org.apache.hadoop.hdds.scm.pipeline.WritableRatisContainerProvider.selectContainer(WritableRatisContainerProvider.java:193)
	at org.apache.hadoop.hdds.scm.pipeline.WritableRatisContainerProvider.getContainer(WritableRatisContainerProvider.java:163)
	at org.apache.hadoop.hdds.scm.pipeline.WritableRatisContainerProvider.getContainer(WritableRatisContainerProvider.java:138)
	at org.apache.hadoop.hdds.scm.pipeline.WritableContainerFactory.getContainer(WritableContainerFactory.java:74)
	at org.apache.hadoop.fs.ozone.TestSafeMode.lambda$testSafeMode$0(TestSafeMode.java:123)
	at org.junit.jupiter.api.AssertThrows.assertThrows(AssertThrows.java:53)
	at org.junit.jupiter.api.AssertThrows.assertThrows(AssertThrows.java:35)
	at org.junit.jupiter.api.Assertions.assertThrows(Assertions.java:3115)
	at org.apache.hadoop.fs.ozone.TestSafeMode.testSafeMode(TestSafeMode.java:121)
	at org.apache.hadoop.fs.ozone.TestSafeMode.ofs(TestSafeMode.java:92)
	at sun.reflect.NativeMethodAccessorImpl.invoke0(Native Method)
	at sun.reflect.NativeMethodAccessorImpl.invoke(NativeMethodAccessorImpl.java:62)
	at sun.reflect.DelegatingMethodAccessorImpl.invoke(DelegatingMethodAccessorImpl.java:43)
	at java.lang.reflect.Method.invoke(Method.java:498)
	at org.junit.platform.commons.util.ReflectionUtils.invokeMethod(ReflectionUtils.java:728)
	at org.junit.jupiter.engine.execution.MethodInvocation.proceed(MethodInvocation.java:60)
	at org.junit.jupiter.engine.execution.InvocationInterceptorChain$ValidatingInvocation.proceed(InvocationInterceptorChain.java:131)
	at org.junit.jupiter.engine.extension.SameThreadTimeoutInvocation.proceed(SameThreadTimeoutInvocation.java:45)
	at org.junit.jupiter.engine.extension.TimeoutExtension.intercept(TimeoutExtension.java:156)
	at org.junit.jupiter.engine.extension.TimeoutExtension.interceptTestableMethod(TimeoutExtension.java:147)
	at org.junit.jupiter.engine.extension.TimeoutExtension.interceptTestMethod(TimeoutExtension.java:86)
	at org.junit.jupiter.engine.execution.InterceptingExecutableInvoker$ReflectiveInterceptorCall.lambda$ofVoidMethod$0(InterceptingExecutableInvoker.java:103)
	at org.junit.jupiter.engine.execution.InterceptingExecutableInvoker.lambda$invoke$0(InterceptingExecutableInvoker.java:93)
	at org.junit.jupiter.engine.execution.InvocationInterceptorChain$InterceptedInvocation.proceed(InvocationInterceptorChain.java:106)
	at org.junit.jupiter.engine.execution.InvocationInterceptorChain.proceed(InvocationInterceptorChain.java:64)
	at org.junit.jupiter.engine.execution.InvocationInterceptorChain.chainAndInvoke(InvocationInterceptorChain.java:45)
	at org.junit.jupiter.engine.execution.InvocationInterceptorChain.invoke(InvocationInterceptorChain.java:37)
	at org.junit.jupiter.engine.execution.InterceptingExecutableInvoker.invoke(InterceptingExecutableInvoker.java:92)
	at org.junit.jupiter.engine.execution.InterceptingExecutableInvoker.invoke(InterceptingExecutableInvoker.java:86)
	at org.junit.jupiter.engine.descriptor.TestMethodTestDescriptor.lambda$invokeTestMethod$7(TestMethodTestDescriptor.java:218)
	at org.junit.platform.engine.support.hierarchical.ThrowableCollector.execute(ThrowableCollector.java:73)
	at org.junit.jupiter.engine.descriptor.TestMethodTestDescriptor.invokeTestMethod(TestMethodTestDescriptor.java:214)
	at org.junit.jupiter.engine.descriptor.TestMethodTestDescriptor.execute(TestMethodTestDescriptor.java:139)
	at org.junit.jupiter.engine.descriptor.TestMethodTestDescriptor.execute(TestMethodTestDescriptor.java:69)
	at org.junit.platform.engine.support.hierarchical.NodeTestTask.lambda$executeRecursively$6(NodeTestTask.java:151)
	at org.junit.platform.engine.support.hierarchical.ThrowableCollector.execute(ThrowableCollector.java:73)
	at org.junit.platform.engine.support.hierarchical.NodeTestTask.lambda$executeRecursively$8(NodeTestTask.java:141)
	at org.junit.platform.engine.support.hierarchical.Node.around(Node.java:137)
	at org.junit.platform.engine.support.hierarchical.NodeTestTask.lambda$executeRecursively$9(NodeTestTask.java:139)
	at org.junit.platform.engine.support.hierarchical.ThrowableCollector.execute(ThrowableCollector.java:73)
	at org.junit.platform.engine.support.hierarchical.NodeTestTask.executeRecursively(NodeTestTask.java:138)
	at org.junit.platform.engine.support.hierarchical.NodeTestTask.execute(NodeTestTask.java:95)
	at java.util.ArrayList.forEach(ArrayList.java:1259)
	at org.junit.platform.engine.support.hierarchical.SameThreadHierarchicalTestExecutorService.invokeAll(SameThreadHierarchicalTestExecutorService.java:41)
	at org.junit.platform.engine.support.hierarchical.NodeTestTask.lambda$executeRecursively$6(NodeTestTask.java:155)
	at org.junit.platform.engine.support.hierarchical.ThrowableCollector.execute(ThrowableCollector.java:73)
	at org.junit.platform.engine.support.hierarchical.NodeTestTask.lambda$executeRecursively$8(NodeTestTask.java:141)
	at org.junit.platform.engine.support.hierarchical.Node.around(Node.java:137)
	at org.junit.platform.engine.support.hierarchical.NodeTestTask.lambda$executeRecursively$9(NodeTestTask.java:139)
	at org.junit.platform.engine.support.hierarchical.ThrowableCollector.execute(ThrowableCollector.java:73)
	at org.junit.platform.engine.support.hierarchical.NodeTestTask.executeRecursively(NodeTestTask.java:138)
	at org.junit.platform.engine.support.hierarchical.NodeTestTask.execute(NodeTestTask.java:95)
	at java.util.ArrayList.forEach(ArrayList.java:1259)
	at org.junit.platform.engine.support.hierarchical.SameThreadHierarchicalTestExecutorService.invokeAll(SameThreadHierarchicalTestExecutorService.java:41)
	at org.junit.platform.engine.support.hierarchical.NodeTestTask.lambda$executeRecursively$6(NodeTestTask.java:155)
	at org.junit.platform.engine.support.hierarchical.ThrowableCollector.execute(ThrowableCollector.java:73)
	at org.junit.platform.engine.support.hierarchical.NodeTestTask.lambda$executeRecursively$8(NodeTestTask.java:141)
	at org.junit.platform.engine.support.hierarchical.Node.around(Node.java:137)
	at org.junit.platform.engine.support.hierarchical.NodeTestTask.lambda$executeRecursively$9(NodeTestTask.java:139)
	at org.junit.platform.engine.support.hierarchical.ThrowableCollector.execute(ThrowableCollector.java:73)
	at org.junit.platform.engine.support.hierarchical.NodeTestTask.executeRecursively(NodeTestTask.java:138)
	at org.junit.platform.engine.support.hierarchical.NodeTestTask.execute(NodeTestTask.java:95)
	at org.junit.platform.engine.support.hierarchical.SameThreadHierarchicalTestExecutorService.submit(SameThreadHierarchicalTestExecutorService.java:35)
	at org.junit.platform.engine.support.hierarchical.HierarchicalTestExecutor.execute(HierarchicalTestExecutor.java:57)
	at org.junit.platform.engine.support.hierarchical.HierarchicalTestEngine.execute(HierarchicalTestEngine.java:54)
	at org.junit.platform.launcher.core.EngineExecutionOrchestrator.execute(EngineExecutionOrchestrator.java:198)
	at org.junit.platform.launcher.core.EngineExecutionOrchestrator.execute(EngineExecutionOrchestrator.java:169)
	at org.junit.platform.launcher.core.EngineExecutionOrchestrator.execute(EngineExecutionOrchestrator.java:93)
	at org.junit.platform.launcher.core.EngineExecutionOrchestrator.lambda$execute$0(EngineExecutionOrchestrator.java:58)
	at org.junit.platform.launcher.core.EngineExecutionOrchestrator.withInterceptedStreams(EngineExecutionOrchestrator.java:141)
	at org.junit.platform.launcher.core.EngineExecutionOrchestrator.execute(EngineExecutionOrchestrator.java:57)
	at org.junit.platform.launcher.core.DefaultLauncher.execute(DefaultLauncher.java:103)
	at org.junit.platform.launcher.core.DefaultLauncher.execute(DefaultLauncher.java:85)
	at org.junit.platform.launcher.core.DelegatingLauncher.execute(DelegatingLauncher.java:47)
	at org.apache.maven.surefire.junitplatform.LazyLauncher.execute(LazyLauncher.java:56)
	at org.apache.maven.surefire.junitplatform.JUnitPlatformProvider.execute(JUnitPlatformProvider.java:184)
	at org.apache.maven.surefire.junitplatform.JUnitPlatformProvider.invokeAllTests(JUnitPlatformProvider.java:148)
	at org.apache.maven.surefire.junitplatform.JUnitPlatformProvider.invoke(JUnitPlatformProvider.java:120)
	at org.apache.maven.surefire.booter.ForkedBooter.runSuitesInProcess(ForkedBooter.java:385)
	at org.apache.maven.surefire.booter.ForkedBooter.execute(ForkedBooter.java:162)
	at org.apache.maven.surefire.booter.ForkedBooter.run(ForkedBooter.java:507)
	at org.apache.maven.surefire.booter.ForkedBooter.main(ForkedBooter.java:495)
2024-01-08 10:08:28,915 [main] ERROR pipeline.WritableRatisContainerProvider (WritableRatisContainerProvider.java:getContainer(145)) - Unable to allocate a block for the size: 1048576, repConfig: RATIS/THREE
2024-01-08 10:08:28,918 [main] INFO  ozone.MiniOzoneClusterImpl (MiniOzoneClusterImpl.java:shutdown(450)) - Shutting down the Mini Ozone Cluster
2024-01-08 10:08:28,919 [main] INFO  db.CodecTestUtil (CodecTestUtil.java:gc(50)) - gc 0
2024-01-08 10:08:29,180 [main] INFO  ozone.MiniOzoneClusterImpl (MiniOzoneClusterImpl.java:stop(466)) - Stopping the Mini Ozone Cluster
2024-01-08 10:08:29,180 [main] INFO  om.OzoneManager (OzoneManager.java:stop(2204)) - om1[localhost:15004]: Stopping Ozone Manager
2024-01-08 10:08:29,181 [main] INFO  ipc.Server (Server.java:stop(3523)) - Stopping server on 15004
2024-01-08 10:08:29,183 [IPC Server listener on 15004] INFO  ipc.Server (Server.java:run(1434)) - Stopping IPC Server listener on 15004
2024-01-08 10:08:29,183 [IPC Server Responder] INFO  ipc.Server (Server.java:run(1567)) - Stopping IPC Server Responder
2024-01-08 10:08:29,183 [main] INFO  server.RaftServer (RaftServerProxy.java:lambda$close$9(416)) - om1: close
2024-01-08 10:08:29,185 [om1-impl-thread1] INFO  server.RaftServer$Division (RaftServerImpl.java:lambda$close$3(516)) - om1@group-C5BA1605619E: shutdown
2024-01-08 10:08:29,185 [main] INFO  server.GrpcService (GrpcService.java:closeImpl(311)) - om1: shutdown server GrpcServerProtocolService now
2024-01-08 10:08:29,185 [om1-impl-thread1] INFO  util.JmxRegister (JmxRegister.java:unregister(73)) - Successfully un-registered JMX Bean with object name Ratis:service=RaftServer,group=group-C5BA1605619E,id=om1
2024-01-08 10:08:29,186 [om1-impl-thread1] INFO  impl.RoleInfo (RoleInfo.java:shutdownLeaderState(94)) - om1: shutdown om1@group-C5BA1605619E-LeaderStateImpl
2024-01-08 10:08:29,186 [om1-impl-thread1] INFO  impl.PendingRequests (PendingRequests.java:sendNotLeaderResponses(289)) - om1@group-C5BA1605619E-PendingRequests: sendNotLeaderResponses
2024-01-08 10:08:29,193 [om1-impl-thread1] INFO  impl.StateMachineUpdater (StateMachineUpdater.java:stopAndJoin(157)) - om1@group-C5BA1605619E-StateMachineUpdater: set stopIndex = 4
2024-01-08 10:08:29,193 [main] INFO  server.GrpcService (GrpcService.java:closeImpl(320)) - om1: shutdown server GrpcServerProtocolService successfully
2024-01-08 10:08:29,193 [om1@group-C5BA1605619E-StateMachineUpdater] INFO  ratis.OzoneManagerStateMachine (OzoneManagerStateMachine.java:takeSnapshot(496)) - Current Snapshot Index (t:1, i:4)
2024-01-08 10:08:29,209 [om1@group-C5BA1605619E-StateMachineUpdater] INFO  impl.StateMachineUpdater (StateMachineUpdater.java:takeSnapshot(295)) - om1@group-C5BA1605619E-StateMachineUpdater: Took a snapshot at index 4
2024-01-08 10:08:29,209 [om1@group-C5BA1605619E-StateMachineUpdater] INFO  impl.StateMachineUpdater (StateMachineUpdater.java:lambda$new$0(98)) - om1@group-C5BA1605619E-StateMachineUpdater: snapshotIndex: updateIncreasingly -1 -> 4
2024-01-08 10:08:29,209 [om1@group-C5BA1605619E-StateMachineUpdater] INFO  ratis.OzoneManagerStateMachine (OzoneManagerStateMachine.java:close(546)) - StateMachine has shutdown. Shutdown OzoneManager if not already shutdown.
2024-01-08 10:08:29,209 [om1@group-C5BA1605619E-StateMachineUpdater] INFO  ratis.OzoneManagerDoubleBuffer (OzoneManagerDoubleBuffer.java:stopDaemon(536)) - Stopping OMDoubleBuffer flush thread
2024-01-08 10:08:29,210 [om1-OMDoubleBufferFlushThread] INFO  ratis.OzoneManagerDoubleBuffer (OzoneManagerDoubleBuffer.java:canFlush(616)) - OMDoubleBuffer flush thread om1-OMDoubleBufferFlushThread is interrupted and will exit.
2024-01-08 10:08:29,211 [om1@group-C5BA1605619E-StateMachineUpdater] INFO  ratis.OzoneManagerStateMachine (OzoneManagerStateMachine.java:stop(755)) - applyTransactionMap size 0 
2024-01-08 10:08:29,211 [om1@group-C5BA1605619E-StateMachineUpdater] INFO  ratis.OzoneManagerStateMachine (OzoneManagerStateMachine.java:stop(761)) - ratisTransactionMap size 0
2024-01-08 10:08:29,212 [om1-impl-thread1] INFO  server.RaftServer$Division (ServerState.java:close(423)) - om1@group-C5BA1605619E: applyIndex: 4
2024-01-08 10:08:29,212 [om1@group-C5BA1605619E-cacheEviction-AwaitToRun] INFO  util.AwaitToRun (AwaitToRun.java:run(49)) - om1@group-C5BA1605619E-cacheEviction-AwaitToRun-AwaitForSignal is interrupted
2024-01-08 10:08:29,349 [Mini-Cluster-Provider-Create] INFO  ozone.MiniOzoneClusterImpl (MiniOzoneClusterImpl.java:lambda$waitForClusterToBeReady$0(230)) - Nodes are ready. Got 3 of 3 DN Heartbeats.
2024-01-08 10:08:29,349 [Mini-Cluster-Provider-Create] INFO  ozone.MiniOzoneClusterImpl (MiniOzoneClusterImpl.java:lambda$waitForClusterToBeReady$0(233)) - Waiting for cluster to exit safe mode
2024-01-08 10:08:29,349 [Mini-Cluster-Provider-Create] INFO  ozone.MiniOzoneClusterImpl (MiniOzoneClusterImpl.java:lambda$waitForClusterToBeReady$0(235)) - SCM became leader
2024-01-08 10:08:29,410 [om1-impl-thread1] INFO  segmented.SegmentedRaftLogWorker (SegmentedRaftLogWorker.java:close(243)) - om1@group-C5BA1605619E-SegmentedRaftLogWorker close()
2024-01-08 10:08:29,411 [JvmPauseMonitor1] INFO  util.JvmPauseMonitor (JvmPauseMonitor.java:run(152)) - JvmPauseMonitor-om1: Stopped
2024-01-08 10:08:29,411 [main] INFO  ratis.OzoneManagerStateMachine (OzoneManagerStateMachine.java:close(546)) - StateMachine has shutdown. Shutdown OzoneManager if not already shutdown.
2024-01-08 10:08:29,411 [main] INFO  ratis.OzoneManagerDoubleBuffer (OzoneManagerDoubleBuffer.java:stopDaemon(545)) - OMDoubleBuffer flush thread is not running.
2024-01-08 10:08:29,412 [main] INFO  ratis.OzoneManagerStateMachine (OzoneManagerStateMachine.java:stop(755)) - applyTransactionMap size 0 
2024-01-08 10:08:29,412 [main] INFO  ratis.OzoneManagerStateMachine (OzoneManagerStateMachine.java:stop(761)) - ratisTransactionMap size 0
2024-01-08 10:08:29,412 [main] INFO  utils.BackgroundService (BackgroundService.java:shutdown(160)) - Shutting down service KeyDeletingService
2024-01-08 10:08:29,412 [main] INFO  utils.BackgroundService (BackgroundService.java:shutdown(160)) - Shutting down service DirectoryDeletingService
2024-01-08 10:08:29,412 [main] INFO  utils.BackgroundService (BackgroundService.java:shutdown(160)) - Shutting down service OpenKeyCleanupService
2024-01-08 10:08:29,413 [main] INFO  utils.BackgroundService (BackgroundService.java:shutdown(160)) - Shutting down service SstFilteringService
2024-01-08 10:08:29,413 [main] INFO  utils.BackgroundService (BackgroundService.java:shutdown(160)) - Shutting down service SnapshotDeletingService
2024-01-08 10:08:29,413 [main] INFO  utils.BackgroundService (BackgroundService.java:shutdown(160)) - Shutting down service MultipartUploadCleanupService
2024-01-08 10:08:29,413 [main] INFO  utils.BackgroundService (BackgroundService.java:shutdown(160)) - Shutting down service SnapshotDirectoryCleaningService
2024-01-08 10:08:29,415 [main] INFO  handler.ContextHandler (ContextHandler.java:doStop(1159)) - Stopped o.e.j.w.WebAppContext@2288362e{ozoneManager,/,null,STOPPED}{file:/home/runner/work/ozone/ozone/hadoop-ozone/integration-test/target/test-classes/webapps/ozoneManager}
2024-01-08 10:08:29,415 [main] INFO  server.AbstractConnector (AbstractConnector.java:doStop(383)) - Stopped ServerConnector@330a2f1{HTTP/1.1, (http/1.1)}{0.0.0.0:15005}
2024-01-08 10:08:29,416 [main] INFO  server.session (HouseKeeper.java:stopScavenging(149)) - node0 Stopped scavenging
2024-01-08 10:08:29,417 [main] INFO  handler.ContextHandler (ContextHandler.java:doStop(1159)) - Stopped o.e.j.s.ServletContextHandler@50dfc10{static,/static,file:///home/runner/work/ozone/ozone/hadoop-ozone/integration-test/target/test-classes/webapps/static,STOPPED}
2024-01-08 10:08:29,418 [main] INFO  handler.ContextHandler (ContextHandler.java:doStop(1159)) - Stopped o.e.j.s.ServletContextHandler@3c42aeac{logs,/logs,file:///home/runner/work/ozone/ozone/hadoop-ozone/integration-test/target/log,STOPPED}
2024-01-08 10:08:29,418 [main] INFO  rocksdiff.RocksDBCheckpointDiffer (RocksDBCheckpointDiffer.java:close(310)) - Shutting down CompactionDagPruningService.
2024-01-08 10:08:29,420 [main] INFO  snapshot.SnapshotDiffManager (SnapshotDiffManager.java:closeExecutorService(1688)) - Shutting down executorService: 'SnapDiffExecutor'
2024-01-08 10:08:29,421 [main] INFO  snapshot.SnapshotDiffManager (SnapshotDiffManager.java:closeExecutorService(1688)) - Shutting down executorService: 'SstDumpToolExecutor'
2024-01-08 10:08:29,421 [main] INFO  utils.BackgroundService (BackgroundService.java:shutdown(160)) - Shutting down service SnapshotDiffCleanupService
2024-01-08 10:08:29,422 [main] INFO  ozone.MiniOzoneClusterImpl (MiniOzoneClusterImpl.java:stopDatanodes(536)) - Stopping the HddsDatanodes
2024-01-08 10:08:29,423 [main] INFO  ozone.MiniOzoneClusterImpl (MiniOzoneClusterImpl.java:stopSCM(551)) - Stopping the StorageContainerManager
2024-01-08 10:08:29,423 [main] INFO  server.StorageContainerManager (StorageContainerManager.java:stop(1654)) - Container Balancer is not running.
2024-01-08 10:08:29,423 [main] INFO  server.StorageContainerManager (StorageContainerManager.java:stopReplicationManager(1787)) - Stopping Replication Manager Service.
2024-01-08 10:08:29,424 [main] INFO  replication.ReplicationManager (ReplicationManager.java:stop(326)) - Stopping Replication Monitor Thread.
2024-01-08 10:08:29,424 [main] INFO  server.StorageContainerManager (StorageContainerManager.java:stop(1663)) - Stopping the Datanode Admin Monitor.
2024-01-08 10:08:29,424 [ReplicationMonitor] INFO  replication.ReplicationManager (ReplicationManager.java:run(933)) - Replication Monitor Thread is stopped
2024-01-08 10:08:29,424 [main] INFO  server.StorageContainerManager (StorageContainerManager.java:stop(1670)) - Stopping datanode service RPC server
2024-01-08 10:08:29,424 [main] INFO  server.SCMDatanodeProtocolServer (SCMDatanodeProtocolServer.java:stop(424)) - Stopping the RPC server for DataNodes
2024-01-08 10:08:29,424 [OverReplicatedProcessor] WARN  replication.UnhealthyReplicationProcessor (UnhealthyReplicationProcessor.java:run(180)) - OverReplicatedProcessor interrupted. Exiting...
2024-01-08 10:08:29,424 [UnderReplicatedProcessor] WARN  replication.UnhealthyReplicationProcessor (UnhealthyReplicationProcessor.java:run(180)) - UnderReplicatedProcessor interrupted. Exiting...
2024-01-08 10:08:29,424 [main] INFO  ipc.Server (Server.java:stop(3523)) - Stopping server on 15002
2024-01-08 10:08:29,426 [IPC Server listener on 15002] INFO  ipc.Server (Server.java:run(1434)) - Stopping IPC Server listener on 15002
2024-01-08 10:08:29,426 [IPC Server Responder] INFO  ipc.Server (Server.java:run(1567)) - Stopping IPC Server Responder
2024-01-08 10:08:29,478 [SCMHeartbeatProcessor-0] WARN  node.NodeStateManager (NodeStateManager.java:scheduleNextHealthCheck(878)) - Current Thread is interrupted, shutting down HB processing thread for Node Manager.
2024-01-08 10:08:29,478 [main] INFO  server.StorageContainerManager (StorageContainerManager.java:stop(1678)) - Stopping block service RPC server
2024-01-08 10:08:29,478 [main] INFO  server.SCMBlockProtocolServer (SCMBlockProtocolServer.java:stop(168)) - Stopping the RPC server for Block Protocol
2024-01-08 10:08:29,478 [main] INFO  ipc.Server (Server.java:stop(3523)) - Stopping server on 15001
2024-01-08 10:08:29,479 [IPC Server listener on 15001] INFO  ipc.Server (Server.java:run(1434)) - Stopping IPC Server listener on 15001
2024-01-08 10:08:29,479 [IPC Server Responder] INFO  ipc.Server (Server.java:run(1567)) - Stopping IPC Server Responder
2024-01-08 10:08:29,479 [main] INFO  server.StorageContainerManager (StorageContainerManager.java:stop(1685)) - Stopping the StorageContainerLocationProtocol RPC server
2024-01-08 10:08:29,480 [main] INFO  server.SCMClientProtocolServer (SCMClientProtocolServer.java:stop(210)) - Stopping the RPC server for Client Protocol
2024-01-08 10:08:29,480 [main] INFO  ipc.Server (Server.java:stop(3523)) - Stopping server on 15000
2024-01-08 10:08:29,483 [IPC Server listener on 15000] INFO  ipc.Server (Server.java:run(1434)) - Stopping IPC Server listener on 15000
2024-01-08 10:08:29,483 [IPC Server Responder] INFO  ipc.Server (Server.java:run(1567)) - Stopping IPC Server Responder
2024-01-08 10:08:29,484 [main] INFO  server.StorageContainerManager (StorageContainerManager.java:stop(1692)) - Stopping Storage Container Manager HTTP server.
2024-01-08 10:08:29,485 [main] INFO  handler.ContextHandler (ContextHandler.java:doStop(1159)) - Stopped o.e.j.w.WebAppContext@6d0e45a5{scm,/,null,STOPPED}{file:/home/runner/work/ozone/ozone/hadoop-ozone/integration-test/target/test-classes/webapps/scm}
2024-01-08 10:08:29,485 [main] INFO  server.AbstractConnector (AbstractConnector.java:doStop(383)) - Stopped ServerConnector@24134cbc{HTTP/1.1, (http/1.1)}{0.0.0.0:15003}
2024-01-08 10:08:29,485 [main] INFO  server.session (HouseKeeper.java:stopScavenging(149)) - node0 Stopped scavenging
2024-01-08 10:08:29,486 [main] INFO  handler.ContextHandler (ContextHandler.java:doStop(1159)) - Stopped o.e.j.s.ServletContextHandler@4c18516{static,/static,file:///home/runner/work/ozone/ozone/hadoop-ozone/integration-test/target/test-classes/webapps/static,STOPPED}
2024-01-08 10:08:29,486 [main] INFO  handler.ContextHandler (ContextHandler.java:doStop(1159)) - Stopped o.e.j.s.ServletContextHandler@15605d83{logs,/logs,file:///home/runner/work/ozone/ozone/hadoop-ozone/integration-test/target/log,STOPPED}
2024-01-08 10:08:29,487 [main] INFO  server.StorageContainerManager (StorageContainerManager.java:stop(1700)) - Stopping SCM LayoutVersionManager Service.
2024-01-08 10:08:29,487 [main] INFO  server.StorageContainerManager (StorageContainerManager.java:stop(1712)) - Stopping Block Manager Service.
2024-01-08 10:08:29,487 [main] INFO  utils.BackgroundService (BackgroundService.java:shutdown(160)) - Shutting down service SCMBlockDeletingService
2024-01-08 10:08:29,487 [main] INFO  utils.BackgroundService (BackgroundService.java:shutdown(160)) - Shutting down service SCMBlockDeletingService
2024-01-08 10:08:29,488 [main] INFO  server.StorageContainerManager (StorageContainerManager.java:stop(1732)) - Stopping SCM Event Queue.
2024-01-08 10:08:29,488 [JvmPauseMonitor10] INFO  util.JvmPauseMonitor (JvmPauseMonitor.java:run(152)) - JvmPauseMonitor-729a6255-0a46-4a06-9d0b-725172a9ca4c: Stopped
2024-01-08 10:08:29,488 [main] INFO  server.StorageContainerManager (StorageContainerManager.java:stop(1743)) - Stopping SCM HA services.
2024-01-08 10:08:29,488 [main] INFO  pipeline.BackgroundPipelineCreator (BackgroundPipelineCreator.java:stop(152)) - Stopping RatisPipelineUtilsThread.
2024-01-08 10:08:29,489 [RatisPipelineUtilsThread-0] WARN  pipeline.BackgroundPipelineCreator (BackgroundPipelineCreator.java:run(183)) - RatisPipelineUtilsThread is interrupted.
2024-01-08 10:08:29,489 [main] INFO  BackgroundPipelineScrubber (BackgroundSCMService.java:stop(131)) - Stopping BackgroundPipelineScrubber Service.
2024-01-08 10:08:29,489 [BackgroundPipelineScrubber] WARN  BackgroundPipelineScrubber (BackgroundSCMService.java:run(115)) - BackgroundPipelineScrubber is interrupted, exit
2024-01-08 10:08:29,489 [main] INFO  impl.MetricsSystemImpl (MetricsSystemImpl.java:stop(210)) - Stopping StorageContainerManager metrics system...
2024-01-08 10:08:29,491 [prometheus] INFO  impl.MetricsSinkAdapter (MetricsSinkAdapter.java:publishMetricsFromQueue(141)) - prometheus thread interrupted.
2024-01-08 10:08:29,492 [main] INFO  impl.MetricsSystemImpl (MetricsSystemImpl.java:stop(216)) - StorageContainerManager metrics system stopped.
2024-01-08 10:08:29,492 [main] WARN  pipeline.BackgroundPipelineCreator (BackgroundPipelineCreator.java:stop(148)) - RatisPipelineUtilsThread is not running, just ignore.
2024-01-08 10:08:29,492 [main] INFO  BackgroundPipelineScrubber (BackgroundSCMService.java:stop(126)) - BackgroundPipelineScrubber Service is not running, skip stop.
2024-01-08 10:08:29,492 [main] INFO  ExpiredContainerReplicaOpScrubber (BackgroundSCMService.java:stop(131)) - Stopping ExpiredContainerReplicaOpScrubber Service.
2024-01-08 10:08:29,493 [main] INFO  utils.BackgroundService (BackgroundService.java:shutdown(160)) - Shutting down service SCMBlockDeletingService
2024-01-08 10:08:29,492 [ExpiredContainerReplicaOpScrubber] WARN  ExpiredContainerReplicaOpScrubber (BackgroundSCMService.java:run(115)) - ExpiredContainerReplicaOpScrubber is interrupted, exit
2024-01-08 10:08:29,493 [main] INFO  replication.ReplicationManager (ReplicationManager.java:stop(336)) - Replication Monitor Thread is not running.
2024-01-08 10:08:29,493 [main] WARN  balancer.ContainerBalancer (ContainerBalancer.java:stop(327)) - Cannot stop Container Balancer because it's not running or stopping
2024-01-08 10:08:29,493 [main] INFO  server.StorageContainerManager (StorageContainerManager.java:stop(1778)) - Stopping SCM MetadataStore.
2024-01-08 10:08:29,493 [LeaseManager#LeaseMonitor] WARN  lease.LeaseManager (LeaseManager.java:run(287)) - Lease manager is interrupted. Shutting down...
java.lang.InterruptedException
	at java.util.concurrent.locks.AbstractQueuedSynchronizer.doAcquireSharedNanos(AbstractQueuedSynchronizer.java:1039)
	at java.util.concurrent.locks.AbstractQueuedSynchronizer.tryAcquireSharedNanos(AbstractQueuedSynchronizer.java:1328)
	at java.util.concurrent.Semaphore.tryAcquire(Semaphore.java:409)
	at org.apache.hadoop.ozone.lease.LeaseManager$LeaseMonitor.run(LeaseManager.java:285)
	at java.lang.Thread.run(Thread.java:750)
]]></system-out>
  </testcase>
  <testcase name="o3fs" classname="org.apache.hadoop.fs.ozone.TestSafeMode" time="72.896">
    <error message="o3fs() timed out after 60 seconds" type="java.util.concurrent.TimeoutException"><![CDATA[java.util.concurrent.TimeoutException: o3fs() timed out after 60 seconds
	at java.util.ArrayList.forEach(ArrayList.java:1259)
	at java.util.ArrayList.forEach(ArrayList.java:1259)
]]></error>
    <system-out><![CDATA[2024-01-08 10:08:30,213 [e6c09ac7-730a-4058-a1a8-e64ffc2fb789@group-9B77B35A0EB3-FollowerState] INFO  impl.FollowerState (FollowerState.java:run(143)) - e6c09ac7-730a-4058-a1a8-e64ffc2fb789@group-9B77B35A0EB3-FollowerState: change to CANDIDATE, lastRpcElapsedTime:5008128815ns, electionTimeout:5005ms
2024-01-08 10:08:30,213 [e6c09ac7-730a-4058-a1a8-e64ffc2fb789@group-9B77B35A0EB3-FollowerState] INFO  impl.RoleInfo (RoleInfo.java:shutdownFollowerState(110)) - e6c09ac7-730a-4058-a1a8-e64ffc2fb789: shutdown e6c09ac7-730a-4058-a1a8-e64ffc2fb789@group-9B77B35A0EB3-FollowerState
2024-01-08 10:08:30,213 [e6c09ac7-730a-4058-a1a8-e64ffc2fb789@group-9B77B35A0EB3-FollowerState] INFO  server.RaftServer$Division (RaftServerImpl.java:setRole(379)) - e6c09ac7-730a-4058-a1a8-e64ffc2fb789@group-9B77B35A0EB3: changes role from  FOLLOWER to CANDIDATE at term 0 for changeToCandidate
2024-01-08 10:08:30,213 [e6c09ac7-730a-4058-a1a8-e64ffc2fb789@group-9B77B35A0EB3-FollowerState] INFO  server.RaftServerConfigKeys (ConfUtils.java:logGet(46)) - raft.server.leaderelection.pre-vote = true (default)
2024-01-08 10:08:30,213 [e6c09ac7-730a-4058-a1a8-e64ffc2fb789@group-9B77B35A0EB3-FollowerState] INFO  impl.RoleInfo (RoleInfo.java:updateAndGet(139)) - e6c09ac7-730a-4058-a1a8-e64ffc2fb789: start e6c09ac7-730a-4058-a1a8-e64ffc2fb789@group-9B77B35A0EB3-LeaderElection9
2024-01-08 10:08:30,215 [e6c09ac7-730a-4058-a1a8-e64ffc2fb789@group-9B77B35A0EB3-LeaderElection9] INFO  impl.LeaderElection (LeaderElection.java:askForVotes(323)) - e6c09ac7-730a-4058-a1a8-e64ffc2fb789@group-9B77B35A0EB3-LeaderElection9 PRE_VOTE round 0: submit vote requests at term 0 for -1: peers:[d591e5af-e8f5-464c-8a55-75d5e8fc5b83|10.1.0.19:15049, 6df5c950-b1f8-41e9-a8bd-47cd1228c3d6|10.1.0.19:15067, e6c09ac7-730a-4058-a1a8-e64ffc2fb789|10.1.0.19:15058]|listeners:[], old=null
2024-01-08 10:08:30,215 [e6c09ac7-730a-4058-a1a8-e64ffc2fb789@group-9B77B35A0EB3-LeaderElection9-1] INFO  server.GrpcServerProtocolClient (GrpcServerProtocolClient.java:<init>(65)) - Build channel for d591e5af-e8f5-464c-8a55-75d5e8fc5b83
2024-01-08 10:08:30,215 [e6c09ac7-730a-4058-a1a8-e64ffc2fb789@group-9B77B35A0EB3-LeaderElection9-2] INFO  server.GrpcServerProtocolClient (GrpcServerProtocolClient.java:<init>(65)) - Build channel for 6df5c950-b1f8-41e9-a8bd-47cd1228c3d6
2024-01-08 10:08:30,215 [e6c09ac7-730a-4058-a1a8-e64ffc2fb789@group-9B77B35A0EB3-LeaderElection9] INFO  server.RaftServerConfigKeys (ConfUtils.java:logFallback(53)) - raft.server.rpc.first-election.timeout.min = 5s (fallback to raft.server.rpc.timeout.min)
2024-01-08 10:08:30,215 [e6c09ac7-730a-4058-a1a8-e64ffc2fb789@group-9B77B35A0EB3-LeaderElection9] INFO  server.RaftServerConfigKeys (ConfUtils.java:logFallback(53)) - raft.server.rpc.first-election.timeout.max = 5200ms (fallback to raft.server.rpc.timeout.max)
2024-01-08 10:08:30,221 [grpc-default-executor-0] INFO  server.RaftServer$Division (RaftServerImpl.java:requestVote(1377)) - d591e5af-e8f5-464c-8a55-75d5e8fc5b83@group-9B77B35A0EB3: receive requestVote(PRE_VOTE, e6c09ac7-730a-4058-a1a8-e64ffc2fb789, group-9B77B35A0EB3, 0, (t:0, i:0))
2024-01-08 10:08:30,221 [grpc-default-executor-0] INFO  impl.VoteContext (VoteContext.java:log(49)) - d591e5af-e8f5-464c-8a55-75d5e8fc5b83@group-9B77B35A0EB3-FOLLOWER: accept PRE_VOTE from e6c09ac7-730a-4058-a1a8-e64ffc2fb789: our priority 0 <= candidate's priority 1
2024-01-08 10:08:30,221 [grpc-default-executor-0] INFO  server.RaftServer$Division (RaftServerImpl.java:requestVote(1410)) - d591e5af-e8f5-464c-8a55-75d5e8fc5b83@group-9B77B35A0EB3 replies to PRE_VOTE vote request: e6c09ac7-730a-4058-a1a8-e64ffc2fb789<-d591e5af-e8f5-464c-8a55-75d5e8fc5b83#0:OK-t0. Peer's state: d591e5af-e8f5-464c-8a55-75d5e8fc5b83@group-9B77B35A0EB3:t0, leader=null, voted=, raftlog=Memoized:d591e5af-e8f5-464c-8a55-75d5e8fc5b83@group-9B77B35A0EB3-SegmentedRaftLog:OPENED:c-1, conf=-1: peers:[d591e5af-e8f5-464c-8a55-75d5e8fc5b83|10.1.0.19:15049, 6df5c950-b1f8-41e9-a8bd-47cd1228c3d6|10.1.0.19:15067, e6c09ac7-730a-4058-a1a8-e64ffc2fb789|10.1.0.19:15058]|listeners:[], old=null
2024-01-08 10:08:30,223 [e6c09ac7-730a-4058-a1a8-e64ffc2fb789@group-9B77B35A0EB3-LeaderElection9] INFO  impl.LeaderElection (LeaderElection.java:logAndReturn(89)) - e6c09ac7-730a-4058-a1a8-e64ffc2fb789@group-9B77B35A0EB3-LeaderElection9: PRE_VOTE PASSED received 1 response(s) and 0 exception(s):
2024-01-08 10:08:30,223 [e6c09ac7-730a-4058-a1a8-e64ffc2fb789@group-9B77B35A0EB3-LeaderElection9] INFO  impl.LeaderElection (LeaderElection.java:logAndReturn(93)) -   Response 0: e6c09ac7-730a-4058-a1a8-e64ffc2fb789<-d591e5af-e8f5-464c-8a55-75d5e8fc5b83#0:OK-t0
2024-01-08 10:08:30,223 [e6c09ac7-730a-4058-a1a8-e64ffc2fb789@group-9B77B35A0EB3-LeaderElection9] INFO  impl.LeaderElection (LeaderElection.java:askForVotes(325)) - e6c09ac7-730a-4058-a1a8-e64ffc2fb789@group-9B77B35A0EB3-LeaderElection9 PRE_VOTE round 0: result PASSED
2024-01-08 10:08:30,224 [grpc-default-executor-0] INFO  server.RaftServer$Division (RaftServerImpl.java:requestVote(1377)) - 6df5c950-b1f8-41e9-a8bd-47cd1228c3d6@group-9B77B35A0EB3: receive requestVote(PRE_VOTE, e6c09ac7-730a-4058-a1a8-e64ffc2fb789, group-9B77B35A0EB3, 0, (t:0, i:0))
2024-01-08 10:08:30,224 [grpc-default-executor-0] INFO  impl.VoteContext (VoteContext.java:log(49)) - 6df5c950-b1f8-41e9-a8bd-47cd1228c3d6@group-9B77B35A0EB3-FOLLOWER: accept PRE_VOTE from e6c09ac7-730a-4058-a1a8-e64ffc2fb789: our priority 0 <= candidate's priority 1
2024-01-08 10:08:30,224 [grpc-default-executor-0] INFO  server.RaftServer$Division (RaftServerImpl.java:requestVote(1410)) - 6df5c950-b1f8-41e9-a8bd-47cd1228c3d6@group-9B77B35A0EB3 replies to PRE_VOTE vote request: e6c09ac7-730a-4058-a1a8-e64ffc2fb789<-6df5c950-b1f8-41e9-a8bd-47cd1228c3d6#0:OK-t0. Peer's state: 6df5c950-b1f8-41e9-a8bd-47cd1228c3d6@group-9B77B35A0EB3:t0, leader=null, voted=, raftlog=Memoized:6df5c950-b1f8-41e9-a8bd-47cd1228c3d6@group-9B77B35A0EB3-SegmentedRaftLog:OPENED:c-1, conf=-1: peers:[d591e5af-e8f5-464c-8a55-75d5e8fc5b83|10.1.0.19:15049, 6df5c950-b1f8-41e9-a8bd-47cd1228c3d6|10.1.0.19:15067, e6c09ac7-730a-4058-a1a8-e64ffc2fb789|10.1.0.19:15058]|listeners:[], old=null
2024-01-08 10:08:30,225 [e6c09ac7-730a-4058-a1a8-e64ffc2fb789@group-9B77B35A0EB3-LeaderElection9] INFO  impl.LeaderElection (LeaderElection.java:askForVotes(323)) - e6c09ac7-730a-4058-a1a8-e64ffc2fb789@group-9B77B35A0EB3-LeaderElection9 ELECTION round 0: submit vote requests at term 1 for -1: peers:[d591e5af-e8f5-464c-8a55-75d5e8fc5b83|10.1.0.19:15049, 6df5c950-b1f8-41e9-a8bd-47cd1228c3d6|10.1.0.19:15067, e6c09ac7-730a-4058-a1a8-e64ffc2fb789|10.1.0.19:15058]|listeners:[], old=null
2024-01-08 10:08:30,226 [e6c09ac7-730a-4058-a1a8-e64ffc2fb789@group-9B77B35A0EB3-LeaderElection9] INFO  server.RaftServerConfigKeys (ConfUtils.java:logFallback(53)) - raft.server.rpc.first-election.timeout.min = 5s (fallback to raft.server.rpc.timeout.min)
2024-01-08 10:08:30,226 [e6c09ac7-730a-4058-a1a8-e64ffc2fb789@group-9B77B35A0EB3-LeaderElection9] INFO  server.RaftServerConfigKeys (ConfUtils.java:logFallback(53)) - raft.server.rpc.first-election.timeout.max = 5200ms (fallback to raft.server.rpc.timeout.max)
2024-01-08 10:08:30,228 [grpc-default-executor-3] INFO  server.RaftServer$Division (RaftServerImpl.java:requestVote(1377)) - 6df5c950-b1f8-41e9-a8bd-47cd1228c3d6@group-9B77B35A0EB3: receive requestVote(ELECTION, e6c09ac7-730a-4058-a1a8-e64ffc2fb789, group-9B77B35A0EB3, 1, (t:0, i:0))
2024-01-08 10:08:30,229 [grpc-default-executor-3] INFO  impl.VoteContext (VoteContext.java:log(49)) - 6df5c950-b1f8-41e9-a8bd-47cd1228c3d6@group-9B77B35A0EB3-FOLLOWER: accept ELECTION from e6c09ac7-730a-4058-a1a8-e64ffc2fb789: our priority 0 <= candidate's priority 1
2024-01-08 10:08:30,229 [grpc-default-executor-3] INFO  server.RaftServer$Division (RaftServerImpl.java:setRole(379)) - 6df5c950-b1f8-41e9-a8bd-47cd1228c3d6@group-9B77B35A0EB3: changes role from  FOLLOWER to FOLLOWER at term 1 for candidate:e6c09ac7-730a-4058-a1a8-e64ffc2fb789
2024-01-08 10:08:30,229 [grpc-default-executor-3] INFO  impl.RoleInfo (RoleInfo.java:shutdownFollowerState(110)) - 6df5c950-b1f8-41e9-a8bd-47cd1228c3d6: shutdown 6df5c950-b1f8-41e9-a8bd-47cd1228c3d6@group-9B77B35A0EB3-FollowerState
2024-01-08 10:08:30,229 [grpc-default-executor-3] INFO  impl.RoleInfo (RoleInfo.java:updateAndGet(139)) - 6df5c950-b1f8-41e9-a8bd-47cd1228c3d6: start 6df5c950-b1f8-41e9-a8bd-47cd1228c3d6@group-9B77B35A0EB3-FollowerState
2024-01-08 10:08:30,229 [6df5c950-b1f8-41e9-a8bd-47cd1228c3d6@group-9B77B35A0EB3-FollowerState] INFO  impl.FollowerState (FollowerState.java:run(152)) - 6df5c950-b1f8-41e9-a8bd-47cd1228c3d6@group-9B77B35A0EB3-FollowerState was interrupted
2024-01-08 10:08:30,229 [grpc-default-executor-3] INFO  server.RaftServer$Division (RaftServerImpl.java:setFirstElection(564)) - 6df5c950-b1f8-41e9-a8bd-47cd1228c3d6@group-9B77B35A0EB3: set firstElectionSinceStartup to false for candidate:e6c09ac7-730a-4058-a1a8-e64ffc2fb789
2024-01-08 10:08:30,230 [grpc-default-executor-0] INFO  server.RaftServer$Division (RaftServerImpl.java:requestVote(1377)) - d591e5af-e8f5-464c-8a55-75d5e8fc5b83@group-9B77B35A0EB3: receive requestVote(ELECTION, e6c09ac7-730a-4058-a1a8-e64ffc2fb789, group-9B77B35A0EB3, 1, (t:0, i:0))
2024-01-08 10:08:30,230 [grpc-default-executor-0] INFO  impl.VoteContext (VoteContext.java:log(49)) - d591e5af-e8f5-464c-8a55-75d5e8fc5b83@group-9B77B35A0EB3-FOLLOWER: accept ELECTION from e6c09ac7-730a-4058-a1a8-e64ffc2fb789: our priority 0 <= candidate's priority 1
2024-01-08 10:08:30,230 [grpc-default-executor-0] INFO  server.RaftServer$Division (RaftServerImpl.java:setRole(379)) - d591e5af-e8f5-464c-8a55-75d5e8fc5b83@group-9B77B35A0EB3: changes role from  FOLLOWER to FOLLOWER at term 1 for candidate:e6c09ac7-730a-4058-a1a8-e64ffc2fb789
2024-01-08 10:08:30,230 [grpc-default-executor-0] INFO  impl.RoleInfo (RoleInfo.java:shutdownFollowerState(110)) - d591e5af-e8f5-464c-8a55-75d5e8fc5b83: shutdown d591e5af-e8f5-464c-8a55-75d5e8fc5b83@group-9B77B35A0EB3-FollowerState
2024-01-08 10:08:30,230 [grpc-default-executor-0] INFO  impl.RoleInfo (RoleInfo.java:updateAndGet(139)) - d591e5af-e8f5-464c-8a55-75d5e8fc5b83: start d591e5af-e8f5-464c-8a55-75d5e8fc5b83@group-9B77B35A0EB3-FollowerState
2024-01-08 10:08:30,230 [d591e5af-e8f5-464c-8a55-75d5e8fc5b83@group-9B77B35A0EB3-FollowerState] INFO  impl.FollowerState (FollowerState.java:run(152)) - d591e5af-e8f5-464c-8a55-75d5e8fc5b83@group-9B77B35A0EB3-FollowerState was interrupted
2024-01-08 10:08:30,231 [grpc-default-executor-3] INFO  server.RaftServer$Division (RaftServerImpl.java:requestVote(1410)) - 6df5c950-b1f8-41e9-a8bd-47cd1228c3d6@group-9B77B35A0EB3 replies to ELECTION vote request: e6c09ac7-730a-4058-a1a8-e64ffc2fb789<-6df5c950-b1f8-41e9-a8bd-47cd1228c3d6#0:OK-t1. Peer's state: 6df5c950-b1f8-41e9-a8bd-47cd1228c3d6@group-9B77B35A0EB3:t1, leader=null, voted=e6c09ac7-730a-4058-a1a8-e64ffc2fb789, raftlog=Memoized:6df5c950-b1f8-41e9-a8bd-47cd1228c3d6@group-9B77B35A0EB3-SegmentedRaftLog:OPENED:c-1, conf=-1: peers:[d591e5af-e8f5-464c-8a55-75d5e8fc5b83|10.1.0.19:15049, 6df5c950-b1f8-41e9-a8bd-47cd1228c3d6|10.1.0.19:15067, e6c09ac7-730a-4058-a1a8-e64ffc2fb789|10.1.0.19:15058]|listeners:[], old=null
2024-01-08 10:08:30,231 [grpc-default-executor-0] INFO  server.RaftServer$Division (RaftServerImpl.java:setFirstElection(564)) - d591e5af-e8f5-464c-8a55-75d5e8fc5b83@group-9B77B35A0EB3: set firstElectionSinceStartup to false for candidate:e6c09ac7-730a-4058-a1a8-e64ffc2fb789
2024-01-08 10:08:30,235 [grpc-default-executor-0] INFO  server.RaftServer$Division (RaftServerImpl.java:requestVote(1410)) - d591e5af-e8f5-464c-8a55-75d5e8fc5b83@group-9B77B35A0EB3 replies to ELECTION vote request: e6c09ac7-730a-4058-a1a8-e64ffc2fb789<-d591e5af-e8f5-464c-8a55-75d5e8fc5b83#0:OK-t1. Peer's state: d591e5af-e8f5-464c-8a55-75d5e8fc5b83@group-9B77B35A0EB3:t1, leader=null, voted=e6c09ac7-730a-4058-a1a8-e64ffc2fb789, raftlog=Memoized:d591e5af-e8f5-464c-8a55-75d5e8fc5b83@group-9B77B35A0EB3-SegmentedRaftLog:OPENED:c-1, conf=-1: peers:[d591e5af-e8f5-464c-8a55-75d5e8fc5b83|10.1.0.19:15049, 6df5c950-b1f8-41e9-a8bd-47cd1228c3d6|10.1.0.19:15067, e6c09ac7-730a-4058-a1a8-e64ffc2fb789|10.1.0.19:15058]|listeners:[], old=null
2024-01-08 10:08:30,235 [e6c09ac7-730a-4058-a1a8-e64ffc2fb789@group-9B77B35A0EB3-LeaderElection9] INFO  impl.LeaderElection (LeaderElection.java:logAndReturn(89)) - e6c09ac7-730a-4058-a1a8-e64ffc2fb789@group-9B77B35A0EB3-LeaderElection9: ELECTION PASSED received 1 response(s) and 0 exception(s):
2024-01-08 10:08:30,235 [e6c09ac7-730a-4058-a1a8-e64ffc2fb789@group-9B77B35A0EB3-LeaderElection9] INFO  impl.LeaderElection (LeaderElection.java:logAndReturn(93)) -   Response 0: e6c09ac7-730a-4058-a1a8-e64ffc2fb789<-6df5c950-b1f8-41e9-a8bd-47cd1228c3d6#0:OK-t1
2024-01-08 10:08:30,236 [e6c09ac7-730a-4058-a1a8-e64ffc2fb789@group-9B77B35A0EB3-LeaderElection9] INFO  impl.LeaderElection (LeaderElection.java:askForVotes(325)) - e6c09ac7-730a-4058-a1a8-e64ffc2fb789@group-9B77B35A0EB3-LeaderElection9 ELECTION round 0: result PASSED
2024-01-08 10:08:30,236 [e6c09ac7-730a-4058-a1a8-e64ffc2fb789@group-9B77B35A0EB3-LeaderElection9] INFO  impl.RoleInfo (RoleInfo.java:shutdownLeaderElection(130)) - e6c09ac7-730a-4058-a1a8-e64ffc2fb789: shutdown e6c09ac7-730a-4058-a1a8-e64ffc2fb789@group-9B77B35A0EB3-LeaderElection9
2024-01-08 10:08:30,236 [e6c09ac7-730a-4058-a1a8-e64ffc2fb789@group-9B77B35A0EB3-LeaderElection9] INFO  server.RaftServer$Division (RaftServerImpl.java:setRole(379)) - e6c09ac7-730a-4058-a1a8-e64ffc2fb789@group-9B77B35A0EB3: changes role from CANDIDATE to LEADER at term 1 for changeToLeader
2024-01-08 10:08:30,236 [e6c09ac7-730a-4058-a1a8-e64ffc2fb789@group-9B77B35A0EB3-LeaderElection9] INFO  server.RaftServerConfigKeys (ConfUtils.java:logGet(46)) - raft.server.staging.catchup.gap = 1000 (default)
2024-01-08 10:08:30,236 [e6c09ac7-730a-4058-a1a8-e64ffc2fb789@group-9B77B35A0EB3-LeaderElection9] INFO  server.RaftServerConfigKeys (ConfUtils.java:logGet(46)) - raft.server.write.element-limit = 1024 (custom)
2024-01-08 10:08:30,236 [e6c09ac7-730a-4058-a1a8-e64ffc2fb789@group-9B77B35A0EB3-LeaderElection9] INFO  server.RaftServerConfigKeys (ConfUtils.java:logGet(46)) - raft.server.write.byte-limit = 1024 M (=1073741824) (custom)
2024-01-08 10:08:30,236 [e6c09ac7-730a-4058-a1a8-e64ffc2fb789@group-9B77B35A0EB3-LeaderElection9] INFO  server.RaftServerConfigKeys (ConfUtils.java:logGet(46)) - raft.server.watch.timeout = 180s (custom)
2024-01-08 10:08:30,236 [e6c09ac7-730a-4058-a1a8-e64ffc2fb789@group-9B77B35A0EB3-LeaderElection9] INFO  server.RaftServerConfigKeys (ConfUtils.java:logGet(46)) - raft.server.watch.timeout.denomination = 1s (default)
2024-01-08 10:08:30,236 [e6c09ac7-730a-4058-a1a8-e64ffc2fb789@group-9B77B35A0EB3-LeaderElection9] INFO  server.RaftServerConfigKeys (ConfUtils.java:logGet(46)) - raft.server.watch.element-limit = 65536 (default)
2024-01-08 10:08:30,237 [e6c09ac7-730a-4058-a1a8-e64ffc2fb789@group-9B77B35A0EB3-LeaderElection9] INFO  server.RaftServerConfigKeys (ConfUtils.java:logGet(46)) - raft.server.read.leader.lease.enabled = false (default)
2024-01-08 10:08:30,237 [e6c09ac7-730a-4058-a1a8-e64ffc2fb789@group-9B77B35A0EB3-LeaderElection9] INFO  server.RaftServerConfigKeys (ConfUtils.java:logGet(46)) - raft.server.read.leader.lease.timeout.ratio = 0.9 (default)
2024-01-08 10:08:30,237 [e6c09ac7-730a-4058-a1a8-e64ffc2fb789@group-9B77B35A0EB3-LeaderElection9] INFO  server.RaftServerConfigKeys (ConfUtils.java:logGet(46)) - raft.server.rpc.timeout.min = 5s (custom)
2024-01-08 10:08:30,237 [e6c09ac7-730a-4058-a1a8-e64ffc2fb789@group-9B77B35A0EB3-LeaderElection9] INFO  server.RaftServerConfigKeys (ConfUtils.java:logGet(46)) - raft.server.write.element-limit = 1024 (custom)
2024-01-08 10:08:30,237 [e6c09ac7-730a-4058-a1a8-e64ffc2fb789@group-9B77B35A0EB3-LeaderElection9] INFO  server.RaftServerConfigKeys (ConfUtils.java:logGet(46)) - raft.server.write.follower.gap.ratio.max = -1.0 (default)
2024-01-08 10:08:30,237 [e6c09ac7-730a-4058-a1a8-e64ffc2fb789@group-9B77B35A0EB3-LeaderElection9] INFO  server.RaftServerConfigKeys (ConfUtils.java:logGet(46)) - raft.server.log.appender.snapshot.chunk.size.max = 16MB (=16777216) (default)
2024-01-08 10:08:30,237 [e6c09ac7-730a-4058-a1a8-e64ffc2fb789@group-9B77B35A0EB3-LeaderElection9] INFO  server.RaftServerConfigKeys (ConfUtils.java:logGet(46)) - raft.server.log.appender.buffer.byte-limit = 8388608 (custom)
2024-01-08 10:08:30,238 [e6c09ac7-730a-4058-a1a8-e64ffc2fb789@group-9B77B35A0EB3-LeaderElection9] INFO  server.RaftServerConfigKeys (ConfUtils.java:logGet(46)) - raft.server.log.appender.buffer.element-limit = 1 (custom)
2024-01-08 10:08:30,238 [e6c09ac7-730a-4058-a1a8-e64ffc2fb789@group-9B77B35A0EB3-LeaderElection9] INFO  server.RaftServerConfigKeys (ConfUtils.java:logGet(46)) - raft.server.log.appender.wait-time.min = 0μs (custom)
2024-01-08 10:08:30,238 [e6c09ac7-730a-4058-a1a8-e64ffc2fb789@group-9B77B35A0EB3-LeaderElection9] INFO  grpc.GrpcConfigKeys (ConfUtils.java:logGet(46)) - raft.grpc.server.leader.outstanding.appends.max = 8 (default)
2024-01-08 10:08:30,238 [e6c09ac7-730a-4058-a1a8-e64ffc2fb789@group-9B77B35A0EB3-LeaderElection9] INFO  server.RaftServerConfigKeys (ConfUtils.java:logGet(46)) - raft.server.rpc.request.timeout = 60s (custom)
2024-01-08 10:08:30,238 [e6c09ac7-730a-4058-a1a8-e64ffc2fb789@group-9B77B35A0EB3-LeaderElection9] INFO  grpc.GrpcConfigKeys (ConfUtils.java:logGet(46)) - raft.grpc.server.install_snapshot.request.element-limit = 8 (default)
2024-01-08 10:08:30,238 [e6c09ac7-730a-4058-a1a8-e64ffc2fb789@group-9B77B35A0EB3-LeaderElection9] INFO  grpc.GrpcConfigKeys (ConfUtils.java:logGet(46)) - raft.grpc.server.install_snapshot.request.timeout = 3000ms (default)
2024-01-08 10:08:30,238 [e6c09ac7-730a-4058-a1a8-e64ffc2fb789@group-9B77B35A0EB3-LeaderElection9] INFO  server.RaftServerConfigKeys (ConfUtils.java:logGet(46)) - raft.server.log.appender.install.snapshot.enabled = false (custom)
2024-01-08 10:08:30,238 [e6c09ac7-730a-4058-a1a8-e64ffc2fb789@group-9B77B35A0EB3-LeaderElection9] INFO  grpc.GrpcConfigKeys (ConfUtils.java:logGet(46)) - raft.grpc.server.heartbeat.channel = true (default)
2024-01-08 10:08:30,239 [e6c09ac7-730a-4058-a1a8-e64ffc2fb789@group-9B77B35A0EB3-LeaderElection9] INFO  server.RaftServerConfigKeys (ConfUtils.java:logGet(46)) - raft.server.log.appender.snapshot.chunk.size.max = 16MB (=16777216) (default)
2024-01-08 10:08:30,239 [e6c09ac7-730a-4058-a1a8-e64ffc2fb789@group-9B77B35A0EB3-LeaderElection9] INFO  server.RaftServerConfigKeys (ConfUtils.java:logGet(46)) - raft.server.log.appender.buffer.byte-limit = 8388608 (custom)
2024-01-08 10:08:30,239 [e6c09ac7-730a-4058-a1a8-e64ffc2fb789@group-9B77B35A0EB3-LeaderElection9] INFO  server.RaftServerConfigKeys (ConfUtils.java:logGet(46)) - raft.server.log.appender.buffer.element-limit = 1 (custom)
2024-01-08 10:08:30,239 [e6c09ac7-730a-4058-a1a8-e64ffc2fb789@group-9B77B35A0EB3-LeaderElection9] INFO  server.RaftServerConfigKeys (ConfUtils.java:logGet(46)) - raft.server.log.appender.wait-time.min = 0μs (custom)
2024-01-08 10:08:30,239 [e6c09ac7-730a-4058-a1a8-e64ffc2fb789@group-9B77B35A0EB3-LeaderElection9] INFO  grpc.GrpcConfigKeys (ConfUtils.java:logGet(46)) - raft.grpc.server.leader.outstanding.appends.max = 8 (default)
2024-01-08 10:08:30,239 [e6c09ac7-730a-4058-a1a8-e64ffc2fb789@group-9B77B35A0EB3-LeaderElection9] INFO  server.RaftServerConfigKeys (ConfUtils.java:logGet(46)) - raft.server.rpc.request.timeout = 60s (custom)
2024-01-08 10:08:30,239 [e6c09ac7-730a-4058-a1a8-e64ffc2fb789@group-9B77B35A0EB3-LeaderElection9] INFO  grpc.GrpcConfigKeys (ConfUtils.java:logGet(46)) - raft.grpc.server.install_snapshot.request.element-limit = 8 (default)
2024-01-08 10:08:30,239 [e6c09ac7-730a-4058-a1a8-e64ffc2fb789@group-9B77B35A0EB3-LeaderElection9] INFO  grpc.GrpcConfigKeys (ConfUtils.java:logGet(46)) - raft.grpc.server.install_snapshot.request.timeout = 3000ms (default)
2024-01-08 10:08:30,240 [e6c09ac7-730a-4058-a1a8-e64ffc2fb789@group-9B77B35A0EB3-LeaderElection9] INFO  server.RaftServerConfigKeys (ConfUtils.java:logGet(46)) - raft.server.log.appender.install.snapshot.enabled = false (custom)
2024-01-08 10:08:30,240 [e6c09ac7-730a-4058-a1a8-e64ffc2fb789@group-9B77B35A0EB3-LeaderElection9] INFO  grpc.GrpcConfigKeys (ConfUtils.java:logGet(46)) - raft.grpc.server.heartbeat.channel = true (default)
2024-01-08 10:08:30,240 [e6c09ac7-730a-4058-a1a8-e64ffc2fb789@group-9B77B35A0EB3-LeaderElection9] INFO  impl.RoleInfo (RoleInfo.java:updateAndGet(139)) - e6c09ac7-730a-4058-a1a8-e64ffc2fb789: start e6c09ac7-730a-4058-a1a8-e64ffc2fb789@group-9B77B35A0EB3-LeaderStateImpl
2024-01-08 10:08:30,240 [e6c09ac7-730a-4058-a1a8-e64ffc2fb789@group-9B77B35A0EB3-LeaderElection9] INFO  server.RaftServer$Division (RaftServerImpl.java:setFirstElection(564)) - e6c09ac7-730a-4058-a1a8-e64ffc2fb789@group-9B77B35A0EB3: set firstElectionSinceStartup to false for becomeLeader
2024-01-08 10:08:30,240 [e6c09ac7-730a-4058-a1a8-e64ffc2fb789@group-9B77B35A0EB3-LeaderElection9] INFO  ratis.XceiverServerRatis (XceiverServerRatis.java:handleLeaderChangedNotification(945)) - Leader change notification received for group: group-9B77B35A0EB3 with new leaderId: e6c09ac7-730a-4058-a1a8-e64ffc2fb789
2024-01-08 10:08:30,240 [e6c09ac7-730a-4058-a1a8-e64ffc2fb789@group-9B77B35A0EB3-LeaderElection9] INFO  server.RaftServer$Division (ServerState.java:setLeader(265)) - e6c09ac7-730a-4058-a1a8-e64ffc2fb789@group-9B77B35A0EB3: change Leader from null to e6c09ac7-730a-4058-a1a8-e64ffc2fb789 at term 1 for becomeLeader, leader elected after 5049ms
2024-01-08 10:08:30,240 [e6c09ac7-730a-4058-a1a8-e64ffc2fb789@group-9B77B35A0EB3-LeaderElection9] INFO  segmented.SegmentedRaftLogWorker (SegmentedRaftLogWorker.java:startLogSegment(428)) - e6c09ac7-730a-4058-a1a8-e64ffc2fb789@group-9B77B35A0EB3-SegmentedRaftLogWorker: Starting segment from index:0
2024-01-08 10:08:30,243 [e6c09ac7-730a-4058-a1a8-e64ffc2fb789@group-9B77B35A0EB3-LeaderElection9] INFO  server.RaftServer$Division (ServerState.java:setRaftConf(382)) - e6c09ac7-730a-4058-a1a8-e64ffc2fb789@group-9B77B35A0EB3: set configuration 0: peers:[d591e5af-e8f5-464c-8a55-75d5e8fc5b83|10.1.0.19:15049, 6df5c950-b1f8-41e9-a8bd-47cd1228c3d6|10.1.0.19:15067, e6c09ac7-730a-4058-a1a8-e64ffc2fb789|10.1.0.19:15058]|listeners:[], old=null
2024-01-08 10:08:30,249 [e6c09ac7-730a-4058-a1a8-e64ffc2fb789@group-9B77B35A0EB3-SegmentedRaftLogWorker] INFO  segmented.SegmentedRaftLogWorker (SegmentedRaftLogWorker.java:execute(632)) - e6c09ac7-730a-4058-a1a8-e64ffc2fb789@group-9B77B35A0EB3-SegmentedRaftLogWorker: created new log segment /home/runner/work/ozone/ozone/hadoop-ozone/integration-test/target/test-dir/MiniOzoneClusterImpl-fb8bf8f7-2439-41c0-942a-a4029f90a766/datanode-1/data/ratis/30c296b9-71b9-4744-8977-9b77b35a0eb3/current/log_inprogress_0
2024-01-08 10:08:30,256 [EventQueue-OpenPipelineForHealthyPipelineSafeModeRule] INFO  safemode.SCMSafeModeManager (HealthyPipelineSafeModeRule.java:process(140)) - SCM in safe mode. Healthy pipelines reported count is 0, required healthy pipeline reported count is 1
2024-01-08 10:08:30,256 [EventQueue-PipelineReportForPipelineReportHandler] INFO  pipeline.PipelineReportHandler (PipelineReportHandler.java:processPipelineReport(136)) - Opened pipeline PipelineID=30c296b9-71b9-4744-8977-9b77b35a0eb3
2024-01-08 10:08:30,256 [EventQueue-OpenPipelineForHealthyPipelineSafeModeRule] INFO  safemode.SCMSafeModeManager (HealthyPipelineSafeModeRule.java:process(140)) - SCM in safe mode. Healthy pipelines reported count is 1, required healthy pipeline reported count is 1
2024-01-08 10:08:30,257 [EventQueue-OpenPipelineForHealthyPipelineSafeModeRule] INFO  safemode.SCMSafeModeManager (SCMSafeModeManager.java:validateSafeModeExitRules(200)) - HealthyPipelineSafeModeRule rule is successfully validated
2024-01-08 10:08:30,257 [EventQueue-OpenPipelineForHealthyPipelineSafeModeRule] INFO  safemode.SCMSafeModeManager (SCMSafeModeManager.java:validateSafeModeExitRules(215)) - ScmSafeModeManager, all rules are successfully validated
2024-01-08 10:08:30,257 [EventQueue-OpenPipelineForHealthyPipelineSafeModeRule] INFO  safemode.SCMSafeModeManager (SCMSafeModeManager.java:exitSafeMode(244)) - SCM exiting safe mode.
2024-01-08 10:08:30,257 [EventQueue-OpenPipelineForHealthyPipelineSafeModeRule] INFO  ha.SCMContext (SCMContext.java:updateSafeModeStatus(230)) - Update SafeModeStatus from SafeModeStatus{safeModeStatus=true, preCheckPassed=true} to SafeModeStatus{safeModeStatus=false, preCheckPassed=true}.
2024-01-08 10:08:30,257 [EventQueue-OpenPipelineForHealthyPipelineSafeModeRule] INFO  pipeline.BackgroundPipelineCreator (BackgroundPipelineCreator.java:notifyStatusChanged(258)) - Service BackgroundPipelineCreator transitions to RUNNING.
2024-01-08 10:08:30,257 [EventQueue-OpenPipelineForHealthyPipelineSafeModeRule] INFO  BackgroundPipelineScrubber (BackgroundSCMService.java:notifyStatusChanged(82)) - Service BackgroundPipelineScrubber transitions to RUNNING.
2024-01-08 10:08:30,257 [EventQueue-OpenPipelineForHealthyPipelineSafeModeRule] INFO  ExpiredContainerReplicaOpScrubber (BackgroundSCMService.java:notifyStatusChanged(82)) - Service ExpiredContainerReplicaOpScrubber transitions to RUNNING.
2024-01-08 10:08:30,257 [EventQueue-OpenPipelineForHealthyPipelineSafeModeRule] INFO  block.SCMBlockDeletingService (SCMBlockDeletingService.java:notifyStatusChanged(247)) - notifyStatusChanged:RUNNING
2024-01-08 10:08:30,257 [EventQueue-OpenPipelineForHealthyPipelineSafeModeRule] INFO  replication.ReplicationManager (ReplicationManager.java:notifyStatusChanged(1401)) - Service ReplicationManager transitions to RUNNING.
2024-01-08 10:08:30,257 [EventQueue-OpenPipelineForHealthyPipelineSafeModeRule] WARN  balancer.ContainerBalancer (ContainerBalancer.java:shouldRun(134)) - Could not find persisted configuration for ContainerBalancer when checking if ContainerBalancer should run. ContainerBalancer should not run now.
2024-01-08 10:08:30,262 [6df5c950-b1f8-41e9-a8bd-47cd1228c3d6-server-thread1] INFO  ratis.XceiverServerRatis (XceiverServerRatis.java:handleLeaderChangedNotification(945)) - Leader change notification received for group: group-9B77B35A0EB3 with new leaderId: e6c09ac7-730a-4058-a1a8-e64ffc2fb789
2024-01-08 10:08:30,262 [6df5c950-b1f8-41e9-a8bd-47cd1228c3d6-server-thread1] INFO  server.RaftServer$Division (ServerState.java:setLeader(265)) - 6df5c950-b1f8-41e9-a8bd-47cd1228c3d6@group-9B77B35A0EB3: change Leader from null to e6c09ac7-730a-4058-a1a8-e64ffc2fb789 at term 1 for appendEntries, leader elected after 5010ms
2024-01-08 10:08:30,264 [d591e5af-e8f5-464c-8a55-75d5e8fc5b83-server-thread2] INFO  ratis.XceiverServerRatis (XceiverServerRatis.java:handleLeaderChangedNotification(945)) - Leader change notification received for group: group-9B77B35A0EB3 with new leaderId: e6c09ac7-730a-4058-a1a8-e64ffc2fb789
2024-01-08 10:08:30,264 [6df5c950-b1f8-41e9-a8bd-47cd1228c3d6-server-thread2] INFO  server.RaftServer$Division (ServerState.java:setRaftConf(382)) - 6df5c950-b1f8-41e9-a8bd-47cd1228c3d6@group-9B77B35A0EB3: set configuration 0: peers:[d591e5af-e8f5-464c-8a55-75d5e8fc5b83|10.1.0.19:15049, 6df5c950-b1f8-41e9-a8bd-47cd1228c3d6|10.1.0.19:15067, e6c09ac7-730a-4058-a1a8-e64ffc2fb789|10.1.0.19:15058]|listeners:[], old=null
2024-01-08 10:08:30,265 [6df5c950-b1f8-41e9-a8bd-47cd1228c3d6-server-thread2] INFO  segmented.SegmentedRaftLogWorker (SegmentedRaftLogWorker.java:startLogSegment(428)) - 6df5c950-b1f8-41e9-a8bd-47cd1228c3d6@group-9B77B35A0EB3-SegmentedRaftLogWorker: Starting segment from index:0
2024-01-08 10:08:30,265 [d591e5af-e8f5-464c-8a55-75d5e8fc5b83-server-thread2] INFO  server.RaftServer$Division (ServerState.java:setLeader(265)) - d591e5af-e8f5-464c-8a55-75d5e8fc5b83@group-9B77B35A0EB3: change Leader from null to e6c09ac7-730a-4058-a1a8-e64ffc2fb789 at term 1 for appendEntries, leader elected after 5097ms
2024-01-08 10:08:30,270 [d591e5af-e8f5-464c-8a55-75d5e8fc5b83-server-thread1] INFO  server.RaftServer$Division (ServerState.java:setRaftConf(382)) - d591e5af-e8f5-464c-8a55-75d5e8fc5b83@group-9B77B35A0EB3: set configuration 0: peers:[d591e5af-e8f5-464c-8a55-75d5e8fc5b83|10.1.0.19:15049, 6df5c950-b1f8-41e9-a8bd-47cd1228c3d6|10.1.0.19:15067, e6c09ac7-730a-4058-a1a8-e64ffc2fb789|10.1.0.19:15058]|listeners:[], old=null
2024-01-08 10:08:30,270 [d591e5af-e8f5-464c-8a55-75d5e8fc5b83-server-thread1] INFO  segmented.SegmentedRaftLogWorker (SegmentedRaftLogWorker.java:startLogSegment(428)) - d591e5af-e8f5-464c-8a55-75d5e8fc5b83@group-9B77B35A0EB3-SegmentedRaftLogWorker: Starting segment from index:0
2024-01-08 10:08:30,278 [6df5c950-b1f8-41e9-a8bd-47cd1228c3d6@group-9B77B35A0EB3-SegmentedRaftLogWorker] INFO  segmented.SegmentedRaftLogWorker (SegmentedRaftLogWorker.java:execute(632)) - 6df5c950-b1f8-41e9-a8bd-47cd1228c3d6@group-9B77B35A0EB3-SegmentedRaftLogWorker: created new log segment /home/runner/work/ozone/ozone/hadoop-ozone/integration-test/target/test-dir/MiniOzoneClusterImpl-fb8bf8f7-2439-41c0-942a-a4029f90a766/datanode-2/data/ratis/30c296b9-71b9-4744-8977-9b77b35a0eb3/current/log_inprogress_0
2024-01-08 10:08:30,279 [d591e5af-e8f5-464c-8a55-75d5e8fc5b83@group-9B77B35A0EB3-SegmentedRaftLogWorker] INFO  segmented.SegmentedRaftLogWorker (SegmentedRaftLogWorker.java:execute(632)) - d591e5af-e8f5-464c-8a55-75d5e8fc5b83@group-9B77B35A0EB3-SegmentedRaftLogWorker: created new log segment /home/runner/work/ozone/ozone/hadoop-ozone/integration-test/target/test-dir/MiniOzoneClusterImpl-fb8bf8f7-2439-41c0-942a-a4029f90a766/datanode-0/data/ratis/30c296b9-71b9-4744-8977-9b77b35a0eb3/current/log_inprogress_0
2024-01-08 10:08:30,280 [e6c09ac7-730a-4058-a1a8-e64ffc2fb789@group-9B77B35A0EB3-StateMachineUpdater] INFO  server.RaftServer$Division (LeaderStateImpl.java:isApplied(316)) - leader is ready since appliedIndex == 0 >= startIndex == 0
2024-01-08 10:08:30,294 [e6c09ac7-730a-4058-a1a8-e64ffc2fb789@group-83A3173FE733-FollowerState] INFO  impl.FollowerState (FollowerState.java:run(143)) - e6c09ac7-730a-4058-a1a8-e64ffc2fb789@group-83A3173FE733-FollowerState: change to CANDIDATE, lastRpcElapsedTime:5025641863ns, electionTimeout:5023ms
2024-01-08 10:08:30,294 [e6c09ac7-730a-4058-a1a8-e64ffc2fb789@group-83A3173FE733-FollowerState] INFO  impl.RoleInfo (RoleInfo.java:shutdownFollowerState(110)) - e6c09ac7-730a-4058-a1a8-e64ffc2fb789: shutdown e6c09ac7-730a-4058-a1a8-e64ffc2fb789@group-83A3173FE733-FollowerState
2024-01-08 10:08:30,294 [e6c09ac7-730a-4058-a1a8-e64ffc2fb789@group-83A3173FE733-FollowerState] INFO  server.RaftServer$Division (RaftServerImpl.java:setRole(379)) - e6c09ac7-730a-4058-a1a8-e64ffc2fb789@group-83A3173FE733: changes role from  FOLLOWER to CANDIDATE at term 0 for changeToCandidate
2024-01-08 10:08:30,294 [e6c09ac7-730a-4058-a1a8-e64ffc2fb789@group-83A3173FE733-FollowerState] INFO  server.RaftServerConfigKeys (ConfUtils.java:logGet(46)) - raft.server.leaderelection.pre-vote = true (default)
2024-01-08 10:08:30,294 [e6c09ac7-730a-4058-a1a8-e64ffc2fb789@group-83A3173FE733-FollowerState] INFO  impl.RoleInfo (RoleInfo.java:updateAndGet(139)) - e6c09ac7-730a-4058-a1a8-e64ffc2fb789: start e6c09ac7-730a-4058-a1a8-e64ffc2fb789@group-83A3173FE733-LeaderElection10
2024-01-08 10:08:30,298 [e6c09ac7-730a-4058-a1a8-e64ffc2fb789@group-83A3173FE733-LeaderElection10] INFO  impl.LeaderElection (LeaderElection.java:askForVotes(323)) - e6c09ac7-730a-4058-a1a8-e64ffc2fb789@group-83A3173FE733-LeaderElection10 PRE_VOTE round 0: submit vote requests at term 0 for -1: peers:[e6c09ac7-730a-4058-a1a8-e64ffc2fb789|10.1.0.19:15058]|listeners:[], old=null
2024-01-08 10:08:30,298 [e6c09ac7-730a-4058-a1a8-e64ffc2fb789@group-83A3173FE733-LeaderElection10] INFO  impl.LeaderElection (LeaderElection.java:askForVotes(325)) - e6c09ac7-730a-4058-a1a8-e64ffc2fb789@group-83A3173FE733-LeaderElection10 PRE_VOTE round 0: result PASSED (term=0)
2024-01-08 10:08:30,299 [e6c09ac7-730a-4058-a1a8-e64ffc2fb789@group-83A3173FE733-LeaderElection10] INFO  impl.LeaderElection (LeaderElection.java:askForVotes(323)) - e6c09ac7-730a-4058-a1a8-e64ffc2fb789@group-83A3173FE733-LeaderElection10 ELECTION round 0: submit vote requests at term 1 for -1: peers:[e6c09ac7-730a-4058-a1a8-e64ffc2fb789|10.1.0.19:15058]|listeners:[], old=null
2024-01-08 10:08:30,300 [e6c09ac7-730a-4058-a1a8-e64ffc2fb789@group-83A3173FE733-LeaderElection10] INFO  impl.LeaderElection (LeaderElection.java:askForVotes(325)) - e6c09ac7-730a-4058-a1a8-e64ffc2fb789@group-83A3173FE733-LeaderElection10 ELECTION round 0: result PASSED (term=1)
2024-01-08 10:08:30,300 [e6c09ac7-730a-4058-a1a8-e64ffc2fb789@group-83A3173FE733-LeaderElection10] INFO  impl.RoleInfo (RoleInfo.java:shutdownLeaderElection(130)) - e6c09ac7-730a-4058-a1a8-e64ffc2fb789: shutdown e6c09ac7-730a-4058-a1a8-e64ffc2fb789@group-83A3173FE733-LeaderElection10
2024-01-08 10:08:30,300 [e6c09ac7-730a-4058-a1a8-e64ffc2fb789@group-83A3173FE733-LeaderElection10] INFO  server.RaftServer$Division (RaftServerImpl.java:setRole(379)) - e6c09ac7-730a-4058-a1a8-e64ffc2fb789@group-83A3173FE733: changes role from CANDIDATE to LEADER at term 1 for changeToLeader
2024-01-08 10:08:30,301 [e6c09ac7-730a-4058-a1a8-e64ffc2fb789@group-83A3173FE733-LeaderElection10] INFO  server.RaftServerConfigKeys (ConfUtils.java:logGet(46)) - raft.server.staging.catchup.gap = 1000 (default)
2024-01-08 10:08:30,301 [e6c09ac7-730a-4058-a1a8-e64ffc2fb789@group-83A3173FE733-LeaderElection10] INFO  server.RaftServerConfigKeys (ConfUtils.java:logGet(46)) - raft.server.write.element-limit = 1024 (custom)
2024-01-08 10:08:30,301 [e6c09ac7-730a-4058-a1a8-e64ffc2fb789@group-83A3173FE733-LeaderElection10] INFO  server.RaftServerConfigKeys (ConfUtils.java:logGet(46)) - raft.server.write.byte-limit = 1024 M (=1073741824) (custom)
2024-01-08 10:08:30,302 [e6c09ac7-730a-4058-a1a8-e64ffc2fb789@group-83A3173FE733-LeaderElection10] INFO  server.RaftServerConfigKeys (ConfUtils.java:logGet(46)) - raft.server.watch.timeout = 180s (custom)
2024-01-08 10:08:30,302 [e6c09ac7-730a-4058-a1a8-e64ffc2fb789@group-83A3173FE733-LeaderElection10] INFO  server.RaftServerConfigKeys (ConfUtils.java:logGet(46)) - raft.server.watch.timeout.denomination = 1s (default)
2024-01-08 10:08:30,303 [e6c09ac7-730a-4058-a1a8-e64ffc2fb789@group-83A3173FE733-LeaderElection10] INFO  server.RaftServerConfigKeys (ConfUtils.java:logGet(46)) - raft.server.watch.element-limit = 65536 (default)
2024-01-08 10:08:30,303 [e6c09ac7-730a-4058-a1a8-e64ffc2fb789@group-83A3173FE733-LeaderElection10] INFO  server.RaftServerConfigKeys (ConfUtils.java:logGet(46)) - raft.server.read.leader.lease.enabled = false (default)
2024-01-08 10:08:30,303 [e6c09ac7-730a-4058-a1a8-e64ffc2fb789@group-83A3173FE733-LeaderElection10] INFO  server.RaftServerConfigKeys (ConfUtils.java:logGet(46)) - raft.server.read.leader.lease.timeout.ratio = 0.9 (default)
2024-01-08 10:08:30,304 [e6c09ac7-730a-4058-a1a8-e64ffc2fb789@group-83A3173FE733-LeaderElection10] INFO  server.RaftServerConfigKeys (ConfUtils.java:logGet(46)) - raft.server.rpc.timeout.min = 5s (custom)
2024-01-08 10:08:30,304 [e6c09ac7-730a-4058-a1a8-e64ffc2fb789@group-83A3173FE733-LeaderElection10] INFO  server.RaftServerConfigKeys (ConfUtils.java:logGet(46)) - raft.server.write.element-limit = 1024 (custom)
2024-01-08 10:08:30,304 [e6c09ac7-730a-4058-a1a8-e64ffc2fb789@group-83A3173FE733-LeaderElection10] INFO  server.RaftServerConfigKeys (ConfUtils.java:logGet(46)) - raft.server.write.follower.gap.ratio.max = -1.0 (default)
2024-01-08 10:08:30,305 [e6c09ac7-730a-4058-a1a8-e64ffc2fb789@group-83A3173FE733-LeaderElection10] INFO  impl.RoleInfo (RoleInfo.java:updateAndGet(139)) - e6c09ac7-730a-4058-a1a8-e64ffc2fb789: start e6c09ac7-730a-4058-a1a8-e64ffc2fb789@group-83A3173FE733-LeaderStateImpl
2024-01-08 10:08:30,305 [e6c09ac7-730a-4058-a1a8-e64ffc2fb789@group-83A3173FE733-LeaderElection10] INFO  server.RaftServer$Division (RaftServerImpl.java:setFirstElection(564)) - e6c09ac7-730a-4058-a1a8-e64ffc2fb789@group-83A3173FE733: set firstElectionSinceStartup to false for becomeLeader
2024-01-08 10:08:30,305 [e6c09ac7-730a-4058-a1a8-e64ffc2fb789@group-83A3173FE733-LeaderElection10] INFO  ratis.XceiverServerRatis (XceiverServerRatis.java:handleLeaderChangedNotification(945)) - Leader change notification received for group: group-83A3173FE733 with new leaderId: e6c09ac7-730a-4058-a1a8-e64ffc2fb789
2024-01-08 10:08:30,306 [e6c09ac7-730a-4058-a1a8-e64ffc2fb789@group-83A3173FE733-LeaderElection10] INFO  server.RaftServer$Division (ServerState.java:setLeader(265)) - e6c09ac7-730a-4058-a1a8-e64ffc2fb789@group-83A3173FE733: change Leader from null to e6c09ac7-730a-4058-a1a8-e64ffc2fb789 at term 1 for becomeLeader, leader elected after 5078ms
2024-01-08 10:08:30,306 [e6c09ac7-730a-4058-a1a8-e64ffc2fb789@group-83A3173FE733-LeaderElection10] INFO  segmented.SegmentedRaftLogWorker (SegmentedRaftLogWorker.java:startLogSegment(428)) - e6c09ac7-730a-4058-a1a8-e64ffc2fb789@group-83A3173FE733-SegmentedRaftLogWorker: Starting segment from index:0
2024-01-08 10:08:30,309 [e6c09ac7-730a-4058-a1a8-e64ffc2fb789@group-83A3173FE733-LeaderElection10] INFO  server.RaftServer$Division (ServerState.java:setRaftConf(382)) - e6c09ac7-730a-4058-a1a8-e64ffc2fb789@group-83A3173FE733: set configuration 0: peers:[e6c09ac7-730a-4058-a1a8-e64ffc2fb789|10.1.0.19:15058]|listeners:[], old=null
2024-01-08 10:08:30,318 [e6c09ac7-730a-4058-a1a8-e64ffc2fb789@group-83A3173FE733-SegmentedRaftLogWorker] INFO  segmented.SegmentedRaftLogWorker (SegmentedRaftLogWorker.java:execute(632)) - e6c09ac7-730a-4058-a1a8-e64ffc2fb789@group-83A3173FE733-SegmentedRaftLogWorker: created new log segment /home/runner/work/ozone/ozone/hadoop-ozone/integration-test/target/test-dir/MiniOzoneClusterImpl-fb8bf8f7-2439-41c0-942a-a4029f90a766/datanode-1/data/ratis/76e4ce41-5947-42f4-91a1-83a3173fe733/current/log_inprogress_0
2024-01-08 10:08:30,319 [e6c09ac7-730a-4058-a1a8-e64ffc2fb789@group-83A3173FE733-StateMachineUpdater] INFO  server.RaftServer$Division (LeaderStateImpl.java:isApplied(316)) - leader is ready since appliedIndex == 0 >= startIndex == 0
2024-01-08 10:08:30,342 [e6c09ac7-730a-4058-a1a8-e64ffc2fb789@group-8BEA082C3750-FollowerState] INFO  impl.FollowerState (FollowerState.java:run(143)) - e6c09ac7-730a-4058-a1a8-e64ffc2fb789@group-8BEA082C3750-FollowerState: change to CANDIDATE, lastRpcElapsedTime:5010561331ns, electionTimeout:5005ms
2024-01-08 10:08:30,342 [e6c09ac7-730a-4058-a1a8-e64ffc2fb789@group-8BEA082C3750-FollowerState] INFO  impl.RoleInfo (RoleInfo.java:shutdownFollowerState(110)) - e6c09ac7-730a-4058-a1a8-e64ffc2fb789: shutdown e6c09ac7-730a-4058-a1a8-e64ffc2fb789@group-8BEA082C3750-FollowerState
2024-01-08 10:08:30,342 [e6c09ac7-730a-4058-a1a8-e64ffc2fb789@group-8BEA082C3750-FollowerState] INFO  server.RaftServer$Division (RaftServerImpl.java:setRole(379)) - e6c09ac7-730a-4058-a1a8-e64ffc2fb789@group-8BEA082C3750: changes role from  FOLLOWER to CANDIDATE at term 0 for changeToCandidate
2024-01-08 10:08:30,342 [e6c09ac7-730a-4058-a1a8-e64ffc2fb789@group-8BEA082C3750-FollowerState] INFO  server.RaftServerConfigKeys (ConfUtils.java:logGet(46)) - raft.server.leaderelection.pre-vote = true (default)
2024-01-08 10:08:30,342 [e6c09ac7-730a-4058-a1a8-e64ffc2fb789@group-8BEA082C3750-FollowerState] INFO  impl.RoleInfo (RoleInfo.java:updateAndGet(139)) - e6c09ac7-730a-4058-a1a8-e64ffc2fb789: start e6c09ac7-730a-4058-a1a8-e64ffc2fb789@group-8BEA082C3750-LeaderElection11
2024-01-08 10:08:30,343 [e6c09ac7-730a-4058-a1a8-e64ffc2fb789@group-8BEA082C3750-LeaderElection11] INFO  impl.LeaderElection (LeaderElection.java:askForVotes(323)) - e6c09ac7-730a-4058-a1a8-e64ffc2fb789@group-8BEA082C3750-LeaderElection11 PRE_VOTE round 0: submit vote requests at term 0 for -1: peers:[d591e5af-e8f5-464c-8a55-75d5e8fc5b83|10.1.0.19:15049, 6df5c950-b1f8-41e9-a8bd-47cd1228c3d6|10.1.0.19:15067, e6c09ac7-730a-4058-a1a8-e64ffc2fb789|10.1.0.19:15058]|listeners:[], old=null
2024-01-08 10:08:30,343 [e6c09ac7-730a-4058-a1a8-e64ffc2fb789@group-8BEA082C3750-LeaderElection11] INFO  server.RaftServerConfigKeys (ConfUtils.java:logFallback(53)) - raft.server.rpc.first-election.timeout.min = 5s (fallback to raft.server.rpc.timeout.min)
2024-01-08 10:08:30,343 [e6c09ac7-730a-4058-a1a8-e64ffc2fb789@group-8BEA082C3750-LeaderElection11] INFO  server.RaftServerConfigKeys (ConfUtils.java:logFallback(53)) - raft.server.rpc.first-election.timeout.max = 5200ms (fallback to raft.server.rpc.timeout.max)
2024-01-08 10:08:30,345 [grpc-default-executor-1] INFO  server.RaftServer$Division (RaftServerImpl.java:requestVote(1377)) - d591e5af-e8f5-464c-8a55-75d5e8fc5b83@group-8BEA082C3750: receive requestVote(PRE_VOTE, e6c09ac7-730a-4058-a1a8-e64ffc2fb789, group-8BEA082C3750, 0, (t:0, i:0))
2024-01-08 10:08:30,345 [grpc-default-executor-1] INFO  impl.VoteContext (VoteContext.java:log(49)) - d591e5af-e8f5-464c-8a55-75d5e8fc5b83@group-8BEA082C3750-FOLLOWER: reject PRE_VOTE from e6c09ac7-730a-4058-a1a8-e64ffc2fb789: our priority 1 > candidate's priority 0
2024-01-08 10:08:30,345 [grpc-default-executor-6] INFO  server.RaftServer$Division (RaftServerImpl.java:requestVote(1377)) - 6df5c950-b1f8-41e9-a8bd-47cd1228c3d6@group-8BEA082C3750: receive requestVote(PRE_VOTE, e6c09ac7-730a-4058-a1a8-e64ffc2fb789, group-8BEA082C3750, 0, (t:0, i:0))
2024-01-08 10:08:30,345 [grpc-default-executor-1] INFO  server.RaftServer$Division (RaftServerImpl.java:requestVote(1410)) - d591e5af-e8f5-464c-8a55-75d5e8fc5b83@group-8BEA082C3750 replies to PRE_VOTE vote request: e6c09ac7-730a-4058-a1a8-e64ffc2fb789<-d591e5af-e8f5-464c-8a55-75d5e8fc5b83#0:FAIL-t0. Peer's state: d591e5af-e8f5-464c-8a55-75d5e8fc5b83@group-8BEA082C3750:t0, leader=null, voted=, raftlog=Memoized:d591e5af-e8f5-464c-8a55-75d5e8fc5b83@group-8BEA082C3750-SegmentedRaftLog:OPENED:c-1, conf=-1: peers:[d591e5af-e8f5-464c-8a55-75d5e8fc5b83|10.1.0.19:15049, 6df5c950-b1f8-41e9-a8bd-47cd1228c3d6|10.1.0.19:15067, e6c09ac7-730a-4058-a1a8-e64ffc2fb789|10.1.0.19:15058]|listeners:[], old=null
2024-01-08 10:08:30,345 [grpc-default-executor-6] INFO  impl.VoteContext (VoteContext.java:log(49)) - 6df5c950-b1f8-41e9-a8bd-47cd1228c3d6@group-8BEA082C3750-FOLLOWER: accept PRE_VOTE from e6c09ac7-730a-4058-a1a8-e64ffc2fb789: our priority 0 <= candidate's priority 0
2024-01-08 10:08:30,345 [grpc-default-executor-6] INFO  server.RaftServer$Division (RaftServerImpl.java:requestVote(1410)) - 6df5c950-b1f8-41e9-a8bd-47cd1228c3d6@group-8BEA082C3750 replies to PRE_VOTE vote request: e6c09ac7-730a-4058-a1a8-e64ffc2fb789<-6df5c950-b1f8-41e9-a8bd-47cd1228c3d6#0:OK-t0. Peer's state: 6df5c950-b1f8-41e9-a8bd-47cd1228c3d6@group-8BEA082C3750:t0, leader=null, voted=, raftlog=Memoized:6df5c950-b1f8-41e9-a8bd-47cd1228c3d6@group-8BEA082C3750-SegmentedRaftLog:OPENED:c-1, conf=-1: peers:[d591e5af-e8f5-464c-8a55-75d5e8fc5b83|10.1.0.19:15049, 6df5c950-b1f8-41e9-a8bd-47cd1228c3d6|10.1.0.19:15067, e6c09ac7-730a-4058-a1a8-e64ffc2fb789|10.1.0.19:15058]|listeners:[], old=null
2024-01-08 10:08:30,347 [e6c09ac7-730a-4058-a1a8-e64ffc2fb789@group-8BEA082C3750-LeaderElection11] INFO  impl.LeaderElection (LeaderElection.java:logAndReturn(89)) - e6c09ac7-730a-4058-a1a8-e64ffc2fb789@group-8BEA082C3750-LeaderElection11: PRE_VOTE REJECTED received 2 response(s) and 0 exception(s):
2024-01-08 10:08:30,347 [e6c09ac7-730a-4058-a1a8-e64ffc2fb789@group-8BEA082C3750-LeaderElection11] INFO  impl.LeaderElection (LeaderElection.java:logAndReturn(93)) -   Response 0: e6c09ac7-730a-4058-a1a8-e64ffc2fb789<-d591e5af-e8f5-464c-8a55-75d5e8fc5b83#0:FAIL-t0
2024-01-08 10:08:30,347 [e6c09ac7-730a-4058-a1a8-e64ffc2fb789@group-8BEA082C3750-LeaderElection11] INFO  impl.LeaderElection (LeaderElection.java:logAndReturn(93)) -   Response 1: e6c09ac7-730a-4058-a1a8-e64ffc2fb789<-6df5c950-b1f8-41e9-a8bd-47cd1228c3d6#0:OK-t0
2024-01-08 10:08:30,347 [e6c09ac7-730a-4058-a1a8-e64ffc2fb789@group-8BEA082C3750-LeaderElection11] INFO  impl.LeaderElection (LeaderElection.java:askForVotes(325)) - e6c09ac7-730a-4058-a1a8-e64ffc2fb789@group-8BEA082C3750-LeaderElection11 PRE_VOTE round 0: result REJECTED
2024-01-08 10:08:30,347 [e6c09ac7-730a-4058-a1a8-e64ffc2fb789@group-8BEA082C3750-LeaderElection11] INFO  server.RaftServer$Division (RaftServerImpl.java:setRole(379)) - e6c09ac7-730a-4058-a1a8-e64ffc2fb789@group-8BEA082C3750: changes role from CANDIDATE to FOLLOWER at term 0 for REJECTED
2024-01-08 10:08:30,347 [e6c09ac7-730a-4058-a1a8-e64ffc2fb789@group-8BEA082C3750-LeaderElection11] INFO  impl.RoleInfo (RoleInfo.java:shutdownLeaderElection(130)) - e6c09ac7-730a-4058-a1a8-e64ffc2fb789: shutdown e6c09ac7-730a-4058-a1a8-e64ffc2fb789@group-8BEA082C3750-LeaderElection11
2024-01-08 10:08:30,347 [e6c09ac7-730a-4058-a1a8-e64ffc2fb789@group-8BEA082C3750-LeaderElection11] INFO  impl.RoleInfo (RoleInfo.java:updateAndGet(139)) - e6c09ac7-730a-4058-a1a8-e64ffc2fb789: start e6c09ac7-730a-4058-a1a8-e64ffc2fb789@group-8BEA082C3750-FollowerState
2024-01-08 10:08:30,347 [d591e5af-e8f5-464c-8a55-75d5e8fc5b83@group-AB2E6D4C4FC4-FollowerState] INFO  impl.FollowerState (FollowerState.java:run(143)) - d591e5af-e8f5-464c-8a55-75d5e8fc5b83@group-AB2E6D4C4FC4-FollowerState: change to CANDIDATE, lastRpcElapsedTime:5184511467ns, electionTimeout:5184ms
2024-01-08 10:08:30,347 [e6c09ac7-730a-4058-a1a8-e64ffc2fb789@group-8BEA082C3750-LeaderElection11] INFO  server.RaftServer$Division (RaftServerImpl.java:setFirstElection(564)) - e6c09ac7-730a-4058-a1a8-e64ffc2fb789@group-8BEA082C3750: set firstElectionSinceStartup to false for REJECTED
2024-01-08 10:08:30,347 [d591e5af-e8f5-464c-8a55-75d5e8fc5b83@group-AB2E6D4C4FC4-FollowerState] INFO  impl.RoleInfo (RoleInfo.java:shutdownFollowerState(110)) - d591e5af-e8f5-464c-8a55-75d5e8fc5b83: shutdown d591e5af-e8f5-464c-8a55-75d5e8fc5b83@group-AB2E6D4C4FC4-FollowerState
2024-01-08 10:08:30,347 [d591e5af-e8f5-464c-8a55-75d5e8fc5b83@group-AB2E6D4C4FC4-FollowerState] INFO  server.RaftServer$Division (RaftServerImpl.java:setRole(379)) - d591e5af-e8f5-464c-8a55-75d5e8fc5b83@group-AB2E6D4C4FC4: changes role from  FOLLOWER to CANDIDATE at term 0 for changeToCandidate
2024-01-08 10:08:30,347 [d591e5af-e8f5-464c-8a55-75d5e8fc5b83@group-AB2E6D4C4FC4-FollowerState] INFO  server.RaftServerConfigKeys (ConfUtils.java:logGet(46)) - raft.server.leaderelection.pre-vote = true (default)
2024-01-08 10:08:30,347 [d591e5af-e8f5-464c-8a55-75d5e8fc5b83@group-AB2E6D4C4FC4-FollowerState] INFO  impl.RoleInfo (RoleInfo.java:updateAndGet(139)) - d591e5af-e8f5-464c-8a55-75d5e8fc5b83: start d591e5af-e8f5-464c-8a55-75d5e8fc5b83@group-AB2E6D4C4FC4-LeaderElection12
2024-01-08 10:08:30,348 [d591e5af-e8f5-464c-8a55-75d5e8fc5b83@group-AB2E6D4C4FC4-LeaderElection12] INFO  impl.LeaderElection (LeaderElection.java:askForVotes(323)) - d591e5af-e8f5-464c-8a55-75d5e8fc5b83@group-AB2E6D4C4FC4-LeaderElection12 PRE_VOTE round 0: submit vote requests at term 0 for -1: peers:[d591e5af-e8f5-464c-8a55-75d5e8fc5b83|10.1.0.19:15049]|listeners:[], old=null
2024-01-08 10:08:30,348 [d591e5af-e8f5-464c-8a55-75d5e8fc5b83@group-AB2E6D4C4FC4-LeaderElection12] INFO  impl.LeaderElection (LeaderElection.java:askForVotes(325)) - d591e5af-e8f5-464c-8a55-75d5e8fc5b83@group-AB2E6D4C4FC4-LeaderElection12 PRE_VOTE round 0: result PASSED (term=0)
2024-01-08 10:08:30,349 [Mini-Cluster-Provider-Create] INFO  ozone.MiniOzoneClusterImpl (MiniOzoneClusterImpl.java:lambda$waitForClusterToBeReady$0(230)) - Nodes are ready. Got 3 of 3 DN Heartbeats.
2024-01-08 10:08:30,349 [Mini-Cluster-Provider-Create] INFO  ozone.MiniOzoneClusterImpl (MiniOzoneClusterImpl.java:lambda$waitForClusterToBeReady$0(233)) - Cluster exits safe mode
2024-01-08 10:08:30,349 [Mini-Cluster-Provider-Create] INFO  ozone.MiniOzoneClusterImpl (MiniOzoneClusterImpl.java:lambda$waitForClusterToBeReady$0(235)) - SCM became leader
2024-01-08 10:08:30,349 [main] INFO  ozone.MiniOzoneClusterImpl (MiniOzoneClusterImpl.java:lambda$waitForClusterToBeReady$0(230)) - Nodes are ready. Got 3 of 3 DN Heartbeats.
2024-01-08 10:08:30,349 [main] INFO  ozone.MiniOzoneClusterImpl (MiniOzoneClusterImpl.java:lambda$waitForClusterToBeReady$0(233)) - Cluster exits safe mode
2024-01-08 10:08:30,349 [main] INFO  ozone.MiniOzoneClusterImpl (MiniOzoneClusterImpl.java:lambda$waitForClusterToBeReady$0(235)) - SCM became leader
2024-01-08 10:08:30,349 [d591e5af-e8f5-464c-8a55-75d5e8fc5b83@group-AB2E6D4C4FC4-LeaderElection12] INFO  impl.LeaderElection (LeaderElection.java:askForVotes(323)) - d591e5af-e8f5-464c-8a55-75d5e8fc5b83@group-AB2E6D4C4FC4-LeaderElection12 ELECTION round 0: submit vote requests at term 1 for -1: peers:[d591e5af-e8f5-464c-8a55-75d5e8fc5b83|10.1.0.19:15049]|listeners:[], old=null
2024-01-08 10:08:30,350 [d591e5af-e8f5-464c-8a55-75d5e8fc5b83@group-AB2E6D4C4FC4-LeaderElection12] INFO  impl.LeaderElection (LeaderElection.java:askForVotes(325)) - d591e5af-e8f5-464c-8a55-75d5e8fc5b83@group-AB2E6D4C4FC4-LeaderElection12 ELECTION round 0: result PASSED (term=1)
2024-01-08 10:08:30,350 [d591e5af-e8f5-464c-8a55-75d5e8fc5b83@group-AB2E6D4C4FC4-LeaderElection12] INFO  impl.RoleInfo (RoleInfo.java:shutdownLeaderElection(130)) - d591e5af-e8f5-464c-8a55-75d5e8fc5b83: shutdown d591e5af-e8f5-464c-8a55-75d5e8fc5b83@group-AB2E6D4C4FC4-LeaderElection12
2024-01-08 10:08:30,350 [d591e5af-e8f5-464c-8a55-75d5e8fc5b83@group-AB2E6D4C4FC4-LeaderElection12] INFO  server.RaftServer$Division (RaftServerImpl.java:setRole(379)) - d591e5af-e8f5-464c-8a55-75d5e8fc5b83@group-AB2E6D4C4FC4: changes role from CANDIDATE to LEADER at term 1 for changeToLeader
2024-01-08 10:08:30,350 [d591e5af-e8f5-464c-8a55-75d5e8fc5b83@group-AB2E6D4C4FC4-LeaderElection12] INFO  server.RaftServerConfigKeys (ConfUtils.java:logGet(46)) - raft.server.staging.catchup.gap = 1000 (default)
2024-01-08 10:08:30,350 [d591e5af-e8f5-464c-8a55-75d5e8fc5b83@group-AB2E6D4C4FC4-LeaderElection12] INFO  server.RaftServerConfigKeys (ConfUtils.java:logGet(46)) - raft.server.write.element-limit = 1024 (custom)
2024-01-08 10:08:30,350 [d591e5af-e8f5-464c-8a55-75d5e8fc5b83@group-AB2E6D4C4FC4-LeaderElection12] INFO  server.RaftServerConfigKeys (ConfUtils.java:logGet(46)) - raft.server.write.byte-limit = 1024 M (=1073741824) (custom)
2024-01-08 10:08:30,350 [d591e5af-e8f5-464c-8a55-75d5e8fc5b83@group-AB2E6D4C4FC4-LeaderElection12] INFO  server.RaftServerConfigKeys (ConfUtils.java:logGet(46)) - raft.server.watch.timeout = 180s (custom)
2024-01-08 10:08:30,350 [d591e5af-e8f5-464c-8a55-75d5e8fc5b83@group-AB2E6D4C4FC4-LeaderElection12] INFO  server.RaftServerConfigKeys (ConfUtils.java:logGet(46)) - raft.server.watch.timeout.denomination = 1s (default)
2024-01-08 10:08:30,350 [d591e5af-e8f5-464c-8a55-75d5e8fc5b83@group-AB2E6D4C4FC4-LeaderElection12] INFO  server.RaftServerConfigKeys (ConfUtils.java:logGet(46)) - raft.server.watch.element-limit = 65536 (default)
2024-01-08 10:08:30,350 [d591e5af-e8f5-464c-8a55-75d5e8fc5b83@group-AB2E6D4C4FC4-LeaderElection12] INFO  server.RaftServerConfigKeys (ConfUtils.java:logGet(46)) - raft.server.read.leader.lease.enabled = false (default)
2024-01-08 10:08:30,350 [main] INFO  protocolPB.OmTransportFactory (OmTransportFactory.java:createFactory(62)) - Loading OM transport implementation org.apache.hadoop.ozone.om.protocolPB.Hadoop3OmTransportFactory as specified by configuration.
2024-01-08 10:08:30,350 [d591e5af-e8f5-464c-8a55-75d5e8fc5b83@group-AB2E6D4C4FC4-LeaderElection12] INFO  server.RaftServerConfigKeys (ConfUtils.java:logGet(46)) - raft.server.read.leader.lease.timeout.ratio = 0.9 (default)
2024-01-08 10:08:30,351 [d591e5af-e8f5-464c-8a55-75d5e8fc5b83@group-AB2E6D4C4FC4-LeaderElection12] INFO  server.RaftServerConfigKeys (ConfUtils.java:logGet(46)) - raft.server.rpc.timeout.min = 5s (custom)
2024-01-08 10:08:30,351 [d591e5af-e8f5-464c-8a55-75d5e8fc5b83@group-AB2E6D4C4FC4-LeaderElection12] INFO  server.RaftServerConfigKeys (ConfUtils.java:logGet(46)) - raft.server.write.element-limit = 1024 (custom)
2024-01-08 10:08:30,351 [d591e5af-e8f5-464c-8a55-75d5e8fc5b83@group-AB2E6D4C4FC4-LeaderElection12] INFO  server.RaftServerConfigKeys (ConfUtils.java:logGet(46)) - raft.server.write.follower.gap.ratio.max = -1.0 (default)
2024-01-08 10:08:30,352 [d591e5af-e8f5-464c-8a55-75d5e8fc5b83@group-AB2E6D4C4FC4-LeaderElection12] INFO  impl.RoleInfo (RoleInfo.java:updateAndGet(139)) - d591e5af-e8f5-464c-8a55-75d5e8fc5b83: start d591e5af-e8f5-464c-8a55-75d5e8fc5b83@group-AB2E6D4C4FC4-LeaderStateImpl
2024-01-08 10:08:30,352 [d591e5af-e8f5-464c-8a55-75d5e8fc5b83@group-AB2E6D4C4FC4-LeaderElection12] INFO  server.RaftServer$Division (RaftServerImpl.java:setFirstElection(564)) - d591e5af-e8f5-464c-8a55-75d5e8fc5b83@group-AB2E6D4C4FC4: set firstElectionSinceStartup to false for becomeLeader
2024-01-08 10:08:30,352 [d591e5af-e8f5-464c-8a55-75d5e8fc5b83@group-AB2E6D4C4FC4-LeaderElection12] INFO  ratis.XceiverServerRatis (XceiverServerRatis.java:handleLeaderChangedNotification(945)) - Leader change notification received for group: group-AB2E6D4C4FC4 with new leaderId: d591e5af-e8f5-464c-8a55-75d5e8fc5b83
2024-01-08 10:08:30,352 [d591e5af-e8f5-464c-8a55-75d5e8fc5b83@group-AB2E6D4C4FC4-LeaderElection12] INFO  server.RaftServer$Division (ServerState.java:setLeader(265)) - d591e5af-e8f5-464c-8a55-75d5e8fc5b83@group-AB2E6D4C4FC4: change Leader from null to d591e5af-e8f5-464c-8a55-75d5e8fc5b83 at term 1 for becomeLeader, leader elected after 5206ms
2024-01-08 10:08:30,352 [d591e5af-e8f5-464c-8a55-75d5e8fc5b83@group-AB2E6D4C4FC4-LeaderElection12] INFO  segmented.SegmentedRaftLogWorker (SegmentedRaftLogWorker.java:startLogSegment(428)) - d591e5af-e8f5-464c-8a55-75d5e8fc5b83@group-AB2E6D4C4FC4-SegmentedRaftLogWorker: Starting segment from index:0
2024-01-08 10:08:30,353 [d591e5af-e8f5-464c-8a55-75d5e8fc5b83@group-AB2E6D4C4FC4-LeaderElection12] INFO  server.RaftServer$Division (ServerState.java:setRaftConf(382)) - d591e5af-e8f5-464c-8a55-75d5e8fc5b83@group-AB2E6D4C4FC4: set configuration 0: peers:[d591e5af-e8f5-464c-8a55-75d5e8fc5b83|10.1.0.19:15049]|listeners:[], old=null
2024-01-08 10:08:30,360 [main] INFO  rpc.RpcClient (RpcClient.java:createVolume(456)) - Creating Volume: vol, with runner as owner and space quota set to -1 bytes, counts quota set to -1
2024-01-08 10:08:30,360 [d591e5af-e8f5-464c-8a55-75d5e8fc5b83@group-AB2E6D4C4FC4-SegmentedRaftLogWorker] INFO  segmented.SegmentedRaftLogWorker (SegmentedRaftLogWorker.java:execute(632)) - d591e5af-e8f5-464c-8a55-75d5e8fc5b83@group-AB2E6D4C4FC4-SegmentedRaftLogWorker: created new log segment /home/runner/work/ozone/ozone/hadoop-ozone/integration-test/target/test-dir/MiniOzoneClusterImpl-fb8bf8f7-2439-41c0-942a-a4029f90a766/datanode-0/data/ratis/8b6df4ec-5443-49f3-a914-ab2e6d4c4fc4/current/log_inprogress_0
2024-01-08 10:08:30,362 [d591e5af-e8f5-464c-8a55-75d5e8fc5b83@group-AB2E6D4C4FC4-StateMachineUpdater] INFO  server.RaftServer$Division (LeaderStateImpl.java:isApplied(316)) - leader is ready since appliedIndex == 0 >= startIndex == 0
2024-01-08 10:08:30,364 [om1-OMStateMachineApplyTransactionThread - 0] INFO  volume.OMVolumeCreateRequest (OMVolumeCreateRequest.java:validateAndUpdateCache(198)) - created volume:vol for user:runner
2024-01-08 10:08:30,367 [main] INFO  rpc.RpcClient (RpcClient.java:createBucket(683)) - Creating Bucket: vol/bucket, with server-side default bucket layout, runner as owner, Versioning false, Storage Type set to DISK and Encryption set to false, Replication Type set to server-side default replication type, Namespace Quota set to -1, Space Quota set to -1 
2024-01-08 10:08:30,370 [om1-OMStateMachineApplyTransactionThread - 0] INFO  bucket.OMBucketCreateRequest (OMBucketCreateRequest.java:validateAndUpdateCache(296)) - created bucket: bucket of layout FILE_SYSTEM_OPTIMIZED in volume: vol
2024-01-08 10:08:30,377 [main] INFO  protocolPB.OmTransportFactory (OmTransportFactory.java:createFactory(62)) - Loading OM transport implementation org.apache.hadoop.ozone.om.protocolPB.Hadoop3OmTransportFactory as specified by configuration.
2024-01-08 10:08:30,396 [main] INFO  ozoneimpl.OzoneContainer (OzoneContainer.java:stop(463)) - Attempting to stop container services.
2024-01-08 10:08:30,396 [main] INFO  server.RaftServer (RaftServerProxy.java:lambda$close$9(416)) - d591e5af-e8f5-464c-8a55-75d5e8fc5b83: close
2024-01-08 10:08:30,396 [d591e5af-e8f5-464c-8a55-75d5e8fc5b83-impl-thread1] INFO  server.RaftServer$Division (RaftServerImpl.java:lambda$close$3(516)) - d591e5af-e8f5-464c-8a55-75d5e8fc5b83@group-AB2E6D4C4FC4: shutdown
2024-01-08 10:08:30,396 [d591e5af-e8f5-464c-8a55-75d5e8fc5b83-impl-thread1] INFO  util.JmxRegister (JmxRegister.java:unregister(73)) - Successfully un-registered JMX Bean with object name Ratis:service=RaftServer,group=group-AB2E6D4C4FC4,id=d591e5af-e8f5-464c-8a55-75d5e8fc5b83
2024-01-08 10:08:30,397 [d591e5af-e8f5-464c-8a55-75d5e8fc5b83-impl-thread1] INFO  impl.RoleInfo (RoleInfo.java:shutdownLeaderState(94)) - d591e5af-e8f5-464c-8a55-75d5e8fc5b83: shutdown d591e5af-e8f5-464c-8a55-75d5e8fc5b83@group-AB2E6D4C4FC4-LeaderStateImpl
2024-01-08 10:08:30,397 [d591e5af-e8f5-464c-8a55-75d5e8fc5b83-impl-thread1] INFO  impl.PendingRequests (PendingRequests.java:sendNotLeaderResponses(289)) - d591e5af-e8f5-464c-8a55-75d5e8fc5b83@group-AB2E6D4C4FC4-PendingRequests: sendNotLeaderResponses
2024-01-08 10:08:30,397 [d591e5af-e8f5-464c-8a55-75d5e8fc5b83-impl-thread1] INFO  impl.StateMachineUpdater (StateMachineUpdater.java:stopAndJoin(157)) - d591e5af-e8f5-464c-8a55-75d5e8fc5b83@group-AB2E6D4C4FC4-StateMachineUpdater: set stopIndex = 0
2024-01-08 10:08:30,397 [d591e5af-e8f5-464c-8a55-75d5e8fc5b83@group-AB2E6D4C4FC4-StateMachineUpdater] INFO  ratis.ContainerStateMachine (ContainerStateMachine.java:takeSnapshot(355)) - group-AB2E6D4C4FC4: Taking a snapshot at:(t:1, i:0) file /home/runner/work/ozone/ozone/hadoop-ozone/integration-test/target/test-dir/MiniOzoneClusterImpl-fb8bf8f7-2439-41c0-942a-a4029f90a766/datanode-0/data/ratis/8b6df4ec-5443-49f3-a914-ab2e6d4c4fc4/sm/snapshot.1_0
2024-01-08 10:08:30,397 [d591e5af-e8f5-464c-8a55-75d5e8fc5b83-impl-thread2] INFO  server.RaftServer$Division (RaftServerImpl.java:lambda$close$3(516)) - d591e5af-e8f5-464c-8a55-75d5e8fc5b83@group-9B77B35A0EB3: shutdown
2024-01-08 10:08:30,398 [d591e5af-e8f5-464c-8a55-75d5e8fc5b83-impl-thread2] INFO  util.JmxRegister (JmxRegister.java:unregister(73)) - Successfully un-registered JMX Bean with object name Ratis:service=RaftServer,group=group-9B77B35A0EB3,id=d591e5af-e8f5-464c-8a55-75d5e8fc5b83
2024-01-08 10:08:30,398 [d591e5af-e8f5-464c-8a55-75d5e8fc5b83-impl-thread2] INFO  impl.RoleInfo (RoleInfo.java:shutdownFollowerState(110)) - d591e5af-e8f5-464c-8a55-75d5e8fc5b83: shutdown d591e5af-e8f5-464c-8a55-75d5e8fc5b83@group-9B77B35A0EB3-FollowerState
2024-01-08 10:08:30,398 [d591e5af-e8f5-464c-8a55-75d5e8fc5b83-impl-thread2] INFO  impl.StateMachineUpdater (StateMachineUpdater.java:stopAndJoin(157)) - d591e5af-e8f5-464c-8a55-75d5e8fc5b83@group-9B77B35A0EB3-StateMachineUpdater: set stopIndex = -1
2024-01-08 10:08:30,398 [d591e5af-e8f5-464c-8a55-75d5e8fc5b83@group-AB2E6D4C4FC4-StateMachineUpdater] INFO  ratis.ContainerStateMachine (ContainerStateMachine.java:takeSnapshot(366)) - group-AB2E6D4C4FC4: Finished taking a snapshot at:(t:1, i:0) file:/home/runner/work/ozone/ozone/hadoop-ozone/integration-test/target/test-dir/MiniOzoneClusterImpl-fb8bf8f7-2439-41c0-942a-a4029f90a766/datanode-0/data/ratis/8b6df4ec-5443-49f3-a914-ab2e6d4c4fc4/sm/snapshot.1_0 took: 1 ms
2024-01-08 10:08:30,398 [d591e5af-e8f5-464c-8a55-75d5e8fc5b83-impl-thread3] INFO  server.RaftServer$Division (RaftServerImpl.java:lambda$close$3(516)) - d591e5af-e8f5-464c-8a55-75d5e8fc5b83@group-8BEA082C3750: shutdown
2024-01-08 10:08:30,398 [d591e5af-e8f5-464c-8a55-75d5e8fc5b83-impl-thread3] INFO  util.JmxRegister (JmxRegister.java:unregister(73)) - Successfully un-registered JMX Bean with object name Ratis:service=RaftServer,group=group-8BEA082C3750,id=d591e5af-e8f5-464c-8a55-75d5e8fc5b83
2024-01-08 10:08:30,398 [d591e5af-e8f5-464c-8a55-75d5e8fc5b83@group-AB2E6D4C4FC4-StateMachineUpdater] INFO  impl.StateMachineUpdater (StateMachineUpdater.java:takeSnapshot(295)) - d591e5af-e8f5-464c-8a55-75d5e8fc5b83@group-AB2E6D4C4FC4-StateMachineUpdater: Took a snapshot at index 0
2024-01-08 10:08:30,398 [d591e5af-e8f5-464c-8a55-75d5e8fc5b83@group-AB2E6D4C4FC4-StateMachineUpdater] INFO  impl.StateMachineUpdater (StateMachineUpdater.java:lambda$new$0(98)) - d591e5af-e8f5-464c-8a55-75d5e8fc5b83@group-AB2E6D4C4FC4-StateMachineUpdater: snapshotIndex: updateIncreasingly -1 -> 0
2024-01-08 10:08:30,398 [d591e5af-e8f5-464c-8a55-75d5e8fc5b83-impl-thread2] INFO  server.RaftServer$Division (ServerState.java:close(423)) - d591e5af-e8f5-464c-8a55-75d5e8fc5b83@group-9B77B35A0EB3: applyIndex: -1
2024-01-08 10:08:30,398 [d591e5af-e8f5-464c-8a55-75d5e8fc5b83@group-9B77B35A0EB3-cacheEviction-AwaitToRun] INFO  util.AwaitToRun (AwaitToRun.java:run(49)) - d591e5af-e8f5-464c-8a55-75d5e8fc5b83@group-9B77B35A0EB3-cacheEviction-AwaitToRun-AwaitForSignal is interrupted
2024-01-08 10:08:30,398 [main] INFO  server.GrpcService (GrpcService.java:closeImpl(311)) - d591e5af-e8f5-464c-8a55-75d5e8fc5b83: shutdown server org.apache.ratis.grpc.server.GrpcClientProtocolService now
2024-01-08 10:08:30,398 [d591e5af-e8f5-464c-8a55-75d5e8fc5b83@group-9B77B35A0EB3-FollowerState] INFO  impl.FollowerState (FollowerState.java:run(152)) - d591e5af-e8f5-464c-8a55-75d5e8fc5b83@group-9B77B35A0EB3-FollowerState was interrupted
2024-01-08 10:08:30,398 [d591e5af-e8f5-464c-8a55-75d5e8fc5b83-impl-thread1] INFO  server.RaftServer$Division (ServerState.java:close(423)) - d591e5af-e8f5-464c-8a55-75d5e8fc5b83@group-AB2E6D4C4FC4: applyIndex: 0
2024-01-08 10:08:30,398 [d591e5af-e8f5-464c-8a55-75d5e8fc5b83-impl-thread3] INFO  impl.RoleInfo (RoleInfo.java:shutdownFollowerState(110)) - d591e5af-e8f5-464c-8a55-75d5e8fc5b83: shutdown d591e5af-e8f5-464c-8a55-75d5e8fc5b83@group-8BEA082C3750-FollowerState
2024-01-08 10:08:30,399 [d591e5af-e8f5-464c-8a55-75d5e8fc5b83@group-AB2E6D4C4FC4-cacheEviction-AwaitToRun] INFO  util.AwaitToRun (AwaitToRun.java:run(49)) - d591e5af-e8f5-464c-8a55-75d5e8fc5b83@group-AB2E6D4C4FC4-cacheEviction-AwaitToRun-AwaitForSignal is interrupted
2024-01-08 10:08:30,399 [d591e5af-e8f5-464c-8a55-75d5e8fc5b83@group-8BEA082C3750-FollowerState] INFO  impl.FollowerState (FollowerState.java:run(152)) - d591e5af-e8f5-464c-8a55-75d5e8fc5b83@group-8BEA082C3750-FollowerState was interrupted
2024-01-08 10:08:30,399 [d591e5af-e8f5-464c-8a55-75d5e8fc5b83-impl-thread3] INFO  impl.StateMachineUpdater (StateMachineUpdater.java:stopAndJoin(157)) - d591e5af-e8f5-464c-8a55-75d5e8fc5b83@group-8BEA082C3750-StateMachineUpdater: set stopIndex = -1
2024-01-08 10:08:30,400 [d591e5af-e8f5-464c-8a55-75d5e8fc5b83-impl-thread3] INFO  server.RaftServer$Division (ServerState.java:close(423)) - d591e5af-e8f5-464c-8a55-75d5e8fc5b83@group-8BEA082C3750: applyIndex: -1
2024-01-08 10:08:30,400 [d591e5af-e8f5-464c-8a55-75d5e8fc5b83@group-8BEA082C3750-cacheEviction-AwaitToRun] INFO  util.AwaitToRun (AwaitToRun.java:run(49)) - d591e5af-e8f5-464c-8a55-75d5e8fc5b83@group-8BEA082C3750-cacheEviction-AwaitToRun-AwaitForSignal is interrupted
2024-01-08 10:08:30,400 [main] INFO  server.GrpcService (GrpcService.java:closeImpl(320)) - d591e5af-e8f5-464c-8a55-75d5e8fc5b83: shutdown server org.apache.ratis.grpc.server.GrpcClientProtocolService successfully
2024-01-08 10:08:30,400 [main] INFO  server.GrpcService (GrpcService.java:closeImpl(311)) - d591e5af-e8f5-464c-8a55-75d5e8fc5b83: shutdown server GrpcServerProtocolService now
2024-01-08 10:08:30,402 [grpc-default-executor-4] WARN  server.GrpcServerProtocolService (LogUtils.java:warn(121)) - d591e5af-e8f5-464c-8a55-75d5e8fc5b83: APPEND_ENTRIES onError, lastRequest: null: org.apache.ratis.thirdparty.io.grpc.StatusRuntimeException: CANCELLED: client cancelled
2024-01-08 10:08:30,403 [grpc-default-executor-2] WARN  server.GrpcLogAppender (LogUtils.java:warn(121)) - e6c09ac7-730a-4058-a1a8-e64ffc2fb789@group-9B77B35A0EB3->d591e5af-e8f5-464c-8a55-75d5e8fc5b83-AppendLogResponseHandler: Failed appendEntries: org.apache.ratis.thirdparty.io.grpc.StatusRuntimeException: CANCELLED: RST_STREAM closed stream. HTTP/2 error code: CANCEL
2024-01-08 10:08:30,403 [grpc-default-executor-1] WARN  server.GrpcLogAppender (LogUtils.java:warn(121)) - e6c09ac7-730a-4058-a1a8-e64ffc2fb789@group-9B77B35A0EB3->d591e5af-e8f5-464c-8a55-75d5e8fc5b83-AppendLogResponseHandler: Failed appendEntries: org.apache.ratis.thirdparty.io.grpc.StatusRuntimeException: CANCELLED: RST_STREAM closed stream. HTTP/2 error code: CANCEL
2024-01-08 10:08:30,403 [grpc-default-executor-2] WARN  server.GrpcLogAppender (GrpcLogAppender.java:resetClient(140)) - e6c09ac7-730a-4058-a1a8-e64ffc2fb789@group-9B77B35A0EB3->d591e5af-e8f5-464c-8a55-75d5e8fc5b83-GrpcLogAppender: Follower failed and request == null,  keep nextIndex (1) unchanged and retry.
2024-01-08 10:08:30,403 [grpc-default-executor-1] WARN  server.GrpcLogAppender (GrpcLogAppender.java:resetClient(140)) - e6c09ac7-730a-4058-a1a8-e64ffc2fb789@group-9B77B35A0EB3->d591e5af-e8f5-464c-8a55-75d5e8fc5b83-GrpcLogAppender: Follower failed and request == null,  keep nextIndex (1) unchanged and retry.
2024-01-08 10:08:30,403 [grpc-default-executor-5] WARN  server.GrpcServerProtocolService (LogUtils.java:warn(121)) - d591e5af-e8f5-464c-8a55-75d5e8fc5b83: APPEND_ENTRIES onError, lastRequest: e6c09ac7-730a-4058-a1a8-e64ffc2fb789->d591e5af-e8f5-464c-8a55-75d5e8fc5b83#1-t1,previous=(t:0, i:0),leaderCommit=-1,initializing? true,entries: size=1, first=(t:1, i:0), CONFIGURATIONENTRY(current:id: "d591e5af-e8f5-464c-8a55-75d5e8fc5b83"
address: "10.1.0.19:15049"
dataStreamAddress: "10.1.0.19:15050"
clientAddress: "10.1.0.19:15047"
adminAddress: "10.1.0.19:15048"
startupRole: FOLLOWER
,id: "6df5c950-b1f8-41e9-a8bd-47cd1228c3d6"
address: "10.1.0.19:15067"
dataStreamAddress: "10.1.0.19:15068"
clientAddress: "10.1.0.19:15065"
adminAddress: "10.1.0.19:15066"
startupRole: FOLLOWER
,id: "e6c09ac7-730a-4058-a1a8-e64ffc2fb789"
address: "10.1.0.19:15058"
priority: 1
dataStreamAddress: "10.1.0.19:15059"
clientAddress: "10.1.0.19:15056"
adminAddress: "10.1.0.19:15057"
startupRole: FOLLOWER
, old:): org.apache.ratis.thirdparty.io.grpc.StatusRuntimeException: CANCELLED: client cancelled
2024-01-08 10:08:30,407 [main] INFO  server.GrpcService (GrpcService.java:closeImpl(320)) - d591e5af-e8f5-464c-8a55-75d5e8fc5b83: shutdown server GrpcServerProtocolService successfully
2024-01-08 10:08:30,407 [main] INFO  server.GrpcService (GrpcService.java:closeImpl(311)) - d591e5af-e8f5-464c-8a55-75d5e8fc5b83: shutdown server org.apache.ratis.grpc.server.GrpcAdminProtocolService now
2024-01-08 10:08:30,408 [main] INFO  server.GrpcService (GrpcService.java:closeImpl(320)) - d591e5af-e8f5-464c-8a55-75d5e8fc5b83: shutdown server org.apache.ratis.grpc.server.GrpcAdminProtocolService successfully
2024-01-08 10:08:30,408 [d591e5af-e8f5-464c-8a55-75d5e8fc5b83-NettyServerStreamRpc-bossGroup--thread1] INFO  logging.LoggingHandler (AbstractInternalLogger.java:log(148)) - [id: 0xc39ddd35, L:/0.0.0.0:15050] CLOSE
2024-01-08 10:08:30,409 [d591e5af-e8f5-464c-8a55-75d5e8fc5b83-NettyServerStreamRpc-bossGroup--thread1] INFO  logging.LoggingHandler (AbstractInternalLogger.java:log(148)) - [id: 0xc39ddd35, L:/0.0.0.0:15050] INACTIVE
2024-01-08 10:08:30,409 [d591e5af-e8f5-464c-8a55-75d5e8fc5b83-NettyServerStreamRpc-bossGroup--thread1] INFO  logging.LoggingHandler (AbstractInternalLogger.java:log(148)) - [id: 0xc39ddd35, L:/0.0.0.0:15050] UNREGISTERED
2024-01-08 10:08:30,552 [6df5c950-b1f8-41e9-a8bd-47cd1228c3d6@group-68088C61FACB-FollowerState] INFO  impl.FollowerState (FollowerState.java:run(143)) - 6df5c950-b1f8-41e9-a8bd-47cd1228c3d6@group-68088C61FACB-FollowerState: change to CANDIDATE, lastRpcElapsedTime:5062492056ns, electionTimeout:5059ms
2024-01-08 10:08:30,552 [6df5c950-b1f8-41e9-a8bd-47cd1228c3d6@group-68088C61FACB-FollowerState] INFO  impl.RoleInfo (RoleInfo.java:shutdownFollowerState(110)) - 6df5c950-b1f8-41e9-a8bd-47cd1228c3d6: shutdown 6df5c950-b1f8-41e9-a8bd-47cd1228c3d6@group-68088C61FACB-FollowerState
2024-01-08 10:08:30,552 [6df5c950-b1f8-41e9-a8bd-47cd1228c3d6@group-68088C61FACB-FollowerState] INFO  server.RaftServer$Division (RaftServerImpl.java:setRole(379)) - 6df5c950-b1f8-41e9-a8bd-47cd1228c3d6@group-68088C61FACB: changes role from  FOLLOWER to CANDIDATE at term 0 for changeToCandidate
2024-01-08 10:08:30,552 [6df5c950-b1f8-41e9-a8bd-47cd1228c3d6@group-68088C61FACB-FollowerState] INFO  server.RaftServerConfigKeys (ConfUtils.java:logGet(46)) - raft.server.leaderelection.pre-vote = true (default)
2024-01-08 10:08:30,552 [6df5c950-b1f8-41e9-a8bd-47cd1228c3d6@group-68088C61FACB-FollowerState] INFO  impl.RoleInfo (RoleInfo.java:updateAndGet(139)) - 6df5c950-b1f8-41e9-a8bd-47cd1228c3d6: start 6df5c950-b1f8-41e9-a8bd-47cd1228c3d6@group-68088C61FACB-LeaderElection13
2024-01-08 10:08:30,553 [6df5c950-b1f8-41e9-a8bd-47cd1228c3d6@group-68088C61FACB-LeaderElection13] INFO  impl.LeaderElection (LeaderElection.java:askForVotes(323)) - 6df5c950-b1f8-41e9-a8bd-47cd1228c3d6@group-68088C61FACB-LeaderElection13 PRE_VOTE round 0: submit vote requests at term 0 for -1: peers:[6df5c950-b1f8-41e9-a8bd-47cd1228c3d6|10.1.0.19:15067]|listeners:[], old=null
2024-01-08 10:08:30,553 [6df5c950-b1f8-41e9-a8bd-47cd1228c3d6@group-68088C61FACB-LeaderElection13] INFO  impl.LeaderElection (LeaderElection.java:askForVotes(325)) - 6df5c950-b1f8-41e9-a8bd-47cd1228c3d6@group-68088C61FACB-LeaderElection13 PRE_VOTE round 0: result PASSED (term=0)
2024-01-08 10:08:30,554 [6df5c950-b1f8-41e9-a8bd-47cd1228c3d6@group-68088C61FACB-LeaderElection13] INFO  impl.LeaderElection (LeaderElection.java:askForVotes(323)) - 6df5c950-b1f8-41e9-a8bd-47cd1228c3d6@group-68088C61FACB-LeaderElection13 ELECTION round 0: submit vote requests at term 1 for -1: peers:[6df5c950-b1f8-41e9-a8bd-47cd1228c3d6|10.1.0.19:15067]|listeners:[], old=null
2024-01-08 10:08:30,554 [6df5c950-b1f8-41e9-a8bd-47cd1228c3d6@group-68088C61FACB-LeaderElection13] INFO  impl.LeaderElection (LeaderElection.java:askForVotes(325)) - 6df5c950-b1f8-41e9-a8bd-47cd1228c3d6@group-68088C61FACB-LeaderElection13 ELECTION round 0: result PASSED (term=1)
2024-01-08 10:08:30,554 [6df5c950-b1f8-41e9-a8bd-47cd1228c3d6@group-68088C61FACB-LeaderElection13] INFO  impl.RoleInfo (RoleInfo.java:shutdownLeaderElection(130)) - 6df5c950-b1f8-41e9-a8bd-47cd1228c3d6: shutdown 6df5c950-b1f8-41e9-a8bd-47cd1228c3d6@group-68088C61FACB-LeaderElection13
2024-01-08 10:08:30,554 [6df5c950-b1f8-41e9-a8bd-47cd1228c3d6@group-68088C61FACB-LeaderElection13] INFO  server.RaftServer$Division (RaftServerImpl.java:setRole(379)) - 6df5c950-b1f8-41e9-a8bd-47cd1228c3d6@group-68088C61FACB: changes role from CANDIDATE to LEADER at term 1 for changeToLeader
2024-01-08 10:08:30,554 [6df5c950-b1f8-41e9-a8bd-47cd1228c3d6@group-68088C61FACB-LeaderElection13] INFO  server.RaftServerConfigKeys (ConfUtils.java:logGet(46)) - raft.server.staging.catchup.gap = 1000 (default)
2024-01-08 10:08:30,554 [6df5c950-b1f8-41e9-a8bd-47cd1228c3d6@group-68088C61FACB-LeaderElection13] INFO  server.RaftServerConfigKeys (ConfUtils.java:logGet(46)) - raft.server.write.element-limit = 1024 (custom)
2024-01-08 10:08:30,554 [6df5c950-b1f8-41e9-a8bd-47cd1228c3d6@group-68088C61FACB-LeaderElection13] INFO  server.RaftServerConfigKeys (ConfUtils.java:logGet(46)) - raft.server.write.byte-limit = 1024 M (=1073741824) (custom)
2024-01-08 10:08:30,555 [6df5c950-b1f8-41e9-a8bd-47cd1228c3d6@group-68088C61FACB-LeaderElection13] INFO  server.RaftServerConfigKeys (ConfUtils.java:logGet(46)) - raft.server.watch.timeout = 180s (custom)
2024-01-08 10:08:30,555 [6df5c950-b1f8-41e9-a8bd-47cd1228c3d6@group-68088C61FACB-LeaderElection13] INFO  server.RaftServerConfigKeys (ConfUtils.java:logGet(46)) - raft.server.watch.timeout.denomination = 1s (default)
2024-01-08 10:08:30,555 [6df5c950-b1f8-41e9-a8bd-47cd1228c3d6@group-68088C61FACB-LeaderElection13] INFO  server.RaftServerConfigKeys (ConfUtils.java:logGet(46)) - raft.server.watch.element-limit = 65536 (default)
2024-01-08 10:08:30,555 [6df5c950-b1f8-41e9-a8bd-47cd1228c3d6@group-68088C61FACB-LeaderElection13] INFO  server.RaftServerConfigKeys (ConfUtils.java:logGet(46)) - raft.server.read.leader.lease.enabled = false (default)
2024-01-08 10:08:30,555 [6df5c950-b1f8-41e9-a8bd-47cd1228c3d6@group-68088C61FACB-LeaderElection13] INFO  server.RaftServerConfigKeys (ConfUtils.java:logGet(46)) - raft.server.read.leader.lease.timeout.ratio = 0.9 (default)
2024-01-08 10:08:30,555 [6df5c950-b1f8-41e9-a8bd-47cd1228c3d6@group-68088C61FACB-LeaderElection13] INFO  server.RaftServerConfigKeys (ConfUtils.java:logGet(46)) - raft.server.rpc.timeout.min = 5s (custom)
2024-01-08 10:08:30,555 [6df5c950-b1f8-41e9-a8bd-47cd1228c3d6@group-68088C61FACB-LeaderElection13] INFO  server.RaftServerConfigKeys (ConfUtils.java:logGet(46)) - raft.server.write.element-limit = 1024 (custom)
2024-01-08 10:08:30,555 [6df5c950-b1f8-41e9-a8bd-47cd1228c3d6@group-68088C61FACB-LeaderElection13] INFO  server.RaftServerConfigKeys (ConfUtils.java:logGet(46)) - raft.server.write.follower.gap.ratio.max = -1.0 (default)
2024-01-08 10:08:30,555 [6df5c950-b1f8-41e9-a8bd-47cd1228c3d6@group-68088C61FACB-LeaderElection13] INFO  impl.RoleInfo (RoleInfo.java:updateAndGet(139)) - 6df5c950-b1f8-41e9-a8bd-47cd1228c3d6: start 6df5c950-b1f8-41e9-a8bd-47cd1228c3d6@group-68088C61FACB-LeaderStateImpl
2024-01-08 10:08:30,555 [6df5c950-b1f8-41e9-a8bd-47cd1228c3d6@group-68088C61FACB-LeaderElection13] INFO  server.RaftServer$Division (RaftServerImpl.java:setFirstElection(564)) - 6df5c950-b1f8-41e9-a8bd-47cd1228c3d6@group-68088C61FACB: set firstElectionSinceStartup to false for becomeLeader
2024-01-08 10:08:30,555 [6df5c950-b1f8-41e9-a8bd-47cd1228c3d6@group-68088C61FACB-LeaderElection13] INFO  ratis.XceiverServerRatis (XceiverServerRatis.java:handleLeaderChangedNotification(945)) - Leader change notification received for group: group-68088C61FACB with new leaderId: 6df5c950-b1f8-41e9-a8bd-47cd1228c3d6
2024-01-08 10:08:30,556 [6df5c950-b1f8-41e9-a8bd-47cd1228c3d6@group-68088C61FACB-LeaderElection13] INFO  server.RaftServer$Division (ServerState.java:setLeader(265)) - 6df5c950-b1f8-41e9-a8bd-47cd1228c3d6@group-68088C61FACB: change Leader from null to 6df5c950-b1f8-41e9-a8bd-47cd1228c3d6 at term 1 for becomeLeader, leader elected after 5120ms
2024-01-08 10:08:30,556 [6df5c950-b1f8-41e9-a8bd-47cd1228c3d6@group-68088C61FACB-LeaderElection13] INFO  segmented.SegmentedRaftLogWorker (SegmentedRaftLogWorker.java:startLogSegment(428)) - 6df5c950-b1f8-41e9-a8bd-47cd1228c3d6@group-68088C61FACB-SegmentedRaftLogWorker: Starting segment from index:0
2024-01-08 10:08:30,561 [6df5c950-b1f8-41e9-a8bd-47cd1228c3d6@group-68088C61FACB-LeaderElection13] INFO  server.RaftServer$Division (ServerState.java:setRaftConf(382)) - 6df5c950-b1f8-41e9-a8bd-47cd1228c3d6@group-68088C61FACB: set configuration 0: peers:[6df5c950-b1f8-41e9-a8bd-47cd1228c3d6|10.1.0.19:15067]|listeners:[], old=null
2024-01-08 10:08:30,564 [6df5c950-b1f8-41e9-a8bd-47cd1228c3d6@group-68088C61FACB-SegmentedRaftLogWorker] INFO  segmented.SegmentedRaftLogWorker (SegmentedRaftLogWorker.java:execute(632)) - 6df5c950-b1f8-41e9-a8bd-47cd1228c3d6@group-68088C61FACB-SegmentedRaftLogWorker: created new log segment /home/runner/work/ozone/ozone/hadoop-ozone/integration-test/target/test-dir/MiniOzoneClusterImpl-fb8bf8f7-2439-41c0-942a-a4029f90a766/datanode-2/data/ratis/bff21e03-de3f-4c06-9821-68088c61facb/current/log_inprogress_0
2024-01-08 10:08:30,565 [6df5c950-b1f8-41e9-a8bd-47cd1228c3d6@group-68088C61FACB-StateMachineUpdater] INFO  server.RaftServer$Division (LeaderStateImpl.java:isApplied(316)) - leader is ready since appliedIndex == 0 >= startIndex == 0
2024-01-08 10:08:30,577 [6df5c950-b1f8-41e9-a8bd-47cd1228c3d6@group-8BEA082C3750-FollowerState] INFO  server.RaftServerConfigKeys (ConfUtils.java:logFallback(53)) - raft.server.rpc.first-election.timeout.min = 5s (fallback to raft.server.rpc.timeout.min)
2024-01-08 10:08:30,577 [6df5c950-b1f8-41e9-a8bd-47cd1228c3d6@group-8BEA082C3750-FollowerState] INFO  server.RaftServerConfigKeys (ConfUtils.java:logFallback(53)) - raft.server.rpc.first-election.timeout.max = 5200ms (fallback to raft.server.rpc.timeout.max)
2024-01-08 10:08:31,282 [d591e5af-e8f5-464c-8a55-75d5e8fc5b83-impl-thread2] INFO  segmented.SegmentedRaftLogWorker (SegmentedRaftLogWorker.java:close(243)) - d591e5af-e8f5-464c-8a55-75d5e8fc5b83@group-9B77B35A0EB3-SegmentedRaftLogWorker close()
2024-01-08 10:08:31,361 [d591e5af-e8f5-464c-8a55-75d5e8fc5b83-impl-thread1] INFO  segmented.SegmentedRaftLogWorker (SegmentedRaftLogWorker.java:close(243)) - d591e5af-e8f5-464c-8a55-75d5e8fc5b83@group-AB2E6D4C4FC4-SegmentedRaftLogWorker close()
2024-01-08 10:08:31,390 [d591e5af-e8f5-464c-8a55-75d5e8fc5b83-impl-thread3] INFO  segmented.SegmentedRaftLogWorker (SegmentedRaftLogWorker.java:close(243)) - d591e5af-e8f5-464c-8a55-75d5e8fc5b83@group-8BEA082C3750-SegmentedRaftLogWorker close()
2024-01-08 10:08:31,391 [JvmPauseMonitor7] INFO  util.JvmPauseMonitor (JvmPauseMonitor.java:run(152)) - JvmPauseMonitor-d591e5af-e8f5-464c-8a55-75d5e8fc5b83: Stopped
2024-01-08 10:08:32,783 [grpc-default-executor-6] WARN  server.GrpcLogAppender (LogUtils.java:warn(121)) - e6c09ac7-730a-4058-a1a8-e64ffc2fb789@group-9B77B35A0EB3->d591e5af-e8f5-464c-8a55-75d5e8fc5b83-AppendLogResponseHandler: Failed appendEntries: org.apache.ratis.thirdparty.io.grpc.StatusRuntimeException: UNAVAILABLE: io exception
2024-01-08 10:08:32,783 [grpc-default-executor-5] WARN  server.GrpcLogAppender (LogUtils.java:warn(121)) - e6c09ac7-730a-4058-a1a8-e64ffc2fb789@group-9B77B35A0EB3->d591e5af-e8f5-464c-8a55-75d5e8fc5b83-AppendLogResponseHandler: Failed appendEntries: org.apache.ratis.thirdparty.io.grpc.StatusRuntimeException: UNAVAILABLE: io exception
2024-01-08 10:08:32,784 [grpc-default-executor-6] WARN  server.GrpcLogAppender (GrpcLogAppender.java:resetClient(140)) - e6c09ac7-730a-4058-a1a8-e64ffc2fb789@group-9B77B35A0EB3->d591e5af-e8f5-464c-8a55-75d5e8fc5b83-GrpcLogAppender: Follower failed and request == null,  keep nextIndex (1) unchanged and retry.
2024-01-08 10:08:32,785 [grpc-default-executor-5] WARN  server.GrpcLogAppender (GrpcLogAppender.java:resetClient(140)) - e6c09ac7-730a-4058-a1a8-e64ffc2fb789@group-9B77B35A0EB3->d591e5af-e8f5-464c-8a55-75d5e8fc5b83-GrpcLogAppender: Follower failed and request == null,  keep nextIndex (1) unchanged and retry.
2024-01-08 10:08:33,394 [main] INFO  utils.DatanodeStoreCache (DatanodeStoreCache.java:shutdownCache(110)) - Skip clearing cache in mini cluster mode. Entries left: [/home/runner/work/ozone/ozone/hadoop-ozone/integration-test/target/test-dir/MiniOzoneClusterImpl-fb8bf8f7-2439-41c0-942a-a4029f90a766/datanode-0/data-0/containers/hdds/fb8bf8f7-2439-41c0-942a-a4029f90a766/DS-a641c489-69e0-4ca8-b025-a2c62b83c62d/container.db, /home/runner/work/ozone/ozone/hadoop-ozone/integration-test/target/test-dir/MiniOzoneClusterImpl-fb8bf8f7-2439-41c0-942a-a4029f90a766/datanode-1/data-0/containers/hdds/fb8bf8f7-2439-41c0-942a-a4029f90a766/DS-ddfcd824-c60b-4f3a-a7e1-d4e04094a105/container.db, /home/runner/work/ozone/ozone/hadoop-ozone/integration-test/target/test-dir/MiniOzoneClusterImpl-fb8bf8f7-2439-41c0-942a-a4029f90a766/datanode-2/data-0/containers/hdds/fb8bf8f7-2439-41c0-942a-a4029f90a766/DS-7e32ced9-65d3-459f-ae24-bbbe6d4e57f9/container.db]
2024-01-08 10:08:33,395 [main] INFO  utils.DatanodeStoreCache (DatanodeStoreCache.java:removeDB(104)) - Removed db /home/runner/work/ozone/ozone/hadoop-ozone/integration-test/target/test-dir/MiniOzoneClusterImpl-fb8bf8f7-2439-41c0-942a-a4029f90a766/datanode-0/data-0/containers/hdds/fb8bf8f7-2439-41c0-942a-a4029f90a766/DS-a641c489-69e0-4ca8-b025-a2c62b83c62d/container.db from cache
2024-01-08 10:08:33,395 [main] INFO  volume.HddsVolume (HddsVolume.java:closeDbStore(451)) - SchemaV3 db is stopped at /home/runner/work/ozone/ozone/hadoop-ozone/integration-test/target/test-dir/MiniOzoneClusterImpl-fb8bf8f7-2439-41c0-942a-a4029f90a766/datanode-0/data-0/containers/hdds/fb8bf8f7-2439-41c0-942a-a4029f90a766/DS-a641c489-69e0-4ca8-b025-a2c62b83c62d/container.db for volume DS-a641c489-69e0-4ca8-b025-a2c62b83c62d
2024-01-08 10:08:33,396 [main] INFO  utils.BackgroundService (BackgroundService.java:shutdown(160)) - Shutting down service BlockDeletingService
2024-01-08 10:08:33,396 [main] INFO  utils.BackgroundService (BackgroundService.java:shutdown(160)) - Shutting down service StaleRecoveringContainerScrubbingService
2024-01-08 10:08:33,397 [main] INFO  statemachine.DatanodeStateMachine (DatanodeStateMachine.java:stopDaemon(638)) - Ozone container server stopped.
2024-01-08 10:08:33,398 [main] INFO  handler.ContextHandler (ContextHandler.java:doStop(1159)) - Stopped o.e.j.w.WebAppContext@47a0e8da{hddsDatanode,/,null,STOPPED}{jar:file:/home/runner/.m2/repository/org/apache/ozone/hdds-container-service/1.5.0-SNAPSHOT/hdds-container-service-1.5.0-SNAPSHOT.jar!/webapps/hddsDatanode}
2024-01-08 10:08:33,399 [main] INFO  server.AbstractConnector (AbstractConnector.java:doStop(383)) - Stopped ServerConnector@11b23288{HTTP/1.1, (http/1.1)}{0.0.0.0:15044}
2024-01-08 10:08:33,399 [main] INFO  server.session (HouseKeeper.java:stopScavenging(149)) - node0 Stopped scavenging
2024-01-08 10:08:33,399 [main] INFO  handler.ContextHandler (ContextHandler.java:doStop(1159)) - Stopped o.e.j.s.ServletContextHandler@1d98e044{static,/static,jar:file:/home/runner/.m2/repository/org/apache/ozone/hdds-container-service/1.5.0-SNAPSHOT/hdds-container-service-1.5.0-SNAPSHOT.jar!/webapps/static,STOPPED}
2024-01-08 10:08:33,400 [main] INFO  handler.ContextHandler (ContextHandler.java:doStop(1159)) - Stopped o.e.j.s.ServletContextHandler@abbcde2{logs,/logs,file:///home/runner/work/ozone/ozone/hadoop-ozone/integration-test/target/log,STOPPED}
2024-01-08 10:08:33,400 [main] INFO  ozone.HddsDatanodeClientProtocolServer (HddsDatanodeClientProtocolServer.java:stop(78)) - Stopping the RPC server for Client Protocol
2024-01-08 10:08:33,401 [main] INFO  ipc.Server (Server.java:stop(3523)) - Stopping server on 15045
2024-01-08 10:08:33,401 [IPC Server Responder] INFO  ipc.Server (Server.java:run(1567)) - Stopping IPC Server Responder
2024-01-08 10:08:33,401 [IPC Server listener on 15045] INFO  ipc.Server (Server.java:run(1434)) - Stopping IPC Server listener on 15045
2024-01-08 10:08:33,403 [main] INFO  ozoneimpl.OzoneContainer (OzoneContainer.java:stop(463)) - Attempting to stop container services.
2024-01-08 10:08:33,403 [main] INFO  server.RaftServer (RaftServerProxy.java:lambda$close$9(416)) - e6c09ac7-730a-4058-a1a8-e64ffc2fb789: close
2024-01-08 10:08:33,403 [e6c09ac7-730a-4058-a1a8-e64ffc2fb789-impl-thread1] INFO  server.RaftServer$Division (RaftServerImpl.java:lambda$close$3(516)) - e6c09ac7-730a-4058-a1a8-e64ffc2fb789@group-83A3173FE733: shutdown
2024-01-08 10:08:33,403 [e6c09ac7-730a-4058-a1a8-e64ffc2fb789-impl-thread1] INFO  util.JmxRegister (JmxRegister.java:unregister(73)) - Successfully un-registered JMX Bean with object name Ratis:service=RaftServer,group=group-83A3173FE733,id=e6c09ac7-730a-4058-a1a8-e64ffc2fb789
2024-01-08 10:08:33,403 [e6c09ac7-730a-4058-a1a8-e64ffc2fb789-impl-thread1] INFO  impl.RoleInfo (RoleInfo.java:shutdownLeaderState(94)) - e6c09ac7-730a-4058-a1a8-e64ffc2fb789: shutdown e6c09ac7-730a-4058-a1a8-e64ffc2fb789@group-83A3173FE733-LeaderStateImpl
2024-01-08 10:08:33,403 [main] INFO  server.GrpcService (GrpcService.java:closeImpl(311)) - e6c09ac7-730a-4058-a1a8-e64ffc2fb789: shutdown server org.apache.ratis.grpc.server.GrpcClientProtocolService now
2024-01-08 10:08:33,403 [e6c09ac7-730a-4058-a1a8-e64ffc2fb789-impl-thread2] INFO  server.RaftServer$Division (RaftServerImpl.java:lambda$close$3(516)) - e6c09ac7-730a-4058-a1a8-e64ffc2fb789@group-9B77B35A0EB3: shutdown
2024-01-08 10:08:33,404 [e6c09ac7-730a-4058-a1a8-e64ffc2fb789-impl-thread2] INFO  util.JmxRegister (JmxRegister.java:unregister(73)) - Successfully un-registered JMX Bean with object name Ratis:service=RaftServer,group=group-9B77B35A0EB3,id=e6c09ac7-730a-4058-a1a8-e64ffc2fb789
2024-01-08 10:08:33,404 [e6c09ac7-730a-4058-a1a8-e64ffc2fb789-impl-thread2] INFO  impl.RoleInfo (RoleInfo.java:shutdownLeaderState(94)) - e6c09ac7-730a-4058-a1a8-e64ffc2fb789: shutdown e6c09ac7-730a-4058-a1a8-e64ffc2fb789@group-9B77B35A0EB3-LeaderStateImpl
2024-01-08 10:08:33,404 [e6c09ac7-730a-4058-a1a8-e64ffc2fb789-impl-thread3] INFO  server.RaftServer$Division (RaftServerImpl.java:lambda$close$3(516)) - e6c09ac7-730a-4058-a1a8-e64ffc2fb789@group-8BEA082C3750: shutdown
2024-01-08 10:08:33,404 [e6c09ac7-730a-4058-a1a8-e64ffc2fb789-impl-thread2] INFO  impl.PendingRequests (PendingRequests.java:sendNotLeaderResponses(289)) - e6c09ac7-730a-4058-a1a8-e64ffc2fb789@group-9B77B35A0EB3-PendingRequests: sendNotLeaderResponses
2024-01-08 10:08:33,403 [e6c09ac7-730a-4058-a1a8-e64ffc2fb789-impl-thread1] INFO  impl.PendingRequests (PendingRequests.java:sendNotLeaderResponses(289)) - e6c09ac7-730a-4058-a1a8-e64ffc2fb789@group-83A3173FE733-PendingRequests: sendNotLeaderResponses
2024-01-08 10:08:33,404 [e6c09ac7-730a-4058-a1a8-e64ffc2fb789-impl-thread3] INFO  util.JmxRegister (JmxRegister.java:unregister(73)) - Successfully un-registered JMX Bean with object name Ratis:service=RaftServer,group=group-8BEA082C3750,id=e6c09ac7-730a-4058-a1a8-e64ffc2fb789
2024-01-08 10:08:33,405 [e6c09ac7-730a-4058-a1a8-e64ffc2fb789-impl-thread3] INFO  impl.RoleInfo (RoleInfo.java:shutdownFollowerState(110)) - e6c09ac7-730a-4058-a1a8-e64ffc2fb789: shutdown e6c09ac7-730a-4058-a1a8-e64ffc2fb789@group-8BEA082C3750-FollowerState
2024-01-08 10:08:33,404 [e6c09ac7-730a-4058-a1a8-e64ffc2fb789@group-9B77B35A0EB3->d591e5af-e8f5-464c-8a55-75d5e8fc5b83-GrpcLogAppender-LogAppenderDaemon] WARN  server.GrpcLogAppender (GrpcLogAppender.java:mayWait(212)) - e6c09ac7-730a-4058-a1a8-e64ffc2fb789@group-9B77B35A0EB3->d591e5af-e8f5-464c-8a55-75d5e8fc5b83-GrpcLogAppender: Wait interrupted by java.lang.InterruptedException
2024-01-08 10:08:33,406 [e6c09ac7-730a-4058-a1a8-e64ffc2fb789@group-9B77B35A0EB3->6df5c950-b1f8-41e9-a8bd-47cd1228c3d6-GrpcLogAppender-LogAppenderDaemon] WARN  server.GrpcLogAppender (GrpcLogAppender.java:mayWait(212)) - e6c09ac7-730a-4058-a1a8-e64ffc2fb789@group-9B77B35A0EB3->6df5c950-b1f8-41e9-a8bd-47cd1228c3d6-GrpcLogAppender: Wait interrupted by java.lang.InterruptedException
2024-01-08 10:08:33,405 [e6c09ac7-730a-4058-a1a8-e64ffc2fb789@group-83A3173FE733-StateMachineUpdater] INFO  ratis.ContainerStateMachine (ContainerStateMachine.java:takeSnapshot(355)) - group-83A3173FE733: Taking a snapshot at:(t:1, i:0) file /home/runner/work/ozone/ozone/hadoop-ozone/integration-test/target/test-dir/MiniOzoneClusterImpl-fb8bf8f7-2439-41c0-942a-a4029f90a766/datanode-1/data/ratis/76e4ce41-5947-42f4-91a1-83a3173fe733/sm/snapshot.1_0
2024-01-08 10:08:33,406 [e6c09ac7-730a-4058-a1a8-e64ffc2fb789-impl-thread2] INFO  impl.StateMachineUpdater (StateMachineUpdater.java:stopAndJoin(157)) - e6c09ac7-730a-4058-a1a8-e64ffc2fb789@group-9B77B35A0EB3-StateMachineUpdater: set stopIndex = 0
2024-01-08 10:08:33,405 [e6c09ac7-730a-4058-a1a8-e64ffc2fb789@group-8BEA082C3750-FollowerState] INFO  impl.FollowerState (FollowerState.java:run(152)) - e6c09ac7-730a-4058-a1a8-e64ffc2fb789@group-8BEA082C3750-FollowerState was interrupted
2024-01-08 10:08:33,405 [e6c09ac7-730a-4058-a1a8-e64ffc2fb789-impl-thread3] INFO  impl.StateMachineUpdater (StateMachineUpdater.java:stopAndJoin(157)) - e6c09ac7-730a-4058-a1a8-e64ffc2fb789@group-8BEA082C3750-StateMachineUpdater: set stopIndex = -1
2024-01-08 10:08:33,405 [e6c09ac7-730a-4058-a1a8-e64ffc2fb789-impl-thread1] INFO  impl.StateMachineUpdater (StateMachineUpdater.java:stopAndJoin(157)) - e6c09ac7-730a-4058-a1a8-e64ffc2fb789@group-83A3173FE733-StateMachineUpdater: set stopIndex = 0
2024-01-08 10:08:33,407 [grpc-default-executor-6] INFO  server.GrpcServerProtocolService (GrpcServerProtocolService.java:onCompleted(157)) - 6df5c950-b1f8-41e9-a8bd-47cd1228c3d6: Completed APPEND_ENTRIES, lastRequest: null
2024-01-08 10:08:33,407 [grpc-default-executor-6] INFO  server.GrpcServerProtocolService (GrpcServerProtocolService.java:lambda$onCompleted$5(159)) - 6df5c950-b1f8-41e9-a8bd-47cd1228c3d6: Completed APPEND_ENTRIES, lastReply: serverReply {
  requestorId: "e6c09ac7-730a-4058-a1a8-e64ffc2fb789"
  replyId: "6df5c950-b1f8-41e9-a8bd-47cd1228c3d6"
  raftGroupId {
    id: "0\302\226\271q\271GD\211w\233w\263Z\016\263"
  }
  callId: 3
  success: true
}
term: 1
nextIndex: 1
matchIndex: 18446744073709551615
isHearbeat: true

2024-01-08 10:08:33,407 [grpc-default-executor-5] INFO  server.GrpcServerProtocolService (GrpcServerProtocolService.java:onCompleted(157)) - 6df5c950-b1f8-41e9-a8bd-47cd1228c3d6: Completed APPEND_ENTRIES, lastRequest: e6c09ac7-730a-4058-a1a8-e64ffc2fb789->6df5c950-b1f8-41e9-a8bd-47cd1228c3d6#1-t1,previous=(t:0, i:0),leaderCommit=-1,initializing? true,entries: size=1, first=(t:1, i:0), CONFIGURATIONENTRY(current:id: "d591e5af-e8f5-464c-8a55-75d5e8fc5b83"
address: "10.1.0.19:15049"
dataStreamAddress: "10.1.0.19:15050"
clientAddress: "10.1.0.19:15047"
adminAddress: "10.1.0.19:15048"
startupRole: FOLLOWER
,id: "6df5c950-b1f8-41e9-a8bd-47cd1228c3d6"
address: "10.1.0.19:15067"
dataStreamAddress: "10.1.0.19:15068"
clientAddress: "10.1.0.19:15065"
adminAddress: "10.1.0.19:15066"
startupRole: FOLLOWER
,id: "e6c09ac7-730a-4058-a1a8-e64ffc2fb789"
address: "10.1.0.19:15058"
priority: 1
dataStreamAddress: "10.1.0.19:15059"
clientAddress: "10.1.0.19:15056"
adminAddress: "10.1.0.19:15057"
startupRole: FOLLOWER
, old:)
2024-01-08 10:08:33,408 [grpc-default-executor-5] INFO  server.GrpcServerProtocolService (GrpcServerProtocolService.java:lambda$onCompleted$5(159)) - 6df5c950-b1f8-41e9-a8bd-47cd1228c3d6: Completed APPEND_ENTRIES, lastReply: null
2024-01-08 10:08:33,405 [Thread-969] INFO  server.GrpcServerProtocolClient (GrpcServerProtocolClient.java:close(103)) - 6df5c950-b1f8-41e9-a8bd-47cd1228c3d6 Close channels
2024-01-08 10:08:33,409 [grpc-default-executor-6] INFO  server.GrpcLogAppender (GrpcLogAppender.java:onCompleted(469)) - e6c09ac7-730a-4058-a1a8-e64ffc2fb789@group-9B77B35A0EB3->6df5c950-b1f8-41e9-a8bd-47cd1228c3d6-AppendLogResponseHandler: follower responses appendEntries COMPLETED
2024-01-08 10:08:33,409 [grpc-default-executor-6] WARN  server.GrpcLogAppender (GrpcLogAppender.java:resetClient(149)) - e6c09ac7-730a-4058-a1a8-e64ffc2fb789@group-9B77B35A0EB3->6df5c950-b1f8-41e9-a8bd-47cd1228c3d6-GrpcLogAppender: Failed to getClient for 6df5c950-b1f8-41e9-a8bd-47cd1228c3d6
org.apache.ratis.protocol.exceptions.AlreadyClosedException: e6c09ac7-730a-4058-a1a8-e64ffc2fb789 is already CLOSED
	at org.apache.ratis.util.PeerProxyMap$PeerAndProxy.getProxy(PeerProxyMap.java:61)
	at org.apache.ratis.util.PeerProxyMap.getProxy(PeerProxyMap.java:110)
	at org.apache.ratis.grpc.server.GrpcLogAppender.getClient(GrpcLogAppender.java:121)
	at org.apache.ratis.grpc.server.GrpcLogAppender.resetClient(GrpcLogAppender.java:126)
	at org.apache.ratis.grpc.server.GrpcLogAppender.access$800(GrpcLogAppender.java:61)
	at org.apache.ratis.grpc.server.GrpcLogAppender$AppendLogResponseHandler.onCompleted(GrpcLogAppender.java:471)
	at org.apache.ratis.thirdparty.io.grpc.stub.ClientCalls$StreamObserverToCallListenerAdapter.onClose(ClientCalls.java:479)
	at org.apache.ratis.thirdparty.io.grpc.internal.DelayedClientCall$DelayedListener$3.run(DelayedClientCall.java:489)
	at org.apache.ratis.thirdparty.io.grpc.internal.DelayedClientCall$DelayedListener.delayOrExecute(DelayedClientCall.java:453)
	at org.apache.ratis.thirdparty.io.grpc.internal.DelayedClientCall$DelayedListener.onClose(DelayedClientCall.java:486)
	at org.apache.ratis.thirdparty.io.grpc.internal.ClientCallImpl.closeObserver(ClientCallImpl.java:567)
	at org.apache.ratis.thirdparty.io.grpc.internal.ClientCallImpl.access$300(ClientCallImpl.java:71)
	at org.apache.ratis.thirdparty.io.grpc.internal.ClientCallImpl$ClientStreamListenerImpl$1StreamClosed.runInternal(ClientCallImpl.java:735)
	at org.apache.ratis.thirdparty.io.grpc.internal.ClientCallImpl$ClientStreamListenerImpl$1StreamClosed.runInContext(ClientCallImpl.java:716)
	at org.apache.ratis.thirdparty.io.grpc.internal.ContextRunnable.run(ContextRunnable.java:37)
	at org.apache.ratis.thirdparty.io.grpc.internal.SerializingExecutor.run(SerializingExecutor.java:133)
	at java.util.concurrent.ThreadPoolExecutor.runWorker(ThreadPoolExecutor.java:1149)
	at java.util.concurrent.ThreadPoolExecutor$Worker.run(ThreadPoolExecutor.java:624)
	at java.lang.Thread.run(Thread.java:750)
2024-01-08 10:08:33,405 [Thread-968] INFO  server.GrpcServerProtocolClient (GrpcServerProtocolClient.java:close(103)) - d591e5af-e8f5-464c-8a55-75d5e8fc5b83 Close channels
2024-01-08 10:08:33,410 [grpc-default-executor-6] INFO  server.GrpcLogAppender (GrpcLogAppender.java:onCompleted(469)) - e6c09ac7-730a-4058-a1a8-e64ffc2fb789@group-9B77B35A0EB3->6df5c950-b1f8-41e9-a8bd-47cd1228c3d6-AppendLogResponseHandler: follower responses appendEntries COMPLETED
2024-01-08 10:08:33,411 [grpc-default-executor-6] WARN  server.GrpcLogAppender (GrpcLogAppender.java:resetClient(149)) - e6c09ac7-730a-4058-a1a8-e64ffc2fb789@group-9B77B35A0EB3->6df5c950-b1f8-41e9-a8bd-47cd1228c3d6-GrpcLogAppender: Failed to getClient for 6df5c950-b1f8-41e9-a8bd-47cd1228c3d6
org.apache.ratis.protocol.exceptions.AlreadyClosedException: e6c09ac7-730a-4058-a1a8-e64ffc2fb789 is already CLOSED
	at org.apache.ratis.util.PeerProxyMap$PeerAndProxy.getProxy(PeerProxyMap.java:61)
	at org.apache.ratis.util.PeerProxyMap.getProxy(PeerProxyMap.java:110)
	at org.apache.ratis.grpc.server.GrpcLogAppender.getClient(GrpcLogAppender.java:121)
	at org.apache.ratis.grpc.server.GrpcLogAppender.resetClient(GrpcLogAppender.java:126)
	at org.apache.ratis.grpc.server.GrpcLogAppender.access$800(GrpcLogAppender.java:61)
	at org.apache.ratis.grpc.server.GrpcLogAppender$AppendLogResponseHandler.onCompleted(GrpcLogAppender.java:471)
	at org.apache.ratis.thirdparty.io.grpc.stub.ClientCalls$StreamObserverToCallListenerAdapter.onClose(ClientCalls.java:479)
	at org.apache.ratis.thirdparty.io.grpc.internal.ClientCallImpl.closeObserver(ClientCallImpl.java:567)
	at org.apache.ratis.thirdparty.io.grpc.internal.ClientCallImpl.access$300(ClientCallImpl.java:71)
	at org.apache.ratis.thirdparty.io.grpc.internal.ClientCallImpl$ClientStreamListenerImpl$1StreamClosed.runInternal(ClientCallImpl.java:735)
	at org.apache.ratis.thirdparty.io.grpc.internal.ClientCallImpl$ClientStreamListenerImpl$1StreamClosed.runInContext(ClientCallImpl.java:716)
	at org.apache.ratis.thirdparty.io.grpc.internal.ContextRunnable.run(ContextRunnable.java:37)
	at org.apache.ratis.thirdparty.io.grpc.internal.SerializingExecutor.run(SerializingExecutor.java:133)
	at java.util.concurrent.ThreadPoolExecutor.runWorker(ThreadPoolExecutor.java:1149)
	at java.util.concurrent.ThreadPoolExecutor$Worker.run(ThreadPoolExecutor.java:624)
	at java.lang.Thread.run(Thread.java:750)
2024-01-08 10:08:33,412 [main] INFO  server.GrpcService (GrpcService.java:closeImpl(320)) - e6c09ac7-730a-4058-a1a8-e64ffc2fb789: shutdown server org.apache.ratis.grpc.server.GrpcClientProtocolService successfully
2024-01-08 10:08:33,412 [main] INFO  server.GrpcService (GrpcService.java:closeImpl(311)) - e6c09ac7-730a-4058-a1a8-e64ffc2fb789: shutdown server GrpcServerProtocolService now
2024-01-08 10:08:33,407 [e6c09ac7-730a-4058-a1a8-e64ffc2fb789-impl-thread3] INFO  server.RaftServer$Division (ServerState.java:close(423)) - e6c09ac7-730a-4058-a1a8-e64ffc2fb789@group-8BEA082C3750: applyIndex: -1
2024-01-08 10:08:33,407 [e6c09ac7-730a-4058-a1a8-e64ffc2fb789@group-83A3173FE733-StateMachineUpdater] INFO  ratis.ContainerStateMachine (ContainerStateMachine.java:takeSnapshot(366)) - group-83A3173FE733: Finished taking a snapshot at:(t:1, i:0) file:/home/runner/work/ozone/ozone/hadoop-ozone/integration-test/target/test-dir/MiniOzoneClusterImpl-fb8bf8f7-2439-41c0-942a-a4029f90a766/datanode-1/data/ratis/76e4ce41-5947-42f4-91a1-83a3173fe733/sm/snapshot.1_0 took: 1 ms
2024-01-08 10:08:33,413 [e6c09ac7-730a-4058-a1a8-e64ffc2fb789@group-8BEA082C3750-cacheEviction-AwaitToRun] INFO  util.AwaitToRun (AwaitToRun.java:run(49)) - e6c09ac7-730a-4058-a1a8-e64ffc2fb789@group-8BEA082C3750-cacheEviction-AwaitToRun-AwaitForSignal is interrupted
2024-01-08 10:08:33,406 [e6c09ac7-730a-4058-a1a8-e64ffc2fb789@group-9B77B35A0EB3-StateMachineUpdater] INFO  ratis.ContainerStateMachine (ContainerStateMachine.java:takeSnapshot(355)) - group-9B77B35A0EB3: Taking a snapshot at:(t:1, i:0) file /home/runner/work/ozone/ozone/hadoop-ozone/integration-test/target/test-dir/MiniOzoneClusterImpl-fb8bf8f7-2439-41c0-942a-a4029f90a766/datanode-1/data/ratis/30c296b9-71b9-4744-8977-9b77b35a0eb3/sm/snapshot.1_0
2024-01-08 10:08:33,413 [main] INFO  server.GrpcService (GrpcService.java:closeImpl(320)) - e6c09ac7-730a-4058-a1a8-e64ffc2fb789: shutdown server GrpcServerProtocolService successfully
2024-01-08 10:08:33,413 [main] INFO  server.GrpcService (GrpcService.java:closeImpl(311)) - e6c09ac7-730a-4058-a1a8-e64ffc2fb789: shutdown server org.apache.ratis.grpc.server.GrpcAdminProtocolService now
2024-01-08 10:08:33,413 [e6c09ac7-730a-4058-a1a8-e64ffc2fb789@group-9B77B35A0EB3-StateMachineUpdater] INFO  ratis.ContainerStateMachine (ContainerStateMachine.java:takeSnapshot(366)) - group-9B77B35A0EB3: Finished taking a snapshot at:(t:1, i:0) file:/home/runner/work/ozone/ozone/hadoop-ozone/integration-test/target/test-dir/MiniOzoneClusterImpl-fb8bf8f7-2439-41c0-942a-a4029f90a766/datanode-1/data/ratis/30c296b9-71b9-4744-8977-9b77b35a0eb3/sm/snapshot.1_0 took: 7 ms
2024-01-08 10:08:33,413 [e6c09ac7-730a-4058-a1a8-e64ffc2fb789@group-83A3173FE733-StateMachineUpdater] INFO  impl.StateMachineUpdater (StateMachineUpdater.java:takeSnapshot(295)) - e6c09ac7-730a-4058-a1a8-e64ffc2fb789@group-83A3173FE733-StateMachineUpdater: Took a snapshot at index 0
2024-01-08 10:08:33,414 [e6c09ac7-730a-4058-a1a8-e64ffc2fb789@group-83A3173FE733-StateMachineUpdater] INFO  impl.StateMachineUpdater (StateMachineUpdater.java:lambda$new$0(98)) - e6c09ac7-730a-4058-a1a8-e64ffc2fb789@group-83A3173FE733-StateMachineUpdater: snapshotIndex: updateIncreasingly -1 -> 0
2024-01-08 10:08:33,414 [e6c09ac7-730a-4058-a1a8-e64ffc2fb789@group-9B77B35A0EB3-StateMachineUpdater] INFO  impl.StateMachineUpdater (StateMachineUpdater.java:takeSnapshot(295)) - e6c09ac7-730a-4058-a1a8-e64ffc2fb789@group-9B77B35A0EB3-StateMachineUpdater: Took a snapshot at index 0
2024-01-08 10:08:33,414 [e6c09ac7-730a-4058-a1a8-e64ffc2fb789@group-9B77B35A0EB3-StateMachineUpdater] INFO  impl.StateMachineUpdater (StateMachineUpdater.java:lambda$new$0(98)) - e6c09ac7-730a-4058-a1a8-e64ffc2fb789@group-9B77B35A0EB3-StateMachineUpdater: snapshotIndex: updateIncreasingly -1 -> 0
2024-01-08 10:08:33,414 [e6c09ac7-730a-4058-a1a8-e64ffc2fb789-impl-thread1] INFO  server.RaftServer$Division (ServerState.java:close(423)) - e6c09ac7-730a-4058-a1a8-e64ffc2fb789@group-83A3173FE733: applyIndex: 0
2024-01-08 10:08:33,414 [e6c09ac7-730a-4058-a1a8-e64ffc2fb789-impl-thread2] INFO  server.RaftServer$Division (ServerState.java:close(423)) - e6c09ac7-730a-4058-a1a8-e64ffc2fb789@group-9B77B35A0EB3: applyIndex: 0
2024-01-08 10:08:33,414 [e6c09ac7-730a-4058-a1a8-e64ffc2fb789@group-83A3173FE733-cacheEviction-AwaitToRun] INFO  util.AwaitToRun (AwaitToRun.java:run(49)) - e6c09ac7-730a-4058-a1a8-e64ffc2fb789@group-83A3173FE733-cacheEviction-AwaitToRun-AwaitForSignal is interrupted
2024-01-08 10:08:33,414 [e6c09ac7-730a-4058-a1a8-e64ffc2fb789@group-9B77B35A0EB3-cacheEviction-AwaitToRun] INFO  util.AwaitToRun (AwaitToRun.java:run(49)) - e6c09ac7-730a-4058-a1a8-e64ffc2fb789@group-9B77B35A0EB3-cacheEviction-AwaitToRun-AwaitForSignal is interrupted
2024-01-08 10:08:33,415 [main] INFO  server.GrpcService (GrpcService.java:closeImpl(320)) - e6c09ac7-730a-4058-a1a8-e64ffc2fb789: shutdown server org.apache.ratis.grpc.server.GrpcAdminProtocolService successfully
2024-01-08 10:08:33,415 [e6c09ac7-730a-4058-a1a8-e64ffc2fb789-NettyServerStreamRpc-bossGroup--thread1] INFO  logging.LoggingHandler (AbstractInternalLogger.java:log(148)) - [id: 0xcb26f1bc, L:/0.0.0.0:15059] CLOSE
2024-01-08 10:08:33,415 [e6c09ac7-730a-4058-a1a8-e64ffc2fb789-NettyServerStreamRpc-bossGroup--thread1] INFO  logging.LoggingHandler (AbstractInternalLogger.java:log(148)) - [id: 0xcb26f1bc, L:/0.0.0.0:15059] INACTIVE
2024-01-08 10:08:33,415 [e6c09ac7-730a-4058-a1a8-e64ffc2fb789-NettyServerStreamRpc-bossGroup--thread1] INFO  logging.LoggingHandler (AbstractInternalLogger.java:log(148)) - [id: 0xcb26f1bc, L:/0.0.0.0:15059] UNREGISTERED
2024-01-08 10:08:34,251 [e6c09ac7-730a-4058-a1a8-e64ffc2fb789-impl-thread2] INFO  segmented.SegmentedRaftLogWorker (SegmentedRaftLogWorker.java:close(243)) - e6c09ac7-730a-4058-a1a8-e64ffc2fb789@group-9B77B35A0EB3-SegmentedRaftLogWorker close()
2024-01-08 10:08:34,319 [e6c09ac7-730a-4058-a1a8-e64ffc2fb789-impl-thread1] INFO  segmented.SegmentedRaftLogWorker (SegmentedRaftLogWorker.java:close(243)) - e6c09ac7-730a-4058-a1a8-e64ffc2fb789@group-83A3173FE733-SegmentedRaftLogWorker close()
2024-01-08 10:08:34,333 [e6c09ac7-730a-4058-a1a8-e64ffc2fb789-impl-thread3] INFO  segmented.SegmentedRaftLogWorker (SegmentedRaftLogWorker.java:close(243)) - e6c09ac7-730a-4058-a1a8-e64ffc2fb789@group-8BEA082C3750-SegmentedRaftLogWorker close()
2024-01-08 10:08:34,333 [JvmPauseMonitor8] INFO  util.JvmPauseMonitor (JvmPauseMonitor.java:run(152)) - JvmPauseMonitor-e6c09ac7-730a-4058-a1a8-e64ffc2fb789: Stopped
2024-01-08 10:08:35,604 [6df5c950-b1f8-41e9-a8bd-47cd1228c3d6@group-8BEA082C3750-FollowerState] INFO  impl.FollowerState (FollowerState.java:run(143)) - 6df5c950-b1f8-41e9-a8bd-47cd1228c3d6@group-8BEA082C3750-FollowerState: change to CANDIDATE, lastRpcElapsedTime:5258250130ns, electionTimeout:5027ms
2024-01-08 10:08:35,604 [6df5c950-b1f8-41e9-a8bd-47cd1228c3d6@group-8BEA082C3750-FollowerState] INFO  impl.RoleInfo (RoleInfo.java:shutdownFollowerState(110)) - 6df5c950-b1f8-41e9-a8bd-47cd1228c3d6: shutdown 6df5c950-b1f8-41e9-a8bd-47cd1228c3d6@group-8BEA082C3750-FollowerState
2024-01-08 10:08:35,604 [6df5c950-b1f8-41e9-a8bd-47cd1228c3d6@group-8BEA082C3750-FollowerState] INFO  server.RaftServer$Division (RaftServerImpl.java:setRole(379)) - 6df5c950-b1f8-41e9-a8bd-47cd1228c3d6@group-8BEA082C3750: changes role from  FOLLOWER to CANDIDATE at term 0 for changeToCandidate
2024-01-08 10:08:35,604 [6df5c950-b1f8-41e9-a8bd-47cd1228c3d6@group-8BEA082C3750-FollowerState] INFO  server.RaftServerConfigKeys (ConfUtils.java:logGet(46)) - raft.server.leaderelection.pre-vote = true (default)
2024-01-08 10:08:35,604 [6df5c950-b1f8-41e9-a8bd-47cd1228c3d6@group-8BEA082C3750-FollowerState] INFO  impl.RoleInfo (RoleInfo.java:updateAndGet(139)) - 6df5c950-b1f8-41e9-a8bd-47cd1228c3d6: start 6df5c950-b1f8-41e9-a8bd-47cd1228c3d6@group-8BEA082C3750-LeaderElection14
2024-01-08 10:08:35,604 [6df5c950-b1f8-41e9-a8bd-47cd1228c3d6@group-8BEA082C3750-LeaderElection14] INFO  impl.LeaderElection (LeaderElection.java:askForVotes(323)) - 6df5c950-b1f8-41e9-a8bd-47cd1228c3d6@group-8BEA082C3750-LeaderElection14 PRE_VOTE round 0: submit vote requests at term 0 for -1: peers:[d591e5af-e8f5-464c-8a55-75d5e8fc5b83|10.1.0.19:15049, 6df5c950-b1f8-41e9-a8bd-47cd1228c3d6|10.1.0.19:15067, e6c09ac7-730a-4058-a1a8-e64ffc2fb789|10.1.0.19:15058]|listeners:[], old=null
2024-01-08 10:08:35,605 [6df5c950-b1f8-41e9-a8bd-47cd1228c3d6@group-8BEA082C3750-LeaderElection14-1] INFO  server.GrpcServerProtocolClient (GrpcServerProtocolClient.java:<init>(65)) - Build channel for d591e5af-e8f5-464c-8a55-75d5e8fc5b83
2024-01-08 10:08:35,605 [6df5c950-b1f8-41e9-a8bd-47cd1228c3d6@group-8BEA082C3750-LeaderElection14] INFO  server.RaftServerConfigKeys (ConfUtils.java:logFallback(53)) - raft.server.rpc.first-election.timeout.min = 5s (fallback to raft.server.rpc.timeout.min)
2024-01-08 10:08:35,605 [6df5c950-b1f8-41e9-a8bd-47cd1228c3d6@group-8BEA082C3750-LeaderElection14] INFO  server.RaftServerConfigKeys (ConfUtils.java:logFallback(53)) - raft.server.rpc.first-election.timeout.max = 5200ms (fallback to raft.server.rpc.timeout.max)
2024-01-08 10:08:35,605 [6df5c950-b1f8-41e9-a8bd-47cd1228c3d6@group-8BEA082C3750-LeaderElection14-2] INFO  server.GrpcServerProtocolClient (GrpcServerProtocolClient.java:<init>(65)) - Build channel for e6c09ac7-730a-4058-a1a8-e64ffc2fb789
2024-01-08 10:08:35,612 [6df5c950-b1f8-41e9-a8bd-47cd1228c3d6@group-8BEA082C3750-LeaderElection14] INFO  impl.LeaderElection (LogUtils.java:infoOrTrace(136)) - 6df5c950-b1f8-41e9-a8bd-47cd1228c3d6@group-8BEA082C3750-LeaderElection14 got exception when requesting votes: java.util.concurrent.ExecutionException: org.apache.ratis.thirdparty.io.grpc.StatusRuntimeException: UNAVAILABLE: io exception
2024-01-08 10:08:35,612 [6df5c950-b1f8-41e9-a8bd-47cd1228c3d6@group-8BEA082C3750-LeaderElection14] INFO  impl.LeaderElection (LogUtils.java:infoOrTrace(136)) - 6df5c950-b1f8-41e9-a8bd-47cd1228c3d6@group-8BEA082C3750-LeaderElection14 got exception when requesting votes: java.util.concurrent.ExecutionException: org.apache.ratis.thirdparty.io.grpc.StatusRuntimeException: UNAVAILABLE: io exception
2024-01-08 10:08:35,612 [6df5c950-b1f8-41e9-a8bd-47cd1228c3d6@group-8BEA082C3750-LeaderElection14] INFO  impl.LeaderElection (LeaderElection.java:logAndReturn(89)) - 6df5c950-b1f8-41e9-a8bd-47cd1228c3d6@group-8BEA082C3750-LeaderElection14: PRE_VOTE REJECTED received 0 response(s) and 2 exception(s):
2024-01-08 10:08:35,612 [6df5c950-b1f8-41e9-a8bd-47cd1228c3d6@group-8BEA082C3750-LeaderElection14] INFO  impl.LeaderElection (LogUtils.java:infoOrTrace(136)) -   Exception 0: java.util.concurrent.ExecutionException: org.apache.ratis.thirdparty.io.grpc.StatusRuntimeException: UNAVAILABLE: io exception
2024-01-08 10:08:35,612 [6df5c950-b1f8-41e9-a8bd-47cd1228c3d6@group-8BEA082C3750-LeaderElection14] INFO  impl.LeaderElection (LogUtils.java:infoOrTrace(136)) -   Exception 1: java.util.concurrent.ExecutionException: org.apache.ratis.thirdparty.io.grpc.StatusRuntimeException: UNAVAILABLE: io exception
2024-01-08 10:08:35,612 [6df5c950-b1f8-41e9-a8bd-47cd1228c3d6@group-8BEA082C3750-LeaderElection14] INFO  impl.LeaderElection (LeaderElection.java:askForVotes(325)) - 6df5c950-b1f8-41e9-a8bd-47cd1228c3d6@group-8BEA082C3750-LeaderElection14 PRE_VOTE round 0: result REJECTED
2024-01-08 10:08:35,612 [6df5c950-b1f8-41e9-a8bd-47cd1228c3d6@group-8BEA082C3750-LeaderElection14] INFO  server.RaftServer$Division (RaftServerImpl.java:setRole(379)) - 6df5c950-b1f8-41e9-a8bd-47cd1228c3d6@group-8BEA082C3750: changes role from CANDIDATE to FOLLOWER at term 0 for REJECTED
2024-01-08 10:08:35,612 [6df5c950-b1f8-41e9-a8bd-47cd1228c3d6@group-8BEA082C3750-LeaderElection14] INFO  impl.RoleInfo (RoleInfo.java:shutdownLeaderElection(130)) - 6df5c950-b1f8-41e9-a8bd-47cd1228c3d6: shutdown 6df5c950-b1f8-41e9-a8bd-47cd1228c3d6@group-8BEA082C3750-LeaderElection14
2024-01-08 10:08:35,612 [6df5c950-b1f8-41e9-a8bd-47cd1228c3d6@group-8BEA082C3750-LeaderElection14] INFO  impl.RoleInfo (RoleInfo.java:updateAndGet(139)) - 6df5c950-b1f8-41e9-a8bd-47cd1228c3d6: start 6df5c950-b1f8-41e9-a8bd-47cd1228c3d6@group-8BEA082C3750-FollowerState
2024-01-08 10:08:35,612 [6df5c950-b1f8-41e9-a8bd-47cd1228c3d6@group-8BEA082C3750-LeaderElection14] INFO  server.RaftServer$Division (RaftServerImpl.java:setFirstElection(564)) - 6df5c950-b1f8-41e9-a8bd-47cd1228c3d6@group-8BEA082C3750: set firstElectionSinceStartup to false for REJECTED
2024-01-08 10:08:36,336 [main] INFO  utils.DatanodeStoreCache (DatanodeStoreCache.java:shutdownCache(110)) - Skip clearing cache in mini cluster mode. Entries left: [/home/runner/work/ozone/ozone/hadoop-ozone/integration-test/target/test-dir/MiniOzoneClusterImpl-fb8bf8f7-2439-41c0-942a-a4029f90a766/datanode-1/data-0/containers/hdds/fb8bf8f7-2439-41c0-942a-a4029f90a766/DS-ddfcd824-c60b-4f3a-a7e1-d4e04094a105/container.db, /home/runner/work/ozone/ozone/hadoop-ozone/integration-test/target/test-dir/MiniOzoneClusterImpl-fb8bf8f7-2439-41c0-942a-a4029f90a766/datanode-2/data-0/containers/hdds/fb8bf8f7-2439-41c0-942a-a4029f90a766/DS-7e32ced9-65d3-459f-ae24-bbbe6d4e57f9/container.db]
2024-01-08 10:08:36,337 [main] INFO  utils.DatanodeStoreCache (DatanodeStoreCache.java:removeDB(104)) - Removed db /home/runner/work/ozone/ozone/hadoop-ozone/integration-test/target/test-dir/MiniOzoneClusterImpl-fb8bf8f7-2439-41c0-942a-a4029f90a766/datanode-1/data-0/containers/hdds/fb8bf8f7-2439-41c0-942a-a4029f90a766/DS-ddfcd824-c60b-4f3a-a7e1-d4e04094a105/container.db from cache
2024-01-08 10:08:36,337 [main] INFO  volume.HddsVolume (HddsVolume.java:closeDbStore(451)) - SchemaV3 db is stopped at /home/runner/work/ozone/ozone/hadoop-ozone/integration-test/target/test-dir/MiniOzoneClusterImpl-fb8bf8f7-2439-41c0-942a-a4029f90a766/datanode-1/data-0/containers/hdds/fb8bf8f7-2439-41c0-942a-a4029f90a766/DS-ddfcd824-c60b-4f3a-a7e1-d4e04094a105/container.db for volume DS-ddfcd824-c60b-4f3a-a7e1-d4e04094a105
2024-01-08 10:08:36,338 [main] INFO  utils.BackgroundService (BackgroundService.java:shutdown(160)) - Shutting down service BlockDeletingService
2024-01-08 10:08:36,338 [main] INFO  utils.BackgroundService (BackgroundService.java:shutdown(160)) - Shutting down service StaleRecoveringContainerScrubbingService
2024-01-08 10:08:36,339 [main] INFO  statemachine.DatanodeStateMachine (DatanodeStateMachine.java:stopDaemon(638)) - Ozone container server stopped.
2024-01-08 10:08:36,340 [main] INFO  handler.ContextHandler (ContextHandler.java:doStop(1159)) - Stopped o.e.j.w.WebAppContext@12f6d5a4{hddsDatanode,/,null,STOPPED}{jar:file:/home/runner/.m2/repository/org/apache/ozone/hdds-container-service/1.5.0-SNAPSHOT/hdds-container-service-1.5.0-SNAPSHOT.jar!/webapps/hddsDatanode}
2024-01-08 10:08:36,341 [main] INFO  server.AbstractConnector (AbstractConnector.java:doStop(383)) - Stopped ServerConnector@6c6db3b1{HTTP/1.1, (http/1.1)}{0.0.0.0:15053}
2024-01-08 10:08:36,341 [main] INFO  server.session (HouseKeeper.java:stopScavenging(149)) - node0 Stopped scavenging
2024-01-08 10:08:36,341 [main] INFO  handler.ContextHandler (ContextHandler.java:doStop(1159)) - Stopped o.e.j.s.ServletContextHandler@4d8fbd76{static,/static,jar:file:/home/runner/.m2/repository/org/apache/ozone/hdds-container-service/1.5.0-SNAPSHOT/hdds-container-service-1.5.0-SNAPSHOT.jar!/webapps/static,STOPPED}
2024-01-08 10:08:36,342 [main] INFO  handler.ContextHandler (ContextHandler.java:doStop(1159)) - Stopped o.e.j.s.ServletContextHandler@6bc53a2e{logs,/logs,file:///home/runner/work/ozone/ozone/hadoop-ozone/integration-test/target/log,STOPPED}
2024-01-08 10:08:36,342 [main] INFO  ozone.HddsDatanodeClientProtocolServer (HddsDatanodeClientProtocolServer.java:stop(78)) - Stopping the RPC server for Client Protocol
2024-01-08 10:08:36,343 [main] INFO  ipc.Server (Server.java:stop(3523)) - Stopping server on 15054
2024-01-08 10:08:36,343 [IPC Server listener on 15054] INFO  ipc.Server (Server.java:run(1434)) - Stopping IPC Server listener on 15054
2024-01-08 10:08:36,343 [IPC Server Responder] INFO  ipc.Server (Server.java:run(1567)) - Stopping IPC Server Responder
2024-01-08 10:08:36,345 [main] INFO  ozoneimpl.OzoneContainer (OzoneContainer.java:stop(463)) - Attempting to stop container services.
2024-01-08 10:08:36,346 [main] INFO  server.RaftServer (RaftServerProxy.java:lambda$close$9(416)) - 6df5c950-b1f8-41e9-a8bd-47cd1228c3d6: close
2024-01-08 10:08:36,346 [6df5c950-b1f8-41e9-a8bd-47cd1228c3d6-impl-thread1] INFO  server.RaftServer$Division (RaftServerImpl.java:lambda$close$3(516)) - 6df5c950-b1f8-41e9-a8bd-47cd1228c3d6@group-68088C61FACB: shutdown
2024-01-08 10:08:36,346 [6df5c950-b1f8-41e9-a8bd-47cd1228c3d6-impl-thread1] INFO  util.JmxRegister (JmxRegister.java:unregister(73)) - Successfully un-registered JMX Bean with object name Ratis:service=RaftServer,group=group-68088C61FACB,id=6df5c950-b1f8-41e9-a8bd-47cd1228c3d6
2024-01-08 10:08:36,346 [6df5c950-b1f8-41e9-a8bd-47cd1228c3d6-impl-thread2] INFO  server.RaftServer$Division (RaftServerImpl.java:lambda$close$3(516)) - 6df5c950-b1f8-41e9-a8bd-47cd1228c3d6@group-9B77B35A0EB3: shutdown
2024-01-08 10:08:36,346 [6df5c950-b1f8-41e9-a8bd-47cd1228c3d6-impl-thread1] INFO  impl.RoleInfo (RoleInfo.java:shutdownLeaderState(94)) - 6df5c950-b1f8-41e9-a8bd-47cd1228c3d6: shutdown 6df5c950-b1f8-41e9-a8bd-47cd1228c3d6@group-68088C61FACB-LeaderStateImpl
2024-01-08 10:08:36,346 [main] INFO  server.GrpcService (GrpcService.java:closeImpl(311)) - 6df5c950-b1f8-41e9-a8bd-47cd1228c3d6: shutdown server org.apache.ratis.grpc.server.GrpcClientProtocolService now
2024-01-08 10:08:36,346 [6df5c950-b1f8-41e9-a8bd-47cd1228c3d6-impl-thread2] INFO  util.JmxRegister (JmxRegister.java:unregister(73)) - Successfully un-registered JMX Bean with object name Ratis:service=RaftServer,group=group-9B77B35A0EB3,id=6df5c950-b1f8-41e9-a8bd-47cd1228c3d6
2024-01-08 10:08:36,347 [6df5c950-b1f8-41e9-a8bd-47cd1228c3d6-impl-thread2] INFO  impl.RoleInfo (RoleInfo.java:shutdownFollowerState(110)) - 6df5c950-b1f8-41e9-a8bd-47cd1228c3d6: shutdown 6df5c950-b1f8-41e9-a8bd-47cd1228c3d6@group-9B77B35A0EB3-FollowerState
2024-01-08 10:08:36,347 [6df5c950-b1f8-41e9-a8bd-47cd1228c3d6-impl-thread2] INFO  impl.StateMachineUpdater (StateMachineUpdater.java:stopAndJoin(157)) - 6df5c950-b1f8-41e9-a8bd-47cd1228c3d6@group-9B77B35A0EB3-StateMachineUpdater: set stopIndex = 0
2024-01-08 10:08:36,346 [6df5c950-b1f8-41e9-a8bd-47cd1228c3d6-impl-thread1] INFO  impl.PendingRequests (PendingRequests.java:sendNotLeaderResponses(289)) - 6df5c950-b1f8-41e9-a8bd-47cd1228c3d6@group-68088C61FACB-PendingRequests: sendNotLeaderResponses
2024-01-08 10:08:36,347 [6df5c950-b1f8-41e9-a8bd-47cd1228c3d6-impl-thread3] INFO  server.RaftServer$Division (RaftServerImpl.java:lambda$close$3(516)) - 6df5c950-b1f8-41e9-a8bd-47cd1228c3d6@group-8BEA082C3750: shutdown
2024-01-08 10:08:36,347 [6df5c950-b1f8-41e9-a8bd-47cd1228c3d6@group-9B77B35A0EB3-StateMachineUpdater] INFO  ratis.ContainerStateMachine (ContainerStateMachine.java:takeSnapshot(355)) - group-9B77B35A0EB3: Taking a snapshot at:(t:1, i:0) file /home/runner/work/ozone/ozone/hadoop-ozone/integration-test/target/test-dir/MiniOzoneClusterImpl-fb8bf8f7-2439-41c0-942a-a4029f90a766/datanode-2/data/ratis/30c296b9-71b9-4744-8977-9b77b35a0eb3/sm/snapshot.1_0
2024-01-08 10:08:36,347 [6df5c950-b1f8-41e9-a8bd-47cd1228c3d6@group-9B77B35A0EB3-FollowerState] INFO  impl.FollowerState (FollowerState.java:run(152)) - 6df5c950-b1f8-41e9-a8bd-47cd1228c3d6@group-9B77B35A0EB3-FollowerState was interrupted
2024-01-08 10:08:36,351 [Thread-1018] INFO  server.GrpcServerProtocolClient (GrpcServerProtocolClient.java:close(103)) - d591e5af-e8f5-464c-8a55-75d5e8fc5b83 Close channels
2024-01-08 10:08:36,351 [6df5c950-b1f8-41e9-a8bd-47cd1228c3d6@group-9B77B35A0EB3-StateMachineUpdater] INFO  ratis.ContainerStateMachine (ContainerStateMachine.java:takeSnapshot(366)) - group-9B77B35A0EB3: Finished taking a snapshot at:(t:1, i:0) file:/home/runner/work/ozone/ozone/hadoop-ozone/integration-test/target/test-dir/MiniOzoneClusterImpl-fb8bf8f7-2439-41c0-942a-a4029f90a766/datanode-2/data/ratis/30c296b9-71b9-4744-8977-9b77b35a0eb3/sm/snapshot.1_0 took: 4 ms
2024-01-08 10:08:36,352 [6df5c950-b1f8-41e9-a8bd-47cd1228c3d6@group-9B77B35A0EB3-StateMachineUpdater] INFO  impl.StateMachineUpdater (StateMachineUpdater.java:takeSnapshot(295)) - 6df5c950-b1f8-41e9-a8bd-47cd1228c3d6@group-9B77B35A0EB3-StateMachineUpdater: Took a snapshot at index 0
2024-01-08 10:08:36,352 [6df5c950-b1f8-41e9-a8bd-47cd1228c3d6@group-9B77B35A0EB3-StateMachineUpdater] INFO  impl.StateMachineUpdater (StateMachineUpdater.java:lambda$new$0(98)) - 6df5c950-b1f8-41e9-a8bd-47cd1228c3d6@group-9B77B35A0EB3-StateMachineUpdater: snapshotIndex: updateIncreasingly -1 -> 0
2024-01-08 10:08:36,352 [6df5c950-b1f8-41e9-a8bd-47cd1228c3d6-impl-thread1] INFO  impl.StateMachineUpdater (StateMachineUpdater.java:stopAndJoin(157)) - 6df5c950-b1f8-41e9-a8bd-47cd1228c3d6@group-68088C61FACB-StateMachineUpdater: set stopIndex = 0
2024-01-08 10:08:36,352 [6df5c950-b1f8-41e9-a8bd-47cd1228c3d6@group-68088C61FACB-StateMachineUpdater] INFO  ratis.ContainerStateMachine (ContainerStateMachine.java:takeSnapshot(355)) - group-68088C61FACB: Taking a snapshot at:(t:1, i:0) file /home/runner/work/ozone/ozone/hadoop-ozone/integration-test/target/test-dir/MiniOzoneClusterImpl-fb8bf8f7-2439-41c0-942a-a4029f90a766/datanode-2/data/ratis/bff21e03-de3f-4c06-9821-68088c61facb/sm/snapshot.1_0
2024-01-08 10:08:36,352 [6df5c950-b1f8-41e9-a8bd-47cd1228c3d6-impl-thread3] INFO  util.JmxRegister (JmxRegister.java:unregister(73)) - Successfully un-registered JMX Bean with object name Ratis:service=RaftServer,group=group-8BEA082C3750,id=6df5c950-b1f8-41e9-a8bd-47cd1228c3d6
2024-01-08 10:08:36,352 [6df5c950-b1f8-41e9-a8bd-47cd1228c3d6-impl-thread3] INFO  impl.RoleInfo (RoleInfo.java:shutdownFollowerState(110)) - 6df5c950-b1f8-41e9-a8bd-47cd1228c3d6: shutdown 6df5c950-b1f8-41e9-a8bd-47cd1228c3d6@group-8BEA082C3750-FollowerState
2024-01-08 10:08:36,352 [6df5c950-b1f8-41e9-a8bd-47cd1228c3d6-impl-thread3] INFO  impl.StateMachineUpdater (StateMachineUpdater.java:stopAndJoin(157)) - 6df5c950-b1f8-41e9-a8bd-47cd1228c3d6@group-8BEA082C3750-StateMachineUpdater: set stopIndex = -1
2024-01-08 10:08:36,352 [6df5c950-b1f8-41e9-a8bd-47cd1228c3d6-impl-thread3] INFO  server.RaftServer$Division (ServerState.java:close(423)) - 6df5c950-b1f8-41e9-a8bd-47cd1228c3d6@group-8BEA082C3750: applyIndex: -1
2024-01-08 10:08:36,352 [6df5c950-b1f8-41e9-a8bd-47cd1228c3d6@group-68088C61FACB-StateMachineUpdater] INFO  ratis.ContainerStateMachine (ContainerStateMachine.java:takeSnapshot(366)) - group-68088C61FACB: Finished taking a snapshot at:(t:1, i:0) file:/home/runner/work/ozone/ozone/hadoop-ozone/integration-test/target/test-dir/MiniOzoneClusterImpl-fb8bf8f7-2439-41c0-942a-a4029f90a766/datanode-2/data/ratis/bff21e03-de3f-4c06-9821-68088c61facb/sm/snapshot.1_0 took: 0 ms
2024-01-08 10:08:36,353 [6df5c950-b1f8-41e9-a8bd-47cd1228c3d6@group-8BEA082C3750-cacheEviction-AwaitToRun] INFO  util.AwaitToRun (AwaitToRun.java:run(49)) - 6df5c950-b1f8-41e9-a8bd-47cd1228c3d6@group-8BEA082C3750-cacheEviction-AwaitToRun-AwaitForSignal is interrupted
2024-01-08 10:08:36,353 [6df5c950-b1f8-41e9-a8bd-47cd1228c3d6@group-68088C61FACB-StateMachineUpdater] INFO  impl.StateMachineUpdater (StateMachineUpdater.java:takeSnapshot(295)) - 6df5c950-b1f8-41e9-a8bd-47cd1228c3d6@group-68088C61FACB-StateMachineUpdater: Took a snapshot at index 0
2024-01-08 10:08:36,353 [6df5c950-b1f8-41e9-a8bd-47cd1228c3d6@group-68088C61FACB-StateMachineUpdater] INFO  impl.StateMachineUpdater (StateMachineUpdater.java:lambda$new$0(98)) - 6df5c950-b1f8-41e9-a8bd-47cd1228c3d6@group-68088C61FACB-StateMachineUpdater: snapshotIndex: updateIncreasingly -1 -> 0
2024-01-08 10:08:36,353 [6df5c950-b1f8-41e9-a8bd-47cd1228c3d6-impl-thread1] INFO  server.RaftServer$Division (ServerState.java:close(423)) - 6df5c950-b1f8-41e9-a8bd-47cd1228c3d6@group-68088C61FACB: applyIndex: 0
2024-01-08 10:08:36,353 [6df5c950-b1f8-41e9-a8bd-47cd1228c3d6@group-68088C61FACB-cacheEviction-AwaitToRun] INFO  util.AwaitToRun (AwaitToRun.java:run(49)) - 6df5c950-b1f8-41e9-a8bd-47cd1228c3d6@group-68088C61FACB-cacheEviction-AwaitToRun-AwaitForSignal is interrupted
2024-01-08 10:08:36,352 [6df5c950-b1f8-41e9-a8bd-47cd1228c3d6@group-8BEA082C3750-FollowerState] INFO  impl.FollowerState (FollowerState.java:run(152)) - 6df5c950-b1f8-41e9-a8bd-47cd1228c3d6@group-8BEA082C3750-FollowerState was interrupted
2024-01-08 10:08:36,352 [6df5c950-b1f8-41e9-a8bd-47cd1228c3d6-impl-thread2] INFO  server.RaftServer$Division (ServerState.java:close(423)) - 6df5c950-b1f8-41e9-a8bd-47cd1228c3d6@group-9B77B35A0EB3: applyIndex: 0
2024-01-08 10:08:36,352 [Thread-1020] INFO  server.GrpcServerProtocolClient (GrpcServerProtocolClient.java:close(103)) - e6c09ac7-730a-4058-a1a8-e64ffc2fb789 Close channels
2024-01-08 10:08:36,355 [6df5c950-b1f8-41e9-a8bd-47cd1228c3d6@group-9B77B35A0EB3-cacheEviction-AwaitToRun] INFO  util.AwaitToRun (AwaitToRun.java:run(49)) - 6df5c950-b1f8-41e9-a8bd-47cd1228c3d6@group-9B77B35A0EB3-cacheEviction-AwaitToRun-AwaitForSignal is interrupted
2024-01-08 10:08:36,355 [main] INFO  server.GrpcService (GrpcService.java:closeImpl(320)) - 6df5c950-b1f8-41e9-a8bd-47cd1228c3d6: shutdown server org.apache.ratis.grpc.server.GrpcClientProtocolService successfully
2024-01-08 10:08:36,356 [main] INFO  server.GrpcService (GrpcService.java:closeImpl(311)) - 6df5c950-b1f8-41e9-a8bd-47cd1228c3d6: shutdown server GrpcServerProtocolService now
2024-01-08 10:08:36,356 [main] INFO  server.GrpcService (GrpcService.java:closeImpl(320)) - 6df5c950-b1f8-41e9-a8bd-47cd1228c3d6: shutdown server GrpcServerProtocolService successfully
2024-01-08 10:08:36,356 [main] INFO  server.GrpcService (GrpcService.java:closeImpl(311)) - 6df5c950-b1f8-41e9-a8bd-47cd1228c3d6: shutdown server org.apache.ratis.grpc.server.GrpcAdminProtocolService now
2024-01-08 10:08:36,357 [main] INFO  server.GrpcService (GrpcService.java:closeImpl(320)) - 6df5c950-b1f8-41e9-a8bd-47cd1228c3d6: shutdown server org.apache.ratis.grpc.server.GrpcAdminProtocolService successfully
2024-01-08 10:08:36,357 [6df5c950-b1f8-41e9-a8bd-47cd1228c3d6-NettyServerStreamRpc-bossGroup--thread1] INFO  logging.LoggingHandler (AbstractInternalLogger.java:log(148)) - [id: 0xcb93d3de, L:/0.0.0.0:15068] CLOSE
2024-01-08 10:08:36,357 [6df5c950-b1f8-41e9-a8bd-47cd1228c3d6-NettyServerStreamRpc-bossGroup--thread1] INFO  logging.LoggingHandler (AbstractInternalLogger.java:log(148)) - [id: 0xcb93d3de, L:/0.0.0.0:15068] INACTIVE
2024-01-08 10:08:36,357 [6df5c950-b1f8-41e9-a8bd-47cd1228c3d6-NettyServerStreamRpc-bossGroup--thread1] INFO  logging.LoggingHandler (AbstractInternalLogger.java:log(148)) - [id: 0xcb93d3de, L:/0.0.0.0:15068] UNREGISTERED
2024-01-08 10:08:36,419 [6df5c950-b1f8-41e9-a8bd-47cd1228c3d6-impl-thread3] INFO  segmented.SegmentedRaftLogWorker (SegmentedRaftLogWorker.java:close(243)) - 6df5c950-b1f8-41e9-a8bd-47cd1228c3d6@group-8BEA082C3750-SegmentedRaftLogWorker close()
2024-01-08 10:08:36,565 [6df5c950-b1f8-41e9-a8bd-47cd1228c3d6-impl-thread1] INFO  segmented.SegmentedRaftLogWorker (SegmentedRaftLogWorker.java:close(243)) - 6df5c950-b1f8-41e9-a8bd-47cd1228c3d6@group-68088C61FACB-SegmentedRaftLogWorker close()
2024-01-08 10:08:37,279 [6df5c950-b1f8-41e9-a8bd-47cd1228c3d6-impl-thread2] INFO  segmented.SegmentedRaftLogWorker (SegmentedRaftLogWorker.java:close(243)) - 6df5c950-b1f8-41e9-a8bd-47cd1228c3d6@group-9B77B35A0EB3-SegmentedRaftLogWorker close()
2024-01-08 10:08:37,280 [JvmPauseMonitor9] INFO  util.JvmPauseMonitor (JvmPauseMonitor.java:run(152)) - JvmPauseMonitor-6df5c950-b1f8-41e9-a8bd-47cd1228c3d6: Stopped
2024-01-08 10:08:39,286 [main] INFO  utils.DatanodeStoreCache (DatanodeStoreCache.java:shutdownCache(110)) - Skip clearing cache in mini cluster mode. Entries left: [/home/runner/work/ozone/ozone/hadoop-ozone/integration-test/target/test-dir/MiniOzoneClusterImpl-fb8bf8f7-2439-41c0-942a-a4029f90a766/datanode-2/data-0/containers/hdds/fb8bf8f7-2439-41c0-942a-a4029f90a766/DS-7e32ced9-65d3-459f-ae24-bbbe6d4e57f9/container.db]
2024-01-08 10:08:39,289 [main] INFO  utils.DatanodeStoreCache (DatanodeStoreCache.java:removeDB(104)) - Removed db /home/runner/work/ozone/ozone/hadoop-ozone/integration-test/target/test-dir/MiniOzoneClusterImpl-fb8bf8f7-2439-41c0-942a-a4029f90a766/datanode-2/data-0/containers/hdds/fb8bf8f7-2439-41c0-942a-a4029f90a766/DS-7e32ced9-65d3-459f-ae24-bbbe6d4e57f9/container.db from cache
2024-01-08 10:08:39,290 [main] INFO  volume.HddsVolume (HddsVolume.java:closeDbStore(451)) - SchemaV3 db is stopped at /home/runner/work/ozone/ozone/hadoop-ozone/integration-test/target/test-dir/MiniOzoneClusterImpl-fb8bf8f7-2439-41c0-942a-a4029f90a766/datanode-2/data-0/containers/hdds/fb8bf8f7-2439-41c0-942a-a4029f90a766/DS-7e32ced9-65d3-459f-ae24-bbbe6d4e57f9/container.db for volume DS-7e32ced9-65d3-459f-ae24-bbbe6d4e57f9
2024-01-08 10:08:39,290 [main] INFO  utils.BackgroundService (BackgroundService.java:shutdown(160)) - Shutting down service BlockDeletingService
2024-01-08 10:08:39,291 [main] INFO  utils.BackgroundService (BackgroundService.java:shutdown(160)) - Shutting down service StaleRecoveringContainerScrubbingService
2024-01-08 10:08:39,291 [main] INFO  statemachine.DatanodeStateMachine (DatanodeStateMachine.java:stopDaemon(638)) - Ozone container server stopped.
2024-01-08 10:08:39,292 [main] INFO  handler.ContextHandler (ContextHandler.java:doStop(1159)) - Stopped o.e.j.w.WebAppContext@6f39c56e{hddsDatanode,/,null,STOPPED}{jar:file:/home/runner/.m2/repository/org/apache/ozone/hdds-container-service/1.5.0-SNAPSHOT/hdds-container-service-1.5.0-SNAPSHOT.jar!/webapps/hddsDatanode}
2024-01-08 10:08:39,293 [main] INFO  server.AbstractConnector (AbstractConnector.java:doStop(383)) - Stopped ServerConnector@f33f982{HTTP/1.1, (http/1.1)}{0.0.0.0:15062}
2024-01-08 10:08:39,293 [main] INFO  server.session (HouseKeeper.java:stopScavenging(149)) - node0 Stopped scavenging
2024-01-08 10:08:39,294 [main] INFO  handler.ContextHandler (ContextHandler.java:doStop(1159)) - Stopped o.e.j.s.ServletContextHandler@245c6a35{static,/static,jar:file:/home/runner/.m2/repository/org/apache/ozone/hdds-container-service/1.5.0-SNAPSHOT/hdds-container-service-1.5.0-SNAPSHOT.jar!/webapps/static,STOPPED}
2024-01-08 10:08:39,294 [main] INFO  handler.ContextHandler (ContextHandler.java:doStop(1159)) - Stopped o.e.j.s.ServletContextHandler@70e2c16d{logs,/logs,file:///home/runner/work/ozone/ozone/hadoop-ozone/integration-test/target/log,STOPPED}
2024-01-08 10:08:39,295 [main] INFO  ozone.HddsDatanodeClientProtocolServer (HddsDatanodeClientProtocolServer.java:stop(78)) - Stopping the RPC server for Client Protocol
2024-01-08 10:08:39,295 [main] INFO  ipc.Server (Server.java:stop(3523)) - Stopping server on 15063
2024-01-08 10:08:39,296 [IPC Server listener on 15063] INFO  ipc.Server (Server.java:run(1434)) - Stopping IPC Server listener on 15063
2024-01-08 10:08:39,296 [IPC Server Responder] INFO  ipc.Server (Server.java:run(1567)) - Stopping IPC Server Responder
2024-01-08 10:08:39,297 [main] INFO  ozone.MiniOzoneClusterImpl (MiniOzoneClusterImpl.java:restartStorageContainerManager(364)) - Restarting SCM in cluster class org.apache.hadoop.ozone.MiniOzoneClusterImpl
2024-01-08 10:08:39,297 [main] INFO  server.StorageContainerManager (StorageContainerManager.java:stop(1654)) - Container Balancer is not running.
2024-01-08 10:08:39,297 [main] INFO  server.StorageContainerManager (StorageContainerManager.java:stopReplicationManager(1787)) - Stopping Replication Manager Service.
2024-01-08 10:08:39,297 [main] INFO  replication.ReplicationManager (ReplicationManager.java:stop(326)) - Stopping Replication Monitor Thread.
2024-01-08 10:08:39,297 [UnderReplicatedProcessor] WARN  replication.UnhealthyReplicationProcessor (UnhealthyReplicationProcessor.java:run(180)) - UnderReplicatedProcessor interrupted. Exiting...
2024-01-08 10:08:39,298 [ReplicationMonitor] INFO  replication.ReplicationManager (ReplicationManager.java:run(933)) - Replication Monitor Thread is stopped
2024-01-08 10:08:39,297 [OverReplicatedProcessor] WARN  replication.UnhealthyReplicationProcessor (UnhealthyReplicationProcessor.java:run(180)) - OverReplicatedProcessor interrupted. Exiting...
2024-01-08 10:08:39,298 [main] INFO  server.StorageContainerManager (StorageContainerManager.java:stop(1663)) - Stopping the Datanode Admin Monitor.
2024-01-08 10:08:39,298 [main] INFO  server.StorageContainerManager (StorageContainerManager.java:stop(1670)) - Stopping datanode service RPC server
2024-01-08 10:08:39,298 [main] INFO  server.SCMDatanodeProtocolServer (SCMDatanodeProtocolServer.java:stop(424)) - Stopping the RPC server for DataNodes
2024-01-08 10:08:39,298 [main] INFO  ipc.Server (Server.java:stop(3523)) - Stopping server on 15037
2024-01-08 10:08:39,300 [IPC Server Responder] INFO  ipc.Server (Server.java:run(1567)) - Stopping IPC Server Responder
2024-01-08 10:08:39,300 [IPC Server listener on 15037] INFO  ipc.Server (Server.java:run(1434)) - Stopping IPC Server listener on 15037
2024-01-08 10:08:39,389 [SCMHeartbeatProcessor-0] WARN  node.NodeStateManager (NodeStateManager.java:scheduleNextHealthCheck(878)) - Current Thread is interrupted, shutting down HB processing thread for Node Manager.
2024-01-08 10:08:39,389 [main] INFO  server.StorageContainerManager (StorageContainerManager.java:stop(1678)) - Stopping block service RPC server
2024-01-08 10:08:39,389 [main] INFO  server.SCMBlockProtocolServer (SCMBlockProtocolServer.java:stop(168)) - Stopping the RPC server for Block Protocol
2024-01-08 10:08:39,390 [main] INFO  ipc.Server (Server.java:stop(3523)) - Stopping server on 15036
2024-01-08 10:08:39,391 [IPC Server listener on 15036] INFO  ipc.Server (Server.java:run(1434)) - Stopping IPC Server listener on 15036
2024-01-08 10:08:39,391 [IPC Server Responder] INFO  ipc.Server (Server.java:run(1567)) - Stopping IPC Server Responder
2024-01-08 10:08:39,393 [main] INFO  server.StorageContainerManager (StorageContainerManager.java:stop(1685)) - Stopping the StorageContainerLocationProtocol RPC server
2024-01-08 10:08:39,393 [main] INFO  server.SCMClientProtocolServer (SCMClientProtocolServer.java:stop(210)) - Stopping the RPC server for Client Protocol
2024-01-08 10:08:39,393 [main] INFO  ipc.Server (Server.java:stop(3523)) - Stopping server on 15035
2024-01-08 10:08:39,394 [IPC Server listener on 15035] INFO  ipc.Server (Server.java:run(1434)) - Stopping IPC Server listener on 15035
2024-01-08 10:08:39,395 [IPC Server Responder] INFO  ipc.Server (Server.java:run(1567)) - Stopping IPC Server Responder
2024-01-08 10:08:39,395 [main] INFO  server.StorageContainerManager (StorageContainerManager.java:stop(1692)) - Stopping Storage Container Manager HTTP server.
2024-01-08 10:08:39,396 [main] INFO  handler.ContextHandler (ContextHandler.java:doStop(1159)) - Stopped o.e.j.w.WebAppContext@1a2098da{scm,/,null,STOPPED}{file:/home/runner/work/ozone/ozone/hadoop-ozone/integration-test/target/test-classes/webapps/scm}
2024-01-08 10:08:39,396 [main] INFO  server.AbstractConnector (AbstractConnector.java:doStop(383)) - Stopped ServerConnector@77f67c34{HTTP/1.1, (http/1.1)}{0.0.0.0:15038}
2024-01-08 10:08:39,397 [main] INFO  server.session (HouseKeeper.java:stopScavenging(149)) - node0 Stopped scavenging
2024-01-08 10:08:39,397 [main] INFO  handler.ContextHandler (ContextHandler.java:doStop(1159)) - Stopped o.e.j.s.ServletContextHandler@6a5107ea{static,/static,file:///home/runner/work/ozone/ozone/hadoop-ozone/integration-test/target/test-classes/webapps/static,STOPPED}
2024-01-08 10:08:39,397 [main] INFO  handler.ContextHandler (ContextHandler.java:doStop(1159)) - Stopped o.e.j.s.ServletContextHandler@6649e285{logs,/logs,file:///home/runner/work/ozone/ozone/hadoop-ozone/integration-test/target/log,STOPPED}
2024-01-08 10:08:39,397 [main] INFO  server.StorageContainerManager (StorageContainerManager.java:stop(1700)) - Stopping SCM LayoutVersionManager Service.
2024-01-08 10:08:39,398 [main] INFO  server.StorageContainerManager (StorageContainerManager.java:stop(1712)) - Stopping Block Manager Service.
2024-01-08 10:08:39,398 [main] INFO  utils.BackgroundService (BackgroundService.java:shutdown(160)) - Shutting down service SCMBlockDeletingService
2024-01-08 10:08:39,398 [main] INFO  utils.BackgroundService (BackgroundService.java:shutdown(160)) - Shutting down service SCMBlockDeletingService
2024-01-08 10:08:39,398 [main] INFO  server.StorageContainerManager (StorageContainerManager.java:stop(1732)) - Stopping SCM Event Queue.
2024-01-08 10:08:39,399 [JvmPauseMonitor5] INFO  util.JvmPauseMonitor (JvmPauseMonitor.java:run(152)) - JvmPauseMonitor-729a6255-0a46-4a06-9d0b-725172a9ca4c: Stopped
2024-01-08 10:08:39,399 [main] INFO  server.StorageContainerManager (StorageContainerManager.java:stop(1743)) - Stopping SCM HA services.
2024-01-08 10:08:39,399 [main] INFO  pipeline.BackgroundPipelineCreator (BackgroundPipelineCreator.java:stop(152)) - Stopping RatisPipelineUtilsThread.
2024-01-08 10:08:39,399 [RatisPipelineUtilsThread-0] WARN  pipeline.BackgroundPipelineCreator (BackgroundPipelineCreator.java:run(183)) - RatisPipelineUtilsThread is interrupted.
2024-01-08 10:08:39,399 [main] INFO  BackgroundPipelineScrubber (BackgroundSCMService.java:stop(131)) - Stopping BackgroundPipelineScrubber Service.
2024-01-08 10:08:39,399 [BackgroundPipelineScrubber] WARN  BackgroundPipelineScrubber (BackgroundSCMService.java:run(115)) - BackgroundPipelineScrubber is interrupted, exit
2024-01-08 10:08:39,399 [main] INFO  impl.MetricsSystemImpl (MetricsSystemImpl.java:stop(205)) - StorageContainerManager metrics system stopped (again)
2024-01-08 10:08:39,400 [main] WARN  pipeline.BackgroundPipelineCreator (BackgroundPipelineCreator.java:stop(148)) - RatisPipelineUtilsThread is not running, just ignore.
2024-01-08 10:08:39,400 [main] INFO  BackgroundPipelineScrubber (BackgroundSCMService.java:stop(126)) - BackgroundPipelineScrubber Service is not running, skip stop.
2024-01-08 10:08:39,400 [main] INFO  ExpiredContainerReplicaOpScrubber (BackgroundSCMService.java:stop(131)) - Stopping ExpiredContainerReplicaOpScrubber Service.
2024-01-08 10:08:39,400 [ExpiredContainerReplicaOpScrubber] WARN  ExpiredContainerReplicaOpScrubber (BackgroundSCMService.java:run(115)) - ExpiredContainerReplicaOpScrubber is interrupted, exit
2024-01-08 10:08:39,400 [main] INFO  utils.BackgroundService (BackgroundService.java:shutdown(160)) - Shutting down service SCMBlockDeletingService
2024-01-08 10:08:39,400 [main] INFO  replication.ReplicationManager (ReplicationManager.java:stop(336)) - Replication Monitor Thread is not running.
2024-01-08 10:08:39,401 [main] WARN  balancer.ContainerBalancer (ContainerBalancer.java:stop(327)) - Cannot stop Container Balancer because it's not running or stopping
2024-01-08 10:08:39,401 [LeaseManager#LeaseMonitor] WARN  lease.LeaseManager (LeaseManager.java:run(287)) - Lease manager is interrupted. Shutting down...
java.lang.InterruptedException
	at java.util.concurrent.locks.AbstractQueuedSynchronizer.doAcquireSharedNanos(AbstractQueuedSynchronizer.java:1039)
	at java.util.concurrent.locks.AbstractQueuedSynchronizer.tryAcquireSharedNanos(AbstractQueuedSynchronizer.java:1328)
	at java.util.concurrent.Semaphore.tryAcquire(Semaphore.java:409)
	at org.apache.hadoop.ozone.lease.LeaseManager$LeaseMonitor.run(LeaseManager.java:285)
	at java.lang.Thread.run(Thread.java:750)
2024-01-08 10:08:39,401 [main] INFO  server.StorageContainerManager (StorageContainerManager.java:stop(1778)) - Stopping SCM MetadataStore.
2024-01-08 10:08:39,402 [main] WARN  server.ServerUtils (ServerUtils.java:getScmDbDir(155)) - ozone.scm.db.dirs is not configured. We recommend adding this setting. Falling back to ozone.metadata.dirs instead.
2024-01-08 10:08:39,402 [main] INFO  ha.SCMHANodeDetails (SCMHANodeDetails.java:loadSCMHAConfig(207)) - ServiceID for StorageContainerManager is null
2024-01-08 10:08:39,403 [main] INFO  ha.SCMHANodeDetails (SCMHANodeDetails.java:loadSCMHAConfig(212)) - ozone.scm.default.service.id is not defined, falling back to ozone.scm.service.ids to find serviceID for StorageContainerManager if it is HA enabled cluster
2024-01-08 10:08:39,403 [main] WARN  utils.HAUtils (HAUtils.java:getMetaDir(339)) - ozone.scm.db.dirs is not configured. We recommend adding this setting. Falling back to ozone.metadata.dirs instead.
2024-01-08 10:08:39,404 [main] WARN  db.DBStoreBuilder (DBStoreBuilder.java:applyDBDefinition(167)) - ozone.scm.db.dirs is not configured. We recommend adding this setting. Falling back to ozone.metadata.dirs instead.
2024-01-08 10:08:39,429 [main] INFO  net.NodeSchemaLoader (NodeSchemaLoader.java:loadSchemaFromFile(129)) - Loading schema from [jar:file:/home/runner/.m2/repository/org/apache/ozone/hdds-common/1.5.0-SNAPSHOT/hdds-common-1.5.0-SNAPSHOT.jar!/network-topology-default.xml]
2024-01-08 10:08:39,430 [main] INFO  net.NodeSchemaLoader (NodeSchemaLoader.java:loadSchema(176)) - Loading network topology layer schema file
2024-01-08 10:08:39,432 [main] INFO  upgrade.AbstractLayoutVersionManager (AbstractLayoutVersionManager.java:init(83)) - Initializing Layout version manager with metadata layout = HADOOP_PRC_PORTS_IN_DATANODEDETAILS (version = 7), software layout = HADOOP_PRC_PORTS_IN_DATANODEDETAILS (version = 7)
2024-01-08 10:08:39,435 [main] INFO  ha.SequenceIdGenerator (SequenceIdGenerator.java:<init>(241)) - Init the HA SequenceIdGenerator.
2024-01-08 10:08:39,436 [main] WARN  server.ServerUtils (ServerUtils.java:sanitizeUserArgs(80)) - ozone.scm.stale.node.interval value = 300000 is larger than max = 100000 based on the key value of ozone.scm.heartbeat.thread.interval, reset to the max value 100000.
2024-01-08 10:08:39,436 [main] WARN  server.ServerUtils (ServerUtils.java:sanitizeUserArgs(80)) - ozone.scm.stale.node.interval value = 300000 is larger than max = 100000 based on the key value of ozone.scm.heartbeat.thread.interval, reset to the max value 100000.
2024-01-08 10:08:39,436 [main] INFO  node.SCMNodeManager (SCMNodeManager.java:<init>(173)) - Entering startup safe mode.
2024-01-08 10:08:39,436 [main] INFO  algorithms.ContainerPlacementPolicyFactory (ContainerPlacementPolicyFactory.java:getPolicyInternal(86)) - Create container placement policy of type org.apache.hadoop.hdds.scm.container.placement.algorithms.SCMContainerPlacementRackAware
2024-01-08 10:08:39,437 [main] INFO  algorithms.ContainerPlacementPolicyFactory (ContainerPlacementPolicyFactory.java:getPolicyInternal(86)) - Create container placement policy of type org.apache.hadoop.hdds.scm.container.placement.algorithms.SCMContainerPlacementRackScatter
2024-01-08 10:08:39,439 [main] INFO  algorithms.LeaderChoosePolicyFactory (LeaderChoosePolicyFactory.java:getPolicy(57)) - Create leader choose policy of type org.apache.hadoop.hdds.scm.pipeline.leader.choose.algorithms.MinLeaderCountChoosePolicy
2024-01-08 10:08:39,439 [main] INFO  algorithms.ContainerPlacementPolicyFactory (ContainerPlacementPolicyFactory.java:getPolicyInternal(86)) - Create container placement policy of type org.apache.hadoop.hdds.scm.container.placement.algorithms.SCMContainerPlacementRackScatter
2024-01-08 10:08:39,440 [main] INFO  ha.SCMServiceManager (SCMServiceManager.java:register(42)) - Registering service BackgroundPipelineCreator.
2024-01-08 10:08:39,440 [main] INFO  pipeline.BackgroundPipelineCreator (BackgroundPipelineCreator.java:start(127)) - Starting RatisPipelineUtilsThread.
2024-01-08 10:08:39,440 [main] INFO  BackgroundPipelineScrubber (BackgroundSCMService.java:start(68)) - Starting BackgroundPipelineScrubber Service.
2024-01-08 10:08:39,440 [main] INFO  ha.SCMServiceManager (SCMServiceManager.java:register(42)) - Registering service BackgroundPipelineScrubber.
2024-01-08 10:08:39,440 [main] INFO  ExpiredContainerReplicaOpScrubber (BackgroundSCMService.java:start(68)) - Starting ExpiredContainerReplicaOpScrubber Service.
2024-01-08 10:08:39,441 [main] INFO  ha.SCMServiceManager (SCMServiceManager.java:register(42)) - Registering service ExpiredContainerReplicaOpScrubber.
2024-01-08 10:08:39,441 [main] INFO  algorithms.PipelineChoosePolicyFactory (PipelineChoosePolicyFactory.java:createPipelineChoosePolicyFromClass(78)) - Create pipeline choose policy of type org.apache.hadoop.hdds.scm.pipeline.choose.algorithms.RandomPipelineChoosePolicy
2024-01-08 10:08:39,441 [main] INFO  algorithms.PipelineChoosePolicyFactory (PipelineChoosePolicyFactory.java:createPipelineChoosePolicyFromClass(78)) - Create pipeline choose policy of type org.apache.hadoop.hdds.scm.pipeline.choose.algorithms.RandomPipelineChoosePolicy
2024-01-08 10:08:39,442 [main] INFO  ha.SCMServiceManager (SCMServiceManager.java:register(42)) - Registering service SCMBlockDeletingService.
2024-01-08 10:08:39,443 [main] INFO  replication.ReplicationManager (ReplicationManager.java:start(294)) - Starting Replication Monitor Thread.
2024-01-08 10:08:39,444 [ReplicationMonitor] INFO  replication.ReplicationManager (ReplicationManager.java:processAll(369)) - Replication Manager is not ready to run until 3000ms after safemode exit
2024-01-08 10:08:39,444 [main] INFO  ha.SCMServiceManager (SCMServiceManager.java:register(42)) - Registering service ReplicationManager.
2024-01-08 10:08:39,444 [main] INFO  safemode.ContainerSafeModeRule (ContainerSafeModeRule.java:<init>(91)) - containers with one replica threshold count 0
2024-01-08 10:08:39,445 [main] INFO  safemode.HealthyPipelineSafeModeRule (HealthyPipelineSafeModeRule.java:initializeRule(176)) - Total pipeline count is 1, healthy pipeline threshold count is 1
2024-01-08 10:08:39,445 [main] INFO  safemode.OneReplicaPipelineSafeModeRule (OneReplicaPipelineSafeModeRule.java:initializeRule(193)) - Total pipeline count is 1, pipeline's with at least one datanode reported threshold count is 1
2024-01-08 10:08:39,445 [main] INFO  server.StorageContainerManager (StorageContainerManager.java:<init>(440)) - SCM start with adminUsers: [runner]
2024-01-08 10:08:39,446 [main] INFO  ipc.CallQueueManager (CallQueueManager.java:<init>(90)) - Using callQueue: class java.util.concurrent.LinkedBlockingQueue, queueCapacity: 2000, scheduler: class org.apache.hadoop.ipc.DefaultRpcScheduler, ipcBackoff: false.
2024-01-08 10:08:39,446 [main] INFO  ipc.Server (Server.java:<init>(1287)) - Listener at 0.0.0.0:15037
2024-01-08 10:08:39,446 [Socket Reader #1 for port 15037] INFO  ipc.Server (Server.java:run(1323)) - Starting Socket Reader #1 for port 15037
2024-01-08 10:08:39,447 [main] INFO  ipc.CallQueueManager (CallQueueManager.java:<init>(90)) - Using callQueue: class java.util.concurrent.LinkedBlockingQueue, queueCapacity: 2000, scheduler: class org.apache.hadoop.ipc.DefaultRpcScheduler, ipcBackoff: false.
2024-01-08 10:08:39,447 [main] INFO  ipc.Server (Server.java:<init>(1287)) - Listener at 0.0.0.0:15036
2024-01-08 10:08:39,447 [Socket Reader #1 for port 15036] INFO  ipc.Server (Server.java:run(1323)) - Starting Socket Reader #1 for port 15036
2024-01-08 10:08:39,451 [main] INFO  ipc.CallQueueManager (CallQueueManager.java:<init>(90)) - Using callQueue: class java.util.concurrent.LinkedBlockingQueue, queueCapacity: 2000, scheduler: class org.apache.hadoop.ipc.DefaultRpcScheduler, ipcBackoff: false.
2024-01-08 10:08:39,452 [main] INFO  ipc.Server (Server.java:<init>(1287)) - Listener at 0.0.0.0:15035
2024-01-08 10:08:39,452 [Socket Reader #1 for port 15035] INFO  ipc.Server (Server.java:run(1323)) - Starting Socket Reader #1 for port 15035
2024-01-08 10:08:39,455 [main] INFO  ha.SCMServiceManager (SCMServiceManager.java:register(42)) - Registering service ContainerBalancer.
2024-01-08 10:08:39,455 [main] INFO  server.StorageContainerManager (StorageContainerManager.java:<init>(453)) - 
Container Balancer status:
Key                            Value
Running                        false
Container Balancer Configuration values:
Key                                                Value
Threshold                                          10
Max Datanodes to Involve per Iteration(percent)    20
Max Size to Move per Iteration                     500GB
Max Size Entering Target per Iteration             26GB
Max Size Leaving Source per Iteration              26GB
Number of Iterations                               10
Time Limit for Single Container's Movement         65min
Time Limit for Single Container's Replication      50min
Interval between each Iteration                    70min
Whether to Enable Network Topology                 false
Whether to Trigger Refresh Datanode Usage Info     false
Container IDs to Exclude from Balancing            None
Datanodes Specified to be Balanced                 None
Datanodes Excluded from Balancing                  None

2024-01-08 10:08:39,455 [main] INFO  ha.SCMContext (SCMContext.java:updateSafeModeStatus(230)) - Update SafeModeStatus from SafeModeStatus{safeModeStatus=true, preCheckPassed=false} to SafeModeStatus{safeModeStatus=true, preCheckPassed=false}.
2024-01-08 10:08:39,455 [main] INFO  server.StorageContainerManager (StorageContainerManager.java:start(1546)) - StorageContainerLocationProtocol RPC server is listening at /0.0.0.0:15035
2024-01-08 10:08:39,456 [main] WARN  impl.MetricsConfig (MetricsConfig.java:loadFirst(136)) - Cannot locate configuration: tried hadoop-metrics2-storagecontainermanager.properties,hadoop-metrics2.properties
2024-01-08 10:08:39,457 [main] INFO  impl.MetricsSystemImpl (MetricsSystemImpl.java:startTimer(378)) - Scheduled Metric snapshot period at 10 second(s).
2024-01-08 10:08:39,457 [main] INFO  impl.MetricsSystemImpl (MetricsSystemImpl.java:start(191)) - StorageContainerManager metrics system started
2024-01-08 10:08:39,459 [main] INFO  impl.MetricsSinkAdapter (MetricsSinkAdapter.java:start(204)) - Sink prometheus started
2024-01-08 10:08:39,459 [main] INFO  impl.MetricsSystemImpl (MetricsSystemImpl.java:registerSink(305)) - Registered sink prometheus
2024-01-08 10:08:39,475 [main] INFO  server.SCMClientProtocolServer (SCMClientProtocolServer.java:start(201)) - RPC server for Client  is listening at /0.0.0.0:15035
2024-01-08 10:08:39,476 [IPC Server Responder] INFO  ipc.Server (Server.java:run(1562)) - IPC Server Responder: starting
2024-01-08 10:08:39,476 [IPC Server listener on 15035] INFO  ipc.Server (Server.java:run(1402)) - IPC Server listener on 15035: starting
2024-01-08 10:08:39,491 [main] INFO  server.StorageContainerManager (StorageContainerManager.java:start(1559)) - ScmBlockLocationProtocol RPC server is listening at /0.0.0.0:15036
2024-01-08 10:08:39,492 [main] INFO  server.SCMBlockProtocolServer (SCMBlockProtocolServer.java:start(159)) - RPC server for Block Protocol is listening at /0.0.0.0:15036
2024-01-08 10:08:39,495 [IPC Server Responder] INFO  ipc.Server (Server.java:run(1562)) - IPC Server Responder: starting
2024-01-08 10:08:39,495 [IPC Server listener on 15036] INFO  ipc.Server (Server.java:run(1402)) - IPC Server listener on 15036: starting
2024-01-08 10:08:39,514 [main] INFO  server.SCMDatanodeProtocolServer (SCMDatanodeProtocolServer.java:start(193)) - ScmDatanodeProtocol RPC server for DataNodes is listening at /0.0.0.0:15037
2024-01-08 10:08:39,515 [IPC Server listener on 15037] INFO  ipc.Server (Server.java:run(1402)) - IPC Server listener on 15037: starting
2024-01-08 10:08:39,515 [IPC Server Responder] INFO  ipc.Server (Server.java:run(1562)) - IPC Server Responder: starting
2024-01-08 10:08:39,521 [JvmPauseMonitor11] INFO  util.JvmPauseMonitor (JvmPauseMonitor.java:run(146)) - JvmPauseMonitor-729a6255-0a46-4a06-9d0b-725172a9ca4c: Started
2024-01-08 10:08:39,522 [main] INFO  http.BaseHttpServer (BaseHttpServer.java:newHttpServer2BuilderForOzone(223)) - Starting Web-server for scm at: http://0.0.0.0:15038
2024-01-08 10:08:39,522 [main] INFO  http.BaseHttpServer (BaseHttpServer.java:<init>(110)) - Hadoop Security Enabled: false Ozone Security Enabled: false Ozone HTTP Security Enabled: false 
2024-01-08 10:08:39,523 [main] WARN  server.AuthenticationFilter (AuthenticationFilter.java:constructSecretProvider(240)) - Unable to initialize FileSignerSecretProvider, falling back to use random secrets. Reason: Could not read signature secret file: /home/runner/hadoop-http-auth-signature-secret
2024-01-08 10:08:39,524 [main] INFO  http.HttpRequestLog (HttpRequestLog.java:getRequestLog(86)) - Http request log for http.requests.scm is not defined
2024-01-08 10:08:39,526 [main] INFO  http.HttpServer2 (HttpServer2.java:addGlobalFilter(1036)) - Added global filter 'safety' (class=org.apache.hadoop.hdds.server.http.HttpServer2$QuotingInputFilter)
2024-01-08 10:08:39,526 [main] INFO  http.HttpServer2 (HttpServer2.java:addFilter(1012)) - Added filter static_user_filter (class=org.apache.hadoop.http.lib.StaticUserWebFilter$StaticUserFilter) to context scm
2024-01-08 10:08:39,526 [main] INFO  http.HttpServer2 (HttpServer2.java:addFilter(1020)) - Added filter static_user_filter (class=org.apache.hadoop.http.lib.StaticUserWebFilter$StaticUserFilter) to context static
2024-01-08 10:08:39,527 [main] INFO  http.HttpServer2 (HttpServer2.java:addFilter(1020)) - Added filter static_user_filter (class=org.apache.hadoop.http.lib.StaticUserWebFilter$StaticUserFilter) to context logs
2024-01-08 10:08:39,527 [main] INFO  http.BaseHttpServer (BaseHttpServer.java:<init>(189)) - HTTP server of scm uses base directory /home/runner/work/ozone/ozone/hadoop-ozone/integration-test/target/test-dir/MiniOzoneClusterImpl-fb8bf8f7-2439-41c0-942a-a4029f90a766/ozone-meta/webserver
2024-01-08 10:08:39,528 [main] INFO  http.HttpServer2 (HttpServer2.java:bindListener(1236)) - Jetty bound to port 15038
2024-01-08 10:08:39,528 [main] INFO  server.Server (Server.java:doStart(375)) - jetty-9.4.53.v20231009; built: 2023-10-09T12:29:09.265Z; git: 27bde00a0b95a1d5bbee0eae7984f891d2d0f8c9; jvm 1.8.0_392-b08
2024-01-08 10:08:39,530 [main] INFO  server.session (DefaultSessionIdManager.java:doStart(334)) - DefaultSessionIdManager workerName=node0
2024-01-08 10:08:39,530 [main] INFO  server.session (DefaultSessionIdManager.java:doStart(339)) - No SessionScavenger set, using defaults
2024-01-08 10:08:39,530 [main] INFO  server.session (HouseKeeper.java:startScavenging(132)) - node0 Scavenging every 660000ms
2024-01-08 10:08:39,531 [main] INFO  handler.ContextHandler (ContextHandler.java:doStart(921)) - Started o.e.j.s.ServletContextHandler@5bec3e0{logs,/logs,file:///home/runner/work/ozone/ozone/hadoop-ozone/integration-test/target/log,AVAILABLE}
2024-01-08 10:08:39,531 [main] INFO  handler.ContextHandler (ContextHandler.java:doStart(921)) - Started o.e.j.s.ServletContextHandler@35f7969d{static,/static,file:///home/runner/work/ozone/ozone/hadoop-ozone/integration-test/target/test-classes/webapps/static,AVAILABLE}
2024-01-08 10:08:39,534 [main] INFO  handler.ContextHandler (ContextHandler.java:doStart(921)) - Started o.e.j.w.WebAppContext@36510e73{scm,/,file:///home/runner/work/ozone/ozone/hadoop-ozone/integration-test/target/test-classes/webapps/scm/,AVAILABLE}{file:/home/runner/work/ozone/ozone/hadoop-ozone/integration-test/target/test-classes/webapps/scm}
2024-01-08 10:08:39,535 [main] INFO  server.AbstractConnector (AbstractConnector.java:doStart(333)) - Started ServerConnector@2b0454d2{HTTP/1.1, (http/1.1)}{0.0.0.0:15038}
2024-01-08 10:08:39,536 [main] INFO  server.Server (Server.java:doStart(415)) - Started @41351ms
2024-01-08 10:08:39,536 [main] WARN  impl.MetricsSystemImpl (MetricsSystemImpl.java:register(279)) - Sink prometheus already exists!
2024-01-08 10:08:39,536 [main] INFO  http.BaseHttpServer (BaseHttpServer.java:updateConnectorAddress(354)) - HTTP server of scm listening at http://0.0.0.0:15038
2024-01-08 10:08:39,544 [IPC Server handler 8 on default port 15039] INFO  retry.RetryInvocationHandler (RetryInvocationHandler.java:log(422)) - com.google.protobuf.ServiceException: java.io.EOFException: End of File Exception between local host is: "fv-az1117-812/10.1.0.19"; destination host is: "0.0.0.0":15035; : java.io.EOFException; For more details see:  http://wiki.apache.org/hadoop/EOFException, while invoking $Proxy45.submitRequest over nodeId=scmNodeId,nodeAddress=/0.0.0.0:15035. Trying to failover after sleeping for 2000ms. Current retry count: 0.
2024-01-08 10:08:41,548 [IPC Server handler 1 on default port 15035] INFO  safemode.SCMSafeModeManager (SCMSafeModeManager.java:exitSafeMode(244)) - SCM exiting safe mode.
2024-01-08 10:08:41,549 [IPC Server handler 1 on default port 15035] INFO  ha.SCMContext (SCMContext.java:updateSafeModeStatus(230)) - Update SafeModeStatus from SafeModeStatus{safeModeStatus=true, preCheckPassed=false} to SafeModeStatus{safeModeStatus=false, preCheckPassed=true}.
2024-01-08 10:08:41,549 [IPC Server handler 1 on default port 15035] INFO  pipeline.BackgroundPipelineCreator (BackgroundPipelineCreator.java:notifyStatusChanged(258)) - Service BackgroundPipelineCreator transitions to RUNNING.
2024-01-08 10:08:41,549 [IPC Server handler 1 on default port 15035] INFO  BackgroundPipelineScrubber (BackgroundSCMService.java:notifyStatusChanged(82)) - Service BackgroundPipelineScrubber transitions to RUNNING.
2024-01-08 10:08:41,549 [IPC Server handler 1 on default port 15035] INFO  ExpiredContainerReplicaOpScrubber (BackgroundSCMService.java:notifyStatusChanged(82)) - Service ExpiredContainerReplicaOpScrubber transitions to RUNNING.
2024-01-08 10:08:41,549 [IPC Server handler 1 on default port 15035] INFO  block.SCMBlockDeletingService (SCMBlockDeletingService.java:notifyStatusChanged(247)) - notifyStatusChanged:RUNNING
2024-01-08 10:08:41,549 [IPC Server handler 1 on default port 15035] INFO  replication.ReplicationManager (ReplicationManager.java:notifyStatusChanged(1401)) - Service ReplicationManager transitions to RUNNING.
2024-01-08 10:08:41,550 [IPC Server handler 1 on default port 15035] WARN  balancer.ContainerBalancer (ContainerBalancer.java:shouldRun(134)) - Could not find persisted configuration for ContainerBalancer when checking if ContainerBalancer should run. ContainerBalancer should not run now.
2024-01-08 10:08:41,552 [main] WARN  node.SCMNodeManager (SCMNodeManager.java:minHealthyVolumeNum(1200)) - Cannot generate NodeStat, datanode e6c09ac7-730a-4058-a1a8-e64ffc2fb789 not found.
2024-01-08 10:08:41,552 [main] WARN  node.SCMNodeManager (SCMNodeManager.java:minHealthyVolumeNum(1200)) - Cannot generate NodeStat, datanode d591e5af-e8f5-464c-8a55-75d5e8fc5b83 not found.
2024-01-08 10:08:41,552 [main] WARN  node.SCMNodeManager (SCMNodeManager.java:minHealthyVolumeNum(1200)) - Cannot generate NodeStat, datanode 6df5c950-b1f8-41e9-a8bd-47cd1228c3d6 not found.
2024-01-08 10:08:41,553 [main] WARN  container.ContainerManagerImpl (ContainerManagerImpl.java:getMatchingContainer(344)) - Container allocation failed on pipeline=Pipeline[ Id: 30c296b9-71b9-4744-8977-9b77b35a0eb3, Nodes: e6c09ac7-730a-4058-a1a8-e64ffc2fb789(fv-az1117-812.frmogvfxo1lepnjzqgguis2xib.cx.internal.cloudapp.net/10.1.0.19)d591e5af-e8f5-464c-8a55-75d5e8fc5b83(fv-az1117-812.frmogvfxo1lepnjzqgguis2xib.cx.internal.cloudapp.net/10.1.0.19)6df5c950-b1f8-41e9-a8bd-47cd1228c3d6(fv-az1117-812.frmogvfxo1lepnjzqgguis2xib.cx.internal.cloudapp.net/10.1.0.19), ReplicationConfig: RATIS/THREE, State:OPEN, leaderId:e6c09ac7-730a-4058-a1a8-e64ffc2fb789, CreationTimestamp2024-01-08T10:08:39.438Z[Etc/UTC]]
java.lang.IllegalArgumentException
	at com.google.common.base.Preconditions.checkArgument(Preconditions.java:129)
	at org.apache.hadoop.hdds.scm.node.SCMNodeManager.minHealthyVolumeNum(SCMNodeManager.java:1204)
	at org.apache.hadoop.hdds.scm.pipeline.PipelineManagerImpl.minHealthyVolumeNum(PipelineManagerImpl.java:669)
	at org.apache.hadoop.hdds.scm.container.ContainerManagerImpl.getOpenContainerCountPerPipeline(ContainerManagerImpl.java:351)
	at org.apache.hadoop.hdds.scm.container.ContainerManagerImpl.getMatchingContainer(ContainerManagerImpl.java:331)
	at org.apache.hadoop.hdds.scm.pipeline.WritableRatisContainerProvider.selectContainer(WritableRatisContainerProvider.java:193)
	at org.apache.hadoop.hdds.scm.pipeline.WritableRatisContainerProvider.getContainer(WritableRatisContainerProvider.java:163)
	at org.apache.hadoop.hdds.scm.pipeline.WritableRatisContainerProvider.getContainer(WritableRatisContainerProvider.java:92)
	at org.apache.hadoop.hdds.scm.pipeline.WritableContainerFactory.getContainer(WritableContainerFactory.java:74)
	at org.apache.hadoop.fs.ozone.TestSafeMode.lambda$testSafeMode$0(TestSafeMode.java:123)
	at org.junit.jupiter.api.AssertThrows.assertThrows(AssertThrows.java:53)
	at org.junit.jupiter.api.AssertThrows.assertThrows(AssertThrows.java:35)
	at org.junit.jupiter.api.Assertions.assertThrows(Assertions.java:3115)
	at org.apache.hadoop.fs.ozone.TestSafeMode.testSafeMode(TestSafeMode.java:121)
	at org.apache.hadoop.fs.ozone.TestSafeMode.o3fs(TestSafeMode.java:97)
	at sun.reflect.NativeMethodAccessorImpl.invoke0(Native Method)
	at sun.reflect.NativeMethodAccessorImpl.invoke(NativeMethodAccessorImpl.java:62)
	at sun.reflect.DelegatingMethodAccessorImpl.invoke(DelegatingMethodAccessorImpl.java:43)
	at java.lang.reflect.Method.invoke(Method.java:498)
	at org.junit.platform.commons.util.ReflectionUtils.invokeMethod(ReflectionUtils.java:728)
	at org.junit.jupiter.engine.execution.MethodInvocation.proceed(MethodInvocation.java:60)
	at org.junit.jupiter.engine.execution.InvocationInterceptorChain$ValidatingInvocation.proceed(InvocationInterceptorChain.java:131)
	at org.junit.jupiter.engine.extension.SameThreadTimeoutInvocation.proceed(SameThreadTimeoutInvocation.java:45)
	at org.junit.jupiter.engine.extension.TimeoutExtension.intercept(TimeoutExtension.java:156)
	at org.junit.jupiter.engine.extension.TimeoutExtension.interceptTestableMethod(TimeoutExtension.java:147)
	at org.junit.jupiter.engine.extension.TimeoutExtension.interceptTestMethod(TimeoutExtension.java:86)
	at org.junit.jupiter.engine.execution.InterceptingExecutableInvoker$ReflectiveInterceptorCall.lambda$ofVoidMethod$0(InterceptingExecutableInvoker.java:103)
	at org.junit.jupiter.engine.execution.InterceptingExecutableInvoker.lambda$invoke$0(InterceptingExecutableInvoker.java:93)
	at org.junit.jupiter.engine.execution.InvocationInterceptorChain$InterceptedInvocation.proceed(InvocationInterceptorChain.java:106)
	at org.junit.jupiter.engine.execution.InvocationInterceptorChain.proceed(InvocationInterceptorChain.java:64)
	at org.junit.jupiter.engine.execution.InvocationInterceptorChain.chainAndInvoke(InvocationInterceptorChain.java:45)
	at org.junit.jupiter.engine.execution.InvocationInterceptorChain.invoke(InvocationInterceptorChain.java:37)
	at org.junit.jupiter.engine.execution.InterceptingExecutableInvoker.invoke(InterceptingExecutableInvoker.java:92)
	at org.junit.jupiter.engine.execution.InterceptingExecutableInvoker.invoke(InterceptingExecutableInvoker.java:86)
	at org.junit.jupiter.engine.descriptor.TestMethodTestDescriptor.lambda$invokeTestMethod$7(TestMethodTestDescriptor.java:218)
	at org.junit.platform.engine.support.hierarchical.ThrowableCollector.execute(ThrowableCollector.java:73)
	at org.junit.jupiter.engine.descriptor.TestMethodTestDescriptor.invokeTestMethod(TestMethodTestDescriptor.java:214)
	at org.junit.jupiter.engine.descriptor.TestMethodTestDescriptor.execute(TestMethodTestDescriptor.java:139)
	at org.junit.jupiter.engine.descriptor.TestMethodTestDescriptor.execute(TestMethodTestDescriptor.java:69)
	at org.junit.platform.engine.support.hierarchical.NodeTestTask.lambda$executeRecursively$6(NodeTestTask.java:151)
	at org.junit.platform.engine.support.hierarchical.ThrowableCollector.execute(ThrowableCollector.java:73)
	at org.junit.platform.engine.support.hierarchical.NodeTestTask.lambda$executeRecursively$8(NodeTestTask.java:141)
	at org.junit.platform.engine.support.hierarchical.Node.around(Node.java:137)
	at org.junit.platform.engine.support.hierarchical.NodeTestTask.lambda$executeRecursively$9(NodeTestTask.java:139)
	at org.junit.platform.engine.support.hierarchical.ThrowableCollector.execute(ThrowableCollector.java:73)
	at org.junit.platform.engine.support.hierarchical.NodeTestTask.executeRecursively(NodeTestTask.java:138)
	at org.junit.platform.engine.support.hierarchical.NodeTestTask.execute(NodeTestTask.java:95)
	at java.util.ArrayList.forEach(ArrayList.java:1259)
	at org.junit.platform.engine.support.hierarchical.SameThreadHierarchicalTestExecutorService.invokeAll(SameThreadHierarchicalTestExecutorService.java:41)
	at org.junit.platform.engine.support.hierarchical.NodeTestTask.lambda$executeRecursively$6(NodeTestTask.java:155)
	at org.junit.platform.engine.support.hierarchical.ThrowableCollector.execute(ThrowableCollector.java:73)
	at org.junit.platform.engine.support.hierarchical.NodeTestTask.lambda$executeRecursively$8(NodeTestTask.java:141)
	at org.junit.platform.engine.support.hierarchical.Node.around(Node.java:137)
	at org.junit.platform.engine.support.hierarchical.NodeTestTask.lambda$executeRecursively$9(NodeTestTask.java:139)
	at org.junit.platform.engine.support.hierarchical.ThrowableCollector.execute(ThrowableCollector.java:73)
	at org.junit.platform.engine.support.hierarchical.NodeTestTask.executeRecursively(NodeTestTask.java:138)
	at org.junit.platform.engine.support.hierarchical.NodeTestTask.execute(NodeTestTask.java:95)
	at java.util.ArrayList.forEach(ArrayList.java:1259)
	at org.junit.platform.engine.support.hierarchical.SameThreadHierarchicalTestExecutorService.invokeAll(SameThreadHierarchicalTestExecutorService.java:41)
	at org.junit.platform.engine.support.hierarchical.NodeTestTask.lambda$executeRecursively$6(NodeTestTask.java:155)
	at org.junit.platform.engine.support.hierarchical.ThrowableCollector.execute(ThrowableCollector.java:73)
	at org.junit.platform.engine.support.hierarchical.NodeTestTask.lambda$executeRecursively$8(NodeTestTask.java:141)
	at org.junit.platform.engine.support.hierarchical.Node.around(Node.java:137)
	at org.junit.platform.engine.support.hierarchical.NodeTestTask.lambda$executeRecursively$9(NodeTestTask.java:139)
	at org.junit.platform.engine.support.hierarchical.ThrowableCollector.execute(ThrowableCollector.java:73)
	at org.junit.platform.engine.support.hierarchical.NodeTestTask.executeRecursively(NodeTestTask.java:138)
	at org.junit.platform.engine.support.hierarchical.NodeTestTask.execute(NodeTestTask.java:95)
	at org.junit.platform.engine.support.hierarchical.SameThreadHierarchicalTestExecutorService.submit(SameThreadHierarchicalTestExecutorService.java:35)
	at org.junit.platform.engine.support.hierarchical.HierarchicalTestExecutor.execute(HierarchicalTestExecutor.java:57)
	at org.junit.platform.engine.support.hierarchical.HierarchicalTestEngine.execute(HierarchicalTestEngine.java:54)
	at org.junit.platform.launcher.core.EngineExecutionOrchestrator.execute(EngineExecutionOrchestrator.java:198)
	at org.junit.platform.launcher.core.EngineExecutionOrchestrator.execute(EngineExecutionOrchestrator.java:169)
	at org.junit.platform.launcher.core.EngineExecutionOrchestrator.execute(EngineExecutionOrchestrator.java:93)
	at org.junit.platform.launcher.core.EngineExecutionOrchestrator.lambda$execute$0(EngineExecutionOrchestrator.java:58)
	at org.junit.platform.launcher.core.EngineExecutionOrchestrator.withInterceptedStreams(EngineExecutionOrchestrator.java:141)
	at org.junit.platform.launcher.core.EngineExecutionOrchestrator.execute(EngineExecutionOrchestrator.java:57)
	at org.junit.platform.launcher.core.DefaultLauncher.execute(DefaultLauncher.java:103)
	at org.junit.platform.launcher.core.DefaultLauncher.execute(DefaultLauncher.java:85)
	at org.junit.platform.launcher.core.DelegatingLauncher.execute(DelegatingLauncher.java:47)
	at org.apache.maven.surefire.junitplatform.LazyLauncher.execute(LazyLauncher.java:56)
	at org.apache.maven.surefire.junitplatform.JUnitPlatformProvider.execute(JUnitPlatformProvider.java:184)
	at org.apache.maven.surefire.junitplatform.JUnitPlatformProvider.invokeAllTests(JUnitPlatformProvider.java:148)
	at org.apache.maven.surefire.junitplatform.JUnitPlatformProvider.invoke(JUnitPlatformProvider.java:120)
	at org.apache.maven.surefire.booter.ForkedBooter.runSuitesInProcess(ForkedBooter.java:385)
	at org.apache.maven.surefire.booter.ForkedBooter.execute(ForkedBooter.java:162)
	at org.apache.maven.surefire.booter.ForkedBooter.run(ForkedBooter.java:507)
	at org.apache.maven.surefire.booter.ForkedBooter.main(ForkedBooter.java:495)
2024-01-08 10:08:41,553 [main] WARN  pipeline.WritableRatisContainerProvider (WritableRatisContainerProvider.java:getContainer(106)) - Pipeline creation failed for repConfig RATIS/THREE Datanodes may be used up. Try to see if any pipeline is in ALLOCATED state, and then will wait for it to be OPEN
org.apache.hadoop.hdds.scm.exceptions.SCMException: Ratis pipeline number meets the limit: 3 replicationConfig : RATIS/THREE
	at org.apache.hadoop.hdds.scm.pipeline.RatisPipelineProvider.create(RatisPipelineProvider.java:153)
	at org.apache.hadoop.hdds.scm.pipeline.RatisPipelineProvider.create(RatisPipelineProvider.java:57)
	at org.apache.hadoop.hdds.scm.pipeline.PipelineFactory.create(PipelineFactory.java:89)
	at org.apache.hadoop.hdds.scm.pipeline.PipelineManagerImpl.createPipeline(PipelineManagerImpl.java:255)
	at org.apache.hadoop.hdds.scm.pipeline.PipelineManagerImpl.createPipeline(PipelineManagerImpl.java:241)
	at org.apache.hadoop.hdds.scm.pipeline.WritableRatisContainerProvider.getContainer(WritableRatisContainerProvider.java:100)
	at org.apache.hadoop.hdds.scm.pipeline.WritableContainerFactory.getContainer(WritableContainerFactory.java:74)
	at org.apache.hadoop.fs.ozone.TestSafeMode.lambda$testSafeMode$0(TestSafeMode.java:123)
	at org.junit.jupiter.api.AssertThrows.assertThrows(AssertThrows.java:53)
	at org.junit.jupiter.api.AssertThrows.assertThrows(AssertThrows.java:35)
	at org.junit.jupiter.api.Assertions.assertThrows(Assertions.java:3115)
	at org.apache.hadoop.fs.ozone.TestSafeMode.testSafeMode(TestSafeMode.java:121)
	at org.apache.hadoop.fs.ozone.TestSafeMode.o3fs(TestSafeMode.java:97)
	at sun.reflect.NativeMethodAccessorImpl.invoke0(Native Method)
	at sun.reflect.NativeMethodAccessorImpl.invoke(NativeMethodAccessorImpl.java:62)
	at sun.reflect.DelegatingMethodAccessorImpl.invoke(DelegatingMethodAccessorImpl.java:43)
	at java.lang.reflect.Method.invoke(Method.java:498)
	at org.junit.platform.commons.util.ReflectionUtils.invokeMethod(ReflectionUtils.java:728)
	at org.junit.jupiter.engine.execution.MethodInvocation.proceed(MethodInvocation.java:60)
	at org.junit.jupiter.engine.execution.InvocationInterceptorChain$ValidatingInvocation.proceed(InvocationInterceptorChain.java:131)
	at org.junit.jupiter.engine.extension.SameThreadTimeoutInvocation.proceed(SameThreadTimeoutInvocation.java:45)
	at org.junit.jupiter.engine.extension.TimeoutExtension.intercept(TimeoutExtension.java:156)
	at org.junit.jupiter.engine.extension.TimeoutExtension.interceptTestableMethod(TimeoutExtension.java:147)
	at org.junit.jupiter.engine.extension.TimeoutExtension.interceptTestMethod(TimeoutExtension.java:86)
	at org.junit.jupiter.engine.execution.InterceptingExecutableInvoker$ReflectiveInterceptorCall.lambda$ofVoidMethod$0(InterceptingExecutableInvoker.java:103)
	at org.junit.jupiter.engine.execution.InterceptingExecutableInvoker.lambda$invoke$0(InterceptingExecutableInvoker.java:93)
	at org.junit.jupiter.engine.execution.InvocationInterceptorChain$InterceptedInvocation.proceed(InvocationInterceptorChain.java:106)
	at org.junit.jupiter.engine.execution.InvocationInterceptorChain.proceed(InvocationInterceptorChain.java:64)
	at org.junit.jupiter.engine.execution.InvocationInterceptorChain.chainAndInvoke(InvocationInterceptorChain.java:45)
	at org.junit.jupiter.engine.execution.InvocationInterceptorChain.invoke(InvocationInterceptorChain.java:37)
	at org.junit.jupiter.engine.execution.InterceptingExecutableInvoker.invoke(InterceptingExecutableInvoker.java:92)
	at org.junit.jupiter.engine.execution.InterceptingExecutableInvoker.invoke(InterceptingExecutableInvoker.java:86)
	at org.junit.jupiter.engine.descriptor.TestMethodTestDescriptor.lambda$invokeTestMethod$7(TestMethodTestDescriptor.java:218)
	at org.junit.platform.engine.support.hierarchical.ThrowableCollector.execute(ThrowableCollector.java:73)
	at org.junit.jupiter.engine.descriptor.TestMethodTestDescriptor.invokeTestMethod(TestMethodTestDescriptor.java:214)
	at org.junit.jupiter.engine.descriptor.TestMethodTestDescriptor.execute(TestMethodTestDescriptor.java:139)
	at org.junit.jupiter.engine.descriptor.TestMethodTestDescriptor.execute(TestMethodTestDescriptor.java:69)
	at org.junit.platform.engine.support.hierarchical.NodeTestTask.lambda$executeRecursively$6(NodeTestTask.java:151)
	at org.junit.platform.engine.support.hierarchical.ThrowableCollector.execute(ThrowableCollector.java:73)
	at org.junit.platform.engine.support.hierarchical.NodeTestTask.lambda$executeRecursively$8(NodeTestTask.java:141)
	at org.junit.platform.engine.support.hierarchical.Node.around(Node.java:137)
	at org.junit.platform.engine.support.hierarchical.NodeTestTask.lambda$executeRecursively$9(NodeTestTask.java:139)
	at org.junit.platform.engine.support.hierarchical.ThrowableCollector.execute(ThrowableCollector.java:73)
	at org.junit.platform.engine.support.hierarchical.NodeTestTask.executeRecursively(NodeTestTask.java:138)
	at org.junit.platform.engine.support.hierarchical.NodeTestTask.execute(NodeTestTask.java:95)
	at java.util.ArrayList.forEach(ArrayList.java:1259)
	at org.junit.platform.engine.support.hierarchical.SameThreadHierarchicalTestExecutorService.invokeAll(SameThreadHierarchicalTestExecutorService.java:41)
	at org.junit.platform.engine.support.hierarchical.NodeTestTask.lambda$executeRecursively$6(NodeTestTask.java:155)
	at org.junit.platform.engine.support.hierarchical.ThrowableCollector.execute(ThrowableCollector.java:73)
	at org.junit.platform.engine.support.hierarchical.NodeTestTask.lambda$executeRecursively$8(NodeTestTask.java:141)
	at org.junit.platform.engine.support.hierarchical.Node.around(Node.java:137)
	at org.junit.platform.engine.support.hierarchical.NodeTestTask.lambda$executeRecursively$9(NodeTestTask.java:139)
	at org.junit.platform.engine.support.hierarchical.ThrowableCollector.execute(ThrowableCollector.java:73)
	at org.junit.platform.engine.support.hierarchical.NodeTestTask.executeRecursively(NodeTestTask.java:138)
	at org.junit.platform.engine.support.hierarchical.NodeTestTask.execute(NodeTestTask.java:95)
	at java.util.ArrayList.forEach(ArrayList.java:1259)
	at org.junit.platform.engine.support.hierarchical.SameThreadHierarchicalTestExecutorService.invokeAll(SameThreadHierarchicalTestExecutorService.java:41)
	at org.junit.platform.engine.support.hierarchical.NodeTestTask.lambda$executeRecursively$6(NodeTestTask.java:155)
	at org.junit.platform.engine.support.hierarchical.ThrowableCollector.execute(ThrowableCollector.java:73)
	at org.junit.platform.engine.support.hierarchical.NodeTestTask.lambda$executeRecursively$8(NodeTestTask.java:141)
	at org.junit.platform.engine.support.hierarchical.Node.around(Node.java:137)
	at org.junit.platform.engine.support.hierarchical.NodeTestTask.lambda$executeRecursively$9(NodeTestTask.java:139)
	at org.junit.platform.engine.support.hierarchical.ThrowableCollector.execute(ThrowableCollector.java:73)
	at org.junit.platform.engine.support.hierarchical.NodeTestTask.executeRecursively(NodeTestTask.java:138)
	at org.junit.platform.engine.support.hierarchical.NodeTestTask.execute(NodeTestTask.java:95)
	at org.junit.platform.engine.support.hierarchical.SameThreadHierarchicalTestExecutorService.submit(SameThreadHierarchicalTestExecutorService.java:35)
	at org.junit.platform.engine.support.hierarchical.HierarchicalTestExecutor.execute(HierarchicalTestExecutor.java:57)
	at org.junit.platform.engine.support.hierarchical.HierarchicalTestEngine.execute(HierarchicalTestEngine.java:54)
	at org.junit.platform.launcher.core.EngineExecutionOrchestrator.execute(EngineExecutionOrchestrator.java:198)
	at org.junit.platform.launcher.core.EngineExecutionOrchestrator.execute(EngineExecutionOrchestrator.java:169)
	at org.junit.platform.launcher.core.EngineExecutionOrchestrator.execute(EngineExecutionOrchestrator.java:93)
	at org.junit.platform.launcher.core.EngineExecutionOrchestrator.lambda$execute$0(EngineExecutionOrchestrator.java:58)
	at org.junit.platform.launcher.core.EngineExecutionOrchestrator.withInterceptedStreams(EngineExecutionOrchestrator.java:141)
	at org.junit.platform.launcher.core.EngineExecutionOrchestrator.execute(EngineExecutionOrchestrator.java:57)
	at org.junit.platform.launcher.core.DefaultLauncher.execute(DefaultLauncher.java:103)
	at org.junit.platform.launcher.core.DefaultLauncher.execute(DefaultLauncher.java:85)
	at org.junit.platform.launcher.core.DelegatingLauncher.execute(DelegatingLauncher.java:47)
	at org.apache.maven.surefire.junitplatform.LazyLauncher.execute(LazyLauncher.java:56)
	at org.apache.maven.surefire.junitplatform.JUnitPlatformProvider.execute(JUnitPlatformProvider.java:184)
	at org.apache.maven.surefire.junitplatform.JUnitPlatformProvider.invokeAllTests(JUnitPlatformProvider.java:148)
	at org.apache.maven.surefire.junitplatform.JUnitPlatformProvider.invoke(JUnitPlatformProvider.java:120)
	at org.apache.maven.surefire.booter.ForkedBooter.runSuitesInProcess(ForkedBooter.java:385)
	at org.apache.maven.surefire.booter.ForkedBooter.execute(ForkedBooter.java:162)
	at org.apache.maven.surefire.booter.ForkedBooter.run(ForkedBooter.java:507)
	at org.apache.maven.surefire.booter.ForkedBooter.main(ForkedBooter.java:495)
2024-01-08 10:09:41,554 [main] WARN  pipeline.WritableRatisContainerProvider (WritableRatisContainerProvider.java:getContainer(122)) - Waiting for one of pipelines [PipelineID=57157ebf-cb57-4f69-817d-8bea082c3750] to be OPEN failed. 
java.io.IOException: Pipeline 57157ebf-cb57-4f69-817d-8bea082c3750 is not ready in 60000 ms
	at org.apache.hadoop.hdds.scm.pipeline.PipelineManagerImpl.waitOnePipelineReady(PipelineManagerImpl.java:772)
	at org.apache.hadoop.hdds.scm.pipeline.WritableRatisContainerProvider.getContainer(WritableRatisContainerProvider.java:120)
	at org.apache.hadoop.hdds.scm.pipeline.WritableContainerFactory.getContainer(WritableContainerFactory.java:74)
	at org.apache.hadoop.fs.ozone.TestSafeMode.lambda$testSafeMode$0(TestSafeMode.java:123)
	at org.junit.jupiter.api.AssertThrows.assertThrows(AssertThrows.java:53)
	at org.junit.jupiter.api.AssertThrows.assertThrows(AssertThrows.java:35)
	at org.junit.jupiter.api.Assertions.assertThrows(Assertions.java:3115)
	at org.apache.hadoop.fs.ozone.TestSafeMode.testSafeMode(TestSafeMode.java:121)
	at org.apache.hadoop.fs.ozone.TestSafeMode.o3fs(TestSafeMode.java:97)
	at sun.reflect.NativeMethodAccessorImpl.invoke0(Native Method)
	at sun.reflect.NativeMethodAccessorImpl.invoke(NativeMethodAccessorImpl.java:62)
	at sun.reflect.DelegatingMethodAccessorImpl.invoke(DelegatingMethodAccessorImpl.java:43)
	at java.lang.reflect.Method.invoke(Method.java:498)
	at org.junit.platform.commons.util.ReflectionUtils.invokeMethod(ReflectionUtils.java:728)
	at org.junit.jupiter.engine.execution.MethodInvocation.proceed(MethodInvocation.java:60)
	at org.junit.jupiter.engine.execution.InvocationInterceptorChain$ValidatingInvocation.proceed(InvocationInterceptorChain.java:131)
	at org.junit.jupiter.engine.extension.SameThreadTimeoutInvocation.proceed(SameThreadTimeoutInvocation.java:45)
	at org.junit.jupiter.engine.extension.TimeoutExtension.intercept(TimeoutExtension.java:156)
	at org.junit.jupiter.engine.extension.TimeoutExtension.interceptTestableMethod(TimeoutExtension.java:147)
	at org.junit.jupiter.engine.extension.TimeoutExtension.interceptTestMethod(TimeoutExtension.java:86)
	at org.junit.jupiter.engine.execution.InterceptingExecutableInvoker$ReflectiveInterceptorCall.lambda$ofVoidMethod$0(InterceptingExecutableInvoker.java:103)
	at org.junit.jupiter.engine.execution.InterceptingExecutableInvoker.lambda$invoke$0(InterceptingExecutableInvoker.java:93)
	at org.junit.jupiter.engine.execution.InvocationInterceptorChain$InterceptedInvocation.proceed(InvocationInterceptorChain.java:106)
	at org.junit.jupiter.engine.execution.InvocationInterceptorChain.proceed(InvocationInterceptorChain.java:64)
	at org.junit.jupiter.engine.execution.InvocationInterceptorChain.chainAndInvoke(InvocationInterceptorChain.java:45)
	at org.junit.jupiter.engine.execution.InvocationInterceptorChain.invoke(InvocationInterceptorChain.java:37)
	at org.junit.jupiter.engine.execution.InterceptingExecutableInvoker.invoke(InterceptingExecutableInvoker.java:92)
	at org.junit.jupiter.engine.execution.InterceptingExecutableInvoker.invoke(InterceptingExecutableInvoker.java:86)
	at org.junit.jupiter.engine.descriptor.TestMethodTestDescriptor.lambda$invokeTestMethod$7(TestMethodTestDescriptor.java:218)
	at org.junit.platform.engine.support.hierarchical.ThrowableCollector.execute(ThrowableCollector.java:73)
	at org.junit.jupiter.engine.descriptor.TestMethodTestDescriptor.invokeTestMethod(TestMethodTestDescriptor.java:214)
	at org.junit.jupiter.engine.descriptor.TestMethodTestDescriptor.execute(TestMethodTestDescriptor.java:139)
	at org.junit.jupiter.engine.descriptor.TestMethodTestDescriptor.execute(TestMethodTestDescriptor.java:69)
	at org.junit.platform.engine.support.hierarchical.NodeTestTask.lambda$executeRecursively$6(NodeTestTask.java:151)
	at org.junit.platform.engine.support.hierarchical.ThrowableCollector.execute(ThrowableCollector.java:73)
	at org.junit.platform.engine.support.hierarchical.NodeTestTask.lambda$executeRecursively$8(NodeTestTask.java:141)
	at org.junit.platform.engine.support.hierarchical.Node.around(Node.java:137)
	at org.junit.platform.engine.support.hierarchical.NodeTestTask.lambda$executeRecursively$9(NodeTestTask.java:139)
	at org.junit.platform.engine.support.hierarchical.ThrowableCollector.execute(ThrowableCollector.java:73)
	at org.junit.platform.engine.support.hierarchical.NodeTestTask.executeRecursively(NodeTestTask.java:138)
	at org.junit.platform.engine.support.hierarchical.NodeTestTask.execute(NodeTestTask.java:95)
	at java.util.ArrayList.forEach(ArrayList.java:1259)
	at org.junit.platform.engine.support.hierarchical.SameThreadHierarchicalTestExecutorService.invokeAll(SameThreadHierarchicalTestExecutorService.java:41)
	at org.junit.platform.engine.support.hierarchical.NodeTestTask.lambda$executeRecursively$6(NodeTestTask.java:155)
	at org.junit.platform.engine.support.hierarchical.ThrowableCollector.execute(ThrowableCollector.java:73)
	at org.junit.platform.engine.support.hierarchical.NodeTestTask.lambda$executeRecursively$8(NodeTestTask.java:141)
	at org.junit.platform.engine.support.hierarchical.Node.around(Node.java:137)
	at org.junit.platform.engine.support.hierarchical.NodeTestTask.lambda$executeRecursively$9(NodeTestTask.java:139)
	at org.junit.platform.engine.support.hierarchical.ThrowableCollector.execute(ThrowableCollector.java:73)
	at org.junit.platform.engine.support.hierarchical.NodeTestTask.executeRecursively(NodeTestTask.java:138)
	at org.junit.platform.engine.support.hierarchical.NodeTestTask.execute(NodeTestTask.java:95)
	at java.util.ArrayList.forEach(ArrayList.java:1259)
	at org.junit.platform.engine.support.hierarchical.SameThreadHierarchicalTestExecutorService.invokeAll(SameThreadHierarchicalTestExecutorService.java:41)
	at org.junit.platform.engine.support.hierarchical.NodeTestTask.lambda$executeRecursively$6(NodeTestTask.java:155)
	at org.junit.platform.engine.support.hierarchical.ThrowableCollector.execute(ThrowableCollector.java:73)
	at org.junit.platform.engine.support.hierarchical.NodeTestTask.lambda$executeRecursively$8(NodeTestTask.java:141)
	at org.junit.platform.engine.support.hierarchical.Node.around(Node.java:137)
	at org.junit.platform.engine.support.hierarchical.NodeTestTask.lambda$executeRecursively$9(NodeTestTask.java:139)
	at org.junit.platform.engine.support.hierarchical.ThrowableCollector.execute(ThrowableCollector.java:73)
	at org.junit.platform.engine.support.hierarchical.NodeTestTask.executeRecursively(NodeTestTask.java:138)
	at org.junit.platform.engine.support.hierarchical.NodeTestTask.execute(NodeTestTask.java:95)
	at org.junit.platform.engine.support.hierarchical.SameThreadHierarchicalTestExecutorService.submit(SameThreadHierarchicalTestExecutorService.java:35)
	at org.junit.platform.engine.support.hierarchical.HierarchicalTestExecutor.execute(HierarchicalTestExecutor.java:57)
	at org.junit.platform.engine.support.hierarchical.HierarchicalTestEngine.execute(HierarchicalTestEngine.java:54)
	at org.junit.platform.launcher.core.EngineExecutionOrchestrator.execute(EngineExecutionOrchestrator.java:198)
	at org.junit.platform.launcher.core.EngineExecutionOrchestrator.execute(EngineExecutionOrchestrator.java:169)
	at org.junit.platform.launcher.core.EngineExecutionOrchestrator.execute(EngineExecutionOrchestrator.java:93)
	at org.junit.platform.launcher.core.EngineExecutionOrchestrator.lambda$execute$0(EngineExecutionOrchestrator.java:58)
	at org.junit.platform.launcher.core.EngineExecutionOrchestrator.withInterceptedStreams(EngineExecutionOrchestrator.java:141)
	at org.junit.platform.launcher.core.EngineExecutionOrchestrator.execute(EngineExecutionOrchestrator.java:57)
	at org.junit.platform.launcher.core.DefaultLauncher.execute(DefaultLauncher.java:103)
	at org.junit.platform.launcher.core.DefaultLauncher.execute(DefaultLauncher.java:85)
	at org.junit.platform.launcher.core.DelegatingLauncher.execute(DelegatingLauncher.java:47)
	at org.apache.maven.surefire.junitplatform.LazyLauncher.execute(LazyLauncher.java:56)
	at org.apache.maven.surefire.junitplatform.JUnitPlatformProvider.execute(JUnitPlatformProvider.java:184)
	at org.apache.maven.surefire.junitplatform.JUnitPlatformProvider.invokeAllTests(JUnitPlatformProvider.java:148)
	at org.apache.maven.surefire.junitplatform.JUnitPlatformProvider.invoke(JUnitPlatformProvider.java:120)
	at org.apache.maven.surefire.booter.ForkedBooter.runSuitesInProcess(ForkedBooter.java:385)
	at org.apache.maven.surefire.booter.ForkedBooter.execute(ForkedBooter.java:162)
	at org.apache.maven.surefire.booter.ForkedBooter.run(ForkedBooter.java:507)
	at org.apache.maven.surefire.booter.ForkedBooter.main(ForkedBooter.java:495)
2024-01-08 10:09:41,555 [main] WARN  node.SCMNodeManager (SCMNodeManager.java:minHealthyVolumeNum(1200)) - Cannot generate NodeStat, datanode e6c09ac7-730a-4058-a1a8-e64ffc2fb789 not found.
2024-01-08 10:09:41,555 [main] WARN  node.SCMNodeManager (SCMNodeManager.java:minHealthyVolumeNum(1200)) - Cannot generate NodeStat, datanode d591e5af-e8f5-464c-8a55-75d5e8fc5b83 not found.
2024-01-08 10:09:41,555 [main] WARN  node.SCMNodeManager (SCMNodeManager.java:minHealthyVolumeNum(1200)) - Cannot generate NodeStat, datanode 6df5c950-b1f8-41e9-a8bd-47cd1228c3d6 not found.
2024-01-08 10:09:41,555 [main] WARN  container.ContainerManagerImpl (ContainerManagerImpl.java:getMatchingContainer(344)) - Container allocation failed on pipeline=Pipeline[ Id: 30c296b9-71b9-4744-8977-9b77b35a0eb3, Nodes: e6c09ac7-730a-4058-a1a8-e64ffc2fb789(fv-az1117-812.frmogvfxo1lepnjzqgguis2xib.cx.internal.cloudapp.net/10.1.0.19)d591e5af-e8f5-464c-8a55-75d5e8fc5b83(fv-az1117-812.frmogvfxo1lepnjzqgguis2xib.cx.internal.cloudapp.net/10.1.0.19)6df5c950-b1f8-41e9-a8bd-47cd1228c3d6(fv-az1117-812.frmogvfxo1lepnjzqgguis2xib.cx.internal.cloudapp.net/10.1.0.19), ReplicationConfig: RATIS/THREE, State:OPEN, leaderId:e6c09ac7-730a-4058-a1a8-e64ffc2fb789, CreationTimestamp2024-01-08T10:08:39.438Z[Etc/UTC]]
java.lang.IllegalArgumentException
	at com.google.common.base.Preconditions.checkArgument(Preconditions.java:129)
	at org.apache.hadoop.hdds.scm.node.SCMNodeManager.minHealthyVolumeNum(SCMNodeManager.java:1204)
	at org.apache.hadoop.hdds.scm.pipeline.PipelineManagerImpl.minHealthyVolumeNum(PipelineManagerImpl.java:669)
	at org.apache.hadoop.hdds.scm.container.ContainerManagerImpl.getOpenContainerCountPerPipeline(ContainerManagerImpl.java:351)
	at org.apache.hadoop.hdds.scm.container.ContainerManagerImpl.getMatchingContainer(ContainerManagerImpl.java:331)
	at org.apache.hadoop.hdds.scm.pipeline.WritableRatisContainerProvider.selectContainer(WritableRatisContainerProvider.java:193)
	at org.apache.hadoop.hdds.scm.pipeline.WritableRatisContainerProvider.getContainer(WritableRatisContainerProvider.java:163)
	at org.apache.hadoop.hdds.scm.pipeline.WritableRatisContainerProvider.getContainer(WritableRatisContainerProvider.java:138)
	at org.apache.hadoop.hdds.scm.pipeline.WritableContainerFactory.getContainer(WritableContainerFactory.java:74)
	at org.apache.hadoop.fs.ozone.TestSafeMode.lambda$testSafeMode$0(TestSafeMode.java:123)
	at org.junit.jupiter.api.AssertThrows.assertThrows(AssertThrows.java:53)
	at org.junit.jupiter.api.AssertThrows.assertThrows(AssertThrows.java:35)
	at org.junit.jupiter.api.Assertions.assertThrows(Assertions.java:3115)
	at org.apache.hadoop.fs.ozone.TestSafeMode.testSafeMode(TestSafeMode.java:121)
	at org.apache.hadoop.fs.ozone.TestSafeMode.o3fs(TestSafeMode.java:97)
	at sun.reflect.NativeMethodAccessorImpl.invoke0(Native Method)
	at sun.reflect.NativeMethodAccessorImpl.invoke(NativeMethodAccessorImpl.java:62)
	at sun.reflect.DelegatingMethodAccessorImpl.invoke(DelegatingMethodAccessorImpl.java:43)
	at java.lang.reflect.Method.invoke(Method.java:498)
	at org.junit.platform.commons.util.ReflectionUtils.invokeMethod(ReflectionUtils.java:728)
	at org.junit.jupiter.engine.execution.MethodInvocation.proceed(MethodInvocation.java:60)
	at org.junit.jupiter.engine.execution.InvocationInterceptorChain$ValidatingInvocation.proceed(InvocationInterceptorChain.java:131)
	at org.junit.jupiter.engine.extension.SameThreadTimeoutInvocation.proceed(SameThreadTimeoutInvocation.java:45)
	at org.junit.jupiter.engine.extension.TimeoutExtension.intercept(TimeoutExtension.java:156)
	at org.junit.jupiter.engine.extension.TimeoutExtension.interceptTestableMethod(TimeoutExtension.java:147)
	at org.junit.jupiter.engine.extension.TimeoutExtension.interceptTestMethod(TimeoutExtension.java:86)
	at org.junit.jupiter.engine.execution.InterceptingExecutableInvoker$ReflectiveInterceptorCall.lambda$ofVoidMethod$0(InterceptingExecutableInvoker.java:103)
	at org.junit.jupiter.engine.execution.InterceptingExecutableInvoker.lambda$invoke$0(InterceptingExecutableInvoker.java:93)
	at org.junit.jupiter.engine.execution.InvocationInterceptorChain$InterceptedInvocation.proceed(InvocationInterceptorChain.java:106)
	at org.junit.jupiter.engine.execution.InvocationInterceptorChain.proceed(InvocationInterceptorChain.java:64)
	at org.junit.jupiter.engine.execution.InvocationInterceptorChain.chainAndInvoke(InvocationInterceptorChain.java:45)
	at org.junit.jupiter.engine.execution.InvocationInterceptorChain.invoke(InvocationInterceptorChain.java:37)
	at org.junit.jupiter.engine.execution.InterceptingExecutableInvoker.invoke(InterceptingExecutableInvoker.java:92)
	at org.junit.jupiter.engine.execution.InterceptingExecutableInvoker.invoke(InterceptingExecutableInvoker.java:86)
	at org.junit.jupiter.engine.descriptor.TestMethodTestDescriptor.lambda$invokeTestMethod$7(TestMethodTestDescriptor.java:218)
	at org.junit.platform.engine.support.hierarchical.ThrowableCollector.execute(ThrowableCollector.java:73)
	at org.junit.jupiter.engine.descriptor.TestMethodTestDescriptor.invokeTestMethod(TestMethodTestDescriptor.java:214)
	at org.junit.jupiter.engine.descriptor.TestMethodTestDescriptor.execute(TestMethodTestDescriptor.java:139)
	at org.junit.jupiter.engine.descriptor.TestMethodTestDescriptor.execute(TestMethodTestDescriptor.java:69)
	at org.junit.platform.engine.support.hierarchical.NodeTestTask.lambda$executeRecursively$6(NodeTestTask.java:151)
	at org.junit.platform.engine.support.hierarchical.ThrowableCollector.execute(ThrowableCollector.java:73)
	at org.junit.platform.engine.support.hierarchical.NodeTestTask.lambda$executeRecursively$8(NodeTestTask.java:141)
	at org.junit.platform.engine.support.hierarchical.Node.around(Node.java:137)
	at org.junit.platform.engine.support.hierarchical.NodeTestTask.lambda$executeRecursively$9(NodeTestTask.java:139)
	at org.junit.platform.engine.support.hierarchical.ThrowableCollector.execute(ThrowableCollector.java:73)
	at org.junit.platform.engine.support.hierarchical.NodeTestTask.executeRecursively(NodeTestTask.java:138)
	at org.junit.platform.engine.support.hierarchical.NodeTestTask.execute(NodeTestTask.java:95)
	at java.util.ArrayList.forEach(ArrayList.java:1259)
	at org.junit.platform.engine.support.hierarchical.SameThreadHierarchicalTestExecutorService.invokeAll(SameThreadHierarchicalTestExecutorService.java:41)
	at org.junit.platform.engine.support.hierarchical.NodeTestTask.lambda$executeRecursively$6(NodeTestTask.java:155)
	at org.junit.platform.engine.support.hierarchical.ThrowableCollector.execute(ThrowableCollector.java:73)
	at org.junit.platform.engine.support.hierarchical.NodeTestTask.lambda$executeRecursively$8(NodeTestTask.java:141)
	at org.junit.platform.engine.support.hierarchical.Node.around(Node.java:137)
	at org.junit.platform.engine.support.hierarchical.NodeTestTask.lambda$executeRecursively$9(NodeTestTask.java:139)
	at org.junit.platform.engine.support.hierarchical.ThrowableCollector.execute(ThrowableCollector.java:73)
	at org.junit.platform.engine.support.hierarchical.NodeTestTask.executeRecursively(NodeTestTask.java:138)
	at org.junit.platform.engine.support.hierarchical.NodeTestTask.execute(NodeTestTask.java:95)
	at java.util.ArrayList.forEach(ArrayList.java:1259)
	at org.junit.platform.engine.support.hierarchical.SameThreadHierarchicalTestExecutorService.invokeAll(SameThreadHierarchicalTestExecutorService.java:41)
	at org.junit.platform.engine.support.hierarchical.NodeTestTask.lambda$executeRecursively$6(NodeTestTask.java:155)
	at org.junit.platform.engine.support.hierarchical.ThrowableCollector.execute(ThrowableCollector.java:73)
	at org.junit.platform.engine.support.hierarchical.NodeTestTask.lambda$executeRecursively$8(NodeTestTask.java:141)
	at org.junit.platform.engine.support.hierarchical.Node.around(Node.java:137)
	at org.junit.platform.engine.support.hierarchical.NodeTestTask.lambda$executeRecursively$9(NodeTestTask.java:139)
	at org.junit.platform.engine.support.hierarchical.ThrowableCollector.execute(ThrowableCollector.java:73)
	at org.junit.platform.engine.support.hierarchical.NodeTestTask.executeRecursively(NodeTestTask.java:138)
	at org.junit.platform.engine.support.hierarchical.NodeTestTask.execute(NodeTestTask.java:95)
	at org.junit.platform.engine.support.hierarchical.SameThreadHierarchicalTestExecutorService.submit(SameThreadHierarchicalTestExecutorService.java:35)
	at org.junit.platform.engine.support.hierarchical.HierarchicalTestExecutor.execute(HierarchicalTestExecutor.java:57)
	at org.junit.platform.engine.support.hierarchical.HierarchicalTestEngine.execute(HierarchicalTestEngine.java:54)
	at org.junit.platform.launcher.core.EngineExecutionOrchestrator.execute(EngineExecutionOrchestrator.java:198)
	at org.junit.platform.launcher.core.EngineExecutionOrchestrator.execute(EngineExecutionOrchestrator.java:169)
	at org.junit.platform.launcher.core.EngineExecutionOrchestrator.execute(EngineExecutionOrchestrator.java:93)
	at org.junit.platform.launcher.core.EngineExecutionOrchestrator.lambda$execute$0(EngineExecutionOrchestrator.java:58)
	at org.junit.platform.launcher.core.EngineExecutionOrchestrator.withInterceptedStreams(EngineExecutionOrchestrator.java:141)
	at org.junit.platform.launcher.core.EngineExecutionOrchestrator.execute(EngineExecutionOrchestrator.java:57)
	at org.junit.platform.launcher.core.DefaultLauncher.execute(DefaultLauncher.java:103)
	at org.junit.platform.launcher.core.DefaultLauncher.execute(DefaultLauncher.java:85)
	at org.junit.platform.launcher.core.DelegatingLauncher.execute(DelegatingLauncher.java:47)
	at org.apache.maven.surefire.junitplatform.LazyLauncher.execute(LazyLauncher.java:56)
	at org.apache.maven.surefire.junitplatform.JUnitPlatformProvider.execute(JUnitPlatformProvider.java:184)
	at org.apache.maven.surefire.junitplatform.JUnitPlatformProvider.invokeAllTests(JUnitPlatformProvider.java:148)
	at org.apache.maven.surefire.junitplatform.JUnitPlatformProvider.invoke(JUnitPlatformProvider.java:120)
	at org.apache.maven.surefire.booter.ForkedBooter.runSuitesInProcess(ForkedBooter.java:385)
	at org.apache.maven.surefire.booter.ForkedBooter.execute(ForkedBooter.java:162)
	at org.apache.maven.surefire.booter.ForkedBooter.run(ForkedBooter.java:507)
	at org.apache.maven.surefire.booter.ForkedBooter.main(ForkedBooter.java:495)
2024-01-08 10:09:41,556 [main] ERROR pipeline.WritableRatisContainerProvider (WritableRatisContainerProvider.java:getContainer(145)) - Unable to allocate a block for the size: 1048576, repConfig: RATIS/THREE
2024-01-08 10:09:41,560 [main] INFO  ozone.MiniOzoneClusterImpl (MiniOzoneClusterImpl.java:shutdown(450)) - Shutting down the Mini Ozone Cluster
2024-01-08 10:09:41,560 [main] INFO  db.CodecTestUtil (CodecTestUtil.java:gc(50)) - gc 0
2024-01-08 10:09:41,807 [main] INFO  ozone.MiniOzoneClusterImpl (MiniOzoneClusterImpl.java:stop(466)) - Stopping the Mini Ozone Cluster
2024-01-08 10:09:41,808 [main] INFO  om.OzoneManager (OzoneManager.java:stop(2204)) - om1[localhost:15039]: Stopping Ozone Manager
2024-01-08 10:09:41,808 [main] INFO  ipc.Server (Server.java:stop(3523)) - Stopping server on 15039
2024-01-08 10:09:41,809 [IPC Server Responder] INFO  ipc.Server (Server.java:run(1567)) - Stopping IPC Server Responder
2024-01-08 10:09:41,809 [IPC Server listener on 15039] INFO  ipc.Server (Server.java:run(1434)) - Stopping IPC Server listener on 15039
2024-01-08 10:09:41,809 [main] INFO  server.RaftServer (RaftServerProxy.java:lambda$close$9(416)) - om1: close
2024-01-08 10:09:41,810 [main] INFO  server.GrpcService (GrpcService.java:closeImpl(311)) - om1: shutdown server GrpcServerProtocolService now
2024-01-08 10:09:41,810 [om1-impl-thread2] INFO  server.RaftServer$Division (RaftServerImpl.java:lambda$close$3(516)) - om1@group-C5BA1605619E: shutdown
2024-01-08 10:09:41,811 [om1-impl-thread2] INFO  util.JmxRegister (JmxRegister.java:unregister(73)) - Successfully un-registered JMX Bean with object name Ratis:service=RaftServer,group=group-C5BA1605619E,id="om1"
2024-01-08 10:09:41,811 [om1-impl-thread2] INFO  impl.RoleInfo (RoleInfo.java:shutdownLeaderState(94)) - om1: shutdown om1@group-C5BA1605619E-LeaderStateImpl
2024-01-08 10:09:41,811 [om1-impl-thread2] INFO  impl.PendingRequests (PendingRequests.java:sendNotLeaderResponses(289)) - om1@group-C5BA1605619E-PendingRequests: sendNotLeaderResponses
2024-01-08 10:09:41,812 [om1-impl-thread2] INFO  impl.StateMachineUpdater (StateMachineUpdater.java:stopAndJoin(157)) - om1@group-C5BA1605619E-StateMachineUpdater: set stopIndex = 4
2024-01-08 10:09:41,812 [om1@group-C5BA1605619E-StateMachineUpdater] INFO  ratis.OzoneManagerStateMachine (OzoneManagerStateMachine.java:takeSnapshot(496)) - Current Snapshot Index (t:1, i:4)
2024-01-08 10:09:41,812 [main] INFO  server.GrpcService (GrpcService.java:closeImpl(320)) - om1: shutdown server GrpcServerProtocolService successfully
2024-01-08 10:09:41,822 [om1@group-C5BA1605619E-StateMachineUpdater] INFO  impl.StateMachineUpdater (StateMachineUpdater.java:takeSnapshot(295)) - om1@group-C5BA1605619E-StateMachineUpdater: Took a snapshot at index 4
2024-01-08 10:09:41,822 [om1@group-C5BA1605619E-StateMachineUpdater] INFO  impl.StateMachineUpdater (StateMachineUpdater.java:lambda$new$0(98)) - om1@group-C5BA1605619E-StateMachineUpdater: snapshotIndex: updateIncreasingly -1 -> 4
2024-01-08 10:09:41,823 [om1@group-C5BA1605619E-StateMachineUpdater] INFO  ratis.OzoneManagerStateMachine (OzoneManagerStateMachine.java:close(546)) - StateMachine has shutdown. Shutdown OzoneManager if not already shutdown.
2024-01-08 10:09:41,823 [om1@group-C5BA1605619E-StateMachineUpdater] INFO  ratis.OzoneManagerDoubleBuffer (OzoneManagerDoubleBuffer.java:stopDaemon(536)) - Stopping OMDoubleBuffer flush thread
2024-01-08 10:09:41,823 [om1-OMDoubleBufferFlushThread] INFO  ratis.OzoneManagerDoubleBuffer (OzoneManagerDoubleBuffer.java:canFlush(616)) - OMDoubleBuffer flush thread om1-OMDoubleBufferFlushThread is interrupted and will exit.
2024-01-08 10:09:41,823 [om1@group-C5BA1605619E-StateMachineUpdater] INFO  ratis.OzoneManagerStateMachine (OzoneManagerStateMachine.java:stop(755)) - applyTransactionMap size 0 
2024-01-08 10:09:41,823 [om1@group-C5BA1605619E-StateMachineUpdater] INFO  ratis.OzoneManagerStateMachine (OzoneManagerStateMachine.java:stop(761)) - ratisTransactionMap size 0
2024-01-08 10:09:41,823 [om1-impl-thread2] INFO  server.RaftServer$Division (ServerState.java:close(423)) - om1@group-C5BA1605619E: applyIndex: 4
2024-01-08 10:09:41,823 [om1@group-C5BA1605619E-cacheEviction-AwaitToRun] INFO  util.AwaitToRun (AwaitToRun.java:run(49)) - om1@group-C5BA1605619E-cacheEviction-AwaitToRun-AwaitForSignal is interrupted
2024-01-08 10:09:42,375 [om1-impl-thread2] INFO  segmented.SegmentedRaftLogWorker (SegmentedRaftLogWorker.java:close(243)) - om1@group-C5BA1605619E-SegmentedRaftLogWorker close()
2024-01-08 10:09:42,375 [JvmPauseMonitor6] INFO  util.JvmPauseMonitor (JvmPauseMonitor.java:run(152)) - JvmPauseMonitor-om1: Stopped
2024-01-08 10:09:42,375 [main] INFO  ratis.OzoneManagerStateMachine (OzoneManagerStateMachine.java:close(546)) - StateMachine has shutdown. Shutdown OzoneManager if not already shutdown.
2024-01-08 10:09:42,376 [main] INFO  ratis.OzoneManagerDoubleBuffer (OzoneManagerDoubleBuffer.java:stopDaemon(545)) - OMDoubleBuffer flush thread is not running.
2024-01-08 10:09:42,376 [main] INFO  ratis.OzoneManagerStateMachine (OzoneManagerStateMachine.java:stop(755)) - applyTransactionMap size 0 
2024-01-08 10:09:42,376 [main] INFO  ratis.OzoneManagerStateMachine (OzoneManagerStateMachine.java:stop(761)) - ratisTransactionMap size 0
2024-01-08 10:09:42,376 [main] INFO  utils.BackgroundService (BackgroundService.java:shutdown(160)) - Shutting down service KeyDeletingService
2024-01-08 10:09:42,376 [main] INFO  utils.BackgroundService (BackgroundService.java:shutdown(160)) - Shutting down service DirectoryDeletingService
2024-01-08 10:09:42,376 [main] INFO  utils.BackgroundService (BackgroundService.java:shutdown(160)) - Shutting down service OpenKeyCleanupService
2024-01-08 10:09:42,376 [main] INFO  utils.BackgroundService (BackgroundService.java:shutdown(160)) - Shutting down service SstFilteringService
2024-01-08 10:09:42,377 [main] INFO  utils.BackgroundService (BackgroundService.java:shutdown(160)) - Shutting down service SnapshotDeletingService
2024-01-08 10:09:42,377 [main] INFO  utils.BackgroundService (BackgroundService.java:shutdown(160)) - Shutting down service MultipartUploadCleanupService
2024-01-08 10:09:42,377 [main] INFO  utils.BackgroundService (BackgroundService.java:shutdown(160)) - Shutting down service SnapshotDirectoryCleaningService
2024-01-08 10:09:42,378 [main] INFO  handler.ContextHandler (ContextHandler.java:doStop(1159)) - Stopped o.e.j.w.WebAppContext@7d32844a{ozoneManager,/,null,STOPPED}{file:/home/runner/work/ozone/ozone/hadoop-ozone/integration-test/target/test-classes/webapps/ozoneManager}
2024-01-08 10:09:42,378 [main] INFO  server.AbstractConnector (AbstractConnector.java:doStop(383)) - Stopped ServerConnector@fb284a2{HTTP/1.1, (http/1.1)}{0.0.0.0:15040}
2024-01-08 10:09:42,379 [main] INFO  server.session (HouseKeeper.java:stopScavenging(149)) - node0 Stopped scavenging
2024-01-08 10:09:42,379 [main] INFO  handler.ContextHandler (ContextHandler.java:doStop(1159)) - Stopped o.e.j.s.ServletContextHandler@68dba08a{static,/static,file:///home/runner/work/ozone/ozone/hadoop-ozone/integration-test/target/test-classes/webapps/static,STOPPED}
2024-01-08 10:09:42,379 [main] INFO  handler.ContextHandler (ContextHandler.java:doStop(1159)) - Stopped o.e.j.s.ServletContextHandler@36a0e092{logs,/logs,file:///home/runner/work/ozone/ozone/hadoop-ozone/integration-test/target/log,STOPPED}
2024-01-08 10:09:42,380 [main] INFO  rocksdiff.RocksDBCheckpointDiffer (RocksDBCheckpointDiffer.java:close(310)) - Shutting down CompactionDagPruningService.
2024-01-08 10:09:42,381 [main] INFO  snapshot.SnapshotDiffManager (SnapshotDiffManager.java:closeExecutorService(1688)) - Shutting down executorService: 'SnapDiffExecutor'
2024-01-08 10:09:42,381 [main] INFO  snapshot.SnapshotDiffManager (SnapshotDiffManager.java:closeExecutorService(1688)) - Shutting down executorService: 'SstDumpToolExecutor'
2024-01-08 10:09:42,382 [main] INFO  utils.BackgroundService (BackgroundService.java:shutdown(160)) - Shutting down service SnapshotDiffCleanupService
2024-01-08 10:09:42,382 [main] INFO  ozone.MiniOzoneClusterImpl (MiniOzoneClusterImpl.java:stopDatanodes(536)) - Stopping the HddsDatanodes
2024-01-08 10:09:42,382 [main] INFO  ozone.MiniOzoneClusterImpl (MiniOzoneClusterImpl.java:stopSCM(551)) - Stopping the StorageContainerManager
2024-01-08 10:09:42,383 [main] INFO  server.StorageContainerManager (StorageContainerManager.java:stop(1654)) - Container Balancer is not running.
2024-01-08 10:09:42,383 [main] INFO  server.StorageContainerManager (StorageContainerManager.java:stopReplicationManager(1787)) - Stopping Replication Manager Service.
2024-01-08 10:09:42,383 [main] INFO  replication.ReplicationManager (ReplicationManager.java:stop(326)) - Stopping Replication Monitor Thread.
2024-01-08 10:09:42,383 [UnderReplicatedProcessor] WARN  replication.UnhealthyReplicationProcessor (UnhealthyReplicationProcessor.java:run(180)) - UnderReplicatedProcessor interrupted. Exiting...
2024-01-08 10:09:42,383 [OverReplicatedProcessor] WARN  replication.UnhealthyReplicationProcessor (UnhealthyReplicationProcessor.java:run(180)) - OverReplicatedProcessor interrupted. Exiting...
2024-01-08 10:09:42,383 [main] INFO  server.StorageContainerManager (StorageContainerManager.java:stop(1663)) - Stopping the Datanode Admin Monitor.
2024-01-08 10:09:42,384 [main] INFO  server.StorageContainerManager (StorageContainerManager.java:stop(1670)) - Stopping datanode service RPC server
2024-01-08 10:09:42,384 [main] INFO  server.SCMDatanodeProtocolServer (SCMDatanodeProtocolServer.java:stop(424)) - Stopping the RPC server for DataNodes
2024-01-08 10:09:42,384 [main] INFO  ipc.Server (Server.java:stop(3523)) - Stopping server on 15037
2024-01-08 10:09:42,384 [ReplicationMonitor] INFO  replication.ReplicationManager (ReplicationManager.java:run(933)) - Replication Monitor Thread is stopped
2024-01-08 10:09:42,392 [IPC Server listener on 15037] INFO  ipc.Server (Server.java:run(1434)) - Stopping IPC Server listener on 15037
2024-01-08 10:09:42,392 [IPC Server Responder] INFO  ipc.Server (Server.java:run(1567)) - Stopping IPC Server Responder
2024-01-08 10:09:42,408 [SCMHeartbeatProcessor-0] WARN  node.NodeStateManager (NodeStateManager.java:scheduleNextHealthCheck(878)) - Current Thread is interrupted, shutting down HB processing thread for Node Manager.
2024-01-08 10:09:42,408 [main] INFO  server.StorageContainerManager (StorageContainerManager.java:stop(1678)) - Stopping block service RPC server
2024-01-08 10:09:42,408 [main] INFO  server.SCMBlockProtocolServer (SCMBlockProtocolServer.java:stop(168)) - Stopping the RPC server for Block Protocol
2024-01-08 10:09:42,408 [main] INFO  ipc.Server (Server.java:stop(3523)) - Stopping server on 15036
2024-01-08 10:09:42,409 [IPC Server listener on 15036] INFO  ipc.Server (Server.java:run(1434)) - Stopping IPC Server listener on 15036
2024-01-08 10:09:42,409 [IPC Server Responder] INFO  ipc.Server (Server.java:run(1567)) - Stopping IPC Server Responder
2024-01-08 10:09:42,409 [main] INFO  server.StorageContainerManager (StorageContainerManager.java:stop(1685)) - Stopping the StorageContainerLocationProtocol RPC server
2024-01-08 10:09:42,411 [main] INFO  server.SCMClientProtocolServer (SCMClientProtocolServer.java:stop(210)) - Stopping the RPC server for Client Protocol
2024-01-08 10:09:42,411 [main] INFO  ipc.Server (Server.java:stop(3523)) - Stopping server on 15035
2024-01-08 10:09:42,412 [IPC Server Responder] INFO  ipc.Server (Server.java:run(1567)) - Stopping IPC Server Responder
2024-01-08 10:09:42,412 [main] INFO  server.StorageContainerManager (StorageContainerManager.java:stop(1692)) - Stopping Storage Container Manager HTTP server.
2024-01-08 10:09:42,412 [IPC Server listener on 15035] INFO  ipc.Server (Server.java:run(1434)) - Stopping IPC Server listener on 15035
2024-01-08 10:09:42,412 [main] INFO  handler.ContextHandler (ContextHandler.java:doStop(1159)) - Stopped o.e.j.w.WebAppContext@36510e73{scm,/,null,STOPPED}{file:/home/runner/work/ozone/ozone/hadoop-ozone/integration-test/target/test-classes/webapps/scm}
2024-01-08 10:09:42,413 [main] INFO  server.AbstractConnector (AbstractConnector.java:doStop(383)) - Stopped ServerConnector@2b0454d2{HTTP/1.1, (http/1.1)}{0.0.0.0:15038}
2024-01-08 10:09:42,414 [main] INFO  server.session (HouseKeeper.java:stopScavenging(149)) - node0 Stopped scavenging
2024-01-08 10:09:42,414 [main] INFO  handler.ContextHandler (ContextHandler.java:doStop(1159)) - Stopped o.e.j.s.ServletContextHandler@35f7969d{static,/static,file:///home/runner/work/ozone/ozone/hadoop-ozone/integration-test/target/test-classes/webapps/static,STOPPED}
2024-01-08 10:09:42,414 [main] INFO  handler.ContextHandler (ContextHandler.java:doStop(1159)) - Stopped o.e.j.s.ServletContextHandler@5bec3e0{logs,/logs,file:///home/runner/work/ozone/ozone/hadoop-ozone/integration-test/target/log,STOPPED}
2024-01-08 10:09:42,414 [main] INFO  server.StorageContainerManager (StorageContainerManager.java:stop(1700)) - Stopping SCM LayoutVersionManager Service.
2024-01-08 10:09:42,415 [main] INFO  server.StorageContainerManager (StorageContainerManager.java:stop(1712)) - Stopping Block Manager Service.
2024-01-08 10:09:42,415 [main] INFO  utils.BackgroundService (BackgroundService.java:shutdown(160)) - Shutting down service SCMBlockDeletingService
2024-01-08 10:09:42,415 [main] INFO  utils.BackgroundService (BackgroundService.java:shutdown(160)) - Shutting down service SCMBlockDeletingService
2024-01-08 10:09:42,415 [main] INFO  server.StorageContainerManager (StorageContainerManager.java:stop(1732)) - Stopping SCM Event Queue.
2024-01-08 10:09:42,415 [JvmPauseMonitor11] INFO  util.JvmPauseMonitor (JvmPauseMonitor.java:run(152)) - JvmPauseMonitor-729a6255-0a46-4a06-9d0b-725172a9ca4c: Stopped
2024-01-08 10:09:42,415 [main] INFO  server.StorageContainerManager (StorageContainerManager.java:stop(1743)) - Stopping SCM HA services.
2024-01-08 10:09:42,416 [main] INFO  pipeline.BackgroundPipelineCreator (BackgroundPipelineCreator.java:stop(152)) - Stopping RatisPipelineUtilsThread.
2024-01-08 10:09:42,416 [RatisPipelineUtilsThread-0] WARN  pipeline.BackgroundPipelineCreator (BackgroundPipelineCreator.java:run(183)) - RatisPipelineUtilsThread is interrupted.
2024-01-08 10:09:42,416 [main] INFO  BackgroundPipelineScrubber (BackgroundSCMService.java:stop(131)) - Stopping BackgroundPipelineScrubber Service.
2024-01-08 10:09:42,416 [BackgroundPipelineScrubber] WARN  BackgroundPipelineScrubber (BackgroundSCMService.java:run(115)) - BackgroundPipelineScrubber is interrupted, exit
2024-01-08 10:09:42,416 [main] INFO  impl.MetricsSystemImpl (MetricsSystemImpl.java:stop(210)) - Stopping StorageContainerManager metrics system...
2024-01-08 10:09:42,417 [prometheus] INFO  impl.MetricsSinkAdapter (MetricsSinkAdapter.java:publishMetricsFromQueue(141)) - prometheus thread interrupted.
2024-01-08 10:09:42,417 [main] INFO  impl.MetricsSystemImpl (MetricsSystemImpl.java:stop(216)) - StorageContainerManager metrics system stopped.
2024-01-08 10:09:42,417 [main] WARN  pipeline.BackgroundPipelineCreator (BackgroundPipelineCreator.java:stop(148)) - RatisPipelineUtilsThread is not running, just ignore.
2024-01-08 10:09:42,417 [main] INFO  BackgroundPipelineScrubber (BackgroundSCMService.java:stop(126)) - BackgroundPipelineScrubber Service is not running, skip stop.
2024-01-08 10:09:42,418 [main] INFO  ExpiredContainerReplicaOpScrubber (BackgroundSCMService.java:stop(131)) - Stopping ExpiredContainerReplicaOpScrubber Service.
2024-01-08 10:09:42,418 [ExpiredContainerReplicaOpScrubber] WARN  ExpiredContainerReplicaOpScrubber (BackgroundSCMService.java:run(115)) - ExpiredContainerReplicaOpScrubber is interrupted, exit
2024-01-08 10:09:42,418 [main] INFO  utils.BackgroundService (BackgroundService.java:shutdown(160)) - Shutting down service SCMBlockDeletingService
2024-01-08 10:09:42,418 [main] INFO  replication.ReplicationManager (ReplicationManager.java:stop(336)) - Replication Monitor Thread is not running.
2024-01-08 10:09:42,418 [main] WARN  balancer.ContainerBalancer (ContainerBalancer.java:stop(327)) - Cannot stop Container Balancer because it's not running or stopping
2024-01-08 10:09:42,418 [main] INFO  server.StorageContainerManager (StorageContainerManager.java:stop(1778)) - Stopping SCM MetadataStore.
2024-01-08 10:09:42,418 [LeaseManager#LeaseMonitor] WARN  lease.LeaseManager (LeaseManager.java:run(287)) - Lease manager is interrupted. Shutting down...
java.lang.InterruptedException
	at java.util.concurrent.locks.AbstractQueuedSynchronizer.doAcquireSharedNanos(AbstractQueuedSynchronizer.java:1039)
	at java.util.concurrent.locks.AbstractQueuedSynchronizer.tryAcquireSharedNanos(AbstractQueuedSynchronizer.java:1328)
	at java.util.concurrent.Semaphore.tryAcquire(Semaphore.java:409)
	at org.apache.hadoop.ozone.lease.LeaseManager$LeaseMonitor.run(LeaseManager.java:285)
	at java.lang.Thread.run(Thread.java:750)
]]></system-out>
  </testcase>
</testsuite>