<?xml version="1.0" encoding="UTF-8"?>
<testsuite xmlns:xsi="http://www.w3.org/2001/XMLSchema-instance" xsi:noNamespaceSchemaLocation="https://maven.apache.org/surefire/maven-surefire-plugin/xsd/surefire-test-report-3.0.xsd" version="3.0" name="org.apache.hadoop.ozone.client.rpc.TestBlockOutputStreamWithFailures" time="711.82" tests="6" errors="1" skipped="0" failures="0">
  <properties>
    <property name="awt.toolkit" value="sun.awt.X11.XToolkit"/>
    <property name="file.encoding.pkg" value="sun.io"/>
    <property name="java.specification.version" value="1.8"/>
    <property name="sun.cpu.isalist" value=""/>
    <property name="sun.jnu.encoding" value="UTF-8"/>
    <property name="gradle.enterprise.listener.surefire.forkId" value="1"/>
    <property name="java.class.path" value="/home/runner/work/ozone/ozone/hadoop-ozone/integration-test/target/test-classes:/home/runner/work/ozone/ozone/hadoop-ozone/integration-test/target/classes:/home/runner/work/ozone/ozone/hadoop-ozone/common/target/classes:/home/runner/.m2/repository/io/grpc/grpc-netty/1.58.0/grpc-netty-1.58.0.jar:/home/runner/.m2/repository/io/grpc/grpc-core/1.58.0/grpc-core-1.58.0.jar:/home/runner/.m2/repository/com/google/android/annotations/4.1.1.4/annotations-4.1.1.4.jar:/home/runner/.m2/repository/org/codehaus/mojo/animal-sniffer-annotations/1.23/animal-sniffer-annotations-1.23.jar:/home/runner/.m2/repository/io/grpc/grpc-context/1.58.0/grpc-context-1.58.0.jar:/home/runner/.m2/repository/io/grpc/grpc-util/1.58.0/grpc-util-1.58.0.jar:/home/runner/.m2/repository/com/google/errorprone/error_prone_annotations/2.2.0/error_prone_annotations-2.2.0.jar:/home/runner/.m2/repository/io/perfmark/perfmark-api/0.26.0/perfmark-api-0.26.0.jar:/home/runner/.m2/repository/io/netty/netty-codec-http2/4.1.100.Final/netty-codec-http2-4.1.100.Final.jar:/home/runner/.m2/repository/io/netty/netty-common/4.1.100.Final/netty-common-4.1.100.Final.jar:/home/runner/.m2/repository/io/netty/netty-buffer/4.1.100.Final/netty-buffer-4.1.100.Final.jar:/home/runner/.m2/repository/io/netty/netty-codec-http/4.1.100.Final/netty-codec-http-4.1.100.Final.jar:/home/runner/.m2/repository/io/netty/netty-handler-proxy/4.1.100.Final/netty-handler-proxy-4.1.100.Final.jar:/home/runner/.m2/repository/io/netty/netty-codec-socks/4.1.100.Final/netty-codec-socks-4.1.100.Final.jar:/home/runner/.m2/repository/io/netty/netty-tcnative-boringssl-static/2.0.61.Final/netty-tcnative-boringssl-static-2.0.61.Final.jar:/home/runner/.m2/repository/io/netty/netty-tcnative-classes/2.0.61.Final/netty-tcnative-classes-2.0.61.Final.jar:/home/runner/.m2/repository/io/netty/netty-tcnative-boringssl-static/2.0.61.Final/netty-tcnative-boringssl-static-2.0.61.Final-linux-x86_64.jar:/home/runner/.m2/repository/io/netty/netty-tcnative-boringssl-static/2.0.61.Final/netty-tcnative-boringssl-static-2.0.61.Final-linux-aarch_64.jar:/home/runner/.m2/repository/io/netty/netty-tcnative-boringssl-static/2.0.61.Final/netty-tcnative-boringssl-static-2.0.61.Final-osx-x86_64.jar:/home/runner/.m2/repository/io/netty/netty-tcnative-boringssl-static/2.0.61.Final/netty-tcnative-boringssl-static-2.0.61.Final-osx-aarch_64.jar:/home/runner/.m2/repository/io/netty/netty-tcnative-boringssl-static/2.0.61.Final/netty-tcnative-boringssl-static-2.0.61.Final-windows-x86_64.jar:/home/runner/.m2/repository/org/apache/commons/commons-compress/1.26.0/commons-compress-1.26.0.jar:/home/runner/work/ozone/ozone/hadoop-hdds/common/target/classes:/home/runner/work/ozone/ozone/hadoop-hdds/client/target/classes:/home/runner/work/ozone/ozone/hadoop-ozone/interface-client/target/classes:/home/runner/.m2/repository/org/apache/hadoop/hadoop-hdfs-client/3.3.6/hadoop-hdfs-client-3.3.6.jar:/home/runner/.m2/repository/com/squareup/okhttp3/okhttp/4.12.0/okhttp-4.12.0.jar:/home/runner/.m2/repository/com/squareup/okio/okio/3.6.0/okio-3.6.0.jar:/home/runner/.m2/repository/com/squareup/okio/okio-jvm/3.6.0/okio-jvm-3.6.0.jar:/home/runner/.m2/repository/org/jetbrains/kotlin/kotlin-stdlib-jdk8/1.9.22/kotlin-stdlib-jdk8-1.9.22.jar:/home/runner/.m2/repository/org/jetbrains/kotlin/kotlin-stdlib-jdk7/1.9.22/kotlin-stdlib-jdk7-1.9.22.jar:/home/runner/.m2/repository/org/jetbrains/kotlin/kotlin-stdlib-common/1.9.22/kotlin-stdlib-common-1.9.22.jar:/home/runner/work/ozone/ozone/hadoop-hdds/test-utils/target/classes:/home/runner/.m2/repository/org/assertj/assertj-core/3.12.2/assertj-core-3.12.2.jar:/home/runner/.m2/repository/com/google/guava/guava/32.0.0-jre/guava-32.0.0-jre.jar:/home/runner/.m2/repository/com/google/guava/failureaccess/1.0.1/failureaccess-1.0.1.jar:/home/runner/.m2/repository/com/google/guava/listenablefuture/9999.0-empty-to-avoid-conflict-with-guava/listenablefuture-9999.0-empty-to-avoid-conflict-with-guava.jar:/home/runner/.m2/repository/org/checkerframework/checker-qual/3.33.0/checker-qual-3.33.0.jar:/home/runner/.m2/repository/com/google/j2objc/j2objc-annotations/2.8/j2objc-annotations-2.8.jar:/home/runner/.m2/repository/commons-io/commons-io/2.16.1/commons-io-2.16.1.jar:/home/runner/.m2/repository/commons-logging/commons-logging/1.2/commons-logging-1.2.jar:/home/runner/.m2/repository/org/junit/jupiter/junit-jupiter-api/5.10.2/junit-jupiter-api-5.10.2.jar:/home/runner/.m2/repository/org/opentest4j/opentest4j/1.3.0/opentest4j-1.3.0.jar:/home/runner/.m2/repository/org/junit/platform/junit-platform-commons/1.10.2/junit-platform-commons-1.10.2.jar:/home/runner/.m2/repository/ch/qos/reload4j/reload4j/1.2.25/reload4j-1.2.25.jar:/home/runner/.m2/repository/jakarta/annotation/jakarta.annotation-api/2.1.1/jakarta.annotation-api-2.1.1.jar:/home/runner/.m2/repository/org/slf4j/slf4j-api/2.0.12/slf4j-api-2.0.12.jar:/home/runner/.m2/repository/org/apache/logging/log4j/log4j-api/2.17.1/log4j-api-2.17.1.jar:/home/runner/work/ozone/ozone/hadoop-hdds/server-scm/target/classes:/home/runner/.m2/repository/com/google/protobuf/protobuf-java/2.5.0/protobuf-java-2.5.0.jar:/home/runner/work/ozone/ozone/hadoop-hdds/container-service/target/classes:/home/runner/work/ozone/ozone/hadoop-hdds/hadoop-dependency-server/target/classes:/home/runner/.m2/repository/com/nimbusds/nimbus-jose-jwt/9.37.2/nimbus-jose-jwt-9.37.2.jar:/home/runner/.m2/repository/com/github/stephenc/jcip/jcip-annotations/1.0-1/jcip-annotations-1.0-1.jar:/home/runner/.m2/repository/org/apache/hadoop/hadoop-hdfs/3.3.6/hadoop-hdfs-3.3.6.jar:/home/runner/.m2/repository/commons-daemon/commons-daemon/1.3.4/commons-daemon-1.3.4.jar:/home/runner/.m2/repository/org/xerial/snappy/snappy-java/1.1.10.5/snappy-java-1.1.10.5.jar:/home/runner/work/ozone/ozone/hadoop-hdds/framework/target/classes:/home/runner/.m2/repository/org/bouncycastle/bcprov-jdk18on/1.77/bcprov-jdk18on-1.77.jar:/home/runner/.m2/repository/io/dropwizard/metrics/metrics-core/3.2.4/metrics-core-3.2.4.jar:/home/runner/.m2/repository/org/apache/commons/commons-text/1.11.0/commons-text-1.11.0.jar:/home/runner/work/ozone/ozone/hadoop-hdds/framework/target/test-classes:/home/runner/work/ozone/ozone/hadoop-hdds/interface-server/target/classes:/home/runner/work/ozone/ozone/hadoop-hdds/interface-admin/target/classes:/home/runner/work/ozone/ozone/hadoop-hdds/managed-rocksdb/target/classes:/home/runner/.m2/repository/org/rocksdb/rocksdbjni/7.7.3/rocksdbjni-7.7.3.jar:/home/runner/.m2/repository/org/slf4j/slf4j-reload4j/2.0.12/slf4j-reload4j-2.0.12.jar:/home/runner/.m2/repository/org/apache/commons/commons-configuration2/2.10.1/commons-configuration2-2.10.1.jar:/home/runner/.m2/repository/commons-fileupload/commons-fileupload/1.5/commons-fileupload-1.5.jar:/home/runner/.m2/repository/org/apache/logging/log4j/log4j-core/2.17.1/log4j-core-2.17.1.jar:/home/runner/.m2/repository/com/lmax/disruptor/3.4.4/disruptor-3.4.4.jar:/home/runner/.m2/repository/org/eclipse/jetty/jetty-util/9.4.53.v20231009/jetty-util-9.4.53.v20231009.jar:/home/runner/.m2/repository/org/eclipse/jetty/jetty-server/9.4.53.v20231009/jetty-server-9.4.53.v20231009.jar:/home/runner/.m2/repository/org/eclipse/jetty/jetty-http/9.4.53.v20231009/jetty-http-9.4.53.v20231009.jar:/home/runner/.m2/repository/org/eclipse/jetty/jetty-io/9.4.53.v20231009/jetty-io-9.4.53.v20231009.jar:/home/runner/.m2/repository/org/eclipse/jetty/jetty-servlet/9.4.53.v20231009/jetty-servlet-9.4.53.v20231009.jar:/home/runner/.m2/repository/org/eclipse/jetty/jetty-security/9.4.53.v20231009/jetty-security-9.4.53.v20231009.jar:/home/runner/.m2/repository/org/eclipse/jetty/jetty-util-ajax/9.4.53.v20231009/jetty-util-ajax-9.4.53.v20231009.jar:/home/runner/.m2/repository/org/eclipse/jetty/jetty-webapp/9.4.53.v20231009/jetty-webapp-9.4.53.v20231009.jar:/home/runner/.m2/repository/org/eclipse/jetty/jetty-xml/9.4.53.v20231009/jetty-xml-9.4.53.v20231009.jar:/home/runner/.m2/repository/org/apache/ratis/ratis-server/3.0.1/ratis-server-3.0.1.jar:/home/runner/.m2/repository/org/apache/ratis/ratis-thirdparty-misc/1.0.5/ratis-thirdparty-misc-1.0.5.jar:/home/runner/.m2/repository/org/apache/ratis/ratis-proto/3.0.1/ratis-proto-3.0.1.jar:/home/runner/.m2/repository/org/apache/ratis/ratis-common/3.0.1/ratis-common-3.0.1.jar:/home/runner/.m2/repository/org/apache/ratis/ratis-client/3.0.1/ratis-client-3.0.1.jar:/home/runner/.m2/repository/org/apache/ratis/ratis-server-api/3.0.1/ratis-server-api-3.0.1.jar:/home/runner/.m2/repository/org/apache/ratis/ratis-metrics-api/3.0.1/ratis-metrics-api-3.0.1.jar:/home/runner/.m2/repository/org/apache/ratis/ratis-metrics-dropwizard3/3.0.1/ratis-metrics-dropwizard3-3.0.1.jar:/home/runner/.m2/repository/io/prometheus/simpleclient_dropwizard/0.16.0/simpleclient_dropwizard-0.16.0.jar:/home/runner/.m2/repository/io/prometheus/simpleclient/0.16.0/simpleclient-0.16.0.jar:/home/runner/.m2/repository/io/prometheus/simpleclient_common/0.16.0/simpleclient_common-0.16.0.jar:/home/runner/.m2/repository/com/fasterxml/jackson/datatype/jackson-datatype-jsr310/2.16.1/jackson-datatype-jsr310-2.16.1.jar:/home/runner/.m2/repository/com/fasterxml/jackson/core/jackson-core/2.16.1/jackson-core-2.16.1.jar:/home/runner/work/ozone/ozone/hadoop-hdds/rocksdb-checkpoint-differ/target/classes:/home/runner/.m2/repository/org/jgrapht/jgrapht-core/1.4.0/jgrapht-core-1.4.0.jar:/home/runner/.m2/repository/org/jheaps/jheaps/0.11/jheaps-0.11.jar:/home/runner/.m2/repository/org/jgrapht/jgrapht-ext/1.4.0/jgrapht-ext-1.4.0.jar:/home/runner/.m2/repository/com/github/vlsi/mxgraph/jgraphx/3.9.8.1/jgraphx-3.9.8.1.jar:/home/runner/work/ozone/ozone/hadoop-ozone/ozone-manager/target/classes:/home/runner/.m2/repository/org/aspectj/aspectjrt/1.9.7/aspectjrt-1.9.7.jar:/home/runner/.m2/repository/org/aspectj/aspectjweaver/1.9.7/aspectjweaver-1.9.7.jar:/home/runner/work/ozone/ozone/hadoop-hdds/interface-client/target/classes:/home/runner/.m2/repository/org/apache/hadoop/thirdparty/hadoop-shaded-protobuf_3_7/1.1.1/hadoop-shaded-protobuf_3_7-1.1.1.jar:/home/runner/work/ozone/ozone/hadoop-ozone/interface-storage/target/classes:/home/runner/.m2/repository/org/reflections/reflections/0.10.2/reflections-0.10.2.jar:/home/runner/.m2/repository/com/sun/jersey/jersey-client/1.19.4/jersey-client-1.19.4.jar:/home/runner/.m2/repository/org/codehaus/jackson/jackson-core-asl/1.9.13/jackson-core-asl-1.9.13.jar:/home/runner/.m2/repository/org/codehaus/jackson/jackson-mapper-asl/1.9.13/jackson-mapper-asl-1.9.13.jar:/home/runner/.m2/repository/org/codehaus/jackson/jackson-jaxrs/1.9.13/jackson-jaxrs-1.9.13.jar:/home/runner/.m2/repository/org/apache/ranger/ranger-intg/2.3.0/ranger-intg-2.3.0.jar:/home/runner/.m2/repository/org/apache/ranger/ranger-plugins-common/2.3.0/ranger-plugins-common-2.3.0.jar:/home/runner/.m2/repository/commons-lang/commons-lang/2.6/commons-lang-2.6.jar:/home/runner/.m2/repository/org/apache/ranger/ranger-plugins-cred/2.3.0/ranger-plugins-cred-2.3.0.jar:/home/runner/.m2/repository/org/apache/ranger/ranger-plugins-audit/2.3.0/ranger-plugins-audit-2.3.0.jar:/home/runner/.m2/repository/org/eclipse/jetty/jetty-client/9.4.53.v20231009/jetty-client-9.4.53.v20231009.jar:/home/runner/.m2/repository/org/apache/httpcomponents/httpmime/4.5.6/httpmime-4.5.6.jar:/home/runner/.m2/repository/org/apache/httpcomponents/httpcore-nio/4.4.16/httpcore-nio-4.4.16.jar:/home/runner/.m2/repository/org/apache/httpcomponents/httpasyncclient/4.1.3/httpasyncclient-4.1.3.jar:/home/runner/.m2/repository/com/carrotsearch/hppc/0.8.0/hppc-0.8.0.jar:/home/runner/.m2/repository/org/apache/orc/orc-core/1.5.8/orc-core-1.5.8.jar:/home/runner/.m2/repository/net/java/dev/jna/jna/5.2.0/jna-5.2.0.jar:/home/runner/.m2/repository/net/java/dev/jna/jna-platform/5.2.0/jna-platform-5.2.0.jar:/home/runner/.m2/repository/com/kstruct/gethostname4j/0.0.2/gethostname4j-0.0.2.jar:/home/runner/.m2/repository/org/apache/ranger/ranger-plugin-classloader/2.3.0/ranger-plugin-classloader-2.3.0.jar:/home/runner/work/ozone/ozone/hadoop-hdds/rocks-native/target/classes:/home/runner/.m2/repository/org/apache/hadoop/hadoop-minikdc/3.3.6/hadoop-minikdc-3.3.6.jar:/home/runner/.m2/repository/org/apache/kerby/kerb-simplekdc/1.0.1/kerb-simplekdc-1.0.1.jar:/home/runner/.m2/repository/org/apache/kerby/kerb-client/1.0.1/kerb-client-1.0.1.jar:/home/runner/.m2/repository/org/apache/kerby/kerby-config/1.0.1/kerby-config-1.0.1.jar:/home/runner/.m2/repository/org/apache/kerby/kerb-common/1.0.1/kerb-common-1.0.1.jar:/home/runner/.m2/repository/org/apache/kerby/kerb-crypto/1.0.1/kerb-crypto-1.0.1.jar:/home/runner/.m2/repository/org/apache/kerby/kerb-util/1.0.1/kerb-util-1.0.1.jar:/home/runner/.m2/repository/org/apache/kerby/token-provider/1.0.1/token-provider-1.0.1.jar:/home/runner/.m2/repository/org/apache/kerby/kerb-admin/1.0.1/kerb-admin-1.0.1.jar:/home/runner/.m2/repository/org/apache/kerby/kerb-server/1.0.1/kerb-server-1.0.1.jar:/home/runner/.m2/repository/org/apache/kerby/kerb-identity/1.0.1/kerb-identity-1.0.1.jar:/home/runner/.m2/repository/org/apache/kerby/kerby-xdr/1.0.1/kerby-xdr-1.0.1.jar:/home/runner/.m2/repository/junit/junit/4.13.2/junit-4.13.2.jar:/home/runner/.m2/repository/org/hamcrest/hamcrest-core/1.3/hamcrest-core-1.3.jar:/home/runner/work/ozone/ozone/hadoop-ozone/s3gateway/target/classes:/home/runner/.m2/repository/org/javassist/javassist/3.30.2-GA/javassist-3.30.2-GA.jar:/home/runner/.m2/repository/org/jboss/weld/servlet/weld-servlet-shaded/3.1.9.Final/weld-servlet-shaded-3.1.9.Final.jar:/home/runner/.m2/repository/org/glassfish/jersey/containers/jersey-container-servlet-core/2.42/jersey-container-servlet-core-2.42.jar:/home/runner/.m2/repository/org/glassfish/hk2/external/jakarta.inject/2.6.1/jakarta.inject-2.6.1.jar:/home/runner/.m2/repository/org/glassfish/jersey/core/jersey-common/2.42/jersey-common-2.42.jar:/home/runner/.m2/repository/jakarta/ws/rs/jakarta.ws.rs-api/2.1.6/jakarta.ws.rs-api-2.1.6.jar:/home/runner/.m2/repository/org/glassfish/jersey/ext/cdi/jersey-cdi1x/2.42/jersey-cdi1x-2.42.jar:/home/runner/.m2/repository/org/glassfish/jersey/inject/jersey-hk2/2.42/jersey-hk2-2.42.jar:/home/runner/.m2/repository/org/glassfish/hk2/hk2-locator/2.6.1/hk2-locator-2.6.1.jar:/home/runner/.m2/repository/org/glassfish/jersey/media/jersey-media-jaxb/2.42/jersey-media-jaxb-2.42.jar:/home/runner/.m2/repository/org/glassfish/hk2/osgi-resource-locator/1.0.3/osgi-resource-locator-1.0.3.jar:/home/runner/.m2/repository/org/glassfish/hk2/hk2-api/2.6.1/hk2-api-2.6.1.jar:/home/runner/.m2/repository/org/glassfish/hk2/hk2-utils/2.6.1/hk2-utils-2.6.1.jar:/home/runner/.m2/repository/org/glassfish/hk2/external/aopalliance-repackaged/2.6.1/aopalliance-repackaged-2.6.1.jar:/home/runner/.m2/repository/com/fasterxml/jackson/dataformat/jackson-dataformat-xml/2.16.1/jackson-dataformat-xml-2.16.1.jar:/home/runner/.m2/repository/org/codehaus/woodstox/stax2-api/4.2.2/stax2-api-4.2.2.jar:/home/runner/.m2/repository/com/fasterxml/woodstox/woodstox-core/5.4.0/woodstox-core-5.4.0.jar:/home/runner/.m2/repository/com/fasterxml/jackson/module/jackson-module-jaxb-annotations/2.16.1/jackson-module-jaxb-annotations-2.16.1.jar:/home/runner/.m2/repository/javax/enterprise/cdi-api/2.0/cdi-api-2.0.jar:/home/runner/.m2/repository/javax/el/javax.el-api/3.0.0/javax.el-api-3.0.0.jar:/home/runner/.m2/repository/javax/interceptor/javax.interceptor-api/1.2/javax.interceptor-api-1.2.jar:/home/runner/.m2/repository/javax/inject/javax.inject/1/javax.inject-1.jar:/home/runner/.m2/repository/jakarta/xml/bind/jakarta.xml.bind-api/2.3.3/jakarta.xml.bind-api-2.3.3.jar:/home/runner/.m2/repository/org/glassfish/jaxb/jaxb-runtime/2.3.9/jaxb-runtime-2.3.9.jar:/home/runner/.m2/repository/org/glassfish/jaxb/txw2/2.3.9/txw2-2.3.9.jar:/home/runner/.m2/repository/com/sun/istack/istack-commons-runtime/3.0.12/istack-commons-runtime-3.0.12.jar:/home/runner/.m2/repository/com/sun/activation/jakarta.activation/1.2.2/jakarta.activation-1.2.2.jar:/home/runner/.m2/repository/jakarta/activation/jakarta.activation-api/1.2.2/jakarta.activation-api-1.2.2.jar:/home/runner/.m2/repository/io/grpc/grpc-protobuf/1.58.0/grpc-protobuf-1.58.0.jar:/home/runner/.m2/repository/com/google/api/grpc/proto-google-common-protos/2.22.0/proto-google-common-protos-2.22.0.jar:/home/runner/.m2/repository/io/grpc/grpc-protobuf-lite/1.58.0/grpc-protobuf-lite-1.58.0.jar:/home/runner/.m2/repository/io/grpc/grpc-stub/1.58.0/grpc-stub-1.58.0.jar:/home/runner/.m2/repository/io/netty/netty-transport/4.1.100.Final/netty-transport-4.1.100.Final.jar:/home/runner/.m2/repository/io/netty/netty-resolver/4.1.100.Final/netty-resolver-4.1.100.Final.jar:/home/runner/work/ozone/ozone/hadoop-ozone/csi/target/classes:/home/runner/.m2/repository/com/google/protobuf/protobuf-java-util/3.19.6/protobuf-java-util-3.19.6.jar:/home/runner/.m2/repository/com/google/code/gson/gson/2.10.1/gson-2.10.1.jar:/home/runner/work/ozone/ozone/hadoop-hdds/config/target/classes:/home/runner/.m2/repository/io/netty/netty-transport-native-epoll/4.1.100.Final/netty-transport-native-epoll-4.1.100.Final-linux-x86_64.jar:/home/runner/.m2/repository/io/netty/netty-transport-classes-epoll/4.1.100.Final/netty-transport-classes-epoll-4.1.100.Final.jar:/home/runner/.m2/repository/io/netty/netty-transport-native-unix-common/4.1.100.Final/netty-transport-native-unix-common-4.1.100.Final.jar:/home/runner/work/ozone/ozone/hadoop-ozone/recon/target/classes:/home/runner/work/ozone/ozone/hadoop-ozone/recon-codegen/target/classes:/home/runner/.m2/repository/com/google/inject/guice/6.0.0/guice-6.0.0.jar:/home/runner/.m2/repository/jakarta/inject/jakarta.inject-api/2.0.1/jakarta.inject-api-2.0.1.jar:/home/runner/.m2/repository/aopalliance/aopalliance/1.0/aopalliance-1.0.jar:/home/runner/.m2/repository/com/google/inject/extensions/guice-assistedinject/6.0.0/guice-assistedinject-6.0.0.jar:/home/runner/.m2/repository/com/google/inject/extensions/guice-servlet/6.0.0/guice-servlet-6.0.0.jar:/home/runner/.m2/repository/org/glassfish/jersey/containers/jersey-container-servlet/2.42/jersey-container-servlet-2.42.jar:/home/runner/.m2/repository/org/glassfish/hk2/guice-bridge/2.6.1/guice-bridge-2.6.1.jar:/home/runner/.m2/repository/org/glassfish/jersey/core/jersey-server/2.42/jersey-server-2.42.jar:/home/runner/.m2/repository/org/glassfish/jersey/core/jersey-client/2.42/jersey-client-2.42.jar:/home/runner/.m2/repository/jakarta/validation/jakarta.validation-api/2.0.2/jakarta.validation-api-2.0.2.jar:/home/runner/.m2/repository/org/glassfish/jersey/media/jersey-media-json-jackson/2.42/jersey-media-json-jackson-2.42.jar:/home/runner/.m2/repository/org/glassfish/jersey/ext/jersey-entity-filtering/2.42/jersey-entity-filtering-2.42.jar:/home/runner/.m2/repository/org/jooq/jooq/3.11.10/jooq-3.11.10.jar:/home/runner/.m2/repository/org/jooq/jooq-meta/3.11.10/jooq-meta-3.11.10.jar:/home/runner/.m2/repository/org/jooq/jooq-codegen/3.11.10/jooq-codegen-3.11.10.jar:/home/runner/.m2/repository/com/jolbox/bonecp/0.8.0.RELEASE/bonecp-0.8.0.RELEASE.jar:/home/runner/.m2/repository/org/apache/derby/derby/10.14.2.0/derby-10.14.2.0.jar:/home/runner/.m2/repository/org/xerial/sqlite-jdbc/3.44.1.0/sqlite-jdbc-3.44.1.0.jar:/home/runner/.m2/repository/org/springframework/spring-jdbc/5.3.27/spring-jdbc-5.3.27.jar:/home/runner/.m2/repository/org/springframework/spring-beans/5.3.27/spring-beans-5.3.27.jar:/home/runner/.m2/repository/org/springframework/spring-core/5.3.27/spring-core-5.3.27.jar:/home/runner/.m2/repository/org/springframework/spring-tx/5.3.27/spring-tx-5.3.27.jar:/home/runner/work/ozone/ozone/hadoop-ozone/client/target/classes:/home/runner/work/ozone/ozone/hadoop-hdds/erasurecode/target/classes:/home/runner/work/ozone/ozone/hadoop-ozone/ozonefs/target/classes:/home/runner/work/ozone/ozone/hadoop-ozone/ozonefs-common/target/classes:/home/runner/work/ozone/ozone/hadoop-ozone/tools/target/classes:/home/runner/.m2/repository/com/amazonaws/aws-java-sdk-core/1.12.661/aws-java-sdk-core-1.12.661.jar:/home/runner/.m2/repository/org/apache/httpcomponents/httpclient/4.5.14/httpclient-4.5.14.jar:/home/runner/.m2/repository/org/apache/httpcomponents/httpcore/4.4.16/httpcore-4.4.16.jar:/home/runner/.m2/repository/com/fasterxml/jackson/dataformat/jackson-dataformat-cbor/2.16.1/jackson-dataformat-cbor-2.16.1.jar:/home/runner/.m2/repository/joda-time/joda-time/2.12.7/joda-time-2.12.7.jar:/home/runner/.m2/repository/com/amazonaws/aws-java-sdk-s3/1.12.661/aws-java-sdk-s3-1.12.661.jar:/home/runner/.m2/repository/com/amazonaws/aws-java-sdk-kms/1.12.661/aws-java-sdk-kms-1.12.661.jar:/home/runner/.m2/repository/com/amazonaws/jmespath-java/1.12.661/jmespath-java-1.12.661.jar:/home/runner/.m2/repository/org/kohsuke/metainf-services/metainf-services/1.11/metainf-services-1.11.jar:/home/runner/work/ozone/ozone/hadoop-hdds/tools/target/classes:/home/runner/.m2/repository/org/apache/ratis/ratis-tools/3.0.1/ratis-tools-3.0.1.jar:/home/runner/.m2/repository/commons-cli/commons-cli/1.6.0/commons-cli-1.6.0.jar:/home/runner/.m2/repository/org/apache/commons/commons-lang3/3.14.0/commons-lang3-3.14.0.jar:/home/runner/work/ozone/ozone/hadoop-ozone/ozone-manager/target/test-classes:/home/runner/work/ozone/ozone/hadoop-hdds/common/target/test-classes:/home/runner/work/ozone/ozone/hadoop-hdds/hadoop-dependency-client/target/classes:/home/runner/.m2/repository/info/picocli/picocli/4.7.5/picocli-4.7.5.jar:/home/runner/.m2/repository/com/fasterxml/jackson/core/jackson-annotations/2.16.1/jackson-annotations-2.16.1.jar:/home/runner/work/ozone/ozone/hadoop-hdds/annotations/target/classes:/home/runner/.m2/repository/javax/annotation/javax.annotation-api/1.3.2/javax.annotation-api-1.3.2.jar:/home/runner/.m2/repository/org/apache/ratis/ratis-netty/3.0.1/ratis-netty-3.0.1.jar:/home/runner/.m2/repository/org/apache/ratis/ratis-grpc/3.0.1/ratis-grpc-3.0.1.jar:/home/runner/.m2/repository/org/bouncycastle/bcpkix-jdk18on/1.77/bcpkix-jdk18on-1.77.jar:/home/runner/.m2/repository/org/bouncycastle/bcutil-jdk18on/1.77/bcutil-jdk18on-1.77.jar:/home/runner/.m2/repository/commons-validator/commons-validator/1.6/commons-validator-1.6.jar:/home/runner/.m2/repository/commons-beanutils/commons-beanutils/1.9.4/commons-beanutils-1.9.4.jar:/home/runner/.m2/repository/commons-digester/commons-digester/1.8.1/commons-digester-1.8.1.jar:/home/runner/.m2/repository/commons-collections/commons-collections/3.2.2/commons-collections-3.2.2.jar:/home/runner/.m2/repository/io/jaegertracing/jaeger-client/1.8.1/jaeger-client-1.8.1.jar:/home/runner/.m2/repository/io/jaegertracing/jaeger-thrift/1.8.1/jaeger-thrift-1.8.1.jar:/home/runner/.m2/repository/org/apache/thrift/libthrift/0.15.0/libthrift-0.15.0.jar:/home/runner/.m2/repository/io/jaegertracing/jaeger-core/1.8.1/jaeger-core-1.8.1.jar:/home/runner/.m2/repository/io/jaegertracing/jaeger-tracerresolver/1.8.1/jaeger-tracerresolver-1.8.1.jar:/home/runner/.m2/repository/io/opentracing/contrib/opentracing-tracerresolver/0.1.8/opentracing-tracerresolver-0.1.8.jar:/home/runner/.m2/repository/org/jetbrains/kotlin/kotlin-stdlib/1.9.22/kotlin-stdlib-1.9.22.jar:/home/runner/.m2/repository/org/jetbrains/annotations/13.0/annotations-13.0.jar:/home/runner/.m2/repository/io/opentracing/opentracing-util/0.33.0/opentracing-util-0.33.0.jar:/home/runner/.m2/repository/io/opentracing/opentracing-api/0.33.0/opentracing-api-0.33.0.jar:/home/runner/.m2/repository/io/opentracing/opentracing-noop/0.33.0/opentracing-noop-0.33.0.jar:/home/runner/.m2/repository/org/yaml/snakeyaml/2.0/snakeyaml-2.0.jar:/home/runner/.m2/repository/io/grpc/grpc-api/1.58.0/grpc-api-1.58.0.jar:/home/runner/.m2/repository/org/junit/platform/junit-platform-launcher/1.10.2/junit-platform-launcher-1.10.2.jar:/home/runner/.m2/repository/org/junit/platform/junit-platform-engine/1.10.2/junit-platform-engine-1.10.2.jar:/home/runner/.m2/repository/org/apiguardian/apiguardian-api/1.1.2/apiguardian-api-1.1.2.jar:/home/runner/.m2/repository/org/apache/hadoop/hadoop-kms/3.3.6/hadoop-kms-3.3.6.jar:/home/runner/.m2/repository/org/apache/hadoop/hadoop-auth/3.3.6/hadoop-auth-3.3.6.jar:/home/runner/.m2/repository/org/apache/zookeeper/zookeeper/3.8.4/zookeeper-3.8.4.jar:/home/runner/.m2/repository/org/apache/zookeeper/zookeeper-jute/3.8.4/zookeeper-jute-3.8.4.jar:/home/runner/.m2/repository/org/apache/yetus/audience-annotations/0.12.0/audience-annotations-0.12.0.jar:/home/runner/.m2/repository/org/apache/curator/curator-framework/4.2.0/curator-framework-4.2.0.jar:/home/runner/.m2/repository/org/apache/hadoop/thirdparty/hadoop-shaded-guava/1.2.0/hadoop-shaded-guava-1.2.0.jar:/home/runner/.m2/repository/com/sun/jersey/jersey-core/1.19.4/jersey-core-1.19.4.jar:/home/runner/.m2/repository/javax/ws/rs/jsr311-api/1.1.1/jsr311-api-1.1.1.jar:/home/runner/.m2/repository/com/sun/jersey/jersey-server/1.19.4/jersey-server-1.19.4.jar:/home/runner/.m2/repository/javax/servlet/javax.servlet-api/3.1.0/javax.servlet-api-3.1.0.jar:/home/runner/.m2/repository/org/apache/hadoop/hadoop-common/3.3.6/hadoop-common-3.3.6.jar:/home/runner/.m2/repository/org/apache/commons/commons-math3/3.6.1/commons-math3-3.6.1.jar:/home/runner/.m2/repository/commons-net/commons-net/3.10.0/commons-net-3.10.0.jar:/home/runner/.m2/repository/com/sun/jersey/jersey-servlet/1.19.4/jersey-servlet-1.19.4.jar:/home/runner/.m2/repository/com/github/pjfanning/jersey-json/1.20/jersey-json-1.20.jar:/home/runner/.m2/repository/org/codehaus/jettison/jettison/1.1/jettison-1.1.jar:/home/runner/.m2/repository/com/sun/xml/bind/jaxb-impl/2.2.3-1/jaxb-impl-2.2.3-1.jar:/home/runner/.m2/repository/com/google/re2j/re2j/1.7/re2j-1.7.jar:/home/runner/.m2/repository/com/jcraft/jsch/0.1.55/jsch-0.1.55.jar:/home/runner/.m2/repository/org/apache/curator/curator-client/4.2.0/curator-client-4.2.0.jar:/home/runner/.m2/repository/org/apache/curator/curator-recipes/5.2.0/curator-recipes-5.2.0.jar:/home/runner/.m2/repository/com/google/code/findbugs/jsr305/3.0.2/jsr305-3.0.2.jar:/home/runner/.m2/repository/org/apache/kerby/kerb-core/1.0.1/kerb-core-1.0.1.jar:/home/runner/.m2/repository/org/apache/kerby/kerby-pkix/1.0.1/kerby-pkix-1.0.1.jar:/home/runner/.m2/repository/org/apache/kerby/kerby-asn1/1.0.1/kerby-asn1-1.0.1.jar:/home/runner/.m2/repository/org/apache/kerby/kerby-util/1.0.1/kerby-util-1.0.1.jar:/home/runner/.m2/repository/dnsjava/dnsjava/2.1.7/dnsjava-2.1.7.jar:/home/runner/.m2/repository/com/fasterxml/jackson/core/jackson-databind/2.16.1/jackson-databind-2.16.1.jar:/home/runner/.m2/repository/org/apache/hadoop/hadoop-kms/3.3.6/hadoop-kms-3.3.6-tests.jar:/home/runner/work/ozone/ozone/hadoop-hdds/server-scm/target/test-classes:/home/runner/work/ozone/ozone/hadoop-hdds/container-service/target/test-classes:/home/runner/.m2/repository/com/github/luben/zstd-jni/1.5.6-2/zstd-jni-1.5.6-2.jar:/home/runner/.m2/repository/commons-codec/commons-codec/1.15/commons-codec-1.15.jar:/home/runner/.m2/repository/io/netty/netty-codec/4.1.100.Final/netty-codec-4.1.100.Final.jar:/home/runner/.m2/repository/io/netty/netty-handler/4.1.100.Final/netty-handler-4.1.100.Final.jar:/home/runner/work/ozone/ozone/hadoop-hdds/hadoop-dependency-test/target/classes:/home/runner/.m2/repository/org/apache/hadoop/hadoop-common/3.3.6/hadoop-common-3.3.6-tests.jar:/home/runner/.m2/repository/org/apache/hadoop/hadoop-hdfs/3.3.6/hadoop-hdfs-3.3.6-tests.jar:/home/runner/.m2/repository/org/junit/jupiter/junit-jupiter-engine/5.10.2/junit-jupiter-engine-5.10.2.jar:/home/runner/.m2/repository/org/junit/jupiter/junit-jupiter-params/5.10.2/junit-jupiter-params-5.10.2.jar:/home/runner/.m2/repository/org/mockito/mockito-core/4.11.0/mockito-core-4.11.0.jar:/home/runner/.m2/repository/net/bytebuddy/byte-buddy/1.12.19/byte-buddy-1.12.19.jar:/home/runner/.m2/repository/net/bytebuddy/byte-buddy-agent/1.12.19/byte-buddy-agent-1.12.19.jar:/home/runner/.m2/repository/org/objenesis/objenesis/3.3/objenesis-3.3.jar:/home/runner/.m2/repository/org/mockito/mockito-junit-jupiter/4.11.0/mockito-junit-jupiter-4.11.0.jar:/home/runner/.m2/repository/org/apache/hadoop/hadoop-distcp/3.3.6/hadoop-distcp-3.3.6.jar:/home/runner/.m2/repository/org/apache/hadoop/hadoop-mapreduce-client-jobclient/3.3.6/hadoop-mapreduce-client-jobclient-3.3.6.jar:/home/runner/.m2/repository/org/apache/hadoop/hadoop-mapreduce-client-common/3.3.6/hadoop-mapreduce-client-common-3.3.6.jar:/home/runner/.m2/repository/org/apache/hadoop/hadoop-yarn-common/3.3.6/hadoop-yarn-common-3.3.6.jar:/home/runner/.m2/repository/org/apache/hadoop/hadoop-yarn-api/3.3.6/hadoop-yarn-api-3.3.6.jar:/home/runner/.m2/repository/javax/xml/bind/jaxb-api/2.2.11/jaxb-api-2.2.11.jar:/home/runner/.m2/repository/com/sun/jersey/contribs/jersey-guice/1.19.4/jersey-guice-1.19.4.jar:/home/runner/.m2/repository/com/fasterxml/jackson/jaxrs/jackson-jaxrs-json-provider/2.16.1/jackson-jaxrs-json-provider-2.16.1.jar:/home/runner/.m2/repository/com/fasterxml/jackson/jaxrs/jackson-jaxrs-base/2.16.1/jackson-jaxrs-base-2.16.1.jar:/home/runner/.m2/repository/org/apache/hadoop/hadoop-yarn-client/3.3.6/hadoop-yarn-client-3.3.6.jar:/home/runner/.m2/repository/org/eclipse/jetty/websocket/websocket-client/9.4.51.v20230217/websocket-client-9.4.51.v20230217.jar:/home/runner/.m2/repository/org/eclipse/jetty/websocket/websocket-common/9.4.51.v20230217/websocket-common-9.4.51.v20230217.jar:/home/runner/.m2/repository/org/eclipse/jetty/websocket/websocket-api/9.4.51.v20230217/websocket-api-9.4.51.v20230217.jar:/home/runner/.m2/repository/org/jline/jline/3.9.0/jline-3.9.0.jar:/home/runner/.m2/repository/org/apache/hadoop/hadoop-mapreduce-client-core/3.3.6/hadoop-mapreduce-client-core-3.3.6.jar:/home/runner/.m2/repository/org/apache/avro/avro/1.7.7/avro-1.7.7.jar:/home/runner/.m2/repository/com/thoughtworks/paranamer/paranamer/2.3/paranamer-2.3.jar:/home/runner/.m2/repository/org/apache/hadoop/hadoop-annotations/3.3.6/hadoop-annotations-3.3.6.jar:/usr/lib/jvm/temurin-8-jdk-amd64/jre/../lib/tools.jar:/home/runner/.m2/repository/io/netty/netty/3.10.6.Final/netty-3.10.6.Final.jar:/home/runner/.m2/repository/org/apache/hadoop/hadoop-distcp/3.3.6/hadoop-distcp-3.3.6-tests.jar:/home/runner/.m2/repository/org/hamcrest/hamcrest/2.2/hamcrest-2.2.jar:/home/runner/.m2/repository/org/slf4j/jul-to-slf4j/2.0.12/jul-to-slf4j-2.0.12.jar:/home/runner/work/ozone/ozone/hadoop-ozone/integration-test/target/gradle-enterprise/test-listeners.jar:"/>
    <property name="java.vm.vendor" value="Temurin"/>
    <property name="sun.arch.data.model" value="64"/>
    <property name="test.build.dir" value="/home/runner/work/ozone/ozone/hadoop-ozone/integration-test/target/test-dir"/>
    <property name="test.cache.data" value=""/>
    <property name="java.vendor.url" value="https://adoptium.net/"/>
    <property name="user.timezone" value="Etc/UTC"/>
    <property name="maven-surefire-plugin.argLineAccessArgs" value=""/>
    <property name="os.name" value="Linux"/>
    <property name="java.vm.specification.version" value="1.8"/>
    <property name="test.build.data" value="/home/runner/work/ozone/ozone/hadoop-ozone/integration-test/target/test-dir"/>
    <property name="sun.java.launcher" value="SUN_STANDARD"/>
    <property name="sun.boot.library.path" value="/usr/lib/jvm/temurin-8-jdk-amd64/jre/lib/amd64"/>
    <property name="sun.java.command" value="/home/runner/work/ozone/ozone/hadoop-ozone/integration-test/target/surefire/surefirebooter2823088163883143965.jar /home/runner/work/ozone/ozone/hadoop-ozone/integration-test/target/surefire 2024-04-21T06-53-21_193-jvmRun1 surefire1123670658861737520tmp surefire_292451184978307310167tmp"/>
    <property name="native.lib.tmp.dir" value="/tmp"/>
    <property name="surefire.test.class.path" value="/home/runner/work/ozone/ozone/hadoop-ozone/integration-test/target/test-classes:/home/runner/work/ozone/ozone/hadoop-ozone/integration-test/target/classes:/home/runner/work/ozone/ozone/hadoop-ozone/common/target/classes:/home/runner/.m2/repository/io/grpc/grpc-netty/1.58.0/grpc-netty-1.58.0.jar:/home/runner/.m2/repository/io/grpc/grpc-core/1.58.0/grpc-core-1.58.0.jar:/home/runner/.m2/repository/com/google/android/annotations/4.1.1.4/annotations-4.1.1.4.jar:/home/runner/.m2/repository/org/codehaus/mojo/animal-sniffer-annotations/1.23/animal-sniffer-annotations-1.23.jar:/home/runner/.m2/repository/io/grpc/grpc-context/1.58.0/grpc-context-1.58.0.jar:/home/runner/.m2/repository/io/grpc/grpc-util/1.58.0/grpc-util-1.58.0.jar:/home/runner/.m2/repository/com/google/errorprone/error_prone_annotations/2.2.0/error_prone_annotations-2.2.0.jar:/home/runner/.m2/repository/io/perfmark/perfmark-api/0.26.0/perfmark-api-0.26.0.jar:/home/runner/.m2/repository/io/netty/netty-codec-http2/4.1.100.Final/netty-codec-http2-4.1.100.Final.jar:/home/runner/.m2/repository/io/netty/netty-common/4.1.100.Final/netty-common-4.1.100.Final.jar:/home/runner/.m2/repository/io/netty/netty-buffer/4.1.100.Final/netty-buffer-4.1.100.Final.jar:/home/runner/.m2/repository/io/netty/netty-codec-http/4.1.100.Final/netty-codec-http-4.1.100.Final.jar:/home/runner/.m2/repository/io/netty/netty-handler-proxy/4.1.100.Final/netty-handler-proxy-4.1.100.Final.jar:/home/runner/.m2/repository/io/netty/netty-codec-socks/4.1.100.Final/netty-codec-socks-4.1.100.Final.jar:/home/runner/.m2/repository/io/netty/netty-tcnative-boringssl-static/2.0.61.Final/netty-tcnative-boringssl-static-2.0.61.Final.jar:/home/runner/.m2/repository/io/netty/netty-tcnative-classes/2.0.61.Final/netty-tcnative-classes-2.0.61.Final.jar:/home/runner/.m2/repository/io/netty/netty-tcnative-boringssl-static/2.0.61.Final/netty-tcnative-boringssl-static-2.0.61.Final-linux-x86_64.jar:/home/runner/.m2/repository/io/netty/netty-tcnative-boringssl-static/2.0.61.Final/netty-tcnative-boringssl-static-2.0.61.Final-linux-aarch_64.jar:/home/runner/.m2/repository/io/netty/netty-tcnative-boringssl-static/2.0.61.Final/netty-tcnative-boringssl-static-2.0.61.Final-osx-x86_64.jar:/home/runner/.m2/repository/io/netty/netty-tcnative-boringssl-static/2.0.61.Final/netty-tcnative-boringssl-static-2.0.61.Final-osx-aarch_64.jar:/home/runner/.m2/repository/io/netty/netty-tcnative-boringssl-static/2.0.61.Final/netty-tcnative-boringssl-static-2.0.61.Final-windows-x86_64.jar:/home/runner/.m2/repository/org/apache/commons/commons-compress/1.26.0/commons-compress-1.26.0.jar:/home/runner/work/ozone/ozone/hadoop-hdds/common/target/classes:/home/runner/work/ozone/ozone/hadoop-hdds/client/target/classes:/home/runner/work/ozone/ozone/hadoop-ozone/interface-client/target/classes:/home/runner/.m2/repository/org/apache/hadoop/hadoop-hdfs-client/3.3.6/hadoop-hdfs-client-3.3.6.jar:/home/runner/.m2/repository/com/squareup/okhttp3/okhttp/4.12.0/okhttp-4.12.0.jar:/home/runner/.m2/repository/com/squareup/okio/okio/3.6.0/okio-3.6.0.jar:/home/runner/.m2/repository/com/squareup/okio/okio-jvm/3.6.0/okio-jvm-3.6.0.jar:/home/runner/.m2/repository/org/jetbrains/kotlin/kotlin-stdlib-jdk8/1.9.22/kotlin-stdlib-jdk8-1.9.22.jar:/home/runner/.m2/repository/org/jetbrains/kotlin/kotlin-stdlib-jdk7/1.9.22/kotlin-stdlib-jdk7-1.9.22.jar:/home/runner/.m2/repository/org/jetbrains/kotlin/kotlin-stdlib-common/1.9.22/kotlin-stdlib-common-1.9.22.jar:/home/runner/work/ozone/ozone/hadoop-hdds/test-utils/target/classes:/home/runner/.m2/repository/org/assertj/assertj-core/3.12.2/assertj-core-3.12.2.jar:/home/runner/.m2/repository/com/google/guava/guava/32.0.0-jre/guava-32.0.0-jre.jar:/home/runner/.m2/repository/com/google/guava/failureaccess/1.0.1/failureaccess-1.0.1.jar:/home/runner/.m2/repository/com/google/guava/listenablefuture/9999.0-empty-to-avoid-conflict-with-guava/listenablefuture-9999.0-empty-to-avoid-conflict-with-guava.jar:/home/runner/.m2/repository/org/checkerframework/checker-qual/3.33.0/checker-qual-3.33.0.jar:/home/runner/.m2/repository/com/google/j2objc/j2objc-annotations/2.8/j2objc-annotations-2.8.jar:/home/runner/.m2/repository/commons-io/commons-io/2.16.1/commons-io-2.16.1.jar:/home/runner/.m2/repository/commons-logging/commons-logging/1.2/commons-logging-1.2.jar:/home/runner/.m2/repository/org/junit/jupiter/junit-jupiter-api/5.10.2/junit-jupiter-api-5.10.2.jar:/home/runner/.m2/repository/org/opentest4j/opentest4j/1.3.0/opentest4j-1.3.0.jar:/home/runner/.m2/repository/org/junit/platform/junit-platform-commons/1.10.2/junit-platform-commons-1.10.2.jar:/home/runner/.m2/repository/ch/qos/reload4j/reload4j/1.2.25/reload4j-1.2.25.jar:/home/runner/.m2/repository/jakarta/annotation/jakarta.annotation-api/2.1.1/jakarta.annotation-api-2.1.1.jar:/home/runner/.m2/repository/org/slf4j/slf4j-api/2.0.12/slf4j-api-2.0.12.jar:/home/runner/.m2/repository/org/apache/logging/log4j/log4j-api/2.17.1/log4j-api-2.17.1.jar:/home/runner/work/ozone/ozone/hadoop-hdds/server-scm/target/classes:/home/runner/.m2/repository/com/google/protobuf/protobuf-java/2.5.0/protobuf-java-2.5.0.jar:/home/runner/work/ozone/ozone/hadoop-hdds/container-service/target/classes:/home/runner/work/ozone/ozone/hadoop-hdds/hadoop-dependency-server/target/classes:/home/runner/.m2/repository/com/nimbusds/nimbus-jose-jwt/9.37.2/nimbus-jose-jwt-9.37.2.jar:/home/runner/.m2/repository/com/github/stephenc/jcip/jcip-annotations/1.0-1/jcip-annotations-1.0-1.jar:/home/runner/.m2/repository/org/apache/hadoop/hadoop-hdfs/3.3.6/hadoop-hdfs-3.3.6.jar:/home/runner/.m2/repository/commons-daemon/commons-daemon/1.3.4/commons-daemon-1.3.4.jar:/home/runner/.m2/repository/org/xerial/snappy/snappy-java/1.1.10.5/snappy-java-1.1.10.5.jar:/home/runner/work/ozone/ozone/hadoop-hdds/framework/target/classes:/home/runner/.m2/repository/org/bouncycastle/bcprov-jdk18on/1.77/bcprov-jdk18on-1.77.jar:/home/runner/.m2/repository/io/dropwizard/metrics/metrics-core/3.2.4/metrics-core-3.2.4.jar:/home/runner/.m2/repository/org/apache/commons/commons-text/1.11.0/commons-text-1.11.0.jar:/home/runner/work/ozone/ozone/hadoop-hdds/framework/target/test-classes:/home/runner/work/ozone/ozone/hadoop-hdds/interface-server/target/classes:/home/runner/work/ozone/ozone/hadoop-hdds/interface-admin/target/classes:/home/runner/work/ozone/ozone/hadoop-hdds/managed-rocksdb/target/classes:/home/runner/.m2/repository/org/rocksdb/rocksdbjni/7.7.3/rocksdbjni-7.7.3.jar:/home/runner/.m2/repository/org/slf4j/slf4j-reload4j/2.0.12/slf4j-reload4j-2.0.12.jar:/home/runner/.m2/repository/org/apache/commons/commons-configuration2/2.10.1/commons-configuration2-2.10.1.jar:/home/runner/.m2/repository/commons-fileupload/commons-fileupload/1.5/commons-fileupload-1.5.jar:/home/runner/.m2/repository/org/apache/logging/log4j/log4j-core/2.17.1/log4j-core-2.17.1.jar:/home/runner/.m2/repository/com/lmax/disruptor/3.4.4/disruptor-3.4.4.jar:/home/runner/.m2/repository/org/eclipse/jetty/jetty-util/9.4.53.v20231009/jetty-util-9.4.53.v20231009.jar:/home/runner/.m2/repository/org/eclipse/jetty/jetty-server/9.4.53.v20231009/jetty-server-9.4.53.v20231009.jar:/home/runner/.m2/repository/org/eclipse/jetty/jetty-http/9.4.53.v20231009/jetty-http-9.4.53.v20231009.jar:/home/runner/.m2/repository/org/eclipse/jetty/jetty-io/9.4.53.v20231009/jetty-io-9.4.53.v20231009.jar:/home/runner/.m2/repository/org/eclipse/jetty/jetty-servlet/9.4.53.v20231009/jetty-servlet-9.4.53.v20231009.jar:/home/runner/.m2/repository/org/eclipse/jetty/jetty-security/9.4.53.v20231009/jetty-security-9.4.53.v20231009.jar:/home/runner/.m2/repository/org/eclipse/jetty/jetty-util-ajax/9.4.53.v20231009/jetty-util-ajax-9.4.53.v20231009.jar:/home/runner/.m2/repository/org/eclipse/jetty/jetty-webapp/9.4.53.v20231009/jetty-webapp-9.4.53.v20231009.jar:/home/runner/.m2/repository/org/eclipse/jetty/jetty-xml/9.4.53.v20231009/jetty-xml-9.4.53.v20231009.jar:/home/runner/.m2/repository/org/apache/ratis/ratis-server/3.0.1/ratis-server-3.0.1.jar:/home/runner/.m2/repository/org/apache/ratis/ratis-thirdparty-misc/1.0.5/ratis-thirdparty-misc-1.0.5.jar:/home/runner/.m2/repository/org/apache/ratis/ratis-proto/3.0.1/ratis-proto-3.0.1.jar:/home/runner/.m2/repository/org/apache/ratis/ratis-common/3.0.1/ratis-common-3.0.1.jar:/home/runner/.m2/repository/org/apache/ratis/ratis-client/3.0.1/ratis-client-3.0.1.jar:/home/runner/.m2/repository/org/apache/ratis/ratis-server-api/3.0.1/ratis-server-api-3.0.1.jar:/home/runner/.m2/repository/org/apache/ratis/ratis-metrics-api/3.0.1/ratis-metrics-api-3.0.1.jar:/home/runner/.m2/repository/org/apache/ratis/ratis-metrics-dropwizard3/3.0.1/ratis-metrics-dropwizard3-3.0.1.jar:/home/runner/.m2/repository/io/prometheus/simpleclient_dropwizard/0.16.0/simpleclient_dropwizard-0.16.0.jar:/home/runner/.m2/repository/io/prometheus/simpleclient/0.16.0/simpleclient-0.16.0.jar:/home/runner/.m2/repository/io/prometheus/simpleclient_common/0.16.0/simpleclient_common-0.16.0.jar:/home/runner/.m2/repository/com/fasterxml/jackson/datatype/jackson-datatype-jsr310/2.16.1/jackson-datatype-jsr310-2.16.1.jar:/home/runner/.m2/repository/com/fasterxml/jackson/core/jackson-core/2.16.1/jackson-core-2.16.1.jar:/home/runner/work/ozone/ozone/hadoop-hdds/rocksdb-checkpoint-differ/target/classes:/home/runner/.m2/repository/org/jgrapht/jgrapht-core/1.4.0/jgrapht-core-1.4.0.jar:/home/runner/.m2/repository/org/jheaps/jheaps/0.11/jheaps-0.11.jar:/home/runner/.m2/repository/org/jgrapht/jgrapht-ext/1.4.0/jgrapht-ext-1.4.0.jar:/home/runner/.m2/repository/com/github/vlsi/mxgraph/jgraphx/3.9.8.1/jgraphx-3.9.8.1.jar:/home/runner/work/ozone/ozone/hadoop-ozone/ozone-manager/target/classes:/home/runner/.m2/repository/org/aspectj/aspectjrt/1.9.7/aspectjrt-1.9.7.jar:/home/runner/.m2/repository/org/aspectj/aspectjweaver/1.9.7/aspectjweaver-1.9.7.jar:/home/runner/work/ozone/ozone/hadoop-hdds/interface-client/target/classes:/home/runner/.m2/repository/org/apache/hadoop/thirdparty/hadoop-shaded-protobuf_3_7/1.1.1/hadoop-shaded-protobuf_3_7-1.1.1.jar:/home/runner/work/ozone/ozone/hadoop-ozone/interface-storage/target/classes:/home/runner/.m2/repository/org/reflections/reflections/0.10.2/reflections-0.10.2.jar:/home/runner/.m2/repository/com/sun/jersey/jersey-client/1.19.4/jersey-client-1.19.4.jar:/home/runner/.m2/repository/org/codehaus/jackson/jackson-core-asl/1.9.13/jackson-core-asl-1.9.13.jar:/home/runner/.m2/repository/org/codehaus/jackson/jackson-mapper-asl/1.9.13/jackson-mapper-asl-1.9.13.jar:/home/runner/.m2/repository/org/codehaus/jackson/jackson-jaxrs/1.9.13/jackson-jaxrs-1.9.13.jar:/home/runner/.m2/repository/org/apache/ranger/ranger-intg/2.3.0/ranger-intg-2.3.0.jar:/home/runner/.m2/repository/org/apache/ranger/ranger-plugins-common/2.3.0/ranger-plugins-common-2.3.0.jar:/home/runner/.m2/repository/commons-lang/commons-lang/2.6/commons-lang-2.6.jar:/home/runner/.m2/repository/org/apache/ranger/ranger-plugins-cred/2.3.0/ranger-plugins-cred-2.3.0.jar:/home/runner/.m2/repository/org/apache/ranger/ranger-plugins-audit/2.3.0/ranger-plugins-audit-2.3.0.jar:/home/runner/.m2/repository/org/eclipse/jetty/jetty-client/9.4.53.v20231009/jetty-client-9.4.53.v20231009.jar:/home/runner/.m2/repository/org/apache/httpcomponents/httpmime/4.5.6/httpmime-4.5.6.jar:/home/runner/.m2/repository/org/apache/httpcomponents/httpcore-nio/4.4.16/httpcore-nio-4.4.16.jar:/home/runner/.m2/repository/org/apache/httpcomponents/httpasyncclient/4.1.3/httpasyncclient-4.1.3.jar:/home/runner/.m2/repository/com/carrotsearch/hppc/0.8.0/hppc-0.8.0.jar:/home/runner/.m2/repository/org/apache/orc/orc-core/1.5.8/orc-core-1.5.8.jar:/home/runner/.m2/repository/net/java/dev/jna/jna/5.2.0/jna-5.2.0.jar:/home/runner/.m2/repository/net/java/dev/jna/jna-platform/5.2.0/jna-platform-5.2.0.jar:/home/runner/.m2/repository/com/kstruct/gethostname4j/0.0.2/gethostname4j-0.0.2.jar:/home/runner/.m2/repository/org/apache/ranger/ranger-plugin-classloader/2.3.0/ranger-plugin-classloader-2.3.0.jar:/home/runner/work/ozone/ozone/hadoop-hdds/rocks-native/target/classes:/home/runner/.m2/repository/org/apache/hadoop/hadoop-minikdc/3.3.6/hadoop-minikdc-3.3.6.jar:/home/runner/.m2/repository/org/apache/kerby/kerb-simplekdc/1.0.1/kerb-simplekdc-1.0.1.jar:/home/runner/.m2/repository/org/apache/kerby/kerb-client/1.0.1/kerb-client-1.0.1.jar:/home/runner/.m2/repository/org/apache/kerby/kerby-config/1.0.1/kerby-config-1.0.1.jar:/home/runner/.m2/repository/org/apache/kerby/kerb-common/1.0.1/kerb-common-1.0.1.jar:/home/runner/.m2/repository/org/apache/kerby/kerb-crypto/1.0.1/kerb-crypto-1.0.1.jar:/home/runner/.m2/repository/org/apache/kerby/kerb-util/1.0.1/kerb-util-1.0.1.jar:/home/runner/.m2/repository/org/apache/kerby/token-provider/1.0.1/token-provider-1.0.1.jar:/home/runner/.m2/repository/org/apache/kerby/kerb-admin/1.0.1/kerb-admin-1.0.1.jar:/home/runner/.m2/repository/org/apache/kerby/kerb-server/1.0.1/kerb-server-1.0.1.jar:/home/runner/.m2/repository/org/apache/kerby/kerb-identity/1.0.1/kerb-identity-1.0.1.jar:/home/runner/.m2/repository/org/apache/kerby/kerby-xdr/1.0.1/kerby-xdr-1.0.1.jar:/home/runner/.m2/repository/junit/junit/4.13.2/junit-4.13.2.jar:/home/runner/.m2/repository/org/hamcrest/hamcrest-core/1.3/hamcrest-core-1.3.jar:/home/runner/work/ozone/ozone/hadoop-ozone/s3gateway/target/classes:/home/runner/.m2/repository/org/javassist/javassist/3.30.2-GA/javassist-3.30.2-GA.jar:/home/runner/.m2/repository/org/jboss/weld/servlet/weld-servlet-shaded/3.1.9.Final/weld-servlet-shaded-3.1.9.Final.jar:/home/runner/.m2/repository/org/glassfish/jersey/containers/jersey-container-servlet-core/2.42/jersey-container-servlet-core-2.42.jar:/home/runner/.m2/repository/org/glassfish/hk2/external/jakarta.inject/2.6.1/jakarta.inject-2.6.1.jar:/home/runner/.m2/repository/org/glassfish/jersey/core/jersey-common/2.42/jersey-common-2.42.jar:/home/runner/.m2/repository/jakarta/ws/rs/jakarta.ws.rs-api/2.1.6/jakarta.ws.rs-api-2.1.6.jar:/home/runner/.m2/repository/org/glassfish/jersey/ext/cdi/jersey-cdi1x/2.42/jersey-cdi1x-2.42.jar:/home/runner/.m2/repository/org/glassfish/jersey/inject/jersey-hk2/2.42/jersey-hk2-2.42.jar:/home/runner/.m2/repository/org/glassfish/hk2/hk2-locator/2.6.1/hk2-locator-2.6.1.jar:/home/runner/.m2/repository/org/glassfish/jersey/media/jersey-media-jaxb/2.42/jersey-media-jaxb-2.42.jar:/home/runner/.m2/repository/org/glassfish/hk2/osgi-resource-locator/1.0.3/osgi-resource-locator-1.0.3.jar:/home/runner/.m2/repository/org/glassfish/hk2/hk2-api/2.6.1/hk2-api-2.6.1.jar:/home/runner/.m2/repository/org/glassfish/hk2/hk2-utils/2.6.1/hk2-utils-2.6.1.jar:/home/runner/.m2/repository/org/glassfish/hk2/external/aopalliance-repackaged/2.6.1/aopalliance-repackaged-2.6.1.jar:/home/runner/.m2/repository/com/fasterxml/jackson/dataformat/jackson-dataformat-xml/2.16.1/jackson-dataformat-xml-2.16.1.jar:/home/runner/.m2/repository/org/codehaus/woodstox/stax2-api/4.2.2/stax2-api-4.2.2.jar:/home/runner/.m2/repository/com/fasterxml/woodstox/woodstox-core/5.4.0/woodstox-core-5.4.0.jar:/home/runner/.m2/repository/com/fasterxml/jackson/module/jackson-module-jaxb-annotations/2.16.1/jackson-module-jaxb-annotations-2.16.1.jar:/home/runner/.m2/repository/javax/enterprise/cdi-api/2.0/cdi-api-2.0.jar:/home/runner/.m2/repository/javax/el/javax.el-api/3.0.0/javax.el-api-3.0.0.jar:/home/runner/.m2/repository/javax/interceptor/javax.interceptor-api/1.2/javax.interceptor-api-1.2.jar:/home/runner/.m2/repository/javax/inject/javax.inject/1/javax.inject-1.jar:/home/runner/.m2/repository/jakarta/xml/bind/jakarta.xml.bind-api/2.3.3/jakarta.xml.bind-api-2.3.3.jar:/home/runner/.m2/repository/org/glassfish/jaxb/jaxb-runtime/2.3.9/jaxb-runtime-2.3.9.jar:/home/runner/.m2/repository/org/glassfish/jaxb/txw2/2.3.9/txw2-2.3.9.jar:/home/runner/.m2/repository/com/sun/istack/istack-commons-runtime/3.0.12/istack-commons-runtime-3.0.12.jar:/home/runner/.m2/repository/com/sun/activation/jakarta.activation/1.2.2/jakarta.activation-1.2.2.jar:/home/runner/.m2/repository/jakarta/activation/jakarta.activation-api/1.2.2/jakarta.activation-api-1.2.2.jar:/home/runner/.m2/repository/io/grpc/grpc-protobuf/1.58.0/grpc-protobuf-1.58.0.jar:/home/runner/.m2/repository/com/google/api/grpc/proto-google-common-protos/2.22.0/proto-google-common-protos-2.22.0.jar:/home/runner/.m2/repository/io/grpc/grpc-protobuf-lite/1.58.0/grpc-protobuf-lite-1.58.0.jar:/home/runner/.m2/repository/io/grpc/grpc-stub/1.58.0/grpc-stub-1.58.0.jar:/home/runner/.m2/repository/io/netty/netty-transport/4.1.100.Final/netty-transport-4.1.100.Final.jar:/home/runner/.m2/repository/io/netty/netty-resolver/4.1.100.Final/netty-resolver-4.1.100.Final.jar:/home/runner/work/ozone/ozone/hadoop-ozone/csi/target/classes:/home/runner/.m2/repository/com/google/protobuf/protobuf-java-util/3.19.6/protobuf-java-util-3.19.6.jar:/home/runner/.m2/repository/com/google/code/gson/gson/2.10.1/gson-2.10.1.jar:/home/runner/work/ozone/ozone/hadoop-hdds/config/target/classes:/home/runner/.m2/repository/io/netty/netty-transport-native-epoll/4.1.100.Final/netty-transport-native-epoll-4.1.100.Final-linux-x86_64.jar:/home/runner/.m2/repository/io/netty/netty-transport-classes-epoll/4.1.100.Final/netty-transport-classes-epoll-4.1.100.Final.jar:/home/runner/.m2/repository/io/netty/netty-transport-native-unix-common/4.1.100.Final/netty-transport-native-unix-common-4.1.100.Final.jar:/home/runner/work/ozone/ozone/hadoop-ozone/recon/target/classes:/home/runner/work/ozone/ozone/hadoop-ozone/recon-codegen/target/classes:/home/runner/.m2/repository/com/google/inject/guice/6.0.0/guice-6.0.0.jar:/home/runner/.m2/repository/jakarta/inject/jakarta.inject-api/2.0.1/jakarta.inject-api-2.0.1.jar:/home/runner/.m2/repository/aopalliance/aopalliance/1.0/aopalliance-1.0.jar:/home/runner/.m2/repository/com/google/inject/extensions/guice-assistedinject/6.0.0/guice-assistedinject-6.0.0.jar:/home/runner/.m2/repository/com/google/inject/extensions/guice-servlet/6.0.0/guice-servlet-6.0.0.jar:/home/runner/.m2/repository/org/glassfish/jersey/containers/jersey-container-servlet/2.42/jersey-container-servlet-2.42.jar:/home/runner/.m2/repository/org/glassfish/hk2/guice-bridge/2.6.1/guice-bridge-2.6.1.jar:/home/runner/.m2/repository/org/glassfish/jersey/core/jersey-server/2.42/jersey-server-2.42.jar:/home/runner/.m2/repository/org/glassfish/jersey/core/jersey-client/2.42/jersey-client-2.42.jar:/home/runner/.m2/repository/jakarta/validation/jakarta.validation-api/2.0.2/jakarta.validation-api-2.0.2.jar:/home/runner/.m2/repository/org/glassfish/jersey/media/jersey-media-json-jackson/2.42/jersey-media-json-jackson-2.42.jar:/home/runner/.m2/repository/org/glassfish/jersey/ext/jersey-entity-filtering/2.42/jersey-entity-filtering-2.42.jar:/home/runner/.m2/repository/org/jooq/jooq/3.11.10/jooq-3.11.10.jar:/home/runner/.m2/repository/org/jooq/jooq-meta/3.11.10/jooq-meta-3.11.10.jar:/home/runner/.m2/repository/org/jooq/jooq-codegen/3.11.10/jooq-codegen-3.11.10.jar:/home/runner/.m2/repository/com/jolbox/bonecp/0.8.0.RELEASE/bonecp-0.8.0.RELEASE.jar:/home/runner/.m2/repository/org/apache/derby/derby/10.14.2.0/derby-10.14.2.0.jar:/home/runner/.m2/repository/org/xerial/sqlite-jdbc/3.44.1.0/sqlite-jdbc-3.44.1.0.jar:/home/runner/.m2/repository/org/springframework/spring-jdbc/5.3.27/spring-jdbc-5.3.27.jar:/home/runner/.m2/repository/org/springframework/spring-beans/5.3.27/spring-beans-5.3.27.jar:/home/runner/.m2/repository/org/springframework/spring-core/5.3.27/spring-core-5.3.27.jar:/home/runner/.m2/repository/org/springframework/spring-tx/5.3.27/spring-tx-5.3.27.jar:/home/runner/work/ozone/ozone/hadoop-ozone/client/target/classes:/home/runner/work/ozone/ozone/hadoop-hdds/erasurecode/target/classes:/home/runner/work/ozone/ozone/hadoop-ozone/ozonefs/target/classes:/home/runner/work/ozone/ozone/hadoop-ozone/ozonefs-common/target/classes:/home/runner/work/ozone/ozone/hadoop-ozone/tools/target/classes:/home/runner/.m2/repository/com/amazonaws/aws-java-sdk-core/1.12.661/aws-java-sdk-core-1.12.661.jar:/home/runner/.m2/repository/org/apache/httpcomponents/httpclient/4.5.14/httpclient-4.5.14.jar:/home/runner/.m2/repository/org/apache/httpcomponents/httpcore/4.4.16/httpcore-4.4.16.jar:/home/runner/.m2/repository/com/fasterxml/jackson/dataformat/jackson-dataformat-cbor/2.16.1/jackson-dataformat-cbor-2.16.1.jar:/home/runner/.m2/repository/joda-time/joda-time/2.12.7/joda-time-2.12.7.jar:/home/runner/.m2/repository/com/amazonaws/aws-java-sdk-s3/1.12.661/aws-java-sdk-s3-1.12.661.jar:/home/runner/.m2/repository/com/amazonaws/aws-java-sdk-kms/1.12.661/aws-java-sdk-kms-1.12.661.jar:/home/runner/.m2/repository/com/amazonaws/jmespath-java/1.12.661/jmespath-java-1.12.661.jar:/home/runner/.m2/repository/org/kohsuke/metainf-services/metainf-services/1.11/metainf-services-1.11.jar:/home/runner/work/ozone/ozone/hadoop-hdds/tools/target/classes:/home/runner/.m2/repository/org/apache/ratis/ratis-tools/3.0.1/ratis-tools-3.0.1.jar:/home/runner/.m2/repository/commons-cli/commons-cli/1.6.0/commons-cli-1.6.0.jar:/home/runner/.m2/repository/org/apache/commons/commons-lang3/3.14.0/commons-lang3-3.14.0.jar:/home/runner/work/ozone/ozone/hadoop-ozone/ozone-manager/target/test-classes:/home/runner/work/ozone/ozone/hadoop-hdds/common/target/test-classes:/home/runner/work/ozone/ozone/hadoop-hdds/hadoop-dependency-client/target/classes:/home/runner/.m2/repository/info/picocli/picocli/4.7.5/picocli-4.7.5.jar:/home/runner/.m2/repository/com/fasterxml/jackson/core/jackson-annotations/2.16.1/jackson-annotations-2.16.1.jar:/home/runner/work/ozone/ozone/hadoop-hdds/annotations/target/classes:/home/runner/.m2/repository/javax/annotation/javax.annotation-api/1.3.2/javax.annotation-api-1.3.2.jar:/home/runner/.m2/repository/org/apache/ratis/ratis-netty/3.0.1/ratis-netty-3.0.1.jar:/home/runner/.m2/repository/org/apache/ratis/ratis-grpc/3.0.1/ratis-grpc-3.0.1.jar:/home/runner/.m2/repository/org/bouncycastle/bcpkix-jdk18on/1.77/bcpkix-jdk18on-1.77.jar:/home/runner/.m2/repository/org/bouncycastle/bcutil-jdk18on/1.77/bcutil-jdk18on-1.77.jar:/home/runner/.m2/repository/commons-validator/commons-validator/1.6/commons-validator-1.6.jar:/home/runner/.m2/repository/commons-beanutils/commons-beanutils/1.9.4/commons-beanutils-1.9.4.jar:/home/runner/.m2/repository/commons-digester/commons-digester/1.8.1/commons-digester-1.8.1.jar:/home/runner/.m2/repository/commons-collections/commons-collections/3.2.2/commons-collections-3.2.2.jar:/home/runner/.m2/repository/io/jaegertracing/jaeger-client/1.8.1/jaeger-client-1.8.1.jar:/home/runner/.m2/repository/io/jaegertracing/jaeger-thrift/1.8.1/jaeger-thrift-1.8.1.jar:/home/runner/.m2/repository/org/apache/thrift/libthrift/0.15.0/libthrift-0.15.0.jar:/home/runner/.m2/repository/io/jaegertracing/jaeger-core/1.8.1/jaeger-core-1.8.1.jar:/home/runner/.m2/repository/io/jaegertracing/jaeger-tracerresolver/1.8.1/jaeger-tracerresolver-1.8.1.jar:/home/runner/.m2/repository/io/opentracing/contrib/opentracing-tracerresolver/0.1.8/opentracing-tracerresolver-0.1.8.jar:/home/runner/.m2/repository/org/jetbrains/kotlin/kotlin-stdlib/1.9.22/kotlin-stdlib-1.9.22.jar:/home/runner/.m2/repository/org/jetbrains/annotations/13.0/annotations-13.0.jar:/home/runner/.m2/repository/io/opentracing/opentracing-util/0.33.0/opentracing-util-0.33.0.jar:/home/runner/.m2/repository/io/opentracing/opentracing-api/0.33.0/opentracing-api-0.33.0.jar:/home/runner/.m2/repository/io/opentracing/opentracing-noop/0.33.0/opentracing-noop-0.33.0.jar:/home/runner/.m2/repository/org/yaml/snakeyaml/2.0/snakeyaml-2.0.jar:/home/runner/.m2/repository/io/grpc/grpc-api/1.58.0/grpc-api-1.58.0.jar:/home/runner/.m2/repository/org/junit/platform/junit-platform-launcher/1.10.2/junit-platform-launcher-1.10.2.jar:/home/runner/.m2/repository/org/junit/platform/junit-platform-engine/1.10.2/junit-platform-engine-1.10.2.jar:/home/runner/.m2/repository/org/apiguardian/apiguardian-api/1.1.2/apiguardian-api-1.1.2.jar:/home/runner/.m2/repository/org/apache/hadoop/hadoop-kms/3.3.6/hadoop-kms-3.3.6.jar:/home/runner/.m2/repository/org/apache/hadoop/hadoop-auth/3.3.6/hadoop-auth-3.3.6.jar:/home/runner/.m2/repository/org/apache/zookeeper/zookeeper/3.8.4/zookeeper-3.8.4.jar:/home/runner/.m2/repository/org/apache/zookeeper/zookeeper-jute/3.8.4/zookeeper-jute-3.8.4.jar:/home/runner/.m2/repository/org/apache/yetus/audience-annotations/0.12.0/audience-annotations-0.12.0.jar:/home/runner/.m2/repository/org/apache/curator/curator-framework/4.2.0/curator-framework-4.2.0.jar:/home/runner/.m2/repository/org/apache/hadoop/thirdparty/hadoop-shaded-guava/1.2.0/hadoop-shaded-guava-1.2.0.jar:/home/runner/.m2/repository/com/sun/jersey/jersey-core/1.19.4/jersey-core-1.19.4.jar:/home/runner/.m2/repository/javax/ws/rs/jsr311-api/1.1.1/jsr311-api-1.1.1.jar:/home/runner/.m2/repository/com/sun/jersey/jersey-server/1.19.4/jersey-server-1.19.4.jar:/home/runner/.m2/repository/javax/servlet/javax.servlet-api/3.1.0/javax.servlet-api-3.1.0.jar:/home/runner/.m2/repository/org/apache/hadoop/hadoop-common/3.3.6/hadoop-common-3.3.6.jar:/home/runner/.m2/repository/org/apache/commons/commons-math3/3.6.1/commons-math3-3.6.1.jar:/home/runner/.m2/repository/commons-net/commons-net/3.10.0/commons-net-3.10.0.jar:/home/runner/.m2/repository/com/sun/jersey/jersey-servlet/1.19.4/jersey-servlet-1.19.4.jar:/home/runner/.m2/repository/com/github/pjfanning/jersey-json/1.20/jersey-json-1.20.jar:/home/runner/.m2/repository/org/codehaus/jettison/jettison/1.1/jettison-1.1.jar:/home/runner/.m2/repository/com/sun/xml/bind/jaxb-impl/2.2.3-1/jaxb-impl-2.2.3-1.jar:/home/runner/.m2/repository/com/google/re2j/re2j/1.7/re2j-1.7.jar:/home/runner/.m2/repository/com/jcraft/jsch/0.1.55/jsch-0.1.55.jar:/home/runner/.m2/repository/org/apache/curator/curator-client/4.2.0/curator-client-4.2.0.jar:/home/runner/.m2/repository/org/apache/curator/curator-recipes/5.2.0/curator-recipes-5.2.0.jar:/home/runner/.m2/repository/com/google/code/findbugs/jsr305/3.0.2/jsr305-3.0.2.jar:/home/runner/.m2/repository/org/apache/kerby/kerb-core/1.0.1/kerb-core-1.0.1.jar:/home/runner/.m2/repository/org/apache/kerby/kerby-pkix/1.0.1/kerby-pkix-1.0.1.jar:/home/runner/.m2/repository/org/apache/kerby/kerby-asn1/1.0.1/kerby-asn1-1.0.1.jar:/home/runner/.m2/repository/org/apache/kerby/kerby-util/1.0.1/kerby-util-1.0.1.jar:/home/runner/.m2/repository/dnsjava/dnsjava/2.1.7/dnsjava-2.1.7.jar:/home/runner/.m2/repository/com/fasterxml/jackson/core/jackson-databind/2.16.1/jackson-databind-2.16.1.jar:/home/runner/.m2/repository/org/apache/hadoop/hadoop-kms/3.3.6/hadoop-kms-3.3.6-tests.jar:/home/runner/work/ozone/ozone/hadoop-hdds/server-scm/target/test-classes:/home/runner/work/ozone/ozone/hadoop-hdds/container-service/target/test-classes:/home/runner/.m2/repository/com/github/luben/zstd-jni/1.5.6-2/zstd-jni-1.5.6-2.jar:/home/runner/.m2/repository/commons-codec/commons-codec/1.15/commons-codec-1.15.jar:/home/runner/.m2/repository/io/netty/netty-codec/4.1.100.Final/netty-codec-4.1.100.Final.jar:/home/runner/.m2/repository/io/netty/netty-handler/4.1.100.Final/netty-handler-4.1.100.Final.jar:/home/runner/work/ozone/ozone/hadoop-hdds/hadoop-dependency-test/target/classes:/home/runner/.m2/repository/org/apache/hadoop/hadoop-common/3.3.6/hadoop-common-3.3.6-tests.jar:/home/runner/.m2/repository/org/apache/hadoop/hadoop-hdfs/3.3.6/hadoop-hdfs-3.3.6-tests.jar:/home/runner/.m2/repository/org/junit/jupiter/junit-jupiter-engine/5.10.2/junit-jupiter-engine-5.10.2.jar:/home/runner/.m2/repository/org/junit/jupiter/junit-jupiter-params/5.10.2/junit-jupiter-params-5.10.2.jar:/home/runner/.m2/repository/org/mockito/mockito-core/4.11.0/mockito-core-4.11.0.jar:/home/runner/.m2/repository/net/bytebuddy/byte-buddy/1.12.19/byte-buddy-1.12.19.jar:/home/runner/.m2/repository/net/bytebuddy/byte-buddy-agent/1.12.19/byte-buddy-agent-1.12.19.jar:/home/runner/.m2/repository/org/objenesis/objenesis/3.3/objenesis-3.3.jar:/home/runner/.m2/repository/org/mockito/mockito-junit-jupiter/4.11.0/mockito-junit-jupiter-4.11.0.jar:/home/runner/.m2/repository/org/apache/hadoop/hadoop-distcp/3.3.6/hadoop-distcp-3.3.6.jar:/home/runner/.m2/repository/org/apache/hadoop/hadoop-mapreduce-client-jobclient/3.3.6/hadoop-mapreduce-client-jobclient-3.3.6.jar:/home/runner/.m2/repository/org/apache/hadoop/hadoop-mapreduce-client-common/3.3.6/hadoop-mapreduce-client-common-3.3.6.jar:/home/runner/.m2/repository/org/apache/hadoop/hadoop-yarn-common/3.3.6/hadoop-yarn-common-3.3.6.jar:/home/runner/.m2/repository/org/apache/hadoop/hadoop-yarn-api/3.3.6/hadoop-yarn-api-3.3.6.jar:/home/runner/.m2/repository/javax/xml/bind/jaxb-api/2.2.11/jaxb-api-2.2.11.jar:/home/runner/.m2/repository/com/sun/jersey/contribs/jersey-guice/1.19.4/jersey-guice-1.19.4.jar:/home/runner/.m2/repository/com/fasterxml/jackson/jaxrs/jackson-jaxrs-json-provider/2.16.1/jackson-jaxrs-json-provider-2.16.1.jar:/home/runner/.m2/repository/com/fasterxml/jackson/jaxrs/jackson-jaxrs-base/2.16.1/jackson-jaxrs-base-2.16.1.jar:/home/runner/.m2/repository/org/apache/hadoop/hadoop-yarn-client/3.3.6/hadoop-yarn-client-3.3.6.jar:/home/runner/.m2/repository/org/eclipse/jetty/websocket/websocket-client/9.4.51.v20230217/websocket-client-9.4.51.v20230217.jar:/home/runner/.m2/repository/org/eclipse/jetty/websocket/websocket-common/9.4.51.v20230217/websocket-common-9.4.51.v20230217.jar:/home/runner/.m2/repository/org/eclipse/jetty/websocket/websocket-api/9.4.51.v20230217/websocket-api-9.4.51.v20230217.jar:/home/runner/.m2/repository/org/jline/jline/3.9.0/jline-3.9.0.jar:/home/runner/.m2/repository/org/apache/hadoop/hadoop-mapreduce-client-core/3.3.6/hadoop-mapreduce-client-core-3.3.6.jar:/home/runner/.m2/repository/org/apache/avro/avro/1.7.7/avro-1.7.7.jar:/home/runner/.m2/repository/com/thoughtworks/paranamer/paranamer/2.3/paranamer-2.3.jar:/home/runner/.m2/repository/org/apache/hadoop/hadoop-annotations/3.3.6/hadoop-annotations-3.3.6.jar:/usr/lib/jvm/temurin-8-jdk-amd64/jre/../lib/tools.jar:/home/runner/.m2/repository/io/netty/netty/3.10.6.Final/netty-3.10.6.Final.jar:/home/runner/.m2/repository/org/apache/hadoop/hadoop-distcp/3.3.6/hadoop-distcp-3.3.6-tests.jar:/home/runner/.m2/repository/org/hamcrest/hamcrest/2.2/hamcrest-2.2.jar:/home/runner/.m2/repository/org/slf4j/jul-to-slf4j/2.0.12/jul-to-slf4j-2.0.12.jar:/home/runner/work/ozone/ozone/hadoop-ozone/integration-test/target/gradle-enterprise/test-listeners.jar:"/>
    <property name="sun.cpu.endian" value="little"/>
    <property name="user.home" value="/home/runner"/>
    <property name="user.language" value="en"/>
    <property name="java.specification.vendor" value="Oracle Corporation"/>
    <property name="java.home" value="/usr/lib/jvm/temurin-8-jdk-amd64/jre"/>
    <property name="java.security.krb5.conf" value="/home/runner/work/ozone/ozone/hadoop-ozone/integration-test/target/test-classes/krb5.conf"/>
    <property name="file.separator" value="/"/>
    <property name="basedir" value="/home/runner/work/ozone/ozone/hadoop-ozone/integration-test"/>
    <property name="line.separator" value="&#10;"/>
    <property name="java.vm.specification.vendor" value="Oracle Corporation"/>
    <property name="java.specification.name" value="Java Platform API Specification"/>
    <property name="skip.installnpx" value="true"/>
    <property name="java.awt.graphicsenv" value="sun.awt.X11GraphicsEnvironment"/>
    <property name="surefire.real.class.path" value="/home/runner/work/ozone/ozone/hadoop-ozone/integration-test/target/surefire/surefirebooter2823088163883143965.jar:/home/runner/.m2/repository/org/jacoco/org.jacoco.agent/0.8.12/org.jacoco.agent-0.8.12-runtime.jar"/>
    <property name="sun.boot.class.path" value="/usr/lib/jvm/temurin-8-jdk-amd64/jre/lib/resources.jar:/usr/lib/jvm/temurin-8-jdk-amd64/jre/lib/rt.jar:/usr/lib/jvm/temurin-8-jdk-amd64/jre/lib/sunrsasign.jar:/usr/lib/jvm/temurin-8-jdk-amd64/jre/lib/jsse.jar:/usr/lib/jvm/temurin-8-jdk-amd64/jre/lib/jce.jar:/usr/lib/jvm/temurin-8-jdk-amd64/jre/lib/charsets.jar:/usr/lib/jvm/temurin-8-jdk-amd64/jre/lib/jfr.jar:/usr/lib/jvm/temurin-8-jdk-amd64/jre/classes"/>
    <property name="hadoop.log.dir" value="/home/runner/work/ozone/ozone/hadoop-ozone/integration-test/target/log"/>
    <property name="sun.management.compiler" value="HotSpot 64-Bit Tiered Compilers"/>
    <property name="java.runtime.version" value="1.8.0_402-b06"/>
    <property name="skip.npx" value="true"/>
    <property name="user.name" value="runner"/>
    <property name="java.net.preferIPv4Stack" value="true"/>
    <property name="path.separator" value=":"/>
    <property name="java.security.egd" value="file:///dev/urandom"/>
    <property name="os.version" value="5.15.0-1060-azure"/>
    <property name="java.endorsed.dirs" value="/usr/lib/jvm/temurin-8-jdk-amd64/jre/lib/endorsed"/>
    <property name="java.runtime.name" value="OpenJDK Runtime Environment"/>
    <property name="com.gradle.maven.scan.extension.test.listener.junitplatform.NestedExecutionSafeDelegatingTestExecutionListener" value="1fa121e2"/>
    <property name="file.encoding" value="UTF-8"/>
    <property name="java.vm.name" value="OpenJDK 64-Bit Server VM"/>
    <property name="test.build.webapps" value=""/>
    <property name="localRepository" value="/home/runner/.m2/repository"/>
    <property name="gradle.enterprise.listener.port" value="46781"/>
    <property name="jetty.git.hash" value="27bde00a0b95a1d5bbee0eae7984f891d2d0f8c9"/>
    <property name="java.vendor.url.bug" value="https://github.com/adoptium/adoptium-support/issues"/>
    <property name="require.test.libhadoop" value=""/>
    <property name="java.io.tmpdir" value="/tmp"/>
    <property name="java.version" value="1.8.0_402"/>
    <property name="user.dir" value="/home/runner/work/ozone/ozone/hadoop-ozone/integration-test"/>
    <property name="os.arch" value="amd64"/>
    <property name="test.build.classes" value="/home/runner/work/ozone/ozone/hadoop-ozone/integration-test/target/test-classes"/>
    <property name="java.vm.specification.name" value="Java Virtual Machine Specification"/>
    <property name="java.awt.printerjob" value="sun.print.PSPrinterJob"/>
    <property name="sun.os.patch.level" value="unknown"/>
    <property name="org.apache.ratis.thirdparty.io.netty.allocator.useCacheForAllThreads" value="false"/>
    <property name="hadoop.tmp.dir" value="/home/runner/work/ozone/ozone/hadoop-ozone/integration-test/target/tmp"/>
    <property name="java.library.path" value="/usr/java/packages/lib/amd64:/usr/lib64:/lib64:/lib:/usr/lib"/>
    <property name="java.vendor" value="Temurin"/>
    <property name="java.vm.info" value="mixed mode"/>
    <property name="java.vm.version" value="25.402-b06"/>
    <property name="java.specification.maintenance.version" value="5"/>
    <property name="sun.io.unicode.encoding" value="UnicodeLittle"/>
    <property name="java.ext.dirs" value="/usr/lib/jvm/temurin-8-jdk-amd64/jre/lib/ext:/usr/java/packages/lib/ext"/>
    <property name="java.class.version" value="52.0"/>
  </properties>
  <testcase name="test2DatanodesFailure(boolean)[1]" classname="org.apache.hadoop.ozone.client.rpc.TestBlockOutputStreamWithFailures" time="61.494"/>
  <testcase name="test2DatanodesFailure(boolean)[2]" classname="org.apache.hadoop.ozone.client.rpc.TestBlockOutputStreamWithFailures" time="50.418"/>
  <testcase name="testDatanodeFailureWithPreAllocation(boolean)[1]" classname="org.apache.hadoop.ozone.client.rpc.TestBlockOutputStreamWithFailures" time="469.212">
    <error type="java.util.concurrent.TimeoutException"><![CDATA[java.util.concurrent.TimeoutException: testDatanodeFailureWithPreAllocation(boolean) timed out after 300 seconds
	at java.util.stream.ForEachOps$ForEachOp$OfRef.accept(ForEachOps.java:183)
	at java.util.stream.ReferencePipeline$3$1.accept(ReferencePipeline.java:193)
	at java.util.stream.ReferencePipeline$2$1.accept(ReferencePipeline.java:175)
	at java.util.stream.ReferencePipeline$3$1.accept(ReferencePipeline.java:193)
	at java.util.stream.ForEachOps$ForEachOp$OfRef.accept(ForEachOps.java:183)
	at java.util.stream.ReferencePipeline$3$1.accept(ReferencePipeline.java:193)
	at java.util.stream.ReferencePipeline$3$1.accept(ReferencePipeline.java:193)
	at java.util.stream.ReferencePipeline$3$1.accept(ReferencePipeline.java:193)
	at java.util.stream.ForEachOps$ForEachOp$OfRef.accept(ForEachOps.java:183)
	at java.util.stream.ReferencePipeline$3$1.accept(ReferencePipeline.java:193)
	at java.util.Spliterators$ArraySpliterator.forEachRemaining(Spliterators.java:948)
	at java.util.stream.AbstractPipeline.copyInto(AbstractPipeline.java:482)
	at java.util.stream.AbstractPipeline.wrapAndCopyInto(AbstractPipeline.java:472)
	at java.util.stream.ForEachOps$ForEachOp.evaluateSequential(ForEachOps.java:150)
	at java.util.stream.ForEachOps$ForEachOp$OfRef.evaluateSequential(ForEachOps.java:173)
	at java.util.stream.AbstractPipeline.evaluate(AbstractPipeline.java:234)
	at java.util.stream.ReferencePipeline.forEach(ReferencePipeline.java:485)
	at java.util.stream.ReferencePipeline$7$1.accept(ReferencePipeline.java:272)
	at java.util.stream.ReferencePipeline$3$1.accept(ReferencePipeline.java:193)
	at java.util.stream.ReferencePipeline$3$1.accept(ReferencePipeline.java:193)
	at java.util.stream.ReferencePipeline$3$1.accept(ReferencePipeline.java:193)
	at java.util.ArrayList$ArrayListSpliterator.forEachRemaining(ArrayList.java:1384)
	at java.util.stream.AbstractPipeline.copyInto(AbstractPipeline.java:482)
	at java.util.stream.AbstractPipeline.wrapAndCopyInto(AbstractPipeline.java:472)
	at java.util.stream.ForEachOps$ForEachOp.evaluateSequential(ForEachOps.java:150)
	at java.util.stream.ForEachOps$ForEachOp$OfRef.evaluateSequential(ForEachOps.java:173)
	at java.util.stream.AbstractPipeline.evaluate(AbstractPipeline.java:234)
	at java.util.stream.ReferencePipeline.forEach(ReferencePipeline.java:485)
	at java.util.stream.ReferencePipeline$7$1.accept(ReferencePipeline.java:272)
	at java.util.ArrayList$ArrayListSpliterator.forEachRemaining(ArrayList.java:1384)
	at java.util.stream.AbstractPipeline.copyInto(AbstractPipeline.java:482)
	at java.util.stream.AbstractPipeline.wrapAndCopyInto(AbstractPipeline.java:472)
	at java.util.stream.ForEachOps$ForEachOp.evaluateSequential(ForEachOps.java:150)
	at java.util.stream.ForEachOps$ForEachOp$OfRef.evaluateSequential(ForEachOps.java:173)
	at java.util.stream.AbstractPipeline.evaluate(AbstractPipeline.java:234)
	at java.util.stream.ReferencePipeline.forEach(ReferencePipeline.java:485)
	at java.util.ArrayList.forEach(ArrayList.java:1259)
	at java.util.ArrayList.forEach(ArrayList.java:1259)
	Suppressed: java.util.concurrent.TimeoutException: Timed out waiting for condition. Thread diagnostics:
Timestamp: 2024-04-21 07:25:05,608

"grpc-default-worker-ELG-7-1" daemon prio=5 tid=3355 runnable
java.lang.Thread.State: RUNNABLE
        at org.apache.ratis.thirdparty.io.netty.channel.epoll.Native.epollWait0(Native Method)
        at org.apache.ratis.thirdparty.io.netty.channel.epoll.Native.epollWait(Native.java:182)
        at org.apache.ratis.thirdparty.io.netty.channel.epoll.EpollEventLoop.epollWait(EpollEventLoop.java:312)
        at org.apache.ratis.thirdparty.io.netty.channel.epoll.EpollEventLoop.run(EpollEventLoop.java:376)
        at org.apache.ratis.thirdparty.io.netty.util.concurrent.SingleThreadEventExecutor$4.run(SingleThreadEventExecutor.java:997)
        at org.apache.ratis.thirdparty.io.netty.util.internal.ThreadExecutorMap$2.run(ThreadExecutorMap.java:74)
        at org.apache.ratis.thirdparty.io.netty.util.concurrent.FastThreadLocalRunnable.run(FastThreadLocalRunnable.java:30)
        at java.lang.Thread.run(Thread.java:750)
"33d4fa9a-f1b5-45a2-9ce3-43c86fd82df2-DatanodeStateMachineTaskThread-1"  prio=5 tid=3264 in Object.wait()
java.lang.Thread.State: WAITING (on object monitor)
        at sun.misc.Unsafe.park(Native Method)
        at java.util.concurrent.locks.LockSupport.park(LockSupport.java:175)
        at java.util.concurrent.locks.AbstractQueuedSynchronizer$ConditionObject.await(AbstractQueuedSynchronizer.java:2039)
        at java.util.concurrent.LinkedBlockingQueue.take(LinkedBlockingQueue.java:442)
        at java.util.concurrent.ThreadPoolExecutor.getTask(ThreadPoolExecutor.java:1074)
        at java.util.concurrent.ThreadPoolExecutor.runWorker(ThreadPoolExecutor.java:1134)
        at java.util.concurrent.ThreadPoolExecutor$Worker.run(ThreadPoolExecutor.java:624)
        at java.lang.Thread.run(Thread.java:750)
"IPC Server handler 1 on default port 15108" daemon prio=5 tid=2930 timed_waiting
java.lang.Thread.State: TIMED_WAITING
        at sun.misc.Unsafe.park(Native Method)
        at java.util.concurrent.locks.LockSupport.parkNanos(LockSupport.java:215)
        at java.util.concurrent.locks.AbstractQueuedSynchronizer$ConditionObject.awaitNanos(AbstractQueuedSynchronizer.java:2078)
        at java.util.concurrent.LinkedBlockingQueue.poll(LinkedBlockingQueue.java:467)
        at org.apache.hadoop.ipc.CallQueueManager.take(CallQueueManager.java:317)
        at org.apache.hadoop.ipc.Server$Handler.run(Server.java:3014)
"80370d78-c36f-4d75-b7cb-6753407b0dff-ContainerOp-3a57b055-28e0-4292-8aab-9a8d2995d9a7-0"  prio=5 tid=3773 in Object.wait()
java.lang.Thread.State: WAITING (on object monitor)
        at sun.misc.Unsafe.park(Native Method)
        at java.util.concurrent.locks.LockSupport.park(LockSupport.java:175)
        at java.util.concurrent.locks.AbstractQueuedSynchronizer$ConditionObject.await(AbstractQueuedSynchronizer.java:2039)
        at java.util.concurrent.LinkedBlockingQueue.take(LinkedBlockingQueue.java:442)
        at java.util.concurrent.ThreadPoolExecutor.getTask(ThreadPoolExecutor.java:1074)
        at java.util.concurrent.ThreadPoolExecutor.runWorker(ThreadPoolExecutor.java:1134)
        at java.util.concurrent.ThreadPoolExecutor$Worker.run(ThreadPoolExecutor.java:624)
        at java.lang.Thread.run(Thread.java:750)
"IPC Server handler 44 on default port 15107" daemon prio=5 tid=2873 timed_waiting
java.lang.Thread.State: TIMED_WAITING
        at sun.misc.Unsafe.park(Native Method)
        at java.util.concurrent.locks.LockSupport.parkNanos(LockSupport.java:215)
        at java.util.concurrent.locks.AbstractQueuedSynchronizer$ConditionObject.awaitNanos(AbstractQueuedSynchronizer.java:2078)
        at java.util.concurrent.LinkedBlockingQueue.poll(LinkedBlockingQueue.java:467)
        at org.apache.hadoop.ipc.CallQueueManager.take(CallQueueManager.java:317)
        at org.apache.hadoop.ipc.Server$Handler.run(Server.java:3014)
"qtp1560921027-3078" daemon prio=5 tid=3078 timed_waiting
java.lang.Thread.State: TIMED_WAITING
        at sun.misc.Unsafe.park(Native Method)
        at java.util.concurrent.locks.LockSupport.parkNanos(LockSupport.java:215)
        at java.util.concurrent.locks.AbstractQueuedSynchronizer$ConditionObject.awaitNanos(AbstractQueuedSynchronizer.java:2078)
        at org.eclipse.jetty.util.BlockingArrayQueue.poll(BlockingArrayQueue.java:382)
        at org.eclipse.jetty.util.thread.QueuedThreadPool$Runner.idleJobPoll(QueuedThreadPool.java:974)
        at org.eclipse.jetty.util.thread.QueuedThreadPool$Runner.run(QueuedThreadPool.java:1018)
        at java.lang.Thread.run(Thread.java:750)
"IPC Server handler 59 on default port 15106" daemon prio=5 tid=2788 timed_waiting
java.lang.Thread.State: TIMED_WAITING
        at sun.misc.Unsafe.park(Native Method)
        at java.util.concurrent.locks.LockSupport.parkNanos(LockSupport.java:215)
        at java.util.concurrent.locks.AbstractQueuedSynchronizer$ConditionObject.awaitNanos(AbstractQueuedSynchronizer.java:2078)
        at java.util.concurrent.LinkedBlockingQueue.poll(LinkedBlockingQueue.java:467)
        at org.apache.hadoop.ipc.CallQueueManager.take(CallQueueManager.java:317)
        at org.apache.hadoop.ipc.Server$Handler.run(Server.java:3014)
"80370d78-c36f-4d75-b7cb-6753407b0dff@group-9A8D2995D9A7-LeaderStateImpl" daemon prio=5 tid=3589 timed_waiting
java.lang.Thread.State: TIMED_WAITING
        at sun.misc.Unsafe.park(Native Method)
        at java.util.concurrent.locks.LockSupport.parkNanos(LockSupport.java:215)
        at java.util.concurrent.locks.AbstractQueuedSynchronizer$ConditionObject.awaitNanos(AbstractQueuedSynchronizer.java:2078)
        at java.util.concurrent.ArrayBlockingQueue.poll(ArrayBlockingQueue.java:418)
        at org.apache.ratis.server.impl.LeaderStateImpl$EventQueue.poll(LeaderStateImpl.java:164)
        at org.apache.ratis.server.impl.LeaderStateImpl$EventProcessor.run(LeaderStateImpl.java:762)
"IPC Server handler 45 on default port 15106" daemon prio=5 tid=2774 timed_waiting
java.lang.Thread.State: TIMED_WAITING
        at sun.misc.Unsafe.park(Native Method)
        at java.util.concurrent.locks.LockSupport.parkNanos(LockSupport.java:215)
        at java.util.concurrent.locks.AbstractQueuedSynchronizer$ConditionObject.awaitNanos(AbstractQueuedSynchronizer.java:2078)
        at java.util.concurrent.LinkedBlockingQueue.poll(LinkedBlockingQueue.java:467)
        at org.apache.hadoop.ipc.CallQueueManager.take(CallQueueManager.java:317)
        at org.apache.hadoop.ipc.Server$Handler.run(Server.java:3014)
"33d4fa9a-f1b5-45a2-9ce3-43c86fd82df2-BlockDeletingService#7" daemon prio=5 tid=3864 in Object.wait()
java.lang.Thread.State: WAITING (on object monitor)
        at sun.misc.Unsafe.park(Native Method)
        at java.util.concurrent.locks.LockSupport.park(LockSupport.java:175)
        at java.util.concurrent.locks.AbstractQueuedSynchronizer$ConditionObject.await(AbstractQueuedSynchronizer.java:2039)
        at java.util.concurrent.ScheduledThreadPoolExecutor$DelayedWorkQueue.take(ScheduledThreadPoolExecutor.java:1088)
        at java.util.concurrent.ScheduledThreadPoolExecutor$DelayedWorkQueue.take(ScheduledThreadPoolExecutor.java:809)
        at java.util.concurrent.ThreadPoolExecutor.getTask(ThreadPoolExecutor.java:1074)
        at java.util.concurrent.ThreadPoolExecutor.runWorker(ThreadPoolExecutor.java:1134)
        at java.util.concurrent.ThreadPoolExecutor$Worker.run(ThreadPoolExecutor.java:624)
        at java.lang.Thread.run(Thread.java:750)
"IPC Server handler 24 on default port 15107" daemon prio=5 tid=2853 timed_waiting
java.lang.Thread.State: TIMED_WAITING
        at sun.misc.Unsafe.park(Native Method)
        at java.util.concurrent.locks.LockSupport.parkNanos(LockSupport.java:215)
        at java.util.concurrent.locks.AbstractQueuedSynchronizer$ConditionObject.awaitNanos(AbstractQueuedSynchronizer.java:2078)
        at java.util.concurrent.LinkedBlockingQueue.poll(LinkedBlockingQueue.java:467)
        at org.apache.hadoop.ipc.CallQueueManager.take(CallQueueManager.java:317)
        at org.apache.hadoop.ipc.Server$Handler.run(Server.java:3014)
"9387e6e8-bf6d-4d10-9dc1-f1bd05fc02cf-groupManagement"  prio=5 tid=3345 in Object.wait()
java.lang.Thread.State: WAITING (on object monitor)
        at sun.misc.Unsafe.park(Native Method)
        at java.util.concurrent.locks.LockSupport.park(LockSupport.java:175)
        at java.util.concurrent.locks.AbstractQueuedSynchronizer$ConditionObject.await(AbstractQueuedSynchronizer.java:2039)
        at java.util.concurrent.LinkedBlockingQueue.take(LinkedBlockingQueue.java:442)
        at java.util.concurrent.ThreadPoolExecutor.getTask(ThreadPoolExecutor.java:1074)
        at java.util.concurrent.ThreadPoolExecutor.runWorker(ThreadPoolExecutor.java:1134)
        at java.util.concurrent.ThreadPoolExecutor$Worker.run(ThreadPoolExecutor.java:624)
        at java.lang.Thread.run(Thread.java:750)
"StaleRecoveringContainerScrubbingService#4" daemon prio=5 tid=3735 timed_waiting
java.lang.Thread.State: TIMED_WAITING
        at sun.misc.Unsafe.park(Native Method)
        at java.util.concurrent.locks.LockSupport.parkNanos(LockSupport.java:215)
        at java.util.concurrent.locks.AbstractQueuedSynchronizer$ConditionObject.awaitNanos(AbstractQueuedSynchronizer.java:2078)
        at java.util.concurrent.ScheduledThreadPoolExecutor$DelayedWorkQueue.take(ScheduledThreadPoolExecutor.java:1093)
        at java.util.concurrent.ScheduledThreadPoolExecutor$DelayedWorkQueue.take(ScheduledThreadPoolExecutor.java:809)
        at java.util.concurrent.ThreadPoolExecutor.getTask(ThreadPoolExecutor.java:1074)
        at java.util.concurrent.ThreadPoolExecutor.runWorker(ThreadPoolExecutor.java:1134)
        at java.util.concurrent.ThreadPoolExecutor$Worker.run(ThreadPoolExecutor.java:624)
        at java.lang.Thread.run(Thread.java:750)
"IPC Server handler 57 on default port 15106" daemon prio=5 tid=2786 timed_waiting
java.lang.Thread.State: TIMED_WAITING
        at sun.misc.Unsafe.park(Native Method)
        at java.util.concurrent.locks.LockSupport.parkNanos(LockSupport.java:215)
        at java.util.concurrent.locks.AbstractQueuedSynchronizer$ConditionObject.awaitNanos(AbstractQueuedSynchronizer.java:2078)
        at java.util.concurrent.LinkedBlockingQueue.poll(LinkedBlockingQueue.java:467)
        at org.apache.hadoop.ipc.CallQueueManager.take(CallQueueManager.java:317)
        at org.apache.hadoop.ipc.Server$Handler.run(Server.java:3014)
"IPC Server handler 25 on default port 15108" daemon prio=5 tid=2954 timed_waiting
java.lang.Thread.State: TIMED_WAITING
        at sun.misc.Unsafe.park(Native Method)
        at java.util.concurrent.locks.LockSupport.parkNanos(LockSupport.java:215)
        at java.util.concurrent.locks.AbstractQueuedSynchronizer$ConditionObject.awaitNanos(AbstractQueuedSynchronizer.java:2078)
        at java.util.concurrent.LinkedBlockingQueue.poll(LinkedBlockingQueue.java:467)
        at org.apache.hadoop.ipc.CallQueueManager.take(CallQueueManager.java:317)
        at org.apache.hadoop.ipc.Server$Handler.run(Server.java:3014)
"IPC Server handler 16 on default port 15110" daemon prio=5 tid=3098 timed_waiting
java.lang.Thread.State: TIMED_WAITING
        at sun.misc.Unsafe.park(Native Method)
        at java.util.concurrent.locks.LockSupport.parkNanos(LockSupport.java:215)
        at java.util.concurrent.locks.AbstractQueuedSynchronizer$ConditionObject.awaitNanos(AbstractQueuedSynchronizer.java:2078)
        at java.util.concurrent.LinkedBlockingQueue.poll(LinkedBlockingQueue.java:467)
        at org.apache.hadoop.ipc.CallQueueManager.take(CallQueueManager.java:317)
        at org.apache.hadoop.ipc.Server$Handler.run(Server.java:3014)
"80370d78-c36f-4d75-b7cb-6753407b0dff@group-77AD9CB52074-LeaderStateImpl" daemon prio=5 tid=3717 timed_waiting
java.lang.Thread.State: TIMED_WAITING
        at sun.misc.Unsafe.park(Native Method)
        at java.util.concurrent.locks.LockSupport.parkNanos(LockSupport.java:215)
        at java.util.concurrent.locks.AbstractQueuedSynchronizer$ConditionObject.awaitNanos(AbstractQueuedSynchronizer.java:2078)
        at java.util.concurrent.ArrayBlockingQueue.poll(ArrayBlockingQueue.java:418)
        at org.apache.ratis.server.impl.LeaderStateImpl$EventQueue.poll(LeaderStateImpl.java:164)
        at org.apache.ratis.server.impl.LeaderStateImpl$EventProcessor.run(LeaderStateImpl.java:762)
"pool-716-thread-1"  prio=5 tid=3795 timed_waiting
java.lang.Thread.State: TIMED_WAITING
        at sun.misc.Unsafe.park(Native Method)
        at java.util.concurrent.locks.LockSupport.parkNanos(LockSupport.java:215)
        at java.util.concurrent.locks.AbstractQueuedSynchronizer$ConditionObject.awaitNanos(AbstractQueuedSynchronizer.java:2078)
        at java.util.concurrent.ScheduledThreadPoolExecutor$DelayedWorkQueue.take(ScheduledThreadPoolExecutor.java:1093)
        at java.util.concurrent.ScheduledThreadPoolExecutor$DelayedWorkQueue.take(ScheduledThreadPoolExecutor.java:809)
        at java.util.concurrent.ThreadPoolExecutor.getTask(ThreadPoolExecutor.java:1074)
        at java.util.concurrent.ThreadPoolExecutor.runWorker(ThreadPoolExecutor.java:1134)
        at java.util.concurrent.ThreadPoolExecutor$Worker.run(ThreadPoolExecutor.java:624)
        at java.lang.Thread.run(Thread.java:750)
"StaleRecoveringContainerScrubbingService#8" daemon prio=5 tid=3918 in Object.wait()
java.lang.Thread.State: WAITING (on object monitor)
        at sun.misc.Unsafe.park(Native Method)
        at java.util.concurrent.locks.LockSupport.park(LockSupport.java:175)
        at java.util.concurrent.locks.AbstractQueuedSynchronizer$ConditionObject.await(AbstractQueuedSynchronizer.java:2039)
        at java.util.concurrent.ScheduledThreadPoolExecutor$DelayedWorkQueue.take(ScheduledThreadPoolExecutor.java:1088)
        at java.util.concurrent.ScheduledThreadPoolExecutor$DelayedWorkQueue.take(ScheduledThreadPoolExecutor.java:809)
        at java.util.concurrent.ThreadPoolExecutor.getTask(ThreadPoolExecutor.java:1074)
        at java.util.concurrent.ThreadPoolExecutor.runWorker(ThreadPoolExecutor.java:1134)
        at java.util.concurrent.ThreadPoolExecutor$Worker.run(ThreadPoolExecutor.java:624)
        at java.lang.Thread.run(Thread.java:750)
"33d4fa9a-f1b5-45a2-9ce3-43c86fd82df2-DatanodeStateMachineDaemonThread" daemon prio=5 tid=3150 timed_waiting
java.lang.Thread.State: TIMED_WAITING
        at java.lang.Thread.sleep(Native Method)
        at org.apache.hadoop.ozone.container.common.statemachine.DatanodeStateMachine.startStateMachineThread(DatanodeStateMachine.java:369)
        at org.apache.hadoop.ozone.container.common.statemachine.DatanodeStateMachine.lambda$startDaemon$1(DatanodeStateMachine.java:556)
        at org.apache.hadoop.ozone.container.common.statemachine.DatanodeStateMachine$$Lambda$1199/1564313492.run(Unknown Source)
        at java.lang.Thread.run(Thread.java:750)
"IPC Server handler 12 on default port 15108" daemon prio=5 tid=2941 timed_waiting
java.lang.Thread.State: TIMED_WAITING
        at sun.misc.Unsafe.park(Native Method)
        at java.util.concurrent.locks.LockSupport.parkNanos(LockSupport.java:215)
        at java.util.concurrent.locks.AbstractQueuedSynchronizer$ConditionObject.awaitNanos(AbstractQueuedSynchronizer.java:2078)
        at java.util.concurrent.LinkedBlockingQueue.poll(LinkedBlockingQueue.java:467)
        at org.apache.hadoop.ipc.CallQueueManager.take(CallQueueManager.java:317)
        at org.apache.hadoop.ipc.Server$Handler.run(Server.java:3014)
"qtp1950245838-3107" daemon prio=5 tid=3107 runnable
java.lang.Thread.State: RUNNABLE
        at sun.nio.ch.EPollArrayWrapper.epollWait(Native Method)
        at sun.nio.ch.EPollArrayWrapper.poll(EPollArrayWrapper.java:269)
        at sun.nio.ch.EPollSelectorImpl.doSelect(EPollSelectorImpl.java:93)
        at sun.nio.ch.SelectorImpl.lockAndDoSelect(SelectorImpl.java:86)
        at sun.nio.ch.SelectorImpl.select(SelectorImpl.java:97)
        at sun.nio.ch.SelectorImpl.select(SelectorImpl.java:101)
        at org.eclipse.jetty.io.ManagedSelector.nioSelect(ManagedSelector.java:183)
        at org.eclipse.jetty.io.ManagedSelector.select(ManagedSelector.java:190)
        at org.eclipse.jetty.io.ManagedSelector$SelectorProducer.select(ManagedSelector.java:606)
        at org.eclipse.jetty.io.ManagedSelector$SelectorProducer.produce(ManagedSelector.java:543)
        at org.eclipse.jetty.util.thread.strategy.EatWhatYouKill.produceTask(EatWhatYouKill.java:362)
        at org.eclipse.jetty.util.thread.strategy.EatWhatYouKill.doProduce(EatWhatYouKill.java:186)
        at org.eclipse.jetty.util.thread.strategy.EatWhatYouKill.tryProduce(EatWhatYouKill.java:173)
        at org.eclipse.jetty.util.thread.strategy.EatWhatYouKill.produce(EatWhatYouKill.java:137)
        at org.eclipse.jetty.io.ManagedSelector$$Lambda$746/715978059.run(Unknown Source)
        at org.eclipse.jetty.util.thread.QueuedThreadPool.runJob(QueuedThreadPool.java:883)
        at org.eclipse.jetty.util.thread.QueuedThreadPool$Runner.run(QueuedThreadPool.java:1034)
        at java.lang.Thread.run(Thread.java:750)
"grpc-default-worker-ELG-7-2" daemon prio=5 tid=3357 runnable
java.lang.Thread.State: RUNNABLE
        at org.apache.ratis.thirdparty.io.netty.channel.epoll.Native.epollWait0(Native Method)
        at org.apache.ratis.thirdparty.io.netty.channel.epoll.Native.epollWait(Native.java:182)
        at org.apache.ratis.thirdparty.io.netty.channel.epoll.EpollEventLoop.epollWait(EpollEventLoop.java:312)
        at org.apache.ratis.thirdparty.io.netty.channel.epoll.EpollEventLoop.run(EpollEventLoop.java:376)
        at org.apache.ratis.thirdparty.io.netty.util.concurrent.SingleThreadEventExecutor$4.run(SingleThreadEventExecutor.java:997)
        at org.apache.ratis.thirdparty.io.netty.util.internal.ThreadExecutorMap$2.run(ThreadExecutorMap.java:74)
        at org.apache.ratis.thirdparty.io.netty.util.concurrent.FastThreadLocalRunnable.run(FastThreadLocalRunnable.java:30)
        at java.lang.Thread.run(Thread.java:750)
"9387e6e8-bf6d-4d10-9dc1-f1bd05fc02cf-DatanodeReportManager-1" daemon prio=5 tid=3124 in Object.wait()
java.lang.Thread.State: WAITING (on object monitor)
        at sun.misc.Unsafe.park(Native Method)
        at java.util.concurrent.locks.LockSupport.park(LockSupport.java:175)
        at java.util.concurrent.locks.AbstractQueuedSynchronizer$ConditionObject.await(AbstractQueuedSynchronizer.java:2039)
        at java.util.concurrent.ScheduledThreadPoolExecutor$DelayedWorkQueue.take(ScheduledThreadPoolExecutor.java:1088)
        at java.util.concurrent.ScheduledThreadPoolExecutor$DelayedWorkQueue.take(ScheduledThreadPoolExecutor.java:809)
        at java.util.concurrent.ThreadPoolExecutor.getTask(ThreadPoolExecutor.java:1074)
        at java.util.concurrent.ThreadPoolExecutor.runWorker(ThreadPoolExecutor.java:1134)
        at java.util.concurrent.ThreadPoolExecutor$Worker.run(ThreadPoolExecutor.java:624)
        at java.lang.Thread.run(Thread.java:750)
"pool-599-thread-1" daemon prio=5 tid=3305 timed_waiting
java.lang.Thread.State: TIMED_WAITING
        at sun.misc.Unsafe.park(Native Method)
        at java.util.concurrent.locks.LockSupport.parkNanos(LockSupport.java:215)
        at java.util.concurrent.locks.AbstractQueuedSynchronizer$ConditionObject.awaitNanos(AbstractQueuedSynchronizer.java:2078)
        at java.util.concurrent.ScheduledThreadPoolExecutor$DelayedWorkQueue.take(ScheduledThreadPoolExecutor.java:1093)
        at java.util.concurrent.ScheduledThreadPoolExecutor$DelayedWorkQueue.take(ScheduledThreadPoolExecutor.java:809)
        at java.util.concurrent.ThreadPoolExecutor.getTask(ThreadPoolExecutor.java:1074)
        at java.util.concurrent.ThreadPoolExecutor.runWorker(ThreadPoolExecutor.java:1134)
        at java.util.concurrent.ThreadPoolExecutor$Worker.run(ThreadPoolExecutor.java:624)
        at java.lang.Thread.run(Thread.java:750)
"StaleRecoveringContainerScrubbingService#6" daemon prio=5 tid=3760 in Object.wait()
java.lang.Thread.State: WAITING (on object monitor)
        at sun.misc.Unsafe.park(Native Method)
        at java.util.concurrent.locks.LockSupport.park(LockSupport.java:175)
        at java.util.concurrent.locks.AbstractQueuedSynchronizer$ConditionObject.await(AbstractQueuedSynchronizer.java:2039)
        at java.util.concurrent.ScheduledThreadPoolExecutor$DelayedWorkQueue.take(ScheduledThreadPoolExecutor.java:1088)
        at java.util.concurrent.ScheduledThreadPoolExecutor$DelayedWorkQueue.take(ScheduledThreadPoolExecutor.java:809)
        at java.util.concurrent.ThreadPoolExecutor.getTask(ThreadPoolExecutor.java:1074)
        at java.util.concurrent.ThreadPoolExecutor.runWorker(ThreadPoolExecutor.java:1134)
        at java.util.concurrent.ThreadPoolExecutor$Worker.run(ThreadPoolExecutor.java:624)
        at java.lang.Thread.run(Thread.java:750)
"qtp1950245838-3112" daemon prio=5 tid=3112 timed_waiting
java.lang.Thread.State: TIMED_WAITING
        at sun.misc.Unsafe.park(Native Method)
        at java.util.concurrent.locks.LockSupport.parkNanos(LockSupport.java:215)
        at java.util.concurrent.locks.AbstractQueuedSynchronizer$ConditionObject.awaitNanos(AbstractQueuedSynchronizer.java:2078)
        at org.eclipse.jetty.util.BlockingArrayQueue.poll(BlockingArrayQueue.java:382)
        at org.eclipse.jetty.util.thread.QueuedThreadPool$Runner.idleJobPoll(QueuedThreadPool.java:974)
        at org.eclipse.jetty.util.thread.QueuedThreadPool$Runner.run(QueuedThreadPool.java:1018)
        at java.lang.Thread.run(Thread.java:750)
"IPC Server handler 7 on default port 15107" daemon prio=5 tid=2836 timed_waiting
java.lang.Thread.State: TIMED_WAITING
        at sun.misc.Unsafe.park(Native Method)
        at java.util.concurrent.locks.LockSupport.parkNanos(LockSupport.java:215)
        at java.util.concurrent.locks.AbstractQueuedSynchronizer$ConditionObject.awaitNanos(AbstractQueuedSynchronizer.java:2078)
        at java.util.concurrent.LinkedBlockingQueue.poll(LinkedBlockingQueue.java:467)
        at org.apache.hadoop.ipc.CallQueueManager.take(CallQueueManager.java:317)
        at org.apache.hadoop.ipc.Server$Handler.run(Server.java:3014)
"IPC Server idle connection scanner for port 15134" daemon prio=5 tid=3807 timed_waiting
java.lang.Thread.State: TIMED_WAITING
        at java.lang.Object.wait(Native Method)
        at java.util.TimerThread.mainLoop(Timer.java:552)
        at java.util.TimerThread.run(Timer.java:505)
"qtp152257112-3137" daemon prio=5 tid=3137 runnable
java.lang.Thread.State: RUNNABLE
        at sun.nio.ch.EPollArrayWrapper.epollWait(Native Method)
        at sun.nio.ch.EPollArrayWrapper.poll(EPollArrayWrapper.java:269)
        at sun.nio.ch.EPollSelectorImpl.doSelect(EPollSelectorImpl.java:93)
        at sun.nio.ch.SelectorImpl.lockAndDoSelect(SelectorImpl.java:86)
        at sun.nio.ch.SelectorImpl.select(SelectorImpl.java:97)
        at sun.nio.ch.SelectorImpl.select(SelectorImpl.java:101)
        at org.eclipse.jetty.io.ManagedSelector.nioSelect(ManagedSelector.java:183)
        at org.eclipse.jetty.io.ManagedSelector.select(ManagedSelector.java:190)
        at org.eclipse.jetty.io.ManagedSelector$SelectorProducer.select(ManagedSelector.java:606)
        at org.eclipse.jetty.io.ManagedSelector$SelectorProducer.produce(ManagedSelector.java:543)
        at org.eclipse.jetty.util.thread.strategy.EatWhatYouKill.produceTask(EatWhatYouKill.java:362)
        at org.eclipse.jetty.util.thread.strategy.EatWhatYouKill.doProduce(EatWhatYouKill.java:186)
        at org.eclipse.jetty.util.thread.strategy.EatWhatYouKill.tryProduce(EatWhatYouKill.java:173)
        at org.eclipse.jetty.util.thread.strategy.EatWhatYouKill.produce(EatWhatYouKill.java:137)
        at org.eclipse.jetty.io.ManagedSelector$$Lambda$746/715978059.run(Unknown Source)
        at org.eclipse.jetty.util.thread.QueuedThreadPool.runJob(QueuedThreadPool.java:883)
        at org.eclipse.jetty.util.thread.QueuedThreadPool$Runner.run(QueuedThreadPool.java:1034)
        at java.lang.Thread.run(Thread.java:750)
"timer4" daemon prio=5 tid=833 timed_waiting
java.lang.Thread.State: TIMED_WAITING
        at java.lang.Object.wait(Native Method)
        at java.util.TimerThread.mainLoop(Timer.java:552)
        at java.util.TimerThread.run(Timer.java:505)
"IPC Server handler 42 on default port 15106" daemon prio=5 tid=2771 timed_waiting
java.lang.Thread.State: TIMED_WAITING
        at sun.misc.Unsafe.park(Native Method)
        at java.util.concurrent.locks.LockSupport.parkNanos(LockSupport.java:215)
        at java.util.concurrent.locks.AbstractQueuedSynchronizer$ConditionObject.awaitNanos(AbstractQueuedSynchronizer.java:2078)
        at java.util.concurrent.LinkedBlockingQueue.poll(LinkedBlockingQueue.java:467)
        at org.apache.hadoop.ipc.CallQueueManager.take(CallQueueManager.java:317)
        at org.apache.hadoop.ipc.Server$Handler.run(Server.java:3014)
"IPC Server handler 8 on default port 15108" daemon prio=5 tid=2937 timed_waiting
java.lang.Thread.State: TIMED_WAITING
        at sun.misc.Unsafe.park(Native Method)
        at java.util.concurrent.locks.LockSupport.parkNanos(LockSupport.java:215)
        at java.util.concurrent.locks.AbstractQueuedSynchronizer$ConditionObject.awaitNanos(AbstractQueuedSynchronizer.java:2078)
        at java.util.concurrent.LinkedBlockingQueue.poll(LinkedBlockingQueue.java:467)
        at org.apache.hadoop.ipc.CallQueueManager.take(CallQueueManager.java:317)
        at org.apache.hadoop.ipc.Server$Handler.run(Server.java:3014)
"IPC Server handler 89 on default port 15107" daemon prio=5 tid=2918 timed_waiting
java.lang.Thread.State: TIMED_WAITING
        at sun.misc.Unsafe.park(Native Method)
        at java.util.concurrent.locks.LockSupport.parkNanos(LockSupport.java:215)
        at java.util.concurrent.locks.AbstractQueuedSynchronizer$ConditionObject.awaitNanos(AbstractQueuedSynchronizer.java:2078)
        at java.util.concurrent.LinkedBlockingQueue.poll(LinkedBlockingQueue.java:467)
        at org.apache.hadoop.ipc.CallQueueManager.take(CallQueueManager.java:317)
        at org.apache.hadoop.ipc.Server$Handler.run(Server.java:3014)
"9387e6e8-bf6d-4d10-9dc1-f1bd05fc02cf-ChunkReader-ELG-0" daemon prio=5 tid=3259 runnable
java.lang.Thread.State: RUNNABLE
        at org.apache.ratis.thirdparty.io.netty.channel.epoll.Native.epollWait(Native Method)
        at org.apache.ratis.thirdparty.io.netty.channel.epoll.Native.epollWait(Native.java:209)
        at org.apache.ratis.thirdparty.io.netty.channel.epoll.Native.epollWait(Native.java:202)
        at org.apache.ratis.thirdparty.io.netty.channel.epoll.EpollEventLoop.epollWaitNoTimerChange(EpollEventLoop.java:316)
        at org.apache.ratis.thirdparty.io.netty.channel.epoll.EpollEventLoop.run(EpollEventLoop.java:373)
        at org.apache.ratis.thirdparty.io.netty.util.concurrent.SingleThreadEventExecutor$4.run(SingleThreadEventExecutor.java:997)
        at org.apache.ratis.thirdparty.io.netty.util.internal.ThreadExecutorMap$2.run(ThreadExecutorMap.java:74)
        at java.lang.Thread.run(Thread.java:750)
"80370d78-c36f-4d75-b7cb-6753407b0dff@group-9A8D2995D9A7-SegmentedRaftLogWorker"  prio=5 tid=3451 timed_waiting
java.lang.Thread.State: TIMED_WAITING
        at sun.misc.Unsafe.park(Native Method)
        at java.util.concurrent.locks.LockSupport.parkNanos(LockSupport.java:215)
        at java.util.concurrent.locks.AbstractQueuedSynchronizer$ConditionObject.awaitNanos(AbstractQueuedSynchronizer.java:2078)
        at org.apache.ratis.util.DataBlockingQueue.poll(DataBlockingQueue.java:148)
        at org.apache.ratis.server.raftlog.segmented.SegmentedRaftLogWorker.run(SegmentedRaftLogWorker.java:299)
        at org.apache.ratis.server.raftlog.segmented.SegmentedRaftLogWorker$$Lambda$1079/927089352.run(Unknown Source)
        at java.util.concurrent.Executors$RunnableAdapter.call(Executors.java:511)
        at java.util.concurrent.FutureTask.run(FutureTask.java:266)
        at java.util.concurrent.ThreadPoolExecutor.runWorker(ThreadPoolExecutor.java:1149)
        at java.util.concurrent.ThreadPoolExecutor$Worker.run(ThreadPoolExecutor.java:624)
        at java.lang.Thread.run(Thread.java:750)
"IPC Server handler 47 on default port 15106" daemon prio=5 tid=2776 timed_waiting
java.lang.Thread.State: TIMED_WAITING
        at sun.misc.Unsafe.park(Native Method)
        at java.util.concurrent.locks.LockSupport.parkNanos(LockSupport.java:215)
        at java.util.concurrent.locks.AbstractQueuedSynchronizer$ConditionObject.awaitNanos(AbstractQueuedSynchronizer.java:2078)
        at java.util.concurrent.LinkedBlockingQueue.poll(LinkedBlockingQueue.java:467)
        at org.apache.hadoop.ipc.CallQueueManager.take(CallQueueManager.java:317)
        at org.apache.hadoop.ipc.Server$Handler.run(Server.java:3014)
"80370d78-c36f-4d75-b7cb-6753407b0dff-server-thread1" daemon prio=5 tid=3729 timed_waiting
java.lang.Thread.State: TIMED_WAITING
        at sun.misc.Unsafe.park(Native Method)
        at java.util.concurrent.locks.LockSupport.parkNanos(LockSupport.java:215)
        at java.util.concurrent.SynchronousQueue$TransferStack.awaitFulfill(SynchronousQueue.java:460)
        at java.util.concurrent.SynchronousQueue$TransferStack.transfer(SynchronousQueue.java:362)
        at java.util.concurrent.SynchronousQueue.poll(SynchronousQueue.java:941)
        at java.util.concurrent.ThreadPoolExecutor.getTask(ThreadPoolExecutor.java:1073)
        at java.util.concurrent.ThreadPoolExecutor.runWorker(ThreadPoolExecutor.java:1134)
        at java.util.concurrent.ThreadPoolExecutor$Worker.run(ThreadPoolExecutor.java:624)
        at java.lang.Thread.run(Thread.java:750)
"IPC Server handler 24 on default port 15106" daemon prio=5 tid=2753 timed_waiting
java.lang.Thread.State: TIMED_WAITING
        at sun.misc.Unsafe.park(Native Method)
        at java.util.concurrent.locks.LockSupport.parkNanos(LockSupport.java:215)
        at java.util.concurrent.locks.AbstractQueuedSynchronizer$ConditionObject.awaitNanos(AbstractQueuedSynchronizer.java:2078)
        at java.util.concurrent.LinkedBlockingQueue.poll(LinkedBlockingQueue.java:467)
        at org.apache.hadoop.ipc.CallQueueManager.take(CallQueueManager.java:317)
        at org.apache.hadoop.ipc.Server$Handler.run(Server.java:3014)
"qtp2092775230-3193-acceptor-0@188a161f-ServerConnector@58816a7d{HTTP/1.1, (http/1.1)}{0.0.0.0:15142}" daemon prio=3 tid=3193 runnable
java.lang.Thread.State: RUNNABLE
        at sun.nio.ch.ServerSocketChannelImpl.accept0(Native Method)
        at sun.nio.ch.ServerSocketChannelImpl.accept(ServerSocketChannelImpl.java:421)
        at sun.nio.ch.ServerSocketChannelImpl.accept(ServerSocketChannelImpl.java:249)
        at org.eclipse.jetty.server.ServerConnector.accept(ServerConnector.java:388)
        at org.eclipse.jetty.server.AbstractConnector$Acceptor.run(AbstractConnector.java:704)
        at org.eclipse.jetty.util.thread.QueuedThreadPool.runJob(QueuedThreadPool.java:883)
        at org.eclipse.jetty.util.thread.QueuedThreadPool$Runner.run(QueuedThreadPool.java:1034)
        at java.lang.Thread.run(Thread.java:750)
"9387e6e8-bf6d-4d10-9dc1-f1bd05fc02cf-CommandProcessorThread" daemon prio=5 tid=3128 timed_waiting
java.lang.Thread.State: TIMED_WAITING
        at java.lang.Thread.sleep(Native Method)
        at org.apache.hadoop.ozone.container.common.statemachine.DatanodeStateMachine.lambda$initCommandHandlerThread$4(DatanodeStateMachine.java:684)
        at org.apache.hadoop.ozone.container.common.statemachine.DatanodeStateMachine$$Lambda$1201/678165633.run(Unknown Source)
        at java.lang.Thread.run(Thread.java:750)
"ContainerMetadataScanner" daemon prio=5 tid=3252 timed_waiting
java.lang.Thread.State: TIMED_WAITING
        at java.lang.Thread.sleep(Native Method)
        at org.apache.hadoop.ozone.container.ozoneimpl.AbstractBackgroundContainerScanner.handleRemainingSleep(AbstractBackgroundContainerScanner.java:131)
        at org.apache.hadoop.ozone.container.ozoneimpl.AbstractBackgroundContainerScanner.runIteration(AbstractBackgroundContainerScanner.java:98)
        at org.apache.hadoop.ozone.container.ozoneimpl.AbstractBackgroundContainerScanner.run(AbstractBackgroundContainerScanner.java:57)
"EventQueue-CloseContainerForCloseContainerEventHandler" daemon prio=5 tid=3591 in Object.wait()
java.lang.Thread.State: WAITING (on object monitor)
        at sun.misc.Unsafe.park(Native Method)
        at java.util.concurrent.locks.LockSupport.park(LockSupport.java:175)
        at java.util.concurrent.locks.AbstractQueuedSynchronizer$ConditionObject.await(AbstractQueuedSynchronizer.java:2039)
        at java.util.concurrent.LinkedBlockingQueue.take(LinkedBlockingQueue.java:442)
        at java.util.concurrent.ThreadPoolExecutor.getTask(ThreadPoolExecutor.java:1074)
        at java.util.concurrent.ThreadPoolExecutor.runWorker(ThreadPoolExecutor.java:1134)
        at java.util.concurrent.ThreadPoolExecutor$Worker.run(ThreadPoolExecutor.java:624)
        at java.lang.Thread.run(Thread.java:750)
"LeakDetector-ManagedRocksObject0" daemon prio=5 tid=20 in Object.wait()
java.lang.Thread.State: WAITING (on object monitor)
        at java.lang.Object.wait(Native Method)
        at java.lang.ref.ReferenceQueue.remove(ReferenceQueue.java:144)
        at java.lang.ref.ReferenceQueue.remove(ReferenceQueue.java:165)
        at org.apache.hadoop.hdds.utils.LeakDetector.run(LeakDetector.java:80)
        at org.apache.hadoop.hdds.utils.LeakDetector$$Lambda$576/728370857.run(Unknown Source)
        at java.lang.Thread.run(Thread.java:750)
"6cf56e53-88cb-4022-bd56-d9b5c4d884ee@group-9461FA60FDFB-cacheEviction-AwaitToRun" daemon prio=5 tid=3838 in Object.wait()
java.lang.Thread.State: WAITING (on object monitor)
        at sun.misc.Unsafe.park(Native Method)
        at java.util.concurrent.locks.LockSupport.park(LockSupport.java:175)
        at java.util.concurrent.locks.AbstractQueuedSynchronizer$ConditionObject.await(AbstractQueuedSynchronizer.java:2039)
        at org.apache.ratis.util.AwaitForSignal.await(AwaitForSignal.java:48)
        at org.apache.ratis.util.AwaitToRun$RunnableImpl.run(AwaitToRun.java:47)
        at java.lang.Thread.run(Thread.java:750)
"IPC Server handler 3 on default port 15107" daemon prio=5 tid=2832 timed_waiting
java.lang.Thread.State: TIMED_WAITING
        at sun.misc.Unsafe.park(Native Method)
        at java.util.concurrent.locks.LockSupport.parkNanos(LockSupport.java:215)
        at java.util.concurrent.locks.AbstractQueuedSynchronizer$ConditionObject.awaitNanos(AbstractQueuedSynchronizer.java:2078)
        at java.util.concurrent.LinkedBlockingQueue.poll(LinkedBlockingQueue.java:467)
        at org.apache.hadoop.ipc.CallQueueManager.take(CallQueueManager.java:317)
        at org.apache.hadoop.ipc.Server$Handler.run(Server.java:3014)
"StaleRecoveringContainerScrubbingService#7" daemon prio=5 tid=3865 in Object.wait()
java.lang.Thread.State: WAITING (on object monitor)
        at sun.misc.Unsafe.park(Native Method)
        at java.util.concurrent.locks.LockSupport.park(LockSupport.java:175)
        at java.util.concurrent.locks.AbstractQueuedSynchronizer$ConditionObject.await(AbstractQueuedSynchronizer.java:2039)
        at java.util.concurrent.ScheduledThreadPoolExecutor$DelayedWorkQueue.take(ScheduledThreadPoolExecutor.java:1088)
        at java.util.concurrent.ScheduledThreadPoolExecutor$DelayedWorkQueue.take(ScheduledThreadPoolExecutor.java:809)
        at java.util.concurrent.ThreadPoolExecutor.getTask(ThreadPoolExecutor.java:1074)
        at java.util.concurrent.ThreadPoolExecutor.runWorker(ThreadPoolExecutor.java:1134)
        at java.util.concurrent.ThreadPoolExecutor$Worker.run(ThreadPoolExecutor.java:624)
        at java.lang.Thread.run(Thread.java:750)
"org.apache.hadoop.ozone.container.common.statemachine.commandhandler.DeleteBlocksCommandHandler$DeleteCmdWorker@6ad5458b" daemon prio=5 tid=3794 timed_waiting
java.lang.Thread.State: TIMED_WAITING
        at java.lang.Thread.sleep(Native Method)
        at org.apache.hadoop.ozone.container.common.statemachine.commandhandler.DeleteBlocksCommandHandler$DeleteCmdWorker.run(DeleteBlocksCommandHandler.java:259)
        at java.lang.Thread.run(Thread.java:750)
"IPC Server handler 10 on default port 15110" daemon prio=5 tid=3092 timed_waiting
java.lang.Thread.State: TIMED_WAITING
        at sun.misc.Unsafe.park(Native Method)
        at java.util.concurrent.locks.LockSupport.parkNanos(LockSupport.java:215)
        at java.util.concurrent.locks.AbstractQueuedSynchronizer$ConditionObject.awaitNanos(AbstractQueuedSynchronizer.java:2078)
        at java.util.concurrent.LinkedBlockingQueue.poll(LinkedBlockingQueue.java:467)
        at org.apache.hadoop.ipc.CallQueueManager.take(CallQueueManager.java:317)
        at org.apache.hadoop.ipc.Server$Handler.run(Server.java:3014)
"Session-HouseKeeper-4038323f-1"  prio=5 tid=3081 timed_waiting
java.lang.Thread.State: TIMED_WAITING
        at sun.misc.Unsafe.park(Native Method)
        at java.util.concurrent.locks.LockSupport.parkNanos(LockSupport.java:215)
        at java.util.concurrent.locks.AbstractQueuedSynchronizer$ConditionObject.awaitNanos(AbstractQueuedSynchronizer.java:2078)
        at java.util.concurrent.ScheduledThreadPoolExecutor$DelayedWorkQueue.take(ScheduledThreadPoolExecutor.java:1093)
        at java.util.concurrent.ScheduledThreadPoolExecutor$DelayedWorkQueue.take(ScheduledThreadPoolExecutor.java:809)
        at java.util.concurrent.ThreadPoolExecutor.getTask(ThreadPoolExecutor.java:1074)
        at java.util.concurrent.ThreadPoolExecutor.runWorker(ThreadPoolExecutor.java:1134)
        at java.util.concurrent.ThreadPoolExecutor$Worker.run(ThreadPoolExecutor.java:624)
        at java.lang.Thread.run(Thread.java:750)
"9387e6e8-bf6d-4d10-9dc1-f1bd05fc02cf@group-77AD9CB52074-SegmentedRaftLogWorker"  prio=5 tid=3666 timed_waiting
java.lang.Thread.State: TIMED_WAITING
        at sun.misc.Unsafe.park(Native Method)
        at java.util.concurrent.locks.LockSupport.parkNanos(LockSupport.java:215)
        at java.util.concurrent.locks.AbstractQueuedSynchronizer$ConditionObject.awaitNanos(AbstractQueuedSynchronizer.java:2078)
        at org.apache.ratis.util.DataBlockingQueue.poll(DataBlockingQueue.java:148)
        at org.apache.ratis.server.raftlog.segmented.SegmentedRaftLogWorker.run(SegmentedRaftLogWorker.java:299)
        at org.apache.ratis.server.raftlog.segmented.SegmentedRaftLogWorker$$Lambda$1079/927089352.run(Unknown Source)
        at java.util.concurrent.Executors$RunnableAdapter.call(Executors.java:511)
        at java.util.concurrent.FutureTask.run(FutureTask.java:266)
        at java.util.concurrent.ThreadPoolExecutor.runWorker(ThreadPoolExecutor.java:1149)
        at java.util.concurrent.ThreadPoolExecutor$Worker.run(ThreadPoolExecutor.java:624)
        at java.lang.Thread.run(Thread.java:750)
"IPC Server handler 0 on default port 15125" daemon prio=5 tid=3149 timed_waiting
java.lang.Thread.State: TIMED_WAITING
        at sun.misc.Unsafe.park(Native Method)
        at java.util.concurrent.locks.LockSupport.parkNanos(LockSupport.java:215)
        at java.util.concurrent.locks.AbstractQueuedSynchronizer$ConditionObject.awaitNanos(AbstractQueuedSynchronizer.java:2078)
        at java.util.concurrent.LinkedBlockingQueue.poll(LinkedBlockingQueue.java:467)
        at org.apache.hadoop.ipc.CallQueueManager.take(CallQueueManager.java:317)
        at org.apache.hadoop.ipc.Server$Handler.run(Server.java:3014)
"JvmPauseMonitor20" daemon prio=5 tid=3330 timed_waiting
java.lang.Thread.State: TIMED_WAITING
        at java.lang.Thread.sleep(Native Method)
        at java.lang.Thread.sleep(Thread.java:342)
        at java.util.concurrent.TimeUnit.sleep(TimeUnit.java:386)
        at org.apache.ratis.util.TimeDuration.sleep(TimeDuration.java:353)
        at org.apache.ratis.util.TimeDuration.sleep(TimeDuration.java:338)
        at org.apache.ratis.util.JvmPauseMonitor.detectPause(JvmPauseMonitor.java:160)
        at org.apache.ratis.util.JvmPauseMonitor.run(JvmPauseMonitor.java:149)
        at org.apache.ratis.util.JvmPauseMonitor$$Lambda$706/992171555.run(Unknown Source)
        at java.lang.Thread.run(Thread.java:750)
"StaleRecoveringContainerScrubbingService#4" daemon prio=5 tid=3737 timed_waiting
java.lang.Thread.State: TIMED_WAITING
        at sun.misc.Unsafe.park(Native Method)
        at java.util.concurrent.locks.LockSupport.parkNanos(LockSupport.java:215)
        at java.util.concurrent.locks.AbstractQueuedSynchronizer$ConditionObject.awaitNanos(AbstractQueuedSynchronizer.java:2078)
        at java.util.concurrent.ScheduledThreadPoolExecutor$DelayedWorkQueue.take(ScheduledThreadPoolExecutor.java:1093)
        at java.util.concurrent.ScheduledThreadPoolExecutor$DelayedWorkQueue.take(ScheduledThreadPoolExecutor.java:809)
        at java.util.concurrent.ThreadPoolExecutor.getTask(ThreadPoolExecutor.java:1074)
        at java.util.concurrent.ThreadPoolExecutor.runWorker(ThreadPoolExecutor.java:1134)
        at java.util.concurrent.ThreadPoolExecutor$Worker.run(ThreadPoolExecutor.java:624)
        at java.lang.Thread.run(Thread.java:750)
"IPC Server handler 89 on default port 15106" daemon prio=5 tid=2818 timed_waiting
java.lang.Thread.State: TIMED_WAITING
        at sun.misc.Unsafe.park(Native Method)
        at java.util.concurrent.locks.LockSupport.parkNanos(LockSupport.java:215)
        at java.util.concurrent.locks.AbstractQueuedSynchronizer$ConditionObject.awaitNanos(AbstractQueuedSynchronizer.java:2078)
        at java.util.concurrent.LinkedBlockingQueue.poll(LinkedBlockingQueue.java:467)
        at org.apache.hadoop.ipc.CallQueueManager.take(CallQueueManager.java:317)
        at org.apache.hadoop.ipc.Server$Handler.run(Server.java:3014)
"Session-HouseKeeper-6a9784d1-1"  prio=5 tid=3115 timed_waiting
java.lang.Thread.State: TIMED_WAITING
        at sun.misc.Unsafe.park(Native Method)
        at java.util.concurrent.locks.LockSupport.parkNanos(LockSupport.java:215)
        at java.util.concurrent.locks.AbstractQueuedSynchronizer$ConditionObject.awaitNanos(AbstractQueuedSynchronizer.java:2078)
        at java.util.concurrent.ScheduledThreadPoolExecutor$DelayedWorkQueue.take(ScheduledThreadPoolExecutor.java:1093)
        at java.util.concurrent.ScheduledThreadPoolExecutor$DelayedWorkQueue.take(ScheduledThreadPoolExecutor.java:809)
        at java.util.concurrent.ThreadPoolExecutor.getTask(ThreadPoolExecutor.java:1074)
        at java.util.concurrent.ThreadPoolExecutor.runWorker(ThreadPoolExecutor.java:1134)
        at java.util.concurrent.ThreadPoolExecutor$Worker.run(ThreadPoolExecutor.java:624)
        at java.lang.Thread.run(Thread.java:750)
"IPC Server handler 77 on default port 15108" daemon prio=5 tid=3006 timed_waiting
java.lang.Thread.State: TIMED_WAITING
        at sun.misc.Unsafe.park(Native Method)
        at java.util.concurrent.locks.LockSupport.parkNanos(LockSupport.java:215)
        at java.util.concurrent.locks.AbstractQueuedSynchronizer$ConditionObject.awaitNanos(AbstractQueuedSynchronizer.java:2078)
        at java.util.concurrent.LinkedBlockingQueue.poll(LinkedBlockingQueue.java:467)
        at org.apache.hadoop.ipc.CallQueueManager.take(CallQueueManager.java:317)
        at org.apache.hadoop.ipc.Server$Handler.run(Server.java:3014)
"IPC Server handler 27 on default port 15106" daemon prio=5 tid=2756 timed_waiting
java.lang.Thread.State: TIMED_WAITING
        at sun.misc.Unsafe.park(Native Method)
        at java.util.concurrent.locks.LockSupport.parkNanos(LockSupport.java:215)
        at java.util.concurrent.locks.AbstractQueuedSynchronizer$ConditionObject.awaitNanos(AbstractQueuedSynchronizer.java:2078)
        at java.util.concurrent.LinkedBlockingQueue.poll(LinkedBlockingQueue.java:467)
        at org.apache.hadoop.ipc.CallQueueManager.take(CallQueueManager.java:317)
        at org.apache.hadoop.ipc.Server$Handler.run(Server.java:3014)
"IPC Server handler 20 on default port 15108" daemon prio=5 tid=2949 timed_waiting
java.lang.Thread.State: TIMED_WAITING
        at sun.misc.Unsafe.park(Native Method)
        at java.util.concurrent.locks.LockSupport.parkNanos(LockSupport.java:215)
        at java.util.concurrent.locks.AbstractQueuedSynchronizer$ConditionObject.awaitNanos(AbstractQueuedSynchronizer.java:2078)
        at java.util.concurrent.LinkedBlockingQueue.poll(LinkedBlockingQueue.java:467)
        at org.apache.hadoop.ipc.CallQueueManager.take(CallQueueManager.java:317)
        at org.apache.hadoop.ipc.Server$Handler.run(Server.java:3014)
"StaleRecoveringContainerScrubbingService#8" daemon prio=5 tid=3920 in Object.wait()
java.lang.Thread.State: WAITING (on object monitor)
        at sun.misc.Unsafe.park(Native Method)
        at java.util.concurrent.locks.LockSupport.park(LockSupport.java:175)
        at java.util.concurrent.locks.AbstractQueuedSynchronizer$ConditionObject.await(AbstractQueuedSynchronizer.java:2039)
        at java.util.concurrent.ScheduledThreadPoolExecutor$DelayedWorkQueue.take(ScheduledThreadPoolExecutor.java:1088)
        at java.util.concurrent.ScheduledThreadPoolExecutor$DelayedWorkQueue.take(ScheduledThreadPoolExecutor.java:809)
        at java.util.concurrent.ThreadPoolExecutor.getTask(ThreadPoolExecutor.java:1074)
        at java.util.concurrent.ThreadPoolExecutor.runWorker(ThreadPoolExecutor.java:1134)
        at java.util.concurrent.ThreadPoolExecutor$Worker.run(ThreadPoolExecutor.java:624)
        at java.lang.Thread.run(Thread.java:750)
"StaleRecoveringContainerScrubbingService#6" daemon prio=5 tid=3758 in Object.wait()
java.lang.Thread.State: WAITING (on object monitor)
        at sun.misc.Unsafe.park(Native Method)
        at java.util.concurrent.locks.LockSupport.park(LockSupport.java:175)
        at java.util.concurrent.locks.AbstractQueuedSynchronizer$ConditionObject.await(AbstractQueuedSynchronizer.java:2039)
        at java.util.concurrent.ScheduledThreadPoolExecutor$DelayedWorkQueue.take(ScheduledThreadPoolExecutor.java:1088)
        at java.util.concurrent.ScheduledThreadPoolExecutor$DelayedWorkQueue.take(ScheduledThreadPoolExecutor.java:809)
        at java.util.concurrent.ThreadPoolExecutor.getTask(ThreadPoolExecutor.java:1074)
        at java.util.concurrent.ThreadPoolExecutor.runWorker(ThreadPoolExecutor.java:1134)
        at java.util.concurrent.ThreadPoolExecutor$Worker.run(ThreadPoolExecutor.java:624)
        at java.lang.Thread.run(Thread.java:750)
"IPC Server handler 96 on default port 15106" daemon prio=5 tid=2825 timed_waiting
java.lang.Thread.State: TIMED_WAITING
        at sun.misc.Unsafe.park(Native Method)
        at java.util.concurrent.locks.LockSupport.parkNanos(LockSupport.java:215)
        at java.util.concurrent.locks.AbstractQueuedSynchronizer$ConditionObject.awaitNanos(AbstractQueuedSynchronizer.java:2078)
        at java.util.concurrent.LinkedBlockingQueue.poll(LinkedBlockingQueue.java:467)
        at org.apache.hadoop.ipc.CallQueueManager.take(CallQueueManager.java:317)
        at org.apache.hadoop.ipc.Server$Handler.run(Server.java:3014)
"IPC Server handler 21 on default port 15108" daemon prio=5 tid=2950 timed_waiting
java.lang.Thread.State: TIMED_WAITING
        at sun.misc.Unsafe.park(Native Method)
        at java.util.concurrent.locks.LockSupport.parkNanos(LockSupport.java:215)
        at java.util.concurrent.locks.AbstractQueuedSynchronizer$ConditionObject.awaitNanos(AbstractQueuedSynchronizer.java:2078)
        at java.util.concurrent.LinkedBlockingQueue.poll(LinkedBlockingQueue.java:467)
        at org.apache.hadoop.ipc.CallQueueManager.take(CallQueueManager.java:317)
        at org.apache.hadoop.ipc.Server$Handler.run(Server.java:3014)
"IPC Server handler 24 on default port 15108" daemon prio=5 tid=2953 timed_waiting
java.lang.Thread.State: TIMED_WAITING
        at sun.misc.Unsafe.park(Native Method)
        at java.util.concurrent.locks.LockSupport.parkNanos(LockSupport.java:215)
        at java.util.concurrent.locks.AbstractQueuedSynchronizer$ConditionObject.awaitNanos(AbstractQueuedSynchronizer.java:2078)
        at java.util.concurrent.LinkedBlockingQueue.poll(LinkedBlockingQueue.java:467)
        at org.apache.hadoop.ipc.CallQueueManager.take(CallQueueManager.java:317)
        at org.apache.hadoop.ipc.Server$Handler.run(Server.java:3014)
"IPC Server handler 71 on default port 15107" daemon prio=5 tid=2900 timed_waiting
java.lang.Thread.State: TIMED_WAITING
        at sun.misc.Unsafe.park(Native Method)
        at java.util.concurrent.locks.LockSupport.parkNanos(LockSupport.java:215)
        at java.util.concurrent.locks.AbstractQueuedSynchronizer$ConditionObject.awaitNanos(AbstractQueuedSynchronizer.java:2078)
        at java.util.concurrent.LinkedBlockingQueue.poll(LinkedBlockingQueue.java:467)
        at org.apache.hadoop.ipc.CallQueueManager.take(CallQueueManager.java:317)
        at org.apache.hadoop.ipc.Server$Handler.run(Server.java:3014)
"IPC Server handler 52 on default port 15108" daemon prio=5 tid=2981 timed_waiting
java.lang.Thread.State: TIMED_WAITING
        at sun.misc.Unsafe.park(Native Method)
        at java.util.concurrent.locks.LockSupport.parkNanos(LockSupport.java:215)
        at java.util.concurrent.locks.AbstractQueuedSynchronizer$ConditionObject.awaitNanos(AbstractQueuedSynchronizer.java:2078)
        at java.util.concurrent.LinkedBlockingQueue.poll(LinkedBlockingQueue.java:467)
        at org.apache.hadoop.ipc.CallQueueManager.take(CallQueueManager.java:317)
        at org.apache.hadoop.ipc.Server$Handler.run(Server.java:3014)
"StaleRecoveringContainerScrubbingService#0" daemon prio=5 tid=3279 in Object.wait()
java.lang.Thread.State: WAITING (on object monitor)
        at sun.misc.Unsafe.park(Native Method)
        at java.util.concurrent.locks.LockSupport.park(LockSupport.java:175)
        at java.util.concurrent.locks.AbstractQueuedSynchronizer$ConditionObject.await(AbstractQueuedSynchronizer.java:2039)
        at java.util.concurrent.ScheduledThreadPoolExecutor$DelayedWorkQueue.take(ScheduledThreadPoolExecutor.java:1088)
        at java.util.concurrent.ScheduledThreadPoolExecutor$DelayedWorkQueue.take(ScheduledThreadPoolExecutor.java:809)
        at java.util.concurrent.ThreadPoolExecutor.getTask(ThreadPoolExecutor.java:1074)
        at java.util.concurrent.ThreadPoolExecutor.runWorker(ThreadPoolExecutor.java:1134)
        at java.util.concurrent.ThreadPoolExecutor$Worker.run(ThreadPoolExecutor.java:624)
        at java.lang.Thread.run(Thread.java:750)
"IPC Server handler 28 on default port 15106" daemon prio=5 tid=2757 timed_waiting
java.lang.Thread.State: TIMED_WAITING
        at sun.misc.Unsafe.park(Native Method)
        at java.util.concurrent.locks.LockSupport.parkNanos(LockSupport.java:215)
        at java.util.concurrent.locks.AbstractQueuedSynchronizer$ConditionObject.awaitNanos(AbstractQueuedSynchronizer.java:2078)
        at java.util.concurrent.LinkedBlockingQueue.poll(LinkedBlockingQueue.java:467)
        at org.apache.hadoop.ipc.CallQueueManager.take(CallQueueManager.java:317)
        at org.apache.hadoop.ipc.Server$Handler.run(Server.java:3014)
"IPC Server handler 33 on default port 15108" daemon prio=5 tid=2962 timed_waiting
java.lang.Thread.State: TIMED_WAITING
        at sun.misc.Unsafe.park(Native Method)
        at java.util.concurrent.locks.LockSupport.parkNanos(LockSupport.java:215)
        at java.util.concurrent.locks.AbstractQueuedSynchronizer$ConditionObject.awaitNanos(AbstractQueuedSynchronizer.java:2078)
        at java.util.concurrent.LinkedBlockingQueue.poll(LinkedBlockingQueue.java:467)
        at org.apache.hadoop.ipc.CallQueueManager.take(CallQueueManager.java:317)
        at org.apache.hadoop.ipc.Server$Handler.run(Server.java:3014)
"IPC Server idle connection scanner for port 15108" daemon prio=5 tid=2704 timed_waiting
java.lang.Thread.State: TIMED_WAITING
        at java.lang.Object.wait(Native Method)
        at java.util.TimerThread.mainLoop(Timer.java:552)
        at java.util.TimerThread.run(Timer.java:505)
"IPC Server handler 13 on default port 15108" daemon prio=5 tid=2942 timed_waiting
java.lang.Thread.State: TIMED_WAITING
        at sun.misc.Unsafe.park(Native Method)
        at java.util.concurrent.locks.LockSupport.parkNanos(LockSupport.java:215)
        at java.util.concurrent.locks.AbstractQueuedSynchronizer$ConditionObject.awaitNanos(AbstractQueuedSynchronizer.java:2078)
        at java.util.concurrent.LinkedBlockingQueue.poll(LinkedBlockingQueue.java:467)
        at org.apache.hadoop.ipc.CallQueueManager.take(CallQueueManager.java:317)
        at org.apache.hadoop.ipc.Server$Handler.run(Server.java:3014)
"IPC Server handler 36 on default port 15108" daemon prio=5 tid=2965 timed_waiting
java.lang.Thread.State: TIMED_WAITING
        at sun.misc.Unsafe.park(Native Method)
        at java.util.concurrent.locks.LockSupport.parkNanos(LockSupport.java:215)
        at java.util.concurrent.locks.AbstractQueuedSynchronizer$ConditionObject.awaitNanos(AbstractQueuedSynchronizer.java:2078)
        at java.util.concurrent.LinkedBlockingQueue.poll(LinkedBlockingQueue.java:467)
        at org.apache.hadoop.ipc.CallQueueManager.take(CallQueueManager.java:317)
        at org.apache.hadoop.ipc.Server$Handler.run(Server.java:3014)
"qtp1284879016-3224" daemon prio=5 tid=3224 timed_waiting
java.lang.Thread.State: TIMED_WAITING
        at sun.misc.Unsafe.park(Native Method)
        at java.util.concurrent.locks.LockSupport.parkNanos(LockSupport.java:215)
        at java.util.concurrent.locks.AbstractQueuedSynchronizer$ConditionObject.awaitNanos(AbstractQueuedSynchronizer.java:2078)
        at org.eclipse.jetty.util.BlockingArrayQueue.poll(BlockingArrayQueue.java:382)
        at org.eclipse.jetty.util.thread.QueuedThreadPool$Runner.idleJobPoll(QueuedThreadPool.java:974)
        at org.eclipse.jetty.util.thread.QueuedThreadPool$Runner.run(QueuedThreadPool.java:1018)
        at java.lang.Thread.run(Thread.java:750)
"80370d78-c36f-4d75-b7cb-6753407b0dff-DatanodeReportManager-0" daemon prio=5 tid=3235 in Object.wait()
java.lang.Thread.State: WAITING (on object monitor)
        at sun.misc.Unsafe.park(Native Method)
        at java.util.concurrent.locks.LockSupport.park(LockSupport.java:175)
        at java.util.concurrent.locks.AbstractQueuedSynchronizer$ConditionObject.await(AbstractQueuedSynchronizer.java:2039)
        at java.util.concurrent.ScheduledThreadPoolExecutor$DelayedWorkQueue.take(ScheduledThreadPoolExecutor.java:1088)
        at java.util.concurrent.ScheduledThreadPoolExecutor$DelayedWorkQueue.take(ScheduledThreadPoolExecutor.java:809)
        at java.util.concurrent.ThreadPoolExecutor.getTask(ThreadPoolExecutor.java:1074)
        at java.util.concurrent.ThreadPoolExecutor.runWorker(ThreadPoolExecutor.java:1134)
        at java.util.concurrent.ThreadPoolExecutor$Worker.run(ThreadPoolExecutor.java:624)
        at java.lang.Thread.run(Thread.java:750)
"80370d78-c36f-4d75-b7cb-6753407b0dff-BlockDeletingService#7" daemon prio=5 tid=3868 in Object.wait()
java.lang.Thread.State: WAITING (on object monitor)
        at sun.misc.Unsafe.park(Native Method)
        at java.util.concurrent.locks.LockSupport.park(LockSupport.java:175)
        at java.util.concurrent.locks.AbstractQueuedSynchronizer$ConditionObject.await(AbstractQueuedSynchronizer.java:2039)
        at java.util.concurrent.ScheduledThreadPoolExecutor$DelayedWorkQueue.take(ScheduledThreadPoolExecutor.java:1088)
        at java.util.concurrent.ScheduledThreadPoolExecutor$DelayedWorkQueue.take(ScheduledThreadPoolExecutor.java:809)
        at java.util.concurrent.ThreadPoolExecutor.getTask(ThreadPoolExecutor.java:1074)
        at java.util.concurrent.ThreadPoolExecutor.runWorker(ThreadPoolExecutor.java:1134)
        at java.util.concurrent.ThreadPoolExecutor$Worker.run(ThreadPoolExecutor.java:624)
        at java.lang.Thread.run(Thread.java:750)
"9387e6e8-bf6d-4d10-9dc1-f1bd05fc02cf@group-E2078B4A5995-StateMachineUpdater" daemon prio=5 tid=3350 timed_waiting
java.lang.Thread.State: TIMED_WAITING
        at sun.misc.Unsafe.park(Native Method)
        at java.util.concurrent.locks.LockSupport.parkNanos(LockSupport.java:215)
        at java.util.concurrent.locks.AbstractQueuedSynchronizer$ConditionObject.await(AbstractQueuedSynchronizer.java:2163)
        at org.apache.ratis.util.AwaitForSignal.await(AwaitForSignal.java:65)
        at org.apache.ratis.server.impl.StateMachineUpdater.waitForCommit(StateMachineUpdater.java:211)
        at org.apache.ratis.server.impl.StateMachineUpdater.run(StateMachineUpdater.java:180)
        at java.lang.Thread.run(Thread.java:750)
"80370d78-c36f-4d75-b7cb-6753407b0dff-ContainerOp-3a57b055-28e0-4292-8aab-9a8d2995d9a7-2"  prio=5 tid=3775 in Object.wait()
java.lang.Thread.State: WAITING (on object monitor)
        at sun.misc.Unsafe.park(Native Method)
        at java.util.concurrent.locks.LockSupport.park(LockSupport.java:175)
        at java.util.concurrent.locks.AbstractQueuedSynchronizer$ConditionObject.await(AbstractQueuedSynchronizer.java:2039)
        at java.util.concurrent.LinkedBlockingQueue.take(LinkedBlockingQueue.java:442)
        at java.util.concurrent.ThreadPoolExecutor.getTask(ThreadPoolExecutor.java:1074)
        at java.util.concurrent.ThreadPoolExecutor.runWorker(ThreadPoolExecutor.java:1134)
        at java.util.concurrent.ThreadPoolExecutor$Worker.run(ThreadPoolExecutor.java:624)
        at java.lang.Thread.run(Thread.java:750)
"6cf56e53-88cb-4022-bd56-d9b5c4d884ee@group-9461FA60FDFB-FollowerState" daemon prio=5 tid=3959 timed_waiting
java.lang.Thread.State: TIMED_WAITING
        at java.lang.Thread.sleep(Native Method)
        at java.lang.Thread.sleep(Thread.java:342)
        at java.util.concurrent.TimeUnit.sleep(TimeUnit.java:386)
        at org.apache.ratis.util.TimeDuration.sleep(TimeDuration.java:353)
        at org.apache.ratis.util.TimeDuration.sleep(TimeDuration.java:338)
        at org.apache.ratis.server.impl.FollowerState.run(FollowerState.java:128)
"IPC Server handler 74 on default port 15106" daemon prio=5 tid=2803 timed_waiting
java.lang.Thread.State: TIMED_WAITING
        at sun.misc.Unsafe.park(Native Method)
        at java.util.concurrent.locks.LockSupport.parkNanos(LockSupport.java:215)
        at java.util.concurrent.locks.AbstractQueuedSynchronizer$ConditionObject.awaitNanos(AbstractQueuedSynchronizer.java:2078)
        at java.util.concurrent.LinkedBlockingQueue.poll(LinkedBlockingQueue.java:467)
        at org.apache.hadoop.ipc.CallQueueManager.take(CallQueueManager.java:317)
        at org.apache.hadoop.ipc.Server$Handler.run(Server.java:3014)
"Socket Reader #1 for port 15108"  prio=5 tid=2703 runnable
java.lang.Thread.State: RUNNABLE
        at sun.nio.ch.EPollArrayWrapper.epollWait(Native Method)
        at sun.nio.ch.EPollArrayWrapper.poll(EPollArrayWrapper.java:269)
        at sun.nio.ch.EPollSelectorImpl.doSelect(EPollSelectorImpl.java:93)
        at sun.nio.ch.SelectorImpl.lockAndDoSelect(SelectorImpl.java:86)
        at sun.nio.ch.SelectorImpl.select(SelectorImpl.java:97)
        at sun.nio.ch.SelectorImpl.select(SelectorImpl.java:101)
        at org.apache.hadoop.ipc.Server$Listener$Reader.doRunLoop(Server.java:1346)
        at org.apache.hadoop.ipc.Server$Listener$Reader.run(Server.java:1325)
"9387e6e8-bf6d-4d10-9dc1-f1bd05fc02cf-BlockDeletingService#3" daemon prio=5 tid=3606 in Object.wait()
java.lang.Thread.State: WAITING (on object monitor)
        at sun.misc.Unsafe.park(Native Method)
        at java.util.concurrent.locks.LockSupport.park(LockSupport.java:175)
        at java.util.concurrent.locks.AbstractQueuedSynchronizer$ConditionObject.await(AbstractQueuedSynchronizer.java:2039)
        at java.util.concurrent.ScheduledThreadPoolExecutor$DelayedWorkQueue.take(ScheduledThreadPoolExecutor.java:1088)
        at java.util.concurrent.ScheduledThreadPoolExecutor$DelayedWorkQueue.take(ScheduledThreadPoolExecutor.java:809)
        at java.util.concurrent.ThreadPoolExecutor.getTask(ThreadPoolExecutor.java:1074)
        at java.util.concurrent.ThreadPoolExecutor.runWorker(ThreadPoolExecutor.java:1134)
        at java.util.concurrent.ThreadPoolExecutor$Worker.run(ThreadPoolExecutor.java:624)
        at java.lang.Thread.run(Thread.java:750)
"StaleRecoveringContainerScrubbingService#2" daemon prio=5 tid=3597 in Object.wait()
java.lang.Thread.State: WAITING (on object monitor)
        at sun.misc.Unsafe.park(Native Method)
        at java.util.concurrent.locks.LockSupport.park(LockSupport.java:175)
        at java.util.concurrent.locks.AbstractQueuedSynchronizer$ConditionObject.await(AbstractQueuedSynchronizer.java:2039)
        at java.util.concurrent.ScheduledThreadPoolExecutor$DelayedWorkQueue.take(ScheduledThreadPoolExecutor.java:1088)
        at java.util.concurrent.ScheduledThreadPoolExecutor$DelayedWorkQueue.take(ScheduledThreadPoolExecutor.java:809)
        at java.util.concurrent.ThreadPoolExecutor.getTask(ThreadPoolExecutor.java:1074)
        at java.util.concurrent.ThreadPoolExecutor.runWorker(ThreadPoolExecutor.java:1134)
        at java.util.concurrent.ThreadPoolExecutor$Worker.run(ThreadPoolExecutor.java:624)
        at java.lang.Thread.run(Thread.java:750)
"a45323a7-bc80-446e-b427-0ffb34a72641-DatanodeReportManager-0" daemon prio=5 tid=3207 timed_waiting
java.lang.Thread.State: TIMED_WAITING
        at sun.misc.Unsafe.park(Native Method)
        at java.util.concurrent.locks.LockSupport.parkNanos(LockSupport.java:215)
        at java.util.concurrent.locks.AbstractQueuedSynchronizer$ConditionObject.awaitNanos(AbstractQueuedSynchronizer.java:2078)
        at java.util.concurrent.ScheduledThreadPoolExecutor$DelayedWorkQueue.take(ScheduledThreadPoolExecutor.java:1093)
        at java.util.concurrent.ScheduledThreadPoolExecutor$DelayedWorkQueue.take(ScheduledThreadPoolExecutor.java:809)
        at java.util.concurrent.ThreadPoolExecutor.getTask(ThreadPoolExecutor.java:1074)
        at java.util.concurrent.ThreadPoolExecutor.runWorker(ThreadPoolExecutor.java:1134)
        at java.util.concurrent.ThreadPoolExecutor$Worker.run(ThreadPoolExecutor.java:624)
        at java.lang.Thread.run(Thread.java:750)
"IPC Server handler 57 on default port 15108" daemon prio=5 tid=2986 timed_waiting
java.lang.Thread.State: TIMED_WAITING
        at sun.misc.Unsafe.park(Native Method)
        at java.util.concurrent.locks.LockSupport.parkNanos(LockSupport.java:215)
        at java.util.concurrent.locks.AbstractQueuedSynchronizer$ConditionObject.awaitNanos(AbstractQueuedSynchronizer.java:2078)
        at java.util.concurrent.LinkedBlockingQueue.poll(LinkedBlockingQueue.java:467)
        at org.apache.hadoop.ipc.CallQueueManager.take(CallQueueManager.java:317)
        at org.apache.hadoop.ipc.Server$Handler.run(Server.java:3014)
"IPC Server handler 5 on default port 15106" daemon prio=5 tid=2734 timed_waiting
java.lang.Thread.State: TIMED_WAITING
        at sun.misc.Unsafe.park(Native Method)
        at java.util.concurrent.locks.LockSupport.parkNanos(LockSupport.java:215)
        at java.util.concurrent.locks.AbstractQueuedSynchronizer$ConditionObject.awaitNanos(AbstractQueuedSynchronizer.java:2078)
        at java.util.concurrent.LinkedBlockingQueue.poll(LinkedBlockingQueue.java:467)
        at org.apache.hadoop.ipc.CallQueueManager.take(CallQueueManager.java:317)
        at org.apache.hadoop.ipc.Server$Handler.run(Server.java:3014)
"IPC Server handler 26 on default port 15108" daemon prio=5 tid=2955 timed_waiting
java.lang.Thread.State: TIMED_WAITING
        at sun.misc.Unsafe.park(Native Method)
        at java.util.concurrent.locks.LockSupport.parkNanos(LockSupport.java:215)
        at java.util.concurrent.locks.AbstractQueuedSynchronizer$ConditionObject.awaitNanos(AbstractQueuedSynchronizer.java:2078)
        at java.util.concurrent.LinkedBlockingQueue.poll(LinkedBlockingQueue.java:467)
        at org.apache.hadoop.ipc.CallQueueManager.take(CallQueueManager.java:317)
        at org.apache.hadoop.ipc.Server$Handler.run(Server.java:3014)
"org.apache.hadoop.ozone.container.common.statemachine.commandhandler.DeleteBlocksCommandHandler$DeleteCmdWorker@a390b5d" daemon prio=5 tid=3105 timed_waiting
java.lang.Thread.State: TIMED_WAITING
        at java.lang.Thread.sleep(Native Method)
        at org.apache.hadoop.ozone.container.common.statemachine.commandhandler.DeleteBlocksCommandHandler$DeleteCmdWorker.run(DeleteBlocksCommandHandler.java:259)
        at java.lang.Thread.run(Thread.java:750)
"IPC Server handler 78 on default port 15107" daemon prio=5 tid=2907 timed_waiting
java.lang.Thread.State: TIMED_WAITING
        at sun.misc.Unsafe.park(Native Method)
        at java.util.concurrent.locks.LockSupport.parkNanos(LockSupport.java:215)
        at java.util.concurrent.locks.AbstractQueuedSynchronizer$ConditionObject.awaitNanos(AbstractQueuedSynchronizer.java:2078)
        at java.util.concurrent.LinkedBlockingQueue.poll(LinkedBlockingQueue.java:467)
        at org.apache.hadoop.ipc.CallQueueManager.take(CallQueueManager.java:317)
        at org.apache.hadoop.ipc.Server$Handler.run(Server.java:3014)
"IPC Server handler 63 on default port 15107" daemon prio=5 tid=2892 timed_waiting
java.lang.Thread.State: TIMED_WAITING
        at sun.misc.Unsafe.park(Native Method)
        at java.util.concurrent.locks.LockSupport.parkNanos(LockSupport.java:215)
        at java.util.concurrent.locks.AbstractQueuedSynchronizer$ConditionObject.awaitNanos(AbstractQueuedSynchronizer.java:2078)
        at java.util.concurrent.LinkedBlockingQueue.poll(LinkedBlockingQueue.java:467)
        at org.apache.hadoop.ipc.CallQueueManager.take(CallQueueManager.java:317)
        at org.apache.hadoop.ipc.Server$Handler.run(Server.java:3014)
"client-write-TID-0" daemon prio=5 tid=3508 in Object.wait()
java.lang.Thread.State: WAITING (on object monitor)
        at sun.misc.Unsafe.park(Native Method)
        at java.util.concurrent.locks.LockSupport.park(LockSupport.java:175)
        at java.util.concurrent.SynchronousQueue$TransferStack.awaitFulfill(SynchronousQueue.java:458)
        at java.util.concurrent.SynchronousQueue$TransferStack.transfer(SynchronousQueue.java:362)
        at java.util.concurrent.SynchronousQueue.take(SynchronousQueue.java:924)
        at java.util.concurrent.ThreadPoolExecutor.getTask(ThreadPoolExecutor.java:1074)
        at java.util.concurrent.ThreadPoolExecutor.runWorker(ThreadPoolExecutor.java:1134)
        at java.util.concurrent.ThreadPoolExecutor$Worker.run(ThreadPoolExecutor.java:624)
        at java.lang.Thread.run(Thread.java:750)
"JvmPauseMonitor15" daemon prio=5 tid=3060 timed_waiting
java.lang.Thread.State: TIMED_WAITING
        at java.lang.Thread.sleep(Native Method)
        at java.lang.Thread.sleep(Thread.java:342)
        at java.util.concurrent.TimeUnit.sleep(TimeUnit.java:386)
        at org.apache.ratis.util.TimeDuration.sleep(TimeDuration.java:353)
        at org.apache.ratis.util.TimeDuration.sleep(TimeDuration.java:338)
        at org.apache.ratis.util.JvmPauseMonitor.detectPause(JvmPauseMonitor.java:160)
        at org.apache.ratis.util.JvmPauseMonitor.run(JvmPauseMonitor.java:149)
        at org.apache.ratis.util.JvmPauseMonitor$$Lambda$706/992171555.run(Unknown Source)
        at java.lang.Thread.run(Thread.java:750)
"IPC Server handler 76 on default port 15106" daemon prio=5 tid=2805 timed_waiting
java.lang.Thread.State: TIMED_WAITING
        at sun.misc.Unsafe.park(Native Method)
        at java.util.concurrent.locks.LockSupport.parkNanos(LockSupport.java:215)
        at java.util.concurrent.locks.AbstractQueuedSynchronizer$ConditionObject.awaitNanos(AbstractQueuedSynchronizer.java:2078)
        at java.util.concurrent.LinkedBlockingQueue.poll(LinkedBlockingQueue.java:467)
        at org.apache.hadoop.ipc.CallQueueManager.take(CallQueueManager.java:317)
        at org.apache.hadoop.ipc.Server$Handler.run(Server.java:3014)
"80370d78-c36f-4d75-b7cb-6753407b0dff-ContainerOp-3a57b055-28e0-4292-8aab-9a8d2995d9a7-7"  prio=5 tid=3783 in Object.wait()
java.lang.Thread.State: WAITING (on object monitor)
        at sun.misc.Unsafe.park(Native Method)
        at java.util.concurrent.locks.LockSupport.park(LockSupport.java:175)
        at java.util.concurrent.locks.AbstractQueuedSynchronizer$ConditionObject.await(AbstractQueuedSynchronizer.java:2039)
        at java.util.concurrent.LinkedBlockingQueue.take(LinkedBlockingQueue.java:442)
        at java.util.concurrent.ThreadPoolExecutor.getTask(ThreadPoolExecutor.java:1074)
        at java.util.concurrent.ThreadPoolExecutor.runWorker(ThreadPoolExecutor.java:1134)
        at java.util.concurrent.ThreadPoolExecutor$Worker.run(ThreadPoolExecutor.java:624)
        at java.lang.Thread.run(Thread.java:750)
"80370d78-c36f-4d75-b7cb-6753407b0dff-server-thread2" daemon prio=5 tid=3699 timed_waiting
java.lang.Thread.State: TIMED_WAITING
        at sun.misc.Unsafe.park(Native Method)
        at java.util.concurrent.locks.LockSupport.parkNanos(LockSupport.java:215)
        at java.util.concurrent.SynchronousQueue$TransferStack.awaitFulfill(SynchronousQueue.java:460)
        at java.util.concurrent.SynchronousQueue$TransferStack.transfer(SynchronousQueue.java:362)
        at java.util.concurrent.SynchronousQueue.poll(SynchronousQueue.java:941)
        at java.util.concurrent.ThreadPoolExecutor.getTask(ThreadPoolExecutor.java:1073)
        at java.util.concurrent.ThreadPoolExecutor.runWorker(ThreadPoolExecutor.java:1134)
        at java.util.concurrent.ThreadPoolExecutor$Worker.run(ThreadPoolExecutor.java:624)
        at java.lang.Thread.run(Thread.java:750)
"IPC Server handler 19 on default port 15108" daemon prio=5 tid=2948 timed_waiting
java.lang.Thread.State: TIMED_WAITING
        at sun.misc.Unsafe.park(Native Method)
        at java.util.concurrent.locks.LockSupport.parkNanos(LockSupport.java:215)
        at java.util.concurrent.locks.AbstractQueuedSynchronizer$ConditionObject.awaitNanos(AbstractQueuedSynchronizer.java:2078)
        at java.util.concurrent.LinkedBlockingQueue.poll(LinkedBlockingQueue.java:467)
        at org.apache.hadoop.ipc.CallQueueManager.take(CallQueueManager.java:317)
        at org.apache.hadoop.ipc.Server$Handler.run(Server.java:3014)
"qtp266429001-3035-acceptor-0@a3d8fc4-ServerConnector@1310c39f{HTTP/1.1, (http/1.1)}{0.0.0.0:15109}" daemon prio=3 tid=3035 runnable
java.lang.Thread.State: RUNNABLE
        at sun.nio.ch.ServerSocketChannelImpl.accept0(Native Method)
        at sun.nio.ch.ServerSocketChannelImpl.accept(ServerSocketChannelImpl.java:421)
        at sun.nio.ch.ServerSocketChannelImpl.accept(ServerSocketChannelImpl.java:249)
        at org.eclipse.jetty.server.ServerConnector.accept(ServerConnector.java:388)
        at org.eclipse.jetty.server.AbstractConnector$Acceptor.run(AbstractConnector.java:704)
        at org.eclipse.jetty.util.thread.QueuedThreadPool.runJob(QueuedThreadPool.java:883)
        at org.eclipse.jetty.util.thread.QueuedThreadPool$Runner.run(QueuedThreadPool.java:1034)
        at java.lang.Thread.run(Thread.java:750)
"IPC Server handler 82 on default port 15108" daemon prio=5 tid=3011 timed_waiting
java.lang.Thread.State: TIMED_WAITING
        at sun.misc.Unsafe.park(Native Method)
        at java.util.concurrent.locks.LockSupport.parkNanos(LockSupport.java:215)
        at java.util.concurrent.locks.AbstractQueuedSynchronizer$ConditionObject.awaitNanos(AbstractQueuedSynchronizer.java:2078)
        at java.util.concurrent.LinkedBlockingQueue.poll(LinkedBlockingQueue.java:467)
        at org.apache.hadoop.ipc.CallQueueManager.take(CallQueueManager.java:317)
        at org.apache.hadoop.ipc.Server$Handler.run(Server.java:3014)
"Socket Reader #1 for port 15152"  prio=5 tid=3229 runnable
java.lang.Thread.State: RUNNABLE
        at sun.nio.ch.EPollArrayWrapper.epollWait(Native Method)
        at sun.nio.ch.EPollArrayWrapper.poll(EPollArrayWrapper.java:269)
        at sun.nio.ch.EPollSelectorImpl.doSelect(EPollSelectorImpl.java:93)
        at sun.nio.ch.SelectorImpl.lockAndDoSelect(SelectorImpl.java:86)
        at sun.nio.ch.SelectorImpl.select(SelectorImpl.java:97)
        at sun.nio.ch.SelectorImpl.select(SelectorImpl.java:101)
        at org.apache.hadoop.ipc.Server$Listener$Reader.doRunLoop(Server.java:1346)
        at org.apache.hadoop.ipc.Server$Listener$Reader.run(Server.java:1325)
"6cf56e53-88cb-4022-bd56-d9b5c4d884ee-ChunkWriter-3-0" daemon prio=5 tid=3830 in Object.wait()
java.lang.Thread.State: WAITING (on object monitor)
        at sun.misc.Unsafe.park(Native Method)
        at java.util.concurrent.locks.LockSupport.park(LockSupport.java:175)
        at java.util.concurrent.locks.AbstractQueuedSynchronizer$ConditionObject.await(AbstractQueuedSynchronizer.java:2039)
        at java.util.concurrent.LinkedBlockingDeque.takeFirst(LinkedBlockingDeque.java:492)
        at java.util.concurrent.LinkedBlockingDeque.take(LinkedBlockingDeque.java:680)
        at java.util.concurrent.ThreadPoolExecutor.getTask(ThreadPoolExecutor.java:1074)
        at java.util.concurrent.ThreadPoolExecutor.runWorker(ThreadPoolExecutor.java:1134)
        at java.util.concurrent.ThreadPoolExecutor$Worker.run(ThreadPoolExecutor.java:624)
        at java.lang.Thread.run(Thread.java:750)
"IPC Server handler 3 on default port 15110" daemon prio=5 tid=3085 timed_waiting
java.lang.Thread.State: TIMED_WAITING
        at sun.misc.Unsafe.park(Native Method)
        at java.util.concurrent.locks.LockSupport.parkNanos(LockSupport.java:215)
        at java.util.concurrent.locks.AbstractQueuedSynchronizer$ConditionObject.awaitNanos(AbstractQueuedSynchronizer.java:2078)
        at java.util.concurrent.LinkedBlockingQueue.poll(LinkedBlockingQueue.java:467)
        at org.apache.hadoop.ipc.CallQueueManager.take(CallQueueManager.java:317)
        at org.apache.hadoop.ipc.Server$Handler.run(Server.java:3014)
"5491d7e5-9af2-4065-ab09-d4e625e11d45-CloseContainerThread-0"  prio=5 tid=2347 in Object.wait()
java.lang.Thread.State: WAITING (on object monitor)
        at sun.misc.Unsafe.park(Native Method)
        at java.util.concurrent.locks.LockSupport.park(LockSupport.java:175)
        at java.util.concurrent.locks.AbstractQueuedSynchronizer$ConditionObject.await(AbstractQueuedSynchronizer.java:2039)
        at java.util.concurrent.LinkedBlockingQueue.take(LinkedBlockingQueue.java:442)
        at java.util.concurrent.ThreadPoolExecutor.getTask(ThreadPoolExecutor.java:1074)
        at java.util.concurrent.ThreadPoolExecutor.runWorker(ThreadPoolExecutor.java:1134)
        at java.util.concurrent.ThreadPoolExecutor$Worker.run(ThreadPoolExecutor.java:624)
        at java.lang.Thread.run(Thread.java:750)
"junit-jupiter-timeout-watcher"  prio=10 tid=884 in Object.wait()
java.lang.Thread.State: WAITING (on object monitor)
        at sun.misc.Unsafe.park(Native Method)
        at java.util.concurrent.locks.LockSupport.park(LockSupport.java:175)
        at java.util.concurrent.locks.AbstractQueuedSynchronizer$ConditionObject.await(AbstractQueuedSynchronizer.java:2039)
        at java.util.concurrent.ScheduledThreadPoolExecutor$DelayedWorkQueue.take(ScheduledThreadPoolExecutor.java:1081)
        at java.util.concurrent.ScheduledThreadPoolExecutor$DelayedWorkQueue.take(ScheduledThreadPoolExecutor.java:809)
        at java.util.concurrent.ThreadPoolExecutor.getTask(ThreadPoolExecutor.java:1074)
        at java.util.concurrent.ThreadPoolExecutor.runWorker(ThreadPoolExecutor.java:1134)
        at java.util.concurrent.ThreadPoolExecutor$Worker.run(ThreadPoolExecutor.java:624)
        at java.lang.Thread.run(Thread.java:750)
"PartialTableCache-Cleanup-0" daemon prio=5 tid=2436 in Object.wait()
java.lang.Thread.State: WAITING (on object monitor)
        at sun.misc.Unsafe.park(Native Method)
        at java.util.concurrent.locks.LockSupport.park(LockSupport.java:175)
        at java.util.concurrent.locks.AbstractQueuedSynchronizer$ConditionObject.await(AbstractQueuedSynchronizer.java:2039)
        at java.util.concurrent.LinkedBlockingQueue.take(LinkedBlockingQueue.java:442)
        at java.util.concurrent.ThreadPoolExecutor.getTask(ThreadPoolExecutor.java:1074)
        at java.util.concurrent.ThreadPoolExecutor.runWorker(ThreadPoolExecutor.java:1134)
        at java.util.concurrent.ThreadPoolExecutor$Worker.run(ThreadPoolExecutor.java:624)
        at java.lang.Thread.run(Thread.java:750)
"a45323a7-bc80-446e-b427-0ffb34a72641-DatanodeStateMachineDaemonThread" daemon prio=5 tid=3206 timed_waiting
java.lang.Thread.State: TIMED_WAITING
        at java.lang.Thread.sleep(Native Method)
        at org.apache.hadoop.ozone.container.common.statemachine.DatanodeStateMachine.startStateMachineThread(DatanodeStateMachine.java:369)
        at org.apache.hadoop.ozone.container.common.statemachine.DatanodeStateMachine.lambda$startDaemon$1(DatanodeStateMachine.java:556)
        at org.apache.hadoop.ozone.container.common.statemachine.DatanodeStateMachine$$Lambda$1199/1564313492.run(Unknown Source)
        at java.lang.Thread.run(Thread.java:750)
"a45323a7-bc80-446e-b427-0ffb34a72641@group-0B323A473FB2->80370d78-c36f-4d75-b7cb-6753407b0dff-GrpcLogAppender-LogAppenderDaemon" daemon prio=5 tid=3689 timed_waiting
java.lang.Thread.State: TIMED_WAITING
        at sun.misc.Unsafe.park(Native Method)
        at java.util.concurrent.locks.LockSupport.parkNanos(LockSupport.java:215)
        at java.util.concurrent.locks.AbstractQueuedSynchronizer$ConditionObject.await(AbstractQueuedSynchronizer.java:2163)
        at org.apache.ratis.util.AwaitForSignal.await(AwaitForSignal.java:65)
        at org.apache.ratis.grpc.server.GrpcLogAppender.mayWait(GrpcLogAppender.java:286)
        at org.apache.ratis.grpc.server.GrpcLogAppender.run(GrpcLogAppender.java:254)
        at org.apache.ratis.server.leader.LogAppenderDaemon.run(LogAppenderDaemon.java:80)
        at org.apache.ratis.server.leader.LogAppenderDaemon$$Lambda$1539/1265239873.run(Unknown Source)
        at java.lang.Thread.run(Thread.java:750)
"qtp266429001-3038" daemon prio=5 tid=3038 timed_waiting
java.lang.Thread.State: TIMED_WAITING
        at sun.misc.Unsafe.park(Native Method)
        at java.util.concurrent.locks.LockSupport.parkNanos(LockSupport.java:215)
        at java.util.concurrent.locks.AbstractQueuedSynchronizer$ConditionObject.awaitNanos(AbstractQueuedSynchronizer.java:2078)
        at org.eclipse.jetty.util.BlockingArrayQueue.poll(BlockingArrayQueue.java:382)
        at org.eclipse.jetty.util.thread.QueuedThreadPool$Runner.idleJobPoll(QueuedThreadPool.java:974)
        at org.eclipse.jetty.util.thread.QueuedThreadPool$Runner.run(QueuedThreadPool.java:1018)
        at java.lang.Thread.run(Thread.java:750)
"IPC Server handler 13 on default port 15106" daemon prio=5 tid=2742 timed_waiting
java.lang.Thread.State: TIMED_WAITING
        at sun.misc.Unsafe.park(Native Method)
        at java.util.concurrent.locks.LockSupport.parkNanos(LockSupport.java:215)
        at java.util.concurrent.locks.AbstractQueuedSynchronizer$ConditionObject.awaitNanos(AbstractQueuedSynchronizer.java:2078)
        at java.util.concurrent.LinkedBlockingQueue.poll(LinkedBlockingQueue.java:467)
        at org.apache.hadoop.ipc.CallQueueManager.take(CallQueueManager.java:317)
        at org.apache.hadoop.ipc.Server$Handler.run(Server.java:3014)
"IPC Server handler 34 on default port 15108" daemon prio=5 tid=2963 timed_waiting
java.lang.Thread.State: TIMED_WAITING
        at sun.misc.Unsafe.park(Native Method)
        at java.util.concurrent.locks.LockSupport.parkNanos(LockSupport.java:215)
        at java.util.concurrent.locks.AbstractQueuedSynchronizer$ConditionObject.awaitNanos(AbstractQueuedSynchronizer.java:2078)
        at java.util.concurrent.LinkedBlockingQueue.poll(LinkedBlockingQueue.java:467)
        at org.apache.hadoop.ipc.CallQueueManager.take(CallQueueManager.java:317)
        at org.apache.hadoop.ipc.Server$Handler.run(Server.java:3014)
"IPC Server handler 84 on default port 15106" daemon prio=5 tid=2813 timed_waiting
java.lang.Thread.State: TIMED_WAITING
        at sun.misc.Unsafe.park(Native Method)
        at java.util.concurrent.locks.LockSupport.parkNanos(LockSupport.java:215)
        at java.util.concurrent.locks.AbstractQueuedSynchronizer$ConditionObject.awaitNanos(AbstractQueuedSynchronizer.java:2078)
        at java.util.concurrent.LinkedBlockingQueue.poll(LinkedBlockingQueue.java:467)
        at org.apache.hadoop.ipc.CallQueueManager.take(CallQueueManager.java:317)
        at org.apache.hadoop.ipc.Server$Handler.run(Server.java:3014)
"qtp266429001-3033" daemon prio=5 tid=3033 runnable
java.lang.Thread.State: RUNNABLE
        at sun.nio.ch.EPollArrayWrapper.epollWait(Native Method)
        at sun.nio.ch.EPollArrayWrapper.poll(EPollArrayWrapper.java:269)
        at sun.nio.ch.EPollSelectorImpl.doSelect(EPollSelectorImpl.java:93)
        at sun.nio.ch.SelectorImpl.lockAndDoSelect(SelectorImpl.java:86)
        at sun.nio.ch.SelectorImpl.select(SelectorImpl.java:97)
        at sun.nio.ch.SelectorImpl.select(SelectorImpl.java:101)
        at org.eclipse.jetty.io.ManagedSelector.nioSelect(ManagedSelector.java:183)
        at org.eclipse.jetty.io.ManagedSelector.select(ManagedSelector.java:190)
        at org.eclipse.jetty.io.ManagedSelector$SelectorProducer.select(ManagedSelector.java:606)
        at org.eclipse.jetty.io.ManagedSelector$SelectorProducer.produce(ManagedSelector.java:543)
        at org.eclipse.jetty.util.thread.strategy.EatWhatYouKill.produceTask(EatWhatYouKill.java:362)
        at org.eclipse.jetty.util.thread.strategy.EatWhatYouKill.doProduce(EatWhatYouKill.java:186)
        at org.eclipse.jetty.util.thread.strategy.EatWhatYouKill.tryProduce(EatWhatYouKill.java:173)
        at org.eclipse.jetty.util.thread.strategy.EatWhatYouKill.produce(EatWhatYouKill.java:137)
        at org.eclipse.jetty.io.ManagedSelector$$Lambda$746/715978059.run(Unknown Source)
        at org.eclipse.jetty.util.thread.QueuedThreadPool.runJob(QueuedThreadPool.java:883)
        at org.eclipse.jetty.util.thread.QueuedThreadPool$Runner.run(QueuedThreadPool.java:1034)
        at java.lang.Thread.run(Thread.java:750)
"IPC Server Responder" daemon prio=5 tid=2710 runnable
java.lang.Thread.State: RUNNABLE
        at sun.nio.ch.EPollArrayWrapper.epollWait(Native Method)
        at sun.nio.ch.EPollArrayWrapper.poll(EPollArrayWrapper.java:269)
        at sun.nio.ch.EPollSelectorImpl.doSelect(EPollSelectorImpl.java:93)
        at sun.nio.ch.SelectorImpl.lockAndDoSelect(SelectorImpl.java:86)
        at sun.nio.ch.SelectorImpl.select(SelectorImpl.java:97)
        at org.apache.hadoop.ipc.Server$Responder.doRunLoop(Server.java:1582)
        at org.apache.hadoop.ipc.Server$Responder.run(Server.java:1565)
"IPC Server handler 40 on default port 15108" daemon prio=5 tid=2969 timed_waiting
java.lang.Thread.State: TIMED_WAITING
        at sun.misc.Unsafe.park(Native Method)
        at java.util.concurrent.locks.LockSupport.parkNanos(LockSupport.java:215)
        at java.util.concurrent.locks.AbstractQueuedSynchronizer$ConditionObject.awaitNanos(AbstractQueuedSynchronizer.java:2078)
        at java.util.concurrent.LinkedBlockingQueue.poll(LinkedBlockingQueue.java:467)
        at org.apache.hadoop.ipc.CallQueueManager.take(CallQueueManager.java:317)
        at org.apache.hadoop.ipc.Server$Handler.run(Server.java:3014)
"a45323a7-bc80-446e-b427-0ffb34a72641@group-0B323A473FB2-SegmentedRaftLogWorker"  prio=5 tid=3623 timed_waiting
java.lang.Thread.State: TIMED_WAITING
        at sun.misc.Unsafe.park(Native Method)
        at java.util.concurrent.locks.LockSupport.parkNanos(LockSupport.java:215)
        at java.util.concurrent.locks.AbstractQueuedSynchronizer$ConditionObject.awaitNanos(AbstractQueuedSynchronizer.java:2078)
        at org.apache.ratis.util.DataBlockingQueue.poll(DataBlockingQueue.java:148)
        at org.apache.ratis.server.raftlog.segmented.SegmentedRaftLogWorker.run(SegmentedRaftLogWorker.java:299)
        at org.apache.ratis.server.raftlog.segmented.SegmentedRaftLogWorker$$Lambda$1079/927089352.run(Unknown Source)
        at java.util.concurrent.Executors$RunnableAdapter.call(Executors.java:511)
        at java.util.concurrent.FutureTask.run(FutureTask.java:266)
        at java.util.concurrent.ThreadPoolExecutor.runWorker(ThreadPoolExecutor.java:1149)
        at java.util.concurrent.ThreadPoolExecutor$Worker.run(ThreadPoolExecutor.java:624)
        at java.lang.Thread.run(Thread.java:750)
"qtp2092775230-3192" daemon prio=5 tid=3192 runnable
java.lang.Thread.State: RUNNABLE
        at sun.nio.ch.EPollArrayWrapper.epollWait(Native Method)
        at sun.nio.ch.EPollArrayWrapper.poll(EPollArrayWrapper.java:269)
        at sun.nio.ch.EPollSelectorImpl.doSelect(EPollSelectorImpl.java:93)
        at sun.nio.ch.SelectorImpl.lockAndDoSelect(SelectorImpl.java:86)
        at sun.nio.ch.SelectorImpl.select(SelectorImpl.java:97)
        at sun.nio.ch.SelectorImpl.select(SelectorImpl.java:101)
        at org.eclipse.jetty.io.ManagedSelector.nioSelect(ManagedSelector.java:183)
        at org.eclipse.jetty.io.ManagedSelector.select(ManagedSelector.java:190)
        at org.eclipse.jetty.io.ManagedSelector$SelectorProducer.select(ManagedSelector.java:606)
        at org.eclipse.jetty.io.ManagedSelector$SelectorProducer.produce(ManagedSelector.java:543)
        at org.eclipse.jetty.util.thread.strategy.EatWhatYouKill.produceTask(EatWhatYouKill.java:362)
        at org.eclipse.jetty.util.thread.strategy.EatWhatYouKill.doProduce(EatWhatYouKill.java:186)
        at org.eclipse.jetty.util.thread.strategy.EatWhatYouKill.tryProduce(EatWhatYouKill.java:173)
        at org.eclipse.jetty.util.thread.strategy.EatWhatYouKill.produce(EatWhatYouKill.java:137)
        at org.eclipse.jetty.io.ManagedSelector$$Lambda$746/715978059.run(Unknown Source)
        at org.eclipse.jetty.util.thread.QueuedThreadPool.runJob(QueuedThreadPool.java:883)
        at org.eclipse.jetty.util.thread.QueuedThreadPool$Runner.run(QueuedThreadPool.java:1034)
        at java.lang.Thread.run(Thread.java:750)
"80370d78-c36f-4d75-b7cb-6753407b0dff@group-77AD9CB52074->9387e6e8-bf6d-4d10-9dc1-f1bd05fc02cf-GrpcLogAppender-LogAppenderDaemon" daemon prio=5 tid=3718 timed_waiting
java.lang.Thread.State: TIMED_WAITING
        at sun.misc.Unsafe.park(Native Method)
        at java.util.concurrent.locks.LockSupport.parkNanos(LockSupport.java:215)
        at java.util.concurrent.locks.AbstractQueuedSynchronizer$ConditionObject.await(AbstractQueuedSynchronizer.java:2163)
        at org.apache.ratis.util.AwaitForSignal.await(AwaitForSignal.java:65)
        at org.apache.ratis.grpc.server.GrpcLogAppender.mayWait(GrpcLogAppender.java:286)
        at org.apache.ratis.grpc.server.GrpcLogAppender.run(GrpcLogAppender.java:254)
        at org.apache.ratis.server.leader.LogAppenderDaemon.run(LogAppenderDaemon.java:80)
        at org.apache.ratis.server.leader.LogAppenderDaemon$$Lambda$1539/1265239873.run(Unknown Source)
        at java.lang.Thread.run(Thread.java:750)
"33d4fa9a-f1b5-45a2-9ce3-43c86fd82df2-NettyServerStreamRpc-bossGroup--thread1"  prio=5 tid=3131 runnable
java.lang.Thread.State: RUNNABLE
        at org.apache.ratis.thirdparty.io.netty.channel.epoll.Native.epollWait(Native Method)
        at org.apache.ratis.thirdparty.io.netty.channel.epoll.Native.epollWait(Native.java:209)
        at org.apache.ratis.thirdparty.io.netty.channel.epoll.Native.epollWait(Native.java:202)
        at org.apache.ratis.thirdparty.io.netty.channel.epoll.EpollEventLoop.epollWaitNoTimerChange(EpollEventLoop.java:316)
        at org.apache.ratis.thirdparty.io.netty.channel.epoll.EpollEventLoop.run(EpollEventLoop.java:373)
        at org.apache.ratis.thirdparty.io.netty.util.concurrent.SingleThreadEventExecutor$4.run(SingleThreadEventExecutor.java:997)
        at org.apache.ratis.thirdparty.io.netty.util.internal.ThreadExecutorMap$2.run(ThreadExecutorMap.java:74)
        at java.lang.Thread.run(Thread.java:750)
"JvmPauseMonitor14" daemon prio=5 tid=3031 timed_waiting
java.lang.Thread.State: TIMED_WAITING
        at java.lang.Thread.sleep(Native Method)
        at java.lang.Thread.sleep(Thread.java:342)
        at java.util.concurrent.TimeUnit.sleep(TimeUnit.java:386)
        at org.apache.ratis.util.TimeDuration.sleep(TimeDuration.java:353)
        at org.apache.ratis.util.TimeDuration.sleep(TimeDuration.java:338)
        at org.apache.ratis.util.JvmPauseMonitor.detectPause(JvmPauseMonitor.java:160)
        at org.apache.ratis.util.JvmPauseMonitor.run(JvmPauseMonitor.java:149)
        at org.apache.ratis.util.JvmPauseMonitor$$Lambda$706/992171555.run(Unknown Source)
        at java.lang.Thread.run(Thread.java:750)
"Hadoop-Metrics-Updater-0" daemon prio=5 tid=3232 timed_waiting
java.lang.Thread.State: TIMED_WAITING
        at sun.misc.Unsafe.park(Native Method)
        at java.util.concurrent.locks.LockSupport.parkNanos(LockSupport.java:215)
        at java.util.concurrent.locks.AbstractQueuedSynchronizer$ConditionObject.awaitNanos(AbstractQueuedSynchronizer.java:2078)
        at java.util.concurrent.ScheduledThreadPoolExecutor$DelayedWorkQueue.take(ScheduledThreadPoolExecutor.java:1093)
        at java.util.concurrent.ScheduledThreadPoolExecutor$DelayedWorkQueue.take(ScheduledThreadPoolExecutor.java:809)
        at java.util.concurrent.ThreadPoolExecutor.getTask(ThreadPoolExecutor.java:1074)
        at java.util.concurrent.ThreadPoolExecutor.runWorker(ThreadPoolExecutor.java:1134)
        at java.util.concurrent.ThreadPoolExecutor$Worker.run(ThreadPoolExecutor.java:624)
        at java.lang.Thread.run(Thread.java:750)
"qtp1950245838-3114" daemon prio=5 tid=3114 timed_waiting
java.lang.Thread.State: TIMED_WAITING
        at sun.misc.Unsafe.park(Native Method)
        at java.util.concurrent.locks.LockSupport.parkNanos(LockSupport.java:215)
        at java.util.concurrent.locks.AbstractQueuedSynchronizer$ConditionObject.awaitNanos(AbstractQueuedSynchronizer.java:2078)
        at org.eclipse.jetty.util.BlockingArrayQueue.poll(BlockingArrayQueue.java:382)
        at org.eclipse.jetty.util.thread.QueuedThreadPool$Runner.idleJobPoll(QueuedThreadPool.java:974)
        at org.eclipse.jetty.util.thread.QueuedThreadPool$Runner.run(QueuedThreadPool.java:1018)
        at java.lang.Thread.run(Thread.java:750)
"a45323a7-bc80-446e-b427-0ffb34a72641-PipelineCommandHandlerThread-0"  prio=5 tid=3401 in Object.wait()
java.lang.Thread.State: WAITING (on object monitor)
        at sun.misc.Unsafe.park(Native Method)
        at java.util.concurrent.locks.LockSupport.park(LockSupport.java:175)
        at java.util.concurrent.locks.AbstractQueuedSynchronizer$ConditionObject.await(AbstractQueuedSynchronizer.java:2039)
        at java.util.concurrent.LinkedBlockingQueue.take(LinkedBlockingQueue.java:442)
        at java.util.concurrent.ThreadPoolExecutor.getTask(ThreadPoolExecutor.java:1074)
        at java.util.concurrent.ThreadPoolExecutor.runWorker(ThreadPoolExecutor.java:1134)
        at java.util.concurrent.ThreadPoolExecutor$Worker.run(ThreadPoolExecutor.java:624)
        at java.lang.Thread.run(Thread.java:750)
"qtp1560921027-3077" daemon prio=5 tid=3077 timed_waiting
java.lang.Thread.State: TIMED_WAITING
        at sun.misc.Unsafe.park(Native Method)
        at java.util.concurrent.locks.LockSupport.parkNanos(LockSupport.java:215)
        at java.util.concurrent.locks.AbstractQueuedSynchronizer$ConditionObject.awaitNanos(AbstractQueuedSynchronizer.java:2078)
        at org.eclipse.jetty.util.BlockingArrayQueue.poll(BlockingArrayQueue.java:382)
        at org.eclipse.jetty.util.thread.QueuedThreadPool$Runner.idleJobPoll(QueuedThreadPool.java:974)
        at org.eclipse.jetty.util.thread.QueuedThreadPool$Runner.run(QueuedThreadPool.java:1018)
        at java.lang.Thread.run(Thread.java:750)
"IPC Server handler 98 on default port 15108" daemon prio=5 tid=3027 timed_waiting
java.lang.Thread.State: TIMED_WAITING
        at sun.misc.Unsafe.park(Native Method)
        at java.util.concurrent.locks.LockSupport.parkNanos(LockSupport.java:215)
        at java.util.concurrent.locks.AbstractQueuedSynchronizer$ConditionObject.awaitNanos(AbstractQueuedSynchronizer.java:2078)
        at java.util.concurrent.LinkedBlockingQueue.poll(LinkedBlockingQueue.java:467)
        at org.apache.hadoop.ipc.CallQueueManager.take(CallQueueManager.java:317)
        at org.apache.hadoop.ipc.Server$Handler.run(Server.java:3014)
"IPC Server Responder" daemon prio=5 tid=3231 runnable
java.lang.Thread.State: RUNNABLE
        at sun.nio.ch.EPollArrayWrapper.epollWait(Native Method)
        at sun.nio.ch.EPollArrayWrapper.poll(EPollArrayWrapper.java:269)
        at sun.nio.ch.EPollSelectorImpl.doSelect(EPollSelectorImpl.java:93)
        at sun.nio.ch.SelectorImpl.lockAndDoSelect(SelectorImpl.java:86)
        at sun.nio.ch.SelectorImpl.select(SelectorImpl.java:97)
        at org.apache.hadoop.ipc.Server$Responder.doRunLoop(Server.java:1582)
        at org.apache.hadoop.ipc.Server$Responder.run(Server.java:1565)
"StaleRecoveringContainerScrubbingService#7" daemon prio=5 tid=3863 in Object.wait()
java.lang.Thread.State: WAITING (on object monitor)
        at sun.misc.Unsafe.park(Native Method)
        at java.util.concurrent.locks.LockSupport.park(LockSupport.java:175)
        at java.util.concurrent.locks.AbstractQueuedSynchronizer$ConditionObject.await(AbstractQueuedSynchronizer.java:2039)
        at java.util.concurrent.ScheduledThreadPoolExecutor$DelayedWorkQueue.take(ScheduledThreadPoolExecutor.java:1088)
        at java.util.concurrent.ScheduledThreadPoolExecutor$DelayedWorkQueue.take(ScheduledThreadPoolExecutor.java:809)
        at java.util.concurrent.ThreadPoolExecutor.getTask(ThreadPoolExecutor.java:1074)
        at java.util.concurrent.ThreadPoolExecutor.runWorker(ThreadPoolExecutor.java:1134)
        at java.util.concurrent.ThreadPoolExecutor$Worker.run(ThreadPoolExecutor.java:624)
        at java.lang.Thread.run(Thread.java:750)
"qtp326450405-3803" daemon prio=5 tid=3803 timed_waiting
java.lang.Thread.State: TIMED_WAITING
        at sun.misc.Unsafe.park(Native Method)
        at java.util.concurrent.locks.LockSupport.parkNanos(LockSupport.java:215)
        at java.util.concurrent.locks.AbstractQueuedSynchronizer$ConditionObject.awaitNanos(AbstractQueuedSynchronizer.java:2078)
        at org.eclipse.jetty.util.BlockingArrayQueue.poll(BlockingArrayQueue.java:382)
        at org.eclipse.jetty.util.thread.QueuedThreadPool$Runner.idleJobPoll(QueuedThreadPool.java:974)
        at org.eclipse.jetty.util.thread.QueuedThreadPool$Runner.run(QueuedThreadPool.java:1018)
        at java.lang.Thread.run(Thread.java:750)
"om1-OMDoubleBufferFlushThread" daemon prio=5 tid=3047 timed_waiting
java.lang.Thread.State: TIMED_WAITING
        at java.lang.Object.wait(Native Method)
        at org.apache.hadoop.ozone.om.ratis.OzoneManagerDoubleBuffer.canFlush(OzoneManagerDoubleBuffer.java:570)
        at org.apache.hadoop.ozone.om.ratis.OzoneManagerDoubleBuffer.flushTransactions(OzoneManagerDoubleBuffer.java:294)
        at org.apache.hadoop.ozone.om.ratis.OzoneManagerDoubleBuffer$$Lambda$860/820430199.run(Unknown Source)
        at java.lang.Thread.run(Thread.java:750)
"IPC Server handler 56 on default port 15107" daemon prio=5 tid=2885 timed_waiting
java.lang.Thread.State: TIMED_WAITING
        at sun.misc.Unsafe.park(Native Method)
        at java.util.concurrent.locks.LockSupport.parkNanos(LockSupport.java:215)
        at java.util.concurrent.locks.AbstractQueuedSynchronizer$ConditionObject.awaitNanos(AbstractQueuedSynchronizer.java:2078)
        at java.util.concurrent.LinkedBlockingQueue.poll(LinkedBlockingQueue.java:467)
        at org.apache.hadoop.ipc.CallQueueManager.take(CallQueueManager.java:317)
        at org.apache.hadoop.ipc.Server$Handler.run(Server.java:3014)
"IPC Server handler 9 on default port 15110" daemon prio=5 tid=3091 timed_waiting
java.lang.Thread.State: TIMED_WAITING
        at sun.misc.Unsafe.park(Native Method)
        at java.util.concurrent.locks.LockSupport.parkNanos(LockSupport.java:215)
        at java.util.concurrent.locks.AbstractQueuedSynchronizer$ConditionObject.awaitNanos(AbstractQueuedSynchronizer.java:2078)
        at java.util.concurrent.LinkedBlockingQueue.poll(LinkedBlockingQueue.java:467)
        at org.apache.hadoop.ipc.CallQueueManager.take(CallQueueManager.java:317)
        at org.apache.hadoop.ipc.Server$Handler.run(Server.java:3014)
"IPC Server handler 54 on default port 15107" daemon prio=5 tid=2883 timed_waiting
java.lang.Thread.State: TIMED_WAITING
        at sun.misc.Unsafe.park(Native Method)
        at java.util.concurrent.locks.LockSupport.parkNanos(LockSupport.java:215)
        at java.util.concurrent.locks.AbstractQueuedSynchronizer$ConditionObject.awaitNanos(AbstractQueuedSynchronizer.java:2078)
        at java.util.concurrent.LinkedBlockingQueue.poll(LinkedBlockingQueue.java:467)
        at org.apache.hadoop.ipc.CallQueueManager.take(CallQueueManager.java:317)
        at org.apache.hadoop.ipc.Server$Handler.run(Server.java:3014)
"33d4fa9a-f1b5-45a2-9ce3-43c86fd82df2@group-12C11132411B-SegmentedRaftLogWorker" daemon prio=5 tid=3641 timed_waiting
java.lang.Thread.State: TIMED_WAITING
        at sun.misc.Unsafe.park(Native Method)
        at java.util.concurrent.locks.LockSupport.parkNanos(LockSupport.java:215)
        at java.util.concurrent.locks.AbstractQueuedSynchronizer$ConditionObject.awaitNanos(AbstractQueuedSynchronizer.java:2078)
        at org.apache.ratis.util.DataBlockingQueue.poll(DataBlockingQueue.java:148)
        at org.apache.ratis.server.raftlog.segmented.SegmentedRaftLogWorker.run(SegmentedRaftLogWorker.java:299)
        at org.apache.ratis.server.raftlog.segmented.SegmentedRaftLogWorker$$Lambda$1079/927089352.run(Unknown Source)
        at java.util.concurrent.Executors$RunnableAdapter.call(Executors.java:511)
        at java.util.concurrent.FutureTask.run(FutureTask.java:266)
        at java.util.concurrent.ThreadPoolExecutor.runWorker(ThreadPoolExecutor.java:1149)
        at java.util.concurrent.ThreadPoolExecutor$Worker.run(ThreadPoolExecutor.java:624)
        at java.lang.Thread.run(Thread.java:750)
"33d4fa9a-f1b5-45a2-9ce3-43c86fd82df2-BlockDeletingService#3" daemon prio=5 tid=3608 in Object.wait()
java.lang.Thread.State: WAITING (on object monitor)
        at sun.misc.Unsafe.park(Native Method)
        at java.util.concurrent.locks.LockSupport.park(LockSupport.java:175)
        at java.util.concurrent.locks.AbstractQueuedSynchronizer$ConditionObject.await(AbstractQueuedSynchronizer.java:2039)
        at java.util.concurrent.ScheduledThreadPoolExecutor$DelayedWorkQueue.take(ScheduledThreadPoolExecutor.java:1088)
        at java.util.concurrent.ScheduledThreadPoolExecutor$DelayedWorkQueue.take(ScheduledThreadPoolExecutor.java:809)
        at java.util.concurrent.ThreadPoolExecutor.getTask(ThreadPoolExecutor.java:1074)
        at java.util.concurrent.ThreadPoolExecutor.runWorker(ThreadPoolExecutor.java:1134)
        at java.util.concurrent.ThreadPoolExecutor$Worker.run(ThreadPoolExecutor.java:624)
        at java.lang.Thread.run(Thread.java:750)
"IPC Server handler 6 on default port 15107" daemon prio=5 tid=2835 timed_waiting
java.lang.Thread.State: TIMED_WAITING
        at sun.misc.Unsafe.park(Native Method)
        at java.util.concurrent.locks.LockSupport.parkNanos(LockSupport.java:215)
        at java.util.concurrent.locks.AbstractQueuedSynchronizer$ConditionObject.awaitNanos(AbstractQueuedSynchronizer.java:2078)
        at java.util.concurrent.LinkedBlockingQueue.poll(LinkedBlockingQueue.java:467)
        at org.apache.hadoop.ipc.CallQueueManager.take(CallQueueManager.java:317)
        at org.apache.hadoop.ipc.Server$Handler.run(Server.java:3014)
"IPC Server listener on 15143" daemon prio=5 tid=3200 runnable
java.lang.Thread.State: RUNNABLE
        at sun.nio.ch.EPollArrayWrapper.epollWait(Native Method)
        at sun.nio.ch.EPollArrayWrapper.poll(EPollArrayWrapper.java:269)
        at sun.nio.ch.EPollSelectorImpl.doSelect(EPollSelectorImpl.java:93)
        at sun.nio.ch.SelectorImpl.lockAndDoSelect(SelectorImpl.java:86)
        at sun.nio.ch.SelectorImpl.select(SelectorImpl.java:97)
        at sun.nio.ch.SelectorImpl.select(SelectorImpl.java:101)
        at org.apache.hadoop.ipc.Server$Listener.run(Server.java:1408)
"Hadoop-Metrics-Updater-0" daemon prio=5 tid=2706 timed_waiting
java.lang.Thread.State: TIMED_WAITING
        at sun.misc.Unsafe.park(Native Method)
        at java.util.concurrent.locks.LockSupport.parkNanos(LockSupport.java:215)
        at java.util.concurrent.locks.AbstractQueuedSynchronizer$ConditionObject.awaitNanos(AbstractQueuedSynchronizer.java:2078)
        at java.util.concurrent.ScheduledThreadPoolExecutor$DelayedWorkQueue.take(ScheduledThreadPoolExecutor.java:1093)
        at java.util.concurrent.ScheduledThreadPoolExecutor$DelayedWorkQueue.take(ScheduledThreadPoolExecutor.java:809)
        at java.util.concurrent.ThreadPoolExecutor.getTask(ThreadPoolExecutor.java:1074)
        at java.util.concurrent.ThreadPoolExecutor.runWorker(ThreadPoolExecutor.java:1134)
        at java.util.concurrent.ThreadPoolExecutor$Worker.run(ThreadPoolExecutor.java:624)
        at java.lang.Thread.run(Thread.java:750)
"9387e6e8-bf6d-4d10-9dc1-f1bd05fc02cf@group-12C11132411B-SegmentedRaftLogWorker"  prio=5 tid=3648 timed_waiting
java.lang.Thread.State: TIMED_WAITING
        at sun.misc.Unsafe.park(Native Method)
        at java.util.concurrent.locks.LockSupport.parkNanos(LockSupport.java:215)
        at java.util.concurrent.locks.AbstractQueuedSynchronizer$ConditionObject.awaitNanos(AbstractQueuedSynchronizer.java:2078)
        at org.apache.ratis.util.DataBlockingQueue.poll(DataBlockingQueue.java:148)
        at org.apache.ratis.server.raftlog.segmented.SegmentedRaftLogWorker.run(SegmentedRaftLogWorker.java:299)
        at org.apache.ratis.server.raftlog.segmented.SegmentedRaftLogWorker$$Lambda$1079/927089352.run(Unknown Source)
        at java.util.concurrent.Executors$RunnableAdapter.call(Executors.java:511)
        at java.util.concurrent.FutureTask.run(FutureTask.java:266)
        at java.util.concurrent.ThreadPoolExecutor.runWorker(ThreadPoolExecutor.java:1149)
        at java.util.concurrent.ThreadPoolExecutor$Worker.run(ThreadPoolExecutor.java:624)
        at java.lang.Thread.run(Thread.java:750)
"IPC Server handler 1 on default port 15106" daemon prio=5 tid=2730 timed_waiting
java.lang.Thread.State: TIMED_WAITING
        at sun.misc.Unsafe.park(Native Method)
        at java.util.concurrent.locks.LockSupport.parkNanos(LockSupport.java:215)
        at java.util.concurrent.locks.AbstractQueuedSynchronizer$ConditionObject.awaitNanos(AbstractQueuedSynchronizer.java:2078)
        at java.util.concurrent.LinkedBlockingQueue.poll(LinkedBlockingQueue.java:467)
        at org.apache.hadoop.ipc.CallQueueManager.take(CallQueueManager.java:317)
        at org.apache.hadoop.ipc.Server$Handler.run(Server.java:3014)
"9387e6e8-bf6d-4d10-9dc1-f1bd05fc02cf-BlockDeletingService#4" daemon prio=5 tid=3736 in Object.wait()
java.lang.Thread.State: WAITING (on object monitor)
        at sun.misc.Unsafe.park(Native Method)
        at java.util.concurrent.locks.LockSupport.park(LockSupport.java:175)
        at java.util.concurrent.locks.AbstractQueuedSynchronizer$ConditionObject.await(AbstractQueuedSynchronizer.java:2039)
        at java.util.concurrent.ScheduledThreadPoolExecutor$DelayedWorkQueue.take(ScheduledThreadPoolExecutor.java:1088)
        at java.util.concurrent.ScheduledThreadPoolExecutor$DelayedWorkQueue.take(ScheduledThreadPoolExecutor.java:809)
        at java.util.concurrent.ThreadPoolExecutor.getTask(ThreadPoolExecutor.java:1074)
        at java.util.concurrent.ThreadPoolExecutor.runWorker(ThreadPoolExecutor.java:1134)
        at java.util.concurrent.ThreadPoolExecutor$Worker.run(ThreadPoolExecutor.java:624)
        at java.lang.Thread.run(Thread.java:750)
"IPC Server handler 97 on default port 15106" daemon prio=5 tid=2826 timed_waiting
java.lang.Thread.State: TIMED_WAITING
        at sun.misc.Unsafe.park(Native Method)
        at java.util.concurrent.locks.LockSupport.parkNanos(LockSupport.java:215)
        at java.util.concurrent.locks.AbstractQueuedSynchronizer$ConditionObject.awaitNanos(AbstractQueuedSynchronizer.java:2078)
        at java.util.concurrent.LinkedBlockingQueue.poll(LinkedBlockingQueue.java:467)
        at org.apache.hadoop.ipc.CallQueueManager.take(CallQueueManager.java:317)
        at org.apache.hadoop.ipc.Server$Handler.run(Server.java:3014)
"Socket Reader #1 for port 15125"  prio=5 tid=3145 runnable
java.lang.Thread.State: RUNNABLE
        at sun.nio.ch.EPollArrayWrapper.epollWait(Native Method)
        at sun.nio.ch.EPollArrayWrapper.poll(EPollArrayWrapper.java:269)
        at sun.nio.ch.EPollSelectorImpl.doSelect(EPollSelectorImpl.java:93)
        at sun.nio.ch.SelectorImpl.lockAndDoSelect(SelectorImpl.java:86)
        at sun.nio.ch.SelectorImpl.select(SelectorImpl.java:97)
        at sun.nio.ch.SelectorImpl.select(SelectorImpl.java:101)
        at org.apache.hadoop.ipc.Server$Listener$Reader.doRunLoop(Server.java:1346)
        at org.apache.hadoop.ipc.Server$Listener$Reader.run(Server.java:1325)
"80370d78-c36f-4d75-b7cb-6753407b0dff@group-9A8D2995D9A7-cacheEviction-AwaitToRun" daemon prio=5 tid=3450 in Object.wait()
java.lang.Thread.State: WAITING (on object monitor)
        at sun.misc.Unsafe.park(Native Method)
        at java.util.concurrent.locks.LockSupport.park(LockSupport.java:175)
        at java.util.concurrent.locks.AbstractQueuedSynchronizer$ConditionObject.await(AbstractQueuedSynchronizer.java:2039)
        at org.apache.ratis.util.AwaitForSignal.await(AwaitForSignal.java:48)
        at org.apache.ratis.util.AwaitToRun$RunnableImpl.run(AwaitToRun.java:47)
        at java.lang.Thread.run(Thread.java:750)
"80370d78-c36f-4d75-b7cb-6753407b0dff-ContainerOp-3a57b055-28e0-4292-8aab-9a8d2995d9a7-8"  prio=5 tid=3784 in Object.wait()
java.lang.Thread.State: WAITING (on object monitor)
        at sun.misc.Unsafe.park(Native Method)
        at java.util.concurrent.locks.LockSupport.park(LockSupport.java:175)
        at java.util.concurrent.locks.AbstractQueuedSynchronizer$ConditionObject.await(AbstractQueuedSynchronizer.java:2039)
        at java.util.concurrent.LinkedBlockingQueue.take(LinkedBlockingQueue.java:442)
        at java.util.concurrent.ThreadPoolExecutor.getTask(ThreadPoolExecutor.java:1074)
        at java.util.concurrent.ThreadPoolExecutor.runWorker(ThreadPoolExecutor.java:1134)
        at java.util.concurrent.ThreadPoolExecutor$Worker.run(ThreadPoolExecutor.java:624)
        at java.lang.Thread.run(Thread.java:750)
"IPC Server handler 53 on default port 15107" daemon prio=5 tid=2882 timed_waiting
java.lang.Thread.State: TIMED_WAITING
        at sun.misc.Unsafe.park(Native Method)
        at java.util.concurrent.locks.LockSupport.parkNanos(LockSupport.java:215)
        at java.util.concurrent.locks.AbstractQueuedSynchronizer$ConditionObject.awaitNanos(AbstractQueuedSynchronizer.java:2078)
        at java.util.concurrent.LinkedBlockingQueue.poll(LinkedBlockingQueue.java:467)
        at org.apache.hadoop.ipc.CallQueueManager.take(CallQueueManager.java:317)
        at org.apache.hadoop.ipc.Server$Handler.run(Server.java:3014)
"qtp326450405-3800" daemon prio=5 tid=3800 timed_waiting
java.lang.Thread.State: TIMED_WAITING
        at sun.misc.Unsafe.park(Native Method)
        at java.util.concurrent.locks.LockSupport.parkNanos(LockSupport.java:215)
        at java.util.concurrent.locks.AbstractQueuedSynchronizer$ConditionObject.awaitNanos(AbstractQueuedSynchronizer.java:2078)
        at org.eclipse.jetty.util.BlockingArrayQueue.poll(BlockingArrayQueue.java:382)
        at org.eclipse.jetty.util.thread.QueuedThreadPool$Runner.idleJobPoll(QueuedThreadPool.java:974)
        at org.eclipse.jetty.util.thread.QueuedThreadPool$Runner.run(QueuedThreadPool.java:1018)
        at java.lang.Thread.run(Thread.java:750)
"a45323a7-bc80-446e-b427-0ffb34a72641-BlockDeletingService#0" daemon prio=5 tid=3314 in Object.wait()
java.lang.Thread.State: WAITING (on object monitor)
        at sun.misc.Unsafe.park(Native Method)
        at java.util.concurrent.locks.LockSupport.park(LockSupport.java:175)
        at java.util.concurrent.locks.AbstractQueuedSynchronizer$ConditionObject.await(AbstractQueuedSynchronizer.java:2039)
        at java.util.concurrent.ScheduledThreadPoolExecutor$DelayedWorkQueue.take(ScheduledThreadPoolExecutor.java:1088)
        at java.util.concurrent.ScheduledThreadPoolExecutor$DelayedWorkQueue.take(ScheduledThreadPoolExecutor.java:809)
        at java.util.concurrent.ThreadPoolExecutor.getTask(ThreadPoolExecutor.java:1074)
        at java.util.concurrent.ThreadPoolExecutor.runWorker(ThreadPoolExecutor.java:1134)
        at java.util.concurrent.ThreadPoolExecutor$Worker.run(ThreadPoolExecutor.java:624)
        at java.lang.Thread.run(Thread.java:750)
"FullTableCache-Cleanup-0" daemon prio=5 tid=883 in Object.wait()
java.lang.Thread.State: WAITING (on object monitor)
        at sun.misc.Unsafe.park(Native Method)
        at java.util.concurrent.locks.LockSupport.park(LockSupport.java:175)
        at java.util.concurrent.locks.AbstractQueuedSynchronizer$ConditionObject.await(AbstractQueuedSynchronizer.java:2039)
        at java.util.concurrent.LinkedBlockingQueue.take(LinkedBlockingQueue.java:442)
        at java.util.concurrent.ThreadPoolExecutor.getTask(ThreadPoolExecutor.java:1074)
        at java.util.concurrent.ThreadPoolExecutor.runWorker(ThreadPoolExecutor.java:1134)
        at java.util.concurrent.ThreadPoolExecutor$Worker.run(ThreadPoolExecutor.java:624)
        at java.lang.Thread.run(Thread.java:750)
"StaleRecoveringContainerScrubbingService#1" daemon prio=5 tid=3334 in Object.wait()
java.lang.Thread.State: WAITING (on object monitor)
        at sun.misc.Unsafe.park(Native Method)
        at java.util.concurrent.locks.LockSupport.park(LockSupport.java:175)
        at java.util.concurrent.locks.AbstractQueuedSynchronizer$ConditionObject.await(AbstractQueuedSynchronizer.java:2039)
        at java.util.concurrent.ScheduledThreadPoolExecutor$DelayedWorkQueue.take(ScheduledThreadPoolExecutor.java:1088)
        at java.util.concurrent.ScheduledThreadPoolExecutor$DelayedWorkQueue.take(ScheduledThreadPoolExecutor.java:809)
        at java.util.concurrent.ThreadPoolExecutor.getTask(ThreadPoolExecutor.java:1074)
        at java.util.concurrent.ThreadPoolExecutor.runWorker(ThreadPoolExecutor.java:1134)
        at java.util.concurrent.ThreadPoolExecutor$Worker.run(ThreadPoolExecutor.java:624)
        at java.lang.Thread.run(Thread.java:750)
"IPC Server handler 48 on default port 15107" daemon prio=5 tid=2877 timed_waiting
java.lang.Thread.State: TIMED_WAITING
        at sun.misc.Unsafe.park(Native Method)
        at java.util.concurrent.locks.LockSupport.parkNanos(LockSupport.java:215)
        at java.util.concurrent.locks.AbstractQueuedSynchronizer$ConditionObject.awaitNanos(AbstractQueuedSynchronizer.java:2078)
        at java.util.concurrent.LinkedBlockingQueue.poll(LinkedBlockingQueue.java:467)
        at org.apache.hadoop.ipc.CallQueueManager.take(CallQueueManager.java:317)
        at org.apache.hadoop.ipc.Server$Handler.run(Server.java:3014)
"33d4fa9a-f1b5-45a2-9ce3-43c86fd82df2-PipelineCommandHandlerThread-0"  prio=5 tid=3376 in Object.wait()
java.lang.Thread.State: WAITING (on object monitor)
        at sun.misc.Unsafe.park(Native Method)
        at java.util.concurrent.locks.LockSupport.park(LockSupport.java:175)
        at java.util.concurrent.locks.AbstractQueuedSynchronizer$ConditionObject.await(AbstractQueuedSynchronizer.java:2039)
        at java.util.concurrent.LinkedBlockingQueue.take(LinkedBlockingQueue.java:442)
        at java.util.concurrent.ThreadPoolExecutor.getTask(ThreadPoolExecutor.java:1074)
        at java.util.concurrent.ThreadPoolExecutor.runWorker(ThreadPoolExecutor.java:1134)
        at java.util.concurrent.ThreadPoolExecutor$Worker.run(ThreadPoolExecutor.java:624)
        at java.lang.Thread.run(Thread.java:750)
"IPC Server handler 16 on default port 15108" daemon prio=5 tid=2945 timed_waiting
java.lang.Thread.State: TIMED_WAITING
        at sun.misc.Unsafe.park(Native Method)
        at java.util.concurrent.locks.LockSupport.parkNanos(LockSupport.java:215)
        at java.util.concurrent.locks.AbstractQueuedSynchronizer$ConditionObject.awaitNanos(AbstractQueuedSynchronizer.java:2078)
        at java.util.concurrent.LinkedBlockingQueue.poll(LinkedBlockingQueue.java:467)
        at org.apache.hadoop.ipc.CallQueueManager.take(CallQueueManager.java:317)
        at org.apache.hadoop.ipc.Server$Handler.run(Server.java:3014)
"80370d78-c36f-4d75-b7cb-6753407b0dff@group-0B323A473FB2-cacheEviction-AwaitToRun" daemon prio=5 tid=3618 in Object.wait()
java.lang.Thread.State: WAITING (on object monitor)
        at sun.misc.Unsafe.park(Native Method)
        at java.util.concurrent.locks.LockSupport.park(LockSupport.java:175)
        at java.util.concurrent.locks.AbstractQueuedSynchronizer$ConditionObject.await(AbstractQueuedSynchronizer.java:2039)
        at org.apache.ratis.util.AwaitForSignal.await(AwaitForSignal.java:48)
        at org.apache.ratis.util.AwaitToRun$RunnableImpl.run(AwaitToRun.java:47)
        at java.lang.Thread.run(Thread.java:750)
"Socket Reader #1 for port 15134"  prio=5 tid=3806 runnable
java.lang.Thread.State: RUNNABLE
        at sun.nio.ch.EPollArrayWrapper.epollWait(Native Method)
        at sun.nio.ch.EPollArrayWrapper.poll(EPollArrayWrapper.java:269)
        at sun.nio.ch.EPollSelectorImpl.doSelect(EPollSelectorImpl.java:93)
        at sun.nio.ch.SelectorImpl.lockAndDoSelect(SelectorImpl.java:86)
        at sun.nio.ch.SelectorImpl.select(SelectorImpl.java:97)
        at sun.nio.ch.SelectorImpl.select(SelectorImpl.java:101)
        at org.apache.hadoop.ipc.Server$Listener$Reader.doRunLoop(Server.java:1346)
        at org.apache.hadoop.ipc.Server$Listener$Reader.run(Server.java:1325)
"IPC Server handler 91 on default port 15107" daemon prio=5 tid=2920 timed_waiting
java.lang.Thread.State: TIMED_WAITING
        at sun.misc.Unsafe.park(Native Method)
        at java.util.concurrent.locks.LockSupport.parkNanos(LockSupport.java:215)
        at java.util.concurrent.locks.AbstractQueuedSynchronizer$ConditionObject.awaitNanos(AbstractQueuedSynchronizer.java:2078)
        at java.util.concurrent.LinkedBlockingQueue.poll(LinkedBlockingQueue.java:467)
        at org.apache.hadoop.ipc.CallQueueManager.take(CallQueueManager.java:317)
        at org.apache.hadoop.ipc.Server$Handler.run(Server.java:3014)
"80370d78-c36f-4d75-b7cb-6753407b0dff-server-thread1" daemon prio=5 tid=3698 timed_waiting
java.lang.Thread.State: TIMED_WAITING
        at sun.misc.Unsafe.park(Native Method)
        at java.util.concurrent.locks.LockSupport.parkNanos(LockSupport.java:215)
        at java.util.concurrent.SynchronousQueue$TransferStack.awaitFulfill(SynchronousQueue.java:460)
        at java.util.concurrent.SynchronousQueue$TransferStack.transfer(SynchronousQueue.java:362)
        at java.util.concurrent.SynchronousQueue.poll(SynchronousQueue.java:941)
        at java.util.concurrent.ThreadPoolExecutor.getTask(ThreadPoolExecutor.java:1073)
        at java.util.concurrent.ThreadPoolExecutor.runWorker(ThreadPoolExecutor.java:1134)
        at java.util.concurrent.ThreadPoolExecutor$Worker.run(ThreadPoolExecutor.java:624)
        at java.lang.Thread.run(Thread.java:750)
"6cf56e53-88cb-4022-bd56-d9b5c4d884ee-PeriodicHDDSVolumeChecker" daemon prio=5 tid=3822 timed_waiting
java.lang.Thread.State: TIMED_WAITING
        at sun.misc.Unsafe.park(Native Method)
        at java.util.concurrent.locks.LockSupport.parkNanos(LockSupport.java:215)
        at java.util.concurrent.locks.AbstractQueuedSynchronizer$ConditionObject.awaitNanos(AbstractQueuedSynchronizer.java:2078)
        at java.util.concurrent.ScheduledThreadPoolExecutor$DelayedWorkQueue.take(ScheduledThreadPoolExecutor.java:1093)
        at java.util.concurrent.ScheduledThreadPoolExecutor$DelayedWorkQueue.take(ScheduledThreadPoolExecutor.java:809)
        at java.util.concurrent.ThreadPoolExecutor.getTask(ThreadPoolExecutor.java:1074)
        at java.util.concurrent.ThreadPoolExecutor.runWorker(ThreadPoolExecutor.java:1134)
        at java.util.concurrent.ThreadPoolExecutor$Worker.run(ThreadPoolExecutor.java:624)
        at java.lang.Thread.run(Thread.java:750)
"33d4fa9a-f1b5-45a2-9ce3-43c86fd82df2-BlockDeletingService#0" daemon prio=5 tid=3278 in Object.wait()
java.lang.Thread.State: WAITING (on object monitor)
        at sun.misc.Unsafe.park(Native Method)
        at java.util.concurrent.locks.LockSupport.park(LockSupport.java:175)
        at java.util.concurrent.locks.AbstractQueuedSynchronizer$ConditionObject.await(AbstractQueuedSynchronizer.java:2039)
        at java.util.concurrent.ScheduledThreadPoolExecutor$DelayedWorkQueue.take(ScheduledThreadPoolExecutor.java:1088)
        at java.util.concurrent.ScheduledThreadPoolExecutor$DelayedWorkQueue.take(ScheduledThreadPoolExecutor.java:809)
        at java.util.concurrent.ThreadPoolExecutor.getTask(ThreadPoolExecutor.java:1074)
        at java.util.concurrent.ThreadPoolExecutor.runWorker(ThreadPoolExecutor.java:1134)
        at java.util.concurrent.ThreadPoolExecutor$Worker.run(ThreadPoolExecutor.java:624)
        at java.lang.Thread.run(Thread.java:750)
"33d4fa9a-f1b5-45a2-9ce3-43c86fd82df2-BlockDeletingService#6" daemon prio=5 tid=3761 in Object.wait()
java.lang.Thread.State: WAITING (on object monitor)
        at sun.misc.Unsafe.park(Native Method)
        at java.util.concurrent.locks.LockSupport.park(LockSupport.java:175)
        at java.util.concurrent.locks.AbstractQueuedSynchronizer$ConditionObject.await(AbstractQueuedSynchronizer.java:2039)
        at java.util.concurrent.ScheduledThreadPoolExecutor$DelayedWorkQueue.take(ScheduledThreadPoolExecutor.java:1088)
        at java.util.concurrent.ScheduledThreadPoolExecutor$DelayedWorkQueue.take(ScheduledThreadPoolExecutor.java:809)
        at java.util.concurrent.ThreadPoolExecutor.getTask(ThreadPoolExecutor.java:1074)
        at java.util.concurrent.ThreadPoolExecutor.runWorker(ThreadPoolExecutor.java:1134)
        at java.util.concurrent.ThreadPoolExecutor$Worker.run(ThreadPoolExecutor.java:624)
        at java.lang.Thread.run(Thread.java:750)
"IPC Server handler 83 on default port 15106" daemon prio=5 tid=2812 timed_waiting
java.lang.Thread.State: TIMED_WAITING
        at sun.misc.Unsafe.park(Native Method)
        at java.util.concurrent.locks.LockSupport.parkNanos(LockSupport.java:215)
        at java.util.concurrent.locks.AbstractQueuedSynchronizer$ConditionObject.awaitNanos(AbstractQueuedSynchronizer.java:2078)
        at java.util.concurrent.LinkedBlockingQueue.poll(LinkedBlockingQueue.java:467)
        at org.apache.hadoop.ipc.CallQueueManager.take(CallQueueManager.java:317)
        at org.apache.hadoop.ipc.Server$Handler.run(Server.java:3014)
"IPC Server handler 78 on default port 15106" daemon prio=5 tid=2807 timed_waiting
java.lang.Thread.State: TIMED_WAITING
        at sun.misc.Unsafe.park(Native Method)
        at java.util.concurrent.locks.LockSupport.parkNanos(LockSupport.java:215)
        at java.util.concurrent.locks.AbstractQueuedSynchronizer$ConditionObject.awaitNanos(AbstractQueuedSynchronizer.java:2078)
        at java.util.concurrent.LinkedBlockingQueue.poll(LinkedBlockingQueue.java:467)
        at org.apache.hadoop.ipc.CallQueueManager.take(CallQueueManager.java:317)
        at org.apache.hadoop.ipc.Server$Handler.run(Server.java:3014)
"a45323a7-bc80-446e-b427-0ffb34a72641@group-0B323A473FB2-cacheEviction-AwaitToRun" daemon prio=5 tid=3622 in Object.wait()
java.lang.Thread.State: WAITING (on object monitor)
        at sun.misc.Unsafe.park(Native Method)
        at java.util.concurrent.locks.LockSupport.park(LockSupport.java:175)
        at java.util.concurrent.locks.AbstractQueuedSynchronizer$ConditionObject.await(AbstractQueuedSynchronizer.java:2039)
        at org.apache.ratis.util.AwaitForSignal.await(AwaitForSignal.java:48)
        at org.apache.ratis.util.AwaitToRun$RunnableImpl.run(AwaitToRun.java:47)
        at java.lang.Thread.run(Thread.java:750)
"80370d78-c36f-4d75-b7cb-6753407b0dff-ContainerOp-3a57b055-28e0-4292-8aab-9a8d2995d9a7-6"  prio=5 tid=3782 in Object.wait()
java.lang.Thread.State: WAITING (on object monitor)
        at sun.misc.Unsafe.park(Native Method)
        at java.util.concurrent.locks.LockSupport.park(LockSupport.java:175)
        at java.util.concurrent.locks.AbstractQueuedSynchronizer$ConditionObject.await(AbstractQueuedSynchronizer.java:2039)
        at java.util.concurrent.LinkedBlockingQueue.take(LinkedBlockingQueue.java:442)
        at java.util.concurrent.ThreadPoolExecutor.getTask(ThreadPoolExecutor.java:1074)
        at java.util.concurrent.ThreadPoolExecutor.runWorker(ThreadPoolExecutor.java:1134)
        at java.util.concurrent.ThreadPoolExecutor$Worker.run(ThreadPoolExecutor.java:624)
        at java.lang.Thread.run(Thread.java:750)
"IPC Server handler 88 on default port 15107" daemon prio=5 tid=2917 timed_waiting
java.lang.Thread.State: TIMED_WAITING
        at sun.misc.Unsafe.park(Native Method)
        at java.util.concurrent.locks.LockSupport.parkNanos(LockSupport.java:215)
        at java.util.concurrent.locks.AbstractQueuedSynchronizer$ConditionObject.awaitNanos(AbstractQueuedSynchronizer.java:2078)
        at java.util.concurrent.LinkedBlockingQueue.poll(LinkedBlockingQueue.java:467)
        at org.apache.hadoop.ipc.CallQueueManager.take(CallQueueManager.java:317)
        at org.apache.hadoop.ipc.Server$Handler.run(Server.java:3014)
"qtp1284879016-3225" daemon prio=5 tid=3225 timed_waiting
java.lang.Thread.State: TIMED_WAITING
        at sun.misc.Unsafe.park(Native Method)
        at java.util.concurrent.locks.LockSupport.parkNanos(LockSupport.java:215)
        at java.util.concurrent.locks.AbstractQueuedSynchronizer$ConditionObject.awaitNanos(AbstractQueuedSynchronizer.java:2078)
        at org.eclipse.jetty.util.BlockingArrayQueue.poll(BlockingArrayQueue.java:382)
        at org.eclipse.jetty.util.thread.QueuedThreadPool$Runner.idleJobPoll(QueuedThreadPool.java:974)
        at org.eclipse.jetty.util.thread.QueuedThreadPool$Runner.run(QueuedThreadPool.java:1018)
        at java.lang.Thread.run(Thread.java:750)
"qtp326450405-3797" daemon prio=5 tid=3797 runnable
java.lang.Thread.State: RUNNABLE
        at sun.nio.ch.EPollArrayWrapper.epollWait(Native Method)
        at sun.nio.ch.EPollArrayWrapper.poll(EPollArrayWrapper.java:269)
        at sun.nio.ch.EPollSelectorImpl.doSelect(EPollSelectorImpl.java:93)
        at sun.nio.ch.SelectorImpl.lockAndDoSelect(SelectorImpl.java:86)
        at sun.nio.ch.SelectorImpl.select(SelectorImpl.java:97)
        at sun.nio.ch.SelectorImpl.select(SelectorImpl.java:101)
        at org.eclipse.jetty.io.ManagedSelector.nioSelect(ManagedSelector.java:183)
        at org.eclipse.jetty.io.ManagedSelector.select(ManagedSelector.java:190)
        at org.eclipse.jetty.io.ManagedSelector$SelectorProducer.select(ManagedSelector.java:606)
        at org.eclipse.jetty.io.ManagedSelector$SelectorProducer.produce(ManagedSelector.java:543)
        at org.eclipse.jetty.util.thread.strategy.EatWhatYouKill.produceTask(EatWhatYouKill.java:362)
        at org.eclipse.jetty.util.thread.strategy.EatWhatYouKill.doProduce(EatWhatYouKill.java:186)
        at org.eclipse.jetty.util.thread.strategy.EatWhatYouKill.tryProduce(EatWhatYouKill.java:173)
        at org.eclipse.jetty.util.thread.strategy.EatWhatYouKill.produce(EatWhatYouKill.java:137)
        at org.eclipse.jetty.io.ManagedSelector$$Lambda$746/715978059.run(Unknown Source)
        at org.eclipse.jetty.util.thread.QueuedThreadPool.runJob(QueuedThreadPool.java:883)
        at org.eclipse.jetty.util.thread.QueuedThreadPool$Runner.run(QueuedThreadPool.java:1034)
        at java.lang.Thread.run(Thread.java:750)
"om1-groupManagement"  prio=5 tid=3049 in Object.wait()
java.lang.Thread.State: WAITING (on object monitor)
        at sun.misc.Unsafe.park(Native Method)
        at java.util.concurrent.locks.LockSupport.park(LockSupport.java:175)
        at java.util.concurrent.locks.AbstractQueuedSynchronizer$ConditionObject.await(AbstractQueuedSynchronizer.java:2039)
        at java.util.concurrent.LinkedBlockingQueue.take(LinkedBlockingQueue.java:442)
        at java.util.concurrent.ThreadPoolExecutor.getTask(ThreadPoolExecutor.java:1074)
        at java.util.concurrent.ThreadPoolExecutor.runWorker(ThreadPoolExecutor.java:1134)
        at java.util.concurrent.ThreadPoolExecutor$Worker.run(ThreadPoolExecutor.java:624)
        at java.lang.Thread.run(Thread.java:750)
"qtp266429001-3034" daemon prio=5 tid=3034 runnable
java.lang.Thread.State: RUNNABLE
        at sun.nio.ch.EPollArrayWrapper.epollWait(Native Method)
        at sun.nio.ch.EPollArrayWrapper.poll(EPollArrayWrapper.java:269)
        at sun.nio.ch.EPollSelectorImpl.doSelect(EPollSelectorImpl.java:93)
        at sun.nio.ch.SelectorImpl.lockAndDoSelect(SelectorImpl.java:86)
        at sun.nio.ch.SelectorImpl.select(SelectorImpl.java:97)
        at sun.nio.ch.SelectorImpl.select(SelectorImpl.java:101)
        at org.eclipse.jetty.io.ManagedSelector.nioSelect(ManagedSelector.java:183)
        at org.eclipse.jetty.io.ManagedSelector.select(ManagedSelector.java:190)
        at org.eclipse.jetty.io.ManagedSelector$SelectorProducer.select(ManagedSelector.java:606)
        at org.eclipse.jetty.io.ManagedSelector$SelectorProducer.produce(ManagedSelector.java:543)
        at org.eclipse.jetty.util.thread.strategy.EatWhatYouKill.produceTask(EatWhatYouKill.java:362)
        at org.eclipse.jetty.util.thread.strategy.EatWhatYouKill.doProduce(EatWhatYouKill.java:186)
        at org.eclipse.jetty.util.thread.strategy.EatWhatYouKill.tryProduce(EatWhatYouKill.java:173)
        at org.eclipse.jetty.util.thread.strategy.EatWhatYouKill.produce(EatWhatYouKill.java:137)
        at org.eclipse.jetty.io.ManagedSelector$$Lambda$746/715978059.run(Unknown Source)
        at org.eclipse.jetty.util.thread.QueuedThreadPool.runJob(QueuedThreadPool.java:883)
        at org.eclipse.jetty.util.thread.QueuedThreadPool$Runner.run(QueuedThreadPool.java:1034)
        at java.lang.Thread.run(Thread.java:750)
"IPC Server handler 5 on default port 15107" daemon prio=5 tid=2834 timed_waiting
java.lang.Thread.State: TIMED_WAITING
        at sun.misc.Unsafe.park(Native Method)
        at java.util.concurrent.locks.LockSupport.parkNanos(LockSupport.java:215)
        at java.util.concurrent.locks.AbstractQueuedSynchronizer$ConditionObject.awaitNanos(AbstractQueuedSynchronizer.java:2078)
        at java.util.concurrent.LinkedBlockingQueue.poll(LinkedBlockingQueue.java:467)
        at org.apache.hadoop.ipc.CallQueueManager.take(CallQueueManager.java:317)
        at org.apache.hadoop.ipc.Server$Handler.run(Server.java:3014)
"qtp1560921027-3080" daemon prio=5 tid=3080 timed_waiting
java.lang.Thread.State: TIMED_WAITING
        at sun.misc.Unsafe.park(Native Method)
        at java.util.concurrent.locks.LockSupport.parkNanos(LockSupport.java:215)
        at java.util.concurrent.locks.AbstractQueuedSynchronizer$ConditionObject.awaitNanos(AbstractQueuedSynchronizer.java:2078)
        at org.eclipse.jetty.util.BlockingArrayQueue.poll(BlockingArrayQueue.java:382)
        at org.eclipse.jetty.util.thread.QueuedThreadPool$Runner.idleJobPoll(QueuedThreadPool.java:974)
        at org.eclipse.jetty.util.thread.QueuedThreadPool$Runner.run(QueuedThreadPool.java:1018)
        at java.lang.Thread.run(Thread.java:750)
"IPC Server handler 67 on default port 15108" daemon prio=5 tid=2996 timed_waiting
java.lang.Thread.State: TIMED_WAITING
        at sun.misc.Unsafe.park(Native Method)
        at java.util.concurrent.locks.LockSupport.parkNanos(LockSupport.java:215)
        at java.util.concurrent.locks.AbstractQueuedSynchronizer$ConditionObject.awaitNanos(AbstractQueuedSynchronizer.java:2078)
        at java.util.concurrent.LinkedBlockingQueue.poll(LinkedBlockingQueue.java:467)
        at org.apache.hadoop.ipc.CallQueueManager.take(CallQueueManager.java:317)
        at org.apache.hadoop.ipc.Server$Handler.run(Server.java:3014)
"IPC Server handler 82 on default port 15106" daemon prio=5 tid=2811 timed_waiting
java.lang.Thread.State: TIMED_WAITING
        at sun.misc.Unsafe.park(Native Method)
        at java.util.concurrent.locks.LockSupport.parkNanos(LockSupport.java:215)
        at java.util.concurrent.locks.AbstractQueuedSynchronizer$ConditionObject.awaitNanos(AbstractQueuedSynchronizer.java:2078)
        at java.util.concurrent.LinkedBlockingQueue.poll(LinkedBlockingQueue.java:467)
        at org.apache.hadoop.ipc.CallQueueManager.take(CallQueueManager.java:317)
        at org.apache.hadoop.ipc.Server$Handler.run(Server.java:3014)
"IPC Server handler 84 on default port 15108" daemon prio=5 tid=3013 timed_waiting
java.lang.Thread.State: TIMED_WAITING
        at sun.misc.Unsafe.park(Native Method)
        at java.util.concurrent.locks.LockSupport.parkNanos(LockSupport.java:215)
        at java.util.concurrent.locks.AbstractQueuedSynchronizer$ConditionObject.awaitNanos(AbstractQueuedSynchronizer.java:2078)
        at java.util.concurrent.LinkedBlockingQueue.poll(LinkedBlockingQueue.java:467)
        at org.apache.hadoop.ipc.CallQueueManager.take(CallQueueManager.java:317)
        at org.apache.hadoop.ipc.Server$Handler.run(Server.java:3014)
"80370d78-c36f-4d75-b7cb-6753407b0dff-BlockDeletingService#2" daemon prio=5 tid=3604 in Object.wait()
java.lang.Thread.State: WAITING (on object monitor)
        at sun.misc.Unsafe.park(Native Method)
        at java.util.concurrent.locks.LockSupport.park(LockSupport.java:175)
        at java.util.concurrent.locks.AbstractQueuedSynchronizer$ConditionObject.await(AbstractQueuedSynchronizer.java:2039)
        at java.util.concurrent.ScheduledThreadPoolExecutor$DelayedWorkQueue.take(ScheduledThreadPoolExecutor.java:1088)
        at java.util.concurrent.ScheduledThreadPoolExecutor$DelayedWorkQueue.take(ScheduledThreadPoolExecutor.java:809)
        at java.util.concurrent.ThreadPoolExecutor.getTask(ThreadPoolExecutor.java:1074)
        at java.util.concurrent.ThreadPoolExecutor.runWorker(ThreadPoolExecutor.java:1134)
        at java.util.concurrent.ThreadPoolExecutor$Worker.run(ThreadPoolExecutor.java:624)
        at java.lang.Thread.run(Thread.java:750)
"Socket Reader #1 for port 15143"  prio=5 tid=3201 runnable
java.lang.Thread.State: RUNNABLE
        at sun.nio.ch.EPollArrayWrapper.epollWait(Native Method)
        at sun.nio.ch.EPollArrayWrapper.poll(EPollArrayWrapper.java:269)
        at sun.nio.ch.EPollSelectorImpl.doSelect(EPollSelectorImpl.java:93)
        at sun.nio.ch.SelectorImpl.lockAndDoSelect(SelectorImpl.java:86)
        at sun.nio.ch.SelectorImpl.select(SelectorImpl.java:97)
        at sun.nio.ch.SelectorImpl.select(SelectorImpl.java:101)
        at org.apache.hadoop.ipc.Server$Listener$Reader.doRunLoop(Server.java:1346)
        at org.apache.hadoop.ipc.Server$Listener$Reader.run(Server.java:1325)
"33d4fa9a-f1b5-45a2-9ce3-43c86fd82df2-BlockDeletingService#4" daemon prio=5 tid=3738 timed_waiting
java.lang.Thread.State: TIMED_WAITING
        at sun.misc.Unsafe.park(Native Method)
        at java.util.concurrent.locks.LockSupport.parkNanos(LockSupport.java:215)
        at java.util.concurrent.locks.AbstractQueuedSynchronizer$ConditionObject.awaitNanos(AbstractQueuedSynchronizer.java:2078)
        at java.util.concurrent.ScheduledThreadPoolExecutor$DelayedWorkQueue.take(ScheduledThreadPoolExecutor.java:1093)
        at java.util.concurrent.ScheduledThreadPoolExecutor$DelayedWorkQueue.take(ScheduledThreadPoolExecutor.java:809)
        at java.util.concurrent.ThreadPoolExecutor.getTask(ThreadPoolExecutor.java:1074)
        at java.util.concurrent.ThreadPoolExecutor.runWorker(ThreadPoolExecutor.java:1134)
        at java.util.concurrent.ThreadPoolExecutor$Worker.run(ThreadPoolExecutor.java:624)
        at java.lang.Thread.run(Thread.java:750)
"80370d78-c36f-4d75-b7cb-6753407b0dff-DatanodeStateMachineTaskThread-1"  prio=5 tid=3318 in Object.wait()
java.lang.Thread.State: WAITING (on object monitor)
        at sun.misc.Unsafe.park(Native Method)
        at java.util.concurrent.locks.LockSupport.park(LockSupport.java:175)
        at java.util.concurrent.locks.AbstractQueuedSynchronizer$ConditionObject.await(AbstractQueuedSynchronizer.java:2039)
        at java.util.concurrent.LinkedBlockingQueue.take(LinkedBlockingQueue.java:442)
        at java.util.concurrent.ThreadPoolExecutor.getTask(ThreadPoolExecutor.java:1074)
        at java.util.concurrent.ThreadPoolExecutor.runWorker(ThreadPoolExecutor.java:1134)
        at java.util.concurrent.ThreadPoolExecutor$Worker.run(ThreadPoolExecutor.java:624)
        at java.lang.Thread.run(Thread.java:750)
"6cf56e53-88cb-4022-bd56-d9b5c4d884ee@group-85F3280A5D9A-cacheEviction-AwaitToRun" daemon prio=5 tid=3402 in Object.wait()
java.lang.Thread.State: WAITING (on object monitor)
        at sun.misc.Unsafe.park(Native Method)
        at java.util.concurrent.locks.LockSupport.park(LockSupport.java:175)
        at java.util.concurrent.locks.AbstractQueuedSynchronizer$ConditionObject.await(AbstractQueuedSynchronizer.java:2039)
        at org.apache.ratis.util.AwaitForSignal.await(AwaitForSignal.java:48)
        at org.apache.ratis.util.AwaitToRun$RunnableImpl.run(AwaitToRun.java:47)
        at java.lang.Thread.run(Thread.java:750)
"IPC Server handler 51 on default port 15106" daemon prio=5 tid=2780 timed_waiting
java.lang.Thread.State: TIMED_WAITING
        at sun.misc.Unsafe.park(Native Method)
        at java.util.concurrent.locks.LockSupport.parkNanos(LockSupport.java:215)
        at java.util.concurrent.locks.AbstractQueuedSynchronizer$ConditionObject.awaitNanos(AbstractQueuedSynchronizer.java:2078)
        at java.util.concurrent.LinkedBlockingQueue.poll(LinkedBlockingQueue.java:467)
        at org.apache.hadoop.ipc.CallQueueManager.take(CallQueueManager.java:317)
        at org.apache.hadoop.ipc.Server$Handler.run(Server.java:3014)
"om1-OMStateMachineApplyTransactionThread - 0" daemon prio=5 tid=3494 in Object.wait()
java.lang.Thread.State: WAITING (on object monitor)
        at sun.misc.Unsafe.park(Native Method)
        at java.util.concurrent.locks.LockSupport.park(LockSupport.java:175)
        at java.util.concurrent.locks.AbstractQueuedSynchronizer$ConditionObject.await(AbstractQueuedSynchronizer.java:2039)
        at java.util.concurrent.LinkedBlockingQueue.take(LinkedBlockingQueue.java:442)
        at java.util.concurrent.ThreadPoolExecutor.getTask(ThreadPoolExecutor.java:1074)
        at java.util.concurrent.ThreadPoolExecutor.runWorker(ThreadPoolExecutor.java:1134)
        at java.util.concurrent.ThreadPoolExecutor$Worker.run(ThreadPoolExecutor.java:624)
        at java.lang.Thread.run(Thread.java:750)
"33d4fa9a-f1b5-45a2-9ce3-43c86fd82df2-server-thread1" daemon prio=5 tid=3696 timed_waiting
java.lang.Thread.State: TIMED_WAITING
        at sun.misc.Unsafe.park(Native Method)
        at java.util.concurrent.locks.LockSupport.parkNanos(LockSupport.java:215)
        at java.util.concurrent.SynchronousQueue$TransferStack.awaitFulfill(SynchronousQueue.java:460)
        at java.util.concurrent.SynchronousQueue$TransferStack.transfer(SynchronousQueue.java:362)
        at java.util.concurrent.SynchronousQueue.poll(SynchronousQueue.java:941)
        at java.util.concurrent.ThreadPoolExecutor.getTask(ThreadPoolExecutor.java:1073)
        at java.util.concurrent.ThreadPoolExecutor.runWorker(ThreadPoolExecutor.java:1134)
        at java.util.concurrent.ThreadPoolExecutor$Worker.run(ThreadPoolExecutor.java:624)
        at java.lang.Thread.run(Thread.java:750)
"IPC Server idle connection scanner for port 15152" daemon prio=5 tid=3230 timed_waiting
java.lang.Thread.State: TIMED_WAITING
        at java.lang.Object.wait(Native Method)
        at java.util.TimerThread.mainLoop(Timer.java:552)
        at java.util.TimerThread.run(Timer.java:505)
"IPC Server handler 95 on default port 15106" daemon prio=5 tid=2824 timed_waiting
java.lang.Thread.State: TIMED_WAITING
        at sun.misc.Unsafe.park(Native Method)
        at java.util.concurrent.locks.LockSupport.parkNanos(LockSupport.java:215)
        at java.util.concurrent.locks.AbstractQueuedSynchronizer$ConditionObject.awaitNanos(AbstractQueuedSynchronizer.java:2078)
        at java.util.concurrent.LinkedBlockingQueue.poll(LinkedBlockingQueue.java:467)
        at org.apache.hadoop.ipc.CallQueueManager.take(CallQueueManager.java:317)
        at org.apache.hadoop.ipc.Server$Handler.run(Server.java:3014)
"pool-490-thread-1"  prio=5 tid=3032 timed_waiting
java.lang.Thread.State: TIMED_WAITING
        at sun.misc.Unsafe.park(Native Method)
        at java.util.concurrent.locks.LockSupport.parkNanos(LockSupport.java:215)
        at java.util.concurrent.locks.AbstractQueuedSynchronizer$ConditionObject.awaitNanos(AbstractQueuedSynchronizer.java:2078)
        at java.util.concurrent.ScheduledThreadPoolExecutor$DelayedWorkQueue.take(ScheduledThreadPoolExecutor.java:1093)
        at java.util.concurrent.ScheduledThreadPoolExecutor$DelayedWorkQueue.take(ScheduledThreadPoolExecutor.java:809)
        at java.util.concurrent.ThreadPoolExecutor.getTask(ThreadPoolExecutor.java:1074)
        at java.util.concurrent.ThreadPoolExecutor.runWorker(ThreadPoolExecutor.java:1134)
        at java.util.concurrent.ThreadPoolExecutor$Worker.run(ThreadPoolExecutor.java:624)
        at java.lang.Thread.run(Thread.java:750)
"IPC Server handler 31 on default port 15106" daemon prio=5 tid=2760 timed_waiting
java.lang.Thread.State: TIMED_WAITING
        at sun.misc.Unsafe.park(Native Method)
        at java.util.concurrent.locks.LockSupport.parkNanos(LockSupport.java:215)
        at java.util.concurrent.locks.AbstractQueuedSynchronizer$ConditionObject.awaitNanos(AbstractQueuedSynchronizer.java:2078)
        at java.util.concurrent.LinkedBlockingQueue.poll(LinkedBlockingQueue.java:467)
        at org.apache.hadoop.ipc.CallQueueManager.take(CallQueueManager.java:317)
        at org.apache.hadoop.ipc.Server$Handler.run(Server.java:3014)
"ContainerDataScanner(/home/runner/work/ozone/ozone/hadoop-ozone/integration-test/target/test-dir/MiniOzoneClusterImpl-ed39ddd9-82bf-4bf6-8741-acb42c98007c/ozone-meta/datanode-4/data-0/hdds)" daemon prio=5 tid=3307 timed_waiting
java.lang.Thread.State: TIMED_WAITING
        at java.lang.Thread.sleep(Native Method)
        at org.apache.hadoop.ozone.container.ozoneimpl.AbstractBackgroundContainerScanner.handleRemainingSleep(AbstractBackgroundContainerScanner.java:131)
        at org.apache.hadoop.ozone.container.ozoneimpl.AbstractBackgroundContainerScanner.runIteration(AbstractBackgroundContainerScanner.java:98)
        at org.apache.hadoop.ozone.container.ozoneimpl.AbstractBackgroundContainerScanner.run(AbstractBackgroundContainerScanner.java:57)
"80370d78-c36f-4d75-b7cb-6753407b0dff-DatanodeReportManager-2" daemon prio=5 tid=3237 in Object.wait()
java.lang.Thread.State: WAITING (on object monitor)
        at sun.misc.Unsafe.park(Native Method)
        at java.util.concurrent.locks.LockSupport.park(LockSupport.java:175)
        at java.util.concurrent.locks.AbstractQueuedSynchronizer$ConditionObject.await(AbstractQueuedSynchronizer.java:2039)
        at java.util.concurrent.ScheduledThreadPoolExecutor$DelayedWorkQueue.take(ScheduledThreadPoolExecutor.java:1088)
        at java.util.concurrent.ScheduledThreadPoolExecutor$DelayedWorkQueue.take(ScheduledThreadPoolExecutor.java:809)
        at java.util.concurrent.ThreadPoolExecutor.getTask(ThreadPoolExecutor.java:1074)
        at java.util.concurrent.ThreadPoolExecutor.runWorker(ThreadPoolExecutor.java:1134)
        at java.util.concurrent.ThreadPoolExecutor$Worker.run(ThreadPoolExecutor.java:624)
        at java.lang.Thread.run(Thread.java:750)
"om1-OpenKeyCleanupService#0" daemon prio=5 tid=3067 timed_waiting
java.lang.Thread.State: TIMED_WAITING
        at sun.misc.Unsafe.park(Native Method)
        at java.util.concurrent.locks.LockSupport.parkNanos(LockSupport.java:215)
        at java.util.concurrent.locks.AbstractQueuedSynchronizer$ConditionObject.awaitNanos(AbstractQueuedSynchronizer.java:2078)
        at java.util.concurrent.ScheduledThreadPoolExecutor$DelayedWorkQueue.take(ScheduledThreadPoolExecutor.java:1093)
        at java.util.concurrent.ScheduledThreadPoolExecutor$DelayedWorkQueue.take(ScheduledThreadPoolExecutor.java:809)
        at java.util.concurrent.ThreadPoolExecutor.getTask(ThreadPoolExecutor.java:1074)
        at java.util.concurrent.ThreadPoolExecutor.runWorker(ThreadPoolExecutor.java:1134)
        at java.util.concurrent.ThreadPoolExecutor$Worker.run(ThreadPoolExecutor.java:624)
        at java.lang.Thread.run(Thread.java:750)
"StaleRecoveringContainerScrubbingService#4" daemon prio=5 tid=3741 timed_waiting
java.lang.Thread.State: TIMED_WAITING
        at sun.misc.Unsafe.park(Native Method)
        at java.util.concurrent.locks.LockSupport.parkNanos(LockSupport.java:215)
        at java.util.concurrent.locks.AbstractQueuedSynchronizer$ConditionObject.awaitNanos(AbstractQueuedSynchronizer.java:2078)
        at java.util.concurrent.ScheduledThreadPoolExecutor$DelayedWorkQueue.take(ScheduledThreadPoolExecutor.java:1093)
        at java.util.concurrent.ScheduledThreadPoolExecutor$DelayedWorkQueue.take(ScheduledThreadPoolExecutor.java:809)
        at java.util.concurrent.ThreadPoolExecutor.getTask(ThreadPoolExecutor.java:1074)
        at java.util.concurrent.ThreadPoolExecutor.runWorker(ThreadPoolExecutor.java:1134)
        at java.util.concurrent.ThreadPoolExecutor$Worker.run(ThreadPoolExecutor.java:624)
        at java.lang.Thread.run(Thread.java:750)
"Session-HouseKeeper-d8d9c7a-1"  prio=5 tid=3199 timed_waiting
java.lang.Thread.State: TIMED_WAITING
        at sun.misc.Unsafe.park(Native Method)
        at java.util.concurrent.locks.LockSupport.parkNanos(LockSupport.java:215)
        at java.util.concurrent.locks.AbstractQueuedSynchronizer$ConditionObject.awaitNanos(AbstractQueuedSynchronizer.java:2078)
        at java.util.concurrent.ScheduledThreadPoolExecutor$DelayedWorkQueue.take(ScheduledThreadPoolExecutor.java:1093)
        at java.util.concurrent.ScheduledThreadPoolExecutor$DelayedWorkQueue.take(ScheduledThreadPoolExecutor.java:809)
        at java.util.concurrent.ThreadPoolExecutor.getTask(ThreadPoolExecutor.java:1074)
        at java.util.concurrent.ThreadPoolExecutor.runWorker(ThreadPoolExecutor.java:1134)
        at java.util.concurrent.ThreadPoolExecutor$Worker.run(ThreadPoolExecutor.java:624)
        at java.lang.Thread.run(Thread.java:750)
"IPC Server handler 41 on default port 15107" daemon prio=5 tid=2870 timed_waiting
java.lang.Thread.State: TIMED_WAITING
        at sun.misc.Unsafe.park(Native Method)
        at java.util.concurrent.locks.LockSupport.parkNanos(LockSupport.java:215)
        at java.util.concurrent.locks.AbstractQueuedSynchronizer$ConditionObject.awaitNanos(AbstractQueuedSynchronizer.java:2078)
        at java.util.concurrent.LinkedBlockingQueue.poll(LinkedBlockingQueue.java:467)
        at org.apache.hadoop.ipc.CallQueueManager.take(CallQueueManager.java:317)
        at org.apache.hadoop.ipc.Server$Handler.run(Server.java:3014)
"IPC Server handler 50 on default port 15106" daemon prio=5 tid=2779 timed_waiting
java.lang.Thread.State: TIMED_WAITING
        at sun.misc.Unsafe.park(Native Method)
        at java.util.concurrent.locks.LockSupport.parkNanos(LockSupport.java:215)
        at java.util.concurrent.locks.AbstractQueuedSynchronizer$ConditionObject.awaitNanos(AbstractQueuedSynchronizer.java:2078)
        at java.util.concurrent.LinkedBlockingQueue.poll(LinkedBlockingQueue.java:467)
        at org.apache.hadoop.ipc.CallQueueManager.take(CallQueueManager.java:317)
        at org.apache.hadoop.ipc.Server$Handler.run(Server.java:3014)
"qtp2092775230-3194" daemon prio=5 tid=3194 timed_waiting
java.lang.Thread.State: TIMED_WAITING
        at sun.misc.Unsafe.park(Native Method)
        at java.util.concurrent.locks.LockSupport.parkNanos(LockSupport.java:215)
        at java.util.concurrent.locks.AbstractQueuedSynchronizer$ConditionObject.awaitNanos(AbstractQueuedSynchronizer.java:2078)
        at org.eclipse.jetty.util.BlockingArrayQueue.poll(BlockingArrayQueue.java:382)
        at org.eclipse.jetty.util.thread.QueuedThreadPool$Runner.idleJobPoll(QueuedThreadPool.java:974)
        at org.eclipse.jetty.util.thread.QueuedThreadPool$Runner.run(QueuedThreadPool.java:1018)
        at java.lang.Thread.run(Thread.java:750)
"IPC Server handler 91 on default port 15106" daemon prio=5 tid=2820 timed_waiting
java.lang.Thread.State: TIMED_WAITING
        at sun.misc.Unsafe.park(Native Method)
        at java.util.concurrent.locks.LockSupport.parkNanos(LockSupport.java:215)
        at java.util.concurrent.locks.AbstractQueuedSynchronizer$ConditionObject.awaitNanos(AbstractQueuedSynchronizer.java:2078)
        at java.util.concurrent.LinkedBlockingQueue.poll(LinkedBlockingQueue.java:467)
        at org.apache.hadoop.ipc.CallQueueManager.take(CallQueueManager.java:317)
        at org.apache.hadoop.ipc.Server$Handler.run(Server.java:3014)
"IPC Server handler 38 on default port 15107" daemon prio=5 tid=2867 timed_waiting
java.lang.Thread.State: TIMED_WAITING
        at sun.misc.Unsafe.park(Native Method)
        at java.util.concurrent.locks.LockSupport.parkNanos(LockSupport.java:215)
        at java.util.concurrent.locks.AbstractQueuedSynchronizer$ConditionObject.awaitNanos(AbstractQueuedSynchronizer.java:2078)
        at java.util.concurrent.LinkedBlockingQueue.poll(LinkedBlockingQueue.java:467)
        at org.apache.hadoop.ipc.CallQueueManager.take(CallQueueManager.java:317)
        at org.apache.hadoop.ipc.Server$Handler.run(Server.java:3014)
"IPC Server handler 9 on default port 15108" daemon prio=5 tid=2938 timed_waiting
java.lang.Thread.State: TIMED_WAITING
        at sun.misc.Unsafe.park(Native Method)
        at java.util.concurrent.locks.LockSupport.parkNanos(LockSupport.java:215)
        at java.util.concurrent.locks.AbstractQueuedSynchronizer$ConditionObject.awaitNanos(AbstractQueuedSynchronizer.java:2078)
        at java.util.concurrent.LinkedBlockingQueue.poll(LinkedBlockingQueue.java:467)
        at org.apache.hadoop.ipc.CallQueueManager.take(CallQueueManager.java:317)
        at org.apache.hadoop.ipc.Server$Handler.run(Server.java:3014)
"80370d78-c36f-4d75-b7cb-6753407b0dff@group-0B323A473FB2-SegmentedRaftLogWorker"  prio=5 tid=3619 timed_waiting
java.lang.Thread.State: TIMED_WAITING
        at sun.misc.Unsafe.park(Native Method)
        at java.util.concurrent.locks.LockSupport.parkNanos(LockSupport.java:215)
        at java.util.concurrent.locks.AbstractQueuedSynchronizer$ConditionObject.awaitNanos(AbstractQueuedSynchronizer.java:2078)
        at org.apache.ratis.util.DataBlockingQueue.poll(DataBlockingQueue.java:148)
        at org.apache.ratis.server.raftlog.segmented.SegmentedRaftLogWorker.run(SegmentedRaftLogWorker.java:299)
        at org.apache.ratis.server.raftlog.segmented.SegmentedRaftLogWorker$$Lambda$1079/927089352.run(Unknown Source)
        at java.util.concurrent.Executors$RunnableAdapter.call(Executors.java:511)
        at java.util.concurrent.FutureTask.run(FutureTask.java:266)
        at java.util.concurrent.ThreadPoolExecutor.runWorker(ThreadPoolExecutor.java:1149)
        at java.util.concurrent.ThreadPoolExecutor$Worker.run(ThreadPoolExecutor.java:624)
        at java.lang.Thread.run(Thread.java:750)
"JvmPauseMonitor16" daemon prio=5 tid=3258 timed_waiting
java.lang.Thread.State: TIMED_WAITING
        at java.lang.Thread.sleep(Native Method)
        at java.lang.Thread.sleep(Thread.java:342)
        at java.util.concurrent.TimeUnit.sleep(TimeUnit.java:386)
        at org.apache.ratis.util.TimeDuration.sleep(TimeDuration.java:353)
        at org.apache.ratis.util.TimeDuration.sleep(TimeDuration.java:338)
        at org.apache.ratis.util.JvmPauseMonitor.detectPause(JvmPauseMonitor.java:160)
        at org.apache.ratis.util.JvmPauseMonitor.run(JvmPauseMonitor.java:149)
        at org.apache.ratis.util.JvmPauseMonitor$$Lambda$706/992171555.run(Unknown Source)
        at java.lang.Thread.run(Thread.java:750)
"80370d78-c36f-4d75-b7cb-6753407b0dff@group-12C11132411B-SegmentedRaftLogWorker"  prio=5 tid=3637 timed_waiting
java.lang.Thread.State: TIMED_WAITING
        at sun.misc.Unsafe.park(Native Method)
        at java.util.concurrent.locks.LockSupport.parkNanos(LockSupport.java:215)
        at java.util.concurrent.locks.AbstractQueuedSynchronizer$ConditionObject.awaitNanos(AbstractQueuedSynchronizer.java:2078)
        at org.apache.ratis.util.DataBlockingQueue.poll(DataBlockingQueue.java:148)
        at org.apache.ratis.server.raftlog.segmented.SegmentedRaftLogWorker.run(SegmentedRaftLogWorker.java:299)
        at org.apache.ratis.server.raftlog.segmented.SegmentedRaftLogWorker$$Lambda$1079/927089352.run(Unknown Source)
        at java.util.concurrent.Executors$RunnableAdapter.call(Executors.java:511)
        at java.util.concurrent.FutureTask.run(FutureTask.java:266)
        at java.util.concurrent.ThreadPoolExecutor.runWorker(ThreadPoolExecutor.java:1149)
        at java.util.concurrent.ThreadPoolExecutor$Worker.run(ThreadPoolExecutor.java:624)
        at java.lang.Thread.run(Thread.java:750)
"9387e6e8-bf6d-4d10-9dc1-f1bd05fc02cf-EndpointStateMachineTaskThread-/0.0.0.0:15108-0 "  prio=5 tid=3245 in Object.wait()
java.lang.Thread.State: WAITING (on object monitor)
        at sun.misc.Unsafe.park(Native Method)
        at java.util.concurrent.locks.LockSupport.park(LockSupport.java:175)
        at java.util.concurrent.locks.AbstractQueuedSynchronizer$ConditionObject.await(AbstractQueuedSynchronizer.java:2039)
        at java.util.concurrent.LinkedBlockingQueue.take(LinkedBlockingQueue.java:442)
        at java.util.concurrent.ThreadPoolExecutor.getTask(ThreadPoolExecutor.java:1074)
        at java.util.concurrent.ThreadPoolExecutor.runWorker(ThreadPoolExecutor.java:1134)
        at java.util.concurrent.ThreadPoolExecutor$Worker.run(ThreadPoolExecutor.java:624)
        at java.lang.Thread.run(Thread.java:750)
"IPC Server handler 46 on default port 15107" daemon prio=5 tid=2875 timed_waiting
java.lang.Thread.State: TIMED_WAITING
        at sun.misc.Unsafe.park(Native Method)
        at java.util.concurrent.locks.LockSupport.parkNanos(LockSupport.java:215)
        at java.util.concurrent.locks.AbstractQueuedSynchronizer$ConditionObject.awaitNanos(AbstractQueuedSynchronizer.java:2078)
        at java.util.concurrent.LinkedBlockingQueue.poll(LinkedBlockingQueue.java:467)
        at org.apache.hadoop.ipc.CallQueueManager.take(CallQueueManager.java:317)
        at org.apache.hadoop.ipc.Server$Handler.run(Server.java:3014)
"IPC Server handler 19 on default port 15106" daemon prio=5 tid=2748 timed_waiting
java.lang.Thread.State: TIMED_WAITING
        at sun.misc.Unsafe.park(Native Method)
        at java.util.concurrent.locks.LockSupport.parkNanos(LockSupport.java:215)
        at java.util.concurrent.locks.AbstractQueuedSynchronizer$ConditionObject.awaitNanos(AbstractQueuedSynchronizer.java:2078)
        at java.util.concurrent.LinkedBlockingQueue.poll(LinkedBlockingQueue.java:467)
        at org.apache.hadoop.ipc.CallQueueManager.take(CallQueueManager.java:317)
        at org.apache.hadoop.ipc.Server$Handler.run(Server.java:3014)
"IPC Server handler 52 on default port 15107" daemon prio=5 tid=2881 timed_waiting
java.lang.Thread.State: TIMED_WAITING
        at sun.misc.Unsafe.park(Native Method)
        at java.util.concurrent.locks.LockSupport.parkNanos(LockSupport.java:215)
        at java.util.concurrent.locks.AbstractQueuedSynchronizer$ConditionObject.awaitNanos(AbstractQueuedSynchronizer.java:2078)
        at java.util.concurrent.LinkedBlockingQueue.poll(LinkedBlockingQueue.java:467)
        at org.apache.hadoop.ipc.CallQueueManager.take(CallQueueManager.java:317)
        at org.apache.hadoop.ipc.Server$Handler.run(Server.java:3014)
"PartialTableCache-Cleanup-0" daemon prio=5 tid=889 in Object.wait()
java.lang.Thread.State: WAITING (on object monitor)
        at sun.misc.Unsafe.park(Native Method)
        at java.util.concurrent.locks.LockSupport.park(LockSupport.java:175)
        at java.util.concurrent.locks.AbstractQueuedSynchronizer$ConditionObject.await(AbstractQueuedSynchronizer.java:2039)
        at java.util.concurrent.LinkedBlockingQueue.take(LinkedBlockingQueue.java:442)
        at java.util.concurrent.ThreadPoolExecutor.getTask(ThreadPoolExecutor.java:1074)
        at java.util.concurrent.ThreadPoolExecutor.runWorker(ThreadPoolExecutor.java:1134)
        at java.util.concurrent.ThreadPoolExecutor$Worker.run(ThreadPoolExecutor.java:624)
        at java.lang.Thread.run(Thread.java:750)
"IPC Server handler 16 on default port 15106" daemon prio=5 tid=2745 timed_waiting
java.lang.Thread.State: TIMED_WAITING
        at sun.misc.Unsafe.park(Native Method)
        at java.util.concurrent.locks.LockSupport.parkNanos(LockSupport.java:215)
        at java.util.concurrent.locks.AbstractQueuedSynchronizer$ConditionObject.awaitNanos(AbstractQueuedSynchronizer.java:2078)
        at java.util.concurrent.LinkedBlockingQueue.poll(LinkedBlockingQueue.java:467)
        at org.apache.hadoop.ipc.CallQueueManager.take(CallQueueManager.java:317)
        at org.apache.hadoop.ipc.Server$Handler.run(Server.java:3014)
"33d4fa9a-f1b5-45a2-9ce3-43c86fd82df2-ChunkWriter-1-0" daemon prio=5 tid=3273 in Object.wait()
java.lang.Thread.State: WAITING (on object monitor)
        at sun.misc.Unsafe.park(Native Method)
        at java.util.concurrent.locks.LockSupport.park(LockSupport.java:175)
        at java.util.concurrent.locks.AbstractQueuedSynchronizer$ConditionObject.await(AbstractQueuedSynchronizer.java:2039)
        at java.util.concurrent.LinkedBlockingDeque.takeFirst(LinkedBlockingDeque.java:492)
        at java.util.concurrent.LinkedBlockingDeque.take(LinkedBlockingDeque.java:680)
        at java.util.concurrent.ThreadPoolExecutor.getTask(ThreadPoolExecutor.java:1074)
        at java.util.concurrent.ThreadPoolExecutor.runWorker(ThreadPoolExecutor.java:1134)
        at java.util.concurrent.ThreadPoolExecutor$Worker.run(ThreadPoolExecutor.java:624)
        at java.lang.Thread.run(Thread.java:750)
"IPC Server handler 4 on default port 15110" daemon prio=5 tid=3086 timed_waiting
java.lang.Thread.State: TIMED_WAITING
        at sun.misc.Unsafe.park(Native Method)
        at java.util.concurrent.locks.LockSupport.parkNanos(LockSupport.java:215)
        at java.util.concurrent.locks.AbstractQueuedSynchronizer$ConditionObject.awaitNanos(AbstractQueuedSynchronizer.java:2078)
        at java.util.concurrent.LinkedBlockingQueue.poll(LinkedBlockingQueue.java:467)
        at org.apache.hadoop.ipc.CallQueueManager.take(CallQueueManager.java:317)
        at org.apache.hadoop.ipc.Server$Handler.run(Server.java:3014)
"IPC Server Responder" daemon prio=5 tid=3053 runnable
java.lang.Thread.State: RUNNABLE
        at sun.nio.ch.EPollArrayWrapper.epollWait(Native Method)
        at sun.nio.ch.EPollArrayWrapper.poll(EPollArrayWrapper.java:269)
        at sun.nio.ch.EPollSelectorImpl.doSelect(EPollSelectorImpl.java:93)
        at sun.nio.ch.SelectorImpl.lockAndDoSelect(SelectorImpl.java:86)
        at sun.nio.ch.SelectorImpl.select(SelectorImpl.java:97)
        at org.apache.hadoop.ipc.Server$Responder.doRunLoop(Server.java:1582)
        at org.apache.hadoop.ipc.Server$Responder.run(Server.java:1565)
"80370d78-c36f-4d75-b7cb-6753407b0dff-BlockDeletingService#6" daemon prio=5 tid=3767 in Object.wait()
java.lang.Thread.State: WAITING (on object monitor)
        at sun.misc.Unsafe.park(Native Method)
        at java.util.concurrent.locks.LockSupport.park(LockSupport.java:175)
        at java.util.concurrent.locks.AbstractQueuedSynchronizer$ConditionObject.await(AbstractQueuedSynchronizer.java:2039)
        at java.util.concurrent.ScheduledThreadPoolExecutor$DelayedWorkQueue.take(ScheduledThreadPoolExecutor.java:1088)
        at java.util.concurrent.ScheduledThreadPoolExecutor$DelayedWorkQueue.take(ScheduledThreadPoolExecutor.java:809)
        at java.util.concurrent.ThreadPoolExecutor.getTask(ThreadPoolExecutor.java:1074)
        at java.util.concurrent.ThreadPoolExecutor.runWorker(ThreadPoolExecutor.java:1134)
        at java.util.concurrent.ThreadPoolExecutor$Worker.run(ThreadPoolExecutor.java:624)
        at java.lang.Thread.run(Thread.java:750)
"qtp266429001-3039" daemon prio=5 tid=3039 timed_waiting
java.lang.Thread.State: TIMED_WAITING
        at sun.misc.Unsafe.park(Native Method)
        at java.util.concurrent.locks.LockSupport.parkNanos(LockSupport.java:215)
        at java.util.concurrent.locks.AbstractQueuedSynchronizer$ConditionObject.awaitNanos(AbstractQueuedSynchronizer.java:2078)
        at org.eclipse.jetty.util.BlockingArrayQueue.poll(BlockingArrayQueue.java:382)
        at org.eclipse.jetty.util.thread.QueuedThreadPool$Runner.idleJobPoll(QueuedThreadPool.java:974)
        at org.eclipse.jetty.util.thread.QueuedThreadPool$Runner.run(QueuedThreadPool.java:1018)
        at java.lang.Thread.run(Thread.java:750)
"IPC Server handler 21 on default port 15107" daemon prio=5 tid=2850 timed_waiting
java.lang.Thread.State: TIMED_WAITING
        at sun.misc.Unsafe.park(Native Method)
        at java.util.concurrent.locks.LockSupport.parkNanos(LockSupport.java:215)
        at java.util.concurrent.locks.AbstractQueuedSynchronizer$ConditionObject.awaitNanos(AbstractQueuedSynchronizer.java:2078)
        at java.util.concurrent.LinkedBlockingQueue.poll(LinkedBlockingQueue.java:467)
        at org.apache.hadoop.ipc.CallQueueManager.take(CallQueueManager.java:317)
        at org.apache.hadoop.ipc.Server$Handler.run(Server.java:3014)
"IPC Server handler 70 on default port 15107" daemon prio=5 tid=2899 timed_waiting
java.lang.Thread.State: TIMED_WAITING
        at sun.misc.Unsafe.park(Native Method)
        at java.util.concurrent.locks.LockSupport.parkNanos(LockSupport.java:215)
        at java.util.concurrent.locks.AbstractQueuedSynchronizer$ConditionObject.awaitNanos(AbstractQueuedSynchronizer.java:2078)
        at java.util.concurrent.LinkedBlockingQueue.poll(LinkedBlockingQueue.java:467)
        at org.apache.hadoop.ipc.CallQueueManager.take(CallQueueManager.java:317)
        at org.apache.hadoop.ipc.Server$Handler.run(Server.java:3014)
"80370d78-c36f-4d75-b7cb-6753407b0dff@group-77AD9CB52074-cacheEviction-AwaitToRun" daemon prio=5 tid=3654 in Object.wait()
java.lang.Thread.State: WAITING (on object monitor)
        at sun.misc.Unsafe.park(Native Method)
        at java.util.concurrent.locks.LockSupport.park(LockSupport.java:175)
        at java.util.concurrent.locks.AbstractQueuedSynchronizer$ConditionObject.await(AbstractQueuedSynchronizer.java:2039)
        at org.apache.ratis.util.AwaitForSignal.await(AwaitForSignal.java:48)
        at org.apache.ratis.util.AwaitToRun$RunnableImpl.run(AwaitToRun.java:47)
        at java.lang.Thread.run(Thread.java:750)
"ContainerDataScanner(/home/runner/work/ozone/ozone/hadoop-ozone/integration-test/target/test-dir/MiniOzoneClusterImpl-ed39ddd9-82bf-4bf6-8741-acb42c98007c/ozone-meta/datanode-2/data-0/hdds)" daemon prio=5 tid=3271 timed_waiting
java.lang.Thread.State: TIMED_WAITING
        at java.lang.Thread.sleep(Native Method)
        at org.apache.hadoop.ozone.container.ozoneimpl.AbstractBackgroundContainerScanner.handleRemainingSleep(AbstractBackgroundContainerScanner.java:131)
        at org.apache.hadoop.ozone.container.ozoneimpl.AbstractBackgroundContainerScanner.runIteration(AbstractBackgroundContainerScanner.java:98)
        at org.apache.hadoop.ozone.container.ozoneimpl.AbstractBackgroundContainerScanner.run(AbstractBackgroundContainerScanner.java:57)
"IPC Server listener on 15110" daemon prio=5 tid=3050 runnable
java.lang.Thread.State: RUNNABLE
        at sun.nio.ch.EPollArrayWrapper.epollWait(Native Method)
        at sun.nio.ch.EPollArrayWrapper.poll(EPollArrayWrapper.java:269)
        at sun.nio.ch.EPollSelectorImpl.doSelect(EPollSelectorImpl.java:93)
        at sun.nio.ch.SelectorImpl.lockAndDoSelect(SelectorImpl.java:86)
        at sun.nio.ch.SelectorImpl.select(SelectorImpl.java:97)
        at sun.nio.ch.SelectorImpl.select(SelectorImpl.java:101)
        at org.apache.hadoop.ipc.Server$Listener.run(Server.java:1408)
"IPC Server handler 67 on default port 15107" daemon prio=5 tid=2896 timed_waiting
java.lang.Thread.State: TIMED_WAITING
        at sun.misc.Unsafe.park(Native Method)
        at java.util.concurrent.locks.LockSupport.parkNanos(LockSupport.java:215)
        at java.util.concurrent.locks.AbstractQueuedSynchronizer$ConditionObject.awaitNanos(AbstractQueuedSynchronizer.java:2078)
        at java.util.concurrent.LinkedBlockingQueue.poll(LinkedBlockingQueue.java:467)
        at org.apache.hadoop.ipc.CallQueueManager.take(CallQueueManager.java:317)
        at org.apache.hadoop.ipc.Server$Handler.run(Server.java:3014)
"IPC Server handler 92 on default port 15106" daemon prio=5 tid=2821 timed_waiting
java.lang.Thread.State: TIMED_WAITING
        at sun.misc.Unsafe.park(Native Method)
        at java.util.concurrent.locks.LockSupport.parkNanos(LockSupport.java:215)
        at java.util.concurrent.locks.AbstractQueuedSynchronizer$ConditionObject.awaitNanos(AbstractQueuedSynchronizer.java:2078)
        at java.util.concurrent.LinkedBlockingQueue.poll(LinkedBlockingQueue.java:467)
        at org.apache.hadoop.ipc.CallQueueManager.take(CallQueueManager.java:317)
        at org.apache.hadoop.ipc.Server$Handler.run(Server.java:3014)
"9387e6e8-bf6d-4d10-9dc1-f1bd05fc02cf@group-77AD9CB52074-FollowerState" daemon prio=5 tid=3712 timed_waiting
java.lang.Thread.State: TIMED_WAITING
        at java.lang.Thread.sleep(Native Method)
        at java.lang.Thread.sleep(Thread.java:342)
        at java.util.concurrent.TimeUnit.sleep(TimeUnit.java:386)
        at org.apache.ratis.util.TimeDuration.sleep(TimeDuration.java:353)
        at org.apache.ratis.util.TimeDuration.sleep(TimeDuration.java:338)
        at org.apache.ratis.server.impl.FollowerState.run(FollowerState.java:128)
"IPC Server handler 73 on default port 15106" daemon prio=5 tid=2802 timed_waiting
java.lang.Thread.State: TIMED_WAITING
        at sun.misc.Unsafe.park(Native Method)
        at java.util.concurrent.locks.LockSupport.parkNanos(LockSupport.java:215)
        at java.util.concurrent.locks.AbstractQueuedSynchronizer$ConditionObject.awaitNanos(AbstractQueuedSynchronizer.java:2078)
        at java.util.concurrent.LinkedBlockingQueue.poll(LinkedBlockingQueue.java:467)
        at org.apache.hadoop.ipc.CallQueueManager.take(CallQueueManager.java:317)
        at org.apache.hadoop.ipc.Server$Handler.run(Server.java:3014)
"IPC Server handler 10 on default port 15106" daemon prio=5 tid=2739 timed_waiting
java.lang.Thread.State: TIMED_WAITING
        at sun.misc.Unsafe.park(Native Method)
        at java.util.concurrent.locks.LockSupport.parkNanos(LockSupport.java:215)
        at java.util.concurrent.locks.AbstractQueuedSynchronizer$ConditionObject.awaitNanos(AbstractQueuedSynchronizer.java:2078)
        at java.util.concurrent.LinkedBlockingQueue.poll(LinkedBlockingQueue.java:467)
        at org.apache.hadoop.ipc.CallQueueManager.take(CallQueueManager.java:317)
        at org.apache.hadoop.ipc.Server$Handler.run(Server.java:3014)
"33d4fa9a-f1b5-45a2-9ce3-43c86fd82df2@group-12C11132411B-cacheEviction-AwaitToRun" daemon prio=5 tid=3640 in Object.wait()
java.lang.Thread.State: WAITING (on object monitor)
        at sun.misc.Unsafe.park(Native Method)
        at java.util.concurrent.locks.LockSupport.park(LockSupport.java:175)
        at java.util.concurrent.locks.AbstractQueuedSynchronizer$ConditionObject.await(AbstractQueuedSynchronizer.java:2039)
        at org.apache.ratis.util.AwaitForSignal.await(AwaitForSignal.java:48)
        at org.apache.ratis.util.AwaitToRun$RunnableImpl.run(AwaitToRun.java:47)
        at java.lang.Thread.run(Thread.java:750)
"33d4fa9a-f1b5-45a2-9ce3-43c86fd82df2-ChunkReader-ELG-0" daemon prio=5 tid=3277 runnable
java.lang.Thread.State: RUNNABLE
        at org.apache.ratis.thirdparty.io.netty.channel.epoll.Native.epollWait(Native Method)
        at org.apache.ratis.thirdparty.io.netty.channel.epoll.Native.epollWait(Native.java:209)
        at org.apache.ratis.thirdparty.io.netty.channel.epoll.Native.epollWait(Native.java:202)
        at org.apache.ratis.thirdparty.io.netty.channel.epoll.EpollEventLoop.epollWaitNoTimerChange(EpollEventLoop.java:316)
        at org.apache.ratis.thirdparty.io.netty.channel.epoll.EpollEventLoop.run(EpollEventLoop.java:373)
        at org.apache.ratis.thirdparty.io.netty.util.concurrent.SingleThreadEventExecutor$4.run(SingleThreadEventExecutor.java:997)
        at org.apache.ratis.thirdparty.io.netty.util.internal.ThreadExecutorMap$2.run(ThreadExecutorMap.java:74)
        at java.lang.Thread.run(Thread.java:750)
"80370d78-c36f-4d75-b7cb-6753407b0dff-ChunkWriter-1-0" daemon prio=5 tid=3327 in Object.wait()
java.lang.Thread.State: WAITING (on object monitor)
        at sun.misc.Unsafe.park(Native Method)
        at java.util.concurrent.locks.LockSupport.park(LockSupport.java:175)
        at java.util.concurrent.locks.AbstractQueuedSynchronizer$ConditionObject.await(AbstractQueuedSynchronizer.java:2039)
        at java.util.concurrent.LinkedBlockingDeque.takeFirst(LinkedBlockingDeque.java:492)
        at java.util.concurrent.LinkedBlockingDeque.take(LinkedBlockingDeque.java:680)
        at java.util.concurrent.ThreadPoolExecutor.getTask(ThreadPoolExecutor.java:1074)
        at java.util.concurrent.ThreadPoolExecutor.runWorker(ThreadPoolExecutor.java:1134)
        at java.util.concurrent.ThreadPoolExecutor$Worker.run(ThreadPoolExecutor.java:624)
        at java.lang.Thread.run(Thread.java:750)
"a45323a7-bc80-446e-b427-0ffb34a72641-CommandProcessorThread" daemon prio=5 tid=3212 timed_waiting
java.lang.Thread.State: TIMED_WAITING
        at java.lang.Thread.sleep(Native Method)
        at org.apache.hadoop.ozone.container.common.statemachine.DatanodeStateMachine.lambda$initCommandHandlerThread$4(DatanodeStateMachine.java:684)
        at org.apache.hadoop.ozone.container.common.statemachine.DatanodeStateMachine$$Lambda$1201/678165633.run(Unknown Source)
        at java.lang.Thread.run(Thread.java:750)
"PartialTableCache-Cleanup-0" daemon prio=5 tid=2211 in Object.wait()
java.lang.Thread.State: WAITING (on object monitor)
        at sun.misc.Unsafe.park(Native Method)
        at java.util.concurrent.locks.LockSupport.park(LockSupport.java:175)
        at java.util.concurrent.locks.AbstractQueuedSynchronizer$ConditionObject.await(AbstractQueuedSynchronizer.java:2039)
        at java.util.concurrent.LinkedBlockingQueue.take(LinkedBlockingQueue.java:442)
        at java.util.concurrent.ThreadPoolExecutor.getTask(ThreadPoolExecutor.java:1074)
        at java.util.concurrent.ThreadPoolExecutor.runWorker(ThreadPoolExecutor.java:1134)
        at java.util.concurrent.ThreadPoolExecutor$Worker.run(ThreadPoolExecutor.java:624)
        at java.lang.Thread.run(Thread.java:750)
"om1-SstFilteringService#0" daemon prio=5 tid=3068 timed_waiting
java.lang.Thread.State: TIMED_WAITING
        at sun.misc.Unsafe.park(Native Method)
        at java.util.concurrent.locks.LockSupport.parkNanos(LockSupport.java:215)
        at java.util.concurrent.locks.AbstractQueuedSynchronizer$ConditionObject.awaitNanos(AbstractQueuedSynchronizer.java:2078)
        at java.util.concurrent.ScheduledThreadPoolExecutor$DelayedWorkQueue.take(ScheduledThreadPoolExecutor.java:1093)
        at java.util.concurrent.ScheduledThreadPoolExecutor$DelayedWorkQueue.take(ScheduledThreadPoolExecutor.java:809)
        at java.util.concurrent.ThreadPoolExecutor.getTask(ThreadPoolExecutor.java:1074)
        at java.util.concurrent.ThreadPoolExecutor.runWorker(ThreadPoolExecutor.java:1134)
        at java.util.concurrent.ThreadPoolExecutor$Worker.run(ThreadPoolExecutor.java:624)
        at java.lang.Thread.run(Thread.java:750)
"6cf56e53-88cb-4022-bd56-d9b5c4d884ee@group-9461FA60FDFB-StateMachineUpdater" daemon prio=5 tid=3843 timed_waiting
java.lang.Thread.State: TIMED_WAITING
        at sun.misc.Unsafe.park(Native Method)
        at java.util.concurrent.locks.LockSupport.parkNanos(LockSupport.java:215)
        at java.util.concurrent.locks.AbstractQueuedSynchronizer$ConditionObject.await(AbstractQueuedSynchronizer.java:2163)
        at org.apache.ratis.util.AwaitForSignal.await(AwaitForSignal.java:65)
        at org.apache.ratis.server.impl.StateMachineUpdater.waitForCommit(StateMachineUpdater.java:211)
        at org.apache.ratis.server.impl.StateMachineUpdater.run(StateMachineUpdater.java:180)
        at java.lang.Thread.run(Thread.java:750)
"IPC Server handler 4 on default port 15108" daemon prio=5 tid=2933 timed_waiting
java.lang.Thread.State: TIMED_WAITING
        at sun.misc.Unsafe.park(Native Method)
        at java.util.concurrent.locks.LockSupport.parkNanos(LockSupport.java:215)
        at java.util.concurrent.locks.AbstractQueuedSynchronizer$ConditionObject.awaitNanos(AbstractQueuedSynchronizer.java:2078)
        at java.util.concurrent.LinkedBlockingQueue.poll(LinkedBlockingQueue.java:467)
        at org.apache.hadoop.ipc.CallQueueManager.take(CallQueueManager.java:317)
        at org.apache.hadoop.ipc.Server$Handler.run(Server.java:3014)
"qtp152257112-3140" daemon prio=5 tid=3140 timed_waiting
java.lang.Thread.State: TIMED_WAITING
        at sun.misc.Unsafe.park(Native Method)
        at java.util.concurrent.locks.LockSupport.parkNanos(LockSupport.java:215)
        at java.util.concurrent.locks.AbstractQueuedSynchronizer$ConditionObject.awaitNanos(AbstractQueuedSynchronizer.java:2078)
        at org.eclipse.jetty.util.BlockingArrayQueue.poll(BlockingArrayQueue.java:382)
        at org.eclipse.jetty.util.thread.QueuedThreadPool$Runner.idleJobPoll(QueuedThreadPool.java:974)
        at org.eclipse.jetty.util.thread.QueuedThreadPool$Runner.run(QueuedThreadPool.java:1018)
        at java.lang.Thread.run(Thread.java:750)
"IPC Server handler 16 on default port 15107" daemon prio=5 tid=2845 timed_waiting
java.lang.Thread.State: TIMED_WAITING
        at sun.misc.Unsafe.park(Native Method)
        at java.util.concurrent.locks.LockSupport.parkNanos(LockSupport.java:215)
        at java.util.concurrent.locks.AbstractQueuedSynchronizer$ConditionObject.awaitNanos(AbstractQueuedSynchronizer.java:2078)
        at java.util.concurrent.LinkedBlockingQueue.poll(LinkedBlockingQueue.java:467)
        at org.apache.hadoop.ipc.CallQueueManager.take(CallQueueManager.java:317)
        at org.apache.hadoop.ipc.Server$Handler.run(Server.java:3014)
"IPC Server handler 69 on default port 15107" daemon prio=5 tid=2898 timed_waiting
java.lang.Thread.State: TIMED_WAITING
        at sun.misc.Unsafe.park(Native Method)
        at java.util.concurrent.locks.LockSupport.parkNanos(LockSupport.java:215)
        at java.util.concurrent.locks.AbstractQueuedSynchronizer$ConditionObject.awaitNanos(AbstractQueuedSynchronizer.java:2078)
        at java.util.concurrent.LinkedBlockingQueue.poll(LinkedBlockingQueue.java:467)
        at org.apache.hadoop.ipc.CallQueueManager.take(CallQueueManager.java:317)
        at org.apache.hadoop.ipc.Server$Handler.run(Server.java:3014)
"StaleRecoveringContainerScrubbingService#1" daemon prio=5 tid=3280 in Object.wait()
java.lang.Thread.State: WAITING (on object monitor)
        at sun.misc.Unsafe.park(Native Method)
        at java.util.concurrent.locks.LockSupport.park(LockSupport.java:175)
        at java.util.concurrent.locks.AbstractQueuedSynchronizer$ConditionObject.await(AbstractQueuedSynchronizer.java:2039)
        at java.util.concurrent.ScheduledThreadPoolExecutor$DelayedWorkQueue.take(ScheduledThreadPoolExecutor.java:1088)
        at java.util.concurrent.ScheduledThreadPoolExecutor$DelayedWorkQueue.take(ScheduledThreadPoolExecutor.java:809)
        at java.util.concurrent.ThreadPoolExecutor.getTask(ThreadPoolExecutor.java:1074)
        at java.util.concurrent.ThreadPoolExecutor.runWorker(ThreadPoolExecutor.java:1134)
        at java.util.concurrent.ThreadPoolExecutor$Worker.run(ThreadPoolExecutor.java:624)
        at java.lang.Thread.run(Thread.java:750)
"9387e6e8-bf6d-4d10-9dc1-f1bd05fc02cf-BlockDeletingService#5" daemon prio=5 tid=3746 in Object.wait()
java.lang.Thread.State: WAITING (on object monitor)
        at sun.misc.Unsafe.park(Native Method)
        at java.util.concurrent.locks.LockSupport.park(LockSupport.java:175)
        at java.util.concurrent.locks.AbstractQueuedSynchronizer$ConditionObject.await(AbstractQueuedSynchronizer.java:2039)
        at java.util.concurrent.ScheduledThreadPoolExecutor$DelayedWorkQueue.take(ScheduledThreadPoolExecutor.java:1088)
        at java.util.concurrent.ScheduledThreadPoolExecutor$DelayedWorkQueue.take(ScheduledThreadPoolExecutor.java:809)
        at java.util.concurrent.ThreadPoolExecutor.getTask(ThreadPoolExecutor.java:1074)
        at java.util.concurrent.ThreadPoolExecutor.runWorker(ThreadPoolExecutor.java:1134)
        at java.util.concurrent.ThreadPoolExecutor$Worker.run(ThreadPoolExecutor.java:624)
        at java.lang.Thread.run(Thread.java:750)
"IPC Server handler 66 on default port 15107" daemon prio=5 tid=2895 timed_waiting
java.lang.Thread.State: TIMED_WAITING
        at sun.misc.Unsafe.park(Native Method)
        at java.util.concurrent.locks.LockSupport.parkNanos(LockSupport.java:215)
        at java.util.concurrent.locks.AbstractQueuedSynchronizer$ConditionObject.awaitNanos(AbstractQueuedSynchronizer.java:2078)
        at java.util.concurrent.LinkedBlockingQueue.poll(LinkedBlockingQueue.java:467)
        at org.apache.hadoop.ipc.CallQueueManager.take(CallQueueManager.java:317)
        at org.apache.hadoop.ipc.Server$Handler.run(Server.java:3014)
"IPC Server handler 0 on default port 15107" daemon prio=5 tid=2829 timed_waiting
java.lang.Thread.State: TIMED_WAITING
        at sun.misc.Unsafe.park(Native Method)
        at java.util.concurrent.locks.LockSupport.parkNanos(LockSupport.java:215)
        at java.util.concurrent.locks.AbstractQueuedSynchronizer$ConditionObject.awaitNanos(AbstractQueuedSynchronizer.java:2078)
        at java.util.concurrent.LinkedBlockingQueue.poll(LinkedBlockingQueue.java:467)
        at org.apache.hadoop.ipc.CallQueueManager.take(CallQueueManager.java:317)
        at org.apache.hadoop.ipc.Server$Handler.run(Server.java:3014)
"IPC Server handler 62 on default port 15106" daemon prio=5 tid=2791 timed_waiting
java.lang.Thread.State: TIMED_WAITING
        at sun.misc.Unsafe.park(Native Method)
        at java.util.concurrent.locks.LockSupport.parkNanos(LockSupport.java:215)
        at java.util.concurrent.locks.AbstractQueuedSynchronizer$ConditionObject.awaitNanos(AbstractQueuedSynchronizer.java:2078)
        at java.util.concurrent.LinkedBlockingQueue.poll(LinkedBlockingQueue.java:467)
        at org.apache.hadoop.ipc.CallQueueManager.take(CallQueueManager.java:317)
        at org.apache.hadoop.ipc.Server$Handler.run(Server.java:3014)
"IPC Server handler 30 on default port 15106" daemon prio=5 tid=2759 timed_waiting
java.lang.Thread.State: TIMED_WAITING
        at sun.misc.Unsafe.park(Native Method)
        at java.util.concurrent.locks.LockSupport.parkNanos(LockSupport.java:215)
        at java.util.concurrent.locks.AbstractQueuedSynchronizer$ConditionObject.awaitNanos(AbstractQueuedSynchronizer.java:2078)
        at java.util.concurrent.LinkedBlockingQueue.poll(LinkedBlockingQueue.java:467)
        at org.apache.hadoop.ipc.CallQueueManager.take(CallQueueManager.java:317)
        at org.apache.hadoop.ipc.Server$Handler.run(Server.java:3014)
"ContainerDataScanner(/home/runner/work/ozone/ozone/hadoop-ozone/integration-test/target/test-dir/MiniOzoneClusterImpl-ed39ddd9-82bf-4bf6-8741-acb42c98007c/ozone-meta/datanode-5/data-0/hdds)" daemon prio=5 tid=3325 timed_waiting
java.lang.Thread.State: TIMED_WAITING
        at java.lang.Thread.sleep(Native Method)
        at org.apache.hadoop.ozone.container.ozoneimpl.AbstractBackgroundContainerScanner.handleRemainingSleep(AbstractBackgroundContainerScanner.java:131)
        at org.apache.hadoop.ozone.container.ozoneimpl.AbstractBackgroundContainerScanner.runIteration(AbstractBackgroundContainerScanner.java:98)
        at org.apache.hadoop.ozone.container.ozoneimpl.AbstractBackgroundContainerScanner.run(AbstractBackgroundContainerScanner.java:57)
"qtp1560921027-3075-acceptor-0@5ee0e363-ServerConnector@66a2de63{HTTP/1.1, (http/1.1)}{0.0.0.0:15111}" daemon prio=3 tid=3075 runnable
java.lang.Thread.State: RUNNABLE
        at sun.nio.ch.ServerSocketChannelImpl.accept0(Native Method)
        at sun.nio.ch.ServerSocketChannelImpl.accept(ServerSocketChannelImpl.java:421)
        at sun.nio.ch.ServerSocketChannelImpl.accept(ServerSocketChannelImpl.java:249)
        at org.eclipse.jetty.server.ServerConnector.accept(ServerConnector.java:388)
        at org.eclipse.jetty.server.AbstractConnector$Acceptor.run(AbstractConnector.java:704)
        at org.eclipse.jetty.util.thread.QueuedThreadPool.runJob(QueuedThreadPool.java:883)
        at org.eclipse.jetty.util.thread.QueuedThreadPool$Runner.run(QueuedThreadPool.java:1034)
        at java.lang.Thread.run(Thread.java:750)
"IPC Server handler 37 on default port 15107" daemon prio=5 tid=2866 timed_waiting
java.lang.Thread.State: TIMED_WAITING
        at sun.misc.Unsafe.park(Native Method)
        at java.util.concurrent.locks.LockSupport.parkNanos(LockSupport.java:215)
        at java.util.concurrent.locks.AbstractQueuedSynchronizer$ConditionObject.awaitNanos(AbstractQueuedSynchronizer.java:2078)
        at java.util.concurrent.LinkedBlockingQueue.poll(LinkedBlockingQueue.java:467)
        at org.apache.hadoop.ipc.CallQueueManager.take(CallQueueManager.java:317)
        at org.apache.hadoop.ipc.Server$Handler.run(Server.java:3014)
"StaleRecoveringContainerScrubbingService#8" daemon prio=5 tid=3922 in Object.wait()
java.lang.Thread.State: WAITING (on object monitor)
        at sun.misc.Unsafe.park(Native Method)
        at java.util.concurrent.locks.LockSupport.park(LockSupport.java:175)
        at java.util.concurrent.locks.AbstractQueuedSynchronizer$ConditionObject.await(AbstractQueuedSynchronizer.java:2039)
        at java.util.concurrent.ScheduledThreadPoolExecutor$DelayedWorkQueue.take(ScheduledThreadPoolExecutor.java:1088)
        at java.util.concurrent.ScheduledThreadPoolExecutor$DelayedWorkQueue.take(ScheduledThreadPoolExecutor.java:809)
        at java.util.concurrent.ThreadPoolExecutor.getTask(ThreadPoolExecutor.java:1074)
        at java.util.concurrent.ThreadPoolExecutor.runWorker(ThreadPoolExecutor.java:1134)
        at java.util.concurrent.ThreadPoolExecutor$Worker.run(ThreadPoolExecutor.java:624)
        at java.lang.Thread.run(Thread.java:750)
"IPC Server handler 4 on default port 15106" daemon prio=5 tid=2733 timed_waiting
java.lang.Thread.State: TIMED_WAITING
        at sun.misc.Unsafe.park(Native Method)
        at java.util.concurrent.locks.LockSupport.parkNanos(LockSupport.java:215)
        at java.util.concurrent.locks.AbstractQueuedSynchronizer$ConditionObject.awaitNanos(AbstractQueuedSynchronizer.java:2078)
        at java.util.concurrent.LinkedBlockingQueue.poll(LinkedBlockingQueue.java:467)
        at org.apache.hadoop.ipc.CallQueueManager.take(CallQueueManager.java:317)
        at org.apache.hadoop.ipc.Server$Handler.run(Server.java:3014)
"om1@group-C5BA1605619E-SegmentedRaftLogWorker"  prio=5 tid=3056 timed_waiting
java.lang.Thread.State: TIMED_WAITING
        at sun.misc.Unsafe.park(Native Method)
        at java.util.concurrent.locks.LockSupport.parkNanos(LockSupport.java:215)
        at java.util.concurrent.locks.AbstractQueuedSynchronizer$ConditionObject.awaitNanos(AbstractQueuedSynchronizer.java:2078)
        at org.apache.ratis.util.DataBlockingQueue.poll(DataBlockingQueue.java:148)
        at org.apache.ratis.server.raftlog.segmented.SegmentedRaftLogWorker.run(SegmentedRaftLogWorker.java:299)
        at org.apache.ratis.server.raftlog.segmented.SegmentedRaftLogWorker$$Lambda$1079/927089352.run(Unknown Source)
        at java.util.concurrent.Executors$RunnableAdapter.call(Executors.java:511)
        at java.util.concurrent.FutureTask.run(FutureTask.java:266)
        at java.util.concurrent.ThreadPoolExecutor.runWorker(ThreadPoolExecutor.java:1149)
        at java.util.concurrent.ThreadPoolExecutor$Worker.run(ThreadPoolExecutor.java:624)
        at java.lang.Thread.run(Thread.java:750)
"a45323a7-bc80-446e-b427-0ffb34a72641@group-43B368CDAB69-SegmentedRaftLogWorker"  prio=5 tid=3414 timed_waiting
java.lang.Thread.State: TIMED_WAITING
        at sun.misc.Unsafe.park(Native Method)
        at java.util.concurrent.locks.LockSupport.parkNanos(LockSupport.java:215)
        at java.util.concurrent.locks.AbstractQueuedSynchronizer$ConditionObject.awaitNanos(AbstractQueuedSynchronizer.java:2078)
        at org.apache.ratis.util.DataBlockingQueue.poll(DataBlockingQueue.java:148)
        at org.apache.ratis.server.raftlog.segmented.SegmentedRaftLogWorker.run(SegmentedRaftLogWorker.java:299)
        at org.apache.ratis.server.raftlog.segmented.SegmentedRaftLogWorker$$Lambda$1079/927089352.run(Unknown Source)
        at java.util.concurrent.Executors$RunnableAdapter.call(Executors.java:511)
        at java.util.concurrent.FutureTask.run(FutureTask.java:266)
        at java.util.concurrent.ThreadPoolExecutor.runWorker(ThreadPoolExecutor.java:1149)
        at java.util.concurrent.ThreadPoolExecutor$Worker.run(ThreadPoolExecutor.java:624)
        at java.lang.Thread.run(Thread.java:750)
"33d4fa9a-f1b5-45a2-9ce3-43c86fd82df2@group-77AD9CB52074-SegmentedRaftLogWorker" daemon prio=5 tid=3659 timed_waiting
java.lang.Thread.State: TIMED_WAITING
        at sun.misc.Unsafe.park(Native Method)
        at java.util.concurrent.locks.LockSupport.parkNanos(LockSupport.java:215)
        at java.util.concurrent.locks.AbstractQueuedSynchronizer$ConditionObject.awaitNanos(AbstractQueuedSynchronizer.java:2078)
        at org.apache.ratis.util.DataBlockingQueue.poll(DataBlockingQueue.java:148)
        at org.apache.ratis.server.raftlog.segmented.SegmentedRaftLogWorker.run(SegmentedRaftLogWorker.java:299)
        at org.apache.ratis.server.raftlog.segmented.SegmentedRaftLogWorker$$Lambda$1079/927089352.run(Unknown Source)
        at java.util.concurrent.Executors$RunnableAdapter.call(Executors.java:511)
        at java.util.concurrent.FutureTask.run(FutureTask.java:266)
        at java.util.concurrent.ThreadPoolExecutor.runWorker(ThreadPoolExecutor.java:1149)
        at java.util.concurrent.ThreadPoolExecutor$Worker.run(ThreadPoolExecutor.java:624)
        at java.lang.Thread.run(Thread.java:750)
"IPC Server handler 65 on default port 15106" daemon prio=5 tid=2794 timed_waiting
java.lang.Thread.State: TIMED_WAITING
        at sun.misc.Unsafe.park(Native Method)
        at java.util.concurrent.locks.LockSupport.parkNanos(LockSupport.java:215)
        at java.util.concurrent.locks.AbstractQueuedSynchronizer$ConditionObject.awaitNanos(AbstractQueuedSynchronizer.java:2078)
        at java.util.concurrent.LinkedBlockingQueue.poll(LinkedBlockingQueue.java:467)
        at org.apache.hadoop.ipc.CallQueueManager.take(CallQueueManager.java:317)
        at org.apache.hadoop.ipc.Server$Handler.run(Server.java:3014)
"IPC Server handler 1 on default port 15107" daemon prio=5 tid=2830 timed_waiting
java.lang.Thread.State: TIMED_WAITING
        at sun.misc.Unsafe.park(Native Method)
        at java.util.concurrent.locks.LockSupport.parkNanos(LockSupport.java:215)
        at java.util.concurrent.locks.AbstractQueuedSynchronizer$ConditionObject.awaitNanos(AbstractQueuedSynchronizer.java:2078)
        at java.util.concurrent.LinkedBlockingQueue.poll(LinkedBlockingQueue.java:467)
        at org.apache.hadoop.ipc.CallQueueManager.take(CallQueueManager.java:317)
        at org.apache.hadoop.ipc.Server$Handler.run(Server.java:3014)
"33d4fa9a-f1b5-45a2-9ce3-43c86fd82df2@group-2653268D5246-SegmentedRaftLogWorker" daemon prio=5 tid=3380 timed_waiting
java.lang.Thread.State: TIMED_WAITING
        at sun.misc.Unsafe.park(Native Method)
        at java.util.concurrent.locks.LockSupport.parkNanos(LockSupport.java:215)
        at java.util.concurrent.locks.AbstractQueuedSynchronizer$ConditionObject.awaitNanos(AbstractQueuedSynchronizer.java:2078)
        at org.apache.ratis.util.DataBlockingQueue.poll(DataBlockingQueue.java:148)
        at org.apache.ratis.server.raftlog.segmented.SegmentedRaftLogWorker.run(SegmentedRaftLogWorker.java:299)
        at org.apache.ratis.server.raftlog.segmented.SegmentedRaftLogWorker$$Lambda$1079/927089352.run(Unknown Source)
        at java.util.concurrent.Executors$RunnableAdapter.call(Executors.java:511)
        at java.util.concurrent.FutureTask.run(FutureTask.java:266)
        at java.util.concurrent.ThreadPoolExecutor.runWorker(ThreadPoolExecutor.java:1149)
        at java.util.concurrent.ThreadPoolExecutor$Worker.run(ThreadPoolExecutor.java:624)
        at java.lang.Thread.run(Thread.java:750)
"IPC Server handler 29 on default port 15108" daemon prio=5 tid=2958 timed_waiting
java.lang.Thread.State: TIMED_WAITING
        at sun.misc.Unsafe.park(Native Method)
        at java.util.concurrent.locks.LockSupport.parkNanos(LockSupport.java:215)
        at java.util.concurrent.locks.AbstractQueuedSynchronizer$ConditionObject.awaitNanos(AbstractQueuedSynchronizer.java:2078)
        at java.util.concurrent.LinkedBlockingQueue.poll(LinkedBlockingQueue.java:467)
        at org.apache.hadoop.ipc.CallQueueManager.take(CallQueueManager.java:317)
        at org.apache.hadoop.ipc.Server$Handler.run(Server.java:3014)
"qtp1560921027-3073" daemon prio=5 tid=3073 runnable
java.lang.Thread.State: RUNNABLE
        at sun.nio.ch.EPollArrayWrapper.epollWait(Native Method)
        at sun.nio.ch.EPollArrayWrapper.poll(EPollArrayWrapper.java:269)
        at sun.nio.ch.EPollSelectorImpl.doSelect(EPollSelectorImpl.java:93)
        at sun.nio.ch.SelectorImpl.lockAndDoSelect(SelectorImpl.java:86)
        at sun.nio.ch.SelectorImpl.select(SelectorImpl.java:97)
        at sun.nio.ch.SelectorImpl.select(SelectorImpl.java:101)
        at org.eclipse.jetty.io.ManagedSelector.nioSelect(ManagedSelector.java:183)
        at org.eclipse.jetty.io.ManagedSelector.select(ManagedSelector.java:190)
        at org.eclipse.jetty.io.ManagedSelector$SelectorProducer.select(ManagedSelector.java:606)
        at org.eclipse.jetty.io.ManagedSelector$SelectorProducer.produce(ManagedSelector.java:543)
        at org.eclipse.jetty.util.thread.strategy.EatWhatYouKill.produceTask(EatWhatYouKill.java:362)
        at org.eclipse.jetty.util.thread.strategy.EatWhatYouKill.doProduce(EatWhatYouKill.java:186)
        at org.eclipse.jetty.util.thread.strategy.EatWhatYouKill.tryProduce(EatWhatYouKill.java:173)
        at org.eclipse.jetty.util.thread.strategy.EatWhatYouKill.produce(EatWhatYouKill.java:137)
        at org.eclipse.jetty.io.ManagedSelector$$Lambda$746/715978059.run(Unknown Source)
        at org.eclipse.jetty.util.thread.QueuedThreadPool.runJob(QueuedThreadPool.java:883)
        at org.eclipse.jetty.util.thread.QueuedThreadPool$Runner.run(QueuedThreadPool.java:1034)
        at java.lang.Thread.run(Thread.java:750)
"6cf56e53-88cb-4022-bd56-d9b5c4d884ee@group-DB6F9DC5174E-StateMachineUpdater" daemon prio=5 tid=3837 timed_waiting
java.lang.Thread.State: TIMED_WAITING
        at sun.misc.Unsafe.park(Native Method)
        at java.util.concurrent.locks.LockSupport.parkNanos(LockSupport.java:215)
        at java.util.concurrent.locks.AbstractQueuedSynchronizer$ConditionObject.await(AbstractQueuedSynchronizer.java:2163)
        at org.apache.ratis.util.AwaitForSignal.await(AwaitForSignal.java:65)
        at org.apache.ratis.server.impl.StateMachineUpdater.waitForCommit(StateMachineUpdater.java:211)
        at org.apache.ratis.server.impl.StateMachineUpdater.run(StateMachineUpdater.java:180)
        at java.lang.Thread.run(Thread.java:750)
"a45323a7-bc80-446e-b427-0ffb34a72641-EndpointStateMachineTaskThread-/0.0.0.0:15108-0 "  prio=5 tid=3301 in Object.wait()
java.lang.Thread.State: WAITING (on object monitor)
        at sun.misc.Unsafe.park(Native Method)
        at java.util.concurrent.locks.LockSupport.park(LockSupport.java:175)
        at java.util.concurrent.locks.AbstractQueuedSynchronizer$ConditionObject.await(AbstractQueuedSynchronizer.java:2039)
        at java.util.concurrent.LinkedBlockingQueue.take(LinkedBlockingQueue.java:442)
        at java.util.concurrent.ThreadPoolExecutor.getTask(ThreadPoolExecutor.java:1074)
        at java.util.concurrent.ThreadPoolExecutor.runWorker(ThreadPoolExecutor.java:1134)
        at java.util.concurrent.ThreadPoolExecutor$Worker.run(ThreadPoolExecutor.java:624)
        at java.lang.Thread.run(Thread.java:750)
"om1-KeyDeletingService#0" daemon prio=5 tid=3065 timed_waiting
java.lang.Thread.State: TIMED_WAITING
        at sun.misc.Unsafe.park(Native Method)
        at java.util.concurrent.locks.LockSupport.parkNanos(LockSupport.java:215)
        at java.util.concurrent.locks.AbstractQueuedSynchronizer$ConditionObject.awaitNanos(AbstractQueuedSynchronizer.java:2078)
        at java.util.concurrent.ScheduledThreadPoolExecutor$DelayedWorkQueue.take(ScheduledThreadPoolExecutor.java:1093)
        at java.util.concurrent.ScheduledThreadPoolExecutor$DelayedWorkQueue.take(ScheduledThreadPoolExecutor.java:809)
        at java.util.concurrent.ThreadPoolExecutor.getTask(ThreadPoolExecutor.java:1074)
        at java.util.concurrent.ThreadPoolExecutor.runWorker(ThreadPoolExecutor.java:1134)
        at java.util.concurrent.ThreadPoolExecutor$Worker.run(ThreadPoolExecutor.java:624)
        at java.lang.Thread.run(Thread.java:750)
"33d4fa9a-f1b5-45a2-9ce3-43c86fd82df2-CommandProcessorThread" daemon prio=5 tid=3156 timed_waiting
java.lang.Thread.State: TIMED_WAITING
        at java.lang.Thread.sleep(Native Method)
        at org.apache.hadoop.ozone.container.common.statemachine.DatanodeStateMachine.lambda$initCommandHandlerThread$4(DatanodeStateMachine.java:684)
        at org.apache.hadoop.ozone.container.common.statemachine.DatanodeStateMachine$$Lambda$1201/678165633.run(Unknown Source)
        at java.lang.Thread.run(Thread.java:750)
"IPC Server handler 40 on default port 15107" daemon prio=5 tid=2869 timed_waiting
java.lang.Thread.State: TIMED_WAITING
        at sun.misc.Unsafe.park(Native Method)
        at java.util.concurrent.locks.LockSupport.parkNanos(LockSupport.java:215)
        at java.util.concurrent.locks.AbstractQueuedSynchronizer$ConditionObject.awaitNanos(AbstractQueuedSynchronizer.java:2078)
        at java.util.concurrent.LinkedBlockingQueue.poll(LinkedBlockingQueue.java:467)
        at org.apache.hadoop.ipc.CallQueueManager.take(CallQueueManager.java:317)
        at org.apache.hadoop.ipc.Server$Handler.run(Server.java:3014)
"IPC Server handler 48 on default port 15108" daemon prio=5 tid=2977 timed_waiting
java.lang.Thread.State: TIMED_WAITING
        at sun.misc.Unsafe.park(Native Method)
        at java.util.concurrent.locks.LockSupport.parkNanos(LockSupport.java:215)
        at java.util.concurrent.locks.AbstractQueuedSynchronizer$ConditionObject.awaitNanos(AbstractQueuedSynchronizer.java:2078)
        at java.util.concurrent.LinkedBlockingQueue.poll(LinkedBlockingQueue.java:467)
        at org.apache.hadoop.ipc.CallQueueManager.take(CallQueueManager.java:317)
        at org.apache.hadoop.ipc.Server$Handler.run(Server.java:3014)
"a45323a7-bc80-446e-b427-0ffb34a72641-BlockDeletingService#8" daemon prio=5 tid=3921 in Object.wait()
java.lang.Thread.State: WAITING (on object monitor)
        at sun.misc.Unsafe.park(Native Method)
        at java.util.concurrent.locks.LockSupport.park(LockSupport.java:175)
        at java.util.concurrent.locks.AbstractQueuedSynchronizer$ConditionObject.await(AbstractQueuedSynchronizer.java:2039)
        at java.util.concurrent.ScheduledThreadPoolExecutor$DelayedWorkQueue.take(ScheduledThreadPoolExecutor.java:1088)
        at java.util.concurrent.ScheduledThreadPoolExecutor$DelayedWorkQueue.take(ScheduledThreadPoolExecutor.java:809)
        at java.util.concurrent.ThreadPoolExecutor.getTask(ThreadPoolExecutor.java:1074)
        at java.util.concurrent.ThreadPoolExecutor.runWorker(ThreadPoolExecutor.java:1134)
        at java.util.concurrent.ThreadPoolExecutor$Worker.run(ThreadPoolExecutor.java:624)
        at java.lang.Thread.run(Thread.java:750)
"org.apache.hadoop.ozone.container.common.statemachine.commandhandler.DeleteBlocksCommandHandler$DeleteCmdWorker@75c53706" daemon prio=5 tid=3217 timed_waiting
java.lang.Thread.State: TIMED_WAITING
        at java.lang.Thread.sleep(Native Method)
        at org.apache.hadoop.ozone.container.common.statemachine.commandhandler.DeleteBlocksCommandHandler$DeleteCmdWorker.run(DeleteBlocksCommandHandler.java:259)
        at java.lang.Thread.run(Thread.java:750)
"IPC Server handler 27 on default port 15108" daemon prio=5 tid=2956 timed_waiting
java.lang.Thread.State: TIMED_WAITING
        at sun.misc.Unsafe.park(Native Method)
        at java.util.concurrent.locks.LockSupport.parkNanos(LockSupport.java:215)
        at java.util.concurrent.locks.AbstractQueuedSynchronizer$ConditionObject.awaitNanos(AbstractQueuedSynchronizer.java:2078)
        at java.util.concurrent.LinkedBlockingQueue.poll(LinkedBlockingQueue.java:467)
        at org.apache.hadoop.ipc.CallQueueManager.take(CallQueueManager.java:317)
        at org.apache.hadoop.ipc.Server$Handler.run(Server.java:3014)
"Signal Dispatcher" daemon prio=9 tid=4 runnable
java.lang.Thread.State: RUNNABLE
"IPC Server handler 52 on default port 15106" daemon prio=5 tid=2781 timed_waiting
java.lang.Thread.State: TIMED_WAITING
        at sun.misc.Unsafe.park(Native Method)
        at java.util.concurrent.locks.LockSupport.parkNanos(LockSupport.java:215)
        at java.util.concurrent.locks.AbstractQueuedSynchronizer$ConditionObject.awaitNanos(AbstractQueuedSynchronizer.java:2078)
        at java.util.concurrent.LinkedBlockingQueue.poll(LinkedBlockingQueue.java:467)
        at org.apache.hadoop.ipc.CallQueueManager.take(CallQueueManager.java:317)
        at org.apache.hadoop.ipc.Server$Handler.run(Server.java:3014)
"IPC Server handler 9 on default port 15107" daemon prio=5 tid=2838 timed_waiting
java.lang.Thread.State: TIMED_WAITING
        at sun.misc.Unsafe.park(Native Method)
        at java.util.concurrent.locks.LockSupport.parkNanos(LockSupport.java:215)
        at java.util.concurrent.locks.AbstractQueuedSynchronizer$ConditionObject.awaitNanos(AbstractQueuedSynchronizer.java:2078)
        at java.util.concurrent.LinkedBlockingQueue.poll(LinkedBlockingQueue.java:467)
        at org.apache.hadoop.ipc.CallQueueManager.take(CallQueueManager.java:317)
        at org.apache.hadoop.ipc.Server$Handler.run(Server.java:3014)
"FixedThreadPoolWithAffinityExecutor-7-0" daemon prio=5 tid=2724 timed_waiting
java.lang.Thread.State: TIMED_WAITING
        at sun.misc.Unsafe.park(Native Method)
        at java.util.concurrent.locks.LockSupport.parkNanos(LockSupport.java:215)
        at java.util.concurrent.locks.AbstractQueuedSynchronizer$ConditionObject.awaitNanos(AbstractQueuedSynchronizer.java:2078)
        at java.util.concurrent.LinkedBlockingQueue.poll(LinkedBlockingQueue.java:467)
        at org.apache.hadoop.hdds.scm.server.ContainerReportQueue.poll(ContainerReportQueue.java:269)
        at org.apache.hadoop.hdds.scm.server.ContainerReportQueue.poll(ContainerReportQueue.java:42)
        at org.apache.hadoop.hdds.server.events.FixedThreadPoolWithAffinityExecutor$ContainerReportProcessTask.run(FixedThreadPoolWithAffinityExecutor.java:253)
        at java.util.concurrent.Executors$RunnableAdapter.call(Executors.java:511)
        at java.util.concurrent.FutureTask.run(FutureTask.java:266)
        at java.util.concurrent.ThreadPoolExecutor.runWorker(ThreadPoolExecutor.java:1149)
        at java.util.concurrent.ThreadPoolExecutor$Worker.run(ThreadPoolExecutor.java:624)
        at java.lang.Thread.run(Thread.java:750)
"IPC Server handler 73 on default port 15108" daemon prio=5 tid=3002 timed_waiting
java.lang.Thread.State: TIMED_WAITING
        at sun.misc.Unsafe.park(Native Method)
        at java.util.concurrent.locks.LockSupport.parkNanos(LockSupport.java:215)
        at java.util.concurrent.locks.AbstractQueuedSynchronizer$ConditionObject.awaitNanos(AbstractQueuedSynchronizer.java:2078)
        at java.util.concurrent.LinkedBlockingQueue.poll(LinkedBlockingQueue.java:467)
        at org.apache.hadoop.ipc.CallQueueManager.take(CallQueueManager.java:317)
        at org.apache.hadoop.ipc.Server$Handler.run(Server.java:3014)
"IPC Server handler 98 on default port 15106" daemon prio=5 tid=2827 timed_waiting
java.lang.Thread.State: TIMED_WAITING
        at sun.misc.Unsafe.park(Native Method)
        at java.util.concurrent.locks.LockSupport.parkNanos(LockSupport.java:215)
        at java.util.concurrent.locks.AbstractQueuedSynchronizer$ConditionObject.awaitNanos(AbstractQueuedSynchronizer.java:2078)
        at java.util.concurrent.LinkedBlockingQueue.poll(LinkedBlockingQueue.java:467)
        at org.apache.hadoop.ipc.CallQueueManager.take(CallQueueManager.java:317)
        at org.apache.hadoop.ipc.Server$Handler.run(Server.java:3014)
"NetworkTopologyPoller" daemon prio=5 tid=3064 timed_waiting
java.lang.Thread.State: TIMED_WAITING
        at sun.misc.Unsafe.park(Native Method)
        at java.util.concurrent.locks.LockSupport.parkNanos(LockSupport.java:215)
        at java.util.concurrent.locks.AbstractQueuedSynchronizer$ConditionObject.awaitNanos(AbstractQueuedSynchronizer.java:2078)
        at java.util.concurrent.ScheduledThreadPoolExecutor$DelayedWorkQueue.take(ScheduledThreadPoolExecutor.java:1093)
        at java.util.concurrent.ScheduledThreadPoolExecutor$DelayedWorkQueue.take(ScheduledThreadPoolExecutor.java:809)
        at java.util.concurrent.ThreadPoolExecutor.getTask(ThreadPoolExecutor.java:1074)
        at java.util.concurrent.ThreadPoolExecutor.runWorker(ThreadPoolExecutor.java:1134)
        at java.util.concurrent.ThreadPoolExecutor$Worker.run(ThreadPoolExecutor.java:624)
        at java.lang.Thread.run(Thread.java:750)
"qtp1950245838-3110" daemon prio=5 tid=3110 timed_waiting
java.lang.Thread.State: TIMED_WAITING
        at sun.misc.Unsafe.park(Native Method)
        at java.util.concurrent.locks.LockSupport.parkNanos(LockSupport.java:215)
        at java.util.concurrent.locks.AbstractQueuedSynchronizer$ConditionObject.awaitNanos(AbstractQueuedSynchronizer.java:2078)
        at org.eclipse.jetty.util.BlockingArrayQueue.poll(BlockingArrayQueue.java:382)
        at org.eclipse.jetty.util.thread.QueuedThreadPool$Runner.idleJobPoll(QueuedThreadPool.java:974)
        at org.eclipse.jetty.util.thread.QueuedThreadPool$Runner.run(QueuedThreadPool.java:1018)
        at java.lang.Thread.run(Thread.java:750)
"qtp152257112-3139" daemon prio=5 tid=3139 timed_waiting
java.lang.Thread.State: TIMED_WAITING
        at sun.misc.Unsafe.park(Native Method)
        at java.util.concurrent.locks.LockSupport.parkNanos(LockSupport.java:215)
        at java.util.concurrent.locks.AbstractQueuedSynchronizer$ConditionObject.awaitNanos(AbstractQueuedSynchronizer.java:2078)
        at org.eclipse.jetty.util.BlockingArrayQueue.poll(BlockingArrayQueue.java:382)
        at org.eclipse.jetty.util.thread.QueuedThreadPool$Runner.idleJobPoll(QueuedThreadPool.java:974)
        at org.eclipse.jetty.util.thread.QueuedThreadPool$Runner.run(QueuedThreadPool.java:1018)
        at java.lang.Thread.run(Thread.java:750)
"IPC Server handler 15 on default port 15108" daemon prio=5 tid=2944 timed_waiting
java.lang.Thread.State: TIMED_WAITING
        at sun.misc.Unsafe.park(Native Method)
        at java.util.concurrent.locks.LockSupport.parkNanos(LockSupport.java:215)
        at java.util.concurrent.locks.AbstractQueuedSynchronizer$ConditionObject.awaitNanos(AbstractQueuedSynchronizer.java:2078)
        at java.util.concurrent.LinkedBlockingQueue.poll(LinkedBlockingQueue.java:467)
        at org.apache.hadoop.ipc.CallQueueManager.take(CallQueueManager.java:317)
        at org.apache.hadoop.ipc.Server$Handler.run(Server.java:3014)
"IPC Server handler 85 on default port 15106" daemon prio=5 tid=2814 timed_waiting
java.lang.Thread.State: TIMED_WAITING
        at sun.misc.Unsafe.park(Native Method)
        at java.util.concurrent.locks.LockSupport.parkNanos(LockSupport.java:215)
        at java.util.concurrent.locks.AbstractQueuedSynchronizer$ConditionObject.awaitNanos(AbstractQueuedSynchronizer.java:2078)
        at java.util.concurrent.LinkedBlockingQueue.poll(LinkedBlockingQueue.java:467)
        at org.apache.hadoop.ipc.CallQueueManager.take(CallQueueManager.java:317)
        at org.apache.hadoop.ipc.Server$Handler.run(Server.java:3014)
"Hadoop-Metrics-Updater-0" daemon prio=5 tid=3120 timed_waiting
java.lang.Thread.State: TIMED_WAITING
        at sun.misc.Unsafe.park(Native Method)
        at java.util.concurrent.locks.LockSupport.parkNanos(LockSupport.java:215)
        at java.util.concurrent.locks.AbstractQueuedSynchronizer$ConditionObject.awaitNanos(AbstractQueuedSynchronizer.java:2078)
        at java.util.concurrent.ScheduledThreadPoolExecutor$DelayedWorkQueue.take(ScheduledThreadPoolExecutor.java:1093)
        at java.util.concurrent.ScheduledThreadPoolExecutor$DelayedWorkQueue.take(ScheduledThreadPoolExecutor.java:809)
        at java.util.concurrent.ThreadPoolExecutor.getTask(ThreadPoolExecutor.java:1074)
        at java.util.concurrent.ThreadPoolExecutor.runWorker(ThreadPoolExecutor.java:1134)
        at java.util.concurrent.ThreadPoolExecutor$Worker.run(ThreadPoolExecutor.java:624)
        at java.lang.Thread.run(Thread.java:750)
"FixedThreadPoolWithAffinityExecutor-9-0" daemon prio=5 tid=2726 timed_waiting
java.lang.Thread.State: TIMED_WAITING
        at sun.misc.Unsafe.park(Native Method)
        at java.util.concurrent.locks.LockSupport.parkNanos(LockSupport.java:215)
        at java.util.concurrent.locks.AbstractQueuedSynchronizer$ConditionObject.awaitNanos(AbstractQueuedSynchronizer.java:2078)
        at java.util.concurrent.LinkedBlockingQueue.poll(LinkedBlockingQueue.java:467)
        at org.apache.hadoop.hdds.scm.server.ContainerReportQueue.poll(ContainerReportQueue.java:269)
        at org.apache.hadoop.hdds.scm.server.ContainerReportQueue.poll(ContainerReportQueue.java:42)
        at org.apache.hadoop.hdds.server.events.FixedThreadPoolWithAffinityExecutor$ContainerReportProcessTask.run(FixedThreadPoolWithAffinityExecutor.java:253)
        at java.util.concurrent.Executors$RunnableAdapter.call(Executors.java:511)
        at java.util.concurrent.FutureTask.run(FutureTask.java:266)
        at java.util.concurrent.ThreadPoolExecutor.runWorker(ThreadPoolExecutor.java:1149)
        at java.util.concurrent.ThreadPoolExecutor$Worker.run(ThreadPoolExecutor.java:624)
        at java.lang.Thread.run(Thread.java:750)
"9387e6e8-bf6d-4d10-9dc1-f1bd05fc02cf-DatanodeStateMachineDaemonThread" daemon prio=5 tid=3122 timed_waiting
java.lang.Thread.State: TIMED_WAITING
        at java.lang.Thread.sleep(Native Method)
        at org.apache.hadoop.ozone.container.common.statemachine.DatanodeStateMachine.startStateMachineThread(DatanodeStateMachine.java:369)
        at org.apache.hadoop.ozone.container.common.statemachine.DatanodeStateMachine.lambda$startDaemon$1(DatanodeStateMachine.java:556)
        at org.apache.hadoop.ozone.container.common.statemachine.DatanodeStateMachine$$Lambda$1199/1564313492.run(Unknown Source)
        at java.lang.Thread.run(Thread.java:750)
"IPC Server handler 94 on default port 15108" daemon prio=5 tid=3023 timed_waiting
java.lang.Thread.State: TIMED_WAITING
        at sun.misc.Unsafe.park(Native Method)
        at java.util.concurrent.locks.LockSupport.parkNanos(LockSupport.java:215)
        at java.util.concurrent.locks.AbstractQueuedSynchronizer$ConditionObject.awaitNanos(AbstractQueuedSynchronizer.java:2078)
        at java.util.concurrent.LinkedBlockingQueue.poll(LinkedBlockingQueue.java:467)
        at org.apache.hadoop.ipc.CallQueueManager.take(CallQueueManager.java:317)
        at org.apache.hadoop.ipc.Server$Handler.run(Server.java:3014)
"ReplicationMonitor" daemon prio=5 tid=2698 timed_waiting
java.lang.Thread.State: TIMED_WAITING
        at java.lang.Object.wait(Native Method)
        at org.apache.hadoop.hdds.scm.container.replication.ReplicationManager.run(ReplicationManager.java:931)
        at org.apache.hadoop.hdds.scm.container.replication.ReplicationManager$$Lambda$655/2011941350.run(Unknown Source)
        at java.lang.Thread.run(Thread.java:750)
"IPC Server handler 48 on default port 15106" daemon prio=5 tid=2777 timed_waiting
java.lang.Thread.State: TIMED_WAITING
        at sun.misc.Unsafe.park(Native Method)
        at java.util.concurrent.locks.LockSupport.parkNanos(LockSupport.java:215)
        at java.util.concurrent.locks.AbstractQueuedSynchronizer$ConditionObject.awaitNanos(AbstractQueuedSynchronizer.java:2078)
        at java.util.concurrent.LinkedBlockingQueue.poll(LinkedBlockingQueue.java:467)
        at org.apache.hadoop.ipc.CallQueueManager.take(CallQueueManager.java:317)
        at org.apache.hadoop.ipc.Server$Handler.run(Server.java:3014)
"timer3" daemon prio=5 tid=832 timed_waiting
java.lang.Thread.State: TIMED_WAITING
        at java.lang.Object.wait(Native Method)
        at java.util.TimerThread.mainLoop(Timer.java:552)
        at java.util.TimerThread.run(Timer.java:505)
"33d4fa9a-f1b5-45a2-9ce3-43c86fd82df2-DatanodeStateMachineTaskThread-0"  prio=5 tid=3157 in Object.wait()
java.lang.Thread.State: WAITING (on object monitor)
        at sun.misc.Unsafe.park(Native Method)
        at java.util.concurrent.locks.LockSupport.park(LockSupport.java:175)
        at java.util.concurrent.locks.AbstractQueuedSynchronizer$ConditionObject.await(AbstractQueuedSynchronizer.java:2039)
        at java.util.concurrent.LinkedBlockingQueue.take(LinkedBlockingQueue.java:442)
        at java.util.concurrent.ThreadPoolExecutor.getTask(ThreadPoolExecutor.java:1074)
        at java.util.concurrent.ThreadPoolExecutor.runWorker(ThreadPoolExecutor.java:1134)
        at java.util.concurrent.ThreadPoolExecutor$Worker.run(ThreadPoolExecutor.java:624)
        at java.lang.Thread.run(Thread.java:750)
"EventQueue-OpenPipelineForHealthyPipelineSafeModeRule" daemon prio=5 tid=3346 in Object.wait()
java.lang.Thread.State: WAITING (on object monitor)
        at sun.misc.Unsafe.park(Native Method)
        at java.util.concurrent.locks.LockSupport.park(LockSupport.java:175)
        at java.util.concurrent.locks.AbstractQueuedSynchronizer$ConditionObject.await(AbstractQueuedSynchronizer.java:2039)
        at java.util.concurrent.LinkedBlockingQueue.take(LinkedBlockingQueue.java:442)
        at java.util.concurrent.ThreadPoolExecutor.getTask(ThreadPoolExecutor.java:1074)
        at java.util.concurrent.ThreadPoolExecutor.runWorker(ThreadPoolExecutor.java:1134)
        at java.util.concurrent.ThreadPoolExecutor$Worker.run(ThreadPoolExecutor.java:624)
        at java.lang.Thread.run(Thread.java:750)
"IPC Client (820920634) connection to 0.0.0.0/0.0.0.0:15108 from runner" daemon prio=5 tid=3246 timed_waiting
java.lang.Thread.State: TIMED_WAITING
        at java.lang.Object.wait(Native Method)
        at org.apache.hadoop.ipc.Client$Connection.waitForWork(Client.java:1026)
        at org.apache.hadoop.ipc.Client$Connection.run(Client.java:1077)
"IPC Server handler 1 on default port 15110" daemon prio=5 tid=3083 timed_waiting
java.lang.Thread.State: TIMED_WAITING
        at sun.misc.Unsafe.park(Native Method)
        at java.util.concurrent.locks.LockSupport.parkNanos(LockSupport.java:215)
        at java.util.concurrent.locks.AbstractQueuedSynchronizer$ConditionObject.awaitNanos(AbstractQueuedSynchronizer.java:2078)
        at java.util.concurrent.LinkedBlockingQueue.poll(LinkedBlockingQueue.java:467)
        at org.apache.hadoop.ipc.CallQueueManager.take(CallQueueManager.java:317)
        at org.apache.hadoop.ipc.Server$Handler.run(Server.java:3014)
"IPC Server handler 9 on default port 15106" daemon prio=5 tid=2738 timed_waiting
java.lang.Thread.State: TIMED_WAITING
        at sun.misc.Unsafe.park(Native Method)
        at java.util.concurrent.locks.LockSupport.parkNanos(LockSupport.java:215)
        at java.util.concurrent.locks.AbstractQueuedSynchronizer$ConditionObject.awaitNanos(AbstractQueuedSynchronizer.java:2078)
        at java.util.concurrent.LinkedBlockingQueue.poll(LinkedBlockingQueue.java:467)
        at org.apache.hadoop.ipc.CallQueueManager.take(CallQueueManager.java:317)
        at org.apache.hadoop.ipc.Server$Handler.run(Server.java:3014)
"om1@group-C5BA1605619E-cacheEviction-AwaitToRun" daemon prio=5 tid=3055 in Object.wait()
java.lang.Thread.State: WAITING (on object monitor)
        at sun.misc.Unsafe.park(Native Method)
        at java.util.concurrent.locks.LockSupport.park(LockSupport.java:175)
        at java.util.concurrent.locks.AbstractQueuedSynchronizer$ConditionObject.await(AbstractQueuedSynchronizer.java:2039)
        at org.apache.ratis.util.AwaitForSignal.await(AwaitForSignal.java:48)
        at org.apache.ratis.util.AwaitToRun$RunnableImpl.run(AwaitToRun.java:47)
        at java.lang.Thread.run(Thread.java:750)
"StaleRecoveringContainerScrubbingService#3" daemon prio=5 tid=3611 in Object.wait()
java.lang.Thread.State: WAITING (on object monitor)
        at sun.misc.Unsafe.park(Native Method)
        at java.util.concurrent.locks.LockSupport.park(LockSupport.java:175)
        at java.util.concurrent.locks.AbstractQueuedSynchronizer$ConditionObject.await(AbstractQueuedSynchronizer.java:2039)
        at java.util.concurrent.ScheduledThreadPoolExecutor$DelayedWorkQueue.take(ScheduledThreadPoolExecutor.java:1088)
        at java.util.concurrent.ScheduledThreadPoolExecutor$DelayedWorkQueue.take(ScheduledThreadPoolExecutor.java:809)
        at java.util.concurrent.ThreadPoolExecutor.getTask(ThreadPoolExecutor.java:1074)
        at java.util.concurrent.ThreadPoolExecutor.runWorker(ThreadPoolExecutor.java:1134)
        at java.util.concurrent.ThreadPoolExecutor$Worker.run(ThreadPoolExecutor.java:624)
        at java.lang.Thread.run(Thread.java:750)
"FixedThreadPoolWithAffinityExecutor-3-0" daemon prio=5 tid=2720 timed_waiting
java.lang.Thread.State: TIMED_WAITING
        at sun.misc.Unsafe.park(Native Method)
        at java.util.concurrent.locks.LockSupport.parkNanos(LockSupport.java:215)
        at java.util.concurrent.locks.AbstractQueuedSynchronizer$ConditionObject.awaitNanos(AbstractQueuedSynchronizer.java:2078)
        at java.util.concurrent.LinkedBlockingQueue.poll(LinkedBlockingQueue.java:467)
        at org.apache.hadoop.hdds.scm.server.ContainerReportQueue.poll(ContainerReportQueue.java:269)
        at org.apache.hadoop.hdds.scm.server.ContainerReportQueue.poll(ContainerReportQueue.java:42)
        at org.apache.hadoop.hdds.server.events.FixedThreadPoolWithAffinityExecutor$ContainerReportProcessTask.run(FixedThreadPoolWithAffinityExecutor.java:253)
        at java.util.concurrent.Executors$RunnableAdapter.call(Executors.java:511)
        at java.util.concurrent.FutureTask.run(FutureTask.java:266)
        at java.util.concurrent.ThreadPoolExecutor.runWorker(ThreadPoolExecutor.java:1149)
        at java.util.concurrent.ThreadPoolExecutor$Worker.run(ThreadPoolExecutor.java:624)
        at java.lang.Thread.run(Thread.java:750)
"IPC Server Responder" daemon prio=5 tid=3203 runnable
java.lang.Thread.State: RUNNABLE
        at sun.nio.ch.EPollArrayWrapper.epollWait(Native Method)
        at sun.nio.ch.EPollArrayWrapper.poll(EPollArrayWrapper.java:269)
        at sun.nio.ch.EPollSelectorImpl.doSelect(EPollSelectorImpl.java:93)
        at sun.nio.ch.SelectorImpl.lockAndDoSelect(SelectorImpl.java:86)
        at sun.nio.ch.SelectorImpl.select(SelectorImpl.java:97)
        at org.apache.hadoop.ipc.Server$Responder.doRunLoop(Server.java:1582)
        at org.apache.hadoop.ipc.Server$Responder.run(Server.java:1565)
"IPC Server handler 51 on default port 15108" daemon prio=5 tid=2980 timed_waiting
java.lang.Thread.State: TIMED_WAITING
        at sun.misc.Unsafe.park(Native Method)
        at java.util.concurrent.locks.LockSupport.parkNanos(LockSupport.java:215)
        at java.util.concurrent.locks.AbstractQueuedSynchronizer$ConditionObject.awaitNanos(AbstractQueuedSynchronizer.java:2078)
        at java.util.concurrent.LinkedBlockingQueue.poll(LinkedBlockingQueue.java:467)
        at org.apache.hadoop.ipc.CallQueueManager.take(CallQueueManager.java:317)
        at org.apache.hadoop.ipc.Server$Handler.run(Server.java:3014)
"IPC Server handler 10 on default port 15107" daemon prio=5 tid=2839 timed_waiting
java.lang.Thread.State: TIMED_WAITING
        at sun.misc.Unsafe.park(Native Method)
        at java.util.concurrent.locks.LockSupport.parkNanos(LockSupport.java:215)
        at java.util.concurrent.locks.AbstractQueuedSynchronizer$ConditionObject.awaitNanos(AbstractQueuedSynchronizer.java:2078)
        at java.util.concurrent.LinkedBlockingQueue.poll(LinkedBlockingQueue.java:467)
        at org.apache.hadoop.ipc.CallQueueManager.take(CallQueueManager.java:317)
        at org.apache.hadoop.ipc.Server$Handler.run(Server.java:3014)
"9387e6e8-bf6d-4d10-9dc1-f1bd05fc02cf@group-12C11132411B-StateMachineUpdater" daemon prio=5 tid=3650 timed_waiting
java.lang.Thread.State: TIMED_WAITING
        at sun.misc.Unsafe.park(Native Method)
        at java.util.concurrent.locks.LockSupport.parkNanos(LockSupport.java:215)
        at java.util.concurrent.locks.AbstractQueuedSynchronizer$ConditionObject.await(AbstractQueuedSynchronizer.java:2163)
        at org.apache.ratis.util.AwaitForSignal.await(AwaitForSignal.java:65)
        at org.apache.ratis.server.impl.StateMachineUpdater.waitForCommit(StateMachineUpdater.java:211)
        at org.apache.ratis.server.impl.StateMachineUpdater.run(StateMachineUpdater.java:180)
        at java.lang.Thread.run(Thread.java:750)
"a45323a7-bc80-446e-b427-0ffb34a72641-ChunkWriter-1-0" daemon prio=5 tid=3309 in Object.wait()
java.lang.Thread.State: WAITING (on object monitor)
        at sun.misc.Unsafe.park(Native Method)
        at java.util.concurrent.locks.LockSupport.park(LockSupport.java:175)
        at java.util.concurrent.locks.AbstractQueuedSynchronizer$ConditionObject.await(AbstractQueuedSynchronizer.java:2039)
        at java.util.concurrent.LinkedBlockingDeque.takeFirst(LinkedBlockingDeque.java:492)
        at java.util.concurrent.LinkedBlockingDeque.take(LinkedBlockingDeque.java:680)
        at java.util.concurrent.ThreadPoolExecutor.getTask(ThreadPoolExecutor.java:1074)
        at java.util.concurrent.ThreadPoolExecutor.runWorker(ThreadPoolExecutor.java:1134)
        at java.util.concurrent.ThreadPoolExecutor$Worker.run(ThreadPoolExecutor.java:624)
        at java.lang.Thread.run(Thread.java:750)
"IPC Server handler 2 on default port 15110" daemon prio=5 tid=3084 timed_waiting
java.lang.Thread.State: TIMED_WAITING
        at sun.misc.Unsafe.park(Native Method)
        at java.util.concurrent.locks.LockSupport.parkNanos(LockSupport.java:215)
        at java.util.concurrent.locks.AbstractQueuedSynchronizer$ConditionObject.awaitNanos(AbstractQueuedSynchronizer.java:2078)
        at java.util.concurrent.LinkedBlockingQueue.poll(LinkedBlockingQueue.java:467)
        at org.apache.hadoop.ipc.CallQueueManager.take(CallQueueManager.java:317)
        at org.apache.hadoop.ipc.Server$Handler.run(Server.java:3014)
"Session-HouseKeeper-10400318-1"  prio=5 tid=3143 timed_waiting
java.lang.Thread.State: TIMED_WAITING
        at sun.misc.Unsafe.park(Native Method)
        at java.util.concurrent.locks.LockSupport.parkNanos(LockSupport.java:215)
        at java.util.concurrent.locks.AbstractQueuedSynchronizer$ConditionObject.awaitNanos(AbstractQueuedSynchronizer.java:2078)
        at java.util.concurrent.ScheduledThreadPoolExecutor$DelayedWorkQueue.take(ScheduledThreadPoolExecutor.java:1093)
        at java.util.concurrent.ScheduledThreadPoolExecutor$DelayedWorkQueue.take(ScheduledThreadPoolExecutor.java:809)
        at java.util.concurrent.ThreadPoolExecutor.getTask(ThreadPoolExecutor.java:1074)
        at java.util.concurrent.ThreadPoolExecutor.runWorker(ThreadPoolExecutor.java:1134)
        at java.util.concurrent.ThreadPoolExecutor$Worker.run(ThreadPoolExecutor.java:624)
        at java.lang.Thread.run(Thread.java:750)
"IPC Server handler 81 on default port 15108" daemon prio=5 tid=3010 timed_waiting
java.lang.Thread.State: TIMED_WAITING
        at sun.misc.Unsafe.park(Native Method)
        at java.util.concurrent.locks.LockSupport.parkNanos(LockSupport.java:215)
        at java.util.concurrent.locks.AbstractQueuedSynchronizer$ConditionObject.awaitNanos(AbstractQueuedSynchronizer.java:2078)
        at java.util.concurrent.LinkedBlockingQueue.poll(LinkedBlockingQueue.java:467)
        at org.apache.hadoop.ipc.CallQueueManager.take(CallQueueManager.java:317)
        at org.apache.hadoop.ipc.Server$Handler.run(Server.java:3014)
"IPC Server handler 79 on default port 15106" daemon prio=5 tid=2808 timed_waiting
java.lang.Thread.State: TIMED_WAITING
        at sun.misc.Unsafe.park(Native Method)
        at java.util.concurrent.locks.LockSupport.parkNanos(LockSupport.java:215)
        at java.util.concurrent.locks.AbstractQueuedSynchronizer$ConditionObject.awaitNanos(AbstractQueuedSynchronizer.java:2078)
        at java.util.concurrent.LinkedBlockingQueue.poll(LinkedBlockingQueue.java:467)
        at org.apache.hadoop.ipc.CallQueueManager.take(CallQueueManager.java:317)
        at org.apache.hadoop.ipc.Server$Handler.run(Server.java:3014)
"qtp326450405-3796" daemon prio=5 tid=3796 runnable
java.lang.Thread.State: RUNNABLE
        at sun.nio.ch.EPollArrayWrapper.epollWait(Native Method)
        at sun.nio.ch.EPollArrayWrapper.poll(EPollArrayWrapper.java:269)
        at sun.nio.ch.EPollSelectorImpl.doSelect(EPollSelectorImpl.java:93)
        at sun.nio.ch.SelectorImpl.lockAndDoSelect(SelectorImpl.java:86)
        at sun.nio.ch.SelectorImpl.select(SelectorImpl.java:97)
        at sun.nio.ch.SelectorImpl.select(SelectorImpl.java:101)
        at org.eclipse.jetty.io.ManagedSelector.nioSelect(ManagedSelector.java:183)
        at org.eclipse.jetty.io.ManagedSelector.select(ManagedSelector.java:190)
        at org.eclipse.jetty.io.ManagedSelector$SelectorProducer.select(ManagedSelector.java:606)
        at org.eclipse.jetty.io.ManagedSelector$SelectorProducer.produce(ManagedSelector.java:543)
        at org.eclipse.jetty.util.thread.strategy.EatWhatYouKill.produceTask(EatWhatYouKill.java:362)
        at org.eclipse.jetty.util.thread.strategy.EatWhatYouKill.doProduce(EatWhatYouKill.java:186)
        at org.eclipse.jetty.util.thread.strategy.EatWhatYouKill.tryProduce(EatWhatYouKill.java:173)
        at org.eclipse.jetty.util.thread.strategy.EatWhatYouKill.produce(EatWhatYouKill.java:137)
        at org.eclipse.jetty.io.ManagedSelector$$Lambda$746/715978059.run(Unknown Source)
        at org.eclipse.jetty.util.thread.QueuedThreadPool.runJob(QueuedThreadPool.java:883)
        at org.eclipse.jetty.util.thread.QueuedThreadPool$Runner.run(QueuedThreadPool.java:1034)
        at java.lang.Thread.run(Thread.java:750)
"qtp1560921027-3076" daemon prio=5 tid=3076 timed_waiting
java.lang.Thread.State: TIMED_WAITING
        at sun.misc.Unsafe.park(Native Method)
        at java.util.concurrent.locks.LockSupport.parkNanos(LockSupport.java:215)
        at java.util.concurrent.locks.AbstractQueuedSynchronizer$ConditionObject.awaitNanos(AbstractQueuedSynchronizer.java:2078)
        at org.eclipse.jetty.util.BlockingArrayQueue.poll(BlockingArrayQueue.java:382)
        at org.eclipse.jetty.util.thread.QueuedThreadPool$Runner.idleJobPoll(QueuedThreadPool.java:974)
        at org.eclipse.jetty.util.thread.QueuedThreadPool$Runner.run(QueuedThreadPool.java:1018)
        at java.lang.Thread.run(Thread.java:750)
"EventQueue-NodeRegistrationContainerReportForContainerSafeModeRule" daemon prio=5 tid=3338 in Object.wait()
java.lang.Thread.State: WAITING (on object monitor)
        at sun.misc.Unsafe.park(Native Method)
        at java.util.concurrent.locks.LockSupport.park(LockSupport.java:175)
        at java.util.concurrent.locks.AbstractQueuedSynchronizer$ConditionObject.await(AbstractQueuedSynchronizer.java:2039)
        at java.util.concurrent.LinkedBlockingQueue.take(LinkedBlockingQueue.java:442)
        at java.util.concurrent.ThreadPoolExecutor.getTask(ThreadPoolExecutor.java:1074)
        at java.util.concurrent.ThreadPoolExecutor.runWorker(ThreadPoolExecutor.java:1134)
        at java.util.concurrent.ThreadPoolExecutor$Worker.run(ThreadPoolExecutor.java:624)
        at java.lang.Thread.run(Thread.java:750)
"80370d78-c36f-4d75-b7cb-6753407b0dff@group-77AD9CB52074-StateMachineUpdater" daemon prio=5 tid=3657 timed_waiting
java.lang.Thread.State: TIMED_WAITING
        at sun.misc.Unsafe.park(Native Method)
        at java.util.concurrent.locks.LockSupport.parkNanos(LockSupport.java:215)
        at java.util.concurrent.locks.AbstractQueuedSynchronizer$ConditionObject.await(AbstractQueuedSynchronizer.java:2163)
        at org.apache.ratis.util.AwaitForSignal.await(AwaitForSignal.java:65)
        at org.apache.ratis.server.impl.StateMachineUpdater.waitForCommit(StateMachineUpdater.java:211)
        at org.apache.ratis.server.impl.StateMachineUpdater.run(StateMachineUpdater.java:180)
        at java.lang.Thread.run(Thread.java:750)
"IPC Server handler 85 on default port 15108" daemon prio=5 tid=3014 timed_waiting
java.lang.Thread.State: TIMED_WAITING
        at sun.misc.Unsafe.park(Native Method)
        at java.util.concurrent.locks.LockSupport.parkNanos(LockSupport.java:215)
        at java.util.concurrent.locks.AbstractQueuedSynchronizer$ConditionObject.awaitNanos(AbstractQueuedSynchronizer.java:2078)
        at java.util.concurrent.LinkedBlockingQueue.poll(LinkedBlockingQueue.java:467)
        at org.apache.hadoop.ipc.CallQueueManager.take(CallQueueManager.java:317)
        at org.apache.hadoop.ipc.Server$Handler.run(Server.java:3014)
"IPC Server handler 55 on default port 15106" daemon prio=5 tid=2784 timed_waiting
java.lang.Thread.State: TIMED_WAITING
        at sun.misc.Unsafe.park(Native Method)
        at java.util.concurrent.locks.LockSupport.parkNanos(LockSupport.java:215)
        at java.util.concurrent.locks.AbstractQueuedSynchronizer$ConditionObject.awaitNanos(AbstractQueuedSynchronizer.java:2078)
        at java.util.concurrent.LinkedBlockingQueue.poll(LinkedBlockingQueue.java:467)
        at org.apache.hadoop.ipc.CallQueueManager.take(CallQueueManager.java:317)
        at org.apache.hadoop.ipc.Server$Handler.run(Server.java:3014)
"pool-519-thread-1"  prio=5 tid=3072 timed_waiting
java.lang.Thread.State: TIMED_WAITING
        at sun.misc.Unsafe.park(Native Method)
        at java.util.concurrent.locks.LockSupport.parkNanos(LockSupport.java:215)
        at java.util.concurrent.locks.AbstractQueuedSynchronizer$ConditionObject.awaitNanos(AbstractQueuedSynchronizer.java:2078)
        at java.util.concurrent.ScheduledThreadPoolExecutor$DelayedWorkQueue.take(ScheduledThreadPoolExecutor.java:1093)
        at java.util.concurrent.ScheduledThreadPoolExecutor$DelayedWorkQueue.take(ScheduledThreadPoolExecutor.java:809)
        at java.util.concurrent.ThreadPoolExecutor.getTask(ThreadPoolExecutor.java:1074)
        at java.util.concurrent.ThreadPoolExecutor.runWorker(ThreadPoolExecutor.java:1134)
        at java.util.concurrent.ThreadPoolExecutor$Worker.run(ThreadPoolExecutor.java:624)
        at java.lang.Thread.run(Thread.java:750)
"FullTableCache-Cleanup-0" daemon prio=5 tid=2196 in Object.wait()
java.lang.Thread.State: WAITING (on object monitor)
        at sun.misc.Unsafe.park(Native Method)
        at java.util.concurrent.locks.LockSupport.park(LockSupport.java:175)
        at java.util.concurrent.locks.AbstractQueuedSynchronizer$ConditionObject.await(AbstractQueuedSynchronizer.java:2039)
        at java.util.concurrent.LinkedBlockingQueue.take(LinkedBlockingQueue.java:442)
        at java.util.concurrent.ThreadPoolExecutor.getTask(ThreadPoolExecutor.java:1074)
        at java.util.concurrent.ThreadPoolExecutor.runWorker(ThreadPoolExecutor.java:1134)
        at java.util.concurrent.ThreadPoolExecutor$Worker.run(ThreadPoolExecutor.java:624)
        at java.lang.Thread.run(Thread.java:750)
"IPC Server handler 92 on default port 15107" daemon prio=5 tid=2921 timed_waiting
java.lang.Thread.State: TIMED_WAITING
        at sun.misc.Unsafe.park(Native Method)
        at java.util.concurrent.locks.LockSupport.parkNanos(LockSupport.java:215)
        at java.util.concurrent.locks.AbstractQueuedSynchronizer$ConditionObject.awaitNanos(AbstractQueuedSynchronizer.java:2078)
        at java.util.concurrent.LinkedBlockingQueue.poll(LinkedBlockingQueue.java:467)
        at org.apache.hadoop.ipc.CallQueueManager.take(CallQueueManager.java:317)
        at org.apache.hadoop.ipc.Server$Handler.run(Server.java:3014)
"IPC Server handler 69 on default port 15106" daemon prio=5 tid=2798 timed_waiting
java.lang.Thread.State: TIMED_WAITING
        at sun.misc.Unsafe.park(Native Method)
        at java.util.concurrent.locks.LockSupport.parkNanos(LockSupport.java:215)
        at java.util.concurrent.locks.AbstractQueuedSynchronizer$ConditionObject.awaitNanos(AbstractQueuedSynchronizer.java:2078)
        at java.util.concurrent.LinkedBlockingQueue.poll(LinkedBlockingQueue.java:467)
        at org.apache.hadoop.ipc.CallQueueManager.take(CallQueueManager.java:317)
        at org.apache.hadoop.ipc.Server$Handler.run(Server.java:3014)
"qtp266429001-3037" daemon prio=5 tid=3037 timed_waiting
java.lang.Thread.State: TIMED_WAITING
        at sun.misc.Unsafe.park(Native Method)
        at java.util.concurrent.locks.LockSupport.parkNanos(LockSupport.java:215)
        at java.util.concurrent.locks.AbstractQueuedSynchronizer$ConditionObject.awaitNanos(AbstractQueuedSynchronizer.java:2078)
        at org.eclipse.jetty.util.BlockingArrayQueue.poll(BlockingArrayQueue.java:382)
        at org.eclipse.jetty.util.thread.QueuedThreadPool$Runner.idleJobPoll(QueuedThreadPool.java:974)
        at org.eclipse.jetty.util.thread.QueuedThreadPool$Runner.run(QueuedThreadPool.java:1018)
        at java.lang.Thread.run(Thread.java:750)
"33d4fa9a-f1b5-45a2-9ce3-43c86fd82df2-DatanodeReportManager-1" daemon prio=5 tid=3152 in Object.wait()
java.lang.Thread.State: WAITING (on object monitor)
        at sun.misc.Unsafe.park(Native Method)
        at java.util.concurrent.locks.LockSupport.park(LockSupport.java:175)
        at java.util.concurrent.locks.AbstractQueuedSynchronizer$ConditionObject.await(AbstractQueuedSynchronizer.java:2039)
        at java.util.concurrent.ScheduledThreadPoolExecutor$DelayedWorkQueue.take(ScheduledThreadPoolExecutor.java:1088)
        at java.util.concurrent.ScheduledThreadPoolExecutor$DelayedWorkQueue.take(ScheduledThreadPoolExecutor.java:809)
        at java.util.concurrent.ThreadPoolExecutor.getTask(ThreadPoolExecutor.java:1074)
        at java.util.concurrent.ThreadPoolExecutor.runWorker(ThreadPoolExecutor.java:1134)
        at java.util.concurrent.ThreadPoolExecutor$Worker.run(ThreadPoolExecutor.java:624)
        at java.lang.Thread.run(Thread.java:750)
"9387e6e8-bf6d-4d10-9dc1-f1bd05fc02cf-server-thread3" daemon prio=5 tid=3734 timed_waiting
java.lang.Thread.State: TIMED_WAITING
        at sun.misc.Unsafe.park(Native Method)
        at java.util.concurrent.locks.LockSupport.parkNanos(LockSupport.java:215)
        at java.util.concurrent.SynchronousQueue$TransferStack.awaitFulfill(SynchronousQueue.java:460)
        at java.util.concurrent.SynchronousQueue$TransferStack.transfer(SynchronousQueue.java:362)
        at java.util.concurrent.SynchronousQueue.poll(SynchronousQueue.java:941)
        at java.util.concurrent.ThreadPoolExecutor.getTask(ThreadPoolExecutor.java:1073)
        at java.util.concurrent.ThreadPoolExecutor.runWorker(ThreadPoolExecutor.java:1134)
        at java.util.concurrent.ThreadPoolExecutor$Worker.run(ThreadPoolExecutor.java:624)
        at java.lang.Thread.run(Thread.java:750)
"FullTableCache-Cleanup-0" daemon prio=5 tid=3495 in Object.wait()
java.lang.Thread.State: WAITING (on object monitor)
        at sun.misc.Unsafe.park(Native Method)
        at java.util.concurrent.locks.LockSupport.park(LockSupport.java:175)
        at java.util.concurrent.locks.AbstractQueuedSynchronizer$ConditionObject.await(AbstractQueuedSynchronizer.java:2039)
        at java.util.concurrent.LinkedBlockingQueue.take(LinkedBlockingQueue.java:442)
        at java.util.concurrent.ThreadPoolExecutor.getTask(ThreadPoolExecutor.java:1074)
        at java.util.concurrent.ThreadPoolExecutor.runWorker(ThreadPoolExecutor.java:1134)
        at java.util.concurrent.ThreadPoolExecutor$Worker.run(ThreadPoolExecutor.java:624)
        at java.lang.Thread.run(Thread.java:750)
"33d4fa9a-f1b5-45a2-9ce3-43c86fd82df2-server-thread3" daemon prio=5 tid=3728 timed_waiting
java.lang.Thread.State: TIMED_WAITING
        at sun.misc.Unsafe.park(Native Method)
        at java.util.concurrent.locks.LockSupport.parkNanos(LockSupport.java:215)
        at java.util.concurrent.SynchronousQueue$TransferStack.awaitFulfill(SynchronousQueue.java:460)
        at java.util.concurrent.SynchronousQueue$TransferStack.transfer(SynchronousQueue.java:362)
        at java.util.concurrent.SynchronousQueue.poll(SynchronousQueue.java:941)
        at java.util.concurrent.ThreadPoolExecutor.getTask(ThreadPoolExecutor.java:1073)
        at java.util.concurrent.ThreadPoolExecutor.runWorker(ThreadPoolExecutor.java:1134)
        at java.util.concurrent.ThreadPoolExecutor$Worker.run(ThreadPoolExecutor.java:624)
        at java.lang.Thread.run(Thread.java:750)
"IPC Server handler 5 on default port 15110" daemon prio=5 tid=3087 timed_waiting
java.lang.Thread.State: TIMED_WAITING
        at sun.misc.Unsafe.park(Native Method)
        at java.util.concurrent.locks.LockSupport.parkNanos(LockSupport.java:215)
        at java.util.concurrent.locks.AbstractQueuedSynchronizer$ConditionObject.awaitNanos(AbstractQueuedSynchronizer.java:2078)
        at java.util.concurrent.LinkedBlockingQueue.poll(LinkedBlockingQueue.java:467)
        at org.apache.hadoop.ipc.CallQueueManager.take(CallQueueManager.java:317)
        at org.apache.hadoop.ipc.Server$Handler.run(Server.java:3014)
"80370d78-c36f-4d75-b7cb-6753407b0dff@group-0B323A473FB2-FollowerState" daemon prio=5 tid=3686 timed_waiting
java.lang.Thread.State: TIMED_WAITING
        at java.lang.Thread.sleep(Native Method)
        at java.lang.Thread.sleep(Thread.java:342)
        at java.util.concurrent.TimeUnit.sleep(TimeUnit.java:386)
        at org.apache.ratis.util.TimeDuration.sleep(TimeDuration.java:353)
        at org.apache.ratis.util.TimeDuration.sleep(TimeDuration.java:338)
        at org.apache.ratis.server.impl.FollowerState.run(FollowerState.java:128)
"IPC Server handler 96 on default port 15108" daemon prio=5 tid=3025 timed_waiting
java.lang.Thread.State: TIMED_WAITING
        at sun.misc.Unsafe.park(Native Method)
        at java.util.concurrent.locks.LockSupport.parkNanos(LockSupport.java:215)
        at java.util.concurrent.locks.AbstractQueuedSynchronizer$ConditionObject.awaitNanos(AbstractQueuedSynchronizer.java:2078)
        at java.util.concurrent.LinkedBlockingQueue.poll(LinkedBlockingQueue.java:467)
        at org.apache.hadoop.ipc.CallQueueManager.take(CallQueueManager.java:317)
        at org.apache.hadoop.ipc.Server$Handler.run(Server.java:3014)
"EventQueue-PipelineReportForPipelineReportHandler" daemon prio=5 tid=3340 in Object.wait()
java.lang.Thread.State: WAITING (on object monitor)
        at sun.misc.Unsafe.park(Native Method)
        at java.util.concurrent.locks.LockSupport.park(LockSupport.java:175)
        at java.util.concurrent.locks.AbstractQueuedSynchronizer$ConditionObject.await(AbstractQueuedSynchronizer.java:2039)
        at java.util.concurrent.LinkedBlockingQueue.take(LinkedBlockingQueue.java:442)
        at java.util.concurrent.ThreadPoolExecutor.getTask(ThreadPoolExecutor.java:1074)
        at java.util.concurrent.ThreadPoolExecutor.runWorker(ThreadPoolExecutor.java:1134)
        at java.util.concurrent.ThreadPoolExecutor$Worker.run(ThreadPoolExecutor.java:624)
        at java.lang.Thread.run(Thread.java:750)
"IPC Server handler 34 on default port 15106" daemon prio=5 tid=2763 timed_waiting
java.lang.Thread.State: TIMED_WAITING
        at sun.misc.Unsafe.park(Native Method)
        at java.util.concurrent.locks.LockSupport.parkNanos(LockSupport.java:215)
        at java.util.concurrent.locks.AbstractQueuedSynchronizer$ConditionObject.awaitNanos(AbstractQueuedSynchronizer.java:2078)
        at java.util.concurrent.LinkedBlockingQueue.poll(LinkedBlockingQueue.java:467)
        at org.apache.hadoop.ipc.CallQueueManager.take(CallQueueManager.java:317)
        at org.apache.hadoop.ipc.Server$Handler.run(Server.java:3014)
"IPC Server handler 18 on default port 15106" daemon prio=5 tid=2747 timed_waiting
java.lang.Thread.State: TIMED_WAITING
        at sun.misc.Unsafe.park(Native Method)
        at java.util.concurrent.locks.LockSupport.parkNanos(LockSupport.java:215)
        at java.util.concurrent.locks.AbstractQueuedSynchronizer$ConditionObject.awaitNanos(AbstractQueuedSynchronizer.java:2078)
        at java.util.concurrent.LinkedBlockingQueue.poll(LinkedBlockingQueue.java:467)
        at org.apache.hadoop.ipc.CallQueueManager.take(CallQueueManager.java:317)
        at org.apache.hadoop.ipc.Server$Handler.run(Server.java:3014)
"IPC Server handler 68 on default port 15108" daemon prio=5 tid=2997 timed_waiting
java.lang.Thread.State: TIMED_WAITING
        at sun.misc.Unsafe.park(Native Method)
        at java.util.concurrent.locks.LockSupport.parkNanos(LockSupport.java:215)
        at java.util.concurrent.locks.AbstractQueuedSynchronizer$ConditionObject.awaitNanos(AbstractQueuedSynchronizer.java:2078)
        at java.util.concurrent.LinkedBlockingQueue.poll(LinkedBlockingQueue.java:467)
        at org.apache.hadoop.ipc.CallQueueManager.take(CallQueueManager.java:317)
        at org.apache.hadoop.ipc.Server$Handler.run(Server.java:3014)
"6cf56e53-88cb-4022-bd56-d9b5c4d884ee@group-DB6F9DC5174E-SegmentedRaftLogWorker"  prio=5 tid=3835 timed_waiting
java.lang.Thread.State: TIMED_WAITING
        at sun.misc.Unsafe.park(Native Method)
        at java.util.concurrent.locks.LockSupport.parkNanos(LockSupport.java:215)
        at java.util.concurrent.locks.AbstractQueuedSynchronizer$ConditionObject.awaitNanos(AbstractQueuedSynchronizer.java:2078)
        at org.apache.ratis.util.DataBlockingQueue.poll(DataBlockingQueue.java:148)
        at org.apache.ratis.server.raftlog.segmented.SegmentedRaftLogWorker.run(SegmentedRaftLogWorker.java:299)
        at org.apache.ratis.server.raftlog.segmented.SegmentedRaftLogWorker$$Lambda$1079/927089352.run(Unknown Source)
        at java.util.concurrent.Executors$RunnableAdapter.call(Executors.java:511)
        at java.util.concurrent.FutureTask.run(FutureTask.java:266)
        at java.util.concurrent.ThreadPoolExecutor.runWorker(ThreadPoolExecutor.java:1149)
        at java.util.concurrent.ThreadPoolExecutor$Worker.run(ThreadPoolExecutor.java:624)
        at java.lang.Thread.run(Thread.java:750)
"IPC Server handler 49 on default port 15108" daemon prio=5 tid=2978 timed_waiting
java.lang.Thread.State: TIMED_WAITING
        at sun.misc.Unsafe.park(Native Method)
        at java.util.concurrent.locks.LockSupport.parkNanos(LockSupport.java:215)
        at java.util.concurrent.locks.AbstractQueuedSynchronizer$ConditionObject.awaitNanos(AbstractQueuedSynchronizer.java:2078)
        at java.util.concurrent.LinkedBlockingQueue.poll(LinkedBlockingQueue.java:467)
        at org.apache.hadoop.ipc.CallQueueManager.take(CallQueueManager.java:317)
        at org.apache.hadoop.ipc.Server$Handler.run(Server.java:3014)
"Hadoop-Metrics-Updater-0" daemon prio=5 tid=3204 timed_waiting
java.lang.Thread.State: TIMED_WAITING
        at sun.misc.Unsafe.park(Native Method)
        at java.util.concurrent.locks.LockSupport.parkNanos(LockSupport.java:215)
        at java.util.concurrent.locks.AbstractQueuedSynchronizer$ConditionObject.awaitNanos(AbstractQueuedSynchronizer.java:2078)
        at java.util.concurrent.ScheduledThreadPoolExecutor$DelayedWorkQueue.take(ScheduledThreadPoolExecutor.java:1093)
        at java.util.concurrent.ScheduledThreadPoolExecutor$DelayedWorkQueue.take(ScheduledThreadPoolExecutor.java:809)
        at java.util.concurrent.ThreadPoolExecutor.getTask(ThreadPoolExecutor.java:1074)
        at java.util.concurrent.ThreadPoolExecutor.runWorker(ThreadPoolExecutor.java:1134)
        at java.util.concurrent.ThreadPoolExecutor$Worker.run(ThreadPoolExecutor.java:624)
        at java.lang.Thread.run(Thread.java:750)
"IPC Server handler 81 on default port 15107" daemon prio=5 tid=2910 timed_waiting
java.lang.Thread.State: TIMED_WAITING
        at sun.misc.Unsafe.park(Native Method)
        at java.util.concurrent.locks.LockSupport.parkNanos(LockSupport.java:215)
        at java.util.concurrent.locks.AbstractQueuedSynchronizer$ConditionObject.awaitNanos(AbstractQueuedSynchronizer.java:2078)
        at java.util.concurrent.LinkedBlockingQueue.poll(LinkedBlockingQueue.java:467)
        at org.apache.hadoop.ipc.CallQueueManager.take(CallQueueManager.java:317)
        at org.apache.hadoop.ipc.Server$Handler.run(Server.java:3014)
"IPC Server handler 41 on default port 15108" daemon prio=5 tid=2970 timed_waiting
java.lang.Thread.State: TIMED_WAITING
        at sun.misc.Unsafe.park(Native Method)
        at java.util.concurrent.locks.LockSupport.parkNanos(LockSupport.java:215)
        at java.util.concurrent.locks.AbstractQueuedSynchronizer$ConditionObject.awaitNanos(AbstractQueuedSynchronizer.java:2078)
        at java.util.concurrent.LinkedBlockingQueue.poll(LinkedBlockingQueue.java:467)
        at org.apache.hadoop.ipc.CallQueueManager.take(CallQueueManager.java:317)
        at org.apache.hadoop.ipc.Server$Handler.run(Server.java:3014)
"IPC Server handler 54 on default port 15108" daemon prio=5 tid=2983 timed_waiting
java.lang.Thread.State: TIMED_WAITING
        at sun.misc.Unsafe.park(Native Method)
        at java.util.concurrent.locks.LockSupport.parkNanos(LockSupport.java:215)
        at java.util.concurrent.locks.AbstractQueuedSynchronizer$ConditionObject.awaitNanos(AbstractQueuedSynchronizer.java:2078)
        at java.util.concurrent.LinkedBlockingQueue.poll(LinkedBlockingQueue.java:467)
        at org.apache.hadoop.ipc.CallQueueManager.take(CallQueueManager.java:317)
        at org.apache.hadoop.ipc.Server$Handler.run(Server.java:3014)
"qtp1284879016-3220" daemon prio=5 tid=3220 runnable
java.lang.Thread.State: RUNNABLE
        at sun.nio.ch.EPollArrayWrapper.epollWait(Native Method)
        at sun.nio.ch.EPollArrayWrapper.poll(EPollArrayWrapper.java:269)
        at sun.nio.ch.EPollSelectorImpl.doSelect(EPollSelectorImpl.java:93)
        at sun.nio.ch.SelectorImpl.lockAndDoSelect(SelectorImpl.java:86)
        at sun.nio.ch.SelectorImpl.select(SelectorImpl.java:97)
        at sun.nio.ch.SelectorImpl.select(SelectorImpl.java:101)
        at org.eclipse.jetty.io.ManagedSelector.nioSelect(ManagedSelector.java:183)
        at org.eclipse.jetty.io.ManagedSelector.select(ManagedSelector.java:190)
        at org.eclipse.jetty.io.ManagedSelector$SelectorProducer.select(ManagedSelector.java:606)
        at org.eclipse.jetty.io.ManagedSelector$SelectorProducer.produce(ManagedSelector.java:543)
        at org.eclipse.jetty.util.thread.strategy.EatWhatYouKill.produceTask(EatWhatYouKill.java:362)
        at org.eclipse.jetty.util.thread.strategy.EatWhatYouKill.doProduce(EatWhatYouKill.java:186)
        at org.eclipse.jetty.util.thread.strategy.EatWhatYouKill.tryProduce(EatWhatYouKill.java:173)
        at org.eclipse.jetty.util.thread.strategy.EatWhatYouKill.produce(EatWhatYouKill.java:137)
        at org.eclipse.jetty.io.ManagedSelector$$Lambda$746/715978059.run(Unknown Source)
        at org.eclipse.jetty.util.thread.QueuedThreadPool.runJob(QueuedThreadPool.java:883)
        at org.eclipse.jetty.util.thread.QueuedThreadPool$Runner.run(QueuedThreadPool.java:1034)
        at java.lang.Thread.run(Thread.java:750)
"IPC Server handler 99 on default port 15108" daemon prio=5 tid=3028 timed_waiting
java.lang.Thread.State: TIMED_WAITING
        at sun.misc.Unsafe.park(Native Method)
        at java.util.concurrent.locks.LockSupport.parkNanos(LockSupport.java:215)
        at java.util.concurrent.locks.AbstractQueuedSynchronizer$ConditionObject.awaitNanos(AbstractQueuedSynchronizer.java:2078)
        at java.util.concurrent.LinkedBlockingQueue.poll(LinkedBlockingQueue.java:467)
        at org.apache.hadoop.ipc.CallQueueManager.take(CallQueueManager.java:317)
        at org.apache.hadoop.ipc.Server$Handler.run(Server.java:3014)
"IPC Server handler 19 on default port 15107" daemon prio=5 tid=2848 timed_waiting
java.lang.Thread.State: TIMED_WAITING
        at sun.misc.Unsafe.park(Native Method)
        at java.util.concurrent.locks.LockSupport.parkNanos(LockSupport.java:215)
        at java.util.concurrent.locks.AbstractQueuedSynchronizer$ConditionObject.awaitNanos(AbstractQueuedSynchronizer.java:2078)
        at java.util.concurrent.LinkedBlockingQueue.poll(LinkedBlockingQueue.java:467)
        at org.apache.hadoop.ipc.CallQueueManager.take(CallQueueManager.java:317)
        at org.apache.hadoop.ipc.Server$Handler.run(Server.java:3014)
"33d4fa9a-f1b5-45a2-9ce3-43c86fd82df2-server-thread2" daemon prio=5 tid=3697 timed_waiting
java.lang.Thread.State: TIMED_WAITING
        at sun.misc.Unsafe.park(Native Method)
        at java.util.concurrent.locks.LockSupport.parkNanos(LockSupport.java:215)
        at java.util.concurrent.SynchronousQueue$TransferStack.awaitFulfill(SynchronousQueue.java:460)
        at java.util.concurrent.SynchronousQueue$TransferStack.transfer(SynchronousQueue.java:362)
        at java.util.concurrent.SynchronousQueue.poll(SynchronousQueue.java:941)
        at java.util.concurrent.ThreadPoolExecutor.getTask(ThreadPoolExecutor.java:1073)
        at java.util.concurrent.ThreadPoolExecutor.runWorker(ThreadPoolExecutor.java:1134)
        at java.util.concurrent.ThreadPoolExecutor$Worker.run(ThreadPoolExecutor.java:624)
        at java.lang.Thread.run(Thread.java:750)
"IPC Server handler 50 on default port 15107" daemon prio=5 tid=2879 timed_waiting
java.lang.Thread.State: TIMED_WAITING
        at sun.misc.Unsafe.park(Native Method)
        at java.util.concurrent.locks.LockSupport.parkNanos(LockSupport.java:215)
        at java.util.concurrent.locks.AbstractQueuedSynchronizer$ConditionObject.awaitNanos(AbstractQueuedSynchronizer.java:2078)
        at java.util.concurrent.LinkedBlockingQueue.poll(LinkedBlockingQueue.java:467)
        at org.apache.hadoop.ipc.CallQueueManager.take(CallQueueManager.java:317)
        at org.apache.hadoop.ipc.Server$Handler.run(Server.java:3014)
"IPC Server handler 0 on default port 15106" daemon prio=5 tid=2729 timed_waiting
java.lang.Thread.State: TIMED_WAITING
        at sun.misc.Unsafe.park(Native Method)
        at java.util.concurrent.locks.LockSupport.parkNanos(LockSupport.java:215)
        at java.util.concurrent.locks.AbstractQueuedSynchronizer$ConditionObject.awaitNanos(AbstractQueuedSynchronizer.java:2078)
        at java.util.concurrent.LinkedBlockingQueue.poll(LinkedBlockingQueue.java:467)
        at org.apache.hadoop.ipc.CallQueueManager.take(CallQueueManager.java:317)
        at org.apache.hadoop.ipc.Server$Handler.run(Server.java:3014)
"IPC Server handler 73 on default port 15107" daemon prio=5 tid=2902 timed_waiting
java.lang.Thread.State: TIMED_WAITING
        at sun.misc.Unsafe.park(Native Method)
        at java.util.concurrent.locks.LockSupport.parkNanos(LockSupport.java:215)
        at java.util.concurrent.locks.AbstractQueuedSynchronizer$ConditionObject.awaitNanos(AbstractQueuedSynchronizer.java:2078)
        at java.util.concurrent.LinkedBlockingQueue.poll(LinkedBlockingQueue.java:467)
        at org.apache.hadoop.ipc.CallQueueManager.take(CallQueueManager.java:317)
        at org.apache.hadoop.ipc.Server$Handler.run(Server.java:3014)
"IPC Server handler 72 on default port 15107" daemon prio=5 tid=2901 timed_waiting
java.lang.Thread.State: TIMED_WAITING
        at sun.misc.Unsafe.park(Native Method)
        at java.util.concurrent.locks.LockSupport.parkNanos(LockSupport.java:215)
        at java.util.concurrent.locks.AbstractQueuedSynchronizer$ConditionObject.awaitNanos(AbstractQueuedSynchronizer.java:2078)
        at java.util.concurrent.LinkedBlockingQueue.poll(LinkedBlockingQueue.java:467)
        at org.apache.hadoop.ipc.CallQueueManager.take(CallQueueManager.java:317)
        at org.apache.hadoop.ipc.Server$Handler.run(Server.java:3014)
"IPC Server handler 77 on default port 15106" daemon prio=5 tid=2806 timed_waiting
java.lang.Thread.State: TIMED_WAITING
        at sun.misc.Unsafe.park(Native Method)
        at java.util.concurrent.locks.LockSupport.parkNanos(LockSupport.java:215)
        at java.util.concurrent.locks.AbstractQueuedSynchronizer$ConditionObject.awaitNanos(AbstractQueuedSynchronizer.java:2078)
        at java.util.concurrent.LinkedBlockingQueue.poll(LinkedBlockingQueue.java:467)
        at org.apache.hadoop.ipc.CallQueueManager.take(CallQueueManager.java:317)
        at org.apache.hadoop.ipc.Server$Handler.run(Server.java:3014)
"IPC Server handler 8 on default port 15106" daemon prio=5 tid=2737 timed_waiting
java.lang.Thread.State: TIMED_WAITING
        at sun.misc.Unsafe.park(Native Method)
        at java.util.concurrent.locks.LockSupport.parkNanos(LockSupport.java:215)
        at java.util.concurrent.locks.AbstractQueuedSynchronizer$ConditionObject.awaitNanos(AbstractQueuedSynchronizer.java:2078)
        at java.util.concurrent.LinkedBlockingQueue.poll(LinkedBlockingQueue.java:467)
        at org.apache.hadoop.ipc.CallQueueManager.take(CallQueueManager.java:317)
        at org.apache.hadoop.ipc.Server$Handler.run(Server.java:3014)
"IPC Server listener on 15116" daemon prio=5 tid=3116 runnable
java.lang.Thread.State: RUNNABLE
        at sun.nio.ch.EPollArrayWrapper.epollWait(Native Method)
        at sun.nio.ch.EPollArrayWrapper.poll(EPollArrayWrapper.java:269)
        at sun.nio.ch.EPollSelectorImpl.doSelect(EPollSelectorImpl.java:93)
        at sun.nio.ch.SelectorImpl.lockAndDoSelect(SelectorImpl.java:86)
        at sun.nio.ch.SelectorImpl.select(SelectorImpl.java:97)
        at sun.nio.ch.SelectorImpl.select(SelectorImpl.java:101)
        at org.apache.hadoop.ipc.Server$Listener.run(Server.java:1408)
"6cf56e53-88cb-4022-bd56-d9b5c4d884ee-DatanodeStateMachineTaskThread-1"  prio=5 tid=3819 in Object.wait()
java.lang.Thread.State: WAITING (on object monitor)
        at sun.misc.Unsafe.park(Native Method)
        at java.util.concurrent.locks.LockSupport.park(LockSupport.java:175)
        at java.util.concurrent.locks.AbstractQueuedSynchronizer$ConditionObject.await(AbstractQueuedSynchronizer.java:2039)
        at java.util.concurrent.LinkedBlockingQueue.take(LinkedBlockingQueue.java:442)
        at java.util.concurrent.ThreadPoolExecutor.getTask(ThreadPoolExecutor.java:1074)
        at java.util.concurrent.ThreadPoolExecutor.runWorker(ThreadPoolExecutor.java:1134)
        at java.util.concurrent.ThreadPoolExecutor$Worker.run(ThreadPoolExecutor.java:624)
        at java.lang.Thread.run(Thread.java:750)
"FixedThreadPoolWithAffinityExecutor-1-0" daemon prio=5 tid=2718 timed_waiting
java.lang.Thread.State: TIMED_WAITING
        at sun.misc.Unsafe.park(Native Method)
        at java.util.concurrent.locks.LockSupport.parkNanos(LockSupport.java:215)
        at java.util.concurrent.locks.AbstractQueuedSynchronizer$ConditionObject.awaitNanos(AbstractQueuedSynchronizer.java:2078)
        at java.util.concurrent.LinkedBlockingQueue.poll(LinkedBlockingQueue.java:467)
        at org.apache.hadoop.hdds.scm.server.ContainerReportQueue.poll(ContainerReportQueue.java:269)
        at org.apache.hadoop.hdds.scm.server.ContainerReportQueue.poll(ContainerReportQueue.java:42)
        at org.apache.hadoop.hdds.server.events.FixedThreadPoolWithAffinityExecutor$ContainerReportProcessTask.run(FixedThreadPoolWithAffinityExecutor.java:253)
        at java.util.concurrent.Executors$RunnableAdapter.call(Executors.java:511)
        at java.util.concurrent.FutureTask.run(FutureTask.java:266)
        at java.util.concurrent.ThreadPoolExecutor.runWorker(ThreadPoolExecutor.java:1149)
        at java.util.concurrent.ThreadPoolExecutor$Worker.run(ThreadPoolExecutor.java:624)
        at java.lang.Thread.run(Thread.java:750)
"StaleRecoveringContainerScrubbingService#1" daemon prio=5 tid=3316 in Object.wait()
java.lang.Thread.State: WAITING (on object monitor)
        at sun.misc.Unsafe.park(Native Method)
        at java.util.concurrent.locks.LockSupport.park(LockSupport.java:175)
        at java.util.concurrent.locks.AbstractQueuedSynchronizer$ConditionObject.await(AbstractQueuedSynchronizer.java:2039)
        at java.util.concurrent.ScheduledThreadPoolExecutor$DelayedWorkQueue.take(ScheduledThreadPoolExecutor.java:1088)
        at java.util.concurrent.ScheduledThreadPoolExecutor$DelayedWorkQueue.take(ScheduledThreadPoolExecutor.java:809)
        at java.util.concurrent.ThreadPoolExecutor.getTask(ThreadPoolExecutor.java:1074)
        at java.util.concurrent.ThreadPoolExecutor.runWorker(ThreadPoolExecutor.java:1134)
        at java.util.concurrent.ThreadPoolExecutor$Worker.run(ThreadPoolExecutor.java:624)
        at java.lang.Thread.run(Thread.java:750)
"qtp1284879016-3226" daemon prio=5 tid=3226 timed_waiting
java.lang.Thread.State: TIMED_WAITING
        at sun.misc.Unsafe.park(Native Method)
        at java.util.concurrent.locks.LockSupport.parkNanos(LockSupport.java:215)
        at java.util.concurrent.locks.AbstractQueuedSynchronizer$ConditionObject.awaitNanos(AbstractQueuedSynchronizer.java:2078)
        at org.eclipse.jetty.util.BlockingArrayQueue.poll(BlockingArrayQueue.java:382)
        at org.eclipse.jetty.util.thread.QueuedThreadPool$Runner.idleJobPoll(QueuedThreadPool.java:974)
        at org.eclipse.jetty.util.thread.QueuedThreadPool$Runner.run(QueuedThreadPool.java:1018)
        at java.lang.Thread.run(Thread.java:750)
"IPC Server handler 35 on default port 15106" daemon prio=5 tid=2764 timed_waiting
java.lang.Thread.State: TIMED_WAITING
        at sun.misc.Unsafe.park(Native Method)
        at java.util.concurrent.locks.LockSupport.parkNanos(LockSupport.java:215)
        at java.util.concurrent.locks.AbstractQueuedSynchronizer$ConditionObject.awaitNanos(AbstractQueuedSynchronizer.java:2078)
        at java.util.concurrent.LinkedBlockingQueue.poll(LinkedBlockingQueue.java:467)
        at org.apache.hadoop.ipc.CallQueueManager.take(CallQueueManager.java:317)
        at org.apache.hadoop.ipc.Server$Handler.run(Server.java:3014)
"IPC Server handler 93 on default port 15108" daemon prio=5 tid=3022 timed_waiting
java.lang.Thread.State: TIMED_WAITING
        at sun.misc.Unsafe.park(Native Method)
        at java.util.concurrent.locks.LockSupport.parkNanos(LockSupport.java:215)
        at java.util.concurrent.locks.AbstractQueuedSynchronizer$ConditionObject.awaitNanos(AbstractQueuedSynchronizer.java:2078)
        at java.util.concurrent.LinkedBlockingQueue.poll(LinkedBlockingQueue.java:467)
        at org.apache.hadoop.ipc.CallQueueManager.take(CallQueueManager.java:317)
        at org.apache.hadoop.ipc.Server$Handler.run(Server.java:3014)
"IPC Server handler 40 on default port 15106" daemon prio=5 tid=2769 timed_waiting
java.lang.Thread.State: TIMED_WAITING
        at sun.misc.Unsafe.park(Native Method)
        at java.util.concurrent.locks.LockSupport.parkNanos(LockSupport.java:215)
        at java.util.concurrent.locks.AbstractQueuedSynchronizer$ConditionObject.awaitNanos(AbstractQueuedSynchronizer.java:2078)
        at java.util.concurrent.LinkedBlockingQueue.poll(LinkedBlockingQueue.java:467)
        at org.apache.hadoop.ipc.CallQueueManager.take(CallQueueManager.java:317)
        at org.apache.hadoop.ipc.Server$Handler.run(Server.java:3014)
"80370d78-c36f-4d75-b7cb-6753407b0dff-DatanodeReportManager-1" daemon prio=5 tid=3236 in Object.wait()
java.lang.Thread.State: WAITING (on object monitor)
        at sun.misc.Unsafe.park(Native Method)
        at java.util.concurrent.locks.LockSupport.park(LockSupport.java:175)
        at java.util.concurrent.locks.AbstractQueuedSynchronizer$ConditionObject.await(AbstractQueuedSynchronizer.java:2039)
        at java.util.concurrent.ScheduledThreadPoolExecutor$DelayedWorkQueue.take(ScheduledThreadPoolExecutor.java:1088)
        at java.util.concurrent.ScheduledThreadPoolExecutor$DelayedWorkQueue.take(ScheduledThreadPoolExecutor.java:809)
        at java.util.concurrent.ThreadPoolExecutor.getTask(ThreadPoolExecutor.java:1074)
        at java.util.concurrent.ThreadPoolExecutor.runWorker(ThreadPoolExecutor.java:1134)
        at java.util.concurrent.ThreadPoolExecutor$Worker.run(ThreadPoolExecutor.java:624)
        at java.lang.Thread.run(Thread.java:750)
"IPC Server handler 20 on default port 15106" daemon prio=5 tid=2749 timed_waiting
java.lang.Thread.State: TIMED_WAITING
        at sun.misc.Unsafe.park(Native Method)
        at java.util.concurrent.locks.LockSupport.parkNanos(LockSupport.java:215)
        at java.util.concurrent.locks.AbstractQueuedSynchronizer$ConditionObject.awaitNanos(AbstractQueuedSynchronizer.java:2078)
        at java.util.concurrent.LinkedBlockingQueue.poll(LinkedBlockingQueue.java:467)
        at org.apache.hadoop.ipc.CallQueueManager.take(CallQueueManager.java:317)
        at org.apache.hadoop.ipc.Server$Handler.run(Server.java:3014)
"9387e6e8-bf6d-4d10-9dc1-f1bd05fc02cf-ChunkWriter-3-0" daemon prio=5 tid=3257 in Object.wait()
java.lang.Thread.State: WAITING (on object monitor)
        at sun.misc.Unsafe.park(Native Method)
        at java.util.concurrent.locks.LockSupport.park(LockSupport.java:175)
        at java.util.concurrent.locks.AbstractQueuedSynchronizer$ConditionObject.await(AbstractQueuedSynchronizer.java:2039)
        at java.util.concurrent.LinkedBlockingDeque.takeFirst(LinkedBlockingDeque.java:492)
        at java.util.concurrent.LinkedBlockingDeque.take(LinkedBlockingDeque.java:680)
        at java.util.concurrent.ThreadPoolExecutor.getTask(ThreadPoolExecutor.java:1074)
        at java.util.concurrent.ThreadPoolExecutor.runWorker(ThreadPoolExecutor.java:1134)
        at java.util.concurrent.ThreadPoolExecutor$Worker.run(ThreadPoolExecutor.java:624)
        at java.lang.Thread.run(Thread.java:750)
"OverReplicatedProcessor" daemon prio=5 tid=2700 timed_waiting
java.lang.Thread.State: TIMED_WAITING
        at java.lang.Object.wait(Native Method)
        at org.apache.hadoop.hdds.scm.container.replication.UnhealthyReplicationProcessor.run(UnhealthyReplicationProcessor.java:174)
        at java.lang.Thread.run(Thread.java:750)
"IPC Server handler 17 on default port 15107" daemon prio=5 tid=2846 timed_waiting
java.lang.Thread.State: TIMED_WAITING
        at sun.misc.Unsafe.park(Native Method)
        at java.util.concurrent.locks.LockSupport.parkNanos(LockSupport.java:215)
        at java.util.concurrent.locks.AbstractQueuedSynchronizer$ConditionObject.awaitNanos(AbstractQueuedSynchronizer.java:2078)
        at java.util.concurrent.LinkedBlockingQueue.poll(LinkedBlockingQueue.java:467)
        at org.apache.hadoop.ipc.CallQueueManager.take(CallQueueManager.java:317)
        at org.apache.hadoop.ipc.Server$Handler.run(Server.java:3014)
"StaleRecoveringContainerScrubbingService#6" daemon prio=5 tid=3764 in Object.wait()
java.lang.Thread.State: WAITING (on object monitor)
        at sun.misc.Unsafe.park(Native Method)
        at java.util.concurrent.locks.LockSupport.park(LockSupport.java:175)
        at java.util.concurrent.locks.AbstractQueuedSynchronizer$ConditionObject.await(AbstractQueuedSynchronizer.java:2039)
        at java.util.concurrent.ScheduledThreadPoolExecutor$DelayedWorkQueue.take(ScheduledThreadPoolExecutor.java:1088)
        at java.util.concurrent.ScheduledThreadPoolExecutor$DelayedWorkQueue.take(ScheduledThreadPoolExecutor.java:809)
        at java.util.concurrent.ThreadPoolExecutor.getTask(ThreadPoolExecutor.java:1074)
        at java.util.concurrent.ThreadPoolExecutor.runWorker(ThreadPoolExecutor.java:1134)
        at java.util.concurrent.ThreadPoolExecutor$Worker.run(ThreadPoolExecutor.java:624)
        at java.lang.Thread.run(Thread.java:750)
"qtp326450405-3802" daemon prio=5 tid=3802 timed_waiting
java.lang.Thread.State: TIMED_WAITING
        at sun.misc.Unsafe.park(Native Method)
        at java.util.concurrent.locks.LockSupport.parkNanos(LockSupport.java:215)
        at java.util.concurrent.locks.AbstractQueuedSynchronizer$ConditionObject.awaitNanos(AbstractQueuedSynchronizer.java:2078)
        at org.eclipse.jetty.util.BlockingArrayQueue.poll(BlockingArrayQueue.java:382)
        at org.eclipse.jetty.util.thread.QueuedThreadPool$Runner.idleJobPoll(QueuedThreadPool.java:974)
        at org.eclipse.jetty.util.thread.QueuedThreadPool$Runner.run(QueuedThreadPool.java:1018)
        at java.lang.Thread.run(Thread.java:750)
"IPC Server handler 93 on default port 15106" daemon prio=5 tid=2822 timed_waiting
java.lang.Thread.State: TIMED_WAITING
        at sun.misc.Unsafe.park(Native Method)
        at java.util.concurrent.locks.LockSupport.parkNanos(LockSupport.java:215)
        at java.util.concurrent.locks.AbstractQueuedSynchronizer$ConditionObject.awaitNanos(AbstractQueuedSynchronizer.java:2078)
        at java.util.concurrent.LinkedBlockingQueue.poll(LinkedBlockingQueue.java:467)
        at org.apache.hadoop.ipc.CallQueueManager.take(CallQueueManager.java:317)
        at org.apache.hadoop.ipc.Server$Handler.run(Server.java:3014)
"ContainerMetadataScanner" daemon prio=5 tid=3270 timed_waiting
java.lang.Thread.State: TIMED_WAITING
        at java.lang.Thread.sleep(Native Method)
        at org.apache.hadoop.ozone.container.ozoneimpl.AbstractBackgroundContainerScanner.handleRemainingSleep(AbstractBackgroundContainerScanner.java:131)
        at org.apache.hadoop.ozone.container.ozoneimpl.AbstractBackgroundContainerScanner.runIteration(AbstractBackgroundContainerScanner.java:98)
        at org.apache.hadoop.ozone.container.ozoneimpl.AbstractBackgroundContainerScanner.run(AbstractBackgroundContainerScanner.java:57)
"6cf56e53-88cb-4022-bd56-d9b5c4d884ee-CommandProcessorThread" daemon prio=5 tid=3817 timed_waiting
java.lang.Thread.State: TIMED_WAITING
        at java.lang.Thread.sleep(Native Method)
        at org.apache.hadoop.ozone.container.common.statemachine.DatanodeStateMachine.lambda$initCommandHandlerThread$4(DatanodeStateMachine.java:684)
        at org.apache.hadoop.ozone.container.common.statemachine.DatanodeStateMachine$$Lambda$1201/678165633.run(Unknown Source)
        at java.lang.Thread.run(Thread.java:750)
"PartialTableCache-Cleanup-0" daemon prio=5 tid=1122 in Object.wait()
java.lang.Thread.State: WAITING (on object monitor)
        at sun.misc.Unsafe.park(Native Method)
        at java.util.concurrent.locks.LockSupport.park(LockSupport.java:175)
        at java.util.concurrent.locks.AbstractQueuedSynchronizer$ConditionObject.await(AbstractQueuedSynchronizer.java:2039)
        at java.util.concurrent.LinkedBlockingQueue.take(LinkedBlockingQueue.java:442)
        at java.util.concurrent.ThreadPoolExecutor.getTask(ThreadPoolExecutor.java:1074)
        at java.util.concurrent.ThreadPoolExecutor.runWorker(ThreadPoolExecutor.java:1134)
        at java.util.concurrent.ThreadPoolExecutor$Worker.run(ThreadPoolExecutor.java:624)
        at java.lang.Thread.run(Thread.java:750)
"IPC Server handler 99 on default port 15106" daemon prio=5 tid=2828 timed_waiting
java.lang.Thread.State: TIMED_WAITING
        at sun.misc.Unsafe.park(Native Method)
        at java.util.concurrent.locks.LockSupport.parkNanos(LockSupport.java:215)
        at java.util.concurrent.locks.AbstractQueuedSynchronizer$ConditionObject.awaitNanos(AbstractQueuedSynchronizer.java:2078)
        at java.util.concurrent.LinkedBlockingQueue.poll(LinkedBlockingQueue.java:467)
        at org.apache.hadoop.ipc.CallQueueManager.take(CallQueueManager.java:317)
        at org.apache.hadoop.ipc.Server$Handler.run(Server.java:3014)
"IPC Server handler 33 on default port 15106" daemon prio=5 tid=2762 timed_waiting
java.lang.Thread.State: TIMED_WAITING
        at sun.misc.Unsafe.park(Native Method)
        at java.util.concurrent.locks.LockSupport.parkNanos(LockSupport.java:215)
        at java.util.concurrent.locks.AbstractQueuedSynchronizer$ConditionObject.awaitNanos(AbstractQueuedSynchronizer.java:2078)
        at java.util.concurrent.LinkedBlockingQueue.poll(LinkedBlockingQueue.java:467)
        at org.apache.hadoop.ipc.CallQueueManager.take(CallQueueManager.java:317)
        at org.apache.hadoop.ipc.Server$Handler.run(Server.java:3014)
"33d4fa9a-f1b5-45a2-9ce3-43c86fd82df2@group-77AD9CB52074-cacheEviction-AwaitToRun" daemon prio=5 tid=3658 in Object.wait()
java.lang.Thread.State: WAITING (on object monitor)
        at sun.misc.Unsafe.park(Native Method)
        at java.util.concurrent.locks.LockSupport.park(LockSupport.java:175)
        at java.util.concurrent.locks.AbstractQueuedSynchronizer$ConditionObject.await(AbstractQueuedSynchronizer.java:2039)
        at org.apache.ratis.util.AwaitForSignal.await(AwaitForSignal.java:48)
        at org.apache.ratis.util.AwaitToRun$RunnableImpl.run(AwaitToRun.java:47)
        at java.lang.Thread.run(Thread.java:750)
"33d4fa9a-f1b5-45a2-9ce3-43c86fd82df2@group-0B323A473FB2-SegmentedRaftLogWorker" daemon prio=5 tid=3630 timed_waiting
java.lang.Thread.State: TIMED_WAITING
        at sun.misc.Unsafe.park(Native Method)
        at java.util.concurrent.locks.LockSupport.parkNanos(LockSupport.java:215)
        at java.util.concurrent.locks.AbstractQueuedSynchronizer$ConditionObject.awaitNanos(AbstractQueuedSynchronizer.java:2078)
        at org.apache.ratis.util.DataBlockingQueue.poll(DataBlockingQueue.java:148)
        at org.apache.ratis.server.raftlog.segmented.SegmentedRaftLogWorker.run(SegmentedRaftLogWorker.java:299)
        at org.apache.ratis.server.raftlog.segmented.SegmentedRaftLogWorker$$Lambda$1079/927089352.run(Unknown Source)
        at java.util.concurrent.Executors$RunnableAdapter.call(Executors.java:511)
        at java.util.concurrent.FutureTask.run(FutureTask.java:266)
        at java.util.concurrent.ThreadPoolExecutor.runWorker(ThreadPoolExecutor.java:1149)
        at java.util.concurrent.ThreadPoolExecutor$Worker.run(ThreadPoolExecutor.java:624)
        at java.lang.Thread.run(Thread.java:750)
"IPC Server handler 36 on default port 15106" daemon prio=5 tid=2765 timed_waiting
java.lang.Thread.State: TIMED_WAITING
        at sun.misc.Unsafe.park(Native Method)
        at java.util.concurrent.locks.LockSupport.parkNanos(LockSupport.java:215)
        at java.util.concurrent.locks.AbstractQueuedSynchronizer$ConditionObject.awaitNanos(AbstractQueuedSynchronizer.java:2078)
        at java.util.concurrent.LinkedBlockingQueue.poll(LinkedBlockingQueue.java:467)
        at org.apache.hadoop.ipc.CallQueueManager.take(CallQueueManager.java:317)
        at org.apache.hadoop.ipc.Server$Handler.run(Server.java:3014)
"80370d78-c36f-4d75-b7cb-6753407b0dff-ChunkWriter-0-0" daemon prio=5 tid=3326 in Object.wait()
java.lang.Thread.State: WAITING (on object monitor)
        at sun.misc.Unsafe.park(Native Method)
        at java.util.concurrent.locks.LockSupport.park(LockSupport.java:175)
        at java.util.concurrent.locks.AbstractQueuedSynchronizer$ConditionObject.await(AbstractQueuedSynchronizer.java:2039)
        at java.util.concurrent.LinkedBlockingDeque.takeFirst(LinkedBlockingDeque.java:492)
        at java.util.concurrent.LinkedBlockingDeque.take(LinkedBlockingDeque.java:680)
        at java.util.concurrent.ThreadPoolExecutor.getTask(ThreadPoolExecutor.java:1074)
        at java.util.concurrent.ThreadPoolExecutor.runWorker(ThreadPoolExecutor.java:1134)
        at java.util.concurrent.ThreadPoolExecutor$Worker.run(ThreadPoolExecutor.java:624)
        at java.lang.Thread.run(Thread.java:750)
"a45323a7-bc80-446e-b427-0ffb34a72641-DatanodeReportManager-2" daemon prio=5 tid=3209 in Object.wait()
java.lang.Thread.State: WAITING (on object monitor)
        at sun.misc.Unsafe.park(Native Method)
        at java.util.concurrent.locks.LockSupport.park(LockSupport.java:175)
        at java.util.concurrent.locks.AbstractQueuedSynchronizer$ConditionObject.await(AbstractQueuedSynchronizer.java:2039)
        at java.util.concurrent.ScheduledThreadPoolExecutor$DelayedWorkQueue.take(ScheduledThreadPoolExecutor.java:1088)
        at java.util.concurrent.ScheduledThreadPoolExecutor$DelayedWorkQueue.take(ScheduledThreadPoolExecutor.java:809)
        at java.util.concurrent.ThreadPoolExecutor.getTask(ThreadPoolExecutor.java:1074)
        at java.util.concurrent.ThreadPoolExecutor.runWorker(ThreadPoolExecutor.java:1134)
        at java.util.concurrent.ThreadPoolExecutor$Worker.run(ThreadPoolExecutor.java:624)
        at java.lang.Thread.run(Thread.java:750)
"80370d78-c36f-4d75-b7cb-6753407b0dff-server-thread3" daemon prio=5 tid=3733 timed_waiting
java.lang.Thread.State: TIMED_WAITING
        at sun.misc.Unsafe.park(Native Method)
        at java.util.concurrent.locks.LockSupport.parkNanos(LockSupport.java:215)
        at java.util.concurrent.SynchronousQueue$TransferStack.awaitFulfill(SynchronousQueue.java:460)
        at java.util.concurrent.SynchronousQueue$TransferStack.transfer(SynchronousQueue.java:362)
        at java.util.concurrent.SynchronousQueue.poll(SynchronousQueue.java:941)
        at java.util.concurrent.ThreadPoolExecutor.getTask(ThreadPoolExecutor.java:1073)
        at java.util.concurrent.ThreadPoolExecutor.runWorker(ThreadPoolExecutor.java:1134)
        at java.util.concurrent.ThreadPoolExecutor$Worker.run(ThreadPoolExecutor.java:624)
        at java.lang.Thread.run(Thread.java:750)
"IPC Server handler 93 on default port 15107" daemon prio=5 tid=2922 timed_waiting
java.lang.Thread.State: TIMED_WAITING
        at sun.misc.Unsafe.park(Native Method)
        at java.util.concurrent.locks.LockSupport.parkNanos(LockSupport.java:215)
        at java.util.concurrent.locks.AbstractQueuedSynchronizer$ConditionObject.awaitNanos(AbstractQueuedSynchronizer.java:2078)
        at java.util.concurrent.LinkedBlockingQueue.poll(LinkedBlockingQueue.java:467)
        at org.apache.hadoop.ipc.CallQueueManager.take(CallQueueManager.java:317)
        at org.apache.hadoop.ipc.Server$Handler.run(Server.java:3014)
"FullTableCache-Cleanup-0" daemon prio=5 tid=882 in Object.wait()
java.lang.Thread.State: WAITING (on object monitor)
        at sun.misc.Unsafe.park(Native Method)
        at java.util.concurrent.locks.LockSupport.park(LockSupport.java:175)
        at java.util.concurrent.locks.AbstractQueuedSynchronizer$ConditionObject.await(AbstractQueuedSynchronizer.java:2039)
        at java.util.concurrent.LinkedBlockingQueue.take(LinkedBlockingQueue.java:442)
        at java.util.concurrent.ThreadPoolExecutor.getTask(ThreadPoolExecutor.java:1074)
        at java.util.concurrent.ThreadPoolExecutor.runWorker(ThreadPoolExecutor.java:1134)
        at java.util.concurrent.ThreadPoolExecutor$Worker.run(ThreadPoolExecutor.java:624)
        at java.lang.Thread.run(Thread.java:750)
"qtp1284879016-3221-acceptor-0@1c139a2e-ServerConnector@61f48738{HTTP/1.1, (http/1.1)}{0.0.0.0:15151}" daemon prio=3 tid=3221 runnable
java.lang.Thread.State: RUNNABLE
        at sun.nio.ch.ServerSocketChannelImpl.accept0(Native Method)
        at sun.nio.ch.ServerSocketChannelImpl.accept(ServerSocketChannelImpl.java:421)
        at sun.nio.ch.ServerSocketChannelImpl.accept(ServerSocketChannelImpl.java:249)
        at org.eclipse.jetty.server.ServerConnector.accept(ServerConnector.java:388)
        at org.eclipse.jetty.server.AbstractConnector$Acceptor.run(AbstractConnector.java:704)
        at org.eclipse.jetty.util.thread.QueuedThreadPool.runJob(QueuedThreadPool.java:883)
        at org.eclipse.jetty.util.thread.QueuedThreadPool$Runner.run(QueuedThreadPool.java:1034)
        at java.lang.Thread.run(Thread.java:750)
"33d4fa9a-f1b5-45a2-9ce3-43c86fd82df2@group-0B323A473FB2-cacheEviction-AwaitToRun" daemon prio=5 tid=3629 in Object.wait()
java.lang.Thread.State: WAITING (on object monitor)
        at sun.misc.Unsafe.park(Native Method)
        at java.util.concurrent.locks.LockSupport.park(LockSupport.java:175)
        at java.util.concurrent.locks.AbstractQueuedSynchronizer$ConditionObject.await(AbstractQueuedSynchronizer.java:2039)
        at org.apache.ratis.util.AwaitForSignal.await(AwaitForSignal.java:48)
        at org.apache.ratis.util.AwaitToRun$RunnableImpl.run(AwaitToRun.java:47)
        at java.lang.Thread.run(Thread.java:750)
"33d4fa9a-f1b5-45a2-9ce3-43c86fd82df2-BlockDeletingService#1" daemon prio=5 tid=3281 in Object.wait()
java.lang.Thread.State: WAITING (on object monitor)
        at sun.misc.Unsafe.park(Native Method)
        at java.util.concurrent.locks.LockSupport.park(LockSupport.java:175)
        at java.util.concurrent.locks.AbstractQueuedSynchronizer$ConditionObject.await(AbstractQueuedSynchronizer.java:2039)
        at java.util.concurrent.ScheduledThreadPoolExecutor$DelayedWorkQueue.take(ScheduledThreadPoolExecutor.java:1088)
        at java.util.concurrent.ScheduledThreadPoolExecutor$DelayedWorkQueue.take(ScheduledThreadPoolExecutor.java:809)
        at java.util.concurrent.ThreadPoolExecutor.getTask(ThreadPoolExecutor.java:1074)
        at java.util.concurrent.ThreadPoolExecutor.runWorker(ThreadPoolExecutor.java:1134)
        at java.util.concurrent.ThreadPoolExecutor$Worker.run(ThreadPoolExecutor.java:624)
        at java.lang.Thread.run(Thread.java:750)
"qtp1284879016-3222" daemon prio=5 tid=3222 timed_waiting
java.lang.Thread.State: TIMED_WAITING
        at sun.misc.Unsafe.park(Native Method)
        at java.util.concurrent.locks.LockSupport.parkNanos(LockSupport.java:215)
        at java.util.concurrent.locks.AbstractQueuedSynchronizer$ConditionObject.awaitNanos(AbstractQueuedSynchronizer.java:2078)
        at org.eclipse.jetty.util.BlockingArrayQueue.poll(BlockingArrayQueue.java:382)
        at org.eclipse.jetty.util.thread.QueuedThreadPool$Runner.idleJobPoll(QueuedThreadPool.java:974)
        at org.eclipse.jetty.util.thread.QueuedThreadPool$Runner.run(QueuedThreadPool.java:1018)
        at java.lang.Thread.run(Thread.java:750)
"IPC Server handler 58 on default port 15107" daemon prio=5 tid=2887 timed_waiting
java.lang.Thread.State: TIMED_WAITING
        at sun.misc.Unsafe.park(Native Method)
        at java.util.concurrent.locks.LockSupport.parkNanos(LockSupport.java:215)
        at java.util.concurrent.locks.AbstractQueuedSynchronizer$ConditionObject.awaitNanos(AbstractQueuedSynchronizer.java:2078)
        at java.util.concurrent.LinkedBlockingQueue.poll(LinkedBlockingQueue.java:467)
        at org.apache.hadoop.ipc.CallQueueManager.take(CallQueueManager.java:317)
        at org.apache.hadoop.ipc.Server$Handler.run(Server.java:3014)
"Hadoop-Metrics-Updater-0" daemon prio=5 tid=3054 timed_waiting
java.lang.Thread.State: TIMED_WAITING
        at sun.misc.Unsafe.park(Native Method)
        at java.util.concurrent.locks.LockSupport.parkNanos(LockSupport.java:215)
        at java.util.concurrent.locks.AbstractQueuedSynchronizer$ConditionObject.awaitNanos(AbstractQueuedSynchronizer.java:2078)
        at java.util.concurrent.ScheduledThreadPoolExecutor$DelayedWorkQueue.take(ScheduledThreadPoolExecutor.java:1093)
        at java.util.concurrent.ScheduledThreadPoolExecutor$DelayedWorkQueue.take(ScheduledThreadPoolExecutor.java:809)
        at java.util.concurrent.ThreadPoolExecutor.getTask(ThreadPoolExecutor.java:1074)
        at java.util.concurrent.ThreadPoolExecutor.runWorker(ThreadPoolExecutor.java:1134)
        at java.util.concurrent.ThreadPoolExecutor$Worker.run(ThreadPoolExecutor.java:624)
        at java.lang.Thread.run(Thread.java:750)
"IPC Server handler 61 on default port 15107" daemon prio=5 tid=2890 timed_waiting
java.lang.Thread.State: TIMED_WAITING
        at sun.misc.Unsafe.park(Native Method)
        at java.util.concurrent.locks.LockSupport.parkNanos(LockSupport.java:215)
        at java.util.concurrent.locks.AbstractQueuedSynchronizer$ConditionObject.awaitNanos(AbstractQueuedSynchronizer.java:2078)
        at java.util.concurrent.LinkedBlockingQueue.poll(LinkedBlockingQueue.java:467)
        at org.apache.hadoop.ipc.CallQueueManager.take(CallQueueManager.java:317)
        at org.apache.hadoop.ipc.Server$Handler.run(Server.java:3014)
"IPC Server handler 2 on default port 15108" daemon prio=5 tid=2931 timed_waiting
java.lang.Thread.State: TIMED_WAITING
        at sun.misc.Unsafe.park(Native Method)
        at java.util.concurrent.locks.LockSupport.parkNanos(LockSupport.java:215)
        at java.util.concurrent.locks.AbstractQueuedSynchronizer$ConditionObject.awaitNanos(AbstractQueuedSynchronizer.java:2078)
        at java.util.concurrent.LinkedBlockingQueue.poll(LinkedBlockingQueue.java:467)
        at org.apache.hadoop.ipc.CallQueueManager.take(CallQueueManager.java:317)
        at org.apache.hadoop.ipc.Server$Handler.run(Server.java:3014)
"IPC Server handler 31 on default port 15107" daemon prio=5 tid=2860 timed_waiting
java.lang.Thread.State: TIMED_WAITING
        at sun.misc.Unsafe.park(Native Method)
        at java.util.concurrent.locks.LockSupport.parkNanos(LockSupport.java:215)
        at java.util.concurrent.locks.AbstractQueuedSynchronizer$ConditionObject.awaitNanos(AbstractQueuedSynchronizer.java:2078)
        at java.util.concurrent.LinkedBlockingQueue.poll(LinkedBlockingQueue.java:467)
        at org.apache.hadoop.ipc.CallQueueManager.take(CallQueueManager.java:317)
        at org.apache.hadoop.ipc.Server$Handler.run(Server.java:3014)
"80370d78-c36f-4d75-b7cb-6753407b0dff@group-9A8D2995D9A7-StateMachineUpdater" daemon prio=5 tid=3453 timed_waiting
java.lang.Thread.State: TIMED_WAITING
        at sun.misc.Unsafe.park(Native Method)
        at java.util.concurrent.locks.LockSupport.parkNanos(LockSupport.java:215)
        at java.util.concurrent.locks.AbstractQueuedSynchronizer$ConditionObject.await(AbstractQueuedSynchronizer.java:2163)
        at org.apache.ratis.util.AwaitForSignal.await(AwaitForSignal.java:65)
        at org.apache.ratis.server.impl.StateMachineUpdater.waitForCommit(StateMachineUpdater.java:211)
        at org.apache.ratis.server.impl.StateMachineUpdater.run(StateMachineUpdater.java:180)
        at java.lang.Thread.run(Thread.java:750)
"IPC Server handler 17 on default port 15110" daemon prio=5 tid=3099 timed_waiting
java.lang.Thread.State: TIMED_WAITING
        at sun.misc.Unsafe.park(Native Method)
        at java.util.concurrent.locks.LockSupport.parkNanos(LockSupport.java:215)
        at java.util.concurrent.locks.AbstractQueuedSynchronizer$ConditionObject.awaitNanos(AbstractQueuedSynchronizer.java:2078)
        at java.util.concurrent.LinkedBlockingQueue.poll(LinkedBlockingQueue.java:467)
        at org.apache.hadoop.ipc.CallQueueManager.take(CallQueueManager.java:317)
        at org.apache.hadoop.ipc.Server$Handler.run(Server.java:3014)
"6cf56e53-88cb-4022-bd56-d9b5c4d884ee-ChunkWriter-1-0" daemon prio=5 tid=3828 in Object.wait()
java.lang.Thread.State: WAITING (on object monitor)
        at sun.misc.Unsafe.park(Native Method)
        at java.util.concurrent.locks.LockSupport.park(LockSupport.java:175)
        at java.util.concurrent.locks.AbstractQueuedSynchronizer$ConditionObject.await(AbstractQueuedSynchronizer.java:2039)
        at java.util.concurrent.LinkedBlockingDeque.takeFirst(LinkedBlockingDeque.java:492)
        at java.util.concurrent.LinkedBlockingDeque.take(LinkedBlockingDeque.java:680)
        at java.util.concurrent.ThreadPoolExecutor.getTask(ThreadPoolExecutor.java:1074)
        at java.util.concurrent.ThreadPoolExecutor.runWorker(ThreadPoolExecutor.java:1134)
        at java.util.concurrent.ThreadPoolExecutor$Worker.run(ThreadPoolExecutor.java:624)
        at java.lang.Thread.run(Thread.java:750)
"DatanodeAdminManager-0" daemon prio=5 tid=2701 timed_waiting
java.lang.Thread.State: TIMED_WAITING
        at sun.misc.Unsafe.park(Native Method)
        at java.util.concurrent.locks.LockSupport.parkNanos(LockSupport.java:215)
        at java.util.concurrent.locks.AbstractQueuedSynchronizer$ConditionObject.awaitNanos(AbstractQueuedSynchronizer.java:2078)
        at java.util.concurrent.ScheduledThreadPoolExecutor$DelayedWorkQueue.take(ScheduledThreadPoolExecutor.java:1093)
        at java.util.concurrent.ScheduledThreadPoolExecutor$DelayedWorkQueue.take(ScheduledThreadPoolExecutor.java:809)
        at java.util.concurrent.ThreadPoolExecutor.getTask(ThreadPoolExecutor.java:1074)
        at java.util.concurrent.ThreadPoolExecutor.runWorker(ThreadPoolExecutor.java:1134)
        at java.util.concurrent.ThreadPoolExecutor$Worker.run(ThreadPoolExecutor.java:624)
        at java.lang.Thread.run(Thread.java:750)
"80370d78-c36f-4d75-b7cb-6753407b0dff@group-0B323A473FB2-StateMachineUpdater" daemon prio=5 tid=3621 timed_waiting
java.lang.Thread.State: TIMED_WAITING
        at sun.misc.Unsafe.park(Native Method)
        at java.util.concurrent.locks.LockSupport.parkNanos(LockSupport.java:215)
        at java.util.concurrent.locks.AbstractQueuedSynchronizer$ConditionObject.await(AbstractQueuedSynchronizer.java:2163)
        at org.apache.ratis.util.AwaitForSignal.await(AwaitForSignal.java:65)
        at org.apache.ratis.server.impl.StateMachineUpdater.waitForCommit(StateMachineUpdater.java:211)
        at org.apache.ratis.server.impl.StateMachineUpdater.run(StateMachineUpdater.java:180)
        at java.lang.Thread.run(Thread.java:750)
"FixedThreadPoolWithAffinityExecutor-8-0" daemon prio=5 tid=2725 timed_waiting
java.lang.Thread.State: TIMED_WAITING
        at sun.misc.Unsafe.park(Native Method)
        at java.util.concurrent.locks.LockSupport.parkNanos(LockSupport.java:215)
        at java.util.concurrent.locks.AbstractQueuedSynchronizer$ConditionObject.awaitNanos(AbstractQueuedSynchronizer.java:2078)
        at java.util.concurrent.LinkedBlockingQueue.poll(LinkedBlockingQueue.java:467)
        at org.apache.hadoop.hdds.scm.server.ContainerReportQueue.poll(ContainerReportQueue.java:269)
        at org.apache.hadoop.hdds.scm.server.ContainerReportQueue.poll(ContainerReportQueue.java:42)
        at org.apache.hadoop.hdds.server.events.FixedThreadPoolWithAffinityExecutor$ContainerReportProcessTask.run(FixedThreadPoolWithAffinityExecutor.java:253)
        at java.util.concurrent.Executors$RunnableAdapter.call(Executors.java:511)
        at java.util.concurrent.FutureTask.run(FutureTask.java:266)
        at java.util.concurrent.ThreadPoolExecutor.runWorker(ThreadPoolExecutor.java:1149)
        at java.util.concurrent.ThreadPoolExecutor$Worker.run(ThreadPoolExecutor.java:624)
        at java.lang.Thread.run(Thread.java:750)
"StaleRecoveringContainerScrubbingService#5" daemon prio=5 tid=3753 in Object.wait()
java.lang.Thread.State: WAITING (on object monitor)
        at sun.misc.Unsafe.park(Native Method)
        at java.util.concurrent.locks.LockSupport.park(LockSupport.java:175)
        at java.util.concurrent.locks.AbstractQueuedSynchronizer$ConditionObject.await(AbstractQueuedSynchronizer.java:2039)
        at java.util.concurrent.ScheduledThreadPoolExecutor$DelayedWorkQueue.take(ScheduledThreadPoolExecutor.java:1088)
        at java.util.concurrent.ScheduledThreadPoolExecutor$DelayedWorkQueue.take(ScheduledThreadPoolExecutor.java:809)
        at java.util.concurrent.ThreadPoolExecutor.getTask(ThreadPoolExecutor.java:1074)
        at java.util.concurrent.ThreadPoolExecutor.runWorker(ThreadPoolExecutor.java:1134)
        at java.util.concurrent.ThreadPoolExecutor$Worker.run(ThreadPoolExecutor.java:624)
        at java.lang.Thread.run(Thread.java:750)
"IPC Server handler 23 on default port 15108" daemon prio=5 tid=2952 timed_waiting
java.lang.Thread.State: TIMED_WAITING
        at sun.misc.Unsafe.park(Native Method)
        at java.util.concurrent.locks.LockSupport.parkNanos(LockSupport.java:215)
        at java.util.concurrent.locks.AbstractQueuedSynchronizer$ConditionObject.awaitNanos(AbstractQueuedSynchronizer.java:2078)
        at java.util.concurrent.LinkedBlockingQueue.poll(LinkedBlockingQueue.java:467)
        at org.apache.hadoop.ipc.CallQueueManager.take(CallQueueManager.java:317)
        at org.apache.hadoop.ipc.Server$Handler.run(Server.java:3014)
"9387e6e8-bf6d-4d10-9dc1-f1bd05fc02cf-BlockDeletingService#2" daemon prio=5 tid=3596 timed_waiting
java.lang.Thread.State: TIMED_WAITING
        at sun.misc.Unsafe.park(Native Method)
        at java.util.concurrent.locks.LockSupport.parkNanos(LockSupport.java:215)
        at java.util.concurrent.locks.AbstractQueuedSynchronizer$ConditionObject.awaitNanos(AbstractQueuedSynchronizer.java:2078)
        at java.util.concurrent.ScheduledThreadPoolExecutor$DelayedWorkQueue.take(ScheduledThreadPoolExecutor.java:1093)
        at java.util.concurrent.ScheduledThreadPoolExecutor$DelayedWorkQueue.take(ScheduledThreadPoolExecutor.java:809)
        at java.util.concurrent.ThreadPoolExecutor.getTask(ThreadPoolExecutor.java:1074)
        at java.util.concurrent.ThreadPoolExecutor.runWorker(ThreadPoolExecutor.java:1134)
        at java.util.concurrent.ThreadPoolExecutor$Worker.run(ThreadPoolExecutor.java:624)
        at java.lang.Thread.run(Thread.java:750)
"IPC Server handler 53 on default port 15108" daemon prio=5 tid=2982 timed_waiting
java.lang.Thread.State: TIMED_WAITING
        at sun.misc.Unsafe.park(Native Method)
        at java.util.concurrent.locks.LockSupport.parkNanos(LockSupport.java:215)
        at java.util.concurrent.locks.AbstractQueuedSynchronizer$ConditionObject.awaitNanos(AbstractQueuedSynchronizer.java:2078)
        at java.util.concurrent.LinkedBlockingQueue.poll(LinkedBlockingQueue.java:467)
        at org.apache.hadoop.ipc.CallQueueManager.take(CallQueueManager.java:317)
        at org.apache.hadoop.ipc.Server$Handler.run(Server.java:3014)
"IPC Server handler 14 on default port 15106" daemon prio=5 tid=2743 timed_waiting
java.lang.Thread.State: TIMED_WAITING
        at sun.misc.Unsafe.park(Native Method)
        at java.util.concurrent.locks.LockSupport.parkNanos(LockSupport.java:215)
        at java.util.concurrent.locks.AbstractQueuedSynchronizer$ConditionObject.awaitNanos(AbstractQueuedSynchronizer.java:2078)
        at java.util.concurrent.LinkedBlockingQueue.poll(LinkedBlockingQueue.java:467)
        at org.apache.hadoop.ipc.CallQueueManager.take(CallQueueManager.java:317)
        at org.apache.hadoop.ipc.Server$Handler.run(Server.java:3014)
"EventQueue-DatanodeCommandForSCMNodeManager"  prio=5 tid=3341 in Object.wait()
java.lang.Thread.State: WAITING (on object monitor)
        at sun.misc.Unsafe.park(Native Method)
        at java.util.concurrent.locks.LockSupport.park(LockSupport.java:175)
        at java.util.concurrent.locks.AbstractQueuedSynchronizer$ConditionObject.await(AbstractQueuedSynchronizer.java:2039)
        at java.util.concurrent.LinkedBlockingQueue.take(LinkedBlockingQueue.java:442)
        at java.util.concurrent.ThreadPoolExecutor.getTask(ThreadPoolExecutor.java:1074)
        at java.util.concurrent.ThreadPoolExecutor.runWorker(ThreadPoolExecutor.java:1134)
        at java.util.concurrent.ThreadPoolExecutor$Worker.run(ThreadPoolExecutor.java:624)
        at java.lang.Thread.run(Thread.java:750)
"9387e6e8-bf6d-4d10-9dc1-f1bd05fc02cf-PeriodicHDDSVolumeChecker" daemon prio=5 tid=3249 timed_waiting
java.lang.Thread.State: TIMED_WAITING
        at sun.misc.Unsafe.park(Native Method)
        at java.util.concurrent.locks.LockSupport.parkNanos(LockSupport.java:215)
        at java.util.concurrent.locks.AbstractQueuedSynchronizer$ConditionObject.awaitNanos(AbstractQueuedSynchronizer.java:2078)
        at java.util.concurrent.ScheduledThreadPoolExecutor$DelayedWorkQueue.take(ScheduledThreadPoolExecutor.java:1093)
        at java.util.concurrent.ScheduledThreadPoolExecutor$DelayedWorkQueue.take(ScheduledThreadPoolExecutor.java:809)
        at java.util.concurrent.ThreadPoolExecutor.getTask(ThreadPoolExecutor.java:1074)
        at java.util.concurrent.ThreadPoolExecutor.runWorker(ThreadPoolExecutor.java:1134)
        at java.util.concurrent.ThreadPoolExecutor$Worker.run(ThreadPoolExecutor.java:624)
        at java.lang.Thread.run(Thread.java:750)
"timer0" daemon prio=5 tid=855 timed_waiting
java.lang.Thread.State: TIMED_WAITING
        at java.lang.Object.wait(Native Method)
        at java.util.TimerThread.mainLoop(Timer.java:552)
        at java.util.TimerThread.run(Timer.java:505)
"9387e6e8-bf6d-4d10-9dc1-f1bd05fc02cf-BlockDeletingService#1" daemon prio=5 tid=3263 in Object.wait()
java.lang.Thread.State: WAITING (on object monitor)
        at sun.misc.Unsafe.park(Native Method)
        at java.util.concurrent.locks.LockSupport.park(LockSupport.java:175)
        at java.util.concurrent.locks.AbstractQueuedSynchronizer$ConditionObject.await(AbstractQueuedSynchronizer.java:2039)
        at java.util.concurrent.ScheduledThreadPoolExecutor$DelayedWorkQueue.take(ScheduledThreadPoolExecutor.java:1088)
        at java.util.concurrent.ScheduledThreadPoolExecutor$DelayedWorkQueue.take(ScheduledThreadPoolExecutor.java:809)
        at java.util.concurrent.ThreadPoolExecutor.getTask(ThreadPoolExecutor.java:1074)
        at java.util.concurrent.ThreadPoolExecutor.runWorker(ThreadPoolExecutor.java:1134)
        at java.util.concurrent.ThreadPoolExecutor$Worker.run(ThreadPoolExecutor.java:624)
        at java.lang.Thread.run(Thread.java:750)
"IPC Server handler 95 on default port 15107" daemon prio=5 tid=2924 timed_waiting
java.lang.Thread.State: TIMED_WAITING
        at sun.misc.Unsafe.park(Native Method)
        at java.util.concurrent.locks.LockSupport.parkNanos(LockSupport.java:215)
        at java.util.concurrent.locks.AbstractQueuedSynchronizer$ConditionObject.awaitNanos(AbstractQueuedSynchronizer.java:2078)
        at java.util.concurrent.LinkedBlockingQueue.poll(LinkedBlockingQueue.java:467)
        at org.apache.hadoop.ipc.CallQueueManager.take(CallQueueManager.java:317)
        at org.apache.hadoop.ipc.Server$Handler.run(Server.java:3014)
"80370d78-c36f-4d75-b7cb-6753407b0dff-BlockDeletingService#8" daemon prio=5 tid=3923 in Object.wait()
java.lang.Thread.State: WAITING (on object monitor)
        at sun.misc.Unsafe.park(Native Method)
        at java.util.concurrent.locks.LockSupport.park(LockSupport.java:175)
        at java.util.concurrent.locks.AbstractQueuedSynchronizer$ConditionObject.await(AbstractQueuedSynchronizer.java:2039)
        at java.util.concurrent.ScheduledThreadPoolExecutor$DelayedWorkQueue.take(ScheduledThreadPoolExecutor.java:1088)
        at java.util.concurrent.ScheduledThreadPoolExecutor$DelayedWorkQueue.take(ScheduledThreadPoolExecutor.java:809)
        at java.util.concurrent.ThreadPoolExecutor.getTask(ThreadPoolExecutor.java:1074)
        at java.util.concurrent.ThreadPoolExecutor.runWorker(ThreadPoolExecutor.java:1134)
        at java.util.concurrent.ThreadPoolExecutor$Worker.run(ThreadPoolExecutor.java:624)
        at java.lang.Thread.run(Thread.java:750)
"qtp1950245838-3113" daemon prio=5 tid=3113 timed_waiting
java.lang.Thread.State: TIMED_WAITING
        at sun.misc.Unsafe.park(Native Method)
        at java.util.concurrent.locks.LockSupport.parkNanos(LockSupport.java:215)
        at java.util.concurrent.locks.AbstractQueuedSynchronizer$ConditionObject.awaitNanos(AbstractQueuedSynchronizer.java:2078)
        at org.eclipse.jetty.util.BlockingArrayQueue.poll(BlockingArrayQueue.java:382)
        at org.eclipse.jetty.util.thread.QueuedThreadPool$Runner.idleJobPoll(QueuedThreadPool.java:974)
        at org.eclipse.jetty.util.thread.QueuedThreadPool$Runner.run(QueuedThreadPool.java:1018)
        at java.lang.Thread.run(Thread.java:750)
"6cf56e53-88cb-4022-bd56-d9b5c4d884ee-DatanodeReportManager-4" daemon prio=5 tid=3816 timed_waiting
java.lang.Thread.State: TIMED_WAITING
        at sun.misc.Unsafe.park(Native Method)
        at java.util.concurrent.locks.LockSupport.parkNanos(LockSupport.java:215)
        at java.util.concurrent.locks.AbstractQueuedSynchronizer$ConditionObject.awaitNanos(AbstractQueuedSynchronizer.java:2078)
        at java.util.concurrent.ScheduledThreadPoolExecutor$DelayedWorkQueue.take(ScheduledThreadPoolExecutor.java:1093)
        at java.util.concurrent.ScheduledThreadPoolExecutor$DelayedWorkQueue.take(ScheduledThreadPoolExecutor.java:809)
        at java.util.concurrent.ThreadPoolExecutor.getTask(ThreadPoolExecutor.java:1074)
        at java.util.concurrent.ThreadPoolExecutor.runWorker(ThreadPoolExecutor.java:1134)
        at java.util.concurrent.ThreadPoolExecutor$Worker.run(ThreadPoolExecutor.java:624)
        at java.lang.Thread.run(Thread.java:750)
"IPC Server handler 61 on default port 15106" daemon prio=5 tid=2790 timed_waiting
java.lang.Thread.State: TIMED_WAITING
        at sun.misc.Unsafe.park(Native Method)
        at java.util.concurrent.locks.LockSupport.parkNanos(LockSupport.java:215)
        at java.util.concurrent.locks.AbstractQueuedSynchronizer$ConditionObject.awaitNanos(AbstractQueuedSynchronizer.java:2078)
        at java.util.concurrent.LinkedBlockingQueue.poll(LinkedBlockingQueue.java:467)
        at org.apache.hadoop.ipc.CallQueueManager.take(CallQueueManager.java:317)
        at org.apache.hadoop.ipc.Server$Handler.run(Server.java:3014)
"IPC Server handler 11 on default port 15110" daemon prio=5 tid=3093 timed_waiting
java.lang.Thread.State: TIMED_WAITING
        at sun.misc.Unsafe.park(Native Method)
        at java.util.concurrent.locks.LockSupport.parkNanos(LockSupport.java:215)
        at java.util.concurrent.locks.AbstractQueuedSynchronizer$ConditionObject.awaitNanos(AbstractQueuedSynchronizer.java:2078)
        at java.util.concurrent.LinkedBlockingQueue.poll(LinkedBlockingQueue.java:467)
        at org.apache.hadoop.ipc.CallQueueManager.take(CallQueueManager.java:317)
        at org.apache.hadoop.ipc.Server$Handler.run(Server.java:3014)
"IPC Server handler 18 on default port 15108" daemon prio=5 tid=2947 timed_waiting
java.lang.Thread.State: TIMED_WAITING
        at sun.misc.Unsafe.park(Native Method)
        at java.util.concurrent.locks.LockSupport.parkNanos(LockSupport.java:215)
        at java.util.concurrent.locks.AbstractQueuedSynchronizer$ConditionObject.awaitNanos(AbstractQueuedSynchronizer.java:2078)
        at java.util.concurrent.LinkedBlockingQueue.poll(LinkedBlockingQueue.java:467)
        at org.apache.hadoop.ipc.CallQueueManager.take(CallQueueManager.java:317)
        at org.apache.hadoop.ipc.Server$Handler.run(Server.java:3014)
"9387e6e8-bf6d-4d10-9dc1-f1bd05fc02cf-DatanodeStateMachineTaskThread-1"  prio=5 tid=3244 in Object.wait()
java.lang.Thread.State: WAITING (on object monitor)
        at sun.misc.Unsafe.park(Native Method)
        at java.util.concurrent.locks.LockSupport.park(LockSupport.java:175)
        at java.util.concurrent.locks.AbstractQueuedSynchronizer$ConditionObject.await(AbstractQueuedSynchronizer.java:2039)
        at java.util.concurrent.LinkedBlockingQueue.take(LinkedBlockingQueue.java:442)
        at java.util.concurrent.ThreadPoolExecutor.getTask(ThreadPoolExecutor.java:1074)
        at java.util.concurrent.ThreadPoolExecutor.runWorker(ThreadPoolExecutor.java:1134)
        at java.util.concurrent.ThreadPoolExecutor$Worker.run(ThreadPoolExecutor.java:624)
        at java.lang.Thread.run(Thread.java:750)
"grpc-default-worker-ELG-7-4" daemon prio=5 tid=3359 runnable
java.lang.Thread.State: RUNNABLE
        at org.apache.ratis.thirdparty.io.netty.channel.epoll.Native.epollWait0(Native Method)
        at org.apache.ratis.thirdparty.io.netty.channel.epoll.Native.epollWait(Native.java:182)
        at org.apache.ratis.thirdparty.io.netty.channel.epoll.EpollEventLoop.epollWait(EpollEventLoop.java:312)
        at org.apache.ratis.thirdparty.io.netty.channel.epoll.EpollEventLoop.run(EpollEventLoop.java:376)
        at org.apache.ratis.thirdparty.io.netty.util.concurrent.SingleThreadEventExecutor$4.run(SingleThreadEventExecutor.java:997)
        at org.apache.ratis.thirdparty.io.netty.util.internal.ThreadExecutorMap$2.run(ThreadExecutorMap.java:74)
        at org.apache.ratis.thirdparty.io.netty.util.concurrent.FastThreadLocalRunnable.run(FastThreadLocalRunnable.java:30)
        at java.lang.Thread.run(Thread.java:750)
"IPC Server idle connection scanner for port 15107" daemon prio=5 tid=2709 timed_waiting
java.lang.Thread.State: TIMED_WAITING
        at java.lang.Object.wait(Native Method)
        at java.util.TimerThread.mainLoop(Timer.java:552)
        at java.util.TimerThread.run(Timer.java:505)
"IPC Server handler 60 on default port 15108" daemon prio=5 tid=2989 timed_waiting
java.lang.Thread.State: TIMED_WAITING
        at sun.misc.Unsafe.park(Native Method)
        at java.util.concurrent.locks.LockSupport.parkNanos(LockSupport.java:215)
        at java.util.concurrent.locks.AbstractQueuedSynchronizer$ConditionObject.awaitNanos(AbstractQueuedSynchronizer.java:2078)
        at java.util.concurrent.LinkedBlockingQueue.poll(LinkedBlockingQueue.java:467)
        at org.apache.hadoop.ipc.CallQueueManager.take(CallQueueManager.java:317)
        at org.apache.hadoop.ipc.Server$Handler.run(Server.java:3014)
"Socket Reader #1 for port 15116"  prio=5 tid=3117 runnable
java.lang.Thread.State: RUNNABLE
        at sun.nio.ch.EPollArrayWrapper.epollWait(Native Method)
        at sun.nio.ch.EPollArrayWrapper.poll(EPollArrayWrapper.java:269)
        at sun.nio.ch.EPollSelectorImpl.doSelect(EPollSelectorImpl.java:93)
        at sun.nio.ch.SelectorImpl.lockAndDoSelect(SelectorImpl.java:86)
        at sun.nio.ch.SelectorImpl.select(SelectorImpl.java:97)
        at sun.nio.ch.SelectorImpl.select(SelectorImpl.java:101)
        at org.apache.hadoop.ipc.Server$Listener$Reader.doRunLoop(Server.java:1346)
        at org.apache.hadoop.ipc.Server$Listener$Reader.run(Server.java:1325)
"80370d78-c36f-4d75-b7cb-6753407b0dff-BlockDeletingService#5" daemon prio=5 tid=3754 in Object.wait()
java.lang.Thread.State: WAITING (on object monitor)
        at sun.misc.Unsafe.park(Native Method)
        at java.util.concurrent.locks.LockSupport.park(LockSupport.java:175)
        at java.util.concurrent.locks.AbstractQueuedSynchronizer$ConditionObject.await(AbstractQueuedSynchronizer.java:2039)
        at java.util.concurrent.ScheduledThreadPoolExecutor$DelayedWorkQueue.take(ScheduledThreadPoolExecutor.java:1088)
        at java.util.concurrent.ScheduledThreadPoolExecutor$DelayedWorkQueue.take(ScheduledThreadPoolExecutor.java:809)
        at java.util.concurrent.ThreadPoolExecutor.getTask(ThreadPoolExecutor.java:1074)
        at java.util.concurrent.ThreadPoolExecutor.runWorker(ThreadPoolExecutor.java:1134)
        at java.util.concurrent.ThreadPoolExecutor$Worker.run(ThreadPoolExecutor.java:624)
        at java.lang.Thread.run(Thread.java:750)
"timer6" daemon prio=5 tid=854 in Object.wait()
java.lang.Thread.State: WAITING (on object monitor)
        at java.lang.Object.wait(Native Method)
        at java.lang.Object.wait(Object.java:502)
        at java.util.TimerThread.mainLoop(Timer.java:526)
        at java.util.TimerThread.run(Timer.java:505)
"33d4fa9a-f1b5-45a2-9ce3-43c86fd82df2@group-2653268D5246-StateMachineUpdater" daemon prio=5 tid=3384 timed_waiting
java.lang.Thread.State: TIMED_WAITING
        at sun.misc.Unsafe.park(Native Method)
        at java.util.concurrent.locks.LockSupport.parkNanos(LockSupport.java:215)
        at java.util.concurrent.locks.AbstractQueuedSynchronizer$ConditionObject.await(AbstractQueuedSynchronizer.java:2163)
        at org.apache.ratis.util.AwaitForSignal.await(AwaitForSignal.java:65)
        at org.apache.ratis.server.impl.StateMachineUpdater.waitForCommit(StateMachineUpdater.java:211)
        at org.apache.ratis.server.impl.StateMachineUpdater.run(StateMachineUpdater.java:180)
        at java.lang.Thread.run(Thread.java:750)
"a45323a7-bc80-446e-b427-0ffb34a72641-ChunkWriter-2-0" daemon prio=5 tid=3310 in Object.wait()
java.lang.Thread.State: WAITING (on object monitor)
        at sun.misc.Unsafe.park(Native Method)
        at java.util.concurrent.locks.LockSupport.park(LockSupport.java:175)
        at java.util.concurrent.locks.AbstractQueuedSynchronizer$ConditionObject.await(AbstractQueuedSynchronizer.java:2039)
        at java.util.concurrent.LinkedBlockingDeque.takeFirst(LinkedBlockingDeque.java:492)
        at java.util.concurrent.LinkedBlockingDeque.take(LinkedBlockingDeque.java:680)
        at java.util.concurrent.ThreadPoolExecutor.getTask(ThreadPoolExecutor.java:1074)
        at java.util.concurrent.ThreadPoolExecutor.runWorker(ThreadPoolExecutor.java:1134)
        at java.util.concurrent.ThreadPoolExecutor$Worker.run(ThreadPoolExecutor.java:624)
        at java.lang.Thread.run(Thread.java:750)
"IPC Server listener on 15108" daemon prio=5 tid=2702 runnable
java.lang.Thread.State: RUNNABLE
        at sun.nio.ch.EPollArrayWrapper.epollWait(Native Method)
        at sun.nio.ch.EPollArrayWrapper.poll(EPollArrayWrapper.java:269)
        at sun.nio.ch.EPollSelectorImpl.doSelect(EPollSelectorImpl.java:93)
        at sun.nio.ch.SelectorImpl.lockAndDoSelect(SelectorImpl.java:86)
        at sun.nio.ch.SelectorImpl.select(SelectorImpl.java:97)
        at sun.nio.ch.SelectorImpl.select(SelectorImpl.java:101)
        at org.apache.hadoop.ipc.Server$Listener.run(Server.java:1408)
"StaleRecoveringContainerScrubbingService#0" daemon prio=5 tid=3315 in Object.wait()
java.lang.Thread.State: WAITING (on object monitor)
        at sun.misc.Unsafe.park(Native Method)
        at java.util.concurrent.locks.LockSupport.park(LockSupport.java:175)
        at java.util.concurrent.locks.AbstractQueuedSynchronizer$ConditionObject.await(AbstractQueuedSynchronizer.java:2039)
        at java.util.concurrent.ScheduledThreadPoolExecutor$DelayedWorkQueue.take(ScheduledThreadPoolExecutor.java:1088)
        at java.util.concurrent.ScheduledThreadPoolExecutor$DelayedWorkQueue.take(ScheduledThreadPoolExecutor.java:809)
        at java.util.concurrent.ThreadPoolExecutor.getTask(ThreadPoolExecutor.java:1074)
        at java.util.concurrent.ThreadPoolExecutor.runWorker(ThreadPoolExecutor.java:1134)
        at java.util.concurrent.ThreadPoolExecutor$Worker.run(ThreadPoolExecutor.java:624)
        at java.lang.Thread.run(Thread.java:750)
"IPC Server handler 6 on default port 15106" daemon prio=5 tid=2735 timed_waiting
java.lang.Thread.State: TIMED_WAITING
        at sun.misc.Unsafe.park(Native Method)
        at java.util.concurrent.locks.LockSupport.parkNanos(LockSupport.java:215)
        at java.util.concurrent.locks.AbstractQueuedSynchronizer$ConditionObject.awaitNanos(AbstractQueuedSynchronizer.java:2078)
        at java.util.concurrent.LinkedBlockingQueue.poll(LinkedBlockingQueue.java:467)
        at org.apache.hadoop.ipc.CallQueueManager.take(CallQueueManager.java:317)
        at org.apache.hadoop.ipc.Server$Handler.run(Server.java:3014)
"6cf56e53-88cb-4022-bd56-d9b5c4d884ee-impl-thread1"  prio=5 tid=3160 in Object.wait()
java.lang.Thread.State: WAITING (on object monitor)
        at sun.misc.Unsafe.park(Native Method)
        at java.util.concurrent.locks.LockSupport.park(LockSupport.java:175)
        at java.util.concurrent.CompletableFuture$Signaller.block(CompletableFuture.java:1707)
        at java.util.concurrent.ForkJoinPool.managedBlock(ForkJoinPool.java:3323)
        at java.util.concurrent.CompletableFuture.waitingGet(CompletableFuture.java:1742)
        at java.util.concurrent.CompletableFuture.join(CompletableFuture.java:1947)
        at org.apache.ratis.server.impl.RaftServerImpl.lambda$close$3(RaftServerImpl.java:543)
        at org.apache.ratis.server.impl.RaftServerImpl$$Lambda$1915/1335923571.run(Unknown Source)
        at org.apache.ratis.util.LifeCycle.lambda$checkStateAndClose$7(LifeCycle.java:306)
        at org.apache.ratis.util.LifeCycle$$Lambda$1278/1566143848.get(Unknown Source)
        at org.apache.ratis.util.LifeCycle.checkStateAndClose(LifeCycle.java:326)
        at org.apache.ratis.util.LifeCycle.checkStateAndClose(LifeCycle.java:304)
        at org.apache.ratis.server.impl.RaftServerImpl.close(RaftServerImpl.java:525)
        at org.apache.ratis.server.impl.RaftServerProxy$ImplMap.close(RaftServerProxy.java:136)
        at org.apache.ratis.server.impl.RaftServerProxy$ImplMap.lambda$close$0(RaftServerProxy.java:123)
        at org.apache.ratis.server.impl.RaftServerProxy$ImplMap$$Lambda$1914/909820356.accept(Unknown Source)
        at org.apache.ratis.util.ConcurrentUtils.accept(ConcurrentUtils.java:203)
        at org.apache.ratis.util.ConcurrentUtils.lambda$null$4(ConcurrentUtils.java:182)
        at org.apache.ratis.util.ConcurrentUtils$$Lambda$917/147890944.run(Unknown Source)
        at java.util.concurrent.ThreadPoolExecutor.runWorker(ThreadPoolExecutor.java:1149)
        at java.util.concurrent.ThreadPoolExecutor$Worker.run(ThreadPoolExecutor.java:624)
        at java.lang.Thread.run(Thread.java:750)
"IPC Server handler 26 on default port 15106" daemon prio=5 tid=2755 timed_waiting
java.lang.Thread.State: TIMED_WAITING
        at sun.misc.Unsafe.park(Native Method)
        at java.util.concurrent.locks.LockSupport.parkNanos(LockSupport.java:215)
        at java.util.concurrent.locks.AbstractQueuedSynchronizer$ConditionObject.awaitNanos(AbstractQueuedSynchronizer.java:2078)
        at java.util.concurrent.LinkedBlockingQueue.poll(LinkedBlockingQueue.java:467)
        at org.apache.hadoop.ipc.CallQueueManager.take(CallQueueManager.java:317)
        at org.apache.hadoop.ipc.Server$Handler.run(Server.java:3014)
"9387e6e8-bf6d-4d10-9dc1-f1bd05fc02cf@group-12C11132411B-FollowerState" daemon prio=5 tid=3716 timed_waiting
java.lang.Thread.State: TIMED_WAITING
        at java.lang.Thread.sleep(Native Method)
        at java.lang.Thread.sleep(Thread.java:342)
        at java.util.concurrent.TimeUnit.sleep(TimeUnit.java:386)
        at org.apache.ratis.util.TimeDuration.sleep(TimeDuration.java:353)
        at org.apache.ratis.util.TimeDuration.sleep(TimeDuration.java:338)
        at org.apache.ratis.server.impl.FollowerState.run(FollowerState.java:128)
"grpc-default-executor-11" daemon prio=5 tid=3769 timed_waiting
java.lang.Thread.State: TIMED_WAITING
        at sun.misc.Unsafe.park(Native Method)
        at java.util.concurrent.locks.LockSupport.parkNanos(LockSupport.java:215)
        at java.util.concurrent.SynchronousQueue$TransferStack.awaitFulfill(SynchronousQueue.java:460)
        at java.util.concurrent.SynchronousQueue$TransferStack.transfer(SynchronousQueue.java:362)
        at java.util.concurrent.SynchronousQueue.poll(SynchronousQueue.java:941)
        at java.util.concurrent.ThreadPoolExecutor.getTask(ThreadPoolExecutor.java:1073)
        at java.util.concurrent.ThreadPoolExecutor.runWorker(ThreadPoolExecutor.java:1134)
        at java.util.concurrent.ThreadPoolExecutor$Worker.run(ThreadPoolExecutor.java:624)
        at java.lang.Thread.run(Thread.java:750)
"IPC Server handler 17 on default port 15108" daemon prio=5 tid=2946 timed_waiting
java.lang.Thread.State: TIMED_WAITING
        at sun.misc.Unsafe.park(Native Method)
        at java.util.concurrent.locks.LockSupport.parkNanos(LockSupport.java:215)
        at java.util.concurrent.locks.AbstractQueuedSynchronizer$ConditionObject.awaitNanos(AbstractQueuedSynchronizer.java:2078)
        at java.util.concurrent.LinkedBlockingQueue.poll(LinkedBlockingQueue.java:467)
        at org.apache.hadoop.ipc.CallQueueManager.take(CallQueueManager.java:317)
        at org.apache.hadoop.ipc.Server$Handler.run(Server.java:3014)
"IPC Server handler 88 on default port 15108" daemon prio=5 tid=3017 timed_waiting
java.lang.Thread.State: TIMED_WAITING
        at sun.misc.Unsafe.park(Native Method)
        at java.util.concurrent.locks.LockSupport.parkNanos(LockSupport.java:215)
        at java.util.concurrent.locks.AbstractQueuedSynchronizer$ConditionObject.awaitNanos(AbstractQueuedSynchronizer.java:2078)
        at java.util.concurrent.LinkedBlockingQueue.poll(LinkedBlockingQueue.java:467)
        at org.apache.hadoop.ipc.CallQueueManager.take(CallQueueManager.java:317)
        at org.apache.hadoop.ipc.Server$Handler.run(Server.java:3014)
"IPC Server handler 6 on default port 15110" daemon prio=5 tid=3088 timed_waiting
java.lang.Thread.State: TIMED_WAITING
        at sun.misc.Unsafe.park(Native Method)
        at java.util.concurrent.locks.LockSupport.parkNanos(LockSupport.java:215)
        at java.util.concurrent.locks.AbstractQueuedSynchronizer$ConditionObject.awaitNanos(AbstractQueuedSynchronizer.java:2078)
        at java.util.concurrent.LinkedBlockingQueue.poll(LinkedBlockingQueue.java:467)
        at org.apache.hadoop.ipc.CallQueueManager.take(CallQueueManager.java:317)
        at org.apache.hadoop.ipc.Server$Handler.run(Server.java:3014)
"IPC Server handler 60 on default port 15106" daemon prio=5 tid=2789 timed_waiting
java.lang.Thread.State: TIMED_WAITING
        at sun.misc.Unsafe.park(Native Method)
        at java.util.concurrent.locks.LockSupport.parkNanos(LockSupport.java:215)
        at java.util.concurrent.locks.AbstractQueuedSynchronizer$ConditionObject.awaitNanos(AbstractQueuedSynchronizer.java:2078)
        at java.util.concurrent.LinkedBlockingQueue.poll(LinkedBlockingQueue.java:467)
        at org.apache.hadoop.ipc.CallQueueManager.take(CallQueueManager.java:317)
        at org.apache.hadoop.ipc.Server$Handler.run(Server.java:3014)
"80370d78-c36f-4d75-b7cb-6753407b0dff-ChunkWriter-2-0" daemon prio=5 tid=3328 in Object.wait()
java.lang.Thread.State: WAITING (on object monitor)
        at sun.misc.Unsafe.park(Native Method)
        at java.util.concurrent.locks.LockSupport.park(LockSupport.java:175)
        at java.util.concurrent.locks.AbstractQueuedSynchronizer$ConditionObject.await(AbstractQueuedSynchronizer.java:2039)
        at java.util.concurrent.LinkedBlockingDeque.takeFirst(LinkedBlockingDeque.java:492)
        at java.util.concurrent.LinkedBlockingDeque.take(LinkedBlockingDeque.java:680)
        at java.util.concurrent.ThreadPoolExecutor.getTask(ThreadPoolExecutor.java:1074)
        at java.util.concurrent.ThreadPoolExecutor.runWorker(ThreadPoolExecutor.java:1134)
        at java.util.concurrent.ThreadPoolExecutor$Worker.run(ThreadPoolExecutor.java:624)
        at java.lang.Thread.run(Thread.java:750)
"qtp2092775230-3191" daemon prio=5 tid=3191 runnable
java.lang.Thread.State: RUNNABLE
        at sun.nio.ch.EPollArrayWrapper.epollWait(Native Method)
        at sun.nio.ch.EPollArrayWrapper.poll(EPollArrayWrapper.java:269)
        at sun.nio.ch.EPollSelectorImpl.doSelect(EPollSelectorImpl.java:93)
        at sun.nio.ch.SelectorImpl.lockAndDoSelect(SelectorImpl.java:86)
        at sun.nio.ch.SelectorImpl.select(SelectorImpl.java:97)
        at sun.nio.ch.SelectorImpl.select(SelectorImpl.java:101)
        at org.eclipse.jetty.io.ManagedSelector.nioSelect(ManagedSelector.java:183)
        at org.eclipse.jetty.io.ManagedSelector.select(ManagedSelector.java:190)
        at org.eclipse.jetty.io.ManagedSelector$SelectorProducer.select(ManagedSelector.java:606)
        at org.eclipse.jetty.io.ManagedSelector$SelectorProducer.produce(ManagedSelector.java:543)
        at org.eclipse.jetty.util.thread.strategy.EatWhatYouKill.produceTask(EatWhatYouKill.java:362)
        at org.eclipse.jetty.util.thread.strategy.EatWhatYouKill.doProduce(EatWhatYouKill.java:186)
        at org.eclipse.jetty.util.thread.strategy.EatWhatYouKill.tryProduce(EatWhatYouKill.java:173)
        at org.eclipse.jetty.util.thread.strategy.EatWhatYouKill.produce(EatWhatYouKill.java:137)
        at org.eclipse.jetty.io.ManagedSelector$$Lambda$746/715978059.run(Unknown Source)
        at org.eclipse.jetty.util.thread.QueuedThreadPool.runJob(QueuedThreadPool.java:883)
        at org.eclipse.jetty.util.thread.QueuedThreadPool$Runner.run(QueuedThreadPool.java:1034)
        at java.lang.Thread.run(Thread.java:750)
"IPC Server handler 87 on default port 15108" daemon prio=5 tid=3016 timed_waiting
java.lang.Thread.State: TIMED_WAITING
        at sun.misc.Unsafe.park(Native Method)
        at java.util.concurrent.locks.LockSupport.parkNanos(LockSupport.java:215)
        at java.util.concurrent.locks.AbstractQueuedSynchronizer$ConditionObject.awaitNanos(AbstractQueuedSynchronizer.java:2078)
        at java.util.concurrent.LinkedBlockingQueue.poll(LinkedBlockingQueue.java:467)
        at org.apache.hadoop.ipc.CallQueueManager.take(CallQueueManager.java:317)
        at org.apache.hadoop.ipc.Server$Handler.run(Server.java:3014)
"IPC Server handler 10 on default port 15108" daemon prio=5 tid=2939 timed_waiting
java.lang.Thread.State: TIMED_WAITING
        at sun.misc.Unsafe.park(Native Method)
        at java.util.concurrent.locks.LockSupport.parkNanos(LockSupport.java:215)
        at java.util.concurrent.locks.AbstractQueuedSynchronizer$ConditionObject.awaitNanos(AbstractQueuedSynchronizer.java:2078)
        at java.util.concurrent.LinkedBlockingQueue.poll(LinkedBlockingQueue.java:467)
        at org.apache.hadoop.ipc.CallQueueManager.take(CallQueueManager.java:317)
        at org.apache.hadoop.ipc.Server$Handler.run(Server.java:3014)
"6cf56e53-88cb-4022-bd56-d9b5c4d884ee@group-85F3280A5D9A-SegmentedRaftLogWorker" daemon prio=5 tid=3404 timed_waiting
java.lang.Thread.State: TIMED_WAITING
        at sun.misc.Unsafe.park(Native Method)
        at java.util.concurrent.locks.LockSupport.parkNanos(LockSupport.java:215)
        at java.util.concurrent.locks.AbstractQueuedSynchronizer$ConditionObject.awaitNanos(AbstractQueuedSynchronizer.java:2078)
        at org.apache.ratis.util.DataBlockingQueue.poll(DataBlockingQueue.java:148)
        at org.apache.ratis.server.raftlog.segmented.SegmentedRaftLogWorker.run(SegmentedRaftLogWorker.java:299)
        at org.apache.ratis.server.raftlog.segmented.SegmentedRaftLogWorker$$Lambda$1079/927089352.run(Unknown Source)
        at java.util.concurrent.Executors$RunnableAdapter.call(Executors.java:511)
        at java.util.concurrent.FutureTask.run(FutureTask.java:266)
        at java.util.concurrent.ThreadPoolExecutor.runWorker(ThreadPoolExecutor.java:1149)
        at java.util.concurrent.ThreadPoolExecutor$Worker.run(ThreadPoolExecutor.java:624)
        at java.lang.Thread.run(Thread.java:750)
"a45323a7-bc80-446e-b427-0ffb34a72641-DatanodeReportManager-3" daemon prio=5 tid=3210 in Object.wait()
java.lang.Thread.State: WAITING (on object monitor)
        at sun.misc.Unsafe.park(Native Method)
        at java.util.concurrent.locks.LockSupport.park(LockSupport.java:175)
        at java.util.concurrent.locks.AbstractQueuedSynchronizer$ConditionObject.await(AbstractQueuedSynchronizer.java:2039)
        at java.util.concurrent.ScheduledThreadPoolExecutor$DelayedWorkQueue.take(ScheduledThreadPoolExecutor.java:1088)
        at java.util.concurrent.ScheduledThreadPoolExecutor$DelayedWorkQueue.take(ScheduledThreadPoolExecutor.java:809)
        at java.util.concurrent.ThreadPoolExecutor.getTask(ThreadPoolExecutor.java:1074)
        at java.util.concurrent.ThreadPoolExecutor.runWorker(ThreadPoolExecutor.java:1134)
        at java.util.concurrent.ThreadPoolExecutor$Worker.run(ThreadPoolExecutor.java:624)
        at java.lang.Thread.run(Thread.java:750)
"80370d78-c36f-4d75-b7cb-6753407b0dff-BlockDeletingService#3" daemon prio=5 tid=3614 in Object.wait()
java.lang.Thread.State: WAITING (on object monitor)
        at sun.misc.Unsafe.park(Native Method)
        at java.util.concurrent.locks.LockSupport.park(LockSupport.java:175)
        at java.util.concurrent.locks.AbstractQueuedSynchronizer$ConditionObject.await(AbstractQueuedSynchronizer.java:2039)
        at java.util.concurrent.ScheduledThreadPoolExecutor$DelayedWorkQueue.take(ScheduledThreadPoolExecutor.java:1088)
        at java.util.concurrent.ScheduledThreadPoolExecutor$DelayedWorkQueue.take(ScheduledThreadPoolExecutor.java:809)
        at java.util.concurrent.ThreadPoolExecutor.getTask(ThreadPoolExecutor.java:1074)
        at java.util.concurrent.ThreadPoolExecutor.runWorker(ThreadPoolExecutor.java:1134)
        at java.util.concurrent.ThreadPoolExecutor$Worker.run(ThreadPoolExecutor.java:624)
        at java.lang.Thread.run(Thread.java:750)
"IPC Server handler 8 on default port 15107" daemon prio=5 tid=2837 timed_waiting
java.lang.Thread.State: TIMED_WAITING
        at sun.misc.Unsafe.park(Native Method)
        at java.util.concurrent.locks.LockSupport.parkNanos(LockSupport.java:215)
        at java.util.concurrent.locks.AbstractQueuedSynchronizer$ConditionObject.awaitNanos(AbstractQueuedSynchronizer.java:2078)
        at java.util.concurrent.LinkedBlockingQueue.poll(LinkedBlockingQueue.java:467)
        at org.apache.hadoop.ipc.CallQueueManager.take(CallQueueManager.java:317)
        at org.apache.hadoop.ipc.Server$Handler.run(Server.java:3014)
"IPC Server handler 38 on default port 15108" daemon prio=5 tid=2967 timed_waiting
java.lang.Thread.State: TIMED_WAITING
        at sun.misc.Unsafe.park(Native Method)
        at java.util.concurrent.locks.LockSupport.parkNanos(LockSupport.java:215)
        at java.util.concurrent.locks.AbstractQueuedSynchronizer$ConditionObject.awaitNanos(AbstractQueuedSynchronizer.java:2078)
        at java.util.concurrent.LinkedBlockingQueue.poll(LinkedBlockingQueue.java:467)
        at org.apache.hadoop.ipc.CallQueueManager.take(CallQueueManager.java:317)
        at org.apache.hadoop.ipc.Server$Handler.run(Server.java:3014)
"IPC Server Responder" daemon prio=5 tid=3147 runnable
java.lang.Thread.State: RUNNABLE
        at sun.nio.ch.EPollArrayWrapper.epollWait(Native Method)
        at sun.nio.ch.EPollArrayWrapper.poll(EPollArrayWrapper.java:269)
        at sun.nio.ch.EPollSelectorImpl.doSelect(EPollSelectorImpl.java:93)
        at sun.nio.ch.SelectorImpl.lockAndDoSelect(SelectorImpl.java:86)
        at sun.nio.ch.SelectorImpl.select(SelectorImpl.java:97)
        at org.apache.hadoop.ipc.Server$Responder.doRunLoop(Server.java:1582)
        at org.apache.hadoop.ipc.Server$Responder.run(Server.java:1565)
"IPC Server handler 5 on default port 15108" daemon prio=5 tid=2934 timed_waiting
java.lang.Thread.State: TIMED_WAITING
        at sun.misc.Unsafe.park(Native Method)
        at java.util.concurrent.locks.LockSupport.parkNanos(LockSupport.java:215)
        at java.util.concurrent.locks.AbstractQueuedSynchronizer$ConditionObject.awaitNanos(AbstractQueuedSynchronizer.java:2078)
        at java.util.concurrent.LinkedBlockingQueue.poll(LinkedBlockingQueue.java:467)
        at org.apache.hadoop.ipc.CallQueueManager.take(CallQueueManager.java:317)
        at org.apache.hadoop.ipc.Server$Handler.run(Server.java:3014)
"ContainerDataScanner(/home/runner/work/ozone/ozone/hadoop-ozone/integration-test/target/test-dir/MiniOzoneClusterImpl-ed39ddd9-82bf-4bf6-8741-acb42c98007c/ozone-meta/datanode-1/data-0/hdds)" daemon prio=5 tid=3253 timed_waiting
java.lang.Thread.State: TIMED_WAITING
        at java.lang.Thread.sleep(Native Method)
        at org.apache.hadoop.ozone.container.ozoneimpl.AbstractBackgroundContainerScanner.handleRemainingSleep(AbstractBackgroundContainerScanner.java:131)
        at org.apache.hadoop.ozone.container.ozoneimpl.AbstractBackgroundContainerScanner.runIteration(AbstractBackgroundContainerScanner.java:98)
        at org.apache.hadoop.ozone.container.ozoneimpl.AbstractBackgroundContainerScanner.run(AbstractBackgroundContainerScanner.java:57)
"qtp266429001-3040" daemon prio=5 tid=3040 timed_waiting
java.lang.Thread.State: TIMED_WAITING
        at sun.misc.Unsafe.park(Native Method)
        at java.util.concurrent.locks.LockSupport.parkNanos(LockSupport.java:215)
        at java.util.concurrent.locks.AbstractQueuedSynchronizer$ConditionObject.awaitNanos(AbstractQueuedSynchronizer.java:2078)
        at org.eclipse.jetty.util.BlockingArrayQueue.poll(BlockingArrayQueue.java:382)
        at org.eclipse.jetty.util.thread.QueuedThreadPool$Runner.idleJobPoll(QueuedThreadPool.java:974)
        at org.eclipse.jetty.util.thread.QueuedThreadPool$Runner.run(QueuedThreadPool.java:1018)
        at java.lang.Thread.run(Thread.java:750)
"IPC Server handler 50 on default port 15108" daemon prio=5 tid=2979 timed_waiting
java.lang.Thread.State: TIMED_WAITING
        at sun.misc.Unsafe.park(Native Method)
        at java.util.concurrent.locks.LockSupport.parkNanos(LockSupport.java:215)
        at java.util.concurrent.locks.AbstractQueuedSynchronizer$ConditionObject.awaitNanos(AbstractQueuedSynchronizer.java:2078)
        at java.util.concurrent.LinkedBlockingQueue.poll(LinkedBlockingQueue.java:467)
        at org.apache.hadoop.ipc.CallQueueManager.take(CallQueueManager.java:317)
        at org.apache.hadoop.ipc.Server$Handler.run(Server.java:3014)
"IPC Server handler 28 on default port 15107" daemon prio=5 tid=2857 timed_waiting
java.lang.Thread.State: TIMED_WAITING
        at sun.misc.Unsafe.park(Native Method)
        at java.util.concurrent.locks.LockSupport.parkNanos(LockSupport.java:215)
        at java.util.concurrent.locks.AbstractQueuedSynchronizer$ConditionObject.awaitNanos(AbstractQueuedSynchronizer.java:2078)
        at java.util.concurrent.LinkedBlockingQueue.poll(LinkedBlockingQueue.java:467)
        at org.apache.hadoop.ipc.CallQueueManager.take(CallQueueManager.java:317)
        at org.apache.hadoop.ipc.Server$Handler.run(Server.java:3014)
"IPC Server handler 62 on default port 15107" daemon prio=5 tid=2891 timed_waiting
java.lang.Thread.State: TIMED_WAITING
        at sun.misc.Unsafe.park(Native Method)
        at java.util.concurrent.locks.LockSupport.parkNanos(LockSupport.java:215)
        at java.util.concurrent.locks.AbstractQueuedSynchronizer$ConditionObject.awaitNanos(AbstractQueuedSynchronizer.java:2078)
        at java.util.concurrent.LinkedBlockingQueue.poll(LinkedBlockingQueue.java:467)
        at org.apache.hadoop.ipc.CallQueueManager.take(CallQueueManager.java:317)
        at org.apache.hadoop.ipc.Server$Handler.run(Server.java:3014)
"80370d78-c36f-4d75-b7cb-6753407b0dff-groupManagement"  prio=5 tid=3449 in Object.wait()
java.lang.Thread.State: WAITING (on object monitor)
        at sun.misc.Unsafe.park(Native Method)
        at java.util.concurrent.locks.LockSupport.park(LockSupport.java:175)
        at java.util.concurrent.locks.AbstractQueuedSynchronizer$ConditionObject.await(AbstractQueuedSynchronizer.java:2039)
        at java.util.concurrent.LinkedBlockingQueue.take(LinkedBlockingQueue.java:442)
        at java.util.concurrent.ThreadPoolExecutor.getTask(ThreadPoolExecutor.java:1074)
        at java.util.concurrent.ThreadPoolExecutor.runWorker(ThreadPoolExecutor.java:1134)
        at java.util.concurrent.ThreadPoolExecutor$Worker.run(ThreadPoolExecutor.java:624)
        at java.lang.Thread.run(Thread.java:750)
"IPC Server handler 55 on default port 15107" daemon prio=5 tid=2884 timed_waiting
java.lang.Thread.State: TIMED_WAITING
        at sun.misc.Unsafe.park(Native Method)
        at java.util.concurrent.locks.LockSupport.parkNanos(LockSupport.java:215)
        at java.util.concurrent.locks.AbstractQueuedSynchronizer$ConditionObject.awaitNanos(AbstractQueuedSynchronizer.java:2078)
        at java.util.concurrent.LinkedBlockingQueue.poll(LinkedBlockingQueue.java:467)
        at org.apache.hadoop.ipc.CallQueueManager.take(CallQueueManager.java:317)
        at org.apache.hadoop.ipc.Server$Handler.run(Server.java:3014)
"IPC Server handler 23 on default port 15107" daemon prio=5 tid=2852 timed_waiting
java.lang.Thread.State: TIMED_WAITING
        at sun.misc.Unsafe.park(Native Method)
        at java.util.concurrent.locks.LockSupport.parkNanos(LockSupport.java:215)
        at java.util.concurrent.locks.AbstractQueuedSynchronizer$ConditionObject.awaitNanos(AbstractQueuedSynchronizer.java:2078)
        at java.util.concurrent.LinkedBlockingQueue.poll(LinkedBlockingQueue.java:467)
        at org.apache.hadoop.ipc.CallQueueManager.take(CallQueueManager.java:317)
        at org.apache.hadoop.ipc.Server$Handler.run(Server.java:3014)
"9387e6e8-bf6d-4d10-9dc1-f1bd05fc02cf@group-12C11132411B-cacheEviction-AwaitToRun" daemon prio=5 tid=3647 in Object.wait()
java.lang.Thread.State: WAITING (on object monitor)
        at sun.misc.Unsafe.park(Native Method)
        at java.util.concurrent.locks.LockSupport.park(LockSupport.java:175)
        at java.util.concurrent.locks.AbstractQueuedSynchronizer$ConditionObject.await(AbstractQueuedSynchronizer.java:2039)
        at org.apache.ratis.util.AwaitForSignal.await(AwaitForSignal.java:48)
        at org.apache.ratis.util.AwaitToRun$RunnableImpl.run(AwaitToRun.java:47)
        at java.lang.Thread.run(Thread.java:750)
"9387e6e8-bf6d-4d10-9dc1-f1bd05fc02cf@group-E2078B4A5995-SegmentedRaftLogWorker"  prio=5 tid=3348 timed_waiting
java.lang.Thread.State: TIMED_WAITING
        at sun.misc.Unsafe.park(Native Method)
        at java.util.concurrent.locks.LockSupport.parkNanos(LockSupport.java:215)
        at java.util.concurrent.locks.AbstractQueuedSynchronizer$ConditionObject.awaitNanos(AbstractQueuedSynchronizer.java:2078)
        at org.apache.ratis.util.DataBlockingQueue.poll(DataBlockingQueue.java:148)
        at org.apache.ratis.server.raftlog.segmented.SegmentedRaftLogWorker.run(SegmentedRaftLogWorker.java:299)
        at org.apache.ratis.server.raftlog.segmented.SegmentedRaftLogWorker$$Lambda$1079/927089352.run(Unknown Source)
        at java.util.concurrent.Executors$RunnableAdapter.call(Executors.java:511)
        at java.util.concurrent.FutureTask.run(FutureTask.java:266)
        at java.util.concurrent.ThreadPoolExecutor.runWorker(ThreadPoolExecutor.java:1149)
        at java.util.concurrent.ThreadPoolExecutor$Worker.run(ThreadPoolExecutor.java:624)
        at java.lang.Thread.run(Thread.java:750)
"LeaseManager#LeaseMonitor" daemon prio=5 tid=3030 timed_waiting
java.lang.Thread.State: TIMED_WAITING
        at sun.misc.Unsafe.park(Native Method)
        at java.util.concurrent.locks.LockSupport.parkNanos(LockSupport.java:215)
        at java.util.concurrent.locks.AbstractQueuedSynchronizer.doAcquireSharedNanos(AbstractQueuedSynchronizer.java:1037)
        at java.util.concurrent.locks.AbstractQueuedSynchronizer.tryAcquireSharedNanos(AbstractQueuedSynchronizer.java:1328)
        at java.util.concurrent.Semaphore.tryAcquire(Semaphore.java:409)
        at org.apache.hadoop.ozone.lease.LeaseManager$LeaseMonitor.run(LeaseManager.java:285)
        at java.lang.Thread.run(Thread.java:750)
"6cf56e53-88cb-4022-bd56-d9b5c4d884ee-ChunkWriter-0-0" daemon prio=5 tid=3827 in Object.wait()
java.lang.Thread.State: WAITING (on object monitor)
        at sun.misc.Unsafe.park(Native Method)
        at java.util.concurrent.locks.LockSupport.park(LockSupport.java:175)
        at java.util.concurrent.locks.AbstractQueuedSynchronizer$ConditionObject.await(AbstractQueuedSynchronizer.java:2039)
        at java.util.concurrent.LinkedBlockingDeque.takeFirst(LinkedBlockingDeque.java:492)
        at java.util.concurrent.LinkedBlockingDeque.take(LinkedBlockingDeque.java:680)
        at java.util.concurrent.ThreadPoolExecutor.getTask(ThreadPoolExecutor.java:1074)
        at java.util.concurrent.ThreadPoolExecutor.runWorker(ThreadPoolExecutor.java:1134)
        at java.util.concurrent.ThreadPoolExecutor$Worker.run(ThreadPoolExecutor.java:624)
        at java.lang.Thread.run(Thread.java:750)
"qtp2092775230-3197" daemon prio=5 tid=3197 timed_waiting
java.lang.Thread.State: TIMED_WAITING
        at sun.misc.Unsafe.park(Native Method)
        at java.util.concurrent.locks.LockSupport.parkNanos(LockSupport.java:215)
        at java.util.concurrent.locks.AbstractQueuedSynchronizer$ConditionObject.awaitNanos(AbstractQueuedSynchronizer.java:2078)
        at org.eclipse.jetty.util.BlockingArrayQueue.poll(BlockingArrayQueue.java:382)
        at org.eclipse.jetty.util.thread.QueuedThreadPool$Runner.idleJobPoll(QueuedThreadPool.java:974)
        at org.eclipse.jetty.util.thread.QueuedThreadPool$Runner.run(QueuedThreadPool.java:1018)
        at java.lang.Thread.run(Thread.java:750)
"33d4fa9a-f1b5-45a2-9ce3-43c86fd82df2-EndpointStateMachineTaskThread-/0.0.0.0:15108-0 "  prio=5 tid=3265 in Object.wait()
java.lang.Thread.State: WAITING (on object monitor)
        at sun.misc.Unsafe.park(Native Method)
        at java.util.concurrent.locks.LockSupport.park(LockSupport.java:175)
        at java.util.concurrent.locks.AbstractQueuedSynchronizer$ConditionObject.await(AbstractQueuedSynchronizer.java:2039)
        at java.util.concurrent.LinkedBlockingQueue.take(LinkedBlockingQueue.java:442)
        at java.util.concurrent.ThreadPoolExecutor.getTask(ThreadPoolExecutor.java:1074)
        at java.util.concurrent.ThreadPoolExecutor.runWorker(ThreadPoolExecutor.java:1134)
        at java.util.concurrent.ThreadPoolExecutor$Worker.run(ThreadPoolExecutor.java:624)
        at java.lang.Thread.run(Thread.java:750)
"IPC Server handler 47 on default port 15108" daemon prio=5 tid=2976 timed_waiting
java.lang.Thread.State: TIMED_WAITING
        at sun.misc.Unsafe.park(Native Method)
        at java.util.concurrent.locks.LockSupport.parkNanos(LockSupport.java:215)
        at java.util.concurrent.locks.AbstractQueuedSynchronizer$ConditionObject.awaitNanos(AbstractQueuedSynchronizer.java:2078)
        at java.util.concurrent.LinkedBlockingQueue.poll(LinkedBlockingQueue.java:467)
        at org.apache.hadoop.ipc.CallQueueManager.take(CallQueueManager.java:317)
        at org.apache.hadoop.ipc.Server$Handler.run(Server.java:3014)
"pool-541-thread-1"  prio=5 tid=3106 timed_waiting
java.lang.Thread.State: TIMED_WAITING
        at sun.misc.Unsafe.park(Native Method)
        at java.util.concurrent.locks.LockSupport.parkNanos(LockSupport.java:215)
        at java.util.concurrent.locks.AbstractQueuedSynchronizer$ConditionObject.awaitNanos(AbstractQueuedSynchronizer.java:2078)
        at java.util.concurrent.ScheduledThreadPoolExecutor$DelayedWorkQueue.take(ScheduledThreadPoolExecutor.java:1093)
        at java.util.concurrent.ScheduledThreadPoolExecutor$DelayedWorkQueue.take(ScheduledThreadPoolExecutor.java:809)
        at java.util.concurrent.ThreadPoolExecutor.getTask(ThreadPoolExecutor.java:1074)
        at java.util.concurrent.ThreadPoolExecutor.runWorker(ThreadPoolExecutor.java:1134)
        at java.util.concurrent.ThreadPoolExecutor$Worker.run(ThreadPoolExecutor.java:624)
        at java.lang.Thread.run(Thread.java:750)
"IPC Server handler 99 on default port 15107" daemon prio=5 tid=2928 timed_waiting
java.lang.Thread.State: TIMED_WAITING
        at sun.misc.Unsafe.park(Native Method)
        at java.util.concurrent.locks.LockSupport.parkNanos(LockSupport.java:215)
        at java.util.concurrent.locks.AbstractQueuedSynchronizer$ConditionObject.awaitNanos(AbstractQueuedSynchronizer.java:2078)
        at java.util.concurrent.LinkedBlockingQueue.poll(LinkedBlockingQueue.java:467)
        at org.apache.hadoop.ipc.CallQueueManager.take(CallQueueManager.java:317)
        at org.apache.hadoop.ipc.Server$Handler.run(Server.java:3014)
"Socket Reader #1 for port 15106"  prio=5 tid=2713 runnable
java.lang.Thread.State: RUNNABLE
        at sun.nio.ch.EPollArrayWrapper.epollWait(Native Method)
        at sun.nio.ch.EPollArrayWrapper.poll(EPollArrayWrapper.java:269)
        at sun.nio.ch.EPollSelectorImpl.doSelect(EPollSelectorImpl.java:93)
        at sun.nio.ch.SelectorImpl.lockAndDoSelect(SelectorImpl.java:86)
        at sun.nio.ch.SelectorImpl.select(SelectorImpl.java:97)
        at sun.nio.ch.SelectorImpl.select(SelectorImpl.java:101)
        at org.apache.hadoop.ipc.Server$Listener$Reader.doRunLoop(Server.java:1346)
        at org.apache.hadoop.ipc.Server$Listener$Reader.run(Server.java:1325)
"IPC Server handler 51 on default port 15107" daemon prio=5 tid=2880 timed_waiting
java.lang.Thread.State: TIMED_WAITING
        at sun.misc.Unsafe.park(Native Method)
        at java.util.concurrent.locks.LockSupport.parkNanos(LockSupport.java:215)
        at java.util.concurrent.locks.AbstractQueuedSynchronizer$ConditionObject.awaitNanos(AbstractQueuedSynchronizer.java:2078)
        at java.util.concurrent.LinkedBlockingQueue.poll(LinkedBlockingQueue.java:467)
        at org.apache.hadoop.ipc.CallQueueManager.take(CallQueueManager.java:317)
        at org.apache.hadoop.ipc.Server$Handler.run(Server.java:3014)
"9387e6e8-bf6d-4d10-9dc1-f1bd05fc02cf-BlockDeletingService#8" daemon prio=5 tid=3917 in Object.wait()
java.lang.Thread.State: WAITING (on object monitor)
        at sun.misc.Unsafe.park(Native Method)
        at java.util.concurrent.locks.LockSupport.park(LockSupport.java:175)
        at java.util.concurrent.locks.AbstractQueuedSynchronizer$ConditionObject.await(AbstractQueuedSynchronizer.java:2039)
        at java.util.concurrent.ScheduledThreadPoolExecutor$DelayedWorkQueue.take(ScheduledThreadPoolExecutor.java:1088)
        at java.util.concurrent.ScheduledThreadPoolExecutor$DelayedWorkQueue.take(ScheduledThreadPoolExecutor.java:809)
        at java.util.concurrent.ThreadPoolExecutor.getTask(ThreadPoolExecutor.java:1074)
        at java.util.concurrent.ThreadPoolExecutor.runWorker(ThreadPoolExecutor.java:1134)
        at java.util.concurrent.ThreadPoolExecutor$Worker.run(ThreadPoolExecutor.java:624)
        at java.lang.Thread.run(Thread.java:750)
"IPC Server handler 6 on default port 15108" daemon prio=5 tid=2935 timed_waiting
java.lang.Thread.State: TIMED_WAITING
        at sun.misc.Unsafe.park(Native Method)
        at java.util.concurrent.locks.LockSupport.parkNanos(LockSupport.java:215)
        at java.util.concurrent.locks.AbstractQueuedSynchronizer$ConditionObject.awaitNanos(AbstractQueuedSynchronizer.java:2078)
        at java.util.concurrent.LinkedBlockingQueue.poll(LinkedBlockingQueue.java:467)
        at org.apache.hadoop.ipc.CallQueueManager.take(CallQueueManager.java:317)
        at org.apache.hadoop.ipc.Server$Handler.run(Server.java:3014)
"9387e6e8-bf6d-4d10-9dc1-f1bd05fc02cf-ChunkWriter-0-0" daemon prio=5 tid=3254 in Object.wait()
java.lang.Thread.State: WAITING (on object monitor)
        at sun.misc.Unsafe.park(Native Method)
        at java.util.concurrent.locks.LockSupport.park(LockSupport.java:175)
        at java.util.concurrent.locks.AbstractQueuedSynchronizer$ConditionObject.await(AbstractQueuedSynchronizer.java:2039)
        at java.util.concurrent.LinkedBlockingDeque.takeFirst(LinkedBlockingDeque.java:492)
        at java.util.concurrent.LinkedBlockingDeque.take(LinkedBlockingDeque.java:680)
        at java.util.concurrent.ThreadPoolExecutor.getTask(ThreadPoolExecutor.java:1074)
        at java.util.concurrent.ThreadPoolExecutor.runWorker(ThreadPoolExecutor.java:1134)
        at java.util.concurrent.ThreadPoolExecutor$Worker.run(ThreadPoolExecutor.java:624)
        at java.lang.Thread.run(Thread.java:750)
"IPC Server handler 32 on default port 15107" daemon prio=5 tid=2861 timed_waiting
java.lang.Thread.State: TIMED_WAITING
        at sun.misc.Unsafe.park(Native Method)
        at java.util.concurrent.locks.LockSupport.parkNanos(LockSupport.java:215)
        at java.util.concurrent.locks.AbstractQueuedSynchronizer$ConditionObject.awaitNanos(AbstractQueuedSynchronizer.java:2078)
        at java.util.concurrent.LinkedBlockingQueue.poll(LinkedBlockingQueue.java:467)
        at org.apache.hadoop.ipc.CallQueueManager.take(CallQueueManager.java:317)
        at org.apache.hadoop.ipc.Server$Handler.run(Server.java:3014)
"IPC Server listener on 15152" daemon prio=5 tid=3228 runnable
java.lang.Thread.State: RUNNABLE
        at sun.nio.ch.EPollArrayWrapper.epollWait(Native Method)
        at sun.nio.ch.EPollArrayWrapper.poll(EPollArrayWrapper.java:269)
        at sun.nio.ch.EPollSelectorImpl.doSelect(EPollSelectorImpl.java:93)
        at sun.nio.ch.SelectorImpl.lockAndDoSelect(SelectorImpl.java:86)
        at sun.nio.ch.SelectorImpl.select(SelectorImpl.java:97)
        at sun.nio.ch.SelectorImpl.select(SelectorImpl.java:101)
        at org.apache.hadoop.ipc.Server$Listener.run(Server.java:1408)
"qtp1950245838-3109" daemon prio=5 tid=3109 runnable
java.lang.Thread.State: RUNNABLE
        at sun.nio.ch.EPollArrayWrapper.epollWait(Native Method)
        at sun.nio.ch.EPollArrayWrapper.poll(EPollArrayWrapper.java:269)
        at sun.nio.ch.EPollSelectorImpl.doSelect(EPollSelectorImpl.java:93)
        at sun.nio.ch.SelectorImpl.lockAndDoSelect(SelectorImpl.java:86)
        at sun.nio.ch.SelectorImpl.select(SelectorImpl.java:97)
        at sun.nio.ch.SelectorImpl.select(SelectorImpl.java:101)
        at org.eclipse.jetty.io.ManagedSelector.nioSelect(ManagedSelector.java:183)
        at org.eclipse.jetty.io.ManagedSelector.select(ManagedSelector.java:190)
        at org.eclipse.jetty.io.ManagedSelector$SelectorProducer.select(ManagedSelector.java:606)
        at org.eclipse.jetty.io.ManagedSelector$SelectorProducer.produce(ManagedSelector.java:543)
        at org.eclipse.jetty.util.thread.strategy.EatWhatYouKill.produceTask(EatWhatYouKill.java:362)
        at org.eclipse.jetty.util.thread.strategy.EatWhatYouKill.doProduce(EatWhatYouKill.java:186)
        at org.eclipse.jetty.util.thread.strategy.EatWhatYouKill.tryProduce(EatWhatYouKill.java:173)
        at org.eclipse.jetty.util.thread.strategy.EatWhatYouKill.produce(EatWhatYouKill.java:137)
        at org.eclipse.jetty.io.ManagedSelector$$Lambda$746/715978059.run(Unknown Source)
        at org.eclipse.jetty.util.thread.QueuedThreadPool.runJob(QueuedThreadPool.java:883)
        at org.eclipse.jetty.util.thread.QueuedThreadPool$Runner.run(QueuedThreadPool.java:1034)
        at java.lang.Thread.run(Thread.java:750)
"IPC Server handler 75 on default port 15107" daemon prio=5 tid=2904 timed_waiting
java.lang.Thread.State: TIMED_WAITING
        at sun.misc.Unsafe.park(Native Method)
        at java.util.concurrent.locks.LockSupport.parkNanos(LockSupport.java:215)
        at java.util.concurrent.locks.AbstractQueuedSynchronizer$ConditionObject.awaitNanos(AbstractQueuedSynchronizer.java:2078)
        at java.util.concurrent.LinkedBlockingQueue.poll(LinkedBlockingQueue.java:467)
        at org.apache.hadoop.ipc.CallQueueManager.take(CallQueueManager.java:317)
        at org.apache.hadoop.ipc.Server$Handler.run(Server.java:3014)
"33d4fa9a-f1b5-45a2-9ce3-43c86fd82df2-server-thread1" daemon prio=5 tid=3726 timed_waiting
java.lang.Thread.State: TIMED_WAITING
        at sun.misc.Unsafe.park(Native Method)
        at java.util.concurrent.locks.LockSupport.parkNanos(LockSupport.java:215)
        at java.util.concurrent.SynchronousQueue$TransferStack.awaitFulfill(SynchronousQueue.java:460)
        at java.util.concurrent.SynchronousQueue$TransferStack.transfer(SynchronousQueue.java:362)
        at java.util.concurrent.SynchronousQueue.poll(SynchronousQueue.java:941)
        at java.util.concurrent.ThreadPoolExecutor.getTask(ThreadPoolExecutor.java:1073)
        at java.util.concurrent.ThreadPoolExecutor.runWorker(ThreadPoolExecutor.java:1134)
        at java.util.concurrent.ThreadPoolExecutor$Worker.run(ThreadPoolExecutor.java:624)
        at java.lang.Thread.run(Thread.java:750)
"9387e6e8-bf6d-4d10-9dc1-f1bd05fc02cf-DatanodeReportManager-2" daemon prio=5 tid=3125 timed_waiting
java.lang.Thread.State: TIMED_WAITING
        at sun.misc.Unsafe.park(Native Method)
        at java.util.concurrent.locks.LockSupport.parkNanos(LockSupport.java:215)
        at java.util.concurrent.locks.AbstractQueuedSynchronizer$ConditionObject.awaitNanos(AbstractQueuedSynchronizer.java:2078)
        at java.util.concurrent.ScheduledThreadPoolExecutor$DelayedWorkQueue.take(ScheduledThreadPoolExecutor.java:1093)
        at java.util.concurrent.ScheduledThreadPoolExecutor$DelayedWorkQueue.take(ScheduledThreadPoolExecutor.java:809)
        at java.util.concurrent.ThreadPoolExecutor.getTask(ThreadPoolExecutor.java:1074)
        at java.util.concurrent.ThreadPoolExecutor.runWorker(ThreadPoolExecutor.java:1134)
        at java.util.concurrent.ThreadPoolExecutor$Worker.run(ThreadPoolExecutor.java:624)
        at java.lang.Thread.run(Thread.java:750)
"6cf56e53-88cb-4022-bd56-d9b5c4d884ee-DatanodeReportManager-2" daemon prio=5 tid=3814 in Object.wait()
java.lang.Thread.State: WAITING (on object monitor)
        at sun.misc.Unsafe.park(Native Method)
        at java.util.concurrent.locks.LockSupport.park(LockSupport.java:175)
        at java.util.concurrent.locks.AbstractQueuedSynchronizer$ConditionObject.await(AbstractQueuedSynchronizer.java:2039)
        at java.util.concurrent.ScheduledThreadPoolExecutor$DelayedWorkQueue.take(ScheduledThreadPoolExecutor.java:1088)
        at java.util.concurrent.ScheduledThreadPoolExecutor$DelayedWorkQueue.take(ScheduledThreadPoolExecutor.java:809)
        at java.util.concurrent.ThreadPoolExecutor.getTask(ThreadPoolExecutor.java:1074)
        at java.util.concurrent.ThreadPoolExecutor.runWorker(ThreadPoolExecutor.java:1134)
        at java.util.concurrent.ThreadPoolExecutor$Worker.run(ThreadPoolExecutor.java:624)
        at java.lang.Thread.run(Thread.java:750)
"80370d78-c36f-4d75-b7cb-6753407b0dff-ChunkReader-ELG-0" daemon prio=5 tid=3331 runnable
java.lang.Thread.State: RUNNABLE
        at org.apache.ratis.thirdparty.io.netty.channel.epoll.Native.epollWait(Native Method)
        at org.apache.ratis.thirdparty.io.netty.channel.epoll.Native.epollWait(Native.java:209)
        at org.apache.ratis.thirdparty.io.netty.channel.epoll.Native.epollWait(Native.java:202)
        at org.apache.ratis.thirdparty.io.netty.channel.epoll.EpollEventLoop.epollWaitNoTimerChange(EpollEventLoop.java:316)
        at org.apache.ratis.thirdparty.io.netty.channel.epoll.EpollEventLoop.run(EpollEventLoop.java:373)
        at org.apache.ratis.thirdparty.io.netty.util.concurrent.SingleThreadEventExecutor$4.run(SingleThreadEventExecutor.java:997)
        at org.apache.ratis.thirdparty.io.netty.util.internal.ThreadExecutorMap$2.run(ThreadExecutorMap.java:74)
        at java.lang.Thread.run(Thread.java:750)
"Socket Reader #1 for port 15110"  prio=5 tid=3051 runnable
java.lang.Thread.State: RUNNABLE
        at sun.nio.ch.EPollArrayWrapper.epollWait(Native Method)
        at sun.nio.ch.EPollArrayWrapper.poll(EPollArrayWrapper.java:269)
        at sun.nio.ch.EPollSelectorImpl.doSelect(EPollSelectorImpl.java:93)
        at sun.nio.ch.SelectorImpl.lockAndDoSelect(SelectorImpl.java:86)
        at sun.nio.ch.SelectorImpl.select(SelectorImpl.java:97)
        at sun.nio.ch.SelectorImpl.select(SelectorImpl.java:101)
        at org.apache.hadoop.ipc.Server$Listener$Reader.doRunLoop(Server.java:1346)
        at org.apache.hadoop.ipc.Server$Listener$Reader.run(Server.java:1325)
"IPC Server handler 95 on default port 15108" daemon prio=5 tid=3024 timed_waiting
java.lang.Thread.State: TIMED_WAITING
        at sun.misc.Unsafe.park(Native Method)
        at java.util.concurrent.locks.LockSupport.parkNanos(LockSupport.java:215)
        at java.util.concurrent.locks.AbstractQueuedSynchronizer$ConditionObject.awaitNanos(AbstractQueuedSynchronizer.java:2078)
        at java.util.concurrent.LinkedBlockingQueue.poll(LinkedBlockingQueue.java:467)
        at org.apache.hadoop.ipc.CallQueueManager.take(CallQueueManager.java:317)
        at org.apache.hadoop.ipc.Server$Handler.run(Server.java:3014)
"IPC Server handler 42 on default port 15108" daemon prio=5 tid=2971 timed_waiting
java.lang.Thread.State: TIMED_WAITING
        at sun.misc.Unsafe.park(Native Method)
        at java.util.concurrent.locks.LockSupport.parkNanos(LockSupport.java:215)
        at java.util.concurrent.locks.AbstractQueuedSynchronizer$ConditionObject.awaitNanos(AbstractQueuedSynchronizer.java:2078)
        at java.util.concurrent.LinkedBlockingQueue.poll(LinkedBlockingQueue.java:467)
        at org.apache.hadoop.ipc.CallQueueManager.take(CallQueueManager.java:317)
        at org.apache.hadoop.ipc.Server$Handler.run(Server.java:3014)
"IPC Server Responder" daemon prio=5 tid=3119 runnable
java.lang.Thread.State: RUNNABLE
        at sun.nio.ch.EPollArrayWrapper.epollWait(Native Method)
        at sun.nio.ch.EPollArrayWrapper.poll(EPollArrayWrapper.java:269)
        at sun.nio.ch.EPollSelectorImpl.doSelect(EPollSelectorImpl.java:93)
        at sun.nio.ch.SelectorImpl.lockAndDoSelect(SelectorImpl.java:86)
        at sun.nio.ch.SelectorImpl.select(SelectorImpl.java:97)
        at org.apache.hadoop.ipc.Server$Responder.doRunLoop(Server.java:1582)
        at org.apache.hadoop.ipc.Server$Responder.run(Server.java:1565)
"6cf56e53-88cb-4022-bd56-d9b5c4d884ee-NettyServerStreamRpc-bossGroup--thread1"  prio=5 tid=3791 runnable
java.lang.Thread.State: RUNNABLE
        at org.apache.ratis.thirdparty.io.netty.channel.epoll.Native.epollWait(Native Method)
        at org.apache.ratis.thirdparty.io.netty.channel.epoll.Native.epollWait(Native.java:209)
        at org.apache.ratis.thirdparty.io.netty.channel.epoll.Native.epollWait(Native.java:202)
        at org.apache.ratis.thirdparty.io.netty.channel.epoll.EpollEventLoop.epollWaitNoTimerChange(EpollEventLoop.java:316)
        at org.apache.ratis.thirdparty.io.netty.channel.epoll.EpollEventLoop.run(EpollEventLoop.java:373)
        at org.apache.ratis.thirdparty.io.netty.util.concurrent.SingleThreadEventExecutor$4.run(SingleThreadEventExecutor.java:997)
        at org.apache.ratis.thirdparty.io.netty.util.internal.ThreadExecutorMap$2.run(ThreadExecutorMap.java:74)
        at java.lang.Thread.run(Thread.java:750)
"IPC Server handler 18 on default port 15110" daemon prio=5 tid=3100 timed_waiting
java.lang.Thread.State: TIMED_WAITING
        at sun.misc.Unsafe.park(Native Method)
        at java.util.concurrent.locks.LockSupport.parkNanos(LockSupport.java:215)
        at java.util.concurrent.locks.AbstractQueuedSynchronizer$ConditionObject.awaitNanos(AbstractQueuedSynchronizer.java:2078)
        at java.util.concurrent.LinkedBlockingQueue.poll(LinkedBlockingQueue.java:467)
        at org.apache.hadoop.ipc.CallQueueManager.take(CallQueueManager.java:317)
        at org.apache.hadoop.ipc.Server$Handler.run(Server.java:3014)
"EventQueue-DeadNodeForDeadNodeHandler" daemon prio=5 tid=3593 in Object.wait()
java.lang.Thread.State: WAITING (on object monitor)
        at sun.misc.Unsafe.park(Native Method)
        at java.util.concurrent.locks.LockSupport.park(LockSupport.java:175)
        at java.util.concurrent.locks.AbstractQueuedSynchronizer$ConditionObject.await(AbstractQueuedSynchronizer.java:2039)
        at java.util.concurrent.LinkedBlockingQueue.take(LinkedBlockingQueue.java:442)
        at java.util.concurrent.ThreadPoolExecutor.getTask(ThreadPoolExecutor.java:1074)
        at java.util.concurrent.ThreadPoolExecutor.runWorker(ThreadPoolExecutor.java:1134)
        at java.util.concurrent.ThreadPoolExecutor$Worker.run(ThreadPoolExecutor.java:624)
        at java.lang.Thread.run(Thread.java:750)
"IPC Server handler 43 on default port 15108" daemon prio=5 tid=2972 timed_waiting
java.lang.Thread.State: TIMED_WAITING
        at sun.misc.Unsafe.park(Native Method)
        at java.util.concurrent.locks.LockSupport.parkNanos(LockSupport.java:215)
        at java.util.concurrent.locks.AbstractQueuedSynchronizer$ConditionObject.awaitNanos(AbstractQueuedSynchronizer.java:2078)
        at java.util.concurrent.LinkedBlockingQueue.poll(LinkedBlockingQueue.java:467)
        at org.apache.hadoop.ipc.CallQueueManager.take(CallQueueManager.java:317)
        at org.apache.hadoop.ipc.Server$Handler.run(Server.java:3014)
"IPC Server handler 85 on default port 15107" daemon prio=5 tid=2914 timed_waiting
java.lang.Thread.State: TIMED_WAITING
        at sun.misc.Unsafe.park(Native Method)
        at java.util.concurrent.locks.LockSupport.parkNanos(LockSupport.java:215)
        at java.util.concurrent.locks.AbstractQueuedSynchronizer$ConditionObject.awaitNanos(AbstractQueuedSynchronizer.java:2078)
        at java.util.concurrent.LinkedBlockingQueue.poll(LinkedBlockingQueue.java:467)
        at org.apache.hadoop.ipc.CallQueueManager.take(CallQueueManager.java:317)
        at org.apache.hadoop.ipc.Server$Handler.run(Server.java:3014)
"IPC Server handler 88 on default port 15106" daemon prio=5 tid=2817 timed_waiting
java.lang.Thread.State: TIMED_WAITING
        at sun.misc.Unsafe.park(Native Method)
        at java.util.concurrent.locks.LockSupport.parkNanos(LockSupport.java:215)
        at java.util.concurrent.locks.AbstractQueuedSynchronizer$ConditionObject.awaitNanos(AbstractQueuedSynchronizer.java:2078)
        at java.util.concurrent.LinkedBlockingQueue.poll(LinkedBlockingQueue.java:467)
        at org.apache.hadoop.ipc.CallQueueManager.take(CallQueueManager.java:317)
        at org.apache.hadoop.ipc.Server$Handler.run(Server.java:3014)
"6cf56e53-88cb-4022-bd56-d9b5c4d884ee-groupManagement"  prio=5 tid=3793 in Object.wait()
java.lang.Thread.State: WAITING (on object monitor)
        at sun.misc.Unsafe.park(Native Method)
        at java.util.concurrent.locks.LockSupport.park(LockSupport.java:175)
        at java.util.concurrent.locks.AbstractQueuedSynchronizer$ConditionObject.await(AbstractQueuedSynchronizer.java:2039)
        at java.util.concurrent.LinkedBlockingQueue.take(LinkedBlockingQueue.java:442)
        at java.util.concurrent.ThreadPoolExecutor.getTask(ThreadPoolExecutor.java:1074)
        at java.util.concurrent.ThreadPoolExecutor.runWorker(ThreadPoolExecutor.java:1134)
        at java.util.concurrent.ThreadPoolExecutor$Worker.run(ThreadPoolExecutor.java:624)
        at java.lang.Thread.run(Thread.java:750)
"StaleRecoveringContainerScrubbingService#5" daemon prio=5 tid=3745 in Object.wait()
java.lang.Thread.State: WAITING (on object monitor)
        at sun.misc.Unsafe.park(Native Method)
        at java.util.concurrent.locks.LockSupport.park(LockSupport.java:175)
        at java.util.concurrent.locks.AbstractQueuedSynchronizer$ConditionObject.await(AbstractQueuedSynchronizer.java:2039)
        at java.util.concurrent.ScheduledThreadPoolExecutor$DelayedWorkQueue.take(ScheduledThreadPoolExecutor.java:1088)
        at java.util.concurrent.ScheduledThreadPoolExecutor$DelayedWorkQueue.take(ScheduledThreadPoolExecutor.java:809)
        at java.util.concurrent.ThreadPoolExecutor.getTask(ThreadPoolExecutor.java:1074)
        at java.util.concurrent.ThreadPoolExecutor.runWorker(ThreadPoolExecutor.java:1134)
        at java.util.concurrent.ThreadPoolExecutor$Worker.run(ThreadPoolExecutor.java:624)
        at java.lang.Thread.run(Thread.java:750)
"IPC Server handler 28 on default port 15108" daemon prio=5 tid=2957 timed_waiting
java.lang.Thread.State: TIMED_WAITING
        at sun.misc.Unsafe.park(Native Method)
        at java.util.concurrent.locks.LockSupport.parkNanos(LockSupport.java:215)
        at java.util.concurrent.locks.AbstractQueuedSynchronizer$ConditionObject.awaitNanos(AbstractQueuedSynchronizer.java:2078)
        at java.util.concurrent.LinkedBlockingQueue.poll(LinkedBlockingQueue.java:467)
        at org.apache.hadoop.ipc.CallQueueManager.take(CallQueueManager.java:317)
        at org.apache.hadoop.ipc.Server$Handler.run(Server.java:3014)
"IPC Server handler 60 on default port 15107" daemon prio=5 tid=2889 timed_waiting
java.lang.Thread.State: TIMED_WAITING
        at sun.misc.Unsafe.park(Native Method)
        at java.util.concurrent.locks.LockSupport.parkNanos(LockSupport.java:215)
        at java.util.concurrent.locks.AbstractQueuedSynchronizer$ConditionObject.awaitNanos(AbstractQueuedSynchronizer.java:2078)
        at java.util.concurrent.LinkedBlockingQueue.poll(LinkedBlockingQueue.java:467)
        at org.apache.hadoop.ipc.CallQueueManager.take(CallQueueManager.java:317)
        at org.apache.hadoop.ipc.Server$Handler.run(Server.java:3014)
"IPC Server handler 68 on default port 15107" daemon prio=5 tid=2897 timed_waiting
java.lang.Thread.State: TIMED_WAITING
        at sun.misc.Unsafe.park(Native Method)
        at java.util.concurrent.locks.LockSupport.parkNanos(LockSupport.java:215)
        at java.util.concurrent.locks.AbstractQueuedSynchronizer$ConditionObject.awaitNanos(AbstractQueuedSynchronizer.java:2078)
        at java.util.concurrent.LinkedBlockingQueue.poll(LinkedBlockingQueue.java:467)
        at org.apache.hadoop.ipc.CallQueueManager.take(CallQueueManager.java:317)
        at org.apache.hadoop.ipc.Server$Handler.run(Server.java:3014)
"33d4fa9a-f1b5-45a2-9ce3-43c86fd82df2@group-2653268D5246-LeaderStateImpl" daemon prio=5 tid=3484 timed_waiting
java.lang.Thread.State: TIMED_WAITING
        at sun.misc.Unsafe.park(Native Method)
        at java.util.concurrent.locks.LockSupport.parkNanos(LockSupport.java:215)
        at java.util.concurrent.locks.AbstractQueuedSynchronizer$ConditionObject.awaitNanos(AbstractQueuedSynchronizer.java:2078)
        at java.util.concurrent.ArrayBlockingQueue.poll(ArrayBlockingQueue.java:418)
        at org.apache.ratis.server.impl.LeaderStateImpl$EventQueue.poll(LeaderStateImpl.java:164)
        at org.apache.ratis.server.impl.LeaderStateImpl$EventProcessor.run(LeaderStateImpl.java:762)
"6cf56e53-88cb-4022-bd56-d9b5c4d884ee-DatanodeReportManager-0" daemon prio=5 tid=3812 in Object.wait()
java.lang.Thread.State: WAITING (on object monitor)
        at sun.misc.Unsafe.park(Native Method)
        at java.util.concurrent.locks.LockSupport.park(LockSupport.java:175)
        at java.util.concurrent.locks.AbstractQueuedSynchronizer$ConditionObject.await(AbstractQueuedSynchronizer.java:2039)
        at java.util.concurrent.ScheduledThreadPoolExecutor$DelayedWorkQueue.take(ScheduledThreadPoolExecutor.java:1088)
        at java.util.concurrent.ScheduledThreadPoolExecutor$DelayedWorkQueue.take(ScheduledThreadPoolExecutor.java:809)
        at java.util.concurrent.ThreadPoolExecutor.getTask(ThreadPoolExecutor.java:1074)
        at java.util.concurrent.ThreadPoolExecutor.runWorker(ThreadPoolExecutor.java:1134)
        at java.util.concurrent.ThreadPoolExecutor$Worker.run(ThreadPoolExecutor.java:624)
        at java.lang.Thread.run(Thread.java:750)
"IPC Server handler 8 on default port 15110" daemon prio=5 tid=3090 timed_waiting
java.lang.Thread.State: TIMED_WAITING
        at sun.misc.Unsafe.park(Native Method)
        at java.util.concurrent.locks.LockSupport.parkNanos(LockSupport.java:215)
        at java.util.concurrent.locks.AbstractQueuedSynchronizer$ConditionObject.awaitNanos(AbstractQueuedSynchronizer.java:2078)
        at java.util.concurrent.LinkedBlockingQueue.poll(LinkedBlockingQueue.java:467)
        at org.apache.hadoop.ipc.CallQueueManager.take(CallQueueManager.java:317)
        at org.apache.hadoop.ipc.Server$Handler.run(Server.java:3014)
"IPC Server handler 54 on default port 15106" daemon prio=5 tid=2783 timed_waiting
java.lang.Thread.State: TIMED_WAITING
        at sun.misc.Unsafe.park(Native Method)
        at java.util.concurrent.locks.LockSupport.parkNanos(LockSupport.java:215)
        at java.util.concurrent.locks.AbstractQueuedSynchronizer$ConditionObject.awaitNanos(AbstractQueuedSynchronizer.java:2078)
        at java.util.concurrent.LinkedBlockingQueue.poll(LinkedBlockingQueue.java:467)
        at org.apache.hadoop.ipc.CallQueueManager.take(CallQueueManager.java:317)
        at org.apache.hadoop.ipc.Server$Handler.run(Server.java:3014)
"IPC Server handler 97 on default port 15107" daemon prio=5 tid=2926 timed_waiting
java.lang.Thread.State: TIMED_WAITING
        at sun.misc.Unsafe.park(Native Method)
        at java.util.concurrent.locks.LockSupport.parkNanos(LockSupport.java:215)
        at java.util.concurrent.locks.AbstractQueuedSynchronizer$ConditionObject.awaitNanos(AbstractQueuedSynchronizer.java:2078)
        at java.util.concurrent.LinkedBlockingQueue.poll(LinkedBlockingQueue.java:467)
        at org.apache.hadoop.ipc.CallQueueManager.take(CallQueueManager.java:317)
        at org.apache.hadoop.ipc.Server$Handler.run(Server.java:3014)
"IPC Server handler 80 on default port 15107" daemon prio=5 tid=2909 timed_waiting
java.lang.Thread.State: TIMED_WAITING
        at sun.misc.Unsafe.park(Native Method)
        at java.util.concurrent.locks.LockSupport.parkNanos(LockSupport.java:215)
        at java.util.concurrent.locks.AbstractQueuedSynchronizer$ConditionObject.awaitNanos(AbstractQueuedSynchronizer.java:2078)
        at java.util.concurrent.LinkedBlockingQueue.poll(LinkedBlockingQueue.java:467)
        at org.apache.hadoop.ipc.CallQueueManager.take(CallQueueManager.java:317)
        at org.apache.hadoop.ipc.Server$Handler.run(Server.java:3014)
"IPC Server handler 27 on default port 15107" daemon prio=5 tid=2856 timed_waiting
java.lang.Thread.State: TIMED_WAITING
        at sun.misc.Unsafe.park(Native Method)
        at java.util.concurrent.locks.LockSupport.parkNanos(LockSupport.java:215)
        at java.util.concurrent.locks.AbstractQueuedSynchronizer$ConditionObject.awaitNanos(AbstractQueuedSynchronizer.java:2078)
        at java.util.concurrent.LinkedBlockingQueue.poll(LinkedBlockingQueue.java:467)
        at org.apache.hadoop.ipc.CallQueueManager.take(CallQueueManager.java:317)
        at org.apache.hadoop.ipc.Server$Handler.run(Server.java:3014)
"IPC Server handler 42 on default port 15107" daemon prio=5 tid=2871 timed_waiting
java.lang.Thread.State: TIMED_WAITING
        at sun.misc.Unsafe.park(Native Method)
        at java.util.concurrent.locks.LockSupport.parkNanos(LockSupport.java:215)
        at java.util.concurrent.locks.AbstractQueuedSynchronizer$ConditionObject.awaitNanos(AbstractQueuedSynchronizer.java:2078)
        at java.util.concurrent.LinkedBlockingQueue.poll(LinkedBlockingQueue.java:467)
        at org.apache.hadoop.ipc.CallQueueManager.take(CallQueueManager.java:317)
        at org.apache.hadoop.ipc.Server$Handler.run(Server.java:3014)
"IPC Server handler 83 on default port 15107" daemon prio=5 tid=2912 timed_waiting
java.lang.Thread.State: TIMED_WAITING
        at sun.misc.Unsafe.park(Native Method)
        at java.util.concurrent.locks.LockSupport.parkNanos(LockSupport.java:215)
        at java.util.concurrent.locks.AbstractQueuedSynchronizer$ConditionObject.awaitNanos(AbstractQueuedSynchronizer.java:2078)
        at java.util.concurrent.LinkedBlockingQueue.poll(LinkedBlockingQueue.java:467)
        at org.apache.hadoop.ipc.CallQueueManager.take(CallQueueManager.java:317)
        at org.apache.hadoop.ipc.Server$Handler.run(Server.java:3014)
"9387e6e8-bf6d-4d10-9dc1-f1bd05fc02cf@group-77AD9CB52074-StateMachineUpdater" daemon prio=5 tid=3668 timed_waiting
java.lang.Thread.State: TIMED_WAITING
        at sun.misc.Unsafe.park(Native Method)
        at java.util.concurrent.locks.LockSupport.parkNanos(LockSupport.java:215)
        at java.util.concurrent.locks.AbstractQueuedSynchronizer$ConditionObject.await(AbstractQueuedSynchronizer.java:2163)
        at org.apache.ratis.util.AwaitForSignal.await(AwaitForSignal.java:65)
        at org.apache.ratis.server.impl.StateMachineUpdater.waitForCommit(StateMachineUpdater.java:211)
        at org.apache.ratis.server.impl.StateMachineUpdater.run(StateMachineUpdater.java:180)
        at java.lang.Thread.run(Thread.java:750)
"StaleRecoveringContainerScrubbingService#0" daemon prio=5 tid=3333 in Object.wait()
java.lang.Thread.State: WAITING (on object monitor)
        at sun.misc.Unsafe.park(Native Method)
        at java.util.concurrent.locks.LockSupport.park(LockSupport.java:175)
        at java.util.concurrent.locks.AbstractQueuedSynchronizer$ConditionObject.await(AbstractQueuedSynchronizer.java:2039)
        at java.util.concurrent.ScheduledThreadPoolExecutor$DelayedWorkQueue.take(ScheduledThreadPoolExecutor.java:1088)
        at java.util.concurrent.ScheduledThreadPoolExecutor$DelayedWorkQueue.take(ScheduledThreadPoolExecutor.java:809)
        at java.util.concurrent.ThreadPoolExecutor.getTask(ThreadPoolExecutor.java:1074)
        at java.util.concurrent.ThreadPoolExecutor.runWorker(ThreadPoolExecutor.java:1134)
        at java.util.concurrent.ThreadPoolExecutor$Worker.run(ThreadPoolExecutor.java:624)
        at java.lang.Thread.run(Thread.java:750)
"IPC Server handler 67 on default port 15106" daemon prio=5 tid=2796 timed_waiting
java.lang.Thread.State: TIMED_WAITING
        at sun.misc.Unsafe.park(Native Method)
        at java.util.concurrent.locks.LockSupport.parkNanos(LockSupport.java:215)
        at java.util.concurrent.locks.AbstractQueuedSynchronizer$ConditionObject.awaitNanos(AbstractQueuedSynchronizer.java:2078)
        at java.util.concurrent.LinkedBlockingQueue.poll(LinkedBlockingQueue.java:467)
        at org.apache.hadoop.ipc.CallQueueManager.take(CallQueueManager.java:317)
        at org.apache.hadoop.ipc.Server$Handler.run(Server.java:3014)
"6cf56e53-88cb-4022-bd56-d9b5c4d884ee-DatanodeStateMachineDaemonThread" daemon prio=5 tid=3811 timed_waiting
java.lang.Thread.State: TIMED_WAITING
        at sun.misc.Unsafe.park(Native Method)
        at java.util.concurrent.locks.LockSupport.parkNanos(LockSupport.java:215)
        at java.util.concurrent.locks.AbstractQueuedSynchronizer$ConditionObject.awaitNanos(AbstractQueuedSynchronizer.java:2078)
        at java.util.concurrent.LinkedBlockingQueue.poll(LinkedBlockingQueue.java:467)
        at java.util.concurrent.ExecutorCompletionService.poll(ExecutorCompletionService.java:202)
        at org.apache.hadoop.ozone.container.common.states.datanode.RunningDatanodeState.await(RunningDatanodeState.java:232)
        at org.apache.hadoop.ozone.container.common.states.datanode.RunningDatanodeState.await(RunningDatanodeState.java:50)
        at org.apache.hadoop.ozone.container.common.statemachine.StateContext.execute(StateContext.java:682)
        at org.apache.hadoop.ozone.container.common.statemachine.DatanodeStateMachine.startStateMachineThread(DatanodeStateMachine.java:354)
        at org.apache.hadoop.ozone.container.common.statemachine.DatanodeStateMachine.lambda$startDaemon$1(DatanodeStateMachine.java:556)
        at org.apache.hadoop.ozone.container.common.statemachine.DatanodeStateMachine$$Lambda$1199/1564313492.run(Unknown Source)
        at java.lang.Thread.run(Thread.java:750)
"a45323a7-bc80-446e-b427-0ffb34a72641-ChunkWriter-0-0" daemon prio=5 tid=3308 in Object.wait()
java.lang.Thread.State: WAITING (on object monitor)
        at sun.misc.Unsafe.park(Native Method)
        at java.util.concurrent.locks.LockSupport.park(LockSupport.java:175)
        at java.util.concurrent.locks.AbstractQueuedSynchronizer$ConditionObject.await(AbstractQueuedSynchronizer.java:2039)
        at java.util.concurrent.LinkedBlockingDeque.takeFirst(LinkedBlockingDeque.java:492)
        at java.util.concurrent.LinkedBlockingDeque.take(LinkedBlockingDeque.java:680)
        at java.util.concurrent.ThreadPoolExecutor.getTask(ThreadPoolExecutor.java:1074)
        at java.util.concurrent.ThreadPoolExecutor.runWorker(ThreadPoolExecutor.java:1134)
        at java.util.concurrent.ThreadPoolExecutor$Worker.run(ThreadPoolExecutor.java:624)
        at java.lang.Thread.run(Thread.java:750)
"pool-524-thread-1" daemon prio=5 tid=3251 timed_waiting
java.lang.Thread.State: TIMED_WAITING
        at sun.misc.Unsafe.park(Native Method)
        at java.util.concurrent.locks.LockSupport.parkNanos(LockSupport.java:215)
        at java.util.concurrent.locks.AbstractQueuedSynchronizer$ConditionObject.awaitNanos(AbstractQueuedSynchronizer.java:2078)
        at java.util.concurrent.ScheduledThreadPoolExecutor$DelayedWorkQueue.take(ScheduledThreadPoolExecutor.java:1093)
        at java.util.concurrent.ScheduledThreadPoolExecutor$DelayedWorkQueue.take(ScheduledThreadPoolExecutor.java:809)
        at java.util.concurrent.ThreadPoolExecutor.getTask(ThreadPoolExecutor.java:1074)
        at java.util.concurrent.ThreadPoolExecutor.runWorker(ThreadPoolExecutor.java:1134)
        at java.util.concurrent.ThreadPoolExecutor$Worker.run(ThreadPoolExecutor.java:624)
        at java.lang.Thread.run(Thread.java:750)
"qtp1284879016-3219" daemon prio=5 tid=3219 runnable
java.lang.Thread.State: RUNNABLE
        at sun.nio.ch.EPollArrayWrapper.epollWait(Native Method)
        at sun.nio.ch.EPollArrayWrapper.poll(EPollArrayWrapper.java:269)
        at sun.nio.ch.EPollSelectorImpl.doSelect(EPollSelectorImpl.java:93)
        at sun.nio.ch.SelectorImpl.lockAndDoSelect(SelectorImpl.java:86)
        at sun.nio.ch.SelectorImpl.select(SelectorImpl.java:97)
        at sun.nio.ch.SelectorImpl.select(SelectorImpl.java:101)
        at org.eclipse.jetty.io.ManagedSelector.nioSelect(ManagedSelector.java:183)
        at org.eclipse.jetty.io.ManagedSelector.select(ManagedSelector.java:190)
        at org.eclipse.jetty.io.ManagedSelector$SelectorProducer.select(ManagedSelector.java:606)
        at org.eclipse.jetty.io.ManagedSelector$SelectorProducer.produce(ManagedSelector.java:543)
        at org.eclipse.jetty.util.thread.strategy.EatWhatYouKill.produceTask(EatWhatYouKill.java:362)
        at org.eclipse.jetty.util.thread.strategy.EatWhatYouKill.doProduce(EatWhatYouKill.java:186)
        at org.eclipse.jetty.util.thread.strategy.EatWhatYouKill.tryProduce(EatWhatYouKill.java:173)
        at org.eclipse.jetty.util.thread.strategy.EatWhatYouKill.produce(EatWhatYouKill.java:137)
        at org.eclipse.jetty.io.ManagedSelector$$Lambda$746/715978059.run(Unknown Source)
        at org.eclipse.jetty.util.thread.QueuedThreadPool.runJob(QueuedThreadPool.java:883)
        at org.eclipse.jetty.util.thread.QueuedThreadPool$Runner.run(QueuedThreadPool.java:1034)
        at java.lang.Thread.run(Thread.java:750)
"Session-HouseKeeper-38d69888-1"  prio=5 tid=3227 timed_waiting
java.lang.Thread.State: TIMED_WAITING
        at sun.misc.Unsafe.park(Native Method)
        at java.util.concurrent.locks.LockSupport.parkNanos(LockSupport.java:215)
        at java.util.concurrent.locks.AbstractQueuedSynchronizer$ConditionObject.awaitNanos(AbstractQueuedSynchronizer.java:2078)
        at java.util.concurrent.ScheduledThreadPoolExecutor$DelayedWorkQueue.take(ScheduledThreadPoolExecutor.java:1093)
        at java.util.concurrent.ScheduledThreadPoolExecutor$DelayedWorkQueue.take(ScheduledThreadPoolExecutor.java:809)
        at java.util.concurrent.ThreadPoolExecutor.getTask(ThreadPoolExecutor.java:1074)
        at java.util.concurrent.ThreadPoolExecutor.runWorker(ThreadPoolExecutor.java:1134)
        at java.util.concurrent.ThreadPoolExecutor$Worker.run(ThreadPoolExecutor.java:624)
        at java.lang.Thread.run(Thread.java:750)
"IPC Server handler 31 on default port 15108" daemon prio=5 tid=2960 timed_waiting
java.lang.Thread.State: TIMED_WAITING
        at sun.misc.Unsafe.park(Native Method)
        at java.util.concurrent.locks.LockSupport.parkNanos(LockSupport.java:215)
        at java.util.concurrent.locks.AbstractQueuedSynchronizer$ConditionObject.awaitNanos(AbstractQueuedSynchronizer.java:2078)
        at java.util.concurrent.LinkedBlockingQueue.poll(LinkedBlockingQueue.java:467)
        at org.apache.hadoop.ipc.CallQueueManager.take(CallQueueManager.java:317)
        at org.apache.hadoop.ipc.Server$Handler.run(Server.java:3014)
"9387e6e8-bf6d-4d10-9dc1-f1bd05fc02cf-ChunkWriter-1-0" daemon prio=5 tid=3255 in Object.wait()
java.lang.Thread.State: WAITING (on object monitor)
        at sun.misc.Unsafe.park(Native Method)
        at java.util.concurrent.locks.LockSupport.park(LockSupport.java:175)
        at java.util.concurrent.locks.AbstractQueuedSynchronizer$ConditionObject.await(AbstractQueuedSynchronizer.java:2039)
        at java.util.concurrent.LinkedBlockingDeque.takeFirst(LinkedBlockingDeque.java:492)
        at java.util.concurrent.LinkedBlockingDeque.take(LinkedBlockingDeque.java:680)
        at java.util.concurrent.ThreadPoolExecutor.getTask(ThreadPoolExecutor.java:1074)
        at java.util.concurrent.ThreadPoolExecutor.runWorker(ThreadPoolExecutor.java:1134)
        at java.util.concurrent.ThreadPoolExecutor$Worker.run(ThreadPoolExecutor.java:624)
        at java.lang.Thread.run(Thread.java:750)
"IPC Server handler 49 on default port 15106" daemon prio=5 tid=2778 timed_waiting
java.lang.Thread.State: TIMED_WAITING
        at sun.misc.Unsafe.park(Native Method)
        at java.util.concurrent.locks.LockSupport.parkNanos(LockSupport.java:215)
        at java.util.concurrent.locks.AbstractQueuedSynchronizer$ConditionObject.awaitNanos(AbstractQueuedSynchronizer.java:2078)
        at java.util.concurrent.LinkedBlockingQueue.poll(LinkedBlockingQueue.java:467)
        at org.apache.hadoop.ipc.CallQueueManager.take(CallQueueManager.java:317)
        at org.apache.hadoop.ipc.Server$Handler.run(Server.java:3014)
"PartialTableCache-Cleanup-0" daemon prio=5 tid=2210 in Object.wait()
java.lang.Thread.State: WAITING (on object monitor)
        at sun.misc.Unsafe.park(Native Method)
        at java.util.concurrent.locks.LockSupport.park(LockSupport.java:175)
        at java.util.concurrent.locks.AbstractQueuedSynchronizer$ConditionObject.await(AbstractQueuedSynchronizer.java:2039)
        at java.util.concurrent.LinkedBlockingQueue.take(LinkedBlockingQueue.java:442)
        at java.util.concurrent.ThreadPoolExecutor.getTask(ThreadPoolExecutor.java:1074)
        at java.util.concurrent.ThreadPoolExecutor.runWorker(ThreadPoolExecutor.java:1134)
        at java.util.concurrent.ThreadPoolExecutor$Worker.run(ThreadPoolExecutor.java:624)
        at java.lang.Thread.run(Thread.java:750)
"IPC Server handler 63 on default port 15108" daemon prio=5 tid=2992 timed_waiting
java.lang.Thread.State: TIMED_WAITING
        at sun.misc.Unsafe.park(Native Method)
        at java.util.concurrent.locks.LockSupport.parkNanos(LockSupport.java:215)
        at java.util.concurrent.locks.AbstractQueuedSynchronizer$ConditionObject.awaitNanos(AbstractQueuedSynchronizer.java:2078)
        at java.util.concurrent.LinkedBlockingQueue.poll(LinkedBlockingQueue.java:467)
        at org.apache.hadoop.ipc.CallQueueManager.take(CallQueueManager.java:317)
        at org.apache.hadoop.ipc.Server$Handler.run(Server.java:3014)
"IPC Server handler 96 on default port 15107" daemon prio=5 tid=2925 timed_waiting
java.lang.Thread.State: TIMED_WAITING
        at sun.misc.Unsafe.park(Native Method)
        at java.util.concurrent.locks.LockSupport.parkNanos(LockSupport.java:215)
        at java.util.concurrent.locks.AbstractQueuedSynchronizer$ConditionObject.awaitNanos(AbstractQueuedSynchronizer.java:2078)
        at java.util.concurrent.LinkedBlockingQueue.poll(LinkedBlockingQueue.java:467)
        at org.apache.hadoop.ipc.CallQueueManager.take(CallQueueManager.java:317)
        at org.apache.hadoop.ipc.Server$Handler.run(Server.java:3014)
"FixedThreadPoolWithAffinityExecutor-2-0" daemon prio=5 tid=2719 timed_waiting
java.lang.Thread.State: TIMED_WAITING
        at sun.misc.Unsafe.park(Native Method)
        at java.util.concurrent.locks.LockSupport.parkNanos(LockSupport.java:215)
        at java.util.concurrent.locks.AbstractQueuedSynchronizer$ConditionObject.awaitNanos(AbstractQueuedSynchronizer.java:2078)
        at java.util.concurrent.LinkedBlockingQueue.poll(LinkedBlockingQueue.java:467)
        at org.apache.hadoop.hdds.scm.server.ContainerReportQueue.poll(ContainerReportQueue.java:269)
        at org.apache.hadoop.hdds.scm.server.ContainerReportQueue.poll(ContainerReportQueue.java:42)
        at org.apache.hadoop.hdds.server.events.FixedThreadPoolWithAffinityExecutor$ContainerReportProcessTask.run(FixedThreadPoolWithAffinityExecutor.java:253)
        at java.util.concurrent.Executors$RunnableAdapter.call(Executors.java:511)
        at java.util.concurrent.FutureTask.run(FutureTask.java:266)
        at java.util.concurrent.ThreadPoolExecutor.runWorker(ThreadPoolExecutor.java:1149)
        at java.util.concurrent.ThreadPoolExecutor$Worker.run(ThreadPoolExecutor.java:624)
        at java.lang.Thread.run(Thread.java:750)
"IPC Server handler 72 on default port 15108" daemon prio=5 tid=3001 timed_waiting
java.lang.Thread.State: TIMED_WAITING
        at sun.misc.Unsafe.park(Native Method)
        at java.util.concurrent.locks.LockSupport.parkNanos(LockSupport.java:215)
        at java.util.concurrent.locks.AbstractQueuedSynchronizer$ConditionObject.awaitNanos(AbstractQueuedSynchronizer.java:2078)
        at java.util.concurrent.LinkedBlockingQueue.poll(LinkedBlockingQueue.java:467)
        at org.apache.hadoop.ipc.CallQueueManager.take(CallQueueManager.java:317)
        at org.apache.hadoop.ipc.Server$Handler.run(Server.java:3014)
"a45323a7-bc80-446e-b427-0ffb34a72641@group-43B368CDAB69-LeaderStateImpl" daemon prio=5 tid=3490 timed_waiting
java.lang.Thread.State: TIMED_WAITING
        at sun.misc.Unsafe.park(Native Method)
        at java.util.concurrent.locks.LockSupport.parkNanos(LockSupport.java:215)
        at java.util.concurrent.locks.AbstractQueuedSynchronizer$ConditionObject.awaitNanos(AbstractQueuedSynchronizer.java:2078)
        at java.util.concurrent.ArrayBlockingQueue.poll(ArrayBlockingQueue.java:418)
        at org.apache.ratis.server.impl.LeaderStateImpl$EventQueue.poll(LeaderStateImpl.java:164)
        at org.apache.ratis.server.impl.LeaderStateImpl$EventProcessor.run(LeaderStateImpl.java:762)
"IPC Server handler 62 on default port 15108" daemon prio=5 tid=2991 timed_waiting
java.lang.Thread.State: TIMED_WAITING
        at sun.misc.Unsafe.park(Native Method)
        at java.util.concurrent.locks.LockSupport.parkNanos(LockSupport.java:215)
        at java.util.concurrent.locks.AbstractQueuedSynchronizer$ConditionObject.awaitNanos(AbstractQueuedSynchronizer.java:2078)
        at java.util.concurrent.LinkedBlockingQueue.poll(LinkedBlockingQueue.java:467)
        at org.apache.hadoop.ipc.CallQueueManager.take(CallQueueManager.java:317)
        at org.apache.hadoop.ipc.Server$Handler.run(Server.java:3014)
"RatisPipelineUtilsThread-0"  prio=5 tid=2695 timed_waiting
java.lang.Thread.State: TIMED_WAITING
        at java.lang.Object.wait(Native Method)
        at org.apache.hadoop.hdds.scm.pipeline.BackgroundPipelineCreator.run(BackgroundPipelineCreator.java:179)
        at org.apache.hadoop.hdds.scm.pipeline.BackgroundPipelineCreator$$Lambda$638/1684428673.run(Unknown Source)
        at java.lang.Thread.run(Thread.java:750)
"a45323a7-bc80-446e-b427-0ffb34a72641-BlockDeletingService#7" daemon prio=5 tid=3866 in Object.wait()
java.lang.Thread.State: WAITING (on object monitor)
        at sun.misc.Unsafe.park(Native Method)
        at java.util.concurrent.locks.LockSupport.park(LockSupport.java:175)
        at java.util.concurrent.locks.AbstractQueuedSynchronizer$ConditionObject.await(AbstractQueuedSynchronizer.java:2039)
        at java.util.concurrent.ScheduledThreadPoolExecutor$DelayedWorkQueue.take(ScheduledThreadPoolExecutor.java:1088)
        at java.util.concurrent.ScheduledThreadPoolExecutor$DelayedWorkQueue.take(ScheduledThreadPoolExecutor.java:809)
        at java.util.concurrent.ThreadPoolExecutor.getTask(ThreadPoolExecutor.java:1074)
        at java.util.concurrent.ThreadPoolExecutor.runWorker(ThreadPoolExecutor.java:1134)
        at java.util.concurrent.ThreadPoolExecutor$Worker.run(ThreadPoolExecutor.java:624)
        at java.lang.Thread.run(Thread.java:750)
"a45323a7-bc80-446e-b427-0ffb34a72641@group-43B368CDAB69-cacheEviction-AwaitToRun" daemon prio=5 tid=3413 in Object.wait()
java.lang.Thread.State: WAITING (on object monitor)
        at sun.misc.Unsafe.park(Native Method)
        at java.util.concurrent.locks.LockSupport.park(LockSupport.java:175)
        at java.util.concurrent.locks.AbstractQueuedSynchronizer$ConditionObject.await(AbstractQueuedSynchronizer.java:2039)
        at org.apache.ratis.util.AwaitForSignal.await(AwaitForSignal.java:48)
        at org.apache.ratis.util.AwaitToRun$RunnableImpl.run(AwaitToRun.java:47)
        at java.lang.Thread.run(Thread.java:750)
"IPC Server handler 74 on default port 15107" daemon prio=5 tid=2903 timed_waiting
java.lang.Thread.State: TIMED_WAITING
        at sun.misc.Unsafe.park(Native Method)
        at java.util.concurrent.locks.LockSupport.parkNanos(LockSupport.java:215)
        at java.util.concurrent.locks.AbstractQueuedSynchronizer$ConditionObject.awaitNanos(AbstractQueuedSynchronizer.java:2078)
        at java.util.concurrent.LinkedBlockingQueue.poll(LinkedBlockingQueue.java:467)
        at org.apache.hadoop.ipc.CallQueueManager.take(CallQueueManager.java:317)
        at org.apache.hadoop.ipc.Server$Handler.run(Server.java:3014)
"pool-624-thread-1" daemon prio=5 tid=3323 timed_waiting
java.lang.Thread.State: TIMED_WAITING
        at sun.misc.Unsafe.park(Native Method)
        at java.util.concurrent.locks.LockSupport.parkNanos(LockSupport.java:215)
        at java.util.concurrent.locks.AbstractQueuedSynchronizer$ConditionObject.awaitNanos(AbstractQueuedSynchronizer.java:2078)
        at java.util.concurrent.ScheduledThreadPoolExecutor$DelayedWorkQueue.take(ScheduledThreadPoolExecutor.java:1093)
        at java.util.concurrent.ScheduledThreadPoolExecutor$DelayedWorkQueue.take(ScheduledThreadPoolExecutor.java:809)
        at java.util.concurrent.ThreadPoolExecutor.getTask(ThreadPoolExecutor.java:1074)
        at java.util.concurrent.ThreadPoolExecutor.runWorker(ThreadPoolExecutor.java:1134)
        at java.util.concurrent.ThreadPoolExecutor$Worker.run(ThreadPoolExecutor.java:624)
        at java.lang.Thread.run(Thread.java:750)
"6cf56e53-88cb-4022-bd56-d9b5c4d884ee@group-5E161AF68217-LeaderStateImpl" daemon prio=5 tid=3846 timed_waiting
java.lang.Thread.State: TIMED_WAITING
        at sun.misc.Unsafe.park(Native Method)
        at java.util.concurrent.locks.LockSupport.parkNanos(LockSupport.java:215)
        at java.util.concurrent.locks.AbstractQueuedSynchronizer$ConditionObject.awaitNanos(AbstractQueuedSynchronizer.java:2078)
        at java.util.concurrent.ArrayBlockingQueue.poll(ArrayBlockingQueue.java:418)
        at org.apache.ratis.server.impl.LeaderStateImpl$EventQueue.poll(LeaderStateImpl.java:164)
        at org.apache.ratis.server.impl.LeaderStateImpl$EventProcessor.run(LeaderStateImpl.java:762)
"IPC Server handler 43 on default port 15106" daemon prio=5 tid=2772 timed_waiting
java.lang.Thread.State: TIMED_WAITING
        at sun.misc.Unsafe.park(Native Method)
        at java.util.concurrent.locks.LockSupport.parkNanos(LockSupport.java:215)
        at java.util.concurrent.locks.AbstractQueuedSynchronizer$ConditionObject.awaitNanos(AbstractQueuedSynchronizer.java:2078)
        at java.util.concurrent.LinkedBlockingQueue.poll(LinkedBlockingQueue.java:467)
        at org.apache.hadoop.ipc.CallQueueManager.take(CallQueueManager.java:317)
        at org.apache.hadoop.ipc.Server$Handler.run(Server.java:3014)
"grpc-default-worker-ELG-7-3" daemon prio=5 tid=3358 runnable
java.lang.Thread.State: RUNNABLE
        at org.apache.ratis.thirdparty.io.netty.channel.epoll.Native.epollWait0(Native Method)
        at org.apache.ratis.thirdparty.io.netty.channel.epoll.Native.epollWait(Native.java:182)
        at org.apache.ratis.thirdparty.io.netty.channel.epoll.EpollEventLoop.epollWait(EpollEventLoop.java:312)
        at org.apache.ratis.thirdparty.io.netty.channel.epoll.EpollEventLoop.run(EpollEventLoop.java:376)
        at org.apache.ratis.thirdparty.io.netty.util.concurrent.SingleThreadEventExecutor$4.run(SingleThreadEventExecutor.java:997)
        at org.apache.ratis.thirdparty.io.netty.util.internal.ThreadExecutorMap$2.run(ThreadExecutorMap.java:74)
        at org.apache.ratis.thirdparty.io.netty.util.concurrent.FastThreadLocalRunnable.run(FastThreadLocalRunnable.java:30)
        at java.lang.Thread.run(Thread.java:750)
"IPC Server handler 30 on default port 15108" daemon prio=5 tid=2959 timed_waiting
java.lang.Thread.State: TIMED_WAITING
        at sun.misc.Unsafe.park(Native Method)
        at java.util.concurrent.locks.LockSupport.parkNanos(LockSupport.java:215)
        at java.util.concurrent.locks.AbstractQueuedSynchronizer$ConditionObject.awaitNanos(AbstractQueuedSynchronizer.java:2078)
        at java.util.concurrent.LinkedBlockingQueue.poll(LinkedBlockingQueue.java:467)
        at org.apache.hadoop.ipc.CallQueueManager.take(CallQueueManager.java:317)
        at org.apache.hadoop.ipc.Server$Handler.run(Server.java:3014)
"IPC Server handler 61 on default port 15108" daemon prio=5 tid=2990 timed_waiting
java.lang.Thread.State: TIMED_WAITING
        at sun.misc.Unsafe.park(Native Method)
        at java.util.concurrent.locks.LockSupport.parkNanos(LockSupport.java:215)
        at java.util.concurrent.locks.AbstractQueuedSynchronizer$ConditionObject.awaitNanos(AbstractQueuedSynchronizer.java:2078)
        at java.util.concurrent.LinkedBlockingQueue.poll(LinkedBlockingQueue.java:467)
        at org.apache.hadoop.ipc.CallQueueManager.take(CallQueueManager.java:317)
        at org.apache.hadoop.ipc.Server$Handler.run(Server.java:3014)
"StaleRecoveringContainerScrubbingService#2" daemon prio=5 tid=3601 in Object.wait()
java.lang.Thread.State: WAITING (on object monitor)
        at sun.misc.Unsafe.park(Native Method)
        at java.util.concurrent.locks.LockSupport.park(LockSupport.java:175)
        at java.util.concurrent.locks.AbstractQueuedSynchronizer$ConditionObject.await(AbstractQueuedSynchronizer.java:2039)
        at java.util.concurrent.ScheduledThreadPoolExecutor$DelayedWorkQueue.take(ScheduledThreadPoolExecutor.java:1088)
        at java.util.concurrent.ScheduledThreadPoolExecutor$DelayedWorkQueue.take(ScheduledThreadPoolExecutor.java:809)
        at java.util.concurrent.ThreadPoolExecutor.getTask(ThreadPoolExecutor.java:1074)
        at java.util.concurrent.ThreadPoolExecutor.runWorker(ThreadPoolExecutor.java:1134)
        at java.util.concurrent.ThreadPoolExecutor$Worker.run(ThreadPoolExecutor.java:624)
        at java.lang.Thread.run(Thread.java:750)
"a45323a7-bc80-446e-b427-0ffb34a72641-groupManagement"  prio=5 tid=3403 in Object.wait()
java.lang.Thread.State: WAITING (on object monitor)
        at sun.misc.Unsafe.park(Native Method)
        at java.util.concurrent.locks.LockSupport.park(LockSupport.java:175)
        at java.util.concurrent.locks.AbstractQueuedSynchronizer$ConditionObject.await(AbstractQueuedSynchronizer.java:2039)
        at java.util.concurrent.LinkedBlockingQueue.take(LinkedBlockingQueue.java:442)
        at java.util.concurrent.ThreadPoolExecutor.getTask(ThreadPoolExecutor.java:1074)
        at java.util.concurrent.ThreadPoolExecutor.runWorker(ThreadPoolExecutor.java:1134)
        at java.util.concurrent.ThreadPoolExecutor$Worker.run(ThreadPoolExecutor.java:624)
        at java.lang.Thread.run(Thread.java:750)
"9387e6e8-bf6d-4d10-9dc1-f1bd05fc02cf-DatanodeReportManager-4" daemon prio=5 tid=3127 in Object.wait()
java.lang.Thread.State: WAITING (on object monitor)
        at sun.misc.Unsafe.park(Native Method)
        at java.util.concurrent.locks.LockSupport.park(LockSupport.java:175)
        at java.util.concurrent.locks.AbstractQueuedSynchronizer$ConditionObject.await(AbstractQueuedSynchronizer.java:2039)
        at java.util.concurrent.ScheduledThreadPoolExecutor$DelayedWorkQueue.take(ScheduledThreadPoolExecutor.java:1088)
        at java.util.concurrent.ScheduledThreadPoolExecutor$DelayedWorkQueue.take(ScheduledThreadPoolExecutor.java:809)
        at java.util.concurrent.ThreadPoolExecutor.getTask(ThreadPoolExecutor.java:1074)
        at java.util.concurrent.ThreadPoolExecutor.runWorker(ThreadPoolExecutor.java:1134)
        at java.util.concurrent.ThreadPoolExecutor$Worker.run(ThreadPoolExecutor.java:624)
        at java.lang.Thread.run(Thread.java:750)
"IPC Server handler 71 on default port 15106" daemon prio=5 tid=2800 timed_waiting
java.lang.Thread.State: TIMED_WAITING
        at sun.misc.Unsafe.park(Native Method)
        at java.util.concurrent.locks.LockSupport.parkNanos(LockSupport.java:215)
        at java.util.concurrent.locks.AbstractQueuedSynchronizer$ConditionObject.awaitNanos(AbstractQueuedSynchronizer.java:2078)
        at java.util.concurrent.LinkedBlockingQueue.poll(LinkedBlockingQueue.java:467)
        at org.apache.hadoop.ipc.CallQueueManager.take(CallQueueManager.java:317)
        at org.apache.hadoop.ipc.Server$Handler.run(Server.java:3014)
"StaleRecoveringContainerScrubbingService#7" daemon prio=5 tid=3867 in Object.wait()
java.lang.Thread.State: WAITING (on object monitor)
        at sun.misc.Unsafe.park(Native Method)
        at java.util.concurrent.locks.LockSupport.park(LockSupport.java:175)
        at java.util.concurrent.locks.AbstractQueuedSynchronizer$ConditionObject.await(AbstractQueuedSynchronizer.java:2039)
        at java.util.concurrent.ScheduledThreadPoolExecutor$DelayedWorkQueue.take(ScheduledThreadPoolExecutor.java:1088)
        at java.util.concurrent.ScheduledThreadPoolExecutor$DelayedWorkQueue.take(ScheduledThreadPoolExecutor.java:809)
        at java.util.concurrent.ThreadPoolExecutor.getTask(ThreadPoolExecutor.java:1074)
        at java.util.concurrent.ThreadPoolExecutor.runWorker(ThreadPoolExecutor.java:1134)
        at java.util.concurrent.ThreadPoolExecutor$Worker.run(ThreadPoolExecutor.java:624)
        at java.lang.Thread.run(Thread.java:750)
"27a8a089-9cbd-4645-b65b-4260744cd410-CloseContainerThread-0"  prio=5 tid=1031 in Object.wait()
java.lang.Thread.State: WAITING (on object monitor)
        at sun.misc.Unsafe.park(Native Method)
        at java.util.concurrent.locks.LockSupport.park(LockSupport.java:175)
        at java.util.concurrent.locks.AbstractQueuedSynchronizer$ConditionObject.await(AbstractQueuedSynchronizer.java:2039)
        at java.util.concurrent.LinkedBlockingQueue.take(LinkedBlockingQueue.java:442)
        at java.util.concurrent.ThreadPoolExecutor.getTask(ThreadPoolExecutor.java:1074)
        at java.util.concurrent.ThreadPoolExecutor.runWorker(ThreadPoolExecutor.java:1134)
        at java.util.concurrent.ThreadPoolExecutor$Worker.run(ThreadPoolExecutor.java:624)
        at java.lang.Thread.run(Thread.java:750)
"IPC Server handler 80 on default port 15108" daemon prio=5 tid=3009 timed_waiting
java.lang.Thread.State: TIMED_WAITING
        at sun.misc.Unsafe.park(Native Method)
        at java.util.concurrent.locks.LockSupport.parkNanos(LockSupport.java:215)
        at java.util.concurrent.locks.AbstractQueuedSynchronizer$ConditionObject.awaitNanos(AbstractQueuedSynchronizer.java:2078)
        at java.util.concurrent.LinkedBlockingQueue.poll(LinkedBlockingQueue.java:467)
        at org.apache.hadoop.ipc.CallQueueManager.take(CallQueueManager.java:317)
        at org.apache.hadoop.ipc.Server$Handler.run(Server.java:3014)
"SCMHeartbeatProcessor-0" daemon prio=5 tid=2694 timed_waiting
java.lang.Thread.State: TIMED_WAITING
        at sun.misc.Unsafe.park(Native Method)
        at java.util.concurrent.locks.LockSupport.parkNanos(LockSupport.java:215)
        at java.util.concurrent.locks.AbstractQueuedSynchronizer$ConditionObject.awaitNanos(AbstractQueuedSynchronizer.java:2078)
        at java.util.concurrent.ScheduledThreadPoolExecutor$DelayedWorkQueue.take(ScheduledThreadPoolExecutor.java:1093)
        at java.util.concurrent.ScheduledThreadPoolExecutor$DelayedWorkQueue.take(ScheduledThreadPoolExecutor.java:809)
        at java.util.concurrent.ThreadPoolExecutor.getTask(ThreadPoolExecutor.java:1074)
        at java.util.concurrent.ThreadPoolExecutor.runWorker(ThreadPoolExecutor.java:1134)
        at java.util.concurrent.ThreadPoolExecutor$Worker.run(ThreadPoolExecutor.java:624)
        at java.lang.Thread.run(Thread.java:750)
"grpc-default-boss-ELG-6-1" daemon prio=5 tid=3059 runnable
java.lang.Thread.State: RUNNABLE
        at org.apache.ratis.thirdparty.io.netty.channel.epoll.Native.epollWait(Native Method)
        at org.apache.ratis.thirdparty.io.netty.channel.epoll.Native.epollWait(Native.java:209)
        at org.apache.ratis.thirdparty.io.netty.channel.epoll.Native.epollWait(Native.java:202)
        at org.apache.ratis.thirdparty.io.netty.channel.epoll.EpollEventLoop.epollWaitNoTimerChange(EpollEventLoop.java:316)
        at org.apache.ratis.thirdparty.io.netty.channel.epoll.EpollEventLoop.run(EpollEventLoop.java:373)
        at org.apache.ratis.thirdparty.io.netty.util.concurrent.SingleThreadEventExecutor$4.run(SingleThreadEventExecutor.java:997)
        at org.apache.ratis.thirdparty.io.netty.util.internal.ThreadExecutorMap$2.run(ThreadExecutorMap.java:74)
        at org.apache.ratis.thirdparty.io.netty.util.concurrent.FastThreadLocalRunnable.run(FastThreadLocalRunnable.java:30)
        at java.lang.Thread.run(Thread.java:750)
"IPC Server handler 49 on default port 15107" daemon prio=5 tid=2878 timed_waiting
java.lang.Thread.State: TIMED_WAITING
        at sun.misc.Unsafe.park(Native Method)
        at java.util.concurrent.locks.LockSupport.parkNanos(LockSupport.java:215)
        at java.util.concurrent.locks.AbstractQueuedSynchronizer$ConditionObject.awaitNanos(AbstractQueuedSynchronizer.java:2078)
        at java.util.concurrent.LinkedBlockingQueue.poll(LinkedBlockingQueue.java:467)
        at org.apache.hadoop.ipc.CallQueueManager.take(CallQueueManager.java:317)
        at org.apache.hadoop.ipc.Server$Handler.run(Server.java:3014)
"qtp152257112-3135" daemon prio=5 tid=3135 runnable
java.lang.Thread.State: RUNNABLE
        at sun.nio.ch.EPollArrayWrapper.epollWait(Native Method)
        at sun.nio.ch.EPollArrayWrapper.poll(EPollArrayWrapper.java:269)
        at sun.nio.ch.EPollSelectorImpl.doSelect(EPollSelectorImpl.java:93)
        at sun.nio.ch.SelectorImpl.lockAndDoSelect(SelectorImpl.java:86)
        at sun.nio.ch.SelectorImpl.select(SelectorImpl.java:97)
        at sun.nio.ch.SelectorImpl.select(SelectorImpl.java:101)
        at org.eclipse.jetty.io.ManagedSelector.nioSelect(ManagedSelector.java:183)
        at org.eclipse.jetty.io.ManagedSelector.select(ManagedSelector.java:190)
        at org.eclipse.jetty.io.ManagedSelector$SelectorProducer.select(ManagedSelector.java:606)
        at org.eclipse.jetty.io.ManagedSelector$SelectorProducer.produce(ManagedSelector.java:543)
        at org.eclipse.jetty.util.thread.strategy.EatWhatYouKill.produceTask(EatWhatYouKill.java:362)
        at org.eclipse.jetty.util.thread.strategy.EatWhatYouKill.doProduce(EatWhatYouKill.java:186)
        at org.eclipse.jetty.util.thread.strategy.EatWhatYouKill.tryProduce(EatWhatYouKill.java:173)
        at org.eclipse.jetty.util.thread.strategy.EatWhatYouKill.produce(EatWhatYouKill.java:137)
        at org.eclipse.jetty.io.ManagedSelector$$Lambda$746/715978059.run(Unknown Source)
        at org.eclipse.jetty.util.thread.QueuedThreadPool.runJob(QueuedThreadPool.java:883)
        at org.eclipse.jetty.util.thread.QueuedThreadPool$Runner.run(QueuedThreadPool.java:1034)
        at java.lang.Thread.run(Thread.java:750)
"IPC Server handler 55 on default port 15108" daemon prio=5 tid=2984 timed_waiting
java.lang.Thread.State: TIMED_WAITING
        at sun.misc.Unsafe.park(Native Method)
        at java.util.concurrent.locks.LockSupport.parkNanos(LockSupport.java:215)
        at java.util.concurrent.locks.AbstractQueuedSynchronizer$ConditionObject.awaitNanos(AbstractQueuedSynchronizer.java:2078)
        at java.util.concurrent.LinkedBlockingQueue.poll(LinkedBlockingQueue.java:467)
        at org.apache.hadoop.ipc.CallQueueManager.take(CallQueueManager.java:317)
        at org.apache.hadoop.ipc.Server$Handler.run(Server.java:3014)
"IPC Server handler 41 on default port 15106" daemon prio=5 tid=2770 timed_waiting
java.lang.Thread.State: TIMED_WAITING
        at sun.misc.Unsafe.park(Native Method)
        at java.util.concurrent.locks.LockSupport.parkNanos(LockSupport.java:215)
        at java.util.concurrent.locks.AbstractQueuedSynchronizer$ConditionObject.awaitNanos(AbstractQueuedSynchronizer.java:2078)
        at java.util.concurrent.LinkedBlockingQueue.poll(LinkedBlockingQueue.java:467)
        at org.apache.hadoop.ipc.CallQueueManager.take(CallQueueManager.java:317)
        at org.apache.hadoop.ipc.Server$Handler.run(Server.java:3014)
"33d4fa9a-f1b5-45a2-9ce3-43c86fd82df2@group-12C11132411B->80370d78-c36f-4d75-b7cb-6753407b0dff-GrpcLogAppender-LogAppenderDaemon" daemon prio=5 tid=3723 timed_waiting
java.lang.Thread.State: TIMED_WAITING
        at sun.misc.Unsafe.park(Native Method)
        at java.util.concurrent.locks.LockSupport.parkNanos(LockSupport.java:215)
        at java.util.concurrent.locks.AbstractQueuedSynchronizer$ConditionObject.await(AbstractQueuedSynchronizer.java:2163)
        at org.apache.ratis.util.AwaitForSignal.await(AwaitForSignal.java:65)
        at org.apache.ratis.grpc.server.GrpcLogAppender.mayWait(GrpcLogAppender.java:286)
        at org.apache.ratis.grpc.server.GrpcLogAppender.run(GrpcLogAppender.java:254)
        at org.apache.ratis.server.leader.LogAppenderDaemon.run(LogAppenderDaemon.java:80)
        at org.apache.ratis.server.leader.LogAppenderDaemon$$Lambda$1539/1265239873.run(Unknown Source)
        at java.lang.Thread.run(Thread.java:750)
"timer1" daemon prio=5 tid=826 timed_waiting
java.lang.Thread.State: TIMED_WAITING
        at java.lang.Object.wait(Native Method)
        at java.util.TimerThread.mainLoop(Timer.java:552)
        at java.util.TimerThread.run(Timer.java:505)
"a45323a7-bc80-446e-b427-0ffb34a72641@group-0B323A473FB2->33d4fa9a-f1b5-45a2-9ce3-43c86fd82df2-GrpcLogAppender-LogAppenderDaemon" daemon prio=5 tid=3690 timed_waiting
java.lang.Thread.State: TIMED_WAITING
        at sun.misc.Unsafe.park(Native Method)
        at java.util.concurrent.locks.LockSupport.parkNanos(LockSupport.java:215)
        at java.util.concurrent.locks.AbstractQueuedSynchronizer$ConditionObject.await(AbstractQueuedSynchronizer.java:2163)
        at org.apache.ratis.util.AwaitForSignal.await(AwaitForSignal.java:65)
        at org.apache.ratis.grpc.server.GrpcLogAppender.mayWait(GrpcLogAppender.java:286)
        at org.apache.ratis.grpc.server.GrpcLogAppender.run(GrpcLogAppender.java:254)
        at org.apache.ratis.server.leader.LogAppenderDaemon.run(LogAppenderDaemon.java:80)
        at org.apache.ratis.server.leader.LogAppenderDaemon$$Lambda$1539/1265239873.run(Unknown Source)
        at java.lang.Thread.run(Thread.java:750)
"IPC Server handler 87 on default port 15107" daemon prio=5 tid=2916 timed_waiting
java.lang.Thread.State: TIMED_WAITING
        at sun.misc.Unsafe.park(Native Method)
        at java.util.concurrent.locks.LockSupport.parkNanos(LockSupport.java:215)
        at java.util.concurrent.locks.AbstractQueuedSynchronizer$ConditionObject.awaitNanos(AbstractQueuedSynchronizer.java:2078)
        at java.util.concurrent.LinkedBlockingQueue.poll(LinkedBlockingQueue.java:467)
        at org.apache.hadoop.ipc.CallQueueManager.take(CallQueueManager.java:317)
        at org.apache.hadoop.ipc.Server$Handler.run(Server.java:3014)
"IPC Server handler 23 on default port 15106" daemon prio=5 tid=2752 timed_waiting
java.lang.Thread.State: TIMED_WAITING
        at sun.misc.Unsafe.park(Native Method)
        at java.util.concurrent.locks.LockSupport.parkNanos(LockSupport.java:215)
        at java.util.concurrent.locks.AbstractQueuedSynchronizer$ConditionObject.awaitNanos(AbstractQueuedSynchronizer.java:2078)
        at java.util.concurrent.LinkedBlockingQueue.poll(LinkedBlockingQueue.java:467)
        at org.apache.hadoop.ipc.CallQueueManager.take(CallQueueManager.java:317)
        at org.apache.hadoop.ipc.Server$Handler.run(Server.java:3014)
"om1-SnapshotDeletingService#0" daemon prio=5 tid=3069 timed_waiting
java.lang.Thread.State: TIMED_WAITING
        at sun.misc.Unsafe.park(Native Method)
        at java.util.concurrent.locks.LockSupport.parkNanos(LockSupport.java:215)
        at java.util.concurrent.locks.AbstractQueuedSynchronizer$ConditionObject.awaitNanos(AbstractQueuedSynchronizer.java:2078)
        at java.util.concurrent.ScheduledThreadPoolExecutor$DelayedWorkQueue.take(ScheduledThreadPoolExecutor.java:1093)
        at java.util.concurrent.ScheduledThreadPoolExecutor$DelayedWorkQueue.take(ScheduledThreadPoolExecutor.java:809)
        at java.util.concurrent.ThreadPoolExecutor.getTask(ThreadPoolExecutor.java:1074)
        at java.util.concurrent.ThreadPoolExecutor.runWorker(ThreadPoolExecutor.java:1134)
        at java.util.concurrent.ThreadPoolExecutor$Worker.run(ThreadPoolExecutor.java:624)
        at java.lang.Thread.run(Thread.java:750)
"IPC Server idle connection scanner for port 15110" daemon prio=5 tid=3052 timed_waiting
java.lang.Thread.State: TIMED_WAITING
        at java.lang.Object.wait(Native Method)
        at java.util.TimerThread.mainLoop(Timer.java:552)
        at java.util.TimerThread.run(Timer.java:505)
"IPC Server handler 11 on default port 15108" daemon prio=5 tid=2940 timed_waiting
java.lang.Thread.State: TIMED_WAITING
        at sun.misc.Unsafe.park(Native Method)
        at java.util.concurrent.locks.LockSupport.parkNanos(LockSupport.java:215)
        at java.util.concurrent.locks.AbstractQueuedSynchronizer$ConditionObject.awaitNanos(AbstractQueuedSynchronizer.java:2078)
        at java.util.concurrent.LinkedBlockingQueue.poll(LinkedBlockingQueue.java:467)
        at org.apache.hadoop.ipc.CallQueueManager.take(CallQueueManager.java:317)
        at org.apache.hadoop.ipc.Server$Handler.run(Server.java:3014)
"IPC Server handler 30 on default port 15107" daemon prio=5 tid=2859 timed_waiting
java.lang.Thread.State: TIMED_WAITING
        at sun.misc.Unsafe.park(Native Method)
        at java.util.concurrent.locks.LockSupport.parkNanos(LockSupport.java:215)
        at java.util.concurrent.locks.AbstractQueuedSynchronizer$ConditionObject.awaitNanos(AbstractQueuedSynchronizer.java:2078)
        at java.util.concurrent.LinkedBlockingQueue.poll(LinkedBlockingQueue.java:467)
        at org.apache.hadoop.ipc.CallQueueManager.take(CallQueueManager.java:317)
        at org.apache.hadoop.ipc.Server$Handler.run(Server.java:3014)
"9387e6e8-bf6d-4d10-9dc1-f1bd05fc02cf-DatanodeStateMachineTaskThread-0"  prio=5 tid=3129 in Object.wait()
java.lang.Thread.State: WAITING (on object monitor)
        at sun.misc.Unsafe.park(Native Method)
        at java.util.concurrent.locks.LockSupport.park(LockSupport.java:175)
        at java.util.concurrent.locks.AbstractQueuedSynchronizer$ConditionObject.await(AbstractQueuedSynchronizer.java:2039)
        at java.util.concurrent.LinkedBlockingQueue.take(LinkedBlockingQueue.java:442)
        at java.util.concurrent.ThreadPoolExecutor.getTask(ThreadPoolExecutor.java:1074)
        at java.util.concurrent.ThreadPoolExecutor.runWorker(ThreadPoolExecutor.java:1134)
        at java.util.concurrent.ThreadPoolExecutor$Worker.run(ThreadPoolExecutor.java:624)
        at java.lang.Thread.run(Thread.java:750)
"IPC Server handler 53 on default port 15106" daemon prio=5 tid=2782 timed_waiting
java.lang.Thread.State: TIMED_WAITING
        at sun.misc.Unsafe.park(Native Method)
        at java.util.concurrent.locks.LockSupport.parkNanos(LockSupport.java:215)
        at java.util.concurrent.locks.AbstractQueuedSynchronizer$ConditionObject.awaitNanos(AbstractQueuedSynchronizer.java:2078)
        at java.util.concurrent.LinkedBlockingQueue.poll(LinkedBlockingQueue.java:467)
        at org.apache.hadoop.ipc.CallQueueManager.take(CallQueueManager.java:317)
        at org.apache.hadoop.ipc.Server$Handler.run(Server.java:3014)
"Socket Reader #1 for port 15107"  prio=5 tid=2708 runnable
java.lang.Thread.State: RUNNABLE
        at sun.nio.ch.EPollArrayWrapper.epollWait(Native Method)
        at sun.nio.ch.EPollArrayWrapper.poll(EPollArrayWrapper.java:269)
        at sun.nio.ch.EPollSelectorImpl.doSelect(EPollSelectorImpl.java:93)
        at sun.nio.ch.SelectorImpl.lockAndDoSelect(SelectorImpl.java:86)
        at sun.nio.ch.SelectorImpl.select(SelectorImpl.java:97)
        at sun.nio.ch.SelectorImpl.select(SelectorImpl.java:101)
        at org.apache.hadoop.ipc.Server$Listener$Reader.doRunLoop(Server.java:1346)
        at org.apache.hadoop.ipc.Server$Listener$Reader.run(Server.java:1325)
"IPC Server handler 37 on default port 15106" daemon prio=5 tid=2766 timed_waiting
java.lang.Thread.State: TIMED_WAITING
        at sun.misc.Unsafe.park(Native Method)
        at java.util.concurrent.locks.LockSupport.parkNanos(LockSupport.java:215)
        at java.util.concurrent.locks.AbstractQueuedSynchronizer$ConditionObject.awaitNanos(AbstractQueuedSynchronizer.java:2078)
        at java.util.concurrent.LinkedBlockingQueue.poll(LinkedBlockingQueue.java:467)
        at org.apache.hadoop.ipc.CallQueueManager.take(CallQueueManager.java:317)
        at org.apache.hadoop.ipc.Server$Handler.run(Server.java:3014)
"IPC Server handler 74 on default port 15108" daemon prio=5 tid=3003 timed_waiting
java.lang.Thread.State: TIMED_WAITING
        at sun.misc.Unsafe.park(Native Method)
        at java.util.concurrent.locks.LockSupport.parkNanos(LockSupport.java:215)
        at java.util.concurrent.locks.AbstractQueuedSynchronizer$ConditionObject.awaitNanos(AbstractQueuedSynchronizer.java:2078)
        at java.util.concurrent.LinkedBlockingQueue.poll(LinkedBlockingQueue.java:467)
        at org.apache.hadoop.ipc.CallQueueManager.take(CallQueueManager.java:317)
        at org.apache.hadoop.ipc.Server$Handler.run(Server.java:3014)
"IPC Server Responder" daemon prio=5 tid=2705 runnable
java.lang.Thread.State: RUNNABLE
        at sun.nio.ch.EPollArrayWrapper.epollWait(Native Method)
        at sun.nio.ch.EPollArrayWrapper.poll(EPollArrayWrapper.java:269)
        at sun.nio.ch.EPollSelectorImpl.doSelect(EPollSelectorImpl.java:93)
        at sun.nio.ch.SelectorImpl.lockAndDoSelect(SelectorImpl.java:86)
        at sun.nio.ch.SelectorImpl.select(SelectorImpl.java:97)
        at org.apache.hadoop.ipc.Server$Responder.doRunLoop(Server.java:1582)
        at org.apache.hadoop.ipc.Server$Responder.run(Server.java:1565)
"SCMBlockDeletingService#0" daemon prio=5 tid=3029 timed_waiting
java.lang.Thread.State: TIMED_WAITING
        at sun.misc.Unsafe.park(Native Method)
        at java.util.concurrent.locks.LockSupport.parkNanos(LockSupport.java:215)
        at java.util.concurrent.locks.AbstractQueuedSynchronizer$ConditionObject.awaitNanos(AbstractQueuedSynchronizer.java:2078)
        at java.util.concurrent.ScheduledThreadPoolExecutor$DelayedWorkQueue.take(ScheduledThreadPoolExecutor.java:1093)
        at java.util.concurrent.ScheduledThreadPoolExecutor$DelayedWorkQueue.take(ScheduledThreadPoolExecutor.java:809)
        at java.util.concurrent.ThreadPoolExecutor.getTask(ThreadPoolExecutor.java:1074)
        at java.util.concurrent.ThreadPoolExecutor.runWorker(ThreadPoolExecutor.java:1134)
        at java.util.concurrent.ThreadPoolExecutor$Worker.run(ThreadPoolExecutor.java:624)
        at java.lang.Thread.run(Thread.java:750)
"qtp266429001-3036" daemon prio=5 tid=3036 timed_waiting
java.lang.Thread.State: TIMED_WAITING
        at sun.misc.Unsafe.park(Native Method)
        at java.util.concurrent.locks.LockSupport.parkNanos(LockSupport.java:215)
        at java.util.concurrent.locks.AbstractQueuedSynchronizer$ConditionObject.awaitNanos(AbstractQueuedSynchronizer.java:2078)
        at org.eclipse.jetty.util.BlockingArrayQueue.poll(BlockingArrayQueue.java:382)
        at org.eclipse.jetty.util.thread.QueuedThreadPool$Runner.idleJobPoll(QueuedThreadPool.java:974)
        at org.eclipse.jetty.util.thread.QueuedThreadPool$Runner.run(QueuedThreadPool.java:1018)
        at java.lang.Thread.run(Thread.java:750)
"IPC Server handler 29 on default port 15107" daemon prio=5 tid=2858 timed_waiting
java.lang.Thread.State: TIMED_WAITING
        at sun.misc.Unsafe.park(Native Method)
        at java.util.concurrent.locks.LockSupport.parkNanos(LockSupport.java:215)
        at java.util.concurrent.locks.AbstractQueuedSynchronizer$ConditionObject.awaitNanos(AbstractQueuedSynchronizer.java:2078)
        at java.util.concurrent.LinkedBlockingQueue.poll(LinkedBlockingQueue.java:467)
        at org.apache.hadoop.ipc.CallQueueManager.take(CallQueueManager.java:317)
        at org.apache.hadoop.ipc.Server$Handler.run(Server.java:3014)
"IPC Server handler 25 on default port 15107" daemon prio=5 tid=2854 timed_waiting
java.lang.Thread.State: TIMED_WAITING
        at sun.misc.Unsafe.park(Native Method)
        at java.util.concurrent.locks.LockSupport.parkNanos(LockSupport.java:215)
        at java.util.concurrent.locks.AbstractQueuedSynchronizer$ConditionObject.awaitNanos(AbstractQueuedSynchronizer.java:2078)
        at java.util.concurrent.LinkedBlockingQueue.poll(LinkedBlockingQueue.java:467)
        at org.apache.hadoop.ipc.CallQueueManager.take(CallQueueManager.java:317)
        at org.apache.hadoop.ipc.Server$Handler.run(Server.java:3014)
"IPC Server handler 56 on default port 15108" daemon prio=5 tid=2985 timed_waiting
java.lang.Thread.State: TIMED_WAITING
        at sun.misc.Unsafe.park(Native Method)
        at java.util.concurrent.locks.LockSupport.parkNanos(LockSupport.java:215)
        at java.util.concurrent.locks.AbstractQueuedSynchronizer$ConditionObject.awaitNanos(AbstractQueuedSynchronizer.java:2078)
        at java.util.concurrent.LinkedBlockingQueue.poll(LinkedBlockingQueue.java:467)
        at org.apache.hadoop.ipc.CallQueueManager.take(CallQueueManager.java:317)
        at org.apache.hadoop.ipc.Server$Handler.run(Server.java:3014)
"qtp152257112-3136" daemon prio=5 tid=3136 timed_waiting
java.lang.Thread.State: TIMED_WAITING
        at sun.misc.Unsafe.park(Native Method)
        at java.util.concurrent.locks.LockSupport.parkNanos(LockSupport.java:215)
        at java.util.concurrent.locks.AbstractQueuedSynchronizer$ConditionObject.awaitNanos(AbstractQueuedSynchronizer.java:2078)
        at org.eclipse.jetty.util.BlockingArrayQueue.poll(BlockingArrayQueue.java:382)
        at org.eclipse.jetty.util.thread.QueuedThreadPool$Runner.idleJobPoll(QueuedThreadPool.java:974)
        at org.eclipse.jetty.util.thread.QueuedThreadPool$Runner.run(QueuedThreadPool.java:1018)
        at java.lang.Thread.run(Thread.java:750)
"StaleRecoveringContainerScrubbingService#2" daemon prio=5 tid=3603 in Object.wait()
java.lang.Thread.State: WAITING (on object monitor)
        at sun.misc.Unsafe.park(Native Method)
        at java.util.concurrent.locks.LockSupport.park(LockSupport.java:175)
        at java.util.concurrent.locks.AbstractQueuedSynchronizer$ConditionObject.await(AbstractQueuedSynchronizer.java:2039)
        at java.util.concurrent.ScheduledThreadPoolExecutor$DelayedWorkQueue.take(ScheduledThreadPoolExecutor.java:1088)
        at java.util.concurrent.ScheduledThreadPoolExecutor$DelayedWorkQueue.take(ScheduledThreadPoolExecutor.java:809)
        at java.util.concurrent.ThreadPoolExecutor.getTask(ThreadPoolExecutor.java:1074)
        at java.util.concurrent.ThreadPoolExecutor.runWorker(ThreadPoolExecutor.java:1134)
        at java.util.concurrent.ThreadPoolExecutor$Worker.run(ThreadPoolExecutor.java:624)
        at java.lang.Thread.run(Thread.java:750)
"80370d78-c36f-4d75-b7cb-6753407b0dff-NettyServerStreamRpc-bossGroup--thread1"  prio=5 tid=3215 runnable
java.lang.Thread.State: RUNNABLE
        at org.apache.ratis.thirdparty.io.netty.channel.epoll.Native.epollWait(Native Method)
        at org.apache.ratis.thirdparty.io.netty.channel.epoll.Native.epollWait(Native.java:209)
        at org.apache.ratis.thirdparty.io.netty.channel.epoll.Native.epollWait(Native.java:202)
        at org.apache.ratis.thirdparty.io.netty.channel.epoll.EpollEventLoop.epollWaitNoTimerChange(EpollEventLoop.java:316)
        at org.apache.ratis.thirdparty.io.netty.channel.epoll.EpollEventLoop.run(EpollEventLoop.java:373)
        at org.apache.ratis.thirdparty.io.netty.util.concurrent.SingleThreadEventExecutor$4.run(SingleThreadEventExecutor.java:997)
        at org.apache.ratis.thirdparty.io.netty.util.internal.ThreadExecutorMap$2.run(ThreadExecutorMap.java:74)
        at java.lang.Thread.run(Thread.java:750)
"IPC Server handler 82 on default port 15107" daemon prio=5 tid=2911 timed_waiting
java.lang.Thread.State: TIMED_WAITING
        at sun.misc.Unsafe.park(Native Method)
        at java.util.concurrent.locks.LockSupport.parkNanos(LockSupport.java:215)
        at java.util.concurrent.locks.AbstractQueuedSynchronizer$ConditionObject.awaitNanos(AbstractQueuedSynchronizer.java:2078)
        at java.util.concurrent.LinkedBlockingQueue.poll(LinkedBlockingQueue.java:467)
        at org.apache.hadoop.ipc.CallQueueManager.take(CallQueueManager.java:317)
        at org.apache.hadoop.ipc.Server$Handler.run(Server.java:3014)
"surefire-forkedjvm-ping-30s" daemon prio=5 tid=11 timed_waiting
java.lang.Thread.State: TIMED_WAITING
        at sun.misc.Unsafe.park(Native Method)
        at java.util.concurrent.locks.LockSupport.parkNanos(LockSupport.java:215)
        at java.util.concurrent.locks.AbstractQueuedSynchronizer$ConditionObject.awaitNanos(AbstractQueuedSynchronizer.java:2078)
        at java.util.concurrent.ScheduledThreadPoolExecutor$DelayedWorkQueue.take(ScheduledThreadPoolExecutor.java:1093)
        at java.util.concurrent.ScheduledThreadPoolExecutor$DelayedWorkQueue.take(ScheduledThreadPoolExecutor.java:809)
        at java.util.concurrent.ThreadPoolExecutor.getTask(ThreadPoolExecutor.java:1074)
        at java.util.concurrent.ThreadPoolExecutor.runWorker(ThreadPoolExecutor.java:1134)
        at java.util.concurrent.ThreadPoolExecutor$Worker.run(ThreadPoolExecutor.java:624)
        at java.lang.Thread.run(Thread.java:750)
"6cf56e53-88cb-4022-bd56-d9b5c4d884ee@group-5E161AF68217-cacheEviction-AwaitToRun" daemon prio=5 tid=3836 in Object.wait()
java.lang.Thread.State: WAITING (on object monitor)
        at sun.misc.Unsafe.park(Native Method)
        at java.util.concurrent.locks.LockSupport.park(LockSupport.java:175)
        at java.util.concurrent.locks.AbstractQueuedSynchronizer$ConditionObject.await(AbstractQueuedSynchronizer.java:2039)
        at org.apache.ratis.util.AwaitForSignal.await(AwaitForSignal.java:48)
        at org.apache.ratis.util.AwaitToRun$RunnableImpl.run(AwaitToRun.java:47)
        at java.lang.Thread.run(Thread.java:750)
"6cf56e53-88cb-4022-bd56-d9b5c4d884ee@group-DB6F9DC5174E-cacheEviction-AwaitToRun" daemon prio=5 tid=3834 in Object.wait()
java.lang.Thread.State: WAITING (on object monitor)
        at sun.misc.Unsafe.park(Native Method)
        at java.util.concurrent.locks.LockSupport.park(LockSupport.java:175)
        at java.util.concurrent.locks.AbstractQueuedSynchronizer$ConditionObject.await(AbstractQueuedSynchronizer.java:2039)
        at org.apache.ratis.util.AwaitForSignal.await(AwaitForSignal.java:48)
        at org.apache.ratis.util.AwaitToRun$RunnableImpl.run(AwaitToRun.java:47)
        at java.lang.Thread.run(Thread.java:750)
"IPC Server handler 22 on default port 15106" daemon prio=5 tid=2751 timed_waiting
java.lang.Thread.State: TIMED_WAITING
        at sun.misc.Unsafe.park(Native Method)
        at java.util.concurrent.locks.LockSupport.parkNanos(LockSupport.java:215)
        at java.util.concurrent.locks.AbstractQueuedSynchronizer$ConditionObject.awaitNanos(AbstractQueuedSynchronizer.java:2078)
        at java.util.concurrent.LinkedBlockingQueue.poll(LinkedBlockingQueue.java:467)
        at org.apache.hadoop.ipc.CallQueueManager.take(CallQueueManager.java:317)
        at org.apache.hadoop.ipc.Server$Handler.run(Server.java:3014)
"om1-MultipartUploadCleanupService#0" daemon prio=5 tid=3071 timed_waiting
java.lang.Thread.State: TIMED_WAITING
        at sun.misc.Unsafe.park(Native Method)
        at java.util.concurrent.locks.LockSupport.parkNanos(LockSupport.java:215)
        at java.util.concurrent.locks.AbstractQueuedSynchronizer$ConditionObject.awaitNanos(AbstractQueuedSynchronizer.java:2078)
        at java.util.concurrent.ScheduledThreadPoolExecutor$DelayedWorkQueue.take(ScheduledThreadPoolExecutor.java:1093)
        at java.util.concurrent.ScheduledThreadPoolExecutor$DelayedWorkQueue.take(ScheduledThreadPoolExecutor.java:809)
        at java.util.concurrent.ThreadPoolExecutor.getTask(ThreadPoolExecutor.java:1074)
        at java.util.concurrent.ThreadPoolExecutor.runWorker(ThreadPoolExecutor.java:1134)
        at java.util.concurrent.ThreadPoolExecutor$Worker.run(ThreadPoolExecutor.java:624)
        at java.lang.Thread.run(Thread.java:750)
"IPC Server handler 17 on default port 15106" daemon prio=5 tid=2746 timed_waiting
java.lang.Thread.State: TIMED_WAITING
        at sun.misc.Unsafe.park(Native Method)
        at java.util.concurrent.locks.LockSupport.parkNanos(LockSupport.java:215)
        at java.util.concurrent.locks.AbstractQueuedSynchronizer$ConditionObject.awaitNanos(AbstractQueuedSynchronizer.java:2078)
        at java.util.concurrent.LinkedBlockingQueue.poll(LinkedBlockingQueue.java:467)
        at org.apache.hadoop.ipc.CallQueueManager.take(CallQueueManager.java:317)
        at org.apache.hadoop.ipc.Server$Handler.run(Server.java:3014)
"qtp326450405-3798-acceptor-0@5e673095-ServerConnector@69bcc39b{HTTP/1.1, (http/1.1)}{0.0.0.0:15133}" daemon prio=3 tid=3798 runnable
java.lang.Thread.State: RUNNABLE
        at sun.nio.ch.ServerSocketChannelImpl.accept0(Native Method)
        at sun.nio.ch.ServerSocketChannelImpl.accept(ServerSocketChannelImpl.java:421)
        at sun.nio.ch.ServerSocketChannelImpl.accept(ServerSocketChannelImpl.java:249)
        at org.eclipse.jetty.server.ServerConnector.accept(ServerConnector.java:388)
        at org.eclipse.jetty.server.AbstractConnector$Acceptor.run(AbstractConnector.java:704)
        at org.eclipse.jetty.util.thread.QueuedThreadPool.runJob(QueuedThreadPool.java:883)
        at org.eclipse.jetty.util.thread.QueuedThreadPool$Runner.run(QueuedThreadPool.java:1034)
        at java.lang.Thread.run(Thread.java:750)
"IPC Server idle connection scanner for port 15116" daemon prio=5 tid=3118 timed_waiting
java.lang.Thread.State: TIMED_WAITING
        at java.lang.Object.wait(Native Method)
        at java.util.TimerThread.mainLoop(Timer.java:552)
        at java.util.TimerThread.run(Timer.java:505)
"StaleRecoveringContainerScrubbingService#3" daemon prio=5 tid=3613 in Object.wait()
java.lang.Thread.State: WAITING (on object monitor)
        at sun.misc.Unsafe.park(Native Method)
        at java.util.concurrent.locks.LockSupport.park(LockSupport.java:175)
        at java.util.concurrent.locks.AbstractQueuedSynchronizer$ConditionObject.await(AbstractQueuedSynchronizer.java:2039)
        at java.util.concurrent.ScheduledThreadPoolExecutor$DelayedWorkQueue.take(ScheduledThreadPoolExecutor.java:1088)
        at java.util.concurrent.ScheduledThreadPoolExecutor$DelayedWorkQueue.take(ScheduledThreadPoolExecutor.java:809)
        at java.util.concurrent.ThreadPoolExecutor.getTask(ThreadPoolExecutor.java:1074)
        at java.util.concurrent.ThreadPoolExecutor.runWorker(ThreadPoolExecutor.java:1134)
        at java.util.concurrent.ThreadPoolExecutor$Worker.run(ThreadPoolExecutor.java:624)
        at java.lang.Thread.run(Thread.java:750)
"a45323a7-bc80-446e-b427-0ffb34a72641-DatanodeReportManager-1" daemon prio=5 tid=3208 in Object.wait()
java.lang.Thread.State: WAITING (on object monitor)
        at sun.misc.Unsafe.park(Native Method)
        at java.util.concurrent.locks.LockSupport.park(LockSupport.java:175)
        at java.util.concurrent.locks.AbstractQueuedSynchronizer$ConditionObject.await(AbstractQueuedSynchronizer.java:2039)
        at java.util.concurrent.ScheduledThreadPoolExecutor$DelayedWorkQueue.take(ScheduledThreadPoolExecutor.java:1088)
        at java.util.concurrent.ScheduledThreadPoolExecutor$DelayedWorkQueue.take(ScheduledThreadPoolExecutor.java:809)
        at java.util.concurrent.ThreadPoolExecutor.getTask(ThreadPoolExecutor.java:1074)
        at java.util.concurrent.ThreadPoolExecutor.runWorker(ThreadPoolExecutor.java:1134)
        at java.util.concurrent.ThreadPoolExecutor$Worker.run(ThreadPoolExecutor.java:624)
        at java.lang.Thread.run(Thread.java:750)
"IPC Server handler 43 on default port 15107" daemon prio=5 tid=2872 timed_waiting
java.lang.Thread.State: TIMED_WAITING
        at sun.misc.Unsafe.park(Native Method)
        at java.util.concurrent.locks.LockSupport.parkNanos(LockSupport.java:215)
        at java.util.concurrent.locks.AbstractQueuedSynchronizer$ConditionObject.awaitNanos(AbstractQueuedSynchronizer.java:2078)
        at java.util.concurrent.LinkedBlockingQueue.poll(LinkedBlockingQueue.java:467)
        at org.apache.hadoop.ipc.CallQueueManager.take(CallQueueManager.java:317)
        at org.apache.hadoop.ipc.Server$Handler.run(Server.java:3014)
"IPC Server handler 91 on default port 15108" daemon prio=5 tid=3020 timed_waiting
java.lang.Thread.State: TIMED_WAITING
        at sun.misc.Unsafe.park(Native Method)
        at java.util.concurrent.locks.LockSupport.parkNanos(LockSupport.java:215)
        at java.util.concurrent.locks.AbstractQueuedSynchronizer$ConditionObject.awaitNanos(AbstractQueuedSynchronizer.java:2078)
        at java.util.concurrent.LinkedBlockingQueue.poll(LinkedBlockingQueue.java:467)
        at org.apache.hadoop.ipc.CallQueueManager.take(CallQueueManager.java:317)
        at org.apache.hadoop.ipc.Server$Handler.run(Server.java:3014)
"IPC Server handler 3 on default port 15106" daemon prio=5 tid=2732 timed_waiting
java.lang.Thread.State: TIMED_WAITING
        at sun.misc.Unsafe.park(Native Method)
        at java.util.concurrent.locks.LockSupport.parkNanos(LockSupport.java:215)
        at java.util.concurrent.locks.AbstractQueuedSynchronizer$ConditionObject.awaitNanos(AbstractQueuedSynchronizer.java:2078)
        at java.util.concurrent.LinkedBlockingQueue.poll(LinkedBlockingQueue.java:467)
        at org.apache.hadoop.ipc.CallQueueManager.take(CallQueueManager.java:317)
        at org.apache.hadoop.ipc.Server$Handler.run(Server.java:3014)
"process reaper" daemon prio=10 tid=12 timed_waiting
java.lang.Thread.State: TIMED_WAITING
        at sun.misc.Unsafe.park(Native Method)
        at java.util.concurrent.locks.LockSupport.parkNanos(LockSupport.java:215)
        at java.util.concurrent.SynchronousQueue$TransferStack.awaitFulfill(SynchronousQueue.java:460)
        at java.util.concurrent.SynchronousQueue$TransferStack.transfer(SynchronousQueue.java:362)
        at java.util.concurrent.SynchronousQueue.poll(SynchronousQueue.java:941)
        at java.util.concurrent.ThreadPoolExecutor.getTask(ThreadPoolExecutor.java:1073)
        at java.util.concurrent.ThreadPoolExecutor.runWorker(ThreadPoolExecutor.java:1134)
        at java.util.concurrent.ThreadPoolExecutor$Worker.run(ThreadPoolExecutor.java:624)
        at java.lang.Thread.run(Thread.java:750)
"grpc-default-executor-12" daemon prio=5 tid=3781 timed_waiting
java.lang.Thread.State: TIMED_WAITING
        at sun.misc.Unsafe.park(Native Method)
        at java.util.concurrent.locks.LockSupport.parkNanos(LockSupport.java:215)
        at java.util.concurrent.SynchronousQueue$TransferStack.awaitFulfill(SynchronousQueue.java:460)
        at java.util.concurrent.SynchronousQueue$TransferStack.transfer(SynchronousQueue.java:362)
        at java.util.concurrent.SynchronousQueue.poll(SynchronousQueue.java:941)
        at java.util.concurrent.ThreadPoolExecutor.getTask(ThreadPoolExecutor.java:1073)
        at java.util.concurrent.ThreadPoolExecutor.runWorker(ThreadPoolExecutor.java:1134)
        at java.util.concurrent.ThreadPoolExecutor$Worker.run(ThreadPoolExecutor.java:624)
        at java.lang.Thread.run(Thread.java:750)
"IPC Server handler 0 on default port 15134" daemon prio=5 tid=3810 timed_waiting
java.lang.Thread.State: TIMED_WAITING
        at sun.misc.Unsafe.park(Native Method)
        at java.util.concurrent.locks.LockSupport.parkNanos(LockSupport.java:215)
        at java.util.concurrent.locks.AbstractQueuedSynchronizer$ConditionObject.awaitNanos(AbstractQueuedSynchronizer.java:2078)
        at java.util.concurrent.LinkedBlockingQueue.poll(LinkedBlockingQueue.java:467)
        at org.apache.hadoop.ipc.CallQueueManager.take(CallQueueManager.java:317)
        at org.apache.hadoop.ipc.Server$Handler.run(Server.java:3014)
"IPC Server handler 7 on default port 15110" daemon prio=5 tid=3089 timed_waiting
java.lang.Thread.State: TIMED_WAITING
        at sun.misc.Unsafe.park(Native Method)
        at java.util.concurrent.locks.LockSupport.parkNanos(LockSupport.java:215)
        at java.util.concurrent.locks.AbstractQueuedSynchronizer$ConditionObject.awaitNanos(AbstractQueuedSynchronizer.java:2078)
        at java.util.concurrent.LinkedBlockingQueue.poll(LinkedBlockingQueue.java:467)
        at org.apache.hadoop.ipc.CallQueueManager.take(CallQueueManager.java:317)
        at org.apache.hadoop.ipc.Server$Handler.run(Server.java:3014)
"prometheus" daemon prio=5 tid=2728 in Object.wait()
java.lang.Thread.State: WAITING (on object monitor)
        at java.lang.Object.wait(Native Method)
        at java.lang.Object.wait(Object.java:502)
        at org.apache.hadoop.metrics2.impl.SinkQueue.waitForData(SinkQueue.java:114)
        at org.apache.hadoop.metrics2.impl.SinkQueue.consumeAll(SinkQueue.java:83)
        at org.apache.hadoop.metrics2.impl.MetricsSinkAdapter.publishMetricsFromQueue(MetricsSinkAdapter.java:135)
        at org.apache.hadoop.metrics2.impl.MetricsSinkAdapter$1.run(MetricsSinkAdapter.java:89)
"IPC Server handler 33 on default port 15107" daemon prio=5 tid=2862 timed_waiting
java.lang.Thread.State: TIMED_WAITING
        at sun.misc.Unsafe.park(Native Method)
        at java.util.concurrent.locks.LockSupport.parkNanos(LockSupport.java:215)
        at java.util.concurrent.locks.AbstractQueuedSynchronizer$ConditionObject.awaitNanos(AbstractQueuedSynchronizer.java:2078)
        at java.util.concurrent.LinkedBlockingQueue.poll(LinkedBlockingQueue.java:467)
        at org.apache.hadoop.ipc.CallQueueManager.take(CallQueueManager.java:317)
        at org.apache.hadoop.ipc.Server$Handler.run(Server.java:3014)
"IPC Server handler 63 on default port 15106" daemon prio=5 tid=2792 timed_waiting
java.lang.Thread.State: TIMED_WAITING
        at sun.misc.Unsafe.park(Native Method)
        at java.util.concurrent.locks.LockSupport.parkNanos(LockSupport.java:215)
        at java.util.concurrent.locks.AbstractQueuedSynchronizer$ConditionObject.awaitNanos(AbstractQueuedSynchronizer.java:2078)
        at java.util.concurrent.LinkedBlockingQueue.poll(LinkedBlockingQueue.java:467)
        at org.apache.hadoop.ipc.CallQueueManager.take(CallQueueManager.java:317)
        at org.apache.hadoop.ipc.Server$Handler.run(Server.java:3014)
"StaleRecoveringContainerScrubbingService#1" daemon prio=5 tid=3262 in Object.wait()
java.lang.Thread.State: WAITING (on object monitor)
        at sun.misc.Unsafe.park(Native Method)
        at java.util.concurrent.locks.LockSupport.park(LockSupport.java:175)
        at java.util.concurrent.locks.AbstractQueuedSynchronizer$ConditionObject.await(AbstractQueuedSynchronizer.java:2039)
        at java.util.concurrent.ScheduledThreadPoolExecutor$DelayedWorkQueue.take(ScheduledThreadPoolExecutor.java:1088)
        at java.util.concurrent.ScheduledThreadPoolExecutor$DelayedWorkQueue.take(ScheduledThreadPoolExecutor.java:809)
        at java.util.concurrent.ThreadPoolExecutor.getTask(ThreadPoolExecutor.java:1074)
        at java.util.concurrent.ThreadPoolExecutor.runWorker(ThreadPoolExecutor.java:1134)
        at java.util.concurrent.ThreadPoolExecutor$Worker.run(ThreadPoolExecutor.java:624)
        at java.lang.Thread.run(Thread.java:750)
"80370d78-c36f-4d75-b7cb-6753407b0dff-ContainerOp-3a57b055-28e0-4292-8aab-9a8d2995d9a7-5"  prio=5 tid=3780 in Object.wait()
java.lang.Thread.State: WAITING (on object monitor)
        at sun.misc.Unsafe.park(Native Method)
        at java.util.concurrent.locks.LockSupport.park(LockSupport.java:175)
        at java.util.concurrent.locks.AbstractQueuedSynchronizer$ConditionObject.await(AbstractQueuedSynchronizer.java:2039)
        at java.util.concurrent.LinkedBlockingQueue.take(LinkedBlockingQueue.java:442)
        at java.util.concurrent.ThreadPoolExecutor.getTask(ThreadPoolExecutor.java:1074)
        at java.util.concurrent.ThreadPoolExecutor.runWorker(ThreadPoolExecutor.java:1134)
        at java.util.concurrent.ThreadPoolExecutor$Worker.run(ThreadPoolExecutor.java:624)
        at java.lang.Thread.run(Thread.java:750)
"33d4fa9a-f1b5-45a2-9ce3-43c86fd82df2@group-77AD9CB52074-StateMachineUpdater" daemon prio=5 tid=3661 timed_waiting
java.lang.Thread.State: TIMED_WAITING
        at sun.misc.Unsafe.park(Native Method)
        at java.util.concurrent.locks.LockSupport.parkNanos(LockSupport.java:215)
        at java.util.concurrent.locks.AbstractQueuedSynchronizer$ConditionObject.await(AbstractQueuedSynchronizer.java:2163)
        at org.apache.ratis.util.AwaitForSignal.await(AwaitForSignal.java:65)
        at org.apache.ratis.server.impl.StateMachineUpdater.waitForCommit(StateMachineUpdater.java:211)
        at org.apache.ratis.server.impl.StateMachineUpdater.run(StateMachineUpdater.java:180)
        at java.lang.Thread.run(Thread.java:750)
"a45323a7-bc80-446e-b427-0ffb34a72641-DatanodeStateMachineTaskThread-0"  prio=5 tid=3213 in Object.wait()
java.lang.Thread.State: WAITING (on object monitor)
        at sun.misc.Unsafe.park(Native Method)
        at java.util.concurrent.locks.LockSupport.park(LockSupport.java:175)
        at java.util.concurrent.locks.AbstractQueuedSynchronizer$ConditionObject.await(AbstractQueuedSynchronizer.java:2039)
        at java.util.concurrent.LinkedBlockingQueue.take(LinkedBlockingQueue.java:442)
        at java.util.concurrent.ThreadPoolExecutor.getTask(ThreadPoolExecutor.java:1074)
        at java.util.concurrent.ThreadPoolExecutor.runWorker(ThreadPoolExecutor.java:1134)
        at java.util.concurrent.ThreadPoolExecutor$Worker.run(ThreadPoolExecutor.java:624)
        at java.lang.Thread.run(Thread.java:750)
"IPC Server handler 75 on default port 15108" daemon prio=5 tid=3004 timed_waiting
java.lang.Thread.State: TIMED_WAITING
        at sun.misc.Unsafe.park(Native Method)
        at java.util.concurrent.locks.LockSupport.parkNanos(LockSupport.java:215)
        at java.util.concurrent.locks.AbstractQueuedSynchronizer$ConditionObject.awaitNanos(AbstractQueuedSynchronizer.java:2078)
        at java.util.concurrent.LinkedBlockingQueue.poll(LinkedBlockingQueue.java:467)
        at org.apache.hadoop.ipc.CallQueueManager.take(CallQueueManager.java:317)
        at org.apache.hadoop.ipc.Server$Handler.run(Server.java:3014)
"IPC Server handler 12 on default port 15107" daemon prio=5 tid=2841 timed_waiting
java.lang.Thread.State: TIMED_WAITING
        at sun.misc.Unsafe.park(Native Method)
        at java.util.concurrent.locks.LockSupport.parkNanos(LockSupport.java:215)
        at java.util.concurrent.locks.AbstractQueuedSynchronizer$ConditionObject.awaitNanos(AbstractQueuedSynchronizer.java:2078)
        at java.util.concurrent.LinkedBlockingQueue.poll(LinkedBlockingQueue.java:467)
        at org.apache.hadoop.ipc.CallQueueManager.take(CallQueueManager.java:317)
        at org.apache.hadoop.ipc.Server$Handler.run(Server.java:3014)
"IPC Server handler 26 on default port 15107" daemon prio=5 tid=2855 timed_waiting
java.lang.Thread.State: TIMED_WAITING
        at sun.misc.Unsafe.park(Native Method)
        at java.util.concurrent.locks.LockSupport.parkNanos(LockSupport.java:215)
        at java.util.concurrent.locks.AbstractQueuedSynchronizer$ConditionObject.awaitNanos(AbstractQueuedSynchronizer.java:2078)
        at java.util.concurrent.LinkedBlockingQueue.poll(LinkedBlockingQueue.java:467)
        at org.apache.hadoop.ipc.CallQueueManager.take(CallQueueManager.java:317)
        at org.apache.hadoop.ipc.Server$Handler.run(Server.java:3014)
"IPC Server handler 46 on default port 15108" daemon prio=5 tid=2975 timed_waiting
java.lang.Thread.State: TIMED_WAITING
        at sun.misc.Unsafe.park(Native Method)
        at java.util.concurrent.locks.LockSupport.parkNanos(LockSupport.java:215)
        at java.util.concurrent.locks.AbstractQueuedSynchronizer$ConditionObject.awaitNanos(AbstractQueuedSynchronizer.java:2078)
        at java.util.concurrent.LinkedBlockingQueue.poll(LinkedBlockingQueue.java:467)
        at org.apache.hadoop.ipc.CallQueueManager.take(CallQueueManager.java:317)
        at org.apache.hadoop.ipc.Server$Handler.run(Server.java:3014)
"80370d78-c36f-4d75-b7cb-6753407b0dff@group-77AD9CB52074-SegmentedRaftLogWorker"  prio=5 tid=3655 timed_waiting
java.lang.Thread.State: TIMED_WAITING
        at sun.misc.Unsafe.park(Native Method)
        at java.util.concurrent.locks.LockSupport.parkNanos(LockSupport.java:215)
        at java.util.concurrent.locks.AbstractQueuedSynchronizer$ConditionObject.awaitNanos(AbstractQueuedSynchronizer.java:2078)
        at org.apache.ratis.util.DataBlockingQueue.poll(DataBlockingQueue.java:148)
        at org.apache.ratis.server.raftlog.segmented.SegmentedRaftLogWorker.run(SegmentedRaftLogWorker.java:299)
        at org.apache.ratis.server.raftlog.segmented.SegmentedRaftLogWorker$$Lambda$1079/927089352.run(Unknown Source)
        at java.util.concurrent.Executors$RunnableAdapter.call(Executors.java:511)
        at java.util.concurrent.FutureTask.run(FutureTask.java:266)
        at java.util.concurrent.ThreadPoolExecutor.runWorker(ThreadPoolExecutor.java:1149)
        at java.util.concurrent.ThreadPoolExecutor$Worker.run(ThreadPoolExecutor.java:624)
        at java.lang.Thread.run(Thread.java:750)
"a45323a7-bc80-446e-b427-0ffb34a72641-DatanodeReportManager-4" daemon prio=5 tid=3211 in Object.wait()
java.lang.Thread.State: WAITING (on object monitor)
        at sun.misc.Unsafe.park(Native Method)
        at java.util.concurrent.locks.LockSupport.park(LockSupport.java:175)
        at java.util.concurrent.locks.AbstractQueuedSynchronizer$ConditionObject.await(AbstractQueuedSynchronizer.java:2039)
        at java.util.concurrent.ScheduledThreadPoolExecutor$DelayedWorkQueue.take(ScheduledThreadPoolExecutor.java:1088)
        at java.util.concurrent.ScheduledThreadPoolExecutor$DelayedWorkQueue.take(ScheduledThreadPoolExecutor.java:809)
        at java.util.concurrent.ThreadPoolExecutor.getTask(ThreadPoolExecutor.java:1074)
        at java.util.concurrent.ThreadPoolExecutor.runWorker(ThreadPoolExecutor.java:1134)
        at java.util.concurrent.ThreadPoolExecutor$Worker.run(ThreadPoolExecutor.java:624)
        at java.lang.Thread.run(Thread.java:750)
"StaleRecoveringContainerScrubbingService#5" daemon prio=5 tid=3751 in Object.wait()
java.lang.Thread.State: WAITING (on object monitor)
        at sun.misc.Unsafe.park(Native Method)
        at java.util.concurrent.locks.LockSupport.park(LockSupport.java:175)
        at java.util.concurrent.locks.AbstractQueuedSynchronizer$ConditionObject.await(AbstractQueuedSynchronizer.java:2039)
        at java.util.concurrent.ScheduledThreadPoolExecutor$DelayedWorkQueue.take(ScheduledThreadPoolExecutor.java:1088)
        at java.util.concurrent.ScheduledThreadPoolExecutor$DelayedWorkQueue.take(ScheduledThreadPoolExecutor.java:809)
        at java.util.concurrent.ThreadPoolExecutor.getTask(ThreadPoolExecutor.java:1074)
        at java.util.concurrent.ThreadPoolExecutor.runWorker(ThreadPoolExecutor.java:1134)
        at java.util.concurrent.ThreadPoolExecutor$Worker.run(ThreadPoolExecutor.java:624)
        at java.lang.Thread.run(Thread.java:750)
"StaleRecoveringContainerScrubbingService#8" daemon prio=5 tid=3916 in Object.wait()
java.lang.Thread.State: WAITING (on object monitor)
        at sun.misc.Unsafe.park(Native Method)
        at java.util.concurrent.locks.LockSupport.park(LockSupport.java:175)
        at java.util.concurrent.locks.AbstractQueuedSynchronizer$ConditionObject.await(AbstractQueuedSynchronizer.java:2039)
        at java.util.concurrent.ScheduledThreadPoolExecutor$DelayedWorkQueue.take(ScheduledThreadPoolExecutor.java:1088)
        at java.util.concurrent.ScheduledThreadPoolExecutor$DelayedWorkQueue.take(ScheduledThreadPoolExecutor.java:809)
        at java.util.concurrent.ThreadPoolExecutor.getTask(ThreadPoolExecutor.java:1074)
        at java.util.concurrent.ThreadPoolExecutor.runWorker(ThreadPoolExecutor.java:1134)
        at java.util.concurrent.ThreadPoolExecutor$Worker.run(ThreadPoolExecutor.java:624)
        at java.lang.Thread.run(Thread.java:750)
"PartialTableCache-Cleanup-0" daemon prio=5 tid=3502 in Object.wait()
java.lang.Thread.State: WAITING (on object monitor)
        at sun.misc.Unsafe.park(Native Method)
        at java.util.concurrent.locks.LockSupport.park(LockSupport.java:175)
        at java.util.concurrent.locks.AbstractQueuedSynchronizer$ConditionObject.await(AbstractQueuedSynchronizer.java:2039)
        at java.util.concurrent.LinkedBlockingQueue.take(LinkedBlockingQueue.java:442)
        at java.util.concurrent.ThreadPoolExecutor.getTask(ThreadPoolExecutor.java:1074)
        at java.util.concurrent.ThreadPoolExecutor.runWorker(ThreadPoolExecutor.java:1134)
        at java.util.concurrent.ThreadPoolExecutor$Worker.run(ThreadPoolExecutor.java:624)
        at java.lang.Thread.run(Thread.java:750)
"StaleRecoveringContainerScrubbingService#5" daemon prio=5 tid=3747 in Object.wait()
java.lang.Thread.State: WAITING (on object monitor)
        at sun.misc.Unsafe.park(Native Method)
        at java.util.concurrent.locks.LockSupport.park(LockSupport.java:175)
        at java.util.concurrent.locks.AbstractQueuedSynchronizer$ConditionObject.await(AbstractQueuedSynchronizer.java:2039)
        at java.util.concurrent.ScheduledThreadPoolExecutor$DelayedWorkQueue.take(ScheduledThreadPoolExecutor.java:1088)
        at java.util.concurrent.ScheduledThreadPoolExecutor$DelayedWorkQueue.take(ScheduledThreadPoolExecutor.java:809)
        at java.util.concurrent.ThreadPoolExecutor.getTask(ThreadPoolExecutor.java:1074)
        at java.util.concurrent.ThreadPoolExecutor.runWorker(ThreadPoolExecutor.java:1134)
        at java.util.concurrent.ThreadPoolExecutor$Worker.run(ThreadPoolExecutor.java:624)
        at java.lang.Thread.run(Thread.java:750)
"qtp1950245838-3108-acceptor-0@c66f0f4-ServerConnector@4be84993{HTTP/1.1, (http/1.1)}{0.0.0.0:15115}" daemon prio=3 tid=3108 runnable
java.lang.Thread.State: RUNNABLE
        at sun.nio.ch.ServerSocketChannelImpl.accept0(Native Method)
        at sun.nio.ch.ServerSocketChannelImpl.accept(ServerSocketChannelImpl.java:421)
        at sun.nio.ch.ServerSocketChannelImpl.accept(ServerSocketChannelImpl.java:249)
        at org.eclipse.jetty.server.ServerConnector.accept(ServerConnector.java:388)
        at org.eclipse.jetty.server.AbstractConnector$Acceptor.run(AbstractConnector.java:704)
        at org.eclipse.jetty.util.thread.QueuedThreadPool.runJob(QueuedThreadPool.java:883)
        at org.eclipse.jetty.util.thread.QueuedThreadPool$Runner.run(QueuedThreadPool.java:1034)
        at java.lang.Thread.run(Thread.java:750)
"IPC Server handler 39 on default port 15107" daemon prio=5 tid=2868 timed_waiting
java.lang.Thread.State: TIMED_WAITING
        at sun.misc.Unsafe.park(Native Method)
        at java.util.concurrent.locks.LockSupport.parkNanos(LockSupport.java:215)
        at java.util.concurrent.locks.AbstractQueuedSynchronizer$ConditionObject.awaitNanos(AbstractQueuedSynchronizer.java:2078)
        at java.util.concurrent.LinkedBlockingQueue.poll(LinkedBlockingQueue.java:467)
        at org.apache.hadoop.ipc.CallQueueManager.take(CallQueueManager.java:317)
        at org.apache.hadoop.ipc.Server$Handler.run(Server.java:3014)
"IPC Server listener on 15106" daemon prio=5 tid=2712 runnable
java.lang.Thread.State: RUNNABLE
        at sun.nio.ch.EPollArrayWrapper.epollWait(Native Method)
        at sun.nio.ch.EPollArrayWrapper.poll(EPollArrayWrapper.java:269)
        at sun.nio.ch.EPollSelectorImpl.doSelect(EPollSelectorImpl.java:93)
        at sun.nio.ch.SelectorImpl.lockAndDoSelect(SelectorImpl.java:86)
        at sun.nio.ch.SelectorImpl.select(SelectorImpl.java:97)
        at sun.nio.ch.SelectorImpl.select(SelectorImpl.java:101)
        at org.apache.hadoop.ipc.Server$Listener.run(Server.java:1408)
"33d4fa9a-f1b5-45a2-9ce3-43c86fd82df2-DatanodeReportManager-4" daemon prio=5 tid=3155 in Object.wait()
java.lang.Thread.State: WAITING (on object monitor)
        at sun.misc.Unsafe.park(Native Method)
        at java.util.concurrent.locks.LockSupport.park(LockSupport.java:175)
        at java.util.concurrent.locks.AbstractQueuedSynchronizer$ConditionObject.await(AbstractQueuedSynchronizer.java:2039)
        at java.util.concurrent.ScheduledThreadPoolExecutor$DelayedWorkQueue.take(ScheduledThreadPoolExecutor.java:1088)
        at java.util.concurrent.ScheduledThreadPoolExecutor$DelayedWorkQueue.take(ScheduledThreadPoolExecutor.java:809)
        at java.util.concurrent.ThreadPoolExecutor.getTask(ThreadPoolExecutor.java:1074)
        at java.util.concurrent.ThreadPoolExecutor.runWorker(ThreadPoolExecutor.java:1134)
        at java.util.concurrent.ThreadPoolExecutor$Worker.run(ThreadPoolExecutor.java:624)
        at java.lang.Thread.run(Thread.java:750)
"33d4fa9a-f1b5-45a2-9ce3-43c86fd82df2-PeriodicHDDSVolumeChecker" daemon prio=5 tid=3267 timed_waiting
java.lang.Thread.State: TIMED_WAITING
        at sun.misc.Unsafe.park(Native Method)
        at java.util.concurrent.locks.LockSupport.parkNanos(LockSupport.java:215)
        at java.util.concurrent.locks.AbstractQueuedSynchronizer$ConditionObject.awaitNanos(AbstractQueuedSynchronizer.java:2078)
        at java.util.concurrent.ScheduledThreadPoolExecutor$DelayedWorkQueue.take(ScheduledThreadPoolExecutor.java:1093)
        at java.util.concurrent.ScheduledThreadPoolExecutor$DelayedWorkQueue.take(ScheduledThreadPoolExecutor.java:809)
        at java.util.concurrent.ThreadPoolExecutor.getTask(ThreadPoolExecutor.java:1074)
        at java.util.concurrent.ThreadPoolExecutor.runWorker(ThreadPoolExecutor.java:1134)
        at java.util.concurrent.ThreadPoolExecutor$Worker.run(ThreadPoolExecutor.java:624)
        at java.lang.Thread.run(Thread.java:750)
"IPC Server handler 34 on default port 15107" daemon prio=5 tid=2863 timed_waiting
java.lang.Thread.State: TIMED_WAITING
        at sun.misc.Unsafe.park(Native Method)
        at java.util.concurrent.locks.LockSupport.parkNanos(LockSupport.java:215)
        at java.util.concurrent.locks.AbstractQueuedSynchronizer$ConditionObject.awaitNanos(AbstractQueuedSynchronizer.java:2078)
        at java.util.concurrent.LinkedBlockingQueue.poll(LinkedBlockingQueue.java:467)
        at org.apache.hadoop.ipc.CallQueueManager.take(CallQueueManager.java:317)
        at org.apache.hadoop.ipc.Server$Handler.run(Server.java:3014)
"80370d78-c36f-4d75-b7cb-6753407b0dff-BlockDeletingService#0" daemon prio=5 tid=3332 in Object.wait()
java.lang.Thread.State: WAITING (on object monitor)
        at sun.misc.Unsafe.park(Native Method)
        at java.util.concurrent.locks.LockSupport.park(LockSupport.java:175)
        at java.util.concurrent.locks.AbstractQueuedSynchronizer$ConditionObject.await(AbstractQueuedSynchronizer.java:2039)
        at java.util.concurrent.ScheduledThreadPoolExecutor$DelayedWorkQueue.take(ScheduledThreadPoolExecutor.java:1088)
        at java.util.concurrent.ScheduledThreadPoolExecutor$DelayedWorkQueue.take(ScheduledThreadPoolExecutor.java:809)
        at java.util.concurrent.ThreadPoolExecutor.getTask(ThreadPoolExecutor.java:1074)
        at java.util.concurrent.ThreadPoolExecutor.runWorker(ThreadPoolExecutor.java:1134)
        at java.util.concurrent.ThreadPoolExecutor$Worker.run(ThreadPoolExecutor.java:624)
        at java.lang.Thread.run(Thread.java:750)
"80370d78-c36f-4d75-b7cb-6753407b0dff-BlockDeletingService#4" daemon prio=5 tid=3744 timed_waiting
java.lang.Thread.State: TIMED_WAITING
        at sun.misc.Unsafe.park(Native Method)
        at java.util.concurrent.locks.LockSupport.parkNanos(LockSupport.java:215)
        at java.util.concurrent.locks.AbstractQueuedSynchronizer$ConditionObject.awaitNanos(AbstractQueuedSynchronizer.java:2078)
        at java.util.concurrent.ScheduledThreadPoolExecutor$DelayedWorkQueue.take(ScheduledThreadPoolExecutor.java:1093)
        at java.util.concurrent.ScheduledThreadPoolExecutor$DelayedWorkQueue.take(ScheduledThreadPoolExecutor.java:809)
        at java.util.concurrent.ThreadPoolExecutor.getTask(ThreadPoolExecutor.java:1074)
        at java.util.concurrent.ThreadPoolExecutor.runWorker(ThreadPoolExecutor.java:1134)
        at java.util.concurrent.ThreadPoolExecutor$Worker.run(ThreadPoolExecutor.java:624)
        at java.lang.Thread.run(Thread.java:750)
"33d4fa9a-f1b5-45a2-9ce3-43c86fd82df2-ChunkWriter-0-0" daemon prio=5 tid=3272 in Object.wait()
java.lang.Thread.State: WAITING (on object monitor)
        at sun.misc.Unsafe.park(Native Method)
        at java.util.concurrent.locks.LockSupport.park(LockSupport.java:175)
        at java.util.concurrent.locks.AbstractQueuedSynchronizer$ConditionObject.await(AbstractQueuedSynchronizer.java:2039)
        at java.util.concurrent.LinkedBlockingDeque.takeFirst(LinkedBlockingDeque.java:492)
        at java.util.concurrent.LinkedBlockingDeque.take(LinkedBlockingDeque.java:680)
        at java.util.concurrent.ThreadPoolExecutor.getTask(ThreadPoolExecutor.java:1074)
        at java.util.concurrent.ThreadPoolExecutor.runWorker(ThreadPoolExecutor.java:1134)
        at java.util.concurrent.ThreadPoolExecutor$Worker.run(ThreadPoolExecutor.java:624)
        at java.lang.Thread.run(Thread.java:750)
"80370d78-c36f-4d75-b7cb-6753407b0dff@group-12C11132411B-cacheEviction-AwaitToRun" daemon prio=5 tid=3636 in Object.wait()
java.lang.Thread.State: WAITING (on object monitor)
        at sun.misc.Unsafe.park(Native Method)
        at java.util.concurrent.locks.LockSupport.park(LockSupport.java:175)
        at java.util.concurrent.locks.AbstractQueuedSynchronizer$ConditionObject.await(AbstractQueuedSynchronizer.java:2039)
        at org.apache.ratis.util.AwaitForSignal.await(AwaitForSignal.java:48)
        at org.apache.ratis.util.AwaitToRun$RunnableImpl.run(AwaitToRun.java:47)
        at java.lang.Thread.run(Thread.java:750)
"PartialTableCache-Cleanup-0" daemon prio=5 tid=2435 in Object.wait()
java.lang.Thread.State: WAITING (on object monitor)
        at sun.misc.Unsafe.park(Native Method)
        at java.util.concurrent.locks.LockSupport.park(LockSupport.java:175)
        at java.util.concurrent.locks.AbstractQueuedSynchronizer$ConditionObject.await(AbstractQueuedSynchronizer.java:2039)
        at java.util.concurrent.LinkedBlockingQueue.take(LinkedBlockingQueue.java:442)
        at java.util.concurrent.ThreadPoolExecutor.getTask(ThreadPoolExecutor.java:1074)
        at java.util.concurrent.ThreadPoolExecutor.runWorker(ThreadPoolExecutor.java:1134)
        at java.util.concurrent.ThreadPoolExecutor$Worker.run(ThreadPoolExecutor.java:624)
        at java.lang.Thread.run(Thread.java:750)
"IPC Server handler 0 on default port 15110" daemon prio=5 tid=3082 timed_waiting
java.lang.Thread.State: TIMED_WAITING
        at sun.misc.Unsafe.park(Native Method)
        at java.util.concurrent.locks.LockSupport.parkNanos(LockSupport.java:215)
        at java.util.concurrent.locks.AbstractQueuedSynchronizer$ConditionObject.awaitNanos(AbstractQueuedSynchronizer.java:2078)
        at java.util.concurrent.LinkedBlockingQueue.poll(LinkedBlockingQueue.java:467)
        at org.apache.hadoop.ipc.CallQueueManager.take(CallQueueManager.java:317)
        at org.apache.hadoop.ipc.Server$Handler.run(Server.java:3014)
"80370d78-c36f-4d75-b7cb-6753407b0dff-PipelineCommandHandlerThread-0"  prio=5 tid=3448 in Object.wait()
java.lang.Thread.State: WAITING (on object monitor)
        at sun.misc.Unsafe.park(Native Method)
        at java.util.concurrent.locks.LockSupport.park(LockSupport.java:175)
        at java.util.concurrent.locks.AbstractQueuedSynchronizer$ConditionObject.await(AbstractQueuedSynchronizer.java:2039)
        at java.util.concurrent.LinkedBlockingQueue.take(LinkedBlockingQueue.java:442)
        at java.util.concurrent.ThreadPoolExecutor.getTask(ThreadPoolExecutor.java:1074)
        at java.util.concurrent.ThreadPoolExecutor.runWorker(ThreadPoolExecutor.java:1134)
        at java.util.concurrent.ThreadPoolExecutor$Worker.run(ThreadPoolExecutor.java:624)
        at java.lang.Thread.run(Thread.java:750)
"9387e6e8-bf6d-4d10-9dc1-f1bd05fc02cf@group-E2078B4A5995-cacheEviction-AwaitToRun" daemon prio=5 tid=3347 in Object.wait()
java.lang.Thread.State: WAITING (on object monitor)
        at sun.misc.Unsafe.park(Native Method)
        at java.util.concurrent.locks.LockSupport.park(LockSupport.java:175)
        at java.util.concurrent.locks.AbstractQueuedSynchronizer$ConditionObject.await(AbstractQueuedSynchronizer.java:2039)
        at org.apache.ratis.util.AwaitForSignal.await(AwaitForSignal.java:48)
        at org.apache.ratis.util.AwaitToRun$RunnableImpl.run(AwaitToRun.java:47)
        at java.lang.Thread.run(Thread.java:750)
"80370d78-c36f-4d75-b7cb-6753407b0dff-ContainerOp-3a57b055-28e0-4292-8aab-9a8d2995d9a7-3"  prio=5 tid=3778 in Object.wait()
java.lang.Thread.State: WAITING (on object monitor)
        at sun.misc.Unsafe.park(Native Method)
        at java.util.concurrent.locks.LockSupport.park(LockSupport.java:175)
        at java.util.concurrent.locks.AbstractQueuedSynchronizer$ConditionObject.await(AbstractQueuedSynchronizer.java:2039)
        at java.util.concurrent.LinkedBlockingQueue.take(LinkedBlockingQueue.java:442)
        at java.util.concurrent.ThreadPoolExecutor.getTask(ThreadPoolExecutor.java:1074)
        at java.util.concurrent.ThreadPoolExecutor.runWorker(ThreadPoolExecutor.java:1134)
        at java.util.concurrent.ThreadPoolExecutor$Worker.run(ThreadPoolExecutor.java:624)
        at java.lang.Thread.run(Thread.java:750)
"IPC Server handler 0 on default port 15152" daemon prio=5 tid=3233 timed_waiting
java.lang.Thread.State: TIMED_WAITING
        at sun.misc.Unsafe.park(Native Method)
        at java.util.concurrent.locks.LockSupport.parkNanos(LockSupport.java:215)
        at java.util.concurrent.locks.AbstractQueuedSynchronizer$ConditionObject.awaitNanos(AbstractQueuedSynchronizer.java:2078)
        at java.util.concurrent.LinkedBlockingQueue.poll(LinkedBlockingQueue.java:467)
        at org.apache.hadoop.ipc.CallQueueManager.take(CallQueueManager.java:317)
        at org.apache.hadoop.ipc.Server$Handler.run(Server.java:3014)
"a45323a7-bc80-446e-b427-0ffb34a72641-BlockDeletingService#6" daemon prio=5 tid=3765 in Object.wait()
java.lang.Thread.State: WAITING (on object monitor)
        at sun.misc.Unsafe.park(Native Method)
        at java.util.concurrent.locks.LockSupport.park(LockSupport.java:175)
        at java.util.concurrent.locks.AbstractQueuedSynchronizer$ConditionObject.await(AbstractQueuedSynchronizer.java:2039)
        at java.util.concurrent.ScheduledThreadPoolExecutor$DelayedWorkQueue.take(ScheduledThreadPoolExecutor.java:1088)
        at java.util.concurrent.ScheduledThreadPoolExecutor$DelayedWorkQueue.take(ScheduledThreadPoolExecutor.java:809)
        at java.util.concurrent.ThreadPoolExecutor.getTask(ThreadPoolExecutor.java:1074)
        at java.util.concurrent.ThreadPoolExecutor.runWorker(ThreadPoolExecutor.java:1134)
        at java.util.concurrent.ThreadPoolExecutor$Worker.run(ThreadPoolExecutor.java:624)
        at java.lang.Thread.run(Thread.java:750)
"33d4fa9a-f1b5-45a2-9ce3-43c86fd82df2-BlockDeletingService#8" daemon prio=5 tid=3919 in Object.wait()
java.lang.Thread.State: WAITING (on object monitor)
        at sun.misc.Unsafe.park(Native Method)
        at java.util.concurrent.locks.LockSupport.park(LockSupport.java:175)
        at java.util.concurrent.locks.AbstractQueuedSynchronizer$ConditionObject.await(AbstractQueuedSynchronizer.java:2039)
        at java.util.concurrent.ScheduledThreadPoolExecutor$DelayedWorkQueue.take(ScheduledThreadPoolExecutor.java:1088)
        at java.util.concurrent.ScheduledThreadPoolExecutor$DelayedWorkQueue.take(ScheduledThreadPoolExecutor.java:809)
        at java.util.concurrent.ThreadPoolExecutor.getTask(ThreadPoolExecutor.java:1074)
        at java.util.concurrent.ThreadPoolExecutor.runWorker(ThreadPoolExecutor.java:1134)
        at java.util.concurrent.ThreadPoolExecutor$Worker.run(ThreadPoolExecutor.java:624)
        at java.lang.Thread.run(Thread.java:750)
"pool-549-thread-1" daemon prio=5 tid=3269 timed_waiting
java.lang.Thread.State: TIMED_WAITING
        at sun.misc.Unsafe.park(Native Method)
        at java.util.concurrent.locks.LockSupport.parkNanos(LockSupport.java:215)
        at java.util.concurrent.locks.AbstractQueuedSynchronizer$ConditionObject.awaitNanos(AbstractQueuedSynchronizer.java:2078)
        at java.util.concurrent.ScheduledThreadPoolExecutor$DelayedWorkQueue.take(ScheduledThreadPoolExecutor.java:1093)
        at java.util.concurrent.ScheduledThreadPoolExecutor$DelayedWorkQueue.take(ScheduledThreadPoolExecutor.java:809)
        at java.util.concurrent.ThreadPoolExecutor.getTask(ThreadPoolExecutor.java:1074)
        at java.util.concurrent.ThreadPoolExecutor.runWorker(ThreadPoolExecutor.java:1134)
        at java.util.concurrent.ThreadPoolExecutor$Worker.run(ThreadPoolExecutor.java:624)
        at java.lang.Thread.run(Thread.java:750)
"IPC Parameter Sending Thread for 0.0.0.0/0.0.0.0:15108" daemon prio=5 tid=3247 timed_waiting
java.lang.Thread.State: TIMED_WAITING
        at sun.misc.Unsafe.park(Native Method)
        at java.util.concurrent.locks.LockSupport.parkNanos(LockSupport.java:215)
        at java.util.concurrent.SynchronousQueue$TransferQueue.awaitFulfill(SynchronousQueue.java:764)
        at java.util.concurrent.SynchronousQueue$TransferQueue.transfer(SynchronousQueue.java:695)
        at java.util.concurrent.SynchronousQueue.poll(SynchronousQueue.java:941)
        at org.apache.hadoop.ipc.Client$Connection$RpcRequestSender.run(Client.java:1105)
        at java.lang.Thread.run(Thread.java:750)
"IPC Server handler 86 on default port 15106" daemon prio=5 tid=2815 timed_waiting
java.lang.Thread.State: TIMED_WAITING
        at sun.misc.Unsafe.park(Native Method)
        at java.util.concurrent.locks.LockSupport.parkNanos(LockSupport.java:215)
        at java.util.concurrent.locks.AbstractQueuedSynchronizer$ConditionObject.awaitNanos(AbstractQueuedSynchronizer.java:2078)
        at java.util.concurrent.LinkedBlockingQueue.poll(LinkedBlockingQueue.java:467)
        at org.apache.hadoop.ipc.CallQueueManager.take(CallQueueManager.java:317)
        at org.apache.hadoop.ipc.Server$Handler.run(Server.java:3014)
"a45323a7-bc80-446e-b427-0ffb34a72641@group-43B368CDAB69-StateMachineUpdater" daemon prio=5 tid=3418 timed_waiting
java.lang.Thread.State: TIMED_WAITING
        at sun.misc.Unsafe.park(Native Method)
        at java.util.concurrent.locks.LockSupport.parkNanos(LockSupport.java:215)
        at java.util.concurrent.locks.AbstractQueuedSynchronizer$ConditionObject.await(AbstractQueuedSynchronizer.java:2163)
        at org.apache.ratis.util.AwaitForSignal.await(AwaitForSignal.java:65)
        at org.apache.ratis.server.impl.StateMachineUpdater.waitForCommit(StateMachineUpdater.java:211)
        at org.apache.ratis.server.impl.StateMachineUpdater.run(StateMachineUpdater.java:180)
        at java.lang.Thread.run(Thread.java:750)
"6cf56e53-88cb-4022-bd56-d9b5c4d884ee-DatanodeReportManager-3" daemon prio=5 tid=3815 in Object.wait()
java.lang.Thread.State: WAITING (on object monitor)
        at sun.misc.Unsafe.park(Native Method)
        at java.util.concurrent.locks.LockSupport.park(LockSupport.java:175)
        at java.util.concurrent.locks.AbstractQueuedSynchronizer$ConditionObject.await(AbstractQueuedSynchronizer.java:2039)
        at java.util.concurrent.ScheduledThreadPoolExecutor$DelayedWorkQueue.take(ScheduledThreadPoolExecutor.java:1088)
        at java.util.concurrent.ScheduledThreadPoolExecutor$DelayedWorkQueue.take(ScheduledThreadPoolExecutor.java:809)
        at java.util.concurrent.ThreadPoolExecutor.getTask(ThreadPoolExecutor.java:1074)
        at java.util.concurrent.ThreadPoolExecutor.runWorker(ThreadPoolExecutor.java:1134)
        at java.util.concurrent.ThreadPoolExecutor$Worker.run(ThreadPoolExecutor.java:624)
        at java.lang.Thread.run(Thread.java:750)
"a45323a7-bc80-446e-b427-0ffb34a72641-NettyServerStreamRpc-bossGroup--thread1"  prio=5 tid=3187 runnable
java.lang.Thread.State: RUNNABLE
        at org.apache.ratis.thirdparty.io.netty.channel.epoll.Native.epollWait(Native Method)
        at org.apache.ratis.thirdparty.io.netty.channel.epoll.Native.epollWait(Native.java:209)
        at org.apache.ratis.thirdparty.io.netty.channel.epoll.Native.epollWait(Native.java:202)
        at org.apache.ratis.thirdparty.io.netty.channel.epoll.EpollEventLoop.epollWaitNoTimerChange(EpollEventLoop.java:316)
        at org.apache.ratis.thirdparty.io.netty.channel.epoll.EpollEventLoop.run(EpollEventLoop.java:373)
        at org.apache.ratis.thirdparty.io.netty.util.concurrent.SingleThreadEventExecutor$4.run(SingleThreadEventExecutor.java:997)
        at org.apache.ratis.thirdparty.io.netty.util.internal.ThreadExecutorMap$2.run(ThreadExecutorMap.java:74)
        at java.lang.Thread.run(Thread.java:750)
"IPC Server handler 86 on default port 15108" daemon prio=5 tid=3015 timed_waiting
java.lang.Thread.State: TIMED_WAITING
        at sun.misc.Unsafe.park(Native Method)
        at java.util.concurrent.locks.LockSupport.parkNanos(LockSupport.java:215)
        at java.util.concurrent.locks.AbstractQueuedSynchronizer$ConditionObject.awaitNanos(AbstractQueuedSynchronizer.java:2078)
        at java.util.concurrent.LinkedBlockingQueue.poll(LinkedBlockingQueue.java:467)
        at org.apache.hadoop.ipc.CallQueueManager.take(CallQueueManager.java:317)
        at org.apache.hadoop.ipc.Server$Handler.run(Server.java:3014)
"IPC Server handler 57 on default port 15107" daemon prio=5 tid=2886 timed_waiting
java.lang.Thread.State: TIMED_WAITING
        at sun.misc.Unsafe.park(Native Method)
        at java.util.concurrent.locks.LockSupport.parkNanos(LockSupport.java:215)
        at java.util.concurrent.locks.AbstractQueuedSynchronizer$ConditionObject.awaitNanos(AbstractQueuedSynchronizer.java:2078)
        at java.util.concurrent.LinkedBlockingQueue.poll(LinkedBlockingQueue.java:467)
        at org.apache.hadoop.ipc.CallQueueManager.take(CallQueueManager.java:317)
        at org.apache.hadoop.ipc.Server$Handler.run(Server.java:3014)
"MutableQuantiles-0" daemon prio=5 tid=436 timed_waiting
java.lang.Thread.State: TIMED_WAITING
        at sun.misc.Unsafe.park(Native Method)
        at java.util.concurrent.locks.LockSupport.parkNanos(LockSupport.java:215)
        at java.util.concurrent.locks.AbstractQueuedSynchronizer$ConditionObject.awaitNanos(AbstractQueuedSynchronizer.java:2078)
        at java.util.concurrent.ScheduledThreadPoolExecutor$DelayedWorkQueue.take(ScheduledThreadPoolExecutor.java:1093)
        at java.util.concurrent.ScheduledThreadPoolExecutor$DelayedWorkQueue.take(ScheduledThreadPoolExecutor.java:809)
        at java.util.concurrent.ThreadPoolExecutor.getTask(ThreadPoolExecutor.java:1074)
        at java.util.concurrent.ThreadPoolExecutor.runWorker(ThreadPoolExecutor.java:1134)
        at java.util.concurrent.ThreadPoolExecutor$Worker.run(ThreadPoolExecutor.java:624)
        at java.lang.Thread.run(Thread.java:750)
"a45323a7-bc80-446e-b427-0ffb34a72641-BlockDeletingService#5" daemon prio=5 tid=3752 in Object.wait()
java.lang.Thread.State: WAITING (on object monitor)
        at sun.misc.Unsafe.park(Native Method)
        at java.util.concurrent.locks.LockSupport.park(LockSupport.java:175)
        at java.util.concurrent.locks.AbstractQueuedSynchronizer$ConditionObject.await(AbstractQueuedSynchronizer.java:2039)
        at java.util.concurrent.ScheduledThreadPoolExecutor$DelayedWorkQueue.take(ScheduledThreadPoolExecutor.java:1088)
        at java.util.concurrent.ScheduledThreadPoolExecutor$DelayedWorkQueue.take(ScheduledThreadPoolExecutor.java:809)
        at java.util.concurrent.ThreadPoolExecutor.getTask(ThreadPoolExecutor.java:1074)
        at java.util.concurrent.ThreadPoolExecutor.runWorker(ThreadPoolExecutor.java:1134)
        at java.util.concurrent.ThreadPoolExecutor$Worker.run(ThreadPoolExecutor.java:624)
        at java.lang.Thread.run(Thread.java:750)
"timer5" daemon prio=5 tid=852 in Object.wait()
java.lang.Thread.State: WAITING (on object monitor)
        at java.lang.Object.wait(Native Method)
        at java.lang.Object.wait(Object.java:502)
        at java.util.TimerThread.mainLoop(Timer.java:526)
        at java.util.TimerThread.run(Timer.java:505)
"33d4fa9a-f1b5-45a2-9ce3-43c86fd82df2-ChunkWriter-3-0" daemon prio=5 tid=3275 in Object.wait()
java.lang.Thread.State: WAITING (on object monitor)
        at sun.misc.Unsafe.park(Native Method)
        at java.util.concurrent.locks.LockSupport.park(LockSupport.java:175)
        at java.util.concurrent.locks.AbstractQueuedSynchronizer$ConditionObject.await(AbstractQueuedSynchronizer.java:2039)
        at java.util.concurrent.LinkedBlockingDeque.takeFirst(LinkedBlockingDeque.java:492)
        at java.util.concurrent.LinkedBlockingDeque.take(LinkedBlockingDeque.java:680)
        at java.util.concurrent.ThreadPoolExecutor.getTask(ThreadPoolExecutor.java:1074)
        at java.util.concurrent.ThreadPoolExecutor.runWorker(ThreadPoolExecutor.java:1134)
        at java.util.concurrent.ThreadPoolExecutor$Worker.run(ThreadPoolExecutor.java:624)
        at java.lang.Thread.run(Thread.java:750)
"9387e6e8-bf6d-4d10-9dc1-f1bd05fc02cf-server-thread1" daemon prio=5 tid=3724 timed_waiting
java.lang.Thread.State: TIMED_WAITING
        at sun.misc.Unsafe.park(Native Method)
        at java.util.concurrent.locks.LockSupport.parkNanos(LockSupport.java:215)
        at java.util.concurrent.SynchronousQueue$TransferStack.awaitFulfill(SynchronousQueue.java:460)
        at java.util.concurrent.SynchronousQueue$TransferStack.transfer(SynchronousQueue.java:362)
        at java.util.concurrent.SynchronousQueue.poll(SynchronousQueue.java:941)
        at java.util.concurrent.ThreadPoolExecutor.getTask(ThreadPoolExecutor.java:1073)
        at java.util.concurrent.ThreadPoolExecutor.runWorker(ThreadPoolExecutor.java:1134)
        at java.util.concurrent.ThreadPoolExecutor$Worker.run(ThreadPoolExecutor.java:624)
        at java.lang.Thread.run(Thread.java:750)
"IPC Server handler 19 on default port 15110" daemon prio=5 tid=3101 timed_waiting
java.lang.Thread.State: TIMED_WAITING
        at sun.misc.Unsafe.park(Native Method)
        at java.util.concurrent.locks.LockSupport.parkNanos(LockSupport.java:215)
        at java.util.concurrent.locks.AbstractQueuedSynchronizer$ConditionObject.awaitNanos(AbstractQueuedSynchronizer.java:2078)
        at java.util.concurrent.LinkedBlockingQueue.poll(LinkedBlockingQueue.java:467)
        at org.apache.hadoop.ipc.CallQueueManager.take(CallQueueManager.java:317)
        at org.apache.hadoop.ipc.Server$Handler.run(Server.java:3014)
"FixedThreadPoolWithAffinityExecutor-0-0" daemon prio=5 tid=2717 timed_waiting
java.lang.Thread.State: TIMED_WAITING
        at sun.misc.Unsafe.park(Native Method)
        at java.util.concurrent.locks.LockSupport.parkNanos(LockSupport.java:215)
        at java.util.concurrent.locks.AbstractQueuedSynchronizer$ConditionObject.awaitNanos(AbstractQueuedSynchronizer.java:2078)
        at java.util.concurrent.LinkedBlockingQueue.poll(LinkedBlockingQueue.java:467)
        at org.apache.hadoop.hdds.scm.server.ContainerReportQueue.poll(ContainerReportQueue.java:269)
        at org.apache.hadoop.hdds.scm.server.ContainerReportQueue.poll(ContainerReportQueue.java:42)
        at org.apache.hadoop.hdds.server.events.FixedThreadPoolWithAffinityExecutor$ContainerReportProcessTask.run(FixedThreadPoolWithAffinityExecutor.java:253)
        at java.util.concurrent.Executors$RunnableAdapter.call(Executors.java:511)
        at java.util.concurrent.FutureTask.run(FutureTask.java:266)
        at java.util.concurrent.ThreadPoolExecutor.runWorker(ThreadPoolExecutor.java:1149)
        at java.util.concurrent.ThreadPoolExecutor$Worker.run(ThreadPoolExecutor.java:624)
        at java.lang.Thread.run(Thread.java:750)
"qtp152257112-3142" daemon prio=5 tid=3142 timed_waiting
java.lang.Thread.State: TIMED_WAITING
        at sun.misc.Unsafe.park(Native Method)
        at java.util.concurrent.locks.LockSupport.parkNanos(LockSupport.java:215)
        at java.util.concurrent.locks.AbstractQueuedSynchronizer$ConditionObject.awaitNanos(AbstractQueuedSynchronizer.java:2078)
        at org.eclipse.jetty.util.BlockingArrayQueue.poll(BlockingArrayQueue.java:382)
        at org.eclipse.jetty.util.thread.QueuedThreadPool$Runner.idleJobPoll(QueuedThreadPool.java:974)
        at org.eclipse.jetty.util.thread.QueuedThreadPool$Runner.run(QueuedThreadPool.java:1018)
        at java.lang.Thread.run(Thread.java:750)
"ContainerMetadataScanner" daemon prio=5 tid=3306 timed_waiting
java.lang.Thread.State: TIMED_WAITING
        at java.lang.Thread.sleep(Native Method)
        at org.apache.hadoop.ozone.container.ozoneimpl.AbstractBackgroundContainerScanner.handleRemainingSleep(AbstractBackgroundContainerScanner.java:131)
        at org.apache.hadoop.ozone.container.ozoneimpl.AbstractBackgroundContainerScanner.runIteration(AbstractBackgroundContainerScanner.java:98)
        at org.apache.hadoop.ozone.container.ozoneimpl.AbstractBackgroundContainerScanner.run(AbstractBackgroundContainerScanner.java:57)
"33d4fa9a-f1b5-45a2-9ce3-43c86fd82df2-DatanodeReportManager-0" daemon prio=5 tid=3151 timed_waiting
java.lang.Thread.State: TIMED_WAITING
        at sun.misc.Unsafe.park(Native Method)
        at java.util.concurrent.locks.LockSupport.parkNanos(LockSupport.java:215)
        at java.util.concurrent.locks.AbstractQueuedSynchronizer$ConditionObject.awaitNanos(AbstractQueuedSynchronizer.java:2078)
        at java.util.concurrent.ScheduledThreadPoolExecutor$DelayedWorkQueue.take(ScheduledThreadPoolExecutor.java:1093)
        at java.util.concurrent.ScheduledThreadPoolExecutor$DelayedWorkQueue.take(ScheduledThreadPoolExecutor.java:809)
        at java.util.concurrent.ThreadPoolExecutor.getTask(ThreadPoolExecutor.java:1074)
        at java.util.concurrent.ThreadPoolExecutor.runWorker(ThreadPoolExecutor.java:1134)
        at java.util.concurrent.ThreadPoolExecutor$Worker.run(ThreadPoolExecutor.java:624)
        at java.lang.Thread.run(Thread.java:750)
"IPC Server handler 90 on default port 15106" daemon prio=5 tid=2819 timed_waiting
java.lang.Thread.State: TIMED_WAITING
        at sun.misc.Unsafe.park(Native Method)
        at java.util.concurrent.locks.LockSupport.parkNanos(LockSupport.java:215)
        at java.util.concurrent.locks.AbstractQueuedSynchronizer$ConditionObject.awaitNanos(AbstractQueuedSynchronizer.java:2078)
        at java.util.concurrent.LinkedBlockingQueue.poll(LinkedBlockingQueue.java:467)
        at org.apache.hadoop.ipc.CallQueueManager.take(CallQueueManager.java:317)
        at org.apache.hadoop.ipc.Server$Handler.run(Server.java:3014)
"IPC Server handler 38 on default port 15106" daemon prio=5 tid=2767 timed_waiting
java.lang.Thread.State: TIMED_WAITING
        at sun.misc.Unsafe.park(Native Method)
        at java.util.concurrent.locks.LockSupport.parkNanos(LockSupport.java:215)
        at java.util.concurrent.locks.AbstractQueuedSynchronizer$ConditionObject.awaitNanos(AbstractQueuedSynchronizer.java:2078)
        at java.util.concurrent.LinkedBlockingQueue.poll(LinkedBlockingQueue.java:467)
        at org.apache.hadoop.ipc.CallQueueManager.take(CallQueueManager.java:317)
        at org.apache.hadoop.ipc.Server$Handler.run(Server.java:3014)
"a45323a7-bc80-446e-b427-0ffb34a72641-BlockDeletingService#3" daemon prio=5 tid=3612 in Object.wait()
java.lang.Thread.State: WAITING (on object monitor)
        at sun.misc.Unsafe.park(Native Method)
        at java.util.concurrent.locks.LockSupport.park(LockSupport.java:175)
        at java.util.concurrent.locks.AbstractQueuedSynchronizer$ConditionObject.await(AbstractQueuedSynchronizer.java:2039)
        at java.util.concurrent.ScheduledThreadPoolExecutor$DelayedWorkQueue.take(ScheduledThreadPoolExecutor.java:1088)
        at java.util.concurrent.ScheduledThreadPoolExecutor$DelayedWorkQueue.take(ScheduledThreadPoolExecutor.java:809)
        at java.util.concurrent.ThreadPoolExecutor.getTask(ThreadPoolExecutor.java:1074)
        at java.util.concurrent.ThreadPoolExecutor.runWorker(ThreadPoolExecutor.java:1134)
        at java.util.concurrent.ThreadPoolExecutor$Worker.run(ThreadPoolExecutor.java:624)
        at java.lang.Thread.run(Thread.java:750)
"33d4fa9a-f1b5-45a2-9ce3-43c86fd82df2-ChunkWriter-2-0" daemon prio=5 tid=3274 in Object.wait()
java.lang.Thread.State: WAITING (on object monitor)
        at sun.misc.Unsafe.park(Native Method)
        at java.util.concurrent.locks.LockSupport.park(LockSupport.java:175)
        at java.util.concurrent.locks.AbstractQueuedSynchronizer$ConditionObject.await(AbstractQueuedSynchronizer.java:2039)
        at java.util.concurrent.LinkedBlockingDeque.takeFirst(LinkedBlockingDeque.java:492)
        at java.util.concurrent.LinkedBlockingDeque.take(LinkedBlockingDeque.java:680)
        at java.util.concurrent.ThreadPoolExecutor.getTask(ThreadPoolExecutor.java:1074)
        at java.util.concurrent.ThreadPoolExecutor.runWorker(ThreadPoolExecutor.java:1134)
        at java.util.concurrent.ThreadPoolExecutor$Worker.run(ThreadPoolExecutor.java:624)
        at java.lang.Thread.run(Thread.java:750)
"qtp152257112-3141" daemon prio=5 tid=3141 timed_waiting
java.lang.Thread.State: TIMED_WAITING
        at sun.misc.Unsafe.park(Native Method)
        at java.util.concurrent.locks.LockSupport.parkNanos(LockSupport.java:215)
        at java.util.concurrent.locks.AbstractQueuedSynchronizer$ConditionObject.awaitNanos(AbstractQueuedSynchronizer.java:2078)
        at org.eclipse.jetty.util.BlockingArrayQueue.poll(BlockingArrayQueue.java:382)
        at org.eclipse.jetty.util.thread.QueuedThreadPool$Runner.idleJobPoll(QueuedThreadPool.java:974)
        at org.eclipse.jetty.util.thread.QueuedThreadPool$Runner.run(QueuedThreadPool.java:1018)
        at java.lang.Thread.run(Thread.java:750)
"IPC Server handler 77 on default port 15107" daemon prio=5 tid=2906 timed_waiting
java.lang.Thread.State: TIMED_WAITING
        at sun.misc.Unsafe.park(Native Method)
        at java.util.concurrent.locks.LockSupport.parkNanos(LockSupport.java:215)
        at java.util.concurrent.locks.AbstractQueuedSynchronizer$ConditionObject.awaitNanos(AbstractQueuedSynchronizer.java:2078)
        at java.util.concurrent.LinkedBlockingQueue.poll(LinkedBlockingQueue.java:467)
        at org.apache.hadoop.ipc.CallQueueManager.take(CallQueueManager.java:317)
        at org.apache.hadoop.ipc.Server$Handler.run(Server.java:3014)
"PartialTableCache-Cleanup-0" daemon prio=5 tid=3788 in Object.wait()
java.lang.Thread.State: WAITING (on object monitor)
        at sun.misc.Unsafe.park(Native Method)
        at java.util.concurrent.locks.LockSupport.park(LockSupport.java:175)
        at java.util.concurrent.locks.AbstractQueuedSynchronizer$ConditionObject.await(AbstractQueuedSynchronizer.java:2039)
        at java.util.concurrent.LinkedBlockingQueue.take(LinkedBlockingQueue.java:442)
        at java.util.concurrent.ThreadPoolExecutor.getTask(ThreadPoolExecutor.java:1074)
        at java.util.concurrent.ThreadPoolExecutor.runWorker(ThreadPoolExecutor.java:1134)
        at java.util.concurrent.ThreadPoolExecutor$Worker.run(ThreadPoolExecutor.java:624)
        at java.lang.Thread.run(Thread.java:750)
"qtp326450405-3801" daemon prio=5 tid=3801 timed_waiting
java.lang.Thread.State: TIMED_WAITING
        at sun.misc.Unsafe.park(Native Method)
        at java.util.concurrent.locks.LockSupport.parkNanos(LockSupport.java:215)
        at java.util.concurrent.locks.AbstractQueuedSynchronizer$ConditionObject.awaitNanos(AbstractQueuedSynchronizer.java:2078)
        at org.eclipse.jetty.util.BlockingArrayQueue.poll(BlockingArrayQueue.java:382)
        at org.eclipse.jetty.util.thread.QueuedThreadPool$Runner.idleJobPoll(QueuedThreadPool.java:974)
        at org.eclipse.jetty.util.thread.QueuedThreadPool$Runner.run(QueuedThreadPool.java:1018)
        at java.lang.Thread.run(Thread.java:750)
"IPC Server listener on 15107" daemon prio=5 tid=2707 runnable
java.lang.Thread.State: RUNNABLE
        at sun.nio.ch.EPollArrayWrapper.epollWait(Native Method)
        at sun.nio.ch.EPollArrayWrapper.poll(EPollArrayWrapper.java:269)
        at sun.nio.ch.EPollSelectorImpl.doSelect(EPollSelectorImpl.java:93)
        at sun.nio.ch.SelectorImpl.lockAndDoSelect(SelectorImpl.java:86)
        at sun.nio.ch.SelectorImpl.select(SelectorImpl.java:97)
        at sun.nio.ch.SelectorImpl.select(SelectorImpl.java:101)
        at org.apache.hadoop.ipc.Server$Listener.run(Server.java:1408)
"a45323a7-bc80-446e-b427-0ffb34a72641-DatanodeStateMachineTaskThread-1"  prio=5 tid=3300 in Object.wait()
java.lang.Thread.State: WAITING (on object monitor)
        at sun.misc.Unsafe.park(Native Method)
        at java.util.concurrent.locks.LockSupport.park(LockSupport.java:175)
        at java.util.concurrent.locks.AbstractQueuedSynchronizer$ConditionObject.await(AbstractQueuedSynchronizer.java:2039)
        at java.util.concurrent.LinkedBlockingQueue.take(LinkedBlockingQueue.java:442)
        at java.util.concurrent.ThreadPoolExecutor.getTask(ThreadPoolExecutor.java:1074)
        at java.util.concurrent.ThreadPoolExecutor.runWorker(ThreadPoolExecutor.java:1134)
        at java.util.concurrent.ThreadPoolExecutor$Worker.run(ThreadPoolExecutor.java:624)
        at java.lang.Thread.run(Thread.java:750)
"timer7" daemon prio=5 tid=861 timed_waiting
java.lang.Thread.State: TIMED_WAITING
        at java.lang.Object.wait(Native Method)
        at java.util.TimerThread.mainLoop(Timer.java:552)
        at java.util.TimerThread.run(Timer.java:505)
"IPC Server handler 86 on default port 15107" daemon prio=5 tid=2915 timed_waiting
java.lang.Thread.State: TIMED_WAITING
        at sun.misc.Unsafe.park(Native Method)
        at java.util.concurrent.locks.LockSupport.parkNanos(LockSupport.java:215)
        at java.util.concurrent.locks.AbstractQueuedSynchronizer$ConditionObject.awaitNanos(AbstractQueuedSynchronizer.java:2078)
        at java.util.concurrent.LinkedBlockingQueue.poll(LinkedBlockingQueue.java:467)
        at org.apache.hadoop.ipc.CallQueueManager.take(CallQueueManager.java:317)
        at org.apache.hadoop.ipc.Server$Handler.run(Server.java:3014)
"qtp1950245838-3111" daemon prio=5 tid=3111 timed_waiting
java.lang.Thread.State: TIMED_WAITING
        at sun.misc.Unsafe.park(Native Method)
        at java.util.concurrent.locks.LockSupport.parkNanos(LockSupport.java:215)
        at java.util.concurrent.locks.AbstractQueuedSynchronizer$ConditionObject.awaitNanos(AbstractQueuedSynchronizer.java:2078)
        at org.eclipse.jetty.util.BlockingArrayQueue.poll(BlockingArrayQueue.java:382)
        at org.eclipse.jetty.util.thread.QueuedThreadPool$Runner.idleJobPoll(QueuedThreadPool.java:974)
        at org.eclipse.jetty.util.thread.QueuedThreadPool$Runner.run(QueuedThreadPool.java:1018)
        at java.lang.Thread.run(Thread.java:750)
"EventQueue-DatanodeCommandQueueUpdatedForDatanodeCommandCountUpdatedHandler" daemon prio=5 tid=3343 in Object.wait()
java.lang.Thread.State: WAITING (on object monitor)
        at sun.misc.Unsafe.park(Native Method)
        at java.util.concurrent.locks.LockSupport.park(LockSupport.java:175)
        at java.util.concurrent.locks.AbstractQueuedSynchronizer$ConditionObject.await(AbstractQueuedSynchronizer.java:2039)
        at java.util.concurrent.LinkedBlockingQueue.take(LinkedBlockingQueue.java:442)
        at java.util.concurrent.ThreadPoolExecutor.getTask(ThreadPoolExecutor.java:1074)
        at java.util.concurrent.ThreadPoolExecutor.runWorker(ThreadPoolExecutor.java:1134)
        at java.util.concurrent.ThreadPoolExecutor$Worker.run(ThreadPoolExecutor.java:624)
        at java.lang.Thread.run(Thread.java:750)
"a45323a7-bc80-446e-b427-0ffb34a72641-ChunkReader-ELG-0" daemon prio=5 tid=3313 runnable
java.lang.Thread.State: RUNNABLE
        at org.apache.ratis.thirdparty.io.netty.channel.epoll.Native.epollWait(Native Method)
        at org.apache.ratis.thirdparty.io.netty.channel.epoll.Native.epollWait(Native.java:209)
        at org.apache.ratis.thirdparty.io.netty.channel.epoll.Native.epollWait(Native.java:202)
        at org.apache.ratis.thirdparty.io.netty.channel.epoll.EpollEventLoop.epollWaitNoTimerChange(EpollEventLoop.java:316)
        at org.apache.ratis.thirdparty.io.netty.channel.epoll.EpollEventLoop.run(EpollEventLoop.java:373)
        at org.apache.ratis.thirdparty.io.netty.util.concurrent.SingleThreadEventExecutor$4.run(SingleThreadEventExecutor.java:997)
        at org.apache.ratis.thirdparty.io.netty.util.internal.ThreadExecutorMap$2.run(ThreadExecutorMap.java:74)
        at java.lang.Thread.run(Thread.java:750)
"qtp2092775230-3195" daemon prio=5 tid=3195 timed_waiting
java.lang.Thread.State: TIMED_WAITING
        at sun.misc.Unsafe.park(Native Method)
        at java.util.concurrent.locks.LockSupport.parkNanos(LockSupport.java:215)
        at java.util.concurrent.locks.AbstractQueuedSynchronizer$ConditionObject.awaitNanos(AbstractQueuedSynchronizer.java:2078)
        at org.eclipse.jetty.util.BlockingArrayQueue.poll(BlockingArrayQueue.java:382)
        at org.eclipse.jetty.util.thread.QueuedThreadPool$Runner.idleJobPoll(QueuedThreadPool.java:974)
        at org.eclipse.jetty.util.thread.QueuedThreadPool$Runner.run(QueuedThreadPool.java:1018)
        at java.lang.Thread.run(Thread.java:750)
"qtp1560921027-3079" daemon prio=5 tid=3079 timed_waiting
java.lang.Thread.State: TIMED_WAITING
        at sun.misc.Unsafe.park(Native Method)
        at java.util.concurrent.locks.LockSupport.parkNanos(LockSupport.java:215)
        at java.util.concurrent.locks.AbstractQueuedSynchronizer$ConditionObject.awaitNanos(AbstractQueuedSynchronizer.java:2078)
        at org.eclipse.jetty.util.BlockingArrayQueue.poll(BlockingArrayQueue.java:382)
        at org.eclipse.jetty.util.thread.QueuedThreadPool$Runner.idleJobPoll(QueuedThreadPool.java:974)
        at org.eclipse.jetty.util.thread.QueuedThreadPool$Runner.run(QueuedThreadPool.java:1018)
        at java.lang.Thread.run(Thread.java:750)
"IPC Server handler 70 on default port 15108" daemon prio=5 tid=2999 timed_waiting
java.lang.Thread.State: TIMED_WAITING
        at sun.misc.Unsafe.park(Native Method)
        at java.util.concurrent.locks.LockSupport.parkNanos(LockSupport.java:215)
        at java.util.concurrent.locks.AbstractQueuedSynchronizer$ConditionObject.awaitNanos(AbstractQueuedSynchronizer.java:2078)
        at java.util.concurrent.LinkedBlockingQueue.poll(LinkedBlockingQueue.java:467)
        at org.apache.hadoop.ipc.CallQueueManager.take(CallQueueManager.java:317)
        at org.apache.hadoop.ipc.Server$Handler.run(Server.java:3014)
"IPC Server handler 92 on default port 15108" daemon prio=5 tid=3021 timed_waiting
java.lang.Thread.State: TIMED_WAITING
        at sun.misc.Unsafe.park(Native Method)
        at java.util.concurrent.locks.LockSupport.parkNanos(LockSupport.java:215)
        at java.util.concurrent.locks.AbstractQueuedSynchronizer$ConditionObject.awaitNanos(AbstractQueuedSynchronizer.java:2078)
        at java.util.concurrent.LinkedBlockingQueue.poll(LinkedBlockingQueue.java:467)
        at org.apache.hadoop.ipc.CallQueueManager.take(CallQueueManager.java:317)
        at org.apache.hadoop.ipc.Server$Handler.run(Server.java:3014)
"a45323a7-bc80-446e-b427-0ffb34a72641@group-0B323A473FB2-StateMachineUpdater" daemon prio=5 tid=3625 timed_waiting
java.lang.Thread.State: TIMED_WAITING
        at sun.misc.Unsafe.park(Native Method)
        at java.util.concurrent.locks.LockSupport.parkNanos(LockSupport.java:215)
        at java.util.concurrent.locks.AbstractQueuedSynchronizer$ConditionObject.await(AbstractQueuedSynchronizer.java:2163)
        at org.apache.ratis.util.AwaitForSignal.await(AwaitForSignal.java:65)
        at org.apache.ratis.server.impl.StateMachineUpdater.waitForCommit(StateMachineUpdater.java:211)
        at org.apache.ratis.server.impl.StateMachineUpdater.run(StateMachineUpdater.java:180)
        at java.lang.Thread.run(Thread.java:750)
"80370d78-c36f-4d75-b7cb-6753407b0dff-BlockDeletingService#1" daemon prio=5 tid=3335 in Object.wait()
java.lang.Thread.State: WAITING (on object monitor)
        at sun.misc.Unsafe.park(Native Method)
        at java.util.concurrent.locks.LockSupport.park(LockSupport.java:175)
        at java.util.concurrent.locks.AbstractQueuedSynchronizer$ConditionObject.await(AbstractQueuedSynchronizer.java:2039)
        at java.util.concurrent.ScheduledThreadPoolExecutor$DelayedWorkQueue.take(ScheduledThreadPoolExecutor.java:1088)
        at java.util.concurrent.ScheduledThreadPoolExecutor$DelayedWorkQueue.take(ScheduledThreadPoolExecutor.java:809)
        at java.util.concurrent.ThreadPoolExecutor.getTask(ThreadPoolExecutor.java:1074)
        at java.util.concurrent.ThreadPoolExecutor.runWorker(ThreadPoolExecutor.java:1134)
        at java.util.concurrent.ThreadPoolExecutor$Worker.run(ThreadPoolExecutor.java:624)
        at java.lang.Thread.run(Thread.java:750)
"IPC Server handler 71 on default port 15108" daemon prio=5 tid=3000 timed_waiting
java.lang.Thread.State: TIMED_WAITING
        at sun.misc.Unsafe.park(Native Method)
        at java.util.concurrent.locks.LockSupport.parkNanos(LockSupport.java:215)
        at java.util.concurrent.locks.AbstractQueuedSynchronizer$ConditionObject.awaitNanos(AbstractQueuedSynchronizer.java:2078)
        at java.util.concurrent.LinkedBlockingQueue.poll(LinkedBlockingQueue.java:467)
        at org.apache.hadoop.ipc.CallQueueManager.take(CallQueueManager.java:317)
        at org.apache.hadoop.ipc.Server$Handler.run(Server.java:3014)
"IPC Server handler 45 on default port 15107" daemon prio=5 tid=2874 timed_waiting
java.lang.Thread.State: TIMED_WAITING
        at sun.misc.Unsafe.park(Native Method)
        at java.util.concurrent.locks.LockSupport.parkNanos(LockSupport.java:215)
        at java.util.concurrent.locks.AbstractQueuedSynchronizer$ConditionObject.awaitNanos(AbstractQueuedSynchronizer.java:2078)
        at java.util.concurrent.LinkedBlockingQueue.poll(LinkedBlockingQueue.java:467)
        at org.apache.hadoop.ipc.CallQueueManager.take(CallQueueManager.java:317)
        at org.apache.hadoop.ipc.Server$Handler.run(Server.java:3014)
"Reference Handler" daemon prio=10 tid=2 in Object.wait()
java.lang.Thread.State: WAITING (on object monitor)
        at java.lang.Object.wait(Native Method)
        at java.lang.Object.wait(Object.java:502)
        at java.lang.ref.Reference.tryHandlePending(Reference.java:191)
        at java.lang.ref.Reference$ReferenceHandler.run(Reference.java:153)
"UnderReplicatedProcessor" daemon prio=5 tid=2699 timed_waiting
java.lang.Thread.State: TIMED_WAITING
        at java.lang.Object.wait(Native Method)
        at org.apache.hadoop.hdds.scm.container.replication.UnhealthyReplicationProcessor.run(UnhealthyReplicationProcessor.java:174)
        at java.lang.Thread.run(Thread.java:750)
"IPC Server handler 12 on default port 15110" daemon prio=5 tid=3094 timed_waiting
java.lang.Thread.State: TIMED_WAITING
        at sun.misc.Unsafe.park(Native Method)
        at java.util.concurrent.locks.LockSupport.parkNanos(LockSupport.java:215)
        at java.util.concurrent.locks.AbstractQueuedSynchronizer$ConditionObject.awaitNanos(AbstractQueuedSynchronizer.java:2078)
        at java.util.concurrent.LinkedBlockingQueue.poll(LinkedBlockingQueue.java:467)
        at org.apache.hadoop.ipc.CallQueueManager.take(CallQueueManager.java:317)
        at org.apache.hadoop.ipc.Server$Handler.run(Server.java:3014)
"IPC Server handler 29 on default port 15106" daemon prio=5 tid=2758 timed_waiting
java.lang.Thread.State: TIMED_WAITING
        at sun.misc.Unsafe.park(Native Method)
        at java.util.concurrent.locks.LockSupport.parkNanos(LockSupport.java:215)
        at java.util.concurrent.locks.AbstractQueuedSynchronizer$ConditionObject.awaitNanos(AbstractQueuedSynchronizer.java:2078)
        at java.util.concurrent.LinkedBlockingQueue.poll(LinkedBlockingQueue.java:467)
        at org.apache.hadoop.ipc.CallQueueManager.take(CallQueueManager.java:317)
        at org.apache.hadoop.ipc.Server$Handler.run(Server.java:3014)
"9387e6e8-bf6d-4d10-9dc1-f1bd05fc02cf-server-thread1" daemon prio=5 tid=3732 timed_waiting
java.lang.Thread.State: TIMED_WAITING
        at sun.misc.Unsafe.park(Native Method)
        at java.util.concurrent.locks.LockSupport.parkNanos(LockSupport.java:215)
        at java.util.concurrent.SynchronousQueue$TransferStack.awaitFulfill(SynchronousQueue.java:460)
        at java.util.concurrent.SynchronousQueue$TransferStack.transfer(SynchronousQueue.java:362)
        at java.util.concurrent.SynchronousQueue.poll(SynchronousQueue.java:941)
        at java.util.concurrent.ThreadPoolExecutor.getTask(ThreadPoolExecutor.java:1073)
        at java.util.concurrent.ThreadPoolExecutor.runWorker(ThreadPoolExecutor.java:1134)
        at java.util.concurrent.ThreadPoolExecutor$Worker.run(ThreadPoolExecutor.java:624)
        at java.lang.Thread.run(Thread.java:750)
"FullTableCache-Cleanup-0" daemon prio=5 tid=3496 in Object.wait()
java.lang.Thread.State: WAITING (on object monitor)
        at sun.misc.Unsafe.park(Native Method)
        at java.util.concurrent.locks.LockSupport.park(LockSupport.java:175)
        at java.util.concurrent.locks.AbstractQueuedSynchronizer$ConditionObject.await(AbstractQueuedSynchronizer.java:2039)
        at java.util.concurrent.LinkedBlockingQueue.take(LinkedBlockingQueue.java:442)
        at java.util.concurrent.ThreadPoolExecutor.getTask(ThreadPoolExecutor.java:1074)
        at java.util.concurrent.ThreadPoolExecutor.runWorker(ThreadPoolExecutor.java:1134)
        at java.util.concurrent.ThreadPoolExecutor$Worker.run(ThreadPoolExecutor.java:624)
        at java.lang.Thread.run(Thread.java:750)
"33d4fa9a-f1b5-45a2-9ce3-43c86fd82df2@group-12C11132411B->9387e6e8-bf6d-4d10-9dc1-f1bd05fc02cf-GrpcLogAppender-LogAppenderDaemon" daemon prio=5 tid=3722 timed_waiting
java.lang.Thread.State: TIMED_WAITING
        at sun.misc.Unsafe.park(Native Method)
        at java.util.concurrent.locks.LockSupport.parkNanos(LockSupport.java:215)
        at java.util.concurrent.locks.AbstractQueuedSynchronizer$ConditionObject.await(AbstractQueuedSynchronizer.java:2163)
        at org.apache.ratis.util.AwaitForSignal.await(AwaitForSignal.java:65)
        at org.apache.ratis.grpc.server.GrpcLogAppender.mayWait(GrpcLogAppender.java:286)
        at org.apache.ratis.grpc.server.GrpcLogAppender.run(GrpcLogAppender.java:254)
        at org.apache.ratis.server.leader.LogAppenderDaemon.run(LogAppenderDaemon.java:80)
        at org.apache.ratis.server.leader.LogAppenderDaemon$$Lambda$1539/1265239873.run(Unknown Source)
        at java.lang.Thread.run(Thread.java:750)
"9387e6e8-bf6d-4d10-9dc1-f1bd05fc02cf-PipelineCommandHandlerThread-0"  prio=5 tid=3344 in Object.wait()
java.lang.Thread.State: WAITING (on object monitor)
        at sun.misc.Unsafe.park(Native Method)
        at java.util.concurrent.locks.LockSupport.park(LockSupport.java:175)
        at java.util.concurrent.locks.AbstractQueuedSynchronizer$ConditionObject.await(AbstractQueuedSynchronizer.java:2039)
        at java.util.concurrent.LinkedBlockingQueue.take(LinkedBlockingQueue.java:442)
        at java.util.concurrent.ThreadPoolExecutor.getTask(ThreadPoolExecutor.java:1074)
        at java.util.concurrent.ThreadPoolExecutor.runWorker(ThreadPoolExecutor.java:1134)
        at java.util.concurrent.ThreadPoolExecutor$Worker.run(ThreadPoolExecutor.java:624)
        at java.lang.Thread.run(Thread.java:750)
"IPC Server handler 13 on default port 15110" daemon prio=5 tid=3095 timed_waiting
java.lang.Thread.State: TIMED_WAITING
        at sun.misc.Unsafe.park(Native Method)
        at java.util.concurrent.locks.LockSupport.parkNanos(LockSupport.java:215)
        at java.util.concurrent.locks.AbstractQueuedSynchronizer$ConditionObject.awaitNanos(AbstractQueuedSynchronizer.java:2078)
        at java.util.concurrent.LinkedBlockingQueue.poll(LinkedBlockingQueue.java:467)
        at org.apache.hadoop.ipc.CallQueueManager.take(CallQueueManager.java:317)
        at org.apache.hadoop.ipc.Server$Handler.run(Server.java:3014)
"IPC Server handler 14 on default port 15107" daemon prio=5 tid=2843 timed_waiting
java.lang.Thread.State: TIMED_WAITING
        at sun.misc.Unsafe.park(Native Method)
        at java.util.concurrent.locks.LockSupport.parkNanos(LockSupport.java:215)
        at java.util.concurrent.locks.AbstractQueuedSynchronizer$ConditionObject.awaitNanos(AbstractQueuedSynchronizer.java:2078)
        at java.util.concurrent.LinkedBlockingQueue.poll(LinkedBlockingQueue.java:467)
        at org.apache.hadoop.ipc.CallQueueManager.take(CallQueueManager.java:317)
        at org.apache.hadoop.ipc.Server$Handler.run(Server.java:3014)
"ContainerDataScanner(/home/runner/work/ozone/ozone/hadoop-ozone/integration-test/target/test-dir/MiniOzoneClusterImpl-ed39ddd9-82bf-4bf6-8741-acb42c98007c/ozone-meta/datanode-3/data-0/hdds)" daemon prio=5 tid=3826 timed_waiting
java.lang.Thread.State: TIMED_WAITING
        at java.lang.Thread.sleep(Native Method)
        at org.apache.hadoop.ozone.container.ozoneimpl.AbstractBackgroundContainerScanner.handleRemainingSleep(AbstractBackgroundContainerScanner.java:131)
        at org.apache.hadoop.ozone.container.ozoneimpl.AbstractBackgroundContainerScanner.runIteration(AbstractBackgroundContainerScanner.java:98)
        at org.apache.hadoop.ozone.container.ozoneimpl.AbstractBackgroundContainerScanner.run(AbstractBackgroundContainerScanner.java:57)
"StaleRecoveringContainerScrubbingService#4" daemon prio=5 tid=3743 timed_waiting
java.lang.Thread.State: TIMED_WAITING
        at sun.misc.Unsafe.park(Native Method)
        at java.util.concurrent.locks.LockSupport.parkNanos(LockSupport.java:215)
        at java.util.concurrent.locks.AbstractQueuedSynchronizer$ConditionObject.awaitNanos(AbstractQueuedSynchronizer.java:2078)
        at java.util.concurrent.ScheduledThreadPoolExecutor$DelayedWorkQueue.take(ScheduledThreadPoolExecutor.java:1093)
        at java.util.concurrent.ScheduledThreadPoolExecutor$DelayedWorkQueue.take(ScheduledThreadPoolExecutor.java:809)
        at java.util.concurrent.ThreadPoolExecutor.getTask(ThreadPoolExecutor.java:1074)
        at java.util.concurrent.ThreadPoolExecutor.runWorker(ThreadPoolExecutor.java:1134)
        at java.util.concurrent.ThreadPoolExecutor$Worker.run(ThreadPoolExecutor.java:624)
        at java.lang.Thread.run(Thread.java:750)
"IPC Server handler 14 on default port 15108" daemon prio=5 tid=2943 timed_waiting
java.lang.Thread.State: TIMED_WAITING
        at sun.misc.Unsafe.park(Native Method)
        at java.util.concurrent.locks.LockSupport.parkNanos(LockSupport.java:215)
        at java.util.concurrent.locks.AbstractQueuedSynchronizer$ConditionObject.awaitNanos(AbstractQueuedSynchronizer.java:2078)
        at java.util.concurrent.LinkedBlockingQueue.poll(LinkedBlockingQueue.java:467)
        at org.apache.hadoop.ipc.CallQueueManager.take(CallQueueManager.java:317)
        at org.apache.hadoop.ipc.Server$Handler.run(Server.java:3014)
"StaleRecoveringContainerScrubbingService#6" daemon prio=5 tid=3766 in Object.wait()
java.lang.Thread.State: WAITING (on object monitor)
        at sun.misc.Unsafe.park(Native Method)
        at java.util.concurrent.locks.LockSupport.park(LockSupport.java:175)
        at java.util.concurrent.locks.AbstractQueuedSynchronizer$ConditionObject.await(AbstractQueuedSynchronizer.java:2039)
        at java.util.concurrent.ScheduledThreadPoolExecutor$DelayedWorkQueue.take(ScheduledThreadPoolExecutor.java:1088)
        at java.util.concurrent.ScheduledThreadPoolExecutor$DelayedWorkQueue.take(ScheduledThreadPoolExecutor.java:809)
        at java.util.concurrent.ThreadPoolExecutor.getTask(ThreadPoolExecutor.java:1074)
        at java.util.concurrent.ThreadPoolExecutor.runWorker(ThreadPoolExecutor.java:1134)
        at java.util.concurrent.ThreadPoolExecutor$Worker.run(ThreadPoolExecutor.java:624)
        at java.lang.Thread.run(Thread.java:750)
"om1-SnapshotDiffCleanupService#0" daemon prio=5 tid=3046 timed_waiting
java.lang.Thread.State: TIMED_WAITING
        at sun.misc.Unsafe.park(Native Method)
        at java.util.concurrent.locks.LockSupport.parkNanos(LockSupport.java:215)
        at java.util.concurrent.locks.AbstractQueuedSynchronizer$ConditionObject.awaitNanos(AbstractQueuedSynchronizer.java:2078)
        at java.util.concurrent.ScheduledThreadPoolExecutor$DelayedWorkQueue.take(ScheduledThreadPoolExecutor.java:1093)
        at java.util.concurrent.ScheduledThreadPoolExecutor$DelayedWorkQueue.take(ScheduledThreadPoolExecutor.java:809)
        at java.util.concurrent.ThreadPoolExecutor.getTask(ThreadPoolExecutor.java:1074)
        at java.util.concurrent.ThreadPoolExecutor.runWorker(ThreadPoolExecutor.java:1134)
        at java.util.concurrent.ThreadPoolExecutor$Worker.run(ThreadPoolExecutor.java:624)
        at java.lang.Thread.run(Thread.java:750)
"qtp1560921027-3074" daemon prio=5 tid=3074 runnable
java.lang.Thread.State: RUNNABLE
        at sun.nio.ch.EPollArrayWrapper.epollWait(Native Method)
        at sun.nio.ch.EPollArrayWrapper.poll(EPollArrayWrapper.java:269)
        at sun.nio.ch.EPollSelectorImpl.doSelect(EPollSelectorImpl.java:93)
        at sun.nio.ch.SelectorImpl.lockAndDoSelect(SelectorImpl.java:86)
        at sun.nio.ch.SelectorImpl.select(SelectorImpl.java:97)
        at sun.nio.ch.SelectorImpl.select(SelectorImpl.java:101)
        at org.eclipse.jetty.io.ManagedSelector.nioSelect(ManagedSelector.java:183)
        at org.eclipse.jetty.io.ManagedSelector.select(ManagedSelector.java:190)
        at org.eclipse.jetty.io.ManagedSelector$SelectorProducer.select(ManagedSelector.java:606)
        at org.eclipse.jetty.io.ManagedSelector$SelectorProducer.produce(ManagedSelector.java:543)
        at org.eclipse.jetty.util.thread.strategy.EatWhatYouKill.produceTask(EatWhatYouKill.java:362)
        at org.eclipse.jetty.util.thread.strategy.EatWhatYouKill.doProduce(EatWhatYouKill.java:186)
        at org.eclipse.jetty.util.thread.strategy.EatWhatYouKill.tryProduce(EatWhatYouKill.java:173)
        at org.eclipse.jetty.util.thread.strategy.EatWhatYouKill.produce(EatWhatYouKill.java:137)
        at org.eclipse.jetty.io.ManagedSelector$$Lambda$746/715978059.run(Unknown Source)
        at org.eclipse.jetty.util.thread.QueuedThreadPool.runJob(QueuedThreadPool.java:883)
        at org.eclipse.jetty.util.thread.QueuedThreadPool$Runner.run(QueuedThreadPool.java:1034)
        at java.lang.Thread.run(Thread.java:750)
"IPC Server handler 46 on default port 15106" daemon prio=5 tid=2775 timed_waiting
java.lang.Thread.State: TIMED_WAITING
        at sun.misc.Unsafe.park(Native Method)
        at java.util.concurrent.locks.LockSupport.parkNanos(LockSupport.java:215)
        at java.util.concurrent.locks.AbstractQueuedSynchronizer$ConditionObject.awaitNanos(AbstractQueuedSynchronizer.java:2078)
        at java.util.concurrent.LinkedBlockingQueue.poll(LinkedBlockingQueue.java:467)
        at org.apache.hadoop.ipc.CallQueueManager.take(CallQueueManager.java:317)
        at org.apache.hadoop.ipc.Server$Handler.run(Server.java:3014)
"ExpiredContainerReplicaOpScrubber" daemon prio=5 tid=2697 timed_waiting
java.lang.Thread.State: TIMED_WAITING
        at java.lang.Object.wait(Native Method)
        at org.apache.hadoop.hdds.scm.ha.BackgroundSCMService.run(BackgroundSCMService.java:107)
        at org.apache.hadoop.hdds.scm.ha.BackgroundSCMService$$Lambda$640/2027963364.run(Unknown Source)
        at java.lang.Thread.run(Thread.java:750)
"EventQueue-PipelineReportForOneReplicaPipelineSafeModeRule" daemon prio=5 tid=3339 in Object.wait()
java.lang.Thread.State: WAITING (on object monitor)
        at sun.misc.Unsafe.park(Native Method)
        at java.util.concurrent.locks.LockSupport.park(LockSupport.java:175)
        at java.util.concurrent.locks.AbstractQueuedSynchronizer$ConditionObject.await(AbstractQueuedSynchronizer.java:2039)
        at java.util.concurrent.LinkedBlockingQueue.take(LinkedBlockingQueue.java:442)
        at java.util.concurrent.ThreadPoolExecutor.getTask(ThreadPoolExecutor.java:1074)
        at java.util.concurrent.ThreadPoolExecutor.runWorker(ThreadPoolExecutor.java:1134)
        at java.util.concurrent.ThreadPoolExecutor$Worker.run(ThreadPoolExecutor.java:624)
        at java.lang.Thread.run(Thread.java:750)
"33d4fa9a-f1b5-45a2-9ce3-43c86fd82df2@group-0B323A473FB2-FollowerState" daemon prio=5 tid=3687 timed_waiting
java.lang.Thread.State: TIMED_WAITING
        at java.lang.Thread.sleep(Native Method)
        at java.lang.Thread.sleep(Thread.java:342)
        at java.util.concurrent.TimeUnit.sleep(TimeUnit.java:386)
        at org.apache.ratis.util.TimeDuration.sleep(TimeDuration.java:353)
        at org.apache.ratis.util.TimeDuration.sleep(TimeDuration.java:338)
        at org.apache.ratis.server.impl.FollowerState.run(FollowerState.java:128)
"Hadoop-Metrics-Updater-0" daemon prio=5 tid=3148 timed_waiting
java.lang.Thread.State: TIMED_WAITING
        at sun.misc.Unsafe.park(Native Method)
        at java.util.concurrent.locks.LockSupport.parkNanos(LockSupport.java:215)
        at java.util.concurrent.locks.AbstractQueuedSynchronizer$ConditionObject.awaitNanos(AbstractQueuedSynchronizer.java:2078)
        at java.util.concurrent.ScheduledThreadPoolExecutor$DelayedWorkQueue.take(ScheduledThreadPoolExecutor.java:1093)
        at java.util.concurrent.ScheduledThreadPoolExecutor$DelayedWorkQueue.take(ScheduledThreadPoolExecutor.java:809)
        at java.util.concurrent.ThreadPoolExecutor.getTask(ThreadPoolExecutor.java:1074)
        at java.util.concurrent.ThreadPoolExecutor.runWorker(ThreadPoolExecutor.java:1134)
        at java.util.concurrent.ThreadPoolExecutor$Worker.run(ThreadPoolExecutor.java:624)
        at java.lang.Thread.run(Thread.java:750)
"IPC Server handler 11 on default port 15107" daemon prio=5 tid=2840 timed_waiting
java.lang.Thread.State: TIMED_WAITING
        at sun.misc.Unsafe.park(Native Method)
        at java.util.concurrent.locks.LockSupport.parkNanos(LockSupport.java:215)
        at java.util.concurrent.locks.AbstractQueuedSynchronizer$ConditionObject.awaitNanos(AbstractQueuedSynchronizer.java:2078)
        at java.util.concurrent.LinkedBlockingQueue.poll(LinkedBlockingQueue.java:467)
        at org.apache.hadoop.ipc.CallQueueManager.take(CallQueueManager.java:317)
        at org.apache.hadoop.ipc.Server$Handler.run(Server.java:3014)
"PartialTableCache-Cleanup-0" daemon prio=5 tid=1123 in Object.wait()
java.lang.Thread.State: WAITING (on object monitor)
        at sun.misc.Unsafe.park(Native Method)
        at java.util.concurrent.locks.LockSupport.park(LockSupport.java:175)
        at java.util.concurrent.locks.AbstractQueuedSynchronizer$ConditionObject.await(AbstractQueuedSynchronizer.java:2039)
        at java.util.concurrent.LinkedBlockingQueue.take(LinkedBlockingQueue.java:442)
        at java.util.concurrent.ThreadPoolExecutor.getTask(ThreadPoolExecutor.java:1074)
        at java.util.concurrent.ThreadPoolExecutor.runWorker(ThreadPoolExecutor.java:1134)
        at java.util.concurrent.ThreadPoolExecutor$Worker.run(ThreadPoolExecutor.java:624)
        at java.lang.Thread.run(Thread.java:750)
"IPC Server handler 72 on default port 15106" daemon prio=5 tid=2801 timed_waiting
java.lang.Thread.State: TIMED_WAITING
        at sun.misc.Unsafe.park(Native Method)
        at java.util.concurrent.locks.LockSupport.parkNanos(LockSupport.java:215)
        at java.util.concurrent.locks.AbstractQueuedSynchronizer$ConditionObject.awaitNanos(AbstractQueuedSynchronizer.java:2078)
        at java.util.concurrent.LinkedBlockingQueue.poll(LinkedBlockingQueue.java:467)
        at org.apache.hadoop.ipc.CallQueueManager.take(CallQueueManager.java:317)
        at org.apache.hadoop.ipc.Server$Handler.run(Server.java:3014)
"IPC Server handler 65 on default port 15107" daemon prio=5 tid=2894 timed_waiting
java.lang.Thread.State: TIMED_WAITING
        at sun.misc.Unsafe.park(Native Method)
        at java.util.concurrent.locks.LockSupport.parkNanos(LockSupport.java:215)
        at java.util.concurrent.locks.AbstractQueuedSynchronizer$ConditionObject.awaitNanos(AbstractQueuedSynchronizer.java:2078)
        at java.util.concurrent.LinkedBlockingQueue.poll(LinkedBlockingQueue.java:467)
        at org.apache.hadoop.ipc.CallQueueManager.take(CallQueueManager.java:317)
        at org.apache.hadoop.ipc.Server$Handler.run(Server.java:3014)
"org.apache.hadoop.ozone.container.common.statemachine.commandhandler.DeleteBlocksCommandHandler$DeleteCmdWorker@4d673131" daemon prio=5 tid=3133 timed_waiting
java.lang.Thread.State: TIMED_WAITING
        at java.lang.Thread.sleep(Native Method)
        at org.apache.hadoop.ozone.container.common.statemachine.commandhandler.DeleteBlocksCommandHandler$DeleteCmdWorker.run(DeleteBlocksCommandHandler.java:259)
        at java.lang.Thread.run(Thread.java:750)
"9387e6e8-bf6d-4d10-9dc1-f1bd05fc02cf-DatanodeReportManager-0" daemon prio=5 tid=3123 in Object.wait()
java.lang.Thread.State: WAITING (on object monitor)
        at sun.misc.Unsafe.park(Native Method)
        at java.util.concurrent.locks.LockSupport.park(LockSupport.java:175)
        at java.util.concurrent.locks.AbstractQueuedSynchronizer$ConditionObject.await(AbstractQueuedSynchronizer.java:2039)
        at java.util.concurrent.ScheduledThreadPoolExecutor$DelayedWorkQueue.take(ScheduledThreadPoolExecutor.java:1088)
        at java.util.concurrent.ScheduledThreadPoolExecutor$DelayedWorkQueue.take(ScheduledThreadPoolExecutor.java:809)
        at java.util.concurrent.ThreadPoolExecutor.getTask(ThreadPoolExecutor.java:1074)
        at java.util.concurrent.ThreadPoolExecutor.runWorker(ThreadPoolExecutor.java:1134)
        at java.util.concurrent.ThreadPoolExecutor$Worker.run(ThreadPoolExecutor.java:624)
        at java.lang.Thread.run(Thread.java:750)
"6cf56e53-88cb-4022-bd56-d9b5c4d884ee-ChunkWriter-2-0" daemon prio=5 tid=3829 in Object.wait()
java.lang.Thread.State: WAITING (on object monitor)
        at sun.misc.Unsafe.park(Native Method)
        at java.util.concurrent.locks.LockSupport.park(LockSupport.java:175)
        at java.util.concurrent.locks.AbstractQueuedSynchronizer$ConditionObject.await(AbstractQueuedSynchronizer.java:2039)
        at java.util.concurrent.LinkedBlockingDeque.takeFirst(LinkedBlockingDeque.java:492)
        at java.util.concurrent.LinkedBlockingDeque.take(LinkedBlockingDeque.java:680)
        at java.util.concurrent.ThreadPoolExecutor.getTask(ThreadPoolExecutor.java:1074)
        at java.util.concurrent.ThreadPoolExecutor.runWorker(ThreadPoolExecutor.java:1134)
        at java.util.concurrent.ThreadPoolExecutor$Worker.run(ThreadPoolExecutor.java:624)
        at java.lang.Thread.run(Thread.java:750)
"om1-SnapshotDirectoryCleaningService#0" daemon prio=5 tid=3070 timed_waiting
java.lang.Thread.State: TIMED_WAITING
        at sun.misc.Unsafe.park(Native Method)
        at java.util.concurrent.locks.LockSupport.parkNanos(LockSupport.java:215)
        at java.util.concurrent.locks.AbstractQueuedSynchronizer$ConditionObject.awaitNanos(AbstractQueuedSynchronizer.java:2078)
        at java.util.concurrent.ScheduledThreadPoolExecutor$DelayedWorkQueue.take(ScheduledThreadPoolExecutor.java:1093)
        at java.util.concurrent.ScheduledThreadPoolExecutor$DelayedWorkQueue.take(ScheduledThreadPoolExecutor.java:809)
        at java.util.concurrent.ThreadPoolExecutor.getTask(ThreadPoolExecutor.java:1074)
        at java.util.concurrent.ThreadPoolExecutor.runWorker(ThreadPoolExecutor.java:1134)
        at java.util.concurrent.ThreadPoolExecutor$Worker.run(ThreadPoolExecutor.java:624)
        at java.lang.Thread.run(Thread.java:750)
"80370d78-c36f-4d75-b7cb-6753407b0dff@group-12C11132411B-StateMachineUpdater" daemon prio=5 tid=3639 timed_waiting
java.lang.Thread.State: TIMED_WAITING
        at sun.misc.Unsafe.park(Native Method)
        at java.util.concurrent.locks.LockSupport.parkNanos(LockSupport.java:215)
        at java.util.concurrent.locks.AbstractQueuedSynchronizer$ConditionObject.await(AbstractQueuedSynchronizer.java:2163)
        at org.apache.ratis.util.AwaitForSignal.await(AwaitForSignal.java:65)
        at org.apache.ratis.server.impl.StateMachineUpdater.waitForCommit(StateMachineUpdater.java:211)
        at org.apache.ratis.server.impl.StateMachineUpdater.run(StateMachineUpdater.java:180)
        at java.lang.Thread.run(Thread.java:750)
"IPC Server handler 76 on default port 15108" daemon prio=5 tid=3005 timed_waiting
java.lang.Thread.State: TIMED_WAITING
        at sun.misc.Unsafe.park(Native Method)
        at java.util.concurrent.locks.LockSupport.parkNanos(LockSupport.java:215)
        at java.util.concurrent.locks.AbstractQueuedSynchronizer$ConditionObject.awaitNanos(AbstractQueuedSynchronizer.java:2078)
        at java.util.concurrent.LinkedBlockingQueue.poll(LinkedBlockingQueue.java:467)
        at org.apache.hadoop.ipc.CallQueueManager.take(CallQueueManager.java:317)
        at org.apache.hadoop.ipc.Server$Handler.run(Server.java:3014)
"IPC Server handler 59 on default port 15107" daemon prio=5 tid=2888 timed_waiting
java.lang.Thread.State: TIMED_WAITING
        at sun.misc.Unsafe.park(Native Method)
        at java.util.concurrent.locks.LockSupport.parkNanos(LockSupport.java:215)
        at java.util.concurrent.locks.AbstractQueuedSynchronizer$ConditionObject.awaitNanos(AbstractQueuedSynchronizer.java:2078)
        at java.util.concurrent.LinkedBlockingQueue.poll(LinkedBlockingQueue.java:467)
        at org.apache.hadoop.ipc.CallQueueManager.take(CallQueueManager.java:317)
        at org.apache.hadoop.ipc.Server$Handler.run(Server.java:3014)
"StaleRecoveringContainerScrubbingService#7" daemon prio=5 tid=3861 in Object.wait()
java.lang.Thread.State: WAITING (on object monitor)
        at sun.misc.Unsafe.park(Native Method)
        at java.util.concurrent.locks.LockSupport.park(LockSupport.java:175)
        at java.util.concurrent.locks.AbstractQueuedSynchronizer$ConditionObject.await(AbstractQueuedSynchronizer.java:2039)
        at java.util.concurrent.ScheduledThreadPoolExecutor$DelayedWorkQueue.take(ScheduledThreadPoolExecutor.java:1088)
        at java.util.concurrent.ScheduledThreadPoolExecutor$DelayedWorkQueue.take(ScheduledThreadPoolExecutor.java:809)
        at java.util.concurrent.ThreadPoolExecutor.getTask(ThreadPoolExecutor.java:1074)
        at java.util.concurrent.ThreadPoolExecutor.runWorker(ThreadPoolExecutor.java:1134)
        at java.util.concurrent.ThreadPoolExecutor$Worker.run(ThreadPoolExecutor.java:624)
        at java.lang.Thread.run(Thread.java:750)
"80370d78-c36f-4d75-b7cb-6753407b0dff@group-12C11132411B-FollowerState" daemon prio=5 tid=3720 timed_waiting
java.lang.Thread.State: TIMED_WAITING
        at java.lang.Thread.sleep(Native Method)
        at java.lang.Thread.sleep(Thread.java:342)
        at java.util.concurrent.TimeUnit.sleep(TimeUnit.java:386)
        at org.apache.ratis.util.TimeDuration.sleep(TimeDuration.java:353)
        at org.apache.ratis.util.TimeDuration.sleep(TimeDuration.java:338)
        at org.apache.ratis.server.impl.FollowerState.run(FollowerState.java:128)
"pool-694-thread-1" daemon prio=5 tid=3824 timed_waiting
java.lang.Thread.State: TIMED_WAITING
        at sun.misc.Unsafe.park(Native Method)
        at java.util.concurrent.locks.LockSupport.parkNanos(LockSupport.java:215)
        at java.util.concurrent.locks.AbstractQueuedSynchronizer$ConditionObject.awaitNanos(AbstractQueuedSynchronizer.java:2078)
        at java.util.concurrent.ScheduledThreadPoolExecutor$DelayedWorkQueue.take(ScheduledThreadPoolExecutor.java:1093)
        at java.util.concurrent.ScheduledThreadPoolExecutor$DelayedWorkQueue.take(ScheduledThreadPoolExecutor.java:809)
        at java.util.concurrent.ThreadPoolExecutor.getTask(ThreadPoolExecutor.java:1074)
        at java.util.concurrent.ThreadPoolExecutor.runWorker(ThreadPoolExecutor.java:1134)
        at java.util.concurrent.ThreadPoolExecutor$Worker.run(ThreadPoolExecutor.java:624)
        at java.lang.Thread.run(Thread.java:750)
"IPC Server handler 58 on default port 15108" daemon prio=5 tid=2987 timed_waiting
java.lang.Thread.State: TIMED_WAITING
        at sun.misc.Unsafe.park(Native Method)
        at java.util.concurrent.locks.LockSupport.parkNanos(LockSupport.java:215)
        at java.util.concurrent.locks.AbstractQueuedSynchronizer$ConditionObject.awaitNanos(AbstractQueuedSynchronizer.java:2078)
        at java.util.concurrent.LinkedBlockingQueue.poll(LinkedBlockingQueue.java:467)
        at org.apache.hadoop.ipc.CallQueueManager.take(CallQueueManager.java:317)
        at org.apache.hadoop.ipc.Server$Handler.run(Server.java:3014)
"PartialTableCache-Cleanup-0" daemon prio=5 tid=890 in Object.wait()
java.lang.Thread.State: WAITING (on object monitor)
        at sun.misc.Unsafe.park(Native Method)
        at java.util.concurrent.locks.LockSupport.park(LockSupport.java:175)
        at java.util.concurrent.locks.AbstractQueuedSynchronizer$ConditionObject.await(AbstractQueuedSynchronizer.java:2039)
        at java.util.concurrent.LinkedBlockingQueue.take(LinkedBlockingQueue.java:442)
        at java.util.concurrent.ThreadPoolExecutor.getTask(ThreadPoolExecutor.java:1074)
        at java.util.concurrent.ThreadPoolExecutor.runWorker(ThreadPoolExecutor.java:1134)
        at java.util.concurrent.ThreadPoolExecutor$Worker.run(ThreadPoolExecutor.java:624)
        at java.lang.Thread.run(Thread.java:750)
"qtp1284879016-3223" daemon prio=5 tid=3223 timed_waiting
java.lang.Thread.State: TIMED_WAITING
        at sun.misc.Unsafe.park(Native Method)
        at java.util.concurrent.locks.LockSupport.parkNanos(LockSupport.java:215)
        at java.util.concurrent.locks.AbstractQueuedSynchronizer$ConditionObject.awaitNanos(AbstractQueuedSynchronizer.java:2078)
        at org.eclipse.jetty.util.BlockingArrayQueue.poll(BlockingArrayQueue.java:382)
        at org.eclipse.jetty.util.thread.QueuedThreadPool$Runner.idleJobPoll(QueuedThreadPool.java:974)
        at org.eclipse.jetty.util.thread.QueuedThreadPool$Runner.run(QueuedThreadPool.java:1018)
        at java.lang.Thread.run(Thread.java:750)
"IPC Server handler 22 on default port 15107" daemon prio=5 tid=2851 timed_waiting
java.lang.Thread.State: TIMED_WAITING
        at sun.misc.Unsafe.park(Native Method)
        at java.util.concurrent.locks.LockSupport.parkNanos(LockSupport.java:215)
        at java.util.concurrent.locks.AbstractQueuedSynchronizer$ConditionObject.awaitNanos(AbstractQueuedSynchronizer.java:2078)
        at java.util.concurrent.LinkedBlockingQueue.poll(LinkedBlockingQueue.java:467)
        at org.apache.hadoop.ipc.CallQueueManager.take(CallQueueManager.java:317)
        at org.apache.hadoop.ipc.Server$Handler.run(Server.java:3014)
"IPC Server listener on 15125" daemon prio=5 tid=3144 runnable
java.lang.Thread.State: RUNNABLE
        at sun.nio.ch.EPollArrayWrapper.epollWait(Native Method)
        at sun.nio.ch.EPollArrayWrapper.poll(EPollArrayWrapper.java:269)
        at sun.nio.ch.EPollSelectorImpl.doSelect(EPollSelectorImpl.java:93)
        at sun.nio.ch.SelectorImpl.lockAndDoSelect(SelectorImpl.java:86)
        at sun.nio.ch.SelectorImpl.select(SelectorImpl.java:97)
        at sun.nio.ch.SelectorImpl.select(SelectorImpl.java:101)
        at org.apache.hadoop.ipc.Server$Listener.run(Server.java:1408)
"IPC Server handler 0 on default port 15108" daemon prio=5 tid=2929 timed_waiting
java.lang.Thread.State: TIMED_WAITING
        at sun.misc.Unsafe.park(Native Method)
        at java.util.concurrent.locks.LockSupport.parkNanos(LockSupport.java:215)
        at java.util.concurrent.locks.AbstractQueuedSynchronizer$ConditionObject.awaitNanos(AbstractQueuedSynchronizer.java:2078)
        at java.util.concurrent.LinkedBlockingQueue.poll(LinkedBlockingQueue.java:467)
        at org.apache.hadoop.ipc.CallQueueManager.take(CallQueueManager.java:317)
        at org.apache.hadoop.ipc.Server$Handler.run(Server.java:3014)
"surefire-forkedjvm-command-thread" daemon prio=5 tid=10 runnable
java.lang.Thread.State: RUNNABLE
        at java.io.FileInputStream.readBytes(Native Method)
        at java.io.FileInputStream.read(FileInputStream.java:255)
        at java.io.BufferedInputStream.fill(BufferedInputStream.java:246)
        at java.io.BufferedInputStream.read(BufferedInputStream.java:265)
        at java.io.DataInputStream.readInt(DataInputStream.java:387)
        at org.apache.maven.surefire.booter.MasterProcessCommand.decode(MasterProcessCommand.java:113)
        at org.apache.maven.surefire.booter.CommandReader$CommandRunnable.run(CommandReader.java:383)
        at java.lang.Thread.run(Thread.java:750)
"Hadoop-Metrics-Updater-0" daemon prio=5 tid=3809 timed_waiting
java.lang.Thread.State: TIMED_WAITING
        at sun.misc.Unsafe.park(Native Method)
        at java.util.concurrent.locks.LockSupport.parkNanos(LockSupport.java:215)
        at java.util.concurrent.locks.AbstractQueuedSynchronizer$ConditionObject.awaitNanos(AbstractQueuedSynchronizer.java:2078)
        at java.util.concurrent.ScheduledThreadPoolExecutor$DelayedWorkQueue.take(ScheduledThreadPoolExecutor.java:1093)
        at java.util.concurrent.ScheduledThreadPoolExecutor$DelayedWorkQueue.take(ScheduledThreadPoolExecutor.java:809)
        at java.util.concurrent.ThreadPoolExecutor.getTask(ThreadPoolExecutor.java:1074)
        at java.util.concurrent.ThreadPoolExecutor.runWorker(ThreadPoolExecutor.java:1134)
        at java.util.concurrent.ThreadPoolExecutor$Worker.run(ThreadPoolExecutor.java:624)
        at java.lang.Thread.run(Thread.java:750)
"CompactionDagPruningService" daemon prio=5 tid=3044 timed_waiting
java.lang.Thread.State: TIMED_WAITING
        at sun.misc.Unsafe.park(Native Method)
        at java.util.concurrent.locks.LockSupport.parkNanos(LockSupport.java:215)
        at java.util.concurrent.locks.AbstractQueuedSynchronizer$ConditionObject.awaitNanos(AbstractQueuedSynchronizer.java:2078)
        at java.util.concurrent.ScheduledThreadPoolExecutor$DelayedWorkQueue.take(ScheduledThreadPoolExecutor.java:1093)
        at java.util.concurrent.ScheduledThreadPoolExecutor$DelayedWorkQueue.take(ScheduledThreadPoolExecutor.java:809)
        at java.util.concurrent.ThreadPoolExecutor.getTask(ThreadPoolExecutor.java:1074)
        at java.util.concurrent.ThreadPoolExecutor.runWorker(ThreadPoolExecutor.java:1134)
        at java.util.concurrent.ThreadPoolExecutor$Worker.run(ThreadPoolExecutor.java:624)
        at java.lang.Thread.run(Thread.java:750)
"IPC Server handler 15 on default port 15106" daemon prio=5 tid=2744 timed_waiting
java.lang.Thread.State: TIMED_WAITING
        at sun.misc.Unsafe.park(Native Method)
        at java.util.concurrent.locks.LockSupport.parkNanos(LockSupport.java:215)
        at java.util.concurrent.locks.AbstractQueuedSynchronizer$ConditionObject.awaitNanos(AbstractQueuedSynchronizer.java:2078)
        at java.util.concurrent.LinkedBlockingQueue.poll(LinkedBlockingQueue.java:467)
        at org.apache.hadoop.ipc.CallQueueManager.take(CallQueueManager.java:317)
        at org.apache.hadoop.ipc.Server$Handler.run(Server.java:3014)
"a45323a7-bc80-446e-b427-0ffb34a72641-BlockDeletingService#2" daemon prio=5 tid=3602 in Object.wait()
java.lang.Thread.State: WAITING (on object monitor)
        at sun.misc.Unsafe.park(Native Method)
        at java.util.concurrent.locks.LockSupport.park(LockSupport.java:175)
        at java.util.concurrent.locks.AbstractQueuedSynchronizer$ConditionObject.await(AbstractQueuedSynchronizer.java:2039)
        at java.util.concurrent.ScheduledThreadPoolExecutor$DelayedWorkQueue.take(ScheduledThreadPoolExecutor.java:1088)
        at java.util.concurrent.ScheduledThreadPoolExecutor$DelayedWorkQueue.take(ScheduledThreadPoolExecutor.java:809)
        at java.util.concurrent.ThreadPoolExecutor.getTask(ThreadPoolExecutor.java:1074)
        at java.util.concurrent.ThreadPoolExecutor.runWorker(ThreadPoolExecutor.java:1134)
        at java.util.concurrent.ThreadPoolExecutor$Worker.run(ThreadPoolExecutor.java:624)
        at java.lang.Thread.run(Thread.java:750)
"IPC Server handler 90 on default port 15107" daemon prio=5 tid=2919 timed_waiting
java.lang.Thread.State: TIMED_WAITING
        at sun.misc.Unsafe.park(Native Method)
        at java.util.concurrent.locks.LockSupport.parkNanos(LockSupport.java:215)
        at java.util.concurrent.locks.AbstractQueuedSynchronizer$ConditionObject.awaitNanos(AbstractQueuedSynchronizer.java:2078)
        at java.util.concurrent.LinkedBlockingQueue.poll(LinkedBlockingQueue.java:467)
        at org.apache.hadoop.ipc.CallQueueManager.take(CallQueueManager.java:317)
        at org.apache.hadoop.ipc.Server$Handler.run(Server.java:3014)
"IPC Server handler 69 on default port 15108" daemon prio=5 tid=2998 timed_waiting
java.lang.Thread.State: TIMED_WAITING
        at sun.misc.Unsafe.park(Native Method)
        at java.util.concurrent.locks.LockSupport.parkNanos(LockSupport.java:215)
        at java.util.concurrent.locks.AbstractQueuedSynchronizer$ConditionObject.awaitNanos(AbstractQueuedSynchronizer.java:2078)
        at java.util.concurrent.LinkedBlockingQueue.poll(LinkedBlockingQueue.java:467)
        at org.apache.hadoop.ipc.CallQueueManager.take(CallQueueManager.java:317)
        at org.apache.hadoop.ipc.Server$Handler.run(Server.java:3014)
"IPC Server handler 22 on default port 15108" daemon prio=5 tid=2951 timed_waiting
java.lang.Thread.State: TIMED_WAITING
        at sun.misc.Unsafe.park(Native Method)
        at java.util.concurrent.locks.LockSupport.parkNanos(LockSupport.java:215)
        at java.util.concurrent.locks.AbstractQueuedSynchronizer$ConditionObject.awaitNanos(AbstractQueuedSynchronizer.java:2078)
        at java.util.concurrent.LinkedBlockingQueue.poll(LinkedBlockingQueue.java:467)
        at org.apache.hadoop.ipc.CallQueueManager.take(CallQueueManager.java:317)
        at org.apache.hadoop.ipc.Server$Handler.run(Server.java:3014)
"80370d78-c36f-4d75-b7cb-6753407b0dff-DatanodeReportManager-3" daemon prio=5 tid=3238 in Object.wait()
java.lang.Thread.State: WAITING (on object monitor)
        at sun.misc.Unsafe.park(Native Method)
        at java.util.concurrent.locks.LockSupport.park(LockSupport.java:175)
        at java.util.concurrent.locks.AbstractQueuedSynchronizer$ConditionObject.await(AbstractQueuedSynchronizer.java:2039)
        at java.util.concurrent.ScheduledThreadPoolExecutor$DelayedWorkQueue.take(ScheduledThreadPoolExecutor.java:1088)
        at java.util.concurrent.ScheduledThreadPoolExecutor$DelayedWorkQueue.take(ScheduledThreadPoolExecutor.java:809)
        at java.util.concurrent.ThreadPoolExecutor.getTask(ThreadPoolExecutor.java:1074)
        at java.util.concurrent.ThreadPoolExecutor.runWorker(ThreadPoolExecutor.java:1134)
        at java.util.concurrent.ThreadPoolExecutor$Worker.run(ThreadPoolExecutor.java:624)
        at java.lang.Thread.run(Thread.java:750)
"6cf56e53-88cb-4022-bd56-d9b5c4d884ee-DatanodeStateMachineTaskThread-0"  prio=5 tid=3818 timed_waiting
java.lang.Thread.State: TIMED_WAITING
        at sun.misc.Unsafe.park(Native Method)
        at java.util.concurrent.locks.LockSupport.parkNanos(LockSupport.java:215)
        at java.util.concurrent.FutureTask.awaitDone(FutureTask.java:426)
        at java.util.concurrent.FutureTask.get(FutureTask.java:204)
        at org.apache.hadoop.ozone.container.common.states.datanode.RunningDatanodeState.lambda$execute$0(RunningDatanodeState.java:157)
        at org.apache.hadoop.ozone.container.common.states.datanode.RunningDatanodeState$$Lambda$1313/2016592849.call(Unknown Source)
        at java.util.concurrent.FutureTask.run(FutureTask.java:266)
        at java.util.concurrent.Executors$RunnableAdapter.call(Executors.java:511)
        at java.util.concurrent.FutureTask.run(FutureTask.java:266)
        at java.util.concurrent.ThreadPoolExecutor.runWorker(ThreadPoolExecutor.java:1149)
        at java.util.concurrent.ThreadPoolExecutor$Worker.run(ThreadPoolExecutor.java:624)
        at java.lang.Thread.run(Thread.java:750)
"IPC Server handler 59 on default port 15108" daemon prio=5 tid=2988 timed_waiting
java.lang.Thread.State: TIMED_WAITING
        at sun.misc.Unsafe.park(Native Method)
        at java.util.concurrent.locks.LockSupport.parkNanos(LockSupport.java:215)
        at java.util.concurrent.locks.AbstractQueuedSynchronizer$ConditionObject.awaitNanos(AbstractQueuedSynchronizer.java:2078)
        at java.util.concurrent.LinkedBlockingQueue.poll(LinkedBlockingQueue.java:467)
        at org.apache.hadoop.ipc.CallQueueManager.take(CallQueueManager.java:317)
        at org.apache.hadoop.ipc.Server$Handler.run(Server.java:3014)
"IPC Server handler 79 on default port 15108" daemon prio=5 tid=3008 timed_waiting
java.lang.Thread.State: TIMED_WAITING
        at sun.misc.Unsafe.park(Native Method)
        at java.util.concurrent.locks.LockSupport.parkNanos(LockSupport.java:215)
        at java.util.concurrent.locks.AbstractQueuedSynchronizer$ConditionObject.awaitNanos(AbstractQueuedSynchronizer.java:2078)
        at java.util.concurrent.LinkedBlockingQueue.poll(LinkedBlockingQueue.java:467)
        at org.apache.hadoop.ipc.CallQueueManager.take(CallQueueManager.java:317)
        at org.apache.hadoop.ipc.Server$Handler.run(Server.java:3014)
"timer2" daemon prio=5 tid=829 timed_waiting
java.lang.Thread.State: TIMED_WAITING
        at java.lang.Object.wait(Native Method)
        at java.util.TimerThread.mainLoop(Timer.java:552)
        at java.util.TimerThread.run(Timer.java:505)
"IPC Server handler 39 on default port 15106" daemon prio=5 tid=2768 timed_waiting
java.lang.Thread.State: TIMED_WAITING
        at sun.misc.Unsafe.park(Native Method)
        at java.util.concurrent.locks.LockSupport.parkNanos(LockSupport.java:215)
        at java.util.concurrent.locks.AbstractQueuedSynchronizer$ConditionObject.awaitNanos(AbstractQueuedSynchronizer.java:2078)
        at java.util.concurrent.LinkedBlockingQueue.poll(LinkedBlockingQueue.java:467)
        at org.apache.hadoop.ipc.CallQueueManager.take(CallQueueManager.java:317)
        at org.apache.hadoop.ipc.Server$Handler.run(Server.java:3014)
"FixedThreadPoolWithAffinityExecutor-5-0" daemon prio=5 tid=2722 timed_waiting
java.lang.Thread.State: TIMED_WAITING
        at sun.misc.Unsafe.park(Native Method)
        at java.util.concurrent.locks.LockSupport.parkNanos(LockSupport.java:215)
        at java.util.concurrent.locks.AbstractQueuedSynchronizer$ConditionObject.awaitNanos(AbstractQueuedSynchronizer.java:2078)
        at java.util.concurrent.LinkedBlockingQueue.poll(LinkedBlockingQueue.java:467)
        at org.apache.hadoop.hdds.scm.server.ContainerReportQueue.poll(ContainerReportQueue.java:269)
        at org.apache.hadoop.hdds.scm.server.ContainerReportQueue.poll(ContainerReportQueue.java:42)
        at org.apache.hadoop.hdds.server.events.FixedThreadPoolWithAffinityExecutor$ContainerReportProcessTask.run(FixedThreadPoolWithAffinityExecutor.java:253)
        at java.util.concurrent.Executors$RunnableAdapter.call(Executors.java:511)
        at java.util.concurrent.FutureTask.run(FutureTask.java:266)
        at java.util.concurrent.ThreadPoolExecutor.runWorker(ThreadPoolExecutor.java:1149)
        at java.util.concurrent.ThreadPoolExecutor$Worker.run(ThreadPoolExecutor.java:624)
        at java.lang.Thread.run(Thread.java:750)
"Hadoop-Metrics-Updater-0" daemon prio=5 tid=2711 timed_waiting
java.lang.Thread.State: TIMED_WAITING
        at sun.misc.Unsafe.park(Native Method)
        at java.util.concurrent.locks.LockSupport.parkNanos(LockSupport.java:215)
        at java.util.concurrent.locks.AbstractQueuedSynchronizer$ConditionObject.awaitNanos(AbstractQueuedSynchronizer.java:2078)
        at java.util.concurrent.ScheduledThreadPoolExecutor$DelayedWorkQueue.take(ScheduledThreadPoolExecutor.java:1093)
        at java.util.concurrent.ScheduledThreadPoolExecutor$DelayedWorkQueue.take(ScheduledThreadPoolExecutor.java:809)
        at java.util.concurrent.ThreadPoolExecutor.getTask(ThreadPoolExecutor.java:1074)
        at java.util.concurrent.ThreadPoolExecutor.runWorker(ThreadPoolExecutor.java:1134)
        at java.util.concurrent.ThreadPoolExecutor$Worker.run(ThreadPoolExecutor.java:624)
        at java.lang.Thread.run(Thread.java:750)
"FullTableCache-Cleanup-0" daemon prio=5 tid=2201 in Object.wait()
java.lang.Thread.State: WAITING (on object monitor)
        at sun.misc.Unsafe.park(Native Method)
        at java.util.concurrent.locks.LockSupport.park(LockSupport.java:175)
        at java.util.concurrent.locks.AbstractQueuedSynchronizer$ConditionObject.await(AbstractQueuedSynchronizer.java:2039)
        at java.util.concurrent.LinkedBlockingQueue.take(LinkedBlockingQueue.java:442)
        at java.util.concurrent.ThreadPoolExecutor.getTask(ThreadPoolExecutor.java:1074)
        at java.util.concurrent.ThreadPoolExecutor.runWorker(ThreadPoolExecutor.java:1134)
        at java.util.concurrent.ThreadPoolExecutor$Worker.run(ThreadPoolExecutor.java:624)
        at java.lang.Thread.run(Thread.java:750)
"a45323a7-bc80-446e-b427-0ffb34a72641-BlockDeletingService#1" daemon prio=5 tid=3317 in Object.wait()
java.lang.Thread.State: WAITING (on object monitor)
        at sun.misc.Unsafe.park(Native Method)
        at java.util.concurrent.locks.LockSupport.park(LockSupport.java:175)
        at java.util.concurrent.locks.AbstractQueuedSynchronizer$ConditionObject.await(AbstractQueuedSynchronizer.java:2039)
        at java.util.concurrent.ScheduledThreadPoolExecutor$DelayedWorkQueue.take(ScheduledThreadPoolExecutor.java:1088)
        at java.util.concurrent.ScheduledThreadPoolExecutor$DelayedWorkQueue.take(ScheduledThreadPoolExecutor.java:809)
        at java.util.concurrent.ThreadPoolExecutor.getTask(ThreadPoolExecutor.java:1074)
        at java.util.concurrent.ThreadPoolExecutor.runWorker(ThreadPoolExecutor.java:1134)
        at java.util.concurrent.ThreadPoolExecutor$Worker.run(ThreadPoolExecutor.java:624)
        at java.lang.Thread.run(Thread.java:750)
"IPC Server handler 0 on default port 15143" daemon prio=5 tid=3205 timed_waiting
java.lang.Thread.State: TIMED_WAITING
        at sun.misc.Unsafe.park(Native Method)
        at java.util.concurrent.locks.LockSupport.parkNanos(LockSupport.java:215)
        at java.util.concurrent.locks.AbstractQueuedSynchronizer$ConditionObject.awaitNanos(AbstractQueuedSynchronizer.java:2078)
        at java.util.concurrent.LinkedBlockingQueue.poll(LinkedBlockingQueue.java:467)
        at org.apache.hadoop.ipc.CallQueueManager.take(CallQueueManager.java:317)
        at org.apache.hadoop.ipc.Server$Handler.run(Server.java:3014)
"IPC Server handler 32 on default port 15108" daemon prio=5 tid=2961 timed_waiting
java.lang.Thread.State: TIMED_WAITING
        at sun.misc.Unsafe.park(Native Method)
        at java.util.concurrent.locks.LockSupport.parkNanos(LockSupport.java:215)
        at java.util.concurrent.locks.AbstractQueuedSynchronizer$ConditionObject.awaitNanos(AbstractQueuedSynchronizer.java:2078)
        at java.util.concurrent.LinkedBlockingQueue.poll(LinkedBlockingQueue.java:467)
        at org.apache.hadoop.ipc.CallQueueManager.take(CallQueueManager.java:317)
        at org.apache.hadoop.ipc.Server$Handler.run(Server.java:3014)
"9387e6e8-bf6d-4d10-9dc1-f1bd05fc02cf-BlockDeletingService#0" daemon prio=5 tid=3260 in Object.wait()
java.lang.Thread.State: WAITING (on object monitor)
        at sun.misc.Unsafe.park(Native Method)
        at java.util.concurrent.locks.LockSupport.park(LockSupport.java:175)
        at java.util.concurrent.locks.AbstractQueuedSynchronizer$ConditionObject.await(AbstractQueuedSynchronizer.java:2039)
        at java.util.concurrent.ScheduledThreadPoolExecutor$DelayedWorkQueue.take(ScheduledThreadPoolExecutor.java:1088)
        at java.util.concurrent.ScheduledThreadPoolExecutor$DelayedWorkQueue.take(ScheduledThreadPoolExecutor.java:809)
        at java.util.concurrent.ThreadPoolExecutor.getTask(ThreadPoolExecutor.java:1074)
        at java.util.concurrent.ThreadPoolExecutor.runWorker(ThreadPoolExecutor.java:1134)
        at java.util.concurrent.ThreadPoolExecutor$Worker.run(ThreadPoolExecutor.java:624)
        at java.lang.Thread.run(Thread.java:750)
"Timer for 'StorageContainerManager' metrics system" daemon prio=5 tid=2727 timed_waiting
java.lang.Thread.State: TIMED_WAITING
        at java.lang.Object.wait(Native Method)
        at java.util.TimerThread.mainLoop(Timer.java:552)
        at java.util.TimerThread.run(Timer.java:505)
"Finalizer" daemon prio=8 tid=3 in Object.wait()
java.lang.Thread.State: WAITING (on object monitor)
        at java.lang.Object.wait(Native Method)
        at java.lang.ref.ReferenceQueue.remove(ReferenceQueue.java:144)
        at java.lang.ref.ReferenceQueue.remove(ReferenceQueue.java:165)
        at java.lang.ref.Finalizer$FinalizerThread.run(Finalizer.java:188)
"33d4fa9a-f1b5-45a2-9ce3-43c86fd82df2-DatanodeReportManager-2" daemon prio=5 tid=3153 in Object.wait()
java.lang.Thread.State: WAITING (on object monitor)
        at sun.misc.Unsafe.park(Native Method)
        at java.util.concurrent.locks.LockSupport.park(LockSupport.java:175)
        at java.util.concurrent.locks.AbstractQueuedSynchronizer$ConditionObject.await(AbstractQueuedSynchronizer.java:2039)
        at java.util.concurrent.ScheduledThreadPoolExecutor$DelayedWorkQueue.take(ScheduledThreadPoolExecutor.java:1088)
        at java.util.concurrent.ScheduledThreadPoolExecutor$DelayedWorkQueue.take(ScheduledThreadPoolExecutor.java:809)
        at java.util.concurrent.ThreadPoolExecutor.getTask(ThreadPoolExecutor.java:1074)
        at java.util.concurrent.ThreadPoolExecutor.runWorker(ThreadPoolExecutor.java:1134)
        at java.util.concurrent.ThreadPoolExecutor$Worker.run(ThreadPoolExecutor.java:624)
        at java.lang.Thread.run(Thread.java:750)
"33d4fa9a-f1b5-45a2-9ce3-43c86fd82df2-groupManagement" daemon prio=5 tid=3360 in Object.wait()
java.lang.Thread.State: WAITING (on object monitor)
        at sun.misc.Unsafe.park(Native Method)
        at java.util.concurrent.locks.LockSupport.park(LockSupport.java:175)
        at java.util.concurrent.locks.AbstractQueuedSynchronizer$ConditionObject.await(AbstractQueuedSynchronizer.java:2039)
        at java.util.concurrent.LinkedBlockingQueue.take(LinkedBlockingQueue.java:442)
        at java.util.concurrent.ThreadPoolExecutor.getTask(ThreadPoolExecutor.java:1074)
        at java.util.concurrent.ThreadPoolExecutor.runWorker(ThreadPoolExecutor.java:1134)
        at java.util.concurrent.ThreadPoolExecutor$Worker.run(ThreadPoolExecutor.java:624)
        at java.lang.Thread.run(Thread.java:750)
"9387e6e8-bf6d-4d10-9dc1-f1bd05fc02cf-ChunkWriter-2-0" daemon prio=5 tid=3256 in Object.wait()
java.lang.Thread.State: WAITING (on object monitor)
        at sun.misc.Unsafe.park(Native Method)
        at java.util.concurrent.locks.LockSupport.park(LockSupport.java:175)
        at java.util.concurrent.locks.AbstractQueuedSynchronizer$ConditionObject.await(AbstractQueuedSynchronizer.java:2039)
        at java.util.concurrent.LinkedBlockingDeque.takeFirst(LinkedBlockingDeque.java:492)
        at java.util.concurrent.LinkedBlockingDeque.take(LinkedBlockingDeque.java:680)
        at java.util.concurrent.ThreadPoolExecutor.getTask(ThreadPoolExecutor.java:1074)
        at java.util.concurrent.ThreadPoolExecutor.runWorker(ThreadPoolExecutor.java:1134)
        at java.util.concurrent.ThreadPoolExecutor$Worker.run(ThreadPoolExecutor.java:624)
        at java.lang.Thread.run(Thread.java:750)
"IPC Server handler 14 on default port 15110" daemon prio=5 tid=3096 timed_waiting
java.lang.Thread.State: TIMED_WAITING
        at sun.misc.Unsafe.park(Native Method)
        at java.util.concurrent.locks.LockSupport.parkNanos(LockSupport.java:215)
        at java.util.concurrent.locks.AbstractQueuedSynchronizer$ConditionObject.awaitNanos(AbstractQueuedSynchronizer.java:2078)
        at java.util.concurrent.LinkedBlockingQueue.poll(LinkedBlockingQueue.java:467)
        at org.apache.hadoop.ipc.CallQueueManager.take(CallQueueManager.java:317)
        at org.apache.hadoop.ipc.Server$Handler.run(Server.java:3014)
"IPC Server handler 65 on default port 15108" daemon prio=5 tid=2994 timed_waiting
java.lang.Thread.State: TIMED_WAITING
        at sun.misc.Unsafe.park(Native Method)
        at java.util.concurrent.locks.LockSupport.parkNanos(LockSupport.java:215)
        at java.util.concurrent.locks.AbstractQueuedSynchronizer$ConditionObject.awaitNanos(AbstractQueuedSynchronizer.java:2078)
        at java.util.concurrent.LinkedBlockingQueue.poll(LinkedBlockingQueue.java:467)
        at org.apache.hadoop.ipc.CallQueueManager.take(CallQueueManager.java:317)
        at org.apache.hadoop.ipc.Server$Handler.run(Server.java:3014)
"IPC Server handler 20 on default port 15107" daemon prio=5 tid=2849 timed_waiting
java.lang.Thread.State: TIMED_WAITING
        at sun.misc.Unsafe.park(Native Method)
        at java.util.concurrent.locks.LockSupport.parkNanos(LockSupport.java:215)
        at java.util.concurrent.locks.AbstractQueuedSynchronizer$ConditionObject.awaitNanos(AbstractQueuedSynchronizer.java:2078)
        at java.util.concurrent.LinkedBlockingQueue.poll(LinkedBlockingQueue.java:467)
        at org.apache.hadoop.ipc.CallQueueManager.take(CallQueueManager.java:317)
        at org.apache.hadoop.ipc.Server$Handler.run(Server.java:3014)
"80370d78-c36f-4d75-b7cb-6753407b0dff-ContainerOp-3a57b055-28e0-4292-8aab-9a8d2995d9a7-4"  prio=5 tid=3779 in Object.wait()
java.lang.Thread.State: WAITING (on object monitor)
        at sun.misc.Unsafe.park(Native Method)
        at java.util.concurrent.locks.LockSupport.park(LockSupport.java:175)
        at java.util.concurrent.locks.AbstractQueuedSynchronizer$ConditionObject.await(AbstractQueuedSynchronizer.java:2039)
        at java.util.concurrent.LinkedBlockingQueue.take(LinkedBlockingQueue.java:442)
        at java.util.concurrent.ThreadPoolExecutor.getTask(ThreadPoolExecutor.java:1074)
        at java.util.concurrent.ThreadPoolExecutor.runWorker(ThreadPoolExecutor.java:1134)
        at java.util.concurrent.ThreadPoolExecutor$Worker.run(ThreadPoolExecutor.java:624)
        at java.lang.Thread.run(Thread.java:750)
"6cf56e53-88cb-4022-bd56-d9b5c4d884ee@group-9461FA60FDFB-SegmentedRaftLogWorker"  prio=5 tid=3839 timed_waiting
java.lang.Thread.State: TIMED_WAITING
        at sun.misc.Unsafe.park(Native Method)
        at java.util.concurrent.locks.LockSupport.parkNanos(LockSupport.java:215)
        at java.util.concurrent.locks.AbstractQueuedSynchronizer$ConditionObject.awaitNanos(AbstractQueuedSynchronizer.java:2078)
        at org.apache.ratis.util.DataBlockingQueue.poll(DataBlockingQueue.java:148)
        at org.apache.ratis.server.raftlog.segmented.SegmentedRaftLogWorker.run(SegmentedRaftLogWorker.java:299)
        at org.apache.ratis.server.raftlog.segmented.SegmentedRaftLogWorker$$Lambda$1079/927089352.run(Unknown Source)
        at java.util.concurrent.Executors$RunnableAdapter.call(Executors.java:511)
        at java.util.concurrent.FutureTask.run(FutureTask.java:266)
        at java.util.concurrent.ThreadPoolExecutor.runWorker(ThreadPoolExecutor.java:1149)
        at java.util.concurrent.ThreadPoolExecutor$Worker.run(ThreadPoolExecutor.java:624)
        at java.lang.Thread.run(Thread.java:750)
"SnapshotCacheCleanupService" daemon prio=5 tid=3045 timed_waiting
java.lang.Thread.State: TIMED_WAITING
        at sun.misc.Unsafe.park(Native Method)
        at java.util.concurrent.locks.LockSupport.parkNanos(LockSupport.java:215)
        at java.util.concurrent.locks.AbstractQueuedSynchronizer$ConditionObject.awaitNanos(AbstractQueuedSynchronizer.java:2078)
        at java.util.concurrent.ScheduledThreadPoolExecutor$DelayedWorkQueue.take(ScheduledThreadPoolExecutor.java:1093)
        at java.util.concurrent.ScheduledThreadPoolExecutor$DelayedWorkQueue.take(ScheduledThreadPoolExecutor.java:809)
        at java.util.concurrent.ThreadPoolExecutor.getTask(ThreadPoolExecutor.java:1074)
        at java.util.concurrent.ThreadPoolExecutor.runWorker(ThreadPoolExecutor.java:1134)
        at java.util.concurrent.ThreadPoolExecutor$Worker.run(ThreadPoolExecutor.java:624)
        at java.lang.Thread.run(Thread.java:750)
"ContainerMetadataScanner" daemon prio=5 tid=3825 timed_waiting
java.lang.Thread.State: TIMED_WAITING
        at java.lang.Thread.sleep(Native Method)
        at org.apache.hadoop.ozone.container.ozoneimpl.AbstractBackgroundContainerScanner.handleRemainingSleep(AbstractBackgroundContainerScanner.java:131)
        at org.apache.hadoop.ozone.container.ozoneimpl.AbstractBackgroundContainerScanner.runIteration(AbstractBackgroundContainerScanner.java:98)
        at org.apache.hadoop.ozone.container.ozoneimpl.AbstractBackgroundContainerScanner.run(AbstractBackgroundContainerScanner.java:57)
"org.apache.hadoop.ozone.container.common.statemachine.commandhandler.DeleteBlocksCommandHandler$DeleteCmdWorker@6052a656" daemon prio=5 tid=3189 timed_waiting
java.lang.Thread.State: TIMED_WAITING
        at java.lang.Thread.sleep(Native Method)
        at org.apache.hadoop.ozone.container.common.statemachine.commandhandler.DeleteBlocksCommandHandler$DeleteCmdWorker.run(DeleteBlocksCommandHandler.java:259)
        at java.lang.Thread.run(Thread.java:750)
"IPC Server handler 25 on default port 15106" daemon prio=5 tid=2754 timed_waiting
java.lang.Thread.State: TIMED_WAITING
        at sun.misc.Unsafe.park(Native Method)
        at java.util.concurrent.locks.LockSupport.parkNanos(LockSupport.java:215)
        at java.util.concurrent.locks.AbstractQueuedSynchronizer$ConditionObject.awaitNanos(AbstractQueuedSynchronizer.java:2078)
        at java.util.concurrent.LinkedBlockingQueue.poll(LinkedBlockingQueue.java:467)
        at org.apache.hadoop.ipc.CallQueueManager.take(CallQueueManager.java:317)
        at org.apache.hadoop.ipc.Server$Handler.run(Server.java:3014)
"9387e6e8-bf6d-4d10-9dc1-f1bd05fc02cf-BlockDeletingService#6" daemon prio=5 tid=3759 in Object.wait()
java.lang.Thread.State: WAITING (on object monitor)
        at sun.misc.Unsafe.park(Native Method)
        at java.util.concurrent.locks.LockSupport.park(LockSupport.java:175)
        at java.util.concurrent.locks.AbstractQueuedSynchronizer$ConditionObject.await(AbstractQueuedSynchronizer.java:2039)
        at java.util.concurrent.ScheduledThreadPoolExecutor$DelayedWorkQueue.take(ScheduledThreadPoolExecutor.java:1088)
        at java.util.concurrent.ScheduledThreadPoolExecutor$DelayedWorkQueue.take(ScheduledThreadPoolExecutor.java:809)
        at java.util.concurrent.ThreadPoolExecutor.getTask(ThreadPoolExecutor.java:1074)
        at java.util.concurrent.ThreadPoolExecutor.runWorker(ThreadPoolExecutor.java:1134)
        at java.util.concurrent.ThreadPoolExecutor$Worker.run(ThreadPoolExecutor.java:624)
        at java.lang.Thread.run(Thread.java:750)
"80370d78-c36f-4d75-b7cb-6753407b0dff-ChunkWriter-3-0" daemon prio=5 tid=3329 in Object.wait()
java.lang.Thread.State: WAITING (on object monitor)
        at sun.misc.Unsafe.park(Native Method)
        at java.util.concurrent.locks.LockSupport.park(LockSupport.java:175)
        at java.util.concurrent.locks.AbstractQueuedSynchronizer$ConditionObject.await(AbstractQueuedSynchronizer.java:2039)
        at java.util.concurrent.LinkedBlockingDeque.takeFirst(LinkedBlockingDeque.java:492)
        at java.util.concurrent.LinkedBlockingDeque.take(LinkedBlockingDeque.java:680)
        at java.util.concurrent.ThreadPoolExecutor.getTask(ThreadPoolExecutor.java:1074)
        at java.util.concurrent.ThreadPoolExecutor.runWorker(ThreadPoolExecutor.java:1134)
        at java.util.concurrent.ThreadPoolExecutor$Worker.run(ThreadPoolExecutor.java:624)
        at java.lang.Thread.run(Thread.java:750)
"9387e6e8-bf6d-4d10-9dc1-f1bd05fc02cf@group-77AD9CB52074-cacheEviction-AwaitToRun" daemon prio=5 tid=3665 in Object.wait()
java.lang.Thread.State: WAITING (on object monitor)
        at sun.misc.Unsafe.park(Native Method)
        at java.util.concurrent.locks.LockSupport.park(LockSupport.java:175)
        at java.util.concurrent.locks.AbstractQueuedSynchronizer$ConditionObject.await(AbstractQueuedSynchronizer.java:2039)
        at org.apache.ratis.util.AwaitForSignal.await(AwaitForSignal.java:48)
        at org.apache.ratis.util.AwaitToRun$RunnableImpl.run(AwaitToRun.java:47)
        at java.lang.Thread.run(Thread.java:750)
"IPC Server handler 80 on default port 15106" daemon prio=5 tid=2809 timed_waiting
java.lang.Thread.State: TIMED_WAITING
        at sun.misc.Unsafe.park(Native Method)
        at java.util.concurrent.locks.LockSupport.parkNanos(LockSupport.java:215)
        at java.util.concurrent.locks.AbstractQueuedSynchronizer$ConditionObject.awaitNanos(AbstractQueuedSynchronizer.java:2078)
        at java.util.concurrent.LinkedBlockingQueue.poll(LinkedBlockingQueue.java:467)
        at org.apache.hadoop.ipc.CallQueueManager.take(CallQueueManager.java:317)
        at org.apache.hadoop.ipc.Server$Handler.run(Server.java:3014)
"80370d78-c36f-4d75-b7cb-6753407b0dff@group-77AD9CB52074->33d4fa9a-f1b5-45a2-9ce3-43c86fd82df2-GrpcLogAppender-LogAppenderDaemon" daemon prio=5 tid=3719 timed_waiting
java.lang.Thread.State: TIMED_WAITING
        at sun.misc.Unsafe.park(Native Method)
        at java.util.concurrent.locks.LockSupport.parkNanos(LockSupport.java:215)
        at java.util.concurrent.locks.AbstractQueuedSynchronizer$ConditionObject.await(AbstractQueuedSynchronizer.java:2163)
        at org.apache.ratis.util.AwaitForSignal.await(AwaitForSignal.java:65)
        at org.apache.ratis.grpc.server.GrpcLogAppender.mayWait(GrpcLogAppender.java:286)
        at org.apache.ratis.grpc.server.GrpcLogAppender.run(GrpcLogAppender.java:254)
        at org.apache.ratis.server.leader.LogAppenderDaemon.run(LogAppenderDaemon.java:80)
        at org.apache.ratis.server.leader.LogAppenderDaemon$$Lambda$1539/1265239873.run(Unknown Source)
        at java.lang.Thread.run(Thread.java:750)
"Hadoop-Metrics-Updater-0" daemon prio=5 tid=2716 timed_waiting
java.lang.Thread.State: TIMED_WAITING
        at sun.misc.Unsafe.park(Native Method)
        at java.util.concurrent.locks.LockSupport.parkNanos(LockSupport.java:215)
        at java.util.concurrent.locks.AbstractQueuedSynchronizer$ConditionObject.awaitNanos(AbstractQueuedSynchronizer.java:2078)
        at java.util.concurrent.ScheduledThreadPoolExecutor$DelayedWorkQueue.take(ScheduledThreadPoolExecutor.java:1093)
        at java.util.concurrent.ScheduledThreadPoolExecutor$DelayedWorkQueue.take(ScheduledThreadPoolExecutor.java:809)
        at java.util.concurrent.ThreadPoolExecutor.getTask(ThreadPoolExecutor.java:1074)
        at java.util.concurrent.ThreadPoolExecutor.runWorker(ThreadPoolExecutor.java:1134)
        at java.util.concurrent.ThreadPoolExecutor$Worker.run(ThreadPoolExecutor.java:624)
        at java.lang.Thread.run(Thread.java:750)
"IPC Server handler 7 on default port 15106" daemon prio=5 tid=2736 timed_waiting
java.lang.Thread.State: TIMED_WAITING
        at sun.misc.Unsafe.park(Native Method)
        at java.util.concurrent.locks.LockSupport.parkNanos(LockSupport.java:215)
        at java.util.concurrent.locks.AbstractQueuedSynchronizer$ConditionObject.awaitNanos(AbstractQueuedSynchronizer.java:2078)
        at java.util.concurrent.LinkedBlockingQueue.poll(LinkedBlockingQueue.java:467)
        at org.apache.hadoop.ipc.CallQueueManager.take(CallQueueManager.java:317)
        at org.apache.hadoop.ipc.Server$Handler.run(Server.java:3014)
"PartialTableCache-Cleanup-0" daemon prio=5 tid=3789 in Object.wait()
java.lang.Thread.State: WAITING (on object monitor)
        at sun.misc.Unsafe.park(Native Method)
        at java.util.concurrent.locks.LockSupport.park(LockSupport.java:175)
        at java.util.concurrent.locks.AbstractQueuedSynchronizer$ConditionObject.await(AbstractQueuedSynchronizer.java:2039)
        at java.util.concurrent.LinkedBlockingQueue.take(LinkedBlockingQueue.java:442)
        at java.util.concurrent.ThreadPoolExecutor.getTask(ThreadPoolExecutor.java:1074)
        at java.util.concurrent.ThreadPoolExecutor.runWorker(ThreadPoolExecutor.java:1134)
        at java.util.concurrent.ThreadPoolExecutor$Worker.run(ThreadPoolExecutor.java:624)
        at java.lang.Thread.run(Thread.java:750)
"IPC Server idle connection scanner for port 15106" daemon prio=5 tid=2714 timed_waiting
java.lang.Thread.State: TIMED_WAITING
        at java.lang.Object.wait(Native Method)
        at java.util.TimerThread.mainLoop(Timer.java:552)
        at java.util.TimerThread.run(Timer.java:505)
"IPC Server handler 97 on default port 15108" daemon prio=5 tid=3026 timed_waiting
java.lang.Thread.State: TIMED_WAITING
        at sun.misc.Unsafe.park(Native Method)
        at java.util.concurrent.locks.LockSupport.parkNanos(LockSupport.java:215)
        at java.util.concurrent.locks.AbstractQueuedSynchronizer$ConditionObject.awaitNanos(AbstractQueuedSynchronizer.java:2078)
        at java.util.concurrent.LinkedBlockingQueue.poll(LinkedBlockingQueue.java:467)
        at org.apache.hadoop.ipc.CallQueueManager.take(CallQueueManager.java:317)
        at org.apache.hadoop.ipc.Server$Handler.run(Server.java:3014)
"IPC Server handler 64 on default port 15107" daemon prio=5 tid=2893 timed_waiting
java.lang.Thread.State: TIMED_WAITING
        at sun.misc.Unsafe.park(Native Method)
        at java.util.concurrent.locks.LockSupport.parkNanos(LockSupport.java:215)
        at java.util.concurrent.locks.AbstractQueuedSynchronizer$ConditionObject.awaitNanos(AbstractQueuedSynchronizer.java:2078)
        at java.util.concurrent.LinkedBlockingQueue.poll(LinkedBlockingQueue.java:467)
        at org.apache.hadoop.ipc.CallQueueManager.take(CallQueueManager.java:317)
        at org.apache.hadoop.ipc.Server$Handler.run(Server.java:3014)
"EventQueue-StaleNodeForStaleNodeHandler" daemon prio=5 tid=3590 in Object.wait()
java.lang.Thread.State: WAITING (on object monitor)
        at sun.misc.Unsafe.park(Native Method)
        at java.util.concurrent.locks.LockSupport.park(LockSupport.java:175)
        at java.util.concurrent.locks.AbstractQueuedSynchronizer$ConditionObject.await(AbstractQueuedSynchronizer.java:2039)
        at java.util.concurrent.LinkedBlockingQueue.take(LinkedBlockingQueue.java:442)
        at java.util.concurrent.ThreadPoolExecutor.getTask(ThreadPoolExecutor.java:1074)
        at java.util.concurrent.ThreadPoolExecutor.runWorker(ThreadPoolExecutor.java:1134)
        at java.util.concurrent.ThreadPoolExecutor$Worker.run(ThreadPoolExecutor.java:624)
        at java.lang.Thread.run(Thread.java:750)
"a45323a7-bc80-446e-b427-0ffb34a72641-BlockDeletingService#4" daemon prio=5 tid=3742 timed_waiting
java.lang.Thread.State: TIMED_WAITING
        at sun.misc.Unsafe.park(Native Method)
        at java.util.concurrent.locks.LockSupport.parkNanos(LockSupport.java:215)
        at java.util.concurrent.locks.AbstractQueuedSynchronizer$ConditionObject.awaitNanos(AbstractQueuedSynchronizer.java:2078)
        at java.util.concurrent.ScheduledThreadPoolExecutor$DelayedWorkQueue.take(ScheduledThreadPoolExecutor.java:1093)
        at java.util.concurrent.ScheduledThreadPoolExecutor$DelayedWorkQueue.take(ScheduledThreadPoolExecutor.java:809)
        at java.util.concurrent.ThreadPoolExecutor.getTask(ThreadPoolExecutor.java:1074)
        at java.util.concurrent.ThreadPoolExecutor.runWorker(ThreadPoolExecutor.java:1134)
        at java.util.concurrent.ThreadPoolExecutor$Worker.run(ThreadPoolExecutor.java:624)
        at java.lang.Thread.run(Thread.java:750)
"IPC Server handler 44 on default port 15106" daemon prio=5 tid=2773 timed_waiting
java.lang.Thread.State: TIMED_WAITING
        at sun.misc.Unsafe.park(Native Method)
        at java.util.concurrent.locks.LockSupport.parkNanos(LockSupport.java:215)
        at java.util.concurrent.locks.AbstractQueuedSynchronizer$ConditionObject.awaitNanos(AbstractQueuedSynchronizer.java:2078)
        at java.util.concurrent.LinkedBlockingQueue.poll(LinkedBlockingQueue.java:467)
        at org.apache.hadoop.ipc.CallQueueManager.take(CallQueueManager.java:317)
        at org.apache.hadoop.ipc.Server$Handler.run(Server.java:3014)
"qtp152257112-3138-acceptor-0@4429f90e-ServerConnector@6548432d{HTTP/1.1, (http/1.1)}{0.0.0.0:15124}" daemon prio=3 tid=3138 runnable
java.lang.Thread.State: RUNNABLE
        at sun.nio.ch.ServerSocketChannelImpl.accept0(Native Method)
        at sun.nio.ch.ServerSocketChannelImpl.accept(ServerSocketChannelImpl.java:421)
        at sun.nio.ch.ServerSocketChannelImpl.accept(ServerSocketChannelImpl.java:249)
        at org.eclipse.jetty.server.ServerConnector.accept(ServerConnector.java:388)
        at org.eclipse.jetty.server.AbstractConnector$Acceptor.run(AbstractConnector.java:704)
        at org.eclipse.jetty.util.thread.QueuedThreadPool.runJob(QueuedThreadPool.java:883)
        at org.eclipse.jetty.util.thread.QueuedThreadPool$Runner.run(QueuedThreadPool.java:1034)
        at java.lang.Thread.run(Thread.java:750)
"JvmPauseMonitor19" daemon prio=5 tid=3312 timed_waiting
java.lang.Thread.State: TIMED_WAITING
        at java.lang.Thread.sleep(Native Method)
        at java.lang.Thread.sleep(Thread.java:342)
        at java.util.concurrent.TimeUnit.sleep(TimeUnit.java:386)
        at org.apache.ratis.util.TimeDuration.sleep(TimeDuration.java:353)
        at org.apache.ratis.util.TimeDuration.sleep(TimeDuration.java:338)
        at org.apache.ratis.util.JvmPauseMonitor.detectPause(JvmPauseMonitor.java:160)
        at org.apache.ratis.util.JvmPauseMonitor.run(JvmPauseMonitor.java:149)
        at org.apache.ratis.util.JvmPauseMonitor$$Lambda$706/992171555.run(Unknown Source)
        at java.lang.Thread.run(Thread.java:750)
"80370d78-c36f-4d75-b7cb-6753407b0dff-DatanodeStateMachineTaskThread-0"  prio=5 tid=3241 in Object.wait()
java.lang.Thread.State: WAITING (on object monitor)
        at sun.misc.Unsafe.park(Native Method)
        at java.util.concurrent.locks.LockSupport.park(LockSupport.java:175)
        at java.util.concurrent.locks.AbstractQueuedSynchronizer$ConditionObject.await(AbstractQueuedSynchronizer.java:2039)
        at java.util.concurrent.LinkedBlockingQueue.take(LinkedBlockingQueue.java:442)
        at java.util.concurrent.ThreadPoolExecutor.getTask(ThreadPoolExecutor.java:1074)
        at java.util.concurrent.ThreadPoolExecutor.runWorker(ThreadPoolExecutor.java:1134)
        at java.util.concurrent.ThreadPoolExecutor$Worker.run(ThreadPoolExecutor.java:624)
        at java.lang.Thread.run(Thread.java:750)
"om1-DirectoryDeletingService#0" daemon prio=5 tid=3066 timed_waiting
java.lang.Thread.State: TIMED_WAITING
        at sun.misc.Unsafe.park(Native Method)
        at java.util.concurrent.locks.LockSupport.parkNanos(LockSupport.java:215)
        at java.util.concurrent.locks.AbstractQueuedSynchronizer$ConditionObject.awaitNanos(AbstractQueuedSynchronizer.java:2078)
        at java.util.concurrent.ScheduledThreadPoolExecutor$DelayedWorkQueue.take(ScheduledThreadPoolExecutor.java:1093)
        at java.util.concurrent.ScheduledThreadPoolExecutor$DelayedWorkQueue.take(ScheduledThreadPoolExecutor.java:809)
        at java.util.concurrent.ThreadPoolExecutor.getTask(ThreadPoolExecutor.java:1074)
        at java.util.concurrent.ThreadPoolExecutor.runWorker(ThreadPoolExecutor.java:1134)
        at java.util.concurrent.ThreadPoolExecutor$Worker.run(ThreadPoolExecutor.java:624)
        at java.lang.Thread.run(Thread.java:750)
"9387e6e8-bf6d-4d10-9dc1-f1bd05fc02cf-DatanodeReportManager-3" daemon prio=5 tid=3126 in Object.wait()
java.lang.Thread.State: WAITING (on object monitor)
        at sun.misc.Unsafe.park(Native Method)
        at java.util.concurrent.locks.LockSupport.park(LockSupport.java:175)
        at java.util.concurrent.locks.AbstractQueuedSynchronizer$ConditionObject.await(AbstractQueuedSynchronizer.java:2039)
        at java.util.concurrent.ScheduledThreadPoolExecutor$DelayedWorkQueue.take(ScheduledThreadPoolExecutor.java:1088)
        at java.util.concurrent.ScheduledThreadPoolExecutor$DelayedWorkQueue.take(ScheduledThreadPoolExecutor.java:809)
        at java.util.concurrent.ThreadPoolExecutor.getTask(ThreadPoolExecutor.java:1074)
        at java.util.concurrent.ThreadPoolExecutor.runWorker(ThreadPoolExecutor.java:1134)
        at java.util.concurrent.ThreadPoolExecutor$Worker.run(ThreadPoolExecutor.java:624)
        at java.lang.Thread.run(Thread.java:750)
"IPC Server listener on 15134" daemon prio=5 tid=3805 runnable
java.lang.Thread.State: RUNNABLE
        at sun.nio.ch.EPollArrayWrapper.epollWait(Native Method)
        at sun.nio.ch.EPollArrayWrapper.poll(EPollArrayWrapper.java:269)
        at sun.nio.ch.EPollSelectorImpl.doSelect(EPollSelectorImpl.java:93)
        at sun.nio.ch.SelectorImpl.lockAndDoSelect(SelectorImpl.java:86)
        at sun.nio.ch.SelectorImpl.select(SelectorImpl.java:97)
        at sun.nio.ch.SelectorImpl.select(SelectorImpl.java:101)
        at org.apache.hadoop.ipc.Server$Listener.run(Server.java:1408)
"33d4fa9a-f1b5-45a2-9ce3-43c86fd82df2@group-12C11132411B-StateMachineUpdater" daemon prio=5 tid=3643 timed_waiting
java.lang.Thread.State: TIMED_WAITING
        at sun.misc.Unsafe.park(Native Method)
        at java.util.concurrent.locks.LockSupport.parkNanos(LockSupport.java:215)
        at java.util.concurrent.locks.AbstractQueuedSynchronizer$ConditionObject.await(AbstractQueuedSynchronizer.java:2163)
        at org.apache.ratis.util.AwaitForSignal.await(AwaitForSignal.java:65)
        at org.apache.ratis.server.impl.StateMachineUpdater.waitForCommit(StateMachineUpdater.java:211)
        at org.apache.ratis.server.impl.StateMachineUpdater.run(StateMachineUpdater.java:180)
        at java.lang.Thread.run(Thread.java:750)
"33d4fa9a-f1b5-45a2-9ce3-43c86fd82df2-BlockDeletingService#5" daemon prio=5 tid=3748 in Object.wait()
java.lang.Thread.State: WAITING (on object monitor)
        at sun.misc.Unsafe.park(Native Method)
        at java.util.concurrent.locks.LockSupport.park(LockSupport.java:175)
        at java.util.concurrent.locks.AbstractQueuedSynchronizer$ConditionObject.await(AbstractQueuedSynchronizer.java:2039)
        at java.util.concurrent.ScheduledThreadPoolExecutor$DelayedWorkQueue.take(ScheduledThreadPoolExecutor.java:1088)
        at java.util.concurrent.ScheduledThreadPoolExecutor$DelayedWorkQueue.take(ScheduledThreadPoolExecutor.java:809)
        at java.util.concurrent.ThreadPoolExecutor.getTask(ThreadPoolExecutor.java:1074)
        at java.util.concurrent.ThreadPoolExecutor.runWorker(ThreadPoolExecutor.java:1134)
        at java.util.concurrent.ThreadPoolExecutor$Worker.run(ThreadPoolExecutor.java:624)
        at java.lang.Thread.run(Thread.java:750)
"80370d78-c36f-4d75-b7cb-6753407b0dff-DatanodeStateMachineDaemonThread" daemon prio=5 tid=3234 timed_waiting
java.lang.Thread.State: TIMED_WAITING
        at java.lang.Thread.sleep(Native Method)
        at org.apache.hadoop.ozone.container.common.statemachine.DatanodeStateMachine.startStateMachineThread(DatanodeStateMachine.java:369)
        at org.apache.hadoop.ozone.container.common.statemachine.DatanodeStateMachine.lambda$startDaemon$1(DatanodeStateMachine.java:556)
        at org.apache.hadoop.ozone.container.common.statemachine.DatanodeStateMachine$$Lambda$1199/1564313492.run(Unknown Source)
        at java.lang.Thread.run(Thread.java:750)
"IPC Server handler 75 on default port 15106" daemon prio=5 tid=2804 timed_waiting
java.lang.Thread.State: TIMED_WAITING
        at sun.misc.Unsafe.park(Native Method)
        at java.util.concurrent.locks.LockSupport.parkNanos(LockSupport.java:215)
        at java.util.concurrent.locks.AbstractQueuedSynchronizer$ConditionObject.awaitNanos(AbstractQueuedSynchronizer.java:2078)
        at java.util.concurrent.LinkedBlockingQueue.poll(LinkedBlockingQueue.java:467)
        at org.apache.hadoop.ipc.CallQueueManager.take(CallQueueManager.java:317)
        at org.apache.hadoop.ipc.Server$Handler.run(Server.java:3014)
"qtp2092775230-3196" daemon prio=5 tid=3196 timed_waiting
java.lang.Thread.State: TIMED_WAITING
        at sun.misc.Unsafe.park(Native Method)
        at java.util.concurrent.locks.LockSupport.parkNanos(LockSupport.java:215)
        at java.util.concurrent.locks.AbstractQueuedSynchronizer$ConditionObject.awaitNanos(AbstractQueuedSynchronizer.java:2078)
        at org.eclipse.jetty.util.BlockingArrayQueue.poll(BlockingArrayQueue.java:382)
        at org.eclipse.jetty.util.thread.QueuedThreadPool$Runner.idleJobPoll(QueuedThreadPool.java:974)
        at org.eclipse.jetty.util.thread.QueuedThreadPool$Runner.run(QueuedThreadPool.java:1018)
        at java.lang.Thread.run(Thread.java:750)
"a45323a7-bc80-446e-b427-0ffb34a72641-PeriodicHDDSVolumeChecker" daemon prio=5 tid=3303 timed_waiting
java.lang.Thread.State: TIMED_WAITING
        at sun.misc.Unsafe.park(Native Method)
        at java.util.concurrent.locks.LockSupport.parkNanos(LockSupport.java:215)
        at java.util.concurrent.locks.AbstractQueuedSynchronizer$ConditionObject.awaitNanos(AbstractQueuedSynchronizer.java:2078)
        at java.util.concurrent.ScheduledThreadPoolExecutor$DelayedWorkQueue.take(ScheduledThreadPoolExecutor.java:1093)
        at java.util.concurrent.ScheduledThreadPoolExecutor$DelayedWorkQueue.take(ScheduledThreadPoolExecutor.java:809)
        at java.util.concurrent.ThreadPoolExecutor.getTask(ThreadPoolExecutor.java:1074)
        at java.util.concurrent.ThreadPoolExecutor.runWorker(ThreadPoolExecutor.java:1134)
        at java.util.concurrent.ThreadPoolExecutor$Worker.run(ThreadPoolExecutor.java:624)
        at java.lang.Thread.run(Thread.java:750)
"IPC Server handler 89 on default port 15108" daemon prio=5 tid=3018 timed_waiting
java.lang.Thread.State: TIMED_WAITING
        at sun.misc.Unsafe.park(Native Method)
        at java.util.concurrent.locks.LockSupport.parkNanos(LockSupport.java:215)
        at java.util.concurrent.locks.AbstractQueuedSynchronizer$ConditionObject.awaitNanos(AbstractQueuedSynchronizer.java:2078)
        at java.util.concurrent.LinkedBlockingQueue.poll(LinkedBlockingQueue.java:467)
        at org.apache.hadoop.ipc.CallQueueManager.take(CallQueueManager.java:317)
        at org.apache.hadoop.ipc.Server$Handler.run(Server.java:3014)
"om1@group-C5BA1605619E-LeaderStateImpl" daemon prio=5 tid=3243 timed_waiting
java.lang.Thread.State: TIMED_WAITING
        at sun.misc.Unsafe.park(Native Method)
        at java.util.concurrent.locks.LockSupport.parkNanos(LockSupport.java:215)
        at java.util.concurrent.locks.AbstractQueuedSynchronizer$ConditionObject.awaitNanos(AbstractQueuedSynchronizer.java:2078)
        at java.util.concurrent.ArrayBlockingQueue.poll(ArrayBlockingQueue.java:418)
        at org.apache.ratis.server.impl.LeaderStateImpl$EventQueue.poll(LeaderStateImpl.java:164)
        at org.apache.ratis.server.impl.LeaderStateImpl$EventProcessor.run(LeaderStateImpl.java:762)
"IPC Server handler 58 on default port 15106" daemon prio=5 tid=2787 timed_waiting
java.lang.Thread.State: TIMED_WAITING
        at sun.misc.Unsafe.park(Native Method)
        at java.util.concurrent.locks.LockSupport.parkNanos(LockSupport.java:215)
        at java.util.concurrent.locks.AbstractQueuedSynchronizer$ConditionObject.awaitNanos(AbstractQueuedSynchronizer.java:2078)
        at java.util.concurrent.LinkedBlockingQueue.poll(LinkedBlockingQueue.java:467)
        at org.apache.hadoop.ipc.CallQueueManager.take(CallQueueManager.java:317)
        at org.apache.hadoop.ipc.Server$Handler.run(Server.java:3014)
"IPC Server handler 47 on default port 15107" daemon prio=5 tid=2876 timed_waiting
java.lang.Thread.State: TIMED_WAITING
        at sun.misc.Unsafe.park(Native Method)
        at java.util.concurrent.locks.LockSupport.parkNanos(LockSupport.java:215)
        at java.util.concurrent.locks.AbstractQueuedSynchronizer$ConditionObject.awaitNanos(AbstractQueuedSynchronizer.java:2078)
        at java.util.concurrent.LinkedBlockingQueue.poll(LinkedBlockingQueue.java:467)
        at org.apache.hadoop.ipc.CallQueueManager.take(CallQueueManager.java:317)
        at org.apache.hadoop.ipc.Server$Handler.run(Server.java:3014)
"StaleRecoveringContainerScrubbingService#3" daemon prio=5 tid=3605 in Object.wait()
java.lang.Thread.State: WAITING (on object monitor)
        at sun.misc.Unsafe.park(Native Method)
        at java.util.concurrent.locks.LockSupport.park(LockSupport.java:175)
        at java.util.concurrent.locks.AbstractQueuedSynchronizer$ConditionObject.await(AbstractQueuedSynchronizer.java:2039)
        at java.util.concurrent.ScheduledThreadPoolExecutor$DelayedWorkQueue.take(ScheduledThreadPoolExecutor.java:1088)
        at java.util.concurrent.ScheduledThreadPoolExecutor$DelayedWorkQueue.take(ScheduledThreadPoolExecutor.java:809)
        at java.util.concurrent.ThreadPoolExecutor.getTask(ThreadPoolExecutor.java:1074)
        at java.util.concurrent.ThreadPoolExecutor.runWorker(ThreadPoolExecutor.java:1134)
        at java.util.concurrent.ThreadPoolExecutor$Worker.run(ThreadPoolExecutor.java:624)
        at java.lang.Thread.run(Thread.java:750)
"IPC Server handler 87 on default port 15106" daemon prio=5 tid=2816 timed_waiting
java.lang.Thread.State: TIMED_WAITING
        at sun.misc.Unsafe.park(Native Method)
        at java.util.concurrent.locks.LockSupport.parkNanos(LockSupport.java:215)
        at java.util.concurrent.locks.AbstractQueuedSynchronizer$ConditionObject.awaitNanos(AbstractQueuedSynchronizer.java:2078)
        at java.util.concurrent.LinkedBlockingQueue.poll(LinkedBlockingQueue.java:467)
        at org.apache.hadoop.ipc.CallQueueManager.take(CallQueueManager.java:317)
        at org.apache.hadoop.ipc.Server$Handler.run(Server.java:3014)
"IPC Server idle connection scanner for port 15125" daemon prio=5 tid=3146 timed_waiting
java.lang.Thread.State: TIMED_WAITING
        at java.lang.Object.wait(Native Method)
        at java.util.TimerThread.mainLoop(Timer.java:552)
        at java.util.TimerThread.run(Timer.java:505)
"pool-616-thread-1"  prio=5 tid=3190 timed_waiting
java.lang.Thread.State: TIMED_WAITING
        at sun.misc.Unsafe.park(Native Method)
        at java.util.concurrent.locks.LockSupport.parkNanos(LockSupport.java:215)
        at java.util.concurrent.locks.AbstractQueuedSynchronizer$ConditionObject.awaitNanos(AbstractQueuedSynchronizer.java:2078)
        at java.util.concurrent.ScheduledThreadPoolExecutor$DelayedWorkQueue.take(ScheduledThreadPoolExecutor.java:1093)
        at java.util.concurrent.ScheduledThreadPoolExecutor$DelayedWorkQueue.take(ScheduledThreadPoolExecutor.java:809)
        at java.util.concurrent.ThreadPoolExecutor.getTask(ThreadPoolExecutor.java:1074)
        at java.util.concurrent.ThreadPoolExecutor.runWorker(ThreadPoolExecutor.java:1134)
        at java.util.concurrent.ThreadPoolExecutor$Worker.run(ThreadPoolExecutor.java:624)
        at java.lang.Thread.run(Thread.java:750)
"StaleRecoveringContainerScrubbingService#3" daemon prio=5 tid=3607 in Object.wait()
java.lang.Thread.State: WAITING (on object monitor)
        at sun.misc.Unsafe.park(Native Method)
        at java.util.concurrent.locks.LockSupport.park(LockSupport.java:175)
        at java.util.concurrent.locks.AbstractQueuedSynchronizer$ConditionObject.await(AbstractQueuedSynchronizer.java:2039)
        at java.util.concurrent.ScheduledThreadPoolExecutor$DelayedWorkQueue.take(ScheduledThreadPoolExecutor.java:1088)
        at java.util.concurrent.ScheduledThreadPoolExecutor$DelayedWorkQueue.take(ScheduledThreadPoolExecutor.java:809)
        at java.util.concurrent.ThreadPoolExecutor.getTask(ThreadPoolExecutor.java:1074)
        at java.util.concurrent.ThreadPoolExecutor.runWorker(ThreadPoolExecutor.java:1134)
        at java.util.concurrent.ThreadPoolExecutor$Worker.run(ThreadPoolExecutor.java:624)
        at java.lang.Thread.run(Thread.java:750)
"EventQueue-NodeReportForNodeReportHandler" daemon prio=5 tid=3594 in Object.wait()
java.lang.Thread.State: WAITING (on object monitor)
        at sun.misc.Unsafe.park(Native Method)
        at java.util.concurrent.locks.LockSupport.park(LockSupport.java:175)
        at java.util.concurrent.locks.AbstractQueuedSynchronizer$ConditionObject.await(AbstractQueuedSynchronizer.java:2039)
        at java.util.concurrent.LinkedBlockingQueue.take(LinkedBlockingQueue.java:442)
        at java.util.concurrent.ThreadPoolExecutor.getTask(ThreadPoolExecutor.java:1074)
        at java.util.concurrent.ThreadPoolExecutor.runWorker(ThreadPoolExecutor.java:1134)
        at java.util.concurrent.ThreadPoolExecutor$Worker.run(ThreadPoolExecutor.java:624)
        at java.lang.Thread.run(Thread.java:750)
"IPC Server handler 68 on default port 15106" daemon prio=5 tid=2797 timed_waiting
java.lang.Thread.State: TIMED_WAITING
        at sun.misc.Unsafe.park(Native Method)
        at java.util.concurrent.locks.LockSupport.parkNanos(LockSupport.java:215)
        at java.util.concurrent.locks.AbstractQueuedSynchronizer$ConditionObject.awaitNanos(AbstractQueuedSynchronizer.java:2078)
        at java.util.concurrent.LinkedBlockingQueue.poll(LinkedBlockingQueue.java:467)
        at org.apache.hadoop.ipc.CallQueueManager.take(CallQueueManager.java:317)
        at org.apache.hadoop.ipc.Server$Handler.run(Server.java:3014)
"33d4fa9a-f1b5-45a2-9ce3-43c86fd82df2@group-2653268D5246-cacheEviction-AwaitToRun" daemon prio=5 tid=3378 in Object.wait()
java.lang.Thread.State: WAITING (on object monitor)
        at sun.misc.Unsafe.park(Native Method)
        at java.util.concurrent.locks.LockSupport.park(LockSupport.java:175)
        at java.util.concurrent.locks.AbstractQueuedSynchronizer$ConditionObject.await(AbstractQueuedSynchronizer.java:2039)
        at org.apache.ratis.util.AwaitForSignal.await(AwaitForSignal.java:48)
        at org.apache.ratis.util.AwaitToRun$RunnableImpl.run(AwaitToRun.java:47)
        at java.lang.Thread.run(Thread.java:750)
"IPC Server handler 45 on default port 15108" daemon prio=5 tid=2974 timed_waiting
java.lang.Thread.State: TIMED_WAITING
        at sun.misc.Unsafe.park(Native Method)
        at java.util.concurrent.locks.LockSupport.parkNanos(LockSupport.java:215)
        at java.util.concurrent.locks.AbstractQueuedSynchronizer$ConditionObject.awaitNanos(AbstractQueuedSynchronizer.java:2078)
        at java.util.concurrent.LinkedBlockingQueue.poll(LinkedBlockingQueue.java:467)
        at org.apache.hadoop.ipc.CallQueueManager.take(CallQueueManager.java:317)
        at org.apache.hadoop.ipc.Server$Handler.run(Server.java:3014)
"main"  prio=5 tid=1 runnable
java.lang.Thread.State: RUNNABLE
        at java.lang.Thread.dumpThreads(Native Method)
        at java.lang.Thread.getAllStackTraces(Thread.java:1615)
        at org.apache.ozone.test.TimedOutTestsListener.buildThreadDump(TimedOutTestsListener.java:83)
        at org.apache.ozone.test.TimedOutTestsListener.buildThreadDiagnosticString(TimedOutTestsListener.java:69)
        at org.apache.ozone.test.GenericTestUtils.waitFor(GenericTestUtils.java:204)
        at org.apache.hadoop.ozone.MiniOzoneClusterImpl.waitForClusterToBeReady(MiniOzoneClusterImpl.java:187)
        at org.apache.hadoop.ozone.MiniOzoneClusterImpl.restartHddsDatanode(MiniOzoneClusterImpl.java:369)
        at org.apache.hadoop.ozone.MiniOzoneClusterImpl.restartHddsDatanode(MiniOzoneClusterImpl.java:376)
        at org.apache.hadoop.ozone.client.rpc.TestBlockOutputStreamWithFailures.testDatanodeFailureWithPreAllocation(TestBlockOutputStreamWithFailures.java:738)
        at sun.reflect.NativeMethodAccessorImpl.invoke0(Native Method)
        at sun.reflect.NativeMethodAccessorImpl.invoke(NativeMethodAccessorImpl.java:62)
        at sun.reflect.DelegatingMethodAccessorImpl.invoke(DelegatingMethodAccessorImpl.java:43)
        at java.lang.reflect.Method.invoke(Method.java:498)
        at org.junit.platform.commons.util.ReflectionUtils.invokeMethod(ReflectionUtils.java:728)
        at org.junit.jupiter.engine.execution.MethodInvocation.proceed(MethodInvocation.java:60)
        at org.junit.jupiter.engine.execution.InvocationInterceptorChain$ValidatingInvocation.proceed(InvocationInterceptorChain.java:131)
        at org.junit.jupiter.engine.extension.SameThreadTimeoutInvocation.proceed(SameThreadTimeoutInvocation.java:45)
        at org.junit.jupiter.engine.extension.TimeoutExtension.intercept(TimeoutExtension.java:156)
        at org.junit.jupiter.engine.extension.TimeoutExtension.interceptTestableMethod(TimeoutExtension.java:147)
        at org.junit.jupiter.engine.extension.TimeoutExtension.interceptTestTemplateMethod(TimeoutExtension.java:94)
        at org.junit.jupiter.engine.descriptor.TestTemplateInvocationTestDescriptor$$Lambda$446/651802632.apply(Unknown Source)
        at org.junit.jupiter.engine.execution.InterceptingExecutableInvoker$ReflectiveInterceptorCall.lambda$ofVoidMethod$0(InterceptingExecutableInvoker.java:103)
        at org.junit.jupiter.engine.execution.InterceptingExecutableInvoker$ReflectiveInterceptorCall$$Lambda$445/1946988038.apply(Unknown Source)
        at org.junit.jupiter.engine.execution.InterceptingExecutableInvoker.lambda$invoke$0(InterceptingExecutableInvoker.java:93)
        at org.junit.jupiter.engine.execution.InterceptingExecutableInvoker$$Lambda$376/875313400.apply(Unknown Source)
        at org.junit.jupiter.engine.execution.InvocationInterceptorChain$InterceptedInvocation.proceed(InvocationInterceptorChain.java:106)
        at org.junit.jupiter.engine.execution.InvocationInterceptorChain.proceed(InvocationInterceptorChain.java:64)
        at org.junit.jupiter.engine.execution.InvocationInterceptorChain.chainAndInvoke(InvocationInterceptorChain.java:45)
        at org.junit.jupiter.engine.execution.InvocationInterceptorChain.invoke(InvocationInterceptorChain.java:37)
        at org.junit.jupiter.engine.execution.InterceptingExecutableInvoker.invoke(InterceptingExecutableInvoker.java:92)
        at org.junit.jupiter.engine.execution.InterceptingExecutableInvoker.invoke(InterceptingExecutableInvoker.java:86)
        at org.junit.jupiter.engine.descriptor.TestMethodTestDescriptor.lambda$invokeTestMethod$7(TestMethodTestDescriptor.java:218)
        at org.junit.jupiter.engine.descriptor.TestMethodTestDescriptor$$Lambda$1666/1136898432.execute(Unknown Source)
        at org.junit.platform.engine.support.hierarchical.ThrowableCollector.execute(ThrowableCollector.java:73)
        at org.junit.jupiter.engine.descriptor.TestMethodTestDescriptor.invokeTestMethod(TestMethodTestDescriptor.java:214)
        at org.junit.jupiter.engine.descriptor.TestMethodTestDescriptor.execute(TestMethodTestDescriptor.java:139)
        at org.junit.jupiter.engine.descriptor.TestMethodTestDescriptor.execute(TestMethodTestDescriptor.java:69)
        at org.junit.platform.engine.support.hierarchical.NodeTestTask.lambda$executeRecursively$6(NodeTestTask.java:151)
        at org.junit.platform.engine.support.hierarchical.NodeTestTask$$Lambda$322/1810742349.execute(Unknown Source)
        at org.junit.platform.engine.support.hierarchical.ThrowableCollector.execute(ThrowableCollector.java:73)
        at org.junit.platform.engine.support.hierarchical.NodeTestTask.lambda$executeRecursively$8(NodeTestTask.java:141)
        at org.junit.platform.engine.support.hierarchical.NodeTestTask$$Lambda$321/1471086700.invoke(Unknown Source)
        at org.junit.platform.engine.support.hierarchical.Node.around(Node.java:137)
        at org.junit.platform.engine.support.hierarchical.NodeTestTask.lambda$executeRecursively$9(NodeTestTask.java:139)
        at org.junit.platform.engine.support.hierarchical.NodeTestTask$$Lambda$320/1353530305.execute(Unknown Source)
        at org.junit.platform.engine.support.hierarchical.ThrowableCollector.execute(ThrowableCollector.java:73)
        at org.junit.platform.engine.support.hierarchical.NodeTestTask.executeRecursively(NodeTestTask.java:138)
        at org.junit.platform.engine.support.hierarchical.NodeTestTask.execute(NodeTestTask.java:95)
        at org.junit.platform.engine.support.hierarchical.SameThreadHierarchicalTestExecutorService.submit(SameThreadHierarchicalTestExecutorService.java:35)
        at org.junit.platform.engine.support.hierarchical.NodeTestTask$DefaultDynamicTestExecutor.execute(NodeTestTask.java:226)
        at org.junit.platform.engine.support.hierarchical.NodeTestTask$DefaultDynamicTestExecutor.execute(NodeTestTask.java:204)
        at org.junit.jupiter.engine.descriptor.TestTemplateTestDescriptor.execute(TestTemplateTestDescriptor.java:142)
        at org.junit.jupiter.engine.descriptor.TestTemplateTestDescriptor.lambda$execute$2(TestTemplateTestDescriptor.java:110)
        at org.junit.jupiter.engine.descriptor.TestTemplateTestDescriptor$$Lambda$411/1583353301.accept(Unknown Source)
        at java.util.stream.ForEachOps$ForEachOp$OfRef.accept(ForEachOps.java:183)
        at java.util.stream.ReferencePipeline$3$1.accept(ReferencePipeline.java:193)
        at java.util.stream.ReferencePipeline$2$1.accept(ReferencePipeline.java:175)
        at java.util.stream.ReferencePipeline$3$1.accept(ReferencePipeline.java:193)
        at java.util.stream.ForEachOps$ForEachOp$OfRef.accept(ForEachOps.java:183)
        at java.util.stream.ReferencePipeline$3$1.accept(ReferencePipeline.java:193)
        at java.util.stream.ReferencePipeline$3$1.accept(ReferencePipeline.java:193)
        at java.util.stream.ReferencePipeline$3$1.accept(ReferencePipeline.java:193)
        at java.util.stream.ForEachOps$ForEachOp$OfRef.accept(ForEachOps.java:183)
        at java.util.stream.ReferencePipeline$3$1.accept(ReferencePipeline.java:193)
        at java.util.Spliterators$ArraySpliterator.forEachRemaining(Spliterators.java:948)
        at java.util.stream.AbstractPipeline.copyInto(AbstractPipeline.java:482)
        at java.util.stream.AbstractPipeline.wrapAndCopyInto(AbstractPipeline.java:472)
        at java.util.stream.ForEachOps$ForEachOp.evaluateSequential(ForEachOps.java:150)
        at java.util.stream.ForEachOps$ForEachOp$OfRef.evaluateSequential(ForEachOps.java:173)
        at java.util.stream.AbstractPipeline.evaluate(AbstractPipeline.java:234)
        at java.util.stream.ReferencePipeline.forEach(ReferencePipeline.java:485)
        at java.util.stream.ReferencePipeline$7$1.accept(ReferencePipeline.java:272)
        at java.util.stream.ReferencePipeline$3$1.accept(ReferencePipeline.java:193)
        at java.util.stream.ReferencePipeline$3$1.accept(ReferencePipeline.java:193)
        at java.util.stream.ReferencePipeline$3$1.accept(ReferencePipeline.java:193)
        at java.util.ArrayList$ArrayListSpliterator.forEachRemaining(ArrayList.java:1384)
        at java.util.stream.AbstractPipeline.copyInto(AbstractPipeline.java:482)
        at java.util.stream.AbstractPipeline.wrapAndCopyInto(AbstractPipeline.java:472)
        at java.util.stream.ForEachOps$ForEachOp.evaluateSequential(ForEachOps.java:150)
        at java.util.stream.ForEachOps$ForEachOp$OfRef.evaluateSequential(ForEachOps.java:173)
        at java.util.stream.AbstractPipeline.evaluate(AbstractPipeline.java:234)
        at java.util.stream.ReferencePipeline.forEach(ReferencePipeline.java:485)
        at java.util.stream.ReferencePipeline$7$1.accept(ReferencePipeline.java:272)
        at java.util.ArrayList$ArrayListSpliterator.forEachRemaining(ArrayList.java:1384)
        at java.util.stream.AbstractPipeline.copyInto(AbstractPipeline.java:482)
        at java.util.stream.AbstractPipeline.wrapAndCopyInto(AbstractPipeline.java:472)
        at java.util.stream.ForEachOps$ForEachOp.evaluateSequential(ForEachOps.java:150)
        at java.util.stream.ForEachOps$ForEachOp$OfRef.evaluateSequential(ForEachOps.java:173)
        at java.util.stream.AbstractPipeline.evaluate(AbstractPipeline.java:234)
        at java.util.stream.ReferencePipeline.forEach(ReferencePipeline.java:485)
        at org.junit.jupiter.engine.descriptor.TestTemplateTestDescriptor.execute(TestTemplateTestDescriptor.java:110)
        at org.junit.jupiter.engine.descriptor.TestTemplateTestDescriptor.execute(TestTemplateTestDescriptor.java:44)
        at org.junit.platform.engine.support.hierarchical.NodeTestTask.lambda$executeRecursively$6(NodeTestTask.java:151)
        at org.junit.platform.engine.support.hierarchical.NodeTestTask$$Lambda$322/1810742349.execute(Unknown Source)
        at org.junit.platform.engine.support.hierarchical.ThrowableCollector.execute(ThrowableCollector.java:73)
        at org.junit.platform.engine.support.hierarchical.NodeTestTask.lambda$executeRecursively$8(NodeTestTask.java:141)
        at org.junit.platform.engine.support.hierarchical.NodeTestTask$$Lambda$321/1471086700.invoke(Unknown Source)
        at org.junit.platform.engine.support.hierarchical.Node.around(Node.java:137)
        at org.junit.platform.engine.support.hierarchical.NodeTestTask.lambda$executeRecursively$9(NodeTestTask.java:139)
        at org.junit.platform.engine.support.hierarchical.NodeTestTask$$Lambda$320/1353530305.execute(Unknown Source)
        at org.junit.platform.engine.support.hierarchical.ThrowableCollector.execute(ThrowableCollector.java:73)
        at org.junit.platform.engine.support.hierarchical.NodeTestTask.executeRecursively(NodeTestTask.java:138)
        at org.junit.platform.engine.support.hierarchical.NodeTestTask.execute(NodeTestTask.java:95)
        at org.junit.platform.engine.support.hierarchical.SameThreadHierarchicalTestExecutorService$$Lambda$326/71706941.accept(Unknown Source)
        at java.util.ArrayList.forEach(ArrayList.java:1259)
        at org.junit.platform.engine.support.hierarchical.SameThreadHierarchicalTestExecutorService.invokeAll(SameThreadHierarchicalTestExecutorService.java:41)
        at org.junit.platform.engine.support.hierarchical.NodeTestTask.lambda$executeRecursively$6(NodeTestTask.java:155)
        at org.junit.platform.engine.support.hierarchical.NodeTestTask$$Lambda$322/1810742349.execute(Unknown Source)
        at org.junit.platform.engine.support.hierarchical.ThrowableCollector.execute(ThrowableCollector.java:73)
        at org.junit.platform.engine.support.hierarchical.NodeTestTask.lambda$executeRecursively$8(NodeTestTask.java:141)
        at org.junit.platform.engine.support.hierarchical.NodeTestTask$$Lambda$321/1471086700.invoke(Unknown Source)
        at org.junit.platform.engine.support.hierarchical.Node.around(Node.java:137)
        at org.junit.platform.engine.support.hierarchical.NodeTestTask.lambda$executeRecursively$9(NodeTestTask.java:139)
        at org.junit.platform.engine.support.hierarchical.NodeTestTask$$Lambda$320/1353530305.execute(Unknown Source)
        at org.junit.platform.engine.support.hierarchical.ThrowableCollector.execute(ThrowableCollector.java:73)
        at org.junit.platform.engine.support.hierarchical.NodeTestTask.executeRecursively(NodeTestTask.java:138)
        at org.junit.platform.engine.support.hierarchical.NodeTestTask.execute(NodeTestTask.java:95)
        at org.junit.platform.engine.support.hierarchical.SameThreadHierarchicalTestExecutorService$$Lambda$326/71706941.accept(Unknown Source)
        at java.util.ArrayList.forEach(ArrayList.java:1259)
        at org.junit.platform.engine.support.hierarchical.SameThreadHierarchicalTestExecutorService.invokeAll(SameThreadHierarchicalTestExecutorService.java:41)
        at org.junit.platform.engine.support.hierarchical.NodeTestTask.lambda$executeRecursively$6(NodeTestTask.java:155)
        at org.junit.platform.engine.support.hierarchical.NodeTestTask$$Lambda$322/1810742349.execute(Unknown Source)
        at org.junit.platform.engine.support.hierarchical.ThrowableCollector.execute(ThrowableCollector.java:73)
        at org.junit.platform.engine.support.hierarchical.NodeTestTask.lambda$executeRecursively$8(NodeTestTask.java:141)
        at org.junit.platform.engine.support.hierarchical.NodeTestTask$$Lambda$321/1471086700.invoke(Unknown Source)
        at org.junit.platform.engine.support.hierarchical.Node.around(Node.java:137)
        at org.junit.platform.engine.support.hierarchical.NodeTestTask.lambda$executeRecursively$9(NodeTestTask.java:139)
        at org.junit.platform.engine.support.hierarchical.NodeTestTask$$Lambda$320/1353530305.execute(Unknown Source)
        at org.junit.platform.engine.support.hierarchical.ThrowableCollector.execute(ThrowableCollector.java:73)
        at org.junit.platform.engine.support.hierarchical.NodeTestTask.executeRecursively(NodeTestTask.java:138)
        at org.junit.platform.engine.support.hierarchical.NodeTestTask.execute(NodeTestTask.java:95)
        at org.junit.platform.engine.support.hierarchical.SameThreadHierarchicalTestExecutorService.submit(SameThreadHierarchicalTestExecutorService.java:35)
        at org.junit.platform.engine.support.hierarchical.HierarchicalTestExecutor.execute(HierarchicalTestExecutor.java:57)
        at org.junit.platform.engine.support.hierarchical.HierarchicalTestEngine.execute(HierarchicalTestEngine.java:54)
        at org.junit.platform.launcher.core.EngineExecutionOrchestrator.execute(EngineExecutionOrchestrator.java:198)
        at org.junit.platform.launcher.core.EngineExecutionOrchestrator.execute(EngineExecutionOrchestrator.java:169)
        at org.junit.platform.launcher.core.EngineExecutionOrchestrator.execute(EngineExecutionOrchestrator.java:93)
        at org.junit.platform.launcher.core.EngineExecutionOrchestrator.lambda$execute$0(EngineExecutionOrchestrator.java:58)
        at org.junit.platform.launcher.core.EngineExecutionOrchestrator$$Lambda$240/1971764991.accept(Unknown Source)
        at org.junit.platform.launcher.core.EngineExecutionOrchestrator.withInterceptedStreams(EngineExecutionOrchestrator.java:141)
        at org.junit.platform.launcher.core.EngineExecutionOrchestrator.execute(EngineExecutionOrchestrator.java:57)
        at org.junit.platform.launcher.core.DefaultLauncher.execute(DefaultLauncher.java:103)
        at org.junit.platform.launcher.core.DefaultLauncher.execute(DefaultLauncher.java:85)
        at org.junit.platform.launcher.core.DelegatingLauncher.execute(DelegatingLauncher.java:47)
        at org.junit.platform.launcher.core.SessionPerRequestLauncher.execute(SessionPerRequestLauncher.java:63)
        at org.apache.maven.surefire.junitplatform.JUnitPlatformProvider.invokeAllTests(JUnitPlatformProvider.java:154)
        at org.apache.maven.surefire.junitplatform.JUnitPlatformProvider.invoke(JUnitPlatformProvider.java:123)
        at org.apache.maven.surefire.booter.ForkedBooter.runSuitesInProcess(ForkedBooter.java:377)
        at org.apache.maven.surefire.booter.ForkedBooter.execute(ForkedBooter.java:138)
        at org.apache.maven.surefire.booter.ForkedBooter.run(ForkedBooter.java:465)
        at org.apache.maven.surefire.booter.ForkedBooter.main(ForkedBooter.java:451)
"BackgroundPipelineScrubber" daemon prio=5 tid=2696 timed_waiting
java.lang.Thread.State: TIMED_WAITING
        at java.lang.Object.wait(Native Method)
        at org.apache.hadoop.hdds.scm.ha.BackgroundSCMService.run(BackgroundSCMService.java:107)
        at org.apache.hadoop.hdds.scm.ha.BackgroundSCMService$$Lambda$640/2027963364.run(Unknown Source)
        at java.lang.Thread.run(Thread.java:750)
"IPC Server handler 83 on default port 15108" daemon prio=5 tid=3012 timed_waiting
java.lang.Thread.State: TIMED_WAITING
        at sun.misc.Unsafe.park(Native Method)
        at java.util.concurrent.locks.LockSupport.parkNanos(LockSupport.java:215)
        at java.util.concurrent.locks.AbstractQueuedSynchronizer$ConditionObject.awaitNanos(AbstractQueuedSynchronizer.java:2078)
        at java.util.concurrent.LinkedBlockingQueue.poll(LinkedBlockingQueue.java:467)
        at org.apache.hadoop.ipc.CallQueueManager.take(CallQueueManager.java:317)
        at org.apache.hadoop.ipc.Server$Handler.run(Server.java:3014)
"IPC Server handler 35 on default port 15108" daemon prio=5 tid=2964 timed_waiting
java.lang.Thread.State: TIMED_WAITING
        at sun.misc.Unsafe.park(Native Method)
        at java.util.concurrent.locks.LockSupport.parkNanos(LockSupport.java:215)
        at java.util.concurrent.locks.AbstractQueuedSynchronizer$ConditionObject.awaitNanos(AbstractQueuedSynchronizer.java:2078)
        at java.util.concurrent.LinkedBlockingQueue.poll(LinkedBlockingQueue.java:467)
        at org.apache.hadoop.ipc.CallQueueManager.take(CallQueueManager.java:317)
        at org.apache.hadoop.ipc.Server$Handler.run(Server.java:3014)
"80370d78-c36f-4d75-b7cb-6753407b0dff-EndpointStateMachineTaskThread-/0.0.0.0:15108-0 "  prio=5 tid=3319 in Object.wait()
java.lang.Thread.State: WAITING (on object monitor)
        at sun.misc.Unsafe.park(Native Method)
        at java.util.concurrent.locks.LockSupport.park(LockSupport.java:175)
        at java.util.concurrent.locks.AbstractQueuedSynchronizer$ConditionObject.await(AbstractQueuedSynchronizer.java:2039)
        at java.util.concurrent.LinkedBlockingQueue.take(LinkedBlockingQueue.java:442)
        at java.util.concurrent.ThreadPoolExecutor.getTask(ThreadPoolExecutor.java:1074)
        at java.util.concurrent.ThreadPoolExecutor.runWorker(ThreadPoolExecutor.java:1134)
        at java.util.concurrent.ThreadPoolExecutor$Worker.run(ThreadPoolExecutor.java:624)
        at java.lang.Thread.run(Thread.java:750)
"Timer-2"  prio=5 tid=3061 timed_waiting
java.lang.Thread.State: TIMED_WAITING
        at java.lang.Object.wait(Native Method)
        at java.util.TimerThread.mainLoop(Timer.java:552)
        at java.util.TimerThread.run(Timer.java:505)
"IPC Server handler 78 on default port 15108" daemon prio=5 tid=3007 timed_waiting
java.lang.Thread.State: TIMED_WAITING
        at sun.misc.Unsafe.park(Native Method)
        at java.util.concurrent.locks.LockSupport.parkNanos(LockSupport.java:215)
        at java.util.concurrent.locks.AbstractQueuedSynchronizer$ConditionObject.awaitNanos(AbstractQueuedSynchronizer.java:2078)
        at java.util.concurrent.LinkedBlockingQueue.poll(LinkedBlockingQueue.java:467)
        at org.apache.hadoop.ipc.CallQueueManager.take(CallQueueManager.java:317)
        at org.apache.hadoop.ipc.Server$Handler.run(Server.java:3014)
"IPC Server handler 37 on default port 15108" daemon prio=5 tid=2966 timed_waiting
java.lang.Thread.State: TIMED_WAITING
        at sun.misc.Unsafe.park(Native Method)
        at java.util.concurrent.locks.LockSupport.parkNanos(LockSupport.java:215)
        at java.util.concurrent.locks.AbstractQueuedSynchronizer$ConditionObject.awaitNanos(AbstractQueuedSynchronizer.java:2078)
        at java.util.concurrent.LinkedBlockingQueue.poll(LinkedBlockingQueue.java:467)
        at org.apache.hadoop.ipc.CallQueueManager.take(CallQueueManager.java:317)
        at org.apache.hadoop.ipc.Server$Handler.run(Server.java:3014)
"IPC Server handler 94 on default port 15107" daemon prio=5 tid=2923 timed_waiting
java.lang.Thread.State: TIMED_WAITING
        at sun.misc.Unsafe.park(Native Method)
        at java.util.concurrent.locks.LockSupport.parkNanos(LockSupport.java:215)
        at java.util.concurrent.locks.AbstractQueuedSynchronizer$ConditionObject.awaitNanos(AbstractQueuedSynchronizer.java:2078)
        at java.util.concurrent.LinkedBlockingQueue.poll(LinkedBlockingQueue.java:467)
        at org.apache.hadoop.ipc.CallQueueManager.take(CallQueueManager.java:317)
        at org.apache.hadoop.ipc.Server$Handler.run(Server.java:3014)
"Session-HouseKeeper-447c499f-1"  prio=5 tid=3804 timed_waiting
java.lang.Thread.State: TIMED_WAITING
        at sun.misc.Unsafe.park(Native Method)
        at java.util.concurrent.locks.LockSupport.parkNanos(LockSupport.java:215)
        at java.util.concurrent.locks.AbstractQueuedSynchronizer$ConditionObject.awaitNanos(AbstractQueuedSynchronizer.java:2078)
        at java.util.concurrent.ScheduledThreadPoolExecutor$DelayedWorkQueue.take(ScheduledThreadPoolExecutor.java:1093)
        at java.util.concurrent.ScheduledThreadPoolExecutor$DelayedWorkQueue.take(ScheduledThreadPoolExecutor.java:809)
        at java.util.concurrent.ThreadPoolExecutor.getTask(ThreadPoolExecutor.java:1074)
        at java.util.concurrent.ThreadPoolExecutor.runWorker(ThreadPoolExecutor.java:1134)
        at java.util.concurrent.ThreadPoolExecutor$Worker.run(ThreadPoolExecutor.java:624)
        at java.lang.Thread.run(Thread.java:750)
"IPC Server handler 3 on default port 15108" daemon prio=5 tid=2932 timed_waiting
java.lang.Thread.State: TIMED_WAITING
        at sun.misc.Unsafe.park(Native Method)
        at java.util.concurrent.locks.LockSupport.parkNanos(LockSupport.java:215)
        at java.util.concurrent.locks.AbstractQueuedSynchronizer$ConditionObject.awaitNanos(AbstractQueuedSynchronizer.java:2078)
        at java.util.concurrent.LinkedBlockingQueue.poll(LinkedBlockingQueue.java:467)
        at org.apache.hadoop.ipc.CallQueueManager.take(CallQueueManager.java:317)
        at org.apache.hadoop.ipc.Server$Handler.run(Server.java:3014)
"JvmPauseMonitor17" daemon prio=5 tid=3276 timed_waiting
java.lang.Thread.State: TIMED_WAITING
        at java.lang.Thread.sleep(Native Method)
        at java.lang.Thread.sleep(Thread.java:342)
        at java.util.concurrent.TimeUnit.sleep(TimeUnit.java:386)
        at org.apache.ratis.util.TimeDuration.sleep(TimeDuration.java:353)
        at org.apache.ratis.util.TimeDuration.sleep(TimeDuration.java:338)
        at org.apache.ratis.util.JvmPauseMonitor.detectPause(JvmPauseMonitor.java:160)
        at org.apache.ratis.util.JvmPauseMonitor.run(JvmPauseMonitor.java:149)
        at org.apache.ratis.util.JvmPauseMonitor$$Lambda$706/992171555.run(Unknown Source)
        at java.lang.Thread.run(Thread.java:750)
"IPC Server handler 90 on default port 15108" daemon prio=5 tid=3019 timed_waiting
java.lang.Thread.State: TIMED_WAITING
        at sun.misc.Unsafe.park(Native Method)
        at java.util.concurrent.locks.LockSupport.parkNanos(LockSupport.java:215)
        at java.util.concurrent.locks.AbstractQueuedSynchronizer$ConditionObject.awaitNanos(AbstractQueuedSynchronizer.java:2078)
        at java.util.concurrent.LinkedBlockingQueue.poll(LinkedBlockingQueue.java:467)
        at org.apache.hadoop.ipc.CallQueueManager.take(CallQueueManager.java:317)
        at org.apache.hadoop.ipc.Server$Handler.run(Server.java:3014)
"6cf56e53-88cb-4022-bd56-d9b5c4d884ee@group-5E161AF68217-SegmentedRaftLogWorker"  prio=5 tid=3840 timed_waiting
java.lang.Thread.State: TIMED_WAITING
        at sun.misc.Unsafe.park(Native Method)
        at java.util.concurrent.locks.LockSupport.parkNanos(LockSupport.java:215)
        at java.util.concurrent.locks.AbstractQueuedSynchronizer$ConditionObject.awaitNanos(AbstractQueuedSynchronizer.java:2078)
        at org.apache.ratis.util.DataBlockingQueue.poll(DataBlockingQueue.java:148)
        at org.apache.ratis.server.raftlog.segmented.SegmentedRaftLogWorker.run(SegmentedRaftLogWorker.java:299)
        at org.apache.ratis.server.raftlog.segmented.SegmentedRaftLogWorker$$Lambda$1079/927089352.run(Unknown Source)
        at java.util.concurrent.Executors$RunnableAdapter.call(Executors.java:511)
        at java.util.concurrent.FutureTask.run(FutureTask.java:266)
        at java.util.concurrent.ThreadPoolExecutor.runWorker(ThreadPoolExecutor.java:1149)
        at java.util.concurrent.ThreadPoolExecutor$Worker.run(ThreadPoolExecutor.java:624)
        at java.lang.Thread.run(Thread.java:750)
"IPC Server handler 0 on default port 15116" daemon prio=5 tid=3121 timed_waiting
java.lang.Thread.State: TIMED_WAITING
        at sun.misc.Unsafe.park(Native Method)
        at java.util.concurrent.locks.LockSupport.parkNanos(LockSupport.java:215)
        at java.util.concurrent.locks.AbstractQueuedSynchronizer$ConditionObject.awaitNanos(AbstractQueuedSynchronizer.java:2078)
        at java.util.concurrent.LinkedBlockingQueue.poll(LinkedBlockingQueue.java:467)
        at org.apache.hadoop.ipc.CallQueueManager.take(CallQueueManager.java:317)
        at org.apache.hadoop.ipc.Server$Handler.run(Server.java:3014)
"IPC Server Responder" daemon prio=5 tid=3808 runnable
java.lang.Thread.State: RUNNABLE
        at sun.nio.ch.EPollArrayWrapper.epollWait(Native Method)
        at sun.nio.ch.EPollArrayWrapper.poll(EPollArrayWrapper.java:269)
        at sun.nio.ch.EPollSelectorImpl.doSelect(EPollSelectorImpl.java:93)
        at sun.nio.ch.SelectorImpl.lockAndDoSelect(SelectorImpl.java:86)
        at sun.nio.ch.SelectorImpl.select(SelectorImpl.java:97)
        at org.apache.hadoop.ipc.Server$Responder.doRunLoop(Server.java:1582)
        at org.apache.hadoop.ipc.Server$Responder.run(Server.java:1565)
"IPC Server handler 15 on default port 15107" daemon prio=5 tid=2844 timed_waiting
java.lang.Thread.State: TIMED_WAITING
        at sun.misc.Unsafe.park(Native Method)
        at java.util.concurrent.locks.LockSupport.parkNanos(LockSupport.java:215)
        at java.util.concurrent.locks.AbstractQueuedSynchronizer$ConditionObject.awaitNanos(AbstractQueuedSynchronizer.java:2078)
        at java.util.concurrent.LinkedBlockingQueue.poll(LinkedBlockingQueue.java:467)
        at org.apache.hadoop.ipc.CallQueueManager.take(CallQueueManager.java:317)
        at org.apache.hadoop.ipc.Server$Handler.run(Server.java:3014)
"9387e6e8-bf6d-4d10-9dc1-f1bd05fc02cf-BlockDeletingService#7" daemon prio=5 tid=3862 in Object.wait()
java.lang.Thread.State: WAITING (on object monitor)
        at sun.misc.Unsafe.park(Native Method)
        at java.util.concurrent.locks.LockSupport.park(LockSupport.java:175)
        at java.util.concurrent.locks.AbstractQueuedSynchronizer$ConditionObject.await(AbstractQueuedSynchronizer.java:2039)
        at java.util.concurrent.ScheduledThreadPoolExecutor$DelayedWorkQueue.take(ScheduledThreadPoolExecutor.java:1088)
        at java.util.concurrent.ScheduledThreadPoolExecutor$DelayedWorkQueue.take(ScheduledThreadPoolExecutor.java:809)
        at java.util.concurrent.ThreadPoolExecutor.getTask(ThreadPoolExecutor.java:1074)
        at java.util.concurrent.ThreadPoolExecutor.runWorker(ThreadPoolExecutor.java:1134)
        at java.util.concurrent.ThreadPoolExecutor$Worker.run(ThreadPoolExecutor.java:624)
        at java.lang.Thread.run(Thread.java:750)
"IPC Server handler 7 on default port 15108" daemon prio=5 tid=2936 timed_waiting
java.lang.Thread.State: TIMED_WAITING
        at sun.misc.Unsafe.park(Native Method)
        at java.util.concurrent.locks.LockSupport.parkNanos(LockSupport.java:215)
        at java.util.concurrent.locks.AbstractQueuedSynchronizer$ConditionObject.awaitNanos(AbstractQueuedSynchronizer.java:2078)
        at java.util.concurrent.LinkedBlockingQueue.poll(LinkedBlockingQueue.java:467)
        at org.apache.hadoop.ipc.CallQueueManager.take(CallQueueManager.java:317)
        at org.apache.hadoop.ipc.Server$Handler.run(Server.java:3014)
"IPC Server Responder" daemon prio=5 tid=2715 runnable
java.lang.Thread.State: RUNNABLE
        at sun.nio.ch.EPollArrayWrapper.epollWait(Native Method)
        at sun.nio.ch.EPollArrayWrapper.poll(EPollArrayWrapper.java:269)
        at sun.nio.ch.EPollSelectorImpl.doSelect(EPollSelectorImpl.java:93)
        at sun.nio.ch.SelectorImpl.lockAndDoSelect(SelectorImpl.java:86)
        at sun.nio.ch.SelectorImpl.select(SelectorImpl.java:97)
        at org.apache.hadoop.ipc.Server$Responder.doRunLoop(Server.java:1582)
        at org.apache.hadoop.ipc.Server$Responder.run(Server.java:1565)
"IPC Server handler 11 on default port 15106" daemon prio=5 tid=2740 timed_waiting
java.lang.Thread.State: TIMED_WAITING
        at sun.misc.Unsafe.park(Native Method)
        at java.util.concurrent.locks.LockSupport.parkNanos(LockSupport.java:215)
        at java.util.concurrent.locks.AbstractQueuedSynchronizer$ConditionObject.awaitNanos(AbstractQueuedSynchronizer.java:2078)
        at java.util.concurrent.LinkedBlockingQueue.poll(LinkedBlockingQueue.java:467)
        at org.apache.hadoop.ipc.CallQueueManager.take(CallQueueManager.java:317)
        at org.apache.hadoop.ipc.Server$Handler.run(Server.java:3014)
"80370d78-c36f-4d75-b7cb-6753407b0dff-PeriodicHDDSVolumeChecker" daemon prio=5 tid=3321 timed_waiting
java.lang.Thread.State: TIMED_WAITING
        at sun.misc.Unsafe.park(Native Method)
        at java.util.concurrent.locks.LockSupport.parkNanos(LockSupport.java:215)
        at java.util.concurrent.locks.AbstractQueuedSynchronizer$ConditionObject.awaitNanos(AbstractQueuedSynchronizer.java:2078)
        at java.util.concurrent.ScheduledThreadPoolExecutor$DelayedWorkQueue.take(ScheduledThreadPoolExecutor.java:1093)
        at java.util.concurrent.ScheduledThreadPoolExecutor$DelayedWorkQueue.take(ScheduledThreadPoolExecutor.java:809)
        at java.util.concurrent.ThreadPoolExecutor.getTask(ThreadPoolExecutor.java:1074)
        at java.util.concurrent.ThreadPoolExecutor.runWorker(ThreadPoolExecutor.java:1134)
        at java.util.concurrent.ThreadPoolExecutor$Worker.run(ThreadPoolExecutor.java:624)
        at java.lang.Thread.run(Thread.java:750)
"IPC Server handler 39 on default port 15108" daemon prio=5 tid=2968 timed_waiting
java.lang.Thread.State: TIMED_WAITING
        at sun.misc.Unsafe.park(Native Method)
        at java.util.concurrent.locks.LockSupport.parkNanos(LockSupport.java:215)
        at java.util.concurrent.locks.AbstractQueuedSynchronizer$ConditionObject.awaitNanos(AbstractQueuedSynchronizer.java:2078)
        at java.util.concurrent.LinkedBlockingQueue.poll(LinkedBlockingQueue.java:467)
        at org.apache.hadoop.ipc.CallQueueManager.take(CallQueueManager.java:317)
        at org.apache.hadoop.ipc.Server$Handler.run(Server.java:3014)
"IPC Server handler 79 on default port 15107" daemon prio=5 tid=2908 timed_waiting
java.lang.Thread.State: TIMED_WAITING
        at sun.misc.Unsafe.park(Native Method)
        at java.util.concurrent.locks.LockSupport.parkNanos(LockSupport.java:215)
        at java.util.concurrent.locks.AbstractQueuedSynchronizer$ConditionObject.awaitNanos(AbstractQueuedSynchronizer.java:2078)
        at java.util.concurrent.LinkedBlockingQueue.poll(LinkedBlockingQueue.java:467)
        at org.apache.hadoop.ipc.CallQueueManager.take(CallQueueManager.java:317)
        at org.apache.hadoop.ipc.Server$Handler.run(Server.java:3014)
"33d4fa9a-f1b5-45a2-9ce3-43c86fd82df2@group-0B323A473FB2-StateMachineUpdater" daemon prio=5 tid=3632 timed_waiting
java.lang.Thread.State: TIMED_WAITING
        at sun.misc.Unsafe.park(Native Method)
        at java.util.concurrent.locks.LockSupport.parkNanos(LockSupport.java:215)
        at java.util.concurrent.locks.AbstractQueuedSynchronizer$ConditionObject.await(AbstractQueuedSynchronizer.java:2163)
        at org.apache.ratis.util.AwaitForSignal.await(AwaitForSignal.java:65)
        at org.apache.ratis.server.impl.StateMachineUpdater.waitForCommit(StateMachineUpdater.java:211)
        at org.apache.ratis.server.impl.StateMachineUpdater.run(StateMachineUpdater.java:180)
        at java.lang.Thread.run(Thread.java:750)
"IPC Server idle connection scanner for port 15143" daemon prio=5 tid=3202 timed_waiting
java.lang.Thread.State: TIMED_WAITING
        at java.lang.Object.wait(Native Method)
        at java.util.TimerThread.mainLoop(Timer.java:552)
        at java.util.TimerThread.run(Timer.java:505)
"6cf56e53-88cb-4022-bd56-d9b5c4d884ee-DatanodeReportManager-1" daemon prio=5 tid=3813 in Object.wait()
java.lang.Thread.State: WAITING (on object monitor)
        at sun.misc.Unsafe.park(Native Method)
        at java.util.concurrent.locks.LockSupport.park(LockSupport.java:175)
        at java.util.concurrent.locks.AbstractQueuedSynchronizer$ConditionObject.await(AbstractQueuedSynchronizer.java:2039)
        at java.util.concurrent.ScheduledThreadPoolExecutor$DelayedWorkQueue.take(ScheduledThreadPoolExecutor.java:1088)
        at java.util.concurrent.ScheduledThreadPoolExecutor$DelayedWorkQueue.take(ScheduledThreadPoolExecutor.java:809)
        at java.util.concurrent.ThreadPoolExecutor.getTask(ThreadPoolExecutor.java:1074)
        at java.util.concurrent.ThreadPoolExecutor.runWorker(ThreadPoolExecutor.java:1134)
        at java.util.concurrent.ThreadPoolExecutor$Worker.run(ThreadPoolExecutor.java:624)
        at java.lang.Thread.run(Thread.java:750)
"a45323a7-bc80-446e-b427-0ffb34a72641@group-0B323A473FB2-LeaderStateImpl" daemon prio=5 tid=3688 timed_waiting
java.lang.Thread.State: TIMED_WAITING
        at sun.misc.Unsafe.park(Native Method)
        at java.util.concurrent.locks.LockSupport.parkNanos(LockSupport.java:215)
        at java.util.concurrent.locks.AbstractQueuedSynchronizer$ConditionObject.awaitNanos(AbstractQueuedSynchronizer.java:2078)
        at java.util.concurrent.ArrayBlockingQueue.poll(ArrayBlockingQueue.java:418)
        at org.apache.ratis.server.impl.LeaderStateImpl$EventQueue.poll(LeaderStateImpl.java:164)
        at org.apache.ratis.server.impl.LeaderStateImpl$EventProcessor.run(LeaderStateImpl.java:762)
"33d4fa9a-f1b5-45a2-9ce3-43c86fd82df2@group-77AD9CB52074-FollowerState" daemon prio=5 tid=3713 timed_waiting
java.lang.Thread.State: TIMED_WAITING
        at java.lang.Thread.sleep(Native Method)
        at java.lang.Thread.sleep(Thread.java:342)
        at java.util.concurrent.TimeUnit.sleep(TimeUnit.java:386)
        at org.apache.ratis.util.TimeDuration.sleep(TimeDuration.java:353)
        at org.apache.ratis.util.TimeDuration.sleep(TimeDuration.java:338)
        at org.apache.ratis.server.impl.FollowerState.run(FollowerState.java:128)
"StaleRecoveringContainerScrubbingService#2" daemon prio=5 tid=3595 in Object.wait()
java.lang.Thread.State: WAITING (on object monitor)
        at sun.misc.Unsafe.park(Native Method)
        at java.util.concurrent.locks.LockSupport.park(LockSupport.java:175)
        at java.util.concurrent.locks.AbstractQueuedSynchronizer$ConditionObject.await(AbstractQueuedSynchronizer.java:2039)
        at java.util.concurrent.ScheduledThreadPoolExecutor$DelayedWorkQueue.take(ScheduledThreadPoolExecutor.java:1088)
        at java.util.concurrent.ScheduledThreadPoolExecutor$DelayedWorkQueue.take(ScheduledThreadPoolExecutor.java:809)
        at java.util.concurrent.ThreadPoolExecutor.getTask(ThreadPoolExecutor.java:1074)
        at java.util.concurrent.ThreadPoolExecutor.runWorker(ThreadPoolExecutor.java:1134)
        at java.util.concurrent.ThreadPoolExecutor$Worker.run(ThreadPoolExecutor.java:624)
        at java.lang.Thread.run(Thread.java:750)
"pool-641-thread-1"  prio=5 tid=3218 timed_waiting
java.lang.Thread.State: TIMED_WAITING
        at sun.misc.Unsafe.park(Native Method)
        at java.util.concurrent.locks.LockSupport.parkNanos(LockSupport.java:215)
        at java.util.concurrent.locks.AbstractQueuedSynchronizer$ConditionObject.awaitNanos(AbstractQueuedSynchronizer.java:2078)
        at java.util.concurrent.ScheduledThreadPoolExecutor$DelayedWorkQueue.take(ScheduledThreadPoolExecutor.java:1093)
        at java.util.concurrent.ScheduledThreadPoolExecutor$DelayedWorkQueue.take(ScheduledThreadPoolExecutor.java:809)
        at java.util.concurrent.ThreadPoolExecutor.getTask(ThreadPoolExecutor.java:1074)
        at java.util.concurrent.ThreadPoolExecutor.runWorker(ThreadPoolExecutor.java:1134)
        at java.util.concurrent.ThreadPoolExecutor$Worker.run(ThreadPoolExecutor.java:624)
        at java.lang.Thread.run(Thread.java:750)
"ContainerMetadataScanner" daemon prio=5 tid=3324 timed_waiting
java.lang.Thread.State: TIMED_WAITING
        at java.lang.Thread.sleep(Native Method)
        at org.apache.hadoop.ozone.container.ozoneimpl.AbstractBackgroundContainerScanner.handleRemainingSleep(AbstractBackgroundContainerScanner.java:131)
        at org.apache.hadoop.ozone.container.ozoneimpl.AbstractBackgroundContainerScanner.runIteration(AbstractBackgroundContainerScanner.java:98)
        at org.apache.hadoop.ozone.container.ozoneimpl.AbstractBackgroundContainerScanner.run(AbstractBackgroundContainerScanner.java:57)
"9387e6e8-bf6d-4d10-9dc1-f1bd05fc02cf@group-E2078B4A5995-LeaderStateImpl" daemon prio=5 tid=3459 timed_waiting
java.lang.Thread.State: TIMED_WAITING
        at sun.misc.Unsafe.park(Native Method)
        at java.util.concurrent.locks.LockSupport.parkNanos(LockSupport.java:215)
        at java.util.concurrent.locks.AbstractQueuedSynchronizer$ConditionObject.awaitNanos(AbstractQueuedSynchronizer.java:2078)
        at java.util.concurrent.ArrayBlockingQueue.poll(ArrayBlockingQueue.java:418)
        at org.apache.ratis.server.impl.LeaderStateImpl$EventQueue.poll(LeaderStateImpl.java:164)
        at org.apache.ratis.server.impl.LeaderStateImpl$EventProcessor.run(LeaderStateImpl.java:762)
"9387e6e8-bf6d-4d10-9dc1-f1bd05fc02cf-NettyServerStreamRpc-bossGroup--thread1"  prio=5 tid=3103 runnable
java.lang.Thread.State: RUNNABLE
        at org.apache.ratis.thirdparty.io.netty.channel.epoll.Native.epollWait(Native Method)
        at org.apache.ratis.thirdparty.io.netty.channel.epoll.Native.epollWait(Native.java:209)
        at org.apache.ratis.thirdparty.io.netty.channel.epoll.Native.epollWait(Native.java:202)
        at org.apache.ratis.thirdparty.io.netty.channel.epoll.EpollEventLoop.epollWaitNoTimerChange(EpollEventLoop.java:316)
        at org.apache.ratis.thirdparty.io.netty.channel.epoll.EpollEventLoop.run(EpollEventLoop.java:373)
        at org.apache.ratis.thirdparty.io.netty.util.concurrent.SingleThreadEventExecutor$4.run(SingleThreadEventExecutor.java:997)
        at org.apache.ratis.thirdparty.io.netty.util.internal.ThreadExecutorMap$2.run(ThreadExecutorMap.java:74)
        at java.lang.Thread.run(Thread.java:750)
"IPC Server handler 36 on default port 15107" daemon prio=5 tid=2865 timed_waiting
java.lang.Thread.State: TIMED_WAITING
        at sun.misc.Unsafe.park(Native Method)
        at java.util.concurrent.locks.LockSupport.parkNanos(LockSupport.java:215)
        at java.util.concurrent.locks.AbstractQueuedSynchronizer$ConditionObject.awaitNanos(AbstractQueuedSynchronizer.java:2078)
        at java.util.concurrent.LinkedBlockingQueue.poll(LinkedBlockingQueue.java:467)
        at org.apache.hadoop.ipc.CallQueueManager.take(CallQueueManager.java:317)
        at org.apache.hadoop.ipc.Server$Handler.run(Server.java:3014)
"IPC Server handler 18 on default port 15107" daemon prio=5 tid=2847 timed_waiting
java.lang.Thread.State: TIMED_WAITING
        at sun.misc.Unsafe.park(Native Method)
        at java.util.concurrent.locks.LockSupport.parkNanos(LockSupport.java:215)
        at java.util.concurrent.locks.AbstractQueuedSynchronizer$ConditionObject.awaitNanos(AbstractQueuedSynchronizer.java:2078)
        at java.util.concurrent.LinkedBlockingQueue.poll(LinkedBlockingQueue.java:467)
        at org.apache.hadoop.ipc.CallQueueManager.take(CallQueueManager.java:317)
        at org.apache.hadoop.ipc.Server$Handler.run(Server.java:3014)
"9387e6e8-bf6d-4d10-9dc1-f1bd05fc02cf-server-thread2" daemon prio=5 tid=3727 timed_waiting
java.lang.Thread.State: TIMED_WAITING
        at sun.misc.Unsafe.park(Native Method)
        at java.util.concurrent.locks.LockSupport.parkNanos(LockSupport.java:215)
        at java.util.concurrent.SynchronousQueue$TransferStack.awaitFulfill(SynchronousQueue.java:460)
        at java.util.concurrent.SynchronousQueue$TransferStack.transfer(SynchronousQueue.java:362)
        at java.util.concurrent.SynchronousQueue.poll(SynchronousQueue.java:941)
        at java.util.concurrent.ThreadPoolExecutor.getTask(ThreadPoolExecutor.java:1073)
        at java.util.concurrent.ThreadPoolExecutor.runWorker(ThreadPoolExecutor.java:1134)
        at java.util.concurrent.ThreadPoolExecutor$Worker.run(ThreadPoolExecutor.java:624)
        at java.lang.Thread.run(Thread.java:750)
"EventQueue-NewNodeForNewNodeHandler" daemon prio=5 tid=3336 in Object.wait()
java.lang.Thread.State: WAITING (on object monitor)
        at sun.misc.Unsafe.park(Native Method)
        at java.util.concurrent.locks.LockSupport.park(LockSupport.java:175)
        at java.util.concurrent.locks.AbstractQueuedSynchronizer$ConditionObject.await(AbstractQueuedSynchronizer.java:2039)
        at java.util.concurrent.LinkedBlockingQueue.take(LinkedBlockingQueue.java:442)
        at java.util.concurrent.ThreadPoolExecutor.getTask(ThreadPoolExecutor.java:1074)
        at java.util.concurrent.ThreadPoolExecutor.runWorker(ThreadPoolExecutor.java:1134)
        at java.util.concurrent.ThreadPoolExecutor$Worker.run(ThreadPoolExecutor.java:624)
        at java.lang.Thread.run(Thread.java:750)
"IPC Server handler 81 on default port 15106" daemon prio=5 tid=2810 timed_waiting
java.lang.Thread.State: TIMED_WAITING
        at sun.misc.Unsafe.park(Native Method)
        at java.util.concurrent.locks.LockSupport.parkNanos(LockSupport.java:215)
        at java.util.concurrent.locks.AbstractQueuedSynchronizer$ConditionObject.awaitNanos(AbstractQueuedSynchronizer.java:2078)
        at java.util.concurrent.LinkedBlockingQueue.poll(LinkedBlockingQueue.java:467)
        at org.apache.hadoop.ipc.CallQueueManager.take(CallQueueManager.java:317)
        at org.apache.hadoop.ipc.Server$Handler.run(Server.java:3014)
"80370d78-c36f-4d75-b7cb-6753407b0dff-DatanodeReportManager-4" daemon prio=5 tid=3239 timed_waiting
java.lang.Thread.State: TIMED_WAITING
        at sun.misc.Unsafe.park(Native Method)
        at java.util.concurrent.locks.LockSupport.parkNanos(LockSupport.java:215)
        at java.util.concurrent.locks.AbstractQueuedSynchronizer$ConditionObject.awaitNanos(AbstractQueuedSynchronizer.java:2078)
        at java.util.concurrent.ScheduledThreadPoolExecutor$DelayedWorkQueue.take(ScheduledThreadPoolExecutor.java:1093)
        at java.util.concurrent.ScheduledThreadPoolExecutor$DelayedWorkQueue.take(ScheduledThreadPoolExecutor.java:809)
        at java.util.concurrent.ThreadPoolExecutor.getTask(ThreadPoolExecutor.java:1074)
        at java.util.concurrent.ThreadPoolExecutor.runWorker(ThreadPoolExecutor.java:1134)
        at java.util.concurrent.ThreadPoolExecutor$Worker.run(ThreadPoolExecutor.java:624)
        at java.lang.Thread.run(Thread.java:750)
"33d4fa9a-f1b5-45a2-9ce3-43c86fd82df2-BlockDeletingService#2" daemon prio=5 tid=3598 in Object.wait()
java.lang.Thread.State: WAITING (on object monitor)
        at sun.misc.Unsafe.park(Native Method)
        at java.util.concurrent.locks.LockSupport.park(LockSupport.java:175)
        at java.util.concurrent.locks.AbstractQueuedSynchronizer$ConditionObject.await(AbstractQueuedSynchronizer.java:2039)
        at java.util.concurrent.ScheduledThreadPoolExecutor$DelayedWorkQueue.take(ScheduledThreadPoolExecutor.java:1088)
        at java.util.concurrent.ScheduledThreadPoolExecutor$DelayedWorkQueue.take(ScheduledThreadPoolExecutor.java:809)
        at java.util.concurrent.ThreadPoolExecutor.getTask(ThreadPoolExecutor.java:1074)
        at java.util.concurrent.ThreadPoolExecutor.runWorker(ThreadPoolExecutor.java:1134)
        at java.util.concurrent.ThreadPoolExecutor$Worker.run(ThreadPoolExecutor.java:624)
        at java.lang.Thread.run(Thread.java:750)
"IPC Server handler 13 on default port 15107" daemon prio=5 tid=2842 timed_waiting
java.lang.Thread.State: TIMED_WAITING
        at sun.misc.Unsafe.park(Native Method)
        at java.util.concurrent.locks.LockSupport.parkNanos(LockSupport.java:215)
        at java.util.concurrent.locks.AbstractQueuedSynchronizer$ConditionObject.awaitNanos(AbstractQueuedSynchronizer.java:2078)
        at java.util.concurrent.LinkedBlockingQueue.poll(LinkedBlockingQueue.java:467)
        at org.apache.hadoop.ipc.CallQueueManager.take(CallQueueManager.java:317)
        at org.apache.hadoop.ipc.Server$Handler.run(Server.java:3014)
"IPC Server handler 66 on default port 15108" daemon prio=5 tid=2995 timed_waiting
java.lang.Thread.State: TIMED_WAITING
        at sun.misc.Unsafe.park(Native Method)
        at java.util.concurrent.locks.LockSupport.parkNanos(LockSupport.java:215)
        at java.util.concurrent.locks.AbstractQueuedSynchronizer$ConditionObject.awaitNanos(AbstractQueuedSynchronizer.java:2078)
        at java.util.concurrent.LinkedBlockingQueue.poll(LinkedBlockingQueue.java:467)
        at org.apache.hadoop.ipc.CallQueueManager.take(CallQueueManager.java:317)
        at org.apache.hadoop.ipc.Server$Handler.run(Server.java:3014)
"IPC Server handler 64 on default port 15108" daemon prio=5 tid=2993 timed_waiting
java.lang.Thread.State: TIMED_WAITING
        at sun.misc.Unsafe.park(Native Method)
        at java.util.concurrent.locks.LockSupport.parkNanos(LockSupport.java:215)
        at java.util.concurrent.locks.AbstractQueuedSynchronizer$ConditionObject.awaitNanos(AbstractQueuedSynchronizer.java:2078)
        at java.util.concurrent.LinkedBlockingQueue.poll(LinkedBlockingQueue.java:467)
        at org.apache.hadoop.ipc.CallQueueManager.take(CallQueueManager.java:317)
        at org.apache.hadoop.ipc.Server$Handler.run(Server.java:3014)
"IPC Server handler 2 on default port 15107" daemon prio=5 tid=2831 timed_waiting
java.lang.Thread.State: TIMED_WAITING
        at sun.misc.Unsafe.park(Native Method)
        at java.util.concurrent.locks.LockSupport.parkNanos(LockSupport.java:215)
        at java.util.concurrent.locks.AbstractQueuedSynchronizer$ConditionObject.awaitNanos(AbstractQueuedSynchronizer.java:2078)
        at java.util.concurrent.LinkedBlockingQueue.poll(LinkedBlockingQueue.java:467)
        at org.apache.hadoop.ipc.CallQueueManager.take(CallQueueManager.java:317)
        at org.apache.hadoop.ipc.Server$Handler.run(Server.java:3014)
"IPC Server handler 76 on default port 15107" daemon prio=5 tid=2905 timed_waiting
java.lang.Thread.State: TIMED_WAITING
        at sun.misc.Unsafe.park(Native Method)
        at java.util.concurrent.locks.LockSupport.parkNanos(LockSupport.java:215)
        at java.util.concurrent.locks.AbstractQueuedSynchronizer$ConditionObject.awaitNanos(AbstractQueuedSynchronizer.java:2078)
        at java.util.concurrent.LinkedBlockingQueue.poll(LinkedBlockingQueue.java:467)
        at org.apache.hadoop.ipc.CallQueueManager.take(CallQueueManager.java:317)
        at org.apache.hadoop.ipc.Server$Handler.run(Server.java:3014)
"pool-566-thread-1"  prio=5 tid=3134 timed_waiting
java.lang.Thread.State: TIMED_WAITING
        at sun.misc.Unsafe.park(Native Method)
        at java.util.concurrent.locks.LockSupport.parkNanos(LockSupport.java:215)
        at java.util.concurrent.locks.AbstractQueuedSynchronizer$ConditionObject.awaitNanos(AbstractQueuedSynchronizer.java:2078)
        at java.util.concurrent.ScheduledThreadPoolExecutor$DelayedWorkQueue.take(ScheduledThreadPoolExecutor.java:1093)
        at java.util.concurrent.ScheduledThreadPoolExecutor$DelayedWorkQueue.take(ScheduledThreadPoolExecutor.java:809)
        at java.util.concurrent.ThreadPoolExecutor.getTask(ThreadPoolExecutor.java:1074)
        at java.util.concurrent.ThreadPoolExecutor.runWorker(ThreadPoolExecutor.java:1134)
        at java.util.concurrent.ThreadPoolExecutor$Worker.run(ThreadPoolExecutor.java:624)
        at java.lang.Thread.run(Thread.java:750)
"IPC Server handler 64 on default port 15106" daemon prio=5 tid=2793 timed_waiting
java.lang.Thread.State: TIMED_WAITING
        at sun.misc.Unsafe.park(Native Method)
        at java.util.concurrent.locks.LockSupport.parkNanos(LockSupport.java:215)
        at java.util.concurrent.locks.AbstractQueuedSynchronizer$ConditionObject.awaitNanos(AbstractQueuedSynchronizer.java:2078)
        at java.util.concurrent.LinkedBlockingQueue.poll(LinkedBlockingQueue.java:467)
        at org.apache.hadoop.ipc.CallQueueManager.take(CallQueueManager.java:317)
        at org.apache.hadoop.ipc.Server$Handler.run(Server.java:3014)
"6cf56e53-88cb-4022-bd56-d9b5c4d884ee-EndpointStateMachineTaskThread-/0.0.0.0:15108-0 "  prio=5 tid=3820 timed_waiting
java.lang.Thread.State: TIMED_WAITING
        at java.lang.Thread.sleep(Native Method)
        at org.apache.hadoop.ozone.container.ozoneimpl.OzoneContainer.start(OzoneContainer.java:436)
        at org.apache.hadoop.ozone.container.common.states.endpoint.VersionEndpointTask.call(VersionEndpointTask.java:97)
        at org.apache.hadoop.ozone.container.common.states.endpoint.VersionEndpointTask.call(VersionEndpointTask.java:41)
        at java.util.concurrent.FutureTask.run(FutureTask.java:266)
        at java.util.concurrent.ThreadPoolExecutor.runWorker(ThreadPoolExecutor.java:1149)
        at java.util.concurrent.ThreadPoolExecutor$Worker.run(ThreadPoolExecutor.java:624)
        at java.lang.Thread.run(Thread.java:750)
"IPC Server handler 70 on default port 15106" daemon prio=5 tid=2799 timed_waiting
java.lang.Thread.State: TIMED_WAITING
        at sun.misc.Unsafe.park(Native Method)
        at java.util.concurrent.locks.LockSupport.parkNanos(LockSupport.java:215)
        at java.util.concurrent.locks.AbstractQueuedSynchronizer$ConditionObject.awaitNanos(AbstractQueuedSynchronizer.java:2078)
        at java.util.concurrent.LinkedBlockingQueue.poll(LinkedBlockingQueue.java:467)
        at org.apache.hadoop.ipc.CallQueueManager.take(CallQueueManager.java:317)
        at org.apache.hadoop.ipc.Server$Handler.run(Server.java:3014)
"IPC Server handler 35 on default port 15107" daemon prio=5 tid=2864 timed_waiting
java.lang.Thread.State: TIMED_WAITING
        at sun.misc.Unsafe.park(Native Method)
        at java.util.concurrent.locks.LockSupport.parkNanos(LockSupport.java:215)
        at java.util.concurrent.locks.AbstractQueuedSynchronizer$ConditionObject.awaitNanos(AbstractQueuedSynchronizer.java:2078)
        at java.util.concurrent.LinkedBlockingQueue.poll(LinkedBlockingQueue.java:467)
        at org.apache.hadoop.ipc.CallQueueManager.take(CallQueueManager.java:317)
        at org.apache.hadoop.ipc.Server$Handler.run(Server.java:3014)
"IPC Server handler 56 on default port 15106" daemon prio=5 tid=2785 timed_waiting
java.lang.Thread.State: TIMED_WAITING
        at sun.misc.Unsafe.park(Native Method)
        at java.util.concurrent.locks.LockSupport.parkNanos(LockSupport.java:215)
        at java.util.concurrent.locks.AbstractQueuedSynchronizer$ConditionObject.awaitNanos(AbstractQueuedSynchronizer.java:2078)
        at java.util.concurrent.LinkedBlockingQueue.poll(LinkedBlockingQueue.java:467)
        at org.apache.hadoop.ipc.CallQueueManager.take(CallQueueManager.java:317)
        at org.apache.hadoop.ipc.Server$Handler.run(Server.java:3014)
"IPC Server handler 32 on default port 15106" daemon prio=5 tid=2761 timed_waiting
java.lang.Thread.State: TIMED_WAITING
        at sun.misc.Unsafe.park(Native Method)
        at java.util.concurrent.locks.LockSupport.parkNanos(LockSupport.java:215)
        at java.util.concurrent.locks.AbstractQueuedSynchronizer$ConditionObject.awaitNanos(AbstractQueuedSynchronizer.java:2078)
        at java.util.concurrent.LinkedBlockingQueue.poll(LinkedBlockingQueue.java:467)
        at org.apache.hadoop.ipc.CallQueueManager.take(CallQueueManager.java:317)
        at org.apache.hadoop.ipc.Server$Handler.run(Server.java:3014)
"FixedThreadPoolWithAffinityExecutor-4-0" daemon prio=5 tid=2721 timed_waiting
java.lang.Thread.State: TIMED_WAITING
        at sun.misc.Unsafe.park(Native Method)
        at java.util.concurrent.locks.LockSupport.parkNanos(LockSupport.java:215)
        at java.util.concurrent.locks.AbstractQueuedSynchronizer$ConditionObject.awaitNanos(AbstractQueuedSynchronizer.java:2078)
        at java.util.concurrent.LinkedBlockingQueue.poll(LinkedBlockingQueue.java:467)
        at org.apache.hadoop.hdds.scm.server.ContainerReportQueue.poll(ContainerReportQueue.java:269)
        at org.apache.hadoop.hdds.scm.server.ContainerReportQueue.poll(ContainerReportQueue.java:42)
        at org.apache.hadoop.hdds.server.events.FixedThreadPoolWithAffinityExecutor$ContainerReportProcessTask.run(FixedThreadPoolWithAffinityExecutor.java:253)
        at java.util.concurrent.Executors$RunnableAdapter.call(Executors.java:511)
        at java.util.concurrent.FutureTask.run(FutureTask.java:266)
        at java.util.concurrent.ThreadPoolExecutor.runWorker(ThreadPoolExecutor.java:1149)
        at java.util.concurrent.ThreadPoolExecutor$Worker.run(ThreadPoolExecutor.java:624)
        at java.lang.Thread.run(Thread.java:750)
"IPC Server handler 15 on default port 15110" daemon prio=5 tid=3097 timed_waiting
java.lang.Thread.State: TIMED_WAITING
        at sun.misc.Unsafe.park(Native Method)
        at java.util.concurrent.locks.LockSupport.parkNanos(LockSupport.java:215)
        at java.util.concurrent.locks.AbstractQueuedSynchronizer$ConditionObject.awaitNanos(AbstractQueuedSynchronizer.java:2078)
        at java.util.concurrent.LinkedBlockingQueue.poll(LinkedBlockingQueue.java:467)
        at org.apache.hadoop.ipc.CallQueueManager.take(CallQueueManager.java:317)
        at org.apache.hadoop.ipc.Server$Handler.run(Server.java:3014)
"Session-HouseKeeper-332971da-1"  prio=5 tid=3041 timed_waiting
java.lang.Thread.State: TIMED_WAITING
        at sun.misc.Unsafe.park(Native Method)
        at java.util.concurrent.locks.LockSupport.parkNanos(LockSupport.java:215)
        at java.util.concurrent.locks.AbstractQueuedSynchronizer$ConditionObject.awaitNanos(AbstractQueuedSynchronizer.java:2078)
        at java.util.concurrent.ScheduledThreadPoolExecutor$DelayedWorkQueue.take(ScheduledThreadPoolExecutor.java:1093)
        at java.util.concurrent.ScheduledThreadPoolExecutor$DelayedWorkQueue.take(ScheduledThreadPoolExecutor.java:809)
        at java.util.concurrent.ThreadPoolExecutor.getTask(ThreadPoolExecutor.java:1074)
        at java.util.concurrent.ThreadPoolExecutor.runWorker(ThreadPoolExecutor.java:1134)
        at java.util.concurrent.ThreadPoolExecutor$Worker.run(ThreadPoolExecutor.java:624)
        at java.lang.Thread.run(Thread.java:750)
"6cf56e53-88cb-4022-bd56-d9b5c4d884ee@group-85F3280A5D9A-StateMachineUpdater" daemon prio=5 tid=3409 timed_waiting
java.lang.Thread.State: TIMED_WAITING
        at sun.misc.Unsafe.park(Native Method)
        at java.util.concurrent.locks.LockSupport.parkNanos(LockSupport.java:215)
        at java.util.concurrent.locks.AbstractQueuedSynchronizer$ConditionObject.await(AbstractQueuedSynchronizer.java:2163)
        at org.apache.ratis.util.AwaitForSignal.await(AwaitForSignal.java:65)
        at org.apache.ratis.server.impl.StateMachineUpdater.waitForCommit(StateMachineUpdater.java:211)
        at org.apache.ratis.server.impl.StateMachineUpdater.run(StateMachineUpdater.java:180)
        at java.lang.Thread.run(Thread.java:750)
"IPC Server handler 2 on default port 15106" daemon prio=5 tid=2731 timed_waiting
java.lang.Thread.State: TIMED_WAITING
        at sun.misc.Unsafe.park(Native Method)
        at java.util.concurrent.locks.LockSupport.parkNanos(LockSupport.java:215)
        at java.util.concurrent.locks.AbstractQueuedSynchronizer$ConditionObject.awaitNanos(AbstractQueuedSynchronizer.java:2078)
        at java.util.concurrent.LinkedBlockingQueue.poll(LinkedBlockingQueue.java:467)
        at org.apache.hadoop.ipc.CallQueueManager.take(CallQueueManager.java:317)
        at org.apache.hadoop.ipc.Server$Handler.run(Server.java:3014)
"33d4fa9a-f1b5-45a2-9ce3-43c86fd82df2-DatanodeReportManager-3" daemon prio=5 tid=3154 in Object.wait()
java.lang.Thread.State: WAITING (on object monitor)
        at sun.misc.Unsafe.park(Native Method)
        at java.util.concurrent.locks.LockSupport.park(LockSupport.java:175)
        at java.util.concurrent.locks.AbstractQueuedSynchronizer$ConditionObject.await(AbstractQueuedSynchronizer.java:2039)
        at java.util.concurrent.ScheduledThreadPoolExecutor$DelayedWorkQueue.take(ScheduledThreadPoolExecutor.java:1088)
        at java.util.concurrent.ScheduledThreadPoolExecutor$DelayedWorkQueue.take(ScheduledThreadPoolExecutor.java:809)
        at java.util.concurrent.ThreadPoolExecutor.getTask(ThreadPoolExecutor.java:1074)
        at java.util.concurrent.ThreadPoolExecutor.runWorker(ThreadPoolExecutor.java:1134)
        at java.util.concurrent.ThreadPoolExecutor$Worker.run(ThreadPoolExecutor.java:624)
        at java.lang.Thread.run(Thread.java:750)
"a45323a7-bc80-446e-b427-0ffb34a72641-ChunkWriter-3-0" daemon prio=5 tid=3311 in Object.wait()
java.lang.Thread.State: WAITING (on object monitor)
        at sun.misc.Unsafe.park(Native Method)
        at java.util.concurrent.locks.LockSupport.park(LockSupport.java:175)
        at java.util.concurrent.locks.AbstractQueuedSynchronizer$ConditionObject.await(AbstractQueuedSynchronizer.java:2039)
        at java.util.concurrent.LinkedBlockingDeque.takeFirst(LinkedBlockingDeque.java:492)
        at java.util.concurrent.LinkedBlockingDeque.take(LinkedBlockingDeque.java:680)
        at java.util.concurrent.ThreadPoolExecutor.getTask(ThreadPoolExecutor.java:1074)
        at java.util.concurrent.ThreadPoolExecutor.runWorker(ThreadPoolExecutor.java:1134)
        at java.util.concurrent.ThreadPoolExecutor$Worker.run(ThreadPoolExecutor.java:624)
        at java.lang.Thread.run(Thread.java:750)
"IPC Server handler 98 on default port 15107" daemon prio=5 tid=2927 timed_waiting
java.lang.Thread.State: TIMED_WAITING
        at sun.misc.Unsafe.park(Native Method)
        at java.util.concurrent.locks.LockSupport.parkNanos(LockSupport.java:215)
        at java.util.concurrent.locks.AbstractQueuedSynchronizer$ConditionObject.awaitNanos(AbstractQueuedSynchronizer.java:2078)
        at java.util.concurrent.LinkedBlockingQueue.poll(LinkedBlockingQueue.java:467)
        at org.apache.hadoop.ipc.CallQueueManager.take(CallQueueManager.java:317)
        at org.apache.hadoop.ipc.Server$Handler.run(Server.java:3014)
"33d4fa9a-f1b5-45a2-9ce3-43c86fd82df2@group-12C11132411B-LeaderStateImpl" daemon prio=5 tid=3721 timed_waiting
java.lang.Thread.State: TIMED_WAITING
        at sun.misc.Unsafe.park(Native Method)
        at java.util.concurrent.locks.LockSupport.parkNanos(LockSupport.java:215)
        at java.util.concurrent.locks.AbstractQueuedSynchronizer$ConditionObject.awaitNanos(AbstractQueuedSynchronizer.java:2078)
        at java.util.concurrent.ArrayBlockingQueue.poll(ArrayBlockingQueue.java:418)
        at org.apache.ratis.server.impl.LeaderStateImpl$EventQueue.poll(LeaderStateImpl.java:164)
        at org.apache.ratis.server.impl.LeaderStateImpl$EventProcessor.run(LeaderStateImpl.java:762)
"PartialTableCache-Cleanup-0" daemon prio=5 tid=3501 in Object.wait()
java.lang.Thread.State: WAITING (on object monitor)
        at sun.misc.Unsafe.park(Native Method)
        at java.util.concurrent.locks.LockSupport.park(LockSupport.java:175)
        at java.util.concurrent.locks.AbstractQueuedSynchronizer$ConditionObject.await(AbstractQueuedSynchronizer.java:2039)
        at java.util.concurrent.LinkedBlockingQueue.take(LinkedBlockingQueue.java:442)
        at java.util.concurrent.ThreadPoolExecutor.getTask(ThreadPoolExecutor.java:1074)
        at java.util.concurrent.ThreadPoolExecutor.runWorker(ThreadPoolExecutor.java:1134)
        at java.util.concurrent.ThreadPoolExecutor$Worker.run(ThreadPoolExecutor.java:624)
        at java.lang.Thread.run(Thread.java:750)
"StaleRecoveringContainerScrubbingService#0" daemon prio=5 tid=3261 in Object.wait()
java.lang.Thread.State: WAITING (on object monitor)
        at sun.misc.Unsafe.park(Native Method)
        at java.util.concurrent.locks.LockSupport.park(LockSupport.java:175)
        at java.util.concurrent.locks.AbstractQueuedSynchronizer$ConditionObject.await(AbstractQueuedSynchronizer.java:2039)
        at java.util.concurrent.ScheduledThreadPoolExecutor$DelayedWorkQueue.take(ScheduledThreadPoolExecutor.java:1088)
        at java.util.concurrent.ScheduledThreadPoolExecutor$DelayedWorkQueue.take(ScheduledThreadPoolExecutor.java:809)
        at java.util.concurrent.ThreadPoolExecutor.getTask(ThreadPoolExecutor.java:1074)
        at java.util.concurrent.ThreadPoolExecutor.runWorker(ThreadPoolExecutor.java:1134)
        at java.util.concurrent.ThreadPoolExecutor$Worker.run(ThreadPoolExecutor.java:624)
        at java.lang.Thread.run(Thread.java:750)
"IPC Server handler 44 on default port 15108" daemon prio=5 tid=2973 timed_waiting
java.lang.Thread.State: TIMED_WAITING
        at sun.misc.Unsafe.park(Native Method)
        at java.util.concurrent.locks.LockSupport.parkNanos(LockSupport.java:215)
        at java.util.concurrent.locks.AbstractQueuedSynchronizer$ConditionObject.awaitNanos(AbstractQueuedSynchronizer.java:2078)
        at java.util.concurrent.LinkedBlockingQueue.poll(LinkedBlockingQueue.java:467)
        at org.apache.hadoop.ipc.CallQueueManager.take(CallQueueManager.java:317)
        at org.apache.hadoop.ipc.Server$Handler.run(Server.java:3014)
"IPC Server handler 4 on default port 15107" daemon prio=5 tid=2833 timed_waiting
java.lang.Thread.State: TIMED_WAITING
        at sun.misc.Unsafe.park(Native Method)
        at java.util.concurrent.locks.LockSupport.parkNanos(LockSupport.java:215)
        at java.util.concurrent.locks.AbstractQueuedSynchronizer$ConditionObject.awaitNanos(AbstractQueuedSynchronizer.java:2078)
        at java.util.concurrent.LinkedBlockingQueue.poll(LinkedBlockingQueue.java:467)
        at org.apache.hadoop.ipc.CallQueueManager.take(CallQueueManager.java:317)
        at org.apache.hadoop.ipc.Server$Handler.run(Server.java:3014)
"80370d78-c36f-4d75-b7cb-6753407b0dff-ContainerOp-3a57b055-28e0-4292-8aab-9a8d2995d9a7-1"  prio=5 tid=3774 in Object.wait()
java.lang.Thread.State: WAITING (on object monitor)
        at sun.misc.Unsafe.park(Native Method)
        at java.util.concurrent.locks.LockSupport.park(LockSupport.java:175)
        at java.util.concurrent.locks.AbstractQueuedSynchronizer$ConditionObject.await(AbstractQueuedSynchronizer.java:2039)
        at java.util.concurrent.LinkedBlockingQueue.take(LinkedBlockingQueue.java:442)
        at java.util.concurrent.ThreadPoolExecutor.getTask(ThreadPoolExecutor.java:1074)
        at java.util.concurrent.ThreadPoolExecutor.runWorker(ThreadPoolExecutor.java:1134)
        at java.util.concurrent.ThreadPoolExecutor$Worker.run(ThreadPoolExecutor.java:624)
        at java.lang.Thread.run(Thread.java:750)
"gradle-enterprise-test-client-gradle-enterprise-test-listener"  prio=5 tid=14 in Object.wait()
java.lang.Thread.State: WAITING (on object monitor)
        at sun.misc.Unsafe.park(Native Method)
        at java.util.concurrent.locks.LockSupport.park(LockSupport.java:175)
        at java.util.concurrent.locks.AbstractQueuedSynchronizer$ConditionObject.await(AbstractQueuedSynchronizer.java:2039)
        at java.util.concurrent.ArrayBlockingQueue.take(ArrayBlockingQueue.java:403)
        at com.gradle.maven.scan.extension.test.listener.obfuscated.k.a.a(SourceFile:130)
        at com.gradle.maven.scan.extension.test.listener.obfuscated.k.a.b(SourceFile:93)
        at com.gradle.maven.scan.extension.test.listener.obfuscated.k.a$$Lambda$261/775386112.run(Unknown Source)
        at java.util.concurrent.Executors$RunnableAdapter.call(Executors.java:511)
        at java.util.concurrent.FutureTask.run(FutureTask.java:266)
        at java.util.concurrent.ThreadPoolExecutor.runWorker(ThreadPoolExecutor.java:1149)
        at java.util.concurrent.ThreadPoolExecutor$Worker.run(ThreadPoolExecutor.java:624)
        at java.lang.Thread.run(Thread.java:750)
"IPC Server handler 21 on default port 15106" daemon prio=5 tid=2750 timed_waiting
java.lang.Thread.State: TIMED_WAITING
        at sun.misc.Unsafe.park(Native Method)
        at java.util.concurrent.locks.LockSupport.parkNanos(LockSupport.java:215)
        at java.util.concurrent.locks.AbstractQueuedSynchronizer$ConditionObject.awaitNanos(AbstractQueuedSynchronizer.java:2078)
        at java.util.concurrent.LinkedBlockingQueue.poll(LinkedBlockingQueue.java:467)
        at org.apache.hadoop.ipc.CallQueueManager.take(CallQueueManager.java:317)
        at org.apache.hadoop.ipc.Server$Handler.run(Server.java:3014)
"IPC Server handler 84 on default port 15107" daemon prio=5 tid=2913 timed_waiting
java.lang.Thread.State: TIMED_WAITING
        at sun.misc.Unsafe.park(Native Method)
        at java.util.concurrent.locks.LockSupport.parkNanos(LockSupport.java:215)
        at java.util.concurrent.locks.AbstractQueuedSynchronizer$ConditionObject.awaitNanos(AbstractQueuedSynchronizer.java:2078)
        at java.util.concurrent.LinkedBlockingQueue.poll(LinkedBlockingQueue.java:467)
        at org.apache.hadoop.ipc.CallQueueManager.take(CallQueueManager.java:317)
        at org.apache.hadoop.ipc.Server$Handler.run(Server.java:3014)
"IPC Server handler 12 on default port 15106" daemon prio=5 tid=2741 timed_waiting
java.lang.Thread.State: TIMED_WAITING
        at sun.misc.Unsafe.park(Native Method)
        at java.util.concurrent.locks.LockSupport.parkNanos(LockSupport.java:215)
        at java.util.concurrent.locks.AbstractQueuedSynchronizer$ConditionObject.awaitNanos(AbstractQueuedSynchronizer.java:2078)
        at java.util.concurrent.LinkedBlockingQueue.poll(LinkedBlockingQueue.java:467)
        at org.apache.hadoop.ipc.CallQueueManager.take(CallQueueManager.java:317)
        at org.apache.hadoop.ipc.Server$Handler.run(Server.java:3014)
"80370d78-c36f-4d75-b7cb-6753407b0dff-CommandProcessorThread" daemon prio=5 tid=3240 timed_waiting
java.lang.Thread.State: TIMED_WAITING
        at java.lang.Thread.sleep(Native Method)
        at org.apache.hadoop.ozone.container.common.statemachine.DatanodeStateMachine.lambda$initCommandHandlerThread$4(DatanodeStateMachine.java:684)
        at org.apache.hadoop.ozone.container.common.statemachine.DatanodeStateMachine$$Lambda$1201/678165633.run(Unknown Source)
        at java.lang.Thread.run(Thread.java:750)
"qtp326450405-3799" daemon prio=5 tid=3799 timed_waiting
java.lang.Thread.State: TIMED_WAITING
        at sun.misc.Unsafe.park(Native Method)
        at java.util.concurrent.locks.LockSupport.parkNanos(LockSupport.java:215)
        at java.util.concurrent.locks.AbstractQueuedSynchronizer$ConditionObject.awaitNanos(AbstractQueuedSynchronizer.java:2078)
        at org.eclipse.jetty.util.BlockingArrayQueue.poll(BlockingArrayQueue.java:382)
        at org.eclipse.jetty.util.thread.QueuedThreadPool$Runner.idleJobPoll(QueuedThreadPool.java:974)
        at org.eclipse.jetty.util.thread.QueuedThreadPool$Runner.run(QueuedThreadPool.java:1018)
        at java.lang.Thread.run(Thread.java:750)
"IPC Server handler 94 on default port 15106" daemon prio=5 tid=2823 timed_waiting
java.lang.Thread.State: TIMED_WAITING
        at sun.misc.Unsafe.park(Native Method)
        at java.util.concurrent.locks.LockSupport.parkNanos(LockSupport.java:215)
        at java.util.concurrent.locks.AbstractQueuedSynchronizer$ConditionObject.awaitNanos(AbstractQueuedSynchronizer.java:2078)
        at java.util.concurrent.LinkedBlockingQueue.poll(LinkedBlockingQueue.java:467)
        at org.apache.hadoop.ipc.CallQueueManager.take(CallQueueManager.java:317)
        at org.apache.hadoop.ipc.Server$Handler.run(Server.java:3014)
"IPC Server handler 66 on default port 15106" daemon prio=5 tid=2795 timed_waiting
java.lang.Thread.State: TIMED_WAITING
        at sun.misc.Unsafe.park(Native Method)
        at java.util.concurrent.locks.LockSupport.parkNanos(LockSupport.java:215)
        at java.util.concurrent.locks.AbstractQueuedSynchronizer$ConditionObject.awaitNanos(AbstractQueuedSynchronizer.java:2078)
        at java.util.concurrent.LinkedBlockingQueue.poll(LinkedBlockingQueue.java:467)
        at org.apache.hadoop.ipc.CallQueueManager.take(CallQueueManager.java:317)
        at org.apache.hadoop.ipc.Server$Handler.run(Server.java:3014)
"EventQueue-NodeRegistrationContainerReportForDataNodeSafeModeRule" daemon prio=5 tid=3337 in Object.wait()
java.lang.Thread.State: WAITING (on object monitor)
        at sun.misc.Unsafe.park(Native Method)
        at java.util.concurrent.locks.LockSupport.park(LockSupport.java:175)
        at java.util.concurrent.locks.AbstractQueuedSynchronizer$ConditionObject.await(AbstractQueuedSynchronizer.java:2039)
        at java.util.concurrent.LinkedBlockingQueue.take(LinkedBlockingQueue.java:442)
        at java.util.concurrent.ThreadPoolExecutor.getTask(ThreadPoolExecutor.java:1074)
        at java.util.concurrent.ThreadPoolExecutor.runWorker(ThreadPoolExecutor.java:1134)
        at java.util.concurrent.ThreadPoolExecutor$Worker.run(ThreadPoolExecutor.java:624)
        at java.lang.Thread.run(Thread.java:750)
"qtp2092775230-3198" daemon prio=5 tid=3198 timed_waiting
java.lang.Thread.State: TIMED_WAITING
        at sun.misc.Unsafe.park(Native Method)
        at java.util.concurrent.locks.LockSupport.parkNanos(LockSupport.java:215)
        at java.util.concurrent.locks.AbstractQueuedSynchronizer$ConditionObject.awaitNanos(AbstractQueuedSynchronizer.java:2078)
        at org.eclipse.jetty.util.BlockingArrayQueue.poll(BlockingArrayQueue.java:382)
        at org.eclipse.jetty.util.thread.QueuedThreadPool$Runner.idleJobPoll(QueuedThreadPool.java:974)
        at org.eclipse.jetty.util.thread.QueuedThreadPool$Runner.run(QueuedThreadPool.java:1018)
        at java.lang.Thread.run(Thread.java:750)
"om1@group-C5BA1605619E-StateMachineUpdater" daemon prio=5 tid=3058 timed_waiting
java.lang.Thread.State: TIMED_WAITING
        at sun.misc.Unsafe.park(Native Method)
        at java.util.concurrent.locks.LockSupport.parkNanos(LockSupport.java:215)
        at java.util.concurrent.locks.AbstractQueuedSynchronizer$ConditionObject.await(AbstractQueuedSynchronizer.java:2163)
        at org.apache.ratis.util.AwaitForSignal.await(AwaitForSignal.java:65)
        at org.apache.ratis.server.impl.StateMachineUpdater.waitForCommit(StateMachineUpdater.java:211)
        at org.apache.ratis.server.impl.StateMachineUpdater.run(StateMachineUpdater.java:180)
        at java.lang.Thread.run(Thread.java:750)
"FixedThreadPoolWithAffinityExecutor-6-0" daemon prio=5 tid=2723 timed_waiting
java.lang.Thread.State: TIMED_WAITING
        at sun.misc.Unsafe.park(Native Method)
        at java.util.concurrent.locks.LockSupport.parkNanos(LockSupport.java:215)
        at java.util.concurrent.locks.AbstractQueuedSynchronizer$ConditionObject.awaitNanos(AbstractQueuedSynchronizer.java:2078)
        at java.util.concurrent.LinkedBlockingQueue.poll(LinkedBlockingQueue.java:467)
        at org.apache.hadoop.hdds.scm.server.ContainerReportQueue.poll(ContainerReportQueue.java:269)
        at org.apache.hadoop.hdds.scm.server.ContainerReportQueue.poll(ContainerReportQueue.java:42)
        at org.apache.hadoop.hdds.server.events.FixedThreadPoolWithAffinityExecutor$ContainerReportProcessTask.run(FixedThreadPoolWithAffinityExecutor.java:253)
        at java.util.concurrent.Executors$RunnableAdapter.call(Executors.java:511)
        at java.util.concurrent.FutureTask.run(FutureTask.java:266)
        at java.util.concurrent.ThreadPoolExecutor.runWorker(ThreadPoolExecutor.java:1149)
        at java.util.concurrent.ThreadPoolExecutor$Worker.run(ThreadPoolExecutor.java:624)
        at java.lang.Thread.run(Thread.java:750)
"6cf56e53-88cb-4022-bd56-d9b5c4d884ee@group-5E161AF68217-StateMachineUpdater" daemon prio=5 tid=3844 timed_waiting
java.lang.Thread.State: TIMED_WAITING
        at sun.misc.Unsafe.park(Native Method)
        at java.util.concurrent.locks.LockSupport.parkNanos(LockSupport.java:215)
        at java.util.concurrent.locks.AbstractQueuedSynchronizer$ConditionObject.await(AbstractQueuedSynchronizer.java:2163)
        at org.apache.ratis.util.AwaitForSignal.await(AwaitForSignal.java:65)
        at org.apache.ratis.server.impl.StateMachineUpdater.waitForCommit(StateMachineUpdater.java:211)
        at org.apache.ratis.server.impl.StateMachineUpdater.run(StateMachineUpdater.java:180)
        at java.lang.Thread.run(Thread.java:750)


		at org.apache.ozone.test.GenericTestUtils.waitFor(GenericTestUtils.java:204)
		at org.apache.hadoop.ozone.MiniOzoneClusterImpl.waitForClusterToBeReady(MiniOzoneClusterImpl.java:187)
		at org.apache.hadoop.ozone.MiniOzoneClusterImpl.restartHddsDatanode(MiniOzoneClusterImpl.java:369)
		at org.apache.hadoop.ozone.MiniOzoneClusterImpl.restartHddsDatanode(MiniOzoneClusterImpl.java:376)
		at org.apache.hadoop.ozone.client.rpc.TestBlockOutputStreamWithFailures.testDatanodeFailureWithPreAllocation(TestBlockOutputStreamWithFailures.java:738)
		at java.lang.reflect.Method.invoke(Method.java:498)
		... 38 more
]]></error>
    <system-out><![CDATA[2024-04-21 07:17:20,872 [main] WARN  server.ServerUtils (ServerUtils.java:getScmDbDir(143)) - ozone.scm.db.dirs is not configured. We recommend adding this setting. Falling back to ozone.metadata.dirs instead.
2024-04-21 07:17:20,874 [main] WARN  server.ServerUtils (ServerUtils.java:getScmDbDir(143)) - ozone.scm.db.dirs is not configured. We recommend adding this setting. Falling back to ozone.metadata.dirs instead.
2024-04-21 07:17:20,875 [main] INFO  ha.SCMHANodeDetails (SCMHANodeDetails.java:loadSCMHAConfig(207)) - ServiceID for StorageContainerManager is null
2024-04-21 07:17:20,875 [main] INFO  ha.SCMHANodeDetails (SCMHANodeDetails.java:loadSCMHAConfig(212)) - ozone.scm.default.service.id is not defined, falling back to ozone.scm.service.ids to find serviceID for StorageContainerManager if it is HA enabled cluster
2024-04-21 07:17:20,876 [main] WARN  utils.HAUtils (HAUtils.java:getMetaDir(339)) - ozone.scm.db.dirs is not configured. We recommend adding this setting. Falling back to ozone.metadata.dirs instead.
2024-04-21 07:17:20,876 [main] WARN  db.DBStoreBuilder (DBStoreBuilder.java:applyDBDefinition(171)) - ozone.scm.db.dirs is not configured. We recommend adding this setting. Falling back to ozone.metadata.dirs instead.
2024-04-21 07:17:20,960 [main] INFO  net.NodeSchemaLoader (NodeSchemaLoader.java:loadSchemaFromFile(129)) - Loading schema from [file:/home/runner/work/ozone/ozone/hadoop-hdds/common/target/classes/network-topology-default.xml]
2024-04-21 07:17:20,960 [main] INFO  net.NodeSchemaLoader (NodeSchemaLoader.java:loadSchema(176)) - Loading network topology layer schema file
2024-04-21 07:17:20,962 [main] INFO  upgrade.AbstractLayoutVersionManager (AbstractLayoutVersionManager.java:init(83)) - Initializing Layout version manager with metadata layout = HADOOP_PRC_PORTS_IN_DATANODEDETAILS (version = 7), software layout = HADOOP_PRC_PORTS_IN_DATANODEDETAILS (version = 7)
2024-04-21 07:17:20,964 [main] INFO  ha.SequenceIdGenerator (SequenceIdGenerator.java:upgradeToSequenceId(370)) - upgrade localId to 113750153625600000
2024-04-21 07:17:20,965 [main] INFO  ha.SequenceIdGenerator (SequenceIdGenerator.java:upgradeToSequenceId(380)) - upgrade delTxnId to 0
2024-04-21 07:17:20,966 [main] INFO  ha.SequenceIdGenerator (SequenceIdGenerator.java:upgradeToSequenceId(397)) - upgrade containerId to 0
2024-04-21 07:17:20,968 [main] INFO  ha.SequenceIdGenerator (SequenceIdGenerator.java:upgradeToCertificateSequenceId(444)) - upgrade CertificateId to 2
2024-04-21 07:17:20,968 [main] INFO  ha.SequenceIdGenerator (SequenceIdGenerator.java:<init>(241)) - Init the HA SequenceIdGenerator.
2024-04-21 07:17:20,969 [main] INFO  node.SCMNodeManager (SCMNodeManager.java:<init>(177)) - Entering startup safe mode.
2024-04-21 07:17:20,969 [main] INFO  algorithms.ContainerPlacementPolicyFactory (ContainerPlacementPolicyFactory.java:getPolicyInternal(86)) - Create container placement policy of type org.apache.hadoop.hdds.scm.container.placement.algorithms.SCMContainerPlacementRackAware
2024-04-21 07:17:20,969 [main] INFO  algorithms.ContainerPlacementPolicyFactory (ContainerPlacementPolicyFactory.java:getPolicyInternal(86)) - Create container placement policy of type org.apache.hadoop.hdds.scm.container.placement.algorithms.SCMContainerPlacementRackScatter
2024-04-21 07:17:20,970 [main] INFO  pipeline.PipelineStateManagerImpl (PipelineStateManagerImpl.java:initialize(78)) - No pipeline exists in current db
2024-04-21 07:17:20,970 [main] INFO  algorithms.LeaderChoosePolicyFactory (LeaderChoosePolicyFactory.java:getPolicy(57)) - Create leader choose policy of type org.apache.hadoop.hdds.scm.pipeline.leader.choose.algorithms.MinLeaderCountChoosePolicy
2024-04-21 07:17:20,970 [main] INFO  algorithms.ContainerPlacementPolicyFactory (ContainerPlacementPolicyFactory.java:getPolicyInternal(86)) - Create container placement policy of type org.apache.hadoop.hdds.scm.container.placement.algorithms.SCMContainerPlacementRackScatter
2024-04-21 07:17:20,970 [main] INFO  ha.SCMServiceManager (SCMServiceManager.java:register(42)) - Registering service BackgroundPipelineCreator.
2024-04-21 07:17:20,970 [main] INFO  pipeline.BackgroundPipelineCreator (BackgroundPipelineCreator.java:start(127)) - Starting RatisPipelineUtilsThread.
2024-04-21 07:17:20,971 [main] INFO  BackgroundPipelineScrubber (BackgroundSCMService.java:start(65)) - Starting BackgroundPipelineScrubber Service.
2024-04-21 07:17:20,971 [main] INFO  ha.SCMServiceManager (SCMServiceManager.java:register(42)) - Registering service BackgroundPipelineScrubber.
2024-04-21 07:17:20,971 [main] INFO  ExpiredContainerReplicaOpScrubber (BackgroundSCMService.java:start(65)) - Starting ExpiredContainerReplicaOpScrubber Service.
2024-04-21 07:17:20,971 [main] INFO  ha.SCMServiceManager (SCMServiceManager.java:register(42)) - Registering service ExpiredContainerReplicaOpScrubber.
2024-04-21 07:17:20,972 [main] INFO  algorithms.PipelineChoosePolicyFactory (PipelineChoosePolicyFactory.java:createPipelineChoosePolicyFromClass(80)) - Create pipeline choose policy of type org.apache.hadoop.hdds.scm.pipeline.choose.algorithms.RandomPipelineChoosePolicy
2024-04-21 07:17:20,972 [main] INFO  algorithms.PipelineChoosePolicyFactory (PipelineChoosePolicyFactory.java:createPipelineChoosePolicyFromClass(80)) - Create pipeline choose policy of type org.apache.hadoop.hdds.scm.pipeline.choose.algorithms.RandomPipelineChoosePolicy
2024-04-21 07:17:20,973 [main] INFO  ha.SCMServiceManager (SCMServiceManager.java:register(42)) - Registering service SCMBlockDeletingService.
2024-04-21 07:17:20,974 [main] INFO  replication.ReplicationManager (ReplicationManager.java:start(295)) - Starting Replication Monitor Thread.
2024-04-21 07:17:20,974 [ReplicationMonitor] INFO  replication.ReplicationManager (ReplicationManager.java:processAll(371)) - Replication Manager is not ready to run until 3000ms after safemode exit
2024-04-21 07:17:20,974 [main] INFO  ha.SCMServiceManager (SCMServiceManager.java:register(42)) - Registering service ReplicationManager.
2024-04-21 07:17:20,975 [main] INFO  safemode.ContainerSafeModeRule (ContainerSafeModeRule.java:<init>(91)) - containers with one replica threshold count 0
2024-04-21 07:17:20,975 [main] INFO  safemode.HealthyPipelineSafeModeRule (HealthyPipelineSafeModeRule.java:initializeRule(176)) - Total pipeline count is 0, healthy pipeline threshold count is 1
2024-04-21 07:17:20,976 [main] INFO  safemode.OneReplicaPipelineSafeModeRule (OneReplicaPipelineSafeModeRule.java:initializeRule(193)) - Total pipeline count is 0, pipeline's with at least one datanode reported threshold count is 0
2024-04-21 07:17:20,976 [main] INFO  server.StorageContainerManager (StorageContainerManager.java:<init>(440)) - SCM start with adminUsers: [runner]
2024-04-21 07:17:20,976 [main] INFO  ipc.CallQueueManager (CallQueueManager.java:<init>(90)) - Using callQueue: class java.util.concurrent.LinkedBlockingQueue, queueCapacity: 10000, scheduler: class org.apache.hadoop.ipc.DefaultRpcScheduler, ipcBackoff: false.
2024-04-21 07:17:20,977 [main] INFO  ipc.Server (Server.java:<init>(1287)) - Listener at 0.0.0.0:15108
2024-04-21 07:17:20,977 [Socket Reader #1 for port 15108] INFO  ipc.Server (Server.java:run(1323)) - Starting Socket Reader #1 for port 15108
2024-04-21 07:17:20,978 [main] INFO  ipc.CallQueueManager (CallQueueManager.java:<init>(90)) - Using callQueue: class java.util.concurrent.LinkedBlockingQueue, queueCapacity: 10000, scheduler: class org.apache.hadoop.ipc.DefaultRpcScheduler, ipcBackoff: false.
2024-04-21 07:17:20,978 [main] INFO  ipc.Server (Server.java:<init>(1287)) - Listener at 0.0.0.0:15107
2024-04-21 07:17:20,979 [Socket Reader #1 for port 15107] INFO  ipc.Server (Server.java:run(1323)) - Starting Socket Reader #1 for port 15107
2024-04-21 07:17:20,980 [main] INFO  ipc.CallQueueManager (CallQueueManager.java:<init>(90)) - Using callQueue: class java.util.concurrent.LinkedBlockingQueue, queueCapacity: 10000, scheduler: class org.apache.hadoop.ipc.DefaultRpcScheduler, ipcBackoff: false.
2024-04-21 07:17:20,980 [main] INFO  ipc.Server (Server.java:<init>(1287)) - Listener at 0.0.0.0:15106
2024-04-21 07:17:20,981 [Socket Reader #1 for port 15106] INFO  ipc.Server (Server.java:run(1323)) - Starting Socket Reader #1 for port 15106
2024-04-21 07:17:20,988 [main] INFO  ha.SCMServiceManager (SCMServiceManager.java:register(42)) - Registering service ContainerBalancer.
2024-04-21 07:17:20,988 [main] INFO  ha.SCMContext (SCMContext.java:updateSafeModeStatus(225)) - Update SafeModeStatus from SafeModeStatus{safeModeStatus=true, preCheckPassed=false} to SafeModeStatus{safeModeStatus=true, preCheckPassed=false}.
2024-04-21 07:17:20,988 [main] INFO  server.StorageContainerManager (StorageContainerManager.java:start(1545)) - StorageContainerLocationProtocol RPC server is listening at /0.0.0.0:15106
2024-04-21 07:17:20,990 [main] WARN  impl.MetricsConfig (MetricsConfig.java:loadFirst(136)) - Cannot locate configuration: tried hadoop-metrics2-storagecontainermanager.properties,hadoop-metrics2.properties
2024-04-21 07:17:20,990 [main] INFO  impl.MetricsSystemImpl (MetricsSystemImpl.java:startTimer(378)) - Scheduled Metric snapshot period at 10 second(s).
2024-04-21 07:17:20,990 [main] INFO  impl.MetricsSystemImpl (MetricsSystemImpl.java:start(191)) - StorageContainerManager metrics system started
2024-04-21 07:17:20,993 [main] INFO  impl.MetricsSinkAdapter (MetricsSinkAdapter.java:start(204)) - Sink prometheus started
2024-04-21 07:17:20,993 [main] INFO  impl.MetricsSystemImpl (MetricsSystemImpl.java:registerSink(305)) - Registered sink prometheus
2024-04-21 07:17:21,008 [main] INFO  server.SCMClientProtocolServer (SCMClientProtocolServer.java:start(204)) - RPC server for Client  is listening at /0.0.0.0:15106
2024-04-21 07:17:21,010 [IPC Server Responder] INFO  ipc.Server (Server.java:run(1562)) - IPC Server Responder: starting
2024-04-21 07:17:21,014 [IPC Server listener on 15106] INFO  ipc.Server (Server.java:run(1402)) - IPC Server listener on 15106: starting
2024-04-21 07:17:21,033 [main] INFO  server.StorageContainerManager (StorageContainerManager.java:start(1558)) - ScmBlockLocationProtocol RPC server is listening at /0.0.0.0:15107
2024-04-21 07:17:21,033 [main] INFO  server.SCMBlockProtocolServer (SCMBlockProtocolServer.java:start(162)) - RPC server for Block Protocol is listening at /0.0.0.0:15107
2024-04-21 07:17:21,034 [IPC Server Responder] INFO  ipc.Server (Server.java:run(1562)) - IPC Server Responder: starting
2024-04-21 07:17:21,039 [main] INFO  server.SCMDatanodeProtocolServer (SCMDatanodeProtocolServer.java:start(194)) - ScmDatanodeProtocol RPC server for DataNodes is listening at /0.0.0.0:15108
2024-04-21 07:17:21,040 [IPC Server Responder] INFO  ipc.Server (Server.java:run(1562)) - IPC Server Responder: starting
2024-04-21 07:17:21,042 [IPC Server listener on 15108] INFO  ipc.Server (Server.java:run(1402)) - IPC Server listener on 15108: starting
2024-04-21 07:17:21,046 [IPC Server listener on 15107] INFO  ipc.Server (Server.java:run(1402)) - IPC Server listener on 15107: starting
2024-04-21 07:17:21,058 [JvmPauseMonitor14] INFO  util.JvmPauseMonitor (JvmPauseMonitor.java:run(146)) - JvmPauseMonitor-e57c0de3-9686-49a5-9954-42a52c6af0d8: Started
2024-04-21 07:17:21,059 [main] INFO  http.BaseHttpServer (BaseHttpServer.java:newHttpServer2BuilderForOzone(223)) - Starting Web-server for scm at: http://0.0.0.0:15109
2024-04-21 07:17:21,059 [main] INFO  http.BaseHttpServer (BaseHttpServer.java:<init>(110)) - Hadoop Security Enabled: false Ozone Security Enabled: false Ozone HTTP Security Enabled: false 
2024-04-21 07:17:21,060 [main] WARN  server.AuthenticationFilter (AuthenticationFilter.java:constructSecretProvider(240)) - Unable to initialize FileSignerSecretProvider, falling back to use random secrets. Reason: Could not read signature secret file: /home/runner/hadoop-http-auth-signature-secret
2024-04-21 07:17:21,061 [main] INFO  http.HttpRequestLog (HttpRequestLog.java:getRequestLog(86)) - Http request log for http.requests.scm is not defined
2024-04-21 07:17:21,062 [main] INFO  http.HttpServer2 (HttpServer2.java:addGlobalFilter(1036)) - Added global filter 'safety' (class=org.apache.hadoop.hdds.server.http.HttpServer2$QuotingInputFilter)
2024-04-21 07:17:21,063 [main] INFO  http.HttpServer2 (HttpServer2.java:addFilter(1012)) - Added filter static_user_filter (class=org.apache.hadoop.http.lib.StaticUserWebFilter$StaticUserFilter) to context scm
2024-04-21 07:17:21,063 [main] INFO  http.HttpServer2 (HttpServer2.java:addFilter(1020)) - Added filter static_user_filter (class=org.apache.hadoop.http.lib.StaticUserWebFilter$StaticUserFilter) to context logs
2024-04-21 07:17:21,063 [main] INFO  http.HttpServer2 (HttpServer2.java:addFilter(1020)) - Added filter static_user_filter (class=org.apache.hadoop.http.lib.StaticUserWebFilter$StaticUserFilter) to context static
2024-04-21 07:17:21,064 [main] INFO  http.BaseHttpServer (BaseHttpServer.java:<init>(189)) - HTTP server of scm uses base directory /home/runner/work/ozone/ozone/hadoop-ozone/integration-test/target/test-dir/MiniOzoneClusterImpl-ed39ddd9-82bf-4bf6-8741-acb42c98007c/ozone-meta/webserver
2024-04-21 07:17:21,064 [main] INFO  http.HttpServer2 (HttpServer2.java:bindListener(1236)) - Jetty bound to port 15109
2024-04-21 07:17:21,064 [main] INFO  server.Server (Server.java:doStart(375)) - jetty-9.4.53.v20231009; built: 2023-10-09T12:29:09.265Z; git: 27bde00a0b95a1d5bbee0eae7984f891d2d0f8c9; jvm 1.8.0_402-b06
2024-04-21 07:17:21,066 [main] INFO  server.session (DefaultSessionIdManager.java:doStart(334)) - DefaultSessionIdManager workerName=node0
2024-04-21 07:17:21,066 [main] INFO  server.session (DefaultSessionIdManager.java:doStart(339)) - No SessionScavenger set, using defaults
2024-04-21 07:17:21,066 [main] INFO  server.session (HouseKeeper.java:startScavenging(132)) - node0 Scavenging every 660000ms
2024-04-21 07:17:21,067 [main] INFO  handler.ContextHandler (ContextHandler.java:doStart(921)) - Started o.e.j.s.ServletContextHandler@42f99e4c{logs,/logs,file:///home/runner/work/ozone/ozone/hadoop-ozone/integration-test/target/log,AVAILABLE}
2024-04-21 07:17:21,067 [main] INFO  handler.ContextHandler (ContextHandler.java:doStart(921)) - Started o.e.j.s.ServletContextHandler@19c3030f{static,/static,file:///home/runner/work/ozone/ozone/hadoop-ozone/integration-test/target/test-classes/webapps/static,AVAILABLE}
2024-04-21 07:17:21,070 [main] INFO  handler.ContextHandler (ContextHandler.java:doStart(921)) - Started o.e.j.w.WebAppContext@50e0c6b5{scm,/,file:///home/runner/work/ozone/ozone/hadoop-ozone/integration-test/target/test-classes/webapps/scm/,AVAILABLE}{file:/home/runner/work/ozone/ozone/hadoop-ozone/integration-test/target/test-classes/webapps/scm}
2024-04-21 07:17:21,071 [main] INFO  server.AbstractConnector (AbstractConnector.java:doStart(333)) - Started ServerConnector@1310c39f{HTTP/1.1, (http/1.1)}{0.0.0.0:15109}
2024-04-21 07:17:21,072 [main] INFO  server.Server (Server.java:doStart(415)) - Started @113274ms
2024-04-21 07:17:21,072 [main] WARN  impl.MetricsSystemImpl (MetricsSystemImpl.java:register(279)) - Sink prometheus already exists!
2024-04-21 07:17:21,073 [main] INFO  http.BaseHttpServer (BaseHttpServer.java:updateConnectorAddress(354)) - HTTP server of scm listening at http://0.0.0.0:15109
2024-04-21 07:17:21,073 [main] WARN  server.ServerUtils (ServerUtils.java:getDBPath(299)) - ozone.om.db.dirs is not configured. We recommend adding this setting. Falling back to ozone.metadata.dirs instead.
2024-04-21 07:17:21,074 [main] INFO  ha.OMHANodeDetails (OMHANodeDetails.java:loadOMHAConfig(115)) - ozone.om.internal.service.id is not defined, falling back to ozone.om.service.ids to find serviceID for OzoneManager if it is HA enabled cluster
2024-04-21 07:17:21,075 [main] INFO  ha.OMHANodeDetails (OMHANodeDetails.java:loadOMHAConfig(226)) - Configuration does not have ozone.om.address set. Falling back to the default OM address /127.0.0.1:15110
2024-04-21 07:17:21,075 [main] INFO  ha.OMHANodeDetails (OMHANodeDetails.java:getOMNodeDetailsForNonHA(254)) - OM Service ID is not set. Setting it to the default ID: omServiceIdDefault
2024-04-21 07:17:21,075 [main] INFO  ha.OMHANodeDetails (OMHANodeDetails.java:getOMNodeDetailsForNonHA(261)) - OM Node ID is not set. Setting it to the default ID: om1
2024-04-21 07:17:21,075 [main] WARN  server.ServerUtils (ServerUtils.java:getDBPath(299)) - ozone.om.db.dirs is not configured. We recommend adding this setting. Falling back to ozone.metadata.dirs instead.
2024-04-21 07:17:21,076 [main] INFO  upgrade.AbstractLayoutVersionManager (AbstractLayoutVersionManager.java:init(83)) - Initializing Layout version manager with metadata layout = QUOTA (version = 6), software layout = QUOTA (version = 6)
2024-04-21 07:17:21,102 [main] INFO  reflections.Reflections (Reflections.java:scan(219)) - Reflections took 25 ms to scan 2 urls, producing 188 keys and 545 values
2024-04-21 07:17:21,102 [main] INFO  upgrade.OMLayoutVersionManager (OMLayoutVersionManager.java:lambda$0(113)) - Skipping Upgrade Action QuotaRepairUpgradeAction since it has been finalized.
2024-04-21 07:17:21,102 [main] INFO  upgrade.OMLayoutVersionManager (OMLayoutVersionManager.java:lambda$0(113)) - Skipping Upgrade Action MockOmUpgradeAction since it has been finalized.
2024-04-21 07:17:21,102 [main] WARN  server.ServerUtils (ServerUtils.java:getDBPath(299)) - ozone.om.db.dirs is not configured. We recommend adding this setting. Falling back to ozone.metadata.dirs instead.
2024-04-21 07:17:21,103 [main] INFO  proxy.SCMBlockLocationFailoverProxyProvider (SCMBlockLocationFailoverProxyProvider.java:<init>(115)) - Created block location fail-over proxy with 1 nodes: [nodeId=scmNodeId,nodeAddress=/0.0.0.0:15107]
2024-04-21 07:17:21,104 [main] INFO  proxy.SCMBlockLocationFailoverProxyProvider (SCMBlockLocationFailoverProxyProvider.java:<init>(115)) - Created block location fail-over proxy with 1 nodes: [nodeId=scmNodeId,nodeAddress=/0.0.0.0:15107]
2024-04-21 07:17:21,114 [main] INFO  om.OzoneManager (OzoneManager.java:<init>(677)) - OM start with adminUsers: [runner]
2024-04-21 07:17:21,114 [main] WARN  server.ServerUtils (ServerUtils.java:getDBPath(299)) - ozone.om.db.dirs is not configured. We recommend adding this setting. Falling back to ozone.metadata.dirs instead.
2024-04-21 07:17:21,115 [main] INFO  helpers.OmKeyInfo (OmKeyInfo.java:getCodec(71)) - OmKeyInfo.getCodec ignorePipeline = true
2024-04-21 07:17:21,262 [main] INFO  om.OzoneManager (OzoneManager.java:instantiateServices(811)) - S3 Multi-Tenancy is disabled
2024-04-21 07:17:21,262 [main] INFO  om.OmSnapshotManager (OmSnapshotManager.java:<init>(179)) - Ozone filesystem snapshot feature is enabled.
2024-04-21 07:17:21,263 [main] WARN  server.ServerUtils (ServerUtils.java:getDBPath(299)) - ozone.om.snapshot.diff.db.dir is not configured. We recommend adding this setting. Falling back to ozone.metadata.dirs instead.
2024-04-21 07:17:21,278 [main] INFO  utils.NativeLibraryLoader (NativeLibraryLoader.java:loadLibrary(111)) - Loading Library: ozone_rocksdb_tools
2024-04-21 07:17:21,279 [main] ERROR snapshot.SnapshotDiffManager (SnapshotDiffManager.java:initNativeLibraryForEfficientDiff(287)) - Native Library for raw sst file reading loading failed.
org.apache.hadoop.hdds.utils.NativeLibraryNotLoadedException: Unable to load library ozone_rocksdb_tools from both java.library.path & resource file libozone_rocksdb_tools.so from jar.
	at org.apache.hadoop.hdds.utils.db.managed.ManagedRawSSTFileReader.loadLibrary(ManagedRawSSTFileReader.java:40)
	at org.apache.hadoop.ozone.om.snapshot.SnapshotDiffManager.initNativeLibraryForEfficientDiff(SnapshotDiffManager.java:285)
	at org.apache.hadoop.ozone.om.snapshot.SnapshotDiffManager.<init>(SnapshotDiffManager.java:259)
	at org.apache.hadoop.ozone.om.OmSnapshotManager.<init>(OmSnapshotManager.java:286)
	at org.apache.hadoop.ozone.om.OzoneManager.instantiateServices(OzoneManager.java:863)
	at org.apache.hadoop.ozone.om.OzoneManager.<init>(OzoneManager.java:687)
	at org.apache.hadoop.ozone.om.OzoneManager.createOm(OzoneManager.java:774)
	at org.apache.hadoop.ozone.MiniOzoneClusterImpl$Builder.createOM(MiniOzoneClusterImpl.java:689)
	at org.apache.hadoop.ozone.MiniOzoneClusterImpl$Builder.createAndStartSingleOM(MiniOzoneClusterImpl.java:673)
	at org.apache.hadoop.ozone.MiniOzoneClusterImpl$Builder.build(MiniOzoneClusterImpl.java:535)
	at org.apache.hadoop.ozone.client.rpc.TestBlockOutputStream.createCluster(TestBlockOutputStream.java:118)
	at org.apache.hadoop.ozone.client.rpc.TestBlockOutputStreamWithFailures.init(TestBlockOutputStreamWithFailures.java:72)
	at sun.reflect.NativeMethodAccessorImpl.invoke0(Native Method)
	at sun.reflect.NativeMethodAccessorImpl.invoke(NativeMethodAccessorImpl.java:62)
	at sun.reflect.DelegatingMethodAccessorImpl.invoke(DelegatingMethodAccessorImpl.java:43)
	at java.lang.reflect.Method.invoke(Method.java:498)
	at org.junit.platform.commons.util.ReflectionUtils.invokeMethod(ReflectionUtils.java:728)
	at org.junit.jupiter.engine.execution.MethodInvocation.proceed(MethodInvocation.java:60)
	at org.junit.jupiter.engine.execution.InvocationInterceptorChain$ValidatingInvocation.proceed(InvocationInterceptorChain.java:131)
	at org.junit.jupiter.engine.extension.TimeoutExtension.intercept(TimeoutExtension.java:156)
	at org.junit.jupiter.engine.extension.TimeoutExtension.interceptLifecycleMethod(TimeoutExtension.java:128)
	at org.junit.jupiter.engine.extension.TimeoutExtension.interceptBeforeEachMethod(TimeoutExtension.java:78)
	at org.junit.jupiter.engine.execution.InterceptingExecutableInvoker$ReflectiveInterceptorCall.lambda$ofVoidMethod$0(InterceptingExecutableInvoker.java:103)
	at org.junit.jupiter.engine.execution.InterceptingExecutableInvoker.lambda$invoke$0(InterceptingExecutableInvoker.java:93)
	at org.junit.jupiter.engine.execution.InvocationInterceptorChain$InterceptedInvocation.proceed(InvocationInterceptorChain.java:106)
	at org.junit.jupiter.engine.execution.InvocationInterceptorChain.proceed(InvocationInterceptorChain.java:64)
	at org.junit.jupiter.engine.execution.InvocationInterceptorChain.chainAndInvoke(InvocationInterceptorChain.java:45)
	at org.junit.jupiter.engine.execution.InvocationInterceptorChain.invoke(InvocationInterceptorChain.java:37)
	at org.junit.jupiter.engine.execution.InterceptingExecutableInvoker.invoke(InterceptingExecutableInvoker.java:92)
	at org.junit.jupiter.engine.execution.InterceptingExecutableInvoker.invoke(InterceptingExecutableInvoker.java:86)
	at org.junit.jupiter.engine.descriptor.ClassBasedTestDescriptor.invokeMethodInExtensionContext(ClassBasedTestDescriptor.java:521)
	at org.junit.jupiter.engine.descriptor.ClassBasedTestDescriptor.lambda$synthesizeBeforeEachMethodAdapter$23(ClassBasedTestDescriptor.java:506)
	at org.junit.jupiter.engine.descriptor.TestMethodTestDescriptor.lambda$invokeBeforeEachMethods$3(TestMethodTestDescriptor.java:175)
	at org.junit.jupiter.engine.descriptor.TestMethodTestDescriptor.lambda$invokeBeforeMethodsOrCallbacksUntilExceptionOccurs$6(TestMethodTestDescriptor.java:203)
	at org.junit.platform.engine.support.hierarchical.ThrowableCollector.execute(ThrowableCollector.java:73)
	at org.junit.jupiter.engine.descriptor.TestMethodTestDescriptor.invokeBeforeMethodsOrCallbacksUntilExceptionOccurs(TestMethodTestDescriptor.java:203)
	at org.junit.jupiter.engine.descriptor.TestMethodTestDescriptor.invokeBeforeEachMethods(TestMethodTestDescriptor.java:172)
	at org.junit.jupiter.engine.descriptor.TestMethodTestDescriptor.execute(TestMethodTestDescriptor.java:135)
	at org.junit.jupiter.engine.descriptor.TestMethodTestDescriptor.execute(TestMethodTestDescriptor.java:69)
	at org.junit.platform.engine.support.hierarchical.NodeTestTask.lambda$executeRecursively$6(NodeTestTask.java:151)
	at org.junit.platform.engine.support.hierarchical.ThrowableCollector.execute(ThrowableCollector.java:73)
	at org.junit.platform.engine.support.hierarchical.NodeTestTask.lambda$executeRecursively$8(NodeTestTask.java:141)
	at org.junit.platform.engine.support.hierarchical.Node.around(Node.java:137)
	at org.junit.platform.engine.support.hierarchical.NodeTestTask.lambda$executeRecursively$9(NodeTestTask.java:139)
	at org.junit.platform.engine.support.hierarchical.ThrowableCollector.execute(ThrowableCollector.java:73)
	at org.junit.platform.engine.support.hierarchical.NodeTestTask.executeRecursively(NodeTestTask.java:138)
	at org.junit.platform.engine.support.hierarchical.NodeTestTask.execute(NodeTestTask.java:95)
	at org.junit.platform.engine.support.hierarchical.SameThreadHierarchicalTestExecutorService.submit(SameThreadHierarchicalTestExecutorService.java:35)
	at org.junit.platform.engine.support.hierarchical.NodeTestTask$DefaultDynamicTestExecutor.execute(NodeTestTask.java:226)
	at org.junit.platform.engine.support.hierarchical.NodeTestTask$DefaultDynamicTestExecutor.execute(NodeTestTask.java:204)
	at org.junit.jupiter.engine.descriptor.TestTemplateTestDescriptor.execute(TestTemplateTestDescriptor.java:142)
	at org.junit.jupiter.engine.descriptor.TestTemplateTestDescriptor.lambda$execute$2(TestTemplateTestDescriptor.java:110)
	at java.util.stream.ForEachOps$ForEachOp$OfRef.accept(ForEachOps.java:183)
	at java.util.stream.ReferencePipeline$3$1.accept(ReferencePipeline.java:193)
	at java.util.stream.ReferencePipeline$2$1.accept(ReferencePipeline.java:175)
	at java.util.stream.ReferencePipeline$3$1.accept(ReferencePipeline.java:193)
	at java.util.stream.ForEachOps$ForEachOp$OfRef.accept(ForEachOps.java:183)
	at java.util.stream.ReferencePipeline$3$1.accept(ReferencePipeline.java:193)
	at java.util.stream.ReferencePipeline$3$1.accept(ReferencePipeline.java:193)
	at java.util.stream.ReferencePipeline$3$1.accept(ReferencePipeline.java:193)
	at java.util.stream.ForEachOps$ForEachOp$OfRef.accept(ForEachOps.java:183)
	at java.util.stream.ReferencePipeline$3$1.accept(ReferencePipeline.java:193)
	at java.util.Spliterators$ArraySpliterator.forEachRemaining(Spliterators.java:948)
	at java.util.stream.AbstractPipeline.copyInto(AbstractPipeline.java:482)
	at java.util.stream.AbstractPipeline.wrapAndCopyInto(AbstractPipeline.java:472)
	at java.util.stream.ForEachOps$ForEachOp.evaluateSequential(ForEachOps.java:150)
	at java.util.stream.ForEachOps$ForEachOp$OfRef.evaluateSequential(ForEachOps.java:173)
	at java.util.stream.AbstractPipeline.evaluate(AbstractPipeline.java:234)
	at java.util.stream.ReferencePipeline.forEach(ReferencePipeline.java:485)
	at java.util.stream.ReferencePipeline$7$1.accept(ReferencePipeline.java:272)
	at java.util.stream.ReferencePipeline$3$1.accept(ReferencePipeline.java:193)
	at java.util.stream.ReferencePipeline$3$1.accept(ReferencePipeline.java:193)
	at java.util.stream.ReferencePipeline$3$1.accept(ReferencePipeline.java:193)
	at java.util.ArrayList$ArrayListSpliterator.forEachRemaining(ArrayList.java:1384)
	at java.util.stream.AbstractPipeline.copyInto(AbstractPipeline.java:482)
	at java.util.stream.AbstractPipeline.wrapAndCopyInto(AbstractPipeline.java:472)
	at java.util.stream.ForEachOps$ForEachOp.evaluateSequential(ForEachOps.java:150)
	at java.util.stream.ForEachOps$ForEachOp$OfRef.evaluateSequential(ForEachOps.java:173)
	at java.util.stream.AbstractPipeline.evaluate(AbstractPipeline.java:234)
	at java.util.stream.ReferencePipeline.forEach(ReferencePipeline.java:485)
	at java.util.stream.ReferencePipeline$7$1.accept(ReferencePipeline.java:272)
	at java.util.ArrayList$ArrayListSpliterator.forEachRemaining(ArrayList.java:1384)
	at java.util.stream.AbstractPipeline.copyInto(AbstractPipeline.java:482)
	at java.util.stream.AbstractPipeline.wrapAndCopyInto(AbstractPipeline.java:472)
	at java.util.stream.ForEachOps$ForEachOp.evaluateSequential(ForEachOps.java:150)
	at java.util.stream.ForEachOps$ForEachOp$OfRef.evaluateSequential(ForEachOps.java:173)
	at java.util.stream.AbstractPipeline.evaluate(AbstractPipeline.java:234)
	at java.util.stream.ReferencePipeline.forEach(ReferencePipeline.java:485)
	at org.junit.jupiter.engine.descriptor.TestTemplateTestDescriptor.execute(TestTemplateTestDescriptor.java:110)
	at org.junit.jupiter.engine.descriptor.TestTemplateTestDescriptor.execute(TestTemplateTestDescriptor.java:44)
	at org.junit.platform.engine.support.hierarchical.NodeTestTask.lambda$executeRecursively$6(NodeTestTask.java:151)
	at org.junit.platform.engine.support.hierarchical.ThrowableCollector.execute(ThrowableCollector.java:73)
	at org.junit.platform.engine.support.hierarchical.NodeTestTask.lambda$executeRecursively$8(NodeTestTask.java:141)
	at org.junit.platform.engine.support.hierarchical.Node.around(Node.java:137)
	at org.junit.platform.engine.support.hierarchical.NodeTestTask.lambda$executeRecursively$9(NodeTestTask.java:139)
	at org.junit.platform.engine.support.hierarchical.ThrowableCollector.execute(ThrowableCollector.java:73)
	at org.junit.platform.engine.support.hierarchical.NodeTestTask.executeRecursively(NodeTestTask.java:138)
	at org.junit.platform.engine.support.hierarchical.NodeTestTask.execute(NodeTestTask.java:95)
	at java.util.ArrayList.forEach(ArrayList.java:1259)
	at org.junit.platform.engine.support.hierarchical.SameThreadHierarchicalTestExecutorService.invokeAll(SameThreadHierarchicalTestExecutorService.java:41)
	at org.junit.platform.engine.support.hierarchical.NodeTestTask.lambda$executeRecursively$6(NodeTestTask.java:155)
	at org.junit.platform.engine.support.hierarchical.ThrowableCollector.execute(ThrowableCollector.java:73)
	at org.junit.platform.engine.support.hierarchical.NodeTestTask.lambda$executeRecursively$8(NodeTestTask.java:141)
	at org.junit.platform.engine.support.hierarchical.Node.around(Node.java:137)
	at org.junit.platform.engine.support.hierarchical.NodeTestTask.lambda$executeRecursively$9(NodeTestTask.java:139)
	at org.junit.platform.engine.support.hierarchical.ThrowableCollector.execute(ThrowableCollector.java:73)
	at org.junit.platform.engine.support.hierarchical.NodeTestTask.executeRecursively(NodeTestTask.java:138)
	at org.junit.platform.engine.support.hierarchical.NodeTestTask.execute(NodeTestTask.java:95)
	at java.util.ArrayList.forEach(ArrayList.java:1259)
	at org.junit.platform.engine.support.hierarchical.SameThreadHierarchicalTestExecutorService.invokeAll(SameThreadHierarchicalTestExecutorService.java:41)
	at org.junit.platform.engine.support.hierarchical.NodeTestTask.lambda$executeRecursively$6(NodeTestTask.java:155)
	at org.junit.platform.engine.support.hierarchical.ThrowableCollector.execute(ThrowableCollector.java:73)
	at org.junit.platform.engine.support.hierarchical.NodeTestTask.lambda$executeRecursively$8(NodeTestTask.java:141)
	at org.junit.platform.engine.support.hierarchical.Node.around(Node.java:137)
	at org.junit.platform.engine.support.hierarchical.NodeTestTask.lambda$executeRecursively$9(NodeTestTask.java:139)
	at org.junit.platform.engine.support.hierarchical.ThrowableCollector.execute(ThrowableCollector.java:73)
	at org.junit.platform.engine.support.hierarchical.NodeTestTask.executeRecursively(NodeTestTask.java:138)
	at org.junit.platform.engine.support.hierarchical.NodeTestTask.execute(NodeTestTask.java:95)
	at org.junit.platform.engine.support.hierarchical.SameThreadHierarchicalTestExecutorService.submit(SameThreadHierarchicalTestExecutorService.java:35)
	at org.junit.platform.engine.support.hierarchical.HierarchicalTestExecutor.execute(HierarchicalTestExecutor.java:57)
	at org.junit.platform.engine.support.hierarchical.HierarchicalTestEngine.execute(HierarchicalTestEngine.java:54)
	at org.junit.platform.launcher.core.EngineExecutionOrchestrator.execute(EngineExecutionOrchestrator.java:198)
	at org.junit.platform.launcher.core.EngineExecutionOrchestrator.execute(EngineExecutionOrchestrator.java:169)
	at org.junit.platform.launcher.core.EngineExecutionOrchestrator.execute(EngineExecutionOrchestrator.java:93)
	at org.junit.platform.launcher.core.EngineExecutionOrchestrator.lambda$execute$0(EngineExecutionOrchestrator.java:58)
	at org.junit.platform.launcher.core.EngineExecutionOrchestrator.withInterceptedStreams(EngineExecutionOrchestrator.java:141)
	at org.junit.platform.launcher.core.EngineExecutionOrchestrator.execute(EngineExecutionOrchestrator.java:57)
	at org.junit.platform.launcher.core.DefaultLauncher.execute(DefaultLauncher.java:103)
	at org.junit.platform.launcher.core.DefaultLauncher.execute(DefaultLauncher.java:85)
	at org.junit.platform.launcher.core.DelegatingLauncher.execute(DelegatingLauncher.java:47)
	at org.junit.platform.launcher.core.SessionPerRequestLauncher.execute(SessionPerRequestLauncher.java:63)
	at org.apache.maven.surefire.junitplatform.JUnitPlatformProvider.invokeAllTests(JUnitPlatformProvider.java:154)
	at org.apache.maven.surefire.junitplatform.JUnitPlatformProvider.invoke(JUnitPlatformProvider.java:123)
	at org.apache.maven.surefire.booter.ForkedBooter.runSuitesInProcess(ForkedBooter.java:377)
	at org.apache.maven.surefire.booter.ForkedBooter.execute(ForkedBooter.java:138)
	at org.apache.maven.surefire.booter.ForkedBooter.run(ForkedBooter.java:465)
	at org.apache.maven.surefire.booter.ForkedBooter.main(ForkedBooter.java:451)
2024-04-21 07:17:21,282 [main] INFO  om.OzoneManager (OzoneManager.java:addS3GVolumeToDB(4463)) - Created Volume s3v With Owner runner required for S3Gateway operations.
2024-04-21 07:17:21,282 [main] WARN  server.ServerUtils (ServerUtils.java:getDefaultRatisDirectory(311)) - Storage directory for Ratis is not configured. It is a good idea to map this to an SSD disk. Falling back to ozone.metadata.dirs
2024-04-21 07:17:21,283 [main] WARN  utils.OzoneManagerRatisUtils (OzoneManagerRatisUtils.java:getOMRatisSnapshotDirectory(476)) - ozone.om.ratis.snapshot.dir is not configured. Falling back to ozone.metadata.dirs config
2024-04-21 07:17:21,283 [main] WARN  server.ServerUtils (ServerUtils.java:getDefaultRatisDirectory(311)) - Storage directory for Ratis is not configured. It is a good idea to map this to an SSD disk. Falling back to ozone.metadata.dirs
2024-04-21 07:17:21,284 [main] INFO  ratis.OzoneManagerRatisServer (OzoneManagerRatisServer.java:<init>(167)) - Instantiating OM Ratis server with groupID: omServiceIdDefault and peers: localhost:15113
2024-04-21 07:17:21,285 [main] INFO  ratis.OzoneManagerStateMachine (OzoneManagerStateMachine.java:loadSnapshotInfoFromDB(589)) - TransactionInfo not found in OM DB.
2024-04-21 07:17:21,285 [main] INFO  server.RaftServer (ConfUtils.java:logGet(46)) - raft.rpc.type = GRPC (default)
2024-04-21 07:17:21,285 [main] INFO  grpc.GrpcConfigKeys (ConfUtils.java:logFallback(53)) - raft.grpc.admin.host = null (fallback to raft.grpc.server.host)
2024-04-21 07:17:21,286 [main] INFO  grpc.GrpcConfigKeys (ConfUtils.java:logFallback(53)) - raft.grpc.admin.port = 15113 (fallback to raft.grpc.server.port)
2024-04-21 07:17:21,286 [main] INFO  grpc.GrpcConfigKeys (ConfUtils.java:logFallback(53)) - raft.grpc.client.host = null (fallback to raft.grpc.server.host)
2024-04-21 07:17:21,286 [main] INFO  grpc.GrpcConfigKeys (ConfUtils.java:logFallback(53)) - raft.grpc.client.port = 15113 (fallback to raft.grpc.server.port)
2024-04-21 07:17:21,286 [main] INFO  grpc.GrpcConfigKeys (ConfUtils.java:logGet(46)) - raft.grpc.server.host = null (default)
2024-04-21 07:17:21,287 [main] INFO  grpc.GrpcConfigKeys (ConfUtils.java:logGet(46)) - raft.grpc.server.port = 15113 (custom)
2024-04-21 07:17:21,287 [main] INFO  server.GrpcService (ConfUtils.java:logGet(46)) - raft.grpc.message.size.max = 4194304 (custom)
2024-04-21 07:17:21,287 [main] INFO  server.RaftServerConfigKeys (ConfUtils.java:logGet(46)) - raft.server.log.appender.buffer.byte-limit = 4194304 (custom)
2024-04-21 07:17:21,287 [main] INFO  server.GrpcService (ConfUtils.java:logGet(46)) - raft.grpc.flow.control.window = 1MB (=1048576) (default)
2024-04-21 07:17:21,287 [main] INFO  server.RaftServerConfigKeys (ConfUtils.java:logGet(46)) - raft.server.rpc.request.timeout = 3000ms (default)
2024-04-21 07:17:21,287 [main] INFO  grpc.GrpcConfigKeys (ConfUtils.java:logGet(46)) - raft.grpc.server.heartbeat.channel = true (default)
2024-04-21 07:17:21,288 [main] INFO  grpc.GrpcConfigKeys (ConfUtils.java:logGet(46)) - raft.grpc.server.async.request.thread.pool.cached = true (default)
2024-04-21 07:17:21,288 [main] INFO  grpc.GrpcConfigKeys (ConfUtils.java:logGet(46)) - raft.grpc.server.async.request.thread.pool.size = 32 (default)
2024-04-21 07:17:21,289 [main] INFO  impl.DataStreamServerImpl (ConfUtils.java:logGet(46)) - raft.datastream.type = DISABLED (default)
2024-04-21 07:17:21,289 [main] INFO  server.RaftServerConfigKeys (ConfUtils.java:logGet(46)) - raft.server.sleep.deviation.threshold = 300ms (default)
2024-04-21 07:17:21,290 [main] INFO  server.RaftServerConfigKeys (ConfUtils.java:logGet(46)) - raft.server.close.threshold = 60s (default)
2024-04-21 07:17:21,290 [main] INFO  server.RaftServerConfigKeys (ConfUtils.java:logGet(46)) - raft.server.leaderelection.leader.step-down.wait-time = 10s (default)
2024-04-21 07:17:21,290 [main] INFO  server.RaftServerConfigKeys (ConfUtils.java:logGet(46)) - raft.server.storage.dir = [/home/runner/work/ozone/ozone/hadoop-ozone/integration-test/target/test-dir/MiniOzoneClusterImpl-ed39ddd9-82bf-4bf6-8741-acb42c98007c/ozone-meta/ratis] (custom)
2024-04-21 07:17:21,290 [main] INFO  server.RaftServerConfigKeys (ConfUtils.java:logGet(46)) - raft.server.threadpool.proxy.cached = true (default)
2024-04-21 07:17:21,290 [main] INFO  server.RaftServerConfigKeys (ConfUtils.java:logGet(46)) - raft.server.threadpool.proxy.size = 0 (default)
2024-04-21 07:17:21,291 [main] INFO  server.RaftServer (RaftServerProxy.java:addNew(100)) - om1: addNew group-C5BA1605619E:[om1|localhost:15113] returns group-C5BA1605619E:java.util.concurrent.CompletableFuture@1de54132[Not completed]
2024-04-21 07:17:21,291 [om1-groupManagement] INFO  server.RaftServer$Division (RaftServerImpl.java:<init>(256)) - om1: new RaftServerImpl for group-C5BA1605619E:[om1|localhost:15113] with OzoneManagerStateMachine:uninitialized
2024-04-21 07:17:21,291 [om1-groupManagement] INFO  server.RaftServerConfigKeys (ConfUtils.java:logGet(46)) - raft.server.rpc.timeout.min = 1s (custom)
2024-04-21 07:17:21,291 [om1-groupManagement] INFO  server.RaftServerConfigKeys (ConfUtils.java:logGet(46)) - raft.server.rpc.timeout.max = 1200ms (custom)
2024-04-21 07:17:21,292 [om1-groupManagement] INFO  server.RaftServerConfigKeys (ConfUtils.java:logGet(46)) - raft.server.rpc.sleep.time = 25ms (default)
2024-04-21 07:17:21,292 [om1-groupManagement] INFO  server.RaftServerConfigKeys (ConfUtils.java:logGet(46)) - raft.server.rpc.slowness.timeout = 120s (custom)
2024-04-21 07:17:21,292 [om1-groupManagement] INFO  server.RaftServerConfigKeys (ConfUtils.java:logGet(46)) - raft.server.leaderelection.leader.step-down.wait-time = 10s (default)
2024-04-21 07:17:21,292 [om1-groupManagement] INFO  server.RaftServerConfigKeys (ConfUtils.java:logGet(46)) - raft.server.leaderelection.member.majority-add = false (default)
2024-04-21 07:17:21,292 [om1-groupManagement] INFO  server.RaftServerConfigKeys (ConfUtils.java:logGet(46)) - raft.server.sleep.deviation.threshold = 300ms (default)
2024-04-21 07:17:21,291 [main] INFO  om.OzoneManager (OzoneManager.java:initializeRatisServer(2168)) - OzoneManager Ratis server initialized at port 15113
2024-04-21 07:17:21,292 [om1-groupManagement] INFO  server.RaftServer$Division (ServerState.java:<init>(113)) - om1@group-C5BA1605619E: ConfigurationManager, init=-1: peers:[om1|localhost:15113]|listeners:[], old=null, confs=<EMPTY_MAP>
2024-04-21 07:17:21,292 [om1-groupManagement] INFO  server.RaftServerConfigKeys (ConfUtils.java:logGet(46)) - raft.server.notification.no-leader.timeout = 120s (custom)
2024-04-21 07:17:21,292 [om1-groupManagement] INFO  server.RaftServerConfigKeys (ConfUtils.java:logGet(46)) - raft.server.read.timeout = 10s (default)
2024-04-21 07:17:21,292 [om1-groupManagement] INFO  server.RaftServerConfigKeys (ConfUtils.java:logGet(46)) - raft.server.retrycache.expirytime = 300s (custom)
2024-04-21 07:17:21,292 [om1-groupManagement] INFO  server.RaftServerConfigKeys (ConfUtils.java:logGet(46)) - raft.server.retrycache.statistics.expirytime = 100ms (default)
2024-04-21 07:17:21,292 [main] INFO  om.OzoneManager (OzoneManager.java:getRpcServer(1227)) - Creating RPC Server
2024-04-21 07:17:21,292 [om1-groupManagement] INFO  server.RaftServerConfigKeys (ConfUtils.java:logGet(46)) - raft.server.read.option = DEFAULT (default)
2024-04-21 07:17:21,295 [om1-groupManagement] INFO  server.RaftServerConfigKeys (ConfUtils.java:logGet(46)) - raft.server.read.read-after-write-consistent.write-index-cache.expiry-time = 60s (default)
2024-04-21 07:17:21,296 [om1-groupManagement] INFO  server.RaftServerConfigKeys (ConfUtils.java:logGet(46)) - raft.server.rpc.request.timeout = 3000ms (default)
2024-04-21 07:17:21,296 [om1-groupManagement] INFO  server.RaftServerConfigKeys (ConfUtils.java:logGet(46)) - raft.server.log.appender.install.snapshot.enabled = false (custom)
2024-04-21 07:17:21,296 [om1-groupManagement] INFO  server.RaftServerConfigKeys (ConfUtils.java:logGet(46)) - raft.server.threadpool.server.cached = true (default)
2024-04-21 07:17:21,296 [om1-groupManagement] INFO  server.RaftServerConfigKeys (ConfUtils.java:logGet(46)) - raft.server.threadpool.server.size = 0 (default)
2024-04-21 07:17:21,296 [om1-groupManagement] INFO  server.RaftServerConfigKeys (ConfUtils.java:logGet(46)) - raft.server.threadpool.client.cached = true (default)
2024-04-21 07:17:21,296 [om1-groupManagement] INFO  server.RaftServerConfigKeys (ConfUtils.java:logGet(46)) - raft.server.threadpool.client.size = 0 (default)
2024-04-21 07:17:21,642 [main] INFO  reflections.Reflections (Reflections.java:scan(219)) - Reflections took 348 ms to scan 20 urls, producing 58 keys and 6538 values
2024-04-21 07:17:21,644 [main] INFO  ipc.CallQueueManager (CallQueueManager.java:<init>(90)) - Using callQueue: class java.util.concurrent.LinkedBlockingQueue, queueCapacity: 2000, scheduler: class org.apache.hadoop.ipc.DefaultRpcScheduler, ipcBackoff: false.
2024-04-21 07:17:21,644 [main] INFO  ipc.Server (Server.java:<init>(1287)) - Listener at 127.0.0.1:15110
2024-04-21 07:17:21,645 [Socket Reader #1 for port 15110] INFO  ipc.Server (Server.java:run(1323)) - Starting Socket Reader #1 for port 15110
2024-04-21 07:17:21,659 [main] INFO  impl.MetricsSystemImpl (MetricsSystemImpl.java:init(158)) - OzoneManager metrics system started (again)
2024-04-21 07:17:21,666 [main] INFO  om.OzoneManager (OzoneManager.java:start(1649)) - OzoneManager RPC server is listening at localhost/127.0.0.1:15110
2024-04-21 07:17:21,667 [main] INFO  ratis.OzoneManagerRatisServer (OzoneManagerRatisServer.java:start(588)) - Starting OzoneManagerRatisServer om1 at port 15113
2024-04-21 07:17:21,667 [om1-impl-thread1] INFO  server.RaftServerConfigKeys (ConfUtils.java:logGet(46)) - raft.server.storage.free-space.min = 0MB (=0) (default)
2024-04-21 07:17:21,667 [om1-impl-thread1] INFO  server.RaftServerConfigKeys (ConfUtils.java:logGet(46)) - raft.server.log.corruption.policy = EXCEPTION (default)
2024-04-21 07:17:21,668 [om1-impl-thread1] INFO  server.RaftServerConfigKeys (ConfUtils.java:logGet(46)) - raft.server.storage.dir = [/home/runner/work/ozone/ozone/hadoop-ozone/integration-test/target/test-dir/MiniOzoneClusterImpl-ed39ddd9-82bf-4bf6-8741-acb42c98007c/ozone-meta/ratis] (custom)
2024-04-21 07:17:21,668 [om1-impl-thread1] INFO  storage.RaftStorageDirectory (RaftStorageDirectoryImpl.java:analyzeStorage(138)) - The storage directory /home/runner/work/ozone/ozone/hadoop-ozone/integration-test/target/test-dir/MiniOzoneClusterImpl-ed39ddd9-82bf-4bf6-8741-acb42c98007c/ozone-meta/ratis/bf265839-605b-3f16-9796-c5ba1605619e does not exist. Creating ...
2024-04-21 07:17:21,669 [om1-impl-thread1] INFO  storage.RaftStorageDirectory (RaftStorageDirectoryImpl.java:tryLock(228)) - Lock on /home/runner/work/ozone/ozone/hadoop-ozone/integration-test/target/test-dir/MiniOzoneClusterImpl-ed39ddd9-82bf-4bf6-8741-acb42c98007c/ozone-meta/ratis/bf265839-605b-3f16-9796-c5ba1605619e/in_use.lock acquired by nodename 52185@fv-az1428-63
2024-04-21 07:17:21,670 [om1-impl-thread1] INFO  storage.RaftStorage (RaftStorageImpl.java:format(99)) - Storage directory /home/runner/work/ozone/ozone/hadoop-ozone/integration-test/target/test-dir/MiniOzoneClusterImpl-ed39ddd9-82bf-4bf6-8741-acb42c98007c/ozone-meta/ratis/bf265839-605b-3f16-9796-c5ba1605619e has been successfully formatted.
2024-04-21 07:17:21,670 [om1-impl-thread1] WARN  util.FileUtils (LogUtils.java:supplyAndLog(63)) - Failed to Files.newInputStream /home/runner/work/ozone/ozone/hadoop-ozone/integration-test/target/test-dir/MiniOzoneClusterImpl-ed39ddd9-82bf-4bf6-8741-acb42c98007c/ozone-meta/ratis/bf265839-605b-3f16-9796-c5ba1605619e/current/raft-meta.conf with options []: java.nio.file.NoSuchFileException: /home/runner/work/ozone/ozone/hadoop-ozone/integration-test/target/test-dir/MiniOzoneClusterImpl-ed39ddd9-82bf-4bf6-8741-acb42c98007c/ozone-meta/ratis/bf265839-605b-3f16-9796-c5ba1605619e/current/raft-meta.conf
2024-04-21 07:17:21,671 [om1-impl-thread1] INFO  server.RaftServerConfigKeys (ConfUtils.java:logGet(46)) - raft.server.log.use.memory = false (default)
2024-04-21 07:17:21,671 [om1-impl-thread1] INFO  server.RaftServerConfigKeys (ConfUtils.java:logGet(46)) - raft.server.log.purge.gap = 1000000 (custom)
2024-04-21 07:17:21,671 [om1-impl-thread1] INFO  server.RaftServerConfigKeys (ConfUtils.java:logGet(46)) - raft.server.log.appender.buffer.byte-limit = 4194304 (custom)
2024-04-21 07:17:21,671 [om1-impl-thread1] INFO  server.RaftServerConfigKeys (ConfUtils.java:logGet(46)) - raft.server.log.statemachine.data.read.timeout = 1000ms (default)
2024-04-21 07:17:21,671 [om1-impl-thread1] INFO  server.RaftServerConfigKeys (ConfUtils.java:logGet(46)) - raft.server.log.purge.preservation.log.num = 0 (default)
2024-04-21 07:17:21,671 [om1-impl-thread1] INFO  server.RaftServerConfigKeys (ConfUtils.java:logGet(46)) - raft.server.log.segment.size.max = 4194304 (custom)
2024-04-21 07:17:21,671 [om1-impl-thread1] INFO  server.RaftServerConfigKeys (ConfUtils.java:logGet(46)) - raft.server.log.segment.cache.num.max = 2 (custom)
2024-04-21 07:17:21,671 [om1-impl-thread1] INFO  server.RaftServerConfigKeys (ConfUtils.java:logGet(46)) - raft.server.log.segment.cache.size.max = 200MB (=209715200) (default)
2024-04-21 07:17:21,672 [om1-impl-thread1] INFO  server.RaftServerConfigKeys (ConfUtils.java:logGet(46)) - raft.server.log.appender.buffer.byte-limit = 4194304 (custom)
2024-04-21 07:17:21,672 [om1-impl-thread1] INFO  util.AwaitToRun (AwaitToRun.java:start(81)) - Thread[om1@group-C5BA1605619E-cacheEviction-AwaitToRun,5,main] started
2024-04-21 07:17:21,672 [om1-impl-thread1] INFO  segmented.SegmentedRaftLogWorker (SegmentedRaftLogWorker.java:<init>(182)) - new om1@group-C5BA1605619E-SegmentedRaftLogWorker for RaftStorageImpl:Storage Directory /home/runner/work/ozone/ozone/hadoop-ozone/integration-test/target/test-dir/MiniOzoneClusterImpl-ed39ddd9-82bf-4bf6-8741-acb42c98007c/ozone-meta/ratis/bf265839-605b-3f16-9796-c5ba1605619e
2024-04-21 07:17:21,672 [om1-impl-thread1] INFO  server.RaftServerConfigKeys (ConfUtils.java:logGet(46)) - raft.server.log.queue.byte-limit = 64MB (=67108864) (default)
2024-04-21 07:17:21,672 [om1-impl-thread1] INFO  server.RaftServerConfigKeys (ConfUtils.java:logGet(46)) - raft.server.log.queue.element-limit = 4096 (default)
2024-04-21 07:17:21,672 [om1-impl-thread1] INFO  server.RaftServerConfigKeys (ConfUtils.java:logGet(46)) - raft.server.log.segment.size.max = 4194304 (custom)
2024-04-21 07:17:21,672 [om1-impl-thread1] INFO  server.RaftServerConfigKeys (ConfUtils.java:logGet(46)) - raft.server.log.preallocated.size = 4194304 (custom)
2024-04-21 07:17:21,672 [om1-impl-thread1] INFO  server.RaftServerConfigKeys (ConfUtils.java:logGet(46)) - raft.server.log.force.sync.num = 128 (default)
2024-04-21 07:17:21,672 [om1-impl-thread1] INFO  server.RaftServerConfigKeys (ConfUtils.java:logGet(46)) - raft.server.log.statemachine.data.sync = true (default)
2024-04-21 07:17:21,672 [om1-impl-thread1] INFO  server.RaftServerConfigKeys (ConfUtils.java:logGet(46)) - raft.server.log.statemachine.data.sync.timeout = 10s (default)
2024-04-21 07:17:21,672 [om1-impl-thread1] INFO  server.RaftServerConfigKeys (ConfUtils.java:logGet(46)) - raft.server.log.statemachine.data.sync.timeout.retry = -1 (default)
2024-04-21 07:17:21,672 [om1-impl-thread1] INFO  server.RaftServerConfigKeys (ConfUtils.java:logGet(46)) - raft.server.log.write.buffer.size = 4194312 (custom)
2024-04-21 07:17:21,673 [om1-impl-thread1] INFO  server.RaftServerConfigKeys (ConfUtils.java:logGet(46)) - raft.server.log.appender.buffer.byte-limit = 4194304 (custom)
2024-04-21 07:17:21,673 [om1-impl-thread1] INFO  server.RaftServerConfigKeys (ConfUtils.java:logGet(46)) - raft.server.log.unsafe-flush.enabled = false (default)
2024-04-21 07:17:21,673 [om1-impl-thread1] INFO  server.RaftServerConfigKeys (ConfUtils.java:logGet(46)) - raft.server.log.async-flush.enabled = false (default)
2024-04-21 07:17:21,673 [om1-impl-thread1] INFO  server.RaftServerConfigKeys (ConfUtils.java:logGet(46)) - raft.server.log.statemachine.data.caching.enabled = false (default)
2024-04-21 07:17:21,674 [om1-impl-thread1] INFO  segmented.SegmentedRaftLogWorker (SegmentedRaftLogWorker.java:lambda$new$0(134)) - om1@group-C5BA1605619E-SegmentedRaftLogWorker: flushIndex: setUnconditionally 0 -> -1
2024-04-21 07:17:21,674 [om1-impl-thread1] INFO  segmented.SegmentedRaftLogWorker (SegmentedRaftLogWorker.java:lambda$new$0(134)) - om1@group-C5BA1605619E-SegmentedRaftLogWorker: safeCacheEvictIndex: setUnconditionally 0 -> -1
2024-04-21 07:17:21,674 [om1-impl-thread1] INFO  server.RaftServer$Division (RaftServerImpl.java:start(396)) - om1@group-C5BA1605619E: start as a follower, conf=-1: peers:[om1|localhost:15113]|listeners:[], old=null
2024-04-21 07:17:21,674 [om1-impl-thread1] INFO  server.RaftServer$Division (RaftServerImpl.java:setRole(383)) - om1@group-C5BA1605619E: changes role from      null to FOLLOWER at term 0 for startAsFollower
2024-04-21 07:17:21,674 [om1-impl-thread1] INFO  impl.RoleInfo (RoleInfo.java:updateAndGet(139)) - om1: start om1@group-C5BA1605619E-FollowerState
2024-04-21 07:17:21,674 [om1@group-C5BA1605619E-FollowerState] INFO  server.RaftServerConfigKeys (ConfUtils.java:logFallback(53)) - raft.server.rpc.first-election.timeout.min = 1s (fallback to raft.server.rpc.timeout.min)
2024-04-21 07:17:21,674 [om1@group-C5BA1605619E-FollowerState] INFO  server.RaftServerConfigKeys (ConfUtils.java:logFallback(53)) - raft.server.rpc.first-election.timeout.max = 1200ms (fallback to raft.server.rpc.timeout.max)
2024-04-21 07:17:21,674 [om1-impl-thread1] INFO  util.JmxRegister (JmxRegister.java:tryRegister(44)) - Successfully registered JMX Bean with object name Ratis:service=RaftServer,group=group-C5BA1605619E,id=om1
2024-04-21 07:17:21,674 [om1-impl-thread1] INFO  server.RaftServerConfigKeys (ConfUtils.java:logGet(46)) - raft.server.snapshot.trigger-when-stop.enabled = true (default)
2024-04-21 07:17:21,674 [om1-impl-thread1] INFO  server.RaftServerConfigKeys (ConfUtils.java:logGet(46)) - raft.server.snapshot.auto.trigger.enabled = true (custom)
2024-04-21 07:17:21,675 [om1-impl-thread1] INFO  server.RaftServerConfigKeys (ConfUtils.java:logGet(46)) - raft.server.snapshot.auto.trigger.threshold = 400000 (default)
2024-04-21 07:17:21,675 [om1-impl-thread1] INFO  server.RaftServerConfigKeys (ConfUtils.java:logGet(46)) - raft.server.snapshot.retention.file.num = -1 (default)
2024-04-21 07:17:21,675 [om1-impl-thread1] INFO  server.RaftServerConfigKeys (ConfUtils.java:logGet(46)) - raft.server.log.purge.upto.snapshot.index = true (custom)
2024-04-21 07:17:21,675 [main] INFO  server.RaftServer (RaftServerProxy.java:startImpl(406)) - om1: start RPC server
2024-04-21 07:17:21,676 [main] INFO  server.GrpcService (GrpcService.java:startImpl(302)) - om1: GrpcService started, listening on 15113
2024-04-21 07:17:21,677 [JvmPauseMonitor15] INFO  util.JvmPauseMonitor (JvmPauseMonitor.java:run(146)) - JvmPauseMonitor-om1: Started
2024-04-21 07:17:21,677 [main] INFO  om.OzoneManager (OzoneManager.java:start(1665)) - Version File has different layout version (6) than OM DB (null). That is expected if this OM has never been finalized to a newer layout version.
2024-04-21 07:17:21,681 [main] INFO  client.ScmTopologyClient (ScmTopologyClient.java:start(72)) - Initial network topology fetched from SCM: /.
2024-04-21 07:17:21,682 [main] INFO  net.NodeSchemaLoader (NodeSchemaLoader.java:loadSchemaFromFile(129)) - Loading schema from [file:/home/runner/work/ozone/ozone/hadoop-hdds/common/target/classes/network-topology-default.xml]
2024-04-21 07:17:21,682 [main] INFO  net.NodeSchemaLoader (NodeSchemaLoader.java:loadSchema(176)) - Loading network topology layer schema file
2024-04-21 07:17:21,686 [main] INFO  http.BaseHttpServer (BaseHttpServer.java:newHttpServer2BuilderForOzone(223)) - Starting Web-server for ozoneManager at: http://0.0.0.0:15111
2024-04-21 07:17:21,686 [main] INFO  http.BaseHttpServer (BaseHttpServer.java:<init>(110)) - Hadoop Security Enabled: false Ozone Security Enabled: false Ozone HTTP Security Enabled: false 
2024-04-21 07:17:21,687 [main] WARN  server.AuthenticationFilter (AuthenticationFilter.java:constructSecretProvider(240)) - Unable to initialize FileSignerSecretProvider, falling back to use random secrets. Reason: Could not read signature secret file: /home/runner/hadoop-http-auth-signature-secret
2024-04-21 07:17:21,688 [main] INFO  http.HttpRequestLog (HttpRequestLog.java:getRequestLog(86)) - Http request log for http.requests.ozoneManager is not defined
2024-04-21 07:17:21,689 [main] INFO  http.HttpServer2 (HttpServer2.java:addGlobalFilter(1036)) - Added global filter 'safety' (class=org.apache.hadoop.hdds.server.http.HttpServer2$QuotingInputFilter)
2024-04-21 07:17:21,690 [main] INFO  http.HttpServer2 (HttpServer2.java:addFilter(1012)) - Added filter static_user_filter (class=org.apache.hadoop.http.lib.StaticUserWebFilter$StaticUserFilter) to context ozoneManager
2024-04-21 07:17:21,690 [main] INFO  http.HttpServer2 (HttpServer2.java:addFilter(1020)) - Added filter static_user_filter (class=org.apache.hadoop.http.lib.StaticUserWebFilter$StaticUserFilter) to context static
2024-04-21 07:17:21,690 [main] INFO  http.HttpServer2 (HttpServer2.java:addFilter(1020)) - Added filter static_user_filter (class=org.apache.hadoop.http.lib.StaticUserWebFilter$StaticUserFilter) to context logs
2024-04-21 07:17:21,691 [main] INFO  http.BaseHttpServer (BaseHttpServer.java:<init>(189)) - HTTP server of ozoneManager uses base directory /home/runner/work/ozone/ozone/hadoop-ozone/integration-test/target/test-dir/MiniOzoneClusterImpl-ed39ddd9-82bf-4bf6-8741-acb42c98007c/ozone-meta/webserver
2024-04-21 07:17:21,691 [main] INFO  http.HttpServer2 (HttpServer2.java:bindListener(1236)) - Jetty bound to port 15111
2024-04-21 07:17:21,691 [main] INFO  server.Server (Server.java:doStart(375)) - jetty-9.4.53.v20231009; built: 2023-10-09T12:29:09.265Z; git: 27bde00a0b95a1d5bbee0eae7984f891d2d0f8c9; jvm 1.8.0_402-b06
2024-04-21 07:17:21,693 [main] INFO  server.session (DefaultSessionIdManager.java:doStart(334)) - DefaultSessionIdManager workerName=node0
2024-04-21 07:17:21,693 [main] INFO  server.session (DefaultSessionIdManager.java:doStart(339)) - No SessionScavenger set, using defaults
2024-04-21 07:17:21,693 [main] INFO  server.session (HouseKeeper.java:startScavenging(132)) - node0 Scavenging every 600000ms
2024-04-21 07:17:21,694 [main] INFO  handler.ContextHandler (ContextHandler.java:doStart(921)) - Started o.e.j.s.ServletContextHandler@652194ef{logs,/logs,file:///home/runner/work/ozone/ozone/hadoop-ozone/integration-test/target/log,AVAILABLE}
2024-04-21 07:17:21,695 [main] INFO  handler.ContextHandler (ContextHandler.java:doStart(921)) - Started o.e.j.s.ServletContextHandler@1e96c1d7{static,/static,file:///home/runner/work/ozone/ozone/hadoop-ozone/integration-test/target/test-classes/webapps/static,AVAILABLE}
2024-04-21 07:17:21,698 [main] INFO  handler.ContextHandler (ContextHandler.java:doStart(921)) - Started o.e.j.w.WebAppContext@3f0c6208{ozoneManager,/,file:///home/runner/work/ozone/ozone/hadoop-ozone/integration-test/target/test-classes/webapps/ozoneManager/,AVAILABLE}{file:/home/runner/work/ozone/ozone/hadoop-ozone/integration-test/target/test-classes/webapps/ozoneManager}
2024-04-21 07:17:21,699 [main] INFO  server.AbstractConnector (AbstractConnector.java:doStart(333)) - Started ServerConnector@66a2de63{HTTP/1.1, (http/1.1)}{0.0.0.0:15111}
2024-04-21 07:17:21,700 [main] INFO  server.Server (Server.java:doStart(415)) - Started @113902ms
2024-04-21 07:17:21,700 [main] WARN  impl.MetricsSystemImpl (MetricsSystemImpl.java:register(279)) - Sink prometheus already exists!
2024-04-21 07:17:21,700 [main] INFO  http.BaseHttpServer (BaseHttpServer.java:updateConnectorAddress(354)) - HTTP server of ozoneManager listening at http://0.0.0.0:15111
2024-04-21 07:17:21,701 [IPC Server Responder] INFO  ipc.Server (Server.java:run(1562)) - IPC Server Responder: starting
2024-04-21 07:17:21,702 [IPC Server listener on 15110] INFO  ipc.Server (Server.java:run(1402)) - IPC Server listener on 15110: starting
2024-04-21 07:17:21,705 [main] INFO  om.OzoneManager (OzoneManager.java:startTrashEmptier(2121)) - Trash Interval set to 0. Files deleted won't move to trash
2024-04-21 07:17:21,713 [main] WARN  dropwizard3.Dm3MetricRegistriesImpl (Dm3MetricRegistriesImpl.java:addReporterRegistration(113)) - New reporters are added after registries were created. Some metrics will be missing from the reporter. Please add reporter before adding any new registry.
2024-04-21 07:17:21,713 [main] WARN  dropwizard3.Dm3MetricRegistriesImpl (Dm3MetricRegistriesImpl.java:addReporterRegistration(113)) - New reporters are added after registries were created. Some metrics will be missing from the reporter. Please add reporter before adding any new registry.
2024-04-21 07:17:21,713 [main] INFO  impl.MetricsSystemImpl (MetricsSystemImpl.java:init(158)) - HddsDatanode metrics system started (again)
2024-04-21 07:17:21,722 [main] INFO  ozone.HddsDatanodeService (HddsDatanodeService.java:start(240)) - HddsDatanodeService host:fv-az1428-63 ip:10.1.0.102
2024-04-21 07:17:21,743 [main] INFO  upgrade.AbstractLayoutVersionManager (AbstractLayoutVersionManager.java:init(83)) - Initializing Layout version manager with metadata layout = HADOOP_PRC_PORTS_IN_DATANODEDETAILS (version = 7), software layout = HADOOP_PRC_PORTS_IN_DATANODEDETAILS (version = 7)
2024-04-21 07:17:21,743 [main] INFO  statemachine.DatanodeStateMachine (DatanodeStateMachine.java:getEndPointTaskThreadPoolSize(299)) - Datanode State Machine Task Thread Pool size 2
2024-04-21 07:17:21,744 [main] INFO  volume.HddsVolume (HddsVolume.java:<init>(126)) - Creating HddsVolume: /home/runner/work/ozone/ozone/hadoop-ozone/integration-test/target/test-dir/MiniOzoneClusterImpl-ed39ddd9-82bf-4bf6-8741-acb42c98007c/ozone-meta/datanode-1/data-0/hdds of storage type : DISK capacity : 9223372036854775807
2024-04-21 07:17:21,745 [main] INFO  volume.MutableVolumeSet (MutableVolumeSet.java:initializeVolumeSet(173)) - Added Volume : /home/runner/work/ozone/ozone/hadoop-ozone/integration-test/target/test-dir/MiniOzoneClusterImpl-ed39ddd9-82bf-4bf6-8741-acb42c98007c/ozone-meta/datanode-1/data-0/hdds to VolumeSet
2024-04-21 07:17:21,745 [main] INFO  volume.MutableVolumeSet (MutableVolumeSet.java:initializeVolumeSet(173)) - Added Volume : /home/runner/work/ozone/ozone/hadoop-ozone/integration-test/target/test-dir/MiniOzoneClusterImpl-ed39ddd9-82bf-4bf6-8741-acb42c98007c/ozone-meta/datanode-1/ratis to VolumeSet
2024-04-21 07:17:21,746 [main] INFO  ozoneimpl.OzoneContainer (HddsVolumeUtil.java:loadAllHddsVolumeDbStore(103)) - Load 1 volumes DbStore cost: 0ms
2024-04-21 07:17:21,748 [main] INFO  server.RaftServer (ConfUtils.java:logGet(46)) - raft.rpc.type = GRPC (default)
2024-04-21 07:17:21,748 [main] INFO  grpc.GrpcConfigKeys (ConfUtils.java:logFallback(53)) - raft.grpc.admin.host = null (fallback to raft.grpc.server.host)
2024-04-21 07:17:21,748 [main] INFO  grpc.GrpcConfigKeys (ConfUtils.java:logGet(46)) - raft.grpc.admin.port = 15119 (custom)
2024-04-21 07:17:21,748 [main] INFO  grpc.GrpcConfigKeys (ConfUtils.java:logFallback(53)) - raft.grpc.client.host = null (fallback to raft.grpc.server.host)
2024-04-21 07:17:21,749 [main] INFO  grpc.GrpcConfigKeys (ConfUtils.java:logGet(46)) - raft.grpc.client.port = 15118 (custom)
2024-04-21 07:17:21,749 [main] INFO  grpc.GrpcConfigKeys (ConfUtils.java:logGet(46)) - raft.grpc.server.host = null (default)
2024-04-21 07:17:21,749 [main] INFO  grpc.GrpcConfigKeys (ConfUtils.java:logGet(46)) - raft.grpc.server.port = 15120 (custom)
2024-04-21 07:17:21,750 [main] INFO  server.GrpcService (ConfUtils.java:logGet(46)) - raft.grpc.message.size.max = 32MB (=33554432) (custom)
2024-04-21 07:17:21,750 [main] INFO  server.RaftServerConfigKeys (ConfUtils.java:logGet(46)) - raft.server.log.appender.buffer.byte-limit = 8388608 (custom)
2024-04-21 07:17:21,750 [main] INFO  server.GrpcService (ConfUtils.java:logGet(46)) - raft.grpc.flow.control.window = 5MB (=5242880) (custom)
2024-04-21 07:17:21,750 [main] INFO  server.RaftServerConfigKeys (ConfUtils.java:logGet(46)) - raft.server.rpc.request.timeout = 3000ms (default)
2024-04-21 07:17:21,751 [main] INFO  grpc.GrpcConfigKeys (ConfUtils.java:logGet(46)) - raft.grpc.server.heartbeat.channel = true (default)
2024-04-21 07:17:21,751 [main] INFO  grpc.GrpcConfigKeys (ConfUtils.java:logGet(46)) - raft.grpc.server.async.request.thread.pool.cached = true (default)
2024-04-21 07:17:21,751 [main] INFO  grpc.GrpcConfigKeys (ConfUtils.java:logGet(46)) - raft.grpc.server.async.request.thread.pool.size = 32 (default)
2024-04-21 07:17:21,755 [main] INFO  impl.DataStreamServerImpl (ConfUtils.java:logGet(46)) - raft.datastream.type = NETTY (custom)
2024-04-21 07:17:21,755 [main] INFO  server.RaftServerConfigKeys (ConfUtils.java:logGet(46)) - raft.server.data-stream.async.request.thread.pool.cached = false (default)
2024-04-21 07:17:21,755 [main] INFO  server.RaftServerConfigKeys (ConfUtils.java:logGet(46)) - raft.server.data-stream.async.request.thread.pool.size = 20 (custom)
2024-04-21 07:17:21,755 [main] INFO  server.RaftServerConfigKeys (ConfUtils.java:logGet(46)) - raft.server.data-stream.async.write.thread.pool.size = 16 (default)
2024-04-21 07:17:21,756 [main] INFO  netty.NettyConfigKeys$DataStream (ConfUtils.java:logGet(46)) - raft.netty.dataStream.server.channel.inactive.grace-period = 10min (default)
2024-04-21 07:17:21,756 [main] INFO  server.RaftServerConfigKeys (ConfUtils.java:logGet(46)) - raft.server.data-stream.client.pool.size = 10 (default)
2024-04-21 07:17:21,756 [main] INFO  netty.NettyConfigKeys$DataStream (ConfUtils.java:logGet(46)) - raft.netty.dataStream.server.use-epoll = true (default)
2024-04-21 07:17:21,757 [main] INFO  netty.NettyConfigKeys$DataStream (ConfUtils.java:logGet(46)) - raft.netty.dataStream.server.boss-group.size = 0 (default)
2024-04-21 07:17:21,757 [main] INFO  netty.NettyUtils (NettyUtils.java:newEventLoopGroup(69)) - Create EpollEventLoopGroup for 9387e6e8-bf6d-4d10-9dc1-f1bd05fc02cf-NettyServerStreamRpc-bossGroup; Thread size is 0.
2024-04-21 07:17:21,757 [main] INFO  netty.NettyConfigKeys$DataStream (ConfUtils.java:logGet(46)) - raft.netty.dataStream.server.worker-group.size = 0 (default)
2024-04-21 07:17:21,758 [main] INFO  netty.NettyUtils (NettyUtils.java:newEventLoopGroup(69)) - Create EpollEventLoopGroup for 9387e6e8-bf6d-4d10-9dc1-f1bd05fc02cf-NettyServerStreamRpc-workerGroup; Thread size is 0.
2024-04-21 07:17:21,758 [main] INFO  netty.NettyConfigKeys$DataStream (ConfUtils.java:logGet(46)) - raft.netty.dataStream.server.tls.conf = null (default)
2024-04-21 07:17:21,758 [main] INFO  netty.NettyConfigKeys$DataStream (ConfUtils.java:logGet(46)) - raft.netty.dataStream.host = null (default)
2024-04-21 07:17:21,759 [main] INFO  netty.NettyConfigKeys$DataStream (ConfUtils.java:logGet(46)) - raft.netty.dataStream.port = 15121 (custom)
2024-04-21 07:17:21,759 [main] INFO  server.RaftServerConfigKeys (ConfUtils.java:logGet(46)) - raft.server.sleep.deviation.threshold = 300ms (default)
2024-04-21 07:17:21,759 [main] INFO  server.RaftServerConfigKeys (ConfUtils.java:logGet(46)) - raft.server.close.threshold = 60s (default)
2024-04-21 07:17:21,760 [main] INFO  server.RaftServerConfigKeys (ConfUtils.java:logGet(46)) - raft.server.leaderelection.leader.step-down.wait-time = 10s (default)
2024-04-21 07:17:21,760 [main] INFO  server.RaftServerConfigKeys (ConfUtils.java:logGet(46)) - raft.server.storage.dir = [/home/runner/work/ozone/ozone/hadoop-ozone/integration-test/target/test-dir/MiniOzoneClusterImpl-ed39ddd9-82bf-4bf6-8741-acb42c98007c/ozone-meta/datanode-1/ratis] (custom)
2024-04-21 07:17:21,760 [main] INFO  server.RaftServerConfigKeys (ConfUtils.java:logGet(46)) - raft.server.threadpool.proxy.cached = true (default)
2024-04-21 07:17:21,760 [main] INFO  server.RaftServerConfigKeys (ConfUtils.java:logGet(46)) - raft.server.threadpool.proxy.size = 0 (default)
2024-04-21 07:17:21,761 [9387e6e8-bf6d-4d10-9dc1-f1bd05fc02cf-NettyServerStreamRpc-bossGroup--thread1] INFO  logging.LoggingHandler (AbstractInternalLogger.java:log(148)) - [id: 0x655b34e2] REGISTERED
2024-04-21 07:17:21,761 [9387e6e8-bf6d-4d10-9dc1-f1bd05fc02cf-NettyServerStreamRpc-bossGroup--thread1] INFO  logging.LoggingHandler (AbstractInternalLogger.java:log(148)) - [id: 0x655b34e2] BIND: 0.0.0.0/0.0.0.0:15121
2024-04-21 07:17:21,761 [9387e6e8-bf6d-4d10-9dc1-f1bd05fc02cf-NettyServerStreamRpc-bossGroup--thread1] INFO  logging.LoggingHandler (AbstractInternalLogger.java:log(148)) - [id: 0x655b34e2, L:/0.0.0.0:15121] ACTIVE
2024-04-21 07:17:21,761 [9387e6e8-bf6d-4d10-9dc1-f1bd05fc02cf-impl-thread1] INFO  server.RaftServer (RaftServerProxy.java:initGroupDir(264)) - 9387e6e8-bf6d-4d10-9dc1-f1bd05fc02cf: found a subdirectory /home/runner/work/ozone/ozone/hadoop-ozone/integration-test/target/test-dir/MiniOzoneClusterImpl-ed39ddd9-82bf-4bf6-8741-acb42c98007c/ozone-meta/datanode-1/ratis/tmp
2024-04-21 07:17:21,761 [9387e6e8-bf6d-4d10-9dc1-f1bd05fc02cf-impl-thread1] INFO  server.RaftServer (RaftServerProxy.java:initGroupDir(269)) - 9387e6e8-bf6d-4d10-9dc1-f1bd05fc02cf: The directory /home/runner/work/ozone/ozone/hadoop-ozone/integration-test/target/test-dir/MiniOzoneClusterImpl-ed39ddd9-82bf-4bf6-8741-acb42c98007c/ozone-meta/datanode-1/ratis/tmp is not a group directory; ignoring it. 
2024-04-21 07:17:21,762 [main] INFO  replication.ReplicationServer (ReplicationServer.java:<init>(86)) - Initializing replication server with thread count = 10 queue length = 4096
2024-04-21 07:17:21,763 [main] INFO  server.XceiverServerGrpc (XceiverServerGrpc.java:<init>(141)) - GrpcServer channel type EpollServerSocketChannel
2024-04-21 07:17:21,765 [main] INFO  replication.ReplicationSupervisor (ReplicationSupervisor.java:build(157)) - Initializing replication supervisor with thread count = 10
2024-04-21 07:17:21,765 [main] INFO  replication.ReplicationSupervisor (ReplicationSupervisor.java:nodeStateUpdated(312)) - Node state updated to IN_SERVICE, scaling executor pool size to 10
2024-04-21 07:17:21,771 [main] INFO  http.BaseHttpServer (BaseHttpServer.java:newHttpServer2BuilderForOzone(223)) - Starting Web-server for hddsDatanode at: http://0.0.0.0:15115
2024-04-21 07:17:21,771 [main] INFO  http.BaseHttpServer (BaseHttpServer.java:<init>(110)) - Hadoop Security Enabled: false Ozone Security Enabled: false Ozone HTTP Security Enabled: false 
2024-04-21 07:17:21,772 [main] WARN  server.AuthenticationFilter (AuthenticationFilter.java:constructSecretProvider(240)) - Unable to initialize FileSignerSecretProvider, falling back to use random secrets. Reason: Could not read signature secret file: /home/runner/hadoop-http-auth-signature-secret
2024-04-21 07:17:21,773 [main] INFO  http.HttpRequestLog (HttpRequestLog.java:getRequestLog(86)) - Http request log for http.requests.hddsDatanode is not defined
2024-04-21 07:17:21,774 [main] INFO  http.HttpServer2 (HttpServer2.java:addGlobalFilter(1036)) - Added global filter 'safety' (class=org.apache.hadoop.hdds.server.http.HttpServer2$QuotingInputFilter)
2024-04-21 07:17:21,774 [main] INFO  http.HttpServer2 (HttpServer2.java:addFilter(1012)) - Added filter static_user_filter (class=org.apache.hadoop.http.lib.StaticUserWebFilter$StaticUserFilter) to context hddsDatanode
2024-04-21 07:17:21,774 [main] INFO  http.HttpServer2 (HttpServer2.java:addFilter(1020)) - Added filter static_user_filter (class=org.apache.hadoop.http.lib.StaticUserWebFilter$StaticUserFilter) to context logs
2024-04-21 07:17:21,775 [main] INFO  http.HttpServer2 (HttpServer2.java:addFilter(1020)) - Added filter static_user_filter (class=org.apache.hadoop.http.lib.StaticUserWebFilter$StaticUserFilter) to context static
2024-04-21 07:17:21,775 [main] INFO  http.BaseHttpServer (BaseHttpServer.java:<init>(189)) - HTTP server of hddsDatanode uses base directory /home/runner/work/ozone/ozone/hadoop-ozone/integration-test/target/test-dir/MiniOzoneClusterImpl-ed39ddd9-82bf-4bf6-8741-acb42c98007c/ozone-meta/datanode-1/meta/webserver
2024-04-21 07:17:21,776 [main] INFO  http.HttpServer2 (HttpServer2.java:bindListener(1236)) - Jetty bound to port 15115
2024-04-21 07:17:21,776 [main] INFO  server.Server (Server.java:doStart(375)) - jetty-9.4.53.v20231009; built: 2023-10-09T12:29:09.265Z; git: 27bde00a0b95a1d5bbee0eae7984f891d2d0f8c9; jvm 1.8.0_402-b06
2024-04-21 07:17:21,780 [main] INFO  server.session (DefaultSessionIdManager.java:doStart(334)) - DefaultSessionIdManager workerName=node0
2024-04-21 07:17:21,781 [main] INFO  server.session (DefaultSessionIdManager.java:doStart(339)) - No SessionScavenger set, using defaults
2024-04-21 07:17:21,781 [main] INFO  server.session (HouseKeeper.java:startScavenging(132)) - node0 Scavenging every 600000ms
2024-04-21 07:17:21,783 [main] INFO  handler.ContextHandler (ContextHandler.java:doStart(921)) - Started o.e.j.s.ServletContextHandler@338538f4{logs,/logs,file:///home/runner/work/ozone/ozone/hadoop-ozone/integration-test/target/log,AVAILABLE}
2024-04-21 07:17:21,783 [main] INFO  handler.ContextHandler (ContextHandler.java:doStart(921)) - Started o.e.j.s.ServletContextHandler@1cd9f6af{static,/static,file:///home/runner/work/ozone/ozone/hadoop-hdds/container-service/target/classes/webapps/static,AVAILABLE}
2024-04-21 07:17:21,787 [main] INFO  handler.ContextHandler (ContextHandler.java:doStart(921)) - Started o.e.j.w.WebAppContext@5c902cbd{hddsDatanode,/,file:///home/runner/work/ozone/ozone/hadoop-hdds/container-service/target/classes/webapps/hddsDatanode/,AVAILABLE}{file:/home/runner/work/ozone/ozone/hadoop-hdds/container-service/target/classes/webapps/hddsDatanode}
2024-04-21 07:17:21,788 [main] INFO  server.AbstractConnector (AbstractConnector.java:doStart(333)) - Started ServerConnector@4be84993{HTTP/1.1, (http/1.1)}{0.0.0.0:15115}
2024-04-21 07:17:21,789 [main] INFO  server.Server (Server.java:doStart(415)) - Started @113991ms
2024-04-21 07:17:21,789 [main] WARN  impl.MetricsSystemImpl (MetricsSystemImpl.java:register(279)) - Sink prometheus already exists!
2024-04-21 07:17:21,791 [main] INFO  http.BaseHttpServer (BaseHttpServer.java:updateConnectorAddress(354)) - HTTP server of hddsDatanode listening at http://0.0.0.0:15115
2024-04-21 07:17:21,791 [main] INFO  ipc.CallQueueManager (CallQueueManager.java:<init>(90)) - Using callQueue: class java.util.concurrent.LinkedBlockingQueue, queueCapacity: 100, scheduler: class org.apache.hadoop.ipc.DefaultRpcScheduler, ipcBackoff: false.
2024-04-21 07:17:21,791 [main] INFO  ipc.Server (Server.java:<init>(1287)) - Listener at 0.0.0.0:15116
2024-04-21 07:17:21,792 [Socket Reader #1 for port 15116] INFO  ipc.Server (Server.java:run(1323)) - Starting Socket Reader #1 for port 15116
2024-04-21 07:17:21,796 [main] INFO  ozone.HddsDatanodeService (HddsDatanodeService.java:start(327)) - Datanode start with admins: [runner]
2024-04-21 07:17:21,796 [main] INFO  ozone.HddsDatanodeClientProtocolServer (HddsDatanodeClientProtocolServer.java:start(77)) - RPC server for Client /0.0.0.0:15116
2024-04-21 07:17:21,797 [IPC Server Responder] INFO  ipc.Server (Server.java:run(1562)) - IPC Server Responder: starting
2024-04-21 07:17:21,797 [IPC Server listener on 15116] INFO  ipc.Server (Server.java:run(1402)) - IPC Server listener on 15116: starting
2024-04-21 07:17:21,800 [9387e6e8-bf6d-4d10-9dc1-f1bd05fc02cf-DatanodeStateMachineDaemonThread] INFO  statemachine.DatanodeStateMachine (DatanodeStateMachine.java:lambda$startDaemon$1(555)) - Ozone container server started.
2024-04-21 07:17:21,801 [main] WARN  dropwizard3.Dm3MetricRegistriesImpl (Dm3MetricRegistriesImpl.java:addReporterRegistration(113)) - New reporters are added after registries were created. Some metrics will be missing from the reporter. Please add reporter before adding any new registry.
2024-04-21 07:17:21,802 [main] WARN  dropwizard3.Dm3MetricRegistriesImpl (Dm3MetricRegistriesImpl.java:addReporterRegistration(113)) - New reporters are added after registries were created. Some metrics will be missing from the reporter. Please add reporter before adding any new registry.
2024-04-21 07:17:21,802 [main] INFO  impl.MetricsSystemImpl (MetricsSystemImpl.java:init(158)) - HddsDatanode metrics system started (again)
2024-04-21 07:17:21,806 [9387e6e8-bf6d-4d10-9dc1-f1bd05fc02cf-DatanodeStateMachineTaskThread-0] INFO  datanode.InitDatanodeState (InitDatanodeState.java:persistContainerDatanodeDetails(139)) - DatanodeDetails is persisted to /home/runner/work/ozone/ozone/hadoop-ozone/integration-test/target/test-dir/MiniOzoneClusterImpl-ed39ddd9-82bf-4bf6-8741-acb42c98007c/ozone-meta/datanode-1/meta/datanode.id
2024-04-21 07:17:21,816 [main] INFO  ozone.HddsDatanodeService (HddsDatanodeService.java:start(240)) - HddsDatanodeService host:fv-az1428-63 ip:10.1.0.102
2024-04-21 07:17:21,833 [main] INFO  upgrade.AbstractLayoutVersionManager (AbstractLayoutVersionManager.java:init(83)) - Initializing Layout version manager with metadata layout = HADOOP_PRC_PORTS_IN_DATANODEDETAILS (version = 7), software layout = HADOOP_PRC_PORTS_IN_DATANODEDETAILS (version = 7)
2024-04-21 07:17:21,834 [main] INFO  statemachine.DatanodeStateMachine (DatanodeStateMachine.java:getEndPointTaskThreadPoolSize(299)) - Datanode State Machine Task Thread Pool size 2
2024-04-21 07:17:21,835 [main] INFO  volume.HddsVolume (HddsVolume.java:<init>(126)) - Creating HddsVolume: /home/runner/work/ozone/ozone/hadoop-ozone/integration-test/target/test-dir/MiniOzoneClusterImpl-ed39ddd9-82bf-4bf6-8741-acb42c98007c/ozone-meta/datanode-2/data-0/hdds of storage type : DISK capacity : 9223372036854775807
2024-04-21 07:17:21,836 [main] INFO  volume.MutableVolumeSet (MutableVolumeSet.java:initializeVolumeSet(173)) - Added Volume : /home/runner/work/ozone/ozone/hadoop-ozone/integration-test/target/test-dir/MiniOzoneClusterImpl-ed39ddd9-82bf-4bf6-8741-acb42c98007c/ozone-meta/datanode-2/data-0/hdds to VolumeSet
2024-04-21 07:17:21,836 [main] INFO  volume.MutableVolumeSet (MutableVolumeSet.java:initializeVolumeSet(173)) - Added Volume : /home/runner/work/ozone/ozone/hadoop-ozone/integration-test/target/test-dir/MiniOzoneClusterImpl-ed39ddd9-82bf-4bf6-8741-acb42c98007c/ozone-meta/datanode-2/ratis to VolumeSet
2024-04-21 07:17:21,836 [main] INFO  ozoneimpl.OzoneContainer (HddsVolumeUtil.java:loadAllHddsVolumeDbStore(103)) - Load 1 volumes DbStore cost: 0ms
2024-04-21 07:17:21,838 [main] INFO  server.RaftServer (ConfUtils.java:logGet(46)) - raft.rpc.type = GRPC (default)
2024-04-21 07:17:21,839 [main] INFO  grpc.GrpcConfigKeys (ConfUtils.java:logFallback(53)) - raft.grpc.admin.host = null (fallback to raft.grpc.server.host)
2024-04-21 07:17:21,839 [main] INFO  grpc.GrpcConfigKeys (ConfUtils.java:logGet(46)) - raft.grpc.admin.port = 15128 (custom)
2024-04-21 07:17:21,839 [main] INFO  grpc.GrpcConfigKeys (ConfUtils.java:logFallback(53)) - raft.grpc.client.host = null (fallback to raft.grpc.server.host)
2024-04-21 07:17:21,840 [main] INFO  grpc.GrpcConfigKeys (ConfUtils.java:logGet(46)) - raft.grpc.client.port = 15127 (custom)
2024-04-21 07:17:21,840 [main] INFO  grpc.GrpcConfigKeys (ConfUtils.java:logGet(46)) - raft.grpc.server.host = null (default)
2024-04-21 07:17:21,840 [main] INFO  grpc.GrpcConfigKeys (ConfUtils.java:logGet(46)) - raft.grpc.server.port = 15129 (custom)
2024-04-21 07:17:21,840 [main] INFO  server.GrpcService (ConfUtils.java:logGet(46)) - raft.grpc.message.size.max = 32MB (=33554432) (custom)
2024-04-21 07:17:21,841 [main] INFO  server.RaftServerConfigKeys (ConfUtils.java:logGet(46)) - raft.server.log.appender.buffer.byte-limit = 8388608 (custom)
2024-04-21 07:17:21,841 [main] INFO  server.GrpcService (ConfUtils.java:logGet(46)) - raft.grpc.flow.control.window = 5MB (=5242880) (custom)
2024-04-21 07:17:21,841 [main] INFO  server.RaftServerConfigKeys (ConfUtils.java:logGet(46)) - raft.server.rpc.request.timeout = 3000ms (default)
2024-04-21 07:17:21,841 [main] INFO  grpc.GrpcConfigKeys (ConfUtils.java:logGet(46)) - raft.grpc.server.heartbeat.channel = true (default)
2024-04-21 07:17:21,842 [main] INFO  grpc.GrpcConfigKeys (ConfUtils.java:logGet(46)) - raft.grpc.server.async.request.thread.pool.cached = true (default)
2024-04-21 07:17:21,842 [main] INFO  grpc.GrpcConfigKeys (ConfUtils.java:logGet(46)) - raft.grpc.server.async.request.thread.pool.size = 32 (default)
2024-04-21 07:17:21,845 [main] INFO  impl.DataStreamServerImpl (ConfUtils.java:logGet(46)) - raft.datastream.type = NETTY (custom)
2024-04-21 07:17:21,846 [main] INFO  server.RaftServerConfigKeys (ConfUtils.java:logGet(46)) - raft.server.data-stream.async.request.thread.pool.cached = false (default)
2024-04-21 07:17:21,846 [main] INFO  server.RaftServerConfigKeys (ConfUtils.java:logGet(46)) - raft.server.data-stream.async.request.thread.pool.size = 20 (custom)
2024-04-21 07:17:21,846 [main] INFO  server.RaftServerConfigKeys (ConfUtils.java:logGet(46)) - raft.server.data-stream.async.write.thread.pool.size = 16 (default)
2024-04-21 07:17:21,847 [main] INFO  netty.NettyConfigKeys$DataStream (ConfUtils.java:logGet(46)) - raft.netty.dataStream.server.channel.inactive.grace-period = 10min (default)
2024-04-21 07:17:21,847 [main] INFO  server.RaftServerConfigKeys (ConfUtils.java:logGet(46)) - raft.server.data-stream.client.pool.size = 10 (default)
2024-04-21 07:17:21,847 [main] INFO  netty.NettyConfigKeys$DataStream (ConfUtils.java:logGet(46)) - raft.netty.dataStream.server.use-epoll = true (default)
2024-04-21 07:17:21,847 [main] INFO  netty.NettyConfigKeys$DataStream (ConfUtils.java:logGet(46)) - raft.netty.dataStream.server.boss-group.size = 0 (default)
2024-04-21 07:17:21,848 [main] INFO  netty.NettyUtils (NettyUtils.java:newEventLoopGroup(69)) - Create EpollEventLoopGroup for 33d4fa9a-f1b5-45a2-9ce3-43c86fd82df2-NettyServerStreamRpc-bossGroup; Thread size is 0.
2024-04-21 07:17:21,848 [main] INFO  netty.NettyConfigKeys$DataStream (ConfUtils.java:logGet(46)) - raft.netty.dataStream.server.worker-group.size = 0 (default)
2024-04-21 07:17:21,848 [main] INFO  netty.NettyUtils (NettyUtils.java:newEventLoopGroup(69)) - Create EpollEventLoopGroup for 33d4fa9a-f1b5-45a2-9ce3-43c86fd82df2-NettyServerStreamRpc-workerGroup; Thread size is 0.
2024-04-21 07:17:21,849 [main] INFO  netty.NettyConfigKeys$DataStream (ConfUtils.java:logGet(46)) - raft.netty.dataStream.server.tls.conf = null (default)
2024-04-21 07:17:21,849 [main] INFO  netty.NettyConfigKeys$DataStream (ConfUtils.java:logGet(46)) - raft.netty.dataStream.host = null (default)
2024-04-21 07:17:21,849 [main] INFO  netty.NettyConfigKeys$DataStream (ConfUtils.java:logGet(46)) - raft.netty.dataStream.port = 15130 (custom)
2024-04-21 07:17:21,850 [main] INFO  server.RaftServerConfigKeys (ConfUtils.java:logGet(46)) - raft.server.sleep.deviation.threshold = 300ms (default)
2024-04-21 07:17:21,850 [main] INFO  server.RaftServerConfigKeys (ConfUtils.java:logGet(46)) - raft.server.close.threshold = 60s (default)
2024-04-21 07:17:21,850 [main] INFO  server.RaftServerConfigKeys (ConfUtils.java:logGet(46)) - raft.server.leaderelection.leader.step-down.wait-time = 10s (default)
2024-04-21 07:17:21,851 [main] INFO  server.RaftServerConfigKeys (ConfUtils.java:logGet(46)) - raft.server.storage.dir = [/home/runner/work/ozone/ozone/hadoop-ozone/integration-test/target/test-dir/MiniOzoneClusterImpl-ed39ddd9-82bf-4bf6-8741-acb42c98007c/ozone-meta/datanode-2/ratis] (custom)
2024-04-21 07:17:21,851 [main] INFO  server.RaftServerConfigKeys (ConfUtils.java:logGet(46)) - raft.server.threadpool.proxy.cached = true (default)
2024-04-21 07:17:21,851 [main] INFO  server.RaftServerConfigKeys (ConfUtils.java:logGet(46)) - raft.server.threadpool.proxy.size = 0 (default)
2024-04-21 07:17:21,850 [33d4fa9a-f1b5-45a2-9ce3-43c86fd82df2-NettyServerStreamRpc-bossGroup--thread1] INFO  logging.LoggingHandler (AbstractInternalLogger.java:log(148)) - [id: 0x7dba43f0] REGISTERED
2024-04-21 07:17:21,852 [33d4fa9a-f1b5-45a2-9ce3-43c86fd82df2-NettyServerStreamRpc-bossGroup--thread1] INFO  logging.LoggingHandler (AbstractInternalLogger.java:log(148)) - [id: 0x7dba43f0] BIND: 0.0.0.0/0.0.0.0:15130
2024-04-21 07:17:21,852 [33d4fa9a-f1b5-45a2-9ce3-43c86fd82df2-NettyServerStreamRpc-bossGroup--thread1] INFO  logging.LoggingHandler (AbstractInternalLogger.java:log(148)) - [id: 0x7dba43f0, L:/0.0.0.0:15130] ACTIVE
2024-04-21 07:17:21,852 [33d4fa9a-f1b5-45a2-9ce3-43c86fd82df2-impl-thread1] INFO  server.RaftServer (RaftServerProxy.java:initGroupDir(264)) - 33d4fa9a-f1b5-45a2-9ce3-43c86fd82df2: found a subdirectory /home/runner/work/ozone/ozone/hadoop-ozone/integration-test/target/test-dir/MiniOzoneClusterImpl-ed39ddd9-82bf-4bf6-8741-acb42c98007c/ozone-meta/datanode-2/ratis/tmp
2024-04-21 07:17:21,852 [33d4fa9a-f1b5-45a2-9ce3-43c86fd82df2-impl-thread1] INFO  server.RaftServer (RaftServerProxy.java:initGroupDir(269)) - 33d4fa9a-f1b5-45a2-9ce3-43c86fd82df2: The directory /home/runner/work/ozone/ozone/hadoop-ozone/integration-test/target/test-dir/MiniOzoneClusterImpl-ed39ddd9-82bf-4bf6-8741-acb42c98007c/ozone-meta/datanode-2/ratis/tmp is not a group directory; ignoring it. 
2024-04-21 07:17:21,852 [main] INFO  replication.ReplicationServer (ReplicationServer.java:<init>(86)) - Initializing replication server with thread count = 10 queue length = 4096
2024-04-21 07:17:21,853 [main] INFO  server.XceiverServerGrpc (XceiverServerGrpc.java:<init>(141)) - GrpcServer channel type EpollServerSocketChannel
2024-04-21 07:17:21,855 [main] INFO  replication.ReplicationSupervisor (ReplicationSupervisor.java:build(157)) - Initializing replication supervisor with thread count = 10
2024-04-21 07:17:21,855 [main] INFO  replication.ReplicationSupervisor (ReplicationSupervisor.java:nodeStateUpdated(312)) - Node state updated to IN_SERVICE, scaling executor pool size to 10
2024-04-21 07:17:21,857 [main] INFO  http.BaseHttpServer (BaseHttpServer.java:newHttpServer2BuilderForOzone(223)) - Starting Web-server for hddsDatanode at: http://0.0.0.0:15124
2024-04-21 07:17:21,857 [main] INFO  http.BaseHttpServer (BaseHttpServer.java:<init>(110)) - Hadoop Security Enabled: false Ozone Security Enabled: false Ozone HTTP Security Enabled: false 
2024-04-21 07:17:21,858 [main] WARN  server.AuthenticationFilter (AuthenticationFilter.java:constructSecretProvider(240)) - Unable to initialize FileSignerSecretProvider, falling back to use random secrets. Reason: Could not read signature secret file: /home/runner/hadoop-http-auth-signature-secret
2024-04-21 07:17:21,858 [main] INFO  http.HttpRequestLog (HttpRequestLog.java:getRequestLog(86)) - Http request log for http.requests.hddsDatanode is not defined
2024-04-21 07:17:21,860 [main] INFO  http.HttpServer2 (HttpServer2.java:addGlobalFilter(1036)) - Added global filter 'safety' (class=org.apache.hadoop.hdds.server.http.HttpServer2$QuotingInputFilter)
2024-04-21 07:17:21,860 [main] INFO  http.HttpServer2 (HttpServer2.java:addFilter(1012)) - Added filter static_user_filter (class=org.apache.hadoop.http.lib.StaticUserWebFilter$StaticUserFilter) to context hddsDatanode
2024-04-21 07:17:21,860 [main] INFO  http.HttpServer2 (HttpServer2.java:addFilter(1020)) - Added filter static_user_filter (class=org.apache.hadoop.http.lib.StaticUserWebFilter$StaticUserFilter) to context static
2024-04-21 07:17:21,861 [main] INFO  http.HttpServer2 (HttpServer2.java:addFilter(1020)) - Added filter static_user_filter (class=org.apache.hadoop.http.lib.StaticUserWebFilter$StaticUserFilter) to context logs
2024-04-21 07:17:21,861 [main] INFO  http.BaseHttpServer (BaseHttpServer.java:<init>(189)) - HTTP server of hddsDatanode uses base directory /home/runner/work/ozone/ozone/hadoop-ozone/integration-test/target/test-dir/MiniOzoneClusterImpl-ed39ddd9-82bf-4bf6-8741-acb42c98007c/ozone-meta/datanode-2/meta/webserver
2024-04-21 07:17:21,861 [main] INFO  http.HttpServer2 (HttpServer2.java:bindListener(1236)) - Jetty bound to port 15124
2024-04-21 07:17:21,862 [main] INFO  server.Server (Server.java:doStart(375)) - jetty-9.4.53.v20231009; built: 2023-10-09T12:29:09.265Z; git: 27bde00a0b95a1d5bbee0eae7984f891d2d0f8c9; jvm 1.8.0_402-b06
2024-04-21 07:17:21,862 [main] INFO  server.session (DefaultSessionIdManager.java:doStart(334)) - DefaultSessionIdManager workerName=node0
2024-04-21 07:17:21,863 [main] INFO  server.session (DefaultSessionIdManager.java:doStart(339)) - No SessionScavenger set, using defaults
2024-04-21 07:17:21,863 [main] INFO  server.session (HouseKeeper.java:startScavenging(132)) - node0 Scavenging every 600000ms
2024-04-21 07:17:21,863 [main] INFO  handler.ContextHandler (ContextHandler.java:doStart(921)) - Started o.e.j.s.ServletContextHandler@676f9cc6{logs,/logs,file:///home/runner/work/ozone/ozone/hadoop-ozone/integration-test/target/log,AVAILABLE}
2024-04-21 07:17:21,864 [main] INFO  handler.ContextHandler (ContextHandler.java:doStart(921)) - Started o.e.j.s.ServletContextHandler@73d93aac{static,/static,file:///home/runner/work/ozone/ozone/hadoop-hdds/container-service/target/classes/webapps/static,AVAILABLE}
2024-04-21 07:17:21,866 [main] INFO  handler.ContextHandler (ContextHandler.java:doStart(921)) - Started o.e.j.w.WebAppContext@4b1010ac{hddsDatanode,/,file:///home/runner/work/ozone/ozone/hadoop-hdds/container-service/target/classes/webapps/hddsDatanode/,AVAILABLE}{file:/home/runner/work/ozone/ozone/hadoop-hdds/container-service/target/classes/webapps/hddsDatanode}
2024-04-21 07:17:21,868 [main] INFO  server.AbstractConnector (AbstractConnector.java:doStart(333)) - Started ServerConnector@6548432d{HTTP/1.1, (http/1.1)}{0.0.0.0:15124}
2024-04-21 07:17:21,868 [main] INFO  server.Server (Server.java:doStart(415)) - Started @114070ms
2024-04-21 07:17:21,869 [main] WARN  impl.MetricsSystemImpl (MetricsSystemImpl.java:register(279)) - Sink prometheus already exists!
2024-04-21 07:17:21,869 [main] INFO  http.BaseHttpServer (BaseHttpServer.java:updateConnectorAddress(354)) - HTTP server of hddsDatanode listening at http://0.0.0.0:15124
2024-04-21 07:17:21,869 [main] INFO  ipc.CallQueueManager (CallQueueManager.java:<init>(90)) - Using callQueue: class java.util.concurrent.LinkedBlockingQueue, queueCapacity: 100, scheduler: class org.apache.hadoop.ipc.DefaultRpcScheduler, ipcBackoff: false.
2024-04-21 07:17:21,870 [main] INFO  ipc.Server (Server.java:<init>(1287)) - Listener at 0.0.0.0:15125
2024-04-21 07:17:21,870 [Socket Reader #1 for port 15125] INFO  ipc.Server (Server.java:run(1323)) - Starting Socket Reader #1 for port 15125
2024-04-21 07:17:21,871 [main] INFO  ozone.HddsDatanodeService (HddsDatanodeService.java:start(327)) - Datanode start with admins: [runner]
2024-04-21 07:17:21,872 [main] INFO  ozone.HddsDatanodeClientProtocolServer (HddsDatanodeClientProtocolServer.java:start(77)) - RPC server for Client /0.0.0.0:15125
2024-04-21 07:17:21,872 [IPC Server Responder] INFO  ipc.Server (Server.java:run(1562)) - IPC Server Responder: starting
2024-04-21 07:17:21,872 [IPC Server listener on 15125] INFO  ipc.Server (Server.java:run(1402)) - IPC Server listener on 15125: starting
2024-04-21 07:17:21,874 [33d4fa9a-f1b5-45a2-9ce3-43c86fd82df2-DatanodeStateMachineDaemonThread] INFO  statemachine.DatanodeStateMachine (DatanodeStateMachine.java:lambda$startDaemon$1(555)) - Ozone container server started.
2024-04-21 07:17:21,874 [main] WARN  dropwizard3.Dm3MetricRegistriesImpl (Dm3MetricRegistriesImpl.java:addReporterRegistration(113)) - New reporters are added after registries were created. Some metrics will be missing from the reporter. Please add reporter before adding any new registry.
2024-04-21 07:17:21,874 [main] WARN  dropwizard3.Dm3MetricRegistriesImpl (Dm3MetricRegistriesImpl.java:addReporterRegistration(113)) - New reporters are added after registries were created. Some metrics will be missing from the reporter. Please add reporter before adding any new registry.
2024-04-21 07:17:21,874 [main] INFO  impl.MetricsSystemImpl (MetricsSystemImpl.java:init(158)) - HddsDatanode metrics system started (again)
2024-04-21 07:17:21,885 [33d4fa9a-f1b5-45a2-9ce3-43c86fd82df2-DatanodeStateMachineTaskThread-0] INFO  datanode.InitDatanodeState (InitDatanodeState.java:persistContainerDatanodeDetails(139)) - DatanodeDetails is persisted to /home/runner/work/ozone/ozone/hadoop-ozone/integration-test/target/test-dir/MiniOzoneClusterImpl-ed39ddd9-82bf-4bf6-8741-acb42c98007c/ozone-meta/datanode-2/meta/datanode.id
2024-04-21 07:17:21,886 [main] INFO  ozone.HddsDatanodeService (HddsDatanodeService.java:start(240)) - HddsDatanodeService host:fv-az1428-63 ip:10.1.0.102
2024-04-21 07:17:21,902 [main] INFO  upgrade.AbstractLayoutVersionManager (AbstractLayoutVersionManager.java:init(83)) - Initializing Layout version manager with metadata layout = HADOOP_PRC_PORTS_IN_DATANODEDETAILS (version = 7), software layout = HADOOP_PRC_PORTS_IN_DATANODEDETAILS (version = 7)
2024-04-21 07:17:21,903 [main] INFO  statemachine.DatanodeStateMachine (DatanodeStateMachine.java:getEndPointTaskThreadPoolSize(299)) - Datanode State Machine Task Thread Pool size 2
2024-04-21 07:17:21,904 [main] INFO  volume.HddsVolume (HddsVolume.java:<init>(126)) - Creating HddsVolume: /home/runner/work/ozone/ozone/hadoop-ozone/integration-test/target/test-dir/MiniOzoneClusterImpl-ed39ddd9-82bf-4bf6-8741-acb42c98007c/ozone-meta/datanode-3/data-0/hdds of storage type : DISK capacity : 9223372036854775807
2024-04-21 07:17:21,905 [main] INFO  volume.MutableVolumeSet (MutableVolumeSet.java:initializeVolumeSet(173)) - Added Volume : /home/runner/work/ozone/ozone/hadoop-ozone/integration-test/target/test-dir/MiniOzoneClusterImpl-ed39ddd9-82bf-4bf6-8741-acb42c98007c/ozone-meta/datanode-3/data-0/hdds to VolumeSet
2024-04-21 07:17:21,905 [main] INFO  volume.MutableVolumeSet (MutableVolumeSet.java:initializeVolumeSet(173)) - Added Volume : /home/runner/work/ozone/ozone/hadoop-ozone/integration-test/target/test-dir/MiniOzoneClusterImpl-ed39ddd9-82bf-4bf6-8741-acb42c98007c/ozone-meta/datanode-3/ratis to VolumeSet
2024-04-21 07:17:21,906 [main] INFO  ozoneimpl.OzoneContainer (HddsVolumeUtil.java:loadAllHddsVolumeDbStore(103)) - Load 1 volumes DbStore cost: 0ms
2024-04-21 07:17:21,908 [main] INFO  server.RaftServer (ConfUtils.java:logGet(46)) - raft.rpc.type = GRPC (default)
2024-04-21 07:17:21,908 [main] INFO  grpc.GrpcConfigKeys (ConfUtils.java:logFallback(53)) - raft.grpc.admin.host = null (fallback to raft.grpc.server.host)
2024-04-21 07:17:21,908 [main] INFO  grpc.GrpcConfigKeys (ConfUtils.java:logGet(46)) - raft.grpc.admin.port = 15137 (custom)
2024-04-21 07:17:21,909 [main] INFO  grpc.GrpcConfigKeys (ConfUtils.java:logFallback(53)) - raft.grpc.client.host = null (fallback to raft.grpc.server.host)
2024-04-21 07:17:21,909 [main] INFO  grpc.GrpcConfigKeys (ConfUtils.java:logGet(46)) - raft.grpc.client.port = 15136 (custom)
2024-04-21 07:17:21,909 [main] INFO  grpc.GrpcConfigKeys (ConfUtils.java:logGet(46)) - raft.grpc.server.host = null (default)
2024-04-21 07:17:21,909 [main] INFO  grpc.GrpcConfigKeys (ConfUtils.java:logGet(46)) - raft.grpc.server.port = 15138 (custom)
2024-04-21 07:17:21,910 [main] INFO  server.GrpcService (ConfUtils.java:logGet(46)) - raft.grpc.message.size.max = 32MB (=33554432) (custom)
2024-04-21 07:17:21,910 [main] INFO  server.RaftServerConfigKeys (ConfUtils.java:logGet(46)) - raft.server.log.appender.buffer.byte-limit = 8388608 (custom)
2024-04-21 07:17:21,910 [main] INFO  server.GrpcService (ConfUtils.java:logGet(46)) - raft.grpc.flow.control.window = 5MB (=5242880) (custom)
2024-04-21 07:17:21,910 [main] INFO  server.RaftServerConfigKeys (ConfUtils.java:logGet(46)) - raft.server.rpc.request.timeout = 3000ms (default)
2024-04-21 07:17:21,911 [main] INFO  grpc.GrpcConfigKeys (ConfUtils.java:logGet(46)) - raft.grpc.server.heartbeat.channel = true (default)
2024-04-21 07:17:21,911 [main] INFO  grpc.GrpcConfigKeys (ConfUtils.java:logGet(46)) - raft.grpc.server.async.request.thread.pool.cached = true (default)
2024-04-21 07:17:21,911 [main] INFO  grpc.GrpcConfigKeys (ConfUtils.java:logGet(46)) - raft.grpc.server.async.request.thread.pool.size = 32 (default)
2024-04-21 07:17:21,914 [main] INFO  impl.DataStreamServerImpl (ConfUtils.java:logGet(46)) - raft.datastream.type = NETTY (custom)
2024-04-21 07:17:21,914 [main] INFO  server.RaftServerConfigKeys (ConfUtils.java:logGet(46)) - raft.server.data-stream.async.request.thread.pool.cached = false (default)
2024-04-21 07:17:21,915 [main] INFO  server.RaftServerConfigKeys (ConfUtils.java:logGet(46)) - raft.server.data-stream.async.request.thread.pool.size = 20 (custom)
2024-04-21 07:17:21,915 [main] INFO  server.RaftServerConfigKeys (ConfUtils.java:logGet(46)) - raft.server.data-stream.async.write.thread.pool.size = 16 (default)
2024-04-21 07:17:21,915 [main] INFO  netty.NettyConfigKeys$DataStream (ConfUtils.java:logGet(46)) - raft.netty.dataStream.server.channel.inactive.grace-period = 10min (default)
2024-04-21 07:17:21,915 [main] INFO  server.RaftServerConfigKeys (ConfUtils.java:logGet(46)) - raft.server.data-stream.client.pool.size = 10 (default)
2024-04-21 07:17:21,916 [main] INFO  netty.NettyConfigKeys$DataStream (ConfUtils.java:logGet(46)) - raft.netty.dataStream.server.use-epoll = true (default)
2024-04-21 07:17:21,916 [main] INFO  netty.NettyConfigKeys$DataStream (ConfUtils.java:logGet(46)) - raft.netty.dataStream.server.boss-group.size = 0 (default)
2024-04-21 07:17:21,916 [main] INFO  netty.NettyUtils (NettyUtils.java:newEventLoopGroup(69)) - Create EpollEventLoopGroup for 6cf56e53-88cb-4022-bd56-d9b5c4d884ee-NettyServerStreamRpc-bossGroup; Thread size is 0.
2024-04-21 07:17:21,917 [main] INFO  netty.NettyConfigKeys$DataStream (ConfUtils.java:logGet(46)) - raft.netty.dataStream.server.worker-group.size = 0 (default)
2024-04-21 07:17:21,917 [main] INFO  netty.NettyUtils (NettyUtils.java:newEventLoopGroup(69)) - Create EpollEventLoopGroup for 6cf56e53-88cb-4022-bd56-d9b5c4d884ee-NettyServerStreamRpc-workerGroup; Thread size is 0.
2024-04-21 07:17:21,917 [main] INFO  netty.NettyConfigKeys$DataStream (ConfUtils.java:logGet(46)) - raft.netty.dataStream.server.tls.conf = null (default)
2024-04-21 07:17:21,917 [main] INFO  netty.NettyConfigKeys$DataStream (ConfUtils.java:logGet(46)) - raft.netty.dataStream.host = null (default)
2024-04-21 07:17:21,918 [main] INFO  netty.NettyConfigKeys$DataStream (ConfUtils.java:logGet(46)) - raft.netty.dataStream.port = 15139 (custom)
2024-04-21 07:17:21,918 [main] INFO  server.RaftServerConfigKeys (ConfUtils.java:logGet(46)) - raft.server.sleep.deviation.threshold = 300ms (default)
2024-04-21 07:17:21,918 [6cf56e53-88cb-4022-bd56-d9b5c4d884ee-NettyServerStreamRpc-bossGroup--thread1] INFO  logging.LoggingHandler (AbstractInternalLogger.java:log(148)) - [id: 0xe1f59414] REGISTERED
2024-04-21 07:17:21,918 [main] INFO  server.RaftServerConfigKeys (ConfUtils.java:logGet(46)) - raft.server.close.threshold = 60s (default)
2024-04-21 07:17:21,919 [6cf56e53-88cb-4022-bd56-d9b5c4d884ee-NettyServerStreamRpc-bossGroup--thread1] INFO  logging.LoggingHandler (AbstractInternalLogger.java:log(148)) - [id: 0xe1f59414] BIND: 0.0.0.0/0.0.0.0:15139
2024-04-21 07:17:21,919 [main] INFO  server.RaftServerConfigKeys (ConfUtils.java:logGet(46)) - raft.server.leaderelection.leader.step-down.wait-time = 10s (default)
2024-04-21 07:17:21,919 [6cf56e53-88cb-4022-bd56-d9b5c4d884ee-NettyServerStreamRpc-bossGroup--thread1] INFO  logging.LoggingHandler (AbstractInternalLogger.java:log(148)) - [id: 0xe1f59414, L:/0.0.0.0:15139] ACTIVE
2024-04-21 07:17:21,919 [main] INFO  server.RaftServerConfigKeys (ConfUtils.java:logGet(46)) - raft.server.storage.dir = [/home/runner/work/ozone/ozone/hadoop-ozone/integration-test/target/test-dir/MiniOzoneClusterImpl-ed39ddd9-82bf-4bf6-8741-acb42c98007c/ozone-meta/datanode-3/ratis] (custom)
2024-04-21 07:17:21,919 [main] INFO  server.RaftServerConfigKeys (ConfUtils.java:logGet(46)) - raft.server.threadpool.proxy.cached = true (default)
2024-04-21 07:17:21,920 [main] INFO  server.RaftServerConfigKeys (ConfUtils.java:logGet(46)) - raft.server.threadpool.proxy.size = 0 (default)
2024-04-21 07:17:21,920 [6cf56e53-88cb-4022-bd56-d9b5c4d884ee-impl-thread1] INFO  server.RaftServer (RaftServerProxy.java:initGroupDir(264)) - 6cf56e53-88cb-4022-bd56-d9b5c4d884ee: found a subdirectory /home/runner/work/ozone/ozone/hadoop-ozone/integration-test/target/test-dir/MiniOzoneClusterImpl-ed39ddd9-82bf-4bf6-8741-acb42c98007c/ozone-meta/datanode-3/ratis/tmp
2024-04-21 07:17:21,920 [6cf56e53-88cb-4022-bd56-d9b5c4d884ee-impl-thread1] INFO  server.RaftServer (RaftServerProxy.java:initGroupDir(269)) - 6cf56e53-88cb-4022-bd56-d9b5c4d884ee: The directory /home/runner/work/ozone/ozone/hadoop-ozone/integration-test/target/test-dir/MiniOzoneClusterImpl-ed39ddd9-82bf-4bf6-8741-acb42c98007c/ozone-meta/datanode-3/ratis/tmp is not a group directory; ignoring it. 
2024-04-21 07:17:21,920 [main] INFO  replication.ReplicationServer (ReplicationServer.java:<init>(86)) - Initializing replication server with thread count = 10 queue length = 4096
2024-04-21 07:17:21,921 [main] INFO  server.XceiverServerGrpc (XceiverServerGrpc.java:<init>(141)) - GrpcServer channel type EpollServerSocketChannel
2024-04-21 07:17:21,923 [main] INFO  replication.ReplicationSupervisor (ReplicationSupervisor.java:build(157)) - Initializing replication supervisor with thread count = 10
2024-04-21 07:17:21,923 [main] INFO  replication.ReplicationSupervisor (ReplicationSupervisor.java:nodeStateUpdated(312)) - Node state updated to IN_SERVICE, scaling executor pool size to 10
2024-04-21 07:17:21,925 [main] INFO  http.BaseHttpServer (BaseHttpServer.java:newHttpServer2BuilderForOzone(223)) - Starting Web-server for hddsDatanode at: http://0.0.0.0:15133
2024-04-21 07:17:21,925 [main] INFO  http.BaseHttpServer (BaseHttpServer.java:<init>(110)) - Hadoop Security Enabled: false Ozone Security Enabled: false Ozone HTTP Security Enabled: false 
2024-04-21 07:17:21,926 [main] WARN  server.AuthenticationFilter (AuthenticationFilter.java:constructSecretProvider(240)) - Unable to initialize FileSignerSecretProvider, falling back to use random secrets. Reason: Could not read signature secret file: /home/runner/hadoop-http-auth-signature-secret
2024-04-21 07:17:21,926 [main] INFO  http.HttpRequestLog (HttpRequestLog.java:getRequestLog(86)) - Http request log for http.requests.hddsDatanode is not defined
2024-04-21 07:17:21,927 [main] INFO  http.HttpServer2 (HttpServer2.java:addGlobalFilter(1036)) - Added global filter 'safety' (class=org.apache.hadoop.hdds.server.http.HttpServer2$QuotingInputFilter)
2024-04-21 07:17:21,928 [main] INFO  http.HttpServer2 (HttpServer2.java:addFilter(1012)) - Added filter static_user_filter (class=org.apache.hadoop.http.lib.StaticUserWebFilter$StaticUserFilter) to context hddsDatanode
2024-04-21 07:17:21,928 [main] INFO  http.HttpServer2 (HttpServer2.java:addFilter(1020)) - Added filter static_user_filter (class=org.apache.hadoop.http.lib.StaticUserWebFilter$StaticUserFilter) to context logs
2024-04-21 07:17:21,928 [main] INFO  http.HttpServer2 (HttpServer2.java:addFilter(1020)) - Added filter static_user_filter (class=org.apache.hadoop.http.lib.StaticUserWebFilter$StaticUserFilter) to context static
2024-04-21 07:17:21,929 [main] INFO  http.BaseHttpServer (BaseHttpServer.java:<init>(189)) - HTTP server of hddsDatanode uses base directory /home/runner/work/ozone/ozone/hadoop-ozone/integration-test/target/test-dir/MiniOzoneClusterImpl-ed39ddd9-82bf-4bf6-8741-acb42c98007c/ozone-meta/datanode-3/meta/webserver
2024-04-21 07:17:21,929 [main] INFO  http.HttpServer2 (HttpServer2.java:bindListener(1236)) - Jetty bound to port 15133
2024-04-21 07:17:21,929 [main] INFO  server.Server (Server.java:doStart(375)) - jetty-9.4.53.v20231009; built: 2023-10-09T12:29:09.265Z; git: 27bde00a0b95a1d5bbee0eae7984f891d2d0f8c9; jvm 1.8.0_402-b06
2024-04-21 07:17:21,930 [main] INFO  server.session (DefaultSessionIdManager.java:doStart(334)) - DefaultSessionIdManager workerName=node0
2024-04-21 07:17:21,930 [main] INFO  server.session (DefaultSessionIdManager.java:doStart(339)) - No SessionScavenger set, using defaults
2024-04-21 07:17:21,930 [main] INFO  server.session (HouseKeeper.java:startScavenging(132)) - node0 Scavenging every 660000ms
2024-04-21 07:17:21,931 [main] INFO  handler.ContextHandler (ContextHandler.java:doStart(921)) - Started o.e.j.s.ServletContextHandler@25b59d27{logs,/logs,file:///home/runner/work/ozone/ozone/hadoop-ozone/integration-test/target/log,AVAILABLE}
2024-04-21 07:17:21,931 [main] INFO  handler.ContextHandler (ContextHandler.java:doStart(921)) - Started o.e.j.s.ServletContextHandler@3ca27a2e{static,/static,file:///home/runner/work/ozone/ozone/hadoop-hdds/container-service/target/classes/webapps/static,AVAILABLE}
2024-04-21 07:17:21,933 [main] INFO  handler.ContextHandler (ContextHandler.java:doStart(921)) - Started o.e.j.w.WebAppContext@69eb8929{hddsDatanode,/,file:///home/runner/work/ozone/ozone/hadoop-hdds/container-service/target/classes/webapps/hddsDatanode/,AVAILABLE}{file:/home/runner/work/ozone/ozone/hadoop-hdds/container-service/target/classes/webapps/hddsDatanode}
2024-04-21 07:17:21,935 [main] INFO  server.AbstractConnector (AbstractConnector.java:doStart(333)) - Started ServerConnector@71c5c18e{HTTP/1.1, (http/1.1)}{0.0.0.0:15133}
2024-04-21 07:17:21,935 [main] INFO  server.Server (Server.java:doStart(415)) - Started @114137ms
2024-04-21 07:17:21,936 [main] WARN  impl.MetricsSystemImpl (MetricsSystemImpl.java:register(279)) - Sink prometheus already exists!
2024-04-21 07:17:21,936 [main] INFO  http.BaseHttpServer (BaseHttpServer.java:updateConnectorAddress(354)) - HTTP server of hddsDatanode listening at http://0.0.0.0:15133
2024-04-21 07:17:21,936 [main] INFO  ipc.CallQueueManager (CallQueueManager.java:<init>(90)) - Using callQueue: class java.util.concurrent.LinkedBlockingQueue, queueCapacity: 100, scheduler: class org.apache.hadoop.ipc.DefaultRpcScheduler, ipcBackoff: false.
2024-04-21 07:17:21,937 [main] INFO  ipc.Server (Server.java:<init>(1287)) - Listener at 0.0.0.0:15134
2024-04-21 07:17:21,937 [Socket Reader #1 for port 15134] INFO  ipc.Server (Server.java:run(1323)) - Starting Socket Reader #1 for port 15134
2024-04-21 07:17:21,939 [main] INFO  ozone.HddsDatanodeService (HddsDatanodeService.java:start(327)) - Datanode start with admins: [runner]
2024-04-21 07:17:21,939 [main] INFO  ozone.HddsDatanodeClientProtocolServer (HddsDatanodeClientProtocolServer.java:start(77)) - RPC server for Client /0.0.0.0:15134
2024-04-21 07:17:21,939 [IPC Server Responder] INFO  ipc.Server (Server.java:run(1562)) - IPC Server Responder: starting
2024-04-21 07:17:21,940 [IPC Server listener on 15134] INFO  ipc.Server (Server.java:run(1402)) - IPC Server listener on 15134: starting
2024-04-21 07:17:21,940 [main] WARN  dropwizard3.Dm3MetricRegistriesImpl (Dm3MetricRegistriesImpl.java:addReporterRegistration(113)) - New reporters are added after registries were created. Some metrics will be missing from the reporter. Please add reporter before adding any new registry.
2024-04-21 07:17:21,940 [main] WARN  dropwizard3.Dm3MetricRegistriesImpl (Dm3MetricRegistriesImpl.java:addReporterRegistration(113)) - New reporters are added after registries were created. Some metrics will be missing from the reporter. Please add reporter before adding any new registry.
2024-04-21 07:17:21,940 [main] INFO  impl.MetricsSystemImpl (MetricsSystemImpl.java:init(158)) - HddsDatanode metrics system started (again)
2024-04-21 07:17:21,940 [6cf56e53-88cb-4022-bd56-d9b5c4d884ee-DatanodeStateMachineDaemonThread] INFO  statemachine.DatanodeStateMachine (DatanodeStateMachine.java:lambda$startDaemon$1(555)) - Ozone container server started.
2024-04-21 07:17:21,947 [6cf56e53-88cb-4022-bd56-d9b5c4d884ee-DatanodeStateMachineTaskThread-0] INFO  datanode.InitDatanodeState (InitDatanodeState.java:persistContainerDatanodeDetails(139)) - DatanodeDetails is persisted to /home/runner/work/ozone/ozone/hadoop-ozone/integration-test/target/test-dir/MiniOzoneClusterImpl-ed39ddd9-82bf-4bf6-8741-acb42c98007c/ozone-meta/datanode-3/meta/datanode.id
2024-04-21 07:17:21,954 [main] INFO  ozone.HddsDatanodeService (HddsDatanodeService.java:start(240)) - HddsDatanodeService host:fv-az1428-63 ip:10.1.0.102
2024-04-21 07:17:21,970 [main] INFO  upgrade.AbstractLayoutVersionManager (AbstractLayoutVersionManager.java:init(83)) - Initializing Layout version manager with metadata layout = HADOOP_PRC_PORTS_IN_DATANODEDETAILS (version = 7), software layout = HADOOP_PRC_PORTS_IN_DATANODEDETAILS (version = 7)
2024-04-21 07:17:21,971 [main] INFO  statemachine.DatanodeStateMachine (DatanodeStateMachine.java:getEndPointTaskThreadPoolSize(299)) - Datanode State Machine Task Thread Pool size 2
2024-04-21 07:17:21,972 [main] INFO  volume.HddsVolume (HddsVolume.java:<init>(126)) - Creating HddsVolume: /home/runner/work/ozone/ozone/hadoop-ozone/integration-test/target/test-dir/MiniOzoneClusterImpl-ed39ddd9-82bf-4bf6-8741-acb42c98007c/ozone-meta/datanode-4/data-0/hdds of storage type : DISK capacity : 9223372036854775807
2024-04-21 07:17:21,972 [main] INFO  volume.MutableVolumeSet (MutableVolumeSet.java:initializeVolumeSet(173)) - Added Volume : /home/runner/work/ozone/ozone/hadoop-ozone/integration-test/target/test-dir/MiniOzoneClusterImpl-ed39ddd9-82bf-4bf6-8741-acb42c98007c/ozone-meta/datanode-4/data-0/hdds to VolumeSet
2024-04-21 07:17:21,973 [main] INFO  volume.MutableVolumeSet (MutableVolumeSet.java:initializeVolumeSet(173)) - Added Volume : /home/runner/work/ozone/ozone/hadoop-ozone/integration-test/target/test-dir/MiniOzoneClusterImpl-ed39ddd9-82bf-4bf6-8741-acb42c98007c/ozone-meta/datanode-4/ratis to VolumeSet
2024-04-21 07:17:21,973 [main] INFO  ozoneimpl.OzoneContainer (HddsVolumeUtil.java:loadAllHddsVolumeDbStore(103)) - Load 1 volumes DbStore cost: 0ms
2024-04-21 07:17:21,975 [main] INFO  server.RaftServer (ConfUtils.java:logGet(46)) - raft.rpc.type = GRPC (default)
2024-04-21 07:17:21,975 [main] INFO  grpc.GrpcConfigKeys (ConfUtils.java:logFallback(53)) - raft.grpc.admin.host = null (fallback to raft.grpc.server.host)
2024-04-21 07:17:21,975 [main] INFO  grpc.GrpcConfigKeys (ConfUtils.java:logGet(46)) - raft.grpc.admin.port = 15146 (custom)
2024-04-21 07:17:21,975 [main] INFO  grpc.GrpcConfigKeys (ConfUtils.java:logFallback(53)) - raft.grpc.client.host = null (fallback to raft.grpc.server.host)
2024-04-21 07:17:21,976 [main] INFO  grpc.GrpcConfigKeys (ConfUtils.java:logGet(46)) - raft.grpc.client.port = 15145 (custom)
2024-04-21 07:17:21,976 [main] INFO  grpc.GrpcConfigKeys (ConfUtils.java:logGet(46)) - raft.grpc.server.host = null (default)
2024-04-21 07:17:21,976 [main] INFO  grpc.GrpcConfigKeys (ConfUtils.java:logGet(46)) - raft.grpc.server.port = 15147 (custom)
2024-04-21 07:17:21,976 [main] INFO  server.GrpcService (ConfUtils.java:logGet(46)) - raft.grpc.message.size.max = 32MB (=33554432) (custom)
2024-04-21 07:17:21,976 [main] INFO  server.RaftServerConfigKeys (ConfUtils.java:logGet(46)) - raft.server.log.appender.buffer.byte-limit = 8388608 (custom)
2024-04-21 07:17:21,977 [main] INFO  server.GrpcService (ConfUtils.java:logGet(46)) - raft.grpc.flow.control.window = 5MB (=5242880) (custom)
2024-04-21 07:17:21,977 [main] INFO  server.RaftServerConfigKeys (ConfUtils.java:logGet(46)) - raft.server.rpc.request.timeout = 3000ms (default)
2024-04-21 07:17:21,977 [main] INFO  grpc.GrpcConfigKeys (ConfUtils.java:logGet(46)) - raft.grpc.server.heartbeat.channel = true (default)
2024-04-21 07:17:21,977 [main] INFO  grpc.GrpcConfigKeys (ConfUtils.java:logGet(46)) - raft.grpc.server.async.request.thread.pool.cached = true (default)
2024-04-21 07:17:21,977 [main] INFO  grpc.GrpcConfigKeys (ConfUtils.java:logGet(46)) - raft.grpc.server.async.request.thread.pool.size = 32 (default)
2024-04-21 07:17:21,980 [main] INFO  impl.DataStreamServerImpl (ConfUtils.java:logGet(46)) - raft.datastream.type = NETTY (custom)
2024-04-21 07:17:21,980 [main] INFO  server.RaftServerConfigKeys (ConfUtils.java:logGet(46)) - raft.server.data-stream.async.request.thread.pool.cached = false (default)
2024-04-21 07:17:21,980 [main] INFO  server.RaftServerConfigKeys (ConfUtils.java:logGet(46)) - raft.server.data-stream.async.request.thread.pool.size = 20 (custom)
2024-04-21 07:17:21,981 [main] INFO  server.RaftServerConfigKeys (ConfUtils.java:logGet(46)) - raft.server.data-stream.async.write.thread.pool.size = 16 (default)
2024-04-21 07:17:21,981 [main] INFO  netty.NettyConfigKeys$DataStream (ConfUtils.java:logGet(46)) - raft.netty.dataStream.server.channel.inactive.grace-period = 10min (default)
2024-04-21 07:17:21,981 [main] INFO  server.RaftServerConfigKeys (ConfUtils.java:logGet(46)) - raft.server.data-stream.client.pool.size = 10 (default)
2024-04-21 07:17:21,981 [main] INFO  netty.NettyConfigKeys$DataStream (ConfUtils.java:logGet(46)) - raft.netty.dataStream.server.use-epoll = true (default)
2024-04-21 07:17:21,981 [main] INFO  netty.NettyConfigKeys$DataStream (ConfUtils.java:logGet(46)) - raft.netty.dataStream.server.boss-group.size = 0 (default)
2024-04-21 07:17:21,982 [main] INFO  netty.NettyUtils (NettyUtils.java:newEventLoopGroup(69)) - Create EpollEventLoopGroup for a45323a7-bc80-446e-b427-0ffb34a72641-NettyServerStreamRpc-bossGroup; Thread size is 0.
2024-04-21 07:17:21,982 [main] INFO  netty.NettyConfigKeys$DataStream (ConfUtils.java:logGet(46)) - raft.netty.dataStream.server.worker-group.size = 0 (default)
2024-04-21 07:17:21,982 [main] INFO  netty.NettyUtils (NettyUtils.java:newEventLoopGroup(69)) - Create EpollEventLoopGroup for a45323a7-bc80-446e-b427-0ffb34a72641-NettyServerStreamRpc-workerGroup; Thread size is 0.
2024-04-21 07:17:21,982 [main] INFO  netty.NettyConfigKeys$DataStream (ConfUtils.java:logGet(46)) - raft.netty.dataStream.server.tls.conf = null (default)
2024-04-21 07:17:21,983 [main] INFO  netty.NettyConfigKeys$DataStream (ConfUtils.java:logGet(46)) - raft.netty.dataStream.host = null (default)
2024-04-21 07:17:21,983 [main] INFO  netty.NettyConfigKeys$DataStream (ConfUtils.java:logGet(46)) - raft.netty.dataStream.port = 15148 (custom)
2024-04-21 07:17:21,983 [main] INFO  server.RaftServerConfigKeys (ConfUtils.java:logGet(46)) - raft.server.sleep.deviation.threshold = 300ms (default)
2024-04-21 07:17:21,983 [a45323a7-bc80-446e-b427-0ffb34a72641-NettyServerStreamRpc-bossGroup--thread1] INFO  logging.LoggingHandler (AbstractInternalLogger.java:log(148)) - [id: 0xf410e81e] REGISTERED
2024-04-21 07:17:21,983 [main] INFO  server.RaftServerConfigKeys (ConfUtils.java:logGet(46)) - raft.server.close.threshold = 60s (default)
2024-04-21 07:17:21,984 [a45323a7-bc80-446e-b427-0ffb34a72641-NettyServerStreamRpc-bossGroup--thread1] INFO  logging.LoggingHandler (AbstractInternalLogger.java:log(148)) - [id: 0xf410e81e] BIND: 0.0.0.0/0.0.0.0:15148
2024-04-21 07:17:21,984 [main] INFO  server.RaftServerConfigKeys (ConfUtils.java:logGet(46)) - raft.server.leaderelection.leader.step-down.wait-time = 10s (default)
2024-04-21 07:17:21,984 [a45323a7-bc80-446e-b427-0ffb34a72641-NettyServerStreamRpc-bossGroup--thread1] INFO  logging.LoggingHandler (AbstractInternalLogger.java:log(148)) - [id: 0xf410e81e, L:/0.0.0.0:15148] ACTIVE
2024-04-21 07:17:21,984 [main] INFO  server.RaftServerConfigKeys (ConfUtils.java:logGet(46)) - raft.server.storage.dir = [/home/runner/work/ozone/ozone/hadoop-ozone/integration-test/target/test-dir/MiniOzoneClusterImpl-ed39ddd9-82bf-4bf6-8741-acb42c98007c/ozone-meta/datanode-4/ratis] (custom)
2024-04-21 07:17:21,984 [main] INFO  server.RaftServerConfigKeys (ConfUtils.java:logGet(46)) - raft.server.threadpool.proxy.cached = true (default)
2024-04-21 07:17:21,985 [main] INFO  server.RaftServerConfigKeys (ConfUtils.java:logGet(46)) - raft.server.threadpool.proxy.size = 0 (default)
2024-04-21 07:17:21,985 [a45323a7-bc80-446e-b427-0ffb34a72641-impl-thread1] INFO  server.RaftServer (RaftServerProxy.java:initGroupDir(264)) - a45323a7-bc80-446e-b427-0ffb34a72641: found a subdirectory /home/runner/work/ozone/ozone/hadoop-ozone/integration-test/target/test-dir/MiniOzoneClusterImpl-ed39ddd9-82bf-4bf6-8741-acb42c98007c/ozone-meta/datanode-4/ratis/tmp
2024-04-21 07:17:21,985 [a45323a7-bc80-446e-b427-0ffb34a72641-impl-thread1] INFO  server.RaftServer (RaftServerProxy.java:initGroupDir(269)) - a45323a7-bc80-446e-b427-0ffb34a72641: The directory /home/runner/work/ozone/ozone/hadoop-ozone/integration-test/target/test-dir/MiniOzoneClusterImpl-ed39ddd9-82bf-4bf6-8741-acb42c98007c/ozone-meta/datanode-4/ratis/tmp is not a group directory; ignoring it. 
2024-04-21 07:17:21,985 [main] INFO  replication.ReplicationServer (ReplicationServer.java:<init>(86)) - Initializing replication server with thread count = 10 queue length = 4096
2024-04-21 07:17:21,986 [main] INFO  server.XceiverServerGrpc (XceiverServerGrpc.java:<init>(141)) - GrpcServer channel type EpollServerSocketChannel
2024-04-21 07:17:21,987 [main] INFO  replication.ReplicationSupervisor (ReplicationSupervisor.java:build(157)) - Initializing replication supervisor with thread count = 10
2024-04-21 07:17:21,988 [main] INFO  replication.ReplicationSupervisor (ReplicationSupervisor.java:nodeStateUpdated(312)) - Node state updated to IN_SERVICE, scaling executor pool size to 10
2024-04-21 07:17:21,989 [main] INFO  http.BaseHttpServer (BaseHttpServer.java:newHttpServer2BuilderForOzone(223)) - Starting Web-server for hddsDatanode at: http://0.0.0.0:15142
2024-04-21 07:17:21,989 [main] INFO  http.BaseHttpServer (BaseHttpServer.java:<init>(110)) - Hadoop Security Enabled: false Ozone Security Enabled: false Ozone HTTP Security Enabled: false 
2024-04-21 07:17:21,990 [main] WARN  server.AuthenticationFilter (AuthenticationFilter.java:constructSecretProvider(240)) - Unable to initialize FileSignerSecretProvider, falling back to use random secrets. Reason: Could not read signature secret file: /home/runner/hadoop-http-auth-signature-secret
2024-04-21 07:17:21,991 [main] INFO  http.HttpRequestLog (HttpRequestLog.java:getRequestLog(86)) - Http request log for http.requests.hddsDatanode is not defined
2024-04-21 07:17:21,992 [main] INFO  http.HttpServer2 (HttpServer2.java:addGlobalFilter(1036)) - Added global filter 'safety' (class=org.apache.hadoop.hdds.server.http.HttpServer2$QuotingInputFilter)
2024-04-21 07:17:21,992 [main] INFO  http.HttpServer2 (HttpServer2.java:addFilter(1012)) - Added filter static_user_filter (class=org.apache.hadoop.http.lib.StaticUserWebFilter$StaticUserFilter) to context hddsDatanode
2024-04-21 07:17:21,993 [main] INFO  http.HttpServer2 (HttpServer2.java:addFilter(1020)) - Added filter static_user_filter (class=org.apache.hadoop.http.lib.StaticUserWebFilter$StaticUserFilter) to context logs
2024-04-21 07:17:21,993 [main] INFO  http.HttpServer2 (HttpServer2.java:addFilter(1020)) - Added filter static_user_filter (class=org.apache.hadoop.http.lib.StaticUserWebFilter$StaticUserFilter) to context static
2024-04-21 07:17:21,993 [main] INFO  http.BaseHttpServer (BaseHttpServer.java:<init>(189)) - HTTP server of hddsDatanode uses base directory /home/runner/work/ozone/ozone/hadoop-ozone/integration-test/target/test-dir/MiniOzoneClusterImpl-ed39ddd9-82bf-4bf6-8741-acb42c98007c/ozone-meta/datanode-4/meta/webserver
2024-04-21 07:17:21,994 [main] INFO  http.HttpServer2 (HttpServer2.java:bindListener(1236)) - Jetty bound to port 15142
2024-04-21 07:17:21,994 [main] INFO  server.Server (Server.java:doStart(375)) - jetty-9.4.53.v20231009; built: 2023-10-09T12:29:09.265Z; git: 27bde00a0b95a1d5bbee0eae7984f891d2d0f8c9; jvm 1.8.0_402-b06
2024-04-21 07:17:21,995 [main] INFO  server.session (DefaultSessionIdManager.java:doStart(334)) - DefaultSessionIdManager workerName=node0
2024-04-21 07:17:21,995 [main] INFO  server.session (DefaultSessionIdManager.java:doStart(339)) - No SessionScavenger set, using defaults
2024-04-21 07:17:21,995 [main] INFO  server.session (HouseKeeper.java:startScavenging(132)) - node0 Scavenging every 600000ms
2024-04-21 07:17:21,996 [main] INFO  handler.ContextHandler (ContextHandler.java:doStart(921)) - Started o.e.j.s.ServletContextHandler@31ab7614{logs,/logs,file:///home/runner/work/ozone/ozone/hadoop-ozone/integration-test/target/log,AVAILABLE}
2024-04-21 07:17:21,996 [main] INFO  handler.ContextHandler (ContextHandler.java:doStart(921)) - Started o.e.j.s.ServletContextHandler@7fb44edb{static,/static,file:///home/runner/work/ozone/ozone/hadoop-hdds/container-service/target/classes/webapps/static,AVAILABLE}
2024-04-21 07:17:21,999 [main] INFO  handler.ContextHandler (ContextHandler.java:doStart(921)) - Started o.e.j.w.WebAppContext@9ed2b30{hddsDatanode,/,file:///home/runner/work/ozone/ozone/hadoop-hdds/container-service/target/classes/webapps/hddsDatanode/,AVAILABLE}{file:/home/runner/work/ozone/ozone/hadoop-hdds/container-service/target/classes/webapps/hddsDatanode}
2024-04-21 07:17:22,000 [main] INFO  server.AbstractConnector (AbstractConnector.java:doStart(333)) - Started ServerConnector@58816a7d{HTTP/1.1, (http/1.1)}{0.0.0.0:15142}
2024-04-21 07:17:22,000 [main] INFO  server.Server (Server.java:doStart(415)) - Started @114202ms
2024-04-21 07:17:22,001 [main] WARN  impl.MetricsSystemImpl (MetricsSystemImpl.java:register(279)) - Sink prometheus already exists!
2024-04-21 07:17:22,001 [main] INFO  http.BaseHttpServer (BaseHttpServer.java:updateConnectorAddress(354)) - HTTP server of hddsDatanode listening at http://0.0.0.0:15142
2024-04-21 07:17:22,001 [main] INFO  ipc.CallQueueManager (CallQueueManager.java:<init>(90)) - Using callQueue: class java.util.concurrent.LinkedBlockingQueue, queueCapacity: 100, scheduler: class org.apache.hadoop.ipc.DefaultRpcScheduler, ipcBackoff: false.
2024-04-21 07:17:22,002 [main] INFO  ipc.Server (Server.java:<init>(1287)) - Listener at 0.0.0.0:15143
2024-04-21 07:17:22,002 [Socket Reader #1 for port 15143] INFO  ipc.Server (Server.java:run(1323)) - Starting Socket Reader #1 for port 15143
2024-04-21 07:17:22,004 [main] INFO  ozone.HddsDatanodeService (HddsDatanodeService.java:start(327)) - Datanode start with admins: [runner]
2024-04-21 07:17:22,004 [main] INFO  ozone.HddsDatanodeClientProtocolServer (HddsDatanodeClientProtocolServer.java:start(77)) - RPC server for Client /0.0.0.0:15143
2024-04-21 07:17:22,004 [IPC Server Responder] INFO  ipc.Server (Server.java:run(1562)) - IPC Server Responder: starting
2024-04-21 07:17:22,010 [IPC Server listener on 15143] INFO  ipc.Server (Server.java:run(1402)) - IPC Server listener on 15143: starting
2024-04-21 07:17:22,010 [a45323a7-bc80-446e-b427-0ffb34a72641-DatanodeStateMachineDaemonThread] INFO  statemachine.DatanodeStateMachine (DatanodeStateMachine.java:lambda$startDaemon$1(555)) - Ozone container server started.
2024-04-21 07:17:22,010 [main] WARN  dropwizard3.Dm3MetricRegistriesImpl (Dm3MetricRegistriesImpl.java:addReporterRegistration(113)) - New reporters are added after registries were created. Some metrics will be missing from the reporter. Please add reporter before adding any new registry.
2024-04-21 07:17:22,011 [main] WARN  dropwizard3.Dm3MetricRegistriesImpl (Dm3MetricRegistriesImpl.java:addReporterRegistration(113)) - New reporters are added after registries were created. Some metrics will be missing from the reporter. Please add reporter before adding any new registry.
2024-04-21 07:17:22,011 [main] INFO  impl.MetricsSystemImpl (MetricsSystemImpl.java:init(158)) - HddsDatanode metrics system started (again)
2024-04-21 07:17:22,022 [main] INFO  ozone.HddsDatanodeService (HddsDatanodeService.java:start(240)) - HddsDatanodeService host:fv-az1428-63 ip:10.1.0.102
2024-04-21 07:17:22,025 [a45323a7-bc80-446e-b427-0ffb34a72641-DatanodeStateMachineTaskThread-0] INFO  datanode.InitDatanodeState (InitDatanodeState.java:persistContainerDatanodeDetails(139)) - DatanodeDetails is persisted to /home/runner/work/ozone/ozone/hadoop-ozone/integration-test/target/test-dir/MiniOzoneClusterImpl-ed39ddd9-82bf-4bf6-8741-acb42c98007c/ozone-meta/datanode-4/meta/datanode.id
2024-04-21 07:17:22,044 [main] INFO  upgrade.AbstractLayoutVersionManager (AbstractLayoutVersionManager.java:init(83)) - Initializing Layout version manager with metadata layout = HADOOP_PRC_PORTS_IN_DATANODEDETAILS (version = 7), software layout = HADOOP_PRC_PORTS_IN_DATANODEDETAILS (version = 7)
2024-04-21 07:17:22,045 [main] INFO  statemachine.DatanodeStateMachine (DatanodeStateMachine.java:getEndPointTaskThreadPoolSize(299)) - Datanode State Machine Task Thread Pool size 2
2024-04-21 07:17:22,046 [main] INFO  volume.HddsVolume (HddsVolume.java:<init>(126)) - Creating HddsVolume: /home/runner/work/ozone/ozone/hadoop-ozone/integration-test/target/test-dir/MiniOzoneClusterImpl-ed39ddd9-82bf-4bf6-8741-acb42c98007c/ozone-meta/datanode-5/data-0/hdds of storage type : DISK capacity : 9223372036854775807
2024-04-21 07:17:22,046 [main] INFO  volume.MutableVolumeSet (MutableVolumeSet.java:initializeVolumeSet(173)) - Added Volume : /home/runner/work/ozone/ozone/hadoop-ozone/integration-test/target/test-dir/MiniOzoneClusterImpl-ed39ddd9-82bf-4bf6-8741-acb42c98007c/ozone-meta/datanode-5/data-0/hdds to VolumeSet
2024-04-21 07:17:22,047 [main] INFO  volume.MutableVolumeSet (MutableVolumeSet.java:initializeVolumeSet(173)) - Added Volume : /home/runner/work/ozone/ozone/hadoop-ozone/integration-test/target/test-dir/MiniOzoneClusterImpl-ed39ddd9-82bf-4bf6-8741-acb42c98007c/ozone-meta/datanode-5/ratis to VolumeSet
2024-04-21 07:17:22,048 [main] INFO  ozoneimpl.OzoneContainer (HddsVolumeUtil.java:loadAllHddsVolumeDbStore(103)) - Load 1 volumes DbStore cost: 0ms
2024-04-21 07:17:22,050 [main] INFO  server.RaftServer (ConfUtils.java:logGet(46)) - raft.rpc.type = GRPC (default)
2024-04-21 07:17:22,050 [main] INFO  grpc.GrpcConfigKeys (ConfUtils.java:logFallback(53)) - raft.grpc.admin.host = null (fallback to raft.grpc.server.host)
2024-04-21 07:17:22,050 [main] INFO  grpc.GrpcConfigKeys (ConfUtils.java:logGet(46)) - raft.grpc.admin.port = 15155 (custom)
2024-04-21 07:17:22,051 [main] INFO  grpc.GrpcConfigKeys (ConfUtils.java:logFallback(53)) - raft.grpc.client.host = null (fallback to raft.grpc.server.host)
2024-04-21 07:17:22,051 [main] INFO  grpc.GrpcConfigKeys (ConfUtils.java:logGet(46)) - raft.grpc.client.port = 15154 (custom)
2024-04-21 07:17:22,051 [main] INFO  grpc.GrpcConfigKeys (ConfUtils.java:logGet(46)) - raft.grpc.server.host = null (default)
2024-04-21 07:17:22,051 [main] INFO  grpc.GrpcConfigKeys (ConfUtils.java:logGet(46)) - raft.grpc.server.port = 15156 (custom)
2024-04-21 07:17:22,052 [main] INFO  server.GrpcService (ConfUtils.java:logGet(46)) - raft.grpc.message.size.max = 32MB (=33554432) (custom)
2024-04-21 07:17:22,052 [main] INFO  server.RaftServerConfigKeys (ConfUtils.java:logGet(46)) - raft.server.log.appender.buffer.byte-limit = 8388608 (custom)
2024-04-21 07:17:22,052 [main] INFO  server.GrpcService (ConfUtils.java:logGet(46)) - raft.grpc.flow.control.window = 5MB (=5242880) (custom)
2024-04-21 07:17:22,053 [main] INFO  server.RaftServerConfigKeys (ConfUtils.java:logGet(46)) - raft.server.rpc.request.timeout = 3000ms (default)
2024-04-21 07:17:22,053 [main] INFO  grpc.GrpcConfigKeys (ConfUtils.java:logGet(46)) - raft.grpc.server.heartbeat.channel = true (default)
2024-04-21 07:17:22,053 [main] INFO  grpc.GrpcConfigKeys (ConfUtils.java:logGet(46)) - raft.grpc.server.async.request.thread.pool.cached = true (default)
2024-04-21 07:17:22,053 [main] INFO  grpc.GrpcConfigKeys (ConfUtils.java:logGet(46)) - raft.grpc.server.async.request.thread.pool.size = 32 (default)
2024-04-21 07:17:22,056 [main] INFO  impl.DataStreamServerImpl (ConfUtils.java:logGet(46)) - raft.datastream.type = NETTY (custom)
2024-04-21 07:17:22,057 [main] INFO  server.RaftServerConfigKeys (ConfUtils.java:logGet(46)) - raft.server.data-stream.async.request.thread.pool.cached = false (default)
2024-04-21 07:17:22,057 [main] INFO  server.RaftServerConfigKeys (ConfUtils.java:logGet(46)) - raft.server.data-stream.async.request.thread.pool.size = 20 (custom)
2024-04-21 07:17:22,057 [main] INFO  server.RaftServerConfigKeys (ConfUtils.java:logGet(46)) - raft.server.data-stream.async.write.thread.pool.size = 16 (default)
2024-04-21 07:17:22,057 [main] INFO  netty.NettyConfigKeys$DataStream (ConfUtils.java:logGet(46)) - raft.netty.dataStream.server.channel.inactive.grace-period = 10min (default)
2024-04-21 07:17:22,058 [main] INFO  server.RaftServerConfigKeys (ConfUtils.java:logGet(46)) - raft.server.data-stream.client.pool.size = 10 (default)
2024-04-21 07:17:22,058 [main] INFO  netty.NettyConfigKeys$DataStream (ConfUtils.java:logGet(46)) - raft.netty.dataStream.server.use-epoll = true (default)
2024-04-21 07:17:22,058 [main] INFO  netty.NettyConfigKeys$DataStream (ConfUtils.java:logGet(46)) - raft.netty.dataStream.server.boss-group.size = 0 (default)
2024-04-21 07:17:22,059 [main] INFO  netty.NettyUtils (NettyUtils.java:newEventLoopGroup(69)) - Create EpollEventLoopGroup for 80370d78-c36f-4d75-b7cb-6753407b0dff-NettyServerStreamRpc-bossGroup; Thread size is 0.
2024-04-21 07:17:22,059 [main] INFO  netty.NettyConfigKeys$DataStream (ConfUtils.java:logGet(46)) - raft.netty.dataStream.server.worker-group.size = 0 (default)
2024-04-21 07:17:22,059 [main] INFO  netty.NettyUtils (NettyUtils.java:newEventLoopGroup(69)) - Create EpollEventLoopGroup for 80370d78-c36f-4d75-b7cb-6753407b0dff-NettyServerStreamRpc-workerGroup; Thread size is 0.
2024-04-21 07:17:22,060 [main] INFO  netty.NettyConfigKeys$DataStream (ConfUtils.java:logGet(46)) - raft.netty.dataStream.server.tls.conf = null (default)
2024-04-21 07:17:22,060 [main] INFO  netty.NettyConfigKeys$DataStream (ConfUtils.java:logGet(46)) - raft.netty.dataStream.host = null (default)
2024-04-21 07:17:22,060 [main] INFO  netty.NettyConfigKeys$DataStream (ConfUtils.java:logGet(46)) - raft.netty.dataStream.port = 15157 (custom)
2024-04-21 07:17:22,061 [main] INFO  server.RaftServerConfigKeys (ConfUtils.java:logGet(46)) - raft.server.sleep.deviation.threshold = 300ms (default)
2024-04-21 07:17:22,061 [main] INFO  server.RaftServerConfigKeys (ConfUtils.java:logGet(46)) - raft.server.close.threshold = 60s (default)
2024-04-21 07:17:22,062 [main] INFO  server.RaftServerConfigKeys (ConfUtils.java:logGet(46)) - raft.server.leaderelection.leader.step-down.wait-time = 10s (default)
2024-04-21 07:17:22,062 [main] INFO  server.RaftServerConfigKeys (ConfUtils.java:logGet(46)) - raft.server.storage.dir = [/home/runner/work/ozone/ozone/hadoop-ozone/integration-test/target/test-dir/MiniOzoneClusterImpl-ed39ddd9-82bf-4bf6-8741-acb42c98007c/ozone-meta/datanode-5/ratis] (custom)
2024-04-21 07:17:22,061 [80370d78-c36f-4d75-b7cb-6753407b0dff-NettyServerStreamRpc-bossGroup--thread1] INFO  logging.LoggingHandler (AbstractInternalLogger.java:log(148)) - [id: 0x5f0b0ecd] REGISTERED
2024-04-21 07:17:22,062 [main] INFO  server.RaftServerConfigKeys (ConfUtils.java:logGet(46)) - raft.server.threadpool.proxy.cached = true (default)
2024-04-21 07:17:22,063 [80370d78-c36f-4d75-b7cb-6753407b0dff-NettyServerStreamRpc-bossGroup--thread1] INFO  logging.LoggingHandler (AbstractInternalLogger.java:log(148)) - [id: 0x5f0b0ecd] BIND: 0.0.0.0/0.0.0.0:15157
2024-04-21 07:17:22,063 [main] INFO  server.RaftServerConfigKeys (ConfUtils.java:logGet(46)) - raft.server.threadpool.proxy.size = 0 (default)
2024-04-21 07:17:22,063 [80370d78-c36f-4d75-b7cb-6753407b0dff-NettyServerStreamRpc-bossGroup--thread1] INFO  logging.LoggingHandler (AbstractInternalLogger.java:log(148)) - [id: 0x5f0b0ecd, L:/0.0.0.0:15157] ACTIVE
2024-04-21 07:17:22,063 [80370d78-c36f-4d75-b7cb-6753407b0dff-impl-thread1] INFO  server.RaftServer (RaftServerProxy.java:initGroupDir(264)) - 80370d78-c36f-4d75-b7cb-6753407b0dff: found a subdirectory /home/runner/work/ozone/ozone/hadoop-ozone/integration-test/target/test-dir/MiniOzoneClusterImpl-ed39ddd9-82bf-4bf6-8741-acb42c98007c/ozone-meta/datanode-5/ratis/tmp
2024-04-21 07:17:22,064 [80370d78-c36f-4d75-b7cb-6753407b0dff-impl-thread1] INFO  server.RaftServer (RaftServerProxy.java:initGroupDir(269)) - 80370d78-c36f-4d75-b7cb-6753407b0dff: The directory /home/runner/work/ozone/ozone/hadoop-ozone/integration-test/target/test-dir/MiniOzoneClusterImpl-ed39ddd9-82bf-4bf6-8741-acb42c98007c/ozone-meta/datanode-5/ratis/tmp is not a group directory; ignoring it. 
2024-04-21 07:17:22,064 [main] INFO  replication.ReplicationServer (ReplicationServer.java:<init>(86)) - Initializing replication server with thread count = 10 queue length = 4096
2024-04-21 07:17:22,065 [main] INFO  server.XceiverServerGrpc (XceiverServerGrpc.java:<init>(141)) - GrpcServer channel type EpollServerSocketChannel
2024-04-21 07:17:22,067 [main] INFO  replication.ReplicationSupervisor (ReplicationSupervisor.java:build(157)) - Initializing replication supervisor with thread count = 10
2024-04-21 07:17:22,067 [main] INFO  replication.ReplicationSupervisor (ReplicationSupervisor.java:nodeStateUpdated(312)) - Node state updated to IN_SERVICE, scaling executor pool size to 10
2024-04-21 07:17:22,069 [main] INFO  http.BaseHttpServer (BaseHttpServer.java:newHttpServer2BuilderForOzone(223)) - Starting Web-server for hddsDatanode at: http://0.0.0.0:15151
2024-04-21 07:17:22,069 [main] INFO  http.BaseHttpServer (BaseHttpServer.java:<init>(110)) - Hadoop Security Enabled: false Ozone Security Enabled: false Ozone HTTP Security Enabled: false 
2024-04-21 07:17:22,072 [main] WARN  server.AuthenticationFilter (AuthenticationFilter.java:constructSecretProvider(240)) - Unable to initialize FileSignerSecretProvider, falling back to use random secrets. Reason: Could not read signature secret file: /home/runner/hadoop-http-auth-signature-secret
2024-04-21 07:17:22,074 [main] INFO  http.HttpRequestLog (HttpRequestLog.java:getRequestLog(86)) - Http request log for http.requests.hddsDatanode is not defined
2024-04-21 07:17:22,076 [main] INFO  http.HttpServer2 (HttpServer2.java:addGlobalFilter(1036)) - Added global filter 'safety' (class=org.apache.hadoop.hdds.server.http.HttpServer2$QuotingInputFilter)
2024-04-21 07:17:22,076 [main] INFO  http.HttpServer2 (HttpServer2.java:addFilter(1012)) - Added filter static_user_filter (class=org.apache.hadoop.http.lib.StaticUserWebFilter$StaticUserFilter) to context hddsDatanode
2024-04-21 07:17:22,076 [main] INFO  http.HttpServer2 (HttpServer2.java:addFilter(1020)) - Added filter static_user_filter (class=org.apache.hadoop.http.lib.StaticUserWebFilter$StaticUserFilter) to context logs
2024-04-21 07:17:22,077 [main] INFO  http.HttpServer2 (HttpServer2.java:addFilter(1020)) - Added filter static_user_filter (class=org.apache.hadoop.http.lib.StaticUserWebFilter$StaticUserFilter) to context static
2024-04-21 07:17:22,077 [main] INFO  http.BaseHttpServer (BaseHttpServer.java:<init>(189)) - HTTP server of hddsDatanode uses base directory /home/runner/work/ozone/ozone/hadoop-ozone/integration-test/target/test-dir/MiniOzoneClusterImpl-ed39ddd9-82bf-4bf6-8741-acb42c98007c/ozone-meta/datanode-5/meta/webserver
2024-04-21 07:17:22,078 [main] INFO  http.HttpServer2 (HttpServer2.java:bindListener(1236)) - Jetty bound to port 15151
2024-04-21 07:17:22,078 [main] INFO  server.Server (Server.java:doStart(375)) - jetty-9.4.53.v20231009; built: 2023-10-09T12:29:09.265Z; git: 27bde00a0b95a1d5bbee0eae7984f891d2d0f8c9; jvm 1.8.0_402-b06
2024-04-21 07:17:22,086 [main] INFO  server.session (DefaultSessionIdManager.java:doStart(334)) - DefaultSessionIdManager workerName=node0
2024-04-21 07:17:22,086 [main] INFO  server.session (DefaultSessionIdManager.java:doStart(339)) - No SessionScavenger set, using defaults
2024-04-21 07:17:22,088 [main] INFO  server.session (HouseKeeper.java:startScavenging(132)) - node0 Scavenging every 600000ms
2024-04-21 07:17:22,089 [main] INFO  handler.ContextHandler (ContextHandler.java:doStart(921)) - Started o.e.j.s.ServletContextHandler@20744256{logs,/logs,file:///home/runner/work/ozone/ozone/hadoop-ozone/integration-test/target/log,AVAILABLE}
2024-04-21 07:17:22,089 [main] INFO  handler.ContextHandler (ContextHandler.java:doStart(921)) - Started o.e.j.s.ServletContextHandler@5e9c2d08{static,/static,file:///home/runner/work/ozone/ozone/hadoop-hdds/container-service/target/classes/webapps/static,AVAILABLE}
2024-04-21 07:17:22,092 [main] INFO  handler.ContextHandler (ContextHandler.java:doStart(921)) - Started o.e.j.w.WebAppContext@30745c7c{hddsDatanode,/,file:///home/runner/work/ozone/ozone/hadoop-hdds/container-service/target/classes/webapps/hddsDatanode/,AVAILABLE}{file:/home/runner/work/ozone/ozone/hadoop-hdds/container-service/target/classes/webapps/hddsDatanode}
2024-04-21 07:17:22,094 [main] INFO  server.AbstractConnector (AbstractConnector.java:doStart(333)) - Started ServerConnector@61f48738{HTTP/1.1, (http/1.1)}{0.0.0.0:15151}
2024-04-21 07:17:22,094 [main] INFO  server.Server (Server.java:doStart(415)) - Started @114296ms
2024-04-21 07:17:22,094 [main] WARN  impl.MetricsSystemImpl (MetricsSystemImpl.java:register(279)) - Sink prometheus already exists!
2024-04-21 07:17:22,095 [main] INFO  http.BaseHttpServer (BaseHttpServer.java:updateConnectorAddress(354)) - HTTP server of hddsDatanode listening at http://0.0.0.0:15151
2024-04-21 07:17:22,096 [main] INFO  ipc.CallQueueManager (CallQueueManager.java:<init>(90)) - Using callQueue: class java.util.concurrent.LinkedBlockingQueue, queueCapacity: 100, scheduler: class org.apache.hadoop.ipc.DefaultRpcScheduler, ipcBackoff: false.
2024-04-21 07:17:22,096 [main] INFO  ipc.Server (Server.java:<init>(1287)) - Listener at 0.0.0.0:15152
2024-04-21 07:17:22,096 [Socket Reader #1 for port 15152] INFO  ipc.Server (Server.java:run(1323)) - Starting Socket Reader #1 for port 15152
2024-04-21 07:17:22,098 [main] INFO  ozone.HddsDatanodeService (HddsDatanodeService.java:start(327)) - Datanode start with admins: [runner]
2024-04-21 07:17:22,098 [main] INFO  ozone.HddsDatanodeClientProtocolServer (HddsDatanodeClientProtocolServer.java:start(77)) - RPC server for Client /0.0.0.0:15152
2024-04-21 07:17:22,099 [IPC Server Responder] INFO  ipc.Server (Server.java:run(1562)) - IPC Server Responder: starting
2024-04-21 07:17:22,101 [80370d78-c36f-4d75-b7cb-6753407b0dff-DatanodeStateMachineDaemonThread] INFO  statemachine.DatanodeStateMachine (DatanodeStateMachine.java:lambda$startDaemon$1(555)) - Ozone container server started.
2024-04-21 07:17:22,102 [main] INFO  ozone.MiniOzoneClusterImpl (MiniOzoneClusterImpl.java:lambda$waitForClusterToBeReady$0(194)) - Waiting for nodes to be ready. Got 0 of 5 DN Heartbeats.
2024-04-21 07:17:22,102 [main] INFO  ozone.MiniOzoneClusterImpl (MiniOzoneClusterImpl.java:lambda$waitForClusterToBeReady$0(197)) - Waiting for cluster to exit safe mode
2024-04-21 07:17:22,103 [main] INFO  ozone.MiniOzoneClusterImpl (MiniOzoneClusterImpl.java:lambda$waitForClusterToBeReady$0(199)) - SCM became leader
2024-04-21 07:17:22,114 [IPC Server listener on 15152] INFO  ipc.Server (Server.java:run(1402)) - IPC Server listener on 15152: starting
2024-04-21 07:17:22,120 [80370d78-c36f-4d75-b7cb-6753407b0dff-DatanodeStateMachineTaskThread-0] INFO  datanode.InitDatanodeState (InitDatanodeState.java:persistContainerDatanodeDetails(139)) - DatanodeDetails is persisted to /home/runner/work/ozone/ozone/hadoop-ozone/integration-test/target/test-dir/MiniOzoneClusterImpl-ed39ddd9-82bf-4bf6-8741-acb42c98007c/ozone-meta/datanode-5/meta/datanode.id
2024-04-21 07:17:22,762 [om1@group-C5BA1605619E-FollowerState] INFO  impl.FollowerState (FollowerState.java:run(143)) - om1@group-C5BA1605619E-FollowerState: change to CANDIDATE, lastRpcElapsedTime:1088409841ns, electionTimeout:1088ms
2024-04-21 07:17:22,762 [om1@group-C5BA1605619E-FollowerState] INFO  impl.RoleInfo (RoleInfo.java:shutdownFollowerState(110)) - om1: shutdown om1@group-C5BA1605619E-FollowerState
2024-04-21 07:17:22,763 [om1@group-C5BA1605619E-FollowerState] INFO  server.RaftServer$Division (RaftServerImpl.java:setRole(383)) - om1@group-C5BA1605619E: changes role from  FOLLOWER to CANDIDATE at term 0 for changeToCandidate
2024-04-21 07:17:22,763 [om1@group-C5BA1605619E-FollowerState] INFO  server.RaftServerConfigKeys (ConfUtils.java:logGet(46)) - raft.server.leaderelection.pre-vote = true (default)
2024-04-21 07:17:22,763 [om1@group-C5BA1605619E-FollowerState] INFO  impl.RoleInfo (RoleInfo.java:updateAndGet(139)) - om1: start om1@group-C5BA1605619E-LeaderElection31
2024-04-21 07:17:22,764 [om1@group-C5BA1605619E-LeaderElection31] INFO  impl.LeaderElection (LeaderElection.java:askForVotes(321)) - om1@group-C5BA1605619E-LeaderElection31 PRE_VOTE round 0: submit vote requests at term 0 for -1: peers:[om1|localhost:15113]|listeners:[], old=null
2024-04-21 07:17:22,764 [om1@group-C5BA1605619E-LeaderElection31] INFO  impl.LeaderElection (LeaderElection.java:askForVotes(323)) - om1@group-C5BA1605619E-LeaderElection31 PRE_VOTE round 0: result PASSED (term=0)
2024-04-21 07:17:22,766 [om1@group-C5BA1605619E-LeaderElection31] INFO  impl.LeaderElection (LeaderElection.java:askForVotes(321)) - om1@group-C5BA1605619E-LeaderElection31 ELECTION round 0: submit vote requests at term 1 for -1: peers:[om1|localhost:15113]|listeners:[], old=null
2024-04-21 07:17:22,766 [om1@group-C5BA1605619E-LeaderElection31] INFO  impl.LeaderElection (LeaderElection.java:askForVotes(323)) - om1@group-C5BA1605619E-LeaderElection31 ELECTION round 0: result PASSED (term=1)
2024-04-21 07:17:22,766 [om1@group-C5BA1605619E-LeaderElection31] INFO  impl.RoleInfo (RoleInfo.java:shutdownLeaderElection(130)) - om1: shutdown om1@group-C5BA1605619E-LeaderElection31
2024-04-21 07:17:22,766 [om1@group-C5BA1605619E-LeaderElection31] INFO  server.RaftServer$Division (RaftServerImpl.java:setRole(383)) - om1@group-C5BA1605619E: changes role from CANDIDATE to LEADER at term 1 for changeToLeader
2024-04-21 07:17:22,766 [om1@group-C5BA1605619E-LeaderElection31] INFO  server.RaftServerConfigKeys (ConfUtils.java:logGet(46)) - raft.server.staging.catchup.gap = 1000 (default)
2024-04-21 07:17:22,766 [om1@group-C5BA1605619E-LeaderElection31] INFO  server.RaftServerConfigKeys (ConfUtils.java:logGet(46)) - raft.server.write.element-limit = 4096 (default)
2024-04-21 07:17:22,766 [om1@group-C5BA1605619E-LeaderElection31] INFO  server.RaftServerConfigKeys (ConfUtils.java:logGet(46)) - raft.server.write.byte-limit = 64MB (=67108864) (default)
2024-04-21 07:17:22,767 [om1@group-C5BA1605619E-LeaderElection31] INFO  server.RaftServerConfigKeys (ConfUtils.java:logGet(46)) - raft.server.watch.timeout = 10s (default)
2024-04-21 07:17:22,767 [om1@group-C5BA1605619E-LeaderElection31] INFO  server.RaftServerConfigKeys (ConfUtils.java:logGet(46)) - raft.server.watch.timeout.denomination = 1s (default)
2024-04-21 07:17:22,767 [om1@group-C5BA1605619E-LeaderElection31] INFO  server.RaftServerConfigKeys (ConfUtils.java:logGet(46)) - raft.server.watch.element-limit = 65536 (default)
2024-04-21 07:17:22,767 [om1@group-C5BA1605619E-LeaderElection31] INFO  server.RaftServerConfigKeys (ConfUtils.java:logGet(46)) - raft.server.read.leader.lease.enabled = false (default)
2024-04-21 07:17:22,767 [om1@group-C5BA1605619E-LeaderElection31] INFO  server.RaftServerConfigKeys (ConfUtils.java:logGet(46)) - raft.server.read.leader.lease.timeout.ratio = 0.9 (default)
2024-04-21 07:17:22,767 [om1@group-C5BA1605619E-LeaderElection31] INFO  server.RaftServerConfigKeys (ConfUtils.java:logGet(46)) - raft.server.rpc.timeout.min = 1s (custom)
2024-04-21 07:17:22,767 [om1@group-C5BA1605619E-LeaderElection31] INFO  server.RaftServerConfigKeys (ConfUtils.java:logGet(46)) - raft.server.write.element-limit = 4096 (default)
2024-04-21 07:17:22,767 [om1@group-C5BA1605619E-LeaderElection31] INFO  server.RaftServerConfigKeys (ConfUtils.java:logGet(46)) - raft.server.write.follower.gap.ratio.max = -1.0 (default)
2024-04-21 07:17:22,767 [om1@group-C5BA1605619E-LeaderElection31] INFO  impl.RoleInfo (RoleInfo.java:updateAndGet(139)) - om1: start om1@group-C5BA1605619E-LeaderStateImpl
2024-04-21 07:17:22,767 [om1@group-C5BA1605619E-LeaderElection31] INFO  server.RaftServer$Division (RaftServerImpl.java:setFirstElection(574)) - om1@group-C5BA1605619E: set firstElectionSinceStartup to false for becomeLeader
2024-04-21 07:17:22,767 [om1@group-C5BA1605619E-LeaderElection31] INFO  server.RaftServer$Division (ServerState.java:setLeader(269)) - om1@group-C5BA1605619E: change Leader from null to om1 at term 1 for becomeLeader, leader elected after 1474ms
2024-04-21 07:17:22,767 [om1@group-C5BA1605619E-LeaderElection31] INFO  segmented.SegmentedRaftLogWorker (SegmentedRaftLogWorker.java:startLogSegment(430)) - om1@group-C5BA1605619E-SegmentedRaftLogWorker: Starting segment from index:0
2024-04-21 07:17:22,768 [om1@group-C5BA1605619E-LeaderElection31] INFO  server.RaftServer$Division (ServerState.java:setRaftConf(386)) - om1@group-C5BA1605619E: set configuration 0: peers:[om1|localhost:15113]|listeners:[], old=null
2024-04-21 07:17:22,768 [om1@group-C5BA1605619E-SegmentedRaftLogWorker] INFO  segmented.BufferedWriteChannel (BufferedWriteChannel.java:open(62)) - open log_inprogress_0 at position 0
2024-04-21 07:17:22,776 [om1@group-C5BA1605619E-SegmentedRaftLogWorker] INFO  segmented.SegmentedRaftLogWorker (SegmentedRaftLogWorker.java:execute(634)) - om1@group-C5BA1605619E-SegmentedRaftLogWorker: created new log segment /home/runner/work/ozone/ozone/hadoop-ozone/integration-test/target/test-dir/MiniOzoneClusterImpl-ed39ddd9-82bf-4bf6-8741-acb42c98007c/ozone-meta/ratis/bf265839-605b-3f16-9796-c5ba1605619e/current/log_inprogress_0
2024-04-21 07:17:22,777 [om1@group-C5BA1605619E-StateMachineUpdater] INFO  ratis.OzoneManagerStateMachine (OzoneManagerStateMachine.java:notifyConfigurationChanged(212)) - Received Configuration change notification from Ratis. New Peer list:
[id: "om1"
address: "localhost:15113"
startupRole: FOLLOWER
]
2024-04-21 07:17:22,777 [om1@group-C5BA1605619E-StateMachineUpdater] INFO  server.RaftServer$Division (LeaderStateImpl.java:isApplied(320)) - leader is ready since appliedIndex == 0 >= startIndex == 0
2024-04-21 07:17:23,103 [main] INFO  ozone.MiniOzoneClusterImpl (MiniOzoneClusterImpl.java:lambda$waitForClusterToBeReady$0(194)) - Waiting for nodes to be ready. Got 0 of 5 DN Heartbeats.
2024-04-21 07:17:23,103 [main] INFO  ozone.MiniOzoneClusterImpl (MiniOzoneClusterImpl.java:lambda$waitForClusterToBeReady$0(197)) - Waiting for cluster to exit safe mode
2024-04-21 07:17:23,103 [main] INFO  ozone.MiniOzoneClusterImpl (MiniOzoneClusterImpl.java:lambda$waitForClusterToBeReady$0(199)) - SCM became leader
2024-04-21 07:17:23,824 [9387e6e8-bf6d-4d10-9dc1-f1bd05fc02cf-EndpointStateMachineTaskThread-/0.0.0.0:15108-0 ] INFO  utils.DatanodeStoreCache (DatanodeStoreCache.java:addDB(72)) - Added db /home/runner/work/ozone/ozone/hadoop-ozone/integration-test/target/test-dir/MiniOzoneClusterImpl-ed39ddd9-82bf-4bf6-8741-acb42c98007c/ozone-meta/datanode-1/data-0/hdds/ed39ddd9-82bf-4bf6-8741-acb42c98007c/DS-bea9d731-bf5d-4350-9872-45a03df8a834/container.db to cache
2024-04-21 07:17:23,824 [9387e6e8-bf6d-4d10-9dc1-f1bd05fc02cf-EndpointStateMachineTaskThread-/0.0.0.0:15108-0 ] INFO  volume.HddsVolume (HddsVolume.java:createDbStore(437)) - SchemaV3 db is created and loaded at /home/runner/work/ozone/ozone/hadoop-ozone/integration-test/target/test-dir/MiniOzoneClusterImpl-ed39ddd9-82bf-4bf6-8741-acb42c98007c/ozone-meta/datanode-1/data-0/hdds/ed39ddd9-82bf-4bf6-8741-acb42c98007c/DS-bea9d731-bf5d-4350-9872-45a03df8a834/container.db for volume DS-bea9d731-bf5d-4350-9872-45a03df8a834
2024-04-21 07:17:23,825 [9387e6e8-bf6d-4d10-9dc1-f1bd05fc02cf-ContainerReader-0] INFO  ozoneimpl.ContainerReader (ContainerReader.java:readVolume(148)) - Start to verify containers on volume /home/runner/work/ozone/ozone/hadoop-ozone/integration-test/target/test-dir/MiniOzoneClusterImpl-ed39ddd9-82bf-4bf6-8741-acb42c98007c/ozone-meta/datanode-1/data-0/hdds
2024-04-21 07:17:23,825 [9387e6e8-bf6d-4d10-9dc1-f1bd05fc02cf-ContainerReader-0] INFO  ozoneimpl.ContainerReader (ContainerReader.java:readVolume(178)) - Finish verifying containers on volume /home/runner/work/ozone/ozone/hadoop-ozone/integration-test/target/test-dir/MiniOzoneClusterImpl-ed39ddd9-82bf-4bf6-8741-acb42c98007c/ozone-meta/datanode-1/data-0/hdds
2024-04-21 07:17:23,826 [9387e6e8-bf6d-4d10-9dc1-f1bd05fc02cf-EndpointStateMachineTaskThread-/0.0.0.0:15108-0 ] INFO  ozoneimpl.OzoneContainer (OzoneContainer.java:buildContainerSet(328)) - Build ContainerSet costs 0s
2024-04-21 07:17:23,826 [9387e6e8-bf6d-4d10-9dc1-f1bd05fc02cf-EndpointStateMachineTaskThread-/0.0.0.0:15108-0 ] INFO  volume.ThrottledAsyncChecker (ThrottledAsyncChecker.java:schedule(141)) - Scheduling a check for /home/runner/work/ozone/ozone/hadoop-ozone/integration-test/target/test-dir/MiniOzoneClusterImpl-ed39ddd9-82bf-4bf6-8741-acb42c98007c/ozone-meta/datanode-1/data-0/hdds
2024-04-21 07:17:23,830 [9387e6e8-bf6d-4d10-9dc1-f1bd05fc02cf-EndpointStateMachineTaskThread-/0.0.0.0:15108-0 ] INFO  volume.StorageVolumeChecker (StorageVolumeChecker.java:checkAllVolumes(218)) - Scheduled health check for volume /home/runner/work/ozone/ozone/hadoop-ozone/integration-test/target/test-dir/MiniOzoneClusterImpl-ed39ddd9-82bf-4bf6-8741-acb42c98007c/ozone-meta/datanode-1/data-0/hdds
2024-04-21 07:17:23,830 [9387e6e8-bf6d-4d10-9dc1-f1bd05fc02cf-EndpointStateMachineTaskThread-/0.0.0.0:15108-0 ] INFO  volume.ThrottledAsyncChecker (ThrottledAsyncChecker.java:schedule(141)) - Scheduling a check for /home/runner/work/ozone/ozone/hadoop-ozone/integration-test/target/test-dir/MiniOzoneClusterImpl-ed39ddd9-82bf-4bf6-8741-acb42c98007c/ozone-meta/datanode-1/ratis
2024-04-21 07:17:23,831 [9387e6e8-bf6d-4d10-9dc1-f1bd05fc02cf-EndpointStateMachineTaskThread-/0.0.0.0:15108-0 ] INFO  volume.StorageVolumeChecker (StorageVolumeChecker.java:checkAllVolumes(218)) - Scheduled health check for volume /home/runner/work/ozone/ozone/hadoop-ozone/integration-test/target/test-dir/MiniOzoneClusterImpl-ed39ddd9-82bf-4bf6-8741-acb42c98007c/ozone-meta/datanode-1/ratis
2024-04-21 07:17:23,832 [9387e6e8-bf6d-4d10-9dc1-f1bd05fc02cf-EndpointStateMachineTaskThread-/0.0.0.0:15108-0 ] INFO  ozoneimpl.OzoneContainer (OzoneContainer.java:start(459)) - Attempting to start container services.
2024-04-21 07:17:23,833 [ContainerMetadataScanner] INFO  ozoneimpl.AbstractBackgroundContainerScanner (AbstractBackgroundContainerScanner.java:runIteration(87)) - Completed an iteration in 0 minutes. Number of iterations (since the data-node restart) : 1, Number of containers scanned in this iteration : 0, Number of unhealthy containers found in this iteration : 0
2024-04-21 07:17:23,834 [ContainerDataScanner(/home/runner/work/ozone/ozone/hadoop-ozone/integration-test/target/test-dir/MiniOzoneClusterImpl-ed39ddd9-82bf-4bf6-8741-acb42c98007c/ozone-meta/datanode-1/data-0/hdds)] INFO  ozoneimpl.AbstractBackgroundContainerScanner (AbstractBackgroundContainerScanner.java:runIteration(87)) - Completed an iteration in 0 minutes. Number of iterations (since the data-node restart) : 1, Number of containers scanned in this iteration : 0, Number of unhealthy containers found in this iteration : 0
2024-04-21 07:17:23,834 [9387e6e8-bf6d-4d10-9dc1-f1bd05fc02cf-EndpointStateMachineTaskThread-/0.0.0.0:15108-0 ] INFO  replication.ReplicationServer (ReplicationServer.java:start(142)) - ReplicationServer is started using port 15122
2024-04-21 07:17:23,834 [9387e6e8-bf6d-4d10-9dc1-f1bd05fc02cf-EndpointStateMachineTaskThread-/0.0.0.0:15108-0 ] INFO  ratis.XceiverServerRatis (XceiverServerRatis.java:start(566)) - Starting XceiverServerRatis 9387e6e8-bf6d-4d10-9dc1-f1bd05fc02cf
2024-04-21 07:17:23,835 [9387e6e8-bf6d-4d10-9dc1-f1bd05fc02cf-EndpointStateMachineTaskThread-/0.0.0.0:15108-0 ] INFO  server.RaftServer (RaftServerProxy.java:startImpl(406)) - 9387e6e8-bf6d-4d10-9dc1-f1bd05fc02cf: start RPC server
2024-04-21 07:17:23,836 [9387e6e8-bf6d-4d10-9dc1-f1bd05fc02cf-EndpointStateMachineTaskThread-/0.0.0.0:15108-0 ] INFO  server.GrpcService (GrpcService.java:startImpl(302)) - 9387e6e8-bf6d-4d10-9dc1-f1bd05fc02cf: GrpcService started, listening on 15118
2024-04-21 07:17:23,837 [9387e6e8-bf6d-4d10-9dc1-f1bd05fc02cf-EndpointStateMachineTaskThread-/0.0.0.0:15108-0 ] INFO  server.GrpcService (GrpcService.java:startImpl(302)) - 9387e6e8-bf6d-4d10-9dc1-f1bd05fc02cf: GrpcService started, listening on 15120
2024-04-21 07:17:23,837 [9387e6e8-bf6d-4d10-9dc1-f1bd05fc02cf-EndpointStateMachineTaskThread-/0.0.0.0:15108-0 ] INFO  server.GrpcService (GrpcService.java:startImpl(302)) - 9387e6e8-bf6d-4d10-9dc1-f1bd05fc02cf: GrpcService started, listening on 15119
2024-04-21 07:17:23,837 [9387e6e8-bf6d-4d10-9dc1-f1bd05fc02cf-EndpointStateMachineTaskThread-/0.0.0.0:15108-0 ] INFO  ratis.XceiverServerRatis (XceiverServerRatis.java:getRealPort(592)) - XceiverServerRatis 9387e6e8-bf6d-4d10-9dc1-f1bd05fc02cf is started using port 15118 for RATIS
2024-04-21 07:17:23,837 [JvmPauseMonitor16] INFO  util.JvmPauseMonitor (JvmPauseMonitor.java:run(146)) - JvmPauseMonitor-9387e6e8-bf6d-4d10-9dc1-f1bd05fc02cf: Started
2024-04-21 07:17:23,837 [9387e6e8-bf6d-4d10-9dc1-f1bd05fc02cf-EndpointStateMachineTaskThread-/0.0.0.0:15108-0 ] INFO  ratis.XceiverServerRatis (XceiverServerRatis.java:getRealPort(592)) - XceiverServerRatis 9387e6e8-bf6d-4d10-9dc1-f1bd05fc02cf is started using port 15119 for RATIS_ADMIN
2024-04-21 07:17:23,838 [9387e6e8-bf6d-4d10-9dc1-f1bd05fc02cf-EndpointStateMachineTaskThread-/0.0.0.0:15108-0 ] INFO  ratis.XceiverServerRatis (XceiverServerRatis.java:getRealPort(592)) - XceiverServerRatis 9387e6e8-bf6d-4d10-9dc1-f1bd05fc02cf is started using port 15120 for RATIS_SERVER
2024-04-21 07:17:23,838 [9387e6e8-bf6d-4d10-9dc1-f1bd05fc02cf-EndpointStateMachineTaskThread-/0.0.0.0:15108-0 ] INFO  ratis.XceiverServerRatis (XceiverServerRatis.java:getRealPort(592)) - XceiverServerRatis 9387e6e8-bf6d-4d10-9dc1-f1bd05fc02cf is started using port 15121 for RATIS_DATASTREAM
2024-04-21 07:17:23,839 [9387e6e8-bf6d-4d10-9dc1-f1bd05fc02cf-BlockDeletingService#0] INFO  interfaces.ContainerDeletionChoosingPolicyTemplate (ContainerDeletionChoosingPolicyTemplate.java:chooseContainerForBlockDeletion(85)) - Chosen 0/5000 blocks from 0 candidate containers.
2024-04-21 07:17:23,903 [33d4fa9a-f1b5-45a2-9ce3-43c86fd82df2-EndpointStateMachineTaskThread-/0.0.0.0:15108-0 ] INFO  utils.DatanodeStoreCache (DatanodeStoreCache.java:addDB(72)) - Added db /home/runner/work/ozone/ozone/hadoop-ozone/integration-test/target/test-dir/MiniOzoneClusterImpl-ed39ddd9-82bf-4bf6-8741-acb42c98007c/ozone-meta/datanode-2/data-0/hdds/ed39ddd9-82bf-4bf6-8741-acb42c98007c/DS-a2c92a65-7b26-4245-b37e-57164685115f/container.db to cache
2024-04-21 07:17:23,903 [33d4fa9a-f1b5-45a2-9ce3-43c86fd82df2-EndpointStateMachineTaskThread-/0.0.0.0:15108-0 ] INFO  volume.HddsVolume (HddsVolume.java:createDbStore(437)) - SchemaV3 db is created and loaded at /home/runner/work/ozone/ozone/hadoop-ozone/integration-test/target/test-dir/MiniOzoneClusterImpl-ed39ddd9-82bf-4bf6-8741-acb42c98007c/ozone-meta/datanode-2/data-0/hdds/ed39ddd9-82bf-4bf6-8741-acb42c98007c/DS-a2c92a65-7b26-4245-b37e-57164685115f/container.db for volume DS-a2c92a65-7b26-4245-b37e-57164685115f
2024-04-21 07:17:23,905 [33d4fa9a-f1b5-45a2-9ce3-43c86fd82df2-ContainerReader-0] INFO  ozoneimpl.ContainerReader (ContainerReader.java:readVolume(148)) - Start to verify containers on volume /home/runner/work/ozone/ozone/hadoop-ozone/integration-test/target/test-dir/MiniOzoneClusterImpl-ed39ddd9-82bf-4bf6-8741-acb42c98007c/ozone-meta/datanode-2/data-0/hdds
2024-04-21 07:17:23,905 [33d4fa9a-f1b5-45a2-9ce3-43c86fd82df2-ContainerReader-0] INFO  ozoneimpl.ContainerReader (ContainerReader.java:readVolume(178)) - Finish verifying containers on volume /home/runner/work/ozone/ozone/hadoop-ozone/integration-test/target/test-dir/MiniOzoneClusterImpl-ed39ddd9-82bf-4bf6-8741-acb42c98007c/ozone-meta/datanode-2/data-0/hdds
2024-04-21 07:17:23,905 [33d4fa9a-f1b5-45a2-9ce3-43c86fd82df2-EndpointStateMachineTaskThread-/0.0.0.0:15108-0 ] INFO  ozoneimpl.OzoneContainer (OzoneContainer.java:buildContainerSet(328)) - Build ContainerSet costs 0s
2024-04-21 07:17:23,905 [33d4fa9a-f1b5-45a2-9ce3-43c86fd82df2-EndpointStateMachineTaskThread-/0.0.0.0:15108-0 ] INFO  volume.ThrottledAsyncChecker (ThrottledAsyncChecker.java:schedule(141)) - Scheduling a check for /home/runner/work/ozone/ozone/hadoop-ozone/integration-test/target/test-dir/MiniOzoneClusterImpl-ed39ddd9-82bf-4bf6-8741-acb42c98007c/ozone-meta/datanode-2/data-0/hdds
2024-04-21 07:17:23,905 [33d4fa9a-f1b5-45a2-9ce3-43c86fd82df2-EndpointStateMachineTaskThread-/0.0.0.0:15108-0 ] INFO  volume.StorageVolumeChecker (StorageVolumeChecker.java:checkAllVolumes(218)) - Scheduled health check for volume /home/runner/work/ozone/ozone/hadoop-ozone/integration-test/target/test-dir/MiniOzoneClusterImpl-ed39ddd9-82bf-4bf6-8741-acb42c98007c/ozone-meta/datanode-2/data-0/hdds
2024-04-21 07:17:23,907 [33d4fa9a-f1b5-45a2-9ce3-43c86fd82df2-EndpointStateMachineTaskThread-/0.0.0.0:15108-0 ] INFO  volume.ThrottledAsyncChecker (ThrottledAsyncChecker.java:schedule(141)) - Scheduling a check for /home/runner/work/ozone/ozone/hadoop-ozone/integration-test/target/test-dir/MiniOzoneClusterImpl-ed39ddd9-82bf-4bf6-8741-acb42c98007c/ozone-meta/datanode-2/ratis
2024-04-21 07:17:23,907 [33d4fa9a-f1b5-45a2-9ce3-43c86fd82df2-EndpointStateMachineTaskThread-/0.0.0.0:15108-0 ] INFO  volume.StorageVolumeChecker (StorageVolumeChecker.java:checkAllVolumes(218)) - Scheduled health check for volume /home/runner/work/ozone/ozone/hadoop-ozone/integration-test/target/test-dir/MiniOzoneClusterImpl-ed39ddd9-82bf-4bf6-8741-acb42c98007c/ozone-meta/datanode-2/ratis
2024-04-21 07:17:23,908 [33d4fa9a-f1b5-45a2-9ce3-43c86fd82df2-EndpointStateMachineTaskThread-/0.0.0.0:15108-0 ] INFO  ozoneimpl.OzoneContainer (OzoneContainer.java:start(459)) - Attempting to start container services.
2024-04-21 07:17:23,908 [33d4fa9a-f1b5-45a2-9ce3-43c86fd82df2-EndpointStateMachineTaskThread-/0.0.0.0:15108-0 ] WARN  ozoneimpl.OnDemandContainerDataScanner (OnDemandContainerDataScanner.java:init(75)) - Trying to initialize on demand scanner a second time on a datanode.
2024-04-21 07:17:23,908 [ContainerMetadataScanner] INFO  ozoneimpl.AbstractBackgroundContainerScanner (AbstractBackgroundContainerScanner.java:runIteration(87)) - Completed an iteration in 0 minutes. Number of iterations (since the data-node restart) : 1, Number of containers scanned in this iteration : 0, Number of unhealthy containers found in this iteration : 0
2024-04-21 07:17:23,908 [ContainerDataScanner(/home/runner/work/ozone/ozone/hadoop-ozone/integration-test/target/test-dir/MiniOzoneClusterImpl-ed39ddd9-82bf-4bf6-8741-acb42c98007c/ozone-meta/datanode-2/data-0/hdds)] INFO  ozoneimpl.AbstractBackgroundContainerScanner (AbstractBackgroundContainerScanner.java:runIteration(87)) - Completed an iteration in 0 minutes. Number of iterations (since the data-node restart) : 1, Number of containers scanned in this iteration : 0, Number of unhealthy containers found in this iteration : 0
2024-04-21 07:17:23,909 [33d4fa9a-f1b5-45a2-9ce3-43c86fd82df2-EndpointStateMachineTaskThread-/0.0.0.0:15108-0 ] INFO  replication.ReplicationServer (ReplicationServer.java:start(142)) - ReplicationServer is started using port 15131
2024-04-21 07:17:23,909 [33d4fa9a-f1b5-45a2-9ce3-43c86fd82df2-EndpointStateMachineTaskThread-/0.0.0.0:15108-0 ] INFO  ratis.XceiverServerRatis (XceiverServerRatis.java:start(566)) - Starting XceiverServerRatis 33d4fa9a-f1b5-45a2-9ce3-43c86fd82df2
2024-04-21 07:17:23,909 [33d4fa9a-f1b5-45a2-9ce3-43c86fd82df2-EndpointStateMachineTaskThread-/0.0.0.0:15108-0 ] INFO  server.RaftServer (RaftServerProxy.java:startImpl(406)) - 33d4fa9a-f1b5-45a2-9ce3-43c86fd82df2: start RPC server
2024-04-21 07:17:23,910 [33d4fa9a-f1b5-45a2-9ce3-43c86fd82df2-EndpointStateMachineTaskThread-/0.0.0.0:15108-0 ] INFO  server.GrpcService (GrpcService.java:startImpl(302)) - 33d4fa9a-f1b5-45a2-9ce3-43c86fd82df2: GrpcService started, listening on 15127
2024-04-21 07:17:23,911 [33d4fa9a-f1b5-45a2-9ce3-43c86fd82df2-EndpointStateMachineTaskThread-/0.0.0.0:15108-0 ] INFO  server.GrpcService (GrpcService.java:startImpl(302)) - 33d4fa9a-f1b5-45a2-9ce3-43c86fd82df2: GrpcService started, listening on 15129
2024-04-21 07:17:23,912 [33d4fa9a-f1b5-45a2-9ce3-43c86fd82df2-EndpointStateMachineTaskThread-/0.0.0.0:15108-0 ] INFO  server.GrpcService (GrpcService.java:startImpl(302)) - 33d4fa9a-f1b5-45a2-9ce3-43c86fd82df2: GrpcService started, listening on 15128
2024-04-21 07:17:23,913 [33d4fa9a-f1b5-45a2-9ce3-43c86fd82df2-EndpointStateMachineTaskThread-/0.0.0.0:15108-0 ] INFO  ratis.XceiverServerRatis (XceiverServerRatis.java:getRealPort(592)) - XceiverServerRatis 33d4fa9a-f1b5-45a2-9ce3-43c86fd82df2 is started using port 15127 for RATIS
2024-04-21 07:17:23,913 [JvmPauseMonitor17] INFO  util.JvmPauseMonitor (JvmPauseMonitor.java:run(146)) - JvmPauseMonitor-33d4fa9a-f1b5-45a2-9ce3-43c86fd82df2: Started
2024-04-21 07:17:23,913 [33d4fa9a-f1b5-45a2-9ce3-43c86fd82df2-EndpointStateMachineTaskThread-/0.0.0.0:15108-0 ] INFO  ratis.XceiverServerRatis (XceiverServerRatis.java:getRealPort(592)) - XceiverServerRatis 33d4fa9a-f1b5-45a2-9ce3-43c86fd82df2 is started using port 15128 for RATIS_ADMIN
2024-04-21 07:17:23,913 [33d4fa9a-f1b5-45a2-9ce3-43c86fd82df2-EndpointStateMachineTaskThread-/0.0.0.0:15108-0 ] INFO  ratis.XceiverServerRatis (XceiverServerRatis.java:getRealPort(592)) - XceiverServerRatis 33d4fa9a-f1b5-45a2-9ce3-43c86fd82df2 is started using port 15129 for RATIS_SERVER
2024-04-21 07:17:23,913 [33d4fa9a-f1b5-45a2-9ce3-43c86fd82df2-EndpointStateMachineTaskThread-/0.0.0.0:15108-0 ] INFO  ratis.XceiverServerRatis (XceiverServerRatis.java:getRealPort(592)) - XceiverServerRatis 33d4fa9a-f1b5-45a2-9ce3-43c86fd82df2 is started using port 15130 for RATIS_DATASTREAM
2024-04-21 07:17:23,914 [33d4fa9a-f1b5-45a2-9ce3-43c86fd82df2-BlockDeletingService#0] INFO  interfaces.ContainerDeletionChoosingPolicyTemplate (ContainerDeletionChoosingPolicyTemplate.java:chooseContainerForBlockDeletion(85)) - Chosen 0/5000 blocks from 0 candidate containers.
2024-04-21 07:17:23,965 [6cf56e53-88cb-4022-bd56-d9b5c4d884ee-EndpointStateMachineTaskThread-/0.0.0.0:15108-0 ] INFO  utils.DatanodeStoreCache (DatanodeStoreCache.java:addDB(72)) - Added db /home/runner/work/ozone/ozone/hadoop-ozone/integration-test/target/test-dir/MiniOzoneClusterImpl-ed39ddd9-82bf-4bf6-8741-acb42c98007c/ozone-meta/datanode-3/data-0/hdds/ed39ddd9-82bf-4bf6-8741-acb42c98007c/DS-6ed8bec2-bc9e-4c5e-813f-488a8b52866e/container.db to cache
2024-04-21 07:17:23,965 [6cf56e53-88cb-4022-bd56-d9b5c4d884ee-EndpointStateMachineTaskThread-/0.0.0.0:15108-0 ] INFO  volume.HddsVolume (HddsVolume.java:createDbStore(437)) - SchemaV3 db is created and loaded at /home/runner/work/ozone/ozone/hadoop-ozone/integration-test/target/test-dir/MiniOzoneClusterImpl-ed39ddd9-82bf-4bf6-8741-acb42c98007c/ozone-meta/datanode-3/data-0/hdds/ed39ddd9-82bf-4bf6-8741-acb42c98007c/DS-6ed8bec2-bc9e-4c5e-813f-488a8b52866e/container.db for volume DS-6ed8bec2-bc9e-4c5e-813f-488a8b52866e
2024-04-21 07:17:23,967 [6cf56e53-88cb-4022-bd56-d9b5c4d884ee-ContainerReader-0] INFO  ozoneimpl.ContainerReader (ContainerReader.java:readVolume(148)) - Start to verify containers on volume /home/runner/work/ozone/ozone/hadoop-ozone/integration-test/target/test-dir/MiniOzoneClusterImpl-ed39ddd9-82bf-4bf6-8741-acb42c98007c/ozone-meta/datanode-3/data-0/hdds
2024-04-21 07:17:23,967 [6cf56e53-88cb-4022-bd56-d9b5c4d884ee-ContainerReader-0] INFO  ozoneimpl.ContainerReader (ContainerReader.java:readVolume(178)) - Finish verifying containers on volume /home/runner/work/ozone/ozone/hadoop-ozone/integration-test/target/test-dir/MiniOzoneClusterImpl-ed39ddd9-82bf-4bf6-8741-acb42c98007c/ozone-meta/datanode-3/data-0/hdds
2024-04-21 07:17:23,967 [6cf56e53-88cb-4022-bd56-d9b5c4d884ee-EndpointStateMachineTaskThread-/0.0.0.0:15108-0 ] INFO  ozoneimpl.OzoneContainer (OzoneContainer.java:buildContainerSet(328)) - Build ContainerSet costs 0s
2024-04-21 07:17:23,967 [6cf56e53-88cb-4022-bd56-d9b5c4d884ee-EndpointStateMachineTaskThread-/0.0.0.0:15108-0 ] INFO  volume.ThrottledAsyncChecker (ThrottledAsyncChecker.java:schedule(141)) - Scheduling a check for /home/runner/work/ozone/ozone/hadoop-ozone/integration-test/target/test-dir/MiniOzoneClusterImpl-ed39ddd9-82bf-4bf6-8741-acb42c98007c/ozone-meta/datanode-3/data-0/hdds
2024-04-21 07:17:23,967 [6cf56e53-88cb-4022-bd56-d9b5c4d884ee-EndpointStateMachineTaskThread-/0.0.0.0:15108-0 ] INFO  volume.StorageVolumeChecker (StorageVolumeChecker.java:checkAllVolumes(218)) - Scheduled health check for volume /home/runner/work/ozone/ozone/hadoop-ozone/integration-test/target/test-dir/MiniOzoneClusterImpl-ed39ddd9-82bf-4bf6-8741-acb42c98007c/ozone-meta/datanode-3/data-0/hdds
2024-04-21 07:17:23,969 [6cf56e53-88cb-4022-bd56-d9b5c4d884ee-EndpointStateMachineTaskThread-/0.0.0.0:15108-0 ] INFO  volume.ThrottledAsyncChecker (ThrottledAsyncChecker.java:schedule(141)) - Scheduling a check for /home/runner/work/ozone/ozone/hadoop-ozone/integration-test/target/test-dir/MiniOzoneClusterImpl-ed39ddd9-82bf-4bf6-8741-acb42c98007c/ozone-meta/datanode-3/ratis
2024-04-21 07:17:23,969 [6cf56e53-88cb-4022-bd56-d9b5c4d884ee-EndpointStateMachineTaskThread-/0.0.0.0:15108-0 ] INFO  volume.StorageVolumeChecker (StorageVolumeChecker.java:checkAllVolumes(218)) - Scheduled health check for volume /home/runner/work/ozone/ozone/hadoop-ozone/integration-test/target/test-dir/MiniOzoneClusterImpl-ed39ddd9-82bf-4bf6-8741-acb42c98007c/ozone-meta/datanode-3/ratis
2024-04-21 07:17:23,970 [6cf56e53-88cb-4022-bd56-d9b5c4d884ee-EndpointStateMachineTaskThread-/0.0.0.0:15108-0 ] INFO  ozoneimpl.OzoneContainer (OzoneContainer.java:start(459)) - Attempting to start container services.
2024-04-21 07:17:23,970 [6cf56e53-88cb-4022-bd56-d9b5c4d884ee-EndpointStateMachineTaskThread-/0.0.0.0:15108-0 ] WARN  ozoneimpl.OnDemandContainerDataScanner (OnDemandContainerDataScanner.java:init(75)) - Trying to initialize on demand scanner a second time on a datanode.
2024-04-21 07:17:23,970 [ContainerMetadataScanner] INFO  ozoneimpl.AbstractBackgroundContainerScanner (AbstractBackgroundContainerScanner.java:runIteration(87)) - Completed an iteration in 0 minutes. Number of iterations (since the data-node restart) : 1, Number of containers scanned in this iteration : 0, Number of unhealthy containers found in this iteration : 0
2024-04-21 07:17:23,970 [ContainerDataScanner(/home/runner/work/ozone/ozone/hadoop-ozone/integration-test/target/test-dir/MiniOzoneClusterImpl-ed39ddd9-82bf-4bf6-8741-acb42c98007c/ozone-meta/datanode-3/data-0/hdds)] INFO  ozoneimpl.AbstractBackgroundContainerScanner (AbstractBackgroundContainerScanner.java:runIteration(87)) - Completed an iteration in 0 minutes. Number of iterations (since the data-node restart) : 1, Number of containers scanned in this iteration : 0, Number of unhealthy containers found in this iteration : 0
2024-04-21 07:17:23,971 [6cf56e53-88cb-4022-bd56-d9b5c4d884ee-EndpointStateMachineTaskThread-/0.0.0.0:15108-0 ] INFO  replication.ReplicationServer (ReplicationServer.java:start(142)) - ReplicationServer is started using port 15140
2024-04-21 07:17:23,971 [6cf56e53-88cb-4022-bd56-d9b5c4d884ee-EndpointStateMachineTaskThread-/0.0.0.0:15108-0 ] INFO  ratis.XceiverServerRatis (XceiverServerRatis.java:start(566)) - Starting XceiverServerRatis 6cf56e53-88cb-4022-bd56-d9b5c4d884ee
2024-04-21 07:17:23,971 [6cf56e53-88cb-4022-bd56-d9b5c4d884ee-EndpointStateMachineTaskThread-/0.0.0.0:15108-0 ] INFO  server.RaftServer (RaftServerProxy.java:startImpl(406)) - 6cf56e53-88cb-4022-bd56-d9b5c4d884ee: start RPC server
2024-04-21 07:17:23,972 [6cf56e53-88cb-4022-bd56-d9b5c4d884ee-EndpointStateMachineTaskThread-/0.0.0.0:15108-0 ] INFO  server.GrpcService (GrpcService.java:startImpl(302)) - 6cf56e53-88cb-4022-bd56-d9b5c4d884ee: GrpcService started, listening on 15136
2024-04-21 07:17:23,973 [6cf56e53-88cb-4022-bd56-d9b5c4d884ee-EndpointStateMachineTaskThread-/0.0.0.0:15108-0 ] INFO  server.GrpcService (GrpcService.java:startImpl(302)) - 6cf56e53-88cb-4022-bd56-d9b5c4d884ee: GrpcService started, listening on 15138
2024-04-21 07:17:23,974 [6cf56e53-88cb-4022-bd56-d9b5c4d884ee-EndpointStateMachineTaskThread-/0.0.0.0:15108-0 ] INFO  server.GrpcService (GrpcService.java:startImpl(302)) - 6cf56e53-88cb-4022-bd56-d9b5c4d884ee: GrpcService started, listening on 15137
2024-04-21 07:17:23,975 [6cf56e53-88cb-4022-bd56-d9b5c4d884ee-EndpointStateMachineTaskThread-/0.0.0.0:15108-0 ] INFO  ratis.XceiverServerRatis (XceiverServerRatis.java:getRealPort(592)) - XceiverServerRatis 6cf56e53-88cb-4022-bd56-d9b5c4d884ee is started using port 15136 for RATIS
2024-04-21 07:17:23,975 [6cf56e53-88cb-4022-bd56-d9b5c4d884ee-EndpointStateMachineTaskThread-/0.0.0.0:15108-0 ] INFO  ratis.XceiverServerRatis (XceiverServerRatis.java:getRealPort(592)) - XceiverServerRatis 6cf56e53-88cb-4022-bd56-d9b5c4d884ee is started using port 15137 for RATIS_ADMIN
2024-04-21 07:17:23,975 [6cf56e53-88cb-4022-bd56-d9b5c4d884ee-EndpointStateMachineTaskThread-/0.0.0.0:15108-0 ] INFO  ratis.XceiverServerRatis (XceiverServerRatis.java:getRealPort(592)) - XceiverServerRatis 6cf56e53-88cb-4022-bd56-d9b5c4d884ee is started using port 15138 for RATIS_SERVER
2024-04-21 07:17:23,975 [6cf56e53-88cb-4022-bd56-d9b5c4d884ee-EndpointStateMachineTaskThread-/0.0.0.0:15108-0 ] INFO  ratis.XceiverServerRatis (XceiverServerRatis.java:getRealPort(592)) - XceiverServerRatis 6cf56e53-88cb-4022-bd56-d9b5c4d884ee is started using port 15139 for RATIS_DATASTREAM
2024-04-21 07:17:23,975 [JvmPauseMonitor18] INFO  util.JvmPauseMonitor (JvmPauseMonitor.java:run(146)) - JvmPauseMonitor-6cf56e53-88cb-4022-bd56-d9b5c4d884ee: Started
2024-04-21 07:17:23,976 [6cf56e53-88cb-4022-bd56-d9b5c4d884ee-BlockDeletingService#0] INFO  interfaces.ContainerDeletionChoosingPolicyTemplate (ContainerDeletionChoosingPolicyTemplate.java:chooseContainerForBlockDeletion(85)) - Chosen 0/5000 blocks from 0 candidate containers.
2024-04-21 07:17:24,034 [a45323a7-bc80-446e-b427-0ffb34a72641-EndpointStateMachineTaskThread-/0.0.0.0:15108-0 ] INFO  utils.DatanodeStoreCache (DatanodeStoreCache.java:addDB(72)) - Added db /home/runner/work/ozone/ozone/hadoop-ozone/integration-test/target/test-dir/MiniOzoneClusterImpl-ed39ddd9-82bf-4bf6-8741-acb42c98007c/ozone-meta/datanode-4/data-0/hdds/ed39ddd9-82bf-4bf6-8741-acb42c98007c/DS-66b14913-657a-4e97-b05a-10a59a481ed3/container.db to cache
2024-04-21 07:17:24,034 [a45323a7-bc80-446e-b427-0ffb34a72641-EndpointStateMachineTaskThread-/0.0.0.0:15108-0 ] INFO  volume.HddsVolume (HddsVolume.java:createDbStore(437)) - SchemaV3 db is created and loaded at /home/runner/work/ozone/ozone/hadoop-ozone/integration-test/target/test-dir/MiniOzoneClusterImpl-ed39ddd9-82bf-4bf6-8741-acb42c98007c/ozone-meta/datanode-4/data-0/hdds/ed39ddd9-82bf-4bf6-8741-acb42c98007c/DS-66b14913-657a-4e97-b05a-10a59a481ed3/container.db for volume DS-66b14913-657a-4e97-b05a-10a59a481ed3
2024-04-21 07:17:24,036 [a45323a7-bc80-446e-b427-0ffb34a72641-ContainerReader-0] INFO  ozoneimpl.ContainerReader (ContainerReader.java:readVolume(148)) - Start to verify containers on volume /home/runner/work/ozone/ozone/hadoop-ozone/integration-test/target/test-dir/MiniOzoneClusterImpl-ed39ddd9-82bf-4bf6-8741-acb42c98007c/ozone-meta/datanode-4/data-0/hdds
2024-04-21 07:17:24,036 [a45323a7-bc80-446e-b427-0ffb34a72641-ContainerReader-0] INFO  ozoneimpl.ContainerReader (ContainerReader.java:readVolume(178)) - Finish verifying containers on volume /home/runner/work/ozone/ozone/hadoop-ozone/integration-test/target/test-dir/MiniOzoneClusterImpl-ed39ddd9-82bf-4bf6-8741-acb42c98007c/ozone-meta/datanode-4/data-0/hdds
2024-04-21 07:17:24,036 [a45323a7-bc80-446e-b427-0ffb34a72641-EndpointStateMachineTaskThread-/0.0.0.0:15108-0 ] INFO  ozoneimpl.OzoneContainer (OzoneContainer.java:buildContainerSet(328)) - Build ContainerSet costs 0s
2024-04-21 07:17:24,036 [a45323a7-bc80-446e-b427-0ffb34a72641-EndpointStateMachineTaskThread-/0.0.0.0:15108-0 ] INFO  volume.ThrottledAsyncChecker (ThrottledAsyncChecker.java:schedule(141)) - Scheduling a check for /home/runner/work/ozone/ozone/hadoop-ozone/integration-test/target/test-dir/MiniOzoneClusterImpl-ed39ddd9-82bf-4bf6-8741-acb42c98007c/ozone-meta/datanode-4/data-0/hdds
2024-04-21 07:17:24,037 [a45323a7-bc80-446e-b427-0ffb34a72641-EndpointStateMachineTaskThread-/0.0.0.0:15108-0 ] INFO  volume.StorageVolumeChecker (StorageVolumeChecker.java:checkAllVolumes(218)) - Scheduled health check for volume /home/runner/work/ozone/ozone/hadoop-ozone/integration-test/target/test-dir/MiniOzoneClusterImpl-ed39ddd9-82bf-4bf6-8741-acb42c98007c/ozone-meta/datanode-4/data-0/hdds
2024-04-21 07:17:24,038 [a45323a7-bc80-446e-b427-0ffb34a72641-EndpointStateMachineTaskThread-/0.0.0.0:15108-0 ] INFO  volume.ThrottledAsyncChecker (ThrottledAsyncChecker.java:schedule(141)) - Scheduling a check for /home/runner/work/ozone/ozone/hadoop-ozone/integration-test/target/test-dir/MiniOzoneClusterImpl-ed39ddd9-82bf-4bf6-8741-acb42c98007c/ozone-meta/datanode-4/ratis
2024-04-21 07:17:24,039 [a45323a7-bc80-446e-b427-0ffb34a72641-EndpointStateMachineTaskThread-/0.0.0.0:15108-0 ] INFO  volume.StorageVolumeChecker (StorageVolumeChecker.java:checkAllVolumes(218)) - Scheduled health check for volume /home/runner/work/ozone/ozone/hadoop-ozone/integration-test/target/test-dir/MiniOzoneClusterImpl-ed39ddd9-82bf-4bf6-8741-acb42c98007c/ozone-meta/datanode-4/ratis
2024-04-21 07:17:24,039 [a45323a7-bc80-446e-b427-0ffb34a72641-EndpointStateMachineTaskThread-/0.0.0.0:15108-0 ] INFO  ozoneimpl.OzoneContainer (OzoneContainer.java:start(459)) - Attempting to start container services.
2024-04-21 07:17:24,039 [a45323a7-bc80-446e-b427-0ffb34a72641-EndpointStateMachineTaskThread-/0.0.0.0:15108-0 ] WARN  ozoneimpl.OnDemandContainerDataScanner (OnDemandContainerDataScanner.java:init(75)) - Trying to initialize on demand scanner a second time on a datanode.
2024-04-21 07:17:24,040 [ContainerMetadataScanner] INFO  ozoneimpl.AbstractBackgroundContainerScanner (AbstractBackgroundContainerScanner.java:runIteration(87)) - Completed an iteration in 0 minutes. Number of iterations (since the data-node restart) : 1, Number of containers scanned in this iteration : 0, Number of unhealthy containers found in this iteration : 0
2024-04-21 07:17:24,040 [ContainerDataScanner(/home/runner/work/ozone/ozone/hadoop-ozone/integration-test/target/test-dir/MiniOzoneClusterImpl-ed39ddd9-82bf-4bf6-8741-acb42c98007c/ozone-meta/datanode-4/data-0/hdds)] INFO  ozoneimpl.AbstractBackgroundContainerScanner (AbstractBackgroundContainerScanner.java:runIteration(87)) - Completed an iteration in 0 minutes. Number of iterations (since the data-node restart) : 1, Number of containers scanned in this iteration : 0, Number of unhealthy containers found in this iteration : 0
2024-04-21 07:17:24,040 [a45323a7-bc80-446e-b427-0ffb34a72641-EndpointStateMachineTaskThread-/0.0.0.0:15108-0 ] INFO  replication.ReplicationServer (ReplicationServer.java:start(142)) - ReplicationServer is started using port 15149
2024-04-21 07:17:24,041 [a45323a7-bc80-446e-b427-0ffb34a72641-EndpointStateMachineTaskThread-/0.0.0.0:15108-0 ] INFO  ratis.XceiverServerRatis (XceiverServerRatis.java:start(566)) - Starting XceiverServerRatis a45323a7-bc80-446e-b427-0ffb34a72641
2024-04-21 07:17:24,041 [a45323a7-bc80-446e-b427-0ffb34a72641-EndpointStateMachineTaskThread-/0.0.0.0:15108-0 ] INFO  server.RaftServer (RaftServerProxy.java:startImpl(406)) - a45323a7-bc80-446e-b427-0ffb34a72641: start RPC server
2024-04-21 07:17:24,042 [a45323a7-bc80-446e-b427-0ffb34a72641-EndpointStateMachineTaskThread-/0.0.0.0:15108-0 ] INFO  server.GrpcService (GrpcService.java:startImpl(302)) - a45323a7-bc80-446e-b427-0ffb34a72641: GrpcService started, listening on 15145
2024-04-21 07:17:24,044 [a45323a7-bc80-446e-b427-0ffb34a72641-EndpointStateMachineTaskThread-/0.0.0.0:15108-0 ] INFO  server.GrpcService (GrpcService.java:startImpl(302)) - a45323a7-bc80-446e-b427-0ffb34a72641: GrpcService started, listening on 15147
2024-04-21 07:17:24,045 [a45323a7-bc80-446e-b427-0ffb34a72641-EndpointStateMachineTaskThread-/0.0.0.0:15108-0 ] INFO  server.GrpcService (GrpcService.java:startImpl(302)) - a45323a7-bc80-446e-b427-0ffb34a72641: GrpcService started, listening on 15146
2024-04-21 07:17:24,045 [a45323a7-bc80-446e-b427-0ffb34a72641-EndpointStateMachineTaskThread-/0.0.0.0:15108-0 ] INFO  ratis.XceiverServerRatis (XceiverServerRatis.java:getRealPort(592)) - XceiverServerRatis a45323a7-bc80-446e-b427-0ffb34a72641 is started using port 15145 for RATIS
2024-04-21 07:17:24,045 [JvmPauseMonitor19] INFO  util.JvmPauseMonitor (JvmPauseMonitor.java:run(146)) - JvmPauseMonitor-a45323a7-bc80-446e-b427-0ffb34a72641: Started
2024-04-21 07:17:24,045 [a45323a7-bc80-446e-b427-0ffb34a72641-EndpointStateMachineTaskThread-/0.0.0.0:15108-0 ] INFO  ratis.XceiverServerRatis (XceiverServerRatis.java:getRealPort(592)) - XceiverServerRatis a45323a7-bc80-446e-b427-0ffb34a72641 is started using port 15146 for RATIS_ADMIN
2024-04-21 07:17:24,045 [a45323a7-bc80-446e-b427-0ffb34a72641-EndpointStateMachineTaskThread-/0.0.0.0:15108-0 ] INFO  ratis.XceiverServerRatis (XceiverServerRatis.java:getRealPort(592)) - XceiverServerRatis a45323a7-bc80-446e-b427-0ffb34a72641 is started using port 15147 for RATIS_SERVER
2024-04-21 07:17:24,045 [a45323a7-bc80-446e-b427-0ffb34a72641-EndpointStateMachineTaskThread-/0.0.0.0:15108-0 ] INFO  ratis.XceiverServerRatis (XceiverServerRatis.java:getRealPort(592)) - XceiverServerRatis a45323a7-bc80-446e-b427-0ffb34a72641 is started using port 15148 for RATIS_DATASTREAM
2024-04-21 07:17:24,046 [a45323a7-bc80-446e-b427-0ffb34a72641-BlockDeletingService#0] INFO  interfaces.ContainerDeletionChoosingPolicyTemplate (ContainerDeletionChoosingPolicyTemplate.java:chooseContainerForBlockDeletion(85)) - Chosen 0/5000 blocks from 0 candidate containers.
2024-04-21 07:17:24,104 [main] INFO  ozone.MiniOzoneClusterImpl (MiniOzoneClusterImpl.java:lambda$waitForClusterToBeReady$0(194)) - Waiting for nodes to be ready. Got 0 of 5 DN Heartbeats.
2024-04-21 07:17:24,104 [main] INFO  ozone.MiniOzoneClusterImpl (MiniOzoneClusterImpl.java:lambda$waitForClusterToBeReady$0(197)) - Waiting for cluster to exit safe mode
2024-04-21 07:17:24,104 [main] INFO  ozone.MiniOzoneClusterImpl (MiniOzoneClusterImpl.java:lambda$waitForClusterToBeReady$0(199)) - SCM became leader
2024-04-21 07:17:24,136 [80370d78-c36f-4d75-b7cb-6753407b0dff-EndpointStateMachineTaskThread-/0.0.0.0:15108-0 ] INFO  utils.DatanodeStoreCache (DatanodeStoreCache.java:addDB(72)) - Added db /home/runner/work/ozone/ozone/hadoop-ozone/integration-test/target/test-dir/MiniOzoneClusterImpl-ed39ddd9-82bf-4bf6-8741-acb42c98007c/ozone-meta/datanode-5/data-0/hdds/ed39ddd9-82bf-4bf6-8741-acb42c98007c/DS-bcccb3e0-16eb-4075-8594-3dbce0ad274d/container.db to cache
2024-04-21 07:17:24,136 [80370d78-c36f-4d75-b7cb-6753407b0dff-EndpointStateMachineTaskThread-/0.0.0.0:15108-0 ] INFO  volume.HddsVolume (HddsVolume.java:createDbStore(437)) - SchemaV3 db is created and loaded at /home/runner/work/ozone/ozone/hadoop-ozone/integration-test/target/test-dir/MiniOzoneClusterImpl-ed39ddd9-82bf-4bf6-8741-acb42c98007c/ozone-meta/datanode-5/data-0/hdds/ed39ddd9-82bf-4bf6-8741-acb42c98007c/DS-bcccb3e0-16eb-4075-8594-3dbce0ad274d/container.db for volume DS-bcccb3e0-16eb-4075-8594-3dbce0ad274d
2024-04-21 07:17:24,138 [80370d78-c36f-4d75-b7cb-6753407b0dff-ContainerReader-0] INFO  ozoneimpl.ContainerReader (ContainerReader.java:readVolume(148)) - Start to verify containers on volume /home/runner/work/ozone/ozone/hadoop-ozone/integration-test/target/test-dir/MiniOzoneClusterImpl-ed39ddd9-82bf-4bf6-8741-acb42c98007c/ozone-meta/datanode-5/data-0/hdds
2024-04-21 07:17:24,138 [80370d78-c36f-4d75-b7cb-6753407b0dff-ContainerReader-0] INFO  ozoneimpl.ContainerReader (ContainerReader.java:readVolume(178)) - Finish verifying containers on volume /home/runner/work/ozone/ozone/hadoop-ozone/integration-test/target/test-dir/MiniOzoneClusterImpl-ed39ddd9-82bf-4bf6-8741-acb42c98007c/ozone-meta/datanode-5/data-0/hdds
2024-04-21 07:17:24,138 [80370d78-c36f-4d75-b7cb-6753407b0dff-EndpointStateMachineTaskThread-/0.0.0.0:15108-0 ] INFO  ozoneimpl.OzoneContainer (OzoneContainer.java:buildContainerSet(328)) - Build ContainerSet costs 0s
2024-04-21 07:17:24,138 [80370d78-c36f-4d75-b7cb-6753407b0dff-EndpointStateMachineTaskThread-/0.0.0.0:15108-0 ] INFO  volume.ThrottledAsyncChecker (ThrottledAsyncChecker.java:schedule(141)) - Scheduling a check for /home/runner/work/ozone/ozone/hadoop-ozone/integration-test/target/test-dir/MiniOzoneClusterImpl-ed39ddd9-82bf-4bf6-8741-acb42c98007c/ozone-meta/datanode-5/data-0/hdds
2024-04-21 07:17:24,138 [80370d78-c36f-4d75-b7cb-6753407b0dff-EndpointStateMachineTaskThread-/0.0.0.0:15108-0 ] INFO  volume.StorageVolumeChecker (StorageVolumeChecker.java:checkAllVolumes(218)) - Scheduled health check for volume /home/runner/work/ozone/ozone/hadoop-ozone/integration-test/target/test-dir/MiniOzoneClusterImpl-ed39ddd9-82bf-4bf6-8741-acb42c98007c/ozone-meta/datanode-5/data-0/hdds
2024-04-21 07:17:24,140 [80370d78-c36f-4d75-b7cb-6753407b0dff-EndpointStateMachineTaskThread-/0.0.0.0:15108-0 ] INFO  volume.ThrottledAsyncChecker (ThrottledAsyncChecker.java:schedule(141)) - Scheduling a check for /home/runner/work/ozone/ozone/hadoop-ozone/integration-test/target/test-dir/MiniOzoneClusterImpl-ed39ddd9-82bf-4bf6-8741-acb42c98007c/ozone-meta/datanode-5/ratis
2024-04-21 07:17:24,140 [80370d78-c36f-4d75-b7cb-6753407b0dff-EndpointStateMachineTaskThread-/0.0.0.0:15108-0 ] INFO  volume.StorageVolumeChecker (StorageVolumeChecker.java:checkAllVolumes(218)) - Scheduled health check for volume /home/runner/work/ozone/ozone/hadoop-ozone/integration-test/target/test-dir/MiniOzoneClusterImpl-ed39ddd9-82bf-4bf6-8741-acb42c98007c/ozone-meta/datanode-5/ratis
2024-04-21 07:17:24,141 [80370d78-c36f-4d75-b7cb-6753407b0dff-EndpointStateMachineTaskThread-/0.0.0.0:15108-0 ] INFO  ozoneimpl.OzoneContainer (OzoneContainer.java:start(459)) - Attempting to start container services.
2024-04-21 07:17:24,141 [80370d78-c36f-4d75-b7cb-6753407b0dff-EndpointStateMachineTaskThread-/0.0.0.0:15108-0 ] WARN  ozoneimpl.OnDemandContainerDataScanner (OnDemandContainerDataScanner.java:init(75)) - Trying to initialize on demand scanner a second time on a datanode.
2024-04-21 07:17:24,141 [ContainerMetadataScanner] INFO  ozoneimpl.AbstractBackgroundContainerScanner (AbstractBackgroundContainerScanner.java:runIteration(87)) - Completed an iteration in 0 minutes. Number of iterations (since the data-node restart) : 1, Number of containers scanned in this iteration : 0, Number of unhealthy containers found in this iteration : 0
2024-04-21 07:17:24,142 [ContainerDataScanner(/home/runner/work/ozone/ozone/hadoop-ozone/integration-test/target/test-dir/MiniOzoneClusterImpl-ed39ddd9-82bf-4bf6-8741-acb42c98007c/ozone-meta/datanode-5/data-0/hdds)] INFO  ozoneimpl.AbstractBackgroundContainerScanner (AbstractBackgroundContainerScanner.java:runIteration(87)) - Completed an iteration in 0 minutes. Number of iterations (since the data-node restart) : 1, Number of containers scanned in this iteration : 0, Number of unhealthy containers found in this iteration : 0
2024-04-21 07:17:24,142 [80370d78-c36f-4d75-b7cb-6753407b0dff-EndpointStateMachineTaskThread-/0.0.0.0:15108-0 ] INFO  replication.ReplicationServer (ReplicationServer.java:start(142)) - ReplicationServer is started using port 15158
2024-04-21 07:17:24,142 [80370d78-c36f-4d75-b7cb-6753407b0dff-EndpointStateMachineTaskThread-/0.0.0.0:15108-0 ] INFO  ratis.XceiverServerRatis (XceiverServerRatis.java:start(566)) - Starting XceiverServerRatis 80370d78-c36f-4d75-b7cb-6753407b0dff
2024-04-21 07:17:24,143 [80370d78-c36f-4d75-b7cb-6753407b0dff-EndpointStateMachineTaskThread-/0.0.0.0:15108-0 ] INFO  server.RaftServer (RaftServerProxy.java:startImpl(406)) - 80370d78-c36f-4d75-b7cb-6753407b0dff: start RPC server
2024-04-21 07:17:24,143 [80370d78-c36f-4d75-b7cb-6753407b0dff-EndpointStateMachineTaskThread-/0.0.0.0:15108-0 ] INFO  server.GrpcService (GrpcService.java:startImpl(302)) - 80370d78-c36f-4d75-b7cb-6753407b0dff: GrpcService started, listening on 15154
2024-04-21 07:17:24,146 [80370d78-c36f-4d75-b7cb-6753407b0dff-EndpointStateMachineTaskThread-/0.0.0.0:15108-0 ] INFO  server.GrpcService (GrpcService.java:startImpl(302)) - 80370d78-c36f-4d75-b7cb-6753407b0dff: GrpcService started, listening on 15156
2024-04-21 07:17:24,148 [80370d78-c36f-4d75-b7cb-6753407b0dff-EndpointStateMachineTaskThread-/0.0.0.0:15108-0 ] INFO  server.GrpcService (GrpcService.java:startImpl(302)) - 80370d78-c36f-4d75-b7cb-6753407b0dff: GrpcService started, listening on 15155
2024-04-21 07:17:24,148 [80370d78-c36f-4d75-b7cb-6753407b0dff-EndpointStateMachineTaskThread-/0.0.0.0:15108-0 ] INFO  ratis.XceiverServerRatis (XceiverServerRatis.java:getRealPort(592)) - XceiverServerRatis 80370d78-c36f-4d75-b7cb-6753407b0dff is started using port 15154 for RATIS
2024-04-21 07:17:24,148 [JvmPauseMonitor20] INFO  util.JvmPauseMonitor (JvmPauseMonitor.java:run(146)) - JvmPauseMonitor-80370d78-c36f-4d75-b7cb-6753407b0dff: Started
2024-04-21 07:17:24,148 [80370d78-c36f-4d75-b7cb-6753407b0dff-EndpointStateMachineTaskThread-/0.0.0.0:15108-0 ] INFO  ratis.XceiverServerRatis (XceiverServerRatis.java:getRealPort(592)) - XceiverServerRatis 80370d78-c36f-4d75-b7cb-6753407b0dff is started using port 15155 for RATIS_ADMIN
2024-04-21 07:17:24,148 [80370d78-c36f-4d75-b7cb-6753407b0dff-EndpointStateMachineTaskThread-/0.0.0.0:15108-0 ] INFO  ratis.XceiverServerRatis (XceiverServerRatis.java:getRealPort(592)) - XceiverServerRatis 80370d78-c36f-4d75-b7cb-6753407b0dff is started using port 15156 for RATIS_SERVER
2024-04-21 07:17:24,148 [80370d78-c36f-4d75-b7cb-6753407b0dff-EndpointStateMachineTaskThread-/0.0.0.0:15108-0 ] INFO  ratis.XceiverServerRatis (XceiverServerRatis.java:getRealPort(592)) - XceiverServerRatis 80370d78-c36f-4d75-b7cb-6753407b0dff is started using port 15157 for RATIS_DATASTREAM
2024-04-21 07:17:24,150 [80370d78-c36f-4d75-b7cb-6753407b0dff-BlockDeletingService#0] INFO  interfaces.ContainerDeletionChoosingPolicyTemplate (ContainerDeletionChoosingPolicyTemplate.java:chooseContainerForBlockDeletion(85)) - Chosen 0/5000 blocks from 0 candidate containers.
2024-04-21 07:17:25,104 [main] INFO  ozone.MiniOzoneClusterImpl (MiniOzoneClusterImpl.java:lambda$waitForClusterToBeReady$0(194)) - Waiting for nodes to be ready. Got 0 of 5 DN Heartbeats.
2024-04-21 07:17:25,105 [main] INFO  ozone.MiniOzoneClusterImpl (MiniOzoneClusterImpl.java:lambda$waitForClusterToBeReady$0(197)) - Waiting for cluster to exit safe mode
2024-04-21 07:17:25,105 [main] INFO  ozone.MiniOzoneClusterImpl (MiniOzoneClusterImpl.java:lambda$waitForClusterToBeReady$0(199)) - SCM became leader
2024-04-21 07:17:25,802 [IPC Server handler 3 on default port 15108] INFO  net.NetworkTopologyImpl (NetworkTopologyImpl.java:add(134)) - Added a new node: /default-rack/9387e6e8-bf6d-4d10-9dc1-f1bd05fc02cf
2024-04-21 07:17:25,802 [IPC Server handler 3 on default port 15108] INFO  node.SCMNodeManager (SCMNodeManager.java:register(421)) - Registered datanode: 9387e6e8-bf6d-4d10-9dc1-f1bd05fc02cf{ip: 10.1.0.102, host: fv-az1428-63, ports: [HTTP=15115, CLIENT_RPC=15116, REPLICATION=15122, RATIS=15118, RATIS_ADMIN=15119, RATIS_SERVER=15120, RATIS_DATASTREAM=15121, STANDALONE=15117], networkLocation: /default-rack, certSerialId: null, persistedOpState: null, persistedOpStateExpiryEpochSec: 0}
2024-04-21 07:17:25,805 [EventQueue-NewNodeForNewNodeHandler] INFO  pipeline.BackgroundPipelineCreator (BackgroundPipelineCreator.java:notifyEventTriggered(280)) - trigger a one-shot run on RatisPipelineUtilsThread.
2024-04-21 07:17:25,805 [EventQueue-NodeRegistrationContainerReportForDataNodeSafeModeRule] INFO  safemode.SCMSafeModeManager (DataNodeSafeModeRule.java:process(71)) - SCM in safe mode. 1 DataNodes registered, 3 required.
2024-04-21 07:17:25,805 [EventQueue-NodeRegistrationContainerReportForContainerSafeModeRule] INFO  safemode.SCMSafeModeManager (SCMSafeModeManager.java:validateSafeModeExitRules(200)) - ContainerSafeModeRule rule is successfully validated
2024-04-21 07:17:25,805 [RatisPipelineUtilsThread-0] INFO  pipeline.RatisPipelineProvider (RatisPipelineProvider.java:lambda$create$0(205)) - Sending CreatePipelineCommand for pipeline:PipelineID=bc87ce9e-43bf-487e-9f23-e2078b4a5995 to datanode:9387e6e8-bf6d-4d10-9dc1-f1bd05fc02cf
2024-04-21 07:17:25,807 [EventQueue-PipelineReportForOneReplicaPipelineSafeModeRule] INFO  safemode.SCMSafeModeManager (SCMSafeModeManager.java:validateSafeModeExitRules(200)) - AtleastOneDatanodeReportedRule rule is successfully validated
2024-04-21 07:17:25,807 [RatisPipelineUtilsThread-0] INFO  pipeline.BackgroundPipelineCreator (BackgroundPipelineCreator.java:createPipelines(236)) - Created new pipeline Pipeline[ Id: bc87ce9e-43bf-487e-9f23-e2078b4a5995, Nodes: 9387e6e8-bf6d-4d10-9dc1-f1bd05fc02cf(fv-az1428-63/10.1.0.102), ReplicationConfig: RATIS/ONE, State:ALLOCATED, leaderId:, CreationTimestamp2024-04-21T07:17:25.805Z[Etc/UTC]]
2024-04-21 07:17:25,884 [IPC Server handler 4 on default port 15108] INFO  net.NetworkTopologyImpl (NetworkTopologyImpl.java:add(134)) - Added a new node: /default-rack/33d4fa9a-f1b5-45a2-9ce3-43c86fd82df2
2024-04-21 07:17:25,884 [IPC Server handler 4 on default port 15108] INFO  node.SCMNodeManager (SCMNodeManager.java:register(421)) - Registered datanode: 33d4fa9a-f1b5-45a2-9ce3-43c86fd82df2{ip: 10.1.0.102, host: fv-az1428-63, ports: [HTTP=15124, CLIENT_RPC=15125, REPLICATION=15131, RATIS=15127, RATIS_ADMIN=15128, RATIS_SERVER=15129, RATIS_DATASTREAM=15130, STANDALONE=15126], networkLocation: /default-rack, certSerialId: null, persistedOpState: null, persistedOpStateExpiryEpochSec: 0}
2024-04-21 07:17:25,885 [EventQueue-NodeRegistrationContainerReportForDataNodeSafeModeRule] INFO  safemode.SCMSafeModeManager (DataNodeSafeModeRule.java:process(71)) - SCM in safe mode. 2 DataNodes registered, 3 required.
2024-04-21 07:17:25,885 [EventQueue-NewNodeForNewNodeHandler] INFO  pipeline.BackgroundPipelineCreator (BackgroundPipelineCreator.java:notifyEventTriggered(280)) - trigger a one-shot run on RatisPipelineUtilsThread.
2024-04-21 07:17:25,888 [RatisPipelineUtilsThread-0] INFO  pipeline.RatisPipelineProvider (RatisPipelineProvider.java:lambda$create$0(205)) - Sending CreatePipelineCommand for pipeline:PipelineID=4537414b-d6d2-4060-8c27-2653268d5246 to datanode:33d4fa9a-f1b5-45a2-9ce3-43c86fd82df2
2024-04-21 07:17:25,888 [RatisPipelineUtilsThread-0] INFO  pipeline.BackgroundPipelineCreator (BackgroundPipelineCreator.java:createPipelines(236)) - Created new pipeline Pipeline[ Id: 4537414b-d6d2-4060-8c27-2653268d5246, Nodes: 33d4fa9a-f1b5-45a2-9ce3-43c86fd82df2(fv-az1428-63/10.1.0.102), ReplicationConfig: RATIS/ONE, State:ALLOCATED, leaderId:, CreationTimestamp2024-04-21T07:17:25.888Z[Etc/UTC]]
2024-04-21 07:17:25,946 [IPC Server handler 2 on default port 15108] INFO  net.NetworkTopologyImpl (NetworkTopologyImpl.java:add(134)) - Added a new node: /default-rack/6cf56e53-88cb-4022-bd56-d9b5c4d884ee
2024-04-21 07:17:25,946 [IPC Server handler 2 on default port 15108] INFO  node.SCMNodeManager (SCMNodeManager.java:register(421)) - Registered datanode: 6cf56e53-88cb-4022-bd56-d9b5c4d884ee{ip: 10.1.0.102, host: fv-az1428-63, ports: [HTTP=15133, CLIENT_RPC=15134, REPLICATION=15140, RATIS=15136, RATIS_ADMIN=15137, RATIS_SERVER=15138, RATIS_DATASTREAM=15139, STANDALONE=15135], networkLocation: /default-rack, certSerialId: null, persistedOpState: null, persistedOpStateExpiryEpochSec: 0}
2024-04-21 07:17:25,947 [EventQueue-NodeRegistrationContainerReportForDataNodeSafeModeRule] INFO  safemode.SCMSafeModeManager (DataNodeSafeModeRule.java:process(71)) - SCM in safe mode. 3 DataNodes registered, 3 required.
2024-04-21 07:17:25,947 [EventQueue-NodeRegistrationContainerReportForDataNodeSafeModeRule] INFO  safemode.SCMSafeModeManager (SCMSafeModeManager.java:validateSafeModeExitRules(200)) - DataNodeSafeModeRule rule is successfully validated
2024-04-21 07:17:25,947 [EventQueue-NodeRegistrationContainerReportForDataNodeSafeModeRule] INFO  safemode.SCMSafeModeManager (SCMSafeModeManager.java:completePreCheck(229)) - All SCM safe mode pre check rules have passed
2024-04-21 07:17:25,947 [EventQueue-NodeRegistrationContainerReportForDataNodeSafeModeRule] INFO  ha.SCMContext (SCMContext.java:updateSafeModeStatus(225)) - Update SafeModeStatus from SafeModeStatus{safeModeStatus=true, preCheckPassed=false} to SafeModeStatus{safeModeStatus=true, preCheckPassed=true}.
2024-04-21 07:17:25,947 [EventQueue-NodeRegistrationContainerReportForDataNodeSafeModeRule] INFO  pipeline.BackgroundPipelineCreator (BackgroundPipelineCreator.java:notifyEventTriggered(280)) - trigger a one-shot run on RatisPipelineUtilsThread.
2024-04-21 07:17:25,947 [EventQueue-NewNodeForNewNodeHandler] INFO  pipeline.BackgroundPipelineCreator (BackgroundPipelineCreator.java:notifyEventTriggered(280)) - trigger a one-shot run on RatisPipelineUtilsThread.
2024-04-21 07:17:25,947 [RatisPipelineUtilsThread-0] INFO  pipeline.RatisPipelineProvider (RatisPipelineProvider.java:lambda$create$0(205)) - Sending CreatePipelineCommand for pipeline:PipelineID=92642223-ead3-4aef-b8a5-5e161af68217 to datanode:6cf56e53-88cb-4022-bd56-d9b5c4d884ee
2024-04-21 07:17:25,948 [RatisPipelineUtilsThread-0] INFO  pipeline.BackgroundPipelineCreator (BackgroundPipelineCreator.java:createPipelines(236)) - Created new pipeline Pipeline[ Id: 92642223-ead3-4aef-b8a5-5e161af68217, Nodes: 6cf56e53-88cb-4022-bd56-d9b5c4d884ee(fv-az1428-63/10.1.0.102), ReplicationConfig: RATIS/ONE, State:ALLOCATED, leaderId:, CreationTimestamp2024-04-21T07:17:25.947Z[Etc/UTC]]
2024-04-21 07:17:25,948 [RatisPipelineUtilsThread-0] INFO  pipeline.RatisPipelineProvider (RatisPipelineProvider.java:lambda$create$0(205)) - Sending CreatePipelineCommand for pipeline:PipelineID=c4b7aa47-080c-4de3-8911-9461fa60fdfb to datanode:33d4fa9a-f1b5-45a2-9ce3-43c86fd82df2
2024-04-21 07:17:25,948 [RatisPipelineUtilsThread-0] INFO  pipeline.RatisPipelineProvider (RatisPipelineProvider.java:lambda$create$0(205)) - Sending CreatePipelineCommand for pipeline:PipelineID=c4b7aa47-080c-4de3-8911-9461fa60fdfb to datanode:9387e6e8-bf6d-4d10-9dc1-f1bd05fc02cf
2024-04-21 07:17:25,948 [RatisPipelineUtilsThread-0] INFO  pipeline.RatisPipelineProvider (RatisPipelineProvider.java:lambda$create$0(205)) - Sending CreatePipelineCommand for pipeline:PipelineID=c4b7aa47-080c-4de3-8911-9461fa60fdfb to datanode:6cf56e53-88cb-4022-bd56-d9b5c4d884ee
2024-04-21 07:17:25,949 [RatisPipelineUtilsThread-0] INFO  pipeline.BackgroundPipelineCreator (BackgroundPipelineCreator.java:createPipelines(236)) - Created new pipeline Pipeline[ Id: c4b7aa47-080c-4de3-8911-9461fa60fdfb, Nodes: 33d4fa9a-f1b5-45a2-9ce3-43c86fd82df2(fv-az1428-63/10.1.0.102)9387e6e8-bf6d-4d10-9dc1-f1bd05fc02cf(fv-az1428-63/10.1.0.102)6cf56e53-88cb-4022-bd56-d9b5c4d884ee(fv-az1428-63/10.1.0.102), ReplicationConfig: RATIS/THREE, State:ALLOCATED, leaderId:, CreationTimestamp2024-04-21T07:17:25.948Z[Etc/UTC]]
2024-04-21 07:17:25,950 [RatisPipelineUtilsThread-0] INFO  pipeline.RatisPipelineProvider (RatisPipelineProvider.java:lambda$create$0(205)) - Sending CreatePipelineCommand for pipeline:PipelineID=0ea19662-297e-47e6-b59a-85f3280a5d9a to datanode:33d4fa9a-f1b5-45a2-9ce3-43c86fd82df2
2024-04-21 07:17:25,950 [RatisPipelineUtilsThread-0] INFO  pipeline.RatisPipelineProvider (RatisPipelineProvider.java:lambda$create$0(205)) - Sending CreatePipelineCommand for pipeline:PipelineID=0ea19662-297e-47e6-b59a-85f3280a5d9a to datanode:9387e6e8-bf6d-4d10-9dc1-f1bd05fc02cf
2024-04-21 07:17:25,950 [RatisPipelineUtilsThread-0] INFO  pipeline.RatisPipelineProvider (RatisPipelineProvider.java:lambda$create$0(205)) - Sending CreatePipelineCommand for pipeline:PipelineID=0ea19662-297e-47e6-b59a-85f3280a5d9a to datanode:6cf56e53-88cb-4022-bd56-d9b5c4d884ee
2024-04-21 07:17:25,951 [RatisPipelineUtilsThread-0] INFO  pipeline.PipelineManagerImpl (PipelineManagerImpl.java:recordMetricsForPipeline(916)) - Pipeline: PipelineID=0ea19662-297e-47e6-b59a-85f3280a5d9a contains same datanodes as previous pipelines: PipelineID=c4b7aa47-080c-4de3-8911-9461fa60fdfb nodeIds: 33d4fa9a-f1b5-45a2-9ce3-43c86fd82df2, 9387e6e8-bf6d-4d10-9dc1-f1bd05fc02cf, 6cf56e53-88cb-4022-bd56-d9b5c4d884ee
2024-04-21 07:17:25,951 [RatisPipelineUtilsThread-0] INFO  pipeline.BackgroundPipelineCreator (BackgroundPipelineCreator.java:createPipelines(236)) - Created new pipeline Pipeline[ Id: 0ea19662-297e-47e6-b59a-85f3280a5d9a, Nodes: 33d4fa9a-f1b5-45a2-9ce3-43c86fd82df2(fv-az1428-63/10.1.0.102)9387e6e8-bf6d-4d10-9dc1-f1bd05fc02cf(fv-az1428-63/10.1.0.102)6cf56e53-88cb-4022-bd56-d9b5c4d884ee(fv-az1428-63/10.1.0.102), ReplicationConfig: RATIS/THREE, State:ALLOCATED, leaderId:, CreationTimestamp2024-04-21T07:17:25.950Z[Etc/UTC]]
2024-04-21 07:17:25,951 [RatisPipelineUtilsThread-0] INFO  pipeline.RatisPipelineProvider (RatisPipelineProvider.java:lambda$create$0(205)) - Sending CreatePipelineCommand for pipeline:PipelineID=a86e7278-1226-4d94-889b-db6f9dc5174e to datanode:6cf56e53-88cb-4022-bd56-d9b5c4d884ee
2024-04-21 07:17:25,951 [RatisPipelineUtilsThread-0] INFO  pipeline.RatisPipelineProvider (RatisPipelineProvider.java:lambda$create$0(205)) - Sending CreatePipelineCommand for pipeline:PipelineID=a86e7278-1226-4d94-889b-db6f9dc5174e to datanode:9387e6e8-bf6d-4d10-9dc1-f1bd05fc02cf
2024-04-21 07:17:25,951 [RatisPipelineUtilsThread-0] INFO  pipeline.RatisPipelineProvider (RatisPipelineProvider.java:lambda$create$0(205)) - Sending CreatePipelineCommand for pipeline:PipelineID=a86e7278-1226-4d94-889b-db6f9dc5174e to datanode:33d4fa9a-f1b5-45a2-9ce3-43c86fd82df2
2024-04-21 07:17:25,952 [RatisPipelineUtilsThread-0] INFO  pipeline.PipelineManagerImpl (PipelineManagerImpl.java:recordMetricsForPipeline(916)) - Pipeline: PipelineID=a86e7278-1226-4d94-889b-db6f9dc5174e contains same datanodes as previous pipelines: PipelineID=0ea19662-297e-47e6-b59a-85f3280a5d9a nodeIds: 6cf56e53-88cb-4022-bd56-d9b5c4d884ee, 9387e6e8-bf6d-4d10-9dc1-f1bd05fc02cf, 33d4fa9a-f1b5-45a2-9ce3-43c86fd82df2
2024-04-21 07:17:25,952 [RatisPipelineUtilsThread-0] INFO  pipeline.PipelineManagerImpl (PipelineManagerImpl.java:recordMetricsForPipeline(916)) - Pipeline: PipelineID=a86e7278-1226-4d94-889b-db6f9dc5174e contains same datanodes as previous pipelines: PipelineID=c4b7aa47-080c-4de3-8911-9461fa60fdfb nodeIds: 6cf56e53-88cb-4022-bd56-d9b5c4d884ee, 9387e6e8-bf6d-4d10-9dc1-f1bd05fc02cf, 33d4fa9a-f1b5-45a2-9ce3-43c86fd82df2
2024-04-21 07:17:25,952 [RatisPipelineUtilsThread-0] INFO  pipeline.BackgroundPipelineCreator (BackgroundPipelineCreator.java:createPipelines(236)) - Created new pipeline Pipeline[ Id: a86e7278-1226-4d94-889b-db6f9dc5174e, Nodes: 6cf56e53-88cb-4022-bd56-d9b5c4d884ee(fv-az1428-63/10.1.0.102)9387e6e8-bf6d-4d10-9dc1-f1bd05fc02cf(fv-az1428-63/10.1.0.102)33d4fa9a-f1b5-45a2-9ce3-43c86fd82df2(fv-az1428-63/10.1.0.102), ReplicationConfig: RATIS/THREE, State:ALLOCATED, leaderId:, CreationTimestamp2024-04-21T07:17:25.951Z[Etc/UTC]]
2024-04-21 07:17:26,015 [IPC Server handler 1 on default port 15108] INFO  net.NetworkTopologyImpl (NetworkTopologyImpl.java:add(134)) - Added a new node: /default-rack/a45323a7-bc80-446e-b427-0ffb34a72641
2024-04-21 07:17:26,015 [IPC Server handler 1 on default port 15108] INFO  node.SCMNodeManager (SCMNodeManager.java:register(421)) - Registered datanode: a45323a7-bc80-446e-b427-0ffb34a72641{ip: 10.1.0.102, host: fv-az1428-63, ports: [HTTP=15142, CLIENT_RPC=15143, REPLICATION=15149, RATIS=15145, RATIS_ADMIN=15146, RATIS_SERVER=15147, RATIS_DATASTREAM=15148, STANDALONE=15144], networkLocation: /default-rack, certSerialId: null, persistedOpState: null, persistedOpStateExpiryEpochSec: 0}
2024-04-21 07:17:26,017 [EventQueue-NewNodeForNewNodeHandler] INFO  pipeline.BackgroundPipelineCreator (BackgroundPipelineCreator.java:notifyEventTriggered(280)) - trigger a one-shot run on RatisPipelineUtilsThread.
2024-04-21 07:17:26,018 [RatisPipelineUtilsThread-0] INFO  pipeline.RatisPipelineProvider (RatisPipelineProvider.java:lambda$create$0(205)) - Sending CreatePipelineCommand for pipeline:PipelineID=890b1400-59a5-4b01-aaf9-43b368cdab69 to datanode:a45323a7-bc80-446e-b427-0ffb34a72641
2024-04-21 07:17:26,018 [RatisPipelineUtilsThread-0] INFO  pipeline.BackgroundPipelineCreator (BackgroundPipelineCreator.java:createPipelines(236)) - Created new pipeline Pipeline[ Id: 890b1400-59a5-4b01-aaf9-43b368cdab69, Nodes: a45323a7-bc80-446e-b427-0ffb34a72641(fv-az1428-63/10.1.0.102), ReplicationConfig: RATIS/ONE, State:ALLOCATED, leaderId:, CreationTimestamp2024-04-21T07:17:26.017Z[Etc/UTC]]
2024-04-21 07:17:26,105 [main] INFO  ozone.MiniOzoneClusterImpl (MiniOzoneClusterImpl.java:lambda$waitForClusterToBeReady$0(194)) - Waiting for nodes to be ready. Got 4 of 5 DN Heartbeats.
2024-04-21 07:17:26,105 [main] INFO  ozone.MiniOzoneClusterImpl (MiniOzoneClusterImpl.java:lambda$waitForClusterToBeReady$0(197)) - Waiting for cluster to exit safe mode
2024-04-21 07:17:26,106 [main] INFO  ozone.MiniOzoneClusterImpl (MiniOzoneClusterImpl.java:lambda$waitForClusterToBeReady$0(199)) - SCM became leader
2024-04-21 07:17:26,117 [IPC Server handler 0 on default port 15108] INFO  net.NetworkTopologyImpl (NetworkTopologyImpl.java:add(134)) - Added a new node: /default-rack/80370d78-c36f-4d75-b7cb-6753407b0dff
2024-04-21 07:17:26,117 [IPC Server handler 0 on default port 15108] INFO  node.SCMNodeManager (SCMNodeManager.java:register(421)) - Registered datanode: 80370d78-c36f-4d75-b7cb-6753407b0dff{ip: 10.1.0.102, host: fv-az1428-63, ports: [HTTP=15151, CLIENT_RPC=15152, REPLICATION=15158, RATIS=15154, RATIS_ADMIN=15155, RATIS_SERVER=15156, RATIS_DATASTREAM=15157, STANDALONE=15153], networkLocation: /default-rack, certSerialId: null, persistedOpState: null, persistedOpStateExpiryEpochSec: 0}
2024-04-21 07:17:26,117 [EventQueue-NewNodeForNewNodeHandler] INFO  pipeline.BackgroundPipelineCreator (BackgroundPipelineCreator.java:notifyEventTriggered(280)) - trigger a one-shot run on RatisPipelineUtilsThread.
2024-04-21 07:17:26,117 [RatisPipelineUtilsThread-0] INFO  pipeline.RatisPipelineProvider (RatisPipelineProvider.java:lambda$create$0(205)) - Sending CreatePipelineCommand for pipeline:PipelineID=3a57b055-28e0-4292-8aab-9a8d2995d9a7 to datanode:80370d78-c36f-4d75-b7cb-6753407b0dff
2024-04-21 07:17:26,118 [RatisPipelineUtilsThread-0] INFO  pipeline.BackgroundPipelineCreator (BackgroundPipelineCreator.java:createPipelines(236)) - Created new pipeline Pipeline[ Id: 3a57b055-28e0-4292-8aab-9a8d2995d9a7, Nodes: 80370d78-c36f-4d75-b7cb-6753407b0dff(fv-az1428-63/10.1.0.102), ReplicationConfig: RATIS/ONE, State:ALLOCATED, leaderId:, CreationTimestamp2024-04-21T07:17:26.117Z[Etc/UTC]]
2024-04-21 07:17:27,106 [main] INFO  ozone.MiniOzoneClusterImpl (MiniOzoneClusterImpl.java:lambda$waitForClusterToBeReady$0(194)) - Nodes are ready. Got 5 of 5 DN Heartbeats.
2024-04-21 07:17:27,106 [main] INFO  ozone.MiniOzoneClusterImpl (MiniOzoneClusterImpl.java:lambda$waitForClusterToBeReady$0(197)) - Waiting for cluster to exit safe mode
2024-04-21 07:17:27,106 [main] INFO  ozone.MiniOzoneClusterImpl (MiniOzoneClusterImpl.java:lambda$waitForClusterToBeReady$0(199)) - SCM became leader
2024-04-21 07:17:28,107 [main] INFO  ozone.MiniOzoneClusterImpl (MiniOzoneClusterImpl.java:lambda$waitForClusterToBeReady$0(194)) - Nodes are ready. Got 5 of 5 DN Heartbeats.
2024-04-21 07:17:28,107 [main] INFO  ozone.MiniOzoneClusterImpl (MiniOzoneClusterImpl.java:lambda$waitForClusterToBeReady$0(197)) - Waiting for cluster to exit safe mode
2024-04-21 07:17:28,107 [main] INFO  ozone.MiniOzoneClusterImpl (MiniOzoneClusterImpl.java:lambda$waitForClusterToBeReady$0(199)) - SCM became leader
2024-04-21 07:17:28,803 [9387e6e8-bf6d-4d10-9dc1-f1bd05fc02cf-PipelineCommandHandlerThread-0] INFO  server.RaftServer (RaftServerProxy.java:addNew(100)) - 9387e6e8-bf6d-4d10-9dc1-f1bd05fc02cf: addNew group-E2078B4A5995:[9387e6e8-bf6d-4d10-9dc1-f1bd05fc02cf|10.1.0.102:15120] returns group-E2078B4A5995:java.util.concurrent.CompletableFuture@400f8518[Not completed]
2024-04-21 07:17:28,803 [9387e6e8-bf6d-4d10-9dc1-f1bd05fc02cf-groupManagement] INFO  server.RaftServer$Division (RaftServerImpl.java:<init>(256)) - 9387e6e8-bf6d-4d10-9dc1-f1bd05fc02cf: new RaftServerImpl for group-E2078B4A5995:[9387e6e8-bf6d-4d10-9dc1-f1bd05fc02cf|10.1.0.102:15120] with ContainerStateMachine:uninitialized
2024-04-21 07:17:28,803 [9387e6e8-bf6d-4d10-9dc1-f1bd05fc02cf-groupManagement] INFO  server.RaftServerConfigKeys (ConfUtils.java:logGet(46)) - raft.server.rpc.timeout.min = 5s (custom)
2024-04-21 07:17:28,804 [9387e6e8-bf6d-4d10-9dc1-f1bd05fc02cf-groupManagement] INFO  server.RaftServerConfigKeys (ConfUtils.java:logGet(46)) - raft.server.rpc.timeout.max = 5200ms (custom)
2024-04-21 07:17:28,804 [9387e6e8-bf6d-4d10-9dc1-f1bd05fc02cf-groupManagement] INFO  server.RaftServerConfigKeys (ConfUtils.java:logGet(46)) - raft.server.rpc.sleep.time = 25ms (default)
2024-04-21 07:17:28,804 [9387e6e8-bf6d-4d10-9dc1-f1bd05fc02cf-groupManagement] INFO  server.RaftServerConfigKeys (ConfUtils.java:logGet(46)) - raft.server.rpc.slowness.timeout = 300000ms (custom)
2024-04-21 07:17:28,804 [9387e6e8-bf6d-4d10-9dc1-f1bd05fc02cf-groupManagement] INFO  server.RaftServerConfigKeys (ConfUtils.java:logGet(46)) - raft.server.leaderelection.leader.step-down.wait-time = 10s (default)
2024-04-21 07:17:28,804 [9387e6e8-bf6d-4d10-9dc1-f1bd05fc02cf-groupManagement] INFO  server.RaftServerConfigKeys (ConfUtils.java:logGet(46)) - raft.server.leaderelection.member.majority-add = false (default)
2024-04-21 07:17:28,804 [9387e6e8-bf6d-4d10-9dc1-f1bd05fc02cf-groupManagement] INFO  server.RaftServerConfigKeys (ConfUtils.java:logGet(46)) - raft.server.sleep.deviation.threshold = 300ms (default)
2024-04-21 07:17:28,804 [9387e6e8-bf6d-4d10-9dc1-f1bd05fc02cf-groupManagement] INFO  server.RaftServer$Division (ServerState.java:<init>(113)) - 9387e6e8-bf6d-4d10-9dc1-f1bd05fc02cf@group-E2078B4A5995: ConfigurationManager, init=-1: peers:[9387e6e8-bf6d-4d10-9dc1-f1bd05fc02cf|10.1.0.102:15120]|listeners:[], old=null, confs=<EMPTY_MAP>
2024-04-21 07:17:28,804 [9387e6e8-bf6d-4d10-9dc1-f1bd05fc02cf-groupManagement] INFO  server.RaftServerConfigKeys (ConfUtils.java:logGet(46)) - raft.server.notification.no-leader.timeout = 300000ms (custom)
2024-04-21 07:17:28,804 [9387e6e8-bf6d-4d10-9dc1-f1bd05fc02cf-groupManagement] INFO  server.RaftServerConfigKeys (ConfUtils.java:logGet(46)) - raft.server.read.timeout = 10s (default)
2024-04-21 07:17:28,804 [9387e6e8-bf6d-4d10-9dc1-f1bd05fc02cf-groupManagement] INFO  server.RaftServerConfigKeys (ConfUtils.java:logGet(46)) - raft.server.retrycache.expirytime = 600000ms (custom)
2024-04-21 07:17:28,804 [9387e6e8-bf6d-4d10-9dc1-f1bd05fc02cf-groupManagement] INFO  server.RaftServerConfigKeys (ConfUtils.java:logGet(46)) - raft.server.retrycache.statistics.expirytime = 100ms (default)
2024-04-21 07:17:28,804 [9387e6e8-bf6d-4d10-9dc1-f1bd05fc02cf-groupManagement] INFO  server.RaftServerConfigKeys (ConfUtils.java:logGet(46)) - raft.server.read.option = DEFAULT (default)
2024-04-21 07:17:28,804 [9387e6e8-bf6d-4d10-9dc1-f1bd05fc02cf-groupManagement] INFO  server.RaftServerConfigKeys (ConfUtils.java:logGet(46)) - raft.server.read.read-after-write-consistent.write-index-cache.expiry-time = 60s (default)
2024-04-21 07:17:28,806 [9387e6e8-bf6d-4d10-9dc1-f1bd05fc02cf-groupManagement] INFO  server.RaftServerConfigKeys (ConfUtils.java:logGet(46)) - raft.server.rpc.request.timeout = 3000ms (default)
2024-04-21 07:17:28,806 [9387e6e8-bf6d-4d10-9dc1-f1bd05fc02cf-groupManagement] INFO  server.RaftServerConfigKeys (ConfUtils.java:logGet(46)) - raft.server.log.appender.install.snapshot.enabled = false (custom)
2024-04-21 07:17:28,806 [9387e6e8-bf6d-4d10-9dc1-f1bd05fc02cf-groupManagement] INFO  server.RaftServerConfigKeys (ConfUtils.java:logGet(46)) - raft.server.threadpool.server.cached = true (default)
2024-04-21 07:17:28,806 [9387e6e8-bf6d-4d10-9dc1-f1bd05fc02cf-groupManagement] INFO  server.RaftServerConfigKeys (ConfUtils.java:logGet(46)) - raft.server.threadpool.server.size = 0 (default)
2024-04-21 07:17:28,806 [9387e6e8-bf6d-4d10-9dc1-f1bd05fc02cf-groupManagement] INFO  server.RaftServerConfigKeys (ConfUtils.java:logGet(46)) - raft.server.threadpool.client.cached = true (default)
2024-04-21 07:17:28,806 [9387e6e8-bf6d-4d10-9dc1-f1bd05fc02cf-groupManagement] INFO  server.RaftServerConfigKeys (ConfUtils.java:logGet(46)) - raft.server.threadpool.client.size = 0 (default)
2024-04-21 07:17:28,806 [9387e6e8-bf6d-4d10-9dc1-f1bd05fc02cf-groupManagement] INFO  server.RaftServerConfigKeys (ConfUtils.java:logGet(46)) - raft.server.storage.free-space.min = 0MB (=0) (default)
2024-04-21 07:17:28,806 [9387e6e8-bf6d-4d10-9dc1-f1bd05fc02cf-groupManagement] INFO  server.RaftServerConfigKeys (ConfUtils.java:logGet(46)) - raft.server.log.corruption.policy = EXCEPTION (default)
2024-04-21 07:17:28,806 [9387e6e8-bf6d-4d10-9dc1-f1bd05fc02cf-groupManagement] INFO  server.RaftServerConfigKeys (ConfUtils.java:logGet(46)) - raft.server.storage.dir = [/home/runner/work/ozone/ozone/hadoop-ozone/integration-test/target/test-dir/MiniOzoneClusterImpl-ed39ddd9-82bf-4bf6-8741-acb42c98007c/ozone-meta/datanode-1/ratis] (custom)
2024-04-21 07:17:28,806 [9387e6e8-bf6d-4d10-9dc1-f1bd05fc02cf-groupManagement] INFO  storage.RaftStorageDirectory (RaftStorageDirectoryImpl.java:analyzeStorage(138)) - The storage directory /home/runner/work/ozone/ozone/hadoop-ozone/integration-test/target/test-dir/MiniOzoneClusterImpl-ed39ddd9-82bf-4bf6-8741-acb42c98007c/ozone-meta/datanode-1/ratis/bc87ce9e-43bf-487e-9f23-e2078b4a5995 does not exist. Creating ...
2024-04-21 07:17:28,807 [9387e6e8-bf6d-4d10-9dc1-f1bd05fc02cf-groupManagement] INFO  storage.RaftStorageDirectory (RaftStorageDirectoryImpl.java:tryLock(228)) - Lock on /home/runner/work/ozone/ozone/hadoop-ozone/integration-test/target/test-dir/MiniOzoneClusterImpl-ed39ddd9-82bf-4bf6-8741-acb42c98007c/ozone-meta/datanode-1/ratis/bc87ce9e-43bf-487e-9f23-e2078b4a5995/in_use.lock acquired by nodename 52185@fv-az1428-63
2024-04-21 07:17:28,808 [9387e6e8-bf6d-4d10-9dc1-f1bd05fc02cf-groupManagement] INFO  storage.RaftStorage (RaftStorageImpl.java:format(99)) - Storage directory /home/runner/work/ozone/ozone/hadoop-ozone/integration-test/target/test-dir/MiniOzoneClusterImpl-ed39ddd9-82bf-4bf6-8741-acb42c98007c/ozone-meta/datanode-1/ratis/bc87ce9e-43bf-487e-9f23-e2078b4a5995 has been successfully formatted.
2024-04-21 07:17:28,809 [9387e6e8-bf6d-4d10-9dc1-f1bd05fc02cf-groupManagement] WARN  util.FileUtils (LogUtils.java:supplyAndLog(63)) - Failed to Files.newInputStream /home/runner/work/ozone/ozone/hadoop-ozone/integration-test/target/test-dir/MiniOzoneClusterImpl-ed39ddd9-82bf-4bf6-8741-acb42c98007c/ozone-meta/datanode-1/ratis/bc87ce9e-43bf-487e-9f23-e2078b4a5995/current/raft-meta.conf with options []: java.nio.file.NoSuchFileException: /home/runner/work/ozone/ozone/hadoop-ozone/integration-test/target/test-dir/MiniOzoneClusterImpl-ed39ddd9-82bf-4bf6-8741-acb42c98007c/ozone-meta/datanode-1/ratis/bc87ce9e-43bf-487e-9f23-e2078b4a5995/current/raft-meta.conf
2024-04-21 07:17:28,810 [9387e6e8-bf6d-4d10-9dc1-f1bd05fc02cf-groupManagement] INFO  ratis.ContainerStateMachine (ContainerStateMachine.java:loadSnapshot(287)) - group-E2078B4A5995: The snapshot info is null. Setting the last applied index to:(t:0, i:~)
2024-04-21 07:17:28,810 [9387e6e8-bf6d-4d10-9dc1-f1bd05fc02cf-groupManagement] INFO  server.RaftServerConfigKeys (ConfUtils.java:logGet(46)) - raft.server.log.use.memory = false (default)
2024-04-21 07:17:28,810 [9387e6e8-bf6d-4d10-9dc1-f1bd05fc02cf-groupManagement] INFO  server.RaftServerConfigKeys (ConfUtils.java:logGet(46)) - raft.server.log.purge.gap = 1000000 (custom)
2024-04-21 07:17:28,810 [9387e6e8-bf6d-4d10-9dc1-f1bd05fc02cf-groupManagement] INFO  server.RaftServerConfigKeys (ConfUtils.java:logGet(46)) - raft.server.log.appender.buffer.byte-limit = 8388608 (custom)
2024-04-21 07:17:28,810 [9387e6e8-bf6d-4d10-9dc1-f1bd05fc02cf-groupManagement] INFO  server.RaftServerConfigKeys (ConfUtils.java:logGet(46)) - raft.server.log.statemachine.data.read.timeout = 1000ms (default)
2024-04-21 07:17:28,810 [9387e6e8-bf6d-4d10-9dc1-f1bd05fc02cf-groupManagement] INFO  server.RaftServerConfigKeys (ConfUtils.java:logGet(46)) - raft.server.log.purge.preservation.log.num = 0 (default)
2024-04-21 07:17:28,811 [EventQueue-PipelineReportForPipelineReportHandler] INFO  pipeline.PipelineReportHandler (PipelineReportHandler.java:processPipelineReport(136)) - Opened pipeline PipelineID=bc87ce9e-43bf-487e-9f23-e2078b4a5995
2024-04-21 07:17:28,811 [9387e6e8-bf6d-4d10-9dc1-f1bd05fc02cf-groupManagement] INFO  server.RaftServerConfigKeys (ConfUtils.java:logGet(46)) - raft.server.log.segment.size.max = 67108864 (custom)
2024-04-21 07:17:28,812 [EventQueue-OpenPipelineForHealthyPipelineSafeModeRule] INFO  safemode.SCMSafeModeManager (HealthyPipelineSafeModeRule.java:process(140)) - SCM in safe mode. Healthy pipelines reported count is 0, required healthy pipeline reported count is 1
2024-04-21 07:17:28,812 [9387e6e8-bf6d-4d10-9dc1-f1bd05fc02cf-groupManagement] INFO  server.RaftServerConfigKeys (ConfUtils.java:logGet(46)) - raft.server.log.segment.cache.num.max = 2 (custom)
2024-04-21 07:17:28,813 [9387e6e8-bf6d-4d10-9dc1-f1bd05fc02cf-groupManagement] INFO  server.RaftServerConfigKeys (ConfUtils.java:logGet(46)) - raft.server.log.segment.cache.size.max = 200MB (=209715200) (default)
2024-04-21 07:17:28,813 [9387e6e8-bf6d-4d10-9dc1-f1bd05fc02cf-groupManagement] INFO  server.RaftServerConfigKeys (ConfUtils.java:logGet(46)) - raft.server.log.appender.buffer.byte-limit = 8388608 (custom)
2024-04-21 07:17:28,813 [9387e6e8-bf6d-4d10-9dc1-f1bd05fc02cf-groupManagement] INFO  util.AwaitToRun (AwaitToRun.java:start(81)) - Thread[9387e6e8-bf6d-4d10-9dc1-f1bd05fc02cf@group-E2078B4A5995-cacheEviction-AwaitToRun,5,main] started
2024-04-21 07:17:28,813 [9387e6e8-bf6d-4d10-9dc1-f1bd05fc02cf-groupManagement] INFO  segmented.SegmentedRaftLogWorker (SegmentedRaftLogWorker.java:<init>(182)) - new 9387e6e8-bf6d-4d10-9dc1-f1bd05fc02cf@group-E2078B4A5995-SegmentedRaftLogWorker for RaftStorageImpl:Storage Directory /home/runner/work/ozone/ozone/hadoop-ozone/integration-test/target/test-dir/MiniOzoneClusterImpl-ed39ddd9-82bf-4bf6-8741-acb42c98007c/ozone-meta/datanode-1/ratis/bc87ce9e-43bf-487e-9f23-e2078b4a5995
2024-04-21 07:17:28,813 [9387e6e8-bf6d-4d10-9dc1-f1bd05fc02cf-groupManagement] INFO  server.RaftServerConfigKeys (ConfUtils.java:logGet(46)) - raft.server.log.queue.byte-limit = 4294967296 (custom)
2024-04-21 07:17:28,813 [9387e6e8-bf6d-4d10-9dc1-f1bd05fc02cf-groupManagement] INFO  server.RaftServerConfigKeys (ConfUtils.java:logGet(46)) - raft.server.log.queue.element-limit = 1024 (custom)
2024-04-21 07:17:28,813 [9387e6e8-bf6d-4d10-9dc1-f1bd05fc02cf-groupManagement] INFO  server.RaftServerConfigKeys (ConfUtils.java:logGet(46)) - raft.server.log.segment.size.max = 67108864 (custom)
2024-04-21 07:17:28,813 [9387e6e8-bf6d-4d10-9dc1-f1bd05fc02cf-groupManagement] INFO  server.RaftServerConfigKeys (ConfUtils.java:logGet(46)) - raft.server.log.preallocated.size = 4194304 (custom)
2024-04-21 07:17:28,813 [9387e6e8-bf6d-4d10-9dc1-f1bd05fc02cf-groupManagement] INFO  server.RaftServerConfigKeys (ConfUtils.java:logGet(46)) - raft.server.log.force.sync.num = 128 (default)
2024-04-21 07:17:28,813 [9387e6e8-bf6d-4d10-9dc1-f1bd05fc02cf-groupManagement] INFO  server.RaftServerConfigKeys (ConfUtils.java:logGet(46)) - raft.server.log.statemachine.data.sync = true (default)
2024-04-21 07:17:28,813 [9387e6e8-bf6d-4d10-9dc1-f1bd05fc02cf-groupManagement] INFO  server.RaftServerConfigKeys (ConfUtils.java:logGet(46)) - raft.server.log.statemachine.data.sync.timeout = 10s (default)
2024-04-21 07:17:28,814 [9387e6e8-bf6d-4d10-9dc1-f1bd05fc02cf-groupManagement] INFO  server.RaftServerConfigKeys (ConfUtils.java:logGet(46)) - raft.server.log.statemachine.data.sync.timeout.retry = 30 (custom)
2024-04-21 07:17:28,814 [9387e6e8-bf6d-4d10-9dc1-f1bd05fc02cf-groupManagement] INFO  server.RaftServerConfigKeys (ConfUtils.java:logGet(46)) - raft.server.log.write.buffer.size = 8388616 (custom)
2024-04-21 07:17:28,815 [9387e6e8-bf6d-4d10-9dc1-f1bd05fc02cf-groupManagement] INFO  server.RaftServerConfigKeys (ConfUtils.java:logGet(46)) - raft.server.log.appender.buffer.byte-limit = 8388608 (custom)
2024-04-21 07:17:28,815 [9387e6e8-bf6d-4d10-9dc1-f1bd05fc02cf-groupManagement] INFO  server.RaftServerConfigKeys (ConfUtils.java:logGet(46)) - raft.server.log.unsafe-flush.enabled = false (default)
2024-04-21 07:17:28,815 [9387e6e8-bf6d-4d10-9dc1-f1bd05fc02cf-groupManagement] INFO  server.RaftServerConfigKeys (ConfUtils.java:logGet(46)) - raft.server.log.async-flush.enabled = false (default)
2024-04-21 07:17:28,815 [9387e6e8-bf6d-4d10-9dc1-f1bd05fc02cf-groupManagement] INFO  server.RaftServerConfigKeys (ConfUtils.java:logGet(46)) - raft.server.log.statemachine.data.caching.enabled = true (custom)
2024-04-21 07:17:28,815 [9387e6e8-bf6d-4d10-9dc1-f1bd05fc02cf-groupManagement] INFO  segmented.SegmentedRaftLogWorker (SegmentedRaftLogWorker.java:lambda$new$0(134)) - 9387e6e8-bf6d-4d10-9dc1-f1bd05fc02cf@group-E2078B4A5995-SegmentedRaftLogWorker: flushIndex: setUnconditionally 0 -> -1
2024-04-21 07:17:28,815 [9387e6e8-bf6d-4d10-9dc1-f1bd05fc02cf-groupManagement] INFO  segmented.SegmentedRaftLogWorker (SegmentedRaftLogWorker.java:lambda$new$0(134)) - 9387e6e8-bf6d-4d10-9dc1-f1bd05fc02cf@group-E2078B4A5995-SegmentedRaftLogWorker: safeCacheEvictIndex: setUnconditionally 0 -> -1
2024-04-21 07:17:28,815 [9387e6e8-bf6d-4d10-9dc1-f1bd05fc02cf-groupManagement] INFO  server.RaftServer$Division (RaftServerImpl.java:start(396)) - 9387e6e8-bf6d-4d10-9dc1-f1bd05fc02cf@group-E2078B4A5995: start as a follower, conf=-1: peers:[9387e6e8-bf6d-4d10-9dc1-f1bd05fc02cf|10.1.0.102:15120]|listeners:[], old=null
2024-04-21 07:17:28,816 [9387e6e8-bf6d-4d10-9dc1-f1bd05fc02cf-groupManagement] INFO  server.RaftServer$Division (RaftServerImpl.java:setRole(383)) - 9387e6e8-bf6d-4d10-9dc1-f1bd05fc02cf@group-E2078B4A5995: changes role from      null to FOLLOWER at term 0 for startAsFollower
2024-04-21 07:17:28,816 [9387e6e8-bf6d-4d10-9dc1-f1bd05fc02cf-groupManagement] INFO  impl.RoleInfo (RoleInfo.java:updateAndGet(139)) - 9387e6e8-bf6d-4d10-9dc1-f1bd05fc02cf: start 9387e6e8-bf6d-4d10-9dc1-f1bd05fc02cf@group-E2078B4A5995-FollowerState
2024-04-21 07:17:28,816 [9387e6e8-bf6d-4d10-9dc1-f1bd05fc02cf@group-E2078B4A5995-FollowerState] INFO  server.RaftServerConfigKeys (ConfUtils.java:logFallback(53)) - raft.server.rpc.first-election.timeout.min = 5s (fallback to raft.server.rpc.timeout.min)
2024-04-21 07:17:28,816 [9387e6e8-bf6d-4d10-9dc1-f1bd05fc02cf-groupManagement] INFO  util.JmxRegister (JmxRegister.java:tryRegister(44)) - Successfully registered JMX Bean with object name Ratis:service=RaftServer,group=group-E2078B4A5995,id=9387e6e8-bf6d-4d10-9dc1-f1bd05fc02cf
2024-04-21 07:17:28,816 [9387e6e8-bf6d-4d10-9dc1-f1bd05fc02cf@group-E2078B4A5995-FollowerState] INFO  server.RaftServerConfigKeys (ConfUtils.java:logFallback(53)) - raft.server.rpc.first-election.timeout.max = 5200ms (fallback to raft.server.rpc.timeout.max)
2024-04-21 07:17:28,816 [9387e6e8-bf6d-4d10-9dc1-f1bd05fc02cf-groupManagement] INFO  server.RaftServerConfigKeys (ConfUtils.java:logGet(46)) - raft.server.snapshot.trigger-when-stop.enabled = true (default)
2024-04-21 07:17:28,816 [9387e6e8-bf6d-4d10-9dc1-f1bd05fc02cf-groupManagement] INFO  server.RaftServerConfigKeys (ConfUtils.java:logGet(46)) - raft.server.snapshot.auto.trigger.enabled = true (custom)
2024-04-21 07:17:28,816 [9387e6e8-bf6d-4d10-9dc1-f1bd05fc02cf-groupManagement] INFO  server.RaftServerConfigKeys (ConfUtils.java:logGet(46)) - raft.server.snapshot.auto.trigger.threshold = 10000 (custom)
2024-04-21 07:17:28,816 [9387e6e8-bf6d-4d10-9dc1-f1bd05fc02cf-groupManagement] INFO  server.RaftServerConfigKeys (ConfUtils.java:logGet(46)) - raft.server.snapshot.retention.file.num = 5 (custom)
2024-04-21 07:17:28,816 [9387e6e8-bf6d-4d10-9dc1-f1bd05fc02cf-groupManagement] INFO  server.RaftServerConfigKeys (ConfUtils.java:logGet(46)) - raft.server.log.purge.upto.snapshot.index = false (default)
2024-04-21 07:17:28,817 [9387e6e8-bf6d-4d10-9dc1-f1bd05fc02cf-PipelineCommandHandlerThread-0] INFO  ratis.XceiverServerRatis (XceiverServerRatis.java:addGroup(864)) - Created group PipelineID=bc87ce9e-43bf-487e-9f23-e2078b4a5995
2024-04-21 07:17:28,817 [9387e6e8-bf6d-4d10-9dc1-f1bd05fc02cf-PipelineCommandHandlerThread-0] INFO  commandhandler.CreatePipelineCommandHandler (CreatePipelineCommandHandler.java:lambda$handle$2(124)) - Created Pipeline RATIS ONE PipelineID=bc87ce9e-43bf-487e-9f23-e2078b4a5995.
2024-04-21 07:17:28,817 [9387e6e8-bf6d-4d10-9dc1-f1bd05fc02cf-PipelineCommandHandlerThread-0] INFO  server.RaftServer (RaftServerProxy.java:addNew(100)) - 9387e6e8-bf6d-4d10-9dc1-f1bd05fc02cf: addNew group-9461FA60FDFB:[6cf56e53-88cb-4022-bd56-d9b5c4d884ee|10.1.0.102:15138, 9387e6e8-bf6d-4d10-9dc1-f1bd05fc02cf|10.1.0.102:15120, 33d4fa9a-f1b5-45a2-9ce3-43c86fd82df2|10.1.0.102:15129] returns group-9461FA60FDFB:java.util.concurrent.CompletableFuture@443009c1[Not completed]
2024-04-21 07:17:28,818 [9387e6e8-bf6d-4d10-9dc1-f1bd05fc02cf-groupManagement] INFO  server.RaftServer$Division (RaftServerImpl.java:<init>(256)) - 9387e6e8-bf6d-4d10-9dc1-f1bd05fc02cf: new RaftServerImpl for group-9461FA60FDFB:[6cf56e53-88cb-4022-bd56-d9b5c4d884ee|10.1.0.102:15138, 9387e6e8-bf6d-4d10-9dc1-f1bd05fc02cf|10.1.0.102:15120, 33d4fa9a-f1b5-45a2-9ce3-43c86fd82df2|10.1.0.102:15129] with ContainerStateMachine:uninitialized
2024-04-21 07:17:28,818 [9387e6e8-bf6d-4d10-9dc1-f1bd05fc02cf-groupManagement] INFO  server.RaftServerConfigKeys (ConfUtils.java:logGet(46)) - raft.server.rpc.timeout.min = 5s (custom)
2024-04-21 07:17:28,818 [9387e6e8-bf6d-4d10-9dc1-f1bd05fc02cf-groupManagement] INFO  server.RaftServerConfigKeys (ConfUtils.java:logGet(46)) - raft.server.rpc.timeout.max = 5200ms (custom)
2024-04-21 07:17:28,818 [9387e6e8-bf6d-4d10-9dc1-f1bd05fc02cf-groupManagement] INFO  server.RaftServerConfigKeys (ConfUtils.java:logGet(46)) - raft.server.rpc.sleep.time = 25ms (default)
2024-04-21 07:17:28,818 [9387e6e8-bf6d-4d10-9dc1-f1bd05fc02cf-groupManagement] INFO  server.RaftServerConfigKeys (ConfUtils.java:logGet(46)) - raft.server.rpc.slowness.timeout = 300000ms (custom)
2024-04-21 07:17:28,818 [9387e6e8-bf6d-4d10-9dc1-f1bd05fc02cf-groupManagement] INFO  server.RaftServerConfigKeys (ConfUtils.java:logGet(46)) - raft.server.leaderelection.leader.step-down.wait-time = 10s (default)
2024-04-21 07:17:28,818 [9387e6e8-bf6d-4d10-9dc1-f1bd05fc02cf-groupManagement] INFO  server.RaftServerConfigKeys (ConfUtils.java:logGet(46)) - raft.server.leaderelection.member.majority-add = false (default)
2024-04-21 07:17:28,818 [9387e6e8-bf6d-4d10-9dc1-f1bd05fc02cf-groupManagement] INFO  server.RaftServerConfigKeys (ConfUtils.java:logGet(46)) - raft.server.sleep.deviation.threshold = 300ms (default)
2024-04-21 07:17:28,818 [9387e6e8-bf6d-4d10-9dc1-f1bd05fc02cf-groupManagement] INFO  server.RaftServer$Division (ServerState.java:<init>(113)) - 9387e6e8-bf6d-4d10-9dc1-f1bd05fc02cf@group-9461FA60FDFB: ConfigurationManager, init=-1: peers:[6cf56e53-88cb-4022-bd56-d9b5c4d884ee|10.1.0.102:15138, 9387e6e8-bf6d-4d10-9dc1-f1bd05fc02cf|10.1.0.102:15120, 33d4fa9a-f1b5-45a2-9ce3-43c86fd82df2|10.1.0.102:15129]|listeners:[], old=null, confs=<EMPTY_MAP>
2024-04-21 07:17:28,819 [9387e6e8-bf6d-4d10-9dc1-f1bd05fc02cf-groupManagement] INFO  server.RaftServerConfigKeys (ConfUtils.java:logGet(46)) - raft.server.notification.no-leader.timeout = 300000ms (custom)
2024-04-21 07:17:28,819 [9387e6e8-bf6d-4d10-9dc1-f1bd05fc02cf-groupManagement] INFO  server.RaftServerConfigKeys (ConfUtils.java:logGet(46)) - raft.server.read.timeout = 10s (default)
2024-04-21 07:17:28,819 [9387e6e8-bf6d-4d10-9dc1-f1bd05fc02cf-groupManagement] INFO  server.RaftServerConfigKeys (ConfUtils.java:logGet(46)) - raft.server.retrycache.expirytime = 600000ms (custom)
2024-04-21 07:17:28,819 [9387e6e8-bf6d-4d10-9dc1-f1bd05fc02cf-groupManagement] INFO  server.RaftServerConfigKeys (ConfUtils.java:logGet(46)) - raft.server.retrycache.statistics.expirytime = 100ms (default)
2024-04-21 07:17:28,819 [9387e6e8-bf6d-4d10-9dc1-f1bd05fc02cf-groupManagement] INFO  server.RaftServerConfigKeys (ConfUtils.java:logGet(46)) - raft.server.read.option = DEFAULT (default)
2024-04-21 07:17:28,819 [9387e6e8-bf6d-4d10-9dc1-f1bd05fc02cf-groupManagement] INFO  server.RaftServerConfigKeys (ConfUtils.java:logGet(46)) - raft.server.read.read-after-write-consistent.write-index-cache.expiry-time = 60s (default)
2024-04-21 07:17:28,820 [9387e6e8-bf6d-4d10-9dc1-f1bd05fc02cf-groupManagement] INFO  server.RaftServerConfigKeys (ConfUtils.java:logGet(46)) - raft.server.rpc.request.timeout = 3000ms (default)
2024-04-21 07:17:28,820 [9387e6e8-bf6d-4d10-9dc1-f1bd05fc02cf-groupManagement] INFO  server.RaftServerConfigKeys (ConfUtils.java:logGet(46)) - raft.server.log.appender.install.snapshot.enabled = false (custom)
2024-04-21 07:17:28,820 [9387e6e8-bf6d-4d10-9dc1-f1bd05fc02cf-groupManagement] INFO  server.RaftServerConfigKeys (ConfUtils.java:logGet(46)) - raft.server.threadpool.server.cached = true (default)
2024-04-21 07:17:28,821 [9387e6e8-bf6d-4d10-9dc1-f1bd05fc02cf-groupManagement] INFO  server.RaftServerConfigKeys (ConfUtils.java:logGet(46)) - raft.server.threadpool.server.size = 0 (default)
2024-04-21 07:17:28,821 [9387e6e8-bf6d-4d10-9dc1-f1bd05fc02cf-groupManagement] INFO  server.RaftServerConfigKeys (ConfUtils.java:logGet(46)) - raft.server.threadpool.client.cached = true (default)
2024-04-21 07:17:28,821 [9387e6e8-bf6d-4d10-9dc1-f1bd05fc02cf-groupManagement] INFO  server.RaftServerConfigKeys (ConfUtils.java:logGet(46)) - raft.server.threadpool.client.size = 0 (default)
2024-04-21 07:17:28,821 [9387e6e8-bf6d-4d10-9dc1-f1bd05fc02cf-groupManagement] INFO  server.RaftServerConfigKeys (ConfUtils.java:logGet(46)) - raft.server.storage.free-space.min = 0MB (=0) (default)
2024-04-21 07:17:28,821 [9387e6e8-bf6d-4d10-9dc1-f1bd05fc02cf-groupManagement] INFO  server.RaftServerConfigKeys (ConfUtils.java:logGet(46)) - raft.server.log.corruption.policy = EXCEPTION (default)
2024-04-21 07:17:28,821 [9387e6e8-bf6d-4d10-9dc1-f1bd05fc02cf-groupManagement] INFO  server.RaftServerConfigKeys (ConfUtils.java:logGet(46)) - raft.server.storage.dir = [/home/runner/work/ozone/ozone/hadoop-ozone/integration-test/target/test-dir/MiniOzoneClusterImpl-ed39ddd9-82bf-4bf6-8741-acb42c98007c/ozone-meta/datanode-1/ratis] (custom)
2024-04-21 07:17:28,821 [9387e6e8-bf6d-4d10-9dc1-f1bd05fc02cf-groupManagement] INFO  storage.RaftStorageDirectory (RaftStorageDirectoryImpl.java:analyzeStorage(138)) - The storage directory /home/runner/work/ozone/ozone/hadoop-ozone/integration-test/target/test-dir/MiniOzoneClusterImpl-ed39ddd9-82bf-4bf6-8741-acb42c98007c/ozone-meta/datanode-1/ratis/c4b7aa47-080c-4de3-8911-9461fa60fdfb does not exist. Creating ...
2024-04-21 07:17:28,822 [9387e6e8-bf6d-4d10-9dc1-f1bd05fc02cf-groupManagement] INFO  storage.RaftStorageDirectory (RaftStorageDirectoryImpl.java:tryLock(228)) - Lock on /home/runner/work/ozone/ozone/hadoop-ozone/integration-test/target/test-dir/MiniOzoneClusterImpl-ed39ddd9-82bf-4bf6-8741-acb42c98007c/ozone-meta/datanode-1/ratis/c4b7aa47-080c-4de3-8911-9461fa60fdfb/in_use.lock acquired by nodename 52185@fv-az1428-63
2024-04-21 07:17:28,823 [9387e6e8-bf6d-4d10-9dc1-f1bd05fc02cf-groupManagement] INFO  storage.RaftStorage (RaftStorageImpl.java:format(99)) - Storage directory /home/runner/work/ozone/ozone/hadoop-ozone/integration-test/target/test-dir/MiniOzoneClusterImpl-ed39ddd9-82bf-4bf6-8741-acb42c98007c/ozone-meta/datanode-1/ratis/c4b7aa47-080c-4de3-8911-9461fa60fdfb has been successfully formatted.
2024-04-21 07:17:28,823 [9387e6e8-bf6d-4d10-9dc1-f1bd05fc02cf-groupManagement] WARN  util.FileUtils (LogUtils.java:supplyAndLog(63)) - Failed to Files.newInputStream /home/runner/work/ozone/ozone/hadoop-ozone/integration-test/target/test-dir/MiniOzoneClusterImpl-ed39ddd9-82bf-4bf6-8741-acb42c98007c/ozone-meta/datanode-1/ratis/c4b7aa47-080c-4de3-8911-9461fa60fdfb/current/raft-meta.conf with options []: java.nio.file.NoSuchFileException: /home/runner/work/ozone/ozone/hadoop-ozone/integration-test/target/test-dir/MiniOzoneClusterImpl-ed39ddd9-82bf-4bf6-8741-acb42c98007c/ozone-meta/datanode-1/ratis/c4b7aa47-080c-4de3-8911-9461fa60fdfb/current/raft-meta.conf
2024-04-21 07:17:28,823 [9387e6e8-bf6d-4d10-9dc1-f1bd05fc02cf-groupManagement] INFO  ratis.ContainerStateMachine (ContainerStateMachine.java:loadSnapshot(287)) - group-9461FA60FDFB: The snapshot info is null. Setting the last applied index to:(t:0, i:~)
2024-04-21 07:17:28,824 [9387e6e8-bf6d-4d10-9dc1-f1bd05fc02cf-groupManagement] INFO  server.RaftServerConfigKeys (ConfUtils.java:logGet(46)) - raft.server.log.use.memory = false (default)
2024-04-21 07:17:28,824 [9387e6e8-bf6d-4d10-9dc1-f1bd05fc02cf-groupManagement] INFO  server.RaftServerConfigKeys (ConfUtils.java:logGet(46)) - raft.server.log.purge.gap = 1000000 (custom)
2024-04-21 07:17:28,824 [9387e6e8-bf6d-4d10-9dc1-f1bd05fc02cf-groupManagement] INFO  server.RaftServerConfigKeys (ConfUtils.java:logGet(46)) - raft.server.log.appender.buffer.byte-limit = 8388608 (custom)
2024-04-21 07:17:28,824 [9387e6e8-bf6d-4d10-9dc1-f1bd05fc02cf-groupManagement] INFO  server.RaftServerConfigKeys (ConfUtils.java:logGet(46)) - raft.server.log.statemachine.data.read.timeout = 1000ms (default)
2024-04-21 07:17:28,824 [9387e6e8-bf6d-4d10-9dc1-f1bd05fc02cf-groupManagement] INFO  server.RaftServerConfigKeys (ConfUtils.java:logGet(46)) - raft.server.log.purge.preservation.log.num = 0 (default)
2024-04-21 07:17:28,825 [EventQueue-OpenPipelineForHealthyPipelineSafeModeRule] INFO  safemode.SCMSafeModeManager (HealthyPipelineSafeModeRule.java:process(140)) - SCM in safe mode. Healthy pipelines reported count is 0, required healthy pipeline reported count is 1
2024-04-21 07:17:28,825 [9387e6e8-bf6d-4d10-9dc1-f1bd05fc02cf-groupManagement] INFO  server.RaftServerConfigKeys (ConfUtils.java:logGet(46)) - raft.server.log.segment.size.max = 67108864 (custom)
2024-04-21 07:17:28,825 [9387e6e8-bf6d-4d10-9dc1-f1bd05fc02cf-groupManagement] INFO  server.RaftServerConfigKeys (ConfUtils.java:logGet(46)) - raft.server.log.segment.cache.num.max = 2 (custom)
2024-04-21 07:17:28,825 [9387e6e8-bf6d-4d10-9dc1-f1bd05fc02cf-groupManagement] INFO  server.RaftServerConfigKeys (ConfUtils.java:logGet(46)) - raft.server.log.segment.cache.size.max = 200MB (=209715200) (default)
2024-04-21 07:17:28,826 [9387e6e8-bf6d-4d10-9dc1-f1bd05fc02cf-groupManagement] INFO  server.RaftServerConfigKeys (ConfUtils.java:logGet(46)) - raft.server.log.appender.buffer.byte-limit = 8388608 (custom)
2024-04-21 07:17:28,826 [9387e6e8-bf6d-4d10-9dc1-f1bd05fc02cf-groupManagement] INFO  util.AwaitToRun (AwaitToRun.java:start(81)) - Thread[9387e6e8-bf6d-4d10-9dc1-f1bd05fc02cf@group-9461FA60FDFB-cacheEviction-AwaitToRun,5,main] started
2024-04-21 07:17:28,826 [9387e6e8-bf6d-4d10-9dc1-f1bd05fc02cf-groupManagement] INFO  segmented.SegmentedRaftLogWorker (SegmentedRaftLogWorker.java:<init>(182)) - new 9387e6e8-bf6d-4d10-9dc1-f1bd05fc02cf@group-9461FA60FDFB-SegmentedRaftLogWorker for RaftStorageImpl:Storage Directory /home/runner/work/ozone/ozone/hadoop-ozone/integration-test/target/test-dir/MiniOzoneClusterImpl-ed39ddd9-82bf-4bf6-8741-acb42c98007c/ozone-meta/datanode-1/ratis/c4b7aa47-080c-4de3-8911-9461fa60fdfb
2024-04-21 07:17:28,826 [9387e6e8-bf6d-4d10-9dc1-f1bd05fc02cf-groupManagement] INFO  server.RaftServerConfigKeys (ConfUtils.java:logGet(46)) - raft.server.log.queue.byte-limit = 4294967296 (custom)
2024-04-21 07:17:28,826 [9387e6e8-bf6d-4d10-9dc1-f1bd05fc02cf-groupManagement] INFO  server.RaftServerConfigKeys (ConfUtils.java:logGet(46)) - raft.server.log.queue.element-limit = 1024 (custom)
2024-04-21 07:17:28,826 [9387e6e8-bf6d-4d10-9dc1-f1bd05fc02cf-groupManagement] INFO  server.RaftServerConfigKeys (ConfUtils.java:logGet(46)) - raft.server.log.segment.size.max = 67108864 (custom)
2024-04-21 07:17:28,826 [9387e6e8-bf6d-4d10-9dc1-f1bd05fc02cf-groupManagement] INFO  server.RaftServerConfigKeys (ConfUtils.java:logGet(46)) - raft.server.log.preallocated.size = 4194304 (custom)
2024-04-21 07:17:28,826 [9387e6e8-bf6d-4d10-9dc1-f1bd05fc02cf-groupManagement] INFO  server.RaftServerConfigKeys (ConfUtils.java:logGet(46)) - raft.server.log.force.sync.num = 128 (default)
2024-04-21 07:17:28,826 [9387e6e8-bf6d-4d10-9dc1-f1bd05fc02cf-groupManagement] INFO  server.RaftServerConfigKeys (ConfUtils.java:logGet(46)) - raft.server.log.statemachine.data.sync = true (default)
2024-04-21 07:17:28,827 [9387e6e8-bf6d-4d10-9dc1-f1bd05fc02cf-groupManagement] INFO  server.RaftServerConfigKeys (ConfUtils.java:logGet(46)) - raft.server.log.statemachine.data.sync.timeout = 10s (default)
2024-04-21 07:17:28,827 [9387e6e8-bf6d-4d10-9dc1-f1bd05fc02cf-groupManagement] INFO  server.RaftServerConfigKeys (ConfUtils.java:logGet(46)) - raft.server.log.statemachine.data.sync.timeout.retry = 30 (custom)
2024-04-21 07:17:28,827 [9387e6e8-bf6d-4d10-9dc1-f1bd05fc02cf-groupManagement] INFO  server.RaftServerConfigKeys (ConfUtils.java:logGet(46)) - raft.server.log.write.buffer.size = 8388616 (custom)
2024-04-21 07:17:28,829 [9387e6e8-bf6d-4d10-9dc1-f1bd05fc02cf-groupManagement] INFO  server.RaftServerConfigKeys (ConfUtils.java:logGet(46)) - raft.server.log.appender.buffer.byte-limit = 8388608 (custom)
2024-04-21 07:17:28,829 [9387e6e8-bf6d-4d10-9dc1-f1bd05fc02cf-groupManagement] INFO  server.RaftServerConfigKeys (ConfUtils.java:logGet(46)) - raft.server.log.unsafe-flush.enabled = false (default)
2024-04-21 07:17:28,829 [9387e6e8-bf6d-4d10-9dc1-f1bd05fc02cf-groupManagement] INFO  server.RaftServerConfigKeys (ConfUtils.java:logGet(46)) - raft.server.log.async-flush.enabled = false (default)
2024-04-21 07:17:28,829 [9387e6e8-bf6d-4d10-9dc1-f1bd05fc02cf-groupManagement] INFO  server.RaftServerConfigKeys (ConfUtils.java:logGet(46)) - raft.server.log.statemachine.data.caching.enabled = true (custom)
2024-04-21 07:17:28,829 [9387e6e8-bf6d-4d10-9dc1-f1bd05fc02cf-groupManagement] INFO  segmented.SegmentedRaftLogWorker (SegmentedRaftLogWorker.java:lambda$new$0(134)) - 9387e6e8-bf6d-4d10-9dc1-f1bd05fc02cf@group-9461FA60FDFB-SegmentedRaftLogWorker: flushIndex: setUnconditionally 0 -> -1
2024-04-21 07:17:28,829 [9387e6e8-bf6d-4d10-9dc1-f1bd05fc02cf-groupManagement] INFO  segmented.SegmentedRaftLogWorker (SegmentedRaftLogWorker.java:lambda$new$0(134)) - 9387e6e8-bf6d-4d10-9dc1-f1bd05fc02cf@group-9461FA60FDFB-SegmentedRaftLogWorker: safeCacheEvictIndex: setUnconditionally 0 -> -1
2024-04-21 07:17:28,829 [9387e6e8-bf6d-4d10-9dc1-f1bd05fc02cf-groupManagement] INFO  server.RaftServer$Division (RaftServerImpl.java:start(396)) - 9387e6e8-bf6d-4d10-9dc1-f1bd05fc02cf@group-9461FA60FDFB: start as a follower, conf=-1: peers:[6cf56e53-88cb-4022-bd56-d9b5c4d884ee|10.1.0.102:15138, 9387e6e8-bf6d-4d10-9dc1-f1bd05fc02cf|10.1.0.102:15120, 33d4fa9a-f1b5-45a2-9ce3-43c86fd82df2|10.1.0.102:15129]|listeners:[], old=null
2024-04-21 07:17:28,830 [9387e6e8-bf6d-4d10-9dc1-f1bd05fc02cf-groupManagement] INFO  server.RaftServer$Division (RaftServerImpl.java:setRole(383)) - 9387e6e8-bf6d-4d10-9dc1-f1bd05fc02cf@group-9461FA60FDFB: changes role from      null to FOLLOWER at term 0 for startAsFollower
2024-04-21 07:17:28,830 [9387e6e8-bf6d-4d10-9dc1-f1bd05fc02cf-groupManagement] INFO  impl.RoleInfo (RoleInfo.java:updateAndGet(139)) - 9387e6e8-bf6d-4d10-9dc1-f1bd05fc02cf: start 9387e6e8-bf6d-4d10-9dc1-f1bd05fc02cf@group-9461FA60FDFB-FollowerState
2024-04-21 07:17:28,830 [9387e6e8-bf6d-4d10-9dc1-f1bd05fc02cf-groupManagement] INFO  util.JmxRegister (JmxRegister.java:tryRegister(44)) - Successfully registered JMX Bean with object name Ratis:service=RaftServer,group=group-9461FA60FDFB,id=9387e6e8-bf6d-4d10-9dc1-f1bd05fc02cf
2024-04-21 07:17:28,830 [9387e6e8-bf6d-4d10-9dc1-f1bd05fc02cf-groupManagement] INFO  server.RaftServerConfigKeys (ConfUtils.java:logGet(46)) - raft.server.snapshot.trigger-when-stop.enabled = true (default)
2024-04-21 07:17:28,830 [9387e6e8-bf6d-4d10-9dc1-f1bd05fc02cf-groupManagement] INFO  server.RaftServerConfigKeys (ConfUtils.java:logGet(46)) - raft.server.snapshot.auto.trigger.enabled = true (custom)
2024-04-21 07:17:28,830 [9387e6e8-bf6d-4d10-9dc1-f1bd05fc02cf-groupManagement] INFO  server.RaftServerConfigKeys (ConfUtils.java:logGet(46)) - raft.server.snapshot.auto.trigger.threshold = 10000 (custom)
2024-04-21 07:17:28,830 [9387e6e8-bf6d-4d10-9dc1-f1bd05fc02cf-groupManagement] INFO  server.RaftServerConfigKeys (ConfUtils.java:logGet(46)) - raft.server.snapshot.retention.file.num = 5 (custom)
2024-04-21 07:17:28,830 [9387e6e8-bf6d-4d10-9dc1-f1bd05fc02cf-groupManagement] INFO  server.RaftServerConfigKeys (ConfUtils.java:logGet(46)) - raft.server.log.purge.upto.snapshot.index = false (default)
2024-04-21 07:17:28,831 [9387e6e8-bf6d-4d10-9dc1-f1bd05fc02cf@group-9461FA60FDFB-FollowerState] INFO  server.RaftServerConfigKeys (ConfUtils.java:logFallback(53)) - raft.server.rpc.first-election.timeout.min = 5s (fallback to raft.server.rpc.timeout.min)
2024-04-21 07:17:28,831 [9387e6e8-bf6d-4d10-9dc1-f1bd05fc02cf@group-9461FA60FDFB-FollowerState] INFO  server.RaftServerConfigKeys (ConfUtils.java:logFallback(53)) - raft.server.rpc.first-election.timeout.max = 5200ms (fallback to raft.server.rpc.timeout.max)
2024-04-21 07:17:28,831 [9387e6e8-bf6d-4d10-9dc1-f1bd05fc02cf-PipelineCommandHandlerThread-0] INFO  ratis.XceiverServerRatis (XceiverServerRatis.java:addGroup(864)) - Created group PipelineID=c4b7aa47-080c-4de3-8911-9461fa60fdfb
2024-04-21 07:17:28,845 [grpc-default-executor-0] INFO  server.RaftServer (RaftServerProxy.java:addNew(100)) - 33d4fa9a-f1b5-45a2-9ce3-43c86fd82df2: addNew group-9461FA60FDFB:[6cf56e53-88cb-4022-bd56-d9b5c4d884ee|10.1.0.102:15138, 9387e6e8-bf6d-4d10-9dc1-f1bd05fc02cf|10.1.0.102:15120, 33d4fa9a-f1b5-45a2-9ce3-43c86fd82df2|10.1.0.102:15129] returns group-9461FA60FDFB:java.util.concurrent.CompletableFuture@3d2e8814[Not completed]
2024-04-21 07:17:28,850 [33d4fa9a-f1b5-45a2-9ce3-43c86fd82df2-groupManagement] INFO  server.RaftServer$Division (RaftServerImpl.java:<init>(256)) - 33d4fa9a-f1b5-45a2-9ce3-43c86fd82df2: new RaftServerImpl for group-9461FA60FDFB:[6cf56e53-88cb-4022-bd56-d9b5c4d884ee|10.1.0.102:15138, 9387e6e8-bf6d-4d10-9dc1-f1bd05fc02cf|10.1.0.102:15120, 33d4fa9a-f1b5-45a2-9ce3-43c86fd82df2|10.1.0.102:15129] with ContainerStateMachine:uninitialized
2024-04-21 07:17:28,850 [33d4fa9a-f1b5-45a2-9ce3-43c86fd82df2-groupManagement] INFO  server.RaftServerConfigKeys (ConfUtils.java:logGet(46)) - raft.server.rpc.timeout.min = 5s (custom)
2024-04-21 07:17:28,850 [33d4fa9a-f1b5-45a2-9ce3-43c86fd82df2-groupManagement] INFO  server.RaftServerConfigKeys (ConfUtils.java:logGet(46)) - raft.server.rpc.timeout.max = 5200ms (custom)
2024-04-21 07:17:28,850 [33d4fa9a-f1b5-45a2-9ce3-43c86fd82df2-groupManagement] INFO  server.RaftServerConfigKeys (ConfUtils.java:logGet(46)) - raft.server.rpc.sleep.time = 25ms (default)
2024-04-21 07:17:28,850 [33d4fa9a-f1b5-45a2-9ce3-43c86fd82df2-groupManagement] INFO  server.RaftServerConfigKeys (ConfUtils.java:logGet(46)) - raft.server.rpc.slowness.timeout = 300000ms (custom)
2024-04-21 07:17:28,850 [33d4fa9a-f1b5-45a2-9ce3-43c86fd82df2-groupManagement] INFO  server.RaftServerConfigKeys (ConfUtils.java:logGet(46)) - raft.server.leaderelection.leader.step-down.wait-time = 10s (default)
2024-04-21 07:17:28,850 [33d4fa9a-f1b5-45a2-9ce3-43c86fd82df2-groupManagement] INFO  server.RaftServerConfigKeys (ConfUtils.java:logGet(46)) - raft.server.leaderelection.member.majority-add = false (default)
2024-04-21 07:17:28,850 [33d4fa9a-f1b5-45a2-9ce3-43c86fd82df2-groupManagement] INFO  server.RaftServerConfigKeys (ConfUtils.java:logGet(46)) - raft.server.sleep.deviation.threshold = 300ms (default)
2024-04-21 07:17:28,850 [33d4fa9a-f1b5-45a2-9ce3-43c86fd82df2-groupManagement] INFO  server.RaftServer$Division (ServerState.java:<init>(113)) - 33d4fa9a-f1b5-45a2-9ce3-43c86fd82df2@group-9461FA60FDFB: ConfigurationManager, init=-1: peers:[6cf56e53-88cb-4022-bd56-d9b5c4d884ee|10.1.0.102:15138, 9387e6e8-bf6d-4d10-9dc1-f1bd05fc02cf|10.1.0.102:15120, 33d4fa9a-f1b5-45a2-9ce3-43c86fd82df2|10.1.0.102:15129]|listeners:[], old=null, confs=<EMPTY_MAP>
2024-04-21 07:17:28,850 [33d4fa9a-f1b5-45a2-9ce3-43c86fd82df2-groupManagement] INFO  server.RaftServerConfigKeys (ConfUtils.java:logGet(46)) - raft.server.notification.no-leader.timeout = 300000ms (custom)
2024-04-21 07:17:28,850 [33d4fa9a-f1b5-45a2-9ce3-43c86fd82df2-groupManagement] INFO  server.RaftServerConfigKeys (ConfUtils.java:logGet(46)) - raft.server.read.timeout = 10s (default)
2024-04-21 07:17:28,850 [33d4fa9a-f1b5-45a2-9ce3-43c86fd82df2-groupManagement] INFO  server.RaftServerConfigKeys (ConfUtils.java:logGet(46)) - raft.server.retrycache.expirytime = 600000ms (custom)
2024-04-21 07:17:28,850 [33d4fa9a-f1b5-45a2-9ce3-43c86fd82df2-groupManagement] INFO  server.RaftServerConfigKeys (ConfUtils.java:logGet(46)) - raft.server.retrycache.statistics.expirytime = 100ms (default)
2024-04-21 07:17:28,850 [33d4fa9a-f1b5-45a2-9ce3-43c86fd82df2-groupManagement] INFO  server.RaftServerConfigKeys (ConfUtils.java:logGet(46)) - raft.server.read.option = DEFAULT (default)
2024-04-21 07:17:28,851 [33d4fa9a-f1b5-45a2-9ce3-43c86fd82df2-groupManagement] INFO  server.RaftServerConfigKeys (ConfUtils.java:logGet(46)) - raft.server.read.read-after-write-consistent.write-index-cache.expiry-time = 60s (default)
2024-04-21 07:17:28,852 [33d4fa9a-f1b5-45a2-9ce3-43c86fd82df2-groupManagement] INFO  server.RaftServerConfigKeys (ConfUtils.java:logGet(46)) - raft.server.rpc.request.timeout = 3000ms (default)
2024-04-21 07:17:28,852 [33d4fa9a-f1b5-45a2-9ce3-43c86fd82df2-groupManagement] INFO  server.RaftServerConfigKeys (ConfUtils.java:logGet(46)) - raft.server.log.appender.install.snapshot.enabled = false (custom)
2024-04-21 07:17:28,852 [33d4fa9a-f1b5-45a2-9ce3-43c86fd82df2-groupManagement] INFO  server.RaftServerConfigKeys (ConfUtils.java:logGet(46)) - raft.server.threadpool.server.cached = true (default)
2024-04-21 07:17:28,852 [33d4fa9a-f1b5-45a2-9ce3-43c86fd82df2-groupManagement] INFO  server.RaftServerConfigKeys (ConfUtils.java:logGet(46)) - raft.server.threadpool.server.size = 0 (default)
2024-04-21 07:17:28,852 [33d4fa9a-f1b5-45a2-9ce3-43c86fd82df2-groupManagement] INFO  server.RaftServerConfigKeys (ConfUtils.java:logGet(46)) - raft.server.threadpool.client.cached = true (default)
2024-04-21 07:17:28,852 [33d4fa9a-f1b5-45a2-9ce3-43c86fd82df2-groupManagement] INFO  server.RaftServerConfigKeys (ConfUtils.java:logGet(46)) - raft.server.threadpool.client.size = 0 (default)
2024-04-21 07:17:28,852 [33d4fa9a-f1b5-45a2-9ce3-43c86fd82df2-groupManagement] INFO  server.RaftServerConfigKeys (ConfUtils.java:logGet(46)) - raft.server.storage.free-space.min = 0MB (=0) (default)
2024-04-21 07:17:28,852 [33d4fa9a-f1b5-45a2-9ce3-43c86fd82df2-groupManagement] INFO  server.RaftServerConfigKeys (ConfUtils.java:logGet(46)) - raft.server.log.corruption.policy = EXCEPTION (default)
2024-04-21 07:17:28,852 [33d4fa9a-f1b5-45a2-9ce3-43c86fd82df2-groupManagement] INFO  server.RaftServerConfigKeys (ConfUtils.java:logGet(46)) - raft.server.storage.dir = [/home/runner/work/ozone/ozone/hadoop-ozone/integration-test/target/test-dir/MiniOzoneClusterImpl-ed39ddd9-82bf-4bf6-8741-acb42c98007c/ozone-meta/datanode-2/ratis] (custom)
2024-04-21 07:17:28,852 [33d4fa9a-f1b5-45a2-9ce3-43c86fd82df2-groupManagement] INFO  storage.RaftStorageDirectory (RaftStorageDirectoryImpl.java:analyzeStorage(138)) - The storage directory /home/runner/work/ozone/ozone/hadoop-ozone/integration-test/target/test-dir/MiniOzoneClusterImpl-ed39ddd9-82bf-4bf6-8741-acb42c98007c/ozone-meta/datanode-2/ratis/c4b7aa47-080c-4de3-8911-9461fa60fdfb does not exist. Creating ...
2024-04-21 07:17:28,853 [33d4fa9a-f1b5-45a2-9ce3-43c86fd82df2-groupManagement] INFO  storage.RaftStorageDirectory (RaftStorageDirectoryImpl.java:tryLock(228)) - Lock on /home/runner/work/ozone/ozone/hadoop-ozone/integration-test/target/test-dir/MiniOzoneClusterImpl-ed39ddd9-82bf-4bf6-8741-acb42c98007c/ozone-meta/datanode-2/ratis/c4b7aa47-080c-4de3-8911-9461fa60fdfb/in_use.lock acquired by nodename 52185@fv-az1428-63
2024-04-21 07:17:28,854 [33d4fa9a-f1b5-45a2-9ce3-43c86fd82df2-groupManagement] INFO  storage.RaftStorage (RaftStorageImpl.java:format(99)) - Storage directory /home/runner/work/ozone/ozone/hadoop-ozone/integration-test/target/test-dir/MiniOzoneClusterImpl-ed39ddd9-82bf-4bf6-8741-acb42c98007c/ozone-meta/datanode-2/ratis/c4b7aa47-080c-4de3-8911-9461fa60fdfb has been successfully formatted.
2024-04-21 07:17:28,854 [33d4fa9a-f1b5-45a2-9ce3-43c86fd82df2-groupManagement] WARN  util.FileUtils (LogUtils.java:supplyAndLog(63)) - Failed to Files.newInputStream /home/runner/work/ozone/ozone/hadoop-ozone/integration-test/target/test-dir/MiniOzoneClusterImpl-ed39ddd9-82bf-4bf6-8741-acb42c98007c/ozone-meta/datanode-2/ratis/c4b7aa47-080c-4de3-8911-9461fa60fdfb/current/raft-meta.conf with options []: java.nio.file.NoSuchFileException: /home/runner/work/ozone/ozone/hadoop-ozone/integration-test/target/test-dir/MiniOzoneClusterImpl-ed39ddd9-82bf-4bf6-8741-acb42c98007c/ozone-meta/datanode-2/ratis/c4b7aa47-080c-4de3-8911-9461fa60fdfb/current/raft-meta.conf
2024-04-21 07:17:28,855 [33d4fa9a-f1b5-45a2-9ce3-43c86fd82df2-groupManagement] INFO  ratis.ContainerStateMachine (ContainerStateMachine.java:loadSnapshot(287)) - group-9461FA60FDFB: The snapshot info is null. Setting the last applied index to:(t:0, i:~)
2024-04-21 07:17:28,855 [33d4fa9a-f1b5-45a2-9ce3-43c86fd82df2-groupManagement] INFO  server.RaftServerConfigKeys (ConfUtils.java:logGet(46)) - raft.server.log.use.memory = false (default)
2024-04-21 07:17:28,855 [33d4fa9a-f1b5-45a2-9ce3-43c86fd82df2-groupManagement] INFO  server.RaftServerConfigKeys (ConfUtils.java:logGet(46)) - raft.server.log.purge.gap = 1000000 (custom)
2024-04-21 07:17:28,855 [33d4fa9a-f1b5-45a2-9ce3-43c86fd82df2-groupManagement] INFO  server.RaftServerConfigKeys (ConfUtils.java:logGet(46)) - raft.server.log.appender.buffer.byte-limit = 8388608 (custom)
2024-04-21 07:17:28,855 [33d4fa9a-f1b5-45a2-9ce3-43c86fd82df2-groupManagement] INFO  server.RaftServerConfigKeys (ConfUtils.java:logGet(46)) - raft.server.log.statemachine.data.read.timeout = 1000ms (default)
2024-04-21 07:17:28,856 [33d4fa9a-f1b5-45a2-9ce3-43c86fd82df2-groupManagement] INFO  server.RaftServerConfigKeys (ConfUtils.java:logGet(46)) - raft.server.log.purge.preservation.log.num = 0 (default)
2024-04-21 07:17:28,857 [33d4fa9a-f1b5-45a2-9ce3-43c86fd82df2-groupManagement] INFO  server.RaftServerConfigKeys (ConfUtils.java:logGet(46)) - raft.server.log.segment.size.max = 67108864 (custom)
2024-04-21 07:17:28,857 [33d4fa9a-f1b5-45a2-9ce3-43c86fd82df2-groupManagement] INFO  server.RaftServerConfigKeys (ConfUtils.java:logGet(46)) - raft.server.log.segment.cache.num.max = 2 (custom)
2024-04-21 07:17:28,857 [33d4fa9a-f1b5-45a2-9ce3-43c86fd82df2-groupManagement] INFO  server.RaftServerConfigKeys (ConfUtils.java:logGet(46)) - raft.server.log.segment.cache.size.max = 200MB (=209715200) (default)
2024-04-21 07:17:28,857 [33d4fa9a-f1b5-45a2-9ce3-43c86fd82df2-groupManagement] INFO  server.RaftServerConfigKeys (ConfUtils.java:logGet(46)) - raft.server.log.appender.buffer.byte-limit = 8388608 (custom)
2024-04-21 07:17:28,857 [33d4fa9a-f1b5-45a2-9ce3-43c86fd82df2-groupManagement] INFO  util.AwaitToRun (AwaitToRun.java:start(81)) - Thread[33d4fa9a-f1b5-45a2-9ce3-43c86fd82df2@group-9461FA60FDFB-cacheEviction-AwaitToRun,5,main] started
2024-04-21 07:17:28,857 [33d4fa9a-f1b5-45a2-9ce3-43c86fd82df2-groupManagement] INFO  segmented.SegmentedRaftLogWorker (SegmentedRaftLogWorker.java:<init>(182)) - new 33d4fa9a-f1b5-45a2-9ce3-43c86fd82df2@group-9461FA60FDFB-SegmentedRaftLogWorker for RaftStorageImpl:Storage Directory /home/runner/work/ozone/ozone/hadoop-ozone/integration-test/target/test-dir/MiniOzoneClusterImpl-ed39ddd9-82bf-4bf6-8741-acb42c98007c/ozone-meta/datanode-2/ratis/c4b7aa47-080c-4de3-8911-9461fa60fdfb
2024-04-21 07:17:28,857 [33d4fa9a-f1b5-45a2-9ce3-43c86fd82df2-groupManagement] INFO  server.RaftServerConfigKeys (ConfUtils.java:logGet(46)) - raft.server.log.queue.byte-limit = 4294967296 (custom)
2024-04-21 07:17:28,857 [33d4fa9a-f1b5-45a2-9ce3-43c86fd82df2-groupManagement] INFO  server.RaftServerConfigKeys (ConfUtils.java:logGet(46)) - raft.server.log.queue.element-limit = 1024 (custom)
2024-04-21 07:17:28,857 [33d4fa9a-f1b5-45a2-9ce3-43c86fd82df2-groupManagement] INFO  server.RaftServerConfigKeys (ConfUtils.java:logGet(46)) - raft.server.log.segment.size.max = 67108864 (custom)
2024-04-21 07:17:28,857 [33d4fa9a-f1b5-45a2-9ce3-43c86fd82df2-groupManagement] INFO  server.RaftServerConfigKeys (ConfUtils.java:logGet(46)) - raft.server.log.preallocated.size = 4194304 (custom)
2024-04-21 07:17:28,857 [33d4fa9a-f1b5-45a2-9ce3-43c86fd82df2-groupManagement] INFO  server.RaftServerConfigKeys (ConfUtils.java:logGet(46)) - raft.server.log.force.sync.num = 128 (default)
2024-04-21 07:17:28,858 [33d4fa9a-f1b5-45a2-9ce3-43c86fd82df2-groupManagement] INFO  server.RaftServerConfigKeys (ConfUtils.java:logGet(46)) - raft.server.log.statemachine.data.sync = true (default)
2024-04-21 07:17:28,858 [33d4fa9a-f1b5-45a2-9ce3-43c86fd82df2-groupManagement] INFO  server.RaftServerConfigKeys (ConfUtils.java:logGet(46)) - raft.server.log.statemachine.data.sync.timeout = 10s (default)
2024-04-21 07:17:28,858 [33d4fa9a-f1b5-45a2-9ce3-43c86fd82df2-groupManagement] INFO  server.RaftServerConfigKeys (ConfUtils.java:logGet(46)) - raft.server.log.statemachine.data.sync.timeout.retry = 30 (custom)
2024-04-21 07:17:28,858 [33d4fa9a-f1b5-45a2-9ce3-43c86fd82df2-groupManagement] INFO  server.RaftServerConfigKeys (ConfUtils.java:logGet(46)) - raft.server.log.write.buffer.size = 8388616 (custom)
2024-04-21 07:17:28,859 [33d4fa9a-f1b5-45a2-9ce3-43c86fd82df2-groupManagement] INFO  server.RaftServerConfigKeys (ConfUtils.java:logGet(46)) - raft.server.log.appender.buffer.byte-limit = 8388608 (custom)
2024-04-21 07:17:28,859 [33d4fa9a-f1b5-45a2-9ce3-43c86fd82df2-groupManagement] INFO  server.RaftServerConfigKeys (ConfUtils.java:logGet(46)) - raft.server.log.unsafe-flush.enabled = false (default)
2024-04-21 07:17:28,859 [33d4fa9a-f1b5-45a2-9ce3-43c86fd82df2-groupManagement] INFO  server.RaftServerConfigKeys (ConfUtils.java:logGet(46)) - raft.server.log.async-flush.enabled = false (default)
2024-04-21 07:17:28,859 [33d4fa9a-f1b5-45a2-9ce3-43c86fd82df2-groupManagement] INFO  server.RaftServerConfigKeys (ConfUtils.java:logGet(46)) - raft.server.log.statemachine.data.caching.enabled = true (custom)
2024-04-21 07:17:28,859 [33d4fa9a-f1b5-45a2-9ce3-43c86fd82df2-groupManagement] INFO  segmented.SegmentedRaftLogWorker (SegmentedRaftLogWorker.java:lambda$new$0(134)) - 33d4fa9a-f1b5-45a2-9ce3-43c86fd82df2@group-9461FA60FDFB-SegmentedRaftLogWorker: flushIndex: setUnconditionally 0 -> -1
2024-04-21 07:17:28,859 [33d4fa9a-f1b5-45a2-9ce3-43c86fd82df2-groupManagement] INFO  segmented.SegmentedRaftLogWorker (SegmentedRaftLogWorker.java:lambda$new$0(134)) - 33d4fa9a-f1b5-45a2-9ce3-43c86fd82df2@group-9461FA60FDFB-SegmentedRaftLogWorker: safeCacheEvictIndex: setUnconditionally 0 -> -1
2024-04-21 07:17:28,860 [33d4fa9a-f1b5-45a2-9ce3-43c86fd82df2-groupManagement] INFO  server.RaftServer$Division (RaftServerImpl.java:start(396)) - 33d4fa9a-f1b5-45a2-9ce3-43c86fd82df2@group-9461FA60FDFB: start as a follower, conf=-1: peers:[6cf56e53-88cb-4022-bd56-d9b5c4d884ee|10.1.0.102:15138, 9387e6e8-bf6d-4d10-9dc1-f1bd05fc02cf|10.1.0.102:15120, 33d4fa9a-f1b5-45a2-9ce3-43c86fd82df2|10.1.0.102:15129]|listeners:[], old=null
2024-04-21 07:17:28,860 [33d4fa9a-f1b5-45a2-9ce3-43c86fd82df2-groupManagement] INFO  server.RaftServer$Division (RaftServerImpl.java:setRole(383)) - 33d4fa9a-f1b5-45a2-9ce3-43c86fd82df2@group-9461FA60FDFB: changes role from      null to FOLLOWER at term 0 for startAsFollower
2024-04-21 07:17:28,860 [33d4fa9a-f1b5-45a2-9ce3-43c86fd82df2-groupManagement] INFO  impl.RoleInfo (RoleInfo.java:updateAndGet(139)) - 33d4fa9a-f1b5-45a2-9ce3-43c86fd82df2: start 33d4fa9a-f1b5-45a2-9ce3-43c86fd82df2@group-9461FA60FDFB-FollowerState
2024-04-21 07:17:28,860 [33d4fa9a-f1b5-45a2-9ce3-43c86fd82df2@group-9461FA60FDFB-FollowerState] INFO  server.RaftServerConfigKeys (ConfUtils.java:logFallback(53)) - raft.server.rpc.first-election.timeout.min = 5s (fallback to raft.server.rpc.timeout.min)
2024-04-21 07:17:28,860 [33d4fa9a-f1b5-45a2-9ce3-43c86fd82df2-groupManagement] INFO  util.JmxRegister (JmxRegister.java:tryRegister(44)) - Successfully registered JMX Bean with object name Ratis:service=RaftServer,group=group-9461FA60FDFB,id=33d4fa9a-f1b5-45a2-9ce3-43c86fd82df2
2024-04-21 07:17:28,860 [33d4fa9a-f1b5-45a2-9ce3-43c86fd82df2@group-9461FA60FDFB-FollowerState] INFO  server.RaftServerConfigKeys (ConfUtils.java:logFallback(53)) - raft.server.rpc.first-election.timeout.max = 5200ms (fallback to raft.server.rpc.timeout.max)
2024-04-21 07:17:28,860 [33d4fa9a-f1b5-45a2-9ce3-43c86fd82df2-groupManagement] INFO  server.RaftServerConfigKeys (ConfUtils.java:logGet(46)) - raft.server.snapshot.trigger-when-stop.enabled = true (default)
2024-04-21 07:17:28,860 [33d4fa9a-f1b5-45a2-9ce3-43c86fd82df2-groupManagement] INFO  server.RaftServerConfigKeys (ConfUtils.java:logGet(46)) - raft.server.snapshot.auto.trigger.enabled = true (custom)
2024-04-21 07:17:28,860 [33d4fa9a-f1b5-45a2-9ce3-43c86fd82df2-groupManagement] INFO  server.RaftServerConfigKeys (ConfUtils.java:logGet(46)) - raft.server.snapshot.auto.trigger.threshold = 10000 (custom)
2024-04-21 07:17:28,860 [33d4fa9a-f1b5-45a2-9ce3-43c86fd82df2-groupManagement] INFO  server.RaftServerConfigKeys (ConfUtils.java:logGet(46)) - raft.server.snapshot.retention.file.num = 5 (custom)
2024-04-21 07:17:28,860 [33d4fa9a-f1b5-45a2-9ce3-43c86fd82df2-groupManagement] INFO  server.RaftServerConfigKeys (ConfUtils.java:logGet(46)) - raft.server.log.purge.upto.snapshot.index = false (default)
2024-04-21 07:17:28,869 [grpc-default-executor-0] INFO  server.RaftServer (RaftServerProxy.java:addNew(100)) - 6cf56e53-88cb-4022-bd56-d9b5c4d884ee: addNew group-9461FA60FDFB:[6cf56e53-88cb-4022-bd56-d9b5c4d884ee|10.1.0.102:15138, 9387e6e8-bf6d-4d10-9dc1-f1bd05fc02cf|10.1.0.102:15120, 33d4fa9a-f1b5-45a2-9ce3-43c86fd82df2|10.1.0.102:15129] returns group-9461FA60FDFB:java.util.concurrent.CompletableFuture@b5c49d7[Not completed]
2024-04-21 07:17:28,869 [6cf56e53-88cb-4022-bd56-d9b5c4d884ee-groupManagement] INFO  server.RaftServer$Division (RaftServerImpl.java:<init>(256)) - 6cf56e53-88cb-4022-bd56-d9b5c4d884ee: new RaftServerImpl for group-9461FA60FDFB:[6cf56e53-88cb-4022-bd56-d9b5c4d884ee|10.1.0.102:15138, 9387e6e8-bf6d-4d10-9dc1-f1bd05fc02cf|10.1.0.102:15120, 33d4fa9a-f1b5-45a2-9ce3-43c86fd82df2|10.1.0.102:15129] with ContainerStateMachine:uninitialized
2024-04-21 07:17:28,869 [6cf56e53-88cb-4022-bd56-d9b5c4d884ee-groupManagement] INFO  server.RaftServerConfigKeys (ConfUtils.java:logGet(46)) - raft.server.rpc.timeout.min = 5s (custom)
2024-04-21 07:17:28,870 [6cf56e53-88cb-4022-bd56-d9b5c4d884ee-groupManagement] INFO  server.RaftServerConfigKeys (ConfUtils.java:logGet(46)) - raft.server.rpc.timeout.max = 5200ms (custom)
2024-04-21 07:17:28,870 [6cf56e53-88cb-4022-bd56-d9b5c4d884ee-groupManagement] INFO  server.RaftServerConfigKeys (ConfUtils.java:logGet(46)) - raft.server.rpc.sleep.time = 25ms (default)
2024-04-21 07:17:28,870 [6cf56e53-88cb-4022-bd56-d9b5c4d884ee-groupManagement] INFO  server.RaftServerConfigKeys (ConfUtils.java:logGet(46)) - raft.server.rpc.slowness.timeout = 300000ms (custom)
2024-04-21 07:17:28,870 [6cf56e53-88cb-4022-bd56-d9b5c4d884ee-groupManagement] INFO  server.RaftServerConfigKeys (ConfUtils.java:logGet(46)) - raft.server.leaderelection.leader.step-down.wait-time = 10s (default)
2024-04-21 07:17:28,870 [6cf56e53-88cb-4022-bd56-d9b5c4d884ee-groupManagement] INFO  server.RaftServerConfigKeys (ConfUtils.java:logGet(46)) - raft.server.leaderelection.member.majority-add = false (default)
2024-04-21 07:17:28,870 [6cf56e53-88cb-4022-bd56-d9b5c4d884ee-groupManagement] INFO  server.RaftServerConfigKeys (ConfUtils.java:logGet(46)) - raft.server.sleep.deviation.threshold = 300ms (default)
2024-04-21 07:17:28,870 [6cf56e53-88cb-4022-bd56-d9b5c4d884ee-groupManagement] INFO  server.RaftServer$Division (ServerState.java:<init>(113)) - 6cf56e53-88cb-4022-bd56-d9b5c4d884ee@group-9461FA60FDFB: ConfigurationManager, init=-1: peers:[6cf56e53-88cb-4022-bd56-d9b5c4d884ee|10.1.0.102:15138, 9387e6e8-bf6d-4d10-9dc1-f1bd05fc02cf|10.1.0.102:15120, 33d4fa9a-f1b5-45a2-9ce3-43c86fd82df2|10.1.0.102:15129]|listeners:[], old=null, confs=<EMPTY_MAP>
2024-04-21 07:17:28,870 [6cf56e53-88cb-4022-bd56-d9b5c4d884ee-groupManagement] INFO  server.RaftServerConfigKeys (ConfUtils.java:logGet(46)) - raft.server.notification.no-leader.timeout = 300000ms (custom)
2024-04-21 07:17:28,870 [6cf56e53-88cb-4022-bd56-d9b5c4d884ee-groupManagement] INFO  server.RaftServerConfigKeys (ConfUtils.java:logGet(46)) - raft.server.read.timeout = 10s (default)
2024-04-21 07:17:28,870 [6cf56e53-88cb-4022-bd56-d9b5c4d884ee-groupManagement] INFO  server.RaftServerConfigKeys (ConfUtils.java:logGet(46)) - raft.server.retrycache.expirytime = 600000ms (custom)
2024-04-21 07:17:28,870 [6cf56e53-88cb-4022-bd56-d9b5c4d884ee-groupManagement] INFO  server.RaftServerConfigKeys (ConfUtils.java:logGet(46)) - raft.server.retrycache.statistics.expirytime = 100ms (default)
2024-04-21 07:17:28,870 [6cf56e53-88cb-4022-bd56-d9b5c4d884ee-groupManagement] INFO  server.RaftServerConfigKeys (ConfUtils.java:logGet(46)) - raft.server.read.option = DEFAULT (default)
2024-04-21 07:17:28,870 [6cf56e53-88cb-4022-bd56-d9b5c4d884ee-groupManagement] INFO  server.RaftServerConfigKeys (ConfUtils.java:logGet(46)) - raft.server.read.read-after-write-consistent.write-index-cache.expiry-time = 60s (default)
2024-04-21 07:17:28,871 [6cf56e53-88cb-4022-bd56-d9b5c4d884ee-groupManagement] INFO  server.RaftServerConfigKeys (ConfUtils.java:logGet(46)) - raft.server.rpc.request.timeout = 3000ms (default)
2024-04-21 07:17:28,871 [6cf56e53-88cb-4022-bd56-d9b5c4d884ee-groupManagement] INFO  server.RaftServerConfigKeys (ConfUtils.java:logGet(46)) - raft.server.log.appender.install.snapshot.enabled = false (custom)
2024-04-21 07:17:28,871 [6cf56e53-88cb-4022-bd56-d9b5c4d884ee-groupManagement] INFO  server.RaftServerConfigKeys (ConfUtils.java:logGet(46)) - raft.server.threadpool.server.cached = true (default)
2024-04-21 07:17:28,871 [6cf56e53-88cb-4022-bd56-d9b5c4d884ee-groupManagement] INFO  server.RaftServerConfigKeys (ConfUtils.java:logGet(46)) - raft.server.threadpool.server.size = 0 (default)
2024-04-21 07:17:28,871 [6cf56e53-88cb-4022-bd56-d9b5c4d884ee-groupManagement] INFO  server.RaftServerConfigKeys (ConfUtils.java:logGet(46)) - raft.server.threadpool.client.cached = true (default)
2024-04-21 07:17:28,871 [6cf56e53-88cb-4022-bd56-d9b5c4d884ee-groupManagement] INFO  server.RaftServerConfigKeys (ConfUtils.java:logGet(46)) - raft.server.threadpool.client.size = 0 (default)
2024-04-21 07:17:28,871 [6cf56e53-88cb-4022-bd56-d9b5c4d884ee-groupManagement] INFO  server.RaftServerConfigKeys (ConfUtils.java:logGet(46)) - raft.server.storage.free-space.min = 0MB (=0) (default)
2024-04-21 07:17:28,871 [6cf56e53-88cb-4022-bd56-d9b5c4d884ee-groupManagement] INFO  server.RaftServerConfigKeys (ConfUtils.java:logGet(46)) - raft.server.log.corruption.policy = EXCEPTION (default)
2024-04-21 07:17:28,871 [6cf56e53-88cb-4022-bd56-d9b5c4d884ee-groupManagement] INFO  server.RaftServerConfigKeys (ConfUtils.java:logGet(46)) - raft.server.storage.dir = [/home/runner/work/ozone/ozone/hadoop-ozone/integration-test/target/test-dir/MiniOzoneClusterImpl-ed39ddd9-82bf-4bf6-8741-acb42c98007c/ozone-meta/datanode-3/ratis] (custom)
2024-04-21 07:17:28,872 [6cf56e53-88cb-4022-bd56-d9b5c4d884ee-groupManagement] INFO  storage.RaftStorageDirectory (RaftStorageDirectoryImpl.java:analyzeStorage(138)) - The storage directory /home/runner/work/ozone/ozone/hadoop-ozone/integration-test/target/test-dir/MiniOzoneClusterImpl-ed39ddd9-82bf-4bf6-8741-acb42c98007c/ozone-meta/datanode-3/ratis/c4b7aa47-080c-4de3-8911-9461fa60fdfb does not exist. Creating ...
2024-04-21 07:17:28,873 [6cf56e53-88cb-4022-bd56-d9b5c4d884ee-groupManagement] INFO  storage.RaftStorageDirectory (RaftStorageDirectoryImpl.java:tryLock(228)) - Lock on /home/runner/work/ozone/ozone/hadoop-ozone/integration-test/target/test-dir/MiniOzoneClusterImpl-ed39ddd9-82bf-4bf6-8741-acb42c98007c/ozone-meta/datanode-3/ratis/c4b7aa47-080c-4de3-8911-9461fa60fdfb/in_use.lock acquired by nodename 52185@fv-az1428-63
2024-04-21 07:17:28,873 [6cf56e53-88cb-4022-bd56-d9b5c4d884ee-groupManagement] INFO  storage.RaftStorage (RaftStorageImpl.java:format(99)) - Storage directory /home/runner/work/ozone/ozone/hadoop-ozone/integration-test/target/test-dir/MiniOzoneClusterImpl-ed39ddd9-82bf-4bf6-8741-acb42c98007c/ozone-meta/datanode-3/ratis/c4b7aa47-080c-4de3-8911-9461fa60fdfb has been successfully formatted.
2024-04-21 07:17:28,873 [6cf56e53-88cb-4022-bd56-d9b5c4d884ee-groupManagement] WARN  util.FileUtils (LogUtils.java:supplyAndLog(63)) - Failed to Files.newInputStream /home/runner/work/ozone/ozone/hadoop-ozone/integration-test/target/test-dir/MiniOzoneClusterImpl-ed39ddd9-82bf-4bf6-8741-acb42c98007c/ozone-meta/datanode-3/ratis/c4b7aa47-080c-4de3-8911-9461fa60fdfb/current/raft-meta.conf with options []: java.nio.file.NoSuchFileException: /home/runner/work/ozone/ozone/hadoop-ozone/integration-test/target/test-dir/MiniOzoneClusterImpl-ed39ddd9-82bf-4bf6-8741-acb42c98007c/ozone-meta/datanode-3/ratis/c4b7aa47-080c-4de3-8911-9461fa60fdfb/current/raft-meta.conf
2024-04-21 07:17:28,874 [6cf56e53-88cb-4022-bd56-d9b5c4d884ee-groupManagement] INFO  ratis.ContainerStateMachine (ContainerStateMachine.java:loadSnapshot(287)) - group-9461FA60FDFB: The snapshot info is null. Setting the last applied index to:(t:0, i:~)
2024-04-21 07:17:28,874 [6cf56e53-88cb-4022-bd56-d9b5c4d884ee-groupManagement] INFO  server.RaftServerConfigKeys (ConfUtils.java:logGet(46)) - raft.server.log.use.memory = false (default)
2024-04-21 07:17:28,874 [6cf56e53-88cb-4022-bd56-d9b5c4d884ee-groupManagement] INFO  server.RaftServerConfigKeys (ConfUtils.java:logGet(46)) - raft.server.log.purge.gap = 1000000 (custom)
2024-04-21 07:17:28,874 [6cf56e53-88cb-4022-bd56-d9b5c4d884ee-groupManagement] INFO  server.RaftServerConfigKeys (ConfUtils.java:logGet(46)) - raft.server.log.appender.buffer.byte-limit = 8388608 (custom)
2024-04-21 07:17:28,875 [6cf56e53-88cb-4022-bd56-d9b5c4d884ee-groupManagement] INFO  server.RaftServerConfigKeys (ConfUtils.java:logGet(46)) - raft.server.log.statemachine.data.read.timeout = 1000ms (default)
2024-04-21 07:17:28,875 [6cf56e53-88cb-4022-bd56-d9b5c4d884ee-groupManagement] INFO  server.RaftServerConfigKeys (ConfUtils.java:logGet(46)) - raft.server.log.purge.preservation.log.num = 0 (default)
2024-04-21 07:17:28,875 [6cf56e53-88cb-4022-bd56-d9b5c4d884ee-groupManagement] INFO  server.RaftServerConfigKeys (ConfUtils.java:logGet(46)) - raft.server.log.segment.size.max = 67108864 (custom)
2024-04-21 07:17:28,876 [6cf56e53-88cb-4022-bd56-d9b5c4d884ee-groupManagement] INFO  server.RaftServerConfigKeys (ConfUtils.java:logGet(46)) - raft.server.log.segment.cache.num.max = 2 (custom)
2024-04-21 07:17:28,876 [6cf56e53-88cb-4022-bd56-d9b5c4d884ee-groupManagement] INFO  server.RaftServerConfigKeys (ConfUtils.java:logGet(46)) - raft.server.log.segment.cache.size.max = 200MB (=209715200) (default)
2024-04-21 07:17:28,876 [6cf56e53-88cb-4022-bd56-d9b5c4d884ee-groupManagement] INFO  server.RaftServerConfigKeys (ConfUtils.java:logGet(46)) - raft.server.log.appender.buffer.byte-limit = 8388608 (custom)
2024-04-21 07:17:28,876 [6cf56e53-88cb-4022-bd56-d9b5c4d884ee-groupManagement] INFO  util.AwaitToRun (AwaitToRun.java:start(81)) - Thread[6cf56e53-88cb-4022-bd56-d9b5c4d884ee@group-9461FA60FDFB-cacheEviction-AwaitToRun,5,main] started
2024-04-21 07:17:28,876 [6cf56e53-88cb-4022-bd56-d9b5c4d884ee-groupManagement] INFO  segmented.SegmentedRaftLogWorker (SegmentedRaftLogWorker.java:<init>(182)) - new 6cf56e53-88cb-4022-bd56-d9b5c4d884ee@group-9461FA60FDFB-SegmentedRaftLogWorker for RaftStorageImpl:Storage Directory /home/runner/work/ozone/ozone/hadoop-ozone/integration-test/target/test-dir/MiniOzoneClusterImpl-ed39ddd9-82bf-4bf6-8741-acb42c98007c/ozone-meta/datanode-3/ratis/c4b7aa47-080c-4de3-8911-9461fa60fdfb
2024-04-21 07:17:28,876 [6cf56e53-88cb-4022-bd56-d9b5c4d884ee-groupManagement] INFO  server.RaftServerConfigKeys (ConfUtils.java:logGet(46)) - raft.server.log.queue.byte-limit = 4294967296 (custom)
2024-04-21 07:17:28,876 [6cf56e53-88cb-4022-bd56-d9b5c4d884ee-groupManagement] INFO  server.RaftServerConfigKeys (ConfUtils.java:logGet(46)) - raft.server.log.queue.element-limit = 1024 (custom)
2024-04-21 07:17:28,876 [6cf56e53-88cb-4022-bd56-d9b5c4d884ee-groupManagement] INFO  server.RaftServerConfigKeys (ConfUtils.java:logGet(46)) - raft.server.log.segment.size.max = 67108864 (custom)
2024-04-21 07:17:28,876 [6cf56e53-88cb-4022-bd56-d9b5c4d884ee-groupManagement] INFO  server.RaftServerConfigKeys (ConfUtils.java:logGet(46)) - raft.server.log.preallocated.size = 4194304 (custom)
2024-04-21 07:17:28,876 [6cf56e53-88cb-4022-bd56-d9b5c4d884ee-groupManagement] INFO  server.RaftServerConfigKeys (ConfUtils.java:logGet(46)) - raft.server.log.force.sync.num = 128 (default)
2024-04-21 07:17:28,876 [6cf56e53-88cb-4022-bd56-d9b5c4d884ee-groupManagement] INFO  server.RaftServerConfigKeys (ConfUtils.java:logGet(46)) - raft.server.log.statemachine.data.sync = true (default)
2024-04-21 07:17:28,876 [6cf56e53-88cb-4022-bd56-d9b5c4d884ee-groupManagement] INFO  server.RaftServerConfigKeys (ConfUtils.java:logGet(46)) - raft.server.log.statemachine.data.sync.timeout = 10s (default)
2024-04-21 07:17:28,876 [6cf56e53-88cb-4022-bd56-d9b5c4d884ee-groupManagement] INFO  server.RaftServerConfigKeys (ConfUtils.java:logGet(46)) - raft.server.log.statemachine.data.sync.timeout.retry = 30 (custom)
2024-04-21 07:17:28,877 [6cf56e53-88cb-4022-bd56-d9b5c4d884ee-groupManagement] INFO  server.RaftServerConfigKeys (ConfUtils.java:logGet(46)) - raft.server.log.write.buffer.size = 8388616 (custom)
2024-04-21 07:17:28,878 [6cf56e53-88cb-4022-bd56-d9b5c4d884ee-groupManagement] INFO  server.RaftServerConfigKeys (ConfUtils.java:logGet(46)) - raft.server.log.appender.buffer.byte-limit = 8388608 (custom)
2024-04-21 07:17:28,878 [6cf56e53-88cb-4022-bd56-d9b5c4d884ee-groupManagement] INFO  server.RaftServerConfigKeys (ConfUtils.java:logGet(46)) - raft.server.log.unsafe-flush.enabled = false (default)
2024-04-21 07:17:28,878 [6cf56e53-88cb-4022-bd56-d9b5c4d884ee-groupManagement] INFO  server.RaftServerConfigKeys (ConfUtils.java:logGet(46)) - raft.server.log.async-flush.enabled = false (default)
2024-04-21 07:17:28,878 [6cf56e53-88cb-4022-bd56-d9b5c4d884ee-groupManagement] INFO  server.RaftServerConfigKeys (ConfUtils.java:logGet(46)) - raft.server.log.statemachine.data.caching.enabled = true (custom)
2024-04-21 07:17:28,878 [6cf56e53-88cb-4022-bd56-d9b5c4d884ee-groupManagement] INFO  segmented.SegmentedRaftLogWorker (SegmentedRaftLogWorker.java:lambda$new$0(134)) - 6cf56e53-88cb-4022-bd56-d9b5c4d884ee@group-9461FA60FDFB-SegmentedRaftLogWorker: flushIndex: setUnconditionally 0 -> -1
2024-04-21 07:17:28,878 [6cf56e53-88cb-4022-bd56-d9b5c4d884ee-groupManagement] INFO  segmented.SegmentedRaftLogWorker (SegmentedRaftLogWorker.java:lambda$new$0(134)) - 6cf56e53-88cb-4022-bd56-d9b5c4d884ee@group-9461FA60FDFB-SegmentedRaftLogWorker: safeCacheEvictIndex: setUnconditionally 0 -> -1
2024-04-21 07:17:28,878 [6cf56e53-88cb-4022-bd56-d9b5c4d884ee-groupManagement] INFO  server.RaftServer$Division (RaftServerImpl.java:start(396)) - 6cf56e53-88cb-4022-bd56-d9b5c4d884ee@group-9461FA60FDFB: start as a follower, conf=-1: peers:[6cf56e53-88cb-4022-bd56-d9b5c4d884ee|10.1.0.102:15138, 9387e6e8-bf6d-4d10-9dc1-f1bd05fc02cf|10.1.0.102:15120, 33d4fa9a-f1b5-45a2-9ce3-43c86fd82df2|10.1.0.102:15129]|listeners:[], old=null
2024-04-21 07:17:28,878 [6cf56e53-88cb-4022-bd56-d9b5c4d884ee-groupManagement] INFO  server.RaftServer$Division (RaftServerImpl.java:setRole(383)) - 6cf56e53-88cb-4022-bd56-d9b5c4d884ee@group-9461FA60FDFB: changes role from      null to FOLLOWER at term 0 for startAsFollower
2024-04-21 07:17:28,878 [6cf56e53-88cb-4022-bd56-d9b5c4d884ee-groupManagement] INFO  impl.RoleInfo (RoleInfo.java:updateAndGet(139)) - 6cf56e53-88cb-4022-bd56-d9b5c4d884ee: start 6cf56e53-88cb-4022-bd56-d9b5c4d884ee@group-9461FA60FDFB-FollowerState
2024-04-21 07:17:28,879 [6cf56e53-88cb-4022-bd56-d9b5c4d884ee-groupManagement] INFO  util.JmxRegister (JmxRegister.java:tryRegister(44)) - Successfully registered JMX Bean with object name Ratis:service=RaftServer,group=group-9461FA60FDFB,id=6cf56e53-88cb-4022-bd56-d9b5c4d884ee
2024-04-21 07:17:28,879 [6cf56e53-88cb-4022-bd56-d9b5c4d884ee@group-9461FA60FDFB-FollowerState] INFO  server.RaftServerConfigKeys (ConfUtils.java:logFallback(53)) - raft.server.rpc.first-election.timeout.min = 5s (fallback to raft.server.rpc.timeout.min)
2024-04-21 07:17:28,879 [6cf56e53-88cb-4022-bd56-d9b5c4d884ee-groupManagement] INFO  server.RaftServerConfigKeys (ConfUtils.java:logGet(46)) - raft.server.snapshot.trigger-when-stop.enabled = true (default)
2024-04-21 07:17:28,879 [6cf56e53-88cb-4022-bd56-d9b5c4d884ee@group-9461FA60FDFB-FollowerState] INFO  server.RaftServerConfigKeys (ConfUtils.java:logFallback(53)) - raft.server.rpc.first-election.timeout.max = 5200ms (fallback to raft.server.rpc.timeout.max)
2024-04-21 07:17:28,879 [6cf56e53-88cb-4022-bd56-d9b5c4d884ee-groupManagement] INFO  server.RaftServerConfigKeys (ConfUtils.java:logGet(46)) - raft.server.snapshot.auto.trigger.enabled = true (custom)
2024-04-21 07:17:28,879 [6cf56e53-88cb-4022-bd56-d9b5c4d884ee-groupManagement] INFO  server.RaftServerConfigKeys (ConfUtils.java:logGet(46)) - raft.server.snapshot.auto.trigger.threshold = 10000 (custom)
2024-04-21 07:17:28,879 [6cf56e53-88cb-4022-bd56-d9b5c4d884ee-groupManagement] INFO  server.RaftServerConfigKeys (ConfUtils.java:logGet(46)) - raft.server.snapshot.retention.file.num = 5 (custom)
2024-04-21 07:17:28,879 [6cf56e53-88cb-4022-bd56-d9b5c4d884ee-groupManagement] INFO  server.RaftServerConfigKeys (ConfUtils.java:logGet(46)) - raft.server.log.purge.upto.snapshot.index = false (default)
2024-04-21 07:17:28,882 [9387e6e8-bf6d-4d10-9dc1-f1bd05fc02cf-PipelineCommandHandlerThread-0] INFO  commandhandler.CreatePipelineCommandHandler (CreatePipelineCommandHandler.java:lambda$handle$2(124)) - Created Pipeline RATIS THREE PipelineID=c4b7aa47-080c-4de3-8911-9461fa60fdfb.
2024-04-21 07:17:28,883 [9387e6e8-bf6d-4d10-9dc1-f1bd05fc02cf-PipelineCommandHandlerThread-0] INFO  server.RaftServer (RaftServerProxy.java:addNew(100)) - 9387e6e8-bf6d-4d10-9dc1-f1bd05fc02cf: addNew group-85F3280A5D9A:[6cf56e53-88cb-4022-bd56-d9b5c4d884ee|10.1.0.102:15138, 9387e6e8-bf6d-4d10-9dc1-f1bd05fc02cf|10.1.0.102:15120, 33d4fa9a-f1b5-45a2-9ce3-43c86fd82df2|10.1.0.102:15129] returns group-85F3280A5D9A:java.util.concurrent.CompletableFuture@10c87767[Not completed]
2024-04-21 07:17:28,883 [33d4fa9a-f1b5-45a2-9ce3-43c86fd82df2-PipelineCommandHandlerThread-0] INFO  server.RaftServer (RaftServerProxy.java:addNew(100)) - 33d4fa9a-f1b5-45a2-9ce3-43c86fd82df2: addNew group-2653268D5246:[33d4fa9a-f1b5-45a2-9ce3-43c86fd82df2|10.1.0.102:15129] returns group-2653268D5246:java.util.concurrent.CompletableFuture@703c2737[Not completed]
2024-04-21 07:17:28,883 [9387e6e8-bf6d-4d10-9dc1-f1bd05fc02cf-groupManagement] INFO  server.RaftServer$Division (RaftServerImpl.java:<init>(256)) - 9387e6e8-bf6d-4d10-9dc1-f1bd05fc02cf: new RaftServerImpl for group-85F3280A5D9A:[6cf56e53-88cb-4022-bd56-d9b5c4d884ee|10.1.0.102:15138, 9387e6e8-bf6d-4d10-9dc1-f1bd05fc02cf|10.1.0.102:15120, 33d4fa9a-f1b5-45a2-9ce3-43c86fd82df2|10.1.0.102:15129] with ContainerStateMachine:uninitialized
2024-04-21 07:17:28,884 [9387e6e8-bf6d-4d10-9dc1-f1bd05fc02cf-groupManagement] INFO  server.RaftServerConfigKeys (ConfUtils.java:logGet(46)) - raft.server.rpc.timeout.min = 5s (custom)
2024-04-21 07:17:28,884 [9387e6e8-bf6d-4d10-9dc1-f1bd05fc02cf-groupManagement] INFO  server.RaftServerConfigKeys (ConfUtils.java:logGet(46)) - raft.server.rpc.timeout.max = 5200ms (custom)
2024-04-21 07:17:28,884 [9387e6e8-bf6d-4d10-9dc1-f1bd05fc02cf-groupManagement] INFO  server.RaftServerConfigKeys (ConfUtils.java:logGet(46)) - raft.server.rpc.sleep.time = 25ms (default)
2024-04-21 07:17:28,884 [9387e6e8-bf6d-4d10-9dc1-f1bd05fc02cf-groupManagement] INFO  server.RaftServerConfigKeys (ConfUtils.java:logGet(46)) - raft.server.rpc.slowness.timeout = 300000ms (custom)
2024-04-21 07:17:28,884 [9387e6e8-bf6d-4d10-9dc1-f1bd05fc02cf-groupManagement] INFO  server.RaftServerConfigKeys (ConfUtils.java:logGet(46)) - raft.server.leaderelection.leader.step-down.wait-time = 10s (default)
2024-04-21 07:17:28,884 [9387e6e8-bf6d-4d10-9dc1-f1bd05fc02cf-groupManagement] INFO  server.RaftServerConfigKeys (ConfUtils.java:logGet(46)) - raft.server.leaderelection.member.majority-add = false (default)
2024-04-21 07:17:28,884 [9387e6e8-bf6d-4d10-9dc1-f1bd05fc02cf-groupManagement] INFO  server.RaftServerConfigKeys (ConfUtils.java:logGet(46)) - raft.server.sleep.deviation.threshold = 300ms (default)
2024-04-21 07:17:28,884 [9387e6e8-bf6d-4d10-9dc1-f1bd05fc02cf-groupManagement] INFO  server.RaftServer$Division (ServerState.java:<init>(113)) - 9387e6e8-bf6d-4d10-9dc1-f1bd05fc02cf@group-85F3280A5D9A: ConfigurationManager, init=-1: peers:[6cf56e53-88cb-4022-bd56-d9b5c4d884ee|10.1.0.102:15138, 9387e6e8-bf6d-4d10-9dc1-f1bd05fc02cf|10.1.0.102:15120, 33d4fa9a-f1b5-45a2-9ce3-43c86fd82df2|10.1.0.102:15129]|listeners:[], old=null, confs=<EMPTY_MAP>
2024-04-21 07:17:28,884 [9387e6e8-bf6d-4d10-9dc1-f1bd05fc02cf-groupManagement] INFO  server.RaftServerConfigKeys (ConfUtils.java:logGet(46)) - raft.server.notification.no-leader.timeout = 300000ms (custom)
2024-04-21 07:17:28,884 [9387e6e8-bf6d-4d10-9dc1-f1bd05fc02cf-groupManagement] INFO  server.RaftServerConfigKeys (ConfUtils.java:logGet(46)) - raft.server.read.timeout = 10s (default)
2024-04-21 07:17:28,884 [9387e6e8-bf6d-4d10-9dc1-f1bd05fc02cf-groupManagement] INFO  server.RaftServerConfigKeys (ConfUtils.java:logGet(46)) - raft.server.retrycache.expirytime = 600000ms (custom)
2024-04-21 07:17:28,884 [9387e6e8-bf6d-4d10-9dc1-f1bd05fc02cf-groupManagement] INFO  server.RaftServerConfigKeys (ConfUtils.java:logGet(46)) - raft.server.retrycache.statistics.expirytime = 100ms (default)
2024-04-21 07:17:28,884 [9387e6e8-bf6d-4d10-9dc1-f1bd05fc02cf-groupManagement] INFO  server.RaftServerConfigKeys (ConfUtils.java:logGet(46)) - raft.server.read.option = DEFAULT (default)
2024-04-21 07:17:28,885 [9387e6e8-bf6d-4d10-9dc1-f1bd05fc02cf-groupManagement] INFO  server.RaftServerConfigKeys (ConfUtils.java:logGet(46)) - raft.server.read.read-after-write-consistent.write-index-cache.expiry-time = 60s (default)
2024-04-21 07:17:28,886 [9387e6e8-bf6d-4d10-9dc1-f1bd05fc02cf-groupManagement] INFO  server.RaftServerConfigKeys (ConfUtils.java:logGet(46)) - raft.server.rpc.request.timeout = 3000ms (default)
2024-04-21 07:17:28,886 [9387e6e8-bf6d-4d10-9dc1-f1bd05fc02cf-groupManagement] INFO  server.RaftServerConfigKeys (ConfUtils.java:logGet(46)) - raft.server.log.appender.install.snapshot.enabled = false (custom)
2024-04-21 07:17:28,886 [9387e6e8-bf6d-4d10-9dc1-f1bd05fc02cf-groupManagement] INFO  server.RaftServerConfigKeys (ConfUtils.java:logGet(46)) - raft.server.threadpool.server.cached = true (default)
2024-04-21 07:17:28,886 [33d4fa9a-f1b5-45a2-9ce3-43c86fd82df2-groupManagement] INFO  server.RaftServer$Division (RaftServerImpl.java:<init>(256)) - 33d4fa9a-f1b5-45a2-9ce3-43c86fd82df2: new RaftServerImpl for group-2653268D5246:[33d4fa9a-f1b5-45a2-9ce3-43c86fd82df2|10.1.0.102:15129] with ContainerStateMachine:uninitialized
2024-04-21 07:17:28,886 [33d4fa9a-f1b5-45a2-9ce3-43c86fd82df2-groupManagement] INFO  server.RaftServerConfigKeys (ConfUtils.java:logGet(46)) - raft.server.rpc.timeout.min = 5s (custom)
2024-04-21 07:17:28,886 [33d4fa9a-f1b5-45a2-9ce3-43c86fd82df2-groupManagement] INFO  server.RaftServerConfigKeys (ConfUtils.java:logGet(46)) - raft.server.rpc.timeout.max = 5200ms (custom)
2024-04-21 07:17:28,887 [33d4fa9a-f1b5-45a2-9ce3-43c86fd82df2-groupManagement] INFO  server.RaftServerConfigKeys (ConfUtils.java:logGet(46)) - raft.server.rpc.sleep.time = 25ms (default)
2024-04-21 07:17:28,887 [33d4fa9a-f1b5-45a2-9ce3-43c86fd82df2-groupManagement] INFO  server.RaftServerConfigKeys (ConfUtils.java:logGet(46)) - raft.server.rpc.slowness.timeout = 300000ms (custom)
2024-04-21 07:17:28,887 [33d4fa9a-f1b5-45a2-9ce3-43c86fd82df2-groupManagement] INFO  server.RaftServerConfigKeys (ConfUtils.java:logGet(46)) - raft.server.leaderelection.leader.step-down.wait-time = 10s (default)
2024-04-21 07:17:28,887 [33d4fa9a-f1b5-45a2-9ce3-43c86fd82df2-groupManagement] INFO  server.RaftServerConfigKeys (ConfUtils.java:logGet(46)) - raft.server.leaderelection.member.majority-add = false (default)
2024-04-21 07:17:28,887 [33d4fa9a-f1b5-45a2-9ce3-43c86fd82df2-groupManagement] INFO  server.RaftServerConfigKeys (ConfUtils.java:logGet(46)) - raft.server.sleep.deviation.threshold = 300ms (default)
2024-04-21 07:17:28,887 [33d4fa9a-f1b5-45a2-9ce3-43c86fd82df2-groupManagement] INFO  server.RaftServer$Division (ServerState.java:<init>(113)) - 33d4fa9a-f1b5-45a2-9ce3-43c86fd82df2@group-2653268D5246: ConfigurationManager, init=-1: peers:[33d4fa9a-f1b5-45a2-9ce3-43c86fd82df2|10.1.0.102:15129]|listeners:[], old=null, confs=<EMPTY_MAP>
2024-04-21 07:17:28,887 [33d4fa9a-f1b5-45a2-9ce3-43c86fd82df2-groupManagement] INFO  server.RaftServerConfigKeys (ConfUtils.java:logGet(46)) - raft.server.notification.no-leader.timeout = 300000ms (custom)
2024-04-21 07:17:28,887 [33d4fa9a-f1b5-45a2-9ce3-43c86fd82df2-groupManagement] INFO  server.RaftServerConfigKeys (ConfUtils.java:logGet(46)) - raft.server.read.timeout = 10s (default)
2024-04-21 07:17:28,887 [33d4fa9a-f1b5-45a2-9ce3-43c86fd82df2-groupManagement] INFO  server.RaftServerConfigKeys (ConfUtils.java:logGet(46)) - raft.server.retrycache.expirytime = 600000ms (custom)
2024-04-21 07:17:28,887 [33d4fa9a-f1b5-45a2-9ce3-43c86fd82df2-groupManagement] INFO  server.RaftServerConfigKeys (ConfUtils.java:logGet(46)) - raft.server.retrycache.statistics.expirytime = 100ms (default)
2024-04-21 07:17:28,887 [33d4fa9a-f1b5-45a2-9ce3-43c86fd82df2-groupManagement] INFO  server.RaftServerConfigKeys (ConfUtils.java:logGet(46)) - raft.server.read.option = DEFAULT (default)
2024-04-21 07:17:28,887 [33d4fa9a-f1b5-45a2-9ce3-43c86fd82df2-groupManagement] INFO  server.RaftServerConfigKeys (ConfUtils.java:logGet(46)) - raft.server.read.read-after-write-consistent.write-index-cache.expiry-time = 60s (default)
2024-04-21 07:17:28,886 [9387e6e8-bf6d-4d10-9dc1-f1bd05fc02cf-groupManagement] INFO  server.RaftServerConfigKeys (ConfUtils.java:logGet(46)) - raft.server.threadpool.server.size = 0 (default)
2024-04-21 07:17:28,888 [9387e6e8-bf6d-4d10-9dc1-f1bd05fc02cf-groupManagement] INFO  server.RaftServerConfigKeys (ConfUtils.java:logGet(46)) - raft.server.threadpool.client.cached = true (default)
2024-04-21 07:17:28,889 [9387e6e8-bf6d-4d10-9dc1-f1bd05fc02cf-groupManagement] INFO  server.RaftServerConfigKeys (ConfUtils.java:logGet(46)) - raft.server.threadpool.client.size = 0 (default)
2024-04-21 07:17:28,889 [33d4fa9a-f1b5-45a2-9ce3-43c86fd82df2-groupManagement] INFO  server.RaftServerConfigKeys (ConfUtils.java:logGet(46)) - raft.server.rpc.request.timeout = 3000ms (default)
2024-04-21 07:17:28,889 [33d4fa9a-f1b5-45a2-9ce3-43c86fd82df2-groupManagement] INFO  server.RaftServerConfigKeys (ConfUtils.java:logGet(46)) - raft.server.log.appender.install.snapshot.enabled = false (custom)
2024-04-21 07:17:28,889 [33d4fa9a-f1b5-45a2-9ce3-43c86fd82df2-groupManagement] INFO  server.RaftServerConfigKeys (ConfUtils.java:logGet(46)) - raft.server.threadpool.server.cached = true (default)
2024-04-21 07:17:28,889 [33d4fa9a-f1b5-45a2-9ce3-43c86fd82df2-groupManagement] INFO  server.RaftServerConfigKeys (ConfUtils.java:logGet(46)) - raft.server.threadpool.server.size = 0 (default)
2024-04-21 07:17:28,889 [33d4fa9a-f1b5-45a2-9ce3-43c86fd82df2-groupManagement] INFO  server.RaftServerConfigKeys (ConfUtils.java:logGet(46)) - raft.server.threadpool.client.cached = true (default)
2024-04-21 07:17:28,889 [33d4fa9a-f1b5-45a2-9ce3-43c86fd82df2-groupManagement] INFO  server.RaftServerConfigKeys (ConfUtils.java:logGet(46)) - raft.server.threadpool.client.size = 0 (default)
2024-04-21 07:17:28,889 [33d4fa9a-f1b5-45a2-9ce3-43c86fd82df2-groupManagement] INFO  server.RaftServerConfigKeys (ConfUtils.java:logGet(46)) - raft.server.storage.free-space.min = 0MB (=0) (default)
2024-04-21 07:17:28,889 [33d4fa9a-f1b5-45a2-9ce3-43c86fd82df2-groupManagement] INFO  server.RaftServerConfigKeys (ConfUtils.java:logGet(46)) - raft.server.log.corruption.policy = EXCEPTION (default)
2024-04-21 07:17:28,890 [33d4fa9a-f1b5-45a2-9ce3-43c86fd82df2-groupManagement] INFO  server.RaftServerConfigKeys (ConfUtils.java:logGet(46)) - raft.server.storage.dir = [/home/runner/work/ozone/ozone/hadoop-ozone/integration-test/target/test-dir/MiniOzoneClusterImpl-ed39ddd9-82bf-4bf6-8741-acb42c98007c/ozone-meta/datanode-2/ratis] (custom)
2024-04-21 07:17:28,890 [33d4fa9a-f1b5-45a2-9ce3-43c86fd82df2-groupManagement] INFO  storage.RaftStorageDirectory (RaftStorageDirectoryImpl.java:analyzeStorage(138)) - The storage directory /home/runner/work/ozone/ozone/hadoop-ozone/integration-test/target/test-dir/MiniOzoneClusterImpl-ed39ddd9-82bf-4bf6-8741-acb42c98007c/ozone-meta/datanode-2/ratis/4537414b-d6d2-4060-8c27-2653268d5246 does not exist. Creating ...
2024-04-21 07:17:28,889 [9387e6e8-bf6d-4d10-9dc1-f1bd05fc02cf-groupManagement] INFO  server.RaftServerConfigKeys (ConfUtils.java:logGet(46)) - raft.server.storage.free-space.min = 0MB (=0) (default)
2024-04-21 07:17:28,890 [9387e6e8-bf6d-4d10-9dc1-f1bd05fc02cf-groupManagement] INFO  server.RaftServerConfigKeys (ConfUtils.java:logGet(46)) - raft.server.log.corruption.policy = EXCEPTION (default)
2024-04-21 07:17:28,890 [9387e6e8-bf6d-4d10-9dc1-f1bd05fc02cf-groupManagement] INFO  server.RaftServerConfigKeys (ConfUtils.java:logGet(46)) - raft.server.storage.dir = [/home/runner/work/ozone/ozone/hadoop-ozone/integration-test/target/test-dir/MiniOzoneClusterImpl-ed39ddd9-82bf-4bf6-8741-acb42c98007c/ozone-meta/datanode-1/ratis] (custom)
2024-04-21 07:17:28,890 [9387e6e8-bf6d-4d10-9dc1-f1bd05fc02cf-groupManagement] INFO  storage.RaftStorageDirectory (RaftStorageDirectoryImpl.java:analyzeStorage(138)) - The storage directory /home/runner/work/ozone/ozone/hadoop-ozone/integration-test/target/test-dir/MiniOzoneClusterImpl-ed39ddd9-82bf-4bf6-8741-acb42c98007c/ozone-meta/datanode-1/ratis/0ea19662-297e-47e6-b59a-85f3280a5d9a does not exist. Creating ...
2024-04-21 07:17:28,891 [33d4fa9a-f1b5-45a2-9ce3-43c86fd82df2-groupManagement] INFO  storage.RaftStorageDirectory (RaftStorageDirectoryImpl.java:tryLock(228)) - Lock on /home/runner/work/ozone/ozone/hadoop-ozone/integration-test/target/test-dir/MiniOzoneClusterImpl-ed39ddd9-82bf-4bf6-8741-acb42c98007c/ozone-meta/datanode-2/ratis/4537414b-d6d2-4060-8c27-2653268d5246/in_use.lock acquired by nodename 52185@fv-az1428-63
2024-04-21 07:17:28,891 [9387e6e8-bf6d-4d10-9dc1-f1bd05fc02cf-groupManagement] INFO  storage.RaftStorageDirectory (RaftStorageDirectoryImpl.java:tryLock(228)) - Lock on /home/runner/work/ozone/ozone/hadoop-ozone/integration-test/target/test-dir/MiniOzoneClusterImpl-ed39ddd9-82bf-4bf6-8741-acb42c98007c/ozone-meta/datanode-1/ratis/0ea19662-297e-47e6-b59a-85f3280a5d9a/in_use.lock acquired by nodename 52185@fv-az1428-63
2024-04-21 07:17:28,893 [33d4fa9a-f1b5-45a2-9ce3-43c86fd82df2-groupManagement] INFO  storage.RaftStorage (RaftStorageImpl.java:format(99)) - Storage directory /home/runner/work/ozone/ozone/hadoop-ozone/integration-test/target/test-dir/MiniOzoneClusterImpl-ed39ddd9-82bf-4bf6-8741-acb42c98007c/ozone-meta/datanode-2/ratis/4537414b-d6d2-4060-8c27-2653268d5246 has been successfully formatted.
2024-04-21 07:17:28,893 [9387e6e8-bf6d-4d10-9dc1-f1bd05fc02cf-groupManagement] INFO  storage.RaftStorage (RaftStorageImpl.java:format(99)) - Storage directory /home/runner/work/ozone/ozone/hadoop-ozone/integration-test/target/test-dir/MiniOzoneClusterImpl-ed39ddd9-82bf-4bf6-8741-acb42c98007c/ozone-meta/datanode-1/ratis/0ea19662-297e-47e6-b59a-85f3280a5d9a has been successfully formatted.
2024-04-21 07:17:28,893 [33d4fa9a-f1b5-45a2-9ce3-43c86fd82df2-groupManagement] WARN  util.FileUtils (LogUtils.java:supplyAndLog(63)) - Failed to Files.newInputStream /home/runner/work/ozone/ozone/hadoop-ozone/integration-test/target/test-dir/MiniOzoneClusterImpl-ed39ddd9-82bf-4bf6-8741-acb42c98007c/ozone-meta/datanode-2/ratis/4537414b-d6d2-4060-8c27-2653268d5246/current/raft-meta.conf with options []: java.nio.file.NoSuchFileException: /home/runner/work/ozone/ozone/hadoop-ozone/integration-test/target/test-dir/MiniOzoneClusterImpl-ed39ddd9-82bf-4bf6-8741-acb42c98007c/ozone-meta/datanode-2/ratis/4537414b-d6d2-4060-8c27-2653268d5246/current/raft-meta.conf
2024-04-21 07:17:28,893 [9387e6e8-bf6d-4d10-9dc1-f1bd05fc02cf-groupManagement] WARN  util.FileUtils (LogUtils.java:supplyAndLog(63)) - Failed to Files.newInputStream /home/runner/work/ozone/ozone/hadoop-ozone/integration-test/target/test-dir/MiniOzoneClusterImpl-ed39ddd9-82bf-4bf6-8741-acb42c98007c/ozone-meta/datanode-1/ratis/0ea19662-297e-47e6-b59a-85f3280a5d9a/current/raft-meta.conf with options []: java.nio.file.NoSuchFileException: /home/runner/work/ozone/ozone/hadoop-ozone/integration-test/target/test-dir/MiniOzoneClusterImpl-ed39ddd9-82bf-4bf6-8741-acb42c98007c/ozone-meta/datanode-1/ratis/0ea19662-297e-47e6-b59a-85f3280a5d9a/current/raft-meta.conf
2024-04-21 07:17:28,894 [33d4fa9a-f1b5-45a2-9ce3-43c86fd82df2-groupManagement] INFO  ratis.ContainerStateMachine (ContainerStateMachine.java:loadSnapshot(287)) - group-2653268D5246: The snapshot info is null. Setting the last applied index to:(t:0, i:~)
2024-04-21 07:17:28,895 [33d4fa9a-f1b5-45a2-9ce3-43c86fd82df2-groupManagement] INFO  server.RaftServerConfigKeys (ConfUtils.java:logGet(46)) - raft.server.log.use.memory = false (default)
2024-04-21 07:17:28,895 [33d4fa9a-f1b5-45a2-9ce3-43c86fd82df2-groupManagement] INFO  server.RaftServerConfigKeys (ConfUtils.java:logGet(46)) - raft.server.log.purge.gap = 1000000 (custom)
2024-04-21 07:17:28,895 [EventQueue-PipelineReportForPipelineReportHandler] INFO  pipeline.PipelineReportHandler (PipelineReportHandler.java:processPipelineReport(136)) - Opened pipeline PipelineID=4537414b-d6d2-4060-8c27-2653268d5246
2024-04-21 07:17:28,896 [9387e6e8-bf6d-4d10-9dc1-f1bd05fc02cf-groupManagement] INFO  ratis.ContainerStateMachine (ContainerStateMachine.java:loadSnapshot(287)) - group-85F3280A5D9A: The snapshot info is null. Setting the last applied index to:(t:0, i:~)
2024-04-21 07:17:28,896 [9387e6e8-bf6d-4d10-9dc1-f1bd05fc02cf-groupManagement] INFO  server.RaftServerConfigKeys (ConfUtils.java:logGet(46)) - raft.server.log.use.memory = false (default)
2024-04-21 07:17:28,896 [9387e6e8-bf6d-4d10-9dc1-f1bd05fc02cf-groupManagement] INFO  server.RaftServerConfigKeys (ConfUtils.java:logGet(46)) - raft.server.log.purge.gap = 1000000 (custom)
2024-04-21 07:17:28,896 [9387e6e8-bf6d-4d10-9dc1-f1bd05fc02cf-groupManagement] INFO  server.RaftServerConfigKeys (ConfUtils.java:logGet(46)) - raft.server.log.appender.buffer.byte-limit = 8388608 (custom)
2024-04-21 07:17:28,896 [9387e6e8-bf6d-4d10-9dc1-f1bd05fc02cf-groupManagement] INFO  server.RaftServerConfigKeys (ConfUtils.java:logGet(46)) - raft.server.log.statemachine.data.read.timeout = 1000ms (default)
2024-04-21 07:17:28,896 [9387e6e8-bf6d-4d10-9dc1-f1bd05fc02cf-groupManagement] INFO  server.RaftServerConfigKeys (ConfUtils.java:logGet(46)) - raft.server.log.purge.preservation.log.num = 0 (default)
2024-04-21 07:17:28,895 [33d4fa9a-f1b5-45a2-9ce3-43c86fd82df2-groupManagement] INFO  server.RaftServerConfigKeys (ConfUtils.java:logGet(46)) - raft.server.log.appender.buffer.byte-limit = 8388608 (custom)
2024-04-21 07:17:28,896 [EventQueue-OpenPipelineForHealthyPipelineSafeModeRule] INFO  safemode.SCMSafeModeManager (HealthyPipelineSafeModeRule.java:process(140)) - SCM in safe mode. Healthy pipelines reported count is 0, required healthy pipeline reported count is 1
2024-04-21 07:17:28,897 [EventQueue-OpenPipelineForHealthyPipelineSafeModeRule] INFO  safemode.SCMSafeModeManager (HealthyPipelineSafeModeRule.java:process(140)) - SCM in safe mode. Healthy pipelines reported count is 0, required healthy pipeline reported count is 1
2024-04-21 07:17:28,897 [9387e6e8-bf6d-4d10-9dc1-f1bd05fc02cf-groupManagement] INFO  server.RaftServerConfigKeys (ConfUtils.java:logGet(46)) - raft.server.log.segment.size.max = 67108864 (custom)
2024-04-21 07:17:28,898 [9387e6e8-bf6d-4d10-9dc1-f1bd05fc02cf-groupManagement] INFO  server.RaftServerConfigKeys (ConfUtils.java:logGet(46)) - raft.server.log.segment.cache.num.max = 2 (custom)
2024-04-21 07:17:28,898 [9387e6e8-bf6d-4d10-9dc1-f1bd05fc02cf-groupManagement] INFO  server.RaftServerConfigKeys (ConfUtils.java:logGet(46)) - raft.server.log.segment.cache.size.max = 200MB (=209715200) (default)
2024-04-21 07:17:28,898 [33d4fa9a-f1b5-45a2-9ce3-43c86fd82df2-groupManagement] INFO  server.RaftServerConfigKeys (ConfUtils.java:logGet(46)) - raft.server.log.statemachine.data.read.timeout = 1000ms (default)
2024-04-21 07:17:28,898 [33d4fa9a-f1b5-45a2-9ce3-43c86fd82df2-groupManagement] INFO  server.RaftServerConfigKeys (ConfUtils.java:logGet(46)) - raft.server.log.purge.preservation.log.num = 0 (default)
2024-04-21 07:17:28,898 [9387e6e8-bf6d-4d10-9dc1-f1bd05fc02cf-groupManagement] INFO  server.RaftServerConfigKeys (ConfUtils.java:logGet(46)) - raft.server.log.appender.buffer.byte-limit = 8388608 (custom)
2024-04-21 07:17:28,899 [9387e6e8-bf6d-4d10-9dc1-f1bd05fc02cf-groupManagement] INFO  util.AwaitToRun (AwaitToRun.java:start(81)) - Thread[9387e6e8-bf6d-4d10-9dc1-f1bd05fc02cf@group-85F3280A5D9A-cacheEviction-AwaitToRun,5,main] started
2024-04-21 07:17:28,899 [9387e6e8-bf6d-4d10-9dc1-f1bd05fc02cf-groupManagement] INFO  segmented.SegmentedRaftLogWorker (SegmentedRaftLogWorker.java:<init>(182)) - new 9387e6e8-bf6d-4d10-9dc1-f1bd05fc02cf@group-85F3280A5D9A-SegmentedRaftLogWorker for RaftStorageImpl:Storage Directory /home/runner/work/ozone/ozone/hadoop-ozone/integration-test/target/test-dir/MiniOzoneClusterImpl-ed39ddd9-82bf-4bf6-8741-acb42c98007c/ozone-meta/datanode-1/ratis/0ea19662-297e-47e6-b59a-85f3280a5d9a
2024-04-21 07:17:28,899 [9387e6e8-bf6d-4d10-9dc1-f1bd05fc02cf-groupManagement] INFO  server.RaftServerConfigKeys (ConfUtils.java:logGet(46)) - raft.server.log.queue.byte-limit = 4294967296 (custom)
2024-04-21 07:17:28,899 [9387e6e8-bf6d-4d10-9dc1-f1bd05fc02cf-groupManagement] INFO  server.RaftServerConfigKeys (ConfUtils.java:logGet(46)) - raft.server.log.queue.element-limit = 1024 (custom)
2024-04-21 07:17:28,899 [9387e6e8-bf6d-4d10-9dc1-f1bd05fc02cf-groupManagement] INFO  server.RaftServerConfigKeys (ConfUtils.java:logGet(46)) - raft.server.log.segment.size.max = 67108864 (custom)
2024-04-21 07:17:28,899 [33d4fa9a-f1b5-45a2-9ce3-43c86fd82df2-groupManagement] INFO  server.RaftServerConfigKeys (ConfUtils.java:logGet(46)) - raft.server.log.segment.size.max = 67108864 (custom)
2024-04-21 07:17:28,899 [9387e6e8-bf6d-4d10-9dc1-f1bd05fc02cf-groupManagement] INFO  server.RaftServerConfigKeys (ConfUtils.java:logGet(46)) - raft.server.log.preallocated.size = 4194304 (custom)
2024-04-21 07:17:28,899 [9387e6e8-bf6d-4d10-9dc1-f1bd05fc02cf-groupManagement] INFO  server.RaftServerConfigKeys (ConfUtils.java:logGet(46)) - raft.server.log.force.sync.num = 128 (default)
2024-04-21 07:17:28,899 [33d4fa9a-f1b5-45a2-9ce3-43c86fd82df2-groupManagement] INFO  server.RaftServerConfigKeys (ConfUtils.java:logGet(46)) - raft.server.log.segment.cache.num.max = 2 (custom)
2024-04-21 07:17:28,899 [33d4fa9a-f1b5-45a2-9ce3-43c86fd82df2-groupManagement] INFO  server.RaftServerConfigKeys (ConfUtils.java:logGet(46)) - raft.server.log.segment.cache.size.max = 200MB (=209715200) (default)
2024-04-21 07:17:28,899 [33d4fa9a-f1b5-45a2-9ce3-43c86fd82df2-groupManagement] INFO  server.RaftServerConfigKeys (ConfUtils.java:logGet(46)) - raft.server.log.appender.buffer.byte-limit = 8388608 (custom)
2024-04-21 07:17:28,899 [9387e6e8-bf6d-4d10-9dc1-f1bd05fc02cf-groupManagement] INFO  server.RaftServerConfigKeys (ConfUtils.java:logGet(46)) - raft.server.log.statemachine.data.sync = true (default)
2024-04-21 07:17:28,900 [9387e6e8-bf6d-4d10-9dc1-f1bd05fc02cf-groupManagement] INFO  server.RaftServerConfigKeys (ConfUtils.java:logGet(46)) - raft.server.log.statemachine.data.sync.timeout = 10s (default)
2024-04-21 07:17:28,900 [9387e6e8-bf6d-4d10-9dc1-f1bd05fc02cf-groupManagement] INFO  server.RaftServerConfigKeys (ConfUtils.java:logGet(46)) - raft.server.log.statemachine.data.sync.timeout.retry = 30 (custom)
2024-04-21 07:17:28,900 [9387e6e8-bf6d-4d10-9dc1-f1bd05fc02cf-groupManagement] INFO  server.RaftServerConfigKeys (ConfUtils.java:logGet(46)) - raft.server.log.write.buffer.size = 8388616 (custom)
2024-04-21 07:17:28,901 [9387e6e8-bf6d-4d10-9dc1-f1bd05fc02cf-groupManagement] INFO  server.RaftServerConfigKeys (ConfUtils.java:logGet(46)) - raft.server.log.appender.buffer.byte-limit = 8388608 (custom)
2024-04-21 07:17:28,902 [9387e6e8-bf6d-4d10-9dc1-f1bd05fc02cf-groupManagement] INFO  server.RaftServerConfigKeys (ConfUtils.java:logGet(46)) - raft.server.log.unsafe-flush.enabled = false (default)
2024-04-21 07:17:28,902 [9387e6e8-bf6d-4d10-9dc1-f1bd05fc02cf-groupManagement] INFO  server.RaftServerConfigKeys (ConfUtils.java:logGet(46)) - raft.server.log.async-flush.enabled = false (default)
2024-04-21 07:17:28,902 [9387e6e8-bf6d-4d10-9dc1-f1bd05fc02cf-groupManagement] INFO  server.RaftServerConfigKeys (ConfUtils.java:logGet(46)) - raft.server.log.statemachine.data.caching.enabled = true (custom)
2024-04-21 07:17:28,902 [33d4fa9a-f1b5-45a2-9ce3-43c86fd82df2-groupManagement] INFO  util.AwaitToRun (AwaitToRun.java:start(81)) - Thread[33d4fa9a-f1b5-45a2-9ce3-43c86fd82df2@group-2653268D5246-cacheEviction-AwaitToRun,5,main] started
2024-04-21 07:17:28,902 [33d4fa9a-f1b5-45a2-9ce3-43c86fd82df2-groupManagement] INFO  segmented.SegmentedRaftLogWorker (SegmentedRaftLogWorker.java:<init>(182)) - new 33d4fa9a-f1b5-45a2-9ce3-43c86fd82df2@group-2653268D5246-SegmentedRaftLogWorker for RaftStorageImpl:Storage Directory /home/runner/work/ozone/ozone/hadoop-ozone/integration-test/target/test-dir/MiniOzoneClusterImpl-ed39ddd9-82bf-4bf6-8741-acb42c98007c/ozone-meta/datanode-2/ratis/4537414b-d6d2-4060-8c27-2653268d5246
2024-04-21 07:17:28,902 [33d4fa9a-f1b5-45a2-9ce3-43c86fd82df2-groupManagement] INFO  server.RaftServerConfigKeys (ConfUtils.java:logGet(46)) - raft.server.log.queue.byte-limit = 4294967296 (custom)
2024-04-21 07:17:28,902 [33d4fa9a-f1b5-45a2-9ce3-43c86fd82df2-groupManagement] INFO  server.RaftServerConfigKeys (ConfUtils.java:logGet(46)) - raft.server.log.queue.element-limit = 1024 (custom)
2024-04-21 07:17:28,902 [33d4fa9a-f1b5-45a2-9ce3-43c86fd82df2-groupManagement] INFO  server.RaftServerConfigKeys (ConfUtils.java:logGet(46)) - raft.server.log.segment.size.max = 67108864 (custom)
2024-04-21 07:17:28,902 [33d4fa9a-f1b5-45a2-9ce3-43c86fd82df2-groupManagement] INFO  server.RaftServerConfigKeys (ConfUtils.java:logGet(46)) - raft.server.log.preallocated.size = 4194304 (custom)
2024-04-21 07:17:28,902 [33d4fa9a-f1b5-45a2-9ce3-43c86fd82df2-groupManagement] INFO  server.RaftServerConfigKeys (ConfUtils.java:logGet(46)) - raft.server.log.force.sync.num = 128 (default)
2024-04-21 07:17:28,902 [33d4fa9a-f1b5-45a2-9ce3-43c86fd82df2-groupManagement] INFO  server.RaftServerConfigKeys (ConfUtils.java:logGet(46)) - raft.server.log.statemachine.data.sync = true (default)
2024-04-21 07:17:28,902 [33d4fa9a-f1b5-45a2-9ce3-43c86fd82df2-groupManagement] INFO  server.RaftServerConfigKeys (ConfUtils.java:logGet(46)) - raft.server.log.statemachine.data.sync.timeout = 10s (default)
2024-04-21 07:17:28,903 [33d4fa9a-f1b5-45a2-9ce3-43c86fd82df2-groupManagement] INFO  server.RaftServerConfigKeys (ConfUtils.java:logGet(46)) - raft.server.log.statemachine.data.sync.timeout.retry = 30 (custom)
2024-04-21 07:17:28,902 [9387e6e8-bf6d-4d10-9dc1-f1bd05fc02cf-groupManagement] INFO  segmented.SegmentedRaftLogWorker (SegmentedRaftLogWorker.java:lambda$new$0(134)) - 9387e6e8-bf6d-4d10-9dc1-f1bd05fc02cf@group-85F3280A5D9A-SegmentedRaftLogWorker: flushIndex: setUnconditionally 0 -> -1
2024-04-21 07:17:28,903 [9387e6e8-bf6d-4d10-9dc1-f1bd05fc02cf-groupManagement] INFO  segmented.SegmentedRaftLogWorker (SegmentedRaftLogWorker.java:lambda$new$0(134)) - 9387e6e8-bf6d-4d10-9dc1-f1bd05fc02cf@group-85F3280A5D9A-SegmentedRaftLogWorker: safeCacheEvictIndex: setUnconditionally 0 -> -1
2024-04-21 07:17:28,903 [33d4fa9a-f1b5-45a2-9ce3-43c86fd82df2-groupManagement] INFO  server.RaftServerConfigKeys (ConfUtils.java:logGet(46)) - raft.server.log.write.buffer.size = 8388616 (custom)
2024-04-21 07:17:28,904 [33d4fa9a-f1b5-45a2-9ce3-43c86fd82df2-groupManagement] INFO  server.RaftServerConfigKeys (ConfUtils.java:logGet(46)) - raft.server.log.appender.buffer.byte-limit = 8388608 (custom)
2024-04-21 07:17:28,905 [33d4fa9a-f1b5-45a2-9ce3-43c86fd82df2-groupManagement] INFO  server.RaftServerConfigKeys (ConfUtils.java:logGet(46)) - raft.server.log.unsafe-flush.enabled = false (default)
2024-04-21 07:17:28,905 [33d4fa9a-f1b5-45a2-9ce3-43c86fd82df2-groupManagement] INFO  server.RaftServerConfigKeys (ConfUtils.java:logGet(46)) - raft.server.log.async-flush.enabled = false (default)
2024-04-21 07:17:28,905 [33d4fa9a-f1b5-45a2-9ce3-43c86fd82df2-groupManagement] INFO  server.RaftServerConfigKeys (ConfUtils.java:logGet(46)) - raft.server.log.statemachine.data.caching.enabled = true (custom)
2024-04-21 07:17:28,905 [33d4fa9a-f1b5-45a2-9ce3-43c86fd82df2-groupManagement] INFO  segmented.SegmentedRaftLogWorker (SegmentedRaftLogWorker.java:lambda$new$0(134)) - 33d4fa9a-f1b5-45a2-9ce3-43c86fd82df2@group-2653268D5246-SegmentedRaftLogWorker: flushIndex: setUnconditionally 0 -> -1
2024-04-21 07:17:28,905 [33d4fa9a-f1b5-45a2-9ce3-43c86fd82df2-groupManagement] INFO  segmented.SegmentedRaftLogWorker (SegmentedRaftLogWorker.java:lambda$new$0(134)) - 33d4fa9a-f1b5-45a2-9ce3-43c86fd82df2@group-2653268D5246-SegmentedRaftLogWorker: safeCacheEvictIndex: setUnconditionally 0 -> -1
2024-04-21 07:17:28,906 [9387e6e8-bf6d-4d10-9dc1-f1bd05fc02cf-groupManagement] INFO  server.RaftServer$Division (RaftServerImpl.java:start(396)) - 9387e6e8-bf6d-4d10-9dc1-f1bd05fc02cf@group-85F3280A5D9A: start as a follower, conf=-1: peers:[6cf56e53-88cb-4022-bd56-d9b5c4d884ee|10.1.0.102:15138, 9387e6e8-bf6d-4d10-9dc1-f1bd05fc02cf|10.1.0.102:15120, 33d4fa9a-f1b5-45a2-9ce3-43c86fd82df2|10.1.0.102:15129]|listeners:[], old=null
2024-04-21 07:17:28,906 [9387e6e8-bf6d-4d10-9dc1-f1bd05fc02cf-groupManagement] INFO  server.RaftServer$Division (RaftServerImpl.java:setRole(383)) - 9387e6e8-bf6d-4d10-9dc1-f1bd05fc02cf@group-85F3280A5D9A: changes role from      null to FOLLOWER at term 0 for startAsFollower
2024-04-21 07:17:28,908 [9387e6e8-bf6d-4d10-9dc1-f1bd05fc02cf-groupManagement] INFO  impl.RoleInfo (RoleInfo.java:updateAndGet(139)) - 9387e6e8-bf6d-4d10-9dc1-f1bd05fc02cf: start 9387e6e8-bf6d-4d10-9dc1-f1bd05fc02cf@group-85F3280A5D9A-FollowerState
2024-04-21 07:17:28,908 [33d4fa9a-f1b5-45a2-9ce3-43c86fd82df2-groupManagement] INFO  server.RaftServer$Division (RaftServerImpl.java:start(396)) - 33d4fa9a-f1b5-45a2-9ce3-43c86fd82df2@group-2653268D5246: start as a follower, conf=-1: peers:[33d4fa9a-f1b5-45a2-9ce3-43c86fd82df2|10.1.0.102:15129]|listeners:[], old=null
2024-04-21 07:17:28,908 [33d4fa9a-f1b5-45a2-9ce3-43c86fd82df2-groupManagement] INFO  server.RaftServer$Division (RaftServerImpl.java:setRole(383)) - 33d4fa9a-f1b5-45a2-9ce3-43c86fd82df2@group-2653268D5246: changes role from      null to FOLLOWER at term 0 for startAsFollower
2024-04-21 07:17:28,908 [33d4fa9a-f1b5-45a2-9ce3-43c86fd82df2-groupManagement] INFO  impl.RoleInfo (RoleInfo.java:updateAndGet(139)) - 33d4fa9a-f1b5-45a2-9ce3-43c86fd82df2: start 33d4fa9a-f1b5-45a2-9ce3-43c86fd82df2@group-2653268D5246-FollowerState
2024-04-21 07:17:28,908 [9387e6e8-bf6d-4d10-9dc1-f1bd05fc02cf@group-85F3280A5D9A-FollowerState] INFO  server.RaftServerConfigKeys (ConfUtils.java:logFallback(53)) - raft.server.rpc.first-election.timeout.min = 5s (fallback to raft.server.rpc.timeout.min)
2024-04-21 07:17:28,908 [9387e6e8-bf6d-4d10-9dc1-f1bd05fc02cf-groupManagement] INFO  util.JmxRegister (JmxRegister.java:tryRegister(44)) - Successfully registered JMX Bean with object name Ratis:service=RaftServer,group=group-85F3280A5D9A,id=9387e6e8-bf6d-4d10-9dc1-f1bd05fc02cf
2024-04-21 07:17:28,908 [9387e6e8-bf6d-4d10-9dc1-f1bd05fc02cf-groupManagement] INFO  server.RaftServerConfigKeys (ConfUtils.java:logGet(46)) - raft.server.snapshot.trigger-when-stop.enabled = true (default)
2024-04-21 07:17:28,908 [9387e6e8-bf6d-4d10-9dc1-f1bd05fc02cf-groupManagement] INFO  server.RaftServerConfigKeys (ConfUtils.java:logGet(46)) - raft.server.snapshot.auto.trigger.enabled = true (custom)
2024-04-21 07:17:28,908 [9387e6e8-bf6d-4d10-9dc1-f1bd05fc02cf-groupManagement] INFO  server.RaftServerConfigKeys (ConfUtils.java:logGet(46)) - raft.server.snapshot.auto.trigger.threshold = 10000 (custom)
2024-04-21 07:17:28,908 [9387e6e8-bf6d-4d10-9dc1-f1bd05fc02cf-groupManagement] INFO  server.RaftServerConfigKeys (ConfUtils.java:logGet(46)) - raft.server.snapshot.retention.file.num = 5 (custom)
2024-04-21 07:17:28,908 [9387e6e8-bf6d-4d10-9dc1-f1bd05fc02cf-groupManagement] INFO  server.RaftServerConfigKeys (ConfUtils.java:logGet(46)) - raft.server.log.purge.upto.snapshot.index = false (default)
2024-04-21 07:17:28,909 [9387e6e8-bf6d-4d10-9dc1-f1bd05fc02cf@group-85F3280A5D9A-FollowerState] INFO  server.RaftServerConfigKeys (ConfUtils.java:logFallback(53)) - raft.server.rpc.first-election.timeout.max = 5200ms (fallback to raft.server.rpc.timeout.max)
2024-04-21 07:17:28,909 [33d4fa9a-f1b5-45a2-9ce3-43c86fd82df2-groupManagement] INFO  util.JmxRegister (JmxRegister.java:tryRegister(44)) - Successfully registered JMX Bean with object name Ratis:service=RaftServer,group=group-2653268D5246,id=33d4fa9a-f1b5-45a2-9ce3-43c86fd82df2
2024-04-21 07:17:28,909 [33d4fa9a-f1b5-45a2-9ce3-43c86fd82df2-groupManagement] INFO  server.RaftServerConfigKeys (ConfUtils.java:logGet(46)) - raft.server.snapshot.trigger-when-stop.enabled = true (default)
2024-04-21 07:17:28,909 [33d4fa9a-f1b5-45a2-9ce3-43c86fd82df2-groupManagement] INFO  server.RaftServerConfigKeys (ConfUtils.java:logGet(46)) - raft.server.snapshot.auto.trigger.enabled = true (custom)
2024-04-21 07:17:28,910 [33d4fa9a-f1b5-45a2-9ce3-43c86fd82df2-groupManagement] INFO  server.RaftServerConfigKeys (ConfUtils.java:logGet(46)) - raft.server.snapshot.auto.trigger.threshold = 10000 (custom)
2024-04-21 07:17:28,910 [33d4fa9a-f1b5-45a2-9ce3-43c86fd82df2-groupManagement] INFO  server.RaftServerConfigKeys (ConfUtils.java:logGet(46)) - raft.server.snapshot.retention.file.num = 5 (custom)
2024-04-21 07:17:28,910 [33d4fa9a-f1b5-45a2-9ce3-43c86fd82df2-groupManagement] INFO  server.RaftServerConfigKeys (ConfUtils.java:logGet(46)) - raft.server.log.purge.upto.snapshot.index = false (default)
2024-04-21 07:17:28,910 [9387e6e8-bf6d-4d10-9dc1-f1bd05fc02cf-PipelineCommandHandlerThread-0] INFO  ratis.XceiverServerRatis (XceiverServerRatis.java:addGroup(864)) - Created group PipelineID=0ea19662-297e-47e6-b59a-85f3280a5d9a
2024-04-21 07:17:28,909 [33d4fa9a-f1b5-45a2-9ce3-43c86fd82df2@group-2653268D5246-FollowerState] INFO  server.RaftServerConfigKeys (ConfUtils.java:logFallback(53)) - raft.server.rpc.first-election.timeout.min = 5s (fallback to raft.server.rpc.timeout.min)
2024-04-21 07:17:28,915 [33d4fa9a-f1b5-45a2-9ce3-43c86fd82df2-PipelineCommandHandlerThread-0] INFO  ratis.XceiverServerRatis (XceiverServerRatis.java:addGroup(864)) - Created group PipelineID=4537414b-d6d2-4060-8c27-2653268d5246
2024-04-21 07:17:28,916 [33d4fa9a-f1b5-45a2-9ce3-43c86fd82df2-PipelineCommandHandlerThread-0] INFO  commandhandler.CreatePipelineCommandHandler (CreatePipelineCommandHandler.java:lambda$handle$2(124)) - Created Pipeline RATIS ONE PipelineID=4537414b-d6d2-4060-8c27-2653268d5246.
2024-04-21 07:17:28,916 [33d4fa9a-f1b5-45a2-9ce3-43c86fd82df2-PipelineCommandHandlerThread-0] INFO  server.RaftServer (RaftServerProxy.java:addNew(100)) - 33d4fa9a-f1b5-45a2-9ce3-43c86fd82df2: addNew group-85F3280A5D9A:[6cf56e53-88cb-4022-bd56-d9b5c4d884ee|10.1.0.102:15138, 9387e6e8-bf6d-4d10-9dc1-f1bd05fc02cf|10.1.0.102:15120, 33d4fa9a-f1b5-45a2-9ce3-43c86fd82df2|10.1.0.102:15129] returns group-85F3280A5D9A:java.util.concurrent.CompletableFuture@7efbd740[Not completed]
2024-04-21 07:17:28,916 [33d4fa9a-f1b5-45a2-9ce3-43c86fd82df2@group-2653268D5246-FollowerState] INFO  server.RaftServerConfigKeys (ConfUtils.java:logFallback(53)) - raft.server.rpc.first-election.timeout.max = 5200ms (fallback to raft.server.rpc.timeout.max)
2024-04-21 07:17:28,917 [33d4fa9a-f1b5-45a2-9ce3-43c86fd82df2-groupManagement] INFO  server.RaftServer$Division (RaftServerImpl.java:<init>(256)) - 33d4fa9a-f1b5-45a2-9ce3-43c86fd82df2: new RaftServerImpl for group-85F3280A5D9A:[6cf56e53-88cb-4022-bd56-d9b5c4d884ee|10.1.0.102:15138, 9387e6e8-bf6d-4d10-9dc1-f1bd05fc02cf|10.1.0.102:15120, 33d4fa9a-f1b5-45a2-9ce3-43c86fd82df2|10.1.0.102:15129] with ContainerStateMachine:uninitialized
2024-04-21 07:17:28,917 [33d4fa9a-f1b5-45a2-9ce3-43c86fd82df2-groupManagement] INFO  server.RaftServerConfigKeys (ConfUtils.java:logGet(46)) - raft.server.rpc.timeout.min = 5s (custom)
2024-04-21 07:17:28,917 [33d4fa9a-f1b5-45a2-9ce3-43c86fd82df2-groupManagement] INFO  server.RaftServerConfigKeys (ConfUtils.java:logGet(46)) - raft.server.rpc.timeout.max = 5200ms (custom)
2024-04-21 07:17:28,917 [33d4fa9a-f1b5-45a2-9ce3-43c86fd82df2-groupManagement] INFO  server.RaftServerConfigKeys (ConfUtils.java:logGet(46)) - raft.server.rpc.sleep.time = 25ms (default)
2024-04-21 07:17:28,917 [33d4fa9a-f1b5-45a2-9ce3-43c86fd82df2-groupManagement] INFO  server.RaftServerConfigKeys (ConfUtils.java:logGet(46)) - raft.server.rpc.slowness.timeout = 300000ms (custom)
2024-04-21 07:17:28,917 [33d4fa9a-f1b5-45a2-9ce3-43c86fd82df2-groupManagement] INFO  server.RaftServerConfigKeys (ConfUtils.java:logGet(46)) - raft.server.leaderelection.leader.step-down.wait-time = 10s (default)
2024-04-21 07:17:28,917 [33d4fa9a-f1b5-45a2-9ce3-43c86fd82df2-groupManagement] INFO  server.RaftServerConfigKeys (ConfUtils.java:logGet(46)) - raft.server.leaderelection.member.majority-add = false (default)
2024-04-21 07:17:28,917 [33d4fa9a-f1b5-45a2-9ce3-43c86fd82df2-groupManagement] INFO  server.RaftServerConfigKeys (ConfUtils.java:logGet(46)) - raft.server.sleep.deviation.threshold = 300ms (default)
2024-04-21 07:17:28,917 [33d4fa9a-f1b5-45a2-9ce3-43c86fd82df2-groupManagement] INFO  server.RaftServer$Division (ServerState.java:<init>(113)) - 33d4fa9a-f1b5-45a2-9ce3-43c86fd82df2@group-85F3280A5D9A: ConfigurationManager, init=-1: peers:[6cf56e53-88cb-4022-bd56-d9b5c4d884ee|10.1.0.102:15138, 9387e6e8-bf6d-4d10-9dc1-f1bd05fc02cf|10.1.0.102:15120, 33d4fa9a-f1b5-45a2-9ce3-43c86fd82df2|10.1.0.102:15129]|listeners:[], old=null, confs=<EMPTY_MAP>
2024-04-21 07:17:28,917 [33d4fa9a-f1b5-45a2-9ce3-43c86fd82df2-groupManagement] INFO  server.RaftServerConfigKeys (ConfUtils.java:logGet(46)) - raft.server.notification.no-leader.timeout = 300000ms (custom)
2024-04-21 07:17:28,917 [33d4fa9a-f1b5-45a2-9ce3-43c86fd82df2-groupManagement] INFO  server.RaftServerConfigKeys (ConfUtils.java:logGet(46)) - raft.server.read.timeout = 10s (default)
2024-04-21 07:17:28,917 [33d4fa9a-f1b5-45a2-9ce3-43c86fd82df2-groupManagement] INFO  server.RaftServerConfigKeys (ConfUtils.java:logGet(46)) - raft.server.retrycache.expirytime = 600000ms (custom)
2024-04-21 07:17:28,918 [33d4fa9a-f1b5-45a2-9ce3-43c86fd82df2-groupManagement] INFO  server.RaftServerConfigKeys (ConfUtils.java:logGet(46)) - raft.server.retrycache.statistics.expirytime = 100ms (default)
2024-04-21 07:17:28,918 [33d4fa9a-f1b5-45a2-9ce3-43c86fd82df2-groupManagement] INFO  server.RaftServerConfigKeys (ConfUtils.java:logGet(46)) - raft.server.read.option = DEFAULT (default)
2024-04-21 07:17:28,918 [33d4fa9a-f1b5-45a2-9ce3-43c86fd82df2-groupManagement] INFO  server.RaftServerConfigKeys (ConfUtils.java:logGet(46)) - raft.server.read.read-after-write-consistent.write-index-cache.expiry-time = 60s (default)
2024-04-21 07:17:28,920 [33d4fa9a-f1b5-45a2-9ce3-43c86fd82df2-groupManagement] INFO  server.RaftServerConfigKeys (ConfUtils.java:logGet(46)) - raft.server.rpc.request.timeout = 3000ms (default)
2024-04-21 07:17:28,920 [33d4fa9a-f1b5-45a2-9ce3-43c86fd82df2-groupManagement] INFO  server.RaftServerConfigKeys (ConfUtils.java:logGet(46)) - raft.server.log.appender.install.snapshot.enabled = false (custom)
2024-04-21 07:17:28,920 [33d4fa9a-f1b5-45a2-9ce3-43c86fd82df2-groupManagement] INFO  server.RaftServerConfigKeys (ConfUtils.java:logGet(46)) - raft.server.threadpool.server.cached = true (default)
2024-04-21 07:17:28,920 [33d4fa9a-f1b5-45a2-9ce3-43c86fd82df2-groupManagement] INFO  server.RaftServerConfigKeys (ConfUtils.java:logGet(46)) - raft.server.threadpool.server.size = 0 (default)
2024-04-21 07:17:28,920 [33d4fa9a-f1b5-45a2-9ce3-43c86fd82df2-groupManagement] INFO  server.RaftServerConfigKeys (ConfUtils.java:logGet(46)) - raft.server.threadpool.client.cached = true (default)
2024-04-21 07:17:28,920 [33d4fa9a-f1b5-45a2-9ce3-43c86fd82df2-groupManagement] INFO  server.RaftServerConfigKeys (ConfUtils.java:logGet(46)) - raft.server.threadpool.client.size = 0 (default)
2024-04-21 07:17:28,920 [33d4fa9a-f1b5-45a2-9ce3-43c86fd82df2-groupManagement] INFO  server.RaftServerConfigKeys (ConfUtils.java:logGet(46)) - raft.server.storage.free-space.min = 0MB (=0) (default)
2024-04-21 07:17:28,920 [33d4fa9a-f1b5-45a2-9ce3-43c86fd82df2-groupManagement] INFO  server.RaftServerConfigKeys (ConfUtils.java:logGet(46)) - raft.server.log.corruption.policy = EXCEPTION (default)
2024-04-21 07:17:28,920 [33d4fa9a-f1b5-45a2-9ce3-43c86fd82df2-groupManagement] INFO  server.RaftServerConfigKeys (ConfUtils.java:logGet(46)) - raft.server.storage.dir = [/home/runner/work/ozone/ozone/hadoop-ozone/integration-test/target/test-dir/MiniOzoneClusterImpl-ed39ddd9-82bf-4bf6-8741-acb42c98007c/ozone-meta/datanode-2/ratis] (custom)
2024-04-21 07:17:28,920 [33d4fa9a-f1b5-45a2-9ce3-43c86fd82df2-groupManagement] INFO  storage.RaftStorageDirectory (RaftStorageDirectoryImpl.java:analyzeStorage(138)) - The storage directory /home/runner/work/ozone/ozone/hadoop-ozone/integration-test/target/test-dir/MiniOzoneClusterImpl-ed39ddd9-82bf-4bf6-8741-acb42c98007c/ozone-meta/datanode-2/ratis/0ea19662-297e-47e6-b59a-85f3280a5d9a does not exist. Creating ...
2024-04-21 07:17:28,922 [33d4fa9a-f1b5-45a2-9ce3-43c86fd82df2-groupManagement] INFO  storage.RaftStorageDirectory (RaftStorageDirectoryImpl.java:tryLock(228)) - Lock on /home/runner/work/ozone/ozone/hadoop-ozone/integration-test/target/test-dir/MiniOzoneClusterImpl-ed39ddd9-82bf-4bf6-8741-acb42c98007c/ozone-meta/datanode-2/ratis/0ea19662-297e-47e6-b59a-85f3280a5d9a/in_use.lock acquired by nodename 52185@fv-az1428-63
2024-04-21 07:17:28,923 [33d4fa9a-f1b5-45a2-9ce3-43c86fd82df2-groupManagement] INFO  storage.RaftStorage (RaftStorageImpl.java:format(99)) - Storage directory /home/runner/work/ozone/ozone/hadoop-ozone/integration-test/target/test-dir/MiniOzoneClusterImpl-ed39ddd9-82bf-4bf6-8741-acb42c98007c/ozone-meta/datanode-2/ratis/0ea19662-297e-47e6-b59a-85f3280a5d9a has been successfully formatted.
2024-04-21 07:17:28,923 [33d4fa9a-f1b5-45a2-9ce3-43c86fd82df2-groupManagement] WARN  util.FileUtils (LogUtils.java:supplyAndLog(63)) - Failed to Files.newInputStream /home/runner/work/ozone/ozone/hadoop-ozone/integration-test/target/test-dir/MiniOzoneClusterImpl-ed39ddd9-82bf-4bf6-8741-acb42c98007c/ozone-meta/datanode-2/ratis/0ea19662-297e-47e6-b59a-85f3280a5d9a/current/raft-meta.conf with options []: java.nio.file.NoSuchFileException: /home/runner/work/ozone/ozone/hadoop-ozone/integration-test/target/test-dir/MiniOzoneClusterImpl-ed39ddd9-82bf-4bf6-8741-acb42c98007c/ozone-meta/datanode-2/ratis/0ea19662-297e-47e6-b59a-85f3280a5d9a/current/raft-meta.conf
2024-04-21 07:17:28,930 [33d4fa9a-f1b5-45a2-9ce3-43c86fd82df2-groupManagement] INFO  ratis.ContainerStateMachine (ContainerStateMachine.java:loadSnapshot(287)) - group-85F3280A5D9A: The snapshot info is null. Setting the last applied index to:(t:0, i:~)
2024-04-21 07:17:28,931 [33d4fa9a-f1b5-45a2-9ce3-43c86fd82df2-groupManagement] INFO  server.RaftServerConfigKeys (ConfUtils.java:logGet(46)) - raft.server.log.use.memory = false (default)
2024-04-21 07:17:28,931 [33d4fa9a-f1b5-45a2-9ce3-43c86fd82df2-groupManagement] INFO  server.RaftServerConfigKeys (ConfUtils.java:logGet(46)) - raft.server.log.purge.gap = 1000000 (custom)
2024-04-21 07:17:28,931 [33d4fa9a-f1b5-45a2-9ce3-43c86fd82df2-groupManagement] INFO  server.RaftServerConfigKeys (ConfUtils.java:logGet(46)) - raft.server.log.appender.buffer.byte-limit = 8388608 (custom)
2024-04-21 07:17:28,931 [33d4fa9a-f1b5-45a2-9ce3-43c86fd82df2-groupManagement] INFO  server.RaftServerConfigKeys (ConfUtils.java:logGet(46)) - raft.server.log.statemachine.data.read.timeout = 1000ms (default)
2024-04-21 07:17:28,931 [33d4fa9a-f1b5-45a2-9ce3-43c86fd82df2-groupManagement] INFO  server.RaftServerConfigKeys (ConfUtils.java:logGet(46)) - raft.server.log.purge.preservation.log.num = 0 (default)
2024-04-21 07:17:28,932 [33d4fa9a-f1b5-45a2-9ce3-43c86fd82df2-groupManagement] INFO  server.RaftServerConfigKeys (ConfUtils.java:logGet(46)) - raft.server.log.segment.size.max = 67108864 (custom)
2024-04-21 07:17:28,932 [33d4fa9a-f1b5-45a2-9ce3-43c86fd82df2-groupManagement] INFO  server.RaftServerConfigKeys (ConfUtils.java:logGet(46)) - raft.server.log.segment.cache.num.max = 2 (custom)
2024-04-21 07:17:28,932 [33d4fa9a-f1b5-45a2-9ce3-43c86fd82df2-groupManagement] INFO  server.RaftServerConfigKeys (ConfUtils.java:logGet(46)) - raft.server.log.segment.cache.size.max = 200MB (=209715200) (default)
2024-04-21 07:17:28,932 [33d4fa9a-f1b5-45a2-9ce3-43c86fd82df2-groupManagement] INFO  server.RaftServerConfigKeys (ConfUtils.java:logGet(46)) - raft.server.log.appender.buffer.byte-limit = 8388608 (custom)
2024-04-21 07:17:28,932 [33d4fa9a-f1b5-45a2-9ce3-43c86fd82df2-groupManagement] INFO  util.AwaitToRun (AwaitToRun.java:start(81)) - Thread[33d4fa9a-f1b5-45a2-9ce3-43c86fd82df2@group-85F3280A5D9A-cacheEviction-AwaitToRun,5,main] started
2024-04-21 07:17:28,933 [33d4fa9a-f1b5-45a2-9ce3-43c86fd82df2-groupManagement] INFO  segmented.SegmentedRaftLogWorker (SegmentedRaftLogWorker.java:<init>(182)) - new 33d4fa9a-f1b5-45a2-9ce3-43c86fd82df2@group-85F3280A5D9A-SegmentedRaftLogWorker for RaftStorageImpl:Storage Directory /home/runner/work/ozone/ozone/hadoop-ozone/integration-test/target/test-dir/MiniOzoneClusterImpl-ed39ddd9-82bf-4bf6-8741-acb42c98007c/ozone-meta/datanode-2/ratis/0ea19662-297e-47e6-b59a-85f3280a5d9a
2024-04-21 07:17:28,933 [33d4fa9a-f1b5-45a2-9ce3-43c86fd82df2-groupManagement] INFO  server.RaftServerConfigKeys (ConfUtils.java:logGet(46)) - raft.server.log.queue.byte-limit = 4294967296 (custom)
2024-04-21 07:17:28,933 [33d4fa9a-f1b5-45a2-9ce3-43c86fd82df2-groupManagement] INFO  server.RaftServerConfigKeys (ConfUtils.java:logGet(46)) - raft.server.log.queue.element-limit = 1024 (custom)
2024-04-21 07:17:28,933 [33d4fa9a-f1b5-45a2-9ce3-43c86fd82df2-groupManagement] INFO  server.RaftServerConfigKeys (ConfUtils.java:logGet(46)) - raft.server.log.segment.size.max = 67108864 (custom)
2024-04-21 07:17:28,933 [33d4fa9a-f1b5-45a2-9ce3-43c86fd82df2-groupManagement] INFO  server.RaftServerConfigKeys (ConfUtils.java:logGet(46)) - raft.server.log.preallocated.size = 4194304 (custom)
2024-04-21 07:17:28,933 [33d4fa9a-f1b5-45a2-9ce3-43c86fd82df2-groupManagement] INFO  server.RaftServerConfigKeys (ConfUtils.java:logGet(46)) - raft.server.log.force.sync.num = 128 (default)
2024-04-21 07:17:28,933 [33d4fa9a-f1b5-45a2-9ce3-43c86fd82df2-groupManagement] INFO  server.RaftServerConfigKeys (ConfUtils.java:logGet(46)) - raft.server.log.statemachine.data.sync = true (default)
2024-04-21 07:17:28,933 [33d4fa9a-f1b5-45a2-9ce3-43c86fd82df2-groupManagement] INFO  server.RaftServerConfigKeys (ConfUtils.java:logGet(46)) - raft.server.log.statemachine.data.sync.timeout = 10s (default)
2024-04-21 07:17:28,933 [33d4fa9a-f1b5-45a2-9ce3-43c86fd82df2-groupManagement] INFO  server.RaftServerConfigKeys (ConfUtils.java:logGet(46)) - raft.server.log.statemachine.data.sync.timeout.retry = 30 (custom)
2024-04-21 07:17:28,933 [33d4fa9a-f1b5-45a2-9ce3-43c86fd82df2-groupManagement] INFO  server.RaftServerConfigKeys (ConfUtils.java:logGet(46)) - raft.server.log.write.buffer.size = 8388616 (custom)
2024-04-21 07:17:28,935 [33d4fa9a-f1b5-45a2-9ce3-43c86fd82df2-groupManagement] INFO  server.RaftServerConfigKeys (ConfUtils.java:logGet(46)) - raft.server.log.appender.buffer.byte-limit = 8388608 (custom)
2024-04-21 07:17:28,935 [33d4fa9a-f1b5-45a2-9ce3-43c86fd82df2-groupManagement] INFO  server.RaftServerConfigKeys (ConfUtils.java:logGet(46)) - raft.server.log.unsafe-flush.enabled = false (default)
2024-04-21 07:17:28,935 [33d4fa9a-f1b5-45a2-9ce3-43c86fd82df2-groupManagement] INFO  server.RaftServerConfigKeys (ConfUtils.java:logGet(46)) - raft.server.log.async-flush.enabled = false (default)
2024-04-21 07:17:28,935 [33d4fa9a-f1b5-45a2-9ce3-43c86fd82df2-groupManagement] INFO  server.RaftServerConfigKeys (ConfUtils.java:logGet(46)) - raft.server.log.statemachine.data.caching.enabled = true (custom)
2024-04-21 07:17:28,935 [33d4fa9a-f1b5-45a2-9ce3-43c86fd82df2-groupManagement] INFO  segmented.SegmentedRaftLogWorker (SegmentedRaftLogWorker.java:lambda$new$0(134)) - 33d4fa9a-f1b5-45a2-9ce3-43c86fd82df2@group-85F3280A5D9A-SegmentedRaftLogWorker: flushIndex: setUnconditionally 0 -> -1
2024-04-21 07:17:28,935 [33d4fa9a-f1b5-45a2-9ce3-43c86fd82df2-groupManagement] INFO  segmented.SegmentedRaftLogWorker (SegmentedRaftLogWorker.java:lambda$new$0(134)) - 33d4fa9a-f1b5-45a2-9ce3-43c86fd82df2@group-85F3280A5D9A-SegmentedRaftLogWorker: safeCacheEvictIndex: setUnconditionally 0 -> -1
2024-04-21 07:17:28,936 [EventQueue-OpenPipelineForHealthyPipelineSafeModeRule] INFO  safemode.SCMSafeModeManager (HealthyPipelineSafeModeRule.java:process(140)) - SCM in safe mode. Healthy pipelines reported count is 0, required healthy pipeline reported count is 1
2024-04-21 07:17:28,946 [33d4fa9a-f1b5-45a2-9ce3-43c86fd82df2-groupManagement] INFO  server.RaftServer$Division (RaftServerImpl.java:start(396)) - 33d4fa9a-f1b5-45a2-9ce3-43c86fd82df2@group-85F3280A5D9A: start as a follower, conf=-1: peers:[6cf56e53-88cb-4022-bd56-d9b5c4d884ee|10.1.0.102:15138, 9387e6e8-bf6d-4d10-9dc1-f1bd05fc02cf|10.1.0.102:15120, 33d4fa9a-f1b5-45a2-9ce3-43c86fd82df2|10.1.0.102:15129]|listeners:[], old=null
2024-04-21 07:17:28,946 [33d4fa9a-f1b5-45a2-9ce3-43c86fd82df2-groupManagement] INFO  server.RaftServer$Division (RaftServerImpl.java:setRole(383)) - 33d4fa9a-f1b5-45a2-9ce3-43c86fd82df2@group-85F3280A5D9A: changes role from      null to FOLLOWER at term 0 for startAsFollower
2024-04-21 07:17:28,946 [33d4fa9a-f1b5-45a2-9ce3-43c86fd82df2-groupManagement] INFO  impl.RoleInfo (RoleInfo.java:updateAndGet(139)) - 33d4fa9a-f1b5-45a2-9ce3-43c86fd82df2: start 33d4fa9a-f1b5-45a2-9ce3-43c86fd82df2@group-85F3280A5D9A-FollowerState
2024-04-21 07:17:28,962 [33d4fa9a-f1b5-45a2-9ce3-43c86fd82df2@group-85F3280A5D9A-FollowerState] INFO  server.RaftServerConfigKeys (ConfUtils.java:logFallback(53)) - raft.server.rpc.first-election.timeout.min = 5s (fallback to raft.server.rpc.timeout.min)
2024-04-21 07:17:28,962 [33d4fa9a-f1b5-45a2-9ce3-43c86fd82df2@group-85F3280A5D9A-FollowerState] INFO  server.RaftServerConfigKeys (ConfUtils.java:logFallback(53)) - raft.server.rpc.first-election.timeout.max = 5200ms (fallback to raft.server.rpc.timeout.max)
2024-04-21 07:17:28,975 [33d4fa9a-f1b5-45a2-9ce3-43c86fd82df2-groupManagement] INFO  util.JmxRegister (JmxRegister.java:tryRegister(44)) - Successfully registered JMX Bean with object name Ratis:service=RaftServer,group=group-85F3280A5D9A,id=33d4fa9a-f1b5-45a2-9ce3-43c86fd82df2
2024-04-21 07:17:28,975 [33d4fa9a-f1b5-45a2-9ce3-43c86fd82df2-groupManagement] INFO  server.RaftServerConfigKeys (ConfUtils.java:logGet(46)) - raft.server.snapshot.trigger-when-stop.enabled = true (default)
2024-04-21 07:17:28,975 [33d4fa9a-f1b5-45a2-9ce3-43c86fd82df2-groupManagement] INFO  server.RaftServerConfigKeys (ConfUtils.java:logGet(46)) - raft.server.snapshot.auto.trigger.enabled = true (custom)
2024-04-21 07:17:28,975 [33d4fa9a-f1b5-45a2-9ce3-43c86fd82df2-groupManagement] INFO  server.RaftServerConfigKeys (ConfUtils.java:logGet(46)) - raft.server.snapshot.auto.trigger.threshold = 10000 (custom)
2024-04-21 07:17:28,976 [33d4fa9a-f1b5-45a2-9ce3-43c86fd82df2-groupManagement] INFO  server.RaftServerConfigKeys (ConfUtils.java:logGet(46)) - raft.server.snapshot.retention.file.num = 5 (custom)
2024-04-21 07:17:28,976 [33d4fa9a-f1b5-45a2-9ce3-43c86fd82df2-groupManagement] INFO  server.RaftServerConfigKeys (ConfUtils.java:logGet(46)) - raft.server.log.purge.upto.snapshot.index = false (default)
2024-04-21 07:17:28,983 [6cf56e53-88cb-4022-bd56-d9b5c4d884ee-PipelineCommandHandlerThread-0] INFO  server.RaftServer (RaftServerProxy.java:addNew(100)) - 6cf56e53-88cb-4022-bd56-d9b5c4d884ee: addNew group-5E161AF68217:[6cf56e53-88cb-4022-bd56-d9b5c4d884ee|10.1.0.102:15138] returns group-5E161AF68217:java.util.concurrent.CompletableFuture@16bf9fbc[Not completed]
2024-04-21 07:17:28,983 [33d4fa9a-f1b5-45a2-9ce3-43c86fd82df2-PipelineCommandHandlerThread-0] INFO  ratis.XceiverServerRatis (XceiverServerRatis.java:addGroup(864)) - Created group PipelineID=0ea19662-297e-47e6-b59a-85f3280a5d9a
2024-04-21 07:17:28,985 [6cf56e53-88cb-4022-bd56-d9b5c4d884ee-groupManagement] INFO  server.RaftServer$Division (RaftServerImpl.java:<init>(256)) - 6cf56e53-88cb-4022-bd56-d9b5c4d884ee: new RaftServerImpl for group-5E161AF68217:[6cf56e53-88cb-4022-bd56-d9b5c4d884ee|10.1.0.102:15138] with ContainerStateMachine:uninitialized
2024-04-21 07:17:28,985 [6cf56e53-88cb-4022-bd56-d9b5c4d884ee-groupManagement] INFO  server.RaftServerConfigKeys (ConfUtils.java:logGet(46)) - raft.server.rpc.timeout.min = 5s (custom)
2024-04-21 07:17:28,985 [6cf56e53-88cb-4022-bd56-d9b5c4d884ee-groupManagement] INFO  server.RaftServerConfigKeys (ConfUtils.java:logGet(46)) - raft.server.rpc.timeout.max = 5200ms (custom)
2024-04-21 07:17:28,985 [6cf56e53-88cb-4022-bd56-d9b5c4d884ee-groupManagement] INFO  server.RaftServerConfigKeys (ConfUtils.java:logGet(46)) - raft.server.rpc.sleep.time = 25ms (default)
2024-04-21 07:17:28,985 [6cf56e53-88cb-4022-bd56-d9b5c4d884ee-groupManagement] INFO  server.RaftServerConfigKeys (ConfUtils.java:logGet(46)) - raft.server.rpc.slowness.timeout = 300000ms (custom)
2024-04-21 07:17:28,985 [6cf56e53-88cb-4022-bd56-d9b5c4d884ee-groupManagement] INFO  server.RaftServerConfigKeys (ConfUtils.java:logGet(46)) - raft.server.leaderelection.leader.step-down.wait-time = 10s (default)
2024-04-21 07:17:28,985 [6cf56e53-88cb-4022-bd56-d9b5c4d884ee-groupManagement] INFO  server.RaftServerConfigKeys (ConfUtils.java:logGet(46)) - raft.server.leaderelection.member.majority-add = false (default)
2024-04-21 07:17:28,985 [6cf56e53-88cb-4022-bd56-d9b5c4d884ee-groupManagement] INFO  server.RaftServerConfigKeys (ConfUtils.java:logGet(46)) - raft.server.sleep.deviation.threshold = 300ms (default)
2024-04-21 07:17:28,985 [6cf56e53-88cb-4022-bd56-d9b5c4d884ee-groupManagement] INFO  server.RaftServer$Division (ServerState.java:<init>(113)) - 6cf56e53-88cb-4022-bd56-d9b5c4d884ee@group-5E161AF68217: ConfigurationManager, init=-1: peers:[6cf56e53-88cb-4022-bd56-d9b5c4d884ee|10.1.0.102:15138]|listeners:[], old=null, confs=<EMPTY_MAP>
2024-04-21 07:17:28,985 [6cf56e53-88cb-4022-bd56-d9b5c4d884ee-groupManagement] INFO  server.RaftServerConfigKeys (ConfUtils.java:logGet(46)) - raft.server.notification.no-leader.timeout = 300000ms (custom)
2024-04-21 07:17:28,985 [6cf56e53-88cb-4022-bd56-d9b5c4d884ee-groupManagement] INFO  server.RaftServerConfigKeys (ConfUtils.java:logGet(46)) - raft.server.read.timeout = 10s (default)
2024-04-21 07:17:28,985 [6cf56e53-88cb-4022-bd56-d9b5c4d884ee-groupManagement] INFO  server.RaftServerConfigKeys (ConfUtils.java:logGet(46)) - raft.server.retrycache.expirytime = 600000ms (custom)
2024-04-21 07:17:28,985 [6cf56e53-88cb-4022-bd56-d9b5c4d884ee-groupManagement] INFO  server.RaftServerConfigKeys (ConfUtils.java:logGet(46)) - raft.server.retrycache.statistics.expirytime = 100ms (default)
2024-04-21 07:17:28,985 [6cf56e53-88cb-4022-bd56-d9b5c4d884ee-groupManagement] INFO  server.RaftServerConfigKeys (ConfUtils.java:logGet(46)) - raft.server.read.option = DEFAULT (default)
2024-04-21 07:17:28,985 [6cf56e53-88cb-4022-bd56-d9b5c4d884ee-groupManagement] INFO  server.RaftServerConfigKeys (ConfUtils.java:logGet(46)) - raft.server.read.read-after-write-consistent.write-index-cache.expiry-time = 60s (default)
2024-04-21 07:17:28,987 [grpc-default-executor-0] INFO  server.RaftServer (RaftServerProxy.java:addNew(100)) - 6cf56e53-88cb-4022-bd56-d9b5c4d884ee: addNew group-85F3280A5D9A:[6cf56e53-88cb-4022-bd56-d9b5c4d884ee|10.1.0.102:15138, 9387e6e8-bf6d-4d10-9dc1-f1bd05fc02cf|10.1.0.102:15120, 33d4fa9a-f1b5-45a2-9ce3-43c86fd82df2|10.1.0.102:15129] returns group-85F3280A5D9A:java.util.concurrent.CompletableFuture@73529537[Not completed]
2024-04-21 07:17:28,987 [6cf56e53-88cb-4022-bd56-d9b5c4d884ee-groupManagement] INFO  server.RaftServerConfigKeys (ConfUtils.java:logGet(46)) - raft.server.rpc.request.timeout = 3000ms (default)
2024-04-21 07:17:28,987 [6cf56e53-88cb-4022-bd56-d9b5c4d884ee-groupManagement] INFO  server.RaftServerConfigKeys (ConfUtils.java:logGet(46)) - raft.server.log.appender.install.snapshot.enabled = false (custom)
2024-04-21 07:17:28,987 [6cf56e53-88cb-4022-bd56-d9b5c4d884ee-groupManagement] INFO  server.RaftServerConfigKeys (ConfUtils.java:logGet(46)) - raft.server.threadpool.server.cached = true (default)
2024-04-21 07:17:28,987 [6cf56e53-88cb-4022-bd56-d9b5c4d884ee-groupManagement] INFO  server.RaftServerConfigKeys (ConfUtils.java:logGet(46)) - raft.server.threadpool.server.size = 0 (default)
2024-04-21 07:17:28,987 [6cf56e53-88cb-4022-bd56-d9b5c4d884ee-groupManagement] INFO  server.RaftServerConfigKeys (ConfUtils.java:logGet(46)) - raft.server.threadpool.client.cached = true (default)
2024-04-21 07:17:28,987 [6cf56e53-88cb-4022-bd56-d9b5c4d884ee-groupManagement] INFO  server.RaftServerConfigKeys (ConfUtils.java:logGet(46)) - raft.server.threadpool.client.size = 0 (default)
2024-04-21 07:17:28,988 [6cf56e53-88cb-4022-bd56-d9b5c4d884ee-groupManagement] INFO  server.RaftServer$Division (RaftServerImpl.java:<init>(256)) - 6cf56e53-88cb-4022-bd56-d9b5c4d884ee: new RaftServerImpl for group-85F3280A5D9A:[6cf56e53-88cb-4022-bd56-d9b5c4d884ee|10.1.0.102:15138, 9387e6e8-bf6d-4d10-9dc1-f1bd05fc02cf|10.1.0.102:15120, 33d4fa9a-f1b5-45a2-9ce3-43c86fd82df2|10.1.0.102:15129] with ContainerStateMachine:uninitialized
2024-04-21 07:17:28,988 [6cf56e53-88cb-4022-bd56-d9b5c4d884ee-groupManagement] INFO  server.RaftServerConfigKeys (ConfUtils.java:logGet(46)) - raft.server.rpc.timeout.min = 5s (custom)
2024-04-21 07:17:28,988 [6cf56e53-88cb-4022-bd56-d9b5c4d884ee-groupManagement] INFO  server.RaftServerConfigKeys (ConfUtils.java:logGet(46)) - raft.server.rpc.timeout.max = 5200ms (custom)
2024-04-21 07:17:28,988 [6cf56e53-88cb-4022-bd56-d9b5c4d884ee-groupManagement] INFO  server.RaftServerConfigKeys (ConfUtils.java:logGet(46)) - raft.server.rpc.sleep.time = 25ms (default)
2024-04-21 07:17:28,988 [6cf56e53-88cb-4022-bd56-d9b5c4d884ee-groupManagement] INFO  server.RaftServerConfigKeys (ConfUtils.java:logGet(46)) - raft.server.rpc.slowness.timeout = 300000ms (custom)
2024-04-21 07:17:28,988 [6cf56e53-88cb-4022-bd56-d9b5c4d884ee-groupManagement] INFO  server.RaftServerConfigKeys (ConfUtils.java:logGet(46)) - raft.server.leaderelection.leader.step-down.wait-time = 10s (default)
2024-04-21 07:17:28,988 [6cf56e53-88cb-4022-bd56-d9b5c4d884ee-groupManagement] INFO  server.RaftServerConfigKeys (ConfUtils.java:logGet(46)) - raft.server.leaderelection.member.majority-add = false (default)
2024-04-21 07:17:28,988 [6cf56e53-88cb-4022-bd56-d9b5c4d884ee-groupManagement] INFO  server.RaftServerConfigKeys (ConfUtils.java:logGet(46)) - raft.server.sleep.deviation.threshold = 300ms (default)
2024-04-21 07:17:28,989 [6cf56e53-88cb-4022-bd56-d9b5c4d884ee-groupManagement] INFO  server.RaftServer$Division (ServerState.java:<init>(113)) - 6cf56e53-88cb-4022-bd56-d9b5c4d884ee@group-85F3280A5D9A: ConfigurationManager, init=-1: peers:[6cf56e53-88cb-4022-bd56-d9b5c4d884ee|10.1.0.102:15138, 9387e6e8-bf6d-4d10-9dc1-f1bd05fc02cf|10.1.0.102:15120, 33d4fa9a-f1b5-45a2-9ce3-43c86fd82df2|10.1.0.102:15129]|listeners:[], old=null, confs=<EMPTY_MAP>
2024-04-21 07:17:28,989 [6cf56e53-88cb-4022-bd56-d9b5c4d884ee-groupManagement] INFO  server.RaftServerConfigKeys (ConfUtils.java:logGet(46)) - raft.server.notification.no-leader.timeout = 300000ms (custom)
2024-04-21 07:17:28,989 [6cf56e53-88cb-4022-bd56-d9b5c4d884ee-groupManagement] INFO  server.RaftServerConfigKeys (ConfUtils.java:logGet(46)) - raft.server.read.timeout = 10s (default)
2024-04-21 07:17:28,989 [6cf56e53-88cb-4022-bd56-d9b5c4d884ee-groupManagement] INFO  server.RaftServerConfigKeys (ConfUtils.java:logGet(46)) - raft.server.retrycache.expirytime = 600000ms (custom)
2024-04-21 07:17:28,989 [6cf56e53-88cb-4022-bd56-d9b5c4d884ee-groupManagement] INFO  server.RaftServerConfigKeys (ConfUtils.java:logGet(46)) - raft.server.retrycache.statistics.expirytime = 100ms (default)
2024-04-21 07:17:28,989 [6cf56e53-88cb-4022-bd56-d9b5c4d884ee-groupManagement] INFO  server.RaftServerConfigKeys (ConfUtils.java:logGet(46)) - raft.server.read.option = DEFAULT (default)
2024-04-21 07:17:28,989 [6cf56e53-88cb-4022-bd56-d9b5c4d884ee-groupManagement] INFO  server.RaftServerConfigKeys (ConfUtils.java:logGet(46)) - raft.server.read.read-after-write-consistent.write-index-cache.expiry-time = 60s (default)
2024-04-21 07:17:28,990 [6cf56e53-88cb-4022-bd56-d9b5c4d884ee-groupManagement] INFO  server.RaftServerConfigKeys (ConfUtils.java:logGet(46)) - raft.server.rpc.request.timeout = 3000ms (default)
2024-04-21 07:17:28,990 [6cf56e53-88cb-4022-bd56-d9b5c4d884ee-groupManagement] INFO  server.RaftServerConfigKeys (ConfUtils.java:logGet(46)) - raft.server.log.appender.install.snapshot.enabled = false (custom)
2024-04-21 07:17:28,990 [6cf56e53-88cb-4022-bd56-d9b5c4d884ee-groupManagement] INFO  server.RaftServerConfigKeys (ConfUtils.java:logGet(46)) - raft.server.threadpool.server.cached = true (default)
2024-04-21 07:17:28,991 [6cf56e53-88cb-4022-bd56-d9b5c4d884ee-groupManagement] INFO  server.RaftServerConfigKeys (ConfUtils.java:logGet(46)) - raft.server.threadpool.server.size = 0 (default)
2024-04-21 07:17:28,991 [6cf56e53-88cb-4022-bd56-d9b5c4d884ee-groupManagement] INFO  server.RaftServerConfigKeys (ConfUtils.java:logGet(46)) - raft.server.threadpool.client.cached = true (default)
2024-04-21 07:17:28,991 [6cf56e53-88cb-4022-bd56-d9b5c4d884ee-groupManagement] INFO  server.RaftServerConfigKeys (ConfUtils.java:logGet(46)) - raft.server.threadpool.client.size = 0 (default)
2024-04-21 07:17:28,991 [6cf56e53-88cb-4022-bd56-d9b5c4d884ee-groupManagement] INFO  server.RaftServerConfigKeys (ConfUtils.java:logGet(46)) - raft.server.storage.free-space.min = 0MB (=0) (default)
2024-04-21 07:17:28,991 [6cf56e53-88cb-4022-bd56-d9b5c4d884ee-groupManagement] INFO  server.RaftServerConfigKeys (ConfUtils.java:logGet(46)) - raft.server.log.corruption.policy = EXCEPTION (default)
2024-04-21 07:17:28,991 [6cf56e53-88cb-4022-bd56-d9b5c4d884ee-groupManagement] INFO  server.RaftServerConfigKeys (ConfUtils.java:logGet(46)) - raft.server.storage.dir = [/home/runner/work/ozone/ozone/hadoop-ozone/integration-test/target/test-dir/MiniOzoneClusterImpl-ed39ddd9-82bf-4bf6-8741-acb42c98007c/ozone-meta/datanode-3/ratis] (custom)
2024-04-21 07:17:28,991 [6cf56e53-88cb-4022-bd56-d9b5c4d884ee-groupManagement] INFO  storage.RaftStorageDirectory (RaftStorageDirectoryImpl.java:analyzeStorage(138)) - The storage directory /home/runner/work/ozone/ozone/hadoop-ozone/integration-test/target/test-dir/MiniOzoneClusterImpl-ed39ddd9-82bf-4bf6-8741-acb42c98007c/ozone-meta/datanode-3/ratis/92642223-ead3-4aef-b8a5-5e161af68217 does not exist. Creating ...
2024-04-21 07:17:28,992 [6cf56e53-88cb-4022-bd56-d9b5c4d884ee-groupManagement] INFO  storage.RaftStorageDirectory (RaftStorageDirectoryImpl.java:tryLock(228)) - Lock on /home/runner/work/ozone/ozone/hadoop-ozone/integration-test/target/test-dir/MiniOzoneClusterImpl-ed39ddd9-82bf-4bf6-8741-acb42c98007c/ozone-meta/datanode-3/ratis/92642223-ead3-4aef-b8a5-5e161af68217/in_use.lock acquired by nodename 52185@fv-az1428-63
2024-04-21 07:17:28,994 [6cf56e53-88cb-4022-bd56-d9b5c4d884ee-groupManagement] INFO  storage.RaftStorage (RaftStorageImpl.java:format(99)) - Storage directory /home/runner/work/ozone/ozone/hadoop-ozone/integration-test/target/test-dir/MiniOzoneClusterImpl-ed39ddd9-82bf-4bf6-8741-acb42c98007c/ozone-meta/datanode-3/ratis/92642223-ead3-4aef-b8a5-5e161af68217 has been successfully formatted.
2024-04-21 07:17:28,994 [6cf56e53-88cb-4022-bd56-d9b5c4d884ee-groupManagement] WARN  util.FileUtils (LogUtils.java:supplyAndLog(63)) - Failed to Files.newInputStream /home/runner/work/ozone/ozone/hadoop-ozone/integration-test/target/test-dir/MiniOzoneClusterImpl-ed39ddd9-82bf-4bf6-8741-acb42c98007c/ozone-meta/datanode-3/ratis/92642223-ead3-4aef-b8a5-5e161af68217/current/raft-meta.conf with options []: java.nio.file.NoSuchFileException: /home/runner/work/ozone/ozone/hadoop-ozone/integration-test/target/test-dir/MiniOzoneClusterImpl-ed39ddd9-82bf-4bf6-8741-acb42c98007c/ozone-meta/datanode-3/ratis/92642223-ead3-4aef-b8a5-5e161af68217/current/raft-meta.conf
2024-04-21 07:17:28,995 [6cf56e53-88cb-4022-bd56-d9b5c4d884ee-groupManagement] INFO  ratis.ContainerStateMachine (ContainerStateMachine.java:loadSnapshot(287)) - group-5E161AF68217: The snapshot info is null. Setting the last applied index to:(t:0, i:~)
2024-04-21 07:17:28,995 [6cf56e53-88cb-4022-bd56-d9b5c4d884ee-groupManagement] INFO  server.RaftServerConfigKeys (ConfUtils.java:logGet(46)) - raft.server.log.use.memory = false (default)
2024-04-21 07:17:28,995 [6cf56e53-88cb-4022-bd56-d9b5c4d884ee-groupManagement] INFO  server.RaftServerConfigKeys (ConfUtils.java:logGet(46)) - raft.server.log.purge.gap = 1000000 (custom)
2024-04-21 07:17:28,995 [6cf56e53-88cb-4022-bd56-d9b5c4d884ee-groupManagement] INFO  server.RaftServerConfigKeys (ConfUtils.java:logGet(46)) - raft.server.log.appender.buffer.byte-limit = 8388608 (custom)
2024-04-21 07:17:28,995 [6cf56e53-88cb-4022-bd56-d9b5c4d884ee-groupManagement] INFO  server.RaftServerConfigKeys (ConfUtils.java:logGet(46)) - raft.server.log.statemachine.data.read.timeout = 1000ms (default)
2024-04-21 07:17:28,995 [6cf56e53-88cb-4022-bd56-d9b5c4d884ee-groupManagement] INFO  server.RaftServerConfigKeys (ConfUtils.java:logGet(46)) - raft.server.log.purge.preservation.log.num = 0 (default)
2024-04-21 07:17:28,996 [EventQueue-PipelineReportForPipelineReportHandler] INFO  pipeline.PipelineReportHandler (PipelineReportHandler.java:processPipelineReport(136)) - Opened pipeline PipelineID=92642223-ead3-4aef-b8a5-5e161af68217
2024-04-21 07:17:28,996 [EventQueue-OpenPipelineForHealthyPipelineSafeModeRule] INFO  safemode.SCMSafeModeManager (HealthyPipelineSafeModeRule.java:process(140)) - SCM in safe mode. Healthy pipelines reported count is 0, required healthy pipeline reported count is 1
2024-04-21 07:17:28,996 [6cf56e53-88cb-4022-bd56-d9b5c4d884ee-groupManagement] INFO  server.RaftServerConfigKeys (ConfUtils.java:logGet(46)) - raft.server.log.segment.size.max = 67108864 (custom)
2024-04-21 07:17:28,997 [6cf56e53-88cb-4022-bd56-d9b5c4d884ee-groupManagement] INFO  server.RaftServerConfigKeys (ConfUtils.java:logGet(46)) - raft.server.log.segment.cache.num.max = 2 (custom)
2024-04-21 07:17:28,997 [6cf56e53-88cb-4022-bd56-d9b5c4d884ee-groupManagement] INFO  server.RaftServerConfigKeys (ConfUtils.java:logGet(46)) - raft.server.log.segment.cache.size.max = 200MB (=209715200) (default)
2024-04-21 07:17:28,997 [6cf56e53-88cb-4022-bd56-d9b5c4d884ee-groupManagement] INFO  server.RaftServerConfigKeys (ConfUtils.java:logGet(46)) - raft.server.log.appender.buffer.byte-limit = 8388608 (custom)
2024-04-21 07:17:28,998 [6cf56e53-88cb-4022-bd56-d9b5c4d884ee-groupManagement] INFO  util.AwaitToRun (AwaitToRun.java:start(81)) - Thread[6cf56e53-88cb-4022-bd56-d9b5c4d884ee@group-5E161AF68217-cacheEviction-AwaitToRun,5,main] started
2024-04-21 07:17:28,998 [6cf56e53-88cb-4022-bd56-d9b5c4d884ee-groupManagement] INFO  segmented.SegmentedRaftLogWorker (SegmentedRaftLogWorker.java:<init>(182)) - new 6cf56e53-88cb-4022-bd56-d9b5c4d884ee@group-5E161AF68217-SegmentedRaftLogWorker for RaftStorageImpl:Storage Directory /home/runner/work/ozone/ozone/hadoop-ozone/integration-test/target/test-dir/MiniOzoneClusterImpl-ed39ddd9-82bf-4bf6-8741-acb42c98007c/ozone-meta/datanode-3/ratis/92642223-ead3-4aef-b8a5-5e161af68217
2024-04-21 07:17:28,998 [6cf56e53-88cb-4022-bd56-d9b5c4d884ee-groupManagement] INFO  server.RaftServerConfigKeys (ConfUtils.java:logGet(46)) - raft.server.log.queue.byte-limit = 4294967296 (custom)
2024-04-21 07:17:28,998 [6cf56e53-88cb-4022-bd56-d9b5c4d884ee-groupManagement] INFO  server.RaftServerConfigKeys (ConfUtils.java:logGet(46)) - raft.server.log.queue.element-limit = 1024 (custom)
2024-04-21 07:17:28,998 [6cf56e53-88cb-4022-bd56-d9b5c4d884ee-groupManagement] INFO  server.RaftServerConfigKeys (ConfUtils.java:logGet(46)) - raft.server.log.segment.size.max = 67108864 (custom)
2024-04-21 07:17:28,998 [6cf56e53-88cb-4022-bd56-d9b5c4d884ee-groupManagement] INFO  server.RaftServerConfigKeys (ConfUtils.java:logGet(46)) - raft.server.log.preallocated.size = 4194304 (custom)
2024-04-21 07:17:28,998 [6cf56e53-88cb-4022-bd56-d9b5c4d884ee-groupManagement] INFO  server.RaftServerConfigKeys (ConfUtils.java:logGet(46)) - raft.server.log.force.sync.num = 128 (default)
2024-04-21 07:17:28,998 [6cf56e53-88cb-4022-bd56-d9b5c4d884ee-groupManagement] INFO  server.RaftServerConfigKeys (ConfUtils.java:logGet(46)) - raft.server.log.statemachine.data.sync = true (default)
2024-04-21 07:17:28,999 [6cf56e53-88cb-4022-bd56-d9b5c4d884ee-groupManagement] INFO  server.RaftServerConfigKeys (ConfUtils.java:logGet(46)) - raft.server.log.statemachine.data.sync.timeout = 10s (default)
2024-04-21 07:17:28,999 [6cf56e53-88cb-4022-bd56-d9b5c4d884ee-groupManagement] INFO  server.RaftServerConfigKeys (ConfUtils.java:logGet(46)) - raft.server.log.statemachine.data.sync.timeout.retry = 30 (custom)
2024-04-21 07:17:28,999 [6cf56e53-88cb-4022-bd56-d9b5c4d884ee-groupManagement] INFO  server.RaftServerConfigKeys (ConfUtils.java:logGet(46)) - raft.server.log.write.buffer.size = 8388616 (custom)
2024-04-21 07:17:29,001 [6cf56e53-88cb-4022-bd56-d9b5c4d884ee-groupManagement] INFO  server.RaftServerConfigKeys (ConfUtils.java:logGet(46)) - raft.server.log.appender.buffer.byte-limit = 8388608 (custom)
2024-04-21 07:17:29,001 [6cf56e53-88cb-4022-bd56-d9b5c4d884ee-groupManagement] INFO  server.RaftServerConfigKeys (ConfUtils.java:logGet(46)) - raft.server.log.unsafe-flush.enabled = false (default)
2024-04-21 07:17:29,001 [6cf56e53-88cb-4022-bd56-d9b5c4d884ee-groupManagement] INFO  server.RaftServerConfigKeys (ConfUtils.java:logGet(46)) - raft.server.log.async-flush.enabled = false (default)
2024-04-21 07:17:29,001 [6cf56e53-88cb-4022-bd56-d9b5c4d884ee-groupManagement] INFO  server.RaftServerConfigKeys (ConfUtils.java:logGet(46)) - raft.server.log.statemachine.data.caching.enabled = true (custom)
2024-04-21 07:17:29,001 [6cf56e53-88cb-4022-bd56-d9b5c4d884ee-groupManagement] INFO  segmented.SegmentedRaftLogWorker (SegmentedRaftLogWorker.java:lambda$new$0(134)) - 6cf56e53-88cb-4022-bd56-d9b5c4d884ee@group-5E161AF68217-SegmentedRaftLogWorker: flushIndex: setUnconditionally 0 -> -1
2024-04-21 07:17:29,001 [6cf56e53-88cb-4022-bd56-d9b5c4d884ee-groupManagement] INFO  segmented.SegmentedRaftLogWorker (SegmentedRaftLogWorker.java:lambda$new$0(134)) - 6cf56e53-88cb-4022-bd56-d9b5c4d884ee@group-5E161AF68217-SegmentedRaftLogWorker: safeCacheEvictIndex: setUnconditionally 0 -> -1
2024-04-21 07:17:29,006 [6cf56e53-88cb-4022-bd56-d9b5c4d884ee-groupManagement] INFO  server.RaftServer$Division (RaftServerImpl.java:start(396)) - 6cf56e53-88cb-4022-bd56-d9b5c4d884ee@group-5E161AF68217: start as a follower, conf=-1: peers:[6cf56e53-88cb-4022-bd56-d9b5c4d884ee|10.1.0.102:15138]|listeners:[], old=null
2024-04-21 07:17:29,006 [6cf56e53-88cb-4022-bd56-d9b5c4d884ee-groupManagement] INFO  server.RaftServer$Division (RaftServerImpl.java:setRole(383)) - 6cf56e53-88cb-4022-bd56-d9b5c4d884ee@group-5E161AF68217: changes role from      null to FOLLOWER at term 0 for startAsFollower
2024-04-21 07:17:29,006 [6cf56e53-88cb-4022-bd56-d9b5c4d884ee-groupManagement] INFO  impl.RoleInfo (RoleInfo.java:updateAndGet(139)) - 6cf56e53-88cb-4022-bd56-d9b5c4d884ee: start 6cf56e53-88cb-4022-bd56-d9b5c4d884ee@group-5E161AF68217-FollowerState
2024-04-21 07:17:29,007 [6cf56e53-88cb-4022-bd56-d9b5c4d884ee-groupManagement] INFO  util.JmxRegister (JmxRegister.java:tryRegister(44)) - Successfully registered JMX Bean with object name Ratis:service=RaftServer,group=group-5E161AF68217,id=6cf56e53-88cb-4022-bd56-d9b5c4d884ee
2024-04-21 07:17:29,007 [6cf56e53-88cb-4022-bd56-d9b5c4d884ee-groupManagement] INFO  server.RaftServerConfigKeys (ConfUtils.java:logGet(46)) - raft.server.snapshot.trigger-when-stop.enabled = true (default)
2024-04-21 07:17:29,007 [6cf56e53-88cb-4022-bd56-d9b5c4d884ee-groupManagement] INFO  server.RaftServerConfigKeys (ConfUtils.java:logGet(46)) - raft.server.snapshot.auto.trigger.enabled = true (custom)
2024-04-21 07:17:29,007 [6cf56e53-88cb-4022-bd56-d9b5c4d884ee-groupManagement] INFO  server.RaftServerConfigKeys (ConfUtils.java:logGet(46)) - raft.server.snapshot.auto.trigger.threshold = 10000 (custom)
2024-04-21 07:17:29,007 [6cf56e53-88cb-4022-bd56-d9b5c4d884ee@group-5E161AF68217-FollowerState] INFO  server.RaftServerConfigKeys (ConfUtils.java:logFallback(53)) - raft.server.rpc.first-election.timeout.min = 5s (fallback to raft.server.rpc.timeout.min)
2024-04-21 07:17:29,008 [6cf56e53-88cb-4022-bd56-d9b5c4d884ee-groupManagement] INFO  server.RaftServerConfigKeys (ConfUtils.java:logGet(46)) - raft.server.snapshot.retention.file.num = 5 (custom)
2024-04-21 07:17:29,009 [6cf56e53-88cb-4022-bd56-d9b5c4d884ee@group-5E161AF68217-FollowerState] INFO  server.RaftServerConfigKeys (ConfUtils.java:logFallback(53)) - raft.server.rpc.first-election.timeout.max = 5200ms (fallback to raft.server.rpc.timeout.max)
2024-04-21 07:17:29,009 [6cf56e53-88cb-4022-bd56-d9b5c4d884ee-groupManagement] INFO  server.RaftServerConfigKeys (ConfUtils.java:logGet(46)) - raft.server.log.purge.upto.snapshot.index = false (default)
2024-04-21 07:17:29,009 [6cf56e53-88cb-4022-bd56-d9b5c4d884ee-groupManagement] INFO  server.RaftServerConfigKeys (ConfUtils.java:logGet(46)) - raft.server.storage.free-space.min = 0MB (=0) (default)
2024-04-21 07:17:29,009 [6cf56e53-88cb-4022-bd56-d9b5c4d884ee-PipelineCommandHandlerThread-0] INFO  ratis.XceiverServerRatis (XceiverServerRatis.java:addGroup(864)) - Created group PipelineID=92642223-ead3-4aef-b8a5-5e161af68217
2024-04-21 07:17:29,009 [6cf56e53-88cb-4022-bd56-d9b5c4d884ee-groupManagement] INFO  server.RaftServerConfigKeys (ConfUtils.java:logGet(46)) - raft.server.log.corruption.policy = EXCEPTION (default)
2024-04-21 07:17:29,012 [6cf56e53-88cb-4022-bd56-d9b5c4d884ee-PipelineCommandHandlerThread-0] INFO  commandhandler.CreatePipelineCommandHandler (CreatePipelineCommandHandler.java:lambda$handle$2(124)) - Created Pipeline RATIS ONE PipelineID=92642223-ead3-4aef-b8a5-5e161af68217.
2024-04-21 07:17:29,012 [6cf56e53-88cb-4022-bd56-d9b5c4d884ee-groupManagement] INFO  server.RaftServerConfigKeys (ConfUtils.java:logGet(46)) - raft.server.storage.dir = [/home/runner/work/ozone/ozone/hadoop-ozone/integration-test/target/test-dir/MiniOzoneClusterImpl-ed39ddd9-82bf-4bf6-8741-acb42c98007c/ozone-meta/datanode-3/ratis] (custom)
2024-04-21 07:17:29,012 [6cf56e53-88cb-4022-bd56-d9b5c4d884ee-groupManagement] INFO  storage.RaftStorageDirectory (RaftStorageDirectoryImpl.java:analyzeStorage(138)) - The storage directory /home/runner/work/ozone/ozone/hadoop-ozone/integration-test/target/test-dir/MiniOzoneClusterImpl-ed39ddd9-82bf-4bf6-8741-acb42c98007c/ozone-meta/datanode-3/ratis/0ea19662-297e-47e6-b59a-85f3280a5d9a does not exist. Creating ...
2024-04-21 07:17:29,012 [6cf56e53-88cb-4022-bd56-d9b5c4d884ee-PipelineCommandHandlerThread-0] INFO  server.RaftServer (RaftServerProxy.java:addNew(100)) - 6cf56e53-88cb-4022-bd56-d9b5c4d884ee: addNew group-DB6F9DC5174E:[6cf56e53-88cb-4022-bd56-d9b5c4d884ee|10.1.0.102:15138, 9387e6e8-bf6d-4d10-9dc1-f1bd05fc02cf|10.1.0.102:15120, 33d4fa9a-f1b5-45a2-9ce3-43c86fd82df2|10.1.0.102:15129] returns group-DB6F9DC5174E:java.util.concurrent.CompletableFuture@1878631b[Not completed]
2024-04-21 07:17:29,013 [6cf56e53-88cb-4022-bd56-d9b5c4d884ee-groupManagement] INFO  storage.RaftStorageDirectory (RaftStorageDirectoryImpl.java:tryLock(228)) - Lock on /home/runner/work/ozone/ozone/hadoop-ozone/integration-test/target/test-dir/MiniOzoneClusterImpl-ed39ddd9-82bf-4bf6-8741-acb42c98007c/ozone-meta/datanode-3/ratis/0ea19662-297e-47e6-b59a-85f3280a5d9a/in_use.lock acquired by nodename 52185@fv-az1428-63
2024-04-21 07:17:29,014 [6cf56e53-88cb-4022-bd56-d9b5c4d884ee-groupManagement] INFO  storage.RaftStorage (RaftStorageImpl.java:format(99)) - Storage directory /home/runner/work/ozone/ozone/hadoop-ozone/integration-test/target/test-dir/MiniOzoneClusterImpl-ed39ddd9-82bf-4bf6-8741-acb42c98007c/ozone-meta/datanode-3/ratis/0ea19662-297e-47e6-b59a-85f3280a5d9a has been successfully formatted.
2024-04-21 07:17:29,014 [6cf56e53-88cb-4022-bd56-d9b5c4d884ee-groupManagement] WARN  util.FileUtils (LogUtils.java:supplyAndLog(63)) - Failed to Files.newInputStream /home/runner/work/ozone/ozone/hadoop-ozone/integration-test/target/test-dir/MiniOzoneClusterImpl-ed39ddd9-82bf-4bf6-8741-acb42c98007c/ozone-meta/datanode-3/ratis/0ea19662-297e-47e6-b59a-85f3280a5d9a/current/raft-meta.conf with options []: java.nio.file.NoSuchFileException: /home/runner/work/ozone/ozone/hadoop-ozone/integration-test/target/test-dir/MiniOzoneClusterImpl-ed39ddd9-82bf-4bf6-8741-acb42c98007c/ozone-meta/datanode-3/ratis/0ea19662-297e-47e6-b59a-85f3280a5d9a/current/raft-meta.conf
2024-04-21 07:17:29,014 [6cf56e53-88cb-4022-bd56-d9b5c4d884ee-groupManagement] INFO  ratis.ContainerStateMachine (ContainerStateMachine.java:loadSnapshot(287)) - group-85F3280A5D9A: The snapshot info is null. Setting the last applied index to:(t:0, i:~)
2024-04-21 07:17:29,014 [6cf56e53-88cb-4022-bd56-d9b5c4d884ee-groupManagement] INFO  server.RaftServerConfigKeys (ConfUtils.java:logGet(46)) - raft.server.log.use.memory = false (default)
2024-04-21 07:17:29,014 [6cf56e53-88cb-4022-bd56-d9b5c4d884ee-groupManagement] INFO  server.RaftServerConfigKeys (ConfUtils.java:logGet(46)) - raft.server.log.purge.gap = 1000000 (custom)
2024-04-21 07:17:29,014 [6cf56e53-88cb-4022-bd56-d9b5c4d884ee-groupManagement] INFO  server.RaftServerConfigKeys (ConfUtils.java:logGet(46)) - raft.server.log.appender.buffer.byte-limit = 8388608 (custom)
2024-04-21 07:17:29,014 [6cf56e53-88cb-4022-bd56-d9b5c4d884ee-groupManagement] INFO  server.RaftServerConfigKeys (ConfUtils.java:logGet(46)) - raft.server.log.statemachine.data.read.timeout = 1000ms (default)
2024-04-21 07:17:29,015 [6cf56e53-88cb-4022-bd56-d9b5c4d884ee-groupManagement] INFO  server.RaftServerConfigKeys (ConfUtils.java:logGet(46)) - raft.server.log.purge.preservation.log.num = 0 (default)
2024-04-21 07:17:29,015 [6cf56e53-88cb-4022-bd56-d9b5c4d884ee-groupManagement] INFO  server.RaftServerConfigKeys (ConfUtils.java:logGet(46)) - raft.server.log.segment.size.max = 67108864 (custom)
2024-04-21 07:17:29,015 [6cf56e53-88cb-4022-bd56-d9b5c4d884ee-groupManagement] INFO  server.RaftServerConfigKeys (ConfUtils.java:logGet(46)) - raft.server.log.segment.cache.num.max = 2 (custom)
2024-04-21 07:17:29,015 [6cf56e53-88cb-4022-bd56-d9b5c4d884ee-groupManagement] INFO  server.RaftServerConfigKeys (ConfUtils.java:logGet(46)) - raft.server.log.segment.cache.size.max = 200MB (=209715200) (default)
2024-04-21 07:17:29,016 [6cf56e53-88cb-4022-bd56-d9b5c4d884ee-groupManagement] INFO  server.RaftServerConfigKeys (ConfUtils.java:logGet(46)) - raft.server.log.appender.buffer.byte-limit = 8388608 (custom)
2024-04-21 07:17:29,022 [6cf56e53-88cb-4022-bd56-d9b5c4d884ee-groupManagement] INFO  util.AwaitToRun (AwaitToRun.java:start(81)) - Thread[6cf56e53-88cb-4022-bd56-d9b5c4d884ee@group-85F3280A5D9A-cacheEviction-AwaitToRun,5,main] started
2024-04-21 07:17:29,027 [6cf56e53-88cb-4022-bd56-d9b5c4d884ee-groupManagement] INFO  segmented.SegmentedRaftLogWorker (SegmentedRaftLogWorker.java:<init>(182)) - new 6cf56e53-88cb-4022-bd56-d9b5c4d884ee@group-85F3280A5D9A-SegmentedRaftLogWorker for RaftStorageImpl:Storage Directory /home/runner/work/ozone/ozone/hadoop-ozone/integration-test/target/test-dir/MiniOzoneClusterImpl-ed39ddd9-82bf-4bf6-8741-acb42c98007c/ozone-meta/datanode-3/ratis/0ea19662-297e-47e6-b59a-85f3280a5d9a
2024-04-21 07:17:29,027 [6cf56e53-88cb-4022-bd56-d9b5c4d884ee-groupManagement] INFO  server.RaftServerConfigKeys (ConfUtils.java:logGet(46)) - raft.server.log.queue.byte-limit = 4294967296 (custom)
2024-04-21 07:17:29,027 [6cf56e53-88cb-4022-bd56-d9b5c4d884ee-groupManagement] INFO  server.RaftServerConfigKeys (ConfUtils.java:logGet(46)) - raft.server.log.queue.element-limit = 1024 (custom)
2024-04-21 07:17:29,027 [6cf56e53-88cb-4022-bd56-d9b5c4d884ee-groupManagement] INFO  server.RaftServerConfigKeys (ConfUtils.java:logGet(46)) - raft.server.log.segment.size.max = 67108864 (custom)
2024-04-21 07:17:29,027 [6cf56e53-88cb-4022-bd56-d9b5c4d884ee-groupManagement] INFO  server.RaftServerConfigKeys (ConfUtils.java:logGet(46)) - raft.server.log.preallocated.size = 4194304 (custom)
2024-04-21 07:17:29,028 [6cf56e53-88cb-4022-bd56-d9b5c4d884ee-groupManagement] INFO  server.RaftServerConfigKeys (ConfUtils.java:logGet(46)) - raft.server.log.force.sync.num = 128 (default)
2024-04-21 07:17:29,028 [6cf56e53-88cb-4022-bd56-d9b5c4d884ee-groupManagement] INFO  server.RaftServerConfigKeys (ConfUtils.java:logGet(46)) - raft.server.log.statemachine.data.sync = true (default)
2024-04-21 07:17:29,028 [6cf56e53-88cb-4022-bd56-d9b5c4d884ee-groupManagement] INFO  server.RaftServerConfigKeys (ConfUtils.java:logGet(46)) - raft.server.log.statemachine.data.sync.timeout = 10s (default)
2024-04-21 07:17:29,028 [6cf56e53-88cb-4022-bd56-d9b5c4d884ee-groupManagement] INFO  server.RaftServerConfigKeys (ConfUtils.java:logGet(46)) - raft.server.log.statemachine.data.sync.timeout.retry = 30 (custom)
2024-04-21 07:17:29,027 [a45323a7-bc80-446e-b427-0ffb34a72641-PipelineCommandHandlerThread-0] INFO  server.RaftServer (RaftServerProxy.java:addNew(100)) - a45323a7-bc80-446e-b427-0ffb34a72641: addNew group-43B368CDAB69:[a45323a7-bc80-446e-b427-0ffb34a72641|10.1.0.102:15147] returns group-43B368CDAB69:java.util.concurrent.CompletableFuture@75f4f1b8[Not completed]
2024-04-21 07:17:29,028 [6cf56e53-88cb-4022-bd56-d9b5c4d884ee-groupManagement] INFO  server.RaftServerConfigKeys (ConfUtils.java:logGet(46)) - raft.server.log.write.buffer.size = 8388616 (custom)
2024-04-21 07:17:29,028 [a45323a7-bc80-446e-b427-0ffb34a72641-groupManagement] INFO  server.RaftServer$Division (RaftServerImpl.java:<init>(256)) - a45323a7-bc80-446e-b427-0ffb34a72641: new RaftServerImpl for group-43B368CDAB69:[a45323a7-bc80-446e-b427-0ffb34a72641|10.1.0.102:15147] with ContainerStateMachine:uninitialized
2024-04-21 07:17:29,028 [EventQueue-OpenPipelineForHealthyPipelineSafeModeRule] INFO  safemode.SCMSafeModeManager (HealthyPipelineSafeModeRule.java:process(140)) - SCM in safe mode. Healthy pipelines reported count is 0, required healthy pipeline reported count is 1
2024-04-21 07:17:29,029 [a45323a7-bc80-446e-b427-0ffb34a72641-groupManagement] INFO  server.RaftServerConfigKeys (ConfUtils.java:logGet(46)) - raft.server.rpc.timeout.min = 5s (custom)
2024-04-21 07:17:29,029 [a45323a7-bc80-446e-b427-0ffb34a72641-groupManagement] INFO  server.RaftServerConfigKeys (ConfUtils.java:logGet(46)) - raft.server.rpc.timeout.max = 5200ms (custom)
2024-04-21 07:17:29,029 [a45323a7-bc80-446e-b427-0ffb34a72641-groupManagement] INFO  server.RaftServerConfigKeys (ConfUtils.java:logGet(46)) - raft.server.rpc.sleep.time = 25ms (default)
2024-04-21 07:17:29,029 [a45323a7-bc80-446e-b427-0ffb34a72641-groupManagement] INFO  server.RaftServerConfigKeys (ConfUtils.java:logGet(46)) - raft.server.rpc.slowness.timeout = 300000ms (custom)
2024-04-21 07:17:29,029 [a45323a7-bc80-446e-b427-0ffb34a72641-groupManagement] INFO  server.RaftServerConfigKeys (ConfUtils.java:logGet(46)) - raft.server.leaderelection.leader.step-down.wait-time = 10s (default)
2024-04-21 07:17:29,030 [a45323a7-bc80-446e-b427-0ffb34a72641-groupManagement] INFO  server.RaftServerConfigKeys (ConfUtils.java:logGet(46)) - raft.server.leaderelection.member.majority-add = false (default)
2024-04-21 07:17:29,030 [6cf56e53-88cb-4022-bd56-d9b5c4d884ee-groupManagement] INFO  server.RaftServerConfigKeys (ConfUtils.java:logGet(46)) - raft.server.log.appender.buffer.byte-limit = 8388608 (custom)
2024-04-21 07:17:29,030 [6cf56e53-88cb-4022-bd56-d9b5c4d884ee-groupManagement] INFO  server.RaftServerConfigKeys (ConfUtils.java:logGet(46)) - raft.server.log.unsafe-flush.enabled = false (default)
2024-04-21 07:17:29,030 [6cf56e53-88cb-4022-bd56-d9b5c4d884ee-groupManagement] INFO  server.RaftServerConfigKeys (ConfUtils.java:logGet(46)) - raft.server.log.async-flush.enabled = false (default)
2024-04-21 07:17:29,030 [6cf56e53-88cb-4022-bd56-d9b5c4d884ee-groupManagement] INFO  server.RaftServerConfigKeys (ConfUtils.java:logGet(46)) - raft.server.log.statemachine.data.caching.enabled = true (custom)
2024-04-21 07:17:29,030 [a45323a7-bc80-446e-b427-0ffb34a72641-groupManagement] INFO  server.RaftServerConfigKeys (ConfUtils.java:logGet(46)) - raft.server.sleep.deviation.threshold = 300ms (default)
2024-04-21 07:17:29,031 [a45323a7-bc80-446e-b427-0ffb34a72641-groupManagement] INFO  server.RaftServer$Division (ServerState.java:<init>(113)) - a45323a7-bc80-446e-b427-0ffb34a72641@group-43B368CDAB69: ConfigurationManager, init=-1: peers:[a45323a7-bc80-446e-b427-0ffb34a72641|10.1.0.102:15147]|listeners:[], old=null, confs=<EMPTY_MAP>
2024-04-21 07:17:29,031 [a45323a7-bc80-446e-b427-0ffb34a72641-groupManagement] INFO  server.RaftServerConfigKeys (ConfUtils.java:logGet(46)) - raft.server.notification.no-leader.timeout = 300000ms (custom)
2024-04-21 07:17:29,031 [a45323a7-bc80-446e-b427-0ffb34a72641-groupManagement] INFO  server.RaftServerConfigKeys (ConfUtils.java:logGet(46)) - raft.server.read.timeout = 10s (default)
2024-04-21 07:17:29,031 [a45323a7-bc80-446e-b427-0ffb34a72641-groupManagement] INFO  server.RaftServerConfigKeys (ConfUtils.java:logGet(46)) - raft.server.retrycache.expirytime = 600000ms (custom)
2024-04-21 07:17:29,031 [a45323a7-bc80-446e-b427-0ffb34a72641-groupManagement] INFO  server.RaftServerConfigKeys (ConfUtils.java:logGet(46)) - raft.server.retrycache.statistics.expirytime = 100ms (default)
2024-04-21 07:17:29,030 [6cf56e53-88cb-4022-bd56-d9b5c4d884ee-groupManagement] INFO  segmented.SegmentedRaftLogWorker (SegmentedRaftLogWorker.java:lambda$new$0(134)) - 6cf56e53-88cb-4022-bd56-d9b5c4d884ee@group-85F3280A5D9A-SegmentedRaftLogWorker: flushIndex: setUnconditionally 0 -> -1
2024-04-21 07:17:29,031 [6cf56e53-88cb-4022-bd56-d9b5c4d884ee-groupManagement] INFO  segmented.SegmentedRaftLogWorker (SegmentedRaftLogWorker.java:lambda$new$0(134)) - 6cf56e53-88cb-4022-bd56-d9b5c4d884ee@group-85F3280A5D9A-SegmentedRaftLogWorker: safeCacheEvictIndex: setUnconditionally 0 -> -1
2024-04-21 07:17:29,032 [a45323a7-bc80-446e-b427-0ffb34a72641-groupManagement] INFO  server.RaftServerConfigKeys (ConfUtils.java:logGet(46)) - raft.server.read.option = DEFAULT (default)
2024-04-21 07:17:29,032 [a45323a7-bc80-446e-b427-0ffb34a72641-groupManagement] INFO  server.RaftServerConfigKeys (ConfUtils.java:logGet(46)) - raft.server.read.read-after-write-consistent.write-index-cache.expiry-time = 60s (default)
2024-04-21 07:17:29,034 [a45323a7-bc80-446e-b427-0ffb34a72641-groupManagement] INFO  server.RaftServerConfigKeys (ConfUtils.java:logGet(46)) - raft.server.rpc.request.timeout = 3000ms (default)
2024-04-21 07:17:29,034 [a45323a7-bc80-446e-b427-0ffb34a72641-groupManagement] INFO  server.RaftServerConfigKeys (ConfUtils.java:logGet(46)) - raft.server.log.appender.install.snapshot.enabled = false (custom)
2024-04-21 07:17:29,034 [a45323a7-bc80-446e-b427-0ffb34a72641-groupManagement] INFO  server.RaftServerConfigKeys (ConfUtils.java:logGet(46)) - raft.server.threadpool.server.cached = true (default)
2024-04-21 07:17:29,034 [a45323a7-bc80-446e-b427-0ffb34a72641-groupManagement] INFO  server.RaftServerConfigKeys (ConfUtils.java:logGet(46)) - raft.server.threadpool.server.size = 0 (default)
2024-04-21 07:17:29,034 [a45323a7-bc80-446e-b427-0ffb34a72641-groupManagement] INFO  server.RaftServerConfigKeys (ConfUtils.java:logGet(46)) - raft.server.threadpool.client.cached = true (default)
2024-04-21 07:17:29,034 [a45323a7-bc80-446e-b427-0ffb34a72641-groupManagement] INFO  server.RaftServerConfigKeys (ConfUtils.java:logGet(46)) - raft.server.threadpool.client.size = 0 (default)
2024-04-21 07:17:29,035 [a45323a7-bc80-446e-b427-0ffb34a72641-groupManagement] INFO  server.RaftServerConfigKeys (ConfUtils.java:logGet(46)) - raft.server.storage.free-space.min = 0MB (=0) (default)
2024-04-21 07:17:29,035 [a45323a7-bc80-446e-b427-0ffb34a72641-groupManagement] INFO  server.RaftServerConfigKeys (ConfUtils.java:logGet(46)) - raft.server.log.corruption.policy = EXCEPTION (default)
2024-04-21 07:17:29,035 [a45323a7-bc80-446e-b427-0ffb34a72641-groupManagement] INFO  server.RaftServerConfigKeys (ConfUtils.java:logGet(46)) - raft.server.storage.dir = [/home/runner/work/ozone/ozone/hadoop-ozone/integration-test/target/test-dir/MiniOzoneClusterImpl-ed39ddd9-82bf-4bf6-8741-acb42c98007c/ozone-meta/datanode-4/ratis] (custom)
2024-04-21 07:17:29,035 [6cf56e53-88cb-4022-bd56-d9b5c4d884ee-groupManagement] INFO  server.RaftServer$Division (RaftServerImpl.java:start(396)) - 6cf56e53-88cb-4022-bd56-d9b5c4d884ee@group-85F3280A5D9A: start as a follower, conf=-1: peers:[6cf56e53-88cb-4022-bd56-d9b5c4d884ee|10.1.0.102:15138, 9387e6e8-bf6d-4d10-9dc1-f1bd05fc02cf|10.1.0.102:15120, 33d4fa9a-f1b5-45a2-9ce3-43c86fd82df2|10.1.0.102:15129]|listeners:[], old=null
2024-04-21 07:17:29,035 [a45323a7-bc80-446e-b427-0ffb34a72641-groupManagement] INFO  storage.RaftStorageDirectory (RaftStorageDirectoryImpl.java:analyzeStorage(138)) - The storage directory /home/runner/work/ozone/ozone/hadoop-ozone/integration-test/target/test-dir/MiniOzoneClusterImpl-ed39ddd9-82bf-4bf6-8741-acb42c98007c/ozone-meta/datanode-4/ratis/890b1400-59a5-4b01-aaf9-43b368cdab69 does not exist. Creating ...
2024-04-21 07:17:29,035 [6cf56e53-88cb-4022-bd56-d9b5c4d884ee-groupManagement] INFO  server.RaftServer$Division (RaftServerImpl.java:setRole(383)) - 6cf56e53-88cb-4022-bd56-d9b5c4d884ee@group-85F3280A5D9A: changes role from      null to FOLLOWER at term 0 for startAsFollower
2024-04-21 07:17:29,036 [6cf56e53-88cb-4022-bd56-d9b5c4d884ee-groupManagement] INFO  impl.RoleInfo (RoleInfo.java:updateAndGet(139)) - 6cf56e53-88cb-4022-bd56-d9b5c4d884ee: start 6cf56e53-88cb-4022-bd56-d9b5c4d884ee@group-85F3280A5D9A-FollowerState
2024-04-21 07:17:29,037 [a45323a7-bc80-446e-b427-0ffb34a72641-groupManagement] INFO  storage.RaftStorageDirectory (RaftStorageDirectoryImpl.java:tryLock(228)) - Lock on /home/runner/work/ozone/ozone/hadoop-ozone/integration-test/target/test-dir/MiniOzoneClusterImpl-ed39ddd9-82bf-4bf6-8741-acb42c98007c/ozone-meta/datanode-4/ratis/890b1400-59a5-4b01-aaf9-43b368cdab69/in_use.lock acquired by nodename 52185@fv-az1428-63
2024-04-21 07:17:29,037 [6cf56e53-88cb-4022-bd56-d9b5c4d884ee-groupManagement] INFO  util.JmxRegister (JmxRegister.java:tryRegister(44)) - Successfully registered JMX Bean with object name Ratis:service=RaftServer,group=group-85F3280A5D9A,id=6cf56e53-88cb-4022-bd56-d9b5c4d884ee
2024-04-21 07:17:29,037 [6cf56e53-88cb-4022-bd56-d9b5c4d884ee-groupManagement] INFO  server.RaftServerConfigKeys (ConfUtils.java:logGet(46)) - raft.server.snapshot.trigger-when-stop.enabled = true (default)
2024-04-21 07:17:29,037 [6cf56e53-88cb-4022-bd56-d9b5c4d884ee-groupManagement] INFO  server.RaftServerConfigKeys (ConfUtils.java:logGet(46)) - raft.server.snapshot.auto.trigger.enabled = true (custom)
2024-04-21 07:17:29,037 [6cf56e53-88cb-4022-bd56-d9b5c4d884ee-groupManagement] INFO  server.RaftServerConfigKeys (ConfUtils.java:logGet(46)) - raft.server.snapshot.auto.trigger.threshold = 10000 (custom)
2024-04-21 07:17:29,037 [6cf56e53-88cb-4022-bd56-d9b5c4d884ee-groupManagement] INFO  server.RaftServerConfigKeys (ConfUtils.java:logGet(46)) - raft.server.snapshot.retention.file.num = 5 (custom)
2024-04-21 07:17:29,037 [6cf56e53-88cb-4022-bd56-d9b5c4d884ee-groupManagement] INFO  server.RaftServerConfigKeys (ConfUtils.java:logGet(46)) - raft.server.log.purge.upto.snapshot.index = false (default)
2024-04-21 07:17:29,038 [33d4fa9a-f1b5-45a2-9ce3-43c86fd82df2-PipelineCommandHandlerThread-0] INFO  commandhandler.CreatePipelineCommandHandler (CreatePipelineCommandHandler.java:lambda$handle$2(124)) - Created Pipeline RATIS THREE PipelineID=0ea19662-297e-47e6-b59a-85f3280a5d9a.
2024-04-21 07:17:29,038 [a45323a7-bc80-446e-b427-0ffb34a72641-groupManagement] INFO  storage.RaftStorage (RaftStorageImpl.java:format(99)) - Storage directory /home/runner/work/ozone/ozone/hadoop-ozone/integration-test/target/test-dir/MiniOzoneClusterImpl-ed39ddd9-82bf-4bf6-8741-acb42c98007c/ozone-meta/datanode-4/ratis/890b1400-59a5-4b01-aaf9-43b368cdab69 has been successfully formatted.
2024-04-21 07:17:29,039 [a45323a7-bc80-446e-b427-0ffb34a72641-groupManagement] WARN  util.FileUtils (LogUtils.java:supplyAndLog(63)) - Failed to Files.newInputStream /home/runner/work/ozone/ozone/hadoop-ozone/integration-test/target/test-dir/MiniOzoneClusterImpl-ed39ddd9-82bf-4bf6-8741-acb42c98007c/ozone-meta/datanode-4/ratis/890b1400-59a5-4b01-aaf9-43b368cdab69/current/raft-meta.conf with options []: java.nio.file.NoSuchFileException: /home/runner/work/ozone/ozone/hadoop-ozone/integration-test/target/test-dir/MiniOzoneClusterImpl-ed39ddd9-82bf-4bf6-8741-acb42c98007c/ozone-meta/datanode-4/ratis/890b1400-59a5-4b01-aaf9-43b368cdab69/current/raft-meta.conf
2024-04-21 07:17:29,039 [33d4fa9a-f1b5-45a2-9ce3-43c86fd82df2-PipelineCommandHandlerThread-0] INFO  server.RaftServer (RaftServerProxy.java:addNew(100)) - 33d4fa9a-f1b5-45a2-9ce3-43c86fd82df2: addNew group-DB6F9DC5174E:[6cf56e53-88cb-4022-bd56-d9b5c4d884ee|10.1.0.102:15138, 9387e6e8-bf6d-4d10-9dc1-f1bd05fc02cf|10.1.0.102:15120, 33d4fa9a-f1b5-45a2-9ce3-43c86fd82df2|10.1.0.102:15129] returns group-DB6F9DC5174E:java.util.concurrent.CompletableFuture@7b8d57b1[Not completed]
2024-04-21 07:17:29,039 [6cf56e53-88cb-4022-bd56-d9b5c4d884ee@group-85F3280A5D9A-FollowerState] INFO  server.RaftServerConfigKeys (ConfUtils.java:logFallback(53)) - raft.server.rpc.first-election.timeout.min = 5s (fallback to raft.server.rpc.timeout.min)
2024-04-21 07:17:29,040 [6cf56e53-88cb-4022-bd56-d9b5c4d884ee@group-85F3280A5D9A-FollowerState] INFO  server.RaftServerConfigKeys (ConfUtils.java:logFallback(53)) - raft.server.rpc.first-election.timeout.max = 5200ms (fallback to raft.server.rpc.timeout.max)
2024-04-21 07:17:29,041 [33d4fa9a-f1b5-45a2-9ce3-43c86fd82df2-groupManagement] INFO  server.RaftServer$Division (RaftServerImpl.java:<init>(256)) - 33d4fa9a-f1b5-45a2-9ce3-43c86fd82df2: new RaftServerImpl for group-DB6F9DC5174E:[6cf56e53-88cb-4022-bd56-d9b5c4d884ee|10.1.0.102:15138, 9387e6e8-bf6d-4d10-9dc1-f1bd05fc02cf|10.1.0.102:15120, 33d4fa9a-f1b5-45a2-9ce3-43c86fd82df2|10.1.0.102:15129] with ContainerStateMachine:uninitialized
2024-04-21 07:17:29,041 [33d4fa9a-f1b5-45a2-9ce3-43c86fd82df2-groupManagement] INFO  server.RaftServerConfigKeys (ConfUtils.java:logGet(46)) - raft.server.rpc.timeout.min = 5s (custom)
2024-04-21 07:17:29,041 [33d4fa9a-f1b5-45a2-9ce3-43c86fd82df2-groupManagement] INFO  server.RaftServerConfigKeys (ConfUtils.java:logGet(46)) - raft.server.rpc.timeout.max = 5200ms (custom)
2024-04-21 07:17:29,041 [33d4fa9a-f1b5-45a2-9ce3-43c86fd82df2-groupManagement] INFO  server.RaftServerConfigKeys (ConfUtils.java:logGet(46)) - raft.server.rpc.sleep.time = 25ms (default)
2024-04-21 07:17:29,041 [33d4fa9a-f1b5-45a2-9ce3-43c86fd82df2-groupManagement] INFO  server.RaftServerConfigKeys (ConfUtils.java:logGet(46)) - raft.server.rpc.slowness.timeout = 300000ms (custom)
2024-04-21 07:17:29,041 [33d4fa9a-f1b5-45a2-9ce3-43c86fd82df2-groupManagement] INFO  server.RaftServerConfigKeys (ConfUtils.java:logGet(46)) - raft.server.leaderelection.leader.step-down.wait-time = 10s (default)
2024-04-21 07:17:29,039 [a45323a7-bc80-446e-b427-0ffb34a72641-groupManagement] INFO  ratis.ContainerStateMachine (ContainerStateMachine.java:loadSnapshot(287)) - group-43B368CDAB69: The snapshot info is null. Setting the last applied index to:(t:0, i:~)
2024-04-21 07:17:29,041 [a45323a7-bc80-446e-b427-0ffb34a72641-groupManagement] INFO  server.RaftServerConfigKeys (ConfUtils.java:logGet(46)) - raft.server.log.use.memory = false (default)
2024-04-21 07:17:29,042 [a45323a7-bc80-446e-b427-0ffb34a72641-groupManagement] INFO  server.RaftServerConfigKeys (ConfUtils.java:logGet(46)) - raft.server.log.purge.gap = 1000000 (custom)
2024-04-21 07:17:29,042 [a45323a7-bc80-446e-b427-0ffb34a72641-groupManagement] INFO  server.RaftServerConfigKeys (ConfUtils.java:logGet(46)) - raft.server.log.appender.buffer.byte-limit = 8388608 (custom)
2024-04-21 07:17:29,042 [a45323a7-bc80-446e-b427-0ffb34a72641-groupManagement] INFO  server.RaftServerConfigKeys (ConfUtils.java:logGet(46)) - raft.server.log.statemachine.data.read.timeout = 1000ms (default)
2024-04-21 07:17:29,042 [a45323a7-bc80-446e-b427-0ffb34a72641-groupManagement] INFO  server.RaftServerConfigKeys (ConfUtils.java:logGet(46)) - raft.server.log.purge.preservation.log.num = 0 (default)
2024-04-21 07:17:29,042 [EventQueue-PipelineReportForPipelineReportHandler] INFO  pipeline.PipelineReportHandler (PipelineReportHandler.java:processPipelineReport(136)) - Opened pipeline PipelineID=890b1400-59a5-4b01-aaf9-43b368cdab69
2024-04-21 07:17:29,042 [EventQueue-OpenPipelineForHealthyPipelineSafeModeRule] INFO  safemode.SCMSafeModeManager (HealthyPipelineSafeModeRule.java:process(140)) - SCM in safe mode. Healthy pipelines reported count is 0, required healthy pipeline reported count is 1
2024-04-21 07:17:29,043 [a45323a7-bc80-446e-b427-0ffb34a72641-groupManagement] INFO  server.RaftServerConfigKeys (ConfUtils.java:logGet(46)) - raft.server.log.segment.size.max = 67108864 (custom)
2024-04-21 07:17:29,043 [a45323a7-bc80-446e-b427-0ffb34a72641-groupManagement] INFO  server.RaftServerConfigKeys (ConfUtils.java:logGet(46)) - raft.server.log.segment.cache.num.max = 2 (custom)
2024-04-21 07:17:29,043 [a45323a7-bc80-446e-b427-0ffb34a72641-groupManagement] INFO  server.RaftServerConfigKeys (ConfUtils.java:logGet(46)) - raft.server.log.segment.cache.size.max = 200MB (=209715200) (default)
2024-04-21 07:17:29,043 [a45323a7-bc80-446e-b427-0ffb34a72641-groupManagement] INFO  server.RaftServerConfigKeys (ConfUtils.java:logGet(46)) - raft.server.log.appender.buffer.byte-limit = 8388608 (custom)
2024-04-21 07:17:29,041 [33d4fa9a-f1b5-45a2-9ce3-43c86fd82df2-groupManagement] INFO  server.RaftServerConfigKeys (ConfUtils.java:logGet(46)) - raft.server.leaderelection.member.majority-add = false (default)
2024-04-21 07:17:29,043 [33d4fa9a-f1b5-45a2-9ce3-43c86fd82df2-groupManagement] INFO  server.RaftServerConfigKeys (ConfUtils.java:logGet(46)) - raft.server.sleep.deviation.threshold = 300ms (default)
2024-04-21 07:17:29,043 [33d4fa9a-f1b5-45a2-9ce3-43c86fd82df2-groupManagement] INFO  server.RaftServer$Division (ServerState.java:<init>(113)) - 33d4fa9a-f1b5-45a2-9ce3-43c86fd82df2@group-DB6F9DC5174E: ConfigurationManager, init=-1: peers:[6cf56e53-88cb-4022-bd56-d9b5c4d884ee|10.1.0.102:15138, 9387e6e8-bf6d-4d10-9dc1-f1bd05fc02cf|10.1.0.102:15120, 33d4fa9a-f1b5-45a2-9ce3-43c86fd82df2|10.1.0.102:15129]|listeners:[], old=null, confs=<EMPTY_MAP>
2024-04-21 07:17:29,043 [33d4fa9a-f1b5-45a2-9ce3-43c86fd82df2-groupManagement] INFO  server.RaftServerConfigKeys (ConfUtils.java:logGet(46)) - raft.server.notification.no-leader.timeout = 300000ms (custom)
2024-04-21 07:17:29,043 [33d4fa9a-f1b5-45a2-9ce3-43c86fd82df2-groupManagement] INFO  server.RaftServerConfigKeys (ConfUtils.java:logGet(46)) - raft.server.read.timeout = 10s (default)
2024-04-21 07:17:29,043 [33d4fa9a-f1b5-45a2-9ce3-43c86fd82df2-groupManagement] INFO  server.RaftServerConfigKeys (ConfUtils.java:logGet(46)) - raft.server.retrycache.expirytime = 600000ms (custom)
2024-04-21 07:17:29,043 [33d4fa9a-f1b5-45a2-9ce3-43c86fd82df2-groupManagement] INFO  server.RaftServerConfigKeys (ConfUtils.java:logGet(46)) - raft.server.retrycache.statistics.expirytime = 100ms (default)
2024-04-21 07:17:29,044 [33d4fa9a-f1b5-45a2-9ce3-43c86fd82df2-groupManagement] INFO  server.RaftServerConfigKeys (ConfUtils.java:logGet(46)) - raft.server.read.option = DEFAULT (default)
2024-04-21 07:17:29,044 [33d4fa9a-f1b5-45a2-9ce3-43c86fd82df2-groupManagement] INFO  server.RaftServerConfigKeys (ConfUtils.java:logGet(46)) - raft.server.read.read-after-write-consistent.write-index-cache.expiry-time = 60s (default)
2024-04-21 07:17:29,045 [33d4fa9a-f1b5-45a2-9ce3-43c86fd82df2-groupManagement] INFO  server.RaftServerConfigKeys (ConfUtils.java:logGet(46)) - raft.server.rpc.request.timeout = 3000ms (default)
2024-04-21 07:17:29,045 [33d4fa9a-f1b5-45a2-9ce3-43c86fd82df2-groupManagement] INFO  server.RaftServerConfigKeys (ConfUtils.java:logGet(46)) - raft.server.log.appender.install.snapshot.enabled = false (custom)
2024-04-21 07:17:29,045 [33d4fa9a-f1b5-45a2-9ce3-43c86fd82df2-groupManagement] INFO  server.RaftServerConfigKeys (ConfUtils.java:logGet(46)) - raft.server.threadpool.server.cached = true (default)
2024-04-21 07:17:29,046 [33d4fa9a-f1b5-45a2-9ce3-43c86fd82df2-groupManagement] INFO  server.RaftServerConfigKeys (ConfUtils.java:logGet(46)) - raft.server.threadpool.server.size = 0 (default)
2024-04-21 07:17:29,046 [33d4fa9a-f1b5-45a2-9ce3-43c86fd82df2-groupManagement] INFO  server.RaftServerConfigKeys (ConfUtils.java:logGet(46)) - raft.server.threadpool.client.cached = true (default)
2024-04-21 07:17:29,046 [33d4fa9a-f1b5-45a2-9ce3-43c86fd82df2-groupManagement] INFO  server.RaftServerConfigKeys (ConfUtils.java:logGet(46)) - raft.server.threadpool.client.size = 0 (default)
2024-04-21 07:17:29,046 [33d4fa9a-f1b5-45a2-9ce3-43c86fd82df2-groupManagement] INFO  server.RaftServerConfigKeys (ConfUtils.java:logGet(46)) - raft.server.storage.free-space.min = 0MB (=0) (default)
2024-04-21 07:17:29,041 [6cf56e53-88cb-4022-bd56-d9b5c4d884ee-groupManagement] INFO  server.RaftServer$Division (RaftServerImpl.java:<init>(256)) - 6cf56e53-88cb-4022-bd56-d9b5c4d884ee: new RaftServerImpl for group-DB6F9DC5174E:[6cf56e53-88cb-4022-bd56-d9b5c4d884ee|10.1.0.102:15138, 9387e6e8-bf6d-4d10-9dc1-f1bd05fc02cf|10.1.0.102:15120, 33d4fa9a-f1b5-45a2-9ce3-43c86fd82df2|10.1.0.102:15129] with ContainerStateMachine:uninitialized
2024-04-21 07:17:29,046 [6cf56e53-88cb-4022-bd56-d9b5c4d884ee-groupManagement] INFO  server.RaftServerConfigKeys (ConfUtils.java:logGet(46)) - raft.server.rpc.timeout.min = 5s (custom)
2024-04-21 07:17:29,046 [6cf56e53-88cb-4022-bd56-d9b5c4d884ee-groupManagement] INFO  server.RaftServerConfigKeys (ConfUtils.java:logGet(46)) - raft.server.rpc.timeout.max = 5200ms (custom)
2024-04-21 07:17:29,046 [6cf56e53-88cb-4022-bd56-d9b5c4d884ee-groupManagement] INFO  server.RaftServerConfigKeys (ConfUtils.java:logGet(46)) - raft.server.rpc.sleep.time = 25ms (default)
2024-04-21 07:17:29,046 [6cf56e53-88cb-4022-bd56-d9b5c4d884ee-groupManagement] INFO  server.RaftServerConfigKeys (ConfUtils.java:logGet(46)) - raft.server.rpc.slowness.timeout = 300000ms (custom)
2024-04-21 07:17:29,046 [6cf56e53-88cb-4022-bd56-d9b5c4d884ee-groupManagement] INFO  server.RaftServerConfigKeys (ConfUtils.java:logGet(46)) - raft.server.leaderelection.leader.step-down.wait-time = 10s (default)
2024-04-21 07:17:29,046 [6cf56e53-88cb-4022-bd56-d9b5c4d884ee-groupManagement] INFO  server.RaftServerConfigKeys (ConfUtils.java:logGet(46)) - raft.server.leaderelection.member.majority-add = false (default)
2024-04-21 07:17:29,046 [6cf56e53-88cb-4022-bd56-d9b5c4d884ee-groupManagement] INFO  server.RaftServerConfigKeys (ConfUtils.java:logGet(46)) - raft.server.sleep.deviation.threshold = 300ms (default)
2024-04-21 07:17:29,047 [6cf56e53-88cb-4022-bd56-d9b5c4d884ee-groupManagement] INFO  server.RaftServer$Division (ServerState.java:<init>(113)) - 6cf56e53-88cb-4022-bd56-d9b5c4d884ee@group-DB6F9DC5174E: ConfigurationManager, init=-1: peers:[6cf56e53-88cb-4022-bd56-d9b5c4d884ee|10.1.0.102:15138, 9387e6e8-bf6d-4d10-9dc1-f1bd05fc02cf|10.1.0.102:15120, 33d4fa9a-f1b5-45a2-9ce3-43c86fd82df2|10.1.0.102:15129]|listeners:[], old=null, confs=<EMPTY_MAP>
2024-04-21 07:17:29,047 [6cf56e53-88cb-4022-bd56-d9b5c4d884ee-groupManagement] INFO  server.RaftServerConfigKeys (ConfUtils.java:logGet(46)) - raft.server.notification.no-leader.timeout = 300000ms (custom)
2024-04-21 07:17:29,047 [6cf56e53-88cb-4022-bd56-d9b5c4d884ee-groupManagement] INFO  server.RaftServerConfigKeys (ConfUtils.java:logGet(46)) - raft.server.read.timeout = 10s (default)
2024-04-21 07:17:29,047 [6cf56e53-88cb-4022-bd56-d9b5c4d884ee-groupManagement] INFO  server.RaftServerConfigKeys (ConfUtils.java:logGet(46)) - raft.server.retrycache.expirytime = 600000ms (custom)
2024-04-21 07:17:29,047 [6cf56e53-88cb-4022-bd56-d9b5c4d884ee-groupManagement] INFO  server.RaftServerConfigKeys (ConfUtils.java:logGet(46)) - raft.server.retrycache.statistics.expirytime = 100ms (default)
2024-04-21 07:17:29,047 [6cf56e53-88cb-4022-bd56-d9b5c4d884ee-groupManagement] INFO  server.RaftServerConfigKeys (ConfUtils.java:logGet(46)) - raft.server.read.option = DEFAULT (default)
2024-04-21 07:17:29,047 [6cf56e53-88cb-4022-bd56-d9b5c4d884ee-groupManagement] INFO  server.RaftServerConfigKeys (ConfUtils.java:logGet(46)) - raft.server.read.read-after-write-consistent.write-index-cache.expiry-time = 60s (default)
2024-04-21 07:17:29,046 [33d4fa9a-f1b5-45a2-9ce3-43c86fd82df2-groupManagement] INFO  server.RaftServerConfigKeys (ConfUtils.java:logGet(46)) - raft.server.log.corruption.policy = EXCEPTION (default)
2024-04-21 07:17:29,048 [33d4fa9a-f1b5-45a2-9ce3-43c86fd82df2-groupManagement] INFO  server.RaftServerConfigKeys (ConfUtils.java:logGet(46)) - raft.server.storage.dir = [/home/runner/work/ozone/ozone/hadoop-ozone/integration-test/target/test-dir/MiniOzoneClusterImpl-ed39ddd9-82bf-4bf6-8741-acb42c98007c/ozone-meta/datanode-2/ratis] (custom)
2024-04-21 07:17:29,048 [33d4fa9a-f1b5-45a2-9ce3-43c86fd82df2-groupManagement] INFO  storage.RaftStorageDirectory (RaftStorageDirectoryImpl.java:analyzeStorage(138)) - The storage directory /home/runner/work/ozone/ozone/hadoop-ozone/integration-test/target/test-dir/MiniOzoneClusterImpl-ed39ddd9-82bf-4bf6-8741-acb42c98007c/ozone-meta/datanode-2/ratis/a86e7278-1226-4d94-889b-db6f9dc5174e does not exist. Creating ...
2024-04-21 07:17:29,049 [33d4fa9a-f1b5-45a2-9ce3-43c86fd82df2-groupManagement] INFO  storage.RaftStorageDirectory (RaftStorageDirectoryImpl.java:tryLock(228)) - Lock on /home/runner/work/ozone/ozone/hadoop-ozone/integration-test/target/test-dir/MiniOzoneClusterImpl-ed39ddd9-82bf-4bf6-8741-acb42c98007c/ozone-meta/datanode-2/ratis/a86e7278-1226-4d94-889b-db6f9dc5174e/in_use.lock acquired by nodename 52185@fv-az1428-63
2024-04-21 07:17:29,049 [6cf56e53-88cb-4022-bd56-d9b5c4d884ee-groupManagement] INFO  server.RaftServerConfigKeys (ConfUtils.java:logGet(46)) - raft.server.rpc.request.timeout = 3000ms (default)
2024-04-21 07:17:29,051 [9387e6e8-bf6d-4d10-9dc1-f1bd05fc02cf-PipelineCommandHandlerThread-0] INFO  commandhandler.CreatePipelineCommandHandler (CreatePipelineCommandHandler.java:lambda$handle$2(124)) - Created Pipeline RATIS THREE PipelineID=0ea19662-297e-47e6-b59a-85f3280a5d9a.
2024-04-21 07:17:29,049 [a45323a7-bc80-446e-b427-0ffb34a72641-groupManagement] INFO  util.AwaitToRun (AwaitToRun.java:start(81)) - Thread[a45323a7-bc80-446e-b427-0ffb34a72641@group-43B368CDAB69-cacheEviction-AwaitToRun,5,main] started
2024-04-21 07:17:29,051 [a45323a7-bc80-446e-b427-0ffb34a72641-groupManagement] INFO  segmented.SegmentedRaftLogWorker (SegmentedRaftLogWorker.java:<init>(182)) - new a45323a7-bc80-446e-b427-0ffb34a72641@group-43B368CDAB69-SegmentedRaftLogWorker for RaftStorageImpl:Storage Directory /home/runner/work/ozone/ozone/hadoop-ozone/integration-test/target/test-dir/MiniOzoneClusterImpl-ed39ddd9-82bf-4bf6-8741-acb42c98007c/ozone-meta/datanode-4/ratis/890b1400-59a5-4b01-aaf9-43b368cdab69
2024-04-21 07:17:29,051 [a45323a7-bc80-446e-b427-0ffb34a72641-groupManagement] INFO  server.RaftServerConfigKeys (ConfUtils.java:logGet(46)) - raft.server.log.queue.byte-limit = 4294967296 (custom)
2024-04-21 07:17:29,051 [a45323a7-bc80-446e-b427-0ffb34a72641-groupManagement] INFO  server.RaftServerConfigKeys (ConfUtils.java:logGet(46)) - raft.server.log.queue.element-limit = 1024 (custom)
2024-04-21 07:17:29,051 [a45323a7-bc80-446e-b427-0ffb34a72641-groupManagement] INFO  server.RaftServerConfigKeys (ConfUtils.java:logGet(46)) - raft.server.log.segment.size.max = 67108864 (custom)
2024-04-21 07:17:29,051 [a45323a7-bc80-446e-b427-0ffb34a72641-groupManagement] INFO  server.RaftServerConfigKeys (ConfUtils.java:logGet(46)) - raft.server.log.preallocated.size = 4194304 (custom)
2024-04-21 07:17:29,052 [a45323a7-bc80-446e-b427-0ffb34a72641-groupManagement] INFO  server.RaftServerConfigKeys (ConfUtils.java:logGet(46)) - raft.server.log.force.sync.num = 128 (default)
2024-04-21 07:17:29,052 [a45323a7-bc80-446e-b427-0ffb34a72641-groupManagement] INFO  server.RaftServerConfigKeys (ConfUtils.java:logGet(46)) - raft.server.log.statemachine.data.sync = true (default)
2024-04-21 07:17:29,052 [a45323a7-bc80-446e-b427-0ffb34a72641-groupManagement] INFO  server.RaftServerConfigKeys (ConfUtils.java:logGet(46)) - raft.server.log.statemachine.data.sync.timeout = 10s (default)
2024-04-21 07:17:29,051 [9387e6e8-bf6d-4d10-9dc1-f1bd05fc02cf-PipelineCommandHandlerThread-0] INFO  server.RaftServer (RaftServerProxy.java:addNew(100)) - 9387e6e8-bf6d-4d10-9dc1-f1bd05fc02cf: addNew group-DB6F9DC5174E:[6cf56e53-88cb-4022-bd56-d9b5c4d884ee|10.1.0.102:15138, 9387e6e8-bf6d-4d10-9dc1-f1bd05fc02cf|10.1.0.102:15120, 33d4fa9a-f1b5-45a2-9ce3-43c86fd82df2|10.1.0.102:15129] returns group-DB6F9DC5174E:java.util.concurrent.CompletableFuture@166322d7[Not completed]
2024-04-21 07:17:29,052 [a45323a7-bc80-446e-b427-0ffb34a72641-groupManagement] INFO  server.RaftServerConfigKeys (ConfUtils.java:logGet(46)) - raft.server.log.statemachine.data.sync.timeout.retry = 30 (custom)
2024-04-21 07:17:29,052 [a45323a7-bc80-446e-b427-0ffb34a72641-groupManagement] INFO  server.RaftServerConfigKeys (ConfUtils.java:logGet(46)) - raft.server.log.write.buffer.size = 8388616 (custom)
2024-04-21 07:17:29,053 [33d4fa9a-f1b5-45a2-9ce3-43c86fd82df2-groupManagement] INFO  storage.RaftStorage (RaftStorageImpl.java:format(99)) - Storage directory /home/runner/work/ozone/ozone/hadoop-ozone/integration-test/target/test-dir/MiniOzoneClusterImpl-ed39ddd9-82bf-4bf6-8741-acb42c98007c/ozone-meta/datanode-2/ratis/a86e7278-1226-4d94-889b-db6f9dc5174e has been successfully formatted.
2024-04-21 07:17:29,053 [33d4fa9a-f1b5-45a2-9ce3-43c86fd82df2-groupManagement] WARN  util.FileUtils (LogUtils.java:supplyAndLog(63)) - Failed to Files.newInputStream /home/runner/work/ozone/ozone/hadoop-ozone/integration-test/target/test-dir/MiniOzoneClusterImpl-ed39ddd9-82bf-4bf6-8741-acb42c98007c/ozone-meta/datanode-2/ratis/a86e7278-1226-4d94-889b-db6f9dc5174e/current/raft-meta.conf with options []: java.nio.file.NoSuchFileException: /home/runner/work/ozone/ozone/hadoop-ozone/integration-test/target/test-dir/MiniOzoneClusterImpl-ed39ddd9-82bf-4bf6-8741-acb42c98007c/ozone-meta/datanode-2/ratis/a86e7278-1226-4d94-889b-db6f9dc5174e/current/raft-meta.conf
2024-04-21 07:17:29,053 [33d4fa9a-f1b5-45a2-9ce3-43c86fd82df2-groupManagement] INFO  ratis.ContainerStateMachine (ContainerStateMachine.java:loadSnapshot(287)) - group-DB6F9DC5174E: The snapshot info is null. Setting the last applied index to:(t:0, i:~)
2024-04-21 07:17:29,053 [33d4fa9a-f1b5-45a2-9ce3-43c86fd82df2-groupManagement] INFO  server.RaftServerConfigKeys (ConfUtils.java:logGet(46)) - raft.server.log.use.memory = false (default)
2024-04-21 07:17:29,053 [33d4fa9a-f1b5-45a2-9ce3-43c86fd82df2-groupManagement] INFO  server.RaftServerConfigKeys (ConfUtils.java:logGet(46)) - raft.server.log.purge.gap = 1000000 (custom)
2024-04-21 07:17:29,054 [33d4fa9a-f1b5-45a2-9ce3-43c86fd82df2-groupManagement] INFO  server.RaftServerConfigKeys (ConfUtils.java:logGet(46)) - raft.server.log.appender.buffer.byte-limit = 8388608 (custom)
2024-04-21 07:17:29,054 [33d4fa9a-f1b5-45a2-9ce3-43c86fd82df2-groupManagement] INFO  server.RaftServerConfigKeys (ConfUtils.java:logGet(46)) - raft.server.log.statemachine.data.read.timeout = 1000ms (default)
2024-04-21 07:17:29,054 [33d4fa9a-f1b5-45a2-9ce3-43c86fd82df2-groupManagement] INFO  server.RaftServerConfigKeys (ConfUtils.java:logGet(46)) - raft.server.log.purge.preservation.log.num = 0 (default)
2024-04-21 07:17:29,052 [9387e6e8-bf6d-4d10-9dc1-f1bd05fc02cf-groupManagement] INFO  server.RaftServer$Division (RaftServerImpl.java:<init>(256)) - 9387e6e8-bf6d-4d10-9dc1-f1bd05fc02cf: new RaftServerImpl for group-DB6F9DC5174E:[6cf56e53-88cb-4022-bd56-d9b5c4d884ee|10.1.0.102:15138, 9387e6e8-bf6d-4d10-9dc1-f1bd05fc02cf|10.1.0.102:15120, 33d4fa9a-f1b5-45a2-9ce3-43c86fd82df2|10.1.0.102:15129] with ContainerStateMachine:uninitialized
2024-04-21 07:17:29,055 [9387e6e8-bf6d-4d10-9dc1-f1bd05fc02cf-groupManagement] INFO  server.RaftServerConfigKeys (ConfUtils.java:logGet(46)) - raft.server.rpc.timeout.min = 5s (custom)
2024-04-21 07:17:29,055 [9387e6e8-bf6d-4d10-9dc1-f1bd05fc02cf-groupManagement] INFO  server.RaftServerConfigKeys (ConfUtils.java:logGet(46)) - raft.server.rpc.timeout.max = 5200ms (custom)
2024-04-21 07:17:29,055 [9387e6e8-bf6d-4d10-9dc1-f1bd05fc02cf-groupManagement] INFO  server.RaftServerConfigKeys (ConfUtils.java:logGet(46)) - raft.server.rpc.sleep.time = 25ms (default)
2024-04-21 07:17:29,055 [9387e6e8-bf6d-4d10-9dc1-f1bd05fc02cf-groupManagement] INFO  server.RaftServerConfigKeys (ConfUtils.java:logGet(46)) - raft.server.rpc.slowness.timeout = 300000ms (custom)
2024-04-21 07:17:29,055 [9387e6e8-bf6d-4d10-9dc1-f1bd05fc02cf-groupManagement] INFO  server.RaftServerConfigKeys (ConfUtils.java:logGet(46)) - raft.server.leaderelection.leader.step-down.wait-time = 10s (default)
2024-04-21 07:17:29,055 [9387e6e8-bf6d-4d10-9dc1-f1bd05fc02cf-groupManagement] INFO  server.RaftServerConfigKeys (ConfUtils.java:logGet(46)) - raft.server.leaderelection.member.majority-add = false (default)
2024-04-21 07:17:29,055 [9387e6e8-bf6d-4d10-9dc1-f1bd05fc02cf-groupManagement] INFO  server.RaftServerConfigKeys (ConfUtils.java:logGet(46)) - raft.server.sleep.deviation.threshold = 300ms (default)
2024-04-21 07:17:29,055 [9387e6e8-bf6d-4d10-9dc1-f1bd05fc02cf-groupManagement] INFO  server.RaftServer$Division (ServerState.java:<init>(113)) - 9387e6e8-bf6d-4d10-9dc1-f1bd05fc02cf@group-DB6F9DC5174E: ConfigurationManager, init=-1: peers:[6cf56e53-88cb-4022-bd56-d9b5c4d884ee|10.1.0.102:15138, 9387e6e8-bf6d-4d10-9dc1-f1bd05fc02cf|10.1.0.102:15120, 33d4fa9a-f1b5-45a2-9ce3-43c86fd82df2|10.1.0.102:15129]|listeners:[], old=null, confs=<EMPTY_MAP>
2024-04-21 07:17:29,055 [9387e6e8-bf6d-4d10-9dc1-f1bd05fc02cf-groupManagement] INFO  server.RaftServerConfigKeys (ConfUtils.java:logGet(46)) - raft.server.notification.no-leader.timeout = 300000ms (custom)
2024-04-21 07:17:29,056 [9387e6e8-bf6d-4d10-9dc1-f1bd05fc02cf-groupManagement] INFO  server.RaftServerConfigKeys (ConfUtils.java:logGet(46)) - raft.server.read.timeout = 10s (default)
2024-04-21 07:17:29,056 [9387e6e8-bf6d-4d10-9dc1-f1bd05fc02cf-groupManagement] INFO  server.RaftServerConfigKeys (ConfUtils.java:logGet(46)) - raft.server.retrycache.expirytime = 600000ms (custom)
2024-04-21 07:17:29,056 [9387e6e8-bf6d-4d10-9dc1-f1bd05fc02cf-groupManagement] INFO  server.RaftServerConfigKeys (ConfUtils.java:logGet(46)) - raft.server.retrycache.statistics.expirytime = 100ms (default)
2024-04-21 07:17:29,056 [9387e6e8-bf6d-4d10-9dc1-f1bd05fc02cf-groupManagement] INFO  server.RaftServerConfigKeys (ConfUtils.java:logGet(46)) - raft.server.read.option = DEFAULT (default)
2024-04-21 07:17:29,056 [9387e6e8-bf6d-4d10-9dc1-f1bd05fc02cf-groupManagement] INFO  server.RaftServerConfigKeys (ConfUtils.java:logGet(46)) - raft.server.read.read-after-write-consistent.write-index-cache.expiry-time = 60s (default)
2024-04-21 07:17:29,057 [EventQueue-OpenPipelineForHealthyPipelineSafeModeRule] INFO  safemode.SCMSafeModeManager (HealthyPipelineSafeModeRule.java:process(140)) - SCM in safe mode. Healthy pipelines reported count is 0, required healthy pipeline reported count is 1
2024-04-21 07:17:29,054 [a45323a7-bc80-446e-b427-0ffb34a72641-groupManagement] INFO  server.RaftServerConfigKeys (ConfUtils.java:logGet(46)) - raft.server.log.appender.buffer.byte-limit = 8388608 (custom)
2024-04-21 07:17:29,057 [a45323a7-bc80-446e-b427-0ffb34a72641-groupManagement] INFO  server.RaftServerConfigKeys (ConfUtils.java:logGet(46)) - raft.server.log.unsafe-flush.enabled = false (default)
2024-04-21 07:17:29,057 [a45323a7-bc80-446e-b427-0ffb34a72641-groupManagement] INFO  server.RaftServerConfigKeys (ConfUtils.java:logGet(46)) - raft.server.log.async-flush.enabled = false (default)
2024-04-21 07:17:29,057 [a45323a7-bc80-446e-b427-0ffb34a72641-groupManagement] INFO  server.RaftServerConfigKeys (ConfUtils.java:logGet(46)) - raft.server.log.statemachine.data.caching.enabled = true (custom)
2024-04-21 07:17:29,058 [a45323a7-bc80-446e-b427-0ffb34a72641-groupManagement] INFO  segmented.SegmentedRaftLogWorker (SegmentedRaftLogWorker.java:lambda$new$0(134)) - a45323a7-bc80-446e-b427-0ffb34a72641@group-43B368CDAB69-SegmentedRaftLogWorker: flushIndex: setUnconditionally 0 -> -1
2024-04-21 07:17:29,058 [a45323a7-bc80-446e-b427-0ffb34a72641-groupManagement] INFO  segmented.SegmentedRaftLogWorker (SegmentedRaftLogWorker.java:lambda$new$0(134)) - a45323a7-bc80-446e-b427-0ffb34a72641@group-43B368CDAB69-SegmentedRaftLogWorker: safeCacheEvictIndex: setUnconditionally 0 -> -1
2024-04-21 07:17:29,058 [6cf56e53-88cb-4022-bd56-d9b5c4d884ee-groupManagement] INFO  server.RaftServerConfigKeys (ConfUtils.java:logGet(46)) - raft.server.log.appender.install.snapshot.enabled = false (custom)
2024-04-21 07:17:29,058 [9387e6e8-bf6d-4d10-9dc1-f1bd05fc02cf-groupManagement] INFO  server.RaftServerConfigKeys (ConfUtils.java:logGet(46)) - raft.server.rpc.request.timeout = 3000ms (default)
2024-04-21 07:17:29,058 [9387e6e8-bf6d-4d10-9dc1-f1bd05fc02cf-groupManagement] INFO  server.RaftServerConfigKeys (ConfUtils.java:logGet(46)) - raft.server.log.appender.install.snapshot.enabled = false (custom)
2024-04-21 07:17:29,058 [9387e6e8-bf6d-4d10-9dc1-f1bd05fc02cf-groupManagement] INFO  server.RaftServerConfigKeys (ConfUtils.java:logGet(46)) - raft.server.threadpool.server.cached = true (default)
2024-04-21 07:17:29,058 [9387e6e8-bf6d-4d10-9dc1-f1bd05fc02cf-groupManagement] INFO  server.RaftServerConfigKeys (ConfUtils.java:logGet(46)) - raft.server.threadpool.server.size = 0 (default)
2024-04-21 07:17:29,058 [9387e6e8-bf6d-4d10-9dc1-f1bd05fc02cf-groupManagement] INFO  server.RaftServerConfigKeys (ConfUtils.java:logGet(46)) - raft.server.threadpool.client.cached = true (default)
2024-04-21 07:17:29,058 [9387e6e8-bf6d-4d10-9dc1-f1bd05fc02cf-groupManagement] INFO  server.RaftServerConfigKeys (ConfUtils.java:logGet(46)) - raft.server.threadpool.client.size = 0 (default)
2024-04-21 07:17:29,058 [9387e6e8-bf6d-4d10-9dc1-f1bd05fc02cf-groupManagement] INFO  server.RaftServerConfigKeys (ConfUtils.java:logGet(46)) - raft.server.storage.free-space.min = 0MB (=0) (default)
2024-04-21 07:17:29,058 [9387e6e8-bf6d-4d10-9dc1-f1bd05fc02cf-groupManagement] INFO  server.RaftServerConfigKeys (ConfUtils.java:logGet(46)) - raft.server.log.corruption.policy = EXCEPTION (default)
2024-04-21 07:17:29,059 [9387e6e8-bf6d-4d10-9dc1-f1bd05fc02cf-groupManagement] INFO  server.RaftServerConfigKeys (ConfUtils.java:logGet(46)) - raft.server.storage.dir = [/home/runner/work/ozone/ozone/hadoop-ozone/integration-test/target/test-dir/MiniOzoneClusterImpl-ed39ddd9-82bf-4bf6-8741-acb42c98007c/ozone-meta/datanode-1/ratis] (custom)
2024-04-21 07:17:29,059 [33d4fa9a-f1b5-45a2-9ce3-43c86fd82df2-groupManagement] INFO  server.RaftServerConfigKeys (ConfUtils.java:logGet(46)) - raft.server.log.segment.size.max = 67108864 (custom)
2024-04-21 07:17:29,059 [9387e6e8-bf6d-4d10-9dc1-f1bd05fc02cf-groupManagement] INFO  storage.RaftStorageDirectory (RaftStorageDirectoryImpl.java:analyzeStorage(138)) - The storage directory /home/runner/work/ozone/ozone/hadoop-ozone/integration-test/target/test-dir/MiniOzoneClusterImpl-ed39ddd9-82bf-4bf6-8741-acb42c98007c/ozone-meta/datanode-1/ratis/a86e7278-1226-4d94-889b-db6f9dc5174e does not exist. Creating ...
2024-04-21 07:17:29,059 [33d4fa9a-f1b5-45a2-9ce3-43c86fd82df2-groupManagement] INFO  server.RaftServerConfigKeys (ConfUtils.java:logGet(46)) - raft.server.log.segment.cache.num.max = 2 (custom)
2024-04-21 07:17:29,059 [33d4fa9a-f1b5-45a2-9ce3-43c86fd82df2-groupManagement] INFO  server.RaftServerConfigKeys (ConfUtils.java:logGet(46)) - raft.server.log.segment.cache.size.max = 200MB (=209715200) (default)
2024-04-21 07:17:29,059 [33d4fa9a-f1b5-45a2-9ce3-43c86fd82df2-groupManagement] INFO  server.RaftServerConfigKeys (ConfUtils.java:logGet(46)) - raft.server.log.appender.buffer.byte-limit = 8388608 (custom)
2024-04-21 07:17:29,059 [6cf56e53-88cb-4022-bd56-d9b5c4d884ee-groupManagement] INFO  server.RaftServerConfigKeys (ConfUtils.java:logGet(46)) - raft.server.threadpool.server.cached = true (default)
2024-04-21 07:17:29,059 [6cf56e53-88cb-4022-bd56-d9b5c4d884ee-groupManagement] INFO  server.RaftServerConfigKeys (ConfUtils.java:logGet(46)) - raft.server.threadpool.server.size = 0 (default)
2024-04-21 07:17:29,059 [6cf56e53-88cb-4022-bd56-d9b5c4d884ee-groupManagement] INFO  server.RaftServerConfigKeys (ConfUtils.java:logGet(46)) - raft.server.threadpool.client.cached = true (default)
2024-04-21 07:17:29,059 [6cf56e53-88cb-4022-bd56-d9b5c4d884ee-groupManagement] INFO  server.RaftServerConfigKeys (ConfUtils.java:logGet(46)) - raft.server.threadpool.client.size = 0 (default)
2024-04-21 07:17:29,059 [6cf56e53-88cb-4022-bd56-d9b5c4d884ee-groupManagement] INFO  server.RaftServerConfigKeys (ConfUtils.java:logGet(46)) - raft.server.storage.free-space.min = 0MB (=0) (default)
2024-04-21 07:17:29,060 [6cf56e53-88cb-4022-bd56-d9b5c4d884ee-groupManagement] INFO  server.RaftServerConfigKeys (ConfUtils.java:logGet(46)) - raft.server.log.corruption.policy = EXCEPTION (default)
2024-04-21 07:17:29,060 [6cf56e53-88cb-4022-bd56-d9b5c4d884ee-groupManagement] INFO  server.RaftServerConfigKeys (ConfUtils.java:logGet(46)) - raft.server.storage.dir = [/home/runner/work/ozone/ozone/hadoop-ozone/integration-test/target/test-dir/MiniOzoneClusterImpl-ed39ddd9-82bf-4bf6-8741-acb42c98007c/ozone-meta/datanode-3/ratis] (custom)
2024-04-21 07:17:29,060 [6cf56e53-88cb-4022-bd56-d9b5c4d884ee-groupManagement] INFO  storage.RaftStorageDirectory (RaftStorageDirectoryImpl.java:analyzeStorage(138)) - The storage directory /home/runner/work/ozone/ozone/hadoop-ozone/integration-test/target/test-dir/MiniOzoneClusterImpl-ed39ddd9-82bf-4bf6-8741-acb42c98007c/ozone-meta/datanode-3/ratis/a86e7278-1226-4d94-889b-db6f9dc5174e does not exist. Creating ...
2024-04-21 07:17:29,060 [9387e6e8-bf6d-4d10-9dc1-f1bd05fc02cf-groupManagement] INFO  storage.RaftStorageDirectory (RaftStorageDirectoryImpl.java:tryLock(228)) - Lock on /home/runner/work/ozone/ozone/hadoop-ozone/integration-test/target/test-dir/MiniOzoneClusterImpl-ed39ddd9-82bf-4bf6-8741-acb42c98007c/ozone-meta/datanode-1/ratis/a86e7278-1226-4d94-889b-db6f9dc5174e/in_use.lock acquired by nodename 52185@fv-az1428-63
2024-04-21 07:17:29,061 [6cf56e53-88cb-4022-bd56-d9b5c4d884ee-groupManagement] INFO  storage.RaftStorageDirectory (RaftStorageDirectoryImpl.java:tryLock(228)) - Lock on /home/runner/work/ozone/ozone/hadoop-ozone/integration-test/target/test-dir/MiniOzoneClusterImpl-ed39ddd9-82bf-4bf6-8741-acb42c98007c/ozone-meta/datanode-3/ratis/a86e7278-1226-4d94-889b-db6f9dc5174e/in_use.lock acquired by nodename 52185@fv-az1428-63
2024-04-21 07:17:29,062 [9387e6e8-bf6d-4d10-9dc1-f1bd05fc02cf-groupManagement] INFO  storage.RaftStorage (RaftStorageImpl.java:format(99)) - Storage directory /home/runner/work/ozone/ozone/hadoop-ozone/integration-test/target/test-dir/MiniOzoneClusterImpl-ed39ddd9-82bf-4bf6-8741-acb42c98007c/ozone-meta/datanode-1/ratis/a86e7278-1226-4d94-889b-db6f9dc5174e has been successfully formatted.
2024-04-21 07:17:29,062 [9387e6e8-bf6d-4d10-9dc1-f1bd05fc02cf-groupManagement] WARN  util.FileUtils (LogUtils.java:supplyAndLog(63)) - Failed to Files.newInputStream /home/runner/work/ozone/ozone/hadoop-ozone/integration-test/target/test-dir/MiniOzoneClusterImpl-ed39ddd9-82bf-4bf6-8741-acb42c98007c/ozone-meta/datanode-1/ratis/a86e7278-1226-4d94-889b-db6f9dc5174e/current/raft-meta.conf with options []: java.nio.file.NoSuchFileException: /home/runner/work/ozone/ozone/hadoop-ozone/integration-test/target/test-dir/MiniOzoneClusterImpl-ed39ddd9-82bf-4bf6-8741-acb42c98007c/ozone-meta/datanode-1/ratis/a86e7278-1226-4d94-889b-db6f9dc5174e/current/raft-meta.conf
2024-04-21 07:17:29,062 [6cf56e53-88cb-4022-bd56-d9b5c4d884ee-groupManagement] INFO  storage.RaftStorage (RaftStorageImpl.java:format(99)) - Storage directory /home/runner/work/ozone/ozone/hadoop-ozone/integration-test/target/test-dir/MiniOzoneClusterImpl-ed39ddd9-82bf-4bf6-8741-acb42c98007c/ozone-meta/datanode-3/ratis/a86e7278-1226-4d94-889b-db6f9dc5174e has been successfully formatted.
2024-04-21 07:17:29,062 [6cf56e53-88cb-4022-bd56-d9b5c4d884ee-groupManagement] WARN  util.FileUtils (LogUtils.java:supplyAndLog(63)) - Failed to Files.newInputStream /home/runner/work/ozone/ozone/hadoop-ozone/integration-test/target/test-dir/MiniOzoneClusterImpl-ed39ddd9-82bf-4bf6-8741-acb42c98007c/ozone-meta/datanode-3/ratis/a86e7278-1226-4d94-889b-db6f9dc5174e/current/raft-meta.conf with options []: java.nio.file.NoSuchFileException: /home/runner/work/ozone/ozone/hadoop-ozone/integration-test/target/test-dir/MiniOzoneClusterImpl-ed39ddd9-82bf-4bf6-8741-acb42c98007c/ozone-meta/datanode-3/ratis/a86e7278-1226-4d94-889b-db6f9dc5174e/current/raft-meta.conf
2024-04-21 07:17:29,064 [a45323a7-bc80-446e-b427-0ffb34a72641-groupManagement] INFO  server.RaftServer$Division (RaftServerImpl.java:start(396)) - a45323a7-bc80-446e-b427-0ffb34a72641@group-43B368CDAB69: start as a follower, conf=-1: peers:[a45323a7-bc80-446e-b427-0ffb34a72641|10.1.0.102:15147]|listeners:[], old=null
2024-04-21 07:17:29,064 [a45323a7-bc80-446e-b427-0ffb34a72641-groupManagement] INFO  server.RaftServer$Division (RaftServerImpl.java:setRole(383)) - a45323a7-bc80-446e-b427-0ffb34a72641@group-43B368CDAB69: changes role from      null to FOLLOWER at term 0 for startAsFollower
2024-04-21 07:17:29,064 [a45323a7-bc80-446e-b427-0ffb34a72641-groupManagement] INFO  impl.RoleInfo (RoleInfo.java:updateAndGet(139)) - a45323a7-bc80-446e-b427-0ffb34a72641: start a45323a7-bc80-446e-b427-0ffb34a72641@group-43B368CDAB69-FollowerState
2024-04-21 07:17:29,064 [a45323a7-bc80-446e-b427-0ffb34a72641-groupManagement] INFO  util.JmxRegister (JmxRegister.java:tryRegister(44)) - Successfully registered JMX Bean with object name Ratis:service=RaftServer,group=group-43B368CDAB69,id=a45323a7-bc80-446e-b427-0ffb34a72641
2024-04-21 07:17:29,064 [a45323a7-bc80-446e-b427-0ffb34a72641@group-43B368CDAB69-FollowerState] INFO  server.RaftServerConfigKeys (ConfUtils.java:logFallback(53)) - raft.server.rpc.first-election.timeout.min = 5s (fallback to raft.server.rpc.timeout.min)
2024-04-21 07:17:29,064 [a45323a7-bc80-446e-b427-0ffb34a72641-groupManagement] INFO  server.RaftServerConfigKeys (ConfUtils.java:logGet(46)) - raft.server.snapshot.trigger-when-stop.enabled = true (default)
2024-04-21 07:17:29,064 [a45323a7-bc80-446e-b427-0ffb34a72641@group-43B368CDAB69-FollowerState] INFO  server.RaftServerConfigKeys (ConfUtils.java:logFallback(53)) - raft.server.rpc.first-election.timeout.max = 5200ms (fallback to raft.server.rpc.timeout.max)
2024-04-21 07:17:29,064 [6cf56e53-88cb-4022-bd56-d9b5c4d884ee-groupManagement] INFO  ratis.ContainerStateMachine (ContainerStateMachine.java:loadSnapshot(287)) - group-DB6F9DC5174E: The snapshot info is null. Setting the last applied index to:(t:0, i:~)
2024-04-21 07:17:29,064 [9387e6e8-bf6d-4d10-9dc1-f1bd05fc02cf-groupManagement] INFO  ratis.ContainerStateMachine (ContainerStateMachine.java:loadSnapshot(287)) - group-DB6F9DC5174E: The snapshot info is null. Setting the last applied index to:(t:0, i:~)
2024-04-21 07:17:29,065 [9387e6e8-bf6d-4d10-9dc1-f1bd05fc02cf-groupManagement] INFO  server.RaftServerConfigKeys (ConfUtils.java:logGet(46)) - raft.server.log.use.memory = false (default)
2024-04-21 07:17:29,064 [a45323a7-bc80-446e-b427-0ffb34a72641-groupManagement] INFO  server.RaftServerConfigKeys (ConfUtils.java:logGet(46)) - raft.server.snapshot.auto.trigger.enabled = true (custom)
2024-04-21 07:17:29,065 [9387e6e8-bf6d-4d10-9dc1-f1bd05fc02cf-groupManagement] INFO  server.RaftServerConfigKeys (ConfUtils.java:logGet(46)) - raft.server.log.purge.gap = 1000000 (custom)
2024-04-21 07:17:29,065 [33d4fa9a-f1b5-45a2-9ce3-43c86fd82df2-groupManagement] INFO  util.AwaitToRun (AwaitToRun.java:start(81)) - Thread[33d4fa9a-f1b5-45a2-9ce3-43c86fd82df2@group-DB6F9DC5174E-cacheEviction-AwaitToRun,5,main] started
2024-04-21 07:17:29,065 [33d4fa9a-f1b5-45a2-9ce3-43c86fd82df2-groupManagement] INFO  segmented.SegmentedRaftLogWorker (SegmentedRaftLogWorker.java:<init>(182)) - new 33d4fa9a-f1b5-45a2-9ce3-43c86fd82df2@group-DB6F9DC5174E-SegmentedRaftLogWorker for RaftStorageImpl:Storage Directory /home/runner/work/ozone/ozone/hadoop-ozone/integration-test/target/test-dir/MiniOzoneClusterImpl-ed39ddd9-82bf-4bf6-8741-acb42c98007c/ozone-meta/datanode-2/ratis/a86e7278-1226-4d94-889b-db6f9dc5174e
2024-04-21 07:17:29,065 [33d4fa9a-f1b5-45a2-9ce3-43c86fd82df2-groupManagement] INFO  server.RaftServerConfigKeys (ConfUtils.java:logGet(46)) - raft.server.log.queue.byte-limit = 4294967296 (custom)
2024-04-21 07:17:29,065 [33d4fa9a-f1b5-45a2-9ce3-43c86fd82df2-groupManagement] INFO  server.RaftServerConfigKeys (ConfUtils.java:logGet(46)) - raft.server.log.queue.element-limit = 1024 (custom)
2024-04-21 07:17:29,065 [33d4fa9a-f1b5-45a2-9ce3-43c86fd82df2-groupManagement] INFO  server.RaftServerConfigKeys (ConfUtils.java:logGet(46)) - raft.server.log.segment.size.max = 67108864 (custom)
2024-04-21 07:17:29,065 [33d4fa9a-f1b5-45a2-9ce3-43c86fd82df2-groupManagement] INFO  server.RaftServerConfigKeys (ConfUtils.java:logGet(46)) - raft.server.log.preallocated.size = 4194304 (custom)
2024-04-21 07:17:29,065 [33d4fa9a-f1b5-45a2-9ce3-43c86fd82df2-groupManagement] INFO  server.RaftServerConfigKeys (ConfUtils.java:logGet(46)) - raft.server.log.force.sync.num = 128 (default)
2024-04-21 07:17:29,065 [33d4fa9a-f1b5-45a2-9ce3-43c86fd82df2-groupManagement] INFO  server.RaftServerConfigKeys (ConfUtils.java:logGet(46)) - raft.server.log.statemachine.data.sync = true (default)
2024-04-21 07:17:29,065 [33d4fa9a-f1b5-45a2-9ce3-43c86fd82df2-groupManagement] INFO  server.RaftServerConfigKeys (ConfUtils.java:logGet(46)) - raft.server.log.statemachine.data.sync.timeout = 10s (default)
2024-04-21 07:17:29,066 [33d4fa9a-f1b5-45a2-9ce3-43c86fd82df2-groupManagement] INFO  server.RaftServerConfigKeys (ConfUtils.java:logGet(46)) - raft.server.log.statemachine.data.sync.timeout.retry = 30 (custom)
2024-04-21 07:17:29,066 [33d4fa9a-f1b5-45a2-9ce3-43c86fd82df2-groupManagement] INFO  server.RaftServerConfigKeys (ConfUtils.java:logGet(46)) - raft.server.log.write.buffer.size = 8388616 (custom)
2024-04-21 07:17:29,067 [33d4fa9a-f1b5-45a2-9ce3-43c86fd82df2-groupManagement] INFO  server.RaftServerConfigKeys (ConfUtils.java:logGet(46)) - raft.server.log.appender.buffer.byte-limit = 8388608 (custom)
2024-04-21 07:17:29,067 [33d4fa9a-f1b5-45a2-9ce3-43c86fd82df2-groupManagement] INFO  server.RaftServerConfigKeys (ConfUtils.java:logGet(46)) - raft.server.log.unsafe-flush.enabled = false (default)
2024-04-21 07:17:29,067 [33d4fa9a-f1b5-45a2-9ce3-43c86fd82df2-groupManagement] INFO  server.RaftServerConfigKeys (ConfUtils.java:logGet(46)) - raft.server.log.async-flush.enabled = false (default)
2024-04-21 07:17:29,067 [33d4fa9a-f1b5-45a2-9ce3-43c86fd82df2-groupManagement] INFO  server.RaftServerConfigKeys (ConfUtils.java:logGet(46)) - raft.server.log.statemachine.data.caching.enabled = true (custom)
2024-04-21 07:17:29,067 [33d4fa9a-f1b5-45a2-9ce3-43c86fd82df2-groupManagement] INFO  segmented.SegmentedRaftLogWorker (SegmentedRaftLogWorker.java:lambda$new$0(134)) - 33d4fa9a-f1b5-45a2-9ce3-43c86fd82df2@group-DB6F9DC5174E-SegmentedRaftLogWorker: flushIndex: setUnconditionally 0 -> -1
2024-04-21 07:17:29,067 [33d4fa9a-f1b5-45a2-9ce3-43c86fd82df2-groupManagement] INFO  segmented.SegmentedRaftLogWorker (SegmentedRaftLogWorker.java:lambda$new$0(134)) - 33d4fa9a-f1b5-45a2-9ce3-43c86fd82df2@group-DB6F9DC5174E-SegmentedRaftLogWorker: safeCacheEvictIndex: setUnconditionally 0 -> -1
2024-04-21 07:17:29,064 [6cf56e53-88cb-4022-bd56-d9b5c4d884ee-groupManagement] INFO  server.RaftServerConfigKeys (ConfUtils.java:logGet(46)) - raft.server.log.use.memory = false (default)
2024-04-21 07:17:29,065 [EventQueue-OpenPipelineForHealthyPipelineSafeModeRule] INFO  safemode.SCMSafeModeManager (HealthyPipelineSafeModeRule.java:process(140)) - SCM in safe mode. Healthy pipelines reported count is 0, required healthy pipeline reported count is 1
2024-04-21 07:17:29,065 [9387e6e8-bf6d-4d10-9dc1-f1bd05fc02cf-groupManagement] INFO  server.RaftServerConfigKeys (ConfUtils.java:logGet(46)) - raft.server.log.appender.buffer.byte-limit = 8388608 (custom)
2024-04-21 07:17:29,065 [a45323a7-bc80-446e-b427-0ffb34a72641-groupManagement] INFO  server.RaftServerConfigKeys (ConfUtils.java:logGet(46)) - raft.server.snapshot.auto.trigger.threshold = 10000 (custom)
2024-04-21 07:17:29,068 [a45323a7-bc80-446e-b427-0ffb34a72641-groupManagement] INFO  server.RaftServerConfigKeys (ConfUtils.java:logGet(46)) - raft.server.snapshot.retention.file.num = 5 (custom)
2024-04-21 07:17:29,068 [a45323a7-bc80-446e-b427-0ffb34a72641-groupManagement] INFO  server.RaftServerConfigKeys (ConfUtils.java:logGet(46)) - raft.server.log.purge.upto.snapshot.index = false (default)
2024-04-21 07:17:29,068 [9387e6e8-bf6d-4d10-9dc1-f1bd05fc02cf-groupManagement] INFO  server.RaftServerConfigKeys (ConfUtils.java:logGet(46)) - raft.server.log.statemachine.data.read.timeout = 1000ms (default)
2024-04-21 07:17:29,068 [9387e6e8-bf6d-4d10-9dc1-f1bd05fc02cf-groupManagement] INFO  server.RaftServerConfigKeys (ConfUtils.java:logGet(46)) - raft.server.log.purge.preservation.log.num = 0 (default)
2024-04-21 07:17:29,069 [9387e6e8-bf6d-4d10-9dc1-f1bd05fc02cf-groupManagement] INFO  server.RaftServerConfigKeys (ConfUtils.java:logGet(46)) - raft.server.log.segment.size.max = 67108864 (custom)
2024-04-21 07:17:29,069 [9387e6e8-bf6d-4d10-9dc1-f1bd05fc02cf-groupManagement] INFO  server.RaftServerConfigKeys (ConfUtils.java:logGet(46)) - raft.server.log.segment.cache.num.max = 2 (custom)
2024-04-21 07:17:29,069 [9387e6e8-bf6d-4d10-9dc1-f1bd05fc02cf-groupManagement] INFO  server.RaftServerConfigKeys (ConfUtils.java:logGet(46)) - raft.server.log.segment.cache.size.max = 200MB (=209715200) (default)
2024-04-21 07:17:29,069 [9387e6e8-bf6d-4d10-9dc1-f1bd05fc02cf-groupManagement] INFO  server.RaftServerConfigKeys (ConfUtils.java:logGet(46)) - raft.server.log.appender.buffer.byte-limit = 8388608 (custom)
2024-04-21 07:17:29,069 [9387e6e8-bf6d-4d10-9dc1-f1bd05fc02cf-groupManagement] INFO  util.AwaitToRun (AwaitToRun.java:start(81)) - Thread[9387e6e8-bf6d-4d10-9dc1-f1bd05fc02cf@group-DB6F9DC5174E-cacheEviction-AwaitToRun,5,main] started
2024-04-21 07:17:29,068 [33d4fa9a-f1b5-45a2-9ce3-43c86fd82df2-groupManagement] INFO  server.RaftServer$Division (RaftServerImpl.java:start(396)) - 33d4fa9a-f1b5-45a2-9ce3-43c86fd82df2@group-DB6F9DC5174E: start as a follower, conf=-1: peers:[6cf56e53-88cb-4022-bd56-d9b5c4d884ee|10.1.0.102:15138, 9387e6e8-bf6d-4d10-9dc1-f1bd05fc02cf|10.1.0.102:15120, 33d4fa9a-f1b5-45a2-9ce3-43c86fd82df2|10.1.0.102:15129]|listeners:[], old=null
2024-04-21 07:17:29,069 [33d4fa9a-f1b5-45a2-9ce3-43c86fd82df2-groupManagement] INFO  server.RaftServer$Division (RaftServerImpl.java:setRole(383)) - 33d4fa9a-f1b5-45a2-9ce3-43c86fd82df2@group-DB6F9DC5174E: changes role from      null to FOLLOWER at term 0 for startAsFollower
2024-04-21 07:17:29,068 [EventQueue-OpenPipelineForHealthyPipelineSafeModeRule] INFO  safemode.SCMSafeModeManager (HealthyPipelineSafeModeRule.java:process(140)) - SCM in safe mode. Healthy pipelines reported count is 0, required healthy pipeline reported count is 1
2024-04-21 07:17:29,068 [6cf56e53-88cb-4022-bd56-d9b5c4d884ee-groupManagement] INFO  server.RaftServerConfigKeys (ConfUtils.java:logGet(46)) - raft.server.log.purge.gap = 1000000 (custom)
2024-04-21 07:17:29,070 [6cf56e53-88cb-4022-bd56-d9b5c4d884ee-groupManagement] INFO  server.RaftServerConfigKeys (ConfUtils.java:logGet(46)) - raft.server.log.appender.buffer.byte-limit = 8388608 (custom)
2024-04-21 07:17:29,070 [6cf56e53-88cb-4022-bd56-d9b5c4d884ee-groupManagement] INFO  server.RaftServerConfigKeys (ConfUtils.java:logGet(46)) - raft.server.log.statemachine.data.read.timeout = 1000ms (default)
2024-04-21 07:17:29,070 [6cf56e53-88cb-4022-bd56-d9b5c4d884ee-groupManagement] INFO  server.RaftServerConfigKeys (ConfUtils.java:logGet(46)) - raft.server.log.purge.preservation.log.num = 0 (default)
2024-04-21 07:17:29,069 [33d4fa9a-f1b5-45a2-9ce3-43c86fd82df2-groupManagement] INFO  impl.RoleInfo (RoleInfo.java:updateAndGet(139)) - 33d4fa9a-f1b5-45a2-9ce3-43c86fd82df2: start 33d4fa9a-f1b5-45a2-9ce3-43c86fd82df2@group-DB6F9DC5174E-FollowerState
2024-04-21 07:17:29,069 [a45323a7-bc80-446e-b427-0ffb34a72641-PipelineCommandHandlerThread-0] INFO  ratis.XceiverServerRatis (XceiverServerRatis.java:addGroup(864)) - Created group PipelineID=890b1400-59a5-4b01-aaf9-43b368cdab69
2024-04-21 07:17:29,070 [a45323a7-bc80-446e-b427-0ffb34a72641-PipelineCommandHandlerThread-0] INFO  commandhandler.CreatePipelineCommandHandler (CreatePipelineCommandHandler.java:lambda$handle$2(124)) - Created Pipeline RATIS ONE PipelineID=890b1400-59a5-4b01-aaf9-43b368cdab69.
2024-04-21 07:17:29,069 [9387e6e8-bf6d-4d10-9dc1-f1bd05fc02cf-groupManagement] INFO  segmented.SegmentedRaftLogWorker (SegmentedRaftLogWorker.java:<init>(182)) - new 9387e6e8-bf6d-4d10-9dc1-f1bd05fc02cf@group-DB6F9DC5174E-SegmentedRaftLogWorker for RaftStorageImpl:Storage Directory /home/runner/work/ozone/ozone/hadoop-ozone/integration-test/target/test-dir/MiniOzoneClusterImpl-ed39ddd9-82bf-4bf6-8741-acb42c98007c/ozone-meta/datanode-1/ratis/a86e7278-1226-4d94-889b-db6f9dc5174e
2024-04-21 07:17:29,070 [9387e6e8-bf6d-4d10-9dc1-f1bd05fc02cf-groupManagement] INFO  server.RaftServerConfigKeys (ConfUtils.java:logGet(46)) - raft.server.log.queue.byte-limit = 4294967296 (custom)
2024-04-21 07:17:29,070 [9387e6e8-bf6d-4d10-9dc1-f1bd05fc02cf-groupManagement] INFO  server.RaftServerConfigKeys (ConfUtils.java:logGet(46)) - raft.server.log.queue.element-limit = 1024 (custom)
2024-04-21 07:17:29,070 [9387e6e8-bf6d-4d10-9dc1-f1bd05fc02cf-groupManagement] INFO  server.RaftServerConfigKeys (ConfUtils.java:logGet(46)) - raft.server.log.segment.size.max = 67108864 (custom)
2024-04-21 07:17:29,070 [9387e6e8-bf6d-4d10-9dc1-f1bd05fc02cf-groupManagement] INFO  server.RaftServerConfigKeys (ConfUtils.java:logGet(46)) - raft.server.log.preallocated.size = 4194304 (custom)
2024-04-21 07:17:29,070 [9387e6e8-bf6d-4d10-9dc1-f1bd05fc02cf-groupManagement] INFO  server.RaftServerConfigKeys (ConfUtils.java:logGet(46)) - raft.server.log.force.sync.num = 128 (default)
2024-04-21 07:17:29,070 [9387e6e8-bf6d-4d10-9dc1-f1bd05fc02cf-groupManagement] INFO  server.RaftServerConfigKeys (ConfUtils.java:logGet(46)) - raft.server.log.statemachine.data.sync = true (default)
2024-04-21 07:17:29,071 [6cf56e53-88cb-4022-bd56-d9b5c4d884ee-groupManagement] INFO  server.RaftServerConfigKeys (ConfUtils.java:logGet(46)) - raft.server.log.segment.size.max = 67108864 (custom)
2024-04-21 07:17:29,071 [9387e6e8-bf6d-4d10-9dc1-f1bd05fc02cf-groupManagement] INFO  server.RaftServerConfigKeys (ConfUtils.java:logGet(46)) - raft.server.log.statemachine.data.sync.timeout = 10s (default)
2024-04-21 07:17:29,071 [9387e6e8-bf6d-4d10-9dc1-f1bd05fc02cf-groupManagement] INFO  server.RaftServerConfigKeys (ConfUtils.java:logGet(46)) - raft.server.log.statemachine.data.sync.timeout.retry = 30 (custom)
2024-04-21 07:17:29,071 [6cf56e53-88cb-4022-bd56-d9b5c4d884ee-groupManagement] INFO  server.RaftServerConfigKeys (ConfUtils.java:logGet(46)) - raft.server.log.segment.cache.num.max = 2 (custom)
2024-04-21 07:17:29,071 [6cf56e53-88cb-4022-bd56-d9b5c4d884ee-groupManagement] INFO  server.RaftServerConfigKeys (ConfUtils.java:logGet(46)) - raft.server.log.segment.cache.size.max = 200MB (=209715200) (default)
2024-04-21 07:17:29,071 [6cf56e53-88cb-4022-bd56-d9b5c4d884ee-groupManagement] INFO  server.RaftServerConfigKeys (ConfUtils.java:logGet(46)) - raft.server.log.appender.buffer.byte-limit = 8388608 (custom)
2024-04-21 07:17:29,071 [9387e6e8-bf6d-4d10-9dc1-f1bd05fc02cf-groupManagement] INFO  server.RaftServerConfigKeys (ConfUtils.java:logGet(46)) - raft.server.log.write.buffer.size = 8388616 (custom)
2024-04-21 07:17:29,071 [6cf56e53-88cb-4022-bd56-d9b5c4d884ee-groupManagement] INFO  util.AwaitToRun (AwaitToRun.java:start(81)) - Thread[6cf56e53-88cb-4022-bd56-d9b5c4d884ee@group-DB6F9DC5174E-cacheEviction-AwaitToRun,5,main] started
2024-04-21 07:17:29,071 [6cf56e53-88cb-4022-bd56-d9b5c4d884ee-groupManagement] INFO  segmented.SegmentedRaftLogWorker (SegmentedRaftLogWorker.java:<init>(182)) - new 6cf56e53-88cb-4022-bd56-d9b5c4d884ee@group-DB6F9DC5174E-SegmentedRaftLogWorker for RaftStorageImpl:Storage Directory /home/runner/work/ozone/ozone/hadoop-ozone/integration-test/target/test-dir/MiniOzoneClusterImpl-ed39ddd9-82bf-4bf6-8741-acb42c98007c/ozone-meta/datanode-3/ratis/a86e7278-1226-4d94-889b-db6f9dc5174e
2024-04-21 07:17:29,071 [6cf56e53-88cb-4022-bd56-d9b5c4d884ee-groupManagement] INFO  server.RaftServerConfigKeys (ConfUtils.java:logGet(46)) - raft.server.log.queue.byte-limit = 4294967296 (custom)
2024-04-21 07:17:29,071 [6cf56e53-88cb-4022-bd56-d9b5c4d884ee-groupManagement] INFO  server.RaftServerConfigKeys (ConfUtils.java:logGet(46)) - raft.server.log.queue.element-limit = 1024 (custom)
2024-04-21 07:17:29,071 [6cf56e53-88cb-4022-bd56-d9b5c4d884ee-groupManagement] INFO  server.RaftServerConfigKeys (ConfUtils.java:logGet(46)) - raft.server.log.segment.size.max = 67108864 (custom)
2024-04-21 07:17:29,072 [6cf56e53-88cb-4022-bd56-d9b5c4d884ee-groupManagement] INFO  server.RaftServerConfigKeys (ConfUtils.java:logGet(46)) - raft.server.log.preallocated.size = 4194304 (custom)
2024-04-21 07:17:29,072 [6cf56e53-88cb-4022-bd56-d9b5c4d884ee-groupManagement] INFO  server.RaftServerConfigKeys (ConfUtils.java:logGet(46)) - raft.server.log.force.sync.num = 128 (default)
2024-04-21 07:17:29,072 [6cf56e53-88cb-4022-bd56-d9b5c4d884ee-groupManagement] INFO  server.RaftServerConfigKeys (ConfUtils.java:logGet(46)) - raft.server.log.statemachine.data.sync = true (default)
2024-04-21 07:17:29,072 [6cf56e53-88cb-4022-bd56-d9b5c4d884ee-groupManagement] INFO  server.RaftServerConfigKeys (ConfUtils.java:logGet(46)) - raft.server.log.statemachine.data.sync.timeout = 10s (default)
2024-04-21 07:17:29,072 [6cf56e53-88cb-4022-bd56-d9b5c4d884ee-groupManagement] INFO  server.RaftServerConfigKeys (ConfUtils.java:logGet(46)) - raft.server.log.statemachine.data.sync.timeout.retry = 30 (custom)
2024-04-21 07:17:29,072 [6cf56e53-88cb-4022-bd56-d9b5c4d884ee-groupManagement] INFO  server.RaftServerConfigKeys (ConfUtils.java:logGet(46)) - raft.server.log.write.buffer.size = 8388616 (custom)
2024-04-21 07:17:29,073 [9387e6e8-bf6d-4d10-9dc1-f1bd05fc02cf-groupManagement] INFO  server.RaftServerConfigKeys (ConfUtils.java:logGet(46)) - raft.server.log.appender.buffer.byte-limit = 8388608 (custom)
2024-04-21 07:17:29,073 [9387e6e8-bf6d-4d10-9dc1-f1bd05fc02cf-groupManagement] INFO  server.RaftServerConfigKeys (ConfUtils.java:logGet(46)) - raft.server.log.unsafe-flush.enabled = false (default)
2024-04-21 07:17:29,073 [9387e6e8-bf6d-4d10-9dc1-f1bd05fc02cf-groupManagement] INFO  server.RaftServerConfigKeys (ConfUtils.java:logGet(46)) - raft.server.log.async-flush.enabled = false (default)
2024-04-21 07:17:29,073 [9387e6e8-bf6d-4d10-9dc1-f1bd05fc02cf-groupManagement] INFO  server.RaftServerConfigKeys (ConfUtils.java:logGet(46)) - raft.server.log.statemachine.data.caching.enabled = true (custom)
2024-04-21 07:17:29,073 [9387e6e8-bf6d-4d10-9dc1-f1bd05fc02cf-groupManagement] INFO  segmented.SegmentedRaftLogWorker (SegmentedRaftLogWorker.java:lambda$new$0(134)) - 9387e6e8-bf6d-4d10-9dc1-f1bd05fc02cf@group-DB6F9DC5174E-SegmentedRaftLogWorker: flushIndex: setUnconditionally 0 -> -1
2024-04-21 07:17:29,073 [9387e6e8-bf6d-4d10-9dc1-f1bd05fc02cf-groupManagement] INFO  segmented.SegmentedRaftLogWorker (SegmentedRaftLogWorker.java:lambda$new$0(134)) - 9387e6e8-bf6d-4d10-9dc1-f1bd05fc02cf@group-DB6F9DC5174E-SegmentedRaftLogWorker: safeCacheEvictIndex: setUnconditionally 0 -> -1
2024-04-21 07:17:29,074 [6cf56e53-88cb-4022-bd56-d9b5c4d884ee-groupManagement] INFO  server.RaftServerConfigKeys (ConfUtils.java:logGet(46)) - raft.server.log.appender.buffer.byte-limit = 8388608 (custom)
2024-04-21 07:17:29,074 [9387e6e8-bf6d-4d10-9dc1-f1bd05fc02cf-groupManagement] INFO  server.RaftServer$Division (RaftServerImpl.java:start(396)) - 9387e6e8-bf6d-4d10-9dc1-f1bd05fc02cf@group-DB6F9DC5174E: start as a follower, conf=-1: peers:[6cf56e53-88cb-4022-bd56-d9b5c4d884ee|10.1.0.102:15138, 9387e6e8-bf6d-4d10-9dc1-f1bd05fc02cf|10.1.0.102:15120, 33d4fa9a-f1b5-45a2-9ce3-43c86fd82df2|10.1.0.102:15129]|listeners:[], old=null
2024-04-21 07:17:29,074 [9387e6e8-bf6d-4d10-9dc1-f1bd05fc02cf-groupManagement] INFO  server.RaftServer$Division (RaftServerImpl.java:setRole(383)) - 9387e6e8-bf6d-4d10-9dc1-f1bd05fc02cf@group-DB6F9DC5174E: changes role from      null to FOLLOWER at term 0 for startAsFollower
2024-04-21 07:17:29,074 [9387e6e8-bf6d-4d10-9dc1-f1bd05fc02cf-groupManagement] INFO  impl.RoleInfo (RoleInfo.java:updateAndGet(139)) - 9387e6e8-bf6d-4d10-9dc1-f1bd05fc02cf: start 9387e6e8-bf6d-4d10-9dc1-f1bd05fc02cf@group-DB6F9DC5174E-FollowerState
2024-04-21 07:17:29,074 [33d4fa9a-f1b5-45a2-9ce3-43c86fd82df2-groupManagement] INFO  util.JmxRegister (JmxRegister.java:tryRegister(44)) - Successfully registered JMX Bean with object name Ratis:service=RaftServer,group=group-DB6F9DC5174E,id=33d4fa9a-f1b5-45a2-9ce3-43c86fd82df2
2024-04-21 07:17:29,074 [33d4fa9a-f1b5-45a2-9ce3-43c86fd82df2-groupManagement] INFO  server.RaftServerConfigKeys (ConfUtils.java:logGet(46)) - raft.server.snapshot.trigger-when-stop.enabled = true (default)
2024-04-21 07:17:29,074 [33d4fa9a-f1b5-45a2-9ce3-43c86fd82df2@group-DB6F9DC5174E-FollowerState] INFO  server.RaftServerConfigKeys (ConfUtils.java:logFallback(53)) - raft.server.rpc.first-election.timeout.min = 5s (fallback to raft.server.rpc.timeout.min)
2024-04-21 07:17:29,074 [33d4fa9a-f1b5-45a2-9ce3-43c86fd82df2-groupManagement] INFO  server.RaftServerConfigKeys (ConfUtils.java:logGet(46)) - raft.server.snapshot.auto.trigger.enabled = true (custom)
2024-04-21 07:17:29,074 [33d4fa9a-f1b5-45a2-9ce3-43c86fd82df2-groupManagement] INFO  server.RaftServerConfigKeys (ConfUtils.java:logGet(46)) - raft.server.snapshot.auto.trigger.threshold = 10000 (custom)
2024-04-21 07:17:29,074 [33d4fa9a-f1b5-45a2-9ce3-43c86fd82df2-groupManagement] INFO  server.RaftServerConfigKeys (ConfUtils.java:logGet(46)) - raft.server.snapshot.retention.file.num = 5 (custom)
2024-04-21 07:17:29,075 [33d4fa9a-f1b5-45a2-9ce3-43c86fd82df2-groupManagement] INFO  server.RaftServerConfigKeys (ConfUtils.java:logGet(46)) - raft.server.log.purge.upto.snapshot.index = false (default)
2024-04-21 07:17:29,074 [9387e6e8-bf6d-4d10-9dc1-f1bd05fc02cf-groupManagement] INFO  util.JmxRegister (JmxRegister.java:tryRegister(44)) - Successfully registered JMX Bean with object name Ratis:service=RaftServer,group=group-DB6F9DC5174E,id=9387e6e8-bf6d-4d10-9dc1-f1bd05fc02cf
2024-04-21 07:17:29,074 [6cf56e53-88cb-4022-bd56-d9b5c4d884ee-groupManagement] INFO  server.RaftServerConfigKeys (ConfUtils.java:logGet(46)) - raft.server.log.unsafe-flush.enabled = false (default)
2024-04-21 07:17:29,075 [6cf56e53-88cb-4022-bd56-d9b5c4d884ee-groupManagement] INFO  server.RaftServerConfigKeys (ConfUtils.java:logGet(46)) - raft.server.log.async-flush.enabled = false (default)
2024-04-21 07:17:29,075 [6cf56e53-88cb-4022-bd56-d9b5c4d884ee-groupManagement] INFO  server.RaftServerConfigKeys (ConfUtils.java:logGet(46)) - raft.server.log.statemachine.data.caching.enabled = true (custom)
2024-04-21 07:17:29,075 [33d4fa9a-f1b5-45a2-9ce3-43c86fd82df2-PipelineCommandHandlerThread-0] INFO  ratis.XceiverServerRatis (XceiverServerRatis.java:addGroup(864)) - Created group PipelineID=a86e7278-1226-4d94-889b-db6f9dc5174e
2024-04-21 07:17:29,075 [9387e6e8-bf6d-4d10-9dc1-f1bd05fc02cf-groupManagement] INFO  server.RaftServerConfigKeys (ConfUtils.java:logGet(46)) - raft.server.snapshot.trigger-when-stop.enabled = true (default)
2024-04-21 07:17:29,075 [9387e6e8-bf6d-4d10-9dc1-f1bd05fc02cf-groupManagement] INFO  server.RaftServerConfigKeys (ConfUtils.java:logGet(46)) - raft.server.snapshot.auto.trigger.enabled = true (custom)
2024-04-21 07:17:29,074 [9387e6e8-bf6d-4d10-9dc1-f1bd05fc02cf@group-DB6F9DC5174E-FollowerState] INFO  server.RaftServerConfigKeys (ConfUtils.java:logFallback(53)) - raft.server.rpc.first-election.timeout.min = 5s (fallback to raft.server.rpc.timeout.min)
2024-04-21 07:17:29,075 [9387e6e8-bf6d-4d10-9dc1-f1bd05fc02cf@group-DB6F9DC5174E-FollowerState] INFO  server.RaftServerConfigKeys (ConfUtils.java:logFallback(53)) - raft.server.rpc.first-election.timeout.max = 5200ms (fallback to raft.server.rpc.timeout.max)
2024-04-21 07:17:29,074 [33d4fa9a-f1b5-45a2-9ce3-43c86fd82df2@group-DB6F9DC5174E-FollowerState] INFO  server.RaftServerConfigKeys (ConfUtils.java:logFallback(53)) - raft.server.rpc.first-election.timeout.max = 5200ms (fallback to raft.server.rpc.timeout.max)
2024-04-21 07:17:29,075 [9387e6e8-bf6d-4d10-9dc1-f1bd05fc02cf-groupManagement] INFO  server.RaftServerConfigKeys (ConfUtils.java:logGet(46)) - raft.server.snapshot.auto.trigger.threshold = 10000 (custom)
2024-04-21 07:17:29,075 [6cf56e53-88cb-4022-bd56-d9b5c4d884ee-groupManagement] INFO  segmented.SegmentedRaftLogWorker (SegmentedRaftLogWorker.java:lambda$new$0(134)) - 6cf56e53-88cb-4022-bd56-d9b5c4d884ee@group-DB6F9DC5174E-SegmentedRaftLogWorker: flushIndex: setUnconditionally 0 -> -1
2024-04-21 07:17:29,076 [6cf56e53-88cb-4022-bd56-d9b5c4d884ee-groupManagement] INFO  segmented.SegmentedRaftLogWorker (SegmentedRaftLogWorker.java:lambda$new$0(134)) - 6cf56e53-88cb-4022-bd56-d9b5c4d884ee@group-DB6F9DC5174E-SegmentedRaftLogWorker: safeCacheEvictIndex: setUnconditionally 0 -> -1
2024-04-21 07:17:29,076 [9387e6e8-bf6d-4d10-9dc1-f1bd05fc02cf-groupManagement] INFO  server.RaftServerConfigKeys (ConfUtils.java:logGet(46)) - raft.server.snapshot.retention.file.num = 5 (custom)
2024-04-21 07:17:29,076 [9387e6e8-bf6d-4d10-9dc1-f1bd05fc02cf-groupManagement] INFO  server.RaftServerConfigKeys (ConfUtils.java:logGet(46)) - raft.server.log.purge.upto.snapshot.index = false (default)
2024-04-21 07:17:29,077 [6cf56e53-88cb-4022-bd56-d9b5c4d884ee-groupManagement] INFO  server.RaftServer$Division (RaftServerImpl.java:start(396)) - 6cf56e53-88cb-4022-bd56-d9b5c4d884ee@group-DB6F9DC5174E: start as a follower, conf=-1: peers:[6cf56e53-88cb-4022-bd56-d9b5c4d884ee|10.1.0.102:15138, 9387e6e8-bf6d-4d10-9dc1-f1bd05fc02cf|10.1.0.102:15120, 33d4fa9a-f1b5-45a2-9ce3-43c86fd82df2|10.1.0.102:15129]|listeners:[], old=null
2024-04-21 07:17:29,077 [6cf56e53-88cb-4022-bd56-d9b5c4d884ee-groupManagement] INFO  server.RaftServer$Division (RaftServerImpl.java:setRole(383)) - 6cf56e53-88cb-4022-bd56-d9b5c4d884ee@group-DB6F9DC5174E: changes role from      null to FOLLOWER at term 0 for startAsFollower
2024-04-21 07:17:29,077 [6cf56e53-88cb-4022-bd56-d9b5c4d884ee-groupManagement] INFO  impl.RoleInfo (RoleInfo.java:updateAndGet(139)) - 6cf56e53-88cb-4022-bd56-d9b5c4d884ee: start 6cf56e53-88cb-4022-bd56-d9b5c4d884ee@group-DB6F9DC5174E-FollowerState
2024-04-21 07:17:29,077 [6cf56e53-88cb-4022-bd56-d9b5c4d884ee-groupManagement] INFO  util.JmxRegister (JmxRegister.java:tryRegister(44)) - Successfully registered JMX Bean with object name Ratis:service=RaftServer,group=group-DB6F9DC5174E,id=6cf56e53-88cb-4022-bd56-d9b5c4d884ee
2024-04-21 07:17:29,077 [6cf56e53-88cb-4022-bd56-d9b5c4d884ee-groupManagement] INFO  server.RaftServerConfigKeys (ConfUtils.java:logGet(46)) - raft.server.snapshot.trigger-when-stop.enabled = true (default)
2024-04-21 07:17:29,077 [6cf56e53-88cb-4022-bd56-d9b5c4d884ee-groupManagement] INFO  server.RaftServerConfigKeys (ConfUtils.java:logGet(46)) - raft.server.snapshot.auto.trigger.enabled = true (custom)
2024-04-21 07:17:29,077 [6cf56e53-88cb-4022-bd56-d9b5c4d884ee-groupManagement] INFO  server.RaftServerConfigKeys (ConfUtils.java:logGet(46)) - raft.server.snapshot.auto.trigger.threshold = 10000 (custom)
2024-04-21 07:17:29,078 [6cf56e53-88cb-4022-bd56-d9b5c4d884ee-groupManagement] INFO  server.RaftServerConfigKeys (ConfUtils.java:logGet(46)) - raft.server.snapshot.retention.file.num = 5 (custom)
2024-04-21 07:17:29,078 [6cf56e53-88cb-4022-bd56-d9b5c4d884ee-groupManagement] INFO  server.RaftServerConfigKeys (ConfUtils.java:logGet(46)) - raft.server.log.purge.upto.snapshot.index = false (default)
2024-04-21 07:17:29,078 [6cf56e53-88cb-4022-bd56-d9b5c4d884ee@group-DB6F9DC5174E-FollowerState] INFO  server.RaftServerConfigKeys (ConfUtils.java:logFallback(53)) - raft.server.rpc.first-election.timeout.min = 5s (fallback to raft.server.rpc.timeout.min)
2024-04-21 07:17:29,078 [6cf56e53-88cb-4022-bd56-d9b5c4d884ee@group-DB6F9DC5174E-FollowerState] INFO  server.RaftServerConfigKeys (ConfUtils.java:logFallback(53)) - raft.server.rpc.first-election.timeout.max = 5200ms (fallback to raft.server.rpc.timeout.max)
2024-04-21 07:17:29,079 [9387e6e8-bf6d-4d10-9dc1-f1bd05fc02cf-PipelineCommandHandlerThread-0] INFO  ratis.XceiverServerRatis (XceiverServerRatis.java:addGroup(864)) - Created group PipelineID=a86e7278-1226-4d94-889b-db6f9dc5174e
2024-04-21 07:17:29,081 [6cf56e53-88cb-4022-bd56-d9b5c4d884ee-PipelineCommandHandlerThread-0] INFO  ratis.XceiverServerRatis (XceiverServerRatis.java:addGroup(864)) - Created group PipelineID=a86e7278-1226-4d94-889b-db6f9dc5174e
2024-04-21 07:17:29,107 [main] INFO  ozone.MiniOzoneClusterImpl (MiniOzoneClusterImpl.java:lambda$waitForClusterToBeReady$0(194)) - Nodes are ready. Got 5 of 5 DN Heartbeats.
2024-04-21 07:17:29,108 [main] INFO  ozone.MiniOzoneClusterImpl (MiniOzoneClusterImpl.java:lambda$waitForClusterToBeReady$0(197)) - Waiting for cluster to exit safe mode
2024-04-21 07:17:29,108 [main] INFO  ozone.MiniOzoneClusterImpl (MiniOzoneClusterImpl.java:lambda$waitForClusterToBeReady$0(199)) - SCM became leader
2024-04-21 07:17:29,118 [33d4fa9a-f1b5-45a2-9ce3-43c86fd82df2-PipelineCommandHandlerThread-0] INFO  commandhandler.CreatePipelineCommandHandler (CreatePipelineCommandHandler.java:lambda$handle$2(124)) - Created Pipeline RATIS THREE PipelineID=a86e7278-1226-4d94-889b-db6f9dc5174e.
2024-04-21 07:17:29,118 [80370d78-c36f-4d75-b7cb-6753407b0dff-PipelineCommandHandlerThread-0] INFO  server.RaftServer (RaftServerProxy.java:addNew(100)) - 80370d78-c36f-4d75-b7cb-6753407b0dff: addNew group-9A8D2995D9A7:[80370d78-c36f-4d75-b7cb-6753407b0dff|10.1.0.102:15156] returns group-9A8D2995D9A7:java.util.concurrent.CompletableFuture@76f66fc5[Not completed]
2024-04-21 07:17:29,119 [9387e6e8-bf6d-4d10-9dc1-f1bd05fc02cf-PipelineCommandHandlerThread-0] INFO  commandhandler.CreatePipelineCommandHandler (CreatePipelineCommandHandler.java:lambda$handle$2(124)) - Created Pipeline RATIS THREE PipelineID=a86e7278-1226-4d94-889b-db6f9dc5174e.
2024-04-21 07:17:29,122 [6cf56e53-88cb-4022-bd56-d9b5c4d884ee-PipelineCommandHandlerThread-0] INFO  commandhandler.CreatePipelineCommandHandler (CreatePipelineCommandHandler.java:lambda$handle$2(124)) - Created Pipeline RATIS THREE PipelineID=a86e7278-1226-4d94-889b-db6f9dc5174e.
2024-04-21 07:17:29,122 [80370d78-c36f-4d75-b7cb-6753407b0dff-groupManagement] INFO  server.RaftServer$Division (RaftServerImpl.java:<init>(256)) - 80370d78-c36f-4d75-b7cb-6753407b0dff: new RaftServerImpl for group-9A8D2995D9A7:[80370d78-c36f-4d75-b7cb-6753407b0dff|10.1.0.102:15156] with ContainerStateMachine:uninitialized
2024-04-21 07:17:29,122 [80370d78-c36f-4d75-b7cb-6753407b0dff-groupManagement] INFO  server.RaftServerConfigKeys (ConfUtils.java:logGet(46)) - raft.server.rpc.timeout.min = 5s (custom)
2024-04-21 07:17:29,123 [80370d78-c36f-4d75-b7cb-6753407b0dff-groupManagement] INFO  server.RaftServerConfigKeys (ConfUtils.java:logGet(46)) - raft.server.rpc.timeout.max = 5200ms (custom)
2024-04-21 07:17:29,123 [80370d78-c36f-4d75-b7cb-6753407b0dff-groupManagement] INFO  server.RaftServerConfigKeys (ConfUtils.java:logGet(46)) - raft.server.rpc.sleep.time = 25ms (default)
2024-04-21 07:17:29,123 [80370d78-c36f-4d75-b7cb-6753407b0dff-groupManagement] INFO  server.RaftServerConfigKeys (ConfUtils.java:logGet(46)) - raft.server.rpc.slowness.timeout = 300000ms (custom)
2024-04-21 07:17:29,123 [80370d78-c36f-4d75-b7cb-6753407b0dff-groupManagement] INFO  server.RaftServerConfigKeys (ConfUtils.java:logGet(46)) - raft.server.leaderelection.leader.step-down.wait-time = 10s (default)
2024-04-21 07:17:29,123 [80370d78-c36f-4d75-b7cb-6753407b0dff-groupManagement] INFO  server.RaftServerConfigKeys (ConfUtils.java:logGet(46)) - raft.server.leaderelection.member.majority-add = false (default)
2024-04-21 07:17:29,123 [80370d78-c36f-4d75-b7cb-6753407b0dff-groupManagement] INFO  server.RaftServerConfigKeys (ConfUtils.java:logGet(46)) - raft.server.sleep.deviation.threshold = 300ms (default)
2024-04-21 07:17:29,123 [80370d78-c36f-4d75-b7cb-6753407b0dff-groupManagement] INFO  server.RaftServer$Division (ServerState.java:<init>(113)) - 80370d78-c36f-4d75-b7cb-6753407b0dff@group-9A8D2995D9A7: ConfigurationManager, init=-1: peers:[80370d78-c36f-4d75-b7cb-6753407b0dff|10.1.0.102:15156]|listeners:[], old=null, confs=<EMPTY_MAP>
2024-04-21 07:17:29,123 [80370d78-c36f-4d75-b7cb-6753407b0dff-groupManagement] INFO  server.RaftServerConfigKeys (ConfUtils.java:logGet(46)) - raft.server.notification.no-leader.timeout = 300000ms (custom)
2024-04-21 07:17:29,123 [80370d78-c36f-4d75-b7cb-6753407b0dff-groupManagement] INFO  server.RaftServerConfigKeys (ConfUtils.java:logGet(46)) - raft.server.read.timeout = 10s (default)
2024-04-21 07:17:29,123 [80370d78-c36f-4d75-b7cb-6753407b0dff-groupManagement] INFO  server.RaftServerConfigKeys (ConfUtils.java:logGet(46)) - raft.server.retrycache.expirytime = 600000ms (custom)
2024-04-21 07:17:29,123 [80370d78-c36f-4d75-b7cb-6753407b0dff-groupManagement] INFO  server.RaftServerConfigKeys (ConfUtils.java:logGet(46)) - raft.server.retrycache.statistics.expirytime = 100ms (default)
2024-04-21 07:17:29,123 [80370d78-c36f-4d75-b7cb-6753407b0dff-groupManagement] INFO  server.RaftServerConfigKeys (ConfUtils.java:logGet(46)) - raft.server.read.option = DEFAULT (default)
2024-04-21 07:17:29,123 [80370d78-c36f-4d75-b7cb-6753407b0dff-groupManagement] INFO  server.RaftServerConfigKeys (ConfUtils.java:logGet(46)) - raft.server.read.read-after-write-consistent.write-index-cache.expiry-time = 60s (default)
2024-04-21 07:17:29,125 [80370d78-c36f-4d75-b7cb-6753407b0dff-groupManagement] INFO  server.RaftServerConfigKeys (ConfUtils.java:logGet(46)) - raft.server.rpc.request.timeout = 3000ms (default)
2024-04-21 07:17:29,125 [80370d78-c36f-4d75-b7cb-6753407b0dff-groupManagement] INFO  server.RaftServerConfigKeys (ConfUtils.java:logGet(46)) - raft.server.log.appender.install.snapshot.enabled = false (custom)
2024-04-21 07:17:29,125 [80370d78-c36f-4d75-b7cb-6753407b0dff-groupManagement] INFO  server.RaftServerConfigKeys (ConfUtils.java:logGet(46)) - raft.server.threadpool.server.cached = true (default)
2024-04-21 07:17:29,125 [80370d78-c36f-4d75-b7cb-6753407b0dff-groupManagement] INFO  server.RaftServerConfigKeys (ConfUtils.java:logGet(46)) - raft.server.threadpool.server.size = 0 (default)
2024-04-21 07:17:29,125 [80370d78-c36f-4d75-b7cb-6753407b0dff-groupManagement] INFO  server.RaftServerConfigKeys (ConfUtils.java:logGet(46)) - raft.server.threadpool.client.cached = true (default)
2024-04-21 07:17:29,125 [80370d78-c36f-4d75-b7cb-6753407b0dff-groupManagement] INFO  server.RaftServerConfigKeys (ConfUtils.java:logGet(46)) - raft.server.threadpool.client.size = 0 (default)
2024-04-21 07:17:29,125 [80370d78-c36f-4d75-b7cb-6753407b0dff-groupManagement] INFO  server.RaftServerConfigKeys (ConfUtils.java:logGet(46)) - raft.server.storage.free-space.min = 0MB (=0) (default)
2024-04-21 07:17:29,125 [80370d78-c36f-4d75-b7cb-6753407b0dff-groupManagement] INFO  server.RaftServerConfigKeys (ConfUtils.java:logGet(46)) - raft.server.log.corruption.policy = EXCEPTION (default)
2024-04-21 07:17:29,125 [80370d78-c36f-4d75-b7cb-6753407b0dff-groupManagement] INFO  server.RaftServerConfigKeys (ConfUtils.java:logGet(46)) - raft.server.storage.dir = [/home/runner/work/ozone/ozone/hadoop-ozone/integration-test/target/test-dir/MiniOzoneClusterImpl-ed39ddd9-82bf-4bf6-8741-acb42c98007c/ozone-meta/datanode-5/ratis] (custom)
2024-04-21 07:17:29,126 [80370d78-c36f-4d75-b7cb-6753407b0dff-groupManagement] INFO  storage.RaftStorageDirectory (RaftStorageDirectoryImpl.java:analyzeStorage(138)) - The storage directory /home/runner/work/ozone/ozone/hadoop-ozone/integration-test/target/test-dir/MiniOzoneClusterImpl-ed39ddd9-82bf-4bf6-8741-acb42c98007c/ozone-meta/datanode-5/ratis/3a57b055-28e0-4292-8aab-9a8d2995d9a7 does not exist. Creating ...
2024-04-21 07:17:29,127 [80370d78-c36f-4d75-b7cb-6753407b0dff-groupManagement] INFO  storage.RaftStorageDirectory (RaftStorageDirectoryImpl.java:tryLock(228)) - Lock on /home/runner/work/ozone/ozone/hadoop-ozone/integration-test/target/test-dir/MiniOzoneClusterImpl-ed39ddd9-82bf-4bf6-8741-acb42c98007c/ozone-meta/datanode-5/ratis/3a57b055-28e0-4292-8aab-9a8d2995d9a7/in_use.lock acquired by nodename 52185@fv-az1428-63
2024-04-21 07:17:29,127 [80370d78-c36f-4d75-b7cb-6753407b0dff-groupManagement] INFO  storage.RaftStorage (RaftStorageImpl.java:format(99)) - Storage directory /home/runner/work/ozone/ozone/hadoop-ozone/integration-test/target/test-dir/MiniOzoneClusterImpl-ed39ddd9-82bf-4bf6-8741-acb42c98007c/ozone-meta/datanode-5/ratis/3a57b055-28e0-4292-8aab-9a8d2995d9a7 has been successfully formatted.
2024-04-21 07:17:29,128 [80370d78-c36f-4d75-b7cb-6753407b0dff-groupManagement] WARN  util.FileUtils (LogUtils.java:supplyAndLog(63)) - Failed to Files.newInputStream /home/runner/work/ozone/ozone/hadoop-ozone/integration-test/target/test-dir/MiniOzoneClusterImpl-ed39ddd9-82bf-4bf6-8741-acb42c98007c/ozone-meta/datanode-5/ratis/3a57b055-28e0-4292-8aab-9a8d2995d9a7/current/raft-meta.conf with options []: java.nio.file.NoSuchFileException: /home/runner/work/ozone/ozone/hadoop-ozone/integration-test/target/test-dir/MiniOzoneClusterImpl-ed39ddd9-82bf-4bf6-8741-acb42c98007c/ozone-meta/datanode-5/ratis/3a57b055-28e0-4292-8aab-9a8d2995d9a7/current/raft-meta.conf
2024-04-21 07:17:29,129 [80370d78-c36f-4d75-b7cb-6753407b0dff-groupManagement] INFO  ratis.ContainerStateMachine (ContainerStateMachine.java:loadSnapshot(287)) - group-9A8D2995D9A7: The snapshot info is null. Setting the last applied index to:(t:0, i:~)
2024-04-21 07:17:29,129 [80370d78-c36f-4d75-b7cb-6753407b0dff-groupManagement] INFO  server.RaftServerConfigKeys (ConfUtils.java:logGet(46)) - raft.server.log.use.memory = false (default)
2024-04-21 07:17:29,129 [80370d78-c36f-4d75-b7cb-6753407b0dff-groupManagement] INFO  server.RaftServerConfigKeys (ConfUtils.java:logGet(46)) - raft.server.log.purge.gap = 1000000 (custom)
2024-04-21 07:17:29,129 [80370d78-c36f-4d75-b7cb-6753407b0dff-groupManagement] INFO  server.RaftServerConfigKeys (ConfUtils.java:logGet(46)) - raft.server.log.appender.buffer.byte-limit = 8388608 (custom)
2024-04-21 07:17:29,129 [80370d78-c36f-4d75-b7cb-6753407b0dff-groupManagement] INFO  server.RaftServerConfigKeys (ConfUtils.java:logGet(46)) - raft.server.log.statemachine.data.read.timeout = 1000ms (default)
2024-04-21 07:17:29,129 [80370d78-c36f-4d75-b7cb-6753407b0dff-groupManagement] INFO  server.RaftServerConfigKeys (ConfUtils.java:logGet(46)) - raft.server.log.purge.preservation.log.num = 0 (default)
2024-04-21 07:17:29,130 [EventQueue-PipelineReportForPipelineReportHandler] INFO  pipeline.PipelineReportHandler (PipelineReportHandler.java:processPipelineReport(136)) - Opened pipeline PipelineID=3a57b055-28e0-4292-8aab-9a8d2995d9a7
2024-04-21 07:17:29,130 [EventQueue-OpenPipelineForHealthyPipelineSafeModeRule] INFO  safemode.SCMSafeModeManager (HealthyPipelineSafeModeRule.java:process(140)) - SCM in safe mode. Healthy pipelines reported count is 0, required healthy pipeline reported count is 1
2024-04-21 07:17:29,130 [80370d78-c36f-4d75-b7cb-6753407b0dff-groupManagement] INFO  server.RaftServerConfigKeys (ConfUtils.java:logGet(46)) - raft.server.log.segment.size.max = 67108864 (custom)
2024-04-21 07:17:29,130 [80370d78-c36f-4d75-b7cb-6753407b0dff-groupManagement] INFO  server.RaftServerConfigKeys (ConfUtils.java:logGet(46)) - raft.server.log.segment.cache.num.max = 2 (custom)
2024-04-21 07:17:29,130 [80370d78-c36f-4d75-b7cb-6753407b0dff-groupManagement] INFO  server.RaftServerConfigKeys (ConfUtils.java:logGet(46)) - raft.server.log.segment.cache.size.max = 200MB (=209715200) (default)
2024-04-21 07:17:29,131 [80370d78-c36f-4d75-b7cb-6753407b0dff-groupManagement] INFO  server.RaftServerConfigKeys (ConfUtils.java:logGet(46)) - raft.server.log.appender.buffer.byte-limit = 8388608 (custom)
2024-04-21 07:17:29,131 [80370d78-c36f-4d75-b7cb-6753407b0dff-groupManagement] INFO  util.AwaitToRun (AwaitToRun.java:start(81)) - Thread[80370d78-c36f-4d75-b7cb-6753407b0dff@group-9A8D2995D9A7-cacheEviction-AwaitToRun,5,main] started
2024-04-21 07:17:29,131 [80370d78-c36f-4d75-b7cb-6753407b0dff-groupManagement] INFO  segmented.SegmentedRaftLogWorker (SegmentedRaftLogWorker.java:<init>(182)) - new 80370d78-c36f-4d75-b7cb-6753407b0dff@group-9A8D2995D9A7-SegmentedRaftLogWorker for RaftStorageImpl:Storage Directory /home/runner/work/ozone/ozone/hadoop-ozone/integration-test/target/test-dir/MiniOzoneClusterImpl-ed39ddd9-82bf-4bf6-8741-acb42c98007c/ozone-meta/datanode-5/ratis/3a57b055-28e0-4292-8aab-9a8d2995d9a7
2024-04-21 07:17:29,131 [80370d78-c36f-4d75-b7cb-6753407b0dff-groupManagement] INFO  server.RaftServerConfigKeys (ConfUtils.java:logGet(46)) - raft.server.log.queue.byte-limit = 4294967296 (custom)
2024-04-21 07:17:29,131 [80370d78-c36f-4d75-b7cb-6753407b0dff-groupManagement] INFO  server.RaftServerConfigKeys (ConfUtils.java:logGet(46)) - raft.server.log.queue.element-limit = 1024 (custom)
2024-04-21 07:17:29,131 [80370d78-c36f-4d75-b7cb-6753407b0dff-groupManagement] INFO  server.RaftServerConfigKeys (ConfUtils.java:logGet(46)) - raft.server.log.segment.size.max = 67108864 (custom)
2024-04-21 07:17:29,131 [80370d78-c36f-4d75-b7cb-6753407b0dff-groupManagement] INFO  server.RaftServerConfigKeys (ConfUtils.java:logGet(46)) - raft.server.log.preallocated.size = 4194304 (custom)
2024-04-21 07:17:29,131 [80370d78-c36f-4d75-b7cb-6753407b0dff-groupManagement] INFO  server.RaftServerConfigKeys (ConfUtils.java:logGet(46)) - raft.server.log.force.sync.num = 128 (default)
2024-04-21 07:17:29,131 [80370d78-c36f-4d75-b7cb-6753407b0dff-groupManagement] INFO  server.RaftServerConfigKeys (ConfUtils.java:logGet(46)) - raft.server.log.statemachine.data.sync = true (default)
2024-04-21 07:17:29,131 [80370d78-c36f-4d75-b7cb-6753407b0dff-groupManagement] INFO  server.RaftServerConfigKeys (ConfUtils.java:logGet(46)) - raft.server.log.statemachine.data.sync.timeout = 10s (default)
2024-04-21 07:17:29,131 [80370d78-c36f-4d75-b7cb-6753407b0dff-groupManagement] INFO  server.RaftServerConfigKeys (ConfUtils.java:logGet(46)) - raft.server.log.statemachine.data.sync.timeout.retry = 30 (custom)
2024-04-21 07:17:29,132 [80370d78-c36f-4d75-b7cb-6753407b0dff-groupManagement] INFO  server.RaftServerConfigKeys (ConfUtils.java:logGet(46)) - raft.server.log.write.buffer.size = 8388616 (custom)
2024-04-21 07:17:29,133 [80370d78-c36f-4d75-b7cb-6753407b0dff-groupManagement] INFO  server.RaftServerConfigKeys (ConfUtils.java:logGet(46)) - raft.server.log.appender.buffer.byte-limit = 8388608 (custom)
2024-04-21 07:17:29,133 [80370d78-c36f-4d75-b7cb-6753407b0dff-groupManagement] INFO  server.RaftServerConfigKeys (ConfUtils.java:logGet(46)) - raft.server.log.unsafe-flush.enabled = false (default)
2024-04-21 07:17:29,133 [80370d78-c36f-4d75-b7cb-6753407b0dff-groupManagement] INFO  server.RaftServerConfigKeys (ConfUtils.java:logGet(46)) - raft.server.log.async-flush.enabled = false (default)
2024-04-21 07:17:29,133 [80370d78-c36f-4d75-b7cb-6753407b0dff-groupManagement] INFO  server.RaftServerConfigKeys (ConfUtils.java:logGet(46)) - raft.server.log.statemachine.data.caching.enabled = true (custom)
2024-04-21 07:17:29,133 [80370d78-c36f-4d75-b7cb-6753407b0dff-groupManagement] INFO  segmented.SegmentedRaftLogWorker (SegmentedRaftLogWorker.java:lambda$new$0(134)) - 80370d78-c36f-4d75-b7cb-6753407b0dff@group-9A8D2995D9A7-SegmentedRaftLogWorker: flushIndex: setUnconditionally 0 -> -1
2024-04-21 07:17:29,134 [80370d78-c36f-4d75-b7cb-6753407b0dff-groupManagement] INFO  segmented.SegmentedRaftLogWorker (SegmentedRaftLogWorker.java:lambda$new$0(134)) - 80370d78-c36f-4d75-b7cb-6753407b0dff@group-9A8D2995D9A7-SegmentedRaftLogWorker: safeCacheEvictIndex: setUnconditionally 0 -> -1
2024-04-21 07:17:29,134 [80370d78-c36f-4d75-b7cb-6753407b0dff-groupManagement] INFO  server.RaftServer$Division (RaftServerImpl.java:start(396)) - 80370d78-c36f-4d75-b7cb-6753407b0dff@group-9A8D2995D9A7: start as a follower, conf=-1: peers:[80370d78-c36f-4d75-b7cb-6753407b0dff|10.1.0.102:15156]|listeners:[], old=null
2024-04-21 07:17:29,134 [80370d78-c36f-4d75-b7cb-6753407b0dff-groupManagement] INFO  server.RaftServer$Division (RaftServerImpl.java:setRole(383)) - 80370d78-c36f-4d75-b7cb-6753407b0dff@group-9A8D2995D9A7: changes role from      null to FOLLOWER at term 0 for startAsFollower
2024-04-21 07:17:29,134 [80370d78-c36f-4d75-b7cb-6753407b0dff-groupManagement] INFO  impl.RoleInfo (RoleInfo.java:updateAndGet(139)) - 80370d78-c36f-4d75-b7cb-6753407b0dff: start 80370d78-c36f-4d75-b7cb-6753407b0dff@group-9A8D2995D9A7-FollowerState
2024-04-21 07:17:29,134 [80370d78-c36f-4d75-b7cb-6753407b0dff@group-9A8D2995D9A7-FollowerState] INFO  server.RaftServerConfigKeys (ConfUtils.java:logFallback(53)) - raft.server.rpc.first-election.timeout.min = 5s (fallback to raft.server.rpc.timeout.min)
2024-04-21 07:17:29,134 [80370d78-c36f-4d75-b7cb-6753407b0dff-groupManagement] INFO  util.JmxRegister (JmxRegister.java:tryRegister(44)) - Successfully registered JMX Bean with object name Ratis:service=RaftServer,group=group-9A8D2995D9A7,id=80370d78-c36f-4d75-b7cb-6753407b0dff
2024-04-21 07:17:29,134 [80370d78-c36f-4d75-b7cb-6753407b0dff-groupManagement] INFO  server.RaftServerConfigKeys (ConfUtils.java:logGet(46)) - raft.server.snapshot.trigger-when-stop.enabled = true (default)
2024-04-21 07:17:29,134 [80370d78-c36f-4d75-b7cb-6753407b0dff-groupManagement] INFO  server.RaftServerConfigKeys (ConfUtils.java:logGet(46)) - raft.server.snapshot.auto.trigger.enabled = true (custom)
2024-04-21 07:17:29,135 [80370d78-c36f-4d75-b7cb-6753407b0dff-groupManagement] INFO  server.RaftServerConfigKeys (ConfUtils.java:logGet(46)) - raft.server.snapshot.auto.trigger.threshold = 10000 (custom)
2024-04-21 07:17:29,135 [80370d78-c36f-4d75-b7cb-6753407b0dff-groupManagement] INFO  server.RaftServerConfigKeys (ConfUtils.java:logGet(46)) - raft.server.snapshot.retention.file.num = 5 (custom)
2024-04-21 07:17:29,135 [80370d78-c36f-4d75-b7cb-6753407b0dff-groupManagement] INFO  server.RaftServerConfigKeys (ConfUtils.java:logGet(46)) - raft.server.log.purge.upto.snapshot.index = false (default)
2024-04-21 07:17:29,134 [80370d78-c36f-4d75-b7cb-6753407b0dff@group-9A8D2995D9A7-FollowerState] INFO  server.RaftServerConfigKeys (ConfUtils.java:logFallback(53)) - raft.server.rpc.first-election.timeout.max = 5200ms (fallback to raft.server.rpc.timeout.max)
2024-04-21 07:17:29,135 [80370d78-c36f-4d75-b7cb-6753407b0dff-PipelineCommandHandlerThread-0] INFO  ratis.XceiverServerRatis (XceiverServerRatis.java:addGroup(864)) - Created group PipelineID=3a57b055-28e0-4292-8aab-9a8d2995d9a7
2024-04-21 07:17:29,135 [80370d78-c36f-4d75-b7cb-6753407b0dff-PipelineCommandHandlerThread-0] INFO  commandhandler.CreatePipelineCommandHandler (CreatePipelineCommandHandler.java:lambda$handle$2(124)) - Created Pipeline RATIS ONE PipelineID=3a57b055-28e0-4292-8aab-9a8d2995d9a7.
2024-04-21 07:17:30,108 [main] INFO  ozone.MiniOzoneClusterImpl (MiniOzoneClusterImpl.java:lambda$waitForClusterToBeReady$0(194)) - Nodes are ready. Got 5 of 5 DN Heartbeats.
2024-04-21 07:17:30,109 [main] INFO  ozone.MiniOzoneClusterImpl (MiniOzoneClusterImpl.java:lambda$waitForClusterToBeReady$0(197)) - Waiting for cluster to exit safe mode
2024-04-21 07:17:30,109 [main] INFO  ozone.MiniOzoneClusterImpl (MiniOzoneClusterImpl.java:lambda$waitForClusterToBeReady$0(199)) - SCM became leader
2024-04-21 07:17:31,109 [main] INFO  ozone.MiniOzoneClusterImpl (MiniOzoneClusterImpl.java:lambda$waitForClusterToBeReady$0(194)) - Nodes are ready. Got 5 of 5 DN Heartbeats.
2024-04-21 07:17:31,109 [main] INFO  ozone.MiniOzoneClusterImpl (MiniOzoneClusterImpl.java:lambda$waitForClusterToBeReady$0(197)) - Waiting for cluster to exit safe mode
2024-04-21 07:17:31,110 [main] INFO  ozone.MiniOzoneClusterImpl (MiniOzoneClusterImpl.java:lambda$waitForClusterToBeReady$0(199)) - SCM became leader
2024-04-21 07:17:32,110 [main] INFO  ozone.MiniOzoneClusterImpl (MiniOzoneClusterImpl.java:lambda$waitForClusterToBeReady$0(194)) - Nodes are ready. Got 5 of 5 DN Heartbeats.
2024-04-21 07:17:32,110 [main] INFO  ozone.MiniOzoneClusterImpl (MiniOzoneClusterImpl.java:lambda$waitForClusterToBeReady$0(197)) - Waiting for cluster to exit safe mode
2024-04-21 07:17:32,110 [main] INFO  ozone.MiniOzoneClusterImpl (MiniOzoneClusterImpl.java:lambda$waitForClusterToBeReady$0(199)) - SCM became leader
2024-04-21 07:17:33,111 [main] INFO  ozone.MiniOzoneClusterImpl (MiniOzoneClusterImpl.java:lambda$waitForClusterToBeReady$0(194)) - Nodes are ready. Got 5 of 5 DN Heartbeats.
2024-04-21 07:17:33,111 [main] INFO  ozone.MiniOzoneClusterImpl (MiniOzoneClusterImpl.java:lambda$waitForClusterToBeReady$0(197)) - Waiting for cluster to exit safe mode
2024-04-21 07:17:33,111 [main] INFO  ozone.MiniOzoneClusterImpl (MiniOzoneClusterImpl.java:lambda$waitForClusterToBeReady$0(199)) - SCM became leader
2024-04-21 07:17:33,834 [9387e6e8-bf6d-4d10-9dc1-f1bd05fc02cf@group-9461FA60FDFB-FollowerState] INFO  impl.FollowerState (FollowerState.java:run(143)) - 9387e6e8-bf6d-4d10-9dc1-f1bd05fc02cf@group-9461FA60FDFB-FollowerState: change to CANDIDATE, lastRpcElapsedTime:5004306442ns, electionTimeout:5003ms
2024-04-21 07:17:33,834 [9387e6e8-bf6d-4d10-9dc1-f1bd05fc02cf@group-9461FA60FDFB-FollowerState] INFO  impl.RoleInfo (RoleInfo.java:shutdownFollowerState(110)) - 9387e6e8-bf6d-4d10-9dc1-f1bd05fc02cf: shutdown 9387e6e8-bf6d-4d10-9dc1-f1bd05fc02cf@group-9461FA60FDFB-FollowerState
2024-04-21 07:17:33,834 [9387e6e8-bf6d-4d10-9dc1-f1bd05fc02cf@group-9461FA60FDFB-FollowerState] INFO  server.RaftServer$Division (RaftServerImpl.java:setRole(383)) - 9387e6e8-bf6d-4d10-9dc1-f1bd05fc02cf@group-9461FA60FDFB: changes role from  FOLLOWER to CANDIDATE at term 0 for changeToCandidate
2024-04-21 07:17:33,834 [9387e6e8-bf6d-4d10-9dc1-f1bd05fc02cf@group-9461FA60FDFB-FollowerState] INFO  server.RaftServerConfigKeys (ConfUtils.java:logGet(46)) - raft.server.leaderelection.pre-vote = true (default)
2024-04-21 07:17:33,834 [9387e6e8-bf6d-4d10-9dc1-f1bd05fc02cf@group-9461FA60FDFB-FollowerState] INFO  impl.RoleInfo (RoleInfo.java:updateAndGet(139)) - 9387e6e8-bf6d-4d10-9dc1-f1bd05fc02cf: start 9387e6e8-bf6d-4d10-9dc1-f1bd05fc02cf@group-9461FA60FDFB-LeaderElection32
2024-04-21 07:17:33,836 [9387e6e8-bf6d-4d10-9dc1-f1bd05fc02cf@group-9461FA60FDFB-LeaderElection32] INFO  impl.LeaderElection (LeaderElection.java:askForVotes(321)) - 9387e6e8-bf6d-4d10-9dc1-f1bd05fc02cf@group-9461FA60FDFB-LeaderElection32 PRE_VOTE round 0: submit vote requests at term 0 for -1: peers:[6cf56e53-88cb-4022-bd56-d9b5c4d884ee|10.1.0.102:15138, 9387e6e8-bf6d-4d10-9dc1-f1bd05fc02cf|10.1.0.102:15120, 33d4fa9a-f1b5-45a2-9ce3-43c86fd82df2|10.1.0.102:15129]|listeners:[], old=null
2024-04-21 07:17:33,836 [9387e6e8-bf6d-4d10-9dc1-f1bd05fc02cf@group-9461FA60FDFB-LeaderElection32-1] INFO  server.GrpcServerProtocolClient (GrpcServerProtocolClient.java:<init>(65)) - Build channel for 6cf56e53-88cb-4022-bd56-d9b5c4d884ee|10.1.0.102:15138
2024-04-21 07:17:33,837 [9387e6e8-bf6d-4d10-9dc1-f1bd05fc02cf@group-9461FA60FDFB-LeaderElection32-2] INFO  server.GrpcServerProtocolClient (GrpcServerProtocolClient.java:<init>(65)) - Build channel for 33d4fa9a-f1b5-45a2-9ce3-43c86fd82df2|10.1.0.102:15129
2024-04-21 07:17:33,837 [9387e6e8-bf6d-4d10-9dc1-f1bd05fc02cf@group-9461FA60FDFB-LeaderElection32] INFO  server.RaftServerConfigKeys (ConfUtils.java:logFallback(53)) - raft.server.rpc.first-election.timeout.min = 5s (fallback to raft.server.rpc.timeout.min)
2024-04-21 07:17:33,837 [9387e6e8-bf6d-4d10-9dc1-f1bd05fc02cf@group-9461FA60FDFB-LeaderElection32] INFO  server.RaftServerConfigKeys (ConfUtils.java:logFallback(53)) - raft.server.rpc.first-election.timeout.max = 5200ms (fallback to raft.server.rpc.timeout.max)
2024-04-21 07:17:33,843 [grpc-default-executor-1] INFO  server.RaftServer$Division (RaftServerImpl.java:requestVote(1389)) - 6cf56e53-88cb-4022-bd56-d9b5c4d884ee@group-9461FA60FDFB: receive requestVote(PRE_VOTE, 9387e6e8-bf6d-4d10-9dc1-f1bd05fc02cf, group-9461FA60FDFB, 0, (t:0, i:0))
2024-04-21 07:17:33,843 [grpc-default-executor-1] INFO  impl.VoteContext (VoteContext.java:log(49)) - 6cf56e53-88cb-4022-bd56-d9b5c4d884ee@group-9461FA60FDFB-FOLLOWER: accept PRE_VOTE from 9387e6e8-bf6d-4d10-9dc1-f1bd05fc02cf: our priority 0 <= candidate's priority 0
2024-04-21 07:17:33,843 [grpc-default-executor-1] INFO  server.RaftServer$Division (RaftServerImpl.java:requestVote(1422)) - 6cf56e53-88cb-4022-bd56-d9b5c4d884ee@group-9461FA60FDFB replies to PRE_VOTE vote request: 9387e6e8-bf6d-4d10-9dc1-f1bd05fc02cf<-6cf56e53-88cb-4022-bd56-d9b5c4d884ee#0:OK-t0. Peer's state: 6cf56e53-88cb-4022-bd56-d9b5c4d884ee@group-9461FA60FDFB:t0, leader=null, voted=, raftlog=Memoized:6cf56e53-88cb-4022-bd56-d9b5c4d884ee@group-9461FA60FDFB-SegmentedRaftLog:OPENED:c-1, conf=-1: peers:[6cf56e53-88cb-4022-bd56-d9b5c4d884ee|10.1.0.102:15138, 9387e6e8-bf6d-4d10-9dc1-f1bd05fc02cf|10.1.0.102:15120, 33d4fa9a-f1b5-45a2-9ce3-43c86fd82df2|10.1.0.102:15129]|listeners:[], old=null
2024-04-21 07:17:33,844 [grpc-default-executor-2] INFO  server.RaftServer$Division (RaftServerImpl.java:requestVote(1389)) - 33d4fa9a-f1b5-45a2-9ce3-43c86fd82df2@group-9461FA60FDFB: receive requestVote(PRE_VOTE, 9387e6e8-bf6d-4d10-9dc1-f1bd05fc02cf, group-9461FA60FDFB, 0, (t:0, i:0))
2024-04-21 07:17:33,844 [grpc-default-executor-2] INFO  impl.VoteContext (VoteContext.java:log(49)) - 33d4fa9a-f1b5-45a2-9ce3-43c86fd82df2@group-9461FA60FDFB-FOLLOWER: reject PRE_VOTE from 9387e6e8-bf6d-4d10-9dc1-f1bd05fc02cf: our priority 1 > candidate's priority 0
2024-04-21 07:17:33,844 [grpc-default-executor-2] INFO  server.RaftServer$Division (RaftServerImpl.java:requestVote(1422)) - 33d4fa9a-f1b5-45a2-9ce3-43c86fd82df2@group-9461FA60FDFB replies to PRE_VOTE vote request: 9387e6e8-bf6d-4d10-9dc1-f1bd05fc02cf<-33d4fa9a-f1b5-45a2-9ce3-43c86fd82df2#0:FAIL-t0. Peer's state: 33d4fa9a-f1b5-45a2-9ce3-43c86fd82df2@group-9461FA60FDFB:t0, leader=null, voted=, raftlog=Memoized:33d4fa9a-f1b5-45a2-9ce3-43c86fd82df2@group-9461FA60FDFB-SegmentedRaftLog:OPENED:c-1, conf=-1: peers:[6cf56e53-88cb-4022-bd56-d9b5c4d884ee|10.1.0.102:15138, 9387e6e8-bf6d-4d10-9dc1-f1bd05fc02cf|10.1.0.102:15120, 33d4fa9a-f1b5-45a2-9ce3-43c86fd82df2|10.1.0.102:15129]|listeners:[], old=null
2024-04-21 07:17:33,845 [9387e6e8-bf6d-4d10-9dc1-f1bd05fc02cf@group-9461FA60FDFB-LeaderElection32] INFO  impl.LeaderElection (LeaderElection.java:logAndReturn(89)) - 9387e6e8-bf6d-4d10-9dc1-f1bd05fc02cf@group-9461FA60FDFB-LeaderElection32: PRE_VOTE REJECTED received 2 response(s) and 0 exception(s):
2024-04-21 07:17:33,845 [9387e6e8-bf6d-4d10-9dc1-f1bd05fc02cf@group-9461FA60FDFB-LeaderElection32] INFO  impl.LeaderElection (LeaderElection.java:logAndReturn(93)) -   Response 0: 9387e6e8-bf6d-4d10-9dc1-f1bd05fc02cf<-6cf56e53-88cb-4022-bd56-d9b5c4d884ee#0:OK-t0
2024-04-21 07:17:33,845 [9387e6e8-bf6d-4d10-9dc1-f1bd05fc02cf@group-9461FA60FDFB-LeaderElection32] INFO  impl.LeaderElection (LeaderElection.java:logAndReturn(93)) -   Response 1: 9387e6e8-bf6d-4d10-9dc1-f1bd05fc02cf<-33d4fa9a-f1b5-45a2-9ce3-43c86fd82df2#0:FAIL-t0
2024-04-21 07:17:33,845 [9387e6e8-bf6d-4d10-9dc1-f1bd05fc02cf@group-9461FA60FDFB-LeaderElection32] INFO  impl.LeaderElection (LeaderElection.java:askForVotes(323)) - 9387e6e8-bf6d-4d10-9dc1-f1bd05fc02cf@group-9461FA60FDFB-LeaderElection32 PRE_VOTE round 0: result REJECTED
2024-04-21 07:17:33,845 [9387e6e8-bf6d-4d10-9dc1-f1bd05fc02cf@group-9461FA60FDFB-LeaderElection32] INFO  server.RaftServer$Division (RaftServerImpl.java:setRole(383)) - 9387e6e8-bf6d-4d10-9dc1-f1bd05fc02cf@group-9461FA60FDFB: changes role from CANDIDATE to FOLLOWER at term 0 for REJECTED
2024-04-21 07:17:33,845 [9387e6e8-bf6d-4d10-9dc1-f1bd05fc02cf@group-9461FA60FDFB-LeaderElection32] INFO  impl.RoleInfo (RoleInfo.java:shutdownLeaderElection(130)) - 9387e6e8-bf6d-4d10-9dc1-f1bd05fc02cf: shutdown 9387e6e8-bf6d-4d10-9dc1-f1bd05fc02cf@group-9461FA60FDFB-LeaderElection32
2024-04-21 07:17:33,845 [9387e6e8-bf6d-4d10-9dc1-f1bd05fc02cf@group-9461FA60FDFB-LeaderElection32] INFO  impl.RoleInfo (RoleInfo.java:updateAndGet(139)) - 9387e6e8-bf6d-4d10-9dc1-f1bd05fc02cf: start 9387e6e8-bf6d-4d10-9dc1-f1bd05fc02cf@group-9461FA60FDFB-FollowerState
2024-04-21 07:17:33,846 [9387e6e8-bf6d-4d10-9dc1-f1bd05fc02cf@group-9461FA60FDFB-LeaderElection32] INFO  server.RaftServer$Division (RaftServerImpl.java:setFirstElection(574)) - 9387e6e8-bf6d-4d10-9dc1-f1bd05fc02cf@group-9461FA60FDFB: set firstElectionSinceStartup to false for REJECTED
2024-04-21 07:17:33,935 [9387e6e8-bf6d-4d10-9dc1-f1bd05fc02cf@group-E2078B4A5995-FollowerState] INFO  impl.FollowerState (FollowerState.java:run(143)) - 9387e6e8-bf6d-4d10-9dc1-f1bd05fc02cf@group-E2078B4A5995-FollowerState: change to CANDIDATE, lastRpcElapsedTime:5119493791ns, electionTimeout:5119ms
2024-04-21 07:17:33,935 [9387e6e8-bf6d-4d10-9dc1-f1bd05fc02cf@group-E2078B4A5995-FollowerState] INFO  impl.RoleInfo (RoleInfo.java:shutdownFollowerState(110)) - 9387e6e8-bf6d-4d10-9dc1-f1bd05fc02cf: shutdown 9387e6e8-bf6d-4d10-9dc1-f1bd05fc02cf@group-E2078B4A5995-FollowerState
2024-04-21 07:17:33,935 [9387e6e8-bf6d-4d10-9dc1-f1bd05fc02cf@group-E2078B4A5995-FollowerState] INFO  server.RaftServer$Division (RaftServerImpl.java:setRole(383)) - 9387e6e8-bf6d-4d10-9dc1-f1bd05fc02cf@group-E2078B4A5995: changes role from  FOLLOWER to CANDIDATE at term 0 for changeToCandidate
2024-04-21 07:17:33,935 [9387e6e8-bf6d-4d10-9dc1-f1bd05fc02cf@group-E2078B4A5995-FollowerState] INFO  server.RaftServerConfigKeys (ConfUtils.java:logGet(46)) - raft.server.leaderelection.pre-vote = true (default)
2024-04-21 07:17:33,935 [9387e6e8-bf6d-4d10-9dc1-f1bd05fc02cf@group-E2078B4A5995-FollowerState] INFO  impl.RoleInfo (RoleInfo.java:updateAndGet(139)) - 9387e6e8-bf6d-4d10-9dc1-f1bd05fc02cf: start 9387e6e8-bf6d-4d10-9dc1-f1bd05fc02cf@group-E2078B4A5995-LeaderElection33
2024-04-21 07:17:33,937 [9387e6e8-bf6d-4d10-9dc1-f1bd05fc02cf@group-E2078B4A5995-LeaderElection33] INFO  impl.LeaderElection (LeaderElection.java:askForVotes(321)) - 9387e6e8-bf6d-4d10-9dc1-f1bd05fc02cf@group-E2078B4A5995-LeaderElection33 PRE_VOTE round 0: submit vote requests at term 0 for -1: peers:[9387e6e8-bf6d-4d10-9dc1-f1bd05fc02cf|10.1.0.102:15120]|listeners:[], old=null
2024-04-21 07:17:33,937 [9387e6e8-bf6d-4d10-9dc1-f1bd05fc02cf@group-E2078B4A5995-LeaderElection33] INFO  impl.LeaderElection (LeaderElection.java:askForVotes(323)) - 9387e6e8-bf6d-4d10-9dc1-f1bd05fc02cf@group-E2078B4A5995-LeaderElection33 PRE_VOTE round 0: result PASSED (term=0)
2024-04-21 07:17:33,938 [9387e6e8-bf6d-4d10-9dc1-f1bd05fc02cf@group-E2078B4A5995-LeaderElection33] INFO  impl.LeaderElection (LeaderElection.java:askForVotes(321)) - 9387e6e8-bf6d-4d10-9dc1-f1bd05fc02cf@group-E2078B4A5995-LeaderElection33 ELECTION round 0: submit vote requests at term 1 for -1: peers:[9387e6e8-bf6d-4d10-9dc1-f1bd05fc02cf|10.1.0.102:15120]|listeners:[], old=null
2024-04-21 07:17:33,938 [9387e6e8-bf6d-4d10-9dc1-f1bd05fc02cf@group-E2078B4A5995-LeaderElection33] INFO  impl.LeaderElection (LeaderElection.java:askForVotes(323)) - 9387e6e8-bf6d-4d10-9dc1-f1bd05fc02cf@group-E2078B4A5995-LeaderElection33 ELECTION round 0: result PASSED (term=1)
2024-04-21 07:17:33,938 [9387e6e8-bf6d-4d10-9dc1-f1bd05fc02cf@group-E2078B4A5995-LeaderElection33] INFO  impl.RoleInfo (RoleInfo.java:shutdownLeaderElection(130)) - 9387e6e8-bf6d-4d10-9dc1-f1bd05fc02cf: shutdown 9387e6e8-bf6d-4d10-9dc1-f1bd05fc02cf@group-E2078B4A5995-LeaderElection33
2024-04-21 07:17:33,938 [9387e6e8-bf6d-4d10-9dc1-f1bd05fc02cf@group-E2078B4A5995-LeaderElection33] INFO  server.RaftServer$Division (RaftServerImpl.java:setRole(383)) - 9387e6e8-bf6d-4d10-9dc1-f1bd05fc02cf@group-E2078B4A5995: changes role from CANDIDATE to LEADER at term 1 for changeToLeader
2024-04-21 07:17:33,938 [9387e6e8-bf6d-4d10-9dc1-f1bd05fc02cf@group-E2078B4A5995-LeaderElection33] INFO  server.RaftServerConfigKeys (ConfUtils.java:logGet(46)) - raft.server.staging.catchup.gap = 1000 (default)
2024-04-21 07:17:33,939 [9387e6e8-bf6d-4d10-9dc1-f1bd05fc02cf@group-E2078B4A5995-LeaderElection33] INFO  server.RaftServerConfigKeys (ConfUtils.java:logGet(46)) - raft.server.write.element-limit = 1024 (custom)
2024-04-21 07:17:33,939 [9387e6e8-bf6d-4d10-9dc1-f1bd05fc02cf@group-E2078B4A5995-LeaderElection33] INFO  server.RaftServerConfigKeys (ConfUtils.java:logGet(46)) - raft.server.write.byte-limit = 1024 M (=1073741824) (custom)
2024-04-21 07:17:33,939 [9387e6e8-bf6d-4d10-9dc1-f1bd05fc02cf@group-E2078B4A5995-LeaderElection33] INFO  server.RaftServerConfigKeys (ConfUtils.java:logGet(46)) - raft.server.watch.timeout = 3000ms (custom)
2024-04-21 07:17:33,939 [9387e6e8-bf6d-4d10-9dc1-f1bd05fc02cf@group-E2078B4A5995-LeaderElection33] INFO  server.RaftServerConfigKeys (ConfUtils.java:logGet(46)) - raft.server.watch.timeout.denomination = 1s (default)
2024-04-21 07:17:33,939 [9387e6e8-bf6d-4d10-9dc1-f1bd05fc02cf@group-E2078B4A5995-LeaderElection33] INFO  server.RaftServerConfigKeys (ConfUtils.java:logGet(46)) - raft.server.watch.element-limit = 65536 (default)
2024-04-21 07:17:33,939 [9387e6e8-bf6d-4d10-9dc1-f1bd05fc02cf@group-E2078B4A5995-LeaderElection33] INFO  server.RaftServerConfigKeys (ConfUtils.java:logGet(46)) - raft.server.read.leader.lease.enabled = false (default)
2024-04-21 07:17:33,939 [9387e6e8-bf6d-4d10-9dc1-f1bd05fc02cf@group-E2078B4A5995-LeaderElection33] INFO  server.RaftServerConfigKeys (ConfUtils.java:logGet(46)) - raft.server.read.leader.lease.timeout.ratio = 0.9 (default)
2024-04-21 07:17:33,939 [9387e6e8-bf6d-4d10-9dc1-f1bd05fc02cf@group-E2078B4A5995-LeaderElection33] INFO  server.RaftServerConfigKeys (ConfUtils.java:logGet(46)) - raft.server.rpc.timeout.min = 5s (custom)
2024-04-21 07:17:33,939 [9387e6e8-bf6d-4d10-9dc1-f1bd05fc02cf@group-E2078B4A5995-LeaderElection33] INFO  server.RaftServerConfigKeys (ConfUtils.java:logGet(46)) - raft.server.write.element-limit = 1024 (custom)
2024-04-21 07:17:33,939 [9387e6e8-bf6d-4d10-9dc1-f1bd05fc02cf@group-E2078B4A5995-LeaderElection33] INFO  server.RaftServerConfigKeys (ConfUtils.java:logGet(46)) - raft.server.write.follower.gap.ratio.max = -1.0 (default)
2024-04-21 07:17:33,939 [9387e6e8-bf6d-4d10-9dc1-f1bd05fc02cf@group-E2078B4A5995-LeaderElection33] INFO  impl.RoleInfo (RoleInfo.java:updateAndGet(139)) - 9387e6e8-bf6d-4d10-9dc1-f1bd05fc02cf: start 9387e6e8-bf6d-4d10-9dc1-f1bd05fc02cf@group-E2078B4A5995-LeaderStateImpl
2024-04-21 07:17:33,939 [9387e6e8-bf6d-4d10-9dc1-f1bd05fc02cf@group-E2078B4A5995-LeaderElection33] INFO  server.RaftServer$Division (RaftServerImpl.java:setFirstElection(574)) - 9387e6e8-bf6d-4d10-9dc1-f1bd05fc02cf@group-E2078B4A5995: set firstElectionSinceStartup to false for becomeLeader
2024-04-21 07:17:33,939 [9387e6e8-bf6d-4d10-9dc1-f1bd05fc02cf@group-E2078B4A5995-LeaderElection33] INFO  ratis.XceiverServerRatis (XceiverServerRatis.java:handleLeaderChangedNotification(966)) - Leader change notification received for group: group-E2078B4A5995 with new leaderId: 9387e6e8-bf6d-4d10-9dc1-f1bd05fc02cf
2024-04-21 07:17:33,940 [9387e6e8-bf6d-4d10-9dc1-f1bd05fc02cf@group-E2078B4A5995-LeaderElection33] INFO  server.RaftServer$Division (ServerState.java:setLeader(269)) - 9387e6e8-bf6d-4d10-9dc1-f1bd05fc02cf@group-E2078B4A5995: change Leader from null to 9387e6e8-bf6d-4d10-9dc1-f1bd05fc02cf at term 1 for becomeLeader, leader elected after 5135ms
2024-04-21 07:17:33,940 [9387e6e8-bf6d-4d10-9dc1-f1bd05fc02cf@group-E2078B4A5995-LeaderElection33] INFO  segmented.SegmentedRaftLogWorker (SegmentedRaftLogWorker.java:startLogSegment(430)) - 9387e6e8-bf6d-4d10-9dc1-f1bd05fc02cf@group-E2078B4A5995-SegmentedRaftLogWorker: Starting segment from index:0
2024-04-21 07:17:33,941 [9387e6e8-bf6d-4d10-9dc1-f1bd05fc02cf@group-E2078B4A5995-LeaderElection33] INFO  server.RaftServer$Division (ServerState.java:setRaftConf(386)) - 9387e6e8-bf6d-4d10-9dc1-f1bd05fc02cf@group-E2078B4A5995: set configuration 0: peers:[9387e6e8-bf6d-4d10-9dc1-f1bd05fc02cf|10.1.0.102:15120]|listeners:[], old=null
2024-04-21 07:17:33,941 [9387e6e8-bf6d-4d10-9dc1-f1bd05fc02cf@group-E2078B4A5995-SegmentedRaftLogWorker] INFO  segmented.BufferedWriteChannel (BufferedWriteChannel.java:open(62)) - open log_inprogress_0 at position 0
2024-04-21 07:17:33,941 [EventQueue-OpenPipelineForHealthyPipelineSafeModeRule] INFO  safemode.SCMSafeModeManager (HealthyPipelineSafeModeRule.java:process(140)) - SCM in safe mode. Healthy pipelines reported count is 0, required healthy pipeline reported count is 1
2024-04-21 07:17:33,952 [9387e6e8-bf6d-4d10-9dc1-f1bd05fc02cf@group-E2078B4A5995-SegmentedRaftLogWorker] INFO  segmented.SegmentedRaftLogWorker (SegmentedRaftLogWorker.java:execute(634)) - 9387e6e8-bf6d-4d10-9dc1-f1bd05fc02cf@group-E2078B4A5995-SegmentedRaftLogWorker: created new log segment /home/runner/work/ozone/ozone/hadoop-ozone/integration-test/target/test-dir/MiniOzoneClusterImpl-ed39ddd9-82bf-4bf6-8741-acb42c98007c/ozone-meta/datanode-1/ratis/bc87ce9e-43bf-487e-9f23-e2078b4a5995/current/log_inprogress_0
2024-04-21 07:17:33,953 [9387e6e8-bf6d-4d10-9dc1-f1bd05fc02cf@group-E2078B4A5995-StateMachineUpdater] INFO  server.RaftServer$Division (LeaderStateImpl.java:isApplied(320)) - leader is ready since appliedIndex == 0 >= startIndex == 0
2024-04-21 07:17:33,968 [33d4fa9a-f1b5-45a2-9ce3-43c86fd82df2@group-9461FA60FDFB-FollowerState] INFO  impl.FollowerState (FollowerState.java:run(143)) - 33d4fa9a-f1b5-45a2-9ce3-43c86fd82df2@group-9461FA60FDFB-FollowerState: change to CANDIDATE, lastRpcElapsedTime:5108005290ns, electionTimeout:5107ms
2024-04-21 07:17:33,968 [33d4fa9a-f1b5-45a2-9ce3-43c86fd82df2@group-9461FA60FDFB-FollowerState] INFO  impl.RoleInfo (RoleInfo.java:shutdownFollowerState(110)) - 33d4fa9a-f1b5-45a2-9ce3-43c86fd82df2: shutdown 33d4fa9a-f1b5-45a2-9ce3-43c86fd82df2@group-9461FA60FDFB-FollowerState
2024-04-21 07:17:33,968 [33d4fa9a-f1b5-45a2-9ce3-43c86fd82df2@group-9461FA60FDFB-FollowerState] INFO  server.RaftServer$Division (RaftServerImpl.java:setRole(383)) - 33d4fa9a-f1b5-45a2-9ce3-43c86fd82df2@group-9461FA60FDFB: changes role from  FOLLOWER to CANDIDATE at term 0 for changeToCandidate
2024-04-21 07:17:33,968 [33d4fa9a-f1b5-45a2-9ce3-43c86fd82df2@group-9461FA60FDFB-FollowerState] INFO  server.RaftServerConfigKeys (ConfUtils.java:logGet(46)) - raft.server.leaderelection.pre-vote = true (default)
2024-04-21 07:17:33,968 [33d4fa9a-f1b5-45a2-9ce3-43c86fd82df2@group-9461FA60FDFB-FollowerState] INFO  impl.RoleInfo (RoleInfo.java:updateAndGet(139)) - 33d4fa9a-f1b5-45a2-9ce3-43c86fd82df2: start 33d4fa9a-f1b5-45a2-9ce3-43c86fd82df2@group-9461FA60FDFB-LeaderElection34
2024-04-21 07:17:33,969 [33d4fa9a-f1b5-45a2-9ce3-43c86fd82df2@group-9461FA60FDFB-LeaderElection34] INFO  impl.LeaderElection (LeaderElection.java:askForVotes(321)) - 33d4fa9a-f1b5-45a2-9ce3-43c86fd82df2@group-9461FA60FDFB-LeaderElection34 PRE_VOTE round 0: submit vote requests at term 0 for -1: peers:[6cf56e53-88cb-4022-bd56-d9b5c4d884ee|10.1.0.102:15138, 9387e6e8-bf6d-4d10-9dc1-f1bd05fc02cf|10.1.0.102:15120, 33d4fa9a-f1b5-45a2-9ce3-43c86fd82df2|10.1.0.102:15129]|listeners:[], old=null
2024-04-21 07:17:33,969 [33d4fa9a-f1b5-45a2-9ce3-43c86fd82df2@group-9461FA60FDFB-LeaderElection34-1] INFO  server.GrpcServerProtocolClient (GrpcServerProtocolClient.java:<init>(65)) - Build channel for 6cf56e53-88cb-4022-bd56-d9b5c4d884ee|10.1.0.102:15138
2024-04-21 07:17:33,969 [33d4fa9a-f1b5-45a2-9ce3-43c86fd82df2@group-9461FA60FDFB-LeaderElection34-2] INFO  server.GrpcServerProtocolClient (GrpcServerProtocolClient.java:<init>(65)) - Build channel for 9387e6e8-bf6d-4d10-9dc1-f1bd05fc02cf|10.1.0.102:15120
2024-04-21 07:17:33,969 [33d4fa9a-f1b5-45a2-9ce3-43c86fd82df2@group-9461FA60FDFB-LeaderElection34] INFO  server.RaftServerConfigKeys (ConfUtils.java:logFallback(53)) - raft.server.rpc.first-election.timeout.min = 5s (fallback to raft.server.rpc.timeout.min)
2024-04-21 07:17:33,969 [33d4fa9a-f1b5-45a2-9ce3-43c86fd82df2@group-9461FA60FDFB-LeaderElection34] INFO  server.RaftServerConfigKeys (ConfUtils.java:logFallback(53)) - raft.server.rpc.first-election.timeout.max = 5200ms (fallback to raft.server.rpc.timeout.max)
2024-04-21 07:17:33,974 [grpc-default-executor-2] INFO  server.RaftServer$Division (RaftServerImpl.java:requestVote(1389)) - 6cf56e53-88cb-4022-bd56-d9b5c4d884ee@group-9461FA60FDFB: receive requestVote(PRE_VOTE, 33d4fa9a-f1b5-45a2-9ce3-43c86fd82df2, group-9461FA60FDFB, 0, (t:0, i:0))
2024-04-21 07:17:33,974 [grpc-default-executor-1] INFO  server.RaftServer$Division (RaftServerImpl.java:requestVote(1389)) - 9387e6e8-bf6d-4d10-9dc1-f1bd05fc02cf@group-9461FA60FDFB: receive requestVote(PRE_VOTE, 33d4fa9a-f1b5-45a2-9ce3-43c86fd82df2, group-9461FA60FDFB, 0, (t:0, i:0))
2024-04-21 07:17:33,975 [grpc-default-executor-2] INFO  impl.VoteContext (VoteContext.java:log(49)) - 6cf56e53-88cb-4022-bd56-d9b5c4d884ee@group-9461FA60FDFB-FOLLOWER: accept PRE_VOTE from 33d4fa9a-f1b5-45a2-9ce3-43c86fd82df2: our priority 0 <= candidate's priority 1
2024-04-21 07:17:33,975 [grpc-default-executor-1] INFO  impl.VoteContext (VoteContext.java:log(49)) - 9387e6e8-bf6d-4d10-9dc1-f1bd05fc02cf@group-9461FA60FDFB-FOLLOWER: accept PRE_VOTE from 33d4fa9a-f1b5-45a2-9ce3-43c86fd82df2: our priority 0 <= candidate's priority 1
2024-04-21 07:17:33,975 [grpc-default-executor-2] INFO  server.RaftServer$Division (RaftServerImpl.java:requestVote(1422)) - 6cf56e53-88cb-4022-bd56-d9b5c4d884ee@group-9461FA60FDFB replies to PRE_VOTE vote request: 33d4fa9a-f1b5-45a2-9ce3-43c86fd82df2<-6cf56e53-88cb-4022-bd56-d9b5c4d884ee#0:OK-t0. Peer's state: 6cf56e53-88cb-4022-bd56-d9b5c4d884ee@group-9461FA60FDFB:t0, leader=null, voted=, raftlog=Memoized:6cf56e53-88cb-4022-bd56-d9b5c4d884ee@group-9461FA60FDFB-SegmentedRaftLog:OPENED:c-1, conf=-1: peers:[6cf56e53-88cb-4022-bd56-d9b5c4d884ee|10.1.0.102:15138, 9387e6e8-bf6d-4d10-9dc1-f1bd05fc02cf|10.1.0.102:15120, 33d4fa9a-f1b5-45a2-9ce3-43c86fd82df2|10.1.0.102:15129]|listeners:[], old=null
2024-04-21 07:17:33,975 [grpc-default-executor-1] INFO  server.RaftServer$Division (RaftServerImpl.java:requestVote(1422)) - 9387e6e8-bf6d-4d10-9dc1-f1bd05fc02cf@group-9461FA60FDFB replies to PRE_VOTE vote request: 33d4fa9a-f1b5-45a2-9ce3-43c86fd82df2<-9387e6e8-bf6d-4d10-9dc1-f1bd05fc02cf#0:OK-t0. Peer's state: 9387e6e8-bf6d-4d10-9dc1-f1bd05fc02cf@group-9461FA60FDFB:t0, leader=null, voted=, raftlog=Memoized:9387e6e8-bf6d-4d10-9dc1-f1bd05fc02cf@group-9461FA60FDFB-SegmentedRaftLog:OPENED:c-1, conf=-1: peers:[6cf56e53-88cb-4022-bd56-d9b5c4d884ee|10.1.0.102:15138, 9387e6e8-bf6d-4d10-9dc1-f1bd05fc02cf|10.1.0.102:15120, 33d4fa9a-f1b5-45a2-9ce3-43c86fd82df2|10.1.0.102:15129]|listeners:[], old=null
2024-04-21 07:17:33,976 [33d4fa9a-f1b5-45a2-9ce3-43c86fd82df2@group-9461FA60FDFB-LeaderElection34] INFO  impl.LeaderElection (LeaderElection.java:logAndReturn(89)) - 33d4fa9a-f1b5-45a2-9ce3-43c86fd82df2@group-9461FA60FDFB-LeaderElection34: PRE_VOTE PASSED received 1 response(s) and 0 exception(s):
2024-04-21 07:17:33,976 [33d4fa9a-f1b5-45a2-9ce3-43c86fd82df2@group-9461FA60FDFB-LeaderElection34] INFO  impl.LeaderElection (LeaderElection.java:logAndReturn(93)) -   Response 0: 33d4fa9a-f1b5-45a2-9ce3-43c86fd82df2<-6cf56e53-88cb-4022-bd56-d9b5c4d884ee#0:OK-t0
2024-04-21 07:17:33,976 [33d4fa9a-f1b5-45a2-9ce3-43c86fd82df2@group-9461FA60FDFB-LeaderElection34] INFO  impl.LeaderElection (LeaderElection.java:askForVotes(323)) - 33d4fa9a-f1b5-45a2-9ce3-43c86fd82df2@group-9461FA60FDFB-LeaderElection34 PRE_VOTE round 0: result PASSED
2024-04-21 07:17:33,977 [33d4fa9a-f1b5-45a2-9ce3-43c86fd82df2@group-9461FA60FDFB-LeaderElection34] INFO  impl.LeaderElection (LeaderElection.java:askForVotes(321)) - 33d4fa9a-f1b5-45a2-9ce3-43c86fd82df2@group-9461FA60FDFB-LeaderElection34 ELECTION round 0: submit vote requests at term 1 for -1: peers:[6cf56e53-88cb-4022-bd56-d9b5c4d884ee|10.1.0.102:15138, 9387e6e8-bf6d-4d10-9dc1-f1bd05fc02cf|10.1.0.102:15120, 33d4fa9a-f1b5-45a2-9ce3-43c86fd82df2|10.1.0.102:15129]|listeners:[], old=null
2024-04-21 07:17:33,977 [33d4fa9a-f1b5-45a2-9ce3-43c86fd82df2@group-9461FA60FDFB-LeaderElection34] INFO  server.RaftServerConfigKeys (ConfUtils.java:logFallback(53)) - raft.server.rpc.first-election.timeout.min = 5s (fallback to raft.server.rpc.timeout.min)
2024-04-21 07:17:33,977 [33d4fa9a-f1b5-45a2-9ce3-43c86fd82df2@group-9461FA60FDFB-LeaderElection34] INFO  server.RaftServerConfigKeys (ConfUtils.java:logFallback(53)) - raft.server.rpc.first-election.timeout.max = 5200ms (fallback to raft.server.rpc.timeout.max)
2024-04-21 07:17:33,978 [grpc-default-executor-1] INFO  server.RaftServer$Division (RaftServerImpl.java:requestVote(1389)) - 9387e6e8-bf6d-4d10-9dc1-f1bd05fc02cf@group-9461FA60FDFB: receive requestVote(ELECTION, 33d4fa9a-f1b5-45a2-9ce3-43c86fd82df2, group-9461FA60FDFB, 1, (t:0, i:0))
2024-04-21 07:17:33,978 [grpc-default-executor-1] INFO  impl.VoteContext (VoteContext.java:log(49)) - 9387e6e8-bf6d-4d10-9dc1-f1bd05fc02cf@group-9461FA60FDFB-FOLLOWER: accept ELECTION from 33d4fa9a-f1b5-45a2-9ce3-43c86fd82df2: our priority 0 <= candidate's priority 1
2024-04-21 07:17:33,978 [grpc-default-executor-1] INFO  server.RaftServer$Division (RaftServerImpl.java:setRole(383)) - 9387e6e8-bf6d-4d10-9dc1-f1bd05fc02cf@group-9461FA60FDFB: changes role from  FOLLOWER to FOLLOWER at term 1 for candidate:33d4fa9a-f1b5-45a2-9ce3-43c86fd82df2
2024-04-21 07:17:33,978 [grpc-default-executor-1] INFO  impl.RoleInfo (RoleInfo.java:shutdownFollowerState(110)) - 9387e6e8-bf6d-4d10-9dc1-f1bd05fc02cf: shutdown 9387e6e8-bf6d-4d10-9dc1-f1bd05fc02cf@group-9461FA60FDFB-FollowerState
2024-04-21 07:17:33,978 [grpc-default-executor-1] INFO  impl.RoleInfo (RoleInfo.java:updateAndGet(139)) - 9387e6e8-bf6d-4d10-9dc1-f1bd05fc02cf: start 9387e6e8-bf6d-4d10-9dc1-f1bd05fc02cf@group-9461FA60FDFB-FollowerState
2024-04-21 07:17:33,978 [grpc-default-executor-2] INFO  server.RaftServer$Division (RaftServerImpl.java:requestVote(1389)) - 6cf56e53-88cb-4022-bd56-d9b5c4d884ee@group-9461FA60FDFB: receive requestVote(ELECTION, 33d4fa9a-f1b5-45a2-9ce3-43c86fd82df2, group-9461FA60FDFB, 1, (t:0, i:0))
2024-04-21 07:17:33,979 [grpc-default-executor-2] INFO  impl.VoteContext (VoteContext.java:log(49)) - 6cf56e53-88cb-4022-bd56-d9b5c4d884ee@group-9461FA60FDFB-FOLLOWER: accept ELECTION from 33d4fa9a-f1b5-45a2-9ce3-43c86fd82df2: our priority 0 <= candidate's priority 1
2024-04-21 07:17:33,979 [grpc-default-executor-2] INFO  server.RaftServer$Division (RaftServerImpl.java:setRole(383)) - 6cf56e53-88cb-4022-bd56-d9b5c4d884ee@group-9461FA60FDFB: changes role from  FOLLOWER to FOLLOWER at term 1 for candidate:33d4fa9a-f1b5-45a2-9ce3-43c86fd82df2
2024-04-21 07:17:33,979 [grpc-default-executor-2] INFO  impl.RoleInfo (RoleInfo.java:shutdownFollowerState(110)) - 6cf56e53-88cb-4022-bd56-d9b5c4d884ee: shutdown 6cf56e53-88cb-4022-bd56-d9b5c4d884ee@group-9461FA60FDFB-FollowerState
2024-04-21 07:17:33,979 [grpc-default-executor-2] INFO  impl.RoleInfo (RoleInfo.java:updateAndGet(139)) - 6cf56e53-88cb-4022-bd56-d9b5c4d884ee: start 6cf56e53-88cb-4022-bd56-d9b5c4d884ee@group-9461FA60FDFB-FollowerState
2024-04-21 07:17:33,978 [9387e6e8-bf6d-4d10-9dc1-f1bd05fc02cf@group-9461FA60FDFB-FollowerState] INFO  impl.FollowerState (FollowerState.java:run(152)) - 9387e6e8-bf6d-4d10-9dc1-f1bd05fc02cf@group-9461FA60FDFB-FollowerState was interrupted
2024-04-21 07:17:33,979 [6cf56e53-88cb-4022-bd56-d9b5c4d884ee@group-9461FA60FDFB-FollowerState] INFO  impl.FollowerState (FollowerState.java:run(152)) - 6cf56e53-88cb-4022-bd56-d9b5c4d884ee@group-9461FA60FDFB-FollowerState was interrupted
2024-04-21 07:17:33,979 [grpc-default-executor-2] INFO  server.RaftServer$Division (RaftServerImpl.java:setFirstElection(574)) - 6cf56e53-88cb-4022-bd56-d9b5c4d884ee@group-9461FA60FDFB: set firstElectionSinceStartup to false for candidate:33d4fa9a-f1b5-45a2-9ce3-43c86fd82df2
2024-04-21 07:17:33,980 [grpc-default-executor-1] INFO  server.RaftServer$Division (RaftServerImpl.java:requestVote(1422)) - 9387e6e8-bf6d-4d10-9dc1-f1bd05fc02cf@group-9461FA60FDFB replies to ELECTION vote request: 33d4fa9a-f1b5-45a2-9ce3-43c86fd82df2<-9387e6e8-bf6d-4d10-9dc1-f1bd05fc02cf#0:OK-t1. Peer's state: 9387e6e8-bf6d-4d10-9dc1-f1bd05fc02cf@group-9461FA60FDFB:t1, leader=null, voted=33d4fa9a-f1b5-45a2-9ce3-43c86fd82df2, raftlog=Memoized:9387e6e8-bf6d-4d10-9dc1-f1bd05fc02cf@group-9461FA60FDFB-SegmentedRaftLog:OPENED:c-1, conf=-1: peers:[6cf56e53-88cb-4022-bd56-d9b5c4d884ee|10.1.0.102:15138, 9387e6e8-bf6d-4d10-9dc1-f1bd05fc02cf|10.1.0.102:15120, 33d4fa9a-f1b5-45a2-9ce3-43c86fd82df2|10.1.0.102:15129]|listeners:[], old=null
2024-04-21 07:17:33,981 [33d4fa9a-f1b5-45a2-9ce3-43c86fd82df2@group-9461FA60FDFB-LeaderElection34] INFO  impl.LeaderElection (LeaderElection.java:logAndReturn(89)) - 33d4fa9a-f1b5-45a2-9ce3-43c86fd82df2@group-9461FA60FDFB-LeaderElection34: ELECTION PASSED received 1 response(s) and 0 exception(s):
2024-04-21 07:17:33,981 [33d4fa9a-f1b5-45a2-9ce3-43c86fd82df2@group-9461FA60FDFB-LeaderElection34] INFO  impl.LeaderElection (LeaderElection.java:logAndReturn(93)) -   Response 0: 33d4fa9a-f1b5-45a2-9ce3-43c86fd82df2<-9387e6e8-bf6d-4d10-9dc1-f1bd05fc02cf#0:OK-t1
2024-04-21 07:17:33,981 [33d4fa9a-f1b5-45a2-9ce3-43c86fd82df2@group-9461FA60FDFB-LeaderElection34] INFO  impl.LeaderElection (LeaderElection.java:askForVotes(323)) - 33d4fa9a-f1b5-45a2-9ce3-43c86fd82df2@group-9461FA60FDFB-LeaderElection34 ELECTION round 0: result PASSED
2024-04-21 07:17:33,981 [33d4fa9a-f1b5-45a2-9ce3-43c86fd82df2@group-9461FA60FDFB-LeaderElection34] INFO  impl.RoleInfo (RoleInfo.java:shutdownLeaderElection(130)) - 33d4fa9a-f1b5-45a2-9ce3-43c86fd82df2: shutdown 33d4fa9a-f1b5-45a2-9ce3-43c86fd82df2@group-9461FA60FDFB-LeaderElection34
2024-04-21 07:17:33,981 [grpc-default-executor-2] INFO  server.RaftServer$Division (RaftServerImpl.java:requestVote(1422)) - 6cf56e53-88cb-4022-bd56-d9b5c4d884ee@group-9461FA60FDFB replies to ELECTION vote request: 33d4fa9a-f1b5-45a2-9ce3-43c86fd82df2<-6cf56e53-88cb-4022-bd56-d9b5c4d884ee#0:OK-t1. Peer's state: 6cf56e53-88cb-4022-bd56-d9b5c4d884ee@group-9461FA60FDFB:t1, leader=null, voted=33d4fa9a-f1b5-45a2-9ce3-43c86fd82df2, raftlog=Memoized:6cf56e53-88cb-4022-bd56-d9b5c4d884ee@group-9461FA60FDFB-SegmentedRaftLog:OPENED:c-1, conf=-1: peers:[6cf56e53-88cb-4022-bd56-d9b5c4d884ee|10.1.0.102:15138, 9387e6e8-bf6d-4d10-9dc1-f1bd05fc02cf|10.1.0.102:15120, 33d4fa9a-f1b5-45a2-9ce3-43c86fd82df2|10.1.0.102:15129]|listeners:[], old=null
2024-04-21 07:17:33,981 [33d4fa9a-f1b5-45a2-9ce3-43c86fd82df2@group-9461FA60FDFB-LeaderElection34] INFO  server.RaftServer$Division (RaftServerImpl.java:setRole(383)) - 33d4fa9a-f1b5-45a2-9ce3-43c86fd82df2@group-9461FA60FDFB: changes role from CANDIDATE to LEADER at term 1 for changeToLeader
2024-04-21 07:17:33,981 [33d4fa9a-f1b5-45a2-9ce3-43c86fd82df2@group-9461FA60FDFB-LeaderElection34] INFO  server.RaftServerConfigKeys (ConfUtils.java:logGet(46)) - raft.server.staging.catchup.gap = 1000 (default)
2024-04-21 07:17:33,981 [33d4fa9a-f1b5-45a2-9ce3-43c86fd82df2@group-9461FA60FDFB-LeaderElection34] INFO  server.RaftServerConfigKeys (ConfUtils.java:logGet(46)) - raft.server.write.element-limit = 1024 (custom)
2024-04-21 07:17:33,982 [33d4fa9a-f1b5-45a2-9ce3-43c86fd82df2@group-9461FA60FDFB-LeaderElection34] INFO  server.RaftServerConfigKeys (ConfUtils.java:logGet(46)) - raft.server.write.byte-limit = 1024 M (=1073741824) (custom)
2024-04-21 07:17:33,982 [33d4fa9a-f1b5-45a2-9ce3-43c86fd82df2@group-9461FA60FDFB-LeaderElection34] INFO  server.RaftServerConfigKeys (ConfUtils.java:logGet(46)) - raft.server.watch.timeout = 3000ms (custom)
2024-04-21 07:17:33,982 [33d4fa9a-f1b5-45a2-9ce3-43c86fd82df2@group-9461FA60FDFB-LeaderElection34] INFO  server.RaftServerConfigKeys (ConfUtils.java:logGet(46)) - raft.server.watch.timeout.denomination = 1s (default)
2024-04-21 07:17:33,982 [33d4fa9a-f1b5-45a2-9ce3-43c86fd82df2@group-9461FA60FDFB-LeaderElection34] INFO  server.RaftServerConfigKeys (ConfUtils.java:logGet(46)) - raft.server.watch.element-limit = 65536 (default)
2024-04-21 07:17:33,982 [33d4fa9a-f1b5-45a2-9ce3-43c86fd82df2@group-9461FA60FDFB-LeaderElection34] INFO  server.RaftServerConfigKeys (ConfUtils.java:logGet(46)) - raft.server.read.leader.lease.enabled = false (default)
2024-04-21 07:17:33,982 [33d4fa9a-f1b5-45a2-9ce3-43c86fd82df2@group-9461FA60FDFB-LeaderElection34] INFO  server.RaftServerConfigKeys (ConfUtils.java:logGet(46)) - raft.server.read.leader.lease.timeout.ratio = 0.9 (default)
2024-04-21 07:17:33,982 [33d4fa9a-f1b5-45a2-9ce3-43c86fd82df2@group-9461FA60FDFB-LeaderElection34] INFO  server.RaftServerConfigKeys (ConfUtils.java:logGet(46)) - raft.server.rpc.timeout.min = 5s (custom)
2024-04-21 07:17:33,982 [33d4fa9a-f1b5-45a2-9ce3-43c86fd82df2@group-9461FA60FDFB-LeaderElection34] INFO  server.RaftServerConfigKeys (ConfUtils.java:logGet(46)) - raft.server.write.element-limit = 1024 (custom)
2024-04-21 07:17:33,982 [33d4fa9a-f1b5-45a2-9ce3-43c86fd82df2@group-9461FA60FDFB-LeaderElection34] INFO  server.RaftServerConfigKeys (ConfUtils.java:logGet(46)) - raft.server.write.follower.gap.ratio.max = -1.0 (default)
2024-04-21 07:17:33,983 [33d4fa9a-f1b5-45a2-9ce3-43c86fd82df2@group-9461FA60FDFB-LeaderElection34] INFO  server.RaftServerConfigKeys (ConfUtils.java:logGet(46)) - raft.server.log.appender.snapshot.chunk.size.max = 16MB (=16777216) (default)
2024-04-21 07:17:33,983 [33d4fa9a-f1b5-45a2-9ce3-43c86fd82df2@group-9461FA60FDFB-LeaderElection34] INFO  server.RaftServerConfigKeys (ConfUtils.java:logGet(46)) - raft.server.log.appender.buffer.byte-limit = 8388608 (custom)
2024-04-21 07:17:33,983 [33d4fa9a-f1b5-45a2-9ce3-43c86fd82df2@group-9461FA60FDFB-LeaderElection34] INFO  server.RaftServerConfigKeys (ConfUtils.java:logGet(46)) - raft.server.log.appender.buffer.element-limit = 1 (custom)
2024-04-21 07:17:33,983 [33d4fa9a-f1b5-45a2-9ce3-43c86fd82df2@group-9461FA60FDFB-LeaderElection34] INFO  server.RaftServerConfigKeys (ConfUtils.java:logGet(46)) - raft.server.log.appender.wait-time.min = 0ms (custom)
2024-04-21 07:17:33,983 [33d4fa9a-f1b5-45a2-9ce3-43c86fd82df2@group-9461FA60FDFB-LeaderElection34] INFO  grpc.GrpcConfigKeys (ConfUtils.java:logGet(46)) - raft.grpc.server.leader.outstanding.appends.max = 8 (default)
2024-04-21 07:17:33,983 [33d4fa9a-f1b5-45a2-9ce3-43c86fd82df2@group-9461FA60FDFB-LeaderElection34] INFO  server.RaftServerConfigKeys (ConfUtils.java:logGet(46)) - raft.server.rpc.request.timeout = 3000ms (default)
2024-04-21 07:17:33,983 [33d4fa9a-f1b5-45a2-9ce3-43c86fd82df2@group-9461FA60FDFB-LeaderElection34] INFO  grpc.GrpcConfigKeys (ConfUtils.java:logGet(46)) - raft.grpc.server.install_snapshot.request.element-limit = 8 (default)
2024-04-21 07:17:33,983 [33d4fa9a-f1b5-45a2-9ce3-43c86fd82df2@group-9461FA60FDFB-LeaderElection34] INFO  grpc.GrpcConfigKeys (ConfUtils.java:logGet(46)) - raft.grpc.server.install_snapshot.request.timeout = 3000ms (default)
2024-04-21 07:17:33,983 [33d4fa9a-f1b5-45a2-9ce3-43c86fd82df2@group-9461FA60FDFB-LeaderElection34] INFO  grpc.GrpcConfigKeys (ConfUtils.java:logGet(46)) - raft.grpc.server.log-message.batch.duration = 5s (default)
2024-04-21 07:17:33,983 [33d4fa9a-f1b5-45a2-9ce3-43c86fd82df2@group-9461FA60FDFB-LeaderElection34] INFO  server.RaftServerConfigKeys (ConfUtils.java:logGet(46)) - raft.server.log.appender.install.snapshot.enabled = false (custom)
2024-04-21 07:17:33,984 [33d4fa9a-f1b5-45a2-9ce3-43c86fd82df2@group-9461FA60FDFB-LeaderElection34] INFO  grpc.GrpcConfigKeys (ConfUtils.java:logGet(46)) - raft.grpc.server.heartbeat.channel = true (default)
2024-04-21 07:17:33,984 [33d4fa9a-f1b5-45a2-9ce3-43c86fd82df2@group-9461FA60FDFB-LeaderElection34] INFO  server.RaftServerConfigKeys (ConfUtils.java:logGet(46)) - raft.server.log.appender.snapshot.chunk.size.max = 16MB (=16777216) (default)
2024-04-21 07:17:33,984 [33d4fa9a-f1b5-45a2-9ce3-43c86fd82df2@group-9461FA60FDFB-LeaderElection34] INFO  server.RaftServerConfigKeys (ConfUtils.java:logGet(46)) - raft.server.log.appender.buffer.byte-limit = 8388608 (custom)
2024-04-21 07:17:33,984 [33d4fa9a-f1b5-45a2-9ce3-43c86fd82df2@group-9461FA60FDFB-LeaderElection34] INFO  server.RaftServerConfigKeys (ConfUtils.java:logGet(46)) - raft.server.log.appender.buffer.element-limit = 1 (custom)
2024-04-21 07:17:33,985 [33d4fa9a-f1b5-45a2-9ce3-43c86fd82df2@group-9461FA60FDFB-LeaderElection34] INFO  server.RaftServerConfigKeys (ConfUtils.java:logGet(46)) - raft.server.log.appender.wait-time.min = 0ms (custom)
2024-04-21 07:17:33,985 [33d4fa9a-f1b5-45a2-9ce3-43c86fd82df2@group-9461FA60FDFB-LeaderElection34] INFO  grpc.GrpcConfigKeys (ConfUtils.java:logGet(46)) - raft.grpc.server.leader.outstanding.appends.max = 8 (default)
2024-04-21 07:17:33,985 [33d4fa9a-f1b5-45a2-9ce3-43c86fd82df2@group-9461FA60FDFB-LeaderElection34] INFO  server.RaftServerConfigKeys (ConfUtils.java:logGet(46)) - raft.server.rpc.request.timeout = 3000ms (default)
2024-04-21 07:17:33,985 [33d4fa9a-f1b5-45a2-9ce3-43c86fd82df2@group-9461FA60FDFB-LeaderElection34] INFO  grpc.GrpcConfigKeys (ConfUtils.java:logGet(46)) - raft.grpc.server.install_snapshot.request.element-limit = 8 (default)
2024-04-21 07:17:33,985 [33d4fa9a-f1b5-45a2-9ce3-43c86fd82df2@group-9461FA60FDFB-LeaderElection34] INFO  grpc.GrpcConfigKeys (ConfUtils.java:logGet(46)) - raft.grpc.server.install_snapshot.request.timeout = 3000ms (default)
2024-04-21 07:17:33,985 [33d4fa9a-f1b5-45a2-9ce3-43c86fd82df2@group-9461FA60FDFB-LeaderElection34] INFO  grpc.GrpcConfigKeys (ConfUtils.java:logGet(46)) - raft.grpc.server.log-message.batch.duration = 5s (default)
2024-04-21 07:17:33,985 [33d4fa9a-f1b5-45a2-9ce3-43c86fd82df2@group-9461FA60FDFB-LeaderElection34] INFO  server.RaftServerConfigKeys (ConfUtils.java:logGet(46)) - raft.server.log.appender.install.snapshot.enabled = false (custom)
2024-04-21 07:17:33,985 [33d4fa9a-f1b5-45a2-9ce3-43c86fd82df2@group-9461FA60FDFB-LeaderElection34] INFO  grpc.GrpcConfigKeys (ConfUtils.java:logGet(46)) - raft.grpc.server.heartbeat.channel = true (default)
2024-04-21 07:17:33,985 [33d4fa9a-f1b5-45a2-9ce3-43c86fd82df2@group-9461FA60FDFB-LeaderElection34] INFO  impl.RoleInfo (RoleInfo.java:updateAndGet(139)) - 33d4fa9a-f1b5-45a2-9ce3-43c86fd82df2: start 33d4fa9a-f1b5-45a2-9ce3-43c86fd82df2@group-9461FA60FDFB-LeaderStateImpl
2024-04-21 07:17:33,985 [33d4fa9a-f1b5-45a2-9ce3-43c86fd82df2@group-9461FA60FDFB-LeaderElection34] INFO  server.RaftServer$Division (RaftServerImpl.java:setFirstElection(574)) - 33d4fa9a-f1b5-45a2-9ce3-43c86fd82df2@group-9461FA60FDFB: set firstElectionSinceStartup to false for becomeLeader
2024-04-21 07:17:33,985 [33d4fa9a-f1b5-45a2-9ce3-43c86fd82df2@group-9461FA60FDFB-LeaderElection34] INFO  ratis.XceiverServerRatis (XceiverServerRatis.java:handleLeaderChangedNotification(966)) - Leader change notification received for group: group-9461FA60FDFB with new leaderId: 33d4fa9a-f1b5-45a2-9ce3-43c86fd82df2
2024-04-21 07:17:33,986 [33d4fa9a-f1b5-45a2-9ce3-43c86fd82df2@group-9461FA60FDFB-LeaderElection34] INFO  server.RaftServer$Division (ServerState.java:setLeader(269)) - 33d4fa9a-f1b5-45a2-9ce3-43c86fd82df2@group-9461FA60FDFB: change Leader from null to 33d4fa9a-f1b5-45a2-9ce3-43c86fd82df2 at term 1 for becomeLeader, leader elected after 5135ms
2024-04-21 07:17:33,986 [33d4fa9a-f1b5-45a2-9ce3-43c86fd82df2@group-9461FA60FDFB-LeaderElection34] INFO  segmented.SegmentedRaftLogWorker (SegmentedRaftLogWorker.java:startLogSegment(430)) - 33d4fa9a-f1b5-45a2-9ce3-43c86fd82df2@group-9461FA60FDFB-SegmentedRaftLogWorker: Starting segment from index:0
2024-04-21 07:17:33,986 [33d4fa9a-f1b5-45a2-9ce3-43c86fd82df2@group-9461FA60FDFB-SegmentedRaftLogWorker] INFO  segmented.BufferedWriteChannel (BufferedWriteChannel.java:open(62)) - open log_inprogress_0 at position 0
2024-04-21 07:17:33,989 [9387e6e8-bf6d-4d10-9dc1-f1bd05fc02cf@group-85F3280A5D9A-FollowerState] INFO  impl.FollowerState (FollowerState.java:run(143)) - 9387e6e8-bf6d-4d10-9dc1-f1bd05fc02cf@group-85F3280A5D9A-FollowerState: change to CANDIDATE, lastRpcElapsedTime:5080995909ns, electionTimeout:5080ms
2024-04-21 07:17:33,989 [9387e6e8-bf6d-4d10-9dc1-f1bd05fc02cf@group-85F3280A5D9A-FollowerState] INFO  impl.RoleInfo (RoleInfo.java:shutdownFollowerState(110)) - 9387e6e8-bf6d-4d10-9dc1-f1bd05fc02cf: shutdown 9387e6e8-bf6d-4d10-9dc1-f1bd05fc02cf@group-85F3280A5D9A-FollowerState
2024-04-21 07:17:33,989 [9387e6e8-bf6d-4d10-9dc1-f1bd05fc02cf@group-85F3280A5D9A-FollowerState] INFO  server.RaftServer$Division (RaftServerImpl.java:setRole(383)) - 9387e6e8-bf6d-4d10-9dc1-f1bd05fc02cf@group-85F3280A5D9A: changes role from  FOLLOWER to CANDIDATE at term 0 for changeToCandidate
2024-04-21 07:17:33,989 [9387e6e8-bf6d-4d10-9dc1-f1bd05fc02cf@group-85F3280A5D9A-FollowerState] INFO  server.RaftServerConfigKeys (ConfUtils.java:logGet(46)) - raft.server.leaderelection.pre-vote = true (default)
2024-04-21 07:17:33,989 [9387e6e8-bf6d-4d10-9dc1-f1bd05fc02cf@group-85F3280A5D9A-FollowerState] INFO  impl.RoleInfo (RoleInfo.java:updateAndGet(139)) - 9387e6e8-bf6d-4d10-9dc1-f1bd05fc02cf: start 9387e6e8-bf6d-4d10-9dc1-f1bd05fc02cf@group-85F3280A5D9A-LeaderElection35
2024-04-21 07:17:33,991 [33d4fa9a-f1b5-45a2-9ce3-43c86fd82df2@group-9461FA60FDFB-LeaderElection34] INFO  server.RaftServer$Division (ServerState.java:setRaftConf(386)) - 33d4fa9a-f1b5-45a2-9ce3-43c86fd82df2@group-9461FA60FDFB: set configuration 0: peers:[6cf56e53-88cb-4022-bd56-d9b5c4d884ee|10.1.0.102:15138, 9387e6e8-bf6d-4d10-9dc1-f1bd05fc02cf|10.1.0.102:15120, 33d4fa9a-f1b5-45a2-9ce3-43c86fd82df2|10.1.0.102:15129]|listeners:[], old=null
2024-04-21 07:17:33,992 [9387e6e8-bf6d-4d10-9dc1-f1bd05fc02cf@group-85F3280A5D9A-LeaderElection35] INFO  impl.LeaderElection (LeaderElection.java:askForVotes(321)) - 9387e6e8-bf6d-4d10-9dc1-f1bd05fc02cf@group-85F3280A5D9A-LeaderElection35 PRE_VOTE round 0: submit vote requests at term 0 for -1: peers:[6cf56e53-88cb-4022-bd56-d9b5c4d884ee|10.1.0.102:15138, 9387e6e8-bf6d-4d10-9dc1-f1bd05fc02cf|10.1.0.102:15120, 33d4fa9a-f1b5-45a2-9ce3-43c86fd82df2|10.1.0.102:15129]|listeners:[], old=null
2024-04-21 07:17:33,992 [EventQueue-OpenPipelineForHealthyPipelineSafeModeRule] INFO  safemode.SCMSafeModeManager (HealthyPipelineSafeModeRule.java:process(140)) - SCM in safe mode. Healthy pipelines reported count is 0, required healthy pipeline reported count is 1
2024-04-21 07:17:33,993 [EventQueue-PipelineReportForPipelineReportHandler] INFO  pipeline.PipelineReportHandler (PipelineReportHandler.java:processPipelineReport(136)) - Opened pipeline PipelineID=c4b7aa47-080c-4de3-8911-9461fa60fdfb
2024-04-21 07:17:33,993 [EventQueue-OpenPipelineForHealthyPipelineSafeModeRule] INFO  safemode.SCMSafeModeManager (HealthyPipelineSafeModeRule.java:process(140)) - SCM in safe mode. Healthy pipelines reported count is 1, required healthy pipeline reported count is 1
2024-04-21 07:17:33,993 [EventQueue-OpenPipelineForHealthyPipelineSafeModeRule] INFO  safemode.SCMSafeModeManager (SCMSafeModeManager.java:validateSafeModeExitRules(200)) - HealthyPipelineSafeModeRule rule is successfully validated
2024-04-21 07:17:33,993 [EventQueue-OpenPipelineForHealthyPipelineSafeModeRule] INFO  safemode.SCMSafeModeManager (SCMSafeModeManager.java:validateSafeModeExitRules(215)) - ScmSafeModeManager, all rules are successfully validated
2024-04-21 07:17:33,993 [EventQueue-OpenPipelineForHealthyPipelineSafeModeRule] INFO  safemode.SCMSafeModeManager (SCMSafeModeManager.java:exitSafeMode(244)) - SCM exiting safe mode.
2024-04-21 07:17:33,993 [EventQueue-OpenPipelineForHealthyPipelineSafeModeRule] INFO  ha.SCMContext (SCMContext.java:updateSafeModeStatus(225)) - Update SafeModeStatus from SafeModeStatus{safeModeStatus=true, preCheckPassed=true} to SafeModeStatus{safeModeStatus=false, preCheckPassed=true}.
2024-04-21 07:17:33,993 [EventQueue-OpenPipelineForHealthyPipelineSafeModeRule] INFO  pipeline.BackgroundPipelineCreator (BackgroundPipelineCreator.java:notifyStatusChanged(258)) - Service BackgroundPipelineCreator transitions to RUNNING.
2024-04-21 07:17:33,993 [EventQueue-OpenPipelineForHealthyPipelineSafeModeRule] INFO  BackgroundPipelineScrubber (BackgroundSCMService.java:notifyStatusChanged(79)) - Service BackgroundPipelineScrubber transitions to RUNNING.
2024-04-21 07:17:33,993 [EventQueue-OpenPipelineForHealthyPipelineSafeModeRule] INFO  ExpiredContainerReplicaOpScrubber (BackgroundSCMService.java:notifyStatusChanged(79)) - Service ExpiredContainerReplicaOpScrubber transitions to RUNNING.
2024-04-21 07:17:33,993 [EventQueue-OpenPipelineForHealthyPipelineSafeModeRule] INFO  block.SCMBlockDeletingService (SCMBlockDeletingService.java:notifyStatusChanged(247)) - notifyStatusChanged:RUNNING
2024-04-21 07:17:33,993 [EventQueue-OpenPipelineForHealthyPipelineSafeModeRule] INFO  replication.ReplicationManager (ReplicationManager.java:notifyStatusChanged(1403)) - Service ReplicationManager transitions to RUNNING.
2024-04-21 07:17:33,994 [EventQueue-OpenPipelineForHealthyPipelineSafeModeRule] WARN  balancer.ContainerBalancer (ContainerBalancer.java:shouldRun(134)) - Could not find persisted configuration for ContainerBalancer when checking if ContainerBalancer should run. ContainerBalancer should not run now.
2024-04-21 07:17:33,995 [33d4fa9a-f1b5-45a2-9ce3-43c86fd82df2@group-9461FA60FDFB-SegmentedRaftLogWorker] INFO  segmented.SegmentedRaftLogWorker (SegmentedRaftLogWorker.java:execute(634)) - 33d4fa9a-f1b5-45a2-9ce3-43c86fd82df2@group-9461FA60FDFB-SegmentedRaftLogWorker: created new log segment /home/runner/work/ozone/ozone/hadoop-ozone/integration-test/target/test-dir/MiniOzoneClusterImpl-ed39ddd9-82bf-4bf6-8741-acb42c98007c/ozone-meta/datanode-2/ratis/c4b7aa47-080c-4de3-8911-9461fa60fdfb/current/log_inprogress_0
2024-04-21 07:17:33,996 [grpc-default-executor-0] INFO  server.RaftServer$Division (RaftServerImpl.java:requestVote(1389)) - 6cf56e53-88cb-4022-bd56-d9b5c4d884ee@group-85F3280A5D9A: receive requestVote(PRE_VOTE, 9387e6e8-bf6d-4d10-9dc1-f1bd05fc02cf, group-85F3280A5D9A, 0, (t:0, i:0))
2024-04-21 07:17:33,996 [grpc-default-executor-0] INFO  impl.VoteContext (VoteContext.java:log(49)) - 6cf56e53-88cb-4022-bd56-d9b5c4d884ee@group-85F3280A5D9A-FOLLOWER: reject PRE_VOTE from 9387e6e8-bf6d-4d10-9dc1-f1bd05fc02cf: our priority 1 > candidate's priority 0
2024-04-21 07:17:33,996 [grpc-default-executor-0] INFO  server.RaftServer$Division (RaftServerImpl.java:requestVote(1422)) - 6cf56e53-88cb-4022-bd56-d9b5c4d884ee@group-85F3280A5D9A replies to PRE_VOTE vote request: 9387e6e8-bf6d-4d10-9dc1-f1bd05fc02cf<-6cf56e53-88cb-4022-bd56-d9b5c4d884ee#0:FAIL-t0. Peer's state: 6cf56e53-88cb-4022-bd56-d9b5c4d884ee@group-85F3280A5D9A:t0, leader=null, voted=, raftlog=Memoized:6cf56e53-88cb-4022-bd56-d9b5c4d884ee@group-85F3280A5D9A-SegmentedRaftLog:OPENED:c-1, conf=-1: peers:[6cf56e53-88cb-4022-bd56-d9b5c4d884ee|10.1.0.102:15138, 9387e6e8-bf6d-4d10-9dc1-f1bd05fc02cf|10.1.0.102:15120, 33d4fa9a-f1b5-45a2-9ce3-43c86fd82df2|10.1.0.102:15129]|listeners:[], old=null
2024-04-21 07:17:33,999 [9387e6e8-bf6d-4d10-9dc1-f1bd05fc02cf@group-85F3280A5D9A-LeaderElection35] INFO  server.RaftServerConfigKeys (ConfUtils.java:logFallback(53)) - raft.server.rpc.first-election.timeout.min = 5s (fallback to raft.server.rpc.timeout.min)
2024-04-21 07:17:33,999 [9387e6e8-bf6d-4d10-9dc1-f1bd05fc02cf@group-85F3280A5D9A-LeaderElection35] INFO  server.RaftServerConfigKeys (ConfUtils.java:logFallback(53)) - raft.server.rpc.first-election.timeout.max = 5200ms (fallback to raft.server.rpc.timeout.max)
2024-04-21 07:17:33,999 [9387e6e8-bf6d-4d10-9dc1-f1bd05fc02cf@group-85F3280A5D9A-LeaderElection35] INFO  impl.LeaderElection (LeaderElection.java:logAndReturn(89)) - 9387e6e8-bf6d-4d10-9dc1-f1bd05fc02cf@group-85F3280A5D9A-LeaderElection35: PRE_VOTE REJECTED received 1 response(s) and 0 exception(s):
2024-04-21 07:17:33,999 [9387e6e8-bf6d-4d10-9dc1-f1bd05fc02cf@group-85F3280A5D9A-LeaderElection35] INFO  impl.LeaderElection (LeaderElection.java:logAndReturn(93)) -   Response 0: 9387e6e8-bf6d-4d10-9dc1-f1bd05fc02cf<-6cf56e53-88cb-4022-bd56-d9b5c4d884ee#0:FAIL-t0
2024-04-21 07:17:34,000 [9387e6e8-bf6d-4d10-9dc1-f1bd05fc02cf@group-85F3280A5D9A-LeaderElection35] INFO  impl.LeaderElection (LeaderElection.java:askForVotes(323)) - 9387e6e8-bf6d-4d10-9dc1-f1bd05fc02cf@group-85F3280A5D9A-LeaderElection35 PRE_VOTE round 0: result REJECTED
2024-04-21 07:17:34,000 [9387e6e8-bf6d-4d10-9dc1-f1bd05fc02cf@group-85F3280A5D9A-LeaderElection35] INFO  server.RaftServer$Division (RaftServerImpl.java:setRole(383)) - 9387e6e8-bf6d-4d10-9dc1-f1bd05fc02cf@group-85F3280A5D9A: changes role from CANDIDATE to FOLLOWER at term 0 for REJECTED
2024-04-21 07:17:34,000 [9387e6e8-bf6d-4d10-9dc1-f1bd05fc02cf@group-85F3280A5D9A-LeaderElection35] INFO  impl.RoleInfo (RoleInfo.java:shutdownLeaderElection(130)) - 9387e6e8-bf6d-4d10-9dc1-f1bd05fc02cf: shutdown 9387e6e8-bf6d-4d10-9dc1-f1bd05fc02cf@group-85F3280A5D9A-LeaderElection35
2024-04-21 07:17:34,000 [9387e6e8-bf6d-4d10-9dc1-f1bd05fc02cf@group-85F3280A5D9A-LeaderElection35] INFO  impl.RoleInfo (RoleInfo.java:updateAndGet(139)) - 9387e6e8-bf6d-4d10-9dc1-f1bd05fc02cf: start 9387e6e8-bf6d-4d10-9dc1-f1bd05fc02cf@group-85F3280A5D9A-FollowerState
2024-04-21 07:17:34,000 [9387e6e8-bf6d-4d10-9dc1-f1bd05fc02cf@group-85F3280A5D9A-LeaderElection35] INFO  server.RaftServer$Division (RaftServerImpl.java:setFirstElection(574)) - 9387e6e8-bf6d-4d10-9dc1-f1bd05fc02cf@group-85F3280A5D9A: set firstElectionSinceStartup to false for REJECTED
2024-04-21 07:17:34,001 [6cf56e53-88cb-4022-bd56-d9b5c4d884ee-server-thread2] INFO  ratis.XceiverServerRatis (XceiverServerRatis.java:handleLeaderChangedNotification(966)) - Leader change notification received for group: group-9461FA60FDFB with new leaderId: 33d4fa9a-f1b5-45a2-9ce3-43c86fd82df2
2024-04-21 07:17:34,001 [6cf56e53-88cb-4022-bd56-d9b5c4d884ee-server-thread2] INFO  server.RaftServer$Division (ServerState.java:setLeader(269)) - 6cf56e53-88cb-4022-bd56-d9b5c4d884ee@group-9461FA60FDFB: change Leader from null to 33d4fa9a-f1b5-45a2-9ce3-43c86fd82df2 at term 1 for appendEntries, leader elected after 5131ms
2024-04-21 07:17:34,002 [6cf56e53-88cb-4022-bd56-d9b5c4d884ee-server-thread2] INFO  server.RaftServer$Division (ServerState.java:setRaftConf(386)) - 6cf56e53-88cb-4022-bd56-d9b5c4d884ee@group-9461FA60FDFB: set configuration 0: peers:[6cf56e53-88cb-4022-bd56-d9b5c4d884ee|10.1.0.102:15138, 9387e6e8-bf6d-4d10-9dc1-f1bd05fc02cf|10.1.0.102:15120, 33d4fa9a-f1b5-45a2-9ce3-43c86fd82df2|10.1.0.102:15129]|listeners:[], old=null
2024-04-21 07:17:34,003 [6cf56e53-88cb-4022-bd56-d9b5c4d884ee-server-thread2] INFO  segmented.SegmentedRaftLogWorker (SegmentedRaftLogWorker.java:startLogSegment(430)) - 6cf56e53-88cb-4022-bd56-d9b5c4d884ee@group-9461FA60FDFB-SegmentedRaftLogWorker: Starting segment from index:0
2024-04-21 07:17:34,003 [6cf56e53-88cb-4022-bd56-d9b5c4d884ee@group-9461FA60FDFB-SegmentedRaftLogWorker] INFO  segmented.BufferedWriteChannel (BufferedWriteChannel.java:open(62)) - open log_inprogress_0 at position 0
2024-04-21 07:17:34,004 [grpc-default-executor-3] INFO  server.RaftServer$Division (RaftServerImpl.java:requestVote(1389)) - 33d4fa9a-f1b5-45a2-9ce3-43c86fd82df2@group-85F3280A5D9A: receive requestVote(PRE_VOTE, 9387e6e8-bf6d-4d10-9dc1-f1bd05fc02cf, group-85F3280A5D9A, 0, (t:0, i:0))
2024-04-21 07:17:34,004 [grpc-default-executor-3] INFO  impl.VoteContext (VoteContext.java:log(49)) - 33d4fa9a-f1b5-45a2-9ce3-43c86fd82df2@group-85F3280A5D9A-FOLLOWER: accept PRE_VOTE from 9387e6e8-bf6d-4d10-9dc1-f1bd05fc02cf: our priority 0 <= candidate's priority 0
2024-04-21 07:17:34,005 [grpc-default-executor-3] INFO  server.RaftServer$Division (RaftServerImpl.java:requestVote(1422)) - 33d4fa9a-f1b5-45a2-9ce3-43c86fd82df2@group-85F3280A5D9A replies to PRE_VOTE vote request: 9387e6e8-bf6d-4d10-9dc1-f1bd05fc02cf<-33d4fa9a-f1b5-45a2-9ce3-43c86fd82df2#0:OK-t0. Peer's state: 33d4fa9a-f1b5-45a2-9ce3-43c86fd82df2@group-85F3280A5D9A:t0, leader=null, voted=, raftlog=Memoized:33d4fa9a-f1b5-45a2-9ce3-43c86fd82df2@group-85F3280A5D9A-SegmentedRaftLog:OPENED:c-1, conf=-1: peers:[6cf56e53-88cb-4022-bd56-d9b5c4d884ee|10.1.0.102:15138, 9387e6e8-bf6d-4d10-9dc1-f1bd05fc02cf|10.1.0.102:15120, 33d4fa9a-f1b5-45a2-9ce3-43c86fd82df2|10.1.0.102:15129]|listeners:[], old=null
2024-04-21 07:17:34,007 [9387e6e8-bf6d-4d10-9dc1-f1bd05fc02cf-server-thread1] INFO  ratis.XceiverServerRatis (XceiverServerRatis.java:handleLeaderChangedNotification(966)) - Leader change notification received for group: group-9461FA60FDFB with new leaderId: 33d4fa9a-f1b5-45a2-9ce3-43c86fd82df2
2024-04-21 07:17:34,007 [9387e6e8-bf6d-4d10-9dc1-f1bd05fc02cf-server-thread1] INFO  server.RaftServer$Division (ServerState.java:setLeader(269)) - 9387e6e8-bf6d-4d10-9dc1-f1bd05fc02cf@group-9461FA60FDFB: change Leader from null to 33d4fa9a-f1b5-45a2-9ce3-43c86fd82df2 at term 1 for appendEntries, leader elected after 5188ms
2024-04-21 07:17:34,010 [9387e6e8-bf6d-4d10-9dc1-f1bd05fc02cf-server-thread2] INFO  server.RaftServer$Division (ServerState.java:setRaftConf(386)) - 9387e6e8-bf6d-4d10-9dc1-f1bd05fc02cf@group-9461FA60FDFB: set configuration 0: peers:[6cf56e53-88cb-4022-bd56-d9b5c4d884ee|10.1.0.102:15138, 9387e6e8-bf6d-4d10-9dc1-f1bd05fc02cf|10.1.0.102:15120, 33d4fa9a-f1b5-45a2-9ce3-43c86fd82df2|10.1.0.102:15129]|listeners:[], old=null
2024-04-21 07:17:34,010 [9387e6e8-bf6d-4d10-9dc1-f1bd05fc02cf-server-thread2] INFO  segmented.SegmentedRaftLogWorker (SegmentedRaftLogWorker.java:startLogSegment(430)) - 9387e6e8-bf6d-4d10-9dc1-f1bd05fc02cf@group-9461FA60FDFB-SegmentedRaftLogWorker: Starting segment from index:0
2024-04-21 07:17:34,010 [9387e6e8-bf6d-4d10-9dc1-f1bd05fc02cf@group-9461FA60FDFB-SegmentedRaftLogWorker] INFO  segmented.BufferedWriteChannel (BufferedWriteChannel.java:open(62)) - open log_inprogress_0 at position 0
2024-04-21 07:17:34,011 [6cf56e53-88cb-4022-bd56-d9b5c4d884ee@group-9461FA60FDFB-SegmentedRaftLogWorker] INFO  segmented.SegmentedRaftLogWorker (SegmentedRaftLogWorker.java:execute(634)) - 6cf56e53-88cb-4022-bd56-d9b5c4d884ee@group-9461FA60FDFB-SegmentedRaftLogWorker: created new log segment /home/runner/work/ozone/ozone/hadoop-ozone/integration-test/target/test-dir/MiniOzoneClusterImpl-ed39ddd9-82bf-4bf6-8741-acb42c98007c/ozone-meta/datanode-3/ratis/c4b7aa47-080c-4de3-8911-9461fa60fdfb/current/log_inprogress_0
2024-04-21 07:17:34,014 [33d4fa9a-f1b5-45a2-9ce3-43c86fd82df2@group-9461FA60FDFB-StateMachineUpdater] INFO  server.RaftServer$Division (LeaderStateImpl.java:isApplied(320)) - leader is ready since appliedIndex == 0 >= startIndex == 0
2024-04-21 07:17:34,019 [9387e6e8-bf6d-4d10-9dc1-f1bd05fc02cf@group-9461FA60FDFB-SegmentedRaftLogWorker] INFO  segmented.SegmentedRaftLogWorker (SegmentedRaftLogWorker.java:execute(634)) - 9387e6e8-bf6d-4d10-9dc1-f1bd05fc02cf@group-9461FA60FDFB-SegmentedRaftLogWorker: created new log segment /home/runner/work/ozone/ozone/hadoop-ozone/integration-test/target/test-dir/MiniOzoneClusterImpl-ed39ddd9-82bf-4bf6-8741-acb42c98007c/ozone-meta/datanode-1/ratis/c4b7aa47-080c-4de3-8911-9461fa60fdfb/current/log_inprogress_0
2024-04-21 07:17:34,036 [6cf56e53-88cb-4022-bd56-d9b5c4d884ee@group-5E161AF68217-FollowerState] INFO  impl.FollowerState (FollowerState.java:run(143)) - 6cf56e53-88cb-4022-bd56-d9b5c4d884ee@group-5E161AF68217-FollowerState: change to CANDIDATE, lastRpcElapsedTime:5029675198ns, electionTimeout:5027ms
2024-04-21 07:17:34,036 [6cf56e53-88cb-4022-bd56-d9b5c4d884ee@group-5E161AF68217-FollowerState] INFO  impl.RoleInfo (RoleInfo.java:shutdownFollowerState(110)) - 6cf56e53-88cb-4022-bd56-d9b5c4d884ee: shutdown 6cf56e53-88cb-4022-bd56-d9b5c4d884ee@group-5E161AF68217-FollowerState
2024-04-21 07:17:34,036 [6cf56e53-88cb-4022-bd56-d9b5c4d884ee@group-5E161AF68217-FollowerState] INFO  server.RaftServer$Division (RaftServerImpl.java:setRole(383)) - 6cf56e53-88cb-4022-bd56-d9b5c4d884ee@group-5E161AF68217: changes role from  FOLLOWER to CANDIDATE at term 0 for changeToCandidate
2024-04-21 07:17:34,036 [6cf56e53-88cb-4022-bd56-d9b5c4d884ee@group-5E161AF68217-FollowerState] INFO  server.RaftServerConfigKeys (ConfUtils.java:logGet(46)) - raft.server.leaderelection.pre-vote = true (default)
2024-04-21 07:17:34,036 [6cf56e53-88cb-4022-bd56-d9b5c4d884ee@group-5E161AF68217-FollowerState] INFO  impl.RoleInfo (RoleInfo.java:updateAndGet(139)) - 6cf56e53-88cb-4022-bd56-d9b5c4d884ee: start 6cf56e53-88cb-4022-bd56-d9b5c4d884ee@group-5E161AF68217-LeaderElection36
2024-04-21 07:17:34,038 [6cf56e53-88cb-4022-bd56-d9b5c4d884ee@group-5E161AF68217-LeaderElection36] INFO  impl.LeaderElection (LeaderElection.java:askForVotes(321)) - 6cf56e53-88cb-4022-bd56-d9b5c4d884ee@group-5E161AF68217-LeaderElection36 PRE_VOTE round 0: submit vote requests at term 0 for -1: peers:[6cf56e53-88cb-4022-bd56-d9b5c4d884ee|10.1.0.102:15138]|listeners:[], old=null
2024-04-21 07:17:34,038 [6cf56e53-88cb-4022-bd56-d9b5c4d884ee@group-5E161AF68217-LeaderElection36] INFO  impl.LeaderElection (LeaderElection.java:askForVotes(323)) - 6cf56e53-88cb-4022-bd56-d9b5c4d884ee@group-5E161AF68217-LeaderElection36 PRE_VOTE round 0: result PASSED (term=0)
2024-04-21 07:17:34,039 [6cf56e53-88cb-4022-bd56-d9b5c4d884ee@group-5E161AF68217-LeaderElection36] INFO  impl.LeaderElection (LeaderElection.java:askForVotes(321)) - 6cf56e53-88cb-4022-bd56-d9b5c4d884ee@group-5E161AF68217-LeaderElection36 ELECTION round 0: submit vote requests at term 1 for -1: peers:[6cf56e53-88cb-4022-bd56-d9b5c4d884ee|10.1.0.102:15138]|listeners:[], old=null
2024-04-21 07:17:34,039 [6cf56e53-88cb-4022-bd56-d9b5c4d884ee@group-5E161AF68217-LeaderElection36] INFO  impl.LeaderElection (LeaderElection.java:askForVotes(323)) - 6cf56e53-88cb-4022-bd56-d9b5c4d884ee@group-5E161AF68217-LeaderElection36 ELECTION round 0: result PASSED (term=1)
2024-04-21 07:17:34,039 [6cf56e53-88cb-4022-bd56-d9b5c4d884ee@group-5E161AF68217-LeaderElection36] INFO  impl.RoleInfo (RoleInfo.java:shutdownLeaderElection(130)) - 6cf56e53-88cb-4022-bd56-d9b5c4d884ee: shutdown 6cf56e53-88cb-4022-bd56-d9b5c4d884ee@group-5E161AF68217-LeaderElection36
2024-04-21 07:17:34,039 [6cf56e53-88cb-4022-bd56-d9b5c4d884ee@group-5E161AF68217-LeaderElection36] INFO  server.RaftServer$Division (RaftServerImpl.java:setRole(383)) - 6cf56e53-88cb-4022-bd56-d9b5c4d884ee@group-5E161AF68217: changes role from CANDIDATE to LEADER at term 1 for changeToLeader
2024-04-21 07:17:34,039 [6cf56e53-88cb-4022-bd56-d9b5c4d884ee@group-5E161AF68217-LeaderElection36] INFO  server.RaftServerConfigKeys (ConfUtils.java:logGet(46)) - raft.server.staging.catchup.gap = 1000 (default)
2024-04-21 07:17:34,039 [6cf56e53-88cb-4022-bd56-d9b5c4d884ee@group-5E161AF68217-LeaderElection36] INFO  server.RaftServerConfigKeys (ConfUtils.java:logGet(46)) - raft.server.write.element-limit = 1024 (custom)
2024-04-21 07:17:34,039 [6cf56e53-88cb-4022-bd56-d9b5c4d884ee@group-5E161AF68217-LeaderElection36] INFO  server.RaftServerConfigKeys (ConfUtils.java:logGet(46)) - raft.server.write.byte-limit = 1024 M (=1073741824) (custom)
2024-04-21 07:17:34,040 [6cf56e53-88cb-4022-bd56-d9b5c4d884ee@group-5E161AF68217-LeaderElection36] INFO  server.RaftServerConfigKeys (ConfUtils.java:logGet(46)) - raft.server.watch.timeout = 3000ms (custom)
2024-04-21 07:17:34,040 [6cf56e53-88cb-4022-bd56-d9b5c4d884ee@group-5E161AF68217-LeaderElection36] INFO  server.RaftServerConfigKeys (ConfUtils.java:logGet(46)) - raft.server.watch.timeout.denomination = 1s (default)
2024-04-21 07:17:34,040 [6cf56e53-88cb-4022-bd56-d9b5c4d884ee@group-5E161AF68217-LeaderElection36] INFO  server.RaftServerConfigKeys (ConfUtils.java:logGet(46)) - raft.server.watch.element-limit = 65536 (default)
2024-04-21 07:17:34,040 [6cf56e53-88cb-4022-bd56-d9b5c4d884ee@group-5E161AF68217-LeaderElection36] INFO  server.RaftServerConfigKeys (ConfUtils.java:logGet(46)) - raft.server.read.leader.lease.enabled = false (default)
2024-04-21 07:17:34,040 [6cf56e53-88cb-4022-bd56-d9b5c4d884ee@group-5E161AF68217-LeaderElection36] INFO  server.RaftServerConfigKeys (ConfUtils.java:logGet(46)) - raft.server.read.leader.lease.timeout.ratio = 0.9 (default)
2024-04-21 07:17:34,040 [6cf56e53-88cb-4022-bd56-d9b5c4d884ee@group-5E161AF68217-LeaderElection36] INFO  server.RaftServerConfigKeys (ConfUtils.java:logGet(46)) - raft.server.rpc.timeout.min = 5s (custom)
2024-04-21 07:17:34,040 [6cf56e53-88cb-4022-bd56-d9b5c4d884ee@group-5E161AF68217-LeaderElection36] INFO  server.RaftServerConfigKeys (ConfUtils.java:logGet(46)) - raft.server.write.element-limit = 1024 (custom)
2024-04-21 07:17:34,040 [6cf56e53-88cb-4022-bd56-d9b5c4d884ee@group-5E161AF68217-LeaderElection36] INFO  server.RaftServerConfigKeys (ConfUtils.java:logGet(46)) - raft.server.write.follower.gap.ratio.max = -1.0 (default)
2024-04-21 07:17:34,040 [6cf56e53-88cb-4022-bd56-d9b5c4d884ee@group-5E161AF68217-LeaderElection36] INFO  impl.RoleInfo (RoleInfo.java:updateAndGet(139)) - 6cf56e53-88cb-4022-bd56-d9b5c4d884ee: start 6cf56e53-88cb-4022-bd56-d9b5c4d884ee@group-5E161AF68217-LeaderStateImpl
2024-04-21 07:17:34,040 [6cf56e53-88cb-4022-bd56-d9b5c4d884ee@group-5E161AF68217-LeaderElection36] INFO  server.RaftServer$Division (RaftServerImpl.java:setFirstElection(574)) - 6cf56e53-88cb-4022-bd56-d9b5c4d884ee@group-5E161AF68217: set firstElectionSinceStartup to false for becomeLeader
2024-04-21 07:17:34,040 [6cf56e53-88cb-4022-bd56-d9b5c4d884ee@group-5E161AF68217-LeaderElection36] INFO  ratis.XceiverServerRatis (XceiverServerRatis.java:handleLeaderChangedNotification(966)) - Leader change notification received for group: group-5E161AF68217 with new leaderId: 6cf56e53-88cb-4022-bd56-d9b5c4d884ee
2024-04-21 07:17:34,040 [6cf56e53-88cb-4022-bd56-d9b5c4d884ee@group-5E161AF68217-LeaderElection36] INFO  server.RaftServer$Division (ServerState.java:setLeader(269)) - 6cf56e53-88cb-4022-bd56-d9b5c4d884ee@group-5E161AF68217: change Leader from null to 6cf56e53-88cb-4022-bd56-d9b5c4d884ee at term 1 for becomeLeader, leader elected after 5055ms
2024-04-21 07:17:34,041 [6cf56e53-88cb-4022-bd56-d9b5c4d884ee@group-5E161AF68217-LeaderElection36] INFO  segmented.SegmentedRaftLogWorker (SegmentedRaftLogWorker.java:startLogSegment(430)) - 6cf56e53-88cb-4022-bd56-d9b5c4d884ee@group-5E161AF68217-SegmentedRaftLogWorker: Starting segment from index:0
2024-04-21 07:17:34,041 [6cf56e53-88cb-4022-bd56-d9b5c4d884ee@group-5E161AF68217-LeaderElection36] INFO  server.RaftServer$Division (ServerState.java:setRaftConf(386)) - 6cf56e53-88cb-4022-bd56-d9b5c4d884ee@group-5E161AF68217: set configuration 0: peers:[6cf56e53-88cb-4022-bd56-d9b5c4d884ee|10.1.0.102:15138]|listeners:[], old=null
2024-04-21 07:17:34,042 [6cf56e53-88cb-4022-bd56-d9b5c4d884ee@group-5E161AF68217-SegmentedRaftLogWorker] INFO  segmented.BufferedWriteChannel (BufferedWriteChannel.java:open(62)) - open log_inprogress_0 at position 0
2024-04-21 07:17:34,049 [6cf56e53-88cb-4022-bd56-d9b5c4d884ee@group-5E161AF68217-SegmentedRaftLogWorker] INFO  segmented.SegmentedRaftLogWorker (SegmentedRaftLogWorker.java:execute(634)) - 6cf56e53-88cb-4022-bd56-d9b5c4d884ee@group-5E161AF68217-SegmentedRaftLogWorker: created new log segment /home/runner/work/ozone/ozone/hadoop-ozone/integration-test/target/test-dir/MiniOzoneClusterImpl-ed39ddd9-82bf-4bf6-8741-acb42c98007c/ozone-meta/datanode-3/ratis/92642223-ead3-4aef-b8a5-5e161af68217/current/log_inprogress_0
2024-04-21 07:17:34,050 [6cf56e53-88cb-4022-bd56-d9b5c4d884ee@group-5E161AF68217-StateMachineUpdater] INFO  server.RaftServer$Division (LeaderStateImpl.java:isApplied(320)) - leader is ready since appliedIndex == 0 >= startIndex == 0
2024-04-21 07:17:34,057 [33d4fa9a-f1b5-45a2-9ce3-43c86fd82df2@group-85F3280A5D9A-FollowerState] INFO  server.RaftServerConfigKeys (ConfUtils.java:logFallback(53)) - raft.server.rpc.first-election.timeout.min = 5s (fallback to raft.server.rpc.timeout.min)
2024-04-21 07:17:34,057 [33d4fa9a-f1b5-45a2-9ce3-43c86fd82df2@group-85F3280A5D9A-FollowerState] INFO  server.RaftServerConfigKeys (ConfUtils.java:logFallback(53)) - raft.server.rpc.first-election.timeout.max = 5200ms (fallback to raft.server.rpc.timeout.max)
2024-04-21 07:17:34,065 [33d4fa9a-f1b5-45a2-9ce3-43c86fd82df2@group-2653268D5246-FollowerState] INFO  impl.FollowerState (FollowerState.java:run(143)) - 33d4fa9a-f1b5-45a2-9ce3-43c86fd82df2@group-2653268D5246-FollowerState: change to CANDIDATE, lastRpcElapsedTime:5156846902ns, electionTimeout:5148ms
2024-04-21 07:17:34,065 [33d4fa9a-f1b5-45a2-9ce3-43c86fd82df2@group-2653268D5246-FollowerState] INFO  impl.RoleInfo (RoleInfo.java:shutdownFollowerState(110)) - 33d4fa9a-f1b5-45a2-9ce3-43c86fd82df2: shutdown 33d4fa9a-f1b5-45a2-9ce3-43c86fd82df2@group-2653268D5246-FollowerState
2024-04-21 07:17:34,065 [33d4fa9a-f1b5-45a2-9ce3-43c86fd82df2@group-2653268D5246-FollowerState] INFO  server.RaftServer$Division (RaftServerImpl.java:setRole(383)) - 33d4fa9a-f1b5-45a2-9ce3-43c86fd82df2@group-2653268D5246: changes role from  FOLLOWER to CANDIDATE at term 0 for changeToCandidate
2024-04-21 07:17:34,065 [33d4fa9a-f1b5-45a2-9ce3-43c86fd82df2@group-2653268D5246-FollowerState] INFO  server.RaftServerConfigKeys (ConfUtils.java:logGet(46)) - raft.server.leaderelection.pre-vote = true (default)
2024-04-21 07:17:34,065 [33d4fa9a-f1b5-45a2-9ce3-43c86fd82df2@group-2653268D5246-FollowerState] INFO  impl.RoleInfo (RoleInfo.java:updateAndGet(139)) - 33d4fa9a-f1b5-45a2-9ce3-43c86fd82df2: start 33d4fa9a-f1b5-45a2-9ce3-43c86fd82df2@group-2653268D5246-LeaderElection37
2024-04-21 07:17:34,066 [33d4fa9a-f1b5-45a2-9ce3-43c86fd82df2@group-2653268D5246-LeaderElection37] INFO  impl.LeaderElection (LeaderElection.java:askForVotes(321)) - 33d4fa9a-f1b5-45a2-9ce3-43c86fd82df2@group-2653268D5246-LeaderElection37 PRE_VOTE round 0: submit vote requests at term 0 for -1: peers:[33d4fa9a-f1b5-45a2-9ce3-43c86fd82df2|10.1.0.102:15129]|listeners:[], old=null
2024-04-21 07:17:34,067 [33d4fa9a-f1b5-45a2-9ce3-43c86fd82df2@group-2653268D5246-LeaderElection37] INFO  impl.LeaderElection (LeaderElection.java:askForVotes(323)) - 33d4fa9a-f1b5-45a2-9ce3-43c86fd82df2@group-2653268D5246-LeaderElection37 PRE_VOTE round 0: result PASSED (term=0)
2024-04-21 07:17:34,067 [33d4fa9a-f1b5-45a2-9ce3-43c86fd82df2@group-2653268D5246-LeaderElection37] INFO  impl.LeaderElection (LeaderElection.java:askForVotes(321)) - 33d4fa9a-f1b5-45a2-9ce3-43c86fd82df2@group-2653268D5246-LeaderElection37 ELECTION round 0: submit vote requests at term 1 for -1: peers:[33d4fa9a-f1b5-45a2-9ce3-43c86fd82df2|10.1.0.102:15129]|listeners:[], old=null
2024-04-21 07:17:34,067 [33d4fa9a-f1b5-45a2-9ce3-43c86fd82df2@group-2653268D5246-LeaderElection37] INFO  impl.LeaderElection (LeaderElection.java:askForVotes(323)) - 33d4fa9a-f1b5-45a2-9ce3-43c86fd82df2@group-2653268D5246-LeaderElection37 ELECTION round 0: result PASSED (term=1)
2024-04-21 07:17:34,067 [33d4fa9a-f1b5-45a2-9ce3-43c86fd82df2@group-2653268D5246-LeaderElection37] INFO  impl.RoleInfo (RoleInfo.java:shutdownLeaderElection(130)) - 33d4fa9a-f1b5-45a2-9ce3-43c86fd82df2: shutdown 33d4fa9a-f1b5-45a2-9ce3-43c86fd82df2@group-2653268D5246-LeaderElection37
2024-04-21 07:17:34,068 [33d4fa9a-f1b5-45a2-9ce3-43c86fd82df2@group-2653268D5246-LeaderElection37] INFO  server.RaftServer$Division (RaftServerImpl.java:setRole(383)) - 33d4fa9a-f1b5-45a2-9ce3-43c86fd82df2@group-2653268D5246: changes role from CANDIDATE to LEADER at term 1 for changeToLeader
2024-04-21 07:17:34,068 [33d4fa9a-f1b5-45a2-9ce3-43c86fd82df2@group-2653268D5246-LeaderElection37] INFO  server.RaftServerConfigKeys (ConfUtils.java:logGet(46)) - raft.server.staging.catchup.gap = 1000 (default)
2024-04-21 07:17:34,068 [33d4fa9a-f1b5-45a2-9ce3-43c86fd82df2@group-2653268D5246-LeaderElection37] INFO  server.RaftServerConfigKeys (ConfUtils.java:logGet(46)) - raft.server.write.element-limit = 1024 (custom)
2024-04-21 07:17:34,068 [33d4fa9a-f1b5-45a2-9ce3-43c86fd82df2@group-2653268D5246-LeaderElection37] INFO  server.RaftServerConfigKeys (ConfUtils.java:logGet(46)) - raft.server.write.byte-limit = 1024 M (=1073741824) (custom)
2024-04-21 07:17:34,068 [33d4fa9a-f1b5-45a2-9ce3-43c86fd82df2@group-2653268D5246-LeaderElection37] INFO  server.RaftServerConfigKeys (ConfUtils.java:logGet(46)) - raft.server.watch.timeout = 3000ms (custom)
2024-04-21 07:17:34,068 [33d4fa9a-f1b5-45a2-9ce3-43c86fd82df2@group-2653268D5246-LeaderElection37] INFO  server.RaftServerConfigKeys (ConfUtils.java:logGet(46)) - raft.server.watch.timeout.denomination = 1s (default)
2024-04-21 07:17:34,068 [33d4fa9a-f1b5-45a2-9ce3-43c86fd82df2@group-2653268D5246-LeaderElection37] INFO  server.RaftServerConfigKeys (ConfUtils.java:logGet(46)) - raft.server.watch.element-limit = 65536 (default)
2024-04-21 07:17:34,068 [33d4fa9a-f1b5-45a2-9ce3-43c86fd82df2@group-2653268D5246-LeaderElection37] INFO  server.RaftServerConfigKeys (ConfUtils.java:logGet(46)) - raft.server.read.leader.lease.enabled = false (default)
2024-04-21 07:17:34,068 [33d4fa9a-f1b5-45a2-9ce3-43c86fd82df2@group-2653268D5246-LeaderElection37] INFO  server.RaftServerConfigKeys (ConfUtils.java:logGet(46)) - raft.server.read.leader.lease.timeout.ratio = 0.9 (default)
2024-04-21 07:17:34,068 [33d4fa9a-f1b5-45a2-9ce3-43c86fd82df2@group-2653268D5246-LeaderElection37] INFO  server.RaftServerConfigKeys (ConfUtils.java:logGet(46)) - raft.server.rpc.timeout.min = 5s (custom)
2024-04-21 07:17:34,069 [33d4fa9a-f1b5-45a2-9ce3-43c86fd82df2@group-2653268D5246-LeaderElection37] INFO  server.RaftServerConfigKeys (ConfUtils.java:logGet(46)) - raft.server.write.element-limit = 1024 (custom)
2024-04-21 07:17:34,069 [33d4fa9a-f1b5-45a2-9ce3-43c86fd82df2@group-2653268D5246-LeaderElection37] INFO  server.RaftServerConfigKeys (ConfUtils.java:logGet(46)) - raft.server.write.follower.gap.ratio.max = -1.0 (default)
2024-04-21 07:17:34,069 [33d4fa9a-f1b5-45a2-9ce3-43c86fd82df2@group-2653268D5246-LeaderElection37] INFO  impl.RoleInfo (RoleInfo.java:updateAndGet(139)) - 33d4fa9a-f1b5-45a2-9ce3-43c86fd82df2: start 33d4fa9a-f1b5-45a2-9ce3-43c86fd82df2@group-2653268D5246-LeaderStateImpl
2024-04-21 07:17:34,069 [33d4fa9a-f1b5-45a2-9ce3-43c86fd82df2@group-2653268D5246-LeaderElection37] INFO  server.RaftServer$Division (RaftServerImpl.java:setFirstElection(574)) - 33d4fa9a-f1b5-45a2-9ce3-43c86fd82df2@group-2653268D5246: set firstElectionSinceStartup to false for becomeLeader
2024-04-21 07:17:34,069 [33d4fa9a-f1b5-45a2-9ce3-43c86fd82df2@group-2653268D5246-LeaderElection37] INFO  ratis.XceiverServerRatis (XceiverServerRatis.java:handleLeaderChangedNotification(966)) - Leader change notification received for group: group-2653268D5246 with new leaderId: 33d4fa9a-f1b5-45a2-9ce3-43c86fd82df2
2024-04-21 07:17:34,069 [33d4fa9a-f1b5-45a2-9ce3-43c86fd82df2@group-2653268D5246-LeaderElection37] INFO  server.RaftServer$Division (ServerState.java:setLeader(269)) - 33d4fa9a-f1b5-45a2-9ce3-43c86fd82df2@group-2653268D5246: change Leader from null to 33d4fa9a-f1b5-45a2-9ce3-43c86fd82df2 at term 1 for becomeLeader, leader elected after 5181ms
2024-04-21 07:17:34,069 [33d4fa9a-f1b5-45a2-9ce3-43c86fd82df2@group-2653268D5246-LeaderElection37] INFO  segmented.SegmentedRaftLogWorker (SegmentedRaftLogWorker.java:startLogSegment(430)) - 33d4fa9a-f1b5-45a2-9ce3-43c86fd82df2@group-2653268D5246-SegmentedRaftLogWorker: Starting segment from index:0
2024-04-21 07:17:34,069 [33d4fa9a-f1b5-45a2-9ce3-43c86fd82df2@group-2653268D5246-SegmentedRaftLogWorker] INFO  segmented.BufferedWriteChannel (BufferedWriteChannel.java:open(62)) - open log_inprogress_0 at position 0
2024-04-21 07:17:34,074 [33d4fa9a-f1b5-45a2-9ce3-43c86fd82df2@group-2653268D5246-LeaderElection37] INFO  server.RaftServer$Division (ServerState.java:setRaftConf(386)) - 33d4fa9a-f1b5-45a2-9ce3-43c86fd82df2@group-2653268D5246: set configuration 0: peers:[33d4fa9a-f1b5-45a2-9ce3-43c86fd82df2|10.1.0.102:15129]|listeners:[], old=null
2024-04-21 07:17:34,078 [33d4fa9a-f1b5-45a2-9ce3-43c86fd82df2@group-2653268D5246-SegmentedRaftLogWorker] INFO  segmented.SegmentedRaftLogWorker (SegmentedRaftLogWorker.java:execute(634)) - 33d4fa9a-f1b5-45a2-9ce3-43c86fd82df2@group-2653268D5246-SegmentedRaftLogWorker: created new log segment /home/runner/work/ozone/ozone/hadoop-ozone/integration-test/target/test-dir/MiniOzoneClusterImpl-ed39ddd9-82bf-4bf6-8741-acb42c98007c/ozone-meta/datanode-2/ratis/4537414b-d6d2-4060-8c27-2653268d5246/current/log_inprogress_0
2024-04-21 07:17:34,079 [33d4fa9a-f1b5-45a2-9ce3-43c86fd82df2@group-2653268D5246-StateMachineUpdater] INFO  server.RaftServer$Division (LeaderStateImpl.java:isApplied(320)) - leader is ready since appliedIndex == 0 >= startIndex == 0
2024-04-21 07:17:34,094 [33d4fa9a-f1b5-45a2-9ce3-43c86fd82df2@group-DB6F9DC5174E-FollowerState] INFO  impl.FollowerState (FollowerState.java:run(143)) - 33d4fa9a-f1b5-45a2-9ce3-43c86fd82df2@group-DB6F9DC5174E-FollowerState: change to CANDIDATE, lastRpcElapsedTime:5024165697ns, electionTimeout:5018ms
2024-04-21 07:17:34,094 [33d4fa9a-f1b5-45a2-9ce3-43c86fd82df2@group-DB6F9DC5174E-FollowerState] INFO  impl.RoleInfo (RoleInfo.java:shutdownFollowerState(110)) - 33d4fa9a-f1b5-45a2-9ce3-43c86fd82df2: shutdown 33d4fa9a-f1b5-45a2-9ce3-43c86fd82df2@group-DB6F9DC5174E-FollowerState
2024-04-21 07:17:34,094 [33d4fa9a-f1b5-45a2-9ce3-43c86fd82df2@group-DB6F9DC5174E-FollowerState] INFO  server.RaftServer$Division (RaftServerImpl.java:setRole(383)) - 33d4fa9a-f1b5-45a2-9ce3-43c86fd82df2@group-DB6F9DC5174E: changes role from  FOLLOWER to CANDIDATE at term 0 for changeToCandidate
2024-04-21 07:17:34,094 [33d4fa9a-f1b5-45a2-9ce3-43c86fd82df2@group-DB6F9DC5174E-FollowerState] INFO  server.RaftServerConfigKeys (ConfUtils.java:logGet(46)) - raft.server.leaderelection.pre-vote = true (default)
2024-04-21 07:17:34,094 [33d4fa9a-f1b5-45a2-9ce3-43c86fd82df2@group-DB6F9DC5174E-FollowerState] INFO  impl.RoleInfo (RoleInfo.java:updateAndGet(139)) - 33d4fa9a-f1b5-45a2-9ce3-43c86fd82df2: start 33d4fa9a-f1b5-45a2-9ce3-43c86fd82df2@group-DB6F9DC5174E-LeaderElection38
2024-04-21 07:17:34,095 [33d4fa9a-f1b5-45a2-9ce3-43c86fd82df2@group-DB6F9DC5174E-LeaderElection38] INFO  impl.LeaderElection (LeaderElection.java:askForVotes(321)) - 33d4fa9a-f1b5-45a2-9ce3-43c86fd82df2@group-DB6F9DC5174E-LeaderElection38 PRE_VOTE round 0: submit vote requests at term 0 for -1: peers:[6cf56e53-88cb-4022-bd56-d9b5c4d884ee|10.1.0.102:15138, 9387e6e8-bf6d-4d10-9dc1-f1bd05fc02cf|10.1.0.102:15120, 33d4fa9a-f1b5-45a2-9ce3-43c86fd82df2|10.1.0.102:15129]|listeners:[], old=null
2024-04-21 07:17:34,095 [a45323a7-bc80-446e-b427-0ffb34a72641@group-43B368CDAB69-FollowerState] INFO  impl.FollowerState (FollowerState.java:run(143)) - a45323a7-bc80-446e-b427-0ffb34a72641@group-43B368CDAB69-FollowerState: change to CANDIDATE, lastRpcElapsedTime:5031680572ns, electionTimeout:5031ms
2024-04-21 07:17:34,096 [a45323a7-bc80-446e-b427-0ffb34a72641@group-43B368CDAB69-FollowerState] INFO  impl.RoleInfo (RoleInfo.java:shutdownFollowerState(110)) - a45323a7-bc80-446e-b427-0ffb34a72641: shutdown a45323a7-bc80-446e-b427-0ffb34a72641@group-43B368CDAB69-FollowerState
2024-04-21 07:17:34,096 [a45323a7-bc80-446e-b427-0ffb34a72641@group-43B368CDAB69-FollowerState] INFO  server.RaftServer$Division (RaftServerImpl.java:setRole(383)) - a45323a7-bc80-446e-b427-0ffb34a72641@group-43B368CDAB69: changes role from  FOLLOWER to CANDIDATE at term 0 for changeToCandidate
2024-04-21 07:17:34,096 [a45323a7-bc80-446e-b427-0ffb34a72641@group-43B368CDAB69-FollowerState] INFO  server.RaftServerConfigKeys (ConfUtils.java:logGet(46)) - raft.server.leaderelection.pre-vote = true (default)
2024-04-21 07:17:34,096 [a45323a7-bc80-446e-b427-0ffb34a72641@group-43B368CDAB69-FollowerState] INFO  impl.RoleInfo (RoleInfo.java:updateAndGet(139)) - a45323a7-bc80-446e-b427-0ffb34a72641: start a45323a7-bc80-446e-b427-0ffb34a72641@group-43B368CDAB69-LeaderElection39
2024-04-21 07:17:34,096 [33d4fa9a-f1b5-45a2-9ce3-43c86fd82df2@group-DB6F9DC5174E-LeaderElection38] INFO  server.RaftServerConfigKeys (ConfUtils.java:logFallback(53)) - raft.server.rpc.first-election.timeout.min = 5s (fallback to raft.server.rpc.timeout.min)
2024-04-21 07:17:34,097 [33d4fa9a-f1b5-45a2-9ce3-43c86fd82df2@group-DB6F9DC5174E-LeaderElection38] INFO  server.RaftServerConfigKeys (ConfUtils.java:logFallback(53)) - raft.server.rpc.first-election.timeout.max = 5200ms (fallback to raft.server.rpc.timeout.max)
2024-04-21 07:17:34,098 [grpc-default-executor-1] INFO  server.RaftServer$Division (RaftServerImpl.java:requestVote(1389)) - 9387e6e8-bf6d-4d10-9dc1-f1bd05fc02cf@group-DB6F9DC5174E: receive requestVote(PRE_VOTE, 33d4fa9a-f1b5-45a2-9ce3-43c86fd82df2, group-DB6F9DC5174E, 0, (t:0, i:0))
2024-04-21 07:17:34,098 [grpc-default-executor-1] INFO  impl.VoteContext (VoteContext.java:log(49)) - 9387e6e8-bf6d-4d10-9dc1-f1bd05fc02cf@group-DB6F9DC5174E-FOLLOWER: reject PRE_VOTE from 33d4fa9a-f1b5-45a2-9ce3-43c86fd82df2: our priority 1 > candidate's priority 0
2024-04-21 07:17:34,099 [grpc-default-executor-1] INFO  server.RaftServer$Division (RaftServerImpl.java:requestVote(1422)) - 9387e6e8-bf6d-4d10-9dc1-f1bd05fc02cf@group-DB6F9DC5174E replies to PRE_VOTE vote request: 33d4fa9a-f1b5-45a2-9ce3-43c86fd82df2<-9387e6e8-bf6d-4d10-9dc1-f1bd05fc02cf#0:FAIL-t0. Peer's state: 9387e6e8-bf6d-4d10-9dc1-f1bd05fc02cf@group-DB6F9DC5174E:t0, leader=null, voted=, raftlog=Memoized:9387e6e8-bf6d-4d10-9dc1-f1bd05fc02cf@group-DB6F9DC5174E-SegmentedRaftLog:OPENED:c-1, conf=-1: peers:[6cf56e53-88cb-4022-bd56-d9b5c4d884ee|10.1.0.102:15138, 9387e6e8-bf6d-4d10-9dc1-f1bd05fc02cf|10.1.0.102:15120, 33d4fa9a-f1b5-45a2-9ce3-43c86fd82df2|10.1.0.102:15129]|listeners:[], old=null
2024-04-21 07:17:34,099 [grpc-default-executor-0] INFO  server.RaftServer$Division (RaftServerImpl.java:requestVote(1389)) - 6cf56e53-88cb-4022-bd56-d9b5c4d884ee@group-DB6F9DC5174E: receive requestVote(PRE_VOTE, 33d4fa9a-f1b5-45a2-9ce3-43c86fd82df2, group-DB6F9DC5174E, 0, (t:0, i:0))
2024-04-21 07:17:34,099 [a45323a7-bc80-446e-b427-0ffb34a72641@group-43B368CDAB69-LeaderElection39] INFO  impl.LeaderElection (LeaderElection.java:askForVotes(321)) - a45323a7-bc80-446e-b427-0ffb34a72641@group-43B368CDAB69-LeaderElection39 PRE_VOTE round 0: submit vote requests at term 0 for -1: peers:[a45323a7-bc80-446e-b427-0ffb34a72641|10.1.0.102:15147]|listeners:[], old=null
2024-04-21 07:17:34,099 [a45323a7-bc80-446e-b427-0ffb34a72641@group-43B368CDAB69-LeaderElection39] INFO  impl.LeaderElection (LeaderElection.java:askForVotes(323)) - a45323a7-bc80-446e-b427-0ffb34a72641@group-43B368CDAB69-LeaderElection39 PRE_VOTE round 0: result PASSED (term=0)
2024-04-21 07:17:34,099 [grpc-default-executor-0] INFO  impl.VoteContext (VoteContext.java:log(49)) - 6cf56e53-88cb-4022-bd56-d9b5c4d884ee@group-DB6F9DC5174E-FOLLOWER: accept PRE_VOTE from 33d4fa9a-f1b5-45a2-9ce3-43c86fd82df2: our priority 0 <= candidate's priority 0
2024-04-21 07:17:34,099 [grpc-default-executor-0] INFO  server.RaftServer$Division (RaftServerImpl.java:requestVote(1422)) - 6cf56e53-88cb-4022-bd56-d9b5c4d884ee@group-DB6F9DC5174E replies to PRE_VOTE vote request: 33d4fa9a-f1b5-45a2-9ce3-43c86fd82df2<-6cf56e53-88cb-4022-bd56-d9b5c4d884ee#0:OK-t0. Peer's state: 6cf56e53-88cb-4022-bd56-d9b5c4d884ee@group-DB6F9DC5174E:t0, leader=null, voted=, raftlog=Memoized:6cf56e53-88cb-4022-bd56-d9b5c4d884ee@group-DB6F9DC5174E-SegmentedRaftLog:OPENED:c-1, conf=-1: peers:[6cf56e53-88cb-4022-bd56-d9b5c4d884ee|10.1.0.102:15138, 9387e6e8-bf6d-4d10-9dc1-f1bd05fc02cf|10.1.0.102:15120, 33d4fa9a-f1b5-45a2-9ce3-43c86fd82df2|10.1.0.102:15129]|listeners:[], old=null
2024-04-21 07:17:34,099 [33d4fa9a-f1b5-45a2-9ce3-43c86fd82df2@group-DB6F9DC5174E-LeaderElection38] INFO  impl.LeaderElection (LeaderElection.java:logAndReturn(89)) - 33d4fa9a-f1b5-45a2-9ce3-43c86fd82df2@group-DB6F9DC5174E-LeaderElection38: PRE_VOTE REJECTED received 1 response(s) and 0 exception(s):
2024-04-21 07:17:34,100 [33d4fa9a-f1b5-45a2-9ce3-43c86fd82df2@group-DB6F9DC5174E-LeaderElection38] INFO  impl.LeaderElection (LeaderElection.java:logAndReturn(93)) -   Response 0: 33d4fa9a-f1b5-45a2-9ce3-43c86fd82df2<-9387e6e8-bf6d-4d10-9dc1-f1bd05fc02cf#0:FAIL-t0
2024-04-21 07:17:34,100 [33d4fa9a-f1b5-45a2-9ce3-43c86fd82df2@group-DB6F9DC5174E-LeaderElection38] INFO  impl.LeaderElection (LeaderElection.java:askForVotes(323)) - 33d4fa9a-f1b5-45a2-9ce3-43c86fd82df2@group-DB6F9DC5174E-LeaderElection38 PRE_VOTE round 0: result REJECTED
2024-04-21 07:17:34,100 [a45323a7-bc80-446e-b427-0ffb34a72641@group-43B368CDAB69-LeaderElection39] INFO  impl.LeaderElection (LeaderElection.java:askForVotes(321)) - a45323a7-bc80-446e-b427-0ffb34a72641@group-43B368CDAB69-LeaderElection39 ELECTION round 0: submit vote requests at term 1 for -1: peers:[a45323a7-bc80-446e-b427-0ffb34a72641|10.1.0.102:15147]|listeners:[], old=null
2024-04-21 07:17:34,100 [a45323a7-bc80-446e-b427-0ffb34a72641@group-43B368CDAB69-LeaderElection39] INFO  impl.LeaderElection (LeaderElection.java:askForVotes(323)) - a45323a7-bc80-446e-b427-0ffb34a72641@group-43B368CDAB69-LeaderElection39 ELECTION round 0: result PASSED (term=1)
2024-04-21 07:17:34,100 [a45323a7-bc80-446e-b427-0ffb34a72641@group-43B368CDAB69-LeaderElection39] INFO  impl.RoleInfo (RoleInfo.java:shutdownLeaderElection(130)) - a45323a7-bc80-446e-b427-0ffb34a72641: shutdown a45323a7-bc80-446e-b427-0ffb34a72641@group-43B368CDAB69-LeaderElection39
2024-04-21 07:17:34,100 [33d4fa9a-f1b5-45a2-9ce3-43c86fd82df2@group-DB6F9DC5174E-LeaderElection38] INFO  server.RaftServer$Division (RaftServerImpl.java:setRole(383)) - 33d4fa9a-f1b5-45a2-9ce3-43c86fd82df2@group-DB6F9DC5174E: changes role from CANDIDATE to FOLLOWER at term 0 for REJECTED
2024-04-21 07:17:34,100 [33d4fa9a-f1b5-45a2-9ce3-43c86fd82df2@group-DB6F9DC5174E-LeaderElection38] INFO  impl.RoleInfo (RoleInfo.java:shutdownLeaderElection(130)) - 33d4fa9a-f1b5-45a2-9ce3-43c86fd82df2: shutdown 33d4fa9a-f1b5-45a2-9ce3-43c86fd82df2@group-DB6F9DC5174E-LeaderElection38
2024-04-21 07:17:34,100 [33d4fa9a-f1b5-45a2-9ce3-43c86fd82df2@group-DB6F9DC5174E-LeaderElection38] INFO  impl.RoleInfo (RoleInfo.java:updateAndGet(139)) - 33d4fa9a-f1b5-45a2-9ce3-43c86fd82df2: start 33d4fa9a-f1b5-45a2-9ce3-43c86fd82df2@group-DB6F9DC5174E-FollowerState
2024-04-21 07:17:34,100 [a45323a7-bc80-446e-b427-0ffb34a72641@group-43B368CDAB69-LeaderElection39] INFO  server.RaftServer$Division (RaftServerImpl.java:setRole(383)) - a45323a7-bc80-446e-b427-0ffb34a72641@group-43B368CDAB69: changes role from CANDIDATE to LEADER at term 1 for changeToLeader
2024-04-21 07:17:34,101 [a45323a7-bc80-446e-b427-0ffb34a72641@group-43B368CDAB69-LeaderElection39] INFO  server.RaftServerConfigKeys (ConfUtils.java:logGet(46)) - raft.server.staging.catchup.gap = 1000 (default)
2024-04-21 07:17:34,101 [33d4fa9a-f1b5-45a2-9ce3-43c86fd82df2@group-DB6F9DC5174E-LeaderElection38] INFO  server.RaftServer$Division (RaftServerImpl.java:setFirstElection(574)) - 33d4fa9a-f1b5-45a2-9ce3-43c86fd82df2@group-DB6F9DC5174E: set firstElectionSinceStartup to false for REJECTED
2024-04-21 07:17:34,101 [a45323a7-bc80-446e-b427-0ffb34a72641@group-43B368CDAB69-LeaderElection39] INFO  server.RaftServerConfigKeys (ConfUtils.java:logGet(46)) - raft.server.write.element-limit = 1024 (custom)
2024-04-21 07:17:34,101 [a45323a7-bc80-446e-b427-0ffb34a72641@group-43B368CDAB69-LeaderElection39] INFO  server.RaftServerConfigKeys (ConfUtils.java:logGet(46)) - raft.server.write.byte-limit = 1024 M (=1073741824) (custom)
2024-04-21 07:17:34,101 [a45323a7-bc80-446e-b427-0ffb34a72641@group-43B368CDAB69-LeaderElection39] INFO  server.RaftServerConfigKeys (ConfUtils.java:logGet(46)) - raft.server.watch.timeout = 3000ms (custom)
2024-04-21 07:17:34,101 [a45323a7-bc80-446e-b427-0ffb34a72641@group-43B368CDAB69-LeaderElection39] INFO  server.RaftServerConfigKeys (ConfUtils.java:logGet(46)) - raft.server.watch.timeout.denomination = 1s (default)
2024-04-21 07:17:34,101 [a45323a7-bc80-446e-b427-0ffb34a72641@group-43B368CDAB69-LeaderElection39] INFO  server.RaftServerConfigKeys (ConfUtils.java:logGet(46)) - raft.server.watch.element-limit = 65536 (default)
2024-04-21 07:17:34,101 [a45323a7-bc80-446e-b427-0ffb34a72641@group-43B368CDAB69-LeaderElection39] INFO  server.RaftServerConfigKeys (ConfUtils.java:logGet(46)) - raft.server.read.leader.lease.enabled = false (default)
2024-04-21 07:17:34,101 [a45323a7-bc80-446e-b427-0ffb34a72641@group-43B368CDAB69-LeaderElection39] INFO  server.RaftServerConfigKeys (ConfUtils.java:logGet(46)) - raft.server.read.leader.lease.timeout.ratio = 0.9 (default)
2024-04-21 07:17:34,102 [a45323a7-bc80-446e-b427-0ffb34a72641@group-43B368CDAB69-LeaderElection39] INFO  server.RaftServerConfigKeys (ConfUtils.java:logGet(46)) - raft.server.rpc.timeout.min = 5s (custom)
2024-04-21 07:17:34,102 [a45323a7-bc80-446e-b427-0ffb34a72641@group-43B368CDAB69-LeaderElection39] INFO  server.RaftServerConfigKeys (ConfUtils.java:logGet(46)) - raft.server.write.element-limit = 1024 (custom)
2024-04-21 07:17:34,102 [a45323a7-bc80-446e-b427-0ffb34a72641@group-43B368CDAB69-LeaderElection39] INFO  server.RaftServerConfigKeys (ConfUtils.java:logGet(46)) - raft.server.write.follower.gap.ratio.max = -1.0 (default)
2024-04-21 07:17:34,102 [a45323a7-bc80-446e-b427-0ffb34a72641@group-43B368CDAB69-LeaderElection39] INFO  impl.RoleInfo (RoleInfo.java:updateAndGet(139)) - a45323a7-bc80-446e-b427-0ffb34a72641: start a45323a7-bc80-446e-b427-0ffb34a72641@group-43B368CDAB69-LeaderStateImpl
2024-04-21 07:17:34,102 [a45323a7-bc80-446e-b427-0ffb34a72641@group-43B368CDAB69-LeaderElection39] INFO  server.RaftServer$Division (RaftServerImpl.java:setFirstElection(574)) - a45323a7-bc80-446e-b427-0ffb34a72641@group-43B368CDAB69: set firstElectionSinceStartup to false for becomeLeader
2024-04-21 07:17:34,102 [a45323a7-bc80-446e-b427-0ffb34a72641@group-43B368CDAB69-LeaderElection39] INFO  ratis.XceiverServerRatis (XceiverServerRatis.java:handleLeaderChangedNotification(966)) - Leader change notification received for group: group-43B368CDAB69 with new leaderId: a45323a7-bc80-446e-b427-0ffb34a72641
2024-04-21 07:17:34,102 [a45323a7-bc80-446e-b427-0ffb34a72641@group-43B368CDAB69-LeaderElection39] INFO  server.RaftServer$Division (ServerState.java:setLeader(269)) - a45323a7-bc80-446e-b427-0ffb34a72641@group-43B368CDAB69: change Leader from null to a45323a7-bc80-446e-b427-0ffb34a72641 at term 1 for becomeLeader, leader elected after 5071ms
2024-04-21 07:17:34,102 [a45323a7-bc80-446e-b427-0ffb34a72641@group-43B368CDAB69-LeaderElection39] INFO  segmented.SegmentedRaftLogWorker (SegmentedRaftLogWorker.java:startLogSegment(430)) - a45323a7-bc80-446e-b427-0ffb34a72641@group-43B368CDAB69-SegmentedRaftLogWorker: Starting segment from index:0
2024-04-21 07:17:34,103 [a45323a7-bc80-446e-b427-0ffb34a72641@group-43B368CDAB69-LeaderElection39] INFO  server.RaftServer$Division (ServerState.java:setRaftConf(386)) - a45323a7-bc80-446e-b427-0ffb34a72641@group-43B368CDAB69: set configuration 0: peers:[a45323a7-bc80-446e-b427-0ffb34a72641|10.1.0.102:15147]|listeners:[], old=null
2024-04-21 07:17:34,103 [a45323a7-bc80-446e-b427-0ffb34a72641@group-43B368CDAB69-SegmentedRaftLogWorker] INFO  segmented.BufferedWriteChannel (BufferedWriteChannel.java:open(62)) - open log_inprogress_0 at position 0
2024-04-21 07:17:34,111 [a45323a7-bc80-446e-b427-0ffb34a72641@group-43B368CDAB69-SegmentedRaftLogWorker] INFO  segmented.SegmentedRaftLogWorker (SegmentedRaftLogWorker.java:execute(634)) - a45323a7-bc80-446e-b427-0ffb34a72641@group-43B368CDAB69-SegmentedRaftLogWorker: created new log segment /home/runner/work/ozone/ozone/hadoop-ozone/integration-test/target/test-dir/MiniOzoneClusterImpl-ed39ddd9-82bf-4bf6-8741-acb42c98007c/ozone-meta/datanode-4/ratis/890b1400-59a5-4b01-aaf9-43b368cdab69/current/log_inprogress_0
2024-04-21 07:17:34,111 [main] INFO  ozone.MiniOzoneClusterImpl (MiniOzoneClusterImpl.java:lambda$waitForClusterToBeReady$0(194)) - Nodes are ready. Got 5 of 5 DN Heartbeats.
2024-04-21 07:17:34,112 [main] INFO  ozone.MiniOzoneClusterImpl (MiniOzoneClusterImpl.java:lambda$waitForClusterToBeReady$0(197)) - Cluster exits safe mode
2024-04-21 07:17:34,112 [main] INFO  ozone.MiniOzoneClusterImpl (MiniOzoneClusterImpl.java:lambda$waitForClusterToBeReady$0(199)) - SCM became leader
2024-04-21 07:17:34,112 [a45323a7-bc80-446e-b427-0ffb34a72641@group-43B368CDAB69-StateMachineUpdater] INFO  server.RaftServer$Division (LeaderStateImpl.java:isApplied(320)) - leader is ready since appliedIndex == 0 >= startIndex == 0
2024-04-21 07:17:34,113 [main] INFO  protocolPB.OmTransportFactory (OmTransportFactory.java:createFactory(62)) - Loading OM transport implementation org.apache.hadoop.ozone.om.protocolPB.Hadoop3OmTransportFactory as specified by configuration.
2024-04-21 07:17:34,119 [main] INFO  rpc.RpcClient (RpcClient.java:createVolume(466)) - Creating Volume: testblockoutputstream, with runner as owner and space quota set to -1 bytes, counts quota set to -1
2024-04-21 07:17:34,123 [om1-OMStateMachineApplyTransactionThread - 0] INFO  volume.OMVolumeCreateRequest (OMVolumeCreateRequest.java:validateAndUpdateCache(198)) - created volume:testblockoutputstream for user:runner
2024-04-21 07:17:34,127 [main] INFO  rpc.RpcClient (RpcClient.java:createBucket(692)) - Creating Bucket: testblockoutputstream/testblockoutputstream, with server-side default bucket layout, runner as owner, Versioning false, Storage Type set to DISK and Encryption set to false, Replication Type set to server-side default replication type, Namespace Quota set to -1, Space Quota set to -1 
2024-04-21 07:17:34,130 [om1-OMStateMachineApplyTransactionThread - 0] INFO  bucket.OMBucketCreateRequest (OMBucketCreateRequest.java:validateAndUpdateCache(293)) - created bucket: testblockoutputstream of layout FILE_SYSTEM_OPTIMIZED in volume: testblockoutputstream
2024-04-21 07:17:34,133 [main] INFO  protocolPB.OmTransportFactory (OmTransportFactory.java:createFactory(62)) - Loading OM transport implementation org.apache.hadoop.ozone.om.protocolPB.Hadoop3OmTransportFactory as specified by configuration.
2024-04-21 07:17:34,152 [IPC Server handler 2 on default port 15107] INFO  ha.SequenceIdGenerator (SequenceIdGenerator.java:getNextId(145)) - Allocate a batch for containerId, change lastId from 0 to 1000.
2024-04-21 07:17:34,153 [IPC Server handler 2 on default port 15107] WARN  ha.SequenceIdGenerator (SequenceIdGenerator.java:allocateBatch(258)) - Failed to allocate a batch for localId, expected lastId is 0, actual lastId is 113750153625600000.
2024-04-21 07:17:34,153 [IPC Server handler 2 on default port 15107] INFO  ha.SequenceIdGenerator (SequenceIdGenerator.java:getNextId(145)) - Allocate a batch for localId, change lastId from 113750153625600000 to 113750153625601000.
2024-04-21 07:17:34,188 [6cf56e53-88cb-4022-bd56-d9b5c4d884ee@group-85F3280A5D9A-FollowerState] INFO  impl.FollowerState (FollowerState.java:run(143)) - 6cf56e53-88cb-4022-bd56-d9b5c4d884ee@group-85F3280A5D9A-FollowerState: change to CANDIDATE, lastRpcElapsedTime:5152387333ns, electionTimeout:5147ms
2024-04-21 07:17:34,188 [6cf56e53-88cb-4022-bd56-d9b5c4d884ee@group-85F3280A5D9A-FollowerState] INFO  impl.RoleInfo (RoleInfo.java:shutdownFollowerState(110)) - 6cf56e53-88cb-4022-bd56-d9b5c4d884ee: shutdown 6cf56e53-88cb-4022-bd56-d9b5c4d884ee@group-85F3280A5D9A-FollowerState
2024-04-21 07:17:34,188 [6cf56e53-88cb-4022-bd56-d9b5c4d884ee@group-85F3280A5D9A-FollowerState] INFO  server.RaftServer$Division (RaftServerImpl.java:setRole(383)) - 6cf56e53-88cb-4022-bd56-d9b5c4d884ee@group-85F3280A5D9A: changes role from  FOLLOWER to CANDIDATE at term 0 for changeToCandidate
2024-04-21 07:17:34,188 [6cf56e53-88cb-4022-bd56-d9b5c4d884ee@group-85F3280A5D9A-FollowerState] INFO  server.RaftServerConfigKeys (ConfUtils.java:logGet(46)) - raft.server.leaderelection.pre-vote = true (default)
2024-04-21 07:17:34,188 [6cf56e53-88cb-4022-bd56-d9b5c4d884ee@group-85F3280A5D9A-FollowerState] INFO  impl.RoleInfo (RoleInfo.java:updateAndGet(139)) - 6cf56e53-88cb-4022-bd56-d9b5c4d884ee: start 6cf56e53-88cb-4022-bd56-d9b5c4d884ee@group-85F3280A5D9A-LeaderElection40
2024-04-21 07:17:34,191 [6cf56e53-88cb-4022-bd56-d9b5c4d884ee@group-85F3280A5D9A-LeaderElection40] INFO  impl.LeaderElection (LeaderElection.java:askForVotes(321)) - 6cf56e53-88cb-4022-bd56-d9b5c4d884ee@group-85F3280A5D9A-LeaderElection40 PRE_VOTE round 0: submit vote requests at term 0 for -1: peers:[6cf56e53-88cb-4022-bd56-d9b5c4d884ee|10.1.0.102:15138, 9387e6e8-bf6d-4d10-9dc1-f1bd05fc02cf|10.1.0.102:15120, 33d4fa9a-f1b5-45a2-9ce3-43c86fd82df2|10.1.0.102:15129]|listeners:[], old=null
2024-04-21 07:17:34,191 [6cf56e53-88cb-4022-bd56-d9b5c4d884ee@group-85F3280A5D9A-LeaderElection40-1] INFO  server.GrpcServerProtocolClient (GrpcServerProtocolClient.java:<init>(65)) - Build channel for 9387e6e8-bf6d-4d10-9dc1-f1bd05fc02cf|10.1.0.102:15120
2024-04-21 07:17:34,193 [6cf56e53-88cb-4022-bd56-d9b5c4d884ee@group-85F3280A5D9A-LeaderElection40] INFO  server.RaftServerConfigKeys (ConfUtils.java:logFallback(53)) - raft.server.rpc.first-election.timeout.min = 5s (fallback to raft.server.rpc.timeout.min)
2024-04-21 07:17:34,193 [6cf56e53-88cb-4022-bd56-d9b5c4d884ee@group-85F3280A5D9A-LeaderElection40] INFO  server.RaftServerConfigKeys (ConfUtils.java:logFallback(53)) - raft.server.rpc.first-election.timeout.max = 5200ms (fallback to raft.server.rpc.timeout.max)
2024-04-21 07:17:34,194 [6cf56e53-88cb-4022-bd56-d9b5c4d884ee@group-85F3280A5D9A-LeaderElection40-2] INFO  server.GrpcServerProtocolClient (GrpcServerProtocolClient.java:<init>(65)) - Build channel for 33d4fa9a-f1b5-45a2-9ce3-43c86fd82df2|10.1.0.102:15129
2024-04-21 07:17:34,199 [grpc-default-executor-0] INFO  server.RaftServer$Division (RaftServerImpl.java:requestVote(1389)) - 9387e6e8-bf6d-4d10-9dc1-f1bd05fc02cf@group-85F3280A5D9A: receive requestVote(PRE_VOTE, 6cf56e53-88cb-4022-bd56-d9b5c4d884ee, group-85F3280A5D9A, 0, (t:0, i:0))
2024-04-21 07:17:34,199 [grpc-default-executor-0] INFO  impl.VoteContext (VoteContext.java:log(49)) - 9387e6e8-bf6d-4d10-9dc1-f1bd05fc02cf@group-85F3280A5D9A-FOLLOWER: accept PRE_VOTE from 6cf56e53-88cb-4022-bd56-d9b5c4d884ee: our priority 0 <= candidate's priority 1
2024-04-21 07:17:34,199 [grpc-default-executor-0] INFO  server.RaftServer$Division (RaftServerImpl.java:requestVote(1422)) - 9387e6e8-bf6d-4d10-9dc1-f1bd05fc02cf@group-85F3280A5D9A replies to PRE_VOTE vote request: 6cf56e53-88cb-4022-bd56-d9b5c4d884ee<-9387e6e8-bf6d-4d10-9dc1-f1bd05fc02cf#0:OK-t0. Peer's state: 9387e6e8-bf6d-4d10-9dc1-f1bd05fc02cf@group-85F3280A5D9A:t0, leader=null, voted=, raftlog=Memoized:9387e6e8-bf6d-4d10-9dc1-f1bd05fc02cf@group-85F3280A5D9A-SegmentedRaftLog:OPENED:c-1, conf=-1: peers:[6cf56e53-88cb-4022-bd56-d9b5c4d884ee|10.1.0.102:15138, 9387e6e8-bf6d-4d10-9dc1-f1bd05fc02cf|10.1.0.102:15120, 33d4fa9a-f1b5-45a2-9ce3-43c86fd82df2|10.1.0.102:15129]|listeners:[], old=null
2024-04-21 07:17:34,200 [grpc-default-executor-0] INFO  server.RaftServer$Division (RaftServerImpl.java:requestVote(1389)) - 33d4fa9a-f1b5-45a2-9ce3-43c86fd82df2@group-85F3280A5D9A: receive requestVote(PRE_VOTE, 6cf56e53-88cb-4022-bd56-d9b5c4d884ee, group-85F3280A5D9A, 0, (t:0, i:0))
2024-04-21 07:17:34,200 [grpc-default-executor-0] INFO  impl.VoteContext (VoteContext.java:log(49)) - 33d4fa9a-f1b5-45a2-9ce3-43c86fd82df2@group-85F3280A5D9A-FOLLOWER: accept PRE_VOTE from 6cf56e53-88cb-4022-bd56-d9b5c4d884ee: our priority 0 <= candidate's priority 1
2024-04-21 07:17:34,200 [grpc-default-executor-0] INFO  server.RaftServer$Division (RaftServerImpl.java:requestVote(1422)) - 33d4fa9a-f1b5-45a2-9ce3-43c86fd82df2@group-85F3280A5D9A replies to PRE_VOTE vote request: 6cf56e53-88cb-4022-bd56-d9b5c4d884ee<-33d4fa9a-f1b5-45a2-9ce3-43c86fd82df2#0:OK-t0. Peer's state: 33d4fa9a-f1b5-45a2-9ce3-43c86fd82df2@group-85F3280A5D9A:t0, leader=null, voted=, raftlog=Memoized:33d4fa9a-f1b5-45a2-9ce3-43c86fd82df2@group-85F3280A5D9A-SegmentedRaftLog:OPENED:c-1, conf=-1: peers:[6cf56e53-88cb-4022-bd56-d9b5c4d884ee|10.1.0.102:15138, 9387e6e8-bf6d-4d10-9dc1-f1bd05fc02cf|10.1.0.102:15120, 33d4fa9a-f1b5-45a2-9ce3-43c86fd82df2|10.1.0.102:15129]|listeners:[], old=null
2024-04-21 07:17:34,201 [6cf56e53-88cb-4022-bd56-d9b5c4d884ee@group-85F3280A5D9A-LeaderElection40] INFO  impl.LeaderElection (LeaderElection.java:logAndReturn(89)) - 6cf56e53-88cb-4022-bd56-d9b5c4d884ee@group-85F3280A5D9A-LeaderElection40: PRE_VOTE PASSED received 1 response(s) and 0 exception(s):
2024-04-21 07:17:34,201 [6cf56e53-88cb-4022-bd56-d9b5c4d884ee@group-85F3280A5D9A-LeaderElection40] INFO  impl.LeaderElection (LeaderElection.java:logAndReturn(93)) -   Response 0: 6cf56e53-88cb-4022-bd56-d9b5c4d884ee<-33d4fa9a-f1b5-45a2-9ce3-43c86fd82df2#0:OK-t0
2024-04-21 07:17:34,201 [6cf56e53-88cb-4022-bd56-d9b5c4d884ee@group-85F3280A5D9A-LeaderElection40] INFO  impl.LeaderElection (LeaderElection.java:askForVotes(323)) - 6cf56e53-88cb-4022-bd56-d9b5c4d884ee@group-85F3280A5D9A-LeaderElection40 PRE_VOTE round 0: result PASSED
2024-04-21 07:17:34,202 [6cf56e53-88cb-4022-bd56-d9b5c4d884ee@group-85F3280A5D9A-LeaderElection40] INFO  impl.LeaderElection (LeaderElection.java:askForVotes(321)) - 6cf56e53-88cb-4022-bd56-d9b5c4d884ee@group-85F3280A5D9A-LeaderElection40 ELECTION round 0: submit vote requests at term 1 for -1: peers:[6cf56e53-88cb-4022-bd56-d9b5c4d884ee|10.1.0.102:15138, 9387e6e8-bf6d-4d10-9dc1-f1bd05fc02cf|10.1.0.102:15120, 33d4fa9a-f1b5-45a2-9ce3-43c86fd82df2|10.1.0.102:15129]|listeners:[], old=null
2024-04-21 07:17:34,203 [6cf56e53-88cb-4022-bd56-d9b5c4d884ee@group-85F3280A5D9A-LeaderElection40] INFO  server.RaftServerConfigKeys (ConfUtils.java:logFallback(53)) - raft.server.rpc.first-election.timeout.min = 5s (fallback to raft.server.rpc.timeout.min)
2024-04-21 07:17:34,203 [6cf56e53-88cb-4022-bd56-d9b5c4d884ee@group-85F3280A5D9A-LeaderElection40] INFO  server.RaftServerConfigKeys (ConfUtils.java:logFallback(53)) - raft.server.rpc.first-election.timeout.max = 5200ms (fallback to raft.server.rpc.timeout.max)
2024-04-21 07:17:34,203 [grpc-default-executor-2] INFO  server.RaftServer$Division (RaftServerImpl.java:requestVote(1389)) - 33d4fa9a-f1b5-45a2-9ce3-43c86fd82df2@group-85F3280A5D9A: receive requestVote(ELECTION, 6cf56e53-88cb-4022-bd56-d9b5c4d884ee, group-85F3280A5D9A, 1, (t:0, i:0))
2024-04-21 07:17:34,204 [grpc-default-executor-2] INFO  impl.VoteContext (VoteContext.java:log(49)) - 33d4fa9a-f1b5-45a2-9ce3-43c86fd82df2@group-85F3280A5D9A-FOLLOWER: accept ELECTION from 6cf56e53-88cb-4022-bd56-d9b5c4d884ee: our priority 0 <= candidate's priority 1
2024-04-21 07:17:34,204 [grpc-default-executor-2] INFO  server.RaftServer$Division (RaftServerImpl.java:setRole(383)) - 33d4fa9a-f1b5-45a2-9ce3-43c86fd82df2@group-85F3280A5D9A: changes role from  FOLLOWER to FOLLOWER at term 1 for candidate:6cf56e53-88cb-4022-bd56-d9b5c4d884ee
2024-04-21 07:17:34,204 [grpc-default-executor-2] INFO  impl.RoleInfo (RoleInfo.java:shutdownFollowerState(110)) - 33d4fa9a-f1b5-45a2-9ce3-43c86fd82df2: shutdown 33d4fa9a-f1b5-45a2-9ce3-43c86fd82df2@group-85F3280A5D9A-FollowerState
2024-04-21 07:17:34,204 [grpc-default-executor-2] INFO  impl.RoleInfo (RoleInfo.java:updateAndGet(139)) - 33d4fa9a-f1b5-45a2-9ce3-43c86fd82df2: start 33d4fa9a-f1b5-45a2-9ce3-43c86fd82df2@group-85F3280A5D9A-FollowerState
2024-04-21 07:17:34,204 [33d4fa9a-f1b5-45a2-9ce3-43c86fd82df2@group-85F3280A5D9A-FollowerState] INFO  impl.FollowerState (FollowerState.java:run(152)) - 33d4fa9a-f1b5-45a2-9ce3-43c86fd82df2@group-85F3280A5D9A-FollowerState was interrupted
2024-04-21 07:17:34,204 [grpc-default-executor-2] INFO  server.RaftServer$Division (RaftServerImpl.java:setFirstElection(574)) - 33d4fa9a-f1b5-45a2-9ce3-43c86fd82df2@group-85F3280A5D9A: set firstElectionSinceStartup to false for candidate:6cf56e53-88cb-4022-bd56-d9b5c4d884ee
2024-04-21 07:17:34,205 [grpc-default-executor-0] INFO  server.RaftServer$Division (RaftServerImpl.java:requestVote(1389)) - 9387e6e8-bf6d-4d10-9dc1-f1bd05fc02cf@group-85F3280A5D9A: receive requestVote(ELECTION, 6cf56e53-88cb-4022-bd56-d9b5c4d884ee, group-85F3280A5D9A, 1, (t:0, i:0))
2024-04-21 07:17:34,205 [grpc-default-executor-0] INFO  impl.VoteContext (VoteContext.java:log(49)) - 9387e6e8-bf6d-4d10-9dc1-f1bd05fc02cf@group-85F3280A5D9A-FOLLOWER: accept ELECTION from 6cf56e53-88cb-4022-bd56-d9b5c4d884ee: our priority 0 <= candidate's priority 1
2024-04-21 07:17:34,205 [grpc-default-executor-0] INFO  server.RaftServer$Division (RaftServerImpl.java:setRole(383)) - 9387e6e8-bf6d-4d10-9dc1-f1bd05fc02cf@group-85F3280A5D9A: changes role from  FOLLOWER to FOLLOWER at term 1 for candidate:6cf56e53-88cb-4022-bd56-d9b5c4d884ee
2024-04-21 07:17:34,205 [grpc-default-executor-0] INFO  impl.RoleInfo (RoleInfo.java:shutdownFollowerState(110)) - 9387e6e8-bf6d-4d10-9dc1-f1bd05fc02cf: shutdown 9387e6e8-bf6d-4d10-9dc1-f1bd05fc02cf@group-85F3280A5D9A-FollowerState
2024-04-21 07:17:34,213 [grpc-default-executor-2] INFO  server.RaftServer$Division (RaftServerImpl.java:requestVote(1422)) - 33d4fa9a-f1b5-45a2-9ce3-43c86fd82df2@group-85F3280A5D9A replies to ELECTION vote request: 6cf56e53-88cb-4022-bd56-d9b5c4d884ee<-33d4fa9a-f1b5-45a2-9ce3-43c86fd82df2#0:OK-t1. Peer's state: 33d4fa9a-f1b5-45a2-9ce3-43c86fd82df2@group-85F3280A5D9A:t1, leader=null, voted=6cf56e53-88cb-4022-bd56-d9b5c4d884ee, raftlog=Memoized:33d4fa9a-f1b5-45a2-9ce3-43c86fd82df2@group-85F3280A5D9A-SegmentedRaftLog:OPENED:c-1, conf=-1: peers:[6cf56e53-88cb-4022-bd56-d9b5c4d884ee|10.1.0.102:15138, 9387e6e8-bf6d-4d10-9dc1-f1bd05fc02cf|10.1.0.102:15120, 33d4fa9a-f1b5-45a2-9ce3-43c86fd82df2|10.1.0.102:15129]|listeners:[], old=null
2024-04-21 07:17:34,213 [9387e6e8-bf6d-4d10-9dc1-f1bd05fc02cf@group-85F3280A5D9A-FollowerState] INFO  impl.FollowerState (FollowerState.java:run(152)) - 9387e6e8-bf6d-4d10-9dc1-f1bd05fc02cf@group-85F3280A5D9A-FollowerState was interrupted
2024-04-21 07:17:34,214 [grpc-default-executor-0] INFO  impl.RoleInfo (RoleInfo.java:updateAndGet(139)) - 9387e6e8-bf6d-4d10-9dc1-f1bd05fc02cf: start 9387e6e8-bf6d-4d10-9dc1-f1bd05fc02cf@group-85F3280A5D9A-FollowerState
2024-04-21 07:17:34,214 [main] INFO  ozoneimpl.OzoneContainer (OzoneContainer.java:stop(481)) - Attempting to stop container services.
2024-04-21 07:17:34,215 [6cf56e53-88cb-4022-bd56-d9b5c4d884ee@group-85F3280A5D9A-LeaderElection40] INFO  impl.LeaderElection (LeaderElection.java:logAndReturn(89)) - 6cf56e53-88cb-4022-bd56-d9b5c4d884ee@group-85F3280A5D9A-LeaderElection40: ELECTION PASSED received 1 response(s) and 0 exception(s):
2024-04-21 07:17:34,215 [6cf56e53-88cb-4022-bd56-d9b5c4d884ee@group-85F3280A5D9A-LeaderElection40] INFO  impl.LeaderElection (LeaderElection.java:logAndReturn(93)) -   Response 0: 6cf56e53-88cb-4022-bd56-d9b5c4d884ee<-33d4fa9a-f1b5-45a2-9ce3-43c86fd82df2#0:OK-t1
2024-04-21 07:17:34,215 [6cf56e53-88cb-4022-bd56-d9b5c4d884ee@group-85F3280A5D9A-LeaderElection40] INFO  impl.LeaderElection (LeaderElection.java:askForVotes(323)) - 6cf56e53-88cb-4022-bd56-d9b5c4d884ee@group-85F3280A5D9A-LeaderElection40 ELECTION round 0: result PASSED
2024-04-21 07:17:34,215 [6cf56e53-88cb-4022-bd56-d9b5c4d884ee@group-85F3280A5D9A-LeaderElection40] INFO  impl.RoleInfo (RoleInfo.java:shutdownLeaderElection(130)) - 6cf56e53-88cb-4022-bd56-d9b5c4d884ee: shutdown 6cf56e53-88cb-4022-bd56-d9b5c4d884ee@group-85F3280A5D9A-LeaderElection40
2024-04-21 07:17:34,215 [6cf56e53-88cb-4022-bd56-d9b5c4d884ee@group-85F3280A5D9A-LeaderElection40] INFO  server.RaftServer$Division (RaftServerImpl.java:setRole(383)) - 6cf56e53-88cb-4022-bd56-d9b5c4d884ee@group-85F3280A5D9A: changes role from CANDIDATE to LEADER at term 1 for changeToLeader
2024-04-21 07:17:34,215 [6cf56e53-88cb-4022-bd56-d9b5c4d884ee@group-85F3280A5D9A-LeaderElection40] INFO  server.RaftServerConfigKeys (ConfUtils.java:logGet(46)) - raft.server.staging.catchup.gap = 1000 (default)
2024-04-21 07:17:34,215 [6cf56e53-88cb-4022-bd56-d9b5c4d884ee@group-85F3280A5D9A-LeaderElection40] INFO  server.RaftServerConfigKeys (ConfUtils.java:logGet(46)) - raft.server.write.element-limit = 1024 (custom)
2024-04-21 07:17:34,215 [6cf56e53-88cb-4022-bd56-d9b5c4d884ee@group-85F3280A5D9A-LeaderElection40] INFO  server.RaftServerConfigKeys (ConfUtils.java:logGet(46)) - raft.server.write.byte-limit = 1024 M (=1073741824) (custom)
2024-04-21 07:17:34,216 [6cf56e53-88cb-4022-bd56-d9b5c4d884ee@group-85F3280A5D9A-LeaderElection40] INFO  server.RaftServerConfigKeys (ConfUtils.java:logGet(46)) - raft.server.watch.timeout = 3000ms (custom)
2024-04-21 07:17:34,216 [6cf56e53-88cb-4022-bd56-d9b5c4d884ee@group-85F3280A5D9A-LeaderElection40] INFO  server.RaftServerConfigKeys (ConfUtils.java:logGet(46)) - raft.server.watch.timeout.denomination = 1s (default)
2024-04-21 07:17:34,216 [6cf56e53-88cb-4022-bd56-d9b5c4d884ee@group-85F3280A5D9A-LeaderElection40] INFO  server.RaftServerConfigKeys (ConfUtils.java:logGet(46)) - raft.server.watch.element-limit = 65536 (default)
2024-04-21 07:17:34,216 [6cf56e53-88cb-4022-bd56-d9b5c4d884ee@group-85F3280A5D9A-LeaderElection40] INFO  server.RaftServerConfigKeys (ConfUtils.java:logGet(46)) - raft.server.read.leader.lease.enabled = false (default)
2024-04-21 07:17:34,216 [6cf56e53-88cb-4022-bd56-d9b5c4d884ee@group-85F3280A5D9A-LeaderElection40] INFO  server.RaftServerConfigKeys (ConfUtils.java:logGet(46)) - raft.server.read.leader.lease.timeout.ratio = 0.9 (default)
2024-04-21 07:17:34,216 [6cf56e53-88cb-4022-bd56-d9b5c4d884ee@group-85F3280A5D9A-LeaderElection40] INFO  server.RaftServerConfigKeys (ConfUtils.java:logGet(46)) - raft.server.rpc.timeout.min = 5s (custom)
2024-04-21 07:17:34,216 [6cf56e53-88cb-4022-bd56-d9b5c4d884ee@group-85F3280A5D9A-LeaderElection40] INFO  server.RaftServerConfigKeys (ConfUtils.java:logGet(46)) - raft.server.write.element-limit = 1024 (custom)
2024-04-21 07:17:34,216 [6cf56e53-88cb-4022-bd56-d9b5c4d884ee@group-85F3280A5D9A-LeaderElection40] INFO  server.RaftServerConfigKeys (ConfUtils.java:logGet(46)) - raft.server.write.follower.gap.ratio.max = -1.0 (default)
2024-04-21 07:17:34,216 [6cf56e53-88cb-4022-bd56-d9b5c4d884ee@group-85F3280A5D9A-LeaderElection40] INFO  server.RaftServerConfigKeys (ConfUtils.java:logGet(46)) - raft.server.log.appender.snapshot.chunk.size.max = 16MB (=16777216) (default)
2024-04-21 07:17:34,221 [6cf56e53-88cb-4022-bd56-d9b5c4d884ee@group-85F3280A5D9A-LeaderElection40] INFO  server.RaftServerConfigKeys (ConfUtils.java:logGet(46)) - raft.server.log.appender.buffer.byte-limit = 8388608 (custom)
2024-04-21 07:17:34,221 [6cf56e53-88cb-4022-bd56-d9b5c4d884ee@group-85F3280A5D9A-LeaderElection40] INFO  server.RaftServerConfigKeys (ConfUtils.java:logGet(46)) - raft.server.log.appender.buffer.element-limit = 1 (custom)
2024-04-21 07:17:34,221 [6cf56e53-88cb-4022-bd56-d9b5c4d884ee@group-85F3280A5D9A-LeaderElection40] INFO  server.RaftServerConfigKeys (ConfUtils.java:logGet(46)) - raft.server.log.appender.wait-time.min = 0ms (custom)
2024-04-21 07:17:34,221 [6cf56e53-88cb-4022-bd56-d9b5c4d884ee@group-85F3280A5D9A-LeaderElection40] INFO  grpc.GrpcConfigKeys (ConfUtils.java:logGet(46)) - raft.grpc.server.leader.outstanding.appends.max = 8 (default)
2024-04-21 07:17:34,221 [6cf56e53-88cb-4022-bd56-d9b5c4d884ee@group-85F3280A5D9A-LeaderElection40] INFO  server.RaftServerConfigKeys (ConfUtils.java:logGet(46)) - raft.server.rpc.request.timeout = 3000ms (default)
2024-04-21 07:17:34,221 [6cf56e53-88cb-4022-bd56-d9b5c4d884ee@group-85F3280A5D9A-LeaderElection40] INFO  grpc.GrpcConfigKeys (ConfUtils.java:logGet(46)) - raft.grpc.server.install_snapshot.request.element-limit = 8 (default)
2024-04-21 07:17:34,221 [6cf56e53-88cb-4022-bd56-d9b5c4d884ee@group-85F3280A5D9A-LeaderElection40] INFO  grpc.GrpcConfigKeys (ConfUtils.java:logGet(46)) - raft.grpc.server.install_snapshot.request.timeout = 3000ms (default)
2024-04-21 07:17:34,221 [6cf56e53-88cb-4022-bd56-d9b5c4d884ee@group-85F3280A5D9A-LeaderElection40] INFO  grpc.GrpcConfigKeys (ConfUtils.java:logGet(46)) - raft.grpc.server.log-message.batch.duration = 5s (default)
2024-04-21 07:17:34,221 [6cf56e53-88cb-4022-bd56-d9b5c4d884ee@group-85F3280A5D9A-LeaderElection40] INFO  server.RaftServerConfigKeys (ConfUtils.java:logGet(46)) - raft.server.log.appender.install.snapshot.enabled = false (custom)
2024-04-21 07:17:34,221 [6cf56e53-88cb-4022-bd56-d9b5c4d884ee@group-85F3280A5D9A-LeaderElection40] INFO  grpc.GrpcConfigKeys (ConfUtils.java:logGet(46)) - raft.grpc.server.heartbeat.channel = true (default)
2024-04-21 07:17:34,220 [grpc-default-executor-0] INFO  server.RaftServer$Division (RaftServerImpl.java:requestVote(1422)) - 9387e6e8-bf6d-4d10-9dc1-f1bd05fc02cf@group-85F3280A5D9A replies to ELECTION vote request: 6cf56e53-88cb-4022-bd56-d9b5c4d884ee<-9387e6e8-bf6d-4d10-9dc1-f1bd05fc02cf#0:OK-t1. Peer's state: 9387e6e8-bf6d-4d10-9dc1-f1bd05fc02cf@group-85F3280A5D9A:t1, leader=null, voted=6cf56e53-88cb-4022-bd56-d9b5c4d884ee, raftlog=Memoized:9387e6e8-bf6d-4d10-9dc1-f1bd05fc02cf@group-85F3280A5D9A-SegmentedRaftLog:OPENED:c-1, conf=-1: peers:[6cf56e53-88cb-4022-bd56-d9b5c4d884ee|10.1.0.102:15138, 9387e6e8-bf6d-4d10-9dc1-f1bd05fc02cf|10.1.0.102:15120, 33d4fa9a-f1b5-45a2-9ce3-43c86fd82df2|10.1.0.102:15129]|listeners:[], old=null
2024-04-21 07:17:34,220 [ContainerMetadataScanner] WARN  ozoneimpl.AbstractBackgroundContainerScanner (AbstractBackgroundContainerScanner.java:handleRemainingSleep(134)) - Background container scan was interrupted.
2024-04-21 07:17:34,222 [ContainerMetadataScanner] INFO  ozoneimpl.AbstractBackgroundContainerScanner (AbstractBackgroundContainerScanner.java:run(61)) - Thread[ContainerMetadataScanner,5,main] exiting.
2024-04-21 07:17:34,223 [6cf56e53-88cb-4022-bd56-d9b5c4d884ee@group-85F3280A5D9A-LeaderElection40] INFO  server.RaftServerConfigKeys (ConfUtils.java:logGet(46)) - raft.server.log.appender.snapshot.chunk.size.max = 16MB (=16777216) (default)
2024-04-21 07:17:34,223 [6cf56e53-88cb-4022-bd56-d9b5c4d884ee@group-85F3280A5D9A-LeaderElection40] INFO  server.RaftServerConfigKeys (ConfUtils.java:logGet(46)) - raft.server.log.appender.buffer.byte-limit = 8388608 (custom)
2024-04-21 07:17:34,223 [6cf56e53-88cb-4022-bd56-d9b5c4d884ee@group-85F3280A5D9A-LeaderElection40] INFO  server.RaftServerConfigKeys (ConfUtils.java:logGet(46)) - raft.server.log.appender.buffer.element-limit = 1 (custom)
2024-04-21 07:17:34,223 [6cf56e53-88cb-4022-bd56-d9b5c4d884ee@group-85F3280A5D9A-LeaderElection40] INFO  server.RaftServerConfigKeys (ConfUtils.java:logGet(46)) - raft.server.log.appender.wait-time.min = 0ms (custom)
2024-04-21 07:17:34,224 [6cf56e53-88cb-4022-bd56-d9b5c4d884ee@group-85F3280A5D9A-LeaderElection40] INFO  grpc.GrpcConfigKeys (ConfUtils.java:logGet(46)) - raft.grpc.server.leader.outstanding.appends.max = 8 (default)
2024-04-21 07:17:34,224 [6cf56e53-88cb-4022-bd56-d9b5c4d884ee@group-85F3280A5D9A-LeaderElection40] INFO  server.RaftServerConfigKeys (ConfUtils.java:logGet(46)) - raft.server.rpc.request.timeout = 3000ms (default)
2024-04-21 07:17:34,224 [6cf56e53-88cb-4022-bd56-d9b5c4d884ee@group-85F3280A5D9A-LeaderElection40] INFO  grpc.GrpcConfigKeys (ConfUtils.java:logGet(46)) - raft.grpc.server.install_snapshot.request.element-limit = 8 (default)
2024-04-21 07:17:34,224 [6cf56e53-88cb-4022-bd56-d9b5c4d884ee@group-85F3280A5D9A-LeaderElection40] INFO  grpc.GrpcConfigKeys (ConfUtils.java:logGet(46)) - raft.grpc.server.install_snapshot.request.timeout = 3000ms (default)
2024-04-21 07:17:34,224 [6cf56e53-88cb-4022-bd56-d9b5c4d884ee@group-85F3280A5D9A-LeaderElection40] INFO  grpc.GrpcConfigKeys (ConfUtils.java:logGet(46)) - raft.grpc.server.log-message.batch.duration = 5s (default)
2024-04-21 07:17:34,224 [6cf56e53-88cb-4022-bd56-d9b5c4d884ee@group-85F3280A5D9A-LeaderElection40] INFO  server.RaftServerConfigKeys (ConfUtils.java:logGet(46)) - raft.server.log.appender.install.snapshot.enabled = false (custom)
2024-04-21 07:17:34,224 [6cf56e53-88cb-4022-bd56-d9b5c4d884ee@group-85F3280A5D9A-LeaderElection40] INFO  grpc.GrpcConfigKeys (ConfUtils.java:logGet(46)) - raft.grpc.server.heartbeat.channel = true (default)
2024-04-21 07:17:34,224 [6cf56e53-88cb-4022-bd56-d9b5c4d884ee@group-85F3280A5D9A-LeaderElection40] INFO  impl.RoleInfo (RoleInfo.java:updateAndGet(139)) - 6cf56e53-88cb-4022-bd56-d9b5c4d884ee: start 6cf56e53-88cb-4022-bd56-d9b5c4d884ee@group-85F3280A5D9A-LeaderStateImpl
2024-04-21 07:17:34,224 [6cf56e53-88cb-4022-bd56-d9b5c4d884ee@group-85F3280A5D9A-LeaderElection40] INFO  server.RaftServer$Division (RaftServerImpl.java:setFirstElection(574)) - 6cf56e53-88cb-4022-bd56-d9b5c4d884ee@group-85F3280A5D9A: set firstElectionSinceStartup to false for becomeLeader
2024-04-21 07:17:34,224 [6cf56e53-88cb-4022-bd56-d9b5c4d884ee@group-85F3280A5D9A-LeaderElection40] INFO  ratis.XceiverServerRatis (XceiverServerRatis.java:handleLeaderChangedNotification(966)) - Leader change notification received for group: group-85F3280A5D9A with new leaderId: 6cf56e53-88cb-4022-bd56-d9b5c4d884ee
2024-04-21 07:17:34,224 [6cf56e53-88cb-4022-bd56-d9b5c4d884ee@group-85F3280A5D9A-LeaderElection40] INFO  server.RaftServer$Division (ServerState.java:setLeader(269)) - 6cf56e53-88cb-4022-bd56-d9b5c4d884ee@group-85F3280A5D9A: change Leader from null to 6cf56e53-88cb-4022-bd56-d9b5c4d884ee at term 1 for becomeLeader, leader elected after 5235ms
2024-04-21 07:17:34,225 [6cf56e53-88cb-4022-bd56-d9b5c4d884ee@group-85F3280A5D9A-LeaderElection40] INFO  segmented.SegmentedRaftLogWorker (SegmentedRaftLogWorker.java:startLogSegment(430)) - 6cf56e53-88cb-4022-bd56-d9b5c4d884ee@group-85F3280A5D9A-SegmentedRaftLogWorker: Starting segment from index:0
2024-04-21 07:17:34,225 [6cf56e53-88cb-4022-bd56-d9b5c4d884ee@group-85F3280A5D9A-SegmentedRaftLogWorker] INFO  segmented.BufferedWriteChannel (BufferedWriteChannel.java:open(62)) - open log_inprogress_0 at position 0
2024-04-21 07:17:34,226 [main] INFO  ozoneimpl.BackgroundContainerDataScanner (BackgroundContainerDataScanner.java:shutdown(141)) - ContainerDataScanner(/home/runner/work/ozone/ozone/hadoop-ozone/integration-test/target/test-dir/MiniOzoneClusterImpl-ed39ddd9-82bf-4bf6-8741-acb42c98007c/ozone-meta/datanode-3/data-0/hdds) is shutting down. 
2024-04-21 07:17:34,227 [ContainerDataScanner(/home/runner/work/ozone/ozone/hadoop-ozone/integration-test/target/test-dir/MiniOzoneClusterImpl-ed39ddd9-82bf-4bf6-8741-acb42c98007c/ozone-meta/datanode-3/data-0/hdds)] WARN  ozoneimpl.AbstractBackgroundContainerScanner (AbstractBackgroundContainerScanner.java:handleRemainingSleep(134)) - Background container scan was interrupted.
2024-04-21 07:17:34,227 [ContainerDataScanner(/home/runner/work/ozone/ozone/hadoop-ozone/integration-test/target/test-dir/MiniOzoneClusterImpl-ed39ddd9-82bf-4bf6-8741-acb42c98007c/ozone-meta/datanode-3/data-0/hdds)] INFO  ozoneimpl.AbstractBackgroundContainerScanner (AbstractBackgroundContainerScanner.java:run(61)) - ContainerDataScanner(/home/runner/work/ozone/ozone/hadoop-ozone/integration-test/target/test-dir/MiniOzoneClusterImpl-ed39ddd9-82bf-4bf6-8741-acb42c98007c/ozone-meta/datanode-3/data-0/hdds, DS-6ed8bec2-bc9e-4c5e-813f-488a8b52866e) exiting.
2024-04-21 07:17:34,228 [main] INFO  ozoneimpl.OnDemandContainerDataScanner (OnDemandContainerDataScanner.java:shutdownScanner(206)) - On-demand container scanner is shutting down.
2024-04-21 07:17:34,229 [main] INFO  server.RaftServer (RaftServerProxy.java:lambda$close$9(416)) - 6cf56e53-88cb-4022-bd56-d9b5c4d884ee: close
2024-04-21 07:17:34,229 [6cf56e53-88cb-4022-bd56-d9b5c4d884ee-impl-thread1] INFO  server.RaftServer$Division (RaftServerImpl.java:lambda$close$3(526)) - 6cf56e53-88cb-4022-bd56-d9b5c4d884ee@group-85F3280A5D9A: shutdown
2024-04-21 07:17:34,229 [6cf56e53-88cb-4022-bd56-d9b5c4d884ee-impl-thread1] INFO  util.JmxRegister (JmxRegister.java:unregister(73)) - Successfully un-registered JMX Bean with object name Ratis:service=RaftServer,group=group-85F3280A5D9A,id=6cf56e53-88cb-4022-bd56-d9b5c4d884ee
2024-04-21 07:17:34,229 [6cf56e53-88cb-4022-bd56-d9b5c4d884ee-impl-thread1] INFO  impl.RoleInfo (RoleInfo.java:shutdownLeaderState(94)) - 6cf56e53-88cb-4022-bd56-d9b5c4d884ee: shutdown 6cf56e53-88cb-4022-bd56-d9b5c4d884ee@group-85F3280A5D9A-LeaderStateImpl
2024-04-21 07:17:34,229 [6cf56e53-88cb-4022-bd56-d9b5c4d884ee-impl-thread1] INFO  impl.PendingRequests (PendingRequests.java:sendNotLeaderResponses(289)) - 6cf56e53-88cb-4022-bd56-d9b5c4d884ee@group-85F3280A5D9A-PendingRequests: sendNotLeaderResponses
2024-04-21 07:17:34,229 [6cf56e53-88cb-4022-bd56-d9b5c4d884ee-impl-thread2] INFO  server.RaftServer$Division (RaftServerImpl.java:lambda$close$3(526)) - 6cf56e53-88cb-4022-bd56-d9b5c4d884ee@group-9461FA60FDFB: shutdown
2024-04-21 07:17:34,230 [6cf56e53-88cb-4022-bd56-d9b5c4d884ee-impl-thread2] INFO  util.JmxRegister (JmxRegister.java:unregister(73)) - Successfully un-registered JMX Bean with object name Ratis:service=RaftServer,group=group-9461FA60FDFB,id=6cf56e53-88cb-4022-bd56-d9b5c4d884ee
2024-04-21 07:17:34,230 [6cf56e53-88cb-4022-bd56-d9b5c4d884ee-impl-thread2] INFO  impl.RoleInfo (RoleInfo.java:shutdownFollowerState(110)) - 6cf56e53-88cb-4022-bd56-d9b5c4d884ee: shutdown 6cf56e53-88cb-4022-bd56-d9b5c4d884ee@group-9461FA60FDFB-FollowerState
2024-04-21 07:17:34,230 [main] INFO  server.GrpcService (GrpcService.java:closeImpl(311)) - 6cf56e53-88cb-4022-bd56-d9b5c4d884ee: shutdown server org.apache.ratis.grpc.server.GrpcClientProtocolService now
2024-04-21 07:17:34,230 [6cf56e53-88cb-4022-bd56-d9b5c4d884ee-impl-thread3] INFO  server.RaftServer$Division (RaftServerImpl.java:lambda$close$3(526)) - 6cf56e53-88cb-4022-bd56-d9b5c4d884ee@group-5E161AF68217: shutdown
2024-04-21 07:17:34,230 [6cf56e53-88cb-4022-bd56-d9b5c4d884ee-impl-thread4] INFO  server.RaftServer$Division (RaftServerImpl.java:lambda$close$3(526)) - 6cf56e53-88cb-4022-bd56-d9b5c4d884ee@group-DB6F9DC5174E: shutdown
2024-04-21 07:17:34,230 [6cf56e53-88cb-4022-bd56-d9b5c4d884ee-impl-thread2] INFO  impl.StateMachineUpdater (StateMachineUpdater.java:stopAndJoin(157)) - 6cf56e53-88cb-4022-bd56-d9b5c4d884ee@group-9461FA60FDFB-StateMachineUpdater: set stopIndex = -1
2024-04-21 07:17:34,230 [6cf56e53-88cb-4022-bd56-d9b5c4d884ee@group-9461FA60FDFB-FollowerState] INFO  impl.FollowerState (FollowerState.java:run(152)) - 6cf56e53-88cb-4022-bd56-d9b5c4d884ee@group-9461FA60FDFB-FollowerState was interrupted
2024-04-21 07:17:34,231 [6cf56e53-88cb-4022-bd56-d9b5c4d884ee-impl-thread3] INFO  util.JmxRegister (JmxRegister.java:unregister(73)) - Successfully un-registered JMX Bean with object name Ratis:service=RaftServer,group=group-5E161AF68217,id=6cf56e53-88cb-4022-bd56-d9b5c4d884ee
2024-04-21 07:17:34,231 [6cf56e53-88cb-4022-bd56-d9b5c4d884ee-impl-thread3] INFO  impl.RoleInfo (RoleInfo.java:shutdownLeaderState(94)) - 6cf56e53-88cb-4022-bd56-d9b5c4d884ee: shutdown 6cf56e53-88cb-4022-bd56-d9b5c4d884ee@group-5E161AF68217-LeaderStateImpl
2024-04-21 07:17:34,231 [6cf56e53-88cb-4022-bd56-d9b5c4d884ee-impl-thread3] INFO  impl.PendingRequests (PendingRequests.java:sendNotLeaderResponses(289)) - 6cf56e53-88cb-4022-bd56-d9b5c4d884ee@group-5E161AF68217-PendingRequests: sendNotLeaderResponses
2024-04-21 07:17:34,231 [6cf56e53-88cb-4022-bd56-d9b5c4d884ee-impl-thread4] INFO  util.JmxRegister (JmxRegister.java:unregister(73)) - Successfully un-registered JMX Bean with object name Ratis:service=RaftServer,group=group-DB6F9DC5174E,id=6cf56e53-88cb-4022-bd56-d9b5c4d884ee
2024-04-21 07:17:34,231 [6cf56e53-88cb-4022-bd56-d9b5c4d884ee-impl-thread2] INFO  server.RaftServer$Division (ServerState.java:close(427)) - 6cf56e53-88cb-4022-bd56-d9b5c4d884ee@group-9461FA60FDFB: applyIndex: -1
2024-04-21 07:17:34,231 [6cf56e53-88cb-4022-bd56-d9b5c4d884ee-impl-thread4] INFO  impl.RoleInfo (RoleInfo.java:shutdownFollowerState(110)) - 6cf56e53-88cb-4022-bd56-d9b5c4d884ee: shutdown 6cf56e53-88cb-4022-bd56-d9b5c4d884ee@group-DB6F9DC5174E-FollowerState
2024-04-21 07:17:34,231 [6cf56e53-88cb-4022-bd56-d9b5c4d884ee@group-9461FA60FDFB-cacheEviction-AwaitToRun] INFO  util.AwaitToRun (AwaitToRun.java:run(49)) - 6cf56e53-88cb-4022-bd56-d9b5c4d884ee@group-9461FA60FDFB-cacheEviction-AwaitToRun-AwaitForSignal is interrupted
2024-04-21 07:17:34,232 [6cf56e53-88cb-4022-bd56-d9b5c4d884ee@group-DB6F9DC5174E-FollowerState] INFO  impl.FollowerState (FollowerState.java:run(152)) - 6cf56e53-88cb-4022-bd56-d9b5c4d884ee@group-DB6F9DC5174E-FollowerState was interrupted
2024-04-21 07:17:34,232 [6cf56e53-88cb-4022-bd56-d9b5c4d884ee-impl-thread4] INFO  impl.StateMachineUpdater (StateMachineUpdater.java:stopAndJoin(157)) - 6cf56e53-88cb-4022-bd56-d9b5c4d884ee@group-DB6F9DC5174E-StateMachineUpdater: set stopIndex = -1
2024-04-21 07:17:34,232 [6cf56e53-88cb-4022-bd56-d9b5c4d884ee-impl-thread4] INFO  server.RaftServer$Division (ServerState.java:close(427)) - 6cf56e53-88cb-4022-bd56-d9b5c4d884ee@group-DB6F9DC5174E: applyIndex: -1
2024-04-21 07:17:34,232 [6cf56e53-88cb-4022-bd56-d9b5c4d884ee@group-DB6F9DC5174E-cacheEviction-AwaitToRun] INFO  util.AwaitToRun (AwaitToRun.java:run(49)) - 6cf56e53-88cb-4022-bd56-d9b5c4d884ee@group-DB6F9DC5174E-cacheEviction-AwaitToRun-AwaitForSignal is interrupted
2024-04-21 07:17:34,235 [6cf56e53-88cb-4022-bd56-d9b5c4d884ee@group-85F3280A5D9A-SegmentedRaftLogWorker] INFO  segmented.SegmentedRaftLogWorker (SegmentedRaftLogWorker.java:execute(634)) - 6cf56e53-88cb-4022-bd56-d9b5c4d884ee@group-85F3280A5D9A-SegmentedRaftLogWorker: created new log segment /home/runner/work/ozone/ozone/hadoop-ozone/integration-test/target/test-dir/MiniOzoneClusterImpl-ed39ddd9-82bf-4bf6-8741-acb42c98007c/ozone-meta/datanode-3/ratis/0ea19662-297e-47e6-b59a-85f3280a5d9a/current/log_inprogress_0
2024-04-21 07:17:34,235 [6cf56e53-88cb-4022-bd56-d9b5c4d884ee@group-85F3280A5D9A-LeaderElection40] INFO  server.RaftServer$Division (ServerState.java:setRaftConf(386)) - 6cf56e53-88cb-4022-bd56-d9b5c4d884ee@group-85F3280A5D9A: set configuration 0: peers:[6cf56e53-88cb-4022-bd56-d9b5c4d884ee|10.1.0.102:15138, 9387e6e8-bf6d-4d10-9dc1-f1bd05fc02cf|10.1.0.102:15120, 33d4fa9a-f1b5-45a2-9ce3-43c86fd82df2|10.1.0.102:15129]|listeners:[], old=null
2024-04-21 07:17:34,240 [Thread-2818] INFO  server.GrpcServerProtocolClient (GrpcServerProtocolClient.java:close(103)) - 9387e6e8-bf6d-4d10-9dc1-f1bd05fc02cf Close channels
2024-04-21 07:17:34,240 [grpc-default-executor-2] WARN  server.GrpcClientProtocolService (LogUtils.java:warn(121)) - 0-OrderedRequestStreamObserver0: onError: org.apache.ratis.thirdparty.io.grpc.StatusRuntimeException: CANCELLED: client cancelled
2024-04-21 07:17:34,240 [Thread-2819] INFO  server.GrpcServerProtocolClient (GrpcServerProtocolClient.java:close(103)) - 33d4fa9a-f1b5-45a2-9ce3-43c86fd82df2 Close channels
2024-04-21 07:17:34,243 [main] INFO  server.GrpcService (GrpcService.java:closeImpl(320)) - 6cf56e53-88cb-4022-bd56-d9b5c4d884ee: shutdown server org.apache.ratis.grpc.server.GrpcClientProtocolService successfully
2024-04-21 07:17:34,244 [main] INFO  server.GrpcService (GrpcService.java:closeImpl(311)) - 6cf56e53-88cb-4022-bd56-d9b5c4d884ee: shutdown server GrpcServerProtocolService now
2024-04-21 07:17:34,245 [6cf56e53-88cb-4022-bd56-d9b5c4d884ee-impl-thread3] INFO  impl.StateMachineUpdater (StateMachineUpdater.java:stopAndJoin(157)) - 6cf56e53-88cb-4022-bd56-d9b5c4d884ee@group-5E161AF68217-StateMachineUpdater: set stopIndex = 11
2024-04-21 07:17:34,245 [6cf56e53-88cb-4022-bd56-d9b5c4d884ee@group-5E161AF68217-StateMachineUpdater] INFO  ratis.ContainerStateMachine (ContainerStateMachine.java:takeSnapshot(355)) - group-5E161AF68217: Taking a snapshot at:(t:1, i:11) file /home/runner/work/ozone/ozone/hadoop-ozone/integration-test/target/test-dir/MiniOzoneClusterImpl-ed39ddd9-82bf-4bf6-8741-acb42c98007c/ozone-meta/datanode-3/ratis/92642223-ead3-4aef-b8a5-5e161af68217/sm/snapshot.1_11
2024-04-21 07:17:34,245 [grpc-default-executor-2] WARN  server.GrpcServerProtocolService (LogUtils.java:warn(121)) - 6cf56e53-88cb-4022-bd56-d9b5c4d884ee: APPEND_ENTRIES onError, lastRequest: null: org.apache.ratis.thirdparty.io.grpc.StatusRuntimeException: CANCELLED: client cancelled
2024-04-21 07:17:34,245 [grpc-default-executor-1] WARN  server.GrpcLogAppender (LogUtils.java:warn(121)) - 33d4fa9a-f1b5-45a2-9ce3-43c86fd82df2@group-9461FA60FDFB->6cf56e53-88cb-4022-bd56-d9b5c4d884ee-AppendLogResponseHandler: Failed appendEntries: org.apache.ratis.thirdparty.io.grpc.StatusRuntimeException: CANCELLED: RST_STREAM closed stream. HTTP/2 error code: CANCEL
2024-04-21 07:17:34,245 [grpc-default-executor-1] WARN  server.GrpcLogAppender (GrpcLogAppender.java:lambda$resetClient$1(217)) - 33d4fa9a-f1b5-45a2-9ce3-43c86fd82df2@group-9461FA60FDFB->6cf56e53-88cb-4022-bd56-d9b5c4d884ee-GrpcLogAppender: Follower failed (request=null, errorCount=1); keep nextIndex (1) unchanged and retry.
2024-04-21 07:17:34,246 [6cf56e53-88cb-4022-bd56-d9b5c4d884ee@group-5E161AF68217-StateMachineUpdater] INFO  ratis.ContainerStateMachine (ContainerStateMachine.java:takeSnapshot(366)) - group-5E161AF68217: Finished taking a snapshot at:(t:1, i:11) file:/home/runner/work/ozone/ozone/hadoop-ozone/integration-test/target/test-dir/MiniOzoneClusterImpl-ed39ddd9-82bf-4bf6-8741-acb42c98007c/ozone-meta/datanode-3/ratis/92642223-ead3-4aef-b8a5-5e161af68217/sm/snapshot.1_11 took: 1 ms
2024-04-21 07:17:34,246 [grpc-default-executor-2] WARN  server.GrpcServerProtocolService (LogUtils.java:warn(121)) - 6cf56e53-88cb-4022-bd56-d9b5c4d884ee: APPEND_ENTRIES onError, lastRequest: 33d4fa9a-f1b5-45a2-9ce3-43c86fd82df2->6cf56e53-88cb-4022-bd56-d9b5c4d884ee#1-t1,previous=(t:0, i:0),leaderCommit=-1,initializing? false,entries: size=1, first=(t:1, i:0), CONFIGURATIONENTRY(current:id: "6cf56e53-88cb-4022-bd56-d9b5c4d884ee"
address: "10.1.0.102:15138"
dataStreamAddress: "10.1.0.102:15139"
clientAddress: "10.1.0.102:15136"
adminAddress: "10.1.0.102:15137"
startupRole: FOLLOWER
,id: "9387e6e8-bf6d-4d10-9dc1-f1bd05fc02cf"
address: "10.1.0.102:15120"
dataStreamAddress: "10.1.0.102:15121"
clientAddress: "10.1.0.102:15118"
adminAddress: "10.1.0.102:15119"
startupRole: FOLLOWER
,id: "33d4fa9a-f1b5-45a2-9ce3-43c86fd82df2"
address: "10.1.0.102:15129"
priority: 1
dataStreamAddress: "10.1.0.102:15130"
clientAddress: "10.1.0.102:15127"
adminAddress: "10.1.0.102:15128"
startupRole: FOLLOWER
, old:): org.apache.ratis.thirdparty.io.grpc.StatusRuntimeException: CANCELLED: client cancelled
2024-04-21 07:17:34,246 [6cf56e53-88cb-4022-bd56-d9b5c4d884ee@group-5E161AF68217-StateMachineUpdater] INFO  impl.StateMachineUpdater (StateMachineUpdater.java:takeSnapshot(295)) - 6cf56e53-88cb-4022-bd56-d9b5c4d884ee@group-5E161AF68217-StateMachineUpdater: Took a snapshot at index 11
2024-04-21 07:17:34,246 [6cf56e53-88cb-4022-bd56-d9b5c4d884ee@group-5E161AF68217-StateMachineUpdater] INFO  impl.StateMachineUpdater (StateMachineUpdater.java:lambda$new$0(98)) - 6cf56e53-88cb-4022-bd56-d9b5c4d884ee@group-5E161AF68217-StateMachineUpdater: snapshotIndex: updateIncreasingly -1 -> 11
2024-04-21 07:17:34,246 [6cf56e53-88cb-4022-bd56-d9b5c4d884ee-impl-thread3] INFO  server.RaftServer$Division (ServerState.java:close(427)) - 6cf56e53-88cb-4022-bd56-d9b5c4d884ee@group-5E161AF68217: applyIndex: 11
2024-04-21 07:17:34,252 [main] INFO  server.GrpcService (GrpcService.java:closeImpl(320)) - 6cf56e53-88cb-4022-bd56-d9b5c4d884ee: shutdown server GrpcServerProtocolService successfully
2024-04-21 07:17:34,253 [main] INFO  server.GrpcService (GrpcService.java:closeImpl(311)) - 6cf56e53-88cb-4022-bd56-d9b5c4d884ee: shutdown server org.apache.ratis.grpc.server.GrpcAdminProtocolService now
2024-04-21 07:17:34,255 [6cf56e53-88cb-4022-bd56-d9b5c4d884ee@group-5E161AF68217-cacheEviction-AwaitToRun] INFO  util.AwaitToRun (AwaitToRun.java:run(49)) - 6cf56e53-88cb-4022-bd56-d9b5c4d884ee@group-5E161AF68217-cacheEviction-AwaitToRun-AwaitForSignal is interrupted
2024-04-21 07:17:34,255 [main] INFO  server.GrpcService (GrpcService.java:closeImpl(320)) - 6cf56e53-88cb-4022-bd56-d9b5c4d884ee: shutdown server org.apache.ratis.grpc.server.GrpcAdminProtocolService successfully
2024-04-21 07:17:34,257 [6cf56e53-88cb-4022-bd56-d9b5c4d884ee-NettyServerStreamRpc-bossGroup--thread1] INFO  logging.LoggingHandler (AbstractInternalLogger.java:log(148)) - [id: 0xe1f59414, L:/0.0.0.0:15139] CLOSE
2024-04-21 07:17:34,257 [6cf56e53-88cb-4022-bd56-d9b5c4d884ee-NettyServerStreamRpc-bossGroup--thread1] INFO  logging.LoggingHandler (AbstractInternalLogger.java:log(148)) - [id: 0xe1f59414, L:/0.0.0.0:15139] INACTIVE
2024-04-21 07:17:34,257 [6cf56e53-88cb-4022-bd56-d9b5c4d884ee-NettyServerStreamRpc-bossGroup--thread1] INFO  logging.LoggingHandler (AbstractInternalLogger.java:log(148)) - [id: 0xe1f59414, L:/0.0.0.0:15139] UNREGISTERED
2024-04-21 07:17:34,262 [9387e6e8-bf6d-4d10-9dc1-f1bd05fc02cf@group-DB6F9DC5174E-FollowerState] INFO  impl.FollowerState (FollowerState.java:run(143)) - 9387e6e8-bf6d-4d10-9dc1-f1bd05fc02cf@group-DB6F9DC5174E-FollowerState: change to CANDIDATE, lastRpcElapsedTime:5188381565ns, electionTimeout:5184ms
2024-04-21 07:17:34,262 [9387e6e8-bf6d-4d10-9dc1-f1bd05fc02cf@group-DB6F9DC5174E-FollowerState] INFO  impl.RoleInfo (RoleInfo.java:shutdownFollowerState(110)) - 9387e6e8-bf6d-4d10-9dc1-f1bd05fc02cf: shutdown 9387e6e8-bf6d-4d10-9dc1-f1bd05fc02cf@group-DB6F9DC5174E-FollowerState
2024-04-21 07:17:34,262 [9387e6e8-bf6d-4d10-9dc1-f1bd05fc02cf@group-DB6F9DC5174E-FollowerState] INFO  server.RaftServer$Division (RaftServerImpl.java:setRole(383)) - 9387e6e8-bf6d-4d10-9dc1-f1bd05fc02cf@group-DB6F9DC5174E: changes role from  FOLLOWER to CANDIDATE at term 0 for changeToCandidate
2024-04-21 07:17:34,263 [9387e6e8-bf6d-4d10-9dc1-f1bd05fc02cf@group-DB6F9DC5174E-FollowerState] INFO  server.RaftServerConfigKeys (ConfUtils.java:logGet(46)) - raft.server.leaderelection.pre-vote = true (default)
2024-04-21 07:17:34,263 [9387e6e8-bf6d-4d10-9dc1-f1bd05fc02cf@group-DB6F9DC5174E-FollowerState] INFO  impl.RoleInfo (RoleInfo.java:updateAndGet(139)) - 9387e6e8-bf6d-4d10-9dc1-f1bd05fc02cf: start 9387e6e8-bf6d-4d10-9dc1-f1bd05fc02cf@group-DB6F9DC5174E-LeaderElection41
2024-04-21 07:17:34,263 [9387e6e8-bf6d-4d10-9dc1-f1bd05fc02cf@group-DB6F9DC5174E-LeaderElection41] INFO  impl.LeaderElection (LeaderElection.java:askForVotes(321)) - 9387e6e8-bf6d-4d10-9dc1-f1bd05fc02cf@group-DB6F9DC5174E-LeaderElection41 PRE_VOTE round 0: submit vote requests at term 0 for -1: peers:[6cf56e53-88cb-4022-bd56-d9b5c4d884ee|10.1.0.102:15138, 9387e6e8-bf6d-4d10-9dc1-f1bd05fc02cf|10.1.0.102:15120, 33d4fa9a-f1b5-45a2-9ce3-43c86fd82df2|10.1.0.102:15129]|listeners:[], old=null
2024-04-21 07:17:34,264 [9387e6e8-bf6d-4d10-9dc1-f1bd05fc02cf@group-DB6F9DC5174E-LeaderElection41] INFO  server.RaftServerConfigKeys (ConfUtils.java:logFallback(53)) - raft.server.rpc.first-election.timeout.min = 5s (fallback to raft.server.rpc.timeout.min)
2024-04-21 07:17:34,264 [9387e6e8-bf6d-4d10-9dc1-f1bd05fc02cf@group-DB6F9DC5174E-LeaderElection41] INFO  server.RaftServerConfigKeys (ConfUtils.java:logFallback(53)) - raft.server.rpc.first-election.timeout.max = 5200ms (fallback to raft.server.rpc.timeout.max)
2024-04-21 07:17:34,265 [grpc-default-executor-2] INFO  server.RaftServer$Division (RaftServerImpl.java:requestVote(1389)) - 33d4fa9a-f1b5-45a2-9ce3-43c86fd82df2@group-DB6F9DC5174E: receive requestVote(PRE_VOTE, 9387e6e8-bf6d-4d10-9dc1-f1bd05fc02cf, group-DB6F9DC5174E, 0, (t:0, i:0))
2024-04-21 07:17:34,265 [grpc-default-executor-2] INFO  impl.VoteContext (VoteContext.java:log(49)) - 33d4fa9a-f1b5-45a2-9ce3-43c86fd82df2@group-DB6F9DC5174E-FOLLOWER: accept PRE_VOTE from 9387e6e8-bf6d-4d10-9dc1-f1bd05fc02cf: our priority 0 <= candidate's priority 1
2024-04-21 07:17:34,266 [grpc-default-executor-2] INFO  server.RaftServer$Division (RaftServerImpl.java:requestVote(1422)) - 33d4fa9a-f1b5-45a2-9ce3-43c86fd82df2@group-DB6F9DC5174E replies to PRE_VOTE vote request: 9387e6e8-bf6d-4d10-9dc1-f1bd05fc02cf<-33d4fa9a-f1b5-45a2-9ce3-43c86fd82df2#0:OK-t0. Peer's state: 33d4fa9a-f1b5-45a2-9ce3-43c86fd82df2@group-DB6F9DC5174E:t0, leader=null, voted=, raftlog=Memoized:33d4fa9a-f1b5-45a2-9ce3-43c86fd82df2@group-DB6F9DC5174E-SegmentedRaftLog:OPENED:c-1, conf=-1: peers:[6cf56e53-88cb-4022-bd56-d9b5c4d884ee|10.1.0.102:15138, 9387e6e8-bf6d-4d10-9dc1-f1bd05fc02cf|10.1.0.102:15120, 33d4fa9a-f1b5-45a2-9ce3-43c86fd82df2|10.1.0.102:15129]|listeners:[], old=null
2024-04-21 07:17:34,266 [9387e6e8-bf6d-4d10-9dc1-f1bd05fc02cf@group-DB6F9DC5174E-LeaderElection41] INFO  impl.LeaderElection (LogUtils.java:infoOrTrace(136)) - 9387e6e8-bf6d-4d10-9dc1-f1bd05fc02cf@group-DB6F9DC5174E-LeaderElection41 got exception when requesting votes: java.util.concurrent.ExecutionException: org.apache.ratis.thirdparty.io.grpc.StatusRuntimeException: UNAVAILABLE: io exception
2024-04-21 07:17:34,266 [9387e6e8-bf6d-4d10-9dc1-f1bd05fc02cf@group-DB6F9DC5174E-LeaderElection41] INFO  impl.LeaderElection (LeaderElection.java:logAndReturn(89)) - 9387e6e8-bf6d-4d10-9dc1-f1bd05fc02cf@group-DB6F9DC5174E-LeaderElection41: PRE_VOTE PASSED received 1 response(s) and 1 exception(s):
2024-04-21 07:17:34,266 [9387e6e8-bf6d-4d10-9dc1-f1bd05fc02cf@group-DB6F9DC5174E-LeaderElection41] INFO  impl.LeaderElection (LeaderElection.java:logAndReturn(93)) -   Response 0: 9387e6e8-bf6d-4d10-9dc1-f1bd05fc02cf<-33d4fa9a-f1b5-45a2-9ce3-43c86fd82df2#0:OK-t0
2024-04-21 07:17:34,266 [9387e6e8-bf6d-4d10-9dc1-f1bd05fc02cf@group-DB6F9DC5174E-LeaderElection41] INFO  impl.LeaderElection (LogUtils.java:infoOrTrace(136)) -   Exception 1: java.util.concurrent.ExecutionException: org.apache.ratis.thirdparty.io.grpc.StatusRuntimeException: UNAVAILABLE: io exception
2024-04-21 07:17:34,266 [9387e6e8-bf6d-4d10-9dc1-f1bd05fc02cf@group-DB6F9DC5174E-LeaderElection41] INFO  impl.LeaderElection (LeaderElection.java:askForVotes(323)) - 9387e6e8-bf6d-4d10-9dc1-f1bd05fc02cf@group-DB6F9DC5174E-LeaderElection41 PRE_VOTE round 0: result PASSED
2024-04-21 07:17:34,267 [9387e6e8-bf6d-4d10-9dc1-f1bd05fc02cf@group-DB6F9DC5174E-LeaderElection41] INFO  impl.LeaderElection (LeaderElection.java:askForVotes(321)) - 9387e6e8-bf6d-4d10-9dc1-f1bd05fc02cf@group-DB6F9DC5174E-LeaderElection41 ELECTION round 0: submit vote requests at term 1 for -1: peers:[6cf56e53-88cb-4022-bd56-d9b5c4d884ee|10.1.0.102:15138, 9387e6e8-bf6d-4d10-9dc1-f1bd05fc02cf|10.1.0.102:15120, 33d4fa9a-f1b5-45a2-9ce3-43c86fd82df2|10.1.0.102:15129]|listeners:[], old=null
2024-04-21 07:17:34,268 [9387e6e8-bf6d-4d10-9dc1-f1bd05fc02cf@group-DB6F9DC5174E-LeaderElection41] INFO  server.RaftServerConfigKeys (ConfUtils.java:logFallback(53)) - raft.server.rpc.first-election.timeout.min = 5s (fallback to raft.server.rpc.timeout.min)
2024-04-21 07:17:34,268 [9387e6e8-bf6d-4d10-9dc1-f1bd05fc02cf@group-DB6F9DC5174E-LeaderElection41] INFO  server.RaftServerConfigKeys (ConfUtils.java:logFallback(53)) - raft.server.rpc.first-election.timeout.max = 5200ms (fallback to raft.server.rpc.timeout.max)
2024-04-21 07:17:34,268 [9387e6e8-bf6d-4d10-9dc1-f1bd05fc02cf@group-DB6F9DC5174E-LeaderElection41] INFO  impl.LeaderElection (LogUtils.java:infoOrTrace(136)) - 9387e6e8-bf6d-4d10-9dc1-f1bd05fc02cf@group-DB6F9DC5174E-LeaderElection41 got exception when requesting votes: java.util.concurrent.ExecutionException: org.apache.ratis.thirdparty.io.grpc.StatusRuntimeException: UNAVAILABLE: io exception
2024-04-21 07:17:34,268 [grpc-default-executor-2] INFO  server.RaftServer$Division (RaftServerImpl.java:requestVote(1389)) - 33d4fa9a-f1b5-45a2-9ce3-43c86fd82df2@group-DB6F9DC5174E: receive requestVote(ELECTION, 9387e6e8-bf6d-4d10-9dc1-f1bd05fc02cf, group-DB6F9DC5174E, 1, (t:0, i:0))
2024-04-21 07:17:34,268 [grpc-default-executor-2] INFO  impl.VoteContext (VoteContext.java:log(49)) - 33d4fa9a-f1b5-45a2-9ce3-43c86fd82df2@group-DB6F9DC5174E-FOLLOWER: accept ELECTION from 9387e6e8-bf6d-4d10-9dc1-f1bd05fc02cf: our priority 0 <= candidate's priority 1
2024-04-21 07:17:34,268 [grpc-default-executor-2] INFO  server.RaftServer$Division (RaftServerImpl.java:setRole(383)) - 33d4fa9a-f1b5-45a2-9ce3-43c86fd82df2@group-DB6F9DC5174E: changes role from  FOLLOWER to FOLLOWER at term 1 for candidate:9387e6e8-bf6d-4d10-9dc1-f1bd05fc02cf
2024-04-21 07:17:34,268 [grpc-default-executor-2] INFO  impl.RoleInfo (RoleInfo.java:shutdownFollowerState(110)) - 33d4fa9a-f1b5-45a2-9ce3-43c86fd82df2: shutdown 33d4fa9a-f1b5-45a2-9ce3-43c86fd82df2@group-DB6F9DC5174E-FollowerState
2024-04-21 07:17:34,269 [grpc-default-executor-2] INFO  impl.RoleInfo (RoleInfo.java:updateAndGet(139)) - 33d4fa9a-f1b5-45a2-9ce3-43c86fd82df2: start 33d4fa9a-f1b5-45a2-9ce3-43c86fd82df2@group-DB6F9DC5174E-FollowerState
2024-04-21 07:17:34,269 [33d4fa9a-f1b5-45a2-9ce3-43c86fd82df2@group-DB6F9DC5174E-FollowerState] INFO  impl.FollowerState (FollowerState.java:run(152)) - 33d4fa9a-f1b5-45a2-9ce3-43c86fd82df2@group-DB6F9DC5174E-FollowerState was interrupted
2024-04-21 07:17:34,270 [grpc-default-executor-2] INFO  server.RaftServer$Division (RaftServerImpl.java:requestVote(1422)) - 33d4fa9a-f1b5-45a2-9ce3-43c86fd82df2@group-DB6F9DC5174E replies to ELECTION vote request: 9387e6e8-bf6d-4d10-9dc1-f1bd05fc02cf<-33d4fa9a-f1b5-45a2-9ce3-43c86fd82df2#0:OK-t1. Peer's state: 33d4fa9a-f1b5-45a2-9ce3-43c86fd82df2@group-DB6F9DC5174E:t1, leader=null, voted=9387e6e8-bf6d-4d10-9dc1-f1bd05fc02cf, raftlog=Memoized:33d4fa9a-f1b5-45a2-9ce3-43c86fd82df2@group-DB6F9DC5174E-SegmentedRaftLog:OPENED:c-1, conf=-1: peers:[6cf56e53-88cb-4022-bd56-d9b5c4d884ee|10.1.0.102:15138, 9387e6e8-bf6d-4d10-9dc1-f1bd05fc02cf|10.1.0.102:15120, 33d4fa9a-f1b5-45a2-9ce3-43c86fd82df2|10.1.0.102:15129]|listeners:[], old=null
2024-04-21 07:17:34,270 [9387e6e8-bf6d-4d10-9dc1-f1bd05fc02cf@group-DB6F9DC5174E-LeaderElection41] INFO  impl.LeaderElection (LeaderElection.java:logAndReturn(89)) - 9387e6e8-bf6d-4d10-9dc1-f1bd05fc02cf@group-DB6F9DC5174E-LeaderElection41: ELECTION PASSED received 1 response(s) and 1 exception(s):
2024-04-21 07:17:34,270 [9387e6e8-bf6d-4d10-9dc1-f1bd05fc02cf@group-DB6F9DC5174E-LeaderElection41] INFO  impl.LeaderElection (LeaderElection.java:logAndReturn(93)) -   Response 0: 9387e6e8-bf6d-4d10-9dc1-f1bd05fc02cf<-33d4fa9a-f1b5-45a2-9ce3-43c86fd82df2#0:OK-t1
2024-04-21 07:17:34,270 [9387e6e8-bf6d-4d10-9dc1-f1bd05fc02cf@group-DB6F9DC5174E-LeaderElection41] INFO  impl.LeaderElection (LogUtils.java:infoOrTrace(136)) -   Exception 1: java.util.concurrent.ExecutionException: org.apache.ratis.thirdparty.io.grpc.StatusRuntimeException: UNAVAILABLE: io exception
2024-04-21 07:17:34,270 [9387e6e8-bf6d-4d10-9dc1-f1bd05fc02cf@group-DB6F9DC5174E-LeaderElection41] INFO  impl.LeaderElection (LeaderElection.java:askForVotes(323)) - 9387e6e8-bf6d-4d10-9dc1-f1bd05fc02cf@group-DB6F9DC5174E-LeaderElection41 ELECTION round 0: result PASSED
2024-04-21 07:17:34,270 [9387e6e8-bf6d-4d10-9dc1-f1bd05fc02cf@group-DB6F9DC5174E-LeaderElection41] INFO  impl.RoleInfo (RoleInfo.java:shutdownLeaderElection(130)) - 9387e6e8-bf6d-4d10-9dc1-f1bd05fc02cf: shutdown 9387e6e8-bf6d-4d10-9dc1-f1bd05fc02cf@group-DB6F9DC5174E-LeaderElection41
2024-04-21 07:17:34,270 [9387e6e8-bf6d-4d10-9dc1-f1bd05fc02cf@group-DB6F9DC5174E-LeaderElection41] INFO  server.RaftServer$Division (RaftServerImpl.java:setRole(383)) - 9387e6e8-bf6d-4d10-9dc1-f1bd05fc02cf@group-DB6F9DC5174E: changes role from CANDIDATE to LEADER at term 1 for changeToLeader
2024-04-21 07:17:34,270 [9387e6e8-bf6d-4d10-9dc1-f1bd05fc02cf@group-DB6F9DC5174E-LeaderElection41] INFO  server.RaftServerConfigKeys (ConfUtils.java:logGet(46)) - raft.server.staging.catchup.gap = 1000 (default)
2024-04-21 07:17:34,271 [9387e6e8-bf6d-4d10-9dc1-f1bd05fc02cf@group-DB6F9DC5174E-LeaderElection41] INFO  server.RaftServerConfigKeys (ConfUtils.java:logGet(46)) - raft.server.write.element-limit = 1024 (custom)
2024-04-21 07:17:34,271 [9387e6e8-bf6d-4d10-9dc1-f1bd05fc02cf@group-DB6F9DC5174E-LeaderElection41] INFO  server.RaftServerConfigKeys (ConfUtils.java:logGet(46)) - raft.server.write.byte-limit = 1024 M (=1073741824) (custom)
2024-04-21 07:17:34,271 [9387e6e8-bf6d-4d10-9dc1-f1bd05fc02cf@group-DB6F9DC5174E-LeaderElection41] INFO  server.RaftServerConfigKeys (ConfUtils.java:logGet(46)) - raft.server.watch.timeout = 3000ms (custom)
2024-04-21 07:17:34,271 [9387e6e8-bf6d-4d10-9dc1-f1bd05fc02cf@group-DB6F9DC5174E-LeaderElection41] INFO  server.RaftServerConfigKeys (ConfUtils.java:logGet(46)) - raft.server.watch.timeout.denomination = 1s (default)
2024-04-21 07:17:34,271 [9387e6e8-bf6d-4d10-9dc1-f1bd05fc02cf@group-DB6F9DC5174E-LeaderElection41] INFO  server.RaftServerConfigKeys (ConfUtils.java:logGet(46)) - raft.server.watch.element-limit = 65536 (default)
2024-04-21 07:17:34,271 [9387e6e8-bf6d-4d10-9dc1-f1bd05fc02cf@group-DB6F9DC5174E-LeaderElection41] INFO  server.RaftServerConfigKeys (ConfUtils.java:logGet(46)) - raft.server.read.leader.lease.enabled = false (default)
2024-04-21 07:17:34,271 [9387e6e8-bf6d-4d10-9dc1-f1bd05fc02cf@group-DB6F9DC5174E-LeaderElection41] INFO  server.RaftServerConfigKeys (ConfUtils.java:logGet(46)) - raft.server.read.leader.lease.timeout.ratio = 0.9 (default)
2024-04-21 07:17:34,271 [9387e6e8-bf6d-4d10-9dc1-f1bd05fc02cf@group-DB6F9DC5174E-LeaderElection41] INFO  server.RaftServerConfigKeys (ConfUtils.java:logGet(46)) - raft.server.rpc.timeout.min = 5s (custom)
2024-04-21 07:17:34,271 [9387e6e8-bf6d-4d10-9dc1-f1bd05fc02cf@group-DB6F9DC5174E-LeaderElection41] INFO  server.RaftServerConfigKeys (ConfUtils.java:logGet(46)) - raft.server.write.element-limit = 1024 (custom)
2024-04-21 07:17:34,271 [9387e6e8-bf6d-4d10-9dc1-f1bd05fc02cf@group-DB6F9DC5174E-LeaderElection41] INFO  server.RaftServerConfigKeys (ConfUtils.java:logGet(46)) - raft.server.write.follower.gap.ratio.max = -1.0 (default)
2024-04-21 07:17:34,271 [9387e6e8-bf6d-4d10-9dc1-f1bd05fc02cf@group-DB6F9DC5174E-LeaderElection41] INFO  server.RaftServerConfigKeys (ConfUtils.java:logGet(46)) - raft.server.log.appender.snapshot.chunk.size.max = 16MB (=16777216) (default)
2024-04-21 07:17:34,272 [9387e6e8-bf6d-4d10-9dc1-f1bd05fc02cf@group-DB6F9DC5174E-LeaderElection41] INFO  server.RaftServerConfigKeys (ConfUtils.java:logGet(46)) - raft.server.log.appender.buffer.byte-limit = 8388608 (custom)
2024-04-21 07:17:34,272 [9387e6e8-bf6d-4d10-9dc1-f1bd05fc02cf@group-DB6F9DC5174E-LeaderElection41] INFO  server.RaftServerConfigKeys (ConfUtils.java:logGet(46)) - raft.server.log.appender.buffer.element-limit = 1 (custom)
2024-04-21 07:17:34,272 [9387e6e8-bf6d-4d10-9dc1-f1bd05fc02cf@group-DB6F9DC5174E-LeaderElection41] INFO  server.RaftServerConfigKeys (ConfUtils.java:logGet(46)) - raft.server.log.appender.wait-time.min = 0ms (custom)
2024-04-21 07:17:34,272 [9387e6e8-bf6d-4d10-9dc1-f1bd05fc02cf@group-DB6F9DC5174E-LeaderElection41] INFO  grpc.GrpcConfigKeys (ConfUtils.java:logGet(46)) - raft.grpc.server.leader.outstanding.appends.max = 8 (default)
2024-04-21 07:17:34,272 [9387e6e8-bf6d-4d10-9dc1-f1bd05fc02cf@group-DB6F9DC5174E-LeaderElection41] INFO  server.RaftServerConfigKeys (ConfUtils.java:logGet(46)) - raft.server.rpc.request.timeout = 3000ms (default)
2024-04-21 07:17:34,272 [9387e6e8-bf6d-4d10-9dc1-f1bd05fc02cf@group-DB6F9DC5174E-LeaderElection41] INFO  grpc.GrpcConfigKeys (ConfUtils.java:logGet(46)) - raft.grpc.server.install_snapshot.request.element-limit = 8 (default)
2024-04-21 07:17:34,272 [9387e6e8-bf6d-4d10-9dc1-f1bd05fc02cf@group-DB6F9DC5174E-LeaderElection41] INFO  grpc.GrpcConfigKeys (ConfUtils.java:logGet(46)) - raft.grpc.server.install_snapshot.request.timeout = 3000ms (default)
2024-04-21 07:17:34,272 [9387e6e8-bf6d-4d10-9dc1-f1bd05fc02cf@group-DB6F9DC5174E-LeaderElection41] INFO  grpc.GrpcConfigKeys (ConfUtils.java:logGet(46)) - raft.grpc.server.log-message.batch.duration = 5s (default)
2024-04-21 07:17:34,272 [9387e6e8-bf6d-4d10-9dc1-f1bd05fc02cf@group-DB6F9DC5174E-LeaderElection41] INFO  server.RaftServerConfigKeys (ConfUtils.java:logGet(46)) - raft.server.log.appender.install.snapshot.enabled = false (custom)
2024-04-21 07:17:34,272 [9387e6e8-bf6d-4d10-9dc1-f1bd05fc02cf@group-DB6F9DC5174E-LeaderElection41] INFO  grpc.GrpcConfigKeys (ConfUtils.java:logGet(46)) - raft.grpc.server.heartbeat.channel = true (default)
2024-04-21 07:17:34,273 [9387e6e8-bf6d-4d10-9dc1-f1bd05fc02cf@group-DB6F9DC5174E-LeaderElection41] INFO  server.RaftServerConfigKeys (ConfUtils.java:logGet(46)) - raft.server.log.appender.snapshot.chunk.size.max = 16MB (=16777216) (default)
2024-04-21 07:17:34,273 [9387e6e8-bf6d-4d10-9dc1-f1bd05fc02cf@group-DB6F9DC5174E-LeaderElection41] INFO  server.RaftServerConfigKeys (ConfUtils.java:logGet(46)) - raft.server.log.appender.buffer.byte-limit = 8388608 (custom)
2024-04-21 07:17:34,273 [9387e6e8-bf6d-4d10-9dc1-f1bd05fc02cf@group-DB6F9DC5174E-LeaderElection41] INFO  server.RaftServerConfigKeys (ConfUtils.java:logGet(46)) - raft.server.log.appender.buffer.element-limit = 1 (custom)
2024-04-21 07:17:34,273 [9387e6e8-bf6d-4d10-9dc1-f1bd05fc02cf@group-DB6F9DC5174E-LeaderElection41] INFO  server.RaftServerConfigKeys (ConfUtils.java:logGet(46)) - raft.server.log.appender.wait-time.min = 0ms (custom)
2024-04-21 07:17:34,273 [9387e6e8-bf6d-4d10-9dc1-f1bd05fc02cf@group-DB6F9DC5174E-LeaderElection41] INFO  grpc.GrpcConfigKeys (ConfUtils.java:logGet(46)) - raft.grpc.server.leader.outstanding.appends.max = 8 (default)
2024-04-21 07:17:34,273 [9387e6e8-bf6d-4d10-9dc1-f1bd05fc02cf@group-DB6F9DC5174E-LeaderElection41] INFO  server.RaftServerConfigKeys (ConfUtils.java:logGet(46)) - raft.server.rpc.request.timeout = 3000ms (default)
2024-04-21 07:17:34,273 [9387e6e8-bf6d-4d10-9dc1-f1bd05fc02cf@group-DB6F9DC5174E-LeaderElection41] INFO  grpc.GrpcConfigKeys (ConfUtils.java:logGet(46)) - raft.grpc.server.install_snapshot.request.element-limit = 8 (default)
2024-04-21 07:17:34,273 [9387e6e8-bf6d-4d10-9dc1-f1bd05fc02cf@group-DB6F9DC5174E-LeaderElection41] INFO  grpc.GrpcConfigKeys (ConfUtils.java:logGet(46)) - raft.grpc.server.install_snapshot.request.timeout = 3000ms (default)
2024-04-21 07:17:34,273 [9387e6e8-bf6d-4d10-9dc1-f1bd05fc02cf@group-DB6F9DC5174E-LeaderElection41] INFO  grpc.GrpcConfigKeys (ConfUtils.java:logGet(46)) - raft.grpc.server.log-message.batch.duration = 5s (default)
2024-04-21 07:17:34,273 [9387e6e8-bf6d-4d10-9dc1-f1bd05fc02cf@group-DB6F9DC5174E-LeaderElection41] INFO  server.RaftServerConfigKeys (ConfUtils.java:logGet(46)) - raft.server.log.appender.install.snapshot.enabled = false (custom)
2024-04-21 07:17:34,273 [9387e6e8-bf6d-4d10-9dc1-f1bd05fc02cf@group-DB6F9DC5174E-LeaderElection41] INFO  grpc.GrpcConfigKeys (ConfUtils.java:logGet(46)) - raft.grpc.server.heartbeat.channel = true (default)
2024-04-21 07:17:34,273 [9387e6e8-bf6d-4d10-9dc1-f1bd05fc02cf@group-DB6F9DC5174E-LeaderElection41] INFO  impl.RoleInfo (RoleInfo.java:updateAndGet(139)) - 9387e6e8-bf6d-4d10-9dc1-f1bd05fc02cf: start 9387e6e8-bf6d-4d10-9dc1-f1bd05fc02cf@group-DB6F9DC5174E-LeaderStateImpl
2024-04-21 07:17:34,274 [9387e6e8-bf6d-4d10-9dc1-f1bd05fc02cf@group-DB6F9DC5174E-LeaderElection41] INFO  server.RaftServer$Division (RaftServerImpl.java:setFirstElection(574)) - 9387e6e8-bf6d-4d10-9dc1-f1bd05fc02cf@group-DB6F9DC5174E: set firstElectionSinceStartup to false for becomeLeader
2024-04-21 07:17:34,274 [9387e6e8-bf6d-4d10-9dc1-f1bd05fc02cf@group-DB6F9DC5174E-LeaderElection41] INFO  ratis.XceiverServerRatis (XceiverServerRatis.java:handleLeaderChangedNotification(966)) - Leader change notification received for group: group-DB6F9DC5174E with new leaderId: 9387e6e8-bf6d-4d10-9dc1-f1bd05fc02cf
2024-04-21 07:17:34,274 [9387e6e8-bf6d-4d10-9dc1-f1bd05fc02cf@group-DB6F9DC5174E-LeaderElection41] INFO  server.RaftServer$Division (ServerState.java:setLeader(269)) - 9387e6e8-bf6d-4d10-9dc1-f1bd05fc02cf@group-DB6F9DC5174E: change Leader from null to 9387e6e8-bf6d-4d10-9dc1-f1bd05fc02cf at term 1 for becomeLeader, leader elected after 5218ms
2024-04-21 07:17:34,274 [9387e6e8-bf6d-4d10-9dc1-f1bd05fc02cf@group-DB6F9DC5174E-LeaderElection41] INFO  segmented.SegmentedRaftLogWorker (SegmentedRaftLogWorker.java:startLogSegment(430)) - 9387e6e8-bf6d-4d10-9dc1-f1bd05fc02cf@group-DB6F9DC5174E-SegmentedRaftLogWorker: Starting segment from index:0
2024-04-21 07:17:34,275 [9387e6e8-bf6d-4d10-9dc1-f1bd05fc02cf@group-DB6F9DC5174E-SegmentedRaftLogWorker] INFO  segmented.BufferedWriteChannel (BufferedWriteChannel.java:open(62)) - open log_inprogress_0 at position 0
2024-04-21 07:17:34,278 [EventQueue-PipelineReportForPipelineReportHandler] INFO  pipeline.PipelineReportHandler (PipelineReportHandler.java:processPipelineReport(136)) - Opened pipeline PipelineID=a86e7278-1226-4d94-889b-db6f9dc5174e
2024-04-21 07:17:34,279 [9387e6e8-bf6d-4d10-9dc1-f1bd05fc02cf@group-DB6F9DC5174E-LeaderElection41] INFO  server.RaftServer$Division (ServerState.java:setRaftConf(386)) - 9387e6e8-bf6d-4d10-9dc1-f1bd05fc02cf@group-DB6F9DC5174E: set configuration 0: peers:[6cf56e53-88cb-4022-bd56-d9b5c4d884ee|10.1.0.102:15138, 9387e6e8-bf6d-4d10-9dc1-f1bd05fc02cf|10.1.0.102:15120, 33d4fa9a-f1b5-45a2-9ce3-43c86fd82df2|10.1.0.102:15129]|listeners:[], old=null
2024-04-21 07:17:34,279 [grpc-default-executor-2] WARN  server.GrpcLogAppender (LogUtils.java:warn(121)) - 9387e6e8-bf6d-4d10-9dc1-f1bd05fc02cf@group-DB6F9DC5174E->6cf56e53-88cb-4022-bd56-d9b5c4d884ee-AppendLogResponseHandler: Failed appendEntries: org.apache.ratis.thirdparty.io.grpc.StatusRuntimeException: UNAVAILABLE: io exception
2024-04-21 07:17:34,280 [grpc-default-executor-2] WARN  server.GrpcLogAppender (GrpcLogAppender.java:lambda$resetClient$1(217)) - 9387e6e8-bf6d-4d10-9dc1-f1bd05fc02cf@group-DB6F9DC5174E->6cf56e53-88cb-4022-bd56-d9b5c4d884ee-GrpcLogAppender: Follower failed (request=null, errorCount=1); keep nextIndex (0) unchanged and retry.
2024-04-21 07:17:34,281 [9387e6e8-bf6d-4d10-9dc1-f1bd05fc02cf@group-DB6F9DC5174E-SegmentedRaftLogWorker] INFO  segmented.SegmentedRaftLogWorker (SegmentedRaftLogWorker.java:execute(634)) - 9387e6e8-bf6d-4d10-9dc1-f1bd05fc02cf@group-DB6F9DC5174E-SegmentedRaftLogWorker: created new log segment /home/runner/work/ozone/ozone/hadoop-ozone/integration-test/target/test-dir/MiniOzoneClusterImpl-ed39ddd9-82bf-4bf6-8741-acb42c98007c/ozone-meta/datanode-1/ratis/a86e7278-1226-4d94-889b-db6f9dc5174e/current/log_inprogress_0
2024-04-21 07:17:34,287 [33d4fa9a-f1b5-45a2-9ce3-43c86fd82df2-server-thread2] INFO  ratis.XceiverServerRatis (XceiverServerRatis.java:handleLeaderChangedNotification(966)) - Leader change notification received for group: group-DB6F9DC5174E with new leaderId: 9387e6e8-bf6d-4d10-9dc1-f1bd05fc02cf
2024-04-21 07:17:34,287 [33d4fa9a-f1b5-45a2-9ce3-43c86fd82df2-server-thread2] INFO  server.RaftServer$Division (ServerState.java:setLeader(269)) - 33d4fa9a-f1b5-45a2-9ce3-43c86fd82df2@group-DB6F9DC5174E: change Leader from null to 9387e6e8-bf6d-4d10-9dc1-f1bd05fc02cf at term 1 for appendEntries, leader elected after 5243ms
2024-04-21 07:17:34,288 [33d4fa9a-f1b5-45a2-9ce3-43c86fd82df2-server-thread2] INFO  server.RaftServer$Division (ServerState.java:setRaftConf(386)) - 33d4fa9a-f1b5-45a2-9ce3-43c86fd82df2@group-DB6F9DC5174E: set configuration 0: peers:[6cf56e53-88cb-4022-bd56-d9b5c4d884ee|10.1.0.102:15138, 9387e6e8-bf6d-4d10-9dc1-f1bd05fc02cf|10.1.0.102:15120, 33d4fa9a-f1b5-45a2-9ce3-43c86fd82df2|10.1.0.102:15129]|listeners:[], old=null
2024-04-21 07:17:34,289 [33d4fa9a-f1b5-45a2-9ce3-43c86fd82df2-server-thread2] INFO  segmented.SegmentedRaftLogWorker (SegmentedRaftLogWorker.java:startLogSegment(430)) - 33d4fa9a-f1b5-45a2-9ce3-43c86fd82df2@group-DB6F9DC5174E-SegmentedRaftLogWorker: Starting segment from index:0
2024-04-21 07:17:34,289 [33d4fa9a-f1b5-45a2-9ce3-43c86fd82df2@group-DB6F9DC5174E-SegmentedRaftLogWorker] INFO  segmented.BufferedWriteChannel (BufferedWriteChannel.java:open(62)) - open log_inprogress_0 at position 0
2024-04-21 07:17:34,296 [33d4fa9a-f1b5-45a2-9ce3-43c86fd82df2@group-DB6F9DC5174E-SegmentedRaftLogWorker] INFO  segmented.SegmentedRaftLogWorker (SegmentedRaftLogWorker.java:execute(634)) - 33d4fa9a-f1b5-45a2-9ce3-43c86fd82df2@group-DB6F9DC5174E-SegmentedRaftLogWorker: created new log segment /home/runner/work/ozone/ozone/hadoop-ozone/integration-test/target/test-dir/MiniOzoneClusterImpl-ed39ddd9-82bf-4bf6-8741-acb42c98007c/ozone-meta/datanode-2/ratis/a86e7278-1226-4d94-889b-db6f9dc5174e/current/log_inprogress_0
2024-04-21 07:17:34,299 [9387e6e8-bf6d-4d10-9dc1-f1bd05fc02cf@group-DB6F9DC5174E-StateMachineUpdater] INFO  server.RaftServer$Division (LeaderStateImpl.java:isApplied(320)) - leader is ready since appliedIndex == 0 >= startIndex == 0
2024-04-21 07:17:34,334 [80370d78-c36f-4d75-b7cb-6753407b0dff@group-9A8D2995D9A7-FollowerState] INFO  impl.FollowerState (FollowerState.java:run(143)) - 80370d78-c36f-4d75-b7cb-6753407b0dff@group-9A8D2995D9A7-FollowerState: change to CANDIDATE, lastRpcElapsedTime:5200222936ns, electionTimeout:5199ms
2024-04-21 07:17:34,334 [80370d78-c36f-4d75-b7cb-6753407b0dff@group-9A8D2995D9A7-FollowerState] INFO  impl.RoleInfo (RoleInfo.java:shutdownFollowerState(110)) - 80370d78-c36f-4d75-b7cb-6753407b0dff: shutdown 80370d78-c36f-4d75-b7cb-6753407b0dff@group-9A8D2995D9A7-FollowerState
2024-04-21 07:17:34,334 [80370d78-c36f-4d75-b7cb-6753407b0dff@group-9A8D2995D9A7-FollowerState] INFO  server.RaftServer$Division (RaftServerImpl.java:setRole(383)) - 80370d78-c36f-4d75-b7cb-6753407b0dff@group-9A8D2995D9A7: changes role from  FOLLOWER to CANDIDATE at term 0 for changeToCandidate
2024-04-21 07:17:34,335 [80370d78-c36f-4d75-b7cb-6753407b0dff@group-9A8D2995D9A7-FollowerState] INFO  server.RaftServerConfigKeys (ConfUtils.java:logGet(46)) - raft.server.leaderelection.pre-vote = true (default)
2024-04-21 07:17:34,335 [80370d78-c36f-4d75-b7cb-6753407b0dff@group-9A8D2995D9A7-FollowerState] INFO  impl.RoleInfo (RoleInfo.java:updateAndGet(139)) - 80370d78-c36f-4d75-b7cb-6753407b0dff: start 80370d78-c36f-4d75-b7cb-6753407b0dff@group-9A8D2995D9A7-LeaderElection42
2024-04-21 07:17:34,336 [80370d78-c36f-4d75-b7cb-6753407b0dff@group-9A8D2995D9A7-LeaderElection42] INFO  impl.LeaderElection (LeaderElection.java:askForVotes(321)) - 80370d78-c36f-4d75-b7cb-6753407b0dff@group-9A8D2995D9A7-LeaderElection42 PRE_VOTE round 0: submit vote requests at term 0 for -1: peers:[80370d78-c36f-4d75-b7cb-6753407b0dff|10.1.0.102:15156]|listeners:[], old=null
2024-04-21 07:17:34,336 [80370d78-c36f-4d75-b7cb-6753407b0dff@group-9A8D2995D9A7-LeaderElection42] INFO  impl.LeaderElection (LeaderElection.java:askForVotes(323)) - 80370d78-c36f-4d75-b7cb-6753407b0dff@group-9A8D2995D9A7-LeaderElection42 PRE_VOTE round 0: result PASSED (term=0)
2024-04-21 07:17:34,337 [80370d78-c36f-4d75-b7cb-6753407b0dff@group-9A8D2995D9A7-LeaderElection42] INFO  impl.LeaderElection (LeaderElection.java:askForVotes(321)) - 80370d78-c36f-4d75-b7cb-6753407b0dff@group-9A8D2995D9A7-LeaderElection42 ELECTION round 0: submit vote requests at term 1 for -1: peers:[80370d78-c36f-4d75-b7cb-6753407b0dff|10.1.0.102:15156]|listeners:[], old=null
2024-04-21 07:17:34,337 [80370d78-c36f-4d75-b7cb-6753407b0dff@group-9A8D2995D9A7-LeaderElection42] INFO  impl.LeaderElection (LeaderElection.java:askForVotes(323)) - 80370d78-c36f-4d75-b7cb-6753407b0dff@group-9A8D2995D9A7-LeaderElection42 ELECTION round 0: result PASSED (term=1)
2024-04-21 07:17:34,337 [80370d78-c36f-4d75-b7cb-6753407b0dff@group-9A8D2995D9A7-LeaderElection42] INFO  impl.RoleInfo (RoleInfo.java:shutdownLeaderElection(130)) - 80370d78-c36f-4d75-b7cb-6753407b0dff: shutdown 80370d78-c36f-4d75-b7cb-6753407b0dff@group-9A8D2995D9A7-LeaderElection42
2024-04-21 07:17:34,337 [80370d78-c36f-4d75-b7cb-6753407b0dff@group-9A8D2995D9A7-LeaderElection42] INFO  server.RaftServer$Division (RaftServerImpl.java:setRole(383)) - 80370d78-c36f-4d75-b7cb-6753407b0dff@group-9A8D2995D9A7: changes role from CANDIDATE to LEADER at term 1 for changeToLeader
2024-04-21 07:17:34,337 [80370d78-c36f-4d75-b7cb-6753407b0dff@group-9A8D2995D9A7-LeaderElection42] INFO  server.RaftServerConfigKeys (ConfUtils.java:logGet(46)) - raft.server.staging.catchup.gap = 1000 (default)
2024-04-21 07:17:34,337 [80370d78-c36f-4d75-b7cb-6753407b0dff@group-9A8D2995D9A7-LeaderElection42] INFO  server.RaftServerConfigKeys (ConfUtils.java:logGet(46)) - raft.server.write.element-limit = 1024 (custom)
2024-04-21 07:17:34,337 [80370d78-c36f-4d75-b7cb-6753407b0dff@group-9A8D2995D9A7-LeaderElection42] INFO  server.RaftServerConfigKeys (ConfUtils.java:logGet(46)) - raft.server.write.byte-limit = 1024 M (=1073741824) (custom)
2024-04-21 07:17:34,337 [80370d78-c36f-4d75-b7cb-6753407b0dff@group-9A8D2995D9A7-LeaderElection42] INFO  server.RaftServerConfigKeys (ConfUtils.java:logGet(46)) - raft.server.watch.timeout = 3000ms (custom)
2024-04-21 07:17:34,337 [80370d78-c36f-4d75-b7cb-6753407b0dff@group-9A8D2995D9A7-LeaderElection42] INFO  server.RaftServerConfigKeys (ConfUtils.java:logGet(46)) - raft.server.watch.timeout.denomination = 1s (default)
2024-04-21 07:17:34,338 [80370d78-c36f-4d75-b7cb-6753407b0dff@group-9A8D2995D9A7-LeaderElection42] INFO  server.RaftServerConfigKeys (ConfUtils.java:logGet(46)) - raft.server.watch.element-limit = 65536 (default)
2024-04-21 07:17:34,338 [80370d78-c36f-4d75-b7cb-6753407b0dff@group-9A8D2995D9A7-LeaderElection42] INFO  server.RaftServerConfigKeys (ConfUtils.java:logGet(46)) - raft.server.read.leader.lease.enabled = false (default)
2024-04-21 07:17:34,338 [80370d78-c36f-4d75-b7cb-6753407b0dff@group-9A8D2995D9A7-LeaderElection42] INFO  server.RaftServerConfigKeys (ConfUtils.java:logGet(46)) - raft.server.read.leader.lease.timeout.ratio = 0.9 (default)
2024-04-21 07:17:34,338 [80370d78-c36f-4d75-b7cb-6753407b0dff@group-9A8D2995D9A7-LeaderElection42] INFO  server.RaftServerConfigKeys (ConfUtils.java:logGet(46)) - raft.server.rpc.timeout.min = 5s (custom)
2024-04-21 07:17:34,338 [80370d78-c36f-4d75-b7cb-6753407b0dff@group-9A8D2995D9A7-LeaderElection42] INFO  server.RaftServerConfigKeys (ConfUtils.java:logGet(46)) - raft.server.write.element-limit = 1024 (custom)
2024-04-21 07:17:34,338 [80370d78-c36f-4d75-b7cb-6753407b0dff@group-9A8D2995D9A7-LeaderElection42] INFO  server.RaftServerConfigKeys (ConfUtils.java:logGet(46)) - raft.server.write.follower.gap.ratio.max = -1.0 (default)
2024-04-21 07:17:34,338 [80370d78-c36f-4d75-b7cb-6753407b0dff@group-9A8D2995D9A7-LeaderElection42] INFO  impl.RoleInfo (RoleInfo.java:updateAndGet(139)) - 80370d78-c36f-4d75-b7cb-6753407b0dff: start 80370d78-c36f-4d75-b7cb-6753407b0dff@group-9A8D2995D9A7-LeaderStateImpl
2024-04-21 07:17:34,338 [80370d78-c36f-4d75-b7cb-6753407b0dff@group-9A8D2995D9A7-LeaderElection42] INFO  server.RaftServer$Division (RaftServerImpl.java:setFirstElection(574)) - 80370d78-c36f-4d75-b7cb-6753407b0dff@group-9A8D2995D9A7: set firstElectionSinceStartup to false for becomeLeader
2024-04-21 07:17:34,338 [80370d78-c36f-4d75-b7cb-6753407b0dff@group-9A8D2995D9A7-LeaderElection42] INFO  ratis.XceiverServerRatis (XceiverServerRatis.java:handleLeaderChangedNotification(966)) - Leader change notification received for group: group-9A8D2995D9A7 with new leaderId: 80370d78-c36f-4d75-b7cb-6753407b0dff
2024-04-21 07:17:34,338 [80370d78-c36f-4d75-b7cb-6753407b0dff@group-9A8D2995D9A7-LeaderElection42] INFO  server.RaftServer$Division (ServerState.java:setLeader(269)) - 80370d78-c36f-4d75-b7cb-6753407b0dff@group-9A8D2995D9A7: change Leader from null to 80370d78-c36f-4d75-b7cb-6753407b0dff at term 1 for becomeLeader, leader elected after 5215ms
2024-04-21 07:17:34,338 [80370d78-c36f-4d75-b7cb-6753407b0dff@group-9A8D2995D9A7-LeaderElection42] INFO  segmented.SegmentedRaftLogWorker (SegmentedRaftLogWorker.java:startLogSegment(430)) - 80370d78-c36f-4d75-b7cb-6753407b0dff@group-9A8D2995D9A7-SegmentedRaftLogWorker: Starting segment from index:0
2024-04-21 07:17:34,339 [80370d78-c36f-4d75-b7cb-6753407b0dff@group-9A8D2995D9A7-SegmentedRaftLogWorker] INFO  segmented.BufferedWriteChannel (BufferedWriteChannel.java:open(62)) - open log_inprogress_0 at position 0
2024-04-21 07:17:34,342 [80370d78-c36f-4d75-b7cb-6753407b0dff@group-9A8D2995D9A7-LeaderElection42] INFO  server.RaftServer$Division (ServerState.java:setRaftConf(386)) - 80370d78-c36f-4d75-b7cb-6753407b0dff@group-9A8D2995D9A7: set configuration 0: peers:[80370d78-c36f-4d75-b7cb-6753407b0dff|10.1.0.102:15156]|listeners:[], old=null
2024-04-21 07:17:34,346 [80370d78-c36f-4d75-b7cb-6753407b0dff@group-9A8D2995D9A7-SegmentedRaftLogWorker] INFO  segmented.SegmentedRaftLogWorker (SegmentedRaftLogWorker.java:execute(634)) - 80370d78-c36f-4d75-b7cb-6753407b0dff@group-9A8D2995D9A7-SegmentedRaftLogWorker: created new log segment /home/runner/work/ozone/ozone/hadoop-ozone/integration-test/target/test-dir/MiniOzoneClusterImpl-ed39ddd9-82bf-4bf6-8741-acb42c98007c/ozone-meta/datanode-5/ratis/3a57b055-28e0-4292-8aab-9a8d2995d9a7/current/log_inprogress_0
2024-04-21 07:17:34,347 [80370d78-c36f-4d75-b7cb-6753407b0dff@group-9A8D2995D9A7-StateMachineUpdater] INFO  server.RaftServer$Division (LeaderStateImpl.java:isApplied(320)) - leader is ready since appliedIndex == 0 >= startIndex == 0
2024-04-21 07:17:35,014 [6cf56e53-88cb-4022-bd56-d9b5c4d884ee-impl-thread2] INFO  segmented.SegmentedRaftLogWorker (SegmentedRaftLogWorker.java:close(245)) - 6cf56e53-88cb-4022-bd56-d9b5c4d884ee@group-9461FA60FDFB-SegmentedRaftLogWorker close()
2024-04-21 07:17:35,078 [6cf56e53-88cb-4022-bd56-d9b5c4d884ee-impl-thread4] INFO  segmented.SegmentedRaftLogWorker (SegmentedRaftLogWorker.java:close(245)) - 6cf56e53-88cb-4022-bd56-d9b5c4d884ee@group-DB6F9DC5174E-SegmentedRaftLogWorker close()
2024-04-21 07:17:35,194 [6cf56e53-88cb-4022-bd56-d9b5c4d884ee-impl-thread3] INFO  segmented.SegmentedRaftLogWorker (SegmentedRaftLogWorker.java:close(245)) - 6cf56e53-88cb-4022-bd56-d9b5c4d884ee@group-5E161AF68217-SegmentedRaftLogWorker close()
2024-04-21 07:17:37,186 [EventQueue-StaleNodeForStaleNodeHandler] INFO  node.StaleNodeHandler (StaleNodeHandler.java:onMessage(57)) - Datanode 6cf56e53-88cb-4022-bd56-d9b5c4d884ee(fv-az1428-63/10.1.0.102) moved to stale state. Finalizing its pipelines [PipelineID=0ea19662-297e-47e6-b59a-85f3280a5d9a, PipelineID=c4b7aa47-080c-4de3-8911-9461fa60fdfb, PipelineID=92642223-ead3-4aef-b8a5-5e161af68217, PipelineID=a86e7278-1226-4d94-889b-db6f9dc5174e]
2024-04-21 07:17:37,187 [EventQueue-StaleNodeForStaleNodeHandler] INFO  pipeline.PipelineManagerImpl (PipelineManagerImpl.java:closePipeline(518)) - Pipeline PipelineID=0ea19662-297e-47e6-b59a-85f3280a5d9a moved to CLOSED state
2024-04-21 07:17:37,188 [EventQueue-StaleNodeForStaleNodeHandler] INFO  pipeline.PipelineManagerImpl (PipelineManagerImpl.java:closePipeline(518)) - Pipeline PipelineID=c4b7aa47-080c-4de3-8911-9461fa60fdfb moved to CLOSED state
2024-04-21 07:17:37,188 [EventQueue-StaleNodeForStaleNodeHandler] INFO  pipeline.PipelineManagerImpl (PipelineManagerImpl.java:closeContainersForPipeline(484)) - Container #1 closed for pipeline=PipelineID=92642223-ead3-4aef-b8a5-5e161af68217
2024-04-21 07:17:37,188 [EventQueue-CloseContainerForCloseContainerEventHandler] INFO  container.CloseContainerEventHandler (CloseContainerEventHandler.java:onMessage(88)) - Close container Event triggered for container : #1, current state: CLOSING
2024-04-21 07:17:37,188 [EventQueue-StaleNodeForStaleNodeHandler] INFO  pipeline.PipelineManagerImpl (PipelineManagerImpl.java:closePipeline(518)) - Pipeline PipelineID=92642223-ead3-4aef-b8a5-5e161af68217 moved to CLOSED state
2024-04-21 07:17:37,189 [EventQueue-StaleNodeForStaleNodeHandler] INFO  pipeline.PipelineManagerImpl (PipelineManagerImpl.java:closePipeline(518)) - Pipeline PipelineID=a86e7278-1226-4d94-889b-db6f9dc5174e moved to CLOSED state
2024-04-21 07:17:39,245 [timer6] WARN  server.GrpcLogAppender (LogUtils.java:warn(121)) - 33d4fa9a-f1b5-45a2-9ce3-43c86fd82df2@group-9461FA60FDFB->6cf56e53-88cb-4022-bd56-d9b5c4d884ee-AppendLogResponseHandler: Failed appendEntries (Repeated 8 times in the last 5.000s): org.apache.ratis.thirdparty.io.grpc.StatusRuntimeException: UNAVAILABLE: io exception
2024-04-21 07:17:39,245 [timer7] WARN  server.GrpcLogAppender (GrpcLogAppender.java:lambda$resetClient$1(217)) - 33d4fa9a-f1b5-45a2-9ce3-43c86fd82df2@group-9461FA60FDFB->6cf56e53-88cb-4022-bd56-d9b5c4d884ee-GrpcLogAppender: Follower failed (request=null, errorCount=8); keep nextIndex (1) unchanged and retry. (Repeated 17 times in the last 5.000s)
2024-04-21 07:17:39,279 [timer0] WARN  server.GrpcLogAppender (LogUtils.java:warn(121)) - 9387e6e8-bf6d-4d10-9dc1-f1bd05fc02cf@group-DB6F9DC5174E->6cf56e53-88cb-4022-bd56-d9b5c4d884ee-AppendLogResponseHandler: Failed appendEntries (Repeated 10 times in the last 5.000s): org.apache.ratis.thirdparty.io.grpc.StatusRuntimeException: UNAVAILABLE: io exception
2024-04-21 07:17:39,287 [grpc-default-executor-1] WARN  server.GrpcLogAppender (LogUtils.java:warn(121)) - 9387e6e8-bf6d-4d10-9dc1-f1bd05fc02cf@group-DB6F9DC5174E->6cf56e53-88cb-4022-bd56-d9b5c4d884ee-AppendLogResponseHandler: Failed appendEntries: org.apache.ratis.thirdparty.io.grpc.StatusRuntimeException: UNAVAILABLE: io exception
2024-04-21 07:17:39,288 [grpc-default-executor-4] WARN  server.GrpcLogAppender (GrpcLogAppender.java:lambda$resetClient$1(217)) - 9387e6e8-bf6d-4d10-9dc1-f1bd05fc02cf@group-DB6F9DC5174E->6cf56e53-88cb-4022-bd56-d9b5c4d884ee-GrpcLogAppender: Follower failed (request=null, errorCount=11); keep nextIndex (1) unchanged and retry.
2024-04-21 07:17:40,189 [EventQueue-DeadNodeForDeadNodeHandler] INFO  node.DeadNodeHandler (DeadNodeHandler.java:onMessage(95)) - A dead datanode is detected. 6cf56e53-88cb-4022-bd56-d9b5c4d884ee(fv-az1428-63/10.1.0.102)
2024-04-21 07:17:40,189 [EventQueue-DeadNodeForDeadNodeHandler] INFO  pipeline.RatisPipelineProvider (RatisPipelineProvider.java:lambda$close$4(270)) - Send pipeline:PipelineID=0ea19662-297e-47e6-b59a-85f3280a5d9a close command to datanode 33d4fa9a-f1b5-45a2-9ce3-43c86fd82df2
2024-04-21 07:17:40,190 [EventQueue-DeadNodeForDeadNodeHandler] INFO  pipeline.RatisPipelineProvider (RatisPipelineProvider.java:lambda$close$4(270)) - Send pipeline:PipelineID=0ea19662-297e-47e6-b59a-85f3280a5d9a close command to datanode 9387e6e8-bf6d-4d10-9dc1-f1bd05fc02cf
2024-04-21 07:17:40,190 [EventQueue-DeadNodeForDeadNodeHandler] INFO  pipeline.RatisPipelineProvider (RatisPipelineProvider.java:lambda$close$4(270)) - Send pipeline:PipelineID=0ea19662-297e-47e6-b59a-85f3280a5d9a close command to datanode 6cf56e53-88cb-4022-bd56-d9b5c4d884ee
2024-04-21 07:17:40,190 [EventQueue-DeadNodeForDeadNodeHandler] INFO  pipeline.PipelineManagerImpl (PipelineManagerImpl.java:removePipeline(459)) - Pipeline Pipeline[ Id: 0ea19662-297e-47e6-b59a-85f3280a5d9a, Nodes: 33d4fa9a-f1b5-45a2-9ce3-43c86fd82df2(fv-az1428-63/10.1.0.102)9387e6e8-bf6d-4d10-9dc1-f1bd05fc02cf(fv-az1428-63/10.1.0.102)6cf56e53-88cb-4022-bd56-d9b5c4d884ee(fv-az1428-63/10.1.0.102), ReplicationConfig: RATIS/THREE, State:CLOSED, leaderId:, CreationTimestamp2024-04-21T07:17:25.950Z[Etc/UTC]] removed.
2024-04-21 07:17:40,190 [EventQueue-DeadNodeForDeadNodeHandler] INFO  pipeline.RatisPipelineProvider (RatisPipelineProvider.java:lambda$close$4(270)) - Send pipeline:PipelineID=c4b7aa47-080c-4de3-8911-9461fa60fdfb close command to datanode 33d4fa9a-f1b5-45a2-9ce3-43c86fd82df2
2024-04-21 07:17:40,190 [EventQueue-DeadNodeForDeadNodeHandler] INFO  pipeline.RatisPipelineProvider (RatisPipelineProvider.java:lambda$close$4(270)) - Send pipeline:PipelineID=c4b7aa47-080c-4de3-8911-9461fa60fdfb close command to datanode 9387e6e8-bf6d-4d10-9dc1-f1bd05fc02cf
2024-04-21 07:17:40,190 [EventQueue-DeadNodeForDeadNodeHandler] INFO  pipeline.RatisPipelineProvider (RatisPipelineProvider.java:lambda$close$4(270)) - Send pipeline:PipelineID=c4b7aa47-080c-4de3-8911-9461fa60fdfb close command to datanode 6cf56e53-88cb-4022-bd56-d9b5c4d884ee
2024-04-21 07:17:40,191 [EventQueue-DeadNodeForDeadNodeHandler] INFO  pipeline.PipelineManagerImpl (PipelineManagerImpl.java:removePipeline(459)) - Pipeline Pipeline[ Id: c4b7aa47-080c-4de3-8911-9461fa60fdfb, Nodes: 33d4fa9a-f1b5-45a2-9ce3-43c86fd82df2(fv-az1428-63/10.1.0.102)9387e6e8-bf6d-4d10-9dc1-f1bd05fc02cf(fv-az1428-63/10.1.0.102)6cf56e53-88cb-4022-bd56-d9b5c4d884ee(fv-az1428-63/10.1.0.102), ReplicationConfig: RATIS/THREE, State:CLOSED, leaderId:33d4fa9a-f1b5-45a2-9ce3-43c86fd82df2, CreationTimestamp2024-04-21T07:17:25.948Z[Etc/UTC]] removed.
2024-04-21 07:17:40,191 [EventQueue-DeadNodeForDeadNodeHandler] INFO  pipeline.RatisPipelineProvider (RatisPipelineProvider.java:lambda$close$4(270)) - Send pipeline:PipelineID=92642223-ead3-4aef-b8a5-5e161af68217 close command to datanode 6cf56e53-88cb-4022-bd56-d9b5c4d884ee
2024-04-21 07:17:40,191 [EventQueue-DeadNodeForDeadNodeHandler] INFO  pipeline.PipelineManagerImpl (PipelineManagerImpl.java:removePipeline(459)) - Pipeline Pipeline[ Id: 92642223-ead3-4aef-b8a5-5e161af68217, Nodes: 6cf56e53-88cb-4022-bd56-d9b5c4d884ee(fv-az1428-63/10.1.0.102), ReplicationConfig: RATIS/ONE, State:CLOSED, leaderId:6cf56e53-88cb-4022-bd56-d9b5c4d884ee, CreationTimestamp2024-04-21T07:17:25.947Z[Etc/UTC]] removed.
2024-04-21 07:17:40,191 [EventQueue-DeadNodeForDeadNodeHandler] INFO  pipeline.RatisPipelineProvider (RatisPipelineProvider.java:lambda$close$4(270)) - Send pipeline:PipelineID=a86e7278-1226-4d94-889b-db6f9dc5174e close command to datanode 6cf56e53-88cb-4022-bd56-d9b5c4d884ee
2024-04-21 07:17:40,191 [EventQueue-DeadNodeForDeadNodeHandler] INFO  pipeline.RatisPipelineProvider (RatisPipelineProvider.java:lambda$close$4(270)) - Send pipeline:PipelineID=a86e7278-1226-4d94-889b-db6f9dc5174e close command to datanode 9387e6e8-bf6d-4d10-9dc1-f1bd05fc02cf
2024-04-21 07:17:40,191 [EventQueue-DeadNodeForDeadNodeHandler] INFO  pipeline.RatisPipelineProvider (RatisPipelineProvider.java:lambda$close$4(270)) - Send pipeline:PipelineID=a86e7278-1226-4d94-889b-db6f9dc5174e close command to datanode 33d4fa9a-f1b5-45a2-9ce3-43c86fd82df2
2024-04-21 07:17:40,191 [EventQueue-DeadNodeForDeadNodeHandler] INFO  pipeline.PipelineManagerImpl (PipelineManagerImpl.java:removePipeline(459)) - Pipeline Pipeline[ Id: a86e7278-1226-4d94-889b-db6f9dc5174e, Nodes: 6cf56e53-88cb-4022-bd56-d9b5c4d884ee(fv-az1428-63/10.1.0.102)9387e6e8-bf6d-4d10-9dc1-f1bd05fc02cf(fv-az1428-63/10.1.0.102)33d4fa9a-f1b5-45a2-9ce3-43c86fd82df2(fv-az1428-63/10.1.0.102), ReplicationConfig: RATIS/THREE, State:CLOSED, leaderId:9387e6e8-bf6d-4d10-9dc1-f1bd05fc02cf, CreationTimestamp2024-04-21T07:17:25.951Z[Etc/UTC]] removed.
2024-04-21 07:17:40,191 [EventQueue-DeadNodeForDeadNodeHandler] INFO  node.DeadNodeHandler (DeadNodeHandler.java:onMessage(108)) - Clearing command queue of size 2 for DN 6cf56e53-88cb-4022-bd56-d9b5c4d884ee(fv-az1428-63/10.1.0.102)
2024-04-21 07:17:40,192 [EventQueue-DeadNodeForDeadNodeHandler] INFO  net.NetworkTopologyImpl (NetworkTopologyImpl.java:remove(212)) - Removed a node: /default-rack/6cf56e53-88cb-4022-bd56-d9b5c4d884ee
2024-04-21 07:17:40,272 [grpc-default-executor-1] WARN  server.GrpcLogAppender (LogUtils.java:warn(121)) - 33d4fa9a-f1b5-45a2-9ce3-43c86fd82df2@group-9461FA60FDFB->6cf56e53-88cb-4022-bd56-d9b5c4d884ee-AppendLogResponseHandler: Failed appendEntries: org.apache.ratis.thirdparty.io.grpc.StatusRuntimeException: UNAVAILABLE: io exception
2024-04-21 07:17:41,273 [9387e6e8-bf6d-4d10-9dc1-f1bd05fc02cf-PipelineCommandHandlerThread-0] INFO  server.RaftServer (RaftServerProxy.java:remove(111)) - 9387e6e8-bf6d-4d10-9dc1-f1bd05fc02cf: remove  FOLLOWER 9387e6e8-bf6d-4d10-9dc1-f1bd05fc02cf@group-85F3280A5D9A:t1, leader=null, voted=6cf56e53-88cb-4022-bd56-d9b5c4d884ee, raftlog=Memoized:9387e6e8-bf6d-4d10-9dc1-f1bd05fc02cf@group-85F3280A5D9A-SegmentedRaftLog:OPENED:c-1, conf=-1: peers:[6cf56e53-88cb-4022-bd56-d9b5c4d884ee|10.1.0.102:15138, 9387e6e8-bf6d-4d10-9dc1-f1bd05fc02cf|10.1.0.102:15120, 33d4fa9a-f1b5-45a2-9ce3-43c86fd82df2|10.1.0.102:15129]|listeners:[], old=null RUNNING
2024-04-21 07:17:41,273 [9387e6e8-bf6d-4d10-9dc1-f1bd05fc02cf-PipelineCommandHandlerThread-0] INFO  server.RaftServer$Division (RaftServerImpl.java:lambda$close$3(526)) - 9387e6e8-bf6d-4d10-9dc1-f1bd05fc02cf@group-85F3280A5D9A: shutdown
2024-04-21 07:17:41,273 [9387e6e8-bf6d-4d10-9dc1-f1bd05fc02cf-PipelineCommandHandlerThread-0] INFO  util.JmxRegister (JmxRegister.java:unregister(73)) - Successfully un-registered JMX Bean with object name Ratis:service=RaftServer,group=group-85F3280A5D9A,id=9387e6e8-bf6d-4d10-9dc1-f1bd05fc02cf
2024-04-21 07:17:41,273 [9387e6e8-bf6d-4d10-9dc1-f1bd05fc02cf-PipelineCommandHandlerThread-0] INFO  impl.RoleInfo (RoleInfo.java:shutdownFollowerState(110)) - 9387e6e8-bf6d-4d10-9dc1-f1bd05fc02cf: shutdown 9387e6e8-bf6d-4d10-9dc1-f1bd05fc02cf@group-85F3280A5D9A-FollowerState
2024-04-21 07:17:41,274 [9387e6e8-bf6d-4d10-9dc1-f1bd05fc02cf-PipelineCommandHandlerThread-0] INFO  impl.StateMachineUpdater (StateMachineUpdater.java:stopAndJoin(157)) - 9387e6e8-bf6d-4d10-9dc1-f1bd05fc02cf@group-85F3280A5D9A-StateMachineUpdater: set stopIndex = -1
2024-04-21 07:17:41,274 [9387e6e8-bf6d-4d10-9dc1-f1bd05fc02cf@group-85F3280A5D9A-FollowerState] INFO  impl.FollowerState (FollowerState.java:run(152)) - 9387e6e8-bf6d-4d10-9dc1-f1bd05fc02cf@group-85F3280A5D9A-FollowerState was interrupted
2024-04-21 07:17:41,274 [9387e6e8-bf6d-4d10-9dc1-f1bd05fc02cf-PipelineCommandHandlerThread-0] INFO  server.RaftServer$Division (ServerState.java:close(427)) - 9387e6e8-bf6d-4d10-9dc1-f1bd05fc02cf@group-85F3280A5D9A: applyIndex: -1
2024-04-21 07:17:41,274 [9387e6e8-bf6d-4d10-9dc1-f1bd05fc02cf@group-85F3280A5D9A-cacheEviction-AwaitToRun] INFO  util.AwaitToRun (AwaitToRun.java:run(49)) - 9387e6e8-bf6d-4d10-9dc1-f1bd05fc02cf@group-85F3280A5D9A-cacheEviction-AwaitToRun-AwaitForSignal is interrupted
2024-04-21 07:17:41,907 [9387e6e8-bf6d-4d10-9dc1-f1bd05fc02cf-PipelineCommandHandlerThread-0] INFO  segmented.SegmentedRaftLogWorker (SegmentedRaftLogWorker.java:close(245)) - 9387e6e8-bf6d-4d10-9dc1-f1bd05fc02cf@group-85F3280A5D9A-SegmentedRaftLogWorker close()
2024-04-21 07:17:41,909 [9387e6e8-bf6d-4d10-9dc1-f1bd05fc02cf-PipelineCommandHandlerThread-0] INFO  server.RaftServer$Division (RaftServerImpl.java:groupRemove(496)) - 9387e6e8-bf6d-4d10-9dc1-f1bd05fc02cf@group-85F3280A5D9A: Succeed to remove RaftStorageDirectory Storage Directory /home/runner/work/ozone/ozone/hadoop-ozone/integration-test/target/test-dir/MiniOzoneClusterImpl-ed39ddd9-82bf-4bf6-8741-acb42c98007c/ozone-meta/datanode-1/ratis/0ea19662-297e-47e6-b59a-85f3280a5d9a
2024-04-21 07:17:41,910 [9387e6e8-bf6d-4d10-9dc1-f1bd05fc02cf-PipelineCommandHandlerThread-0] ERROR commandhandler.ClosePipelineCommandHandler (ClosePipelineCommandHandler.java:lambda$handle$2(137)) - Can't close pipeline PipelineID=0ea19662-297e-47e6-b59a-85f3280a5d9a
org.apache.ratis.protocol.exceptions.GroupMismatchException: 9387e6e8-bf6d-4d10-9dc1-f1bd05fc02cf: group-85F3280A5D9A not found.
	at org.apache.ratis.server.impl.RaftServerProxy$ImplMap.get(RaftServerProxy.java:154)
	at org.apache.ratis.server.impl.RaftServerProxy.getImplFuture(RaftServerProxy.java:364)
	at org.apache.ratis.server.impl.RaftServerProxy.getImpl(RaftServerProxy.java:373)
	at org.apache.ratis.server.impl.RaftServerProxy.getDivision(RaftServerProxy.java:386)
	at org.apache.hadoop.ozone.container.common.transport.server.ratis.XceiverServerRatis.getRaftPeersInPipeline(XceiverServerRatis.java:951)
	at org.apache.hadoop.ozone.container.common.statemachine.commandhandler.ClosePipelineCommandHandler.lambda$handle$2(ClosePipelineCommandHandler.java:114)
	at java.util.concurrent.CompletableFuture$AsyncRun.run(CompletableFuture.java:1640)
	at java.util.concurrent.ThreadPoolExecutor.runWorker(ThreadPoolExecutor.java:1149)
	at java.util.concurrent.ThreadPoolExecutor$Worker.run(ThreadPoolExecutor.java:624)
	at java.lang.Thread.run(Thread.java:750)
2024-04-21 07:17:41,910 [9387e6e8-bf6d-4d10-9dc1-f1bd05fc02cf-PipelineCommandHandlerThread-0] INFO  server.RaftServer (RaftServerProxy.java:remove(111)) - 9387e6e8-bf6d-4d10-9dc1-f1bd05fc02cf: remove  FOLLOWER 9387e6e8-bf6d-4d10-9dc1-f1bd05fc02cf@group-9461FA60FDFB:t1, leader=33d4fa9a-f1b5-45a2-9ce3-43c86fd82df2, voted=33d4fa9a-f1b5-45a2-9ce3-43c86fd82df2, raftlog=Memoized:9387e6e8-bf6d-4d10-9dc1-f1bd05fc02cf@group-9461FA60FDFB-SegmentedRaftLog:OPENED:c0, conf=0: peers:[6cf56e53-88cb-4022-bd56-d9b5c4d884ee|10.1.0.102:15138, 9387e6e8-bf6d-4d10-9dc1-f1bd05fc02cf|10.1.0.102:15120, 33d4fa9a-f1b5-45a2-9ce3-43c86fd82df2|10.1.0.102:15129]|listeners:[], old=null RUNNING
2024-04-21 07:17:41,910 [9387e6e8-bf6d-4d10-9dc1-f1bd05fc02cf-PipelineCommandHandlerThread-0] INFO  server.RaftServer$Division (RaftServerImpl.java:lambda$close$3(526)) - 9387e6e8-bf6d-4d10-9dc1-f1bd05fc02cf@group-9461FA60FDFB: shutdown
2024-04-21 07:17:41,910 [9387e6e8-bf6d-4d10-9dc1-f1bd05fc02cf-PipelineCommandHandlerThread-0] INFO  util.JmxRegister (JmxRegister.java:unregister(73)) - Successfully un-registered JMX Bean with object name Ratis:service=RaftServer,group=group-9461FA60FDFB,id=9387e6e8-bf6d-4d10-9dc1-f1bd05fc02cf
2024-04-21 07:17:41,910 [9387e6e8-bf6d-4d10-9dc1-f1bd05fc02cf-PipelineCommandHandlerThread-0] INFO  impl.RoleInfo (RoleInfo.java:shutdownFollowerState(110)) - 9387e6e8-bf6d-4d10-9dc1-f1bd05fc02cf: shutdown 9387e6e8-bf6d-4d10-9dc1-f1bd05fc02cf@group-9461FA60FDFB-FollowerState
2024-04-21 07:17:41,910 [9387e6e8-bf6d-4d10-9dc1-f1bd05fc02cf-PipelineCommandHandlerThread-0] INFO  impl.StateMachineUpdater (StateMachineUpdater.java:stopAndJoin(157)) - 9387e6e8-bf6d-4d10-9dc1-f1bd05fc02cf@group-9461FA60FDFB-StateMachineUpdater: set stopIndex = 0
2024-04-21 07:17:41,910 [9387e6e8-bf6d-4d10-9dc1-f1bd05fc02cf@group-9461FA60FDFB-FollowerState] INFO  impl.FollowerState (FollowerState.java:run(152)) - 9387e6e8-bf6d-4d10-9dc1-f1bd05fc02cf@group-9461FA60FDFB-FollowerState was interrupted
2024-04-21 07:17:41,910 [9387e6e8-bf6d-4d10-9dc1-f1bd05fc02cf@group-9461FA60FDFB-StateMachineUpdater] INFO  ratis.ContainerStateMachine (ContainerStateMachine.java:takeSnapshot(355)) - group-9461FA60FDFB: Taking a snapshot at:(t:1, i:0) file /home/runner/work/ozone/ozone/hadoop-ozone/integration-test/target/test-dir/MiniOzoneClusterImpl-ed39ddd9-82bf-4bf6-8741-acb42c98007c/ozone-meta/datanode-1/ratis/c4b7aa47-080c-4de3-8911-9461fa60fdfb/sm/snapshot.1_0
2024-04-21 07:17:41,911 [9387e6e8-bf6d-4d10-9dc1-f1bd05fc02cf@group-9461FA60FDFB-StateMachineUpdater] INFO  ratis.ContainerStateMachine (ContainerStateMachine.java:takeSnapshot(366)) - group-9461FA60FDFB: Finished taking a snapshot at:(t:1, i:0) file:/home/runner/work/ozone/ozone/hadoop-ozone/integration-test/target/test-dir/MiniOzoneClusterImpl-ed39ddd9-82bf-4bf6-8741-acb42c98007c/ozone-meta/datanode-1/ratis/c4b7aa47-080c-4de3-8911-9461fa60fdfb/sm/snapshot.1_0 took: 1 ms
2024-04-21 07:17:41,911 [9387e6e8-bf6d-4d10-9dc1-f1bd05fc02cf@group-9461FA60FDFB-StateMachineUpdater] INFO  impl.StateMachineUpdater (StateMachineUpdater.java:takeSnapshot(295)) - 9387e6e8-bf6d-4d10-9dc1-f1bd05fc02cf@group-9461FA60FDFB-StateMachineUpdater: Took a snapshot at index 0
2024-04-21 07:17:41,911 [9387e6e8-bf6d-4d10-9dc1-f1bd05fc02cf@group-9461FA60FDFB-StateMachineUpdater] INFO  impl.StateMachineUpdater (StateMachineUpdater.java:lambda$new$0(98)) - 9387e6e8-bf6d-4d10-9dc1-f1bd05fc02cf@group-9461FA60FDFB-StateMachineUpdater: snapshotIndex: updateIncreasingly -1 -> 0
2024-04-21 07:17:41,911 [9387e6e8-bf6d-4d10-9dc1-f1bd05fc02cf-PipelineCommandHandlerThread-0] INFO  server.RaftServer$Division (ServerState.java:close(427)) - 9387e6e8-bf6d-4d10-9dc1-f1bd05fc02cf@group-9461FA60FDFB: applyIndex: 0
2024-04-21 07:17:41,912 [9387e6e8-bf6d-4d10-9dc1-f1bd05fc02cf@group-9461FA60FDFB-cacheEviction-AwaitToRun] INFO  util.AwaitToRun (AwaitToRun.java:run(49)) - 9387e6e8-bf6d-4d10-9dc1-f1bd05fc02cf@group-9461FA60FDFB-cacheEviction-AwaitToRun-AwaitForSignal is interrupted
2024-04-21 07:17:42,021 [9387e6e8-bf6d-4d10-9dc1-f1bd05fc02cf-PipelineCommandHandlerThread-0] INFO  segmented.SegmentedRaftLogWorker (SegmentedRaftLogWorker.java:close(245)) - 9387e6e8-bf6d-4d10-9dc1-f1bd05fc02cf@group-9461FA60FDFB-SegmentedRaftLogWorker close()
2024-04-21 07:17:42,023 [9387e6e8-bf6d-4d10-9dc1-f1bd05fc02cf-PipelineCommandHandlerThread-0] INFO  server.RaftServer$Division (RaftServerImpl.java:groupRemove(496)) - 9387e6e8-bf6d-4d10-9dc1-f1bd05fc02cf@group-9461FA60FDFB: Succeed to remove RaftStorageDirectory Storage Directory /home/runner/work/ozone/ozone/hadoop-ozone/integration-test/target/test-dir/MiniOzoneClusterImpl-ed39ddd9-82bf-4bf6-8741-acb42c98007c/ozone-meta/datanode-1/ratis/c4b7aa47-080c-4de3-8911-9461fa60fdfb
2024-04-21 07:17:42,023 [9387e6e8-bf6d-4d10-9dc1-f1bd05fc02cf-PipelineCommandHandlerThread-0] ERROR commandhandler.ClosePipelineCommandHandler (ClosePipelineCommandHandler.java:lambda$handle$2(137)) - Can't close pipeline PipelineID=c4b7aa47-080c-4de3-8911-9461fa60fdfb
org.apache.ratis.protocol.exceptions.GroupMismatchException: 9387e6e8-bf6d-4d10-9dc1-f1bd05fc02cf: group-9461FA60FDFB not found.
	at org.apache.ratis.server.impl.RaftServerProxy$ImplMap.get(RaftServerProxy.java:154)
	at org.apache.ratis.server.impl.RaftServerProxy.getImplFuture(RaftServerProxy.java:364)
	at org.apache.ratis.server.impl.RaftServerProxy.getImpl(RaftServerProxy.java:373)
	at org.apache.ratis.server.impl.RaftServerProxy.getDivision(RaftServerProxy.java:386)
	at org.apache.hadoop.ozone.container.common.transport.server.ratis.XceiverServerRatis.getRaftPeersInPipeline(XceiverServerRatis.java:951)
	at org.apache.hadoop.ozone.container.common.statemachine.commandhandler.ClosePipelineCommandHandler.lambda$handle$2(ClosePipelineCommandHandler.java:114)
	at java.util.concurrent.CompletableFuture$AsyncRun.run(CompletableFuture.java:1640)
	at java.util.concurrent.ThreadPoolExecutor.runWorker(ThreadPoolExecutor.java:1149)
	at java.util.concurrent.ThreadPoolExecutor$Worker.run(ThreadPoolExecutor.java:624)
	at java.lang.Thread.run(Thread.java:750)
2024-04-21 07:17:42,023 [9387e6e8-bf6d-4d10-9dc1-f1bd05fc02cf-PipelineCommandHandlerThread-0] INFO  server.RaftServer (RaftServerProxy.java:remove(111)) - 9387e6e8-bf6d-4d10-9dc1-f1bd05fc02cf: remove    LEADER 9387e6e8-bf6d-4d10-9dc1-f1bd05fc02cf@group-DB6F9DC5174E:t1, leader=9387e6e8-bf6d-4d10-9dc1-f1bd05fc02cf, voted=9387e6e8-bf6d-4d10-9dc1-f1bd05fc02cf, raftlog=Memoized:9387e6e8-bf6d-4d10-9dc1-f1bd05fc02cf@group-DB6F9DC5174E-SegmentedRaftLog:OPENED:c0, conf=0: peers:[6cf56e53-88cb-4022-bd56-d9b5c4d884ee|10.1.0.102:15138, 9387e6e8-bf6d-4d10-9dc1-f1bd05fc02cf|10.1.0.102:15120, 33d4fa9a-f1b5-45a2-9ce3-43c86fd82df2|10.1.0.102:15129]|listeners:[], old=null RUNNING
2024-04-21 07:17:42,023 [9387e6e8-bf6d-4d10-9dc1-f1bd05fc02cf-PipelineCommandHandlerThread-0] INFO  server.RaftServer$Division (RaftServerImpl.java:lambda$close$3(526)) - 9387e6e8-bf6d-4d10-9dc1-f1bd05fc02cf@group-DB6F9DC5174E: shutdown
2024-04-21 07:17:42,024 [9387e6e8-bf6d-4d10-9dc1-f1bd05fc02cf-PipelineCommandHandlerThread-0] INFO  util.JmxRegister (JmxRegister.java:unregister(73)) - Successfully un-registered JMX Bean with object name Ratis:service=RaftServer,group=group-DB6F9DC5174E,id=9387e6e8-bf6d-4d10-9dc1-f1bd05fc02cf
2024-04-21 07:17:42,024 [9387e6e8-bf6d-4d10-9dc1-f1bd05fc02cf-PipelineCommandHandlerThread-0] INFO  impl.RoleInfo (RoleInfo.java:shutdownLeaderState(94)) - 9387e6e8-bf6d-4d10-9dc1-f1bd05fc02cf: shutdown 9387e6e8-bf6d-4d10-9dc1-f1bd05fc02cf@group-DB6F9DC5174E-LeaderStateImpl
2024-04-21 07:17:42,024 [9387e6e8-bf6d-4d10-9dc1-f1bd05fc02cf@group-DB6F9DC5174E->6cf56e53-88cb-4022-bd56-d9b5c4d884ee-GrpcLogAppender-LogAppenderDaemon] WARN  server.GrpcLogAppender (GrpcLogAppender.java:mayWait(289)) - 9387e6e8-bf6d-4d10-9dc1-f1bd05fc02cf@group-DB6F9DC5174E->6cf56e53-88cb-4022-bd56-d9b5c4d884ee-GrpcLogAppender: Wait interrupted by java.lang.InterruptedException
2024-04-21 07:17:42,024 [9387e6e8-bf6d-4d10-9dc1-f1bd05fc02cf-PipelineCommandHandlerThread-0] INFO  impl.PendingRequests (PendingRequests.java:sendNotLeaderResponses(289)) - 9387e6e8-bf6d-4d10-9dc1-f1bd05fc02cf@group-DB6F9DC5174E-PendingRequests: sendNotLeaderResponses
2024-04-21 07:17:42,024 [9387e6e8-bf6d-4d10-9dc1-f1bd05fc02cf@group-DB6F9DC5174E->33d4fa9a-f1b5-45a2-9ce3-43c86fd82df2-GrpcLogAppender-LogAppenderDaemon] WARN  server.GrpcLogAppender (GrpcLogAppender.java:mayWait(289)) - 9387e6e8-bf6d-4d10-9dc1-f1bd05fc02cf@group-DB6F9DC5174E->33d4fa9a-f1b5-45a2-9ce3-43c86fd82df2-GrpcLogAppender: Wait interrupted by java.lang.InterruptedException
2024-04-21 07:17:42,024 [9387e6e8-bf6d-4d10-9dc1-f1bd05fc02cf-PipelineCommandHandlerThread-0] INFO  impl.StateMachineUpdater (StateMachineUpdater.java:stopAndJoin(157)) - 9387e6e8-bf6d-4d10-9dc1-f1bd05fc02cf@group-DB6F9DC5174E-StateMachineUpdater: set stopIndex = 0
2024-04-21 07:17:42,024 [9387e6e8-bf6d-4d10-9dc1-f1bd05fc02cf@group-DB6F9DC5174E-StateMachineUpdater] INFO  ratis.ContainerStateMachine (ContainerStateMachine.java:takeSnapshot(355)) - group-DB6F9DC5174E: Taking a snapshot at:(t:1, i:0) file /home/runner/work/ozone/ozone/hadoop-ozone/integration-test/target/test-dir/MiniOzoneClusterImpl-ed39ddd9-82bf-4bf6-8741-acb42c98007c/ozone-meta/datanode-1/ratis/a86e7278-1226-4d94-889b-db6f9dc5174e/sm/snapshot.1_0
2024-04-21 07:17:42,025 [grpc-default-executor-2] INFO  server.GrpcServerProtocolService (GrpcServerProtocolService.java:onCompleted(157)) - 33d4fa9a-f1b5-45a2-9ce3-43c86fd82df2: Completed APPEND_ENTRIES, lastRequest: null
2024-04-21 07:17:42,025 [grpc-default-executor-1] INFO  server.GrpcServerProtocolService (GrpcServerProtocolService.java:onCompleted(157)) - 33d4fa9a-f1b5-45a2-9ce3-43c86fd82df2: Completed APPEND_ENTRIES, lastRequest: 9387e6e8-bf6d-4d10-9dc1-f1bd05fc02cf->33d4fa9a-f1b5-45a2-9ce3-43c86fd82df2#1-t1,previous=(t:0, i:0),leaderCommit=-1,initializing? false,entries: size=1, first=(t:1, i:0), CONFIGURATIONENTRY(current:id: "6cf56e53-88cb-4022-bd56-d9b5c4d884ee"
address: "10.1.0.102:15138"
dataStreamAddress: "10.1.0.102:15139"
clientAddress: "10.1.0.102:15136"
adminAddress: "10.1.0.102:15137"
startupRole: FOLLOWER
,id: "9387e6e8-bf6d-4d10-9dc1-f1bd05fc02cf"
address: "10.1.0.102:15120"
priority: 1
dataStreamAddress: "10.1.0.102:15121"
clientAddress: "10.1.0.102:15118"
adminAddress: "10.1.0.102:15119"
startupRole: FOLLOWER
,id: "33d4fa9a-f1b5-45a2-9ce3-43c86fd82df2"
address: "10.1.0.102:15129"
dataStreamAddress: "10.1.0.102:15130"
clientAddress: "10.1.0.102:15127"
adminAddress: "10.1.0.102:15128"
startupRole: FOLLOWER
, old:)
2024-04-21 07:17:42,025 [grpc-default-executor-1] INFO  server.GrpcServerProtocolService (GrpcServerProtocolService.java:lambda$onCompleted$5(159)) - 33d4fa9a-f1b5-45a2-9ce3-43c86fd82df2: Completed APPEND_ENTRIES, lastReply: null
2024-04-21 07:17:42,025 [9387e6e8-bf6d-4d10-9dc1-f1bd05fc02cf@group-DB6F9DC5174E-StateMachineUpdater] INFO  ratis.ContainerStateMachine (ContainerStateMachine.java:takeSnapshot(366)) - group-DB6F9DC5174E: Finished taking a snapshot at:(t:1, i:0) file:/home/runner/work/ozone/ozone/hadoop-ozone/integration-test/target/test-dir/MiniOzoneClusterImpl-ed39ddd9-82bf-4bf6-8741-acb42c98007c/ozone-meta/datanode-1/ratis/a86e7278-1226-4d94-889b-db6f9dc5174e/sm/snapshot.1_0 took: 1 ms
2024-04-21 07:17:42,026 [grpc-default-executor-2] INFO  server.GrpcServerProtocolService (GrpcServerProtocolService.java:lambda$onCompleted$5(159)) - 33d4fa9a-f1b5-45a2-9ce3-43c86fd82df2: Completed APPEND_ENTRIES, lastReply: serverReply {
  requestorId: "9387e6e8-bf6d-4d10-9dc1-f1bd05fc02cf"
  replyId: "33d4fa9a-f1b5-45a2-9ce3-43c86fd82df2"
  raftGroupId {
    id: "\250nrx\022&M\224\210\233\333o\235\305\027N"
  }
  callId: 6
  success: true
}
term: 1
nextIndex: 1
matchIndex: 18446744073709551615
isHearbeat: true

2024-04-21 07:17:42,026 [9387e6e8-bf6d-4d10-9dc1-f1bd05fc02cf@group-DB6F9DC5174E-StateMachineUpdater] INFO  impl.StateMachineUpdater (StateMachineUpdater.java:takeSnapshot(295)) - 9387e6e8-bf6d-4d10-9dc1-f1bd05fc02cf@group-DB6F9DC5174E-StateMachineUpdater: Took a snapshot at index 0
2024-04-21 07:17:42,026 [9387e6e8-bf6d-4d10-9dc1-f1bd05fc02cf@group-DB6F9DC5174E-StateMachineUpdater] INFO  impl.StateMachineUpdater (StateMachineUpdater.java:lambda$new$0(98)) - 9387e6e8-bf6d-4d10-9dc1-f1bd05fc02cf@group-DB6F9DC5174E-StateMachineUpdater: snapshotIndex: updateIncreasingly -1 -> 0
2024-04-21 07:17:42,026 [grpc-default-executor-1] INFO  server.GrpcLogAppender (GrpcLogAppender.java:onCompleted(546)) - 9387e6e8-bf6d-4d10-9dc1-f1bd05fc02cf@group-DB6F9DC5174E->33d4fa9a-f1b5-45a2-9ce3-43c86fd82df2-AppendLogResponseHandler: follower responses appendEntries COMPLETED
2024-04-21 07:17:42,027 [grpc-default-executor-4] INFO  server.GrpcLogAppender (GrpcLogAppender.java:onCompleted(546)) - 9387e6e8-bf6d-4d10-9dc1-f1bd05fc02cf@group-DB6F9DC5174E->33d4fa9a-f1b5-45a2-9ce3-43c86fd82df2-AppendLogResponseHandler: follower responses appendEntries COMPLETED
2024-04-21 07:17:42,029 [9387e6e8-bf6d-4d10-9dc1-f1bd05fc02cf-PipelineCommandHandlerThread-0] INFO  server.RaftServer$Division (ServerState.java:close(427)) - 9387e6e8-bf6d-4d10-9dc1-f1bd05fc02cf@group-DB6F9DC5174E: applyIndex: 0
2024-04-21 07:17:42,029 [9387e6e8-bf6d-4d10-9dc1-f1bd05fc02cf@group-DB6F9DC5174E-cacheEviction-AwaitToRun] INFO  util.AwaitToRun (AwaitToRun.java:run(49)) - 9387e6e8-bf6d-4d10-9dc1-f1bd05fc02cf@group-DB6F9DC5174E-cacheEviction-AwaitToRun-AwaitForSignal is interrupted
2024-04-21 07:17:42,284 [9387e6e8-bf6d-4d10-9dc1-f1bd05fc02cf-PipelineCommandHandlerThread-0] INFO  segmented.SegmentedRaftLogWorker (SegmentedRaftLogWorker.java:close(245)) - 9387e6e8-bf6d-4d10-9dc1-f1bd05fc02cf@group-DB6F9DC5174E-SegmentedRaftLogWorker close()
2024-04-21 07:17:42,287 [9387e6e8-bf6d-4d10-9dc1-f1bd05fc02cf-PipelineCommandHandlerThread-0] INFO  server.RaftServer$Division (RaftServerImpl.java:groupRemove(496)) - 9387e6e8-bf6d-4d10-9dc1-f1bd05fc02cf@group-DB6F9DC5174E: Succeed to remove RaftStorageDirectory Storage Directory /home/runner/work/ozone/ozone/hadoop-ozone/integration-test/target/test-dir/MiniOzoneClusterImpl-ed39ddd9-82bf-4bf6-8741-acb42c98007c/ozone-meta/datanode-1/ratis/a86e7278-1226-4d94-889b-db6f9dc5174e
2024-04-21 07:17:42,287 [9387e6e8-bf6d-4d10-9dc1-f1bd05fc02cf-PipelineCommandHandlerThread-0] ERROR commandhandler.ClosePipelineCommandHandler (ClosePipelineCommandHandler.java:lambda$handle$2(137)) - Can't close pipeline PipelineID=a86e7278-1226-4d94-889b-db6f9dc5174e
org.apache.ratis.protocol.exceptions.GroupMismatchException: 9387e6e8-bf6d-4d10-9dc1-f1bd05fc02cf: group-DB6F9DC5174E not found.
	at org.apache.ratis.server.impl.RaftServerProxy$ImplMap.get(RaftServerProxy.java:154)
	at org.apache.ratis.server.impl.RaftServerProxy.getImplFuture(RaftServerProxy.java:364)
	at org.apache.ratis.server.impl.RaftServerProxy.getImpl(RaftServerProxy.java:373)
	at org.apache.ratis.server.impl.RaftServerProxy.getDivision(RaftServerProxy.java:386)
	at org.apache.hadoop.ozone.container.common.transport.server.ratis.XceiverServerRatis.getRaftPeersInPipeline(XceiverServerRatis.java:951)
	at org.apache.hadoop.ozone.container.common.statemachine.commandhandler.ClosePipelineCommandHandler.lambda$handle$2(ClosePipelineCommandHandler.java:114)
	at java.util.concurrent.CompletableFuture$AsyncRun.run(CompletableFuture.java:1640)
	at java.util.concurrent.ThreadPoolExecutor.runWorker(ThreadPoolExecutor.java:1149)
	at java.util.concurrent.ThreadPoolExecutor$Worker.run(ThreadPoolExecutor.java:624)
	at java.lang.Thread.run(Thread.java:750)
2024-04-21 07:17:43,070 [33d4fa9a-f1b5-45a2-9ce3-43c86fd82df2-PipelineCommandHandlerThread-0] INFO  server.RaftServer (RaftServerProxy.java:remove(111)) - 33d4fa9a-f1b5-45a2-9ce3-43c86fd82df2: remove  FOLLOWER 33d4fa9a-f1b5-45a2-9ce3-43c86fd82df2@group-85F3280A5D9A:t1, leader=null, voted=6cf56e53-88cb-4022-bd56-d9b5c4d884ee, raftlog=Memoized:33d4fa9a-f1b5-45a2-9ce3-43c86fd82df2@group-85F3280A5D9A-SegmentedRaftLog:OPENED:c-1, conf=-1: peers:[6cf56e53-88cb-4022-bd56-d9b5c4d884ee|10.1.0.102:15138, 9387e6e8-bf6d-4d10-9dc1-f1bd05fc02cf|10.1.0.102:15120, 33d4fa9a-f1b5-45a2-9ce3-43c86fd82df2|10.1.0.102:15129]|listeners:[], old=null RUNNING
2024-04-21 07:17:43,070 [33d4fa9a-f1b5-45a2-9ce3-43c86fd82df2-PipelineCommandHandlerThread-0] INFO  server.RaftServer$Division (RaftServerImpl.java:lambda$close$3(526)) - 33d4fa9a-f1b5-45a2-9ce3-43c86fd82df2@group-85F3280A5D9A: shutdown
2024-04-21 07:17:43,070 [33d4fa9a-f1b5-45a2-9ce3-43c86fd82df2-PipelineCommandHandlerThread-0] INFO  util.JmxRegister (JmxRegister.java:unregister(73)) - Successfully un-registered JMX Bean with object name Ratis:service=RaftServer,group=group-85F3280A5D9A,id=33d4fa9a-f1b5-45a2-9ce3-43c86fd82df2
2024-04-21 07:17:43,070 [33d4fa9a-f1b5-45a2-9ce3-43c86fd82df2-PipelineCommandHandlerThread-0] INFO  impl.RoleInfo (RoleInfo.java:shutdownFollowerState(110)) - 33d4fa9a-f1b5-45a2-9ce3-43c86fd82df2: shutdown 33d4fa9a-f1b5-45a2-9ce3-43c86fd82df2@group-85F3280A5D9A-FollowerState
2024-04-21 07:17:43,070 [33d4fa9a-f1b5-45a2-9ce3-43c86fd82df2-PipelineCommandHandlerThread-0] INFO  impl.StateMachineUpdater (StateMachineUpdater.java:stopAndJoin(157)) - 33d4fa9a-f1b5-45a2-9ce3-43c86fd82df2@group-85F3280A5D9A-StateMachineUpdater: set stopIndex = -1
2024-04-21 07:17:43,070 [33d4fa9a-f1b5-45a2-9ce3-43c86fd82df2@group-85F3280A5D9A-FollowerState] INFO  impl.FollowerState (FollowerState.java:run(152)) - 33d4fa9a-f1b5-45a2-9ce3-43c86fd82df2@group-85F3280A5D9A-FollowerState was interrupted
2024-04-21 07:17:43,071 [33d4fa9a-f1b5-45a2-9ce3-43c86fd82df2-PipelineCommandHandlerThread-0] INFO  server.RaftServer$Division (ServerState.java:close(427)) - 33d4fa9a-f1b5-45a2-9ce3-43c86fd82df2@group-85F3280A5D9A: applyIndex: -1
2024-04-21 07:17:43,071 [33d4fa9a-f1b5-45a2-9ce3-43c86fd82df2@group-85F3280A5D9A-cacheEviction-AwaitToRun] INFO  util.AwaitToRun (AwaitToRun.java:run(49)) - 33d4fa9a-f1b5-45a2-9ce3-43c86fd82df2@group-85F3280A5D9A-cacheEviction-AwaitToRun-AwaitForSignal is interrupted
2024-04-21 07:17:43,947 [33d4fa9a-f1b5-45a2-9ce3-43c86fd82df2-PipelineCommandHandlerThread-0] INFO  segmented.SegmentedRaftLogWorker (SegmentedRaftLogWorker.java:close(245)) - 33d4fa9a-f1b5-45a2-9ce3-43c86fd82df2@group-85F3280A5D9A-SegmentedRaftLogWorker close()
2024-04-21 07:17:43,949 [33d4fa9a-f1b5-45a2-9ce3-43c86fd82df2-PipelineCommandHandlerThread-0] INFO  server.RaftServer$Division (RaftServerImpl.java:groupRemove(496)) - 33d4fa9a-f1b5-45a2-9ce3-43c86fd82df2@group-85F3280A5D9A: Succeed to remove RaftStorageDirectory Storage Directory /home/runner/work/ozone/ozone/hadoop-ozone/integration-test/target/test-dir/MiniOzoneClusterImpl-ed39ddd9-82bf-4bf6-8741-acb42c98007c/ozone-meta/datanode-2/ratis/0ea19662-297e-47e6-b59a-85f3280a5d9a
2024-04-21 07:17:43,949 [33d4fa9a-f1b5-45a2-9ce3-43c86fd82df2-PipelineCommandHandlerThread-0] ERROR commandhandler.ClosePipelineCommandHandler (ClosePipelineCommandHandler.java:lambda$handle$2(137)) - Can't close pipeline PipelineID=0ea19662-297e-47e6-b59a-85f3280a5d9a
org.apache.ratis.protocol.exceptions.GroupMismatchException: 33d4fa9a-f1b5-45a2-9ce3-43c86fd82df2: group-85F3280A5D9A not found.
	at org.apache.ratis.server.impl.RaftServerProxy$ImplMap.get(RaftServerProxy.java:154)
	at org.apache.ratis.server.impl.RaftServerProxy.getImplFuture(RaftServerProxy.java:364)
	at org.apache.ratis.server.impl.RaftServerProxy.getImpl(RaftServerProxy.java:373)
	at org.apache.ratis.server.impl.RaftServerProxy.getDivision(RaftServerProxy.java:386)
	at org.apache.hadoop.ozone.container.common.transport.server.ratis.XceiverServerRatis.getRaftPeersInPipeline(XceiverServerRatis.java:951)
	at org.apache.hadoop.ozone.container.common.statemachine.commandhandler.ClosePipelineCommandHandler.lambda$handle$2(ClosePipelineCommandHandler.java:114)
	at java.util.concurrent.CompletableFuture$AsyncRun.run(CompletableFuture.java:1640)
	at java.util.concurrent.ThreadPoolExecutor.runWorker(ThreadPoolExecutor.java:1149)
	at java.util.concurrent.ThreadPoolExecutor$Worker.run(ThreadPoolExecutor.java:624)
	at java.lang.Thread.run(Thread.java:750)
2024-04-21 07:17:43,949 [33d4fa9a-f1b5-45a2-9ce3-43c86fd82df2-PipelineCommandHandlerThread-0] INFO  server.RaftServer (RaftServerProxy.java:remove(111)) - 33d4fa9a-f1b5-45a2-9ce3-43c86fd82df2: remove    LEADER 33d4fa9a-f1b5-45a2-9ce3-43c86fd82df2@group-9461FA60FDFB:t1, leader=33d4fa9a-f1b5-45a2-9ce3-43c86fd82df2, voted=33d4fa9a-f1b5-45a2-9ce3-43c86fd82df2, raftlog=Memoized:33d4fa9a-f1b5-45a2-9ce3-43c86fd82df2@group-9461FA60FDFB-SegmentedRaftLog:OPENED:c0, conf=0: peers:[6cf56e53-88cb-4022-bd56-d9b5c4d884ee|10.1.0.102:15138, 9387e6e8-bf6d-4d10-9dc1-f1bd05fc02cf|10.1.0.102:15120, 33d4fa9a-f1b5-45a2-9ce3-43c86fd82df2|10.1.0.102:15129]|listeners:[], old=null RUNNING
2024-04-21 07:17:43,949 [33d4fa9a-f1b5-45a2-9ce3-43c86fd82df2-PipelineCommandHandlerThread-0] INFO  server.RaftServer$Division (RaftServerImpl.java:lambda$close$3(526)) - 33d4fa9a-f1b5-45a2-9ce3-43c86fd82df2@group-9461FA60FDFB: shutdown
2024-04-21 07:17:43,949 [33d4fa9a-f1b5-45a2-9ce3-43c86fd82df2-PipelineCommandHandlerThread-0] INFO  util.JmxRegister (JmxRegister.java:unregister(73)) - Successfully un-registered JMX Bean with object name Ratis:service=RaftServer,group=group-9461FA60FDFB,id=33d4fa9a-f1b5-45a2-9ce3-43c86fd82df2
2024-04-21 07:17:43,950 [33d4fa9a-f1b5-45a2-9ce3-43c86fd82df2-PipelineCommandHandlerThread-0] INFO  impl.RoleInfo (RoleInfo.java:shutdownLeaderState(94)) - 33d4fa9a-f1b5-45a2-9ce3-43c86fd82df2: shutdown 33d4fa9a-f1b5-45a2-9ce3-43c86fd82df2@group-9461FA60FDFB-LeaderStateImpl
2024-04-21 07:17:43,950 [33d4fa9a-f1b5-45a2-9ce3-43c86fd82df2@group-9461FA60FDFB->6cf56e53-88cb-4022-bd56-d9b5c4d884ee-GrpcLogAppender-LogAppenderDaemon] WARN  server.GrpcLogAppender (GrpcLogAppender.java:mayWait(289)) - 33d4fa9a-f1b5-45a2-9ce3-43c86fd82df2@group-9461FA60FDFB->6cf56e53-88cb-4022-bd56-d9b5c4d884ee-GrpcLogAppender: Wait interrupted by java.lang.InterruptedException
2024-04-21 07:17:43,950 [33d4fa9a-f1b5-45a2-9ce3-43c86fd82df2-PipelineCommandHandlerThread-0] INFO  impl.PendingRequests (PendingRequests.java:sendNotLeaderResponses(289)) - 33d4fa9a-f1b5-45a2-9ce3-43c86fd82df2@group-9461FA60FDFB-PendingRequests: sendNotLeaderResponses
2024-04-21 07:17:43,950 [33d4fa9a-f1b5-45a2-9ce3-43c86fd82df2@group-9461FA60FDFB->9387e6e8-bf6d-4d10-9dc1-f1bd05fc02cf-GrpcLogAppender-LogAppenderDaemon] WARN  server.GrpcLogAppender (GrpcLogAppender.java:mayWait(289)) - 33d4fa9a-f1b5-45a2-9ce3-43c86fd82df2@group-9461FA60FDFB->9387e6e8-bf6d-4d10-9dc1-f1bd05fc02cf-GrpcLogAppender: Wait interrupted by java.lang.InterruptedException
2024-04-21 07:17:43,950 [33d4fa9a-f1b5-45a2-9ce3-43c86fd82df2-PipelineCommandHandlerThread-0] INFO  impl.StateMachineUpdater (StateMachineUpdater.java:stopAndJoin(157)) - 33d4fa9a-f1b5-45a2-9ce3-43c86fd82df2@group-9461FA60FDFB-StateMachineUpdater: set stopIndex = 0
2024-04-21 07:17:43,950 [33d4fa9a-f1b5-45a2-9ce3-43c86fd82df2@group-9461FA60FDFB-StateMachineUpdater] INFO  ratis.ContainerStateMachine (ContainerStateMachine.java:takeSnapshot(355)) - group-9461FA60FDFB: Taking a snapshot at:(t:1, i:0) file /home/runner/work/ozone/ozone/hadoop-ozone/integration-test/target/test-dir/MiniOzoneClusterImpl-ed39ddd9-82bf-4bf6-8741-acb42c98007c/ozone-meta/datanode-2/ratis/c4b7aa47-080c-4de3-8911-9461fa60fdfb/sm/snapshot.1_0
2024-04-21 07:17:43,951 [grpc-default-executor-1] INFO  server.GrpcServerProtocolService (GrpcServerProtocolService.java:onCompleted(157)) - 9387e6e8-bf6d-4d10-9dc1-f1bd05fc02cf: Completed APPEND_ENTRIES, lastRequest: null
2024-04-21 07:17:43,951 [grpc-default-executor-4] INFO  server.GrpcServerProtocolService (GrpcServerProtocolService.java:onCompleted(157)) - 9387e6e8-bf6d-4d10-9dc1-f1bd05fc02cf: Completed APPEND_ENTRIES, lastRequest: 33d4fa9a-f1b5-45a2-9ce3-43c86fd82df2->9387e6e8-bf6d-4d10-9dc1-f1bd05fc02cf#1-t1,previous=(t:0, i:0),leaderCommit=-1,initializing? false,entries: size=1, first=(t:1, i:0), CONFIGURATIONENTRY(current:id: "6cf56e53-88cb-4022-bd56-d9b5c4d884ee"
address: "10.1.0.102:15138"
dataStreamAddress: "10.1.0.102:15139"
clientAddress: "10.1.0.102:15136"
adminAddress: "10.1.0.102:15137"
startupRole: FOLLOWER
,id: "9387e6e8-bf6d-4d10-9dc1-f1bd05fc02cf"
address: "10.1.0.102:15120"
dataStreamAddress: "10.1.0.102:15121"
clientAddress: "10.1.0.102:15118"
adminAddress: "10.1.0.102:15119"
startupRole: FOLLOWER
,id: "33d4fa9a-f1b5-45a2-9ce3-43c86fd82df2"
address: "10.1.0.102:15129"
priority: 1
dataStreamAddress: "10.1.0.102:15130"
clientAddress: "10.1.0.102:15127"
adminAddress: "10.1.0.102:15128"
startupRole: FOLLOWER
, old:)
2024-04-21 07:17:43,951 [grpc-default-executor-4] INFO  server.GrpcServerProtocolService (GrpcServerProtocolService.java:lambda$onCompleted$5(159)) - 9387e6e8-bf6d-4d10-9dc1-f1bd05fc02cf: Completed APPEND_ENTRIES, lastReply: null
2024-04-21 07:17:43,951 [33d4fa9a-f1b5-45a2-9ce3-43c86fd82df2@group-9461FA60FDFB-StateMachineUpdater] INFO  ratis.ContainerStateMachine (ContainerStateMachine.java:takeSnapshot(366)) - group-9461FA60FDFB: Finished taking a snapshot at:(t:1, i:0) file:/home/runner/work/ozone/ozone/hadoop-ozone/integration-test/target/test-dir/MiniOzoneClusterImpl-ed39ddd9-82bf-4bf6-8741-acb42c98007c/ozone-meta/datanode-2/ratis/c4b7aa47-080c-4de3-8911-9461fa60fdfb/sm/snapshot.1_0 took: 1 ms
2024-04-21 07:17:43,951 [33d4fa9a-f1b5-45a2-9ce3-43c86fd82df2@group-9461FA60FDFB-StateMachineUpdater] INFO  impl.StateMachineUpdater (StateMachineUpdater.java:takeSnapshot(295)) - 33d4fa9a-f1b5-45a2-9ce3-43c86fd82df2@group-9461FA60FDFB-StateMachineUpdater: Took a snapshot at index 0
2024-04-21 07:17:43,952 [33d4fa9a-f1b5-45a2-9ce3-43c86fd82df2@group-9461FA60FDFB-StateMachineUpdater] INFO  impl.StateMachineUpdater (StateMachineUpdater.java:lambda$new$0(98)) - 33d4fa9a-f1b5-45a2-9ce3-43c86fd82df2@group-9461FA60FDFB-StateMachineUpdater: snapshotIndex: updateIncreasingly -1 -> 0
2024-04-21 07:17:43,952 [33d4fa9a-f1b5-45a2-9ce3-43c86fd82df2-PipelineCommandHandlerThread-0] INFO  server.RaftServer$Division (ServerState.java:close(427)) - 33d4fa9a-f1b5-45a2-9ce3-43c86fd82df2@group-9461FA60FDFB: applyIndex: 0
2024-04-21 07:17:43,951 [grpc-default-executor-1] INFO  server.GrpcServerProtocolService (GrpcServerProtocolService.java:lambda$onCompleted$5(159)) - 9387e6e8-bf6d-4d10-9dc1-f1bd05fc02cf: Completed APPEND_ENTRIES, lastReply: serverReply {
  requestorId: "33d4fa9a-f1b5-45a2-9ce3-43c86fd82df2"
  replyId: "9387e6e8-bf6d-4d10-9dc1-f1bd05fc02cf"
  raftGroupId {
    id: "\304\267\252G\b\fM\343\211\021\224a\372`\375\373"
  }
  callId: 6
  success: true
}
term: 1
nextIndex: 1
matchIndex: 18446744073709551615
isHearbeat: true

2024-04-21 07:17:43,952 [33d4fa9a-f1b5-45a2-9ce3-43c86fd82df2@group-9461FA60FDFB-cacheEviction-AwaitToRun] INFO  util.AwaitToRun (AwaitToRun.java:run(49)) - 33d4fa9a-f1b5-45a2-9ce3-43c86fd82df2@group-9461FA60FDFB-cacheEviction-AwaitToRun-AwaitForSignal is interrupted
2024-04-21 07:17:43,952 [grpc-default-executor-2] INFO  server.GrpcLogAppender (GrpcLogAppender.java:onCompleted(546)) - 33d4fa9a-f1b5-45a2-9ce3-43c86fd82df2@group-9461FA60FDFB->9387e6e8-bf6d-4d10-9dc1-f1bd05fc02cf-AppendLogResponseHandler: follower responses appendEntries COMPLETED
2024-04-21 07:17:43,952 [grpc-default-executor-4] INFO  server.GrpcLogAppender (GrpcLogAppender.java:onCompleted(546)) - 33d4fa9a-f1b5-45a2-9ce3-43c86fd82df2@group-9461FA60FDFB->9387e6e8-bf6d-4d10-9dc1-f1bd05fc02cf-AppendLogResponseHandler: follower responses appendEntries COMPLETED
2024-04-21 07:17:44,005 [33d4fa9a-f1b5-45a2-9ce3-43c86fd82df2-PipelineCommandHandlerThread-0] INFO  segmented.SegmentedRaftLogWorker (SegmentedRaftLogWorker.java:close(245)) - 33d4fa9a-f1b5-45a2-9ce3-43c86fd82df2@group-9461FA60FDFB-SegmentedRaftLogWorker close()
2024-04-21 07:17:44,007 [33d4fa9a-f1b5-45a2-9ce3-43c86fd82df2-PipelineCommandHandlerThread-0] INFO  server.RaftServer$Division (RaftServerImpl.java:groupRemove(496)) - 33d4fa9a-f1b5-45a2-9ce3-43c86fd82df2@group-9461FA60FDFB: Succeed to remove RaftStorageDirectory Storage Directory /home/runner/work/ozone/ozone/hadoop-ozone/integration-test/target/test-dir/MiniOzoneClusterImpl-ed39ddd9-82bf-4bf6-8741-acb42c98007c/ozone-meta/datanode-2/ratis/c4b7aa47-080c-4de3-8911-9461fa60fdfb
2024-04-21 07:17:44,007 [33d4fa9a-f1b5-45a2-9ce3-43c86fd82df2-PipelineCommandHandlerThread-0] ERROR commandhandler.ClosePipelineCommandHandler (ClosePipelineCommandHandler.java:lambda$handle$2(137)) - Can't close pipeline PipelineID=c4b7aa47-080c-4de3-8911-9461fa60fdfb
org.apache.ratis.protocol.exceptions.GroupMismatchException: 33d4fa9a-f1b5-45a2-9ce3-43c86fd82df2: group-9461FA60FDFB not found.
	at org.apache.ratis.server.impl.RaftServerProxy$ImplMap.get(RaftServerProxy.java:154)
	at org.apache.ratis.server.impl.RaftServerProxy.getImplFuture(RaftServerProxy.java:364)
	at org.apache.ratis.server.impl.RaftServerProxy.getImpl(RaftServerProxy.java:373)
	at org.apache.ratis.server.impl.RaftServerProxy.getDivision(RaftServerProxy.java:386)
	at org.apache.hadoop.ozone.container.common.transport.server.ratis.XceiverServerRatis.getRaftPeersInPipeline(XceiverServerRatis.java:951)
	at org.apache.hadoop.ozone.container.common.statemachine.commandhandler.ClosePipelineCommandHandler.lambda$handle$2(ClosePipelineCommandHandler.java:114)
	at java.util.concurrent.CompletableFuture$AsyncRun.run(CompletableFuture.java:1640)
	at java.util.concurrent.ThreadPoolExecutor.runWorker(ThreadPoolExecutor.java:1149)
	at java.util.concurrent.ThreadPoolExecutor$Worker.run(ThreadPoolExecutor.java:624)
	at java.lang.Thread.run(Thread.java:750)
2024-04-21 07:17:44,007 [33d4fa9a-f1b5-45a2-9ce3-43c86fd82df2-PipelineCommandHandlerThread-0] INFO  server.RaftServer (RaftServerProxy.java:remove(111)) - 33d4fa9a-f1b5-45a2-9ce3-43c86fd82df2: remove  FOLLOWER 33d4fa9a-f1b5-45a2-9ce3-43c86fd82df2@group-DB6F9DC5174E:t1, leader=9387e6e8-bf6d-4d10-9dc1-f1bd05fc02cf, voted=9387e6e8-bf6d-4d10-9dc1-f1bd05fc02cf, raftlog=Memoized:33d4fa9a-f1b5-45a2-9ce3-43c86fd82df2@group-DB6F9DC5174E-SegmentedRaftLog:OPENED:c0, conf=0: peers:[6cf56e53-88cb-4022-bd56-d9b5c4d884ee|10.1.0.102:15138, 9387e6e8-bf6d-4d10-9dc1-f1bd05fc02cf|10.1.0.102:15120, 33d4fa9a-f1b5-45a2-9ce3-43c86fd82df2|10.1.0.102:15129]|listeners:[], old=null RUNNING
2024-04-21 07:17:44,007 [33d4fa9a-f1b5-45a2-9ce3-43c86fd82df2-PipelineCommandHandlerThread-0] INFO  server.RaftServer$Division (RaftServerImpl.java:lambda$close$3(526)) - 33d4fa9a-f1b5-45a2-9ce3-43c86fd82df2@group-DB6F9DC5174E: shutdown
2024-04-21 07:17:44,007 [33d4fa9a-f1b5-45a2-9ce3-43c86fd82df2-PipelineCommandHandlerThread-0] INFO  util.JmxRegister (JmxRegister.java:unregister(73)) - Successfully un-registered JMX Bean with object name Ratis:service=RaftServer,group=group-DB6F9DC5174E,id=33d4fa9a-f1b5-45a2-9ce3-43c86fd82df2
2024-04-21 07:17:44,007 [33d4fa9a-f1b5-45a2-9ce3-43c86fd82df2-PipelineCommandHandlerThread-0] INFO  impl.RoleInfo (RoleInfo.java:shutdownFollowerState(110)) - 33d4fa9a-f1b5-45a2-9ce3-43c86fd82df2: shutdown 33d4fa9a-f1b5-45a2-9ce3-43c86fd82df2@group-DB6F9DC5174E-FollowerState
2024-04-21 07:17:44,007 [33d4fa9a-f1b5-45a2-9ce3-43c86fd82df2-PipelineCommandHandlerThread-0] INFO  impl.StateMachineUpdater (StateMachineUpdater.java:stopAndJoin(157)) - 33d4fa9a-f1b5-45a2-9ce3-43c86fd82df2@group-DB6F9DC5174E-StateMachineUpdater: set stopIndex = 0
2024-04-21 07:17:44,007 [33d4fa9a-f1b5-45a2-9ce3-43c86fd82df2@group-DB6F9DC5174E-FollowerState] INFO  impl.FollowerState (FollowerState.java:run(152)) - 33d4fa9a-f1b5-45a2-9ce3-43c86fd82df2@group-DB6F9DC5174E-FollowerState was interrupted
2024-04-21 07:17:44,008 [33d4fa9a-f1b5-45a2-9ce3-43c86fd82df2@group-DB6F9DC5174E-StateMachineUpdater] INFO  ratis.ContainerStateMachine (ContainerStateMachine.java:takeSnapshot(355)) - group-DB6F9DC5174E: Taking a snapshot at:(t:1, i:0) file /home/runner/work/ozone/ozone/hadoop-ozone/integration-test/target/test-dir/MiniOzoneClusterImpl-ed39ddd9-82bf-4bf6-8741-acb42c98007c/ozone-meta/datanode-2/ratis/a86e7278-1226-4d94-889b-db6f9dc5174e/sm/snapshot.1_0
2024-04-21 07:17:44,009 [33d4fa9a-f1b5-45a2-9ce3-43c86fd82df2@group-DB6F9DC5174E-StateMachineUpdater] INFO  ratis.ContainerStateMachine (ContainerStateMachine.java:takeSnapshot(366)) - group-DB6F9DC5174E: Finished taking a snapshot at:(t:1, i:0) file:/home/runner/work/ozone/ozone/hadoop-ozone/integration-test/target/test-dir/MiniOzoneClusterImpl-ed39ddd9-82bf-4bf6-8741-acb42c98007c/ozone-meta/datanode-2/ratis/a86e7278-1226-4d94-889b-db6f9dc5174e/sm/snapshot.1_0 took: 2 ms
2024-04-21 07:17:44,009 [33d4fa9a-f1b5-45a2-9ce3-43c86fd82df2@group-DB6F9DC5174E-StateMachineUpdater] INFO  impl.StateMachineUpdater (StateMachineUpdater.java:takeSnapshot(295)) - 33d4fa9a-f1b5-45a2-9ce3-43c86fd82df2@group-DB6F9DC5174E-StateMachineUpdater: Took a snapshot at index 0
2024-04-21 07:17:44,009 [33d4fa9a-f1b5-45a2-9ce3-43c86fd82df2@group-DB6F9DC5174E-StateMachineUpdater] INFO  impl.StateMachineUpdater (StateMachineUpdater.java:lambda$new$0(98)) - 33d4fa9a-f1b5-45a2-9ce3-43c86fd82df2@group-DB6F9DC5174E-StateMachineUpdater: snapshotIndex: updateIncreasingly -1 -> 0
2024-04-21 07:17:44,009 [33d4fa9a-f1b5-45a2-9ce3-43c86fd82df2-PipelineCommandHandlerThread-0] INFO  server.RaftServer$Division (ServerState.java:close(427)) - 33d4fa9a-f1b5-45a2-9ce3-43c86fd82df2@group-DB6F9DC5174E: applyIndex: 0
2024-04-21 07:17:44,009 [33d4fa9a-f1b5-45a2-9ce3-43c86fd82df2@group-DB6F9DC5174E-cacheEviction-AwaitToRun] INFO  util.AwaitToRun (AwaitToRun.java:run(49)) - 33d4fa9a-f1b5-45a2-9ce3-43c86fd82df2@group-DB6F9DC5174E-cacheEviction-AwaitToRun-AwaitForSignal is interrupted
2024-04-21 07:17:44,287 [timer1] WARN  server.GrpcLogAppender (LogUtils.java:warn(121)) - 9387e6e8-bf6d-4d10-9dc1-f1bd05fc02cf@group-DB6F9DC5174E->6cf56e53-88cb-4022-bd56-d9b5c4d884ee-AppendLogResponseHandler: Failed appendEntries (Repeated 4 times in the last 5.000s): org.apache.ratis.thirdparty.io.grpc.StatusRuntimeException: UNAVAILABLE: io exception
2024-04-21 07:17:44,288 [timer2] WARN  server.GrpcLogAppender (GrpcLogAppender.java:lambda$resetClient$1(217)) - 33d4fa9a-f1b5-45a2-9ce3-43c86fd82df2@group-9461FA60FDFB->6cf56e53-88cb-4022-bd56-d9b5c4d884ee-GrpcLogAppender: Follower failed (request=null, errorCount=14); keep nextIndex (1) unchanged and retry. (Repeated 10 times in the last 5.000s)
2024-04-21 07:17:44,298 [33d4fa9a-f1b5-45a2-9ce3-43c86fd82df2-PipelineCommandHandlerThread-0] INFO  segmented.SegmentedRaftLogWorker (SegmentedRaftLogWorker.java:close(245)) - 33d4fa9a-f1b5-45a2-9ce3-43c86fd82df2@group-DB6F9DC5174E-SegmentedRaftLogWorker close()
2024-04-21 07:17:44,299 [33d4fa9a-f1b5-45a2-9ce3-43c86fd82df2-PipelineCommandHandlerThread-0] INFO  server.RaftServer$Division (RaftServerImpl.java:groupRemove(496)) - 33d4fa9a-f1b5-45a2-9ce3-43c86fd82df2@group-DB6F9DC5174E: Succeed to remove RaftStorageDirectory Storage Directory /home/runner/work/ozone/ozone/hadoop-ozone/integration-test/target/test-dir/MiniOzoneClusterImpl-ed39ddd9-82bf-4bf6-8741-acb42c98007c/ozone-meta/datanode-2/ratis/a86e7278-1226-4d94-889b-db6f9dc5174e
2024-04-21 07:17:44,299 [33d4fa9a-f1b5-45a2-9ce3-43c86fd82df2-PipelineCommandHandlerThread-0] ERROR commandhandler.ClosePipelineCommandHandler (ClosePipelineCommandHandler.java:lambda$handle$2(137)) - Can't close pipeline PipelineID=a86e7278-1226-4d94-889b-db6f9dc5174e
org.apache.ratis.protocol.exceptions.GroupMismatchException: 33d4fa9a-f1b5-45a2-9ce3-43c86fd82df2: group-DB6F9DC5174E not found.
	at org.apache.ratis.server.impl.RaftServerProxy$ImplMap.get(RaftServerProxy.java:154)
	at org.apache.ratis.server.impl.RaftServerProxy.getImplFuture(RaftServerProxy.java:364)
	at org.apache.ratis.server.impl.RaftServerProxy.getImpl(RaftServerProxy.java:373)
	at org.apache.ratis.server.impl.RaftServerProxy.getDivision(RaftServerProxy.java:386)
	at org.apache.hadoop.ozone.container.common.transport.server.ratis.XceiverServerRatis.getRaftPeersInPipeline(XceiverServerRatis.java:951)
	at org.apache.hadoop.ozone.container.common.statemachine.commandhandler.ClosePipelineCommandHandler.lambda$handle$2(ClosePipelineCommandHandler.java:114)
	at java.util.concurrent.CompletableFuture$AsyncRun.run(CompletableFuture.java:1640)
	at java.util.concurrent.ThreadPoolExecutor.runWorker(ThreadPoolExecutor.java:1149)
	at java.util.concurrent.ThreadPoolExecutor$Worker.run(ThreadPoolExecutor.java:624)
	at java.lang.Thread.run(Thread.java:750)
2024-04-21 07:17:45,274 [timer1] WARN  server.GrpcLogAppender (LogUtils.java:warn(121)) - 33d4fa9a-f1b5-45a2-9ce3-43c86fd82df2@group-9461FA60FDFB->6cf56e53-88cb-4022-bd56-d9b5c4d884ee-AppendLogResponseHandler: Failed appendEntries (Repeated 6 times in the last 5.003s): org.apache.ratis.thirdparty.io.grpc.StatusRuntimeException: UNAVAILABLE: io exception
2024-04-21 07:18:23,839 [9387e6e8-bf6d-4d10-9dc1-f1bd05fc02cf-BlockDeletingService#0] INFO  interfaces.ContainerDeletionChoosingPolicyTemplate (ContainerDeletionChoosingPolicyTemplate.java:chooseContainerForBlockDeletion(85)) - Chosen 0/5000 blocks from 0 candidate containers.
2024-04-21 07:18:23,914 [33d4fa9a-f1b5-45a2-9ce3-43c86fd82df2-BlockDeletingService#0] INFO  interfaces.ContainerDeletionChoosingPolicyTemplate (ContainerDeletionChoosingPolicyTemplate.java:chooseContainerForBlockDeletion(85)) - Chosen 0/5000 blocks from 0 candidate containers.
2024-04-21 07:18:23,976 [6cf56e53-88cb-4022-bd56-d9b5c4d884ee-BlockDeletingService#0] INFO  interfaces.ContainerDeletionChoosingPolicyTemplate (ContainerDeletionChoosingPolicyTemplate.java:chooseContainerForBlockDeletion(85)) - Chosen 0/5000 blocks from 0 candidate containers.
2024-04-21 07:18:24,046 [a45323a7-bc80-446e-b427-0ffb34a72641-BlockDeletingService#0] INFO  interfaces.ContainerDeletionChoosingPolicyTemplate (ContainerDeletionChoosingPolicyTemplate.java:chooseContainerForBlockDeletion(85)) - Chosen 0/5000 blocks from 0 candidate containers.
2024-04-21 07:18:24,150 [80370d78-c36f-4d75-b7cb-6753407b0dff-BlockDeletingService#0] INFO  interfaces.ContainerDeletionChoosingPolicyTemplate (ContainerDeletionChoosingPolicyTemplate.java:chooseContainerForBlockDeletion(85)) - Chosen 0/5000 blocks from 0 candidate containers.
2024-04-21 07:19:23,841 [9387e6e8-bf6d-4d10-9dc1-f1bd05fc02cf-BlockDeletingService#1] INFO  interfaces.ContainerDeletionChoosingPolicyTemplate (ContainerDeletionChoosingPolicyTemplate.java:chooseContainerForBlockDeletion(85)) - Chosen 0/5000 blocks from 0 candidate containers.
2024-04-21 07:19:23,916 [33d4fa9a-f1b5-45a2-9ce3-43c86fd82df2-BlockDeletingService#1] INFO  interfaces.ContainerDeletionChoosingPolicyTemplate (ContainerDeletionChoosingPolicyTemplate.java:chooseContainerForBlockDeletion(85)) - Chosen 0/5000 blocks from 0 candidate containers.
2024-04-21 07:19:23,978 [6cf56e53-88cb-4022-bd56-d9b5c4d884ee-BlockDeletingService#1] INFO  interfaces.ContainerDeletionChoosingPolicyTemplate (ContainerDeletionChoosingPolicyTemplate.java:chooseContainerForBlockDeletion(85)) - Chosen 0/5000 blocks from 0 candidate containers.
2024-04-21 07:19:24,048 [a45323a7-bc80-446e-b427-0ffb34a72641-BlockDeletingService#1] INFO  interfaces.ContainerDeletionChoosingPolicyTemplate (ContainerDeletionChoosingPolicyTemplate.java:chooseContainerForBlockDeletion(85)) - Chosen 0/5000 blocks from 0 candidate containers.
2024-04-21 07:19:24,152 [80370d78-c36f-4d75-b7cb-6753407b0dff-BlockDeletingService#1] INFO  interfaces.ContainerDeletionChoosingPolicyTemplate (ContainerDeletionChoosingPolicyTemplate.java:chooseContainerForBlockDeletion(85)) - Chosen 0/5000 blocks from 0 candidate containers.
2024-04-21 07:19:26,120 [RatisPipelineUtilsThread-0] INFO  pipeline.RatisPipelineProvider (RatisPipelineProvider.java:lambda$create$0(205)) - Sending CreatePipelineCommand for pipeline:PipelineID=a896e64e-f27b-41e6-b4a0-0b323a473fb2 to datanode:a45323a7-bc80-446e-b427-0ffb34a72641
2024-04-21 07:19:26,120 [RatisPipelineUtilsThread-0] INFO  pipeline.RatisPipelineProvider (RatisPipelineProvider.java:lambda$create$0(205)) - Sending CreatePipelineCommand for pipeline:PipelineID=a896e64e-f27b-41e6-b4a0-0b323a473fb2 to datanode:33d4fa9a-f1b5-45a2-9ce3-43c86fd82df2
2024-04-21 07:19:26,120 [RatisPipelineUtilsThread-0] INFO  pipeline.RatisPipelineProvider (RatisPipelineProvider.java:lambda$create$0(205)) - Sending CreatePipelineCommand for pipeline:PipelineID=a896e64e-f27b-41e6-b4a0-0b323a473fb2 to datanode:80370d78-c36f-4d75-b7cb-6753407b0dff
2024-04-21 07:19:26,121 [RatisPipelineUtilsThread-0] INFO  pipeline.BackgroundPipelineCreator (BackgroundPipelineCreator.java:createPipelines(236)) - Created new pipeline Pipeline[ Id: a896e64e-f27b-41e6-b4a0-0b323a473fb2, Nodes: a45323a7-bc80-446e-b427-0ffb34a72641(fv-az1428-63/10.1.0.102)33d4fa9a-f1b5-45a2-9ce3-43c86fd82df2(fv-az1428-63/10.1.0.102)80370d78-c36f-4d75-b7cb-6753407b0dff(fv-az1428-63/10.1.0.102), ReplicationConfig: RATIS/THREE, State:ALLOCATED, leaderId:, CreationTimestamp2024-04-21T07:19:26.120Z[Etc/UTC]]
2024-04-21 07:19:26,121 [RatisPipelineUtilsThread-0] INFO  pipeline.RatisPipelineProvider (RatisPipelineProvider.java:lambda$create$0(205)) - Sending CreatePipelineCommand for pipeline:PipelineID=14e1582f-626f-4294-b75a-12c11132411b to datanode:33d4fa9a-f1b5-45a2-9ce3-43c86fd82df2
2024-04-21 07:19:26,121 [RatisPipelineUtilsThread-0] INFO  pipeline.RatisPipelineProvider (RatisPipelineProvider.java:lambda$create$0(205)) - Sending CreatePipelineCommand for pipeline:PipelineID=14e1582f-626f-4294-b75a-12c11132411b to datanode:9387e6e8-bf6d-4d10-9dc1-f1bd05fc02cf
2024-04-21 07:19:26,121 [RatisPipelineUtilsThread-0] INFO  pipeline.RatisPipelineProvider (RatisPipelineProvider.java:lambda$create$0(205)) - Sending CreatePipelineCommand for pipeline:PipelineID=14e1582f-626f-4294-b75a-12c11132411b to datanode:80370d78-c36f-4d75-b7cb-6753407b0dff
2024-04-21 07:19:26,122 [RatisPipelineUtilsThread-0] INFO  pipeline.BackgroundPipelineCreator (BackgroundPipelineCreator.java:createPipelines(236)) - Created new pipeline Pipeline[ Id: 14e1582f-626f-4294-b75a-12c11132411b, Nodes: 33d4fa9a-f1b5-45a2-9ce3-43c86fd82df2(fv-az1428-63/10.1.0.102)9387e6e8-bf6d-4d10-9dc1-f1bd05fc02cf(fv-az1428-63/10.1.0.102)80370d78-c36f-4d75-b7cb-6753407b0dff(fv-az1428-63/10.1.0.102), ReplicationConfig: RATIS/THREE, State:ALLOCATED, leaderId:, CreationTimestamp2024-04-21T07:19:26.121Z[Etc/UTC]]
2024-04-21 07:19:26,122 [RatisPipelineUtilsThread-0] INFO  pipeline.RatisPipelineProvider (RatisPipelineProvider.java:lambda$create$0(205)) - Sending CreatePipelineCommand for pipeline:PipelineID=aa5e628e-98de-483c-bc2e-77ad9cb52074 to datanode:33d4fa9a-f1b5-45a2-9ce3-43c86fd82df2
2024-04-21 07:19:26,122 [RatisPipelineUtilsThread-0] INFO  pipeline.RatisPipelineProvider (RatisPipelineProvider.java:lambda$create$0(205)) - Sending CreatePipelineCommand for pipeline:PipelineID=aa5e628e-98de-483c-bc2e-77ad9cb52074 to datanode:80370d78-c36f-4d75-b7cb-6753407b0dff
2024-04-21 07:19:26,122 [RatisPipelineUtilsThread-0] INFO  pipeline.RatisPipelineProvider (RatisPipelineProvider.java:lambda$create$0(205)) - Sending CreatePipelineCommand for pipeline:PipelineID=aa5e628e-98de-483c-bc2e-77ad9cb52074 to datanode:9387e6e8-bf6d-4d10-9dc1-f1bd05fc02cf
2024-04-21 07:19:26,122 [RatisPipelineUtilsThread-0] INFO  pipeline.PipelineManagerImpl (PipelineManagerImpl.java:recordMetricsForPipeline(916)) - Pipeline: PipelineID=aa5e628e-98de-483c-bc2e-77ad9cb52074 contains same datanodes as previous pipelines: PipelineID=14e1582f-626f-4294-b75a-12c11132411b nodeIds: 33d4fa9a-f1b5-45a2-9ce3-43c86fd82df2, 80370d78-c36f-4d75-b7cb-6753407b0dff, 9387e6e8-bf6d-4d10-9dc1-f1bd05fc02cf
2024-04-21 07:19:26,123 [RatisPipelineUtilsThread-0] INFO  pipeline.BackgroundPipelineCreator (BackgroundPipelineCreator.java:createPipelines(236)) - Created new pipeline Pipeline[ Id: aa5e628e-98de-483c-bc2e-77ad9cb52074, Nodes: 33d4fa9a-f1b5-45a2-9ce3-43c86fd82df2(fv-az1428-63/10.1.0.102)80370d78-c36f-4d75-b7cb-6753407b0dff(fv-az1428-63/10.1.0.102)9387e6e8-bf6d-4d10-9dc1-f1bd05fc02cf(fv-az1428-63/10.1.0.102), ReplicationConfig: RATIS/THREE, State:ALLOCATED, leaderId:, CreationTimestamp2024-04-21T07:19:26.122Z[Etc/UTC]]
2024-04-21 07:19:27,349 [80370d78-c36f-4d75-b7cb-6753407b0dff-PipelineCommandHandlerThread-0] INFO  server.RaftServer (RaftServerProxy.java:addNew(100)) - 80370d78-c36f-4d75-b7cb-6753407b0dff: addNew group-0B323A473FB2:[a45323a7-bc80-446e-b427-0ffb34a72641|10.1.0.102:15147, 80370d78-c36f-4d75-b7cb-6753407b0dff|10.1.0.102:15156, 33d4fa9a-f1b5-45a2-9ce3-43c86fd82df2|10.1.0.102:15129] returns group-0B323A473FB2:java.util.concurrent.CompletableFuture@72c9f5c3[Not completed]
2024-04-21 07:19:27,350 [80370d78-c36f-4d75-b7cb-6753407b0dff-groupManagement] INFO  server.RaftServer$Division (RaftServerImpl.java:<init>(256)) - 80370d78-c36f-4d75-b7cb-6753407b0dff: new RaftServerImpl for group-0B323A473FB2:[a45323a7-bc80-446e-b427-0ffb34a72641|10.1.0.102:15147, 80370d78-c36f-4d75-b7cb-6753407b0dff|10.1.0.102:15156, 33d4fa9a-f1b5-45a2-9ce3-43c86fd82df2|10.1.0.102:15129] with ContainerStateMachine:uninitialized
2024-04-21 07:19:27,350 [80370d78-c36f-4d75-b7cb-6753407b0dff-groupManagement] INFO  server.RaftServerConfigKeys (ConfUtils.java:logGet(46)) - raft.server.rpc.timeout.min = 5s (custom)
2024-04-21 07:19:27,350 [80370d78-c36f-4d75-b7cb-6753407b0dff-groupManagement] INFO  server.RaftServerConfigKeys (ConfUtils.java:logGet(46)) - raft.server.rpc.timeout.max = 5200ms (custom)
2024-04-21 07:19:27,350 [80370d78-c36f-4d75-b7cb-6753407b0dff-groupManagement] INFO  server.RaftServerConfigKeys (ConfUtils.java:logGet(46)) - raft.server.rpc.sleep.time = 25ms (default)
2024-04-21 07:19:27,350 [80370d78-c36f-4d75-b7cb-6753407b0dff-groupManagement] INFO  server.RaftServerConfigKeys (ConfUtils.java:logGet(46)) - raft.server.rpc.slowness.timeout = 300000ms (custom)
2024-04-21 07:19:27,350 [80370d78-c36f-4d75-b7cb-6753407b0dff-groupManagement] INFO  server.RaftServerConfigKeys (ConfUtils.java:logGet(46)) - raft.server.leaderelection.leader.step-down.wait-time = 10s (default)
2024-04-21 07:19:27,350 [80370d78-c36f-4d75-b7cb-6753407b0dff-groupManagement] INFO  server.RaftServerConfigKeys (ConfUtils.java:logGet(46)) - raft.server.leaderelection.member.majority-add = false (default)
2024-04-21 07:19:27,350 [80370d78-c36f-4d75-b7cb-6753407b0dff-groupManagement] INFO  server.RaftServerConfigKeys (ConfUtils.java:logGet(46)) - raft.server.sleep.deviation.threshold = 300ms (default)
2024-04-21 07:19:27,351 [80370d78-c36f-4d75-b7cb-6753407b0dff-groupManagement] INFO  server.RaftServer$Division (ServerState.java:<init>(113)) - 80370d78-c36f-4d75-b7cb-6753407b0dff@group-0B323A473FB2: ConfigurationManager, init=-1: peers:[a45323a7-bc80-446e-b427-0ffb34a72641|10.1.0.102:15147, 80370d78-c36f-4d75-b7cb-6753407b0dff|10.1.0.102:15156, 33d4fa9a-f1b5-45a2-9ce3-43c86fd82df2|10.1.0.102:15129]|listeners:[], old=null, confs=<EMPTY_MAP>
2024-04-21 07:19:27,351 [80370d78-c36f-4d75-b7cb-6753407b0dff-groupManagement] INFO  server.RaftServerConfigKeys (ConfUtils.java:logGet(46)) - raft.server.notification.no-leader.timeout = 300000ms (custom)
2024-04-21 07:19:27,351 [80370d78-c36f-4d75-b7cb-6753407b0dff-groupManagement] INFO  server.RaftServerConfigKeys (ConfUtils.java:logGet(46)) - raft.server.read.timeout = 10s (default)
2024-04-21 07:19:27,351 [80370d78-c36f-4d75-b7cb-6753407b0dff-groupManagement] INFO  server.RaftServerConfigKeys (ConfUtils.java:logGet(46)) - raft.server.retrycache.expirytime = 600000ms (custom)
2024-04-21 07:19:27,351 [80370d78-c36f-4d75-b7cb-6753407b0dff-groupManagement] INFO  server.RaftServerConfigKeys (ConfUtils.java:logGet(46)) - raft.server.retrycache.statistics.expirytime = 100ms (default)
2024-04-21 07:19:27,351 [80370d78-c36f-4d75-b7cb-6753407b0dff-groupManagement] INFO  server.RaftServerConfigKeys (ConfUtils.java:logGet(46)) - raft.server.read.option = DEFAULT (default)
2024-04-21 07:19:27,351 [80370d78-c36f-4d75-b7cb-6753407b0dff-groupManagement] INFO  server.RaftServerConfigKeys (ConfUtils.java:logGet(46)) - raft.server.read.read-after-write-consistent.write-index-cache.expiry-time = 60s (default)
2024-04-21 07:19:27,352 [80370d78-c36f-4d75-b7cb-6753407b0dff-groupManagement] INFO  server.RaftServerConfigKeys (ConfUtils.java:logGet(46)) - raft.server.rpc.request.timeout = 3000ms (default)
2024-04-21 07:19:27,352 [80370d78-c36f-4d75-b7cb-6753407b0dff-groupManagement] INFO  server.RaftServerConfigKeys (ConfUtils.java:logGet(46)) - raft.server.log.appender.install.snapshot.enabled = false (custom)
2024-04-21 07:19:27,352 [80370d78-c36f-4d75-b7cb-6753407b0dff-groupManagement] INFO  server.RaftServerConfigKeys (ConfUtils.java:logGet(46)) - raft.server.threadpool.server.cached = true (default)
2024-04-21 07:19:27,352 [80370d78-c36f-4d75-b7cb-6753407b0dff-groupManagement] INFO  server.RaftServerConfigKeys (ConfUtils.java:logGet(46)) - raft.server.threadpool.server.size = 0 (default)
2024-04-21 07:19:27,352 [80370d78-c36f-4d75-b7cb-6753407b0dff-groupManagement] INFO  server.RaftServerConfigKeys (ConfUtils.java:logGet(46)) - raft.server.threadpool.client.cached = true (default)
2024-04-21 07:19:27,352 [80370d78-c36f-4d75-b7cb-6753407b0dff-groupManagement] INFO  server.RaftServerConfigKeys (ConfUtils.java:logGet(46)) - raft.server.threadpool.client.size = 0 (default)
2024-04-21 07:19:27,352 [80370d78-c36f-4d75-b7cb-6753407b0dff-groupManagement] INFO  server.RaftServerConfigKeys (ConfUtils.java:logGet(46)) - raft.server.storage.free-space.min = 0MB (=0) (default)
2024-04-21 07:19:27,353 [80370d78-c36f-4d75-b7cb-6753407b0dff-groupManagement] INFO  server.RaftServerConfigKeys (ConfUtils.java:logGet(46)) - raft.server.log.corruption.policy = EXCEPTION (default)
2024-04-21 07:19:27,353 [80370d78-c36f-4d75-b7cb-6753407b0dff-groupManagement] INFO  server.RaftServerConfigKeys (ConfUtils.java:logGet(46)) - raft.server.storage.dir = [/home/runner/work/ozone/ozone/hadoop-ozone/integration-test/target/test-dir/MiniOzoneClusterImpl-ed39ddd9-82bf-4bf6-8741-acb42c98007c/ozone-meta/datanode-5/ratis] (custom)
2024-04-21 07:19:27,353 [80370d78-c36f-4d75-b7cb-6753407b0dff-groupManagement] INFO  storage.RaftStorageDirectory (RaftStorageDirectoryImpl.java:analyzeStorage(138)) - The storage directory /home/runner/work/ozone/ozone/hadoop-ozone/integration-test/target/test-dir/MiniOzoneClusterImpl-ed39ddd9-82bf-4bf6-8741-acb42c98007c/ozone-meta/datanode-5/ratis/a896e64e-f27b-41e6-b4a0-0b323a473fb2 does not exist. Creating ...
2024-04-21 07:19:27,354 [80370d78-c36f-4d75-b7cb-6753407b0dff-groupManagement] INFO  storage.RaftStorageDirectory (RaftStorageDirectoryImpl.java:tryLock(228)) - Lock on /home/runner/work/ozone/ozone/hadoop-ozone/integration-test/target/test-dir/MiniOzoneClusterImpl-ed39ddd9-82bf-4bf6-8741-acb42c98007c/ozone-meta/datanode-5/ratis/a896e64e-f27b-41e6-b4a0-0b323a473fb2/in_use.lock acquired by nodename 52185@fv-az1428-63
2024-04-21 07:19:27,355 [80370d78-c36f-4d75-b7cb-6753407b0dff-groupManagement] INFO  storage.RaftStorage (RaftStorageImpl.java:format(99)) - Storage directory /home/runner/work/ozone/ozone/hadoop-ozone/integration-test/target/test-dir/MiniOzoneClusterImpl-ed39ddd9-82bf-4bf6-8741-acb42c98007c/ozone-meta/datanode-5/ratis/a896e64e-f27b-41e6-b4a0-0b323a473fb2 has been successfully formatted.
2024-04-21 07:19:27,355 [80370d78-c36f-4d75-b7cb-6753407b0dff-groupManagement] WARN  util.FileUtils (LogUtils.java:supplyAndLog(63)) - Failed to Files.newInputStream /home/runner/work/ozone/ozone/hadoop-ozone/integration-test/target/test-dir/MiniOzoneClusterImpl-ed39ddd9-82bf-4bf6-8741-acb42c98007c/ozone-meta/datanode-5/ratis/a896e64e-f27b-41e6-b4a0-0b323a473fb2/current/raft-meta.conf with options []: java.nio.file.NoSuchFileException: /home/runner/work/ozone/ozone/hadoop-ozone/integration-test/target/test-dir/MiniOzoneClusterImpl-ed39ddd9-82bf-4bf6-8741-acb42c98007c/ozone-meta/datanode-5/ratis/a896e64e-f27b-41e6-b4a0-0b323a473fb2/current/raft-meta.conf
2024-04-21 07:19:27,355 [80370d78-c36f-4d75-b7cb-6753407b0dff-groupManagement] INFO  ratis.ContainerStateMachine (ContainerStateMachine.java:loadSnapshot(287)) - group-0B323A473FB2: The snapshot info is null. Setting the last applied index to:(t:0, i:~)
2024-04-21 07:19:27,355 [80370d78-c36f-4d75-b7cb-6753407b0dff-groupManagement] INFO  server.RaftServerConfigKeys (ConfUtils.java:logGet(46)) - raft.server.log.use.memory = false (default)
2024-04-21 07:19:27,356 [80370d78-c36f-4d75-b7cb-6753407b0dff-groupManagement] INFO  server.RaftServerConfigKeys (ConfUtils.java:logGet(46)) - raft.server.log.purge.gap = 1000000 (custom)
2024-04-21 07:19:27,356 [80370d78-c36f-4d75-b7cb-6753407b0dff-groupManagement] INFO  server.RaftServerConfigKeys (ConfUtils.java:logGet(46)) - raft.server.log.appender.buffer.byte-limit = 8388608 (custom)
2024-04-21 07:19:27,356 [80370d78-c36f-4d75-b7cb-6753407b0dff-groupManagement] INFO  server.RaftServerConfigKeys (ConfUtils.java:logGet(46)) - raft.server.log.statemachine.data.read.timeout = 1000ms (default)
2024-04-21 07:19:27,356 [80370d78-c36f-4d75-b7cb-6753407b0dff-groupManagement] INFO  server.RaftServerConfigKeys (ConfUtils.java:logGet(46)) - raft.server.log.purge.preservation.log.num = 0 (default)
2024-04-21 07:19:27,357 [80370d78-c36f-4d75-b7cb-6753407b0dff-groupManagement] INFO  server.RaftServerConfigKeys (ConfUtils.java:logGet(46)) - raft.server.log.segment.size.max = 67108864 (custom)
2024-04-21 07:19:27,357 [80370d78-c36f-4d75-b7cb-6753407b0dff-groupManagement] INFO  server.RaftServerConfigKeys (ConfUtils.java:logGet(46)) - raft.server.log.segment.cache.num.max = 2 (custom)
2024-04-21 07:19:27,357 [80370d78-c36f-4d75-b7cb-6753407b0dff-groupManagement] INFO  server.RaftServerConfigKeys (ConfUtils.java:logGet(46)) - raft.server.log.segment.cache.size.max = 200MB (=209715200) (default)
2024-04-21 07:19:27,357 [80370d78-c36f-4d75-b7cb-6753407b0dff-groupManagement] INFO  server.RaftServerConfigKeys (ConfUtils.java:logGet(46)) - raft.server.log.appender.buffer.byte-limit = 8388608 (custom)
2024-04-21 07:19:27,358 [80370d78-c36f-4d75-b7cb-6753407b0dff-groupManagement] INFO  util.AwaitToRun (AwaitToRun.java:start(81)) - Thread[80370d78-c36f-4d75-b7cb-6753407b0dff@group-0B323A473FB2-cacheEviction-AwaitToRun,5,main] started
2024-04-21 07:19:27,358 [80370d78-c36f-4d75-b7cb-6753407b0dff-groupManagement] INFO  segmented.SegmentedRaftLogWorker (SegmentedRaftLogWorker.java:<init>(182)) - new 80370d78-c36f-4d75-b7cb-6753407b0dff@group-0B323A473FB2-SegmentedRaftLogWorker for RaftStorageImpl:Storage Directory /home/runner/work/ozone/ozone/hadoop-ozone/integration-test/target/test-dir/MiniOzoneClusterImpl-ed39ddd9-82bf-4bf6-8741-acb42c98007c/ozone-meta/datanode-5/ratis/a896e64e-f27b-41e6-b4a0-0b323a473fb2
2024-04-21 07:19:27,358 [80370d78-c36f-4d75-b7cb-6753407b0dff-groupManagement] INFO  server.RaftServerConfigKeys (ConfUtils.java:logGet(46)) - raft.server.log.queue.byte-limit = 4294967296 (custom)
2024-04-21 07:19:27,358 [80370d78-c36f-4d75-b7cb-6753407b0dff-groupManagement] INFO  server.RaftServerConfigKeys (ConfUtils.java:logGet(46)) - raft.server.log.queue.element-limit = 1024 (custom)
2024-04-21 07:19:27,358 [80370d78-c36f-4d75-b7cb-6753407b0dff-groupManagement] INFO  server.RaftServerConfigKeys (ConfUtils.java:logGet(46)) - raft.server.log.segment.size.max = 67108864 (custom)
2024-04-21 07:19:27,358 [80370d78-c36f-4d75-b7cb-6753407b0dff-groupManagement] INFO  server.RaftServerConfigKeys (ConfUtils.java:logGet(46)) - raft.server.log.preallocated.size = 4194304 (custom)
2024-04-21 07:19:27,358 [80370d78-c36f-4d75-b7cb-6753407b0dff-groupManagement] INFO  server.RaftServerConfigKeys (ConfUtils.java:logGet(46)) - raft.server.log.force.sync.num = 128 (default)
2024-04-21 07:19:27,358 [80370d78-c36f-4d75-b7cb-6753407b0dff-groupManagement] INFO  server.RaftServerConfigKeys (ConfUtils.java:logGet(46)) - raft.server.log.statemachine.data.sync = true (default)
2024-04-21 07:19:27,358 [80370d78-c36f-4d75-b7cb-6753407b0dff-groupManagement] INFO  server.RaftServerConfigKeys (ConfUtils.java:logGet(46)) - raft.server.log.statemachine.data.sync.timeout = 10s (default)
2024-04-21 07:19:27,359 [80370d78-c36f-4d75-b7cb-6753407b0dff-groupManagement] INFO  server.RaftServerConfigKeys (ConfUtils.java:logGet(46)) - raft.server.log.statemachine.data.sync.timeout.retry = 30 (custom)
2024-04-21 07:19:27,359 [80370d78-c36f-4d75-b7cb-6753407b0dff-groupManagement] INFO  server.RaftServerConfigKeys (ConfUtils.java:logGet(46)) - raft.server.log.write.buffer.size = 8388616 (custom)
2024-04-21 07:19:27,360 [80370d78-c36f-4d75-b7cb-6753407b0dff-groupManagement] INFO  server.RaftServerConfigKeys (ConfUtils.java:logGet(46)) - raft.server.log.appender.buffer.byte-limit = 8388608 (custom)
2024-04-21 07:19:27,360 [80370d78-c36f-4d75-b7cb-6753407b0dff-groupManagement] INFO  server.RaftServerConfigKeys (ConfUtils.java:logGet(46)) - raft.server.log.unsafe-flush.enabled = false (default)
2024-04-21 07:19:27,360 [80370d78-c36f-4d75-b7cb-6753407b0dff-groupManagement] INFO  server.RaftServerConfigKeys (ConfUtils.java:logGet(46)) - raft.server.log.async-flush.enabled = false (default)
2024-04-21 07:19:27,360 [80370d78-c36f-4d75-b7cb-6753407b0dff-groupManagement] INFO  server.RaftServerConfigKeys (ConfUtils.java:logGet(46)) - raft.server.log.statemachine.data.caching.enabled = true (custom)
2024-04-21 07:19:27,360 [80370d78-c36f-4d75-b7cb-6753407b0dff-groupManagement] INFO  segmented.SegmentedRaftLogWorker (SegmentedRaftLogWorker.java:lambda$new$0(134)) - 80370d78-c36f-4d75-b7cb-6753407b0dff@group-0B323A473FB2-SegmentedRaftLogWorker: flushIndex: setUnconditionally 0 -> -1
2024-04-21 07:19:27,360 [80370d78-c36f-4d75-b7cb-6753407b0dff-groupManagement] INFO  segmented.SegmentedRaftLogWorker (SegmentedRaftLogWorker.java:lambda$new$0(134)) - 80370d78-c36f-4d75-b7cb-6753407b0dff@group-0B323A473FB2-SegmentedRaftLogWorker: safeCacheEvictIndex: setUnconditionally 0 -> -1
2024-04-21 07:19:27,361 [80370d78-c36f-4d75-b7cb-6753407b0dff-groupManagement] INFO  server.RaftServer$Division (RaftServerImpl.java:start(396)) - 80370d78-c36f-4d75-b7cb-6753407b0dff@group-0B323A473FB2: start as a follower, conf=-1: peers:[a45323a7-bc80-446e-b427-0ffb34a72641|10.1.0.102:15147, 80370d78-c36f-4d75-b7cb-6753407b0dff|10.1.0.102:15156, 33d4fa9a-f1b5-45a2-9ce3-43c86fd82df2|10.1.0.102:15129]|listeners:[], old=null
2024-04-21 07:19:27,361 [80370d78-c36f-4d75-b7cb-6753407b0dff-groupManagement] INFO  server.RaftServer$Division (RaftServerImpl.java:setRole(383)) - 80370d78-c36f-4d75-b7cb-6753407b0dff@group-0B323A473FB2: changes role from      null to FOLLOWER at term 0 for startAsFollower
2024-04-21 07:19:27,361 [80370d78-c36f-4d75-b7cb-6753407b0dff-groupManagement] INFO  impl.RoleInfo (RoleInfo.java:updateAndGet(139)) - 80370d78-c36f-4d75-b7cb-6753407b0dff: start 80370d78-c36f-4d75-b7cb-6753407b0dff@group-0B323A473FB2-FollowerState
2024-04-21 07:19:27,361 [80370d78-c36f-4d75-b7cb-6753407b0dff@group-0B323A473FB2-FollowerState] INFO  server.RaftServerConfigKeys (ConfUtils.java:logFallback(53)) - raft.server.rpc.first-election.timeout.min = 5s (fallback to raft.server.rpc.timeout.min)
2024-04-21 07:19:27,361 [80370d78-c36f-4d75-b7cb-6753407b0dff-groupManagement] INFO  util.JmxRegister (JmxRegister.java:tryRegister(44)) - Successfully registered JMX Bean with object name Ratis:service=RaftServer,group=group-0B323A473FB2,id=80370d78-c36f-4d75-b7cb-6753407b0dff
2024-04-21 07:19:27,361 [80370d78-c36f-4d75-b7cb-6753407b0dff@group-0B323A473FB2-FollowerState] INFO  server.RaftServerConfigKeys (ConfUtils.java:logFallback(53)) - raft.server.rpc.first-election.timeout.max = 5200ms (fallback to raft.server.rpc.timeout.max)
2024-04-21 07:19:27,361 [80370d78-c36f-4d75-b7cb-6753407b0dff-groupManagement] INFO  server.RaftServerConfigKeys (ConfUtils.java:logGet(46)) - raft.server.snapshot.trigger-when-stop.enabled = true (default)
2024-04-21 07:19:27,361 [80370d78-c36f-4d75-b7cb-6753407b0dff-groupManagement] INFO  server.RaftServerConfigKeys (ConfUtils.java:logGet(46)) - raft.server.snapshot.auto.trigger.enabled = true (custom)
2024-04-21 07:19:27,361 [80370d78-c36f-4d75-b7cb-6753407b0dff-groupManagement] INFO  server.RaftServerConfigKeys (ConfUtils.java:logGet(46)) - raft.server.snapshot.auto.trigger.threshold = 10000 (custom)
2024-04-21 07:19:27,361 [80370d78-c36f-4d75-b7cb-6753407b0dff-groupManagement] INFO  server.RaftServerConfigKeys (ConfUtils.java:logGet(46)) - raft.server.snapshot.retention.file.num = 5 (custom)
2024-04-21 07:19:27,361 [80370d78-c36f-4d75-b7cb-6753407b0dff-groupManagement] INFO  server.RaftServerConfigKeys (ConfUtils.java:logGet(46)) - raft.server.log.purge.upto.snapshot.index = false (default)
2024-04-21 07:19:27,362 [80370d78-c36f-4d75-b7cb-6753407b0dff-PipelineCommandHandlerThread-0] INFO  ratis.XceiverServerRatis (XceiverServerRatis.java:addGroup(864)) - Created group PipelineID=a896e64e-f27b-41e6-b4a0-0b323a473fb2
2024-04-21 07:19:27,367 [grpc-default-executor-4] INFO  server.RaftServer (RaftServerProxy.java:addNew(100)) - a45323a7-bc80-446e-b427-0ffb34a72641: addNew group-0B323A473FB2:[a45323a7-bc80-446e-b427-0ffb34a72641|10.1.0.102:15147, 80370d78-c36f-4d75-b7cb-6753407b0dff|10.1.0.102:15156, 33d4fa9a-f1b5-45a2-9ce3-43c86fd82df2|10.1.0.102:15129] returns group-0B323A473FB2:java.util.concurrent.CompletableFuture@3760ca33[Not completed]
2024-04-21 07:19:27,368 [a45323a7-bc80-446e-b427-0ffb34a72641-groupManagement] INFO  server.RaftServer$Division (RaftServerImpl.java:<init>(256)) - a45323a7-bc80-446e-b427-0ffb34a72641: new RaftServerImpl for group-0B323A473FB2:[a45323a7-bc80-446e-b427-0ffb34a72641|10.1.0.102:15147, 80370d78-c36f-4d75-b7cb-6753407b0dff|10.1.0.102:15156, 33d4fa9a-f1b5-45a2-9ce3-43c86fd82df2|10.1.0.102:15129] with ContainerStateMachine:uninitialized
2024-04-21 07:19:27,368 [a45323a7-bc80-446e-b427-0ffb34a72641-groupManagement] INFO  server.RaftServerConfigKeys (ConfUtils.java:logGet(46)) - raft.server.rpc.timeout.min = 5s (custom)
2024-04-21 07:19:27,368 [a45323a7-bc80-446e-b427-0ffb34a72641-groupManagement] INFO  server.RaftServerConfigKeys (ConfUtils.java:logGet(46)) - raft.server.rpc.timeout.max = 5200ms (custom)
2024-04-21 07:19:27,368 [a45323a7-bc80-446e-b427-0ffb34a72641-groupManagement] INFO  server.RaftServerConfigKeys (ConfUtils.java:logGet(46)) - raft.server.rpc.sleep.time = 25ms (default)
2024-04-21 07:19:27,368 [a45323a7-bc80-446e-b427-0ffb34a72641-groupManagement] INFO  server.RaftServerConfigKeys (ConfUtils.java:logGet(46)) - raft.server.rpc.slowness.timeout = 300000ms (custom)
2024-04-21 07:19:27,368 [a45323a7-bc80-446e-b427-0ffb34a72641-groupManagement] INFO  server.RaftServerConfigKeys (ConfUtils.java:logGet(46)) - raft.server.leaderelection.leader.step-down.wait-time = 10s (default)
2024-04-21 07:19:27,368 [a45323a7-bc80-446e-b427-0ffb34a72641-groupManagement] INFO  server.RaftServerConfigKeys (ConfUtils.java:logGet(46)) - raft.server.leaderelection.member.majority-add = false (default)
2024-04-21 07:19:27,368 [a45323a7-bc80-446e-b427-0ffb34a72641-groupManagement] INFO  server.RaftServerConfigKeys (ConfUtils.java:logGet(46)) - raft.server.sleep.deviation.threshold = 300ms (default)
2024-04-21 07:19:27,369 [a45323a7-bc80-446e-b427-0ffb34a72641-groupManagement] INFO  server.RaftServer$Division (ServerState.java:<init>(113)) - a45323a7-bc80-446e-b427-0ffb34a72641@group-0B323A473FB2: ConfigurationManager, init=-1: peers:[a45323a7-bc80-446e-b427-0ffb34a72641|10.1.0.102:15147, 80370d78-c36f-4d75-b7cb-6753407b0dff|10.1.0.102:15156, 33d4fa9a-f1b5-45a2-9ce3-43c86fd82df2|10.1.0.102:15129]|listeners:[], old=null, confs=<EMPTY_MAP>
2024-04-21 07:19:27,369 [a45323a7-bc80-446e-b427-0ffb34a72641-groupManagement] INFO  server.RaftServerConfigKeys (ConfUtils.java:logGet(46)) - raft.server.notification.no-leader.timeout = 300000ms (custom)
2024-04-21 07:19:27,369 [a45323a7-bc80-446e-b427-0ffb34a72641-groupManagement] INFO  server.RaftServerConfigKeys (ConfUtils.java:logGet(46)) - raft.server.read.timeout = 10s (default)
2024-04-21 07:19:27,369 [a45323a7-bc80-446e-b427-0ffb34a72641-groupManagement] INFO  server.RaftServerConfigKeys (ConfUtils.java:logGet(46)) - raft.server.retrycache.expirytime = 600000ms (custom)
2024-04-21 07:19:27,369 [a45323a7-bc80-446e-b427-0ffb34a72641-groupManagement] INFO  server.RaftServerConfigKeys (ConfUtils.java:logGet(46)) - raft.server.retrycache.statistics.expirytime = 100ms (default)
2024-04-21 07:19:27,369 [a45323a7-bc80-446e-b427-0ffb34a72641-groupManagement] INFO  server.RaftServerConfigKeys (ConfUtils.java:logGet(46)) - raft.server.read.option = DEFAULT (default)
2024-04-21 07:19:27,369 [a45323a7-bc80-446e-b427-0ffb34a72641-groupManagement] INFO  server.RaftServerConfigKeys (ConfUtils.java:logGet(46)) - raft.server.read.read-after-write-consistent.write-index-cache.expiry-time = 60s (default)
2024-04-21 07:19:27,370 [a45323a7-bc80-446e-b427-0ffb34a72641-groupManagement] INFO  server.RaftServerConfigKeys (ConfUtils.java:logGet(46)) - raft.server.rpc.request.timeout = 3000ms (default)
2024-04-21 07:19:27,370 [a45323a7-bc80-446e-b427-0ffb34a72641-groupManagement] INFO  server.RaftServerConfigKeys (ConfUtils.java:logGet(46)) - raft.server.log.appender.install.snapshot.enabled = false (custom)
2024-04-21 07:19:27,370 [a45323a7-bc80-446e-b427-0ffb34a72641-groupManagement] INFO  server.RaftServerConfigKeys (ConfUtils.java:logGet(46)) - raft.server.threadpool.server.cached = true (default)
2024-04-21 07:19:27,370 [a45323a7-bc80-446e-b427-0ffb34a72641-groupManagement] INFO  server.RaftServerConfigKeys (ConfUtils.java:logGet(46)) - raft.server.threadpool.server.size = 0 (default)
2024-04-21 07:19:27,370 [a45323a7-bc80-446e-b427-0ffb34a72641-groupManagement] INFO  server.RaftServerConfigKeys (ConfUtils.java:logGet(46)) - raft.server.threadpool.client.cached = true (default)
2024-04-21 07:19:27,371 [a45323a7-bc80-446e-b427-0ffb34a72641-groupManagement] INFO  server.RaftServerConfigKeys (ConfUtils.java:logGet(46)) - raft.server.threadpool.client.size = 0 (default)
2024-04-21 07:19:27,371 [a45323a7-bc80-446e-b427-0ffb34a72641-groupManagement] INFO  server.RaftServerConfigKeys (ConfUtils.java:logGet(46)) - raft.server.storage.free-space.min = 0MB (=0) (default)
2024-04-21 07:19:27,371 [a45323a7-bc80-446e-b427-0ffb34a72641-groupManagement] INFO  server.RaftServerConfigKeys (ConfUtils.java:logGet(46)) - raft.server.log.corruption.policy = EXCEPTION (default)
2024-04-21 07:19:27,371 [a45323a7-bc80-446e-b427-0ffb34a72641-groupManagement] INFO  server.RaftServerConfigKeys (ConfUtils.java:logGet(46)) - raft.server.storage.dir = [/home/runner/work/ozone/ozone/hadoop-ozone/integration-test/target/test-dir/MiniOzoneClusterImpl-ed39ddd9-82bf-4bf6-8741-acb42c98007c/ozone-meta/datanode-4/ratis] (custom)
2024-04-21 07:19:27,371 [a45323a7-bc80-446e-b427-0ffb34a72641-groupManagement] INFO  storage.RaftStorageDirectory (RaftStorageDirectoryImpl.java:analyzeStorage(138)) - The storage directory /home/runner/work/ozone/ozone/hadoop-ozone/integration-test/target/test-dir/MiniOzoneClusterImpl-ed39ddd9-82bf-4bf6-8741-acb42c98007c/ozone-meta/datanode-4/ratis/a896e64e-f27b-41e6-b4a0-0b323a473fb2 does not exist. Creating ...
2024-04-21 07:19:27,372 [a45323a7-bc80-446e-b427-0ffb34a72641-groupManagement] INFO  storage.RaftStorageDirectory (RaftStorageDirectoryImpl.java:tryLock(228)) - Lock on /home/runner/work/ozone/ozone/hadoop-ozone/integration-test/target/test-dir/MiniOzoneClusterImpl-ed39ddd9-82bf-4bf6-8741-acb42c98007c/ozone-meta/datanode-4/ratis/a896e64e-f27b-41e6-b4a0-0b323a473fb2/in_use.lock acquired by nodename 52185@fv-az1428-63
2024-04-21 07:19:27,373 [a45323a7-bc80-446e-b427-0ffb34a72641-groupManagement] INFO  storage.RaftStorage (RaftStorageImpl.java:format(99)) - Storage directory /home/runner/work/ozone/ozone/hadoop-ozone/integration-test/target/test-dir/MiniOzoneClusterImpl-ed39ddd9-82bf-4bf6-8741-acb42c98007c/ozone-meta/datanode-4/ratis/a896e64e-f27b-41e6-b4a0-0b323a473fb2 has been successfully formatted.
2024-04-21 07:19:27,373 [a45323a7-bc80-446e-b427-0ffb34a72641-groupManagement] WARN  util.FileUtils (LogUtils.java:supplyAndLog(63)) - Failed to Files.newInputStream /home/runner/work/ozone/ozone/hadoop-ozone/integration-test/target/test-dir/MiniOzoneClusterImpl-ed39ddd9-82bf-4bf6-8741-acb42c98007c/ozone-meta/datanode-4/ratis/a896e64e-f27b-41e6-b4a0-0b323a473fb2/current/raft-meta.conf with options []: java.nio.file.NoSuchFileException: /home/runner/work/ozone/ozone/hadoop-ozone/integration-test/target/test-dir/MiniOzoneClusterImpl-ed39ddd9-82bf-4bf6-8741-acb42c98007c/ozone-meta/datanode-4/ratis/a896e64e-f27b-41e6-b4a0-0b323a473fb2/current/raft-meta.conf
2024-04-21 07:19:27,373 [a45323a7-bc80-446e-b427-0ffb34a72641-groupManagement] INFO  ratis.ContainerStateMachine (ContainerStateMachine.java:loadSnapshot(287)) - group-0B323A473FB2: The snapshot info is null. Setting the last applied index to:(t:0, i:~)
2024-04-21 07:19:27,373 [a45323a7-bc80-446e-b427-0ffb34a72641-groupManagement] INFO  server.RaftServerConfigKeys (ConfUtils.java:logGet(46)) - raft.server.log.use.memory = false (default)
2024-04-21 07:19:27,374 [a45323a7-bc80-446e-b427-0ffb34a72641-groupManagement] INFO  server.RaftServerConfigKeys (ConfUtils.java:logGet(46)) - raft.server.log.purge.gap = 1000000 (custom)
2024-04-21 07:19:27,374 [a45323a7-bc80-446e-b427-0ffb34a72641-groupManagement] INFO  server.RaftServerConfigKeys (ConfUtils.java:logGet(46)) - raft.server.log.appender.buffer.byte-limit = 8388608 (custom)
2024-04-21 07:19:27,374 [a45323a7-bc80-446e-b427-0ffb34a72641-groupManagement] INFO  server.RaftServerConfigKeys (ConfUtils.java:logGet(46)) - raft.server.log.statemachine.data.read.timeout = 1000ms (default)
2024-04-21 07:19:27,374 [a45323a7-bc80-446e-b427-0ffb34a72641-groupManagement] INFO  server.RaftServerConfigKeys (ConfUtils.java:logGet(46)) - raft.server.log.purge.preservation.log.num = 0 (default)
2024-04-21 07:19:27,375 [a45323a7-bc80-446e-b427-0ffb34a72641-groupManagement] INFO  server.RaftServerConfigKeys (ConfUtils.java:logGet(46)) - raft.server.log.segment.size.max = 67108864 (custom)
2024-04-21 07:19:27,375 [a45323a7-bc80-446e-b427-0ffb34a72641-groupManagement] INFO  server.RaftServerConfigKeys (ConfUtils.java:logGet(46)) - raft.server.log.segment.cache.num.max = 2 (custom)
2024-04-21 07:19:27,376 [a45323a7-bc80-446e-b427-0ffb34a72641-groupManagement] INFO  server.RaftServerConfigKeys (ConfUtils.java:logGet(46)) - raft.server.log.segment.cache.size.max = 200MB (=209715200) (default)
2024-04-21 07:19:27,376 [a45323a7-bc80-446e-b427-0ffb34a72641-groupManagement] INFO  server.RaftServerConfigKeys (ConfUtils.java:logGet(46)) - raft.server.log.appender.buffer.byte-limit = 8388608 (custom)
2024-04-21 07:19:27,376 [a45323a7-bc80-446e-b427-0ffb34a72641-groupManagement] INFO  util.AwaitToRun (AwaitToRun.java:start(81)) - Thread[a45323a7-bc80-446e-b427-0ffb34a72641@group-0B323A473FB2-cacheEviction-AwaitToRun,5,main] started
2024-04-21 07:19:27,376 [a45323a7-bc80-446e-b427-0ffb34a72641-groupManagement] INFO  segmented.SegmentedRaftLogWorker (SegmentedRaftLogWorker.java:<init>(182)) - new a45323a7-bc80-446e-b427-0ffb34a72641@group-0B323A473FB2-SegmentedRaftLogWorker for RaftStorageImpl:Storage Directory /home/runner/work/ozone/ozone/hadoop-ozone/integration-test/target/test-dir/MiniOzoneClusterImpl-ed39ddd9-82bf-4bf6-8741-acb42c98007c/ozone-meta/datanode-4/ratis/a896e64e-f27b-41e6-b4a0-0b323a473fb2
2024-04-21 07:19:27,376 [a45323a7-bc80-446e-b427-0ffb34a72641-groupManagement] INFO  server.RaftServerConfigKeys (ConfUtils.java:logGet(46)) - raft.server.log.queue.byte-limit = 4294967296 (custom)
2024-04-21 07:19:27,376 [a45323a7-bc80-446e-b427-0ffb34a72641-groupManagement] INFO  server.RaftServerConfigKeys (ConfUtils.java:logGet(46)) - raft.server.log.queue.element-limit = 1024 (custom)
2024-04-21 07:19:27,376 [a45323a7-bc80-446e-b427-0ffb34a72641-groupManagement] INFO  server.RaftServerConfigKeys (ConfUtils.java:logGet(46)) - raft.server.log.segment.size.max = 67108864 (custom)
2024-04-21 07:19:27,376 [a45323a7-bc80-446e-b427-0ffb34a72641-groupManagement] INFO  server.RaftServerConfigKeys (ConfUtils.java:logGet(46)) - raft.server.log.preallocated.size = 4194304 (custom)
2024-04-21 07:19:27,376 [a45323a7-bc80-446e-b427-0ffb34a72641-groupManagement] INFO  server.RaftServerConfigKeys (ConfUtils.java:logGet(46)) - raft.server.log.force.sync.num = 128 (default)
2024-04-21 07:19:27,376 [a45323a7-bc80-446e-b427-0ffb34a72641-groupManagement] INFO  server.RaftServerConfigKeys (ConfUtils.java:logGet(46)) - raft.server.log.statemachine.data.sync = true (default)
2024-04-21 07:19:27,376 [a45323a7-bc80-446e-b427-0ffb34a72641-groupManagement] INFO  server.RaftServerConfigKeys (ConfUtils.java:logGet(46)) - raft.server.log.statemachine.data.sync.timeout = 10s (default)
2024-04-21 07:19:27,377 [a45323a7-bc80-446e-b427-0ffb34a72641-groupManagement] INFO  server.RaftServerConfigKeys (ConfUtils.java:logGet(46)) - raft.server.log.statemachine.data.sync.timeout.retry = 30 (custom)
2024-04-21 07:19:27,377 [a45323a7-bc80-446e-b427-0ffb34a72641-groupManagement] INFO  server.RaftServerConfigKeys (ConfUtils.java:logGet(46)) - raft.server.log.write.buffer.size = 8388616 (custom)
2024-04-21 07:19:27,378 [a45323a7-bc80-446e-b427-0ffb34a72641-groupManagement] INFO  server.RaftServerConfigKeys (ConfUtils.java:logGet(46)) - raft.server.log.appender.buffer.byte-limit = 8388608 (custom)
2024-04-21 07:19:27,378 [a45323a7-bc80-446e-b427-0ffb34a72641-groupManagement] INFO  server.RaftServerConfigKeys (ConfUtils.java:logGet(46)) - raft.server.log.unsafe-flush.enabled = false (default)
2024-04-21 07:19:27,378 [a45323a7-bc80-446e-b427-0ffb34a72641-groupManagement] INFO  server.RaftServerConfigKeys (ConfUtils.java:logGet(46)) - raft.server.log.async-flush.enabled = false (default)
2024-04-21 07:19:27,378 [a45323a7-bc80-446e-b427-0ffb34a72641-groupManagement] INFO  server.RaftServerConfigKeys (ConfUtils.java:logGet(46)) - raft.server.log.statemachine.data.caching.enabled = true (custom)
2024-04-21 07:19:27,379 [a45323a7-bc80-446e-b427-0ffb34a72641-groupManagement] INFO  segmented.SegmentedRaftLogWorker (SegmentedRaftLogWorker.java:lambda$new$0(134)) - a45323a7-bc80-446e-b427-0ffb34a72641@group-0B323A473FB2-SegmentedRaftLogWorker: flushIndex: setUnconditionally 0 -> -1
2024-04-21 07:19:27,379 [a45323a7-bc80-446e-b427-0ffb34a72641-groupManagement] INFO  segmented.SegmentedRaftLogWorker (SegmentedRaftLogWorker.java:lambda$new$0(134)) - a45323a7-bc80-446e-b427-0ffb34a72641@group-0B323A473FB2-SegmentedRaftLogWorker: safeCacheEvictIndex: setUnconditionally 0 -> -1
2024-04-21 07:19:27,379 [a45323a7-bc80-446e-b427-0ffb34a72641-groupManagement] INFO  server.RaftServer$Division (RaftServerImpl.java:start(396)) - a45323a7-bc80-446e-b427-0ffb34a72641@group-0B323A473FB2: start as a follower, conf=-1: peers:[a45323a7-bc80-446e-b427-0ffb34a72641|10.1.0.102:15147, 80370d78-c36f-4d75-b7cb-6753407b0dff|10.1.0.102:15156, 33d4fa9a-f1b5-45a2-9ce3-43c86fd82df2|10.1.0.102:15129]|listeners:[], old=null
2024-04-21 07:19:27,379 [a45323a7-bc80-446e-b427-0ffb34a72641-groupManagement] INFO  server.RaftServer$Division (RaftServerImpl.java:setRole(383)) - a45323a7-bc80-446e-b427-0ffb34a72641@group-0B323A473FB2: changes role from      null to FOLLOWER at term 0 for startAsFollower
2024-04-21 07:19:27,379 [a45323a7-bc80-446e-b427-0ffb34a72641-groupManagement] INFO  impl.RoleInfo (RoleInfo.java:updateAndGet(139)) - a45323a7-bc80-446e-b427-0ffb34a72641: start a45323a7-bc80-446e-b427-0ffb34a72641@group-0B323A473FB2-FollowerState
2024-04-21 07:19:27,383 [a45323a7-bc80-446e-b427-0ffb34a72641-groupManagement] INFO  util.JmxRegister (JmxRegister.java:tryRegister(44)) - Successfully registered JMX Bean with object name Ratis:service=RaftServer,group=group-0B323A473FB2,id=a45323a7-bc80-446e-b427-0ffb34a72641
2024-04-21 07:19:27,383 [a45323a7-bc80-446e-b427-0ffb34a72641-groupManagement] INFO  server.RaftServerConfigKeys (ConfUtils.java:logGet(46)) - raft.server.snapshot.trigger-when-stop.enabled = true (default)
2024-04-21 07:19:27,383 [a45323a7-bc80-446e-b427-0ffb34a72641-groupManagement] INFO  server.RaftServerConfigKeys (ConfUtils.java:logGet(46)) - raft.server.snapshot.auto.trigger.enabled = true (custom)
2024-04-21 07:19:27,383 [a45323a7-bc80-446e-b427-0ffb34a72641-groupManagement] INFO  server.RaftServerConfigKeys (ConfUtils.java:logGet(46)) - raft.server.snapshot.auto.trigger.threshold = 10000 (custom)
2024-04-21 07:19:27,383 [a45323a7-bc80-446e-b427-0ffb34a72641-groupManagement] INFO  server.RaftServerConfigKeys (ConfUtils.java:logGet(46)) - raft.server.snapshot.retention.file.num = 5 (custom)
2024-04-21 07:19:27,383 [a45323a7-bc80-446e-b427-0ffb34a72641-groupManagement] INFO  server.RaftServerConfigKeys (ConfUtils.java:logGet(46)) - raft.server.log.purge.upto.snapshot.index = false (default)
2024-04-21 07:19:27,384 [a45323a7-bc80-446e-b427-0ffb34a72641@group-0B323A473FB2-FollowerState] INFO  server.RaftServerConfigKeys (ConfUtils.java:logFallback(53)) - raft.server.rpc.first-election.timeout.min = 5s (fallback to raft.server.rpc.timeout.min)
2024-04-21 07:19:27,384 [a45323a7-bc80-446e-b427-0ffb34a72641@group-0B323A473FB2-FollowerState] INFO  server.RaftServerConfigKeys (ConfUtils.java:logFallback(53)) - raft.server.rpc.first-election.timeout.max = 5200ms (fallback to raft.server.rpc.timeout.max)
2024-04-21 07:19:27,392 [grpc-default-executor-4] INFO  server.RaftServer (RaftServerProxy.java:addNew(100)) - 33d4fa9a-f1b5-45a2-9ce3-43c86fd82df2: addNew group-0B323A473FB2:[a45323a7-bc80-446e-b427-0ffb34a72641|10.1.0.102:15147, 80370d78-c36f-4d75-b7cb-6753407b0dff|10.1.0.102:15156, 33d4fa9a-f1b5-45a2-9ce3-43c86fd82df2|10.1.0.102:15129] returns group-0B323A473FB2:java.util.concurrent.CompletableFuture@5178f332[Not completed]
2024-04-21 07:19:27,392 [33d4fa9a-f1b5-45a2-9ce3-43c86fd82df2-groupManagement] INFO  server.RaftServer$Division (RaftServerImpl.java:<init>(256)) - 33d4fa9a-f1b5-45a2-9ce3-43c86fd82df2: new RaftServerImpl for group-0B323A473FB2:[a45323a7-bc80-446e-b427-0ffb34a72641|10.1.0.102:15147, 80370d78-c36f-4d75-b7cb-6753407b0dff|10.1.0.102:15156, 33d4fa9a-f1b5-45a2-9ce3-43c86fd82df2|10.1.0.102:15129] with ContainerStateMachine:uninitialized
2024-04-21 07:19:27,392 [33d4fa9a-f1b5-45a2-9ce3-43c86fd82df2-groupManagement] INFO  server.RaftServerConfigKeys (ConfUtils.java:logGet(46)) - raft.server.rpc.timeout.min = 5s (custom)
2024-04-21 07:19:27,393 [33d4fa9a-f1b5-45a2-9ce3-43c86fd82df2-groupManagement] INFO  server.RaftServerConfigKeys (ConfUtils.java:logGet(46)) - raft.server.rpc.timeout.max = 5200ms (custom)
2024-04-21 07:19:27,393 [33d4fa9a-f1b5-45a2-9ce3-43c86fd82df2-groupManagement] INFO  server.RaftServerConfigKeys (ConfUtils.java:logGet(46)) - raft.server.rpc.sleep.time = 25ms (default)
2024-04-21 07:19:27,393 [33d4fa9a-f1b5-45a2-9ce3-43c86fd82df2-groupManagement] INFO  server.RaftServerConfigKeys (ConfUtils.java:logGet(46)) - raft.server.rpc.slowness.timeout = 300000ms (custom)
2024-04-21 07:19:27,393 [33d4fa9a-f1b5-45a2-9ce3-43c86fd82df2-groupManagement] INFO  server.RaftServerConfigKeys (ConfUtils.java:logGet(46)) - raft.server.leaderelection.leader.step-down.wait-time = 10s (default)
2024-04-21 07:19:27,393 [33d4fa9a-f1b5-45a2-9ce3-43c86fd82df2-groupManagement] INFO  server.RaftServerConfigKeys (ConfUtils.java:logGet(46)) - raft.server.leaderelection.member.majority-add = false (default)
2024-04-21 07:19:27,393 [33d4fa9a-f1b5-45a2-9ce3-43c86fd82df2-groupManagement] INFO  server.RaftServerConfigKeys (ConfUtils.java:logGet(46)) - raft.server.sleep.deviation.threshold = 300ms (default)
2024-04-21 07:19:27,393 [33d4fa9a-f1b5-45a2-9ce3-43c86fd82df2-groupManagement] INFO  server.RaftServer$Division (ServerState.java:<init>(113)) - 33d4fa9a-f1b5-45a2-9ce3-43c86fd82df2@group-0B323A473FB2: ConfigurationManager, init=-1: peers:[a45323a7-bc80-446e-b427-0ffb34a72641|10.1.0.102:15147, 80370d78-c36f-4d75-b7cb-6753407b0dff|10.1.0.102:15156, 33d4fa9a-f1b5-45a2-9ce3-43c86fd82df2|10.1.0.102:15129]|listeners:[], old=null, confs=<EMPTY_MAP>
2024-04-21 07:19:27,393 [33d4fa9a-f1b5-45a2-9ce3-43c86fd82df2-groupManagement] INFO  server.RaftServerConfigKeys (ConfUtils.java:logGet(46)) - raft.server.notification.no-leader.timeout = 300000ms (custom)
2024-04-21 07:19:27,393 [33d4fa9a-f1b5-45a2-9ce3-43c86fd82df2-groupManagement] INFO  server.RaftServerConfigKeys (ConfUtils.java:logGet(46)) - raft.server.read.timeout = 10s (default)
2024-04-21 07:19:27,393 [33d4fa9a-f1b5-45a2-9ce3-43c86fd82df2-groupManagement] INFO  server.RaftServerConfigKeys (ConfUtils.java:logGet(46)) - raft.server.retrycache.expirytime = 600000ms (custom)
2024-04-21 07:19:27,393 [33d4fa9a-f1b5-45a2-9ce3-43c86fd82df2-groupManagement] INFO  server.RaftServerConfigKeys (ConfUtils.java:logGet(46)) - raft.server.retrycache.statistics.expirytime = 100ms (default)
2024-04-21 07:19:27,393 [33d4fa9a-f1b5-45a2-9ce3-43c86fd82df2-groupManagement] INFO  server.RaftServerConfigKeys (ConfUtils.java:logGet(46)) - raft.server.read.option = DEFAULT (default)
2024-04-21 07:19:27,393 [33d4fa9a-f1b5-45a2-9ce3-43c86fd82df2-groupManagement] INFO  server.RaftServerConfigKeys (ConfUtils.java:logGet(46)) - raft.server.read.read-after-write-consistent.write-index-cache.expiry-time = 60s (default)
2024-04-21 07:19:27,395 [33d4fa9a-f1b5-45a2-9ce3-43c86fd82df2-groupManagement] INFO  server.RaftServerConfigKeys (ConfUtils.java:logGet(46)) - raft.server.rpc.request.timeout = 3000ms (default)
2024-04-21 07:19:27,395 [33d4fa9a-f1b5-45a2-9ce3-43c86fd82df2-groupManagement] INFO  server.RaftServerConfigKeys (ConfUtils.java:logGet(46)) - raft.server.log.appender.install.snapshot.enabled = false (custom)
2024-04-21 07:19:27,395 [33d4fa9a-f1b5-45a2-9ce3-43c86fd82df2-groupManagement] INFO  server.RaftServerConfigKeys (ConfUtils.java:logGet(46)) - raft.server.threadpool.server.cached = true (default)
2024-04-21 07:19:27,395 [33d4fa9a-f1b5-45a2-9ce3-43c86fd82df2-groupManagement] INFO  server.RaftServerConfigKeys (ConfUtils.java:logGet(46)) - raft.server.threadpool.server.size = 0 (default)
2024-04-21 07:19:27,395 [33d4fa9a-f1b5-45a2-9ce3-43c86fd82df2-groupManagement] INFO  server.RaftServerConfigKeys (ConfUtils.java:logGet(46)) - raft.server.threadpool.client.cached = true (default)
2024-04-21 07:19:27,395 [33d4fa9a-f1b5-45a2-9ce3-43c86fd82df2-groupManagement] INFO  server.RaftServerConfigKeys (ConfUtils.java:logGet(46)) - raft.server.threadpool.client.size = 0 (default)
2024-04-21 07:19:27,395 [33d4fa9a-f1b5-45a2-9ce3-43c86fd82df2-groupManagement] INFO  server.RaftServerConfigKeys (ConfUtils.java:logGet(46)) - raft.server.storage.free-space.min = 0MB (=0) (default)
2024-04-21 07:19:27,395 [33d4fa9a-f1b5-45a2-9ce3-43c86fd82df2-groupManagement] INFO  server.RaftServerConfigKeys (ConfUtils.java:logGet(46)) - raft.server.log.corruption.policy = EXCEPTION (default)
2024-04-21 07:19:27,395 [33d4fa9a-f1b5-45a2-9ce3-43c86fd82df2-groupManagement] INFO  server.RaftServerConfigKeys (ConfUtils.java:logGet(46)) - raft.server.storage.dir = [/home/runner/work/ozone/ozone/hadoop-ozone/integration-test/target/test-dir/MiniOzoneClusterImpl-ed39ddd9-82bf-4bf6-8741-acb42c98007c/ozone-meta/datanode-2/ratis] (custom)
2024-04-21 07:19:27,395 [33d4fa9a-f1b5-45a2-9ce3-43c86fd82df2-groupManagement] INFO  storage.RaftStorageDirectory (RaftStorageDirectoryImpl.java:analyzeStorage(138)) - The storage directory /home/runner/work/ozone/ozone/hadoop-ozone/integration-test/target/test-dir/MiniOzoneClusterImpl-ed39ddd9-82bf-4bf6-8741-acb42c98007c/ozone-meta/datanode-2/ratis/a896e64e-f27b-41e6-b4a0-0b323a473fb2 does not exist. Creating ...
2024-04-21 07:19:27,396 [33d4fa9a-f1b5-45a2-9ce3-43c86fd82df2-groupManagement] INFO  storage.RaftStorageDirectory (RaftStorageDirectoryImpl.java:tryLock(228)) - Lock on /home/runner/work/ozone/ozone/hadoop-ozone/integration-test/target/test-dir/MiniOzoneClusterImpl-ed39ddd9-82bf-4bf6-8741-acb42c98007c/ozone-meta/datanode-2/ratis/a896e64e-f27b-41e6-b4a0-0b323a473fb2/in_use.lock acquired by nodename 52185@fv-az1428-63
2024-04-21 07:19:27,397 [33d4fa9a-f1b5-45a2-9ce3-43c86fd82df2-groupManagement] INFO  storage.RaftStorage (RaftStorageImpl.java:format(99)) - Storage directory /home/runner/work/ozone/ozone/hadoop-ozone/integration-test/target/test-dir/MiniOzoneClusterImpl-ed39ddd9-82bf-4bf6-8741-acb42c98007c/ozone-meta/datanode-2/ratis/a896e64e-f27b-41e6-b4a0-0b323a473fb2 has been successfully formatted.
2024-04-21 07:19:27,397 [33d4fa9a-f1b5-45a2-9ce3-43c86fd82df2-groupManagement] WARN  util.FileUtils (LogUtils.java:supplyAndLog(63)) - Failed to Files.newInputStream /home/runner/work/ozone/ozone/hadoop-ozone/integration-test/target/test-dir/MiniOzoneClusterImpl-ed39ddd9-82bf-4bf6-8741-acb42c98007c/ozone-meta/datanode-2/ratis/a896e64e-f27b-41e6-b4a0-0b323a473fb2/current/raft-meta.conf with options []: java.nio.file.NoSuchFileException: /home/runner/work/ozone/ozone/hadoop-ozone/integration-test/target/test-dir/MiniOzoneClusterImpl-ed39ddd9-82bf-4bf6-8741-acb42c98007c/ozone-meta/datanode-2/ratis/a896e64e-f27b-41e6-b4a0-0b323a473fb2/current/raft-meta.conf
2024-04-21 07:19:27,398 [33d4fa9a-f1b5-45a2-9ce3-43c86fd82df2-groupManagement] INFO  ratis.ContainerStateMachine (ContainerStateMachine.java:loadSnapshot(287)) - group-0B323A473FB2: The snapshot info is null. Setting the last applied index to:(t:0, i:~)
2024-04-21 07:19:27,398 [33d4fa9a-f1b5-45a2-9ce3-43c86fd82df2-groupManagement] INFO  server.RaftServerConfigKeys (ConfUtils.java:logGet(46)) - raft.server.log.use.memory = false (default)
2024-04-21 07:19:27,398 [33d4fa9a-f1b5-45a2-9ce3-43c86fd82df2-groupManagement] INFO  server.RaftServerConfigKeys (ConfUtils.java:logGet(46)) - raft.server.log.purge.gap = 1000000 (custom)
2024-04-21 07:19:27,398 [33d4fa9a-f1b5-45a2-9ce3-43c86fd82df2-groupManagement] INFO  server.RaftServerConfigKeys (ConfUtils.java:logGet(46)) - raft.server.log.appender.buffer.byte-limit = 8388608 (custom)
2024-04-21 07:19:27,398 [33d4fa9a-f1b5-45a2-9ce3-43c86fd82df2-groupManagement] INFO  server.RaftServerConfigKeys (ConfUtils.java:logGet(46)) - raft.server.log.statemachine.data.read.timeout = 1000ms (default)
2024-04-21 07:19:27,398 [33d4fa9a-f1b5-45a2-9ce3-43c86fd82df2-groupManagement] INFO  server.RaftServerConfigKeys (ConfUtils.java:logGet(46)) - raft.server.log.purge.preservation.log.num = 0 (default)
2024-04-21 07:19:27,399 [33d4fa9a-f1b5-45a2-9ce3-43c86fd82df2-groupManagement] INFO  server.RaftServerConfigKeys (ConfUtils.java:logGet(46)) - raft.server.log.segment.size.max = 67108864 (custom)
2024-04-21 07:19:27,399 [33d4fa9a-f1b5-45a2-9ce3-43c86fd82df2-groupManagement] INFO  server.RaftServerConfigKeys (ConfUtils.java:logGet(46)) - raft.server.log.segment.cache.num.max = 2 (custom)
2024-04-21 07:19:27,399 [33d4fa9a-f1b5-45a2-9ce3-43c86fd82df2-groupManagement] INFO  server.RaftServerConfigKeys (ConfUtils.java:logGet(46)) - raft.server.log.segment.cache.size.max = 200MB (=209715200) (default)
2024-04-21 07:19:27,399 [33d4fa9a-f1b5-45a2-9ce3-43c86fd82df2-groupManagement] INFO  server.RaftServerConfigKeys (ConfUtils.java:logGet(46)) - raft.server.log.appender.buffer.byte-limit = 8388608 (custom)
2024-04-21 07:19:27,399 [33d4fa9a-f1b5-45a2-9ce3-43c86fd82df2-groupManagement] INFO  util.AwaitToRun (AwaitToRun.java:start(81)) - Thread[33d4fa9a-f1b5-45a2-9ce3-43c86fd82df2@group-0B323A473FB2-cacheEviction-AwaitToRun,5,main] started
2024-04-21 07:19:27,399 [33d4fa9a-f1b5-45a2-9ce3-43c86fd82df2-groupManagement] INFO  segmented.SegmentedRaftLogWorker (SegmentedRaftLogWorker.java:<init>(182)) - new 33d4fa9a-f1b5-45a2-9ce3-43c86fd82df2@group-0B323A473FB2-SegmentedRaftLogWorker for RaftStorageImpl:Storage Directory /home/runner/work/ozone/ozone/hadoop-ozone/integration-test/target/test-dir/MiniOzoneClusterImpl-ed39ddd9-82bf-4bf6-8741-acb42c98007c/ozone-meta/datanode-2/ratis/a896e64e-f27b-41e6-b4a0-0b323a473fb2
2024-04-21 07:19:27,400 [33d4fa9a-f1b5-45a2-9ce3-43c86fd82df2-groupManagement] INFO  server.RaftServerConfigKeys (ConfUtils.java:logGet(46)) - raft.server.log.queue.byte-limit = 4294967296 (custom)
2024-04-21 07:19:27,400 [33d4fa9a-f1b5-45a2-9ce3-43c86fd82df2-groupManagement] INFO  server.RaftServerConfigKeys (ConfUtils.java:logGet(46)) - raft.server.log.queue.element-limit = 1024 (custom)
2024-04-21 07:19:27,400 [33d4fa9a-f1b5-45a2-9ce3-43c86fd82df2-groupManagement] INFO  server.RaftServerConfigKeys (ConfUtils.java:logGet(46)) - raft.server.log.segment.size.max = 67108864 (custom)
2024-04-21 07:19:27,400 [33d4fa9a-f1b5-45a2-9ce3-43c86fd82df2-groupManagement] INFO  server.RaftServerConfigKeys (ConfUtils.java:logGet(46)) - raft.server.log.preallocated.size = 4194304 (custom)
2024-04-21 07:19:27,400 [33d4fa9a-f1b5-45a2-9ce3-43c86fd82df2-groupManagement] INFO  server.RaftServerConfigKeys (ConfUtils.java:logGet(46)) - raft.server.log.force.sync.num = 128 (default)
2024-04-21 07:19:27,400 [33d4fa9a-f1b5-45a2-9ce3-43c86fd82df2-groupManagement] INFO  server.RaftServerConfigKeys (ConfUtils.java:logGet(46)) - raft.server.log.statemachine.data.sync = true (default)
2024-04-21 07:19:27,400 [33d4fa9a-f1b5-45a2-9ce3-43c86fd82df2-groupManagement] INFO  server.RaftServerConfigKeys (ConfUtils.java:logGet(46)) - raft.server.log.statemachine.data.sync.timeout = 10s (default)
2024-04-21 07:19:27,400 [33d4fa9a-f1b5-45a2-9ce3-43c86fd82df2-groupManagement] INFO  server.RaftServerConfigKeys (ConfUtils.java:logGet(46)) - raft.server.log.statemachine.data.sync.timeout.retry = 30 (custom)
2024-04-21 07:19:27,400 [33d4fa9a-f1b5-45a2-9ce3-43c86fd82df2-groupManagement] INFO  server.RaftServerConfigKeys (ConfUtils.java:logGet(46)) - raft.server.log.write.buffer.size = 8388616 (custom)
2024-04-21 07:19:27,401 [33d4fa9a-f1b5-45a2-9ce3-43c86fd82df2-groupManagement] INFO  server.RaftServerConfigKeys (ConfUtils.java:logGet(46)) - raft.server.log.appender.buffer.byte-limit = 8388608 (custom)
2024-04-21 07:19:27,401 [33d4fa9a-f1b5-45a2-9ce3-43c86fd82df2-groupManagement] INFO  server.RaftServerConfigKeys (ConfUtils.java:logGet(46)) - raft.server.log.unsafe-flush.enabled = false (default)
2024-04-21 07:19:27,402 [33d4fa9a-f1b5-45a2-9ce3-43c86fd82df2-groupManagement] INFO  server.RaftServerConfigKeys (ConfUtils.java:logGet(46)) - raft.server.log.async-flush.enabled = false (default)
2024-04-21 07:19:27,402 [33d4fa9a-f1b5-45a2-9ce3-43c86fd82df2-groupManagement] INFO  server.RaftServerConfigKeys (ConfUtils.java:logGet(46)) - raft.server.log.statemachine.data.caching.enabled = true (custom)
2024-04-21 07:19:27,402 [33d4fa9a-f1b5-45a2-9ce3-43c86fd82df2-groupManagement] INFO  segmented.SegmentedRaftLogWorker (SegmentedRaftLogWorker.java:lambda$new$0(134)) - 33d4fa9a-f1b5-45a2-9ce3-43c86fd82df2@group-0B323A473FB2-SegmentedRaftLogWorker: flushIndex: setUnconditionally 0 -> -1
2024-04-21 07:19:27,402 [33d4fa9a-f1b5-45a2-9ce3-43c86fd82df2-groupManagement] INFO  segmented.SegmentedRaftLogWorker (SegmentedRaftLogWorker.java:lambda$new$0(134)) - 33d4fa9a-f1b5-45a2-9ce3-43c86fd82df2@group-0B323A473FB2-SegmentedRaftLogWorker: safeCacheEvictIndex: setUnconditionally 0 -> -1
2024-04-21 07:19:27,402 [33d4fa9a-f1b5-45a2-9ce3-43c86fd82df2-groupManagement] INFO  server.RaftServer$Division (RaftServerImpl.java:start(396)) - 33d4fa9a-f1b5-45a2-9ce3-43c86fd82df2@group-0B323A473FB2: start as a follower, conf=-1: peers:[a45323a7-bc80-446e-b427-0ffb34a72641|10.1.0.102:15147, 80370d78-c36f-4d75-b7cb-6753407b0dff|10.1.0.102:15156, 33d4fa9a-f1b5-45a2-9ce3-43c86fd82df2|10.1.0.102:15129]|listeners:[], old=null
2024-04-21 07:19:27,402 [33d4fa9a-f1b5-45a2-9ce3-43c86fd82df2-groupManagement] INFO  server.RaftServer$Division (RaftServerImpl.java:setRole(383)) - 33d4fa9a-f1b5-45a2-9ce3-43c86fd82df2@group-0B323A473FB2: changes role from      null to FOLLOWER at term 0 for startAsFollower
2024-04-21 07:19:27,402 [33d4fa9a-f1b5-45a2-9ce3-43c86fd82df2-groupManagement] INFO  impl.RoleInfo (RoleInfo.java:updateAndGet(139)) - 33d4fa9a-f1b5-45a2-9ce3-43c86fd82df2: start 33d4fa9a-f1b5-45a2-9ce3-43c86fd82df2@group-0B323A473FB2-FollowerState
2024-04-21 07:19:27,402 [33d4fa9a-f1b5-45a2-9ce3-43c86fd82df2-groupManagement] INFO  util.JmxRegister (JmxRegister.java:tryRegister(44)) - Successfully registered JMX Bean with object name Ratis:service=RaftServer,group=group-0B323A473FB2,id=33d4fa9a-f1b5-45a2-9ce3-43c86fd82df2
2024-04-21 07:19:27,402 [33d4fa9a-f1b5-45a2-9ce3-43c86fd82df2@group-0B323A473FB2-FollowerState] INFO  server.RaftServerConfigKeys (ConfUtils.java:logFallback(53)) - raft.server.rpc.first-election.timeout.min = 5s (fallback to raft.server.rpc.timeout.min)
2024-04-21 07:19:27,402 [33d4fa9a-f1b5-45a2-9ce3-43c86fd82df2-groupManagement] INFO  server.RaftServerConfigKeys (ConfUtils.java:logGet(46)) - raft.server.snapshot.trigger-when-stop.enabled = true (default)
2024-04-21 07:19:27,402 [33d4fa9a-f1b5-45a2-9ce3-43c86fd82df2@group-0B323A473FB2-FollowerState] INFO  server.RaftServerConfigKeys (ConfUtils.java:logFallback(53)) - raft.server.rpc.first-election.timeout.max = 5200ms (fallback to raft.server.rpc.timeout.max)
2024-04-21 07:19:27,403 [33d4fa9a-f1b5-45a2-9ce3-43c86fd82df2-groupManagement] INFO  server.RaftServerConfigKeys (ConfUtils.java:logGet(46)) - raft.server.snapshot.auto.trigger.enabled = true (custom)
2024-04-21 07:19:27,403 [33d4fa9a-f1b5-45a2-9ce3-43c86fd82df2-groupManagement] INFO  server.RaftServerConfigKeys (ConfUtils.java:logGet(46)) - raft.server.snapshot.auto.trigger.threshold = 10000 (custom)
2024-04-21 07:19:27,403 [33d4fa9a-f1b5-45a2-9ce3-43c86fd82df2-groupManagement] INFO  server.RaftServerConfigKeys (ConfUtils.java:logGet(46)) - raft.server.snapshot.retention.file.num = 5 (custom)
2024-04-21 07:19:27,403 [33d4fa9a-f1b5-45a2-9ce3-43c86fd82df2-groupManagement] INFO  server.RaftServerConfigKeys (ConfUtils.java:logGet(46)) - raft.server.log.purge.upto.snapshot.index = false (default)
2024-04-21 07:19:27,406 [80370d78-c36f-4d75-b7cb-6753407b0dff-PipelineCommandHandlerThread-0] INFO  commandhandler.CreatePipelineCommandHandler (CreatePipelineCommandHandler.java:lambda$handle$2(124)) - Created Pipeline RATIS THREE PipelineID=a896e64e-f27b-41e6-b4a0-0b323a473fb2.
2024-04-21 07:19:27,406 [80370d78-c36f-4d75-b7cb-6753407b0dff-PipelineCommandHandlerThread-0] INFO  server.RaftServer (RaftServerProxy.java:addNew(100)) - 80370d78-c36f-4d75-b7cb-6753407b0dff: addNew group-12C11132411B:[9387e6e8-bf6d-4d10-9dc1-f1bd05fc02cf|10.1.0.102:15120, 80370d78-c36f-4d75-b7cb-6753407b0dff|10.1.0.102:15156, 33d4fa9a-f1b5-45a2-9ce3-43c86fd82df2|10.1.0.102:15129] returns group-12C11132411B:java.util.concurrent.CompletableFuture@2e2eeb8b[Not completed]
2024-04-21 07:19:27,407 [80370d78-c36f-4d75-b7cb-6753407b0dff-groupManagement] INFO  server.RaftServer$Division (RaftServerImpl.java:<init>(256)) - 80370d78-c36f-4d75-b7cb-6753407b0dff: new RaftServerImpl for group-12C11132411B:[9387e6e8-bf6d-4d10-9dc1-f1bd05fc02cf|10.1.0.102:15120, 80370d78-c36f-4d75-b7cb-6753407b0dff|10.1.0.102:15156, 33d4fa9a-f1b5-45a2-9ce3-43c86fd82df2|10.1.0.102:15129] with ContainerStateMachine:uninitialized
2024-04-21 07:19:27,407 [80370d78-c36f-4d75-b7cb-6753407b0dff-groupManagement] INFO  server.RaftServerConfigKeys (ConfUtils.java:logGet(46)) - raft.server.rpc.timeout.min = 5s (custom)
2024-04-21 07:19:27,407 [80370d78-c36f-4d75-b7cb-6753407b0dff-groupManagement] INFO  server.RaftServerConfigKeys (ConfUtils.java:logGet(46)) - raft.server.rpc.timeout.max = 5200ms (custom)
2024-04-21 07:19:27,407 [80370d78-c36f-4d75-b7cb-6753407b0dff-groupManagement] INFO  server.RaftServerConfigKeys (ConfUtils.java:logGet(46)) - raft.server.rpc.sleep.time = 25ms (default)
2024-04-21 07:19:27,407 [80370d78-c36f-4d75-b7cb-6753407b0dff-groupManagement] INFO  server.RaftServerConfigKeys (ConfUtils.java:logGet(46)) - raft.server.rpc.slowness.timeout = 300000ms (custom)
2024-04-21 07:19:27,408 [80370d78-c36f-4d75-b7cb-6753407b0dff-groupManagement] INFO  server.RaftServerConfigKeys (ConfUtils.java:logGet(46)) - raft.server.leaderelection.leader.step-down.wait-time = 10s (default)
2024-04-21 07:19:27,408 [80370d78-c36f-4d75-b7cb-6753407b0dff-groupManagement] INFO  server.RaftServerConfigKeys (ConfUtils.java:logGet(46)) - raft.server.leaderelection.member.majority-add = false (default)
2024-04-21 07:19:27,408 [80370d78-c36f-4d75-b7cb-6753407b0dff-groupManagement] INFO  server.RaftServerConfigKeys (ConfUtils.java:logGet(46)) - raft.server.sleep.deviation.threshold = 300ms (default)
2024-04-21 07:19:27,408 [80370d78-c36f-4d75-b7cb-6753407b0dff-groupManagement] INFO  server.RaftServer$Division (ServerState.java:<init>(113)) - 80370d78-c36f-4d75-b7cb-6753407b0dff@group-12C11132411B: ConfigurationManager, init=-1: peers:[9387e6e8-bf6d-4d10-9dc1-f1bd05fc02cf|10.1.0.102:15120, 80370d78-c36f-4d75-b7cb-6753407b0dff|10.1.0.102:15156, 33d4fa9a-f1b5-45a2-9ce3-43c86fd82df2|10.1.0.102:15129]|listeners:[], old=null, confs=<EMPTY_MAP>
2024-04-21 07:19:27,408 [80370d78-c36f-4d75-b7cb-6753407b0dff-groupManagement] INFO  server.RaftServerConfigKeys (ConfUtils.java:logGet(46)) - raft.server.notification.no-leader.timeout = 300000ms (custom)
2024-04-21 07:19:27,408 [80370d78-c36f-4d75-b7cb-6753407b0dff-groupManagement] INFO  server.RaftServerConfigKeys (ConfUtils.java:logGet(46)) - raft.server.read.timeout = 10s (default)
2024-04-21 07:19:27,408 [80370d78-c36f-4d75-b7cb-6753407b0dff-groupManagement] INFO  server.RaftServerConfigKeys (ConfUtils.java:logGet(46)) - raft.server.retrycache.expirytime = 600000ms (custom)
2024-04-21 07:19:27,408 [80370d78-c36f-4d75-b7cb-6753407b0dff-groupManagement] INFO  server.RaftServerConfigKeys (ConfUtils.java:logGet(46)) - raft.server.retrycache.statistics.expirytime = 100ms (default)
2024-04-21 07:19:27,408 [80370d78-c36f-4d75-b7cb-6753407b0dff-groupManagement] INFO  server.RaftServerConfigKeys (ConfUtils.java:logGet(46)) - raft.server.read.option = DEFAULT (default)
2024-04-21 07:19:27,408 [80370d78-c36f-4d75-b7cb-6753407b0dff-groupManagement] INFO  server.RaftServerConfigKeys (ConfUtils.java:logGet(46)) - raft.server.read.read-after-write-consistent.write-index-cache.expiry-time = 60s (default)
2024-04-21 07:19:27,409 [80370d78-c36f-4d75-b7cb-6753407b0dff-groupManagement] INFO  server.RaftServerConfigKeys (ConfUtils.java:logGet(46)) - raft.server.rpc.request.timeout = 3000ms (default)
2024-04-21 07:19:27,409 [80370d78-c36f-4d75-b7cb-6753407b0dff-groupManagement] INFO  server.RaftServerConfigKeys (ConfUtils.java:logGet(46)) - raft.server.log.appender.install.snapshot.enabled = false (custom)
2024-04-21 07:19:27,409 [80370d78-c36f-4d75-b7cb-6753407b0dff-groupManagement] INFO  server.RaftServerConfigKeys (ConfUtils.java:logGet(46)) - raft.server.threadpool.server.cached = true (default)
2024-04-21 07:19:27,409 [80370d78-c36f-4d75-b7cb-6753407b0dff-groupManagement] INFO  server.RaftServerConfigKeys (ConfUtils.java:logGet(46)) - raft.server.threadpool.server.size = 0 (default)
2024-04-21 07:19:27,409 [80370d78-c36f-4d75-b7cb-6753407b0dff-groupManagement] INFO  server.RaftServerConfigKeys (ConfUtils.java:logGet(46)) - raft.server.threadpool.client.cached = true (default)
2024-04-21 07:19:27,409 [80370d78-c36f-4d75-b7cb-6753407b0dff-groupManagement] INFO  server.RaftServerConfigKeys (ConfUtils.java:logGet(46)) - raft.server.threadpool.client.size = 0 (default)
2024-04-21 07:19:27,409 [80370d78-c36f-4d75-b7cb-6753407b0dff-groupManagement] INFO  server.RaftServerConfigKeys (ConfUtils.java:logGet(46)) - raft.server.storage.free-space.min = 0MB (=0) (default)
2024-04-21 07:19:27,409 [80370d78-c36f-4d75-b7cb-6753407b0dff-groupManagement] INFO  server.RaftServerConfigKeys (ConfUtils.java:logGet(46)) - raft.server.log.corruption.policy = EXCEPTION (default)
2024-04-21 07:19:27,409 [80370d78-c36f-4d75-b7cb-6753407b0dff-groupManagement] INFO  server.RaftServerConfigKeys (ConfUtils.java:logGet(46)) - raft.server.storage.dir = [/home/runner/work/ozone/ozone/hadoop-ozone/integration-test/target/test-dir/MiniOzoneClusterImpl-ed39ddd9-82bf-4bf6-8741-acb42c98007c/ozone-meta/datanode-5/ratis] (custom)
2024-04-21 07:19:27,410 [80370d78-c36f-4d75-b7cb-6753407b0dff-groupManagement] INFO  storage.RaftStorageDirectory (RaftStorageDirectoryImpl.java:analyzeStorage(138)) - The storage directory /home/runner/work/ozone/ozone/hadoop-ozone/integration-test/target/test-dir/MiniOzoneClusterImpl-ed39ddd9-82bf-4bf6-8741-acb42c98007c/ozone-meta/datanode-5/ratis/14e1582f-626f-4294-b75a-12c11132411b does not exist. Creating ...
2024-04-21 07:19:27,410 [80370d78-c36f-4d75-b7cb-6753407b0dff-groupManagement] INFO  storage.RaftStorageDirectory (RaftStorageDirectoryImpl.java:tryLock(228)) - Lock on /home/runner/work/ozone/ozone/hadoop-ozone/integration-test/target/test-dir/MiniOzoneClusterImpl-ed39ddd9-82bf-4bf6-8741-acb42c98007c/ozone-meta/datanode-5/ratis/14e1582f-626f-4294-b75a-12c11132411b/in_use.lock acquired by nodename 52185@fv-az1428-63
2024-04-21 07:19:27,411 [80370d78-c36f-4d75-b7cb-6753407b0dff-groupManagement] INFO  storage.RaftStorage (RaftStorageImpl.java:format(99)) - Storage directory /home/runner/work/ozone/ozone/hadoop-ozone/integration-test/target/test-dir/MiniOzoneClusterImpl-ed39ddd9-82bf-4bf6-8741-acb42c98007c/ozone-meta/datanode-5/ratis/14e1582f-626f-4294-b75a-12c11132411b has been successfully formatted.
2024-04-21 07:19:27,411 [80370d78-c36f-4d75-b7cb-6753407b0dff-groupManagement] WARN  util.FileUtils (LogUtils.java:supplyAndLog(63)) - Failed to Files.newInputStream /home/runner/work/ozone/ozone/hadoop-ozone/integration-test/target/test-dir/MiniOzoneClusterImpl-ed39ddd9-82bf-4bf6-8741-acb42c98007c/ozone-meta/datanode-5/ratis/14e1582f-626f-4294-b75a-12c11132411b/current/raft-meta.conf with options []: java.nio.file.NoSuchFileException: /home/runner/work/ozone/ozone/hadoop-ozone/integration-test/target/test-dir/MiniOzoneClusterImpl-ed39ddd9-82bf-4bf6-8741-acb42c98007c/ozone-meta/datanode-5/ratis/14e1582f-626f-4294-b75a-12c11132411b/current/raft-meta.conf
2024-04-21 07:19:27,412 [80370d78-c36f-4d75-b7cb-6753407b0dff-groupManagement] INFO  ratis.ContainerStateMachine (ContainerStateMachine.java:loadSnapshot(287)) - group-12C11132411B: The snapshot info is null. Setting the last applied index to:(t:0, i:~)
2024-04-21 07:19:27,412 [80370d78-c36f-4d75-b7cb-6753407b0dff-groupManagement] INFO  server.RaftServerConfigKeys (ConfUtils.java:logGet(46)) - raft.server.log.use.memory = false (default)
2024-04-21 07:19:27,412 [80370d78-c36f-4d75-b7cb-6753407b0dff-groupManagement] INFO  server.RaftServerConfigKeys (ConfUtils.java:logGet(46)) - raft.server.log.purge.gap = 1000000 (custom)
2024-04-21 07:19:27,412 [80370d78-c36f-4d75-b7cb-6753407b0dff-groupManagement] INFO  server.RaftServerConfigKeys (ConfUtils.java:logGet(46)) - raft.server.log.appender.buffer.byte-limit = 8388608 (custom)
2024-04-21 07:19:27,412 [80370d78-c36f-4d75-b7cb-6753407b0dff-groupManagement] INFO  server.RaftServerConfigKeys (ConfUtils.java:logGet(46)) - raft.server.log.statemachine.data.read.timeout = 1000ms (default)
2024-04-21 07:19:27,412 [80370d78-c36f-4d75-b7cb-6753407b0dff-groupManagement] INFO  server.RaftServerConfigKeys (ConfUtils.java:logGet(46)) - raft.server.log.purge.preservation.log.num = 0 (default)
2024-04-21 07:19:27,413 [80370d78-c36f-4d75-b7cb-6753407b0dff-groupManagement] INFO  server.RaftServerConfigKeys (ConfUtils.java:logGet(46)) - raft.server.log.segment.size.max = 67108864 (custom)
2024-04-21 07:19:27,413 [80370d78-c36f-4d75-b7cb-6753407b0dff-groupManagement] INFO  server.RaftServerConfigKeys (ConfUtils.java:logGet(46)) - raft.server.log.segment.cache.num.max = 2 (custom)
2024-04-21 07:19:27,413 [80370d78-c36f-4d75-b7cb-6753407b0dff-groupManagement] INFO  server.RaftServerConfigKeys (ConfUtils.java:logGet(46)) - raft.server.log.segment.cache.size.max = 200MB (=209715200) (default)
2024-04-21 07:19:27,413 [80370d78-c36f-4d75-b7cb-6753407b0dff-groupManagement] INFO  server.RaftServerConfigKeys (ConfUtils.java:logGet(46)) - raft.server.log.appender.buffer.byte-limit = 8388608 (custom)
2024-04-21 07:19:27,414 [80370d78-c36f-4d75-b7cb-6753407b0dff-groupManagement] INFO  util.AwaitToRun (AwaitToRun.java:start(81)) - Thread[80370d78-c36f-4d75-b7cb-6753407b0dff@group-12C11132411B-cacheEviction-AwaitToRun,5,main] started
2024-04-21 07:19:27,414 [80370d78-c36f-4d75-b7cb-6753407b0dff-groupManagement] INFO  segmented.SegmentedRaftLogWorker (SegmentedRaftLogWorker.java:<init>(182)) - new 80370d78-c36f-4d75-b7cb-6753407b0dff@group-12C11132411B-SegmentedRaftLogWorker for RaftStorageImpl:Storage Directory /home/runner/work/ozone/ozone/hadoop-ozone/integration-test/target/test-dir/MiniOzoneClusterImpl-ed39ddd9-82bf-4bf6-8741-acb42c98007c/ozone-meta/datanode-5/ratis/14e1582f-626f-4294-b75a-12c11132411b
2024-04-21 07:19:27,414 [80370d78-c36f-4d75-b7cb-6753407b0dff-groupManagement] INFO  server.RaftServerConfigKeys (ConfUtils.java:logGet(46)) - raft.server.log.queue.byte-limit = 4294967296 (custom)
2024-04-21 07:19:27,414 [80370d78-c36f-4d75-b7cb-6753407b0dff-groupManagement] INFO  server.RaftServerConfigKeys (ConfUtils.java:logGet(46)) - raft.server.log.queue.element-limit = 1024 (custom)
2024-04-21 07:19:27,414 [80370d78-c36f-4d75-b7cb-6753407b0dff-groupManagement] INFO  server.RaftServerConfigKeys (ConfUtils.java:logGet(46)) - raft.server.log.segment.size.max = 67108864 (custom)
2024-04-21 07:19:27,414 [80370d78-c36f-4d75-b7cb-6753407b0dff-groupManagement] INFO  server.RaftServerConfigKeys (ConfUtils.java:logGet(46)) - raft.server.log.preallocated.size = 4194304 (custom)
2024-04-21 07:19:27,414 [80370d78-c36f-4d75-b7cb-6753407b0dff-groupManagement] INFO  server.RaftServerConfigKeys (ConfUtils.java:logGet(46)) - raft.server.log.force.sync.num = 128 (default)
2024-04-21 07:19:27,414 [80370d78-c36f-4d75-b7cb-6753407b0dff-groupManagement] INFO  server.RaftServerConfigKeys (ConfUtils.java:logGet(46)) - raft.server.log.statemachine.data.sync = true (default)
2024-04-21 07:19:27,414 [80370d78-c36f-4d75-b7cb-6753407b0dff-groupManagement] INFO  server.RaftServerConfigKeys (ConfUtils.java:logGet(46)) - raft.server.log.statemachine.data.sync.timeout = 10s (default)
2024-04-21 07:19:27,414 [80370d78-c36f-4d75-b7cb-6753407b0dff-groupManagement] INFO  server.RaftServerConfigKeys (ConfUtils.java:logGet(46)) - raft.server.log.statemachine.data.sync.timeout.retry = 30 (custom)
2024-04-21 07:19:27,415 [80370d78-c36f-4d75-b7cb-6753407b0dff-groupManagement] INFO  server.RaftServerConfigKeys (ConfUtils.java:logGet(46)) - raft.server.log.write.buffer.size = 8388616 (custom)
2024-04-21 07:19:27,416 [80370d78-c36f-4d75-b7cb-6753407b0dff-groupManagement] INFO  server.RaftServerConfigKeys (ConfUtils.java:logGet(46)) - raft.server.log.appender.buffer.byte-limit = 8388608 (custom)
2024-04-21 07:19:27,416 [80370d78-c36f-4d75-b7cb-6753407b0dff-groupManagement] INFO  server.RaftServerConfigKeys (ConfUtils.java:logGet(46)) - raft.server.log.unsafe-flush.enabled = false (default)
2024-04-21 07:19:27,416 [80370d78-c36f-4d75-b7cb-6753407b0dff-groupManagement] INFO  server.RaftServerConfigKeys (ConfUtils.java:logGet(46)) - raft.server.log.async-flush.enabled = false (default)
2024-04-21 07:19:27,416 [80370d78-c36f-4d75-b7cb-6753407b0dff-groupManagement] INFO  server.RaftServerConfigKeys (ConfUtils.java:logGet(46)) - raft.server.log.statemachine.data.caching.enabled = true (custom)
2024-04-21 07:19:27,416 [80370d78-c36f-4d75-b7cb-6753407b0dff-groupManagement] INFO  segmented.SegmentedRaftLogWorker (SegmentedRaftLogWorker.java:lambda$new$0(134)) - 80370d78-c36f-4d75-b7cb-6753407b0dff@group-12C11132411B-SegmentedRaftLogWorker: flushIndex: setUnconditionally 0 -> -1
2024-04-21 07:19:27,416 [80370d78-c36f-4d75-b7cb-6753407b0dff-groupManagement] INFO  segmented.SegmentedRaftLogWorker (SegmentedRaftLogWorker.java:lambda$new$0(134)) - 80370d78-c36f-4d75-b7cb-6753407b0dff@group-12C11132411B-SegmentedRaftLogWorker: safeCacheEvictIndex: setUnconditionally 0 -> -1
2024-04-21 07:19:27,416 [80370d78-c36f-4d75-b7cb-6753407b0dff-groupManagement] INFO  server.RaftServer$Division (RaftServerImpl.java:start(396)) - 80370d78-c36f-4d75-b7cb-6753407b0dff@group-12C11132411B: start as a follower, conf=-1: peers:[9387e6e8-bf6d-4d10-9dc1-f1bd05fc02cf|10.1.0.102:15120, 80370d78-c36f-4d75-b7cb-6753407b0dff|10.1.0.102:15156, 33d4fa9a-f1b5-45a2-9ce3-43c86fd82df2|10.1.0.102:15129]|listeners:[], old=null
2024-04-21 07:19:27,416 [80370d78-c36f-4d75-b7cb-6753407b0dff-groupManagement] INFO  server.RaftServer$Division (RaftServerImpl.java:setRole(383)) - 80370d78-c36f-4d75-b7cb-6753407b0dff@group-12C11132411B: changes role from      null to FOLLOWER at term 0 for startAsFollower
2024-04-21 07:19:27,416 [80370d78-c36f-4d75-b7cb-6753407b0dff-groupManagement] INFO  impl.RoleInfo (RoleInfo.java:updateAndGet(139)) - 80370d78-c36f-4d75-b7cb-6753407b0dff: start 80370d78-c36f-4d75-b7cb-6753407b0dff@group-12C11132411B-FollowerState
2024-04-21 07:19:27,416 [80370d78-c36f-4d75-b7cb-6753407b0dff@group-12C11132411B-FollowerState] INFO  server.RaftServerConfigKeys (ConfUtils.java:logFallback(53)) - raft.server.rpc.first-election.timeout.min = 5s (fallback to raft.server.rpc.timeout.min)
2024-04-21 07:19:27,416 [80370d78-c36f-4d75-b7cb-6753407b0dff-groupManagement] INFO  util.JmxRegister (JmxRegister.java:tryRegister(44)) - Successfully registered JMX Bean with object name Ratis:service=RaftServer,group=group-12C11132411B,id=80370d78-c36f-4d75-b7cb-6753407b0dff
2024-04-21 07:19:27,417 [80370d78-c36f-4d75-b7cb-6753407b0dff@group-12C11132411B-FollowerState] INFO  server.RaftServerConfigKeys (ConfUtils.java:logFallback(53)) - raft.server.rpc.first-election.timeout.max = 5200ms (fallback to raft.server.rpc.timeout.max)
2024-04-21 07:19:27,417 [80370d78-c36f-4d75-b7cb-6753407b0dff-groupManagement] INFO  server.RaftServerConfigKeys (ConfUtils.java:logGet(46)) - raft.server.snapshot.trigger-when-stop.enabled = true (default)
2024-04-21 07:19:27,417 [80370d78-c36f-4d75-b7cb-6753407b0dff-groupManagement] INFO  server.RaftServerConfigKeys (ConfUtils.java:logGet(46)) - raft.server.snapshot.auto.trigger.enabled = true (custom)
2024-04-21 07:19:27,417 [80370d78-c36f-4d75-b7cb-6753407b0dff-groupManagement] INFO  server.RaftServerConfigKeys (ConfUtils.java:logGet(46)) - raft.server.snapshot.auto.trigger.threshold = 10000 (custom)
2024-04-21 07:19:27,417 [80370d78-c36f-4d75-b7cb-6753407b0dff-groupManagement] INFO  server.RaftServerConfigKeys (ConfUtils.java:logGet(46)) - raft.server.snapshot.retention.file.num = 5 (custom)
2024-04-21 07:19:27,417 [80370d78-c36f-4d75-b7cb-6753407b0dff-groupManagement] INFO  server.RaftServerConfigKeys (ConfUtils.java:logGet(46)) - raft.server.log.purge.upto.snapshot.index = false (default)
2024-04-21 07:19:27,417 [80370d78-c36f-4d75-b7cb-6753407b0dff-PipelineCommandHandlerThread-0] INFO  ratis.XceiverServerRatis (XceiverServerRatis.java:addGroup(864)) - Created group PipelineID=14e1582f-626f-4294-b75a-12c11132411b
2024-04-21 07:19:27,422 [grpc-default-executor-4] INFO  server.RaftServer (RaftServerProxy.java:addNew(100)) - 33d4fa9a-f1b5-45a2-9ce3-43c86fd82df2: addNew group-12C11132411B:[9387e6e8-bf6d-4d10-9dc1-f1bd05fc02cf|10.1.0.102:15120, 80370d78-c36f-4d75-b7cb-6753407b0dff|10.1.0.102:15156, 33d4fa9a-f1b5-45a2-9ce3-43c86fd82df2|10.1.0.102:15129] returns group-12C11132411B:java.util.concurrent.CompletableFuture@ab6bc2e[Not completed]
2024-04-21 07:19:27,422 [33d4fa9a-f1b5-45a2-9ce3-43c86fd82df2-groupManagement] INFO  server.RaftServer$Division (RaftServerImpl.java:<init>(256)) - 33d4fa9a-f1b5-45a2-9ce3-43c86fd82df2: new RaftServerImpl for group-12C11132411B:[9387e6e8-bf6d-4d10-9dc1-f1bd05fc02cf|10.1.0.102:15120, 80370d78-c36f-4d75-b7cb-6753407b0dff|10.1.0.102:15156, 33d4fa9a-f1b5-45a2-9ce3-43c86fd82df2|10.1.0.102:15129] with ContainerStateMachine:uninitialized
2024-04-21 07:19:27,423 [33d4fa9a-f1b5-45a2-9ce3-43c86fd82df2-groupManagement] INFO  server.RaftServerConfigKeys (ConfUtils.java:logGet(46)) - raft.server.rpc.timeout.min = 5s (custom)
2024-04-21 07:19:27,423 [33d4fa9a-f1b5-45a2-9ce3-43c86fd82df2-groupManagement] INFO  server.RaftServerConfigKeys (ConfUtils.java:logGet(46)) - raft.server.rpc.timeout.max = 5200ms (custom)
2024-04-21 07:19:27,423 [33d4fa9a-f1b5-45a2-9ce3-43c86fd82df2-groupManagement] INFO  server.RaftServerConfigKeys (ConfUtils.java:logGet(46)) - raft.server.rpc.sleep.time = 25ms (default)
2024-04-21 07:19:27,423 [33d4fa9a-f1b5-45a2-9ce3-43c86fd82df2-groupManagement] INFO  server.RaftServerConfigKeys (ConfUtils.java:logGet(46)) - raft.server.rpc.slowness.timeout = 300000ms (custom)
2024-04-21 07:19:27,423 [33d4fa9a-f1b5-45a2-9ce3-43c86fd82df2-groupManagement] INFO  server.RaftServerConfigKeys (ConfUtils.java:logGet(46)) - raft.server.leaderelection.leader.step-down.wait-time = 10s (default)
2024-04-21 07:19:27,423 [33d4fa9a-f1b5-45a2-9ce3-43c86fd82df2-groupManagement] INFO  server.RaftServerConfigKeys (ConfUtils.java:logGet(46)) - raft.server.leaderelection.member.majority-add = false (default)
2024-04-21 07:19:27,423 [33d4fa9a-f1b5-45a2-9ce3-43c86fd82df2-groupManagement] INFO  server.RaftServerConfigKeys (ConfUtils.java:logGet(46)) - raft.server.sleep.deviation.threshold = 300ms (default)
2024-04-21 07:19:27,423 [33d4fa9a-f1b5-45a2-9ce3-43c86fd82df2-groupManagement] INFO  server.RaftServer$Division (ServerState.java:<init>(113)) - 33d4fa9a-f1b5-45a2-9ce3-43c86fd82df2@group-12C11132411B: ConfigurationManager, init=-1: peers:[9387e6e8-bf6d-4d10-9dc1-f1bd05fc02cf|10.1.0.102:15120, 80370d78-c36f-4d75-b7cb-6753407b0dff|10.1.0.102:15156, 33d4fa9a-f1b5-45a2-9ce3-43c86fd82df2|10.1.0.102:15129]|listeners:[], old=null, confs=<EMPTY_MAP>
2024-04-21 07:19:27,423 [33d4fa9a-f1b5-45a2-9ce3-43c86fd82df2-groupManagement] INFO  server.RaftServerConfigKeys (ConfUtils.java:logGet(46)) - raft.server.notification.no-leader.timeout = 300000ms (custom)
2024-04-21 07:19:27,423 [33d4fa9a-f1b5-45a2-9ce3-43c86fd82df2-groupManagement] INFO  server.RaftServerConfigKeys (ConfUtils.java:logGet(46)) - raft.server.read.timeout = 10s (default)
2024-04-21 07:19:27,423 [33d4fa9a-f1b5-45a2-9ce3-43c86fd82df2-groupManagement] INFO  server.RaftServerConfigKeys (ConfUtils.java:logGet(46)) - raft.server.retrycache.expirytime = 600000ms (custom)
2024-04-21 07:19:27,423 [33d4fa9a-f1b5-45a2-9ce3-43c86fd82df2-groupManagement] INFO  server.RaftServerConfigKeys (ConfUtils.java:logGet(46)) - raft.server.retrycache.statistics.expirytime = 100ms (default)
2024-04-21 07:19:27,423 [33d4fa9a-f1b5-45a2-9ce3-43c86fd82df2-groupManagement] INFO  server.RaftServerConfigKeys (ConfUtils.java:logGet(46)) - raft.server.read.option = DEFAULT (default)
2024-04-21 07:19:27,423 [33d4fa9a-f1b5-45a2-9ce3-43c86fd82df2-groupManagement] INFO  server.RaftServerConfigKeys (ConfUtils.java:logGet(46)) - raft.server.read.read-after-write-consistent.write-index-cache.expiry-time = 60s (default)
2024-04-21 07:19:27,425 [33d4fa9a-f1b5-45a2-9ce3-43c86fd82df2-groupManagement] INFO  server.RaftServerConfigKeys (ConfUtils.java:logGet(46)) - raft.server.rpc.request.timeout = 3000ms (default)
2024-04-21 07:19:27,425 [33d4fa9a-f1b5-45a2-9ce3-43c86fd82df2-groupManagement] INFO  server.RaftServerConfigKeys (ConfUtils.java:logGet(46)) - raft.server.log.appender.install.snapshot.enabled = false (custom)
2024-04-21 07:19:27,425 [33d4fa9a-f1b5-45a2-9ce3-43c86fd82df2-groupManagement] INFO  server.RaftServerConfigKeys (ConfUtils.java:logGet(46)) - raft.server.threadpool.server.cached = true (default)
2024-04-21 07:19:27,425 [33d4fa9a-f1b5-45a2-9ce3-43c86fd82df2-groupManagement] INFO  server.RaftServerConfigKeys (ConfUtils.java:logGet(46)) - raft.server.threadpool.server.size = 0 (default)
2024-04-21 07:19:27,425 [33d4fa9a-f1b5-45a2-9ce3-43c86fd82df2-groupManagement] INFO  server.RaftServerConfigKeys (ConfUtils.java:logGet(46)) - raft.server.threadpool.client.cached = true (default)
2024-04-21 07:19:27,425 [33d4fa9a-f1b5-45a2-9ce3-43c86fd82df2-groupManagement] INFO  server.RaftServerConfigKeys (ConfUtils.java:logGet(46)) - raft.server.threadpool.client.size = 0 (default)
2024-04-21 07:19:27,425 [33d4fa9a-f1b5-45a2-9ce3-43c86fd82df2-groupManagement] INFO  server.RaftServerConfigKeys (ConfUtils.java:logGet(46)) - raft.server.storage.free-space.min = 0MB (=0) (default)
2024-04-21 07:19:27,425 [33d4fa9a-f1b5-45a2-9ce3-43c86fd82df2-groupManagement] INFO  server.RaftServerConfigKeys (ConfUtils.java:logGet(46)) - raft.server.log.corruption.policy = EXCEPTION (default)
2024-04-21 07:19:27,426 [33d4fa9a-f1b5-45a2-9ce3-43c86fd82df2-groupManagement] INFO  server.RaftServerConfigKeys (ConfUtils.java:logGet(46)) - raft.server.storage.dir = [/home/runner/work/ozone/ozone/hadoop-ozone/integration-test/target/test-dir/MiniOzoneClusterImpl-ed39ddd9-82bf-4bf6-8741-acb42c98007c/ozone-meta/datanode-2/ratis] (custom)
2024-04-21 07:19:27,427 [33d4fa9a-f1b5-45a2-9ce3-43c86fd82df2-groupManagement] INFO  storage.RaftStorageDirectory (RaftStorageDirectoryImpl.java:analyzeStorage(138)) - The storage directory /home/runner/work/ozone/ozone/hadoop-ozone/integration-test/target/test-dir/MiniOzoneClusterImpl-ed39ddd9-82bf-4bf6-8741-acb42c98007c/ozone-meta/datanode-2/ratis/14e1582f-626f-4294-b75a-12c11132411b does not exist. Creating ...
2024-04-21 07:19:27,427 [33d4fa9a-f1b5-45a2-9ce3-43c86fd82df2-groupManagement] INFO  storage.RaftStorageDirectory (RaftStorageDirectoryImpl.java:tryLock(228)) - Lock on /home/runner/work/ozone/ozone/hadoop-ozone/integration-test/target/test-dir/MiniOzoneClusterImpl-ed39ddd9-82bf-4bf6-8741-acb42c98007c/ozone-meta/datanode-2/ratis/14e1582f-626f-4294-b75a-12c11132411b/in_use.lock acquired by nodename 52185@fv-az1428-63
2024-04-21 07:19:27,428 [33d4fa9a-f1b5-45a2-9ce3-43c86fd82df2-groupManagement] INFO  storage.RaftStorage (RaftStorageImpl.java:format(99)) - Storage directory /home/runner/work/ozone/ozone/hadoop-ozone/integration-test/target/test-dir/MiniOzoneClusterImpl-ed39ddd9-82bf-4bf6-8741-acb42c98007c/ozone-meta/datanode-2/ratis/14e1582f-626f-4294-b75a-12c11132411b has been successfully formatted.
2024-04-21 07:19:27,428 [33d4fa9a-f1b5-45a2-9ce3-43c86fd82df2-groupManagement] WARN  util.FileUtils (LogUtils.java:supplyAndLog(63)) - Failed to Files.newInputStream /home/runner/work/ozone/ozone/hadoop-ozone/integration-test/target/test-dir/MiniOzoneClusterImpl-ed39ddd9-82bf-4bf6-8741-acb42c98007c/ozone-meta/datanode-2/ratis/14e1582f-626f-4294-b75a-12c11132411b/current/raft-meta.conf with options []: java.nio.file.NoSuchFileException: /home/runner/work/ozone/ozone/hadoop-ozone/integration-test/target/test-dir/MiniOzoneClusterImpl-ed39ddd9-82bf-4bf6-8741-acb42c98007c/ozone-meta/datanode-2/ratis/14e1582f-626f-4294-b75a-12c11132411b/current/raft-meta.conf
2024-04-21 07:19:27,429 [33d4fa9a-f1b5-45a2-9ce3-43c86fd82df2-groupManagement] INFO  ratis.ContainerStateMachine (ContainerStateMachine.java:loadSnapshot(287)) - group-12C11132411B: The snapshot info is null. Setting the last applied index to:(t:0, i:~)
2024-04-21 07:19:27,429 [33d4fa9a-f1b5-45a2-9ce3-43c86fd82df2-groupManagement] INFO  server.RaftServerConfigKeys (ConfUtils.java:logGet(46)) - raft.server.log.use.memory = false (default)
2024-04-21 07:19:27,429 [33d4fa9a-f1b5-45a2-9ce3-43c86fd82df2-groupManagement] INFO  server.RaftServerConfigKeys (ConfUtils.java:logGet(46)) - raft.server.log.purge.gap = 1000000 (custom)
2024-04-21 07:19:27,429 [33d4fa9a-f1b5-45a2-9ce3-43c86fd82df2-groupManagement] INFO  server.RaftServerConfigKeys (ConfUtils.java:logGet(46)) - raft.server.log.appender.buffer.byte-limit = 8388608 (custom)
2024-04-21 07:19:27,430 [33d4fa9a-f1b5-45a2-9ce3-43c86fd82df2-groupManagement] INFO  server.RaftServerConfigKeys (ConfUtils.java:logGet(46)) - raft.server.log.statemachine.data.read.timeout = 1000ms (default)
2024-04-21 07:19:27,430 [33d4fa9a-f1b5-45a2-9ce3-43c86fd82df2-groupManagement] INFO  server.RaftServerConfigKeys (ConfUtils.java:logGet(46)) - raft.server.log.purge.preservation.log.num = 0 (default)
2024-04-21 07:19:27,431 [33d4fa9a-f1b5-45a2-9ce3-43c86fd82df2-groupManagement] INFO  server.RaftServerConfigKeys (ConfUtils.java:logGet(46)) - raft.server.log.segment.size.max = 67108864 (custom)
2024-04-21 07:19:27,431 [33d4fa9a-f1b5-45a2-9ce3-43c86fd82df2-groupManagement] INFO  server.RaftServerConfigKeys (ConfUtils.java:logGet(46)) - raft.server.log.segment.cache.num.max = 2 (custom)
2024-04-21 07:19:27,431 [33d4fa9a-f1b5-45a2-9ce3-43c86fd82df2-groupManagement] INFO  server.RaftServerConfigKeys (ConfUtils.java:logGet(46)) - raft.server.log.segment.cache.size.max = 200MB (=209715200) (default)
2024-04-21 07:19:27,431 [33d4fa9a-f1b5-45a2-9ce3-43c86fd82df2-groupManagement] INFO  server.RaftServerConfigKeys (ConfUtils.java:logGet(46)) - raft.server.log.appender.buffer.byte-limit = 8388608 (custom)
2024-04-21 07:19:27,431 [33d4fa9a-f1b5-45a2-9ce3-43c86fd82df2-groupManagement] INFO  util.AwaitToRun (AwaitToRun.java:start(81)) - Thread[33d4fa9a-f1b5-45a2-9ce3-43c86fd82df2@group-12C11132411B-cacheEviction-AwaitToRun,5,main] started
2024-04-21 07:19:27,432 [33d4fa9a-f1b5-45a2-9ce3-43c86fd82df2-groupManagement] INFO  segmented.SegmentedRaftLogWorker (SegmentedRaftLogWorker.java:<init>(182)) - new 33d4fa9a-f1b5-45a2-9ce3-43c86fd82df2@group-12C11132411B-SegmentedRaftLogWorker for RaftStorageImpl:Storage Directory /home/runner/work/ozone/ozone/hadoop-ozone/integration-test/target/test-dir/MiniOzoneClusterImpl-ed39ddd9-82bf-4bf6-8741-acb42c98007c/ozone-meta/datanode-2/ratis/14e1582f-626f-4294-b75a-12c11132411b
2024-04-21 07:19:27,432 [33d4fa9a-f1b5-45a2-9ce3-43c86fd82df2-groupManagement] INFO  server.RaftServerConfigKeys (ConfUtils.java:logGet(46)) - raft.server.log.queue.byte-limit = 4294967296 (custom)
2024-04-21 07:19:27,432 [33d4fa9a-f1b5-45a2-9ce3-43c86fd82df2-groupManagement] INFO  server.RaftServerConfigKeys (ConfUtils.java:logGet(46)) - raft.server.log.queue.element-limit = 1024 (custom)
2024-04-21 07:19:27,432 [33d4fa9a-f1b5-45a2-9ce3-43c86fd82df2-groupManagement] INFO  server.RaftServerConfigKeys (ConfUtils.java:logGet(46)) - raft.server.log.segment.size.max = 67108864 (custom)
2024-04-21 07:19:27,432 [33d4fa9a-f1b5-45a2-9ce3-43c86fd82df2-groupManagement] INFO  server.RaftServerConfigKeys (ConfUtils.java:logGet(46)) - raft.server.log.preallocated.size = 4194304 (custom)
2024-04-21 07:19:27,432 [33d4fa9a-f1b5-45a2-9ce3-43c86fd82df2-groupManagement] INFO  server.RaftServerConfigKeys (ConfUtils.java:logGet(46)) - raft.server.log.force.sync.num = 128 (default)
2024-04-21 07:19:27,432 [33d4fa9a-f1b5-45a2-9ce3-43c86fd82df2-groupManagement] INFO  server.RaftServerConfigKeys (ConfUtils.java:logGet(46)) - raft.server.log.statemachine.data.sync = true (default)
2024-04-21 07:19:27,432 [33d4fa9a-f1b5-45a2-9ce3-43c86fd82df2-groupManagement] INFO  server.RaftServerConfigKeys (ConfUtils.java:logGet(46)) - raft.server.log.statemachine.data.sync.timeout = 10s (default)
2024-04-21 07:19:27,432 [33d4fa9a-f1b5-45a2-9ce3-43c86fd82df2-groupManagement] INFO  server.RaftServerConfigKeys (ConfUtils.java:logGet(46)) - raft.server.log.statemachine.data.sync.timeout.retry = 30 (custom)
2024-04-21 07:19:27,433 [33d4fa9a-f1b5-45a2-9ce3-43c86fd82df2-groupManagement] INFO  server.RaftServerConfigKeys (ConfUtils.java:logGet(46)) - raft.server.log.write.buffer.size = 8388616 (custom)
2024-04-21 07:19:27,434 [33d4fa9a-f1b5-45a2-9ce3-43c86fd82df2-groupManagement] INFO  server.RaftServerConfigKeys (ConfUtils.java:logGet(46)) - raft.server.log.appender.buffer.byte-limit = 8388608 (custom)
2024-04-21 07:19:27,434 [33d4fa9a-f1b5-45a2-9ce3-43c86fd82df2-groupManagement] INFO  server.RaftServerConfigKeys (ConfUtils.java:logGet(46)) - raft.server.log.unsafe-flush.enabled = false (default)
2024-04-21 07:19:27,434 [33d4fa9a-f1b5-45a2-9ce3-43c86fd82df2-groupManagement] INFO  server.RaftServerConfigKeys (ConfUtils.java:logGet(46)) - raft.server.log.async-flush.enabled = false (default)
2024-04-21 07:19:27,434 [33d4fa9a-f1b5-45a2-9ce3-43c86fd82df2-groupManagement] INFO  server.RaftServerConfigKeys (ConfUtils.java:logGet(46)) - raft.server.log.statemachine.data.caching.enabled = true (custom)
2024-04-21 07:19:27,435 [33d4fa9a-f1b5-45a2-9ce3-43c86fd82df2-groupManagement] INFO  segmented.SegmentedRaftLogWorker (SegmentedRaftLogWorker.java:lambda$new$0(134)) - 33d4fa9a-f1b5-45a2-9ce3-43c86fd82df2@group-12C11132411B-SegmentedRaftLogWorker: flushIndex: setUnconditionally 0 -> -1
2024-04-21 07:19:27,435 [33d4fa9a-f1b5-45a2-9ce3-43c86fd82df2-groupManagement] INFO  segmented.SegmentedRaftLogWorker (SegmentedRaftLogWorker.java:lambda$new$0(134)) - 33d4fa9a-f1b5-45a2-9ce3-43c86fd82df2@group-12C11132411B-SegmentedRaftLogWorker: safeCacheEvictIndex: setUnconditionally 0 -> -1
2024-04-21 07:19:27,435 [33d4fa9a-f1b5-45a2-9ce3-43c86fd82df2-groupManagement] INFO  server.RaftServer$Division (RaftServerImpl.java:start(396)) - 33d4fa9a-f1b5-45a2-9ce3-43c86fd82df2@group-12C11132411B: start as a follower, conf=-1: peers:[9387e6e8-bf6d-4d10-9dc1-f1bd05fc02cf|10.1.0.102:15120, 80370d78-c36f-4d75-b7cb-6753407b0dff|10.1.0.102:15156, 33d4fa9a-f1b5-45a2-9ce3-43c86fd82df2|10.1.0.102:15129]|listeners:[], old=null
2024-04-21 07:19:27,435 [33d4fa9a-f1b5-45a2-9ce3-43c86fd82df2-groupManagement] INFO  server.RaftServer$Division (RaftServerImpl.java:setRole(383)) - 33d4fa9a-f1b5-45a2-9ce3-43c86fd82df2@group-12C11132411B: changes role from      null to FOLLOWER at term 0 for startAsFollower
2024-04-21 07:19:27,435 [33d4fa9a-f1b5-45a2-9ce3-43c86fd82df2-groupManagement] INFO  impl.RoleInfo (RoleInfo.java:updateAndGet(139)) - 33d4fa9a-f1b5-45a2-9ce3-43c86fd82df2: start 33d4fa9a-f1b5-45a2-9ce3-43c86fd82df2@group-12C11132411B-FollowerState
2024-04-21 07:19:27,435 [33d4fa9a-f1b5-45a2-9ce3-43c86fd82df2@group-12C11132411B-FollowerState] INFO  server.RaftServerConfigKeys (ConfUtils.java:logFallback(53)) - raft.server.rpc.first-election.timeout.min = 5s (fallback to raft.server.rpc.timeout.min)
2024-04-21 07:19:27,435 [33d4fa9a-f1b5-45a2-9ce3-43c86fd82df2@group-12C11132411B-FollowerState] INFO  server.RaftServerConfigKeys (ConfUtils.java:logFallback(53)) - raft.server.rpc.first-election.timeout.max = 5200ms (fallback to raft.server.rpc.timeout.max)
2024-04-21 07:19:27,435 [33d4fa9a-f1b5-45a2-9ce3-43c86fd82df2-groupManagement] INFO  util.JmxRegister (JmxRegister.java:tryRegister(44)) - Successfully registered JMX Bean with object name Ratis:service=RaftServer,group=group-12C11132411B,id=33d4fa9a-f1b5-45a2-9ce3-43c86fd82df2
2024-04-21 07:19:27,436 [33d4fa9a-f1b5-45a2-9ce3-43c86fd82df2-groupManagement] INFO  server.RaftServerConfigKeys (ConfUtils.java:logGet(46)) - raft.server.snapshot.trigger-when-stop.enabled = true (default)
2024-04-21 07:19:27,436 [33d4fa9a-f1b5-45a2-9ce3-43c86fd82df2-groupManagement] INFO  server.RaftServerConfigKeys (ConfUtils.java:logGet(46)) - raft.server.snapshot.auto.trigger.enabled = true (custom)
2024-04-21 07:19:27,436 [33d4fa9a-f1b5-45a2-9ce3-43c86fd82df2-groupManagement] INFO  server.RaftServerConfigKeys (ConfUtils.java:logGet(46)) - raft.server.snapshot.auto.trigger.threshold = 10000 (custom)
2024-04-21 07:19:27,436 [33d4fa9a-f1b5-45a2-9ce3-43c86fd82df2-groupManagement] INFO  server.RaftServerConfigKeys (ConfUtils.java:logGet(46)) - raft.server.snapshot.retention.file.num = 5 (custom)
2024-04-21 07:19:27,436 [33d4fa9a-f1b5-45a2-9ce3-43c86fd82df2-groupManagement] INFO  server.RaftServerConfigKeys (ConfUtils.java:logGet(46)) - raft.server.log.purge.upto.snapshot.index = false (default)
2024-04-21 07:19:27,447 [grpc-default-executor-4] INFO  server.RaftServer (RaftServerProxy.java:addNew(100)) - 9387e6e8-bf6d-4d10-9dc1-f1bd05fc02cf: addNew group-12C11132411B:[9387e6e8-bf6d-4d10-9dc1-f1bd05fc02cf|10.1.0.102:15120, 80370d78-c36f-4d75-b7cb-6753407b0dff|10.1.0.102:15156, 33d4fa9a-f1b5-45a2-9ce3-43c86fd82df2|10.1.0.102:15129] returns group-12C11132411B:java.util.concurrent.CompletableFuture@2b047bfe[Not completed]
2024-04-21 07:19:27,448 [9387e6e8-bf6d-4d10-9dc1-f1bd05fc02cf-groupManagement] INFO  server.RaftServer$Division (RaftServerImpl.java:<init>(256)) - 9387e6e8-bf6d-4d10-9dc1-f1bd05fc02cf: new RaftServerImpl for group-12C11132411B:[9387e6e8-bf6d-4d10-9dc1-f1bd05fc02cf|10.1.0.102:15120, 80370d78-c36f-4d75-b7cb-6753407b0dff|10.1.0.102:15156, 33d4fa9a-f1b5-45a2-9ce3-43c86fd82df2|10.1.0.102:15129] with ContainerStateMachine:uninitialized
2024-04-21 07:19:27,448 [9387e6e8-bf6d-4d10-9dc1-f1bd05fc02cf-groupManagement] INFO  server.RaftServerConfigKeys (ConfUtils.java:logGet(46)) - raft.server.rpc.timeout.min = 5s (custom)
2024-04-21 07:19:27,448 [9387e6e8-bf6d-4d10-9dc1-f1bd05fc02cf-groupManagement] INFO  server.RaftServerConfigKeys (ConfUtils.java:logGet(46)) - raft.server.rpc.timeout.max = 5200ms (custom)
2024-04-21 07:19:27,448 [9387e6e8-bf6d-4d10-9dc1-f1bd05fc02cf-groupManagement] INFO  server.RaftServerConfigKeys (ConfUtils.java:logGet(46)) - raft.server.rpc.sleep.time = 25ms (default)
2024-04-21 07:19:27,448 [9387e6e8-bf6d-4d10-9dc1-f1bd05fc02cf-groupManagement] INFO  server.RaftServerConfigKeys (ConfUtils.java:logGet(46)) - raft.server.rpc.slowness.timeout = 300000ms (custom)
2024-04-21 07:19:27,448 [9387e6e8-bf6d-4d10-9dc1-f1bd05fc02cf-groupManagement] INFO  server.RaftServerConfigKeys (ConfUtils.java:logGet(46)) - raft.server.leaderelection.leader.step-down.wait-time = 10s (default)
2024-04-21 07:19:27,448 [9387e6e8-bf6d-4d10-9dc1-f1bd05fc02cf-groupManagement] INFO  server.RaftServerConfigKeys (ConfUtils.java:logGet(46)) - raft.server.leaderelection.member.majority-add = false (default)
2024-04-21 07:19:27,448 [9387e6e8-bf6d-4d10-9dc1-f1bd05fc02cf-groupManagement] INFO  server.RaftServerConfigKeys (ConfUtils.java:logGet(46)) - raft.server.sleep.deviation.threshold = 300ms (default)
2024-04-21 07:19:27,448 [9387e6e8-bf6d-4d10-9dc1-f1bd05fc02cf-groupManagement] INFO  server.RaftServer$Division (ServerState.java:<init>(113)) - 9387e6e8-bf6d-4d10-9dc1-f1bd05fc02cf@group-12C11132411B: ConfigurationManager, init=-1: peers:[9387e6e8-bf6d-4d10-9dc1-f1bd05fc02cf|10.1.0.102:15120, 80370d78-c36f-4d75-b7cb-6753407b0dff|10.1.0.102:15156, 33d4fa9a-f1b5-45a2-9ce3-43c86fd82df2|10.1.0.102:15129]|listeners:[], old=null, confs=<EMPTY_MAP>
2024-04-21 07:19:27,448 [9387e6e8-bf6d-4d10-9dc1-f1bd05fc02cf-groupManagement] INFO  server.RaftServerConfigKeys (ConfUtils.java:logGet(46)) - raft.server.notification.no-leader.timeout = 300000ms (custom)
2024-04-21 07:19:27,448 [9387e6e8-bf6d-4d10-9dc1-f1bd05fc02cf-groupManagement] INFO  server.RaftServerConfigKeys (ConfUtils.java:logGet(46)) - raft.server.read.timeout = 10s (default)
2024-04-21 07:19:27,448 [9387e6e8-bf6d-4d10-9dc1-f1bd05fc02cf-groupManagement] INFO  server.RaftServerConfigKeys (ConfUtils.java:logGet(46)) - raft.server.retrycache.expirytime = 600000ms (custom)
2024-04-21 07:19:27,448 [9387e6e8-bf6d-4d10-9dc1-f1bd05fc02cf-groupManagement] INFO  server.RaftServerConfigKeys (ConfUtils.java:logGet(46)) - raft.server.retrycache.statistics.expirytime = 100ms (default)
2024-04-21 07:19:27,448 [9387e6e8-bf6d-4d10-9dc1-f1bd05fc02cf-groupManagement] INFO  server.RaftServerConfigKeys (ConfUtils.java:logGet(46)) - raft.server.read.option = DEFAULT (default)
2024-04-21 07:19:27,449 [9387e6e8-bf6d-4d10-9dc1-f1bd05fc02cf-groupManagement] INFO  server.RaftServerConfigKeys (ConfUtils.java:logGet(46)) - raft.server.read.read-after-write-consistent.write-index-cache.expiry-time = 60s (default)
2024-04-21 07:19:27,450 [9387e6e8-bf6d-4d10-9dc1-f1bd05fc02cf-groupManagement] INFO  server.RaftServerConfigKeys (ConfUtils.java:logGet(46)) - raft.server.rpc.request.timeout = 3000ms (default)
2024-04-21 07:19:27,450 [9387e6e8-bf6d-4d10-9dc1-f1bd05fc02cf-groupManagement] INFO  server.RaftServerConfigKeys (ConfUtils.java:logGet(46)) - raft.server.log.appender.install.snapshot.enabled = false (custom)
2024-04-21 07:19:27,450 [9387e6e8-bf6d-4d10-9dc1-f1bd05fc02cf-groupManagement] INFO  server.RaftServerConfigKeys (ConfUtils.java:logGet(46)) - raft.server.threadpool.server.cached = true (default)
2024-04-21 07:19:27,450 [9387e6e8-bf6d-4d10-9dc1-f1bd05fc02cf-groupManagement] INFO  server.RaftServerConfigKeys (ConfUtils.java:logGet(46)) - raft.server.threadpool.server.size = 0 (default)
2024-04-21 07:19:27,450 [9387e6e8-bf6d-4d10-9dc1-f1bd05fc02cf-groupManagement] INFO  server.RaftServerConfigKeys (ConfUtils.java:logGet(46)) - raft.server.threadpool.client.cached = true (default)
2024-04-21 07:19:27,450 [9387e6e8-bf6d-4d10-9dc1-f1bd05fc02cf-groupManagement] INFO  server.RaftServerConfigKeys (ConfUtils.java:logGet(46)) - raft.server.threadpool.client.size = 0 (default)
2024-04-21 07:19:27,450 [9387e6e8-bf6d-4d10-9dc1-f1bd05fc02cf-groupManagement] INFO  server.RaftServerConfigKeys (ConfUtils.java:logGet(46)) - raft.server.storage.free-space.min = 0MB (=0) (default)
2024-04-21 07:19:27,450 [9387e6e8-bf6d-4d10-9dc1-f1bd05fc02cf-groupManagement] INFO  server.RaftServerConfigKeys (ConfUtils.java:logGet(46)) - raft.server.log.corruption.policy = EXCEPTION (default)
2024-04-21 07:19:27,450 [9387e6e8-bf6d-4d10-9dc1-f1bd05fc02cf-groupManagement] INFO  server.RaftServerConfigKeys (ConfUtils.java:logGet(46)) - raft.server.storage.dir = [/home/runner/work/ozone/ozone/hadoop-ozone/integration-test/target/test-dir/MiniOzoneClusterImpl-ed39ddd9-82bf-4bf6-8741-acb42c98007c/ozone-meta/datanode-1/ratis] (custom)
2024-04-21 07:19:27,451 [9387e6e8-bf6d-4d10-9dc1-f1bd05fc02cf-groupManagement] INFO  storage.RaftStorageDirectory (RaftStorageDirectoryImpl.java:analyzeStorage(138)) - The storage directory /home/runner/work/ozone/ozone/hadoop-ozone/integration-test/target/test-dir/MiniOzoneClusterImpl-ed39ddd9-82bf-4bf6-8741-acb42c98007c/ozone-meta/datanode-1/ratis/14e1582f-626f-4294-b75a-12c11132411b does not exist. Creating ...
2024-04-21 07:19:27,451 [9387e6e8-bf6d-4d10-9dc1-f1bd05fc02cf-groupManagement] INFO  storage.RaftStorageDirectory (RaftStorageDirectoryImpl.java:tryLock(228)) - Lock on /home/runner/work/ozone/ozone/hadoop-ozone/integration-test/target/test-dir/MiniOzoneClusterImpl-ed39ddd9-82bf-4bf6-8741-acb42c98007c/ozone-meta/datanode-1/ratis/14e1582f-626f-4294-b75a-12c11132411b/in_use.lock acquired by nodename 52185@fv-az1428-63
2024-04-21 07:19:27,452 [9387e6e8-bf6d-4d10-9dc1-f1bd05fc02cf-groupManagement] INFO  storage.RaftStorage (RaftStorageImpl.java:format(99)) - Storage directory /home/runner/work/ozone/ozone/hadoop-ozone/integration-test/target/test-dir/MiniOzoneClusterImpl-ed39ddd9-82bf-4bf6-8741-acb42c98007c/ozone-meta/datanode-1/ratis/14e1582f-626f-4294-b75a-12c11132411b has been successfully formatted.
2024-04-21 07:19:27,453 [9387e6e8-bf6d-4d10-9dc1-f1bd05fc02cf-groupManagement] WARN  util.FileUtils (LogUtils.java:supplyAndLog(63)) - Failed to Files.newInputStream /home/runner/work/ozone/ozone/hadoop-ozone/integration-test/target/test-dir/MiniOzoneClusterImpl-ed39ddd9-82bf-4bf6-8741-acb42c98007c/ozone-meta/datanode-1/ratis/14e1582f-626f-4294-b75a-12c11132411b/current/raft-meta.conf with options []: java.nio.file.NoSuchFileException: /home/runner/work/ozone/ozone/hadoop-ozone/integration-test/target/test-dir/MiniOzoneClusterImpl-ed39ddd9-82bf-4bf6-8741-acb42c98007c/ozone-meta/datanode-1/ratis/14e1582f-626f-4294-b75a-12c11132411b/current/raft-meta.conf
2024-04-21 07:19:27,453 [9387e6e8-bf6d-4d10-9dc1-f1bd05fc02cf-groupManagement] INFO  ratis.ContainerStateMachine (ContainerStateMachine.java:loadSnapshot(287)) - group-12C11132411B: The snapshot info is null. Setting the last applied index to:(t:0, i:~)
2024-04-21 07:19:27,453 [9387e6e8-bf6d-4d10-9dc1-f1bd05fc02cf-groupManagement] INFO  server.RaftServerConfigKeys (ConfUtils.java:logGet(46)) - raft.server.log.use.memory = false (default)
2024-04-21 07:19:27,453 [9387e6e8-bf6d-4d10-9dc1-f1bd05fc02cf-groupManagement] INFO  server.RaftServerConfigKeys (ConfUtils.java:logGet(46)) - raft.server.log.purge.gap = 1000000 (custom)
2024-04-21 07:19:27,453 [9387e6e8-bf6d-4d10-9dc1-f1bd05fc02cf-groupManagement] INFO  server.RaftServerConfigKeys (ConfUtils.java:logGet(46)) - raft.server.log.appender.buffer.byte-limit = 8388608 (custom)
2024-04-21 07:19:27,453 [9387e6e8-bf6d-4d10-9dc1-f1bd05fc02cf-groupManagement] INFO  server.RaftServerConfigKeys (ConfUtils.java:logGet(46)) - raft.server.log.statemachine.data.read.timeout = 1000ms (default)
2024-04-21 07:19:27,453 [9387e6e8-bf6d-4d10-9dc1-f1bd05fc02cf-groupManagement] INFO  server.RaftServerConfigKeys (ConfUtils.java:logGet(46)) - raft.server.log.purge.preservation.log.num = 0 (default)
2024-04-21 07:19:27,454 [9387e6e8-bf6d-4d10-9dc1-f1bd05fc02cf-groupManagement] INFO  server.RaftServerConfigKeys (ConfUtils.java:logGet(46)) - raft.server.log.segment.size.max = 67108864 (custom)
2024-04-21 07:19:27,454 [9387e6e8-bf6d-4d10-9dc1-f1bd05fc02cf-groupManagement] INFO  server.RaftServerConfigKeys (ConfUtils.java:logGet(46)) - raft.server.log.segment.cache.num.max = 2 (custom)
2024-04-21 07:19:27,455 [9387e6e8-bf6d-4d10-9dc1-f1bd05fc02cf-groupManagement] INFO  server.RaftServerConfigKeys (ConfUtils.java:logGet(46)) - raft.server.log.segment.cache.size.max = 200MB (=209715200) (default)
2024-04-21 07:19:27,455 [9387e6e8-bf6d-4d10-9dc1-f1bd05fc02cf-groupManagement] INFO  server.RaftServerConfigKeys (ConfUtils.java:logGet(46)) - raft.server.log.appender.buffer.byte-limit = 8388608 (custom)
2024-04-21 07:19:27,455 [9387e6e8-bf6d-4d10-9dc1-f1bd05fc02cf-groupManagement] INFO  util.AwaitToRun (AwaitToRun.java:start(81)) - Thread[9387e6e8-bf6d-4d10-9dc1-f1bd05fc02cf@group-12C11132411B-cacheEviction-AwaitToRun,5,main] started
2024-04-21 07:19:27,455 [9387e6e8-bf6d-4d10-9dc1-f1bd05fc02cf-groupManagement] INFO  segmented.SegmentedRaftLogWorker (SegmentedRaftLogWorker.java:<init>(182)) - new 9387e6e8-bf6d-4d10-9dc1-f1bd05fc02cf@group-12C11132411B-SegmentedRaftLogWorker for RaftStorageImpl:Storage Directory /home/runner/work/ozone/ozone/hadoop-ozone/integration-test/target/test-dir/MiniOzoneClusterImpl-ed39ddd9-82bf-4bf6-8741-acb42c98007c/ozone-meta/datanode-1/ratis/14e1582f-626f-4294-b75a-12c11132411b
2024-04-21 07:19:27,455 [9387e6e8-bf6d-4d10-9dc1-f1bd05fc02cf-groupManagement] INFO  server.RaftServerConfigKeys (ConfUtils.java:logGet(46)) - raft.server.log.queue.byte-limit = 4294967296 (custom)
2024-04-21 07:19:27,455 [9387e6e8-bf6d-4d10-9dc1-f1bd05fc02cf-groupManagement] INFO  server.RaftServerConfigKeys (ConfUtils.java:logGet(46)) - raft.server.log.queue.element-limit = 1024 (custom)
2024-04-21 07:19:27,455 [9387e6e8-bf6d-4d10-9dc1-f1bd05fc02cf-groupManagement] INFO  server.RaftServerConfigKeys (ConfUtils.java:logGet(46)) - raft.server.log.segment.size.max = 67108864 (custom)
2024-04-21 07:19:27,455 [9387e6e8-bf6d-4d10-9dc1-f1bd05fc02cf-groupManagement] INFO  server.RaftServerConfigKeys (ConfUtils.java:logGet(46)) - raft.server.log.preallocated.size = 4194304 (custom)
2024-04-21 07:19:27,455 [9387e6e8-bf6d-4d10-9dc1-f1bd05fc02cf-groupManagement] INFO  server.RaftServerConfigKeys (ConfUtils.java:logGet(46)) - raft.server.log.force.sync.num = 128 (default)
2024-04-21 07:19:27,455 [9387e6e8-bf6d-4d10-9dc1-f1bd05fc02cf-groupManagement] INFO  server.RaftServerConfigKeys (ConfUtils.java:logGet(46)) - raft.server.log.statemachine.data.sync = true (default)
2024-04-21 07:19:27,455 [9387e6e8-bf6d-4d10-9dc1-f1bd05fc02cf-groupManagement] INFO  server.RaftServerConfigKeys (ConfUtils.java:logGet(46)) - raft.server.log.statemachine.data.sync.timeout = 10s (default)
2024-04-21 07:19:27,455 [9387e6e8-bf6d-4d10-9dc1-f1bd05fc02cf-groupManagement] INFO  server.RaftServerConfigKeys (ConfUtils.java:logGet(46)) - raft.server.log.statemachine.data.sync.timeout.retry = 30 (custom)
2024-04-21 07:19:27,456 [9387e6e8-bf6d-4d10-9dc1-f1bd05fc02cf-groupManagement] INFO  server.RaftServerConfigKeys (ConfUtils.java:logGet(46)) - raft.server.log.write.buffer.size = 8388616 (custom)
2024-04-21 07:19:27,457 [9387e6e8-bf6d-4d10-9dc1-f1bd05fc02cf-groupManagement] INFO  server.RaftServerConfigKeys (ConfUtils.java:logGet(46)) - raft.server.log.appender.buffer.byte-limit = 8388608 (custom)
2024-04-21 07:19:27,457 [9387e6e8-bf6d-4d10-9dc1-f1bd05fc02cf-groupManagement] INFO  server.RaftServerConfigKeys (ConfUtils.java:logGet(46)) - raft.server.log.unsafe-flush.enabled = false (default)
2024-04-21 07:19:27,457 [9387e6e8-bf6d-4d10-9dc1-f1bd05fc02cf-groupManagement] INFO  server.RaftServerConfigKeys (ConfUtils.java:logGet(46)) - raft.server.log.async-flush.enabled = false (default)
2024-04-21 07:19:27,457 [9387e6e8-bf6d-4d10-9dc1-f1bd05fc02cf-groupManagement] INFO  server.RaftServerConfigKeys (ConfUtils.java:logGet(46)) - raft.server.log.statemachine.data.caching.enabled = true (custom)
2024-04-21 07:19:27,457 [9387e6e8-bf6d-4d10-9dc1-f1bd05fc02cf-groupManagement] INFO  segmented.SegmentedRaftLogWorker (SegmentedRaftLogWorker.java:lambda$new$0(134)) - 9387e6e8-bf6d-4d10-9dc1-f1bd05fc02cf@group-12C11132411B-SegmentedRaftLogWorker: flushIndex: setUnconditionally 0 -> -1
2024-04-21 07:19:27,457 [9387e6e8-bf6d-4d10-9dc1-f1bd05fc02cf-groupManagement] INFO  segmented.SegmentedRaftLogWorker (SegmentedRaftLogWorker.java:lambda$new$0(134)) - 9387e6e8-bf6d-4d10-9dc1-f1bd05fc02cf@group-12C11132411B-SegmentedRaftLogWorker: safeCacheEvictIndex: setUnconditionally 0 -> -1
2024-04-21 07:19:27,457 [9387e6e8-bf6d-4d10-9dc1-f1bd05fc02cf-groupManagement] INFO  server.RaftServer$Division (RaftServerImpl.java:start(396)) - 9387e6e8-bf6d-4d10-9dc1-f1bd05fc02cf@group-12C11132411B: start as a follower, conf=-1: peers:[9387e6e8-bf6d-4d10-9dc1-f1bd05fc02cf|10.1.0.102:15120, 80370d78-c36f-4d75-b7cb-6753407b0dff|10.1.0.102:15156, 33d4fa9a-f1b5-45a2-9ce3-43c86fd82df2|10.1.0.102:15129]|listeners:[], old=null
2024-04-21 07:19:27,457 [9387e6e8-bf6d-4d10-9dc1-f1bd05fc02cf-groupManagement] INFO  server.RaftServer$Division (RaftServerImpl.java:setRole(383)) - 9387e6e8-bf6d-4d10-9dc1-f1bd05fc02cf@group-12C11132411B: changes role from      null to FOLLOWER at term 0 for startAsFollower
2024-04-21 07:19:27,457 [9387e6e8-bf6d-4d10-9dc1-f1bd05fc02cf-groupManagement] INFO  impl.RoleInfo (RoleInfo.java:updateAndGet(139)) - 9387e6e8-bf6d-4d10-9dc1-f1bd05fc02cf: start 9387e6e8-bf6d-4d10-9dc1-f1bd05fc02cf@group-12C11132411B-FollowerState
2024-04-21 07:19:27,458 [9387e6e8-bf6d-4d10-9dc1-f1bd05fc02cf@group-12C11132411B-FollowerState] INFO  server.RaftServerConfigKeys (ConfUtils.java:logFallback(53)) - raft.server.rpc.first-election.timeout.min = 5s (fallback to raft.server.rpc.timeout.min)
2024-04-21 07:19:27,458 [9387e6e8-bf6d-4d10-9dc1-f1bd05fc02cf-groupManagement] INFO  util.JmxRegister (JmxRegister.java:tryRegister(44)) - Successfully registered JMX Bean with object name Ratis:service=RaftServer,group=group-12C11132411B,id=9387e6e8-bf6d-4d10-9dc1-f1bd05fc02cf
2024-04-21 07:19:27,458 [9387e6e8-bf6d-4d10-9dc1-f1bd05fc02cf-groupManagement] INFO  server.RaftServerConfigKeys (ConfUtils.java:logGet(46)) - raft.server.snapshot.trigger-when-stop.enabled = true (default)
2024-04-21 07:19:27,458 [9387e6e8-bf6d-4d10-9dc1-f1bd05fc02cf-groupManagement] INFO  server.RaftServerConfigKeys (ConfUtils.java:logGet(46)) - raft.server.snapshot.auto.trigger.enabled = true (custom)
2024-04-21 07:19:27,458 [9387e6e8-bf6d-4d10-9dc1-f1bd05fc02cf-groupManagement] INFO  server.RaftServerConfigKeys (ConfUtils.java:logGet(46)) - raft.server.snapshot.auto.trigger.threshold = 10000 (custom)
2024-04-21 07:19:27,458 [9387e6e8-bf6d-4d10-9dc1-f1bd05fc02cf-groupManagement] INFO  server.RaftServerConfigKeys (ConfUtils.java:logGet(46)) - raft.server.snapshot.retention.file.num = 5 (custom)
2024-04-21 07:19:27,458 [9387e6e8-bf6d-4d10-9dc1-f1bd05fc02cf-groupManagement] INFO  server.RaftServerConfigKeys (ConfUtils.java:logGet(46)) - raft.server.log.purge.upto.snapshot.index = false (default)
2024-04-21 07:19:27,458 [9387e6e8-bf6d-4d10-9dc1-f1bd05fc02cf@group-12C11132411B-FollowerState] INFO  server.RaftServerConfigKeys (ConfUtils.java:logFallback(53)) - raft.server.rpc.first-election.timeout.max = 5200ms (fallback to raft.server.rpc.timeout.max)
2024-04-21 07:19:27,461 [80370d78-c36f-4d75-b7cb-6753407b0dff-PipelineCommandHandlerThread-0] INFO  commandhandler.CreatePipelineCommandHandler (CreatePipelineCommandHandler.java:lambda$handle$2(124)) - Created Pipeline RATIS THREE PipelineID=14e1582f-626f-4294-b75a-12c11132411b.
2024-04-21 07:19:27,462 [80370d78-c36f-4d75-b7cb-6753407b0dff-PipelineCommandHandlerThread-0] INFO  server.RaftServer (RaftServerProxy.java:addNew(100)) - 80370d78-c36f-4d75-b7cb-6753407b0dff: addNew group-77AD9CB52074:[9387e6e8-bf6d-4d10-9dc1-f1bd05fc02cf|10.1.0.102:15120, 80370d78-c36f-4d75-b7cb-6753407b0dff|10.1.0.102:15156, 33d4fa9a-f1b5-45a2-9ce3-43c86fd82df2|10.1.0.102:15129] returns group-77AD9CB52074:java.util.concurrent.CompletableFuture@6eb251[Not completed]
2024-04-21 07:19:27,462 [80370d78-c36f-4d75-b7cb-6753407b0dff-groupManagement] INFO  server.RaftServer$Division (RaftServerImpl.java:<init>(256)) - 80370d78-c36f-4d75-b7cb-6753407b0dff: new RaftServerImpl for group-77AD9CB52074:[9387e6e8-bf6d-4d10-9dc1-f1bd05fc02cf|10.1.0.102:15120, 80370d78-c36f-4d75-b7cb-6753407b0dff|10.1.0.102:15156, 33d4fa9a-f1b5-45a2-9ce3-43c86fd82df2|10.1.0.102:15129] with ContainerStateMachine:uninitialized
2024-04-21 07:19:27,462 [80370d78-c36f-4d75-b7cb-6753407b0dff-groupManagement] INFO  server.RaftServerConfigKeys (ConfUtils.java:logGet(46)) - raft.server.rpc.timeout.min = 5s (custom)
2024-04-21 07:19:27,462 [80370d78-c36f-4d75-b7cb-6753407b0dff-groupManagement] INFO  server.RaftServerConfigKeys (ConfUtils.java:logGet(46)) - raft.server.rpc.timeout.max = 5200ms (custom)
2024-04-21 07:19:27,463 [80370d78-c36f-4d75-b7cb-6753407b0dff-groupManagement] INFO  server.RaftServerConfigKeys (ConfUtils.java:logGet(46)) - raft.server.rpc.sleep.time = 25ms (default)
2024-04-21 07:19:27,463 [80370d78-c36f-4d75-b7cb-6753407b0dff-groupManagement] INFO  server.RaftServerConfigKeys (ConfUtils.java:logGet(46)) - raft.server.rpc.slowness.timeout = 300000ms (custom)
2024-04-21 07:19:27,463 [80370d78-c36f-4d75-b7cb-6753407b0dff-groupManagement] INFO  server.RaftServerConfigKeys (ConfUtils.java:logGet(46)) - raft.server.leaderelection.leader.step-down.wait-time = 10s (default)
2024-04-21 07:19:27,463 [80370d78-c36f-4d75-b7cb-6753407b0dff-groupManagement] INFO  server.RaftServerConfigKeys (ConfUtils.java:logGet(46)) - raft.server.leaderelection.member.majority-add = false (default)
2024-04-21 07:19:27,463 [80370d78-c36f-4d75-b7cb-6753407b0dff-groupManagement] INFO  server.RaftServerConfigKeys (ConfUtils.java:logGet(46)) - raft.server.sleep.deviation.threshold = 300ms (default)
2024-04-21 07:19:27,463 [80370d78-c36f-4d75-b7cb-6753407b0dff-groupManagement] INFO  server.RaftServer$Division (ServerState.java:<init>(113)) - 80370d78-c36f-4d75-b7cb-6753407b0dff@group-77AD9CB52074: ConfigurationManager, init=-1: peers:[9387e6e8-bf6d-4d10-9dc1-f1bd05fc02cf|10.1.0.102:15120, 80370d78-c36f-4d75-b7cb-6753407b0dff|10.1.0.102:15156, 33d4fa9a-f1b5-45a2-9ce3-43c86fd82df2|10.1.0.102:15129]|listeners:[], old=null, confs=<EMPTY_MAP>
2024-04-21 07:19:27,463 [80370d78-c36f-4d75-b7cb-6753407b0dff-groupManagement] INFO  server.RaftServerConfigKeys (ConfUtils.java:logGet(46)) - raft.server.notification.no-leader.timeout = 300000ms (custom)
2024-04-21 07:19:27,463 [80370d78-c36f-4d75-b7cb-6753407b0dff-groupManagement] INFO  server.RaftServerConfigKeys (ConfUtils.java:logGet(46)) - raft.server.read.timeout = 10s (default)
2024-04-21 07:19:27,463 [80370d78-c36f-4d75-b7cb-6753407b0dff-groupManagement] INFO  server.RaftServerConfigKeys (ConfUtils.java:logGet(46)) - raft.server.retrycache.expirytime = 600000ms (custom)
2024-04-21 07:19:27,463 [80370d78-c36f-4d75-b7cb-6753407b0dff-groupManagement] INFO  server.RaftServerConfigKeys (ConfUtils.java:logGet(46)) - raft.server.retrycache.statistics.expirytime = 100ms (default)
2024-04-21 07:19:27,463 [80370d78-c36f-4d75-b7cb-6753407b0dff-groupManagement] INFO  server.RaftServerConfigKeys (ConfUtils.java:logGet(46)) - raft.server.read.option = DEFAULT (default)
2024-04-21 07:19:27,463 [80370d78-c36f-4d75-b7cb-6753407b0dff-groupManagement] INFO  server.RaftServerConfigKeys (ConfUtils.java:logGet(46)) - raft.server.read.read-after-write-consistent.write-index-cache.expiry-time = 60s (default)
2024-04-21 07:19:27,465 [80370d78-c36f-4d75-b7cb-6753407b0dff-groupManagement] INFO  server.RaftServerConfigKeys (ConfUtils.java:logGet(46)) - raft.server.rpc.request.timeout = 3000ms (default)
2024-04-21 07:19:27,465 [80370d78-c36f-4d75-b7cb-6753407b0dff-groupManagement] INFO  server.RaftServerConfigKeys (ConfUtils.java:logGet(46)) - raft.server.log.appender.install.snapshot.enabled = false (custom)
2024-04-21 07:19:27,465 [80370d78-c36f-4d75-b7cb-6753407b0dff-groupManagement] INFO  server.RaftServerConfigKeys (ConfUtils.java:logGet(46)) - raft.server.threadpool.server.cached = true (default)
2024-04-21 07:19:27,465 [80370d78-c36f-4d75-b7cb-6753407b0dff-groupManagement] INFO  server.RaftServerConfigKeys (ConfUtils.java:logGet(46)) - raft.server.threadpool.server.size = 0 (default)
2024-04-21 07:19:27,465 [80370d78-c36f-4d75-b7cb-6753407b0dff-groupManagement] INFO  server.RaftServerConfigKeys (ConfUtils.java:logGet(46)) - raft.server.threadpool.client.cached = true (default)
2024-04-21 07:19:27,465 [80370d78-c36f-4d75-b7cb-6753407b0dff-groupManagement] INFO  server.RaftServerConfigKeys (ConfUtils.java:logGet(46)) - raft.server.threadpool.client.size = 0 (default)
2024-04-21 07:19:27,465 [80370d78-c36f-4d75-b7cb-6753407b0dff-groupManagement] INFO  server.RaftServerConfigKeys (ConfUtils.java:logGet(46)) - raft.server.storage.free-space.min = 0MB (=0) (default)
2024-04-21 07:19:27,465 [80370d78-c36f-4d75-b7cb-6753407b0dff-groupManagement] INFO  server.RaftServerConfigKeys (ConfUtils.java:logGet(46)) - raft.server.log.corruption.policy = EXCEPTION (default)
2024-04-21 07:19:27,465 [80370d78-c36f-4d75-b7cb-6753407b0dff-groupManagement] INFO  server.RaftServerConfigKeys (ConfUtils.java:logGet(46)) - raft.server.storage.dir = [/home/runner/work/ozone/ozone/hadoop-ozone/integration-test/target/test-dir/MiniOzoneClusterImpl-ed39ddd9-82bf-4bf6-8741-acb42c98007c/ozone-meta/datanode-5/ratis] (custom)
2024-04-21 07:19:27,466 [80370d78-c36f-4d75-b7cb-6753407b0dff-groupManagement] INFO  storage.RaftStorageDirectory (RaftStorageDirectoryImpl.java:analyzeStorage(138)) - The storage directory /home/runner/work/ozone/ozone/hadoop-ozone/integration-test/target/test-dir/MiniOzoneClusterImpl-ed39ddd9-82bf-4bf6-8741-acb42c98007c/ozone-meta/datanode-5/ratis/aa5e628e-98de-483c-bc2e-77ad9cb52074 does not exist. Creating ...
2024-04-21 07:19:27,467 [80370d78-c36f-4d75-b7cb-6753407b0dff-groupManagement] INFO  storage.RaftStorageDirectory (RaftStorageDirectoryImpl.java:tryLock(228)) - Lock on /home/runner/work/ozone/ozone/hadoop-ozone/integration-test/target/test-dir/MiniOzoneClusterImpl-ed39ddd9-82bf-4bf6-8741-acb42c98007c/ozone-meta/datanode-5/ratis/aa5e628e-98de-483c-bc2e-77ad9cb52074/in_use.lock acquired by nodename 52185@fv-az1428-63
2024-04-21 07:19:27,467 [80370d78-c36f-4d75-b7cb-6753407b0dff-groupManagement] INFO  storage.RaftStorage (RaftStorageImpl.java:format(99)) - Storage directory /home/runner/work/ozone/ozone/hadoop-ozone/integration-test/target/test-dir/MiniOzoneClusterImpl-ed39ddd9-82bf-4bf6-8741-acb42c98007c/ozone-meta/datanode-5/ratis/aa5e628e-98de-483c-bc2e-77ad9cb52074 has been successfully formatted.
2024-04-21 07:19:27,468 [80370d78-c36f-4d75-b7cb-6753407b0dff-groupManagement] WARN  util.FileUtils (LogUtils.java:supplyAndLog(63)) - Failed to Files.newInputStream /home/runner/work/ozone/ozone/hadoop-ozone/integration-test/target/test-dir/MiniOzoneClusterImpl-ed39ddd9-82bf-4bf6-8741-acb42c98007c/ozone-meta/datanode-5/ratis/aa5e628e-98de-483c-bc2e-77ad9cb52074/current/raft-meta.conf with options []: java.nio.file.NoSuchFileException: /home/runner/work/ozone/ozone/hadoop-ozone/integration-test/target/test-dir/MiniOzoneClusterImpl-ed39ddd9-82bf-4bf6-8741-acb42c98007c/ozone-meta/datanode-5/ratis/aa5e628e-98de-483c-bc2e-77ad9cb52074/current/raft-meta.conf
2024-04-21 07:19:27,468 [80370d78-c36f-4d75-b7cb-6753407b0dff-groupManagement] INFO  ratis.ContainerStateMachine (ContainerStateMachine.java:loadSnapshot(287)) - group-77AD9CB52074: The snapshot info is null. Setting the last applied index to:(t:0, i:~)
2024-04-21 07:19:27,468 [80370d78-c36f-4d75-b7cb-6753407b0dff-groupManagement] INFO  server.RaftServerConfigKeys (ConfUtils.java:logGet(46)) - raft.server.log.use.memory = false (default)
2024-04-21 07:19:27,468 [80370d78-c36f-4d75-b7cb-6753407b0dff-groupManagement] INFO  server.RaftServerConfigKeys (ConfUtils.java:logGet(46)) - raft.server.log.purge.gap = 1000000 (custom)
2024-04-21 07:19:27,468 [80370d78-c36f-4d75-b7cb-6753407b0dff-groupManagement] INFO  server.RaftServerConfigKeys (ConfUtils.java:logGet(46)) - raft.server.log.appender.buffer.byte-limit = 8388608 (custom)
2024-04-21 07:19:27,468 [80370d78-c36f-4d75-b7cb-6753407b0dff-groupManagement] INFO  server.RaftServerConfigKeys (ConfUtils.java:logGet(46)) - raft.server.log.statemachine.data.read.timeout = 1000ms (default)
2024-04-21 07:19:27,468 [80370d78-c36f-4d75-b7cb-6753407b0dff-groupManagement] INFO  server.RaftServerConfigKeys (ConfUtils.java:logGet(46)) - raft.server.log.purge.preservation.log.num = 0 (default)
2024-04-21 07:19:27,469 [80370d78-c36f-4d75-b7cb-6753407b0dff-groupManagement] INFO  server.RaftServerConfigKeys (ConfUtils.java:logGet(46)) - raft.server.log.segment.size.max = 67108864 (custom)
2024-04-21 07:19:27,469 [80370d78-c36f-4d75-b7cb-6753407b0dff-groupManagement] INFO  server.RaftServerConfigKeys (ConfUtils.java:logGet(46)) - raft.server.log.segment.cache.num.max = 2 (custom)
2024-04-21 07:19:27,469 [80370d78-c36f-4d75-b7cb-6753407b0dff-groupManagement] INFO  server.RaftServerConfigKeys (ConfUtils.java:logGet(46)) - raft.server.log.segment.cache.size.max = 200MB (=209715200) (default)
2024-04-21 07:19:27,469 [80370d78-c36f-4d75-b7cb-6753407b0dff-groupManagement] INFO  server.RaftServerConfigKeys (ConfUtils.java:logGet(46)) - raft.server.log.appender.buffer.byte-limit = 8388608 (custom)
2024-04-21 07:19:27,469 [80370d78-c36f-4d75-b7cb-6753407b0dff-groupManagement] INFO  util.AwaitToRun (AwaitToRun.java:start(81)) - Thread[80370d78-c36f-4d75-b7cb-6753407b0dff@group-77AD9CB52074-cacheEviction-AwaitToRun,5,main] started
2024-04-21 07:19:27,469 [80370d78-c36f-4d75-b7cb-6753407b0dff-groupManagement] INFO  segmented.SegmentedRaftLogWorker (SegmentedRaftLogWorker.java:<init>(182)) - new 80370d78-c36f-4d75-b7cb-6753407b0dff@group-77AD9CB52074-SegmentedRaftLogWorker for RaftStorageImpl:Storage Directory /home/runner/work/ozone/ozone/hadoop-ozone/integration-test/target/test-dir/MiniOzoneClusterImpl-ed39ddd9-82bf-4bf6-8741-acb42c98007c/ozone-meta/datanode-5/ratis/aa5e628e-98de-483c-bc2e-77ad9cb52074
2024-04-21 07:19:27,469 [80370d78-c36f-4d75-b7cb-6753407b0dff-groupManagement] INFO  server.RaftServerConfigKeys (ConfUtils.java:logGet(46)) - raft.server.log.queue.byte-limit = 4294967296 (custom)
2024-04-21 07:19:27,469 [80370d78-c36f-4d75-b7cb-6753407b0dff-groupManagement] INFO  server.RaftServerConfigKeys (ConfUtils.java:logGet(46)) - raft.server.log.queue.element-limit = 1024 (custom)
2024-04-21 07:19:27,469 [80370d78-c36f-4d75-b7cb-6753407b0dff-groupManagement] INFO  server.RaftServerConfigKeys (ConfUtils.java:logGet(46)) - raft.server.log.segment.size.max = 67108864 (custom)
2024-04-21 07:19:27,469 [80370d78-c36f-4d75-b7cb-6753407b0dff-groupManagement] INFO  server.RaftServerConfigKeys (ConfUtils.java:logGet(46)) - raft.server.log.preallocated.size = 4194304 (custom)
2024-04-21 07:19:27,469 [80370d78-c36f-4d75-b7cb-6753407b0dff-groupManagement] INFO  server.RaftServerConfigKeys (ConfUtils.java:logGet(46)) - raft.server.log.force.sync.num = 128 (default)
2024-04-21 07:19:27,469 [80370d78-c36f-4d75-b7cb-6753407b0dff-groupManagement] INFO  server.RaftServerConfigKeys (ConfUtils.java:logGet(46)) - raft.server.log.statemachine.data.sync = true (default)
2024-04-21 07:19:27,469 [80370d78-c36f-4d75-b7cb-6753407b0dff-groupManagement] INFO  server.RaftServerConfigKeys (ConfUtils.java:logGet(46)) - raft.server.log.statemachine.data.sync.timeout = 10s (default)
2024-04-21 07:19:27,470 [80370d78-c36f-4d75-b7cb-6753407b0dff-groupManagement] INFO  server.RaftServerConfigKeys (ConfUtils.java:logGet(46)) - raft.server.log.statemachine.data.sync.timeout.retry = 30 (custom)
2024-04-21 07:19:27,470 [80370d78-c36f-4d75-b7cb-6753407b0dff-groupManagement] INFO  server.RaftServerConfigKeys (ConfUtils.java:logGet(46)) - raft.server.log.write.buffer.size = 8388616 (custom)
2024-04-21 07:19:27,471 [80370d78-c36f-4d75-b7cb-6753407b0dff-groupManagement] INFO  server.RaftServerConfigKeys (ConfUtils.java:logGet(46)) - raft.server.log.appender.buffer.byte-limit = 8388608 (custom)
2024-04-21 07:19:27,471 [80370d78-c36f-4d75-b7cb-6753407b0dff-groupManagement] INFO  server.RaftServerConfigKeys (ConfUtils.java:logGet(46)) - raft.server.log.unsafe-flush.enabled = false (default)
2024-04-21 07:19:27,471 [80370d78-c36f-4d75-b7cb-6753407b0dff-groupManagement] INFO  server.RaftServerConfigKeys (ConfUtils.java:logGet(46)) - raft.server.log.async-flush.enabled = false (default)
2024-04-21 07:19:27,471 [80370d78-c36f-4d75-b7cb-6753407b0dff-groupManagement] INFO  server.RaftServerConfigKeys (ConfUtils.java:logGet(46)) - raft.server.log.statemachine.data.caching.enabled = true (custom)
2024-04-21 07:19:27,471 [80370d78-c36f-4d75-b7cb-6753407b0dff-groupManagement] INFO  segmented.SegmentedRaftLogWorker (SegmentedRaftLogWorker.java:lambda$new$0(134)) - 80370d78-c36f-4d75-b7cb-6753407b0dff@group-77AD9CB52074-SegmentedRaftLogWorker: flushIndex: setUnconditionally 0 -> -1
2024-04-21 07:19:27,471 [80370d78-c36f-4d75-b7cb-6753407b0dff-groupManagement] INFO  segmented.SegmentedRaftLogWorker (SegmentedRaftLogWorker.java:lambda$new$0(134)) - 80370d78-c36f-4d75-b7cb-6753407b0dff@group-77AD9CB52074-SegmentedRaftLogWorker: safeCacheEvictIndex: setUnconditionally 0 -> -1
2024-04-21 07:19:27,471 [80370d78-c36f-4d75-b7cb-6753407b0dff-groupManagement] INFO  server.RaftServer$Division (RaftServerImpl.java:start(396)) - 80370d78-c36f-4d75-b7cb-6753407b0dff@group-77AD9CB52074: start as a follower, conf=-1: peers:[9387e6e8-bf6d-4d10-9dc1-f1bd05fc02cf|10.1.0.102:15120, 80370d78-c36f-4d75-b7cb-6753407b0dff|10.1.0.102:15156, 33d4fa9a-f1b5-45a2-9ce3-43c86fd82df2|10.1.0.102:15129]|listeners:[], old=null
2024-04-21 07:19:27,472 [80370d78-c36f-4d75-b7cb-6753407b0dff-groupManagement] INFO  server.RaftServer$Division (RaftServerImpl.java:setRole(383)) - 80370d78-c36f-4d75-b7cb-6753407b0dff@group-77AD9CB52074: changes role from      null to FOLLOWER at term 0 for startAsFollower
2024-04-21 07:19:27,472 [80370d78-c36f-4d75-b7cb-6753407b0dff-groupManagement] INFO  impl.RoleInfo (RoleInfo.java:updateAndGet(139)) - 80370d78-c36f-4d75-b7cb-6753407b0dff: start 80370d78-c36f-4d75-b7cb-6753407b0dff@group-77AD9CB52074-FollowerState
2024-04-21 07:19:27,472 [80370d78-c36f-4d75-b7cb-6753407b0dff@group-77AD9CB52074-FollowerState] INFO  server.RaftServerConfigKeys (ConfUtils.java:logFallback(53)) - raft.server.rpc.first-election.timeout.min = 5s (fallback to raft.server.rpc.timeout.min)
2024-04-21 07:19:27,472 [80370d78-c36f-4d75-b7cb-6753407b0dff-groupManagement] INFO  util.JmxRegister (JmxRegister.java:tryRegister(44)) - Successfully registered JMX Bean with object name Ratis:service=RaftServer,group=group-77AD9CB52074,id=80370d78-c36f-4d75-b7cb-6753407b0dff
2024-04-21 07:19:27,472 [80370d78-c36f-4d75-b7cb-6753407b0dff-groupManagement] INFO  server.RaftServerConfigKeys (ConfUtils.java:logGet(46)) - raft.server.snapshot.trigger-when-stop.enabled = true (default)
2024-04-21 07:19:27,472 [80370d78-c36f-4d75-b7cb-6753407b0dff-groupManagement] INFO  server.RaftServerConfigKeys (ConfUtils.java:logGet(46)) - raft.server.snapshot.auto.trigger.enabled = true (custom)
2024-04-21 07:19:27,472 [80370d78-c36f-4d75-b7cb-6753407b0dff-groupManagement] INFO  server.RaftServerConfigKeys (ConfUtils.java:logGet(46)) - raft.server.snapshot.auto.trigger.threshold = 10000 (custom)
2024-04-21 07:19:27,472 [80370d78-c36f-4d75-b7cb-6753407b0dff-groupManagement] INFO  server.RaftServerConfigKeys (ConfUtils.java:logGet(46)) - raft.server.snapshot.retention.file.num = 5 (custom)
2024-04-21 07:19:27,472 [80370d78-c36f-4d75-b7cb-6753407b0dff-groupManagement] INFO  server.RaftServerConfigKeys (ConfUtils.java:logGet(46)) - raft.server.log.purge.upto.snapshot.index = false (default)
2024-04-21 07:19:27,472 [80370d78-c36f-4d75-b7cb-6753407b0dff@group-77AD9CB52074-FollowerState] INFO  server.RaftServerConfigKeys (ConfUtils.java:logFallback(53)) - raft.server.rpc.first-election.timeout.max = 5200ms (fallback to raft.server.rpc.timeout.max)
2024-04-21 07:19:27,473 [80370d78-c36f-4d75-b7cb-6753407b0dff-PipelineCommandHandlerThread-0] INFO  ratis.XceiverServerRatis (XceiverServerRatis.java:addGroup(864)) - Created group PipelineID=aa5e628e-98de-483c-bc2e-77ad9cb52074
2024-04-21 07:19:27,478 [grpc-default-executor-4] INFO  server.RaftServer (RaftServerProxy.java:addNew(100)) - 33d4fa9a-f1b5-45a2-9ce3-43c86fd82df2: addNew group-77AD9CB52074:[9387e6e8-bf6d-4d10-9dc1-f1bd05fc02cf|10.1.0.102:15120, 80370d78-c36f-4d75-b7cb-6753407b0dff|10.1.0.102:15156, 33d4fa9a-f1b5-45a2-9ce3-43c86fd82df2|10.1.0.102:15129] returns group-77AD9CB52074:java.util.concurrent.CompletableFuture@6a701024[Not completed]
2024-04-21 07:19:27,478 [33d4fa9a-f1b5-45a2-9ce3-43c86fd82df2-groupManagement] INFO  server.RaftServer$Division (RaftServerImpl.java:<init>(256)) - 33d4fa9a-f1b5-45a2-9ce3-43c86fd82df2: new RaftServerImpl for group-77AD9CB52074:[9387e6e8-bf6d-4d10-9dc1-f1bd05fc02cf|10.1.0.102:15120, 80370d78-c36f-4d75-b7cb-6753407b0dff|10.1.0.102:15156, 33d4fa9a-f1b5-45a2-9ce3-43c86fd82df2|10.1.0.102:15129] with ContainerStateMachine:uninitialized
2024-04-21 07:19:27,478 [33d4fa9a-f1b5-45a2-9ce3-43c86fd82df2-groupManagement] INFO  server.RaftServerConfigKeys (ConfUtils.java:logGet(46)) - raft.server.rpc.timeout.min = 5s (custom)
2024-04-21 07:19:27,478 [33d4fa9a-f1b5-45a2-9ce3-43c86fd82df2-groupManagement] INFO  server.RaftServerConfigKeys (ConfUtils.java:logGet(46)) - raft.server.rpc.timeout.max = 5200ms (custom)
2024-04-21 07:19:27,479 [33d4fa9a-f1b5-45a2-9ce3-43c86fd82df2-groupManagement] INFO  server.RaftServerConfigKeys (ConfUtils.java:logGet(46)) - raft.server.rpc.sleep.time = 25ms (default)
2024-04-21 07:19:27,479 [33d4fa9a-f1b5-45a2-9ce3-43c86fd82df2-groupManagement] INFO  server.RaftServerConfigKeys (ConfUtils.java:logGet(46)) - raft.server.rpc.slowness.timeout = 300000ms (custom)
2024-04-21 07:19:27,479 [33d4fa9a-f1b5-45a2-9ce3-43c86fd82df2-groupManagement] INFO  server.RaftServerConfigKeys (ConfUtils.java:logGet(46)) - raft.server.leaderelection.leader.step-down.wait-time = 10s (default)
2024-04-21 07:19:27,479 [33d4fa9a-f1b5-45a2-9ce3-43c86fd82df2-groupManagement] INFO  server.RaftServerConfigKeys (ConfUtils.java:logGet(46)) - raft.server.leaderelection.member.majority-add = false (default)
2024-04-21 07:19:27,479 [33d4fa9a-f1b5-45a2-9ce3-43c86fd82df2-groupManagement] INFO  server.RaftServerConfigKeys (ConfUtils.java:logGet(46)) - raft.server.sleep.deviation.threshold = 300ms (default)
2024-04-21 07:19:27,479 [33d4fa9a-f1b5-45a2-9ce3-43c86fd82df2-groupManagement] INFO  server.RaftServer$Division (ServerState.java:<init>(113)) - 33d4fa9a-f1b5-45a2-9ce3-43c86fd82df2@group-77AD9CB52074: ConfigurationManager, init=-1: peers:[9387e6e8-bf6d-4d10-9dc1-f1bd05fc02cf|10.1.0.102:15120, 80370d78-c36f-4d75-b7cb-6753407b0dff|10.1.0.102:15156, 33d4fa9a-f1b5-45a2-9ce3-43c86fd82df2|10.1.0.102:15129]|listeners:[], old=null, confs=<EMPTY_MAP>
2024-04-21 07:19:27,479 [33d4fa9a-f1b5-45a2-9ce3-43c86fd82df2-groupManagement] INFO  server.RaftServerConfigKeys (ConfUtils.java:logGet(46)) - raft.server.notification.no-leader.timeout = 300000ms (custom)
2024-04-21 07:19:27,479 [33d4fa9a-f1b5-45a2-9ce3-43c86fd82df2-groupManagement] INFO  server.RaftServerConfigKeys (ConfUtils.java:logGet(46)) - raft.server.read.timeout = 10s (default)
2024-04-21 07:19:27,479 [33d4fa9a-f1b5-45a2-9ce3-43c86fd82df2-groupManagement] INFO  server.RaftServerConfigKeys (ConfUtils.java:logGet(46)) - raft.server.retrycache.expirytime = 600000ms (custom)
2024-04-21 07:19:27,479 [33d4fa9a-f1b5-45a2-9ce3-43c86fd82df2-groupManagement] INFO  server.RaftServerConfigKeys (ConfUtils.java:logGet(46)) - raft.server.retrycache.statistics.expirytime = 100ms (default)
2024-04-21 07:19:27,479 [33d4fa9a-f1b5-45a2-9ce3-43c86fd82df2-groupManagement] INFO  server.RaftServerConfigKeys (ConfUtils.java:logGet(46)) - raft.server.read.option = DEFAULT (default)
2024-04-21 07:19:27,479 [33d4fa9a-f1b5-45a2-9ce3-43c86fd82df2-groupManagement] INFO  server.RaftServerConfigKeys (ConfUtils.java:logGet(46)) - raft.server.read.read-after-write-consistent.write-index-cache.expiry-time = 60s (default)
2024-04-21 07:19:27,480 [33d4fa9a-f1b5-45a2-9ce3-43c86fd82df2-groupManagement] INFO  server.RaftServerConfigKeys (ConfUtils.java:logGet(46)) - raft.server.rpc.request.timeout = 3000ms (default)
2024-04-21 07:19:27,480 [33d4fa9a-f1b5-45a2-9ce3-43c86fd82df2-groupManagement] INFO  server.RaftServerConfigKeys (ConfUtils.java:logGet(46)) - raft.server.log.appender.install.snapshot.enabled = false (custom)
2024-04-21 07:19:27,480 [33d4fa9a-f1b5-45a2-9ce3-43c86fd82df2-groupManagement] INFO  server.RaftServerConfigKeys (ConfUtils.java:logGet(46)) - raft.server.threadpool.server.cached = true (default)
2024-04-21 07:19:27,480 [33d4fa9a-f1b5-45a2-9ce3-43c86fd82df2-groupManagement] INFO  server.RaftServerConfigKeys (ConfUtils.java:logGet(46)) - raft.server.threadpool.server.size = 0 (default)
2024-04-21 07:19:27,480 [33d4fa9a-f1b5-45a2-9ce3-43c86fd82df2-groupManagement] INFO  server.RaftServerConfigKeys (ConfUtils.java:logGet(46)) - raft.server.threadpool.client.cached = true (default)
2024-04-21 07:19:27,481 [33d4fa9a-f1b5-45a2-9ce3-43c86fd82df2-groupManagement] INFO  server.RaftServerConfigKeys (ConfUtils.java:logGet(46)) - raft.server.threadpool.client.size = 0 (default)
2024-04-21 07:19:27,481 [33d4fa9a-f1b5-45a2-9ce3-43c86fd82df2-groupManagement] INFO  server.RaftServerConfigKeys (ConfUtils.java:logGet(46)) - raft.server.storage.free-space.min = 0MB (=0) (default)
2024-04-21 07:19:27,481 [33d4fa9a-f1b5-45a2-9ce3-43c86fd82df2-groupManagement] INFO  server.RaftServerConfigKeys (ConfUtils.java:logGet(46)) - raft.server.log.corruption.policy = EXCEPTION (default)
2024-04-21 07:19:27,481 [33d4fa9a-f1b5-45a2-9ce3-43c86fd82df2-groupManagement] INFO  server.RaftServerConfigKeys (ConfUtils.java:logGet(46)) - raft.server.storage.dir = [/home/runner/work/ozone/ozone/hadoop-ozone/integration-test/target/test-dir/MiniOzoneClusterImpl-ed39ddd9-82bf-4bf6-8741-acb42c98007c/ozone-meta/datanode-2/ratis] (custom)
2024-04-21 07:19:27,481 [33d4fa9a-f1b5-45a2-9ce3-43c86fd82df2-groupManagement] INFO  storage.RaftStorageDirectory (RaftStorageDirectoryImpl.java:analyzeStorage(138)) - The storage directory /home/runner/work/ozone/ozone/hadoop-ozone/integration-test/target/test-dir/MiniOzoneClusterImpl-ed39ddd9-82bf-4bf6-8741-acb42c98007c/ozone-meta/datanode-2/ratis/aa5e628e-98de-483c-bc2e-77ad9cb52074 does not exist. Creating ...
2024-04-21 07:19:27,482 [33d4fa9a-f1b5-45a2-9ce3-43c86fd82df2-groupManagement] INFO  storage.RaftStorageDirectory (RaftStorageDirectoryImpl.java:tryLock(228)) - Lock on /home/runner/work/ozone/ozone/hadoop-ozone/integration-test/target/test-dir/MiniOzoneClusterImpl-ed39ddd9-82bf-4bf6-8741-acb42c98007c/ozone-meta/datanode-2/ratis/aa5e628e-98de-483c-bc2e-77ad9cb52074/in_use.lock acquired by nodename 52185@fv-az1428-63
2024-04-21 07:19:27,483 [33d4fa9a-f1b5-45a2-9ce3-43c86fd82df2-groupManagement] INFO  storage.RaftStorage (RaftStorageImpl.java:format(99)) - Storage directory /home/runner/work/ozone/ozone/hadoop-ozone/integration-test/target/test-dir/MiniOzoneClusterImpl-ed39ddd9-82bf-4bf6-8741-acb42c98007c/ozone-meta/datanode-2/ratis/aa5e628e-98de-483c-bc2e-77ad9cb52074 has been successfully formatted.
2024-04-21 07:19:27,483 [33d4fa9a-f1b5-45a2-9ce3-43c86fd82df2-groupManagement] WARN  util.FileUtils (LogUtils.java:supplyAndLog(63)) - Failed to Files.newInputStream /home/runner/work/ozone/ozone/hadoop-ozone/integration-test/target/test-dir/MiniOzoneClusterImpl-ed39ddd9-82bf-4bf6-8741-acb42c98007c/ozone-meta/datanode-2/ratis/aa5e628e-98de-483c-bc2e-77ad9cb52074/current/raft-meta.conf with options []: java.nio.file.NoSuchFileException: /home/runner/work/ozone/ozone/hadoop-ozone/integration-test/target/test-dir/MiniOzoneClusterImpl-ed39ddd9-82bf-4bf6-8741-acb42c98007c/ozone-meta/datanode-2/ratis/aa5e628e-98de-483c-bc2e-77ad9cb52074/current/raft-meta.conf
2024-04-21 07:19:27,484 [33d4fa9a-f1b5-45a2-9ce3-43c86fd82df2-groupManagement] INFO  ratis.ContainerStateMachine (ContainerStateMachine.java:loadSnapshot(287)) - group-77AD9CB52074: The snapshot info is null. Setting the last applied index to:(t:0, i:~)
2024-04-21 07:19:27,484 [33d4fa9a-f1b5-45a2-9ce3-43c86fd82df2-groupManagement] INFO  server.RaftServerConfigKeys (ConfUtils.java:logGet(46)) - raft.server.log.use.memory = false (default)
2024-04-21 07:19:27,484 [33d4fa9a-f1b5-45a2-9ce3-43c86fd82df2-groupManagement] INFO  server.RaftServerConfigKeys (ConfUtils.java:logGet(46)) - raft.server.log.purge.gap = 1000000 (custom)
2024-04-21 07:19:27,484 [33d4fa9a-f1b5-45a2-9ce3-43c86fd82df2-groupManagement] INFO  server.RaftServerConfigKeys (ConfUtils.java:logGet(46)) - raft.server.log.appender.buffer.byte-limit = 8388608 (custom)
2024-04-21 07:19:27,484 [33d4fa9a-f1b5-45a2-9ce3-43c86fd82df2-groupManagement] INFO  server.RaftServerConfigKeys (ConfUtils.java:logGet(46)) - raft.server.log.statemachine.data.read.timeout = 1000ms (default)
2024-04-21 07:19:27,484 [33d4fa9a-f1b5-45a2-9ce3-43c86fd82df2-groupManagement] INFO  server.RaftServerConfigKeys (ConfUtils.java:logGet(46)) - raft.server.log.purge.preservation.log.num = 0 (default)
2024-04-21 07:19:27,485 [33d4fa9a-f1b5-45a2-9ce3-43c86fd82df2-groupManagement] INFO  server.RaftServerConfigKeys (ConfUtils.java:logGet(46)) - raft.server.log.segment.size.max = 67108864 (custom)
2024-04-21 07:19:27,485 [33d4fa9a-f1b5-45a2-9ce3-43c86fd82df2-groupManagement] INFO  server.RaftServerConfigKeys (ConfUtils.java:logGet(46)) - raft.server.log.segment.cache.num.max = 2 (custom)
2024-04-21 07:19:27,485 [33d4fa9a-f1b5-45a2-9ce3-43c86fd82df2-groupManagement] INFO  server.RaftServerConfigKeys (ConfUtils.java:logGet(46)) - raft.server.log.segment.cache.size.max = 200MB (=209715200) (default)
2024-04-21 07:19:27,485 [33d4fa9a-f1b5-45a2-9ce3-43c86fd82df2-groupManagement] INFO  server.RaftServerConfigKeys (ConfUtils.java:logGet(46)) - raft.server.log.appender.buffer.byte-limit = 8388608 (custom)
2024-04-21 07:19:27,485 [33d4fa9a-f1b5-45a2-9ce3-43c86fd82df2-groupManagement] INFO  util.AwaitToRun (AwaitToRun.java:start(81)) - Thread[33d4fa9a-f1b5-45a2-9ce3-43c86fd82df2@group-77AD9CB52074-cacheEviction-AwaitToRun,5,main] started
2024-04-21 07:19:27,485 [33d4fa9a-f1b5-45a2-9ce3-43c86fd82df2-groupManagement] INFO  segmented.SegmentedRaftLogWorker (SegmentedRaftLogWorker.java:<init>(182)) - new 33d4fa9a-f1b5-45a2-9ce3-43c86fd82df2@group-77AD9CB52074-SegmentedRaftLogWorker for RaftStorageImpl:Storage Directory /home/runner/work/ozone/ozone/hadoop-ozone/integration-test/target/test-dir/MiniOzoneClusterImpl-ed39ddd9-82bf-4bf6-8741-acb42c98007c/ozone-meta/datanode-2/ratis/aa5e628e-98de-483c-bc2e-77ad9cb52074
2024-04-21 07:19:27,486 [33d4fa9a-f1b5-45a2-9ce3-43c86fd82df2-groupManagement] INFO  server.RaftServerConfigKeys (ConfUtils.java:logGet(46)) - raft.server.log.queue.byte-limit = 4294967296 (custom)
2024-04-21 07:19:27,486 [33d4fa9a-f1b5-45a2-9ce3-43c86fd82df2-groupManagement] INFO  server.RaftServerConfigKeys (ConfUtils.java:logGet(46)) - raft.server.log.queue.element-limit = 1024 (custom)
2024-04-21 07:19:27,486 [33d4fa9a-f1b5-45a2-9ce3-43c86fd82df2-groupManagement] INFO  server.RaftServerConfigKeys (ConfUtils.java:logGet(46)) - raft.server.log.segment.size.max = 67108864 (custom)
2024-04-21 07:19:27,486 [33d4fa9a-f1b5-45a2-9ce3-43c86fd82df2-groupManagement] INFO  server.RaftServerConfigKeys (ConfUtils.java:logGet(46)) - raft.server.log.preallocated.size = 4194304 (custom)
2024-04-21 07:19:27,486 [33d4fa9a-f1b5-45a2-9ce3-43c86fd82df2-groupManagement] INFO  server.RaftServerConfigKeys (ConfUtils.java:logGet(46)) - raft.server.log.force.sync.num = 128 (default)
2024-04-21 07:19:27,486 [33d4fa9a-f1b5-45a2-9ce3-43c86fd82df2-groupManagement] INFO  server.RaftServerConfigKeys (ConfUtils.java:logGet(46)) - raft.server.log.statemachine.data.sync = true (default)
2024-04-21 07:19:27,486 [33d4fa9a-f1b5-45a2-9ce3-43c86fd82df2-groupManagement] INFO  server.RaftServerConfigKeys (ConfUtils.java:logGet(46)) - raft.server.log.statemachine.data.sync.timeout = 10s (default)
2024-04-21 07:19:27,486 [33d4fa9a-f1b5-45a2-9ce3-43c86fd82df2-groupManagement] INFO  server.RaftServerConfigKeys (ConfUtils.java:logGet(46)) - raft.server.log.statemachine.data.sync.timeout.retry = 30 (custom)
2024-04-21 07:19:27,486 [33d4fa9a-f1b5-45a2-9ce3-43c86fd82df2-groupManagement] INFO  server.RaftServerConfigKeys (ConfUtils.java:logGet(46)) - raft.server.log.write.buffer.size = 8388616 (custom)
2024-04-21 07:19:27,488 [33d4fa9a-f1b5-45a2-9ce3-43c86fd82df2-groupManagement] INFO  server.RaftServerConfigKeys (ConfUtils.java:logGet(46)) - raft.server.log.appender.buffer.byte-limit = 8388608 (custom)
2024-04-21 07:19:27,488 [33d4fa9a-f1b5-45a2-9ce3-43c86fd82df2-groupManagement] INFO  server.RaftServerConfigKeys (ConfUtils.java:logGet(46)) - raft.server.log.unsafe-flush.enabled = false (default)
2024-04-21 07:19:27,488 [33d4fa9a-f1b5-45a2-9ce3-43c86fd82df2-groupManagement] INFO  server.RaftServerConfigKeys (ConfUtils.java:logGet(46)) - raft.server.log.async-flush.enabled = false (default)
2024-04-21 07:19:27,488 [33d4fa9a-f1b5-45a2-9ce3-43c86fd82df2-groupManagement] INFO  server.RaftServerConfigKeys (ConfUtils.java:logGet(46)) - raft.server.log.statemachine.data.caching.enabled = true (custom)
2024-04-21 07:19:27,488 [33d4fa9a-f1b5-45a2-9ce3-43c86fd82df2-groupManagement] INFO  segmented.SegmentedRaftLogWorker (SegmentedRaftLogWorker.java:lambda$new$0(134)) - 33d4fa9a-f1b5-45a2-9ce3-43c86fd82df2@group-77AD9CB52074-SegmentedRaftLogWorker: flushIndex: setUnconditionally 0 -> -1
2024-04-21 07:19:27,488 [33d4fa9a-f1b5-45a2-9ce3-43c86fd82df2-groupManagement] INFO  segmented.SegmentedRaftLogWorker (SegmentedRaftLogWorker.java:lambda$new$0(134)) - 33d4fa9a-f1b5-45a2-9ce3-43c86fd82df2@group-77AD9CB52074-SegmentedRaftLogWorker: safeCacheEvictIndex: setUnconditionally 0 -> -1
2024-04-21 07:19:27,489 [33d4fa9a-f1b5-45a2-9ce3-43c86fd82df2-groupManagement] INFO  server.RaftServer$Division (RaftServerImpl.java:start(396)) - 33d4fa9a-f1b5-45a2-9ce3-43c86fd82df2@group-77AD9CB52074: start as a follower, conf=-1: peers:[9387e6e8-bf6d-4d10-9dc1-f1bd05fc02cf|10.1.0.102:15120, 80370d78-c36f-4d75-b7cb-6753407b0dff|10.1.0.102:15156, 33d4fa9a-f1b5-45a2-9ce3-43c86fd82df2|10.1.0.102:15129]|listeners:[], old=null
2024-04-21 07:19:27,489 [33d4fa9a-f1b5-45a2-9ce3-43c86fd82df2-groupManagement] INFO  server.RaftServer$Division (RaftServerImpl.java:setRole(383)) - 33d4fa9a-f1b5-45a2-9ce3-43c86fd82df2@group-77AD9CB52074: changes role from      null to FOLLOWER at term 0 for startAsFollower
2024-04-21 07:19:27,489 [33d4fa9a-f1b5-45a2-9ce3-43c86fd82df2-groupManagement] INFO  impl.RoleInfo (RoleInfo.java:updateAndGet(139)) - 33d4fa9a-f1b5-45a2-9ce3-43c86fd82df2: start 33d4fa9a-f1b5-45a2-9ce3-43c86fd82df2@group-77AD9CB52074-FollowerState
2024-04-21 07:19:27,489 [33d4fa9a-f1b5-45a2-9ce3-43c86fd82df2@group-77AD9CB52074-FollowerState] INFO  server.RaftServerConfigKeys (ConfUtils.java:logFallback(53)) - raft.server.rpc.first-election.timeout.min = 5s (fallback to raft.server.rpc.timeout.min)
2024-04-21 07:19:27,489 [33d4fa9a-f1b5-45a2-9ce3-43c86fd82df2-groupManagement] INFO  util.JmxRegister (JmxRegister.java:tryRegister(44)) - Successfully registered JMX Bean with object name Ratis:service=RaftServer,group=group-77AD9CB52074,id=33d4fa9a-f1b5-45a2-9ce3-43c86fd82df2
2024-04-21 07:19:27,489 [33d4fa9a-f1b5-45a2-9ce3-43c86fd82df2-groupManagement] INFO  server.RaftServerConfigKeys (ConfUtils.java:logGet(46)) - raft.server.snapshot.trigger-when-stop.enabled = true (default)
2024-04-21 07:19:27,489 [33d4fa9a-f1b5-45a2-9ce3-43c86fd82df2-groupManagement] INFO  server.RaftServerConfigKeys (ConfUtils.java:logGet(46)) - raft.server.snapshot.auto.trigger.enabled = true (custom)
2024-04-21 07:19:27,489 [33d4fa9a-f1b5-45a2-9ce3-43c86fd82df2-groupManagement] INFO  server.RaftServerConfigKeys (ConfUtils.java:logGet(46)) - raft.server.snapshot.auto.trigger.threshold = 10000 (custom)
2024-04-21 07:19:27,489 [33d4fa9a-f1b5-45a2-9ce3-43c86fd82df2-groupManagement] INFO  server.RaftServerConfigKeys (ConfUtils.java:logGet(46)) - raft.server.snapshot.retention.file.num = 5 (custom)
2024-04-21 07:19:27,489 [33d4fa9a-f1b5-45a2-9ce3-43c86fd82df2-groupManagement] INFO  server.RaftServerConfigKeys (ConfUtils.java:logGet(46)) - raft.server.log.purge.upto.snapshot.index = false (default)
2024-04-21 07:19:27,489 [33d4fa9a-f1b5-45a2-9ce3-43c86fd82df2@group-77AD9CB52074-FollowerState] INFO  server.RaftServerConfigKeys (ConfUtils.java:logFallback(53)) - raft.server.rpc.first-election.timeout.max = 5200ms (fallback to raft.server.rpc.timeout.max)
2024-04-21 07:19:27,497 [grpc-default-executor-4] INFO  server.RaftServer (RaftServerProxy.java:addNew(100)) - 9387e6e8-bf6d-4d10-9dc1-f1bd05fc02cf: addNew group-77AD9CB52074:[9387e6e8-bf6d-4d10-9dc1-f1bd05fc02cf|10.1.0.102:15120, 80370d78-c36f-4d75-b7cb-6753407b0dff|10.1.0.102:15156, 33d4fa9a-f1b5-45a2-9ce3-43c86fd82df2|10.1.0.102:15129] returns group-77AD9CB52074:java.util.concurrent.CompletableFuture@5791c995[Not completed]
2024-04-21 07:19:27,498 [9387e6e8-bf6d-4d10-9dc1-f1bd05fc02cf-groupManagement] INFO  server.RaftServer$Division (RaftServerImpl.java:<init>(256)) - 9387e6e8-bf6d-4d10-9dc1-f1bd05fc02cf: new RaftServerImpl for group-77AD9CB52074:[9387e6e8-bf6d-4d10-9dc1-f1bd05fc02cf|10.1.0.102:15120, 80370d78-c36f-4d75-b7cb-6753407b0dff|10.1.0.102:15156, 33d4fa9a-f1b5-45a2-9ce3-43c86fd82df2|10.1.0.102:15129] with ContainerStateMachine:uninitialized
2024-04-21 07:19:27,498 [9387e6e8-bf6d-4d10-9dc1-f1bd05fc02cf-groupManagement] INFO  server.RaftServerConfigKeys (ConfUtils.java:logGet(46)) - raft.server.rpc.timeout.min = 5s (custom)
2024-04-21 07:19:27,498 [9387e6e8-bf6d-4d10-9dc1-f1bd05fc02cf-groupManagement] INFO  server.RaftServerConfigKeys (ConfUtils.java:logGet(46)) - raft.server.rpc.timeout.max = 5200ms (custom)
2024-04-21 07:19:27,498 [9387e6e8-bf6d-4d10-9dc1-f1bd05fc02cf-groupManagement] INFO  server.RaftServerConfigKeys (ConfUtils.java:logGet(46)) - raft.server.rpc.sleep.time = 25ms (default)
2024-04-21 07:19:27,498 [9387e6e8-bf6d-4d10-9dc1-f1bd05fc02cf-groupManagement] INFO  server.RaftServerConfigKeys (ConfUtils.java:logGet(46)) - raft.server.rpc.slowness.timeout = 300000ms (custom)
2024-04-21 07:19:27,498 [9387e6e8-bf6d-4d10-9dc1-f1bd05fc02cf-groupManagement] INFO  server.RaftServerConfigKeys (ConfUtils.java:logGet(46)) - raft.server.leaderelection.leader.step-down.wait-time = 10s (default)
2024-04-21 07:19:27,498 [9387e6e8-bf6d-4d10-9dc1-f1bd05fc02cf-groupManagement] INFO  server.RaftServerConfigKeys (ConfUtils.java:logGet(46)) - raft.server.leaderelection.member.majority-add = false (default)
2024-04-21 07:19:27,498 [9387e6e8-bf6d-4d10-9dc1-f1bd05fc02cf-groupManagement] INFO  server.RaftServerConfigKeys (ConfUtils.java:logGet(46)) - raft.server.sleep.deviation.threshold = 300ms (default)
2024-04-21 07:19:27,498 [9387e6e8-bf6d-4d10-9dc1-f1bd05fc02cf-groupManagement] INFO  server.RaftServer$Division (ServerState.java:<init>(113)) - 9387e6e8-bf6d-4d10-9dc1-f1bd05fc02cf@group-77AD9CB52074: ConfigurationManager, init=-1: peers:[9387e6e8-bf6d-4d10-9dc1-f1bd05fc02cf|10.1.0.102:15120, 80370d78-c36f-4d75-b7cb-6753407b0dff|10.1.0.102:15156, 33d4fa9a-f1b5-45a2-9ce3-43c86fd82df2|10.1.0.102:15129]|listeners:[], old=null, confs=<EMPTY_MAP>
2024-04-21 07:19:27,498 [9387e6e8-bf6d-4d10-9dc1-f1bd05fc02cf-groupManagement] INFO  server.RaftServerConfigKeys (ConfUtils.java:logGet(46)) - raft.server.notification.no-leader.timeout = 300000ms (custom)
2024-04-21 07:19:27,498 [9387e6e8-bf6d-4d10-9dc1-f1bd05fc02cf-groupManagement] INFO  server.RaftServerConfigKeys (ConfUtils.java:logGet(46)) - raft.server.read.timeout = 10s (default)
2024-04-21 07:19:27,498 [9387e6e8-bf6d-4d10-9dc1-f1bd05fc02cf-groupManagement] INFO  server.RaftServerConfigKeys (ConfUtils.java:logGet(46)) - raft.server.retrycache.expirytime = 600000ms (custom)
2024-04-21 07:19:27,498 [9387e6e8-bf6d-4d10-9dc1-f1bd05fc02cf-groupManagement] INFO  server.RaftServerConfigKeys (ConfUtils.java:logGet(46)) - raft.server.retrycache.statistics.expirytime = 100ms (default)
2024-04-21 07:19:27,498 [9387e6e8-bf6d-4d10-9dc1-f1bd05fc02cf-groupManagement] INFO  server.RaftServerConfigKeys (ConfUtils.java:logGet(46)) - raft.server.read.option = DEFAULT (default)
2024-04-21 07:19:27,499 [9387e6e8-bf6d-4d10-9dc1-f1bd05fc02cf-groupManagement] INFO  server.RaftServerConfigKeys (ConfUtils.java:logGet(46)) - raft.server.read.read-after-write-consistent.write-index-cache.expiry-time = 60s (default)
2024-04-21 07:19:27,500 [9387e6e8-bf6d-4d10-9dc1-f1bd05fc02cf-groupManagement] INFO  server.RaftServerConfigKeys (ConfUtils.java:logGet(46)) - raft.server.rpc.request.timeout = 3000ms (default)
2024-04-21 07:19:27,500 [9387e6e8-bf6d-4d10-9dc1-f1bd05fc02cf-groupManagement] INFO  server.RaftServerConfigKeys (ConfUtils.java:logGet(46)) - raft.server.log.appender.install.snapshot.enabled = false (custom)
2024-04-21 07:19:27,500 [9387e6e8-bf6d-4d10-9dc1-f1bd05fc02cf-groupManagement] INFO  server.RaftServerConfigKeys (ConfUtils.java:logGet(46)) - raft.server.threadpool.server.cached = true (default)
2024-04-21 07:19:27,500 [9387e6e8-bf6d-4d10-9dc1-f1bd05fc02cf-groupManagement] INFO  server.RaftServerConfigKeys (ConfUtils.java:logGet(46)) - raft.server.threadpool.server.size = 0 (default)
2024-04-21 07:19:27,500 [9387e6e8-bf6d-4d10-9dc1-f1bd05fc02cf-groupManagement] INFO  server.RaftServerConfigKeys (ConfUtils.java:logGet(46)) - raft.server.threadpool.client.cached = true (default)
2024-04-21 07:19:27,500 [9387e6e8-bf6d-4d10-9dc1-f1bd05fc02cf-groupManagement] INFO  server.RaftServerConfigKeys (ConfUtils.java:logGet(46)) - raft.server.threadpool.client.size = 0 (default)
2024-04-21 07:19:27,500 [9387e6e8-bf6d-4d10-9dc1-f1bd05fc02cf-groupManagement] INFO  server.RaftServerConfigKeys (ConfUtils.java:logGet(46)) - raft.server.storage.free-space.min = 0MB (=0) (default)
2024-04-21 07:19:27,500 [9387e6e8-bf6d-4d10-9dc1-f1bd05fc02cf-groupManagement] INFO  server.RaftServerConfigKeys (ConfUtils.java:logGet(46)) - raft.server.log.corruption.policy = EXCEPTION (default)
2024-04-21 07:19:27,500 [9387e6e8-bf6d-4d10-9dc1-f1bd05fc02cf-groupManagement] INFO  server.RaftServerConfigKeys (ConfUtils.java:logGet(46)) - raft.server.storage.dir = [/home/runner/work/ozone/ozone/hadoop-ozone/integration-test/target/test-dir/MiniOzoneClusterImpl-ed39ddd9-82bf-4bf6-8741-acb42c98007c/ozone-meta/datanode-1/ratis] (custom)
2024-04-21 07:19:27,500 [9387e6e8-bf6d-4d10-9dc1-f1bd05fc02cf-groupManagement] INFO  storage.RaftStorageDirectory (RaftStorageDirectoryImpl.java:analyzeStorage(138)) - The storage directory /home/runner/work/ozone/ozone/hadoop-ozone/integration-test/target/test-dir/MiniOzoneClusterImpl-ed39ddd9-82bf-4bf6-8741-acb42c98007c/ozone-meta/datanode-1/ratis/aa5e628e-98de-483c-bc2e-77ad9cb52074 does not exist. Creating ...
2024-04-21 07:19:27,501 [9387e6e8-bf6d-4d10-9dc1-f1bd05fc02cf-groupManagement] INFO  storage.RaftStorageDirectory (RaftStorageDirectoryImpl.java:tryLock(228)) - Lock on /home/runner/work/ozone/ozone/hadoop-ozone/integration-test/target/test-dir/MiniOzoneClusterImpl-ed39ddd9-82bf-4bf6-8741-acb42c98007c/ozone-meta/datanode-1/ratis/aa5e628e-98de-483c-bc2e-77ad9cb52074/in_use.lock acquired by nodename 52185@fv-az1428-63
2024-04-21 07:19:27,502 [9387e6e8-bf6d-4d10-9dc1-f1bd05fc02cf-groupManagement] INFO  storage.RaftStorage (RaftStorageImpl.java:format(99)) - Storage directory /home/runner/work/ozone/ozone/hadoop-ozone/integration-test/target/test-dir/MiniOzoneClusterImpl-ed39ddd9-82bf-4bf6-8741-acb42c98007c/ozone-meta/datanode-1/ratis/aa5e628e-98de-483c-bc2e-77ad9cb52074 has been successfully formatted.
2024-04-21 07:19:27,502 [9387e6e8-bf6d-4d10-9dc1-f1bd05fc02cf-groupManagement] WARN  util.FileUtils (LogUtils.java:supplyAndLog(63)) - Failed to Files.newInputStream /home/runner/work/ozone/ozone/hadoop-ozone/integration-test/target/test-dir/MiniOzoneClusterImpl-ed39ddd9-82bf-4bf6-8741-acb42c98007c/ozone-meta/datanode-1/ratis/aa5e628e-98de-483c-bc2e-77ad9cb52074/current/raft-meta.conf with options []: java.nio.file.NoSuchFileException: /home/runner/work/ozone/ozone/hadoop-ozone/integration-test/target/test-dir/MiniOzoneClusterImpl-ed39ddd9-82bf-4bf6-8741-acb42c98007c/ozone-meta/datanode-1/ratis/aa5e628e-98de-483c-bc2e-77ad9cb52074/current/raft-meta.conf
2024-04-21 07:19:27,502 [9387e6e8-bf6d-4d10-9dc1-f1bd05fc02cf-groupManagement] INFO  ratis.ContainerStateMachine (ContainerStateMachine.java:loadSnapshot(287)) - group-77AD9CB52074: The snapshot info is null. Setting the last applied index to:(t:0, i:~)
2024-04-21 07:19:27,503 [9387e6e8-bf6d-4d10-9dc1-f1bd05fc02cf-groupManagement] INFO  server.RaftServerConfigKeys (ConfUtils.java:logGet(46)) - raft.server.log.use.memory = false (default)
2024-04-21 07:19:27,503 [9387e6e8-bf6d-4d10-9dc1-f1bd05fc02cf-groupManagement] INFO  server.RaftServerConfigKeys (ConfUtils.java:logGet(46)) - raft.server.log.purge.gap = 1000000 (custom)
2024-04-21 07:19:27,503 [9387e6e8-bf6d-4d10-9dc1-f1bd05fc02cf-groupManagement] INFO  server.RaftServerConfigKeys (ConfUtils.java:logGet(46)) - raft.server.log.appender.buffer.byte-limit = 8388608 (custom)
2024-04-21 07:19:27,503 [9387e6e8-bf6d-4d10-9dc1-f1bd05fc02cf-groupManagement] INFO  server.RaftServerConfigKeys (ConfUtils.java:logGet(46)) - raft.server.log.statemachine.data.read.timeout = 1000ms (default)
2024-04-21 07:19:27,503 [9387e6e8-bf6d-4d10-9dc1-f1bd05fc02cf-groupManagement] INFO  server.RaftServerConfigKeys (ConfUtils.java:logGet(46)) - raft.server.log.purge.preservation.log.num = 0 (default)
2024-04-21 07:19:27,504 [9387e6e8-bf6d-4d10-9dc1-f1bd05fc02cf-groupManagement] INFO  server.RaftServerConfigKeys (ConfUtils.java:logGet(46)) - raft.server.log.segment.size.max = 67108864 (custom)
2024-04-21 07:19:27,504 [9387e6e8-bf6d-4d10-9dc1-f1bd05fc02cf-groupManagement] INFO  server.RaftServerConfigKeys (ConfUtils.java:logGet(46)) - raft.server.log.segment.cache.num.max = 2 (custom)
2024-04-21 07:19:27,504 [9387e6e8-bf6d-4d10-9dc1-f1bd05fc02cf-groupManagement] INFO  server.RaftServerConfigKeys (ConfUtils.java:logGet(46)) - raft.server.log.segment.cache.size.max = 200MB (=209715200) (default)
2024-04-21 07:19:27,504 [9387e6e8-bf6d-4d10-9dc1-f1bd05fc02cf-groupManagement] INFO  server.RaftServerConfigKeys (ConfUtils.java:logGet(46)) - raft.server.log.appender.buffer.byte-limit = 8388608 (custom)
2024-04-21 07:19:27,504 [9387e6e8-bf6d-4d10-9dc1-f1bd05fc02cf-groupManagement] INFO  util.AwaitToRun (AwaitToRun.java:start(81)) - Thread[9387e6e8-bf6d-4d10-9dc1-f1bd05fc02cf@group-77AD9CB52074-cacheEviction-AwaitToRun,5,main] started
2024-04-21 07:19:27,505 [9387e6e8-bf6d-4d10-9dc1-f1bd05fc02cf-groupManagement] INFO  segmented.SegmentedRaftLogWorker (SegmentedRaftLogWorker.java:<init>(182)) - new 9387e6e8-bf6d-4d10-9dc1-f1bd05fc02cf@group-77AD9CB52074-SegmentedRaftLogWorker for RaftStorageImpl:Storage Directory /home/runner/work/ozone/ozone/hadoop-ozone/integration-test/target/test-dir/MiniOzoneClusterImpl-ed39ddd9-82bf-4bf6-8741-acb42c98007c/ozone-meta/datanode-1/ratis/aa5e628e-98de-483c-bc2e-77ad9cb52074
2024-04-21 07:19:27,505 [9387e6e8-bf6d-4d10-9dc1-f1bd05fc02cf-groupManagement] INFO  server.RaftServerConfigKeys (ConfUtils.java:logGet(46)) - raft.server.log.queue.byte-limit = 4294967296 (custom)
2024-04-21 07:19:27,505 [9387e6e8-bf6d-4d10-9dc1-f1bd05fc02cf-groupManagement] INFO  server.RaftServerConfigKeys (ConfUtils.java:logGet(46)) - raft.server.log.queue.element-limit = 1024 (custom)
2024-04-21 07:19:27,505 [9387e6e8-bf6d-4d10-9dc1-f1bd05fc02cf-groupManagement] INFO  server.RaftServerConfigKeys (ConfUtils.java:logGet(46)) - raft.server.log.segment.size.max = 67108864 (custom)
2024-04-21 07:19:27,505 [9387e6e8-bf6d-4d10-9dc1-f1bd05fc02cf-groupManagement] INFO  server.RaftServerConfigKeys (ConfUtils.java:logGet(46)) - raft.server.log.preallocated.size = 4194304 (custom)
2024-04-21 07:19:27,505 [9387e6e8-bf6d-4d10-9dc1-f1bd05fc02cf-groupManagement] INFO  server.RaftServerConfigKeys (ConfUtils.java:logGet(46)) - raft.server.log.force.sync.num = 128 (default)
2024-04-21 07:19:27,505 [9387e6e8-bf6d-4d10-9dc1-f1bd05fc02cf-groupManagement] INFO  server.RaftServerConfigKeys (ConfUtils.java:logGet(46)) - raft.server.log.statemachine.data.sync = true (default)
2024-04-21 07:19:27,505 [9387e6e8-bf6d-4d10-9dc1-f1bd05fc02cf-groupManagement] INFO  server.RaftServerConfigKeys (ConfUtils.java:logGet(46)) - raft.server.log.statemachine.data.sync.timeout = 10s (default)
2024-04-21 07:19:27,505 [9387e6e8-bf6d-4d10-9dc1-f1bd05fc02cf-groupManagement] INFO  server.RaftServerConfigKeys (ConfUtils.java:logGet(46)) - raft.server.log.statemachine.data.sync.timeout.retry = 30 (custom)
2024-04-21 07:19:27,505 [9387e6e8-bf6d-4d10-9dc1-f1bd05fc02cf-groupManagement] INFO  server.RaftServerConfigKeys (ConfUtils.java:logGet(46)) - raft.server.log.write.buffer.size = 8388616 (custom)
2024-04-21 07:19:27,507 [9387e6e8-bf6d-4d10-9dc1-f1bd05fc02cf-groupManagement] INFO  server.RaftServerConfigKeys (ConfUtils.java:logGet(46)) - raft.server.log.appender.buffer.byte-limit = 8388608 (custom)
2024-04-21 07:19:27,507 [9387e6e8-bf6d-4d10-9dc1-f1bd05fc02cf-groupManagement] INFO  server.RaftServerConfigKeys (ConfUtils.java:logGet(46)) - raft.server.log.unsafe-flush.enabled = false (default)
2024-04-21 07:19:27,507 [9387e6e8-bf6d-4d10-9dc1-f1bd05fc02cf-groupManagement] INFO  server.RaftServerConfigKeys (ConfUtils.java:logGet(46)) - raft.server.log.async-flush.enabled = false (default)
2024-04-21 07:19:27,507 [9387e6e8-bf6d-4d10-9dc1-f1bd05fc02cf-groupManagement] INFO  server.RaftServerConfigKeys (ConfUtils.java:logGet(46)) - raft.server.log.statemachine.data.caching.enabled = true (custom)
2024-04-21 07:19:27,507 [9387e6e8-bf6d-4d10-9dc1-f1bd05fc02cf-groupManagement] INFO  segmented.SegmentedRaftLogWorker (SegmentedRaftLogWorker.java:lambda$new$0(134)) - 9387e6e8-bf6d-4d10-9dc1-f1bd05fc02cf@group-77AD9CB52074-SegmentedRaftLogWorker: flushIndex: setUnconditionally 0 -> -1
2024-04-21 07:19:27,507 [9387e6e8-bf6d-4d10-9dc1-f1bd05fc02cf-groupManagement] INFO  segmented.SegmentedRaftLogWorker (SegmentedRaftLogWorker.java:lambda$new$0(134)) - 9387e6e8-bf6d-4d10-9dc1-f1bd05fc02cf@group-77AD9CB52074-SegmentedRaftLogWorker: safeCacheEvictIndex: setUnconditionally 0 -> -1
2024-04-21 07:19:27,508 [9387e6e8-bf6d-4d10-9dc1-f1bd05fc02cf-groupManagement] INFO  server.RaftServer$Division (RaftServerImpl.java:start(396)) - 9387e6e8-bf6d-4d10-9dc1-f1bd05fc02cf@group-77AD9CB52074: start as a follower, conf=-1: peers:[9387e6e8-bf6d-4d10-9dc1-f1bd05fc02cf|10.1.0.102:15120, 80370d78-c36f-4d75-b7cb-6753407b0dff|10.1.0.102:15156, 33d4fa9a-f1b5-45a2-9ce3-43c86fd82df2|10.1.0.102:15129]|listeners:[], old=null
2024-04-21 07:19:27,508 [9387e6e8-bf6d-4d10-9dc1-f1bd05fc02cf-groupManagement] INFO  server.RaftServer$Division (RaftServerImpl.java:setRole(383)) - 9387e6e8-bf6d-4d10-9dc1-f1bd05fc02cf@group-77AD9CB52074: changes role from      null to FOLLOWER at term 0 for startAsFollower
2024-04-21 07:19:27,508 [9387e6e8-bf6d-4d10-9dc1-f1bd05fc02cf-groupManagement] INFO  impl.RoleInfo (RoleInfo.java:updateAndGet(139)) - 9387e6e8-bf6d-4d10-9dc1-f1bd05fc02cf: start 9387e6e8-bf6d-4d10-9dc1-f1bd05fc02cf@group-77AD9CB52074-FollowerState
2024-04-21 07:19:27,508 [9387e6e8-bf6d-4d10-9dc1-f1bd05fc02cf-groupManagement] INFO  util.JmxRegister (JmxRegister.java:tryRegister(44)) - Successfully registered JMX Bean with object name Ratis:service=RaftServer,group=group-77AD9CB52074,id=9387e6e8-bf6d-4d10-9dc1-f1bd05fc02cf
2024-04-21 07:19:27,508 [9387e6e8-bf6d-4d10-9dc1-f1bd05fc02cf-groupManagement] INFO  server.RaftServerConfigKeys (ConfUtils.java:logGet(46)) - raft.server.snapshot.trigger-when-stop.enabled = true (default)
2024-04-21 07:19:27,508 [9387e6e8-bf6d-4d10-9dc1-f1bd05fc02cf-groupManagement] INFO  server.RaftServerConfigKeys (ConfUtils.java:logGet(46)) - raft.server.snapshot.auto.trigger.enabled = true (custom)
2024-04-21 07:19:27,508 [9387e6e8-bf6d-4d10-9dc1-f1bd05fc02cf-groupManagement] INFO  server.RaftServerConfigKeys (ConfUtils.java:logGet(46)) - raft.server.snapshot.auto.trigger.threshold = 10000 (custom)
2024-04-21 07:19:27,508 [9387e6e8-bf6d-4d10-9dc1-f1bd05fc02cf-groupManagement] INFO  server.RaftServerConfigKeys (ConfUtils.java:logGet(46)) - raft.server.snapshot.retention.file.num = 5 (custom)
2024-04-21 07:19:27,508 [9387e6e8-bf6d-4d10-9dc1-f1bd05fc02cf-groupManagement] INFO  server.RaftServerConfigKeys (ConfUtils.java:logGet(46)) - raft.server.log.purge.upto.snapshot.index = false (default)
2024-04-21 07:19:27,508 [9387e6e8-bf6d-4d10-9dc1-f1bd05fc02cf@group-77AD9CB52074-FollowerState] INFO  server.RaftServerConfigKeys (ConfUtils.java:logFallback(53)) - raft.server.rpc.first-election.timeout.min = 5s (fallback to raft.server.rpc.timeout.min)
2024-04-21 07:19:27,509 [9387e6e8-bf6d-4d10-9dc1-f1bd05fc02cf@group-77AD9CB52074-FollowerState] INFO  server.RaftServerConfigKeys (ConfUtils.java:logFallback(53)) - raft.server.rpc.first-election.timeout.max = 5200ms (fallback to raft.server.rpc.timeout.max)
2024-04-21 07:19:27,520 [80370d78-c36f-4d75-b7cb-6753407b0dff-PipelineCommandHandlerThread-0] INFO  commandhandler.CreatePipelineCommandHandler (CreatePipelineCommandHandler.java:lambda$handle$2(124)) - Created Pipeline RATIS THREE PipelineID=aa5e628e-98de-483c-bc2e-77ad9cb52074.
2024-04-21 07:19:32,514 [33d4fa9a-f1b5-45a2-9ce3-43c86fd82df2@group-77AD9CB52074-FollowerState] INFO  impl.FollowerState (FollowerState.java:run(143)) - 33d4fa9a-f1b5-45a2-9ce3-43c86fd82df2@group-77AD9CB52074-FollowerState: change to CANDIDATE, lastRpcElapsedTime:5025012427ns, electionTimeout:5024ms
2024-04-21 07:19:32,514 [33d4fa9a-f1b5-45a2-9ce3-43c86fd82df2@group-77AD9CB52074-FollowerState] INFO  impl.RoleInfo (RoleInfo.java:shutdownFollowerState(110)) - 33d4fa9a-f1b5-45a2-9ce3-43c86fd82df2: shutdown 33d4fa9a-f1b5-45a2-9ce3-43c86fd82df2@group-77AD9CB52074-FollowerState
2024-04-21 07:19:32,514 [33d4fa9a-f1b5-45a2-9ce3-43c86fd82df2@group-77AD9CB52074-FollowerState] INFO  server.RaftServer$Division (RaftServerImpl.java:setRole(383)) - 33d4fa9a-f1b5-45a2-9ce3-43c86fd82df2@group-77AD9CB52074: changes role from  FOLLOWER to CANDIDATE at term 0 for changeToCandidate
2024-04-21 07:19:32,514 [33d4fa9a-f1b5-45a2-9ce3-43c86fd82df2@group-77AD9CB52074-FollowerState] INFO  server.RaftServerConfigKeys (ConfUtils.java:logGet(46)) - raft.server.leaderelection.pre-vote = true (default)
2024-04-21 07:19:32,514 [33d4fa9a-f1b5-45a2-9ce3-43c86fd82df2@group-77AD9CB52074-FollowerState] INFO  impl.RoleInfo (RoleInfo.java:updateAndGet(139)) - 33d4fa9a-f1b5-45a2-9ce3-43c86fd82df2: start 33d4fa9a-f1b5-45a2-9ce3-43c86fd82df2@group-77AD9CB52074-LeaderElection43
2024-04-21 07:19:32,516 [33d4fa9a-f1b5-45a2-9ce3-43c86fd82df2@group-77AD9CB52074-LeaderElection43] INFO  impl.LeaderElection (LeaderElection.java:askForVotes(321)) - 33d4fa9a-f1b5-45a2-9ce3-43c86fd82df2@group-77AD9CB52074-LeaderElection43 PRE_VOTE round 0: submit vote requests at term 0 for -1: peers:[9387e6e8-bf6d-4d10-9dc1-f1bd05fc02cf|10.1.0.102:15120, 80370d78-c36f-4d75-b7cb-6753407b0dff|10.1.0.102:15156, 33d4fa9a-f1b5-45a2-9ce3-43c86fd82df2|10.1.0.102:15129]|listeners:[], old=null
2024-04-21 07:19:32,516 [33d4fa9a-f1b5-45a2-9ce3-43c86fd82df2@group-77AD9CB52074-LeaderElection43] INFO  server.RaftServerConfigKeys (ConfUtils.java:logFallback(53)) - raft.server.rpc.first-election.timeout.min = 5s (fallback to raft.server.rpc.timeout.min)
2024-04-21 07:19:32,516 [33d4fa9a-f1b5-45a2-9ce3-43c86fd82df2@group-77AD9CB52074-LeaderElection43] INFO  server.RaftServerConfigKeys (ConfUtils.java:logFallback(53)) - raft.server.rpc.first-election.timeout.max = 5200ms (fallback to raft.server.rpc.timeout.max)
2024-04-21 07:19:32,516 [33d4fa9a-f1b5-45a2-9ce3-43c86fd82df2@group-77AD9CB52074-LeaderElection43-2] INFO  server.GrpcServerProtocolClient (GrpcServerProtocolClient.java:<init>(65)) - Build channel for 80370d78-c36f-4d75-b7cb-6753407b0dff|10.1.0.102:15156
2024-04-21 07:19:32,517 [grpc-default-executor-4] INFO  server.RaftServer$Division (RaftServerImpl.java:requestVote(1389)) - 9387e6e8-bf6d-4d10-9dc1-f1bd05fc02cf@group-77AD9CB52074: receive requestVote(PRE_VOTE, 33d4fa9a-f1b5-45a2-9ce3-43c86fd82df2, group-77AD9CB52074, 0, (t:0, i:0))
2024-04-21 07:19:32,518 [grpc-default-executor-4] INFO  impl.VoteContext (VoteContext.java:log(49)) - 9387e6e8-bf6d-4d10-9dc1-f1bd05fc02cf@group-77AD9CB52074-FOLLOWER: accept PRE_VOTE from 33d4fa9a-f1b5-45a2-9ce3-43c86fd82df2: our priority 0 <= candidate's priority 0
2024-04-21 07:19:32,518 [grpc-default-executor-4] INFO  server.RaftServer$Division (RaftServerImpl.java:requestVote(1422)) - 9387e6e8-bf6d-4d10-9dc1-f1bd05fc02cf@group-77AD9CB52074 replies to PRE_VOTE vote request: 33d4fa9a-f1b5-45a2-9ce3-43c86fd82df2<-9387e6e8-bf6d-4d10-9dc1-f1bd05fc02cf#0:OK-t0. Peer's state: 9387e6e8-bf6d-4d10-9dc1-f1bd05fc02cf@group-77AD9CB52074:t0, leader=null, voted=, raftlog=Memoized:9387e6e8-bf6d-4d10-9dc1-f1bd05fc02cf@group-77AD9CB52074-SegmentedRaftLog:OPENED:c-1, conf=-1: peers:[9387e6e8-bf6d-4d10-9dc1-f1bd05fc02cf|10.1.0.102:15120, 80370d78-c36f-4d75-b7cb-6753407b0dff|10.1.0.102:15156, 33d4fa9a-f1b5-45a2-9ce3-43c86fd82df2|10.1.0.102:15129]|listeners:[], old=null
2024-04-21 07:19:32,521 [grpc-default-executor-4] INFO  server.RaftServer$Division (RaftServerImpl.java:requestVote(1389)) - 80370d78-c36f-4d75-b7cb-6753407b0dff@group-77AD9CB52074: receive requestVote(PRE_VOTE, 33d4fa9a-f1b5-45a2-9ce3-43c86fd82df2, group-77AD9CB52074, 0, (t:0, i:0))
2024-04-21 07:19:32,521 [grpc-default-executor-4] INFO  impl.VoteContext (VoteContext.java:log(49)) - 80370d78-c36f-4d75-b7cb-6753407b0dff@group-77AD9CB52074-FOLLOWER: reject PRE_VOTE from 33d4fa9a-f1b5-45a2-9ce3-43c86fd82df2: our priority 1 > candidate's priority 0
2024-04-21 07:19:32,521 [grpc-default-executor-4] INFO  server.RaftServer$Division (RaftServerImpl.java:requestVote(1422)) - 80370d78-c36f-4d75-b7cb-6753407b0dff@group-77AD9CB52074 replies to PRE_VOTE vote request: 33d4fa9a-f1b5-45a2-9ce3-43c86fd82df2<-80370d78-c36f-4d75-b7cb-6753407b0dff#0:FAIL-t0. Peer's state: 80370d78-c36f-4d75-b7cb-6753407b0dff@group-77AD9CB52074:t0, leader=null, voted=, raftlog=Memoized:80370d78-c36f-4d75-b7cb-6753407b0dff@group-77AD9CB52074-SegmentedRaftLog:OPENED:c-1, conf=-1: peers:[9387e6e8-bf6d-4d10-9dc1-f1bd05fc02cf|10.1.0.102:15120, 80370d78-c36f-4d75-b7cb-6753407b0dff|10.1.0.102:15156, 33d4fa9a-f1b5-45a2-9ce3-43c86fd82df2|10.1.0.102:15129]|listeners:[], old=null
2024-04-21 07:19:32,522 [33d4fa9a-f1b5-45a2-9ce3-43c86fd82df2@group-77AD9CB52074-LeaderElection43] INFO  impl.LeaderElection (LeaderElection.java:logAndReturn(89)) - 33d4fa9a-f1b5-45a2-9ce3-43c86fd82df2@group-77AD9CB52074-LeaderElection43: PRE_VOTE REJECTED received 2 response(s) and 0 exception(s):
2024-04-21 07:19:32,522 [33d4fa9a-f1b5-45a2-9ce3-43c86fd82df2@group-77AD9CB52074-LeaderElection43] INFO  impl.LeaderElection (LeaderElection.java:logAndReturn(93)) -   Response 0: 33d4fa9a-f1b5-45a2-9ce3-43c86fd82df2<-9387e6e8-bf6d-4d10-9dc1-f1bd05fc02cf#0:OK-t0
2024-04-21 07:19:32,522 [33d4fa9a-f1b5-45a2-9ce3-43c86fd82df2@group-77AD9CB52074-LeaderElection43] INFO  impl.LeaderElection (LeaderElection.java:logAndReturn(93)) -   Response 1: 33d4fa9a-f1b5-45a2-9ce3-43c86fd82df2<-80370d78-c36f-4d75-b7cb-6753407b0dff#0:FAIL-t0
2024-04-21 07:19:32,522 [33d4fa9a-f1b5-45a2-9ce3-43c86fd82df2@group-77AD9CB52074-LeaderElection43] INFO  impl.LeaderElection (LeaderElection.java:askForVotes(323)) - 33d4fa9a-f1b5-45a2-9ce3-43c86fd82df2@group-77AD9CB52074-LeaderElection43 PRE_VOTE round 0: result REJECTED
2024-04-21 07:19:32,522 [33d4fa9a-f1b5-45a2-9ce3-43c86fd82df2@group-77AD9CB52074-LeaderElection43] INFO  server.RaftServer$Division (RaftServerImpl.java:setRole(383)) - 33d4fa9a-f1b5-45a2-9ce3-43c86fd82df2@group-77AD9CB52074: changes role from CANDIDATE to FOLLOWER at term 0 for REJECTED
2024-04-21 07:19:32,522 [33d4fa9a-f1b5-45a2-9ce3-43c86fd82df2@group-77AD9CB52074-LeaderElection43] INFO  impl.RoleInfo (RoleInfo.java:shutdownLeaderElection(130)) - 33d4fa9a-f1b5-45a2-9ce3-43c86fd82df2: shutdown 33d4fa9a-f1b5-45a2-9ce3-43c86fd82df2@group-77AD9CB52074-LeaderElection43
2024-04-21 07:19:32,522 [33d4fa9a-f1b5-45a2-9ce3-43c86fd82df2@group-77AD9CB52074-LeaderElection43] INFO  impl.RoleInfo (RoleInfo.java:updateAndGet(139)) - 33d4fa9a-f1b5-45a2-9ce3-43c86fd82df2: start 33d4fa9a-f1b5-45a2-9ce3-43c86fd82df2@group-77AD9CB52074-FollowerState
2024-04-21 07:19:32,522 [33d4fa9a-f1b5-45a2-9ce3-43c86fd82df2@group-77AD9CB52074-LeaderElection43] INFO  server.RaftServer$Division (RaftServerImpl.java:setFirstElection(574)) - 33d4fa9a-f1b5-45a2-9ce3-43c86fd82df2@group-77AD9CB52074: set firstElectionSinceStartup to false for REJECTED
2024-04-21 07:19:32,529 [33d4fa9a-f1b5-45a2-9ce3-43c86fd82df2@group-0B323A473FB2-FollowerState] INFO  impl.FollowerState (FollowerState.java:run(143)) - 33d4fa9a-f1b5-45a2-9ce3-43c86fd82df2@group-0B323A473FB2-FollowerState: change to CANDIDATE, lastRpcElapsedTime:5126548535ns, electionTimeout:5126ms
2024-04-21 07:19:32,529 [33d4fa9a-f1b5-45a2-9ce3-43c86fd82df2@group-0B323A473FB2-FollowerState] INFO  impl.RoleInfo (RoleInfo.java:shutdownFollowerState(110)) - 33d4fa9a-f1b5-45a2-9ce3-43c86fd82df2: shutdown 33d4fa9a-f1b5-45a2-9ce3-43c86fd82df2@group-0B323A473FB2-FollowerState
2024-04-21 07:19:32,529 [33d4fa9a-f1b5-45a2-9ce3-43c86fd82df2@group-0B323A473FB2-FollowerState] INFO  server.RaftServer$Division (RaftServerImpl.java:setRole(383)) - 33d4fa9a-f1b5-45a2-9ce3-43c86fd82df2@group-0B323A473FB2: changes role from  FOLLOWER to CANDIDATE at term 0 for changeToCandidate
2024-04-21 07:19:32,529 [33d4fa9a-f1b5-45a2-9ce3-43c86fd82df2@group-0B323A473FB2-FollowerState] INFO  server.RaftServerConfigKeys (ConfUtils.java:logGet(46)) - raft.server.leaderelection.pre-vote = true (default)
2024-04-21 07:19:32,529 [33d4fa9a-f1b5-45a2-9ce3-43c86fd82df2@group-0B323A473FB2-FollowerState] INFO  impl.RoleInfo (RoleInfo.java:updateAndGet(139)) - 33d4fa9a-f1b5-45a2-9ce3-43c86fd82df2: start 33d4fa9a-f1b5-45a2-9ce3-43c86fd82df2@group-0B323A473FB2-LeaderElection44
2024-04-21 07:19:32,531 [33d4fa9a-f1b5-45a2-9ce3-43c86fd82df2@group-0B323A473FB2-LeaderElection44] INFO  impl.LeaderElection (LeaderElection.java:askForVotes(321)) - 33d4fa9a-f1b5-45a2-9ce3-43c86fd82df2@group-0B323A473FB2-LeaderElection44 PRE_VOTE round 0: submit vote requests at term 0 for -1: peers:[a45323a7-bc80-446e-b427-0ffb34a72641|10.1.0.102:15147, 80370d78-c36f-4d75-b7cb-6753407b0dff|10.1.0.102:15156, 33d4fa9a-f1b5-45a2-9ce3-43c86fd82df2|10.1.0.102:15129]|listeners:[], old=null
2024-04-21 07:19:32,531 [33d4fa9a-f1b5-45a2-9ce3-43c86fd82df2@group-0B323A473FB2-LeaderElection44-1] INFO  server.GrpcServerProtocolClient (GrpcServerProtocolClient.java:<init>(65)) - Build channel for a45323a7-bc80-446e-b427-0ffb34a72641|10.1.0.102:15147
2024-04-21 07:19:32,531 [33d4fa9a-f1b5-45a2-9ce3-43c86fd82df2@group-0B323A473FB2-LeaderElection44] INFO  server.RaftServerConfigKeys (ConfUtils.java:logFallback(53)) - raft.server.rpc.first-election.timeout.min = 5s (fallback to raft.server.rpc.timeout.min)
2024-04-21 07:19:32,532 [33d4fa9a-f1b5-45a2-9ce3-43c86fd82df2@group-0B323A473FB2-LeaderElection44] INFO  server.RaftServerConfigKeys (ConfUtils.java:logFallback(53)) - raft.server.rpc.first-election.timeout.max = 5200ms (fallback to raft.server.rpc.timeout.max)
2024-04-21 07:19:32,532 [grpc-default-executor-4] INFO  server.RaftServer$Division (RaftServerImpl.java:requestVote(1389)) - 80370d78-c36f-4d75-b7cb-6753407b0dff@group-0B323A473FB2: receive requestVote(PRE_VOTE, 33d4fa9a-f1b5-45a2-9ce3-43c86fd82df2, group-0B323A473FB2, 0, (t:0, i:0))
2024-04-21 07:19:32,532 [grpc-default-executor-4] INFO  impl.VoteContext (VoteContext.java:log(49)) - 80370d78-c36f-4d75-b7cb-6753407b0dff@group-0B323A473FB2-FOLLOWER: accept PRE_VOTE from 33d4fa9a-f1b5-45a2-9ce3-43c86fd82df2: our priority 0 <= candidate's priority 0
2024-04-21 07:19:32,532 [grpc-default-executor-4] INFO  server.RaftServer$Division (RaftServerImpl.java:requestVote(1422)) - 80370d78-c36f-4d75-b7cb-6753407b0dff@group-0B323A473FB2 replies to PRE_VOTE vote request: 33d4fa9a-f1b5-45a2-9ce3-43c86fd82df2<-80370d78-c36f-4d75-b7cb-6753407b0dff#0:OK-t0. Peer's state: 80370d78-c36f-4d75-b7cb-6753407b0dff@group-0B323A473FB2:t0, leader=null, voted=, raftlog=Memoized:80370d78-c36f-4d75-b7cb-6753407b0dff@group-0B323A473FB2-SegmentedRaftLog:OPENED:c-1, conf=-1: peers:[a45323a7-bc80-446e-b427-0ffb34a72641|10.1.0.102:15147, 80370d78-c36f-4d75-b7cb-6753407b0dff|10.1.0.102:15156, 33d4fa9a-f1b5-45a2-9ce3-43c86fd82df2|10.1.0.102:15129]|listeners:[], old=null
2024-04-21 07:19:32,534 [grpc-default-executor-4] INFO  server.RaftServer$Division (RaftServerImpl.java:requestVote(1389)) - a45323a7-bc80-446e-b427-0ffb34a72641@group-0B323A473FB2: receive requestVote(PRE_VOTE, 33d4fa9a-f1b5-45a2-9ce3-43c86fd82df2, group-0B323A473FB2, 0, (t:0, i:0))
2024-04-21 07:19:32,535 [grpc-default-executor-4] INFO  impl.VoteContext (VoteContext.java:log(49)) - a45323a7-bc80-446e-b427-0ffb34a72641@group-0B323A473FB2-FOLLOWER: reject PRE_VOTE from 33d4fa9a-f1b5-45a2-9ce3-43c86fd82df2: our priority 1 > candidate's priority 0
2024-04-21 07:19:32,535 [grpc-default-executor-4] INFO  server.RaftServer$Division (RaftServerImpl.java:requestVote(1422)) - a45323a7-bc80-446e-b427-0ffb34a72641@group-0B323A473FB2 replies to PRE_VOTE vote request: 33d4fa9a-f1b5-45a2-9ce3-43c86fd82df2<-a45323a7-bc80-446e-b427-0ffb34a72641#0:FAIL-t0. Peer's state: a45323a7-bc80-446e-b427-0ffb34a72641@group-0B323A473FB2:t0, leader=null, voted=, raftlog=Memoized:a45323a7-bc80-446e-b427-0ffb34a72641@group-0B323A473FB2-SegmentedRaftLog:OPENED:c-1, conf=-1: peers:[a45323a7-bc80-446e-b427-0ffb34a72641|10.1.0.102:15147, 80370d78-c36f-4d75-b7cb-6753407b0dff|10.1.0.102:15156, 33d4fa9a-f1b5-45a2-9ce3-43c86fd82df2|10.1.0.102:15129]|listeners:[], old=null
2024-04-21 07:19:32,535 [33d4fa9a-f1b5-45a2-9ce3-43c86fd82df2@group-0B323A473FB2-LeaderElection44] INFO  impl.LeaderElection (LeaderElection.java:logAndReturn(89)) - 33d4fa9a-f1b5-45a2-9ce3-43c86fd82df2@group-0B323A473FB2-LeaderElection44: PRE_VOTE REJECTED received 2 response(s) and 0 exception(s):
2024-04-21 07:19:32,535 [33d4fa9a-f1b5-45a2-9ce3-43c86fd82df2@group-0B323A473FB2-LeaderElection44] INFO  impl.LeaderElection (LeaderElection.java:logAndReturn(93)) -   Response 0: 33d4fa9a-f1b5-45a2-9ce3-43c86fd82df2<-a45323a7-bc80-446e-b427-0ffb34a72641#0:FAIL-t0
2024-04-21 07:19:32,535 [33d4fa9a-f1b5-45a2-9ce3-43c86fd82df2@group-0B323A473FB2-LeaderElection44] INFO  impl.LeaderElection (LeaderElection.java:logAndReturn(93)) -   Response 1: 33d4fa9a-f1b5-45a2-9ce3-43c86fd82df2<-80370d78-c36f-4d75-b7cb-6753407b0dff#0:OK-t0
2024-04-21 07:19:32,535 [33d4fa9a-f1b5-45a2-9ce3-43c86fd82df2@group-0B323A473FB2-LeaderElection44] INFO  impl.LeaderElection (LeaderElection.java:askForVotes(323)) - 33d4fa9a-f1b5-45a2-9ce3-43c86fd82df2@group-0B323A473FB2-LeaderElection44 PRE_VOTE round 0: result REJECTED
2024-04-21 07:19:32,535 [33d4fa9a-f1b5-45a2-9ce3-43c86fd82df2@group-0B323A473FB2-LeaderElection44] INFO  server.RaftServer$Division (RaftServerImpl.java:setRole(383)) - 33d4fa9a-f1b5-45a2-9ce3-43c86fd82df2@group-0B323A473FB2: changes role from CANDIDATE to FOLLOWER at term 0 for REJECTED
2024-04-21 07:19:32,535 [33d4fa9a-f1b5-45a2-9ce3-43c86fd82df2@group-0B323A473FB2-LeaderElection44] INFO  impl.RoleInfo (RoleInfo.java:shutdownLeaderElection(130)) - 33d4fa9a-f1b5-45a2-9ce3-43c86fd82df2: shutdown 33d4fa9a-f1b5-45a2-9ce3-43c86fd82df2@group-0B323A473FB2-LeaderElection44
2024-04-21 07:19:32,536 [33d4fa9a-f1b5-45a2-9ce3-43c86fd82df2@group-0B323A473FB2-LeaderElection44] INFO  impl.RoleInfo (RoleInfo.java:updateAndGet(139)) - 33d4fa9a-f1b5-45a2-9ce3-43c86fd82df2: start 33d4fa9a-f1b5-45a2-9ce3-43c86fd82df2@group-0B323A473FB2-FollowerState
2024-04-21 07:19:32,536 [33d4fa9a-f1b5-45a2-9ce3-43c86fd82df2@group-0B323A473FB2-LeaderElection44] INFO  server.RaftServer$Division (RaftServerImpl.java:setFirstElection(574)) - 33d4fa9a-f1b5-45a2-9ce3-43c86fd82df2@group-0B323A473FB2: set firstElectionSinceStartup to false for REJECTED
2024-04-21 07:19:32,541 [80370d78-c36f-4d75-b7cb-6753407b0dff@group-0B323A473FB2-FollowerState] INFO  server.RaftServerConfigKeys (ConfUtils.java:logFallback(53)) - raft.server.rpc.first-election.timeout.min = 5s (fallback to raft.server.rpc.timeout.min)
2024-04-21 07:19:32,541 [80370d78-c36f-4d75-b7cb-6753407b0dff@group-0B323A473FB2-FollowerState] INFO  server.RaftServerConfigKeys (ConfUtils.java:logFallback(53)) - raft.server.rpc.first-election.timeout.max = 5200ms (fallback to raft.server.rpc.timeout.max)
2024-04-21 07:19:32,559 [a45323a7-bc80-446e-b427-0ffb34a72641@group-0B323A473FB2-FollowerState] INFO  impl.FollowerState (FollowerState.java:run(143)) - a45323a7-bc80-446e-b427-0ffb34a72641@group-0B323A473FB2-FollowerState: change to CANDIDATE, lastRpcElapsedTime:5180383986ns, electionTimeout:5175ms
2024-04-21 07:19:32,559 [a45323a7-bc80-446e-b427-0ffb34a72641@group-0B323A473FB2-FollowerState] INFO  impl.RoleInfo (RoleInfo.java:shutdownFollowerState(110)) - a45323a7-bc80-446e-b427-0ffb34a72641: shutdown a45323a7-bc80-446e-b427-0ffb34a72641@group-0B323A473FB2-FollowerState
2024-04-21 07:19:32,559 [a45323a7-bc80-446e-b427-0ffb34a72641@group-0B323A473FB2-FollowerState] INFO  server.RaftServer$Division (RaftServerImpl.java:setRole(383)) - a45323a7-bc80-446e-b427-0ffb34a72641@group-0B323A473FB2: changes role from  FOLLOWER to CANDIDATE at term 0 for changeToCandidate
2024-04-21 07:19:32,560 [a45323a7-bc80-446e-b427-0ffb34a72641@group-0B323A473FB2-FollowerState] INFO  server.RaftServerConfigKeys (ConfUtils.java:logGet(46)) - raft.server.leaderelection.pre-vote = true (default)
2024-04-21 07:19:32,560 [a45323a7-bc80-446e-b427-0ffb34a72641@group-0B323A473FB2-FollowerState] INFO  impl.RoleInfo (RoleInfo.java:updateAndGet(139)) - a45323a7-bc80-446e-b427-0ffb34a72641: start a45323a7-bc80-446e-b427-0ffb34a72641@group-0B323A473FB2-LeaderElection45
2024-04-21 07:19:32,561 [a45323a7-bc80-446e-b427-0ffb34a72641@group-0B323A473FB2-LeaderElection45] INFO  impl.LeaderElection (LeaderElection.java:askForVotes(321)) - a45323a7-bc80-446e-b427-0ffb34a72641@group-0B323A473FB2-LeaderElection45 PRE_VOTE round 0: submit vote requests at term 0 for -1: peers:[a45323a7-bc80-446e-b427-0ffb34a72641|10.1.0.102:15147, 80370d78-c36f-4d75-b7cb-6753407b0dff|10.1.0.102:15156, 33d4fa9a-f1b5-45a2-9ce3-43c86fd82df2|10.1.0.102:15129]|listeners:[], old=null
2024-04-21 07:19:32,561 [a45323a7-bc80-446e-b427-0ffb34a72641@group-0B323A473FB2-LeaderElection45-1] INFO  server.GrpcServerProtocolClient (GrpcServerProtocolClient.java:<init>(65)) - Build channel for 80370d78-c36f-4d75-b7cb-6753407b0dff|10.1.0.102:15156
2024-04-21 07:19:32,561 [a45323a7-bc80-446e-b427-0ffb34a72641@group-0B323A473FB2-LeaderElection45-2] INFO  server.GrpcServerProtocolClient (GrpcServerProtocolClient.java:<init>(65)) - Build channel for 33d4fa9a-f1b5-45a2-9ce3-43c86fd82df2|10.1.0.102:15129
2024-04-21 07:19:32,561 [a45323a7-bc80-446e-b427-0ffb34a72641@group-0B323A473FB2-LeaderElection45] INFO  server.RaftServerConfigKeys (ConfUtils.java:logFallback(53)) - raft.server.rpc.first-election.timeout.min = 5s (fallback to raft.server.rpc.timeout.min)
2024-04-21 07:19:32,562 [a45323a7-bc80-446e-b427-0ffb34a72641@group-0B323A473FB2-LeaderElection45] INFO  server.RaftServerConfigKeys (ConfUtils.java:logFallback(53)) - raft.server.rpc.first-election.timeout.max = 5200ms (fallback to raft.server.rpc.timeout.max)
2024-04-21 07:19:32,566 [grpc-default-executor-5] INFO  server.RaftServer$Division (RaftServerImpl.java:requestVote(1389)) - 33d4fa9a-f1b5-45a2-9ce3-43c86fd82df2@group-0B323A473FB2: receive requestVote(PRE_VOTE, a45323a7-bc80-446e-b427-0ffb34a72641, group-0B323A473FB2, 0, (t:0, i:0))
2024-04-21 07:19:32,566 [grpc-default-executor-5] INFO  impl.VoteContext (VoteContext.java:log(49)) - 33d4fa9a-f1b5-45a2-9ce3-43c86fd82df2@group-0B323A473FB2-FOLLOWER: accept PRE_VOTE from a45323a7-bc80-446e-b427-0ffb34a72641: our priority 0 <= candidate's priority 1
2024-04-21 07:19:32,566 [grpc-default-executor-5] INFO  server.RaftServer$Division (RaftServerImpl.java:requestVote(1422)) - 33d4fa9a-f1b5-45a2-9ce3-43c86fd82df2@group-0B323A473FB2 replies to PRE_VOTE vote request: a45323a7-bc80-446e-b427-0ffb34a72641<-33d4fa9a-f1b5-45a2-9ce3-43c86fd82df2#0:OK-t0. Peer's state: 33d4fa9a-f1b5-45a2-9ce3-43c86fd82df2@group-0B323A473FB2:t0, leader=null, voted=, raftlog=Memoized:33d4fa9a-f1b5-45a2-9ce3-43c86fd82df2@group-0B323A473FB2-SegmentedRaftLog:OPENED:c-1, conf=-1: peers:[a45323a7-bc80-446e-b427-0ffb34a72641|10.1.0.102:15147, 80370d78-c36f-4d75-b7cb-6753407b0dff|10.1.0.102:15156, 33d4fa9a-f1b5-45a2-9ce3-43c86fd82df2|10.1.0.102:15129]|listeners:[], old=null
2024-04-21 07:19:32,566 [grpc-default-executor-4] INFO  server.RaftServer$Division (RaftServerImpl.java:requestVote(1389)) - 80370d78-c36f-4d75-b7cb-6753407b0dff@group-0B323A473FB2: receive requestVote(PRE_VOTE, a45323a7-bc80-446e-b427-0ffb34a72641, group-0B323A473FB2, 0, (t:0, i:0))
2024-04-21 07:19:32,567 [grpc-default-executor-4] INFO  impl.VoteContext (VoteContext.java:log(49)) - 80370d78-c36f-4d75-b7cb-6753407b0dff@group-0B323A473FB2-FOLLOWER: accept PRE_VOTE from a45323a7-bc80-446e-b427-0ffb34a72641: our priority 0 <= candidate's priority 1
2024-04-21 07:19:32,567 [a45323a7-bc80-446e-b427-0ffb34a72641@group-0B323A473FB2-LeaderElection45] INFO  impl.LeaderElection (LeaderElection.java:logAndReturn(89)) - a45323a7-bc80-446e-b427-0ffb34a72641@group-0B323A473FB2-LeaderElection45: PRE_VOTE PASSED received 1 response(s) and 0 exception(s):
2024-04-21 07:19:32,567 [grpc-default-executor-4] INFO  server.RaftServer$Division (RaftServerImpl.java:requestVote(1422)) - 80370d78-c36f-4d75-b7cb-6753407b0dff@group-0B323A473FB2 replies to PRE_VOTE vote request: a45323a7-bc80-446e-b427-0ffb34a72641<-80370d78-c36f-4d75-b7cb-6753407b0dff#0:OK-t0. Peer's state: 80370d78-c36f-4d75-b7cb-6753407b0dff@group-0B323A473FB2:t0, leader=null, voted=, raftlog=Memoized:80370d78-c36f-4d75-b7cb-6753407b0dff@group-0B323A473FB2-SegmentedRaftLog:OPENED:c-1, conf=-1: peers:[a45323a7-bc80-446e-b427-0ffb34a72641|10.1.0.102:15147, 80370d78-c36f-4d75-b7cb-6753407b0dff|10.1.0.102:15156, 33d4fa9a-f1b5-45a2-9ce3-43c86fd82df2|10.1.0.102:15129]|listeners:[], old=null
2024-04-21 07:19:32,567 [a45323a7-bc80-446e-b427-0ffb34a72641@group-0B323A473FB2-LeaderElection45] INFO  impl.LeaderElection (LeaderElection.java:logAndReturn(93)) -   Response 0: a45323a7-bc80-446e-b427-0ffb34a72641<-33d4fa9a-f1b5-45a2-9ce3-43c86fd82df2#0:OK-t0
2024-04-21 07:19:32,567 [a45323a7-bc80-446e-b427-0ffb34a72641@group-0B323A473FB2-LeaderElection45] INFO  impl.LeaderElection (LeaderElection.java:askForVotes(323)) - a45323a7-bc80-446e-b427-0ffb34a72641@group-0B323A473FB2-LeaderElection45 PRE_VOTE round 0: result PASSED
2024-04-21 07:19:32,569 [a45323a7-bc80-446e-b427-0ffb34a72641@group-0B323A473FB2-LeaderElection45] INFO  impl.LeaderElection (LeaderElection.java:askForVotes(321)) - a45323a7-bc80-446e-b427-0ffb34a72641@group-0B323A473FB2-LeaderElection45 ELECTION round 0: submit vote requests at term 1 for -1: peers:[a45323a7-bc80-446e-b427-0ffb34a72641|10.1.0.102:15147, 80370d78-c36f-4d75-b7cb-6753407b0dff|10.1.0.102:15156, 33d4fa9a-f1b5-45a2-9ce3-43c86fd82df2|10.1.0.102:15129]|listeners:[], old=null
2024-04-21 07:19:32,569 [a45323a7-bc80-446e-b427-0ffb34a72641@group-0B323A473FB2-LeaderElection45] INFO  server.RaftServerConfigKeys (ConfUtils.java:logFallback(53)) - raft.server.rpc.first-election.timeout.min = 5s (fallback to raft.server.rpc.timeout.min)
2024-04-21 07:19:32,569 [a45323a7-bc80-446e-b427-0ffb34a72641@group-0B323A473FB2-LeaderElection45] INFO  server.RaftServerConfigKeys (ConfUtils.java:logFallback(53)) - raft.server.rpc.first-election.timeout.max = 5200ms (fallback to raft.server.rpc.timeout.max)
2024-04-21 07:19:32,569 [grpc-default-executor-4] INFO  server.RaftServer$Division (RaftServerImpl.java:requestVote(1389)) - 80370d78-c36f-4d75-b7cb-6753407b0dff@group-0B323A473FB2: receive requestVote(ELECTION, a45323a7-bc80-446e-b427-0ffb34a72641, group-0B323A473FB2, 1, (t:0, i:0))
2024-04-21 07:19:32,569 [grpc-default-executor-4] INFO  impl.VoteContext (VoteContext.java:log(49)) - 80370d78-c36f-4d75-b7cb-6753407b0dff@group-0B323A473FB2-FOLLOWER: accept ELECTION from a45323a7-bc80-446e-b427-0ffb34a72641: our priority 0 <= candidate's priority 1
2024-04-21 07:19:32,570 [grpc-default-executor-4] INFO  server.RaftServer$Division (RaftServerImpl.java:setRole(383)) - 80370d78-c36f-4d75-b7cb-6753407b0dff@group-0B323A473FB2: changes role from  FOLLOWER to FOLLOWER at term 1 for candidate:a45323a7-bc80-446e-b427-0ffb34a72641
2024-04-21 07:19:32,570 [grpc-default-executor-4] INFO  impl.RoleInfo (RoleInfo.java:shutdownFollowerState(110)) - 80370d78-c36f-4d75-b7cb-6753407b0dff: shutdown 80370d78-c36f-4d75-b7cb-6753407b0dff@group-0B323A473FB2-FollowerState
2024-04-21 07:19:32,570 [grpc-default-executor-4] INFO  impl.RoleInfo (RoleInfo.java:updateAndGet(139)) - 80370d78-c36f-4d75-b7cb-6753407b0dff: start 80370d78-c36f-4d75-b7cb-6753407b0dff@group-0B323A473FB2-FollowerState
2024-04-21 07:19:32,570 [80370d78-c36f-4d75-b7cb-6753407b0dff@group-0B323A473FB2-FollowerState] INFO  impl.FollowerState (FollowerState.java:run(152)) - 80370d78-c36f-4d75-b7cb-6753407b0dff@group-0B323A473FB2-FollowerState was interrupted
2024-04-21 07:19:32,570 [grpc-default-executor-4] INFO  server.RaftServer$Division (RaftServerImpl.java:setFirstElection(574)) - 80370d78-c36f-4d75-b7cb-6753407b0dff@group-0B323A473FB2: set firstElectionSinceStartup to false for candidate:a45323a7-bc80-446e-b427-0ffb34a72641
2024-04-21 07:19:32,575 [grpc-default-executor-5] INFO  server.RaftServer$Division (RaftServerImpl.java:requestVote(1389)) - 33d4fa9a-f1b5-45a2-9ce3-43c86fd82df2@group-0B323A473FB2: receive requestVote(ELECTION, a45323a7-bc80-446e-b427-0ffb34a72641, group-0B323A473FB2, 1, (t:0, i:0))
2024-04-21 07:19:32,575 [grpc-default-executor-5] INFO  impl.VoteContext (VoteContext.java:log(49)) - 33d4fa9a-f1b5-45a2-9ce3-43c86fd82df2@group-0B323A473FB2-FOLLOWER: accept ELECTION from a45323a7-bc80-446e-b427-0ffb34a72641: our priority 0 <= candidate's priority 1
2024-04-21 07:19:32,575 [grpc-default-executor-4] INFO  server.RaftServer$Division (RaftServerImpl.java:requestVote(1422)) - 80370d78-c36f-4d75-b7cb-6753407b0dff@group-0B323A473FB2 replies to ELECTION vote request: a45323a7-bc80-446e-b427-0ffb34a72641<-80370d78-c36f-4d75-b7cb-6753407b0dff#0:OK-t1. Peer's state: 80370d78-c36f-4d75-b7cb-6753407b0dff@group-0B323A473FB2:t1, leader=null, voted=a45323a7-bc80-446e-b427-0ffb34a72641, raftlog=Memoized:80370d78-c36f-4d75-b7cb-6753407b0dff@group-0B323A473FB2-SegmentedRaftLog:OPENED:c-1, conf=-1: peers:[a45323a7-bc80-446e-b427-0ffb34a72641|10.1.0.102:15147, 80370d78-c36f-4d75-b7cb-6753407b0dff|10.1.0.102:15156, 33d4fa9a-f1b5-45a2-9ce3-43c86fd82df2|10.1.0.102:15129]|listeners:[], old=null
2024-04-21 07:19:32,575 [grpc-default-executor-5] INFO  server.RaftServer$Division (RaftServerImpl.java:setRole(383)) - 33d4fa9a-f1b5-45a2-9ce3-43c86fd82df2@group-0B323A473FB2: changes role from  FOLLOWER to FOLLOWER at term 1 for candidate:a45323a7-bc80-446e-b427-0ffb34a72641
2024-04-21 07:19:32,575 [grpc-default-executor-5] INFO  impl.RoleInfo (RoleInfo.java:shutdownFollowerState(110)) - 33d4fa9a-f1b5-45a2-9ce3-43c86fd82df2: shutdown 33d4fa9a-f1b5-45a2-9ce3-43c86fd82df2@group-0B323A473FB2-FollowerState
2024-04-21 07:19:32,576 [33d4fa9a-f1b5-45a2-9ce3-43c86fd82df2@group-0B323A473FB2-FollowerState] INFO  impl.FollowerState (FollowerState.java:run(152)) - 33d4fa9a-f1b5-45a2-9ce3-43c86fd82df2@group-0B323A473FB2-FollowerState was interrupted
2024-04-21 07:19:32,576 [grpc-default-executor-5] INFO  impl.RoleInfo (RoleInfo.java:updateAndGet(139)) - 33d4fa9a-f1b5-45a2-9ce3-43c86fd82df2: start 33d4fa9a-f1b5-45a2-9ce3-43c86fd82df2@group-0B323A473FB2-FollowerState
2024-04-21 07:19:32,576 [a45323a7-bc80-446e-b427-0ffb34a72641@group-0B323A473FB2-LeaderElection45] INFO  impl.LeaderElection (LeaderElection.java:logAndReturn(89)) - a45323a7-bc80-446e-b427-0ffb34a72641@group-0B323A473FB2-LeaderElection45: ELECTION PASSED received 1 response(s) and 0 exception(s):
2024-04-21 07:19:32,577 [a45323a7-bc80-446e-b427-0ffb34a72641@group-0B323A473FB2-LeaderElection45] INFO  impl.LeaderElection (LeaderElection.java:logAndReturn(93)) -   Response 0: a45323a7-bc80-446e-b427-0ffb34a72641<-80370d78-c36f-4d75-b7cb-6753407b0dff#0:OK-t1
2024-04-21 07:19:32,577 [a45323a7-bc80-446e-b427-0ffb34a72641@group-0B323A473FB2-LeaderElection45] INFO  impl.LeaderElection (LeaderElection.java:askForVotes(323)) - a45323a7-bc80-446e-b427-0ffb34a72641@group-0B323A473FB2-LeaderElection45 ELECTION round 0: result PASSED
2024-04-21 07:19:32,577 [a45323a7-bc80-446e-b427-0ffb34a72641@group-0B323A473FB2-LeaderElection45] INFO  impl.RoleInfo (RoleInfo.java:shutdownLeaderElection(130)) - a45323a7-bc80-446e-b427-0ffb34a72641: shutdown a45323a7-bc80-446e-b427-0ffb34a72641@group-0B323A473FB2-LeaderElection45
2024-04-21 07:19:32,577 [a45323a7-bc80-446e-b427-0ffb34a72641@group-0B323A473FB2-LeaderElection45] INFO  server.RaftServer$Division (RaftServerImpl.java:setRole(383)) - a45323a7-bc80-446e-b427-0ffb34a72641@group-0B323A473FB2: changes role from CANDIDATE to LEADER at term 1 for changeToLeader
2024-04-21 07:19:32,577 [a45323a7-bc80-446e-b427-0ffb34a72641@group-0B323A473FB2-LeaderElection45] INFO  server.RaftServerConfigKeys (ConfUtils.java:logGet(46)) - raft.server.staging.catchup.gap = 1000 (default)
2024-04-21 07:19:32,577 [a45323a7-bc80-446e-b427-0ffb34a72641@group-0B323A473FB2-LeaderElection45] INFO  server.RaftServerConfigKeys (ConfUtils.java:logGet(46)) - raft.server.write.element-limit = 1024 (custom)
2024-04-21 07:19:32,577 [a45323a7-bc80-446e-b427-0ffb34a72641@group-0B323A473FB2-LeaderElection45] INFO  server.RaftServerConfigKeys (ConfUtils.java:logGet(46)) - raft.server.write.byte-limit = 1024 M (=1073741824) (custom)
2024-04-21 07:19:32,577 [a45323a7-bc80-446e-b427-0ffb34a72641@group-0B323A473FB2-LeaderElection45] INFO  server.RaftServerConfigKeys (ConfUtils.java:logGet(46)) - raft.server.watch.timeout = 3000ms (custom)
2024-04-21 07:19:32,577 [a45323a7-bc80-446e-b427-0ffb34a72641@group-0B323A473FB2-LeaderElection45] INFO  server.RaftServerConfigKeys (ConfUtils.java:logGet(46)) - raft.server.watch.timeout.denomination = 1s (default)
2024-04-21 07:19:32,577 [a45323a7-bc80-446e-b427-0ffb34a72641@group-0B323A473FB2-LeaderElection45] INFO  server.RaftServerConfigKeys (ConfUtils.java:logGet(46)) - raft.server.watch.element-limit = 65536 (default)
2024-04-21 07:19:32,578 [a45323a7-bc80-446e-b427-0ffb34a72641@group-0B323A473FB2-LeaderElection45] INFO  server.RaftServerConfigKeys (ConfUtils.java:logGet(46)) - raft.server.read.leader.lease.enabled = false (default)
2024-04-21 07:19:32,578 [a45323a7-bc80-446e-b427-0ffb34a72641@group-0B323A473FB2-LeaderElection45] INFO  server.RaftServerConfigKeys (ConfUtils.java:logGet(46)) - raft.server.read.leader.lease.timeout.ratio = 0.9 (default)
2024-04-21 07:19:32,578 [a45323a7-bc80-446e-b427-0ffb34a72641@group-0B323A473FB2-LeaderElection45] INFO  server.RaftServerConfigKeys (ConfUtils.java:logGet(46)) - raft.server.rpc.timeout.min = 5s (custom)
2024-04-21 07:19:32,578 [a45323a7-bc80-446e-b427-0ffb34a72641@group-0B323A473FB2-LeaderElection45] INFO  server.RaftServerConfigKeys (ConfUtils.java:logGet(46)) - raft.server.write.element-limit = 1024 (custom)
2024-04-21 07:19:32,578 [a45323a7-bc80-446e-b427-0ffb34a72641@group-0B323A473FB2-LeaderElection45] INFO  server.RaftServerConfigKeys (ConfUtils.java:logGet(46)) - raft.server.write.follower.gap.ratio.max = -1.0 (default)
2024-04-21 07:19:32,578 [grpc-default-executor-5] INFO  server.RaftServer$Division (RaftServerImpl.java:requestVote(1422)) - 33d4fa9a-f1b5-45a2-9ce3-43c86fd82df2@group-0B323A473FB2 replies to ELECTION vote request: a45323a7-bc80-446e-b427-0ffb34a72641<-33d4fa9a-f1b5-45a2-9ce3-43c86fd82df2#0:OK-t1. Peer's state: 33d4fa9a-f1b5-45a2-9ce3-43c86fd82df2@group-0B323A473FB2:t1, leader=null, voted=a45323a7-bc80-446e-b427-0ffb34a72641, raftlog=Memoized:33d4fa9a-f1b5-45a2-9ce3-43c86fd82df2@group-0B323A473FB2-SegmentedRaftLog:OPENED:c-1, conf=-1: peers:[a45323a7-bc80-446e-b427-0ffb34a72641|10.1.0.102:15147, 80370d78-c36f-4d75-b7cb-6753407b0dff|10.1.0.102:15156, 33d4fa9a-f1b5-45a2-9ce3-43c86fd82df2|10.1.0.102:15129]|listeners:[], old=null
2024-04-21 07:19:32,578 [a45323a7-bc80-446e-b427-0ffb34a72641@group-0B323A473FB2-LeaderElection45] INFO  server.RaftServerConfigKeys (ConfUtils.java:logGet(46)) - raft.server.log.appender.snapshot.chunk.size.max = 16MB (=16777216) (default)
2024-04-21 07:19:32,578 [a45323a7-bc80-446e-b427-0ffb34a72641@group-0B323A473FB2-LeaderElection45] INFO  server.RaftServerConfigKeys (ConfUtils.java:logGet(46)) - raft.server.log.appender.buffer.byte-limit = 8388608 (custom)
2024-04-21 07:19:32,578 [a45323a7-bc80-446e-b427-0ffb34a72641@group-0B323A473FB2-LeaderElection45] INFO  server.RaftServerConfigKeys (ConfUtils.java:logGet(46)) - raft.server.log.appender.buffer.element-limit = 1 (custom)
2024-04-21 07:19:32,579 [a45323a7-bc80-446e-b427-0ffb34a72641@group-0B323A473FB2-LeaderElection45] INFO  server.RaftServerConfigKeys (ConfUtils.java:logGet(46)) - raft.server.log.appender.wait-time.min = 0ms (custom)
2024-04-21 07:19:32,579 [a45323a7-bc80-446e-b427-0ffb34a72641@group-0B323A473FB2-LeaderElection45] INFO  grpc.GrpcConfigKeys (ConfUtils.java:logGet(46)) - raft.grpc.server.leader.outstanding.appends.max = 8 (default)
2024-04-21 07:19:32,579 [a45323a7-bc80-446e-b427-0ffb34a72641@group-0B323A473FB2-LeaderElection45] INFO  server.RaftServerConfigKeys (ConfUtils.java:logGet(46)) - raft.server.rpc.request.timeout = 3000ms (default)
2024-04-21 07:19:32,579 [a45323a7-bc80-446e-b427-0ffb34a72641@group-0B323A473FB2-LeaderElection45] INFO  grpc.GrpcConfigKeys (ConfUtils.java:logGet(46)) - raft.grpc.server.install_snapshot.request.element-limit = 8 (default)
2024-04-21 07:19:32,579 [a45323a7-bc80-446e-b427-0ffb34a72641@group-0B323A473FB2-LeaderElection45] INFO  grpc.GrpcConfigKeys (ConfUtils.java:logGet(46)) - raft.grpc.server.install_snapshot.request.timeout = 3000ms (default)
2024-04-21 07:19:32,579 [a45323a7-bc80-446e-b427-0ffb34a72641@group-0B323A473FB2-LeaderElection45] INFO  grpc.GrpcConfigKeys (ConfUtils.java:logGet(46)) - raft.grpc.server.log-message.batch.duration = 5s (default)
2024-04-21 07:19:32,580 [a45323a7-bc80-446e-b427-0ffb34a72641@group-0B323A473FB2-LeaderElection45] INFO  server.RaftServerConfigKeys (ConfUtils.java:logGet(46)) - raft.server.log.appender.install.snapshot.enabled = false (custom)
2024-04-21 07:19:32,580 [a45323a7-bc80-446e-b427-0ffb34a72641@group-0B323A473FB2-LeaderElection45] INFO  grpc.GrpcConfigKeys (ConfUtils.java:logGet(46)) - raft.grpc.server.heartbeat.channel = true (default)
2024-04-21 07:19:32,580 [a45323a7-bc80-446e-b427-0ffb34a72641@group-0B323A473FB2-LeaderElection45] INFO  server.RaftServerConfigKeys (ConfUtils.java:logGet(46)) - raft.server.log.appender.snapshot.chunk.size.max = 16MB (=16777216) (default)
2024-04-21 07:19:32,580 [a45323a7-bc80-446e-b427-0ffb34a72641@group-0B323A473FB2-LeaderElection45] INFO  server.RaftServerConfigKeys (ConfUtils.java:logGet(46)) - raft.server.log.appender.buffer.byte-limit = 8388608 (custom)
2024-04-21 07:19:32,580 [a45323a7-bc80-446e-b427-0ffb34a72641@group-0B323A473FB2-LeaderElection45] INFO  server.RaftServerConfigKeys (ConfUtils.java:logGet(46)) - raft.server.log.appender.buffer.element-limit = 1 (custom)
2024-04-21 07:19:32,581 [a45323a7-bc80-446e-b427-0ffb34a72641@group-0B323A473FB2-LeaderElection45] INFO  server.RaftServerConfigKeys (ConfUtils.java:logGet(46)) - raft.server.log.appender.wait-time.min = 0ms (custom)
2024-04-21 07:19:32,581 [a45323a7-bc80-446e-b427-0ffb34a72641@group-0B323A473FB2-LeaderElection45] INFO  grpc.GrpcConfigKeys (ConfUtils.java:logGet(46)) - raft.grpc.server.leader.outstanding.appends.max = 8 (default)
2024-04-21 07:19:32,581 [a45323a7-bc80-446e-b427-0ffb34a72641@group-0B323A473FB2-LeaderElection45] INFO  server.RaftServerConfigKeys (ConfUtils.java:logGet(46)) - raft.server.rpc.request.timeout = 3000ms (default)
2024-04-21 07:19:32,581 [a45323a7-bc80-446e-b427-0ffb34a72641@group-0B323A473FB2-LeaderElection45] INFO  grpc.GrpcConfigKeys (ConfUtils.java:logGet(46)) - raft.grpc.server.install_snapshot.request.element-limit = 8 (default)
2024-04-21 07:19:32,581 [a45323a7-bc80-446e-b427-0ffb34a72641@group-0B323A473FB2-LeaderElection45] INFO  grpc.GrpcConfigKeys (ConfUtils.java:logGet(46)) - raft.grpc.server.install_snapshot.request.timeout = 3000ms (default)
2024-04-21 07:19:32,581 [a45323a7-bc80-446e-b427-0ffb34a72641@group-0B323A473FB2-LeaderElection45] INFO  grpc.GrpcConfigKeys (ConfUtils.java:logGet(46)) - raft.grpc.server.log-message.batch.duration = 5s (default)
2024-04-21 07:19:32,581 [a45323a7-bc80-446e-b427-0ffb34a72641@group-0B323A473FB2-LeaderElection45] INFO  server.RaftServerConfigKeys (ConfUtils.java:logGet(46)) - raft.server.log.appender.install.snapshot.enabled = false (custom)
2024-04-21 07:19:32,581 [a45323a7-bc80-446e-b427-0ffb34a72641@group-0B323A473FB2-LeaderElection45] INFO  grpc.GrpcConfigKeys (ConfUtils.java:logGet(46)) - raft.grpc.server.heartbeat.channel = true (default)
2024-04-21 07:19:32,581 [a45323a7-bc80-446e-b427-0ffb34a72641@group-0B323A473FB2-LeaderElection45] INFO  impl.RoleInfo (RoleInfo.java:updateAndGet(139)) - a45323a7-bc80-446e-b427-0ffb34a72641: start a45323a7-bc80-446e-b427-0ffb34a72641@group-0B323A473FB2-LeaderStateImpl
2024-04-21 07:19:32,581 [a45323a7-bc80-446e-b427-0ffb34a72641@group-0B323A473FB2-LeaderElection45] INFO  server.RaftServer$Division (RaftServerImpl.java:setFirstElection(574)) - a45323a7-bc80-446e-b427-0ffb34a72641@group-0B323A473FB2: set firstElectionSinceStartup to false for becomeLeader
2024-04-21 07:19:32,581 [a45323a7-bc80-446e-b427-0ffb34a72641@group-0B323A473FB2-LeaderElection45] INFO  ratis.XceiverServerRatis (XceiverServerRatis.java:handleLeaderChangedNotification(966)) - Leader change notification received for group: group-0B323A473FB2 with new leaderId: a45323a7-bc80-446e-b427-0ffb34a72641
2024-04-21 07:19:32,582 [a45323a7-bc80-446e-b427-0ffb34a72641@group-0B323A473FB2-LeaderElection45] INFO  server.RaftServer$Division (ServerState.java:setLeader(269)) - a45323a7-bc80-446e-b427-0ffb34a72641@group-0B323A473FB2: change Leader from null to a45323a7-bc80-446e-b427-0ffb34a72641 at term 1 for becomeLeader, leader elected after 5212ms
2024-04-21 07:19:32,582 [a45323a7-bc80-446e-b427-0ffb34a72641@group-0B323A473FB2-LeaderElection45] INFO  segmented.SegmentedRaftLogWorker (SegmentedRaftLogWorker.java:startLogSegment(430)) - a45323a7-bc80-446e-b427-0ffb34a72641@group-0B323A473FB2-SegmentedRaftLogWorker: Starting segment from index:0
2024-04-21 07:19:32,582 [a45323a7-bc80-446e-b427-0ffb34a72641@group-0B323A473FB2-SegmentedRaftLogWorker] INFO  segmented.BufferedWriteChannel (BufferedWriteChannel.java:open(62)) - open log_inprogress_0 at position 0
2024-04-21 07:19:32,583 [EventQueue-PipelineReportForPipelineReportHandler] INFO  pipeline.PipelineReportHandler (PipelineReportHandler.java:processPipelineReport(136)) - Opened pipeline PipelineID=a896e64e-f27b-41e6-b4a0-0b323a473fb2
2024-04-21 07:19:32,586 [a45323a7-bc80-446e-b427-0ffb34a72641@group-0B323A473FB2-LeaderElection45] INFO  server.RaftServer$Division (ServerState.java:setRaftConf(386)) - a45323a7-bc80-446e-b427-0ffb34a72641@group-0B323A473FB2: set configuration 0: peers:[a45323a7-bc80-446e-b427-0ffb34a72641|10.1.0.102:15147, 80370d78-c36f-4d75-b7cb-6753407b0dff|10.1.0.102:15156, 33d4fa9a-f1b5-45a2-9ce3-43c86fd82df2|10.1.0.102:15129]|listeners:[], old=null
2024-04-21 07:19:32,589 [a45323a7-bc80-446e-b427-0ffb34a72641@group-0B323A473FB2-SegmentedRaftLogWorker] INFO  segmented.SegmentedRaftLogWorker (SegmentedRaftLogWorker.java:execute(634)) - a45323a7-bc80-446e-b427-0ffb34a72641@group-0B323A473FB2-SegmentedRaftLogWorker: created new log segment /home/runner/work/ozone/ozone/hadoop-ozone/integration-test/target/test-dir/MiniOzoneClusterImpl-ed39ddd9-82bf-4bf6-8741-acb42c98007c/ozone-meta/datanode-4/ratis/a896e64e-f27b-41e6-b4a0-0b323a473fb2/current/log_inprogress_0
2024-04-21 07:19:32,590 [33d4fa9a-f1b5-45a2-9ce3-43c86fd82df2-server-thread1] INFO  ratis.XceiverServerRatis (XceiverServerRatis.java:handleLeaderChangedNotification(966)) - Leader change notification received for group: group-0B323A473FB2 with new leaderId: a45323a7-bc80-446e-b427-0ffb34a72641
2024-04-21 07:19:32,590 [33d4fa9a-f1b5-45a2-9ce3-43c86fd82df2-server-thread1] INFO  server.RaftServer$Division (ServerState.java:setLeader(269)) - 33d4fa9a-f1b5-45a2-9ce3-43c86fd82df2@group-0B323A473FB2: change Leader from null to a45323a7-bc80-446e-b427-0ffb34a72641 at term 1 for appendEntries, leader elected after 5197ms
2024-04-21 07:19:32,591 [33d4fa9a-f1b5-45a2-9ce3-43c86fd82df2-server-thread2] INFO  server.RaftServer$Division (ServerState.java:setRaftConf(386)) - 33d4fa9a-f1b5-45a2-9ce3-43c86fd82df2@group-0B323A473FB2: set configuration 0: peers:[a45323a7-bc80-446e-b427-0ffb34a72641|10.1.0.102:15147, 80370d78-c36f-4d75-b7cb-6753407b0dff|10.1.0.102:15156, 33d4fa9a-f1b5-45a2-9ce3-43c86fd82df2|10.1.0.102:15129]|listeners:[], old=null
2024-04-21 07:19:32,592 [33d4fa9a-f1b5-45a2-9ce3-43c86fd82df2-server-thread2] INFO  segmented.SegmentedRaftLogWorker (SegmentedRaftLogWorker.java:startLogSegment(430)) - 33d4fa9a-f1b5-45a2-9ce3-43c86fd82df2@group-0B323A473FB2-SegmentedRaftLogWorker: Starting segment from index:0
2024-04-21 07:19:32,593 [80370d78-c36f-4d75-b7cb-6753407b0dff-server-thread1] INFO  ratis.XceiverServerRatis (XceiverServerRatis.java:handleLeaderChangedNotification(966)) - Leader change notification received for group: group-0B323A473FB2 with new leaderId: a45323a7-bc80-446e-b427-0ffb34a72641
2024-04-21 07:19:32,593 [80370d78-c36f-4d75-b7cb-6753407b0dff-server-thread1] INFO  server.RaftServer$Division (ServerState.java:setLeader(269)) - 80370d78-c36f-4d75-b7cb-6753407b0dff@group-0B323A473FB2: change Leader from null to a45323a7-bc80-446e-b427-0ffb34a72641 at term 1 for appendEntries, leader elected after 5242ms
2024-04-21 07:19:32,596 [33d4fa9a-f1b5-45a2-9ce3-43c86fd82df2@group-0B323A473FB2-SegmentedRaftLogWorker] INFO  segmented.BufferedWriteChannel (BufferedWriteChannel.java:open(62)) - open log_inprogress_0 at position 0
2024-04-21 07:19:32,597 [80370d78-c36f-4d75-b7cb-6753407b0dff@group-12C11132411B-FollowerState] INFO  impl.FollowerState (FollowerState.java:run(143)) - 80370d78-c36f-4d75-b7cb-6753407b0dff@group-12C11132411B-FollowerState: change to CANDIDATE, lastRpcElapsedTime:5180441366ns, electionTimeout:5180ms
2024-04-21 07:19:32,597 [80370d78-c36f-4d75-b7cb-6753407b0dff@group-12C11132411B-FollowerState] INFO  impl.RoleInfo (RoleInfo.java:shutdownFollowerState(110)) - 80370d78-c36f-4d75-b7cb-6753407b0dff: shutdown 80370d78-c36f-4d75-b7cb-6753407b0dff@group-12C11132411B-FollowerState
2024-04-21 07:19:32,597 [80370d78-c36f-4d75-b7cb-6753407b0dff@group-12C11132411B-FollowerState] INFO  server.RaftServer$Division (RaftServerImpl.java:setRole(383)) - 80370d78-c36f-4d75-b7cb-6753407b0dff@group-12C11132411B: changes role from  FOLLOWER to CANDIDATE at term 0 for changeToCandidate
2024-04-21 07:19:32,597 [80370d78-c36f-4d75-b7cb-6753407b0dff@group-12C11132411B-FollowerState] INFO  server.RaftServerConfigKeys (ConfUtils.java:logGet(46)) - raft.server.leaderelection.pre-vote = true (default)
2024-04-21 07:19:32,597 [80370d78-c36f-4d75-b7cb-6753407b0dff@group-12C11132411B-FollowerState] INFO  impl.RoleInfo (RoleInfo.java:updateAndGet(139)) - 80370d78-c36f-4d75-b7cb-6753407b0dff: start 80370d78-c36f-4d75-b7cb-6753407b0dff@group-12C11132411B-LeaderElection46
2024-04-21 07:19:32,607 [80370d78-c36f-4d75-b7cb-6753407b0dff-server-thread2] INFO  server.RaftServer$Division (ServerState.java:setRaftConf(386)) - 80370d78-c36f-4d75-b7cb-6753407b0dff@group-0B323A473FB2: set configuration 0: peers:[a45323a7-bc80-446e-b427-0ffb34a72641|10.1.0.102:15147, 80370d78-c36f-4d75-b7cb-6753407b0dff|10.1.0.102:15156, 33d4fa9a-f1b5-45a2-9ce3-43c86fd82df2|10.1.0.102:15129]|listeners:[], old=null
2024-04-21 07:19:32,607 [80370d78-c36f-4d75-b7cb-6753407b0dff-server-thread2] INFO  segmented.SegmentedRaftLogWorker (SegmentedRaftLogWorker.java:startLogSegment(430)) - 80370d78-c36f-4d75-b7cb-6753407b0dff@group-0B323A473FB2-SegmentedRaftLogWorker: Starting segment from index:0
2024-04-21 07:19:32,608 [80370d78-c36f-4d75-b7cb-6753407b0dff@group-12C11132411B-LeaderElection46] INFO  impl.LeaderElection (LeaderElection.java:askForVotes(321)) - 80370d78-c36f-4d75-b7cb-6753407b0dff@group-12C11132411B-LeaderElection46 PRE_VOTE round 0: submit vote requests at term 0 for -1: peers:[9387e6e8-bf6d-4d10-9dc1-f1bd05fc02cf|10.1.0.102:15120, 80370d78-c36f-4d75-b7cb-6753407b0dff|10.1.0.102:15156, 33d4fa9a-f1b5-45a2-9ce3-43c86fd82df2|10.1.0.102:15129]|listeners:[], old=null
2024-04-21 07:19:32,608 [80370d78-c36f-4d75-b7cb-6753407b0dff@group-12C11132411B-LeaderElection46-1] INFO  server.GrpcServerProtocolClient (GrpcServerProtocolClient.java:<init>(65)) - Build channel for 9387e6e8-bf6d-4d10-9dc1-f1bd05fc02cf|10.1.0.102:15120
2024-04-21 07:19:32,608 [80370d78-c36f-4d75-b7cb-6753407b0dff@group-12C11132411B-LeaderElection46-2] INFO  server.GrpcServerProtocolClient (GrpcServerProtocolClient.java:<init>(65)) - Build channel for 33d4fa9a-f1b5-45a2-9ce3-43c86fd82df2|10.1.0.102:15129
2024-04-21 07:19:32,608 [80370d78-c36f-4d75-b7cb-6753407b0dff@group-12C11132411B-LeaderElection46] INFO  server.RaftServerConfigKeys (ConfUtils.java:logFallback(53)) - raft.server.rpc.first-election.timeout.min = 5s (fallback to raft.server.rpc.timeout.min)
2024-04-21 07:19:32,608 [80370d78-c36f-4d75-b7cb-6753407b0dff@group-12C11132411B-LeaderElection46] INFO  server.RaftServerConfigKeys (ConfUtils.java:logFallback(53)) - raft.server.rpc.first-election.timeout.max = 5200ms (fallback to raft.server.rpc.timeout.max)
2024-04-21 07:19:32,609 [80370d78-c36f-4d75-b7cb-6753407b0dff@group-0B323A473FB2-SegmentedRaftLogWorker] INFO  segmented.BufferedWriteChannel (BufferedWriteChannel.java:open(62)) - open log_inprogress_0 at position 0
2024-04-21 07:19:32,615 [80370d78-c36f-4d75-b7cb-6753407b0dff@group-77AD9CB52074-FollowerState] INFO  impl.FollowerState (FollowerState.java:run(143)) - 80370d78-c36f-4d75-b7cb-6753407b0dff@group-77AD9CB52074-FollowerState: change to CANDIDATE, lastRpcElapsedTime:5143110309ns, electionTimeout:5142ms
2024-04-21 07:19:32,615 [80370d78-c36f-4d75-b7cb-6753407b0dff@group-77AD9CB52074-FollowerState] INFO  impl.RoleInfo (RoleInfo.java:shutdownFollowerState(110)) - 80370d78-c36f-4d75-b7cb-6753407b0dff: shutdown 80370d78-c36f-4d75-b7cb-6753407b0dff@group-77AD9CB52074-FollowerState
2024-04-21 07:19:32,615 [80370d78-c36f-4d75-b7cb-6753407b0dff@group-77AD9CB52074-FollowerState] INFO  server.RaftServer$Division (RaftServerImpl.java:setRole(383)) - 80370d78-c36f-4d75-b7cb-6753407b0dff@group-77AD9CB52074: changes role from  FOLLOWER to CANDIDATE at term 0 for changeToCandidate
2024-04-21 07:19:32,615 [80370d78-c36f-4d75-b7cb-6753407b0dff@group-77AD9CB52074-FollowerState] INFO  server.RaftServerConfigKeys (ConfUtils.java:logGet(46)) - raft.server.leaderelection.pre-vote = true (default)
2024-04-21 07:19:32,615 [80370d78-c36f-4d75-b7cb-6753407b0dff@group-77AD9CB52074-FollowerState] INFO  impl.RoleInfo (RoleInfo.java:updateAndGet(139)) - 80370d78-c36f-4d75-b7cb-6753407b0dff: start 80370d78-c36f-4d75-b7cb-6753407b0dff@group-77AD9CB52074-LeaderElection47
2024-04-21 07:19:32,616 [80370d78-c36f-4d75-b7cb-6753407b0dff@group-0B323A473FB2-SegmentedRaftLogWorker] INFO  segmented.SegmentedRaftLogWorker (SegmentedRaftLogWorker.java:execute(634)) - 80370d78-c36f-4d75-b7cb-6753407b0dff@group-0B323A473FB2-SegmentedRaftLogWorker: created new log segment /home/runner/work/ozone/ozone/hadoop-ozone/integration-test/target/test-dir/MiniOzoneClusterImpl-ed39ddd9-82bf-4bf6-8741-acb42c98007c/ozone-meta/datanode-5/ratis/a896e64e-f27b-41e6-b4a0-0b323a473fb2/current/log_inprogress_0
2024-04-21 07:19:32,617 [33d4fa9a-f1b5-45a2-9ce3-43c86fd82df2@group-0B323A473FB2-SegmentedRaftLogWorker] INFO  segmented.SegmentedRaftLogWorker (SegmentedRaftLogWorker.java:execute(634)) - 33d4fa9a-f1b5-45a2-9ce3-43c86fd82df2@group-0B323A473FB2-SegmentedRaftLogWorker: created new log segment /home/runner/work/ozone/ozone/hadoop-ozone/integration-test/target/test-dir/MiniOzoneClusterImpl-ed39ddd9-82bf-4bf6-8741-acb42c98007c/ozone-meta/datanode-2/ratis/a896e64e-f27b-41e6-b4a0-0b323a473fb2/current/log_inprogress_0
2024-04-21 07:19:32,617 [80370d78-c36f-4d75-b7cb-6753407b0dff@group-77AD9CB52074-LeaderElection47] INFO  impl.LeaderElection (LeaderElection.java:askForVotes(321)) - 80370d78-c36f-4d75-b7cb-6753407b0dff@group-77AD9CB52074-LeaderElection47 PRE_VOTE round 0: submit vote requests at term 0 for -1: peers:[9387e6e8-bf6d-4d10-9dc1-f1bd05fc02cf|10.1.0.102:15120, 80370d78-c36f-4d75-b7cb-6753407b0dff|10.1.0.102:15156, 33d4fa9a-f1b5-45a2-9ce3-43c86fd82df2|10.1.0.102:15129]|listeners:[], old=null
2024-04-21 07:19:32,619 [80370d78-c36f-4d75-b7cb-6753407b0dff@group-77AD9CB52074-LeaderElection47] INFO  server.RaftServerConfigKeys (ConfUtils.java:logFallback(53)) - raft.server.rpc.first-election.timeout.min = 5s (fallback to raft.server.rpc.timeout.min)
2024-04-21 07:19:32,620 [grpc-default-executor-6] INFO  server.RaftServer$Division (RaftServerImpl.java:requestVote(1389)) - 9387e6e8-bf6d-4d10-9dc1-f1bd05fc02cf@group-12C11132411B: receive requestVote(PRE_VOTE, 80370d78-c36f-4d75-b7cb-6753407b0dff, group-12C11132411B, 0, (t:0, i:0))
2024-04-21 07:19:32,620 [33d4fa9a-f1b5-45a2-9ce3-43c86fd82df2@group-12C11132411B-FollowerState] INFO  impl.FollowerState (FollowerState.java:run(143)) - 33d4fa9a-f1b5-45a2-9ce3-43c86fd82df2@group-12C11132411B-FollowerState: change to CANDIDATE, lastRpcElapsedTime:5184454703ns, electionTimeout:5184ms
2024-04-21 07:19:32,620 [33d4fa9a-f1b5-45a2-9ce3-43c86fd82df2@group-12C11132411B-FollowerState] INFO  impl.RoleInfo (RoleInfo.java:shutdownFollowerState(110)) - 33d4fa9a-f1b5-45a2-9ce3-43c86fd82df2: shutdown 33d4fa9a-f1b5-45a2-9ce3-43c86fd82df2@group-12C11132411B-FollowerState
2024-04-21 07:19:32,620 [33d4fa9a-f1b5-45a2-9ce3-43c86fd82df2@group-12C11132411B-FollowerState] INFO  server.RaftServer$Division (RaftServerImpl.java:setRole(383)) - 33d4fa9a-f1b5-45a2-9ce3-43c86fd82df2@group-12C11132411B: changes role from  FOLLOWER to CANDIDATE at term 0 for changeToCandidate
2024-04-21 07:19:32,620 [33d4fa9a-f1b5-45a2-9ce3-43c86fd82df2@group-12C11132411B-FollowerState] INFO  server.RaftServerConfigKeys (ConfUtils.java:logGet(46)) - raft.server.leaderelection.pre-vote = true (default)
2024-04-21 07:19:32,620 [33d4fa9a-f1b5-45a2-9ce3-43c86fd82df2@group-12C11132411B-FollowerState] INFO  impl.RoleInfo (RoleInfo.java:updateAndGet(139)) - 33d4fa9a-f1b5-45a2-9ce3-43c86fd82df2: start 33d4fa9a-f1b5-45a2-9ce3-43c86fd82df2@group-12C11132411B-LeaderElection48
2024-04-21 07:19:32,620 [grpc-default-executor-5] INFO  server.RaftServer$Division (RaftServerImpl.java:requestVote(1389)) - 9387e6e8-bf6d-4d10-9dc1-f1bd05fc02cf@group-77AD9CB52074: receive requestVote(PRE_VOTE, 80370d78-c36f-4d75-b7cb-6753407b0dff, group-77AD9CB52074, 0, (t:0, i:0))
2024-04-21 07:19:32,620 [grpc-default-executor-5] INFO  impl.VoteContext (VoteContext.java:log(49)) - 9387e6e8-bf6d-4d10-9dc1-f1bd05fc02cf@group-77AD9CB52074-FOLLOWER: accept PRE_VOTE from 80370d78-c36f-4d75-b7cb-6753407b0dff: our priority 0 <= candidate's priority 1
2024-04-21 07:19:32,620 [grpc-default-executor-4] INFO  server.RaftServer$Division (RaftServerImpl.java:requestVote(1389)) - 33d4fa9a-f1b5-45a2-9ce3-43c86fd82df2@group-12C11132411B: receive requestVote(PRE_VOTE, 80370d78-c36f-4d75-b7cb-6753407b0dff, group-12C11132411B, 0, (t:0, i:0))
2024-04-21 07:19:32,620 [80370d78-c36f-4d75-b7cb-6753407b0dff@group-77AD9CB52074-LeaderElection47] INFO  server.RaftServerConfigKeys (ConfUtils.java:logFallback(53)) - raft.server.rpc.first-election.timeout.max = 5200ms (fallback to raft.server.rpc.timeout.max)
2024-04-21 07:19:32,621 [grpc-default-executor-4] INFO  impl.VoteContext (VoteContext.java:log(49)) - 33d4fa9a-f1b5-45a2-9ce3-43c86fd82df2@group-12C11132411B-CANDIDATE: reject PRE_VOTE from 80370d78-c36f-4d75-b7cb-6753407b0dff: our priority 1 > candidate's priority 0
2024-04-21 07:19:32,621 [grpc-default-executor-4] INFO  server.RaftServer$Division (RaftServerImpl.java:requestVote(1422)) - 33d4fa9a-f1b5-45a2-9ce3-43c86fd82df2@group-12C11132411B replies to PRE_VOTE vote request: 80370d78-c36f-4d75-b7cb-6753407b0dff<-33d4fa9a-f1b5-45a2-9ce3-43c86fd82df2#0:FAIL-t0. Peer's state: 33d4fa9a-f1b5-45a2-9ce3-43c86fd82df2@group-12C11132411B:t0, leader=null, voted=, raftlog=Memoized:33d4fa9a-f1b5-45a2-9ce3-43c86fd82df2@group-12C11132411B-SegmentedRaftLog:OPENED:c-1, conf=-1: peers:[9387e6e8-bf6d-4d10-9dc1-f1bd05fc02cf|10.1.0.102:15120, 80370d78-c36f-4d75-b7cb-6753407b0dff|10.1.0.102:15156, 33d4fa9a-f1b5-45a2-9ce3-43c86fd82df2|10.1.0.102:15129]|listeners:[], old=null
2024-04-21 07:19:32,623 [33d4fa9a-f1b5-45a2-9ce3-43c86fd82df2@group-12C11132411B-LeaderElection48] INFO  impl.LeaderElection (LeaderElection.java:askForVotes(321)) - 33d4fa9a-f1b5-45a2-9ce3-43c86fd82df2@group-12C11132411B-LeaderElection48 PRE_VOTE round 0: submit vote requests at term 0 for -1: peers:[9387e6e8-bf6d-4d10-9dc1-f1bd05fc02cf|10.1.0.102:15120, 80370d78-c36f-4d75-b7cb-6753407b0dff|10.1.0.102:15156, 33d4fa9a-f1b5-45a2-9ce3-43c86fd82df2|10.1.0.102:15129]|listeners:[], old=null
2024-04-21 07:19:32,621 [a45323a7-bc80-446e-b427-0ffb34a72641@group-0B323A473FB2-StateMachineUpdater] INFO  server.RaftServer$Division (LeaderStateImpl.java:isApplied(320)) - leader is ready since appliedIndex == 0 >= startIndex == 0
2024-04-21 07:19:32,620 [grpc-default-executor-5] INFO  server.RaftServer$Division (RaftServerImpl.java:requestVote(1422)) - 9387e6e8-bf6d-4d10-9dc1-f1bd05fc02cf@group-77AD9CB52074 replies to PRE_VOTE vote request: 80370d78-c36f-4d75-b7cb-6753407b0dff<-9387e6e8-bf6d-4d10-9dc1-f1bd05fc02cf#0:OK-t0. Peer's state: 9387e6e8-bf6d-4d10-9dc1-f1bd05fc02cf@group-77AD9CB52074:t0, leader=null, voted=, raftlog=Memoized:9387e6e8-bf6d-4d10-9dc1-f1bd05fc02cf@group-77AD9CB52074-SegmentedRaftLog:OPENED:c-1, conf=-1: peers:[9387e6e8-bf6d-4d10-9dc1-f1bd05fc02cf|10.1.0.102:15120, 80370d78-c36f-4d75-b7cb-6753407b0dff|10.1.0.102:15156, 33d4fa9a-f1b5-45a2-9ce3-43c86fd82df2|10.1.0.102:15129]|listeners:[], old=null
2024-04-21 07:19:32,620 [grpc-default-executor-6] INFO  impl.VoteContext (VoteContext.java:log(49)) - 9387e6e8-bf6d-4d10-9dc1-f1bd05fc02cf@group-12C11132411B-FOLLOWER: accept PRE_VOTE from 80370d78-c36f-4d75-b7cb-6753407b0dff: our priority 0 <= candidate's priority 0
2024-04-21 07:19:32,623 [grpc-default-executor-6] INFO  server.RaftServer$Division (RaftServerImpl.java:requestVote(1422)) - 9387e6e8-bf6d-4d10-9dc1-f1bd05fc02cf@group-12C11132411B replies to PRE_VOTE vote request: 80370d78-c36f-4d75-b7cb-6753407b0dff<-9387e6e8-bf6d-4d10-9dc1-f1bd05fc02cf#0:OK-t0. Peer's state: 9387e6e8-bf6d-4d10-9dc1-f1bd05fc02cf@group-12C11132411B:t0, leader=null, voted=, raftlog=Memoized:9387e6e8-bf6d-4d10-9dc1-f1bd05fc02cf@group-12C11132411B-SegmentedRaftLog:OPENED:c-1, conf=-1: peers:[9387e6e8-bf6d-4d10-9dc1-f1bd05fc02cf|10.1.0.102:15120, 80370d78-c36f-4d75-b7cb-6753407b0dff|10.1.0.102:15156, 33d4fa9a-f1b5-45a2-9ce3-43c86fd82df2|10.1.0.102:15129]|listeners:[], old=null
2024-04-21 07:19:32,624 [80370d78-c36f-4d75-b7cb-6753407b0dff@group-77AD9CB52074-LeaderElection47] INFO  impl.LeaderElection (LeaderElection.java:logAndReturn(89)) - 80370d78-c36f-4d75-b7cb-6753407b0dff@group-77AD9CB52074-LeaderElection47: PRE_VOTE PASSED received 1 response(s) and 0 exception(s):
2024-04-21 07:19:32,624 [80370d78-c36f-4d75-b7cb-6753407b0dff@group-77AD9CB52074-LeaderElection47] INFO  impl.LeaderElection (LeaderElection.java:logAndReturn(93)) -   Response 0: 80370d78-c36f-4d75-b7cb-6753407b0dff<-9387e6e8-bf6d-4d10-9dc1-f1bd05fc02cf#0:OK-t0
2024-04-21 07:19:32,624 [80370d78-c36f-4d75-b7cb-6753407b0dff@group-77AD9CB52074-LeaderElection47] INFO  impl.LeaderElection (LeaderElection.java:askForVotes(323)) - 80370d78-c36f-4d75-b7cb-6753407b0dff@group-77AD9CB52074-LeaderElection47 PRE_VOTE round 0: result PASSED
2024-04-21 07:19:32,624 [80370d78-c36f-4d75-b7cb-6753407b0dff@group-12C11132411B-LeaderElection46] INFO  impl.LeaderElection (LeaderElection.java:logAndReturn(89)) - 80370d78-c36f-4d75-b7cb-6753407b0dff@group-12C11132411B-LeaderElection46: PRE_VOTE REJECTED received 1 response(s) and 0 exception(s):
2024-04-21 07:19:32,625 [80370d78-c36f-4d75-b7cb-6753407b0dff@group-12C11132411B-LeaderElection46] INFO  impl.LeaderElection (LeaderElection.java:logAndReturn(93)) -   Response 0: 80370d78-c36f-4d75-b7cb-6753407b0dff<-33d4fa9a-f1b5-45a2-9ce3-43c86fd82df2#0:FAIL-t0
2024-04-21 07:19:32,625 [80370d78-c36f-4d75-b7cb-6753407b0dff@group-12C11132411B-LeaderElection46] INFO  impl.LeaderElection (LeaderElection.java:askForVotes(323)) - 80370d78-c36f-4d75-b7cb-6753407b0dff@group-12C11132411B-LeaderElection46 PRE_VOTE round 0: result REJECTED
2024-04-21 07:19:32,625 [80370d78-c36f-4d75-b7cb-6753407b0dff@group-12C11132411B-LeaderElection46] INFO  server.RaftServer$Division (RaftServerImpl.java:setRole(383)) - 80370d78-c36f-4d75-b7cb-6753407b0dff@group-12C11132411B: changes role from CANDIDATE to FOLLOWER at term 0 for REJECTED
2024-04-21 07:19:32,625 [80370d78-c36f-4d75-b7cb-6753407b0dff@group-12C11132411B-LeaderElection46] INFO  impl.RoleInfo (RoleInfo.java:shutdownLeaderElection(130)) - 80370d78-c36f-4d75-b7cb-6753407b0dff: shutdown 80370d78-c36f-4d75-b7cb-6753407b0dff@group-12C11132411B-LeaderElection46
2024-04-21 07:19:32,625 [80370d78-c36f-4d75-b7cb-6753407b0dff@group-77AD9CB52074-LeaderElection47] INFO  impl.LeaderElection (LeaderElection.java:askForVotes(321)) - 80370d78-c36f-4d75-b7cb-6753407b0dff@group-77AD9CB52074-LeaderElection47 ELECTION round 0: submit vote requests at term 1 for -1: peers:[9387e6e8-bf6d-4d10-9dc1-f1bd05fc02cf|10.1.0.102:15120, 80370d78-c36f-4d75-b7cb-6753407b0dff|10.1.0.102:15156, 33d4fa9a-f1b5-45a2-9ce3-43c86fd82df2|10.1.0.102:15129]|listeners:[], old=null
2024-04-21 07:19:32,627 [grpc-default-executor-6] INFO  server.RaftServer$Division (RaftServerImpl.java:requestVote(1389)) - 9387e6e8-bf6d-4d10-9dc1-f1bd05fc02cf@group-12C11132411B: receive requestVote(PRE_VOTE, 33d4fa9a-f1b5-45a2-9ce3-43c86fd82df2, group-12C11132411B, 0, (t:0, i:0))
2024-04-21 07:19:32,627 [grpc-default-executor-5] INFO  server.RaftServer$Division (RaftServerImpl.java:requestVote(1389)) - 33d4fa9a-f1b5-45a2-9ce3-43c86fd82df2@group-77AD9CB52074: receive requestVote(PRE_VOTE, 80370d78-c36f-4d75-b7cb-6753407b0dff, group-77AD9CB52074, 0, (t:0, i:0))
2024-04-21 07:19:32,627 [grpc-default-executor-6] INFO  impl.VoteContext (VoteContext.java:log(49)) - 9387e6e8-bf6d-4d10-9dc1-f1bd05fc02cf@group-12C11132411B-FOLLOWER: accept PRE_VOTE from 33d4fa9a-f1b5-45a2-9ce3-43c86fd82df2: our priority 0 <= candidate's priority 1
2024-04-21 07:19:32,627 [grpc-default-executor-5] INFO  impl.VoteContext (VoteContext.java:log(49)) - 33d4fa9a-f1b5-45a2-9ce3-43c86fd82df2@group-77AD9CB52074-FOLLOWER: accept PRE_VOTE from 80370d78-c36f-4d75-b7cb-6753407b0dff: our priority 0 <= candidate's priority 1
2024-04-21 07:19:32,627 [grpc-default-executor-6] INFO  server.RaftServer$Division (RaftServerImpl.java:requestVote(1422)) - 9387e6e8-bf6d-4d10-9dc1-f1bd05fc02cf@group-12C11132411B replies to PRE_VOTE vote request: 33d4fa9a-f1b5-45a2-9ce3-43c86fd82df2<-9387e6e8-bf6d-4d10-9dc1-f1bd05fc02cf#0:OK-t0. Peer's state: 9387e6e8-bf6d-4d10-9dc1-f1bd05fc02cf@group-12C11132411B:t0, leader=null, voted=, raftlog=Memoized:9387e6e8-bf6d-4d10-9dc1-f1bd05fc02cf@group-12C11132411B-SegmentedRaftLog:OPENED:c-1, conf=-1: peers:[9387e6e8-bf6d-4d10-9dc1-f1bd05fc02cf|10.1.0.102:15120, 80370d78-c36f-4d75-b7cb-6753407b0dff|10.1.0.102:15156, 33d4fa9a-f1b5-45a2-9ce3-43c86fd82df2|10.1.0.102:15129]|listeners:[], old=null
2024-04-21 07:19:32,627 [grpc-default-executor-5] INFO  server.RaftServer$Division (RaftServerImpl.java:requestVote(1422)) - 33d4fa9a-f1b5-45a2-9ce3-43c86fd82df2@group-77AD9CB52074 replies to PRE_VOTE vote request: 80370d78-c36f-4d75-b7cb-6753407b0dff<-33d4fa9a-f1b5-45a2-9ce3-43c86fd82df2#0:OK-t0. Peer's state: 33d4fa9a-f1b5-45a2-9ce3-43c86fd82df2@group-77AD9CB52074:t0, leader=null, voted=, raftlog=Memoized:33d4fa9a-f1b5-45a2-9ce3-43c86fd82df2@group-77AD9CB52074-SegmentedRaftLog:OPENED:c-1, conf=-1: peers:[9387e6e8-bf6d-4d10-9dc1-f1bd05fc02cf|10.1.0.102:15120, 80370d78-c36f-4d75-b7cb-6753407b0dff|10.1.0.102:15156, 33d4fa9a-f1b5-45a2-9ce3-43c86fd82df2|10.1.0.102:15129]|listeners:[], old=null
2024-04-21 07:19:32,635 [9387e6e8-bf6d-4d10-9dc1-f1bd05fc02cf@group-77AD9CB52074-FollowerState] INFO  server.RaftServerConfigKeys (ConfUtils.java:logFallback(53)) - raft.server.rpc.first-election.timeout.min = 5s (fallback to raft.server.rpc.timeout.min)
2024-04-21 07:19:32,635 [9387e6e8-bf6d-4d10-9dc1-f1bd05fc02cf@group-77AD9CB52074-FollowerState] INFO  server.RaftServerConfigKeys (ConfUtils.java:logFallback(53)) - raft.server.rpc.first-election.timeout.max = 5200ms (fallback to raft.server.rpc.timeout.max)
2024-04-21 07:19:32,635 [33d4fa9a-f1b5-45a2-9ce3-43c86fd82df2@group-12C11132411B-LeaderElection48] INFO  server.RaftServerConfigKeys (ConfUtils.java:logFallback(53)) - raft.server.rpc.first-election.timeout.min = 5s (fallback to raft.server.rpc.timeout.min)
2024-04-21 07:19:32,635 [33d4fa9a-f1b5-45a2-9ce3-43c86fd82df2@group-12C11132411B-LeaderElection48] INFO  server.RaftServerConfigKeys (ConfUtils.java:logFallback(53)) - raft.server.rpc.first-election.timeout.max = 5200ms (fallback to raft.server.rpc.timeout.max)
2024-04-21 07:19:32,636 [grpc-default-executor-5] INFO  server.RaftServer$Division (RaftServerImpl.java:requestVote(1389)) - 80370d78-c36f-4d75-b7cb-6753407b0dff@group-12C11132411B: receive requestVote(PRE_VOTE, 33d4fa9a-f1b5-45a2-9ce3-43c86fd82df2, group-12C11132411B, 0, (t:0, i:0))
2024-04-21 07:19:32,637 [80370d78-c36f-4d75-b7cb-6753407b0dff@group-12C11132411B-LeaderElection46] INFO  impl.RoleInfo (RoleInfo.java:updateAndGet(139)) - 80370d78-c36f-4d75-b7cb-6753407b0dff: start 80370d78-c36f-4d75-b7cb-6753407b0dff@group-12C11132411B-FollowerState
2024-04-21 07:19:32,638 [grpc-default-executor-6] INFO  server.RaftServer$Division (RaftServerImpl.java:requestVote(1389)) - 9387e6e8-bf6d-4d10-9dc1-f1bd05fc02cf@group-77AD9CB52074: receive requestVote(ELECTION, 80370d78-c36f-4d75-b7cb-6753407b0dff, group-77AD9CB52074, 1, (t:0, i:0))
2024-04-21 07:19:32,638 [grpc-default-executor-6] INFO  impl.VoteContext (VoteContext.java:log(49)) - 9387e6e8-bf6d-4d10-9dc1-f1bd05fc02cf@group-77AD9CB52074-FOLLOWER: accept ELECTION from 80370d78-c36f-4d75-b7cb-6753407b0dff: our priority 0 <= candidate's priority 1
2024-04-21 07:19:32,638 [grpc-default-executor-6] INFO  server.RaftServer$Division (RaftServerImpl.java:setRole(383)) - 9387e6e8-bf6d-4d10-9dc1-f1bd05fc02cf@group-77AD9CB52074: changes role from  FOLLOWER to FOLLOWER at term 1 for candidate:80370d78-c36f-4d75-b7cb-6753407b0dff
2024-04-21 07:19:32,639 [grpc-default-executor-6] INFO  impl.RoleInfo (RoleInfo.java:shutdownFollowerState(110)) - 9387e6e8-bf6d-4d10-9dc1-f1bd05fc02cf: shutdown 9387e6e8-bf6d-4d10-9dc1-f1bd05fc02cf@group-77AD9CB52074-FollowerState
2024-04-21 07:19:32,644 [80370d78-c36f-4d75-b7cb-6753407b0dff@group-77AD9CB52074-LeaderElection47] INFO  server.RaftServerConfigKeys (ConfUtils.java:logFallback(53)) - raft.server.rpc.first-election.timeout.min = 5s (fallback to raft.server.rpc.timeout.min)
2024-04-21 07:19:32,644 [80370d78-c36f-4d75-b7cb-6753407b0dff@group-77AD9CB52074-LeaderElection47] INFO  server.RaftServerConfigKeys (ConfUtils.java:logFallback(53)) - raft.server.rpc.first-election.timeout.max = 5200ms (fallback to raft.server.rpc.timeout.max)
2024-04-21 07:19:32,645 [9387e6e8-bf6d-4d10-9dc1-f1bd05fc02cf@group-12C11132411B-FollowerState] INFO  server.RaftServerConfigKeys (ConfUtils.java:logFallback(53)) - raft.server.rpc.first-election.timeout.min = 5s (fallback to raft.server.rpc.timeout.min)
2024-04-21 07:19:32,645 [80370d78-c36f-4d75-b7cb-6753407b0dff@group-12C11132411B-LeaderElection46] INFO  server.RaftServer$Division (RaftServerImpl.java:setFirstElection(574)) - 80370d78-c36f-4d75-b7cb-6753407b0dff@group-12C11132411B: set firstElectionSinceStartup to false for REJECTED
2024-04-21 07:19:32,645 [9387e6e8-bf6d-4d10-9dc1-f1bd05fc02cf@group-77AD9CB52074-FollowerState] INFO  impl.FollowerState (FollowerState.java:run(152)) - 9387e6e8-bf6d-4d10-9dc1-f1bd05fc02cf@group-77AD9CB52074-FollowerState was interrupted
2024-04-21 07:19:32,645 [9387e6e8-bf6d-4d10-9dc1-f1bd05fc02cf@group-12C11132411B-FollowerState] INFO  server.RaftServerConfigKeys (ConfUtils.java:logFallback(53)) - raft.server.rpc.first-election.timeout.max = 5200ms (fallback to raft.server.rpc.timeout.max)
2024-04-21 07:19:32,646 [grpc-default-executor-6] INFO  impl.RoleInfo (RoleInfo.java:updateAndGet(139)) - 9387e6e8-bf6d-4d10-9dc1-f1bd05fc02cf: start 9387e6e8-bf6d-4d10-9dc1-f1bd05fc02cf@group-77AD9CB52074-FollowerState
2024-04-21 07:19:32,646 [grpc-default-executor-5] INFO  impl.VoteContext (VoteContext.java:log(49)) - 80370d78-c36f-4d75-b7cb-6753407b0dff@group-12C11132411B-FOLLOWER: accept PRE_VOTE from 33d4fa9a-f1b5-45a2-9ce3-43c86fd82df2: our priority 0 <= candidate's priority 1
2024-04-21 07:19:32,646 [33d4fa9a-f1b5-45a2-9ce3-43c86fd82df2@group-12C11132411B-LeaderElection48] INFO  impl.LeaderElection (LeaderElection.java:logAndReturn(89)) - 33d4fa9a-f1b5-45a2-9ce3-43c86fd82df2@group-12C11132411B-LeaderElection48: PRE_VOTE PASSED received 1 response(s) and 0 exception(s):
2024-04-21 07:19:32,646 [grpc-default-executor-5] INFO  server.RaftServer$Division (RaftServerImpl.java:requestVote(1422)) - 80370d78-c36f-4d75-b7cb-6753407b0dff@group-12C11132411B replies to PRE_VOTE vote request: 33d4fa9a-f1b5-45a2-9ce3-43c86fd82df2<-80370d78-c36f-4d75-b7cb-6753407b0dff#0:OK-t0. Peer's state: 80370d78-c36f-4d75-b7cb-6753407b0dff@group-12C11132411B:t0, leader=null, voted=, raftlog=Memoized:80370d78-c36f-4d75-b7cb-6753407b0dff@group-12C11132411B-SegmentedRaftLog:OPENED:c-1, conf=-1: peers:[9387e6e8-bf6d-4d10-9dc1-f1bd05fc02cf|10.1.0.102:15120, 80370d78-c36f-4d75-b7cb-6753407b0dff|10.1.0.102:15156, 33d4fa9a-f1b5-45a2-9ce3-43c86fd82df2|10.1.0.102:15129]|listeners:[], old=null
2024-04-21 07:19:32,646 [33d4fa9a-f1b5-45a2-9ce3-43c86fd82df2@group-12C11132411B-LeaderElection48] INFO  impl.LeaderElection (LeaderElection.java:logAndReturn(93)) -   Response 0: 33d4fa9a-f1b5-45a2-9ce3-43c86fd82df2<-9387e6e8-bf6d-4d10-9dc1-f1bd05fc02cf#0:OK-t0
2024-04-21 07:19:32,650 [grpc-default-executor-6] INFO  server.RaftServer$Division (RaftServerImpl.java:setFirstElection(574)) - 9387e6e8-bf6d-4d10-9dc1-f1bd05fc02cf@group-77AD9CB52074: set firstElectionSinceStartup to false for candidate:80370d78-c36f-4d75-b7cb-6753407b0dff
2024-04-21 07:19:32,650 [33d4fa9a-f1b5-45a2-9ce3-43c86fd82df2@group-12C11132411B-LeaderElection48] INFO  impl.LeaderElection (LeaderElection.java:askForVotes(323)) - 33d4fa9a-f1b5-45a2-9ce3-43c86fd82df2@group-12C11132411B-LeaderElection48 PRE_VOTE round 0: result PASSED
2024-04-21 07:19:32,651 [grpc-default-executor-5] INFO  server.RaftServer$Division (RaftServerImpl.java:requestVote(1389)) - 33d4fa9a-f1b5-45a2-9ce3-43c86fd82df2@group-77AD9CB52074: receive requestVote(ELECTION, 80370d78-c36f-4d75-b7cb-6753407b0dff, group-77AD9CB52074, 1, (t:0, i:0))
2024-04-21 07:19:32,651 [grpc-default-executor-5] INFO  impl.VoteContext (VoteContext.java:log(49)) - 33d4fa9a-f1b5-45a2-9ce3-43c86fd82df2@group-77AD9CB52074-FOLLOWER: accept ELECTION from 80370d78-c36f-4d75-b7cb-6753407b0dff: our priority 0 <= candidate's priority 1
2024-04-21 07:19:32,651 [grpc-default-executor-5] INFO  server.RaftServer$Division (RaftServerImpl.java:setRole(383)) - 33d4fa9a-f1b5-45a2-9ce3-43c86fd82df2@group-77AD9CB52074: changes role from  FOLLOWER to FOLLOWER at term 1 for candidate:80370d78-c36f-4d75-b7cb-6753407b0dff
2024-04-21 07:19:32,651 [grpc-default-executor-5] INFO  impl.RoleInfo (RoleInfo.java:shutdownFollowerState(110)) - 33d4fa9a-f1b5-45a2-9ce3-43c86fd82df2: shutdown 33d4fa9a-f1b5-45a2-9ce3-43c86fd82df2@group-77AD9CB52074-FollowerState
2024-04-21 07:19:32,651 [grpc-default-executor-5] INFO  impl.RoleInfo (RoleInfo.java:updateAndGet(139)) - 33d4fa9a-f1b5-45a2-9ce3-43c86fd82df2: start 33d4fa9a-f1b5-45a2-9ce3-43c86fd82df2@group-77AD9CB52074-FollowerState
2024-04-21 07:19:32,651 [33d4fa9a-f1b5-45a2-9ce3-43c86fd82df2@group-77AD9CB52074-FollowerState] INFO  impl.FollowerState (FollowerState.java:run(152)) - 33d4fa9a-f1b5-45a2-9ce3-43c86fd82df2@group-77AD9CB52074-FollowerState was interrupted
2024-04-21 07:19:32,651 [33d4fa9a-f1b5-45a2-9ce3-43c86fd82df2@group-12C11132411B-LeaderElection48] INFO  impl.LeaderElection (LeaderElection.java:askForVotes(321)) - 33d4fa9a-f1b5-45a2-9ce3-43c86fd82df2@group-12C11132411B-LeaderElection48 ELECTION round 0: submit vote requests at term 1 for -1: peers:[9387e6e8-bf6d-4d10-9dc1-f1bd05fc02cf|10.1.0.102:15120, 80370d78-c36f-4d75-b7cb-6753407b0dff|10.1.0.102:15156, 33d4fa9a-f1b5-45a2-9ce3-43c86fd82df2|10.1.0.102:15129]|listeners:[], old=null
2024-04-21 07:19:32,652 [grpc-default-executor-6] INFO  server.RaftServer$Division (RaftServerImpl.java:requestVote(1422)) - 9387e6e8-bf6d-4d10-9dc1-f1bd05fc02cf@group-77AD9CB52074 replies to ELECTION vote request: 80370d78-c36f-4d75-b7cb-6753407b0dff<-9387e6e8-bf6d-4d10-9dc1-f1bd05fc02cf#0:OK-t1. Peer's state: 9387e6e8-bf6d-4d10-9dc1-f1bd05fc02cf@group-77AD9CB52074:t1, leader=null, voted=80370d78-c36f-4d75-b7cb-6753407b0dff, raftlog=Memoized:9387e6e8-bf6d-4d10-9dc1-f1bd05fc02cf@group-77AD9CB52074-SegmentedRaftLog:OPENED:c-1, conf=-1: peers:[9387e6e8-bf6d-4d10-9dc1-f1bd05fc02cf|10.1.0.102:15120, 80370d78-c36f-4d75-b7cb-6753407b0dff|10.1.0.102:15156, 33d4fa9a-f1b5-45a2-9ce3-43c86fd82df2|10.1.0.102:15129]|listeners:[], old=null
2024-04-21 07:19:32,653 [80370d78-c36f-4d75-b7cb-6753407b0dff@group-77AD9CB52074-LeaderElection47] INFO  impl.LeaderElection (LeaderElection.java:logAndReturn(89)) - 80370d78-c36f-4d75-b7cb-6753407b0dff@group-77AD9CB52074-LeaderElection47: ELECTION PASSED received 1 response(s) and 0 exception(s):
2024-04-21 07:19:32,653 [80370d78-c36f-4d75-b7cb-6753407b0dff@group-77AD9CB52074-LeaderElection47] INFO  impl.LeaderElection (LeaderElection.java:logAndReturn(93)) -   Response 0: 80370d78-c36f-4d75-b7cb-6753407b0dff<-9387e6e8-bf6d-4d10-9dc1-f1bd05fc02cf#0:OK-t1
2024-04-21 07:19:32,653 [80370d78-c36f-4d75-b7cb-6753407b0dff@group-77AD9CB52074-LeaderElection47] INFO  impl.LeaderElection (LeaderElection.java:askForVotes(323)) - 80370d78-c36f-4d75-b7cb-6753407b0dff@group-77AD9CB52074-LeaderElection47 ELECTION round 0: result PASSED
2024-04-21 07:19:32,653 [33d4fa9a-f1b5-45a2-9ce3-43c86fd82df2@group-12C11132411B-LeaderElection48] INFO  server.RaftServerConfigKeys (ConfUtils.java:logFallback(53)) - raft.server.rpc.first-election.timeout.min = 5s (fallback to raft.server.rpc.timeout.min)
2024-04-21 07:19:32,654 [33d4fa9a-f1b5-45a2-9ce3-43c86fd82df2@group-12C11132411B-LeaderElection48] INFO  server.RaftServerConfigKeys (ConfUtils.java:logFallback(53)) - raft.server.rpc.first-election.timeout.max = 5200ms (fallback to raft.server.rpc.timeout.max)
2024-04-21 07:19:32,654 [grpc-default-executor-5] INFO  server.RaftServer$Division (RaftServerImpl.java:requestVote(1422)) - 33d4fa9a-f1b5-45a2-9ce3-43c86fd82df2@group-77AD9CB52074 replies to ELECTION vote request: 80370d78-c36f-4d75-b7cb-6753407b0dff<-33d4fa9a-f1b5-45a2-9ce3-43c86fd82df2#0:OK-t1. Peer's state: 33d4fa9a-f1b5-45a2-9ce3-43c86fd82df2@group-77AD9CB52074:t1, leader=null, voted=80370d78-c36f-4d75-b7cb-6753407b0dff, raftlog=Memoized:33d4fa9a-f1b5-45a2-9ce3-43c86fd82df2@group-77AD9CB52074-SegmentedRaftLog:OPENED:c-1, conf=-1: peers:[9387e6e8-bf6d-4d10-9dc1-f1bd05fc02cf|10.1.0.102:15120, 80370d78-c36f-4d75-b7cb-6753407b0dff|10.1.0.102:15156, 33d4fa9a-f1b5-45a2-9ce3-43c86fd82df2|10.1.0.102:15129]|listeners:[], old=null
2024-04-21 07:19:32,654 [grpc-default-executor-6] INFO  server.RaftServer$Division (RaftServerImpl.java:requestVote(1389)) - 9387e6e8-bf6d-4d10-9dc1-f1bd05fc02cf@group-12C11132411B: receive requestVote(ELECTION, 33d4fa9a-f1b5-45a2-9ce3-43c86fd82df2, group-12C11132411B, 1, (t:0, i:0))
2024-04-21 07:19:32,654 [grpc-default-executor-6] INFO  impl.VoteContext (VoteContext.java:log(49)) - 9387e6e8-bf6d-4d10-9dc1-f1bd05fc02cf@group-12C11132411B-FOLLOWER: accept ELECTION from 33d4fa9a-f1b5-45a2-9ce3-43c86fd82df2: our priority 0 <= candidate's priority 1
2024-04-21 07:19:32,654 [grpc-default-executor-6] INFO  server.RaftServer$Division (RaftServerImpl.java:setRole(383)) - 9387e6e8-bf6d-4d10-9dc1-f1bd05fc02cf@group-12C11132411B: changes role from  FOLLOWER to FOLLOWER at term 1 for candidate:33d4fa9a-f1b5-45a2-9ce3-43c86fd82df2
2024-04-21 07:19:32,654 [grpc-default-executor-6] INFO  impl.RoleInfo (RoleInfo.java:shutdownFollowerState(110)) - 9387e6e8-bf6d-4d10-9dc1-f1bd05fc02cf: shutdown 9387e6e8-bf6d-4d10-9dc1-f1bd05fc02cf@group-12C11132411B-FollowerState
2024-04-21 07:19:32,655 [grpc-default-executor-6] INFO  impl.RoleInfo (RoleInfo.java:updateAndGet(139)) - 9387e6e8-bf6d-4d10-9dc1-f1bd05fc02cf: start 9387e6e8-bf6d-4d10-9dc1-f1bd05fc02cf@group-12C11132411B-FollowerState
2024-04-21 07:19:32,654 [80370d78-c36f-4d75-b7cb-6753407b0dff@group-77AD9CB52074-LeaderElection47] INFO  impl.RoleInfo (RoleInfo.java:shutdownLeaderElection(130)) - 80370d78-c36f-4d75-b7cb-6753407b0dff: shutdown 80370d78-c36f-4d75-b7cb-6753407b0dff@group-77AD9CB52074-LeaderElection47
2024-04-21 07:19:32,655 [9387e6e8-bf6d-4d10-9dc1-f1bd05fc02cf@group-12C11132411B-FollowerState] INFO  impl.FollowerState (FollowerState.java:run(152)) - 9387e6e8-bf6d-4d10-9dc1-f1bd05fc02cf@group-12C11132411B-FollowerState was interrupted
2024-04-21 07:19:32,655 [80370d78-c36f-4d75-b7cb-6753407b0dff@group-77AD9CB52074-LeaderElection47] INFO  server.RaftServer$Division (RaftServerImpl.java:setRole(383)) - 80370d78-c36f-4d75-b7cb-6753407b0dff@group-77AD9CB52074: changes role from CANDIDATE to LEADER at term 1 for changeToLeader
2024-04-21 07:19:32,655 [80370d78-c36f-4d75-b7cb-6753407b0dff@group-77AD9CB52074-LeaderElection47] INFO  server.RaftServerConfigKeys (ConfUtils.java:logGet(46)) - raft.server.staging.catchup.gap = 1000 (default)
2024-04-21 07:19:32,656 [grpc-default-executor-6] INFO  server.RaftServer$Division (RaftServerImpl.java:setFirstElection(574)) - 9387e6e8-bf6d-4d10-9dc1-f1bd05fc02cf@group-12C11132411B: set firstElectionSinceStartup to false for candidate:33d4fa9a-f1b5-45a2-9ce3-43c86fd82df2
2024-04-21 07:19:32,656 [80370d78-c36f-4d75-b7cb-6753407b0dff@group-77AD9CB52074-LeaderElection47] INFO  server.RaftServerConfigKeys (ConfUtils.java:logGet(46)) - raft.server.write.element-limit = 1024 (custom)
2024-04-21 07:19:32,656 [80370d78-c36f-4d75-b7cb-6753407b0dff@group-77AD9CB52074-LeaderElection47] INFO  server.RaftServerConfigKeys (ConfUtils.java:logGet(46)) - raft.server.write.byte-limit = 1024 M (=1073741824) (custom)
2024-04-21 07:19:32,657 [80370d78-c36f-4d75-b7cb-6753407b0dff@group-77AD9CB52074-LeaderElection47] INFO  server.RaftServerConfigKeys (ConfUtils.java:logGet(46)) - raft.server.watch.timeout = 3000ms (custom)
2024-04-21 07:19:32,657 [80370d78-c36f-4d75-b7cb-6753407b0dff@group-77AD9CB52074-LeaderElection47] INFO  server.RaftServerConfigKeys (ConfUtils.java:logGet(46)) - raft.server.watch.timeout.denomination = 1s (default)
2024-04-21 07:19:32,657 [80370d78-c36f-4d75-b7cb-6753407b0dff@group-77AD9CB52074-LeaderElection47] INFO  server.RaftServerConfigKeys (ConfUtils.java:logGet(46)) - raft.server.watch.element-limit = 65536 (default)
2024-04-21 07:19:32,657 [80370d78-c36f-4d75-b7cb-6753407b0dff@group-77AD9CB52074-LeaderElection47] INFO  server.RaftServerConfigKeys (ConfUtils.java:logGet(46)) - raft.server.read.leader.lease.enabled = false (default)
2024-04-21 07:19:32,657 [80370d78-c36f-4d75-b7cb-6753407b0dff@group-77AD9CB52074-LeaderElection47] INFO  server.RaftServerConfigKeys (ConfUtils.java:logGet(46)) - raft.server.read.leader.lease.timeout.ratio = 0.9 (default)
2024-04-21 07:19:32,657 [80370d78-c36f-4d75-b7cb-6753407b0dff@group-77AD9CB52074-LeaderElection47] INFO  server.RaftServerConfigKeys (ConfUtils.java:logGet(46)) - raft.server.rpc.timeout.min = 5s (custom)
2024-04-21 07:19:32,657 [80370d78-c36f-4d75-b7cb-6753407b0dff@group-77AD9CB52074-LeaderElection47] INFO  server.RaftServerConfigKeys (ConfUtils.java:logGet(46)) - raft.server.write.element-limit = 1024 (custom)
2024-04-21 07:19:32,657 [80370d78-c36f-4d75-b7cb-6753407b0dff@group-77AD9CB52074-LeaderElection47] INFO  server.RaftServerConfigKeys (ConfUtils.java:logGet(46)) - raft.server.write.follower.gap.ratio.max = -1.0 (default)
2024-04-21 07:19:32,658 [80370d78-c36f-4d75-b7cb-6753407b0dff@group-77AD9CB52074-LeaderElection47] INFO  server.RaftServerConfigKeys (ConfUtils.java:logGet(46)) - raft.server.log.appender.snapshot.chunk.size.max = 16MB (=16777216) (default)
2024-04-21 07:19:32,658 [80370d78-c36f-4d75-b7cb-6753407b0dff@group-77AD9CB52074-LeaderElection47] INFO  server.RaftServerConfigKeys (ConfUtils.java:logGet(46)) - raft.server.log.appender.buffer.byte-limit = 8388608 (custom)
2024-04-21 07:19:32,658 [80370d78-c36f-4d75-b7cb-6753407b0dff@group-77AD9CB52074-LeaderElection47] INFO  server.RaftServerConfigKeys (ConfUtils.java:logGet(46)) - raft.server.log.appender.buffer.element-limit = 1 (custom)
2024-04-21 07:19:32,658 [80370d78-c36f-4d75-b7cb-6753407b0dff@group-77AD9CB52074-LeaderElection47] INFO  server.RaftServerConfigKeys (ConfUtils.java:logGet(46)) - raft.server.log.appender.wait-time.min = 0ms (custom)
2024-04-21 07:19:32,658 [80370d78-c36f-4d75-b7cb-6753407b0dff@group-77AD9CB52074-LeaderElection47] INFO  grpc.GrpcConfigKeys (ConfUtils.java:logGet(46)) - raft.grpc.server.leader.outstanding.appends.max = 8 (default)
2024-04-21 07:19:32,663 [80370d78-c36f-4d75-b7cb-6753407b0dff@group-77AD9CB52074-LeaderElection47] INFO  server.RaftServerConfigKeys (ConfUtils.java:logGet(46)) - raft.server.rpc.request.timeout = 3000ms (default)
2024-04-21 07:19:32,663 [80370d78-c36f-4d75-b7cb-6753407b0dff@group-77AD9CB52074-LeaderElection47] INFO  grpc.GrpcConfigKeys (ConfUtils.java:logGet(46)) - raft.grpc.server.install_snapshot.request.element-limit = 8 (default)
2024-04-21 07:19:32,663 [80370d78-c36f-4d75-b7cb-6753407b0dff@group-77AD9CB52074-LeaderElection47] INFO  grpc.GrpcConfigKeys (ConfUtils.java:logGet(46)) - raft.grpc.server.install_snapshot.request.timeout = 3000ms (default)
2024-04-21 07:19:32,663 [80370d78-c36f-4d75-b7cb-6753407b0dff@group-77AD9CB52074-LeaderElection47] INFO  grpc.GrpcConfigKeys (ConfUtils.java:logGet(46)) - raft.grpc.server.log-message.batch.duration = 5s (default)
2024-04-21 07:19:32,663 [80370d78-c36f-4d75-b7cb-6753407b0dff@group-77AD9CB52074-LeaderElection47] INFO  server.RaftServerConfigKeys (ConfUtils.java:logGet(46)) - raft.server.log.appender.install.snapshot.enabled = false (custom)
2024-04-21 07:19:32,663 [80370d78-c36f-4d75-b7cb-6753407b0dff@group-77AD9CB52074-LeaderElection47] INFO  grpc.GrpcConfigKeys (ConfUtils.java:logGet(46)) - raft.grpc.server.heartbeat.channel = true (default)
2024-04-21 07:19:32,664 [80370d78-c36f-4d75-b7cb-6753407b0dff@group-77AD9CB52074-LeaderElection47] INFO  server.RaftServerConfigKeys (ConfUtils.java:logGet(46)) - raft.server.log.appender.snapshot.chunk.size.max = 16MB (=16777216) (default)
2024-04-21 07:19:32,664 [80370d78-c36f-4d75-b7cb-6753407b0dff@group-77AD9CB52074-LeaderElection47] INFO  server.RaftServerConfigKeys (ConfUtils.java:logGet(46)) - raft.server.log.appender.buffer.byte-limit = 8388608 (custom)
2024-04-21 07:19:32,664 [80370d78-c36f-4d75-b7cb-6753407b0dff@group-77AD9CB52074-LeaderElection47] INFO  server.RaftServerConfigKeys (ConfUtils.java:logGet(46)) - raft.server.log.appender.buffer.element-limit = 1 (custom)
2024-04-21 07:19:32,664 [80370d78-c36f-4d75-b7cb-6753407b0dff@group-77AD9CB52074-LeaderElection47] INFO  server.RaftServerConfigKeys (ConfUtils.java:logGet(46)) - raft.server.log.appender.wait-time.min = 0ms (custom)
2024-04-21 07:19:32,664 [80370d78-c36f-4d75-b7cb-6753407b0dff@group-77AD9CB52074-LeaderElection47] INFO  grpc.GrpcConfigKeys (ConfUtils.java:logGet(46)) - raft.grpc.server.leader.outstanding.appends.max = 8 (default)
2024-04-21 07:19:32,664 [80370d78-c36f-4d75-b7cb-6753407b0dff@group-77AD9CB52074-LeaderElection47] INFO  server.RaftServerConfigKeys (ConfUtils.java:logGet(46)) - raft.server.rpc.request.timeout = 3000ms (default)
2024-04-21 07:19:32,664 [80370d78-c36f-4d75-b7cb-6753407b0dff@group-77AD9CB52074-LeaderElection47] INFO  grpc.GrpcConfigKeys (ConfUtils.java:logGet(46)) - raft.grpc.server.install_snapshot.request.element-limit = 8 (default)
2024-04-21 07:19:32,664 [80370d78-c36f-4d75-b7cb-6753407b0dff@group-77AD9CB52074-LeaderElection47] INFO  grpc.GrpcConfigKeys (ConfUtils.java:logGet(46)) - raft.grpc.server.install_snapshot.request.timeout = 3000ms (default)
2024-04-21 07:19:32,664 [80370d78-c36f-4d75-b7cb-6753407b0dff@group-77AD9CB52074-LeaderElection47] INFO  grpc.GrpcConfigKeys (ConfUtils.java:logGet(46)) - raft.grpc.server.log-message.batch.duration = 5s (default)
2024-04-21 07:19:32,664 [80370d78-c36f-4d75-b7cb-6753407b0dff@group-77AD9CB52074-LeaderElection47] INFO  server.RaftServerConfigKeys (ConfUtils.java:logGet(46)) - raft.server.log.appender.install.snapshot.enabled = false (custom)
2024-04-21 07:19:32,664 [80370d78-c36f-4d75-b7cb-6753407b0dff@group-77AD9CB52074-LeaderElection47] INFO  grpc.GrpcConfigKeys (ConfUtils.java:logGet(46)) - raft.grpc.server.heartbeat.channel = true (default)
2024-04-21 07:19:32,665 [80370d78-c36f-4d75-b7cb-6753407b0dff@group-77AD9CB52074-LeaderElection47] INFO  impl.RoleInfo (RoleInfo.java:updateAndGet(139)) - 80370d78-c36f-4d75-b7cb-6753407b0dff: start 80370d78-c36f-4d75-b7cb-6753407b0dff@group-77AD9CB52074-LeaderStateImpl
2024-04-21 07:19:32,665 [80370d78-c36f-4d75-b7cb-6753407b0dff@group-77AD9CB52074-LeaderElection47] INFO  server.RaftServer$Division (RaftServerImpl.java:setFirstElection(574)) - 80370d78-c36f-4d75-b7cb-6753407b0dff@group-77AD9CB52074: set firstElectionSinceStartup to false for becomeLeader
2024-04-21 07:19:32,665 [80370d78-c36f-4d75-b7cb-6753407b0dff@group-77AD9CB52074-LeaderElection47] INFO  ratis.XceiverServerRatis (XceiverServerRatis.java:handleLeaderChangedNotification(966)) - Leader change notification received for group: group-77AD9CB52074 with new leaderId: 80370d78-c36f-4d75-b7cb-6753407b0dff
2024-04-21 07:19:32,665 [80370d78-c36f-4d75-b7cb-6753407b0dff@group-77AD9CB52074-LeaderElection47] INFO  server.RaftServer$Division (ServerState.java:setLeader(269)) - 80370d78-c36f-4d75-b7cb-6753407b0dff@group-77AD9CB52074: change Leader from null to 80370d78-c36f-4d75-b7cb-6753407b0dff at term 1 for becomeLeader, leader elected after 5201ms
2024-04-21 07:19:32,666 [grpc-default-executor-5] INFO  server.RaftServer$Division (RaftServerImpl.java:requestVote(1389)) - 80370d78-c36f-4d75-b7cb-6753407b0dff@group-12C11132411B: receive requestVote(ELECTION, 33d4fa9a-f1b5-45a2-9ce3-43c86fd82df2, group-12C11132411B, 1, (t:0, i:0))
2024-04-21 07:19:32,666 [grpc-default-executor-5] INFO  impl.VoteContext (VoteContext.java:log(49)) - 80370d78-c36f-4d75-b7cb-6753407b0dff@group-12C11132411B-FOLLOWER: accept ELECTION from 33d4fa9a-f1b5-45a2-9ce3-43c86fd82df2: our priority 0 <= candidate's priority 1
2024-04-21 07:19:32,666 [grpc-default-executor-5] INFO  server.RaftServer$Division (RaftServerImpl.java:setRole(383)) - 80370d78-c36f-4d75-b7cb-6753407b0dff@group-12C11132411B: changes role from  FOLLOWER to FOLLOWER at term 1 for candidate:33d4fa9a-f1b5-45a2-9ce3-43c86fd82df2
2024-04-21 07:19:32,666 [grpc-default-executor-5] INFO  impl.RoleInfo (RoleInfo.java:shutdownFollowerState(110)) - 80370d78-c36f-4d75-b7cb-6753407b0dff: shutdown 80370d78-c36f-4d75-b7cb-6753407b0dff@group-12C11132411B-FollowerState
2024-04-21 07:19:32,666 [grpc-default-executor-5] INFO  impl.RoleInfo (RoleInfo.java:updateAndGet(139)) - 80370d78-c36f-4d75-b7cb-6753407b0dff: start 80370d78-c36f-4d75-b7cb-6753407b0dff@group-12C11132411B-FollowerState
2024-04-21 07:19:32,666 [EventQueue-PipelineReportForPipelineReportHandler] INFO  pipeline.PipelineReportHandler (PipelineReportHandler.java:processPipelineReport(136)) - Opened pipeline PipelineID=aa5e628e-98de-483c-bc2e-77ad9cb52074
2024-04-21 07:19:32,666 [80370d78-c36f-4d75-b7cb-6753407b0dff@group-12C11132411B-FollowerState] INFO  impl.FollowerState (FollowerState.java:run(152)) - 80370d78-c36f-4d75-b7cb-6753407b0dff@group-12C11132411B-FollowerState was interrupted
2024-04-21 07:19:32,666 [grpc-default-executor-6] INFO  server.RaftServer$Division (RaftServerImpl.java:requestVote(1422)) - 9387e6e8-bf6d-4d10-9dc1-f1bd05fc02cf@group-12C11132411B replies to ELECTION vote request: 33d4fa9a-f1b5-45a2-9ce3-43c86fd82df2<-9387e6e8-bf6d-4d10-9dc1-f1bd05fc02cf#0:OK-t1. Peer's state: 9387e6e8-bf6d-4d10-9dc1-f1bd05fc02cf@group-12C11132411B:t1, leader=null, voted=33d4fa9a-f1b5-45a2-9ce3-43c86fd82df2, raftlog=Memoized:9387e6e8-bf6d-4d10-9dc1-f1bd05fc02cf@group-12C11132411B-SegmentedRaftLog:OPENED:c-1, conf=-1: peers:[9387e6e8-bf6d-4d10-9dc1-f1bd05fc02cf|10.1.0.102:15120, 80370d78-c36f-4d75-b7cb-6753407b0dff|10.1.0.102:15156, 33d4fa9a-f1b5-45a2-9ce3-43c86fd82df2|10.1.0.102:15129]|listeners:[], old=null
2024-04-21 07:19:32,668 [80370d78-c36f-4d75-b7cb-6753407b0dff@group-77AD9CB52074-LeaderElection47] INFO  segmented.SegmentedRaftLogWorker (SegmentedRaftLogWorker.java:startLogSegment(430)) - 80370d78-c36f-4d75-b7cb-6753407b0dff@group-77AD9CB52074-SegmentedRaftLogWorker: Starting segment from index:0
2024-04-21 07:19:32,668 [80370d78-c36f-4d75-b7cb-6753407b0dff@group-77AD9CB52074-SegmentedRaftLogWorker] INFO  segmented.BufferedWriteChannel (BufferedWriteChannel.java:open(62)) - open log_inprogress_0 at position 0
2024-04-21 07:19:32,672 [33d4fa9a-f1b5-45a2-9ce3-43c86fd82df2@group-12C11132411B-LeaderElection48] INFO  impl.LeaderElection (LeaderElection.java:logAndReturn(89)) - 33d4fa9a-f1b5-45a2-9ce3-43c86fd82df2@group-12C11132411B-LeaderElection48: ELECTION PASSED received 1 response(s) and 0 exception(s):
2024-04-21 07:19:32,672 [33d4fa9a-f1b5-45a2-9ce3-43c86fd82df2@group-12C11132411B-LeaderElection48] INFO  impl.LeaderElection (LeaderElection.java:logAndReturn(93)) -   Response 0: 33d4fa9a-f1b5-45a2-9ce3-43c86fd82df2<-9387e6e8-bf6d-4d10-9dc1-f1bd05fc02cf#0:OK-t1
2024-04-21 07:19:32,672 [33d4fa9a-f1b5-45a2-9ce3-43c86fd82df2@group-12C11132411B-LeaderElection48] INFO  impl.LeaderElection (LeaderElection.java:askForVotes(323)) - 33d4fa9a-f1b5-45a2-9ce3-43c86fd82df2@group-12C11132411B-LeaderElection48 ELECTION round 0: result PASSED
2024-04-21 07:19:32,672 [33d4fa9a-f1b5-45a2-9ce3-43c86fd82df2@group-12C11132411B-LeaderElection48] INFO  impl.RoleInfo (RoleInfo.java:shutdownLeaderElection(130)) - 33d4fa9a-f1b5-45a2-9ce3-43c86fd82df2: shutdown 33d4fa9a-f1b5-45a2-9ce3-43c86fd82df2@group-12C11132411B-LeaderElection48
2024-04-21 07:19:32,672 [33d4fa9a-f1b5-45a2-9ce3-43c86fd82df2@group-12C11132411B-LeaderElection48] INFO  server.RaftServer$Division (RaftServerImpl.java:setRole(383)) - 33d4fa9a-f1b5-45a2-9ce3-43c86fd82df2@group-12C11132411B: changes role from CANDIDATE to LEADER at term 1 for changeToLeader
2024-04-21 07:19:32,672 [33d4fa9a-f1b5-45a2-9ce3-43c86fd82df2@group-12C11132411B-LeaderElection48] INFO  server.RaftServerConfigKeys (ConfUtils.java:logGet(46)) - raft.server.staging.catchup.gap = 1000 (default)
2024-04-21 07:19:32,673 [33d4fa9a-f1b5-45a2-9ce3-43c86fd82df2@group-12C11132411B-LeaderElection48] INFO  server.RaftServerConfigKeys (ConfUtils.java:logGet(46)) - raft.server.write.element-limit = 1024 (custom)
2024-04-21 07:19:32,673 [33d4fa9a-f1b5-45a2-9ce3-43c86fd82df2@group-12C11132411B-LeaderElection48] INFO  server.RaftServerConfigKeys (ConfUtils.java:logGet(46)) - raft.server.write.byte-limit = 1024 M (=1073741824) (custom)
2024-04-21 07:19:32,673 [33d4fa9a-f1b5-45a2-9ce3-43c86fd82df2@group-12C11132411B-LeaderElection48] INFO  server.RaftServerConfigKeys (ConfUtils.java:logGet(46)) - raft.server.watch.timeout = 3000ms (custom)
2024-04-21 07:19:32,673 [33d4fa9a-f1b5-45a2-9ce3-43c86fd82df2@group-12C11132411B-LeaderElection48] INFO  server.RaftServerConfigKeys (ConfUtils.java:logGet(46)) - raft.server.watch.timeout.denomination = 1s (default)
2024-04-21 07:19:32,673 [33d4fa9a-f1b5-45a2-9ce3-43c86fd82df2@group-12C11132411B-LeaderElection48] INFO  server.RaftServerConfigKeys (ConfUtils.java:logGet(46)) - raft.server.watch.element-limit = 65536 (default)
2024-04-21 07:19:32,673 [33d4fa9a-f1b5-45a2-9ce3-43c86fd82df2@group-12C11132411B-LeaderElection48] INFO  server.RaftServerConfigKeys (ConfUtils.java:logGet(46)) - raft.server.read.leader.lease.enabled = false (default)
2024-04-21 07:19:32,673 [33d4fa9a-f1b5-45a2-9ce3-43c86fd82df2@group-12C11132411B-LeaderElection48] INFO  server.RaftServerConfigKeys (ConfUtils.java:logGet(46)) - raft.server.read.leader.lease.timeout.ratio = 0.9 (default)
2024-04-21 07:19:32,673 [33d4fa9a-f1b5-45a2-9ce3-43c86fd82df2@group-12C11132411B-LeaderElection48] INFO  server.RaftServerConfigKeys (ConfUtils.java:logGet(46)) - raft.server.rpc.timeout.min = 5s (custom)
2024-04-21 07:19:32,673 [33d4fa9a-f1b5-45a2-9ce3-43c86fd82df2@group-12C11132411B-LeaderElection48] INFO  server.RaftServerConfigKeys (ConfUtils.java:logGet(46)) - raft.server.write.element-limit = 1024 (custom)
2024-04-21 07:19:32,673 [33d4fa9a-f1b5-45a2-9ce3-43c86fd82df2@group-12C11132411B-LeaderElection48] INFO  server.RaftServerConfigKeys (ConfUtils.java:logGet(46)) - raft.server.write.follower.gap.ratio.max = -1.0 (default)
2024-04-21 07:19:32,674 [33d4fa9a-f1b5-45a2-9ce3-43c86fd82df2@group-12C11132411B-LeaderElection48] INFO  server.RaftServerConfigKeys (ConfUtils.java:logGet(46)) - raft.server.log.appender.snapshot.chunk.size.max = 16MB (=16777216) (default)
2024-04-21 07:19:32,674 [33d4fa9a-f1b5-45a2-9ce3-43c86fd82df2@group-12C11132411B-LeaderElection48] INFO  server.RaftServerConfigKeys (ConfUtils.java:logGet(46)) - raft.server.log.appender.buffer.byte-limit = 8388608 (custom)
2024-04-21 07:19:32,674 [33d4fa9a-f1b5-45a2-9ce3-43c86fd82df2@group-12C11132411B-LeaderElection48] INFO  server.RaftServerConfigKeys (ConfUtils.java:logGet(46)) - raft.server.log.appender.buffer.element-limit = 1 (custom)
2024-04-21 07:19:32,675 [80370d78-c36f-4d75-b7cb-6753407b0dff@group-77AD9CB52074-LeaderElection47] INFO  server.RaftServer$Division (ServerState.java:setRaftConf(386)) - 80370d78-c36f-4d75-b7cb-6753407b0dff@group-77AD9CB52074: set configuration 0: peers:[9387e6e8-bf6d-4d10-9dc1-f1bd05fc02cf|10.1.0.102:15120, 80370d78-c36f-4d75-b7cb-6753407b0dff|10.1.0.102:15156, 33d4fa9a-f1b5-45a2-9ce3-43c86fd82df2|10.1.0.102:15129]|listeners:[], old=null
2024-04-21 07:19:32,676 [33d4fa9a-f1b5-45a2-9ce3-43c86fd82df2@group-12C11132411B-LeaderElection48] INFO  server.RaftServerConfigKeys (ConfUtils.java:logGet(46)) - raft.server.log.appender.wait-time.min = 0ms (custom)
2024-04-21 07:19:32,677 [33d4fa9a-f1b5-45a2-9ce3-43c86fd82df2@group-12C11132411B-LeaderElection48] INFO  grpc.GrpcConfigKeys (ConfUtils.java:logGet(46)) - raft.grpc.server.leader.outstanding.appends.max = 8 (default)
2024-04-21 07:19:32,677 [33d4fa9a-f1b5-45a2-9ce3-43c86fd82df2@group-12C11132411B-LeaderElection48] INFO  server.RaftServerConfigKeys (ConfUtils.java:logGet(46)) - raft.server.rpc.request.timeout = 3000ms (default)
2024-04-21 07:19:32,677 [33d4fa9a-f1b5-45a2-9ce3-43c86fd82df2@group-12C11132411B-LeaderElection48] INFO  grpc.GrpcConfigKeys (ConfUtils.java:logGet(46)) - raft.grpc.server.install_snapshot.request.element-limit = 8 (default)
2024-04-21 07:19:32,677 [33d4fa9a-f1b5-45a2-9ce3-43c86fd82df2@group-12C11132411B-LeaderElection48] INFO  grpc.GrpcConfigKeys (ConfUtils.java:logGet(46)) - raft.grpc.server.install_snapshot.request.timeout = 3000ms (default)
2024-04-21 07:19:32,677 [33d4fa9a-f1b5-45a2-9ce3-43c86fd82df2@group-12C11132411B-LeaderElection48] INFO  grpc.GrpcConfigKeys (ConfUtils.java:logGet(46)) - raft.grpc.server.log-message.batch.duration = 5s (default)
2024-04-21 07:19:32,677 [33d4fa9a-f1b5-45a2-9ce3-43c86fd82df2@group-12C11132411B-LeaderElection48] INFO  server.RaftServerConfigKeys (ConfUtils.java:logGet(46)) - raft.server.log.appender.install.snapshot.enabled = false (custom)
2024-04-21 07:19:32,677 [33d4fa9a-f1b5-45a2-9ce3-43c86fd82df2@group-12C11132411B-LeaderElection48] INFO  grpc.GrpcConfigKeys (ConfUtils.java:logGet(46)) - raft.grpc.server.heartbeat.channel = true (default)
2024-04-21 07:19:32,678 [33d4fa9a-f1b5-45a2-9ce3-43c86fd82df2@group-12C11132411B-LeaderElection48] INFO  server.RaftServerConfigKeys (ConfUtils.java:logGet(46)) - raft.server.log.appender.snapshot.chunk.size.max = 16MB (=16777216) (default)
2024-04-21 07:19:32,678 [33d4fa9a-f1b5-45a2-9ce3-43c86fd82df2@group-12C11132411B-LeaderElection48] INFO  server.RaftServerConfigKeys (ConfUtils.java:logGet(46)) - raft.server.log.appender.buffer.byte-limit = 8388608 (custom)
2024-04-21 07:19:32,678 [33d4fa9a-f1b5-45a2-9ce3-43c86fd82df2@group-12C11132411B-LeaderElection48] INFO  server.RaftServerConfigKeys (ConfUtils.java:logGet(46)) - raft.server.log.appender.buffer.element-limit = 1 (custom)
2024-04-21 07:19:32,678 [33d4fa9a-f1b5-45a2-9ce3-43c86fd82df2@group-12C11132411B-LeaderElection48] INFO  server.RaftServerConfigKeys (ConfUtils.java:logGet(46)) - raft.server.log.appender.wait-time.min = 0ms (custom)
2024-04-21 07:19:32,678 [33d4fa9a-f1b5-45a2-9ce3-43c86fd82df2@group-12C11132411B-LeaderElection48] INFO  grpc.GrpcConfigKeys (ConfUtils.java:logGet(46)) - raft.grpc.server.leader.outstanding.appends.max = 8 (default)
2024-04-21 07:19:32,678 [33d4fa9a-f1b5-45a2-9ce3-43c86fd82df2@group-12C11132411B-LeaderElection48] INFO  server.RaftServerConfigKeys (ConfUtils.java:logGet(46)) - raft.server.rpc.request.timeout = 3000ms (default)
2024-04-21 07:19:32,678 [33d4fa9a-f1b5-45a2-9ce3-43c86fd82df2@group-12C11132411B-LeaderElection48] INFO  grpc.GrpcConfigKeys (ConfUtils.java:logGet(46)) - raft.grpc.server.install_snapshot.request.element-limit = 8 (default)
2024-04-21 07:19:32,678 [33d4fa9a-f1b5-45a2-9ce3-43c86fd82df2@group-12C11132411B-LeaderElection48] INFO  grpc.GrpcConfigKeys (ConfUtils.java:logGet(46)) - raft.grpc.server.install_snapshot.request.timeout = 3000ms (default)
2024-04-21 07:19:32,678 [33d4fa9a-f1b5-45a2-9ce3-43c86fd82df2@group-12C11132411B-LeaderElection48] INFO  grpc.GrpcConfigKeys (ConfUtils.java:logGet(46)) - raft.grpc.server.log-message.batch.duration = 5s (default)
2024-04-21 07:19:32,679 [33d4fa9a-f1b5-45a2-9ce3-43c86fd82df2@group-12C11132411B-LeaderElection48] INFO  server.RaftServerConfigKeys (ConfUtils.java:logGet(46)) - raft.server.log.appender.install.snapshot.enabled = false (custom)
2024-04-21 07:19:32,679 [33d4fa9a-f1b5-45a2-9ce3-43c86fd82df2@group-12C11132411B-LeaderElection48] INFO  grpc.GrpcConfigKeys (ConfUtils.java:logGet(46)) - raft.grpc.server.heartbeat.channel = true (default)
2024-04-21 07:19:32,679 [33d4fa9a-f1b5-45a2-9ce3-43c86fd82df2@group-12C11132411B-LeaderElection48] INFO  impl.RoleInfo (RoleInfo.java:updateAndGet(139)) - 33d4fa9a-f1b5-45a2-9ce3-43c86fd82df2: start 33d4fa9a-f1b5-45a2-9ce3-43c86fd82df2@group-12C11132411B-LeaderStateImpl
2024-04-21 07:19:32,679 [33d4fa9a-f1b5-45a2-9ce3-43c86fd82df2@group-12C11132411B-LeaderElection48] INFO  server.RaftServer$Division (RaftServerImpl.java:setFirstElection(574)) - 33d4fa9a-f1b5-45a2-9ce3-43c86fd82df2@group-12C11132411B: set firstElectionSinceStartup to false for becomeLeader
2024-04-21 07:19:32,679 [33d4fa9a-f1b5-45a2-9ce3-43c86fd82df2@group-12C11132411B-LeaderElection48] INFO  ratis.XceiverServerRatis (XceiverServerRatis.java:handleLeaderChangedNotification(966)) - Leader change notification received for group: group-12C11132411B with new leaderId: 33d4fa9a-f1b5-45a2-9ce3-43c86fd82df2
2024-04-21 07:19:32,679 [33d4fa9a-f1b5-45a2-9ce3-43c86fd82df2@group-12C11132411B-LeaderElection48] INFO  server.RaftServer$Division (ServerState.java:setLeader(269)) - 33d4fa9a-f1b5-45a2-9ce3-43c86fd82df2@group-12C11132411B: change Leader from null to 33d4fa9a-f1b5-45a2-9ce3-43c86fd82df2 at term 1 for becomeLeader, leader elected after 5255ms
2024-04-21 07:19:32,679 [33d4fa9a-f1b5-45a2-9ce3-43c86fd82df2@group-12C11132411B-LeaderElection48] INFO  segmented.SegmentedRaftLogWorker (SegmentedRaftLogWorker.java:startLogSegment(430)) - 33d4fa9a-f1b5-45a2-9ce3-43c86fd82df2@group-12C11132411B-SegmentedRaftLogWorker: Starting segment from index:0
2024-04-21 07:19:32,680 [grpc-default-executor-5] INFO  server.RaftServer$Division (RaftServerImpl.java:requestVote(1422)) - 80370d78-c36f-4d75-b7cb-6753407b0dff@group-12C11132411B replies to ELECTION vote request: 33d4fa9a-f1b5-45a2-9ce3-43c86fd82df2<-80370d78-c36f-4d75-b7cb-6753407b0dff#0:OK-t1. Peer's state: 80370d78-c36f-4d75-b7cb-6753407b0dff@group-12C11132411B:t1, leader=null, voted=33d4fa9a-f1b5-45a2-9ce3-43c86fd82df2, raftlog=Memoized:80370d78-c36f-4d75-b7cb-6753407b0dff@group-12C11132411B-SegmentedRaftLog:OPENED:c-1, conf=-1: peers:[9387e6e8-bf6d-4d10-9dc1-f1bd05fc02cf|10.1.0.102:15120, 80370d78-c36f-4d75-b7cb-6753407b0dff|10.1.0.102:15156, 33d4fa9a-f1b5-45a2-9ce3-43c86fd82df2|10.1.0.102:15129]|listeners:[], old=null
2024-04-21 07:19:32,680 [33d4fa9a-f1b5-45a2-9ce3-43c86fd82df2@group-12C11132411B-SegmentedRaftLogWorker] INFO  segmented.BufferedWriteChannel (BufferedWriteChannel.java:open(62)) - open log_inprogress_0 at position 0
2024-04-21 07:19:32,680 [80370d78-c36f-4d75-b7cb-6753407b0dff@group-77AD9CB52074-SegmentedRaftLogWorker] INFO  segmented.SegmentedRaftLogWorker (SegmentedRaftLogWorker.java:execute(634)) - 80370d78-c36f-4d75-b7cb-6753407b0dff@group-77AD9CB52074-SegmentedRaftLogWorker: created new log segment /home/runner/work/ozone/ozone/hadoop-ozone/integration-test/target/test-dir/MiniOzoneClusterImpl-ed39ddd9-82bf-4bf6-8741-acb42c98007c/ozone-meta/datanode-5/ratis/aa5e628e-98de-483c-bc2e-77ad9cb52074/current/log_inprogress_0
2024-04-21 07:19:32,683 [EventQueue-PipelineReportForPipelineReportHandler] INFO  pipeline.PipelineReportHandler (PipelineReportHandler.java:processPipelineReport(136)) - Opened pipeline PipelineID=14e1582f-626f-4294-b75a-12c11132411b
2024-04-21 07:19:32,690 [33d4fa9a-f1b5-45a2-9ce3-43c86fd82df2@group-12C11132411B-LeaderElection48] INFO  server.RaftServer$Division (ServerState.java:setRaftConf(386)) - 33d4fa9a-f1b5-45a2-9ce3-43c86fd82df2@group-12C11132411B: set configuration 0: peers:[9387e6e8-bf6d-4d10-9dc1-f1bd05fc02cf|10.1.0.102:15120, 80370d78-c36f-4d75-b7cb-6753407b0dff|10.1.0.102:15156, 33d4fa9a-f1b5-45a2-9ce3-43c86fd82df2|10.1.0.102:15129]|listeners:[], old=null
2024-04-21 07:19:32,691 [33d4fa9a-f1b5-45a2-9ce3-43c86fd82df2-server-thread2] INFO  ratis.XceiverServerRatis (XceiverServerRatis.java:handleLeaderChangedNotification(966)) - Leader change notification received for group: group-77AD9CB52074 with new leaderId: 80370d78-c36f-4d75-b7cb-6753407b0dff
2024-04-21 07:19:32,691 [33d4fa9a-f1b5-45a2-9ce3-43c86fd82df2-server-thread2] INFO  server.RaftServer$Division (ServerState.java:setLeader(269)) - 33d4fa9a-f1b5-45a2-9ce3-43c86fd82df2@group-77AD9CB52074: change Leader from null to 80370d78-c36f-4d75-b7cb-6753407b0dff at term 1 for appendEntries, leader elected after 5211ms
2024-04-21 07:19:32,691 [33d4fa9a-f1b5-45a2-9ce3-43c86fd82df2-server-thread2] INFO  server.RaftServer$Division (ServerState.java:setRaftConf(386)) - 33d4fa9a-f1b5-45a2-9ce3-43c86fd82df2@group-77AD9CB52074: set configuration 0: peers:[9387e6e8-bf6d-4d10-9dc1-f1bd05fc02cf|10.1.0.102:15120, 80370d78-c36f-4d75-b7cb-6753407b0dff|10.1.0.102:15156, 33d4fa9a-f1b5-45a2-9ce3-43c86fd82df2|10.1.0.102:15129]|listeners:[], old=null
2024-04-21 07:19:32,691 [33d4fa9a-f1b5-45a2-9ce3-43c86fd82df2-server-thread2] INFO  segmented.SegmentedRaftLogWorker (SegmentedRaftLogWorker.java:startLogSegment(430)) - 33d4fa9a-f1b5-45a2-9ce3-43c86fd82df2@group-77AD9CB52074-SegmentedRaftLogWorker: Starting segment from index:0
2024-04-21 07:19:32,692 [9387e6e8-bf6d-4d10-9dc1-f1bd05fc02cf-server-thread2] INFO  ratis.XceiverServerRatis (XceiverServerRatis.java:handleLeaderChangedNotification(966)) - Leader change notification received for group: group-77AD9CB52074 with new leaderId: 80370d78-c36f-4d75-b7cb-6753407b0dff
2024-04-21 07:19:32,692 [9387e6e8-bf6d-4d10-9dc1-f1bd05fc02cf-server-thread2] INFO  server.RaftServer$Division (ServerState.java:setLeader(269)) - 9387e6e8-bf6d-4d10-9dc1-f1bd05fc02cf@group-77AD9CB52074: change Leader from null to 80370d78-c36f-4d75-b7cb-6753407b0dff at term 1 for appendEntries, leader elected after 5194ms
2024-04-21 07:19:32,692 [9387e6e8-bf6d-4d10-9dc1-f1bd05fc02cf-server-thread2] INFO  server.RaftServer$Division (ServerState.java:setRaftConf(386)) - 9387e6e8-bf6d-4d10-9dc1-f1bd05fc02cf@group-77AD9CB52074: set configuration 0: peers:[9387e6e8-bf6d-4d10-9dc1-f1bd05fc02cf|10.1.0.102:15120, 80370d78-c36f-4d75-b7cb-6753407b0dff|10.1.0.102:15156, 33d4fa9a-f1b5-45a2-9ce3-43c86fd82df2|10.1.0.102:15129]|listeners:[], old=null
2024-04-21 07:19:32,693 [9387e6e8-bf6d-4d10-9dc1-f1bd05fc02cf-server-thread2] INFO  segmented.SegmentedRaftLogWorker (SegmentedRaftLogWorker.java:startLogSegment(430)) - 9387e6e8-bf6d-4d10-9dc1-f1bd05fc02cf@group-77AD9CB52074-SegmentedRaftLogWorker: Starting segment from index:0
2024-04-21 07:19:32,694 [33d4fa9a-f1b5-45a2-9ce3-43c86fd82df2@group-12C11132411B-SegmentedRaftLogWorker] INFO  segmented.SegmentedRaftLogWorker (SegmentedRaftLogWorker.java:execute(634)) - 33d4fa9a-f1b5-45a2-9ce3-43c86fd82df2@group-12C11132411B-SegmentedRaftLogWorker: created new log segment /home/runner/work/ozone/ozone/hadoop-ozone/integration-test/target/test-dir/MiniOzoneClusterImpl-ed39ddd9-82bf-4bf6-8741-acb42c98007c/ozone-meta/datanode-2/ratis/14e1582f-626f-4294-b75a-12c11132411b/current/log_inprogress_0
2024-04-21 07:19:32,700 [33d4fa9a-f1b5-45a2-9ce3-43c86fd82df2@group-77AD9CB52074-SegmentedRaftLogWorker] INFO  segmented.BufferedWriteChannel (BufferedWriteChannel.java:open(62)) - open log_inprogress_0 at position 0
2024-04-21 07:19:32,701 [9387e6e8-bf6d-4d10-9dc1-f1bd05fc02cf@group-77AD9CB52074-SegmentedRaftLogWorker] INFO  segmented.BufferedWriteChannel (BufferedWriteChannel.java:open(62)) - open log_inprogress_0 at position 0
2024-04-21 07:19:32,710 [9387e6e8-bf6d-4d10-9dc1-f1bd05fc02cf-server-thread2] INFO  ratis.XceiverServerRatis (XceiverServerRatis.java:handleLeaderChangedNotification(966)) - Leader change notification received for group: group-12C11132411B with new leaderId: 33d4fa9a-f1b5-45a2-9ce3-43c86fd82df2
2024-04-21 07:19:32,711 [9387e6e8-bf6d-4d10-9dc1-f1bd05fc02cf-server-thread2] INFO  server.RaftServer$Division (ServerState.java:setLeader(269)) - 9387e6e8-bf6d-4d10-9dc1-f1bd05fc02cf@group-12C11132411B: change Leader from null to 33d4fa9a-f1b5-45a2-9ce3-43c86fd82df2 at term 1 for appendEntries, leader elected after 5262ms
2024-04-21 07:19:32,713 [9387e6e8-bf6d-4d10-9dc1-f1bd05fc02cf@group-77AD9CB52074-SegmentedRaftLogWorker] INFO  segmented.SegmentedRaftLogWorker (SegmentedRaftLogWorker.java:execute(634)) - 9387e6e8-bf6d-4d10-9dc1-f1bd05fc02cf@group-77AD9CB52074-SegmentedRaftLogWorker: created new log segment /home/runner/work/ozone/ozone/hadoop-ozone/integration-test/target/test-dir/MiniOzoneClusterImpl-ed39ddd9-82bf-4bf6-8741-acb42c98007c/ozone-meta/datanode-1/ratis/aa5e628e-98de-483c-bc2e-77ad9cb52074/current/log_inprogress_0
2024-04-21 07:19:32,713 [80370d78-c36f-4d75-b7cb-6753407b0dff-server-thread1] INFO  ratis.XceiverServerRatis (XceiverServerRatis.java:handleLeaderChangedNotification(966)) - Leader change notification received for group: group-12C11132411B with new leaderId: 33d4fa9a-f1b5-45a2-9ce3-43c86fd82df2
2024-04-21 07:19:32,713 [80370d78-c36f-4d75-b7cb-6753407b0dff-server-thread1] INFO  server.RaftServer$Division (ServerState.java:setLeader(269)) - 80370d78-c36f-4d75-b7cb-6753407b0dff@group-12C11132411B: change Leader from null to 33d4fa9a-f1b5-45a2-9ce3-43c86fd82df2 at term 1 for appendEntries, leader elected after 5300ms
2024-04-21 07:19:32,713 [33d4fa9a-f1b5-45a2-9ce3-43c86fd82df2@group-77AD9CB52074-SegmentedRaftLogWorker] INFO  segmented.SegmentedRaftLogWorker (SegmentedRaftLogWorker.java:execute(634)) - 33d4fa9a-f1b5-45a2-9ce3-43c86fd82df2@group-77AD9CB52074-SegmentedRaftLogWorker: created new log segment /home/runner/work/ozone/ozone/hadoop-ozone/integration-test/target/test-dir/MiniOzoneClusterImpl-ed39ddd9-82bf-4bf6-8741-acb42c98007c/ozone-meta/datanode-2/ratis/aa5e628e-98de-483c-bc2e-77ad9cb52074/current/log_inprogress_0
2024-04-21 07:19:32,714 [80370d78-c36f-4d75-b7cb-6753407b0dff-server-thread2] INFO  server.RaftServer$Division (ServerState.java:setRaftConf(386)) - 80370d78-c36f-4d75-b7cb-6753407b0dff@group-12C11132411B: set configuration 0: peers:[9387e6e8-bf6d-4d10-9dc1-f1bd05fc02cf|10.1.0.102:15120, 80370d78-c36f-4d75-b7cb-6753407b0dff|10.1.0.102:15156, 33d4fa9a-f1b5-45a2-9ce3-43c86fd82df2|10.1.0.102:15129]|listeners:[], old=null
2024-04-21 07:19:32,714 [80370d78-c36f-4d75-b7cb-6753407b0dff-server-thread2] INFO  segmented.SegmentedRaftLogWorker (SegmentedRaftLogWorker.java:startLogSegment(430)) - 80370d78-c36f-4d75-b7cb-6753407b0dff@group-12C11132411B-SegmentedRaftLogWorker: Starting segment from index:0
2024-04-21 07:19:32,717 [80370d78-c36f-4d75-b7cb-6753407b0dff@group-12C11132411B-SegmentedRaftLogWorker] INFO  segmented.BufferedWriteChannel (BufferedWriteChannel.java:open(62)) - open log_inprogress_0 at position 0
2024-04-21 07:19:32,718 [9387e6e8-bf6d-4d10-9dc1-f1bd05fc02cf-server-thread1] INFO  server.RaftServer$Division (ServerState.java:setRaftConf(386)) - 9387e6e8-bf6d-4d10-9dc1-f1bd05fc02cf@group-12C11132411B: set configuration 0: peers:[9387e6e8-bf6d-4d10-9dc1-f1bd05fc02cf|10.1.0.102:15120, 80370d78-c36f-4d75-b7cb-6753407b0dff|10.1.0.102:15156, 33d4fa9a-f1b5-45a2-9ce3-43c86fd82df2|10.1.0.102:15129]|listeners:[], old=null
2024-04-21 07:19:32,718 [80370d78-c36f-4d75-b7cb-6753407b0dff@group-77AD9CB52074-StateMachineUpdater] INFO  server.RaftServer$Division (LeaderStateImpl.java:isApplied(320)) - leader is ready since appliedIndex == 0 >= startIndex == 0
2024-04-21 07:19:32,719 [9387e6e8-bf6d-4d10-9dc1-f1bd05fc02cf-server-thread1] INFO  segmented.SegmentedRaftLogWorker (SegmentedRaftLogWorker.java:startLogSegment(430)) - 9387e6e8-bf6d-4d10-9dc1-f1bd05fc02cf@group-12C11132411B-SegmentedRaftLogWorker: Starting segment from index:0
2024-04-21 07:19:32,723 [9387e6e8-bf6d-4d10-9dc1-f1bd05fc02cf@group-12C11132411B-SegmentedRaftLogWorker] INFO  segmented.BufferedWriteChannel (BufferedWriteChannel.java:open(62)) - open log_inprogress_0 at position 0
2024-04-21 07:19:32,726 [80370d78-c36f-4d75-b7cb-6753407b0dff@group-12C11132411B-SegmentedRaftLogWorker] INFO  segmented.SegmentedRaftLogWorker (SegmentedRaftLogWorker.java:execute(634)) - 80370d78-c36f-4d75-b7cb-6753407b0dff@group-12C11132411B-SegmentedRaftLogWorker: created new log segment /home/runner/work/ozone/ozone/hadoop-ozone/integration-test/target/test-dir/MiniOzoneClusterImpl-ed39ddd9-82bf-4bf6-8741-acb42c98007c/ozone-meta/datanode-5/ratis/14e1582f-626f-4294-b75a-12c11132411b/current/log_inprogress_0
2024-04-21 07:19:32,733 [33d4fa9a-f1b5-45a2-9ce3-43c86fd82df2@group-12C11132411B-StateMachineUpdater] INFO  server.RaftServer$Division (LeaderStateImpl.java:isApplied(320)) - leader is ready since appliedIndex == 0 >= startIndex == 0
2024-04-21 07:19:32,734 [9387e6e8-bf6d-4d10-9dc1-f1bd05fc02cf@group-12C11132411B-SegmentedRaftLogWorker] INFO  segmented.SegmentedRaftLogWorker (SegmentedRaftLogWorker.java:execute(634)) - 9387e6e8-bf6d-4d10-9dc1-f1bd05fc02cf@group-12C11132411B-SegmentedRaftLogWorker: created new log segment /home/runner/work/ozone/ozone/hadoop-ozone/integration-test/target/test-dir/MiniOzoneClusterImpl-ed39ddd9-82bf-4bf6-8741-acb42c98007c/ozone-meta/datanode-1/ratis/14e1582f-626f-4294-b75a-12c11132411b/current/log_inprogress_0
2024-04-21 07:20:23,841 [9387e6e8-bf6d-4d10-9dc1-f1bd05fc02cf-BlockDeletingService#0] INFO  interfaces.ContainerDeletionChoosingPolicyTemplate (ContainerDeletionChoosingPolicyTemplate.java:chooseContainerForBlockDeletion(85)) - Chosen 0/5000 blocks from 0 candidate containers.
2024-04-21 07:20:23,916 [33d4fa9a-f1b5-45a2-9ce3-43c86fd82df2-BlockDeletingService#0] INFO  interfaces.ContainerDeletionChoosingPolicyTemplate (ContainerDeletionChoosingPolicyTemplate.java:chooseContainerForBlockDeletion(85)) - Chosen 0/5000 blocks from 0 candidate containers.
2024-04-21 07:20:23,978 [6cf56e53-88cb-4022-bd56-d9b5c4d884ee-BlockDeletingService#0] INFO  interfaces.ContainerDeletionChoosingPolicyTemplate (ContainerDeletionChoosingPolicyTemplate.java:chooseContainerForBlockDeletion(85)) - Chosen 0/5000 blocks from 0 candidate containers.
2024-04-21 07:20:24,048 [a45323a7-bc80-446e-b427-0ffb34a72641-BlockDeletingService#0] INFO  interfaces.ContainerDeletionChoosingPolicyTemplate (ContainerDeletionChoosingPolicyTemplate.java:chooseContainerForBlockDeletion(85)) - Chosen 0/5000 blocks from 0 candidate containers.
2024-04-21 07:20:24,152 [80370d78-c36f-4d75-b7cb-6753407b0dff-BlockDeletingService#0] INFO  interfaces.ContainerDeletionChoosingPolicyTemplate (ContainerDeletionChoosingPolicyTemplate.java:chooseContainerForBlockDeletion(85)) - Chosen 0/5000 blocks from 0 candidate containers.
2024-04-21 07:21:23,841 [9387e6e8-bf6d-4d10-9dc1-f1bd05fc02cf-BlockDeletingService#0] INFO  interfaces.ContainerDeletionChoosingPolicyTemplate (ContainerDeletionChoosingPolicyTemplate.java:chooseContainerForBlockDeletion(85)) - Chosen 0/5000 blocks from 0 candidate containers.
2024-04-21 07:21:23,916 [33d4fa9a-f1b5-45a2-9ce3-43c86fd82df2-BlockDeletingService#2] INFO  interfaces.ContainerDeletionChoosingPolicyTemplate (ContainerDeletionChoosingPolicyTemplate.java:chooseContainerForBlockDeletion(85)) - Chosen 0/5000 blocks from 0 candidate containers.
2024-04-21 07:21:23,978 [6cf56e53-88cb-4022-bd56-d9b5c4d884ee-BlockDeletingService#2] INFO  interfaces.ContainerDeletionChoosingPolicyTemplate (ContainerDeletionChoosingPolicyTemplate.java:chooseContainerForBlockDeletion(85)) - Chosen 0/5000 blocks from 0 candidate containers.
2024-04-21 07:21:24,048 [a45323a7-bc80-446e-b427-0ffb34a72641-BlockDeletingService#2] INFO  interfaces.ContainerDeletionChoosingPolicyTemplate (ContainerDeletionChoosingPolicyTemplate.java:chooseContainerForBlockDeletion(85)) - Chosen 0/5000 blocks from 0 candidate containers.
2024-04-21 07:21:24,152 [80370d78-c36f-4d75-b7cb-6753407b0dff-BlockDeletingService#2] INFO  interfaces.ContainerDeletionChoosingPolicyTemplate (ContainerDeletionChoosingPolicyTemplate.java:chooseContainerForBlockDeletion(85)) - Chosen 0/5000 blocks from 0 candidate containers.
2024-04-21 07:22:20,978 [ReplicationMonitor] INFO  replication.ReplicationManager (ReplicationManager.java:processAll(399)) - Replication Monitor Thread took 4 milliseconds for processing 2 containers.
2024-04-21 07:22:23,841 [9387e6e8-bf6d-4d10-9dc1-f1bd05fc02cf-BlockDeletingService#1] INFO  interfaces.ContainerDeletionChoosingPolicyTemplate (ContainerDeletionChoosingPolicyTemplate.java:chooseContainerForBlockDeletion(85)) - Chosen 0/5000 blocks from 0 candidate containers.
2024-04-21 07:22:23,916 [33d4fa9a-f1b5-45a2-9ce3-43c86fd82df2-BlockDeletingService#1] INFO  interfaces.ContainerDeletionChoosingPolicyTemplate (ContainerDeletionChoosingPolicyTemplate.java:chooseContainerForBlockDeletion(85)) - Chosen 0/5000 blocks from 0 candidate containers.
2024-04-21 07:22:23,978 [6cf56e53-88cb-4022-bd56-d9b5c4d884ee-BlockDeletingService#1] INFO  interfaces.ContainerDeletionChoosingPolicyTemplate (ContainerDeletionChoosingPolicyTemplate.java:chooseContainerForBlockDeletion(85)) - Chosen 0/5000 blocks from 0 candidate containers.
2024-04-21 07:22:24,048 [a45323a7-bc80-446e-b427-0ffb34a72641-BlockDeletingService#1] INFO  interfaces.ContainerDeletionChoosingPolicyTemplate (ContainerDeletionChoosingPolicyTemplate.java:chooseContainerForBlockDeletion(85)) - Chosen 0/5000 blocks from 0 candidate containers.
2024-04-21 07:22:24,152 [80370d78-c36f-4d75-b7cb-6753407b0dff-BlockDeletingService#1] INFO  interfaces.ContainerDeletionChoosingPolicyTemplate (ContainerDeletionChoosingPolicyTemplate.java:chooseContainerForBlockDeletion(85)) - Chosen 0/5000 blocks from 0 candidate containers.
2024-04-21 07:22:34,132 [JvmPauseMonitor18] INFO  util.JvmPauseMonitor (JvmPauseMonitor.java:run(152)) - JvmPauseMonitor-6cf56e53-88cb-4022-bd56-d9b5c4d884ee: Stopped
2024-04-21 07:22:34,133 [main] ERROR server.XceiverServerGrpc (XceiverServerGrpc.java:stop(216)) - failed to shutdown XceiverServerGrpc
java.lang.InterruptedException: DefaultPromise@60c0a806(incomplete)
	at org.apache.ratis.thirdparty.io.netty.util.concurrent.DefaultPromise.await(DefaultPromise.java:245)
	at org.apache.ratis.thirdparty.io.netty.util.concurrent.DefaultPromise.sync(DefaultPromise.java:405)
	at org.apache.ratis.thirdparty.io.netty.util.concurrent.DefaultPromise.sync(DefaultPromise.java:35)
	at org.apache.hadoop.ozone.container.common.transport.server.XceiverServerGrpc.stop(XceiverServerGrpc.java:214)
	at org.apache.hadoop.ozone.container.ozoneimpl.OzoneContainer.stop(OzoneContainer.java:485)
	at org.apache.hadoop.ozone.container.common.statemachine.DatanodeStateMachine.close(DatanodeStateMachine.java:447)
	at org.apache.hadoop.ozone.container.common.statemachine.DatanodeStateMachine.stopDaemon(DatanodeStateMachine.java:637)
	at org.apache.hadoop.ozone.HddsDatanodeService.stop(HddsDatanodeService.java:550)
	at org.apache.hadoop.ozone.MiniOzoneClusterImpl.stopDatanode(MiniOzoneClusterImpl.java:479)
	at org.apache.hadoop.ozone.MiniOzoneClusterImpl.shutdownHddsDatanode(MiniOzoneClusterImpl.java:381)
	at org.apache.hadoop.ozone.MiniOzoneClusterImpl.shutdownHddsDatanode(MiniOzoneClusterImpl.java:386)
	at org.apache.hadoop.ozone.client.rpc.TestBlockOutputStreamWithFailures.testDatanodeFailureWithPreAllocation(TestBlockOutputStreamWithFailures.java:714)
	at sun.reflect.NativeMethodAccessorImpl.invoke0(Native Method)
	at sun.reflect.NativeMethodAccessorImpl.invoke(NativeMethodAccessorImpl.java:62)
	at sun.reflect.DelegatingMethodAccessorImpl.invoke(DelegatingMethodAccessorImpl.java:43)
	at java.lang.reflect.Method.invoke(Method.java:498)
	at org.junit.platform.commons.util.ReflectionUtils.invokeMethod(ReflectionUtils.java:728)
	at org.junit.jupiter.engine.execution.MethodInvocation.proceed(MethodInvocation.java:60)
	at org.junit.jupiter.engine.execution.InvocationInterceptorChain$ValidatingInvocation.proceed(InvocationInterceptorChain.java:131)
	at org.junit.jupiter.engine.extension.SameThreadTimeoutInvocation.proceed(SameThreadTimeoutInvocation.java:45)
	at org.junit.jupiter.engine.extension.TimeoutExtension.intercept(TimeoutExtension.java:156)
	at org.junit.jupiter.engine.extension.TimeoutExtension.interceptTestableMethod(TimeoutExtension.java:147)
	at org.junit.jupiter.engine.extension.TimeoutExtension.interceptTestTemplateMethod(TimeoutExtension.java:94)
	at org.junit.jupiter.engine.execution.InterceptingExecutableInvoker$ReflectiveInterceptorCall.lambda$ofVoidMethod$0(InterceptingExecutableInvoker.java:103)
	at org.junit.jupiter.engine.execution.InterceptingExecutableInvoker.lambda$invoke$0(InterceptingExecutableInvoker.java:93)
	at org.junit.jupiter.engine.execution.InvocationInterceptorChain$InterceptedInvocation.proceed(InvocationInterceptorChain.java:106)
	at org.junit.jupiter.engine.execution.InvocationInterceptorChain.proceed(InvocationInterceptorChain.java:64)
	at org.junit.jupiter.engine.execution.InvocationInterceptorChain.chainAndInvoke(InvocationInterceptorChain.java:45)
	at org.junit.jupiter.engine.execution.InvocationInterceptorChain.invoke(InvocationInterceptorChain.java:37)
	at org.junit.jupiter.engine.execution.InterceptingExecutableInvoker.invoke(InterceptingExecutableInvoker.java:92)
	at org.junit.jupiter.engine.execution.InterceptingExecutableInvoker.invoke(InterceptingExecutableInvoker.java:86)
	at org.junit.jupiter.engine.descriptor.TestMethodTestDescriptor.lambda$invokeTestMethod$7(TestMethodTestDescriptor.java:218)
	at org.junit.platform.engine.support.hierarchical.ThrowableCollector.execute(ThrowableCollector.java:73)
	at org.junit.jupiter.engine.descriptor.TestMethodTestDescriptor.invokeTestMethod(TestMethodTestDescriptor.java:214)
	at org.junit.jupiter.engine.descriptor.TestMethodTestDescriptor.execute(TestMethodTestDescriptor.java:139)
	at org.junit.jupiter.engine.descriptor.TestMethodTestDescriptor.execute(TestMethodTestDescriptor.java:69)
	at org.junit.platform.engine.support.hierarchical.NodeTestTask.lambda$executeRecursively$6(NodeTestTask.java:151)
	at org.junit.platform.engine.support.hierarchical.ThrowableCollector.execute(ThrowableCollector.java:73)
	at org.junit.platform.engine.support.hierarchical.NodeTestTask.lambda$executeRecursively$8(NodeTestTask.java:141)
	at org.junit.platform.engine.support.hierarchical.Node.around(Node.java:137)
	at org.junit.platform.engine.support.hierarchical.NodeTestTask.lambda$executeRecursively$9(NodeTestTask.java:139)
	at org.junit.platform.engine.support.hierarchical.ThrowableCollector.execute(ThrowableCollector.java:73)
	at org.junit.platform.engine.support.hierarchical.NodeTestTask.executeRecursively(NodeTestTask.java:138)
	at org.junit.platform.engine.support.hierarchical.NodeTestTask.execute(NodeTestTask.java:95)
	at org.junit.platform.engine.support.hierarchical.SameThreadHierarchicalTestExecutorService.submit(SameThreadHierarchicalTestExecutorService.java:35)
	at org.junit.platform.engine.support.hierarchical.NodeTestTask$DefaultDynamicTestExecutor.execute(NodeTestTask.java:226)
	at org.junit.platform.engine.support.hierarchical.NodeTestTask$DefaultDynamicTestExecutor.execute(NodeTestTask.java:204)
	at org.junit.jupiter.engine.descriptor.TestTemplateTestDescriptor.execute(TestTemplateTestDescriptor.java:142)
	at org.junit.jupiter.engine.descriptor.TestTemplateTestDescriptor.lambda$execute$2(TestTemplateTestDescriptor.java:110)
	at java.util.stream.ForEachOps$ForEachOp$OfRef.accept(ForEachOps.java:183)
	at java.util.stream.ReferencePipeline$3$1.accept(ReferencePipeline.java:193)
	at java.util.stream.ReferencePipeline$2$1.accept(ReferencePipeline.java:175)
	at java.util.stream.ReferencePipeline$3$1.accept(ReferencePipeline.java:193)
	at java.util.stream.ForEachOps$ForEachOp$OfRef.accept(ForEachOps.java:183)
	at java.util.stream.ReferencePipeline$3$1.accept(ReferencePipeline.java:193)
	at java.util.stream.ReferencePipeline$3$1.accept(ReferencePipeline.java:193)
	at java.util.stream.ReferencePipeline$3$1.accept(ReferencePipeline.java:193)
	at java.util.stream.ForEachOps$ForEachOp$OfRef.accept(ForEachOps.java:183)
	at java.util.stream.ReferencePipeline$3$1.accept(ReferencePipeline.java:193)
	at java.util.Spliterators$ArraySpliterator.forEachRemaining(Spliterators.java:948)
	at java.util.stream.AbstractPipeline.copyInto(AbstractPipeline.java:482)
	at java.util.stream.AbstractPipeline.wrapAndCopyInto(AbstractPipeline.java:472)
	at java.util.stream.ForEachOps$ForEachOp.evaluateSequential(ForEachOps.java:150)
	at java.util.stream.ForEachOps$ForEachOp$OfRef.evaluateSequential(ForEachOps.java:173)
	at java.util.stream.AbstractPipeline.evaluate(AbstractPipeline.java:234)
	at java.util.stream.ReferencePipeline.forEach(ReferencePipeline.java:485)
	at java.util.stream.ReferencePipeline$7$1.accept(ReferencePipeline.java:272)
	at java.util.stream.ReferencePipeline$3$1.accept(ReferencePipeline.java:193)
	at java.util.stream.ReferencePipeline$3$1.accept(ReferencePipeline.java:193)
	at java.util.stream.ReferencePipeline$3$1.accept(ReferencePipeline.java:193)
	at java.util.ArrayList$ArrayListSpliterator.forEachRemaining(ArrayList.java:1384)
	at java.util.stream.AbstractPipeline.copyInto(AbstractPipeline.java:482)
	at java.util.stream.AbstractPipeline.wrapAndCopyInto(AbstractPipeline.java:472)
	at java.util.stream.ForEachOps$ForEachOp.evaluateSequential(ForEachOps.java:150)
	at java.util.stream.ForEachOps$ForEachOp$OfRef.evaluateSequential(ForEachOps.java:173)
	at java.util.stream.AbstractPipeline.evaluate(AbstractPipeline.java:234)
	at java.util.stream.ReferencePipeline.forEach(ReferencePipeline.java:485)
	at java.util.stream.ReferencePipeline$7$1.accept(ReferencePipeline.java:272)
	at java.util.ArrayList$ArrayListSpliterator.forEachRemaining(ArrayList.java:1384)
	at java.util.stream.AbstractPipeline.copyInto(AbstractPipeline.java:482)
	at java.util.stream.AbstractPipeline.wrapAndCopyInto(AbstractPipeline.java:472)
	at java.util.stream.ForEachOps$ForEachOp.evaluateSequential(ForEachOps.java:150)
	at java.util.stream.ForEachOps$ForEachOp$OfRef.evaluateSequential(ForEachOps.java:173)
	at java.util.stream.AbstractPipeline.evaluate(AbstractPipeline.java:234)
	at java.util.stream.ReferencePipeline.forEach(ReferencePipeline.java:485)
	at org.junit.jupiter.engine.descriptor.TestTemplateTestDescriptor.execute(TestTemplateTestDescriptor.java:110)
	at org.junit.jupiter.engine.descriptor.TestTemplateTestDescriptor.execute(TestTemplateTestDescriptor.java:44)
	at org.junit.platform.engine.support.hierarchical.NodeTestTask.lambda$executeRecursively$6(NodeTestTask.java:151)
	at org.junit.platform.engine.support.hierarchical.ThrowableCollector.execute(ThrowableCollector.java:73)
	at org.junit.platform.engine.support.hierarchical.NodeTestTask.lambda$executeRecursively$8(NodeTestTask.java:141)
	at org.junit.platform.engine.support.hierarchical.Node.around(Node.java:137)
	at org.junit.platform.engine.support.hierarchical.NodeTestTask.lambda$executeRecursively$9(NodeTestTask.java:139)
	at org.junit.platform.engine.support.hierarchical.ThrowableCollector.execute(ThrowableCollector.java:73)
	at org.junit.platform.engine.support.hierarchical.NodeTestTask.executeRecursively(NodeTestTask.java:138)
	at org.junit.platform.engine.support.hierarchical.NodeTestTask.execute(NodeTestTask.java:95)
	at java.util.ArrayList.forEach(ArrayList.java:1259)
	at org.junit.platform.engine.support.hierarchical.SameThreadHierarchicalTestExecutorService.invokeAll(SameThreadHierarchicalTestExecutorService.java:41)
	at org.junit.platform.engine.support.hierarchical.NodeTestTask.lambda$executeRecursively$6(NodeTestTask.java:155)
	at org.junit.platform.engine.support.hierarchical.ThrowableCollector.execute(ThrowableCollector.java:73)
	at org.junit.platform.engine.support.hierarchical.NodeTestTask.lambda$executeRecursively$8(NodeTestTask.java:141)
	at org.junit.platform.engine.support.hierarchical.Node.around(Node.java:137)
	at org.junit.platform.engine.support.hierarchical.NodeTestTask.lambda$executeRecursively$9(NodeTestTask.java:139)
	at org.junit.platform.engine.support.hierarchical.ThrowableCollector.execute(ThrowableCollector.java:73)
	at org.junit.platform.engine.support.hierarchical.NodeTestTask.executeRecursively(NodeTestTask.java:138)
	at org.junit.platform.engine.support.hierarchical.NodeTestTask.execute(NodeTestTask.java:95)
	at java.util.ArrayList.forEach(ArrayList.java:1259)
	at org.junit.platform.engine.support.hierarchical.SameThreadHierarchicalTestExecutorService.invokeAll(SameThreadHierarchicalTestExecutorService.java:41)
	at org.junit.platform.engine.support.hierarchical.NodeTestTask.lambda$executeRecursively$6(NodeTestTask.java:155)
	at org.junit.platform.engine.support.hierarchical.ThrowableCollector.execute(ThrowableCollector.java:73)
	at org.junit.platform.engine.support.hierarchical.NodeTestTask.lambda$executeRecursively$8(NodeTestTask.java:141)
	at org.junit.platform.engine.support.hierarchical.Node.around(Node.java:137)
	at org.junit.platform.engine.support.hierarchical.NodeTestTask.lambda$executeRecursively$9(NodeTestTask.java:139)
	at org.junit.platform.engine.support.hierarchical.ThrowableCollector.execute(ThrowableCollector.java:73)
	at org.junit.platform.engine.support.hierarchical.NodeTestTask.executeRecursively(NodeTestTask.java:138)
	at org.junit.platform.engine.support.hierarchical.NodeTestTask.execute(NodeTestTask.java:95)
	at org.junit.platform.engine.support.hierarchical.SameThreadHierarchicalTestExecutorService.submit(SameThreadHierarchicalTestExecutorService.java:35)
	at org.junit.platform.engine.support.hierarchical.HierarchicalTestExecutor.execute(HierarchicalTestExecutor.java:57)
	at org.junit.platform.engine.support.hierarchical.HierarchicalTestEngine.execute(HierarchicalTestEngine.java:54)
	at org.junit.platform.launcher.core.EngineExecutionOrchestrator.execute(EngineExecutionOrchestrator.java:198)
	at org.junit.platform.launcher.core.EngineExecutionOrchestrator.execute(EngineExecutionOrchestrator.java:169)
	at org.junit.platform.launcher.core.EngineExecutionOrchestrator.execute(EngineExecutionOrchestrator.java:93)
	at org.junit.platform.launcher.core.EngineExecutionOrchestrator.lambda$execute$0(EngineExecutionOrchestrator.java:58)
	at org.junit.platform.launcher.core.EngineExecutionOrchestrator.withInterceptedStreams(EngineExecutionOrchestrator.java:141)
	at org.junit.platform.launcher.core.EngineExecutionOrchestrator.execute(EngineExecutionOrchestrator.java:57)
	at org.junit.platform.launcher.core.DefaultLauncher.execute(DefaultLauncher.java:103)
	at org.junit.platform.launcher.core.DefaultLauncher.execute(DefaultLauncher.java:85)
	at org.junit.platform.launcher.core.DelegatingLauncher.execute(DelegatingLauncher.java:47)
	at org.junit.platform.launcher.core.SessionPerRequestLauncher.execute(SessionPerRequestLauncher.java:63)
	at org.apache.maven.surefire.junitplatform.JUnitPlatformProvider.invokeAllTests(JUnitPlatformProvider.java:154)
	at org.apache.maven.surefire.junitplatform.JUnitPlatformProvider.invoke(JUnitPlatformProvider.java:123)
	at org.apache.maven.surefire.booter.ForkedBooter.runSuitesInProcess(ForkedBooter.java:377)
	at org.apache.maven.surefire.booter.ForkedBooter.execute(ForkedBooter.java:138)
	at org.apache.maven.surefire.booter.ForkedBooter.run(ForkedBooter.java:465)
	at org.apache.maven.surefire.booter.ForkedBooter.main(ForkedBooter.java:451)
2024-04-21 07:22:34,134 [main] INFO  utils.DatanodeStoreCache (DatanodeStoreCache.java:shutdownCache(116)) - Skip clearing cache in mini cluster mode. Entries left: [/home/runner/work/ozone/ozone/hadoop-ozone/integration-test/target/test-dir/MiniOzoneClusterImpl-ed39ddd9-82bf-4bf6-8741-acb42c98007c/ozone-meta/datanode-1/data-0/hdds/ed39ddd9-82bf-4bf6-8741-acb42c98007c/DS-bea9d731-bf5d-4350-9872-45a03df8a834/container.db, /home/runner/work/ozone/ozone/hadoop-ozone/integration-test/target/test-dir/MiniOzoneClusterImpl-ed39ddd9-82bf-4bf6-8741-acb42c98007c/ozone-meta/datanode-2/data-0/hdds/ed39ddd9-82bf-4bf6-8741-acb42c98007c/DS-a2c92a65-7b26-4245-b37e-57164685115f/container.db, /home/runner/work/ozone/ozone/hadoop-ozone/integration-test/target/test-dir/MiniOzoneClusterImpl-ed39ddd9-82bf-4bf6-8741-acb42c98007c/ozone-meta/datanode-3/data-0/hdds/ed39ddd9-82bf-4bf6-8741-acb42c98007c/DS-6ed8bec2-bc9e-4c5e-813f-488a8b52866e/container.db, /home/runner/work/ozone/ozone/hadoop-ozone/integration-test/target/test-dir/MiniOzoneClusterImpl-ed39ddd9-82bf-4bf6-8741-acb42c98007c/ozone-meta/datanode-4/data-0/hdds/ed39ddd9-82bf-4bf6-8741-acb42c98007c/DS-66b14913-657a-4e97-b05a-10a59a481ed3/container.db, /home/runner/work/ozone/ozone/hadoop-ozone/integration-test/target/test-dir/MiniOzoneClusterImpl-ed39ddd9-82bf-4bf6-8741-acb42c98007c/ozone-meta/datanode-5/data-0/hdds/ed39ddd9-82bf-4bf6-8741-acb42c98007c/DS-bcccb3e0-16eb-4075-8594-3dbce0ad274d/container.db]
2024-04-21 07:22:34,136 [main] INFO  utils.DatanodeStoreCache (DatanodeStoreCache.java:removeDB(110)) - Removed db /home/runner/work/ozone/ozone/hadoop-ozone/integration-test/target/test-dir/MiniOzoneClusterImpl-ed39ddd9-82bf-4bf6-8741-acb42c98007c/ozone-meta/datanode-3/data-0/hdds/ed39ddd9-82bf-4bf6-8741-acb42c98007c/DS-6ed8bec2-bc9e-4c5e-813f-488a8b52866e/container.db from cache
2024-04-21 07:22:34,137 [main] INFO  volume.HddsVolume (HddsVolume.java:closeDbStore(470)) - SchemaV3 db is stopped at /home/runner/work/ozone/ozone/hadoop-ozone/integration-test/target/test-dir/MiniOzoneClusterImpl-ed39ddd9-82bf-4bf6-8741-acb42c98007c/ozone-meta/datanode-3/data-0/hdds/ed39ddd9-82bf-4bf6-8741-acb42c98007c/DS-6ed8bec2-bc9e-4c5e-813f-488a8b52866e/container.db for volume DS-6ed8bec2-bc9e-4c5e-813f-488a8b52866e
2024-04-21 07:22:34,137 [main] INFO  utils.BackgroundService (BackgroundService.java:shutdown(160)) - Shutting down service BlockDeletingService
2024-04-21 07:22:34,137 [main] INFO  utils.BackgroundService (BackgroundService.java:shutdown(160)) - Shutting down service StaleRecoveringContainerScrubbingService
2024-04-21 07:22:34,141 [main] INFO  statemachine.DatanodeStateMachine (DatanodeStateMachine.java:stopDaemon(638)) - Ozone container server stopped.
2024-04-21 07:22:34,141 [main] INFO  handler.ContextHandler (ContextHandler.java:doStop(1159)) - Stopped o.e.j.w.WebAppContext@69eb8929{hddsDatanode,/,null,STOPPED}{file:/home/runner/work/ozone/ozone/hadoop-hdds/container-service/target/classes/webapps/hddsDatanode}
2024-04-21 07:22:34,142 [main] INFO  server.session (HouseKeeper.java:stopScavenging(149)) - node0 Stopped scavenging
2024-04-21 07:22:34,142 [main] INFO  server.AbstractConnector (AbstractConnector.java:doStop(383)) - Stopped ServerConnector@71c5c18e{HTTP/1.1, (http/1.1)}{0.0.0.0:15133}
2024-04-21 07:22:34,142 [main] INFO  handler.ContextHandler (ContextHandler.java:doStop(1159)) - Stopped o.e.j.s.ServletContextHandler@3ca27a2e{static,/static,file:///home/runner/work/ozone/ozone/hadoop-hdds/container-service/target/classes/webapps/static,STOPPED}
2024-04-21 07:22:34,143 [main] INFO  handler.ContextHandler (ContextHandler.java:doStop(1159)) - Stopped o.e.j.s.ServletContextHandler@25b59d27{logs,/logs,file:///home/runner/work/ozone/ozone/hadoop-ozone/integration-test/target/log,STOPPED}
2024-04-21 07:22:34,143 [main] ERROR http.HttpServer2 (HttpServer2.java:stop(1366)) - Error while stopping web server for webapp hddsDatanode
java.lang.InterruptedException
	at java.util.concurrent.locks.AbstractQueuedSynchronizer.tryAcquireSharedNanos(AbstractQueuedSynchronizer.java:1326)
	at java.util.concurrent.CountDownLatch.await(CountDownLatch.java:277)
	at org.eclipse.jetty.server.AbstractConnector.doStop(AbstractConnector.java:373)
	at org.eclipse.jetty.server.AbstractNetworkConnector.doStop(AbstractNetworkConnector.java:88)
	at org.eclipse.jetty.server.ServerConnector.doStop(ServerConnector.java:246)
	at org.eclipse.jetty.util.component.AbstractLifeCycle.stop(AbstractLifeCycle.java:94)
	at org.eclipse.jetty.server.Server.doStop(Server.java:459)
	at org.eclipse.jetty.util.component.AbstractLifeCycle.stop(AbstractLifeCycle.java:94)
	at org.apache.hadoop.hdds.server.http.HttpServer2.stop(HttpServer2.java:1364)
	at org.apache.hadoop.hdds.server.http.BaseHttpServer.stop(BaseHttpServer.java:339)
	at org.apache.hadoop.ozone.HddsDatanodeService.stop(HddsDatanodeService.java:554)
	at org.apache.hadoop.ozone.MiniOzoneClusterImpl.stopDatanode(MiniOzoneClusterImpl.java:479)
	at org.apache.hadoop.ozone.MiniOzoneClusterImpl.shutdownHddsDatanode(MiniOzoneClusterImpl.java:381)
	at org.apache.hadoop.ozone.MiniOzoneClusterImpl.shutdownHddsDatanode(MiniOzoneClusterImpl.java:386)
	at org.apache.hadoop.ozone.client.rpc.TestBlockOutputStreamWithFailures.testDatanodeFailureWithPreAllocation(TestBlockOutputStreamWithFailures.java:714)
	at sun.reflect.NativeMethodAccessorImpl.invoke0(Native Method)
	at sun.reflect.NativeMethodAccessorImpl.invoke(NativeMethodAccessorImpl.java:62)
	at sun.reflect.DelegatingMethodAccessorImpl.invoke(DelegatingMethodAccessorImpl.java:43)
	at java.lang.reflect.Method.invoke(Method.java:498)
	at org.junit.platform.commons.util.ReflectionUtils.invokeMethod(ReflectionUtils.java:728)
	at org.junit.jupiter.engine.execution.MethodInvocation.proceed(MethodInvocation.java:60)
	at org.junit.jupiter.engine.execution.InvocationInterceptorChain$ValidatingInvocation.proceed(InvocationInterceptorChain.java:131)
	at org.junit.jupiter.engine.extension.SameThreadTimeoutInvocation.proceed(SameThreadTimeoutInvocation.java:45)
	at org.junit.jupiter.engine.extension.TimeoutExtension.intercept(TimeoutExtension.java:156)
	at org.junit.jupiter.engine.extension.TimeoutExtension.interceptTestableMethod(TimeoutExtension.java:147)
	at org.junit.jupiter.engine.extension.TimeoutExtension.interceptTestTemplateMethod(TimeoutExtension.java:94)
	at org.junit.jupiter.engine.execution.InterceptingExecutableInvoker$ReflectiveInterceptorCall.lambda$ofVoidMethod$0(InterceptingExecutableInvoker.java:103)
	at org.junit.jupiter.engine.execution.InterceptingExecutableInvoker.lambda$invoke$0(InterceptingExecutableInvoker.java:93)
	at org.junit.jupiter.engine.execution.InvocationInterceptorChain$InterceptedInvocation.proceed(InvocationInterceptorChain.java:106)
	at org.junit.jupiter.engine.execution.InvocationInterceptorChain.proceed(InvocationInterceptorChain.java:64)
	at org.junit.jupiter.engine.execution.InvocationInterceptorChain.chainAndInvoke(InvocationInterceptorChain.java:45)
	at org.junit.jupiter.engine.execution.InvocationInterceptorChain.invoke(InvocationInterceptorChain.java:37)
	at org.junit.jupiter.engine.execution.InterceptingExecutableInvoker.invoke(InterceptingExecutableInvoker.java:92)
	at org.junit.jupiter.engine.execution.InterceptingExecutableInvoker.invoke(InterceptingExecutableInvoker.java:86)
	at org.junit.jupiter.engine.descriptor.TestMethodTestDescriptor.lambda$invokeTestMethod$7(TestMethodTestDescriptor.java:218)
	at org.junit.platform.engine.support.hierarchical.ThrowableCollector.execute(ThrowableCollector.java:73)
	at org.junit.jupiter.engine.descriptor.TestMethodTestDescriptor.invokeTestMethod(TestMethodTestDescriptor.java:214)
	at org.junit.jupiter.engine.descriptor.TestMethodTestDescriptor.execute(TestMethodTestDescriptor.java:139)
	at org.junit.jupiter.engine.descriptor.TestMethodTestDescriptor.execute(TestMethodTestDescriptor.java:69)
	at org.junit.platform.engine.support.hierarchical.NodeTestTask.lambda$executeRecursively$6(NodeTestTask.java:151)
	at org.junit.platform.engine.support.hierarchical.ThrowableCollector.execute(ThrowableCollector.java:73)
	at org.junit.platform.engine.support.hierarchical.NodeTestTask.lambda$executeRecursively$8(NodeTestTask.java:141)
	at org.junit.platform.engine.support.hierarchical.Node.around(Node.java:137)
	at org.junit.platform.engine.support.hierarchical.NodeTestTask.lambda$executeRecursively$9(NodeTestTask.java:139)
	at org.junit.platform.engine.support.hierarchical.ThrowableCollector.execute(ThrowableCollector.java:73)
	at org.junit.platform.engine.support.hierarchical.NodeTestTask.executeRecursively(NodeTestTask.java:138)
	at org.junit.platform.engine.support.hierarchical.NodeTestTask.execute(NodeTestTask.java:95)
	at org.junit.platform.engine.support.hierarchical.SameThreadHierarchicalTestExecutorService.submit(SameThreadHierarchicalTestExecutorService.java:35)
	at org.junit.platform.engine.support.hierarchical.NodeTestTask$DefaultDynamicTestExecutor.execute(NodeTestTask.java:226)
	at org.junit.platform.engine.support.hierarchical.NodeTestTask$DefaultDynamicTestExecutor.execute(NodeTestTask.java:204)
	at org.junit.jupiter.engine.descriptor.TestTemplateTestDescriptor.execute(TestTemplateTestDescriptor.java:142)
	at org.junit.jupiter.engine.descriptor.TestTemplateTestDescriptor.lambda$execute$2(TestTemplateTestDescriptor.java:110)
	at java.util.stream.ForEachOps$ForEachOp$OfRef.accept(ForEachOps.java:183)
	at java.util.stream.ReferencePipeline$3$1.accept(ReferencePipeline.java:193)
	at java.util.stream.ReferencePipeline$2$1.accept(ReferencePipeline.java:175)
	at java.util.stream.ReferencePipeline$3$1.accept(ReferencePipeline.java:193)
	at java.util.stream.ForEachOps$ForEachOp$OfRef.accept(ForEachOps.java:183)
	at java.util.stream.ReferencePipeline$3$1.accept(ReferencePipeline.java:193)
	at java.util.stream.ReferencePipeline$3$1.accept(ReferencePipeline.java:193)
	at java.util.stream.ReferencePipeline$3$1.accept(ReferencePipeline.java:193)
	at java.util.stream.ForEachOps$ForEachOp$OfRef.accept(ForEachOps.java:183)
	at java.util.stream.ReferencePipeline$3$1.accept(ReferencePipeline.java:193)
	at java.util.Spliterators$ArraySpliterator.forEachRemaining(Spliterators.java:948)
	at java.util.stream.AbstractPipeline.copyInto(AbstractPipeline.java:482)
	at java.util.stream.AbstractPipeline.wrapAndCopyInto(AbstractPipeline.java:472)
	at java.util.stream.ForEachOps$ForEachOp.evaluateSequential(ForEachOps.java:150)
	at java.util.stream.ForEachOps$ForEachOp$OfRef.evaluateSequential(ForEachOps.java:173)
	at java.util.stream.AbstractPipeline.evaluate(AbstractPipeline.java:234)
	at java.util.stream.ReferencePipeline.forEach(ReferencePipeline.java:485)
	at java.util.stream.ReferencePipeline$7$1.accept(ReferencePipeline.java:272)
	at java.util.stream.ReferencePipeline$3$1.accept(ReferencePipeline.java:193)
	at java.util.stream.ReferencePipeline$3$1.accept(ReferencePipeline.java:193)
	at java.util.stream.ReferencePipeline$3$1.accept(ReferencePipeline.java:193)
	at java.util.ArrayList$ArrayListSpliterator.forEachRemaining(ArrayList.java:1384)
	at java.util.stream.AbstractPipeline.copyInto(AbstractPipeline.java:482)
	at java.util.stream.AbstractPipeline.wrapAndCopyInto(AbstractPipeline.java:472)
	at java.util.stream.ForEachOps$ForEachOp.evaluateSequential(ForEachOps.java:150)
	at java.util.stream.ForEachOps$ForEachOp$OfRef.evaluateSequential(ForEachOps.java:173)
	at java.util.stream.AbstractPipeline.evaluate(AbstractPipeline.java:234)
	at java.util.stream.ReferencePipeline.forEach(ReferencePipeline.java:485)
	at java.util.stream.ReferencePipeline$7$1.accept(ReferencePipeline.java:272)
	at java.util.ArrayList$ArrayListSpliterator.forEachRemaining(ArrayList.java:1384)
	at java.util.stream.AbstractPipeline.copyInto(AbstractPipeline.java:482)
	at java.util.stream.AbstractPipeline.wrapAndCopyInto(AbstractPipeline.java:472)
	at java.util.stream.ForEachOps$ForEachOp.evaluateSequential(ForEachOps.java:150)
	at java.util.stream.ForEachOps$ForEachOp$OfRef.evaluateSequential(ForEachOps.java:173)
	at java.util.stream.AbstractPipeline.evaluate(AbstractPipeline.java:234)
	at java.util.stream.ReferencePipeline.forEach(ReferencePipeline.java:485)
	at org.junit.jupiter.engine.descriptor.TestTemplateTestDescriptor.execute(TestTemplateTestDescriptor.java:110)
	at org.junit.jupiter.engine.descriptor.TestTemplateTestDescriptor.execute(TestTemplateTestDescriptor.java:44)
	at org.junit.platform.engine.support.hierarchical.NodeTestTask.lambda$executeRecursively$6(NodeTestTask.java:151)
	at org.junit.platform.engine.support.hierarchical.ThrowableCollector.execute(ThrowableCollector.java:73)
	at org.junit.platform.engine.support.hierarchical.NodeTestTask.lambda$executeRecursively$8(NodeTestTask.java:141)
	at org.junit.platform.engine.support.hierarchical.Node.around(Node.java:137)
	at org.junit.platform.engine.support.hierarchical.NodeTestTask.lambda$executeRecursively$9(NodeTestTask.java:139)
	at org.junit.platform.engine.support.hierarchical.ThrowableCollector.execute(ThrowableCollector.java:73)
	at org.junit.platform.engine.support.hierarchical.NodeTestTask.executeRecursively(NodeTestTask.java:138)
	at org.junit.platform.engine.support.hierarchical.NodeTestTask.execute(NodeTestTask.java:95)
	at java.util.ArrayList.forEach(ArrayList.java:1259)
	at org.junit.platform.engine.support.hierarchical.SameThreadHierarchicalTestExecutorService.invokeAll(SameThreadHierarchicalTestExecutorService.java:41)
	at org.junit.platform.engine.support.hierarchical.NodeTestTask.lambda$executeRecursively$6(NodeTestTask.java:155)
	at org.junit.platform.engine.support.hierarchical.ThrowableCollector.execute(ThrowableCollector.java:73)
	at org.junit.platform.engine.support.hierarchical.NodeTestTask.lambda$executeRecursively$8(NodeTestTask.java:141)
	at org.junit.platform.engine.support.hierarchical.Node.around(Node.java:137)
	at org.junit.platform.engine.support.hierarchical.NodeTestTask.lambda$executeRecursively$9(NodeTestTask.java:139)
	at org.junit.platform.engine.support.hierarchical.ThrowableCollector.execute(ThrowableCollector.java:73)
	at org.junit.platform.engine.support.hierarchical.NodeTestTask.executeRecursively(NodeTestTask.java:138)
	at org.junit.platform.engine.support.hierarchical.NodeTestTask.execute(NodeTestTask.java:95)
	at java.util.ArrayList.forEach(ArrayList.java:1259)
	at org.junit.platform.engine.support.hierarchical.SameThreadHierarchicalTestExecutorService.invokeAll(SameThreadHierarchicalTestExecutorService.java:41)
	at org.junit.platform.engine.support.hierarchical.NodeTestTask.lambda$executeRecursively$6(NodeTestTask.java:155)
	at org.junit.platform.engine.support.hierarchical.ThrowableCollector.execute(ThrowableCollector.java:73)
	at org.junit.platform.engine.support.hierarchical.NodeTestTask.lambda$executeRecursively$8(NodeTestTask.java:141)
	at org.junit.platform.engine.support.hierarchical.Node.around(Node.java:137)
	at org.junit.platform.engine.support.hierarchical.NodeTestTask.lambda$executeRecursively$9(NodeTestTask.java:139)
	at org.junit.platform.engine.support.hierarchical.ThrowableCollector.execute(ThrowableCollector.java:73)
	at org.junit.platform.engine.support.hierarchical.NodeTestTask.executeRecursively(NodeTestTask.java:138)
	at org.junit.platform.engine.support.hierarchical.NodeTestTask.execute(NodeTestTask.java:95)
	at org.junit.platform.engine.support.hierarchical.SameThreadHierarchicalTestExecutorService.submit(SameThreadHierarchicalTestExecutorService.java:35)
	at org.junit.platform.engine.support.hierarchical.HierarchicalTestExecutor.execute(HierarchicalTestExecutor.java:57)
	at org.junit.platform.engine.support.hierarchical.HierarchicalTestEngine.execute(HierarchicalTestEngine.java:54)
	at org.junit.platform.launcher.core.EngineExecutionOrchestrator.execute(EngineExecutionOrchestrator.java:198)
	at org.junit.platform.launcher.core.EngineExecutionOrchestrator.execute(EngineExecutionOrchestrator.java:169)
	at org.junit.platform.launcher.core.EngineExecutionOrchestrator.execute(EngineExecutionOrchestrator.java:93)
	at org.junit.platform.launcher.core.EngineExecutionOrchestrator.lambda$execute$0(EngineExecutionOrchestrator.java:58)
	at org.junit.platform.launcher.core.EngineExecutionOrchestrator.withInterceptedStreams(EngineExecutionOrchestrator.java:141)
	at org.junit.platform.launcher.core.EngineExecutionOrchestrator.execute(EngineExecutionOrchestrator.java:57)
	at org.junit.platform.launcher.core.DefaultLauncher.execute(DefaultLauncher.java:103)
	at org.junit.platform.launcher.core.DefaultLauncher.execute(DefaultLauncher.java:85)
	at org.junit.platform.launcher.core.DelegatingLauncher.execute(DelegatingLauncher.java:47)
	at org.junit.platform.launcher.core.SessionPerRequestLauncher.execute(SessionPerRequestLauncher.java:63)
	at org.apache.maven.surefire.junitplatform.JUnitPlatformProvider.invokeAllTests(JUnitPlatformProvider.java:154)
	at org.apache.maven.surefire.junitplatform.JUnitPlatformProvider.invoke(JUnitPlatformProvider.java:123)
	at org.apache.maven.surefire.booter.ForkedBooter.runSuitesInProcess(ForkedBooter.java:377)
	at org.apache.maven.surefire.booter.ForkedBooter.execute(ForkedBooter.java:138)
	at org.apache.maven.surefire.booter.ForkedBooter.run(ForkedBooter.java:465)
	at org.apache.maven.surefire.booter.ForkedBooter.main(ForkedBooter.java:451)
2024-04-21 07:22:34,144 [main] ERROR ozone.HddsDatanodeService (HddsDatanodeService.java:stop(556)) - Stopping HttpServer is failed.
java.lang.InterruptedException
	at java.util.concurrent.locks.AbstractQueuedSynchronizer.tryAcquireSharedNanos(AbstractQueuedSynchronizer.java:1326)
	at java.util.concurrent.CountDownLatch.await(CountDownLatch.java:277)
	at org.eclipse.jetty.server.AbstractConnector.doStop(AbstractConnector.java:373)
	at org.eclipse.jetty.server.AbstractNetworkConnector.doStop(AbstractNetworkConnector.java:88)
	at org.eclipse.jetty.server.ServerConnector.doStop(ServerConnector.java:246)
	at org.eclipse.jetty.util.component.AbstractLifeCycle.stop(AbstractLifeCycle.java:94)
	at org.eclipse.jetty.server.Server.doStop(Server.java:459)
	at org.eclipse.jetty.util.component.AbstractLifeCycle.stop(AbstractLifeCycle.java:94)
	at org.apache.hadoop.hdds.server.http.HttpServer2.stop(HttpServer2.java:1364)
	at org.apache.hadoop.hdds.server.http.BaseHttpServer.stop(BaseHttpServer.java:339)
	at org.apache.hadoop.ozone.HddsDatanodeService.stop(HddsDatanodeService.java:554)
	at org.apache.hadoop.ozone.MiniOzoneClusterImpl.stopDatanode(MiniOzoneClusterImpl.java:479)
	at org.apache.hadoop.ozone.MiniOzoneClusterImpl.shutdownHddsDatanode(MiniOzoneClusterImpl.java:381)
	at org.apache.hadoop.ozone.MiniOzoneClusterImpl.shutdownHddsDatanode(MiniOzoneClusterImpl.java:386)
	at org.apache.hadoop.ozone.client.rpc.TestBlockOutputStreamWithFailures.testDatanodeFailureWithPreAllocation(TestBlockOutputStreamWithFailures.java:714)
	at sun.reflect.NativeMethodAccessorImpl.invoke0(Native Method)
	at sun.reflect.NativeMethodAccessorImpl.invoke(NativeMethodAccessorImpl.java:62)
	at sun.reflect.DelegatingMethodAccessorImpl.invoke(DelegatingMethodAccessorImpl.java:43)
	at java.lang.reflect.Method.invoke(Method.java:498)
	at org.junit.platform.commons.util.ReflectionUtils.invokeMethod(ReflectionUtils.java:728)
	at org.junit.jupiter.engine.execution.MethodInvocation.proceed(MethodInvocation.java:60)
	at org.junit.jupiter.engine.execution.InvocationInterceptorChain$ValidatingInvocation.proceed(InvocationInterceptorChain.java:131)
	at org.junit.jupiter.engine.extension.SameThreadTimeoutInvocation.proceed(SameThreadTimeoutInvocation.java:45)
	at org.junit.jupiter.engine.extension.TimeoutExtension.intercept(TimeoutExtension.java:156)
	at org.junit.jupiter.engine.extension.TimeoutExtension.interceptTestableMethod(TimeoutExtension.java:147)
	at org.junit.jupiter.engine.extension.TimeoutExtension.interceptTestTemplateMethod(TimeoutExtension.java:94)
	at org.junit.jupiter.engine.execution.InterceptingExecutableInvoker$ReflectiveInterceptorCall.lambda$ofVoidMethod$0(InterceptingExecutableInvoker.java:103)
	at org.junit.jupiter.engine.execution.InterceptingExecutableInvoker.lambda$invoke$0(InterceptingExecutableInvoker.java:93)
	at org.junit.jupiter.engine.execution.InvocationInterceptorChain$InterceptedInvocation.proceed(InvocationInterceptorChain.java:106)
	at org.junit.jupiter.engine.execution.InvocationInterceptorChain.proceed(InvocationInterceptorChain.java:64)
	at org.junit.jupiter.engine.execution.InvocationInterceptorChain.chainAndInvoke(InvocationInterceptorChain.java:45)
	at org.junit.jupiter.engine.execution.InvocationInterceptorChain.invoke(InvocationInterceptorChain.java:37)
	at org.junit.jupiter.engine.execution.InterceptingExecutableInvoker.invoke(InterceptingExecutableInvoker.java:92)
	at org.junit.jupiter.engine.execution.InterceptingExecutableInvoker.invoke(InterceptingExecutableInvoker.java:86)
	at org.junit.jupiter.engine.descriptor.TestMethodTestDescriptor.lambda$invokeTestMethod$7(TestMethodTestDescriptor.java:218)
	at org.junit.platform.engine.support.hierarchical.ThrowableCollector.execute(ThrowableCollector.java:73)
	at org.junit.jupiter.engine.descriptor.TestMethodTestDescriptor.invokeTestMethod(TestMethodTestDescriptor.java:214)
	at org.junit.jupiter.engine.descriptor.TestMethodTestDescriptor.execute(TestMethodTestDescriptor.java:139)
	at org.junit.jupiter.engine.descriptor.TestMethodTestDescriptor.execute(TestMethodTestDescriptor.java:69)
	at org.junit.platform.engine.support.hierarchical.NodeTestTask.lambda$executeRecursively$6(NodeTestTask.java:151)
	at org.junit.platform.engine.support.hierarchical.ThrowableCollector.execute(ThrowableCollector.java:73)
	at org.junit.platform.engine.support.hierarchical.NodeTestTask.lambda$executeRecursively$8(NodeTestTask.java:141)
	at org.junit.platform.engine.support.hierarchical.Node.around(Node.java:137)
	at org.junit.platform.engine.support.hierarchical.NodeTestTask.lambda$executeRecursively$9(NodeTestTask.java:139)
	at org.junit.platform.engine.support.hierarchical.ThrowableCollector.execute(ThrowableCollector.java:73)
	at org.junit.platform.engine.support.hierarchical.NodeTestTask.executeRecursively(NodeTestTask.java:138)
	at org.junit.platform.engine.support.hierarchical.NodeTestTask.execute(NodeTestTask.java:95)
	at org.junit.platform.engine.support.hierarchical.SameThreadHierarchicalTestExecutorService.submit(SameThreadHierarchicalTestExecutorService.java:35)
	at org.junit.platform.engine.support.hierarchical.NodeTestTask$DefaultDynamicTestExecutor.execute(NodeTestTask.java:226)
	at org.junit.platform.engine.support.hierarchical.NodeTestTask$DefaultDynamicTestExecutor.execute(NodeTestTask.java:204)
	at org.junit.jupiter.engine.descriptor.TestTemplateTestDescriptor.execute(TestTemplateTestDescriptor.java:142)
	at org.junit.jupiter.engine.descriptor.TestTemplateTestDescriptor.lambda$execute$2(TestTemplateTestDescriptor.java:110)
	at java.util.stream.ForEachOps$ForEachOp$OfRef.accept(ForEachOps.java:183)
	at java.util.stream.ReferencePipeline$3$1.accept(ReferencePipeline.java:193)
	at java.util.stream.ReferencePipeline$2$1.accept(ReferencePipeline.java:175)
	at java.util.stream.ReferencePipeline$3$1.accept(ReferencePipeline.java:193)
	at java.util.stream.ForEachOps$ForEachOp$OfRef.accept(ForEachOps.java:183)
	at java.util.stream.ReferencePipeline$3$1.accept(ReferencePipeline.java:193)
	at java.util.stream.ReferencePipeline$3$1.accept(ReferencePipeline.java:193)
	at java.util.stream.ReferencePipeline$3$1.accept(ReferencePipeline.java:193)
	at java.util.stream.ForEachOps$ForEachOp$OfRef.accept(ForEachOps.java:183)
	at java.util.stream.ReferencePipeline$3$1.accept(ReferencePipeline.java:193)
	at java.util.Spliterators$ArraySpliterator.forEachRemaining(Spliterators.java:948)
	at java.util.stream.AbstractPipeline.copyInto(AbstractPipeline.java:482)
	at java.util.stream.AbstractPipeline.wrapAndCopyInto(AbstractPipeline.java:472)
	at java.util.stream.ForEachOps$ForEachOp.evaluateSequential(ForEachOps.java:150)
	at java.util.stream.ForEachOps$ForEachOp$OfRef.evaluateSequential(ForEachOps.java:173)
	at java.util.stream.AbstractPipeline.evaluate(AbstractPipeline.java:234)
	at java.util.stream.ReferencePipeline.forEach(ReferencePipeline.java:485)
	at java.util.stream.ReferencePipeline$7$1.accept(ReferencePipeline.java:272)
	at java.util.stream.ReferencePipeline$3$1.accept(ReferencePipeline.java:193)
	at java.util.stream.ReferencePipeline$3$1.accept(ReferencePipeline.java:193)
	at java.util.stream.ReferencePipeline$3$1.accept(ReferencePipeline.java:193)
	at java.util.ArrayList$ArrayListSpliterator.forEachRemaining(ArrayList.java:1384)
	at java.util.stream.AbstractPipeline.copyInto(AbstractPipeline.java:482)
	at java.util.stream.AbstractPipeline.wrapAndCopyInto(AbstractPipeline.java:472)
	at java.util.stream.ForEachOps$ForEachOp.evaluateSequential(ForEachOps.java:150)
	at java.util.stream.ForEachOps$ForEachOp$OfRef.evaluateSequential(ForEachOps.java:173)
	at java.util.stream.AbstractPipeline.evaluate(AbstractPipeline.java:234)
	at java.util.stream.ReferencePipeline.forEach(ReferencePipeline.java:485)
	at java.util.stream.ReferencePipeline$7$1.accept(ReferencePipeline.java:272)
	at java.util.ArrayList$ArrayListSpliterator.forEachRemaining(ArrayList.java:1384)
	at java.util.stream.AbstractPipeline.copyInto(AbstractPipeline.java:482)
	at java.util.stream.AbstractPipeline.wrapAndCopyInto(AbstractPipeline.java:472)
	at java.util.stream.ForEachOps$ForEachOp.evaluateSequential(ForEachOps.java:150)
	at java.util.stream.ForEachOps$ForEachOp$OfRef.evaluateSequential(ForEachOps.java:173)
	at java.util.stream.AbstractPipeline.evaluate(AbstractPipeline.java:234)
	at java.util.stream.ReferencePipeline.forEach(ReferencePipeline.java:485)
	at org.junit.jupiter.engine.descriptor.TestTemplateTestDescriptor.execute(TestTemplateTestDescriptor.java:110)
	at org.junit.jupiter.engine.descriptor.TestTemplateTestDescriptor.execute(TestTemplateTestDescriptor.java:44)
	at org.junit.platform.engine.support.hierarchical.NodeTestTask.lambda$executeRecursively$6(NodeTestTask.java:151)
	at org.junit.platform.engine.support.hierarchical.ThrowableCollector.execute(ThrowableCollector.java:73)
	at org.junit.platform.engine.support.hierarchical.NodeTestTask.lambda$executeRecursively$8(NodeTestTask.java:141)
	at org.junit.platform.engine.support.hierarchical.Node.around(Node.java:137)
	at org.junit.platform.engine.support.hierarchical.NodeTestTask.lambda$executeRecursively$9(NodeTestTask.java:139)
	at org.junit.platform.engine.support.hierarchical.ThrowableCollector.execute(ThrowableCollector.java:73)
	at org.junit.platform.engine.support.hierarchical.NodeTestTask.executeRecursively(NodeTestTask.java:138)
	at org.junit.platform.engine.support.hierarchical.NodeTestTask.execute(NodeTestTask.java:95)
	at java.util.ArrayList.forEach(ArrayList.java:1259)
	at org.junit.platform.engine.support.hierarchical.SameThreadHierarchicalTestExecutorService.invokeAll(SameThreadHierarchicalTestExecutorService.java:41)
	at org.junit.platform.engine.support.hierarchical.NodeTestTask.lambda$executeRecursively$6(NodeTestTask.java:155)
	at org.junit.platform.engine.support.hierarchical.ThrowableCollector.execute(ThrowableCollector.java:73)
	at org.junit.platform.engine.support.hierarchical.NodeTestTask.lambda$executeRecursively$8(NodeTestTask.java:141)
	at org.junit.platform.engine.support.hierarchical.Node.around(Node.java:137)
	at org.junit.platform.engine.support.hierarchical.NodeTestTask.lambda$executeRecursively$9(NodeTestTask.java:139)
	at org.junit.platform.engine.support.hierarchical.ThrowableCollector.execute(ThrowableCollector.java:73)
	at org.junit.platform.engine.support.hierarchical.NodeTestTask.executeRecursively(NodeTestTask.java:138)
	at org.junit.platform.engine.support.hierarchical.NodeTestTask.execute(NodeTestTask.java:95)
	at java.util.ArrayList.forEach(ArrayList.java:1259)
	at org.junit.platform.engine.support.hierarchical.SameThreadHierarchicalTestExecutorService.invokeAll(SameThreadHierarchicalTestExecutorService.java:41)
	at org.junit.platform.engine.support.hierarchical.NodeTestTask.lambda$executeRecursively$6(NodeTestTask.java:155)
	at org.junit.platform.engine.support.hierarchical.ThrowableCollector.execute(ThrowableCollector.java:73)
	at org.junit.platform.engine.support.hierarchical.NodeTestTask.lambda$executeRecursively$8(NodeTestTask.java:141)
	at org.junit.platform.engine.support.hierarchical.Node.around(Node.java:137)
	at org.junit.platform.engine.support.hierarchical.NodeTestTask.lambda$executeRecursively$9(NodeTestTask.java:139)
	at org.junit.platform.engine.support.hierarchical.ThrowableCollector.execute(ThrowableCollector.java:73)
	at org.junit.platform.engine.support.hierarchical.NodeTestTask.executeRecursively(NodeTestTask.java:138)
	at org.junit.platform.engine.support.hierarchical.NodeTestTask.execute(NodeTestTask.java:95)
	at org.junit.platform.engine.support.hierarchical.SameThreadHierarchicalTestExecutorService.submit(SameThreadHierarchicalTestExecutorService.java:35)
	at org.junit.platform.engine.support.hierarchical.HierarchicalTestExecutor.execute(HierarchicalTestExecutor.java:57)
	at org.junit.platform.engine.support.hierarchical.HierarchicalTestEngine.execute(HierarchicalTestEngine.java:54)
	at org.junit.platform.launcher.core.EngineExecutionOrchestrator.execute(EngineExecutionOrchestrator.java:198)
	at org.junit.platform.launcher.core.EngineExecutionOrchestrator.execute(EngineExecutionOrchestrator.java:169)
	at org.junit.platform.launcher.core.EngineExecutionOrchestrator.execute(EngineExecutionOrchestrator.java:93)
	at org.junit.platform.launcher.core.EngineExecutionOrchestrator.lambda$execute$0(EngineExecutionOrchestrator.java:58)
	at org.junit.platform.launcher.core.EngineExecutionOrchestrator.withInterceptedStreams(EngineExecutionOrchestrator.java:141)
	at org.junit.platform.launcher.core.EngineExecutionOrchestrator.execute(EngineExecutionOrchestrator.java:57)
	at org.junit.platform.launcher.core.DefaultLauncher.execute(DefaultLauncher.java:103)
	at org.junit.platform.launcher.core.DefaultLauncher.execute(DefaultLauncher.java:85)
	at org.junit.platform.launcher.core.DelegatingLauncher.execute(DelegatingLauncher.java:47)
	at org.junit.platform.launcher.core.SessionPerRequestLauncher.execute(SessionPerRequestLauncher.java:63)
	at org.apache.maven.surefire.junitplatform.JUnitPlatformProvider.invokeAllTests(JUnitPlatformProvider.java:154)
	at org.apache.maven.surefire.junitplatform.JUnitPlatformProvider.invoke(JUnitPlatformProvider.java:123)
	at org.apache.maven.surefire.booter.ForkedBooter.runSuitesInProcess(ForkedBooter.java:377)
	at org.apache.maven.surefire.booter.ForkedBooter.execute(ForkedBooter.java:138)
	at org.apache.maven.surefire.booter.ForkedBooter.run(ForkedBooter.java:465)
	at org.apache.maven.surefire.booter.ForkedBooter.main(ForkedBooter.java:451)
2024-04-21 07:22:34,145 [main] INFO  ozone.HddsDatanodeClientProtocolServer (HddsDatanodeClientProtocolServer.java:stop(83)) - Stopping the RPC server for Client Protocol
2024-04-21 07:22:34,145 [main] INFO  ipc.Server (Server.java:stop(3523)) - Stopping server on 15134
2024-04-21 07:22:34,146 [IPC Server listener on 15134] INFO  ipc.Server (Server.java:run(1434)) - Stopping IPC Server listener on 15134
2024-04-21 07:22:34,146 [IPC Server Responder] INFO  ipc.Server (Server.java:run(1567)) - Stopping IPC Server Responder
2024-04-21 07:22:34,148 [main] ERROR impl.OrderedAsync (OrderedAsync.java:lambda$sendRequest$9(247)) - client-63A183A4D00A: Failed* RaftClientRequest:client-63A183A4D00A->6cf56e53-88cb-4022-bd56-d9b5c4d884ee@group-5E161AF68217, cid=111, seq=10, RW, cmdType: WriteChunk
traceID: ""
containerID: 1
datanodeUuid: "6cf56e53-88cb-4022-bd56-d9b5c4d884ee"
writeChunk {
  blockID {
    containerID: 1
    localID: 113750153625600001
    blockCommitSequenceId: 9
    replicaIndex: 0
  }
  chunkData {
    chunkName: "113750153625600001_chunk_6"
    offset: 500
    len: 100
    checksumData {
      type: NONE
      bytesPerChecksum: 1048576
    }
  }
}
, data.size=100
java.util.concurrent.CompletionException: org.apache.ratis.protocol.exceptions.AlreadyClosedException: client-63A183A4D00A->6cf56e53-88cb-4022-bd56-d9b5c4d884ee is closed.
	at java.util.concurrent.CompletableFuture.encodeThrowable(CompletableFuture.java:292)
	at java.util.concurrent.CompletableFuture.completeThrowable(CompletableFuture.java:308)
	at java.util.concurrent.CompletableFuture.uniApply(CompletableFuture.java:607)
	at java.util.concurrent.CompletableFuture.uniApplyStage(CompletableFuture.java:628)
	at java.util.concurrent.CompletableFuture.thenApply(CompletableFuture.java:1996)
	at org.apache.ratis.client.impl.OrderedAsync.sendRequest(OrderedAsync.java:239)
	at org.apache.ratis.client.impl.OrderedAsync.sendRequestWithRetry(OrderedAsync.java:203)
	at org.apache.ratis.util.SlidingWindow$Client.sendOrDelayRequest(SlidingWindow.java:303)
	at org.apache.ratis.util.SlidingWindow$Client.submitNewRequest(SlidingWindow.java:291)
	at org.apache.ratis.client.impl.OrderedAsync.send(OrderedAsync.java:171)
	at org.apache.ratis.client.impl.AsyncImpl.send(AsyncImpl.java:41)
	at org.apache.ratis.client.impl.AsyncImpl.send(AsyncImpl.java:46)
	at org.apache.hadoop.hdds.scm.XceiverClientRatis.lambda$sendRequestAsync$2(XceiverClientRatis.java:237)
	at org.apache.hadoop.hdds.tracing.TracingUtil.executeInSpan(TracingUtil.java:169)
	at org.apache.hadoop.hdds.tracing.TracingUtil.executeInNewSpan(TracingUtil.java:159)
	at org.apache.hadoop.hdds.scm.XceiverClientRatis.sendRequestAsync(XceiverClientRatis.java:222)
	at org.apache.hadoop.hdds.scm.XceiverClientRatis.sendCommandAsync(XceiverClientRatis.java:325)
	at org.apache.hadoop.hdds.scm.storage.ContainerProtocolCalls.writeChunkAsync(ContainerProtocolCalls.java:432)
	at org.apache.hadoop.hdds.scm.storage.BlockOutputStream.writeChunkToContainer(BlockOutputStream.java:720)
	at org.apache.hadoop.hdds.scm.storage.BlockOutputStream.writeChunk(BlockOutputStream.java:538)
	at org.apache.hadoop.hdds.scm.storage.BlockOutputStream.writeChunkIfNeeded(BlockOutputStream.java:267)
	at org.apache.hadoop.hdds.scm.storage.BlockOutputStream.write(BlockOutputStream.java:290)
	at org.apache.hadoop.ozone.client.io.BlockOutputStreamEntry.write(BlockOutputStreamEntry.java:137)
	at org.apache.hadoop.ozone.client.io.KeyOutputStream.writeToOutputStream(KeyOutputStream.java:250)
	at org.apache.hadoop.ozone.client.io.KeyOutputStream.handleWrite(KeyOutputStream.java:228)
	at org.apache.hadoop.ozone.client.io.KeyOutputStream.write(KeyOutputStream.java:208)
	at org.apache.hadoop.ozone.client.io.OzoneOutputStream.write(OzoneOutputStream.java:94)
	at java.io.OutputStream.write(OutputStream.java:75)
	at org.apache.hadoop.ozone.client.rpc.TestBlockOutputStreamWithFailures.testDatanodeFailureWithPreAllocation(TestBlockOutputStreamWithFailures.java:719)
	at sun.reflect.NativeMethodAccessorImpl.invoke0(Native Method)
	at sun.reflect.NativeMethodAccessorImpl.invoke(NativeMethodAccessorImpl.java:62)
	at sun.reflect.DelegatingMethodAccessorImpl.invoke(DelegatingMethodAccessorImpl.java:43)
	at java.lang.reflect.Method.invoke(Method.java:498)
	at org.junit.platform.commons.util.ReflectionUtils.invokeMethod(ReflectionUtils.java:728)
	at org.junit.jupiter.engine.execution.MethodInvocation.proceed(MethodInvocation.java:60)
	at org.junit.jupiter.engine.execution.InvocationInterceptorChain$ValidatingInvocation.proceed(InvocationInterceptorChain.java:131)
	at org.junit.jupiter.engine.extension.SameThreadTimeoutInvocation.proceed(SameThreadTimeoutInvocation.java:45)
	at org.junit.jupiter.engine.extension.TimeoutExtension.intercept(TimeoutExtension.java:156)
	at org.junit.jupiter.engine.extension.TimeoutExtension.interceptTestableMethod(TimeoutExtension.java:147)
	at org.junit.jupiter.engine.extension.TimeoutExtension.interceptTestTemplateMethod(TimeoutExtension.java:94)
	at org.junit.jupiter.engine.execution.InterceptingExecutableInvoker$ReflectiveInterceptorCall.lambda$ofVoidMethod$0(InterceptingExecutableInvoker.java:103)
	at org.junit.jupiter.engine.execution.InterceptingExecutableInvoker.lambda$invoke$0(InterceptingExecutableInvoker.java:93)
	at org.junit.jupiter.engine.execution.InvocationInterceptorChain$InterceptedInvocation.proceed(InvocationInterceptorChain.java:106)
	at org.junit.jupiter.engine.execution.InvocationInterceptorChain.proceed(InvocationInterceptorChain.java:64)
	at org.junit.jupiter.engine.execution.InvocationInterceptorChain.chainAndInvoke(InvocationInterceptorChain.java:45)
	at org.junit.jupiter.engine.execution.InvocationInterceptorChain.invoke(InvocationInterceptorChain.java:37)
	at org.junit.jupiter.engine.execution.InterceptingExecutableInvoker.invoke(InterceptingExecutableInvoker.java:92)
	at org.junit.jupiter.engine.execution.InterceptingExecutableInvoker.invoke(InterceptingExecutableInvoker.java:86)
	at org.junit.jupiter.engine.descriptor.TestMethodTestDescriptor.lambda$invokeTestMethod$7(TestMethodTestDescriptor.java:218)
	at org.junit.platform.engine.support.hierarchical.ThrowableCollector.execute(ThrowableCollector.java:73)
	at org.junit.jupiter.engine.descriptor.TestMethodTestDescriptor.invokeTestMethod(TestMethodTestDescriptor.java:214)
	at org.junit.jupiter.engine.descriptor.TestMethodTestDescriptor.execute(TestMethodTestDescriptor.java:139)
	at org.junit.jupiter.engine.descriptor.TestMethodTestDescriptor.execute(TestMethodTestDescriptor.java:69)
	at org.junit.platform.engine.support.hierarchical.NodeTestTask.lambda$executeRecursively$6(NodeTestTask.java:151)
	at org.junit.platform.engine.support.hierarchical.ThrowableCollector.execute(ThrowableCollector.java:73)
	at org.junit.platform.engine.support.hierarchical.NodeTestTask.lambda$executeRecursively$8(NodeTestTask.java:141)
	at org.junit.platform.engine.support.hierarchical.Node.around(Node.java:137)
	at org.junit.platform.engine.support.hierarchical.NodeTestTask.lambda$executeRecursively$9(NodeTestTask.java:139)
	at org.junit.platform.engine.support.hierarchical.ThrowableCollector.execute(ThrowableCollector.java:73)
	at org.junit.platform.engine.support.hierarchical.NodeTestTask.executeRecursively(NodeTestTask.java:138)
	at org.junit.platform.engine.support.hierarchical.NodeTestTask.execute(NodeTestTask.java:95)
	at org.junit.platform.engine.support.hierarchical.SameThreadHierarchicalTestExecutorService.submit(SameThreadHierarchicalTestExecutorService.java:35)
	at org.junit.platform.engine.support.hierarchical.NodeTestTask$DefaultDynamicTestExecutor.execute(NodeTestTask.java:226)
	at org.junit.platform.engine.support.hierarchical.NodeTestTask$DefaultDynamicTestExecutor.execute(NodeTestTask.java:204)
	at org.junit.jupiter.engine.descriptor.TestTemplateTestDescriptor.execute(TestTemplateTestDescriptor.java:142)
	at org.junit.jupiter.engine.descriptor.TestTemplateTestDescriptor.lambda$execute$2(TestTemplateTestDescriptor.java:110)
	at java.util.stream.ForEachOps$ForEachOp$OfRef.accept(ForEachOps.java:183)
	at java.util.stream.ReferencePipeline$3$1.accept(ReferencePipeline.java:193)
	at java.util.stream.ReferencePipeline$2$1.accept(ReferencePipeline.java:175)
	at java.util.stream.ReferencePipeline$3$1.accept(ReferencePipeline.java:193)
	at java.util.stream.ForEachOps$ForEachOp$OfRef.accept(ForEachOps.java:183)
	at java.util.stream.ReferencePipeline$3$1.accept(ReferencePipeline.java:193)
	at java.util.stream.ReferencePipeline$3$1.accept(ReferencePipeline.java:193)
	at java.util.stream.ReferencePipeline$3$1.accept(ReferencePipeline.java:193)
	at java.util.stream.ForEachOps$ForEachOp$OfRef.accept(ForEachOps.java:183)
	at java.util.stream.ReferencePipeline$3$1.accept(ReferencePipeline.java:193)
	at java.util.Spliterators$ArraySpliterator.forEachRemaining(Spliterators.java:948)
	at java.util.stream.AbstractPipeline.copyInto(AbstractPipeline.java:482)
	at java.util.stream.AbstractPipeline.wrapAndCopyInto(AbstractPipeline.java:472)
	at java.util.stream.ForEachOps$ForEachOp.evaluateSequential(ForEachOps.java:150)
	at java.util.stream.ForEachOps$ForEachOp$OfRef.evaluateSequential(ForEachOps.java:173)
	at java.util.stream.AbstractPipeline.evaluate(AbstractPipeline.java:234)
	at java.util.stream.ReferencePipeline.forEach(ReferencePipeline.java:485)
	at java.util.stream.ReferencePipeline$7$1.accept(ReferencePipeline.java:272)
	at java.util.stream.ReferencePipeline$3$1.accept(ReferencePipeline.java:193)
	at java.util.stream.ReferencePipeline$3$1.accept(ReferencePipeline.java:193)
	at java.util.stream.ReferencePipeline$3$1.accept(ReferencePipeline.java:193)
	at java.util.ArrayList$ArrayListSpliterator.forEachRemaining(ArrayList.java:1384)
	at java.util.stream.AbstractPipeline.copyInto(AbstractPipeline.java:482)
	at java.util.stream.AbstractPipeline.wrapAndCopyInto(AbstractPipeline.java:472)
	at java.util.stream.ForEachOps$ForEachOp.evaluateSequential(ForEachOps.java:150)
	at java.util.stream.ForEachOps$ForEachOp$OfRef.evaluateSequential(ForEachOps.java:173)
	at java.util.stream.AbstractPipeline.evaluate(AbstractPipeline.java:234)
	at java.util.stream.ReferencePipeline.forEach(ReferencePipeline.java:485)
	at java.util.stream.ReferencePipeline$7$1.accept(ReferencePipeline.java:272)
	at java.util.ArrayList$ArrayListSpliterator.forEachRemaining(ArrayList.java:1384)
	at java.util.stream.AbstractPipeline.copyInto(AbstractPipeline.java:482)
	at java.util.stream.AbstractPipeline.wrapAndCopyInto(AbstractPipeline.java:472)
	at java.util.stream.ForEachOps$ForEachOp.evaluateSequential(ForEachOps.java:150)
	at java.util.stream.ForEachOps$ForEachOp$OfRef.evaluateSequential(ForEachOps.java:173)
	at java.util.stream.AbstractPipeline.evaluate(AbstractPipeline.java:234)
	at java.util.stream.ReferencePipeline.forEach(ReferencePipeline.java:485)
	at org.junit.jupiter.engine.descriptor.TestTemplateTestDescriptor.execute(TestTemplateTestDescriptor.java:110)
	at org.junit.jupiter.engine.descriptor.TestTemplateTestDescriptor.execute(TestTemplateTestDescriptor.java:44)
	at org.junit.platform.engine.support.hierarchical.NodeTestTask.lambda$executeRecursively$6(NodeTestTask.java:151)
	at org.junit.platform.engine.support.hierarchical.ThrowableCollector.execute(ThrowableCollector.java:73)
	at org.junit.platform.engine.support.hierarchical.NodeTestTask.lambda$executeRecursively$8(NodeTestTask.java:141)
	at org.junit.platform.engine.support.hierarchical.Node.around(Node.java:137)
	at org.junit.platform.engine.support.hierarchical.NodeTestTask.lambda$executeRecursively$9(NodeTestTask.java:139)
	at org.junit.platform.engine.support.hierarchical.ThrowableCollector.execute(ThrowableCollector.java:73)
	at org.junit.platform.engine.support.hierarchical.NodeTestTask.executeRecursively(NodeTestTask.java:138)
	at org.junit.platform.engine.support.hierarchical.NodeTestTask.execute(NodeTestTask.java:95)
	at java.util.ArrayList.forEach(ArrayList.java:1259)
	at org.junit.platform.engine.support.hierarchical.SameThreadHierarchicalTestExecutorService.invokeAll(SameThreadHierarchicalTestExecutorService.java:41)
	at org.junit.platform.engine.support.hierarchical.NodeTestTask.lambda$executeRecursively$6(NodeTestTask.java:155)
	at org.junit.platform.engine.support.hierarchical.ThrowableCollector.execute(ThrowableCollector.java:73)
	at org.junit.platform.engine.support.hierarchical.NodeTestTask.lambda$executeRecursively$8(NodeTestTask.java:141)
	at org.junit.platform.engine.support.hierarchical.Node.around(Node.java:137)
	at org.junit.platform.engine.support.hierarchical.NodeTestTask.lambda$executeRecursively$9(NodeTestTask.java:139)
	at org.junit.platform.engine.support.hierarchical.ThrowableCollector.execute(ThrowableCollector.java:73)
	at org.junit.platform.engine.support.hierarchical.NodeTestTask.executeRecursively(NodeTestTask.java:138)
	at org.junit.platform.engine.support.hierarchical.NodeTestTask.execute(NodeTestTask.java:95)
	at java.util.ArrayList.forEach(ArrayList.java:1259)
	at org.junit.platform.engine.support.hierarchical.SameThreadHierarchicalTestExecutorService.invokeAll(SameThreadHierarchicalTestExecutorService.java:41)
	at org.junit.platform.engine.support.hierarchical.NodeTestTask.lambda$executeRecursively$6(NodeTestTask.java:155)
	at org.junit.platform.engine.support.hierarchical.ThrowableCollector.execute(ThrowableCollector.java:73)
	at org.junit.platform.engine.support.hierarchical.NodeTestTask.lambda$executeRecursively$8(NodeTestTask.java:141)
	at org.junit.platform.engine.support.hierarchical.Node.around(Node.java:137)
	at org.junit.platform.engine.support.hierarchical.NodeTestTask.lambda$executeRecursively$9(NodeTestTask.java:139)
	at org.junit.platform.engine.support.hierarchical.ThrowableCollector.execute(ThrowableCollector.java:73)
	at org.junit.platform.engine.support.hierarchical.NodeTestTask.executeRecursively(NodeTestTask.java:138)
	at org.junit.platform.engine.support.hierarchical.NodeTestTask.execute(NodeTestTask.java:95)
	at org.junit.platform.engine.support.hierarchical.SameThreadHierarchicalTestExecutorService.submit(SameThreadHierarchicalTestExecutorService.java:35)
	at org.junit.platform.engine.support.hierarchical.HierarchicalTestExecutor.execute(HierarchicalTestExecutor.java:57)
	at org.junit.platform.engine.support.hierarchical.HierarchicalTestEngine.execute(HierarchicalTestEngine.java:54)
	at org.junit.platform.launcher.core.EngineExecutionOrchestrator.execute(EngineExecutionOrchestrator.java:198)
	at org.junit.platform.launcher.core.EngineExecutionOrchestrator.execute(EngineExecutionOrchestrator.java:169)
	at org.junit.platform.launcher.core.EngineExecutionOrchestrator.execute(EngineExecutionOrchestrator.java:93)
	at org.junit.platform.launcher.core.EngineExecutionOrchestrator.lambda$execute$0(EngineExecutionOrchestrator.java:58)
	at org.junit.platform.launcher.core.EngineExecutionOrchestrator.withInterceptedStreams(EngineExecutionOrchestrator.java:141)
	at org.junit.platform.launcher.core.EngineExecutionOrchestrator.execute(EngineExecutionOrchestrator.java:57)
	at org.junit.platform.launcher.core.DefaultLauncher.execute(DefaultLauncher.java:103)
	at org.junit.platform.launcher.core.DefaultLauncher.execute(DefaultLauncher.java:85)
	at org.junit.platform.launcher.core.DelegatingLauncher.execute(DelegatingLauncher.java:47)
	at org.junit.platform.launcher.core.SessionPerRequestLauncher.execute(SessionPerRequestLauncher.java:63)
	at org.apache.maven.surefire.junitplatform.JUnitPlatformProvider.invokeAllTests(JUnitPlatformProvider.java:154)
	at org.apache.maven.surefire.junitplatform.JUnitPlatformProvider.invoke(JUnitPlatformProvider.java:123)
	at org.apache.maven.surefire.booter.ForkedBooter.runSuitesInProcess(ForkedBooter.java:377)
	at org.apache.maven.surefire.booter.ForkedBooter.execute(ForkedBooter.java:138)
	at org.apache.maven.surefire.booter.ForkedBooter.run(ForkedBooter.java:465)
	at org.apache.maven.surefire.booter.ForkedBooter.main(ForkedBooter.java:451)
Caused by: org.apache.ratis.protocol.exceptions.AlreadyClosedException: client-63A183A4D00A->6cf56e53-88cb-4022-bd56-d9b5c4d884ee is closed.
	at org.apache.ratis.grpc.client.GrpcClientProtocolClient$AsyncStreamObservers.onNext(GrpcClientProtocolClient.java:349)
	at org.apache.ratis.grpc.client.GrpcClientRpc.sendRequestAsync(GrpcClientRpc.java:71)
	... 146 more
2024-04-21 07:22:40,527 [grpc-default-executor-9] ERROR impl.OrderedAsync (OrderedAsync.java:lambda$sendRequest$9(247)) - client-63A183A4D00A: Failed* RaftClientRequest:client-63A183A4D00A->6cf56e53-88cb-4022-bd56-d9b5c4d884ee@group-5E161AF68217, cid=111, seq=10*, RW, cmdType: WriteChunk
traceID: ""
containerID: 1
datanodeUuid: "6cf56e53-88cb-4022-bd56-d9b5c4d884ee"
writeChunk {
  blockID {
    containerID: 1
    localID: 113750153625600001
    blockCommitSequenceId: 9
    replicaIndex: 0
  }
  chunkData {
    chunkName: "113750153625600001_chunk_6"
    offset: 500
    len: 100
    checksumData {
      type: NONE
      bytesPerChecksum: 1048576
    }
  }
}
, data.size=100
java.util.concurrent.CompletionException: java.io.IOException: org.apache.ratis.thirdparty.io.grpc.StatusRuntimeException: UNAVAILABLE: io exception
	at java.util.concurrent.CompletableFuture.encodeThrowable(CompletableFuture.java:292)
	at java.util.concurrent.CompletableFuture.completeThrowable(CompletableFuture.java:308)
	at java.util.concurrent.CompletableFuture.uniApply(CompletableFuture.java:607)
	at java.util.concurrent.CompletableFuture$UniApply.tryFire(CompletableFuture.java:591)
	at java.util.concurrent.CompletableFuture.postComplete(CompletableFuture.java:488)
	at java.util.concurrent.CompletableFuture.completeExceptionally(CompletableFuture.java:1990)
	at org.apache.ratis.grpc.client.GrpcClientProtocolClient$AsyncStreamObservers.completeReplyExceptionally(GrpcClientProtocolClient.java:394)
	at org.apache.ratis.grpc.client.GrpcClientProtocolClient$AsyncStreamObservers.access$000(GrpcClientProtocolClient.java:300)
	at org.apache.ratis.grpc.client.GrpcClientProtocolClient$AsyncStreamObservers$1.onError(GrpcClientProtocolClient.java:331)
	at org.apache.ratis.thirdparty.io.grpc.stub.ClientCalls$StreamObserverToCallListenerAdapter.onClose(ClientCalls.java:481)
	at org.apache.ratis.thirdparty.io.grpc.PartialForwardingClientCallListener.onClose(PartialForwardingClientCallListener.java:39)
	at org.apache.ratis.thirdparty.io.grpc.ForwardingClientCallListener.onClose(ForwardingClientCallListener.java:23)
	at org.apache.ratis.grpc.metrics.intercept.client.MetricClientCallListener.onClose(MetricClientCallListener.java:47)
	at org.apache.ratis.thirdparty.io.grpc.internal.DelayedClientCall$DelayedListener$3.run(DelayedClientCall.java:489)
	at org.apache.ratis.thirdparty.io.grpc.internal.DelayedClientCall$DelayedListener.delayOrExecute(DelayedClientCall.java:453)
	at org.apache.ratis.thirdparty.io.grpc.internal.DelayedClientCall$DelayedListener.onClose(DelayedClientCall.java:486)
	at org.apache.ratis.thirdparty.io.grpc.internal.ClientCallImpl.closeObserver(ClientCallImpl.java:567)
	at org.apache.ratis.thirdparty.io.grpc.internal.ClientCallImpl.access$300(ClientCallImpl.java:71)
	at org.apache.ratis.thirdparty.io.grpc.internal.ClientCallImpl$ClientStreamListenerImpl$1StreamClosed.runInternal(ClientCallImpl.java:735)
	at org.apache.ratis.thirdparty.io.grpc.internal.ClientCallImpl$ClientStreamListenerImpl$1StreamClosed.runInContext(ClientCallImpl.java:716)
	at org.apache.ratis.thirdparty.io.grpc.internal.ContextRunnable.run(ContextRunnable.java:37)
	at org.apache.ratis.thirdparty.io.grpc.internal.SerializingExecutor.run(SerializingExecutor.java:133)
	at java.util.concurrent.ThreadPoolExecutor.runWorker(ThreadPoolExecutor.java:1149)
	at java.util.concurrent.ThreadPoolExecutor$Worker.run(ThreadPoolExecutor.java:624)
	at java.lang.Thread.run(Thread.java:750)
Caused by: java.io.IOException: org.apache.ratis.thirdparty.io.grpc.StatusRuntimeException: UNAVAILABLE: io exception
	at org.apache.ratis.grpc.GrpcUtil.unwrapException(GrpcUtil.java:99)
	at org.apache.ratis.grpc.GrpcUtil.unwrapIOException(GrpcUtil.java:159)
	at org.apache.ratis.grpc.client.GrpcClientProtocolClient$AsyncStreamObservers$1.onError(GrpcClientProtocolClient.java:330)
	... 16 more
Caused by: org.apache.ratis.thirdparty.io.grpc.StatusRuntimeException: UNAVAILABLE: io exception
	at org.apache.ratis.thirdparty.io.grpc.Status.asRuntimeException(Status.java:537)
	... 16 more
Caused by: org.apache.ratis.thirdparty.io.netty.channel.AbstractChannel$AnnotatedConnectException: finishConnect(..) failed: Connection refused: /10.1.0.102:15136
Caused by: java.net.ConnectException: finishConnect(..) failed: Connection refused
	at org.apache.ratis.thirdparty.io.netty.channel.unix.Errors.newConnectException0(Errors.java:166)
	at org.apache.ratis.thirdparty.io.netty.channel.unix.Errors.handleConnectErrno(Errors.java:131)
	at org.apache.ratis.thirdparty.io.netty.channel.unix.Socket.finishConnect(Socket.java:359)
	at org.apache.ratis.thirdparty.io.netty.channel.epoll.AbstractEpollChannel$AbstractEpollUnsafe.doFinishConnect(AbstractEpollChannel.java:710)
	at org.apache.ratis.thirdparty.io.netty.channel.epoll.AbstractEpollChannel$AbstractEpollUnsafe.finishConnect(AbstractEpollChannel.java:687)
	at org.apache.ratis.thirdparty.io.netty.channel.epoll.AbstractEpollChannel$AbstractEpollUnsafe.epollOutReady(AbstractEpollChannel.java:567)
	at org.apache.ratis.thirdparty.io.netty.channel.epoll.EpollEventLoop.processReady(EpollEventLoop.java:499)
	at org.apache.ratis.thirdparty.io.netty.channel.epoll.EpollEventLoop.run(EpollEventLoop.java:407)
	at org.apache.ratis.thirdparty.io.netty.util.concurrent.SingleThreadEventExecutor$4.run(SingleThreadEventExecutor.java:997)
	at org.apache.ratis.thirdparty.io.netty.util.internal.ThreadExecutorMap$2.run(ThreadExecutorMap.java:74)
	at org.apache.ratis.thirdparty.io.netty.util.concurrent.FastThreadLocalRunnable.run(FastThreadLocalRunnable.java:30)
	at java.lang.Thread.run(Thread.java:750)
2024-04-21 07:22:47,035 [grpc-default-executor-11] ERROR impl.OrderedAsync (OrderedAsync.java:lambda$sendRequest$9(247)) - client-63A183A4D00A: Failed* RaftClientRequest:client-63A183A4D00A->6cf56e53-88cb-4022-bd56-d9b5c4d884ee@group-5E161AF68217, cid=111, seq=10*, RW, cmdType: WriteChunk
traceID: ""
containerID: 1
datanodeUuid: "6cf56e53-88cb-4022-bd56-d9b5c4d884ee"
writeChunk {
  blockID {
    containerID: 1
    localID: 113750153625600001
    blockCommitSequenceId: 9
    replicaIndex: 0
  }
  chunkData {
    chunkName: "113750153625600001_chunk_6"
    offset: 500
    len: 100
    checksumData {
      type: NONE
      bytesPerChecksum: 1048576
    }
  }
}
, data.size=100
java.util.concurrent.CompletionException: java.io.IOException: org.apache.ratis.thirdparty.io.grpc.StatusRuntimeException: UNAVAILABLE: io exception
	at java.util.concurrent.CompletableFuture.encodeThrowable(CompletableFuture.java:292)
	at java.util.concurrent.CompletableFuture.completeThrowable(CompletableFuture.java:308)
	at java.util.concurrent.CompletableFuture.uniApply(CompletableFuture.java:607)
	at java.util.concurrent.CompletableFuture$UniApply.tryFire(CompletableFuture.java:591)
	at java.util.concurrent.CompletableFuture.postComplete(CompletableFuture.java:488)
	at java.util.concurrent.CompletableFuture.completeExceptionally(CompletableFuture.java:1990)
	at org.apache.ratis.grpc.client.GrpcClientProtocolClient$AsyncStreamObservers.completeReplyExceptionally(GrpcClientProtocolClient.java:394)
	at org.apache.ratis.grpc.client.GrpcClientProtocolClient$AsyncStreamObservers.access$000(GrpcClientProtocolClient.java:300)
	at org.apache.ratis.grpc.client.GrpcClientProtocolClient$AsyncStreamObservers$1.onError(GrpcClientProtocolClient.java:331)
	at org.apache.ratis.thirdparty.io.grpc.stub.ClientCalls$StreamObserverToCallListenerAdapter.onClose(ClientCalls.java:481)
	at org.apache.ratis.thirdparty.io.grpc.PartialForwardingClientCallListener.onClose(PartialForwardingClientCallListener.java:39)
	at org.apache.ratis.thirdparty.io.grpc.ForwardingClientCallListener.onClose(ForwardingClientCallListener.java:23)
	at org.apache.ratis.grpc.metrics.intercept.client.MetricClientCallListener.onClose(MetricClientCallListener.java:47)
	at org.apache.ratis.thirdparty.io.grpc.internal.DelayedClientCall$DelayedListener$3.run(DelayedClientCall.java:489)
	at org.apache.ratis.thirdparty.io.grpc.internal.DelayedClientCall$DelayedListener.delayOrExecute(DelayedClientCall.java:453)
	at org.apache.ratis.thirdparty.io.grpc.internal.DelayedClientCall$DelayedListener.onClose(DelayedClientCall.java:486)
	at org.apache.ratis.thirdparty.io.grpc.internal.ClientCallImpl.closeObserver(ClientCallImpl.java:567)
	at org.apache.ratis.thirdparty.io.grpc.internal.ClientCallImpl.access$300(ClientCallImpl.java:71)
	at org.apache.ratis.thirdparty.io.grpc.internal.ClientCallImpl$ClientStreamListenerImpl$1StreamClosed.runInternal(ClientCallImpl.java:735)
	at org.apache.ratis.thirdparty.io.grpc.internal.ClientCallImpl$ClientStreamListenerImpl$1StreamClosed.runInContext(ClientCallImpl.java:716)
	at org.apache.ratis.thirdparty.io.grpc.internal.ContextRunnable.run(ContextRunnable.java:37)
	at org.apache.ratis.thirdparty.io.grpc.internal.SerializingExecutor.run(SerializingExecutor.java:133)
	at java.util.concurrent.ThreadPoolExecutor.runWorker(ThreadPoolExecutor.java:1149)
	at java.util.concurrent.ThreadPoolExecutor$Worker.run(ThreadPoolExecutor.java:624)
	at java.lang.Thread.run(Thread.java:750)
Caused by: java.io.IOException: org.apache.ratis.thirdparty.io.grpc.StatusRuntimeException: UNAVAILABLE: io exception
	at org.apache.ratis.grpc.GrpcUtil.unwrapException(GrpcUtil.java:99)
	at org.apache.ratis.grpc.GrpcUtil.unwrapIOException(GrpcUtil.java:159)
	at org.apache.ratis.grpc.client.GrpcClientProtocolClient$AsyncStreamObservers$1.onError(GrpcClientProtocolClient.java:330)
	... 16 more
Caused by: org.apache.ratis.thirdparty.io.grpc.StatusRuntimeException: UNAVAILABLE: io exception
	at org.apache.ratis.thirdparty.io.grpc.Status.asRuntimeException(Status.java:537)
	... 16 more
Caused by: org.apache.ratis.thirdparty.io.netty.channel.AbstractChannel$AnnotatedConnectException: finishConnect(..) failed: Connection refused: /10.1.0.102:15136
Caused by: java.net.ConnectException: finishConnect(..) failed: Connection refused
	at org.apache.ratis.thirdparty.io.netty.channel.unix.Errors.newConnectException0(Errors.java:166)
	at org.apache.ratis.thirdparty.io.netty.channel.unix.Errors.handleConnectErrno(Errors.java:131)
	at org.apache.ratis.thirdparty.io.netty.channel.unix.Socket.finishConnect(Socket.java:359)
	at org.apache.ratis.thirdparty.io.netty.channel.epoll.AbstractEpollChannel$AbstractEpollUnsafe.doFinishConnect(AbstractEpollChannel.java:710)
	at org.apache.ratis.thirdparty.io.netty.channel.epoll.AbstractEpollChannel$AbstractEpollUnsafe.finishConnect(AbstractEpollChannel.java:687)
	at org.apache.ratis.thirdparty.io.netty.channel.epoll.AbstractEpollChannel$AbstractEpollUnsafe.epollOutReady(AbstractEpollChannel.java:567)
	at org.apache.ratis.thirdparty.io.netty.channel.epoll.EpollEventLoop.processReady(EpollEventLoop.java:499)
	at org.apache.ratis.thirdparty.io.netty.channel.epoll.EpollEventLoop.run(EpollEventLoop.java:407)
	at org.apache.ratis.thirdparty.io.netty.util.concurrent.SingleThreadEventExecutor$4.run(SingleThreadEventExecutor.java:997)
	at org.apache.ratis.thirdparty.io.netty.util.internal.ThreadExecutorMap$2.run(ThreadExecutorMap.java:74)
	at org.apache.ratis.thirdparty.io.netty.util.concurrent.FastThreadLocalRunnable.run(FastThreadLocalRunnable.java:30)
	at java.lang.Thread.run(Thread.java:750)
2024-04-21 07:22:53,551 [grpc-default-executor-11] ERROR impl.OrderedAsync (OrderedAsync.java:lambda$sendRequest$9(247)) - client-63A183A4D00A: Failed* RaftClientRequest:client-63A183A4D00A->6cf56e53-88cb-4022-bd56-d9b5c4d884ee@group-5E161AF68217, cid=111, seq=10*, RW, cmdType: WriteChunk
traceID: ""
containerID: 1
datanodeUuid: "6cf56e53-88cb-4022-bd56-d9b5c4d884ee"
writeChunk {
  blockID {
    containerID: 1
    localID: 113750153625600001
    blockCommitSequenceId: 9
    replicaIndex: 0
  }
  chunkData {
    chunkName: "113750153625600001_chunk_6"
    offset: 500
    len: 100
    checksumData {
      type: NONE
      bytesPerChecksum: 1048576
    }
  }
}
, data.size=100
java.util.concurrent.CompletionException: java.io.IOException: org.apache.ratis.thirdparty.io.grpc.StatusRuntimeException: UNAVAILABLE: io exception
	at java.util.concurrent.CompletableFuture.encodeThrowable(CompletableFuture.java:292)
	at java.util.concurrent.CompletableFuture.completeThrowable(CompletableFuture.java:308)
	at java.util.concurrent.CompletableFuture.uniApply(CompletableFuture.java:607)
	at java.util.concurrent.CompletableFuture$UniApply.tryFire(CompletableFuture.java:591)
	at java.util.concurrent.CompletableFuture.postComplete(CompletableFuture.java:488)
	at java.util.concurrent.CompletableFuture.completeExceptionally(CompletableFuture.java:1990)
	at org.apache.ratis.grpc.client.GrpcClientProtocolClient$AsyncStreamObservers.completeReplyExceptionally(GrpcClientProtocolClient.java:394)
	at org.apache.ratis.grpc.client.GrpcClientProtocolClient$AsyncStreamObservers.access$000(GrpcClientProtocolClient.java:300)
	at org.apache.ratis.grpc.client.GrpcClientProtocolClient$AsyncStreamObservers$1.onError(GrpcClientProtocolClient.java:331)
	at org.apache.ratis.thirdparty.io.grpc.stub.ClientCalls$StreamObserverToCallListenerAdapter.onClose(ClientCalls.java:481)
	at org.apache.ratis.thirdparty.io.grpc.PartialForwardingClientCallListener.onClose(PartialForwardingClientCallListener.java:39)
	at org.apache.ratis.thirdparty.io.grpc.ForwardingClientCallListener.onClose(ForwardingClientCallListener.java:23)
	at org.apache.ratis.grpc.metrics.intercept.client.MetricClientCallListener.onClose(MetricClientCallListener.java:47)
	at org.apache.ratis.thirdparty.io.grpc.internal.DelayedClientCall$DelayedListener$3.run(DelayedClientCall.java:489)
	at org.apache.ratis.thirdparty.io.grpc.internal.DelayedClientCall$DelayedListener.delayOrExecute(DelayedClientCall.java:453)
	at org.apache.ratis.thirdparty.io.grpc.internal.DelayedClientCall$DelayedListener.onClose(DelayedClientCall.java:486)
	at org.apache.ratis.thirdparty.io.grpc.internal.ClientCallImpl.closeObserver(ClientCallImpl.java:567)
	at org.apache.ratis.thirdparty.io.grpc.internal.ClientCallImpl.access$300(ClientCallImpl.java:71)
	at org.apache.ratis.thirdparty.io.grpc.internal.ClientCallImpl$ClientStreamListenerImpl$1StreamClosed.runInternal(ClientCallImpl.java:735)
	at org.apache.ratis.thirdparty.io.grpc.internal.ClientCallImpl$ClientStreamListenerImpl$1StreamClosed.runInContext(ClientCallImpl.java:716)
	at org.apache.ratis.thirdparty.io.grpc.internal.ContextRunnable.run(ContextRunnable.java:37)
	at org.apache.ratis.thirdparty.io.grpc.internal.SerializingExecutor.run(SerializingExecutor.java:133)
	at java.util.concurrent.ThreadPoolExecutor.runWorker(ThreadPoolExecutor.java:1149)
	at java.util.concurrent.ThreadPoolExecutor$Worker.run(ThreadPoolExecutor.java:624)
	at java.lang.Thread.run(Thread.java:750)
Caused by: java.io.IOException: org.apache.ratis.thirdparty.io.grpc.StatusRuntimeException: UNAVAILABLE: io exception
	at org.apache.ratis.grpc.GrpcUtil.unwrapException(GrpcUtil.java:99)
	at org.apache.ratis.grpc.GrpcUtil.unwrapIOException(GrpcUtil.java:159)
	at org.apache.ratis.grpc.client.GrpcClientProtocolClient$AsyncStreamObservers$1.onError(GrpcClientProtocolClient.java:330)
	... 16 more
Caused by: org.apache.ratis.thirdparty.io.grpc.StatusRuntimeException: UNAVAILABLE: io exception
	at org.apache.ratis.thirdparty.io.grpc.Status.asRuntimeException(Status.java:537)
	... 16 more
Caused by: org.apache.ratis.thirdparty.io.netty.channel.AbstractChannel$AnnotatedConnectException: finishConnect(..) failed: Connection refused: /10.1.0.102:15136
Caused by: java.net.ConnectException: finishConnect(..) failed: Connection refused
	at org.apache.ratis.thirdparty.io.netty.channel.unix.Errors.newConnectException0(Errors.java:166)
	at org.apache.ratis.thirdparty.io.netty.channel.unix.Errors.handleConnectErrno(Errors.java:131)
	at org.apache.ratis.thirdparty.io.netty.channel.unix.Socket.finishConnect(Socket.java:359)
	at org.apache.ratis.thirdparty.io.netty.channel.epoll.AbstractEpollChannel$AbstractEpollUnsafe.doFinishConnect(AbstractEpollChannel.java:710)
	at org.apache.ratis.thirdparty.io.netty.channel.epoll.AbstractEpollChannel$AbstractEpollUnsafe.finishConnect(AbstractEpollChannel.java:687)
	at org.apache.ratis.thirdparty.io.netty.channel.epoll.AbstractEpollChannel$AbstractEpollUnsafe.epollOutReady(AbstractEpollChannel.java:567)
	at org.apache.ratis.thirdparty.io.netty.channel.epoll.EpollEventLoop.processReady(EpollEventLoop.java:499)
	at org.apache.ratis.thirdparty.io.netty.channel.epoll.EpollEventLoop.run(EpollEventLoop.java:407)
	at org.apache.ratis.thirdparty.io.netty.util.concurrent.SingleThreadEventExecutor$4.run(SingleThreadEventExecutor.java:997)
	at org.apache.ratis.thirdparty.io.netty.util.internal.ThreadExecutorMap$2.run(ThreadExecutorMap.java:74)
	at org.apache.ratis.thirdparty.io.netty.util.concurrent.FastThreadLocalRunnable.run(FastThreadLocalRunnable.java:30)
	at java.lang.Thread.run(Thread.java:750)
2024-04-21 07:22:59,233 [grpc-default-executor-11] ERROR impl.OrderedAsync (OrderedAsync.java:lambda$sendRequest$9(247)) - client-63A183A4D00A: Failed* RaftClientRequest:client-63A183A4D00A->6cf56e53-88cb-4022-bd56-d9b5c4d884ee@group-5E161AF68217, cid=111, seq=10*, RW, cmdType: WriteChunk
traceID: ""
containerID: 1
datanodeUuid: "6cf56e53-88cb-4022-bd56-d9b5c4d884ee"
writeChunk {
  blockID {
    containerID: 1
    localID: 113750153625600001
    blockCommitSequenceId: 9
    replicaIndex: 0
  }
  chunkData {
    chunkName: "113750153625600001_chunk_6"
    offset: 500
    len: 100
    checksumData {
      type: NONE
      bytesPerChecksum: 1048576
    }
  }
}
, data.size=100
java.util.concurrent.CompletionException: java.io.IOException: org.apache.ratis.thirdparty.io.grpc.StatusRuntimeException: UNAVAILABLE: io exception
	at java.util.concurrent.CompletableFuture.encodeThrowable(CompletableFuture.java:292)
	at java.util.concurrent.CompletableFuture.completeThrowable(CompletableFuture.java:308)
	at java.util.concurrent.CompletableFuture.uniApply(CompletableFuture.java:607)
	at java.util.concurrent.CompletableFuture$UniApply.tryFire(CompletableFuture.java:591)
	at java.util.concurrent.CompletableFuture.postComplete(CompletableFuture.java:488)
	at java.util.concurrent.CompletableFuture.completeExceptionally(CompletableFuture.java:1990)
	at org.apache.ratis.grpc.client.GrpcClientProtocolClient$AsyncStreamObservers.completeReplyExceptionally(GrpcClientProtocolClient.java:394)
	at org.apache.ratis.grpc.client.GrpcClientProtocolClient$AsyncStreamObservers.access$000(GrpcClientProtocolClient.java:300)
	at org.apache.ratis.grpc.client.GrpcClientProtocolClient$AsyncStreamObservers$1.onError(GrpcClientProtocolClient.java:331)
	at org.apache.ratis.thirdparty.io.grpc.stub.ClientCalls$StreamObserverToCallListenerAdapter.onClose(ClientCalls.java:481)
	at org.apache.ratis.thirdparty.io.grpc.PartialForwardingClientCallListener.onClose(PartialForwardingClientCallListener.java:39)
	at org.apache.ratis.thirdparty.io.grpc.ForwardingClientCallListener.onClose(ForwardingClientCallListener.java:23)
	at org.apache.ratis.grpc.metrics.intercept.client.MetricClientCallListener.onClose(MetricClientCallListener.java:47)
	at org.apache.ratis.thirdparty.io.grpc.internal.DelayedClientCall$DelayedListener$3.run(DelayedClientCall.java:489)
	at org.apache.ratis.thirdparty.io.grpc.internal.DelayedClientCall$DelayedListener.delayOrExecute(DelayedClientCall.java:453)
	at org.apache.ratis.thirdparty.io.grpc.internal.DelayedClientCall$DelayedListener.onClose(DelayedClientCall.java:486)
	at org.apache.ratis.thirdparty.io.grpc.internal.ClientCallImpl.closeObserver(ClientCallImpl.java:567)
	at org.apache.ratis.thirdparty.io.grpc.internal.ClientCallImpl.access$300(ClientCallImpl.java:71)
	at org.apache.ratis.thirdparty.io.grpc.internal.ClientCallImpl$ClientStreamListenerImpl$1StreamClosed.runInternal(ClientCallImpl.java:735)
	at org.apache.ratis.thirdparty.io.grpc.internal.ClientCallImpl$ClientStreamListenerImpl$1StreamClosed.runInContext(ClientCallImpl.java:716)
	at org.apache.ratis.thirdparty.io.grpc.internal.ContextRunnable.run(ContextRunnable.java:37)
	at org.apache.ratis.thirdparty.io.grpc.internal.SerializingExecutor.run(SerializingExecutor.java:133)
	at java.util.concurrent.ThreadPoolExecutor.runWorker(ThreadPoolExecutor.java:1149)
	at java.util.concurrent.ThreadPoolExecutor$Worker.run(ThreadPoolExecutor.java:624)
	at java.lang.Thread.run(Thread.java:750)
Caused by: java.io.IOException: org.apache.ratis.thirdparty.io.grpc.StatusRuntimeException: UNAVAILABLE: io exception
	at org.apache.ratis.grpc.GrpcUtil.unwrapException(GrpcUtil.java:99)
	at org.apache.ratis.grpc.GrpcUtil.unwrapIOException(GrpcUtil.java:159)
	at org.apache.ratis.grpc.client.GrpcClientProtocolClient$AsyncStreamObservers$1.onError(GrpcClientProtocolClient.java:330)
	... 16 more
Caused by: org.apache.ratis.thirdparty.io.grpc.StatusRuntimeException: UNAVAILABLE: io exception
	at org.apache.ratis.thirdparty.io.grpc.Status.asRuntimeException(Status.java:537)
	... 16 more
Caused by: org.apache.ratis.thirdparty.io.netty.channel.AbstractChannel$AnnotatedConnectException: finishConnect(..) failed: Connection refused: /10.1.0.102:15136
Caused by: java.net.ConnectException: finishConnect(..) failed: Connection refused
	at org.apache.ratis.thirdparty.io.netty.channel.unix.Errors.newConnectException0(Errors.java:166)
	at org.apache.ratis.thirdparty.io.netty.channel.unix.Errors.handleConnectErrno(Errors.java:131)
	at org.apache.ratis.thirdparty.io.netty.channel.unix.Socket.finishConnect(Socket.java:359)
	at org.apache.ratis.thirdparty.io.netty.channel.epoll.AbstractEpollChannel$AbstractEpollUnsafe.doFinishConnect(AbstractEpollChannel.java:710)
	at org.apache.ratis.thirdparty.io.netty.channel.epoll.AbstractEpollChannel$AbstractEpollUnsafe.finishConnect(AbstractEpollChannel.java:687)
	at org.apache.ratis.thirdparty.io.netty.channel.epoll.AbstractEpollChannel$AbstractEpollUnsafe.epollOutReady(AbstractEpollChannel.java:567)
	at org.apache.ratis.thirdparty.io.netty.channel.epoll.EpollEventLoop.processReady(EpollEventLoop.java:499)
	at org.apache.ratis.thirdparty.io.netty.channel.epoll.EpollEventLoop.run(EpollEventLoop.java:407)
	at org.apache.ratis.thirdparty.io.netty.util.concurrent.SingleThreadEventExecutor$4.run(SingleThreadEventExecutor.java:997)
	at org.apache.ratis.thirdparty.io.netty.util.internal.ThreadExecutorMap$2.run(ThreadExecutorMap.java:74)
	at org.apache.ratis.thirdparty.io.netty.util.concurrent.FastThreadLocalRunnable.run(FastThreadLocalRunnable.java:30)
	at java.lang.Thread.run(Thread.java:750)
2024-04-21 07:23:05,282 [grpc-default-executor-9] ERROR impl.OrderedAsync (OrderedAsync.java:lambda$sendRequest$9(247)) - client-63A183A4D00A: Failed* RaftClientRequest:client-63A183A4D00A->6cf56e53-88cb-4022-bd56-d9b5c4d884ee@group-5E161AF68217, cid=111, seq=10*, RW, cmdType: WriteChunk
traceID: ""
containerID: 1
datanodeUuid: "6cf56e53-88cb-4022-bd56-d9b5c4d884ee"
writeChunk {
  blockID {
    containerID: 1
    localID: 113750153625600001
    blockCommitSequenceId: 9
    replicaIndex: 0
  }
  chunkData {
    chunkName: "113750153625600001_chunk_6"
    offset: 500
    len: 100
    checksumData {
      type: NONE
      bytesPerChecksum: 1048576
    }
  }
}
, data.size=100
java.util.concurrent.CompletionException: java.io.IOException: org.apache.ratis.thirdparty.io.grpc.StatusRuntimeException: UNAVAILABLE: io exception
	at java.util.concurrent.CompletableFuture.encodeThrowable(CompletableFuture.java:292)
	at java.util.concurrent.CompletableFuture.completeThrowable(CompletableFuture.java:308)
	at java.util.concurrent.CompletableFuture.uniApply(CompletableFuture.java:607)
	at java.util.concurrent.CompletableFuture$UniApply.tryFire(CompletableFuture.java:591)
	at java.util.concurrent.CompletableFuture.postComplete(CompletableFuture.java:488)
	at java.util.concurrent.CompletableFuture.completeExceptionally(CompletableFuture.java:1990)
	at org.apache.ratis.grpc.client.GrpcClientProtocolClient$AsyncStreamObservers.completeReplyExceptionally(GrpcClientProtocolClient.java:394)
	at org.apache.ratis.grpc.client.GrpcClientProtocolClient$AsyncStreamObservers.access$000(GrpcClientProtocolClient.java:300)
	at org.apache.ratis.grpc.client.GrpcClientProtocolClient$AsyncStreamObservers$1.onError(GrpcClientProtocolClient.java:331)
	at org.apache.ratis.thirdparty.io.grpc.stub.ClientCalls$StreamObserverToCallListenerAdapter.onClose(ClientCalls.java:481)
	at org.apache.ratis.thirdparty.io.grpc.PartialForwardingClientCallListener.onClose(PartialForwardingClientCallListener.java:39)
	at org.apache.ratis.thirdparty.io.grpc.ForwardingClientCallListener.onClose(ForwardingClientCallListener.java:23)
	at org.apache.ratis.grpc.metrics.intercept.client.MetricClientCallListener.onClose(MetricClientCallListener.java:47)
	at org.apache.ratis.thirdparty.io.grpc.internal.DelayedClientCall$DelayedListener$3.run(DelayedClientCall.java:489)
	at org.apache.ratis.thirdparty.io.grpc.internal.DelayedClientCall$DelayedListener.delayOrExecute(DelayedClientCall.java:453)
	at org.apache.ratis.thirdparty.io.grpc.internal.DelayedClientCall$DelayedListener.onClose(DelayedClientCall.java:486)
	at org.apache.ratis.thirdparty.io.grpc.internal.ClientCallImpl.closeObserver(ClientCallImpl.java:567)
	at org.apache.ratis.thirdparty.io.grpc.internal.ClientCallImpl.access$300(ClientCallImpl.java:71)
	at org.apache.ratis.thirdparty.io.grpc.internal.ClientCallImpl$ClientStreamListenerImpl$1StreamClosed.runInternal(ClientCallImpl.java:735)
	at org.apache.ratis.thirdparty.io.grpc.internal.ClientCallImpl$ClientStreamListenerImpl$1StreamClosed.runInContext(ClientCallImpl.java:716)
	at org.apache.ratis.thirdparty.io.grpc.internal.ContextRunnable.run(ContextRunnable.java:37)
	at org.apache.ratis.thirdparty.io.grpc.internal.SerializingExecutor.run(SerializingExecutor.java:133)
	at java.util.concurrent.ThreadPoolExecutor.runWorker(ThreadPoolExecutor.java:1149)
	at java.util.concurrent.ThreadPoolExecutor$Worker.run(ThreadPoolExecutor.java:624)
	at java.lang.Thread.run(Thread.java:750)
Caused by: java.io.IOException: org.apache.ratis.thirdparty.io.grpc.StatusRuntimeException: UNAVAILABLE: io exception
	at org.apache.ratis.grpc.GrpcUtil.unwrapException(GrpcUtil.java:99)
	at org.apache.ratis.grpc.GrpcUtil.unwrapIOException(GrpcUtil.java:159)
	at org.apache.ratis.grpc.client.GrpcClientProtocolClient$AsyncStreamObservers$1.onError(GrpcClientProtocolClient.java:330)
	... 16 more
Caused by: org.apache.ratis.thirdparty.io.grpc.StatusRuntimeException: UNAVAILABLE: io exception
	at org.apache.ratis.thirdparty.io.grpc.Status.asRuntimeException(Status.java:537)
	... 16 more
Caused by: org.apache.ratis.thirdparty.io.netty.channel.AbstractChannel$AnnotatedConnectException: finishConnect(..) failed: Connection refused: /10.1.0.102:15136
Caused by: java.net.ConnectException: finishConnect(..) failed: Connection refused
	at org.apache.ratis.thirdparty.io.netty.channel.unix.Errors.newConnectException0(Errors.java:166)
	at org.apache.ratis.thirdparty.io.netty.channel.unix.Errors.handleConnectErrno(Errors.java:131)
	at org.apache.ratis.thirdparty.io.netty.channel.unix.Socket.finishConnect(Socket.java:359)
	at org.apache.ratis.thirdparty.io.netty.channel.epoll.AbstractEpollChannel$AbstractEpollUnsafe.doFinishConnect(AbstractEpollChannel.java:710)
	at org.apache.ratis.thirdparty.io.netty.channel.epoll.AbstractEpollChannel$AbstractEpollUnsafe.finishConnect(AbstractEpollChannel.java:687)
	at org.apache.ratis.thirdparty.io.netty.channel.epoll.AbstractEpollChannel$AbstractEpollUnsafe.epollOutReady(AbstractEpollChannel.java:567)
	at org.apache.ratis.thirdparty.io.netty.channel.epoll.EpollEventLoop.processReady(EpollEventLoop.java:499)
	at org.apache.ratis.thirdparty.io.netty.channel.epoll.EpollEventLoop.run(EpollEventLoop.java:407)
	at org.apache.ratis.thirdparty.io.netty.util.concurrent.SingleThreadEventExecutor$4.run(SingleThreadEventExecutor.java:997)
	at org.apache.ratis.thirdparty.io.netty.util.internal.ThreadExecutorMap$2.run(ThreadExecutorMap.java:74)
	at org.apache.ratis.thirdparty.io.netty.util.concurrent.FastThreadLocalRunnable.run(FastThreadLocalRunnable.java:30)
	at java.lang.Thread.run(Thread.java:750)
2024-04-21 07:23:05,285 [grpc-default-executor-9] ERROR impl.OrderedAsync (OrderedAsync.java:lambda$send$4(179)) - Failed to send request, message=cmdType: WriteChunk
traceID: ""
containerID: 1
datanodeUuid: "6cf56e53-88cb-4022-bd56-d9b5c4d884ee"
writeChunk {
  blockID {
    containerID: 1
    localID: 113750153625600001
    blockCommitSequenceId: 9
    replicaIndex: 0
  }
  chunkData {
    chunkName: "113750153625600001_chunk_6"
    offset: 500
    len: 100
    checksumData {
      type: NONE
      bytesPerChecksum: 1048576
    }
  }
}
, data.size=100
java.util.concurrent.CompletionException: org.apache.ratis.protocol.exceptions.RaftRetryFailureException: Failed RaftClientRequest:client-63A183A4D00A->6cf56e53-88cb-4022-bd56-d9b5c4d884ee@group-5E161AF68217, cid=111, seq=10*, RW, cmdType: WriteChunk
traceID: ""
containerID: 1
datanodeUuid: "6cf56e53-88cb-4022-bd56-d9b5c4d884ee"
writeChunk {
  blockID {
    containerID: 1
    localID: 113750153625600001
    blockCommitSequenceId: 9
    replicaIndex: 0
  }
  chunkData {
    chunkName: "113750153625600001_chunk_6"
    offset: 500
    len: 100
    checksumData {
      type: NONE
      bytesPerChecksum: 1048576
    }
  }
}
, data.size=100 for 6 attempts with RequestTypeDependentRetryPolicy{WRITE->ExceptionDependentRetry(maxAttempts=2147483647; defaultPolicy=MultipleLinearRandomRetry[5x5s, 5x10s, 5x15s, 5x20s, 5x25s, 10x60s]; map={org.apache.ratis.protocol.exceptions.GroupMismatchException->NoRetry, org.apache.ratis.protocol.exceptions.NotReplicatedException->NoRetry, org.apache.ratis.protocol.exceptions.ResourceUnavailableException->org.apache.ratis.retry.ExponentialBackoffRetry@6592c48b, org.apache.ratis.protocol.exceptions.StateMachineException->NoRetry, org.apache.ratis.protocol.exceptions.TimeoutIOException->org.apache.ratis.retry.ExponentialBackoffRetry@6592c48b}), WATCH->ExceptionDependentRetry(maxAttempts=2147483647; defaultPolicy=MultipleLinearRandomRetry[5x5s, 5x10s, 5x15s, 5x20s, 5x25s, 10x60s]; map={org.apache.ratis.protocol.exceptions.GroupMismatchException->NoRetry, org.apache.ratis.protocol.exceptions.NotReplicatedException->NoRetry, org.apache.ratis.protocol.exceptions.ResourceUnavailableException->org.apache.ratis.retry.ExponentialBackoffRetry@6592c48b, org.apache.ratis.protocol.exceptions.StateMachineException->NoRetry, org.apache.ratis.protocol.exceptions.TimeoutIOException->NoRetry})}
	at java.util.concurrent.CompletableFuture.encodeThrowable(CompletableFuture.java:292)
	at java.util.concurrent.CompletableFuture.completeThrowable(CompletableFuture.java:308)
	at java.util.concurrent.CompletableFuture.uniApply(CompletableFuture.java:607)
	at java.util.concurrent.CompletableFuture$UniApply.tryFire(CompletableFuture.java:591)
	at java.util.concurrent.CompletableFuture.postComplete(CompletableFuture.java:488)
	at java.util.concurrent.CompletableFuture.completeExceptionally(CompletableFuture.java:1990)
	at org.apache.ratis.client.impl.OrderedAsync$PendingOrderedRequest.fail(OrderedAsync.java:105)
	at org.apache.ratis.util.SlidingWindow$Client.fail(SlidingWindow.java:392)
	at org.apache.ratis.client.impl.OrderedAsync.failAllAsyncRequests(OrderedAsync.java:149)
	at org.apache.ratis.client.impl.OrderedAsync.handleAsyncRetryFailure(OrderedAsync.java:153)
	at org.apache.ratis.client.impl.OrderedAsync.lambda$sendRequest$9(OrderedAsync.java:253)
	at java.util.concurrent.CompletableFuture.uniExceptionally(CompletableFuture.java:884)
	at java.util.concurrent.CompletableFuture$UniExceptionally.tryFire(CompletableFuture.java:866)
	at java.util.concurrent.CompletableFuture.postComplete(CompletableFuture.java:488)
	at java.util.concurrent.CompletableFuture.completeExceptionally(CompletableFuture.java:1990)
	at org.apache.ratis.grpc.client.GrpcClientProtocolClient$AsyncStreamObservers.completeReplyExceptionally(GrpcClientProtocolClient.java:394)
	at org.apache.ratis.grpc.client.GrpcClientProtocolClient$AsyncStreamObservers.access$000(GrpcClientProtocolClient.java:300)
	at org.apache.ratis.grpc.client.GrpcClientProtocolClient$AsyncStreamObservers$1.onError(GrpcClientProtocolClient.java:331)
	at org.apache.ratis.thirdparty.io.grpc.stub.ClientCalls$StreamObserverToCallListenerAdapter.onClose(ClientCalls.java:481)
	at org.apache.ratis.thirdparty.io.grpc.PartialForwardingClientCallListener.onClose(PartialForwardingClientCallListener.java:39)
	at org.apache.ratis.thirdparty.io.grpc.ForwardingClientCallListener.onClose(ForwardingClientCallListener.java:23)
	at org.apache.ratis.grpc.metrics.intercept.client.MetricClientCallListener.onClose(MetricClientCallListener.java:47)
	at org.apache.ratis.thirdparty.io.grpc.internal.DelayedClientCall$DelayedListener$3.run(DelayedClientCall.java:489)
	at org.apache.ratis.thirdparty.io.grpc.internal.DelayedClientCall$DelayedListener.delayOrExecute(DelayedClientCall.java:453)
	at org.apache.ratis.thirdparty.io.grpc.internal.DelayedClientCall$DelayedListener.onClose(DelayedClientCall.java:486)
	at org.apache.ratis.thirdparty.io.grpc.internal.ClientCallImpl.closeObserver(ClientCallImpl.java:567)
	at org.apache.ratis.thirdparty.io.grpc.internal.ClientCallImpl.access$300(ClientCallImpl.java:71)
	at org.apache.ratis.thirdparty.io.grpc.internal.ClientCallImpl$ClientStreamListenerImpl$1StreamClosed.runInternal(ClientCallImpl.java:735)
	at org.apache.ratis.thirdparty.io.grpc.internal.ClientCallImpl$ClientStreamListenerImpl$1StreamClosed.runInContext(ClientCallImpl.java:716)
	at org.apache.ratis.thirdparty.io.grpc.internal.ContextRunnable.run(ContextRunnable.java:37)
	at org.apache.ratis.thirdparty.io.grpc.internal.SerializingExecutor.run(SerializingExecutor.java:133)
	at java.util.concurrent.ThreadPoolExecutor.runWorker(ThreadPoolExecutor.java:1149)
	at java.util.concurrent.ThreadPoolExecutor$Worker.run(ThreadPoolExecutor.java:624)
	at java.lang.Thread.run(Thread.java:750)
Caused by: org.apache.ratis.protocol.exceptions.RaftRetryFailureException: Failed RaftClientRequest:client-63A183A4D00A->6cf56e53-88cb-4022-bd56-d9b5c4d884ee@group-5E161AF68217, cid=111, seq=10*, RW, cmdType: WriteChunk
traceID: ""
containerID: 1
datanodeUuid: "6cf56e53-88cb-4022-bd56-d9b5c4d884ee"
writeChunk {
  blockID {
    containerID: 1
    localID: 113750153625600001
    blockCommitSequenceId: 9
    replicaIndex: 0
  }
  chunkData {
    chunkName: "113750153625600001_chunk_6"
    offset: 500
    len: 100
    checksumData {
      type: NONE
      bytesPerChecksum: 1048576
    }
  }
}
, data.size=100 for 6 attempts with RequestTypeDependentRetryPolicy{WRITE->ExceptionDependentRetry(maxAttempts=2147483647; defaultPolicy=MultipleLinearRandomRetry[5x5s, 5x10s, 5x15s, 5x20s, 5x25s, 10x60s]; map={org.apache.ratis.protocol.exceptions.GroupMismatchException->NoRetry, org.apache.ratis.protocol.exceptions.NotReplicatedException->NoRetry, org.apache.ratis.protocol.exceptions.ResourceUnavailableException->org.apache.ratis.retry.ExponentialBackoffRetry@6592c48b, org.apache.ratis.protocol.exceptions.StateMachineException->NoRetry, org.apache.ratis.protocol.exceptions.TimeoutIOException->org.apache.ratis.retry.ExponentialBackoffRetry@6592c48b}), WATCH->ExceptionDependentRetry(maxAttempts=2147483647; defaultPolicy=MultipleLinearRandomRetry[5x5s, 5x10s, 5x15s, 5x20s, 5x25s, 10x60s]; map={org.apache.ratis.protocol.exceptions.GroupMismatchException->NoRetry, org.apache.ratis.protocol.exceptions.NotReplicatedException->NoRetry, org.apache.ratis.protocol.exceptions.ResourceUnavailableException->org.apache.ratis.retry.ExponentialBackoffRetry@6592c48b, org.apache.ratis.protocol.exceptions.StateMachineException->NoRetry, org.apache.ratis.protocol.exceptions.TimeoutIOException->NoRetry})}
	at org.apache.ratis.client.impl.RaftClientImpl.noMoreRetries(RaftClientImpl.java:353)
	... 25 more
Caused by: java.io.IOException: org.apache.ratis.thirdparty.io.grpc.StatusRuntimeException: UNAVAILABLE: io exception
	at org.apache.ratis.grpc.GrpcUtil.unwrapException(GrpcUtil.java:99)
	at org.apache.ratis.grpc.GrpcUtil.unwrapIOException(GrpcUtil.java:159)
	at org.apache.ratis.grpc.client.GrpcClientProtocolClient$AsyncStreamObservers$1.onError(GrpcClientProtocolClient.java:330)
	... 16 more
Caused by: org.apache.ratis.thirdparty.io.grpc.StatusRuntimeException: UNAVAILABLE: io exception
	at org.apache.ratis.thirdparty.io.grpc.Status.asRuntimeException(Status.java:537)
	... 16 more
Caused by: org.apache.ratis.thirdparty.io.netty.channel.AbstractChannel$AnnotatedConnectException: finishConnect(..) failed: Connection refused: /10.1.0.102:15136
Caused by: java.net.ConnectException: finishConnect(..) failed: Connection refused
	at org.apache.ratis.thirdparty.io.netty.channel.unix.Errors.newConnectException0(Errors.java:166)
	at org.apache.ratis.thirdparty.io.netty.channel.unix.Errors.handleConnectErrno(Errors.java:131)
	at org.apache.ratis.thirdparty.io.netty.channel.unix.Socket.finishConnect(Socket.java:359)
	at org.apache.ratis.thirdparty.io.netty.channel.epoll.AbstractEpollChannel$AbstractEpollUnsafe.doFinishConnect(AbstractEpollChannel.java:710)
	at org.apache.ratis.thirdparty.io.netty.channel.epoll.AbstractEpollChannel$AbstractEpollUnsafe.finishConnect(AbstractEpollChannel.java:687)
	at org.apache.ratis.thirdparty.io.netty.channel.epoll.AbstractEpollChannel$AbstractEpollUnsafe.epollOutReady(AbstractEpollChannel.java:567)
	at org.apache.ratis.thirdparty.io.netty.channel.epoll.EpollEventLoop.processReady(EpollEventLoop.java:499)
	at org.apache.ratis.thirdparty.io.netty.channel.epoll.EpollEventLoop.run(EpollEventLoop.java:407)
	at org.apache.ratis.thirdparty.io.netty.util.concurrent.SingleThreadEventExecutor$4.run(SingleThreadEventExecutor.java:997)
	at org.apache.ratis.thirdparty.io.netty.util.internal.ThreadExecutorMap$2.run(ThreadExecutorMap.java:74)
	at org.apache.ratis.thirdparty.io.netty.util.concurrent.FastThreadLocalRunnable.run(FastThreadLocalRunnable.java:30)
	at java.lang.Thread.run(Thread.java:750)
2024-04-21 07:23:05,286 [grpc-default-executor-9] ERROR impl.OrderedAsync (OrderedAsync.java:lambda$send$4(177)) - Failed to send request, message=cmdType: WriteChunk
traceID: ""
containerID: 1
datanodeUuid: "6cf56e53-88cb-4022-bd56-d9b5c4d884ee"
writeChunk {
  blockID {
    containerID: 1
    localID: 113750153625600001
    blockCommitSequenceId: 9
    replicaIndex: 0
  }
  chunkData {
    chunkName: "113750153625600001_chunk_7"
    offset: 600
    len: 100
    checksumData {
      type: NONE
      bytesPerChecksum: 1048576
    }
  }
}
, data.size=100 due to java.util.concurrent.CompletionException: org.apache.ratis.protocol.exceptions.AlreadyClosedException: SlidingWindow$Client:client-63A183A4D00A->RAFT is closed.
2024-04-21 07:23:05,286 [grpc-default-executor-9] ERROR impl.OrderedAsync (OrderedAsync.java:lambda$send$4(177)) - Failed to send request, message=cmdType: PutBlock
traceID: ""
containerID: 1
datanodeUuid: "6cf56e53-88cb-4022-bd56-d9b5c4d884ee"
putBlock {
  blockData {
    blockID {
      containerID: 1
      localID: 113750153625600001
      blockCommitSequenceId: 0
    }
    metadata {
      key: "TYPE"
      value: "KEY"
    }
    chunks {
      chunkName: "113750153625600001_chunk_1"
      offset: 0
      len: 100
      checksumData {
        type: NONE
        bytesPerChecksum: 1048576
      }
    }
    chunks {
      chunkName: "113750153625600001_chunk_2"
      offset: 100
      len: 100
      checksumData {
        type: NONE
        bytesPerChecksum: 1048576
      }
    }
    chunks {
      chunkName: "113750153625600001_chunk_3"
      offset: 200
      len: 100
      checksumData {
        type: NONE
        bytesPerChecksum: 1048576
      }
    }
    chunks {
      chunkName: "113750153625600001_chunk_4"
      offset: 300
      len: 100
      checksumData {
        type: NONE
        bytesPerChecksum: 1048576
      }
    }
    chunks {
      chunkName: "113750153625600001_chunk_5"
      offset: 400
      len: 100
      checksumData {
        type: NONE
        bytesPerChecksum: 1048576
      }
    }
    chunks {
      chunkName: "113750153625600001_chunk_6"
      offset: 500
      len: 100
      checksumData {
        type: NONE
        bytesPerChecksum: 1048576
      }
    }
    chunks {
      chunkName: "113750153625600001_chunk_7"
      offset: 600
      len: 100
      checksumData {
        type: NONE
        bytesPerChecksum: 1048576
      }
    }
  }
  eof: false
}
, data.size=0 due to java.util.concurrent.CompletionException: org.apache.ratis.protocol.exceptions.AlreadyClosedException: SlidingWindow$Client:client-63A183A4D00A->RAFT is closed.
2024-04-21 07:23:05,287 [grpc-default-executor-9] ERROR impl.OrderedAsync (OrderedAsync.java:lambda$send$4(177)) - Failed to send request, message=cmdType: WriteChunk
traceID: ""
containerID: 1
datanodeUuid: "6cf56e53-88cb-4022-bd56-d9b5c4d884ee"
writeChunk {
  blockID {
    containerID: 1
    localID: 113750153625600001
    blockCommitSequenceId: 9
    replicaIndex: 0
  }
  chunkData {
    chunkName: "113750153625600001_chunk_8"
    offset: 700
    len: 100
    checksumData {
      type: NONE
      bytesPerChecksum: 1048576
    }
  }
}
, data.size=100 due to java.util.concurrent.CompletionException: org.apache.ratis.protocol.exceptions.AlreadyClosedException: SlidingWindow$Client:client-63A183A4D00A->RAFT is closed.
2024-04-21 07:23:05,287 [grpc-default-executor-9] ERROR impl.OrderedAsync (OrderedAsync.java:lambda$send$4(177)) - Failed to send request, message=cmdType: PutBlock
traceID: ""
containerID: 1
datanodeUuid: "6cf56e53-88cb-4022-bd56-d9b5c4d884ee"
putBlock {
  blockData {
    blockID {
      containerID: 1
      localID: 113750153625600001
      blockCommitSequenceId: 0
    }
    metadata {
      key: "TYPE"
      value: "KEY"
    }
    chunks {
      chunkName: "113750153625600001_chunk_1"
      offset: 0
      len: 100
      checksumData {
        type: NONE
        bytesPerChecksum: 1048576
      }
    }
    chunks {
      chunkName: "113750153625600001_chunk_2"
      offset: 100
      len: 100
      checksumData {
        type: NONE
        bytesPerChecksum: 1048576
      }
    }
    chunks {
      chunkName: "113750153625600001_chunk_3"
      offset: 200
      len: 100
      checksumData {
        type: NONE
        bytesPerChecksum: 1048576
      }
    }
    chunks {
      chunkName: "113750153625600001_chunk_4"
      offset: 300
      len: 100
      checksumData {
        type: NONE
        bytesPerChecksum: 1048576
      }
    }
    chunks {
      chunkName: "113750153625600001_chunk_5"
      offset: 400
      len: 100
      checksumData {
        type: NONE
        bytesPerChecksum: 1048576
      }
    }
    chunks {
      chunkName: "113750153625600001_chunk_6"
      offset: 500
      len: 100
      checksumData {
        type: NONE
        bytesPerChecksum: 1048576
      }
    }
    chunks {
      chunkName: "113750153625600001_chunk_7"
      offset: 600
      len: 100
      checksumData {
        type: NONE
        bytesPerChecksum: 1048576
      }
    }
    chunks {
      chunkName: "113750153625600001_chunk_8"
      offset: 700
      len: 100
      checksumData {
        type: NONE
        bytesPerChecksum: 1048576
      }
    }
  }
  eof: true
}
, data.size=0 due to java.util.concurrent.CompletionException: org.apache.ratis.protocol.exceptions.AlreadyClosedException: SlidingWindow$Client:client-63A183A4D00A->RAFT is closed.
2024-04-21 07:23:05,289 [main] WARN  io.KeyOutputStream (KeyOutputStream.java:handleException(305)) - Encountered exception java.io.IOException: Unexpected Storage Container Exception: java.util.concurrent.CompletionException: Failed to write chunk 113750153625600001_chunk_6 into block conID: 1 locID: 113750153625600001 bcsId: 9 on the pipeline Pipeline[ Id: 92642223-ead3-4aef-b8a5-5e161af68217, Nodes: 6cf56e53-88cb-4022-bd56-d9b5c4d884ee(fv-az1428-63/10.1.0.102), ReplicationConfig: RATIS/ONE, State:OPEN, leaderId:6cf56e53-88cb-4022-bd56-d9b5c4d884ee, CreationTimestamp2024-04-21T07:17:25.947Z[Etc/UTC]]. The last committed block length is 500, uncommitted data length is 300 retry count 0
2024-04-21 07:23:05,347 [main] WARN  dropwizard3.Dm3MetricRegistriesImpl (Dm3MetricRegistriesImpl.java:addReporterRegistration(113)) - New reporters are added after registries were created. Some metrics will be missing from the reporter. Please add reporter before adding any new registry.
2024-04-21 07:23:05,347 [main] WARN  dropwizard3.Dm3MetricRegistriesImpl (Dm3MetricRegistriesImpl.java:addReporterRegistration(113)) - New reporters are added after registries were created. Some metrics will be missing from the reporter. Please add reporter before adding any new registry.
2024-04-21 07:23:05,347 [main] INFO  impl.MetricsSystemImpl (MetricsSystemImpl.java:init(158)) - HddsDatanode metrics system started (again)
2024-04-21 07:23:05,384 [main] INFO  ozone.HddsDatanodeService (HddsDatanodeService.java:start(240)) - HddsDatanodeService host:fv-az1428-63 ip:10.1.0.102
2024-04-21 07:23:05,396 [main] INFO  upgrade.AbstractLayoutVersionManager (AbstractLayoutVersionManager.java:init(83)) - Initializing Layout version manager with metadata layout = HADOOP_PRC_PORTS_IN_DATANODEDETAILS (version = 7), software layout = HADOOP_PRC_PORTS_IN_DATANODEDETAILS (version = 7)
2024-04-21 07:23:05,397 [main] INFO  statemachine.DatanodeStateMachine (DatanodeStateMachine.java:getEndPointTaskThreadPoolSize(299)) - Datanode State Machine Task Thread Pool size 2
2024-04-21 07:23:05,398 [main] INFO  volume.HddsVolume (HddsVolume.java:<init>(126)) - Creating HddsVolume: /home/runner/work/ozone/ozone/hadoop-ozone/integration-test/target/test-dir/MiniOzoneClusterImpl-ed39ddd9-82bf-4bf6-8741-acb42c98007c/ozone-meta/datanode-3/data-0/hdds of storage type : DISK capacity : 9223372036854775807
2024-04-21 07:23:05,398 [main] INFO  volume.MutableVolumeSet (MutableVolumeSet.java:initializeVolumeSet(173)) - Added Volume : /home/runner/work/ozone/ozone/hadoop-ozone/integration-test/target/test-dir/MiniOzoneClusterImpl-ed39ddd9-82bf-4bf6-8741-acb42c98007c/ozone-meta/datanode-3/data-0/hdds to VolumeSet
2024-04-21 07:23:05,399 [main] INFO  volume.MutableVolumeSet (MutableVolumeSet.java:initializeVolumeSet(173)) - Added Volume : /home/runner/work/ozone/ozone/hadoop-ozone/integration-test/target/test-dir/MiniOzoneClusterImpl-ed39ddd9-82bf-4bf6-8741-acb42c98007c/ozone-meta/datanode-3/ratis to VolumeSet
2024-04-21 07:23:05,423 [ForkJoinPool.commonPool-worker-1] INFO  utils.DatanodeStoreCache (DatanodeStoreCache.java:addDB(72)) - Added db /home/runner/work/ozone/ozone/hadoop-ozone/integration-test/target/test-dir/MiniOzoneClusterImpl-ed39ddd9-82bf-4bf6-8741-acb42c98007c/ozone-meta/datanode-3/data-0/hdds/ed39ddd9-82bf-4bf6-8741-acb42c98007c/DS-6ed8bec2-bc9e-4c5e-813f-488a8b52866e/container.db to cache
2024-04-21 07:23:05,423 [ForkJoinPool.commonPool-worker-1] INFO  volume.HddsVolume (HddsVolume.java:loadDbStore(389)) - SchemaV3 db is loaded at /home/runner/work/ozone/ozone/hadoop-ozone/integration-test/target/test-dir/MiniOzoneClusterImpl-ed39ddd9-82bf-4bf6-8741-acb42c98007c/ozone-meta/datanode-3/data-0/hdds/ed39ddd9-82bf-4bf6-8741-acb42c98007c/DS-6ed8bec2-bc9e-4c5e-813f-488a8b52866e/container.db for volume DS-6ed8bec2-bc9e-4c5e-813f-488a8b52866e
2024-04-21 07:23:05,423 [main] INFO  ozoneimpl.OzoneContainer (HddsVolumeUtil.java:loadAllHddsVolumeDbStore(103)) - Load 1 volumes DbStore cost: 23ms
2024-04-21 07:23:05,425 [main] INFO  server.RaftServer (ConfUtils.java:logGet(46)) - raft.rpc.type = GRPC (default)
2024-04-21 07:23:05,425 [main] INFO  grpc.GrpcConfigKeys (ConfUtils.java:logFallback(53)) - raft.grpc.admin.host = null (fallback to raft.grpc.server.host)
2024-04-21 07:23:05,426 [main] INFO  grpc.GrpcConfigKeys (ConfUtils.java:logGet(46)) - raft.grpc.admin.port = 15137 (custom)
2024-04-21 07:23:05,426 [main] INFO  grpc.GrpcConfigKeys (ConfUtils.java:logFallback(53)) - raft.grpc.client.host = null (fallback to raft.grpc.server.host)
2024-04-21 07:23:05,426 [main] INFO  grpc.GrpcConfigKeys (ConfUtils.java:logGet(46)) - raft.grpc.client.port = 15136 (custom)
2024-04-21 07:23:05,426 [main] INFO  grpc.GrpcConfigKeys (ConfUtils.java:logGet(46)) - raft.grpc.server.host = null (default)
2024-04-21 07:23:05,427 [main] INFO  grpc.GrpcConfigKeys (ConfUtils.java:logGet(46)) - raft.grpc.server.port = 15138 (custom)
2024-04-21 07:23:05,427 [main] INFO  server.GrpcService (ConfUtils.java:logGet(46)) - raft.grpc.message.size.max = 32MB (=33554432) (custom)
2024-04-21 07:23:05,427 [main] INFO  server.RaftServerConfigKeys (ConfUtils.java:logGet(46)) - raft.server.log.appender.buffer.byte-limit = 8388608 (custom)
2024-04-21 07:23:05,427 [main] INFO  server.GrpcService (ConfUtils.java:logGet(46)) - raft.grpc.flow.control.window = 5MB (=5242880) (custom)
2024-04-21 07:23:05,427 [main] INFO  server.RaftServerConfigKeys (ConfUtils.java:logGet(46)) - raft.server.rpc.request.timeout = 3000ms (default)
2024-04-21 07:23:05,428 [main] INFO  grpc.GrpcConfigKeys (ConfUtils.java:logGet(46)) - raft.grpc.server.heartbeat.channel = true (default)
2024-04-21 07:23:05,428 [main] INFO  grpc.GrpcConfigKeys (ConfUtils.java:logGet(46)) - raft.grpc.server.async.request.thread.pool.cached = true (default)
2024-04-21 07:23:05,428 [main] INFO  grpc.GrpcConfigKeys (ConfUtils.java:logGet(46)) - raft.grpc.server.async.request.thread.pool.size = 32 (default)
2024-04-21 07:23:05,430 [main] INFO  impl.DataStreamServerImpl (ConfUtils.java:logGet(46)) - raft.datastream.type = NETTY (custom)
2024-04-21 07:23:05,431 [main] INFO  server.RaftServerConfigKeys (ConfUtils.java:logGet(46)) - raft.server.data-stream.async.request.thread.pool.cached = false (default)
2024-04-21 07:23:05,431 [main] INFO  server.RaftServerConfigKeys (ConfUtils.java:logGet(46)) - raft.server.data-stream.async.request.thread.pool.size = 20 (custom)
2024-04-21 07:23:05,431 [main] INFO  server.RaftServerConfigKeys (ConfUtils.java:logGet(46)) - raft.server.data-stream.async.write.thread.pool.size = 16 (default)
2024-04-21 07:23:05,432 [main] INFO  netty.NettyConfigKeys$DataStream (ConfUtils.java:logGet(46)) - raft.netty.dataStream.server.channel.inactive.grace-period = 10min (default)
2024-04-21 07:23:05,432 [main] INFO  server.RaftServerConfigKeys (ConfUtils.java:logGet(46)) - raft.server.data-stream.client.pool.size = 10 (default)
2024-04-21 07:23:05,432 [main] INFO  netty.NettyConfigKeys$DataStream (ConfUtils.java:logGet(46)) - raft.netty.dataStream.server.use-epoll = true (default)
2024-04-21 07:23:05,432 [main] INFO  netty.NettyConfigKeys$DataStream (ConfUtils.java:logGet(46)) - raft.netty.dataStream.server.boss-group.size = 0 (default)
2024-04-21 07:23:05,433 [main] INFO  netty.NettyUtils (NettyUtils.java:newEventLoopGroup(69)) - Create EpollEventLoopGroup for 6cf56e53-88cb-4022-bd56-d9b5c4d884ee-NettyServerStreamRpc-bossGroup; Thread size is 0.
2024-04-21 07:23:05,433 [main] INFO  netty.NettyConfigKeys$DataStream (ConfUtils.java:logGet(46)) - raft.netty.dataStream.server.worker-group.size = 0 (default)
2024-04-21 07:23:05,433 [main] INFO  netty.NettyUtils (NettyUtils.java:newEventLoopGroup(69)) - Create EpollEventLoopGroup for 6cf56e53-88cb-4022-bd56-d9b5c4d884ee-NettyServerStreamRpc-workerGroup; Thread size is 0.
2024-04-21 07:23:05,434 [main] INFO  netty.NettyConfigKeys$DataStream (ConfUtils.java:logGet(46)) - raft.netty.dataStream.server.tls.conf = null (default)
2024-04-21 07:23:05,434 [main] INFO  netty.NettyConfigKeys$DataStream (ConfUtils.java:logGet(46)) - raft.netty.dataStream.host = null (default)
2024-04-21 07:23:05,434 [main] INFO  netty.NettyConfigKeys$DataStream (ConfUtils.java:logGet(46)) - raft.netty.dataStream.port = 15139 (custom)
2024-04-21 07:23:05,434 [main] INFO  server.RaftServerConfigKeys (ConfUtils.java:logGet(46)) - raft.server.sleep.deviation.threshold = 300ms (default)
2024-04-21 07:23:05,435 [6cf56e53-88cb-4022-bd56-d9b5c4d884ee-NettyServerStreamRpc-bossGroup--thread1] INFO  logging.LoggingHandler (AbstractInternalLogger.java:log(148)) - [id: 0x0c2dda3e] REGISTERED
2024-04-21 07:23:05,435 [main] INFO  server.RaftServerConfigKeys (ConfUtils.java:logGet(46)) - raft.server.close.threshold = 60s (default)
2024-04-21 07:23:05,435 [main] INFO  server.RaftServerConfigKeys (ConfUtils.java:logGet(46)) - raft.server.leaderelection.leader.step-down.wait-time = 10s (default)
2024-04-21 07:23:05,435 [6cf56e53-88cb-4022-bd56-d9b5c4d884ee-NettyServerStreamRpc-bossGroup--thread1] INFO  logging.LoggingHandler (AbstractInternalLogger.java:log(148)) - [id: 0x0c2dda3e] BIND: 0.0.0.0/0.0.0.0:15139
2024-04-21 07:23:05,435 [main] INFO  server.RaftServerConfigKeys (ConfUtils.java:logGet(46)) - raft.server.storage.dir = [/home/runner/work/ozone/ozone/hadoop-ozone/integration-test/target/test-dir/MiniOzoneClusterImpl-ed39ddd9-82bf-4bf6-8741-acb42c98007c/ozone-meta/datanode-3/ratis] (custom)
2024-04-21 07:23:05,436 [main] INFO  server.RaftServerConfigKeys (ConfUtils.java:logGet(46)) - raft.server.threadpool.proxy.cached = true (default)
2024-04-21 07:23:05,436 [main] INFO  server.RaftServerConfigKeys (ConfUtils.java:logGet(46)) - raft.server.threadpool.proxy.size = 0 (default)
2024-04-21 07:23:05,435 [6cf56e53-88cb-4022-bd56-d9b5c4d884ee-NettyServerStreamRpc-bossGroup--thread1] INFO  logging.LoggingHandler (AbstractInternalLogger.java:log(148)) - [id: 0x0c2dda3e, L:/0.0.0.0:15139] ACTIVE
2024-04-21 07:23:05,436 [6cf56e53-88cb-4022-bd56-d9b5c4d884ee-impl-thread1] INFO  server.RaftServer (RaftServerProxy.java:initGroupDir(264)) - 6cf56e53-88cb-4022-bd56-d9b5c4d884ee: found a subdirectory /home/runner/work/ozone/ozone/hadoop-ozone/integration-test/target/test-dir/MiniOzoneClusterImpl-ed39ddd9-82bf-4bf6-8741-acb42c98007c/ozone-meta/datanode-3/ratis/tmp
2024-04-21 07:23:05,436 [6cf56e53-88cb-4022-bd56-d9b5c4d884ee-impl-thread1] INFO  server.RaftServer (RaftServerProxy.java:initGroupDir(269)) - 6cf56e53-88cb-4022-bd56-d9b5c4d884ee: The directory /home/runner/work/ozone/ozone/hadoop-ozone/integration-test/target/test-dir/MiniOzoneClusterImpl-ed39ddd9-82bf-4bf6-8741-acb42c98007c/ozone-meta/datanode-3/ratis/tmp is not a group directory; ignoring it. 
2024-04-21 07:23:05,436 [6cf56e53-88cb-4022-bd56-d9b5c4d884ee-impl-thread1] INFO  server.RaftServer (RaftServerProxy.java:initGroupDir(264)) - 6cf56e53-88cb-4022-bd56-d9b5c4d884ee: found a subdirectory /home/runner/work/ozone/ozone/hadoop-ozone/integration-test/target/test-dir/MiniOzoneClusterImpl-ed39ddd9-82bf-4bf6-8741-acb42c98007c/ozone-meta/datanode-3/ratis/a86e7278-1226-4d94-889b-db6f9dc5174e
2024-04-21 07:23:05,437 [6cf56e53-88cb-4022-bd56-d9b5c4d884ee-impl-thread1] INFO  server.RaftServer (RaftServerProxy.java:addNew(100)) - 6cf56e53-88cb-4022-bd56-d9b5c4d884ee: addNew group-DB6F9DC5174E:[] returns group-DB6F9DC5174E:java.util.concurrent.CompletableFuture@273f5ccf[Not completed]
2024-04-21 07:23:05,437 [6cf56e53-88cb-4022-bd56-d9b5c4d884ee-impl-thread1] INFO  server.RaftServer (RaftServerProxy.java:initGroupDir(264)) - 6cf56e53-88cb-4022-bd56-d9b5c4d884ee: found a subdirectory /home/runner/work/ozone/ozone/hadoop-ozone/integration-test/target/test-dir/MiniOzoneClusterImpl-ed39ddd9-82bf-4bf6-8741-acb42c98007c/ozone-meta/datanode-3/ratis/92642223-ead3-4aef-b8a5-5e161af68217
2024-04-21 07:23:05,437 [6cf56e53-88cb-4022-bd56-d9b5c4d884ee-impl-thread1] INFO  server.RaftServer (RaftServerProxy.java:addNew(100)) - 6cf56e53-88cb-4022-bd56-d9b5c4d884ee: addNew group-5E161AF68217:[] returns group-5E161AF68217:java.util.concurrent.CompletableFuture@2300dcf0[Not completed]
2024-04-21 07:23:05,437 [6cf56e53-88cb-4022-bd56-d9b5c4d884ee-impl-thread1] INFO  server.RaftServer (RaftServerProxy.java:initGroupDir(264)) - 6cf56e53-88cb-4022-bd56-d9b5c4d884ee: found a subdirectory /home/runner/work/ozone/ozone/hadoop-ozone/integration-test/target/test-dir/MiniOzoneClusterImpl-ed39ddd9-82bf-4bf6-8741-acb42c98007c/ozone-meta/datanode-3/ratis/c4b7aa47-080c-4de3-8911-9461fa60fdfb
2024-04-21 07:23:05,437 [6cf56e53-88cb-4022-bd56-d9b5c4d884ee-impl-thread1] INFO  server.RaftServer (RaftServerProxy.java:addNew(100)) - 6cf56e53-88cb-4022-bd56-d9b5c4d884ee: addNew group-9461FA60FDFB:[] returns group-9461FA60FDFB:java.util.concurrent.CompletableFuture@660256f4[Not completed]
2024-04-21 07:23:05,437 [6cf56e53-88cb-4022-bd56-d9b5c4d884ee-impl-thread1] INFO  server.RaftServer (RaftServerProxy.java:initGroupDir(264)) - 6cf56e53-88cb-4022-bd56-d9b5c4d884ee: found a subdirectory /home/runner/work/ozone/ozone/hadoop-ozone/integration-test/target/test-dir/MiniOzoneClusterImpl-ed39ddd9-82bf-4bf6-8741-acb42c98007c/ozone-meta/datanode-3/ratis/0ea19662-297e-47e6-b59a-85f3280a5d9a
2024-04-21 07:23:05,437 [6cf56e53-88cb-4022-bd56-d9b5c4d884ee-impl-thread1] INFO  server.RaftServer (RaftServerProxy.java:addNew(100)) - 6cf56e53-88cb-4022-bd56-d9b5c4d884ee: addNew group-85F3280A5D9A:[] returns group-85F3280A5D9A:java.util.concurrent.CompletableFuture@a2aa903[Not completed]
2024-04-21 07:23:05,437 [main] INFO  replication.ReplicationServer (ReplicationServer.java:<init>(86)) - Initializing replication server with thread count = 10 queue length = 4096
2024-04-21 07:23:05,438 [6cf56e53-88cb-4022-bd56-d9b5c4d884ee-groupManagement] INFO  server.RaftServer$Division (RaftServerImpl.java:<init>(256)) - 6cf56e53-88cb-4022-bd56-d9b5c4d884ee: new RaftServerImpl for group-DB6F9DC5174E:[] with ContainerStateMachine:uninitialized
2024-04-21 07:23:05,438 [6cf56e53-88cb-4022-bd56-d9b5c4d884ee-groupManagement] INFO  server.RaftServerConfigKeys (ConfUtils.java:logGet(46)) - raft.server.rpc.timeout.min = 5s (custom)
2024-04-21 07:23:05,438 [6cf56e53-88cb-4022-bd56-d9b5c4d884ee-groupManagement] INFO  server.RaftServerConfigKeys (ConfUtils.java:logGet(46)) - raft.server.rpc.timeout.max = 5200ms (custom)
2024-04-21 07:23:05,438 [6cf56e53-88cb-4022-bd56-d9b5c4d884ee-groupManagement] INFO  server.RaftServerConfigKeys (ConfUtils.java:logGet(46)) - raft.server.rpc.sleep.time = 25ms (default)
2024-04-21 07:23:05,438 [6cf56e53-88cb-4022-bd56-d9b5c4d884ee-groupManagement] INFO  server.RaftServerConfigKeys (ConfUtils.java:logGet(46)) - raft.server.rpc.slowness.timeout = 300000ms (custom)
2024-04-21 07:23:05,438 [6cf56e53-88cb-4022-bd56-d9b5c4d884ee-groupManagement] INFO  server.RaftServerConfigKeys (ConfUtils.java:logGet(46)) - raft.server.leaderelection.leader.step-down.wait-time = 10s (default)
2024-04-21 07:23:05,438 [6cf56e53-88cb-4022-bd56-d9b5c4d884ee-groupManagement] INFO  server.RaftServerConfigKeys (ConfUtils.java:logGet(46)) - raft.server.leaderelection.member.majority-add = false (default)
2024-04-21 07:23:05,438 [6cf56e53-88cb-4022-bd56-d9b5c4d884ee-groupManagement] INFO  server.RaftServerConfigKeys (ConfUtils.java:logGet(46)) - raft.server.sleep.deviation.threshold = 300ms (default)
2024-04-21 07:23:05,438 [6cf56e53-88cb-4022-bd56-d9b5c4d884ee-groupManagement] INFO  server.RaftServer$Division (ServerState.java:<init>(113)) - 6cf56e53-88cb-4022-bd56-d9b5c4d884ee@group-DB6F9DC5174E: ConfigurationManager, init=-1: peers:[]|listeners:[], old=null, confs=<EMPTY_MAP>
2024-04-21 07:23:05,438 [6cf56e53-88cb-4022-bd56-d9b5c4d884ee-groupManagement] INFO  server.RaftServerConfigKeys (ConfUtils.java:logGet(46)) - raft.server.notification.no-leader.timeout = 300000ms (custom)
2024-04-21 07:23:05,438 [6cf56e53-88cb-4022-bd56-d9b5c4d884ee-groupManagement] INFO  server.RaftServerConfigKeys (ConfUtils.java:logGet(46)) - raft.server.read.timeout = 10s (default)
2024-04-21 07:23:05,438 [6cf56e53-88cb-4022-bd56-d9b5c4d884ee-groupManagement] INFO  server.RaftServerConfigKeys (ConfUtils.java:logGet(46)) - raft.server.retrycache.expirytime = 600000ms (custom)
2024-04-21 07:23:05,438 [6cf56e53-88cb-4022-bd56-d9b5c4d884ee-groupManagement] INFO  server.RaftServerConfigKeys (ConfUtils.java:logGet(46)) - raft.server.retrycache.statistics.expirytime = 100ms (default)
2024-04-21 07:23:05,438 [6cf56e53-88cb-4022-bd56-d9b5c4d884ee-groupManagement] INFO  server.RaftServerConfigKeys (ConfUtils.java:logGet(46)) - raft.server.read.option = DEFAULT (default)
2024-04-21 07:23:05,439 [6cf56e53-88cb-4022-bd56-d9b5c4d884ee-groupManagement] INFO  server.RaftServerConfigKeys (ConfUtils.java:logGet(46)) - raft.server.read.read-after-write-consistent.write-index-cache.expiry-time = 60s (default)
2024-04-21 07:23:05,439 [main] INFO  server.XceiverServerGrpc (XceiverServerGrpc.java:<init>(141)) - GrpcServer channel type EpollServerSocketChannel
2024-04-21 07:23:05,441 [main] INFO  replication.ReplicationSupervisor (ReplicationSupervisor.java:build(157)) - Initializing replication supervisor with thread count = 10
2024-04-21 07:23:05,441 [main] INFO  replication.ReplicationSupervisor (ReplicationSupervisor.java:nodeStateUpdated(312)) - Node state updated to IN_SERVICE, scaling executor pool size to 10
2024-04-21 07:23:05,443 [6cf56e53-88cb-4022-bd56-d9b5c4d884ee-groupManagement] INFO  server.RaftServerConfigKeys (ConfUtils.java:logGet(46)) - raft.server.rpc.request.timeout = 3000ms (default)
2024-04-21 07:23:05,444 [6cf56e53-88cb-4022-bd56-d9b5c4d884ee-groupManagement] INFO  server.RaftServerConfigKeys (ConfUtils.java:logGet(46)) - raft.server.log.appender.install.snapshot.enabled = false (custom)
2024-04-21 07:23:05,444 [6cf56e53-88cb-4022-bd56-d9b5c4d884ee-groupManagement] INFO  server.RaftServerConfigKeys (ConfUtils.java:logGet(46)) - raft.server.threadpool.server.cached = true (default)
2024-04-21 07:23:05,444 [6cf56e53-88cb-4022-bd56-d9b5c4d884ee-groupManagement] INFO  server.RaftServerConfigKeys (ConfUtils.java:logGet(46)) - raft.server.threadpool.server.size = 0 (default)
2024-04-21 07:23:05,444 [6cf56e53-88cb-4022-bd56-d9b5c4d884ee-groupManagement] INFO  server.RaftServerConfigKeys (ConfUtils.java:logGet(46)) - raft.server.threadpool.client.cached = true (default)
2024-04-21 07:23:05,444 [6cf56e53-88cb-4022-bd56-d9b5c4d884ee-groupManagement] INFO  server.RaftServerConfigKeys (ConfUtils.java:logGet(46)) - raft.server.threadpool.client.size = 0 (default)
2024-04-21 07:23:05,444 [main] INFO  http.BaseHttpServer (BaseHttpServer.java:newHttpServer2BuilderForOzone(223)) - Starting Web-server for hddsDatanode at: http://0.0.0.0:15133
2024-04-21 07:23:05,445 [main] INFO  http.BaseHttpServer (BaseHttpServer.java:<init>(110)) - Hadoop Security Enabled: false Ozone Security Enabled: false Ozone HTTP Security Enabled: false 
2024-04-21 07:23:05,445 [6cf56e53-88cb-4022-bd56-d9b5c4d884ee-groupManagement] INFO  server.RaftServer$Division (RaftServerImpl.java:<init>(256)) - 6cf56e53-88cb-4022-bd56-d9b5c4d884ee: new RaftServerImpl for group-5E161AF68217:[] with ContainerStateMachine:uninitialized
2024-04-21 07:23:05,445 [6cf56e53-88cb-4022-bd56-d9b5c4d884ee-groupManagement] INFO  server.RaftServerConfigKeys (ConfUtils.java:logGet(46)) - raft.server.rpc.timeout.min = 5s (custom)
2024-04-21 07:23:05,445 [6cf56e53-88cb-4022-bd56-d9b5c4d884ee-groupManagement] INFO  server.RaftServerConfigKeys (ConfUtils.java:logGet(46)) - raft.server.rpc.timeout.max = 5200ms (custom)
2024-04-21 07:23:05,445 [6cf56e53-88cb-4022-bd56-d9b5c4d884ee-groupManagement] INFO  server.RaftServerConfigKeys (ConfUtils.java:logGet(46)) - raft.server.rpc.sleep.time = 25ms (default)
2024-04-21 07:23:05,445 [6cf56e53-88cb-4022-bd56-d9b5c4d884ee-groupManagement] INFO  server.RaftServerConfigKeys (ConfUtils.java:logGet(46)) - raft.server.rpc.slowness.timeout = 300000ms (custom)
2024-04-21 07:23:05,445 [6cf56e53-88cb-4022-bd56-d9b5c4d884ee-groupManagement] INFO  server.RaftServerConfigKeys (ConfUtils.java:logGet(46)) - raft.server.leaderelection.leader.step-down.wait-time = 10s (default)
2024-04-21 07:23:05,446 [6cf56e53-88cb-4022-bd56-d9b5c4d884ee-groupManagement] INFO  server.RaftServerConfigKeys (ConfUtils.java:logGet(46)) - raft.server.leaderelection.member.majority-add = false (default)
2024-04-21 07:23:05,446 [6cf56e53-88cb-4022-bd56-d9b5c4d884ee-groupManagement] INFO  server.RaftServerConfigKeys (ConfUtils.java:logGet(46)) - raft.server.sleep.deviation.threshold = 300ms (default)
2024-04-21 07:23:05,446 [6cf56e53-88cb-4022-bd56-d9b5c4d884ee-groupManagement] INFO  server.RaftServer$Division (ServerState.java:<init>(113)) - 6cf56e53-88cb-4022-bd56-d9b5c4d884ee@group-5E161AF68217: ConfigurationManager, init=-1: peers:[]|listeners:[], old=null, confs=<EMPTY_MAP>
2024-04-21 07:23:05,446 [6cf56e53-88cb-4022-bd56-d9b5c4d884ee-groupManagement] INFO  server.RaftServerConfigKeys (ConfUtils.java:logGet(46)) - raft.server.notification.no-leader.timeout = 300000ms (custom)
2024-04-21 07:23:05,446 [6cf56e53-88cb-4022-bd56-d9b5c4d884ee-groupManagement] INFO  server.RaftServerConfigKeys (ConfUtils.java:logGet(46)) - raft.server.read.timeout = 10s (default)
2024-04-21 07:23:05,446 [6cf56e53-88cb-4022-bd56-d9b5c4d884ee-groupManagement] INFO  server.RaftServerConfigKeys (ConfUtils.java:logGet(46)) - raft.server.retrycache.expirytime = 600000ms (custom)
2024-04-21 07:23:05,446 [6cf56e53-88cb-4022-bd56-d9b5c4d884ee-groupManagement] INFO  server.RaftServerConfigKeys (ConfUtils.java:logGet(46)) - raft.server.retrycache.statistics.expirytime = 100ms (default)
2024-04-21 07:23:05,446 [6cf56e53-88cb-4022-bd56-d9b5c4d884ee-groupManagement] INFO  server.RaftServerConfigKeys (ConfUtils.java:logGet(46)) - raft.server.read.option = DEFAULT (default)
2024-04-21 07:23:05,446 [6cf56e53-88cb-4022-bd56-d9b5c4d884ee-groupManagement] INFO  server.RaftServerConfigKeys (ConfUtils.java:logGet(46)) - raft.server.read.read-after-write-consistent.write-index-cache.expiry-time = 60s (default)
2024-04-21 07:23:05,446 [main] WARN  server.AuthenticationFilter (AuthenticationFilter.java:constructSecretProvider(240)) - Unable to initialize FileSignerSecretProvider, falling back to use random secrets. Reason: Could not read signature secret file: /home/runner/hadoop-http-auth-signature-secret
2024-04-21 07:23:05,448 [6cf56e53-88cb-4022-bd56-d9b5c4d884ee-groupManagement] INFO  server.RaftServerConfigKeys (ConfUtils.java:logGet(46)) - raft.server.rpc.request.timeout = 3000ms (default)
2024-04-21 07:23:05,448 [6cf56e53-88cb-4022-bd56-d9b5c4d884ee-groupManagement] INFO  server.RaftServerConfigKeys (ConfUtils.java:logGet(46)) - raft.server.log.appender.install.snapshot.enabled = false (custom)
2024-04-21 07:23:05,448 [6cf56e53-88cb-4022-bd56-d9b5c4d884ee-groupManagement] INFO  server.RaftServerConfigKeys (ConfUtils.java:logGet(46)) - raft.server.threadpool.server.cached = true (default)
2024-04-21 07:23:05,448 [6cf56e53-88cb-4022-bd56-d9b5c4d884ee-groupManagement] INFO  server.RaftServerConfigKeys (ConfUtils.java:logGet(46)) - raft.server.threadpool.server.size = 0 (default)
2024-04-21 07:23:05,448 [6cf56e53-88cb-4022-bd56-d9b5c4d884ee-groupManagement] INFO  server.RaftServerConfigKeys (ConfUtils.java:logGet(46)) - raft.server.threadpool.client.cached = true (default)
2024-04-21 07:23:05,448 [6cf56e53-88cb-4022-bd56-d9b5c4d884ee-groupManagement] INFO  server.RaftServerConfigKeys (ConfUtils.java:logGet(46)) - raft.server.threadpool.client.size = 0 (default)
2024-04-21 07:23:05,449 [6cf56e53-88cb-4022-bd56-d9b5c4d884ee-groupManagement] INFO  server.RaftServer$Division (RaftServerImpl.java:<init>(256)) - 6cf56e53-88cb-4022-bd56-d9b5c4d884ee: new RaftServerImpl for group-9461FA60FDFB:[] with ContainerStateMachine:uninitialized
2024-04-21 07:23:05,449 [6cf56e53-88cb-4022-bd56-d9b5c4d884ee-groupManagement] INFO  server.RaftServerConfigKeys (ConfUtils.java:logGet(46)) - raft.server.rpc.timeout.min = 5s (custom)
2024-04-21 07:23:05,449 [6cf56e53-88cb-4022-bd56-d9b5c4d884ee-groupManagement] INFO  server.RaftServerConfigKeys (ConfUtils.java:logGet(46)) - raft.server.rpc.timeout.max = 5200ms (custom)
2024-04-21 07:23:05,449 [6cf56e53-88cb-4022-bd56-d9b5c4d884ee-groupManagement] INFO  server.RaftServerConfigKeys (ConfUtils.java:logGet(46)) - raft.server.rpc.sleep.time = 25ms (default)
2024-04-21 07:23:05,449 [6cf56e53-88cb-4022-bd56-d9b5c4d884ee-groupManagement] INFO  server.RaftServerConfigKeys (ConfUtils.java:logGet(46)) - raft.server.rpc.slowness.timeout = 300000ms (custom)
2024-04-21 07:23:05,450 [6cf56e53-88cb-4022-bd56-d9b5c4d884ee-groupManagement] INFO  server.RaftServerConfigKeys (ConfUtils.java:logGet(46)) - raft.server.leaderelection.leader.step-down.wait-time = 10s (default)
2024-04-21 07:23:05,450 [6cf56e53-88cb-4022-bd56-d9b5c4d884ee-groupManagement] INFO  server.RaftServerConfigKeys (ConfUtils.java:logGet(46)) - raft.server.leaderelection.member.majority-add = false (default)
2024-04-21 07:23:05,450 [6cf56e53-88cb-4022-bd56-d9b5c4d884ee-groupManagement] INFO  server.RaftServerConfigKeys (ConfUtils.java:logGet(46)) - raft.server.sleep.deviation.threshold = 300ms (default)
2024-04-21 07:23:05,450 [6cf56e53-88cb-4022-bd56-d9b5c4d884ee-groupManagement] INFO  server.RaftServer$Division (ServerState.java:<init>(113)) - 6cf56e53-88cb-4022-bd56-d9b5c4d884ee@group-9461FA60FDFB: ConfigurationManager, init=-1: peers:[]|listeners:[], old=null, confs=<EMPTY_MAP>
2024-04-21 07:23:05,450 [6cf56e53-88cb-4022-bd56-d9b5c4d884ee-groupManagement] INFO  server.RaftServerConfigKeys (ConfUtils.java:logGet(46)) - raft.server.notification.no-leader.timeout = 300000ms (custom)
2024-04-21 07:23:05,450 [6cf56e53-88cb-4022-bd56-d9b5c4d884ee-groupManagement] INFO  server.RaftServerConfigKeys (ConfUtils.java:logGet(46)) - raft.server.read.timeout = 10s (default)
2024-04-21 07:23:05,450 [6cf56e53-88cb-4022-bd56-d9b5c4d884ee-groupManagement] INFO  server.RaftServerConfigKeys (ConfUtils.java:logGet(46)) - raft.server.retrycache.expirytime = 600000ms (custom)
2024-04-21 07:23:05,450 [6cf56e53-88cb-4022-bd56-d9b5c4d884ee-groupManagement] INFO  server.RaftServerConfigKeys (ConfUtils.java:logGet(46)) - raft.server.retrycache.statistics.expirytime = 100ms (default)
2024-04-21 07:23:05,450 [6cf56e53-88cb-4022-bd56-d9b5c4d884ee-groupManagement] INFO  server.RaftServerConfigKeys (ConfUtils.java:logGet(46)) - raft.server.read.option = DEFAULT (default)
2024-04-21 07:23:05,450 [6cf56e53-88cb-4022-bd56-d9b5c4d884ee-groupManagement] INFO  server.RaftServerConfigKeys (ConfUtils.java:logGet(46)) - raft.server.read.read-after-write-consistent.write-index-cache.expiry-time = 60s (default)
2024-04-21 07:23:05,452 [6cf56e53-88cb-4022-bd56-d9b5c4d884ee-groupManagement] INFO  server.RaftServerConfigKeys (ConfUtils.java:logGet(46)) - raft.server.rpc.request.timeout = 3000ms (default)
2024-04-21 07:23:05,452 [6cf56e53-88cb-4022-bd56-d9b5c4d884ee-groupManagement] INFO  server.RaftServerConfigKeys (ConfUtils.java:logGet(46)) - raft.server.log.appender.install.snapshot.enabled = false (custom)
2024-04-21 07:23:05,452 [6cf56e53-88cb-4022-bd56-d9b5c4d884ee-groupManagement] INFO  server.RaftServerConfigKeys (ConfUtils.java:logGet(46)) - raft.server.threadpool.server.cached = true (default)
2024-04-21 07:23:05,452 [6cf56e53-88cb-4022-bd56-d9b5c4d884ee-groupManagement] INFO  server.RaftServerConfigKeys (ConfUtils.java:logGet(46)) - raft.server.threadpool.server.size = 0 (default)
2024-04-21 07:23:05,452 [6cf56e53-88cb-4022-bd56-d9b5c4d884ee-groupManagement] INFO  server.RaftServerConfigKeys (ConfUtils.java:logGet(46)) - raft.server.threadpool.client.cached = true (default)
2024-04-21 07:23:05,453 [6cf56e53-88cb-4022-bd56-d9b5c4d884ee-groupManagement] INFO  server.RaftServerConfigKeys (ConfUtils.java:logGet(46)) - raft.server.threadpool.client.size = 0 (default)
2024-04-21 07:23:05,453 [6cf56e53-88cb-4022-bd56-d9b5c4d884ee-groupManagement] INFO  server.RaftServer$Division (RaftServerImpl.java:<init>(256)) - 6cf56e53-88cb-4022-bd56-d9b5c4d884ee: new RaftServerImpl for group-85F3280A5D9A:[] with ContainerStateMachine:uninitialized
2024-04-21 07:23:05,453 [6cf56e53-88cb-4022-bd56-d9b5c4d884ee-groupManagement] INFO  server.RaftServerConfigKeys (ConfUtils.java:logGet(46)) - raft.server.rpc.timeout.min = 5s (custom)
2024-04-21 07:23:05,453 [6cf56e53-88cb-4022-bd56-d9b5c4d884ee-groupManagement] INFO  server.RaftServerConfigKeys (ConfUtils.java:logGet(46)) - raft.server.rpc.timeout.max = 5200ms (custom)
2024-04-21 07:23:05,453 [6cf56e53-88cb-4022-bd56-d9b5c4d884ee-groupManagement] INFO  server.RaftServerConfigKeys (ConfUtils.java:logGet(46)) - raft.server.rpc.sleep.time = 25ms (default)
2024-04-21 07:23:05,454 [6cf56e53-88cb-4022-bd56-d9b5c4d884ee-groupManagement] INFO  server.RaftServerConfigKeys (ConfUtils.java:logGet(46)) - raft.server.rpc.slowness.timeout = 300000ms (custom)
2024-04-21 07:23:05,454 [6cf56e53-88cb-4022-bd56-d9b5c4d884ee-groupManagement] INFO  server.RaftServerConfigKeys (ConfUtils.java:logGet(46)) - raft.server.leaderelection.leader.step-down.wait-time = 10s (default)
2024-04-21 07:23:05,454 [6cf56e53-88cb-4022-bd56-d9b5c4d884ee-groupManagement] INFO  server.RaftServerConfigKeys (ConfUtils.java:logGet(46)) - raft.server.leaderelection.member.majority-add = false (default)
2024-04-21 07:23:05,454 [6cf56e53-88cb-4022-bd56-d9b5c4d884ee-groupManagement] INFO  server.RaftServerConfigKeys (ConfUtils.java:logGet(46)) - raft.server.sleep.deviation.threshold = 300ms (default)
2024-04-21 07:23:05,454 [6cf56e53-88cb-4022-bd56-d9b5c4d884ee-groupManagement] INFO  server.RaftServer$Division (ServerState.java:<init>(113)) - 6cf56e53-88cb-4022-bd56-d9b5c4d884ee@group-85F3280A5D9A: ConfigurationManager, init=-1: peers:[]|listeners:[], old=null, confs=<EMPTY_MAP>
2024-04-21 07:23:05,454 [6cf56e53-88cb-4022-bd56-d9b5c4d884ee-groupManagement] INFO  server.RaftServerConfigKeys (ConfUtils.java:logGet(46)) - raft.server.notification.no-leader.timeout = 300000ms (custom)
2024-04-21 07:23:05,454 [6cf56e53-88cb-4022-bd56-d9b5c4d884ee-groupManagement] INFO  server.RaftServerConfigKeys (ConfUtils.java:logGet(46)) - raft.server.read.timeout = 10s (default)
2024-04-21 07:23:05,454 [6cf56e53-88cb-4022-bd56-d9b5c4d884ee-groupManagement] INFO  server.RaftServerConfigKeys (ConfUtils.java:logGet(46)) - raft.server.retrycache.expirytime = 600000ms (custom)
2024-04-21 07:23:05,454 [6cf56e53-88cb-4022-bd56-d9b5c4d884ee-groupManagement] INFO  server.RaftServerConfigKeys (ConfUtils.java:logGet(46)) - raft.server.retrycache.statistics.expirytime = 100ms (default)
2024-04-21 07:23:05,454 [6cf56e53-88cb-4022-bd56-d9b5c4d884ee-groupManagement] INFO  server.RaftServerConfigKeys (ConfUtils.java:logGet(46)) - raft.server.read.option = DEFAULT (default)
2024-04-21 07:23:05,454 [6cf56e53-88cb-4022-bd56-d9b5c4d884ee-groupManagement] INFO  server.RaftServerConfigKeys (ConfUtils.java:logGet(46)) - raft.server.read.read-after-write-consistent.write-index-cache.expiry-time = 60s (default)
2024-04-21 07:23:05,455 [6cf56e53-88cb-4022-bd56-d9b5c4d884ee-groupManagement] INFO  server.RaftServerConfigKeys (ConfUtils.java:logGet(46)) - raft.server.rpc.request.timeout = 3000ms (default)
2024-04-21 07:23:05,455 [6cf56e53-88cb-4022-bd56-d9b5c4d884ee-groupManagement] INFO  server.RaftServerConfigKeys (ConfUtils.java:logGet(46)) - raft.server.log.appender.install.snapshot.enabled = false (custom)
2024-04-21 07:23:05,455 [6cf56e53-88cb-4022-bd56-d9b5c4d884ee-groupManagement] INFO  server.RaftServerConfigKeys (ConfUtils.java:logGet(46)) - raft.server.threadpool.server.cached = true (default)
2024-04-21 07:23:05,455 [6cf56e53-88cb-4022-bd56-d9b5c4d884ee-groupManagement] INFO  server.RaftServerConfigKeys (ConfUtils.java:logGet(46)) - raft.server.threadpool.server.size = 0 (default)
2024-04-21 07:23:05,455 [6cf56e53-88cb-4022-bd56-d9b5c4d884ee-groupManagement] INFO  server.RaftServerConfigKeys (ConfUtils.java:logGet(46)) - raft.server.threadpool.client.cached = true (default)
2024-04-21 07:23:05,455 [6cf56e53-88cb-4022-bd56-d9b5c4d884ee-groupManagement] INFO  server.RaftServerConfigKeys (ConfUtils.java:logGet(46)) - raft.server.threadpool.client.size = 0 (default)
2024-04-21 07:23:05,456 [main] INFO  http.HttpRequestLog (HttpRequestLog.java:getRequestLog(86)) - Http request log for http.requests.hddsDatanode is not defined
2024-04-21 07:23:05,457 [main] INFO  http.HttpServer2 (HttpServer2.java:addGlobalFilter(1036)) - Added global filter 'safety' (class=org.apache.hadoop.hdds.server.http.HttpServer2$QuotingInputFilter)
2024-04-21 07:23:05,458 [main] INFO  http.HttpServer2 (HttpServer2.java:addFilter(1012)) - Added filter static_user_filter (class=org.apache.hadoop.http.lib.StaticUserWebFilter$StaticUserFilter) to context hddsDatanode
2024-04-21 07:23:05,458 [main] INFO  http.HttpServer2 (HttpServer2.java:addFilter(1020)) - Added filter static_user_filter (class=org.apache.hadoop.http.lib.StaticUserWebFilter$StaticUserFilter) to context logs
2024-04-21 07:23:05,458 [main] INFO  http.HttpServer2 (HttpServer2.java:addFilter(1020)) - Added filter static_user_filter (class=org.apache.hadoop.http.lib.StaticUserWebFilter$StaticUserFilter) to context static
2024-04-21 07:23:05,459 [main] INFO  http.BaseHttpServer (BaseHttpServer.java:<init>(189)) - HTTP server of hddsDatanode uses base directory /home/runner/work/ozone/ozone/hadoop-ozone/integration-test/target/test-dir/MiniOzoneClusterImpl-ed39ddd9-82bf-4bf6-8741-acb42c98007c/ozone-meta/datanode-3/meta/webserver
2024-04-21 07:23:05,459 [main] INFO  http.HttpServer2 (HttpServer2.java:bindListener(1236)) - Jetty bound to port 15133
2024-04-21 07:23:05,460 [main] INFO  server.Server (Server.java:doStart(375)) - jetty-9.4.53.v20231009; built: 2023-10-09T12:29:09.265Z; git: 27bde00a0b95a1d5bbee0eae7984f891d2d0f8c9; jvm 1.8.0_402-b06
2024-04-21 07:23:05,494 [main] INFO  server.session (DefaultSessionIdManager.java:doStart(334)) - DefaultSessionIdManager workerName=node0
2024-04-21 07:23:05,495 [main] INFO  server.session (DefaultSessionIdManager.java:doStart(339)) - No SessionScavenger set, using defaults
2024-04-21 07:23:05,495 [main] INFO  server.session (HouseKeeper.java:startScavenging(132)) - node0 Scavenging every 600000ms
2024-04-21 07:23:05,498 [main] INFO  handler.ContextHandler (ContextHandler.java:doStart(921)) - Started o.e.j.s.ServletContextHandler@52def70b{logs,/logs,file:///home/runner/work/ozone/ozone/hadoop-ozone/integration-test/target/log,AVAILABLE}
2024-04-21 07:23:05,499 [main] INFO  handler.ContextHandler (ContextHandler.java:doStart(921)) - Started o.e.j.s.ServletContextHandler@6786e1a3{static,/static,file:///home/runner/work/ozone/ozone/hadoop-hdds/container-service/target/classes/webapps/static,AVAILABLE}
2024-04-21 07:23:05,501 [main] INFO  handler.ContextHandler (ContextHandler.java:doStart(921)) - Started o.e.j.w.WebAppContext@2a37bcad{hddsDatanode,/,file:///home/runner/work/ozone/ozone/hadoop-hdds/container-service/target/classes/webapps/hddsDatanode/,AVAILABLE}{file:/home/runner/work/ozone/ozone/hadoop-hdds/container-service/target/classes/webapps/hddsDatanode}
2024-04-21 07:23:05,506 [main] INFO  server.AbstractConnector (AbstractConnector.java:doStart(333)) - Started ServerConnector@69bcc39b{HTTP/1.1, (http/1.1)}{0.0.0.0:15133}
2024-04-21 07:23:05,506 [main] INFO  server.Server (Server.java:doStart(415)) - Started @457708ms
2024-04-21 07:23:05,507 [main] WARN  impl.MetricsSystemImpl (MetricsSystemImpl.java:register(279)) - Sink prometheus already exists!
2024-04-21 07:23:05,507 [main] INFO  http.BaseHttpServer (BaseHttpServer.java:updateConnectorAddress(354)) - HTTP server of hddsDatanode listening at http://0.0.0.0:15133
2024-04-21 07:23:05,508 [main] INFO  ipc.CallQueueManager (CallQueueManager.java:<init>(90)) - Using callQueue: class java.util.concurrent.LinkedBlockingQueue, queueCapacity: 100, scheduler: class org.apache.hadoop.ipc.DefaultRpcScheduler, ipcBackoff: false.
2024-04-21 07:23:05,508 [main] INFO  ipc.Server (Server.java:<init>(1287)) - Listener at 0.0.0.0:15134
2024-04-21 07:23:05,509 [Socket Reader #1 for port 15134] INFO  ipc.Server (Server.java:run(1323)) - Starting Socket Reader #1 for port 15134
2024-04-21 07:23:05,510 [main] INFO  ozone.HddsDatanodeService (HddsDatanodeService.java:start(327)) - Datanode start with admins: [runner]
2024-04-21 07:23:05,511 [main] INFO  ozone.HddsDatanodeClientProtocolServer (HddsDatanodeClientProtocolServer.java:start(77)) - RPC server for Client /0.0.0.0:15134
2024-04-21 07:23:05,513 [IPC Server Responder] INFO  ipc.Server (Server.java:run(1562)) - IPC Server Responder: starting
2024-04-21 07:23:05,513 [IPC Server listener on 15134] INFO  ipc.Server (Server.java:run(1402)) - IPC Server listener on 15134: starting
2024-04-21 07:23:05,514 [main] INFO  ozone.MiniOzoneClusterImpl (MiniOzoneClusterImpl.java:lambda$waitForClusterToBeReady$0(194)) - Waiting for nodes to be ready. Got 4 of 5 DN Heartbeats.
2024-04-21 07:23:05,515 [main] INFO  ozone.MiniOzoneClusterImpl (MiniOzoneClusterImpl.java:lambda$waitForClusterToBeReady$0(197)) - Cluster exits safe mode
2024-04-21 07:23:05,515 [main] INFO  ozone.MiniOzoneClusterImpl (MiniOzoneClusterImpl.java:lambda$waitForClusterToBeReady$0(199)) - SCM became leader
2024-04-21 07:23:05,514 [6cf56e53-88cb-4022-bd56-d9b5c4d884ee-DatanodeStateMachineDaemonThread] INFO  statemachine.DatanodeStateMachine (DatanodeStateMachine.java:lambda$startDaemon$1(555)) - Ozone container server started.
2024-04-21 07:23:05,531 [6cf56e53-88cb-4022-bd56-d9b5c4d884ee-DatanodeStateMachineTaskThread-0] INFO  datanode.InitDatanodeState (InitDatanodeState.java:persistContainerDatanodeDetails(139)) - DatanodeDetails is persisted to /home/runner/work/ozone/ozone/hadoop-ozone/integration-test/target/test-dir/MiniOzoneClusterImpl-ed39ddd9-82bf-4bf6-8741-acb42c98007c/ozone-meta/datanode-3/meta/datanode.id
2024-04-21 07:23:06,515 [main] INFO  ozone.MiniOzoneClusterImpl (MiniOzoneClusterImpl.java:lambda$waitForClusterToBeReady$0(194)) - Waiting for nodes to be ready. Got 4 of 5 DN Heartbeats.
2024-04-21 07:23:06,516 [main] INFO  ozone.MiniOzoneClusterImpl (MiniOzoneClusterImpl.java:lambda$waitForClusterToBeReady$0(197)) - Cluster exits safe mode
2024-04-21 07:23:06,516 [main] INFO  ozone.MiniOzoneClusterImpl (MiniOzoneClusterImpl.java:lambda$waitForClusterToBeReady$0(199)) - SCM became leader
2024-04-21 07:23:07,516 [main] INFO  ozone.MiniOzoneClusterImpl (MiniOzoneClusterImpl.java:lambda$waitForClusterToBeReady$0(194)) - Waiting for nodes to be ready. Got 4 of 5 DN Heartbeats.
2024-04-21 07:23:07,516 [main] INFO  ozone.MiniOzoneClusterImpl (MiniOzoneClusterImpl.java:lambda$waitForClusterToBeReady$0(197)) - Cluster exits safe mode
2024-04-21 07:23:07,517 [main] INFO  ozone.MiniOzoneClusterImpl (MiniOzoneClusterImpl.java:lambda$waitForClusterToBeReady$0(199)) - SCM became leader
2024-04-21 07:23:07,524 [6cf56e53-88cb-4022-bd56-d9b5c4d884ee-ContainerReader-0] INFO  ozoneimpl.ContainerReader (ContainerReader.java:readVolume(148)) - Start to verify containers on volume /home/runner/work/ozone/ozone/hadoop-ozone/integration-test/target/test-dir/MiniOzoneClusterImpl-ed39ddd9-82bf-4bf6-8741-acb42c98007c/ozone-meta/datanode-3/data-0/hdds
2024-04-21 07:23:07,535 [6cf56e53-88cb-4022-bd56-d9b5c4d884ee-ContainerReader-0] INFO  ozoneimpl.ContainerReader (ContainerReader.java:readVolume(178)) - Finish verifying containers on volume /home/runner/work/ozone/ozone/hadoop-ozone/integration-test/target/test-dir/MiniOzoneClusterImpl-ed39ddd9-82bf-4bf6-8741-acb42c98007c/ozone-meta/datanode-3/data-0/hdds
2024-04-21 07:23:07,535 [6cf56e53-88cb-4022-bd56-d9b5c4d884ee-EndpointStateMachineTaskThread-/0.0.0.0:15108-0 ] INFO  ozoneimpl.OzoneContainer (OzoneContainer.java:buildContainerSet(328)) - Build ContainerSet costs 0s
2024-04-21 07:23:07,535 [6cf56e53-88cb-4022-bd56-d9b5c4d884ee-EndpointStateMachineTaskThread-/0.0.0.0:15108-0 ] INFO  volume.ThrottledAsyncChecker (ThrottledAsyncChecker.java:schedule(141)) - Scheduling a check for /home/runner/work/ozone/ozone/hadoop-ozone/integration-test/target/test-dir/MiniOzoneClusterImpl-ed39ddd9-82bf-4bf6-8741-acb42c98007c/ozone-meta/datanode-3/data-0/hdds
2024-04-21 07:23:07,536 [6cf56e53-88cb-4022-bd56-d9b5c4d884ee-EndpointStateMachineTaskThread-/0.0.0.0:15108-0 ] INFO  volume.StorageVolumeChecker (StorageVolumeChecker.java:checkAllVolumes(218)) - Scheduled health check for volume /home/runner/work/ozone/ozone/hadoop-ozone/integration-test/target/test-dir/MiniOzoneClusterImpl-ed39ddd9-82bf-4bf6-8741-acb42c98007c/ozone-meta/datanode-3/data-0/hdds
2024-04-21 07:23:07,538 [6cf56e53-88cb-4022-bd56-d9b5c4d884ee-EndpointStateMachineTaskThread-/0.0.0.0:15108-0 ] INFO  volume.ThrottledAsyncChecker (ThrottledAsyncChecker.java:schedule(141)) - Scheduling a check for /home/runner/work/ozone/ozone/hadoop-ozone/integration-test/target/test-dir/MiniOzoneClusterImpl-ed39ddd9-82bf-4bf6-8741-acb42c98007c/ozone-meta/datanode-3/ratis
2024-04-21 07:23:07,538 [6cf56e53-88cb-4022-bd56-d9b5c4d884ee-EndpointStateMachineTaskThread-/0.0.0.0:15108-0 ] INFO  volume.StorageVolumeChecker (StorageVolumeChecker.java:checkAllVolumes(218)) - Scheduled health check for volume /home/runner/work/ozone/ozone/hadoop-ozone/integration-test/target/test-dir/MiniOzoneClusterImpl-ed39ddd9-82bf-4bf6-8741-acb42c98007c/ozone-meta/datanode-3/ratis
2024-04-21 07:23:07,539 [6cf56e53-88cb-4022-bd56-d9b5c4d884ee-EndpointStateMachineTaskThread-/0.0.0.0:15108-0 ] INFO  ozoneimpl.OzoneContainer (OzoneContainer.java:start(459)) - Attempting to start container services.
2024-04-21 07:23:07,540 [ContainerDataScanner(/home/runner/work/ozone/ozone/hadoop-ozone/integration-test/target/test-dir/MiniOzoneClusterImpl-ed39ddd9-82bf-4bf6-8741-acb42c98007c/ozone-meta/datanode-3/data-0/hdds)] INFO  ozoneimpl.AbstractBackgroundContainerScanner (AbstractBackgroundContainerScanner.java:runIteration(87)) - Completed an iteration in 0 minutes. Number of iterations (since the data-node restart) : 1, Number of containers scanned in this iteration : 0, Number of unhealthy containers found in this iteration : 0
2024-04-21 07:23:07,541 [6cf56e53-88cb-4022-bd56-d9b5c4d884ee-EndpointStateMachineTaskThread-/0.0.0.0:15108-0 ] INFO  replication.ReplicationServer (ReplicationServer.java:start(142)) - ReplicationServer is started using port 15140
2024-04-21 07:23:07,541 [6cf56e53-88cb-4022-bd56-d9b5c4d884ee-EndpointStateMachineTaskThread-/0.0.0.0:15108-0 ] INFO  ratis.XceiverServerRatis (XceiverServerRatis.java:start(566)) - Starting XceiverServerRatis 6cf56e53-88cb-4022-bd56-d9b5c4d884ee
2024-04-21 07:23:07,542 [6cf56e53-88cb-4022-bd56-d9b5c4d884ee-impl-thread1] INFO  server.RaftServerConfigKeys (ConfUtils.java:logGet(46)) - raft.server.storage.free-space.min = 0MB (=0) (default)
2024-04-21 07:23:07,542 [6cf56e53-88cb-4022-bd56-d9b5c4d884ee-impl-thread1] INFO  server.RaftServerConfigKeys (ConfUtils.java:logGet(46)) - raft.server.log.corruption.policy = EXCEPTION (default)
2024-04-21 07:23:07,542 [6cf56e53-88cb-4022-bd56-d9b5c4d884ee-impl-thread1] INFO  server.RaftServerConfigKeys (ConfUtils.java:logGet(46)) - raft.server.storage.dir = [/home/runner/work/ozone/ozone/hadoop-ozone/integration-test/target/test-dir/MiniOzoneClusterImpl-ed39ddd9-82bf-4bf6-8741-acb42c98007c/ozone-meta/datanode-3/ratis] (custom)
2024-04-21 07:23:07,543 [6cf56e53-88cb-4022-bd56-d9b5c4d884ee-impl-thread1] ERROR storage.RaftStorageDirectory (RaftStorageDirectoryImpl.java:tryLock(231)) - It appears that another process has already locked the storage directory: /home/runner/work/ozone/ozone/hadoop-ozone/integration-test/target/test-dir/MiniOzoneClusterImpl-ed39ddd9-82bf-4bf6-8741-acb42c98007c/ozone-meta/datanode-3/ratis/0ea19662-297e-47e6-b59a-85f3280a5d9a
java.nio.channels.OverlappingFileLockException
	at sun.nio.ch.SharedFileLockTable.checkList(FileLockTable.java:255)
	at sun.nio.ch.SharedFileLockTable.add(FileLockTable.java:152)
	at sun.nio.ch.FileChannelImpl.tryLock(FileChannelImpl.java:1107)
	at java.nio.channels.FileChannel.tryLock(FileChannel.java:1155)
	at org.apache.ratis.server.storage.RaftStorageDirectoryImpl.tryLock(RaftStorageDirectoryImpl.java:222)
	at org.apache.ratis.server.storage.RaftStorageDirectoryImpl.lambda$lock$0(RaftStorageDirectoryImpl.java:193)
	at org.apache.ratis.util.JavaUtils.lambda$attempt$7(JavaUtils.java:212)
	at org.apache.ratis.util.JavaUtils.attempt(JavaUtils.java:225)
	at org.apache.ratis.util.JavaUtils.attempt(JavaUtils.java:212)
	at org.apache.ratis.util.FileUtils.attempt(FileUtils.java:45)
	at org.apache.ratis.server.storage.RaftStorageDirectoryImpl.lock(RaftStorageDirectoryImpl.java:193)
	at org.apache.ratis.server.storage.RaftStorageDirectoryImpl.analyzeStorage(RaftStorageDirectoryImpl.java:156)
	at org.apache.ratis.server.storage.RaftStorageImpl.analyzeAndRecoverStorage(RaftStorageImpl.java:107)
	at org.apache.ratis.server.storage.RaftStorageImpl.initialize(RaftStorageImpl.java:67)
	at org.apache.ratis.server.storage.StorageImplUtils$Op.recover(StorageImplUtils.java:176)
	at org.apache.ratis.server.storage.StorageImplUtils$Op.run(StorageImplUtils.java:129)
	at org.apache.ratis.server.storage.StorageImplUtils.initRaftStorage(StorageImplUtils.java:100)
	at org.apache.ratis.server.impl.ServerState.lambda$new$2(ServerState.java:117)
	at org.apache.ratis.util.MemoizedCheckedSupplier.get(MemoizedCheckedSupplier.java:66)
	at org.apache.ratis.server.impl.ServerState.initialize(ServerState.java:139)
	at org.apache.ratis.server.impl.RaftServerImpl.start(RaftServerImpl.java:392)
	at org.apache.ratis.util.ConcurrentUtils.accept(ConcurrentUtils.java:203)
	at org.apache.ratis.util.ConcurrentUtils.lambda$null$4(ConcurrentUtils.java:182)
	at java.util.concurrent.ThreadPoolExecutor.runWorker(ThreadPoolExecutor.java:1149)
	at java.util.concurrent.ThreadPoolExecutor$Worker.run(ThreadPoolExecutor.java:624)
	at java.lang.Thread.run(Thread.java:750)
2024-04-21 07:23:07,544 [6cf56e53-88cb-4022-bd56-d9b5c4d884ee-impl-thread1] WARN  util.FileUtils (JavaUtils.java:attempt(231)) - FAILED "tryLock /home/runner/work/ozone/ozone/hadoop-ozone/integration-test/target/test-dir/MiniOzoneClusterImpl-ed39ddd9-82bf-4bf6-8741-acb42c98007c/ozone-meta/datanode-3/ratis/0ea19662-297e-47e6-b59a-85f3280a5d9a/in_use.lock", attempt #1/5: java.io.IOException: Failed to lock storage /home/runner/work/ozone/ozone/hadoop-ozone/integration-test/target/test-dir/MiniOzoneClusterImpl-ed39ddd9-82bf-4bf6-8741-acb42c98007c/ozone-meta/datanode-3/ratis/0ea19662-297e-47e6-b59a-85f3280a5d9a. The directory is already locked, sleep 1s and then retry.
java.io.IOException: Failed to lock storage /home/runner/work/ozone/ozone/hadoop-ozone/integration-test/target/test-dir/MiniOzoneClusterImpl-ed39ddd9-82bf-4bf6-8741-acb42c98007c/ozone-meta/datanode-3/ratis/0ea19662-297e-47e6-b59a-85f3280a5d9a. The directory is already locked
	at org.apache.ratis.server.storage.RaftStorageDirectoryImpl.tryLock(RaftStorageDirectoryImpl.java:234)
	at org.apache.ratis.server.storage.RaftStorageDirectoryImpl.lambda$lock$0(RaftStorageDirectoryImpl.java:193)
	at org.apache.ratis.util.JavaUtils.lambda$attempt$7(JavaUtils.java:212)
	at org.apache.ratis.util.JavaUtils.attempt(JavaUtils.java:225)
	at org.apache.ratis.util.JavaUtils.attempt(JavaUtils.java:212)
	at org.apache.ratis.util.FileUtils.attempt(FileUtils.java:45)
	at org.apache.ratis.server.storage.RaftStorageDirectoryImpl.lock(RaftStorageDirectoryImpl.java:193)
	at org.apache.ratis.server.storage.RaftStorageDirectoryImpl.analyzeStorage(RaftStorageDirectoryImpl.java:156)
	at org.apache.ratis.server.storage.RaftStorageImpl.analyzeAndRecoverStorage(RaftStorageImpl.java:107)
	at org.apache.ratis.server.storage.RaftStorageImpl.initialize(RaftStorageImpl.java:67)
	at org.apache.ratis.server.storage.StorageImplUtils$Op.recover(StorageImplUtils.java:176)
	at org.apache.ratis.server.storage.StorageImplUtils$Op.run(StorageImplUtils.java:129)
	at org.apache.ratis.server.storage.StorageImplUtils.initRaftStorage(StorageImplUtils.java:100)
	at org.apache.ratis.server.impl.ServerState.lambda$new$2(ServerState.java:117)
	at org.apache.ratis.util.MemoizedCheckedSupplier.get(MemoizedCheckedSupplier.java:66)
	at org.apache.ratis.server.impl.ServerState.initialize(ServerState.java:139)
	at org.apache.ratis.server.impl.RaftServerImpl.start(RaftServerImpl.java:392)
	at org.apache.ratis.util.ConcurrentUtils.accept(ConcurrentUtils.java:203)
	at org.apache.ratis.util.ConcurrentUtils.lambda$null$4(ConcurrentUtils.java:182)
	at java.util.concurrent.ThreadPoolExecutor.runWorker(ThreadPoolExecutor.java:1149)
	at java.util.concurrent.ThreadPoolExecutor$Worker.run(ThreadPoolExecutor.java:624)
	at java.lang.Thread.run(Thread.java:750)
Caused by: java.nio.channels.OverlappingFileLockException
	at sun.nio.ch.SharedFileLockTable.checkList(FileLockTable.java:255)
	at sun.nio.ch.SharedFileLockTable.add(FileLockTable.java:152)
	at sun.nio.ch.FileChannelImpl.tryLock(FileChannelImpl.java:1107)
	at java.nio.channels.FileChannel.tryLock(FileChannel.java:1155)
	at org.apache.ratis.server.storage.RaftStorageDirectoryImpl.tryLock(RaftStorageDirectoryImpl.java:222)
	... 21 more
2024-04-21 07:23:07,544 [6cf56e53-88cb-4022-bd56-d9b5c4d884ee-impl-thread2] INFO  server.RaftServerConfigKeys (ConfUtils.java:logGet(46)) - raft.server.storage.free-space.min = 0MB (=0) (default)
2024-04-21 07:23:07,544 [6cf56e53-88cb-4022-bd56-d9b5c4d884ee-impl-thread4] INFO  server.RaftServerConfigKeys (ConfUtils.java:logGet(46)) - raft.server.storage.free-space.min = 0MB (=0) (default)
2024-04-21 07:23:07,544 [6cf56e53-88cb-4022-bd56-d9b5c4d884ee-impl-thread4] INFO  server.RaftServerConfigKeys (ConfUtils.java:logGet(46)) - raft.server.log.corruption.policy = EXCEPTION (default)
2024-04-21 07:23:07,544 [6cf56e53-88cb-4022-bd56-d9b5c4d884ee-impl-thread4] INFO  server.RaftServerConfigKeys (ConfUtils.java:logGet(46)) - raft.server.storage.dir = [/home/runner/work/ozone/ozone/hadoop-ozone/integration-test/target/test-dir/MiniOzoneClusterImpl-ed39ddd9-82bf-4bf6-8741-acb42c98007c/ozone-meta/datanode-3/ratis] (custom)
2024-04-21 07:23:07,544 [6cf56e53-88cb-4022-bd56-d9b5c4d884ee-impl-thread2] INFO  server.RaftServerConfigKeys (ConfUtils.java:logGet(46)) - raft.server.log.corruption.policy = EXCEPTION (default)
2024-04-21 07:23:07,544 [6cf56e53-88cb-4022-bd56-d9b5c4d884ee-impl-thread3] INFO  server.RaftServerConfigKeys (ConfUtils.java:logGet(46)) - raft.server.storage.free-space.min = 0MB (=0) (default)
2024-04-21 07:23:07,545 [6cf56e53-88cb-4022-bd56-d9b5c4d884ee-impl-thread3] INFO  server.RaftServerConfigKeys (ConfUtils.java:logGet(46)) - raft.server.log.corruption.policy = EXCEPTION (default)
2024-04-21 07:23:07,545 [6cf56e53-88cb-4022-bd56-d9b5c4d884ee-impl-thread3] INFO  server.RaftServerConfigKeys (ConfUtils.java:logGet(46)) - raft.server.storage.dir = [/home/runner/work/ozone/ozone/hadoop-ozone/integration-test/target/test-dir/MiniOzoneClusterImpl-ed39ddd9-82bf-4bf6-8741-acb42c98007c/ozone-meta/datanode-3/ratis] (custom)
2024-04-21 07:23:07,545 [6cf56e53-88cb-4022-bd56-d9b5c4d884ee-impl-thread2] INFO  server.RaftServerConfigKeys (ConfUtils.java:logGet(46)) - raft.server.storage.dir = [/home/runner/work/ozone/ozone/hadoop-ozone/integration-test/target/test-dir/MiniOzoneClusterImpl-ed39ddd9-82bf-4bf6-8741-acb42c98007c/ozone-meta/datanode-3/ratis] (custom)
2024-04-21 07:23:07,545 [6cf56e53-88cb-4022-bd56-d9b5c4d884ee-impl-thread4] INFO  storage.RaftStorageDirectory (RaftStorageDirectoryImpl.java:tryLock(228)) - Lock on /home/runner/work/ozone/ozone/hadoop-ozone/integration-test/target/test-dir/MiniOzoneClusterImpl-ed39ddd9-82bf-4bf6-8741-acb42c98007c/ozone-meta/datanode-3/ratis/a86e7278-1226-4d94-889b-db6f9dc5174e/in_use.lock acquired by nodename 52185@fv-az1428-63
2024-04-21 07:23:07,545 [6cf56e53-88cb-4022-bd56-d9b5c4d884ee-impl-thread3] INFO  storage.RaftStorageDirectory (RaftStorageDirectoryImpl.java:tryLock(228)) - Lock on /home/runner/work/ozone/ozone/hadoop-ozone/integration-test/target/test-dir/MiniOzoneClusterImpl-ed39ddd9-82bf-4bf6-8741-acb42c98007c/ozone-meta/datanode-3/ratis/92642223-ead3-4aef-b8a5-5e161af68217/in_use.lock acquired by nodename 52185@fv-az1428-63
2024-04-21 07:23:07,546 [6cf56e53-88cb-4022-bd56-d9b5c4d884ee-impl-thread2] INFO  storage.RaftStorageDirectory (RaftStorageDirectoryImpl.java:tryLock(228)) - Lock on /home/runner/work/ozone/ozone/hadoop-ozone/integration-test/target/test-dir/MiniOzoneClusterImpl-ed39ddd9-82bf-4bf6-8741-acb42c98007c/ozone-meta/datanode-3/ratis/c4b7aa47-080c-4de3-8911-9461fa60fdfb/in_use.lock acquired by nodename 52185@fv-az1428-63
2024-04-21 07:23:07,547 [6cf56e53-88cb-4022-bd56-d9b5c4d884ee-impl-thread3] INFO  storage.RaftStorage (RaftStorageImpl.java:analyzeAndRecoverStorage(119)) - Read RaftStorageMetadata{term=1, votedFor=6cf56e53-88cb-4022-bd56-d9b5c4d884ee} from /home/runner/work/ozone/ozone/hadoop-ozone/integration-test/target/test-dir/MiniOzoneClusterImpl-ed39ddd9-82bf-4bf6-8741-acb42c98007c/ozone-meta/datanode-3/ratis/92642223-ead3-4aef-b8a5-5e161af68217/current/raft-meta
2024-04-21 07:23:07,547 [6cf56e53-88cb-4022-bd56-d9b5c4d884ee-impl-thread4] INFO  storage.RaftStorage (RaftStorageImpl.java:analyzeAndRecoverStorage(119)) - Read RaftStorageMetadata{term=0, votedFor=} from /home/runner/work/ozone/ozone/hadoop-ozone/integration-test/target/test-dir/MiniOzoneClusterImpl-ed39ddd9-82bf-4bf6-8741-acb42c98007c/ozone-meta/datanode-3/ratis/a86e7278-1226-4d94-889b-db6f9dc5174e/current/raft-meta
2024-04-21 07:23:07,547 [6cf56e53-88cb-4022-bd56-d9b5c4d884ee-impl-thread4] WARN  util.FileUtils (LogUtils.java:supplyAndLog(63)) - Failed to Files.newInputStream /home/runner/work/ozone/ozone/hadoop-ozone/integration-test/target/test-dir/MiniOzoneClusterImpl-ed39ddd9-82bf-4bf6-8741-acb42c98007c/ozone-meta/datanode-3/ratis/a86e7278-1226-4d94-889b-db6f9dc5174e/current/raft-meta.conf with options []: java.nio.file.NoSuchFileException: /home/runner/work/ozone/ozone/hadoop-ozone/integration-test/target/test-dir/MiniOzoneClusterImpl-ed39ddd9-82bf-4bf6-8741-acb42c98007c/ozone-meta/datanode-3/ratis/a86e7278-1226-4d94-889b-db6f9dc5174e/current/raft-meta.conf
2024-04-21 07:23:07,547 [6cf56e53-88cb-4022-bd56-d9b5c4d884ee-impl-thread2] INFO  storage.RaftStorage (RaftStorageImpl.java:analyzeAndRecoverStorage(119)) - Read RaftStorageMetadata{term=1, votedFor=33d4fa9a-f1b5-45a2-9ce3-43c86fd82df2} from /home/runner/work/ozone/ozone/hadoop-ozone/integration-test/target/test-dir/MiniOzoneClusterImpl-ed39ddd9-82bf-4bf6-8741-acb42c98007c/ozone-meta/datanode-3/ratis/c4b7aa47-080c-4de3-8911-9461fa60fdfb/current/raft-meta
2024-04-21 07:23:07,548 [6cf56e53-88cb-4022-bd56-d9b5c4d884ee-impl-thread4] INFO  ratis.ContainerStateMachine (ContainerStateMachine.java:loadSnapshot(287)) - group-DB6F9DC5174E: The snapshot info is null. Setting the last applied index to:(t:0, i:~)
2024-04-21 07:23:07,548 [6cf56e53-88cb-4022-bd56-d9b5c4d884ee-impl-thread4] INFO  server.RaftServerConfigKeys (ConfUtils.java:logGet(46)) - raft.server.log.use.memory = false (default)
2024-04-21 07:23:07,548 [6cf56e53-88cb-4022-bd56-d9b5c4d884ee-impl-thread4] INFO  server.RaftServerConfigKeys (ConfUtils.java:logGet(46)) - raft.server.log.purge.gap = 1000000 (custom)
2024-04-21 07:23:07,548 [6cf56e53-88cb-4022-bd56-d9b5c4d884ee-impl-thread4] INFO  server.RaftServerConfigKeys (ConfUtils.java:logGet(46)) - raft.server.log.appender.buffer.byte-limit = 8388608 (custom)
2024-04-21 07:23:07,550 [6cf56e53-88cb-4022-bd56-d9b5c4d884ee-impl-thread4] INFO  server.RaftServerConfigKeys (ConfUtils.java:logGet(46)) - raft.server.log.statemachine.data.read.timeout = 1000ms (default)
2024-04-21 07:23:07,550 [6cf56e53-88cb-4022-bd56-d9b5c4d884ee-impl-thread4] INFO  server.RaftServerConfigKeys (ConfUtils.java:logGet(46)) - raft.server.log.purge.preservation.log.num = 0 (default)
2024-04-21 07:23:07,548 [6cf56e53-88cb-4022-bd56-d9b5c4d884ee-impl-thread2] WARN  util.FileUtils (LogUtils.java:supplyAndLog(63)) - Failed to Files.newInputStream /home/runner/work/ozone/ozone/hadoop-ozone/integration-test/target/test-dir/MiniOzoneClusterImpl-ed39ddd9-82bf-4bf6-8741-acb42c98007c/ozone-meta/datanode-3/ratis/c4b7aa47-080c-4de3-8911-9461fa60fdfb/current/raft-meta.conf with options []: java.nio.file.NoSuchFileException: /home/runner/work/ozone/ozone/hadoop-ozone/integration-test/target/test-dir/MiniOzoneClusterImpl-ed39ddd9-82bf-4bf6-8741-acb42c98007c/ozone-meta/datanode-3/ratis/c4b7aa47-080c-4de3-8911-9461fa60fdfb/current/raft-meta.conf
2024-04-21 07:23:07,551 [6cf56e53-88cb-4022-bd56-d9b5c4d884ee-impl-thread4] INFO  server.RaftServerConfigKeys (ConfUtils.java:logGet(46)) - raft.server.log.segment.size.max = 67108864 (custom)
2024-04-21 07:23:07,550 [6cf56e53-88cb-4022-bd56-d9b5c4d884ee-impl-thread3] INFO  server.RaftServer$Division (ServerState.java:setRaftConf(386)) - 6cf56e53-88cb-4022-bd56-d9b5c4d884ee@group-5E161AF68217: set configuration 0: peers:[6cf56e53-88cb-4022-bd56-d9b5c4d884ee|10.1.0.102:15138]|listeners:[], old=null
2024-04-21 07:23:07,552 [6cf56e53-88cb-4022-bd56-d9b5c4d884ee-impl-thread4] INFO  server.RaftServerConfigKeys (ConfUtils.java:logGet(46)) - raft.server.log.segment.cache.num.max = 2 (custom)
2024-04-21 07:23:07,552 [6cf56e53-88cb-4022-bd56-d9b5c4d884ee-impl-thread4] INFO  server.RaftServerConfigKeys (ConfUtils.java:logGet(46)) - raft.server.log.segment.cache.size.max = 200MB (=209715200) (default)
2024-04-21 07:23:07,552 [6cf56e53-88cb-4022-bd56-d9b5c4d884ee-impl-thread2] INFO  ratis.ContainerStateMachine (ContainerStateMachine.java:loadSnapshot(287)) - group-9461FA60FDFB: The snapshot info is null. Setting the last applied index to:(t:0, i:~)
2024-04-21 07:23:07,553 [6cf56e53-88cb-4022-bd56-d9b5c4d884ee-impl-thread2] INFO  server.RaftServerConfigKeys (ConfUtils.java:logGet(46)) - raft.server.log.use.memory = false (default)
2024-04-21 07:23:07,553 [6cf56e53-88cb-4022-bd56-d9b5c4d884ee-impl-thread2] INFO  server.RaftServerConfigKeys (ConfUtils.java:logGet(46)) - raft.server.log.purge.gap = 1000000 (custom)
2024-04-21 07:23:07,553 [6cf56e53-88cb-4022-bd56-d9b5c4d884ee-impl-thread2] INFO  server.RaftServerConfigKeys (ConfUtils.java:logGet(46)) - raft.server.log.appender.buffer.byte-limit = 8388608 (custom)
2024-04-21 07:23:07,554 [6cf56e53-88cb-4022-bd56-d9b5c4d884ee-impl-thread3] INFO  ratis.ContainerStateMachine (ContainerStateMachine.java:loadSnapshot(296)) - group-5E161AF68217: Setting the last applied index to (t:1, i:11)
2024-04-21 07:23:07,554 [6cf56e53-88cb-4022-bd56-d9b5c4d884ee-impl-thread4] INFO  server.RaftServerConfigKeys (ConfUtils.java:logGet(46)) - raft.server.log.appender.buffer.byte-limit = 8388608 (custom)
2024-04-21 07:23:07,554 [6cf56e53-88cb-4022-bd56-d9b5c4d884ee-impl-thread2] INFO  server.RaftServerConfigKeys (ConfUtils.java:logGet(46)) - raft.server.log.statemachine.data.read.timeout = 1000ms (default)
2024-04-21 07:23:07,555 [6cf56e53-88cb-4022-bd56-d9b5c4d884ee-impl-thread4] INFO  util.AwaitToRun (AwaitToRun.java:start(81)) - Thread[6cf56e53-88cb-4022-bd56-d9b5c4d884ee@group-DB6F9DC5174E-cacheEviction-AwaitToRun,5,main] started
2024-04-21 07:23:07,555 [6cf56e53-88cb-4022-bd56-d9b5c4d884ee-impl-thread4] INFO  segmented.SegmentedRaftLogWorker (SegmentedRaftLogWorker.java:<init>(182)) - new 6cf56e53-88cb-4022-bd56-d9b5c4d884ee@group-DB6F9DC5174E-SegmentedRaftLogWorker for RaftStorageImpl:Storage Directory /home/runner/work/ozone/ozone/hadoop-ozone/integration-test/target/test-dir/MiniOzoneClusterImpl-ed39ddd9-82bf-4bf6-8741-acb42c98007c/ozone-meta/datanode-3/ratis/a86e7278-1226-4d94-889b-db6f9dc5174e
2024-04-21 07:23:07,555 [6cf56e53-88cb-4022-bd56-d9b5c4d884ee-impl-thread4] INFO  server.RaftServerConfigKeys (ConfUtils.java:logGet(46)) - raft.server.log.queue.byte-limit = 4294967296 (custom)
2024-04-21 07:23:07,555 [6cf56e53-88cb-4022-bd56-d9b5c4d884ee-impl-thread4] INFO  server.RaftServerConfigKeys (ConfUtils.java:logGet(46)) - raft.server.log.queue.element-limit = 1024 (custom)
2024-04-21 07:23:07,555 [6cf56e53-88cb-4022-bd56-d9b5c4d884ee-impl-thread4] INFO  server.RaftServerConfigKeys (ConfUtils.java:logGet(46)) - raft.server.log.segment.size.max = 67108864 (custom)
2024-04-21 07:23:07,555 [6cf56e53-88cb-4022-bd56-d9b5c4d884ee-impl-thread4] INFO  server.RaftServerConfigKeys (ConfUtils.java:logGet(46)) - raft.server.log.preallocated.size = 4194304 (custom)
2024-04-21 07:23:07,555 [6cf56e53-88cb-4022-bd56-d9b5c4d884ee-impl-thread4] INFO  server.RaftServerConfigKeys (ConfUtils.java:logGet(46)) - raft.server.log.force.sync.num = 128 (default)
2024-04-21 07:23:07,556 [6cf56e53-88cb-4022-bd56-d9b5c4d884ee-impl-thread4] INFO  server.RaftServerConfigKeys (ConfUtils.java:logGet(46)) - raft.server.log.statemachine.data.sync = true (default)
2024-04-21 07:23:07,556 [6cf56e53-88cb-4022-bd56-d9b5c4d884ee-impl-thread4] INFO  server.RaftServerConfigKeys (ConfUtils.java:logGet(46)) - raft.server.log.statemachine.data.sync.timeout = 10s (default)
2024-04-21 07:23:07,556 [6cf56e53-88cb-4022-bd56-d9b5c4d884ee-impl-thread4] INFO  server.RaftServerConfigKeys (ConfUtils.java:logGet(46)) - raft.server.log.statemachine.data.sync.timeout.retry = 30 (custom)
2024-04-21 07:23:07,556 [6cf56e53-88cb-4022-bd56-d9b5c4d884ee-impl-thread4] INFO  server.RaftServerConfigKeys (ConfUtils.java:logGet(46)) - raft.server.log.write.buffer.size = 8388616 (custom)
2024-04-21 07:23:07,557 [6cf56e53-88cb-4022-bd56-d9b5c4d884ee-impl-thread3] INFO  server.RaftServerConfigKeys (ConfUtils.java:logGet(46)) - raft.server.log.use.memory = false (default)
2024-04-21 07:23:07,557 [6cf56e53-88cb-4022-bd56-d9b5c4d884ee-impl-thread3] INFO  server.RaftServerConfigKeys (ConfUtils.java:logGet(46)) - raft.server.log.purge.gap = 1000000 (custom)
2024-04-21 07:23:07,557 [6cf56e53-88cb-4022-bd56-d9b5c4d884ee-impl-thread3] INFO  server.RaftServerConfigKeys (ConfUtils.java:logGet(46)) - raft.server.log.appender.buffer.byte-limit = 8388608 (custom)
2024-04-21 07:23:07,557 [6cf56e53-88cb-4022-bd56-d9b5c4d884ee-impl-thread3] INFO  server.RaftServerConfigKeys (ConfUtils.java:logGet(46)) - raft.server.log.statemachine.data.read.timeout = 1000ms (default)
2024-04-21 07:23:07,557 [6cf56e53-88cb-4022-bd56-d9b5c4d884ee-impl-thread3] INFO  server.RaftServerConfigKeys (ConfUtils.java:logGet(46)) - raft.server.log.purge.preservation.log.num = 0 (default)
2024-04-21 07:23:07,558 [6cf56e53-88cb-4022-bd56-d9b5c4d884ee-impl-thread4] INFO  server.RaftServerConfigKeys (ConfUtils.java:logGet(46)) - raft.server.log.appender.buffer.byte-limit = 8388608 (custom)
2024-04-21 07:23:07,558 [6cf56e53-88cb-4022-bd56-d9b5c4d884ee-impl-thread4] INFO  server.RaftServerConfigKeys (ConfUtils.java:logGet(46)) - raft.server.log.unsafe-flush.enabled = false (default)
2024-04-21 07:23:07,558 [6cf56e53-88cb-4022-bd56-d9b5c4d884ee-impl-thread4] INFO  server.RaftServerConfigKeys (ConfUtils.java:logGet(46)) - raft.server.log.async-flush.enabled = false (default)
2024-04-21 07:23:07,558 [6cf56e53-88cb-4022-bd56-d9b5c4d884ee-impl-thread4] INFO  server.RaftServerConfigKeys (ConfUtils.java:logGet(46)) - raft.server.log.statemachine.data.caching.enabled = true (custom)
2024-04-21 07:23:07,558 [6cf56e53-88cb-4022-bd56-d9b5c4d884ee-impl-thread4] INFO  segmented.SegmentedRaftLogWorker (SegmentedRaftLogWorker.java:lambda$new$0(134)) - 6cf56e53-88cb-4022-bd56-d9b5c4d884ee@group-DB6F9DC5174E-SegmentedRaftLogWorker: flushIndex: setUnconditionally 0 -> -1
2024-04-21 07:23:07,558 [6cf56e53-88cb-4022-bd56-d9b5c4d884ee-impl-thread4] INFO  segmented.SegmentedRaftLogWorker (SegmentedRaftLogWorker.java:lambda$new$0(134)) - 6cf56e53-88cb-4022-bd56-d9b5c4d884ee@group-DB6F9DC5174E-SegmentedRaftLogWorker: safeCacheEvictIndex: setUnconditionally 0 -> -1
2024-04-21 07:23:07,559 [6cf56e53-88cb-4022-bd56-d9b5c4d884ee-impl-thread3] INFO  server.RaftServerConfigKeys (ConfUtils.java:logGet(46)) - raft.server.log.segment.size.max = 67108864 (custom)
2024-04-21 07:23:07,559 [6cf56e53-88cb-4022-bd56-d9b5c4d884ee-impl-thread3] INFO  server.RaftServerConfigKeys (ConfUtils.java:logGet(46)) - raft.server.log.segment.cache.num.max = 2 (custom)
2024-04-21 07:23:07,559 [6cf56e53-88cb-4022-bd56-d9b5c4d884ee-impl-thread3] INFO  server.RaftServerConfigKeys (ConfUtils.java:logGet(46)) - raft.server.log.segment.cache.size.max = 200MB (=209715200) (default)
2024-04-21 07:23:07,559 [6cf56e53-88cb-4022-bd56-d9b5c4d884ee-impl-thread3] INFO  server.RaftServerConfigKeys (ConfUtils.java:logGet(46)) - raft.server.log.appender.buffer.byte-limit = 8388608 (custom)
2024-04-21 07:23:07,559 [6cf56e53-88cb-4022-bd56-d9b5c4d884ee-impl-thread4] INFO  server.RaftServer$Division (RaftServerImpl.java:start(402)) - 6cf56e53-88cb-4022-bd56-d9b5c4d884ee@group-DB6F9DC5174E: start with initializing state, conf=-1: peers:[]|listeners:[], old=null
2024-04-21 07:23:07,559 [6cf56e53-88cb-4022-bd56-d9b5c4d884ee-impl-thread4] INFO  server.RaftServer$Division (RaftServerImpl.java:setRole(383)) - 6cf56e53-88cb-4022-bd56-d9b5c4d884ee@group-DB6F9DC5174E: changes role from      null to FOLLOWER at term 0 for startInitializing
2024-04-21 07:23:07,559 [6cf56e53-88cb-4022-bd56-d9b5c4d884ee-impl-thread4] INFO  util.JmxRegister (JmxRegister.java:tryRegister(44)) - Successfully registered JMX Bean with object name Ratis:service=RaftServer,group=group-DB6F9DC5174E,id=6cf56e53-88cb-4022-bd56-d9b5c4d884ee
2024-04-21 07:23:07,559 [6cf56e53-88cb-4022-bd56-d9b5c4d884ee-impl-thread4] INFO  server.RaftServerConfigKeys (ConfUtils.java:logGet(46)) - raft.server.snapshot.trigger-when-stop.enabled = true (default)
2024-04-21 07:23:07,559 [6cf56e53-88cb-4022-bd56-d9b5c4d884ee-impl-thread4] INFO  server.RaftServerConfigKeys (ConfUtils.java:logGet(46)) - raft.server.snapshot.auto.trigger.enabled = true (custom)
2024-04-21 07:23:07,560 [6cf56e53-88cb-4022-bd56-d9b5c4d884ee-impl-thread4] INFO  server.RaftServerConfigKeys (ConfUtils.java:logGet(46)) - raft.server.snapshot.auto.trigger.threshold = 10000 (custom)
2024-04-21 07:23:07,560 [6cf56e53-88cb-4022-bd56-d9b5c4d884ee-impl-thread4] INFO  server.RaftServerConfigKeys (ConfUtils.java:logGet(46)) - raft.server.snapshot.retention.file.num = 5 (custom)
2024-04-21 07:23:07,560 [6cf56e53-88cb-4022-bd56-d9b5c4d884ee-impl-thread4] INFO  server.RaftServerConfigKeys (ConfUtils.java:logGet(46)) - raft.server.log.purge.upto.snapshot.index = false (default)
2024-04-21 07:23:07,555 [6cf56e53-88cb-4022-bd56-d9b5c4d884ee-impl-thread2] INFO  server.RaftServerConfigKeys (ConfUtils.java:logGet(46)) - raft.server.log.purge.preservation.log.num = 0 (default)
2024-04-21 07:23:07,563 [6cf56e53-88cb-4022-bd56-d9b5c4d884ee-impl-thread2] INFO  server.RaftServerConfigKeys (ConfUtils.java:logGet(46)) - raft.server.log.segment.size.max = 67108864 (custom)
2024-04-21 07:23:07,563 [6cf56e53-88cb-4022-bd56-d9b5c4d884ee-impl-thread2] INFO  server.RaftServerConfigKeys (ConfUtils.java:logGet(46)) - raft.server.log.segment.cache.num.max = 2 (custom)
2024-04-21 07:23:07,564 [6cf56e53-88cb-4022-bd56-d9b5c4d884ee-impl-thread3] INFO  util.AwaitToRun (AwaitToRun.java:start(81)) - Thread[6cf56e53-88cb-4022-bd56-d9b5c4d884ee@group-5E161AF68217-cacheEviction-AwaitToRun,5,main] started
2024-04-21 07:23:07,563 [ContainerMetadataScanner] INFO  ozoneimpl.AbstractBackgroundContainerScanner (AbstractBackgroundContainerScanner.java:runIteration(87)) - Completed an iteration in 0 minutes. Number of iterations (since the data-node restart) : 1, Number of containers scanned in this iteration : 1, Number of unhealthy containers found in this iteration : 0
2024-04-21 07:23:07,564 [6cf56e53-88cb-4022-bd56-d9b5c4d884ee-impl-thread3] INFO  segmented.SegmentedRaftLogWorker (SegmentedRaftLogWorker.java:<init>(182)) - new 6cf56e53-88cb-4022-bd56-d9b5c4d884ee@group-5E161AF68217-SegmentedRaftLogWorker for RaftStorageImpl:Storage Directory /home/runner/work/ozone/ozone/hadoop-ozone/integration-test/target/test-dir/MiniOzoneClusterImpl-ed39ddd9-82bf-4bf6-8741-acb42c98007c/ozone-meta/datanode-3/ratis/92642223-ead3-4aef-b8a5-5e161af68217
2024-04-21 07:23:07,564 [6cf56e53-88cb-4022-bd56-d9b5c4d884ee-impl-thread3] INFO  server.RaftServerConfigKeys (ConfUtils.java:logGet(46)) - raft.server.log.queue.byte-limit = 4294967296 (custom)
2024-04-21 07:23:07,564 [6cf56e53-88cb-4022-bd56-d9b5c4d884ee-impl-thread3] INFO  server.RaftServerConfigKeys (ConfUtils.java:logGet(46)) - raft.server.log.queue.element-limit = 1024 (custom)
2024-04-21 07:23:07,564 [6cf56e53-88cb-4022-bd56-d9b5c4d884ee-impl-thread3] INFO  server.RaftServerConfigKeys (ConfUtils.java:logGet(46)) - raft.server.log.segment.size.max = 67108864 (custom)
2024-04-21 07:23:07,564 [6cf56e53-88cb-4022-bd56-d9b5c4d884ee-impl-thread3] INFO  server.RaftServerConfigKeys (ConfUtils.java:logGet(46)) - raft.server.log.preallocated.size = 4194304 (custom)
2024-04-21 07:23:07,564 [6cf56e53-88cb-4022-bd56-d9b5c4d884ee-impl-thread3] INFO  server.RaftServerConfigKeys (ConfUtils.java:logGet(46)) - raft.server.log.force.sync.num = 128 (default)
2024-04-21 07:23:07,564 [6cf56e53-88cb-4022-bd56-d9b5c4d884ee-impl-thread3] INFO  server.RaftServerConfigKeys (ConfUtils.java:logGet(46)) - raft.server.log.statemachine.data.sync = true (default)
2024-04-21 07:23:07,564 [6cf56e53-88cb-4022-bd56-d9b5c4d884ee-impl-thread3] INFO  server.RaftServerConfigKeys (ConfUtils.java:logGet(46)) - raft.server.log.statemachine.data.sync.timeout = 10s (default)
2024-04-21 07:23:07,564 [6cf56e53-88cb-4022-bd56-d9b5c4d884ee-impl-thread3] INFO  server.RaftServerConfigKeys (ConfUtils.java:logGet(46)) - raft.server.log.statemachine.data.sync.timeout.retry = 30 (custom)
2024-04-21 07:23:07,564 [6cf56e53-88cb-4022-bd56-d9b5c4d884ee-impl-thread3] INFO  server.RaftServerConfigKeys (ConfUtils.java:logGet(46)) - raft.server.log.write.buffer.size = 8388616 (custom)
2024-04-21 07:23:07,564 [6cf56e53-88cb-4022-bd56-d9b5c4d884ee-impl-thread2] INFO  server.RaftServerConfigKeys (ConfUtils.java:logGet(46)) - raft.server.log.segment.cache.size.max = 200MB (=209715200) (default)
2024-04-21 07:23:07,565 [6cf56e53-88cb-4022-bd56-d9b5c4d884ee-impl-thread2] INFO  server.RaftServerConfigKeys (ConfUtils.java:logGet(46)) - raft.server.log.appender.buffer.byte-limit = 8388608 (custom)
2024-04-21 07:23:07,566 [6cf56e53-88cb-4022-bd56-d9b5c4d884ee-impl-thread2] INFO  util.AwaitToRun (AwaitToRun.java:start(81)) - Thread[6cf56e53-88cb-4022-bd56-d9b5c4d884ee@group-9461FA60FDFB-cacheEviction-AwaitToRun,5,main] started
2024-04-21 07:23:07,566 [6cf56e53-88cb-4022-bd56-d9b5c4d884ee-impl-thread3] INFO  server.RaftServerConfigKeys (ConfUtils.java:logGet(46)) - raft.server.log.appender.buffer.byte-limit = 8388608 (custom)
2024-04-21 07:23:07,566 [6cf56e53-88cb-4022-bd56-d9b5c4d884ee-impl-thread3] INFO  server.RaftServerConfigKeys (ConfUtils.java:logGet(46)) - raft.server.log.unsafe-flush.enabled = false (default)
2024-04-21 07:23:07,566 [6cf56e53-88cb-4022-bd56-d9b5c4d884ee-impl-thread3] INFO  server.RaftServerConfigKeys (ConfUtils.java:logGet(46)) - raft.server.log.async-flush.enabled = false (default)
2024-04-21 07:23:07,566 [6cf56e53-88cb-4022-bd56-d9b5c4d884ee-impl-thread3] INFO  server.RaftServerConfigKeys (ConfUtils.java:logGet(46)) - raft.server.log.statemachine.data.caching.enabled = true (custom)
2024-04-21 07:23:07,566 [6cf56e53-88cb-4022-bd56-d9b5c4d884ee-impl-thread2] INFO  segmented.SegmentedRaftLogWorker (SegmentedRaftLogWorker.java:<init>(182)) - new 6cf56e53-88cb-4022-bd56-d9b5c4d884ee@group-9461FA60FDFB-SegmentedRaftLogWorker for RaftStorageImpl:Storage Directory /home/runner/work/ozone/ozone/hadoop-ozone/integration-test/target/test-dir/MiniOzoneClusterImpl-ed39ddd9-82bf-4bf6-8741-acb42c98007c/ozone-meta/datanode-3/ratis/c4b7aa47-080c-4de3-8911-9461fa60fdfb
2024-04-21 07:23:07,566 [6cf56e53-88cb-4022-bd56-d9b5c4d884ee-impl-thread2] INFO  server.RaftServerConfigKeys (ConfUtils.java:logGet(46)) - raft.server.log.queue.byte-limit = 4294967296 (custom)
2024-04-21 07:23:07,566 [6cf56e53-88cb-4022-bd56-d9b5c4d884ee-impl-thread2] INFO  server.RaftServerConfigKeys (ConfUtils.java:logGet(46)) - raft.server.log.queue.element-limit = 1024 (custom)
2024-04-21 07:23:07,567 [6cf56e53-88cb-4022-bd56-d9b5c4d884ee-impl-thread2] INFO  server.RaftServerConfigKeys (ConfUtils.java:logGet(46)) - raft.server.log.segment.size.max = 67108864 (custom)
2024-04-21 07:23:07,567 [6cf56e53-88cb-4022-bd56-d9b5c4d884ee-impl-thread2] INFO  server.RaftServerConfigKeys (ConfUtils.java:logGet(46)) - raft.server.log.preallocated.size = 4194304 (custom)
2024-04-21 07:23:07,567 [6cf56e53-88cb-4022-bd56-d9b5c4d884ee-impl-thread2] INFO  server.RaftServerConfigKeys (ConfUtils.java:logGet(46)) - raft.server.log.force.sync.num = 128 (default)
2024-04-21 07:23:07,567 [6cf56e53-88cb-4022-bd56-d9b5c4d884ee-impl-thread2] INFO  server.RaftServerConfigKeys (ConfUtils.java:logGet(46)) - raft.server.log.statemachine.data.sync = true (default)
2024-04-21 07:23:07,567 [6cf56e53-88cb-4022-bd56-d9b5c4d884ee-impl-thread2] INFO  server.RaftServerConfigKeys (ConfUtils.java:logGet(46)) - raft.server.log.statemachine.data.sync.timeout = 10s (default)
2024-04-21 07:23:07,567 [6cf56e53-88cb-4022-bd56-d9b5c4d884ee-impl-thread2] INFO  server.RaftServerConfigKeys (ConfUtils.java:logGet(46)) - raft.server.log.statemachine.data.sync.timeout.retry = 30 (custom)
2024-04-21 07:23:07,567 [6cf56e53-88cb-4022-bd56-d9b5c4d884ee-impl-thread2] INFO  server.RaftServerConfigKeys (ConfUtils.java:logGet(46)) - raft.server.log.write.buffer.size = 8388616 (custom)
2024-04-21 07:23:07,569 [6cf56e53-88cb-4022-bd56-d9b5c4d884ee-impl-thread2] INFO  server.RaftServerConfigKeys (ConfUtils.java:logGet(46)) - raft.server.log.appender.buffer.byte-limit = 8388608 (custom)
2024-04-21 07:23:07,569 [6cf56e53-88cb-4022-bd56-d9b5c4d884ee-impl-thread2] INFO  server.RaftServerConfigKeys (ConfUtils.java:logGet(46)) - raft.server.log.unsafe-flush.enabled = false (default)
2024-04-21 07:23:07,569 [6cf56e53-88cb-4022-bd56-d9b5c4d884ee-impl-thread2] INFO  server.RaftServerConfigKeys (ConfUtils.java:logGet(46)) - raft.server.log.async-flush.enabled = false (default)
2024-04-21 07:23:07,569 [6cf56e53-88cb-4022-bd56-d9b5c4d884ee-impl-thread2] INFO  server.RaftServerConfigKeys (ConfUtils.java:logGet(46)) - raft.server.log.statemachine.data.caching.enabled = true (custom)
2024-04-21 07:23:07,575 [6cf56e53-88cb-4022-bd56-d9b5c4d884ee-impl-thread3] INFO  server.RaftServer$Division (ServerState.java:setRaftConf(386)) - 6cf56e53-88cb-4022-bd56-d9b5c4d884ee@group-5E161AF68217: set configuration 0: peers:[6cf56e53-88cb-4022-bd56-d9b5c4d884ee|10.1.0.102:15138]|listeners:[], old=null
2024-04-21 07:23:07,575 [6cf56e53-88cb-4022-bd56-d9b5c4d884ee-impl-thread2] INFO  server.RaftServer$Division (ServerState.java:setRaftConf(386)) - 6cf56e53-88cb-4022-bd56-d9b5c4d884ee@group-9461FA60FDFB: set configuration 0: peers:[6cf56e53-88cb-4022-bd56-d9b5c4d884ee|10.1.0.102:15138, 9387e6e8-bf6d-4d10-9dc1-f1bd05fc02cf|10.1.0.102:15120, 33d4fa9a-f1b5-45a2-9ce3-43c86fd82df2|10.1.0.102:15129]|listeners:[], old=null
2024-04-21 07:23:07,576 [6cf56e53-88cb-4022-bd56-d9b5c4d884ee-impl-thread2] INFO  segmented.LogSegment (LogSegment.java:loadSegment(170)) - Successfully read 1 entries from segment file /home/runner/work/ozone/ozone/hadoop-ozone/integration-test/target/test-dir/MiniOzoneClusterImpl-ed39ddd9-82bf-4bf6-8741-acb42c98007c/ozone-meta/datanode-3/ratis/c4b7aa47-080c-4de3-8911-9461fa60fdfb/current/log_inprogress_0
2024-04-21 07:23:07,576 [6cf56e53-88cb-4022-bd56-d9b5c4d884ee-impl-thread2] INFO  segmented.SegmentedRaftLogWorker (SegmentedRaftLogWorker.java:lambda$new$0(134)) - 6cf56e53-88cb-4022-bd56-d9b5c4d884ee@group-9461FA60FDFB-SegmentedRaftLogWorker: safeCacheEvictIndex: setUnconditionally 0 -> -1
2024-04-21 07:23:07,576 [6cf56e53-88cb-4022-bd56-d9b5c4d884ee-impl-thread2] INFO  segmented.BufferedWriteChannel (BufferedWriteChannel.java:open(62)) - open log_inprogress_0 (append) at position 363
2024-04-21 07:23:07,577 [6cf56e53-88cb-4022-bd56-d9b5c4d884ee-impl-thread3] INFO  segmented.LogSegment (LogSegment.java:loadSegment(170)) - Successfully read 12 entries from segment file /home/runner/work/ozone/ozone/hadoop-ozone/integration-test/target/test-dir/MiniOzoneClusterImpl-ed39ddd9-82bf-4bf6-8741-acb42c98007c/ozone-meta/datanode-3/ratis/92642223-ead3-4aef-b8a5-5e161af68217/current/log_inprogress_0
2024-04-21 07:23:07,578 [6cf56e53-88cb-4022-bd56-d9b5c4d884ee-impl-thread3] INFO  segmented.SegmentedRaftLogWorker (SegmentedRaftLogWorker.java:lambda$new$0(134)) - 6cf56e53-88cb-4022-bd56-d9b5c4d884ee@group-5E161AF68217-SegmentedRaftLogWorker: flushIndex: setUnconditionally 0 -> 11
2024-04-21 07:23:07,578 [6cf56e53-88cb-4022-bd56-d9b5c4d884ee-impl-thread3] INFO  segmented.SegmentedRaftLogWorker (SegmentedRaftLogWorker.java:lambda$new$0(134)) - 6cf56e53-88cb-4022-bd56-d9b5c4d884ee@group-5E161AF68217-SegmentedRaftLogWorker: safeCacheEvictIndex: setUnconditionally 0 -> -1
2024-04-21 07:23:07,578 [6cf56e53-88cb-4022-bd56-d9b5c4d884ee-impl-thread3] INFO  segmented.BufferedWriteChannel (BufferedWriteChannel.java:open(62)) - open log_inprogress_0 (append) at position 2035
2024-04-21 07:23:07,578 [6cf56e53-88cb-4022-bd56-d9b5c4d884ee-impl-thread2] INFO  server.RaftServer$Division (RaftServerImpl.java:start(396)) - 6cf56e53-88cb-4022-bd56-d9b5c4d884ee@group-9461FA60FDFB: start as a follower, conf=0: peers:[6cf56e53-88cb-4022-bd56-d9b5c4d884ee|10.1.0.102:15138, 9387e6e8-bf6d-4d10-9dc1-f1bd05fc02cf|10.1.0.102:15120, 33d4fa9a-f1b5-45a2-9ce3-43c86fd82df2|10.1.0.102:15129]|listeners:[], old=null
2024-04-21 07:23:07,578 [6cf56e53-88cb-4022-bd56-d9b5c4d884ee-impl-thread2] INFO  server.RaftServer$Division (RaftServerImpl.java:setRole(383)) - 6cf56e53-88cb-4022-bd56-d9b5c4d884ee@group-9461FA60FDFB: changes role from      null to FOLLOWER at term 1 for startAsFollower
2024-04-21 07:23:07,578 [6cf56e53-88cb-4022-bd56-d9b5c4d884ee-impl-thread3] INFO  server.RaftServer$Division (RaftServerImpl.java:start(396)) - 6cf56e53-88cb-4022-bd56-d9b5c4d884ee@group-5E161AF68217: start as a follower, conf=0: peers:[6cf56e53-88cb-4022-bd56-d9b5c4d884ee|10.1.0.102:15138]|listeners:[], old=null
2024-04-21 07:23:07,578 [6cf56e53-88cb-4022-bd56-d9b5c4d884ee-impl-thread3] INFO  server.RaftServer$Division (RaftServerImpl.java:setRole(383)) - 6cf56e53-88cb-4022-bd56-d9b5c4d884ee@group-5E161AF68217: changes role from      null to FOLLOWER at term 1 for startAsFollower
2024-04-21 07:23:07,578 [6cf56e53-88cb-4022-bd56-d9b5c4d884ee-impl-thread3] INFO  impl.RoleInfo (RoleInfo.java:updateAndGet(139)) - 6cf56e53-88cb-4022-bd56-d9b5c4d884ee: start 6cf56e53-88cb-4022-bd56-d9b5c4d884ee@group-5E161AF68217-FollowerState
2024-04-21 07:23:07,578 [6cf56e53-88cb-4022-bd56-d9b5c4d884ee-impl-thread3] INFO  util.JmxRegister (JmxRegister.java:tryRegister(44)) - Successfully registered JMX Bean with object name Ratis:service=RaftServer,group=group-5E161AF68217,id=6cf56e53-88cb-4022-bd56-d9b5c4d884ee
2024-04-21 07:23:07,578 [6cf56e53-88cb-4022-bd56-d9b5c4d884ee@group-5E161AF68217-FollowerState] INFO  server.RaftServerConfigKeys (ConfUtils.java:logFallback(53)) - raft.server.rpc.first-election.timeout.min = 5s (fallback to raft.server.rpc.timeout.min)
2024-04-21 07:23:07,578 [6cf56e53-88cb-4022-bd56-d9b5c4d884ee-impl-thread2] INFO  impl.RoleInfo (RoleInfo.java:updateAndGet(139)) - 6cf56e53-88cb-4022-bd56-d9b5c4d884ee: start 6cf56e53-88cb-4022-bd56-d9b5c4d884ee@group-9461FA60FDFB-FollowerState
2024-04-21 07:23:07,578 [6cf56e53-88cb-4022-bd56-d9b5c4d884ee-impl-thread3] INFO  server.RaftServerConfigKeys (ConfUtils.java:logGet(46)) - raft.server.snapshot.trigger-when-stop.enabled = true (default)
2024-04-21 07:23:07,579 [6cf56e53-88cb-4022-bd56-d9b5c4d884ee@group-5E161AF68217-FollowerState] INFO  server.RaftServerConfigKeys (ConfUtils.java:logFallback(53)) - raft.server.rpc.first-election.timeout.max = 5200ms (fallback to raft.server.rpc.timeout.max)
2024-04-21 07:23:07,579 [6cf56e53-88cb-4022-bd56-d9b5c4d884ee-impl-thread2] INFO  util.JmxRegister (JmxRegister.java:tryRegister(44)) - Successfully registered JMX Bean with object name Ratis:service=RaftServer,group=group-9461FA60FDFB,id=6cf56e53-88cb-4022-bd56-d9b5c4d884ee
2024-04-21 07:23:07,579 [6cf56e53-88cb-4022-bd56-d9b5c4d884ee-impl-thread2] INFO  server.RaftServerConfigKeys (ConfUtils.java:logGet(46)) - raft.server.snapshot.trigger-when-stop.enabled = true (default)
2024-04-21 07:23:07,579 [6cf56e53-88cb-4022-bd56-d9b5c4d884ee-impl-thread2] INFO  server.RaftServerConfigKeys (ConfUtils.java:logGet(46)) - raft.server.snapshot.auto.trigger.enabled = true (custom)
2024-04-21 07:23:07,579 [6cf56e53-88cb-4022-bd56-d9b5c4d884ee-impl-thread2] INFO  server.RaftServerConfigKeys (ConfUtils.java:logGet(46)) - raft.server.snapshot.auto.trigger.threshold = 10000 (custom)
2024-04-21 07:23:07,579 [6cf56e53-88cb-4022-bd56-d9b5c4d884ee-impl-thread2] INFO  server.RaftServerConfigKeys (ConfUtils.java:logGet(46)) - raft.server.snapshot.retention.file.num = 5 (custom)
2024-04-21 07:23:07,579 [6cf56e53-88cb-4022-bd56-d9b5c4d884ee-impl-thread2] INFO  server.RaftServerConfigKeys (ConfUtils.java:logGet(46)) - raft.server.log.purge.upto.snapshot.index = false (default)
2024-04-21 07:23:07,579 [6cf56e53-88cb-4022-bd56-d9b5c4d884ee-impl-thread3] INFO  server.RaftServerConfigKeys (ConfUtils.java:logGet(46)) - raft.server.snapshot.auto.trigger.enabled = true (custom)
2024-04-21 07:23:07,580 [6cf56e53-88cb-4022-bd56-d9b5c4d884ee-impl-thread3] INFO  server.RaftServerConfigKeys (ConfUtils.java:logGet(46)) - raft.server.snapshot.auto.trigger.threshold = 10000 (custom)
2024-04-21 07:23:07,580 [6cf56e53-88cb-4022-bd56-d9b5c4d884ee-impl-thread3] INFO  server.RaftServerConfigKeys (ConfUtils.java:logGet(46)) - raft.server.snapshot.retention.file.num = 5 (custom)
2024-04-21 07:23:07,580 [6cf56e53-88cb-4022-bd56-d9b5c4d884ee-impl-thread3] INFO  server.RaftServerConfigKeys (ConfUtils.java:logGet(46)) - raft.server.log.purge.upto.snapshot.index = false (default)
2024-04-21 07:23:07,579 [6cf56e53-88cb-4022-bd56-d9b5c4d884ee@group-9461FA60FDFB-FollowerState] INFO  server.RaftServerConfigKeys (ConfUtils.java:logFallback(53)) - raft.server.rpc.first-election.timeout.min = 5s (fallback to raft.server.rpc.timeout.min)
2024-04-21 07:23:07,580 [6cf56e53-88cb-4022-bd56-d9b5c4d884ee@group-9461FA60FDFB-FollowerState] INFO  server.RaftServerConfigKeys (ConfUtils.java:logFallback(53)) - raft.server.rpc.first-election.timeout.max = 5200ms (fallback to raft.server.rpc.timeout.max)
2024-04-21 07:23:08,517 [main] INFO  ozone.MiniOzoneClusterImpl (MiniOzoneClusterImpl.java:lambda$waitForClusterToBeReady$0(194)) - Waiting for nodes to be ready. Got 4 of 5 DN Heartbeats.
2024-04-21 07:23:08,517 [main] INFO  ozone.MiniOzoneClusterImpl (MiniOzoneClusterImpl.java:lambda$waitForClusterToBeReady$0(197)) - Cluster exits safe mode
2024-04-21 07:23:08,517 [main] INFO  ozone.MiniOzoneClusterImpl (MiniOzoneClusterImpl.java:lambda$waitForClusterToBeReady$0(199)) - SCM became leader
2024-04-21 07:23:08,544 [6cf56e53-88cb-4022-bd56-d9b5c4d884ee-impl-thread1] ERROR storage.RaftStorageDirectory (RaftStorageDirectoryImpl.java:tryLock(231)) - It appears that another process has already locked the storage directory: /home/runner/work/ozone/ozone/hadoop-ozone/integration-test/target/test-dir/MiniOzoneClusterImpl-ed39ddd9-82bf-4bf6-8741-acb42c98007c/ozone-meta/datanode-3/ratis/0ea19662-297e-47e6-b59a-85f3280a5d9a
java.nio.channels.OverlappingFileLockException
	at sun.nio.ch.SharedFileLockTable.checkList(FileLockTable.java:255)
	at sun.nio.ch.SharedFileLockTable.add(FileLockTable.java:152)
	at sun.nio.ch.FileChannelImpl.tryLock(FileChannelImpl.java:1107)
	at java.nio.channels.FileChannel.tryLock(FileChannel.java:1155)
	at org.apache.ratis.server.storage.RaftStorageDirectoryImpl.tryLock(RaftStorageDirectoryImpl.java:222)
	at org.apache.ratis.server.storage.RaftStorageDirectoryImpl.lambda$lock$0(RaftStorageDirectoryImpl.java:193)
	at org.apache.ratis.util.JavaUtils.lambda$attempt$7(JavaUtils.java:212)
	at org.apache.ratis.util.JavaUtils.attempt(JavaUtils.java:225)
	at org.apache.ratis.util.JavaUtils.attempt(JavaUtils.java:212)
	at org.apache.ratis.util.FileUtils.attempt(FileUtils.java:45)
	at org.apache.ratis.server.storage.RaftStorageDirectoryImpl.lock(RaftStorageDirectoryImpl.java:193)
	at org.apache.ratis.server.storage.RaftStorageDirectoryImpl.analyzeStorage(RaftStorageDirectoryImpl.java:156)
	at org.apache.ratis.server.storage.RaftStorageImpl.analyzeAndRecoverStorage(RaftStorageImpl.java:107)
	at org.apache.ratis.server.storage.RaftStorageImpl.initialize(RaftStorageImpl.java:67)
	at org.apache.ratis.server.storage.StorageImplUtils$Op.recover(StorageImplUtils.java:176)
	at org.apache.ratis.server.storage.StorageImplUtils$Op.run(StorageImplUtils.java:129)
	at org.apache.ratis.server.storage.StorageImplUtils.initRaftStorage(StorageImplUtils.java:100)
	at org.apache.ratis.server.impl.ServerState.lambda$new$2(ServerState.java:117)
	at org.apache.ratis.util.MemoizedCheckedSupplier.get(MemoizedCheckedSupplier.java:66)
	at org.apache.ratis.server.impl.ServerState.initialize(ServerState.java:139)
	at org.apache.ratis.server.impl.RaftServerImpl.start(RaftServerImpl.java:392)
	at org.apache.ratis.util.ConcurrentUtils.accept(ConcurrentUtils.java:203)
	at org.apache.ratis.util.ConcurrentUtils.lambda$null$4(ConcurrentUtils.java:182)
	at java.util.concurrent.ThreadPoolExecutor.runWorker(ThreadPoolExecutor.java:1149)
	at java.util.concurrent.ThreadPoolExecutor$Worker.run(ThreadPoolExecutor.java:624)
	at java.lang.Thread.run(Thread.java:750)
2024-04-21 07:23:08,544 [6cf56e53-88cb-4022-bd56-d9b5c4d884ee-impl-thread1] WARN  util.FileUtils (JavaUtils.java:attempt(231)) - FAILED "tryLock /home/runner/work/ozone/ozone/hadoop-ozone/integration-test/target/test-dir/MiniOzoneClusterImpl-ed39ddd9-82bf-4bf6-8741-acb42c98007c/ozone-meta/datanode-3/ratis/0ea19662-297e-47e6-b59a-85f3280a5d9a/in_use.lock", attempt #2/5: java.io.IOException: Failed to lock storage /home/runner/work/ozone/ozone/hadoop-ozone/integration-test/target/test-dir/MiniOzoneClusterImpl-ed39ddd9-82bf-4bf6-8741-acb42c98007c/ozone-meta/datanode-3/ratis/0ea19662-297e-47e6-b59a-85f3280a5d9a. The directory is already locked, sleep 1s and then retry.
java.io.IOException: Failed to lock storage /home/runner/work/ozone/ozone/hadoop-ozone/integration-test/target/test-dir/MiniOzoneClusterImpl-ed39ddd9-82bf-4bf6-8741-acb42c98007c/ozone-meta/datanode-3/ratis/0ea19662-297e-47e6-b59a-85f3280a5d9a. The directory is already locked
	at org.apache.ratis.server.storage.RaftStorageDirectoryImpl.tryLock(RaftStorageDirectoryImpl.java:234)
	at org.apache.ratis.server.storage.RaftStorageDirectoryImpl.lambda$lock$0(RaftStorageDirectoryImpl.java:193)
	at org.apache.ratis.util.JavaUtils.lambda$attempt$7(JavaUtils.java:212)
	at org.apache.ratis.util.JavaUtils.attempt(JavaUtils.java:225)
	at org.apache.ratis.util.JavaUtils.attempt(JavaUtils.java:212)
	at org.apache.ratis.util.FileUtils.attempt(FileUtils.java:45)
	at org.apache.ratis.server.storage.RaftStorageDirectoryImpl.lock(RaftStorageDirectoryImpl.java:193)
	at org.apache.ratis.server.storage.RaftStorageDirectoryImpl.analyzeStorage(RaftStorageDirectoryImpl.java:156)
	at org.apache.ratis.server.storage.RaftStorageImpl.analyzeAndRecoverStorage(RaftStorageImpl.java:107)
	at org.apache.ratis.server.storage.RaftStorageImpl.initialize(RaftStorageImpl.java:67)
	at org.apache.ratis.server.storage.StorageImplUtils$Op.recover(StorageImplUtils.java:176)
	at org.apache.ratis.server.storage.StorageImplUtils$Op.run(StorageImplUtils.java:129)
	at org.apache.ratis.server.storage.StorageImplUtils.initRaftStorage(StorageImplUtils.java:100)
	at org.apache.ratis.server.impl.ServerState.lambda$new$2(ServerState.java:117)
	at org.apache.ratis.util.MemoizedCheckedSupplier.get(MemoizedCheckedSupplier.java:66)
	at org.apache.ratis.server.impl.ServerState.initialize(ServerState.java:139)
	at org.apache.ratis.server.impl.RaftServerImpl.start(RaftServerImpl.java:392)
	at org.apache.ratis.util.ConcurrentUtils.accept(ConcurrentUtils.java:203)
	at org.apache.ratis.util.ConcurrentUtils.lambda$null$4(ConcurrentUtils.java:182)
	at java.util.concurrent.ThreadPoolExecutor.runWorker(ThreadPoolExecutor.java:1149)
	at java.util.concurrent.ThreadPoolExecutor$Worker.run(ThreadPoolExecutor.java:624)
	at java.lang.Thread.run(Thread.java:750)
Caused by: java.nio.channels.OverlappingFileLockException
	at sun.nio.ch.SharedFileLockTable.checkList(FileLockTable.java:255)
	at sun.nio.ch.SharedFileLockTable.add(FileLockTable.java:152)
	at sun.nio.ch.FileChannelImpl.tryLock(FileChannelImpl.java:1107)
	at java.nio.channels.FileChannel.tryLock(FileChannel.java:1155)
	at org.apache.ratis.server.storage.RaftStorageDirectoryImpl.tryLock(RaftStorageDirectoryImpl.java:222)
	... 21 more
2024-04-21 07:23:09,518 [main] INFO  ozone.MiniOzoneClusterImpl (MiniOzoneClusterImpl.java:lambda$waitForClusterToBeReady$0(194)) - Waiting for nodes to be ready. Got 4 of 5 DN Heartbeats.
2024-04-21 07:23:09,518 [main] INFO  ozone.MiniOzoneClusterImpl (MiniOzoneClusterImpl.java:lambda$waitForClusterToBeReady$0(197)) - Cluster exits safe mode
2024-04-21 07:23:09,518 [main] INFO  ozone.MiniOzoneClusterImpl (MiniOzoneClusterImpl.java:lambda$waitForClusterToBeReady$0(199)) - SCM became leader
2024-04-21 07:23:09,545 [6cf56e53-88cb-4022-bd56-d9b5c4d884ee-impl-thread1] ERROR storage.RaftStorageDirectory (RaftStorageDirectoryImpl.java:tryLock(231)) - It appears that another process has already locked the storage directory: /home/runner/work/ozone/ozone/hadoop-ozone/integration-test/target/test-dir/MiniOzoneClusterImpl-ed39ddd9-82bf-4bf6-8741-acb42c98007c/ozone-meta/datanode-3/ratis/0ea19662-297e-47e6-b59a-85f3280a5d9a
java.nio.channels.OverlappingFileLockException
	at sun.nio.ch.SharedFileLockTable.checkList(FileLockTable.java:255)
	at sun.nio.ch.SharedFileLockTable.add(FileLockTable.java:152)
	at sun.nio.ch.FileChannelImpl.tryLock(FileChannelImpl.java:1107)
	at java.nio.channels.FileChannel.tryLock(FileChannel.java:1155)
	at org.apache.ratis.server.storage.RaftStorageDirectoryImpl.tryLock(RaftStorageDirectoryImpl.java:222)
	at org.apache.ratis.server.storage.RaftStorageDirectoryImpl.lambda$lock$0(RaftStorageDirectoryImpl.java:193)
	at org.apache.ratis.util.JavaUtils.lambda$attempt$7(JavaUtils.java:212)
	at org.apache.ratis.util.JavaUtils.attempt(JavaUtils.java:225)
	at org.apache.ratis.util.JavaUtils.attempt(JavaUtils.java:212)
	at org.apache.ratis.util.FileUtils.attempt(FileUtils.java:45)
	at org.apache.ratis.server.storage.RaftStorageDirectoryImpl.lock(RaftStorageDirectoryImpl.java:193)
	at org.apache.ratis.server.storage.RaftStorageDirectoryImpl.analyzeStorage(RaftStorageDirectoryImpl.java:156)
	at org.apache.ratis.server.storage.RaftStorageImpl.analyzeAndRecoverStorage(RaftStorageImpl.java:107)
	at org.apache.ratis.server.storage.RaftStorageImpl.initialize(RaftStorageImpl.java:67)
	at org.apache.ratis.server.storage.StorageImplUtils$Op.recover(StorageImplUtils.java:176)
	at org.apache.ratis.server.storage.StorageImplUtils$Op.run(StorageImplUtils.java:129)
	at org.apache.ratis.server.storage.StorageImplUtils.initRaftStorage(StorageImplUtils.java:100)
	at org.apache.ratis.server.impl.ServerState.lambda$new$2(ServerState.java:117)
	at org.apache.ratis.util.MemoizedCheckedSupplier.get(MemoizedCheckedSupplier.java:66)
	at org.apache.ratis.server.impl.ServerState.initialize(ServerState.java:139)
	at org.apache.ratis.server.impl.RaftServerImpl.start(RaftServerImpl.java:392)
	at org.apache.ratis.util.ConcurrentUtils.accept(ConcurrentUtils.java:203)
	at org.apache.ratis.util.ConcurrentUtils.lambda$null$4(ConcurrentUtils.java:182)
	at java.util.concurrent.ThreadPoolExecutor.runWorker(ThreadPoolExecutor.java:1149)
	at java.util.concurrent.ThreadPoolExecutor$Worker.run(ThreadPoolExecutor.java:624)
	at java.lang.Thread.run(Thread.java:750)
2024-04-21 07:23:09,545 [6cf56e53-88cb-4022-bd56-d9b5c4d884ee-impl-thread1] WARN  util.FileUtils (JavaUtils.java:attempt(231)) - FAILED "tryLock /home/runner/work/ozone/ozone/hadoop-ozone/integration-test/target/test-dir/MiniOzoneClusterImpl-ed39ddd9-82bf-4bf6-8741-acb42c98007c/ozone-meta/datanode-3/ratis/0ea19662-297e-47e6-b59a-85f3280a5d9a/in_use.lock", attempt #3/5: java.io.IOException: Failed to lock storage /home/runner/work/ozone/ozone/hadoop-ozone/integration-test/target/test-dir/MiniOzoneClusterImpl-ed39ddd9-82bf-4bf6-8741-acb42c98007c/ozone-meta/datanode-3/ratis/0ea19662-297e-47e6-b59a-85f3280a5d9a. The directory is already locked, sleep 1s and then retry.
java.io.IOException: Failed to lock storage /home/runner/work/ozone/ozone/hadoop-ozone/integration-test/target/test-dir/MiniOzoneClusterImpl-ed39ddd9-82bf-4bf6-8741-acb42c98007c/ozone-meta/datanode-3/ratis/0ea19662-297e-47e6-b59a-85f3280a5d9a. The directory is already locked
	at org.apache.ratis.server.storage.RaftStorageDirectoryImpl.tryLock(RaftStorageDirectoryImpl.java:234)
	at org.apache.ratis.server.storage.RaftStorageDirectoryImpl.lambda$lock$0(RaftStorageDirectoryImpl.java:193)
	at org.apache.ratis.util.JavaUtils.lambda$attempt$7(JavaUtils.java:212)
	at org.apache.ratis.util.JavaUtils.attempt(JavaUtils.java:225)
	at org.apache.ratis.util.JavaUtils.attempt(JavaUtils.java:212)
	at org.apache.ratis.util.FileUtils.attempt(FileUtils.java:45)
	at org.apache.ratis.server.storage.RaftStorageDirectoryImpl.lock(RaftStorageDirectoryImpl.java:193)
	at org.apache.ratis.server.storage.RaftStorageDirectoryImpl.analyzeStorage(RaftStorageDirectoryImpl.java:156)
	at org.apache.ratis.server.storage.RaftStorageImpl.analyzeAndRecoverStorage(RaftStorageImpl.java:107)
	at org.apache.ratis.server.storage.RaftStorageImpl.initialize(RaftStorageImpl.java:67)
	at org.apache.ratis.server.storage.StorageImplUtils$Op.recover(StorageImplUtils.java:176)
	at org.apache.ratis.server.storage.StorageImplUtils$Op.run(StorageImplUtils.java:129)
	at org.apache.ratis.server.storage.StorageImplUtils.initRaftStorage(StorageImplUtils.java:100)
	at org.apache.ratis.server.impl.ServerState.lambda$new$2(ServerState.java:117)
	at org.apache.ratis.util.MemoizedCheckedSupplier.get(MemoizedCheckedSupplier.java:66)
	at org.apache.ratis.server.impl.ServerState.initialize(ServerState.java:139)
	at org.apache.ratis.server.impl.RaftServerImpl.start(RaftServerImpl.java:392)
	at org.apache.ratis.util.ConcurrentUtils.accept(ConcurrentUtils.java:203)
	at org.apache.ratis.util.ConcurrentUtils.lambda$null$4(ConcurrentUtils.java:182)
	at java.util.concurrent.ThreadPoolExecutor.runWorker(ThreadPoolExecutor.java:1149)
	at java.util.concurrent.ThreadPoolExecutor$Worker.run(ThreadPoolExecutor.java:624)
	at java.lang.Thread.run(Thread.java:750)
Caused by: java.nio.channels.OverlappingFileLockException
	at sun.nio.ch.SharedFileLockTable.checkList(FileLockTable.java:255)
	at sun.nio.ch.SharedFileLockTable.add(FileLockTable.java:152)
	at sun.nio.ch.FileChannelImpl.tryLock(FileChannelImpl.java:1107)
	at java.nio.channels.FileChannel.tryLock(FileChannel.java:1155)
	at org.apache.ratis.server.storage.RaftStorageDirectoryImpl.tryLock(RaftStorageDirectoryImpl.java:222)
	... 21 more
2024-04-21 07:23:10,518 [main] INFO  ozone.MiniOzoneClusterImpl (MiniOzoneClusterImpl.java:lambda$waitForClusterToBeReady$0(194)) - Waiting for nodes to be ready. Got 4 of 5 DN Heartbeats.
2024-04-21 07:23:10,519 [main] INFO  ozone.MiniOzoneClusterImpl (MiniOzoneClusterImpl.java:lambda$waitForClusterToBeReady$0(197)) - Cluster exits safe mode
2024-04-21 07:23:10,519 [main] INFO  ozone.MiniOzoneClusterImpl (MiniOzoneClusterImpl.java:lambda$waitForClusterToBeReady$0(199)) - SCM became leader
2024-04-21 07:23:10,545 [6cf56e53-88cb-4022-bd56-d9b5c4d884ee-impl-thread1] ERROR storage.RaftStorageDirectory (RaftStorageDirectoryImpl.java:tryLock(231)) - It appears that another process has already locked the storage directory: /home/runner/work/ozone/ozone/hadoop-ozone/integration-test/target/test-dir/MiniOzoneClusterImpl-ed39ddd9-82bf-4bf6-8741-acb42c98007c/ozone-meta/datanode-3/ratis/0ea19662-297e-47e6-b59a-85f3280a5d9a
java.nio.channels.OverlappingFileLockException
	at sun.nio.ch.SharedFileLockTable.checkList(FileLockTable.java:255)
	at sun.nio.ch.SharedFileLockTable.add(FileLockTable.java:152)
	at sun.nio.ch.FileChannelImpl.tryLock(FileChannelImpl.java:1107)
	at java.nio.channels.FileChannel.tryLock(FileChannel.java:1155)
	at org.apache.ratis.server.storage.RaftStorageDirectoryImpl.tryLock(RaftStorageDirectoryImpl.java:222)
	at org.apache.ratis.server.storage.RaftStorageDirectoryImpl.lambda$lock$0(RaftStorageDirectoryImpl.java:193)
	at org.apache.ratis.util.JavaUtils.lambda$attempt$7(JavaUtils.java:212)
	at org.apache.ratis.util.JavaUtils.attempt(JavaUtils.java:225)
	at org.apache.ratis.util.JavaUtils.attempt(JavaUtils.java:212)
	at org.apache.ratis.util.FileUtils.attempt(FileUtils.java:45)
	at org.apache.ratis.server.storage.RaftStorageDirectoryImpl.lock(RaftStorageDirectoryImpl.java:193)
	at org.apache.ratis.server.storage.RaftStorageDirectoryImpl.analyzeStorage(RaftStorageDirectoryImpl.java:156)
	at org.apache.ratis.server.storage.RaftStorageImpl.analyzeAndRecoverStorage(RaftStorageImpl.java:107)
	at org.apache.ratis.server.storage.RaftStorageImpl.initialize(RaftStorageImpl.java:67)
	at org.apache.ratis.server.storage.StorageImplUtils$Op.recover(StorageImplUtils.java:176)
	at org.apache.ratis.server.storage.StorageImplUtils$Op.run(StorageImplUtils.java:129)
	at org.apache.ratis.server.storage.StorageImplUtils.initRaftStorage(StorageImplUtils.java:100)
	at org.apache.ratis.server.impl.ServerState.lambda$new$2(ServerState.java:117)
	at org.apache.ratis.util.MemoizedCheckedSupplier.get(MemoizedCheckedSupplier.java:66)
	at org.apache.ratis.server.impl.ServerState.initialize(ServerState.java:139)
	at org.apache.ratis.server.impl.RaftServerImpl.start(RaftServerImpl.java:392)
	at org.apache.ratis.util.ConcurrentUtils.accept(ConcurrentUtils.java:203)
	at org.apache.ratis.util.ConcurrentUtils.lambda$null$4(ConcurrentUtils.java:182)
	at java.util.concurrent.ThreadPoolExecutor.runWorker(ThreadPoolExecutor.java:1149)
	at java.util.concurrent.ThreadPoolExecutor$Worker.run(ThreadPoolExecutor.java:624)
	at java.lang.Thread.run(Thread.java:750)
2024-04-21 07:23:10,546 [6cf56e53-88cb-4022-bd56-d9b5c4d884ee-impl-thread1] WARN  util.FileUtils (JavaUtils.java:attempt(231)) - FAILED "tryLock /home/runner/work/ozone/ozone/hadoop-ozone/integration-test/target/test-dir/MiniOzoneClusterImpl-ed39ddd9-82bf-4bf6-8741-acb42c98007c/ozone-meta/datanode-3/ratis/0ea19662-297e-47e6-b59a-85f3280a5d9a/in_use.lock", attempt #4/5: java.io.IOException: Failed to lock storage /home/runner/work/ozone/ozone/hadoop-ozone/integration-test/target/test-dir/MiniOzoneClusterImpl-ed39ddd9-82bf-4bf6-8741-acb42c98007c/ozone-meta/datanode-3/ratis/0ea19662-297e-47e6-b59a-85f3280a5d9a. The directory is already locked, sleep 1s and then retry.
java.io.IOException: Failed to lock storage /home/runner/work/ozone/ozone/hadoop-ozone/integration-test/target/test-dir/MiniOzoneClusterImpl-ed39ddd9-82bf-4bf6-8741-acb42c98007c/ozone-meta/datanode-3/ratis/0ea19662-297e-47e6-b59a-85f3280a5d9a. The directory is already locked
	at org.apache.ratis.server.storage.RaftStorageDirectoryImpl.tryLock(RaftStorageDirectoryImpl.java:234)
	at org.apache.ratis.server.storage.RaftStorageDirectoryImpl.lambda$lock$0(RaftStorageDirectoryImpl.java:193)
	at org.apache.ratis.util.JavaUtils.lambda$attempt$7(JavaUtils.java:212)
	at org.apache.ratis.util.JavaUtils.attempt(JavaUtils.java:225)
	at org.apache.ratis.util.JavaUtils.attempt(JavaUtils.java:212)
	at org.apache.ratis.util.FileUtils.attempt(FileUtils.java:45)
	at org.apache.ratis.server.storage.RaftStorageDirectoryImpl.lock(RaftStorageDirectoryImpl.java:193)
	at org.apache.ratis.server.storage.RaftStorageDirectoryImpl.analyzeStorage(RaftStorageDirectoryImpl.java:156)
	at org.apache.ratis.server.storage.RaftStorageImpl.analyzeAndRecoverStorage(RaftStorageImpl.java:107)
	at org.apache.ratis.server.storage.RaftStorageImpl.initialize(RaftStorageImpl.java:67)
	at org.apache.ratis.server.storage.StorageImplUtils$Op.recover(StorageImplUtils.java:176)
	at org.apache.ratis.server.storage.StorageImplUtils$Op.run(StorageImplUtils.java:129)
	at org.apache.ratis.server.storage.StorageImplUtils.initRaftStorage(StorageImplUtils.java:100)
	at org.apache.ratis.server.impl.ServerState.lambda$new$2(ServerState.java:117)
	at org.apache.ratis.util.MemoizedCheckedSupplier.get(MemoizedCheckedSupplier.java:66)
	at org.apache.ratis.server.impl.ServerState.initialize(ServerState.java:139)
	at org.apache.ratis.server.impl.RaftServerImpl.start(RaftServerImpl.java:392)
	at org.apache.ratis.util.ConcurrentUtils.accept(ConcurrentUtils.java:203)
	at org.apache.ratis.util.ConcurrentUtils.lambda$null$4(ConcurrentUtils.java:182)
	at java.util.concurrent.ThreadPoolExecutor.runWorker(ThreadPoolExecutor.java:1149)
	at java.util.concurrent.ThreadPoolExecutor$Worker.run(ThreadPoolExecutor.java:624)
	at java.lang.Thread.run(Thread.java:750)
Caused by: java.nio.channels.OverlappingFileLockException
	at sun.nio.ch.SharedFileLockTable.checkList(FileLockTable.java:255)
	at sun.nio.ch.SharedFileLockTable.add(FileLockTable.java:152)
	at sun.nio.ch.FileChannelImpl.tryLock(FileChannelImpl.java:1107)
	at java.nio.channels.FileChannel.tryLock(FileChannel.java:1155)
	at org.apache.ratis.server.storage.RaftStorageDirectoryImpl.tryLock(RaftStorageDirectoryImpl.java:222)
	... 21 more
2024-04-21 07:23:11,519 [main] INFO  ozone.MiniOzoneClusterImpl (MiniOzoneClusterImpl.java:lambda$waitForClusterToBeReady$0(194)) - Waiting for nodes to be ready. Got 4 of 5 DN Heartbeats.
2024-04-21 07:23:11,519 [main] INFO  ozone.MiniOzoneClusterImpl (MiniOzoneClusterImpl.java:lambda$waitForClusterToBeReady$0(197)) - Cluster exits safe mode
2024-04-21 07:23:11,520 [main] INFO  ozone.MiniOzoneClusterImpl (MiniOzoneClusterImpl.java:lambda$waitForClusterToBeReady$0(199)) - SCM became leader
2024-04-21 07:23:11,546 [6cf56e53-88cb-4022-bd56-d9b5c4d884ee-impl-thread1] ERROR storage.RaftStorageDirectory (RaftStorageDirectoryImpl.java:tryLock(231)) - It appears that another process has already locked the storage directory: /home/runner/work/ozone/ozone/hadoop-ozone/integration-test/target/test-dir/MiniOzoneClusterImpl-ed39ddd9-82bf-4bf6-8741-acb42c98007c/ozone-meta/datanode-3/ratis/0ea19662-297e-47e6-b59a-85f3280a5d9a
java.nio.channels.OverlappingFileLockException
	at sun.nio.ch.SharedFileLockTable.checkList(FileLockTable.java:255)
	at sun.nio.ch.SharedFileLockTable.add(FileLockTable.java:152)
	at sun.nio.ch.FileChannelImpl.tryLock(FileChannelImpl.java:1107)
	at java.nio.channels.FileChannel.tryLock(FileChannel.java:1155)
	at org.apache.ratis.server.storage.RaftStorageDirectoryImpl.tryLock(RaftStorageDirectoryImpl.java:222)
	at org.apache.ratis.server.storage.RaftStorageDirectoryImpl.lambda$lock$0(RaftStorageDirectoryImpl.java:193)
	at org.apache.ratis.util.JavaUtils.lambda$attempt$7(JavaUtils.java:212)
	at org.apache.ratis.util.JavaUtils.attempt(JavaUtils.java:225)
	at org.apache.ratis.util.JavaUtils.attempt(JavaUtils.java:212)
	at org.apache.ratis.util.FileUtils.attempt(FileUtils.java:45)
	at org.apache.ratis.server.storage.RaftStorageDirectoryImpl.lock(RaftStorageDirectoryImpl.java:193)
	at org.apache.ratis.server.storage.RaftStorageDirectoryImpl.analyzeStorage(RaftStorageDirectoryImpl.java:156)
	at org.apache.ratis.server.storage.RaftStorageImpl.analyzeAndRecoverStorage(RaftStorageImpl.java:107)
	at org.apache.ratis.server.storage.RaftStorageImpl.initialize(RaftStorageImpl.java:67)
	at org.apache.ratis.server.storage.StorageImplUtils$Op.recover(StorageImplUtils.java:176)
	at org.apache.ratis.server.storage.StorageImplUtils$Op.run(StorageImplUtils.java:129)
	at org.apache.ratis.server.storage.StorageImplUtils.initRaftStorage(StorageImplUtils.java:100)
	at org.apache.ratis.server.impl.ServerState.lambda$new$2(ServerState.java:117)
	at org.apache.ratis.util.MemoizedCheckedSupplier.get(MemoizedCheckedSupplier.java:66)
	at org.apache.ratis.server.impl.ServerState.initialize(ServerState.java:139)
	at org.apache.ratis.server.impl.RaftServerImpl.start(RaftServerImpl.java:392)
	at org.apache.ratis.util.ConcurrentUtils.accept(ConcurrentUtils.java:203)
	at org.apache.ratis.util.ConcurrentUtils.lambda$null$4(ConcurrentUtils.java:182)
	at java.util.concurrent.ThreadPoolExecutor.runWorker(ThreadPoolExecutor.java:1149)
	at java.util.concurrent.ThreadPoolExecutor$Worker.run(ThreadPoolExecutor.java:624)
	at java.lang.Thread.run(Thread.java:750)
2024-04-21 07:23:12,520 [main] INFO  ozone.MiniOzoneClusterImpl (MiniOzoneClusterImpl.java:lambda$waitForClusterToBeReady$0(194)) - Waiting for nodes to be ready. Got 4 of 5 DN Heartbeats.
2024-04-21 07:23:12,520 [main] INFO  ozone.MiniOzoneClusterImpl (MiniOzoneClusterImpl.java:lambda$waitForClusterToBeReady$0(197)) - Cluster exits safe mode
2024-04-21 07:23:12,520 [main] INFO  ozone.MiniOzoneClusterImpl (MiniOzoneClusterImpl.java:lambda$waitForClusterToBeReady$0(199)) - SCM became leader
2024-04-21 07:23:12,732 [6cf56e53-88cb-4022-bd56-d9b5c4d884ee@group-5E161AF68217-FollowerState] INFO  impl.FollowerState (FollowerState.java:run(143)) - 6cf56e53-88cb-4022-bd56-d9b5c4d884ee@group-5E161AF68217-FollowerState: change to CANDIDATE, lastRpcElapsedTime:5153685956ns, electionTimeout:5153ms
2024-04-21 07:23:12,732 [6cf56e53-88cb-4022-bd56-d9b5c4d884ee@group-5E161AF68217-FollowerState] INFO  impl.RoleInfo (RoleInfo.java:shutdownFollowerState(110)) - 6cf56e53-88cb-4022-bd56-d9b5c4d884ee: shutdown 6cf56e53-88cb-4022-bd56-d9b5c4d884ee@group-5E161AF68217-FollowerState
2024-04-21 07:23:12,732 [6cf56e53-88cb-4022-bd56-d9b5c4d884ee@group-5E161AF68217-FollowerState] INFO  server.RaftServer$Division (RaftServerImpl.java:setRole(383)) - 6cf56e53-88cb-4022-bd56-d9b5c4d884ee@group-5E161AF68217: changes role from  FOLLOWER to CANDIDATE at term 1 for changeToCandidate
2024-04-21 07:23:12,732 [6cf56e53-88cb-4022-bd56-d9b5c4d884ee@group-5E161AF68217-FollowerState] INFO  server.RaftServerConfigKeys (ConfUtils.java:logGet(46)) - raft.server.leaderelection.pre-vote = true (default)
2024-04-21 07:23:12,732 [6cf56e53-88cb-4022-bd56-d9b5c4d884ee@group-5E161AF68217-FollowerState] INFO  impl.RoleInfo (RoleInfo.java:updateAndGet(139)) - 6cf56e53-88cb-4022-bd56-d9b5c4d884ee: start 6cf56e53-88cb-4022-bd56-d9b5c4d884ee@group-5E161AF68217-LeaderElection49
2024-04-21 07:23:12,734 [6cf56e53-88cb-4022-bd56-d9b5c4d884ee@group-5E161AF68217-LeaderElection49] INFO  impl.LeaderElection (LeaderElection.java:askForVotes(321)) - 6cf56e53-88cb-4022-bd56-d9b5c4d884ee@group-5E161AF68217-LeaderElection49 PRE_VOTE round 0: submit vote requests at term 1 for 0: peers:[6cf56e53-88cb-4022-bd56-d9b5c4d884ee|10.1.0.102:15138]|listeners:[], old=null
2024-04-21 07:23:12,734 [6cf56e53-88cb-4022-bd56-d9b5c4d884ee@group-5E161AF68217-LeaderElection49] INFO  impl.LeaderElection (LeaderElection.java:askForVotes(323)) - 6cf56e53-88cb-4022-bd56-d9b5c4d884ee@group-5E161AF68217-LeaderElection49 PRE_VOTE round 0: result PASSED (term=1)
2024-04-21 07:23:12,735 [6cf56e53-88cb-4022-bd56-d9b5c4d884ee@group-5E161AF68217-LeaderElection49] INFO  impl.LeaderElection (LeaderElection.java:askForVotes(321)) - 6cf56e53-88cb-4022-bd56-d9b5c4d884ee@group-5E161AF68217-LeaderElection49 ELECTION round 0: submit vote requests at term 2 for 0: peers:[6cf56e53-88cb-4022-bd56-d9b5c4d884ee|10.1.0.102:15138]|listeners:[], old=null
2024-04-21 07:23:12,735 [6cf56e53-88cb-4022-bd56-d9b5c4d884ee@group-5E161AF68217-LeaderElection49] INFO  impl.LeaderElection (LeaderElection.java:askForVotes(323)) - 6cf56e53-88cb-4022-bd56-d9b5c4d884ee@group-5E161AF68217-LeaderElection49 ELECTION round 0: result PASSED (term=2)
2024-04-21 07:23:12,735 [6cf56e53-88cb-4022-bd56-d9b5c4d884ee@group-5E161AF68217-LeaderElection49] INFO  impl.RoleInfo (RoleInfo.java:shutdownLeaderElection(130)) - 6cf56e53-88cb-4022-bd56-d9b5c4d884ee: shutdown 6cf56e53-88cb-4022-bd56-d9b5c4d884ee@group-5E161AF68217-LeaderElection49
2024-04-21 07:23:12,735 [6cf56e53-88cb-4022-bd56-d9b5c4d884ee@group-5E161AF68217-LeaderElection49] INFO  server.RaftServer$Division (RaftServerImpl.java:setRole(383)) - 6cf56e53-88cb-4022-bd56-d9b5c4d884ee@group-5E161AF68217: changes role from CANDIDATE to LEADER at term 2 for changeToLeader
2024-04-21 07:23:12,736 [6cf56e53-88cb-4022-bd56-d9b5c4d884ee@group-5E161AF68217-LeaderElection49] INFO  server.RaftServerConfigKeys (ConfUtils.java:logGet(46)) - raft.server.staging.catchup.gap = 1000 (default)
2024-04-21 07:23:12,736 [6cf56e53-88cb-4022-bd56-d9b5c4d884ee@group-5E161AF68217-LeaderElection49] INFO  server.RaftServerConfigKeys (ConfUtils.java:logGet(46)) - raft.server.write.element-limit = 1024 (custom)
2024-04-21 07:23:12,736 [6cf56e53-88cb-4022-bd56-d9b5c4d884ee@group-5E161AF68217-LeaderElection49] INFO  server.RaftServerConfigKeys (ConfUtils.java:logGet(46)) - raft.server.write.byte-limit = 1024 M (=1073741824) (custom)
2024-04-21 07:23:12,736 [6cf56e53-88cb-4022-bd56-d9b5c4d884ee@group-5E161AF68217-LeaderElection49] INFO  server.RaftServerConfigKeys (ConfUtils.java:logGet(46)) - raft.server.watch.timeout = 3000ms (custom)
2024-04-21 07:23:12,736 [6cf56e53-88cb-4022-bd56-d9b5c4d884ee@group-5E161AF68217-LeaderElection49] INFO  server.RaftServerConfigKeys (ConfUtils.java:logGet(46)) - raft.server.watch.timeout.denomination = 1s (default)
2024-04-21 07:23:12,736 [6cf56e53-88cb-4022-bd56-d9b5c4d884ee@group-5E161AF68217-LeaderElection49] INFO  server.RaftServerConfigKeys (ConfUtils.java:logGet(46)) - raft.server.watch.element-limit = 65536 (default)
2024-04-21 07:23:12,736 [6cf56e53-88cb-4022-bd56-d9b5c4d884ee@group-5E161AF68217-LeaderElection49] INFO  server.RaftServerConfigKeys (ConfUtils.java:logGet(46)) - raft.server.read.leader.lease.enabled = false (default)
2024-04-21 07:23:12,736 [6cf56e53-88cb-4022-bd56-d9b5c4d884ee@group-5E161AF68217-LeaderElection49] INFO  server.RaftServerConfigKeys (ConfUtils.java:logGet(46)) - raft.server.read.leader.lease.timeout.ratio = 0.9 (default)
2024-04-21 07:23:12,736 [6cf56e53-88cb-4022-bd56-d9b5c4d884ee@group-5E161AF68217-LeaderElection49] INFO  server.RaftServerConfigKeys (ConfUtils.java:logGet(46)) - raft.server.rpc.timeout.min = 5s (custom)
2024-04-21 07:23:12,736 [6cf56e53-88cb-4022-bd56-d9b5c4d884ee@group-5E161AF68217-LeaderElection49] INFO  server.RaftServerConfigKeys (ConfUtils.java:logGet(46)) - raft.server.write.element-limit = 1024 (custom)
2024-04-21 07:23:12,736 [6cf56e53-88cb-4022-bd56-d9b5c4d884ee@group-5E161AF68217-LeaderElection49] INFO  server.RaftServerConfigKeys (ConfUtils.java:logGet(46)) - raft.server.write.follower.gap.ratio.max = -1.0 (default)
2024-04-21 07:23:12,737 [6cf56e53-88cb-4022-bd56-d9b5c4d884ee@group-5E161AF68217-LeaderElection49] INFO  impl.RoleInfo (RoleInfo.java:updateAndGet(139)) - 6cf56e53-88cb-4022-bd56-d9b5c4d884ee: start 6cf56e53-88cb-4022-bd56-d9b5c4d884ee@group-5E161AF68217-LeaderStateImpl
2024-04-21 07:23:12,737 [6cf56e53-88cb-4022-bd56-d9b5c4d884ee@group-5E161AF68217-LeaderElection49] INFO  server.RaftServer$Division (RaftServerImpl.java:setFirstElection(574)) - 6cf56e53-88cb-4022-bd56-d9b5c4d884ee@group-5E161AF68217: set firstElectionSinceStartup to false for becomeLeader
2024-04-21 07:23:12,737 [6cf56e53-88cb-4022-bd56-d9b5c4d884ee@group-5E161AF68217-LeaderElection49] INFO  ratis.XceiverServerRatis (XceiverServerRatis.java:handleLeaderChangedNotification(966)) - Leader change notification received for group: group-5E161AF68217 with new leaderId: 6cf56e53-88cb-4022-bd56-d9b5c4d884ee
2024-04-21 07:23:12,737 [6cf56e53-88cb-4022-bd56-d9b5c4d884ee@group-5E161AF68217-LeaderElection49] INFO  server.RaftServer$Division (ServerState.java:setLeader(269)) - 6cf56e53-88cb-4022-bd56-d9b5c4d884ee@group-5E161AF68217: change Leader from null to 6cf56e53-88cb-4022-bd56-d9b5c4d884ee at term 2 for becomeLeader, leader elected after 7290ms
2024-04-21 07:23:12,737 [6cf56e53-88cb-4022-bd56-d9b5c4d884ee@group-5E161AF68217-LeaderElection49] INFO  segmented.SegmentedRaftLogWorker (SegmentedRaftLogWorker.java:rollLogSegment(435)) - 6cf56e53-88cb-4022-bd56-d9b5c4d884ee@group-5E161AF68217-SegmentedRaftLogWorker: Rolling segment log-0_11 to index:11
2024-04-21 07:23:12,738 [6cf56e53-88cb-4022-bd56-d9b5c4d884ee@group-5E161AF68217-LeaderElection49] INFO  server.RaftServer$Division (ServerState.java:setRaftConf(386)) - 6cf56e53-88cb-4022-bd56-d9b5c4d884ee@group-5E161AF68217: set configuration 12: peers:[6cf56e53-88cb-4022-bd56-d9b5c4d884ee|10.1.0.102:15138]|listeners:[], old=null
2024-04-21 07:23:12,742 [6cf56e53-88cb-4022-bd56-d9b5c4d884ee@group-5E161AF68217-SegmentedRaftLogWorker] INFO  segmented.SegmentedRaftLogWorker (SegmentedRaftLogWorker.java:execute(591)) - 6cf56e53-88cb-4022-bd56-d9b5c4d884ee@group-5E161AF68217-SegmentedRaftLogWorker: Rolled log segment from /home/runner/work/ozone/ozone/hadoop-ozone/integration-test/target/test-dir/MiniOzoneClusterImpl-ed39ddd9-82bf-4bf6-8741-acb42c98007c/ozone-meta/datanode-3/ratis/92642223-ead3-4aef-b8a5-5e161af68217/current/log_inprogress_0 to /home/runner/work/ozone/ozone/hadoop-ozone/integration-test/target/test-dir/MiniOzoneClusterImpl-ed39ddd9-82bf-4bf6-8741-acb42c98007c/ozone-meta/datanode-3/ratis/92642223-ead3-4aef-b8a5-5e161af68217/current/log_0-11
2024-04-21 07:23:12,743 [6cf56e53-88cb-4022-bd56-d9b5c4d884ee@group-5E161AF68217-SegmentedRaftLogWorker] INFO  segmented.BufferedWriteChannel (BufferedWriteChannel.java:open(62)) - open log_inprogress_12 at position 0
2024-04-21 07:23:12,749 [6cf56e53-88cb-4022-bd56-d9b5c4d884ee@group-5E161AF68217-SegmentedRaftLogWorker] INFO  segmented.SegmentedRaftLogWorker (SegmentedRaftLogWorker.java:execute(634)) - 6cf56e53-88cb-4022-bd56-d9b5c4d884ee@group-5E161AF68217-SegmentedRaftLogWorker: created new log segment /home/runner/work/ozone/ozone/hadoop-ozone/integration-test/target/test-dir/MiniOzoneClusterImpl-ed39ddd9-82bf-4bf6-8741-acb42c98007c/ozone-meta/datanode-3/ratis/92642223-ead3-4aef-b8a5-5e161af68217/current/log_inprogress_12
2024-04-21 07:23:12,751 [6cf56e53-88cb-4022-bd56-d9b5c4d884ee@group-5E161AF68217-StateMachineUpdater] INFO  server.RaftServer$Division (LeaderStateImpl.java:isApplied(320)) - leader is ready since appliedIndex == 12 >= startIndex == 12
2024-04-21 07:23:12,773 [6cf56e53-88cb-4022-bd56-d9b5c4d884ee@group-9461FA60FDFB-FollowerState] INFO  impl.FollowerState (FollowerState.java:run(143)) - 6cf56e53-88cb-4022-bd56-d9b5c4d884ee@group-9461FA60FDFB-FollowerState: change to CANDIDATE, lastRpcElapsedTime:5194773546ns, electionTimeout:5193ms
2024-04-21 07:23:12,773 [6cf56e53-88cb-4022-bd56-d9b5c4d884ee@group-9461FA60FDFB-FollowerState] INFO  impl.RoleInfo (RoleInfo.java:shutdownFollowerState(110)) - 6cf56e53-88cb-4022-bd56-d9b5c4d884ee: shutdown 6cf56e53-88cb-4022-bd56-d9b5c4d884ee@group-9461FA60FDFB-FollowerState
2024-04-21 07:23:12,773 [6cf56e53-88cb-4022-bd56-d9b5c4d884ee@group-9461FA60FDFB-FollowerState] INFO  server.RaftServer$Division (RaftServerImpl.java:setRole(383)) - 6cf56e53-88cb-4022-bd56-d9b5c4d884ee@group-9461FA60FDFB: changes role from  FOLLOWER to CANDIDATE at term 1 for changeToCandidate
2024-04-21 07:23:12,774 [6cf56e53-88cb-4022-bd56-d9b5c4d884ee@group-9461FA60FDFB-FollowerState] INFO  server.RaftServerConfigKeys (ConfUtils.java:logGet(46)) - raft.server.leaderelection.pre-vote = true (default)
2024-04-21 07:23:12,774 [6cf56e53-88cb-4022-bd56-d9b5c4d884ee@group-9461FA60FDFB-FollowerState] INFO  impl.RoleInfo (RoleInfo.java:updateAndGet(139)) - 6cf56e53-88cb-4022-bd56-d9b5c4d884ee: start 6cf56e53-88cb-4022-bd56-d9b5c4d884ee@group-9461FA60FDFB-LeaderElection50
2024-04-21 07:23:12,775 [6cf56e53-88cb-4022-bd56-d9b5c4d884ee@group-9461FA60FDFB-LeaderElection50] INFO  impl.LeaderElection (LeaderElection.java:askForVotes(321)) - 6cf56e53-88cb-4022-bd56-d9b5c4d884ee@group-9461FA60FDFB-LeaderElection50 PRE_VOTE round 0: submit vote requests at term 1 for 0: peers:[6cf56e53-88cb-4022-bd56-d9b5c4d884ee|10.1.0.102:15138, 9387e6e8-bf6d-4d10-9dc1-f1bd05fc02cf|10.1.0.102:15120, 33d4fa9a-f1b5-45a2-9ce3-43c86fd82df2|10.1.0.102:15129]|listeners:[], old=null
2024-04-21 07:23:12,776 [6cf56e53-88cb-4022-bd56-d9b5c4d884ee@group-9461FA60FDFB-LeaderElection50-1] INFO  server.GrpcServerProtocolClient (GrpcServerProtocolClient.java:<init>(65)) - Build channel for 9387e6e8-bf6d-4d10-9dc1-f1bd05fc02cf|10.1.0.102:15120
2024-04-21 07:23:12,776 [6cf56e53-88cb-4022-bd56-d9b5c4d884ee@group-9461FA60FDFB-LeaderElection50-2] INFO  server.GrpcServerProtocolClient (GrpcServerProtocolClient.java:<init>(65)) - Build channel for 33d4fa9a-f1b5-45a2-9ce3-43c86fd82df2|10.1.0.102:15129
2024-04-21 07:23:12,776 [6cf56e53-88cb-4022-bd56-d9b5c4d884ee@group-9461FA60FDFB-LeaderElection50] INFO  server.RaftServerConfigKeys (ConfUtils.java:logFallback(53)) - raft.server.rpc.first-election.timeout.min = 5s (fallback to raft.server.rpc.timeout.min)
2024-04-21 07:23:12,776 [6cf56e53-88cb-4022-bd56-d9b5c4d884ee@group-9461FA60FDFB-LeaderElection50] INFO  server.RaftServerConfigKeys (ConfUtils.java:logFallback(53)) - raft.server.rpc.first-election.timeout.max = 5200ms (fallback to raft.server.rpc.timeout.max)
2024-04-21 07:23:12,784 [grpc-default-executor-11] WARN  server.GrpcServerProtocolService (LogUtils.java:warn(123)) - 9387e6e8-bf6d-4d10-9dc1-f1bd05fc02cf: Failed requestVote 6cf56e53-88cb-4022-bd56-d9b5c4d884ee->9387e6e8-bf6d-4d10-9dc1-f1bd05fc02cf#0
org.apache.ratis.protocol.exceptions.GroupMismatchException: 9387e6e8-bf6d-4d10-9dc1-f1bd05fc02cf: group-9461FA60FDFB not found.
	at org.apache.ratis.server.impl.RaftServerProxy$ImplMap.get(RaftServerProxy.java:154)
	at org.apache.ratis.server.impl.RaftServerProxy.getImplFuture(RaftServerProxy.java:364)
	at org.apache.ratis.server.impl.RaftServerProxy.getImpl(RaftServerProxy.java:373)
	at org.apache.ratis.server.impl.RaftServerProxy.getImpl(RaftServerProxy.java:368)
	at org.apache.ratis.server.impl.RaftServerProxy.requestVote(RaftServerProxy.java:632)
	at org.apache.ratis.grpc.server.GrpcServerProtocolService.requestVote(GrpcServerProtocolService.java:192)
	at org.apache.ratis.proto.grpc.RaftServerProtocolServiceGrpc$MethodHandlers.invoke(RaftServerProtocolServiceGrpc.java:428)
	at org.apache.ratis.thirdparty.io.grpc.stub.ServerCalls$UnaryServerCallHandler$UnaryServerCallListener.onHalfClose(ServerCalls.java:182)
	at org.apache.ratis.thirdparty.io.grpc.PartialForwardingServerCallListener.onHalfClose(PartialForwardingServerCallListener.java:35)
	at org.apache.ratis.thirdparty.io.grpc.ForwardingServerCallListener.onHalfClose(ForwardingServerCallListener.java:23)
	at org.apache.ratis.thirdparty.io.grpc.internal.ServerCallImpl$ServerStreamListenerImpl.halfClosed(ServerCallImpl.java:351)
	at org.apache.ratis.thirdparty.io.grpc.internal.ServerImpl$JumpToApplicationThreadServerStreamListener$1HalfClosed.runInContext(ServerImpl.java:860)
	at org.apache.ratis.thirdparty.io.grpc.internal.ContextRunnable.run(ContextRunnable.java:37)
	at org.apache.ratis.thirdparty.io.grpc.internal.SerializingExecutor.run(SerializingExecutor.java:133)
	at java.util.concurrent.ThreadPoolExecutor.runWorker(ThreadPoolExecutor.java:1149)
	at java.util.concurrent.ThreadPoolExecutor$Worker.run(ThreadPoolExecutor.java:624)
	at java.lang.Thread.run(Thread.java:750)
2024-04-21 07:23:12,784 [grpc-default-executor-12] WARN  server.GrpcServerProtocolService (LogUtils.java:warn(123)) - 33d4fa9a-f1b5-45a2-9ce3-43c86fd82df2: Failed requestVote 6cf56e53-88cb-4022-bd56-d9b5c4d884ee->33d4fa9a-f1b5-45a2-9ce3-43c86fd82df2#0
org.apache.ratis.protocol.exceptions.GroupMismatchException: 33d4fa9a-f1b5-45a2-9ce3-43c86fd82df2: group-9461FA60FDFB not found.
	at org.apache.ratis.server.impl.RaftServerProxy$ImplMap.get(RaftServerProxy.java:154)
	at org.apache.ratis.server.impl.RaftServerProxy.getImplFuture(RaftServerProxy.java:364)
	at org.apache.ratis.server.impl.RaftServerProxy.getImpl(RaftServerProxy.java:373)
	at org.apache.ratis.server.impl.RaftServerProxy.getImpl(RaftServerProxy.java:368)
	at org.apache.ratis.server.impl.RaftServerProxy.requestVote(RaftServerProxy.java:632)
	at org.apache.ratis.grpc.server.GrpcServerProtocolService.requestVote(GrpcServerProtocolService.java:192)
	at org.apache.ratis.proto.grpc.RaftServerProtocolServiceGrpc$MethodHandlers.invoke(RaftServerProtocolServiceGrpc.java:428)
	at org.apache.ratis.thirdparty.io.grpc.stub.ServerCalls$UnaryServerCallHandler$UnaryServerCallListener.onHalfClose(ServerCalls.java:182)
	at org.apache.ratis.thirdparty.io.grpc.PartialForwardingServerCallListener.onHalfClose(PartialForwardingServerCallListener.java:35)
	at org.apache.ratis.thirdparty.io.grpc.ForwardingServerCallListener.onHalfClose(ForwardingServerCallListener.java:23)
	at org.apache.ratis.thirdparty.io.grpc.internal.ServerCallImpl$ServerStreamListenerImpl.halfClosed(ServerCallImpl.java:351)
	at org.apache.ratis.thirdparty.io.grpc.internal.ServerImpl$JumpToApplicationThreadServerStreamListener$1HalfClosed.runInContext(ServerImpl.java:860)
	at org.apache.ratis.thirdparty.io.grpc.internal.ContextRunnable.run(ContextRunnable.java:37)
	at org.apache.ratis.thirdparty.io.grpc.internal.SerializingExecutor.run(SerializingExecutor.java:133)
	at java.util.concurrent.ThreadPoolExecutor.runWorker(ThreadPoolExecutor.java:1149)
	at java.util.concurrent.ThreadPoolExecutor$Worker.run(ThreadPoolExecutor.java:624)
	at java.lang.Thread.run(Thread.java:750)
2024-04-21 07:23:12,791 [6cf56e53-88cb-4022-bd56-d9b5c4d884ee@group-9461FA60FDFB-LeaderElection50] INFO  impl.LeaderElection (LogUtils.java:infoOrTrace(136)) - 6cf56e53-88cb-4022-bd56-d9b5c4d884ee@group-9461FA60FDFB-LeaderElection50 got exception when requesting votes: java.util.concurrent.ExecutionException: org.apache.ratis.thirdparty.io.grpc.StatusRuntimeException: INTERNAL: 33d4fa9a-f1b5-45a2-9ce3-43c86fd82df2: group-9461FA60FDFB not found.
2024-04-21 07:23:12,791 [6cf56e53-88cb-4022-bd56-d9b5c4d884ee@group-9461FA60FDFB-LeaderElection50] INFO  impl.LeaderElection (LogUtils.java:infoOrTrace(136)) - 6cf56e53-88cb-4022-bd56-d9b5c4d884ee@group-9461FA60FDFB-LeaderElection50 got exception when requesting votes: java.util.concurrent.ExecutionException: org.apache.ratis.thirdparty.io.grpc.StatusRuntimeException: INTERNAL: 9387e6e8-bf6d-4d10-9dc1-f1bd05fc02cf: group-9461FA60FDFB not found.
2024-04-21 07:23:12,791 [6cf56e53-88cb-4022-bd56-d9b5c4d884ee@group-9461FA60FDFB-LeaderElection50] INFO  impl.LeaderElection (LeaderElection.java:logAndReturn(89)) - 6cf56e53-88cb-4022-bd56-d9b5c4d884ee@group-9461FA60FDFB-LeaderElection50: PRE_VOTE REJECTED received 0 response(s) and 2 exception(s):
2024-04-21 07:23:12,791 [6cf56e53-88cb-4022-bd56-d9b5c4d884ee@group-9461FA60FDFB-LeaderElection50] INFO  impl.LeaderElection (LogUtils.java:infoOrTrace(136)) -   Exception 0: java.util.concurrent.ExecutionException: org.apache.ratis.thirdparty.io.grpc.StatusRuntimeException: INTERNAL: 33d4fa9a-f1b5-45a2-9ce3-43c86fd82df2: group-9461FA60FDFB not found.
2024-04-21 07:23:12,791 [6cf56e53-88cb-4022-bd56-d9b5c4d884ee@group-9461FA60FDFB-LeaderElection50] INFO  impl.LeaderElection (LogUtils.java:infoOrTrace(136)) -   Exception 1: java.util.concurrent.ExecutionException: org.apache.ratis.thirdparty.io.grpc.StatusRuntimeException: INTERNAL: 9387e6e8-bf6d-4d10-9dc1-f1bd05fc02cf: group-9461FA60FDFB not found.
2024-04-21 07:23:12,791 [6cf56e53-88cb-4022-bd56-d9b5c4d884ee@group-9461FA60FDFB-LeaderElection50] INFO  impl.LeaderElection (LeaderElection.java:askForVotes(323)) - 6cf56e53-88cb-4022-bd56-d9b5c4d884ee@group-9461FA60FDFB-LeaderElection50 PRE_VOTE round 0: result REJECTED
2024-04-21 07:23:12,792 [6cf56e53-88cb-4022-bd56-d9b5c4d884ee@group-9461FA60FDFB-LeaderElection50] INFO  server.RaftServer$Division (RaftServerImpl.java:setRole(383)) - 6cf56e53-88cb-4022-bd56-d9b5c4d884ee@group-9461FA60FDFB: changes role from CANDIDATE to FOLLOWER at term 1 for REJECTED
2024-04-21 07:23:12,792 [6cf56e53-88cb-4022-bd56-d9b5c4d884ee@group-9461FA60FDFB-LeaderElection50] INFO  impl.RoleInfo (RoleInfo.java:shutdownLeaderElection(130)) - 6cf56e53-88cb-4022-bd56-d9b5c4d884ee: shutdown 6cf56e53-88cb-4022-bd56-d9b5c4d884ee@group-9461FA60FDFB-LeaderElection50
2024-04-21 07:23:12,792 [6cf56e53-88cb-4022-bd56-d9b5c4d884ee@group-9461FA60FDFB-LeaderElection50] INFO  impl.RoleInfo (RoleInfo.java:updateAndGet(139)) - 6cf56e53-88cb-4022-bd56-d9b5c4d884ee: start 6cf56e53-88cb-4022-bd56-d9b5c4d884ee@group-9461FA60FDFB-FollowerState
2024-04-21 07:23:12,792 [6cf56e53-88cb-4022-bd56-d9b5c4d884ee@group-9461FA60FDFB-LeaderElection50] INFO  server.RaftServer$Division (RaftServerImpl.java:setFirstElection(574)) - 6cf56e53-88cb-4022-bd56-d9b5c4d884ee@group-9461FA60FDFB: set firstElectionSinceStartup to false for REJECTED
2024-04-21 07:23:13,521 [main] INFO  ozone.MiniOzoneClusterImpl (MiniOzoneClusterImpl.java:lambda$waitForClusterToBeReady$0(194)) - Waiting for nodes to be ready. Got 4 of 5 DN Heartbeats.
2024-04-21 07:23:13,521 [main] INFO  ozone.MiniOzoneClusterImpl (MiniOzoneClusterImpl.java:lambda$waitForClusterToBeReady$0(197)) - Cluster exits safe mode
2024-04-21 07:23:13,521 [main] INFO  ozone.MiniOzoneClusterImpl (MiniOzoneClusterImpl.java:lambda$waitForClusterToBeReady$0(199)) - SCM became leader
2024-04-21 07:23:14,522 [main] INFO  ozone.MiniOzoneClusterImpl (MiniOzoneClusterImpl.java:lambda$waitForClusterToBeReady$0(194)) - Waiting for nodes to be ready. Got 4 of 5 DN Heartbeats.
2024-04-21 07:23:14,522 [main] INFO  ozone.MiniOzoneClusterImpl (MiniOzoneClusterImpl.java:lambda$waitForClusterToBeReady$0(197)) - Cluster exits safe mode
2024-04-21 07:23:14,522 [main] INFO  ozone.MiniOzoneClusterImpl (MiniOzoneClusterImpl.java:lambda$waitForClusterToBeReady$0(199)) - SCM became leader
2024-04-21 07:23:15,522 [main] INFO  ozone.MiniOzoneClusterImpl (MiniOzoneClusterImpl.java:lambda$waitForClusterToBeReady$0(194)) - Waiting for nodes to be ready. Got 4 of 5 DN Heartbeats.
2024-04-21 07:23:15,523 [main] INFO  ozone.MiniOzoneClusterImpl (MiniOzoneClusterImpl.java:lambda$waitForClusterToBeReady$0(197)) - Cluster exits safe mode
2024-04-21 07:23:15,523 [main] INFO  ozone.MiniOzoneClusterImpl (MiniOzoneClusterImpl.java:lambda$waitForClusterToBeReady$0(199)) - SCM became leader
2024-04-21 07:23:16,523 [main] INFO  ozone.MiniOzoneClusterImpl (MiniOzoneClusterImpl.java:lambda$waitForClusterToBeReady$0(194)) - Waiting for nodes to be ready. Got 4 of 5 DN Heartbeats.
2024-04-21 07:23:16,523 [main] INFO  ozone.MiniOzoneClusterImpl (MiniOzoneClusterImpl.java:lambda$waitForClusterToBeReady$0(197)) - Cluster exits safe mode
2024-04-21 07:23:16,524 [main] INFO  ozone.MiniOzoneClusterImpl (MiniOzoneClusterImpl.java:lambda$waitForClusterToBeReady$0(199)) - SCM became leader
2024-04-21 07:23:17,524 [main] INFO  ozone.MiniOzoneClusterImpl (MiniOzoneClusterImpl.java:lambda$waitForClusterToBeReady$0(194)) - Waiting for nodes to be ready. Got 4 of 5 DN Heartbeats.
2024-04-21 07:23:17,524 [main] INFO  ozone.MiniOzoneClusterImpl (MiniOzoneClusterImpl.java:lambda$waitForClusterToBeReady$0(197)) - Cluster exits safe mode
2024-04-21 07:23:17,524 [main] INFO  ozone.MiniOzoneClusterImpl (MiniOzoneClusterImpl.java:lambda$waitForClusterToBeReady$0(199)) - SCM became leader
2024-04-21 07:23:17,846 [6cf56e53-88cb-4022-bd56-d9b5c4d884ee@group-9461FA60FDFB-FollowerState] INFO  impl.FollowerState (FollowerState.java:run(143)) - 6cf56e53-88cb-4022-bd56-d9b5c4d884ee@group-9461FA60FDFB-FollowerState: change to CANDIDATE, lastRpcElapsedTime:5054299503ns, electionTimeout:5054ms
2024-04-21 07:23:17,846 [6cf56e53-88cb-4022-bd56-d9b5c4d884ee@group-9461FA60FDFB-FollowerState] INFO  impl.RoleInfo (RoleInfo.java:shutdownFollowerState(110)) - 6cf56e53-88cb-4022-bd56-d9b5c4d884ee: shutdown 6cf56e53-88cb-4022-bd56-d9b5c4d884ee@group-9461FA60FDFB-FollowerState
2024-04-21 07:23:17,846 [6cf56e53-88cb-4022-bd56-d9b5c4d884ee@group-9461FA60FDFB-FollowerState] INFO  server.RaftServer$Division (RaftServerImpl.java:setRole(383)) - 6cf56e53-88cb-4022-bd56-d9b5c4d884ee@group-9461FA60FDFB: changes role from  FOLLOWER to CANDIDATE at term 1 for changeToCandidate
2024-04-21 07:23:17,846 [6cf56e53-88cb-4022-bd56-d9b5c4d884ee@group-9461FA60FDFB-FollowerState] INFO  server.RaftServerConfigKeys (ConfUtils.java:logGet(46)) - raft.server.leaderelection.pre-vote = true (default)
2024-04-21 07:23:17,846 [6cf56e53-88cb-4022-bd56-d9b5c4d884ee@group-9461FA60FDFB-FollowerState] INFO  impl.RoleInfo (RoleInfo.java:updateAndGet(139)) - 6cf56e53-88cb-4022-bd56-d9b5c4d884ee: start 6cf56e53-88cb-4022-bd56-d9b5c4d884ee@group-9461FA60FDFB-LeaderElection51
2024-04-21 07:23:17,848 [6cf56e53-88cb-4022-bd56-d9b5c4d884ee@group-9461FA60FDFB-LeaderElection51] INFO  impl.LeaderElection (LeaderElection.java:askForVotes(321)) - 6cf56e53-88cb-4022-bd56-d9b5c4d884ee@group-9461FA60FDFB-LeaderElection51 PRE_VOTE round 0: submit vote requests at term 1 for 0: peers:[6cf56e53-88cb-4022-bd56-d9b5c4d884ee|10.1.0.102:15138, 9387e6e8-bf6d-4d10-9dc1-f1bd05fc02cf|10.1.0.102:15120, 33d4fa9a-f1b5-45a2-9ce3-43c86fd82df2|10.1.0.102:15129]|listeners:[], old=null
2024-04-21 07:23:17,849 [grpc-default-executor-10] WARN  server.GrpcServerProtocolService (LogUtils.java:warn(123)) - 9387e6e8-bf6d-4d10-9dc1-f1bd05fc02cf: Failed requestVote 6cf56e53-88cb-4022-bd56-d9b5c4d884ee->9387e6e8-bf6d-4d10-9dc1-f1bd05fc02cf#0
org.apache.ratis.protocol.exceptions.GroupMismatchException: 9387e6e8-bf6d-4d10-9dc1-f1bd05fc02cf: group-9461FA60FDFB not found.
	at org.apache.ratis.server.impl.RaftServerProxy$ImplMap.get(RaftServerProxy.java:154)
	at org.apache.ratis.server.impl.RaftServerProxy.getImplFuture(RaftServerProxy.java:364)
	at org.apache.ratis.server.impl.RaftServerProxy.getImpl(RaftServerProxy.java:373)
	at org.apache.ratis.server.impl.RaftServerProxy.getImpl(RaftServerProxy.java:368)
	at org.apache.ratis.server.impl.RaftServerProxy.requestVote(RaftServerProxy.java:632)
	at org.apache.ratis.grpc.server.GrpcServerProtocolService.requestVote(GrpcServerProtocolService.java:192)
	at org.apache.ratis.proto.grpc.RaftServerProtocolServiceGrpc$MethodHandlers.invoke(RaftServerProtocolServiceGrpc.java:428)
	at org.apache.ratis.thirdparty.io.grpc.stub.ServerCalls$UnaryServerCallHandler$UnaryServerCallListener.onHalfClose(ServerCalls.java:182)
	at org.apache.ratis.thirdparty.io.grpc.PartialForwardingServerCallListener.onHalfClose(PartialForwardingServerCallListener.java:35)
	at org.apache.ratis.thirdparty.io.grpc.ForwardingServerCallListener.onHalfClose(ForwardingServerCallListener.java:23)
	at org.apache.ratis.thirdparty.io.grpc.internal.ServerCallImpl$ServerStreamListenerImpl.halfClosed(ServerCallImpl.java:351)
	at org.apache.ratis.thirdparty.io.grpc.internal.ServerImpl$JumpToApplicationThreadServerStreamListener$1HalfClosed.runInContext(ServerImpl.java:860)
	at org.apache.ratis.thirdparty.io.grpc.internal.ContextRunnable.run(ContextRunnable.java:37)
	at org.apache.ratis.thirdparty.io.grpc.internal.SerializingExecutor.run(SerializingExecutor.java:133)
	at java.util.concurrent.ThreadPoolExecutor.runWorker(ThreadPoolExecutor.java:1149)
	at java.util.concurrent.ThreadPoolExecutor$Worker.run(ThreadPoolExecutor.java:624)
	at java.lang.Thread.run(Thread.java:750)
2024-04-21 07:23:17,850 [6cf56e53-88cb-4022-bd56-d9b5c4d884ee@group-9461FA60FDFB-LeaderElection51] INFO  impl.LeaderElection (LogUtils.java:infoOrTrace(136)) - 6cf56e53-88cb-4022-bd56-d9b5c4d884ee@group-9461FA60FDFB-LeaderElection51 got exception when requesting votes: java.util.concurrent.ExecutionException: org.apache.ratis.thirdparty.io.grpc.StatusRuntimeException: INTERNAL: 9387e6e8-bf6d-4d10-9dc1-f1bd05fc02cf: group-9461FA60FDFB not found.
2024-04-21 07:23:17,851 [grpc-default-executor-11] WARN  server.GrpcServerProtocolService (LogUtils.java:warn(123)) - 33d4fa9a-f1b5-45a2-9ce3-43c86fd82df2: Failed requestVote 6cf56e53-88cb-4022-bd56-d9b5c4d884ee->33d4fa9a-f1b5-45a2-9ce3-43c86fd82df2#0
org.apache.ratis.protocol.exceptions.GroupMismatchException: 33d4fa9a-f1b5-45a2-9ce3-43c86fd82df2: group-9461FA60FDFB not found.
	at org.apache.ratis.server.impl.RaftServerProxy$ImplMap.get(RaftServerProxy.java:154)
	at org.apache.ratis.server.impl.RaftServerProxy.getImplFuture(RaftServerProxy.java:364)
	at org.apache.ratis.server.impl.RaftServerProxy.getImpl(RaftServerProxy.java:373)
	at org.apache.ratis.server.impl.RaftServerProxy.getImpl(RaftServerProxy.java:368)
	at org.apache.ratis.server.impl.RaftServerProxy.requestVote(RaftServerProxy.java:632)
	at org.apache.ratis.grpc.server.GrpcServerProtocolService.requestVote(GrpcServerProtocolService.java:192)
	at org.apache.ratis.proto.grpc.RaftServerProtocolServiceGrpc$MethodHandlers.invoke(RaftServerProtocolServiceGrpc.java:428)
	at org.apache.ratis.thirdparty.io.grpc.stub.ServerCalls$UnaryServerCallHandler$UnaryServerCallListener.onHalfClose(ServerCalls.java:182)
	at org.apache.ratis.thirdparty.io.grpc.PartialForwardingServerCallListener.onHalfClose(PartialForwardingServerCallListener.java:35)
	at org.apache.ratis.thirdparty.io.grpc.ForwardingServerCallListener.onHalfClose(ForwardingServerCallListener.java:23)
	at org.apache.ratis.thirdparty.io.grpc.internal.ServerCallImpl$ServerStreamListenerImpl.halfClosed(ServerCallImpl.java:351)
	at org.apache.ratis.thirdparty.io.grpc.internal.ServerImpl$JumpToApplicationThreadServerStreamListener$1HalfClosed.runInContext(ServerImpl.java:860)
	at org.apache.ratis.thirdparty.io.grpc.internal.ContextRunnable.run(ContextRunnable.java:37)
	at org.apache.ratis.thirdparty.io.grpc.internal.SerializingExecutor.run(SerializingExecutor.java:133)
	at java.util.concurrent.ThreadPoolExecutor.runWorker(ThreadPoolExecutor.java:1149)
	at java.util.concurrent.ThreadPoolExecutor$Worker.run(ThreadPoolExecutor.java:624)
	at java.lang.Thread.run(Thread.java:750)
2024-04-21 07:23:17,852 [6cf56e53-88cb-4022-bd56-d9b5c4d884ee@group-9461FA60FDFB-LeaderElection51] INFO  impl.LeaderElection (LogUtils.java:infoOrTrace(136)) - 6cf56e53-88cb-4022-bd56-d9b5c4d884ee@group-9461FA60FDFB-LeaderElection51 got exception when requesting votes: java.util.concurrent.ExecutionException: org.apache.ratis.thirdparty.io.grpc.StatusRuntimeException: INTERNAL: 33d4fa9a-f1b5-45a2-9ce3-43c86fd82df2: group-9461FA60FDFB not found.
2024-04-21 07:23:17,852 [6cf56e53-88cb-4022-bd56-d9b5c4d884ee@group-9461FA60FDFB-LeaderElection51] INFO  impl.LeaderElection (LeaderElection.java:logAndReturn(89)) - 6cf56e53-88cb-4022-bd56-d9b5c4d884ee@group-9461FA60FDFB-LeaderElection51: PRE_VOTE REJECTED received 0 response(s) and 2 exception(s):
2024-04-21 07:23:17,852 [6cf56e53-88cb-4022-bd56-d9b5c4d884ee@group-9461FA60FDFB-LeaderElection51] INFO  impl.LeaderElection (LogUtils.java:infoOrTrace(136)) -   Exception 0: java.util.concurrent.ExecutionException: org.apache.ratis.thirdparty.io.grpc.StatusRuntimeException: INTERNAL: 9387e6e8-bf6d-4d10-9dc1-f1bd05fc02cf: group-9461FA60FDFB not found.
2024-04-21 07:23:17,852 [6cf56e53-88cb-4022-bd56-d9b5c4d884ee@group-9461FA60FDFB-LeaderElection51] INFO  impl.LeaderElection (LogUtils.java:infoOrTrace(136)) -   Exception 1: java.util.concurrent.ExecutionException: org.apache.ratis.thirdparty.io.grpc.StatusRuntimeException: INTERNAL: 33d4fa9a-f1b5-45a2-9ce3-43c86fd82df2: group-9461FA60FDFB not found.
2024-04-21 07:23:17,852 [6cf56e53-88cb-4022-bd56-d9b5c4d884ee@group-9461FA60FDFB-LeaderElection51] INFO  impl.LeaderElection (LeaderElection.java:askForVotes(323)) - 6cf56e53-88cb-4022-bd56-d9b5c4d884ee@group-9461FA60FDFB-LeaderElection51 PRE_VOTE round 0: result REJECTED
2024-04-21 07:23:17,852 [6cf56e53-88cb-4022-bd56-d9b5c4d884ee@group-9461FA60FDFB-LeaderElection51] INFO  server.RaftServer$Division (RaftServerImpl.java:setRole(383)) - 6cf56e53-88cb-4022-bd56-d9b5c4d884ee@group-9461FA60FDFB: changes role from CANDIDATE to FOLLOWER at term 1 for REJECTED
2024-04-21 07:23:17,852 [6cf56e53-88cb-4022-bd56-d9b5c4d884ee@group-9461FA60FDFB-LeaderElection51] INFO  impl.RoleInfo (RoleInfo.java:shutdownLeaderElection(130)) - 6cf56e53-88cb-4022-bd56-d9b5c4d884ee: shutdown 6cf56e53-88cb-4022-bd56-d9b5c4d884ee@group-9461FA60FDFB-LeaderElection51
2024-04-21 07:23:17,852 [6cf56e53-88cb-4022-bd56-d9b5c4d884ee@group-9461FA60FDFB-LeaderElection51] INFO  impl.RoleInfo (RoleInfo.java:updateAndGet(139)) - 6cf56e53-88cb-4022-bd56-d9b5c4d884ee: start 6cf56e53-88cb-4022-bd56-d9b5c4d884ee@group-9461FA60FDFB-FollowerState
2024-04-21 07:23:18,525 [main] INFO  ozone.MiniOzoneClusterImpl (MiniOzoneClusterImpl.java:lambda$waitForClusterToBeReady$0(194)) - Waiting for nodes to be ready. Got 4 of 5 DN Heartbeats.
2024-04-21 07:23:18,525 [main] INFO  ozone.MiniOzoneClusterImpl (MiniOzoneClusterImpl.java:lambda$waitForClusterToBeReady$0(197)) - Cluster exits safe mode
2024-04-21 07:23:18,525 [main] INFO  ozone.MiniOzoneClusterImpl (MiniOzoneClusterImpl.java:lambda$waitForClusterToBeReady$0(199)) - SCM became leader
2024-04-21 07:23:19,525 [main] INFO  ozone.MiniOzoneClusterImpl (MiniOzoneClusterImpl.java:lambda$waitForClusterToBeReady$0(194)) - Waiting for nodes to be ready. Got 4 of 5 DN Heartbeats.
2024-04-21 07:23:19,526 [main] INFO  ozone.MiniOzoneClusterImpl (MiniOzoneClusterImpl.java:lambda$waitForClusterToBeReady$0(197)) - Cluster exits safe mode
2024-04-21 07:23:19,526 [main] INFO  ozone.MiniOzoneClusterImpl (MiniOzoneClusterImpl.java:lambda$waitForClusterToBeReady$0(199)) - SCM became leader
2024-04-21 07:23:20,526 [main] INFO  ozone.MiniOzoneClusterImpl (MiniOzoneClusterImpl.java:lambda$waitForClusterToBeReady$0(194)) - Waiting for nodes to be ready. Got 4 of 5 DN Heartbeats.
2024-04-21 07:23:20,527 [main] INFO  ozone.MiniOzoneClusterImpl (MiniOzoneClusterImpl.java:lambda$waitForClusterToBeReady$0(197)) - Cluster exits safe mode
2024-04-21 07:23:20,527 [main] INFO  ozone.MiniOzoneClusterImpl (MiniOzoneClusterImpl.java:lambda$waitForClusterToBeReady$0(199)) - SCM became leader
2024-04-21 07:23:21,527 [main] INFO  ozone.MiniOzoneClusterImpl (MiniOzoneClusterImpl.java:lambda$waitForClusterToBeReady$0(194)) - Waiting for nodes to be ready. Got 4 of 5 DN Heartbeats.
2024-04-21 07:23:21,527 [main] INFO  ozone.MiniOzoneClusterImpl (MiniOzoneClusterImpl.java:lambda$waitForClusterToBeReady$0(197)) - Cluster exits safe mode
2024-04-21 07:23:21,528 [main] INFO  ozone.MiniOzoneClusterImpl (MiniOzoneClusterImpl.java:lambda$waitForClusterToBeReady$0(199)) - SCM became leader
2024-04-21 07:23:21,688 [om1-KeyDeletingService#0] INFO  utils.BackgroundService (AbstractKeyDeletingService.java:processKeyDeletes(114)) - Send 1 key(s) to SCM, first 1 keys: [BlockGroup[groupID='/testblockoutputstream/testblockoutputstream/fefc8da4-ee13-4232-95a7-81b77036153e/-9223372036854774016', blockIDs=[conID: 2 locID: 113750153625600003 bcsId: 0]]]
2024-04-21 07:23:21,701 [IPC Server handler 13 on default port 15107] INFO  ha.SequenceIdGenerator (SequenceIdGenerator.java:getNextId(145)) - Allocate a batch for delTxnId, change lastId from 0 to 1000.
2024-04-21 07:23:21,711 [om1-KeyDeletingService#0] INFO  utils.BackgroundService (AbstractKeyDeletingService.java:processKeyDeletes(119)) - 1 BlockGroup deletion are acked by SCM in 22 ms
2024-04-21 07:23:21,721 [om1-KeyDeletingService#0] INFO  utils.BackgroundService (AbstractKeyDeletingService.java:processKeyDeletes(132)) - Blocks for 1 (out of 1) keys are deleted from DB in 9 ms
2024-04-21 07:23:22,528 [main] INFO  ozone.MiniOzoneClusterImpl (MiniOzoneClusterImpl.java:lambda$waitForClusterToBeReady$0(194)) - Waiting for nodes to be ready. Got 4 of 5 DN Heartbeats.
2024-04-21 07:23:22,528 [main] INFO  ozone.MiniOzoneClusterImpl (MiniOzoneClusterImpl.java:lambda$waitForClusterToBeReady$0(197)) - Cluster exits safe mode
2024-04-21 07:23:22,528 [main] INFO  ozone.MiniOzoneClusterImpl (MiniOzoneClusterImpl.java:lambda$waitForClusterToBeReady$0(199)) - SCM became leader
2024-04-21 07:23:22,893 [6cf56e53-88cb-4022-bd56-d9b5c4d884ee@group-9461FA60FDFB-FollowerState] INFO  impl.FollowerState (FollowerState.java:run(143)) - 6cf56e53-88cb-4022-bd56-d9b5c4d884ee@group-9461FA60FDFB-FollowerState: change to CANDIDATE, lastRpcElapsedTime:5041235508ns, electionTimeout:5041ms
2024-04-21 07:23:22,894 [6cf56e53-88cb-4022-bd56-d9b5c4d884ee@group-9461FA60FDFB-FollowerState] INFO  impl.RoleInfo (RoleInfo.java:shutdownFollowerState(110)) - 6cf56e53-88cb-4022-bd56-d9b5c4d884ee: shutdown 6cf56e53-88cb-4022-bd56-d9b5c4d884ee@group-9461FA60FDFB-FollowerState
2024-04-21 07:23:22,894 [6cf56e53-88cb-4022-bd56-d9b5c4d884ee@group-9461FA60FDFB-FollowerState] INFO  server.RaftServer$Division (RaftServerImpl.java:setRole(383)) - 6cf56e53-88cb-4022-bd56-d9b5c4d884ee@group-9461FA60FDFB: changes role from  FOLLOWER to CANDIDATE at term 1 for changeToCandidate
2024-04-21 07:23:22,894 [6cf56e53-88cb-4022-bd56-d9b5c4d884ee@group-9461FA60FDFB-FollowerState] INFO  server.RaftServerConfigKeys (ConfUtils.java:logGet(46)) - raft.server.leaderelection.pre-vote = true (default)
2024-04-21 07:23:22,894 [6cf56e53-88cb-4022-bd56-d9b5c4d884ee@group-9461FA60FDFB-FollowerState] INFO  impl.RoleInfo (RoleInfo.java:updateAndGet(139)) - 6cf56e53-88cb-4022-bd56-d9b5c4d884ee: start 6cf56e53-88cb-4022-bd56-d9b5c4d884ee@group-9461FA60FDFB-LeaderElection52
2024-04-21 07:23:22,895 [6cf56e53-88cb-4022-bd56-d9b5c4d884ee@group-9461FA60FDFB-LeaderElection52] INFO  impl.LeaderElection (LeaderElection.java:askForVotes(321)) - 6cf56e53-88cb-4022-bd56-d9b5c4d884ee@group-9461FA60FDFB-LeaderElection52 PRE_VOTE round 0: submit vote requests at term 1 for 0: peers:[6cf56e53-88cb-4022-bd56-d9b5c4d884ee|10.1.0.102:15138, 9387e6e8-bf6d-4d10-9dc1-f1bd05fc02cf|10.1.0.102:15120, 33d4fa9a-f1b5-45a2-9ce3-43c86fd82df2|10.1.0.102:15129]|listeners:[], old=null
2024-04-21 07:23:22,896 [grpc-default-executor-11] WARN  server.GrpcServerProtocolService (LogUtils.java:warn(123)) - 33d4fa9a-f1b5-45a2-9ce3-43c86fd82df2: Failed requestVote 6cf56e53-88cb-4022-bd56-d9b5c4d884ee->33d4fa9a-f1b5-45a2-9ce3-43c86fd82df2#0
org.apache.ratis.protocol.exceptions.GroupMismatchException: 33d4fa9a-f1b5-45a2-9ce3-43c86fd82df2: group-9461FA60FDFB not found.
	at org.apache.ratis.server.impl.RaftServerProxy$ImplMap.get(RaftServerProxy.java:154)
	at org.apache.ratis.server.impl.RaftServerProxy.getImplFuture(RaftServerProxy.java:364)
	at org.apache.ratis.server.impl.RaftServerProxy.getImpl(RaftServerProxy.java:373)
	at org.apache.ratis.server.impl.RaftServerProxy.getImpl(RaftServerProxy.java:368)
	at org.apache.ratis.server.impl.RaftServerProxy.requestVote(RaftServerProxy.java:632)
	at org.apache.ratis.grpc.server.GrpcServerProtocolService.requestVote(GrpcServerProtocolService.java:192)
	at org.apache.ratis.proto.grpc.RaftServerProtocolServiceGrpc$MethodHandlers.invoke(RaftServerProtocolServiceGrpc.java:428)
	at org.apache.ratis.thirdparty.io.grpc.stub.ServerCalls$UnaryServerCallHandler$UnaryServerCallListener.onHalfClose(ServerCalls.java:182)
	at org.apache.ratis.thirdparty.io.grpc.PartialForwardingServerCallListener.onHalfClose(PartialForwardingServerCallListener.java:35)
	at org.apache.ratis.thirdparty.io.grpc.ForwardingServerCallListener.onHalfClose(ForwardingServerCallListener.java:23)
	at org.apache.ratis.thirdparty.io.grpc.internal.ServerCallImpl$ServerStreamListenerImpl.halfClosed(ServerCallImpl.java:351)
	at org.apache.ratis.thirdparty.io.grpc.internal.ServerImpl$JumpToApplicationThreadServerStreamListener$1HalfClosed.runInContext(ServerImpl.java:860)
	at org.apache.ratis.thirdparty.io.grpc.internal.ContextRunnable.run(ContextRunnable.java:37)
	at org.apache.ratis.thirdparty.io.grpc.internal.SerializingExecutor.run(SerializingExecutor.java:133)
	at java.util.concurrent.ThreadPoolExecutor.runWorker(ThreadPoolExecutor.java:1149)
	at java.util.concurrent.ThreadPoolExecutor$Worker.run(ThreadPoolExecutor.java:624)
	at java.lang.Thread.run(Thread.java:750)
2024-04-21 07:23:22,898 [6cf56e53-88cb-4022-bd56-d9b5c4d884ee@group-9461FA60FDFB-LeaderElection52] INFO  impl.LeaderElection (LogUtils.java:infoOrTrace(136)) - 6cf56e53-88cb-4022-bd56-d9b5c4d884ee@group-9461FA60FDFB-LeaderElection52 got exception when requesting votes: java.util.concurrent.ExecutionException: org.apache.ratis.thirdparty.io.grpc.StatusRuntimeException: INTERNAL: 33d4fa9a-f1b5-45a2-9ce3-43c86fd82df2: group-9461FA60FDFB not found.
2024-04-21 07:23:22,902 [grpc-default-executor-11] WARN  server.GrpcServerProtocolService (LogUtils.java:warn(123)) - 9387e6e8-bf6d-4d10-9dc1-f1bd05fc02cf: Failed requestVote 6cf56e53-88cb-4022-bd56-d9b5c4d884ee->9387e6e8-bf6d-4d10-9dc1-f1bd05fc02cf#0
org.apache.ratis.protocol.exceptions.GroupMismatchException: 9387e6e8-bf6d-4d10-9dc1-f1bd05fc02cf: group-9461FA60FDFB not found.
	at org.apache.ratis.server.impl.RaftServerProxy$ImplMap.get(RaftServerProxy.java:154)
	at org.apache.ratis.server.impl.RaftServerProxy.getImplFuture(RaftServerProxy.java:364)
	at org.apache.ratis.server.impl.RaftServerProxy.getImpl(RaftServerProxy.java:373)
	at org.apache.ratis.server.impl.RaftServerProxy.getImpl(RaftServerProxy.java:368)
	at org.apache.ratis.server.impl.RaftServerProxy.requestVote(RaftServerProxy.java:632)
	at org.apache.ratis.grpc.server.GrpcServerProtocolService.requestVote(GrpcServerProtocolService.java:192)
	at org.apache.ratis.proto.grpc.RaftServerProtocolServiceGrpc$MethodHandlers.invoke(RaftServerProtocolServiceGrpc.java:428)
	at org.apache.ratis.thirdparty.io.grpc.stub.ServerCalls$UnaryServerCallHandler$UnaryServerCallListener.onHalfClose(ServerCalls.java:182)
	at org.apache.ratis.thirdparty.io.grpc.PartialForwardingServerCallListener.onHalfClose(PartialForwardingServerCallListener.java:35)
	at org.apache.ratis.thirdparty.io.grpc.ForwardingServerCallListener.onHalfClose(ForwardingServerCallListener.java:23)
	at org.apache.ratis.thirdparty.io.grpc.internal.ServerCallImpl$ServerStreamListenerImpl.halfClosed(ServerCallImpl.java:351)
	at org.apache.ratis.thirdparty.io.grpc.internal.ServerImpl$JumpToApplicationThreadServerStreamListener$1HalfClosed.runInContext(ServerImpl.java:860)
	at org.apache.ratis.thirdparty.io.grpc.internal.ContextRunnable.run(ContextRunnable.java:37)
	at org.apache.ratis.thirdparty.io.grpc.internal.SerializingExecutor.run(SerializingExecutor.java:133)
	at java.util.concurrent.ThreadPoolExecutor.runWorker(ThreadPoolExecutor.java:1149)
	at java.util.concurrent.ThreadPoolExecutor$Worker.run(ThreadPoolExecutor.java:624)
	at java.lang.Thread.run(Thread.java:750)
2024-04-21 07:23:22,907 [6cf56e53-88cb-4022-bd56-d9b5c4d884ee@group-9461FA60FDFB-LeaderElection52] INFO  impl.LeaderElection (LogUtils.java:infoOrTrace(136)) - 6cf56e53-88cb-4022-bd56-d9b5c4d884ee@group-9461FA60FDFB-LeaderElection52 got exception when requesting votes: java.util.concurrent.ExecutionException: org.apache.ratis.thirdparty.io.grpc.StatusRuntimeException: INTERNAL: 9387e6e8-bf6d-4d10-9dc1-f1bd05fc02cf: group-9461FA60FDFB not found.
2024-04-21 07:23:22,907 [6cf56e53-88cb-4022-bd56-d9b5c4d884ee@group-9461FA60FDFB-LeaderElection52] INFO  impl.LeaderElection (LeaderElection.java:logAndReturn(89)) - 6cf56e53-88cb-4022-bd56-d9b5c4d884ee@group-9461FA60FDFB-LeaderElection52: PRE_VOTE REJECTED received 0 response(s) and 2 exception(s):
2024-04-21 07:23:22,907 [6cf56e53-88cb-4022-bd56-d9b5c4d884ee@group-9461FA60FDFB-LeaderElection52] INFO  impl.LeaderElection (LogUtils.java:infoOrTrace(136)) -   Exception 0: java.util.concurrent.ExecutionException: org.apache.ratis.thirdparty.io.grpc.StatusRuntimeException: INTERNAL: 33d4fa9a-f1b5-45a2-9ce3-43c86fd82df2: group-9461FA60FDFB not found.
2024-04-21 07:23:22,907 [6cf56e53-88cb-4022-bd56-d9b5c4d884ee@group-9461FA60FDFB-LeaderElection52] INFO  impl.LeaderElection (LogUtils.java:infoOrTrace(136)) -   Exception 1: java.util.concurrent.ExecutionException: org.apache.ratis.thirdparty.io.grpc.StatusRuntimeException: INTERNAL: 9387e6e8-bf6d-4d10-9dc1-f1bd05fc02cf: group-9461FA60FDFB not found.
2024-04-21 07:23:22,908 [6cf56e53-88cb-4022-bd56-d9b5c4d884ee@group-9461FA60FDFB-LeaderElection52] INFO  impl.LeaderElection (LeaderElection.java:askForVotes(323)) - 6cf56e53-88cb-4022-bd56-d9b5c4d884ee@group-9461FA60FDFB-LeaderElection52 PRE_VOTE round 0: result REJECTED
2024-04-21 07:23:22,908 [6cf56e53-88cb-4022-bd56-d9b5c4d884ee@group-9461FA60FDFB-LeaderElection52] INFO  server.RaftServer$Division (RaftServerImpl.java:setRole(383)) - 6cf56e53-88cb-4022-bd56-d9b5c4d884ee@group-9461FA60FDFB: changes role from CANDIDATE to FOLLOWER at term 1 for REJECTED
2024-04-21 07:23:22,908 [6cf56e53-88cb-4022-bd56-d9b5c4d884ee@group-9461FA60FDFB-LeaderElection52] INFO  impl.RoleInfo (RoleInfo.java:shutdownLeaderElection(130)) - 6cf56e53-88cb-4022-bd56-d9b5c4d884ee: shutdown 6cf56e53-88cb-4022-bd56-d9b5c4d884ee@group-9461FA60FDFB-LeaderElection52
2024-04-21 07:23:22,908 [6cf56e53-88cb-4022-bd56-d9b5c4d884ee@group-9461FA60FDFB-LeaderElection52] INFO  impl.RoleInfo (RoleInfo.java:updateAndGet(139)) - 6cf56e53-88cb-4022-bd56-d9b5c4d884ee: start 6cf56e53-88cb-4022-bd56-d9b5c4d884ee@group-9461FA60FDFB-FollowerState
2024-04-21 07:23:23,529 [main] INFO  ozone.MiniOzoneClusterImpl (MiniOzoneClusterImpl.java:lambda$waitForClusterToBeReady$0(194)) - Waiting for nodes to be ready. Got 4 of 5 DN Heartbeats.
2024-04-21 07:23:23,529 [main] INFO  ozone.MiniOzoneClusterImpl (MiniOzoneClusterImpl.java:lambda$waitForClusterToBeReady$0(197)) - Cluster exits safe mode
2024-04-21 07:23:23,529 [main] INFO  ozone.MiniOzoneClusterImpl (MiniOzoneClusterImpl.java:lambda$waitForClusterToBeReady$0(199)) - SCM became leader
2024-04-21 07:23:23,842 [9387e6e8-bf6d-4d10-9dc1-f1bd05fc02cf-BlockDeletingService#3] INFO  interfaces.ContainerDeletionChoosingPolicyTemplate (ContainerDeletionChoosingPolicyTemplate.java:chooseContainerForBlockDeletion(85)) - Chosen 0/5000 blocks from 0 candidate containers.
2024-04-21 07:23:23,917 [33d4fa9a-f1b5-45a2-9ce3-43c86fd82df2-BlockDeletingService#3] INFO  interfaces.ContainerDeletionChoosingPolicyTemplate (ContainerDeletionChoosingPolicyTemplate.java:chooseContainerForBlockDeletion(85)) - Chosen 0/5000 blocks from 0 candidate containers.
2024-04-21 07:23:24,049 [a45323a7-bc80-446e-b427-0ffb34a72641-BlockDeletingService#3] INFO  interfaces.ContainerDeletionChoosingPolicyTemplate (ContainerDeletionChoosingPolicyTemplate.java:chooseContainerForBlockDeletion(85)) - Chosen 0/5000 blocks from 0 candidate containers.
2024-04-21 07:23:24,153 [80370d78-c36f-4d75-b7cb-6753407b0dff-BlockDeletingService#3] INFO  interfaces.ContainerDeletionChoosingPolicyTemplate (ContainerDeletionChoosingPolicyTemplate.java:chooseContainerForBlockDeletion(85)) - Chosen 0/5000 blocks from 0 candidate containers.
2024-04-21 07:23:24,529 [main] INFO  ozone.MiniOzoneClusterImpl (MiniOzoneClusterImpl.java:lambda$waitForClusterToBeReady$0(194)) - Waiting for nodes to be ready. Got 4 of 5 DN Heartbeats.
2024-04-21 07:23:24,530 [main] INFO  ozone.MiniOzoneClusterImpl (MiniOzoneClusterImpl.java:lambda$waitForClusterToBeReady$0(197)) - Cluster exits safe mode
2024-04-21 07:23:24,530 [main] INFO  ozone.MiniOzoneClusterImpl (MiniOzoneClusterImpl.java:lambda$waitForClusterToBeReady$0(199)) - SCM became leader
2024-04-21 07:23:25,530 [main] INFO  ozone.MiniOzoneClusterImpl (MiniOzoneClusterImpl.java:lambda$waitForClusterToBeReady$0(194)) - Waiting for nodes to be ready. Got 4 of 5 DN Heartbeats.
2024-04-21 07:23:25,530 [main] INFO  ozone.MiniOzoneClusterImpl (MiniOzoneClusterImpl.java:lambda$waitForClusterToBeReady$0(197)) - Cluster exits safe mode
2024-04-21 07:23:25,531 [main] INFO  ozone.MiniOzoneClusterImpl (MiniOzoneClusterImpl.java:lambda$waitForClusterToBeReady$0(199)) - SCM became leader
2024-04-21 07:23:26,531 [main] INFO  ozone.MiniOzoneClusterImpl (MiniOzoneClusterImpl.java:lambda$waitForClusterToBeReady$0(194)) - Waiting for nodes to be ready. Got 4 of 5 DN Heartbeats.
2024-04-21 07:23:26,531 [main] INFO  ozone.MiniOzoneClusterImpl (MiniOzoneClusterImpl.java:lambda$waitForClusterToBeReady$0(197)) - Cluster exits safe mode
2024-04-21 07:23:26,531 [main] INFO  ozone.MiniOzoneClusterImpl (MiniOzoneClusterImpl.java:lambda$waitForClusterToBeReady$0(199)) - SCM became leader
2024-04-21 07:23:27,532 [main] INFO  ozone.MiniOzoneClusterImpl (MiniOzoneClusterImpl.java:lambda$waitForClusterToBeReady$0(194)) - Waiting for nodes to be ready. Got 4 of 5 DN Heartbeats.
2024-04-21 07:23:27,532 [main] INFO  ozone.MiniOzoneClusterImpl (MiniOzoneClusterImpl.java:lambda$waitForClusterToBeReady$0(197)) - Cluster exits safe mode
2024-04-21 07:23:27,532 [main] INFO  ozone.MiniOzoneClusterImpl (MiniOzoneClusterImpl.java:lambda$waitForClusterToBeReady$0(199)) - SCM became leader
2024-04-21 07:23:28,006 [6cf56e53-88cb-4022-bd56-d9b5c4d884ee@group-9461FA60FDFB-FollowerState] INFO  impl.FollowerState (FollowerState.java:run(143)) - 6cf56e53-88cb-4022-bd56-d9b5c4d884ee@group-9461FA60FDFB-FollowerState: change to CANDIDATE, lastRpcElapsedTime:5098281372ns, electionTimeout:5098ms
2024-04-21 07:23:28,006 [6cf56e53-88cb-4022-bd56-d9b5c4d884ee@group-9461FA60FDFB-FollowerState] INFO  impl.RoleInfo (RoleInfo.java:shutdownFollowerState(110)) - 6cf56e53-88cb-4022-bd56-d9b5c4d884ee: shutdown 6cf56e53-88cb-4022-bd56-d9b5c4d884ee@group-9461FA60FDFB-FollowerState
2024-04-21 07:23:28,006 [6cf56e53-88cb-4022-bd56-d9b5c4d884ee@group-9461FA60FDFB-FollowerState] INFO  server.RaftServer$Division (RaftServerImpl.java:setRole(383)) - 6cf56e53-88cb-4022-bd56-d9b5c4d884ee@group-9461FA60FDFB: changes role from  FOLLOWER to CANDIDATE at term 1 for changeToCandidate
2024-04-21 07:23:28,007 [6cf56e53-88cb-4022-bd56-d9b5c4d884ee@group-9461FA60FDFB-FollowerState] INFO  server.RaftServerConfigKeys (ConfUtils.java:logGet(46)) - raft.server.leaderelection.pre-vote = true (default)
2024-04-21 07:23:28,007 [6cf56e53-88cb-4022-bd56-d9b5c4d884ee@group-9461FA60FDFB-FollowerState] INFO  impl.RoleInfo (RoleInfo.java:updateAndGet(139)) - 6cf56e53-88cb-4022-bd56-d9b5c4d884ee: start 6cf56e53-88cb-4022-bd56-d9b5c4d884ee@group-9461FA60FDFB-LeaderElection53
2024-04-21 07:23:28,008 [6cf56e53-88cb-4022-bd56-d9b5c4d884ee@group-9461FA60FDFB-LeaderElection53] INFO  impl.LeaderElection (LeaderElection.java:askForVotes(321)) - 6cf56e53-88cb-4022-bd56-d9b5c4d884ee@group-9461FA60FDFB-LeaderElection53 PRE_VOTE round 0: submit vote requests at term 1 for 0: peers:[6cf56e53-88cb-4022-bd56-d9b5c4d884ee|10.1.0.102:15138, 9387e6e8-bf6d-4d10-9dc1-f1bd05fc02cf|10.1.0.102:15120, 33d4fa9a-f1b5-45a2-9ce3-43c86fd82df2|10.1.0.102:15129]|listeners:[], old=null
2024-04-21 07:23:28,009 [grpc-default-executor-11] WARN  server.GrpcServerProtocolService (LogUtils.java:warn(123)) - 33d4fa9a-f1b5-45a2-9ce3-43c86fd82df2: Failed requestVote 6cf56e53-88cb-4022-bd56-d9b5c4d884ee->33d4fa9a-f1b5-45a2-9ce3-43c86fd82df2#0
org.apache.ratis.protocol.exceptions.GroupMismatchException: 33d4fa9a-f1b5-45a2-9ce3-43c86fd82df2: group-9461FA60FDFB not found.
	at org.apache.ratis.server.impl.RaftServerProxy$ImplMap.get(RaftServerProxy.java:154)
	at org.apache.ratis.server.impl.RaftServerProxy.getImplFuture(RaftServerProxy.java:364)
	at org.apache.ratis.server.impl.RaftServerProxy.getImpl(RaftServerProxy.java:373)
	at org.apache.ratis.server.impl.RaftServerProxy.getImpl(RaftServerProxy.java:368)
	at org.apache.ratis.server.impl.RaftServerProxy.requestVote(RaftServerProxy.java:632)
	at org.apache.ratis.grpc.server.GrpcServerProtocolService.requestVote(GrpcServerProtocolService.java:192)
	at org.apache.ratis.proto.grpc.RaftServerProtocolServiceGrpc$MethodHandlers.invoke(RaftServerProtocolServiceGrpc.java:428)
	at org.apache.ratis.thirdparty.io.grpc.stub.ServerCalls$UnaryServerCallHandler$UnaryServerCallListener.onHalfClose(ServerCalls.java:182)
	at org.apache.ratis.thirdparty.io.grpc.PartialForwardingServerCallListener.onHalfClose(PartialForwardingServerCallListener.java:35)
	at org.apache.ratis.thirdparty.io.grpc.ForwardingServerCallListener.onHalfClose(ForwardingServerCallListener.java:23)
	at org.apache.ratis.thirdparty.io.grpc.internal.ServerCallImpl$ServerStreamListenerImpl.halfClosed(ServerCallImpl.java:351)
	at org.apache.ratis.thirdparty.io.grpc.internal.ServerImpl$JumpToApplicationThreadServerStreamListener$1HalfClosed.runInContext(ServerImpl.java:860)
	at org.apache.ratis.thirdparty.io.grpc.internal.ContextRunnable.run(ContextRunnable.java:37)
	at org.apache.ratis.thirdparty.io.grpc.internal.SerializingExecutor.run(SerializingExecutor.java:133)
	at java.util.concurrent.ThreadPoolExecutor.runWorker(ThreadPoolExecutor.java:1149)
	at java.util.concurrent.ThreadPoolExecutor$Worker.run(ThreadPoolExecutor.java:624)
	at java.lang.Thread.run(Thread.java:750)
2024-04-21 07:23:28,009 [grpc-default-executor-12] WARN  server.GrpcServerProtocolService (LogUtils.java:warn(123)) - 9387e6e8-bf6d-4d10-9dc1-f1bd05fc02cf: Failed requestVote 6cf56e53-88cb-4022-bd56-d9b5c4d884ee->9387e6e8-bf6d-4d10-9dc1-f1bd05fc02cf#0
org.apache.ratis.protocol.exceptions.GroupMismatchException: 9387e6e8-bf6d-4d10-9dc1-f1bd05fc02cf: group-9461FA60FDFB not found.
	at org.apache.ratis.server.impl.RaftServerProxy$ImplMap.get(RaftServerProxy.java:154)
	at org.apache.ratis.server.impl.RaftServerProxy.getImplFuture(RaftServerProxy.java:364)
	at org.apache.ratis.server.impl.RaftServerProxy.getImpl(RaftServerProxy.java:373)
	at org.apache.ratis.server.impl.RaftServerProxy.getImpl(RaftServerProxy.java:368)
	at org.apache.ratis.server.impl.RaftServerProxy.requestVote(RaftServerProxy.java:632)
	at org.apache.ratis.grpc.server.GrpcServerProtocolService.requestVote(GrpcServerProtocolService.java:192)
	at org.apache.ratis.proto.grpc.RaftServerProtocolServiceGrpc$MethodHandlers.invoke(RaftServerProtocolServiceGrpc.java:428)
	at org.apache.ratis.thirdparty.io.grpc.stub.ServerCalls$UnaryServerCallHandler$UnaryServerCallListener.onHalfClose(ServerCalls.java:182)
	at org.apache.ratis.thirdparty.io.grpc.PartialForwardingServerCallListener.onHalfClose(PartialForwardingServerCallListener.java:35)
	at org.apache.ratis.thirdparty.io.grpc.ForwardingServerCallListener.onHalfClose(ForwardingServerCallListener.java:23)
	at org.apache.ratis.thirdparty.io.grpc.internal.ServerCallImpl$ServerStreamListenerImpl.halfClosed(ServerCallImpl.java:351)
	at org.apache.ratis.thirdparty.io.grpc.internal.ServerImpl$JumpToApplicationThreadServerStreamListener$1HalfClosed.runInContext(ServerImpl.java:860)
	at org.apache.ratis.thirdparty.io.grpc.internal.ContextRunnable.run(ContextRunnable.java:37)
	at org.apache.ratis.thirdparty.io.grpc.internal.SerializingExecutor.run(SerializingExecutor.java:133)
	at java.util.concurrent.ThreadPoolExecutor.runWorker(ThreadPoolExecutor.java:1149)
	at java.util.concurrent.ThreadPoolExecutor$Worker.run(ThreadPoolExecutor.java:624)
	at java.lang.Thread.run(Thread.java:750)
2024-04-21 07:23:28,011 [6cf56e53-88cb-4022-bd56-d9b5c4d884ee@group-9461FA60FDFB-LeaderElection53] INFO  impl.LeaderElection (LogUtils.java:infoOrTrace(136)) - 6cf56e53-88cb-4022-bd56-d9b5c4d884ee@group-9461FA60FDFB-LeaderElection53 got exception when requesting votes: java.util.concurrent.ExecutionException: org.apache.ratis.thirdparty.io.grpc.StatusRuntimeException: INTERNAL: 9387e6e8-bf6d-4d10-9dc1-f1bd05fc02cf: group-9461FA60FDFB not found.
2024-04-21 07:23:28,011 [6cf56e53-88cb-4022-bd56-d9b5c4d884ee@group-9461FA60FDFB-LeaderElection53] INFO  impl.LeaderElection (LogUtils.java:infoOrTrace(136)) - 6cf56e53-88cb-4022-bd56-d9b5c4d884ee@group-9461FA60FDFB-LeaderElection53 got exception when requesting votes: java.util.concurrent.ExecutionException: org.apache.ratis.thirdparty.io.grpc.StatusRuntimeException: INTERNAL: 33d4fa9a-f1b5-45a2-9ce3-43c86fd82df2: group-9461FA60FDFB not found.
2024-04-21 07:23:28,011 [6cf56e53-88cb-4022-bd56-d9b5c4d884ee@group-9461FA60FDFB-LeaderElection53] INFO  impl.LeaderElection (LeaderElection.java:logAndReturn(89)) - 6cf56e53-88cb-4022-bd56-d9b5c4d884ee@group-9461FA60FDFB-LeaderElection53: PRE_VOTE REJECTED received 0 response(s) and 2 exception(s):
2024-04-21 07:23:28,011 [6cf56e53-88cb-4022-bd56-d9b5c4d884ee@group-9461FA60FDFB-LeaderElection53] INFO  impl.LeaderElection (LogUtils.java:infoOrTrace(136)) -   Exception 0: java.util.concurrent.ExecutionException: org.apache.ratis.thirdparty.io.grpc.StatusRuntimeException: INTERNAL: 9387e6e8-bf6d-4d10-9dc1-f1bd05fc02cf: group-9461FA60FDFB not found.
2024-04-21 07:23:28,011 [6cf56e53-88cb-4022-bd56-d9b5c4d884ee@group-9461FA60FDFB-LeaderElection53] INFO  impl.LeaderElection (LogUtils.java:infoOrTrace(136)) -   Exception 1: java.util.concurrent.ExecutionException: org.apache.ratis.thirdparty.io.grpc.StatusRuntimeException: INTERNAL: 33d4fa9a-f1b5-45a2-9ce3-43c86fd82df2: group-9461FA60FDFB not found.
2024-04-21 07:23:28,011 [6cf56e53-88cb-4022-bd56-d9b5c4d884ee@group-9461FA60FDFB-LeaderElection53] INFO  impl.LeaderElection (LeaderElection.java:askForVotes(323)) - 6cf56e53-88cb-4022-bd56-d9b5c4d884ee@group-9461FA60FDFB-LeaderElection53 PRE_VOTE round 0: result REJECTED
2024-04-21 07:23:28,011 [6cf56e53-88cb-4022-bd56-d9b5c4d884ee@group-9461FA60FDFB-LeaderElection53] INFO  server.RaftServer$Division (RaftServerImpl.java:setRole(383)) - 6cf56e53-88cb-4022-bd56-d9b5c4d884ee@group-9461FA60FDFB: changes role from CANDIDATE to FOLLOWER at term 1 for REJECTED
2024-04-21 07:23:28,011 [6cf56e53-88cb-4022-bd56-d9b5c4d884ee@group-9461FA60FDFB-LeaderElection53] INFO  impl.RoleInfo (RoleInfo.java:shutdownLeaderElection(130)) - 6cf56e53-88cb-4022-bd56-d9b5c4d884ee: shutdown 6cf56e53-88cb-4022-bd56-d9b5c4d884ee@group-9461FA60FDFB-LeaderElection53
2024-04-21 07:23:28,011 [6cf56e53-88cb-4022-bd56-d9b5c4d884ee@group-9461FA60FDFB-LeaderElection53] INFO  impl.RoleInfo (RoleInfo.java:updateAndGet(139)) - 6cf56e53-88cb-4022-bd56-d9b5c4d884ee: start 6cf56e53-88cb-4022-bd56-d9b5c4d884ee@group-9461FA60FDFB-FollowerState
2024-04-21 07:23:28,532 [main] INFO  ozone.MiniOzoneClusterImpl (MiniOzoneClusterImpl.java:lambda$waitForClusterToBeReady$0(194)) - Waiting for nodes to be ready. Got 4 of 5 DN Heartbeats.
2024-04-21 07:23:28,533 [main] INFO  ozone.MiniOzoneClusterImpl (MiniOzoneClusterImpl.java:lambda$waitForClusterToBeReady$0(197)) - Cluster exits safe mode
2024-04-21 07:23:28,533 [main] INFO  ozone.MiniOzoneClusterImpl (MiniOzoneClusterImpl.java:lambda$waitForClusterToBeReady$0(199)) - SCM became leader
2024-04-21 07:23:29,533 [main] INFO  ozone.MiniOzoneClusterImpl (MiniOzoneClusterImpl.java:lambda$waitForClusterToBeReady$0(194)) - Waiting for nodes to be ready. Got 4 of 5 DN Heartbeats.
2024-04-21 07:23:29,533 [main] INFO  ozone.MiniOzoneClusterImpl (MiniOzoneClusterImpl.java:lambda$waitForClusterToBeReady$0(197)) - Cluster exits safe mode
2024-04-21 07:23:29,534 [main] INFO  ozone.MiniOzoneClusterImpl (MiniOzoneClusterImpl.java:lambda$waitForClusterToBeReady$0(199)) - SCM became leader
2024-04-21 07:23:30,534 [main] INFO  ozone.MiniOzoneClusterImpl (MiniOzoneClusterImpl.java:lambda$waitForClusterToBeReady$0(194)) - Waiting for nodes to be ready. Got 4 of 5 DN Heartbeats.
2024-04-21 07:23:30,534 [main] INFO  ozone.MiniOzoneClusterImpl (MiniOzoneClusterImpl.java:lambda$waitForClusterToBeReady$0(197)) - Cluster exits safe mode
2024-04-21 07:23:30,534 [main] INFO  ozone.MiniOzoneClusterImpl (MiniOzoneClusterImpl.java:lambda$waitForClusterToBeReady$0(199)) - SCM became leader
2024-04-21 07:23:31,535 [main] INFO  ozone.MiniOzoneClusterImpl (MiniOzoneClusterImpl.java:lambda$waitForClusterToBeReady$0(194)) - Waiting for nodes to be ready. Got 4 of 5 DN Heartbeats.
2024-04-21 07:23:31,535 [main] INFO  ozone.MiniOzoneClusterImpl (MiniOzoneClusterImpl.java:lambda$waitForClusterToBeReady$0(197)) - Cluster exits safe mode
2024-04-21 07:23:31,535 [main] INFO  ozone.MiniOzoneClusterImpl (MiniOzoneClusterImpl.java:lambda$waitForClusterToBeReady$0(199)) - SCM became leader
2024-04-21 07:23:32,535 [main] INFO  ozone.MiniOzoneClusterImpl (MiniOzoneClusterImpl.java:lambda$waitForClusterToBeReady$0(194)) - Waiting for nodes to be ready. Got 4 of 5 DN Heartbeats.
2024-04-21 07:23:32,536 [main] INFO  ozone.MiniOzoneClusterImpl (MiniOzoneClusterImpl.java:lambda$waitForClusterToBeReady$0(197)) - Cluster exits safe mode
2024-04-21 07:23:32,536 [main] INFO  ozone.MiniOzoneClusterImpl (MiniOzoneClusterImpl.java:lambda$waitForClusterToBeReady$0(199)) - SCM became leader
2024-04-21 07:23:33,137 [6cf56e53-88cb-4022-bd56-d9b5c4d884ee@group-9461FA60FDFB-FollowerState] INFO  impl.FollowerState (FollowerState.java:run(143)) - 6cf56e53-88cb-4022-bd56-d9b5c4d884ee@group-9461FA60FDFB-FollowerState: change to CANDIDATE, lastRpcElapsedTime:5125255758ns, electionTimeout:5125ms
2024-04-21 07:23:33,137 [6cf56e53-88cb-4022-bd56-d9b5c4d884ee@group-9461FA60FDFB-FollowerState] INFO  impl.RoleInfo (RoleInfo.java:shutdownFollowerState(110)) - 6cf56e53-88cb-4022-bd56-d9b5c4d884ee: shutdown 6cf56e53-88cb-4022-bd56-d9b5c4d884ee@group-9461FA60FDFB-FollowerState
2024-04-21 07:23:33,137 [6cf56e53-88cb-4022-bd56-d9b5c4d884ee@group-9461FA60FDFB-FollowerState] INFO  server.RaftServer$Division (RaftServerImpl.java:setRole(383)) - 6cf56e53-88cb-4022-bd56-d9b5c4d884ee@group-9461FA60FDFB: changes role from  FOLLOWER to CANDIDATE at term 1 for changeToCandidate
2024-04-21 07:23:33,137 [6cf56e53-88cb-4022-bd56-d9b5c4d884ee@group-9461FA60FDFB-FollowerState] INFO  server.RaftServerConfigKeys (ConfUtils.java:logGet(46)) - raft.server.leaderelection.pre-vote = true (default)
2024-04-21 07:23:33,137 [6cf56e53-88cb-4022-bd56-d9b5c4d884ee@group-9461FA60FDFB-FollowerState] INFO  impl.RoleInfo (RoleInfo.java:updateAndGet(139)) - 6cf56e53-88cb-4022-bd56-d9b5c4d884ee: start 6cf56e53-88cb-4022-bd56-d9b5c4d884ee@group-9461FA60FDFB-LeaderElection54
2024-04-21 07:23:33,138 [6cf56e53-88cb-4022-bd56-d9b5c4d884ee@group-9461FA60FDFB-LeaderElection54] INFO  impl.LeaderElection (LeaderElection.java:askForVotes(321)) - 6cf56e53-88cb-4022-bd56-d9b5c4d884ee@group-9461FA60FDFB-LeaderElection54 PRE_VOTE round 0: submit vote requests at term 1 for 0: peers:[6cf56e53-88cb-4022-bd56-d9b5c4d884ee|10.1.0.102:15138, 9387e6e8-bf6d-4d10-9dc1-f1bd05fc02cf|10.1.0.102:15120, 33d4fa9a-f1b5-45a2-9ce3-43c86fd82df2|10.1.0.102:15129]|listeners:[], old=null
2024-04-21 07:23:33,139 [grpc-default-executor-12] WARN  server.GrpcServerProtocolService (LogUtils.java:warn(123)) - 33d4fa9a-f1b5-45a2-9ce3-43c86fd82df2: Failed requestVote 6cf56e53-88cb-4022-bd56-d9b5c4d884ee->33d4fa9a-f1b5-45a2-9ce3-43c86fd82df2#0
org.apache.ratis.protocol.exceptions.GroupMismatchException: 33d4fa9a-f1b5-45a2-9ce3-43c86fd82df2: group-9461FA60FDFB not found.
	at org.apache.ratis.server.impl.RaftServerProxy$ImplMap.get(RaftServerProxy.java:154)
	at org.apache.ratis.server.impl.RaftServerProxy.getImplFuture(RaftServerProxy.java:364)
	at org.apache.ratis.server.impl.RaftServerProxy.getImpl(RaftServerProxy.java:373)
	at org.apache.ratis.server.impl.RaftServerProxy.getImpl(RaftServerProxy.java:368)
	at org.apache.ratis.server.impl.RaftServerProxy.requestVote(RaftServerProxy.java:632)
	at org.apache.ratis.grpc.server.GrpcServerProtocolService.requestVote(GrpcServerProtocolService.java:192)
	at org.apache.ratis.proto.grpc.RaftServerProtocolServiceGrpc$MethodHandlers.invoke(RaftServerProtocolServiceGrpc.java:428)
	at org.apache.ratis.thirdparty.io.grpc.stub.ServerCalls$UnaryServerCallHandler$UnaryServerCallListener.onHalfClose(ServerCalls.java:182)
	at org.apache.ratis.thirdparty.io.grpc.PartialForwardingServerCallListener.onHalfClose(PartialForwardingServerCallListener.java:35)
	at org.apache.ratis.thirdparty.io.grpc.ForwardingServerCallListener.onHalfClose(ForwardingServerCallListener.java:23)
	at org.apache.ratis.thirdparty.io.grpc.internal.ServerCallImpl$ServerStreamListenerImpl.halfClosed(ServerCallImpl.java:351)
	at org.apache.ratis.thirdparty.io.grpc.internal.ServerImpl$JumpToApplicationThreadServerStreamListener$1HalfClosed.runInContext(ServerImpl.java:860)
	at org.apache.ratis.thirdparty.io.grpc.internal.ContextRunnable.run(ContextRunnable.java:37)
	at org.apache.ratis.thirdparty.io.grpc.internal.SerializingExecutor.run(SerializingExecutor.java:133)
	at java.util.concurrent.ThreadPoolExecutor.runWorker(ThreadPoolExecutor.java:1149)
	at java.util.concurrent.ThreadPoolExecutor$Worker.run(ThreadPoolExecutor.java:624)
	at java.lang.Thread.run(Thread.java:750)
2024-04-21 07:23:33,139 [grpc-default-executor-11] WARN  server.GrpcServerProtocolService (LogUtils.java:warn(123)) - 9387e6e8-bf6d-4d10-9dc1-f1bd05fc02cf: Failed requestVote 6cf56e53-88cb-4022-bd56-d9b5c4d884ee->9387e6e8-bf6d-4d10-9dc1-f1bd05fc02cf#0
org.apache.ratis.protocol.exceptions.GroupMismatchException: 9387e6e8-bf6d-4d10-9dc1-f1bd05fc02cf: group-9461FA60FDFB not found.
	at org.apache.ratis.server.impl.RaftServerProxy$ImplMap.get(RaftServerProxy.java:154)
	at org.apache.ratis.server.impl.RaftServerProxy.getImplFuture(RaftServerProxy.java:364)
	at org.apache.ratis.server.impl.RaftServerProxy.getImpl(RaftServerProxy.java:373)
	at org.apache.ratis.server.impl.RaftServerProxy.getImpl(RaftServerProxy.java:368)
	at org.apache.ratis.server.impl.RaftServerProxy.requestVote(RaftServerProxy.java:632)
	at org.apache.ratis.grpc.server.GrpcServerProtocolService.requestVote(GrpcServerProtocolService.java:192)
	at org.apache.ratis.proto.grpc.RaftServerProtocolServiceGrpc$MethodHandlers.invoke(RaftServerProtocolServiceGrpc.java:428)
	at org.apache.ratis.thirdparty.io.grpc.stub.ServerCalls$UnaryServerCallHandler$UnaryServerCallListener.onHalfClose(ServerCalls.java:182)
	at org.apache.ratis.thirdparty.io.grpc.PartialForwardingServerCallListener.onHalfClose(PartialForwardingServerCallListener.java:35)
	at org.apache.ratis.thirdparty.io.grpc.ForwardingServerCallListener.onHalfClose(ForwardingServerCallListener.java:23)
	at org.apache.ratis.thirdparty.io.grpc.internal.ServerCallImpl$ServerStreamListenerImpl.halfClosed(ServerCallImpl.java:351)
	at org.apache.ratis.thirdparty.io.grpc.internal.ServerImpl$JumpToApplicationThreadServerStreamListener$1HalfClosed.runInContext(ServerImpl.java:860)
	at org.apache.ratis.thirdparty.io.grpc.internal.ContextRunnable.run(ContextRunnable.java:37)
	at org.apache.ratis.thirdparty.io.grpc.internal.SerializingExecutor.run(SerializingExecutor.java:133)
	at java.util.concurrent.ThreadPoolExecutor.runWorker(ThreadPoolExecutor.java:1149)
	at java.util.concurrent.ThreadPoolExecutor$Worker.run(ThreadPoolExecutor.java:624)
	at java.lang.Thread.run(Thread.java:750)
2024-04-21 07:23:33,142 [6cf56e53-88cb-4022-bd56-d9b5c4d884ee@group-9461FA60FDFB-LeaderElection54] INFO  impl.LeaderElection (LogUtils.java:infoOrTrace(136)) - 6cf56e53-88cb-4022-bd56-d9b5c4d884ee@group-9461FA60FDFB-LeaderElection54 got exception when requesting votes: java.util.concurrent.ExecutionException: org.apache.ratis.thirdparty.io.grpc.StatusRuntimeException: INTERNAL: 33d4fa9a-f1b5-45a2-9ce3-43c86fd82df2: group-9461FA60FDFB not found.
2024-04-21 07:23:33,142 [6cf56e53-88cb-4022-bd56-d9b5c4d884ee@group-9461FA60FDFB-LeaderElection54] INFO  impl.LeaderElection (LogUtils.java:infoOrTrace(136)) - 6cf56e53-88cb-4022-bd56-d9b5c4d884ee@group-9461FA60FDFB-LeaderElection54 got exception when requesting votes: java.util.concurrent.ExecutionException: org.apache.ratis.thirdparty.io.grpc.StatusRuntimeException: INTERNAL: 9387e6e8-bf6d-4d10-9dc1-f1bd05fc02cf: group-9461FA60FDFB not found.
2024-04-21 07:23:33,142 [6cf56e53-88cb-4022-bd56-d9b5c4d884ee@group-9461FA60FDFB-LeaderElection54] INFO  impl.LeaderElection (LeaderElection.java:logAndReturn(89)) - 6cf56e53-88cb-4022-bd56-d9b5c4d884ee@group-9461FA60FDFB-LeaderElection54: PRE_VOTE REJECTED received 0 response(s) and 2 exception(s):
2024-04-21 07:23:33,142 [6cf56e53-88cb-4022-bd56-d9b5c4d884ee@group-9461FA60FDFB-LeaderElection54] INFO  impl.LeaderElection (LogUtils.java:infoOrTrace(136)) -   Exception 0: java.util.concurrent.ExecutionException: org.apache.ratis.thirdparty.io.grpc.StatusRuntimeException: INTERNAL: 33d4fa9a-f1b5-45a2-9ce3-43c86fd82df2: group-9461FA60FDFB not found.
2024-04-21 07:23:33,142 [6cf56e53-88cb-4022-bd56-d9b5c4d884ee@group-9461FA60FDFB-LeaderElection54] INFO  impl.LeaderElection (LogUtils.java:infoOrTrace(136)) -   Exception 1: java.util.concurrent.ExecutionException: org.apache.ratis.thirdparty.io.grpc.StatusRuntimeException: INTERNAL: 9387e6e8-bf6d-4d10-9dc1-f1bd05fc02cf: group-9461FA60FDFB not found.
2024-04-21 07:23:33,142 [6cf56e53-88cb-4022-bd56-d9b5c4d884ee@group-9461FA60FDFB-LeaderElection54] INFO  impl.LeaderElection (LeaderElection.java:askForVotes(323)) - 6cf56e53-88cb-4022-bd56-d9b5c4d884ee@group-9461FA60FDFB-LeaderElection54 PRE_VOTE round 0: result REJECTED
2024-04-21 07:23:33,142 [6cf56e53-88cb-4022-bd56-d9b5c4d884ee@group-9461FA60FDFB-LeaderElection54] INFO  server.RaftServer$Division (RaftServerImpl.java:setRole(383)) - 6cf56e53-88cb-4022-bd56-d9b5c4d884ee@group-9461FA60FDFB: changes role from CANDIDATE to FOLLOWER at term 1 for REJECTED
2024-04-21 07:23:33,142 [6cf56e53-88cb-4022-bd56-d9b5c4d884ee@group-9461FA60FDFB-LeaderElection54] INFO  impl.RoleInfo (RoleInfo.java:shutdownLeaderElection(130)) - 6cf56e53-88cb-4022-bd56-d9b5c4d884ee: shutdown 6cf56e53-88cb-4022-bd56-d9b5c4d884ee@group-9461FA60FDFB-LeaderElection54
2024-04-21 07:23:33,142 [6cf56e53-88cb-4022-bd56-d9b5c4d884ee@group-9461FA60FDFB-LeaderElection54] INFO  impl.RoleInfo (RoleInfo.java:updateAndGet(139)) - 6cf56e53-88cb-4022-bd56-d9b5c4d884ee: start 6cf56e53-88cb-4022-bd56-d9b5c4d884ee@group-9461FA60FDFB-FollowerState
2024-04-21 07:23:33,536 [main] INFO  ozone.MiniOzoneClusterImpl (MiniOzoneClusterImpl.java:lambda$waitForClusterToBeReady$0(194)) - Waiting for nodes to be ready. Got 4 of 5 DN Heartbeats.
2024-04-21 07:23:33,537 [main] INFO  ozone.MiniOzoneClusterImpl (MiniOzoneClusterImpl.java:lambda$waitForClusterToBeReady$0(197)) - Cluster exits safe mode
2024-04-21 07:23:33,537 [main] INFO  ozone.MiniOzoneClusterImpl (MiniOzoneClusterImpl.java:lambda$waitForClusterToBeReady$0(199)) - SCM became leader
2024-04-21 07:23:34,537 [main] INFO  ozone.MiniOzoneClusterImpl (MiniOzoneClusterImpl.java:lambda$waitForClusterToBeReady$0(194)) - Waiting for nodes to be ready. Got 4 of 5 DN Heartbeats.
2024-04-21 07:23:34,537 [main] INFO  ozone.MiniOzoneClusterImpl (MiniOzoneClusterImpl.java:lambda$waitForClusterToBeReady$0(197)) - Cluster exits safe mode
2024-04-21 07:23:34,537 [main] INFO  ozone.MiniOzoneClusterImpl (MiniOzoneClusterImpl.java:lambda$waitForClusterToBeReady$0(199)) - SCM became leader
2024-04-21 07:23:35,538 [main] INFO  ozone.MiniOzoneClusterImpl (MiniOzoneClusterImpl.java:lambda$waitForClusterToBeReady$0(194)) - Waiting for nodes to be ready. Got 4 of 5 DN Heartbeats.
2024-04-21 07:23:35,538 [main] INFO  ozone.MiniOzoneClusterImpl (MiniOzoneClusterImpl.java:lambda$waitForClusterToBeReady$0(197)) - Cluster exits safe mode
2024-04-21 07:23:35,538 [main] INFO  ozone.MiniOzoneClusterImpl (MiniOzoneClusterImpl.java:lambda$waitForClusterToBeReady$0(199)) - SCM became leader
2024-04-21 07:23:36,538 [main] INFO  ozone.MiniOzoneClusterImpl (MiniOzoneClusterImpl.java:lambda$waitForClusterToBeReady$0(194)) - Waiting for nodes to be ready. Got 4 of 5 DN Heartbeats.
2024-04-21 07:23:36,539 [main] INFO  ozone.MiniOzoneClusterImpl (MiniOzoneClusterImpl.java:lambda$waitForClusterToBeReady$0(197)) - Cluster exits safe mode
2024-04-21 07:23:36,539 [main] INFO  ozone.MiniOzoneClusterImpl (MiniOzoneClusterImpl.java:lambda$waitForClusterToBeReady$0(199)) - SCM became leader
2024-04-21 07:23:37,539 [main] INFO  ozone.MiniOzoneClusterImpl (MiniOzoneClusterImpl.java:lambda$waitForClusterToBeReady$0(194)) - Waiting for nodes to be ready. Got 4 of 5 DN Heartbeats.
2024-04-21 07:23:37,540 [main] INFO  ozone.MiniOzoneClusterImpl (MiniOzoneClusterImpl.java:lambda$waitForClusterToBeReady$0(197)) - Cluster exits safe mode
2024-04-21 07:23:37,540 [main] INFO  ozone.MiniOzoneClusterImpl (MiniOzoneClusterImpl.java:lambda$waitForClusterToBeReady$0(199)) - SCM became leader
2024-04-21 07:23:38,235 [6cf56e53-88cb-4022-bd56-d9b5c4d884ee@group-9461FA60FDFB-FollowerState] INFO  impl.FollowerState (FollowerState.java:run(143)) - 6cf56e53-88cb-4022-bd56-d9b5c4d884ee@group-9461FA60FDFB-FollowerState: change to CANDIDATE, lastRpcElapsedTime:5092276421ns, electionTimeout:5092ms
2024-04-21 07:23:38,235 [6cf56e53-88cb-4022-bd56-d9b5c4d884ee@group-9461FA60FDFB-FollowerState] INFO  impl.RoleInfo (RoleInfo.java:shutdownFollowerState(110)) - 6cf56e53-88cb-4022-bd56-d9b5c4d884ee: shutdown 6cf56e53-88cb-4022-bd56-d9b5c4d884ee@group-9461FA60FDFB-FollowerState
2024-04-21 07:23:38,235 [6cf56e53-88cb-4022-bd56-d9b5c4d884ee@group-9461FA60FDFB-FollowerState] INFO  server.RaftServer$Division (RaftServerImpl.java:setRole(383)) - 6cf56e53-88cb-4022-bd56-d9b5c4d884ee@group-9461FA60FDFB: changes role from  FOLLOWER to CANDIDATE at term 1 for changeToCandidate
2024-04-21 07:23:38,235 [6cf56e53-88cb-4022-bd56-d9b5c4d884ee@group-9461FA60FDFB-FollowerState] INFO  server.RaftServerConfigKeys (ConfUtils.java:logGet(46)) - raft.server.leaderelection.pre-vote = true (default)
2024-04-21 07:23:38,235 [6cf56e53-88cb-4022-bd56-d9b5c4d884ee@group-9461FA60FDFB-FollowerState] INFO  impl.RoleInfo (RoleInfo.java:updateAndGet(139)) - 6cf56e53-88cb-4022-bd56-d9b5c4d884ee: start 6cf56e53-88cb-4022-bd56-d9b5c4d884ee@group-9461FA60FDFB-LeaderElection55
2024-04-21 07:23:38,236 [6cf56e53-88cb-4022-bd56-d9b5c4d884ee@group-9461FA60FDFB-LeaderElection55] INFO  impl.LeaderElection (LeaderElection.java:askForVotes(321)) - 6cf56e53-88cb-4022-bd56-d9b5c4d884ee@group-9461FA60FDFB-LeaderElection55 PRE_VOTE round 0: submit vote requests at term 1 for 0: peers:[6cf56e53-88cb-4022-bd56-d9b5c4d884ee|10.1.0.102:15138, 9387e6e8-bf6d-4d10-9dc1-f1bd05fc02cf|10.1.0.102:15120, 33d4fa9a-f1b5-45a2-9ce3-43c86fd82df2|10.1.0.102:15129]|listeners:[], old=null
2024-04-21 07:23:38,237 [grpc-default-executor-12] WARN  server.GrpcServerProtocolService (LogUtils.java:warn(123)) - 33d4fa9a-f1b5-45a2-9ce3-43c86fd82df2: Failed requestVote 6cf56e53-88cb-4022-bd56-d9b5c4d884ee->33d4fa9a-f1b5-45a2-9ce3-43c86fd82df2#0
org.apache.ratis.protocol.exceptions.GroupMismatchException: 33d4fa9a-f1b5-45a2-9ce3-43c86fd82df2: group-9461FA60FDFB not found.
	at org.apache.ratis.server.impl.RaftServerProxy$ImplMap.get(RaftServerProxy.java:154)
	at org.apache.ratis.server.impl.RaftServerProxy.getImplFuture(RaftServerProxy.java:364)
	at org.apache.ratis.server.impl.RaftServerProxy.getImpl(RaftServerProxy.java:373)
	at org.apache.ratis.server.impl.RaftServerProxy.getImpl(RaftServerProxy.java:368)
	at org.apache.ratis.server.impl.RaftServerProxy.requestVote(RaftServerProxy.java:632)
	at org.apache.ratis.grpc.server.GrpcServerProtocolService.requestVote(GrpcServerProtocolService.java:192)
	at org.apache.ratis.proto.grpc.RaftServerProtocolServiceGrpc$MethodHandlers.invoke(RaftServerProtocolServiceGrpc.java:428)
	at org.apache.ratis.thirdparty.io.grpc.stub.ServerCalls$UnaryServerCallHandler$UnaryServerCallListener.onHalfClose(ServerCalls.java:182)
	at org.apache.ratis.thirdparty.io.grpc.PartialForwardingServerCallListener.onHalfClose(PartialForwardingServerCallListener.java:35)
	at org.apache.ratis.thirdparty.io.grpc.ForwardingServerCallListener.onHalfClose(ForwardingServerCallListener.java:23)
	at org.apache.ratis.thirdparty.io.grpc.internal.ServerCallImpl$ServerStreamListenerImpl.halfClosed(ServerCallImpl.java:351)
	at org.apache.ratis.thirdparty.io.grpc.internal.ServerImpl$JumpToApplicationThreadServerStreamListener$1HalfClosed.runInContext(ServerImpl.java:860)
	at org.apache.ratis.thirdparty.io.grpc.internal.ContextRunnable.run(ContextRunnable.java:37)
	at org.apache.ratis.thirdparty.io.grpc.internal.SerializingExecutor.run(SerializingExecutor.java:133)
	at java.util.concurrent.ThreadPoolExecutor.runWorker(ThreadPoolExecutor.java:1149)
	at java.util.concurrent.ThreadPoolExecutor$Worker.run(ThreadPoolExecutor.java:624)
	at java.lang.Thread.run(Thread.java:750)
2024-04-21 07:23:38,238 [grpc-default-executor-11] WARN  server.GrpcServerProtocolService (LogUtils.java:warn(123)) - 9387e6e8-bf6d-4d10-9dc1-f1bd05fc02cf: Failed requestVote 6cf56e53-88cb-4022-bd56-d9b5c4d884ee->9387e6e8-bf6d-4d10-9dc1-f1bd05fc02cf#0
org.apache.ratis.protocol.exceptions.GroupMismatchException: 9387e6e8-bf6d-4d10-9dc1-f1bd05fc02cf: group-9461FA60FDFB not found.
	at org.apache.ratis.server.impl.RaftServerProxy$ImplMap.get(RaftServerProxy.java:154)
	at org.apache.ratis.server.impl.RaftServerProxy.getImplFuture(RaftServerProxy.java:364)
	at org.apache.ratis.server.impl.RaftServerProxy.getImpl(RaftServerProxy.java:373)
	at org.apache.ratis.server.impl.RaftServerProxy.getImpl(RaftServerProxy.java:368)
	at org.apache.ratis.server.impl.RaftServerProxy.requestVote(RaftServerProxy.java:632)
	at org.apache.ratis.grpc.server.GrpcServerProtocolService.requestVote(GrpcServerProtocolService.java:192)
	at org.apache.ratis.proto.grpc.RaftServerProtocolServiceGrpc$MethodHandlers.invoke(RaftServerProtocolServiceGrpc.java:428)
	at org.apache.ratis.thirdparty.io.grpc.stub.ServerCalls$UnaryServerCallHandler$UnaryServerCallListener.onHalfClose(ServerCalls.java:182)
	at org.apache.ratis.thirdparty.io.grpc.PartialForwardingServerCallListener.onHalfClose(PartialForwardingServerCallListener.java:35)
	at org.apache.ratis.thirdparty.io.grpc.ForwardingServerCallListener.onHalfClose(ForwardingServerCallListener.java:23)
	at org.apache.ratis.thirdparty.io.grpc.internal.ServerCallImpl$ServerStreamListenerImpl.halfClosed(ServerCallImpl.java:351)
	at org.apache.ratis.thirdparty.io.grpc.internal.ServerImpl$JumpToApplicationThreadServerStreamListener$1HalfClosed.runInContext(ServerImpl.java:860)
	at org.apache.ratis.thirdparty.io.grpc.internal.ContextRunnable.run(ContextRunnable.java:37)
	at org.apache.ratis.thirdparty.io.grpc.internal.SerializingExecutor.run(SerializingExecutor.java:133)
	at java.util.concurrent.ThreadPoolExecutor.runWorker(ThreadPoolExecutor.java:1149)
	at java.util.concurrent.ThreadPoolExecutor$Worker.run(ThreadPoolExecutor.java:624)
	at java.lang.Thread.run(Thread.java:750)
2024-04-21 07:23:38,242 [6cf56e53-88cb-4022-bd56-d9b5c4d884ee@group-9461FA60FDFB-LeaderElection55] INFO  impl.LeaderElection (LogUtils.java:infoOrTrace(136)) - 6cf56e53-88cb-4022-bd56-d9b5c4d884ee@group-9461FA60FDFB-LeaderElection55 got exception when requesting votes: java.util.concurrent.ExecutionException: org.apache.ratis.thirdparty.io.grpc.StatusRuntimeException: INTERNAL: 33d4fa9a-f1b5-45a2-9ce3-43c86fd82df2: group-9461FA60FDFB not found.
2024-04-21 07:23:38,242 [6cf56e53-88cb-4022-bd56-d9b5c4d884ee@group-9461FA60FDFB-LeaderElection55] INFO  impl.LeaderElection (LogUtils.java:infoOrTrace(136)) - 6cf56e53-88cb-4022-bd56-d9b5c4d884ee@group-9461FA60FDFB-LeaderElection55 got exception when requesting votes: java.util.concurrent.ExecutionException: org.apache.ratis.thirdparty.io.grpc.StatusRuntimeException: INTERNAL: 9387e6e8-bf6d-4d10-9dc1-f1bd05fc02cf: group-9461FA60FDFB not found.
2024-04-21 07:23:38,242 [6cf56e53-88cb-4022-bd56-d9b5c4d884ee@group-9461FA60FDFB-LeaderElection55] INFO  impl.LeaderElection (LeaderElection.java:logAndReturn(89)) - 6cf56e53-88cb-4022-bd56-d9b5c4d884ee@group-9461FA60FDFB-LeaderElection55: PRE_VOTE REJECTED received 0 response(s) and 2 exception(s):
2024-04-21 07:23:38,242 [6cf56e53-88cb-4022-bd56-d9b5c4d884ee@group-9461FA60FDFB-LeaderElection55] INFO  impl.LeaderElection (LogUtils.java:infoOrTrace(136)) -   Exception 0: java.util.concurrent.ExecutionException: org.apache.ratis.thirdparty.io.grpc.StatusRuntimeException: INTERNAL: 33d4fa9a-f1b5-45a2-9ce3-43c86fd82df2: group-9461FA60FDFB not found.
2024-04-21 07:23:38,242 [6cf56e53-88cb-4022-bd56-d9b5c4d884ee@group-9461FA60FDFB-LeaderElection55] INFO  impl.LeaderElection (LogUtils.java:infoOrTrace(136)) -   Exception 1: java.util.concurrent.ExecutionException: org.apache.ratis.thirdparty.io.grpc.StatusRuntimeException: INTERNAL: 9387e6e8-bf6d-4d10-9dc1-f1bd05fc02cf: group-9461FA60FDFB not found.
2024-04-21 07:23:38,242 [6cf56e53-88cb-4022-bd56-d9b5c4d884ee@group-9461FA60FDFB-LeaderElection55] INFO  impl.LeaderElection (LeaderElection.java:askForVotes(323)) - 6cf56e53-88cb-4022-bd56-d9b5c4d884ee@group-9461FA60FDFB-LeaderElection55 PRE_VOTE round 0: result REJECTED
2024-04-21 07:23:38,242 [6cf56e53-88cb-4022-bd56-d9b5c4d884ee@group-9461FA60FDFB-LeaderElection55] INFO  server.RaftServer$Division (RaftServerImpl.java:setRole(383)) - 6cf56e53-88cb-4022-bd56-d9b5c4d884ee@group-9461FA60FDFB: changes role from CANDIDATE to FOLLOWER at term 1 for REJECTED
2024-04-21 07:23:38,242 [6cf56e53-88cb-4022-bd56-d9b5c4d884ee@group-9461FA60FDFB-LeaderElection55] INFO  impl.RoleInfo (RoleInfo.java:shutdownLeaderElection(130)) - 6cf56e53-88cb-4022-bd56-d9b5c4d884ee: shutdown 6cf56e53-88cb-4022-bd56-d9b5c4d884ee@group-9461FA60FDFB-LeaderElection55
2024-04-21 07:23:38,242 [6cf56e53-88cb-4022-bd56-d9b5c4d884ee@group-9461FA60FDFB-LeaderElection55] INFO  impl.RoleInfo (RoleInfo.java:updateAndGet(139)) - 6cf56e53-88cb-4022-bd56-d9b5c4d884ee: start 6cf56e53-88cb-4022-bd56-d9b5c4d884ee@group-9461FA60FDFB-FollowerState
2024-04-21 07:23:38,540 [main] INFO  ozone.MiniOzoneClusterImpl (MiniOzoneClusterImpl.java:lambda$waitForClusterToBeReady$0(194)) - Waiting for nodes to be ready. Got 4 of 5 DN Heartbeats.
2024-04-21 07:23:38,540 [main] INFO  ozone.MiniOzoneClusterImpl (MiniOzoneClusterImpl.java:lambda$waitForClusterToBeReady$0(197)) - Cluster exits safe mode
2024-04-21 07:23:38,540 [main] INFO  ozone.MiniOzoneClusterImpl (MiniOzoneClusterImpl.java:lambda$waitForClusterToBeReady$0(199)) - SCM became leader
2024-04-21 07:23:39,541 [main] INFO  ozone.MiniOzoneClusterImpl (MiniOzoneClusterImpl.java:lambda$waitForClusterToBeReady$0(194)) - Waiting for nodes to be ready. Got 4 of 5 DN Heartbeats.
2024-04-21 07:23:39,541 [main] INFO  ozone.MiniOzoneClusterImpl (MiniOzoneClusterImpl.java:lambda$waitForClusterToBeReady$0(197)) - Cluster exits safe mode
2024-04-21 07:23:39,541 [main] INFO  ozone.MiniOzoneClusterImpl (MiniOzoneClusterImpl.java:lambda$waitForClusterToBeReady$0(199)) - SCM became leader
2024-04-21 07:23:40,542 [main] INFO  ozone.MiniOzoneClusterImpl (MiniOzoneClusterImpl.java:lambda$waitForClusterToBeReady$0(194)) - Waiting for nodes to be ready. Got 4 of 5 DN Heartbeats.
2024-04-21 07:23:40,542 [main] INFO  ozone.MiniOzoneClusterImpl (MiniOzoneClusterImpl.java:lambda$waitForClusterToBeReady$0(197)) - Cluster exits safe mode
2024-04-21 07:23:40,542 [main] INFO  ozone.MiniOzoneClusterImpl (MiniOzoneClusterImpl.java:lambda$waitForClusterToBeReady$0(199)) - SCM became leader
2024-04-21 07:23:41,542 [main] INFO  ozone.MiniOzoneClusterImpl (MiniOzoneClusterImpl.java:lambda$waitForClusterToBeReady$0(194)) - Waiting for nodes to be ready. Got 4 of 5 DN Heartbeats.
2024-04-21 07:23:41,543 [main] INFO  ozone.MiniOzoneClusterImpl (MiniOzoneClusterImpl.java:lambda$waitForClusterToBeReady$0(197)) - Cluster exits safe mode
2024-04-21 07:23:41,543 [main] INFO  ozone.MiniOzoneClusterImpl (MiniOzoneClusterImpl.java:lambda$waitForClusterToBeReady$0(199)) - SCM became leader
2024-04-21 07:23:42,543 [main] INFO  ozone.MiniOzoneClusterImpl (MiniOzoneClusterImpl.java:lambda$waitForClusterToBeReady$0(194)) - Waiting for nodes to be ready. Got 4 of 5 DN Heartbeats.
2024-04-21 07:23:42,543 [main] INFO  ozone.MiniOzoneClusterImpl (MiniOzoneClusterImpl.java:lambda$waitForClusterToBeReady$0(197)) - Cluster exits safe mode
2024-04-21 07:23:42,544 [main] INFO  ozone.MiniOzoneClusterImpl (MiniOzoneClusterImpl.java:lambda$waitForClusterToBeReady$0(199)) - SCM became leader
2024-04-21 07:23:43,357 [6cf56e53-88cb-4022-bd56-d9b5c4d884ee@group-9461FA60FDFB-FollowerState] INFO  impl.FollowerState (FollowerState.java:run(143)) - 6cf56e53-88cb-4022-bd56-d9b5c4d884ee@group-9461FA60FDFB-FollowerState: change to CANDIDATE, lastRpcElapsedTime:5114218131ns, electionTimeout:5114ms
2024-04-21 07:23:43,357 [6cf56e53-88cb-4022-bd56-d9b5c4d884ee@group-9461FA60FDFB-FollowerState] INFO  impl.RoleInfo (RoleInfo.java:shutdownFollowerState(110)) - 6cf56e53-88cb-4022-bd56-d9b5c4d884ee: shutdown 6cf56e53-88cb-4022-bd56-d9b5c4d884ee@group-9461FA60FDFB-FollowerState
2024-04-21 07:23:43,357 [6cf56e53-88cb-4022-bd56-d9b5c4d884ee@group-9461FA60FDFB-FollowerState] INFO  server.RaftServer$Division (RaftServerImpl.java:setRole(383)) - 6cf56e53-88cb-4022-bd56-d9b5c4d884ee@group-9461FA60FDFB: changes role from  FOLLOWER to CANDIDATE at term 1 for changeToCandidate
2024-04-21 07:23:43,357 [6cf56e53-88cb-4022-bd56-d9b5c4d884ee@group-9461FA60FDFB-FollowerState] INFO  server.RaftServerConfigKeys (ConfUtils.java:logGet(46)) - raft.server.leaderelection.pre-vote = true (default)
2024-04-21 07:23:43,357 [6cf56e53-88cb-4022-bd56-d9b5c4d884ee@group-9461FA60FDFB-FollowerState] INFO  impl.RoleInfo (RoleInfo.java:updateAndGet(139)) - 6cf56e53-88cb-4022-bd56-d9b5c4d884ee: start 6cf56e53-88cb-4022-bd56-d9b5c4d884ee@group-9461FA60FDFB-LeaderElection56
2024-04-21 07:23:43,361 [6cf56e53-88cb-4022-bd56-d9b5c4d884ee@group-9461FA60FDFB-LeaderElection56] INFO  impl.LeaderElection (LeaderElection.java:askForVotes(321)) - 6cf56e53-88cb-4022-bd56-d9b5c4d884ee@group-9461FA60FDFB-LeaderElection56 PRE_VOTE round 0: submit vote requests at term 1 for 0: peers:[6cf56e53-88cb-4022-bd56-d9b5c4d884ee|10.1.0.102:15138, 9387e6e8-bf6d-4d10-9dc1-f1bd05fc02cf|10.1.0.102:15120, 33d4fa9a-f1b5-45a2-9ce3-43c86fd82df2|10.1.0.102:15129]|listeners:[], old=null
2024-04-21 07:23:43,362 [grpc-default-executor-12] WARN  server.GrpcServerProtocolService (LogUtils.java:warn(123)) - 33d4fa9a-f1b5-45a2-9ce3-43c86fd82df2: Failed requestVote 6cf56e53-88cb-4022-bd56-d9b5c4d884ee->33d4fa9a-f1b5-45a2-9ce3-43c86fd82df2#0
org.apache.ratis.protocol.exceptions.GroupMismatchException: 33d4fa9a-f1b5-45a2-9ce3-43c86fd82df2: group-9461FA60FDFB not found.
	at org.apache.ratis.server.impl.RaftServerProxy$ImplMap.get(RaftServerProxy.java:154)
	at org.apache.ratis.server.impl.RaftServerProxy.getImplFuture(RaftServerProxy.java:364)
	at org.apache.ratis.server.impl.RaftServerProxy.getImpl(RaftServerProxy.java:373)
	at org.apache.ratis.server.impl.RaftServerProxy.getImpl(RaftServerProxy.java:368)
	at org.apache.ratis.server.impl.RaftServerProxy.requestVote(RaftServerProxy.java:632)
	at org.apache.ratis.grpc.server.GrpcServerProtocolService.requestVote(GrpcServerProtocolService.java:192)
	at org.apache.ratis.proto.grpc.RaftServerProtocolServiceGrpc$MethodHandlers.invoke(RaftServerProtocolServiceGrpc.java:428)
	at org.apache.ratis.thirdparty.io.grpc.stub.ServerCalls$UnaryServerCallHandler$UnaryServerCallListener.onHalfClose(ServerCalls.java:182)
	at org.apache.ratis.thirdparty.io.grpc.PartialForwardingServerCallListener.onHalfClose(PartialForwardingServerCallListener.java:35)
	at org.apache.ratis.thirdparty.io.grpc.ForwardingServerCallListener.onHalfClose(ForwardingServerCallListener.java:23)
	at org.apache.ratis.thirdparty.io.grpc.internal.ServerCallImpl$ServerStreamListenerImpl.halfClosed(ServerCallImpl.java:351)
	at org.apache.ratis.thirdparty.io.grpc.internal.ServerImpl$JumpToApplicationThreadServerStreamListener$1HalfClosed.runInContext(ServerImpl.java:860)
	at org.apache.ratis.thirdparty.io.grpc.internal.ContextRunnable.run(ContextRunnable.java:37)
	at org.apache.ratis.thirdparty.io.grpc.internal.SerializingExecutor.run(SerializingExecutor.java:133)
	at java.util.concurrent.ThreadPoolExecutor.runWorker(ThreadPoolExecutor.java:1149)
	at java.util.concurrent.ThreadPoolExecutor$Worker.run(ThreadPoolExecutor.java:624)
	at java.lang.Thread.run(Thread.java:750)
2024-04-21 07:23:43,362 [grpc-default-executor-11] WARN  server.GrpcServerProtocolService (LogUtils.java:warn(123)) - 9387e6e8-bf6d-4d10-9dc1-f1bd05fc02cf: Failed requestVote 6cf56e53-88cb-4022-bd56-d9b5c4d884ee->9387e6e8-bf6d-4d10-9dc1-f1bd05fc02cf#0
org.apache.ratis.protocol.exceptions.GroupMismatchException: 9387e6e8-bf6d-4d10-9dc1-f1bd05fc02cf: group-9461FA60FDFB not found.
	at org.apache.ratis.server.impl.RaftServerProxy$ImplMap.get(RaftServerProxy.java:154)
	at org.apache.ratis.server.impl.RaftServerProxy.getImplFuture(RaftServerProxy.java:364)
	at org.apache.ratis.server.impl.RaftServerProxy.getImpl(RaftServerProxy.java:373)
	at org.apache.ratis.server.impl.RaftServerProxy.getImpl(RaftServerProxy.java:368)
	at org.apache.ratis.server.impl.RaftServerProxy.requestVote(RaftServerProxy.java:632)
	at org.apache.ratis.grpc.server.GrpcServerProtocolService.requestVote(GrpcServerProtocolService.java:192)
	at org.apache.ratis.proto.grpc.RaftServerProtocolServiceGrpc$MethodHandlers.invoke(RaftServerProtocolServiceGrpc.java:428)
	at org.apache.ratis.thirdparty.io.grpc.stub.ServerCalls$UnaryServerCallHandler$UnaryServerCallListener.onHalfClose(ServerCalls.java:182)
	at org.apache.ratis.thirdparty.io.grpc.PartialForwardingServerCallListener.onHalfClose(PartialForwardingServerCallListener.java:35)
	at org.apache.ratis.thirdparty.io.grpc.ForwardingServerCallListener.onHalfClose(ForwardingServerCallListener.java:23)
	at org.apache.ratis.thirdparty.io.grpc.internal.ServerCallImpl$ServerStreamListenerImpl.halfClosed(ServerCallImpl.java:351)
	at org.apache.ratis.thirdparty.io.grpc.internal.ServerImpl$JumpToApplicationThreadServerStreamListener$1HalfClosed.runInContext(ServerImpl.java:860)
	at org.apache.ratis.thirdparty.io.grpc.internal.ContextRunnable.run(ContextRunnable.java:37)
	at org.apache.ratis.thirdparty.io.grpc.internal.SerializingExecutor.run(SerializingExecutor.java:133)
	at java.util.concurrent.ThreadPoolExecutor.runWorker(ThreadPoolExecutor.java:1149)
	at java.util.concurrent.ThreadPoolExecutor$Worker.run(ThreadPoolExecutor.java:624)
	at java.lang.Thread.run(Thread.java:750)
2024-04-21 07:23:43,363 [6cf56e53-88cb-4022-bd56-d9b5c4d884ee@group-9461FA60FDFB-LeaderElection56] INFO  impl.LeaderElection (LogUtils.java:infoOrTrace(136)) - 6cf56e53-88cb-4022-bd56-d9b5c4d884ee@group-9461FA60FDFB-LeaderElection56 got exception when requesting votes: java.util.concurrent.ExecutionException: org.apache.ratis.thirdparty.io.grpc.StatusRuntimeException: INTERNAL: 33d4fa9a-f1b5-45a2-9ce3-43c86fd82df2: group-9461FA60FDFB not found.
2024-04-21 07:23:43,363 [6cf56e53-88cb-4022-bd56-d9b5c4d884ee@group-9461FA60FDFB-LeaderElection56] INFO  impl.LeaderElection (LogUtils.java:infoOrTrace(136)) - 6cf56e53-88cb-4022-bd56-d9b5c4d884ee@group-9461FA60FDFB-LeaderElection56 got exception when requesting votes: java.util.concurrent.ExecutionException: org.apache.ratis.thirdparty.io.grpc.StatusRuntimeException: INTERNAL: 9387e6e8-bf6d-4d10-9dc1-f1bd05fc02cf: group-9461FA60FDFB not found.
2024-04-21 07:23:43,363 [6cf56e53-88cb-4022-bd56-d9b5c4d884ee@group-9461FA60FDFB-LeaderElection56] INFO  impl.LeaderElection (LeaderElection.java:logAndReturn(89)) - 6cf56e53-88cb-4022-bd56-d9b5c4d884ee@group-9461FA60FDFB-LeaderElection56: PRE_VOTE REJECTED received 0 response(s) and 2 exception(s):
2024-04-21 07:23:43,363 [6cf56e53-88cb-4022-bd56-d9b5c4d884ee@group-9461FA60FDFB-LeaderElection56] INFO  impl.LeaderElection (LogUtils.java:infoOrTrace(136)) -   Exception 0: java.util.concurrent.ExecutionException: org.apache.ratis.thirdparty.io.grpc.StatusRuntimeException: INTERNAL: 33d4fa9a-f1b5-45a2-9ce3-43c86fd82df2: group-9461FA60FDFB not found.
2024-04-21 07:23:43,364 [6cf56e53-88cb-4022-bd56-d9b5c4d884ee@group-9461FA60FDFB-LeaderElection56] INFO  impl.LeaderElection (LogUtils.java:infoOrTrace(136)) -   Exception 1: java.util.concurrent.ExecutionException: org.apache.ratis.thirdparty.io.grpc.StatusRuntimeException: INTERNAL: 9387e6e8-bf6d-4d10-9dc1-f1bd05fc02cf: group-9461FA60FDFB not found.
2024-04-21 07:23:43,364 [6cf56e53-88cb-4022-bd56-d9b5c4d884ee@group-9461FA60FDFB-LeaderElection56] INFO  impl.LeaderElection (LeaderElection.java:askForVotes(323)) - 6cf56e53-88cb-4022-bd56-d9b5c4d884ee@group-9461FA60FDFB-LeaderElection56 PRE_VOTE round 0: result REJECTED
2024-04-21 07:23:43,364 [6cf56e53-88cb-4022-bd56-d9b5c4d884ee@group-9461FA60FDFB-LeaderElection56] INFO  server.RaftServer$Division (RaftServerImpl.java:setRole(383)) - 6cf56e53-88cb-4022-bd56-d9b5c4d884ee@group-9461FA60FDFB: changes role from CANDIDATE to FOLLOWER at term 1 for REJECTED
2024-04-21 07:23:43,364 [6cf56e53-88cb-4022-bd56-d9b5c4d884ee@group-9461FA60FDFB-LeaderElection56] INFO  impl.RoleInfo (RoleInfo.java:shutdownLeaderElection(130)) - 6cf56e53-88cb-4022-bd56-d9b5c4d884ee: shutdown 6cf56e53-88cb-4022-bd56-d9b5c4d884ee@group-9461FA60FDFB-LeaderElection56
2024-04-21 07:23:43,364 [6cf56e53-88cb-4022-bd56-d9b5c4d884ee@group-9461FA60FDFB-LeaderElection56] INFO  impl.RoleInfo (RoleInfo.java:updateAndGet(139)) - 6cf56e53-88cb-4022-bd56-d9b5c4d884ee: start 6cf56e53-88cb-4022-bd56-d9b5c4d884ee@group-9461FA60FDFB-FollowerState
2024-04-21 07:23:43,544 [main] INFO  ozone.MiniOzoneClusterImpl (MiniOzoneClusterImpl.java:lambda$waitForClusterToBeReady$0(194)) - Waiting for nodes to be ready. Got 4 of 5 DN Heartbeats.
2024-04-21 07:23:43,544 [main] INFO  ozone.MiniOzoneClusterImpl (MiniOzoneClusterImpl.java:lambda$waitForClusterToBeReady$0(197)) - Cluster exits safe mode
2024-04-21 07:23:43,544 [main] INFO  ozone.MiniOzoneClusterImpl (MiniOzoneClusterImpl.java:lambda$waitForClusterToBeReady$0(199)) - SCM became leader
2024-04-21 07:23:44,545 [main] INFO  ozone.MiniOzoneClusterImpl (MiniOzoneClusterImpl.java:lambda$waitForClusterToBeReady$0(194)) - Waiting for nodes to be ready. Got 4 of 5 DN Heartbeats.
2024-04-21 07:23:44,545 [main] INFO  ozone.MiniOzoneClusterImpl (MiniOzoneClusterImpl.java:lambda$waitForClusterToBeReady$0(197)) - Cluster exits safe mode
2024-04-21 07:23:44,545 [main] INFO  ozone.MiniOzoneClusterImpl (MiniOzoneClusterImpl.java:lambda$waitForClusterToBeReady$0(199)) - SCM became leader
2024-04-21 07:23:45,545 [main] INFO  ozone.MiniOzoneClusterImpl (MiniOzoneClusterImpl.java:lambda$waitForClusterToBeReady$0(194)) - Waiting for nodes to be ready. Got 4 of 5 DN Heartbeats.
2024-04-21 07:23:45,546 [main] INFO  ozone.MiniOzoneClusterImpl (MiniOzoneClusterImpl.java:lambda$waitForClusterToBeReady$0(197)) - Cluster exits safe mode
2024-04-21 07:23:45,546 [main] INFO  ozone.MiniOzoneClusterImpl (MiniOzoneClusterImpl.java:lambda$waitForClusterToBeReady$0(199)) - SCM became leader
2024-04-21 07:23:46,546 [main] INFO  ozone.MiniOzoneClusterImpl (MiniOzoneClusterImpl.java:lambda$waitForClusterToBeReady$0(194)) - Waiting for nodes to be ready. Got 4 of 5 DN Heartbeats.
2024-04-21 07:23:46,547 [main] INFO  ozone.MiniOzoneClusterImpl (MiniOzoneClusterImpl.java:lambda$waitForClusterToBeReady$0(197)) - Cluster exits safe mode
2024-04-21 07:23:46,547 [main] INFO  ozone.MiniOzoneClusterImpl (MiniOzoneClusterImpl.java:lambda$waitForClusterToBeReady$0(199)) - SCM became leader
2024-04-21 07:23:47,547 [main] INFO  ozone.MiniOzoneClusterImpl (MiniOzoneClusterImpl.java:lambda$waitForClusterToBeReady$0(194)) - Waiting for nodes to be ready. Got 4 of 5 DN Heartbeats.
2024-04-21 07:23:47,547 [main] INFO  ozone.MiniOzoneClusterImpl (MiniOzoneClusterImpl.java:lambda$waitForClusterToBeReady$0(197)) - Cluster exits safe mode
2024-04-21 07:23:47,547 [main] INFO  ozone.MiniOzoneClusterImpl (MiniOzoneClusterImpl.java:lambda$waitForClusterToBeReady$0(199)) - SCM became leader
2024-04-21 07:23:48,484 [6cf56e53-88cb-4022-bd56-d9b5c4d884ee@group-9461FA60FDFB-FollowerState] INFO  impl.FollowerState (FollowerState.java:run(143)) - 6cf56e53-88cb-4022-bd56-d9b5c4d884ee@group-9461FA60FDFB-FollowerState: change to CANDIDATE, lastRpcElapsedTime:5120189385ns, electionTimeout:5120ms
2024-04-21 07:23:48,484 [6cf56e53-88cb-4022-bd56-d9b5c4d884ee@group-9461FA60FDFB-FollowerState] INFO  impl.RoleInfo (RoleInfo.java:shutdownFollowerState(110)) - 6cf56e53-88cb-4022-bd56-d9b5c4d884ee: shutdown 6cf56e53-88cb-4022-bd56-d9b5c4d884ee@group-9461FA60FDFB-FollowerState
2024-04-21 07:23:48,484 [6cf56e53-88cb-4022-bd56-d9b5c4d884ee@group-9461FA60FDFB-FollowerState] INFO  server.RaftServer$Division (RaftServerImpl.java:setRole(383)) - 6cf56e53-88cb-4022-bd56-d9b5c4d884ee@group-9461FA60FDFB: changes role from  FOLLOWER to CANDIDATE at term 1 for changeToCandidate
2024-04-21 07:23:48,484 [6cf56e53-88cb-4022-bd56-d9b5c4d884ee@group-9461FA60FDFB-FollowerState] INFO  server.RaftServerConfigKeys (ConfUtils.java:logGet(46)) - raft.server.leaderelection.pre-vote = true (default)
2024-04-21 07:23:48,484 [6cf56e53-88cb-4022-bd56-d9b5c4d884ee@group-9461FA60FDFB-FollowerState] INFO  impl.RoleInfo (RoleInfo.java:updateAndGet(139)) - 6cf56e53-88cb-4022-bd56-d9b5c4d884ee: start 6cf56e53-88cb-4022-bd56-d9b5c4d884ee@group-9461FA60FDFB-LeaderElection57
2024-04-21 07:23:48,486 [6cf56e53-88cb-4022-bd56-d9b5c4d884ee@group-9461FA60FDFB-LeaderElection57] INFO  impl.LeaderElection (LeaderElection.java:askForVotes(321)) - 6cf56e53-88cb-4022-bd56-d9b5c4d884ee@group-9461FA60FDFB-LeaderElection57 PRE_VOTE round 0: submit vote requests at term 1 for 0: peers:[6cf56e53-88cb-4022-bd56-d9b5c4d884ee|10.1.0.102:15138, 9387e6e8-bf6d-4d10-9dc1-f1bd05fc02cf|10.1.0.102:15120, 33d4fa9a-f1b5-45a2-9ce3-43c86fd82df2|10.1.0.102:15129]|listeners:[], old=null
2024-04-21 07:23:48,487 [grpc-default-executor-11] WARN  server.GrpcServerProtocolService (LogUtils.java:warn(123)) - 9387e6e8-bf6d-4d10-9dc1-f1bd05fc02cf: Failed requestVote 6cf56e53-88cb-4022-bd56-d9b5c4d884ee->9387e6e8-bf6d-4d10-9dc1-f1bd05fc02cf#0
org.apache.ratis.protocol.exceptions.GroupMismatchException: 9387e6e8-bf6d-4d10-9dc1-f1bd05fc02cf: group-9461FA60FDFB not found.
	at org.apache.ratis.server.impl.RaftServerProxy$ImplMap.get(RaftServerProxy.java:154)
	at org.apache.ratis.server.impl.RaftServerProxy.getImplFuture(RaftServerProxy.java:364)
	at org.apache.ratis.server.impl.RaftServerProxy.getImpl(RaftServerProxy.java:373)
	at org.apache.ratis.server.impl.RaftServerProxy.getImpl(RaftServerProxy.java:368)
	at org.apache.ratis.server.impl.RaftServerProxy.requestVote(RaftServerProxy.java:632)
	at org.apache.ratis.grpc.server.GrpcServerProtocolService.requestVote(GrpcServerProtocolService.java:192)
	at org.apache.ratis.proto.grpc.RaftServerProtocolServiceGrpc$MethodHandlers.invoke(RaftServerProtocolServiceGrpc.java:428)
	at org.apache.ratis.thirdparty.io.grpc.stub.ServerCalls$UnaryServerCallHandler$UnaryServerCallListener.onHalfClose(ServerCalls.java:182)
	at org.apache.ratis.thirdparty.io.grpc.PartialForwardingServerCallListener.onHalfClose(PartialForwardingServerCallListener.java:35)
	at org.apache.ratis.thirdparty.io.grpc.ForwardingServerCallListener.onHalfClose(ForwardingServerCallListener.java:23)
	at org.apache.ratis.thirdparty.io.grpc.internal.ServerCallImpl$ServerStreamListenerImpl.halfClosed(ServerCallImpl.java:351)
	at org.apache.ratis.thirdparty.io.grpc.internal.ServerImpl$JumpToApplicationThreadServerStreamListener$1HalfClosed.runInContext(ServerImpl.java:860)
	at org.apache.ratis.thirdparty.io.grpc.internal.ContextRunnable.run(ContextRunnable.java:37)
	at org.apache.ratis.thirdparty.io.grpc.internal.SerializingExecutor.run(SerializingExecutor.java:133)
	at java.util.concurrent.ThreadPoolExecutor.runWorker(ThreadPoolExecutor.java:1149)
	at java.util.concurrent.ThreadPoolExecutor$Worker.run(ThreadPoolExecutor.java:624)
	at java.lang.Thread.run(Thread.java:750)
2024-04-21 07:23:48,487 [grpc-default-executor-12] WARN  server.GrpcServerProtocolService (LogUtils.java:warn(123)) - 33d4fa9a-f1b5-45a2-9ce3-43c86fd82df2: Failed requestVote 6cf56e53-88cb-4022-bd56-d9b5c4d884ee->33d4fa9a-f1b5-45a2-9ce3-43c86fd82df2#0
org.apache.ratis.protocol.exceptions.GroupMismatchException: 33d4fa9a-f1b5-45a2-9ce3-43c86fd82df2: group-9461FA60FDFB not found.
	at org.apache.ratis.server.impl.RaftServerProxy$ImplMap.get(RaftServerProxy.java:154)
	at org.apache.ratis.server.impl.RaftServerProxy.getImplFuture(RaftServerProxy.java:364)
	at org.apache.ratis.server.impl.RaftServerProxy.getImpl(RaftServerProxy.java:373)
	at org.apache.ratis.server.impl.RaftServerProxy.getImpl(RaftServerProxy.java:368)
	at org.apache.ratis.server.impl.RaftServerProxy.requestVote(RaftServerProxy.java:632)
	at org.apache.ratis.grpc.server.GrpcServerProtocolService.requestVote(GrpcServerProtocolService.java:192)
	at org.apache.ratis.proto.grpc.RaftServerProtocolServiceGrpc$MethodHandlers.invoke(RaftServerProtocolServiceGrpc.java:428)
	at org.apache.ratis.thirdparty.io.grpc.stub.ServerCalls$UnaryServerCallHandler$UnaryServerCallListener.onHalfClose(ServerCalls.java:182)
	at org.apache.ratis.thirdparty.io.grpc.PartialForwardingServerCallListener.onHalfClose(PartialForwardingServerCallListener.java:35)
	at org.apache.ratis.thirdparty.io.grpc.ForwardingServerCallListener.onHalfClose(ForwardingServerCallListener.java:23)
	at org.apache.ratis.thirdparty.io.grpc.internal.ServerCallImpl$ServerStreamListenerImpl.halfClosed(ServerCallImpl.java:351)
	at org.apache.ratis.thirdparty.io.grpc.internal.ServerImpl$JumpToApplicationThreadServerStreamListener$1HalfClosed.runInContext(ServerImpl.java:860)
	at org.apache.ratis.thirdparty.io.grpc.internal.ContextRunnable.run(ContextRunnable.java:37)
	at org.apache.ratis.thirdparty.io.grpc.internal.SerializingExecutor.run(SerializingExecutor.java:133)
	at java.util.concurrent.ThreadPoolExecutor.runWorker(ThreadPoolExecutor.java:1149)
	at java.util.concurrent.ThreadPoolExecutor$Worker.run(ThreadPoolExecutor.java:624)
	at java.lang.Thread.run(Thread.java:750)
2024-04-21 07:23:48,489 [6cf56e53-88cb-4022-bd56-d9b5c4d884ee@group-9461FA60FDFB-LeaderElection57] INFO  impl.LeaderElection (LogUtils.java:infoOrTrace(136)) - 6cf56e53-88cb-4022-bd56-d9b5c4d884ee@group-9461FA60FDFB-LeaderElection57 got exception when requesting votes: java.util.concurrent.ExecutionException: org.apache.ratis.thirdparty.io.grpc.StatusRuntimeException: INTERNAL: 9387e6e8-bf6d-4d10-9dc1-f1bd05fc02cf: group-9461FA60FDFB not found.
2024-04-21 07:23:48,489 [6cf56e53-88cb-4022-bd56-d9b5c4d884ee@group-9461FA60FDFB-LeaderElection57] INFO  impl.LeaderElection (LogUtils.java:infoOrTrace(136)) - 6cf56e53-88cb-4022-bd56-d9b5c4d884ee@group-9461FA60FDFB-LeaderElection57 got exception when requesting votes: java.util.concurrent.ExecutionException: org.apache.ratis.thirdparty.io.grpc.StatusRuntimeException: INTERNAL: 33d4fa9a-f1b5-45a2-9ce3-43c86fd82df2: group-9461FA60FDFB not found.
2024-04-21 07:23:48,489 [6cf56e53-88cb-4022-bd56-d9b5c4d884ee@group-9461FA60FDFB-LeaderElection57] INFO  impl.LeaderElection (LeaderElection.java:logAndReturn(89)) - 6cf56e53-88cb-4022-bd56-d9b5c4d884ee@group-9461FA60FDFB-LeaderElection57: PRE_VOTE REJECTED received 0 response(s) and 2 exception(s):
2024-04-21 07:23:48,489 [6cf56e53-88cb-4022-bd56-d9b5c4d884ee@group-9461FA60FDFB-LeaderElection57] INFO  impl.LeaderElection (LogUtils.java:infoOrTrace(136)) -   Exception 0: java.util.concurrent.ExecutionException: org.apache.ratis.thirdparty.io.grpc.StatusRuntimeException: INTERNAL: 9387e6e8-bf6d-4d10-9dc1-f1bd05fc02cf: group-9461FA60FDFB not found.
2024-04-21 07:23:48,489 [6cf56e53-88cb-4022-bd56-d9b5c4d884ee@group-9461FA60FDFB-LeaderElection57] INFO  impl.LeaderElection (LogUtils.java:infoOrTrace(136)) -   Exception 1: java.util.concurrent.ExecutionException: org.apache.ratis.thirdparty.io.grpc.StatusRuntimeException: INTERNAL: 33d4fa9a-f1b5-45a2-9ce3-43c86fd82df2: group-9461FA60FDFB not found.
2024-04-21 07:23:48,489 [6cf56e53-88cb-4022-bd56-d9b5c4d884ee@group-9461FA60FDFB-LeaderElection57] INFO  impl.LeaderElection (LeaderElection.java:askForVotes(323)) - 6cf56e53-88cb-4022-bd56-d9b5c4d884ee@group-9461FA60FDFB-LeaderElection57 PRE_VOTE round 0: result REJECTED
2024-04-21 07:23:48,489 [6cf56e53-88cb-4022-bd56-d9b5c4d884ee@group-9461FA60FDFB-LeaderElection57] INFO  server.RaftServer$Division (RaftServerImpl.java:setRole(383)) - 6cf56e53-88cb-4022-bd56-d9b5c4d884ee@group-9461FA60FDFB: changes role from CANDIDATE to FOLLOWER at term 1 for REJECTED
2024-04-21 07:23:48,489 [6cf56e53-88cb-4022-bd56-d9b5c4d884ee@group-9461FA60FDFB-LeaderElection57] INFO  impl.RoleInfo (RoleInfo.java:shutdownLeaderElection(130)) - 6cf56e53-88cb-4022-bd56-d9b5c4d884ee: shutdown 6cf56e53-88cb-4022-bd56-d9b5c4d884ee@group-9461FA60FDFB-LeaderElection57
2024-04-21 07:23:48,489 [6cf56e53-88cb-4022-bd56-d9b5c4d884ee@group-9461FA60FDFB-LeaderElection57] INFO  impl.RoleInfo (RoleInfo.java:updateAndGet(139)) - 6cf56e53-88cb-4022-bd56-d9b5c4d884ee: start 6cf56e53-88cb-4022-bd56-d9b5c4d884ee@group-9461FA60FDFB-FollowerState
2024-04-21 07:23:48,548 [main] INFO  ozone.MiniOzoneClusterImpl (MiniOzoneClusterImpl.java:lambda$waitForClusterToBeReady$0(194)) - Waiting for nodes to be ready. Got 4 of 5 DN Heartbeats.
2024-04-21 07:23:48,548 [main] INFO  ozone.MiniOzoneClusterImpl (MiniOzoneClusterImpl.java:lambda$waitForClusterToBeReady$0(197)) - Cluster exits safe mode
2024-04-21 07:23:48,548 [main] INFO  ozone.MiniOzoneClusterImpl (MiniOzoneClusterImpl.java:lambda$waitForClusterToBeReady$0(199)) - SCM became leader
2024-04-21 07:23:49,548 [main] INFO  ozone.MiniOzoneClusterImpl (MiniOzoneClusterImpl.java:lambda$waitForClusterToBeReady$0(194)) - Waiting for nodes to be ready. Got 4 of 5 DN Heartbeats.
2024-04-21 07:23:49,549 [main] INFO  ozone.MiniOzoneClusterImpl (MiniOzoneClusterImpl.java:lambda$waitForClusterToBeReady$0(197)) - Cluster exits safe mode
2024-04-21 07:23:49,549 [main] INFO  ozone.MiniOzoneClusterImpl (MiniOzoneClusterImpl.java:lambda$waitForClusterToBeReady$0(199)) - SCM became leader
2024-04-21 07:23:50,549 [main] INFO  ozone.MiniOzoneClusterImpl (MiniOzoneClusterImpl.java:lambda$waitForClusterToBeReady$0(194)) - Waiting for nodes to be ready. Got 4 of 5 DN Heartbeats.
2024-04-21 07:23:50,549 [main] INFO  ozone.MiniOzoneClusterImpl (MiniOzoneClusterImpl.java:lambda$waitForClusterToBeReady$0(197)) - Cluster exits safe mode
2024-04-21 07:23:50,550 [main] INFO  ozone.MiniOzoneClusterImpl (MiniOzoneClusterImpl.java:lambda$waitForClusterToBeReady$0(199)) - SCM became leader
2024-04-21 07:23:51,550 [main] INFO  ozone.MiniOzoneClusterImpl (MiniOzoneClusterImpl.java:lambda$waitForClusterToBeReady$0(194)) - Waiting for nodes to be ready. Got 4 of 5 DN Heartbeats.
2024-04-21 07:23:51,550 [main] INFO  ozone.MiniOzoneClusterImpl (MiniOzoneClusterImpl.java:lambda$waitForClusterToBeReady$0(197)) - Cluster exits safe mode
2024-04-21 07:23:51,550 [main] INFO  ozone.MiniOzoneClusterImpl (MiniOzoneClusterImpl.java:lambda$waitForClusterToBeReady$0(199)) - SCM became leader
2024-04-21 07:23:52,551 [main] INFO  ozone.MiniOzoneClusterImpl (MiniOzoneClusterImpl.java:lambda$waitForClusterToBeReady$0(194)) - Waiting for nodes to be ready. Got 4 of 5 DN Heartbeats.
2024-04-21 07:23:52,551 [main] INFO  ozone.MiniOzoneClusterImpl (MiniOzoneClusterImpl.java:lambda$waitForClusterToBeReady$0(197)) - Cluster exits safe mode
2024-04-21 07:23:52,551 [main] INFO  ozone.MiniOzoneClusterImpl (MiniOzoneClusterImpl.java:lambda$waitForClusterToBeReady$0(199)) - SCM became leader
2024-04-21 07:23:53,551 [main] INFO  ozone.MiniOzoneClusterImpl (MiniOzoneClusterImpl.java:lambda$waitForClusterToBeReady$0(194)) - Waiting for nodes to be ready. Got 4 of 5 DN Heartbeats.
2024-04-21 07:23:53,552 [main] INFO  ozone.MiniOzoneClusterImpl (MiniOzoneClusterImpl.java:lambda$waitForClusterToBeReady$0(197)) - Cluster exits safe mode
2024-04-21 07:23:53,552 [main] INFO  ozone.MiniOzoneClusterImpl (MiniOzoneClusterImpl.java:lambda$waitForClusterToBeReady$0(199)) - SCM became leader
2024-04-21 07:23:53,686 [6cf56e53-88cb-4022-bd56-d9b5c4d884ee@group-9461FA60FDFB-FollowerState] INFO  impl.FollowerState (FollowerState.java:run(143)) - 6cf56e53-88cb-4022-bd56-d9b5c4d884ee@group-9461FA60FDFB-FollowerState: change to CANDIDATE, lastRpcElapsedTime:5196222498ns, electionTimeout:5196ms
2024-04-21 07:23:53,686 [6cf56e53-88cb-4022-bd56-d9b5c4d884ee@group-9461FA60FDFB-FollowerState] INFO  impl.RoleInfo (RoleInfo.java:shutdownFollowerState(110)) - 6cf56e53-88cb-4022-bd56-d9b5c4d884ee: shutdown 6cf56e53-88cb-4022-bd56-d9b5c4d884ee@group-9461FA60FDFB-FollowerState
2024-04-21 07:23:53,686 [6cf56e53-88cb-4022-bd56-d9b5c4d884ee@group-9461FA60FDFB-FollowerState] INFO  server.RaftServer$Division (RaftServerImpl.java:setRole(383)) - 6cf56e53-88cb-4022-bd56-d9b5c4d884ee@group-9461FA60FDFB: changes role from  FOLLOWER to CANDIDATE at term 1 for changeToCandidate
2024-04-21 07:23:53,686 [6cf56e53-88cb-4022-bd56-d9b5c4d884ee@group-9461FA60FDFB-FollowerState] INFO  server.RaftServerConfigKeys (ConfUtils.java:logGet(46)) - raft.server.leaderelection.pre-vote = true (default)
2024-04-21 07:23:53,686 [6cf56e53-88cb-4022-bd56-d9b5c4d884ee@group-9461FA60FDFB-FollowerState] INFO  impl.RoleInfo (RoleInfo.java:updateAndGet(139)) - 6cf56e53-88cb-4022-bd56-d9b5c4d884ee: start 6cf56e53-88cb-4022-bd56-d9b5c4d884ee@group-9461FA60FDFB-LeaderElection58
2024-04-21 07:23:53,687 [6cf56e53-88cb-4022-bd56-d9b5c4d884ee@group-9461FA60FDFB-LeaderElection58] INFO  impl.LeaderElection (LeaderElection.java:askForVotes(321)) - 6cf56e53-88cb-4022-bd56-d9b5c4d884ee@group-9461FA60FDFB-LeaderElection58 PRE_VOTE round 0: submit vote requests at term 1 for 0: peers:[6cf56e53-88cb-4022-bd56-d9b5c4d884ee|10.1.0.102:15138, 9387e6e8-bf6d-4d10-9dc1-f1bd05fc02cf|10.1.0.102:15120, 33d4fa9a-f1b5-45a2-9ce3-43c86fd82df2|10.1.0.102:15129]|listeners:[], old=null
2024-04-21 07:23:53,689 [grpc-default-executor-11] WARN  server.GrpcServerProtocolService (LogUtils.java:warn(123)) - 9387e6e8-bf6d-4d10-9dc1-f1bd05fc02cf: Failed requestVote 6cf56e53-88cb-4022-bd56-d9b5c4d884ee->9387e6e8-bf6d-4d10-9dc1-f1bd05fc02cf#0
org.apache.ratis.protocol.exceptions.GroupMismatchException: 9387e6e8-bf6d-4d10-9dc1-f1bd05fc02cf: group-9461FA60FDFB not found.
	at org.apache.ratis.server.impl.RaftServerProxy$ImplMap.get(RaftServerProxy.java:154)
	at org.apache.ratis.server.impl.RaftServerProxy.getImplFuture(RaftServerProxy.java:364)
	at org.apache.ratis.server.impl.RaftServerProxy.getImpl(RaftServerProxy.java:373)
	at org.apache.ratis.server.impl.RaftServerProxy.getImpl(RaftServerProxy.java:368)
	at org.apache.ratis.server.impl.RaftServerProxy.requestVote(RaftServerProxy.java:632)
	at org.apache.ratis.grpc.server.GrpcServerProtocolService.requestVote(GrpcServerProtocolService.java:192)
	at org.apache.ratis.proto.grpc.RaftServerProtocolServiceGrpc$MethodHandlers.invoke(RaftServerProtocolServiceGrpc.java:428)
	at org.apache.ratis.thirdparty.io.grpc.stub.ServerCalls$UnaryServerCallHandler$UnaryServerCallListener.onHalfClose(ServerCalls.java:182)
	at org.apache.ratis.thirdparty.io.grpc.PartialForwardingServerCallListener.onHalfClose(PartialForwardingServerCallListener.java:35)
	at org.apache.ratis.thirdparty.io.grpc.ForwardingServerCallListener.onHalfClose(ForwardingServerCallListener.java:23)
	at org.apache.ratis.thirdparty.io.grpc.internal.ServerCallImpl$ServerStreamListenerImpl.halfClosed(ServerCallImpl.java:351)
	at org.apache.ratis.thirdparty.io.grpc.internal.ServerImpl$JumpToApplicationThreadServerStreamListener$1HalfClosed.runInContext(ServerImpl.java:860)
	at org.apache.ratis.thirdparty.io.grpc.internal.ContextRunnable.run(ContextRunnable.java:37)
	at org.apache.ratis.thirdparty.io.grpc.internal.SerializingExecutor.run(SerializingExecutor.java:133)
	at java.util.concurrent.ThreadPoolExecutor.runWorker(ThreadPoolExecutor.java:1149)
	at java.util.concurrent.ThreadPoolExecutor$Worker.run(ThreadPoolExecutor.java:624)
	at java.lang.Thread.run(Thread.java:750)
2024-04-21 07:23:53,689 [grpc-default-executor-12] WARN  server.GrpcServerProtocolService (LogUtils.java:warn(123)) - 33d4fa9a-f1b5-45a2-9ce3-43c86fd82df2: Failed requestVote 6cf56e53-88cb-4022-bd56-d9b5c4d884ee->33d4fa9a-f1b5-45a2-9ce3-43c86fd82df2#0
org.apache.ratis.protocol.exceptions.GroupMismatchException: 33d4fa9a-f1b5-45a2-9ce3-43c86fd82df2: group-9461FA60FDFB not found.
	at org.apache.ratis.server.impl.RaftServerProxy$ImplMap.get(RaftServerProxy.java:154)
	at org.apache.ratis.server.impl.RaftServerProxy.getImplFuture(RaftServerProxy.java:364)
	at org.apache.ratis.server.impl.RaftServerProxy.getImpl(RaftServerProxy.java:373)
	at org.apache.ratis.server.impl.RaftServerProxy.getImpl(RaftServerProxy.java:368)
	at org.apache.ratis.server.impl.RaftServerProxy.requestVote(RaftServerProxy.java:632)
	at org.apache.ratis.grpc.server.GrpcServerProtocolService.requestVote(GrpcServerProtocolService.java:192)
	at org.apache.ratis.proto.grpc.RaftServerProtocolServiceGrpc$MethodHandlers.invoke(RaftServerProtocolServiceGrpc.java:428)
	at org.apache.ratis.thirdparty.io.grpc.stub.ServerCalls$UnaryServerCallHandler$UnaryServerCallListener.onHalfClose(ServerCalls.java:182)
	at org.apache.ratis.thirdparty.io.grpc.PartialForwardingServerCallListener.onHalfClose(PartialForwardingServerCallListener.java:35)
	at org.apache.ratis.thirdparty.io.grpc.ForwardingServerCallListener.onHalfClose(ForwardingServerCallListener.java:23)
	at org.apache.ratis.thirdparty.io.grpc.internal.ServerCallImpl$ServerStreamListenerImpl.halfClosed(ServerCallImpl.java:351)
	at org.apache.ratis.thirdparty.io.grpc.internal.ServerImpl$JumpToApplicationThreadServerStreamListener$1HalfClosed.runInContext(ServerImpl.java:860)
	at org.apache.ratis.thirdparty.io.grpc.internal.ContextRunnable.run(ContextRunnable.java:37)
	at org.apache.ratis.thirdparty.io.grpc.internal.SerializingExecutor.run(SerializingExecutor.java:133)
	at java.util.concurrent.ThreadPoolExecutor.runWorker(ThreadPoolExecutor.java:1149)
	at java.util.concurrent.ThreadPoolExecutor$Worker.run(ThreadPoolExecutor.java:624)
	at java.lang.Thread.run(Thread.java:750)
2024-04-21 07:23:53,693 [6cf56e53-88cb-4022-bd56-d9b5c4d884ee@group-9461FA60FDFB-LeaderElection58] INFO  impl.LeaderElection (LogUtils.java:infoOrTrace(136)) - 6cf56e53-88cb-4022-bd56-d9b5c4d884ee@group-9461FA60FDFB-LeaderElection58 got exception when requesting votes: java.util.concurrent.ExecutionException: org.apache.ratis.thirdparty.io.grpc.StatusRuntimeException: INTERNAL: 9387e6e8-bf6d-4d10-9dc1-f1bd05fc02cf: group-9461FA60FDFB not found.
2024-04-21 07:23:53,693 [6cf56e53-88cb-4022-bd56-d9b5c4d884ee@group-9461FA60FDFB-LeaderElection58] INFO  impl.LeaderElection (LogUtils.java:infoOrTrace(136)) - 6cf56e53-88cb-4022-bd56-d9b5c4d884ee@group-9461FA60FDFB-LeaderElection58 got exception when requesting votes: java.util.concurrent.ExecutionException: org.apache.ratis.thirdparty.io.grpc.StatusRuntimeException: INTERNAL: 33d4fa9a-f1b5-45a2-9ce3-43c86fd82df2: group-9461FA60FDFB not found.
2024-04-21 07:23:53,693 [6cf56e53-88cb-4022-bd56-d9b5c4d884ee@group-9461FA60FDFB-LeaderElection58] INFO  impl.LeaderElection (LeaderElection.java:logAndReturn(89)) - 6cf56e53-88cb-4022-bd56-d9b5c4d884ee@group-9461FA60FDFB-LeaderElection58: PRE_VOTE REJECTED received 0 response(s) and 2 exception(s):
2024-04-21 07:23:53,693 [6cf56e53-88cb-4022-bd56-d9b5c4d884ee@group-9461FA60FDFB-LeaderElection58] INFO  impl.LeaderElection (LogUtils.java:infoOrTrace(136)) -   Exception 0: java.util.concurrent.ExecutionException: org.apache.ratis.thirdparty.io.grpc.StatusRuntimeException: INTERNAL: 9387e6e8-bf6d-4d10-9dc1-f1bd05fc02cf: group-9461FA60FDFB not found.
2024-04-21 07:23:53,693 [6cf56e53-88cb-4022-bd56-d9b5c4d884ee@group-9461FA60FDFB-LeaderElection58] INFO  impl.LeaderElection (LogUtils.java:infoOrTrace(136)) -   Exception 1: java.util.concurrent.ExecutionException: org.apache.ratis.thirdparty.io.grpc.StatusRuntimeException: INTERNAL: 33d4fa9a-f1b5-45a2-9ce3-43c86fd82df2: group-9461FA60FDFB not found.
2024-04-21 07:23:53,693 [6cf56e53-88cb-4022-bd56-d9b5c4d884ee@group-9461FA60FDFB-LeaderElection58] INFO  impl.LeaderElection (LeaderElection.java:askForVotes(323)) - 6cf56e53-88cb-4022-bd56-d9b5c4d884ee@group-9461FA60FDFB-LeaderElection58 PRE_VOTE round 0: result REJECTED
2024-04-21 07:23:53,693 [6cf56e53-88cb-4022-bd56-d9b5c4d884ee@group-9461FA60FDFB-LeaderElection58] INFO  server.RaftServer$Division (RaftServerImpl.java:setRole(383)) - 6cf56e53-88cb-4022-bd56-d9b5c4d884ee@group-9461FA60FDFB: changes role from CANDIDATE to FOLLOWER at term 1 for REJECTED
2024-04-21 07:23:53,693 [6cf56e53-88cb-4022-bd56-d9b5c4d884ee@group-9461FA60FDFB-LeaderElection58] INFO  impl.RoleInfo (RoleInfo.java:shutdownLeaderElection(130)) - 6cf56e53-88cb-4022-bd56-d9b5c4d884ee: shutdown 6cf56e53-88cb-4022-bd56-d9b5c4d884ee@group-9461FA60FDFB-LeaderElection58
2024-04-21 07:23:53,693 [6cf56e53-88cb-4022-bd56-d9b5c4d884ee@group-9461FA60FDFB-LeaderElection58] INFO  impl.RoleInfo (RoleInfo.java:updateAndGet(139)) - 6cf56e53-88cb-4022-bd56-d9b5c4d884ee: start 6cf56e53-88cb-4022-bd56-d9b5c4d884ee@group-9461FA60FDFB-FollowerState
2024-04-21 07:23:54,552 [main] INFO  ozone.MiniOzoneClusterImpl (MiniOzoneClusterImpl.java:lambda$waitForClusterToBeReady$0(194)) - Waiting for nodes to be ready. Got 4 of 5 DN Heartbeats.
2024-04-21 07:23:54,553 [main] INFO  ozone.MiniOzoneClusterImpl (MiniOzoneClusterImpl.java:lambda$waitForClusterToBeReady$0(197)) - Cluster exits safe mode
2024-04-21 07:23:54,553 [main] INFO  ozone.MiniOzoneClusterImpl (MiniOzoneClusterImpl.java:lambda$waitForClusterToBeReady$0(199)) - SCM became leader
2024-04-21 07:23:55,553 [main] INFO  ozone.MiniOzoneClusterImpl (MiniOzoneClusterImpl.java:lambda$waitForClusterToBeReady$0(194)) - Waiting for nodes to be ready. Got 4 of 5 DN Heartbeats.
2024-04-21 07:23:55,553 [main] INFO  ozone.MiniOzoneClusterImpl (MiniOzoneClusterImpl.java:lambda$waitForClusterToBeReady$0(197)) - Cluster exits safe mode
2024-04-21 07:23:55,554 [main] INFO  ozone.MiniOzoneClusterImpl (MiniOzoneClusterImpl.java:lambda$waitForClusterToBeReady$0(199)) - SCM became leader
2024-04-21 07:23:56,554 [main] INFO  ozone.MiniOzoneClusterImpl (MiniOzoneClusterImpl.java:lambda$waitForClusterToBeReady$0(194)) - Waiting for nodes to be ready. Got 4 of 5 DN Heartbeats.
2024-04-21 07:23:56,554 [main] INFO  ozone.MiniOzoneClusterImpl (MiniOzoneClusterImpl.java:lambda$waitForClusterToBeReady$0(197)) - Cluster exits safe mode
2024-04-21 07:23:56,554 [main] INFO  ozone.MiniOzoneClusterImpl (MiniOzoneClusterImpl.java:lambda$waitForClusterToBeReady$0(199)) - SCM became leader
2024-04-21 07:23:57,555 [main] INFO  ozone.MiniOzoneClusterImpl (MiniOzoneClusterImpl.java:lambda$waitForClusterToBeReady$0(194)) - Waiting for nodes to be ready. Got 4 of 5 DN Heartbeats.
2024-04-21 07:23:57,555 [main] INFO  ozone.MiniOzoneClusterImpl (MiniOzoneClusterImpl.java:lambda$waitForClusterToBeReady$0(197)) - Cluster exits safe mode
2024-04-21 07:23:57,555 [main] INFO  ozone.MiniOzoneClusterImpl (MiniOzoneClusterImpl.java:lambda$waitForClusterToBeReady$0(199)) - SCM became leader
2024-04-21 07:23:58,555 [main] INFO  ozone.MiniOzoneClusterImpl (MiniOzoneClusterImpl.java:lambda$waitForClusterToBeReady$0(194)) - Waiting for nodes to be ready. Got 4 of 5 DN Heartbeats.
2024-04-21 07:23:58,556 [main] INFO  ozone.MiniOzoneClusterImpl (MiniOzoneClusterImpl.java:lambda$waitForClusterToBeReady$0(197)) - Cluster exits safe mode
2024-04-21 07:23:58,556 [main] INFO  ozone.MiniOzoneClusterImpl (MiniOzoneClusterImpl.java:lambda$waitForClusterToBeReady$0(199)) - SCM became leader
2024-04-21 07:23:58,771 [6cf56e53-88cb-4022-bd56-d9b5c4d884ee@group-9461FA60FDFB-FollowerState] INFO  impl.FollowerState (FollowerState.java:run(143)) - 6cf56e53-88cb-4022-bd56-d9b5c4d884ee@group-9461FA60FDFB-FollowerState: change to CANDIDATE, lastRpcElapsedTime:5077295516ns, electionTimeout:5077ms
2024-04-21 07:23:58,771 [6cf56e53-88cb-4022-bd56-d9b5c4d884ee@group-9461FA60FDFB-FollowerState] INFO  impl.RoleInfo (RoleInfo.java:shutdownFollowerState(110)) - 6cf56e53-88cb-4022-bd56-d9b5c4d884ee: shutdown 6cf56e53-88cb-4022-bd56-d9b5c4d884ee@group-9461FA60FDFB-FollowerState
2024-04-21 07:23:58,771 [6cf56e53-88cb-4022-bd56-d9b5c4d884ee@group-9461FA60FDFB-FollowerState] INFO  server.RaftServer$Division (RaftServerImpl.java:setRole(383)) - 6cf56e53-88cb-4022-bd56-d9b5c4d884ee@group-9461FA60FDFB: changes role from  FOLLOWER to CANDIDATE at term 1 for changeToCandidate
2024-04-21 07:23:58,771 [6cf56e53-88cb-4022-bd56-d9b5c4d884ee@group-9461FA60FDFB-FollowerState] INFO  server.RaftServerConfigKeys (ConfUtils.java:logGet(46)) - raft.server.leaderelection.pre-vote = true (default)
2024-04-21 07:23:58,771 [6cf56e53-88cb-4022-bd56-d9b5c4d884ee@group-9461FA60FDFB-FollowerState] INFO  impl.RoleInfo (RoleInfo.java:updateAndGet(139)) - 6cf56e53-88cb-4022-bd56-d9b5c4d884ee: start 6cf56e53-88cb-4022-bd56-d9b5c4d884ee@group-9461FA60FDFB-LeaderElection59
2024-04-21 07:23:58,772 [6cf56e53-88cb-4022-bd56-d9b5c4d884ee@group-9461FA60FDFB-LeaderElection59] INFO  impl.LeaderElection (LeaderElection.java:askForVotes(321)) - 6cf56e53-88cb-4022-bd56-d9b5c4d884ee@group-9461FA60FDFB-LeaderElection59 PRE_VOTE round 0: submit vote requests at term 1 for 0: peers:[6cf56e53-88cb-4022-bd56-d9b5c4d884ee|10.1.0.102:15138, 9387e6e8-bf6d-4d10-9dc1-f1bd05fc02cf|10.1.0.102:15120, 33d4fa9a-f1b5-45a2-9ce3-43c86fd82df2|10.1.0.102:15129]|listeners:[], old=null
2024-04-21 07:23:58,774 [grpc-default-executor-12] WARN  server.GrpcServerProtocolService (LogUtils.java:warn(123)) - 9387e6e8-bf6d-4d10-9dc1-f1bd05fc02cf: Failed requestVote 6cf56e53-88cb-4022-bd56-d9b5c4d884ee->9387e6e8-bf6d-4d10-9dc1-f1bd05fc02cf#0
org.apache.ratis.protocol.exceptions.GroupMismatchException: 9387e6e8-bf6d-4d10-9dc1-f1bd05fc02cf: group-9461FA60FDFB not found.
	at org.apache.ratis.server.impl.RaftServerProxy$ImplMap.get(RaftServerProxy.java:154)
	at org.apache.ratis.server.impl.RaftServerProxy.getImplFuture(RaftServerProxy.java:364)
	at org.apache.ratis.server.impl.RaftServerProxy.getImpl(RaftServerProxy.java:373)
	at org.apache.ratis.server.impl.RaftServerProxy.getImpl(RaftServerProxy.java:368)
	at org.apache.ratis.server.impl.RaftServerProxy.requestVote(RaftServerProxy.java:632)
	at org.apache.ratis.grpc.server.GrpcServerProtocolService.requestVote(GrpcServerProtocolService.java:192)
	at org.apache.ratis.proto.grpc.RaftServerProtocolServiceGrpc$MethodHandlers.invoke(RaftServerProtocolServiceGrpc.java:428)
	at org.apache.ratis.thirdparty.io.grpc.stub.ServerCalls$UnaryServerCallHandler$UnaryServerCallListener.onHalfClose(ServerCalls.java:182)
	at org.apache.ratis.thirdparty.io.grpc.PartialForwardingServerCallListener.onHalfClose(PartialForwardingServerCallListener.java:35)
	at org.apache.ratis.thirdparty.io.grpc.ForwardingServerCallListener.onHalfClose(ForwardingServerCallListener.java:23)
	at org.apache.ratis.thirdparty.io.grpc.internal.ServerCallImpl$ServerStreamListenerImpl.halfClosed(ServerCallImpl.java:351)
	at org.apache.ratis.thirdparty.io.grpc.internal.ServerImpl$JumpToApplicationThreadServerStreamListener$1HalfClosed.runInContext(ServerImpl.java:860)
	at org.apache.ratis.thirdparty.io.grpc.internal.ContextRunnable.run(ContextRunnable.java:37)
	at org.apache.ratis.thirdparty.io.grpc.internal.SerializingExecutor.run(SerializingExecutor.java:133)
	at java.util.concurrent.ThreadPoolExecutor.runWorker(ThreadPoolExecutor.java:1149)
	at java.util.concurrent.ThreadPoolExecutor$Worker.run(ThreadPoolExecutor.java:624)
	at java.lang.Thread.run(Thread.java:750)
2024-04-21 07:23:58,774 [grpc-default-executor-11] WARN  server.GrpcServerProtocolService (LogUtils.java:warn(123)) - 33d4fa9a-f1b5-45a2-9ce3-43c86fd82df2: Failed requestVote 6cf56e53-88cb-4022-bd56-d9b5c4d884ee->33d4fa9a-f1b5-45a2-9ce3-43c86fd82df2#0
org.apache.ratis.protocol.exceptions.GroupMismatchException: 33d4fa9a-f1b5-45a2-9ce3-43c86fd82df2: group-9461FA60FDFB not found.
	at org.apache.ratis.server.impl.RaftServerProxy$ImplMap.get(RaftServerProxy.java:154)
	at org.apache.ratis.server.impl.RaftServerProxy.getImplFuture(RaftServerProxy.java:364)
	at org.apache.ratis.server.impl.RaftServerProxy.getImpl(RaftServerProxy.java:373)
	at org.apache.ratis.server.impl.RaftServerProxy.getImpl(RaftServerProxy.java:368)
	at org.apache.ratis.server.impl.RaftServerProxy.requestVote(RaftServerProxy.java:632)
	at org.apache.ratis.grpc.server.GrpcServerProtocolService.requestVote(GrpcServerProtocolService.java:192)
	at org.apache.ratis.proto.grpc.RaftServerProtocolServiceGrpc$MethodHandlers.invoke(RaftServerProtocolServiceGrpc.java:428)
	at org.apache.ratis.thirdparty.io.grpc.stub.ServerCalls$UnaryServerCallHandler$UnaryServerCallListener.onHalfClose(ServerCalls.java:182)
	at org.apache.ratis.thirdparty.io.grpc.PartialForwardingServerCallListener.onHalfClose(PartialForwardingServerCallListener.java:35)
	at org.apache.ratis.thirdparty.io.grpc.ForwardingServerCallListener.onHalfClose(ForwardingServerCallListener.java:23)
	at org.apache.ratis.thirdparty.io.grpc.internal.ServerCallImpl$ServerStreamListenerImpl.halfClosed(ServerCallImpl.java:351)
	at org.apache.ratis.thirdparty.io.grpc.internal.ServerImpl$JumpToApplicationThreadServerStreamListener$1HalfClosed.runInContext(ServerImpl.java:860)
	at org.apache.ratis.thirdparty.io.grpc.internal.ContextRunnable.run(ContextRunnable.java:37)
	at org.apache.ratis.thirdparty.io.grpc.internal.SerializingExecutor.run(SerializingExecutor.java:133)
	at java.util.concurrent.ThreadPoolExecutor.runWorker(ThreadPoolExecutor.java:1149)
	at java.util.concurrent.ThreadPoolExecutor$Worker.run(ThreadPoolExecutor.java:624)
	at java.lang.Thread.run(Thread.java:750)
2024-04-21 07:23:58,775 [6cf56e53-88cb-4022-bd56-d9b5c4d884ee@group-9461FA60FDFB-LeaderElection59] INFO  impl.LeaderElection (LogUtils.java:infoOrTrace(136)) - 6cf56e53-88cb-4022-bd56-d9b5c4d884ee@group-9461FA60FDFB-LeaderElection59 got exception when requesting votes: java.util.concurrent.ExecutionException: org.apache.ratis.thirdparty.io.grpc.StatusRuntimeException: INTERNAL: 9387e6e8-bf6d-4d10-9dc1-f1bd05fc02cf: group-9461FA60FDFB not found.
2024-04-21 07:23:58,775 [6cf56e53-88cb-4022-bd56-d9b5c4d884ee@group-9461FA60FDFB-LeaderElection59] INFO  impl.LeaderElection (LogUtils.java:infoOrTrace(136)) - 6cf56e53-88cb-4022-bd56-d9b5c4d884ee@group-9461FA60FDFB-LeaderElection59 got exception when requesting votes: java.util.concurrent.ExecutionException: org.apache.ratis.thirdparty.io.grpc.StatusRuntimeException: INTERNAL: 33d4fa9a-f1b5-45a2-9ce3-43c86fd82df2: group-9461FA60FDFB not found.
2024-04-21 07:23:58,775 [6cf56e53-88cb-4022-bd56-d9b5c4d884ee@group-9461FA60FDFB-LeaderElection59] INFO  impl.LeaderElection (LeaderElection.java:logAndReturn(89)) - 6cf56e53-88cb-4022-bd56-d9b5c4d884ee@group-9461FA60FDFB-LeaderElection59: PRE_VOTE REJECTED received 0 response(s) and 2 exception(s):
2024-04-21 07:23:58,775 [6cf56e53-88cb-4022-bd56-d9b5c4d884ee@group-9461FA60FDFB-LeaderElection59] INFO  impl.LeaderElection (LogUtils.java:infoOrTrace(136)) -   Exception 0: java.util.concurrent.ExecutionException: org.apache.ratis.thirdparty.io.grpc.StatusRuntimeException: INTERNAL: 9387e6e8-bf6d-4d10-9dc1-f1bd05fc02cf: group-9461FA60FDFB not found.
2024-04-21 07:23:58,776 [6cf56e53-88cb-4022-bd56-d9b5c4d884ee@group-9461FA60FDFB-LeaderElection59] INFO  impl.LeaderElection (LogUtils.java:infoOrTrace(136)) -   Exception 1: java.util.concurrent.ExecutionException: org.apache.ratis.thirdparty.io.grpc.StatusRuntimeException: INTERNAL: 33d4fa9a-f1b5-45a2-9ce3-43c86fd82df2: group-9461FA60FDFB not found.
2024-04-21 07:23:58,776 [6cf56e53-88cb-4022-bd56-d9b5c4d884ee@group-9461FA60FDFB-LeaderElection59] INFO  impl.LeaderElection (LeaderElection.java:askForVotes(323)) - 6cf56e53-88cb-4022-bd56-d9b5c4d884ee@group-9461FA60FDFB-LeaderElection59 PRE_VOTE round 0: result REJECTED
2024-04-21 07:23:58,776 [6cf56e53-88cb-4022-bd56-d9b5c4d884ee@group-9461FA60FDFB-LeaderElection59] INFO  server.RaftServer$Division (RaftServerImpl.java:setRole(383)) - 6cf56e53-88cb-4022-bd56-d9b5c4d884ee@group-9461FA60FDFB: changes role from CANDIDATE to FOLLOWER at term 1 for REJECTED
2024-04-21 07:23:58,776 [6cf56e53-88cb-4022-bd56-d9b5c4d884ee@group-9461FA60FDFB-LeaderElection59] INFO  impl.RoleInfo (RoleInfo.java:shutdownLeaderElection(130)) - 6cf56e53-88cb-4022-bd56-d9b5c4d884ee: shutdown 6cf56e53-88cb-4022-bd56-d9b5c4d884ee@group-9461FA60FDFB-LeaderElection59
2024-04-21 07:23:58,776 [6cf56e53-88cb-4022-bd56-d9b5c4d884ee@group-9461FA60FDFB-LeaderElection59] INFO  impl.RoleInfo (RoleInfo.java:updateAndGet(139)) - 6cf56e53-88cb-4022-bd56-d9b5c4d884ee: start 6cf56e53-88cb-4022-bd56-d9b5c4d884ee@group-9461FA60FDFB-FollowerState
2024-04-21 07:23:59,556 [main] INFO  ozone.MiniOzoneClusterImpl (MiniOzoneClusterImpl.java:lambda$waitForClusterToBeReady$0(194)) - Waiting for nodes to be ready. Got 4 of 5 DN Heartbeats.
2024-04-21 07:23:59,556 [main] INFO  ozone.MiniOzoneClusterImpl (MiniOzoneClusterImpl.java:lambda$waitForClusterToBeReady$0(197)) - Cluster exits safe mode
2024-04-21 07:23:59,557 [main] INFO  ozone.MiniOzoneClusterImpl (MiniOzoneClusterImpl.java:lambda$waitForClusterToBeReady$0(199)) - SCM became leader
2024-04-21 07:24:00,557 [main] INFO  ozone.MiniOzoneClusterImpl (MiniOzoneClusterImpl.java:lambda$waitForClusterToBeReady$0(194)) - Waiting for nodes to be ready. Got 4 of 5 DN Heartbeats.
2024-04-21 07:24:00,557 [main] INFO  ozone.MiniOzoneClusterImpl (MiniOzoneClusterImpl.java:lambda$waitForClusterToBeReady$0(197)) - Cluster exits safe mode
2024-04-21 07:24:00,557 [main] INFO  ozone.MiniOzoneClusterImpl (MiniOzoneClusterImpl.java:lambda$waitForClusterToBeReady$0(199)) - SCM became leader
2024-04-21 07:24:01,558 [main] INFO  ozone.MiniOzoneClusterImpl (MiniOzoneClusterImpl.java:lambda$waitForClusterToBeReady$0(194)) - Waiting for nodes to be ready. Got 4 of 5 DN Heartbeats.
2024-04-21 07:24:01,558 [main] INFO  ozone.MiniOzoneClusterImpl (MiniOzoneClusterImpl.java:lambda$waitForClusterToBeReady$0(197)) - Cluster exits safe mode
2024-04-21 07:24:01,558 [main] INFO  ozone.MiniOzoneClusterImpl (MiniOzoneClusterImpl.java:lambda$waitForClusterToBeReady$0(199)) - SCM became leader
2024-04-21 07:24:02,558 [main] INFO  ozone.MiniOzoneClusterImpl (MiniOzoneClusterImpl.java:lambda$waitForClusterToBeReady$0(194)) - Waiting for nodes to be ready. Got 4 of 5 DN Heartbeats.
2024-04-21 07:24:02,559 [main] INFO  ozone.MiniOzoneClusterImpl (MiniOzoneClusterImpl.java:lambda$waitForClusterToBeReady$0(197)) - Cluster exits safe mode
2024-04-21 07:24:02,559 [main] INFO  ozone.MiniOzoneClusterImpl (MiniOzoneClusterImpl.java:lambda$waitForClusterToBeReady$0(199)) - SCM became leader
2024-04-21 07:24:03,559 [main] INFO  ozone.MiniOzoneClusterImpl (MiniOzoneClusterImpl.java:lambda$waitForClusterToBeReady$0(194)) - Waiting for nodes to be ready. Got 4 of 5 DN Heartbeats.
2024-04-21 07:24:03,559 [main] INFO  ozone.MiniOzoneClusterImpl (MiniOzoneClusterImpl.java:lambda$waitForClusterToBeReady$0(197)) - Cluster exits safe mode
2024-04-21 07:24:03,560 [main] INFO  ozone.MiniOzoneClusterImpl (MiniOzoneClusterImpl.java:lambda$waitForClusterToBeReady$0(199)) - SCM became leader
2024-04-21 07:24:03,837 [6cf56e53-88cb-4022-bd56-d9b5c4d884ee@group-9461FA60FDFB-FollowerState] INFO  impl.FollowerState (FollowerState.java:run(143)) - 6cf56e53-88cb-4022-bd56-d9b5c4d884ee@group-9461FA60FDFB-FollowerState: change to CANDIDATE, lastRpcElapsedTime:5061275811ns, electionTimeout:5061ms
2024-04-21 07:24:03,837 [6cf56e53-88cb-4022-bd56-d9b5c4d884ee@group-9461FA60FDFB-FollowerState] INFO  impl.RoleInfo (RoleInfo.java:shutdownFollowerState(110)) - 6cf56e53-88cb-4022-bd56-d9b5c4d884ee: shutdown 6cf56e53-88cb-4022-bd56-d9b5c4d884ee@group-9461FA60FDFB-FollowerState
2024-04-21 07:24:03,837 [6cf56e53-88cb-4022-bd56-d9b5c4d884ee@group-9461FA60FDFB-FollowerState] INFO  server.RaftServer$Division (RaftServerImpl.java:setRole(383)) - 6cf56e53-88cb-4022-bd56-d9b5c4d884ee@group-9461FA60FDFB: changes role from  FOLLOWER to CANDIDATE at term 1 for changeToCandidate
2024-04-21 07:24:03,838 [6cf56e53-88cb-4022-bd56-d9b5c4d884ee@group-9461FA60FDFB-FollowerState] INFO  server.RaftServerConfigKeys (ConfUtils.java:logGet(46)) - raft.server.leaderelection.pre-vote = true (default)
2024-04-21 07:24:03,838 [6cf56e53-88cb-4022-bd56-d9b5c4d884ee@group-9461FA60FDFB-FollowerState] INFO  impl.RoleInfo (RoleInfo.java:updateAndGet(139)) - 6cf56e53-88cb-4022-bd56-d9b5c4d884ee: start 6cf56e53-88cb-4022-bd56-d9b5c4d884ee@group-9461FA60FDFB-LeaderElection60
2024-04-21 07:24:03,839 [6cf56e53-88cb-4022-bd56-d9b5c4d884ee@group-9461FA60FDFB-LeaderElection60] INFO  impl.LeaderElection (LeaderElection.java:askForVotes(321)) - 6cf56e53-88cb-4022-bd56-d9b5c4d884ee@group-9461FA60FDFB-LeaderElection60 PRE_VOTE round 0: submit vote requests at term 1 for 0: peers:[6cf56e53-88cb-4022-bd56-d9b5c4d884ee|10.1.0.102:15138, 9387e6e8-bf6d-4d10-9dc1-f1bd05fc02cf|10.1.0.102:15120, 33d4fa9a-f1b5-45a2-9ce3-43c86fd82df2|10.1.0.102:15129]|listeners:[], old=null
2024-04-21 07:24:03,841 [grpc-default-executor-12] WARN  server.GrpcServerProtocolService (LogUtils.java:warn(123)) - 9387e6e8-bf6d-4d10-9dc1-f1bd05fc02cf: Failed requestVote 6cf56e53-88cb-4022-bd56-d9b5c4d884ee->9387e6e8-bf6d-4d10-9dc1-f1bd05fc02cf#0
org.apache.ratis.protocol.exceptions.GroupMismatchException: 9387e6e8-bf6d-4d10-9dc1-f1bd05fc02cf: group-9461FA60FDFB not found.
	at org.apache.ratis.server.impl.RaftServerProxy$ImplMap.get(RaftServerProxy.java:154)
	at org.apache.ratis.server.impl.RaftServerProxy.getImplFuture(RaftServerProxy.java:364)
	at org.apache.ratis.server.impl.RaftServerProxy.getImpl(RaftServerProxy.java:373)
	at org.apache.ratis.server.impl.RaftServerProxy.getImpl(RaftServerProxy.java:368)
	at org.apache.ratis.server.impl.RaftServerProxy.requestVote(RaftServerProxy.java:632)
	at org.apache.ratis.grpc.server.GrpcServerProtocolService.requestVote(GrpcServerProtocolService.java:192)
	at org.apache.ratis.proto.grpc.RaftServerProtocolServiceGrpc$MethodHandlers.invoke(RaftServerProtocolServiceGrpc.java:428)
	at org.apache.ratis.thirdparty.io.grpc.stub.ServerCalls$UnaryServerCallHandler$UnaryServerCallListener.onHalfClose(ServerCalls.java:182)
	at org.apache.ratis.thirdparty.io.grpc.PartialForwardingServerCallListener.onHalfClose(PartialForwardingServerCallListener.java:35)
	at org.apache.ratis.thirdparty.io.grpc.ForwardingServerCallListener.onHalfClose(ForwardingServerCallListener.java:23)
	at org.apache.ratis.thirdparty.io.grpc.internal.ServerCallImpl$ServerStreamListenerImpl.halfClosed(ServerCallImpl.java:351)
	at org.apache.ratis.thirdparty.io.grpc.internal.ServerImpl$JumpToApplicationThreadServerStreamListener$1HalfClosed.runInContext(ServerImpl.java:860)
	at org.apache.ratis.thirdparty.io.grpc.internal.ContextRunnable.run(ContextRunnable.java:37)
	at org.apache.ratis.thirdparty.io.grpc.internal.SerializingExecutor.run(SerializingExecutor.java:133)
	at java.util.concurrent.ThreadPoolExecutor.runWorker(ThreadPoolExecutor.java:1149)
	at java.util.concurrent.ThreadPoolExecutor$Worker.run(ThreadPoolExecutor.java:624)
	at java.lang.Thread.run(Thread.java:750)
2024-04-21 07:24:03,841 [grpc-default-executor-11] WARN  server.GrpcServerProtocolService (LogUtils.java:warn(123)) - 33d4fa9a-f1b5-45a2-9ce3-43c86fd82df2: Failed requestVote 6cf56e53-88cb-4022-bd56-d9b5c4d884ee->33d4fa9a-f1b5-45a2-9ce3-43c86fd82df2#0
org.apache.ratis.protocol.exceptions.GroupMismatchException: 33d4fa9a-f1b5-45a2-9ce3-43c86fd82df2: group-9461FA60FDFB not found.
	at org.apache.ratis.server.impl.RaftServerProxy$ImplMap.get(RaftServerProxy.java:154)
	at org.apache.ratis.server.impl.RaftServerProxy.getImplFuture(RaftServerProxy.java:364)
	at org.apache.ratis.server.impl.RaftServerProxy.getImpl(RaftServerProxy.java:373)
	at org.apache.ratis.server.impl.RaftServerProxy.getImpl(RaftServerProxy.java:368)
	at org.apache.ratis.server.impl.RaftServerProxy.requestVote(RaftServerProxy.java:632)
	at org.apache.ratis.grpc.server.GrpcServerProtocolService.requestVote(GrpcServerProtocolService.java:192)
	at org.apache.ratis.proto.grpc.RaftServerProtocolServiceGrpc$MethodHandlers.invoke(RaftServerProtocolServiceGrpc.java:428)
	at org.apache.ratis.thirdparty.io.grpc.stub.ServerCalls$UnaryServerCallHandler$UnaryServerCallListener.onHalfClose(ServerCalls.java:182)
	at org.apache.ratis.thirdparty.io.grpc.PartialForwardingServerCallListener.onHalfClose(PartialForwardingServerCallListener.java:35)
	at org.apache.ratis.thirdparty.io.grpc.ForwardingServerCallListener.onHalfClose(ForwardingServerCallListener.java:23)
	at org.apache.ratis.thirdparty.io.grpc.internal.ServerCallImpl$ServerStreamListenerImpl.halfClosed(ServerCallImpl.java:351)
	at org.apache.ratis.thirdparty.io.grpc.internal.ServerImpl$JumpToApplicationThreadServerStreamListener$1HalfClosed.runInContext(ServerImpl.java:860)
	at org.apache.ratis.thirdparty.io.grpc.internal.ContextRunnable.run(ContextRunnable.java:37)
	at org.apache.ratis.thirdparty.io.grpc.internal.SerializingExecutor.run(SerializingExecutor.java:133)
	at java.util.concurrent.ThreadPoolExecutor.runWorker(ThreadPoolExecutor.java:1149)
	at java.util.concurrent.ThreadPoolExecutor$Worker.run(ThreadPoolExecutor.java:624)
	at java.lang.Thread.run(Thread.java:750)
2024-04-21 07:24:03,843 [6cf56e53-88cb-4022-bd56-d9b5c4d884ee@group-9461FA60FDFB-LeaderElection60] INFO  impl.LeaderElection (LogUtils.java:infoOrTrace(136)) - 6cf56e53-88cb-4022-bd56-d9b5c4d884ee@group-9461FA60FDFB-LeaderElection60 got exception when requesting votes: java.util.concurrent.ExecutionException: org.apache.ratis.thirdparty.io.grpc.StatusRuntimeException: INTERNAL: 9387e6e8-bf6d-4d10-9dc1-f1bd05fc02cf: group-9461FA60FDFB not found.
2024-04-21 07:24:03,843 [6cf56e53-88cb-4022-bd56-d9b5c4d884ee@group-9461FA60FDFB-LeaderElection60] INFO  impl.LeaderElection (LogUtils.java:infoOrTrace(136)) - 6cf56e53-88cb-4022-bd56-d9b5c4d884ee@group-9461FA60FDFB-LeaderElection60 got exception when requesting votes: java.util.concurrent.ExecutionException: org.apache.ratis.thirdparty.io.grpc.StatusRuntimeException: INTERNAL: 33d4fa9a-f1b5-45a2-9ce3-43c86fd82df2: group-9461FA60FDFB not found.
2024-04-21 07:24:03,843 [6cf56e53-88cb-4022-bd56-d9b5c4d884ee@group-9461FA60FDFB-LeaderElection60] INFO  impl.LeaderElection (LeaderElection.java:logAndReturn(89)) - 6cf56e53-88cb-4022-bd56-d9b5c4d884ee@group-9461FA60FDFB-LeaderElection60: PRE_VOTE REJECTED received 0 response(s) and 2 exception(s):
2024-04-21 07:24:03,843 [6cf56e53-88cb-4022-bd56-d9b5c4d884ee@group-9461FA60FDFB-LeaderElection60] INFO  impl.LeaderElection (LogUtils.java:infoOrTrace(136)) -   Exception 0: java.util.concurrent.ExecutionException: org.apache.ratis.thirdparty.io.grpc.StatusRuntimeException: INTERNAL: 9387e6e8-bf6d-4d10-9dc1-f1bd05fc02cf: group-9461FA60FDFB not found.
2024-04-21 07:24:03,843 [6cf56e53-88cb-4022-bd56-d9b5c4d884ee@group-9461FA60FDFB-LeaderElection60] INFO  impl.LeaderElection (LogUtils.java:infoOrTrace(136)) -   Exception 1: java.util.concurrent.ExecutionException: org.apache.ratis.thirdparty.io.grpc.StatusRuntimeException: INTERNAL: 33d4fa9a-f1b5-45a2-9ce3-43c86fd82df2: group-9461FA60FDFB not found.
2024-04-21 07:24:03,843 [6cf56e53-88cb-4022-bd56-d9b5c4d884ee@group-9461FA60FDFB-LeaderElection60] INFO  impl.LeaderElection (LeaderElection.java:askForVotes(323)) - 6cf56e53-88cb-4022-bd56-d9b5c4d884ee@group-9461FA60FDFB-LeaderElection60 PRE_VOTE round 0: result REJECTED
2024-04-21 07:24:03,843 [6cf56e53-88cb-4022-bd56-d9b5c4d884ee@group-9461FA60FDFB-LeaderElection60] INFO  server.RaftServer$Division (RaftServerImpl.java:setRole(383)) - 6cf56e53-88cb-4022-bd56-d9b5c4d884ee@group-9461FA60FDFB: changes role from CANDIDATE to FOLLOWER at term 1 for REJECTED
2024-04-21 07:24:03,843 [6cf56e53-88cb-4022-bd56-d9b5c4d884ee@group-9461FA60FDFB-LeaderElection60] INFO  impl.RoleInfo (RoleInfo.java:shutdownLeaderElection(130)) - 6cf56e53-88cb-4022-bd56-d9b5c4d884ee: shutdown 6cf56e53-88cb-4022-bd56-d9b5c4d884ee@group-9461FA60FDFB-LeaderElection60
2024-04-21 07:24:03,844 [6cf56e53-88cb-4022-bd56-d9b5c4d884ee@group-9461FA60FDFB-LeaderElection60] INFO  impl.RoleInfo (RoleInfo.java:updateAndGet(139)) - 6cf56e53-88cb-4022-bd56-d9b5c4d884ee: start 6cf56e53-88cb-4022-bd56-d9b5c4d884ee@group-9461FA60FDFB-FollowerState
2024-04-21 07:24:04,560 [main] INFO  ozone.MiniOzoneClusterImpl (MiniOzoneClusterImpl.java:lambda$waitForClusterToBeReady$0(194)) - Waiting for nodes to be ready. Got 4 of 5 DN Heartbeats.
2024-04-21 07:24:04,560 [main] INFO  ozone.MiniOzoneClusterImpl (MiniOzoneClusterImpl.java:lambda$waitForClusterToBeReady$0(197)) - Cluster exits safe mode
2024-04-21 07:24:04,560 [main] INFO  ozone.MiniOzoneClusterImpl (MiniOzoneClusterImpl.java:lambda$waitForClusterToBeReady$0(199)) - SCM became leader
2024-04-21 07:24:05,561 [main] INFO  ozone.MiniOzoneClusterImpl (MiniOzoneClusterImpl.java:lambda$waitForClusterToBeReady$0(194)) - Waiting for nodes to be ready. Got 4 of 5 DN Heartbeats.
2024-04-21 07:24:05,561 [main] INFO  ozone.MiniOzoneClusterImpl (MiniOzoneClusterImpl.java:lambda$waitForClusterToBeReady$0(197)) - Cluster exits safe mode
2024-04-21 07:24:05,561 [main] INFO  ozone.MiniOzoneClusterImpl (MiniOzoneClusterImpl.java:lambda$waitForClusterToBeReady$0(199)) - SCM became leader
2024-04-21 07:24:06,561 [main] INFO  ozone.MiniOzoneClusterImpl (MiniOzoneClusterImpl.java:lambda$waitForClusterToBeReady$0(194)) - Waiting for nodes to be ready. Got 4 of 5 DN Heartbeats.
2024-04-21 07:24:06,562 [main] INFO  ozone.MiniOzoneClusterImpl (MiniOzoneClusterImpl.java:lambda$waitForClusterToBeReady$0(197)) - Cluster exits safe mode
2024-04-21 07:24:06,562 [main] INFO  ozone.MiniOzoneClusterImpl (MiniOzoneClusterImpl.java:lambda$waitForClusterToBeReady$0(199)) - SCM became leader
2024-04-21 07:24:07,562 [main] INFO  ozone.MiniOzoneClusterImpl (MiniOzoneClusterImpl.java:lambda$waitForClusterToBeReady$0(194)) - Waiting for nodes to be ready. Got 4 of 5 DN Heartbeats.
2024-04-21 07:24:07,563 [main] INFO  ozone.MiniOzoneClusterImpl (MiniOzoneClusterImpl.java:lambda$waitForClusterToBeReady$0(197)) - Cluster exits safe mode
2024-04-21 07:24:07,563 [main] INFO  ozone.MiniOzoneClusterImpl (MiniOzoneClusterImpl.java:lambda$waitForClusterToBeReady$0(199)) - SCM became leader
2024-04-21 07:24:08,563 [main] INFO  ozone.MiniOzoneClusterImpl (MiniOzoneClusterImpl.java:lambda$waitForClusterToBeReady$0(194)) - Waiting for nodes to be ready. Got 4 of 5 DN Heartbeats.
2024-04-21 07:24:08,563 [main] INFO  ozone.MiniOzoneClusterImpl (MiniOzoneClusterImpl.java:lambda$waitForClusterToBeReady$0(197)) - Cluster exits safe mode
2024-04-21 07:24:08,564 [main] INFO  ozone.MiniOzoneClusterImpl (MiniOzoneClusterImpl.java:lambda$waitForClusterToBeReady$0(199)) - SCM became leader
2024-04-21 07:24:08,935 [6cf56e53-88cb-4022-bd56-d9b5c4d884ee@group-9461FA60FDFB-FollowerState] INFO  impl.FollowerState (FollowerState.java:run(143)) - 6cf56e53-88cb-4022-bd56-d9b5c4d884ee@group-9461FA60FDFB-FollowerState: change to CANDIDATE, lastRpcElapsedTime:5091319291ns, electionTimeout:5091ms
2024-04-21 07:24:08,935 [6cf56e53-88cb-4022-bd56-d9b5c4d884ee@group-9461FA60FDFB-FollowerState] INFO  impl.RoleInfo (RoleInfo.java:shutdownFollowerState(110)) - 6cf56e53-88cb-4022-bd56-d9b5c4d884ee: shutdown 6cf56e53-88cb-4022-bd56-d9b5c4d884ee@group-9461FA60FDFB-FollowerState
2024-04-21 07:24:08,935 [6cf56e53-88cb-4022-bd56-d9b5c4d884ee@group-9461FA60FDFB-FollowerState] INFO  server.RaftServer$Division (RaftServerImpl.java:setRole(383)) - 6cf56e53-88cb-4022-bd56-d9b5c4d884ee@group-9461FA60FDFB: changes role from  FOLLOWER to CANDIDATE at term 1 for changeToCandidate
2024-04-21 07:24:08,935 [6cf56e53-88cb-4022-bd56-d9b5c4d884ee@group-9461FA60FDFB-FollowerState] INFO  server.RaftServerConfigKeys (ConfUtils.java:logGet(46)) - raft.server.leaderelection.pre-vote = true (default)
2024-04-21 07:24:08,935 [6cf56e53-88cb-4022-bd56-d9b5c4d884ee@group-9461FA60FDFB-FollowerState] INFO  impl.RoleInfo (RoleInfo.java:updateAndGet(139)) - 6cf56e53-88cb-4022-bd56-d9b5c4d884ee: start 6cf56e53-88cb-4022-bd56-d9b5c4d884ee@group-9461FA60FDFB-LeaderElection61
2024-04-21 07:24:08,937 [6cf56e53-88cb-4022-bd56-d9b5c4d884ee@group-9461FA60FDFB-LeaderElection61] INFO  impl.LeaderElection (LeaderElection.java:askForVotes(321)) - 6cf56e53-88cb-4022-bd56-d9b5c4d884ee@group-9461FA60FDFB-LeaderElection61 PRE_VOTE round 0: submit vote requests at term 1 for 0: peers:[6cf56e53-88cb-4022-bd56-d9b5c4d884ee|10.1.0.102:15138, 9387e6e8-bf6d-4d10-9dc1-f1bd05fc02cf|10.1.0.102:15120, 33d4fa9a-f1b5-45a2-9ce3-43c86fd82df2|10.1.0.102:15129]|listeners:[], old=null
2024-04-21 07:24:08,938 [grpc-default-executor-11] WARN  server.GrpcServerProtocolService (LogUtils.java:warn(123)) - 9387e6e8-bf6d-4d10-9dc1-f1bd05fc02cf: Failed requestVote 6cf56e53-88cb-4022-bd56-d9b5c4d884ee->9387e6e8-bf6d-4d10-9dc1-f1bd05fc02cf#0
org.apache.ratis.protocol.exceptions.GroupMismatchException: 9387e6e8-bf6d-4d10-9dc1-f1bd05fc02cf: group-9461FA60FDFB not found.
	at org.apache.ratis.server.impl.RaftServerProxy$ImplMap.get(RaftServerProxy.java:154)
	at org.apache.ratis.server.impl.RaftServerProxy.getImplFuture(RaftServerProxy.java:364)
	at org.apache.ratis.server.impl.RaftServerProxy.getImpl(RaftServerProxy.java:373)
	at org.apache.ratis.server.impl.RaftServerProxy.getImpl(RaftServerProxy.java:368)
	at org.apache.ratis.server.impl.RaftServerProxy.requestVote(RaftServerProxy.java:632)
	at org.apache.ratis.grpc.server.GrpcServerProtocolService.requestVote(GrpcServerProtocolService.java:192)
	at org.apache.ratis.proto.grpc.RaftServerProtocolServiceGrpc$MethodHandlers.invoke(RaftServerProtocolServiceGrpc.java:428)
	at org.apache.ratis.thirdparty.io.grpc.stub.ServerCalls$UnaryServerCallHandler$UnaryServerCallListener.onHalfClose(ServerCalls.java:182)
	at org.apache.ratis.thirdparty.io.grpc.PartialForwardingServerCallListener.onHalfClose(PartialForwardingServerCallListener.java:35)
	at org.apache.ratis.thirdparty.io.grpc.ForwardingServerCallListener.onHalfClose(ForwardingServerCallListener.java:23)
	at org.apache.ratis.thirdparty.io.grpc.internal.ServerCallImpl$ServerStreamListenerImpl.halfClosed(ServerCallImpl.java:351)
	at org.apache.ratis.thirdparty.io.grpc.internal.ServerImpl$JumpToApplicationThreadServerStreamListener$1HalfClosed.runInContext(ServerImpl.java:860)
	at org.apache.ratis.thirdparty.io.grpc.internal.ContextRunnable.run(ContextRunnable.java:37)
	at org.apache.ratis.thirdparty.io.grpc.internal.SerializingExecutor.run(SerializingExecutor.java:133)
	at java.util.concurrent.ThreadPoolExecutor.runWorker(ThreadPoolExecutor.java:1149)
	at java.util.concurrent.ThreadPoolExecutor$Worker.run(ThreadPoolExecutor.java:624)
	at java.lang.Thread.run(Thread.java:750)
2024-04-21 07:24:08,938 [grpc-default-executor-12] WARN  server.GrpcServerProtocolService (LogUtils.java:warn(123)) - 33d4fa9a-f1b5-45a2-9ce3-43c86fd82df2: Failed requestVote 6cf56e53-88cb-4022-bd56-d9b5c4d884ee->33d4fa9a-f1b5-45a2-9ce3-43c86fd82df2#0
org.apache.ratis.protocol.exceptions.GroupMismatchException: 33d4fa9a-f1b5-45a2-9ce3-43c86fd82df2: group-9461FA60FDFB not found.
	at org.apache.ratis.server.impl.RaftServerProxy$ImplMap.get(RaftServerProxy.java:154)
	at org.apache.ratis.server.impl.RaftServerProxy.getImplFuture(RaftServerProxy.java:364)
	at org.apache.ratis.server.impl.RaftServerProxy.getImpl(RaftServerProxy.java:373)
	at org.apache.ratis.server.impl.RaftServerProxy.getImpl(RaftServerProxy.java:368)
	at org.apache.ratis.server.impl.RaftServerProxy.requestVote(RaftServerProxy.java:632)
	at org.apache.ratis.grpc.server.GrpcServerProtocolService.requestVote(GrpcServerProtocolService.java:192)
	at org.apache.ratis.proto.grpc.RaftServerProtocolServiceGrpc$MethodHandlers.invoke(RaftServerProtocolServiceGrpc.java:428)
	at org.apache.ratis.thirdparty.io.grpc.stub.ServerCalls$UnaryServerCallHandler$UnaryServerCallListener.onHalfClose(ServerCalls.java:182)
	at org.apache.ratis.thirdparty.io.grpc.PartialForwardingServerCallListener.onHalfClose(PartialForwardingServerCallListener.java:35)
	at org.apache.ratis.thirdparty.io.grpc.ForwardingServerCallListener.onHalfClose(ForwardingServerCallListener.java:23)
	at org.apache.ratis.thirdparty.io.grpc.internal.ServerCallImpl$ServerStreamListenerImpl.halfClosed(ServerCallImpl.java:351)
	at org.apache.ratis.thirdparty.io.grpc.internal.ServerImpl$JumpToApplicationThreadServerStreamListener$1HalfClosed.runInContext(ServerImpl.java:860)
	at org.apache.ratis.thirdparty.io.grpc.internal.ContextRunnable.run(ContextRunnable.java:37)
	at org.apache.ratis.thirdparty.io.grpc.internal.SerializingExecutor.run(SerializingExecutor.java:133)
	at java.util.concurrent.ThreadPoolExecutor.runWorker(ThreadPoolExecutor.java:1149)
	at java.util.concurrent.ThreadPoolExecutor$Worker.run(ThreadPoolExecutor.java:624)
	at java.lang.Thread.run(Thread.java:750)
2024-04-21 07:24:08,941 [6cf56e53-88cb-4022-bd56-d9b5c4d884ee@group-9461FA60FDFB-LeaderElection61] INFO  impl.LeaderElection (LogUtils.java:infoOrTrace(136)) - 6cf56e53-88cb-4022-bd56-d9b5c4d884ee@group-9461FA60FDFB-LeaderElection61 got exception when requesting votes: java.util.concurrent.ExecutionException: org.apache.ratis.thirdparty.io.grpc.StatusRuntimeException: INTERNAL: 9387e6e8-bf6d-4d10-9dc1-f1bd05fc02cf: group-9461FA60FDFB not found.
2024-04-21 07:24:08,941 [6cf56e53-88cb-4022-bd56-d9b5c4d884ee@group-9461FA60FDFB-LeaderElection61] INFO  impl.LeaderElection (LogUtils.java:infoOrTrace(136)) - 6cf56e53-88cb-4022-bd56-d9b5c4d884ee@group-9461FA60FDFB-LeaderElection61 got exception when requesting votes: java.util.concurrent.ExecutionException: org.apache.ratis.thirdparty.io.grpc.StatusRuntimeException: INTERNAL: 33d4fa9a-f1b5-45a2-9ce3-43c86fd82df2: group-9461FA60FDFB not found.
2024-04-21 07:24:08,941 [6cf56e53-88cb-4022-bd56-d9b5c4d884ee@group-9461FA60FDFB-LeaderElection61] INFO  impl.LeaderElection (LeaderElection.java:logAndReturn(89)) - 6cf56e53-88cb-4022-bd56-d9b5c4d884ee@group-9461FA60FDFB-LeaderElection61: PRE_VOTE REJECTED received 0 response(s) and 2 exception(s):
2024-04-21 07:24:08,941 [6cf56e53-88cb-4022-bd56-d9b5c4d884ee@group-9461FA60FDFB-LeaderElection61] INFO  impl.LeaderElection (LogUtils.java:infoOrTrace(136)) -   Exception 0: java.util.concurrent.ExecutionException: org.apache.ratis.thirdparty.io.grpc.StatusRuntimeException: INTERNAL: 9387e6e8-bf6d-4d10-9dc1-f1bd05fc02cf: group-9461FA60FDFB not found.
2024-04-21 07:24:08,941 [6cf56e53-88cb-4022-bd56-d9b5c4d884ee@group-9461FA60FDFB-LeaderElection61] INFO  impl.LeaderElection (LogUtils.java:infoOrTrace(136)) -   Exception 1: java.util.concurrent.ExecutionException: org.apache.ratis.thirdparty.io.grpc.StatusRuntimeException: INTERNAL: 33d4fa9a-f1b5-45a2-9ce3-43c86fd82df2: group-9461FA60FDFB not found.
2024-04-21 07:24:08,942 [6cf56e53-88cb-4022-bd56-d9b5c4d884ee@group-9461FA60FDFB-LeaderElection61] INFO  impl.LeaderElection (LeaderElection.java:askForVotes(323)) - 6cf56e53-88cb-4022-bd56-d9b5c4d884ee@group-9461FA60FDFB-LeaderElection61 PRE_VOTE round 0: result REJECTED
2024-04-21 07:24:08,942 [6cf56e53-88cb-4022-bd56-d9b5c4d884ee@group-9461FA60FDFB-LeaderElection61] INFO  server.RaftServer$Division (RaftServerImpl.java:setRole(383)) - 6cf56e53-88cb-4022-bd56-d9b5c4d884ee@group-9461FA60FDFB: changes role from CANDIDATE to FOLLOWER at term 1 for REJECTED
2024-04-21 07:24:08,942 [6cf56e53-88cb-4022-bd56-d9b5c4d884ee@group-9461FA60FDFB-LeaderElection61] INFO  impl.RoleInfo (RoleInfo.java:shutdownLeaderElection(130)) - 6cf56e53-88cb-4022-bd56-d9b5c4d884ee: shutdown 6cf56e53-88cb-4022-bd56-d9b5c4d884ee@group-9461FA60FDFB-LeaderElection61
2024-04-21 07:24:08,942 [6cf56e53-88cb-4022-bd56-d9b5c4d884ee@group-9461FA60FDFB-LeaderElection61] INFO  impl.RoleInfo (RoleInfo.java:updateAndGet(139)) - 6cf56e53-88cb-4022-bd56-d9b5c4d884ee: start 6cf56e53-88cb-4022-bd56-d9b5c4d884ee@group-9461FA60FDFB-FollowerState
2024-04-21 07:24:09,564 [main] INFO  ozone.MiniOzoneClusterImpl (MiniOzoneClusterImpl.java:lambda$waitForClusterToBeReady$0(194)) - Waiting for nodes to be ready. Got 4 of 5 DN Heartbeats.
2024-04-21 07:24:09,564 [main] INFO  ozone.MiniOzoneClusterImpl (MiniOzoneClusterImpl.java:lambda$waitForClusterToBeReady$0(197)) - Cluster exits safe mode
2024-04-21 07:24:09,564 [main] INFO  ozone.MiniOzoneClusterImpl (MiniOzoneClusterImpl.java:lambda$waitForClusterToBeReady$0(199)) - SCM became leader
2024-04-21 07:24:10,565 [main] INFO  ozone.MiniOzoneClusterImpl (MiniOzoneClusterImpl.java:lambda$waitForClusterToBeReady$0(194)) - Waiting for nodes to be ready. Got 4 of 5 DN Heartbeats.
2024-04-21 07:24:10,565 [main] INFO  ozone.MiniOzoneClusterImpl (MiniOzoneClusterImpl.java:lambda$waitForClusterToBeReady$0(197)) - Cluster exits safe mode
2024-04-21 07:24:10,565 [main] INFO  ozone.MiniOzoneClusterImpl (MiniOzoneClusterImpl.java:lambda$waitForClusterToBeReady$0(199)) - SCM became leader
2024-04-21 07:24:11,565 [main] INFO  ozone.MiniOzoneClusterImpl (MiniOzoneClusterImpl.java:lambda$waitForClusterToBeReady$0(194)) - Waiting for nodes to be ready. Got 4 of 5 DN Heartbeats.
2024-04-21 07:24:11,566 [main] INFO  ozone.MiniOzoneClusterImpl (MiniOzoneClusterImpl.java:lambda$waitForClusterToBeReady$0(197)) - Cluster exits safe mode
2024-04-21 07:24:11,566 [main] INFO  ozone.MiniOzoneClusterImpl (MiniOzoneClusterImpl.java:lambda$waitForClusterToBeReady$0(199)) - SCM became leader
2024-04-21 07:24:12,566 [main] INFO  ozone.MiniOzoneClusterImpl (MiniOzoneClusterImpl.java:lambda$waitForClusterToBeReady$0(194)) - Waiting for nodes to be ready. Got 4 of 5 DN Heartbeats.
2024-04-21 07:24:12,567 [main] INFO  ozone.MiniOzoneClusterImpl (MiniOzoneClusterImpl.java:lambda$waitForClusterToBeReady$0(197)) - Cluster exits safe mode
2024-04-21 07:24:12,567 [main] INFO  ozone.MiniOzoneClusterImpl (MiniOzoneClusterImpl.java:lambda$waitForClusterToBeReady$0(199)) - SCM became leader
2024-04-21 07:24:13,567 [main] INFO  ozone.MiniOzoneClusterImpl (MiniOzoneClusterImpl.java:lambda$waitForClusterToBeReady$0(194)) - Waiting for nodes to be ready. Got 4 of 5 DN Heartbeats.
2024-04-21 07:24:13,567 [main] INFO  ozone.MiniOzoneClusterImpl (MiniOzoneClusterImpl.java:lambda$waitForClusterToBeReady$0(197)) - Cluster exits safe mode
2024-04-21 07:24:13,568 [main] INFO  ozone.MiniOzoneClusterImpl (MiniOzoneClusterImpl.java:lambda$waitForClusterToBeReady$0(199)) - SCM became leader
2024-04-21 07:24:14,062 [6cf56e53-88cb-4022-bd56-d9b5c4d884ee@group-9461FA60FDFB-FollowerState] INFO  impl.FollowerState (FollowerState.java:run(143)) - 6cf56e53-88cb-4022-bd56-d9b5c4d884ee@group-9461FA60FDFB-FollowerState: change to CANDIDATE, lastRpcElapsedTime:5120333787ns, electionTimeout:5120ms
2024-04-21 07:24:14,062 [6cf56e53-88cb-4022-bd56-d9b5c4d884ee@group-9461FA60FDFB-FollowerState] INFO  impl.RoleInfo (RoleInfo.java:shutdownFollowerState(110)) - 6cf56e53-88cb-4022-bd56-d9b5c4d884ee: shutdown 6cf56e53-88cb-4022-bd56-d9b5c4d884ee@group-9461FA60FDFB-FollowerState
2024-04-21 07:24:14,062 [6cf56e53-88cb-4022-bd56-d9b5c4d884ee@group-9461FA60FDFB-FollowerState] INFO  server.RaftServer$Division (RaftServerImpl.java:setRole(383)) - 6cf56e53-88cb-4022-bd56-d9b5c4d884ee@group-9461FA60FDFB: changes role from  FOLLOWER to CANDIDATE at term 1 for changeToCandidate
2024-04-21 07:24:14,062 [6cf56e53-88cb-4022-bd56-d9b5c4d884ee@group-9461FA60FDFB-FollowerState] INFO  server.RaftServerConfigKeys (ConfUtils.java:logGet(46)) - raft.server.leaderelection.pre-vote = true (default)
2024-04-21 07:24:14,062 [6cf56e53-88cb-4022-bd56-d9b5c4d884ee@group-9461FA60FDFB-FollowerState] INFO  impl.RoleInfo (RoleInfo.java:updateAndGet(139)) - 6cf56e53-88cb-4022-bd56-d9b5c4d884ee: start 6cf56e53-88cb-4022-bd56-d9b5c4d884ee@group-9461FA60FDFB-LeaderElection62
2024-04-21 07:24:14,064 [6cf56e53-88cb-4022-bd56-d9b5c4d884ee@group-9461FA60FDFB-LeaderElection62] INFO  impl.LeaderElection (LeaderElection.java:askForVotes(321)) - 6cf56e53-88cb-4022-bd56-d9b5c4d884ee@group-9461FA60FDFB-LeaderElection62 PRE_VOTE round 0: submit vote requests at term 1 for 0: peers:[6cf56e53-88cb-4022-bd56-d9b5c4d884ee|10.1.0.102:15138, 9387e6e8-bf6d-4d10-9dc1-f1bd05fc02cf|10.1.0.102:15120, 33d4fa9a-f1b5-45a2-9ce3-43c86fd82df2|10.1.0.102:15129]|listeners:[], old=null
2024-04-21 07:24:14,065 [grpc-default-executor-12] WARN  server.GrpcServerProtocolService (LogUtils.java:warn(123)) - 33d4fa9a-f1b5-45a2-9ce3-43c86fd82df2: Failed requestVote 6cf56e53-88cb-4022-bd56-d9b5c4d884ee->33d4fa9a-f1b5-45a2-9ce3-43c86fd82df2#0
org.apache.ratis.protocol.exceptions.GroupMismatchException: 33d4fa9a-f1b5-45a2-9ce3-43c86fd82df2: group-9461FA60FDFB not found.
	at org.apache.ratis.server.impl.RaftServerProxy$ImplMap.get(RaftServerProxy.java:154)
	at org.apache.ratis.server.impl.RaftServerProxy.getImplFuture(RaftServerProxy.java:364)
	at org.apache.ratis.server.impl.RaftServerProxy.getImpl(RaftServerProxy.java:373)
	at org.apache.ratis.server.impl.RaftServerProxy.getImpl(RaftServerProxy.java:368)
	at org.apache.ratis.server.impl.RaftServerProxy.requestVote(RaftServerProxy.java:632)
	at org.apache.ratis.grpc.server.GrpcServerProtocolService.requestVote(GrpcServerProtocolService.java:192)
	at org.apache.ratis.proto.grpc.RaftServerProtocolServiceGrpc$MethodHandlers.invoke(RaftServerProtocolServiceGrpc.java:428)
	at org.apache.ratis.thirdparty.io.grpc.stub.ServerCalls$UnaryServerCallHandler$UnaryServerCallListener.onHalfClose(ServerCalls.java:182)
	at org.apache.ratis.thirdparty.io.grpc.PartialForwardingServerCallListener.onHalfClose(PartialForwardingServerCallListener.java:35)
	at org.apache.ratis.thirdparty.io.grpc.ForwardingServerCallListener.onHalfClose(ForwardingServerCallListener.java:23)
	at org.apache.ratis.thirdparty.io.grpc.internal.ServerCallImpl$ServerStreamListenerImpl.halfClosed(ServerCallImpl.java:351)
	at org.apache.ratis.thirdparty.io.grpc.internal.ServerImpl$JumpToApplicationThreadServerStreamListener$1HalfClosed.runInContext(ServerImpl.java:860)
	at org.apache.ratis.thirdparty.io.grpc.internal.ContextRunnable.run(ContextRunnable.java:37)
	at org.apache.ratis.thirdparty.io.grpc.internal.SerializingExecutor.run(SerializingExecutor.java:133)
	at java.util.concurrent.ThreadPoolExecutor.runWorker(ThreadPoolExecutor.java:1149)
	at java.util.concurrent.ThreadPoolExecutor$Worker.run(ThreadPoolExecutor.java:624)
	at java.lang.Thread.run(Thread.java:750)
2024-04-21 07:24:14,065 [grpc-default-executor-11] WARN  server.GrpcServerProtocolService (LogUtils.java:warn(123)) - 9387e6e8-bf6d-4d10-9dc1-f1bd05fc02cf: Failed requestVote 6cf56e53-88cb-4022-bd56-d9b5c4d884ee->9387e6e8-bf6d-4d10-9dc1-f1bd05fc02cf#0
org.apache.ratis.protocol.exceptions.GroupMismatchException: 9387e6e8-bf6d-4d10-9dc1-f1bd05fc02cf: group-9461FA60FDFB not found.
	at org.apache.ratis.server.impl.RaftServerProxy$ImplMap.get(RaftServerProxy.java:154)
	at org.apache.ratis.server.impl.RaftServerProxy.getImplFuture(RaftServerProxy.java:364)
	at org.apache.ratis.server.impl.RaftServerProxy.getImpl(RaftServerProxy.java:373)
	at org.apache.ratis.server.impl.RaftServerProxy.getImpl(RaftServerProxy.java:368)
	at org.apache.ratis.server.impl.RaftServerProxy.requestVote(RaftServerProxy.java:632)
	at org.apache.ratis.grpc.server.GrpcServerProtocolService.requestVote(GrpcServerProtocolService.java:192)
	at org.apache.ratis.proto.grpc.RaftServerProtocolServiceGrpc$MethodHandlers.invoke(RaftServerProtocolServiceGrpc.java:428)
	at org.apache.ratis.thirdparty.io.grpc.stub.ServerCalls$UnaryServerCallHandler$UnaryServerCallListener.onHalfClose(ServerCalls.java:182)
	at org.apache.ratis.thirdparty.io.grpc.PartialForwardingServerCallListener.onHalfClose(PartialForwardingServerCallListener.java:35)
	at org.apache.ratis.thirdparty.io.grpc.ForwardingServerCallListener.onHalfClose(ForwardingServerCallListener.java:23)
	at org.apache.ratis.thirdparty.io.grpc.internal.ServerCallImpl$ServerStreamListenerImpl.halfClosed(ServerCallImpl.java:351)
	at org.apache.ratis.thirdparty.io.grpc.internal.ServerImpl$JumpToApplicationThreadServerStreamListener$1HalfClosed.runInContext(ServerImpl.java:860)
	at org.apache.ratis.thirdparty.io.grpc.internal.ContextRunnable.run(ContextRunnable.java:37)
	at org.apache.ratis.thirdparty.io.grpc.internal.SerializingExecutor.run(SerializingExecutor.java:133)
	at java.util.concurrent.ThreadPoolExecutor.runWorker(ThreadPoolExecutor.java:1149)
	at java.util.concurrent.ThreadPoolExecutor$Worker.run(ThreadPoolExecutor.java:624)
	at java.lang.Thread.run(Thread.java:750)
2024-04-21 07:24:14,066 [6cf56e53-88cb-4022-bd56-d9b5c4d884ee@group-9461FA60FDFB-LeaderElection62] INFO  impl.LeaderElection (LogUtils.java:infoOrTrace(136)) - 6cf56e53-88cb-4022-bd56-d9b5c4d884ee@group-9461FA60FDFB-LeaderElection62 got exception when requesting votes: java.util.concurrent.ExecutionException: org.apache.ratis.thirdparty.io.grpc.StatusRuntimeException: INTERNAL: 33d4fa9a-f1b5-45a2-9ce3-43c86fd82df2: group-9461FA60FDFB not found.
2024-04-21 07:24:14,067 [6cf56e53-88cb-4022-bd56-d9b5c4d884ee@group-9461FA60FDFB-LeaderElection62] INFO  impl.LeaderElection (LogUtils.java:infoOrTrace(136)) - 6cf56e53-88cb-4022-bd56-d9b5c4d884ee@group-9461FA60FDFB-LeaderElection62 got exception when requesting votes: java.util.concurrent.ExecutionException: org.apache.ratis.thirdparty.io.grpc.StatusRuntimeException: INTERNAL: 9387e6e8-bf6d-4d10-9dc1-f1bd05fc02cf: group-9461FA60FDFB not found.
2024-04-21 07:24:14,067 [6cf56e53-88cb-4022-bd56-d9b5c4d884ee@group-9461FA60FDFB-LeaderElection62] INFO  impl.LeaderElection (LeaderElection.java:logAndReturn(89)) - 6cf56e53-88cb-4022-bd56-d9b5c4d884ee@group-9461FA60FDFB-LeaderElection62: PRE_VOTE REJECTED received 0 response(s) and 2 exception(s):
2024-04-21 07:24:14,067 [6cf56e53-88cb-4022-bd56-d9b5c4d884ee@group-9461FA60FDFB-LeaderElection62] INFO  impl.LeaderElection (LogUtils.java:infoOrTrace(136)) -   Exception 0: java.util.concurrent.ExecutionException: org.apache.ratis.thirdparty.io.grpc.StatusRuntimeException: INTERNAL: 33d4fa9a-f1b5-45a2-9ce3-43c86fd82df2: group-9461FA60FDFB not found.
2024-04-21 07:24:14,067 [6cf56e53-88cb-4022-bd56-d9b5c4d884ee@group-9461FA60FDFB-LeaderElection62] INFO  impl.LeaderElection (LogUtils.java:infoOrTrace(136)) -   Exception 1: java.util.concurrent.ExecutionException: org.apache.ratis.thirdparty.io.grpc.StatusRuntimeException: INTERNAL: 9387e6e8-bf6d-4d10-9dc1-f1bd05fc02cf: group-9461FA60FDFB not found.
2024-04-21 07:24:14,067 [6cf56e53-88cb-4022-bd56-d9b5c4d884ee@group-9461FA60FDFB-LeaderElection62] INFO  impl.LeaderElection (LeaderElection.java:askForVotes(323)) - 6cf56e53-88cb-4022-bd56-d9b5c4d884ee@group-9461FA60FDFB-LeaderElection62 PRE_VOTE round 0: result REJECTED
2024-04-21 07:24:14,067 [6cf56e53-88cb-4022-bd56-d9b5c4d884ee@group-9461FA60FDFB-LeaderElection62] INFO  server.RaftServer$Division (RaftServerImpl.java:setRole(383)) - 6cf56e53-88cb-4022-bd56-d9b5c4d884ee@group-9461FA60FDFB: changes role from CANDIDATE to FOLLOWER at term 1 for REJECTED
2024-04-21 07:24:14,067 [6cf56e53-88cb-4022-bd56-d9b5c4d884ee@group-9461FA60FDFB-LeaderElection62] INFO  impl.RoleInfo (RoleInfo.java:shutdownLeaderElection(130)) - 6cf56e53-88cb-4022-bd56-d9b5c4d884ee: shutdown 6cf56e53-88cb-4022-bd56-d9b5c4d884ee@group-9461FA60FDFB-LeaderElection62
2024-04-21 07:24:14,067 [6cf56e53-88cb-4022-bd56-d9b5c4d884ee@group-9461FA60FDFB-LeaderElection62] INFO  impl.RoleInfo (RoleInfo.java:updateAndGet(139)) - 6cf56e53-88cb-4022-bd56-d9b5c4d884ee: start 6cf56e53-88cb-4022-bd56-d9b5c4d884ee@group-9461FA60FDFB-FollowerState
2024-04-21 07:24:14,568 [main] INFO  ozone.MiniOzoneClusterImpl (MiniOzoneClusterImpl.java:lambda$waitForClusterToBeReady$0(194)) - Waiting for nodes to be ready. Got 4 of 5 DN Heartbeats.
2024-04-21 07:24:14,568 [main] INFO  ozone.MiniOzoneClusterImpl (MiniOzoneClusterImpl.java:lambda$waitForClusterToBeReady$0(197)) - Cluster exits safe mode
2024-04-21 07:24:14,568 [main] INFO  ozone.MiniOzoneClusterImpl (MiniOzoneClusterImpl.java:lambda$waitForClusterToBeReady$0(199)) - SCM became leader
2024-04-21 07:24:15,569 [main] INFO  ozone.MiniOzoneClusterImpl (MiniOzoneClusterImpl.java:lambda$waitForClusterToBeReady$0(194)) - Waiting for nodes to be ready. Got 4 of 5 DN Heartbeats.
2024-04-21 07:24:15,569 [main] INFO  ozone.MiniOzoneClusterImpl (MiniOzoneClusterImpl.java:lambda$waitForClusterToBeReady$0(197)) - Cluster exits safe mode
2024-04-21 07:24:15,569 [main] INFO  ozone.MiniOzoneClusterImpl (MiniOzoneClusterImpl.java:lambda$waitForClusterToBeReady$0(199)) - SCM became leader
2024-04-21 07:24:16,569 [main] INFO  ozone.MiniOzoneClusterImpl (MiniOzoneClusterImpl.java:lambda$waitForClusterToBeReady$0(194)) - Waiting for nodes to be ready. Got 4 of 5 DN Heartbeats.
2024-04-21 07:24:16,570 [main] INFO  ozone.MiniOzoneClusterImpl (MiniOzoneClusterImpl.java:lambda$waitForClusterToBeReady$0(197)) - Cluster exits safe mode
2024-04-21 07:24:16,570 [main] INFO  ozone.MiniOzoneClusterImpl (MiniOzoneClusterImpl.java:lambda$waitForClusterToBeReady$0(199)) - SCM became leader
2024-04-21 07:24:17,570 [main] INFO  ozone.MiniOzoneClusterImpl (MiniOzoneClusterImpl.java:lambda$waitForClusterToBeReady$0(194)) - Waiting for nodes to be ready. Got 4 of 5 DN Heartbeats.
2024-04-21 07:24:17,571 [main] INFO  ozone.MiniOzoneClusterImpl (MiniOzoneClusterImpl.java:lambda$waitForClusterToBeReady$0(197)) - Cluster exits safe mode
2024-04-21 07:24:17,571 [main] INFO  ozone.MiniOzoneClusterImpl (MiniOzoneClusterImpl.java:lambda$waitForClusterToBeReady$0(199)) - SCM became leader
2024-04-21 07:24:18,571 [main] INFO  ozone.MiniOzoneClusterImpl (MiniOzoneClusterImpl.java:lambda$waitForClusterToBeReady$0(194)) - Waiting for nodes to be ready. Got 4 of 5 DN Heartbeats.
2024-04-21 07:24:18,571 [main] INFO  ozone.MiniOzoneClusterImpl (MiniOzoneClusterImpl.java:lambda$waitForClusterToBeReady$0(197)) - Cluster exits safe mode
2024-04-21 07:24:18,571 [main] INFO  ozone.MiniOzoneClusterImpl (MiniOzoneClusterImpl.java:lambda$waitForClusterToBeReady$0(199)) - SCM became leader
2024-04-21 07:24:19,087 [6cf56e53-88cb-4022-bd56-d9b5c4d884ee@group-9461FA60FDFB-FollowerState] INFO  impl.FollowerState (FollowerState.java:run(143)) - 6cf56e53-88cb-4022-bd56-d9b5c4d884ee@group-9461FA60FDFB-FollowerState: change to CANDIDATE, lastRpcElapsedTime:5019718212ns, electionTimeout:5019ms
2024-04-21 07:24:19,087 [6cf56e53-88cb-4022-bd56-d9b5c4d884ee@group-9461FA60FDFB-FollowerState] INFO  impl.RoleInfo (RoleInfo.java:shutdownFollowerState(110)) - 6cf56e53-88cb-4022-bd56-d9b5c4d884ee: shutdown 6cf56e53-88cb-4022-bd56-d9b5c4d884ee@group-9461FA60FDFB-FollowerState
2024-04-21 07:24:19,087 [6cf56e53-88cb-4022-bd56-d9b5c4d884ee@group-9461FA60FDFB-FollowerState] INFO  server.RaftServer$Division (RaftServerImpl.java:setRole(383)) - 6cf56e53-88cb-4022-bd56-d9b5c4d884ee@group-9461FA60FDFB: changes role from  FOLLOWER to CANDIDATE at term 1 for changeToCandidate
2024-04-21 07:24:19,087 [6cf56e53-88cb-4022-bd56-d9b5c4d884ee@group-9461FA60FDFB-FollowerState] INFO  server.RaftServerConfigKeys (ConfUtils.java:logGet(46)) - raft.server.leaderelection.pre-vote = true (default)
2024-04-21 07:24:19,087 [6cf56e53-88cb-4022-bd56-d9b5c4d884ee@group-9461FA60FDFB-FollowerState] INFO  impl.RoleInfo (RoleInfo.java:updateAndGet(139)) - 6cf56e53-88cb-4022-bd56-d9b5c4d884ee: start 6cf56e53-88cb-4022-bd56-d9b5c4d884ee@group-9461FA60FDFB-LeaderElection63
2024-04-21 07:24:19,089 [6cf56e53-88cb-4022-bd56-d9b5c4d884ee@group-9461FA60FDFB-LeaderElection63] INFO  impl.LeaderElection (LeaderElection.java:askForVotes(321)) - 6cf56e53-88cb-4022-bd56-d9b5c4d884ee@group-9461FA60FDFB-LeaderElection63 PRE_VOTE round 0: submit vote requests at term 1 for 0: peers:[6cf56e53-88cb-4022-bd56-d9b5c4d884ee|10.1.0.102:15138, 9387e6e8-bf6d-4d10-9dc1-f1bd05fc02cf|10.1.0.102:15120, 33d4fa9a-f1b5-45a2-9ce3-43c86fd82df2|10.1.0.102:15129]|listeners:[], old=null
2024-04-21 07:24:19,090 [grpc-default-executor-11] WARN  server.GrpcServerProtocolService (LogUtils.java:warn(123)) - 9387e6e8-bf6d-4d10-9dc1-f1bd05fc02cf: Failed requestVote 6cf56e53-88cb-4022-bd56-d9b5c4d884ee->9387e6e8-bf6d-4d10-9dc1-f1bd05fc02cf#0
org.apache.ratis.protocol.exceptions.GroupMismatchException: 9387e6e8-bf6d-4d10-9dc1-f1bd05fc02cf: group-9461FA60FDFB not found.
	at org.apache.ratis.server.impl.RaftServerProxy$ImplMap.get(RaftServerProxy.java:154)
	at org.apache.ratis.server.impl.RaftServerProxy.getImplFuture(RaftServerProxy.java:364)
	at org.apache.ratis.server.impl.RaftServerProxy.getImpl(RaftServerProxy.java:373)
	at org.apache.ratis.server.impl.RaftServerProxy.getImpl(RaftServerProxy.java:368)
	at org.apache.ratis.server.impl.RaftServerProxy.requestVote(RaftServerProxy.java:632)
	at org.apache.ratis.grpc.server.GrpcServerProtocolService.requestVote(GrpcServerProtocolService.java:192)
	at org.apache.ratis.proto.grpc.RaftServerProtocolServiceGrpc$MethodHandlers.invoke(RaftServerProtocolServiceGrpc.java:428)
	at org.apache.ratis.thirdparty.io.grpc.stub.ServerCalls$UnaryServerCallHandler$UnaryServerCallListener.onHalfClose(ServerCalls.java:182)
	at org.apache.ratis.thirdparty.io.grpc.PartialForwardingServerCallListener.onHalfClose(PartialForwardingServerCallListener.java:35)
	at org.apache.ratis.thirdparty.io.grpc.ForwardingServerCallListener.onHalfClose(ForwardingServerCallListener.java:23)
	at org.apache.ratis.thirdparty.io.grpc.internal.ServerCallImpl$ServerStreamListenerImpl.halfClosed(ServerCallImpl.java:351)
	at org.apache.ratis.thirdparty.io.grpc.internal.ServerImpl$JumpToApplicationThreadServerStreamListener$1HalfClosed.runInContext(ServerImpl.java:860)
	at org.apache.ratis.thirdparty.io.grpc.internal.ContextRunnable.run(ContextRunnable.java:37)
	at org.apache.ratis.thirdparty.io.grpc.internal.SerializingExecutor.run(SerializingExecutor.java:133)
	at java.util.concurrent.ThreadPoolExecutor.runWorker(ThreadPoolExecutor.java:1149)
	at java.util.concurrent.ThreadPoolExecutor$Worker.run(ThreadPoolExecutor.java:624)
	at java.lang.Thread.run(Thread.java:750)
2024-04-21 07:24:19,090 [grpc-default-executor-12] WARN  server.GrpcServerProtocolService (LogUtils.java:warn(123)) - 33d4fa9a-f1b5-45a2-9ce3-43c86fd82df2: Failed requestVote 6cf56e53-88cb-4022-bd56-d9b5c4d884ee->33d4fa9a-f1b5-45a2-9ce3-43c86fd82df2#0
org.apache.ratis.protocol.exceptions.GroupMismatchException: 33d4fa9a-f1b5-45a2-9ce3-43c86fd82df2: group-9461FA60FDFB not found.
	at org.apache.ratis.server.impl.RaftServerProxy$ImplMap.get(RaftServerProxy.java:154)
	at org.apache.ratis.server.impl.RaftServerProxy.getImplFuture(RaftServerProxy.java:364)
	at org.apache.ratis.server.impl.RaftServerProxy.getImpl(RaftServerProxy.java:373)
	at org.apache.ratis.server.impl.RaftServerProxy.getImpl(RaftServerProxy.java:368)
	at org.apache.ratis.server.impl.RaftServerProxy.requestVote(RaftServerProxy.java:632)
	at org.apache.ratis.grpc.server.GrpcServerProtocolService.requestVote(GrpcServerProtocolService.java:192)
	at org.apache.ratis.proto.grpc.RaftServerProtocolServiceGrpc$MethodHandlers.invoke(RaftServerProtocolServiceGrpc.java:428)
	at org.apache.ratis.thirdparty.io.grpc.stub.ServerCalls$UnaryServerCallHandler$UnaryServerCallListener.onHalfClose(ServerCalls.java:182)
	at org.apache.ratis.thirdparty.io.grpc.PartialForwardingServerCallListener.onHalfClose(PartialForwardingServerCallListener.java:35)
	at org.apache.ratis.thirdparty.io.grpc.ForwardingServerCallListener.onHalfClose(ForwardingServerCallListener.java:23)
	at org.apache.ratis.thirdparty.io.grpc.internal.ServerCallImpl$ServerStreamListenerImpl.halfClosed(ServerCallImpl.java:351)
	at org.apache.ratis.thirdparty.io.grpc.internal.ServerImpl$JumpToApplicationThreadServerStreamListener$1HalfClosed.runInContext(ServerImpl.java:860)
	at org.apache.ratis.thirdparty.io.grpc.internal.ContextRunnable.run(ContextRunnable.java:37)
	at org.apache.ratis.thirdparty.io.grpc.internal.SerializingExecutor.run(SerializingExecutor.java:133)
	at java.util.concurrent.ThreadPoolExecutor.runWorker(ThreadPoolExecutor.java:1149)
	at java.util.concurrent.ThreadPoolExecutor$Worker.run(ThreadPoolExecutor.java:624)
	at java.lang.Thread.run(Thread.java:750)
2024-04-21 07:24:19,091 [6cf56e53-88cb-4022-bd56-d9b5c4d884ee@group-9461FA60FDFB-LeaderElection63] INFO  impl.LeaderElection (LogUtils.java:infoOrTrace(136)) - 6cf56e53-88cb-4022-bd56-d9b5c4d884ee@group-9461FA60FDFB-LeaderElection63 got exception when requesting votes: java.util.concurrent.ExecutionException: org.apache.ratis.thirdparty.io.grpc.StatusRuntimeException: INTERNAL: 9387e6e8-bf6d-4d10-9dc1-f1bd05fc02cf: group-9461FA60FDFB not found.
2024-04-21 07:24:19,092 [6cf56e53-88cb-4022-bd56-d9b5c4d884ee@group-9461FA60FDFB-LeaderElection63] INFO  impl.LeaderElection (LogUtils.java:infoOrTrace(136)) - 6cf56e53-88cb-4022-bd56-d9b5c4d884ee@group-9461FA60FDFB-LeaderElection63 got exception when requesting votes: java.util.concurrent.ExecutionException: org.apache.ratis.thirdparty.io.grpc.StatusRuntimeException: INTERNAL: 33d4fa9a-f1b5-45a2-9ce3-43c86fd82df2: group-9461FA60FDFB not found.
2024-04-21 07:24:19,092 [6cf56e53-88cb-4022-bd56-d9b5c4d884ee@group-9461FA60FDFB-LeaderElection63] INFO  impl.LeaderElection (LeaderElection.java:logAndReturn(89)) - 6cf56e53-88cb-4022-bd56-d9b5c4d884ee@group-9461FA60FDFB-LeaderElection63: PRE_VOTE REJECTED received 0 response(s) and 2 exception(s):
2024-04-21 07:24:19,092 [6cf56e53-88cb-4022-bd56-d9b5c4d884ee@group-9461FA60FDFB-LeaderElection63] INFO  impl.LeaderElection (LogUtils.java:infoOrTrace(136)) -   Exception 0: java.util.concurrent.ExecutionException: org.apache.ratis.thirdparty.io.grpc.StatusRuntimeException: INTERNAL: 9387e6e8-bf6d-4d10-9dc1-f1bd05fc02cf: group-9461FA60FDFB not found.
2024-04-21 07:24:19,092 [6cf56e53-88cb-4022-bd56-d9b5c4d884ee@group-9461FA60FDFB-LeaderElection63] INFO  impl.LeaderElection (LogUtils.java:infoOrTrace(136)) -   Exception 1: java.util.concurrent.ExecutionException: org.apache.ratis.thirdparty.io.grpc.StatusRuntimeException: INTERNAL: 33d4fa9a-f1b5-45a2-9ce3-43c86fd82df2: group-9461FA60FDFB not found.
2024-04-21 07:24:19,092 [6cf56e53-88cb-4022-bd56-d9b5c4d884ee@group-9461FA60FDFB-LeaderElection63] INFO  impl.LeaderElection (LeaderElection.java:askForVotes(323)) - 6cf56e53-88cb-4022-bd56-d9b5c4d884ee@group-9461FA60FDFB-LeaderElection63 PRE_VOTE round 0: result REJECTED
2024-04-21 07:24:19,092 [6cf56e53-88cb-4022-bd56-d9b5c4d884ee@group-9461FA60FDFB-LeaderElection63] INFO  server.RaftServer$Division (RaftServerImpl.java:setRole(383)) - 6cf56e53-88cb-4022-bd56-d9b5c4d884ee@group-9461FA60FDFB: changes role from CANDIDATE to FOLLOWER at term 1 for REJECTED
2024-04-21 07:24:19,092 [6cf56e53-88cb-4022-bd56-d9b5c4d884ee@group-9461FA60FDFB-LeaderElection63] INFO  impl.RoleInfo (RoleInfo.java:shutdownLeaderElection(130)) - 6cf56e53-88cb-4022-bd56-d9b5c4d884ee: shutdown 6cf56e53-88cb-4022-bd56-d9b5c4d884ee@group-9461FA60FDFB-LeaderElection63
2024-04-21 07:24:19,092 [6cf56e53-88cb-4022-bd56-d9b5c4d884ee@group-9461FA60FDFB-LeaderElection63] INFO  impl.RoleInfo (RoleInfo.java:updateAndGet(139)) - 6cf56e53-88cb-4022-bd56-d9b5c4d884ee: start 6cf56e53-88cb-4022-bd56-d9b5c4d884ee@group-9461FA60FDFB-FollowerState
2024-04-21 07:24:19,572 [main] INFO  ozone.MiniOzoneClusterImpl (MiniOzoneClusterImpl.java:lambda$waitForClusterToBeReady$0(194)) - Waiting for nodes to be ready. Got 4 of 5 DN Heartbeats.
2024-04-21 07:24:19,572 [main] INFO  ozone.MiniOzoneClusterImpl (MiniOzoneClusterImpl.java:lambda$waitForClusterToBeReady$0(197)) - Cluster exits safe mode
2024-04-21 07:24:19,572 [main] INFO  ozone.MiniOzoneClusterImpl (MiniOzoneClusterImpl.java:lambda$waitForClusterToBeReady$0(199)) - SCM became leader
2024-04-21 07:24:20,572 [main] INFO  ozone.MiniOzoneClusterImpl (MiniOzoneClusterImpl.java:lambda$waitForClusterToBeReady$0(194)) - Waiting for nodes to be ready. Got 4 of 5 DN Heartbeats.
2024-04-21 07:24:20,573 [main] INFO  ozone.MiniOzoneClusterImpl (MiniOzoneClusterImpl.java:lambda$waitForClusterToBeReady$0(197)) - Cluster exits safe mode
2024-04-21 07:24:20,573 [main] INFO  ozone.MiniOzoneClusterImpl (MiniOzoneClusterImpl.java:lambda$waitForClusterToBeReady$0(199)) - SCM became leader
2024-04-21 07:24:21,573 [main] INFO  ozone.MiniOzoneClusterImpl (MiniOzoneClusterImpl.java:lambda$waitForClusterToBeReady$0(194)) - Waiting for nodes to be ready. Got 4 of 5 DN Heartbeats.
2024-04-21 07:24:21,574 [main] INFO  ozone.MiniOzoneClusterImpl (MiniOzoneClusterImpl.java:lambda$waitForClusterToBeReady$0(197)) - Cluster exits safe mode
2024-04-21 07:24:21,574 [main] INFO  ozone.MiniOzoneClusterImpl (MiniOzoneClusterImpl.java:lambda$waitForClusterToBeReady$0(199)) - SCM became leader
2024-04-21 07:24:22,574 [main] INFO  ozone.MiniOzoneClusterImpl (MiniOzoneClusterImpl.java:lambda$waitForClusterToBeReady$0(194)) - Waiting for nodes to be ready. Got 4 of 5 DN Heartbeats.
2024-04-21 07:24:22,574 [main] INFO  ozone.MiniOzoneClusterImpl (MiniOzoneClusterImpl.java:lambda$waitForClusterToBeReady$0(197)) - Cluster exits safe mode
2024-04-21 07:24:22,575 [main] INFO  ozone.MiniOzoneClusterImpl (MiniOzoneClusterImpl.java:lambda$waitForClusterToBeReady$0(199)) - SCM became leader
2024-04-21 07:24:23,575 [main] INFO  ozone.MiniOzoneClusterImpl (MiniOzoneClusterImpl.java:lambda$waitForClusterToBeReady$0(194)) - Waiting for nodes to be ready. Got 4 of 5 DN Heartbeats.
2024-04-21 07:24:23,575 [main] INFO  ozone.MiniOzoneClusterImpl (MiniOzoneClusterImpl.java:lambda$waitForClusterToBeReady$0(197)) - Cluster exits safe mode
2024-04-21 07:24:23,575 [main] INFO  ozone.MiniOzoneClusterImpl (MiniOzoneClusterImpl.java:lambda$waitForClusterToBeReady$0(199)) - SCM became leader
2024-04-21 07:24:23,842 [9387e6e8-bf6d-4d10-9dc1-f1bd05fc02cf-BlockDeletingService#4] INFO  interfaces.ContainerDeletionChoosingPolicyTemplate (ContainerDeletionChoosingPolicyTemplate.java:chooseContainerForBlockDeletion(85)) - Chosen 0/5000 blocks from 0 candidate containers.
2024-04-21 07:24:23,917 [33d4fa9a-f1b5-45a2-9ce3-43c86fd82df2-BlockDeletingService#0] INFO  interfaces.ContainerDeletionChoosingPolicyTemplate (ContainerDeletionChoosingPolicyTemplate.java:chooseContainerForBlockDeletion(85)) - Chosen 0/5000 blocks from 0 candidate containers.
2024-04-21 07:24:24,049 [a45323a7-bc80-446e-b427-0ffb34a72641-BlockDeletingService#0] INFO  interfaces.ContainerDeletionChoosingPolicyTemplate (ContainerDeletionChoosingPolicyTemplate.java:chooseContainerForBlockDeletion(85)) - Chosen 0/5000 blocks from 0 candidate containers.
2024-04-21 07:24:24,153 [80370d78-c36f-4d75-b7cb-6753407b0dff-BlockDeletingService#0] INFO  interfaces.ContainerDeletionChoosingPolicyTemplate (ContainerDeletionChoosingPolicyTemplate.java:chooseContainerForBlockDeletion(85)) - Chosen 0/5000 blocks from 0 candidate containers.
2024-04-21 07:24:24,194 [6cf56e53-88cb-4022-bd56-d9b5c4d884ee@group-9461FA60FDFB-FollowerState] INFO  impl.FollowerState (FollowerState.java:run(143)) - 6cf56e53-88cb-4022-bd56-d9b5c4d884ee@group-9461FA60FDFB-FollowerState: change to CANDIDATE, lastRpcElapsedTime:5102218576ns, electionTimeout:5102ms
2024-04-21 07:24:24,195 [6cf56e53-88cb-4022-bd56-d9b5c4d884ee@group-9461FA60FDFB-FollowerState] INFO  impl.RoleInfo (RoleInfo.java:shutdownFollowerState(110)) - 6cf56e53-88cb-4022-bd56-d9b5c4d884ee: shutdown 6cf56e53-88cb-4022-bd56-d9b5c4d884ee@group-9461FA60FDFB-FollowerState
2024-04-21 07:24:24,195 [6cf56e53-88cb-4022-bd56-d9b5c4d884ee@group-9461FA60FDFB-FollowerState] INFO  server.RaftServer$Division (RaftServerImpl.java:setRole(383)) - 6cf56e53-88cb-4022-bd56-d9b5c4d884ee@group-9461FA60FDFB: changes role from  FOLLOWER to CANDIDATE at term 1 for changeToCandidate
2024-04-21 07:24:24,195 [6cf56e53-88cb-4022-bd56-d9b5c4d884ee@group-9461FA60FDFB-FollowerState] INFO  server.RaftServerConfigKeys (ConfUtils.java:logGet(46)) - raft.server.leaderelection.pre-vote = true (default)
2024-04-21 07:24:24,195 [6cf56e53-88cb-4022-bd56-d9b5c4d884ee@group-9461FA60FDFB-FollowerState] INFO  impl.RoleInfo (RoleInfo.java:updateAndGet(139)) - 6cf56e53-88cb-4022-bd56-d9b5c4d884ee: start 6cf56e53-88cb-4022-bd56-d9b5c4d884ee@group-9461FA60FDFB-LeaderElection64
2024-04-21 07:24:24,196 [6cf56e53-88cb-4022-bd56-d9b5c4d884ee@group-9461FA60FDFB-LeaderElection64] INFO  impl.LeaderElection (LeaderElection.java:askForVotes(321)) - 6cf56e53-88cb-4022-bd56-d9b5c4d884ee@group-9461FA60FDFB-LeaderElection64 PRE_VOTE round 0: submit vote requests at term 1 for 0: peers:[6cf56e53-88cb-4022-bd56-d9b5c4d884ee|10.1.0.102:15138, 9387e6e8-bf6d-4d10-9dc1-f1bd05fc02cf|10.1.0.102:15120, 33d4fa9a-f1b5-45a2-9ce3-43c86fd82df2|10.1.0.102:15129]|listeners:[], old=null
2024-04-21 07:24:24,197 [grpc-default-executor-11] WARN  server.GrpcServerProtocolService (LogUtils.java:warn(123)) - 33d4fa9a-f1b5-45a2-9ce3-43c86fd82df2: Failed requestVote 6cf56e53-88cb-4022-bd56-d9b5c4d884ee->33d4fa9a-f1b5-45a2-9ce3-43c86fd82df2#0
org.apache.ratis.protocol.exceptions.GroupMismatchException: 33d4fa9a-f1b5-45a2-9ce3-43c86fd82df2: group-9461FA60FDFB not found.
	at org.apache.ratis.server.impl.RaftServerProxy$ImplMap.get(RaftServerProxy.java:154)
	at org.apache.ratis.server.impl.RaftServerProxy.getImplFuture(RaftServerProxy.java:364)
	at org.apache.ratis.server.impl.RaftServerProxy.getImpl(RaftServerProxy.java:373)
	at org.apache.ratis.server.impl.RaftServerProxy.getImpl(RaftServerProxy.java:368)
	at org.apache.ratis.server.impl.RaftServerProxy.requestVote(RaftServerProxy.java:632)
	at org.apache.ratis.grpc.server.GrpcServerProtocolService.requestVote(GrpcServerProtocolService.java:192)
	at org.apache.ratis.proto.grpc.RaftServerProtocolServiceGrpc$MethodHandlers.invoke(RaftServerProtocolServiceGrpc.java:428)
	at org.apache.ratis.thirdparty.io.grpc.stub.ServerCalls$UnaryServerCallHandler$UnaryServerCallListener.onHalfClose(ServerCalls.java:182)
	at org.apache.ratis.thirdparty.io.grpc.PartialForwardingServerCallListener.onHalfClose(PartialForwardingServerCallListener.java:35)
	at org.apache.ratis.thirdparty.io.grpc.ForwardingServerCallListener.onHalfClose(ForwardingServerCallListener.java:23)
	at org.apache.ratis.thirdparty.io.grpc.internal.ServerCallImpl$ServerStreamListenerImpl.halfClosed(ServerCallImpl.java:351)
	at org.apache.ratis.thirdparty.io.grpc.internal.ServerImpl$JumpToApplicationThreadServerStreamListener$1HalfClosed.runInContext(ServerImpl.java:860)
	at org.apache.ratis.thirdparty.io.grpc.internal.ContextRunnable.run(ContextRunnable.java:37)
	at org.apache.ratis.thirdparty.io.grpc.internal.SerializingExecutor.run(SerializingExecutor.java:133)
	at java.util.concurrent.ThreadPoolExecutor.runWorker(ThreadPoolExecutor.java:1149)
	at java.util.concurrent.ThreadPoolExecutor$Worker.run(ThreadPoolExecutor.java:624)
	at java.lang.Thread.run(Thread.java:750)
2024-04-21 07:24:24,197 [grpc-default-executor-12] WARN  server.GrpcServerProtocolService (LogUtils.java:warn(123)) - 9387e6e8-bf6d-4d10-9dc1-f1bd05fc02cf: Failed requestVote 6cf56e53-88cb-4022-bd56-d9b5c4d884ee->9387e6e8-bf6d-4d10-9dc1-f1bd05fc02cf#0
org.apache.ratis.protocol.exceptions.GroupMismatchException: 9387e6e8-bf6d-4d10-9dc1-f1bd05fc02cf: group-9461FA60FDFB not found.
	at org.apache.ratis.server.impl.RaftServerProxy$ImplMap.get(RaftServerProxy.java:154)
	at org.apache.ratis.server.impl.RaftServerProxy.getImplFuture(RaftServerProxy.java:364)
	at org.apache.ratis.server.impl.RaftServerProxy.getImpl(RaftServerProxy.java:373)
	at org.apache.ratis.server.impl.RaftServerProxy.getImpl(RaftServerProxy.java:368)
	at org.apache.ratis.server.impl.RaftServerProxy.requestVote(RaftServerProxy.java:632)
	at org.apache.ratis.grpc.server.GrpcServerProtocolService.requestVote(GrpcServerProtocolService.java:192)
	at org.apache.ratis.proto.grpc.RaftServerProtocolServiceGrpc$MethodHandlers.invoke(RaftServerProtocolServiceGrpc.java:428)
	at org.apache.ratis.thirdparty.io.grpc.stub.ServerCalls$UnaryServerCallHandler$UnaryServerCallListener.onHalfClose(ServerCalls.java:182)
	at org.apache.ratis.thirdparty.io.grpc.PartialForwardingServerCallListener.onHalfClose(PartialForwardingServerCallListener.java:35)
	at org.apache.ratis.thirdparty.io.grpc.ForwardingServerCallListener.onHalfClose(ForwardingServerCallListener.java:23)
	at org.apache.ratis.thirdparty.io.grpc.internal.ServerCallImpl$ServerStreamListenerImpl.halfClosed(ServerCallImpl.java:351)
	at org.apache.ratis.thirdparty.io.grpc.internal.ServerImpl$JumpToApplicationThreadServerStreamListener$1HalfClosed.runInContext(ServerImpl.java:860)
	at org.apache.ratis.thirdparty.io.grpc.internal.ContextRunnable.run(ContextRunnable.java:37)
	at org.apache.ratis.thirdparty.io.grpc.internal.SerializingExecutor.run(SerializingExecutor.java:133)
	at java.util.concurrent.ThreadPoolExecutor.runWorker(ThreadPoolExecutor.java:1149)
	at java.util.concurrent.ThreadPoolExecutor$Worker.run(ThreadPoolExecutor.java:624)
	at java.lang.Thread.run(Thread.java:750)
2024-04-21 07:24:24,200 [6cf56e53-88cb-4022-bd56-d9b5c4d884ee@group-9461FA60FDFB-LeaderElection64] INFO  impl.LeaderElection (LogUtils.java:infoOrTrace(136)) - 6cf56e53-88cb-4022-bd56-d9b5c4d884ee@group-9461FA60FDFB-LeaderElection64 got exception when requesting votes: java.util.concurrent.ExecutionException: org.apache.ratis.thirdparty.io.grpc.StatusRuntimeException: INTERNAL: 33d4fa9a-f1b5-45a2-9ce3-43c86fd82df2: group-9461FA60FDFB not found.
2024-04-21 07:24:24,200 [6cf56e53-88cb-4022-bd56-d9b5c4d884ee@group-9461FA60FDFB-LeaderElection64] INFO  impl.LeaderElection (LogUtils.java:infoOrTrace(136)) - 6cf56e53-88cb-4022-bd56-d9b5c4d884ee@group-9461FA60FDFB-LeaderElection64 got exception when requesting votes: java.util.concurrent.ExecutionException: org.apache.ratis.thirdparty.io.grpc.StatusRuntimeException: INTERNAL: 9387e6e8-bf6d-4d10-9dc1-f1bd05fc02cf: group-9461FA60FDFB not found.
2024-04-21 07:24:24,200 [6cf56e53-88cb-4022-bd56-d9b5c4d884ee@group-9461FA60FDFB-LeaderElection64] INFO  impl.LeaderElection (LeaderElection.java:logAndReturn(89)) - 6cf56e53-88cb-4022-bd56-d9b5c4d884ee@group-9461FA60FDFB-LeaderElection64: PRE_VOTE REJECTED received 0 response(s) and 2 exception(s):
2024-04-21 07:24:24,200 [6cf56e53-88cb-4022-bd56-d9b5c4d884ee@group-9461FA60FDFB-LeaderElection64] INFO  impl.LeaderElection (LogUtils.java:infoOrTrace(136)) -   Exception 0: java.util.concurrent.ExecutionException: org.apache.ratis.thirdparty.io.grpc.StatusRuntimeException: INTERNAL: 33d4fa9a-f1b5-45a2-9ce3-43c86fd82df2: group-9461FA60FDFB not found.
2024-04-21 07:24:24,200 [6cf56e53-88cb-4022-bd56-d9b5c4d884ee@group-9461FA60FDFB-LeaderElection64] INFO  impl.LeaderElection (LogUtils.java:infoOrTrace(136)) -   Exception 1: java.util.concurrent.ExecutionException: org.apache.ratis.thirdparty.io.grpc.StatusRuntimeException: INTERNAL: 9387e6e8-bf6d-4d10-9dc1-f1bd05fc02cf: group-9461FA60FDFB not found.
2024-04-21 07:24:24,200 [6cf56e53-88cb-4022-bd56-d9b5c4d884ee@group-9461FA60FDFB-LeaderElection64] INFO  impl.LeaderElection (LeaderElection.java:askForVotes(323)) - 6cf56e53-88cb-4022-bd56-d9b5c4d884ee@group-9461FA60FDFB-LeaderElection64 PRE_VOTE round 0: result REJECTED
2024-04-21 07:24:24,201 [6cf56e53-88cb-4022-bd56-d9b5c4d884ee@group-9461FA60FDFB-LeaderElection64] INFO  server.RaftServer$Division (RaftServerImpl.java:setRole(383)) - 6cf56e53-88cb-4022-bd56-d9b5c4d884ee@group-9461FA60FDFB: changes role from CANDIDATE to FOLLOWER at term 1 for REJECTED
2024-04-21 07:24:24,201 [6cf56e53-88cb-4022-bd56-d9b5c4d884ee@group-9461FA60FDFB-LeaderElection64] INFO  impl.RoleInfo (RoleInfo.java:shutdownLeaderElection(130)) - 6cf56e53-88cb-4022-bd56-d9b5c4d884ee: shutdown 6cf56e53-88cb-4022-bd56-d9b5c4d884ee@group-9461FA60FDFB-LeaderElection64
2024-04-21 07:24:24,201 [6cf56e53-88cb-4022-bd56-d9b5c4d884ee@group-9461FA60FDFB-LeaderElection64] INFO  impl.RoleInfo (RoleInfo.java:updateAndGet(139)) - 6cf56e53-88cb-4022-bd56-d9b5c4d884ee: start 6cf56e53-88cb-4022-bd56-d9b5c4d884ee@group-9461FA60FDFB-FollowerState
2024-04-21 07:24:24,576 [main] INFO  ozone.MiniOzoneClusterImpl (MiniOzoneClusterImpl.java:lambda$waitForClusterToBeReady$0(194)) - Waiting for nodes to be ready. Got 4 of 5 DN Heartbeats.
2024-04-21 07:24:24,576 [main] INFO  ozone.MiniOzoneClusterImpl (MiniOzoneClusterImpl.java:lambda$waitForClusterToBeReady$0(197)) - Cluster exits safe mode
2024-04-21 07:24:24,576 [main] INFO  ozone.MiniOzoneClusterImpl (MiniOzoneClusterImpl.java:lambda$waitForClusterToBeReady$0(199)) - SCM became leader
2024-04-21 07:24:24,741 [6cf56e53-88cb-4022-bd56-d9b5c4d884ee-DatanodeStateMachineDaemonThread] ERROR datanode.RunningDatanodeState (RunningDatanodeState.java:computeNextContainerState(207)) - Error in executing end point task.
java.util.concurrent.ExecutionException: java.util.concurrent.TimeoutException
	at java.util.concurrent.FutureTask.report(FutureTask.java:122)
	at java.util.concurrent.FutureTask.get(FutureTask.java:192)
	at org.apache.hadoop.ozone.container.common.states.datanode.RunningDatanodeState.computeNextContainerState(RunningDatanodeState.java:199)
	at org.apache.hadoop.ozone.container.common.states.datanode.RunningDatanodeState.await(RunningDatanodeState.java:239)
	at org.apache.hadoop.ozone.container.common.states.datanode.RunningDatanodeState.await(RunningDatanodeState.java:50)
	at org.apache.hadoop.ozone.container.common.statemachine.StateContext.execute(StateContext.java:682)
	at org.apache.hadoop.ozone.container.common.statemachine.DatanodeStateMachine.startStateMachineThread(DatanodeStateMachine.java:354)
	at org.apache.hadoop.ozone.container.common.statemachine.DatanodeStateMachine.lambda$startDaemon$1(DatanodeStateMachine.java:556)
	at java.lang.Thread.run(Thread.java:750)
Caused by: java.util.concurrent.TimeoutException
	at java.util.concurrent.FutureTask.get(FutureTask.java:205)
	at org.apache.hadoop.ozone.container.common.states.datanode.RunningDatanodeState.lambda$execute$0(RunningDatanodeState.java:157)
	at java.util.concurrent.FutureTask.run(FutureTask.java:266)
	at java.util.concurrent.Executors$RunnableAdapter.call(Executors.java:511)
	at java.util.concurrent.FutureTask.run(FutureTask.java:266)
	at java.util.concurrent.ThreadPoolExecutor.runWorker(ThreadPoolExecutor.java:1149)
	at java.util.concurrent.ThreadPoolExecutor$Worker.run(ThreadPoolExecutor.java:624)
	... 1 more
2024-04-21 07:24:25,576 [main] INFO  ozone.MiniOzoneClusterImpl (MiniOzoneClusterImpl.java:lambda$waitForClusterToBeReady$0(194)) - Waiting for nodes to be ready. Got 4 of 5 DN Heartbeats.
2024-04-21 07:24:25,577 [main] INFO  ozone.MiniOzoneClusterImpl (MiniOzoneClusterImpl.java:lambda$waitForClusterToBeReady$0(197)) - Cluster exits safe mode
2024-04-21 07:24:25,577 [main] INFO  ozone.MiniOzoneClusterImpl (MiniOzoneClusterImpl.java:lambda$waitForClusterToBeReady$0(199)) - SCM became leader
2024-04-21 07:24:26,577 [main] INFO  ozone.MiniOzoneClusterImpl (MiniOzoneClusterImpl.java:lambda$waitForClusterToBeReady$0(194)) - Waiting for nodes to be ready. Got 4 of 5 DN Heartbeats.
2024-04-21 07:24:26,577 [main] INFO  ozone.MiniOzoneClusterImpl (MiniOzoneClusterImpl.java:lambda$waitForClusterToBeReady$0(197)) - Cluster exits safe mode
2024-04-21 07:24:26,578 [main] INFO  ozone.MiniOzoneClusterImpl (MiniOzoneClusterImpl.java:lambda$waitForClusterToBeReady$0(199)) - SCM became leader
2024-04-21 07:24:27,578 [main] INFO  ozone.MiniOzoneClusterImpl (MiniOzoneClusterImpl.java:lambda$waitForClusterToBeReady$0(194)) - Waiting for nodes to be ready. Got 4 of 5 DN Heartbeats.
2024-04-21 07:24:27,578 [main] INFO  ozone.MiniOzoneClusterImpl (MiniOzoneClusterImpl.java:lambda$waitForClusterToBeReady$0(197)) - Cluster exits safe mode
2024-04-21 07:24:27,578 [main] INFO  ozone.MiniOzoneClusterImpl (MiniOzoneClusterImpl.java:lambda$waitForClusterToBeReady$0(199)) - SCM became leader
2024-04-21 07:24:28,579 [main] INFO  ozone.MiniOzoneClusterImpl (MiniOzoneClusterImpl.java:lambda$waitForClusterToBeReady$0(194)) - Waiting for nodes to be ready. Got 4 of 5 DN Heartbeats.
2024-04-21 07:24:28,579 [main] INFO  ozone.MiniOzoneClusterImpl (MiniOzoneClusterImpl.java:lambda$waitForClusterToBeReady$0(197)) - Cluster exits safe mode
2024-04-21 07:24:28,579 [main] INFO  ozone.MiniOzoneClusterImpl (MiniOzoneClusterImpl.java:lambda$waitForClusterToBeReady$0(199)) - SCM became leader
2024-04-21 07:24:29,295 [6cf56e53-88cb-4022-bd56-d9b5c4d884ee@group-9461FA60FDFB-FollowerState] INFO  impl.FollowerState (FollowerState.java:run(143)) - 6cf56e53-88cb-4022-bd56-d9b5c4d884ee@group-9461FA60FDFB-FollowerState: change to CANDIDATE, lastRpcElapsedTime:5094226873ns, electionTimeout:5094ms
2024-04-21 07:24:29,295 [6cf56e53-88cb-4022-bd56-d9b5c4d884ee@group-9461FA60FDFB-FollowerState] INFO  impl.RoleInfo (RoleInfo.java:shutdownFollowerState(110)) - 6cf56e53-88cb-4022-bd56-d9b5c4d884ee: shutdown 6cf56e53-88cb-4022-bd56-d9b5c4d884ee@group-9461FA60FDFB-FollowerState
2024-04-21 07:24:29,295 [6cf56e53-88cb-4022-bd56-d9b5c4d884ee@group-9461FA60FDFB-FollowerState] INFO  server.RaftServer$Division (RaftServerImpl.java:setRole(383)) - 6cf56e53-88cb-4022-bd56-d9b5c4d884ee@group-9461FA60FDFB: changes role from  FOLLOWER to CANDIDATE at term 1 for changeToCandidate
2024-04-21 07:24:29,295 [6cf56e53-88cb-4022-bd56-d9b5c4d884ee@group-9461FA60FDFB-FollowerState] INFO  server.RaftServerConfigKeys (ConfUtils.java:logGet(46)) - raft.server.leaderelection.pre-vote = true (default)
2024-04-21 07:24:29,295 [6cf56e53-88cb-4022-bd56-d9b5c4d884ee@group-9461FA60FDFB-FollowerState] INFO  impl.RoleInfo (RoleInfo.java:updateAndGet(139)) - 6cf56e53-88cb-4022-bd56-d9b5c4d884ee: start 6cf56e53-88cb-4022-bd56-d9b5c4d884ee@group-9461FA60FDFB-LeaderElection65
2024-04-21 07:24:29,297 [6cf56e53-88cb-4022-bd56-d9b5c4d884ee@group-9461FA60FDFB-LeaderElection65] INFO  impl.LeaderElection (LeaderElection.java:askForVotes(321)) - 6cf56e53-88cb-4022-bd56-d9b5c4d884ee@group-9461FA60FDFB-LeaderElection65 PRE_VOTE round 0: submit vote requests at term 1 for 0: peers:[6cf56e53-88cb-4022-bd56-d9b5c4d884ee|10.1.0.102:15138, 9387e6e8-bf6d-4d10-9dc1-f1bd05fc02cf|10.1.0.102:15120, 33d4fa9a-f1b5-45a2-9ce3-43c86fd82df2|10.1.0.102:15129]|listeners:[], old=null
2024-04-21 07:24:29,298 [grpc-default-executor-11] WARN  server.GrpcServerProtocolService (LogUtils.java:warn(123)) - 9387e6e8-bf6d-4d10-9dc1-f1bd05fc02cf: Failed requestVote 6cf56e53-88cb-4022-bd56-d9b5c4d884ee->9387e6e8-bf6d-4d10-9dc1-f1bd05fc02cf#0
org.apache.ratis.protocol.exceptions.GroupMismatchException: 9387e6e8-bf6d-4d10-9dc1-f1bd05fc02cf: group-9461FA60FDFB not found.
	at org.apache.ratis.server.impl.RaftServerProxy$ImplMap.get(RaftServerProxy.java:154)
	at org.apache.ratis.server.impl.RaftServerProxy.getImplFuture(RaftServerProxy.java:364)
	at org.apache.ratis.server.impl.RaftServerProxy.getImpl(RaftServerProxy.java:373)
	at org.apache.ratis.server.impl.RaftServerProxy.getImpl(RaftServerProxy.java:368)
	at org.apache.ratis.server.impl.RaftServerProxy.requestVote(RaftServerProxy.java:632)
	at org.apache.ratis.grpc.server.GrpcServerProtocolService.requestVote(GrpcServerProtocolService.java:192)
	at org.apache.ratis.proto.grpc.RaftServerProtocolServiceGrpc$MethodHandlers.invoke(RaftServerProtocolServiceGrpc.java:428)
	at org.apache.ratis.thirdparty.io.grpc.stub.ServerCalls$UnaryServerCallHandler$UnaryServerCallListener.onHalfClose(ServerCalls.java:182)
	at org.apache.ratis.thirdparty.io.grpc.PartialForwardingServerCallListener.onHalfClose(PartialForwardingServerCallListener.java:35)
	at org.apache.ratis.thirdparty.io.grpc.ForwardingServerCallListener.onHalfClose(ForwardingServerCallListener.java:23)
	at org.apache.ratis.thirdparty.io.grpc.internal.ServerCallImpl$ServerStreamListenerImpl.halfClosed(ServerCallImpl.java:351)
	at org.apache.ratis.thirdparty.io.grpc.internal.ServerImpl$JumpToApplicationThreadServerStreamListener$1HalfClosed.runInContext(ServerImpl.java:860)
	at org.apache.ratis.thirdparty.io.grpc.internal.ContextRunnable.run(ContextRunnable.java:37)
	at org.apache.ratis.thirdparty.io.grpc.internal.SerializingExecutor.run(SerializingExecutor.java:133)
	at java.util.concurrent.ThreadPoolExecutor.runWorker(ThreadPoolExecutor.java:1149)
	at java.util.concurrent.ThreadPoolExecutor$Worker.run(ThreadPoolExecutor.java:624)
	at java.lang.Thread.run(Thread.java:750)
2024-04-21 07:24:29,298 [grpc-default-executor-12] WARN  server.GrpcServerProtocolService (LogUtils.java:warn(123)) - 33d4fa9a-f1b5-45a2-9ce3-43c86fd82df2: Failed requestVote 6cf56e53-88cb-4022-bd56-d9b5c4d884ee->33d4fa9a-f1b5-45a2-9ce3-43c86fd82df2#0
org.apache.ratis.protocol.exceptions.GroupMismatchException: 33d4fa9a-f1b5-45a2-9ce3-43c86fd82df2: group-9461FA60FDFB not found.
	at org.apache.ratis.server.impl.RaftServerProxy$ImplMap.get(RaftServerProxy.java:154)
	at org.apache.ratis.server.impl.RaftServerProxy.getImplFuture(RaftServerProxy.java:364)
	at org.apache.ratis.server.impl.RaftServerProxy.getImpl(RaftServerProxy.java:373)
	at org.apache.ratis.server.impl.RaftServerProxy.getImpl(RaftServerProxy.java:368)
	at org.apache.ratis.server.impl.RaftServerProxy.requestVote(RaftServerProxy.java:632)
	at org.apache.ratis.grpc.server.GrpcServerProtocolService.requestVote(GrpcServerProtocolService.java:192)
	at org.apache.ratis.proto.grpc.RaftServerProtocolServiceGrpc$MethodHandlers.invoke(RaftServerProtocolServiceGrpc.java:428)
	at org.apache.ratis.thirdparty.io.grpc.stub.ServerCalls$UnaryServerCallHandler$UnaryServerCallListener.onHalfClose(ServerCalls.java:182)
	at org.apache.ratis.thirdparty.io.grpc.PartialForwardingServerCallListener.onHalfClose(PartialForwardingServerCallListener.java:35)
	at org.apache.ratis.thirdparty.io.grpc.ForwardingServerCallListener.onHalfClose(ForwardingServerCallListener.java:23)
	at org.apache.ratis.thirdparty.io.grpc.internal.ServerCallImpl$ServerStreamListenerImpl.halfClosed(ServerCallImpl.java:351)
	at org.apache.ratis.thirdparty.io.grpc.internal.ServerImpl$JumpToApplicationThreadServerStreamListener$1HalfClosed.runInContext(ServerImpl.java:860)
	at org.apache.ratis.thirdparty.io.grpc.internal.ContextRunnable.run(ContextRunnable.java:37)
	at org.apache.ratis.thirdparty.io.grpc.internal.SerializingExecutor.run(SerializingExecutor.java:133)
	at java.util.concurrent.ThreadPoolExecutor.runWorker(ThreadPoolExecutor.java:1149)
	at java.util.concurrent.ThreadPoolExecutor$Worker.run(ThreadPoolExecutor.java:624)
	at java.lang.Thread.run(Thread.java:750)
2024-04-21 07:24:29,299 [6cf56e53-88cb-4022-bd56-d9b5c4d884ee@group-9461FA60FDFB-LeaderElection65] INFO  impl.LeaderElection (LogUtils.java:infoOrTrace(136)) - 6cf56e53-88cb-4022-bd56-d9b5c4d884ee@group-9461FA60FDFB-LeaderElection65 got exception when requesting votes: java.util.concurrent.ExecutionException: org.apache.ratis.thirdparty.io.grpc.StatusRuntimeException: INTERNAL: 9387e6e8-bf6d-4d10-9dc1-f1bd05fc02cf: group-9461FA60FDFB not found.
2024-04-21 07:24:29,299 [6cf56e53-88cb-4022-bd56-d9b5c4d884ee@group-9461FA60FDFB-LeaderElection65] INFO  impl.LeaderElection (LogUtils.java:infoOrTrace(136)) - 6cf56e53-88cb-4022-bd56-d9b5c4d884ee@group-9461FA60FDFB-LeaderElection65 got exception when requesting votes: java.util.concurrent.ExecutionException: org.apache.ratis.thirdparty.io.grpc.StatusRuntimeException: INTERNAL: 33d4fa9a-f1b5-45a2-9ce3-43c86fd82df2: group-9461FA60FDFB not found.
2024-04-21 07:24:29,299 [6cf56e53-88cb-4022-bd56-d9b5c4d884ee@group-9461FA60FDFB-LeaderElection65] INFO  impl.LeaderElection (LeaderElection.java:logAndReturn(89)) - 6cf56e53-88cb-4022-bd56-d9b5c4d884ee@group-9461FA60FDFB-LeaderElection65: PRE_VOTE REJECTED received 0 response(s) and 2 exception(s):
2024-04-21 07:24:29,300 [6cf56e53-88cb-4022-bd56-d9b5c4d884ee@group-9461FA60FDFB-LeaderElection65] INFO  impl.LeaderElection (LogUtils.java:infoOrTrace(136)) -   Exception 0: java.util.concurrent.ExecutionException: org.apache.ratis.thirdparty.io.grpc.StatusRuntimeException: INTERNAL: 9387e6e8-bf6d-4d10-9dc1-f1bd05fc02cf: group-9461FA60FDFB not found.
2024-04-21 07:24:29,300 [6cf56e53-88cb-4022-bd56-d9b5c4d884ee@group-9461FA60FDFB-LeaderElection65] INFO  impl.LeaderElection (LogUtils.java:infoOrTrace(136)) -   Exception 1: java.util.concurrent.ExecutionException: org.apache.ratis.thirdparty.io.grpc.StatusRuntimeException: INTERNAL: 33d4fa9a-f1b5-45a2-9ce3-43c86fd82df2: group-9461FA60FDFB not found.
2024-04-21 07:24:29,300 [6cf56e53-88cb-4022-bd56-d9b5c4d884ee@group-9461FA60FDFB-LeaderElection65] INFO  impl.LeaderElection (LeaderElection.java:askForVotes(323)) - 6cf56e53-88cb-4022-bd56-d9b5c4d884ee@group-9461FA60FDFB-LeaderElection65 PRE_VOTE round 0: result REJECTED
2024-04-21 07:24:29,300 [6cf56e53-88cb-4022-bd56-d9b5c4d884ee@group-9461FA60FDFB-LeaderElection65] INFO  server.RaftServer$Division (RaftServerImpl.java:setRole(383)) - 6cf56e53-88cb-4022-bd56-d9b5c4d884ee@group-9461FA60FDFB: changes role from CANDIDATE to FOLLOWER at term 1 for REJECTED
2024-04-21 07:24:29,300 [6cf56e53-88cb-4022-bd56-d9b5c4d884ee@group-9461FA60FDFB-LeaderElection65] INFO  impl.RoleInfo (RoleInfo.java:shutdownLeaderElection(130)) - 6cf56e53-88cb-4022-bd56-d9b5c4d884ee: shutdown 6cf56e53-88cb-4022-bd56-d9b5c4d884ee@group-9461FA60FDFB-LeaderElection65
2024-04-21 07:24:29,300 [6cf56e53-88cb-4022-bd56-d9b5c4d884ee@group-9461FA60FDFB-LeaderElection65] INFO  impl.RoleInfo (RoleInfo.java:updateAndGet(139)) - 6cf56e53-88cb-4022-bd56-d9b5c4d884ee: start 6cf56e53-88cb-4022-bd56-d9b5c4d884ee@group-9461FA60FDFB-FollowerState
2024-04-21 07:24:29,579 [main] INFO  ozone.MiniOzoneClusterImpl (MiniOzoneClusterImpl.java:lambda$waitForClusterToBeReady$0(194)) - Waiting for nodes to be ready. Got 4 of 5 DN Heartbeats.
2024-04-21 07:24:29,580 [main] INFO  ozone.MiniOzoneClusterImpl (MiniOzoneClusterImpl.java:lambda$waitForClusterToBeReady$0(197)) - Cluster exits safe mode
2024-04-21 07:24:29,580 [main] INFO  ozone.MiniOzoneClusterImpl (MiniOzoneClusterImpl.java:lambda$waitForClusterToBeReady$0(199)) - SCM became leader
2024-04-21 07:24:30,580 [main] INFO  ozone.MiniOzoneClusterImpl (MiniOzoneClusterImpl.java:lambda$waitForClusterToBeReady$0(194)) - Waiting for nodes to be ready. Got 4 of 5 DN Heartbeats.
2024-04-21 07:24:30,580 [main] INFO  ozone.MiniOzoneClusterImpl (MiniOzoneClusterImpl.java:lambda$waitForClusterToBeReady$0(197)) - Cluster exits safe mode
2024-04-21 07:24:30,581 [main] INFO  ozone.MiniOzoneClusterImpl (MiniOzoneClusterImpl.java:lambda$waitForClusterToBeReady$0(199)) - SCM became leader
2024-04-21 07:24:31,581 [main] INFO  ozone.MiniOzoneClusterImpl (MiniOzoneClusterImpl.java:lambda$waitForClusterToBeReady$0(194)) - Waiting for nodes to be ready. Got 4 of 5 DN Heartbeats.
2024-04-21 07:24:31,581 [main] INFO  ozone.MiniOzoneClusterImpl (MiniOzoneClusterImpl.java:lambda$waitForClusterToBeReady$0(197)) - Cluster exits safe mode
2024-04-21 07:24:31,581 [main] INFO  ozone.MiniOzoneClusterImpl (MiniOzoneClusterImpl.java:lambda$waitForClusterToBeReady$0(199)) - SCM became leader
2024-04-21 07:24:32,582 [main] INFO  ozone.MiniOzoneClusterImpl (MiniOzoneClusterImpl.java:lambda$waitForClusterToBeReady$0(194)) - Waiting for nodes to be ready. Got 4 of 5 DN Heartbeats.
2024-04-21 07:24:32,582 [main] INFO  ozone.MiniOzoneClusterImpl (MiniOzoneClusterImpl.java:lambda$waitForClusterToBeReady$0(197)) - Cluster exits safe mode
2024-04-21 07:24:32,582 [main] INFO  ozone.MiniOzoneClusterImpl (MiniOzoneClusterImpl.java:lambda$waitForClusterToBeReady$0(199)) - SCM became leader
2024-04-21 07:24:33,582 [main] INFO  ozone.MiniOzoneClusterImpl (MiniOzoneClusterImpl.java:lambda$waitForClusterToBeReady$0(194)) - Waiting for nodes to be ready. Got 4 of 5 DN Heartbeats.
2024-04-21 07:24:33,583 [main] INFO  ozone.MiniOzoneClusterImpl (MiniOzoneClusterImpl.java:lambda$waitForClusterToBeReady$0(197)) - Cluster exits safe mode
2024-04-21 07:24:33,583 [main] INFO  ozone.MiniOzoneClusterImpl (MiniOzoneClusterImpl.java:lambda$waitForClusterToBeReady$0(199)) - SCM became leader
2024-04-21 07:24:34,453 [6cf56e53-88cb-4022-bd56-d9b5c4d884ee@group-9461FA60FDFB-FollowerState] INFO  impl.FollowerState (FollowerState.java:run(143)) - 6cf56e53-88cb-4022-bd56-d9b5c4d884ee@group-9461FA60FDFB-FollowerState: change to CANDIDATE, lastRpcElapsedTime:5153251460ns, electionTimeout:5153ms
2024-04-21 07:24:34,453 [6cf56e53-88cb-4022-bd56-d9b5c4d884ee@group-9461FA60FDFB-FollowerState] INFO  impl.RoleInfo (RoleInfo.java:shutdownFollowerState(110)) - 6cf56e53-88cb-4022-bd56-d9b5c4d884ee: shutdown 6cf56e53-88cb-4022-bd56-d9b5c4d884ee@group-9461FA60FDFB-FollowerState
2024-04-21 07:24:34,453 [6cf56e53-88cb-4022-bd56-d9b5c4d884ee@group-9461FA60FDFB-FollowerState] INFO  server.RaftServer$Division (RaftServerImpl.java:setRole(383)) - 6cf56e53-88cb-4022-bd56-d9b5c4d884ee@group-9461FA60FDFB: changes role from  FOLLOWER to CANDIDATE at term 1 for changeToCandidate
2024-04-21 07:24:34,454 [6cf56e53-88cb-4022-bd56-d9b5c4d884ee@group-9461FA60FDFB-FollowerState] INFO  server.RaftServerConfigKeys (ConfUtils.java:logGet(46)) - raft.server.leaderelection.pre-vote = true (default)
2024-04-21 07:24:34,454 [6cf56e53-88cb-4022-bd56-d9b5c4d884ee@group-9461FA60FDFB-FollowerState] INFO  impl.RoleInfo (RoleInfo.java:updateAndGet(139)) - 6cf56e53-88cb-4022-bd56-d9b5c4d884ee: start 6cf56e53-88cb-4022-bd56-d9b5c4d884ee@group-9461FA60FDFB-LeaderElection66
2024-04-21 07:24:34,455 [6cf56e53-88cb-4022-bd56-d9b5c4d884ee@group-9461FA60FDFB-LeaderElection66] INFO  impl.LeaderElection (LeaderElection.java:askForVotes(321)) - 6cf56e53-88cb-4022-bd56-d9b5c4d884ee@group-9461FA60FDFB-LeaderElection66 PRE_VOTE round 0: submit vote requests at term 1 for 0: peers:[6cf56e53-88cb-4022-bd56-d9b5c4d884ee|10.1.0.102:15138, 9387e6e8-bf6d-4d10-9dc1-f1bd05fc02cf|10.1.0.102:15120, 33d4fa9a-f1b5-45a2-9ce3-43c86fd82df2|10.1.0.102:15129]|listeners:[], old=null
2024-04-21 07:24:34,456 [grpc-default-executor-11] WARN  server.GrpcServerProtocolService (LogUtils.java:warn(123)) - 33d4fa9a-f1b5-45a2-9ce3-43c86fd82df2: Failed requestVote 6cf56e53-88cb-4022-bd56-d9b5c4d884ee->33d4fa9a-f1b5-45a2-9ce3-43c86fd82df2#0
org.apache.ratis.protocol.exceptions.GroupMismatchException: 33d4fa9a-f1b5-45a2-9ce3-43c86fd82df2: group-9461FA60FDFB not found.
	at org.apache.ratis.server.impl.RaftServerProxy$ImplMap.get(RaftServerProxy.java:154)
	at org.apache.ratis.server.impl.RaftServerProxy.getImplFuture(RaftServerProxy.java:364)
	at org.apache.ratis.server.impl.RaftServerProxy.getImpl(RaftServerProxy.java:373)
	at org.apache.ratis.server.impl.RaftServerProxy.getImpl(RaftServerProxy.java:368)
	at org.apache.ratis.server.impl.RaftServerProxy.requestVote(RaftServerProxy.java:632)
	at org.apache.ratis.grpc.server.GrpcServerProtocolService.requestVote(GrpcServerProtocolService.java:192)
	at org.apache.ratis.proto.grpc.RaftServerProtocolServiceGrpc$MethodHandlers.invoke(RaftServerProtocolServiceGrpc.java:428)
	at org.apache.ratis.thirdparty.io.grpc.stub.ServerCalls$UnaryServerCallHandler$UnaryServerCallListener.onHalfClose(ServerCalls.java:182)
	at org.apache.ratis.thirdparty.io.grpc.PartialForwardingServerCallListener.onHalfClose(PartialForwardingServerCallListener.java:35)
	at org.apache.ratis.thirdparty.io.grpc.ForwardingServerCallListener.onHalfClose(ForwardingServerCallListener.java:23)
	at org.apache.ratis.thirdparty.io.grpc.internal.ServerCallImpl$ServerStreamListenerImpl.halfClosed(ServerCallImpl.java:351)
	at org.apache.ratis.thirdparty.io.grpc.internal.ServerImpl$JumpToApplicationThreadServerStreamListener$1HalfClosed.runInContext(ServerImpl.java:860)
	at org.apache.ratis.thirdparty.io.grpc.internal.ContextRunnable.run(ContextRunnable.java:37)
	at org.apache.ratis.thirdparty.io.grpc.internal.SerializingExecutor.run(SerializingExecutor.java:133)
	at java.util.concurrent.ThreadPoolExecutor.runWorker(ThreadPoolExecutor.java:1149)
	at java.util.concurrent.ThreadPoolExecutor$Worker.run(ThreadPoolExecutor.java:624)
	at java.lang.Thread.run(Thread.java:750)
2024-04-21 07:24:34,456 [grpc-default-executor-12] WARN  server.GrpcServerProtocolService (LogUtils.java:warn(123)) - 9387e6e8-bf6d-4d10-9dc1-f1bd05fc02cf: Failed requestVote 6cf56e53-88cb-4022-bd56-d9b5c4d884ee->9387e6e8-bf6d-4d10-9dc1-f1bd05fc02cf#0
org.apache.ratis.protocol.exceptions.GroupMismatchException: 9387e6e8-bf6d-4d10-9dc1-f1bd05fc02cf: group-9461FA60FDFB not found.
	at org.apache.ratis.server.impl.RaftServerProxy$ImplMap.get(RaftServerProxy.java:154)
	at org.apache.ratis.server.impl.RaftServerProxy.getImplFuture(RaftServerProxy.java:364)
	at org.apache.ratis.server.impl.RaftServerProxy.getImpl(RaftServerProxy.java:373)
	at org.apache.ratis.server.impl.RaftServerProxy.getImpl(RaftServerProxy.java:368)
	at org.apache.ratis.server.impl.RaftServerProxy.requestVote(RaftServerProxy.java:632)
	at org.apache.ratis.grpc.server.GrpcServerProtocolService.requestVote(GrpcServerProtocolService.java:192)
	at org.apache.ratis.proto.grpc.RaftServerProtocolServiceGrpc$MethodHandlers.invoke(RaftServerProtocolServiceGrpc.java:428)
	at org.apache.ratis.thirdparty.io.grpc.stub.ServerCalls$UnaryServerCallHandler$UnaryServerCallListener.onHalfClose(ServerCalls.java:182)
	at org.apache.ratis.thirdparty.io.grpc.PartialForwardingServerCallListener.onHalfClose(PartialForwardingServerCallListener.java:35)
	at org.apache.ratis.thirdparty.io.grpc.ForwardingServerCallListener.onHalfClose(ForwardingServerCallListener.java:23)
	at org.apache.ratis.thirdparty.io.grpc.internal.ServerCallImpl$ServerStreamListenerImpl.halfClosed(ServerCallImpl.java:351)
	at org.apache.ratis.thirdparty.io.grpc.internal.ServerImpl$JumpToApplicationThreadServerStreamListener$1HalfClosed.runInContext(ServerImpl.java:860)
	at org.apache.ratis.thirdparty.io.grpc.internal.ContextRunnable.run(ContextRunnable.java:37)
	at org.apache.ratis.thirdparty.io.grpc.internal.SerializingExecutor.run(SerializingExecutor.java:133)
	at java.util.concurrent.ThreadPoolExecutor.runWorker(ThreadPoolExecutor.java:1149)
	at java.util.concurrent.ThreadPoolExecutor$Worker.run(ThreadPoolExecutor.java:624)
	at java.lang.Thread.run(Thread.java:750)
2024-04-21 07:24:34,460 [6cf56e53-88cb-4022-bd56-d9b5c4d884ee@group-9461FA60FDFB-LeaderElection66] INFO  impl.LeaderElection (LogUtils.java:infoOrTrace(136)) - 6cf56e53-88cb-4022-bd56-d9b5c4d884ee@group-9461FA60FDFB-LeaderElection66 got exception when requesting votes: java.util.concurrent.ExecutionException: org.apache.ratis.thirdparty.io.grpc.StatusRuntimeException: INTERNAL: 9387e6e8-bf6d-4d10-9dc1-f1bd05fc02cf: group-9461FA60FDFB not found.
2024-04-21 07:24:34,461 [6cf56e53-88cb-4022-bd56-d9b5c4d884ee@group-9461FA60FDFB-LeaderElection66] INFO  impl.LeaderElection (LogUtils.java:infoOrTrace(136)) - 6cf56e53-88cb-4022-bd56-d9b5c4d884ee@group-9461FA60FDFB-LeaderElection66 got exception when requesting votes: java.util.concurrent.ExecutionException: org.apache.ratis.thirdparty.io.grpc.StatusRuntimeException: INTERNAL: 33d4fa9a-f1b5-45a2-9ce3-43c86fd82df2: group-9461FA60FDFB not found.
2024-04-21 07:24:34,461 [6cf56e53-88cb-4022-bd56-d9b5c4d884ee@group-9461FA60FDFB-LeaderElection66] INFO  impl.LeaderElection (LeaderElection.java:logAndReturn(89)) - 6cf56e53-88cb-4022-bd56-d9b5c4d884ee@group-9461FA60FDFB-LeaderElection66: PRE_VOTE REJECTED received 0 response(s) and 2 exception(s):
2024-04-21 07:24:34,461 [6cf56e53-88cb-4022-bd56-d9b5c4d884ee@group-9461FA60FDFB-LeaderElection66] INFO  impl.LeaderElection (LogUtils.java:infoOrTrace(136)) -   Exception 0: java.util.concurrent.ExecutionException: org.apache.ratis.thirdparty.io.grpc.StatusRuntimeException: INTERNAL: 9387e6e8-bf6d-4d10-9dc1-f1bd05fc02cf: group-9461FA60FDFB not found.
2024-04-21 07:24:34,461 [6cf56e53-88cb-4022-bd56-d9b5c4d884ee@group-9461FA60FDFB-LeaderElection66] INFO  impl.LeaderElection (LogUtils.java:infoOrTrace(136)) -   Exception 1: java.util.concurrent.ExecutionException: org.apache.ratis.thirdparty.io.grpc.StatusRuntimeException: INTERNAL: 33d4fa9a-f1b5-45a2-9ce3-43c86fd82df2: group-9461FA60FDFB not found.
2024-04-21 07:24:34,461 [6cf56e53-88cb-4022-bd56-d9b5c4d884ee@group-9461FA60FDFB-LeaderElection66] INFO  impl.LeaderElection (LeaderElection.java:askForVotes(323)) - 6cf56e53-88cb-4022-bd56-d9b5c4d884ee@group-9461FA60FDFB-LeaderElection66 PRE_VOTE round 0: result REJECTED
2024-04-21 07:24:34,461 [6cf56e53-88cb-4022-bd56-d9b5c4d884ee@group-9461FA60FDFB-LeaderElection66] INFO  server.RaftServer$Division (RaftServerImpl.java:setRole(383)) - 6cf56e53-88cb-4022-bd56-d9b5c4d884ee@group-9461FA60FDFB: changes role from CANDIDATE to FOLLOWER at term 1 for REJECTED
2024-04-21 07:24:34,461 [6cf56e53-88cb-4022-bd56-d9b5c4d884ee@group-9461FA60FDFB-LeaderElection66] INFO  impl.RoleInfo (RoleInfo.java:shutdownLeaderElection(130)) - 6cf56e53-88cb-4022-bd56-d9b5c4d884ee: shutdown 6cf56e53-88cb-4022-bd56-d9b5c4d884ee@group-9461FA60FDFB-LeaderElection66
2024-04-21 07:24:34,461 [6cf56e53-88cb-4022-bd56-d9b5c4d884ee@group-9461FA60FDFB-LeaderElection66] INFO  impl.RoleInfo (RoleInfo.java:updateAndGet(139)) - 6cf56e53-88cb-4022-bd56-d9b5c4d884ee: start 6cf56e53-88cb-4022-bd56-d9b5c4d884ee@group-9461FA60FDFB-FollowerState
2024-04-21 07:24:34,583 [main] INFO  ozone.MiniOzoneClusterImpl (MiniOzoneClusterImpl.java:lambda$waitForClusterToBeReady$0(194)) - Waiting for nodes to be ready. Got 4 of 5 DN Heartbeats.
2024-04-21 07:24:34,584 [main] INFO  ozone.MiniOzoneClusterImpl (MiniOzoneClusterImpl.java:lambda$waitForClusterToBeReady$0(197)) - Cluster exits safe mode
2024-04-21 07:24:34,584 [main] INFO  ozone.MiniOzoneClusterImpl (MiniOzoneClusterImpl.java:lambda$waitForClusterToBeReady$0(199)) - SCM became leader
2024-04-21 07:24:35,584 [main] INFO  ozone.MiniOzoneClusterImpl (MiniOzoneClusterImpl.java:lambda$waitForClusterToBeReady$0(194)) - Waiting for nodes to be ready. Got 4 of 5 DN Heartbeats.
2024-04-21 07:24:35,584 [main] INFO  ozone.MiniOzoneClusterImpl (MiniOzoneClusterImpl.java:lambda$waitForClusterToBeReady$0(197)) - Cluster exits safe mode
2024-04-21 07:24:35,584 [main] INFO  ozone.MiniOzoneClusterImpl (MiniOzoneClusterImpl.java:lambda$waitForClusterToBeReady$0(199)) - SCM became leader
2024-04-21 07:24:36,585 [main] INFO  ozone.MiniOzoneClusterImpl (MiniOzoneClusterImpl.java:lambda$waitForClusterToBeReady$0(194)) - Waiting for nodes to be ready. Got 4 of 5 DN Heartbeats.
2024-04-21 07:24:36,585 [main] INFO  ozone.MiniOzoneClusterImpl (MiniOzoneClusterImpl.java:lambda$waitForClusterToBeReady$0(197)) - Cluster exits safe mode
2024-04-21 07:24:36,585 [main] INFO  ozone.MiniOzoneClusterImpl (MiniOzoneClusterImpl.java:lambda$waitForClusterToBeReady$0(199)) - SCM became leader
2024-04-21 07:24:37,586 [main] INFO  ozone.MiniOzoneClusterImpl (MiniOzoneClusterImpl.java:lambda$waitForClusterToBeReady$0(194)) - Waiting for nodes to be ready. Got 4 of 5 DN Heartbeats.
2024-04-21 07:24:37,586 [main] INFO  ozone.MiniOzoneClusterImpl (MiniOzoneClusterImpl.java:lambda$waitForClusterToBeReady$0(197)) - Cluster exits safe mode
2024-04-21 07:24:37,586 [main] INFO  ozone.MiniOzoneClusterImpl (MiniOzoneClusterImpl.java:lambda$waitForClusterToBeReady$0(199)) - SCM became leader
2024-04-21 07:24:38,586 [main] INFO  ozone.MiniOzoneClusterImpl (MiniOzoneClusterImpl.java:lambda$waitForClusterToBeReady$0(194)) - Waiting for nodes to be ready. Got 4 of 5 DN Heartbeats.
2024-04-21 07:24:38,587 [main] INFO  ozone.MiniOzoneClusterImpl (MiniOzoneClusterImpl.java:lambda$waitForClusterToBeReady$0(197)) - Cluster exits safe mode
2024-04-21 07:24:38,587 [main] INFO  ozone.MiniOzoneClusterImpl (MiniOzoneClusterImpl.java:lambda$waitForClusterToBeReady$0(199)) - SCM became leader
2024-04-21 07:24:39,490 [6cf56e53-88cb-4022-bd56-d9b5c4d884ee@group-9461FA60FDFB-FollowerState] INFO  impl.FollowerState (FollowerState.java:run(143)) - 6cf56e53-88cb-4022-bd56-d9b5c4d884ee@group-9461FA60FDFB-FollowerState: change to CANDIDATE, lastRpcElapsedTime:5028876659ns, electionTimeout:5028ms
2024-04-21 07:24:39,490 [6cf56e53-88cb-4022-bd56-d9b5c4d884ee@group-9461FA60FDFB-FollowerState] INFO  impl.RoleInfo (RoleInfo.java:shutdownFollowerState(110)) - 6cf56e53-88cb-4022-bd56-d9b5c4d884ee: shutdown 6cf56e53-88cb-4022-bd56-d9b5c4d884ee@group-9461FA60FDFB-FollowerState
2024-04-21 07:24:39,490 [6cf56e53-88cb-4022-bd56-d9b5c4d884ee@group-9461FA60FDFB-FollowerState] INFO  server.RaftServer$Division (RaftServerImpl.java:setRole(383)) - 6cf56e53-88cb-4022-bd56-d9b5c4d884ee@group-9461FA60FDFB: changes role from  FOLLOWER to CANDIDATE at term 1 for changeToCandidate
2024-04-21 07:24:39,490 [6cf56e53-88cb-4022-bd56-d9b5c4d884ee@group-9461FA60FDFB-FollowerState] INFO  server.RaftServerConfigKeys (ConfUtils.java:logGet(46)) - raft.server.leaderelection.pre-vote = true (default)
2024-04-21 07:24:39,490 [6cf56e53-88cb-4022-bd56-d9b5c4d884ee@group-9461FA60FDFB-FollowerState] INFO  impl.RoleInfo (RoleInfo.java:updateAndGet(139)) - 6cf56e53-88cb-4022-bd56-d9b5c4d884ee: start 6cf56e53-88cb-4022-bd56-d9b5c4d884ee@group-9461FA60FDFB-LeaderElection67
2024-04-21 07:24:39,492 [6cf56e53-88cb-4022-bd56-d9b5c4d884ee@group-9461FA60FDFB-LeaderElection67] INFO  impl.LeaderElection (LeaderElection.java:askForVotes(321)) - 6cf56e53-88cb-4022-bd56-d9b5c4d884ee@group-9461FA60FDFB-LeaderElection67 PRE_VOTE round 0: submit vote requests at term 1 for 0: peers:[6cf56e53-88cb-4022-bd56-d9b5c4d884ee|10.1.0.102:15138, 9387e6e8-bf6d-4d10-9dc1-f1bd05fc02cf|10.1.0.102:15120, 33d4fa9a-f1b5-45a2-9ce3-43c86fd82df2|10.1.0.102:15129]|listeners:[], old=null
2024-04-21 07:24:39,493 [grpc-default-executor-11] WARN  server.GrpcServerProtocolService (LogUtils.java:warn(123)) - 9387e6e8-bf6d-4d10-9dc1-f1bd05fc02cf: Failed requestVote 6cf56e53-88cb-4022-bd56-d9b5c4d884ee->9387e6e8-bf6d-4d10-9dc1-f1bd05fc02cf#0
org.apache.ratis.protocol.exceptions.GroupMismatchException: 9387e6e8-bf6d-4d10-9dc1-f1bd05fc02cf: group-9461FA60FDFB not found.
	at org.apache.ratis.server.impl.RaftServerProxy$ImplMap.get(RaftServerProxy.java:154)
	at org.apache.ratis.server.impl.RaftServerProxy.getImplFuture(RaftServerProxy.java:364)
	at org.apache.ratis.server.impl.RaftServerProxy.getImpl(RaftServerProxy.java:373)
	at org.apache.ratis.server.impl.RaftServerProxy.getImpl(RaftServerProxy.java:368)
	at org.apache.ratis.server.impl.RaftServerProxy.requestVote(RaftServerProxy.java:632)
	at org.apache.ratis.grpc.server.GrpcServerProtocolService.requestVote(GrpcServerProtocolService.java:192)
	at org.apache.ratis.proto.grpc.RaftServerProtocolServiceGrpc$MethodHandlers.invoke(RaftServerProtocolServiceGrpc.java:428)
	at org.apache.ratis.thirdparty.io.grpc.stub.ServerCalls$UnaryServerCallHandler$UnaryServerCallListener.onHalfClose(ServerCalls.java:182)
	at org.apache.ratis.thirdparty.io.grpc.PartialForwardingServerCallListener.onHalfClose(PartialForwardingServerCallListener.java:35)
	at org.apache.ratis.thirdparty.io.grpc.ForwardingServerCallListener.onHalfClose(ForwardingServerCallListener.java:23)
	at org.apache.ratis.thirdparty.io.grpc.internal.ServerCallImpl$ServerStreamListenerImpl.halfClosed(ServerCallImpl.java:351)
	at org.apache.ratis.thirdparty.io.grpc.internal.ServerImpl$JumpToApplicationThreadServerStreamListener$1HalfClosed.runInContext(ServerImpl.java:860)
	at org.apache.ratis.thirdparty.io.grpc.internal.ContextRunnable.run(ContextRunnable.java:37)
	at org.apache.ratis.thirdparty.io.grpc.internal.SerializingExecutor.run(SerializingExecutor.java:133)
	at java.util.concurrent.ThreadPoolExecutor.runWorker(ThreadPoolExecutor.java:1149)
	at java.util.concurrent.ThreadPoolExecutor$Worker.run(ThreadPoolExecutor.java:624)
	at java.lang.Thread.run(Thread.java:750)
2024-04-21 07:24:39,493 [grpc-default-executor-12] WARN  server.GrpcServerProtocolService (LogUtils.java:warn(123)) - 33d4fa9a-f1b5-45a2-9ce3-43c86fd82df2: Failed requestVote 6cf56e53-88cb-4022-bd56-d9b5c4d884ee->33d4fa9a-f1b5-45a2-9ce3-43c86fd82df2#0
org.apache.ratis.protocol.exceptions.GroupMismatchException: 33d4fa9a-f1b5-45a2-9ce3-43c86fd82df2: group-9461FA60FDFB not found.
	at org.apache.ratis.server.impl.RaftServerProxy$ImplMap.get(RaftServerProxy.java:154)
	at org.apache.ratis.server.impl.RaftServerProxy.getImplFuture(RaftServerProxy.java:364)
	at org.apache.ratis.server.impl.RaftServerProxy.getImpl(RaftServerProxy.java:373)
	at org.apache.ratis.server.impl.RaftServerProxy.getImpl(RaftServerProxy.java:368)
	at org.apache.ratis.server.impl.RaftServerProxy.requestVote(RaftServerProxy.java:632)
	at org.apache.ratis.grpc.server.GrpcServerProtocolService.requestVote(GrpcServerProtocolService.java:192)
	at org.apache.ratis.proto.grpc.RaftServerProtocolServiceGrpc$MethodHandlers.invoke(RaftServerProtocolServiceGrpc.java:428)
	at org.apache.ratis.thirdparty.io.grpc.stub.ServerCalls$UnaryServerCallHandler$UnaryServerCallListener.onHalfClose(ServerCalls.java:182)
	at org.apache.ratis.thirdparty.io.grpc.PartialForwardingServerCallListener.onHalfClose(PartialForwardingServerCallListener.java:35)
	at org.apache.ratis.thirdparty.io.grpc.ForwardingServerCallListener.onHalfClose(ForwardingServerCallListener.java:23)
	at org.apache.ratis.thirdparty.io.grpc.internal.ServerCallImpl$ServerStreamListenerImpl.halfClosed(ServerCallImpl.java:351)
	at org.apache.ratis.thirdparty.io.grpc.internal.ServerImpl$JumpToApplicationThreadServerStreamListener$1HalfClosed.runInContext(ServerImpl.java:860)
	at org.apache.ratis.thirdparty.io.grpc.internal.ContextRunnable.run(ContextRunnable.java:37)
	at org.apache.ratis.thirdparty.io.grpc.internal.SerializingExecutor.run(SerializingExecutor.java:133)
	at java.util.concurrent.ThreadPoolExecutor.runWorker(ThreadPoolExecutor.java:1149)
	at java.util.concurrent.ThreadPoolExecutor$Worker.run(ThreadPoolExecutor.java:624)
	at java.lang.Thread.run(Thread.java:750)
2024-04-21 07:24:39,494 [6cf56e53-88cb-4022-bd56-d9b5c4d884ee@group-9461FA60FDFB-LeaderElection67] INFO  impl.LeaderElection (LogUtils.java:infoOrTrace(136)) - 6cf56e53-88cb-4022-bd56-d9b5c4d884ee@group-9461FA60FDFB-LeaderElection67 got exception when requesting votes: java.util.concurrent.ExecutionException: org.apache.ratis.thirdparty.io.grpc.StatusRuntimeException: INTERNAL: 9387e6e8-bf6d-4d10-9dc1-f1bd05fc02cf: group-9461FA60FDFB not found.
2024-04-21 07:24:39,495 [6cf56e53-88cb-4022-bd56-d9b5c4d884ee@group-9461FA60FDFB-LeaderElection67] INFO  impl.LeaderElection (LogUtils.java:infoOrTrace(136)) - 6cf56e53-88cb-4022-bd56-d9b5c4d884ee@group-9461FA60FDFB-LeaderElection67 got exception when requesting votes: java.util.concurrent.ExecutionException: org.apache.ratis.thirdparty.io.grpc.StatusRuntimeException: INTERNAL: 33d4fa9a-f1b5-45a2-9ce3-43c86fd82df2: group-9461FA60FDFB not found.
2024-04-21 07:24:39,495 [6cf56e53-88cb-4022-bd56-d9b5c4d884ee@group-9461FA60FDFB-LeaderElection67] INFO  impl.LeaderElection (LeaderElection.java:logAndReturn(89)) - 6cf56e53-88cb-4022-bd56-d9b5c4d884ee@group-9461FA60FDFB-LeaderElection67: PRE_VOTE REJECTED received 0 response(s) and 2 exception(s):
2024-04-21 07:24:39,495 [6cf56e53-88cb-4022-bd56-d9b5c4d884ee@group-9461FA60FDFB-LeaderElection67] INFO  impl.LeaderElection (LogUtils.java:infoOrTrace(136)) -   Exception 0: java.util.concurrent.ExecutionException: org.apache.ratis.thirdparty.io.grpc.StatusRuntimeException: INTERNAL: 9387e6e8-bf6d-4d10-9dc1-f1bd05fc02cf: group-9461FA60FDFB not found.
2024-04-21 07:24:39,495 [6cf56e53-88cb-4022-bd56-d9b5c4d884ee@group-9461FA60FDFB-LeaderElection67] INFO  impl.LeaderElection (LogUtils.java:infoOrTrace(136)) -   Exception 1: java.util.concurrent.ExecutionException: org.apache.ratis.thirdparty.io.grpc.StatusRuntimeException: INTERNAL: 33d4fa9a-f1b5-45a2-9ce3-43c86fd82df2: group-9461FA60FDFB not found.
2024-04-21 07:24:39,495 [6cf56e53-88cb-4022-bd56-d9b5c4d884ee@group-9461FA60FDFB-LeaderElection67] INFO  impl.LeaderElection (LeaderElection.java:askForVotes(323)) - 6cf56e53-88cb-4022-bd56-d9b5c4d884ee@group-9461FA60FDFB-LeaderElection67 PRE_VOTE round 0: result REJECTED
2024-04-21 07:24:39,495 [6cf56e53-88cb-4022-bd56-d9b5c4d884ee@group-9461FA60FDFB-LeaderElection67] INFO  server.RaftServer$Division (RaftServerImpl.java:setRole(383)) - 6cf56e53-88cb-4022-bd56-d9b5c4d884ee@group-9461FA60FDFB: changes role from CANDIDATE to FOLLOWER at term 1 for REJECTED
2024-04-21 07:24:39,495 [6cf56e53-88cb-4022-bd56-d9b5c4d884ee@group-9461FA60FDFB-LeaderElection67] INFO  impl.RoleInfo (RoleInfo.java:shutdownLeaderElection(130)) - 6cf56e53-88cb-4022-bd56-d9b5c4d884ee: shutdown 6cf56e53-88cb-4022-bd56-d9b5c4d884ee@group-9461FA60FDFB-LeaderElection67
2024-04-21 07:24:39,495 [6cf56e53-88cb-4022-bd56-d9b5c4d884ee@group-9461FA60FDFB-LeaderElection67] INFO  impl.RoleInfo (RoleInfo.java:updateAndGet(139)) - 6cf56e53-88cb-4022-bd56-d9b5c4d884ee: start 6cf56e53-88cb-4022-bd56-d9b5c4d884ee@group-9461FA60FDFB-FollowerState
2024-04-21 07:24:39,587 [main] INFO  ozone.MiniOzoneClusterImpl (MiniOzoneClusterImpl.java:lambda$waitForClusterToBeReady$0(194)) - Waiting for nodes to be ready. Got 4 of 5 DN Heartbeats.
2024-04-21 07:24:39,587 [main] INFO  ozone.MiniOzoneClusterImpl (MiniOzoneClusterImpl.java:lambda$waitForClusterToBeReady$0(197)) - Cluster exits safe mode
2024-04-21 07:24:39,588 [main] INFO  ozone.MiniOzoneClusterImpl (MiniOzoneClusterImpl.java:lambda$waitForClusterToBeReady$0(199)) - SCM became leader
2024-04-21 07:24:40,588 [main] INFO  ozone.MiniOzoneClusterImpl (MiniOzoneClusterImpl.java:lambda$waitForClusterToBeReady$0(194)) - Waiting for nodes to be ready. Got 4 of 5 DN Heartbeats.
2024-04-21 07:24:40,588 [main] INFO  ozone.MiniOzoneClusterImpl (MiniOzoneClusterImpl.java:lambda$waitForClusterToBeReady$0(197)) - Cluster exits safe mode
2024-04-21 07:24:40,588 [main] INFO  ozone.MiniOzoneClusterImpl (MiniOzoneClusterImpl.java:lambda$waitForClusterToBeReady$0(199)) - SCM became leader
2024-04-21 07:24:41,589 [main] INFO  ozone.MiniOzoneClusterImpl (MiniOzoneClusterImpl.java:lambda$waitForClusterToBeReady$0(194)) - Waiting for nodes to be ready. Got 4 of 5 DN Heartbeats.
2024-04-21 07:24:41,589 [main] INFO  ozone.MiniOzoneClusterImpl (MiniOzoneClusterImpl.java:lambda$waitForClusterToBeReady$0(197)) - Cluster exits safe mode
2024-04-21 07:24:41,589 [main] INFO  ozone.MiniOzoneClusterImpl (MiniOzoneClusterImpl.java:lambda$waitForClusterToBeReady$0(199)) - SCM became leader
2024-04-21 07:24:42,589 [main] INFO  ozone.MiniOzoneClusterImpl (MiniOzoneClusterImpl.java:lambda$waitForClusterToBeReady$0(194)) - Waiting for nodes to be ready. Got 4 of 5 DN Heartbeats.
2024-04-21 07:24:42,590 [main] INFO  ozone.MiniOzoneClusterImpl (MiniOzoneClusterImpl.java:lambda$waitForClusterToBeReady$0(197)) - Cluster exits safe mode
2024-04-21 07:24:42,590 [main] INFO  ozone.MiniOzoneClusterImpl (MiniOzoneClusterImpl.java:lambda$waitForClusterToBeReady$0(199)) - SCM became leader
2024-04-21 07:24:43,590 [main] INFO  ozone.MiniOzoneClusterImpl (MiniOzoneClusterImpl.java:lambda$waitForClusterToBeReady$0(194)) - Waiting for nodes to be ready. Got 4 of 5 DN Heartbeats.
2024-04-21 07:24:43,591 [main] INFO  ozone.MiniOzoneClusterImpl (MiniOzoneClusterImpl.java:lambda$waitForClusterToBeReady$0(197)) - Cluster exits safe mode
2024-04-21 07:24:43,591 [main] INFO  ozone.MiniOzoneClusterImpl (MiniOzoneClusterImpl.java:lambda$waitForClusterToBeReady$0(199)) - SCM became leader
2024-04-21 07:24:44,591 [main] INFO  ozone.MiniOzoneClusterImpl (MiniOzoneClusterImpl.java:lambda$waitForClusterToBeReady$0(194)) - Waiting for nodes to be ready. Got 4 of 5 DN Heartbeats.
2024-04-21 07:24:44,591 [main] INFO  ozone.MiniOzoneClusterImpl (MiniOzoneClusterImpl.java:lambda$waitForClusterToBeReady$0(197)) - Cluster exits safe mode
2024-04-21 07:24:44,592 [main] INFO  ozone.MiniOzoneClusterImpl (MiniOzoneClusterImpl.java:lambda$waitForClusterToBeReady$0(199)) - SCM became leader
2024-04-21 07:24:44,596 [6cf56e53-88cb-4022-bd56-d9b5c4d884ee@group-9461FA60FDFB-FollowerState] INFO  impl.FollowerState (FollowerState.java:run(143)) - 6cf56e53-88cb-4022-bd56-d9b5c4d884ee@group-9461FA60FDFB-FollowerState: change to CANDIDATE, lastRpcElapsedTime:5100373390ns, electionTimeout:5100ms
2024-04-21 07:24:44,596 [6cf56e53-88cb-4022-bd56-d9b5c4d884ee@group-9461FA60FDFB-FollowerState] INFO  impl.RoleInfo (RoleInfo.java:shutdownFollowerState(110)) - 6cf56e53-88cb-4022-bd56-d9b5c4d884ee: shutdown 6cf56e53-88cb-4022-bd56-d9b5c4d884ee@group-9461FA60FDFB-FollowerState
2024-04-21 07:24:44,596 [6cf56e53-88cb-4022-bd56-d9b5c4d884ee@group-9461FA60FDFB-FollowerState] INFO  server.RaftServer$Division (RaftServerImpl.java:setRole(383)) - 6cf56e53-88cb-4022-bd56-d9b5c4d884ee@group-9461FA60FDFB: changes role from  FOLLOWER to CANDIDATE at term 1 for changeToCandidate
2024-04-21 07:24:44,596 [6cf56e53-88cb-4022-bd56-d9b5c4d884ee@group-9461FA60FDFB-FollowerState] INFO  server.RaftServerConfigKeys (ConfUtils.java:logGet(46)) - raft.server.leaderelection.pre-vote = true (default)
2024-04-21 07:24:44,596 [6cf56e53-88cb-4022-bd56-d9b5c4d884ee@group-9461FA60FDFB-FollowerState] INFO  impl.RoleInfo (RoleInfo.java:updateAndGet(139)) - 6cf56e53-88cb-4022-bd56-d9b5c4d884ee: start 6cf56e53-88cb-4022-bd56-d9b5c4d884ee@group-9461FA60FDFB-LeaderElection68
2024-04-21 07:24:44,598 [6cf56e53-88cb-4022-bd56-d9b5c4d884ee@group-9461FA60FDFB-LeaderElection68] INFO  impl.LeaderElection (LeaderElection.java:askForVotes(321)) - 6cf56e53-88cb-4022-bd56-d9b5c4d884ee@group-9461FA60FDFB-LeaderElection68 PRE_VOTE round 0: submit vote requests at term 1 for 0: peers:[6cf56e53-88cb-4022-bd56-d9b5c4d884ee|10.1.0.102:15138, 9387e6e8-bf6d-4d10-9dc1-f1bd05fc02cf|10.1.0.102:15120, 33d4fa9a-f1b5-45a2-9ce3-43c86fd82df2|10.1.0.102:15129]|listeners:[], old=null
2024-04-21 07:24:44,599 [grpc-default-executor-12] WARN  server.GrpcServerProtocolService (LogUtils.java:warn(123)) - 9387e6e8-bf6d-4d10-9dc1-f1bd05fc02cf: Failed requestVote 6cf56e53-88cb-4022-bd56-d9b5c4d884ee->9387e6e8-bf6d-4d10-9dc1-f1bd05fc02cf#0
org.apache.ratis.protocol.exceptions.GroupMismatchException: 9387e6e8-bf6d-4d10-9dc1-f1bd05fc02cf: group-9461FA60FDFB not found.
	at org.apache.ratis.server.impl.RaftServerProxy$ImplMap.get(RaftServerProxy.java:154)
	at org.apache.ratis.server.impl.RaftServerProxy.getImplFuture(RaftServerProxy.java:364)
	at org.apache.ratis.server.impl.RaftServerProxy.getImpl(RaftServerProxy.java:373)
	at org.apache.ratis.server.impl.RaftServerProxy.getImpl(RaftServerProxy.java:368)
	at org.apache.ratis.server.impl.RaftServerProxy.requestVote(RaftServerProxy.java:632)
	at org.apache.ratis.grpc.server.GrpcServerProtocolService.requestVote(GrpcServerProtocolService.java:192)
	at org.apache.ratis.proto.grpc.RaftServerProtocolServiceGrpc$MethodHandlers.invoke(RaftServerProtocolServiceGrpc.java:428)
	at org.apache.ratis.thirdparty.io.grpc.stub.ServerCalls$UnaryServerCallHandler$UnaryServerCallListener.onHalfClose(ServerCalls.java:182)
	at org.apache.ratis.thirdparty.io.grpc.PartialForwardingServerCallListener.onHalfClose(PartialForwardingServerCallListener.java:35)
	at org.apache.ratis.thirdparty.io.grpc.ForwardingServerCallListener.onHalfClose(ForwardingServerCallListener.java:23)
	at org.apache.ratis.thirdparty.io.grpc.internal.ServerCallImpl$ServerStreamListenerImpl.halfClosed(ServerCallImpl.java:351)
	at org.apache.ratis.thirdparty.io.grpc.internal.ServerImpl$JumpToApplicationThreadServerStreamListener$1HalfClosed.runInContext(ServerImpl.java:860)
	at org.apache.ratis.thirdparty.io.grpc.internal.ContextRunnable.run(ContextRunnable.java:37)
	at org.apache.ratis.thirdparty.io.grpc.internal.SerializingExecutor.run(SerializingExecutor.java:133)
	at java.util.concurrent.ThreadPoolExecutor.runWorker(ThreadPoolExecutor.java:1149)
	at java.util.concurrent.ThreadPoolExecutor$Worker.run(ThreadPoolExecutor.java:624)
	at java.lang.Thread.run(Thread.java:750)
2024-04-21 07:24:44,599 [grpc-default-executor-11] WARN  server.GrpcServerProtocolService (LogUtils.java:warn(123)) - 33d4fa9a-f1b5-45a2-9ce3-43c86fd82df2: Failed requestVote 6cf56e53-88cb-4022-bd56-d9b5c4d884ee->33d4fa9a-f1b5-45a2-9ce3-43c86fd82df2#0
org.apache.ratis.protocol.exceptions.GroupMismatchException: 33d4fa9a-f1b5-45a2-9ce3-43c86fd82df2: group-9461FA60FDFB not found.
	at org.apache.ratis.server.impl.RaftServerProxy$ImplMap.get(RaftServerProxy.java:154)
	at org.apache.ratis.server.impl.RaftServerProxy.getImplFuture(RaftServerProxy.java:364)
	at org.apache.ratis.server.impl.RaftServerProxy.getImpl(RaftServerProxy.java:373)
	at org.apache.ratis.server.impl.RaftServerProxy.getImpl(RaftServerProxy.java:368)
	at org.apache.ratis.server.impl.RaftServerProxy.requestVote(RaftServerProxy.java:632)
	at org.apache.ratis.grpc.server.GrpcServerProtocolService.requestVote(GrpcServerProtocolService.java:192)
	at org.apache.ratis.proto.grpc.RaftServerProtocolServiceGrpc$MethodHandlers.invoke(RaftServerProtocolServiceGrpc.java:428)
	at org.apache.ratis.thirdparty.io.grpc.stub.ServerCalls$UnaryServerCallHandler$UnaryServerCallListener.onHalfClose(ServerCalls.java:182)
	at org.apache.ratis.thirdparty.io.grpc.PartialForwardingServerCallListener.onHalfClose(PartialForwardingServerCallListener.java:35)
	at org.apache.ratis.thirdparty.io.grpc.ForwardingServerCallListener.onHalfClose(ForwardingServerCallListener.java:23)
	at org.apache.ratis.thirdparty.io.grpc.internal.ServerCallImpl$ServerStreamListenerImpl.halfClosed(ServerCallImpl.java:351)
	at org.apache.ratis.thirdparty.io.grpc.internal.ServerImpl$JumpToApplicationThreadServerStreamListener$1HalfClosed.runInContext(ServerImpl.java:860)
	at org.apache.ratis.thirdparty.io.grpc.internal.ContextRunnable.run(ContextRunnable.java:37)
	at org.apache.ratis.thirdparty.io.grpc.internal.SerializingExecutor.run(SerializingExecutor.java:133)
	at java.util.concurrent.ThreadPoolExecutor.runWorker(ThreadPoolExecutor.java:1149)
	at java.util.concurrent.ThreadPoolExecutor$Worker.run(ThreadPoolExecutor.java:624)
	at java.lang.Thread.run(Thread.java:750)
2024-04-21 07:24:44,602 [6cf56e53-88cb-4022-bd56-d9b5c4d884ee@group-9461FA60FDFB-LeaderElection68] INFO  impl.LeaderElection (LogUtils.java:infoOrTrace(136)) - 6cf56e53-88cb-4022-bd56-d9b5c4d884ee@group-9461FA60FDFB-LeaderElection68 got exception when requesting votes: java.util.concurrent.ExecutionException: org.apache.ratis.thirdparty.io.grpc.StatusRuntimeException: INTERNAL: 9387e6e8-bf6d-4d10-9dc1-f1bd05fc02cf: group-9461FA60FDFB not found.
2024-04-21 07:24:44,603 [6cf56e53-88cb-4022-bd56-d9b5c4d884ee@group-9461FA60FDFB-LeaderElection68] INFO  impl.LeaderElection (LogUtils.java:infoOrTrace(136)) - 6cf56e53-88cb-4022-bd56-d9b5c4d884ee@group-9461FA60FDFB-LeaderElection68 got exception when requesting votes: java.util.concurrent.ExecutionException: org.apache.ratis.thirdparty.io.grpc.StatusRuntimeException: INTERNAL: 33d4fa9a-f1b5-45a2-9ce3-43c86fd82df2: group-9461FA60FDFB not found.
2024-04-21 07:24:44,603 [6cf56e53-88cb-4022-bd56-d9b5c4d884ee@group-9461FA60FDFB-LeaderElection68] INFO  impl.LeaderElection (LeaderElection.java:logAndReturn(89)) - 6cf56e53-88cb-4022-bd56-d9b5c4d884ee@group-9461FA60FDFB-LeaderElection68: PRE_VOTE REJECTED received 0 response(s) and 2 exception(s):
2024-04-21 07:24:44,603 [6cf56e53-88cb-4022-bd56-d9b5c4d884ee@group-9461FA60FDFB-LeaderElection68] INFO  impl.LeaderElection (LogUtils.java:infoOrTrace(136)) -   Exception 0: java.util.concurrent.ExecutionException: org.apache.ratis.thirdparty.io.grpc.StatusRuntimeException: INTERNAL: 9387e6e8-bf6d-4d10-9dc1-f1bd05fc02cf: group-9461FA60FDFB not found.
2024-04-21 07:24:44,603 [6cf56e53-88cb-4022-bd56-d9b5c4d884ee@group-9461FA60FDFB-LeaderElection68] INFO  impl.LeaderElection (LogUtils.java:infoOrTrace(136)) -   Exception 1: java.util.concurrent.ExecutionException: org.apache.ratis.thirdparty.io.grpc.StatusRuntimeException: INTERNAL: 33d4fa9a-f1b5-45a2-9ce3-43c86fd82df2: group-9461FA60FDFB not found.
2024-04-21 07:24:44,603 [6cf56e53-88cb-4022-bd56-d9b5c4d884ee@group-9461FA60FDFB-LeaderElection68] INFO  impl.LeaderElection (LeaderElection.java:askForVotes(323)) - 6cf56e53-88cb-4022-bd56-d9b5c4d884ee@group-9461FA60FDFB-LeaderElection68 PRE_VOTE round 0: result REJECTED
2024-04-21 07:24:44,603 [6cf56e53-88cb-4022-bd56-d9b5c4d884ee@group-9461FA60FDFB-LeaderElection68] INFO  server.RaftServer$Division (RaftServerImpl.java:setRole(383)) - 6cf56e53-88cb-4022-bd56-d9b5c4d884ee@group-9461FA60FDFB: changes role from CANDIDATE to FOLLOWER at term 1 for REJECTED
2024-04-21 07:24:44,603 [6cf56e53-88cb-4022-bd56-d9b5c4d884ee@group-9461FA60FDFB-LeaderElection68] INFO  impl.RoleInfo (RoleInfo.java:shutdownLeaderElection(130)) - 6cf56e53-88cb-4022-bd56-d9b5c4d884ee: shutdown 6cf56e53-88cb-4022-bd56-d9b5c4d884ee@group-9461FA60FDFB-LeaderElection68
2024-04-21 07:24:44,603 [6cf56e53-88cb-4022-bd56-d9b5c4d884ee@group-9461FA60FDFB-LeaderElection68] INFO  impl.RoleInfo (RoleInfo.java:updateAndGet(139)) - 6cf56e53-88cb-4022-bd56-d9b5c4d884ee: start 6cf56e53-88cb-4022-bd56-d9b5c4d884ee@group-9461FA60FDFB-FollowerState
2024-04-21 07:24:45,592 [main] INFO  ozone.MiniOzoneClusterImpl (MiniOzoneClusterImpl.java:lambda$waitForClusterToBeReady$0(194)) - Waiting for nodes to be ready. Got 4 of 5 DN Heartbeats.
2024-04-21 07:24:45,592 [main] INFO  ozone.MiniOzoneClusterImpl (MiniOzoneClusterImpl.java:lambda$waitForClusterToBeReady$0(197)) - Cluster exits safe mode
2024-04-21 07:24:45,592 [main] INFO  ozone.MiniOzoneClusterImpl (MiniOzoneClusterImpl.java:lambda$waitForClusterToBeReady$0(199)) - SCM became leader
2024-04-21 07:24:46,593 [main] INFO  ozone.MiniOzoneClusterImpl (MiniOzoneClusterImpl.java:lambda$waitForClusterToBeReady$0(194)) - Waiting for nodes to be ready. Got 4 of 5 DN Heartbeats.
2024-04-21 07:24:46,593 [main] INFO  ozone.MiniOzoneClusterImpl (MiniOzoneClusterImpl.java:lambda$waitForClusterToBeReady$0(197)) - Cluster exits safe mode
2024-04-21 07:24:46,593 [main] INFO  ozone.MiniOzoneClusterImpl (MiniOzoneClusterImpl.java:lambda$waitForClusterToBeReady$0(199)) - SCM became leader
2024-04-21 07:24:47,593 [main] INFO  ozone.MiniOzoneClusterImpl (MiniOzoneClusterImpl.java:lambda$waitForClusterToBeReady$0(194)) - Waiting for nodes to be ready. Got 4 of 5 DN Heartbeats.
2024-04-21 07:24:47,594 [main] INFO  ozone.MiniOzoneClusterImpl (MiniOzoneClusterImpl.java:lambda$waitForClusterToBeReady$0(197)) - Cluster exits safe mode
2024-04-21 07:24:47,594 [main] INFO  ozone.MiniOzoneClusterImpl (MiniOzoneClusterImpl.java:lambda$waitForClusterToBeReady$0(199)) - SCM became leader
2024-04-21 07:24:48,594 [main] INFO  ozone.MiniOzoneClusterImpl (MiniOzoneClusterImpl.java:lambda$waitForClusterToBeReady$0(194)) - Waiting for nodes to be ready. Got 4 of 5 DN Heartbeats.
2024-04-21 07:24:48,595 [main] INFO  ozone.MiniOzoneClusterImpl (MiniOzoneClusterImpl.java:lambda$waitForClusterToBeReady$0(197)) - Cluster exits safe mode
2024-04-21 07:24:48,595 [main] INFO  ozone.MiniOzoneClusterImpl (MiniOzoneClusterImpl.java:lambda$waitForClusterToBeReady$0(199)) - SCM became leader
2024-04-21 07:24:49,595 [main] INFO  ozone.MiniOzoneClusterImpl (MiniOzoneClusterImpl.java:lambda$waitForClusterToBeReady$0(194)) - Waiting for nodes to be ready. Got 4 of 5 DN Heartbeats.
2024-04-21 07:24:49,595 [main] INFO  ozone.MiniOzoneClusterImpl (MiniOzoneClusterImpl.java:lambda$waitForClusterToBeReady$0(197)) - Cluster exits safe mode
2024-04-21 07:24:49,596 [main] INFO  ozone.MiniOzoneClusterImpl (MiniOzoneClusterImpl.java:lambda$waitForClusterToBeReady$0(199)) - SCM became leader
2024-04-21 07:24:49,729 [6cf56e53-88cb-4022-bd56-d9b5c4d884ee@group-9461FA60FDFB-FollowerState] INFO  impl.FollowerState (FollowerState.java:run(143)) - 6cf56e53-88cb-4022-bd56-d9b5c4d884ee@group-9461FA60FDFB-FollowerState: change to CANDIDATE, lastRpcElapsedTime:5126282831ns, electionTimeout:5126ms
2024-04-21 07:24:49,730 [6cf56e53-88cb-4022-bd56-d9b5c4d884ee@group-9461FA60FDFB-FollowerState] INFO  impl.RoleInfo (RoleInfo.java:shutdownFollowerState(110)) - 6cf56e53-88cb-4022-bd56-d9b5c4d884ee: shutdown 6cf56e53-88cb-4022-bd56-d9b5c4d884ee@group-9461FA60FDFB-FollowerState
2024-04-21 07:24:49,730 [6cf56e53-88cb-4022-bd56-d9b5c4d884ee@group-9461FA60FDFB-FollowerState] INFO  server.RaftServer$Division (RaftServerImpl.java:setRole(383)) - 6cf56e53-88cb-4022-bd56-d9b5c4d884ee@group-9461FA60FDFB: changes role from  FOLLOWER to CANDIDATE at term 1 for changeToCandidate
2024-04-21 07:24:49,730 [6cf56e53-88cb-4022-bd56-d9b5c4d884ee@group-9461FA60FDFB-FollowerState] INFO  server.RaftServerConfigKeys (ConfUtils.java:logGet(46)) - raft.server.leaderelection.pre-vote = true (default)
2024-04-21 07:24:49,730 [6cf56e53-88cb-4022-bd56-d9b5c4d884ee@group-9461FA60FDFB-FollowerState] INFO  impl.RoleInfo (RoleInfo.java:updateAndGet(139)) - 6cf56e53-88cb-4022-bd56-d9b5c4d884ee: start 6cf56e53-88cb-4022-bd56-d9b5c4d884ee@group-9461FA60FDFB-LeaderElection69
2024-04-21 07:24:49,731 [6cf56e53-88cb-4022-bd56-d9b5c4d884ee@group-9461FA60FDFB-LeaderElection69] INFO  impl.LeaderElection (LeaderElection.java:askForVotes(321)) - 6cf56e53-88cb-4022-bd56-d9b5c4d884ee@group-9461FA60FDFB-LeaderElection69 PRE_VOTE round 0: submit vote requests at term 1 for 0: peers:[6cf56e53-88cb-4022-bd56-d9b5c4d884ee|10.1.0.102:15138, 9387e6e8-bf6d-4d10-9dc1-f1bd05fc02cf|10.1.0.102:15120, 33d4fa9a-f1b5-45a2-9ce3-43c86fd82df2|10.1.0.102:15129]|listeners:[], old=null
2024-04-21 07:24:49,732 [grpc-default-executor-12] WARN  server.GrpcServerProtocolService (LogUtils.java:warn(123)) - 33d4fa9a-f1b5-45a2-9ce3-43c86fd82df2: Failed requestVote 6cf56e53-88cb-4022-bd56-d9b5c4d884ee->33d4fa9a-f1b5-45a2-9ce3-43c86fd82df2#0
org.apache.ratis.protocol.exceptions.GroupMismatchException: 33d4fa9a-f1b5-45a2-9ce3-43c86fd82df2: group-9461FA60FDFB not found.
	at org.apache.ratis.server.impl.RaftServerProxy$ImplMap.get(RaftServerProxy.java:154)
	at org.apache.ratis.server.impl.RaftServerProxy.getImplFuture(RaftServerProxy.java:364)
	at org.apache.ratis.server.impl.RaftServerProxy.getImpl(RaftServerProxy.java:373)
	at org.apache.ratis.server.impl.RaftServerProxy.getImpl(RaftServerProxy.java:368)
	at org.apache.ratis.server.impl.RaftServerProxy.requestVote(RaftServerProxy.java:632)
	at org.apache.ratis.grpc.server.GrpcServerProtocolService.requestVote(GrpcServerProtocolService.java:192)
	at org.apache.ratis.proto.grpc.RaftServerProtocolServiceGrpc$MethodHandlers.invoke(RaftServerProtocolServiceGrpc.java:428)
	at org.apache.ratis.thirdparty.io.grpc.stub.ServerCalls$UnaryServerCallHandler$UnaryServerCallListener.onHalfClose(ServerCalls.java:182)
	at org.apache.ratis.thirdparty.io.grpc.PartialForwardingServerCallListener.onHalfClose(PartialForwardingServerCallListener.java:35)
	at org.apache.ratis.thirdparty.io.grpc.ForwardingServerCallListener.onHalfClose(ForwardingServerCallListener.java:23)
	at org.apache.ratis.thirdparty.io.grpc.internal.ServerCallImpl$ServerStreamListenerImpl.halfClosed(ServerCallImpl.java:351)
	at org.apache.ratis.thirdparty.io.grpc.internal.ServerImpl$JumpToApplicationThreadServerStreamListener$1HalfClosed.runInContext(ServerImpl.java:860)
	at org.apache.ratis.thirdparty.io.grpc.internal.ContextRunnable.run(ContextRunnable.java:37)
	at org.apache.ratis.thirdparty.io.grpc.internal.SerializingExecutor.run(SerializingExecutor.java:133)
	at java.util.concurrent.ThreadPoolExecutor.runWorker(ThreadPoolExecutor.java:1149)
	at java.util.concurrent.ThreadPoolExecutor$Worker.run(ThreadPoolExecutor.java:624)
	at java.lang.Thread.run(Thread.java:750)
2024-04-21 07:24:49,733 [grpc-default-executor-12] WARN  server.GrpcServerProtocolService (LogUtils.java:warn(123)) - 9387e6e8-bf6d-4d10-9dc1-f1bd05fc02cf: Failed requestVote 6cf56e53-88cb-4022-bd56-d9b5c4d884ee->9387e6e8-bf6d-4d10-9dc1-f1bd05fc02cf#0
org.apache.ratis.protocol.exceptions.GroupMismatchException: 9387e6e8-bf6d-4d10-9dc1-f1bd05fc02cf: group-9461FA60FDFB not found.
	at org.apache.ratis.server.impl.RaftServerProxy$ImplMap.get(RaftServerProxy.java:154)
	at org.apache.ratis.server.impl.RaftServerProxy.getImplFuture(RaftServerProxy.java:364)
	at org.apache.ratis.server.impl.RaftServerProxy.getImpl(RaftServerProxy.java:373)
	at org.apache.ratis.server.impl.RaftServerProxy.getImpl(RaftServerProxy.java:368)
	at org.apache.ratis.server.impl.RaftServerProxy.requestVote(RaftServerProxy.java:632)
	at org.apache.ratis.grpc.server.GrpcServerProtocolService.requestVote(GrpcServerProtocolService.java:192)
	at org.apache.ratis.proto.grpc.RaftServerProtocolServiceGrpc$MethodHandlers.invoke(RaftServerProtocolServiceGrpc.java:428)
	at org.apache.ratis.thirdparty.io.grpc.stub.ServerCalls$UnaryServerCallHandler$UnaryServerCallListener.onHalfClose(ServerCalls.java:182)
	at org.apache.ratis.thirdparty.io.grpc.PartialForwardingServerCallListener.onHalfClose(PartialForwardingServerCallListener.java:35)
	at org.apache.ratis.thirdparty.io.grpc.ForwardingServerCallListener.onHalfClose(ForwardingServerCallListener.java:23)
	at org.apache.ratis.thirdparty.io.grpc.internal.ServerCallImpl$ServerStreamListenerImpl.halfClosed(ServerCallImpl.java:351)
	at org.apache.ratis.thirdparty.io.grpc.internal.ServerImpl$JumpToApplicationThreadServerStreamListener$1HalfClosed.runInContext(ServerImpl.java:860)
	at org.apache.ratis.thirdparty.io.grpc.internal.ContextRunnable.run(ContextRunnable.java:37)
	at org.apache.ratis.thirdparty.io.grpc.internal.SerializingExecutor.run(SerializingExecutor.java:133)
	at java.util.concurrent.ThreadPoolExecutor.runWorker(ThreadPoolExecutor.java:1149)
	at java.util.concurrent.ThreadPoolExecutor$Worker.run(ThreadPoolExecutor.java:624)
	at java.lang.Thread.run(Thread.java:750)
2024-04-21 07:24:49,734 [6cf56e53-88cb-4022-bd56-d9b5c4d884ee@group-9461FA60FDFB-LeaderElection69] INFO  impl.LeaderElection (LogUtils.java:infoOrTrace(136)) - 6cf56e53-88cb-4022-bd56-d9b5c4d884ee@group-9461FA60FDFB-LeaderElection69 got exception when requesting votes: java.util.concurrent.ExecutionException: org.apache.ratis.thirdparty.io.grpc.StatusRuntimeException: INTERNAL: 33d4fa9a-f1b5-45a2-9ce3-43c86fd82df2: group-9461FA60FDFB not found.
2024-04-21 07:24:49,734 [6cf56e53-88cb-4022-bd56-d9b5c4d884ee@group-9461FA60FDFB-LeaderElection69] INFO  impl.LeaderElection (LogUtils.java:infoOrTrace(136)) - 6cf56e53-88cb-4022-bd56-d9b5c4d884ee@group-9461FA60FDFB-LeaderElection69 got exception when requesting votes: java.util.concurrent.ExecutionException: org.apache.ratis.thirdparty.io.grpc.StatusRuntimeException: INTERNAL: 9387e6e8-bf6d-4d10-9dc1-f1bd05fc02cf: group-9461FA60FDFB not found.
2024-04-21 07:24:49,734 [6cf56e53-88cb-4022-bd56-d9b5c4d884ee@group-9461FA60FDFB-LeaderElection69] INFO  impl.LeaderElection (LeaderElection.java:logAndReturn(89)) - 6cf56e53-88cb-4022-bd56-d9b5c4d884ee@group-9461FA60FDFB-LeaderElection69: PRE_VOTE REJECTED received 0 response(s) and 2 exception(s):
2024-04-21 07:24:49,734 [6cf56e53-88cb-4022-bd56-d9b5c4d884ee@group-9461FA60FDFB-LeaderElection69] INFO  impl.LeaderElection (LogUtils.java:infoOrTrace(136)) -   Exception 0: java.util.concurrent.ExecutionException: org.apache.ratis.thirdparty.io.grpc.StatusRuntimeException: INTERNAL: 33d4fa9a-f1b5-45a2-9ce3-43c86fd82df2: group-9461FA60FDFB not found.
2024-04-21 07:24:49,734 [6cf56e53-88cb-4022-bd56-d9b5c4d884ee@group-9461FA60FDFB-LeaderElection69] INFO  impl.LeaderElection (LogUtils.java:infoOrTrace(136)) -   Exception 1: java.util.concurrent.ExecutionException: org.apache.ratis.thirdparty.io.grpc.StatusRuntimeException: INTERNAL: 9387e6e8-bf6d-4d10-9dc1-f1bd05fc02cf: group-9461FA60FDFB not found.
2024-04-21 07:24:49,735 [6cf56e53-88cb-4022-bd56-d9b5c4d884ee@group-9461FA60FDFB-LeaderElection69] INFO  impl.LeaderElection (LeaderElection.java:askForVotes(323)) - 6cf56e53-88cb-4022-bd56-d9b5c4d884ee@group-9461FA60FDFB-LeaderElection69 PRE_VOTE round 0: result REJECTED
2024-04-21 07:24:49,735 [6cf56e53-88cb-4022-bd56-d9b5c4d884ee@group-9461FA60FDFB-LeaderElection69] INFO  server.RaftServer$Division (RaftServerImpl.java:setRole(383)) - 6cf56e53-88cb-4022-bd56-d9b5c4d884ee@group-9461FA60FDFB: changes role from CANDIDATE to FOLLOWER at term 1 for REJECTED
2024-04-21 07:24:49,735 [6cf56e53-88cb-4022-bd56-d9b5c4d884ee@group-9461FA60FDFB-LeaderElection69] INFO  impl.RoleInfo (RoleInfo.java:shutdownLeaderElection(130)) - 6cf56e53-88cb-4022-bd56-d9b5c4d884ee: shutdown 6cf56e53-88cb-4022-bd56-d9b5c4d884ee@group-9461FA60FDFB-LeaderElection69
2024-04-21 07:24:49,735 [6cf56e53-88cb-4022-bd56-d9b5c4d884ee@group-9461FA60FDFB-LeaderElection69] INFO  impl.RoleInfo (RoleInfo.java:updateAndGet(139)) - 6cf56e53-88cb-4022-bd56-d9b5c4d884ee: start 6cf56e53-88cb-4022-bd56-d9b5c4d884ee@group-9461FA60FDFB-FollowerState
2024-04-21 07:24:50,596 [main] INFO  ozone.MiniOzoneClusterImpl (MiniOzoneClusterImpl.java:lambda$waitForClusterToBeReady$0(194)) - Waiting for nodes to be ready. Got 4 of 5 DN Heartbeats.
2024-04-21 07:24:50,596 [main] INFO  ozone.MiniOzoneClusterImpl (MiniOzoneClusterImpl.java:lambda$waitForClusterToBeReady$0(197)) - Cluster exits safe mode
2024-04-21 07:24:50,596 [main] INFO  ozone.MiniOzoneClusterImpl (MiniOzoneClusterImpl.java:lambda$waitForClusterToBeReady$0(199)) - SCM became leader
2024-04-21 07:24:51,597 [main] INFO  ozone.MiniOzoneClusterImpl (MiniOzoneClusterImpl.java:lambda$waitForClusterToBeReady$0(194)) - Waiting for nodes to be ready. Got 4 of 5 DN Heartbeats.
2024-04-21 07:24:51,597 [main] INFO  ozone.MiniOzoneClusterImpl (MiniOzoneClusterImpl.java:lambda$waitForClusterToBeReady$0(197)) - Cluster exits safe mode
2024-04-21 07:24:51,597 [main] INFO  ozone.MiniOzoneClusterImpl (MiniOzoneClusterImpl.java:lambda$waitForClusterToBeReady$0(199)) - SCM became leader
2024-04-21 07:24:52,597 [main] INFO  ozone.MiniOzoneClusterImpl (MiniOzoneClusterImpl.java:lambda$waitForClusterToBeReady$0(194)) - Waiting for nodes to be ready. Got 4 of 5 DN Heartbeats.
2024-04-21 07:24:52,598 [main] INFO  ozone.MiniOzoneClusterImpl (MiniOzoneClusterImpl.java:lambda$waitForClusterToBeReady$0(197)) - Cluster exits safe mode
2024-04-21 07:24:52,598 [main] INFO  ozone.MiniOzoneClusterImpl (MiniOzoneClusterImpl.java:lambda$waitForClusterToBeReady$0(199)) - SCM became leader
2024-04-21 07:24:53,598 [main] INFO  ozone.MiniOzoneClusterImpl (MiniOzoneClusterImpl.java:lambda$waitForClusterToBeReady$0(194)) - Waiting for nodes to be ready. Got 4 of 5 DN Heartbeats.
2024-04-21 07:24:53,598 [main] INFO  ozone.MiniOzoneClusterImpl (MiniOzoneClusterImpl.java:lambda$waitForClusterToBeReady$0(197)) - Cluster exits safe mode
2024-04-21 07:24:53,599 [main] INFO  ozone.MiniOzoneClusterImpl (MiniOzoneClusterImpl.java:lambda$waitForClusterToBeReady$0(199)) - SCM became leader
2024-04-21 07:24:54,599 [main] INFO  ozone.MiniOzoneClusterImpl (MiniOzoneClusterImpl.java:lambda$waitForClusterToBeReady$0(194)) - Waiting for nodes to be ready. Got 4 of 5 DN Heartbeats.
2024-04-21 07:24:54,599 [main] INFO  ozone.MiniOzoneClusterImpl (MiniOzoneClusterImpl.java:lambda$waitForClusterToBeReady$0(197)) - Cluster exits safe mode
2024-04-21 07:24:54,599 [main] INFO  ozone.MiniOzoneClusterImpl (MiniOzoneClusterImpl.java:lambda$waitForClusterToBeReady$0(199)) - SCM became leader
2024-04-21 07:24:54,904 [6cf56e53-88cb-4022-bd56-d9b5c4d884ee@group-9461FA60FDFB-FollowerState] INFO  impl.FollowerState (FollowerState.java:run(143)) - 6cf56e53-88cb-4022-bd56-d9b5c4d884ee@group-9461FA60FDFB-FollowerState: change to CANDIDATE, lastRpcElapsedTime:5169308230ns, electionTimeout:5169ms
2024-04-21 07:24:54,904 [6cf56e53-88cb-4022-bd56-d9b5c4d884ee@group-9461FA60FDFB-FollowerState] INFO  impl.RoleInfo (RoleInfo.java:shutdownFollowerState(110)) - 6cf56e53-88cb-4022-bd56-d9b5c4d884ee: shutdown 6cf56e53-88cb-4022-bd56-d9b5c4d884ee@group-9461FA60FDFB-FollowerState
2024-04-21 07:24:54,904 [6cf56e53-88cb-4022-bd56-d9b5c4d884ee@group-9461FA60FDFB-FollowerState] INFO  server.RaftServer$Division (RaftServerImpl.java:setRole(383)) - 6cf56e53-88cb-4022-bd56-d9b5c4d884ee@group-9461FA60FDFB: changes role from  FOLLOWER to CANDIDATE at term 1 for changeToCandidate
2024-04-21 07:24:54,904 [6cf56e53-88cb-4022-bd56-d9b5c4d884ee@group-9461FA60FDFB-FollowerState] INFO  server.RaftServerConfigKeys (ConfUtils.java:logGet(46)) - raft.server.leaderelection.pre-vote = true (default)
2024-04-21 07:24:54,905 [6cf56e53-88cb-4022-bd56-d9b5c4d884ee@group-9461FA60FDFB-FollowerState] INFO  impl.RoleInfo (RoleInfo.java:updateAndGet(139)) - 6cf56e53-88cb-4022-bd56-d9b5c4d884ee: start 6cf56e53-88cb-4022-bd56-d9b5c4d884ee@group-9461FA60FDFB-LeaderElection70
2024-04-21 07:24:54,906 [6cf56e53-88cb-4022-bd56-d9b5c4d884ee@group-9461FA60FDFB-LeaderElection70] INFO  impl.LeaderElection (LeaderElection.java:askForVotes(321)) - 6cf56e53-88cb-4022-bd56-d9b5c4d884ee@group-9461FA60FDFB-LeaderElection70 PRE_VOTE round 0: submit vote requests at term 1 for 0: peers:[6cf56e53-88cb-4022-bd56-d9b5c4d884ee|10.1.0.102:15138, 9387e6e8-bf6d-4d10-9dc1-f1bd05fc02cf|10.1.0.102:15120, 33d4fa9a-f1b5-45a2-9ce3-43c86fd82df2|10.1.0.102:15129]|listeners:[], old=null
2024-04-21 07:24:54,907 [grpc-default-executor-11] WARN  server.GrpcServerProtocolService (LogUtils.java:warn(123)) - 33d4fa9a-f1b5-45a2-9ce3-43c86fd82df2: Failed requestVote 6cf56e53-88cb-4022-bd56-d9b5c4d884ee->33d4fa9a-f1b5-45a2-9ce3-43c86fd82df2#0
org.apache.ratis.protocol.exceptions.GroupMismatchException: 33d4fa9a-f1b5-45a2-9ce3-43c86fd82df2: group-9461FA60FDFB not found.
	at org.apache.ratis.server.impl.RaftServerProxy$ImplMap.get(RaftServerProxy.java:154)
	at org.apache.ratis.server.impl.RaftServerProxy.getImplFuture(RaftServerProxy.java:364)
	at org.apache.ratis.server.impl.RaftServerProxy.getImpl(RaftServerProxy.java:373)
	at org.apache.ratis.server.impl.RaftServerProxy.getImpl(RaftServerProxy.java:368)
	at org.apache.ratis.server.impl.RaftServerProxy.requestVote(RaftServerProxy.java:632)
	at org.apache.ratis.grpc.server.GrpcServerProtocolService.requestVote(GrpcServerProtocolService.java:192)
	at org.apache.ratis.proto.grpc.RaftServerProtocolServiceGrpc$MethodHandlers.invoke(RaftServerProtocolServiceGrpc.java:428)
	at org.apache.ratis.thirdparty.io.grpc.stub.ServerCalls$UnaryServerCallHandler$UnaryServerCallListener.onHalfClose(ServerCalls.java:182)
	at org.apache.ratis.thirdparty.io.grpc.PartialForwardingServerCallListener.onHalfClose(PartialForwardingServerCallListener.java:35)
	at org.apache.ratis.thirdparty.io.grpc.ForwardingServerCallListener.onHalfClose(ForwardingServerCallListener.java:23)
	at org.apache.ratis.thirdparty.io.grpc.internal.ServerCallImpl$ServerStreamListenerImpl.halfClosed(ServerCallImpl.java:351)
	at org.apache.ratis.thirdparty.io.grpc.internal.ServerImpl$JumpToApplicationThreadServerStreamListener$1HalfClosed.runInContext(ServerImpl.java:860)
	at org.apache.ratis.thirdparty.io.grpc.internal.ContextRunnable.run(ContextRunnable.java:37)
	at org.apache.ratis.thirdparty.io.grpc.internal.SerializingExecutor.run(SerializingExecutor.java:133)
	at java.util.concurrent.ThreadPoolExecutor.runWorker(ThreadPoolExecutor.java:1149)
	at java.util.concurrent.ThreadPoolExecutor$Worker.run(ThreadPoolExecutor.java:624)
	at java.lang.Thread.run(Thread.java:750)
2024-04-21 07:24:54,907 [grpc-default-executor-12] WARN  server.GrpcServerProtocolService (LogUtils.java:warn(123)) - 9387e6e8-bf6d-4d10-9dc1-f1bd05fc02cf: Failed requestVote 6cf56e53-88cb-4022-bd56-d9b5c4d884ee->9387e6e8-bf6d-4d10-9dc1-f1bd05fc02cf#0
org.apache.ratis.protocol.exceptions.GroupMismatchException: 9387e6e8-bf6d-4d10-9dc1-f1bd05fc02cf: group-9461FA60FDFB not found.
	at org.apache.ratis.server.impl.RaftServerProxy$ImplMap.get(RaftServerProxy.java:154)
	at org.apache.ratis.server.impl.RaftServerProxy.getImplFuture(RaftServerProxy.java:364)
	at org.apache.ratis.server.impl.RaftServerProxy.getImpl(RaftServerProxy.java:373)
	at org.apache.ratis.server.impl.RaftServerProxy.getImpl(RaftServerProxy.java:368)
	at org.apache.ratis.server.impl.RaftServerProxy.requestVote(RaftServerProxy.java:632)
	at org.apache.ratis.grpc.server.GrpcServerProtocolService.requestVote(GrpcServerProtocolService.java:192)
	at org.apache.ratis.proto.grpc.RaftServerProtocolServiceGrpc$MethodHandlers.invoke(RaftServerProtocolServiceGrpc.java:428)
	at org.apache.ratis.thirdparty.io.grpc.stub.ServerCalls$UnaryServerCallHandler$UnaryServerCallListener.onHalfClose(ServerCalls.java:182)
	at org.apache.ratis.thirdparty.io.grpc.PartialForwardingServerCallListener.onHalfClose(PartialForwardingServerCallListener.java:35)
	at org.apache.ratis.thirdparty.io.grpc.ForwardingServerCallListener.onHalfClose(ForwardingServerCallListener.java:23)
	at org.apache.ratis.thirdparty.io.grpc.internal.ServerCallImpl$ServerStreamListenerImpl.halfClosed(ServerCallImpl.java:351)
	at org.apache.ratis.thirdparty.io.grpc.internal.ServerImpl$JumpToApplicationThreadServerStreamListener$1HalfClosed.runInContext(ServerImpl.java:860)
	at org.apache.ratis.thirdparty.io.grpc.internal.ContextRunnable.run(ContextRunnable.java:37)
	at org.apache.ratis.thirdparty.io.grpc.internal.SerializingExecutor.run(SerializingExecutor.java:133)
	at java.util.concurrent.ThreadPoolExecutor.runWorker(ThreadPoolExecutor.java:1149)
	at java.util.concurrent.ThreadPoolExecutor$Worker.run(ThreadPoolExecutor.java:624)
	at java.lang.Thread.run(Thread.java:750)
2024-04-21 07:24:54,908 [6cf56e53-88cb-4022-bd56-d9b5c4d884ee@group-9461FA60FDFB-LeaderElection70] INFO  impl.LeaderElection (LogUtils.java:infoOrTrace(136)) - 6cf56e53-88cb-4022-bd56-d9b5c4d884ee@group-9461FA60FDFB-LeaderElection70 got exception when requesting votes: java.util.concurrent.ExecutionException: org.apache.ratis.thirdparty.io.grpc.StatusRuntimeException: INTERNAL: 33d4fa9a-f1b5-45a2-9ce3-43c86fd82df2: group-9461FA60FDFB not found.
2024-04-21 07:24:54,908 [6cf56e53-88cb-4022-bd56-d9b5c4d884ee@group-9461FA60FDFB-LeaderElection70] INFO  impl.LeaderElection (LogUtils.java:infoOrTrace(136)) - 6cf56e53-88cb-4022-bd56-d9b5c4d884ee@group-9461FA60FDFB-LeaderElection70 got exception when requesting votes: java.util.concurrent.ExecutionException: org.apache.ratis.thirdparty.io.grpc.StatusRuntimeException: INTERNAL: 9387e6e8-bf6d-4d10-9dc1-f1bd05fc02cf: group-9461FA60FDFB not found.
2024-04-21 07:24:54,909 [6cf56e53-88cb-4022-bd56-d9b5c4d884ee@group-9461FA60FDFB-LeaderElection70] INFO  impl.LeaderElection (LeaderElection.java:logAndReturn(89)) - 6cf56e53-88cb-4022-bd56-d9b5c4d884ee@group-9461FA60FDFB-LeaderElection70: PRE_VOTE REJECTED received 0 response(s) and 2 exception(s):
2024-04-21 07:24:54,909 [6cf56e53-88cb-4022-bd56-d9b5c4d884ee@group-9461FA60FDFB-LeaderElection70] INFO  impl.LeaderElection (LogUtils.java:infoOrTrace(136)) -   Exception 0: java.util.concurrent.ExecutionException: org.apache.ratis.thirdparty.io.grpc.StatusRuntimeException: INTERNAL: 33d4fa9a-f1b5-45a2-9ce3-43c86fd82df2: group-9461FA60FDFB not found.
2024-04-21 07:24:54,909 [6cf56e53-88cb-4022-bd56-d9b5c4d884ee@group-9461FA60FDFB-LeaderElection70] INFO  impl.LeaderElection (LogUtils.java:infoOrTrace(136)) -   Exception 1: java.util.concurrent.ExecutionException: org.apache.ratis.thirdparty.io.grpc.StatusRuntimeException: INTERNAL: 9387e6e8-bf6d-4d10-9dc1-f1bd05fc02cf: group-9461FA60FDFB not found.
2024-04-21 07:24:54,909 [6cf56e53-88cb-4022-bd56-d9b5c4d884ee@group-9461FA60FDFB-LeaderElection70] INFO  impl.LeaderElection (LeaderElection.java:askForVotes(323)) - 6cf56e53-88cb-4022-bd56-d9b5c4d884ee@group-9461FA60FDFB-LeaderElection70 PRE_VOTE round 0: result REJECTED
2024-04-21 07:24:54,909 [6cf56e53-88cb-4022-bd56-d9b5c4d884ee@group-9461FA60FDFB-LeaderElection70] INFO  server.RaftServer$Division (RaftServerImpl.java:setRole(383)) - 6cf56e53-88cb-4022-bd56-d9b5c4d884ee@group-9461FA60FDFB: changes role from CANDIDATE to FOLLOWER at term 1 for REJECTED
2024-04-21 07:24:54,909 [6cf56e53-88cb-4022-bd56-d9b5c4d884ee@group-9461FA60FDFB-LeaderElection70] INFO  impl.RoleInfo (RoleInfo.java:shutdownLeaderElection(130)) - 6cf56e53-88cb-4022-bd56-d9b5c4d884ee: shutdown 6cf56e53-88cb-4022-bd56-d9b5c4d884ee@group-9461FA60FDFB-LeaderElection70
2024-04-21 07:24:54,909 [6cf56e53-88cb-4022-bd56-d9b5c4d884ee@group-9461FA60FDFB-LeaderElection70] INFO  impl.RoleInfo (RoleInfo.java:updateAndGet(139)) - 6cf56e53-88cb-4022-bd56-d9b5c4d884ee: start 6cf56e53-88cb-4022-bd56-d9b5c4d884ee@group-9461FA60FDFB-FollowerState
2024-04-21 07:24:55,600 [main] INFO  ozone.MiniOzoneClusterImpl (MiniOzoneClusterImpl.java:lambda$waitForClusterToBeReady$0(194)) - Waiting for nodes to be ready. Got 4 of 5 DN Heartbeats.
2024-04-21 07:24:55,600 [main] INFO  ozone.MiniOzoneClusterImpl (MiniOzoneClusterImpl.java:lambda$waitForClusterToBeReady$0(197)) - Cluster exits safe mode
2024-04-21 07:24:55,600 [main] INFO  ozone.MiniOzoneClusterImpl (MiniOzoneClusterImpl.java:lambda$waitForClusterToBeReady$0(199)) - SCM became leader
2024-04-21 07:24:56,600 [main] INFO  ozone.MiniOzoneClusterImpl (MiniOzoneClusterImpl.java:lambda$waitForClusterToBeReady$0(194)) - Waiting for nodes to be ready. Got 4 of 5 DN Heartbeats.
2024-04-21 07:24:56,601 [main] INFO  ozone.MiniOzoneClusterImpl (MiniOzoneClusterImpl.java:lambda$waitForClusterToBeReady$0(197)) - Cluster exits safe mode
2024-04-21 07:24:56,601 [main] INFO  ozone.MiniOzoneClusterImpl (MiniOzoneClusterImpl.java:lambda$waitForClusterToBeReady$0(199)) - SCM became leader
2024-04-21 07:24:57,601 [main] INFO  ozone.MiniOzoneClusterImpl (MiniOzoneClusterImpl.java:lambda$waitForClusterToBeReady$0(194)) - Waiting for nodes to be ready. Got 4 of 5 DN Heartbeats.
2024-04-21 07:24:57,601 [main] INFO  ozone.MiniOzoneClusterImpl (MiniOzoneClusterImpl.java:lambda$waitForClusterToBeReady$0(197)) - Cluster exits safe mode
2024-04-21 07:24:57,602 [main] INFO  ozone.MiniOzoneClusterImpl (MiniOzoneClusterImpl.java:lambda$waitForClusterToBeReady$0(199)) - SCM became leader
2024-04-21 07:24:58,602 [main] INFO  ozone.MiniOzoneClusterImpl (MiniOzoneClusterImpl.java:lambda$waitForClusterToBeReady$0(194)) - Waiting for nodes to be ready. Got 4 of 5 DN Heartbeats.
2024-04-21 07:24:58,602 [main] INFO  ozone.MiniOzoneClusterImpl (MiniOzoneClusterImpl.java:lambda$waitForClusterToBeReady$0(197)) - Cluster exits safe mode
2024-04-21 07:24:58,602 [main] INFO  ozone.MiniOzoneClusterImpl (MiniOzoneClusterImpl.java:lambda$waitForClusterToBeReady$0(199)) - SCM became leader
2024-04-21 07:24:59,603 [main] INFO  ozone.MiniOzoneClusterImpl (MiniOzoneClusterImpl.java:lambda$waitForClusterToBeReady$0(194)) - Waiting for nodes to be ready. Got 4 of 5 DN Heartbeats.
2024-04-21 07:24:59,603 [main] INFO  ozone.MiniOzoneClusterImpl (MiniOzoneClusterImpl.java:lambda$waitForClusterToBeReady$0(197)) - Cluster exits safe mode
2024-04-21 07:24:59,603 [main] INFO  ozone.MiniOzoneClusterImpl (MiniOzoneClusterImpl.java:lambda$waitForClusterToBeReady$0(199)) - SCM became leader
2024-04-21 07:25:00,087 [6cf56e53-88cb-4022-bd56-d9b5c4d884ee@group-9461FA60FDFB-FollowerState] INFO  impl.FollowerState (FollowerState.java:run(143)) - 6cf56e53-88cb-4022-bd56-d9b5c4d884ee@group-9461FA60FDFB-FollowerState: change to CANDIDATE, lastRpcElapsedTime:5178309338ns, electionTimeout:5178ms
2024-04-21 07:25:00,087 [6cf56e53-88cb-4022-bd56-d9b5c4d884ee@group-9461FA60FDFB-FollowerState] INFO  impl.RoleInfo (RoleInfo.java:shutdownFollowerState(110)) - 6cf56e53-88cb-4022-bd56-d9b5c4d884ee: shutdown 6cf56e53-88cb-4022-bd56-d9b5c4d884ee@group-9461FA60FDFB-FollowerState
2024-04-21 07:25:00,087 [6cf56e53-88cb-4022-bd56-d9b5c4d884ee@group-9461FA60FDFB-FollowerState] INFO  server.RaftServer$Division (RaftServerImpl.java:setRole(383)) - 6cf56e53-88cb-4022-bd56-d9b5c4d884ee@group-9461FA60FDFB: changes role from  FOLLOWER to CANDIDATE at term 1 for changeToCandidate
2024-04-21 07:25:00,088 [6cf56e53-88cb-4022-bd56-d9b5c4d884ee@group-9461FA60FDFB-FollowerState] INFO  server.RaftServerConfigKeys (ConfUtils.java:logGet(46)) - raft.server.leaderelection.pre-vote = true (default)
2024-04-21 07:25:00,088 [6cf56e53-88cb-4022-bd56-d9b5c4d884ee@group-9461FA60FDFB-FollowerState] INFO  impl.RoleInfo (RoleInfo.java:updateAndGet(139)) - 6cf56e53-88cb-4022-bd56-d9b5c4d884ee: start 6cf56e53-88cb-4022-bd56-d9b5c4d884ee@group-9461FA60FDFB-LeaderElection71
2024-04-21 07:25:00,089 [6cf56e53-88cb-4022-bd56-d9b5c4d884ee@group-9461FA60FDFB-LeaderElection71] INFO  impl.LeaderElection (LeaderElection.java:askForVotes(321)) - 6cf56e53-88cb-4022-bd56-d9b5c4d884ee@group-9461FA60FDFB-LeaderElection71 PRE_VOTE round 0: submit vote requests at term 1 for 0: peers:[6cf56e53-88cb-4022-bd56-d9b5c4d884ee|10.1.0.102:15138, 9387e6e8-bf6d-4d10-9dc1-f1bd05fc02cf|10.1.0.102:15120, 33d4fa9a-f1b5-45a2-9ce3-43c86fd82df2|10.1.0.102:15129]|listeners:[], old=null
2024-04-21 07:25:00,090 [grpc-default-executor-12] WARN  server.GrpcServerProtocolService (LogUtils.java:warn(123)) - 33d4fa9a-f1b5-45a2-9ce3-43c86fd82df2: Failed requestVote 6cf56e53-88cb-4022-bd56-d9b5c4d884ee->33d4fa9a-f1b5-45a2-9ce3-43c86fd82df2#0
org.apache.ratis.protocol.exceptions.GroupMismatchException: 33d4fa9a-f1b5-45a2-9ce3-43c86fd82df2: group-9461FA60FDFB not found.
	at org.apache.ratis.server.impl.RaftServerProxy$ImplMap.get(RaftServerProxy.java:154)
	at org.apache.ratis.server.impl.RaftServerProxy.getImplFuture(RaftServerProxy.java:364)
	at org.apache.ratis.server.impl.RaftServerProxy.getImpl(RaftServerProxy.java:373)
	at org.apache.ratis.server.impl.RaftServerProxy.getImpl(RaftServerProxy.java:368)
	at org.apache.ratis.server.impl.RaftServerProxy.requestVote(RaftServerProxy.java:632)
	at org.apache.ratis.grpc.server.GrpcServerProtocolService.requestVote(GrpcServerProtocolService.java:192)
	at org.apache.ratis.proto.grpc.RaftServerProtocolServiceGrpc$MethodHandlers.invoke(RaftServerProtocolServiceGrpc.java:428)
	at org.apache.ratis.thirdparty.io.grpc.stub.ServerCalls$UnaryServerCallHandler$UnaryServerCallListener.onHalfClose(ServerCalls.java:182)
	at org.apache.ratis.thirdparty.io.grpc.PartialForwardingServerCallListener.onHalfClose(PartialForwardingServerCallListener.java:35)
	at org.apache.ratis.thirdparty.io.grpc.ForwardingServerCallListener.onHalfClose(ForwardingServerCallListener.java:23)
	at org.apache.ratis.thirdparty.io.grpc.internal.ServerCallImpl$ServerStreamListenerImpl.halfClosed(ServerCallImpl.java:351)
	at org.apache.ratis.thirdparty.io.grpc.internal.ServerImpl$JumpToApplicationThreadServerStreamListener$1HalfClosed.runInContext(ServerImpl.java:860)
	at org.apache.ratis.thirdparty.io.grpc.internal.ContextRunnable.run(ContextRunnable.java:37)
	at org.apache.ratis.thirdparty.io.grpc.internal.SerializingExecutor.run(SerializingExecutor.java:133)
	at java.util.concurrent.ThreadPoolExecutor.runWorker(ThreadPoolExecutor.java:1149)
	at java.util.concurrent.ThreadPoolExecutor$Worker.run(ThreadPoolExecutor.java:624)
	at java.lang.Thread.run(Thread.java:750)
2024-04-21 07:25:00,090 [grpc-default-executor-11] WARN  server.GrpcServerProtocolService (LogUtils.java:warn(123)) - 9387e6e8-bf6d-4d10-9dc1-f1bd05fc02cf: Failed requestVote 6cf56e53-88cb-4022-bd56-d9b5c4d884ee->9387e6e8-bf6d-4d10-9dc1-f1bd05fc02cf#0
org.apache.ratis.protocol.exceptions.GroupMismatchException: 9387e6e8-bf6d-4d10-9dc1-f1bd05fc02cf: group-9461FA60FDFB not found.
	at org.apache.ratis.server.impl.RaftServerProxy$ImplMap.get(RaftServerProxy.java:154)
	at org.apache.ratis.server.impl.RaftServerProxy.getImplFuture(RaftServerProxy.java:364)
	at org.apache.ratis.server.impl.RaftServerProxy.getImpl(RaftServerProxy.java:373)
	at org.apache.ratis.server.impl.RaftServerProxy.getImpl(RaftServerProxy.java:368)
	at org.apache.ratis.server.impl.RaftServerProxy.requestVote(RaftServerProxy.java:632)
	at org.apache.ratis.grpc.server.GrpcServerProtocolService.requestVote(GrpcServerProtocolService.java:192)
	at org.apache.ratis.proto.grpc.RaftServerProtocolServiceGrpc$MethodHandlers.invoke(RaftServerProtocolServiceGrpc.java:428)
	at org.apache.ratis.thirdparty.io.grpc.stub.ServerCalls$UnaryServerCallHandler$UnaryServerCallListener.onHalfClose(ServerCalls.java:182)
	at org.apache.ratis.thirdparty.io.grpc.PartialForwardingServerCallListener.onHalfClose(PartialForwardingServerCallListener.java:35)
	at org.apache.ratis.thirdparty.io.grpc.ForwardingServerCallListener.onHalfClose(ForwardingServerCallListener.java:23)
	at org.apache.ratis.thirdparty.io.grpc.internal.ServerCallImpl$ServerStreamListenerImpl.halfClosed(ServerCallImpl.java:351)
	at org.apache.ratis.thirdparty.io.grpc.internal.ServerImpl$JumpToApplicationThreadServerStreamListener$1HalfClosed.runInContext(ServerImpl.java:860)
	at org.apache.ratis.thirdparty.io.grpc.internal.ContextRunnable.run(ContextRunnable.java:37)
	at org.apache.ratis.thirdparty.io.grpc.internal.SerializingExecutor.run(SerializingExecutor.java:133)
	at java.util.concurrent.ThreadPoolExecutor.runWorker(ThreadPoolExecutor.java:1149)
	at java.util.concurrent.ThreadPoolExecutor$Worker.run(ThreadPoolExecutor.java:624)
	at java.lang.Thread.run(Thread.java:750)
2024-04-21 07:25:00,091 [6cf56e53-88cb-4022-bd56-d9b5c4d884ee@group-9461FA60FDFB-LeaderElection71] INFO  impl.LeaderElection (LogUtils.java:infoOrTrace(136)) - 6cf56e53-88cb-4022-bd56-d9b5c4d884ee@group-9461FA60FDFB-LeaderElection71 got exception when requesting votes: java.util.concurrent.ExecutionException: org.apache.ratis.thirdparty.io.grpc.StatusRuntimeException: INTERNAL: 9387e6e8-bf6d-4d10-9dc1-f1bd05fc02cf: group-9461FA60FDFB not found.
2024-04-21 07:25:00,093 [6cf56e53-88cb-4022-bd56-d9b5c4d884ee@group-9461FA60FDFB-LeaderElection71] INFO  impl.LeaderElection (LogUtils.java:infoOrTrace(136)) - 6cf56e53-88cb-4022-bd56-d9b5c4d884ee@group-9461FA60FDFB-LeaderElection71 got exception when requesting votes: java.util.concurrent.ExecutionException: org.apache.ratis.thirdparty.io.grpc.StatusRuntimeException: INTERNAL: 33d4fa9a-f1b5-45a2-9ce3-43c86fd82df2: group-9461FA60FDFB not found.
2024-04-21 07:25:00,093 [6cf56e53-88cb-4022-bd56-d9b5c4d884ee@group-9461FA60FDFB-LeaderElection71] INFO  impl.LeaderElection (LeaderElection.java:logAndReturn(89)) - 6cf56e53-88cb-4022-bd56-d9b5c4d884ee@group-9461FA60FDFB-LeaderElection71: PRE_VOTE REJECTED received 0 response(s) and 2 exception(s):
2024-04-21 07:25:00,093 [6cf56e53-88cb-4022-bd56-d9b5c4d884ee@group-9461FA60FDFB-LeaderElection71] INFO  impl.LeaderElection (LogUtils.java:infoOrTrace(136)) -   Exception 0: java.util.concurrent.ExecutionException: org.apache.ratis.thirdparty.io.grpc.StatusRuntimeException: INTERNAL: 9387e6e8-bf6d-4d10-9dc1-f1bd05fc02cf: group-9461FA60FDFB not found.
2024-04-21 07:25:00,093 [6cf56e53-88cb-4022-bd56-d9b5c4d884ee@group-9461FA60FDFB-LeaderElection71] INFO  impl.LeaderElection (LogUtils.java:infoOrTrace(136)) -   Exception 1: java.util.concurrent.ExecutionException: org.apache.ratis.thirdparty.io.grpc.StatusRuntimeException: INTERNAL: 33d4fa9a-f1b5-45a2-9ce3-43c86fd82df2: group-9461FA60FDFB not found.
2024-04-21 07:25:00,094 [6cf56e53-88cb-4022-bd56-d9b5c4d884ee@group-9461FA60FDFB-LeaderElection71] INFO  impl.LeaderElection (LeaderElection.java:askForVotes(323)) - 6cf56e53-88cb-4022-bd56-d9b5c4d884ee@group-9461FA60FDFB-LeaderElection71 PRE_VOTE round 0: result REJECTED
2024-04-21 07:25:00,094 [6cf56e53-88cb-4022-bd56-d9b5c4d884ee@group-9461FA60FDFB-LeaderElection71] INFO  server.RaftServer$Division (RaftServerImpl.java:setRole(383)) - 6cf56e53-88cb-4022-bd56-d9b5c4d884ee@group-9461FA60FDFB: changes role from CANDIDATE to FOLLOWER at term 1 for REJECTED
2024-04-21 07:25:00,094 [6cf56e53-88cb-4022-bd56-d9b5c4d884ee@group-9461FA60FDFB-LeaderElection71] INFO  impl.RoleInfo (RoleInfo.java:shutdownLeaderElection(130)) - 6cf56e53-88cb-4022-bd56-d9b5c4d884ee: shutdown 6cf56e53-88cb-4022-bd56-d9b5c4d884ee@group-9461FA60FDFB-LeaderElection71
2024-04-21 07:25:00,094 [6cf56e53-88cb-4022-bd56-d9b5c4d884ee@group-9461FA60FDFB-LeaderElection71] INFO  impl.RoleInfo (RoleInfo.java:updateAndGet(139)) - 6cf56e53-88cb-4022-bd56-d9b5c4d884ee: start 6cf56e53-88cb-4022-bd56-d9b5c4d884ee@group-9461FA60FDFB-FollowerState
2024-04-21 07:25:00,603 [main] INFO  ozone.MiniOzoneClusterImpl (MiniOzoneClusterImpl.java:lambda$waitForClusterToBeReady$0(194)) - Waiting for nodes to be ready. Got 4 of 5 DN Heartbeats.
2024-04-21 07:25:00,604 [main] INFO  ozone.MiniOzoneClusterImpl (MiniOzoneClusterImpl.java:lambda$waitForClusterToBeReady$0(197)) - Cluster exits safe mode
2024-04-21 07:25:00,604 [main] INFO  ozone.MiniOzoneClusterImpl (MiniOzoneClusterImpl.java:lambda$waitForClusterToBeReady$0(199)) - SCM became leader
2024-04-21 07:25:01,604 [main] INFO  ozone.MiniOzoneClusterImpl (MiniOzoneClusterImpl.java:lambda$waitForClusterToBeReady$0(194)) - Waiting for nodes to be ready. Got 4 of 5 DN Heartbeats.
2024-04-21 07:25:01,604 [main] INFO  ozone.MiniOzoneClusterImpl (MiniOzoneClusterImpl.java:lambda$waitForClusterToBeReady$0(197)) - Cluster exits safe mode
2024-04-21 07:25:01,605 [main] INFO  ozone.MiniOzoneClusterImpl (MiniOzoneClusterImpl.java:lambda$waitForClusterToBeReady$0(199)) - SCM became leader
2024-04-21 07:25:02,605 [main] INFO  ozone.MiniOzoneClusterImpl (MiniOzoneClusterImpl.java:lambda$waitForClusterToBeReady$0(194)) - Waiting for nodes to be ready. Got 4 of 5 DN Heartbeats.
2024-04-21 07:25:02,605 [main] INFO  ozone.MiniOzoneClusterImpl (MiniOzoneClusterImpl.java:lambda$waitForClusterToBeReady$0(197)) - Cluster exits safe mode
2024-04-21 07:25:02,605 [main] INFO  ozone.MiniOzoneClusterImpl (MiniOzoneClusterImpl.java:lambda$waitForClusterToBeReady$0(199)) - SCM became leader
2024-04-21 07:25:03,606 [main] INFO  ozone.MiniOzoneClusterImpl (MiniOzoneClusterImpl.java:lambda$waitForClusterToBeReady$0(194)) - Waiting for nodes to be ready. Got 4 of 5 DN Heartbeats.
2024-04-21 07:25:03,606 [main] INFO  ozone.MiniOzoneClusterImpl (MiniOzoneClusterImpl.java:lambda$waitForClusterToBeReady$0(197)) - Cluster exits safe mode
2024-04-21 07:25:03,606 [main] INFO  ozone.MiniOzoneClusterImpl (MiniOzoneClusterImpl.java:lambda$waitForClusterToBeReady$0(199)) - SCM became leader
2024-04-21 07:25:04,606 [main] INFO  ozone.MiniOzoneClusterImpl (MiniOzoneClusterImpl.java:lambda$waitForClusterToBeReady$0(194)) - Waiting for nodes to be ready. Got 4 of 5 DN Heartbeats.
2024-04-21 07:25:04,607 [main] INFO  ozone.MiniOzoneClusterImpl (MiniOzoneClusterImpl.java:lambda$waitForClusterToBeReady$0(197)) - Cluster exits safe mode
2024-04-21 07:25:04,607 [main] INFO  ozone.MiniOzoneClusterImpl (MiniOzoneClusterImpl.java:lambda$waitForClusterToBeReady$0(199)) - SCM became leader
2024-04-21 07:25:05,216 [6cf56e53-88cb-4022-bd56-d9b5c4d884ee@group-9461FA60FDFB-FollowerState] INFO  impl.FollowerState (FollowerState.java:run(143)) - 6cf56e53-88cb-4022-bd56-d9b5c4d884ee@group-9461FA60FDFB-FollowerState: change to CANDIDATE, lastRpcElapsedTime:5122267378ns, electionTimeout:5122ms
2024-04-21 07:25:05,216 [6cf56e53-88cb-4022-bd56-d9b5c4d884ee@group-9461FA60FDFB-FollowerState] INFO  impl.RoleInfo (RoleInfo.java:shutdownFollowerState(110)) - 6cf56e53-88cb-4022-bd56-d9b5c4d884ee: shutdown 6cf56e53-88cb-4022-bd56-d9b5c4d884ee@group-9461FA60FDFB-FollowerState
2024-04-21 07:25:05,216 [6cf56e53-88cb-4022-bd56-d9b5c4d884ee@group-9461FA60FDFB-FollowerState] INFO  server.RaftServer$Division (RaftServerImpl.java:setRole(383)) - 6cf56e53-88cb-4022-bd56-d9b5c4d884ee@group-9461FA60FDFB: changes role from  FOLLOWER to CANDIDATE at term 1 for changeToCandidate
2024-04-21 07:25:05,216 [6cf56e53-88cb-4022-bd56-d9b5c4d884ee@group-9461FA60FDFB-FollowerState] INFO  server.RaftServerConfigKeys (ConfUtils.java:logGet(46)) - raft.server.leaderelection.pre-vote = true (default)
2024-04-21 07:25:05,217 [6cf56e53-88cb-4022-bd56-d9b5c4d884ee@group-9461FA60FDFB-FollowerState] INFO  impl.RoleInfo (RoleInfo.java:updateAndGet(139)) - 6cf56e53-88cb-4022-bd56-d9b5c4d884ee: start 6cf56e53-88cb-4022-bd56-d9b5c4d884ee@group-9461FA60FDFB-LeaderElection72
2024-04-21 07:25:05,218 [6cf56e53-88cb-4022-bd56-d9b5c4d884ee@group-9461FA60FDFB-LeaderElection72] INFO  impl.LeaderElection (LeaderElection.java:askForVotes(321)) - 6cf56e53-88cb-4022-bd56-d9b5c4d884ee@group-9461FA60FDFB-LeaderElection72 PRE_VOTE round 0: submit vote requests at term 1 for 0: peers:[6cf56e53-88cb-4022-bd56-d9b5c4d884ee|10.1.0.102:15138, 9387e6e8-bf6d-4d10-9dc1-f1bd05fc02cf|10.1.0.102:15120, 33d4fa9a-f1b5-45a2-9ce3-43c86fd82df2|10.1.0.102:15129]|listeners:[], old=null
2024-04-21 07:25:05,219 [grpc-default-executor-12] WARN  server.GrpcServerProtocolService (LogUtils.java:warn(123)) - 9387e6e8-bf6d-4d10-9dc1-f1bd05fc02cf: Failed requestVote 6cf56e53-88cb-4022-bd56-d9b5c4d884ee->9387e6e8-bf6d-4d10-9dc1-f1bd05fc02cf#0
org.apache.ratis.protocol.exceptions.GroupMismatchException: 9387e6e8-bf6d-4d10-9dc1-f1bd05fc02cf: group-9461FA60FDFB not found.
	at org.apache.ratis.server.impl.RaftServerProxy$ImplMap.get(RaftServerProxy.java:154)
	at org.apache.ratis.server.impl.RaftServerProxy.getImplFuture(RaftServerProxy.java:364)
	at org.apache.ratis.server.impl.RaftServerProxy.getImpl(RaftServerProxy.java:373)
	at org.apache.ratis.server.impl.RaftServerProxy.getImpl(RaftServerProxy.java:368)
	at org.apache.ratis.server.impl.RaftServerProxy.requestVote(RaftServerProxy.java:632)
	at org.apache.ratis.grpc.server.GrpcServerProtocolService.requestVote(GrpcServerProtocolService.java:192)
	at org.apache.ratis.proto.grpc.RaftServerProtocolServiceGrpc$MethodHandlers.invoke(RaftServerProtocolServiceGrpc.java:428)
	at org.apache.ratis.thirdparty.io.grpc.stub.ServerCalls$UnaryServerCallHandler$UnaryServerCallListener.onHalfClose(ServerCalls.java:182)
	at org.apache.ratis.thirdparty.io.grpc.PartialForwardingServerCallListener.onHalfClose(PartialForwardingServerCallListener.java:35)
	at org.apache.ratis.thirdparty.io.grpc.ForwardingServerCallListener.onHalfClose(ForwardingServerCallListener.java:23)
	at org.apache.ratis.thirdparty.io.grpc.internal.ServerCallImpl$ServerStreamListenerImpl.halfClosed(ServerCallImpl.java:351)
	at org.apache.ratis.thirdparty.io.grpc.internal.ServerImpl$JumpToApplicationThreadServerStreamListener$1HalfClosed.runInContext(ServerImpl.java:860)
	at org.apache.ratis.thirdparty.io.grpc.internal.ContextRunnable.run(ContextRunnable.java:37)
	at org.apache.ratis.thirdparty.io.grpc.internal.SerializingExecutor.run(SerializingExecutor.java:133)
	at java.util.concurrent.ThreadPoolExecutor.runWorker(ThreadPoolExecutor.java:1149)
	at java.util.concurrent.ThreadPoolExecutor$Worker.run(ThreadPoolExecutor.java:624)
	at java.lang.Thread.run(Thread.java:750)
2024-04-21 07:25:05,219 [grpc-default-executor-11] WARN  server.GrpcServerProtocolService (LogUtils.java:warn(123)) - 33d4fa9a-f1b5-45a2-9ce3-43c86fd82df2: Failed requestVote 6cf56e53-88cb-4022-bd56-d9b5c4d884ee->33d4fa9a-f1b5-45a2-9ce3-43c86fd82df2#0
org.apache.ratis.protocol.exceptions.GroupMismatchException: 33d4fa9a-f1b5-45a2-9ce3-43c86fd82df2: group-9461FA60FDFB not found.
	at org.apache.ratis.server.impl.RaftServerProxy$ImplMap.get(RaftServerProxy.java:154)
	at org.apache.ratis.server.impl.RaftServerProxy.getImplFuture(RaftServerProxy.java:364)
	at org.apache.ratis.server.impl.RaftServerProxy.getImpl(RaftServerProxy.java:373)
	at org.apache.ratis.server.impl.RaftServerProxy.getImpl(RaftServerProxy.java:368)
	at org.apache.ratis.server.impl.RaftServerProxy.requestVote(RaftServerProxy.java:632)
	at org.apache.ratis.grpc.server.GrpcServerProtocolService.requestVote(GrpcServerProtocolService.java:192)
	at org.apache.ratis.proto.grpc.RaftServerProtocolServiceGrpc$MethodHandlers.invoke(RaftServerProtocolServiceGrpc.java:428)
	at org.apache.ratis.thirdparty.io.grpc.stub.ServerCalls$UnaryServerCallHandler$UnaryServerCallListener.onHalfClose(ServerCalls.java:182)
	at org.apache.ratis.thirdparty.io.grpc.PartialForwardingServerCallListener.onHalfClose(PartialForwardingServerCallListener.java:35)
	at org.apache.ratis.thirdparty.io.grpc.ForwardingServerCallListener.onHalfClose(ForwardingServerCallListener.java:23)
	at org.apache.ratis.thirdparty.io.grpc.internal.ServerCallImpl$ServerStreamListenerImpl.halfClosed(ServerCallImpl.java:351)
	at org.apache.ratis.thirdparty.io.grpc.internal.ServerImpl$JumpToApplicationThreadServerStreamListener$1HalfClosed.runInContext(ServerImpl.java:860)
	at org.apache.ratis.thirdparty.io.grpc.internal.ContextRunnable.run(ContextRunnable.java:37)
	at org.apache.ratis.thirdparty.io.grpc.internal.SerializingExecutor.run(SerializingExecutor.java:133)
	at java.util.concurrent.ThreadPoolExecutor.runWorker(ThreadPoolExecutor.java:1149)
	at java.util.concurrent.ThreadPoolExecutor$Worker.run(ThreadPoolExecutor.java:624)
	at java.lang.Thread.run(Thread.java:750)
2024-04-21 07:25:05,220 [6cf56e53-88cb-4022-bd56-d9b5c4d884ee@group-9461FA60FDFB-LeaderElection72] INFO  impl.LeaderElection (LogUtils.java:infoOrTrace(136)) - 6cf56e53-88cb-4022-bd56-d9b5c4d884ee@group-9461FA60FDFB-LeaderElection72 got exception when requesting votes: java.util.concurrent.ExecutionException: org.apache.ratis.thirdparty.io.grpc.StatusRuntimeException: INTERNAL: 9387e6e8-bf6d-4d10-9dc1-f1bd05fc02cf: group-9461FA60FDFB not found.
2024-04-21 07:25:05,221 [6cf56e53-88cb-4022-bd56-d9b5c4d884ee@group-9461FA60FDFB-LeaderElection72] INFO  impl.LeaderElection (LogUtils.java:infoOrTrace(136)) - 6cf56e53-88cb-4022-bd56-d9b5c4d884ee@group-9461FA60FDFB-LeaderElection72 got exception when requesting votes: java.util.concurrent.ExecutionException: org.apache.ratis.thirdparty.io.grpc.StatusRuntimeException: INTERNAL: 33d4fa9a-f1b5-45a2-9ce3-43c86fd82df2: group-9461FA60FDFB not found.
2024-04-21 07:25:05,221 [6cf56e53-88cb-4022-bd56-d9b5c4d884ee@group-9461FA60FDFB-LeaderElection72] INFO  impl.LeaderElection (LeaderElection.java:logAndReturn(89)) - 6cf56e53-88cb-4022-bd56-d9b5c4d884ee@group-9461FA60FDFB-LeaderElection72: PRE_VOTE REJECTED received 0 response(s) and 2 exception(s):
2024-04-21 07:25:05,221 [6cf56e53-88cb-4022-bd56-d9b5c4d884ee@group-9461FA60FDFB-LeaderElection72] INFO  impl.LeaderElection (LogUtils.java:infoOrTrace(136)) -   Exception 0: java.util.concurrent.ExecutionException: org.apache.ratis.thirdparty.io.grpc.StatusRuntimeException: INTERNAL: 9387e6e8-bf6d-4d10-9dc1-f1bd05fc02cf: group-9461FA60FDFB not found.
2024-04-21 07:25:05,221 [6cf56e53-88cb-4022-bd56-d9b5c4d884ee@group-9461FA60FDFB-LeaderElection72] INFO  impl.LeaderElection (LogUtils.java:infoOrTrace(136)) -   Exception 1: java.util.concurrent.ExecutionException: org.apache.ratis.thirdparty.io.grpc.StatusRuntimeException: INTERNAL: 33d4fa9a-f1b5-45a2-9ce3-43c86fd82df2: group-9461FA60FDFB not found.
2024-04-21 07:25:05,221 [6cf56e53-88cb-4022-bd56-d9b5c4d884ee@group-9461FA60FDFB-LeaderElection72] INFO  impl.LeaderElection (LeaderElection.java:askForVotes(323)) - 6cf56e53-88cb-4022-bd56-d9b5c4d884ee@group-9461FA60FDFB-LeaderElection72 PRE_VOTE round 0: result REJECTED
2024-04-21 07:25:05,221 [6cf56e53-88cb-4022-bd56-d9b5c4d884ee@group-9461FA60FDFB-LeaderElection72] INFO  server.RaftServer$Division (RaftServerImpl.java:setRole(383)) - 6cf56e53-88cb-4022-bd56-d9b5c4d884ee@group-9461FA60FDFB: changes role from CANDIDATE to FOLLOWER at term 1 for REJECTED
2024-04-21 07:25:05,221 [6cf56e53-88cb-4022-bd56-d9b5c4d884ee@group-9461FA60FDFB-LeaderElection72] INFO  impl.RoleInfo (RoleInfo.java:shutdownLeaderElection(130)) - 6cf56e53-88cb-4022-bd56-d9b5c4d884ee: shutdown 6cf56e53-88cb-4022-bd56-d9b5c4d884ee@group-9461FA60FDFB-LeaderElection72
2024-04-21 07:25:05,221 [6cf56e53-88cb-4022-bd56-d9b5c4d884ee@group-9461FA60FDFB-LeaderElection72] INFO  impl.RoleInfo (RoleInfo.java:updateAndGet(139)) - 6cf56e53-88cb-4022-bd56-d9b5c4d884ee: start 6cf56e53-88cb-4022-bd56-d9b5c4d884ee@group-9461FA60FDFB-FollowerState
2024-04-21 07:25:05,607 [main] INFO  ozone.MiniOzoneClusterImpl (MiniOzoneClusterImpl.java:lambda$waitForClusterToBeReady$0(194)) - Waiting for nodes to be ready. Got 4 of 5 DN Heartbeats.
2024-04-21 07:25:05,607 [main] INFO  ozone.MiniOzoneClusterImpl (MiniOzoneClusterImpl.java:lambda$waitForClusterToBeReady$0(197)) - Cluster exits safe mode
2024-04-21 07:25:05,608 [main] INFO  ozone.MiniOzoneClusterImpl (MiniOzoneClusterImpl.java:lambda$waitForClusterToBeReady$0(199)) - SCM became leader
2024-04-21 07:25:05,673 [main] INFO  ozone.MiniOzoneClusterImpl (MiniOzoneClusterImpl.java:shutdown(396)) - Shutting down the Mini Ozone Cluster
2024-04-21 07:25:05,673 [main] INFO  db.CodecTestUtil (CodecTestUtil.java:gc(50)) - gc 0
2024-04-21 07:25:06,018 [main] INFO  ozone.MiniOzoneClusterImpl (MiniOzoneClusterImpl.java:stop(412)) - Stopping the Mini Ozone Cluster
2024-04-21 07:25:06,019 [main] INFO  om.OzoneManager (OzoneManager.java:stop(2232)) - om1[localhost:15110]: Stopping Ozone Manager
2024-04-21 07:25:06,019 [main] INFO  ipc.Server (Server.java:stop(3523)) - Stopping server on 15110
2024-04-21 07:25:06,021 [IPC Server listener on 15110] INFO  ipc.Server (Server.java:run(1434)) - Stopping IPC Server listener on 15110
2024-04-21 07:25:06,021 [IPC Server Responder] INFO  ipc.Server (Server.java:run(1567)) - Stopping IPC Server Responder
2024-04-21 07:25:06,021 [main] INFO  ratis.OzoneManagerRatisServer (OzoneManagerRatisServer.java:stop(594)) - Stopping org.apache.hadoop.ozone.om.ratis.OzoneManagerRatisServer@5e563b0a at port 15113
2024-04-21 07:25:06,022 [main] INFO  server.RaftServer (RaftServerProxy.java:lambda$close$9(416)) - om1: close
2024-04-21 07:25:06,022 [main] INFO  server.GrpcService (GrpcService.java:closeImpl(311)) - om1: shutdown server GrpcServerProtocolService now
2024-04-21 07:25:06,022 [om1-impl-thread2] INFO  server.RaftServer$Division (RaftServerImpl.java:lambda$close$3(526)) - om1@group-C5BA1605619E: shutdown
2024-04-21 07:25:06,022 [om1-impl-thread2] INFO  util.JmxRegister (JmxRegister.java:unregister(73)) - Successfully un-registered JMX Bean with object name Ratis:service=RaftServer,group=group-C5BA1605619E,id=om1
2024-04-21 07:25:06,022 [main] INFO  server.GrpcService (GrpcService.java:closeImpl(320)) - om1: shutdown server GrpcServerProtocolService successfully
2024-04-21 07:25:06,023 [om1-impl-thread2] INFO  impl.RoleInfo (RoleInfo.java:shutdownLeaderState(94)) - om1: shutdown om1@group-C5BA1605619E-LeaderStateImpl
2024-04-21 07:25:06,023 [om1-impl-thread2] INFO  impl.PendingRequests (PendingRequests.java:sendNotLeaderResponses(289)) - om1@group-C5BA1605619E-PendingRequests: sendNotLeaderResponses
2024-04-21 07:25:06,025 [om1-impl-thread2] INFO  impl.StateMachineUpdater (StateMachineUpdater.java:stopAndJoin(157)) - om1@group-C5BA1605619E-StateMachineUpdater: set stopIndex = 10
2024-04-21 07:25:06,025 [om1@group-C5BA1605619E-StateMachineUpdater] INFO  ratis.OzoneManagerStateMachine (OzoneManagerStateMachine.java:takeSnapshotImpl(481)) -  applied = (t:1, i:9)
2024-04-21 07:25:06,025 [om1@group-C5BA1605619E-StateMachineUpdater] INFO  ratis.OzoneManagerStateMachine (OzoneManagerStateMachine.java:takeSnapshotImpl(482)) -  skipped = 9
2024-04-21 07:25:06,025 [om1@group-C5BA1605619E-StateMachineUpdater] INFO  ratis.OzoneManagerStateMachine (OzoneManagerStateMachine.java:takeSnapshotImpl(483)) - notified = (t:1, i:10)
2024-04-21 07:25:06,025 [om1@group-C5BA1605619E-StateMachineUpdater] INFO  ratis.OzoneManagerStateMachine (OzoneManagerStateMachine.java:takeSnapshotImpl(484)) - snapshot = (t:1, i:10)
2024-04-21 07:25:06,041 [om1@group-C5BA1605619E-StateMachineUpdater] INFO  impl.StateMachineUpdater (StateMachineUpdater.java:takeSnapshot(295)) - om1@group-C5BA1605619E-StateMachineUpdater: Took a snapshot at index 10
2024-04-21 07:25:06,041 [om1@group-C5BA1605619E-StateMachineUpdater] INFO  impl.StateMachineUpdater (StateMachineUpdater.java:lambda$new$0(98)) - om1@group-C5BA1605619E-StateMachineUpdater: snapshotIndex: updateIncreasingly -1 -> 10
2024-04-21 07:25:06,041 [om1@group-C5BA1605619E-StateMachineUpdater] INFO  ratis.OzoneManagerStateMachine (OzoneManagerStateMachine.java:close(527)) - Stopping OzoneManagerStateMachine:om1:group-C5BA1605619E.
2024-04-21 07:25:06,041 [om1@group-C5BA1605619E-StateMachineUpdater] INFO  ratis.OzoneManagerDoubleBuffer (OzoneManagerDoubleBuffer.java:stopDaemon(517)) - Stopping OMDoubleBuffer flush thread
2024-04-21 07:25:06,042 [om1-OMDoubleBufferFlushThread] INFO  ratis.OzoneManagerDoubleBuffer (OzoneManagerDoubleBuffer.java:canFlush(581)) - OMDoubleBuffer flush thread om1-OMDoubleBufferFlushThread is interrupted and will exit.
2024-04-21 07:25:06,042 [om1-impl-thread2] INFO  server.RaftServer$Division (ServerState.java:close(427)) - om1@group-C5BA1605619E: applyIndex: 9
2024-04-21 07:25:06,042 [om1@group-C5BA1605619E-cacheEviction-AwaitToRun] INFO  util.AwaitToRun (AwaitToRun.java:run(49)) - om1@group-C5BA1605619E-cacheEviction-AwaitToRun-AwaitForSignal is interrupted
2024-04-21 07:25:06,921 [om1-impl-thread2] INFO  segmented.SegmentedRaftLogWorker (SegmentedRaftLogWorker.java:close(245)) - om1@group-C5BA1605619E-SegmentedRaftLogWorker close()
2024-04-21 07:25:06,922 [JvmPauseMonitor15] INFO  util.JvmPauseMonitor (JvmPauseMonitor.java:run(152)) - JvmPauseMonitor-om1: Stopped
2024-04-21 07:25:06,923 [main] INFO  utils.BackgroundService (BackgroundService.java:shutdown(160)) - Shutting down service KeyDeletingService
2024-04-21 07:25:06,923 [main] INFO  utils.BackgroundService (BackgroundService.java:shutdown(160)) - Shutting down service DirectoryDeletingService
2024-04-21 07:25:06,923 [main] INFO  utils.BackgroundService (BackgroundService.java:shutdown(160)) - Shutting down service OpenKeyCleanupService
2024-04-21 07:25:06,923 [main] INFO  utils.BackgroundService (BackgroundService.java:shutdown(160)) - Shutting down service SstFilteringService
2024-04-21 07:25:06,924 [main] INFO  utils.BackgroundService (BackgroundService.java:shutdown(160)) - Shutting down service SnapshotDeletingService
2024-04-21 07:25:06,924 [main] INFO  utils.BackgroundService (BackgroundService.java:shutdown(160)) - Shutting down service MultipartUploadCleanupService
2024-04-21 07:25:06,924 [main] INFO  utils.BackgroundService (BackgroundService.java:shutdown(160)) - Shutting down service SnapshotDirectoryCleaningService
2024-04-21 07:25:06,925 [main] INFO  handler.ContextHandler (ContextHandler.java:doStop(1159)) - Stopped o.e.j.w.WebAppContext@3f0c6208{ozoneManager,/,null,STOPPED}{file:/home/runner/work/ozone/ozone/hadoop-ozone/integration-test/target/test-classes/webapps/ozoneManager}
2024-04-21 07:25:06,926 [main] INFO  server.AbstractConnector (AbstractConnector.java:doStop(383)) - Stopped ServerConnector@66a2de63{HTTP/1.1, (http/1.1)}{0.0.0.0:15111}
2024-04-21 07:25:06,926 [main] INFO  server.session (HouseKeeper.java:stopScavenging(149)) - node0 Stopped scavenging
2024-04-21 07:25:06,926 [main] INFO  handler.ContextHandler (ContextHandler.java:doStop(1159)) - Stopped o.e.j.s.ServletContextHandler@1e96c1d7{static,/static,file:///home/runner/work/ozone/ozone/hadoop-ozone/integration-test/target/test-classes/webapps/static,STOPPED}
2024-04-21 07:25:06,926 [main] INFO  handler.ContextHandler (ContextHandler.java:doStop(1159)) - Stopped o.e.j.s.ServletContextHandler@652194ef{logs,/logs,file:///home/runner/work/ozone/ozone/hadoop-ozone/integration-test/target/log,STOPPED}
2024-04-21 07:25:06,927 [main] INFO  rocksdiff.RocksDBCheckpointDiffer (RocksDBCheckpointDiffer.java:close(310)) - Shutting down CompactionDagPruningService.
2024-04-21 07:25:06,928 [main] INFO  snapshot.SnapshotDiffManager (SnapshotDiffManager.java:closeExecutorService(1657)) - Shutting down executorService: 'SnapDiffExecutor'
2024-04-21 07:25:06,928 [main] INFO  utils.BackgroundService (BackgroundService.java:shutdown(160)) - Shutting down service SnapshotDiffCleanupService
2024-04-21 07:25:06,929 [main] INFO  ozone.MiniOzoneClusterImpl (MiniOzoneClusterImpl.java:stopDatanodes(471)) - Stopping the HddsDatanodes
2024-04-21 07:25:06,933 [ForkJoinPool.commonPool-worker-3] INFO  ozoneimpl.OzoneContainer (OzoneContainer.java:stop(481)) - Attempting to stop container services.
2024-04-21 07:25:06,933 [ContainerMetadataScanner] WARN  ozoneimpl.AbstractBackgroundContainerScanner (AbstractBackgroundContainerScanner.java:handleRemainingSleep(134)) - Background container scan was interrupted.
2024-04-21 07:25:06,933 [ContainerMetadataScanner] INFO  ozoneimpl.AbstractBackgroundContainerScanner (AbstractBackgroundContainerScanner.java:run(61)) - Thread[ContainerMetadataScanner,5,main] exiting.
2024-04-21 07:25:06,935 [ForkJoinPool.commonPool-worker-3] INFO  ozoneimpl.BackgroundContainerDataScanner (BackgroundContainerDataScanner.java:shutdown(141)) - ContainerDataScanner(/home/runner/work/ozone/ozone/hadoop-ozone/integration-test/target/test-dir/MiniOzoneClusterImpl-ed39ddd9-82bf-4bf6-8741-acb42c98007c/ozone-meta/datanode-2/data-0/hdds) is shutting down. 
2024-04-21 07:25:06,935 [ContainerDataScanner(/home/runner/work/ozone/ozone/hadoop-ozone/integration-test/target/test-dir/MiniOzoneClusterImpl-ed39ddd9-82bf-4bf6-8741-acb42c98007c/ozone-meta/datanode-2/data-0/hdds)] WARN  ozoneimpl.AbstractBackgroundContainerScanner (AbstractBackgroundContainerScanner.java:handleRemainingSleep(134)) - Background container scan was interrupted.
2024-04-21 07:25:06,935 [ContainerDataScanner(/home/runner/work/ozone/ozone/hadoop-ozone/integration-test/target/test-dir/MiniOzoneClusterImpl-ed39ddd9-82bf-4bf6-8741-acb42c98007c/ozone-meta/datanode-2/data-0/hdds)] INFO  ozoneimpl.AbstractBackgroundContainerScanner (AbstractBackgroundContainerScanner.java:run(61)) - ContainerDataScanner(/home/runner/work/ozone/ozone/hadoop-ozone/integration-test/target/test-dir/MiniOzoneClusterImpl-ed39ddd9-82bf-4bf6-8741-acb42c98007c/ozone-meta/datanode-2/data-0/hdds, DS-a2c92a65-7b26-4245-b37e-57164685115f) exiting.
2024-04-21 07:25:06,937 [ForkJoinPool.commonPool-worker-3] INFO  ozoneimpl.OnDemandContainerDataScanner (OnDemandContainerDataScanner.java:shutdownScanner(206)) - On-demand container scanner is shutting down.
2024-04-21 07:25:06,937 [ForkJoinPool.commonPool-worker-1] INFO  ozoneimpl.OzoneContainer (OzoneContainer.java:stop(481)) - Attempting to stop container services.
2024-04-21 07:25:06,937 [ContainerMetadataScanner] WARN  ozoneimpl.AbstractBackgroundContainerScanner (AbstractBackgroundContainerScanner.java:handleRemainingSleep(134)) - Background container scan was interrupted.
2024-04-21 07:25:06,937 [ContainerMetadataScanner] INFO  ozoneimpl.AbstractBackgroundContainerScanner (AbstractBackgroundContainerScanner.java:run(61)) - Thread[ContainerMetadataScanner,5,main] exiting.
2024-04-21 07:25:06,937 [ForkJoinPool.commonPool-worker-0] INFO  ozoneimpl.OzoneContainer (OzoneContainer.java:stop(481)) - Attempting to stop container services.
2024-04-21 07:25:06,938 [ContainerMetadataScanner] WARN  ozoneimpl.AbstractBackgroundContainerScanner (AbstractBackgroundContainerScanner.java:handleRemainingSleep(134)) - Background container scan was interrupted.
2024-04-21 07:25:06,938 [ContainerMetadataScanner] INFO  ozoneimpl.AbstractBackgroundContainerScanner (AbstractBackgroundContainerScanner.java:run(61)) - Thread[ContainerMetadataScanner,5,main] exiting.
2024-04-21 07:25:06,938 [ForkJoinPool.commonPool-worker-3] INFO  server.RaftServer (RaftServerProxy.java:lambda$close$9(416)) - 33d4fa9a-f1b5-45a2-9ce3-43c86fd82df2: close
2024-04-21 07:25:06,938 [ForkJoinPool.commonPool-worker-1] INFO  ozoneimpl.BackgroundContainerDataScanner (BackgroundContainerDataScanner.java:shutdown(141)) - ContainerDataScanner(/home/runner/work/ozone/ozone/hadoop-ozone/integration-test/target/test-dir/MiniOzoneClusterImpl-ed39ddd9-82bf-4bf6-8741-acb42c98007c/ozone-meta/datanode-1/data-0/hdds) is shutting down. 
2024-04-21 07:25:06,938 [ContainerDataScanner(/home/runner/work/ozone/ozone/hadoop-ozone/integration-test/target/test-dir/MiniOzoneClusterImpl-ed39ddd9-82bf-4bf6-8741-acb42c98007c/ozone-meta/datanode-1/data-0/hdds)] WARN  ozoneimpl.AbstractBackgroundContainerScanner (AbstractBackgroundContainerScanner.java:handleRemainingSleep(134)) - Background container scan was interrupted.
2024-04-21 07:25:06,938 [ContainerDataScanner(/home/runner/work/ozone/ozone/hadoop-ozone/integration-test/target/test-dir/MiniOzoneClusterImpl-ed39ddd9-82bf-4bf6-8741-acb42c98007c/ozone-meta/datanode-1/data-0/hdds)] INFO  ozoneimpl.AbstractBackgroundContainerScanner (AbstractBackgroundContainerScanner.java:run(61)) - ContainerDataScanner(/home/runner/work/ozone/ozone/hadoop-ozone/integration-test/target/test-dir/MiniOzoneClusterImpl-ed39ddd9-82bf-4bf6-8741-acb42c98007c/ozone-meta/datanode-1/data-0/hdds, DS-bea9d731-bf5d-4350-9872-45a03df8a834) exiting.
2024-04-21 07:25:06,938 [33d4fa9a-f1b5-45a2-9ce3-43c86fd82df2-impl-thread3] INFO  server.RaftServer$Division (RaftServerImpl.java:lambda$close$3(526)) - 33d4fa9a-f1b5-45a2-9ce3-43c86fd82df2@group-2653268D5246: shutdown
2024-04-21 07:25:06,938 [33d4fa9a-f1b5-45a2-9ce3-43c86fd82df2-impl-thread4] INFO  server.RaftServer$Division (RaftServerImpl.java:lambda$close$3(526)) - 33d4fa9a-f1b5-45a2-9ce3-43c86fd82df2@group-0B323A473FB2: shutdown
2024-04-21 07:25:06,938 [33d4fa9a-f1b5-45a2-9ce3-43c86fd82df2-impl-thread2] INFO  server.RaftServer$Division (RaftServerImpl.java:lambda$close$3(526)) - 33d4fa9a-f1b5-45a2-9ce3-43c86fd82df2@group-77AD9CB52074: shutdown
2024-04-21 07:25:06,939 [33d4fa9a-f1b5-45a2-9ce3-43c86fd82df2-impl-thread2] INFO  util.JmxRegister (JmxRegister.java:unregister(73)) - Successfully un-registered JMX Bean with object name Ratis:service=RaftServer,group=group-77AD9CB52074,id=33d4fa9a-f1b5-45a2-9ce3-43c86fd82df2
2024-04-21 07:25:06,939 [33d4fa9a-f1b5-45a2-9ce3-43c86fd82df2-impl-thread2] INFO  impl.RoleInfo (RoleInfo.java:shutdownFollowerState(110)) - 33d4fa9a-f1b5-45a2-9ce3-43c86fd82df2: shutdown 33d4fa9a-f1b5-45a2-9ce3-43c86fd82df2@group-77AD9CB52074-FollowerState
2024-04-21 07:25:06,939 [33d4fa9a-f1b5-45a2-9ce3-43c86fd82df2-impl-thread2] INFO  impl.StateMachineUpdater (StateMachineUpdater.java:stopAndJoin(157)) - 33d4fa9a-f1b5-45a2-9ce3-43c86fd82df2@group-77AD9CB52074-StateMachineUpdater: set stopIndex = 0
2024-04-21 07:25:06,939 [33d4fa9a-f1b5-45a2-9ce3-43c86fd82df2-impl-thread4] INFO  util.JmxRegister (JmxRegister.java:unregister(73)) - Successfully un-registered JMX Bean with object name Ratis:service=RaftServer,group=group-0B323A473FB2,id=33d4fa9a-f1b5-45a2-9ce3-43c86fd82df2
2024-04-21 07:25:06,939 [33d4fa9a-f1b5-45a2-9ce3-43c86fd82df2-impl-thread5] INFO  server.RaftServer$Division (RaftServerImpl.java:lambda$close$3(526)) - 33d4fa9a-f1b5-45a2-9ce3-43c86fd82df2@group-12C11132411B: shutdown
2024-04-21 07:25:06,939 [33d4fa9a-f1b5-45a2-9ce3-43c86fd82df2-impl-thread5] INFO  util.JmxRegister (JmxRegister.java:unregister(73)) - Successfully un-registered JMX Bean with object name Ratis:service=RaftServer,group=group-12C11132411B,id=33d4fa9a-f1b5-45a2-9ce3-43c86fd82df2
2024-04-21 07:25:06,940 [33d4fa9a-f1b5-45a2-9ce3-43c86fd82df2-impl-thread5] INFO  impl.RoleInfo (RoleInfo.java:shutdownLeaderState(94)) - 33d4fa9a-f1b5-45a2-9ce3-43c86fd82df2: shutdown 33d4fa9a-f1b5-45a2-9ce3-43c86fd82df2@group-12C11132411B-LeaderStateImpl
2024-04-21 07:25:06,940 [33d4fa9a-f1b5-45a2-9ce3-43c86fd82df2-impl-thread5] INFO  impl.PendingRequests (PendingRequests.java:sendNotLeaderResponses(289)) - 33d4fa9a-f1b5-45a2-9ce3-43c86fd82df2@group-12C11132411B-PendingRequests: sendNotLeaderResponses
2024-04-21 07:25:06,940 [33d4fa9a-f1b5-45a2-9ce3-43c86fd82df2@group-77AD9CB52074-FollowerState] INFO  impl.FollowerState (FollowerState.java:run(152)) - 33d4fa9a-f1b5-45a2-9ce3-43c86fd82df2@group-77AD9CB52074-FollowerState was interrupted
2024-04-21 07:25:06,939 [ForkJoinPool.commonPool-worker-0] INFO  ozoneimpl.BackgroundContainerDataScanner (BackgroundContainerDataScanner.java:shutdown(141)) - ContainerDataScanner(/home/runner/work/ozone/ozone/hadoop-ozone/integration-test/target/test-dir/MiniOzoneClusterImpl-ed39ddd9-82bf-4bf6-8741-acb42c98007c/ozone-meta/datanode-5/data-0/hdds) is shutting down. 
2024-04-21 07:25:06,938 [ForkJoinPool.commonPool-worker-3] INFO  server.GrpcService (GrpcService.java:closeImpl(311)) - 33d4fa9a-f1b5-45a2-9ce3-43c86fd82df2: shutdown server org.apache.ratis.grpc.server.GrpcClientProtocolService now
2024-04-21 07:25:06,940 [33d4fa9a-f1b5-45a2-9ce3-43c86fd82df2@group-12C11132411B->80370d78-c36f-4d75-b7cb-6753407b0dff-GrpcLogAppender-LogAppenderDaemon] WARN  server.GrpcLogAppender (GrpcLogAppender.java:mayWait(289)) - 33d4fa9a-f1b5-45a2-9ce3-43c86fd82df2@group-12C11132411B->80370d78-c36f-4d75-b7cb-6753407b0dff-GrpcLogAppender: Wait interrupted by java.lang.InterruptedException
2024-04-21 07:25:06,941 [ContainerDataScanner(/home/runner/work/ozone/ozone/hadoop-ozone/integration-test/target/test-dir/MiniOzoneClusterImpl-ed39ddd9-82bf-4bf6-8741-acb42c98007c/ozone-meta/datanode-5/data-0/hdds)] WARN  ozoneimpl.AbstractBackgroundContainerScanner (AbstractBackgroundContainerScanner.java:handleRemainingSleep(134)) - Background container scan was interrupted.
2024-04-21 07:25:06,943 [ContainerDataScanner(/home/runner/work/ozone/ozone/hadoop-ozone/integration-test/target/test-dir/MiniOzoneClusterImpl-ed39ddd9-82bf-4bf6-8741-acb42c98007c/ozone-meta/datanode-5/data-0/hdds)] INFO  ozoneimpl.AbstractBackgroundContainerScanner (AbstractBackgroundContainerScanner.java:run(61)) - ContainerDataScanner(/home/runner/work/ozone/ozone/hadoop-ozone/integration-test/target/test-dir/MiniOzoneClusterImpl-ed39ddd9-82bf-4bf6-8741-acb42c98007c/ozone-meta/datanode-5/data-0/hdds, DS-bcccb3e0-16eb-4075-8594-3dbce0ad274d) exiting.
2024-04-21 07:25:06,940 [33d4fa9a-f1b5-45a2-9ce3-43c86fd82df2@group-12C11132411B->9387e6e8-bf6d-4d10-9dc1-f1bd05fc02cf-GrpcLogAppender-LogAppenderDaemon] WARN  server.GrpcLogAppender (GrpcLogAppender.java:mayWait(289)) - 33d4fa9a-f1b5-45a2-9ce3-43c86fd82df2@group-12C11132411B->9387e6e8-bf6d-4d10-9dc1-f1bd05fc02cf-GrpcLogAppender: Wait interrupted by java.lang.InterruptedException
2024-04-21 07:25:06,944 [33d4fa9a-f1b5-45a2-9ce3-43c86fd82df2-impl-thread5] INFO  impl.StateMachineUpdater (StateMachineUpdater.java:stopAndJoin(157)) - 33d4fa9a-f1b5-45a2-9ce3-43c86fd82df2@group-12C11132411B-StateMachineUpdater: set stopIndex = 0
2024-04-21 07:25:06,944 [grpc-default-executor-12] INFO  server.GrpcServerProtocolService (GrpcServerProtocolService.java:onCompleted(157)) - 80370d78-c36f-4d75-b7cb-6753407b0dff: Completed APPEND_ENTRIES, lastRequest: 33d4fa9a-f1b5-45a2-9ce3-43c86fd82df2->80370d78-c36f-4d75-b7cb-6753407b0dff#1-t1,previous=(t:0, i:0),leaderCommit=-1,initializing? false,entries: size=1, first=(t:1, i:0), CONFIGURATIONENTRY(current:id: "9387e6e8-bf6d-4d10-9dc1-f1bd05fc02cf"
address: "10.1.0.102:15120"
dataStreamAddress: "10.1.0.102:15121"
clientAddress: "10.1.0.102:15118"
adminAddress: "10.1.0.102:15119"
startupRole: FOLLOWER
,id: "80370d78-c36f-4d75-b7cb-6753407b0dff"
address: "10.1.0.102:15156"
dataStreamAddress: "10.1.0.102:15157"
clientAddress: "10.1.0.102:15154"
adminAddress: "10.1.0.102:15155"
startupRole: FOLLOWER
,id: "33d4fa9a-f1b5-45a2-9ce3-43c86fd82df2"
address: "10.1.0.102:15129"
priority: 1
dataStreamAddress: "10.1.0.102:15130"
clientAddress: "10.1.0.102:15127"
adminAddress: "10.1.0.102:15128"
startupRole: FOLLOWER
, old:)
2024-04-21 07:25:06,944 [grpc-default-executor-12] INFO  server.GrpcServerProtocolService (GrpcServerProtocolService.java:lambda$onCompleted$5(159)) - 80370d78-c36f-4d75-b7cb-6753407b0dff: Completed APPEND_ENTRIES, lastReply: null
2024-04-21 07:25:06,944 [grpc-default-executor-11] INFO  server.GrpcServerProtocolService (GrpcServerProtocolService.java:onCompleted(157)) - 9387e6e8-bf6d-4d10-9dc1-f1bd05fc02cf: Completed APPEND_ENTRIES, lastRequest: 33d4fa9a-f1b5-45a2-9ce3-43c86fd82df2->9387e6e8-bf6d-4d10-9dc1-f1bd05fc02cf#1-t1,previous=(t:0, i:0),leaderCommit=-1,initializing? false,entries: size=1, first=(t:1, i:0), CONFIGURATIONENTRY(current:id: "9387e6e8-bf6d-4d10-9dc1-f1bd05fc02cf"
address: "10.1.0.102:15120"
dataStreamAddress: "10.1.0.102:15121"
clientAddress: "10.1.0.102:15118"
adminAddress: "10.1.0.102:15119"
startupRole: FOLLOWER
,id: "80370d78-c36f-4d75-b7cb-6753407b0dff"
address: "10.1.0.102:15156"
dataStreamAddress: "10.1.0.102:15157"
clientAddress: "10.1.0.102:15154"
adminAddress: "10.1.0.102:15155"
startupRole: FOLLOWER
,id: "33d4fa9a-f1b5-45a2-9ce3-43c86fd82df2"
address: "10.1.0.102:15129"
priority: 1
dataStreamAddress: "10.1.0.102:15130"
clientAddress: "10.1.0.102:15127"
adminAddress: "10.1.0.102:15128"
startupRole: FOLLOWER
, old:)
2024-04-21 07:25:06,944 [grpc-default-executor-11] INFO  server.GrpcServerProtocolService (GrpcServerProtocolService.java:lambda$onCompleted$5(159)) - 9387e6e8-bf6d-4d10-9dc1-f1bd05fc02cf: Completed APPEND_ENTRIES, lastReply: null
2024-04-21 07:25:06,939 [33d4fa9a-f1b5-45a2-9ce3-43c86fd82df2-impl-thread4] INFO  impl.RoleInfo (RoleInfo.java:shutdownFollowerState(110)) - 33d4fa9a-f1b5-45a2-9ce3-43c86fd82df2: shutdown 33d4fa9a-f1b5-45a2-9ce3-43c86fd82df2@group-0B323A473FB2-FollowerState
2024-04-21 07:25:06,945 [grpc-default-executor-12] INFO  server.GrpcLogAppender (GrpcLogAppender.java:onCompleted(546)) - 33d4fa9a-f1b5-45a2-9ce3-43c86fd82df2@group-12C11132411B->80370d78-c36f-4d75-b7cb-6753407b0dff-AppendLogResponseHandler: follower responses appendEntries COMPLETED
2024-04-21 07:25:06,939 [33d4fa9a-f1b5-45a2-9ce3-43c86fd82df2@group-77AD9CB52074-StateMachineUpdater] INFO  ratis.ContainerStateMachine (ContainerStateMachine.java:takeSnapshot(355)) - group-77AD9CB52074: Taking a snapshot at:(t:1, i:0) file /home/runner/work/ozone/ozone/hadoop-ozone/integration-test/target/test-dir/MiniOzoneClusterImpl-ed39ddd9-82bf-4bf6-8741-acb42c98007c/ozone-meta/datanode-2/ratis/aa5e628e-98de-483c-bc2e-77ad9cb52074/sm/snapshot.1_0
2024-04-21 07:25:06,939 [33d4fa9a-f1b5-45a2-9ce3-43c86fd82df2-impl-thread3] INFO  util.JmxRegister (JmxRegister.java:unregister(73)) - Successfully un-registered JMX Bean with object name Ratis:service=RaftServer,group=group-2653268D5246,id=33d4fa9a-f1b5-45a2-9ce3-43c86fd82df2
2024-04-21 07:25:06,945 [33d4fa9a-f1b5-45a2-9ce3-43c86fd82df2-impl-thread3] INFO  impl.RoleInfo (RoleInfo.java:shutdownLeaderState(94)) - 33d4fa9a-f1b5-45a2-9ce3-43c86fd82df2: shutdown 33d4fa9a-f1b5-45a2-9ce3-43c86fd82df2@group-2653268D5246-LeaderStateImpl
2024-04-21 07:25:06,945 [33d4fa9a-f1b5-45a2-9ce3-43c86fd82df2-impl-thread3] INFO  impl.PendingRequests (PendingRequests.java:sendNotLeaderResponses(289)) - 33d4fa9a-f1b5-45a2-9ce3-43c86fd82df2@group-2653268D5246-PendingRequests: sendNotLeaderResponses
2024-04-21 07:25:06,939 [ForkJoinPool.commonPool-worker-1] INFO  server.RaftServer (RaftServerProxy.java:lambda$close$9(416)) - 9387e6e8-bf6d-4d10-9dc1-f1bd05fc02cf: close
2024-04-21 07:25:06,945 [grpc-default-executor-12] WARN  server.GrpcLogAppender (GrpcLogAppender.java:resetClient(226)) - 33d4fa9a-f1b5-45a2-9ce3-43c86fd82df2@group-12C11132411B->80370d78-c36f-4d75-b7cb-6753407b0dff-GrpcLogAppender: Failed to getClient for 80370d78-c36f-4d75-b7cb-6753407b0dff
org.apache.ratis.protocol.exceptions.AlreadyClosedException: 33d4fa9a-f1b5-45a2-9ce3-43c86fd82df2 is already CLOSED
	at org.apache.ratis.util.PeerProxyMap$PeerAndProxy.getProxy(PeerProxyMap.java:65)
	at org.apache.ratis.util.PeerProxyMap.getProxy(PeerProxyMap.java:114)
	at org.apache.ratis.grpc.server.GrpcLogAppender.getClient(GrpcLogAppender.java:196)
	at org.apache.ratis.grpc.server.GrpcLogAppender.resetClient(GrpcLogAppender.java:201)
	at org.apache.ratis.grpc.server.GrpcLogAppender.access$800(GrpcLogAppender.java:62)
	at org.apache.ratis.grpc.server.GrpcLogAppender$AppendLogResponseHandler.onCompleted(GrpcLogAppender.java:547)
	at org.apache.ratis.thirdparty.io.grpc.stub.ClientCalls$StreamObserverToCallListenerAdapter.onClose(ClientCalls.java:479)
	at org.apache.ratis.thirdparty.io.grpc.internal.ClientCallImpl.closeObserver(ClientCallImpl.java:567)
	at org.apache.ratis.thirdparty.io.grpc.internal.ClientCallImpl.access$300(ClientCallImpl.java:71)
	at org.apache.ratis.thirdparty.io.grpc.internal.ClientCallImpl$ClientStreamListenerImpl$1StreamClosed.runInternal(ClientCallImpl.java:735)
	at org.apache.ratis.thirdparty.io.grpc.internal.ClientCallImpl$ClientStreamListenerImpl$1StreamClosed.runInContext(ClientCallImpl.java:716)
	at org.apache.ratis.thirdparty.io.grpc.internal.ContextRunnable.run(ContextRunnable.java:37)
	at org.apache.ratis.thirdparty.io.grpc.internal.SerializingExecutor.run(SerializingExecutor.java:133)
	at java.util.concurrent.ThreadPoolExecutor.runWorker(ThreadPoolExecutor.java:1149)
	at java.util.concurrent.ThreadPoolExecutor$Worker.run(ThreadPoolExecutor.java:624)
	at java.lang.Thread.run(Thread.java:750)
2024-04-21 07:25:06,945 [grpc-default-executor-14] INFO  server.GrpcServerProtocolService (GrpcServerProtocolService.java:onCompleted(157)) - 80370d78-c36f-4d75-b7cb-6753407b0dff: Completed APPEND_ENTRIES, lastRequest: null
2024-04-21 07:25:06,945 [33d4fa9a-f1b5-45a2-9ce3-43c86fd82df2@group-0B323A473FB2-StateMachineUpdater] INFO  ratis.ContainerStateMachine (ContainerStateMachine.java:takeSnapshot(355)) - group-0B323A473FB2: Taking a snapshot at:(t:1, i:0) file /home/runner/work/ozone/ozone/hadoop-ozone/integration-test/target/test-dir/MiniOzoneClusterImpl-ed39ddd9-82bf-4bf6-8741-acb42c98007c/ozone-meta/datanode-2/ratis/a896e64e-f27b-41e6-b4a0-0b323a473fb2/sm/snapshot.1_0
2024-04-21 07:25:06,945 [33d4fa9a-f1b5-45a2-9ce3-43c86fd82df2@group-0B323A473FB2-FollowerState] INFO  impl.FollowerState (FollowerState.java:run(152)) - 33d4fa9a-f1b5-45a2-9ce3-43c86fd82df2@group-0B323A473FB2-FollowerState was interrupted
2024-04-21 07:25:06,945 [33d4fa9a-f1b5-45a2-9ce3-43c86fd82df2-impl-thread4] INFO  impl.StateMachineUpdater (StateMachineUpdater.java:stopAndJoin(157)) - 33d4fa9a-f1b5-45a2-9ce3-43c86fd82df2@group-0B323A473FB2-StateMachineUpdater: set stopIndex = 0
2024-04-21 07:25:06,945 [grpc-default-executor-11] INFO  server.GrpcLogAppender (GrpcLogAppender.java:onCompleted(546)) - 33d4fa9a-f1b5-45a2-9ce3-43c86fd82df2@group-12C11132411B->9387e6e8-bf6d-4d10-9dc1-f1bd05fc02cf-AppendLogResponseHandler: follower responses appendEntries COMPLETED
2024-04-21 07:25:06,944 [33d4fa9a-f1b5-45a2-9ce3-43c86fd82df2@group-12C11132411B-StateMachineUpdater] INFO  ratis.ContainerStateMachine (ContainerStateMachine.java:takeSnapshot(355)) - group-12C11132411B: Taking a snapshot at:(t:1, i:0) file /home/runner/work/ozone/ozone/hadoop-ozone/integration-test/target/test-dir/MiniOzoneClusterImpl-ed39ddd9-82bf-4bf6-8741-acb42c98007c/ozone-meta/datanode-2/ratis/14e1582f-626f-4294-b75a-12c11132411b/sm/snapshot.1_0
2024-04-21 07:25:06,943 [ForkJoinPool.commonPool-worker-0] INFO  server.RaftServer (RaftServerProxy.java:lambda$close$9(416)) - 80370d78-c36f-4d75-b7cb-6753407b0dff: close
2024-04-21 07:25:06,946 [33d4fa9a-f1b5-45a2-9ce3-43c86fd82df2@group-0B323A473FB2-StateMachineUpdater] INFO  ratis.ContainerStateMachine (ContainerStateMachine.java:takeSnapshot(366)) - group-0B323A473FB2: Finished taking a snapshot at:(t:1, i:0) file:/home/runner/work/ozone/ozone/hadoop-ozone/integration-test/target/test-dir/MiniOzoneClusterImpl-ed39ddd9-82bf-4bf6-8741-acb42c98007c/ozone-meta/datanode-2/ratis/a896e64e-f27b-41e6-b4a0-0b323a473fb2/sm/snapshot.1_0 took: 1 ms
2024-04-21 07:25:06,942 [Thread-3283] INFO  server.GrpcServerProtocolClient (GrpcServerProtocolClient.java:close(103)) - 80370d78-c36f-4d75-b7cb-6753407b0dff Close channels
2024-04-21 07:25:06,942 [Thread-3282] INFO  server.GrpcServerProtocolClient (GrpcServerProtocolClient.java:close(103)) - a45323a7-bc80-446e-b427-0ffb34a72641 Close channels
2024-04-21 07:25:06,947 [33d4fa9a-f1b5-45a2-9ce3-43c86fd82df2@group-0B323A473FB2-StateMachineUpdater] INFO  impl.StateMachineUpdater (StateMachineUpdater.java:takeSnapshot(295)) - 33d4fa9a-f1b5-45a2-9ce3-43c86fd82df2@group-0B323A473FB2-StateMachineUpdater: Took a snapshot at index 0
2024-04-21 07:25:06,947 [33d4fa9a-f1b5-45a2-9ce3-43c86fd82df2@group-0B323A473FB2-StateMachineUpdater] INFO  impl.StateMachineUpdater (StateMachineUpdater.java:lambda$new$0(98)) - 33d4fa9a-f1b5-45a2-9ce3-43c86fd82df2@group-0B323A473FB2-StateMachineUpdater: snapshotIndex: updateIncreasingly -1 -> 0
2024-04-21 07:25:06,947 [grpc-default-executor-14] INFO  server.GrpcServerProtocolService (GrpcServerProtocolService.java:lambda$onCompleted$5(159)) - 80370d78-c36f-4d75-b7cb-6753407b0dff: Completed APPEND_ENTRIES, lastReply: serverReply {
  requestorId: "33d4fa9a-f1b5-45a2-9ce3-43c86fd82df2"
  replyId: "80370d78-c36f-4d75-b7cb-6753407b0dff"
  raftGroupId {
    id: "\024\341X/boB\224\267Z\022\301\0212A\033"
  }
  callId: 136
  success: true
}
term: 1
nextIndex: 1
matchIndex: 18446744073709551615
isHearbeat: true

2024-04-21 07:25:06,942 [Thread-3281] INFO  server.GrpcServerProtocolClient (GrpcServerProtocolClient.java:close(103)) - 9387e6e8-bf6d-4d10-9dc1-f1bd05fc02cf Close channels
2024-04-21 07:25:06,941 [Thread-3280] INFO  server.GrpcServerProtocolClient (GrpcServerProtocolClient.java:close(103)) - 6cf56e53-88cb-4022-bd56-d9b5c4d884ee Close channels
2024-04-21 07:25:06,947 [33d4fa9a-f1b5-45a2-9ce3-43c86fd82df2@group-77AD9CB52074-StateMachineUpdater] INFO  ratis.ContainerStateMachine (ContainerStateMachine.java:takeSnapshot(366)) - group-77AD9CB52074: Finished taking a snapshot at:(t:1, i:0) file:/home/runner/work/ozone/ozone/hadoop-ozone/integration-test/target/test-dir/MiniOzoneClusterImpl-ed39ddd9-82bf-4bf6-8741-acb42c98007c/ozone-meta/datanode-2/ratis/aa5e628e-98de-483c-bc2e-77ad9cb52074/sm/snapshot.1_0 took: 8 ms
2024-04-21 07:25:06,950 [33d4fa9a-f1b5-45a2-9ce3-43c86fd82df2@group-77AD9CB52074-StateMachineUpdater] INFO  impl.StateMachineUpdater (StateMachineUpdater.java:takeSnapshot(295)) - 33d4fa9a-f1b5-45a2-9ce3-43c86fd82df2@group-77AD9CB52074-StateMachineUpdater: Took a snapshot at index 0
2024-04-21 07:25:06,950 [33d4fa9a-f1b5-45a2-9ce3-43c86fd82df2@group-77AD9CB52074-StateMachineUpdater] INFO  impl.StateMachineUpdater (StateMachineUpdater.java:lambda$new$0(98)) - 33d4fa9a-f1b5-45a2-9ce3-43c86fd82df2@group-77AD9CB52074-StateMachineUpdater: snapshotIndex: updateIncreasingly -1 -> 0
2024-04-21 07:25:06,947 [33d4fa9a-f1b5-45a2-9ce3-43c86fd82df2-impl-thread4] INFO  server.RaftServer$Division (ServerState.java:close(427)) - 33d4fa9a-f1b5-45a2-9ce3-43c86fd82df2@group-0B323A473FB2: applyIndex: 0
2024-04-21 07:25:06,957 [33d4fa9a-f1b5-45a2-9ce3-43c86fd82df2-impl-thread2] INFO  server.RaftServer$Division (ServerState.java:close(427)) - 33d4fa9a-f1b5-45a2-9ce3-43c86fd82df2@group-77AD9CB52074: applyIndex: 0
2024-04-21 07:25:06,957 [33d4fa9a-f1b5-45a2-9ce3-43c86fd82df2@group-0B323A473FB2-cacheEviction-AwaitToRun] INFO  util.AwaitToRun (AwaitToRun.java:run(49)) - 33d4fa9a-f1b5-45a2-9ce3-43c86fd82df2@group-0B323A473FB2-cacheEviction-AwaitToRun-AwaitForSignal is interrupted
2024-04-21 07:25:06,947 [33d4fa9a-f1b5-45a2-9ce3-43c86fd82df2@group-12C11132411B-StateMachineUpdater] INFO  ratis.ContainerStateMachine (ContainerStateMachine.java:takeSnapshot(366)) - group-12C11132411B: Finished taking a snapshot at:(t:1, i:0) file:/home/runner/work/ozone/ozone/hadoop-ozone/integration-test/target/test-dir/MiniOzoneClusterImpl-ed39ddd9-82bf-4bf6-8741-acb42c98007c/ozone-meta/datanode-2/ratis/14e1582f-626f-4294-b75a-12c11132411b/sm/snapshot.1_0 took: 2 ms
2024-04-21 07:25:06,946 [grpc-default-executor-11] WARN  server.GrpcLogAppender (GrpcLogAppender.java:resetClient(226)) - 33d4fa9a-f1b5-45a2-9ce3-43c86fd82df2@group-12C11132411B->9387e6e8-bf6d-4d10-9dc1-f1bd05fc02cf-GrpcLogAppender: Failed to getClient for 9387e6e8-bf6d-4d10-9dc1-f1bd05fc02cf
org.apache.ratis.protocol.exceptions.AlreadyClosedException: 33d4fa9a-f1b5-45a2-9ce3-43c86fd82df2 is already CLOSED
	at org.apache.ratis.util.PeerProxyMap$PeerAndProxy.getProxy(PeerProxyMap.java:65)
	at org.apache.ratis.util.PeerProxyMap.getProxy(PeerProxyMap.java:114)
	at org.apache.ratis.grpc.server.GrpcLogAppender.getClient(GrpcLogAppender.java:196)
	at org.apache.ratis.grpc.server.GrpcLogAppender.resetClient(GrpcLogAppender.java:201)
	at org.apache.ratis.grpc.server.GrpcLogAppender.access$800(GrpcLogAppender.java:62)
	at org.apache.ratis.grpc.server.GrpcLogAppender$AppendLogResponseHandler.onCompleted(GrpcLogAppender.java:547)
	at org.apache.ratis.thirdparty.io.grpc.stub.ClientCalls$StreamObserverToCallListenerAdapter.onClose(ClientCalls.java:479)
	at org.apache.ratis.thirdparty.io.grpc.internal.ClientCallImpl.closeObserver(ClientCallImpl.java:567)
	at org.apache.ratis.thirdparty.io.grpc.internal.ClientCallImpl.access$300(ClientCallImpl.java:71)
	at org.apache.ratis.thirdparty.io.grpc.internal.ClientCallImpl$ClientStreamListenerImpl$1StreamClosed.runInternal(ClientCallImpl.java:735)
	at org.apache.ratis.thirdparty.io.grpc.internal.ClientCallImpl$ClientStreamListenerImpl$1StreamClosed.runInContext(ClientCallImpl.java:716)
	at org.apache.ratis.thirdparty.io.grpc.internal.ContextRunnable.run(ContextRunnable.java:37)
	at org.apache.ratis.thirdparty.io.grpc.internal.SerializingExecutor.run(SerializingExecutor.java:133)
	at java.util.concurrent.ThreadPoolExecutor.runWorker(ThreadPoolExecutor.java:1149)
	at java.util.concurrent.ThreadPoolExecutor$Worker.run(ThreadPoolExecutor.java:624)
	at java.lang.Thread.run(Thread.java:750)
2024-04-21 07:25:06,945 [33d4fa9a-f1b5-45a2-9ce3-43c86fd82df2@group-2653268D5246-StateMachineUpdater] INFO  ratis.ContainerStateMachine (ContainerStateMachine.java:takeSnapshot(355)) - group-2653268D5246: Taking a snapshot at:(t:1, i:0) file /home/runner/work/ozone/ozone/hadoop-ozone/integration-test/target/test-dir/MiniOzoneClusterImpl-ed39ddd9-82bf-4bf6-8741-acb42c98007c/ozone-meta/datanode-2/ratis/4537414b-d6d2-4060-8c27-2653268d5246/sm/snapshot.1_0
2024-04-21 07:25:06,945 [33d4fa9a-f1b5-45a2-9ce3-43c86fd82df2-impl-thread3] INFO  impl.StateMachineUpdater (StateMachineUpdater.java:stopAndJoin(157)) - 33d4fa9a-f1b5-45a2-9ce3-43c86fd82df2@group-2653268D5246-StateMachineUpdater: set stopIndex = 0
2024-04-21 07:25:06,957 [33d4fa9a-f1b5-45a2-9ce3-43c86fd82df2@group-12C11132411B-StateMachineUpdater] INFO  impl.StateMachineUpdater (StateMachineUpdater.java:takeSnapshot(295)) - 33d4fa9a-f1b5-45a2-9ce3-43c86fd82df2@group-12C11132411B-StateMachineUpdater: Took a snapshot at index 0
2024-04-21 07:25:06,957 [33d4fa9a-f1b5-45a2-9ce3-43c86fd82df2@group-77AD9CB52074-cacheEviction-AwaitToRun] INFO  util.AwaitToRun (AwaitToRun.java:run(49)) - 33d4fa9a-f1b5-45a2-9ce3-43c86fd82df2@group-77AD9CB52074-cacheEviction-AwaitToRun-AwaitForSignal is interrupted
2024-04-21 07:25:06,956 [grpc-default-executor-13] INFO  server.GrpcServerProtocolService (GrpcServerProtocolService.java:onCompleted(157)) - 9387e6e8-bf6d-4d10-9dc1-f1bd05fc02cf: Completed APPEND_ENTRIES, lastRequest: null
2024-04-21 07:25:06,956 [grpc-default-executor-14] INFO  server.GrpcLogAppender (GrpcLogAppender.java:onCompleted(546)) - 33d4fa9a-f1b5-45a2-9ce3-43c86fd82df2@group-12C11132411B->80370d78-c36f-4d75-b7cb-6753407b0dff-AppendLogResponseHandler: follower responses appendEntries COMPLETED
2024-04-21 07:25:06,958 [grpc-default-executor-14] WARN  server.GrpcLogAppender (GrpcLogAppender.java:resetClient(226)) - 33d4fa9a-f1b5-45a2-9ce3-43c86fd82df2@group-12C11132411B->80370d78-c36f-4d75-b7cb-6753407b0dff-GrpcLogAppender: Failed to getClient for 80370d78-c36f-4d75-b7cb-6753407b0dff
org.apache.ratis.protocol.exceptions.AlreadyClosedException: 33d4fa9a-f1b5-45a2-9ce3-43c86fd82df2 is already CLOSED
	at org.apache.ratis.util.PeerProxyMap$PeerAndProxy.getProxy(PeerProxyMap.java:65)
	at org.apache.ratis.util.PeerProxyMap.getProxy(PeerProxyMap.java:114)
	at org.apache.ratis.grpc.server.GrpcLogAppender.getClient(GrpcLogAppender.java:196)
	at org.apache.ratis.grpc.server.GrpcLogAppender.resetClient(GrpcLogAppender.java:201)
	at org.apache.ratis.grpc.server.GrpcLogAppender.access$800(GrpcLogAppender.java:62)
	at org.apache.ratis.grpc.server.GrpcLogAppender$AppendLogResponseHandler.onCompleted(GrpcLogAppender.java:547)
	at org.apache.ratis.thirdparty.io.grpc.stub.ClientCalls$StreamObserverToCallListenerAdapter.onClose(ClientCalls.java:479)
	at org.apache.ratis.thirdparty.io.grpc.internal.ClientCallImpl.closeObserver(ClientCallImpl.java:567)
	at org.apache.ratis.thirdparty.io.grpc.internal.ClientCallImpl.access$300(ClientCallImpl.java:71)
	at org.apache.ratis.thirdparty.io.grpc.internal.ClientCallImpl$ClientStreamListenerImpl$1StreamClosed.runInternal(ClientCallImpl.java:735)
	at org.apache.ratis.thirdparty.io.grpc.internal.ClientCallImpl$ClientStreamListenerImpl$1StreamClosed.runInContext(ClientCallImpl.java:716)
	at org.apache.ratis.thirdparty.io.grpc.internal.ContextRunnable.run(ContextRunnable.java:37)
	at org.apache.ratis.thirdparty.io.grpc.internal.SerializingExecutor.run(SerializingExecutor.java:133)
	at java.util.concurrent.ThreadPoolExecutor.runWorker(ThreadPoolExecutor.java:1149)
	at java.util.concurrent.ThreadPoolExecutor$Worker.run(ThreadPoolExecutor.java:624)
	at java.lang.Thread.run(Thread.java:750)
2024-04-21 07:25:06,959 [33d4fa9a-f1b5-45a2-9ce3-43c86fd82df2@group-2653268D5246-StateMachineUpdater] INFO  ratis.ContainerStateMachine (ContainerStateMachine.java:takeSnapshot(366)) - group-2653268D5246: Finished taking a snapshot at:(t:1, i:0) file:/home/runner/work/ozone/ozone/hadoop-ozone/integration-test/target/test-dir/MiniOzoneClusterImpl-ed39ddd9-82bf-4bf6-8741-acb42c98007c/ozone-meta/datanode-2/ratis/4537414b-d6d2-4060-8c27-2653268d5246/sm/snapshot.1_0 took: 13 ms
2024-04-21 07:25:06,959 [33d4fa9a-f1b5-45a2-9ce3-43c86fd82df2@group-2653268D5246-StateMachineUpdater] INFO  impl.StateMachineUpdater (StateMachineUpdater.java:takeSnapshot(295)) - 33d4fa9a-f1b5-45a2-9ce3-43c86fd82df2@group-2653268D5246-StateMachineUpdater: Took a snapshot at index 0
2024-04-21 07:25:06,959 [33d4fa9a-f1b5-45a2-9ce3-43c86fd82df2@group-2653268D5246-StateMachineUpdater] INFO  impl.StateMachineUpdater (StateMachineUpdater.java:lambda$new$0(98)) - 33d4fa9a-f1b5-45a2-9ce3-43c86fd82df2@group-2653268D5246-StateMachineUpdater: snapshotIndex: updateIncreasingly -1 -> 0
2024-04-21 07:25:06,959 [33d4fa9a-f1b5-45a2-9ce3-43c86fd82df2-impl-thread3] INFO  server.RaftServer$Division (ServerState.java:close(427)) - 33d4fa9a-f1b5-45a2-9ce3-43c86fd82df2@group-2653268D5246: applyIndex: 0
2024-04-21 07:25:06,959 [33d4fa9a-f1b5-45a2-9ce3-43c86fd82df2@group-2653268D5246-cacheEviction-AwaitToRun] INFO  util.AwaitToRun (AwaitToRun.java:run(49)) - 33d4fa9a-f1b5-45a2-9ce3-43c86fd82df2@group-2653268D5246-cacheEviction-AwaitToRun-AwaitForSignal is interrupted
2024-04-21 07:25:06,956 [9387e6e8-bf6d-4d10-9dc1-f1bd05fc02cf-impl-thread4] INFO  server.RaftServer$Division (RaftServerImpl.java:lambda$close$3(526)) - 9387e6e8-bf6d-4d10-9dc1-f1bd05fc02cf@group-12C11132411B: shutdown
2024-04-21 07:25:06,959 [9387e6e8-bf6d-4d10-9dc1-f1bd05fc02cf-impl-thread4] INFO  util.JmxRegister (JmxRegister.java:unregister(73)) - Successfully un-registered JMX Bean with object name Ratis:service=RaftServer,group=group-12C11132411B,id=9387e6e8-bf6d-4d10-9dc1-f1bd05fc02cf
2024-04-21 07:25:06,960 [9387e6e8-bf6d-4d10-9dc1-f1bd05fc02cf-impl-thread4] INFO  impl.RoleInfo (RoleInfo.java:shutdownFollowerState(110)) - 9387e6e8-bf6d-4d10-9dc1-f1bd05fc02cf: shutdown 9387e6e8-bf6d-4d10-9dc1-f1bd05fc02cf@group-12C11132411B-FollowerState
2024-04-21 07:25:06,952 [80370d78-c36f-4d75-b7cb-6753407b0dff-impl-thread3] INFO  server.RaftServer$Division (RaftServerImpl.java:lambda$close$3(526)) - 80370d78-c36f-4d75-b7cb-6753407b0dff@group-0B323A473FB2: shutdown
2024-04-21 07:25:06,960 [80370d78-c36f-4d75-b7cb-6753407b0dff-impl-thread3] INFO  util.JmxRegister (JmxRegister.java:unregister(73)) - Successfully un-registered JMX Bean with object name Ratis:service=RaftServer,group=group-0B323A473FB2,id=80370d78-c36f-4d75-b7cb-6753407b0dff
2024-04-21 07:25:06,960 [80370d78-c36f-4d75-b7cb-6753407b0dff-impl-thread3] INFO  impl.RoleInfo (RoleInfo.java:shutdownFollowerState(110)) - 80370d78-c36f-4d75-b7cb-6753407b0dff: shutdown 80370d78-c36f-4d75-b7cb-6753407b0dff@group-0B323A473FB2-FollowerState
2024-04-21 07:25:06,960 [80370d78-c36f-4d75-b7cb-6753407b0dff-impl-thread3] INFO  impl.StateMachineUpdater (StateMachineUpdater.java:stopAndJoin(157)) - 80370d78-c36f-4d75-b7cb-6753407b0dff@group-0B323A473FB2-StateMachineUpdater: set stopIndex = 0
2024-04-21 07:25:06,951 [9387e6e8-bf6d-4d10-9dc1-f1bd05fc02cf-impl-thread3] INFO  server.RaftServer$Division (RaftServerImpl.java:lambda$close$3(526)) - 9387e6e8-bf6d-4d10-9dc1-f1bd05fc02cf@group-E2078B4A5995: shutdown
2024-04-21 07:25:06,951 [9387e6e8-bf6d-4d10-9dc1-f1bd05fc02cf-impl-thread2] INFO  server.RaftServer$Division (RaftServerImpl.java:lambda$close$3(526)) - 9387e6e8-bf6d-4d10-9dc1-f1bd05fc02cf@group-77AD9CB52074: shutdown
2024-04-21 07:25:06,960 [9387e6e8-bf6d-4d10-9dc1-f1bd05fc02cf-impl-thread2] INFO  util.JmxRegister (JmxRegister.java:unregister(73)) - Successfully un-registered JMX Bean with object name Ratis:service=RaftServer,group=group-77AD9CB52074,id=9387e6e8-bf6d-4d10-9dc1-f1bd05fc02cf
2024-04-21 07:25:06,960 [9387e6e8-bf6d-4d10-9dc1-f1bd05fc02cf-impl-thread2] INFO  impl.RoleInfo (RoleInfo.java:shutdownFollowerState(110)) - 9387e6e8-bf6d-4d10-9dc1-f1bd05fc02cf: shutdown 9387e6e8-bf6d-4d10-9dc1-f1bd05fc02cf@group-77AD9CB52074-FollowerState
2024-04-21 07:25:06,960 [9387e6e8-bf6d-4d10-9dc1-f1bd05fc02cf-impl-thread2] INFO  impl.StateMachineUpdater (StateMachineUpdater.java:stopAndJoin(157)) - 9387e6e8-bf6d-4d10-9dc1-f1bd05fc02cf@group-77AD9CB52074-StateMachineUpdater: set stopIndex = 0
2024-04-21 07:25:06,960 [9387e6e8-bf6d-4d10-9dc1-f1bd05fc02cf@group-77AD9CB52074-StateMachineUpdater] INFO  ratis.ContainerStateMachine (ContainerStateMachine.java:takeSnapshot(355)) - group-77AD9CB52074: Taking a snapshot at:(t:1, i:0) file /home/runner/work/ozone/ozone/hadoop-ozone/integration-test/target/test-dir/MiniOzoneClusterImpl-ed39ddd9-82bf-4bf6-8741-acb42c98007c/ozone-meta/datanode-1/ratis/aa5e628e-98de-483c-bc2e-77ad9cb52074/sm/snapshot.1_0
2024-04-21 07:25:06,951 [ForkJoinPool.commonPool-worker-1] INFO  server.GrpcService (GrpcService.java:closeImpl(311)) - 9387e6e8-bf6d-4d10-9dc1-f1bd05fc02cf: shutdown server org.apache.ratis.grpc.server.GrpcClientProtocolService now
2024-04-21 07:25:06,951 [ForkJoinPool.commonPool-worker-0] INFO  server.GrpcService (GrpcService.java:closeImpl(311)) - 80370d78-c36f-4d75-b7cb-6753407b0dff: shutdown server org.apache.ratis.grpc.server.GrpcClientProtocolService now
2024-04-21 07:25:06,951 [80370d78-c36f-4d75-b7cb-6753407b0dff-impl-thread5] INFO  server.RaftServer$Division (RaftServerImpl.java:lambda$close$3(526)) - 80370d78-c36f-4d75-b7cb-6753407b0dff@group-12C11132411B: shutdown
2024-04-21 07:25:06,961 [80370d78-c36f-4d75-b7cb-6753407b0dff-impl-thread5] INFO  util.JmxRegister (JmxRegister.java:unregister(73)) - Successfully un-registered JMX Bean with object name Ratis:service=RaftServer,group=group-12C11132411B,id=80370d78-c36f-4d75-b7cb-6753407b0dff
2024-04-21 07:25:06,961 [80370d78-c36f-4d75-b7cb-6753407b0dff-impl-thread5] INFO  impl.RoleInfo (RoleInfo.java:shutdownFollowerState(110)) - 80370d78-c36f-4d75-b7cb-6753407b0dff: shutdown 80370d78-c36f-4d75-b7cb-6753407b0dff@group-12C11132411B-FollowerState
2024-04-21 07:25:06,951 [80370d78-c36f-4d75-b7cb-6753407b0dff-impl-thread4] INFO  server.RaftServer$Division (RaftServerImpl.java:lambda$close$3(526)) - 80370d78-c36f-4d75-b7cb-6753407b0dff@group-9A8D2995D9A7: shutdown
2024-04-21 07:25:06,951 [80370d78-c36f-4d75-b7cb-6753407b0dff-impl-thread2] INFO  server.RaftServer$Division (RaftServerImpl.java:lambda$close$3(526)) - 80370d78-c36f-4d75-b7cb-6753407b0dff@group-77AD9CB52074: shutdown
2024-04-21 07:25:06,962 [80370d78-c36f-4d75-b7cb-6753407b0dff-impl-thread2] INFO  util.JmxRegister (JmxRegister.java:unregister(73)) - Successfully un-registered JMX Bean with object name Ratis:service=RaftServer,group=group-77AD9CB52074,id=80370d78-c36f-4d75-b7cb-6753407b0dff
2024-04-21 07:25:06,962 [80370d78-c36f-4d75-b7cb-6753407b0dff-impl-thread2] INFO  impl.RoleInfo (RoleInfo.java:shutdownLeaderState(94)) - 80370d78-c36f-4d75-b7cb-6753407b0dff: shutdown 80370d78-c36f-4d75-b7cb-6753407b0dff@group-77AD9CB52074-LeaderStateImpl
2024-04-21 07:25:06,962 [80370d78-c36f-4d75-b7cb-6753407b0dff-impl-thread4] INFO  util.JmxRegister (JmxRegister.java:unregister(73)) - Successfully un-registered JMX Bean with object name Ratis:service=RaftServer,group=group-9A8D2995D9A7,id=80370d78-c36f-4d75-b7cb-6753407b0dff
2024-04-21 07:25:06,963 [80370d78-c36f-4d75-b7cb-6753407b0dff-impl-thread4] INFO  impl.RoleInfo (RoleInfo.java:shutdownLeaderState(94)) - 80370d78-c36f-4d75-b7cb-6753407b0dff: shutdown 80370d78-c36f-4d75-b7cb-6753407b0dff@group-9A8D2995D9A7-LeaderStateImpl
2024-04-21 07:25:06,962 [80370d78-c36f-4d75-b7cb-6753407b0dff@group-12C11132411B-FollowerState] INFO  impl.FollowerState (FollowerState.java:run(152)) - 80370d78-c36f-4d75-b7cb-6753407b0dff@group-12C11132411B-FollowerState was interrupted
2024-04-21 07:25:06,962 [80370d78-c36f-4d75-b7cb-6753407b0dff@group-12C11132411B-StateMachineUpdater] INFO  ratis.ContainerStateMachine (ContainerStateMachine.java:takeSnapshot(355)) - group-12C11132411B: Taking a snapshot at:(t:1, i:0) file /home/runner/work/ozone/ozone/hadoop-ozone/integration-test/target/test-dir/MiniOzoneClusterImpl-ed39ddd9-82bf-4bf6-8741-acb42c98007c/ozone-meta/datanode-5/ratis/14e1582f-626f-4294-b75a-12c11132411b/sm/snapshot.1_0
2024-04-21 07:25:06,962 [80370d78-c36f-4d75-b7cb-6753407b0dff-impl-thread5] INFO  impl.StateMachineUpdater (StateMachineUpdater.java:stopAndJoin(157)) - 80370d78-c36f-4d75-b7cb-6753407b0dff@group-12C11132411B-StateMachineUpdater: set stopIndex = 0
2024-04-21 07:25:06,961 [9387e6e8-bf6d-4d10-9dc1-f1bd05fc02cf@group-77AD9CB52074-StateMachineUpdater] INFO  ratis.ContainerStateMachine (ContainerStateMachine.java:takeSnapshot(366)) - group-77AD9CB52074: Finished taking a snapshot at:(t:1, i:0) file:/home/runner/work/ozone/ozone/hadoop-ozone/integration-test/target/test-dir/MiniOzoneClusterImpl-ed39ddd9-82bf-4bf6-8741-acb42c98007c/ozone-meta/datanode-1/ratis/aa5e628e-98de-483c-bc2e-77ad9cb52074/sm/snapshot.1_0 took: 1 ms
2024-04-21 07:25:06,960 [9387e6e8-bf6d-4d10-9dc1-f1bd05fc02cf@group-77AD9CB52074-FollowerState] INFO  impl.FollowerState (FollowerState.java:run(152)) - 9387e6e8-bf6d-4d10-9dc1-f1bd05fc02cf@group-77AD9CB52074-FollowerState was interrupted
2024-04-21 07:25:06,963 [9387e6e8-bf6d-4d10-9dc1-f1bd05fc02cf@group-77AD9CB52074-StateMachineUpdater] INFO  impl.StateMachineUpdater (StateMachineUpdater.java:takeSnapshot(295)) - 9387e6e8-bf6d-4d10-9dc1-f1bd05fc02cf@group-77AD9CB52074-StateMachineUpdater: Took a snapshot at index 0
2024-04-21 07:25:06,960 [9387e6e8-bf6d-4d10-9dc1-f1bd05fc02cf-impl-thread4] INFO  impl.StateMachineUpdater (StateMachineUpdater.java:stopAndJoin(157)) - 9387e6e8-bf6d-4d10-9dc1-f1bd05fc02cf@group-12C11132411B-StateMachineUpdater: set stopIndex = 0
2024-04-21 07:25:06,963 [80370d78-c36f-4d75-b7cb-6753407b0dff@group-12C11132411B-StateMachineUpdater] INFO  ratis.ContainerStateMachine (ContainerStateMachine.java:takeSnapshot(366)) - group-12C11132411B: Finished taking a snapshot at:(t:1, i:0) file:/home/runner/work/ozone/ozone/hadoop-ozone/integration-test/target/test-dir/MiniOzoneClusterImpl-ed39ddd9-82bf-4bf6-8741-acb42c98007c/ozone-meta/datanode-5/ratis/14e1582f-626f-4294-b75a-12c11132411b/sm/snapshot.1_0 took: 1 ms
2024-04-21 07:25:06,963 [80370d78-c36f-4d75-b7cb-6753407b0dff@group-12C11132411B-StateMachineUpdater] INFO  impl.StateMachineUpdater (StateMachineUpdater.java:takeSnapshot(295)) - 80370d78-c36f-4d75-b7cb-6753407b0dff@group-12C11132411B-StateMachineUpdater: Took a snapshot at index 0
2024-04-21 07:25:06,963 [80370d78-c36f-4d75-b7cb-6753407b0dff@group-12C11132411B-StateMachineUpdater] INFO  impl.StateMachineUpdater (StateMachineUpdater.java:lambda$new$0(98)) - 80370d78-c36f-4d75-b7cb-6753407b0dff@group-12C11132411B-StateMachineUpdater: snapshotIndex: updateIncreasingly -1 -> 0
2024-04-21 07:25:06,960 [9387e6e8-bf6d-4d10-9dc1-f1bd05fc02cf@group-12C11132411B-StateMachineUpdater] INFO  ratis.ContainerStateMachine (ContainerStateMachine.java:takeSnapshot(355)) - group-12C11132411B: Taking a snapshot at:(t:1, i:0) file /home/runner/work/ozone/ozone/hadoop-ozone/integration-test/target/test-dir/MiniOzoneClusterImpl-ed39ddd9-82bf-4bf6-8741-acb42c98007c/ozone-meta/datanode-1/ratis/14e1582f-626f-4294-b75a-12c11132411b/sm/snapshot.1_0
2024-04-21 07:25:06,960 [9387e6e8-bf6d-4d10-9dc1-f1bd05fc02cf-impl-thread3] INFO  util.JmxRegister (JmxRegister.java:unregister(73)) - Successfully un-registered JMX Bean with object name Ratis:service=RaftServer,group=group-E2078B4A5995,id=9387e6e8-bf6d-4d10-9dc1-f1bd05fc02cf
2024-04-21 07:25:06,964 [9387e6e8-bf6d-4d10-9dc1-f1bd05fc02cf-impl-thread3] INFO  impl.RoleInfo (RoleInfo.java:shutdownLeaderState(94)) - 9387e6e8-bf6d-4d10-9dc1-f1bd05fc02cf: shutdown 9387e6e8-bf6d-4d10-9dc1-f1bd05fc02cf@group-E2078B4A5995-LeaderStateImpl
2024-04-21 07:25:06,964 [9387e6e8-bf6d-4d10-9dc1-f1bd05fc02cf-impl-thread3] INFO  impl.PendingRequests (PendingRequests.java:sendNotLeaderResponses(289)) - 9387e6e8-bf6d-4d10-9dc1-f1bd05fc02cf@group-E2078B4A5995-PendingRequests: sendNotLeaderResponses
2024-04-21 07:25:06,964 [9387e6e8-bf6d-4d10-9dc1-f1bd05fc02cf@group-12C11132411B-StateMachineUpdater] INFO  ratis.ContainerStateMachine (ContainerStateMachine.java:takeSnapshot(366)) - group-12C11132411B: Finished taking a snapshot at:(t:1, i:0) file:/home/runner/work/ozone/ozone/hadoop-ozone/integration-test/target/test-dir/MiniOzoneClusterImpl-ed39ddd9-82bf-4bf6-8741-acb42c98007c/ozone-meta/datanode-1/ratis/14e1582f-626f-4294-b75a-12c11132411b/sm/snapshot.1_0 took: 4 ms
2024-04-21 07:25:06,964 [9387e6e8-bf6d-4d10-9dc1-f1bd05fc02cf-impl-thread3] INFO  impl.StateMachineUpdater (StateMachineUpdater.java:stopAndJoin(157)) - 9387e6e8-bf6d-4d10-9dc1-f1bd05fc02cf@group-E2078B4A5995-StateMachineUpdater: set stopIndex = 0
2024-04-21 07:25:06,960 [80370d78-c36f-4d75-b7cb-6753407b0dff@group-0B323A473FB2-FollowerState] INFO  impl.FollowerState (FollowerState.java:run(152)) - 80370d78-c36f-4d75-b7cb-6753407b0dff@group-0B323A473FB2-FollowerState was interrupted
2024-04-21 07:25:06,960 [80370d78-c36f-4d75-b7cb-6753407b0dff@group-0B323A473FB2-StateMachineUpdater] INFO  ratis.ContainerStateMachine (ContainerStateMachine.java:takeSnapshot(355)) - group-0B323A473FB2: Taking a snapshot at:(t:1, i:0) file /home/runner/work/ozone/ozone/hadoop-ozone/integration-test/target/test-dir/MiniOzoneClusterImpl-ed39ddd9-82bf-4bf6-8741-acb42c98007c/ozone-meta/datanode-5/ratis/a896e64e-f27b-41e6-b4a0-0b323a473fb2/sm/snapshot.1_0
2024-04-21 07:25:06,960 [9387e6e8-bf6d-4d10-9dc1-f1bd05fc02cf@group-12C11132411B-FollowerState] INFO  impl.FollowerState (FollowerState.java:run(152)) - 9387e6e8-bf6d-4d10-9dc1-f1bd05fc02cf@group-12C11132411B-FollowerState was interrupted
2024-04-21 07:25:06,958 [grpc-default-executor-13] INFO  server.GrpcServerProtocolService (GrpcServerProtocolService.java:lambda$onCompleted$5(159)) - 9387e6e8-bf6d-4d10-9dc1-f1bd05fc02cf: Completed APPEND_ENTRIES, lastReply: serverReply {
  requestorId: "33d4fa9a-f1b5-45a2-9ce3-43c86fd82df2"
  replyId: "9387e6e8-bf6d-4d10-9dc1-f1bd05fc02cf"
  raftGroupId {
    id: "\024\341X/boB\224\267Z\022\301\0212A\033"
  }
  callId: 139
  success: true
}
term: 1
nextIndex: 1
matchIndex: 18446744073709551615
isHearbeat: true

2024-04-21 07:25:06,958 [33d4fa9a-f1b5-45a2-9ce3-43c86fd82df2@group-12C11132411B-StateMachineUpdater] INFO  impl.StateMachineUpdater (StateMachineUpdater.java:lambda$new$0(98)) - 33d4fa9a-f1b5-45a2-9ce3-43c86fd82df2@group-12C11132411B-StateMachineUpdater: snapshotIndex: updateIncreasingly -1 -> 0
2024-04-21 07:25:06,964 [9387e6e8-bf6d-4d10-9dc1-f1bd05fc02cf@group-E2078B4A5995-StateMachineUpdater] INFO  ratis.ContainerStateMachine (ContainerStateMachine.java:takeSnapshot(355)) - group-E2078B4A5995: Taking a snapshot at:(t:1, i:0) file /home/runner/work/ozone/ozone/hadoop-ozone/integration-test/target/test-dir/MiniOzoneClusterImpl-ed39ddd9-82bf-4bf6-8741-acb42c98007c/ozone-meta/datanode-1/ratis/bc87ce9e-43bf-487e-9f23-e2078b4a5995/sm/snapshot.1_0
2024-04-21 07:25:06,965 [33d4fa9a-f1b5-45a2-9ce3-43c86fd82df2-impl-thread5] INFO  server.RaftServer$Division (ServerState.java:close(427)) - 33d4fa9a-f1b5-45a2-9ce3-43c86fd82df2@group-12C11132411B: applyIndex: 0
2024-04-21 07:25:06,964 [9387e6e8-bf6d-4d10-9dc1-f1bd05fc02cf@group-12C11132411B-StateMachineUpdater] INFO  impl.StateMachineUpdater (StateMachineUpdater.java:takeSnapshot(295)) - 9387e6e8-bf6d-4d10-9dc1-f1bd05fc02cf@group-12C11132411B-StateMachineUpdater: Took a snapshot at index 0
2024-04-21 07:25:06,965 [9387e6e8-bf6d-4d10-9dc1-f1bd05fc02cf@group-12C11132411B-StateMachineUpdater] INFO  impl.StateMachineUpdater (StateMachineUpdater.java:lambda$new$0(98)) - 9387e6e8-bf6d-4d10-9dc1-f1bd05fc02cf@group-12C11132411B-StateMachineUpdater: snapshotIndex: updateIncreasingly -1 -> 0
2024-04-21 07:25:06,964 [80370d78-c36f-4d75-b7cb-6753407b0dff-impl-thread5] INFO  server.RaftServer$Division (ServerState.java:close(427)) - 80370d78-c36f-4d75-b7cb-6753407b0dff@group-12C11132411B: applyIndex: 0
2024-04-21 07:25:06,965 [9387e6e8-bf6d-4d10-9dc1-f1bd05fc02cf-impl-thread4] INFO  server.RaftServer$Division (ServerState.java:close(427)) - 9387e6e8-bf6d-4d10-9dc1-f1bd05fc02cf@group-12C11132411B: applyIndex: 0
2024-04-21 07:25:06,965 [9387e6e8-bf6d-4d10-9dc1-f1bd05fc02cf@group-E2078B4A5995-StateMachineUpdater] INFO  ratis.ContainerStateMachine (ContainerStateMachine.java:takeSnapshot(366)) - group-E2078B4A5995: Finished taking a snapshot at:(t:1, i:0) file:/home/runner/work/ozone/ozone/hadoop-ozone/integration-test/target/test-dir/MiniOzoneClusterImpl-ed39ddd9-82bf-4bf6-8741-acb42c98007c/ozone-meta/datanode-1/ratis/bc87ce9e-43bf-487e-9f23-e2078b4a5995/sm/snapshot.1_0 took: 1 ms
2024-04-21 07:25:06,965 [9387e6e8-bf6d-4d10-9dc1-f1bd05fc02cf@group-E2078B4A5995-StateMachineUpdater] INFO  impl.StateMachineUpdater (StateMachineUpdater.java:takeSnapshot(295)) - 9387e6e8-bf6d-4d10-9dc1-f1bd05fc02cf@group-E2078B4A5995-StateMachineUpdater: Took a snapshot at index 0
2024-04-21 07:25:06,965 [9387e6e8-bf6d-4d10-9dc1-f1bd05fc02cf@group-E2078B4A5995-StateMachineUpdater] INFO  impl.StateMachineUpdater (StateMachineUpdater.java:lambda$new$0(98)) - 9387e6e8-bf6d-4d10-9dc1-f1bd05fc02cf@group-E2078B4A5995-StateMachineUpdater: snapshotIndex: updateIncreasingly -1 -> 0
2024-04-21 07:25:06,963 [9387e6e8-bf6d-4d10-9dc1-f1bd05fc02cf@group-77AD9CB52074-StateMachineUpdater] INFO  impl.StateMachineUpdater (StateMachineUpdater.java:lambda$new$0(98)) - 9387e6e8-bf6d-4d10-9dc1-f1bd05fc02cf@group-77AD9CB52074-StateMachineUpdater: snapshotIndex: updateIncreasingly -1 -> 0
2024-04-21 07:25:06,965 [9387e6e8-bf6d-4d10-9dc1-f1bd05fc02cf-impl-thread2] INFO  server.RaftServer$Division (ServerState.java:close(427)) - 9387e6e8-bf6d-4d10-9dc1-f1bd05fc02cf@group-77AD9CB52074: applyIndex: 0
2024-04-21 07:25:06,963 [80370d78-c36f-4d75-b7cb-6753407b0dff-impl-thread4] INFO  impl.PendingRequests (PendingRequests.java:sendNotLeaderResponses(289)) - 80370d78-c36f-4d75-b7cb-6753407b0dff@group-9A8D2995D9A7-PendingRequests: sendNotLeaderResponses
2024-04-21 07:25:06,965 [grpc-default-executor-14] INFO  server.GrpcLogAppender (GrpcLogAppender.java:onCompleted(546)) - 33d4fa9a-f1b5-45a2-9ce3-43c86fd82df2@group-12C11132411B->9387e6e8-bf6d-4d10-9dc1-f1bd05fc02cf-AppendLogResponseHandler: follower responses appendEntries COMPLETED
2024-04-21 07:25:06,965 [9387e6e8-bf6d-4d10-9dc1-f1bd05fc02cf-impl-thread3] INFO  server.RaftServer$Division (ServerState.java:close(427)) - 9387e6e8-bf6d-4d10-9dc1-f1bd05fc02cf@group-E2078B4A5995: applyIndex: 0
2024-04-21 07:25:06,965 [80370d78-c36f-4d75-b7cb-6753407b0dff@group-0B323A473FB2-StateMachineUpdater] INFO  ratis.ContainerStateMachine (ContainerStateMachine.java:takeSnapshot(366)) - group-0B323A473FB2: Finished taking a snapshot at:(t:1, i:0) file:/home/runner/work/ozone/ozone/hadoop-ozone/integration-test/target/test-dir/MiniOzoneClusterImpl-ed39ddd9-82bf-4bf6-8741-acb42c98007c/ozone-meta/datanode-5/ratis/a896e64e-f27b-41e6-b4a0-0b323a473fb2/sm/snapshot.1_0 took: 4 ms
2024-04-21 07:25:06,966 [grpc-default-executor-14] WARN  server.GrpcLogAppender (GrpcLogAppender.java:resetClient(226)) - 33d4fa9a-f1b5-45a2-9ce3-43c86fd82df2@group-12C11132411B->9387e6e8-bf6d-4d10-9dc1-f1bd05fc02cf-GrpcLogAppender: Failed to getClient for 9387e6e8-bf6d-4d10-9dc1-f1bd05fc02cf
org.apache.ratis.protocol.exceptions.AlreadyClosedException: 33d4fa9a-f1b5-45a2-9ce3-43c86fd82df2 is already CLOSED
	at org.apache.ratis.util.PeerProxyMap$PeerAndProxy.getProxy(PeerProxyMap.java:65)
	at org.apache.ratis.util.PeerProxyMap.getProxy(PeerProxyMap.java:114)
	at org.apache.ratis.grpc.server.GrpcLogAppender.getClient(GrpcLogAppender.java:196)
	at org.apache.ratis.grpc.server.GrpcLogAppender.resetClient(GrpcLogAppender.java:201)
	at org.apache.ratis.grpc.server.GrpcLogAppender.access$800(GrpcLogAppender.java:62)
	at org.apache.ratis.grpc.server.GrpcLogAppender$AppendLogResponseHandler.onCompleted(GrpcLogAppender.java:547)
	at org.apache.ratis.thirdparty.io.grpc.stub.ClientCalls$StreamObserverToCallListenerAdapter.onClose(ClientCalls.java:479)
	at org.apache.ratis.thirdparty.io.grpc.internal.ClientCallImpl.closeObserver(ClientCallImpl.java:567)
	at org.apache.ratis.thirdparty.io.grpc.internal.ClientCallImpl.access$300(ClientCallImpl.java:71)
	at org.apache.ratis.thirdparty.io.grpc.internal.ClientCallImpl$ClientStreamListenerImpl$1StreamClosed.runInternal(ClientCallImpl.java:735)
	at org.apache.ratis.thirdparty.io.grpc.internal.ClientCallImpl$ClientStreamListenerImpl$1StreamClosed.runInContext(ClientCallImpl.java:716)
	at org.apache.ratis.thirdparty.io.grpc.internal.ContextRunnable.run(ContextRunnable.java:37)
	at org.apache.ratis.thirdparty.io.grpc.internal.SerializingExecutor.run(SerializingExecutor.java:133)
	at java.util.concurrent.ThreadPoolExecutor.runWorker(ThreadPoolExecutor.java:1149)
	at java.util.concurrent.ThreadPoolExecutor$Worker.run(ThreadPoolExecutor.java:624)
	at java.lang.Thread.run(Thread.java:750)
2024-04-21 07:25:06,966 [80370d78-c36f-4d75-b7cb-6753407b0dff@group-0B323A473FB2-StateMachineUpdater] INFO  impl.StateMachineUpdater (StateMachineUpdater.java:takeSnapshot(295)) - 80370d78-c36f-4d75-b7cb-6753407b0dff@group-0B323A473FB2-StateMachineUpdater: Took a snapshot at index 0
2024-04-21 07:25:06,966 [80370d78-c36f-4d75-b7cb-6753407b0dff@group-0B323A473FB2-StateMachineUpdater] INFO  impl.StateMachineUpdater (StateMachineUpdater.java:lambda$new$0(98)) - 80370d78-c36f-4d75-b7cb-6753407b0dff@group-0B323A473FB2-StateMachineUpdater: snapshotIndex: updateIncreasingly -1 -> 0
2024-04-21 07:25:06,967 [80370d78-c36f-4d75-b7cb-6753407b0dff-impl-thread3] INFO  server.RaftServer$Division (ServerState.java:close(427)) - 80370d78-c36f-4d75-b7cb-6753407b0dff@group-0B323A473FB2: applyIndex: 0
2024-04-21 07:25:06,971 [Thread-3296] INFO  server.GrpcServerProtocolClient (GrpcServerProtocolClient.java:close(103)) - 33d4fa9a-f1b5-45a2-9ce3-43c86fd82df2 Close channels
2024-04-21 07:25:06,971 [Thread-3292] INFO  server.GrpcServerProtocolClient (GrpcServerProtocolClient.java:close(103)) - 6cf56e53-88cb-4022-bd56-d9b5c4d884ee Close channels
2024-04-21 07:25:06,971 [Thread-3299] INFO  server.GrpcServerProtocolClient (GrpcServerProtocolClient.java:close(103)) - 33d4fa9a-f1b5-45a2-9ce3-43c86fd82df2 Close channels
2024-04-21 07:25:06,971 [Thread-3297] INFO  server.GrpcServerProtocolClient (GrpcServerProtocolClient.java:close(103)) - 9387e6e8-bf6d-4d10-9dc1-f1bd05fc02cf Close channels
2024-04-21 07:25:06,976 [9387e6e8-bf6d-4d10-9dc1-f1bd05fc02cf@group-12C11132411B-cacheEviction-AwaitToRun] INFO  util.AwaitToRun (AwaitToRun.java:run(49)) - 9387e6e8-bf6d-4d10-9dc1-f1bd05fc02cf@group-12C11132411B-cacheEviction-AwaitToRun-AwaitForSignal is interrupted
2024-04-21 07:25:06,976 [80370d78-c36f-4d75-b7cb-6753407b0dff@group-12C11132411B-cacheEviction-AwaitToRun] INFO  util.AwaitToRun (AwaitToRun.java:run(49)) - 80370d78-c36f-4d75-b7cb-6753407b0dff@group-12C11132411B-cacheEviction-AwaitToRun-AwaitForSignal is interrupted
2024-04-21 07:25:06,976 [33d4fa9a-f1b5-45a2-9ce3-43c86fd82df2@group-12C11132411B-cacheEviction-AwaitToRun] INFO  util.AwaitToRun (AwaitToRun.java:run(49)) - 33d4fa9a-f1b5-45a2-9ce3-43c86fd82df2@group-12C11132411B-cacheEviction-AwaitToRun-AwaitForSignal is interrupted
2024-04-21 07:25:06,977 [80370d78-c36f-4d75-b7cb-6753407b0dff-impl-thread4] INFO  impl.StateMachineUpdater (StateMachineUpdater.java:stopAndJoin(157)) - 80370d78-c36f-4d75-b7cb-6753407b0dff@group-9A8D2995D9A7-StateMachineUpdater: set stopIndex = 17
2024-04-21 07:25:06,977 [80370d78-c36f-4d75-b7cb-6753407b0dff@group-9A8D2995D9A7-StateMachineUpdater] INFO  ratis.ContainerStateMachine (ContainerStateMachine.java:takeSnapshot(355)) - group-9A8D2995D9A7: Taking a snapshot at:(t:1, i:17) file /home/runner/work/ozone/ozone/hadoop-ozone/integration-test/target/test-dir/MiniOzoneClusterImpl-ed39ddd9-82bf-4bf6-8741-acb42c98007c/ozone-meta/datanode-5/ratis/3a57b055-28e0-4292-8aab-9a8d2995d9a7/sm/snapshot.1_17
2024-04-21 07:25:06,977 [80370d78-c36f-4d75-b7cb-6753407b0dff@group-77AD9CB52074->9387e6e8-bf6d-4d10-9dc1-f1bd05fc02cf-GrpcLogAppender-LogAppenderDaemon] WARN  server.GrpcLogAppender (GrpcLogAppender.java:mayWait(289)) - 80370d78-c36f-4d75-b7cb-6753407b0dff@group-77AD9CB52074->9387e6e8-bf6d-4d10-9dc1-f1bd05fc02cf-GrpcLogAppender: Wait interrupted by java.lang.InterruptedException
2024-04-21 07:25:06,977 [80370d78-c36f-4d75-b7cb-6753407b0dff-impl-thread2] INFO  impl.PendingRequests (PendingRequests.java:sendNotLeaderResponses(289)) - 80370d78-c36f-4d75-b7cb-6753407b0dff@group-77AD9CB52074-PendingRequests: sendNotLeaderResponses
2024-04-21 07:25:06,977 [80370d78-c36f-4d75-b7cb-6753407b0dff@group-77AD9CB52074->33d4fa9a-f1b5-45a2-9ce3-43c86fd82df2-GrpcLogAppender-LogAppenderDaemon] WARN  server.GrpcLogAppender (GrpcLogAppender.java:mayWait(289)) - 80370d78-c36f-4d75-b7cb-6753407b0dff@group-77AD9CB52074->33d4fa9a-f1b5-45a2-9ce3-43c86fd82df2-GrpcLogAppender: Wait interrupted by java.lang.InterruptedException
2024-04-21 07:25:06,977 [80370d78-c36f-4d75-b7cb-6753407b0dff-impl-thread2] INFO  impl.StateMachineUpdater (StateMachineUpdater.java:stopAndJoin(157)) - 80370d78-c36f-4d75-b7cb-6753407b0dff@group-77AD9CB52074-StateMachineUpdater: set stopIndex = 0
2024-04-21 07:25:06,977 [9387e6e8-bf6d-4d10-9dc1-f1bd05fc02cf@group-E2078B4A5995-cacheEviction-AwaitToRun] INFO  util.AwaitToRun (AwaitToRun.java:run(49)) - 9387e6e8-bf6d-4d10-9dc1-f1bd05fc02cf@group-E2078B4A5995-cacheEviction-AwaitToRun-AwaitForSignal is interrupted
2024-04-21 07:25:06,977 [80370d78-c36f-4d75-b7cb-6753407b0dff@group-77AD9CB52074-StateMachineUpdater] INFO  ratis.ContainerStateMachine (ContainerStateMachine.java:takeSnapshot(355)) - group-77AD9CB52074: Taking a snapshot at:(t:1, i:0) file /home/runner/work/ozone/ozone/hadoop-ozone/integration-test/target/test-dir/MiniOzoneClusterImpl-ed39ddd9-82bf-4bf6-8741-acb42c98007c/ozone-meta/datanode-5/ratis/aa5e628e-98de-483c-bc2e-77ad9cb52074/sm/snapshot.1_0
2024-04-21 07:25:06,977 [9387e6e8-bf6d-4d10-9dc1-f1bd05fc02cf@group-77AD9CB52074-cacheEviction-AwaitToRun] INFO  util.AwaitToRun (AwaitToRun.java:run(49)) - 9387e6e8-bf6d-4d10-9dc1-f1bd05fc02cf@group-77AD9CB52074-cacheEviction-AwaitToRun-AwaitForSignal is interrupted
2024-04-21 07:25:06,977 [80370d78-c36f-4d75-b7cb-6753407b0dff@group-9A8D2995D9A7-StateMachineUpdater] INFO  ratis.ContainerStateMachine (ContainerStateMachine.java:takeSnapshot(366)) - group-9A8D2995D9A7: Finished taking a snapshot at:(t:1, i:17) file:/home/runner/work/ozone/ozone/hadoop-ozone/integration-test/target/test-dir/MiniOzoneClusterImpl-ed39ddd9-82bf-4bf6-8741-acb42c98007c/ozone-meta/datanode-5/ratis/3a57b055-28e0-4292-8aab-9a8d2995d9a7/sm/snapshot.1_17 took: 1 ms
2024-04-21 07:25:06,978 [80370d78-c36f-4d75-b7cb-6753407b0dff@group-0B323A473FB2-cacheEviction-AwaitToRun] INFO  util.AwaitToRun (AwaitToRun.java:run(49)) - 80370d78-c36f-4d75-b7cb-6753407b0dff@group-0B323A473FB2-cacheEviction-AwaitToRun-AwaitForSignal is interrupted
2024-04-21 07:25:06,978 [80370d78-c36f-4d75-b7cb-6753407b0dff@group-9A8D2995D9A7-StateMachineUpdater] INFO  impl.StateMachineUpdater (StateMachineUpdater.java:takeSnapshot(295)) - 80370d78-c36f-4d75-b7cb-6753407b0dff@group-9A8D2995D9A7-StateMachineUpdater: Took a snapshot at index 17
2024-04-21 07:25:06,978 [80370d78-c36f-4d75-b7cb-6753407b0dff@group-9A8D2995D9A7-StateMachineUpdater] INFO  impl.StateMachineUpdater (StateMachineUpdater.java:lambda$new$0(98)) - 80370d78-c36f-4d75-b7cb-6753407b0dff@group-9A8D2995D9A7-StateMachineUpdater: snapshotIndex: updateIncreasingly -1 -> 17
2024-04-21 07:25:06,978 [80370d78-c36f-4d75-b7cb-6753407b0dff@group-77AD9CB52074-StateMachineUpdater] INFO  ratis.ContainerStateMachine (ContainerStateMachine.java:takeSnapshot(366)) - group-77AD9CB52074: Finished taking a snapshot at:(t:1, i:0) file:/home/runner/work/ozone/ozone/hadoop-ozone/integration-test/target/test-dir/MiniOzoneClusterImpl-ed39ddd9-82bf-4bf6-8741-acb42c98007c/ozone-meta/datanode-5/ratis/aa5e628e-98de-483c-bc2e-77ad9cb52074/sm/snapshot.1_0 took: 1 ms
2024-04-21 07:25:06,978 [80370d78-c36f-4d75-b7cb-6753407b0dff@group-77AD9CB52074-StateMachineUpdater] INFO  impl.StateMachineUpdater (StateMachineUpdater.java:takeSnapshot(295)) - 80370d78-c36f-4d75-b7cb-6753407b0dff@group-77AD9CB52074-StateMachineUpdater: Took a snapshot at index 0
2024-04-21 07:25:06,978 [80370d78-c36f-4d75-b7cb-6753407b0dff@group-77AD9CB52074-StateMachineUpdater] INFO  impl.StateMachineUpdater (StateMachineUpdater.java:lambda$new$0(98)) - 80370d78-c36f-4d75-b7cb-6753407b0dff@group-77AD9CB52074-StateMachineUpdater: snapshotIndex: updateIncreasingly -1 -> 0
2024-04-21 07:25:06,978 [80370d78-c36f-4d75-b7cb-6753407b0dff-impl-thread2] INFO  server.RaftServer$Division (ServerState.java:close(427)) - 80370d78-c36f-4d75-b7cb-6753407b0dff@group-77AD9CB52074: applyIndex: 0
2024-04-21 07:25:06,978 [80370d78-c36f-4d75-b7cb-6753407b0dff@group-77AD9CB52074-cacheEviction-AwaitToRun] INFO  util.AwaitToRun (AwaitToRun.java:run(49)) - 80370d78-c36f-4d75-b7cb-6753407b0dff@group-77AD9CB52074-cacheEviction-AwaitToRun-AwaitForSignal is interrupted
2024-04-21 07:25:06,978 [ForkJoinPool.commonPool-worker-3] INFO  server.GrpcService (GrpcService.java:closeImpl(320)) - 33d4fa9a-f1b5-45a2-9ce3-43c86fd82df2: shutdown server org.apache.ratis.grpc.server.GrpcClientProtocolService successfully
2024-04-21 07:25:06,978 [ForkJoinPool.commonPool-worker-3] INFO  server.GrpcService (GrpcService.java:closeImpl(311)) - 33d4fa9a-f1b5-45a2-9ce3-43c86fd82df2: shutdown server GrpcServerProtocolService now
2024-04-21 07:25:06,979 [80370d78-c36f-4d75-b7cb-6753407b0dff-impl-thread4] INFO  server.RaftServer$Division (ServerState.java:close(427)) - 80370d78-c36f-4d75-b7cb-6753407b0dff@group-9A8D2995D9A7: applyIndex: 17
2024-04-21 07:25:06,979 [80370d78-c36f-4d75-b7cb-6753407b0dff@group-9A8D2995D9A7-cacheEviction-AwaitToRun] INFO  util.AwaitToRun (AwaitToRun.java:run(49)) - 80370d78-c36f-4d75-b7cb-6753407b0dff@group-9A8D2995D9A7-cacheEviction-AwaitToRun-AwaitForSignal is interrupted
2024-04-21 07:25:06,982 [9387e6e8-bf6d-4d10-9dc1-f1bd05fc02cf-impl-thread3] INFO  segmented.SegmentedRaftLogWorker (SegmentedRaftLogWorker.java:close(245)) - 9387e6e8-bf6d-4d10-9dc1-f1bd05fc02cf@group-E2078B4A5995-SegmentedRaftLogWorker close()
2024-04-21 07:25:06,983 [grpc-default-executor-11] INFO  server.GrpcServerProtocolService (GrpcServerProtocolService.java:onCompleted(157)) - 33d4fa9a-f1b5-45a2-9ce3-43c86fd82df2: Completed APPEND_ENTRIES, lastRequest: null
2024-04-21 07:25:06,983 [grpc-default-executor-11] INFO  server.GrpcServerProtocolService (GrpcServerProtocolService.java:lambda$onCompleted$5(159)) - 33d4fa9a-f1b5-45a2-9ce3-43c86fd82df2: Completed APPEND_ENTRIES, lastReply: serverReply {
  requestorId: "80370d78-c36f-4d75-b7cb-6753407b0dff"
  replyId: "33d4fa9a-f1b5-45a2-9ce3-43c86fd82df2"
  raftGroupId {
    id: "\252^b\216\230\336H<\274.w\255\234\265 t"
  }
  callId: 137
  success: true
}
term: 1
nextIndex: 1
matchIndex: 18446744073709551615
isHearbeat: true

2024-04-21 07:25:06,983 [grpc-default-executor-13] INFO  server.GrpcServerProtocolService (GrpcServerProtocolService.java:onCompleted(157)) - 33d4fa9a-f1b5-45a2-9ce3-43c86fd82df2: Completed APPEND_ENTRIES, lastRequest: 80370d78-c36f-4d75-b7cb-6753407b0dff->33d4fa9a-f1b5-45a2-9ce3-43c86fd82df2#1-t1,previous=(t:0, i:0),leaderCommit=-1,initializing? false,entries: size=1, first=(t:1, i:0), CONFIGURATIONENTRY(current:id: "9387e6e8-bf6d-4d10-9dc1-f1bd05fc02cf"
address: "10.1.0.102:15120"
dataStreamAddress: "10.1.0.102:15121"
clientAddress: "10.1.0.102:15118"
adminAddress: "10.1.0.102:15119"
startupRole: FOLLOWER
,id: "80370d78-c36f-4d75-b7cb-6753407b0dff"
address: "10.1.0.102:15156"
priority: 1
dataStreamAddress: "10.1.0.102:15157"
clientAddress: "10.1.0.102:15154"
adminAddress: "10.1.0.102:15155"
startupRole: FOLLOWER
,id: "33d4fa9a-f1b5-45a2-9ce3-43c86fd82df2"
address: "10.1.0.102:15129"
dataStreamAddress: "10.1.0.102:15130"
clientAddress: "10.1.0.102:15127"
adminAddress: "10.1.0.102:15128"
startupRole: FOLLOWER
, old:)
2024-04-21 07:25:06,983 [grpc-default-executor-13] INFO  server.GrpcServerProtocolService (GrpcServerProtocolService.java:lambda$onCompleted$5(159)) - 33d4fa9a-f1b5-45a2-9ce3-43c86fd82df2: Completed APPEND_ENTRIES, lastReply: null
2024-04-21 07:25:06,984 [grpc-default-executor-15] WARN  server.GrpcServerProtocolService (LogUtils.java:warn(121)) - 33d4fa9a-f1b5-45a2-9ce3-43c86fd82df2: APPEND_ENTRIES onError, lastRequest: null: org.apache.ratis.thirdparty.io.grpc.StatusRuntimeException: CANCELLED: client cancelled
2024-04-21 07:25:06,984 [grpc-default-executor-14] INFO  server.GrpcServerProtocolService (GrpcServerProtocolService.java:onCompleted(157)) - 9387e6e8-bf6d-4d10-9dc1-f1bd05fc02cf: Completed APPEND_ENTRIES, lastRequest: 80370d78-c36f-4d75-b7cb-6753407b0dff->9387e6e8-bf6d-4d10-9dc1-f1bd05fc02cf#1-t1,previous=(t:0, i:0),leaderCommit=-1,initializing? false,entries: size=1, first=(t:1, i:0), CONFIGURATIONENTRY(current:id: "9387e6e8-bf6d-4d10-9dc1-f1bd05fc02cf"
address: "10.1.0.102:15120"
dataStreamAddress: "10.1.0.102:15121"
clientAddress: "10.1.0.102:15118"
adminAddress: "10.1.0.102:15119"
startupRole: FOLLOWER
,id: "80370d78-c36f-4d75-b7cb-6753407b0dff"
address: "10.1.0.102:15156"
priority: 1
dataStreamAddress: "10.1.0.102:15157"
clientAddress: "10.1.0.102:15154"
adminAddress: "10.1.0.102:15155"
startupRole: FOLLOWER
,id: "33d4fa9a-f1b5-45a2-9ce3-43c86fd82df2"
address: "10.1.0.102:15129"
dataStreamAddress: "10.1.0.102:15130"
clientAddress: "10.1.0.102:15127"
adminAddress: "10.1.0.102:15128"
startupRole: FOLLOWER
, old:)
2024-04-21 07:25:06,984 [grpc-default-executor-14] INFO  server.GrpcServerProtocolService (GrpcServerProtocolService.java:lambda$onCompleted$5(159)) - 9387e6e8-bf6d-4d10-9dc1-f1bd05fc02cf: Completed APPEND_ENTRIES, lastReply: null
2024-04-21 07:25:06,984 [ForkJoinPool.commonPool-worker-2] INFO  ozoneimpl.OzoneContainer (OzoneContainer.java:stop(481)) - Attempting to stop container services.
2024-04-21 07:25:06,985 [ContainerMetadataScanner] WARN  ozoneimpl.AbstractBackgroundContainerScanner (AbstractBackgroundContainerScanner.java:handleRemainingSleep(134)) - Background container scan was interrupted.
2024-04-21 07:25:06,985 [ContainerMetadataScanner] INFO  ozoneimpl.AbstractBackgroundContainerScanner (AbstractBackgroundContainerScanner.java:run(61)) - Thread[ContainerMetadataScanner,5,main] exiting.
2024-04-21 07:25:06,985 [grpc-default-executor-13] INFO  server.GrpcServerProtocolService (GrpcServerProtocolService.java:onCompleted(157)) - 9387e6e8-bf6d-4d10-9dc1-f1bd05fc02cf: Completed APPEND_ENTRIES, lastRequest: null
2024-04-21 07:25:06,985 [ForkJoinPool.commonPool-worker-2] INFO  ozoneimpl.BackgroundContainerDataScanner (BackgroundContainerDataScanner.java:shutdown(141)) - ContainerDataScanner(/home/runner/work/ozone/ozone/hadoop-ozone/integration-test/target/test-dir/MiniOzoneClusterImpl-ed39ddd9-82bf-4bf6-8741-acb42c98007c/ozone-meta/datanode-4/data-0/hdds) is shutting down. 
2024-04-21 07:25:06,985 [grpc-default-executor-13] INFO  server.GrpcServerProtocolService (GrpcServerProtocolService.java:lambda$onCompleted$5(159)) - 9387e6e8-bf6d-4d10-9dc1-f1bd05fc02cf: Completed APPEND_ENTRIES, lastReply: serverReply {
  requestorId: "80370d78-c36f-4d75-b7cb-6753407b0dff"
  replyId: "9387e6e8-bf6d-4d10-9dc1-f1bd05fc02cf"
  raftGroupId {
    id: "\252^b\216\230\336H<\274.w\255\234\265 t"
  }
  callId: 136
  success: true
}
term: 1
nextIndex: 1
matchIndex: 18446744073709551615
isHearbeat: true

2024-04-21 07:25:06,986 [grpc-default-executor-12] INFO  server.GrpcLogAppender (GrpcLogAppender.java:onCompleted(546)) - 80370d78-c36f-4d75-b7cb-6753407b0dff@group-77AD9CB52074->9387e6e8-bf6d-4d10-9dc1-f1bd05fc02cf-AppendLogResponseHandler: follower responses appendEntries COMPLETED
2024-04-21 07:25:06,986 [grpc-default-executor-12] WARN  server.GrpcLogAppender (GrpcLogAppender.java:resetClient(226)) - 80370d78-c36f-4d75-b7cb-6753407b0dff@group-77AD9CB52074->9387e6e8-bf6d-4d10-9dc1-f1bd05fc02cf-GrpcLogAppender: Failed to getClient for 9387e6e8-bf6d-4d10-9dc1-f1bd05fc02cf
org.apache.ratis.protocol.exceptions.AlreadyClosedException: 80370d78-c36f-4d75-b7cb-6753407b0dff is already CLOSED
	at org.apache.ratis.util.PeerProxyMap$PeerAndProxy.getProxy(PeerProxyMap.java:65)
	at org.apache.ratis.util.PeerProxyMap.getProxy(PeerProxyMap.java:114)
	at org.apache.ratis.grpc.server.GrpcLogAppender.getClient(GrpcLogAppender.java:196)
	at org.apache.ratis.grpc.server.GrpcLogAppender.resetClient(GrpcLogAppender.java:201)
	at org.apache.ratis.grpc.server.GrpcLogAppender.access$800(GrpcLogAppender.java:62)
	at org.apache.ratis.grpc.server.GrpcLogAppender$AppendLogResponseHandler.onCompleted(GrpcLogAppender.java:547)
	at org.apache.ratis.thirdparty.io.grpc.stub.ClientCalls$StreamObserverToCallListenerAdapter.onClose(ClientCalls.java:479)
	at org.apache.ratis.thirdparty.io.grpc.internal.DelayedClientCall$DelayedListener$3.run(DelayedClientCall.java:489)
	at org.apache.ratis.thirdparty.io.grpc.internal.DelayedClientCall$DelayedListener.delayOrExecute(DelayedClientCall.java:453)
	at org.apache.ratis.thirdparty.io.grpc.internal.DelayedClientCall$DelayedListener.onClose(DelayedClientCall.java:486)
	at org.apache.ratis.thirdparty.io.grpc.internal.ClientCallImpl.closeObserver(ClientCallImpl.java:567)
	at org.apache.ratis.thirdparty.io.grpc.internal.ClientCallImpl.access$300(ClientCallImpl.java:71)
	at org.apache.ratis.thirdparty.io.grpc.internal.ClientCallImpl$ClientStreamListenerImpl$1StreamClosed.runInternal(ClientCallImpl.java:735)
	at org.apache.ratis.thirdparty.io.grpc.internal.ClientCallImpl$ClientStreamListenerImpl$1StreamClosed.runInContext(ClientCallImpl.java:716)
	at org.apache.ratis.thirdparty.io.grpc.internal.ContextRunnable.run(ContextRunnable.java:37)
	at org.apache.ratis.thirdparty.io.grpc.internal.SerializingExecutor.run(SerializingExecutor.java:133)
	at java.util.concurrent.ThreadPoolExecutor.runWorker(ThreadPoolExecutor.java:1149)
	at java.util.concurrent.ThreadPoolExecutor$Worker.run(ThreadPoolExecutor.java:624)
	at java.lang.Thread.run(Thread.java:750)
2024-04-21 07:25:06,987 [grpc-default-executor-14] INFO  server.GrpcLogAppender (GrpcLogAppender.java:onCompleted(546)) - 80370d78-c36f-4d75-b7cb-6753407b0dff@group-77AD9CB52074->9387e6e8-bf6d-4d10-9dc1-f1bd05fc02cf-AppendLogResponseHandler: follower responses appendEntries COMPLETED
2024-04-21 07:25:06,987 [grpc-default-executor-14] WARN  server.GrpcLogAppender (GrpcLogAppender.java:resetClient(226)) - 80370d78-c36f-4d75-b7cb-6753407b0dff@group-77AD9CB52074->9387e6e8-bf6d-4d10-9dc1-f1bd05fc02cf-GrpcLogAppender: Failed to getClient for 9387e6e8-bf6d-4d10-9dc1-f1bd05fc02cf
org.apache.ratis.protocol.exceptions.AlreadyClosedException: 80370d78-c36f-4d75-b7cb-6753407b0dff is already CLOSED
	at org.apache.ratis.util.PeerProxyMap$PeerAndProxy.getProxy(PeerProxyMap.java:65)
	at org.apache.ratis.util.PeerProxyMap.getProxy(PeerProxyMap.java:114)
	at org.apache.ratis.grpc.server.GrpcLogAppender.getClient(GrpcLogAppender.java:196)
	at org.apache.ratis.grpc.server.GrpcLogAppender.resetClient(GrpcLogAppender.java:201)
	at org.apache.ratis.grpc.server.GrpcLogAppender.access$800(GrpcLogAppender.java:62)
	at org.apache.ratis.grpc.server.GrpcLogAppender$AppendLogResponseHandler.onCompleted(GrpcLogAppender.java:547)
	at org.apache.ratis.thirdparty.io.grpc.stub.ClientCalls$StreamObserverToCallListenerAdapter.onClose(ClientCalls.java:479)
	at org.apache.ratis.thirdparty.io.grpc.internal.ClientCallImpl.closeObserver(ClientCallImpl.java:567)
	at org.apache.ratis.thirdparty.io.grpc.internal.ClientCallImpl.access$300(ClientCallImpl.java:71)
	at org.apache.ratis.thirdparty.io.grpc.internal.ClientCallImpl$ClientStreamListenerImpl$1StreamClosed.runInternal(ClientCallImpl.java:735)
	at org.apache.ratis.thirdparty.io.grpc.internal.ClientCallImpl$ClientStreamListenerImpl$1StreamClosed.runInContext(ClientCallImpl.java:716)
	at org.apache.ratis.thirdparty.io.grpc.internal.ContextRunnable.run(ContextRunnable.java:37)
	at org.apache.ratis.thirdparty.io.grpc.internal.SerializingExecutor.run(SerializingExecutor.java:133)
	at java.util.concurrent.ThreadPoolExecutor.runWorker(ThreadPoolExecutor.java:1149)
	at java.util.concurrent.ThreadPoolExecutor$Worker.run(ThreadPoolExecutor.java:624)
	at java.lang.Thread.run(Thread.java:750)
2024-04-21 07:25:06,987 [grpc-default-executor-13] INFO  server.GrpcLogAppender (GrpcLogAppender.java:onCompleted(546)) - 80370d78-c36f-4d75-b7cb-6753407b0dff@group-77AD9CB52074->33d4fa9a-f1b5-45a2-9ce3-43c86fd82df2-AppendLogResponseHandler: follower responses appendEntries COMPLETED
2024-04-21 07:25:06,988 [ContainerDataScanner(/home/runner/work/ozone/ozone/hadoop-ozone/integration-test/target/test-dir/MiniOzoneClusterImpl-ed39ddd9-82bf-4bf6-8741-acb42c98007c/ozone-meta/datanode-4/data-0/hdds)] WARN  ozoneimpl.AbstractBackgroundContainerScanner (AbstractBackgroundContainerScanner.java:handleRemainingSleep(134)) - Background container scan was interrupted.
2024-04-21 07:25:06,988 [ContainerDataScanner(/home/runner/work/ozone/ozone/hadoop-ozone/integration-test/target/test-dir/MiniOzoneClusterImpl-ed39ddd9-82bf-4bf6-8741-acb42c98007c/ozone-meta/datanode-4/data-0/hdds)] INFO  ozoneimpl.AbstractBackgroundContainerScanner (AbstractBackgroundContainerScanner.java:run(61)) - ContainerDataScanner(/home/runner/work/ozone/ozone/hadoop-ozone/integration-test/target/test-dir/MiniOzoneClusterImpl-ed39ddd9-82bf-4bf6-8741-acb42c98007c/ozone-meta/datanode-4/data-0/hdds, DS-66b14913-657a-4e97-b05a-10a59a481ed3) exiting.
2024-04-21 07:25:06,989 [grpc-default-executor-14] INFO  server.GrpcLogAppender (GrpcLogAppender.java:onCompleted(546)) - 80370d78-c36f-4d75-b7cb-6753407b0dff@group-77AD9CB52074->33d4fa9a-f1b5-45a2-9ce3-43c86fd82df2-AppendLogResponseHandler: follower responses appendEntries COMPLETED
2024-04-21 07:25:06,990 [ForkJoinPool.commonPool-worker-3] INFO  server.GrpcService (GrpcService.java:closeImpl(320)) - 33d4fa9a-f1b5-45a2-9ce3-43c86fd82df2: shutdown server GrpcServerProtocolService successfully
2024-04-21 07:25:06,990 [ForkJoinPool.commonPool-worker-3] INFO  server.GrpcService (GrpcService.java:closeImpl(311)) - 33d4fa9a-f1b5-45a2-9ce3-43c86fd82df2: shutdown server org.apache.ratis.grpc.server.GrpcAdminProtocolService now
2024-04-21 07:25:06,990 [grpc-default-executor-11] WARN  server.GrpcServerProtocolService (LogUtils.java:warn(121)) - 33d4fa9a-f1b5-45a2-9ce3-43c86fd82df2: APPEND_ENTRIES onError, lastRequest: a45323a7-bc80-446e-b427-0ffb34a72641->33d4fa9a-f1b5-45a2-9ce3-43c86fd82df2#1-t1,previous=(t:0, i:0),leaderCommit=-1,initializing? false,entries: size=1, first=(t:1, i:0), CONFIGURATIONENTRY(current:id: "a45323a7-bc80-446e-b427-0ffb34a72641"
address: "10.1.0.102:15147"
priority: 1
dataStreamAddress: "10.1.0.102:15148"
clientAddress: "10.1.0.102:15145"
adminAddress: "10.1.0.102:15146"
startupRole: FOLLOWER
,id: "80370d78-c36f-4d75-b7cb-6753407b0dff"
address: "10.1.0.102:15156"
dataStreamAddress: "10.1.0.102:15157"
clientAddress: "10.1.0.102:15154"
adminAddress: "10.1.0.102:15155"
startupRole: FOLLOWER
,id: "33d4fa9a-f1b5-45a2-9ce3-43c86fd82df2"
address: "10.1.0.102:15129"
dataStreamAddress: "10.1.0.102:15130"
clientAddress: "10.1.0.102:15127"
adminAddress: "10.1.0.102:15128"
startupRole: FOLLOWER
, old:): org.apache.ratis.thirdparty.io.grpc.StatusRuntimeException: CANCELLED: client cancelled
2024-04-21 07:25:06,990 [ForkJoinPool.commonPool-worker-1] INFO  server.GrpcService (GrpcService.java:closeImpl(320)) - 9387e6e8-bf6d-4d10-9dc1-f1bd05fc02cf: shutdown server org.apache.ratis.grpc.server.GrpcClientProtocolService successfully
2024-04-21 07:25:06,990 [ForkJoinPool.commonPool-worker-1] INFO  server.GrpcService (GrpcService.java:closeImpl(311)) - 9387e6e8-bf6d-4d10-9dc1-f1bd05fc02cf: shutdown server GrpcServerProtocolService now
2024-04-21 07:25:06,990 [grpc-default-executor-16] WARN  server.GrpcLogAppender (LogUtils.java:warn(121)) - a45323a7-bc80-446e-b427-0ffb34a72641@group-0B323A473FB2->33d4fa9a-f1b5-45a2-9ce3-43c86fd82df2-AppendLogResponseHandler: Failed appendEntries: org.apache.ratis.thirdparty.io.grpc.StatusRuntimeException: CANCELLED: RST_STREAM closed stream. HTTP/2 error code: CANCEL
2024-04-21 07:25:06,991 [grpc-default-executor-16] WARN  server.GrpcLogAppender (GrpcLogAppender.java:lambda$resetClient$1(217)) - a45323a7-bc80-446e-b427-0ffb34a72641@group-0B323A473FB2->33d4fa9a-f1b5-45a2-9ce3-43c86fd82df2-GrpcLogAppender: Follower failed (request=null, errorCount=1); keep nextIndex (1) unchanged and retry.
2024-04-21 07:25:06,995 [grpc-default-executor-13] WARN  server.GrpcLogAppender (GrpcLogAppender.java:resetClient(226)) - 80370d78-c36f-4d75-b7cb-6753407b0dff@group-77AD9CB52074->33d4fa9a-f1b5-45a2-9ce3-43c86fd82df2-GrpcLogAppender: Failed to getClient for 33d4fa9a-f1b5-45a2-9ce3-43c86fd82df2
org.apache.ratis.protocol.exceptions.AlreadyClosedException: 80370d78-c36f-4d75-b7cb-6753407b0dff is already CLOSED
	at org.apache.ratis.util.PeerProxyMap$PeerAndProxy.getProxy(PeerProxyMap.java:65)
	at org.apache.ratis.util.PeerProxyMap.getProxy(PeerProxyMap.java:114)
	at org.apache.ratis.grpc.server.GrpcLogAppender.getClient(GrpcLogAppender.java:196)
	at org.apache.ratis.grpc.server.GrpcLogAppender.resetClient(GrpcLogAppender.java:201)
	at org.apache.ratis.grpc.server.GrpcLogAppender.access$800(GrpcLogAppender.java:62)
	at org.apache.ratis.grpc.server.GrpcLogAppender$AppendLogResponseHandler.onCompleted(GrpcLogAppender.java:547)
	at org.apache.ratis.thirdparty.io.grpc.stub.ClientCalls$StreamObserverToCallListenerAdapter.onClose(ClientCalls.java:479)
	at org.apache.ratis.thirdparty.io.grpc.internal.ClientCallImpl.closeObserver(ClientCallImpl.java:567)
	at org.apache.ratis.thirdparty.io.grpc.internal.ClientCallImpl.access$300(ClientCallImpl.java:71)
	at org.apache.ratis.thirdparty.io.grpc.internal.ClientCallImpl$ClientStreamListenerImpl$1StreamClosed.runInternal(ClientCallImpl.java:735)
	at org.apache.ratis.thirdparty.io.grpc.internal.ClientCallImpl$ClientStreamListenerImpl$1StreamClosed.runInContext(ClientCallImpl.java:716)
	at org.apache.ratis.thirdparty.io.grpc.internal.ContextRunnable.run(ContextRunnable.java:37)
	at org.apache.ratis.thirdparty.io.grpc.internal.SerializingExecutor.run(SerializingExecutor.java:133)
	at java.util.concurrent.ThreadPoolExecutor.runWorker(ThreadPoolExecutor.java:1149)
	at java.util.concurrent.ThreadPoolExecutor$Worker.run(ThreadPoolExecutor.java:624)
	at java.lang.Thread.run(Thread.java:750)
2024-04-21 07:25:06,995 [ForkJoinPool.commonPool-worker-2] INFO  server.RaftServer (RaftServerProxy.java:lambda$close$9(416)) - a45323a7-bc80-446e-b427-0ffb34a72641: close
2024-04-21 07:25:06,995 [grpc-default-executor-14] WARN  server.GrpcLogAppender (GrpcLogAppender.java:resetClient(226)) - 80370d78-c36f-4d75-b7cb-6753407b0dff@group-77AD9CB52074->33d4fa9a-f1b5-45a2-9ce3-43c86fd82df2-GrpcLogAppender: Failed to getClient for 33d4fa9a-f1b5-45a2-9ce3-43c86fd82df2
org.apache.ratis.protocol.exceptions.AlreadyClosedException: 80370d78-c36f-4d75-b7cb-6753407b0dff is already CLOSED
	at org.apache.ratis.util.PeerProxyMap$PeerAndProxy.getProxy(PeerProxyMap.java:65)
	at org.apache.ratis.util.PeerProxyMap.getProxy(PeerProxyMap.java:114)
	at org.apache.ratis.grpc.server.GrpcLogAppender.getClient(GrpcLogAppender.java:196)
	at org.apache.ratis.grpc.server.GrpcLogAppender.resetClient(GrpcLogAppender.java:201)
	at org.apache.ratis.grpc.server.GrpcLogAppender.access$800(GrpcLogAppender.java:62)
	at org.apache.ratis.grpc.server.GrpcLogAppender$AppendLogResponseHandler.onCompleted(GrpcLogAppender.java:547)
	at org.apache.ratis.thirdparty.io.grpc.stub.ClientCalls$StreamObserverToCallListenerAdapter.onClose(ClientCalls.java:479)
	at org.apache.ratis.thirdparty.io.grpc.internal.DelayedClientCall$DelayedListener$3.run(DelayedClientCall.java:489)
	at org.apache.ratis.thirdparty.io.grpc.internal.DelayedClientCall$DelayedListener.delayOrExecute(DelayedClientCall.java:453)
	at org.apache.ratis.thirdparty.io.grpc.internal.DelayedClientCall$DelayedListener.onClose(DelayedClientCall.java:486)
	at org.apache.ratis.thirdparty.io.grpc.internal.ClientCallImpl.closeObserver(ClientCallImpl.java:567)
	at org.apache.ratis.thirdparty.io.grpc.internal.ClientCallImpl.access$300(ClientCallImpl.java:71)
	at org.apache.ratis.thirdparty.io.grpc.internal.ClientCallImpl$ClientStreamListenerImpl$1StreamClosed.runInternal(ClientCallImpl.java:735)
	at org.apache.ratis.thirdparty.io.grpc.internal.ClientCallImpl$ClientStreamListenerImpl$1StreamClosed.runInContext(ClientCallImpl.java:716)
	at org.apache.ratis.thirdparty.io.grpc.internal.ContextRunnable.run(ContextRunnable.java:37)
	at org.apache.ratis.thirdparty.io.grpc.internal.SerializingExecutor.run(SerializingExecutor.java:133)
	at java.util.concurrent.ThreadPoolExecutor.runWorker(ThreadPoolExecutor.java:1149)
	at java.util.concurrent.ThreadPoolExecutor$Worker.run(ThreadPoolExecutor.java:624)
	at java.lang.Thread.run(Thread.java:750)
2024-04-21 07:25:06,996 [ForkJoinPool.commonPool-worker-3] INFO  server.GrpcService (GrpcService.java:closeImpl(320)) - 33d4fa9a-f1b5-45a2-9ce3-43c86fd82df2: shutdown server org.apache.ratis.grpc.server.GrpcAdminProtocolService successfully
2024-04-21 07:25:06,996 [ForkJoinPool.commonPool-worker-1] INFO  server.GrpcService (GrpcService.java:closeImpl(320)) - 9387e6e8-bf6d-4d10-9dc1-f1bd05fc02cf: shutdown server GrpcServerProtocolService successfully
2024-04-21 07:25:06,996 [ForkJoinPool.commonPool-worker-1] INFO  server.GrpcService (GrpcService.java:closeImpl(311)) - 9387e6e8-bf6d-4d10-9dc1-f1bd05fc02cf: shutdown server org.apache.ratis.grpc.server.GrpcAdminProtocolService now
2024-04-21 07:25:06,998 [ForkJoinPool.commonPool-worker-2] INFO  server.GrpcService (GrpcService.java:closeImpl(311)) - a45323a7-bc80-446e-b427-0ffb34a72641: shutdown server org.apache.ratis.grpc.server.GrpcClientProtocolService now
2024-04-21 07:25:06,998 [a45323a7-bc80-446e-b427-0ffb34a72641-impl-thread2] INFO  server.RaftServer$Division (RaftServerImpl.java:lambda$close$3(526)) - a45323a7-bc80-446e-b427-0ffb34a72641@group-43B368CDAB69: shutdown
2024-04-21 07:25:06,998 [a45323a7-bc80-446e-b427-0ffb34a72641-impl-thread3] INFO  server.RaftServer$Division (RaftServerImpl.java:lambda$close$3(526)) - a45323a7-bc80-446e-b427-0ffb34a72641@group-0B323A473FB2: shutdown
2024-04-21 07:25:06,999 [a45323a7-bc80-446e-b427-0ffb34a72641-impl-thread3] INFO  util.JmxRegister (JmxRegister.java:unregister(73)) - Successfully un-registered JMX Bean with object name Ratis:service=RaftServer,group=group-0B323A473FB2,id=a45323a7-bc80-446e-b427-0ffb34a72641
2024-04-21 07:25:06,999 [a45323a7-bc80-446e-b427-0ffb34a72641-impl-thread3] INFO  impl.RoleInfo (RoleInfo.java:shutdownLeaderState(94)) - a45323a7-bc80-446e-b427-0ffb34a72641: shutdown a45323a7-bc80-446e-b427-0ffb34a72641@group-0B323A473FB2-LeaderStateImpl
2024-04-21 07:25:06,999 [a45323a7-bc80-446e-b427-0ffb34a72641-impl-thread2] INFO  util.JmxRegister (JmxRegister.java:unregister(73)) - Successfully un-registered JMX Bean with object name Ratis:service=RaftServer,group=group-43B368CDAB69,id=a45323a7-bc80-446e-b427-0ffb34a72641
2024-04-21 07:25:06,999 [a45323a7-bc80-446e-b427-0ffb34a72641-impl-thread2] INFO  impl.RoleInfo (RoleInfo.java:shutdownLeaderState(94)) - a45323a7-bc80-446e-b427-0ffb34a72641: shutdown a45323a7-bc80-446e-b427-0ffb34a72641@group-43B368CDAB69-LeaderStateImpl
2024-04-21 07:25:06,999 [a45323a7-bc80-446e-b427-0ffb34a72641-impl-thread2] INFO  impl.PendingRequests (PendingRequests.java:sendNotLeaderResponses(289)) - a45323a7-bc80-446e-b427-0ffb34a72641@group-43B368CDAB69-PendingRequests: sendNotLeaderResponses
2024-04-21 07:25:07,000 [a45323a7-bc80-446e-b427-0ffb34a72641-impl-thread2] INFO  impl.StateMachineUpdater (StateMachineUpdater.java:stopAndJoin(157)) - a45323a7-bc80-446e-b427-0ffb34a72641@group-43B368CDAB69-StateMachineUpdater: set stopIndex = 0
2024-04-21 07:25:07,000 [a45323a7-bc80-446e-b427-0ffb34a72641@group-43B368CDAB69-StateMachineUpdater] INFO  ratis.ContainerStateMachine (ContainerStateMachine.java:takeSnapshot(355)) - group-43B368CDAB69: Taking a snapshot at:(t:1, i:0) file /home/runner/work/ozone/ozone/hadoop-ozone/integration-test/target/test-dir/MiniOzoneClusterImpl-ed39ddd9-82bf-4bf6-8741-acb42c98007c/ozone-meta/datanode-4/ratis/890b1400-59a5-4b01-aaf9-43b368cdab69/sm/snapshot.1_0
2024-04-21 07:25:07,000 [a45323a7-bc80-446e-b427-0ffb34a72641@group-43B368CDAB69-StateMachineUpdater] INFO  ratis.ContainerStateMachine (ContainerStateMachine.java:takeSnapshot(366)) - group-43B368CDAB69: Finished taking a snapshot at:(t:1, i:0) file:/home/runner/work/ozone/ozone/hadoop-ozone/integration-test/target/test-dir/MiniOzoneClusterImpl-ed39ddd9-82bf-4bf6-8741-acb42c98007c/ozone-meta/datanode-4/ratis/890b1400-59a5-4b01-aaf9-43b368cdab69/sm/snapshot.1_0 took: 1 ms
2024-04-21 07:25:07,001 [a45323a7-bc80-446e-b427-0ffb34a72641@group-43B368CDAB69-StateMachineUpdater] INFO  impl.StateMachineUpdater (StateMachineUpdater.java:takeSnapshot(295)) - a45323a7-bc80-446e-b427-0ffb34a72641@group-43B368CDAB69-StateMachineUpdater: Took a snapshot at index 0
2024-04-21 07:25:07,001 [a45323a7-bc80-446e-b427-0ffb34a72641@group-43B368CDAB69-StateMachineUpdater] INFO  impl.StateMachineUpdater (StateMachineUpdater.java:lambda$new$0(98)) - a45323a7-bc80-446e-b427-0ffb34a72641@group-43B368CDAB69-StateMachineUpdater: snapshotIndex: updateIncreasingly -1 -> 0
2024-04-21 07:25:07,001 [a45323a7-bc80-446e-b427-0ffb34a72641-impl-thread2] INFO  server.RaftServer$Division (ServerState.java:close(427)) - a45323a7-bc80-446e-b427-0ffb34a72641@group-43B368CDAB69: applyIndex: 0
2024-04-21 07:25:07,009 [ForkJoinPool.commonPool-worker-0] INFO  server.GrpcService (GrpcService.java:closeImpl(320)) - 80370d78-c36f-4d75-b7cb-6753407b0dff: shutdown server org.apache.ratis.grpc.server.GrpcClientProtocolService successfully
2024-04-21 07:25:07,009 [ForkJoinPool.commonPool-worker-0] INFO  server.GrpcService (GrpcService.java:closeImpl(311)) - 80370d78-c36f-4d75-b7cb-6753407b0dff: shutdown server GrpcServerProtocolService now
2024-04-21 07:25:07,009 [ForkJoinPool.commonPool-worker-1] INFO  server.GrpcService (GrpcService.java:closeImpl(320)) - 9387e6e8-bf6d-4d10-9dc1-f1bd05fc02cf: shutdown server org.apache.ratis.grpc.server.GrpcAdminProtocolService successfully
2024-04-21 07:25:07,009 [Thread-3326] INFO  server.GrpcServerProtocolClient (GrpcServerProtocolClient.java:close(103)) - 80370d78-c36f-4d75-b7cb-6753407b0dff Close channels
2024-04-21 07:25:07,009 [Thread-3329] INFO  server.GrpcServerProtocolClient (GrpcServerProtocolClient.java:close(103)) - 33d4fa9a-f1b5-45a2-9ce3-43c86fd82df2 Close channels
2024-04-21 07:25:07,010 [a45323a7-bc80-446e-b427-0ffb34a72641@group-43B368CDAB69-cacheEviction-AwaitToRun] INFO  util.AwaitToRun (AwaitToRun.java:run(49)) - a45323a7-bc80-446e-b427-0ffb34a72641@group-43B368CDAB69-cacheEviction-AwaitToRun-AwaitForSignal is interrupted
2024-04-21 07:25:07,010 [grpc-default-executor-15] WARN  server.GrpcServerProtocolService (LogUtils.java:warn(121)) - 80370d78-c36f-4d75-b7cb-6753407b0dff: APPEND_ENTRIES onError, lastRequest: null: org.apache.ratis.thirdparty.io.grpc.StatusRuntimeException: CANCELLED: client cancelled
2024-04-21 07:25:07,010 [a45323a7-bc80-446e-b427-0ffb34a72641-impl-thread3] INFO  impl.PendingRequests (PendingRequests.java:sendNotLeaderResponses(289)) - a45323a7-bc80-446e-b427-0ffb34a72641@group-0B323A473FB2-PendingRequests: sendNotLeaderResponses
2024-04-21 07:25:07,010 [a45323a7-bc80-446e-b427-0ffb34a72641@group-0B323A473FB2->80370d78-c36f-4d75-b7cb-6753407b0dff-GrpcLogAppender-LogAppenderDaemon] WARN  server.GrpcLogAppender (GrpcLogAppender.java:mayWait(289)) - a45323a7-bc80-446e-b427-0ffb34a72641@group-0B323A473FB2->80370d78-c36f-4d75-b7cb-6753407b0dff-GrpcLogAppender: Wait interrupted by java.lang.InterruptedException
2024-04-21 07:25:07,011 [a45323a7-bc80-446e-b427-0ffb34a72641@group-0B323A473FB2->33d4fa9a-f1b5-45a2-9ce3-43c86fd82df2-GrpcLogAppender-LogAppenderDaemon] WARN  server.GrpcLogAppender (GrpcLogAppender.java:mayWait(289)) - a45323a7-bc80-446e-b427-0ffb34a72641@group-0B323A473FB2->33d4fa9a-f1b5-45a2-9ce3-43c86fd82df2-GrpcLogAppender: Wait interrupted by java.lang.InterruptedException
2024-04-21 07:25:07,011 [a45323a7-bc80-446e-b427-0ffb34a72641-impl-thread3] INFO  impl.StateMachineUpdater (StateMachineUpdater.java:stopAndJoin(157)) - a45323a7-bc80-446e-b427-0ffb34a72641@group-0B323A473FB2-StateMachineUpdater: set stopIndex = 0
2024-04-21 07:25:07,011 [grpc-default-executor-16] WARN  server.GrpcServerProtocolService (LogUtils.java:warn(121)) - 80370d78-c36f-4d75-b7cb-6753407b0dff: APPEND_ENTRIES onError, lastRequest: a45323a7-bc80-446e-b427-0ffb34a72641->80370d78-c36f-4d75-b7cb-6753407b0dff#1-t1,previous=(t:0, i:0),leaderCommit=-1,initializing? false,entries: size=1, first=(t:1, i:0), CONFIGURATIONENTRY(current:id: "a45323a7-bc80-446e-b427-0ffb34a72641"
address: "10.1.0.102:15147"
priority: 1
dataStreamAddress: "10.1.0.102:15148"
clientAddress: "10.1.0.102:15145"
adminAddress: "10.1.0.102:15146"
startupRole: FOLLOWER
,id: "80370d78-c36f-4d75-b7cb-6753407b0dff"
address: "10.1.0.102:15156"
dataStreamAddress: "10.1.0.102:15157"
clientAddress: "10.1.0.102:15154"
adminAddress: "10.1.0.102:15155"
startupRole: FOLLOWER
,id: "33d4fa9a-f1b5-45a2-9ce3-43c86fd82df2"
address: "10.1.0.102:15129"
dataStreamAddress: "10.1.0.102:15130"
clientAddress: "10.1.0.102:15127"
adminAddress: "10.1.0.102:15128"
startupRole: FOLLOWER
, old:): org.apache.ratis.thirdparty.io.grpc.StatusRuntimeException: CANCELLED: client cancelled
2024-04-21 07:25:07,011 [a45323a7-bc80-446e-b427-0ffb34a72641@group-0B323A473FB2-StateMachineUpdater] INFO  ratis.ContainerStateMachine (ContainerStateMachine.java:takeSnapshot(355)) - group-0B323A473FB2: Taking a snapshot at:(t:1, i:0) file /home/runner/work/ozone/ozone/hadoop-ozone/integration-test/target/test-dir/MiniOzoneClusterImpl-ed39ddd9-82bf-4bf6-8741-acb42c98007c/ozone-meta/datanode-4/ratis/a896e64e-f27b-41e6-b4a0-0b323a473fb2/sm/snapshot.1_0
2024-04-21 07:25:07,011 [grpc-default-executor-13] INFO  server.GrpcLogAppender (GrpcLogAppender.java:onError(533)) - a45323a7-bc80-446e-b427-0ffb34a72641@group-0B323A473FB2->80370d78-c36f-4d75-b7cb-6753407b0dff-GrpcLogAppender is already stopped
2024-04-21 07:25:07,011 [grpc-default-executor-16] INFO  server.GrpcLogAppender (GrpcLogAppender.java:onError(533)) - a45323a7-bc80-446e-b427-0ffb34a72641@group-0B323A473FB2->80370d78-c36f-4d75-b7cb-6753407b0dff-GrpcLogAppender is already stopped
2024-04-21 07:25:07,012 [a45323a7-bc80-446e-b427-0ffb34a72641@group-0B323A473FB2-StateMachineUpdater] INFO  ratis.ContainerStateMachine (ContainerStateMachine.java:takeSnapshot(366)) - group-0B323A473FB2: Finished taking a snapshot at:(t:1, i:0) file:/home/runner/work/ozone/ozone/hadoop-ozone/integration-test/target/test-dir/MiniOzoneClusterImpl-ed39ddd9-82bf-4bf6-8741-acb42c98007c/ozone-meta/datanode-4/ratis/a896e64e-f27b-41e6-b4a0-0b323a473fb2/sm/snapshot.1_0 took: 0 ms
2024-04-21 07:25:07,012 [a45323a7-bc80-446e-b427-0ffb34a72641@group-0B323A473FB2-StateMachineUpdater] INFO  impl.StateMachineUpdater (StateMachineUpdater.java:takeSnapshot(295)) - a45323a7-bc80-446e-b427-0ffb34a72641@group-0B323A473FB2-StateMachineUpdater: Took a snapshot at index 0
2024-04-21 07:25:07,012 [a45323a7-bc80-446e-b427-0ffb34a72641@group-0B323A473FB2-StateMachineUpdater] INFO  impl.StateMachineUpdater (StateMachineUpdater.java:lambda$new$0(98)) - a45323a7-bc80-446e-b427-0ffb34a72641@group-0B323A473FB2-StateMachineUpdater: snapshotIndex: updateIncreasingly -1 -> 0
2024-04-21 07:25:07,012 [a45323a7-bc80-446e-b427-0ffb34a72641-impl-thread3] INFO  server.RaftServer$Division (ServerState.java:close(427)) - a45323a7-bc80-446e-b427-0ffb34a72641@group-0B323A473FB2: applyIndex: 0
2024-04-21 07:25:07,014 [a45323a7-bc80-446e-b427-0ffb34a72641@group-0B323A473FB2-cacheEviction-AwaitToRun] INFO  util.AwaitToRun (AwaitToRun.java:run(49)) - a45323a7-bc80-446e-b427-0ffb34a72641@group-0B323A473FB2-cacheEviction-AwaitToRun-AwaitForSignal is interrupted
2024-04-21 07:25:07,014 [ForkJoinPool.commonPool-worker-0] INFO  server.GrpcService (GrpcService.java:closeImpl(320)) - 80370d78-c36f-4d75-b7cb-6753407b0dff: shutdown server GrpcServerProtocolService successfully
2024-04-21 07:25:07,014 [ForkJoinPool.commonPool-worker-0] INFO  server.GrpcService (GrpcService.java:closeImpl(311)) - 80370d78-c36f-4d75-b7cb-6753407b0dff: shutdown server org.apache.ratis.grpc.server.GrpcAdminProtocolService now
2024-04-21 07:25:07,015 [ForkJoinPool.commonPool-worker-2] INFO  server.GrpcService (GrpcService.java:closeImpl(320)) - a45323a7-bc80-446e-b427-0ffb34a72641: shutdown server org.apache.ratis.grpc.server.GrpcClientProtocolService successfully
2024-04-21 07:25:07,015 [ForkJoinPool.commonPool-worker-2] INFO  server.GrpcService (GrpcService.java:closeImpl(311)) - a45323a7-bc80-446e-b427-0ffb34a72641: shutdown server GrpcServerProtocolService now
2024-04-21 07:25:07,016 [ForkJoinPool.commonPool-worker-0] INFO  server.GrpcService (GrpcService.java:closeImpl(320)) - 80370d78-c36f-4d75-b7cb-6753407b0dff: shutdown server org.apache.ratis.grpc.server.GrpcAdminProtocolService successfully
2024-04-21 07:25:07,018 [ForkJoinPool.commonPool-worker-2] INFO  server.GrpcService (GrpcService.java:closeImpl(320)) - a45323a7-bc80-446e-b427-0ffb34a72641: shutdown server GrpcServerProtocolService successfully
2024-04-21 07:25:07,018 [ForkJoinPool.commonPool-worker-2] INFO  server.GrpcService (GrpcService.java:closeImpl(311)) - a45323a7-bc80-446e-b427-0ffb34a72641: shutdown server org.apache.ratis.grpc.server.GrpcAdminProtocolService now
2024-04-21 07:25:07,021 [ForkJoinPool.commonPool-worker-2] INFO  server.GrpcService (GrpcService.java:closeImpl(320)) - a45323a7-bc80-446e-b427-0ffb34a72641: shutdown server org.apache.ratis.grpc.server.GrpcAdminProtocolService successfully
2024-04-21 07:25:07,023 [9387e6e8-bf6d-4d10-9dc1-f1bd05fc02cf-NettyServerStreamRpc-bossGroup--thread1] INFO  logging.LoggingHandler (AbstractInternalLogger.java:log(148)) - [id: 0x655b34e2, L:/0.0.0.0:15121] CLOSE
2024-04-21 07:25:07,023 [9387e6e8-bf6d-4d10-9dc1-f1bd05fc02cf-NettyServerStreamRpc-bossGroup--thread1] INFO  logging.LoggingHandler (AbstractInternalLogger.java:log(148)) - [id: 0x655b34e2, L:/0.0.0.0:15121] INACTIVE
2024-04-21 07:25:07,023 [9387e6e8-bf6d-4d10-9dc1-f1bd05fc02cf-NettyServerStreamRpc-bossGroup--thread1] INFO  logging.LoggingHandler (AbstractInternalLogger.java:log(148)) - [id: 0x655b34e2, L:/0.0.0.0:15121] UNREGISTERED
2024-04-21 07:25:07,025 [80370d78-c36f-4d75-b7cb-6753407b0dff-NettyServerStreamRpc-bossGroup--thread1] INFO  logging.LoggingHandler (AbstractInternalLogger.java:log(148)) - [id: 0x5f0b0ecd, L:/0.0.0.0:15157] CLOSE
2024-04-21 07:25:07,025 [80370d78-c36f-4d75-b7cb-6753407b0dff-NettyServerStreamRpc-bossGroup--thread1] INFO  logging.LoggingHandler (AbstractInternalLogger.java:log(148)) - [id: 0x5f0b0ecd, L:/0.0.0.0:15157] INACTIVE
2024-04-21 07:25:07,025 [80370d78-c36f-4d75-b7cb-6753407b0dff-NettyServerStreamRpc-bossGroup--thread1] INFO  logging.LoggingHandler (AbstractInternalLogger.java:log(148)) - [id: 0x5f0b0ecd, L:/0.0.0.0:15157] UNREGISTERED
2024-04-21 07:25:07,032 [a45323a7-bc80-446e-b427-0ffb34a72641-NettyServerStreamRpc-bossGroup--thread1] INFO  logging.LoggingHandler (AbstractInternalLogger.java:log(148)) - [id: 0xf410e81e, L:/0.0.0.0:15148] CLOSE
2024-04-21 07:25:07,032 [a45323a7-bc80-446e-b427-0ffb34a72641-NettyServerStreamRpc-bossGroup--thread1] INFO  logging.LoggingHandler (AbstractInternalLogger.java:log(148)) - [id: 0xf410e81e, L:/0.0.0.0:15148] INACTIVE
2024-04-21 07:25:07,032 [a45323a7-bc80-446e-b427-0ffb34a72641-NettyServerStreamRpc-bossGroup--thread1] INFO  logging.LoggingHandler (AbstractInternalLogger.java:log(148)) - [id: 0xf410e81e, L:/0.0.0.0:15148] UNREGISTERED
2024-04-21 07:25:07,037 [33d4fa9a-f1b5-45a2-9ce3-43c86fd82df2-NettyServerStreamRpc-bossGroup--thread1] INFO  logging.LoggingHandler (AbstractInternalLogger.java:log(148)) - [id: 0x7dba43f0, L:/0.0.0.0:15130] CLOSE
2024-04-21 07:25:07,037 [33d4fa9a-f1b5-45a2-9ce3-43c86fd82df2-NettyServerStreamRpc-bossGroup--thread1] INFO  logging.LoggingHandler (AbstractInternalLogger.java:log(148)) - [id: 0x7dba43f0, L:/0.0.0.0:15130] INACTIVE
2024-04-21 07:25:07,037 [33d4fa9a-f1b5-45a2-9ce3-43c86fd82df2-NettyServerStreamRpc-bossGroup--thread1] INFO  logging.LoggingHandler (AbstractInternalLogger.java:log(148)) - [id: 0x7dba43f0, L:/0.0.0.0:15130] UNREGISTERED
2024-04-21 07:25:07,108 [33d4fa9a-f1b5-45a2-9ce3-43c86fd82df2-impl-thread3] INFO  segmented.SegmentedRaftLogWorker (SegmentedRaftLogWorker.java:close(245)) - 33d4fa9a-f1b5-45a2-9ce3-43c86fd82df2@group-2653268D5246-SegmentedRaftLogWorker close()
2024-04-21 07:25:07,140 [a45323a7-bc80-446e-b427-0ffb34a72641-impl-thread2] INFO  segmented.SegmentedRaftLogWorker (SegmentedRaftLogWorker.java:close(245)) - a45323a7-bc80-446e-b427-0ffb34a72641@group-43B368CDAB69-SegmentedRaftLogWorker close()
2024-04-21 07:25:07,340 [80370d78-c36f-4d75-b7cb-6753407b0dff-impl-thread4] INFO  segmented.SegmentedRaftLogWorker (SegmentedRaftLogWorker.java:close(245)) - 80370d78-c36f-4d75-b7cb-6753407b0dff@group-9A8D2995D9A7-SegmentedRaftLogWorker close()
2024-04-21 07:25:07,614 [a45323a7-bc80-446e-b427-0ffb34a72641-impl-thread3] INFO  segmented.SegmentedRaftLogWorker (SegmentedRaftLogWorker.java:close(245)) - a45323a7-bc80-446e-b427-0ffb34a72641@group-0B323A473FB2-SegmentedRaftLogWorker close()
2024-04-21 07:25:07,616 [JvmPauseMonitor19] INFO  util.JvmPauseMonitor (JvmPauseMonitor.java:run(152)) - JvmPauseMonitor-a45323a7-bc80-446e-b427-0ffb34a72641: Stopped
2024-04-21 07:25:07,640 [33d4fa9a-f1b5-45a2-9ce3-43c86fd82df2-impl-thread4] INFO  segmented.SegmentedRaftLogWorker (SegmentedRaftLogWorker.java:close(245)) - 33d4fa9a-f1b5-45a2-9ce3-43c86fd82df2@group-0B323A473FB2-SegmentedRaftLogWorker close()
2024-04-21 07:25:07,641 [80370d78-c36f-4d75-b7cb-6753407b0dff-impl-thread3] INFO  segmented.SegmentedRaftLogWorker (SegmentedRaftLogWorker.java:close(245)) - 80370d78-c36f-4d75-b7cb-6753407b0dff@group-0B323A473FB2-SegmentedRaftLogWorker close()
2024-04-21 07:25:07,920 [9387e6e8-bf6d-4d10-9dc1-f1bd05fc02cf-impl-thread4] INFO  segmented.SegmentedRaftLogWorker (SegmentedRaftLogWorker.java:close(245)) - 9387e6e8-bf6d-4d10-9dc1-f1bd05fc02cf@group-12C11132411B-SegmentedRaftLogWorker close()
2024-04-21 07:25:07,920 [80370d78-c36f-4d75-b7cb-6753407b0dff-impl-thread5] INFO  segmented.SegmentedRaftLogWorker (SegmentedRaftLogWorker.java:close(245)) - 80370d78-c36f-4d75-b7cb-6753407b0dff@group-12C11132411B-SegmentedRaftLogWorker close()
2024-04-21 07:25:07,923 [80370d78-c36f-4d75-b7cb-6753407b0dff-impl-thread2] INFO  segmented.SegmentedRaftLogWorker (SegmentedRaftLogWorker.java:close(245)) - 80370d78-c36f-4d75-b7cb-6753407b0dff@group-77AD9CB52074-SegmentedRaftLogWorker close()
2024-04-21 07:25:07,923 [33d4fa9a-f1b5-45a2-9ce3-43c86fd82df2-impl-thread5] INFO  segmented.SegmentedRaftLogWorker (SegmentedRaftLogWorker.java:close(245)) - 33d4fa9a-f1b5-45a2-9ce3-43c86fd82df2@group-12C11132411B-SegmentedRaftLogWorker close()
2024-04-21 07:25:07,924 [9387e6e8-bf6d-4d10-9dc1-f1bd05fc02cf-impl-thread2] INFO  segmented.SegmentedRaftLogWorker (SegmentedRaftLogWorker.java:close(245)) - 9387e6e8-bf6d-4d10-9dc1-f1bd05fc02cf@group-77AD9CB52074-SegmentedRaftLogWorker close()
2024-04-21 07:25:07,924 [33d4fa9a-f1b5-45a2-9ce3-43c86fd82df2-impl-thread2] INFO  segmented.SegmentedRaftLogWorker (SegmentedRaftLogWorker.java:close(245)) - 33d4fa9a-f1b5-45a2-9ce3-43c86fd82df2@group-77AD9CB52074-SegmentedRaftLogWorker close()
2024-04-21 07:25:07,926 [JvmPauseMonitor16] INFO  util.JvmPauseMonitor (JvmPauseMonitor.java:run(152)) - JvmPauseMonitor-9387e6e8-bf6d-4d10-9dc1-f1bd05fc02cf: Stopped
2024-04-21 07:25:07,926 [JvmPauseMonitor20] INFO  util.JvmPauseMonitor (JvmPauseMonitor.java:run(152)) - JvmPauseMonitor-80370d78-c36f-4d75-b7cb-6753407b0dff: Stopped
2024-04-21 07:25:07,927 [JvmPauseMonitor17] INFO  util.JvmPauseMonitor (JvmPauseMonitor.java:run(152)) - JvmPauseMonitor-33d4fa9a-f1b5-45a2-9ce3-43c86fd82df2: Stopped
2024-04-21 07:25:08,746 [main] INFO  ozoneimpl.OzoneContainer (OzoneContainer.java:stop(481)) - Attempting to stop container services.
2024-04-21 07:25:08,746 [ContainerMetadataScanner] WARN  ozoneimpl.AbstractBackgroundContainerScanner (AbstractBackgroundContainerScanner.java:handleRemainingSleep(134)) - Background container scan was interrupted.
2024-04-21 07:25:08,746 [ContainerMetadataScanner] INFO  ozoneimpl.AbstractBackgroundContainerScanner (AbstractBackgroundContainerScanner.java:run(61)) - Thread[ContainerMetadataScanner,5,main] exiting.
2024-04-21 07:25:08,746 [main] INFO  ozoneimpl.BackgroundContainerDataScanner (BackgroundContainerDataScanner.java:shutdown(141)) - ContainerDataScanner(/home/runner/work/ozone/ozone/hadoop-ozone/integration-test/target/test-dir/MiniOzoneClusterImpl-ed39ddd9-82bf-4bf6-8741-acb42c98007c/ozone-meta/datanode-3/data-0/hdds) is shutting down. 
2024-04-21 07:25:08,747 [ContainerDataScanner(/home/runner/work/ozone/ozone/hadoop-ozone/integration-test/target/test-dir/MiniOzoneClusterImpl-ed39ddd9-82bf-4bf6-8741-acb42c98007c/ozone-meta/datanode-3/data-0/hdds)] WARN  ozoneimpl.AbstractBackgroundContainerScanner (AbstractBackgroundContainerScanner.java:handleRemainingSleep(134)) - Background container scan was interrupted.
2024-04-21 07:25:08,747 [ContainerDataScanner(/home/runner/work/ozone/ozone/hadoop-ozone/integration-test/target/test-dir/MiniOzoneClusterImpl-ed39ddd9-82bf-4bf6-8741-acb42c98007c/ozone-meta/datanode-3/data-0/hdds)] INFO  ozoneimpl.AbstractBackgroundContainerScanner (AbstractBackgroundContainerScanner.java:run(61)) - ContainerDataScanner(/home/runner/work/ozone/ozone/hadoop-ozone/integration-test/target/test-dir/MiniOzoneClusterImpl-ed39ddd9-82bf-4bf6-8741-acb42c98007c/ozone-meta/datanode-3/data-0/hdds, DS-6ed8bec2-bc9e-4c5e-813f-488a8b52866e) exiting.
2024-04-21 07:25:08,748 [main] INFO  utils.DatanodeStoreCache (DatanodeStoreCache.java:shutdownCache(116)) - Skip clearing cache in mini cluster mode. Entries left: [/home/runner/work/ozone/ozone/hadoop-ozone/integration-test/target/test-dir/MiniOzoneClusterImpl-ed39ddd9-82bf-4bf6-8741-acb42c98007c/ozone-meta/datanode-1/data-0/hdds/ed39ddd9-82bf-4bf6-8741-acb42c98007c/DS-bea9d731-bf5d-4350-9872-45a03df8a834/container.db, /home/runner/work/ozone/ozone/hadoop-ozone/integration-test/target/test-dir/MiniOzoneClusterImpl-ed39ddd9-82bf-4bf6-8741-acb42c98007c/ozone-meta/datanode-2/data-0/hdds/ed39ddd9-82bf-4bf6-8741-acb42c98007c/DS-a2c92a65-7b26-4245-b37e-57164685115f/container.db, /home/runner/work/ozone/ozone/hadoop-ozone/integration-test/target/test-dir/MiniOzoneClusterImpl-ed39ddd9-82bf-4bf6-8741-acb42c98007c/ozone-meta/datanode-3/data-0/hdds/ed39ddd9-82bf-4bf6-8741-acb42c98007c/DS-6ed8bec2-bc9e-4c5e-813f-488a8b52866e/container.db, /home/runner/work/ozone/ozone/hadoop-ozone/integration-test/target/test-dir/MiniOzoneClusterImpl-ed39ddd9-82bf-4bf6-8741-acb42c98007c/ozone-meta/datanode-4/data-0/hdds/ed39ddd9-82bf-4bf6-8741-acb42c98007c/DS-66b14913-657a-4e97-b05a-10a59a481ed3/container.db, /home/runner/work/ozone/ozone/hadoop-ozone/integration-test/target/test-dir/MiniOzoneClusterImpl-ed39ddd9-82bf-4bf6-8741-acb42c98007c/ozone-meta/datanode-5/data-0/hdds/ed39ddd9-82bf-4bf6-8741-acb42c98007c/DS-bcccb3e0-16eb-4075-8594-3dbce0ad274d/container.db]
2024-04-21 07:25:08,749 [main] INFO  utils.DatanodeStoreCache (DatanodeStoreCache.java:removeDB(110)) - Removed db /home/runner/work/ozone/ozone/hadoop-ozone/integration-test/target/test-dir/MiniOzoneClusterImpl-ed39ddd9-82bf-4bf6-8741-acb42c98007c/ozone-meta/datanode-3/data-0/hdds/ed39ddd9-82bf-4bf6-8741-acb42c98007c/DS-6ed8bec2-bc9e-4c5e-813f-488a8b52866e/container.db from cache
2024-04-21 07:25:08,750 [main] INFO  volume.HddsVolume (HddsVolume.java:closeDbStore(470)) - SchemaV3 db is stopped at /home/runner/work/ozone/ozone/hadoop-ozone/integration-test/target/test-dir/MiniOzoneClusterImpl-ed39ddd9-82bf-4bf6-8741-acb42c98007c/ozone-meta/datanode-3/data-0/hdds/ed39ddd9-82bf-4bf6-8741-acb42c98007c/DS-6ed8bec2-bc9e-4c5e-813f-488a8b52866e/container.db for volume DS-6ed8bec2-bc9e-4c5e-813f-488a8b52866e
2024-04-21 07:25:08,750 [main] INFO  utils.BackgroundService (BackgroundService.java:shutdown(160)) - Shutting down service BlockDeletingService
2024-04-21 07:25:08,750 [main] INFO  utils.BackgroundService (BackgroundService.java:shutdown(160)) - Shutting down service StaleRecoveringContainerScrubbingService
2024-04-21 07:25:08,750 [main] INFO  statemachine.DatanodeStateMachine (DatanodeStateMachine.java:stopDaemon(638)) - Ozone container server stopped.
2024-04-21 07:25:08,751 [main] INFO  handler.ContextHandler (ContextHandler.java:doStop(1159)) - Stopped o.e.j.w.WebAppContext@2a37bcad{hddsDatanode,/,null,STOPPED}{file:/home/runner/work/ozone/ozone/hadoop-hdds/container-service/target/classes/webapps/hddsDatanode}
2024-04-21 07:25:08,751 [main] INFO  server.AbstractConnector (AbstractConnector.java:doStop(383)) - Stopped ServerConnector@69bcc39b{HTTP/1.1, (http/1.1)}{0.0.0.0:15133}
2024-04-21 07:25:08,752 [main] INFO  server.session (HouseKeeper.java:stopScavenging(149)) - node0 Stopped scavenging
2024-04-21 07:25:08,752 [main] INFO  handler.ContextHandler (ContextHandler.java:doStop(1159)) - Stopped o.e.j.s.ServletContextHandler@6786e1a3{static,/static,file:///home/runner/work/ozone/ozone/hadoop-hdds/container-service/target/classes/webapps/static,STOPPED}
2024-04-21 07:25:08,752 [main] INFO  handler.ContextHandler (ContextHandler.java:doStop(1159)) - Stopped o.e.j.s.ServletContextHandler@52def70b{logs,/logs,file:///home/runner/work/ozone/ozone/hadoop-ozone/integration-test/target/log,STOPPED}
2024-04-21 07:25:08,753 [main] INFO  ozone.HddsDatanodeClientProtocolServer (HddsDatanodeClientProtocolServer.java:stop(83)) - Stopping the RPC server for Client Protocol
2024-04-21 07:25:08,753 [main] INFO  ipc.Server (Server.java:stop(3523)) - Stopping server on 15134
2024-04-21 07:25:08,754 [IPC Server listener on 15134] INFO  ipc.Server (Server.java:run(1434)) - Stopping IPC Server listener on 15134
2024-04-21 07:25:08,754 [IPC Server Responder] INFO  ipc.Server (Server.java:run(1567)) - Stopping IPC Server Responder
2024-04-21 07:25:09,323 [EventQueue-StaleNodeForStaleNodeHandler] INFO  node.StaleNodeHandler (StaleNodeHandler.java:onMessage(57)) - Datanode 80370d78-c36f-4d75-b7cb-6753407b0dff(fv-az1428-63/10.1.0.102) moved to stale state. Finalizing its pipelines [PipelineID=aa5e628e-98de-483c-bc2e-77ad9cb52074, PipelineID=a896e64e-f27b-41e6-b4a0-0b323a473fb2, PipelineID=3a57b055-28e0-4292-8aab-9a8d2995d9a7, PipelineID=14e1582f-626f-4294-b75a-12c11132411b]
2024-04-21 07:25:09,324 [EventQueue-StaleNodeForStaleNodeHandler] INFO  pipeline.PipelineManagerImpl (PipelineManagerImpl.java:closePipeline(518)) - Pipeline PipelineID=aa5e628e-98de-483c-bc2e-77ad9cb52074 moved to CLOSED state
2024-04-21 07:25:09,324 [EventQueue-StaleNodeForStaleNodeHandler] INFO  pipeline.PipelineManagerImpl (PipelineManagerImpl.java:closePipeline(518)) - Pipeline PipelineID=a896e64e-f27b-41e6-b4a0-0b323a473fb2 moved to CLOSED state
2024-04-21 07:25:09,324 [EventQueue-StaleNodeForStaleNodeHandler] INFO  pipeline.PipelineManagerImpl (PipelineManagerImpl.java:closeContainersForPipeline(484)) - Container #2 closed for pipeline=PipelineID=3a57b055-28e0-4292-8aab-9a8d2995d9a7
2024-04-21 07:25:09,324 [EventQueue-CloseContainerForCloseContainerEventHandler] INFO  container.CloseContainerEventHandler (CloseContainerEventHandler.java:onMessage(88)) - Close container Event triggered for container : #2, current state: CLOSING
2024-04-21 07:25:09,325 [EventQueue-StaleNodeForStaleNodeHandler] INFO  pipeline.PipelineManagerImpl (PipelineManagerImpl.java:closePipeline(518)) - Pipeline PipelineID=3a57b055-28e0-4292-8aab-9a8d2995d9a7 moved to CLOSED state
2024-04-21 07:25:09,325 [EventQueue-StaleNodeForStaleNodeHandler] INFO  pipeline.PipelineManagerImpl (PipelineManagerImpl.java:closePipeline(518)) - Pipeline PipelineID=14e1582f-626f-4294-b75a-12c11132411b moved to CLOSED state
2024-04-21 07:25:09,619 [ForkJoinPool.commonPool-worker-2] INFO  utils.DatanodeStoreCache (DatanodeStoreCache.java:shutdownCache(116)) - Skip clearing cache in mini cluster mode. Entries left: [/home/runner/work/ozone/ozone/hadoop-ozone/integration-test/target/test-dir/MiniOzoneClusterImpl-ed39ddd9-82bf-4bf6-8741-acb42c98007c/ozone-meta/datanode-1/data-0/hdds/ed39ddd9-82bf-4bf6-8741-acb42c98007c/DS-bea9d731-bf5d-4350-9872-45a03df8a834/container.db, /home/runner/work/ozone/ozone/hadoop-ozone/integration-test/target/test-dir/MiniOzoneClusterImpl-ed39ddd9-82bf-4bf6-8741-acb42c98007c/ozone-meta/datanode-2/data-0/hdds/ed39ddd9-82bf-4bf6-8741-acb42c98007c/DS-a2c92a65-7b26-4245-b37e-57164685115f/container.db, /home/runner/work/ozone/ozone/hadoop-ozone/integration-test/target/test-dir/MiniOzoneClusterImpl-ed39ddd9-82bf-4bf6-8741-acb42c98007c/ozone-meta/datanode-4/data-0/hdds/ed39ddd9-82bf-4bf6-8741-acb42c98007c/DS-66b14913-657a-4e97-b05a-10a59a481ed3/container.db, /home/runner/work/ozone/ozone/hadoop-ozone/integration-test/target/test-dir/MiniOzoneClusterImpl-ed39ddd9-82bf-4bf6-8741-acb42c98007c/ozone-meta/datanode-5/data-0/hdds/ed39ddd9-82bf-4bf6-8741-acb42c98007c/DS-bcccb3e0-16eb-4075-8594-3dbce0ad274d/container.db]
2024-04-21 07:25:09,623 [EventQueue-StaleNodeForStaleNodeHandler] INFO  node.StaleNodeHandler (StaleNodeHandler.java:onMessage(57)) - Datanode a45323a7-bc80-446e-b427-0ffb34a72641(fv-az1428-63/10.1.0.102) moved to stale state. Finalizing its pipelines [PipelineID=890b1400-59a5-4b01-aaf9-43b368cdab69, PipelineID=a896e64e-f27b-41e6-b4a0-0b323a473fb2]
2024-04-21 07:25:09,623 [ForkJoinPool.commonPool-worker-2] INFO  utils.DatanodeStoreCache (DatanodeStoreCache.java:removeDB(110)) - Removed db /home/runner/work/ozone/ozone/hadoop-ozone/integration-test/target/test-dir/MiniOzoneClusterImpl-ed39ddd9-82bf-4bf6-8741-acb42c98007c/ozone-meta/datanode-4/data-0/hdds/ed39ddd9-82bf-4bf6-8741-acb42c98007c/DS-66b14913-657a-4e97-b05a-10a59a481ed3/container.db from cache
2024-04-21 07:25:09,623 [ForkJoinPool.commonPool-worker-2] INFO  volume.HddsVolume (HddsVolume.java:closeDbStore(470)) - SchemaV3 db is stopped at /home/runner/work/ozone/ozone/hadoop-ozone/integration-test/target/test-dir/MiniOzoneClusterImpl-ed39ddd9-82bf-4bf6-8741-acb42c98007c/ozone-meta/datanode-4/data-0/hdds/ed39ddd9-82bf-4bf6-8741-acb42c98007c/DS-66b14913-657a-4e97-b05a-10a59a481ed3/container.db for volume DS-66b14913-657a-4e97-b05a-10a59a481ed3
2024-04-21 07:25:09,624 [ForkJoinPool.commonPool-worker-2] INFO  utils.BackgroundService (BackgroundService.java:shutdown(160)) - Shutting down service BlockDeletingService
2024-04-21 07:25:09,624 [EventQueue-StaleNodeForStaleNodeHandler] INFO  pipeline.PipelineManagerImpl (PipelineManagerImpl.java:closePipeline(518)) - Pipeline PipelineID=890b1400-59a5-4b01-aaf9-43b368cdab69 moved to CLOSED state
2024-04-21 07:25:09,624 [EventQueue-StaleNodeForStaleNodeHandler] INFO  node.StaleNodeHandler (StaleNodeHandler.java:onMessage(57)) - Datanode 9387e6e8-bf6d-4d10-9dc1-f1bd05fc02cf(fv-az1428-63/10.1.0.102) moved to stale state. Finalizing its pipelines [PipelineID=aa5e628e-98de-483c-bc2e-77ad9cb52074, PipelineID=bc87ce9e-43bf-487e-9f23-e2078b4a5995, PipelineID=14e1582f-626f-4294-b75a-12c11132411b]
2024-04-21 07:25:09,625 [EventQueue-StaleNodeForStaleNodeHandler] INFO  pipeline.PipelineManagerImpl (PipelineManagerImpl.java:closePipeline(518)) - Pipeline PipelineID=bc87ce9e-43bf-487e-9f23-e2078b4a5995 moved to CLOSED state
2024-04-21 07:25:09,625 [ForkJoinPool.commonPool-worker-2] INFO  utils.BackgroundService (BackgroundService.java:shutdown(160)) - Shutting down service StaleRecoveringContainerScrubbingService
2024-04-21 07:25:09,626 [ForkJoinPool.commonPool-worker-2] INFO  statemachine.DatanodeStateMachine (DatanodeStateMachine.java:stopDaemon(638)) - Ozone container server stopped.
2024-04-21 07:25:09,628 [ForkJoinPool.commonPool-worker-2] INFO  handler.ContextHandler (ContextHandler.java:doStop(1159)) - Stopped o.e.j.w.WebAppContext@9ed2b30{hddsDatanode,/,null,STOPPED}{file:/home/runner/work/ozone/ozone/hadoop-hdds/container-service/target/classes/webapps/hddsDatanode}
2024-04-21 07:25:09,628 [ForkJoinPool.commonPool-worker-2] INFO  server.AbstractConnector (AbstractConnector.java:doStop(383)) - Stopped ServerConnector@58816a7d{HTTP/1.1, (http/1.1)}{0.0.0.0:15142}
2024-04-21 07:25:09,628 [ForkJoinPool.commonPool-worker-2] INFO  server.session (HouseKeeper.java:stopScavenging(149)) - node0 Stopped scavenging
2024-04-21 07:25:09,629 [ForkJoinPool.commonPool-worker-2] INFO  handler.ContextHandler (ContextHandler.java:doStop(1159)) - Stopped o.e.j.s.ServletContextHandler@7fb44edb{static,/static,file:///home/runner/work/ozone/ozone/hadoop-hdds/container-service/target/classes/webapps/static,STOPPED}
2024-04-21 07:25:09,630 [ForkJoinPool.commonPool-worker-2] INFO  handler.ContextHandler (ContextHandler.java:doStop(1159)) - Stopped o.e.j.s.ServletContextHandler@31ab7614{logs,/logs,file:///home/runner/work/ozone/ozone/hadoop-ozone/integration-test/target/log,STOPPED}
2024-04-21 07:25:09,630 [ForkJoinPool.commonPool-worker-2] INFO  ozone.HddsDatanodeClientProtocolServer (HddsDatanodeClientProtocolServer.java:stop(83)) - Stopping the RPC server for Client Protocol
2024-04-21 07:25:09,631 [ForkJoinPool.commonPool-worker-2] INFO  ipc.Server (Server.java:stop(3523)) - Stopping server on 15143
2024-04-21 07:25:09,631 [IPC Server listener on 15143] INFO  ipc.Server (Server.java:run(1434)) - Stopping IPC Server listener on 15143
2024-04-21 07:25:09,631 [IPC Server Responder] INFO  ipc.Server (Server.java:run(1567)) - Stopping IPC Server Responder
2024-04-21 07:25:09,923 [EventQueue-StaleNodeForStaleNodeHandler] INFO  node.StaleNodeHandler (StaleNodeHandler.java:onMessage(57)) - Datanode 33d4fa9a-f1b5-45a2-9ce3-43c86fd82df2(fv-az1428-63/10.1.0.102) moved to stale state. Finalizing its pipelines [PipelineID=aa5e628e-98de-483c-bc2e-77ad9cb52074, PipelineID=4537414b-d6d2-4060-8c27-2653268d5246, PipelineID=a896e64e-f27b-41e6-b4a0-0b323a473fb2, PipelineID=14e1582f-626f-4294-b75a-12c11132411b]
2024-04-21 07:25:09,924 [EventQueue-StaleNodeForStaleNodeHandler] INFO  pipeline.PipelineManagerImpl (PipelineManagerImpl.java:closePipeline(518)) - Pipeline PipelineID=4537414b-d6d2-4060-8c27-2653268d5246 moved to CLOSED state
2024-04-21 07:25:09,928 [ForkJoinPool.commonPool-worker-0] INFO  utils.DatanodeStoreCache (DatanodeStoreCache.java:shutdownCache(116)) - Skip clearing cache in mini cluster mode. Entries left: [/home/runner/work/ozone/ozone/hadoop-ozone/integration-test/target/test-dir/MiniOzoneClusterImpl-ed39ddd9-82bf-4bf6-8741-acb42c98007c/ozone-meta/datanode-1/data-0/hdds/ed39ddd9-82bf-4bf6-8741-acb42c98007c/DS-bea9d731-bf5d-4350-9872-45a03df8a834/container.db, /home/runner/work/ozone/ozone/hadoop-ozone/integration-test/target/test-dir/MiniOzoneClusterImpl-ed39ddd9-82bf-4bf6-8741-acb42c98007c/ozone-meta/datanode-2/data-0/hdds/ed39ddd9-82bf-4bf6-8741-acb42c98007c/DS-a2c92a65-7b26-4245-b37e-57164685115f/container.db, /home/runner/work/ozone/ozone/hadoop-ozone/integration-test/target/test-dir/MiniOzoneClusterImpl-ed39ddd9-82bf-4bf6-8741-acb42c98007c/ozone-meta/datanode-5/data-0/hdds/ed39ddd9-82bf-4bf6-8741-acb42c98007c/DS-bcccb3e0-16eb-4075-8594-3dbce0ad274d/container.db]
2024-04-21 07:25:09,929 [ForkJoinPool.commonPool-worker-3] INFO  utils.DatanodeStoreCache (DatanodeStoreCache.java:shutdownCache(116)) - Skip clearing cache in mini cluster mode. Entries left: [/home/runner/work/ozone/ozone/hadoop-ozone/integration-test/target/test-dir/MiniOzoneClusterImpl-ed39ddd9-82bf-4bf6-8741-acb42c98007c/ozone-meta/datanode-1/data-0/hdds/ed39ddd9-82bf-4bf6-8741-acb42c98007c/DS-bea9d731-bf5d-4350-9872-45a03df8a834/container.db, /home/runner/work/ozone/ozone/hadoop-ozone/integration-test/target/test-dir/MiniOzoneClusterImpl-ed39ddd9-82bf-4bf6-8741-acb42c98007c/ozone-meta/datanode-2/data-0/hdds/ed39ddd9-82bf-4bf6-8741-acb42c98007c/DS-a2c92a65-7b26-4245-b37e-57164685115f/container.db, /home/runner/work/ozone/ozone/hadoop-ozone/integration-test/target/test-dir/MiniOzoneClusterImpl-ed39ddd9-82bf-4bf6-8741-acb42c98007c/ozone-meta/datanode-5/data-0/hdds/ed39ddd9-82bf-4bf6-8741-acb42c98007c/DS-bcccb3e0-16eb-4075-8594-3dbce0ad274d/container.db]
2024-04-21 07:25:09,930 [ForkJoinPool.commonPool-worker-3] INFO  utils.DatanodeStoreCache (DatanodeStoreCache.java:removeDB(110)) - Removed db /home/runner/work/ozone/ozone/hadoop-ozone/integration-test/target/test-dir/MiniOzoneClusterImpl-ed39ddd9-82bf-4bf6-8741-acb42c98007c/ozone-meta/datanode-2/data-0/hdds/ed39ddd9-82bf-4bf6-8741-acb42c98007c/DS-a2c92a65-7b26-4245-b37e-57164685115f/container.db from cache
2024-04-21 07:25:09,930 [ForkJoinPool.commonPool-worker-0] INFO  utils.DatanodeStoreCache (DatanodeStoreCache.java:removeDB(110)) - Removed db /home/runner/work/ozone/ozone/hadoop-ozone/integration-test/target/test-dir/MiniOzoneClusterImpl-ed39ddd9-82bf-4bf6-8741-acb42c98007c/ozone-meta/datanode-5/data-0/hdds/ed39ddd9-82bf-4bf6-8741-acb42c98007c/DS-bcccb3e0-16eb-4075-8594-3dbce0ad274d/container.db from cache
2024-04-21 07:25:09,930 [ForkJoinPool.commonPool-worker-0] INFO  volume.HddsVolume (HddsVolume.java:closeDbStore(470)) - SchemaV3 db is stopped at /home/runner/work/ozone/ozone/hadoop-ozone/integration-test/target/test-dir/MiniOzoneClusterImpl-ed39ddd9-82bf-4bf6-8741-acb42c98007c/ozone-meta/datanode-5/data-0/hdds/ed39ddd9-82bf-4bf6-8741-acb42c98007c/DS-bcccb3e0-16eb-4075-8594-3dbce0ad274d/container.db for volume DS-bcccb3e0-16eb-4075-8594-3dbce0ad274d
2024-04-21 07:25:09,930 [ForkJoinPool.commonPool-worker-3] INFO  volume.HddsVolume (HddsVolume.java:closeDbStore(470)) - SchemaV3 db is stopped at /home/runner/work/ozone/ozone/hadoop-ozone/integration-test/target/test-dir/MiniOzoneClusterImpl-ed39ddd9-82bf-4bf6-8741-acb42c98007c/ozone-meta/datanode-2/data-0/hdds/ed39ddd9-82bf-4bf6-8741-acb42c98007c/DS-a2c92a65-7b26-4245-b37e-57164685115f/container.db for volume DS-a2c92a65-7b26-4245-b37e-57164685115f
2024-04-21 07:25:09,931 [ForkJoinPool.commonPool-worker-1] INFO  utils.DatanodeStoreCache (DatanodeStoreCache.java:shutdownCache(116)) - Skip clearing cache in mini cluster mode. Entries left: [/home/runner/work/ozone/ozone/hadoop-ozone/integration-test/target/test-dir/MiniOzoneClusterImpl-ed39ddd9-82bf-4bf6-8741-acb42c98007c/ozone-meta/datanode-1/data-0/hdds/ed39ddd9-82bf-4bf6-8741-acb42c98007c/DS-bea9d731-bf5d-4350-9872-45a03df8a834/container.db]
2024-04-21 07:25:09,932 [ForkJoinPool.commonPool-worker-3] INFO  utils.BackgroundService (BackgroundService.java:shutdown(160)) - Shutting down service BlockDeletingService
2024-04-21 07:25:09,931 [ForkJoinPool.commonPool-worker-0] INFO  utils.BackgroundService (BackgroundService.java:shutdown(160)) - Shutting down service BlockDeletingService
2024-04-21 07:25:09,932 [ForkJoinPool.commonPool-worker-3] INFO  utils.BackgroundService (BackgroundService.java:shutdown(160)) - Shutting down service StaleRecoveringContainerScrubbingService
2024-04-21 07:25:09,934 [ForkJoinPool.commonPool-worker-0] INFO  utils.BackgroundService (BackgroundService.java:shutdown(160)) - Shutting down service StaleRecoveringContainerScrubbingService
2024-04-21 07:25:09,934 [ForkJoinPool.commonPool-worker-1] INFO  utils.DatanodeStoreCache (DatanodeStoreCache.java:removeDB(110)) - Removed db /home/runner/work/ozone/ozone/hadoop-ozone/integration-test/target/test-dir/MiniOzoneClusterImpl-ed39ddd9-82bf-4bf6-8741-acb42c98007c/ozone-meta/datanode-1/data-0/hdds/ed39ddd9-82bf-4bf6-8741-acb42c98007c/DS-bea9d731-bf5d-4350-9872-45a03df8a834/container.db from cache
2024-04-21 07:25:09,934 [ForkJoinPool.commonPool-worker-1] INFO  volume.HddsVolume (HddsVolume.java:closeDbStore(470)) - SchemaV3 db is stopped at /home/runner/work/ozone/ozone/hadoop-ozone/integration-test/target/test-dir/MiniOzoneClusterImpl-ed39ddd9-82bf-4bf6-8741-acb42c98007c/ozone-meta/datanode-1/data-0/hdds/ed39ddd9-82bf-4bf6-8741-acb42c98007c/DS-bea9d731-bf5d-4350-9872-45a03df8a834/container.db for volume DS-bea9d731-bf5d-4350-9872-45a03df8a834
2024-04-21 07:25:09,935 [ForkJoinPool.commonPool-worker-1] INFO  utils.BackgroundService (BackgroundService.java:shutdown(160)) - Shutting down service BlockDeletingService
2024-04-21 07:25:09,935 [ForkJoinPool.commonPool-worker-3] INFO  statemachine.DatanodeStateMachine (DatanodeStateMachine.java:stopDaemon(638)) - Ozone container server stopped.
2024-04-21 07:25:09,936 [ForkJoinPool.commonPool-worker-0] INFO  statemachine.DatanodeStateMachine (DatanodeStateMachine.java:stopDaemon(638)) - Ozone container server stopped.
2024-04-21 07:25:09,936 [ForkJoinPool.commonPool-worker-1] INFO  utils.BackgroundService (BackgroundService.java:shutdown(160)) - Shutting down service StaleRecoveringContainerScrubbingService
2024-04-21 07:25:09,938 [ForkJoinPool.commonPool-worker-1] INFO  statemachine.DatanodeStateMachine (DatanodeStateMachine.java:stopDaemon(638)) - Ozone container server stopped.
2024-04-21 07:25:09,939 [ForkJoinPool.commonPool-worker-3] INFO  handler.ContextHandler (ContextHandler.java:doStop(1159)) - Stopped o.e.j.w.WebAppContext@4b1010ac{hddsDatanode,/,null,STOPPED}{file:/home/runner/work/ozone/ozone/hadoop-hdds/container-service/target/classes/webapps/hddsDatanode}
2024-04-21 07:25:09,939 [ForkJoinPool.commonPool-worker-3] INFO  server.AbstractConnector (AbstractConnector.java:doStop(383)) - Stopped ServerConnector@6548432d{HTTP/1.1, (http/1.1)}{0.0.0.0:15124}
2024-04-21 07:25:09,939 [ForkJoinPool.commonPool-worker-3] INFO  server.session (HouseKeeper.java:stopScavenging(149)) - node0 Stopped scavenging
2024-04-21 07:25:09,942 [ForkJoinPool.commonPool-worker-3] INFO  handler.ContextHandler (ContextHandler.java:doStop(1159)) - Stopped o.e.j.s.ServletContextHandler@73d93aac{static,/static,file:///home/runner/work/ozone/ozone/hadoop-hdds/container-service/target/classes/webapps/static,STOPPED}
2024-04-21 07:25:09,944 [ForkJoinPool.commonPool-worker-1] INFO  handler.ContextHandler (ContextHandler.java:doStop(1159)) - Stopped o.e.j.w.WebAppContext@5c902cbd{hddsDatanode,/,null,STOPPED}{file:/home/runner/work/ozone/ozone/hadoop-hdds/container-service/target/classes/webapps/hddsDatanode}
2024-04-21 07:25:09,944 [ForkJoinPool.commonPool-worker-3] INFO  handler.ContextHandler (ContextHandler.java:doStop(1159)) - Stopped o.e.j.s.ServletContextHandler@676f9cc6{logs,/logs,file:///home/runner/work/ozone/ozone/hadoop-ozone/integration-test/target/log,STOPPED}
2024-04-21 07:25:09,944 [ForkJoinPool.commonPool-worker-1] INFO  server.AbstractConnector (AbstractConnector.java:doStop(383)) - Stopped ServerConnector@4be84993{HTTP/1.1, (http/1.1)}{0.0.0.0:15115}
2024-04-21 07:25:09,945 [ForkJoinPool.commonPool-worker-1] INFO  server.session (HouseKeeper.java:stopScavenging(149)) - node0 Stopped scavenging
2024-04-21 07:25:09,945 [ForkJoinPool.commonPool-worker-1] INFO  handler.ContextHandler (ContextHandler.java:doStop(1159)) - Stopped o.e.j.s.ServletContextHandler@1cd9f6af{static,/static,file:///home/runner/work/ozone/ozone/hadoop-hdds/container-service/target/classes/webapps/static,STOPPED}
2024-04-21 07:25:09,945 [ForkJoinPool.commonPool-worker-1] INFO  handler.ContextHandler (ContextHandler.java:doStop(1159)) - Stopped o.e.j.s.ServletContextHandler@338538f4{logs,/logs,file:///home/runner/work/ozone/ozone/hadoop-ozone/integration-test/target/log,STOPPED}
2024-04-21 07:25:09,945 [ForkJoinPool.commonPool-worker-0] INFO  handler.ContextHandler (ContextHandler.java:doStop(1159)) - Stopped o.e.j.w.WebAppContext@30745c7c{hddsDatanode,/,null,STOPPED}{file:/home/runner/work/ozone/ozone/hadoop-hdds/container-service/target/classes/webapps/hddsDatanode}
2024-04-21 07:25:09,945 [ForkJoinPool.commonPool-worker-3] INFO  ozone.HddsDatanodeClientProtocolServer (HddsDatanodeClientProtocolServer.java:stop(83)) - Stopping the RPC server for Client Protocol
2024-04-21 07:25:09,947 [ForkJoinPool.commonPool-worker-3] INFO  ipc.Server (Server.java:stop(3523)) - Stopping server on 15125
2024-04-21 07:25:09,948 [ForkJoinPool.commonPool-worker-1] INFO  ozone.HddsDatanodeClientProtocolServer (HddsDatanodeClientProtocolServer.java:stop(83)) - Stopping the RPC server for Client Protocol
2024-04-21 07:25:09,948 [ForkJoinPool.commonPool-worker-1] INFO  ipc.Server (Server.java:stop(3523)) - Stopping server on 15116
2024-04-21 07:25:09,948 [IPC Server Responder] INFO  ipc.Server (Server.java:run(1567)) - Stopping IPC Server Responder
2024-04-21 07:25:09,948 [IPC Server listener on 15125] INFO  ipc.Server (Server.java:run(1434)) - Stopping IPC Server listener on 15125
2024-04-21 07:25:09,949 [ForkJoinPool.commonPool-worker-0] INFO  server.AbstractConnector (AbstractConnector.java:doStop(383)) - Stopped ServerConnector@61f48738{HTTP/1.1, (http/1.1)}{0.0.0.0:15151}
2024-04-21 07:25:09,949 [ForkJoinPool.commonPool-worker-0] INFO  server.session (HouseKeeper.java:stopScavenging(149)) - node0 Stopped scavenging
2024-04-21 07:25:09,949 [IPC Server Responder] INFO  ipc.Server (Server.java:run(1567)) - Stopping IPC Server Responder
2024-04-21 07:25:09,949 [ForkJoinPool.commonPool-worker-0] INFO  handler.ContextHandler (ContextHandler.java:doStop(1159)) - Stopped o.e.j.s.ServletContextHandler@5e9c2d08{static,/static,file:///home/runner/work/ozone/ozone/hadoop-hdds/container-service/target/classes/webapps/static,STOPPED}
2024-04-21 07:25:09,949 [ForkJoinPool.commonPool-worker-0] INFO  handler.ContextHandler (ContextHandler.java:doStop(1159)) - Stopped o.e.j.s.ServletContextHandler@20744256{logs,/logs,file:///home/runner/work/ozone/ozone/hadoop-ozone/integration-test/target/log,STOPPED}
2024-04-21 07:25:09,949 [IPC Server listener on 15116] INFO  ipc.Server (Server.java:run(1434)) - Stopping IPC Server listener on 15116
2024-04-21 07:25:09,950 [ForkJoinPool.commonPool-worker-0] INFO  ozone.HddsDatanodeClientProtocolServer (HddsDatanodeClientProtocolServer.java:stop(83)) - Stopping the RPC server for Client Protocol
2024-04-21 07:25:09,950 [ForkJoinPool.commonPool-worker-0] INFO  ipc.Server (Server.java:stop(3523)) - Stopping server on 15152
2024-04-21 07:25:09,951 [IPC Server listener on 15152] INFO  ipc.Server (Server.java:run(1434)) - Stopping IPC Server listener on 15152
2024-04-21 07:25:09,951 [IPC Server Responder] INFO  ipc.Server (Server.java:run(1567)) - Stopping IPC Server Responder
2024-04-21 07:25:09,952 [main] INFO  ozone.MiniOzoneClusterImpl (MiniOzoneClusterImpl.java:stopSCM(486)) - Stopping the StorageContainerManager
2024-04-21 07:25:09,952 [main] INFO  server.StorageContainerManager (StorageContainerManager.java:stop(1653)) - Container Balancer is not running.
2024-04-21 07:25:09,952 [main] INFO  server.StorageContainerManager (StorageContainerManager.java:stopReplicationManager(1786)) - Stopping Replication Manager Service.
2024-04-21 07:25:09,952 [main] INFO  replication.ReplicationManager (ReplicationManager.java:stop(328)) - Stopping Replication Monitor Thread.
2024-04-21 07:25:09,952 [main] INFO  server.StorageContainerManager (StorageContainerManager.java:stop(1662)) - Stopping the Datanode Admin Monitor.
2024-04-21 07:25:09,952 [OverReplicatedProcessor] WARN  replication.UnhealthyReplicationProcessor (UnhealthyReplicationProcessor.java:run(180)) - OverReplicatedProcessor interrupted. Exiting...
2024-04-21 07:25:09,952 [ReplicationMonitor] INFO  replication.ReplicationManager (ReplicationManager.java:run(935)) - Replication Monitor Thread is stopped
2024-04-21 07:25:09,952 [UnderReplicatedProcessor] WARN  replication.UnhealthyReplicationProcessor (UnhealthyReplicationProcessor.java:run(180)) - UnderReplicatedProcessor interrupted. Exiting...
2024-04-21 07:25:09,953 [main] INFO  server.StorageContainerManager (StorageContainerManager.java:stop(1669)) - Stopping datanode service RPC server
2024-04-21 07:25:09,953 [main] INFO  server.SCMDatanodeProtocolServer (SCMDatanodeProtocolServer.java:stop(425)) - Stopping the RPC server for DataNodes
2024-04-21 07:25:09,953 [main] INFO  ipc.Server (Server.java:stop(3523)) - Stopping server on 15108
2024-04-21 07:25:09,955 [IPC Server listener on 15108] INFO  ipc.Server (Server.java:run(1434)) - Stopping IPC Server listener on 15108
2024-04-21 07:25:09,956 [IPC Server Responder] INFO  ipc.Server (Server.java:run(1567)) - Stopping IPC Server Responder
2024-04-21 07:25:10,023 [SCMHeartbeatProcessor-0] WARN  node.NodeStateManager (NodeStateManager.java:scheduleNextHealthCheck(878)) - Current Thread is interrupted, shutting down HB processing thread for Node Manager.
2024-04-21 07:25:10,024 [main] INFO  server.StorageContainerManager (StorageContainerManager.java:stop(1677)) - Stopping block service RPC server
2024-04-21 07:25:10,024 [main] INFO  server.SCMBlockProtocolServer (SCMBlockProtocolServer.java:stop(171)) - Stopping the RPC server for Block Protocol
2024-04-21 07:25:10,024 [main] INFO  ipc.Server (Server.java:stop(3523)) - Stopping server on 15107
2024-04-21 07:25:10,026 [IPC Server listener on 15107] INFO  ipc.Server (Server.java:run(1434)) - Stopping IPC Server listener on 15107
2024-04-21 07:25:10,026 [IPC Server Responder] INFO  ipc.Server (Server.java:run(1567)) - Stopping IPC Server Responder
2024-04-21 07:25:10,027 [main] INFO  server.StorageContainerManager (StorageContainerManager.java:stop(1684)) - Stopping the StorageContainerLocationProtocol RPC server
2024-04-21 07:25:10,027 [main] INFO  server.SCMClientProtocolServer (SCMClientProtocolServer.java:stop(213)) - Stopping the RPC server for Client Protocol
2024-04-21 07:25:10,027 [main] INFO  ipc.Server (Server.java:stop(3523)) - Stopping server on 15106
2024-04-21 07:25:10,031 [IPC Server listener on 15106] INFO  ipc.Server (Server.java:run(1434)) - Stopping IPC Server listener on 15106
2024-04-21 07:25:10,031 [IPC Server Responder] INFO  ipc.Server (Server.java:run(1567)) - Stopping IPC Server Responder
2024-04-21 07:25:10,031 [main] INFO  server.StorageContainerManager (StorageContainerManager.java:stop(1691)) - Stopping Storage Container Manager HTTP server.
2024-04-21 07:25:10,032 [main] INFO  handler.ContextHandler (ContextHandler.java:doStop(1159)) - Stopped o.e.j.w.WebAppContext@50e0c6b5{scm,/,null,STOPPED}{file:/home/runner/work/ozone/ozone/hadoop-ozone/integration-test/target/test-classes/webapps/scm}
2024-04-21 07:25:10,033 [main] INFO  server.AbstractConnector (AbstractConnector.java:doStop(383)) - Stopped ServerConnector@1310c39f{HTTP/1.1, (http/1.1)}{0.0.0.0:15109}
2024-04-21 07:25:10,033 [main] INFO  server.session (HouseKeeper.java:stopScavenging(149)) - node0 Stopped scavenging
2024-04-21 07:25:10,034 [main] INFO  handler.ContextHandler (ContextHandler.java:doStop(1159)) - Stopped o.e.j.s.ServletContextHandler@19c3030f{static,/static,file:///home/runner/work/ozone/ozone/hadoop-ozone/integration-test/target/test-classes/webapps/static,STOPPED}
2024-04-21 07:25:10,034 [main] INFO  handler.ContextHandler (ContextHandler.java:doStop(1159)) - Stopped o.e.j.s.ServletContextHandler@42f99e4c{logs,/logs,file:///home/runner/work/ozone/ozone/hadoop-ozone/integration-test/target/log,STOPPED}
2024-04-21 07:25:10,035 [main] INFO  server.StorageContainerManager (StorageContainerManager.java:stop(1699)) - Stopping SCM LayoutVersionManager Service.
2024-04-21 07:25:10,035 [main] INFO  server.StorageContainerManager (StorageContainerManager.java:stop(1711)) - Stopping Block Manager Service.
2024-04-21 07:25:10,035 [main] INFO  utils.BackgroundService (BackgroundService.java:shutdown(160)) - Shutting down service SCMBlockDeletingService
2024-04-21 07:25:10,036 [main] INFO  utils.BackgroundService (BackgroundService.java:shutdown(160)) - Shutting down service SCMBlockDeletingService
2024-04-21 07:25:10,036 [main] INFO  server.StorageContainerManager (StorageContainerManager.java:stop(1731)) - Stopping SCM Event Queue.
2024-04-21 07:25:10,037 [JvmPauseMonitor14] INFO  util.JvmPauseMonitor (JvmPauseMonitor.java:run(152)) - JvmPauseMonitor-e57c0de3-9686-49a5-9954-42a52c6af0d8: Stopped
2024-04-21 07:25:10,037 [main] INFO  server.StorageContainerManager (StorageContainerManager.java:stop(1742)) - Stopping SCM HA services.
2024-04-21 07:25:10,037 [main] INFO  pipeline.BackgroundPipelineCreator (BackgroundPipelineCreator.java:stop(152)) - Stopping RatisPipelineUtilsThread.
2024-04-21 07:25:10,038 [RatisPipelineUtilsThread-0] WARN  pipeline.BackgroundPipelineCreator (BackgroundPipelineCreator.java:run(183)) - RatisPipelineUtilsThread is interrupted.
2024-04-21 07:25:10,038 [main] INFO  BackgroundPipelineScrubber (BackgroundSCMService.java:stop(128)) - Stopping BackgroundPipelineScrubber Service.
2024-04-21 07:25:10,038 [BackgroundPipelineScrubber] WARN  BackgroundPipelineScrubber (BackgroundSCMService.java:run(112)) - BackgroundPipelineScrubber is interrupted, exit
2024-04-21 07:25:10,038 [main] INFO  impl.MetricsSystemImpl (MetricsSystemImpl.java:stop(210)) - Stopping HddsDatanode metrics system...
2024-04-21 07:25:10,039 [prometheus] INFO  impl.MetricsSinkAdapter (MetricsSinkAdapter.java:publishMetricsFromQueue(141)) - prometheus thread interrupted.
2024-04-21 07:25:10,039 [main] INFO  impl.MetricsSystemImpl (MetricsSystemImpl.java:stop(216)) - HddsDatanode metrics system stopped.
2024-04-21 07:25:10,040 [main] WARN  pipeline.BackgroundPipelineCreator (BackgroundPipelineCreator.java:stop(148)) - RatisPipelineUtilsThread is not running, just ignore.
2024-04-21 07:25:10,040 [main] INFO  BackgroundPipelineScrubber (BackgroundSCMService.java:stop(123)) - BackgroundPipelineScrubber Service is not running, skip stop.
2024-04-21 07:25:10,040 [main] INFO  ExpiredContainerReplicaOpScrubber (BackgroundSCMService.java:stop(128)) - Stopping ExpiredContainerReplicaOpScrubber Service.
2024-04-21 07:25:10,040 [main] INFO  utils.BackgroundService (BackgroundService.java:shutdown(160)) - Shutting down service SCMBlockDeletingService
2024-04-21 07:25:10,040 [ExpiredContainerReplicaOpScrubber] WARN  ExpiredContainerReplicaOpScrubber (BackgroundSCMService.java:run(112)) - ExpiredContainerReplicaOpScrubber is interrupted, exit
2024-04-21 07:25:10,041 [main] INFO  replication.ReplicationManager (ReplicationManager.java:stop(338)) - Replication Monitor Thread is not running.
2024-04-21 07:25:10,041 [main] WARN  balancer.ContainerBalancer (ContainerBalancer.java:stop(327)) - Cannot stop Container Balancer because it's not running or stopping
2024-04-21 07:25:10,041 [main] INFO  server.StorageContainerManager (StorageContainerManager.java:stop(1777)) - Stopping SCM MetadataStore.
]]></system-out>
  </testcase>
  <testcase name="testDatanodeFailureWithPreAllocation(boolean)[2]" classname="org.apache.hadoop.ozone.client.rpc.TestBlockOutputStreamWithFailures" time="67.519"/>
  <testcase name="testContainerClose(boolean)[1]" classname="org.apache.hadoop.ozone.client.rpc.TestBlockOutputStreamWithFailures" time="33.143"/>
  <testcase name="testContainerClose(boolean)[2]" classname="org.apache.hadoop.ozone.client.rpc.TestBlockOutputStreamWithFailures" time="29.939"/>
</testsuite>