<?xml version="1.0" encoding="UTF-8"?>
<testsuite xmlns:xsi="http://www.w3.org/2001/XMLSchema-instance" xsi:noNamespaceSchemaLocation="https://maven.apache.org/surefire/maven-surefire-plugin/xsd/surefire-test-report-3.0.xsd" version="3.0" name="org.apache.hadoop.ozone.client.rpc.TestBlockOutputStreamFlushDelay" time="32.398" tests="6" errors="0" skipped="0" failures="1">
  <properties>
    <property name="awt.toolkit" value="sun.awt.X11.XToolkit"/>
    <property name="file.encoding.pkg" value="sun.io"/>
    <property name="java.specification.version" value="1.8"/>
    <property name="sun.cpu.isalist" value=""/>
    <property name="sun.jnu.encoding" value="UTF-8"/>
    <property name="java.class.path" value="/home/runner/work/ozone/ozone/hadoop-ozone/integration-test/target/test-classes:/home/runner/work/ozone/ozone/hadoop-ozone/integration-test/target/classes:/home/runner/.m2/repository/org/apache/ozone/ozone-common/1.4.0-SNAPSHOT/ozone-common-1.4.0-SNAPSHOT.jar:/home/runner/.m2/repository/io/grpc/grpc-netty/1.51.1/grpc-netty-1.51.1.jar:/home/runner/.m2/repository/io/grpc/grpc-core/1.51.1/grpc-core-1.51.1.jar:/home/runner/.m2/repository/com/google/android/annotations/4.1.1.4/annotations-4.1.1.4.jar:/home/runner/.m2/repository/org/codehaus/mojo/animal-sniffer-annotations/1.21/animal-sniffer-annotations-1.21.jar:/home/runner/.m2/repository/com/google/errorprone/error_prone_annotations/2.2.0/error_prone_annotations-2.2.0.jar:/home/runner/.m2/repository/io/perfmark/perfmark-api/0.25.0/perfmark-api-0.25.0.jar:/home/runner/.m2/repository/io/netty/netty-codec-http2/4.1.86.Final/netty-codec-http2-4.1.86.Final.jar:/home/runner/.m2/repository/io/netty/netty-common/4.1.86.Final/netty-common-4.1.86.Final.jar:/home/runner/.m2/repository/io/netty/netty-buffer/4.1.86.Final/netty-buffer-4.1.86.Final.jar:/home/runner/.m2/repository/io/netty/netty-codec-http/4.1.86.Final/netty-codec-http-4.1.86.Final.jar:/home/runner/.m2/repository/io/netty/netty-handler-proxy/4.1.86.Final/netty-handler-proxy-4.1.86.Final.jar:/home/runner/.m2/repository/io/netty/netty-codec-socks/4.1.86.Final/netty-codec-socks-4.1.86.Final.jar:/home/runner/.m2/repository/io/netty/netty-tcnative-boringssl-static/2.0.54.Final/netty-tcnative-boringssl-static-2.0.54.Final.jar:/home/runner/.m2/repository/io/netty/netty-tcnative-classes/2.0.54.Final/netty-tcnative-classes-2.0.54.Final.jar:/home/runner/.m2/repository/io/netty/netty-tcnative-boringssl-static/2.0.54.Final/netty-tcnative-boringssl-static-2.0.54.Final-linux-x86_64.jar:/home/runner/.m2/repository/io/netty/netty-tcnative-boringssl-static/2.0.54.Final/netty-tcnative-boringssl-static-2.0.54.Final-linux-aarch_64.jar:/home/runner/.m2/repository/io/netty/netty-tcnative-boringssl-static/2.0.54.Final/netty-tcnative-boringssl-static-2.0.54.Final-osx-x86_64.jar:/home/runner/.m2/repository/io/netty/netty-tcnative-boringssl-static/2.0.54.Final/netty-tcnative-boringssl-static-2.0.54.Final-osx-aarch_64.jar:/home/runner/.m2/repository/io/netty/netty-tcnative-boringssl-static/2.0.54.Final/netty-tcnative-boringssl-static-2.0.54.Final-windows-x86_64.jar:/home/runner/.m2/repository/org/apache/commons/commons-compress/1.21/commons-compress-1.21.jar:/home/runner/.m2/repository/org/apache/ozone/hdds-common/1.4.0-SNAPSHOT/hdds-common-1.4.0-SNAPSHOT.jar:/home/runner/.m2/repository/org/apache/ozone/hdds-client/1.4.0-SNAPSHOT/hdds-client-1.4.0-SNAPSHOT.jar:/home/runner/.m2/repository/org/apache/ozone/ozone-interface-client/1.4.0-SNAPSHOT/ozone-interface-client-1.4.0-SNAPSHOT.jar:/home/runner/.m2/repository/org/apache/ozone/hdds-test-utils/1.4.0-SNAPSHOT/hdds-test-utils-1.4.0-SNAPSHOT.jar:/home/runner/.m2/repository/com/google/guava/guava/31.1-jre/guava-31.1-jre.jar:/home/runner/.m2/repository/com/google/guava/failureaccess/1.0.1/failureaccess-1.0.1.jar:/home/runner/.m2/repository/com/google/guava/listenablefuture/9999.0-empty-to-avoid-conflict-with-guava/listenablefuture-9999.0-empty-to-avoid-conflict-with-guava.jar:/home/runner/.m2/repository/com/google/code/findbugs/jsr305/3.0.0/jsr305-3.0.0.jar:/home/runner/.m2/repository/org/checkerframework/checker-qual/3.12.0/checker-qual-3.12.0.jar:/home/runner/.m2/repository/com/google/j2objc/j2objc-annotations/1.3/j2objc-annotations-1.3.jar:/home/runner/.m2/repository/commons-io/commons-io/2.11.0/commons-io-2.11.0.jar:/home/runner/.m2/repository/commons-logging/commons-logging/1.2/commons-logging-1.2.jar:/home/runner/.m2/repository/ch/qos/reload4j/reload4j/1.2.22/reload4j-1.2.22.jar:/home/runner/.m2/repository/org/slf4j/slf4j-api/1.7.36/slf4j-api-1.7.36.jar:/home/runner/.m2/repository/org/apache/ozone/hdds-server-scm/1.4.0-SNAPSHOT/hdds-server-scm-1.4.0-SNAPSHOT.jar:/home/runner/.m2/repository/org/apache/ozone/hdds-container-service/1.4.0-SNAPSHOT/hdds-container-service-1.4.0-SNAPSHOT.jar:/home/runner/.m2/repository/org/apache/ozone/hdds-hadoop-dependency-server/1.4.0-SNAPSHOT/hdds-hadoop-dependency-server-1.4.0-SNAPSHOT.jar:/home/runner/.m2/repository/org/apache/hadoop/hadoop-hdfs/3.3.4/hadoop-hdfs-3.3.4.jar:/home/runner/.m2/repository/org/eclipse/jetty/jetty-util-ajax/9.4.49.v20220914/jetty-util-ajax-9.4.49.v20220914.jar:/home/runner/.m2/repository/commons-daemon/commons-daemon/1.0.13/commons-daemon-1.0.13.jar:/home/runner/.m2/repository/org/apache/ozone/hdds-server-framework/1.4.0-SNAPSHOT/hdds-server-framework-1.4.0-SNAPSHOT.jar:/home/runner/.m2/repository/org/apache/ozone/hdds-interface-server/1.4.0-SNAPSHOT/hdds-interface-server-1.4.0-SNAPSHOT.jar:/home/runner/.m2/repository/org/apache/commons/commons-configuration2/2.1.1/commons-configuration2-2.1.1.jar:/home/runner/.m2/repository/org/apache/logging/log4j/log4j-core/2.17.1/log4j-core-2.17.1.jar:/home/runner/.m2/repository/com/lmax/disruptor/3.4.2/disruptor-3.4.2.jar:/home/runner/.m2/repository/org/eclipse/jetty/jetty-servlet/9.4.49.v20220914/jetty-servlet-9.4.49.v20220914.jar:/home/runner/.m2/repository/org/eclipse/jetty/jetty-security/9.4.49.v20220914/jetty-security-9.4.49.v20220914.jar:/home/runner/.m2/repository/org/rocksdb/rocksdbjni/7.7.3/rocksdbjni-7.7.3.jar:/home/runner/.m2/repository/io/prometheus/simpleclient_dropwizard/0.7.0/simpleclient_dropwizard-0.7.0.jar:/home/runner/.m2/repository/io/prometheus/simpleclient/0.7.0/simpleclient-0.7.0.jar:/home/runner/.m2/repository/io/prometheus/simpleclient_common/0.7.0/simpleclient_common-0.7.0.jar:/home/runner/.m2/repository/com/github/spotbugs/spotbugs-annotations/3.1.12/spotbugs-annotations-3.1.12.jar:/home/runner/.m2/repository/io/dropwizard/metrics/metrics-core/3.2.4/metrics-core-3.2.4.jar:/home/runner/.m2/repository/org/apache/commons/commons-text/1.4/commons-text-1.4.jar:/home/runner/.m2/repository/org/apache/hadoop/hadoop-hdfs-client/3.3.4/hadoop-hdfs-client-3.3.4.jar:/home/runner/.m2/repository/com/squareup/okhttp3/okhttp/4.9.3/okhttp-4.9.3.jar:/home/runner/.m2/repository/com/squareup/okio/okio/2.8.0/okio-2.8.0.jar:/home/runner/.m2/repository/org/jetbrains/kotlin/kotlin-stdlib-common/1.6.21/kotlin-stdlib-common-1.6.21.jar:/home/runner/.m2/repository/org/bouncycastle/bcprov-jdk15on/1.67/bcprov-jdk15on-1.67.jar:/home/runner/.m2/repository/com/google/protobuf/protobuf-java/2.5.0/protobuf-java-2.5.0.jar:/home/runner/.m2/repository/org/apache/ozone/ozone-manager/1.4.0-SNAPSHOT/ozone-manager-1.4.0-SNAPSHOT.jar:/home/runner/.m2/repository/org/aspectj/aspectjrt/1.9.7/aspectjrt-1.9.7.jar:/home/runner/.m2/repository/org/aspectj/aspectjweaver/1.9.7/aspectjweaver-1.9.7.jar:/home/runner/.m2/repository/org/apache/ozone/hdds-interface-client/1.4.0-SNAPSHOT/hdds-interface-client-1.4.0-SNAPSHOT.jar:/home/runner/.m2/repository/org/apache/hadoop/thirdparty/hadoop-shaded-protobuf_3_7/1.1.1/hadoop-shaded-protobuf_3_7-1.1.1.jar:/home/runner/.m2/repository/org/apache/ratis/ratis-thirdparty-misc/1.0.3/ratis-thirdparty-misc-1.0.3.jar:/home/runner/.m2/repository/org/apache/ozone/ozone-interface-storage/1.4.0-SNAPSHOT/ozone-interface-storage-1.4.0-SNAPSHOT.jar:/home/runner/.m2/repository/org/reflections/reflections/0.9.11/reflections-0.9.11.jar:/home/runner/.m2/repository/com/sun/jersey/jersey-client/1.19/jersey-client-1.19.jar:/home/runner/.m2/repository/org/apache/ranger/ranger-intg/2.3.0/ranger-intg-2.3.0.jar:/home/runner/.m2/repository/org/apache/ranger/ranger-plugins-common/2.3.0/ranger-plugins-common-2.3.0.jar:/home/runner/.m2/repository/commons-lang/commons-lang/2.6/commons-lang-2.6.jar:/home/runner/.m2/repository/org/codehaus/jackson/jackson-jaxrs/1.9.13/jackson-jaxrs-1.9.13.jar:/home/runner/.m2/repository/org/apache/ranger/ranger-plugins-cred/2.3.0/ranger-plugins-cred-2.3.0.jar:/home/runner/.m2/repository/org/apache/ranger/ranger-plugins-audit/2.3.0/ranger-plugins-audit-2.3.0.jar:/home/runner/.m2/repository/org/eclipse/jetty/jetty-client/9.4.49.v20220914/jetty-client-9.4.49.v20220914.jar:/home/runner/.m2/repository/org/apache/httpcomponents/httpmime/4.5.6/httpmime-4.5.6.jar:/home/runner/.m2/repository/org/apache/httpcomponents/httpcore-nio/4.4.6/httpcore-nio-4.4.6.jar:/home/runner/.m2/repository/org/apache/httpcomponents/httpasyncclient/4.1.3/httpasyncclient-4.1.3.jar:/home/runner/.m2/repository/com/carrotsearch/hppc/0.8.0/hppc-0.8.0.jar:/home/runner/.m2/repository/org/apache/orc/orc-core/1.5.8/orc-core-1.5.8.jar:/home/runner/.m2/repository/net/java/dev/jna/jna/5.2.0/jna-5.2.0.jar:/home/runner/.m2/repository/net/java/dev/jna/jna-platform/5.2.0/jna-platform-5.2.0.jar:/home/runner/.m2/repository/com/kstruct/gethostname4j/0.0.2/gethostname4j-0.0.2.jar:/home/runner/.m2/repository/org/apache/ranger/ranger-plugin-classloader/2.3.0/ranger-plugin-classloader-2.3.0.jar:/home/runner/.m2/repository/org/apache/hadoop/hadoop-minikdc/3.3.4/hadoop-minikdc-3.3.4.jar:/home/runner/.m2/repository/org/apache/kerby/kerb-simplekdc/1.0.1/kerb-simplekdc-1.0.1.jar:/home/runner/.m2/repository/org/apache/kerby/kerb-client/1.0.1/kerb-client-1.0.1.jar:/home/runner/.m2/repository/org/apache/kerby/kerby-config/1.0.1/kerby-config-1.0.1.jar:/home/runner/.m2/repository/org/apache/kerby/kerb-common/1.0.1/kerb-common-1.0.1.jar:/home/runner/.m2/repository/org/apache/kerby/kerb-crypto/1.0.1/kerb-crypto-1.0.1.jar:/home/runner/.m2/repository/org/apache/kerby/kerb-util/1.0.1/kerb-util-1.0.1.jar:/home/runner/.m2/repository/org/apache/kerby/token-provider/1.0.1/token-provider-1.0.1.jar:/home/runner/.m2/repository/org/apache/kerby/kerb-admin/1.0.1/kerb-admin-1.0.1.jar:/home/runner/.m2/repository/org/apache/kerby/kerb-server/1.0.1/kerb-server-1.0.1.jar:/home/runner/.m2/repository/org/apache/kerby/kerb-identity/1.0.1/kerb-identity-1.0.1.jar:/home/runner/.m2/repository/org/apache/kerby/kerby-xdr/1.0.1/kerby-xdr-1.0.1.jar:/home/runner/.m2/repository/org/apache/ozone/ozone-s3gateway/1.4.0-SNAPSHOT/ozone-s3gateway-1.4.0-SNAPSHOT.jar:/home/runner/.m2/repository/org/javassist/javassist/3.21.0-GA/javassist-3.21.0-GA.jar:/home/runner/.m2/repository/org/jboss/weld/servlet/weld-servlet/2.4.7.Final/weld-servlet-2.4.7.Final.jar:/home/runner/.m2/repository/org/glassfish/jersey/containers/jersey-container-servlet-core/2.34/jersey-container-servlet-core-2.34.jar:/home/runner/.m2/repository/org/glassfish/hk2/external/jakarta.inject/2.6.1/jakarta.inject-2.6.1.jar:/home/runner/.m2/repository/org/glassfish/jersey/core/jersey-common/2.34/jersey-common-2.34.jar:/home/runner/.m2/repository/jakarta/ws/rs/jakarta.ws.rs-api/2.1.6/jakarta.ws.rs-api-2.1.6.jar:/home/runner/.m2/repository/org/glassfish/jersey/ext/cdi/jersey-cdi1x/2.34/jersey-cdi1x-2.34.jar:/home/runner/.m2/repository/org/glassfish/jersey/inject/jersey-hk2/2.34/jersey-hk2-2.34.jar:/home/runner/.m2/repository/org/glassfish/hk2/hk2-locator/2.6.1/hk2-locator-2.6.1.jar:/home/runner/.m2/repository/org/glassfish/jersey/media/jersey-media-jaxb/2.34/jersey-media-jaxb-2.34.jar:/home/runner/.m2/repository/org/glassfish/hk2/osgi-resource-locator/1.0.3/osgi-resource-locator-1.0.3.jar:/home/runner/.m2/repository/org/glassfish/hk2/hk2-api/2.5.0/hk2-api-2.5.0.jar:/home/runner/.m2/repository/org/glassfish/hk2/hk2-utils/2.5.0/hk2-utils-2.5.0.jar:/home/runner/.m2/repository/org/glassfish/hk2/external/aopalliance-repackaged/2.5.0/aopalliance-repackaged-2.5.0.jar:/home/runner/.m2/repository/com/fasterxml/jackson/dataformat/jackson-dataformat-xml/2.13.4/jackson-dataformat-xml-2.13.4.jar:/home/runner/.m2/repository/com/fasterxml/jackson/core/jackson-core/2.13.4/jackson-core-2.13.4.jar:/home/runner/.m2/repository/org/codehaus/woodstox/stax2-api/4.2.1/stax2-api-4.2.1.jar:/home/runner/.m2/repository/com/fasterxml/woodstox/woodstox-core/5.4.0/woodstox-core-5.4.0.jar:/home/runner/.m2/repository/com/fasterxml/jackson/module/jackson-module-jaxb-annotations/2.13.4/jackson-module-jaxb-annotations-2.13.4.jar:/home/runner/.m2/repository/jakarta/xml/bind/jakarta.xml.bind-api/2.3.3/jakarta.xml.bind-api-2.3.3.jar:/home/runner/.m2/repository/jakarta/activation/jakarta.activation-api/1.2.2/jakarta.activation-api-1.2.2.jar:/home/runner/.m2/repository/javax/enterprise/cdi-api/1.2/cdi-api-1.2.jar:/home/runner/.m2/repository/javax/el/javax.el-api/3.0.0/javax.el-api-3.0.0.jar:/home/runner/.m2/repository/javax/interceptor/javax.interceptor-api/1.2/javax.interceptor-api-1.2.jar:/home/runner/.m2/repository/javax/inject/javax.inject/1/javax.inject-1.jar:/home/runner/.m2/repository/javax/xml/bind/jaxb-api/2.3.0/jaxb-api-2.3.0.jar:/home/runner/.m2/repository/org/glassfish/jaxb/jaxb-runtime/2.3.0.1/jaxb-runtime-2.3.0.1.jar:/home/runner/.m2/repository/org/glassfish/jaxb/jaxb-core/2.3.0.1/jaxb-core-2.3.0.1.jar:/home/runner/.m2/repository/org/glassfish/jaxb/txw2/2.3.0.1/txw2-2.3.0.1.jar:/home/runner/.m2/repository/com/sun/istack/istack-commons-runtime/3.0.5/istack-commons-runtime-3.0.5.jar:/home/runner/.m2/repository/org/jvnet/staxex/stax-ex/1.7.8/stax-ex-1.7.8.jar:/home/runner/.m2/repository/com/sun/xml/fastinfoset/FastInfoset/1.2.13/FastInfoset-1.2.13.jar:/home/runner/.m2/repository/javax/activation/activation/1.1.1/activation-1.1.1.jar:/home/runner/.m2/repository/io/grpc/grpc-protobuf/1.51.1/grpc-protobuf-1.51.1.jar:/home/runner/.m2/repository/io/grpc/grpc-api/1.51.1/grpc-api-1.51.1.jar:/home/runner/.m2/repository/io/grpc/grpc-context/1.51.1/grpc-context-1.51.1.jar:/home/runner/.m2/repository/com/google/api/grpc/proto-google-common-protos/2.9.0/proto-google-common-protos-2.9.0.jar:/home/runner/.m2/repository/io/grpc/grpc-protobuf-lite/1.51.1/grpc-protobuf-lite-1.51.1.jar:/home/runner/.m2/repository/io/grpc/grpc-stub/1.51.1/grpc-stub-1.51.1.jar:/home/runner/.m2/repository/io/netty/netty-transport/4.1.86.Final/netty-transport-4.1.86.Final.jar:/home/runner/.m2/repository/io/netty/netty-resolver/4.1.86.Final/netty-resolver-4.1.86.Final.jar:/home/runner/.m2/repository/org/apache/ozone/ozone-csi/1.4.0-SNAPSHOT/ozone-csi-1.4.0-SNAPSHOT.jar:/home/runner/.m2/repository/com/google/protobuf/protobuf-java-util/3.19.6/protobuf-java-util-3.19.6.jar:/home/runner/.m2/repository/com/google/code/gson/gson/2.9.0/gson-2.9.0.jar:/home/runner/.m2/repository/org/apache/ozone/hdds-config/1.4.0-SNAPSHOT/hdds-config-1.4.0-SNAPSHOT.jar:/home/runner/.m2/repository/io/netty/netty-transport-native-epoll/4.1.86.Final/netty-transport-native-epoll-4.1.86.Final-linux-x86_64.jar:/home/runner/.m2/repository/io/netty/netty-transport-classes-epoll/4.1.86.Final/netty-transport-classes-epoll-4.1.86.Final.jar:/home/runner/.m2/repository/io/netty/netty-transport-native-unix-common/4.1.86.Final/netty-transport-native-unix-common-4.1.86.Final.jar:/home/runner/.m2/repository/org/slf4j/slf4j-reload4j/1.7.36/slf4j-reload4j-1.7.36.jar:/home/runner/.m2/repository/org/apache/ozone/ozone-recon/1.4.0-SNAPSHOT/ozone-recon-1.4.0-SNAPSHOT.jar:/home/runner/.m2/repository/org/apache/ozone/ozone-reconcodegen/1.4.0-SNAPSHOT/ozone-reconcodegen-1.4.0-SNAPSHOT.jar:/home/runner/.m2/repository/com/google/inject/extensions/guice-multibindings/4.0/guice-multibindings-4.0.jar:/home/runner/.m2/repository/com/google/inject/guice/4.0/guice-4.0.jar:/home/runner/.m2/repository/aopalliance/aopalliance/1.0/aopalliance-1.0.jar:/home/runner/.m2/repository/com/google/inject/extensions/guice-assistedinject/4.0/guice-assistedinject-4.0.jar:/home/runner/.m2/repository/com/google/inject/extensions/guice-servlet/4.0/guice-servlet-4.0.jar:/home/runner/.m2/repository/org/glassfish/jersey/containers/jersey-container-servlet/2.34/jersey-container-servlet-2.34.jar:/home/runner/.m2/repository/org/glassfish/hk2/guice-bridge/2.5.0/guice-bridge-2.5.0.jar:/home/runner/.m2/repository/org/glassfish/jersey/core/jersey-server/2.34/jersey-server-2.34.jar:/home/runner/.m2/repository/org/glassfish/jersey/core/jersey-client/2.34/jersey-client-2.34.jar:/home/runner/.m2/repository/jakarta/annotation/jakarta.annotation-api/1.3.5/jakarta.annotation-api-1.3.5.jar:/home/runner/.m2/repository/jakarta/validation/jakarta.validation-api/2.0.2/jakarta.validation-api-2.0.2.jar:/home/runner/.m2/repository/org/glassfish/jersey/media/jersey-media-json-jackson/2.34/jersey-media-json-jackson-2.34.jar:/home/runner/.m2/repository/org/glassfish/jersey/ext/jersey-entity-filtering/2.34/jersey-entity-filtering-2.34.jar:/home/runner/.m2/repository/org/jooq/jooq/3.11.10/jooq-3.11.10.jar:/home/runner/.m2/repository/org/jooq/jooq-meta/3.11.10/jooq-meta-3.11.10.jar:/home/runner/.m2/repository/org/jooq/jooq-codegen/3.11.10/jooq-codegen-3.11.10.jar:/home/runner/.m2/repository/com/jolbox/bonecp/0.8.0.RELEASE/bonecp-0.8.0.RELEASE.jar:/home/runner/.m2/repository/org/apache/derby/derby/10.14.2.0/derby-10.14.2.0.jar:/home/runner/.m2/repository/org/xerial/sqlite-jdbc/3.25.2/sqlite-jdbc-3.25.2.jar:/home/runner/.m2/repository/org/springframework/spring-jdbc/5.3.23/spring-jdbc-5.3.23.jar:/home/runner/.m2/repository/org/springframework/spring-beans/5.3.23/spring-beans-5.3.23.jar:/home/runner/.m2/repository/org/springframework/spring-core/5.3.23/spring-core-5.3.23.jar:/home/runner/.m2/repository/org/springframework/spring-jcl/5.3.23/spring-jcl-5.3.23.jar:/home/runner/.m2/repository/org/springframework/spring-tx/5.3.23/spring-tx-5.3.23.jar:/home/runner/.m2/repository/org/apache/ozone/ozone-client/1.4.0-SNAPSHOT/ozone-client-1.4.0-SNAPSHOT.jar:/home/runner/.m2/repository/org/apache/ozone/hdds-erasurecode/1.4.0-SNAPSHOT/hdds-erasurecode-1.4.0-SNAPSHOT.jar:/home/runner/.m2/repository/org/apache/ozone/ozone-filesystem/1.4.0-SNAPSHOT/ozone-filesystem-1.4.0-SNAPSHOT.jar:/home/runner/.m2/repository/org/apache/ozone/ozone-filesystem-common/1.4.0-SNAPSHOT/ozone-filesystem-common-1.4.0-SNAPSHOT.jar:/home/runner/.m2/repository/org/apache/ozone/ozone-tools/1.4.0-SNAPSHOT/ozone-tools-1.4.0-SNAPSHOT.jar:/home/runner/.m2/repository/com/amazonaws/aws-java-sdk-core/1.12.261/aws-java-sdk-core-1.12.261.jar:/home/runner/.m2/repository/org/apache/httpcomponents/httpclient/4.5.13/httpclient-4.5.13.jar:/home/runner/.m2/repository/org/apache/httpcomponents/httpcore/4.4.13/httpcore-4.4.13.jar:/home/runner/.m2/repository/software/amazon/ion/ion-java/1.0.2/ion-java-1.0.2.jar:/home/runner/.m2/repository/com/fasterxml/jackson/dataformat/jackson-dataformat-cbor/2.13.4/jackson-dataformat-cbor-2.13.4.jar:/home/runner/.m2/repository/joda-time/joda-time/2.10.6/joda-time-2.10.6.jar:/home/runner/.m2/repository/com/amazonaws/aws-java-sdk-s3/1.12.261/aws-java-sdk-s3-1.12.261.jar:/home/runner/.m2/repository/com/amazonaws/aws-java-sdk-kms/1.12.261/aws-java-sdk-kms-1.12.261.jar:/home/runner/.m2/repository/com/amazonaws/jmespath-java/1.12.261/jmespath-java-1.12.261.jar:/home/runner/.m2/repository/org/kohsuke/metainf-services/metainf-services/1.8/metainf-services-1.8.jar:/home/runner/.m2/repository/org/apache/ozone/hdds-tools/1.4.0-SNAPSHOT/hdds-tools-1.4.0-SNAPSHOT.jar:/home/runner/.m2/repository/org/apache/ratis/ratis-tools/2.4.2-8b8bdda-SNAPSHOT/ratis-tools-2.4.2-8b8bdda-SNAPSHOT.jar:/home/runner/.m2/repository/org/apache/ratis/ratis-proto/2.4.2-8b8bdda-SNAPSHOT/ratis-proto-2.4.2-8b8bdda-SNAPSHOT.jar:/home/runner/.m2/repository/org/apache/ratis/ratis-common/2.4.2-8b8bdda-SNAPSHOT/ratis-common-2.4.2-8b8bdda-SNAPSHOT.jar:/home/runner/.m2/repository/commons-cli/commons-cli/1.2/commons-cli-1.2.jar:/home/runner/.m2/repository/org/apache/commons/commons-lang3/3.7/commons-lang3-3.7.jar:/home/runner/.m2/repository/org/apache/ozone/ozone-manager/1.4.0-SNAPSHOT/ozone-manager-1.4.0-SNAPSHOT-tests.jar:/home/runner/.m2/repository/org/apache/ozone/hdds-common/1.4.0-SNAPSHOT/hdds-common-1.4.0-SNAPSHOT-tests.jar:/home/runner/.m2/repository/org/apache/ozone/hdds-hadoop-dependency-client/1.4.0-SNAPSHOT/hdds-hadoop-dependency-client-1.4.0-SNAPSHOT.jar:/home/runner/.m2/repository/info/picocli/picocli/4.6.1/picocli-4.6.1.jar:/home/runner/.m2/repository/com/fasterxml/jackson/core/jackson-annotations/2.13.4/jackson-annotations-2.13.4.jar:/home/runner/.m2/repository/com/fasterxml/jackson/datatype/jackson-datatype-jsr310/2.13.4/jackson-datatype-jsr310-2.13.4.jar:/home/runner/.m2/repository/org/apache/ozone/hdds-annotation-processing/1.4.0-SNAPSHOT/hdds-annotation-processing-1.4.0-SNAPSHOT.jar:/home/runner/.m2/repository/javax/annotation/javax.annotation-api/1.2/javax.annotation-api-1.2.jar:/home/runner/.m2/repository/org/apache/ratis/ratis-server/2.4.2-8b8bdda-SNAPSHOT/ratis-server-2.4.2-8b8bdda-SNAPSHOT.jar:/home/runner/.m2/repository/org/apache/ratis/ratis-client/2.4.2-8b8bdda-SNAPSHOT/ratis-client-2.4.2-8b8bdda-SNAPSHOT.jar:/home/runner/.m2/repository/org/apache/ratis/ratis-server-api/2.4.2-8b8bdda-SNAPSHOT/ratis-server-api-2.4.2-8b8bdda-SNAPSHOT.jar:/home/runner/.m2/repository/org/apache/ratis/ratis-metrics/2.4.2-8b8bdda-SNAPSHOT/ratis-metrics-2.4.2-8b8bdda-SNAPSHOT.jar:/home/runner/.m2/repository/org/apache/ratis/ratis-netty/2.4.2-8b8bdda-SNAPSHOT/ratis-netty-2.4.2-8b8bdda-SNAPSHOT.jar:/home/runner/.m2/repository/org/apache/ratis/ratis-grpc/2.4.2-8b8bdda-SNAPSHOT/ratis-grpc-2.4.2-8b8bdda-SNAPSHOT.jar:/home/runner/.m2/repository/org/apache/logging/log4j/log4j-api/2.17.1/log4j-api-2.17.1.jar:/home/runner/.m2/repository/org/apache/commons/commons-pool2/2.6.0/commons-pool2-2.6.0.jar:/home/runner/.m2/repository/org/bouncycastle/bcpkix-jdk15on/1.67/bcpkix-jdk15on-1.67.jar:/home/runner/.m2/repository/commons-validator/commons-validator/1.6/commons-validator-1.6.jar:/home/runner/.m2/repository/commons-beanutils/commons-beanutils/1.9.4/commons-beanutils-1.9.4.jar:/home/runner/.m2/repository/commons-digester/commons-digester/1.8.1/commons-digester-1.8.1.jar:/home/runner/.m2/repository/commons-collections/commons-collections/3.2.2/commons-collections-3.2.2.jar:/home/runner/.m2/repository/io/jaegertracing/jaeger-client/1.6.0/jaeger-client-1.6.0.jar:/home/runner/.m2/repository/io/jaegertracing/jaeger-thrift/1.6.0/jaeger-thrift-1.6.0.jar:/home/runner/.m2/repository/org/apache/thrift/libthrift/0.14.1/libthrift-0.14.1.jar:/home/runner/.m2/repository/io/jaegertracing/jaeger-core/1.6.0/jaeger-core-1.6.0.jar:/home/runner/.m2/repository/io/jaegertracing/jaeger-tracerresolver/1.6.0/jaeger-tracerresolver-1.6.0.jar:/home/runner/.m2/repository/io/opentracing/contrib/opentracing-tracerresolver/0.1.8/opentracing-tracerresolver-0.1.8.jar:/home/runner/.m2/repository/org/jetbrains/kotlin/kotlin-stdlib/1.6.21/kotlin-stdlib-1.6.21.jar:/home/runner/.m2/repository/org/jetbrains/annotations/13.0/annotations-13.0.jar:/home/runner/.m2/repository/io/opentracing/opentracing-util/0.33.0/opentracing-util-0.33.0.jar:/home/runner/.m2/repository/io/opentracing/opentracing-api/0.33.0/opentracing-api-0.33.0.jar:/home/runner/.m2/repository/io/opentracing/opentracing-noop/0.33.0/opentracing-noop-0.33.0.jar:/home/runner/.m2/repository/org/yaml/snakeyaml/1.33/snakeyaml-1.33.jar:/home/runner/.m2/repository/org/apache/ozone/hdds-interface-admin/1.4.0-SNAPSHOT/hdds-interface-admin-1.4.0-SNAPSHOT.jar:/home/runner/.m2/repository/junit/junit/4.13.1/junit-4.13.1.jar:/home/runner/.m2/repository/org/hamcrest/hamcrest-core/1.3/hamcrest-core-1.3.jar:/home/runner/.m2/repository/org/junit/jupiter/junit-jupiter-api/5.8.2/junit-jupiter-api-5.8.2.jar:/home/runner/.m2/repository/org/opentest4j/opentest4j/1.2.0/opentest4j-1.2.0.jar:/home/runner/.m2/repository/org/junit/platform/junit-platform-commons/1.8.2/junit-platform-commons-1.8.2.jar:/home/runner/.m2/repository/org/apiguardian/apiguardian-api/1.1.2/apiguardian-api-1.1.2.jar:/home/runner/.m2/repository/org/junit/jupiter/junit-jupiter-params/5.8.2/junit-jupiter-params-5.8.2.jar:/home/runner/.m2/repository/org/junit/jupiter/junit-jupiter-migrationsupport/5.8.2/junit-jupiter-migrationsupport-5.8.2.jar:/home/runner/.m2/repository/org/junit/jupiter/junit-jupiter-engine/5.8.2/junit-jupiter-engine-5.8.2.jar:/home/runner/.m2/repository/org/junit/platform/junit-platform-engine/1.8.2/junit-platform-engine-1.8.2.jar:/home/runner/.m2/repository/org/junit/vintage/junit-vintage-engine/5.8.2/junit-vintage-engine-5.8.2.jar:/home/runner/.m2/repository/org/junit/platform/junit-platform-launcher/1.8.2/junit-platform-launcher-1.8.2.jar:/home/runner/.m2/repository/org/mockito/mockito-core/2.28.2/mockito-core-2.28.2.jar:/home/runner/.m2/repository/net/bytebuddy/byte-buddy/1.9.10/byte-buddy-1.9.10.jar:/home/runner/.m2/repository/net/bytebuddy/byte-buddy-agent/1.9.10/byte-buddy-agent-1.9.10.jar:/home/runner/.m2/repository/org/objenesis/objenesis/1.0/objenesis-1.0.jar:/home/runner/.m2/repository/org/apache/hadoop/hadoop-kms/3.3.4/hadoop-kms-3.3.4.jar:/home/runner/.m2/repository/org/apache/hadoop/hadoop-auth/3.3.4/hadoop-auth-3.3.4.jar:/home/runner/.m2/repository/com/nimbusds/nimbus-jose-jwt/9.8.1/nimbus-jose-jwt-9.8.1.jar:/home/runner/.m2/repository/com/github/stephenc/jcip/jcip-annotations/1.0-1/jcip-annotations-1.0-1.jar:/home/runner/.m2/repository/net/minidev/json-smart/2.4.7/json-smart-2.4.7.jar:/home/runner/.m2/repository/net/minidev/accessors-smart/2.4.7/accessors-smart-2.4.7.jar:/home/runner/.m2/repository/org/ow2/asm/asm/5.0.4/asm-5.0.4.jar:/home/runner/.m2/repository/org/apache/zookeeper/zookeeper/3.5.6/zookeeper-3.5.6.jar:/home/runner/.m2/repository/org/apache/zookeeper/zookeeper-jute/3.5.6/zookeeper-jute-3.5.6.jar:/home/runner/.m2/repository/org/apache/yetus/audience-annotations/0.5.0/audience-annotations-0.5.0.jar:/home/runner/.m2/repository/org/apache/curator/curator-framework/4.2.0/curator-framework-4.2.0.jar:/home/runner/.m2/repository/org/apache/hadoop/thirdparty/hadoop-shaded-guava/1.1.1/hadoop-shaded-guava-1.1.1.jar:/home/runner/.m2/repository/com/sun/jersey/jersey-core/1.19/jersey-core-1.19.jar:/home/runner/.m2/repository/javax/ws/rs/jsr311-api/1.1.1/jsr311-api-1.1.1.jar:/home/runner/.m2/repository/com/sun/jersey/jersey-server/1.19/jersey-server-1.19.jar:/home/runner/.m2/repository/javax/servlet/javax.servlet-api/3.1.0/javax.servlet-api-3.1.0.jar:/home/runner/.m2/repository/org/eclipse/jetty/jetty-server/9.4.49.v20220914/jetty-server-9.4.49.v20220914.jar:/home/runner/.m2/repository/org/eclipse/jetty/jetty-http/9.4.49.v20220914/jetty-http-9.4.49.v20220914.jar:/home/runner/.m2/repository/org/eclipse/jetty/jetty-io/9.4.49.v20220914/jetty-io-9.4.49.v20220914.jar:/home/runner/.m2/repository/org/eclipse/jetty/jetty-webapp/9.4.49.v20220914/jetty-webapp-9.4.49.v20220914.jar:/home/runner/.m2/repository/org/eclipse/jetty/jetty-xml/9.4.49.v20220914/jetty-xml-9.4.49.v20220914.jar:/home/runner/.m2/repository/org/apache/hadoop/hadoop-common/3.3.4/hadoop-common-3.3.4.jar:/home/runner/.m2/repository/org/apache/commons/commons-math3/3.1.1/commons-math3-3.1.1.jar:/home/runner/.m2/repository/commons-net/commons-net/3.9.0/commons-net-3.9.0.jar:/home/runner/.m2/repository/com/sun/jersey/jersey-servlet/1.19/jersey-servlet-1.19.jar:/home/runner/.m2/repository/com/sun/jersey/jersey-json/1.19/jersey-json-1.19.jar:/home/runner/.m2/repository/org/codehaus/jettison/jettison/1.1/jettison-1.1.jar:/home/runner/.m2/repository/com/sun/xml/bind/jaxb-impl/2.2.3-1/jaxb-impl-2.2.3-1.jar:/home/runner/.m2/repository/org/codehaus/jackson/jackson-xc/1.9.2/jackson-xc-1.9.2.jar:/home/runner/.m2/repository/com/google/re2j/re2j/1.1/re2j-1.1.jar:/home/runner/.m2/repository/com/jcraft/jsch/0.1.54/jsch-0.1.54.jar:/home/runner/.m2/repository/org/apache/curator/curator-client/4.2.0/curator-client-4.2.0.jar:/home/runner/.m2/repository/org/apache/curator/curator-recipes/4.2.0/curator-recipes-4.2.0.jar:/home/runner/.m2/repository/org/apache/kerby/kerb-core/1.0.1/kerb-core-1.0.1.jar:/home/runner/.m2/repository/org/apache/kerby/kerby-pkix/1.0.1/kerby-pkix-1.0.1.jar:/home/runner/.m2/repository/org/apache/kerby/kerby-asn1/1.0.1/kerby-asn1-1.0.1.jar:/home/runner/.m2/repository/org/apache/kerby/kerby-util/1.0.1/kerby-util-1.0.1.jar:/home/runner/.m2/repository/dnsjava/dnsjava/2.1.7/dnsjava-2.1.7.jar:/home/runner/.m2/repository/org/xerial/snappy/snappy-java/1.1.8.2/snappy-java-1.1.8.2.jar:/home/runner/.m2/repository/org/eclipse/jetty/jetty-util/9.4.49.v20220914/jetty-util-9.4.49.v20220914.jar:/home/runner/.m2/repository/com/fasterxml/jackson/core/jackson-databind/2.13.4.2/jackson-databind-2.13.4.2.jar:/home/runner/.m2/repository/org/apache/hadoop/hadoop-kms/3.3.4/hadoop-kms-3.3.4-tests.jar:/home/runner/.m2/repository/org/apache/ozone/hdds-server-scm/1.4.0-SNAPSHOT/hdds-server-scm-1.4.0-SNAPSHOT-tests.jar:/home/runner/.m2/repository/org/apache/ozone/hdds-container-service/1.4.0-SNAPSHOT/hdds-container-service-1.4.0-SNAPSHOT-tests.jar:/home/runner/.m2/repository/com/github/luben/zstd-jni/1.5.2-5/zstd-jni-1.5.2-5.jar:/home/runner/.m2/repository/commons-codec/commons-codec/1.15/commons-codec-1.15.jar:/home/runner/.m2/repository/io/netty/netty-codec/4.1.86.Final/netty-codec-4.1.86.Final.jar:/home/runner/.m2/repository/io/netty/netty-handler/4.1.86.Final/netty-handler-4.1.86.Final.jar:/home/runner/.m2/repository/org/apache/ozone/hdds-hadoop-dependency-test/1.4.0-SNAPSHOT/hdds-hadoop-dependency-test-1.4.0-SNAPSHOT.jar:/home/runner/.m2/repository/org/apache/hadoop/hadoop-common/3.3.4/hadoop-common-3.3.4-tests.jar:/home/runner/.m2/repository/org/apache/hadoop/hadoop-hdfs/3.3.4/hadoop-hdfs-3.3.4-tests.jar:/home/runner/.m2/repository/org/assertj/assertj-core/3.12.2/assertj-core-3.12.2.jar:/home/runner/.m2/repository/org/apache/hadoop/hadoop-distcp/3.3.4/hadoop-distcp-3.3.4.jar:/home/runner/.m2/repository/org/apache/hadoop/hadoop-mapreduce-client-jobclient/3.3.4/hadoop-mapreduce-client-jobclient-3.3.4.jar:/home/runner/.m2/repository/org/apache/hadoop/hadoop-mapreduce-client-common/3.3.4/hadoop-mapreduce-client-common-3.3.4.jar:/home/runner/.m2/repository/org/apache/hadoop/hadoop-yarn-common/3.3.4/hadoop-yarn-common-3.3.4.jar:/home/runner/.m2/repository/org/apache/hadoop/hadoop-yarn-api/3.3.4/hadoop-yarn-api-3.3.4.jar:/home/runner/.m2/repository/com/sun/jersey/contribs/jersey-guice/1.19/jersey-guice-1.19.jar:/home/runner/.m2/repository/com/fasterxml/jackson/jaxrs/jackson-jaxrs-json-provider/2.13.4/jackson-jaxrs-json-provider-2.13.4.jar:/home/runner/.m2/repository/com/fasterxml/jackson/jaxrs/jackson-jaxrs-base/2.13.4/jackson-jaxrs-base-2.13.4.jar:/home/runner/.m2/repository/org/apache/hadoop/hadoop-yarn-client/3.3.4/hadoop-yarn-client-3.3.4.jar:/home/runner/.m2/repository/org/eclipse/jetty/websocket/websocket-client/9.4.43.v20210629/websocket-client-9.4.43.v20210629.jar:/home/runner/.m2/repository/org/eclipse/jetty/websocket/websocket-common/9.4.43.v20210629/websocket-common-9.4.43.v20210629.jar:/home/runner/.m2/repository/org/eclipse/jetty/websocket/websocket-api/9.4.43.v20210629/websocket-api-9.4.43.v20210629.jar:/home/runner/.m2/repository/org/jline/jline/3.9.0/jline-3.9.0.jar:/home/runner/.m2/repository/org/apache/hadoop/hadoop-mapreduce-client-core/3.3.4/hadoop-mapreduce-client-core-3.3.4.jar:/home/runner/.m2/repository/org/apache/avro/avro/1.7.7/avro-1.7.7.jar:/home/runner/.m2/repository/org/codehaus/jackson/jackson-core-asl/1.9.13/jackson-core-asl-1.9.13.jar:/home/runner/.m2/repository/org/codehaus/jackson/jackson-mapper-asl/1.9.13/jackson-mapper-asl-1.9.13.jar:/home/runner/.m2/repository/com/thoughtworks/paranamer/paranamer/2.3/paranamer-2.3.jar:/home/runner/.m2/repository/org/apache/hadoop/hadoop-annotations/3.3.4/hadoop-annotations-3.3.4.jar:/usr/lib/jvm/temurin-8-jdk-amd64/jre/../lib/tools.jar:/home/runner/.m2/repository/io/netty/netty/3.10.6.Final/netty-3.10.6.Final.jar:/home/runner/.m2/repository/org/apache/hadoop/hadoop-distcp/3.3.4/hadoop-distcp-3.3.4-tests.jar:/home/runner/.m2/repository/org/slf4j/jul-to-slf4j/1.7.36/jul-to-slf4j-1.7.36.jar:"/>
    <property name="java.vm.vendor" value="Temurin"/>
    <property name="sun.arch.data.model" value="64"/>
    <property name="test.build.dir" value="/home/runner/work/ozone/ozone/hadoop-ozone/integration-test/target/test-dir"/>
    <property name="test.cache.data" value=""/>
    <property name="java.vendor.url" value="https://adoptium.net/"/>
    <property name="user.timezone" value="Etc/UTC"/>
    <property name="java.vm.specification.version" value="1.8"/>
    <property name="os.name" value="Linux"/>
    <property name="test.build.data" value="/home/runner/work/ozone/ozone/hadoop-ozone/integration-test/target/test-dir"/>
    <property name="sun.java.launcher" value="SUN_STANDARD"/>
    <property name="sun.boot.library.path" value="/usr/lib/jvm/temurin-8-jdk-amd64/jre/lib/amd64"/>
    <property name="sun.java.command" value="/home/runner/work/ozone/ozone/hadoop-ozone/integration-test/target/surefire/surefirebooter7846083985582168626.jar /home/runner/work/ozone/ozone/hadoop-ozone/integration-test/target/surefire 2023-02-01T18-27-22_017-jvmRun1 surefire8116684559429451861tmp surefire_277068511204864676177tmp"/>
    <property name="surefire.test.class.path" value="/home/runner/work/ozone/ozone/hadoop-ozone/integration-test/target/test-classes:/home/runner/work/ozone/ozone/hadoop-ozone/integration-test/target/classes:/home/runner/.m2/repository/org/apache/ozone/ozone-common/1.4.0-SNAPSHOT/ozone-common-1.4.0-SNAPSHOT.jar:/home/runner/.m2/repository/io/grpc/grpc-netty/1.51.1/grpc-netty-1.51.1.jar:/home/runner/.m2/repository/io/grpc/grpc-core/1.51.1/grpc-core-1.51.1.jar:/home/runner/.m2/repository/com/google/android/annotations/4.1.1.4/annotations-4.1.1.4.jar:/home/runner/.m2/repository/org/codehaus/mojo/animal-sniffer-annotations/1.21/animal-sniffer-annotations-1.21.jar:/home/runner/.m2/repository/com/google/errorprone/error_prone_annotations/2.2.0/error_prone_annotations-2.2.0.jar:/home/runner/.m2/repository/io/perfmark/perfmark-api/0.25.0/perfmark-api-0.25.0.jar:/home/runner/.m2/repository/io/netty/netty-codec-http2/4.1.86.Final/netty-codec-http2-4.1.86.Final.jar:/home/runner/.m2/repository/io/netty/netty-common/4.1.86.Final/netty-common-4.1.86.Final.jar:/home/runner/.m2/repository/io/netty/netty-buffer/4.1.86.Final/netty-buffer-4.1.86.Final.jar:/home/runner/.m2/repository/io/netty/netty-codec-http/4.1.86.Final/netty-codec-http-4.1.86.Final.jar:/home/runner/.m2/repository/io/netty/netty-handler-proxy/4.1.86.Final/netty-handler-proxy-4.1.86.Final.jar:/home/runner/.m2/repository/io/netty/netty-codec-socks/4.1.86.Final/netty-codec-socks-4.1.86.Final.jar:/home/runner/.m2/repository/io/netty/netty-tcnative-boringssl-static/2.0.54.Final/netty-tcnative-boringssl-static-2.0.54.Final.jar:/home/runner/.m2/repository/io/netty/netty-tcnative-classes/2.0.54.Final/netty-tcnative-classes-2.0.54.Final.jar:/home/runner/.m2/repository/io/netty/netty-tcnative-boringssl-static/2.0.54.Final/netty-tcnative-boringssl-static-2.0.54.Final-linux-x86_64.jar:/home/runner/.m2/repository/io/netty/netty-tcnative-boringssl-static/2.0.54.Final/netty-tcnative-boringssl-static-2.0.54.Final-linux-aarch_64.jar:/home/runner/.m2/repository/io/netty/netty-tcnative-boringssl-static/2.0.54.Final/netty-tcnative-boringssl-static-2.0.54.Final-osx-x86_64.jar:/home/runner/.m2/repository/io/netty/netty-tcnative-boringssl-static/2.0.54.Final/netty-tcnative-boringssl-static-2.0.54.Final-osx-aarch_64.jar:/home/runner/.m2/repository/io/netty/netty-tcnative-boringssl-static/2.0.54.Final/netty-tcnative-boringssl-static-2.0.54.Final-windows-x86_64.jar:/home/runner/.m2/repository/org/apache/commons/commons-compress/1.21/commons-compress-1.21.jar:/home/runner/.m2/repository/org/apache/ozone/hdds-common/1.4.0-SNAPSHOT/hdds-common-1.4.0-SNAPSHOT.jar:/home/runner/.m2/repository/org/apache/ozone/hdds-client/1.4.0-SNAPSHOT/hdds-client-1.4.0-SNAPSHOT.jar:/home/runner/.m2/repository/org/apache/ozone/ozone-interface-client/1.4.0-SNAPSHOT/ozone-interface-client-1.4.0-SNAPSHOT.jar:/home/runner/.m2/repository/org/apache/ozone/hdds-test-utils/1.4.0-SNAPSHOT/hdds-test-utils-1.4.0-SNAPSHOT.jar:/home/runner/.m2/repository/com/google/guava/guava/31.1-jre/guava-31.1-jre.jar:/home/runner/.m2/repository/com/google/guava/failureaccess/1.0.1/failureaccess-1.0.1.jar:/home/runner/.m2/repository/com/google/guava/listenablefuture/9999.0-empty-to-avoid-conflict-with-guava/listenablefuture-9999.0-empty-to-avoid-conflict-with-guava.jar:/home/runner/.m2/repository/com/google/code/findbugs/jsr305/3.0.0/jsr305-3.0.0.jar:/home/runner/.m2/repository/org/checkerframework/checker-qual/3.12.0/checker-qual-3.12.0.jar:/home/runner/.m2/repository/com/google/j2objc/j2objc-annotations/1.3/j2objc-annotations-1.3.jar:/home/runner/.m2/repository/commons-io/commons-io/2.11.0/commons-io-2.11.0.jar:/home/runner/.m2/repository/commons-logging/commons-logging/1.2/commons-logging-1.2.jar:/home/runner/.m2/repository/ch/qos/reload4j/reload4j/1.2.22/reload4j-1.2.22.jar:/home/runner/.m2/repository/org/slf4j/slf4j-api/1.7.36/slf4j-api-1.7.36.jar:/home/runner/.m2/repository/org/apache/ozone/hdds-server-scm/1.4.0-SNAPSHOT/hdds-server-scm-1.4.0-SNAPSHOT.jar:/home/runner/.m2/repository/org/apache/ozone/hdds-container-service/1.4.0-SNAPSHOT/hdds-container-service-1.4.0-SNAPSHOT.jar:/home/runner/.m2/repository/org/apache/ozone/hdds-hadoop-dependency-server/1.4.0-SNAPSHOT/hdds-hadoop-dependency-server-1.4.0-SNAPSHOT.jar:/home/runner/.m2/repository/org/apache/hadoop/hadoop-hdfs/3.3.4/hadoop-hdfs-3.3.4.jar:/home/runner/.m2/repository/org/eclipse/jetty/jetty-util-ajax/9.4.49.v20220914/jetty-util-ajax-9.4.49.v20220914.jar:/home/runner/.m2/repository/commons-daemon/commons-daemon/1.0.13/commons-daemon-1.0.13.jar:/home/runner/.m2/repository/org/apache/ozone/hdds-server-framework/1.4.0-SNAPSHOT/hdds-server-framework-1.4.0-SNAPSHOT.jar:/home/runner/.m2/repository/org/apache/ozone/hdds-interface-server/1.4.0-SNAPSHOT/hdds-interface-server-1.4.0-SNAPSHOT.jar:/home/runner/.m2/repository/org/apache/commons/commons-configuration2/2.1.1/commons-configuration2-2.1.1.jar:/home/runner/.m2/repository/org/apache/logging/log4j/log4j-core/2.17.1/log4j-core-2.17.1.jar:/home/runner/.m2/repository/com/lmax/disruptor/3.4.2/disruptor-3.4.2.jar:/home/runner/.m2/repository/org/eclipse/jetty/jetty-servlet/9.4.49.v20220914/jetty-servlet-9.4.49.v20220914.jar:/home/runner/.m2/repository/org/eclipse/jetty/jetty-security/9.4.49.v20220914/jetty-security-9.4.49.v20220914.jar:/home/runner/.m2/repository/org/rocksdb/rocksdbjni/7.7.3/rocksdbjni-7.7.3.jar:/home/runner/.m2/repository/io/prometheus/simpleclient_dropwizard/0.7.0/simpleclient_dropwizard-0.7.0.jar:/home/runner/.m2/repository/io/prometheus/simpleclient/0.7.0/simpleclient-0.7.0.jar:/home/runner/.m2/repository/io/prometheus/simpleclient_common/0.7.0/simpleclient_common-0.7.0.jar:/home/runner/.m2/repository/com/github/spotbugs/spotbugs-annotations/3.1.12/spotbugs-annotations-3.1.12.jar:/home/runner/.m2/repository/io/dropwizard/metrics/metrics-core/3.2.4/metrics-core-3.2.4.jar:/home/runner/.m2/repository/org/apache/commons/commons-text/1.4/commons-text-1.4.jar:/home/runner/.m2/repository/org/apache/hadoop/hadoop-hdfs-client/3.3.4/hadoop-hdfs-client-3.3.4.jar:/home/runner/.m2/repository/com/squareup/okhttp3/okhttp/4.9.3/okhttp-4.9.3.jar:/home/runner/.m2/repository/com/squareup/okio/okio/2.8.0/okio-2.8.0.jar:/home/runner/.m2/repository/org/jetbrains/kotlin/kotlin-stdlib-common/1.6.21/kotlin-stdlib-common-1.6.21.jar:/home/runner/.m2/repository/org/bouncycastle/bcprov-jdk15on/1.67/bcprov-jdk15on-1.67.jar:/home/runner/.m2/repository/com/google/protobuf/protobuf-java/2.5.0/protobuf-java-2.5.0.jar:/home/runner/.m2/repository/org/apache/ozone/ozone-manager/1.4.0-SNAPSHOT/ozone-manager-1.4.0-SNAPSHOT.jar:/home/runner/.m2/repository/org/aspectj/aspectjrt/1.9.7/aspectjrt-1.9.7.jar:/home/runner/.m2/repository/org/aspectj/aspectjweaver/1.9.7/aspectjweaver-1.9.7.jar:/home/runner/.m2/repository/org/apache/ozone/hdds-interface-client/1.4.0-SNAPSHOT/hdds-interface-client-1.4.0-SNAPSHOT.jar:/home/runner/.m2/repository/org/apache/hadoop/thirdparty/hadoop-shaded-protobuf_3_7/1.1.1/hadoop-shaded-protobuf_3_7-1.1.1.jar:/home/runner/.m2/repository/org/apache/ratis/ratis-thirdparty-misc/1.0.3/ratis-thirdparty-misc-1.0.3.jar:/home/runner/.m2/repository/org/apache/ozone/ozone-interface-storage/1.4.0-SNAPSHOT/ozone-interface-storage-1.4.0-SNAPSHOT.jar:/home/runner/.m2/repository/org/reflections/reflections/0.9.11/reflections-0.9.11.jar:/home/runner/.m2/repository/com/sun/jersey/jersey-client/1.19/jersey-client-1.19.jar:/home/runner/.m2/repository/org/apache/ranger/ranger-intg/2.3.0/ranger-intg-2.3.0.jar:/home/runner/.m2/repository/org/apache/ranger/ranger-plugins-common/2.3.0/ranger-plugins-common-2.3.0.jar:/home/runner/.m2/repository/commons-lang/commons-lang/2.6/commons-lang-2.6.jar:/home/runner/.m2/repository/org/codehaus/jackson/jackson-jaxrs/1.9.13/jackson-jaxrs-1.9.13.jar:/home/runner/.m2/repository/org/apache/ranger/ranger-plugins-cred/2.3.0/ranger-plugins-cred-2.3.0.jar:/home/runner/.m2/repository/org/apache/ranger/ranger-plugins-audit/2.3.0/ranger-plugins-audit-2.3.0.jar:/home/runner/.m2/repository/org/eclipse/jetty/jetty-client/9.4.49.v20220914/jetty-client-9.4.49.v20220914.jar:/home/runner/.m2/repository/org/apache/httpcomponents/httpmime/4.5.6/httpmime-4.5.6.jar:/home/runner/.m2/repository/org/apache/httpcomponents/httpcore-nio/4.4.6/httpcore-nio-4.4.6.jar:/home/runner/.m2/repository/org/apache/httpcomponents/httpasyncclient/4.1.3/httpasyncclient-4.1.3.jar:/home/runner/.m2/repository/com/carrotsearch/hppc/0.8.0/hppc-0.8.0.jar:/home/runner/.m2/repository/org/apache/orc/orc-core/1.5.8/orc-core-1.5.8.jar:/home/runner/.m2/repository/net/java/dev/jna/jna/5.2.0/jna-5.2.0.jar:/home/runner/.m2/repository/net/java/dev/jna/jna-platform/5.2.0/jna-platform-5.2.0.jar:/home/runner/.m2/repository/com/kstruct/gethostname4j/0.0.2/gethostname4j-0.0.2.jar:/home/runner/.m2/repository/org/apache/ranger/ranger-plugin-classloader/2.3.0/ranger-plugin-classloader-2.3.0.jar:/home/runner/.m2/repository/org/apache/hadoop/hadoop-minikdc/3.3.4/hadoop-minikdc-3.3.4.jar:/home/runner/.m2/repository/org/apache/kerby/kerb-simplekdc/1.0.1/kerb-simplekdc-1.0.1.jar:/home/runner/.m2/repository/org/apache/kerby/kerb-client/1.0.1/kerb-client-1.0.1.jar:/home/runner/.m2/repository/org/apache/kerby/kerby-config/1.0.1/kerby-config-1.0.1.jar:/home/runner/.m2/repository/org/apache/kerby/kerb-common/1.0.1/kerb-common-1.0.1.jar:/home/runner/.m2/repository/org/apache/kerby/kerb-crypto/1.0.1/kerb-crypto-1.0.1.jar:/home/runner/.m2/repository/org/apache/kerby/kerb-util/1.0.1/kerb-util-1.0.1.jar:/home/runner/.m2/repository/org/apache/kerby/token-provider/1.0.1/token-provider-1.0.1.jar:/home/runner/.m2/repository/org/apache/kerby/kerb-admin/1.0.1/kerb-admin-1.0.1.jar:/home/runner/.m2/repository/org/apache/kerby/kerb-server/1.0.1/kerb-server-1.0.1.jar:/home/runner/.m2/repository/org/apache/kerby/kerb-identity/1.0.1/kerb-identity-1.0.1.jar:/home/runner/.m2/repository/org/apache/kerby/kerby-xdr/1.0.1/kerby-xdr-1.0.1.jar:/home/runner/.m2/repository/org/apache/ozone/ozone-s3gateway/1.4.0-SNAPSHOT/ozone-s3gateway-1.4.0-SNAPSHOT.jar:/home/runner/.m2/repository/org/javassist/javassist/3.21.0-GA/javassist-3.21.0-GA.jar:/home/runner/.m2/repository/org/jboss/weld/servlet/weld-servlet/2.4.7.Final/weld-servlet-2.4.7.Final.jar:/home/runner/.m2/repository/org/glassfish/jersey/containers/jersey-container-servlet-core/2.34/jersey-container-servlet-core-2.34.jar:/home/runner/.m2/repository/org/glassfish/hk2/external/jakarta.inject/2.6.1/jakarta.inject-2.6.1.jar:/home/runner/.m2/repository/org/glassfish/jersey/core/jersey-common/2.34/jersey-common-2.34.jar:/home/runner/.m2/repository/jakarta/ws/rs/jakarta.ws.rs-api/2.1.6/jakarta.ws.rs-api-2.1.6.jar:/home/runner/.m2/repository/org/glassfish/jersey/ext/cdi/jersey-cdi1x/2.34/jersey-cdi1x-2.34.jar:/home/runner/.m2/repository/org/glassfish/jersey/inject/jersey-hk2/2.34/jersey-hk2-2.34.jar:/home/runner/.m2/repository/org/glassfish/hk2/hk2-locator/2.6.1/hk2-locator-2.6.1.jar:/home/runner/.m2/repository/org/glassfish/jersey/media/jersey-media-jaxb/2.34/jersey-media-jaxb-2.34.jar:/home/runner/.m2/repository/org/glassfish/hk2/osgi-resource-locator/1.0.3/osgi-resource-locator-1.0.3.jar:/home/runner/.m2/repository/org/glassfish/hk2/hk2-api/2.5.0/hk2-api-2.5.0.jar:/home/runner/.m2/repository/org/glassfish/hk2/hk2-utils/2.5.0/hk2-utils-2.5.0.jar:/home/runner/.m2/repository/org/glassfish/hk2/external/aopalliance-repackaged/2.5.0/aopalliance-repackaged-2.5.0.jar:/home/runner/.m2/repository/com/fasterxml/jackson/dataformat/jackson-dataformat-xml/2.13.4/jackson-dataformat-xml-2.13.4.jar:/home/runner/.m2/repository/com/fasterxml/jackson/core/jackson-core/2.13.4/jackson-core-2.13.4.jar:/home/runner/.m2/repository/org/codehaus/woodstox/stax2-api/4.2.1/stax2-api-4.2.1.jar:/home/runner/.m2/repository/com/fasterxml/woodstox/woodstox-core/5.4.0/woodstox-core-5.4.0.jar:/home/runner/.m2/repository/com/fasterxml/jackson/module/jackson-module-jaxb-annotations/2.13.4/jackson-module-jaxb-annotations-2.13.4.jar:/home/runner/.m2/repository/jakarta/xml/bind/jakarta.xml.bind-api/2.3.3/jakarta.xml.bind-api-2.3.3.jar:/home/runner/.m2/repository/jakarta/activation/jakarta.activation-api/1.2.2/jakarta.activation-api-1.2.2.jar:/home/runner/.m2/repository/javax/enterprise/cdi-api/1.2/cdi-api-1.2.jar:/home/runner/.m2/repository/javax/el/javax.el-api/3.0.0/javax.el-api-3.0.0.jar:/home/runner/.m2/repository/javax/interceptor/javax.interceptor-api/1.2/javax.interceptor-api-1.2.jar:/home/runner/.m2/repository/javax/inject/javax.inject/1/javax.inject-1.jar:/home/runner/.m2/repository/javax/xml/bind/jaxb-api/2.3.0/jaxb-api-2.3.0.jar:/home/runner/.m2/repository/org/glassfish/jaxb/jaxb-runtime/2.3.0.1/jaxb-runtime-2.3.0.1.jar:/home/runner/.m2/repository/org/glassfish/jaxb/jaxb-core/2.3.0.1/jaxb-core-2.3.0.1.jar:/home/runner/.m2/repository/org/glassfish/jaxb/txw2/2.3.0.1/txw2-2.3.0.1.jar:/home/runner/.m2/repository/com/sun/istack/istack-commons-runtime/3.0.5/istack-commons-runtime-3.0.5.jar:/home/runner/.m2/repository/org/jvnet/staxex/stax-ex/1.7.8/stax-ex-1.7.8.jar:/home/runner/.m2/repository/com/sun/xml/fastinfoset/FastInfoset/1.2.13/FastInfoset-1.2.13.jar:/home/runner/.m2/repository/javax/activation/activation/1.1.1/activation-1.1.1.jar:/home/runner/.m2/repository/io/grpc/grpc-protobuf/1.51.1/grpc-protobuf-1.51.1.jar:/home/runner/.m2/repository/io/grpc/grpc-api/1.51.1/grpc-api-1.51.1.jar:/home/runner/.m2/repository/io/grpc/grpc-context/1.51.1/grpc-context-1.51.1.jar:/home/runner/.m2/repository/com/google/api/grpc/proto-google-common-protos/2.9.0/proto-google-common-protos-2.9.0.jar:/home/runner/.m2/repository/io/grpc/grpc-protobuf-lite/1.51.1/grpc-protobuf-lite-1.51.1.jar:/home/runner/.m2/repository/io/grpc/grpc-stub/1.51.1/grpc-stub-1.51.1.jar:/home/runner/.m2/repository/io/netty/netty-transport/4.1.86.Final/netty-transport-4.1.86.Final.jar:/home/runner/.m2/repository/io/netty/netty-resolver/4.1.86.Final/netty-resolver-4.1.86.Final.jar:/home/runner/.m2/repository/org/apache/ozone/ozone-csi/1.4.0-SNAPSHOT/ozone-csi-1.4.0-SNAPSHOT.jar:/home/runner/.m2/repository/com/google/protobuf/protobuf-java-util/3.19.6/protobuf-java-util-3.19.6.jar:/home/runner/.m2/repository/com/google/code/gson/gson/2.9.0/gson-2.9.0.jar:/home/runner/.m2/repository/org/apache/ozone/hdds-config/1.4.0-SNAPSHOT/hdds-config-1.4.0-SNAPSHOT.jar:/home/runner/.m2/repository/io/netty/netty-transport-native-epoll/4.1.86.Final/netty-transport-native-epoll-4.1.86.Final-linux-x86_64.jar:/home/runner/.m2/repository/io/netty/netty-transport-classes-epoll/4.1.86.Final/netty-transport-classes-epoll-4.1.86.Final.jar:/home/runner/.m2/repository/io/netty/netty-transport-native-unix-common/4.1.86.Final/netty-transport-native-unix-common-4.1.86.Final.jar:/home/runner/.m2/repository/org/slf4j/slf4j-reload4j/1.7.36/slf4j-reload4j-1.7.36.jar:/home/runner/.m2/repository/org/apache/ozone/ozone-recon/1.4.0-SNAPSHOT/ozone-recon-1.4.0-SNAPSHOT.jar:/home/runner/.m2/repository/org/apache/ozone/ozone-reconcodegen/1.4.0-SNAPSHOT/ozone-reconcodegen-1.4.0-SNAPSHOT.jar:/home/runner/.m2/repository/com/google/inject/extensions/guice-multibindings/4.0/guice-multibindings-4.0.jar:/home/runner/.m2/repository/com/google/inject/guice/4.0/guice-4.0.jar:/home/runner/.m2/repository/aopalliance/aopalliance/1.0/aopalliance-1.0.jar:/home/runner/.m2/repository/com/google/inject/extensions/guice-assistedinject/4.0/guice-assistedinject-4.0.jar:/home/runner/.m2/repository/com/google/inject/extensions/guice-servlet/4.0/guice-servlet-4.0.jar:/home/runner/.m2/repository/org/glassfish/jersey/containers/jersey-container-servlet/2.34/jersey-container-servlet-2.34.jar:/home/runner/.m2/repository/org/glassfish/hk2/guice-bridge/2.5.0/guice-bridge-2.5.0.jar:/home/runner/.m2/repository/org/glassfish/jersey/core/jersey-server/2.34/jersey-server-2.34.jar:/home/runner/.m2/repository/org/glassfish/jersey/core/jersey-client/2.34/jersey-client-2.34.jar:/home/runner/.m2/repository/jakarta/annotation/jakarta.annotation-api/1.3.5/jakarta.annotation-api-1.3.5.jar:/home/runner/.m2/repository/jakarta/validation/jakarta.validation-api/2.0.2/jakarta.validation-api-2.0.2.jar:/home/runner/.m2/repository/org/glassfish/jersey/media/jersey-media-json-jackson/2.34/jersey-media-json-jackson-2.34.jar:/home/runner/.m2/repository/org/glassfish/jersey/ext/jersey-entity-filtering/2.34/jersey-entity-filtering-2.34.jar:/home/runner/.m2/repository/org/jooq/jooq/3.11.10/jooq-3.11.10.jar:/home/runner/.m2/repository/org/jooq/jooq-meta/3.11.10/jooq-meta-3.11.10.jar:/home/runner/.m2/repository/org/jooq/jooq-codegen/3.11.10/jooq-codegen-3.11.10.jar:/home/runner/.m2/repository/com/jolbox/bonecp/0.8.0.RELEASE/bonecp-0.8.0.RELEASE.jar:/home/runner/.m2/repository/org/apache/derby/derby/10.14.2.0/derby-10.14.2.0.jar:/home/runner/.m2/repository/org/xerial/sqlite-jdbc/3.25.2/sqlite-jdbc-3.25.2.jar:/home/runner/.m2/repository/org/springframework/spring-jdbc/5.3.23/spring-jdbc-5.3.23.jar:/home/runner/.m2/repository/org/springframework/spring-beans/5.3.23/spring-beans-5.3.23.jar:/home/runner/.m2/repository/org/springframework/spring-core/5.3.23/spring-core-5.3.23.jar:/home/runner/.m2/repository/org/springframework/spring-jcl/5.3.23/spring-jcl-5.3.23.jar:/home/runner/.m2/repository/org/springframework/spring-tx/5.3.23/spring-tx-5.3.23.jar:/home/runner/.m2/repository/org/apache/ozone/ozone-client/1.4.0-SNAPSHOT/ozone-client-1.4.0-SNAPSHOT.jar:/home/runner/.m2/repository/org/apache/ozone/hdds-erasurecode/1.4.0-SNAPSHOT/hdds-erasurecode-1.4.0-SNAPSHOT.jar:/home/runner/.m2/repository/org/apache/ozone/ozone-filesystem/1.4.0-SNAPSHOT/ozone-filesystem-1.4.0-SNAPSHOT.jar:/home/runner/.m2/repository/org/apache/ozone/ozone-filesystem-common/1.4.0-SNAPSHOT/ozone-filesystem-common-1.4.0-SNAPSHOT.jar:/home/runner/.m2/repository/org/apache/ozone/ozone-tools/1.4.0-SNAPSHOT/ozone-tools-1.4.0-SNAPSHOT.jar:/home/runner/.m2/repository/com/amazonaws/aws-java-sdk-core/1.12.261/aws-java-sdk-core-1.12.261.jar:/home/runner/.m2/repository/org/apache/httpcomponents/httpclient/4.5.13/httpclient-4.5.13.jar:/home/runner/.m2/repository/org/apache/httpcomponents/httpcore/4.4.13/httpcore-4.4.13.jar:/home/runner/.m2/repository/software/amazon/ion/ion-java/1.0.2/ion-java-1.0.2.jar:/home/runner/.m2/repository/com/fasterxml/jackson/dataformat/jackson-dataformat-cbor/2.13.4/jackson-dataformat-cbor-2.13.4.jar:/home/runner/.m2/repository/joda-time/joda-time/2.10.6/joda-time-2.10.6.jar:/home/runner/.m2/repository/com/amazonaws/aws-java-sdk-s3/1.12.261/aws-java-sdk-s3-1.12.261.jar:/home/runner/.m2/repository/com/amazonaws/aws-java-sdk-kms/1.12.261/aws-java-sdk-kms-1.12.261.jar:/home/runner/.m2/repository/com/amazonaws/jmespath-java/1.12.261/jmespath-java-1.12.261.jar:/home/runner/.m2/repository/org/kohsuke/metainf-services/metainf-services/1.8/metainf-services-1.8.jar:/home/runner/.m2/repository/org/apache/ozone/hdds-tools/1.4.0-SNAPSHOT/hdds-tools-1.4.0-SNAPSHOT.jar:/home/runner/.m2/repository/org/apache/ratis/ratis-tools/2.4.2-8b8bdda-SNAPSHOT/ratis-tools-2.4.2-8b8bdda-SNAPSHOT.jar:/home/runner/.m2/repository/org/apache/ratis/ratis-proto/2.4.2-8b8bdda-SNAPSHOT/ratis-proto-2.4.2-8b8bdda-SNAPSHOT.jar:/home/runner/.m2/repository/org/apache/ratis/ratis-common/2.4.2-8b8bdda-SNAPSHOT/ratis-common-2.4.2-8b8bdda-SNAPSHOT.jar:/home/runner/.m2/repository/commons-cli/commons-cli/1.2/commons-cli-1.2.jar:/home/runner/.m2/repository/org/apache/commons/commons-lang3/3.7/commons-lang3-3.7.jar:/home/runner/.m2/repository/org/apache/ozone/ozone-manager/1.4.0-SNAPSHOT/ozone-manager-1.4.0-SNAPSHOT-tests.jar:/home/runner/.m2/repository/org/apache/ozone/hdds-common/1.4.0-SNAPSHOT/hdds-common-1.4.0-SNAPSHOT-tests.jar:/home/runner/.m2/repository/org/apache/ozone/hdds-hadoop-dependency-client/1.4.0-SNAPSHOT/hdds-hadoop-dependency-client-1.4.0-SNAPSHOT.jar:/home/runner/.m2/repository/info/picocli/picocli/4.6.1/picocli-4.6.1.jar:/home/runner/.m2/repository/com/fasterxml/jackson/core/jackson-annotations/2.13.4/jackson-annotations-2.13.4.jar:/home/runner/.m2/repository/com/fasterxml/jackson/datatype/jackson-datatype-jsr310/2.13.4/jackson-datatype-jsr310-2.13.4.jar:/home/runner/.m2/repository/org/apache/ozone/hdds-annotation-processing/1.4.0-SNAPSHOT/hdds-annotation-processing-1.4.0-SNAPSHOT.jar:/home/runner/.m2/repository/javax/annotation/javax.annotation-api/1.2/javax.annotation-api-1.2.jar:/home/runner/.m2/repository/org/apache/ratis/ratis-server/2.4.2-8b8bdda-SNAPSHOT/ratis-server-2.4.2-8b8bdda-SNAPSHOT.jar:/home/runner/.m2/repository/org/apache/ratis/ratis-client/2.4.2-8b8bdda-SNAPSHOT/ratis-client-2.4.2-8b8bdda-SNAPSHOT.jar:/home/runner/.m2/repository/org/apache/ratis/ratis-server-api/2.4.2-8b8bdda-SNAPSHOT/ratis-server-api-2.4.2-8b8bdda-SNAPSHOT.jar:/home/runner/.m2/repository/org/apache/ratis/ratis-metrics/2.4.2-8b8bdda-SNAPSHOT/ratis-metrics-2.4.2-8b8bdda-SNAPSHOT.jar:/home/runner/.m2/repository/org/apache/ratis/ratis-netty/2.4.2-8b8bdda-SNAPSHOT/ratis-netty-2.4.2-8b8bdda-SNAPSHOT.jar:/home/runner/.m2/repository/org/apache/ratis/ratis-grpc/2.4.2-8b8bdda-SNAPSHOT/ratis-grpc-2.4.2-8b8bdda-SNAPSHOT.jar:/home/runner/.m2/repository/org/apache/logging/log4j/log4j-api/2.17.1/log4j-api-2.17.1.jar:/home/runner/.m2/repository/org/apache/commons/commons-pool2/2.6.0/commons-pool2-2.6.0.jar:/home/runner/.m2/repository/org/bouncycastle/bcpkix-jdk15on/1.67/bcpkix-jdk15on-1.67.jar:/home/runner/.m2/repository/commons-validator/commons-validator/1.6/commons-validator-1.6.jar:/home/runner/.m2/repository/commons-beanutils/commons-beanutils/1.9.4/commons-beanutils-1.9.4.jar:/home/runner/.m2/repository/commons-digester/commons-digester/1.8.1/commons-digester-1.8.1.jar:/home/runner/.m2/repository/commons-collections/commons-collections/3.2.2/commons-collections-3.2.2.jar:/home/runner/.m2/repository/io/jaegertracing/jaeger-client/1.6.0/jaeger-client-1.6.0.jar:/home/runner/.m2/repository/io/jaegertracing/jaeger-thrift/1.6.0/jaeger-thrift-1.6.0.jar:/home/runner/.m2/repository/org/apache/thrift/libthrift/0.14.1/libthrift-0.14.1.jar:/home/runner/.m2/repository/io/jaegertracing/jaeger-core/1.6.0/jaeger-core-1.6.0.jar:/home/runner/.m2/repository/io/jaegertracing/jaeger-tracerresolver/1.6.0/jaeger-tracerresolver-1.6.0.jar:/home/runner/.m2/repository/io/opentracing/contrib/opentracing-tracerresolver/0.1.8/opentracing-tracerresolver-0.1.8.jar:/home/runner/.m2/repository/org/jetbrains/kotlin/kotlin-stdlib/1.6.21/kotlin-stdlib-1.6.21.jar:/home/runner/.m2/repository/org/jetbrains/annotations/13.0/annotations-13.0.jar:/home/runner/.m2/repository/io/opentracing/opentracing-util/0.33.0/opentracing-util-0.33.0.jar:/home/runner/.m2/repository/io/opentracing/opentracing-api/0.33.0/opentracing-api-0.33.0.jar:/home/runner/.m2/repository/io/opentracing/opentracing-noop/0.33.0/opentracing-noop-0.33.0.jar:/home/runner/.m2/repository/org/yaml/snakeyaml/1.33/snakeyaml-1.33.jar:/home/runner/.m2/repository/org/apache/ozone/hdds-interface-admin/1.4.0-SNAPSHOT/hdds-interface-admin-1.4.0-SNAPSHOT.jar:/home/runner/.m2/repository/junit/junit/4.13.1/junit-4.13.1.jar:/home/runner/.m2/repository/org/hamcrest/hamcrest-core/1.3/hamcrest-core-1.3.jar:/home/runner/.m2/repository/org/junit/jupiter/junit-jupiter-api/5.8.2/junit-jupiter-api-5.8.2.jar:/home/runner/.m2/repository/org/opentest4j/opentest4j/1.2.0/opentest4j-1.2.0.jar:/home/runner/.m2/repository/org/junit/platform/junit-platform-commons/1.8.2/junit-platform-commons-1.8.2.jar:/home/runner/.m2/repository/org/apiguardian/apiguardian-api/1.1.2/apiguardian-api-1.1.2.jar:/home/runner/.m2/repository/org/junit/jupiter/junit-jupiter-params/5.8.2/junit-jupiter-params-5.8.2.jar:/home/runner/.m2/repository/org/junit/jupiter/junit-jupiter-migrationsupport/5.8.2/junit-jupiter-migrationsupport-5.8.2.jar:/home/runner/.m2/repository/org/junit/jupiter/junit-jupiter-engine/5.8.2/junit-jupiter-engine-5.8.2.jar:/home/runner/.m2/repository/org/junit/platform/junit-platform-engine/1.8.2/junit-platform-engine-1.8.2.jar:/home/runner/.m2/repository/org/junit/vintage/junit-vintage-engine/5.8.2/junit-vintage-engine-5.8.2.jar:/home/runner/.m2/repository/org/junit/platform/junit-platform-launcher/1.8.2/junit-platform-launcher-1.8.2.jar:/home/runner/.m2/repository/org/mockito/mockito-core/2.28.2/mockito-core-2.28.2.jar:/home/runner/.m2/repository/net/bytebuddy/byte-buddy/1.9.10/byte-buddy-1.9.10.jar:/home/runner/.m2/repository/net/bytebuddy/byte-buddy-agent/1.9.10/byte-buddy-agent-1.9.10.jar:/home/runner/.m2/repository/org/objenesis/objenesis/1.0/objenesis-1.0.jar:/home/runner/.m2/repository/org/apache/hadoop/hadoop-kms/3.3.4/hadoop-kms-3.3.4.jar:/home/runner/.m2/repository/org/apache/hadoop/hadoop-auth/3.3.4/hadoop-auth-3.3.4.jar:/home/runner/.m2/repository/com/nimbusds/nimbus-jose-jwt/9.8.1/nimbus-jose-jwt-9.8.1.jar:/home/runner/.m2/repository/com/github/stephenc/jcip/jcip-annotations/1.0-1/jcip-annotations-1.0-1.jar:/home/runner/.m2/repository/net/minidev/json-smart/2.4.7/json-smart-2.4.7.jar:/home/runner/.m2/repository/net/minidev/accessors-smart/2.4.7/accessors-smart-2.4.7.jar:/home/runner/.m2/repository/org/ow2/asm/asm/5.0.4/asm-5.0.4.jar:/home/runner/.m2/repository/org/apache/zookeeper/zookeeper/3.5.6/zookeeper-3.5.6.jar:/home/runner/.m2/repository/org/apache/zookeeper/zookeeper-jute/3.5.6/zookeeper-jute-3.5.6.jar:/home/runner/.m2/repository/org/apache/yetus/audience-annotations/0.5.0/audience-annotations-0.5.0.jar:/home/runner/.m2/repository/org/apache/curator/curator-framework/4.2.0/curator-framework-4.2.0.jar:/home/runner/.m2/repository/org/apache/hadoop/thirdparty/hadoop-shaded-guava/1.1.1/hadoop-shaded-guava-1.1.1.jar:/home/runner/.m2/repository/com/sun/jersey/jersey-core/1.19/jersey-core-1.19.jar:/home/runner/.m2/repository/javax/ws/rs/jsr311-api/1.1.1/jsr311-api-1.1.1.jar:/home/runner/.m2/repository/com/sun/jersey/jersey-server/1.19/jersey-server-1.19.jar:/home/runner/.m2/repository/javax/servlet/javax.servlet-api/3.1.0/javax.servlet-api-3.1.0.jar:/home/runner/.m2/repository/org/eclipse/jetty/jetty-server/9.4.49.v20220914/jetty-server-9.4.49.v20220914.jar:/home/runner/.m2/repository/org/eclipse/jetty/jetty-http/9.4.49.v20220914/jetty-http-9.4.49.v20220914.jar:/home/runner/.m2/repository/org/eclipse/jetty/jetty-io/9.4.49.v20220914/jetty-io-9.4.49.v20220914.jar:/home/runner/.m2/repository/org/eclipse/jetty/jetty-webapp/9.4.49.v20220914/jetty-webapp-9.4.49.v20220914.jar:/home/runner/.m2/repository/org/eclipse/jetty/jetty-xml/9.4.49.v20220914/jetty-xml-9.4.49.v20220914.jar:/home/runner/.m2/repository/org/apache/hadoop/hadoop-common/3.3.4/hadoop-common-3.3.4.jar:/home/runner/.m2/repository/org/apache/commons/commons-math3/3.1.1/commons-math3-3.1.1.jar:/home/runner/.m2/repository/commons-net/commons-net/3.9.0/commons-net-3.9.0.jar:/home/runner/.m2/repository/com/sun/jersey/jersey-servlet/1.19/jersey-servlet-1.19.jar:/home/runner/.m2/repository/com/sun/jersey/jersey-json/1.19/jersey-json-1.19.jar:/home/runner/.m2/repository/org/codehaus/jettison/jettison/1.1/jettison-1.1.jar:/home/runner/.m2/repository/com/sun/xml/bind/jaxb-impl/2.2.3-1/jaxb-impl-2.2.3-1.jar:/home/runner/.m2/repository/org/codehaus/jackson/jackson-xc/1.9.2/jackson-xc-1.9.2.jar:/home/runner/.m2/repository/com/google/re2j/re2j/1.1/re2j-1.1.jar:/home/runner/.m2/repository/com/jcraft/jsch/0.1.54/jsch-0.1.54.jar:/home/runner/.m2/repository/org/apache/curator/curator-client/4.2.0/curator-client-4.2.0.jar:/home/runner/.m2/repository/org/apache/curator/curator-recipes/4.2.0/curator-recipes-4.2.0.jar:/home/runner/.m2/repository/org/apache/kerby/kerb-core/1.0.1/kerb-core-1.0.1.jar:/home/runner/.m2/repository/org/apache/kerby/kerby-pkix/1.0.1/kerby-pkix-1.0.1.jar:/home/runner/.m2/repository/org/apache/kerby/kerby-asn1/1.0.1/kerby-asn1-1.0.1.jar:/home/runner/.m2/repository/org/apache/kerby/kerby-util/1.0.1/kerby-util-1.0.1.jar:/home/runner/.m2/repository/dnsjava/dnsjava/2.1.7/dnsjava-2.1.7.jar:/home/runner/.m2/repository/org/xerial/snappy/snappy-java/1.1.8.2/snappy-java-1.1.8.2.jar:/home/runner/.m2/repository/org/eclipse/jetty/jetty-util/9.4.49.v20220914/jetty-util-9.4.49.v20220914.jar:/home/runner/.m2/repository/com/fasterxml/jackson/core/jackson-databind/2.13.4.2/jackson-databind-2.13.4.2.jar:/home/runner/.m2/repository/org/apache/hadoop/hadoop-kms/3.3.4/hadoop-kms-3.3.4-tests.jar:/home/runner/.m2/repository/org/apache/ozone/hdds-server-scm/1.4.0-SNAPSHOT/hdds-server-scm-1.4.0-SNAPSHOT-tests.jar:/home/runner/.m2/repository/org/apache/ozone/hdds-container-service/1.4.0-SNAPSHOT/hdds-container-service-1.4.0-SNAPSHOT-tests.jar:/home/runner/.m2/repository/com/github/luben/zstd-jni/1.5.2-5/zstd-jni-1.5.2-5.jar:/home/runner/.m2/repository/commons-codec/commons-codec/1.15/commons-codec-1.15.jar:/home/runner/.m2/repository/io/netty/netty-codec/4.1.86.Final/netty-codec-4.1.86.Final.jar:/home/runner/.m2/repository/io/netty/netty-handler/4.1.86.Final/netty-handler-4.1.86.Final.jar:/home/runner/.m2/repository/org/apache/ozone/hdds-hadoop-dependency-test/1.4.0-SNAPSHOT/hdds-hadoop-dependency-test-1.4.0-SNAPSHOT.jar:/home/runner/.m2/repository/org/apache/hadoop/hadoop-common/3.3.4/hadoop-common-3.3.4-tests.jar:/home/runner/.m2/repository/org/apache/hadoop/hadoop-hdfs/3.3.4/hadoop-hdfs-3.3.4-tests.jar:/home/runner/.m2/repository/org/assertj/assertj-core/3.12.2/assertj-core-3.12.2.jar:/home/runner/.m2/repository/org/apache/hadoop/hadoop-distcp/3.3.4/hadoop-distcp-3.3.4.jar:/home/runner/.m2/repository/org/apache/hadoop/hadoop-mapreduce-client-jobclient/3.3.4/hadoop-mapreduce-client-jobclient-3.3.4.jar:/home/runner/.m2/repository/org/apache/hadoop/hadoop-mapreduce-client-common/3.3.4/hadoop-mapreduce-client-common-3.3.4.jar:/home/runner/.m2/repository/org/apache/hadoop/hadoop-yarn-common/3.3.4/hadoop-yarn-common-3.3.4.jar:/home/runner/.m2/repository/org/apache/hadoop/hadoop-yarn-api/3.3.4/hadoop-yarn-api-3.3.4.jar:/home/runner/.m2/repository/com/sun/jersey/contribs/jersey-guice/1.19/jersey-guice-1.19.jar:/home/runner/.m2/repository/com/fasterxml/jackson/jaxrs/jackson-jaxrs-json-provider/2.13.4/jackson-jaxrs-json-provider-2.13.4.jar:/home/runner/.m2/repository/com/fasterxml/jackson/jaxrs/jackson-jaxrs-base/2.13.4/jackson-jaxrs-base-2.13.4.jar:/home/runner/.m2/repository/org/apache/hadoop/hadoop-yarn-client/3.3.4/hadoop-yarn-client-3.3.4.jar:/home/runner/.m2/repository/org/eclipse/jetty/websocket/websocket-client/9.4.43.v20210629/websocket-client-9.4.43.v20210629.jar:/home/runner/.m2/repository/org/eclipse/jetty/websocket/websocket-common/9.4.43.v20210629/websocket-common-9.4.43.v20210629.jar:/home/runner/.m2/repository/org/eclipse/jetty/websocket/websocket-api/9.4.43.v20210629/websocket-api-9.4.43.v20210629.jar:/home/runner/.m2/repository/org/jline/jline/3.9.0/jline-3.9.0.jar:/home/runner/.m2/repository/org/apache/hadoop/hadoop-mapreduce-client-core/3.3.4/hadoop-mapreduce-client-core-3.3.4.jar:/home/runner/.m2/repository/org/apache/avro/avro/1.7.7/avro-1.7.7.jar:/home/runner/.m2/repository/org/codehaus/jackson/jackson-core-asl/1.9.13/jackson-core-asl-1.9.13.jar:/home/runner/.m2/repository/org/codehaus/jackson/jackson-mapper-asl/1.9.13/jackson-mapper-asl-1.9.13.jar:/home/runner/.m2/repository/com/thoughtworks/paranamer/paranamer/2.3/paranamer-2.3.jar:/home/runner/.m2/repository/org/apache/hadoop/hadoop-annotations/3.3.4/hadoop-annotations-3.3.4.jar:/usr/lib/jvm/temurin-8-jdk-amd64/jre/../lib/tools.jar:/home/runner/.m2/repository/io/netty/netty/3.10.6.Final/netty-3.10.6.Final.jar:/home/runner/.m2/repository/org/apache/hadoop/hadoop-distcp/3.3.4/hadoop-distcp-3.3.4-tests.jar:/home/runner/.m2/repository/org/slf4j/jul-to-slf4j/1.7.36/jul-to-slf4j-1.7.36.jar:"/>
    <property name="sun.cpu.endian" value="little"/>
    <property name="user.home" value="/home/runner"/>
    <property name="user.language" value="en"/>
    <property name="java.specification.vendor" value="Oracle Corporation"/>
    <property name="java.home" value="/usr/lib/jvm/temurin-8-jdk-amd64/jre"/>
    <property name="java.security.krb5.conf" value="/home/runner/work/ozone/ozone/hadoop-ozone/integration-test/target/test-classes/krb5.conf"/>
    <property name="basedir" value="/home/runner/work/ozone/ozone/hadoop-ozone/integration-test"/>
    <property name="file.separator" value="/"/>
    <property name="line.separator" value="&#10;"/>
    <property name="java.vm.specification.vendor" value="Oracle Corporation"/>
    <property name="java.specification.name" value="Java Platform API Specification"/>
    <property name="java.awt.graphicsenv" value="sun.awt.X11GraphicsEnvironment"/>
    <property name="skip.installnpx" value="true"/>
    <property name="surefire.real.class.path" value="/home/runner/work/ozone/ozone/hadoop-ozone/integration-test/target/surefire/surefirebooter7846083985582168626.jar:/home/runner/.m2/repository/org/jacoco/org.jacoco.agent/0.8.5/org.jacoco.agent-0.8.5-runtime.jar"/>
    <property name="hadoop.log.dir" value="/home/runner/work/ozone/ozone/hadoop-ozone/integration-test/target/log"/>
    <property name="sun.boot.class.path" value="/usr/lib/jvm/temurin-8-jdk-amd64/jre/lib/resources.jar:/usr/lib/jvm/temurin-8-jdk-amd64/jre/lib/rt.jar:/usr/lib/jvm/temurin-8-jdk-amd64/jre/lib/sunrsasign.jar:/usr/lib/jvm/temurin-8-jdk-amd64/jre/lib/jsse.jar:/usr/lib/jvm/temurin-8-jdk-amd64/jre/lib/jce.jar:/usr/lib/jvm/temurin-8-jdk-amd64/jre/lib/charsets.jar:/usr/lib/jvm/temurin-8-jdk-amd64/jre/lib/jfr.jar:/usr/lib/jvm/temurin-8-jdk-amd64/jre/classes"/>
    <property name="sun.management.compiler" value="HotSpot 64-Bit Tiered Compilers"/>
    <property name="skip.npx" value="true"/>
    <property name="java.runtime.version" value="1.8.0_352-b08"/>
    <property name="java.net.preferIPv4Stack" value="true"/>
    <property name="user.name" value="runner"/>
    <property name="path.separator" value=":"/>
    <property name="java.security.egd" value="file:///dev/urandom"/>
    <property name="os.version" value="5.15.0-1031-azure"/>
    <property name="java.endorsed.dirs" value="/usr/lib/jvm/temurin-8-jdk-amd64/jre/lib/endorsed"/>
    <property name="java.runtime.name" value="OpenJDK Runtime Environment"/>
    <property name="file.encoding" value="UTF-8"/>
    <property name="java.vm.name" value="OpenJDK 64-Bit Server VM"/>
    <property name="test.build.webapps" value=""/>
    <property name="localRepository" value="/home/runner/.m2/repository"/>
    <property name="jetty.git.hash" value="4231a3b2e4cb8548a412a789936d640a97b1aa0a"/>
    <property name="java.vendor.url.bug" value="https://github.com/adoptium/adoptium-support/issues"/>
    <property name="java.io.tmpdir" value="/tmp"/>
    <property name="require.test.libhadoop" value=""/>
    <property name="java.version" value="1.8.0_352"/>
    <property name="user.dir" value="/home/runner/work/ozone/ozone/hadoop-ozone/integration-test"/>
    <property name="os.arch" value="amd64"/>
    <property name="java.vm.specification.name" value="Java Virtual Machine Specification"/>
    <property name="test.build.classes" value="/home/runner/work/ozone/ozone/hadoop-ozone/integration-test/target/test-classes"/>
    <property name="java.awt.printerjob" value="sun.print.PSPrinterJob"/>
    <property name="sun.os.patch.level" value="unknown"/>
    <property name="org.apache.ratis.thirdparty.io.netty.allocator.useCacheForAllThreads" value="false"/>
    <property name="hadoop.tmp.dir" value="/home/runner/work/ozone/ozone/hadoop-ozone/integration-test/target/tmp"/>
    <property name="java.library.path" value="/usr/java/packages/lib/amd64:/usr/lib64:/lib64:/lib:/usr/lib"/>
    <property name="java.vm.info" value="mixed mode"/>
    <property name="java.vendor" value="Temurin"/>
    <property name="java.vm.version" value="25.352-b08"/>
    <property name="java.specification.maintenance.version" value="4"/>
    <property name="java.ext.dirs" value="/usr/lib/jvm/temurin-8-jdk-amd64/jre/lib/ext:/usr/java/packages/lib/ext"/>
    <property name="sun.io.unicode.encoding" value="UnicodeLittle"/>
    <property name="java.class.version" value="52.0"/>
  </properties>
  <testcase name="testFlushChunk" classname="org.apache.hadoop.ozone.client.rpc.TestBlockOutputStreamFlushDelay" time="0.943">
    <system-out><![CDATA[2023-02-01 19:03:57,170 [main] WARN  server.ServerUtils (ServerUtils.java:getScmDbDir(148)) - ozone.scm.db.dirs is not configured. We recommend adding this setting. Falling back to ozone.metadata.dirs instead.
2023-02-01 19:03:57,263 [main] WARN  server.ServerUtils (ServerUtils.java:getScmDbDir(148)) - ozone.scm.db.dirs is not configured. We recommend adding this setting. Falling back to ozone.metadata.dirs instead.
2023-02-01 19:03:57,267 [main] INFO  ha.SCMHANodeDetails (SCMHANodeDetails.java:loadSCMHAConfig(209)) - ServiceID for StorageContainerManager is null
2023-02-01 19:03:57,278 [main] WARN  ha.SCMHANodeDetails (SCMHANodeDetails.java:validateSCMHAConfig(182)) - Invalid config ozone.scm.ratis.enable. The config was not specified, but the default value true conflicts with the expected config value false. Falling back to the expected value. Current State of SCM: SCM is running in Non-HA without Ratis Ratis SCM -> Non Ratis SCM or Non HA SCM -> HA SCM is not supported
2023-02-01 19:03:57,278 [main] INFO  ha.SCMHANodeDetails (SCMHANodeDetails.java:loadSCMHAConfig(214)) - ozone.scm.default.service.id is not defined, falling back to ozone.scm.service.ids to find serviceID for StorageContainerManager if it is HA enabled cluster
2023-02-01 19:03:57,705 [main] WARN  utils.HAUtils (HAUtils.java:getMetaDir(342)) - ozone.scm.db.dirs is not configured. We recommend adding this setting. Falling back to ozone.metadata.dirs instead.
2023-02-01 19:03:57,855 [main] WARN  db.DBStoreBuilder (DBStoreBuilder.java:applyDBDefinition(144)) - ozone.scm.db.dirs is not configured. We recommend adding this setting. Falling back to ozone.metadata.dirs instead.
2023-02-01 19:03:58,120 [main] INFO  net.NodeSchemaLoader (NodeSchemaLoader.java:loadSchemaFromFile(129)) - Loading schema from [jar:file:/home/runner/.m2/repository/org/apache/ozone/hdds-common/1.4.0-SNAPSHOT/hdds-common-1.4.0-SNAPSHOT.jar!/network-topology-default.xml]
2023-02-01 19:03:58,122 [main] INFO  net.NodeSchemaLoader (NodeSchemaLoader.java:loadSchema(176)) - Loading network topology layer schema file
2023-02-01 19:03:58,162 [main] INFO  metrics.MetricRegistries (MetricRegistriesLoader.java:load(64)) - Loaded MetricRegistries class org.apache.ratis.metrics.impl.MetricRegistriesImpl
2023-02-01 19:03:58,166 [main] INFO  upgrade.AbstractLayoutVersionManager (AbstractLayoutVersionManager.java:init(83)) - Initializing Layout version manager with metadata layout = DATANODE_SCHEMA_V3 (version = 4), software layout = DATANODE_SCHEMA_V3 (version = 4)
2023-02-01 19:03:58,351 [main] INFO  reflections.Reflections (Reflections.java:scan(232)) - Reflections took 121 ms to scan 7 urls, producing 149 keys and 361 values 
2023-02-01 19:03:58,446 [main] INFO  ha.SequenceIdGenerator (SequenceIdGenerator.java:upgradeToSequenceId(349)) - upgrade localId to 111677748019200000
2023-02-01 19:03:58,446 [main] INFO  ha.SequenceIdGenerator (SequenceIdGenerator.java:upgradeToSequenceId(359)) - upgrade delTxnId to 0
2023-02-01 19:03:58,450 [main] INFO  ha.SequenceIdGenerator (SequenceIdGenerator.java:upgradeToSequenceId(376)) - upgrade containerId to 0
2023-02-01 19:03:58,452 [main] INFO  ha.SequenceIdGenerator (SequenceIdGenerator.java:<init>(220)) - Init the HA SequenceIdGenerator.
2023-02-01 19:03:58,507 [main] INFO  node.SCMNodeManager (SCMNodeManager.java:<init>(149)) - Entering startup safe mode.
2023-02-01 19:03:58,562 [main] INFO  algorithms.ContainerPlacementPolicyFactory (ContainerPlacementPolicyFactory.java:getPolicyInternal(86)) - Create container placement policy of type org.apache.hadoop.hdds.scm.container.placement.algorithms.SCMContainerPlacementRandom
2023-02-01 19:03:58,566 [main] INFO  algorithms.ContainerPlacementPolicyFactory (ContainerPlacementPolicyFactory.java:getPolicyInternal(86)) - Create container placement policy of type org.apache.hadoop.hdds.scm.container.placement.algorithms.SCMContainerPlacementRackScatter
2023-02-01 19:03:58,584 [main] INFO  pipeline.PipelineStateManagerImpl (PipelineStateManagerImpl.java:initialize(78)) - No pipeline exists in current db
2023-02-01 19:03:58,618 [main] INFO  algorithms.LeaderChoosePolicyFactory (LeaderChoosePolicyFactory.java:getPolicy(57)) - Create leader choose policy of type org.apache.hadoop.hdds.scm.pipeline.leader.choose.algorithms.MinLeaderCountChoosePolicy
2023-02-01 19:03:58,619 [main] INFO  algorithms.ContainerPlacementPolicyFactory (ContainerPlacementPolicyFactory.java:getPolicyInternal(86)) - Create container placement policy of type org.apache.hadoop.hdds.scm.container.placement.algorithms.SCMContainerPlacementRackScatter
2023-02-01 19:03:58,624 [main] INFO  ha.SCMServiceManager (SCMServiceManager.java:register(42)) - Registering service BackgroundPipelineCreator.
2023-02-01 19:03:58,625 [main] INFO  pipeline.BackgroundPipelineCreator (BackgroundPipelineCreator.java:start(124)) - Starting RatisPipelineUtilsThread.
2023-02-01 19:03:58,628 [main] INFO  BackgroundPipelineScrubber (BackgroundSCMService.java:start(68)) - Starting BackgroundPipelineScrubber Service.
2023-02-01 19:03:58,629 [main] INFO  ha.SCMServiceManager (SCMServiceManager.java:register(42)) - Registering service BackgroundPipelineScrubber.
2023-02-01 19:03:58,636 [main] INFO  ExpiredContainerReplicaOpScrubber (BackgroundSCMService.java:start(68)) - Starting ExpiredContainerReplicaOpScrubber Service.
2023-02-01 19:03:58,637 [main] INFO  ha.SCMServiceManager (SCMServiceManager.java:register(42)) - Registering service ExpiredContainerReplicaOpScrubber.
2023-02-01 19:03:58,675 [main] INFO  algorithms.PipelineChoosePolicyFactory (PipelineChoosePolicyFactory.java:createPipelineChoosePolicyFromClass(73)) - Create pipeline choose policy of type org.apache.hadoop.hdds.scm.pipeline.choose.algorithms.RandomPipelineChoosePolicy
2023-02-01 19:03:58,691 [main] INFO  ha.SCMServiceManager (SCMServiceManager.java:register(42)) - Registering service SCMBlockDeletingService.
2023-02-01 19:03:58,742 [main] INFO  replication.ReplicationManager (ReplicationManager.java:start(263)) - Starting Replication Monitor Thread.
2023-02-01 19:03:58,750 [main] INFO  ha.SCMServiceManager (SCMServiceManager.java:register(42)) - Registering service ReplicationManager.
2023-02-01 19:03:58,752 [ReplicationMonitor] INFO  replication.ReplicationManager (ReplicationManager.java:processAll(334)) - Replication Manager is not ready to run until 3000ms after safemode exit
2023-02-01 19:03:58,759 [main] INFO  safemode.ContainerSafeModeRule (ContainerSafeModeRule.java:<init>(89)) - containers with one replica threshold count 0
2023-02-01 19:03:58,763 [main] INFO  safemode.HealthyPipelineSafeModeRule (HealthyPipelineSafeModeRule.java:initializeRule(169)) - Total pipeline count is 0, healthy pipeline threshold count is 1
2023-02-01 19:03:58,765 [main] INFO  safemode.OneReplicaPipelineSafeModeRule (OneReplicaPipelineSafeModeRule.java:initializeRule(180)) - Total pipeline count is 0, pipeline's with at least one datanode reported threshold count is 0
2023-02-01 19:03:59,073 [main] INFO  audit.AuditLogger (AuditLogger.java:refreshDebugCmdSet(126)) - Refresh DebugCmdSet for SCMAudit to [].
2023-02-01 19:03:59,102 [main] INFO  ipc.CallQueueManager (CallQueueManager.java:<init>(90)) - Using callQueue: class java.util.concurrent.LinkedBlockingQueue, queueCapacity: 2000, scheduler: class org.apache.hadoop.ipc.DefaultRpcScheduler, ipcBackoff: false.
2023-02-01 19:03:59,138 [Socket Reader #1 for port 0] INFO  ipc.Server (Server.java:run(1273)) - Starting Socket Reader #1 for port 0
2023-02-01 19:03:59,199 [Listener at 0.0.0.0/46109] INFO  audit.AuditLogger (AuditLogger.java:refreshDebugCmdSet(126)) - Refresh DebugCmdSet for SCMAudit to [].
2023-02-01 19:03:59,204 [Listener at 0.0.0.0/46109] INFO  ipc.CallQueueManager (CallQueueManager.java:<init>(90)) - Using callQueue: class java.util.concurrent.LinkedBlockingQueue, queueCapacity: 2000, scheduler: class org.apache.hadoop.ipc.DefaultRpcScheduler, ipcBackoff: false.
2023-02-01 19:03:59,205 [Socket Reader #1 for port 0] INFO  ipc.Server (Server.java:run(1273)) - Starting Socket Reader #1 for port 0
2023-02-01 19:03:59,236 [Listener at 0.0.0.0/35851] INFO  audit.AuditLogger (AuditLogger.java:refreshDebugCmdSet(126)) - Refresh DebugCmdSet for SCMAudit to [].
2023-02-01 19:03:59,247 [Listener at 0.0.0.0/35851] INFO  ipc.CallQueueManager (CallQueueManager.java:<init>(90)) - Using callQueue: class java.util.concurrent.LinkedBlockingQueue, queueCapacity: 2000, scheduler: class org.apache.hadoop.ipc.DefaultRpcScheduler, ipcBackoff: false.
2023-02-01 19:03:59,249 [Socket Reader #1 for port 0] INFO  ipc.Server (Server.java:run(1273)) - Starting Socket Reader #1 for port 0
2023-02-01 19:03:59,294 [Listener at 0.0.0.0/37869] INFO  ha.SCMServiceManager (SCMServiceManager.java:register(42)) - Registering service ContainerBalancer.
2023-02-01 19:03:59,297 [Listener at 0.0.0.0/37869] INFO  server.StorageContainerManager (StorageContainerManager.java:<init>(401)) - 
Container Balancer status:
Key                            Value
Running                        true
Container Balancer Configuration values:
Key                                                Value
Threshold                                          10
Max Datanodes to Involve per Iteration(percent)    20
Max Size to Move per Iteration                     500GB
Max Size Entering Target per Iteration             26GB
Max Size Leaving Source per Iteration              26GB

2023-02-01 19:03:59,298 [Listener at 0.0.0.0/37869] INFO  ha.SCMContext (SCMContext.java:updateSafeModeStatus(228)) - Update SafeModeStatus from SafeModeStatus{safeModeStatus=true, preCheckPassed=false} to SafeModeStatus{safeModeStatus=true, preCheckPassed=false}.
2023-02-01 19:03:59,301 [Listener at 0.0.0.0/37869] INFO  server.StorageContainerManager (StorageContainerManager.java:start(1440)) - StorageContainerLocationProtocol RPC server is listening at /0.0.0.0:37869
2023-02-01 19:03:59,390 [Listener at 0.0.0.0/37869] WARN  impl.MetricsConfig (MetricsConfig.java:loadFirst(136)) - Cannot locate configuration: tried hadoop-metrics2-storagecontainermanager.properties,hadoop-metrics2.properties
2023-02-01 19:03:59,402 [Listener at 0.0.0.0/37869] INFO  impl.MetricsSystemImpl (MetricsSystemImpl.java:startTimer(378)) - Scheduled Metric snapshot period at 10 second(s).
2023-02-01 19:03:59,403 [Listener at 0.0.0.0/37869] INFO  impl.MetricsSystemImpl (MetricsSystemImpl.java:start(191)) - StorageContainerManager metrics system started
2023-02-01 19:03:59,733 [Listener at 0.0.0.0/37869] INFO  server.SCMClientProtocolServer (SCMClientProtocolServer.java:start(170)) - RPC server for Client  is listening at /0.0.0.0:37869
2023-02-01 19:03:59,733 [IPC Server Responder] INFO  ipc.Server (Server.java:run(1512)) - IPC Server Responder: starting
2023-02-01 19:03:59,735 [IPC Server listener on 0] INFO  ipc.Server (Server.java:run(1352)) - IPC Server listener on 0: starting
2023-02-01 19:03:59,738 [Listener at 0.0.0.0/37869] INFO  server.StorageContainerManager (StorageContainerManager.java:start(1454)) - ScmBlockLocationProtocol RPC server is listening at /0.0.0.0:35851
2023-02-01 19:03:59,739 [Listener at 0.0.0.0/37869] INFO  server.SCMBlockProtocolServer (SCMBlockProtocolServer.java:start(152)) - RPC server for Block Protocol is listening at /0.0.0.0:35851
2023-02-01 19:03:59,739 [IPC Server Responder] INFO  ipc.Server (Server.java:run(1512)) - IPC Server Responder: starting
2023-02-01 19:03:59,739 [IPC Server listener on 0] INFO  ipc.Server (Server.java:run(1352)) - IPC Server listener on 0: starting
2023-02-01 19:03:59,742 [Listener at 0.0.0.0/37869] INFO  server.SCMDatanodeProtocolServer (SCMDatanodeProtocolServer.java:start(194)) - ScmDatanodeProtocol RPC server for DataNodes is listening at /0.0.0.0:46109
2023-02-01 19:03:59,743 [IPC Server Responder] INFO  ipc.Server (Server.java:run(1512)) - IPC Server Responder: starting
2023-02-01 19:03:59,744 [IPC Server listener on 0] INFO  ipc.Server (Server.java:run(1352)) - IPC Server listener on 0: starting
2023-02-01 19:03:59,765 [org.apache.hadoop.util.JvmPauseMonitor$Monitor@7e69bf78] INFO  util.JvmPauseMonitor (JvmPauseMonitor.java:run(188)) - Starting JVM pause monitor
2023-02-01 19:03:59,779 [Listener at 0.0.0.0/37869] INFO  http.BaseHttpServer (BaseHttpServer.java:newHttpServer2BuilderForOzone(213)) - Starting Web-server for scm at: http://0.0.0.0:0
2023-02-01 19:03:59,779 [Listener at 0.0.0.0/37869] INFO  http.BaseHttpServer (BaseHttpServer.java:<init>(108)) - Hadoop Security Enabled: false Ozone Security Enabled: false Ozone HTTP Security Enabled: false 
2023-02-01 19:03:59,807 [Listener at 0.0.0.0/37869] INFO  util.log (Log.java:initialized(170)) - Logging initialized @4003ms to org.eclipse.jetty.util.log.Slf4jLog
2023-02-01 19:03:59,917 [Listener at 0.0.0.0/37869] WARN  server.AuthenticationFilter (AuthenticationFilter.java:constructSecretProvider(240)) - Unable to initialize FileSignerSecretProvider, falling back to use random secrets. Reason: Could not read signature secret file: /home/runner/hadoop-http-auth-signature-secret
2023-02-01 19:03:59,923 [Listener at 0.0.0.0/37869] WARN  http.HttpRequestLog (HttpRequestLog.java:getRequestLog(103)) - Jetty request log can only be enabled using Log4j
2023-02-01 19:03:59,929 [Listener at 0.0.0.0/37869] INFO  http.HttpServer2 (HttpServer2.java:addGlobalFilter(1031)) - Added global filter 'safety' (class=org.apache.hadoop.hdds.server.http.HttpServer2$QuotingInputFilter)
2023-02-01 19:03:59,931 [Listener at 0.0.0.0/37869] INFO  http.HttpServer2 (HttpServer2.java:addFilter(1007)) - Added filter static_user_filter (class=org.apache.hadoop.http.lib.StaticUserWebFilter$StaticUserFilter) to context scm
2023-02-01 19:03:59,931 [Listener at 0.0.0.0/37869] INFO  http.HttpServer2 (HttpServer2.java:addFilter(1015)) - Added filter static_user_filter (class=org.apache.hadoop.http.lib.StaticUserWebFilter$StaticUserFilter) to context static
2023-02-01 19:03:59,931 [Listener at 0.0.0.0/37869] INFO  http.HttpServer2 (HttpServer2.java:addFilter(1015)) - Added filter static_user_filter (class=org.apache.hadoop.http.lib.StaticUserWebFilter$StaticUserFilter) to context logs
2023-02-01 19:03:59,972 [Listener at 0.0.0.0/37869] INFO  http.HttpServer2 (HttpServer2.java:bindListener(1250)) - Jetty bound to port 41173
2023-02-01 19:03:59,973 [Listener at 0.0.0.0/37869] INFO  server.Server (Server.java:doStart(375)) - jetty-9.4.49.v20220914; built: 2022-09-14T01:07:36.601Z; git: 4231a3b2e4cb8548a412a789936d640a97b1aa0a; jvm 1.8.0_352-b08
2023-02-01 19:04:00,004 [Listener at 0.0.0.0/37869] INFO  server.session (DefaultSessionIdManager.java:doStart(334)) - DefaultSessionIdManager workerName=node0
2023-02-01 19:04:00,004 [Listener at 0.0.0.0/37869] INFO  server.session (DefaultSessionIdManager.java:doStart(339)) - No SessionScavenger set, using defaults
2023-02-01 19:04:00,006 [Listener at 0.0.0.0/37869] INFO  server.session (HouseKeeper.java:startScavenging(132)) - node0 Scavenging every 600000ms
2023-02-01 19:04:00,023 [Listener at 0.0.0.0/37869] INFO  handler.ContextHandler (ContextHandler.java:doStart(921)) - Started o.e.j.s.ServletContextHandler@85eba52{logs,/logs,file:///home/runner/work/ozone/ozone/hadoop-ozone/integration-test/target/log,AVAILABLE}
2023-02-01 19:04:00,024 [Listener at 0.0.0.0/37869] INFO  handler.ContextHandler (ContextHandler.java:doStart(921)) - Started o.e.j.s.ServletContextHandler@13edc1bc{static,/static,file:///home/runner/work/ozone/ozone/hadoop-ozone/integration-test/target/test-classes/webapps/static,AVAILABLE}
2023-02-01 19:04:00,072 [Listener at 0.0.0.0/37869] INFO  handler.ContextHandler (ContextHandler.java:doStart(921)) - Started o.e.j.w.WebAppContext@cce672c{scm,/,file:///home/runner/work/ozone/ozone/hadoop-ozone/integration-test/target/test-classes/webapps/scm/,AVAILABLE}{file:/home/runner/work/ozone/ozone/hadoop-ozone/integration-test/target/test-classes/webapps/scm}
2023-02-01 19:04:00,082 [Listener at 0.0.0.0/37869] INFO  server.AbstractConnector (AbstractConnector.java:doStart(333)) - Started ServerConnector@73839f22{HTTP/1.1, (http/1.1)}{0.0.0.0:41173}
2023-02-01 19:04:00,083 [Listener at 0.0.0.0/37869] INFO  server.Server (Server.java:doStart(415)) - Started @4279ms
2023-02-01 19:04:00,085 [Listener at 0.0.0.0/37869] INFO  impl.MetricsSinkAdapter (MetricsSinkAdapter.java:start(204)) - Sink prometheus started
2023-02-01 19:04:00,085 [Listener at 0.0.0.0/37869] INFO  impl.MetricsSystemImpl (MetricsSystemImpl.java:registerSink(305)) - Registered sink prometheus
2023-02-01 19:04:00,086 [Listener at 0.0.0.0/37869] INFO  http.BaseHttpServer (BaseHttpServer.java:updateConnectorAddress(333)) - HTTP server of scm listening at http://0.0.0.0:41173
2023-02-01 19:04:00,088 [Listener at 0.0.0.0/37869] WARN  server.ServerUtils (ServerUtils.java:getDBPath(225)) - ozone.om.db.dirs is not configured. We recommend adding this setting. Falling back to ozone.metadata.dirs instead.
2023-02-01 19:04:00,155 [Listener at 0.0.0.0/37869] INFO  audit.AuditLogger (AuditLogger.java:refreshDebugCmdSet(126)) - Refresh DebugCmdSet for OMAudit to [].
2023-02-01 19:04:00,248 [Listener at 0.0.0.0/37869] INFO  ha.OMHANodeDetails (OMHANodeDetails.java:loadOMHAConfig(115)) - ozone.om.internal.service.id is not defined, falling back to ozone.om.service.ids to find serviceID for OzoneManager if it is HA enabled cluster
2023-02-01 19:04:00,255 [Listener at 0.0.0.0/37869] INFO  ha.OMHANodeDetails (OMHANodeDetails.java:loadOMHAConfig(226)) - Configuration does not have ozone.om.address set. Falling back to the default OM address /127.0.0.1:0
2023-02-01 19:04:00,256 [Listener at 0.0.0.0/37869] INFO  ha.OMHANodeDetails (OMHANodeDetails.java:getOMNodeDetailsForNonHA(254)) - OM Service ID is not set. Setting it to the default ID: omServiceIdDefault
2023-02-01 19:04:00,256 [Listener at 0.0.0.0/37869] INFO  ha.OMHANodeDetails (OMHANodeDetails.java:getOMNodeDetailsForNonHA(261)) - OM Node ID is not set. Setting it to the default ID: om1
2023-02-01 19:04:00,263 [Listener at 0.0.0.0/37869] WARN  server.ServerUtils (ServerUtils.java:getDBPath(225)) - ozone.om.db.dirs is not configured. We recommend adding this setting. Falling back to ozone.metadata.dirs instead.
2023-02-01 19:04:00,266 [Listener at 0.0.0.0/37869] INFO  upgrade.AbstractLayoutVersionManager (AbstractLayoutVersionManager.java:init(83)) - Initializing Layout version manager with metadata layout = MULTITENANCY_SCHEMA (version = 3), software layout = MULTITENANCY_SCHEMA (version = 3)
2023-02-01 19:04:00,340 [Listener at 0.0.0.0/37869] INFO  reflections.Reflections (Reflections.java:scan(232)) - Reflections took 69 ms to scan 2 urls, producing 155 keys and 428 values [using 2 cores]
2023-02-01 19:04:00,345 [Listener at 0.0.0.0/37869] INFO  upgrade.OMLayoutVersionManager (OMLayoutVersionManager.java:lambda$0(115)) - Skipping Upgrade Action MockOmUpgradeAction since it has been finalized.
2023-02-01 19:04:00,346 [Listener at 0.0.0.0/37869] WARN  server.ServerUtils (ServerUtils.java:getDBPath(225)) - ozone.om.db.dirs is not configured. We recommend adding this setting. Falling back to ozone.metadata.dirs instead.
2023-02-01 19:04:00,515 [Listener at 0.0.0.0/37869] INFO  proxy.SCMBlockLocationFailoverProxyProvider (SCMBlockLocationFailoverProxyProvider.java:<init>(114)) - Created block location fail-over proxy with 1 nodes: [nodeId=scmNodeId,nodeAddress=/0.0.0.0:35851]
2023-02-01 19:04:00,548 [Listener at 0.0.0.0/37869] INFO  proxy.SCMBlockLocationFailoverProxyProvider (SCMBlockLocationFailoverProxyProvider.java:<init>(114)) - Created block location fail-over proxy with 1 nodes: [nodeId=scmNodeId,nodeAddress=/0.0.0.0:35851]
2023-02-01 19:04:00,736 [Listener at 0.0.0.0/37869] WARN  server.ServerUtils (ServerUtils.java:getDBPath(225)) - ozone.om.db.dirs is not configured. We recommend adding this setting. Falling back to ozone.metadata.dirs instead.
2023-02-01 19:04:00,743 [Listener at 0.0.0.0/37869] INFO  codec.OmKeyInfoCodec (OmKeyInfoCodec.java:<init>(49)) - OmKeyInfoCodec ignorePipeline = true
2023-02-01 19:04:00,745 [Listener at 0.0.0.0/37869] INFO  codec.RepeatedOmKeyInfoCodec (RepeatedOmKeyInfoCodec.java:<init>(41)) - RepeatedOmKeyInfoCodec ignorePipeline = true
2023-02-01 19:04:00,917 [Listener at 0.0.0.0/37869] INFO  om.OzoneManager (OzoneManager.java:instantiateServices(728)) - S3 Multi-Tenancy is disabled
2023-02-01 19:04:01,031 [Listener at 0.0.0.0/37869] INFO  om.OzoneManager (OzoneManager.java:addS3GVolumeToDB(4320)) - Created Volume s3v With Owner runner required for S3Gateway operations.
2023-02-01 19:04:01,095 [Listener at 0.0.0.0/37869] WARN  server.ServerUtils (ServerUtils.java:getDefaultRatisDirectory(237)) - Storage directory for Ratis is not configured. It is a good idea to map this to an SSD disk. Falling back to ozone.metadata.dirs
2023-02-01 19:04:01,097 [Listener at 0.0.0.0/37869] WARN  utils.OzoneManagerRatisUtils (OzoneManagerRatisUtils.java:getOMRatisSnapshotDirectory(431)) - ozone.om.ratis.snapshot.dir is not configured. Falling back to ozone.metadata.dirs config
2023-02-01 19:04:01,116 [Listener at 0.0.0.0/37869] WARN  server.ServerUtils (ServerUtils.java:getDefaultRatisDirectory(237)) - Storage directory for Ratis is not configured. It is a good idea to map this to an SSD disk. Falling back to ozone.metadata.dirs
2023-02-01 19:04:01,157 [Listener at 0.0.0.0/37869] INFO  ratis.OzoneManagerRatisServer (OzoneManagerRatisServer.java:<init>(160)) - Instantiating OM Ratis server with groupID: omServiceIdDefault and peers: localhost:9872
2023-02-01 19:04:01,167 [Listener at 0.0.0.0/37869] INFO  ratis.OzoneManagerStateMachine (OzoneManagerStateMachine.java:loadSnapshotInfoFromDB(636)) - LastAppliedIndex is set from TransactionInfo from OM DB as (t:0, i:~)
2023-02-01 19:04:01,226 [Listener at 0.0.0.0/37869] INFO  server.RaftServer (ConfUtils.java:logGet(46)) - raft.rpc.type = GRPC (default)
2023-02-01 19:04:01,303 [Listener at 0.0.0.0/37869] INFO  grpc.GrpcConfigKeys (ConfUtils.java:logFallback(53)) - raft.grpc.admin.host = null (fallback to raft.grpc.server.host)
2023-02-01 19:04:01,306 [Listener at 0.0.0.0/37869] INFO  grpc.GrpcConfigKeys (ConfUtils.java:logFallback(53)) - raft.grpc.admin.port = 9872 (fallback to raft.grpc.server.port)
2023-02-01 19:04:01,307 [Listener at 0.0.0.0/37869] INFO  grpc.GrpcConfigKeys (ConfUtils.java:logFallback(53)) - raft.grpc.client.host = null (fallback to raft.grpc.server.host)
2023-02-01 19:04:01,307 [Listener at 0.0.0.0/37869] INFO  grpc.GrpcConfigKeys (ConfUtils.java:logFallback(53)) - raft.grpc.client.port = 9872 (fallback to raft.grpc.server.port)
2023-02-01 19:04:01,307 [Listener at 0.0.0.0/37869] INFO  grpc.GrpcConfigKeys (ConfUtils.java:logGet(46)) - raft.grpc.server.host = null (default)
2023-02-01 19:04:01,308 [Listener at 0.0.0.0/37869] INFO  grpc.GrpcConfigKeys (ConfUtils.java:logGet(46)) - raft.grpc.server.port = 9872 (custom)
2023-02-01 19:04:01,308 [Listener at 0.0.0.0/37869] INFO  server.GrpcService (ConfUtils.java:logGet(46)) - raft.grpc.message.size.max = 33554432 (custom)
2023-02-01 19:04:01,311 [Listener at 0.0.0.0/37869] INFO  server.RaftServerConfigKeys (ConfUtils.java:logGet(46)) - raft.server.log.appender.buffer.byte-limit = 33554432 (custom)
2023-02-01 19:04:01,311 [Listener at 0.0.0.0/37869] INFO  server.GrpcService (ConfUtils.java:logGet(46)) - raft.grpc.flow.control.window = 1MB (=1048576) (default)
2023-02-01 19:04:01,312 [Listener at 0.0.0.0/37869] INFO  server.RaftServerConfigKeys (ConfUtils.java:logGet(46)) - raft.server.rpc.request.timeout = 3000ms (default)
2023-02-01 19:04:01,326 [Listener at 0.0.0.0/37869] INFO  grpc.GrpcConfigKeys (ConfUtils.java:logGet(46)) - raft.grpc.server.heartbeat.channel = true (default)
2023-02-01 19:04:01,330 [Listener at 0.0.0.0/37869] INFO  grpc.GrpcConfigKeys (ConfUtils.java:logGet(46)) - raft.grpc.server.async.request.thread.pool.cached = true (default)
2023-02-01 19:04:01,332 [Listener at 0.0.0.0/37869] INFO  grpc.GrpcConfigKeys (ConfUtils.java:logGet(46)) - raft.grpc.server.async.request.thread.pool.size = 32 (default)
2023-02-01 19:04:01,561 [Listener at 0.0.0.0/37869] INFO  impl.DataStreamServerImpl (ConfUtils.java:logGet(46)) - raft.datastream.type = NETTY (custom)
2023-02-01 19:04:01,583 [Listener at 0.0.0.0/37869] INFO  server.RaftServerConfigKeys (ConfUtils.java:logGet(46)) - raft.server.data-stream.async.request.thread.pool.cached = false (default)
2023-02-01 19:04:01,583 [Listener at 0.0.0.0/37869] INFO  server.RaftServerConfigKeys (ConfUtils.java:logGet(46)) - raft.server.data-stream.async.request.thread.pool.size = 32 (default)
2023-02-01 19:04:01,584 [Listener at 0.0.0.0/37869] INFO  server.RaftServerConfigKeys (ConfUtils.java:logGet(46)) - raft.server.data-stream.async.write.thread.pool.size = 16 (default)
2023-02-01 19:04:01,585 [Listener at 0.0.0.0/37869] INFO  server.RaftServerConfigKeys (ConfUtils.java:logGet(46)) - raft.server.data-stream.client.pool.size = 10 (default)
2023-02-01 19:04:01,589 [Listener at 0.0.0.0/37869] INFO  netty.NettyConfigKeys$DataStream (ConfUtils.java:logGet(46)) - raft.netty.dataStream.server.use-epoll = false (default)
2023-02-01 19:04:01,589 [Listener at 0.0.0.0/37869] INFO  netty.NettyConfigKeys$DataStream (ConfUtils.java:logGet(46)) - raft.netty.dataStream.server.boss-group.size = 0 (default)
2023-02-01 19:04:01,596 [Listener at 0.0.0.0/37869] INFO  netty.NettyConfigKeys$DataStream (ConfUtils.java:logGet(46)) - raft.netty.dataStream.server.worker-group.size = 0 (default)
2023-02-01 19:04:01,597 [Listener at 0.0.0.0/37869] INFO  netty.NettyConfigKeys$DataStream (ConfUtils.java:logGet(46)) - raft.netty.dataStream.server.tls.conf = null (default)
2023-02-01 19:04:01,598 [Listener at 0.0.0.0/37869] INFO  netty.NettyConfigKeys$DataStream (ConfUtils.java:logGet(46)) - raft.netty.dataStream.host = null (default)
2023-02-01 19:04:01,599 [Listener at 0.0.0.0/37869] INFO  netty.NettyConfigKeys$DataStream (ConfUtils.java:logGet(46)) - raft.netty.dataStream.port = 0 (default)
2023-02-01 19:04:01,639 [Listener at 0.0.0.0/37869] INFO  server.RaftServerConfigKeys (ConfUtils.java:logGet(46)) - raft.server.threadpool.proxy.cached = true (default)
2023-02-01 19:04:01,639 [Listener at 0.0.0.0/37869] INFO  server.RaftServerConfigKeys (ConfUtils.java:logGet(46)) - raft.server.threadpool.proxy.size = 0 (default)
2023-02-01 19:04:01,640 [Listener at 0.0.0.0/37869] INFO  server.RaftServerConfigKeys (ConfUtils.java:logGet(46)) - raft.server.rpc.slowness.timeout = 120s (custom)
2023-02-01 19:04:01,640 [Listener at 0.0.0.0/37869] INFO  server.RaftServerConfigKeys (ConfUtils.java:logGet(46)) - raft.server.leaderelection.leader.step-down.wait-time = 10s (default)
2023-02-01 19:04:01,643 [Listener at 0.0.0.0/37869] INFO  server.RaftServerConfigKeys (ConfUtils.java:logGet(46)) - raft.server.storage.dir = [/home/runner/work/ozone/ozone/hadoop-ozone/integration-test/target/test-dir/MiniOzoneClusterImpl-74e3824a-f6bc-4c6a-9d81-a3a47ccb7612/ozone-meta/ratis] (custom)
2023-02-01 19:04:01,666 [Listener at 0.0.0.0/37869] INFO  server.RaftServer (RaftServerProxy.java:addNew(96)) - om1: addNew group-C5BA1605619E:[om1|rpc:localhost:9872|priority:0|startupRole:FOLLOWER] returns group-C5BA1605619E:java.util.concurrent.CompletableFuture@2c9cdbc9[Not completed]
2023-02-01 19:04:01,666 [Listener at 0.0.0.0/37869] INFO  om.OzoneManager (OzoneManager.java:initializeRatisServer(2012)) - OzoneManager Ratis server initialized at port 9872
2023-02-01 19:04:01,669 [om1-NettyServerStreamRpc-bossGroup--thread1] INFO  logging.LoggingHandler (AbstractInternalLogger.java:log(148)) - [id: 0x1dfe6716] REGISTERED
2023-02-01 19:04:01,675 [om1-NettyServerStreamRpc-bossGroup--thread1] INFO  logging.LoggingHandler (AbstractInternalLogger.java:log(148)) - [id: 0x1dfe6716] BIND: 0.0.0.0/0.0.0.0:0
2023-02-01 19:04:01,680 [om1-NettyServerStreamRpc-bossGroup--thread1] INFO  logging.LoggingHandler (AbstractInternalLogger.java:log(148)) - [id: 0x1dfe6716, L:/0:0:0:0:0:0:0:0:39495] ACTIVE
2023-02-01 19:04:01,692 [Listener at 0.0.0.0/37869] INFO  om.OzoneManager (OzoneManager.java:getRpcServer(1135)) - Creating RPC Server
2023-02-01 19:04:01,700 [pool-54-thread-1] INFO  server.RaftServer$Division (RaftServerImpl.java:<init>(195)) - om1: new RaftServerImpl for group-C5BA1605619E:[om1|rpc:localhost:9872|priority:0|startupRole:FOLLOWER] with OzoneManagerStateMachine:uninitialized
2023-02-01 19:04:01,704 [pool-54-thread-1] INFO  server.RaftServerConfigKeys (ConfUtils.java:logGet(46)) - raft.server.rpc.timeout.min = 1s (custom)
2023-02-01 19:04:01,706 [pool-54-thread-1] INFO  server.RaftServerConfigKeys (ConfUtils.java:logGet(46)) - raft.server.rpc.timeout.max = 1200ms (custom)
2023-02-01 19:04:01,706 [pool-54-thread-1] INFO  server.RaftServerConfigKeys (ConfUtils.java:logGet(46)) - raft.server.rpc.sleep.time = 25ms (default)
2023-02-01 19:04:01,706 [pool-54-thread-1] INFO  server.RaftServerConfigKeys (ConfUtils.java:logGet(46)) - raft.server.rpc.slowness.timeout = 120s (custom)
2023-02-01 19:04:01,706 [pool-54-thread-1] INFO  server.RaftServerConfigKeys (ConfUtils.java:logGet(46)) - raft.server.leaderelection.leader.step-down.wait-time = 10s (default)
2023-02-01 19:04:01,707 [pool-54-thread-1] INFO  server.RaftServerConfigKeys (ConfUtils.java:logGet(46)) - raft.server.sleep.deviation.threshold = 300ms (default)
2023-02-01 19:04:01,721 [pool-54-thread-1] INFO  server.RaftServer$Division (ServerState.java:<init>(118)) - om1@group-C5BA1605619E: ConfigurationManager, init=-1: peers:[om1|rpc:localhost:9872|priority:0|startupRole:FOLLOWER]|listeners:[], old=null, confs=<EMPTY_MAP>
2023-02-01 19:04:01,722 [pool-54-thread-1] INFO  server.RaftServerConfigKeys (ConfUtils.java:logGet(46)) - raft.server.storage.dir = [/home/runner/work/ozone/ozone/hadoop-ozone/integration-test/target/test-dir/MiniOzoneClusterImpl-74e3824a-f6bc-4c6a-9d81-a3a47ccb7612/ozone-meta/ratis] (custom)
2023-02-01 19:04:01,733 [pool-54-thread-1] INFO  server.RaftServerConfigKeys (ConfUtils.java:logGet(46)) - raft.server.log.corruption.policy = EXCEPTION (default)
2023-02-01 19:04:01,734 [pool-54-thread-1] INFO  server.RaftServerConfigKeys (ConfUtils.java:logGet(46)) - raft.server.storage.free-space.min = 0MB (=0) (default)
2023-02-01 19:04:01,755 [pool-54-thread-1] INFO  server.RaftServerConfigKeys (ConfUtils.java:logGet(46)) - raft.server.notification.no-leader.timeout = 120s (custom)
2023-02-01 19:04:01,760 [pool-54-thread-1] INFO  server.RaftServerConfigKeys (ConfUtils.java:logGet(46)) - raft.server.retrycache.expirytime = 300s (custom)
2023-02-01 19:04:01,760 [pool-54-thread-1] INFO  server.RaftServerConfigKeys (ConfUtils.java:logGet(46)) - raft.server.retrycache.statistics.expirytime = 100μs (default)
2023-02-01 19:04:01,865 [pool-54-thread-1] INFO  server.RaftServerConfigKeys (ConfUtils.java:logGet(46)) - raft.server.log.appender.install.snapshot.enabled = false (custom)
2023-02-01 19:04:01,866 [pool-54-thread-1] INFO  server.RaftServerConfigKeys (ConfUtils.java:logGet(46)) - raft.server.threadpool.server.cached = true (default)
2023-02-01 19:04:01,868 [pool-54-thread-1] INFO  server.RaftServerConfigKeys (ConfUtils.java:logGet(46)) - raft.server.threadpool.server.size = 0 (default)
2023-02-01 19:04:01,870 [pool-54-thread-1] INFO  server.RaftServerConfigKeys (ConfUtils.java:logGet(46)) - raft.server.threadpool.client.cached = true (default)
2023-02-01 19:04:01,870 [pool-54-thread-1] INFO  server.RaftServerConfigKeys (ConfUtils.java:logGet(46)) - raft.server.threadpool.client.size = 0 (default)
2023-02-01 19:04:02,291 [Listener at 0.0.0.0/37869] INFO  reflections.Reflections (Reflections.java:scan(232)) - Reflections took 526 ms to scan 19 urls, producing 67 keys and 4594 values [using 2 cores]
2023-02-01 19:04:02,627 [Listener at 0.0.0.0/37869] INFO  ipc.CallQueueManager (CallQueueManager.java:<init>(90)) - Using callQueue: class java.util.concurrent.LinkedBlockingQueue, queueCapacity: 2000, scheduler: class org.apache.hadoop.ipc.DefaultRpcScheduler, ipcBackoff: false.
2023-02-01 19:04:02,628 [Socket Reader #1 for port 0] INFO  ipc.Server (Server.java:run(1273)) - Starting Socket Reader #1 for port 0
2023-02-01 19:04:02,667 [Listener at 127.0.0.1/34005] INFO  impl.MetricsSystemImpl (MetricsSystemImpl.java:init(158)) - OzoneManager metrics system started (again)
2023-02-01 19:04:02,678 [Listener at 127.0.0.1/34005] INFO  om.OzoneManager (OzoneManager.java:start(1519)) - OzoneManager RPC server is listening at localhost/127.0.0.1:34005
2023-02-01 19:04:02,679 [Listener at 127.0.0.1/34005] INFO  ratis.OzoneManagerRatisServer (OzoneManagerRatisServer.java:start(555)) - Starting OzoneManagerRatisServer om1 at port 9872
2023-02-01 19:04:02,681 [om1-impl-thread1] INFO  storage.RaftStorageDirectory (RaftStorageDirectoryImpl.java:analyzeStorage(137)) - The storage directory /home/runner/work/ozone/ozone/hadoop-ozone/integration-test/target/test-dir/MiniOzoneClusterImpl-74e3824a-f6bc-4c6a-9d81-a3a47ccb7612/ozone-meta/ratis/bf265839-605b-3f16-9796-c5ba1605619e does not exist. Creating ...
2023-02-01 19:04:02,686 [om1-impl-thread1] INFO  storage.RaftStorageDirectory (RaftStorageDirectoryImpl.java:tryLock(231)) - Lock on /home/runner/work/ozone/ozone/hadoop-ozone/integration-test/target/test-dir/MiniOzoneClusterImpl-74e3824a-f6bc-4c6a-9d81-a3a47ccb7612/ozone-meta/ratis/bf265839-605b-3f16-9796-c5ba1605619e/in_use.lock acquired by nodename 59045@fv-az213-973
2023-02-01 19:04:02,692 [om1-impl-thread1] INFO  storage.RaftStorage (RaftStorageImpl.java:format(96)) - Storage directory /home/runner/work/ozone/ozone/hadoop-ozone/integration-test/target/test-dir/MiniOzoneClusterImpl-74e3824a-f6bc-4c6a-9d81-a3a47ccb7612/ozone-meta/ratis/bf265839-605b-3f16-9796-c5ba1605619e has been successfully formatted.
2023-02-01 19:04:02,693 [om1-impl-thread1] INFO  server.RaftServerConfigKeys (ConfUtils.java:logGet(46)) - raft.server.log.use.memory = false (default)
2023-02-01 19:04:02,700 [om1-impl-thread1] INFO  server.RaftServerConfigKeys (ConfUtils.java:logGet(46)) - raft.server.log.purge.gap = 1000000 (custom)
2023-02-01 19:04:02,700 [om1-impl-thread1] INFO  server.RaftServerConfigKeys (ConfUtils.java:logGet(46)) - raft.server.log.appender.buffer.byte-limit = 33554432 (custom)
2023-02-01 19:04:02,702 [om1-impl-thread1] INFO  server.RaftServerConfigKeys (ConfUtils.java:logGet(46)) - raft.server.log.statemachine.data.read.timeout = 1000ms (default)
2023-02-01 19:04:02,703 [om1-impl-thread1] INFO  server.RaftServerConfigKeys (ConfUtils.java:logGet(46)) - raft.server.log.purge.preservation.log.num = 0 (default)
2023-02-01 19:04:02,705 [om1-impl-thread1] INFO  server.RaftServerConfigKeys (ConfUtils.java:logGet(46)) - raft.server.log.segment.size.max = 4194304 (custom)
2023-02-01 19:04:02,710 [om1-impl-thread1] INFO  server.RaftServerConfigKeys (ConfUtils.java:logGet(46)) - raft.server.log.segment.cache.num.max = 2 (custom)
2023-02-01 19:04:02,710 [om1-impl-thread1] INFO  server.RaftServerConfigKeys (ConfUtils.java:logGet(46)) - raft.server.log.segment.cache.size.max = 200MB (=209715200) (default)
2023-02-01 19:04:02,716 [om1-impl-thread1] INFO  segmented.SegmentedRaftLogWorker (SegmentedRaftLogWorker.java:<init>(189)) - new om1@group-C5BA1605619E-SegmentedRaftLogWorker for RaftStorageImpl:Storage Directory /home/runner/work/ozone/ozone/hadoop-ozone/integration-test/target/test-dir/MiniOzoneClusterImpl-74e3824a-f6bc-4c6a-9d81-a3a47ccb7612/ozone-meta/ratis/bf265839-605b-3f16-9796-c5ba1605619e
2023-02-01 19:04:02,716 [om1-impl-thread1] INFO  server.RaftServerConfigKeys (ConfUtils.java:logGet(46)) - raft.server.log.queue.byte-limit = 64MB (=67108864) (default)
2023-02-01 19:04:02,717 [om1-impl-thread1] INFO  server.RaftServerConfigKeys (ConfUtils.java:logGet(46)) - raft.server.log.queue.element-limit = 4096 (default)
2023-02-01 19:04:02,718 [om1-impl-thread1] INFO  server.RaftServerConfigKeys (ConfUtils.java:logGet(46)) - raft.server.log.segment.size.max = 4194304 (custom)
2023-02-01 19:04:02,718 [om1-impl-thread1] INFO  server.RaftServerConfigKeys (ConfUtils.java:logGet(46)) - raft.server.log.preallocated.size = 4194304 (custom)
2023-02-01 19:04:02,718 [om1-impl-thread1] INFO  server.RaftServerConfigKeys (ConfUtils.java:logGet(46)) - raft.server.log.force.sync.num = 128 (default)
2023-02-01 19:04:02,719 [om1-impl-thread1] INFO  server.RaftServerConfigKeys (ConfUtils.java:logGet(46)) - raft.server.log.statemachine.data.sync = true (default)
2023-02-01 19:04:02,719 [om1-impl-thread1] INFO  server.RaftServerConfigKeys (ConfUtils.java:logGet(46)) - raft.server.log.statemachine.data.sync.timeout = 10s (default)
2023-02-01 19:04:02,720 [om1-impl-thread1] INFO  server.RaftServerConfigKeys (ConfUtils.java:logGet(46)) - raft.server.log.statemachine.data.sync.timeout.retry = -1 (default)
2023-02-01 19:04:02,728 [om1-impl-thread1] INFO  server.RaftServerConfigKeys (ConfUtils.java:logGet(46)) - raft.server.log.write.buffer.size = 64KB (=65536) (default)
2023-02-01 19:04:02,728 [om1-impl-thread1] INFO  server.RaftServerConfigKeys (ConfUtils.java:logGet(46)) - raft.server.log.appender.buffer.byte-limit = 33554432 (custom)
2023-02-01 19:04:02,734 [om1-impl-thread1] INFO  server.RaftServerConfigKeys (ConfUtils.java:logGet(46)) - raft.server.log.unsafe-flush.enabled = false (default)
2023-02-01 19:04:02,734 [om1-impl-thread1] INFO  server.RaftServerConfigKeys (ConfUtils.java:logGet(46)) - raft.server.log.async-flush.enabled = false (default)
2023-02-01 19:04:02,734 [om1-impl-thread1] INFO  server.RaftServerConfigKeys (ConfUtils.java:logGet(46)) - raft.server.log.statemachine.data.caching.enabled = false (default)
2023-02-01 19:04:02,740 [om1-impl-thread1] INFO  segmented.SegmentedRaftLogWorker (SegmentedRaftLogWorker.java:lambda$new$0(135)) - om1@group-C5BA1605619E-SegmentedRaftLogWorker: flushIndex: setUnconditionally 0 -> -1
2023-02-01 19:04:02,740 [om1-impl-thread1] INFO  segmented.SegmentedRaftLogWorker (SegmentedRaftLogWorker.java:lambda$new$0(135)) - om1@group-C5BA1605619E-SegmentedRaftLogWorker: safeCacheEvictIndex: setUnconditionally 0 -> -1
2023-02-01 19:04:02,741 [om1-impl-thread1] INFO  server.RaftServer$Division (RaftServerImpl.java:start(334)) - om1@group-C5BA1605619E: start as a follower, conf=-1: peers:[om1|rpc:localhost:9872|priority:0|startupRole:FOLLOWER]|listeners:[], old=null
2023-02-01 19:04:02,742 [om1-impl-thread1] INFO  server.RaftServer$Division (RaftServerImpl.java:setRole(321)) - om1@group-C5BA1605619E: changes role from      null to FOLLOWER at term 0 for startAsFollower
2023-02-01 19:04:02,744 [om1-impl-thread1] INFO  impl.RoleInfo (RoleInfo.java:updateAndGet(139)) - om1: start om1@group-C5BA1605619E-FollowerState
2023-02-01 19:04:02,750 [om1-impl-thread1] INFO  util.JmxRegister (JmxRegister.java:tryRegister(44)) - Successfully registered JMX Bean with object name Ratis:service=RaftServer,group=group-C5BA1605619E,id=om1
2023-02-01 19:04:02,751 [om1@group-C5BA1605619E-FollowerState] INFO  server.RaftServerConfigKeys (ConfUtils.java:logFallback(53)) - raft.server.rpc.first-election.timeout.min = 1s (fallback to raft.server.rpc.timeout.min)
2023-02-01 19:04:02,751 [om1@group-C5BA1605619E-FollowerState] INFO  server.RaftServerConfigKeys (ConfUtils.java:logFallback(53)) - raft.server.rpc.first-election.timeout.max = 1200ms (fallback to raft.server.rpc.timeout.max)
2023-02-01 19:04:02,752 [om1-impl-thread1] INFO  server.RaftServerConfigKeys (ConfUtils.java:logGet(46)) - raft.server.snapshot.auto.trigger.enabled = true (custom)
2023-02-01 19:04:02,752 [om1-impl-thread1] INFO  server.RaftServerConfigKeys (ConfUtils.java:logGet(46)) - raft.server.snapshot.auto.trigger.threshold = 400000 (default)
2023-02-01 19:04:02,753 [om1-impl-thread1] INFO  server.RaftServerConfigKeys (ConfUtils.java:logGet(46)) - raft.server.snapshot.retention.file.num = -1 (default)
2023-02-01 19:04:02,753 [om1-impl-thread1] INFO  server.RaftServerConfigKeys (ConfUtils.java:logGet(46)) - raft.server.log.purge.upto.snapshot.index = true (custom)
2023-02-01 19:04:02,756 [Listener at 127.0.0.1/34005] INFO  server.RaftServer (RaftServerProxy.java:startImpl(393)) - om1: start RPC server
2023-02-01 19:04:02,769 [Listener at 127.0.0.1/34005] INFO  server.GrpcService (GrpcService.java:startImpl(262)) - om1: GrpcService started, listening on 9872
2023-02-01 19:04:02,772 [Listener at 127.0.0.1/34005] INFO  om.OzoneManager (OzoneManager.java:start(1535)) - Version File has different layout version (3) than OM DB (null). That is expected if this OM has never been finalized to a newer layout version.
2023-02-01 19:04:02,774 [JvmPauseMonitor0] INFO  util.JvmPauseMonitor (JvmPauseMonitor.java:run(105)) - JvmPauseMonitor-om1: Started
2023-02-01 19:04:02,790 [Listener at 127.0.0.1/34005] INFO  http.BaseHttpServer (BaseHttpServer.java:newHttpServer2BuilderForOzone(213)) - Starting Web-server for ozoneManager at: http://0.0.0.0:0
2023-02-01 19:04:02,790 [Listener at 127.0.0.1/34005] INFO  http.BaseHttpServer (BaseHttpServer.java:<init>(108)) - Hadoop Security Enabled: false Ozone Security Enabled: false Ozone HTTP Security Enabled: false 
2023-02-01 19:04:02,792 [Listener at 127.0.0.1/34005] WARN  server.AuthenticationFilter (AuthenticationFilter.java:constructSecretProvider(240)) - Unable to initialize FileSignerSecretProvider, falling back to use random secrets. Reason: Could not read signature secret file: /home/runner/hadoop-http-auth-signature-secret
2023-02-01 19:04:02,794 [Listener at 127.0.0.1/34005] WARN  http.HttpRequestLog (HttpRequestLog.java:getRequestLog(103)) - Jetty request log can only be enabled using Log4j
2023-02-01 19:04:02,795 [Listener at 127.0.0.1/34005] INFO  http.HttpServer2 (HttpServer2.java:addGlobalFilter(1031)) - Added global filter 'safety' (class=org.apache.hadoop.hdds.server.http.HttpServer2$QuotingInputFilter)
2023-02-01 19:04:02,796 [Listener at 127.0.0.1/34005] INFO  http.HttpServer2 (HttpServer2.java:addFilter(1007)) - Added filter static_user_filter (class=org.apache.hadoop.http.lib.StaticUserWebFilter$StaticUserFilter) to context ozoneManager
2023-02-01 19:04:02,796 [Listener at 127.0.0.1/34005] INFO  http.HttpServer2 (HttpServer2.java:addFilter(1015)) - Added filter static_user_filter (class=org.apache.hadoop.http.lib.StaticUserWebFilter$StaticUserFilter) to context static
2023-02-01 19:04:02,796 [Listener at 127.0.0.1/34005] INFO  http.HttpServer2 (HttpServer2.java:addFilter(1015)) - Added filter static_user_filter (class=org.apache.hadoop.http.lib.StaticUserWebFilter$StaticUserFilter) to context logs
2023-02-01 19:04:02,798 [Listener at 127.0.0.1/34005] INFO  http.HttpServer2 (HttpServer2.java:bindListener(1250)) - Jetty bound to port 45717
2023-02-01 19:04:02,798 [Listener at 127.0.0.1/34005] INFO  server.Server (Server.java:doStart(375)) - jetty-9.4.49.v20220914; built: 2022-09-14T01:07:36.601Z; git: 4231a3b2e4cb8548a412a789936d640a97b1aa0a; jvm 1.8.0_352-b08
2023-02-01 19:04:02,800 [Listener at 127.0.0.1/34005] INFO  server.session (DefaultSessionIdManager.java:doStart(334)) - DefaultSessionIdManager workerName=node0
2023-02-01 19:04:02,800 [Listener at 127.0.0.1/34005] INFO  server.session (DefaultSessionIdManager.java:doStart(339)) - No SessionScavenger set, using defaults
2023-02-01 19:04:02,800 [Listener at 127.0.0.1/34005] INFO  server.session (HouseKeeper.java:startScavenging(132)) - node0 Scavenging every 660000ms
2023-02-01 19:04:02,801 [Listener at 127.0.0.1/34005] INFO  handler.ContextHandler (ContextHandler.java:doStart(921)) - Started o.e.j.s.ServletContextHandler@50eb7b10{logs,/logs,file:///home/runner/work/ozone/ozone/hadoop-ozone/integration-test/target/log,AVAILABLE}
2023-02-01 19:04:02,802 [Listener at 127.0.0.1/34005] INFO  handler.ContextHandler (ContextHandler.java:doStart(921)) - Started o.e.j.s.ServletContextHandler@7e81b882{static,/static,file:///home/runner/work/ozone/ozone/hadoop-ozone/integration-test/target/test-classes/webapps/static,AVAILABLE}
2023-02-01 19:04:02,805 [Listener at 127.0.0.1/34005] INFO  handler.ContextHandler (ContextHandler.java:doStart(921)) - Started o.e.j.w.WebAppContext@636e356f{ozoneManager,/,file:///home/runner/work/ozone/ozone/hadoop-ozone/integration-test/target/test-classes/webapps/ozoneManager/,AVAILABLE}{file:/home/runner/work/ozone/ozone/hadoop-ozone/integration-test/target/test-classes/webapps/ozoneManager}
2023-02-01 19:04:02,806 [Listener at 127.0.0.1/34005] INFO  server.AbstractConnector (AbstractConnector.java:doStart(333)) - Started ServerConnector@798b52a0{HTTP/1.1, (http/1.1)}{0.0.0.0:45717}
2023-02-01 19:04:02,807 [Listener at 127.0.0.1/34005] INFO  server.Server (Server.java:doStart(415)) - Started @7003ms
2023-02-01 19:04:02,807 [Listener at 127.0.0.1/34005] WARN  impl.MetricsSystemImpl (MetricsSystemImpl.java:register(279)) - Sink prometheus already exists!
2023-02-01 19:04:02,808 [Listener at 127.0.0.1/34005] INFO  http.BaseHttpServer (BaseHttpServer.java:updateConnectorAddress(333)) - HTTP server of ozoneManager listening at http://0.0.0.0:45717
2023-02-01 19:04:02,808 [IPC Server Responder] INFO  ipc.Server (Server.java:run(1512)) - IPC Server Responder: starting
2023-02-01 19:04:02,809 [IPC Server listener on 0] INFO  ipc.Server (Server.java:run(1352)) - IPC Server listener on 0: starting
2023-02-01 19:04:02,812 [Listener at 127.0.0.1/34005] INFO  om.OzoneManager (OzoneManager.java:startTrashEmptier(1956)) - Trash Interval set to 0. Files deleted won't move to trash
2023-02-01 19:04:02,818 [org.apache.hadoop.util.JvmPauseMonitor$Monitor@39e05056] INFO  util.JvmPauseMonitor (JvmPauseMonitor.java:run(188)) - Starting JVM pause monitor
2023-02-01 19:04:02,963 [Listener at 127.0.0.1/34005] WARN  impl.MetricRegistriesImpl (MetricRegistriesImpl.java:addReporterRegistration(111)) - New reporters are added after registries were created. Some metrics will be missing from the reporter. Please add reporter before adding any new registry.
2023-02-01 19:04:02,963 [Listener at 127.0.0.1/34005] WARN  impl.MetricRegistriesImpl (MetricRegistriesImpl.java:addReporterRegistration(111)) - New reporters are added after registries were created. Some metrics will be missing from the reporter. Please add reporter before adding any new registry.
2023-02-01 19:04:02,963 [Listener at 127.0.0.1/34005] INFO  impl.MetricsSystemImpl (MetricsSystemImpl.java:init(158)) - HddsDatanode metrics system started (again)
2023-02-01 19:04:02,980 [Listener at 127.0.0.1/34005] INFO  ozone.HddsDatanodeService (HddsDatanodeService.java:start(228)) - HddsDatanodeService host:fv-az213-973.c2vz3wqhpjau3hcstnyptvmwla.cx.internal.cloudapp.net ip:10.1.0.60
2023-02-01 19:04:03,007 [Listener at 127.0.0.1/34005] INFO  upgrade.AbstractLayoutVersionManager (AbstractLayoutVersionManager.java:init(83)) - Initializing Layout version manager with metadata layout = DATANODE_SCHEMA_V3 (version = 4), software layout = DATANODE_SCHEMA_V3 (version = 4)
2023-02-01 19:04:03,063 [Listener at 127.0.0.1/34005] INFO  reflections.Reflections (Reflections.java:scan(232)) - Reflections took 52 ms to scan 7 urls, producing 149 keys and 361 values 
2023-02-01 19:04:03,072 [Listener at 127.0.0.1/34005] INFO  statemachine.DatanodeStateMachine (DatanodeStateMachine.java:getEndPointTaskThreadPoolSize(261)) - Datanode State Machine Task Thread Pool size 2
2023-02-01 19:04:03,143 [Listener at 127.0.0.1/34005] INFO  volume.HddsVolume (HddsVolume.java:<init>(117)) - Creating HddsVolume: /home/runner/work/ozone/ozone/hadoop-ozone/integration-test/target/test-dir/MiniOzoneClusterImpl-74e3824a-f6bc-4c6a-9d81-a3a47ccb7612/datanode-0/data-0/containers/hdds of storage type : DISK capacity : 9223372036854775807
2023-02-01 19:04:03,146 [Listener at 127.0.0.1/34005] INFO  volume.MutableVolumeSet (MutableVolumeSet.java:initializeVolumeSet(174)) - Added Volume : /home/runner/work/ozone/ozone/hadoop-ozone/integration-test/target/test-dir/MiniOzoneClusterImpl-74e3824a-f6bc-4c6a-9d81-a3a47ccb7612/datanode-0/data-0/containers/hdds to VolumeSet
2023-02-01 19:04:03,147 [Listener at 127.0.0.1/34005] INFO  volume.ThrottledAsyncChecker (ThrottledAsyncChecker.java:schedule(141)) - Scheduling a check for /home/runner/work/ozone/ozone/hadoop-ozone/integration-test/target/test-dir/MiniOzoneClusterImpl-74e3824a-f6bc-4c6a-9d81-a3a47ccb7612/datanode-0/data-0/containers/hdds
2023-02-01 19:04:03,164 [Listener at 127.0.0.1/34005] INFO  volume.StorageVolumeChecker (StorageVolumeChecker.java:checkAllVolumes(202)) - Scheduled health check for volume /home/runner/work/ozone/ozone/hadoop-ozone/integration-test/target/test-dir/MiniOzoneClusterImpl-74e3824a-f6bc-4c6a-9d81-a3a47ccb7612/datanode-0/data-0/containers/hdds
2023-02-01 19:04:03,183 [Listener at 127.0.0.1/34005] INFO  volume.MutableVolumeSet (MutableVolumeSet.java:initializeVolumeSet(174)) - Added Volume : /home/runner/work/ozone/ozone/hadoop-ozone/integration-test/target/test-dir/MiniOzoneClusterImpl-74e3824a-f6bc-4c6a-9d81-a3a47ccb7612/datanode-0/data/ratis to VolumeSet
2023-02-01 19:04:03,183 [Listener at 127.0.0.1/34005] INFO  volume.ThrottledAsyncChecker (ThrottledAsyncChecker.java:schedule(141)) - Scheduling a check for /home/runner/work/ozone/ozone/hadoop-ozone/integration-test/target/test-dir/MiniOzoneClusterImpl-74e3824a-f6bc-4c6a-9d81-a3a47ccb7612/datanode-0/data/ratis
2023-02-01 19:04:03,184 [Listener at 127.0.0.1/34005] INFO  volume.StorageVolumeChecker (StorageVolumeChecker.java:checkAllVolumes(202)) - Scheduled health check for volume /home/runner/work/ozone/ozone/hadoop-ozone/integration-test/target/test-dir/MiniOzoneClusterImpl-74e3824a-f6bc-4c6a-9d81-a3a47ccb7612/datanode-0/data/ratis
2023-02-01 19:04:03,207 [Thread-136] INFO  ozoneimpl.ContainerReader (ContainerReader.java:readVolume(175)) - Finish verifying containers on volume /home/runner/work/ozone/ozone/hadoop-ozone/integration-test/target/test-dir/MiniOzoneClusterImpl-74e3824a-f6bc-4c6a-9d81-a3a47ccb7612/datanode-0/data-0/containers/hdds
2023-02-01 19:04:03,207 [Listener at 127.0.0.1/34005] INFO  ozoneimpl.OzoneContainer (OzoneContainer.java:buildContainerSet(305)) - Build ContainerSet costs 0s
2023-02-01 19:04:03,263 [Listener at 127.0.0.1/34005] INFO  audit.AuditLogger (AuditLogger.java:refreshDebugCmdSet(126)) - Refresh DebugCmdSet for DNAudit to [].
2023-02-01 19:04:03,293 [Listener at 127.0.0.1/34005] INFO  server.RaftServer (ConfUtils.java:logGet(46)) - raft.rpc.type = GRPC (default)
2023-02-01 19:04:03,293 [Listener at 127.0.0.1/34005] INFO  grpc.GrpcConfigKeys (ConfUtils.java:logFallback(53)) - raft.grpc.admin.host = null (fallback to raft.grpc.server.host)
2023-02-01 19:04:03,294 [Listener at 127.0.0.1/34005] INFO  grpc.GrpcConfigKeys (ConfUtils.java:logGet(46)) - raft.grpc.admin.port = 0 (custom)
2023-02-01 19:04:03,294 [Listener at 127.0.0.1/34005] INFO  grpc.GrpcConfigKeys (ConfUtils.java:logFallback(53)) - raft.grpc.client.host = null (fallback to raft.grpc.server.host)
2023-02-01 19:04:03,296 [Listener at 127.0.0.1/34005] INFO  grpc.GrpcConfigKeys (ConfUtils.java:logGet(46)) - raft.grpc.client.port = 0 (custom)
2023-02-01 19:04:03,301 [Listener at 127.0.0.1/34005] INFO  grpc.GrpcConfigKeys (ConfUtils.java:logGet(46)) - raft.grpc.server.host = null (default)
2023-02-01 19:04:03,301 [Listener at 127.0.0.1/34005] INFO  grpc.GrpcConfigKeys (ConfUtils.java:logGet(46)) - raft.grpc.server.port = 0 (default)
2023-02-01 19:04:03,302 [Listener at 127.0.0.1/34005] INFO  server.GrpcService (ConfUtils.java:logGet(46)) - raft.grpc.message.size.max = 32MB (=33554432) (custom)
2023-02-01 19:04:03,302 [Listener at 127.0.0.1/34005] INFO  server.RaftServerConfigKeys (ConfUtils.java:logGet(46)) - raft.server.log.appender.buffer.byte-limit = 33554432 (custom)
2023-02-01 19:04:03,302 [Listener at 127.0.0.1/34005] INFO  server.GrpcService (ConfUtils.java:logGet(46)) - raft.grpc.flow.control.window = 5MB (=5242880) (custom)
2023-02-01 19:04:03,302 [Listener at 127.0.0.1/34005] INFO  server.RaftServerConfigKeys (ConfUtils.java:logGet(46)) - raft.server.rpc.request.timeout = 60s (custom)
2023-02-01 19:04:03,302 [Listener at 127.0.0.1/34005] INFO  grpc.GrpcConfigKeys (ConfUtils.java:logGet(46)) - raft.grpc.server.heartbeat.channel = true (default)
2023-02-01 19:04:03,303 [Listener at 127.0.0.1/34005] INFO  grpc.GrpcConfigKeys (ConfUtils.java:logGet(46)) - raft.grpc.server.async.request.thread.pool.cached = true (default)
2023-02-01 19:04:03,303 [Listener at 127.0.0.1/34005] INFO  grpc.GrpcConfigKeys (ConfUtils.java:logGet(46)) - raft.grpc.server.async.request.thread.pool.size = 32 (default)
2023-02-01 19:04:03,304 [Listener at 127.0.0.1/34005] INFO  impl.DataStreamServerImpl (ConfUtils.java:logGet(46)) - raft.datastream.type = NETTY (custom)
2023-02-01 19:04:03,305 [Listener at 127.0.0.1/34005] INFO  server.RaftServerConfigKeys (ConfUtils.java:logGet(46)) - raft.server.data-stream.async.request.thread.pool.cached = false (default)
2023-02-01 19:04:03,305 [Listener at 127.0.0.1/34005] INFO  server.RaftServerConfigKeys (ConfUtils.java:logGet(46)) - raft.server.data-stream.async.request.thread.pool.size = 20 (custom)
2023-02-01 19:04:03,305 [Listener at 127.0.0.1/34005] INFO  server.RaftServerConfigKeys (ConfUtils.java:logGet(46)) - raft.server.data-stream.async.write.thread.pool.size = 16 (default)
2023-02-01 19:04:03,306 [Listener at 127.0.0.1/34005] INFO  server.RaftServerConfigKeys (ConfUtils.java:logGet(46)) - raft.server.data-stream.client.pool.size = 10 (default)
2023-02-01 19:04:03,306 [Listener at 127.0.0.1/34005] INFO  netty.NettyConfigKeys$DataStream (ConfUtils.java:logGet(46)) - raft.netty.dataStream.server.use-epoll = false (default)
2023-02-01 19:04:03,306 [Listener at 127.0.0.1/34005] INFO  netty.NettyConfigKeys$DataStream (ConfUtils.java:logGet(46)) - raft.netty.dataStream.server.boss-group.size = 0 (default)
2023-02-01 19:04:03,306 [Listener at 127.0.0.1/34005] INFO  netty.NettyConfigKeys$DataStream (ConfUtils.java:logGet(46)) - raft.netty.dataStream.server.worker-group.size = 0 (default)
2023-02-01 19:04:03,322 [Listener at 127.0.0.1/34005] INFO  netty.NettyConfigKeys$DataStream (ConfUtils.java:logGet(46)) - raft.netty.dataStream.server.tls.conf = null (default)
2023-02-01 19:04:03,322 [Listener at 127.0.0.1/34005] INFO  netty.NettyConfigKeys$DataStream (ConfUtils.java:logGet(46)) - raft.netty.dataStream.host = null (default)
2023-02-01 19:04:03,322 [Listener at 127.0.0.1/34005] INFO  netty.NettyConfigKeys$DataStream (ConfUtils.java:logGet(46)) - raft.netty.dataStream.port = 0 (default)
2023-02-01 19:04:03,322 [Listener at 127.0.0.1/34005] INFO  server.RaftServerConfigKeys (ConfUtils.java:logGet(46)) - raft.server.threadpool.proxy.cached = true (default)
2023-02-01 19:04:03,322 [Listener at 127.0.0.1/34005] INFO  server.RaftServerConfigKeys (ConfUtils.java:logGet(46)) - raft.server.threadpool.proxy.size = 0 (default)
2023-02-01 19:04:03,323 [Listener at 127.0.0.1/34005] INFO  server.RaftServerConfigKeys (ConfUtils.java:logGet(46)) - raft.server.rpc.slowness.timeout = 300s (custom)
2023-02-01 19:04:03,323 [Listener at 127.0.0.1/34005] INFO  server.RaftServerConfigKeys (ConfUtils.java:logGet(46)) - raft.server.leaderelection.leader.step-down.wait-time = 10s (default)
2023-02-01 19:04:03,323 [Listener at 127.0.0.1/34005] INFO  server.RaftServerConfigKeys (ConfUtils.java:logGet(46)) - raft.server.storage.dir = [/home/runner/work/ozone/ozone/hadoop-ozone/integration-test/target/test-dir/MiniOzoneClusterImpl-74e3824a-f6bc-4c6a-9d81-a3a47ccb7612/datanode-0/data/ratis] (custom)
2023-02-01 19:04:03,328 [983f5510-3bfc-4466-a3b1-ba468ed7f96d-NettyServerStreamRpc-bossGroup--thread1] INFO  logging.LoggingHandler (AbstractInternalLogger.java:log(148)) - [id: 0xfd8d4ded] REGISTERED
2023-02-01 19:04:03,329 [983f5510-3bfc-4466-a3b1-ba468ed7f96d-NettyServerStreamRpc-bossGroup--thread1] INFO  logging.LoggingHandler (AbstractInternalLogger.java:log(148)) - [id: 0xfd8d4ded] BIND: 0.0.0.0/0.0.0.0:0
2023-02-01 19:04:03,329 [983f5510-3bfc-4466-a3b1-ba468ed7f96d-NettyServerStreamRpc-bossGroup--thread1] INFO  logging.LoggingHandler (AbstractInternalLogger.java:log(148)) - [id: 0xfd8d4ded, L:/0:0:0:0:0:0:0:0:43549] ACTIVE
2023-02-01 19:04:03,357 [Listener at 127.0.0.1/34005] INFO  server.XceiverServerGrpc (XceiverServerGrpc.java:<init>(132)) - GrpcServer channel type EpollServerSocketChannel
2023-02-01 19:04:03,444 [Listener at 127.0.0.1/34005] INFO  http.BaseHttpServer (BaseHttpServer.java:newHttpServer2BuilderForOzone(213)) - Starting Web-server for hddsDatanode at: http://0.0.0.0:0
2023-02-01 19:04:03,444 [Listener at 127.0.0.1/34005] INFO  http.BaseHttpServer (BaseHttpServer.java:<init>(108)) - Hadoop Security Enabled: false Ozone Security Enabled: false Ozone HTTP Security Enabled: false 
2023-02-01 19:04:03,446 [Listener at 127.0.0.1/34005] WARN  server.AuthenticationFilter (AuthenticationFilter.java:constructSecretProvider(240)) - Unable to initialize FileSignerSecretProvider, falling back to use random secrets. Reason: Could not read signature secret file: /home/runner/hadoop-http-auth-signature-secret
2023-02-01 19:04:03,447 [Listener at 127.0.0.1/34005] WARN  http.HttpRequestLog (HttpRequestLog.java:getRequestLog(103)) - Jetty request log can only be enabled using Log4j
2023-02-01 19:04:03,449 [Listener at 127.0.0.1/34005] INFO  http.HttpServer2 (HttpServer2.java:addGlobalFilter(1031)) - Added global filter 'safety' (class=org.apache.hadoop.hdds.server.http.HttpServer2$QuotingInputFilter)
2023-02-01 19:04:03,450 [Listener at 127.0.0.1/34005] INFO  http.HttpServer2 (HttpServer2.java:addFilter(1007)) - Added filter static_user_filter (class=org.apache.hadoop.http.lib.StaticUserWebFilter$StaticUserFilter) to context hddsDatanode
2023-02-01 19:04:03,450 [Listener at 127.0.0.1/34005] INFO  http.HttpServer2 (HttpServer2.java:addFilter(1015)) - Added filter static_user_filter (class=org.apache.hadoop.http.lib.StaticUserWebFilter$StaticUserFilter) to context static
2023-02-01 19:04:03,451 [Listener at 127.0.0.1/34005] INFO  http.HttpServer2 (HttpServer2.java:addFilter(1015)) - Added filter static_user_filter (class=org.apache.hadoop.http.lib.StaticUserWebFilter$StaticUserFilter) to context logs
2023-02-01 19:04:03,453 [Listener at 127.0.0.1/34005] INFO  http.HttpServer2 (HttpServer2.java:bindListener(1250)) - Jetty bound to port 33969
2023-02-01 19:04:03,454 [Listener at 127.0.0.1/34005] INFO  server.Server (Server.java:doStart(375)) - jetty-9.4.49.v20220914; built: 2022-09-14T01:07:36.601Z; git: 4231a3b2e4cb8548a412a789936d640a97b1aa0a; jvm 1.8.0_352-b08
2023-02-01 19:04:03,459 [Listener at 127.0.0.1/34005] INFO  server.session (DefaultSessionIdManager.java:doStart(334)) - DefaultSessionIdManager workerName=node0
2023-02-01 19:04:03,459 [Listener at 127.0.0.1/34005] INFO  server.session (DefaultSessionIdManager.java:doStart(339)) - No SessionScavenger set, using defaults
2023-02-01 19:04:03,459 [Listener at 127.0.0.1/34005] INFO  server.session (HouseKeeper.java:startScavenging(132)) - node0 Scavenging every 600000ms
2023-02-01 19:04:03,460 [Listener at 127.0.0.1/34005] INFO  handler.ContextHandler (ContextHandler.java:doStart(921)) - Started o.e.j.s.ServletContextHandler@28ca612d{logs,/logs,file:///home/runner/work/ozone/ozone/hadoop-ozone/integration-test/target/log,AVAILABLE}
2023-02-01 19:04:03,461 [Listener at 127.0.0.1/34005] INFO  handler.ContextHandler (ContextHandler.java:doStart(921)) - Started o.e.j.s.ServletContextHandler@292dc20f{static,/static,jar:file:/home/runner/.m2/repository/org/apache/ozone/hdds-container-service/1.4.0-SNAPSHOT/hdds-container-service-1.4.0-SNAPSHOT.jar!/webapps/static,AVAILABLE}
2023-02-01 19:04:03,645 [Listener at 127.0.0.1/34005] INFO  handler.ContextHandler (ContextHandler.java:doStart(921)) - Started o.e.j.w.WebAppContext@1ed17302{hddsDatanode,/,file:///tmp/jetty-0_0_0_0-33969-hdds-container-service-1_4_0-SNAPSHOT_jar-_-any-3028112988663884593/webapp/,AVAILABLE}{jar:file:/home/runner/.m2/repository/org/apache/ozone/hdds-container-service/1.4.0-SNAPSHOT/hdds-container-service-1.4.0-SNAPSHOT.jar!/webapps/hddsDatanode}
2023-02-01 19:04:03,647 [Listener at 127.0.0.1/34005] INFO  server.AbstractConnector (AbstractConnector.java:doStart(333)) - Started ServerConnector@15273ae8{HTTP/1.1, (http/1.1)}{0.0.0.0:33969}
2023-02-01 19:04:03,647 [Listener at 127.0.0.1/34005] INFO  server.Server (Server.java:doStart(415)) - Started @7843ms
2023-02-01 19:04:03,647 [Listener at 127.0.0.1/34005] WARN  impl.MetricsSystemImpl (MetricsSystemImpl.java:register(279)) - Sink prometheus already exists!
2023-02-01 19:04:03,648 [Listener at 127.0.0.1/34005] INFO  http.BaseHttpServer (BaseHttpServer.java:updateConnectorAddress(333)) - HTTP server of hddsDatanode listening at http://0.0.0.0:33969
2023-02-01 19:04:03,654 [Listener at 127.0.0.1/34005] WARN  impl.MetricRegistriesImpl (MetricRegistriesImpl.java:addReporterRegistration(111)) - New reporters are added after registries were created. Some metrics will be missing from the reporter. Please add reporter before adding any new registry.
2023-02-01 19:04:03,654 [Listener at 127.0.0.1/34005] WARN  impl.MetricRegistriesImpl (MetricRegistriesImpl.java:addReporterRegistration(111)) - New reporters are added after registries were created. Some metrics will be missing from the reporter. Please add reporter before adding any new registry.
2023-02-01 19:04:03,654 [Listener at 127.0.0.1/34005] INFO  impl.MetricsSystemImpl (MetricsSystemImpl.java:init(158)) - HddsDatanode metrics system started (again)
2023-02-01 19:04:03,668 [Listener at 127.0.0.1/34005] INFO  ozone.HddsDatanodeService (HddsDatanodeService.java:start(228)) - HddsDatanodeService host:fv-az213-973.c2vz3wqhpjau3hcstnyptvmwla.cx.internal.cloudapp.net ip:10.1.0.60
2023-02-01 19:04:03,663 [Datanode State Machine Daemon Thread] INFO  statemachine.DatanodeStateMachine (DatanodeStateMachine.java:lambda$startDaemon$0(517)) - Ozone container server started.
2023-02-01 19:04:03,690 [org.apache.hadoop.util.JvmPauseMonitor$Monitor@66b3374c] INFO  util.JvmPauseMonitor (JvmPauseMonitor.java:run(188)) - Starting JVM pause monitor
2023-02-01 19:04:03,716 [Listener at 127.0.0.1/34005] INFO  upgrade.AbstractLayoutVersionManager (AbstractLayoutVersionManager.java:init(83)) - Initializing Layout version manager with metadata layout = DATANODE_SCHEMA_V3 (version = 4), software layout = DATANODE_SCHEMA_V3 (version = 4)
2023-02-01 19:04:03,773 [Listener at 127.0.0.1/34005] INFO  reflections.Reflections (Reflections.java:scan(232)) - Reflections took 56 ms to scan 7 urls, producing 149 keys and 361 values 
2023-02-01 19:04:03,776 [Listener at 127.0.0.1/34005] INFO  statemachine.DatanodeStateMachine (DatanodeStateMachine.java:getEndPointTaskThreadPoolSize(261)) - Datanode State Machine Task Thread Pool size 2
2023-02-01 19:04:03,778 [Listener at 127.0.0.1/34005] INFO  volume.HddsVolume (HddsVolume.java:<init>(117)) - Creating HddsVolume: /home/runner/work/ozone/ozone/hadoop-ozone/integration-test/target/test-dir/MiniOzoneClusterImpl-74e3824a-f6bc-4c6a-9d81-a3a47ccb7612/datanode-1/data-0/containers/hdds of storage type : DISK capacity : 9223372036854775807
2023-02-01 19:04:03,779 [Listener at 127.0.0.1/34005] INFO  volume.MutableVolumeSet (MutableVolumeSet.java:initializeVolumeSet(174)) - Added Volume : /home/runner/work/ozone/ozone/hadoop-ozone/integration-test/target/test-dir/MiniOzoneClusterImpl-74e3824a-f6bc-4c6a-9d81-a3a47ccb7612/datanode-1/data-0/containers/hdds to VolumeSet
2023-02-01 19:04:03,779 [Listener at 127.0.0.1/34005] INFO  volume.ThrottledAsyncChecker (ThrottledAsyncChecker.java:schedule(141)) - Scheduling a check for /home/runner/work/ozone/ozone/hadoop-ozone/integration-test/target/test-dir/MiniOzoneClusterImpl-74e3824a-f6bc-4c6a-9d81-a3a47ccb7612/datanode-1/data-0/containers/hdds
2023-02-01 19:04:03,785 [Listener at 127.0.0.1/34005] INFO  volume.StorageVolumeChecker (StorageVolumeChecker.java:checkAllVolumes(202)) - Scheduled health check for volume /home/runner/work/ozone/ozone/hadoop-ozone/integration-test/target/test-dir/MiniOzoneClusterImpl-74e3824a-f6bc-4c6a-9d81-a3a47ccb7612/datanode-1/data-0/containers/hdds
2023-02-01 19:04:03,802 [Listener at 127.0.0.1/34005] INFO  volume.MutableVolumeSet (MutableVolumeSet.java:initializeVolumeSet(174)) - Added Volume : /home/runner/work/ozone/ozone/hadoop-ozone/integration-test/target/test-dir/MiniOzoneClusterImpl-74e3824a-f6bc-4c6a-9d81-a3a47ccb7612/datanode-1/data/ratis to VolumeSet
2023-02-01 19:04:03,802 [Listener at 127.0.0.1/34005] INFO  volume.ThrottledAsyncChecker (ThrottledAsyncChecker.java:schedule(141)) - Scheduling a check for /home/runner/work/ozone/ozone/hadoop-ozone/integration-test/target/test-dir/MiniOzoneClusterImpl-74e3824a-f6bc-4c6a-9d81-a3a47ccb7612/datanode-1/data/ratis
2023-02-01 19:04:03,803 [Listener at 127.0.0.1/34005] INFO  volume.StorageVolumeChecker (StorageVolumeChecker.java:checkAllVolumes(202)) - Scheduled health check for volume /home/runner/work/ozone/ozone/hadoop-ozone/integration-test/target/test-dir/MiniOzoneClusterImpl-74e3824a-f6bc-4c6a-9d81-a3a47ccb7612/datanode-1/data/ratis
2023-02-01 19:04:03,818 [Thread-150] INFO  ozoneimpl.ContainerReader (ContainerReader.java:readVolume(175)) - Finish verifying containers on volume /home/runner/work/ozone/ozone/hadoop-ozone/integration-test/target/test-dir/MiniOzoneClusterImpl-74e3824a-f6bc-4c6a-9d81-a3a47ccb7612/datanode-1/data-0/containers/hdds
2023-02-01 19:04:03,820 [Listener at 127.0.0.1/34005] INFO  ozoneimpl.OzoneContainer (OzoneContainer.java:buildContainerSet(305)) - Build ContainerSet costs 0s
2023-02-01 19:04:03,825 [Listener at 127.0.0.1/34005] INFO  server.RaftServer (ConfUtils.java:logGet(46)) - raft.rpc.type = GRPC (default)
2023-02-01 19:04:03,825 [Listener at 127.0.0.1/34005] INFO  grpc.GrpcConfigKeys (ConfUtils.java:logFallback(53)) - raft.grpc.admin.host = null (fallback to raft.grpc.server.host)
2023-02-01 19:04:03,826 [Listener at 127.0.0.1/34005] INFO  grpc.GrpcConfigKeys (ConfUtils.java:logGet(46)) - raft.grpc.admin.port = 0 (custom)
2023-02-01 19:04:03,826 [Listener at 127.0.0.1/34005] INFO  grpc.GrpcConfigKeys (ConfUtils.java:logFallback(53)) - raft.grpc.client.host = null (fallback to raft.grpc.server.host)
2023-02-01 19:04:03,826 [Listener at 127.0.0.1/34005] INFO  grpc.GrpcConfigKeys (ConfUtils.java:logGet(46)) - raft.grpc.client.port = 0 (custom)
2023-02-01 19:04:03,826 [Listener at 127.0.0.1/34005] INFO  grpc.GrpcConfigKeys (ConfUtils.java:logGet(46)) - raft.grpc.server.host = null (default)
2023-02-01 19:04:03,826 [Listener at 127.0.0.1/34005] INFO  grpc.GrpcConfigKeys (ConfUtils.java:logGet(46)) - raft.grpc.server.port = 0 (default)
2023-02-01 19:04:03,827 [Listener at 127.0.0.1/34005] INFO  server.GrpcService (ConfUtils.java:logGet(46)) - raft.grpc.message.size.max = 32MB (=33554432) (custom)
2023-02-01 19:04:03,827 [Listener at 127.0.0.1/34005] INFO  server.RaftServerConfigKeys (ConfUtils.java:logGet(46)) - raft.server.log.appender.buffer.byte-limit = 33554432 (custom)
2023-02-01 19:04:03,827 [Listener at 127.0.0.1/34005] INFO  server.GrpcService (ConfUtils.java:logGet(46)) - raft.grpc.flow.control.window = 5MB (=5242880) (custom)
2023-02-01 19:04:03,827 [Listener at 127.0.0.1/34005] INFO  server.RaftServerConfigKeys (ConfUtils.java:logGet(46)) - raft.server.rpc.request.timeout = 60s (custom)
2023-02-01 19:04:03,827 [Listener at 127.0.0.1/34005] INFO  grpc.GrpcConfigKeys (ConfUtils.java:logGet(46)) - raft.grpc.server.heartbeat.channel = true (default)
2023-02-01 19:04:03,827 [Listener at 127.0.0.1/34005] INFO  grpc.GrpcConfigKeys (ConfUtils.java:logGet(46)) - raft.grpc.server.async.request.thread.pool.cached = true (default)
2023-02-01 19:04:03,828 [Listener at 127.0.0.1/34005] INFO  grpc.GrpcConfigKeys (ConfUtils.java:logGet(46)) - raft.grpc.server.async.request.thread.pool.size = 32 (default)
2023-02-01 19:04:03,828 [Listener at 127.0.0.1/34005] INFO  impl.DataStreamServerImpl (ConfUtils.java:logGet(46)) - raft.datastream.type = NETTY (custom)
2023-02-01 19:04:03,831 [Listener at 127.0.0.1/34005] INFO  server.RaftServerConfigKeys (ConfUtils.java:logGet(46)) - raft.server.data-stream.async.request.thread.pool.cached = false (default)
2023-02-01 19:04:03,831 [Listener at 127.0.0.1/34005] INFO  server.RaftServerConfigKeys (ConfUtils.java:logGet(46)) - raft.server.data-stream.async.request.thread.pool.size = 20 (custom)
2023-02-01 19:04:03,831 [Listener at 127.0.0.1/34005] INFO  server.RaftServerConfigKeys (ConfUtils.java:logGet(46)) - raft.server.data-stream.async.write.thread.pool.size = 16 (default)
2023-02-01 19:04:03,832 [Listener at 127.0.0.1/34005] INFO  server.RaftServerConfigKeys (ConfUtils.java:logGet(46)) - raft.server.data-stream.client.pool.size = 10 (default)
2023-02-01 19:04:03,832 [Listener at 127.0.0.1/34005] INFO  netty.NettyConfigKeys$DataStream (ConfUtils.java:logGet(46)) - raft.netty.dataStream.server.use-epoll = false (default)
2023-02-01 19:04:03,833 [Listener at 127.0.0.1/34005] INFO  netty.NettyConfigKeys$DataStream (ConfUtils.java:logGet(46)) - raft.netty.dataStream.server.boss-group.size = 0 (default)
2023-02-01 19:04:03,835 [Listener at 127.0.0.1/34005] INFO  netty.NettyConfigKeys$DataStream (ConfUtils.java:logGet(46)) - raft.netty.dataStream.server.worker-group.size = 0 (default)
2023-02-01 19:04:03,835 [Listener at 127.0.0.1/34005] INFO  netty.NettyConfigKeys$DataStream (ConfUtils.java:logGet(46)) - raft.netty.dataStream.server.tls.conf = null (default)
2023-02-01 19:04:03,837 [Listener at 127.0.0.1/34005] INFO  netty.NettyConfigKeys$DataStream (ConfUtils.java:logGet(46)) - raft.netty.dataStream.host = null (default)
2023-02-01 19:04:03,841 [Listener at 127.0.0.1/34005] INFO  netty.NettyConfigKeys$DataStream (ConfUtils.java:logGet(46)) - raft.netty.dataStream.port = 0 (default)
2023-02-01 19:04:03,842 [Listener at 127.0.0.1/34005] INFO  server.RaftServerConfigKeys (ConfUtils.java:logGet(46)) - raft.server.threadpool.proxy.cached = true (default)
2023-02-01 19:04:03,842 [Listener at 127.0.0.1/34005] INFO  server.RaftServerConfigKeys (ConfUtils.java:logGet(46)) - raft.server.threadpool.proxy.size = 0 (default)
2023-02-01 19:04:03,842 [Listener at 127.0.0.1/34005] INFO  server.RaftServerConfigKeys (ConfUtils.java:logGet(46)) - raft.server.rpc.slowness.timeout = 300s (custom)
2023-02-01 19:04:03,842 [Listener at 127.0.0.1/34005] INFO  server.RaftServerConfigKeys (ConfUtils.java:logGet(46)) - raft.server.leaderelection.leader.step-down.wait-time = 10s (default)
2023-02-01 19:04:03,842 [Listener at 127.0.0.1/34005] INFO  server.RaftServerConfigKeys (ConfUtils.java:logGet(46)) - raft.server.storage.dir = [/home/runner/work/ozone/ozone/hadoop-ozone/integration-test/target/test-dir/MiniOzoneClusterImpl-74e3824a-f6bc-4c6a-9d81-a3a47ccb7612/datanode-1/data/ratis] (custom)
2023-02-01 19:04:03,845 [0e631a51-c9de-4e15-b89a-5991bd1d32f2-NettyServerStreamRpc-bossGroup--thread1] INFO  logging.LoggingHandler (AbstractInternalLogger.java:log(148)) - [id: 0x8fd6d62a] REGISTERED
2023-02-01 19:04:03,845 [0e631a51-c9de-4e15-b89a-5991bd1d32f2-NettyServerStreamRpc-bossGroup--thread1] INFO  logging.LoggingHandler (AbstractInternalLogger.java:log(148)) - [id: 0x8fd6d62a] BIND: 0.0.0.0/0.0.0.0:0
2023-02-01 19:04:03,846 [0e631a51-c9de-4e15-b89a-5991bd1d32f2-NettyServerStreamRpc-bossGroup--thread1] INFO  logging.LoggingHandler (AbstractInternalLogger.java:log(148)) - [id: 0x8fd6d62a, L:/0:0:0:0:0:0:0:0:37373] ACTIVE
2023-02-01 19:04:03,853 [Listener at 127.0.0.1/34005] INFO  server.XceiverServerGrpc (XceiverServerGrpc.java:<init>(132)) - GrpcServer channel type EpollServerSocketChannel
2023-02-01 19:04:03,864 [Listener at 127.0.0.1/34005] INFO  http.BaseHttpServer (BaseHttpServer.java:newHttpServer2BuilderForOzone(213)) - Starting Web-server for hddsDatanode at: http://0.0.0.0:0
2023-02-01 19:04:03,864 [Listener at 127.0.0.1/34005] INFO  http.BaseHttpServer (BaseHttpServer.java:<init>(108)) - Hadoop Security Enabled: false Ozone Security Enabled: false Ozone HTTP Security Enabled: false 
2023-02-01 19:04:03,865 [Listener at 127.0.0.1/34005] WARN  server.AuthenticationFilter (AuthenticationFilter.java:constructSecretProvider(240)) - Unable to initialize FileSignerSecretProvider, falling back to use random secrets. Reason: Could not read signature secret file: /home/runner/hadoop-http-auth-signature-secret
2023-02-01 19:04:03,866 [Listener at 127.0.0.1/34005] WARN  http.HttpRequestLog (HttpRequestLog.java:getRequestLog(103)) - Jetty request log can only be enabled using Log4j
2023-02-01 19:04:03,867 [Listener at 127.0.0.1/34005] INFO  http.HttpServer2 (HttpServer2.java:addGlobalFilter(1031)) - Added global filter 'safety' (class=org.apache.hadoop.hdds.server.http.HttpServer2$QuotingInputFilter)
2023-02-01 19:04:03,867 [om1@group-C5BA1605619E-FollowerState] INFO  impl.FollowerState (FollowerState.java:run(143)) - om1@group-C5BA1605619E-FollowerState: change to CANDIDATE, lastRpcElapsedTime:1123770309ns, electionTimeout:1115ms
2023-02-01 19:04:03,867 [Listener at 127.0.0.1/34005] INFO  http.HttpServer2 (HttpServer2.java:addFilter(1007)) - Added filter static_user_filter (class=org.apache.hadoop.http.lib.StaticUserWebFilter$StaticUserFilter) to context hddsDatanode
2023-02-01 19:04:03,867 [Listener at 127.0.0.1/34005] INFO  http.HttpServer2 (HttpServer2.java:addFilter(1015)) - Added filter static_user_filter (class=org.apache.hadoop.http.lib.StaticUserWebFilter$StaticUserFilter) to context static
2023-02-01 19:04:03,868 [Listener at 127.0.0.1/34005] INFO  http.HttpServer2 (HttpServer2.java:addFilter(1015)) - Added filter static_user_filter (class=org.apache.hadoop.http.lib.StaticUserWebFilter$StaticUserFilter) to context logs
2023-02-01 19:04:03,868 [om1@group-C5BA1605619E-FollowerState] INFO  impl.RoleInfo (RoleInfo.java:shutdownFollowerState(110)) - om1: shutdown om1@group-C5BA1605619E-FollowerState
2023-02-01 19:04:03,869 [om1@group-C5BA1605619E-FollowerState] INFO  server.RaftServer$Division (RaftServerImpl.java:setRole(321)) - om1@group-C5BA1605619E: changes role from  FOLLOWER to CANDIDATE at term 0 for changeToCandidate
2023-02-01 19:04:03,872 [om1@group-C5BA1605619E-FollowerState] INFO  server.RaftServerConfigKeys (ConfUtils.java:logGet(46)) - raft.server.leaderelection.pre-vote = false (custom)
2023-02-01 19:04:03,872 [om1@group-C5BA1605619E-FollowerState] INFO  impl.RoleInfo (RoleInfo.java:updateAndGet(139)) - om1: start om1@group-C5BA1605619E-LeaderElection1
2023-02-01 19:04:03,878 [Listener at 127.0.0.1/34005] INFO  http.HttpServer2 (HttpServer2.java:bindListener(1250)) - Jetty bound to port 37201
2023-02-01 19:04:03,878 [Listener at 127.0.0.1/34005] INFO  server.Server (Server.java:doStart(375)) - jetty-9.4.49.v20220914; built: 2022-09-14T01:07:36.601Z; git: 4231a3b2e4cb8548a412a789936d640a97b1aa0a; jvm 1.8.0_352-b08
2023-02-01 19:04:03,888 [om1@group-C5BA1605619E-LeaderElection1] INFO  impl.LeaderElection (LeaderElection.java:askForVotes(312)) - om1@group-C5BA1605619E-LeaderElection1 ELECTION round 0: submit vote requests at term 1 for -1: peers:[om1|rpc:localhost:9872|priority:0|startupRole:FOLLOWER]|listeners:[], old=null
2023-02-01 19:04:03,889 [om1@group-C5BA1605619E-LeaderElection1] INFO  impl.LeaderElection (LeaderElection.java:askForVotes(314)) - om1@group-C5BA1605619E-LeaderElection1 ELECTION round 0: result PASSED (term=1)
2023-02-01 19:04:03,890 [om1@group-C5BA1605619E-LeaderElection1] INFO  impl.RoleInfo (RoleInfo.java:shutdownLeaderElection(130)) - om1: shutdown om1@group-C5BA1605619E-LeaderElection1
2023-02-01 19:04:03,891 [om1@group-C5BA1605619E-LeaderElection1] INFO  server.RaftServer$Division (RaftServerImpl.java:setRole(321)) - om1@group-C5BA1605619E: changes role from CANDIDATE to LEADER at term 1 for changeToLeader
2023-02-01 19:04:03,891 [om1@group-C5BA1605619E-LeaderElection1] INFO  server.RaftServer$Division (ServerState.java:setLeader(313)) - om1@group-C5BA1605619E: change Leader from null to om1 at term 1 for becomeLeader, leader elected after 2138ms
2023-02-01 19:04:03,895 [Listener at 127.0.0.1/34005] INFO  server.session (DefaultSessionIdManager.java:doStart(334)) - DefaultSessionIdManager workerName=node0
2023-02-01 19:04:03,895 [Listener at 127.0.0.1/34005] INFO  server.session (DefaultSessionIdManager.java:doStart(339)) - No SessionScavenger set, using defaults
2023-02-01 19:04:03,896 [Listener at 127.0.0.1/34005] INFO  server.session (HouseKeeper.java:startScavenging(132)) - node0 Scavenging every 600000ms
2023-02-01 19:04:03,897 [Listener at 127.0.0.1/34005] INFO  handler.ContextHandler (ContextHandler.java:doStart(921)) - Started o.e.j.s.ServletContextHandler@73e3227c{logs,/logs,file:///home/runner/work/ozone/ozone/hadoop-ozone/integration-test/target/log,AVAILABLE}
2023-02-01 19:04:03,897 [Listener at 127.0.0.1/34005] INFO  handler.ContextHandler (ContextHandler.java:doStart(921)) - Started o.e.j.s.ServletContextHandler@5e9771a5{static,/static,jar:file:/home/runner/.m2/repository/org/apache/ozone/hdds-container-service/1.4.0-SNAPSHOT/hdds-container-service-1.4.0-SNAPSHOT.jar!/webapps/static,AVAILABLE}
2023-02-01 19:04:03,905 [om1@group-C5BA1605619E-LeaderElection1] INFO  server.RaftServerConfigKeys (ConfUtils.java:logGet(46)) - raft.server.staging.catchup.gap = 1000 (default)
2023-02-01 19:04:03,907 [Datanode State Machine Task Thread - 0] INFO  datanode.InitDatanodeState (InitDatanodeState.java:persistContainerDatanodeDetails(138)) - DatanodeDetails is persisted to /home/runner/work/ozone/ozone/hadoop-ozone/integration-test/target/test-dir/MiniOzoneClusterImpl-74e3824a-f6bc-4c6a-9d81-a3a47ccb7612/datanode-0/meta/datanode.id
2023-02-01 19:04:03,913 [om1@group-C5BA1605619E-LeaderElection1] INFO  server.RaftServerConfigKeys (ConfUtils.java:logGet(46)) - raft.server.write.element-limit = 4096 (default)
2023-02-01 19:04:03,914 [om1@group-C5BA1605619E-LeaderElection1] INFO  server.RaftServerConfigKeys (ConfUtils.java:logGet(46)) - raft.server.write.byte-limit = 64MB (=67108864) (default)
2023-02-01 19:04:03,926 [om1@group-C5BA1605619E-LeaderElection1] INFO  server.RaftServerConfigKeys (ConfUtils.java:logGet(46)) - raft.server.watch.timeout = 10s (default)
2023-02-01 19:04:03,926 [om1@group-C5BA1605619E-LeaderElection1] INFO  server.RaftServerConfigKeys (ConfUtils.java:logGet(46)) - raft.server.watch.timeout.denomination = 1s (default)
2023-02-01 19:04:03,927 [om1@group-C5BA1605619E-LeaderElection1] INFO  server.RaftServerConfigKeys (ConfUtils.java:logGet(46)) - raft.server.watch.element-limit = 65536 (default)
2023-02-01 19:04:03,936 [om1@group-C5BA1605619E-LeaderElection1] INFO  server.RaftServerConfigKeys (ConfUtils.java:logGet(46)) - raft.server.write.element-limit = 4096 (default)
2023-02-01 19:04:03,944 [om1@group-C5BA1605619E-LeaderElection1] INFO  server.RaftServerConfigKeys (ConfUtils.java:logGet(46)) - raft.server.write.follower.gap.ratio.max = -1.0 (default)
2023-02-01 19:04:03,947 [om1@group-C5BA1605619E-LeaderElection1] INFO  impl.RoleInfo (RoleInfo.java:updateAndGet(139)) - om1: start om1@group-C5BA1605619E-LeaderStateImpl
2023-02-01 19:04:03,976 [om1@group-C5BA1605619E-LeaderElection1] INFO  segmented.SegmentedRaftLogWorker (SegmentedRaftLogWorker.java:startLogSegment(452)) - om1@group-C5BA1605619E-SegmentedRaftLogWorker: Starting segment from index:0
2023-02-01 19:04:04,085 [om1@group-C5BA1605619E-LeaderElection1] INFO  server.RaftServer$Division (ServerState.java:setRaftConf(430)) - om1@group-C5BA1605619E: set configuration 0: peers:[om1|rpc:localhost:9872|admin:|client:|dataStream:|priority:0|startupRole:FOLLOWER]|listeners:[], old=null
2023-02-01 19:04:04,175 [om1@group-C5BA1605619E-SegmentedRaftLogWorker] INFO  segmented.SegmentedRaftLogWorker (SegmentedRaftLogWorker.java:execute(656)) - om1@group-C5BA1605619E-SegmentedRaftLogWorker: created new log segment /home/runner/work/ozone/ozone/hadoop-ozone/integration-test/target/test-dir/MiniOzoneClusterImpl-74e3824a-f6bc-4c6a-9d81-a3a47ccb7612/ozone-meta/ratis/bf265839-605b-3f16-9796-c5ba1605619e/current/log_inprogress_0
2023-02-01 19:04:04,193 [Listener at 127.0.0.1/34005] INFO  handler.ContextHandler (ContextHandler.java:doStart(921)) - Started o.e.j.w.WebAppContext@2ba29fef{hddsDatanode,/,file:///tmp/jetty-0_0_0_0-37201-hdds-container-service-1_4_0-SNAPSHOT_jar-_-any-1045509252866395073/webapp/,AVAILABLE}{jar:file:/home/runner/.m2/repository/org/apache/ozone/hdds-container-service/1.4.0-SNAPSHOT/hdds-container-service-1.4.0-SNAPSHOT.jar!/webapps/hddsDatanode}
2023-02-01 19:04:04,195 [Listener at 127.0.0.1/34005] INFO  server.AbstractConnector (AbstractConnector.java:doStart(333)) - Started ServerConnector@5a56aa85{HTTP/1.1, (http/1.1)}{0.0.0.0:37201}
2023-02-01 19:04:04,196 [Listener at 127.0.0.1/34005] INFO  server.Server (Server.java:doStart(415)) - Started @8392ms
2023-02-01 19:04:04,196 [Listener at 127.0.0.1/34005] WARN  impl.MetricsSystemImpl (MetricsSystemImpl.java:register(279)) - Sink prometheus already exists!
2023-02-01 19:04:04,197 [Listener at 127.0.0.1/34005] INFO  http.BaseHttpServer (BaseHttpServer.java:updateConnectorAddress(333)) - HTTP server of hddsDatanode listening at http://0.0.0.0:37201
2023-02-01 19:04:04,203 [Listener at 127.0.0.1/34005] WARN  impl.MetricRegistriesImpl (MetricRegistriesImpl.java:addReporterRegistration(111)) - New reporters are added after registries were created. Some metrics will be missing from the reporter. Please add reporter before adding any new registry.
2023-02-01 19:04:04,203 [Listener at 127.0.0.1/34005] WARN  impl.MetricRegistriesImpl (MetricRegistriesImpl.java:addReporterRegistration(111)) - New reporters are added after registries were created. Some metrics will be missing from the reporter. Please add reporter before adding any new registry.
2023-02-01 19:04:04,203 [Listener at 127.0.0.1/34005] INFO  impl.MetricsSystemImpl (MetricsSystemImpl.java:init(158)) - HddsDatanode metrics system started (again)
2023-02-01 19:04:04,204 [Datanode State Machine Daemon Thread] INFO  statemachine.DatanodeStateMachine (DatanodeStateMachine.java:lambda$startDaemon$0(517)) - Ozone container server started.
2023-02-01 19:04:04,235 [Listener at 127.0.0.1/34005] INFO  ozone.HddsDatanodeService (HddsDatanodeService.java:start(228)) - HddsDatanodeService host:fv-az213-973.c2vz3wqhpjau3hcstnyptvmwla.cx.internal.cloudapp.net ip:10.1.0.60
2023-02-01 19:04:04,275 [Listener at 127.0.0.1/34005] INFO  upgrade.AbstractLayoutVersionManager (AbstractLayoutVersionManager.java:init(83)) - Initializing Layout version manager with metadata layout = DATANODE_SCHEMA_V3 (version = 4), software layout = DATANODE_SCHEMA_V3 (version = 4)
2023-02-01 19:04:04,279 [org.apache.hadoop.util.JvmPauseMonitor$Monitor@4be684a9] INFO  util.JvmPauseMonitor (JvmPauseMonitor.java:run(188)) - Starting JVM pause monitor
2023-02-01 19:04:04,291 [Datanode State Machine Task Thread - 0] INFO  datanode.InitDatanodeState (InitDatanodeState.java:persistContainerDatanodeDetails(138)) - DatanodeDetails is persisted to /home/runner/work/ozone/ozone/hadoop-ozone/integration-test/target/test-dir/MiniOzoneClusterImpl-74e3824a-f6bc-4c6a-9d81-a3a47ccb7612/datanode-1/meta/datanode.id
2023-02-01 19:04:04,401 [om1@group-C5BA1605619E-StateMachineUpdater] INFO  ratis.OzoneManagerStateMachine (OzoneManagerStateMachine.java:notifyConfigurationChanged(192)) - Received Configuration change notification from Ratis. New Peer list:
[id: "om1"
address: "localhost:9872"
startupRole: FOLLOWER
]
2023-02-01 19:04:04,404 [Listener at 127.0.0.1/34005] INFO  reflections.Reflections (Reflections.java:scan(232)) - Reflections took 125 ms to scan 7 urls, producing 149 keys and 361 values 
2023-02-01 19:04:04,407 [Listener at 127.0.0.1/34005] INFO  statemachine.DatanodeStateMachine (DatanodeStateMachine.java:getEndPointTaskThreadPoolSize(261)) - Datanode State Machine Task Thread Pool size 2
2023-02-01 19:04:04,411 [Listener at 127.0.0.1/34005] INFO  volume.HddsVolume (HddsVolume.java:<init>(117)) - Creating HddsVolume: /home/runner/work/ozone/ozone/hadoop-ozone/integration-test/target/test-dir/MiniOzoneClusterImpl-74e3824a-f6bc-4c6a-9d81-a3a47ccb7612/datanode-2/data-0/containers/hdds of storage type : DISK capacity : 9223372036854775807
2023-02-01 19:04:04,411 [Listener at 127.0.0.1/34005] INFO  volume.MutableVolumeSet (MutableVolumeSet.java:initializeVolumeSet(174)) - Added Volume : /home/runner/work/ozone/ozone/hadoop-ozone/integration-test/target/test-dir/MiniOzoneClusterImpl-74e3824a-f6bc-4c6a-9d81-a3a47ccb7612/datanode-2/data-0/containers/hdds to VolumeSet
2023-02-01 19:04:04,411 [Listener at 127.0.0.1/34005] INFO  volume.ThrottledAsyncChecker (ThrottledAsyncChecker.java:schedule(141)) - Scheduling a check for /home/runner/work/ozone/ozone/hadoop-ozone/integration-test/target/test-dir/MiniOzoneClusterImpl-74e3824a-f6bc-4c6a-9d81-a3a47ccb7612/datanode-2/data-0/containers/hdds
2023-02-01 19:04:04,416 [Listener at 127.0.0.1/34005] INFO  volume.StorageVolumeChecker (StorageVolumeChecker.java:checkAllVolumes(202)) - Scheduled health check for volume /home/runner/work/ozone/ozone/hadoop-ozone/integration-test/target/test-dir/MiniOzoneClusterImpl-74e3824a-f6bc-4c6a-9d81-a3a47ccb7612/datanode-2/data-0/containers/hdds
2023-02-01 19:04:04,430 [Listener at 127.0.0.1/34005] INFO  volume.MutableVolumeSet (MutableVolumeSet.java:initializeVolumeSet(174)) - Added Volume : /home/runner/work/ozone/ozone/hadoop-ozone/integration-test/target/test-dir/MiniOzoneClusterImpl-74e3824a-f6bc-4c6a-9d81-a3a47ccb7612/datanode-2/data/ratis to VolumeSet
2023-02-01 19:04:04,430 [Listener at 127.0.0.1/34005] INFO  volume.ThrottledAsyncChecker (ThrottledAsyncChecker.java:schedule(141)) - Scheduling a check for /home/runner/work/ozone/ozone/hadoop-ozone/integration-test/target/test-dir/MiniOzoneClusterImpl-74e3824a-f6bc-4c6a-9d81-a3a47ccb7612/datanode-2/data/ratis
2023-02-01 19:04:04,430 [Listener at 127.0.0.1/34005] INFO  volume.StorageVolumeChecker (StorageVolumeChecker.java:checkAllVolumes(202)) - Scheduled health check for volume /home/runner/work/ozone/ozone/hadoop-ozone/integration-test/target/test-dir/MiniOzoneClusterImpl-74e3824a-f6bc-4c6a-9d81-a3a47ccb7612/datanode-2/data/ratis
2023-02-01 19:04:04,445 [Thread-166] INFO  ozoneimpl.ContainerReader (ContainerReader.java:readVolume(175)) - Finish verifying containers on volume /home/runner/work/ozone/ozone/hadoop-ozone/integration-test/target/test-dir/MiniOzoneClusterImpl-74e3824a-f6bc-4c6a-9d81-a3a47ccb7612/datanode-2/data-0/containers/hdds
2023-02-01 19:04:04,445 [Listener at 127.0.0.1/34005] INFO  ozoneimpl.OzoneContainer (OzoneContainer.java:buildContainerSet(305)) - Build ContainerSet costs 0s
2023-02-01 19:04:04,453 [Listener at 127.0.0.1/34005] INFO  server.RaftServer (ConfUtils.java:logGet(46)) - raft.rpc.type = GRPC (default)
2023-02-01 19:04:04,454 [Listener at 127.0.0.1/34005] INFO  grpc.GrpcConfigKeys (ConfUtils.java:logFallback(53)) - raft.grpc.admin.host = null (fallback to raft.grpc.server.host)
2023-02-01 19:04:04,455 [Listener at 127.0.0.1/34005] INFO  grpc.GrpcConfigKeys (ConfUtils.java:logGet(46)) - raft.grpc.admin.port = 0 (custom)
2023-02-01 19:04:04,455 [Listener at 127.0.0.1/34005] INFO  grpc.GrpcConfigKeys (ConfUtils.java:logFallback(53)) - raft.grpc.client.host = null (fallback to raft.grpc.server.host)
2023-02-01 19:04:04,455 [Listener at 127.0.0.1/34005] INFO  grpc.GrpcConfigKeys (ConfUtils.java:logGet(46)) - raft.grpc.client.port = 0 (custom)
2023-02-01 19:04:04,456 [Listener at 127.0.0.1/34005] INFO  grpc.GrpcConfigKeys (ConfUtils.java:logGet(46)) - raft.grpc.server.host = null (default)
2023-02-01 19:04:04,456 [Listener at 127.0.0.1/34005] INFO  grpc.GrpcConfigKeys (ConfUtils.java:logGet(46)) - raft.grpc.server.port = 0 (default)
2023-02-01 19:04:04,456 [Listener at 127.0.0.1/34005] INFO  server.GrpcService (ConfUtils.java:logGet(46)) - raft.grpc.message.size.max = 32MB (=33554432) (custom)
2023-02-01 19:04:04,456 [Listener at 127.0.0.1/34005] INFO  server.RaftServerConfigKeys (ConfUtils.java:logGet(46)) - raft.server.log.appender.buffer.byte-limit = 33554432 (custom)
2023-02-01 19:04:04,457 [Listener at 127.0.0.1/34005] INFO  server.GrpcService (ConfUtils.java:logGet(46)) - raft.grpc.flow.control.window = 5MB (=5242880) (custom)
2023-02-01 19:04:04,457 [Listener at 127.0.0.1/34005] INFO  server.RaftServerConfigKeys (ConfUtils.java:logGet(46)) - raft.server.rpc.request.timeout = 60s (custom)
2023-02-01 19:04:04,457 [Listener at 127.0.0.1/34005] INFO  grpc.GrpcConfigKeys (ConfUtils.java:logGet(46)) - raft.grpc.server.heartbeat.channel = true (default)
2023-02-01 19:04:04,457 [Listener at 127.0.0.1/34005] INFO  grpc.GrpcConfigKeys (ConfUtils.java:logGet(46)) - raft.grpc.server.async.request.thread.pool.cached = true (default)
2023-02-01 19:04:04,457 [Listener at 127.0.0.1/34005] INFO  grpc.GrpcConfigKeys (ConfUtils.java:logGet(46)) - raft.grpc.server.async.request.thread.pool.size = 32 (default)
2023-02-01 19:04:04,459 [Listener at 127.0.0.1/34005] INFO  impl.DataStreamServerImpl (ConfUtils.java:logGet(46)) - raft.datastream.type = NETTY (custom)
2023-02-01 19:04:04,459 [Listener at 127.0.0.1/34005] INFO  server.RaftServerConfigKeys (ConfUtils.java:logGet(46)) - raft.server.data-stream.async.request.thread.pool.cached = false (default)
2023-02-01 19:04:04,460 [Listener at 127.0.0.1/34005] INFO  server.RaftServerConfigKeys (ConfUtils.java:logGet(46)) - raft.server.data-stream.async.request.thread.pool.size = 20 (custom)
2023-02-01 19:04:04,460 [Listener at 127.0.0.1/34005] INFO  server.RaftServerConfigKeys (ConfUtils.java:logGet(46)) - raft.server.data-stream.async.write.thread.pool.size = 16 (default)
2023-02-01 19:04:04,460 [Listener at 127.0.0.1/34005] INFO  server.RaftServerConfigKeys (ConfUtils.java:logGet(46)) - raft.server.data-stream.client.pool.size = 10 (default)
2023-02-01 19:04:04,461 [Listener at 127.0.0.1/34005] INFO  netty.NettyConfigKeys$DataStream (ConfUtils.java:logGet(46)) - raft.netty.dataStream.server.use-epoll = false (default)
2023-02-01 19:04:04,461 [Listener at 127.0.0.1/34005] INFO  netty.NettyConfigKeys$DataStream (ConfUtils.java:logGet(46)) - raft.netty.dataStream.server.boss-group.size = 0 (default)
2023-02-01 19:04:04,461 [Listener at 127.0.0.1/34005] INFO  netty.NettyConfigKeys$DataStream (ConfUtils.java:logGet(46)) - raft.netty.dataStream.server.worker-group.size = 0 (default)
2023-02-01 19:04:04,462 [Listener at 127.0.0.1/34005] INFO  netty.NettyConfigKeys$DataStream (ConfUtils.java:logGet(46)) - raft.netty.dataStream.server.tls.conf = null (default)
2023-02-01 19:04:04,462 [Listener at 127.0.0.1/34005] INFO  netty.NettyConfigKeys$DataStream (ConfUtils.java:logGet(46)) - raft.netty.dataStream.host = null (default)
2023-02-01 19:04:04,462 [Listener at 127.0.0.1/34005] INFO  netty.NettyConfigKeys$DataStream (ConfUtils.java:logGet(46)) - raft.netty.dataStream.port = 0 (default)
2023-02-01 19:04:04,463 [Listener at 127.0.0.1/34005] INFO  server.RaftServerConfigKeys (ConfUtils.java:logGet(46)) - raft.server.threadpool.proxy.cached = true (default)
2023-02-01 19:04:04,463 [Listener at 127.0.0.1/34005] INFO  server.RaftServerConfigKeys (ConfUtils.java:logGet(46)) - raft.server.threadpool.proxy.size = 0 (default)
2023-02-01 19:04:04,463 [Listener at 127.0.0.1/34005] INFO  server.RaftServerConfigKeys (ConfUtils.java:logGet(46)) - raft.server.rpc.slowness.timeout = 300s (custom)
2023-02-01 19:04:04,463 [Listener at 127.0.0.1/34005] INFO  server.RaftServerConfigKeys (ConfUtils.java:logGet(46)) - raft.server.leaderelection.leader.step-down.wait-time = 10s (default)
2023-02-01 19:04:04,463 [Listener at 127.0.0.1/34005] INFO  server.RaftServerConfigKeys (ConfUtils.java:logGet(46)) - raft.server.storage.dir = [/home/runner/work/ozone/ozone/hadoop-ozone/integration-test/target/test-dir/MiniOzoneClusterImpl-74e3824a-f6bc-4c6a-9d81-a3a47ccb7612/datanode-2/data/ratis] (custom)
2023-02-01 19:04:04,467 [24429374-fab9-4c1d-9c36-955fd0efba95-NettyServerStreamRpc-bossGroup--thread1] INFO  logging.LoggingHandler (AbstractInternalLogger.java:log(148)) - [id: 0x4ed54381] REGISTERED
2023-02-01 19:04:04,467 [24429374-fab9-4c1d-9c36-955fd0efba95-NettyServerStreamRpc-bossGroup--thread1] INFO  logging.LoggingHandler (AbstractInternalLogger.java:log(148)) - [id: 0x4ed54381] BIND: 0.0.0.0/0.0.0.0:0
2023-02-01 19:04:04,468 [24429374-fab9-4c1d-9c36-955fd0efba95-NettyServerStreamRpc-bossGroup--thread1] INFO  logging.LoggingHandler (AbstractInternalLogger.java:log(148)) - [id: 0x4ed54381, L:/0:0:0:0:0:0:0:0:46515] ACTIVE
2023-02-01 19:04:04,470 [Listener at 127.0.0.1/34005] INFO  server.XceiverServerGrpc (XceiverServerGrpc.java:<init>(132)) - GrpcServer channel type EpollServerSocketChannel
2023-02-01 19:04:04,480 [Listener at 127.0.0.1/34005] INFO  http.BaseHttpServer (BaseHttpServer.java:newHttpServer2BuilderForOzone(213)) - Starting Web-server for hddsDatanode at: http://0.0.0.0:0
2023-02-01 19:04:04,480 [Listener at 127.0.0.1/34005] INFO  http.BaseHttpServer (BaseHttpServer.java:<init>(108)) - Hadoop Security Enabled: false Ozone Security Enabled: false Ozone HTTP Security Enabled: false 
2023-02-01 19:04:04,481 [Listener at 127.0.0.1/34005] WARN  server.AuthenticationFilter (AuthenticationFilter.java:constructSecretProvider(240)) - Unable to initialize FileSignerSecretProvider, falling back to use random secrets. Reason: Could not read signature secret file: /home/runner/hadoop-http-auth-signature-secret
2023-02-01 19:04:04,488 [Listener at 127.0.0.1/34005] WARN  http.HttpRequestLog (HttpRequestLog.java:getRequestLog(103)) - Jetty request log can only be enabled using Log4j
2023-02-01 19:04:04,492 [Listener at 127.0.0.1/34005] INFO  http.HttpServer2 (HttpServer2.java:addGlobalFilter(1031)) - Added global filter 'safety' (class=org.apache.hadoop.hdds.server.http.HttpServer2$QuotingInputFilter)
2023-02-01 19:04:04,493 [Listener at 127.0.0.1/34005] INFO  http.HttpServer2 (HttpServer2.java:addFilter(1007)) - Added filter static_user_filter (class=org.apache.hadoop.http.lib.StaticUserWebFilter$StaticUserFilter) to context hddsDatanode
2023-02-01 19:04:04,493 [Listener at 127.0.0.1/34005] INFO  http.HttpServer2 (HttpServer2.java:addFilter(1015)) - Added filter static_user_filter (class=org.apache.hadoop.http.lib.StaticUserWebFilter$StaticUserFilter) to context static
2023-02-01 19:04:04,493 [Listener at 127.0.0.1/34005] INFO  http.HttpServer2 (HttpServer2.java:addFilter(1015)) - Added filter static_user_filter (class=org.apache.hadoop.http.lib.StaticUserWebFilter$StaticUserFilter) to context logs
2023-02-01 19:04:04,495 [Listener at 127.0.0.1/34005] INFO  http.HttpServer2 (HttpServer2.java:bindListener(1250)) - Jetty bound to port 40181
2023-02-01 19:04:04,495 [Listener at 127.0.0.1/34005] INFO  server.Server (Server.java:doStart(375)) - jetty-9.4.49.v20220914; built: 2022-09-14T01:07:36.601Z; git: 4231a3b2e4cb8548a412a789936d640a97b1aa0a; jvm 1.8.0_352-b08
2023-02-01 19:04:04,505 [Listener at 127.0.0.1/34005] INFO  server.session (DefaultSessionIdManager.java:doStart(334)) - DefaultSessionIdManager workerName=node0
2023-02-01 19:04:04,505 [Listener at 127.0.0.1/34005] INFO  server.session (DefaultSessionIdManager.java:doStart(339)) - No SessionScavenger set, using defaults
2023-02-01 19:04:04,505 [Listener at 127.0.0.1/34005] INFO  server.session (HouseKeeper.java:startScavenging(132)) - node0 Scavenging every 600000ms
2023-02-01 19:04:04,507 [Listener at 127.0.0.1/34005] INFO  handler.ContextHandler (ContextHandler.java:doStart(921)) - Started o.e.j.s.ServletContextHandler@2c49eefd{logs,/logs,file:///home/runner/work/ozone/ozone/hadoop-ozone/integration-test/target/log,AVAILABLE}
2023-02-01 19:04:04,507 [Listener at 127.0.0.1/34005] INFO  handler.ContextHandler (ContextHandler.java:doStart(921)) - Started o.e.j.s.ServletContextHandler@6a662854{static,/static,jar:file:/home/runner/.m2/repository/org/apache/ozone/hdds-container-service/1.4.0-SNAPSHOT/hdds-container-service-1.4.0-SNAPSHOT.jar!/webapps/static,AVAILABLE}
2023-02-01 19:04:04,704 [Listener at 127.0.0.1/34005] INFO  handler.ContextHandler (ContextHandler.java:doStart(921)) - Started o.e.j.w.WebAppContext@7269f0f5{hddsDatanode,/,file:///tmp/jetty-0_0_0_0-40181-hdds-container-service-1_4_0-SNAPSHOT_jar-_-any-4403233190078770292/webapp/,AVAILABLE}{jar:file:/home/runner/.m2/repository/org/apache/ozone/hdds-container-service/1.4.0-SNAPSHOT/hdds-container-service-1.4.0-SNAPSHOT.jar!/webapps/hddsDatanode}
2023-02-01 19:04:04,706 [Listener at 127.0.0.1/34005] INFO  server.AbstractConnector (AbstractConnector.java:doStart(333)) - Started ServerConnector@32850adc{HTTP/1.1, (http/1.1)}{0.0.0.0:40181}
2023-02-01 19:04:04,706 [Listener at 127.0.0.1/34005] INFO  server.Server (Server.java:doStart(415)) - Started @8902ms
2023-02-01 19:04:04,707 [Listener at 127.0.0.1/34005] WARN  impl.MetricsSystemImpl (MetricsSystemImpl.java:register(279)) - Sink prometheus already exists!
2023-02-01 19:04:04,707 [Listener at 127.0.0.1/34005] INFO  http.BaseHttpServer (BaseHttpServer.java:updateConnectorAddress(333)) - HTTP server of hddsDatanode listening at http://0.0.0.0:40181
2023-02-01 19:04:04,708 [Datanode State Machine Daemon Thread] INFO  statemachine.DatanodeStateMachine (DatanodeStateMachine.java:lambda$startDaemon$0(517)) - Ozone container server started.
2023-02-01 19:04:04,710 [Listener at 127.0.0.1/34005] WARN  impl.MetricRegistriesImpl (MetricRegistriesImpl.java:addReporterRegistration(111)) - New reporters are added after registries were created. Some metrics will be missing from the reporter. Please add reporter before adding any new registry.
2023-02-01 19:04:04,710 [Listener at 127.0.0.1/34005] WARN  impl.MetricRegistriesImpl (MetricRegistriesImpl.java:addReporterRegistration(111)) - New reporters are added after registries were created. Some metrics will be missing from the reporter. Please add reporter before adding any new registry.
2023-02-01 19:04:04,710 [Listener at 127.0.0.1/34005] INFO  impl.MetricsSystemImpl (MetricsSystemImpl.java:init(158)) - HddsDatanode metrics system started (again)
2023-02-01 19:04:04,726 [org.apache.hadoop.util.JvmPauseMonitor$Monitor@5e62b803] INFO  util.JvmPauseMonitor (JvmPauseMonitor.java:run(188)) - Starting JVM pause monitor
2023-02-01 19:04:04,728 [Datanode State Machine Task Thread - 0] INFO  datanode.InitDatanodeState (InitDatanodeState.java:persistContainerDatanodeDetails(138)) - DatanodeDetails is persisted to /home/runner/work/ozone/ozone/hadoop-ozone/integration-test/target/test-dir/MiniOzoneClusterImpl-74e3824a-f6bc-4c6a-9d81-a3a47ccb7612/datanode-2/meta/datanode.id
2023-02-01 19:04:04,736 [Listener at 127.0.0.1/34005] INFO  ozone.HddsDatanodeService (HddsDatanodeService.java:start(228)) - HddsDatanodeService host:fv-az213-973.c2vz3wqhpjau3hcstnyptvmwla.cx.internal.cloudapp.net ip:10.1.0.60
2023-02-01 19:04:04,757 [Listener at 127.0.0.1/34005] INFO  upgrade.AbstractLayoutVersionManager (AbstractLayoutVersionManager.java:init(83)) - Initializing Layout version manager with metadata layout = DATANODE_SCHEMA_V3 (version = 4), software layout = DATANODE_SCHEMA_V3 (version = 4)
2023-02-01 19:04:04,801 [Listener at 127.0.0.1/34005] INFO  reflections.Reflections (Reflections.java:scan(232)) - Reflections took 43 ms to scan 7 urls, producing 149 keys and 361 values 
2023-02-01 19:04:04,803 [Listener at 127.0.0.1/34005] INFO  statemachine.DatanodeStateMachine (DatanodeStateMachine.java:getEndPointTaskThreadPoolSize(261)) - Datanode State Machine Task Thread Pool size 2
2023-02-01 19:04:04,805 [Listener at 127.0.0.1/34005] INFO  volume.HddsVolume (HddsVolume.java:<init>(117)) - Creating HddsVolume: /home/runner/work/ozone/ozone/hadoop-ozone/integration-test/target/test-dir/MiniOzoneClusterImpl-74e3824a-f6bc-4c6a-9d81-a3a47ccb7612/datanode-3/data-0/containers/hdds of storage type : DISK capacity : 9223372036854775807
2023-02-01 19:04:04,805 [Listener at 127.0.0.1/34005] INFO  volume.MutableVolumeSet (MutableVolumeSet.java:initializeVolumeSet(174)) - Added Volume : /home/runner/work/ozone/ozone/hadoop-ozone/integration-test/target/test-dir/MiniOzoneClusterImpl-74e3824a-f6bc-4c6a-9d81-a3a47ccb7612/datanode-3/data-0/containers/hdds to VolumeSet
2023-02-01 19:04:04,805 [Listener at 127.0.0.1/34005] INFO  volume.ThrottledAsyncChecker (ThrottledAsyncChecker.java:schedule(141)) - Scheduling a check for /home/runner/work/ozone/ozone/hadoop-ozone/integration-test/target/test-dir/MiniOzoneClusterImpl-74e3824a-f6bc-4c6a-9d81-a3a47ccb7612/datanode-3/data-0/containers/hdds
2023-02-01 19:04:04,808 [Listener at 127.0.0.1/34005] INFO  volume.StorageVolumeChecker (StorageVolumeChecker.java:checkAllVolumes(202)) - Scheduled health check for volume /home/runner/work/ozone/ozone/hadoop-ozone/integration-test/target/test-dir/MiniOzoneClusterImpl-74e3824a-f6bc-4c6a-9d81-a3a47ccb7612/datanode-3/data-0/containers/hdds
2023-02-01 19:04:04,820 [Listener at 127.0.0.1/34005] INFO  volume.MutableVolumeSet (MutableVolumeSet.java:initializeVolumeSet(174)) - Added Volume : /home/runner/work/ozone/ozone/hadoop-ozone/integration-test/target/test-dir/MiniOzoneClusterImpl-74e3824a-f6bc-4c6a-9d81-a3a47ccb7612/datanode-3/data/ratis to VolumeSet
2023-02-01 19:04:04,820 [Listener at 127.0.0.1/34005] INFO  volume.ThrottledAsyncChecker (ThrottledAsyncChecker.java:schedule(141)) - Scheduling a check for /home/runner/work/ozone/ozone/hadoop-ozone/integration-test/target/test-dir/MiniOzoneClusterImpl-74e3824a-f6bc-4c6a-9d81-a3a47ccb7612/datanode-3/data/ratis
2023-02-01 19:04:04,820 [Listener at 127.0.0.1/34005] INFO  volume.StorageVolumeChecker (StorageVolumeChecker.java:checkAllVolumes(202)) - Scheduled health check for volume /home/runner/work/ozone/ozone/hadoop-ozone/integration-test/target/test-dir/MiniOzoneClusterImpl-74e3824a-f6bc-4c6a-9d81-a3a47ccb7612/datanode-3/data/ratis
2023-02-01 19:04:04,831 [Thread-180] INFO  ozoneimpl.ContainerReader (ContainerReader.java:readVolume(175)) - Finish verifying containers on volume /home/runner/work/ozone/ozone/hadoop-ozone/integration-test/target/test-dir/MiniOzoneClusterImpl-74e3824a-f6bc-4c6a-9d81-a3a47ccb7612/datanode-3/data-0/containers/hdds
2023-02-01 19:04:04,831 [Listener at 127.0.0.1/34005] INFO  ozoneimpl.OzoneContainer (OzoneContainer.java:buildContainerSet(305)) - Build ContainerSet costs 0s
2023-02-01 19:04:04,834 [Listener at 127.0.0.1/34005] INFO  server.RaftServer (ConfUtils.java:logGet(46)) - raft.rpc.type = GRPC (default)
2023-02-01 19:04:04,834 [Listener at 127.0.0.1/34005] INFO  grpc.GrpcConfigKeys (ConfUtils.java:logFallback(53)) - raft.grpc.admin.host = null (fallback to raft.grpc.server.host)
2023-02-01 19:04:04,834 [Listener at 127.0.0.1/34005] INFO  grpc.GrpcConfigKeys (ConfUtils.java:logGet(46)) - raft.grpc.admin.port = 0 (custom)
2023-02-01 19:04:04,835 [Listener at 127.0.0.1/34005] INFO  grpc.GrpcConfigKeys (ConfUtils.java:logFallback(53)) - raft.grpc.client.host = null (fallback to raft.grpc.server.host)
2023-02-01 19:04:04,835 [Listener at 127.0.0.1/34005] INFO  grpc.GrpcConfigKeys (ConfUtils.java:logGet(46)) - raft.grpc.client.port = 0 (custom)
2023-02-01 19:04:04,835 [Listener at 127.0.0.1/34005] INFO  grpc.GrpcConfigKeys (ConfUtils.java:logGet(46)) - raft.grpc.server.host = null (default)
2023-02-01 19:04:04,835 [Listener at 127.0.0.1/34005] INFO  grpc.GrpcConfigKeys (ConfUtils.java:logGet(46)) - raft.grpc.server.port = 0 (default)
2023-02-01 19:04:04,835 [Listener at 127.0.0.1/34005] INFO  server.GrpcService (ConfUtils.java:logGet(46)) - raft.grpc.message.size.max = 32MB (=33554432) (custom)
2023-02-01 19:04:04,835 [Listener at 127.0.0.1/34005] INFO  server.RaftServerConfigKeys (ConfUtils.java:logGet(46)) - raft.server.log.appender.buffer.byte-limit = 33554432 (custom)
2023-02-01 19:04:04,835 [Listener at 127.0.0.1/34005] INFO  server.GrpcService (ConfUtils.java:logGet(46)) - raft.grpc.flow.control.window = 5MB (=5242880) (custom)
2023-02-01 19:04:04,835 [Listener at 127.0.0.1/34005] INFO  server.RaftServerConfigKeys (ConfUtils.java:logGet(46)) - raft.server.rpc.request.timeout = 60s (custom)
2023-02-01 19:04:04,836 [Listener at 127.0.0.1/34005] INFO  grpc.GrpcConfigKeys (ConfUtils.java:logGet(46)) - raft.grpc.server.heartbeat.channel = true (default)
2023-02-01 19:04:04,836 [Listener at 127.0.0.1/34005] INFO  grpc.GrpcConfigKeys (ConfUtils.java:logGet(46)) - raft.grpc.server.async.request.thread.pool.cached = true (default)
2023-02-01 19:04:04,836 [Listener at 127.0.0.1/34005] INFO  grpc.GrpcConfigKeys (ConfUtils.java:logGet(46)) - raft.grpc.server.async.request.thread.pool.size = 32 (default)
2023-02-01 19:04:04,837 [Listener at 127.0.0.1/34005] INFO  impl.DataStreamServerImpl (ConfUtils.java:logGet(46)) - raft.datastream.type = NETTY (custom)
2023-02-01 19:04:04,837 [Listener at 127.0.0.1/34005] INFO  server.RaftServerConfigKeys (ConfUtils.java:logGet(46)) - raft.server.data-stream.async.request.thread.pool.cached = false (default)
2023-02-01 19:04:04,837 [Listener at 127.0.0.1/34005] INFO  server.RaftServerConfigKeys (ConfUtils.java:logGet(46)) - raft.server.data-stream.async.request.thread.pool.size = 20 (custom)
2023-02-01 19:04:04,838 [Listener at 127.0.0.1/34005] INFO  server.RaftServerConfigKeys (ConfUtils.java:logGet(46)) - raft.server.data-stream.async.write.thread.pool.size = 16 (default)
2023-02-01 19:04:04,838 [Listener at 127.0.0.1/34005] INFO  server.RaftServerConfigKeys (ConfUtils.java:logGet(46)) - raft.server.data-stream.client.pool.size = 10 (default)
2023-02-01 19:04:04,838 [Listener at 127.0.0.1/34005] INFO  netty.NettyConfigKeys$DataStream (ConfUtils.java:logGet(46)) - raft.netty.dataStream.server.use-epoll = false (default)
2023-02-01 19:04:04,838 [Listener at 127.0.0.1/34005] INFO  netty.NettyConfigKeys$DataStream (ConfUtils.java:logGet(46)) - raft.netty.dataStream.server.boss-group.size = 0 (default)
2023-02-01 19:04:04,838 [Listener at 127.0.0.1/34005] INFO  netty.NettyConfigKeys$DataStream (ConfUtils.java:logGet(46)) - raft.netty.dataStream.server.worker-group.size = 0 (default)
2023-02-01 19:04:04,839 [Listener at 127.0.0.1/34005] INFO  netty.NettyConfigKeys$DataStream (ConfUtils.java:logGet(46)) - raft.netty.dataStream.server.tls.conf = null (default)
2023-02-01 19:04:04,839 [Listener at 127.0.0.1/34005] INFO  netty.NettyConfigKeys$DataStream (ConfUtils.java:logGet(46)) - raft.netty.dataStream.host = null (default)
2023-02-01 19:04:04,839 [Listener at 127.0.0.1/34005] INFO  netty.NettyConfigKeys$DataStream (ConfUtils.java:logGet(46)) - raft.netty.dataStream.port = 0 (default)
2023-02-01 19:04:04,839 [Listener at 127.0.0.1/34005] INFO  server.RaftServerConfigKeys (ConfUtils.java:logGet(46)) - raft.server.threadpool.proxy.cached = true (default)
2023-02-01 19:04:04,840 [Listener at 127.0.0.1/34005] INFO  server.RaftServerConfigKeys (ConfUtils.java:logGet(46)) - raft.server.threadpool.proxy.size = 0 (default)
2023-02-01 19:04:04,840 [Listener at 127.0.0.1/34005] INFO  server.RaftServerConfigKeys (ConfUtils.java:logGet(46)) - raft.server.rpc.slowness.timeout = 300s (custom)
2023-02-01 19:04:04,840 [Listener at 127.0.0.1/34005] INFO  server.RaftServerConfigKeys (ConfUtils.java:logGet(46)) - raft.server.leaderelection.leader.step-down.wait-time = 10s (default)
2023-02-01 19:04:04,840 [Listener at 127.0.0.1/34005] INFO  server.RaftServerConfigKeys (ConfUtils.java:logGet(46)) - raft.server.storage.dir = [/home/runner/work/ozone/ozone/hadoop-ozone/integration-test/target/test-dir/MiniOzoneClusterImpl-74e3824a-f6bc-4c6a-9d81-a3a47ccb7612/datanode-3/data/ratis] (custom)
2023-02-01 19:04:04,842 [6cd874f3-a134-47b5-8d3d-29dcf92148ed-NettyServerStreamRpc-bossGroup--thread1] INFO  logging.LoggingHandler (AbstractInternalLogger.java:log(148)) - [id: 0x516d9311] REGISTERED
2023-02-01 19:04:04,842 [6cd874f3-a134-47b5-8d3d-29dcf92148ed-NettyServerStreamRpc-bossGroup--thread1] INFO  logging.LoggingHandler (AbstractInternalLogger.java:log(148)) - [id: 0x516d9311] BIND: 0.0.0.0/0.0.0.0:0
2023-02-01 19:04:04,842 [6cd874f3-a134-47b5-8d3d-29dcf92148ed-NettyServerStreamRpc-bossGroup--thread1] INFO  logging.LoggingHandler (AbstractInternalLogger.java:log(148)) - [id: 0x516d9311, L:/0:0:0:0:0:0:0:0:45873] ACTIVE
2023-02-01 19:04:04,845 [Listener at 127.0.0.1/34005] INFO  server.XceiverServerGrpc (XceiverServerGrpc.java:<init>(132)) - GrpcServer channel type EpollServerSocketChannel
2023-02-01 19:04:04,850 [Listener at 127.0.0.1/34005] INFO  http.BaseHttpServer (BaseHttpServer.java:newHttpServer2BuilderForOzone(213)) - Starting Web-server for hddsDatanode at: http://0.0.0.0:0
2023-02-01 19:04:04,850 [Listener at 127.0.0.1/34005] INFO  http.BaseHttpServer (BaseHttpServer.java:<init>(108)) - Hadoop Security Enabled: false Ozone Security Enabled: false Ozone HTTP Security Enabled: false 
2023-02-01 19:04:04,852 [Listener at 127.0.0.1/34005] WARN  server.AuthenticationFilter (AuthenticationFilter.java:constructSecretProvider(240)) - Unable to initialize FileSignerSecretProvider, falling back to use random secrets. Reason: Could not read signature secret file: /home/runner/hadoop-http-auth-signature-secret
2023-02-01 19:04:04,854 [Listener at 127.0.0.1/34005] WARN  http.HttpRequestLog (HttpRequestLog.java:getRequestLog(103)) - Jetty request log can only be enabled using Log4j
2023-02-01 19:04:04,855 [Listener at 127.0.0.1/34005] INFO  http.HttpServer2 (HttpServer2.java:addGlobalFilter(1031)) - Added global filter 'safety' (class=org.apache.hadoop.hdds.server.http.HttpServer2$QuotingInputFilter)
2023-02-01 19:04:04,855 [Listener at 127.0.0.1/34005] INFO  http.HttpServer2 (HttpServer2.java:addFilter(1007)) - Added filter static_user_filter (class=org.apache.hadoop.http.lib.StaticUserWebFilter$StaticUserFilter) to context hddsDatanode
2023-02-01 19:04:04,855 [Listener at 127.0.0.1/34005] INFO  http.HttpServer2 (HttpServer2.java:addFilter(1015)) - Added filter static_user_filter (class=org.apache.hadoop.http.lib.StaticUserWebFilter$StaticUserFilter) to context static
2023-02-01 19:04:04,855 [Listener at 127.0.0.1/34005] INFO  http.HttpServer2 (HttpServer2.java:addFilter(1015)) - Added filter static_user_filter (class=org.apache.hadoop.http.lib.StaticUserWebFilter$StaticUserFilter) to context logs
2023-02-01 19:04:04,856 [Listener at 127.0.0.1/34005] INFO  http.HttpServer2 (HttpServer2.java:bindListener(1250)) - Jetty bound to port 35789
2023-02-01 19:04:04,856 [Listener at 127.0.0.1/34005] INFO  server.Server (Server.java:doStart(375)) - jetty-9.4.49.v20220914; built: 2022-09-14T01:07:36.601Z; git: 4231a3b2e4cb8548a412a789936d640a97b1aa0a; jvm 1.8.0_352-b08
2023-02-01 19:04:04,859 [Listener at 127.0.0.1/34005] INFO  server.session (DefaultSessionIdManager.java:doStart(334)) - DefaultSessionIdManager workerName=node0
2023-02-01 19:04:04,860 [Listener at 127.0.0.1/34005] INFO  server.session (DefaultSessionIdManager.java:doStart(339)) - No SessionScavenger set, using defaults
2023-02-01 19:04:04,860 [Listener at 127.0.0.1/34005] INFO  server.session (HouseKeeper.java:startScavenging(132)) - node0 Scavenging every 660000ms
2023-02-01 19:04:04,861 [Listener at 127.0.0.1/34005] INFO  handler.ContextHandler (ContextHandler.java:doStart(921)) - Started o.e.j.s.ServletContextHandler@57f35caf{logs,/logs,file:///home/runner/work/ozone/ozone/hadoop-ozone/integration-test/target/log,AVAILABLE}
2023-02-01 19:04:04,861 [Listener at 127.0.0.1/34005] INFO  handler.ContextHandler (ContextHandler.java:doStart(921)) - Started o.e.j.s.ServletContextHandler@1bd3701a{static,/static,jar:file:/home/runner/.m2/repository/org/apache/ozone/hdds-container-service/1.4.0-SNAPSHOT/hdds-container-service-1.4.0-SNAPSHOT.jar!/webapps/static,AVAILABLE}
2023-02-01 19:04:05,028 [Listener at 127.0.0.1/34005] INFO  handler.ContextHandler (ContextHandler.java:doStart(921)) - Started o.e.j.w.WebAppContext@3b9a8a75{hddsDatanode,/,file:///tmp/jetty-0_0_0_0-35789-hdds-container-service-1_4_0-SNAPSHOT_jar-_-any-6879769815412641742/webapp/,AVAILABLE}{jar:file:/home/runner/.m2/repository/org/apache/ozone/hdds-container-service/1.4.0-SNAPSHOT/hdds-container-service-1.4.0-SNAPSHOT.jar!/webapps/hddsDatanode}
2023-02-01 19:04:05,030 [Listener at 127.0.0.1/34005] INFO  server.AbstractConnector (AbstractConnector.java:doStart(333)) - Started ServerConnector@f029f0a{HTTP/1.1, (http/1.1)}{0.0.0.0:35789}
2023-02-01 19:04:05,030 [Listener at 127.0.0.1/34005] INFO  server.Server (Server.java:doStart(415)) - Started @9227ms
2023-02-01 19:04:05,030 [Listener at 127.0.0.1/34005] WARN  impl.MetricsSystemImpl (MetricsSystemImpl.java:register(279)) - Sink prometheus already exists!
2023-02-01 19:04:05,031 [Listener at 127.0.0.1/34005] INFO  http.BaseHttpServer (BaseHttpServer.java:updateConnectorAddress(333)) - HTTP server of hddsDatanode listening at http://0.0.0.0:35789
2023-02-01 19:04:05,031 [Datanode State Machine Daemon Thread] INFO  statemachine.DatanodeStateMachine (DatanodeStateMachine.java:lambda$startDaemon$0(517)) - Ozone container server started.
2023-02-01 19:04:05,032 [Listener at 127.0.0.1/34005] WARN  impl.MetricRegistriesImpl (MetricRegistriesImpl.java:addReporterRegistration(111)) - New reporters are added after registries were created. Some metrics will be missing from the reporter. Please add reporter before adding any new registry.
2023-02-01 19:04:05,032 [Listener at 127.0.0.1/34005] WARN  impl.MetricRegistriesImpl (MetricRegistriesImpl.java:addReporterRegistration(111)) - New reporters are added after registries were created. Some metrics will be missing from the reporter. Please add reporter before adding any new registry.
2023-02-01 19:04:05,032 [Listener at 127.0.0.1/34005] INFO  impl.MetricsSystemImpl (MetricsSystemImpl.java:init(158)) - HddsDatanode metrics system started (again)
2023-02-01 19:04:05,046 [org.apache.hadoop.util.JvmPauseMonitor$Monitor@497ddfdc] INFO  util.JvmPauseMonitor (JvmPauseMonitor.java:run(188)) - Starting JVM pause monitor
2023-02-01 19:04:05,047 [Listener at 127.0.0.1/34005] INFO  ozone.HddsDatanodeService (HddsDatanodeService.java:start(228)) - HddsDatanodeService host:fv-az213-973.c2vz3wqhpjau3hcstnyptvmwla.cx.internal.cloudapp.net ip:10.1.0.60
2023-02-01 19:04:05,051 [Datanode State Machine Task Thread - 0] INFO  datanode.InitDatanodeState (InitDatanodeState.java:persistContainerDatanodeDetails(138)) - DatanodeDetails is persisted to /home/runner/work/ozone/ozone/hadoop-ozone/integration-test/target/test-dir/MiniOzoneClusterImpl-74e3824a-f6bc-4c6a-9d81-a3a47ccb7612/datanode-3/meta/datanode.id
2023-02-01 19:04:05,069 [Listener at 127.0.0.1/34005] INFO  upgrade.AbstractLayoutVersionManager (AbstractLayoutVersionManager.java:init(83)) - Initializing Layout version manager with metadata layout = DATANODE_SCHEMA_V3 (version = 4), software layout = DATANODE_SCHEMA_V3 (version = 4)
2023-02-01 19:04:05,114 [Listener at 127.0.0.1/34005] INFO  reflections.Reflections (Reflections.java:scan(232)) - Reflections took 44 ms to scan 7 urls, producing 149 keys and 361 values 
2023-02-01 19:04:05,115 [Listener at 127.0.0.1/34005] INFO  statemachine.DatanodeStateMachine (DatanodeStateMachine.java:getEndPointTaskThreadPoolSize(261)) - Datanode State Machine Task Thread Pool size 2
2023-02-01 19:04:05,117 [Listener at 127.0.0.1/34005] INFO  volume.HddsVolume (HddsVolume.java:<init>(117)) - Creating HddsVolume: /home/runner/work/ozone/ozone/hadoop-ozone/integration-test/target/test-dir/MiniOzoneClusterImpl-74e3824a-f6bc-4c6a-9d81-a3a47ccb7612/datanode-4/data-0/containers/hdds of storage type : DISK capacity : 9223372036854775807
2023-02-01 19:04:05,117 [Listener at 127.0.0.1/34005] INFO  volume.MutableVolumeSet (MutableVolumeSet.java:initializeVolumeSet(174)) - Added Volume : /home/runner/work/ozone/ozone/hadoop-ozone/integration-test/target/test-dir/MiniOzoneClusterImpl-74e3824a-f6bc-4c6a-9d81-a3a47ccb7612/datanode-4/data-0/containers/hdds to VolumeSet
2023-02-01 19:04:05,117 [Listener at 127.0.0.1/34005] INFO  volume.ThrottledAsyncChecker (ThrottledAsyncChecker.java:schedule(141)) - Scheduling a check for /home/runner/work/ozone/ozone/hadoop-ozone/integration-test/target/test-dir/MiniOzoneClusterImpl-74e3824a-f6bc-4c6a-9d81-a3a47ccb7612/datanode-4/data-0/containers/hdds
2023-02-01 19:04:05,118 [Listener at 127.0.0.1/34005] INFO  volume.StorageVolumeChecker (StorageVolumeChecker.java:checkAllVolumes(202)) - Scheduled health check for volume /home/runner/work/ozone/ozone/hadoop-ozone/integration-test/target/test-dir/MiniOzoneClusterImpl-74e3824a-f6bc-4c6a-9d81-a3a47ccb7612/datanode-4/data-0/containers/hdds
2023-02-01 19:04:05,129 [Listener at 127.0.0.1/34005] INFO  volume.MutableVolumeSet (MutableVolumeSet.java:initializeVolumeSet(174)) - Added Volume : /home/runner/work/ozone/ozone/hadoop-ozone/integration-test/target/test-dir/MiniOzoneClusterImpl-74e3824a-f6bc-4c6a-9d81-a3a47ccb7612/datanode-4/data/ratis to VolumeSet
2023-02-01 19:04:05,129 [Listener at 127.0.0.1/34005] INFO  volume.ThrottledAsyncChecker (ThrottledAsyncChecker.java:schedule(141)) - Scheduling a check for /home/runner/work/ozone/ozone/hadoop-ozone/integration-test/target/test-dir/MiniOzoneClusterImpl-74e3824a-f6bc-4c6a-9d81-a3a47ccb7612/datanode-4/data/ratis
2023-02-01 19:04:05,129 [Listener at 127.0.0.1/34005] INFO  volume.StorageVolumeChecker (StorageVolumeChecker.java:checkAllVolumes(202)) - Scheduled health check for volume /home/runner/work/ozone/ozone/hadoop-ozone/integration-test/target/test-dir/MiniOzoneClusterImpl-74e3824a-f6bc-4c6a-9d81-a3a47ccb7612/datanode-4/data/ratis
2023-02-01 19:04:05,139 [Thread-194] INFO  ozoneimpl.ContainerReader (ContainerReader.java:readVolume(175)) - Finish verifying containers on volume /home/runner/work/ozone/ozone/hadoop-ozone/integration-test/target/test-dir/MiniOzoneClusterImpl-74e3824a-f6bc-4c6a-9d81-a3a47ccb7612/datanode-4/data-0/containers/hdds
2023-02-01 19:04:05,139 [Listener at 127.0.0.1/34005] INFO  ozoneimpl.OzoneContainer (OzoneContainer.java:buildContainerSet(305)) - Build ContainerSet costs 0s
2023-02-01 19:04:05,142 [Listener at 127.0.0.1/34005] INFO  server.RaftServer (ConfUtils.java:logGet(46)) - raft.rpc.type = GRPC (default)
2023-02-01 19:04:05,142 [Listener at 127.0.0.1/34005] INFO  grpc.GrpcConfigKeys (ConfUtils.java:logFallback(53)) - raft.grpc.admin.host = null (fallback to raft.grpc.server.host)
2023-02-01 19:04:05,142 [Listener at 127.0.0.1/34005] INFO  grpc.GrpcConfigKeys (ConfUtils.java:logGet(46)) - raft.grpc.admin.port = 0 (custom)
2023-02-01 19:04:05,142 [Listener at 127.0.0.1/34005] INFO  grpc.GrpcConfigKeys (ConfUtils.java:logFallback(53)) - raft.grpc.client.host = null (fallback to raft.grpc.server.host)
2023-02-01 19:04:05,142 [Listener at 127.0.0.1/34005] INFO  grpc.GrpcConfigKeys (ConfUtils.java:logGet(46)) - raft.grpc.client.port = 0 (custom)
2023-02-01 19:04:05,142 [Listener at 127.0.0.1/34005] INFO  grpc.GrpcConfigKeys (ConfUtils.java:logGet(46)) - raft.grpc.server.host = null (default)
2023-02-01 19:04:05,143 [Listener at 127.0.0.1/34005] INFO  grpc.GrpcConfigKeys (ConfUtils.java:logGet(46)) - raft.grpc.server.port = 0 (default)
2023-02-01 19:04:05,143 [Listener at 127.0.0.1/34005] INFO  server.GrpcService (ConfUtils.java:logGet(46)) - raft.grpc.message.size.max = 32MB (=33554432) (custom)
2023-02-01 19:04:05,143 [Listener at 127.0.0.1/34005] INFO  server.RaftServerConfigKeys (ConfUtils.java:logGet(46)) - raft.server.log.appender.buffer.byte-limit = 33554432 (custom)
2023-02-01 19:04:05,143 [Listener at 127.0.0.1/34005] INFO  server.GrpcService (ConfUtils.java:logGet(46)) - raft.grpc.flow.control.window = 5MB (=5242880) (custom)
2023-02-01 19:04:05,143 [Listener at 127.0.0.1/34005] INFO  server.RaftServerConfigKeys (ConfUtils.java:logGet(46)) - raft.server.rpc.request.timeout = 60s (custom)
2023-02-01 19:04:05,143 [Listener at 127.0.0.1/34005] INFO  grpc.GrpcConfigKeys (ConfUtils.java:logGet(46)) - raft.grpc.server.heartbeat.channel = true (default)
2023-02-01 19:04:05,143 [Listener at 127.0.0.1/34005] INFO  grpc.GrpcConfigKeys (ConfUtils.java:logGet(46)) - raft.grpc.server.async.request.thread.pool.cached = true (default)
2023-02-01 19:04:05,143 [Listener at 127.0.0.1/34005] INFO  grpc.GrpcConfigKeys (ConfUtils.java:logGet(46)) - raft.grpc.server.async.request.thread.pool.size = 32 (default)
2023-02-01 19:04:05,144 [Listener at 127.0.0.1/34005] INFO  impl.DataStreamServerImpl (ConfUtils.java:logGet(46)) - raft.datastream.type = NETTY (custom)
2023-02-01 19:04:05,144 [Listener at 127.0.0.1/34005] INFO  server.RaftServerConfigKeys (ConfUtils.java:logGet(46)) - raft.server.data-stream.async.request.thread.pool.cached = false (default)
2023-02-01 19:04:05,145 [Listener at 127.0.0.1/34005] INFO  server.RaftServerConfigKeys (ConfUtils.java:logGet(46)) - raft.server.data-stream.async.request.thread.pool.size = 20 (custom)
2023-02-01 19:04:05,145 [Listener at 127.0.0.1/34005] INFO  server.RaftServerConfigKeys (ConfUtils.java:logGet(46)) - raft.server.data-stream.async.write.thread.pool.size = 16 (default)
2023-02-01 19:04:05,145 [Listener at 127.0.0.1/34005] INFO  server.RaftServerConfigKeys (ConfUtils.java:logGet(46)) - raft.server.data-stream.client.pool.size = 10 (default)
2023-02-01 19:04:05,145 [Listener at 127.0.0.1/34005] INFO  netty.NettyConfigKeys$DataStream (ConfUtils.java:logGet(46)) - raft.netty.dataStream.server.use-epoll = false (default)
2023-02-01 19:04:05,145 [Listener at 127.0.0.1/34005] INFO  netty.NettyConfigKeys$DataStream (ConfUtils.java:logGet(46)) - raft.netty.dataStream.server.boss-group.size = 0 (default)
2023-02-01 19:04:05,146 [Listener at 127.0.0.1/34005] INFO  netty.NettyConfigKeys$DataStream (ConfUtils.java:logGet(46)) - raft.netty.dataStream.server.worker-group.size = 0 (default)
2023-02-01 19:04:05,146 [Listener at 127.0.0.1/34005] INFO  netty.NettyConfigKeys$DataStream (ConfUtils.java:logGet(46)) - raft.netty.dataStream.server.tls.conf = null (default)
2023-02-01 19:04:05,146 [Listener at 127.0.0.1/34005] INFO  netty.NettyConfigKeys$DataStream (ConfUtils.java:logGet(46)) - raft.netty.dataStream.host = null (default)
2023-02-01 19:04:05,146 [Listener at 127.0.0.1/34005] INFO  netty.NettyConfigKeys$DataStream (ConfUtils.java:logGet(46)) - raft.netty.dataStream.port = 0 (default)
2023-02-01 19:04:05,147 [Listener at 127.0.0.1/34005] INFO  server.RaftServerConfigKeys (ConfUtils.java:logGet(46)) - raft.server.threadpool.proxy.cached = true (default)
2023-02-01 19:04:05,147 [Listener at 127.0.0.1/34005] INFO  server.RaftServerConfigKeys (ConfUtils.java:logGet(46)) - raft.server.threadpool.proxy.size = 0 (default)
2023-02-01 19:04:05,147 [Listener at 127.0.0.1/34005] INFO  server.RaftServerConfigKeys (ConfUtils.java:logGet(46)) - raft.server.rpc.slowness.timeout = 300s (custom)
2023-02-01 19:04:05,147 [Listener at 127.0.0.1/34005] INFO  server.RaftServerConfigKeys (ConfUtils.java:logGet(46)) - raft.server.leaderelection.leader.step-down.wait-time = 10s (default)
2023-02-01 19:04:05,147 [Listener at 127.0.0.1/34005] INFO  server.RaftServerConfigKeys (ConfUtils.java:logGet(46)) - raft.server.storage.dir = [/home/runner/work/ozone/ozone/hadoop-ozone/integration-test/target/test-dir/MiniOzoneClusterImpl-74e3824a-f6bc-4c6a-9d81-a3a47ccb7612/datanode-4/data/ratis] (custom)
2023-02-01 19:04:05,150 [c542d8dc-da9e-4bdb-b4f7-db3abed755ad-NettyServerStreamRpc-bossGroup--thread1] INFO  logging.LoggingHandler (AbstractInternalLogger.java:log(148)) - [id: 0x8b5af28b] REGISTERED
2023-02-01 19:04:05,150 [c542d8dc-da9e-4bdb-b4f7-db3abed755ad-NettyServerStreamRpc-bossGroup--thread1] INFO  logging.LoggingHandler (AbstractInternalLogger.java:log(148)) - [id: 0x8b5af28b] BIND: 0.0.0.0/0.0.0.0:0
2023-02-01 19:04:05,150 [c542d8dc-da9e-4bdb-b4f7-db3abed755ad-NettyServerStreamRpc-bossGroup--thread1] INFO  logging.LoggingHandler (AbstractInternalLogger.java:log(148)) - [id: 0x8b5af28b, L:/0:0:0:0:0:0:0:0:34955] ACTIVE
2023-02-01 19:04:05,150 [Listener at 127.0.0.1/34005] INFO  server.XceiverServerGrpc (XceiverServerGrpc.java:<init>(132)) - GrpcServer channel type EpollServerSocketChannel
2023-02-01 19:04:05,156 [Listener at 127.0.0.1/34005] INFO  http.BaseHttpServer (BaseHttpServer.java:newHttpServer2BuilderForOzone(213)) - Starting Web-server for hddsDatanode at: http://0.0.0.0:0
2023-02-01 19:04:05,156 [Listener at 127.0.0.1/34005] INFO  http.BaseHttpServer (BaseHttpServer.java:<init>(108)) - Hadoop Security Enabled: false Ozone Security Enabled: false Ozone HTTP Security Enabled: false 
2023-02-01 19:04:05,158 [Listener at 127.0.0.1/34005] WARN  server.AuthenticationFilter (AuthenticationFilter.java:constructSecretProvider(240)) - Unable to initialize FileSignerSecretProvider, falling back to use random secrets. Reason: Could not read signature secret file: /home/runner/hadoop-http-auth-signature-secret
2023-02-01 19:04:05,158 [Listener at 127.0.0.1/34005] WARN  http.HttpRequestLog (HttpRequestLog.java:getRequestLog(103)) - Jetty request log can only be enabled using Log4j
2023-02-01 19:04:05,160 [Listener at 127.0.0.1/34005] INFO  http.HttpServer2 (HttpServer2.java:addGlobalFilter(1031)) - Added global filter 'safety' (class=org.apache.hadoop.hdds.server.http.HttpServer2$QuotingInputFilter)
2023-02-01 19:04:05,160 [Listener at 127.0.0.1/34005] INFO  http.HttpServer2 (HttpServer2.java:addFilter(1007)) - Added filter static_user_filter (class=org.apache.hadoop.http.lib.StaticUserWebFilter$StaticUserFilter) to context hddsDatanode
2023-02-01 19:04:05,160 [Listener at 127.0.0.1/34005] INFO  http.HttpServer2 (HttpServer2.java:addFilter(1015)) - Added filter static_user_filter (class=org.apache.hadoop.http.lib.StaticUserWebFilter$StaticUserFilter) to context logs
2023-02-01 19:04:05,161 [Listener at 127.0.0.1/34005] INFO  http.HttpServer2 (HttpServer2.java:addFilter(1015)) - Added filter static_user_filter (class=org.apache.hadoop.http.lib.StaticUserWebFilter$StaticUserFilter) to context static
2023-02-01 19:04:05,161 [Listener at 127.0.0.1/34005] INFO  http.HttpServer2 (HttpServer2.java:bindListener(1250)) - Jetty bound to port 43779
2023-02-01 19:04:05,161 [Listener at 127.0.0.1/34005] INFO  server.Server (Server.java:doStart(375)) - jetty-9.4.49.v20220914; built: 2022-09-14T01:07:36.601Z; git: 4231a3b2e4cb8548a412a789936d640a97b1aa0a; jvm 1.8.0_352-b08
2023-02-01 19:04:05,167 [Listener at 127.0.0.1/34005] INFO  server.session (DefaultSessionIdManager.java:doStart(334)) - DefaultSessionIdManager workerName=node0
2023-02-01 19:04:05,167 [Listener at 127.0.0.1/34005] INFO  server.session (DefaultSessionIdManager.java:doStart(339)) - No SessionScavenger set, using defaults
2023-02-01 19:04:05,167 [Listener at 127.0.0.1/34005] INFO  server.session (HouseKeeper.java:startScavenging(132)) - node0 Scavenging every 600000ms
2023-02-01 19:04:05,168 [Listener at 127.0.0.1/34005] INFO  handler.ContextHandler (ContextHandler.java:doStart(921)) - Started o.e.j.s.ServletContextHandler@58bc1e1f{logs,/logs,file:///home/runner/work/ozone/ozone/hadoop-ozone/integration-test/target/log,AVAILABLE}
2023-02-01 19:04:05,168 [Listener at 127.0.0.1/34005] INFO  handler.ContextHandler (ContextHandler.java:doStart(921)) - Started o.e.j.s.ServletContextHandler@36ee2e3a{static,/static,jar:file:/home/runner/.m2/repository/org/apache/ozone/hdds-container-service/1.4.0-SNAPSHOT/hdds-container-service-1.4.0-SNAPSHOT.jar!/webapps/static,AVAILABLE}
2023-02-01 19:04:05,338 [Listener at 127.0.0.1/34005] INFO  handler.ContextHandler (ContextHandler.java:doStart(921)) - Started o.e.j.w.WebAppContext@5d9cbf14{hddsDatanode,/,file:///tmp/jetty-0_0_0_0-43779-hdds-container-service-1_4_0-SNAPSHOT_jar-_-any-6791237153741151902/webapp/,AVAILABLE}{jar:file:/home/runner/.m2/repository/org/apache/ozone/hdds-container-service/1.4.0-SNAPSHOT/hdds-container-service-1.4.0-SNAPSHOT.jar!/webapps/hddsDatanode}
2023-02-01 19:04:05,339 [Listener at 127.0.0.1/34005] INFO  server.AbstractConnector (AbstractConnector.java:doStart(333)) - Started ServerConnector@7f5627cd{HTTP/1.1, (http/1.1)}{0.0.0.0:43779}
2023-02-01 19:04:05,339 [Listener at 127.0.0.1/34005] INFO  server.Server (Server.java:doStart(415)) - Started @9536ms
2023-02-01 19:04:05,339 [Listener at 127.0.0.1/34005] WARN  impl.MetricsSystemImpl (MetricsSystemImpl.java:register(279)) - Sink prometheus already exists!
2023-02-01 19:04:05,340 [Listener at 127.0.0.1/34005] INFO  http.BaseHttpServer (BaseHttpServer.java:updateConnectorAddress(333)) - HTTP server of hddsDatanode listening at http://0.0.0.0:43779
2023-02-01 19:04:05,343 [Listener at 127.0.0.1/34005] WARN  impl.MetricRegistriesImpl (MetricRegistriesImpl.java:addReporterRegistration(111)) - New reporters are added after registries were created. Some metrics will be missing from the reporter. Please add reporter before adding any new registry.
2023-02-01 19:04:05,343 [Listener at 127.0.0.1/34005] WARN  impl.MetricRegistriesImpl (MetricRegistriesImpl.java:addReporterRegistration(111)) - New reporters are added after registries were created. Some metrics will be missing from the reporter. Please add reporter before adding any new registry.
2023-02-01 19:04:05,343 [Listener at 127.0.0.1/34005] INFO  impl.MetricsSystemImpl (MetricsSystemImpl.java:init(158)) - HddsDatanode metrics system started (again)
2023-02-01 19:04:05,343 [Datanode State Machine Daemon Thread] INFO  statemachine.DatanodeStateMachine (DatanodeStateMachine.java:lambda$startDaemon$0(517)) - Ozone container server started.
2023-02-01 19:04:05,350 [org.apache.hadoop.util.JvmPauseMonitor$Monitor@7e14d3bc] INFO  util.JvmPauseMonitor (JvmPauseMonitor.java:run(188)) - Starting JVM pause monitor
2023-02-01 19:04:05,360 [Datanode State Machine Task Thread - 0] INFO  datanode.InitDatanodeState (InitDatanodeState.java:persistContainerDatanodeDetails(138)) - DatanodeDetails is persisted to /home/runner/work/ozone/ozone/hadoop-ozone/integration-test/target/test-dir/MiniOzoneClusterImpl-74e3824a-f6bc-4c6a-9d81-a3a47ccb7612/datanode-4/meta/datanode.id
2023-02-01 19:04:05,364 [Listener at 127.0.0.1/34005] INFO  ozone.HddsDatanodeService (HddsDatanodeService.java:start(228)) - HddsDatanodeService host:fv-az213-973.c2vz3wqhpjau3hcstnyptvmwla.cx.internal.cloudapp.net ip:10.1.0.60
2023-02-01 19:04:05,385 [Listener at 127.0.0.1/34005] INFO  upgrade.AbstractLayoutVersionManager (AbstractLayoutVersionManager.java:init(83)) - Initializing Layout version manager with metadata layout = DATANODE_SCHEMA_V3 (version = 4), software layout = DATANODE_SCHEMA_V3 (version = 4)
2023-02-01 19:04:05,440 [Listener at 127.0.0.1/34005] INFO  reflections.Reflections (Reflections.java:scan(232)) - Reflections took 53 ms to scan 7 urls, producing 149 keys and 361 values 
2023-02-01 19:04:05,443 [Listener at 127.0.0.1/34005] INFO  statemachine.DatanodeStateMachine (DatanodeStateMachine.java:getEndPointTaskThreadPoolSize(261)) - Datanode State Machine Task Thread Pool size 2
2023-02-01 19:04:05,445 [Listener at 127.0.0.1/34005] INFO  volume.HddsVolume (HddsVolume.java:<init>(117)) - Creating HddsVolume: /home/runner/work/ozone/ozone/hadoop-ozone/integration-test/target/test-dir/MiniOzoneClusterImpl-74e3824a-f6bc-4c6a-9d81-a3a47ccb7612/datanode-5/data-0/containers/hdds of storage type : DISK capacity : 9223372036854775807
2023-02-01 19:04:05,445 [Listener at 127.0.0.1/34005] INFO  volume.MutableVolumeSet (MutableVolumeSet.java:initializeVolumeSet(174)) - Added Volume : /home/runner/work/ozone/ozone/hadoop-ozone/integration-test/target/test-dir/MiniOzoneClusterImpl-74e3824a-f6bc-4c6a-9d81-a3a47ccb7612/datanode-5/data-0/containers/hdds to VolumeSet
2023-02-01 19:04:05,446 [Listener at 127.0.0.1/34005] INFO  volume.ThrottledAsyncChecker (ThrottledAsyncChecker.java:schedule(141)) - Scheduling a check for /home/runner/work/ozone/ozone/hadoop-ozone/integration-test/target/test-dir/MiniOzoneClusterImpl-74e3824a-f6bc-4c6a-9d81-a3a47ccb7612/datanode-5/data-0/containers/hdds
2023-02-01 19:04:05,446 [Listener at 127.0.0.1/34005] INFO  volume.StorageVolumeChecker (StorageVolumeChecker.java:checkAllVolumes(202)) - Scheduled health check for volume /home/runner/work/ozone/ozone/hadoop-ozone/integration-test/target/test-dir/MiniOzoneClusterImpl-74e3824a-f6bc-4c6a-9d81-a3a47ccb7612/datanode-5/data-0/containers/hdds
2023-02-01 19:04:05,460 [Listener at 127.0.0.1/34005] INFO  volume.MutableVolumeSet (MutableVolumeSet.java:initializeVolumeSet(174)) - Added Volume : /home/runner/work/ozone/ozone/hadoop-ozone/integration-test/target/test-dir/MiniOzoneClusterImpl-74e3824a-f6bc-4c6a-9d81-a3a47ccb7612/datanode-5/data/ratis to VolumeSet
2023-02-01 19:04:05,461 [Listener at 127.0.0.1/34005] INFO  volume.ThrottledAsyncChecker (ThrottledAsyncChecker.java:schedule(141)) - Scheduling a check for /home/runner/work/ozone/ozone/hadoop-ozone/integration-test/target/test-dir/MiniOzoneClusterImpl-74e3824a-f6bc-4c6a-9d81-a3a47ccb7612/datanode-5/data/ratis
2023-02-01 19:04:05,461 [Listener at 127.0.0.1/34005] INFO  volume.StorageVolumeChecker (StorageVolumeChecker.java:checkAllVolumes(202)) - Scheduled health check for volume /home/runner/work/ozone/ozone/hadoop-ozone/integration-test/target/test-dir/MiniOzoneClusterImpl-74e3824a-f6bc-4c6a-9d81-a3a47ccb7612/datanode-5/data/ratis
2023-02-01 19:04:05,474 [Thread-208] INFO  ozoneimpl.ContainerReader (ContainerReader.java:readVolume(175)) - Finish verifying containers on volume /home/runner/work/ozone/ozone/hadoop-ozone/integration-test/target/test-dir/MiniOzoneClusterImpl-74e3824a-f6bc-4c6a-9d81-a3a47ccb7612/datanode-5/data-0/containers/hdds
2023-02-01 19:04:05,475 [Listener at 127.0.0.1/34005] INFO  ozoneimpl.OzoneContainer (OzoneContainer.java:buildContainerSet(305)) - Build ContainerSet costs 0s
2023-02-01 19:04:05,481 [Listener at 127.0.0.1/34005] INFO  server.RaftServer (ConfUtils.java:logGet(46)) - raft.rpc.type = GRPC (default)
2023-02-01 19:04:05,481 [Listener at 127.0.0.1/34005] INFO  grpc.GrpcConfigKeys (ConfUtils.java:logFallback(53)) - raft.grpc.admin.host = null (fallback to raft.grpc.server.host)
2023-02-01 19:04:05,481 [Listener at 127.0.0.1/34005] INFO  grpc.GrpcConfigKeys (ConfUtils.java:logGet(46)) - raft.grpc.admin.port = 0 (custom)
2023-02-01 19:04:05,481 [Listener at 127.0.0.1/34005] INFO  grpc.GrpcConfigKeys (ConfUtils.java:logFallback(53)) - raft.grpc.client.host = null (fallback to raft.grpc.server.host)
2023-02-01 19:04:05,482 [Listener at 127.0.0.1/34005] INFO  grpc.GrpcConfigKeys (ConfUtils.java:logGet(46)) - raft.grpc.client.port = 0 (custom)
2023-02-01 19:04:05,482 [Listener at 127.0.0.1/34005] INFO  grpc.GrpcConfigKeys (ConfUtils.java:logGet(46)) - raft.grpc.server.host = null (default)
2023-02-01 19:04:05,482 [Listener at 127.0.0.1/34005] INFO  grpc.GrpcConfigKeys (ConfUtils.java:logGet(46)) - raft.grpc.server.port = 0 (default)
2023-02-01 19:04:05,482 [Listener at 127.0.0.1/34005] INFO  server.GrpcService (ConfUtils.java:logGet(46)) - raft.grpc.message.size.max = 32MB (=33554432) (custom)
2023-02-01 19:04:05,482 [Listener at 127.0.0.1/34005] INFO  server.RaftServerConfigKeys (ConfUtils.java:logGet(46)) - raft.server.log.appender.buffer.byte-limit = 33554432 (custom)
2023-02-01 19:04:05,482 [Listener at 127.0.0.1/34005] INFO  server.GrpcService (ConfUtils.java:logGet(46)) - raft.grpc.flow.control.window = 5MB (=5242880) (custom)
2023-02-01 19:04:05,482 [Listener at 127.0.0.1/34005] INFO  server.RaftServerConfigKeys (ConfUtils.java:logGet(46)) - raft.server.rpc.request.timeout = 60s (custom)
2023-02-01 19:04:05,482 [Listener at 127.0.0.1/34005] INFO  grpc.GrpcConfigKeys (ConfUtils.java:logGet(46)) - raft.grpc.server.heartbeat.channel = true (default)
2023-02-01 19:04:05,482 [Listener at 127.0.0.1/34005] INFO  grpc.GrpcConfigKeys (ConfUtils.java:logGet(46)) - raft.grpc.server.async.request.thread.pool.cached = true (default)
2023-02-01 19:04:05,482 [Listener at 127.0.0.1/34005] INFO  grpc.GrpcConfigKeys (ConfUtils.java:logGet(46)) - raft.grpc.server.async.request.thread.pool.size = 32 (default)
2023-02-01 19:04:05,484 [Listener at 127.0.0.1/34005] INFO  impl.DataStreamServerImpl (ConfUtils.java:logGet(46)) - raft.datastream.type = NETTY (custom)
2023-02-01 19:04:05,486 [Listener at 127.0.0.1/34005] INFO  server.RaftServerConfigKeys (ConfUtils.java:logGet(46)) - raft.server.data-stream.async.request.thread.pool.cached = false (default)
2023-02-01 19:04:05,487 [Listener at 127.0.0.1/34005] INFO  server.RaftServerConfigKeys (ConfUtils.java:logGet(46)) - raft.server.data-stream.async.request.thread.pool.size = 20 (custom)
2023-02-01 19:04:05,487 [Listener at 127.0.0.1/34005] INFO  server.RaftServerConfigKeys (ConfUtils.java:logGet(46)) - raft.server.data-stream.async.write.thread.pool.size = 16 (default)
2023-02-01 19:04:05,487 [Listener at 127.0.0.1/34005] INFO  server.RaftServerConfigKeys (ConfUtils.java:logGet(46)) - raft.server.data-stream.client.pool.size = 10 (default)
2023-02-01 19:04:05,487 [Listener at 127.0.0.1/34005] INFO  netty.NettyConfigKeys$DataStream (ConfUtils.java:logGet(46)) - raft.netty.dataStream.server.use-epoll = false (default)
2023-02-01 19:04:05,487 [Listener at 127.0.0.1/34005] INFO  netty.NettyConfigKeys$DataStream (ConfUtils.java:logGet(46)) - raft.netty.dataStream.server.boss-group.size = 0 (default)
2023-02-01 19:04:05,488 [Listener at 127.0.0.1/34005] INFO  netty.NettyConfigKeys$DataStream (ConfUtils.java:logGet(46)) - raft.netty.dataStream.server.worker-group.size = 0 (default)
2023-02-01 19:04:05,488 [Listener at 127.0.0.1/34005] INFO  netty.NettyConfigKeys$DataStream (ConfUtils.java:logGet(46)) - raft.netty.dataStream.server.tls.conf = null (default)
2023-02-01 19:04:05,488 [Listener at 127.0.0.1/34005] INFO  netty.NettyConfigKeys$DataStream (ConfUtils.java:logGet(46)) - raft.netty.dataStream.host = null (default)
2023-02-01 19:04:05,488 [Listener at 127.0.0.1/34005] INFO  netty.NettyConfigKeys$DataStream (ConfUtils.java:logGet(46)) - raft.netty.dataStream.port = 0 (default)
2023-02-01 19:04:05,489 [Listener at 127.0.0.1/34005] INFO  server.RaftServerConfigKeys (ConfUtils.java:logGet(46)) - raft.server.threadpool.proxy.cached = true (default)
2023-02-01 19:04:05,489 [Listener at 127.0.0.1/34005] INFO  server.RaftServerConfigKeys (ConfUtils.java:logGet(46)) - raft.server.threadpool.proxy.size = 0 (default)
2023-02-01 19:04:05,494 [c4279a81-19f7-4b96-a700-7284b014edb1-NettyServerStreamRpc-bossGroup--thread1] INFO  logging.LoggingHandler (AbstractInternalLogger.java:log(148)) - [id: 0x8ba526c0] REGISTERED
2023-02-01 19:04:05,494 [Listener at 127.0.0.1/34005] INFO  server.RaftServerConfigKeys (ConfUtils.java:logGet(46)) - raft.server.rpc.slowness.timeout = 300s (custom)
2023-02-01 19:04:05,494 [Listener at 127.0.0.1/34005] INFO  server.RaftServerConfigKeys (ConfUtils.java:logGet(46)) - raft.server.leaderelection.leader.step-down.wait-time = 10s (default)
2023-02-01 19:04:05,495 [Listener at 127.0.0.1/34005] INFO  server.RaftServerConfigKeys (ConfUtils.java:logGet(46)) - raft.server.storage.dir = [/home/runner/work/ozone/ozone/hadoop-ozone/integration-test/target/test-dir/MiniOzoneClusterImpl-74e3824a-f6bc-4c6a-9d81-a3a47ccb7612/datanode-5/data/ratis] (custom)
2023-02-01 19:04:05,496 [c4279a81-19f7-4b96-a700-7284b014edb1-NettyServerStreamRpc-bossGroup--thread1] INFO  logging.LoggingHandler (AbstractInternalLogger.java:log(148)) - [id: 0x8ba526c0] BIND: 0.0.0.0/0.0.0.0:0
2023-02-01 19:04:05,496 [c4279a81-19f7-4b96-a700-7284b014edb1-NettyServerStreamRpc-bossGroup--thread1] INFO  logging.LoggingHandler (AbstractInternalLogger.java:log(148)) - [id: 0x8ba526c0, L:/0:0:0:0:0:0:0:0:34479] ACTIVE
2023-02-01 19:04:05,497 [Listener at 127.0.0.1/34005] INFO  server.XceiverServerGrpc (XceiverServerGrpc.java:<init>(132)) - GrpcServer channel type EpollServerSocketChannel
2023-02-01 19:04:05,501 [Listener at 127.0.0.1/34005] INFO  http.BaseHttpServer (BaseHttpServer.java:newHttpServer2BuilderForOzone(213)) - Starting Web-server for hddsDatanode at: http://0.0.0.0:0
2023-02-01 19:04:05,501 [Listener at 127.0.0.1/34005] INFO  http.BaseHttpServer (BaseHttpServer.java:<init>(108)) - Hadoop Security Enabled: false Ozone Security Enabled: false Ozone HTTP Security Enabled: false 
2023-02-01 19:04:05,502 [Listener at 127.0.0.1/34005] WARN  server.AuthenticationFilter (AuthenticationFilter.java:constructSecretProvider(240)) - Unable to initialize FileSignerSecretProvider, falling back to use random secrets. Reason: Could not read signature secret file: /home/runner/hadoop-http-auth-signature-secret
2023-02-01 19:04:05,506 [Listener at 127.0.0.1/34005] WARN  http.HttpRequestLog (HttpRequestLog.java:getRequestLog(103)) - Jetty request log can only be enabled using Log4j
2023-02-01 19:04:05,507 [Listener at 127.0.0.1/34005] INFO  http.HttpServer2 (HttpServer2.java:addGlobalFilter(1031)) - Added global filter 'safety' (class=org.apache.hadoop.hdds.server.http.HttpServer2$QuotingInputFilter)
2023-02-01 19:04:05,508 [Listener at 127.0.0.1/34005] INFO  http.HttpServer2 (HttpServer2.java:addFilter(1007)) - Added filter static_user_filter (class=org.apache.hadoop.http.lib.StaticUserWebFilter$StaticUserFilter) to context hddsDatanode
2023-02-01 19:04:05,508 [Listener at 127.0.0.1/34005] INFO  http.HttpServer2 (HttpServer2.java:addFilter(1015)) - Added filter static_user_filter (class=org.apache.hadoop.http.lib.StaticUserWebFilter$StaticUserFilter) to context logs
2023-02-01 19:04:05,508 [Listener at 127.0.0.1/34005] INFO  http.HttpServer2 (HttpServer2.java:addFilter(1015)) - Added filter static_user_filter (class=org.apache.hadoop.http.lib.StaticUserWebFilter$StaticUserFilter) to context static
2023-02-01 19:04:05,509 [Listener at 127.0.0.1/34005] INFO  http.HttpServer2 (HttpServer2.java:bindListener(1250)) - Jetty bound to port 41281
2023-02-01 19:04:05,509 [Listener at 127.0.0.1/34005] INFO  server.Server (Server.java:doStart(375)) - jetty-9.4.49.v20220914; built: 2022-09-14T01:07:36.601Z; git: 4231a3b2e4cb8548a412a789936d640a97b1aa0a; jvm 1.8.0_352-b08
2023-02-01 19:04:05,510 [Listener at 127.0.0.1/34005] INFO  server.session (DefaultSessionIdManager.java:doStart(334)) - DefaultSessionIdManager workerName=node0
2023-02-01 19:04:05,511 [Listener at 127.0.0.1/34005] INFO  server.session (DefaultSessionIdManager.java:doStart(339)) - No SessionScavenger set, using defaults
2023-02-01 19:04:05,511 [Listener at 127.0.0.1/34005] INFO  server.session (HouseKeeper.java:startScavenging(132)) - node0 Scavenging every 600000ms
2023-02-01 19:04:05,512 [Listener at 127.0.0.1/34005] INFO  handler.ContextHandler (ContextHandler.java:doStart(921)) - Started o.e.j.s.ServletContextHandler@541439f4{logs,/logs,file:///home/runner/work/ozone/ozone/hadoop-ozone/integration-test/target/log,AVAILABLE}
2023-02-01 19:04:05,512 [Listener at 127.0.0.1/34005] INFO  handler.ContextHandler (ContextHandler.java:doStart(921)) - Started o.e.j.s.ServletContextHandler@38ddd7d0{static,/static,jar:file:/home/runner/.m2/repository/org/apache/ozone/hdds-container-service/1.4.0-SNAPSHOT/hdds-container-service-1.4.0-SNAPSHOT.jar!/webapps/static,AVAILABLE}
2023-02-01 19:04:05,682 [Listener at 127.0.0.1/34005] INFO  handler.ContextHandler (ContextHandler.java:doStart(921)) - Started o.e.j.w.WebAppContext@3e83943c{hddsDatanode,/,file:///tmp/jetty-0_0_0_0-41281-hdds-container-service-1_4_0-SNAPSHOT_jar-_-any-7328392952654472101/webapp/,AVAILABLE}{jar:file:/home/runner/.m2/repository/org/apache/ozone/hdds-container-service/1.4.0-SNAPSHOT/hdds-container-service-1.4.0-SNAPSHOT.jar!/webapps/hddsDatanode}
2023-02-01 19:04:05,684 [Listener at 127.0.0.1/34005] INFO  server.AbstractConnector (AbstractConnector.java:doStart(333)) - Started ServerConnector@46628728{HTTP/1.1, (http/1.1)}{0.0.0.0:41281}
2023-02-01 19:04:05,684 [Listener at 127.0.0.1/34005] INFO  server.Server (Server.java:doStart(415)) - Started @9880ms
2023-02-01 19:04:05,684 [Listener at 127.0.0.1/34005] WARN  impl.MetricsSystemImpl (MetricsSystemImpl.java:register(279)) - Sink prometheus already exists!
2023-02-01 19:04:05,685 [Listener at 127.0.0.1/34005] INFO  http.BaseHttpServer (BaseHttpServer.java:updateConnectorAddress(333)) - HTTP server of hddsDatanode listening at http://0.0.0.0:41281
2023-02-01 19:04:05,690 [Listener at 127.0.0.1/34005] WARN  impl.MetricRegistriesImpl (MetricRegistriesImpl.java:addReporterRegistration(111)) - New reporters are added after registries were created. Some metrics will be missing from the reporter. Please add reporter before adding any new registry.
2023-02-01 19:04:05,690 [Listener at 127.0.0.1/34005] WARN  impl.MetricRegistriesImpl (MetricRegistriesImpl.java:addReporterRegistration(111)) - New reporters are added after registries were created. Some metrics will be missing from the reporter. Please add reporter before adding any new registry.
2023-02-01 19:04:05,690 [Listener at 127.0.0.1/34005] INFO  impl.MetricsSystemImpl (MetricsSystemImpl.java:init(158)) - HddsDatanode metrics system started (again)
2023-02-01 19:04:05,697 [Datanode State Machine Daemon Thread] INFO  statemachine.DatanodeStateMachine (DatanodeStateMachine.java:lambda$startDaemon$0(517)) - Ozone container server started.
2023-02-01 19:04:05,706 [org.apache.hadoop.util.JvmPauseMonitor$Monitor@198867b0] INFO  util.JvmPauseMonitor (JvmPauseMonitor.java:run(188)) - Starting JVM pause monitor
2023-02-01 19:04:05,707 [Datanode State Machine Task Thread - 0] INFO  datanode.InitDatanodeState (InitDatanodeState.java:persistContainerDatanodeDetails(138)) - DatanodeDetails is persisted to /home/runner/work/ozone/ozone/hadoop-ozone/integration-test/target/test-dir/MiniOzoneClusterImpl-74e3824a-f6bc-4c6a-9d81-a3a47ccb7612/datanode-5/meta/datanode.id
2023-02-01 19:04:05,717 [Listener at 127.0.0.1/34005] INFO  ozone.HddsDatanodeService (HddsDatanodeService.java:start(228)) - HddsDatanodeService host:fv-az213-973.c2vz3wqhpjau3hcstnyptvmwla.cx.internal.cloudapp.net ip:10.1.0.60
2023-02-01 19:04:05,748 [Listener at 127.0.0.1/34005] INFO  upgrade.AbstractLayoutVersionManager (AbstractLayoutVersionManager.java:init(83)) - Initializing Layout version manager with metadata layout = DATANODE_SCHEMA_V3 (version = 4), software layout = DATANODE_SCHEMA_V3 (version = 4)
2023-02-01 19:04:05,820 [Listener at 127.0.0.1/34005] INFO  reflections.Reflections (Reflections.java:scan(232)) - Reflections took 71 ms to scan 7 urls, producing 149 keys and 361 values 
2023-02-01 19:04:05,823 [Listener at 127.0.0.1/34005] INFO  statemachine.DatanodeStateMachine (DatanodeStateMachine.java:getEndPointTaskThreadPoolSize(261)) - Datanode State Machine Task Thread Pool size 2
2023-02-01 19:04:05,827 [Listener at 127.0.0.1/34005] INFO  volume.HddsVolume (HddsVolume.java:<init>(117)) - Creating HddsVolume: /home/runner/work/ozone/ozone/hadoop-ozone/integration-test/target/test-dir/MiniOzoneClusterImpl-74e3824a-f6bc-4c6a-9d81-a3a47ccb7612/datanode-6/data-0/containers/hdds of storage type : DISK capacity : 9223372036854775807
2023-02-01 19:04:05,827 [Listener at 127.0.0.1/34005] INFO  volume.MutableVolumeSet (MutableVolumeSet.java:initializeVolumeSet(174)) - Added Volume : /home/runner/work/ozone/ozone/hadoop-ozone/integration-test/target/test-dir/MiniOzoneClusterImpl-74e3824a-f6bc-4c6a-9d81-a3a47ccb7612/datanode-6/data-0/containers/hdds to VolumeSet
2023-02-01 19:04:05,828 [Listener at 127.0.0.1/34005] INFO  volume.ThrottledAsyncChecker (ThrottledAsyncChecker.java:schedule(141)) - Scheduling a check for /home/runner/work/ozone/ozone/hadoop-ozone/integration-test/target/test-dir/MiniOzoneClusterImpl-74e3824a-f6bc-4c6a-9d81-a3a47ccb7612/datanode-6/data-0/containers/hdds
2023-02-01 19:04:05,829 [Listener at 127.0.0.1/34005] INFO  volume.StorageVolumeChecker (StorageVolumeChecker.java:checkAllVolumes(202)) - Scheduled health check for volume /home/runner/work/ozone/ozone/hadoop-ozone/integration-test/target/test-dir/MiniOzoneClusterImpl-74e3824a-f6bc-4c6a-9d81-a3a47ccb7612/datanode-6/data-0/containers/hdds
2023-02-01 19:04:05,844 [Listener at 127.0.0.1/34005] INFO  volume.MutableVolumeSet (MutableVolumeSet.java:initializeVolumeSet(174)) - Added Volume : /home/runner/work/ozone/ozone/hadoop-ozone/integration-test/target/test-dir/MiniOzoneClusterImpl-74e3824a-f6bc-4c6a-9d81-a3a47ccb7612/datanode-6/data/ratis to VolumeSet
2023-02-01 19:04:05,844 [Listener at 127.0.0.1/34005] INFO  volume.ThrottledAsyncChecker (ThrottledAsyncChecker.java:schedule(141)) - Scheduling a check for /home/runner/work/ozone/ozone/hadoop-ozone/integration-test/target/test-dir/MiniOzoneClusterImpl-74e3824a-f6bc-4c6a-9d81-a3a47ccb7612/datanode-6/data/ratis
2023-02-01 19:04:05,845 [Listener at 127.0.0.1/34005] INFO  volume.StorageVolumeChecker (StorageVolumeChecker.java:checkAllVolumes(202)) - Scheduled health check for volume /home/runner/work/ozone/ozone/hadoop-ozone/integration-test/target/test-dir/MiniOzoneClusterImpl-74e3824a-f6bc-4c6a-9d81-a3a47ccb7612/datanode-6/data/ratis
2023-02-01 19:04:05,858 [Thread-223] INFO  ozoneimpl.ContainerReader (ContainerReader.java:readVolume(175)) - Finish verifying containers on volume /home/runner/work/ozone/ozone/hadoop-ozone/integration-test/target/test-dir/MiniOzoneClusterImpl-74e3824a-f6bc-4c6a-9d81-a3a47ccb7612/datanode-6/data-0/containers/hdds
2023-02-01 19:04:05,858 [Listener at 127.0.0.1/34005] INFO  ozoneimpl.OzoneContainer (OzoneContainer.java:buildContainerSet(305)) - Build ContainerSet costs 0s
2023-02-01 19:04:05,860 [Listener at 127.0.0.1/34005] INFO  server.RaftServer (ConfUtils.java:logGet(46)) - raft.rpc.type = GRPC (default)
2023-02-01 19:04:05,861 [Listener at 127.0.0.1/34005] INFO  grpc.GrpcConfigKeys (ConfUtils.java:logFallback(53)) - raft.grpc.admin.host = null (fallback to raft.grpc.server.host)
2023-02-01 19:04:05,861 [Listener at 127.0.0.1/34005] INFO  grpc.GrpcConfigKeys (ConfUtils.java:logGet(46)) - raft.grpc.admin.port = 0 (custom)
2023-02-01 19:04:05,861 [Listener at 127.0.0.1/34005] INFO  grpc.GrpcConfigKeys (ConfUtils.java:logFallback(53)) - raft.grpc.client.host = null (fallback to raft.grpc.server.host)
2023-02-01 19:04:05,861 [Listener at 127.0.0.1/34005] INFO  grpc.GrpcConfigKeys (ConfUtils.java:logGet(46)) - raft.grpc.client.port = 0 (custom)
2023-02-01 19:04:05,861 [Listener at 127.0.0.1/34005] INFO  grpc.GrpcConfigKeys (ConfUtils.java:logGet(46)) - raft.grpc.server.host = null (default)
2023-02-01 19:04:05,861 [Listener at 127.0.0.1/34005] INFO  grpc.GrpcConfigKeys (ConfUtils.java:logGet(46)) - raft.grpc.server.port = 0 (default)
2023-02-01 19:04:05,861 [Listener at 127.0.0.1/34005] INFO  server.GrpcService (ConfUtils.java:logGet(46)) - raft.grpc.message.size.max = 32MB (=33554432) (custom)
2023-02-01 19:04:05,861 [Listener at 127.0.0.1/34005] INFO  server.RaftServerConfigKeys (ConfUtils.java:logGet(46)) - raft.server.log.appender.buffer.byte-limit = 33554432 (custom)
2023-02-01 19:04:05,861 [Listener at 127.0.0.1/34005] INFO  server.GrpcService (ConfUtils.java:logGet(46)) - raft.grpc.flow.control.window = 5MB (=5242880) (custom)
2023-02-01 19:04:05,861 [Listener at 127.0.0.1/34005] INFO  server.RaftServerConfigKeys (ConfUtils.java:logGet(46)) - raft.server.rpc.request.timeout = 60s (custom)
2023-02-01 19:04:05,862 [Listener at 127.0.0.1/34005] INFO  grpc.GrpcConfigKeys (ConfUtils.java:logGet(46)) - raft.grpc.server.heartbeat.channel = true (default)
2023-02-01 19:04:05,862 [Listener at 127.0.0.1/34005] INFO  grpc.GrpcConfigKeys (ConfUtils.java:logGet(46)) - raft.grpc.server.async.request.thread.pool.cached = true (default)
2023-02-01 19:04:05,862 [Listener at 127.0.0.1/34005] INFO  grpc.GrpcConfigKeys (ConfUtils.java:logGet(46)) - raft.grpc.server.async.request.thread.pool.size = 32 (default)
2023-02-01 19:04:05,863 [Listener at 127.0.0.1/34005] INFO  impl.DataStreamServerImpl (ConfUtils.java:logGet(46)) - raft.datastream.type = NETTY (custom)
2023-02-01 19:04:05,864 [Listener at 127.0.0.1/34005] INFO  server.RaftServerConfigKeys (ConfUtils.java:logGet(46)) - raft.server.data-stream.async.request.thread.pool.cached = false (default)
2023-02-01 19:04:05,864 [Listener at 127.0.0.1/34005] INFO  server.RaftServerConfigKeys (ConfUtils.java:logGet(46)) - raft.server.data-stream.async.request.thread.pool.size = 20 (custom)
2023-02-01 19:04:05,864 [Listener at 127.0.0.1/34005] INFO  server.RaftServerConfigKeys (ConfUtils.java:logGet(46)) - raft.server.data-stream.async.write.thread.pool.size = 16 (default)
2023-02-01 19:04:05,864 [Listener at 127.0.0.1/34005] INFO  server.RaftServerConfigKeys (ConfUtils.java:logGet(46)) - raft.server.data-stream.client.pool.size = 10 (default)
2023-02-01 19:04:05,864 [Listener at 127.0.0.1/34005] INFO  netty.NettyConfigKeys$DataStream (ConfUtils.java:logGet(46)) - raft.netty.dataStream.server.use-epoll = false (default)
2023-02-01 19:04:05,864 [Listener at 127.0.0.1/34005] INFO  netty.NettyConfigKeys$DataStream (ConfUtils.java:logGet(46)) - raft.netty.dataStream.server.boss-group.size = 0 (default)
2023-02-01 19:04:05,865 [Listener at 127.0.0.1/34005] INFO  netty.NettyConfigKeys$DataStream (ConfUtils.java:logGet(46)) - raft.netty.dataStream.server.worker-group.size = 0 (default)
2023-02-01 19:04:05,865 [Listener at 127.0.0.1/34005] INFO  netty.NettyConfigKeys$DataStream (ConfUtils.java:logGet(46)) - raft.netty.dataStream.server.tls.conf = null (default)
2023-02-01 19:04:05,865 [Listener at 127.0.0.1/34005] INFO  netty.NettyConfigKeys$DataStream (ConfUtils.java:logGet(46)) - raft.netty.dataStream.host = null (default)
2023-02-01 19:04:05,865 [Listener at 127.0.0.1/34005] INFO  netty.NettyConfigKeys$DataStream (ConfUtils.java:logGet(46)) - raft.netty.dataStream.port = 0 (default)
2023-02-01 19:04:05,866 [Listener at 127.0.0.1/34005] INFO  server.RaftServerConfigKeys (ConfUtils.java:logGet(46)) - raft.server.threadpool.proxy.cached = true (default)
2023-02-01 19:04:05,866 [Listener at 127.0.0.1/34005] INFO  server.RaftServerConfigKeys (ConfUtils.java:logGet(46)) - raft.server.threadpool.proxy.size = 0 (default)
2023-02-01 19:04:05,866 [Listener at 127.0.0.1/34005] INFO  server.RaftServerConfigKeys (ConfUtils.java:logGet(46)) - raft.server.rpc.slowness.timeout = 300s (custom)
2023-02-01 19:04:05,866 [Listener at 127.0.0.1/34005] INFO  server.RaftServerConfigKeys (ConfUtils.java:logGet(46)) - raft.server.leaderelection.leader.step-down.wait-time = 10s (default)
2023-02-01 19:04:05,868 [Listener at 127.0.0.1/34005] INFO  server.RaftServerConfigKeys (ConfUtils.java:logGet(46)) - raft.server.storage.dir = [/home/runner/work/ozone/ozone/hadoop-ozone/integration-test/target/test-dir/MiniOzoneClusterImpl-74e3824a-f6bc-4c6a-9d81-a3a47ccb7612/datanode-6/data/ratis] (custom)
2023-02-01 19:04:05,875 [941873b5-59b7-467c-8b24-fc39e29fe3c9-NettyServerStreamRpc-bossGroup--thread1] INFO  logging.LoggingHandler (AbstractInternalLogger.java:log(148)) - [id: 0x62fa9966] REGISTERED
2023-02-01 19:04:05,875 [941873b5-59b7-467c-8b24-fc39e29fe3c9-NettyServerStreamRpc-bossGroup--thread1] INFO  logging.LoggingHandler (AbstractInternalLogger.java:log(148)) - [id: 0x62fa9966] BIND: 0.0.0.0/0.0.0.0:0
2023-02-01 19:04:05,875 [941873b5-59b7-467c-8b24-fc39e29fe3c9-NettyServerStreamRpc-bossGroup--thread1] INFO  logging.LoggingHandler (AbstractInternalLogger.java:log(148)) - [id: 0x62fa9966, L:/0:0:0:0:0:0:0:0:37687] ACTIVE
2023-02-01 19:04:05,882 [Listener at 127.0.0.1/34005] INFO  server.XceiverServerGrpc (XceiverServerGrpc.java:<init>(132)) - GrpcServer channel type EpollServerSocketChannel
2023-02-01 19:04:05,883 [EndpointStateMachine task thread for /0.0.0.0:46109 - 0 ] INFO  utils.DatanodeStoreCache (DatanodeStoreCache.java:addDB(58)) - Added db /home/runner/work/ozone/ozone/hadoop-ozone/integration-test/target/test-dir/MiniOzoneClusterImpl-74e3824a-f6bc-4c6a-9d81-a3a47ccb7612/datanode-0/data-0/containers/hdds/74e3824a-f6bc-4c6a-9d81-a3a47ccb7612/DS-2ad0ae55-ef48-4f9c-addb-a9f86b125ece/container.db to cache
2023-02-01 19:04:05,884 [EndpointStateMachine task thread for /0.0.0.0:46109 - 0 ] INFO  volume.HddsVolume (HddsVolume.java:createDbStore(307)) - SchemaV3 db is created and loaded at /home/runner/work/ozone/ozone/hadoop-ozone/integration-test/target/test-dir/MiniOzoneClusterImpl-74e3824a-f6bc-4c6a-9d81-a3a47ccb7612/datanode-0/data-0/containers/hdds/74e3824a-f6bc-4c6a-9d81-a3a47ccb7612/DS-2ad0ae55-ef48-4f9c-addb-a9f86b125ece/container.db for volume DS-2ad0ae55-ef48-4f9c-addb-a9f86b125ece
2023-02-01 19:04:05,892 [Listener at 127.0.0.1/34005] INFO  http.BaseHttpServer (BaseHttpServer.java:newHttpServer2BuilderForOzone(213)) - Starting Web-server for hddsDatanode at: http://0.0.0.0:0
2023-02-01 19:04:05,893 [Listener at 127.0.0.1/34005] INFO  http.BaseHttpServer (BaseHttpServer.java:<init>(108)) - Hadoop Security Enabled: false Ozone Security Enabled: false Ozone HTTP Security Enabled: false 
2023-02-01 19:04:05,894 [Listener at 127.0.0.1/34005] WARN  server.AuthenticationFilter (AuthenticationFilter.java:constructSecretProvider(240)) - Unable to initialize FileSignerSecretProvider, falling back to use random secrets. Reason: Could not read signature secret file: /home/runner/hadoop-http-auth-signature-secret
2023-02-01 19:04:05,887 [EndpointStateMachine task thread for /0.0.0.0:46109 - 0 ] INFO  ozoneimpl.OzoneContainer (OzoneContainer.java:start(399)) - Attempting to start container services.
2023-02-01 19:04:05,904 [Listener at 127.0.0.1/34005] WARN  http.HttpRequestLog (HttpRequestLog.java:getRequestLog(103)) - Jetty request log can only be enabled using Log4j
2023-02-01 19:04:05,908 [Listener at 127.0.0.1/34005] INFO  http.HttpServer2 (HttpServer2.java:addGlobalFilter(1031)) - Added global filter 'safety' (class=org.apache.hadoop.hdds.server.http.HttpServer2$QuotingInputFilter)
2023-02-01 19:04:05,908 [Listener at 127.0.0.1/34005] INFO  http.HttpServer2 (HttpServer2.java:addFilter(1007)) - Added filter static_user_filter (class=org.apache.hadoop.http.lib.StaticUserWebFilter$StaticUserFilter) to context hddsDatanode
2023-02-01 19:04:05,909 [Listener at 127.0.0.1/34005] INFO  http.HttpServer2 (HttpServer2.java:addFilter(1015)) - Added filter static_user_filter (class=org.apache.hadoop.http.lib.StaticUserWebFilter$StaticUserFilter) to context logs
2023-02-01 19:04:05,909 [Listener at 127.0.0.1/34005] INFO  http.HttpServer2 (HttpServer2.java:addFilter(1015)) - Added filter static_user_filter (class=org.apache.hadoop.http.lib.StaticUserWebFilter$StaticUserFilter) to context static
2023-02-01 19:04:05,909 [Listener at 127.0.0.1/34005] INFO  http.HttpServer2 (HttpServer2.java:bindListener(1250)) - Jetty bound to port 39817
2023-02-01 19:04:05,909 [Listener at 127.0.0.1/34005] INFO  server.Server (Server.java:doStart(375)) - jetty-9.4.49.v20220914; built: 2022-09-14T01:07:36.601Z; git: 4231a3b2e4cb8548a412a789936d640a97b1aa0a; jvm 1.8.0_352-b08
2023-02-01 19:04:05,910 [EndpointStateMachine task thread for /0.0.0.0:46109 - 0 ] INFO  ozoneimpl.OzoneContainer (OzoneContainer.java:startContainerScrub(316)) - Scheduled background container scanners and the on-demand container scanner have been disabled.
2023-02-01 19:04:05,914 [Listener at 127.0.0.1/34005] INFO  server.session (DefaultSessionIdManager.java:doStart(334)) - DefaultSessionIdManager workerName=node0
2023-02-01 19:04:05,914 [Listener at 127.0.0.1/34005] INFO  server.session (DefaultSessionIdManager.java:doStart(339)) - No SessionScavenger set, using defaults
2023-02-01 19:04:05,914 [Listener at 127.0.0.1/34005] INFO  server.session (HouseKeeper.java:startScavenging(132)) - node0 Scavenging every 660000ms
2023-02-01 19:04:05,915 [Listener at 127.0.0.1/34005] INFO  handler.ContextHandler (ContextHandler.java:doStart(921)) - Started o.e.j.s.ServletContextHandler@583e921d{logs,/logs,file:///home/runner/work/ozone/ozone/hadoop-ozone/integration-test/target/log,AVAILABLE}
2023-02-01 19:04:05,915 [Listener at 127.0.0.1/34005] INFO  handler.ContextHandler (ContextHandler.java:doStart(921)) - Started o.e.j.s.ServletContextHandler@3481bc44{static,/static,jar:file:/home/runner/.m2/repository/org/apache/ozone/hdds-container-service/1.4.0-SNAPSHOT/hdds-container-service-1.4.0-SNAPSHOT.jar!/webapps/static,AVAILABLE}
2023-02-01 19:04:05,946 [EndpointStateMachine task thread for /0.0.0.0:46109 - 0 ] INFO  replication.ReplicationServer (ReplicationServer.java:start(109)) - ReplicationServer is started using port 39763
2023-02-01 19:04:05,948 [EndpointStateMachine task thread for /0.0.0.0:46109 - 0 ] INFO  ratis.XceiverServerRatis (XceiverServerRatis.java:start(517)) - Starting XceiverServerRatis 983f5510-3bfc-4466-a3b1-ba468ed7f96d
2023-02-01 19:04:05,973 [EndpointStateMachine task thread for /0.0.0.0:46109 - 0 ] INFO  server.RaftServer (RaftServerProxy.java:startImpl(393)) - 983f5510-3bfc-4466-a3b1-ba468ed7f96d: start RPC server
2023-02-01 19:04:05,975 [EndpointStateMachine task thread for /0.0.0.0:46109 - 0 ] INFO  server.GrpcService (GrpcService.java:startImpl(262)) - 983f5510-3bfc-4466-a3b1-ba468ed7f96d: GrpcService started, listening on 41377
2023-02-01 19:04:05,976 [EndpointStateMachine task thread for /0.0.0.0:46109 - 0 ] INFO  ratis.XceiverServerRatis (XceiverServerRatis.java:getRealPort(543)) - XceiverServerRatis 983f5510-3bfc-4466-a3b1-ba468ed7f96d is started using port 41377 for RATIS
2023-02-01 19:04:05,976 [EndpointStateMachine task thread for /0.0.0.0:46109 - 0 ] INFO  ratis.XceiverServerRatis (XceiverServerRatis.java:getRealPort(543)) - XceiverServerRatis 983f5510-3bfc-4466-a3b1-ba468ed7f96d is started using port 41377 for RATIS_ADMIN
2023-02-01 19:04:05,976 [EndpointStateMachine task thread for /0.0.0.0:46109 - 0 ] INFO  ratis.XceiverServerRatis (XceiverServerRatis.java:getRealPort(543)) - XceiverServerRatis 983f5510-3bfc-4466-a3b1-ba468ed7f96d is started using port 41377 for RATIS_SERVER
2023-02-01 19:04:05,976 [EndpointStateMachine task thread for /0.0.0.0:46109 - 0 ] INFO  ratis.XceiverServerRatis (XceiverServerRatis.java:getRealPort(543)) - XceiverServerRatis 983f5510-3bfc-4466-a3b1-ba468ed7f96d is started using port 43549 for RATIS_DATASTREAM
2023-02-01 19:04:05,977 [JvmPauseMonitor1] INFO  util.JvmPauseMonitor (JvmPauseMonitor.java:run(105)) - JvmPauseMonitor-983f5510-3bfc-4466-a3b1-ba468ed7f96d: Started
2023-02-01 19:04:05,980 [EndpointStateMachine task thread for /0.0.0.0:46109 - 0 ] INFO  server.XceiverServerGrpc (XceiverServerGrpc.java:start(180)) - XceiverServerGrpc 983f5510-3bfc-4466-a3b1-ba468ed7f96d is started using port 40091
2023-02-01 19:04:06,156 [Listener at 127.0.0.1/34005] INFO  handler.ContextHandler (ContextHandler.java:doStart(921)) - Started o.e.j.w.WebAppContext@1ef13431{hddsDatanode,/,file:///tmp/jetty-0_0_0_0-39817-hdds-container-service-1_4_0-SNAPSHOT_jar-_-any-3195623489916239951/webapp/,AVAILABLE}{jar:file:/home/runner/.m2/repository/org/apache/ozone/hdds-container-service/1.4.0-SNAPSHOT/hdds-container-service-1.4.0-SNAPSHOT.jar!/webapps/hddsDatanode}
2023-02-01 19:04:06,161 [Listener at 127.0.0.1/34005] INFO  server.AbstractConnector (AbstractConnector.java:doStart(333)) - Started ServerConnector@42f9d9ce{HTTP/1.1, (http/1.1)}{0.0.0.0:39817}
2023-02-01 19:04:06,162 [Listener at 127.0.0.1/34005] INFO  server.Server (Server.java:doStart(415)) - Started @10358ms
2023-02-01 19:04:06,162 [Listener at 127.0.0.1/34005] WARN  impl.MetricsSystemImpl (MetricsSystemImpl.java:register(279)) - Sink prometheus already exists!
2023-02-01 19:04:06,163 [Listener at 127.0.0.1/34005] INFO  http.BaseHttpServer (BaseHttpServer.java:updateConnectorAddress(333)) - HTTP server of hddsDatanode listening at http://0.0.0.0:39817
2023-02-01 19:04:06,164 [Listener at 127.0.0.1/34005] INFO  ozone.MiniOzoneClusterImpl (MiniOzoneClusterImpl.java:lambda$waitForClusterToBeReady$0(218)) - Waiting for nodes to be ready. Got 0 of 7 DN Heartbeats.
2023-02-01 19:04:06,164 [Listener at 127.0.0.1/34005] INFO  ozone.MiniOzoneClusterImpl (MiniOzoneClusterImpl.java:lambda$waitForClusterToBeReady$0(221)) - Waiting for cluster to exit safe mode
2023-02-01 19:04:06,164 [Listener at 127.0.0.1/34005] INFO  ozone.MiniOzoneClusterImpl (MiniOzoneClusterImpl.java:lambda$waitForClusterToBeReady$0(223)) - SCM became leader
2023-02-01 19:04:06,165 [Datanode State Machine Daemon Thread] INFO  statemachine.DatanodeStateMachine (DatanodeStateMachine.java:lambda$startDaemon$0(517)) - Ozone container server started.
2023-02-01 19:04:06,170 [org.apache.hadoop.util.JvmPauseMonitor$Monitor@533bb3e3] INFO  util.JvmPauseMonitor (JvmPauseMonitor.java:run(188)) - Starting JVM pause monitor
2023-02-01 19:04:06,174 [Datanode State Machine Task Thread - 0] INFO  datanode.InitDatanodeState (InitDatanodeState.java:persistContainerDatanodeDetails(138)) - DatanodeDetails is persisted to /home/runner/work/ozone/ozone/hadoop-ozone/integration-test/target/test-dir/MiniOzoneClusterImpl-74e3824a-f6bc-4c6a-9d81-a3a47ccb7612/datanode-6/meta/datanode.id
2023-02-01 19:04:06,312 [EndpointStateMachine task thread for /0.0.0.0:46109 - 0 ] INFO  utils.DatanodeStoreCache (DatanodeStoreCache.java:addDB(58)) - Added db /home/runner/work/ozone/ozone/hadoop-ozone/integration-test/target/test-dir/MiniOzoneClusterImpl-74e3824a-f6bc-4c6a-9d81-a3a47ccb7612/datanode-1/data-0/containers/hdds/74e3824a-f6bc-4c6a-9d81-a3a47ccb7612/DS-42024bc6-2b16-4c17-ab95-8fc2a70a94f6/container.db to cache
2023-02-01 19:04:06,313 [EndpointStateMachine task thread for /0.0.0.0:46109 - 0 ] INFO  volume.HddsVolume (HddsVolume.java:createDbStore(307)) - SchemaV3 db is created and loaded at /home/runner/work/ozone/ozone/hadoop-ozone/integration-test/target/test-dir/MiniOzoneClusterImpl-74e3824a-f6bc-4c6a-9d81-a3a47ccb7612/datanode-1/data-0/containers/hdds/74e3824a-f6bc-4c6a-9d81-a3a47ccb7612/DS-42024bc6-2b16-4c17-ab95-8fc2a70a94f6/container.db for volume DS-42024bc6-2b16-4c17-ab95-8fc2a70a94f6
2023-02-01 19:04:06,313 [EndpointStateMachine task thread for /0.0.0.0:46109 - 0 ] INFO  ozoneimpl.OzoneContainer (OzoneContainer.java:start(399)) - Attempting to start container services.
2023-02-01 19:04:06,313 [EndpointStateMachine task thread for /0.0.0.0:46109 - 0 ] INFO  ozoneimpl.OzoneContainer (OzoneContainer.java:startContainerScrub(316)) - Scheduled background container scanners and the on-demand container scanner have been disabled.
2023-02-01 19:04:06,315 [EndpointStateMachine task thread for /0.0.0.0:46109 - 0 ] INFO  replication.ReplicationServer (ReplicationServer.java:start(109)) - ReplicationServer is started using port 41749
2023-02-01 19:04:06,315 [EndpointStateMachine task thread for /0.0.0.0:46109 - 0 ] INFO  ratis.XceiverServerRatis (XceiverServerRatis.java:start(517)) - Starting XceiverServerRatis 0e631a51-c9de-4e15-b89a-5991bd1d32f2
2023-02-01 19:04:06,316 [EndpointStateMachine task thread for /0.0.0.0:46109 - 0 ] INFO  server.RaftServer (RaftServerProxy.java:startImpl(393)) - 0e631a51-c9de-4e15-b89a-5991bd1d32f2: start RPC server
2023-02-01 19:04:06,318 [EndpointStateMachine task thread for /0.0.0.0:46109 - 0 ] INFO  server.GrpcService (GrpcService.java:startImpl(262)) - 0e631a51-c9de-4e15-b89a-5991bd1d32f2: GrpcService started, listening on 46279
2023-02-01 19:04:06,318 [EndpointStateMachine task thread for /0.0.0.0:46109 - 0 ] INFO  ratis.XceiverServerRatis (XceiverServerRatis.java:getRealPort(543)) - XceiverServerRatis 0e631a51-c9de-4e15-b89a-5991bd1d32f2 is started using port 46279 for RATIS
2023-02-01 19:04:06,318 [EndpointStateMachine task thread for /0.0.0.0:46109 - 0 ] INFO  ratis.XceiverServerRatis (XceiverServerRatis.java:getRealPort(543)) - XceiverServerRatis 0e631a51-c9de-4e15-b89a-5991bd1d32f2 is started using port 46279 for RATIS_ADMIN
2023-02-01 19:04:06,318 [JvmPauseMonitor2] INFO  util.JvmPauseMonitor (JvmPauseMonitor.java:run(105)) - JvmPauseMonitor-0e631a51-c9de-4e15-b89a-5991bd1d32f2: Started
2023-02-01 19:04:06,318 [EndpointStateMachine task thread for /0.0.0.0:46109 - 0 ] INFO  ratis.XceiverServerRatis (XceiverServerRatis.java:getRealPort(543)) - XceiverServerRatis 0e631a51-c9de-4e15-b89a-5991bd1d32f2 is started using port 46279 for RATIS_SERVER
2023-02-01 19:04:06,318 [EndpointStateMachine task thread for /0.0.0.0:46109 - 0 ] INFO  ratis.XceiverServerRatis (XceiverServerRatis.java:getRealPort(543)) - XceiverServerRatis 0e631a51-c9de-4e15-b89a-5991bd1d32f2 is started using port 37373 for RATIS_DATASTREAM
2023-02-01 19:04:06,321 [EndpointStateMachine task thread for /0.0.0.0:46109 - 0 ] INFO  server.XceiverServerGrpc (XceiverServerGrpc.java:start(180)) - XceiverServerGrpc 0e631a51-c9de-4e15-b89a-5991bd1d32f2 is started using port 41487
2023-02-01 19:04:06,758 [EndpointStateMachine task thread for /0.0.0.0:46109 - 0 ] INFO  utils.DatanodeStoreCache (DatanodeStoreCache.java:addDB(58)) - Added db /home/runner/work/ozone/ozone/hadoop-ozone/integration-test/target/test-dir/MiniOzoneClusterImpl-74e3824a-f6bc-4c6a-9d81-a3a47ccb7612/datanode-2/data-0/containers/hdds/74e3824a-f6bc-4c6a-9d81-a3a47ccb7612/DS-adbf45b4-7cf2-4f53-a273-bf114fd38214/container.db to cache
2023-02-01 19:04:06,759 [EndpointStateMachine task thread for /0.0.0.0:46109 - 0 ] INFO  volume.HddsVolume (HddsVolume.java:createDbStore(307)) - SchemaV3 db is created and loaded at /home/runner/work/ozone/ozone/hadoop-ozone/integration-test/target/test-dir/MiniOzoneClusterImpl-74e3824a-f6bc-4c6a-9d81-a3a47ccb7612/datanode-2/data-0/containers/hdds/74e3824a-f6bc-4c6a-9d81-a3a47ccb7612/DS-adbf45b4-7cf2-4f53-a273-bf114fd38214/container.db for volume DS-adbf45b4-7cf2-4f53-a273-bf114fd38214
2023-02-01 19:04:06,759 [EndpointStateMachine task thread for /0.0.0.0:46109 - 0 ] INFO  ozoneimpl.OzoneContainer (OzoneContainer.java:start(399)) - Attempting to start container services.
2023-02-01 19:04:06,759 [EndpointStateMachine task thread for /0.0.0.0:46109 - 0 ] INFO  ozoneimpl.OzoneContainer (OzoneContainer.java:startContainerScrub(316)) - Scheduled background container scanners and the on-demand container scanner have been disabled.
2023-02-01 19:04:06,761 [EndpointStateMachine task thread for /0.0.0.0:46109 - 0 ] INFO  replication.ReplicationServer (ReplicationServer.java:start(109)) - ReplicationServer is started using port 45603
2023-02-01 19:04:06,761 [EndpointStateMachine task thread for /0.0.0.0:46109 - 0 ] INFO  ratis.XceiverServerRatis (XceiverServerRatis.java:start(517)) - Starting XceiverServerRatis 24429374-fab9-4c1d-9c36-955fd0efba95
2023-02-01 19:04:06,763 [EndpointStateMachine task thread for /0.0.0.0:46109 - 0 ] INFO  server.RaftServer (RaftServerProxy.java:startImpl(393)) - 24429374-fab9-4c1d-9c36-955fd0efba95: start RPC server
2023-02-01 19:04:06,767 [EndpointStateMachine task thread for /0.0.0.0:46109 - 0 ] INFO  server.GrpcService (GrpcService.java:startImpl(262)) - 24429374-fab9-4c1d-9c36-955fd0efba95: GrpcService started, listening on 36493
2023-02-01 19:04:06,767 [EndpointStateMachine task thread for /0.0.0.0:46109 - 0 ] INFO  ratis.XceiverServerRatis (XceiverServerRatis.java:getRealPort(543)) - XceiverServerRatis 24429374-fab9-4c1d-9c36-955fd0efba95 is started using port 36493 for RATIS
2023-02-01 19:04:06,767 [EndpointStateMachine task thread for /0.0.0.0:46109 - 0 ] INFO  ratis.XceiverServerRatis (XceiverServerRatis.java:getRealPort(543)) - XceiverServerRatis 24429374-fab9-4c1d-9c36-955fd0efba95 is started using port 36493 for RATIS_ADMIN
2023-02-01 19:04:06,767 [EndpointStateMachine task thread for /0.0.0.0:46109 - 0 ] INFO  ratis.XceiverServerRatis (XceiverServerRatis.java:getRealPort(543)) - XceiverServerRatis 24429374-fab9-4c1d-9c36-955fd0efba95 is started using port 36493 for RATIS_SERVER
2023-02-01 19:04:06,767 [EndpointStateMachine task thread for /0.0.0.0:46109 - 0 ] INFO  ratis.XceiverServerRatis (XceiverServerRatis.java:getRealPort(543)) - XceiverServerRatis 24429374-fab9-4c1d-9c36-955fd0efba95 is started using port 46515 for RATIS_DATASTREAM
2023-02-01 19:04:06,768 [JvmPauseMonitor3] INFO  util.JvmPauseMonitor (JvmPauseMonitor.java:run(105)) - JvmPauseMonitor-24429374-fab9-4c1d-9c36-955fd0efba95: Started
2023-02-01 19:04:06,771 [EndpointStateMachine task thread for /0.0.0.0:46109 - 0 ] INFO  server.XceiverServerGrpc (XceiverServerGrpc.java:start(180)) - XceiverServerGrpc 24429374-fab9-4c1d-9c36-955fd0efba95 is started using port 44875
2023-02-01 19:04:07,079 [EndpointStateMachine task thread for /0.0.0.0:46109 - 0 ] INFO  utils.DatanodeStoreCache (DatanodeStoreCache.java:addDB(58)) - Added db /home/runner/work/ozone/ozone/hadoop-ozone/integration-test/target/test-dir/MiniOzoneClusterImpl-74e3824a-f6bc-4c6a-9d81-a3a47ccb7612/datanode-3/data-0/containers/hdds/74e3824a-f6bc-4c6a-9d81-a3a47ccb7612/DS-98ace600-0768-41b4-b67a-c6147896fdd3/container.db to cache
2023-02-01 19:04:07,079 [EndpointStateMachine task thread for /0.0.0.0:46109 - 0 ] INFO  volume.HddsVolume (HddsVolume.java:createDbStore(307)) - SchemaV3 db is created and loaded at /home/runner/work/ozone/ozone/hadoop-ozone/integration-test/target/test-dir/MiniOzoneClusterImpl-74e3824a-f6bc-4c6a-9d81-a3a47ccb7612/datanode-3/data-0/containers/hdds/74e3824a-f6bc-4c6a-9d81-a3a47ccb7612/DS-98ace600-0768-41b4-b67a-c6147896fdd3/container.db for volume DS-98ace600-0768-41b4-b67a-c6147896fdd3
2023-02-01 19:04:07,079 [EndpointStateMachine task thread for /0.0.0.0:46109 - 0 ] INFO  ozoneimpl.OzoneContainer (OzoneContainer.java:start(399)) - Attempting to start container services.
2023-02-01 19:04:07,079 [EndpointStateMachine task thread for /0.0.0.0:46109 - 0 ] INFO  ozoneimpl.OzoneContainer (OzoneContainer.java:startContainerScrub(316)) - Scheduled background container scanners and the on-demand container scanner have been disabled.
2023-02-01 19:04:07,081 [EndpointStateMachine task thread for /0.0.0.0:46109 - 0 ] INFO  replication.ReplicationServer (ReplicationServer.java:start(109)) - ReplicationServer is started using port 45975
2023-02-01 19:04:07,082 [EndpointStateMachine task thread for /0.0.0.0:46109 - 0 ] INFO  ratis.XceiverServerRatis (XceiverServerRatis.java:start(517)) - Starting XceiverServerRatis 6cd874f3-a134-47b5-8d3d-29dcf92148ed
2023-02-01 19:04:07,084 [EndpointStateMachine task thread for /0.0.0.0:46109 - 0 ] INFO  server.RaftServer (RaftServerProxy.java:startImpl(393)) - 6cd874f3-a134-47b5-8d3d-29dcf92148ed: start RPC server
2023-02-01 19:04:07,085 [EndpointStateMachine task thread for /0.0.0.0:46109 - 0 ] INFO  server.GrpcService (GrpcService.java:startImpl(262)) - 6cd874f3-a134-47b5-8d3d-29dcf92148ed: GrpcService started, listening on 42333
2023-02-01 19:04:07,086 [EndpointStateMachine task thread for /0.0.0.0:46109 - 0 ] INFO  ratis.XceiverServerRatis (XceiverServerRatis.java:getRealPort(543)) - XceiverServerRatis 6cd874f3-a134-47b5-8d3d-29dcf92148ed is started using port 42333 for RATIS
2023-02-01 19:04:07,086 [JvmPauseMonitor4] INFO  util.JvmPauseMonitor (JvmPauseMonitor.java:run(105)) - JvmPauseMonitor-6cd874f3-a134-47b5-8d3d-29dcf92148ed: Started
2023-02-01 19:04:07,086 [EndpointStateMachine task thread for /0.0.0.0:46109 - 0 ] INFO  ratis.XceiverServerRatis (XceiverServerRatis.java:getRealPort(543)) - XceiverServerRatis 6cd874f3-a134-47b5-8d3d-29dcf92148ed is started using port 42333 for RATIS_ADMIN
2023-02-01 19:04:07,089 [EndpointStateMachine task thread for /0.0.0.0:46109 - 0 ] INFO  ratis.XceiverServerRatis (XceiverServerRatis.java:getRealPort(543)) - XceiverServerRatis 6cd874f3-a134-47b5-8d3d-29dcf92148ed is started using port 42333 for RATIS_SERVER
2023-02-01 19:04:07,089 [EndpointStateMachine task thread for /0.0.0.0:46109 - 0 ] INFO  ratis.XceiverServerRatis (XceiverServerRatis.java:getRealPort(543)) - XceiverServerRatis 6cd874f3-a134-47b5-8d3d-29dcf92148ed is started using port 45873 for RATIS_DATASTREAM
2023-02-01 19:04:07,091 [EndpointStateMachine task thread for /0.0.0.0:46109 - 0 ] INFO  server.XceiverServerGrpc (XceiverServerGrpc.java:start(180)) - XceiverServerGrpc 6cd874f3-a134-47b5-8d3d-29dcf92148ed is started using port 38475
2023-02-01 19:04:07,165 [Listener at 127.0.0.1/34005] INFO  ozone.MiniOzoneClusterImpl (MiniOzoneClusterImpl.java:lambda$waitForClusterToBeReady$0(218)) - Waiting for nodes to be ready. Got 0 of 7 DN Heartbeats.
2023-02-01 19:04:07,165 [Listener at 127.0.0.1/34005] INFO  ozone.MiniOzoneClusterImpl (MiniOzoneClusterImpl.java:lambda$waitForClusterToBeReady$0(221)) - Waiting for cluster to exit safe mode
2023-02-01 19:04:07,165 [Listener at 127.0.0.1/34005] INFO  ozone.MiniOzoneClusterImpl (MiniOzoneClusterImpl.java:lambda$waitForClusterToBeReady$0(223)) - SCM became leader
2023-02-01 19:04:07,381 [EndpointStateMachine task thread for /0.0.0.0:46109 - 0 ] INFO  utils.DatanodeStoreCache (DatanodeStoreCache.java:addDB(58)) - Added db /home/runner/work/ozone/ozone/hadoop-ozone/integration-test/target/test-dir/MiniOzoneClusterImpl-74e3824a-f6bc-4c6a-9d81-a3a47ccb7612/datanode-4/data-0/containers/hdds/74e3824a-f6bc-4c6a-9d81-a3a47ccb7612/DS-863be86a-22a2-480a-a8bb-8ec69b55b9bc/container.db to cache
2023-02-01 19:04:07,381 [EndpointStateMachine task thread for /0.0.0.0:46109 - 0 ] INFO  volume.HddsVolume (HddsVolume.java:createDbStore(307)) - SchemaV3 db is created and loaded at /home/runner/work/ozone/ozone/hadoop-ozone/integration-test/target/test-dir/MiniOzoneClusterImpl-74e3824a-f6bc-4c6a-9d81-a3a47ccb7612/datanode-4/data-0/containers/hdds/74e3824a-f6bc-4c6a-9d81-a3a47ccb7612/DS-863be86a-22a2-480a-a8bb-8ec69b55b9bc/container.db for volume DS-863be86a-22a2-480a-a8bb-8ec69b55b9bc
2023-02-01 19:04:07,382 [EndpointStateMachine task thread for /0.0.0.0:46109 - 0 ] INFO  ozoneimpl.OzoneContainer (OzoneContainer.java:start(399)) - Attempting to start container services.
2023-02-01 19:04:07,382 [EndpointStateMachine task thread for /0.0.0.0:46109 - 0 ] INFO  ozoneimpl.OzoneContainer (OzoneContainer.java:startContainerScrub(316)) - Scheduled background container scanners and the on-demand container scanner have been disabled.
2023-02-01 19:04:07,384 [EndpointStateMachine task thread for /0.0.0.0:46109 - 0 ] INFO  replication.ReplicationServer (ReplicationServer.java:start(109)) - ReplicationServer is started using port 37291
2023-02-01 19:04:07,384 [EndpointStateMachine task thread for /0.0.0.0:46109 - 0 ] INFO  ratis.XceiverServerRatis (XceiverServerRatis.java:start(517)) - Starting XceiverServerRatis c542d8dc-da9e-4bdb-b4f7-db3abed755ad
2023-02-01 19:04:07,387 [EndpointStateMachine task thread for /0.0.0.0:46109 - 0 ] INFO  server.RaftServer (RaftServerProxy.java:startImpl(393)) - c542d8dc-da9e-4bdb-b4f7-db3abed755ad: start RPC server
2023-02-01 19:04:07,388 [EndpointStateMachine task thread for /0.0.0.0:46109 - 0 ] INFO  server.GrpcService (GrpcService.java:startImpl(262)) - c542d8dc-da9e-4bdb-b4f7-db3abed755ad: GrpcService started, listening on 44361
2023-02-01 19:04:07,388 [EndpointStateMachine task thread for /0.0.0.0:46109 - 0 ] INFO  ratis.XceiverServerRatis (XceiverServerRatis.java:getRealPort(543)) - XceiverServerRatis c542d8dc-da9e-4bdb-b4f7-db3abed755ad is started using port 44361 for RATIS
2023-02-01 19:04:07,388 [JvmPauseMonitor5] INFO  util.JvmPauseMonitor (JvmPauseMonitor.java:run(105)) - JvmPauseMonitor-c542d8dc-da9e-4bdb-b4f7-db3abed755ad: Started
2023-02-01 19:04:07,389 [EndpointStateMachine task thread for /0.0.0.0:46109 - 0 ] INFO  ratis.XceiverServerRatis (XceiverServerRatis.java:getRealPort(543)) - XceiverServerRatis c542d8dc-da9e-4bdb-b4f7-db3abed755ad is started using port 44361 for RATIS_ADMIN
2023-02-01 19:04:07,389 [EndpointStateMachine task thread for /0.0.0.0:46109 - 0 ] INFO  ratis.XceiverServerRatis (XceiverServerRatis.java:getRealPort(543)) - XceiverServerRatis c542d8dc-da9e-4bdb-b4f7-db3abed755ad is started using port 44361 for RATIS_SERVER
2023-02-01 19:04:07,389 [EndpointStateMachine task thread for /0.0.0.0:46109 - 0 ] INFO  ratis.XceiverServerRatis (XceiverServerRatis.java:getRealPort(543)) - XceiverServerRatis c542d8dc-da9e-4bdb-b4f7-db3abed755ad is started using port 34955 for RATIS_DATASTREAM
2023-02-01 19:04:07,392 [EndpointStateMachine task thread for /0.0.0.0:46109 - 0 ] INFO  server.XceiverServerGrpc (XceiverServerGrpc.java:start(180)) - XceiverServerGrpc c542d8dc-da9e-4bdb-b4f7-db3abed755ad is started using port 44275
2023-02-01 19:04:07,729 [IPC Server handler 1 on default port 46109] INFO  net.NetworkTopologyImpl (NetworkTopologyImpl.java:add(112)) - Added a new node: /default-rack/983f5510-3bfc-4466-a3b1-ba468ed7f96d
2023-02-01 19:04:07,731 [IPC Server handler 1 on default port 46109] INFO  node.SCMNodeManager (SCMNodeManager.java:register(397)) - Registered Data node : 983f5510-3bfc-4466-a3b1-ba468ed7f96d{ip: 10.1.0.60, host: fv-az213-973.c2vz3wqhpjau3hcstnyptvmwla.cx.internal.cloudapp.net, ports: [REPLICATION=39763, RATIS=41377, RATIS_ADMIN=41377, RATIS_SERVER=41377, RATIS_DATASTREAM=43549, STANDALONE=40091], networkLocation: /default-rack, certSerialId: null, persistedOpState: null, persistedOpStateExpiryEpochSec: 0}
2023-02-01 19:04:07,737 [EventQueue-NewNodeForNewNodeHandler] INFO  pipeline.BackgroundPipelineCreator (BackgroundPipelineCreator.java:notifyEventTriggered(276)) - trigger a one-shot run on RatisPipelineUtilsThread.
2023-02-01 19:04:07,738 [EventQueue-NodeRegistrationContainerReportForContainerSafeModeRule] INFO  safemode.SCMSafeModeManager (SCMSafeModeManager.java:validateSafeModeExitRules(200)) - ContainerSafeModeRule rule is successfully validated
2023-02-01 19:04:07,746 [RatisPipelineUtilsThread - 0] INFO  pipeline.RatisPipelineProvider (RatisPipelineProvider.java:lambda$create$0(206)) - Sending CreatePipelineCommand for pipeline:PipelineID=f5eefc16-2faf-4a8d-91f4-3c2ee92ec937 to datanode:983f5510-3bfc-4466-a3b1-ba468ed7f96d
2023-02-01 19:04:07,746 [EventQueue-NodeRegistrationContainerReportForDataNodeSafeModeRule] INFO  safemode.SCMSafeModeManager (DataNodeSafeModeRule.java:process(71)) - SCM in safe mode. 1 DataNodes registered, 3 required.
2023-02-01 19:04:07,753 [EventQueue-PipelineReportForOneReplicaPipelineSafeModeRule] INFO  safemode.SCMSafeModeManager (SCMSafeModeManager.java:validateSafeModeExitRules(200)) - AtleastOneDatanodeReportedRule rule is successfully validated
2023-02-01 19:04:07,767 [EndpointStateMachine task thread for /0.0.0.0:46109 - 0 ] INFO  utils.DatanodeStoreCache (DatanodeStoreCache.java:addDB(58)) - Added db /home/runner/work/ozone/ozone/hadoop-ozone/integration-test/target/test-dir/MiniOzoneClusterImpl-74e3824a-f6bc-4c6a-9d81-a3a47ccb7612/datanode-5/data-0/containers/hdds/74e3824a-f6bc-4c6a-9d81-a3a47ccb7612/DS-847db78b-6416-4465-ab7d-3d527fff0c4d/container.db to cache
2023-02-01 19:04:07,767 [EndpointStateMachine task thread for /0.0.0.0:46109 - 0 ] INFO  volume.HddsVolume (HddsVolume.java:createDbStore(307)) - SchemaV3 db is created and loaded at /home/runner/work/ozone/ozone/hadoop-ozone/integration-test/target/test-dir/MiniOzoneClusterImpl-74e3824a-f6bc-4c6a-9d81-a3a47ccb7612/datanode-5/data-0/containers/hdds/74e3824a-f6bc-4c6a-9d81-a3a47ccb7612/DS-847db78b-6416-4465-ab7d-3d527fff0c4d/container.db for volume DS-847db78b-6416-4465-ab7d-3d527fff0c4d
2023-02-01 19:04:07,768 [EndpointStateMachine task thread for /0.0.0.0:46109 - 0 ] INFO  ozoneimpl.OzoneContainer (OzoneContainer.java:start(399)) - Attempting to start container services.
2023-02-01 19:04:07,768 [EndpointStateMachine task thread for /0.0.0.0:46109 - 0 ] INFO  ozoneimpl.OzoneContainer (OzoneContainer.java:startContainerScrub(316)) - Scheduled background container scanners and the on-demand container scanner have been disabled.
2023-02-01 19:04:07,770 [RatisPipelineUtilsThread - 0] INFO  pipeline.PipelineStateManagerImpl (PipelineStateManagerImpl.java:addPipeline(103)) - Created pipeline Pipeline[ Id: f5eefc16-2faf-4a8d-91f4-3c2ee92ec937, Nodes: 983f5510-3bfc-4466-a3b1-ba468ed7f96d(fv-az213-973.c2vz3wqhpjau3hcstnyptvmwla.cx.internal.cloudapp.net/10.1.0.60), ReplicationConfig: RATIS/ONE, State:ALLOCATED, leaderId:, CreationTimestamp2023-02-01T19:04:07.745Z[Etc/UTC]].
2023-02-01 19:04:07,778 [EndpointStateMachine task thread for /0.0.0.0:46109 - 0 ] INFO  replication.ReplicationServer (ReplicationServer.java:start(109)) - ReplicationServer is started using port 36933
2023-02-01 19:04:07,779 [EndpointStateMachine task thread for /0.0.0.0:46109 - 0 ] INFO  ratis.XceiverServerRatis (XceiverServerRatis.java:start(517)) - Starting XceiverServerRatis c4279a81-19f7-4b96-a700-7284b014edb1
2023-02-01 19:04:07,779 [EndpointStateMachine task thread for /0.0.0.0:46109 - 0 ] INFO  server.RaftServer (RaftServerProxy.java:startImpl(393)) - c4279a81-19f7-4b96-a700-7284b014edb1: start RPC server
2023-02-01 19:04:07,781 [EndpointStateMachine task thread for /0.0.0.0:46109 - 0 ] INFO  server.GrpcService (GrpcService.java:startImpl(262)) - c4279a81-19f7-4b96-a700-7284b014edb1: GrpcService started, listening on 39305
2023-02-01 19:04:07,781 [EndpointStateMachine task thread for /0.0.0.0:46109 - 0 ] INFO  ratis.XceiverServerRatis (XceiverServerRatis.java:getRealPort(543)) - XceiverServerRatis c4279a81-19f7-4b96-a700-7284b014edb1 is started using port 39305 for RATIS
2023-02-01 19:04:07,782 [JvmPauseMonitor6] INFO  util.JvmPauseMonitor (JvmPauseMonitor.java:run(105)) - JvmPauseMonitor-c4279a81-19f7-4b96-a700-7284b014edb1: Started
2023-02-01 19:04:07,782 [EndpointStateMachine task thread for /0.0.0.0:46109 - 0 ] INFO  ratis.XceiverServerRatis (XceiverServerRatis.java:getRealPort(543)) - XceiverServerRatis c4279a81-19f7-4b96-a700-7284b014edb1 is started using port 39305 for RATIS_ADMIN
2023-02-01 19:04:07,782 [EndpointStateMachine task thread for /0.0.0.0:46109 - 0 ] INFO  ratis.XceiverServerRatis (XceiverServerRatis.java:getRealPort(543)) - XceiverServerRatis c4279a81-19f7-4b96-a700-7284b014edb1 is started using port 39305 for RATIS_SERVER
2023-02-01 19:04:07,782 [EndpointStateMachine task thread for /0.0.0.0:46109 - 0 ] INFO  ratis.XceiverServerRatis (XceiverServerRatis.java:getRealPort(543)) - XceiverServerRatis c4279a81-19f7-4b96-a700-7284b014edb1 is started using port 34479 for RATIS_DATASTREAM
2023-02-01 19:04:07,786 [EndpointStateMachine task thread for /0.0.0.0:46109 - 0 ] INFO  server.XceiverServerGrpc (XceiverServerGrpc.java:start(180)) - XceiverServerGrpc c4279a81-19f7-4b96-a700-7284b014edb1 is started using port 34521
2023-02-01 19:04:08,165 [Listener at 127.0.0.1/34005] INFO  ozone.MiniOzoneClusterImpl (MiniOzoneClusterImpl.java:lambda$waitForClusterToBeReady$0(218)) - Waiting for nodes to be ready. Got 1 of 7 DN Heartbeats.
2023-02-01 19:04:08,166 [Listener at 127.0.0.1/34005] INFO  ozone.MiniOzoneClusterImpl (MiniOzoneClusterImpl.java:lambda$waitForClusterToBeReady$0(221)) - Waiting for cluster to exit safe mode
2023-02-01 19:04:08,166 [Listener at 127.0.0.1/34005] INFO  ozone.MiniOzoneClusterImpl (MiniOzoneClusterImpl.java:lambda$waitForClusterToBeReady$0(223)) - SCM became leader
2023-02-01 19:04:08,200 [EndpointStateMachine task thread for /0.0.0.0:46109 - 0 ] INFO  utils.DatanodeStoreCache (DatanodeStoreCache.java:addDB(58)) - Added db /home/runner/work/ozone/ozone/hadoop-ozone/integration-test/target/test-dir/MiniOzoneClusterImpl-74e3824a-f6bc-4c6a-9d81-a3a47ccb7612/datanode-6/data-0/containers/hdds/74e3824a-f6bc-4c6a-9d81-a3a47ccb7612/DS-b86df448-dfc8-406e-9ec2-a902f7c246a1/container.db to cache
2023-02-01 19:04:08,200 [EndpointStateMachine task thread for /0.0.0.0:46109 - 0 ] INFO  volume.HddsVolume (HddsVolume.java:createDbStore(307)) - SchemaV3 db is created and loaded at /home/runner/work/ozone/ozone/hadoop-ozone/integration-test/target/test-dir/MiniOzoneClusterImpl-74e3824a-f6bc-4c6a-9d81-a3a47ccb7612/datanode-6/data-0/containers/hdds/74e3824a-f6bc-4c6a-9d81-a3a47ccb7612/DS-b86df448-dfc8-406e-9ec2-a902f7c246a1/container.db for volume DS-b86df448-dfc8-406e-9ec2-a902f7c246a1
2023-02-01 19:04:08,200 [EndpointStateMachine task thread for /0.0.0.0:46109 - 0 ] INFO  ozoneimpl.OzoneContainer (OzoneContainer.java:start(399)) - Attempting to start container services.
2023-02-01 19:04:08,201 [EndpointStateMachine task thread for /0.0.0.0:46109 - 0 ] INFO  ozoneimpl.OzoneContainer (OzoneContainer.java:startContainerScrub(316)) - Scheduled background container scanners and the on-demand container scanner have been disabled.
2023-02-01 19:04:08,206 [EndpointStateMachine task thread for /0.0.0.0:46109 - 0 ] INFO  replication.ReplicationServer (ReplicationServer.java:start(109)) - ReplicationServer is started using port 39125
2023-02-01 19:04:08,207 [EndpointStateMachine task thread for /0.0.0.0:46109 - 0 ] INFO  ratis.XceiverServerRatis (XceiverServerRatis.java:start(517)) - Starting XceiverServerRatis 941873b5-59b7-467c-8b24-fc39e29fe3c9
2023-02-01 19:04:08,207 [EndpointStateMachine task thread for /0.0.0.0:46109 - 0 ] INFO  server.RaftServer (RaftServerProxy.java:startImpl(393)) - 941873b5-59b7-467c-8b24-fc39e29fe3c9: start RPC server
2023-02-01 19:04:08,210 [EndpointStateMachine task thread for /0.0.0.0:46109 - 0 ] INFO  server.GrpcService (GrpcService.java:startImpl(262)) - 941873b5-59b7-467c-8b24-fc39e29fe3c9: GrpcService started, listening on 41089
2023-02-01 19:04:08,210 [EndpointStateMachine task thread for /0.0.0.0:46109 - 0 ] INFO  ratis.XceiverServerRatis (XceiverServerRatis.java:getRealPort(543)) - XceiverServerRatis 941873b5-59b7-467c-8b24-fc39e29fe3c9 is started using port 41089 for RATIS
2023-02-01 19:04:08,210 [JvmPauseMonitor7] INFO  util.JvmPauseMonitor (JvmPauseMonitor.java:run(105)) - JvmPauseMonitor-941873b5-59b7-467c-8b24-fc39e29fe3c9: Started
2023-02-01 19:04:08,210 [EndpointStateMachine task thread for /0.0.0.0:46109 - 0 ] INFO  ratis.XceiverServerRatis (XceiverServerRatis.java:getRealPort(543)) - XceiverServerRatis 941873b5-59b7-467c-8b24-fc39e29fe3c9 is started using port 41089 for RATIS_ADMIN
2023-02-01 19:04:08,210 [EndpointStateMachine task thread for /0.0.0.0:46109 - 0 ] INFO  ratis.XceiverServerRatis (XceiverServerRatis.java:getRealPort(543)) - XceiverServerRatis 941873b5-59b7-467c-8b24-fc39e29fe3c9 is started using port 41089 for RATIS_SERVER
2023-02-01 19:04:08,210 [EndpointStateMachine task thread for /0.0.0.0:46109 - 0 ] INFO  ratis.XceiverServerRatis (XceiverServerRatis.java:getRealPort(543)) - XceiverServerRatis 941873b5-59b7-467c-8b24-fc39e29fe3c9 is started using port 37687 for RATIS_DATASTREAM
2023-02-01 19:04:08,211 [EndpointStateMachine task thread for /0.0.0.0:46109 - 0 ] INFO  server.XceiverServerGrpc (XceiverServerGrpc.java:start(180)) - XceiverServerGrpc 941873b5-59b7-467c-8b24-fc39e29fe3c9 is started using port 41029
2023-02-01 19:04:08,281 [IPC Server handler 2 on default port 46109] INFO  net.NetworkTopologyImpl (NetworkTopologyImpl.java:add(112)) - Added a new node: /default-rack/0e631a51-c9de-4e15-b89a-5991bd1d32f2
2023-02-01 19:04:08,281 [IPC Server handler 2 on default port 46109] INFO  node.SCMNodeManager (SCMNodeManager.java:register(397)) - Registered Data node : 0e631a51-c9de-4e15-b89a-5991bd1d32f2{ip: 10.1.0.60, host: fv-az213-973.c2vz3wqhpjau3hcstnyptvmwla.cx.internal.cloudapp.net, ports: [REPLICATION=41749, RATIS=46279, RATIS_ADMIN=46279, RATIS_SERVER=46279, RATIS_DATASTREAM=37373, STANDALONE=41487], networkLocation: /default-rack, certSerialId: null, persistedOpState: null, persistedOpStateExpiryEpochSec: 0}
2023-02-01 19:04:08,282 [EventQueue-NodeRegistrationContainerReportForDataNodeSafeModeRule] INFO  safemode.SCMSafeModeManager (DataNodeSafeModeRule.java:process(71)) - SCM in safe mode. 2 DataNodes registered, 3 required.
2023-02-01 19:04:08,283 [EventQueue-NewNodeForNewNodeHandler] INFO  pipeline.BackgroundPipelineCreator (BackgroundPipelineCreator.java:notifyEventTriggered(276)) - trigger a one-shot run on RatisPipelineUtilsThread.
2023-02-01 19:04:08,283 [RatisPipelineUtilsThread - 0] INFO  pipeline.RatisPipelineProvider (RatisPipelineProvider.java:lambda$create$0(206)) - Sending CreatePipelineCommand for pipeline:PipelineID=ba953aee-7cf8-4729-b893-76d4760402a7 to datanode:0e631a51-c9de-4e15-b89a-5991bd1d32f2
2023-02-01 19:04:08,284 [RatisPipelineUtilsThread - 0] INFO  pipeline.PipelineStateManagerImpl (PipelineStateManagerImpl.java:addPipeline(103)) - Created pipeline Pipeline[ Id: ba953aee-7cf8-4729-b893-76d4760402a7, Nodes: 0e631a51-c9de-4e15-b89a-5991bd1d32f2(fv-az213-973.c2vz3wqhpjau3hcstnyptvmwla.cx.internal.cloudapp.net/10.1.0.60), ReplicationConfig: RATIS/ONE, State:ALLOCATED, leaderId:, CreationTimestamp2023-02-01T19:04:08.283Z[Etc/UTC]].
2023-02-01 19:04:08,727 [IPC Server handler 15 on default port 46109] INFO  net.NetworkTopologyImpl (NetworkTopologyImpl.java:add(112)) - Added a new node: /default-rack/24429374-fab9-4c1d-9c36-955fd0efba95
2023-02-01 19:04:08,728 [IPC Server handler 15 on default port 46109] INFO  node.SCMNodeManager (SCMNodeManager.java:register(397)) - Registered Data node : 24429374-fab9-4c1d-9c36-955fd0efba95{ip: 10.1.0.60, host: fv-az213-973.c2vz3wqhpjau3hcstnyptvmwla.cx.internal.cloudapp.net, ports: [REPLICATION=45603, RATIS=36493, RATIS_ADMIN=36493, RATIS_SERVER=36493, RATIS_DATASTREAM=46515, STANDALONE=44875], networkLocation: /default-rack, certSerialId: null, persistedOpState: null, persistedOpStateExpiryEpochSec: 0}
2023-02-01 19:04:08,728 [EventQueue-NewNodeForNewNodeHandler] INFO  pipeline.BackgroundPipelineCreator (BackgroundPipelineCreator.java:notifyEventTriggered(276)) - trigger a one-shot run on RatisPipelineUtilsThread.
2023-02-01 19:04:08,728 [EventQueue-NodeRegistrationContainerReportForDataNodeSafeModeRule] INFO  safemode.SCMSafeModeManager (DataNodeSafeModeRule.java:process(71)) - SCM in safe mode. 3 DataNodes registered, 3 required.
2023-02-01 19:04:08,728 [EventQueue-NodeRegistrationContainerReportForDataNodeSafeModeRule] INFO  safemode.SCMSafeModeManager (SCMSafeModeManager.java:validateSafeModeExitRules(200)) - DataNodeSafeModeRule rule is successfully validated
2023-02-01 19:04:08,728 [EventQueue-NodeRegistrationContainerReportForDataNodeSafeModeRule] INFO  safemode.SCMSafeModeManager (SCMSafeModeManager.java:completePreCheck(229)) - All SCM safe mode pre check rules have passed
2023-02-01 19:04:08,728 [EventQueue-NodeRegistrationContainerReportForDataNodeSafeModeRule] INFO  ha.SCMContext (SCMContext.java:updateSafeModeStatus(228)) - Update SafeModeStatus from SafeModeStatus{safeModeStatus=true, preCheckPassed=false} to SafeModeStatus{safeModeStatus=true, preCheckPassed=true}.
2023-02-01 19:04:08,728 [EventQueue-NodeRegistrationContainerReportForDataNodeSafeModeRule] INFO  pipeline.BackgroundPipelineCreator (BackgroundPipelineCreator.java:notifyEventTriggered(276)) - trigger a one-shot run on RatisPipelineUtilsThread.
2023-02-01 19:04:08,729 [RatisPipelineUtilsThread - 0] INFO  pipeline.RatisPipelineProvider (RatisPipelineProvider.java:lambda$create$0(206)) - Sending CreatePipelineCommand for pipeline:PipelineID=826344b9-1a8c-4126-ae9a-209790c09724 to datanode:24429374-fab9-4c1d-9c36-955fd0efba95
2023-02-01 19:04:08,729 [RatisPipelineUtilsThread - 0] INFO  pipeline.PipelineStateManagerImpl (PipelineStateManagerImpl.java:addPipeline(103)) - Created pipeline Pipeline[ Id: 826344b9-1a8c-4126-ae9a-209790c09724, Nodes: 24429374-fab9-4c1d-9c36-955fd0efba95(fv-az213-973.c2vz3wqhpjau3hcstnyptvmwla.cx.internal.cloudapp.net/10.1.0.60), ReplicationConfig: RATIS/ONE, State:ALLOCATED, leaderId:, CreationTimestamp2023-02-01T19:04:08.729Z[Etc/UTC]].
2023-02-01 19:04:08,733 [RatisPipelineUtilsThread - 0] INFO  pipeline.RatisPipelineProvider (RatisPipelineProvider.java:lambda$create$0(206)) - Sending CreatePipelineCommand for pipeline:PipelineID=d2f86b36-0c71-44f7-bc77-75d53d8cffd4 to datanode:24429374-fab9-4c1d-9c36-955fd0efba95
2023-02-01 19:04:08,733 [RatisPipelineUtilsThread - 0] INFO  pipeline.RatisPipelineProvider (RatisPipelineProvider.java:lambda$create$0(206)) - Sending CreatePipelineCommand for pipeline:PipelineID=d2f86b36-0c71-44f7-bc77-75d53d8cffd4 to datanode:983f5510-3bfc-4466-a3b1-ba468ed7f96d
2023-02-01 19:04:08,734 [RatisPipelineUtilsThread - 0] INFO  pipeline.RatisPipelineProvider (RatisPipelineProvider.java:lambda$create$0(206)) - Sending CreatePipelineCommand for pipeline:PipelineID=d2f86b36-0c71-44f7-bc77-75d53d8cffd4 to datanode:0e631a51-c9de-4e15-b89a-5991bd1d32f2
2023-02-01 19:04:08,735 [RatisPipelineUtilsThread - 0] INFO  pipeline.PipelineStateManagerImpl (PipelineStateManagerImpl.java:addPipeline(103)) - Created pipeline Pipeline[ Id: d2f86b36-0c71-44f7-bc77-75d53d8cffd4, Nodes: 24429374-fab9-4c1d-9c36-955fd0efba95(fv-az213-973.c2vz3wqhpjau3hcstnyptvmwla.cx.internal.cloudapp.net/10.1.0.60)983f5510-3bfc-4466-a3b1-ba468ed7f96d(fv-az213-973.c2vz3wqhpjau3hcstnyptvmwla.cx.internal.cloudapp.net/10.1.0.60)0e631a51-c9de-4e15-b89a-5991bd1d32f2(fv-az213-973.c2vz3wqhpjau3hcstnyptvmwla.cx.internal.cloudapp.net/10.1.0.60), ReplicationConfig: RATIS/THREE, State:ALLOCATED, leaderId:, CreationTimestamp2023-02-01T19:04:08.733Z[Etc/UTC]].
2023-02-01 19:04:08,736 [RatisPipelineUtilsThread - 0] INFO  pipeline.RatisPipelineProvider (RatisPipelineProvider.java:lambda$create$0(206)) - Sending CreatePipelineCommand for pipeline:PipelineID=5f51d2ac-89d4-46bb-a0a3-09aa99dc4d72 to datanode:24429374-fab9-4c1d-9c36-955fd0efba95
2023-02-01 19:04:08,738 [RatisPipelineUtilsThread - 0] INFO  pipeline.RatisPipelineProvider (RatisPipelineProvider.java:lambda$create$0(206)) - Sending CreatePipelineCommand for pipeline:PipelineID=5f51d2ac-89d4-46bb-a0a3-09aa99dc4d72 to datanode:983f5510-3bfc-4466-a3b1-ba468ed7f96d
2023-02-01 19:04:08,738 [RatisPipelineUtilsThread - 0] INFO  pipeline.RatisPipelineProvider (RatisPipelineProvider.java:lambda$create$0(206)) - Sending CreatePipelineCommand for pipeline:PipelineID=5f51d2ac-89d4-46bb-a0a3-09aa99dc4d72 to datanode:0e631a51-c9de-4e15-b89a-5991bd1d32f2
2023-02-01 19:04:08,739 [RatisPipelineUtilsThread - 0] INFO  pipeline.PipelineStateManagerImpl (PipelineStateManagerImpl.java:addPipeline(103)) - Created pipeline Pipeline[ Id: 5f51d2ac-89d4-46bb-a0a3-09aa99dc4d72, Nodes: 24429374-fab9-4c1d-9c36-955fd0efba95(fv-az213-973.c2vz3wqhpjau3hcstnyptvmwla.cx.internal.cloudapp.net/10.1.0.60)983f5510-3bfc-4466-a3b1-ba468ed7f96d(fv-az213-973.c2vz3wqhpjau3hcstnyptvmwla.cx.internal.cloudapp.net/10.1.0.60)0e631a51-c9de-4e15-b89a-5991bd1d32f2(fv-az213-973.c2vz3wqhpjau3hcstnyptvmwla.cx.internal.cloudapp.net/10.1.0.60), ReplicationConfig: RATIS/THREE, State:ALLOCATED, leaderId:, CreationTimestamp2023-02-01T19:04:08.736Z[Etc/UTC]].
2023-02-01 19:04:08,739 [RatisPipelineUtilsThread - 0] INFO  pipeline.PipelineManagerImpl (PipelineManagerImpl.java:recordMetricsForPipeline(826)) - Pipeline: PipelineID=5f51d2ac-89d4-46bb-a0a3-09aa99dc4d72 contains same datanodes as previous pipelines: PipelineID=d2f86b36-0c71-44f7-bc77-75d53d8cffd4 nodeIds: 24429374-fab9-4c1d-9c36-955fd0efba95, 983f5510-3bfc-4466-a3b1-ba468ed7f96d, 0e631a51-c9de-4e15-b89a-5991bd1d32f2
2023-02-01 19:04:08,740 [RatisPipelineUtilsThread - 0] WARN  pipeline.PipelinePlacementPolicy (PipelinePlacementPolicy.java:filterViableNodes(158)) - Pipeline creation failed due to no sufficient healthy datanodes. Required 3. Found 0.
2023-02-01 19:04:09,056 [IPC Server handler 4 on default port 46109] INFO  net.NetworkTopologyImpl (NetworkTopologyImpl.java:add(112)) - Added a new node: /default-rack/6cd874f3-a134-47b5-8d3d-29dcf92148ed
2023-02-01 19:04:09,057 [IPC Server handler 4 on default port 46109] INFO  node.SCMNodeManager (SCMNodeManager.java:register(397)) - Registered Data node : 6cd874f3-a134-47b5-8d3d-29dcf92148ed{ip: 10.1.0.60, host: fv-az213-973.c2vz3wqhpjau3hcstnyptvmwla.cx.internal.cloudapp.net, ports: [REPLICATION=45975, RATIS=42333, RATIS_ADMIN=42333, RATIS_SERVER=42333, RATIS_DATASTREAM=45873, STANDALONE=38475], networkLocation: /default-rack, certSerialId: null, persistedOpState: null, persistedOpStateExpiryEpochSec: 0}
2023-02-01 19:04:09,057 [EventQueue-NewNodeForNewNodeHandler] INFO  pipeline.BackgroundPipelineCreator (BackgroundPipelineCreator.java:notifyEventTriggered(276)) - trigger a one-shot run on RatisPipelineUtilsThread.
2023-02-01 19:04:09,057 [RatisPipelineUtilsThread - 0] INFO  pipeline.RatisPipelineProvider (RatisPipelineProvider.java:lambda$create$0(206)) - Sending CreatePipelineCommand for pipeline:PipelineID=52d8ea26-c8e9-4530-959f-9a43cc3302f3 to datanode:6cd874f3-a134-47b5-8d3d-29dcf92148ed
2023-02-01 19:04:09,058 [RatisPipelineUtilsThread - 0] INFO  pipeline.PipelineStateManagerImpl (PipelineStateManagerImpl.java:addPipeline(103)) - Created pipeline Pipeline[ Id: 52d8ea26-c8e9-4530-959f-9a43cc3302f3, Nodes: 6cd874f3-a134-47b5-8d3d-29dcf92148ed(fv-az213-973.c2vz3wqhpjau3hcstnyptvmwla.cx.internal.cloudapp.net/10.1.0.60), ReplicationConfig: RATIS/ONE, State:ALLOCATED, leaderId:, CreationTimestamp2023-02-01T19:04:09.057Z[Etc/UTC]].
2023-02-01 19:04:09,060 [RatisPipelineUtilsThread - 0] WARN  pipeline.PipelinePlacementPolicy (PipelinePlacementPolicy.java:filterViableNodes(158)) - Pipeline creation failed due to no sufficient healthy datanodes. Required 3. Found 1.
2023-02-01 19:04:09,166 [Listener at 127.0.0.1/34005] INFO  ozone.MiniOzoneClusterImpl (MiniOzoneClusterImpl.java:lambda$waitForClusterToBeReady$0(218)) - Waiting for nodes to be ready. Got 4 of 7 DN Heartbeats.
2023-02-01 19:04:09,167 [Listener at 127.0.0.1/34005] INFO  ozone.MiniOzoneClusterImpl (MiniOzoneClusterImpl.java:lambda$waitForClusterToBeReady$0(221)) - Waiting for cluster to exit safe mode
2023-02-01 19:04:09,167 [Listener at 127.0.0.1/34005] INFO  ozone.MiniOzoneClusterImpl (MiniOzoneClusterImpl.java:lambda$waitForClusterToBeReady$0(223)) - SCM became leader
2023-02-01 19:04:09,353 [IPC Server handler 15 on default port 46109] INFO  net.NetworkTopologyImpl (NetworkTopologyImpl.java:add(112)) - Added a new node: /default-rack/c542d8dc-da9e-4bdb-b4f7-db3abed755ad
2023-02-01 19:04:09,353 [IPC Server handler 15 on default port 46109] INFO  node.SCMNodeManager (SCMNodeManager.java:register(397)) - Registered Data node : c542d8dc-da9e-4bdb-b4f7-db3abed755ad{ip: 10.1.0.60, host: fv-az213-973.c2vz3wqhpjau3hcstnyptvmwla.cx.internal.cloudapp.net, ports: [REPLICATION=37291, RATIS=44361, RATIS_ADMIN=44361, RATIS_SERVER=44361, RATIS_DATASTREAM=34955, STANDALONE=44275], networkLocation: /default-rack, certSerialId: null, persistedOpState: null, persistedOpStateExpiryEpochSec: 0}
2023-02-01 19:04:09,353 [EventQueue-NewNodeForNewNodeHandler] INFO  pipeline.BackgroundPipelineCreator (BackgroundPipelineCreator.java:notifyEventTriggered(276)) - trigger a one-shot run on RatisPipelineUtilsThread.
2023-02-01 19:04:09,353 [RatisPipelineUtilsThread - 0] INFO  pipeline.RatisPipelineProvider (RatisPipelineProvider.java:lambda$create$0(206)) - Sending CreatePipelineCommand for pipeline:PipelineID=88a07c24-6871-4904-a3db-25533faf4692 to datanode:c542d8dc-da9e-4bdb-b4f7-db3abed755ad
2023-02-01 19:04:09,354 [RatisPipelineUtilsThread - 0] INFO  pipeline.PipelineStateManagerImpl (PipelineStateManagerImpl.java:addPipeline(103)) - Created pipeline Pipeline[ Id: 88a07c24-6871-4904-a3db-25533faf4692, Nodes: c542d8dc-da9e-4bdb-b4f7-db3abed755ad(fv-az213-973.c2vz3wqhpjau3hcstnyptvmwla.cx.internal.cloudapp.net/10.1.0.60), ReplicationConfig: RATIS/ONE, State:ALLOCATED, leaderId:, CreationTimestamp2023-02-01T19:04:09.353Z[Etc/UTC]].
2023-02-01 19:04:09,355 [RatisPipelineUtilsThread - 0] WARN  pipeline.PipelinePlacementPolicy (PipelinePlacementPolicy.java:filterViableNodes(158)) - Pipeline creation failed due to no sufficient healthy datanodes. Required 3. Found 2.
2023-02-01 19:04:09,708 [IPC Server handler 6 on default port 46109] INFO  net.NetworkTopologyImpl (NetworkTopologyImpl.java:add(112)) - Added a new node: /default-rack/c4279a81-19f7-4b96-a700-7284b014edb1
2023-02-01 19:04:09,708 [IPC Server handler 6 on default port 46109] INFO  node.SCMNodeManager (SCMNodeManager.java:register(397)) - Registered Data node : c4279a81-19f7-4b96-a700-7284b014edb1{ip: 10.1.0.60, host: fv-az213-973.c2vz3wqhpjau3hcstnyptvmwla.cx.internal.cloudapp.net, ports: [REPLICATION=36933, RATIS=39305, RATIS_ADMIN=39305, RATIS_SERVER=39305, RATIS_DATASTREAM=34479, STANDALONE=34521], networkLocation: /default-rack, certSerialId: null, persistedOpState: null, persistedOpStateExpiryEpochSec: 0}
2023-02-01 19:04:09,709 [EventQueue-NewNodeForNewNodeHandler] INFO  pipeline.BackgroundPipelineCreator (BackgroundPipelineCreator.java:notifyEventTriggered(276)) - trigger a one-shot run on RatisPipelineUtilsThread.
2023-02-01 19:04:09,710 [RatisPipelineUtilsThread - 0] INFO  pipeline.RatisPipelineProvider (RatisPipelineProvider.java:lambda$create$0(206)) - Sending CreatePipelineCommand for pipeline:PipelineID=7eb07742-e680-4e11-8cc8-072e3e9c227d to datanode:c4279a81-19f7-4b96-a700-7284b014edb1
2023-02-01 19:04:09,710 [RatisPipelineUtilsThread - 0] INFO  pipeline.PipelineStateManagerImpl (PipelineStateManagerImpl.java:addPipeline(103)) - Created pipeline Pipeline[ Id: 7eb07742-e680-4e11-8cc8-072e3e9c227d, Nodes: c4279a81-19f7-4b96-a700-7284b014edb1(fv-az213-973.c2vz3wqhpjau3hcstnyptvmwla.cx.internal.cloudapp.net/10.1.0.60), ReplicationConfig: RATIS/ONE, State:ALLOCATED, leaderId:, CreationTimestamp2023-02-01T19:04:09.710Z[Etc/UTC]].
2023-02-01 19:04:09,711 [RatisPipelineUtilsThread - 0] INFO  pipeline.RatisPipelineProvider (RatisPipelineProvider.java:lambda$create$0(206)) - Sending CreatePipelineCommand for pipeline:PipelineID=bd78d5fe-09de-4851-a873-ec822da17cd6 to datanode:c542d8dc-da9e-4bdb-b4f7-db3abed755ad
2023-02-01 19:04:09,711 [RatisPipelineUtilsThread - 0] INFO  pipeline.RatisPipelineProvider (RatisPipelineProvider.java:lambda$create$0(206)) - Sending CreatePipelineCommand for pipeline:PipelineID=bd78d5fe-09de-4851-a873-ec822da17cd6 to datanode:6cd874f3-a134-47b5-8d3d-29dcf92148ed
2023-02-01 19:04:09,711 [RatisPipelineUtilsThread - 0] INFO  pipeline.RatisPipelineProvider (RatisPipelineProvider.java:lambda$create$0(206)) - Sending CreatePipelineCommand for pipeline:PipelineID=bd78d5fe-09de-4851-a873-ec822da17cd6 to datanode:c4279a81-19f7-4b96-a700-7284b014edb1
2023-02-01 19:04:09,713 [RatisPipelineUtilsThread - 0] INFO  pipeline.PipelineStateManagerImpl (PipelineStateManagerImpl.java:addPipeline(103)) - Created pipeline Pipeline[ Id: bd78d5fe-09de-4851-a873-ec822da17cd6, Nodes: c542d8dc-da9e-4bdb-b4f7-db3abed755ad(fv-az213-973.c2vz3wqhpjau3hcstnyptvmwla.cx.internal.cloudapp.net/10.1.0.60)6cd874f3-a134-47b5-8d3d-29dcf92148ed(fv-az213-973.c2vz3wqhpjau3hcstnyptvmwla.cx.internal.cloudapp.net/10.1.0.60)c4279a81-19f7-4b96-a700-7284b014edb1(fv-az213-973.c2vz3wqhpjau3hcstnyptvmwla.cx.internal.cloudapp.net/10.1.0.60), ReplicationConfig: RATIS/THREE, State:ALLOCATED, leaderId:, CreationTimestamp2023-02-01T19:04:09.711Z[Etc/UTC]].
2023-02-01 19:04:09,714 [RatisPipelineUtilsThread - 0] INFO  pipeline.RatisPipelineProvider (RatisPipelineProvider.java:lambda$create$0(206)) - Sending CreatePipelineCommand for pipeline:PipelineID=279620bb-72a9-43bd-8ddd-4ffeac5aca4b to datanode:c542d8dc-da9e-4bdb-b4f7-db3abed755ad
2023-02-01 19:04:09,714 [RatisPipelineUtilsThread - 0] INFO  pipeline.RatisPipelineProvider (RatisPipelineProvider.java:lambda$create$0(206)) - Sending CreatePipelineCommand for pipeline:PipelineID=279620bb-72a9-43bd-8ddd-4ffeac5aca4b to datanode:c4279a81-19f7-4b96-a700-7284b014edb1
2023-02-01 19:04:09,714 [RatisPipelineUtilsThread - 0] INFO  pipeline.RatisPipelineProvider (RatisPipelineProvider.java:lambda$create$0(206)) - Sending CreatePipelineCommand for pipeline:PipelineID=279620bb-72a9-43bd-8ddd-4ffeac5aca4b to datanode:6cd874f3-a134-47b5-8d3d-29dcf92148ed
2023-02-01 19:04:09,715 [RatisPipelineUtilsThread - 0] INFO  pipeline.PipelineStateManagerImpl (PipelineStateManagerImpl.java:addPipeline(103)) - Created pipeline Pipeline[ Id: 279620bb-72a9-43bd-8ddd-4ffeac5aca4b, Nodes: c542d8dc-da9e-4bdb-b4f7-db3abed755ad(fv-az213-973.c2vz3wqhpjau3hcstnyptvmwla.cx.internal.cloudapp.net/10.1.0.60)c4279a81-19f7-4b96-a700-7284b014edb1(fv-az213-973.c2vz3wqhpjau3hcstnyptvmwla.cx.internal.cloudapp.net/10.1.0.60)6cd874f3-a134-47b5-8d3d-29dcf92148ed(fv-az213-973.c2vz3wqhpjau3hcstnyptvmwla.cx.internal.cloudapp.net/10.1.0.60), ReplicationConfig: RATIS/THREE, State:ALLOCATED, leaderId:, CreationTimestamp2023-02-01T19:04:09.714Z[Etc/UTC]].
2023-02-01 19:04:09,715 [RatisPipelineUtilsThread - 0] INFO  pipeline.PipelineManagerImpl (PipelineManagerImpl.java:recordMetricsForPipeline(826)) - Pipeline: PipelineID=279620bb-72a9-43bd-8ddd-4ffeac5aca4b contains same datanodes as previous pipelines: PipelineID=bd78d5fe-09de-4851-a873-ec822da17cd6 nodeIds: c542d8dc-da9e-4bdb-b4f7-db3abed755ad, c4279a81-19f7-4b96-a700-7284b014edb1, 6cd874f3-a134-47b5-8d3d-29dcf92148ed
2023-02-01 19:04:09,716 [RatisPipelineUtilsThread - 0] WARN  pipeline.PipelinePlacementPolicy (PipelinePlacementPolicy.java:filterViableNodes(158)) - Pipeline creation failed due to no sufficient healthy datanodes. Required 3. Found 0.
2023-02-01 19:04:10,167 [Listener at 127.0.0.1/34005] INFO  ozone.MiniOzoneClusterImpl (MiniOzoneClusterImpl.java:lambda$waitForClusterToBeReady$0(218)) - Waiting for nodes to be ready. Got 6 of 7 DN Heartbeats.
2023-02-01 19:04:10,168 [Listener at 127.0.0.1/34005] INFO  ozone.MiniOzoneClusterImpl (MiniOzoneClusterImpl.java:lambda$waitForClusterToBeReady$0(221)) - Waiting for cluster to exit safe mode
2023-02-01 19:04:10,168 [Listener at 127.0.0.1/34005] INFO  ozone.MiniOzoneClusterImpl (MiniOzoneClusterImpl.java:lambda$waitForClusterToBeReady$0(223)) - SCM became leader
2023-02-01 19:04:10,172 [IPC Server handler 3 on default port 46109] INFO  net.NetworkTopologyImpl (NetworkTopologyImpl.java:add(112)) - Added a new node: /default-rack/941873b5-59b7-467c-8b24-fc39e29fe3c9
2023-02-01 19:04:10,172 [IPC Server handler 3 on default port 46109] INFO  node.SCMNodeManager (SCMNodeManager.java:register(397)) - Registered Data node : 941873b5-59b7-467c-8b24-fc39e29fe3c9{ip: 10.1.0.60, host: fv-az213-973.c2vz3wqhpjau3hcstnyptvmwla.cx.internal.cloudapp.net, ports: [REPLICATION=39125, RATIS=41089, RATIS_ADMIN=41089, RATIS_SERVER=41089, RATIS_DATASTREAM=37687, STANDALONE=41029], networkLocation: /default-rack, certSerialId: null, persistedOpState: null, persistedOpStateExpiryEpochSec: 0}
2023-02-01 19:04:10,173 [EventQueue-NewNodeForNewNodeHandler] INFO  pipeline.BackgroundPipelineCreator (BackgroundPipelineCreator.java:notifyEventTriggered(276)) - trigger a one-shot run on RatisPipelineUtilsThread.
2023-02-01 19:04:10,173 [RatisPipelineUtilsThread - 0] INFO  pipeline.RatisPipelineProvider (RatisPipelineProvider.java:lambda$create$0(206)) - Sending CreatePipelineCommand for pipeline:PipelineID=e6ea879c-aab2-40a4-9c2f-0bc910ac6834 to datanode:941873b5-59b7-467c-8b24-fc39e29fe3c9
2023-02-01 19:04:10,174 [RatisPipelineUtilsThread - 0] INFO  pipeline.PipelineStateManagerImpl (PipelineStateManagerImpl.java:addPipeline(103)) - Created pipeline Pipeline[ Id: e6ea879c-aab2-40a4-9c2f-0bc910ac6834, Nodes: 941873b5-59b7-467c-8b24-fc39e29fe3c9(fv-az213-973.c2vz3wqhpjau3hcstnyptvmwla.cx.internal.cloudapp.net/10.1.0.60), ReplicationConfig: RATIS/ONE, State:ALLOCATED, leaderId:, CreationTimestamp2023-02-01T19:04:10.173Z[Etc/UTC]].
2023-02-01 19:04:10,175 [RatisPipelineUtilsThread - 0] WARN  pipeline.PipelinePlacementPolicy (PipelinePlacementPolicy.java:filterViableNodes(158)) - Pipeline creation failed due to no sufficient healthy datanodes. Required 3. Found 1.
2023-02-01 19:04:10,713 [Command processor thread] INFO  server.RaftServer (RaftServerProxy.java:addNew(96)) - 983f5510-3bfc-4466-a3b1-ba468ed7f96d: addNew group-3C2EE92EC937:[983f5510-3bfc-4466-a3b1-ba468ed7f96d|rpc:10.1.0.60:41377|dataStream:10.1.0.60:43549|priority:1|startupRole:FOLLOWER] returns group-3C2EE92EC937:java.util.concurrent.CompletableFuture@3a69ab30[Not completed]
2023-02-01 19:04:10,733 [pool-71-thread-1] INFO  server.RaftServer$Division (RaftServerImpl.java:<init>(195)) - 983f5510-3bfc-4466-a3b1-ba468ed7f96d: new RaftServerImpl for group-3C2EE92EC937:[983f5510-3bfc-4466-a3b1-ba468ed7f96d|rpc:10.1.0.60:41377|dataStream:10.1.0.60:43549|priority:1|startupRole:FOLLOWER] with ContainerStateMachine:uninitialized
2023-02-01 19:04:10,734 [pool-71-thread-1] INFO  server.RaftServerConfigKeys (ConfUtils.java:logGet(46)) - raft.server.rpc.timeout.min = 5s (custom)
2023-02-01 19:04:10,734 [pool-71-thread-1] INFO  server.RaftServerConfigKeys (ConfUtils.java:logGet(46)) - raft.server.rpc.timeout.max = 5200ms (custom)
2023-02-01 19:04:10,734 [pool-71-thread-1] INFO  server.RaftServerConfigKeys (ConfUtils.java:logGet(46)) - raft.server.rpc.sleep.time = 25ms (default)
2023-02-01 19:04:10,734 [pool-71-thread-1] INFO  server.RaftServerConfigKeys (ConfUtils.java:logGet(46)) - raft.server.rpc.slowness.timeout = 300s (custom)
2023-02-01 19:04:10,734 [pool-71-thread-1] INFO  server.RaftServerConfigKeys (ConfUtils.java:logGet(46)) - raft.server.leaderelection.leader.step-down.wait-time = 10s (default)
2023-02-01 19:04:10,734 [pool-71-thread-1] INFO  server.RaftServerConfigKeys (ConfUtils.java:logGet(46)) - raft.server.sleep.deviation.threshold = 300ms (default)
2023-02-01 19:04:10,734 [pool-71-thread-1] INFO  server.RaftServer$Division (ServerState.java:<init>(118)) - 983f5510-3bfc-4466-a3b1-ba468ed7f96d@group-3C2EE92EC937: ConfigurationManager, init=-1: peers:[983f5510-3bfc-4466-a3b1-ba468ed7f96d|rpc:10.1.0.60:41377|dataStream:10.1.0.60:43549|priority:1|startupRole:FOLLOWER]|listeners:[], old=null, confs=<EMPTY_MAP>
2023-02-01 19:04:10,734 [pool-71-thread-1] INFO  server.RaftServerConfigKeys (ConfUtils.java:logGet(46)) - raft.server.storage.dir = [/home/runner/work/ozone/ozone/hadoop-ozone/integration-test/target/test-dir/MiniOzoneClusterImpl-74e3824a-f6bc-4c6a-9d81-a3a47ccb7612/datanode-0/data/ratis] (custom)
2023-02-01 19:04:10,734 [pool-71-thread-1] INFO  server.RaftServerConfigKeys (ConfUtils.java:logGet(46)) - raft.server.log.corruption.policy = EXCEPTION (default)
2023-02-01 19:04:10,734 [pool-71-thread-1] INFO  server.RaftServerConfigKeys (ConfUtils.java:logGet(46)) - raft.server.storage.free-space.min = 0MB (=0) (default)
2023-02-01 19:04:10,734 [pool-71-thread-1] INFO  server.RaftServerConfigKeys (ConfUtils.java:logGet(46)) - raft.server.notification.no-leader.timeout = 300s (custom)
2023-02-01 19:04:10,734 [pool-71-thread-1] INFO  server.RaftServerConfigKeys (ConfUtils.java:logGet(46)) - raft.server.retrycache.expirytime = 600000ms (custom)
2023-02-01 19:04:10,734 [pool-71-thread-1] INFO  server.RaftServerConfigKeys (ConfUtils.java:logGet(46)) - raft.server.retrycache.statistics.expirytime = 100μs (default)
2023-02-01 19:04:10,738 [pool-71-thread-1] INFO  server.RaftServerConfigKeys (ConfUtils.java:logGet(46)) - raft.server.log.appender.install.snapshot.enabled = false (custom)
2023-02-01 19:04:10,738 [pool-71-thread-1] INFO  server.RaftServerConfigKeys (ConfUtils.java:logGet(46)) - raft.server.threadpool.server.cached = true (default)
2023-02-01 19:04:10,738 [pool-71-thread-1] INFO  server.RaftServerConfigKeys (ConfUtils.java:logGet(46)) - raft.server.threadpool.server.size = 0 (default)
2023-02-01 19:04:10,738 [pool-71-thread-1] INFO  server.RaftServerConfigKeys (ConfUtils.java:logGet(46)) - raft.server.threadpool.client.cached = true (default)
2023-02-01 19:04:10,738 [pool-71-thread-1] INFO  server.RaftServerConfigKeys (ConfUtils.java:logGet(46)) - raft.server.threadpool.client.size = 0 (default)
2023-02-01 19:04:10,739 [pool-71-thread-1] INFO  storage.RaftStorageDirectory (RaftStorageDirectoryImpl.java:analyzeStorage(137)) - The storage directory /home/runner/work/ozone/ozone/hadoop-ozone/integration-test/target/test-dir/MiniOzoneClusterImpl-74e3824a-f6bc-4c6a-9d81-a3a47ccb7612/datanode-0/data/ratis/f5eefc16-2faf-4a8d-91f4-3c2ee92ec937 does not exist. Creating ...
2023-02-01 19:04:10,741 [pool-71-thread-1] INFO  storage.RaftStorageDirectory (RaftStorageDirectoryImpl.java:tryLock(231)) - Lock on /home/runner/work/ozone/ozone/hadoop-ozone/integration-test/target/test-dir/MiniOzoneClusterImpl-74e3824a-f6bc-4c6a-9d81-a3a47ccb7612/datanode-0/data/ratis/f5eefc16-2faf-4a8d-91f4-3c2ee92ec937/in_use.lock acquired by nodename 59045@fv-az213-973
2023-02-01 19:04:10,742 [pool-71-thread-1] INFO  storage.RaftStorage (RaftStorageImpl.java:format(96)) - Storage directory /home/runner/work/ozone/ozone/hadoop-ozone/integration-test/target/test-dir/MiniOzoneClusterImpl-74e3824a-f6bc-4c6a-9d81-a3a47ccb7612/datanode-0/data/ratis/f5eefc16-2faf-4a8d-91f4-3c2ee92ec937 has been successfully formatted.
2023-02-01 19:04:10,750 [pool-71-thread-1] INFO  ratis.ContainerStateMachine (ContainerStateMachine.java:loadSnapshot(240)) - group-3C2EE92EC937: The snapshot info is null. Setting the last applied indexto:(t:0, i:~)
2023-02-01 19:04:10,750 [pool-71-thread-1] INFO  server.RaftServerConfigKeys (ConfUtils.java:logGet(46)) - raft.server.log.use.memory = false (default)
2023-02-01 19:04:10,750 [pool-71-thread-1] INFO  server.RaftServerConfigKeys (ConfUtils.java:logGet(46)) - raft.server.log.purge.gap = 1000000 (custom)
2023-02-01 19:04:10,750 [pool-71-thread-1] INFO  server.RaftServerConfigKeys (ConfUtils.java:logGet(46)) - raft.server.log.appender.buffer.byte-limit = 33554432 (custom)
2023-02-01 19:04:10,750 [pool-71-thread-1] INFO  server.RaftServerConfigKeys (ConfUtils.java:logGet(46)) - raft.server.log.statemachine.data.read.timeout = 1000ms (default)
2023-02-01 19:04:10,750 [pool-71-thread-1] INFO  server.RaftServerConfigKeys (ConfUtils.java:logGet(46)) - raft.server.log.purge.preservation.log.num = 0 (default)
2023-02-01 19:04:10,755 [pool-71-thread-1] INFO  server.RaftServerConfigKeys (ConfUtils.java:logGet(46)) - raft.server.log.segment.size.max = 1048576 (custom)
2023-02-01 19:04:10,756 [pool-71-thread-1] INFO  server.RaftServerConfigKeys (ConfUtils.java:logGet(46)) - raft.server.log.segment.cache.num.max = 2 (custom)
2023-02-01 19:04:10,756 [pool-71-thread-1] INFO  server.RaftServerConfigKeys (ConfUtils.java:logGet(46)) - raft.server.log.segment.cache.size.max = 200MB (=209715200) (default)
2023-02-01 19:04:10,756 [pool-71-thread-1] INFO  segmented.SegmentedRaftLogWorker (SegmentedRaftLogWorker.java:<init>(189)) - new 983f5510-3bfc-4466-a3b1-ba468ed7f96d@group-3C2EE92EC937-SegmentedRaftLogWorker for RaftStorageImpl:Storage Directory /home/runner/work/ozone/ozone/hadoop-ozone/integration-test/target/test-dir/MiniOzoneClusterImpl-74e3824a-f6bc-4c6a-9d81-a3a47ccb7612/datanode-0/data/ratis/f5eefc16-2faf-4a8d-91f4-3c2ee92ec937
2023-02-01 19:04:10,757 [pool-71-thread-1] INFO  server.RaftServerConfigKeys (ConfUtils.java:logGet(46)) - raft.server.log.queue.byte-limit = 4294967296 (custom)
2023-02-01 19:04:10,757 [pool-71-thread-1] INFO  server.RaftServerConfigKeys (ConfUtils.java:logGet(46)) - raft.server.log.queue.element-limit = 1024 (custom)
2023-02-01 19:04:10,757 [pool-71-thread-1] INFO  server.RaftServerConfigKeys (ConfUtils.java:logGet(46)) - raft.server.log.segment.size.max = 1048576 (custom)
2023-02-01 19:04:10,757 [pool-71-thread-1] INFO  server.RaftServerConfigKeys (ConfUtils.java:logGet(46)) - raft.server.log.preallocated.size = 16384 (custom)
2023-02-01 19:04:10,757 [pool-71-thread-1] INFO  server.RaftServerConfigKeys (ConfUtils.java:logGet(46)) - raft.server.log.force.sync.num = 128 (default)
2023-02-01 19:04:10,757 [pool-71-thread-1] INFO  server.RaftServerConfigKeys (ConfUtils.java:logGet(46)) - raft.server.log.statemachine.data.sync = true (default)
2023-02-01 19:04:10,757 [pool-71-thread-1] INFO  server.RaftServerConfigKeys (ConfUtils.java:logGet(46)) - raft.server.log.statemachine.data.sync.timeout = 10s (default)
2023-02-01 19:04:10,757 [pool-71-thread-1] INFO  server.RaftServerConfigKeys (ConfUtils.java:logGet(46)) - raft.server.log.statemachine.data.sync.timeout.retry = -1 (default)
2023-02-01 19:04:10,760 [pool-71-thread-1] INFO  server.RaftServerConfigKeys (ConfUtils.java:logGet(46)) - raft.server.log.write.buffer.size = 1048576 (custom)
2023-02-01 19:04:10,760 [pool-71-thread-1] INFO  server.RaftServerConfigKeys (ConfUtils.java:logGet(46)) - raft.server.log.appender.buffer.byte-limit = 33554432 (custom)
2023-02-01 19:04:10,766 [pool-71-thread-1] INFO  server.RaftServerConfigKeys (ConfUtils.java:logGet(46)) - raft.server.log.unsafe-flush.enabled = false (default)
2023-02-01 19:04:10,766 [pool-71-thread-1] INFO  server.RaftServerConfigKeys (ConfUtils.java:logGet(46)) - raft.server.log.async-flush.enabled = false (default)
2023-02-01 19:04:10,766 [pool-71-thread-1] INFO  server.RaftServerConfigKeys (ConfUtils.java:logGet(46)) - raft.server.log.statemachine.data.caching.enabled = true (custom)
2023-02-01 19:04:10,766 [pool-71-thread-1] INFO  segmented.SegmentedRaftLogWorker (SegmentedRaftLogWorker.java:lambda$new$0(135)) - 983f5510-3bfc-4466-a3b1-ba468ed7f96d@group-3C2EE92EC937-SegmentedRaftLogWorker: flushIndex: setUnconditionally 0 -> -1
2023-02-01 19:04:10,766 [pool-71-thread-1] INFO  segmented.SegmentedRaftLogWorker (SegmentedRaftLogWorker.java:lambda$new$0(135)) - 983f5510-3bfc-4466-a3b1-ba468ed7f96d@group-3C2EE92EC937-SegmentedRaftLogWorker: safeCacheEvictIndex: setUnconditionally 0 -> -1
2023-02-01 19:04:10,766 [pool-71-thread-1] INFO  server.RaftServer$Division (RaftServerImpl.java:start(334)) - 983f5510-3bfc-4466-a3b1-ba468ed7f96d@group-3C2EE92EC937: start as a follower, conf=-1: peers:[983f5510-3bfc-4466-a3b1-ba468ed7f96d|rpc:10.1.0.60:41377|dataStream:10.1.0.60:43549|priority:1|startupRole:FOLLOWER]|listeners:[], old=null
2023-02-01 19:04:10,767 [pool-71-thread-1] INFO  server.RaftServer$Division (RaftServerImpl.java:setRole(321)) - 983f5510-3bfc-4466-a3b1-ba468ed7f96d@group-3C2EE92EC937: changes role from      null to FOLLOWER at term 0 for startAsFollower
2023-02-01 19:04:10,767 [pool-71-thread-1] INFO  impl.RoleInfo (RoleInfo.java:updateAndGet(139)) - 983f5510-3bfc-4466-a3b1-ba468ed7f96d: start 983f5510-3bfc-4466-a3b1-ba468ed7f96d@group-3C2EE92EC937-FollowerState
2023-02-01 19:04:10,767 [pool-71-thread-1] INFO  util.JmxRegister (JmxRegister.java:tryRegister(44)) - Successfully registered JMX Bean with object name Ratis:service=RaftServer,group=group-3C2EE92EC937,id=983f5510-3bfc-4466-a3b1-ba468ed7f96d
2023-02-01 19:04:10,767 [pool-71-thread-1] INFO  server.RaftServerConfigKeys (ConfUtils.java:logGet(46)) - raft.server.snapshot.auto.trigger.enabled = true (custom)
2023-02-01 19:04:10,767 [pool-71-thread-1] INFO  server.RaftServerConfigKeys (ConfUtils.java:logGet(46)) - raft.server.snapshot.auto.trigger.threshold = 10000 (custom)
2023-02-01 19:04:10,767 [pool-71-thread-1] INFO  server.RaftServerConfigKeys (ConfUtils.java:logGet(46)) - raft.server.snapshot.retention.file.num = 5 (custom)
2023-02-01 19:04:10,767 [pool-71-thread-1] INFO  server.RaftServerConfigKeys (ConfUtils.java:logGet(46)) - raft.server.log.purge.upto.snapshot.index = false (default)
2023-02-01 19:04:10,769 [983f5510-3bfc-4466-a3b1-ba468ed7f96d@group-3C2EE92EC937-FollowerState] INFO  server.RaftServerConfigKeys (ConfUtils.java:logFallback(53)) - raft.server.rpc.first-election.timeout.min = 5s (fallback to raft.server.rpc.timeout.min)
2023-02-01 19:04:10,769 [983f5510-3bfc-4466-a3b1-ba468ed7f96d@group-3C2EE92EC937-FollowerState] INFO  server.RaftServerConfigKeys (ConfUtils.java:logFallback(53)) - raft.server.rpc.first-election.timeout.max = 5200ms (fallback to raft.server.rpc.timeout.max)
2023-02-01 19:04:10,778 [EventQueue-PipelineReportForPipelineReportHandler] INFO  pipeline.PipelineManagerImpl (PipelineManagerImpl.java:openPipeline(367)) - Pipeline Pipeline[ Id: f5eefc16-2faf-4a8d-91f4-3c2ee92ec937, Nodes: 983f5510-3bfc-4466-a3b1-ba468ed7f96d(fv-az213-973.c2vz3wqhpjau3hcstnyptvmwla.cx.internal.cloudapp.net/10.1.0.60), ReplicationConfig: RATIS/ONE, State:ALLOCATED, leaderId:983f5510-3bfc-4466-a3b1-ba468ed7f96d, CreationTimestamp2023-02-01T19:04:07.745Z[Etc/UTC]] moved to OPEN state
2023-02-01 19:04:10,780 [EventQueue-OpenPipelineForHealthyPipelineSafeModeRule] INFO  safemode.SCMSafeModeManager (HealthyPipelineSafeModeRule.java:process(137)) - SCM in safe mode. Healthy pipelines reported count is 0, required healthy pipeline reported count is 1
2023-02-01 19:04:10,785 [Command processor thread] INFO  ratis.XceiverServerRatis (XceiverServerRatis.java:addGroup(806)) - Created group PipelineID=f5eefc16-2faf-4a8d-91f4-3c2ee92ec937
2023-02-01 19:04:10,786 [Command processor thread] INFO  commandhandler.CreatePipelineCommandHandler (CreatePipelineCommandHandler.java:handle(113)) - Created Pipeline RATIS ONE PipelineID=f5eefc16-2faf-4a8d-91f4-3c2ee92ec937.
2023-02-01 19:04:10,786 [Command processor thread] INFO  server.RaftServer (RaftServerProxy.java:addNew(96)) - 983f5510-3bfc-4466-a3b1-ba468ed7f96d: addNew group-75D53D8CFFD4:[24429374-fab9-4c1d-9c36-955fd0efba95|rpc:10.1.0.60:36493|dataStream:10.1.0.60:46515|priority:1|startupRole:FOLLOWER, 983f5510-3bfc-4466-a3b1-ba468ed7f96d|rpc:10.1.0.60:41377|dataStream:10.1.0.60:43549|priority:0|startupRole:FOLLOWER, 0e631a51-c9de-4e15-b89a-5991bd1d32f2|rpc:10.1.0.60:46279|dataStream:10.1.0.60:37373|priority:0|startupRole:FOLLOWER] returns group-75D53D8CFFD4:java.util.concurrent.CompletableFuture@43d39ec5[Not completed]
2023-02-01 19:04:10,788 [pool-71-thread-1] INFO  server.RaftServer$Division (RaftServerImpl.java:<init>(195)) - 983f5510-3bfc-4466-a3b1-ba468ed7f96d: new RaftServerImpl for group-75D53D8CFFD4:[24429374-fab9-4c1d-9c36-955fd0efba95|rpc:10.1.0.60:36493|dataStream:10.1.0.60:46515|priority:1|startupRole:FOLLOWER, 983f5510-3bfc-4466-a3b1-ba468ed7f96d|rpc:10.1.0.60:41377|dataStream:10.1.0.60:43549|priority:0|startupRole:FOLLOWER, 0e631a51-c9de-4e15-b89a-5991bd1d32f2|rpc:10.1.0.60:46279|dataStream:10.1.0.60:37373|priority:0|startupRole:FOLLOWER] with ContainerStateMachine:uninitialized
2023-02-01 19:04:10,788 [pool-71-thread-1] INFO  server.RaftServerConfigKeys (ConfUtils.java:logGet(46)) - raft.server.rpc.timeout.min = 5s (custom)
2023-02-01 19:04:10,788 [pool-71-thread-1] INFO  server.RaftServerConfigKeys (ConfUtils.java:logGet(46)) - raft.server.rpc.timeout.max = 5200ms (custom)
2023-02-01 19:04:10,788 [pool-71-thread-1] INFO  server.RaftServerConfigKeys (ConfUtils.java:logGet(46)) - raft.server.rpc.sleep.time = 25ms (default)
2023-02-01 19:04:10,788 [pool-71-thread-1] INFO  server.RaftServerConfigKeys (ConfUtils.java:logGet(46)) - raft.server.rpc.slowness.timeout = 300s (custom)
2023-02-01 19:04:10,788 [pool-71-thread-1] INFO  server.RaftServerConfigKeys (ConfUtils.java:logGet(46)) - raft.server.leaderelection.leader.step-down.wait-time = 10s (default)
2023-02-01 19:04:10,788 [pool-71-thread-1] INFO  server.RaftServerConfigKeys (ConfUtils.java:logGet(46)) - raft.server.sleep.deviation.threshold = 300ms (default)
2023-02-01 19:04:10,788 [pool-71-thread-1] INFO  server.RaftServer$Division (ServerState.java:<init>(118)) - 983f5510-3bfc-4466-a3b1-ba468ed7f96d@group-75D53D8CFFD4: ConfigurationManager, init=-1: peers:[24429374-fab9-4c1d-9c36-955fd0efba95|rpc:10.1.0.60:36493|dataStream:10.1.0.60:46515|priority:1|startupRole:FOLLOWER, 983f5510-3bfc-4466-a3b1-ba468ed7f96d|rpc:10.1.0.60:41377|dataStream:10.1.0.60:43549|priority:0|startupRole:FOLLOWER, 0e631a51-c9de-4e15-b89a-5991bd1d32f2|rpc:10.1.0.60:46279|dataStream:10.1.0.60:37373|priority:0|startupRole:FOLLOWER]|listeners:[], old=null, confs=<EMPTY_MAP>
2023-02-01 19:04:10,788 [pool-71-thread-1] INFO  server.RaftServerConfigKeys (ConfUtils.java:logGet(46)) - raft.server.storage.dir = [/home/runner/work/ozone/ozone/hadoop-ozone/integration-test/target/test-dir/MiniOzoneClusterImpl-74e3824a-f6bc-4c6a-9d81-a3a47ccb7612/datanode-0/data/ratis] (custom)
2023-02-01 19:04:10,788 [pool-71-thread-1] INFO  server.RaftServerConfigKeys (ConfUtils.java:logGet(46)) - raft.server.log.corruption.policy = EXCEPTION (default)
2023-02-01 19:04:10,788 [pool-71-thread-1] INFO  server.RaftServerConfigKeys (ConfUtils.java:logGet(46)) - raft.server.storage.free-space.min = 0MB (=0) (default)
2023-02-01 19:04:10,788 [pool-71-thread-1] INFO  server.RaftServerConfigKeys (ConfUtils.java:logGet(46)) - raft.server.notification.no-leader.timeout = 300s (custom)
2023-02-01 19:04:10,789 [pool-71-thread-1] INFO  server.RaftServerConfigKeys (ConfUtils.java:logGet(46)) - raft.server.retrycache.expirytime = 600000ms (custom)
2023-02-01 19:04:10,789 [pool-71-thread-1] INFO  server.RaftServerConfigKeys (ConfUtils.java:logGet(46)) - raft.server.retrycache.statistics.expirytime = 100μs (default)
2023-02-01 19:04:10,790 [pool-71-thread-1] INFO  server.RaftServerConfigKeys (ConfUtils.java:logGet(46)) - raft.server.log.appender.install.snapshot.enabled = false (custom)
2023-02-01 19:04:10,790 [pool-71-thread-1] INFO  server.RaftServerConfigKeys (ConfUtils.java:logGet(46)) - raft.server.threadpool.server.cached = true (default)
2023-02-01 19:04:10,790 [pool-71-thread-1] INFO  server.RaftServerConfigKeys (ConfUtils.java:logGet(46)) - raft.server.threadpool.server.size = 0 (default)
2023-02-01 19:04:10,791 [pool-71-thread-1] INFO  server.RaftServerConfigKeys (ConfUtils.java:logGet(46)) - raft.server.threadpool.client.cached = true (default)
2023-02-01 19:04:10,791 [pool-71-thread-1] INFO  server.RaftServerConfigKeys (ConfUtils.java:logGet(46)) - raft.server.threadpool.client.size = 0 (default)
2023-02-01 19:04:10,791 [pool-71-thread-1] INFO  storage.RaftStorageDirectory (RaftStorageDirectoryImpl.java:analyzeStorage(137)) - The storage directory /home/runner/work/ozone/ozone/hadoop-ozone/integration-test/target/test-dir/MiniOzoneClusterImpl-74e3824a-f6bc-4c6a-9d81-a3a47ccb7612/datanode-0/data/ratis/d2f86b36-0c71-44f7-bc77-75d53d8cffd4 does not exist. Creating ...
2023-02-01 19:04:10,792 [pool-71-thread-1] INFO  storage.RaftStorageDirectory (RaftStorageDirectoryImpl.java:tryLock(231)) - Lock on /home/runner/work/ozone/ozone/hadoop-ozone/integration-test/target/test-dir/MiniOzoneClusterImpl-74e3824a-f6bc-4c6a-9d81-a3a47ccb7612/datanode-0/data/ratis/d2f86b36-0c71-44f7-bc77-75d53d8cffd4/in_use.lock acquired by nodename 59045@fv-az213-973
2023-02-01 19:04:10,793 [pool-71-thread-1] INFO  storage.RaftStorage (RaftStorageImpl.java:format(96)) - Storage directory /home/runner/work/ozone/ozone/hadoop-ozone/integration-test/target/test-dir/MiniOzoneClusterImpl-74e3824a-f6bc-4c6a-9d81-a3a47ccb7612/datanode-0/data/ratis/d2f86b36-0c71-44f7-bc77-75d53d8cffd4 has been successfully formatted.
2023-02-01 19:04:10,794 [pool-71-thread-1] INFO  ratis.ContainerStateMachine (ContainerStateMachine.java:loadSnapshot(240)) - group-75D53D8CFFD4: The snapshot info is null. Setting the last applied indexto:(t:0, i:~)
2023-02-01 19:04:10,794 [pool-71-thread-1] INFO  server.RaftServerConfigKeys (ConfUtils.java:logGet(46)) - raft.server.log.use.memory = false (default)
2023-02-01 19:04:10,796 [pool-71-thread-1] INFO  server.RaftServerConfigKeys (ConfUtils.java:logGet(46)) - raft.server.log.purge.gap = 1000000 (custom)
2023-02-01 19:04:10,797 [pool-71-thread-1] INFO  server.RaftServerConfigKeys (ConfUtils.java:logGet(46)) - raft.server.log.appender.buffer.byte-limit = 33554432 (custom)
2023-02-01 19:04:10,797 [pool-71-thread-1] INFO  server.RaftServerConfigKeys (ConfUtils.java:logGet(46)) - raft.server.log.statemachine.data.read.timeout = 1000ms (default)
2023-02-01 19:04:10,797 [pool-71-thread-1] INFO  server.RaftServerConfigKeys (ConfUtils.java:logGet(46)) - raft.server.log.purge.preservation.log.num = 0 (default)
2023-02-01 19:04:10,797 [pool-71-thread-1] INFO  server.RaftServerConfigKeys (ConfUtils.java:logGet(46)) - raft.server.log.segment.size.max = 1048576 (custom)
2023-02-01 19:04:10,798 [EventQueue-OpenPipelineForHealthyPipelineSafeModeRule] INFO  safemode.SCMSafeModeManager (HealthyPipelineSafeModeRule.java:process(137)) - SCM in safe mode. Healthy pipelines reported count is 0, required healthy pipeline reported count is 1
2023-02-01 19:04:10,801 [pool-71-thread-1] INFO  server.RaftServerConfigKeys (ConfUtils.java:logGet(46)) - raft.server.log.segment.cache.num.max = 2 (custom)
2023-02-01 19:04:10,801 [pool-71-thread-1] INFO  server.RaftServerConfigKeys (ConfUtils.java:logGet(46)) - raft.server.log.segment.cache.size.max = 200MB (=209715200) (default)
2023-02-01 19:04:10,801 [pool-71-thread-1] INFO  segmented.SegmentedRaftLogWorker (SegmentedRaftLogWorker.java:<init>(189)) - new 983f5510-3bfc-4466-a3b1-ba468ed7f96d@group-75D53D8CFFD4-SegmentedRaftLogWorker for RaftStorageImpl:Storage Directory /home/runner/work/ozone/ozone/hadoop-ozone/integration-test/target/test-dir/MiniOzoneClusterImpl-74e3824a-f6bc-4c6a-9d81-a3a47ccb7612/datanode-0/data/ratis/d2f86b36-0c71-44f7-bc77-75d53d8cffd4
2023-02-01 19:04:10,801 [pool-71-thread-1] INFO  server.RaftServerConfigKeys (ConfUtils.java:logGet(46)) - raft.server.log.queue.byte-limit = 4294967296 (custom)
2023-02-01 19:04:10,801 [pool-71-thread-1] INFO  server.RaftServerConfigKeys (ConfUtils.java:logGet(46)) - raft.server.log.queue.element-limit = 1024 (custom)
2023-02-01 19:04:10,801 [pool-71-thread-1] INFO  server.RaftServerConfigKeys (ConfUtils.java:logGet(46)) - raft.server.log.segment.size.max = 1048576 (custom)
2023-02-01 19:04:10,801 [pool-71-thread-1] INFO  server.RaftServerConfigKeys (ConfUtils.java:logGet(46)) - raft.server.log.preallocated.size = 16384 (custom)
2023-02-01 19:04:10,801 [pool-71-thread-1] INFO  server.RaftServerConfigKeys (ConfUtils.java:logGet(46)) - raft.server.log.force.sync.num = 128 (default)
2023-02-01 19:04:10,802 [pool-71-thread-1] INFO  server.RaftServerConfigKeys (ConfUtils.java:logGet(46)) - raft.server.log.statemachine.data.sync = true (default)
2023-02-01 19:04:10,802 [pool-71-thread-1] INFO  server.RaftServerConfigKeys (ConfUtils.java:logGet(46)) - raft.server.log.statemachine.data.sync.timeout = 10s (default)
2023-02-01 19:04:10,802 [pool-71-thread-1] INFO  server.RaftServerConfigKeys (ConfUtils.java:logGet(46)) - raft.server.log.statemachine.data.sync.timeout.retry = -1 (default)
2023-02-01 19:04:10,803 [pool-71-thread-1] INFO  server.RaftServerConfigKeys (ConfUtils.java:logGet(46)) - raft.server.log.write.buffer.size = 1048576 (custom)
2023-02-01 19:04:10,804 [pool-71-thread-1] INFO  server.RaftServerConfigKeys (ConfUtils.java:logGet(46)) - raft.server.log.appender.buffer.byte-limit = 33554432 (custom)
2023-02-01 19:04:10,809 [pool-71-thread-1] INFO  server.RaftServerConfigKeys (ConfUtils.java:logGet(46)) - raft.server.log.unsafe-flush.enabled = false (default)
2023-02-01 19:04:10,809 [pool-71-thread-1] INFO  server.RaftServerConfigKeys (ConfUtils.java:logGet(46)) - raft.server.log.async-flush.enabled = false (default)
2023-02-01 19:04:10,809 [pool-71-thread-1] INFO  server.RaftServerConfigKeys (ConfUtils.java:logGet(46)) - raft.server.log.statemachine.data.caching.enabled = true (custom)
2023-02-01 19:04:10,809 [pool-71-thread-1] INFO  segmented.SegmentedRaftLogWorker (SegmentedRaftLogWorker.java:lambda$new$0(135)) - 983f5510-3bfc-4466-a3b1-ba468ed7f96d@group-75D53D8CFFD4-SegmentedRaftLogWorker: flushIndex: setUnconditionally 0 -> -1
2023-02-01 19:04:10,809 [pool-71-thread-1] INFO  segmented.SegmentedRaftLogWorker (SegmentedRaftLogWorker.java:lambda$new$0(135)) - 983f5510-3bfc-4466-a3b1-ba468ed7f96d@group-75D53D8CFFD4-SegmentedRaftLogWorker: safeCacheEvictIndex: setUnconditionally 0 -> -1
2023-02-01 19:04:10,809 [pool-71-thread-1] INFO  server.RaftServer$Division (RaftServerImpl.java:start(334)) - 983f5510-3bfc-4466-a3b1-ba468ed7f96d@group-75D53D8CFFD4: start as a follower, conf=-1: peers:[24429374-fab9-4c1d-9c36-955fd0efba95|rpc:10.1.0.60:36493|dataStream:10.1.0.60:46515|priority:1|startupRole:FOLLOWER, 983f5510-3bfc-4466-a3b1-ba468ed7f96d|rpc:10.1.0.60:41377|dataStream:10.1.0.60:43549|priority:0|startupRole:FOLLOWER, 0e631a51-c9de-4e15-b89a-5991bd1d32f2|rpc:10.1.0.60:46279|dataStream:10.1.0.60:37373|priority:0|startupRole:FOLLOWER]|listeners:[], old=null
2023-02-01 19:04:10,809 [pool-71-thread-1] INFO  server.RaftServer$Division (RaftServerImpl.java:setRole(321)) - 983f5510-3bfc-4466-a3b1-ba468ed7f96d@group-75D53D8CFFD4: changes role from      null to FOLLOWER at term 0 for startAsFollower
2023-02-01 19:04:10,810 [pool-71-thread-1] INFO  impl.RoleInfo (RoleInfo.java:updateAndGet(139)) - 983f5510-3bfc-4466-a3b1-ba468ed7f96d: start 983f5510-3bfc-4466-a3b1-ba468ed7f96d@group-75D53D8CFFD4-FollowerState
2023-02-01 19:04:10,812 [pool-71-thread-1] INFO  util.JmxRegister (JmxRegister.java:tryRegister(44)) - Successfully registered JMX Bean with object name Ratis:service=RaftServer,group=group-75D53D8CFFD4,id=983f5510-3bfc-4466-a3b1-ba468ed7f96d
2023-02-01 19:04:10,812 [pool-71-thread-1] INFO  server.RaftServerConfigKeys (ConfUtils.java:logGet(46)) - raft.server.snapshot.auto.trigger.enabled = true (custom)
2023-02-01 19:04:10,812 [pool-71-thread-1] INFO  server.RaftServerConfigKeys (ConfUtils.java:logGet(46)) - raft.server.snapshot.auto.trigger.threshold = 10000 (custom)
2023-02-01 19:04:10,812 [pool-71-thread-1] INFO  server.RaftServerConfigKeys (ConfUtils.java:logGet(46)) - raft.server.snapshot.retention.file.num = 5 (custom)
2023-02-01 19:04:10,812 [pool-71-thread-1] INFO  server.RaftServerConfigKeys (ConfUtils.java:logGet(46)) - raft.server.log.purge.upto.snapshot.index = false (default)
2023-02-01 19:04:10,812 [983f5510-3bfc-4466-a3b1-ba468ed7f96d@group-75D53D8CFFD4-FollowerState] INFO  server.RaftServerConfigKeys (ConfUtils.java:logFallback(53)) - raft.server.rpc.first-election.timeout.min = 5s (fallback to raft.server.rpc.timeout.min)
2023-02-01 19:04:10,813 [983f5510-3bfc-4466-a3b1-ba468ed7f96d@group-75D53D8CFFD4-FollowerState] INFO  server.RaftServerConfigKeys (ConfUtils.java:logFallback(53)) - raft.server.rpc.first-election.timeout.max = 5200ms (fallback to raft.server.rpc.timeout.max)
2023-02-01 19:04:10,818 [Command processor thread] INFO  ratis.XceiverServerRatis (XceiverServerRatis.java:addGroup(806)) - Created group PipelineID=d2f86b36-0c71-44f7-bc77-75d53d8cffd4
2023-02-01 19:04:11,169 [Listener at 127.0.0.1/34005] INFO  ozone.MiniOzoneClusterImpl (MiniOzoneClusterImpl.java:lambda$waitForClusterToBeReady$0(218)) - Nodes are ready. Got 7 of 7 DN Heartbeats.
2023-02-01 19:04:11,169 [Listener at 127.0.0.1/34005] INFO  ozone.MiniOzoneClusterImpl (MiniOzoneClusterImpl.java:lambda$waitForClusterToBeReady$0(221)) - Waiting for cluster to exit safe mode
2023-02-01 19:04:11,169 [Listener at 127.0.0.1/34005] INFO  ozone.MiniOzoneClusterImpl (MiniOzoneClusterImpl.java:lambda$waitForClusterToBeReady$0(223)) - SCM became leader
2023-02-01 19:04:11,211 [grpc-default-executor-0] INFO  server.RaftServer (RaftServerProxy.java:addNew(96)) - 24429374-fab9-4c1d-9c36-955fd0efba95: addNew group-75D53D8CFFD4:[24429374-fab9-4c1d-9c36-955fd0efba95|rpc:10.1.0.60:36493|dataStream:10.1.0.60:46515|priority:1|startupRole:FOLLOWER, 983f5510-3bfc-4466-a3b1-ba468ed7f96d|rpc:10.1.0.60:41377|dataStream:10.1.0.60:43549|priority:0|startupRole:FOLLOWER, 0e631a51-c9de-4e15-b89a-5991bd1d32f2|rpc:10.1.0.60:46279|dataStream:10.1.0.60:37373|priority:0|startupRole:FOLLOWER] returns group-75D53D8CFFD4:java.util.concurrent.CompletableFuture@1959b9f4[Not completed]
2023-02-01 19:04:11,214 [pool-115-thread-1] INFO  server.RaftServer$Division (RaftServerImpl.java:<init>(195)) - 24429374-fab9-4c1d-9c36-955fd0efba95: new RaftServerImpl for group-75D53D8CFFD4:[24429374-fab9-4c1d-9c36-955fd0efba95|rpc:10.1.0.60:36493|dataStream:10.1.0.60:46515|priority:1|startupRole:FOLLOWER, 983f5510-3bfc-4466-a3b1-ba468ed7f96d|rpc:10.1.0.60:41377|dataStream:10.1.0.60:43549|priority:0|startupRole:FOLLOWER, 0e631a51-c9de-4e15-b89a-5991bd1d32f2|rpc:10.1.0.60:46279|dataStream:10.1.0.60:37373|priority:0|startupRole:FOLLOWER] with ContainerStateMachine:uninitialized
2023-02-01 19:04:11,214 [pool-115-thread-1] INFO  server.RaftServerConfigKeys (ConfUtils.java:logGet(46)) - raft.server.rpc.timeout.min = 5s (custom)
2023-02-01 19:04:11,214 [pool-115-thread-1] INFO  server.RaftServerConfigKeys (ConfUtils.java:logGet(46)) - raft.server.rpc.timeout.max = 5200ms (custom)
2023-02-01 19:04:11,215 [pool-115-thread-1] INFO  server.RaftServerConfigKeys (ConfUtils.java:logGet(46)) - raft.server.rpc.sleep.time = 25ms (default)
2023-02-01 19:04:11,215 [pool-115-thread-1] INFO  server.RaftServerConfigKeys (ConfUtils.java:logGet(46)) - raft.server.rpc.slowness.timeout = 300s (custom)
2023-02-01 19:04:11,215 [pool-115-thread-1] INFO  server.RaftServerConfigKeys (ConfUtils.java:logGet(46)) - raft.server.leaderelection.leader.step-down.wait-time = 10s (default)
2023-02-01 19:04:11,215 [pool-115-thread-1] INFO  server.RaftServerConfigKeys (ConfUtils.java:logGet(46)) - raft.server.sleep.deviation.threshold = 300ms (default)
2023-02-01 19:04:11,215 [pool-115-thread-1] INFO  server.RaftServer$Division (ServerState.java:<init>(118)) - 24429374-fab9-4c1d-9c36-955fd0efba95@group-75D53D8CFFD4: ConfigurationManager, init=-1: peers:[24429374-fab9-4c1d-9c36-955fd0efba95|rpc:10.1.0.60:36493|dataStream:10.1.0.60:46515|priority:1|startupRole:FOLLOWER, 983f5510-3bfc-4466-a3b1-ba468ed7f96d|rpc:10.1.0.60:41377|dataStream:10.1.0.60:43549|priority:0|startupRole:FOLLOWER, 0e631a51-c9de-4e15-b89a-5991bd1d32f2|rpc:10.1.0.60:46279|dataStream:10.1.0.60:37373|priority:0|startupRole:FOLLOWER]|listeners:[], old=null, confs=<EMPTY_MAP>
2023-02-01 19:04:11,215 [pool-115-thread-1] INFO  server.RaftServerConfigKeys (ConfUtils.java:logGet(46)) - raft.server.storage.dir = [/home/runner/work/ozone/ozone/hadoop-ozone/integration-test/target/test-dir/MiniOzoneClusterImpl-74e3824a-f6bc-4c6a-9d81-a3a47ccb7612/datanode-2/data/ratis] (custom)
2023-02-01 19:04:11,215 [pool-115-thread-1] INFO  server.RaftServerConfigKeys (ConfUtils.java:logGet(46)) - raft.server.log.corruption.policy = EXCEPTION (default)
2023-02-01 19:04:11,215 [pool-115-thread-1] INFO  server.RaftServerConfigKeys (ConfUtils.java:logGet(46)) - raft.server.storage.free-space.min = 0MB (=0) (default)
2023-02-01 19:04:11,215 [pool-115-thread-1] INFO  server.RaftServerConfigKeys (ConfUtils.java:logGet(46)) - raft.server.notification.no-leader.timeout = 300s (custom)
2023-02-01 19:04:11,215 [pool-115-thread-1] INFO  server.RaftServerConfigKeys (ConfUtils.java:logGet(46)) - raft.server.retrycache.expirytime = 600000ms (custom)
2023-02-01 19:04:11,215 [pool-115-thread-1] INFO  server.RaftServerConfigKeys (ConfUtils.java:logGet(46)) - raft.server.retrycache.statistics.expirytime = 100μs (default)
2023-02-01 19:04:11,220 [pool-115-thread-1] INFO  server.RaftServerConfigKeys (ConfUtils.java:logGet(46)) - raft.server.log.appender.install.snapshot.enabled = false (custom)
2023-02-01 19:04:11,220 [pool-115-thread-1] INFO  server.RaftServerConfigKeys (ConfUtils.java:logGet(46)) - raft.server.threadpool.server.cached = true (default)
2023-02-01 19:04:11,220 [pool-115-thread-1] INFO  server.RaftServerConfigKeys (ConfUtils.java:logGet(46)) - raft.server.threadpool.server.size = 0 (default)
2023-02-01 19:04:11,220 [pool-115-thread-1] INFO  server.RaftServerConfigKeys (ConfUtils.java:logGet(46)) - raft.server.threadpool.client.cached = true (default)
2023-02-01 19:04:11,220 [pool-115-thread-1] INFO  server.RaftServerConfigKeys (ConfUtils.java:logGet(46)) - raft.server.threadpool.client.size = 0 (default)
2023-02-01 19:04:11,221 [pool-115-thread-1] INFO  storage.RaftStorageDirectory (RaftStorageDirectoryImpl.java:analyzeStorage(137)) - The storage directory /home/runner/work/ozone/ozone/hadoop-ozone/integration-test/target/test-dir/MiniOzoneClusterImpl-74e3824a-f6bc-4c6a-9d81-a3a47ccb7612/datanode-2/data/ratis/d2f86b36-0c71-44f7-bc77-75d53d8cffd4 does not exist. Creating ...
2023-02-01 19:04:11,222 [pool-115-thread-1] INFO  storage.RaftStorageDirectory (RaftStorageDirectoryImpl.java:tryLock(231)) - Lock on /home/runner/work/ozone/ozone/hadoop-ozone/integration-test/target/test-dir/MiniOzoneClusterImpl-74e3824a-f6bc-4c6a-9d81-a3a47ccb7612/datanode-2/data/ratis/d2f86b36-0c71-44f7-bc77-75d53d8cffd4/in_use.lock acquired by nodename 59045@fv-az213-973
2023-02-01 19:04:11,223 [pool-115-thread-1] INFO  storage.RaftStorage (RaftStorageImpl.java:format(96)) - Storage directory /home/runner/work/ozone/ozone/hadoop-ozone/integration-test/target/test-dir/MiniOzoneClusterImpl-74e3824a-f6bc-4c6a-9d81-a3a47ccb7612/datanode-2/data/ratis/d2f86b36-0c71-44f7-bc77-75d53d8cffd4 has been successfully formatted.
2023-02-01 19:04:11,224 [pool-115-thread-1] INFO  ratis.ContainerStateMachine (ContainerStateMachine.java:loadSnapshot(240)) - group-75D53D8CFFD4: The snapshot info is null. Setting the last applied indexto:(t:0, i:~)
2023-02-01 19:04:11,229 [pool-115-thread-1] INFO  server.RaftServerConfigKeys (ConfUtils.java:logGet(46)) - raft.server.log.use.memory = false (default)
2023-02-01 19:04:11,229 [pool-115-thread-1] INFO  server.RaftServerConfigKeys (ConfUtils.java:logGet(46)) - raft.server.log.purge.gap = 1000000 (custom)
2023-02-01 19:04:11,229 [pool-115-thread-1] INFO  server.RaftServerConfigKeys (ConfUtils.java:logGet(46)) - raft.server.log.appender.buffer.byte-limit = 33554432 (custom)
2023-02-01 19:04:11,229 [pool-115-thread-1] INFO  server.RaftServerConfigKeys (ConfUtils.java:logGet(46)) - raft.server.log.statemachine.data.read.timeout = 1000ms (default)
2023-02-01 19:04:11,229 [pool-115-thread-1] INFO  server.RaftServerConfigKeys (ConfUtils.java:logGet(46)) - raft.server.log.purge.preservation.log.num = 0 (default)
2023-02-01 19:04:11,229 [pool-115-thread-1] INFO  server.RaftServerConfigKeys (ConfUtils.java:logGet(46)) - raft.server.log.segment.size.max = 1048576 (custom)
2023-02-01 19:04:11,231 [pool-115-thread-1] INFO  server.RaftServerConfigKeys (ConfUtils.java:logGet(46)) - raft.server.log.segment.cache.num.max = 2 (custom)
2023-02-01 19:04:11,232 [pool-115-thread-1] INFO  server.RaftServerConfigKeys (ConfUtils.java:logGet(46)) - raft.server.log.segment.cache.size.max = 200MB (=209715200) (default)
2023-02-01 19:04:11,232 [pool-115-thread-1] INFO  segmented.SegmentedRaftLogWorker (SegmentedRaftLogWorker.java:<init>(189)) - new 24429374-fab9-4c1d-9c36-955fd0efba95@group-75D53D8CFFD4-SegmentedRaftLogWorker for RaftStorageImpl:Storage Directory /home/runner/work/ozone/ozone/hadoop-ozone/integration-test/target/test-dir/MiniOzoneClusterImpl-74e3824a-f6bc-4c6a-9d81-a3a47ccb7612/datanode-2/data/ratis/d2f86b36-0c71-44f7-bc77-75d53d8cffd4
2023-02-01 19:04:11,232 [pool-115-thread-1] INFO  server.RaftServerConfigKeys (ConfUtils.java:logGet(46)) - raft.server.log.queue.byte-limit = 4294967296 (custom)
2023-02-01 19:04:11,232 [pool-115-thread-1] INFO  server.RaftServerConfigKeys (ConfUtils.java:logGet(46)) - raft.server.log.queue.element-limit = 1024 (custom)
2023-02-01 19:04:11,232 [pool-115-thread-1] INFO  server.RaftServerConfigKeys (ConfUtils.java:logGet(46)) - raft.server.log.segment.size.max = 1048576 (custom)
2023-02-01 19:04:11,232 [pool-115-thread-1] INFO  server.RaftServerConfigKeys (ConfUtils.java:logGet(46)) - raft.server.log.preallocated.size = 16384 (custom)
2023-02-01 19:04:11,232 [pool-115-thread-1] INFO  server.RaftServerConfigKeys (ConfUtils.java:logGet(46)) - raft.server.log.force.sync.num = 128 (default)
2023-02-01 19:04:11,232 [pool-115-thread-1] INFO  server.RaftServerConfigKeys (ConfUtils.java:logGet(46)) - raft.server.log.statemachine.data.sync = true (default)
2023-02-01 19:04:11,232 [pool-115-thread-1] INFO  server.RaftServerConfigKeys (ConfUtils.java:logGet(46)) - raft.server.log.statemachine.data.sync.timeout = 10s (default)
2023-02-01 19:04:11,235 [pool-115-thread-1] INFO  server.RaftServerConfigKeys (ConfUtils.java:logGet(46)) - raft.server.log.statemachine.data.sync.timeout.retry = -1 (default)
2023-02-01 19:04:11,236 [pool-115-thread-1] INFO  server.RaftServerConfigKeys (ConfUtils.java:logGet(46)) - raft.server.log.write.buffer.size = 1048576 (custom)
2023-02-01 19:04:11,237 [pool-115-thread-1] INFO  server.RaftServerConfigKeys (ConfUtils.java:logGet(46)) - raft.server.log.appender.buffer.byte-limit = 33554432 (custom)
2023-02-01 19:04:11,242 [pool-115-thread-1] INFO  server.RaftServerConfigKeys (ConfUtils.java:logGet(46)) - raft.server.log.unsafe-flush.enabled = false (default)
2023-02-01 19:04:11,242 [pool-115-thread-1] INFO  server.RaftServerConfigKeys (ConfUtils.java:logGet(46)) - raft.server.log.async-flush.enabled = false (default)
2023-02-01 19:04:11,243 [pool-115-thread-1] INFO  server.RaftServerConfigKeys (ConfUtils.java:logGet(46)) - raft.server.log.statemachine.data.caching.enabled = true (custom)
2023-02-01 19:04:11,243 [pool-115-thread-1] INFO  segmented.SegmentedRaftLogWorker (SegmentedRaftLogWorker.java:lambda$new$0(135)) - 24429374-fab9-4c1d-9c36-955fd0efba95@group-75D53D8CFFD4-SegmentedRaftLogWorker: flushIndex: setUnconditionally 0 -> -1
2023-02-01 19:04:11,243 [pool-115-thread-1] INFO  segmented.SegmentedRaftLogWorker (SegmentedRaftLogWorker.java:lambda$new$0(135)) - 24429374-fab9-4c1d-9c36-955fd0efba95@group-75D53D8CFFD4-SegmentedRaftLogWorker: safeCacheEvictIndex: setUnconditionally 0 -> -1
2023-02-01 19:04:11,243 [pool-115-thread-1] INFO  server.RaftServer$Division (RaftServerImpl.java:start(334)) - 24429374-fab9-4c1d-9c36-955fd0efba95@group-75D53D8CFFD4: start as a follower, conf=-1: peers:[24429374-fab9-4c1d-9c36-955fd0efba95|rpc:10.1.0.60:36493|dataStream:10.1.0.60:46515|priority:1|startupRole:FOLLOWER, 983f5510-3bfc-4466-a3b1-ba468ed7f96d|rpc:10.1.0.60:41377|dataStream:10.1.0.60:43549|priority:0|startupRole:FOLLOWER, 0e631a51-c9de-4e15-b89a-5991bd1d32f2|rpc:10.1.0.60:46279|dataStream:10.1.0.60:37373|priority:0|startupRole:FOLLOWER]|listeners:[], old=null
2023-02-01 19:04:11,243 [pool-115-thread-1] INFO  server.RaftServer$Division (RaftServerImpl.java:setRole(321)) - 24429374-fab9-4c1d-9c36-955fd0efba95@group-75D53D8CFFD4: changes role from      null to FOLLOWER at term 0 for startAsFollower
2023-02-01 19:04:11,243 [pool-115-thread-1] INFO  impl.RoleInfo (RoleInfo.java:updateAndGet(139)) - 24429374-fab9-4c1d-9c36-955fd0efba95: start 24429374-fab9-4c1d-9c36-955fd0efba95@group-75D53D8CFFD4-FollowerState
2023-02-01 19:04:11,244 [pool-115-thread-1] INFO  util.JmxRegister (JmxRegister.java:tryRegister(44)) - Successfully registered JMX Bean with object name Ratis:service=RaftServer,group=group-75D53D8CFFD4,id=24429374-fab9-4c1d-9c36-955fd0efba95
2023-02-01 19:04:11,246 [pool-115-thread-1] INFO  server.RaftServerConfigKeys (ConfUtils.java:logGet(46)) - raft.server.snapshot.auto.trigger.enabled = true (custom)
2023-02-01 19:04:11,246 [pool-115-thread-1] INFO  server.RaftServerConfigKeys (ConfUtils.java:logGet(46)) - raft.server.snapshot.auto.trigger.threshold = 10000 (custom)
2023-02-01 19:04:11,246 [pool-115-thread-1] INFO  server.RaftServerConfigKeys (ConfUtils.java:logGet(46)) - raft.server.snapshot.retention.file.num = 5 (custom)
2023-02-01 19:04:11,246 [pool-115-thread-1] INFO  server.RaftServerConfigKeys (ConfUtils.java:logGet(46)) - raft.server.log.purge.upto.snapshot.index = false (default)
2023-02-01 19:04:11,247 [24429374-fab9-4c1d-9c36-955fd0efba95@group-75D53D8CFFD4-FollowerState] INFO  server.RaftServerConfigKeys (ConfUtils.java:logFallback(53)) - raft.server.rpc.first-election.timeout.min = 5s (fallback to raft.server.rpc.timeout.min)
2023-02-01 19:04:11,249 [24429374-fab9-4c1d-9c36-955fd0efba95@group-75D53D8CFFD4-FollowerState] INFO  server.RaftServerConfigKeys (ConfUtils.java:logFallback(53)) - raft.server.rpc.first-election.timeout.max = 5200ms (fallback to raft.server.rpc.timeout.max)
2023-02-01 19:04:11,286 [Command processor thread] INFO  server.RaftServer (RaftServerProxy.java:addNew(96)) - 0e631a51-c9de-4e15-b89a-5991bd1d32f2: addNew group-76D4760402A7:[0e631a51-c9de-4e15-b89a-5991bd1d32f2|rpc:10.1.0.60:46279|dataStream:10.1.0.60:37373|priority:1|startupRole:FOLLOWER] returns group-76D4760402A7:java.util.concurrent.CompletableFuture@f5a9d99[Not completed]
2023-02-01 19:04:11,293 [pool-93-thread-1] INFO  server.RaftServer$Division (RaftServerImpl.java:<init>(195)) - 0e631a51-c9de-4e15-b89a-5991bd1d32f2: new RaftServerImpl for group-76D4760402A7:[0e631a51-c9de-4e15-b89a-5991bd1d32f2|rpc:10.1.0.60:46279|dataStream:10.1.0.60:37373|priority:1|startupRole:FOLLOWER] with ContainerStateMachine:uninitialized
2023-02-01 19:04:11,293 [pool-93-thread-1] INFO  server.RaftServerConfigKeys (ConfUtils.java:logGet(46)) - raft.server.rpc.timeout.min = 5s (custom)
2023-02-01 19:04:11,293 [pool-93-thread-1] INFO  server.RaftServerConfigKeys (ConfUtils.java:logGet(46)) - raft.server.rpc.timeout.max = 5200ms (custom)
2023-02-01 19:04:11,293 [pool-93-thread-1] INFO  server.RaftServerConfigKeys (ConfUtils.java:logGet(46)) - raft.server.rpc.sleep.time = 25ms (default)
2023-02-01 19:04:11,293 [pool-93-thread-1] INFO  server.RaftServerConfigKeys (ConfUtils.java:logGet(46)) - raft.server.rpc.slowness.timeout = 300s (custom)
2023-02-01 19:04:11,293 [pool-93-thread-1] INFO  server.RaftServerConfigKeys (ConfUtils.java:logGet(46)) - raft.server.leaderelection.leader.step-down.wait-time = 10s (default)
2023-02-01 19:04:11,296 [pool-93-thread-1] INFO  server.RaftServerConfigKeys (ConfUtils.java:logGet(46)) - raft.server.sleep.deviation.threshold = 300ms (default)
2023-02-01 19:04:11,296 [pool-93-thread-1] INFO  server.RaftServer$Division (ServerState.java:<init>(118)) - 0e631a51-c9de-4e15-b89a-5991bd1d32f2@group-76D4760402A7: ConfigurationManager, init=-1: peers:[0e631a51-c9de-4e15-b89a-5991bd1d32f2|rpc:10.1.0.60:46279|dataStream:10.1.0.60:37373|priority:1|startupRole:FOLLOWER]|listeners:[], old=null, confs=<EMPTY_MAP>
2023-02-01 19:04:11,296 [pool-93-thread-1] INFO  server.RaftServerConfigKeys (ConfUtils.java:logGet(46)) - raft.server.storage.dir = [/home/runner/work/ozone/ozone/hadoop-ozone/integration-test/target/test-dir/MiniOzoneClusterImpl-74e3824a-f6bc-4c6a-9d81-a3a47ccb7612/datanode-1/data/ratis] (custom)
2023-02-01 19:04:11,296 [pool-93-thread-1] INFO  server.RaftServerConfigKeys (ConfUtils.java:logGet(46)) - raft.server.log.corruption.policy = EXCEPTION (default)
2023-02-01 19:04:11,296 [pool-93-thread-1] INFO  server.RaftServerConfigKeys (ConfUtils.java:logGet(46)) - raft.server.storage.free-space.min = 0MB (=0) (default)
2023-02-01 19:04:11,296 [pool-93-thread-1] INFO  server.RaftServerConfigKeys (ConfUtils.java:logGet(46)) - raft.server.notification.no-leader.timeout = 300s (custom)
2023-02-01 19:04:11,301 [pool-93-thread-1] INFO  server.RaftServerConfigKeys (ConfUtils.java:logGet(46)) - raft.server.retrycache.expirytime = 600000ms (custom)
2023-02-01 19:04:11,301 [pool-93-thread-1] INFO  server.RaftServerConfigKeys (ConfUtils.java:logGet(46)) - raft.server.retrycache.statistics.expirytime = 100μs (default)
2023-02-01 19:04:11,318 [grpc-default-executor-0] INFO  server.RaftServer (RaftServerProxy.java:addNew(96)) - 0e631a51-c9de-4e15-b89a-5991bd1d32f2: addNew group-75D53D8CFFD4:[24429374-fab9-4c1d-9c36-955fd0efba95|rpc:10.1.0.60:36493|dataStream:10.1.0.60:46515|priority:1|startupRole:FOLLOWER, 983f5510-3bfc-4466-a3b1-ba468ed7f96d|rpc:10.1.0.60:41377|dataStream:10.1.0.60:43549|priority:0|startupRole:FOLLOWER, 0e631a51-c9de-4e15-b89a-5991bd1d32f2|rpc:10.1.0.60:46279|dataStream:10.1.0.60:37373|priority:0|startupRole:FOLLOWER] returns group-75D53D8CFFD4:java.util.concurrent.CompletableFuture@7521ba02[Not completed]
2023-02-01 19:04:11,318 [pool-93-thread-1] INFO  server.RaftServerConfigKeys (ConfUtils.java:logGet(46)) - raft.server.log.appender.install.snapshot.enabled = false (custom)
2023-02-01 19:04:11,319 [pool-93-thread-1] INFO  server.RaftServerConfigKeys (ConfUtils.java:logGet(46)) - raft.server.threadpool.server.cached = true (default)
2023-02-01 19:04:11,319 [pool-93-thread-1] INFO  server.RaftServerConfigKeys (ConfUtils.java:logGet(46)) - raft.server.threadpool.server.size = 0 (default)
2023-02-01 19:04:11,319 [pool-93-thread-1] INFO  server.RaftServerConfigKeys (ConfUtils.java:logGet(46)) - raft.server.threadpool.client.cached = true (default)
2023-02-01 19:04:11,319 [pool-93-thread-1] INFO  server.RaftServerConfigKeys (ConfUtils.java:logGet(46)) - raft.server.threadpool.client.size = 0 (default)
2023-02-01 19:04:11,321 [pool-93-thread-1] INFO  server.RaftServer$Division (RaftServerImpl.java:<init>(195)) - 0e631a51-c9de-4e15-b89a-5991bd1d32f2: new RaftServerImpl for group-75D53D8CFFD4:[24429374-fab9-4c1d-9c36-955fd0efba95|rpc:10.1.0.60:36493|dataStream:10.1.0.60:46515|priority:1|startupRole:FOLLOWER, 983f5510-3bfc-4466-a3b1-ba468ed7f96d|rpc:10.1.0.60:41377|dataStream:10.1.0.60:43549|priority:0|startupRole:FOLLOWER, 0e631a51-c9de-4e15-b89a-5991bd1d32f2|rpc:10.1.0.60:46279|dataStream:10.1.0.60:37373|priority:0|startupRole:FOLLOWER] with ContainerStateMachine:uninitialized
2023-02-01 19:04:11,321 [pool-93-thread-1] INFO  server.RaftServerConfigKeys (ConfUtils.java:logGet(46)) - raft.server.rpc.timeout.min = 5s (custom)
2023-02-01 19:04:11,321 [pool-93-thread-1] INFO  server.RaftServerConfigKeys (ConfUtils.java:logGet(46)) - raft.server.rpc.timeout.max = 5200ms (custom)
2023-02-01 19:04:11,321 [pool-93-thread-1] INFO  server.RaftServerConfigKeys (ConfUtils.java:logGet(46)) - raft.server.rpc.sleep.time = 25ms (default)
2023-02-01 19:04:11,321 [pool-93-thread-1] INFO  server.RaftServerConfigKeys (ConfUtils.java:logGet(46)) - raft.server.rpc.slowness.timeout = 300s (custom)
2023-02-01 19:04:11,321 [pool-93-thread-1] INFO  server.RaftServerConfigKeys (ConfUtils.java:logGet(46)) - raft.server.leaderelection.leader.step-down.wait-time = 10s (default)
2023-02-01 19:04:11,321 [pool-93-thread-1] INFO  server.RaftServerConfigKeys (ConfUtils.java:logGet(46)) - raft.server.sleep.deviation.threshold = 300ms (default)
2023-02-01 19:04:11,321 [pool-93-thread-1] INFO  server.RaftServer$Division (ServerState.java:<init>(118)) - 0e631a51-c9de-4e15-b89a-5991bd1d32f2@group-75D53D8CFFD4: ConfigurationManager, init=-1: peers:[24429374-fab9-4c1d-9c36-955fd0efba95|rpc:10.1.0.60:36493|dataStream:10.1.0.60:46515|priority:1|startupRole:FOLLOWER, 983f5510-3bfc-4466-a3b1-ba468ed7f96d|rpc:10.1.0.60:41377|dataStream:10.1.0.60:43549|priority:0|startupRole:FOLLOWER, 0e631a51-c9de-4e15-b89a-5991bd1d32f2|rpc:10.1.0.60:46279|dataStream:10.1.0.60:37373|priority:0|startupRole:FOLLOWER]|listeners:[], old=null, confs=<EMPTY_MAP>
2023-02-01 19:04:11,322 [pool-93-thread-1] INFO  server.RaftServerConfigKeys (ConfUtils.java:logGet(46)) - raft.server.storage.dir = [/home/runner/work/ozone/ozone/hadoop-ozone/integration-test/target/test-dir/MiniOzoneClusterImpl-74e3824a-f6bc-4c6a-9d81-a3a47ccb7612/datanode-1/data/ratis] (custom)
2023-02-01 19:04:11,322 [pool-93-thread-1] INFO  server.RaftServerConfigKeys (ConfUtils.java:logGet(46)) - raft.server.log.corruption.policy = EXCEPTION (default)
2023-02-01 19:04:11,322 [pool-93-thread-1] INFO  server.RaftServerConfigKeys (ConfUtils.java:logGet(46)) - raft.server.storage.free-space.min = 0MB (=0) (default)
2023-02-01 19:04:11,322 [pool-93-thread-1] INFO  server.RaftServerConfigKeys (ConfUtils.java:logGet(46)) - raft.server.notification.no-leader.timeout = 300s (custom)
2023-02-01 19:04:11,322 [pool-93-thread-1] INFO  server.RaftServerConfigKeys (ConfUtils.java:logGet(46)) - raft.server.retrycache.expirytime = 600000ms (custom)
2023-02-01 19:04:11,323 [pool-93-thread-1] INFO  server.RaftServerConfigKeys (ConfUtils.java:logGet(46)) - raft.server.retrycache.statistics.expirytime = 100μs (default)
2023-02-01 19:04:11,327 [pool-93-thread-1] INFO  server.RaftServerConfigKeys (ConfUtils.java:logGet(46)) - raft.server.log.appender.install.snapshot.enabled = false (custom)
2023-02-01 19:04:11,327 [pool-93-thread-1] INFO  server.RaftServerConfigKeys (ConfUtils.java:logGet(46)) - raft.server.threadpool.server.cached = true (default)
2023-02-01 19:04:11,327 [pool-93-thread-1] INFO  server.RaftServerConfigKeys (ConfUtils.java:logGet(46)) - raft.server.threadpool.server.size = 0 (default)
2023-02-01 19:04:11,327 [pool-93-thread-1] INFO  server.RaftServerConfigKeys (ConfUtils.java:logGet(46)) - raft.server.threadpool.client.cached = true (default)
2023-02-01 19:04:11,327 [pool-93-thread-1] INFO  server.RaftServerConfigKeys (ConfUtils.java:logGet(46)) - raft.server.threadpool.client.size = 0 (default)
2023-02-01 19:04:11,327 [pool-93-thread-1] INFO  storage.RaftStorageDirectory (RaftStorageDirectoryImpl.java:analyzeStorage(137)) - The storage directory /home/runner/work/ozone/ozone/hadoop-ozone/integration-test/target/test-dir/MiniOzoneClusterImpl-74e3824a-f6bc-4c6a-9d81-a3a47ccb7612/datanode-1/data/ratis/ba953aee-7cf8-4729-b893-76d4760402a7 does not exist. Creating ...
2023-02-01 19:04:11,330 [pool-93-thread-1] INFO  storage.RaftStorageDirectory (RaftStorageDirectoryImpl.java:tryLock(231)) - Lock on /home/runner/work/ozone/ozone/hadoop-ozone/integration-test/target/test-dir/MiniOzoneClusterImpl-74e3824a-f6bc-4c6a-9d81-a3a47ccb7612/datanode-1/data/ratis/ba953aee-7cf8-4729-b893-76d4760402a7/in_use.lock acquired by nodename 59045@fv-az213-973
2023-02-01 19:04:11,332 [pool-93-thread-1] INFO  storage.RaftStorage (RaftStorageImpl.java:format(96)) - Storage directory /home/runner/work/ozone/ozone/hadoop-ozone/integration-test/target/test-dir/MiniOzoneClusterImpl-74e3824a-f6bc-4c6a-9d81-a3a47ccb7612/datanode-1/data/ratis/ba953aee-7cf8-4729-b893-76d4760402a7 has been successfully formatted.
2023-02-01 19:04:11,333 [pool-93-thread-1] INFO  ratis.ContainerStateMachine (ContainerStateMachine.java:loadSnapshot(240)) - group-76D4760402A7: The snapshot info is null. Setting the last applied indexto:(t:0, i:~)
2023-02-01 19:04:11,333 [pool-93-thread-1] INFO  server.RaftServerConfigKeys (ConfUtils.java:logGet(46)) - raft.server.log.use.memory = false (default)
2023-02-01 19:04:11,333 [pool-93-thread-1] INFO  server.RaftServerConfigKeys (ConfUtils.java:logGet(46)) - raft.server.log.purge.gap = 1000000 (custom)
2023-02-01 19:04:11,333 [pool-93-thread-1] INFO  server.RaftServerConfigKeys (ConfUtils.java:logGet(46)) - raft.server.log.appender.buffer.byte-limit = 33554432 (custom)
2023-02-01 19:04:11,333 [pool-93-thread-1] INFO  server.RaftServerConfigKeys (ConfUtils.java:logGet(46)) - raft.server.log.statemachine.data.read.timeout = 1000ms (default)
2023-02-01 19:04:11,333 [pool-93-thread-1] INFO  server.RaftServerConfigKeys (ConfUtils.java:logGet(46)) - raft.server.log.purge.preservation.log.num = 0 (default)
2023-02-01 19:04:11,334 [pool-93-thread-1] INFO  server.RaftServerConfigKeys (ConfUtils.java:logGet(46)) - raft.server.log.segment.size.max = 1048576 (custom)
2023-02-01 19:04:11,335 [EventQueue-PipelineReportForPipelineReportHandler] INFO  pipeline.PipelineManagerImpl (PipelineManagerImpl.java:openPipeline(367)) - Pipeline Pipeline[ Id: ba953aee-7cf8-4729-b893-76d4760402a7, Nodes: 0e631a51-c9de-4e15-b89a-5991bd1d32f2(fv-az213-973.c2vz3wqhpjau3hcstnyptvmwla.cx.internal.cloudapp.net/10.1.0.60), ReplicationConfig: RATIS/ONE, State:ALLOCATED, leaderId:0e631a51-c9de-4e15-b89a-5991bd1d32f2, CreationTimestamp2023-02-01T19:04:08.283Z[Etc/UTC]] moved to OPEN state
2023-02-01 19:04:11,337 [pool-93-thread-1] INFO  server.RaftServerConfigKeys (ConfUtils.java:logGet(46)) - raft.server.log.segment.cache.num.max = 2 (custom)
2023-02-01 19:04:11,337 [EventQueue-OpenPipelineForHealthyPipelineSafeModeRule] INFO  safemode.SCMSafeModeManager (HealthyPipelineSafeModeRule.java:process(137)) - SCM in safe mode. Healthy pipelines reported count is 0, required healthy pipeline reported count is 1
2023-02-01 19:04:11,337 [pool-93-thread-1] INFO  server.RaftServerConfigKeys (ConfUtils.java:logGet(46)) - raft.server.log.segment.cache.size.max = 200MB (=209715200) (default)
2023-02-01 19:04:11,337 [pool-93-thread-1] INFO  segmented.SegmentedRaftLogWorker (SegmentedRaftLogWorker.java:<init>(189)) - new 0e631a51-c9de-4e15-b89a-5991bd1d32f2@group-76D4760402A7-SegmentedRaftLogWorker for RaftStorageImpl:Storage Directory /home/runner/work/ozone/ozone/hadoop-ozone/integration-test/target/test-dir/MiniOzoneClusterImpl-74e3824a-f6bc-4c6a-9d81-a3a47ccb7612/datanode-1/data/ratis/ba953aee-7cf8-4729-b893-76d4760402a7
2023-02-01 19:04:11,337 [pool-93-thread-1] INFO  server.RaftServerConfigKeys (ConfUtils.java:logGet(46)) - raft.server.log.queue.byte-limit = 4294967296 (custom)
2023-02-01 19:04:11,337 [pool-93-thread-1] INFO  server.RaftServerConfigKeys (ConfUtils.java:logGet(46)) - raft.server.log.queue.element-limit = 1024 (custom)
2023-02-01 19:04:11,338 [pool-93-thread-1] INFO  server.RaftServerConfigKeys (ConfUtils.java:logGet(46)) - raft.server.log.segment.size.max = 1048576 (custom)
2023-02-01 19:04:11,338 [pool-93-thread-1] INFO  server.RaftServerConfigKeys (ConfUtils.java:logGet(46)) - raft.server.log.preallocated.size = 16384 (custom)
2023-02-01 19:04:11,338 [pool-93-thread-1] INFO  server.RaftServerConfigKeys (ConfUtils.java:logGet(46)) - raft.server.log.force.sync.num = 128 (default)
2023-02-01 19:04:11,338 [pool-93-thread-1] INFO  server.RaftServerConfigKeys (ConfUtils.java:logGet(46)) - raft.server.log.statemachine.data.sync = true (default)
2023-02-01 19:04:11,338 [pool-93-thread-1] INFO  server.RaftServerConfigKeys (ConfUtils.java:logGet(46)) - raft.server.log.statemachine.data.sync.timeout = 10s (default)
2023-02-01 19:04:11,338 [pool-93-thread-1] INFO  server.RaftServerConfigKeys (ConfUtils.java:logGet(46)) - raft.server.log.statemachine.data.sync.timeout.retry = -1 (default)
2023-02-01 19:04:11,339 [pool-93-thread-1] INFO  server.RaftServerConfigKeys (ConfUtils.java:logGet(46)) - raft.server.log.write.buffer.size = 1048576 (custom)
2023-02-01 19:04:11,339 [pool-93-thread-1] INFO  server.RaftServerConfigKeys (ConfUtils.java:logGet(46)) - raft.server.log.appender.buffer.byte-limit = 33554432 (custom)
2023-02-01 19:04:11,345 [pool-93-thread-1] INFO  server.RaftServerConfigKeys (ConfUtils.java:logGet(46)) - raft.server.log.unsafe-flush.enabled = false (default)
2023-02-01 19:04:11,345 [pool-93-thread-1] INFO  server.RaftServerConfigKeys (ConfUtils.java:logGet(46)) - raft.server.log.async-flush.enabled = false (default)
2023-02-01 19:04:11,345 [pool-93-thread-1] INFO  server.RaftServerConfigKeys (ConfUtils.java:logGet(46)) - raft.server.log.statemachine.data.caching.enabled = true (custom)
2023-02-01 19:04:11,345 [pool-93-thread-1] INFO  segmented.SegmentedRaftLogWorker (SegmentedRaftLogWorker.java:lambda$new$0(135)) - 0e631a51-c9de-4e15-b89a-5991bd1d32f2@group-76D4760402A7-SegmentedRaftLogWorker: flushIndex: setUnconditionally 0 -> -1
2023-02-01 19:04:11,345 [pool-93-thread-1] INFO  segmented.SegmentedRaftLogWorker (SegmentedRaftLogWorker.java:lambda$new$0(135)) - 0e631a51-c9de-4e15-b89a-5991bd1d32f2@group-76D4760402A7-SegmentedRaftLogWorker: safeCacheEvictIndex: setUnconditionally 0 -> -1
2023-02-01 19:04:11,346 [pool-93-thread-1] INFO  server.RaftServer$Division (RaftServerImpl.java:start(334)) - 0e631a51-c9de-4e15-b89a-5991bd1d32f2@group-76D4760402A7: start as a follower, conf=-1: peers:[0e631a51-c9de-4e15-b89a-5991bd1d32f2|rpc:10.1.0.60:46279|dataStream:10.1.0.60:37373|priority:1|startupRole:FOLLOWER]|listeners:[], old=null
2023-02-01 19:04:11,346 [pool-93-thread-1] INFO  server.RaftServer$Division (RaftServerImpl.java:setRole(321)) - 0e631a51-c9de-4e15-b89a-5991bd1d32f2@group-76D4760402A7: changes role from      null to FOLLOWER at term 0 for startAsFollower
2023-02-01 19:04:11,346 [pool-93-thread-1] INFO  impl.RoleInfo (RoleInfo.java:updateAndGet(139)) - 0e631a51-c9de-4e15-b89a-5991bd1d32f2: start 0e631a51-c9de-4e15-b89a-5991bd1d32f2@group-76D4760402A7-FollowerState
2023-02-01 19:04:11,349 [pool-93-thread-1] INFO  util.JmxRegister (JmxRegister.java:tryRegister(44)) - Successfully registered JMX Bean with object name Ratis:service=RaftServer,group=group-76D4760402A7,id=0e631a51-c9de-4e15-b89a-5991bd1d32f2
2023-02-01 19:04:11,349 [pool-93-thread-1] INFO  server.RaftServerConfigKeys (ConfUtils.java:logGet(46)) - raft.server.snapshot.auto.trigger.enabled = true (custom)
2023-02-01 19:04:11,349 [pool-93-thread-1] INFO  server.RaftServerConfigKeys (ConfUtils.java:logGet(46)) - raft.server.snapshot.auto.trigger.threshold = 10000 (custom)
2023-02-01 19:04:11,349 [pool-93-thread-1] INFO  server.RaftServerConfigKeys (ConfUtils.java:logGet(46)) - raft.server.snapshot.retention.file.num = 5 (custom)
2023-02-01 19:04:11,349 [pool-93-thread-1] INFO  server.RaftServerConfigKeys (ConfUtils.java:logGet(46)) - raft.server.log.purge.upto.snapshot.index = false (default)
2023-02-01 19:04:11,349 [0e631a51-c9de-4e15-b89a-5991bd1d32f2@group-76D4760402A7-FollowerState] INFO  server.RaftServerConfigKeys (ConfUtils.java:logFallback(53)) - raft.server.rpc.first-election.timeout.min = 5s (fallback to raft.server.rpc.timeout.min)
2023-02-01 19:04:11,358 [Command processor thread] INFO  ratis.XceiverServerRatis (XceiverServerRatis.java:addGroup(806)) - Created group PipelineID=ba953aee-7cf8-4729-b893-76d4760402a7
2023-02-01 19:04:11,358 [pool-93-thread-1] INFO  storage.RaftStorageDirectory (RaftStorageDirectoryImpl.java:analyzeStorage(137)) - The storage directory /home/runner/work/ozone/ozone/hadoop-ozone/integration-test/target/test-dir/MiniOzoneClusterImpl-74e3824a-f6bc-4c6a-9d81-a3a47ccb7612/datanode-1/data/ratis/d2f86b36-0c71-44f7-bc77-75d53d8cffd4 does not exist. Creating ...
2023-02-01 19:04:11,358 [0e631a51-c9de-4e15-b89a-5991bd1d32f2@group-76D4760402A7-FollowerState] INFO  server.RaftServerConfigKeys (ConfUtils.java:logFallback(53)) - raft.server.rpc.first-election.timeout.max = 5200ms (fallback to raft.server.rpc.timeout.max)
2023-02-01 19:04:11,358 [Command processor thread] INFO  commandhandler.CreatePipelineCommandHandler (CreatePipelineCommandHandler.java:handle(113)) - Created Pipeline RATIS ONE PipelineID=ba953aee-7cf8-4729-b893-76d4760402a7.
2023-02-01 19:04:11,367 [Command processor thread] INFO  server.RaftServer (RaftServerProxy.java:addNew(96)) - 0e631a51-c9de-4e15-b89a-5991bd1d32f2: addNew group-09AA99DC4D72:[24429374-fab9-4c1d-9c36-955fd0efba95|rpc:10.1.0.60:36493|dataStream:10.1.0.60:46515|priority:0|startupRole:FOLLOWER, 983f5510-3bfc-4466-a3b1-ba468ed7f96d|rpc:10.1.0.60:41377|dataStream:10.1.0.60:43549|priority:1|startupRole:FOLLOWER, 0e631a51-c9de-4e15-b89a-5991bd1d32f2|rpc:10.1.0.60:46279|dataStream:10.1.0.60:37373|priority:0|startupRole:FOLLOWER] returns group-09AA99DC4D72:java.util.concurrent.CompletableFuture@b6518aa[Not completed]
2023-02-01 19:04:11,369 [pool-93-thread-1] INFO  storage.RaftStorageDirectory (RaftStorageDirectoryImpl.java:tryLock(231)) - Lock on /home/runner/work/ozone/ozone/hadoop-ozone/integration-test/target/test-dir/MiniOzoneClusterImpl-74e3824a-f6bc-4c6a-9d81-a3a47ccb7612/datanode-1/data/ratis/d2f86b36-0c71-44f7-bc77-75d53d8cffd4/in_use.lock acquired by nodename 59045@fv-az213-973
2023-02-01 19:04:11,371 [pool-93-thread-1] INFO  storage.RaftStorage (RaftStorageImpl.java:format(96)) - Storage directory /home/runner/work/ozone/ozone/hadoop-ozone/integration-test/target/test-dir/MiniOzoneClusterImpl-74e3824a-f6bc-4c6a-9d81-a3a47ccb7612/datanode-1/data/ratis/d2f86b36-0c71-44f7-bc77-75d53d8cffd4 has been successfully formatted.
2023-02-01 19:04:11,371 [pool-93-thread-1] INFO  ratis.ContainerStateMachine (ContainerStateMachine.java:loadSnapshot(240)) - group-75D53D8CFFD4: The snapshot info is null. Setting the last applied indexto:(t:0, i:~)
2023-02-01 19:04:11,371 [pool-93-thread-1] INFO  server.RaftServerConfigKeys (ConfUtils.java:logGet(46)) - raft.server.log.use.memory = false (default)
2023-02-01 19:04:11,371 [pool-93-thread-1] INFO  server.RaftServerConfigKeys (ConfUtils.java:logGet(46)) - raft.server.log.purge.gap = 1000000 (custom)
2023-02-01 19:04:11,371 [pool-93-thread-1] INFO  server.RaftServerConfigKeys (ConfUtils.java:logGet(46)) - raft.server.log.appender.buffer.byte-limit = 33554432 (custom)
2023-02-01 19:04:11,371 [pool-93-thread-1] INFO  server.RaftServerConfigKeys (ConfUtils.java:logGet(46)) - raft.server.log.statemachine.data.read.timeout = 1000ms (default)
2023-02-01 19:04:11,371 [pool-93-thread-1] INFO  server.RaftServerConfigKeys (ConfUtils.java:logGet(46)) - raft.server.log.purge.preservation.log.num = 0 (default)
2023-02-01 19:04:11,372 [pool-93-thread-1] INFO  server.RaftServerConfigKeys (ConfUtils.java:logGet(46)) - raft.server.log.segment.size.max = 1048576 (custom)
2023-02-01 19:04:11,372 [pool-93-thread-1] INFO  server.RaftServerConfigKeys (ConfUtils.java:logGet(46)) - raft.server.log.segment.cache.num.max = 2 (custom)
2023-02-01 19:04:11,372 [pool-93-thread-1] INFO  server.RaftServerConfigKeys (ConfUtils.java:logGet(46)) - raft.server.log.segment.cache.size.max = 200MB (=209715200) (default)
2023-02-01 19:04:11,372 [pool-93-thread-1] INFO  segmented.SegmentedRaftLogWorker (SegmentedRaftLogWorker.java:<init>(189)) - new 0e631a51-c9de-4e15-b89a-5991bd1d32f2@group-75D53D8CFFD4-SegmentedRaftLogWorker for RaftStorageImpl:Storage Directory /home/runner/work/ozone/ozone/hadoop-ozone/integration-test/target/test-dir/MiniOzoneClusterImpl-74e3824a-f6bc-4c6a-9d81-a3a47ccb7612/datanode-1/data/ratis/d2f86b36-0c71-44f7-bc77-75d53d8cffd4
2023-02-01 19:04:11,372 [pool-93-thread-1] INFO  server.RaftServerConfigKeys (ConfUtils.java:logGet(46)) - raft.server.log.queue.byte-limit = 4294967296 (custom)
2023-02-01 19:04:11,372 [pool-93-thread-1] INFO  server.RaftServerConfigKeys (ConfUtils.java:logGet(46)) - raft.server.log.queue.element-limit = 1024 (custom)
2023-02-01 19:04:11,372 [pool-93-thread-1] INFO  server.RaftServerConfigKeys (ConfUtils.java:logGet(46)) - raft.server.log.segment.size.max = 1048576 (custom)
2023-02-01 19:04:11,373 [pool-93-thread-1] INFO  server.RaftServerConfigKeys (ConfUtils.java:logGet(46)) - raft.server.log.preallocated.size = 16384 (custom)
2023-02-01 19:04:11,373 [pool-93-thread-1] INFO  server.RaftServerConfigKeys (ConfUtils.java:logGet(46)) - raft.server.log.force.sync.num = 128 (default)
2023-02-01 19:04:11,373 [pool-93-thread-1] INFO  server.RaftServerConfigKeys (ConfUtils.java:logGet(46)) - raft.server.log.statemachine.data.sync = true (default)
2023-02-01 19:04:11,373 [pool-93-thread-1] INFO  server.RaftServerConfigKeys (ConfUtils.java:logGet(46)) - raft.server.log.statemachine.data.sync.timeout = 10s (default)
2023-02-01 19:04:11,374 [pool-93-thread-1] INFO  server.RaftServerConfigKeys (ConfUtils.java:logGet(46)) - raft.server.log.statemachine.data.sync.timeout.retry = -1 (default)
2023-02-01 19:04:11,375 [pool-93-thread-1] INFO  server.RaftServerConfigKeys (ConfUtils.java:logGet(46)) - raft.server.log.write.buffer.size = 1048576 (custom)
2023-02-01 19:04:11,375 [pool-93-thread-1] INFO  server.RaftServerConfigKeys (ConfUtils.java:logGet(46)) - raft.server.log.appender.buffer.byte-limit = 33554432 (custom)
2023-02-01 19:04:11,378 [EventQueue-OpenPipelineForHealthyPipelineSafeModeRule] INFO  safemode.SCMSafeModeManager (HealthyPipelineSafeModeRule.java:process(137)) - SCM in safe mode. Healthy pipelines reported count is 0, required healthy pipeline reported count is 1
2023-02-01 19:04:11,381 [pool-93-thread-1] INFO  server.RaftServerConfigKeys (ConfUtils.java:logGet(46)) - raft.server.log.unsafe-flush.enabled = false (default)
2023-02-01 19:04:11,381 [pool-93-thread-1] INFO  server.RaftServerConfigKeys (ConfUtils.java:logGet(46)) - raft.server.log.async-flush.enabled = false (default)
2023-02-01 19:04:11,381 [pool-93-thread-1] INFO  server.RaftServerConfigKeys (ConfUtils.java:logGet(46)) - raft.server.log.statemachine.data.caching.enabled = true (custom)
2023-02-01 19:04:11,382 [pool-93-thread-1] INFO  segmented.SegmentedRaftLogWorker (SegmentedRaftLogWorker.java:lambda$new$0(135)) - 0e631a51-c9de-4e15-b89a-5991bd1d32f2@group-75D53D8CFFD4-SegmentedRaftLogWorker: flushIndex: setUnconditionally 0 -> -1
2023-02-01 19:04:11,382 [pool-93-thread-1] INFO  segmented.SegmentedRaftLogWorker (SegmentedRaftLogWorker.java:lambda$new$0(135)) - 0e631a51-c9de-4e15-b89a-5991bd1d32f2@group-75D53D8CFFD4-SegmentedRaftLogWorker: safeCacheEvictIndex: setUnconditionally 0 -> -1
2023-02-01 19:04:11,382 [pool-93-thread-1] INFO  server.RaftServer$Division (RaftServerImpl.java:start(334)) - 0e631a51-c9de-4e15-b89a-5991bd1d32f2@group-75D53D8CFFD4: start as a follower, conf=-1: peers:[24429374-fab9-4c1d-9c36-955fd0efba95|rpc:10.1.0.60:36493|dataStream:10.1.0.60:46515|priority:1|startupRole:FOLLOWER, 983f5510-3bfc-4466-a3b1-ba468ed7f96d|rpc:10.1.0.60:41377|dataStream:10.1.0.60:43549|priority:0|startupRole:FOLLOWER, 0e631a51-c9de-4e15-b89a-5991bd1d32f2|rpc:10.1.0.60:46279|dataStream:10.1.0.60:37373|priority:0|startupRole:FOLLOWER]|listeners:[], old=null
2023-02-01 19:04:11,382 [pool-93-thread-1] INFO  server.RaftServer$Division (RaftServerImpl.java:setRole(321)) - 0e631a51-c9de-4e15-b89a-5991bd1d32f2@group-75D53D8CFFD4: changes role from      null to FOLLOWER at term 0 for startAsFollower
2023-02-01 19:04:11,382 [pool-93-thread-1] INFO  impl.RoleInfo (RoleInfo.java:updateAndGet(139)) - 0e631a51-c9de-4e15-b89a-5991bd1d32f2: start 0e631a51-c9de-4e15-b89a-5991bd1d32f2@group-75D53D8CFFD4-FollowerState
2023-02-01 19:04:11,385 [pool-93-thread-1] INFO  util.JmxRegister (JmxRegister.java:tryRegister(44)) - Successfully registered JMX Bean with object name Ratis:service=RaftServer,group=group-75D53D8CFFD4,id=0e631a51-c9de-4e15-b89a-5991bd1d32f2
2023-02-01 19:04:11,385 [pool-93-thread-1] INFO  server.RaftServerConfigKeys (ConfUtils.java:logGet(46)) - raft.server.snapshot.auto.trigger.enabled = true (custom)
2023-02-01 19:04:11,385 [pool-93-thread-1] INFO  server.RaftServerConfigKeys (ConfUtils.java:logGet(46)) - raft.server.snapshot.auto.trigger.threshold = 10000 (custom)
2023-02-01 19:04:11,385 [pool-93-thread-1] INFO  server.RaftServerConfigKeys (ConfUtils.java:logGet(46)) - raft.server.snapshot.retention.file.num = 5 (custom)
2023-02-01 19:04:11,385 [pool-93-thread-1] INFO  server.RaftServerConfigKeys (ConfUtils.java:logGet(46)) - raft.server.log.purge.upto.snapshot.index = false (default)
2023-02-01 19:04:11,386 [0e631a51-c9de-4e15-b89a-5991bd1d32f2@group-75D53D8CFFD4-FollowerState] INFO  server.RaftServerConfigKeys (ConfUtils.java:logFallback(53)) - raft.server.rpc.first-election.timeout.min = 5s (fallback to raft.server.rpc.timeout.min)
2023-02-01 19:04:11,392 [0e631a51-c9de-4e15-b89a-5991bd1d32f2@group-75D53D8CFFD4-FollowerState] INFO  server.RaftServerConfigKeys (ConfUtils.java:logFallback(53)) - raft.server.rpc.first-election.timeout.max = 5200ms (fallback to raft.server.rpc.timeout.max)
2023-02-01 19:04:11,391 [pool-93-thread-1] INFO  server.RaftServer$Division (RaftServerImpl.java:<init>(195)) - 0e631a51-c9de-4e15-b89a-5991bd1d32f2: new RaftServerImpl for group-09AA99DC4D72:[24429374-fab9-4c1d-9c36-955fd0efba95|rpc:10.1.0.60:36493|dataStream:10.1.0.60:46515|priority:0|startupRole:FOLLOWER, 983f5510-3bfc-4466-a3b1-ba468ed7f96d|rpc:10.1.0.60:41377|dataStream:10.1.0.60:43549|priority:1|startupRole:FOLLOWER, 0e631a51-c9de-4e15-b89a-5991bd1d32f2|rpc:10.1.0.60:46279|dataStream:10.1.0.60:37373|priority:0|startupRole:FOLLOWER] with ContainerStateMachine:uninitialized
2023-02-01 19:04:11,392 [pool-93-thread-1] INFO  server.RaftServerConfigKeys (ConfUtils.java:logGet(46)) - raft.server.rpc.timeout.min = 5s (custom)
2023-02-01 19:04:11,392 [pool-93-thread-1] INFO  server.RaftServerConfigKeys (ConfUtils.java:logGet(46)) - raft.server.rpc.timeout.max = 5200ms (custom)
2023-02-01 19:04:11,392 [pool-93-thread-1] INFO  server.RaftServerConfigKeys (ConfUtils.java:logGet(46)) - raft.server.rpc.sleep.time = 25ms (default)
2023-02-01 19:04:11,392 [pool-93-thread-1] INFO  server.RaftServerConfigKeys (ConfUtils.java:logGet(46)) - raft.server.rpc.slowness.timeout = 300s (custom)
2023-02-01 19:04:11,392 [pool-93-thread-1] INFO  server.RaftServerConfigKeys (ConfUtils.java:logGet(46)) - raft.server.leaderelection.leader.step-down.wait-time = 10s (default)
2023-02-01 19:04:11,392 [pool-93-thread-1] INFO  server.RaftServerConfigKeys (ConfUtils.java:logGet(46)) - raft.server.sleep.deviation.threshold = 300ms (default)
2023-02-01 19:04:11,392 [pool-93-thread-1] INFO  server.RaftServer$Division (ServerState.java:<init>(118)) - 0e631a51-c9de-4e15-b89a-5991bd1d32f2@group-09AA99DC4D72: ConfigurationManager, init=-1: peers:[24429374-fab9-4c1d-9c36-955fd0efba95|rpc:10.1.0.60:36493|dataStream:10.1.0.60:46515|priority:0|startupRole:FOLLOWER, 983f5510-3bfc-4466-a3b1-ba468ed7f96d|rpc:10.1.0.60:41377|dataStream:10.1.0.60:43549|priority:1|startupRole:FOLLOWER, 0e631a51-c9de-4e15-b89a-5991bd1d32f2|rpc:10.1.0.60:46279|dataStream:10.1.0.60:37373|priority:0|startupRole:FOLLOWER]|listeners:[], old=null, confs=<EMPTY_MAP>
2023-02-01 19:04:11,392 [pool-93-thread-1] INFO  server.RaftServerConfigKeys (ConfUtils.java:logGet(46)) - raft.server.storage.dir = [/home/runner/work/ozone/ozone/hadoop-ozone/integration-test/target/test-dir/MiniOzoneClusterImpl-74e3824a-f6bc-4c6a-9d81-a3a47ccb7612/datanode-1/data/ratis] (custom)
2023-02-01 19:04:11,392 [pool-93-thread-1] INFO  server.RaftServerConfigKeys (ConfUtils.java:logGet(46)) - raft.server.log.corruption.policy = EXCEPTION (default)
2023-02-01 19:04:11,393 [pool-93-thread-1] INFO  server.RaftServerConfigKeys (ConfUtils.java:logGet(46)) - raft.server.storage.free-space.min = 0MB (=0) (default)
2023-02-01 19:04:11,393 [pool-93-thread-1] INFO  server.RaftServerConfigKeys (ConfUtils.java:logGet(46)) - raft.server.notification.no-leader.timeout = 300s (custom)
2023-02-01 19:04:11,393 [pool-93-thread-1] INFO  server.RaftServerConfigKeys (ConfUtils.java:logGet(46)) - raft.server.retrycache.expirytime = 600000ms (custom)
2023-02-01 19:04:11,393 [pool-93-thread-1] INFO  server.RaftServerConfigKeys (ConfUtils.java:logGet(46)) - raft.server.retrycache.statistics.expirytime = 100μs (default)
2023-02-01 19:04:11,394 [pool-93-thread-1] INFO  server.RaftServerConfigKeys (ConfUtils.java:logGet(46)) - raft.server.log.appender.install.snapshot.enabled = false (custom)
2023-02-01 19:04:11,394 [pool-93-thread-1] INFO  server.RaftServerConfigKeys (ConfUtils.java:logGet(46)) - raft.server.threadpool.server.cached = true (default)
2023-02-01 19:04:11,394 [pool-93-thread-1] INFO  server.RaftServerConfigKeys (ConfUtils.java:logGet(46)) - raft.server.threadpool.server.size = 0 (default)
2023-02-01 19:04:11,394 [pool-93-thread-1] INFO  server.RaftServerConfigKeys (ConfUtils.java:logGet(46)) - raft.server.threadpool.client.cached = true (default)
2023-02-01 19:04:11,396 [pool-93-thread-1] INFO  server.RaftServerConfigKeys (ConfUtils.java:logGet(46)) - raft.server.threadpool.client.size = 0 (default)
2023-02-01 19:04:11,396 [pool-93-thread-1] INFO  storage.RaftStorageDirectory (RaftStorageDirectoryImpl.java:analyzeStorage(137)) - The storage directory /home/runner/work/ozone/ozone/hadoop-ozone/integration-test/target/test-dir/MiniOzoneClusterImpl-74e3824a-f6bc-4c6a-9d81-a3a47ccb7612/datanode-1/data/ratis/5f51d2ac-89d4-46bb-a0a3-09aa99dc4d72 does not exist. Creating ...
2023-02-01 19:04:11,401 [Command processor thread] INFO  commandhandler.CreatePipelineCommandHandler (CreatePipelineCommandHandler.java:handle(113)) - Created Pipeline RATIS THREE PipelineID=d2f86b36-0c71-44f7-bc77-75d53d8cffd4.
2023-02-01 19:04:11,403 [Command processor thread] INFO  server.RaftServer (RaftServerProxy.java:addNew(96)) - 983f5510-3bfc-4466-a3b1-ba468ed7f96d: addNew group-09AA99DC4D72:[24429374-fab9-4c1d-9c36-955fd0efba95|rpc:10.1.0.60:36493|dataStream:10.1.0.60:46515|priority:0|startupRole:FOLLOWER, 983f5510-3bfc-4466-a3b1-ba468ed7f96d|rpc:10.1.0.60:41377|dataStream:10.1.0.60:43549|priority:1|startupRole:FOLLOWER, 0e631a51-c9de-4e15-b89a-5991bd1d32f2|rpc:10.1.0.60:46279|dataStream:10.1.0.60:37373|priority:0|startupRole:FOLLOWER] returns group-09AA99DC4D72:java.util.concurrent.CompletableFuture@89887ae[Not completed]
2023-02-01 19:04:11,404 [pool-71-thread-1] INFO  server.RaftServer$Division (RaftServerImpl.java:<init>(195)) - 983f5510-3bfc-4466-a3b1-ba468ed7f96d: new RaftServerImpl for group-09AA99DC4D72:[24429374-fab9-4c1d-9c36-955fd0efba95|rpc:10.1.0.60:36493|dataStream:10.1.0.60:46515|priority:0|startupRole:FOLLOWER, 983f5510-3bfc-4466-a3b1-ba468ed7f96d|rpc:10.1.0.60:41377|dataStream:10.1.0.60:43549|priority:1|startupRole:FOLLOWER, 0e631a51-c9de-4e15-b89a-5991bd1d32f2|rpc:10.1.0.60:46279|dataStream:10.1.0.60:37373|priority:0|startupRole:FOLLOWER] with ContainerStateMachine:uninitialized
2023-02-01 19:04:11,404 [pool-93-thread-1] INFO  storage.RaftStorageDirectory (RaftStorageDirectoryImpl.java:tryLock(231)) - Lock on /home/runner/work/ozone/ozone/hadoop-ozone/integration-test/target/test-dir/MiniOzoneClusterImpl-74e3824a-f6bc-4c6a-9d81-a3a47ccb7612/datanode-1/data/ratis/5f51d2ac-89d4-46bb-a0a3-09aa99dc4d72/in_use.lock acquired by nodename 59045@fv-az213-973
2023-02-01 19:04:11,404 [pool-71-thread-1] INFO  server.RaftServerConfigKeys (ConfUtils.java:logGet(46)) - raft.server.rpc.timeout.min = 5s (custom)
2023-02-01 19:04:11,406 [pool-71-thread-1] INFO  server.RaftServerConfigKeys (ConfUtils.java:logGet(46)) - raft.server.rpc.timeout.max = 5200ms (custom)
2023-02-01 19:04:11,406 [pool-71-thread-1] INFO  server.RaftServerConfigKeys (ConfUtils.java:logGet(46)) - raft.server.rpc.sleep.time = 25ms (default)
2023-02-01 19:04:11,406 [pool-71-thread-1] INFO  server.RaftServerConfigKeys (ConfUtils.java:logGet(46)) - raft.server.rpc.slowness.timeout = 300s (custom)
2023-02-01 19:04:11,406 [pool-71-thread-1] INFO  server.RaftServerConfigKeys (ConfUtils.java:logGet(46)) - raft.server.leaderelection.leader.step-down.wait-time = 10s (default)
2023-02-01 19:04:11,406 [pool-71-thread-1] INFO  server.RaftServerConfigKeys (ConfUtils.java:logGet(46)) - raft.server.sleep.deviation.threshold = 300ms (default)
2023-02-01 19:04:11,406 [pool-71-thread-1] INFO  server.RaftServer$Division (ServerState.java:<init>(118)) - 983f5510-3bfc-4466-a3b1-ba468ed7f96d@group-09AA99DC4D72: ConfigurationManager, init=-1: peers:[24429374-fab9-4c1d-9c36-955fd0efba95|rpc:10.1.0.60:36493|dataStream:10.1.0.60:46515|priority:0|startupRole:FOLLOWER, 983f5510-3bfc-4466-a3b1-ba468ed7f96d|rpc:10.1.0.60:41377|dataStream:10.1.0.60:43549|priority:1|startupRole:FOLLOWER, 0e631a51-c9de-4e15-b89a-5991bd1d32f2|rpc:10.1.0.60:46279|dataStream:10.1.0.60:37373|priority:0|startupRole:FOLLOWER]|listeners:[], old=null, confs=<EMPTY_MAP>
2023-02-01 19:04:11,406 [pool-71-thread-1] INFO  server.RaftServerConfigKeys (ConfUtils.java:logGet(46)) - raft.server.storage.dir = [/home/runner/work/ozone/ozone/hadoop-ozone/integration-test/target/test-dir/MiniOzoneClusterImpl-74e3824a-f6bc-4c6a-9d81-a3a47ccb7612/datanode-0/data/ratis] (custom)
2023-02-01 19:04:11,406 [pool-71-thread-1] INFO  server.RaftServerConfigKeys (ConfUtils.java:logGet(46)) - raft.server.log.corruption.policy = EXCEPTION (default)
2023-02-01 19:04:11,406 [pool-71-thread-1] INFO  server.RaftServerConfigKeys (ConfUtils.java:logGet(46)) - raft.server.storage.free-space.min = 0MB (=0) (default)
2023-02-01 19:04:11,406 [pool-71-thread-1] INFO  server.RaftServerConfigKeys (ConfUtils.java:logGet(46)) - raft.server.notification.no-leader.timeout = 300s (custom)
2023-02-01 19:04:11,406 [pool-71-thread-1] INFO  server.RaftServerConfigKeys (ConfUtils.java:logGet(46)) - raft.server.retrycache.expirytime = 600000ms (custom)
2023-02-01 19:04:11,406 [pool-71-thread-1] INFO  server.RaftServerConfigKeys (ConfUtils.java:logGet(46)) - raft.server.retrycache.statistics.expirytime = 100μs (default)
2023-02-01 19:04:11,407 [pool-71-thread-1] INFO  server.RaftServerConfigKeys (ConfUtils.java:logGet(46)) - raft.server.log.appender.install.snapshot.enabled = false (custom)
2023-02-01 19:04:11,408 [pool-71-thread-1] INFO  server.RaftServerConfigKeys (ConfUtils.java:logGet(46)) - raft.server.threadpool.server.cached = true (default)
2023-02-01 19:04:11,408 [pool-71-thread-1] INFO  server.RaftServerConfigKeys (ConfUtils.java:logGet(46)) - raft.server.threadpool.server.size = 0 (default)
2023-02-01 19:04:11,408 [pool-71-thread-1] INFO  server.RaftServerConfigKeys (ConfUtils.java:logGet(46)) - raft.server.threadpool.client.cached = true (default)
2023-02-01 19:04:11,408 [pool-71-thread-1] INFO  server.RaftServerConfigKeys (ConfUtils.java:logGet(46)) - raft.server.threadpool.client.size = 0 (default)
2023-02-01 19:04:11,408 [pool-71-thread-1] INFO  storage.RaftStorageDirectory (RaftStorageDirectoryImpl.java:analyzeStorage(137)) - The storage directory /home/runner/work/ozone/ozone/hadoop-ozone/integration-test/target/test-dir/MiniOzoneClusterImpl-74e3824a-f6bc-4c6a-9d81-a3a47ccb7612/datanode-0/data/ratis/5f51d2ac-89d4-46bb-a0a3-09aa99dc4d72 does not exist. Creating ...
2023-02-01 19:04:11,409 [pool-71-thread-1] INFO  storage.RaftStorageDirectory (RaftStorageDirectoryImpl.java:tryLock(231)) - Lock on /home/runner/work/ozone/ozone/hadoop-ozone/integration-test/target/test-dir/MiniOzoneClusterImpl-74e3824a-f6bc-4c6a-9d81-a3a47ccb7612/datanode-0/data/ratis/5f51d2ac-89d4-46bb-a0a3-09aa99dc4d72/in_use.lock acquired by nodename 59045@fv-az213-973
2023-02-01 19:04:11,409 [pool-93-thread-1] INFO  storage.RaftStorage (RaftStorageImpl.java:format(96)) - Storage directory /home/runner/work/ozone/ozone/hadoop-ozone/integration-test/target/test-dir/MiniOzoneClusterImpl-74e3824a-f6bc-4c6a-9d81-a3a47ccb7612/datanode-1/data/ratis/5f51d2ac-89d4-46bb-a0a3-09aa99dc4d72 has been successfully formatted.
2023-02-01 19:04:11,413 [pool-93-thread-1] INFO  ratis.ContainerStateMachine (ContainerStateMachine.java:loadSnapshot(240)) - group-09AA99DC4D72: The snapshot info is null. Setting the last applied indexto:(t:0, i:~)
2023-02-01 19:04:11,414 [pool-93-thread-1] INFO  server.RaftServerConfigKeys (ConfUtils.java:logGet(46)) - raft.server.log.use.memory = false (default)
2023-02-01 19:04:11,414 [pool-93-thread-1] INFO  server.RaftServerConfigKeys (ConfUtils.java:logGet(46)) - raft.server.log.purge.gap = 1000000 (custom)
2023-02-01 19:04:11,414 [pool-93-thread-1] INFO  server.RaftServerConfigKeys (ConfUtils.java:logGet(46)) - raft.server.log.appender.buffer.byte-limit = 33554432 (custom)
2023-02-01 19:04:11,414 [pool-93-thread-1] INFO  server.RaftServerConfigKeys (ConfUtils.java:logGet(46)) - raft.server.log.statemachine.data.read.timeout = 1000ms (default)
2023-02-01 19:04:11,414 [pool-93-thread-1] INFO  server.RaftServerConfigKeys (ConfUtils.java:logGet(46)) - raft.server.log.purge.preservation.log.num = 0 (default)
2023-02-01 19:04:11,414 [pool-93-thread-1] INFO  server.RaftServerConfigKeys (ConfUtils.java:logGet(46)) - raft.server.log.segment.size.max = 1048576 (custom)
2023-02-01 19:04:11,414 [pool-93-thread-1] INFO  server.RaftServerConfigKeys (ConfUtils.java:logGet(46)) - raft.server.log.segment.cache.num.max = 2 (custom)
2023-02-01 19:04:11,414 [pool-93-thread-1] INFO  server.RaftServerConfigKeys (ConfUtils.java:logGet(46)) - raft.server.log.segment.cache.size.max = 200MB (=209715200) (default)
2023-02-01 19:04:11,414 [pool-93-thread-1] INFO  segmented.SegmentedRaftLogWorker (SegmentedRaftLogWorker.java:<init>(189)) - new 0e631a51-c9de-4e15-b89a-5991bd1d32f2@group-09AA99DC4D72-SegmentedRaftLogWorker for RaftStorageImpl:Storage Directory /home/runner/work/ozone/ozone/hadoop-ozone/integration-test/target/test-dir/MiniOzoneClusterImpl-74e3824a-f6bc-4c6a-9d81-a3a47ccb7612/datanode-1/data/ratis/5f51d2ac-89d4-46bb-a0a3-09aa99dc4d72
2023-02-01 19:04:11,415 [pool-93-thread-1] INFO  server.RaftServerConfigKeys (ConfUtils.java:logGet(46)) - raft.server.log.queue.byte-limit = 4294967296 (custom)
2023-02-01 19:04:11,415 [pool-93-thread-1] INFO  server.RaftServerConfigKeys (ConfUtils.java:logGet(46)) - raft.server.log.queue.element-limit = 1024 (custom)
2023-02-01 19:04:11,415 [pool-93-thread-1] INFO  server.RaftServerConfigKeys (ConfUtils.java:logGet(46)) - raft.server.log.segment.size.max = 1048576 (custom)
2023-02-01 19:04:11,415 [pool-93-thread-1] INFO  server.RaftServerConfigKeys (ConfUtils.java:logGet(46)) - raft.server.log.preallocated.size = 16384 (custom)
2023-02-01 19:04:11,415 [pool-93-thread-1] INFO  server.RaftServerConfigKeys (ConfUtils.java:logGet(46)) - raft.server.log.force.sync.num = 128 (default)
2023-02-01 19:04:11,415 [pool-93-thread-1] INFO  server.RaftServerConfigKeys (ConfUtils.java:logGet(46)) - raft.server.log.statemachine.data.sync = true (default)
2023-02-01 19:04:11,415 [pool-93-thread-1] INFO  server.RaftServerConfigKeys (ConfUtils.java:logGet(46)) - raft.server.log.statemachine.data.sync.timeout = 10s (default)
2023-02-01 19:04:11,415 [pool-93-thread-1] INFO  server.RaftServerConfigKeys (ConfUtils.java:logGet(46)) - raft.server.log.statemachine.data.sync.timeout.retry = -1 (default)
2023-02-01 19:04:11,416 [pool-93-thread-1] INFO  server.RaftServerConfigKeys (ConfUtils.java:logGet(46)) - raft.server.log.write.buffer.size = 1048576 (custom)
2023-02-01 19:04:11,416 [pool-93-thread-1] INFO  server.RaftServerConfigKeys (ConfUtils.java:logGet(46)) - raft.server.log.appender.buffer.byte-limit = 33554432 (custom)
2023-02-01 19:04:11,417 [pool-71-thread-1] INFO  storage.RaftStorage (RaftStorageImpl.java:format(96)) - Storage directory /home/runner/work/ozone/ozone/hadoop-ozone/integration-test/target/test-dir/MiniOzoneClusterImpl-74e3824a-f6bc-4c6a-9d81-a3a47ccb7612/datanode-0/data/ratis/5f51d2ac-89d4-46bb-a0a3-09aa99dc4d72 has been successfully formatted.
2023-02-01 19:04:11,420 [pool-71-thread-1] INFO  ratis.ContainerStateMachine (ContainerStateMachine.java:loadSnapshot(240)) - group-09AA99DC4D72: The snapshot info is null. Setting the last applied indexto:(t:0, i:~)
2023-02-01 19:04:11,420 [pool-71-thread-1] INFO  server.RaftServerConfigKeys (ConfUtils.java:logGet(46)) - raft.server.log.use.memory = false (default)
2023-02-01 19:04:11,420 [pool-71-thread-1] INFO  server.RaftServerConfigKeys (ConfUtils.java:logGet(46)) - raft.server.log.purge.gap = 1000000 (custom)
2023-02-01 19:04:11,420 [pool-71-thread-1] INFO  server.RaftServerConfigKeys (ConfUtils.java:logGet(46)) - raft.server.log.appender.buffer.byte-limit = 33554432 (custom)
2023-02-01 19:04:11,420 [pool-71-thread-1] INFO  server.RaftServerConfigKeys (ConfUtils.java:logGet(46)) - raft.server.log.statemachine.data.read.timeout = 1000ms (default)
2023-02-01 19:04:11,420 [pool-71-thread-1] INFO  server.RaftServerConfigKeys (ConfUtils.java:logGet(46)) - raft.server.log.purge.preservation.log.num = 0 (default)
2023-02-01 19:04:11,420 [pool-71-thread-1] INFO  server.RaftServerConfigKeys (ConfUtils.java:logGet(46)) - raft.server.log.segment.size.max = 1048576 (custom)
2023-02-01 19:04:11,420 [pool-71-thread-1] INFO  server.RaftServerConfigKeys (ConfUtils.java:logGet(46)) - raft.server.log.segment.cache.num.max = 2 (custom)
2023-02-01 19:04:11,421 [pool-71-thread-1] INFO  server.RaftServerConfigKeys (ConfUtils.java:logGet(46)) - raft.server.log.segment.cache.size.max = 200MB (=209715200) (default)
2023-02-01 19:04:11,421 [pool-71-thread-1] INFO  segmented.SegmentedRaftLogWorker (SegmentedRaftLogWorker.java:<init>(189)) - new 983f5510-3bfc-4466-a3b1-ba468ed7f96d@group-09AA99DC4D72-SegmentedRaftLogWorker for RaftStorageImpl:Storage Directory /home/runner/work/ozone/ozone/hadoop-ozone/integration-test/target/test-dir/MiniOzoneClusterImpl-74e3824a-f6bc-4c6a-9d81-a3a47ccb7612/datanode-0/data/ratis/5f51d2ac-89d4-46bb-a0a3-09aa99dc4d72
2023-02-01 19:04:11,421 [pool-71-thread-1] INFO  server.RaftServerConfigKeys (ConfUtils.java:logGet(46)) - raft.server.log.queue.byte-limit = 4294967296 (custom)
2023-02-01 19:04:11,421 [pool-71-thread-1] INFO  server.RaftServerConfigKeys (ConfUtils.java:logGet(46)) - raft.server.log.queue.element-limit = 1024 (custom)
2023-02-01 19:04:11,421 [pool-71-thread-1] INFO  server.RaftServerConfigKeys (ConfUtils.java:logGet(46)) - raft.server.log.segment.size.max = 1048576 (custom)
2023-02-01 19:04:11,421 [pool-71-thread-1] INFO  server.RaftServerConfigKeys (ConfUtils.java:logGet(46)) - raft.server.log.preallocated.size = 16384 (custom)
2023-02-01 19:04:11,421 [pool-71-thread-1] INFO  server.RaftServerConfigKeys (ConfUtils.java:logGet(46)) - raft.server.log.force.sync.num = 128 (default)
2023-02-01 19:04:11,421 [pool-71-thread-1] INFO  server.RaftServerConfigKeys (ConfUtils.java:logGet(46)) - raft.server.log.statemachine.data.sync = true (default)
2023-02-01 19:04:11,421 [pool-71-thread-1] INFO  server.RaftServerConfigKeys (ConfUtils.java:logGet(46)) - raft.server.log.statemachine.data.sync.timeout = 10s (default)
2023-02-01 19:04:11,421 [pool-71-thread-1] INFO  server.RaftServerConfigKeys (ConfUtils.java:logGet(46)) - raft.server.log.statemachine.data.sync.timeout.retry = -1 (default)
2023-02-01 19:04:11,428 [pool-93-thread-1] INFO  server.RaftServerConfigKeys (ConfUtils.java:logGet(46)) - raft.server.log.unsafe-flush.enabled = false (default)
2023-02-01 19:04:11,428 [pool-93-thread-1] INFO  server.RaftServerConfigKeys (ConfUtils.java:logGet(46)) - raft.server.log.async-flush.enabled = false (default)
2023-02-01 19:04:11,428 [pool-93-thread-1] INFO  server.RaftServerConfigKeys (ConfUtils.java:logGet(46)) - raft.server.log.statemachine.data.caching.enabled = true (custom)
2023-02-01 19:04:11,429 [pool-93-thread-1] INFO  segmented.SegmentedRaftLogWorker (SegmentedRaftLogWorker.java:lambda$new$0(135)) - 0e631a51-c9de-4e15-b89a-5991bd1d32f2@group-09AA99DC4D72-SegmentedRaftLogWorker: flushIndex: setUnconditionally 0 -> -1
2023-02-01 19:04:11,429 [pool-93-thread-1] INFO  segmented.SegmentedRaftLogWorker (SegmentedRaftLogWorker.java:lambda$new$0(135)) - 0e631a51-c9de-4e15-b89a-5991bd1d32f2@group-09AA99DC4D72-SegmentedRaftLogWorker: safeCacheEvictIndex: setUnconditionally 0 -> -1
2023-02-01 19:04:11,429 [pool-71-thread-1] INFO  server.RaftServerConfigKeys (ConfUtils.java:logGet(46)) - raft.server.log.write.buffer.size = 1048576 (custom)
2023-02-01 19:04:11,429 [pool-71-thread-1] INFO  server.RaftServerConfigKeys (ConfUtils.java:logGet(46)) - raft.server.log.appender.buffer.byte-limit = 33554432 (custom)
2023-02-01 19:04:11,438 [pool-93-thread-1] INFO  server.RaftServer$Division (RaftServerImpl.java:start(334)) - 0e631a51-c9de-4e15-b89a-5991bd1d32f2@group-09AA99DC4D72: start as a follower, conf=-1: peers:[24429374-fab9-4c1d-9c36-955fd0efba95|rpc:10.1.0.60:36493|dataStream:10.1.0.60:46515|priority:0|startupRole:FOLLOWER, 983f5510-3bfc-4466-a3b1-ba468ed7f96d|rpc:10.1.0.60:41377|dataStream:10.1.0.60:43549|priority:1|startupRole:FOLLOWER, 0e631a51-c9de-4e15-b89a-5991bd1d32f2|rpc:10.1.0.60:46279|dataStream:10.1.0.60:37373|priority:0|startupRole:FOLLOWER]|listeners:[], old=null
2023-02-01 19:04:11,438 [pool-93-thread-1] INFO  server.RaftServer$Division (RaftServerImpl.java:setRole(321)) - 0e631a51-c9de-4e15-b89a-5991bd1d32f2@group-09AA99DC4D72: changes role from      null to FOLLOWER at term 0 for startAsFollower
2023-02-01 19:04:11,438 [pool-93-thread-1] INFO  impl.RoleInfo (RoleInfo.java:updateAndGet(139)) - 0e631a51-c9de-4e15-b89a-5991bd1d32f2: start 0e631a51-c9de-4e15-b89a-5991bd1d32f2@group-09AA99DC4D72-FollowerState
2023-02-01 19:04:11,442 [pool-93-thread-1] INFO  util.JmxRegister (JmxRegister.java:tryRegister(44)) - Successfully registered JMX Bean with object name Ratis:service=RaftServer,group=group-09AA99DC4D72,id=0e631a51-c9de-4e15-b89a-5991bd1d32f2
2023-02-01 19:04:11,442 [pool-93-thread-1] INFO  server.RaftServerConfigKeys (ConfUtils.java:logGet(46)) - raft.server.snapshot.auto.trigger.enabled = true (custom)
2023-02-01 19:04:11,442 [pool-93-thread-1] INFO  server.RaftServerConfigKeys (ConfUtils.java:logGet(46)) - raft.server.snapshot.auto.trigger.threshold = 10000 (custom)
2023-02-01 19:04:11,442 [pool-93-thread-1] INFO  server.RaftServerConfigKeys (ConfUtils.java:logGet(46)) - raft.server.snapshot.retention.file.num = 5 (custom)
2023-02-01 19:04:11,442 [pool-93-thread-1] INFO  server.RaftServerConfigKeys (ConfUtils.java:logGet(46)) - raft.server.log.purge.upto.snapshot.index = false (default)
2023-02-01 19:04:11,443 [pool-71-thread-1] INFO  server.RaftServerConfigKeys (ConfUtils.java:logGet(46)) - raft.server.log.unsafe-flush.enabled = false (default)
2023-02-01 19:04:11,446 [Command processor thread] INFO  ratis.XceiverServerRatis (XceiverServerRatis.java:addGroup(806)) - Created group PipelineID=5f51d2ac-89d4-46bb-a0a3-09aa99dc4d72
2023-02-01 19:04:11,447 [EventQueue-OpenPipelineForHealthyPipelineSafeModeRule] INFO  safemode.SCMSafeModeManager (HealthyPipelineSafeModeRule.java:process(137)) - SCM in safe mode. Healthy pipelines reported count is 0, required healthy pipeline reported count is 1
2023-02-01 19:04:11,448 [EventQueue-OpenPipelineForHealthyPipelineSafeModeRule] INFO  safemode.SCMSafeModeManager (HealthyPipelineSafeModeRule.java:process(137)) - SCM in safe mode. Healthy pipelines reported count is 0, required healthy pipeline reported count is 1
2023-02-01 19:04:11,449 [0e631a51-c9de-4e15-b89a-5991bd1d32f2@group-09AA99DC4D72-FollowerState] INFO  server.RaftServerConfigKeys (ConfUtils.java:logFallback(53)) - raft.server.rpc.first-election.timeout.min = 5s (fallback to raft.server.rpc.timeout.min)
2023-02-01 19:04:11,449 [0e631a51-c9de-4e15-b89a-5991bd1d32f2@group-09AA99DC4D72-FollowerState] INFO  server.RaftServerConfigKeys (ConfUtils.java:logFallback(53)) - raft.server.rpc.first-election.timeout.max = 5200ms (fallback to raft.server.rpc.timeout.max)
2023-02-01 19:04:11,454 [pool-71-thread-1] INFO  server.RaftServerConfigKeys (ConfUtils.java:logGet(46)) - raft.server.log.async-flush.enabled = false (default)
2023-02-01 19:04:11,454 [pool-71-thread-1] INFO  server.RaftServerConfigKeys (ConfUtils.java:logGet(46)) - raft.server.log.statemachine.data.caching.enabled = true (custom)
2023-02-01 19:04:11,454 [pool-71-thread-1] INFO  segmented.SegmentedRaftLogWorker (SegmentedRaftLogWorker.java:lambda$new$0(135)) - 983f5510-3bfc-4466-a3b1-ba468ed7f96d@group-09AA99DC4D72-SegmentedRaftLogWorker: flushIndex: setUnconditionally 0 -> -1
2023-02-01 19:04:11,454 [pool-71-thread-1] INFO  segmented.SegmentedRaftLogWorker (SegmentedRaftLogWorker.java:lambda$new$0(135)) - 983f5510-3bfc-4466-a3b1-ba468ed7f96d@group-09AA99DC4D72-SegmentedRaftLogWorker: safeCacheEvictIndex: setUnconditionally 0 -> -1
2023-02-01 19:04:11,455 [pool-71-thread-1] INFO  server.RaftServer$Division (RaftServerImpl.java:start(334)) - 983f5510-3bfc-4466-a3b1-ba468ed7f96d@group-09AA99DC4D72: start as a follower, conf=-1: peers:[24429374-fab9-4c1d-9c36-955fd0efba95|rpc:10.1.0.60:36493|dataStream:10.1.0.60:46515|priority:0|startupRole:FOLLOWER, 983f5510-3bfc-4466-a3b1-ba468ed7f96d|rpc:10.1.0.60:41377|dataStream:10.1.0.60:43549|priority:1|startupRole:FOLLOWER, 0e631a51-c9de-4e15-b89a-5991bd1d32f2|rpc:10.1.0.60:46279|dataStream:10.1.0.60:37373|priority:0|startupRole:FOLLOWER]|listeners:[], old=null
2023-02-01 19:04:11,455 [pool-71-thread-1] INFO  server.RaftServer$Division (RaftServerImpl.java:setRole(321)) - 983f5510-3bfc-4466-a3b1-ba468ed7f96d@group-09AA99DC4D72: changes role from      null to FOLLOWER at term 0 for startAsFollower
2023-02-01 19:04:11,455 [pool-71-thread-1] INFO  impl.RoleInfo (RoleInfo.java:updateAndGet(139)) - 983f5510-3bfc-4466-a3b1-ba468ed7f96d: start 983f5510-3bfc-4466-a3b1-ba468ed7f96d@group-09AA99DC4D72-FollowerState
2023-02-01 19:04:11,455 [pool-71-thread-1] INFO  util.JmxRegister (JmxRegister.java:tryRegister(44)) - Successfully registered JMX Bean with object name Ratis:service=RaftServer,group=group-09AA99DC4D72,id=983f5510-3bfc-4466-a3b1-ba468ed7f96d
2023-02-01 19:04:11,455 [pool-71-thread-1] INFO  server.RaftServerConfigKeys (ConfUtils.java:logGet(46)) - raft.server.snapshot.auto.trigger.enabled = true (custom)
2023-02-01 19:04:11,456 [pool-71-thread-1] INFO  server.RaftServerConfigKeys (ConfUtils.java:logGet(46)) - raft.server.snapshot.auto.trigger.threshold = 10000 (custom)
2023-02-01 19:04:11,456 [pool-71-thread-1] INFO  server.RaftServerConfigKeys (ConfUtils.java:logGet(46)) - raft.server.snapshot.retention.file.num = 5 (custom)
2023-02-01 19:04:11,456 [pool-71-thread-1] INFO  server.RaftServerConfigKeys (ConfUtils.java:logGet(46)) - raft.server.log.purge.upto.snapshot.index = false (default)
2023-02-01 19:04:11,457 [983f5510-3bfc-4466-a3b1-ba468ed7f96d@group-09AA99DC4D72-FollowerState] INFO  server.RaftServerConfigKeys (ConfUtils.java:logFallback(53)) - raft.server.rpc.first-election.timeout.min = 5s (fallback to raft.server.rpc.timeout.min)
2023-02-01 19:04:11,462 [983f5510-3bfc-4466-a3b1-ba468ed7f96d@group-09AA99DC4D72-FollowerState] INFO  server.RaftServerConfigKeys (ConfUtils.java:logFallback(53)) - raft.server.rpc.first-election.timeout.max = 5200ms (fallback to raft.server.rpc.timeout.max)
2023-02-01 19:04:11,460 [Command processor thread] INFO  ratis.XceiverServerRatis (XceiverServerRatis.java:addGroup(806)) - Created group PipelineID=5f51d2ac-89d4-46bb-a0a3-09aa99dc4d72
2023-02-01 19:04:11,486 [grpc-default-executor-0] INFO  server.RaftServer (RaftServerProxy.java:addNew(96)) - 24429374-fab9-4c1d-9c36-955fd0efba95: addNew group-09AA99DC4D72:[24429374-fab9-4c1d-9c36-955fd0efba95|rpc:10.1.0.60:36493|dataStream:10.1.0.60:46515|priority:0|startupRole:FOLLOWER, 983f5510-3bfc-4466-a3b1-ba468ed7f96d|rpc:10.1.0.60:41377|dataStream:10.1.0.60:43549|priority:1|startupRole:FOLLOWER, 0e631a51-c9de-4e15-b89a-5991bd1d32f2|rpc:10.1.0.60:46279|dataStream:10.1.0.60:37373|priority:0|startupRole:FOLLOWER] returns group-09AA99DC4D72:java.util.concurrent.CompletableFuture@39061bc9[Not completed]
2023-02-01 19:04:11,487 [pool-115-thread-1] INFO  server.RaftServer$Division (RaftServerImpl.java:<init>(195)) - 24429374-fab9-4c1d-9c36-955fd0efba95: new RaftServerImpl for group-09AA99DC4D72:[24429374-fab9-4c1d-9c36-955fd0efba95|rpc:10.1.0.60:36493|dataStream:10.1.0.60:46515|priority:0|startupRole:FOLLOWER, 983f5510-3bfc-4466-a3b1-ba468ed7f96d|rpc:10.1.0.60:41377|dataStream:10.1.0.60:43549|priority:1|startupRole:FOLLOWER, 0e631a51-c9de-4e15-b89a-5991bd1d32f2|rpc:10.1.0.60:46279|dataStream:10.1.0.60:37373|priority:0|startupRole:FOLLOWER] with ContainerStateMachine:uninitialized
2023-02-01 19:04:11,488 [pool-115-thread-1] INFO  server.RaftServerConfigKeys (ConfUtils.java:logGet(46)) - raft.server.rpc.timeout.min = 5s (custom)
2023-02-01 19:04:11,488 [pool-115-thread-1] INFO  server.RaftServerConfigKeys (ConfUtils.java:logGet(46)) - raft.server.rpc.timeout.max = 5200ms (custom)
2023-02-01 19:04:11,488 [pool-115-thread-1] INFO  server.RaftServerConfigKeys (ConfUtils.java:logGet(46)) - raft.server.rpc.sleep.time = 25ms (default)
2023-02-01 19:04:11,488 [pool-115-thread-1] INFO  server.RaftServerConfigKeys (ConfUtils.java:logGet(46)) - raft.server.rpc.slowness.timeout = 300s (custom)
2023-02-01 19:04:11,488 [pool-115-thread-1] INFO  server.RaftServerConfigKeys (ConfUtils.java:logGet(46)) - raft.server.leaderelection.leader.step-down.wait-time = 10s (default)
2023-02-01 19:04:11,488 [pool-115-thread-1] INFO  server.RaftServerConfigKeys (ConfUtils.java:logGet(46)) - raft.server.sleep.deviation.threshold = 300ms (default)
2023-02-01 19:04:11,488 [pool-115-thread-1] INFO  server.RaftServer$Division (ServerState.java:<init>(118)) - 24429374-fab9-4c1d-9c36-955fd0efba95@group-09AA99DC4D72: ConfigurationManager, init=-1: peers:[24429374-fab9-4c1d-9c36-955fd0efba95|rpc:10.1.0.60:36493|dataStream:10.1.0.60:46515|priority:0|startupRole:FOLLOWER, 983f5510-3bfc-4466-a3b1-ba468ed7f96d|rpc:10.1.0.60:41377|dataStream:10.1.0.60:43549|priority:1|startupRole:FOLLOWER, 0e631a51-c9de-4e15-b89a-5991bd1d32f2|rpc:10.1.0.60:46279|dataStream:10.1.0.60:37373|priority:0|startupRole:FOLLOWER]|listeners:[], old=null, confs=<EMPTY_MAP>
2023-02-01 19:04:11,488 [pool-115-thread-1] INFO  server.RaftServerConfigKeys (ConfUtils.java:logGet(46)) - raft.server.storage.dir = [/home/runner/work/ozone/ozone/hadoop-ozone/integration-test/target/test-dir/MiniOzoneClusterImpl-74e3824a-f6bc-4c6a-9d81-a3a47ccb7612/datanode-2/data/ratis] (custom)
2023-02-01 19:04:11,488 [pool-115-thread-1] INFO  server.RaftServerConfigKeys (ConfUtils.java:logGet(46)) - raft.server.log.corruption.policy = EXCEPTION (default)
2023-02-01 19:04:11,488 [pool-115-thread-1] INFO  server.RaftServerConfigKeys (ConfUtils.java:logGet(46)) - raft.server.storage.free-space.min = 0MB (=0) (default)
2023-02-01 19:04:11,488 [pool-115-thread-1] INFO  server.RaftServerConfigKeys (ConfUtils.java:logGet(46)) - raft.server.notification.no-leader.timeout = 300s (custom)
2023-02-01 19:04:11,488 [pool-115-thread-1] INFO  server.RaftServerConfigKeys (ConfUtils.java:logGet(46)) - raft.server.retrycache.expirytime = 600000ms (custom)
2023-02-01 19:04:11,488 [pool-115-thread-1] INFO  server.RaftServerConfigKeys (ConfUtils.java:logGet(46)) - raft.server.retrycache.statistics.expirytime = 100μs (default)
2023-02-01 19:04:11,490 [pool-115-thread-1] INFO  server.RaftServerConfigKeys (ConfUtils.java:logGet(46)) - raft.server.log.appender.install.snapshot.enabled = false (custom)
2023-02-01 19:04:11,491 [pool-115-thread-1] INFO  server.RaftServerConfigKeys (ConfUtils.java:logGet(46)) - raft.server.threadpool.server.cached = true (default)
2023-02-01 19:04:11,491 [pool-115-thread-1] INFO  server.RaftServerConfigKeys (ConfUtils.java:logGet(46)) - raft.server.threadpool.server.size = 0 (default)
2023-02-01 19:04:11,492 [pool-115-thread-1] INFO  server.RaftServerConfigKeys (ConfUtils.java:logGet(46)) - raft.server.threadpool.client.cached = true (default)
2023-02-01 19:04:11,492 [pool-115-thread-1] INFO  server.RaftServerConfigKeys (ConfUtils.java:logGet(46)) - raft.server.threadpool.client.size = 0 (default)
2023-02-01 19:04:11,492 [pool-115-thread-1] INFO  storage.RaftStorageDirectory (RaftStorageDirectoryImpl.java:analyzeStorage(137)) - The storage directory /home/runner/work/ozone/ozone/hadoop-ozone/integration-test/target/test-dir/MiniOzoneClusterImpl-74e3824a-f6bc-4c6a-9d81-a3a47ccb7612/datanode-2/data/ratis/5f51d2ac-89d4-46bb-a0a3-09aa99dc4d72 does not exist. Creating ...
2023-02-01 19:04:11,493 [pool-115-thread-1] INFO  storage.RaftStorageDirectory (RaftStorageDirectoryImpl.java:tryLock(231)) - Lock on /home/runner/work/ozone/ozone/hadoop-ozone/integration-test/target/test-dir/MiniOzoneClusterImpl-74e3824a-f6bc-4c6a-9d81-a3a47ccb7612/datanode-2/data/ratis/5f51d2ac-89d4-46bb-a0a3-09aa99dc4d72/in_use.lock acquired by nodename 59045@fv-az213-973
2023-02-01 19:04:11,495 [pool-115-thread-1] INFO  storage.RaftStorage (RaftStorageImpl.java:format(96)) - Storage directory /home/runner/work/ozone/ozone/hadoop-ozone/integration-test/target/test-dir/MiniOzoneClusterImpl-74e3824a-f6bc-4c6a-9d81-a3a47ccb7612/datanode-2/data/ratis/5f51d2ac-89d4-46bb-a0a3-09aa99dc4d72 has been successfully formatted.
2023-02-01 19:04:11,495 [pool-115-thread-1] INFO  ratis.ContainerStateMachine (ContainerStateMachine.java:loadSnapshot(240)) - group-09AA99DC4D72: The snapshot info is null. Setting the last applied indexto:(t:0, i:~)
2023-02-01 19:04:11,495 [pool-115-thread-1] INFO  server.RaftServerConfigKeys (ConfUtils.java:logGet(46)) - raft.server.log.use.memory = false (default)
2023-02-01 19:04:11,496 [pool-115-thread-1] INFO  server.RaftServerConfigKeys (ConfUtils.java:logGet(46)) - raft.server.log.purge.gap = 1000000 (custom)
2023-02-01 19:04:11,496 [pool-115-thread-1] INFO  server.RaftServerConfigKeys (ConfUtils.java:logGet(46)) - raft.server.log.appender.buffer.byte-limit = 33554432 (custom)
2023-02-01 19:04:11,496 [pool-115-thread-1] INFO  server.RaftServerConfigKeys (ConfUtils.java:logGet(46)) - raft.server.log.statemachine.data.read.timeout = 1000ms (default)
2023-02-01 19:04:11,496 [pool-115-thread-1] INFO  server.RaftServerConfigKeys (ConfUtils.java:logGet(46)) - raft.server.log.purge.preservation.log.num = 0 (default)
2023-02-01 19:04:11,496 [pool-115-thread-1] INFO  server.RaftServerConfigKeys (ConfUtils.java:logGet(46)) - raft.server.log.segment.size.max = 1048576 (custom)
2023-02-01 19:04:11,496 [pool-115-thread-1] INFO  server.RaftServerConfigKeys (ConfUtils.java:logGet(46)) - raft.server.log.segment.cache.num.max = 2 (custom)
2023-02-01 19:04:11,496 [pool-115-thread-1] INFO  server.RaftServerConfigKeys (ConfUtils.java:logGet(46)) - raft.server.log.segment.cache.size.max = 200MB (=209715200) (default)
2023-02-01 19:04:11,496 [pool-115-thread-1] INFO  segmented.SegmentedRaftLogWorker (SegmentedRaftLogWorker.java:<init>(189)) - new 24429374-fab9-4c1d-9c36-955fd0efba95@group-09AA99DC4D72-SegmentedRaftLogWorker for RaftStorageImpl:Storage Directory /home/runner/work/ozone/ozone/hadoop-ozone/integration-test/target/test-dir/MiniOzoneClusterImpl-74e3824a-f6bc-4c6a-9d81-a3a47ccb7612/datanode-2/data/ratis/5f51d2ac-89d4-46bb-a0a3-09aa99dc4d72
2023-02-01 19:04:11,496 [pool-115-thread-1] INFO  server.RaftServerConfigKeys (ConfUtils.java:logGet(46)) - raft.server.log.queue.byte-limit = 4294967296 (custom)
2023-02-01 19:04:11,497 [pool-115-thread-1] INFO  server.RaftServerConfigKeys (ConfUtils.java:logGet(46)) - raft.server.log.queue.element-limit = 1024 (custom)
2023-02-01 19:04:11,497 [pool-115-thread-1] INFO  server.RaftServerConfigKeys (ConfUtils.java:logGet(46)) - raft.server.log.segment.size.max = 1048576 (custom)
2023-02-01 19:04:11,497 [pool-115-thread-1] INFO  server.RaftServerConfigKeys (ConfUtils.java:logGet(46)) - raft.server.log.preallocated.size = 16384 (custom)
2023-02-01 19:04:11,497 [pool-115-thread-1] INFO  server.RaftServerConfigKeys (ConfUtils.java:logGet(46)) - raft.server.log.force.sync.num = 128 (default)
2023-02-01 19:04:11,497 [pool-115-thread-1] INFO  server.RaftServerConfigKeys (ConfUtils.java:logGet(46)) - raft.server.log.statemachine.data.sync = true (default)
2023-02-01 19:04:11,497 [pool-115-thread-1] INFO  server.RaftServerConfigKeys (ConfUtils.java:logGet(46)) - raft.server.log.statemachine.data.sync.timeout = 10s (default)
2023-02-01 19:04:11,497 [pool-115-thread-1] INFO  server.RaftServerConfigKeys (ConfUtils.java:logGet(46)) - raft.server.log.statemachine.data.sync.timeout.retry = -1 (default)
2023-02-01 19:04:11,498 [pool-115-thread-1] INFO  server.RaftServerConfigKeys (ConfUtils.java:logGet(46)) - raft.server.log.write.buffer.size = 1048576 (custom)
2023-02-01 19:04:11,499 [pool-115-thread-1] INFO  server.RaftServerConfigKeys (ConfUtils.java:logGet(46)) - raft.server.log.appender.buffer.byte-limit = 33554432 (custom)
2023-02-01 19:04:11,754 [JvmPauseMonitor4] WARN  util.JvmPauseMonitor (JvmPauseMonitor.java:detectPause(126)) - JvmPauseMonitor-6cd874f3-a134-47b5-8d3d-29dcf92148ed: Detected pause in JVM or host machine (eg GC): pause of approximately 161815232ns.
GC pool 'PS MarkSweep' had collection(s): count=1 time=173ms
GC pool 'PS Scavenge' had collection(s): count=1 time=76ms
2023-02-01 19:04:11,767 [pool-115-thread-1] INFO  server.RaftServerConfigKeys (ConfUtils.java:logGet(46)) - raft.server.log.unsafe-flush.enabled = false (default)
2023-02-01 19:04:11,754 [Command processor thread] INFO  server.RaftServer (RaftServerProxy.java:addNew(96)) - 24429374-fab9-4c1d-9c36-955fd0efba95: addNew group-209790C09724:[24429374-fab9-4c1d-9c36-955fd0efba95|rpc:10.1.0.60:36493|dataStream:10.1.0.60:46515|priority:1|startupRole:FOLLOWER] returns group-209790C09724:java.util.concurrent.CompletableFuture@229f0e24[Not completed]
2023-02-01 19:04:11,772 [pool-115-thread-1] INFO  server.RaftServerConfigKeys (ConfUtils.java:logGet(46)) - raft.server.log.async-flush.enabled = false (default)
2023-02-01 19:04:11,773 [pool-115-thread-1] INFO  server.RaftServerConfigKeys (ConfUtils.java:logGet(46)) - raft.server.log.statemachine.data.caching.enabled = true (custom)
2023-02-01 19:04:11,773 [pool-115-thread-1] INFO  segmented.SegmentedRaftLogWorker (SegmentedRaftLogWorker.java:lambda$new$0(135)) - 24429374-fab9-4c1d-9c36-955fd0efba95@group-09AA99DC4D72-SegmentedRaftLogWorker: flushIndex: setUnconditionally 0 -> -1
2023-02-01 19:04:11,773 [pool-115-thread-1] INFO  segmented.SegmentedRaftLogWorker (SegmentedRaftLogWorker.java:lambda$new$0(135)) - 24429374-fab9-4c1d-9c36-955fd0efba95@group-09AA99DC4D72-SegmentedRaftLogWorker: safeCacheEvictIndex: setUnconditionally 0 -> -1
2023-02-01 19:04:11,785 [pool-115-thread-1] INFO  server.RaftServer$Division (RaftServerImpl.java:start(334)) - 24429374-fab9-4c1d-9c36-955fd0efba95@group-09AA99DC4D72: start as a follower, conf=-1: peers:[24429374-fab9-4c1d-9c36-955fd0efba95|rpc:10.1.0.60:36493|dataStream:10.1.0.60:46515|priority:0|startupRole:FOLLOWER, 983f5510-3bfc-4466-a3b1-ba468ed7f96d|rpc:10.1.0.60:41377|dataStream:10.1.0.60:43549|priority:1|startupRole:FOLLOWER, 0e631a51-c9de-4e15-b89a-5991bd1d32f2|rpc:10.1.0.60:46279|dataStream:10.1.0.60:37373|priority:0|startupRole:FOLLOWER]|listeners:[], old=null
2023-02-01 19:04:11,785 [pool-115-thread-1] INFO  server.RaftServer$Division (RaftServerImpl.java:setRole(321)) - 24429374-fab9-4c1d-9c36-955fd0efba95@group-09AA99DC4D72: changes role from      null to FOLLOWER at term 0 for startAsFollower
2023-02-01 19:04:11,785 [pool-115-thread-1] INFO  impl.RoleInfo (RoleInfo.java:updateAndGet(139)) - 24429374-fab9-4c1d-9c36-955fd0efba95: start 24429374-fab9-4c1d-9c36-955fd0efba95@group-09AA99DC4D72-FollowerState
2023-02-01 19:04:11,796 [pool-115-thread-1] INFO  util.JmxRegister (JmxRegister.java:tryRegister(44)) - Successfully registered JMX Bean with object name Ratis:service=RaftServer,group=group-09AA99DC4D72,id=24429374-fab9-4c1d-9c36-955fd0efba95
2023-02-01 19:04:11,796 [pool-115-thread-1] INFO  server.RaftServerConfigKeys (ConfUtils.java:logGet(46)) - raft.server.snapshot.auto.trigger.enabled = true (custom)
2023-02-01 19:04:11,796 [pool-115-thread-1] INFO  server.RaftServerConfigKeys (ConfUtils.java:logGet(46)) - raft.server.snapshot.auto.trigger.threshold = 10000 (custom)
2023-02-01 19:04:11,796 [pool-115-thread-1] INFO  server.RaftServerConfigKeys (ConfUtils.java:logGet(46)) - raft.server.snapshot.retention.file.num = 5 (custom)
2023-02-01 19:04:11,796 [pool-115-thread-1] INFO  server.RaftServerConfigKeys (ConfUtils.java:logGet(46)) - raft.server.log.purge.upto.snapshot.index = false (default)
2023-02-01 19:04:11,797 [24429374-fab9-4c1d-9c36-955fd0efba95@group-09AA99DC4D72-FollowerState] INFO  server.RaftServerConfigKeys (ConfUtils.java:logFallback(53)) - raft.server.rpc.first-election.timeout.min = 5s (fallback to raft.server.rpc.timeout.min)
2023-02-01 19:04:11,808 [pool-115-thread-1] INFO  server.RaftServer$Division (RaftServerImpl.java:<init>(195)) - 24429374-fab9-4c1d-9c36-955fd0efba95: new RaftServerImpl for group-209790C09724:[24429374-fab9-4c1d-9c36-955fd0efba95|rpc:10.1.0.60:36493|dataStream:10.1.0.60:46515|priority:1|startupRole:FOLLOWER] with ContainerStateMachine:uninitialized
2023-02-01 19:04:11,809 [pool-115-thread-1] INFO  server.RaftServerConfigKeys (ConfUtils.java:logGet(46)) - raft.server.rpc.timeout.min = 5s (custom)
2023-02-01 19:04:11,809 [pool-115-thread-1] INFO  server.RaftServerConfigKeys (ConfUtils.java:logGet(46)) - raft.server.rpc.timeout.max = 5200ms (custom)
2023-02-01 19:04:11,809 [pool-115-thread-1] INFO  server.RaftServerConfigKeys (ConfUtils.java:logGet(46)) - raft.server.rpc.sleep.time = 25ms (default)
2023-02-01 19:04:11,809 [pool-115-thread-1] INFO  server.RaftServerConfigKeys (ConfUtils.java:logGet(46)) - raft.server.rpc.slowness.timeout = 300s (custom)
2023-02-01 19:04:11,810 [pool-115-thread-1] INFO  server.RaftServerConfigKeys (ConfUtils.java:logGet(46)) - raft.server.leaderelection.leader.step-down.wait-time = 10s (default)
2023-02-01 19:04:11,810 [pool-115-thread-1] INFO  server.RaftServerConfigKeys (ConfUtils.java:logGet(46)) - raft.server.sleep.deviation.threshold = 300ms (default)
2023-02-01 19:04:11,810 [pool-115-thread-1] INFO  server.RaftServer$Division (ServerState.java:<init>(118)) - 24429374-fab9-4c1d-9c36-955fd0efba95@group-209790C09724: ConfigurationManager, init=-1: peers:[24429374-fab9-4c1d-9c36-955fd0efba95|rpc:10.1.0.60:36493|dataStream:10.1.0.60:46515|priority:1|startupRole:FOLLOWER]|listeners:[], old=null, confs=<EMPTY_MAP>
2023-02-01 19:04:11,810 [pool-115-thread-1] INFO  server.RaftServerConfigKeys (ConfUtils.java:logGet(46)) - raft.server.storage.dir = [/home/runner/work/ozone/ozone/hadoop-ozone/integration-test/target/test-dir/MiniOzoneClusterImpl-74e3824a-f6bc-4c6a-9d81-a3a47ccb7612/datanode-2/data/ratis] (custom)
2023-02-01 19:04:11,810 [pool-115-thread-1] INFO  server.RaftServerConfigKeys (ConfUtils.java:logGet(46)) - raft.server.log.corruption.policy = EXCEPTION (default)
2023-02-01 19:04:11,810 [pool-115-thread-1] INFO  server.RaftServerConfigKeys (ConfUtils.java:logGet(46)) - raft.server.storage.free-space.min = 0MB (=0) (default)
2023-02-01 19:04:11,810 [pool-115-thread-1] INFO  server.RaftServerConfigKeys (ConfUtils.java:logGet(46)) - raft.server.notification.no-leader.timeout = 300s (custom)
2023-02-01 19:04:11,810 [pool-115-thread-1] INFO  server.RaftServerConfigKeys (ConfUtils.java:logGet(46)) - raft.server.retrycache.expirytime = 600000ms (custom)
2023-02-01 19:04:11,810 [pool-115-thread-1] INFO  server.RaftServerConfigKeys (ConfUtils.java:logGet(46)) - raft.server.retrycache.statistics.expirytime = 100μs (default)
2023-02-01 19:04:11,811 [pool-115-thread-1] INFO  server.RaftServerConfigKeys (ConfUtils.java:logGet(46)) - raft.server.log.appender.install.snapshot.enabled = false (custom)
2023-02-01 19:04:11,811 [pool-115-thread-1] INFO  server.RaftServerConfigKeys (ConfUtils.java:logGet(46)) - raft.server.threadpool.server.cached = true (default)
2023-02-01 19:04:11,811 [pool-115-thread-1] INFO  server.RaftServerConfigKeys (ConfUtils.java:logGet(46)) - raft.server.threadpool.server.size = 0 (default)
2023-02-01 19:04:11,812 [pool-115-thread-1] INFO  server.RaftServerConfigKeys (ConfUtils.java:logGet(46)) - raft.server.threadpool.client.cached = true (default)
2023-02-01 19:04:11,812 [24429374-fab9-4c1d-9c36-955fd0efba95@group-09AA99DC4D72-FollowerState] INFO  server.RaftServerConfigKeys (ConfUtils.java:logFallback(53)) - raft.server.rpc.first-election.timeout.max = 5200ms (fallback to raft.server.rpc.timeout.max)
2023-02-01 19:04:11,815 [pool-115-thread-1] INFO  server.RaftServerConfigKeys (ConfUtils.java:logGet(46)) - raft.server.threadpool.client.size = 0 (default)
2023-02-01 19:04:11,824 [pool-115-thread-1] INFO  storage.RaftStorageDirectory (RaftStorageDirectoryImpl.java:analyzeStorage(137)) - The storage directory /home/runner/work/ozone/ozone/hadoop-ozone/integration-test/target/test-dir/MiniOzoneClusterImpl-74e3824a-f6bc-4c6a-9d81-a3a47ccb7612/datanode-2/data/ratis/826344b9-1a8c-4126-ae9a-209790c09724 does not exist. Creating ...
2023-02-01 19:04:11,825 [pool-115-thread-1] INFO  storage.RaftStorageDirectory (RaftStorageDirectoryImpl.java:tryLock(231)) - Lock on /home/runner/work/ozone/ozone/hadoop-ozone/integration-test/target/test-dir/MiniOzoneClusterImpl-74e3824a-f6bc-4c6a-9d81-a3a47ccb7612/datanode-2/data/ratis/826344b9-1a8c-4126-ae9a-209790c09724/in_use.lock acquired by nodename 59045@fv-az213-973
2023-02-01 19:04:11,827 [pool-115-thread-1] INFO  storage.RaftStorage (RaftStorageImpl.java:format(96)) - Storage directory /home/runner/work/ozone/ozone/hadoop-ozone/integration-test/target/test-dir/MiniOzoneClusterImpl-74e3824a-f6bc-4c6a-9d81-a3a47ccb7612/datanode-2/data/ratis/826344b9-1a8c-4126-ae9a-209790c09724 has been successfully formatted.
2023-02-01 19:04:11,828 [pool-115-thread-1] INFO  ratis.ContainerStateMachine (ContainerStateMachine.java:loadSnapshot(240)) - group-209790C09724: The snapshot info is null. Setting the last applied indexto:(t:0, i:~)
2023-02-01 19:04:11,829 [pool-115-thread-1] INFO  server.RaftServerConfigKeys (ConfUtils.java:logGet(46)) - raft.server.log.use.memory = false (default)
2023-02-01 19:04:11,829 [pool-115-thread-1] INFO  server.RaftServerConfigKeys (ConfUtils.java:logGet(46)) - raft.server.log.purge.gap = 1000000 (custom)
2023-02-01 19:04:11,829 [pool-115-thread-1] INFO  server.RaftServerConfigKeys (ConfUtils.java:logGet(46)) - raft.server.log.appender.buffer.byte-limit = 33554432 (custom)
2023-02-01 19:04:11,829 [pool-115-thread-1] INFO  server.RaftServerConfigKeys (ConfUtils.java:logGet(46)) - raft.server.log.statemachine.data.read.timeout = 1000ms (default)
2023-02-01 19:04:11,829 [pool-115-thread-1] INFO  server.RaftServerConfigKeys (ConfUtils.java:logGet(46)) - raft.server.log.purge.preservation.log.num = 0 (default)
2023-02-01 19:04:11,829 [pool-115-thread-1] INFO  server.RaftServerConfigKeys (ConfUtils.java:logGet(46)) - raft.server.log.segment.size.max = 1048576 (custom)
2023-02-01 19:04:11,834 [pool-115-thread-1] INFO  server.RaftServerConfigKeys (ConfUtils.java:logGet(46)) - raft.server.log.segment.cache.num.max = 2 (custom)
2023-02-01 19:04:11,834 [pool-115-thread-1] INFO  server.RaftServerConfigKeys (ConfUtils.java:logGet(46)) - raft.server.log.segment.cache.size.max = 200MB (=209715200) (default)
2023-02-01 19:04:11,836 [pool-115-thread-1] INFO  segmented.SegmentedRaftLogWorker (SegmentedRaftLogWorker.java:<init>(189)) - new 24429374-fab9-4c1d-9c36-955fd0efba95@group-209790C09724-SegmentedRaftLogWorker for RaftStorageImpl:Storage Directory /home/runner/work/ozone/ozone/hadoop-ozone/integration-test/target/test-dir/MiniOzoneClusterImpl-74e3824a-f6bc-4c6a-9d81-a3a47ccb7612/datanode-2/data/ratis/826344b9-1a8c-4126-ae9a-209790c09724
2023-02-01 19:04:11,837 [pool-115-thread-1] INFO  server.RaftServerConfigKeys (ConfUtils.java:logGet(46)) - raft.server.log.queue.byte-limit = 4294967296 (custom)
2023-02-01 19:04:11,837 [pool-115-thread-1] INFO  server.RaftServerConfigKeys (ConfUtils.java:logGet(46)) - raft.server.log.queue.element-limit = 1024 (custom)
2023-02-01 19:04:11,837 [pool-115-thread-1] INFO  server.RaftServerConfigKeys (ConfUtils.java:logGet(46)) - raft.server.log.segment.size.max = 1048576 (custom)
2023-02-01 19:04:11,837 [pool-115-thread-1] INFO  server.RaftServerConfigKeys (ConfUtils.java:logGet(46)) - raft.server.log.preallocated.size = 16384 (custom)
2023-02-01 19:04:11,837 [pool-115-thread-1] INFO  server.RaftServerConfigKeys (ConfUtils.java:logGet(46)) - raft.server.log.force.sync.num = 128 (default)
2023-02-01 19:04:11,837 [pool-115-thread-1] INFO  server.RaftServerConfigKeys (ConfUtils.java:logGet(46)) - raft.server.log.statemachine.data.sync = true (default)
2023-02-01 19:04:11,837 [pool-115-thread-1] INFO  server.RaftServerConfigKeys (ConfUtils.java:logGet(46)) - raft.server.log.statemachine.data.sync.timeout = 10s (default)
2023-02-01 19:04:11,837 [pool-115-thread-1] INFO  server.RaftServerConfigKeys (ConfUtils.java:logGet(46)) - raft.server.log.statemachine.data.sync.timeout.retry = -1 (default)
2023-02-01 19:04:11,840 [EventQueue-PipelineReportForPipelineReportHandler] INFO  pipeline.PipelineManagerImpl (PipelineManagerImpl.java:openPipeline(367)) - Pipeline Pipeline[ Id: 826344b9-1a8c-4126-ae9a-209790c09724, Nodes: 24429374-fab9-4c1d-9c36-955fd0efba95(fv-az213-973.c2vz3wqhpjau3hcstnyptvmwla.cx.internal.cloudapp.net/10.1.0.60), ReplicationConfig: RATIS/ONE, State:ALLOCATED, leaderId:24429374-fab9-4c1d-9c36-955fd0efba95, CreationTimestamp2023-02-01T19:04:08.729Z[Etc/UTC]] moved to OPEN state
2023-02-01 19:04:11,841 [EventQueue-OpenPipelineForHealthyPipelineSafeModeRule] INFO  safemode.SCMSafeModeManager (HealthyPipelineSafeModeRule.java:process(137)) - SCM in safe mode. Healthy pipelines reported count is 0, required healthy pipeline reported count is 1
2023-02-01 19:04:11,843 [pool-115-thread-1] INFO  server.RaftServerConfigKeys (ConfUtils.java:logGet(46)) - raft.server.log.write.buffer.size = 1048576 (custom)
2023-02-01 19:04:11,846 [pool-115-thread-1] INFO  server.RaftServerConfigKeys (ConfUtils.java:logGet(46)) - raft.server.log.appender.buffer.byte-limit = 33554432 (custom)
2023-02-01 19:04:11,854 [pool-115-thread-1] INFO  server.RaftServerConfigKeys (ConfUtils.java:logGet(46)) - raft.server.log.unsafe-flush.enabled = false (default)
2023-02-01 19:04:11,854 [pool-115-thread-1] INFO  server.RaftServerConfigKeys (ConfUtils.java:logGet(46)) - raft.server.log.async-flush.enabled = false (default)
2023-02-01 19:04:11,854 [pool-115-thread-1] INFO  server.RaftServerConfigKeys (ConfUtils.java:logGet(46)) - raft.server.log.statemachine.data.caching.enabled = true (custom)
2023-02-01 19:04:11,855 [pool-115-thread-1] INFO  segmented.SegmentedRaftLogWorker (SegmentedRaftLogWorker.java:lambda$new$0(135)) - 24429374-fab9-4c1d-9c36-955fd0efba95@group-209790C09724-SegmentedRaftLogWorker: flushIndex: setUnconditionally 0 -> -1
2023-02-01 19:04:11,855 [pool-115-thread-1] INFO  segmented.SegmentedRaftLogWorker (SegmentedRaftLogWorker.java:lambda$new$0(135)) - 24429374-fab9-4c1d-9c36-955fd0efba95@group-209790C09724-SegmentedRaftLogWorker: safeCacheEvictIndex: setUnconditionally 0 -> -1
2023-02-01 19:04:11,856 [pool-115-thread-1] INFO  server.RaftServer$Division (RaftServerImpl.java:start(334)) - 24429374-fab9-4c1d-9c36-955fd0efba95@group-209790C09724: start as a follower, conf=-1: peers:[24429374-fab9-4c1d-9c36-955fd0efba95|rpc:10.1.0.60:36493|dataStream:10.1.0.60:46515|priority:1|startupRole:FOLLOWER]|listeners:[], old=null
2023-02-01 19:04:11,856 [pool-115-thread-1] INFO  server.RaftServer$Division (RaftServerImpl.java:setRole(321)) - 24429374-fab9-4c1d-9c36-955fd0efba95@group-209790C09724: changes role from      null to FOLLOWER at term 0 for startAsFollower
2023-02-01 19:04:11,856 [pool-115-thread-1] INFO  impl.RoleInfo (RoleInfo.java:updateAndGet(139)) - 24429374-fab9-4c1d-9c36-955fd0efba95: start 24429374-fab9-4c1d-9c36-955fd0efba95@group-209790C09724-FollowerState
2023-02-01 19:04:11,856 [pool-115-thread-1] INFO  util.JmxRegister (JmxRegister.java:tryRegister(44)) - Successfully registered JMX Bean with object name Ratis:service=RaftServer,group=group-209790C09724,id=24429374-fab9-4c1d-9c36-955fd0efba95
2023-02-01 19:04:11,856 [24429374-fab9-4c1d-9c36-955fd0efba95@group-209790C09724-FollowerState] INFO  server.RaftServerConfigKeys (ConfUtils.java:logFallback(53)) - raft.server.rpc.first-election.timeout.min = 5s (fallback to raft.server.rpc.timeout.min)
2023-02-01 19:04:11,856 [pool-115-thread-1] INFO  server.RaftServerConfigKeys (ConfUtils.java:logGet(46)) - raft.server.snapshot.auto.trigger.enabled = true (custom)
2023-02-01 19:04:11,870 [pool-115-thread-1] INFO  server.RaftServerConfigKeys (ConfUtils.java:logGet(46)) - raft.server.snapshot.auto.trigger.threshold = 10000 (custom)
2023-02-01 19:04:11,870 [pool-115-thread-1] INFO  server.RaftServerConfigKeys (ConfUtils.java:logGet(46)) - raft.server.snapshot.retention.file.num = 5 (custom)
2023-02-01 19:04:11,870 [pool-115-thread-1] INFO  server.RaftServerConfigKeys (ConfUtils.java:logGet(46)) - raft.server.log.purge.upto.snapshot.index = false (default)
2023-02-01 19:04:11,870 [24429374-fab9-4c1d-9c36-955fd0efba95@group-209790C09724-FollowerState] INFO  server.RaftServerConfigKeys (ConfUtils.java:logFallback(53)) - raft.server.rpc.first-election.timeout.max = 5200ms (fallback to raft.server.rpc.timeout.max)
2023-02-01 19:04:11,871 [Command processor thread] INFO  ratis.XceiverServerRatis (XceiverServerRatis.java:addGroup(806)) - Created group PipelineID=826344b9-1a8c-4126-ae9a-209790c09724
2023-02-01 19:04:11,871 [Command processor thread] INFO  commandhandler.CreatePipelineCommandHandler (CreatePipelineCommandHandler.java:handle(113)) - Created Pipeline RATIS ONE PipelineID=826344b9-1a8c-4126-ae9a-209790c09724.
2023-02-01 19:04:11,898 [Command processor thread] INFO  commandhandler.CreatePipelineCommandHandler (CreatePipelineCommandHandler.java:handle(113)) - Created Pipeline RATIS THREE PipelineID=5f51d2ac-89d4-46bb-a0a3-09aa99dc4d72.
2023-02-01 19:04:11,902 [Command processor thread] INFO  commandhandler.CreatePipelineCommandHandler (CreatePipelineCommandHandler.java:handle(113)) - Created Pipeline RATIS THREE PipelineID=5f51d2ac-89d4-46bb-a0a3-09aa99dc4d72.
2023-02-01 19:04:12,047 [Command processor thread] INFO  server.RaftServer (RaftServerProxy.java:addNew(96)) - 6cd874f3-a134-47b5-8d3d-29dcf92148ed: addNew group-9A43CC3302F3:[6cd874f3-a134-47b5-8d3d-29dcf92148ed|rpc:10.1.0.60:42333|dataStream:10.1.0.60:45873|priority:1|startupRole:FOLLOWER] returns group-9A43CC3302F3:java.util.concurrent.CompletableFuture@53b8a1c9[Not completed]
2023-02-01 19:04:12,057 [pool-137-thread-1] INFO  server.RaftServer$Division (RaftServerImpl.java:<init>(195)) - 6cd874f3-a134-47b5-8d3d-29dcf92148ed: new RaftServerImpl for group-9A43CC3302F3:[6cd874f3-a134-47b5-8d3d-29dcf92148ed|rpc:10.1.0.60:42333|dataStream:10.1.0.60:45873|priority:1|startupRole:FOLLOWER] with ContainerStateMachine:uninitialized
2023-02-01 19:04:12,057 [pool-137-thread-1] INFO  server.RaftServerConfigKeys (ConfUtils.java:logGet(46)) - raft.server.rpc.timeout.min = 5s (custom)
2023-02-01 19:04:12,057 [pool-137-thread-1] INFO  server.RaftServerConfigKeys (ConfUtils.java:logGet(46)) - raft.server.rpc.timeout.max = 5200ms (custom)
2023-02-01 19:04:12,057 [pool-137-thread-1] INFO  server.RaftServerConfigKeys (ConfUtils.java:logGet(46)) - raft.server.rpc.sleep.time = 25ms (default)
2023-02-01 19:04:12,058 [pool-137-thread-1] INFO  server.RaftServerConfigKeys (ConfUtils.java:logGet(46)) - raft.server.rpc.slowness.timeout = 300s (custom)
2023-02-01 19:04:12,058 [pool-137-thread-1] INFO  server.RaftServerConfigKeys (ConfUtils.java:logGet(46)) - raft.server.leaderelection.leader.step-down.wait-time = 10s (default)
2023-02-01 19:04:12,058 [pool-137-thread-1] INFO  server.RaftServerConfigKeys (ConfUtils.java:logGet(46)) - raft.server.sleep.deviation.threshold = 300ms (default)
2023-02-01 19:04:12,058 [pool-137-thread-1] INFO  server.RaftServer$Division (ServerState.java:<init>(118)) - 6cd874f3-a134-47b5-8d3d-29dcf92148ed@group-9A43CC3302F3: ConfigurationManager, init=-1: peers:[6cd874f3-a134-47b5-8d3d-29dcf92148ed|rpc:10.1.0.60:42333|dataStream:10.1.0.60:45873|priority:1|startupRole:FOLLOWER]|listeners:[], old=null, confs=<EMPTY_MAP>
2023-02-01 19:04:12,058 [pool-137-thread-1] INFO  server.RaftServerConfigKeys (ConfUtils.java:logGet(46)) - raft.server.storage.dir = [/home/runner/work/ozone/ozone/hadoop-ozone/integration-test/target/test-dir/MiniOzoneClusterImpl-74e3824a-f6bc-4c6a-9d81-a3a47ccb7612/datanode-3/data/ratis] (custom)
2023-02-01 19:04:12,059 [pool-137-thread-1] INFO  server.RaftServerConfigKeys (ConfUtils.java:logGet(46)) - raft.server.log.corruption.policy = EXCEPTION (default)
2023-02-01 19:04:12,059 [pool-137-thread-1] INFO  server.RaftServerConfigKeys (ConfUtils.java:logGet(46)) - raft.server.storage.free-space.min = 0MB (=0) (default)
2023-02-01 19:04:12,059 [pool-137-thread-1] INFO  server.RaftServerConfigKeys (ConfUtils.java:logGet(46)) - raft.server.notification.no-leader.timeout = 300s (custom)
2023-02-01 19:04:12,059 [pool-137-thread-1] INFO  server.RaftServerConfigKeys (ConfUtils.java:logGet(46)) - raft.server.retrycache.expirytime = 600000ms (custom)
2023-02-01 19:04:12,059 [pool-137-thread-1] INFO  server.RaftServerConfigKeys (ConfUtils.java:logGet(46)) - raft.server.retrycache.statistics.expirytime = 100μs (default)
2023-02-01 19:04:12,069 [pool-137-thread-1] INFO  server.RaftServerConfigKeys (ConfUtils.java:logGet(46)) - raft.server.log.appender.install.snapshot.enabled = false (custom)
2023-02-01 19:04:12,069 [pool-137-thread-1] INFO  server.RaftServerConfigKeys (ConfUtils.java:logGet(46)) - raft.server.threadpool.server.cached = true (default)
2023-02-01 19:04:12,069 [pool-137-thread-1] INFO  server.RaftServerConfigKeys (ConfUtils.java:logGet(46)) - raft.server.threadpool.server.size = 0 (default)
2023-02-01 19:04:12,069 [pool-137-thread-1] INFO  server.RaftServerConfigKeys (ConfUtils.java:logGet(46)) - raft.server.threadpool.client.cached = true (default)
2023-02-01 19:04:12,069 [pool-137-thread-1] INFO  server.RaftServerConfigKeys (ConfUtils.java:logGet(46)) - raft.server.threadpool.client.size = 0 (default)
2023-02-01 19:04:12,069 [pool-137-thread-1] INFO  storage.RaftStorageDirectory (RaftStorageDirectoryImpl.java:analyzeStorage(137)) - The storage directory /home/runner/work/ozone/ozone/hadoop-ozone/integration-test/target/test-dir/MiniOzoneClusterImpl-74e3824a-f6bc-4c6a-9d81-a3a47ccb7612/datanode-3/data/ratis/52d8ea26-c8e9-4530-959f-9a43cc3302f3 does not exist. Creating ...
2023-02-01 19:04:12,071 [pool-137-thread-1] INFO  storage.RaftStorageDirectory (RaftStorageDirectoryImpl.java:tryLock(231)) - Lock on /home/runner/work/ozone/ozone/hadoop-ozone/integration-test/target/test-dir/MiniOzoneClusterImpl-74e3824a-f6bc-4c6a-9d81-a3a47ccb7612/datanode-3/data/ratis/52d8ea26-c8e9-4530-959f-9a43cc3302f3/in_use.lock acquired by nodename 59045@fv-az213-973
2023-02-01 19:04:12,072 [pool-137-thread-1] INFO  storage.RaftStorage (RaftStorageImpl.java:format(96)) - Storage directory /home/runner/work/ozone/ozone/hadoop-ozone/integration-test/target/test-dir/MiniOzoneClusterImpl-74e3824a-f6bc-4c6a-9d81-a3a47ccb7612/datanode-3/data/ratis/52d8ea26-c8e9-4530-959f-9a43cc3302f3 has been successfully formatted.
2023-02-01 19:04:12,073 [pool-137-thread-1] INFO  ratis.ContainerStateMachine (ContainerStateMachine.java:loadSnapshot(240)) - group-9A43CC3302F3: The snapshot info is null. Setting the last applied indexto:(t:0, i:~)
2023-02-01 19:04:12,073 [pool-137-thread-1] INFO  server.RaftServerConfigKeys (ConfUtils.java:logGet(46)) - raft.server.log.use.memory = false (default)
2023-02-01 19:04:12,073 [pool-137-thread-1] INFO  server.RaftServerConfigKeys (ConfUtils.java:logGet(46)) - raft.server.log.purge.gap = 1000000 (custom)
2023-02-01 19:04:12,073 [pool-137-thread-1] INFO  server.RaftServerConfigKeys (ConfUtils.java:logGet(46)) - raft.server.log.appender.buffer.byte-limit = 33554432 (custom)
2023-02-01 19:04:12,073 [pool-137-thread-1] INFO  server.RaftServerConfigKeys (ConfUtils.java:logGet(46)) - raft.server.log.statemachine.data.read.timeout = 1000ms (default)
2023-02-01 19:04:12,073 [pool-137-thread-1] INFO  server.RaftServerConfigKeys (ConfUtils.java:logGet(46)) - raft.server.log.purge.preservation.log.num = 0 (default)
2023-02-01 19:04:12,075 [pool-137-thread-1] INFO  server.RaftServerConfigKeys (ConfUtils.java:logGet(46)) - raft.server.log.segment.size.max = 1048576 (custom)
2023-02-01 19:04:12,075 [EventQueue-PipelineReportForPipelineReportHandler] INFO  pipeline.PipelineManagerImpl (PipelineManagerImpl.java:openPipeline(367)) - Pipeline Pipeline[ Id: 52d8ea26-c8e9-4530-959f-9a43cc3302f3, Nodes: 6cd874f3-a134-47b5-8d3d-29dcf92148ed(fv-az213-973.c2vz3wqhpjau3hcstnyptvmwla.cx.internal.cloudapp.net/10.1.0.60), ReplicationConfig: RATIS/ONE, State:ALLOCATED, leaderId:6cd874f3-a134-47b5-8d3d-29dcf92148ed, CreationTimestamp2023-02-01T19:04:09.057Z[Etc/UTC]] moved to OPEN state
2023-02-01 19:04:12,075 [pool-137-thread-1] INFO  server.RaftServerConfigKeys (ConfUtils.java:logGet(46)) - raft.server.log.segment.cache.num.max = 2 (custom)
2023-02-01 19:04:12,075 [pool-137-thread-1] INFO  server.RaftServerConfigKeys (ConfUtils.java:logGet(46)) - raft.server.log.segment.cache.size.max = 200MB (=209715200) (default)
2023-02-01 19:04:12,076 [pool-137-thread-1] INFO  segmented.SegmentedRaftLogWorker (SegmentedRaftLogWorker.java:<init>(189)) - new 6cd874f3-a134-47b5-8d3d-29dcf92148ed@group-9A43CC3302F3-SegmentedRaftLogWorker for RaftStorageImpl:Storage Directory /home/runner/work/ozone/ozone/hadoop-ozone/integration-test/target/test-dir/MiniOzoneClusterImpl-74e3824a-f6bc-4c6a-9d81-a3a47ccb7612/datanode-3/data/ratis/52d8ea26-c8e9-4530-959f-9a43cc3302f3
2023-02-01 19:04:12,076 [pool-137-thread-1] INFO  server.RaftServerConfigKeys (ConfUtils.java:logGet(46)) - raft.server.log.queue.byte-limit = 4294967296 (custom)
2023-02-01 19:04:12,076 [EventQueue-OpenPipelineForHealthyPipelineSafeModeRule] INFO  safemode.SCMSafeModeManager (HealthyPipelineSafeModeRule.java:process(137)) - SCM in safe mode. Healthy pipelines reported count is 0, required healthy pipeline reported count is 1
2023-02-01 19:04:12,076 [pool-137-thread-1] INFO  server.RaftServerConfigKeys (ConfUtils.java:logGet(46)) - raft.server.log.queue.element-limit = 1024 (custom)
2023-02-01 19:04:12,078 [pool-137-thread-1] INFO  server.RaftServerConfigKeys (ConfUtils.java:logGet(46)) - raft.server.log.segment.size.max = 1048576 (custom)
2023-02-01 19:04:12,079 [pool-137-thread-1] INFO  server.RaftServerConfigKeys (ConfUtils.java:logGet(46)) - raft.server.log.preallocated.size = 16384 (custom)
2023-02-01 19:04:12,079 [pool-137-thread-1] INFO  server.RaftServerConfigKeys (ConfUtils.java:logGet(46)) - raft.server.log.force.sync.num = 128 (default)
2023-02-01 19:04:12,079 [pool-137-thread-1] INFO  server.RaftServerConfigKeys (ConfUtils.java:logGet(46)) - raft.server.log.statemachine.data.sync = true (default)
2023-02-01 19:04:12,079 [pool-137-thread-1] INFO  server.RaftServerConfigKeys (ConfUtils.java:logGet(46)) - raft.server.log.statemachine.data.sync.timeout = 10s (default)
2023-02-01 19:04:12,079 [pool-137-thread-1] INFO  server.RaftServerConfigKeys (ConfUtils.java:logGet(46)) - raft.server.log.statemachine.data.sync.timeout.retry = -1 (default)
2023-02-01 19:04:12,080 [pool-137-thread-1] INFO  server.RaftServerConfigKeys (ConfUtils.java:logGet(46)) - raft.server.log.write.buffer.size = 1048576 (custom)
2023-02-01 19:04:12,080 [pool-137-thread-1] INFO  server.RaftServerConfigKeys (ConfUtils.java:logGet(46)) - raft.server.log.appender.buffer.byte-limit = 33554432 (custom)
2023-02-01 19:04:12,085 [pool-137-thread-1] INFO  server.RaftServerConfigKeys (ConfUtils.java:logGet(46)) - raft.server.log.unsafe-flush.enabled = false (default)
2023-02-01 19:04:12,085 [pool-137-thread-1] INFO  server.RaftServerConfigKeys (ConfUtils.java:logGet(46)) - raft.server.log.async-flush.enabled = false (default)
2023-02-01 19:04:12,085 [pool-137-thread-1] INFO  server.RaftServerConfigKeys (ConfUtils.java:logGet(46)) - raft.server.log.statemachine.data.caching.enabled = true (custom)
2023-02-01 19:04:12,086 [pool-137-thread-1] INFO  segmented.SegmentedRaftLogWorker (SegmentedRaftLogWorker.java:lambda$new$0(135)) - 6cd874f3-a134-47b5-8d3d-29dcf92148ed@group-9A43CC3302F3-SegmentedRaftLogWorker: flushIndex: setUnconditionally 0 -> -1
2023-02-01 19:04:12,086 [pool-137-thread-1] INFO  segmented.SegmentedRaftLogWorker (SegmentedRaftLogWorker.java:lambda$new$0(135)) - 6cd874f3-a134-47b5-8d3d-29dcf92148ed@group-9A43CC3302F3-SegmentedRaftLogWorker: safeCacheEvictIndex: setUnconditionally 0 -> -1
2023-02-01 19:04:12,086 [pool-137-thread-1] INFO  server.RaftServer$Division (RaftServerImpl.java:start(334)) - 6cd874f3-a134-47b5-8d3d-29dcf92148ed@group-9A43CC3302F3: start as a follower, conf=-1: peers:[6cd874f3-a134-47b5-8d3d-29dcf92148ed|rpc:10.1.0.60:42333|dataStream:10.1.0.60:45873|priority:1|startupRole:FOLLOWER]|listeners:[], old=null
2023-02-01 19:04:12,086 [pool-137-thread-1] INFO  server.RaftServer$Division (RaftServerImpl.java:setRole(321)) - 6cd874f3-a134-47b5-8d3d-29dcf92148ed@group-9A43CC3302F3: changes role from      null to FOLLOWER at term 0 for startAsFollower
2023-02-01 19:04:12,086 [pool-137-thread-1] INFO  impl.RoleInfo (RoleInfo.java:updateAndGet(139)) - 6cd874f3-a134-47b5-8d3d-29dcf92148ed: start 6cd874f3-a134-47b5-8d3d-29dcf92148ed@group-9A43CC3302F3-FollowerState
2023-02-01 19:04:12,086 [pool-137-thread-1] INFO  util.JmxRegister (JmxRegister.java:tryRegister(44)) - Successfully registered JMX Bean with object name Ratis:service=RaftServer,group=group-9A43CC3302F3,id=6cd874f3-a134-47b5-8d3d-29dcf92148ed
2023-02-01 19:04:12,086 [pool-137-thread-1] INFO  server.RaftServerConfigKeys (ConfUtils.java:logGet(46)) - raft.server.snapshot.auto.trigger.enabled = true (custom)
2023-02-01 19:04:12,086 [pool-137-thread-1] INFO  server.RaftServerConfigKeys (ConfUtils.java:logGet(46)) - raft.server.snapshot.auto.trigger.threshold = 10000 (custom)
2023-02-01 19:04:12,087 [pool-137-thread-1] INFO  server.RaftServerConfigKeys (ConfUtils.java:logGet(46)) - raft.server.snapshot.retention.file.num = 5 (custom)
2023-02-01 19:04:12,087 [pool-137-thread-1] INFO  server.RaftServerConfigKeys (ConfUtils.java:logGet(46)) - raft.server.log.purge.upto.snapshot.index = false (default)
2023-02-01 19:04:12,087 [6cd874f3-a134-47b5-8d3d-29dcf92148ed@group-9A43CC3302F3-FollowerState] INFO  server.RaftServerConfigKeys (ConfUtils.java:logFallback(53)) - raft.server.rpc.first-election.timeout.min = 5s (fallback to raft.server.rpc.timeout.min)
2023-02-01 19:04:12,087 [6cd874f3-a134-47b5-8d3d-29dcf92148ed@group-9A43CC3302F3-FollowerState] INFO  server.RaftServerConfigKeys (ConfUtils.java:logFallback(53)) - raft.server.rpc.first-election.timeout.max = 5200ms (fallback to raft.server.rpc.timeout.max)
2023-02-01 19:04:12,088 [Command processor thread] INFO  ratis.XceiverServerRatis (XceiverServerRatis.java:addGroup(806)) - Created group PipelineID=52d8ea26-c8e9-4530-959f-9a43cc3302f3
2023-02-01 19:04:12,088 [Command processor thread] INFO  commandhandler.CreatePipelineCommandHandler (CreatePipelineCommandHandler.java:handle(113)) - Created Pipeline RATIS ONE PipelineID=52d8ea26-c8e9-4530-959f-9a43cc3302f3.
2023-02-01 19:04:12,089 [Command processor thread] INFO  server.RaftServer (RaftServerProxy.java:addNew(96)) - 6cd874f3-a134-47b5-8d3d-29dcf92148ed: addNew group-EC822DA17CD6:[6cd874f3-a134-47b5-8d3d-29dcf92148ed|rpc:10.1.0.60:42333|dataStream:10.1.0.60:45873|priority:0|startupRole:FOLLOWER, c542d8dc-da9e-4bdb-b4f7-db3abed755ad|rpc:10.1.0.60:44361|dataStream:10.1.0.60:34955|priority:0|startupRole:FOLLOWER, c4279a81-19f7-4b96-a700-7284b014edb1|rpc:10.1.0.60:39305|dataStream:10.1.0.60:34479|priority:1|startupRole:FOLLOWER] returns group-EC822DA17CD6:java.util.concurrent.CompletableFuture@57873f66[Not completed]
2023-02-01 19:04:12,090 [pool-137-thread-1] INFO  server.RaftServer$Division (RaftServerImpl.java:<init>(195)) - 6cd874f3-a134-47b5-8d3d-29dcf92148ed: new RaftServerImpl for group-EC822DA17CD6:[6cd874f3-a134-47b5-8d3d-29dcf92148ed|rpc:10.1.0.60:42333|dataStream:10.1.0.60:45873|priority:0|startupRole:FOLLOWER, c542d8dc-da9e-4bdb-b4f7-db3abed755ad|rpc:10.1.0.60:44361|dataStream:10.1.0.60:34955|priority:0|startupRole:FOLLOWER, c4279a81-19f7-4b96-a700-7284b014edb1|rpc:10.1.0.60:39305|dataStream:10.1.0.60:34479|priority:1|startupRole:FOLLOWER] with ContainerStateMachine:uninitialized
2023-02-01 19:04:12,090 [pool-137-thread-1] INFO  server.RaftServerConfigKeys (ConfUtils.java:logGet(46)) - raft.server.rpc.timeout.min = 5s (custom)
2023-02-01 19:04:12,090 [pool-137-thread-1] INFO  server.RaftServerConfigKeys (ConfUtils.java:logGet(46)) - raft.server.rpc.timeout.max = 5200ms (custom)
2023-02-01 19:04:12,090 [pool-137-thread-1] INFO  server.RaftServerConfigKeys (ConfUtils.java:logGet(46)) - raft.server.rpc.sleep.time = 25ms (default)
2023-02-01 19:04:12,090 [pool-137-thread-1] INFO  server.RaftServerConfigKeys (ConfUtils.java:logGet(46)) - raft.server.rpc.slowness.timeout = 300s (custom)
2023-02-01 19:04:12,090 [pool-137-thread-1] INFO  server.RaftServerConfigKeys (ConfUtils.java:logGet(46)) - raft.server.leaderelection.leader.step-down.wait-time = 10s (default)
2023-02-01 19:04:12,090 [pool-137-thread-1] INFO  server.RaftServerConfigKeys (ConfUtils.java:logGet(46)) - raft.server.sleep.deviation.threshold = 300ms (default)
2023-02-01 19:04:12,091 [pool-137-thread-1] INFO  server.RaftServer$Division (ServerState.java:<init>(118)) - 6cd874f3-a134-47b5-8d3d-29dcf92148ed@group-EC822DA17CD6: ConfigurationManager, init=-1: peers:[6cd874f3-a134-47b5-8d3d-29dcf92148ed|rpc:10.1.0.60:42333|dataStream:10.1.0.60:45873|priority:0|startupRole:FOLLOWER, c542d8dc-da9e-4bdb-b4f7-db3abed755ad|rpc:10.1.0.60:44361|dataStream:10.1.0.60:34955|priority:0|startupRole:FOLLOWER, c4279a81-19f7-4b96-a700-7284b014edb1|rpc:10.1.0.60:39305|dataStream:10.1.0.60:34479|priority:1|startupRole:FOLLOWER]|listeners:[], old=null, confs=<EMPTY_MAP>
2023-02-01 19:04:12,091 [pool-137-thread-1] INFO  server.RaftServerConfigKeys (ConfUtils.java:logGet(46)) - raft.server.storage.dir = [/home/runner/work/ozone/ozone/hadoop-ozone/integration-test/target/test-dir/MiniOzoneClusterImpl-74e3824a-f6bc-4c6a-9d81-a3a47ccb7612/datanode-3/data/ratis] (custom)
2023-02-01 19:04:12,091 [pool-137-thread-1] INFO  server.RaftServerConfigKeys (ConfUtils.java:logGet(46)) - raft.server.log.corruption.policy = EXCEPTION (default)
2023-02-01 19:04:12,091 [pool-137-thread-1] INFO  server.RaftServerConfigKeys (ConfUtils.java:logGet(46)) - raft.server.storage.free-space.min = 0MB (=0) (default)
2023-02-01 19:04:12,091 [pool-137-thread-1] INFO  server.RaftServerConfigKeys (ConfUtils.java:logGet(46)) - raft.server.notification.no-leader.timeout = 300s (custom)
2023-02-01 19:04:12,091 [pool-137-thread-1] INFO  server.RaftServerConfigKeys (ConfUtils.java:logGet(46)) - raft.server.retrycache.expirytime = 600000ms (custom)
2023-02-01 19:04:12,091 [pool-137-thread-1] INFO  server.RaftServerConfigKeys (ConfUtils.java:logGet(46)) - raft.server.retrycache.statistics.expirytime = 100μs (default)
2023-02-01 19:04:12,095 [pool-137-thread-1] INFO  server.RaftServerConfigKeys (ConfUtils.java:logGet(46)) - raft.server.log.appender.install.snapshot.enabled = false (custom)
2023-02-01 19:04:12,095 [pool-137-thread-1] INFO  server.RaftServerConfigKeys (ConfUtils.java:logGet(46)) - raft.server.threadpool.server.cached = true (default)
2023-02-01 19:04:12,095 [pool-137-thread-1] INFO  server.RaftServerConfigKeys (ConfUtils.java:logGet(46)) - raft.server.threadpool.server.size = 0 (default)
2023-02-01 19:04:12,095 [pool-137-thread-1] INFO  server.RaftServerConfigKeys (ConfUtils.java:logGet(46)) - raft.server.threadpool.client.cached = true (default)
2023-02-01 19:04:12,096 [pool-137-thread-1] INFO  server.RaftServerConfigKeys (ConfUtils.java:logGet(46)) - raft.server.threadpool.client.size = 0 (default)
2023-02-01 19:04:12,096 [pool-137-thread-1] INFO  storage.RaftStorageDirectory (RaftStorageDirectoryImpl.java:analyzeStorage(137)) - The storage directory /home/runner/work/ozone/ozone/hadoop-ozone/integration-test/target/test-dir/MiniOzoneClusterImpl-74e3824a-f6bc-4c6a-9d81-a3a47ccb7612/datanode-3/data/ratis/bd78d5fe-09de-4851-a873-ec822da17cd6 does not exist. Creating ...
2023-02-01 19:04:12,097 [pool-137-thread-1] INFO  storage.RaftStorageDirectory (RaftStorageDirectoryImpl.java:tryLock(231)) - Lock on /home/runner/work/ozone/ozone/hadoop-ozone/integration-test/target/test-dir/MiniOzoneClusterImpl-74e3824a-f6bc-4c6a-9d81-a3a47ccb7612/datanode-3/data/ratis/bd78d5fe-09de-4851-a873-ec822da17cd6/in_use.lock acquired by nodename 59045@fv-az213-973
2023-02-01 19:04:12,098 [pool-137-thread-1] INFO  storage.RaftStorage (RaftStorageImpl.java:format(96)) - Storage directory /home/runner/work/ozone/ozone/hadoop-ozone/integration-test/target/test-dir/MiniOzoneClusterImpl-74e3824a-f6bc-4c6a-9d81-a3a47ccb7612/datanode-3/data/ratis/bd78d5fe-09de-4851-a873-ec822da17cd6 has been successfully formatted.
2023-02-01 19:04:12,099 [pool-137-thread-1] INFO  ratis.ContainerStateMachine (ContainerStateMachine.java:loadSnapshot(240)) - group-EC822DA17CD6: The snapshot info is null. Setting the last applied indexto:(t:0, i:~)
2023-02-01 19:04:12,099 [pool-137-thread-1] INFO  server.RaftServerConfigKeys (ConfUtils.java:logGet(46)) - raft.server.log.use.memory = false (default)
2023-02-01 19:04:12,099 [pool-137-thread-1] INFO  server.RaftServerConfigKeys (ConfUtils.java:logGet(46)) - raft.server.log.purge.gap = 1000000 (custom)
2023-02-01 19:04:12,099 [pool-137-thread-1] INFO  server.RaftServerConfigKeys (ConfUtils.java:logGet(46)) - raft.server.log.appender.buffer.byte-limit = 33554432 (custom)
2023-02-01 19:04:12,099 [pool-137-thread-1] INFO  server.RaftServerConfigKeys (ConfUtils.java:logGet(46)) - raft.server.log.statemachine.data.read.timeout = 1000ms (default)
2023-02-01 19:04:12,099 [pool-137-thread-1] INFO  server.RaftServerConfigKeys (ConfUtils.java:logGet(46)) - raft.server.log.purge.preservation.log.num = 0 (default)
2023-02-01 19:04:12,102 [pool-137-thread-1] INFO  server.RaftServerConfigKeys (ConfUtils.java:logGet(46)) - raft.server.log.segment.size.max = 1048576 (custom)
2023-02-01 19:04:12,103 [EventQueue-OpenPipelineForHealthyPipelineSafeModeRule] INFO  safemode.SCMSafeModeManager (HealthyPipelineSafeModeRule.java:process(137)) - SCM in safe mode. Healthy pipelines reported count is 0, required healthy pipeline reported count is 1
2023-02-01 19:04:12,113 [pool-137-thread-1] INFO  server.RaftServerConfigKeys (ConfUtils.java:logGet(46)) - raft.server.log.segment.cache.num.max = 2 (custom)
2023-02-01 19:04:12,113 [pool-137-thread-1] INFO  server.RaftServerConfigKeys (ConfUtils.java:logGet(46)) - raft.server.log.segment.cache.size.max = 200MB (=209715200) (default)
2023-02-01 19:04:12,113 [pool-137-thread-1] INFO  segmented.SegmentedRaftLogWorker (SegmentedRaftLogWorker.java:<init>(189)) - new 6cd874f3-a134-47b5-8d3d-29dcf92148ed@group-EC822DA17CD6-SegmentedRaftLogWorker for RaftStorageImpl:Storage Directory /home/runner/work/ozone/ozone/hadoop-ozone/integration-test/target/test-dir/MiniOzoneClusterImpl-74e3824a-f6bc-4c6a-9d81-a3a47ccb7612/datanode-3/data/ratis/bd78d5fe-09de-4851-a873-ec822da17cd6
2023-02-01 19:04:12,113 [pool-137-thread-1] INFO  server.RaftServerConfigKeys (ConfUtils.java:logGet(46)) - raft.server.log.queue.byte-limit = 4294967296 (custom)
2023-02-01 19:04:12,113 [pool-137-thread-1] INFO  server.RaftServerConfigKeys (ConfUtils.java:logGet(46)) - raft.server.log.queue.element-limit = 1024 (custom)
2023-02-01 19:04:12,113 [pool-137-thread-1] INFO  server.RaftServerConfigKeys (ConfUtils.java:logGet(46)) - raft.server.log.segment.size.max = 1048576 (custom)
2023-02-01 19:04:12,113 [pool-137-thread-1] INFO  server.RaftServerConfigKeys (ConfUtils.java:logGet(46)) - raft.server.log.preallocated.size = 16384 (custom)
2023-02-01 19:04:12,113 [pool-137-thread-1] INFO  server.RaftServerConfigKeys (ConfUtils.java:logGet(46)) - raft.server.log.force.sync.num = 128 (default)
2023-02-01 19:04:12,113 [pool-137-thread-1] INFO  server.RaftServerConfigKeys (ConfUtils.java:logGet(46)) - raft.server.log.statemachine.data.sync = true (default)
2023-02-01 19:04:12,113 [pool-137-thread-1] INFO  server.RaftServerConfigKeys (ConfUtils.java:logGet(46)) - raft.server.log.statemachine.data.sync.timeout = 10s (default)
2023-02-01 19:04:12,113 [pool-137-thread-1] INFO  server.RaftServerConfigKeys (ConfUtils.java:logGet(46)) - raft.server.log.statemachine.data.sync.timeout.retry = -1 (default)
2023-02-01 19:04:12,115 [pool-137-thread-1] INFO  server.RaftServerConfigKeys (ConfUtils.java:logGet(46)) - raft.server.log.write.buffer.size = 1048576 (custom)
2023-02-01 19:04:12,116 [pool-137-thread-1] INFO  server.RaftServerConfigKeys (ConfUtils.java:logGet(46)) - raft.server.log.appender.buffer.byte-limit = 33554432 (custom)
2023-02-01 19:04:12,121 [pool-137-thread-1] INFO  server.RaftServerConfigKeys (ConfUtils.java:logGet(46)) - raft.server.log.unsafe-flush.enabled = false (default)
2023-02-01 19:04:12,121 [pool-137-thread-1] INFO  server.RaftServerConfigKeys (ConfUtils.java:logGet(46)) - raft.server.log.async-flush.enabled = false (default)
2023-02-01 19:04:12,121 [pool-137-thread-1] INFO  server.RaftServerConfigKeys (ConfUtils.java:logGet(46)) - raft.server.log.statemachine.data.caching.enabled = true (custom)
2023-02-01 19:04:12,121 [pool-137-thread-1] INFO  segmented.SegmentedRaftLogWorker (SegmentedRaftLogWorker.java:lambda$new$0(135)) - 6cd874f3-a134-47b5-8d3d-29dcf92148ed@group-EC822DA17CD6-SegmentedRaftLogWorker: flushIndex: setUnconditionally 0 -> -1
2023-02-01 19:04:12,121 [pool-137-thread-1] INFO  segmented.SegmentedRaftLogWorker (SegmentedRaftLogWorker.java:lambda$new$0(135)) - 6cd874f3-a134-47b5-8d3d-29dcf92148ed@group-EC822DA17CD6-SegmentedRaftLogWorker: safeCacheEvictIndex: setUnconditionally 0 -> -1
2023-02-01 19:04:12,121 [pool-137-thread-1] INFO  server.RaftServer$Division (RaftServerImpl.java:start(334)) - 6cd874f3-a134-47b5-8d3d-29dcf92148ed@group-EC822DA17CD6: start as a follower, conf=-1: peers:[6cd874f3-a134-47b5-8d3d-29dcf92148ed|rpc:10.1.0.60:42333|dataStream:10.1.0.60:45873|priority:0|startupRole:FOLLOWER, c542d8dc-da9e-4bdb-b4f7-db3abed755ad|rpc:10.1.0.60:44361|dataStream:10.1.0.60:34955|priority:0|startupRole:FOLLOWER, c4279a81-19f7-4b96-a700-7284b014edb1|rpc:10.1.0.60:39305|dataStream:10.1.0.60:34479|priority:1|startupRole:FOLLOWER]|listeners:[], old=null
2023-02-01 19:04:12,122 [pool-137-thread-1] INFO  server.RaftServer$Division (RaftServerImpl.java:setRole(321)) - 6cd874f3-a134-47b5-8d3d-29dcf92148ed@group-EC822DA17CD6: changes role from      null to FOLLOWER at term 0 for startAsFollower
2023-02-01 19:04:12,122 [pool-137-thread-1] INFO  impl.RoleInfo (RoleInfo.java:updateAndGet(139)) - 6cd874f3-a134-47b5-8d3d-29dcf92148ed: start 6cd874f3-a134-47b5-8d3d-29dcf92148ed@group-EC822DA17CD6-FollowerState
2023-02-01 19:04:12,122 [pool-137-thread-1] INFO  util.JmxRegister (JmxRegister.java:tryRegister(44)) - Successfully registered JMX Bean with object name Ratis:service=RaftServer,group=group-EC822DA17CD6,id=6cd874f3-a134-47b5-8d3d-29dcf92148ed
2023-02-01 19:04:12,122 [6cd874f3-a134-47b5-8d3d-29dcf92148ed@group-EC822DA17CD6-FollowerState] INFO  server.RaftServerConfigKeys (ConfUtils.java:logFallback(53)) - raft.server.rpc.first-election.timeout.min = 5s (fallback to raft.server.rpc.timeout.min)
2023-02-01 19:04:12,126 [6cd874f3-a134-47b5-8d3d-29dcf92148ed@group-EC822DA17CD6-FollowerState] INFO  server.RaftServerConfigKeys (ConfUtils.java:logFallback(53)) - raft.server.rpc.first-election.timeout.max = 5200ms (fallback to raft.server.rpc.timeout.max)
2023-02-01 19:04:12,126 [pool-137-thread-1] INFO  server.RaftServerConfigKeys (ConfUtils.java:logGet(46)) - raft.server.snapshot.auto.trigger.enabled = true (custom)
2023-02-01 19:04:12,126 [pool-137-thread-1] INFO  server.RaftServerConfigKeys (ConfUtils.java:logGet(46)) - raft.server.snapshot.auto.trigger.threshold = 10000 (custom)
2023-02-01 19:04:12,127 [pool-137-thread-1] INFO  server.RaftServerConfigKeys (ConfUtils.java:logGet(46)) - raft.server.snapshot.retention.file.num = 5 (custom)
2023-02-01 19:04:12,127 [pool-137-thread-1] INFO  server.RaftServerConfigKeys (ConfUtils.java:logGet(46)) - raft.server.log.purge.upto.snapshot.index = false (default)
2023-02-01 19:04:12,127 [Command processor thread] INFO  ratis.XceiverServerRatis (XceiverServerRatis.java:addGroup(806)) - Created group PipelineID=bd78d5fe-09de-4851-a873-ec822da17cd6
2023-02-01 19:04:12,141 [grpc-default-executor-0] INFO  server.RaftServer (RaftServerProxy.java:addNew(96)) - c542d8dc-da9e-4bdb-b4f7-db3abed755ad: addNew group-EC822DA17CD6:[6cd874f3-a134-47b5-8d3d-29dcf92148ed|rpc:10.1.0.60:42333|dataStream:10.1.0.60:45873|priority:0|startupRole:FOLLOWER, c542d8dc-da9e-4bdb-b4f7-db3abed755ad|rpc:10.1.0.60:44361|dataStream:10.1.0.60:34955|priority:0|startupRole:FOLLOWER, c4279a81-19f7-4b96-a700-7284b014edb1|rpc:10.1.0.60:39305|dataStream:10.1.0.60:34479|priority:1|startupRole:FOLLOWER] returns group-EC822DA17CD6:java.util.concurrent.CompletableFuture@3bce0ff5[Not completed]
2023-02-01 19:04:12,142 [pool-159-thread-1] INFO  server.RaftServer$Division (RaftServerImpl.java:<init>(195)) - c542d8dc-da9e-4bdb-b4f7-db3abed755ad: new RaftServerImpl for group-EC822DA17CD6:[6cd874f3-a134-47b5-8d3d-29dcf92148ed|rpc:10.1.0.60:42333|dataStream:10.1.0.60:45873|priority:0|startupRole:FOLLOWER, c542d8dc-da9e-4bdb-b4f7-db3abed755ad|rpc:10.1.0.60:44361|dataStream:10.1.0.60:34955|priority:0|startupRole:FOLLOWER, c4279a81-19f7-4b96-a700-7284b014edb1|rpc:10.1.0.60:39305|dataStream:10.1.0.60:34479|priority:1|startupRole:FOLLOWER] with ContainerStateMachine:uninitialized
2023-02-01 19:04:12,142 [pool-159-thread-1] INFO  server.RaftServerConfigKeys (ConfUtils.java:logGet(46)) - raft.server.rpc.timeout.min = 5s (custom)
2023-02-01 19:04:12,142 [pool-159-thread-1] INFO  server.RaftServerConfigKeys (ConfUtils.java:logGet(46)) - raft.server.rpc.timeout.max = 5200ms (custom)
2023-02-01 19:04:12,142 [pool-159-thread-1] INFO  server.RaftServerConfigKeys (ConfUtils.java:logGet(46)) - raft.server.rpc.sleep.time = 25ms (default)
2023-02-01 19:04:12,143 [pool-159-thread-1] INFO  server.RaftServerConfigKeys (ConfUtils.java:logGet(46)) - raft.server.rpc.slowness.timeout = 300s (custom)
2023-02-01 19:04:12,143 [pool-159-thread-1] INFO  server.RaftServerConfigKeys (ConfUtils.java:logGet(46)) - raft.server.leaderelection.leader.step-down.wait-time = 10s (default)
2023-02-01 19:04:12,143 [pool-159-thread-1] INFO  server.RaftServerConfigKeys (ConfUtils.java:logGet(46)) - raft.server.sleep.deviation.threshold = 300ms (default)
2023-02-01 19:04:12,143 [pool-159-thread-1] INFO  server.RaftServer$Division (ServerState.java:<init>(118)) - c542d8dc-da9e-4bdb-b4f7-db3abed755ad@group-EC822DA17CD6: ConfigurationManager, init=-1: peers:[6cd874f3-a134-47b5-8d3d-29dcf92148ed|rpc:10.1.0.60:42333|dataStream:10.1.0.60:45873|priority:0|startupRole:FOLLOWER, c542d8dc-da9e-4bdb-b4f7-db3abed755ad|rpc:10.1.0.60:44361|dataStream:10.1.0.60:34955|priority:0|startupRole:FOLLOWER, c4279a81-19f7-4b96-a700-7284b014edb1|rpc:10.1.0.60:39305|dataStream:10.1.0.60:34479|priority:1|startupRole:FOLLOWER]|listeners:[], old=null, confs=<EMPTY_MAP>
2023-02-01 19:04:12,143 [pool-159-thread-1] INFO  server.RaftServerConfigKeys (ConfUtils.java:logGet(46)) - raft.server.storage.dir = [/home/runner/work/ozone/ozone/hadoop-ozone/integration-test/target/test-dir/MiniOzoneClusterImpl-74e3824a-f6bc-4c6a-9d81-a3a47ccb7612/datanode-4/data/ratis] (custom)
2023-02-01 19:04:12,143 [pool-159-thread-1] INFO  server.RaftServerConfigKeys (ConfUtils.java:logGet(46)) - raft.server.log.corruption.policy = EXCEPTION (default)
2023-02-01 19:04:12,143 [pool-159-thread-1] INFO  server.RaftServerConfigKeys (ConfUtils.java:logGet(46)) - raft.server.storage.free-space.min = 0MB (=0) (default)
2023-02-01 19:04:12,143 [pool-159-thread-1] INFO  server.RaftServerConfigKeys (ConfUtils.java:logGet(46)) - raft.server.notification.no-leader.timeout = 300s (custom)
2023-02-01 19:04:12,143 [pool-159-thread-1] INFO  server.RaftServerConfigKeys (ConfUtils.java:logGet(46)) - raft.server.retrycache.expirytime = 600000ms (custom)
2023-02-01 19:04:12,143 [pool-159-thread-1] INFO  server.RaftServerConfigKeys (ConfUtils.java:logGet(46)) - raft.server.retrycache.statistics.expirytime = 100μs (default)
2023-02-01 19:04:12,147 [pool-159-thread-1] INFO  server.RaftServerConfigKeys (ConfUtils.java:logGet(46)) - raft.server.log.appender.install.snapshot.enabled = false (custom)
2023-02-01 19:04:12,147 [pool-159-thread-1] INFO  server.RaftServerConfigKeys (ConfUtils.java:logGet(46)) - raft.server.threadpool.server.cached = true (default)
2023-02-01 19:04:12,147 [pool-159-thread-1] INFO  server.RaftServerConfigKeys (ConfUtils.java:logGet(46)) - raft.server.threadpool.server.size = 0 (default)
2023-02-01 19:04:12,147 [pool-159-thread-1] INFO  server.RaftServerConfigKeys (ConfUtils.java:logGet(46)) - raft.server.threadpool.client.cached = true (default)
2023-02-01 19:04:12,147 [pool-159-thread-1] INFO  server.RaftServerConfigKeys (ConfUtils.java:logGet(46)) - raft.server.threadpool.client.size = 0 (default)
2023-02-01 19:04:12,147 [pool-159-thread-1] INFO  storage.RaftStorageDirectory (RaftStorageDirectoryImpl.java:analyzeStorage(137)) - The storage directory /home/runner/work/ozone/ozone/hadoop-ozone/integration-test/target/test-dir/MiniOzoneClusterImpl-74e3824a-f6bc-4c6a-9d81-a3a47ccb7612/datanode-4/data/ratis/bd78d5fe-09de-4851-a873-ec822da17cd6 does not exist. Creating ...
2023-02-01 19:04:12,148 [pool-159-thread-1] INFO  storage.RaftStorageDirectory (RaftStorageDirectoryImpl.java:tryLock(231)) - Lock on /home/runner/work/ozone/ozone/hadoop-ozone/integration-test/target/test-dir/MiniOzoneClusterImpl-74e3824a-f6bc-4c6a-9d81-a3a47ccb7612/datanode-4/data/ratis/bd78d5fe-09de-4851-a873-ec822da17cd6/in_use.lock acquired by nodename 59045@fv-az213-973
2023-02-01 19:04:12,149 [pool-159-thread-1] INFO  storage.RaftStorage (RaftStorageImpl.java:format(96)) - Storage directory /home/runner/work/ozone/ozone/hadoop-ozone/integration-test/target/test-dir/MiniOzoneClusterImpl-74e3824a-f6bc-4c6a-9d81-a3a47ccb7612/datanode-4/data/ratis/bd78d5fe-09de-4851-a873-ec822da17cd6 has been successfully formatted.
2023-02-01 19:04:12,150 [pool-159-thread-1] INFO  ratis.ContainerStateMachine (ContainerStateMachine.java:loadSnapshot(240)) - group-EC822DA17CD6: The snapshot info is null. Setting the last applied indexto:(t:0, i:~)
2023-02-01 19:04:12,150 [pool-159-thread-1] INFO  server.RaftServerConfigKeys (ConfUtils.java:logGet(46)) - raft.server.log.use.memory = false (default)
2023-02-01 19:04:12,151 [pool-159-thread-1] INFO  server.RaftServerConfigKeys (ConfUtils.java:logGet(46)) - raft.server.log.purge.gap = 1000000 (custom)
2023-02-01 19:04:12,151 [pool-159-thread-1] INFO  server.RaftServerConfigKeys (ConfUtils.java:logGet(46)) - raft.server.log.appender.buffer.byte-limit = 33554432 (custom)
2023-02-01 19:04:12,151 [pool-159-thread-1] INFO  server.RaftServerConfigKeys (ConfUtils.java:logGet(46)) - raft.server.log.statemachine.data.read.timeout = 1000ms (default)
2023-02-01 19:04:12,151 [pool-159-thread-1] INFO  server.RaftServerConfigKeys (ConfUtils.java:logGet(46)) - raft.server.log.purge.preservation.log.num = 0 (default)
2023-02-01 19:04:12,155 [pool-159-thread-1] INFO  server.RaftServerConfigKeys (ConfUtils.java:logGet(46)) - raft.server.log.segment.size.max = 1048576 (custom)
2023-02-01 19:04:12,156 [pool-159-thread-1] INFO  server.RaftServerConfigKeys (ConfUtils.java:logGet(46)) - raft.server.log.segment.cache.num.max = 2 (custom)
2023-02-01 19:04:12,156 [pool-159-thread-1] INFO  server.RaftServerConfigKeys (ConfUtils.java:logGet(46)) - raft.server.log.segment.cache.size.max = 200MB (=209715200) (default)
2023-02-01 19:04:12,156 [pool-159-thread-1] INFO  segmented.SegmentedRaftLogWorker (SegmentedRaftLogWorker.java:<init>(189)) - new c542d8dc-da9e-4bdb-b4f7-db3abed755ad@group-EC822DA17CD6-SegmentedRaftLogWorker for RaftStorageImpl:Storage Directory /home/runner/work/ozone/ozone/hadoop-ozone/integration-test/target/test-dir/MiniOzoneClusterImpl-74e3824a-f6bc-4c6a-9d81-a3a47ccb7612/datanode-4/data/ratis/bd78d5fe-09de-4851-a873-ec822da17cd6
2023-02-01 19:04:12,156 [pool-159-thread-1] INFO  server.RaftServerConfigKeys (ConfUtils.java:logGet(46)) - raft.server.log.queue.byte-limit = 4294967296 (custom)
2023-02-01 19:04:12,156 [pool-159-thread-1] INFO  server.RaftServerConfigKeys (ConfUtils.java:logGet(46)) - raft.server.log.queue.element-limit = 1024 (custom)
2023-02-01 19:04:12,156 [pool-159-thread-1] INFO  server.RaftServerConfigKeys (ConfUtils.java:logGet(46)) - raft.server.log.segment.size.max = 1048576 (custom)
2023-02-01 19:04:12,156 [pool-159-thread-1] INFO  server.RaftServerConfigKeys (ConfUtils.java:logGet(46)) - raft.server.log.preallocated.size = 16384 (custom)
2023-02-01 19:04:12,156 [pool-159-thread-1] INFO  server.RaftServerConfigKeys (ConfUtils.java:logGet(46)) - raft.server.log.force.sync.num = 128 (default)
2023-02-01 19:04:12,156 [pool-159-thread-1] INFO  server.RaftServerConfigKeys (ConfUtils.java:logGet(46)) - raft.server.log.statemachine.data.sync = true (default)
2023-02-01 19:04:12,156 [pool-159-thread-1] INFO  server.RaftServerConfigKeys (ConfUtils.java:logGet(46)) - raft.server.log.statemachine.data.sync.timeout = 10s (default)
2023-02-01 19:04:12,156 [pool-159-thread-1] INFO  server.RaftServerConfigKeys (ConfUtils.java:logGet(46)) - raft.server.log.statemachine.data.sync.timeout.retry = -1 (default)
2023-02-01 19:04:12,157 [pool-159-thread-1] INFO  server.RaftServerConfigKeys (ConfUtils.java:logGet(46)) - raft.server.log.write.buffer.size = 1048576 (custom)
2023-02-01 19:04:12,158 [pool-159-thread-1] INFO  server.RaftServerConfigKeys (ConfUtils.java:logGet(46)) - raft.server.log.appender.buffer.byte-limit = 33554432 (custom)
2023-02-01 19:04:12,163 [pool-159-thread-1] INFO  server.RaftServerConfigKeys (ConfUtils.java:logGet(46)) - raft.server.log.unsafe-flush.enabled = false (default)
2023-02-01 19:04:12,163 [pool-159-thread-1] INFO  server.RaftServerConfigKeys (ConfUtils.java:logGet(46)) - raft.server.log.async-flush.enabled = false (default)
2023-02-01 19:04:12,164 [pool-159-thread-1] INFO  server.RaftServerConfigKeys (ConfUtils.java:logGet(46)) - raft.server.log.statemachine.data.caching.enabled = true (custom)
2023-02-01 19:04:12,164 [pool-159-thread-1] INFO  segmented.SegmentedRaftLogWorker (SegmentedRaftLogWorker.java:lambda$new$0(135)) - c542d8dc-da9e-4bdb-b4f7-db3abed755ad@group-EC822DA17CD6-SegmentedRaftLogWorker: flushIndex: setUnconditionally 0 -> -1
2023-02-01 19:04:12,164 [pool-159-thread-1] INFO  segmented.SegmentedRaftLogWorker (SegmentedRaftLogWorker.java:lambda$new$0(135)) - c542d8dc-da9e-4bdb-b4f7-db3abed755ad@group-EC822DA17CD6-SegmentedRaftLogWorker: safeCacheEvictIndex: setUnconditionally 0 -> -1
2023-02-01 19:04:12,164 [pool-159-thread-1] INFO  server.RaftServer$Division (RaftServerImpl.java:start(334)) - c542d8dc-da9e-4bdb-b4f7-db3abed755ad@group-EC822DA17CD6: start as a follower, conf=-1: peers:[6cd874f3-a134-47b5-8d3d-29dcf92148ed|rpc:10.1.0.60:42333|dataStream:10.1.0.60:45873|priority:0|startupRole:FOLLOWER, c542d8dc-da9e-4bdb-b4f7-db3abed755ad|rpc:10.1.0.60:44361|dataStream:10.1.0.60:34955|priority:0|startupRole:FOLLOWER, c4279a81-19f7-4b96-a700-7284b014edb1|rpc:10.1.0.60:39305|dataStream:10.1.0.60:34479|priority:1|startupRole:FOLLOWER]|listeners:[], old=null
2023-02-01 19:04:12,164 [pool-159-thread-1] INFO  server.RaftServer$Division (RaftServerImpl.java:setRole(321)) - c542d8dc-da9e-4bdb-b4f7-db3abed755ad@group-EC822DA17CD6: changes role from      null to FOLLOWER at term 0 for startAsFollower
2023-02-01 19:04:12,164 [pool-159-thread-1] INFO  impl.RoleInfo (RoleInfo.java:updateAndGet(139)) - c542d8dc-da9e-4bdb-b4f7-db3abed755ad: start c542d8dc-da9e-4bdb-b4f7-db3abed755ad@group-EC822DA17CD6-FollowerState
2023-02-01 19:04:12,164 [pool-159-thread-1] INFO  util.JmxRegister (JmxRegister.java:tryRegister(44)) - Successfully registered JMX Bean with object name Ratis:service=RaftServer,group=group-EC822DA17CD6,id=c542d8dc-da9e-4bdb-b4f7-db3abed755ad
2023-02-01 19:04:12,165 [pool-159-thread-1] INFO  server.RaftServerConfigKeys (ConfUtils.java:logGet(46)) - raft.server.snapshot.auto.trigger.enabled = true (custom)
2023-02-01 19:04:12,165 [pool-159-thread-1] INFO  server.RaftServerConfigKeys (ConfUtils.java:logGet(46)) - raft.server.snapshot.auto.trigger.threshold = 10000 (custom)
2023-02-01 19:04:12,165 [pool-159-thread-1] INFO  server.RaftServerConfigKeys (ConfUtils.java:logGet(46)) - raft.server.snapshot.retention.file.num = 5 (custom)
2023-02-01 19:04:12,165 [pool-159-thread-1] INFO  server.RaftServerConfigKeys (ConfUtils.java:logGet(46)) - raft.server.log.purge.upto.snapshot.index = false (default)
2023-02-01 19:04:12,166 [c542d8dc-da9e-4bdb-b4f7-db3abed755ad@group-EC822DA17CD6-FollowerState] INFO  server.RaftServerConfigKeys (ConfUtils.java:logFallback(53)) - raft.server.rpc.first-election.timeout.min = 5s (fallback to raft.server.rpc.timeout.min)
2023-02-01 19:04:12,174 [c542d8dc-da9e-4bdb-b4f7-db3abed755ad@group-EC822DA17CD6-FollowerState] INFO  server.RaftServerConfigKeys (ConfUtils.java:logFallback(53)) - raft.server.rpc.first-election.timeout.max = 5200ms (fallback to raft.server.rpc.timeout.max)
2023-02-01 19:04:12,176 [Listener at 127.0.0.1/34005] INFO  ozone.MiniOzoneClusterImpl (MiniOzoneClusterImpl.java:lambda$waitForClusterToBeReady$0(218)) - Nodes are ready. Got 7 of 7 DN Heartbeats.
2023-02-01 19:04:12,176 [Listener at 127.0.0.1/34005] INFO  ozone.MiniOzoneClusterImpl (MiniOzoneClusterImpl.java:lambda$waitForClusterToBeReady$0(221)) - Waiting for cluster to exit safe mode
2023-02-01 19:04:12,176 [Listener at 127.0.0.1/34005] INFO  ozone.MiniOzoneClusterImpl (MiniOzoneClusterImpl.java:lambda$waitForClusterToBeReady$0(223)) - SCM became leader
2023-02-01 19:04:12,199 [grpc-default-executor-0] INFO  server.RaftServer (RaftServerProxy.java:addNew(96)) - c4279a81-19f7-4b96-a700-7284b014edb1: addNew group-EC822DA17CD6:[6cd874f3-a134-47b5-8d3d-29dcf92148ed|rpc:10.1.0.60:42333|dataStream:10.1.0.60:45873|priority:0|startupRole:FOLLOWER, c542d8dc-da9e-4bdb-b4f7-db3abed755ad|rpc:10.1.0.60:44361|dataStream:10.1.0.60:34955|priority:0|startupRole:FOLLOWER, c4279a81-19f7-4b96-a700-7284b014edb1|rpc:10.1.0.60:39305|dataStream:10.1.0.60:34479|priority:1|startupRole:FOLLOWER] returns group-EC822DA17CD6:java.util.concurrent.CompletableFuture@50d9fac0[Not completed]
2023-02-01 19:04:12,202 [pool-181-thread-1] INFO  server.RaftServer$Division (RaftServerImpl.java:<init>(195)) - c4279a81-19f7-4b96-a700-7284b014edb1: new RaftServerImpl for group-EC822DA17CD6:[6cd874f3-a134-47b5-8d3d-29dcf92148ed|rpc:10.1.0.60:42333|dataStream:10.1.0.60:45873|priority:0|startupRole:FOLLOWER, c542d8dc-da9e-4bdb-b4f7-db3abed755ad|rpc:10.1.0.60:44361|dataStream:10.1.0.60:34955|priority:0|startupRole:FOLLOWER, c4279a81-19f7-4b96-a700-7284b014edb1|rpc:10.1.0.60:39305|dataStream:10.1.0.60:34479|priority:1|startupRole:FOLLOWER] with ContainerStateMachine:uninitialized
2023-02-01 19:04:12,202 [pool-181-thread-1] INFO  server.RaftServerConfigKeys (ConfUtils.java:logGet(46)) - raft.server.rpc.timeout.min = 5s (custom)
2023-02-01 19:04:12,202 [pool-181-thread-1] INFO  server.RaftServerConfigKeys (ConfUtils.java:logGet(46)) - raft.server.rpc.timeout.max = 5200ms (custom)
2023-02-01 19:04:12,202 [pool-181-thread-1] INFO  server.RaftServerConfigKeys (ConfUtils.java:logGet(46)) - raft.server.rpc.sleep.time = 25ms (default)
2023-02-01 19:04:12,202 [pool-181-thread-1] INFO  server.RaftServerConfigKeys (ConfUtils.java:logGet(46)) - raft.server.rpc.slowness.timeout = 300s (custom)
2023-02-01 19:04:12,202 [pool-181-thread-1] INFO  server.RaftServerConfigKeys (ConfUtils.java:logGet(46)) - raft.server.leaderelection.leader.step-down.wait-time = 10s (default)
2023-02-01 19:04:12,202 [pool-181-thread-1] INFO  server.RaftServerConfigKeys (ConfUtils.java:logGet(46)) - raft.server.sleep.deviation.threshold = 300ms (default)
2023-02-01 19:04:12,202 [pool-181-thread-1] INFO  server.RaftServer$Division (ServerState.java:<init>(118)) - c4279a81-19f7-4b96-a700-7284b014edb1@group-EC822DA17CD6: ConfigurationManager, init=-1: peers:[6cd874f3-a134-47b5-8d3d-29dcf92148ed|rpc:10.1.0.60:42333|dataStream:10.1.0.60:45873|priority:0|startupRole:FOLLOWER, c542d8dc-da9e-4bdb-b4f7-db3abed755ad|rpc:10.1.0.60:44361|dataStream:10.1.0.60:34955|priority:0|startupRole:FOLLOWER, c4279a81-19f7-4b96-a700-7284b014edb1|rpc:10.1.0.60:39305|dataStream:10.1.0.60:34479|priority:1|startupRole:FOLLOWER]|listeners:[], old=null, confs=<EMPTY_MAP>
2023-02-01 19:04:12,203 [pool-181-thread-1] INFO  server.RaftServerConfigKeys (ConfUtils.java:logGet(46)) - raft.server.storage.dir = [/home/runner/work/ozone/ozone/hadoop-ozone/integration-test/target/test-dir/MiniOzoneClusterImpl-74e3824a-f6bc-4c6a-9d81-a3a47ccb7612/datanode-5/data/ratis] (custom)
2023-02-01 19:04:12,203 [pool-181-thread-1] INFO  server.RaftServerConfigKeys (ConfUtils.java:logGet(46)) - raft.server.log.corruption.policy = EXCEPTION (default)
2023-02-01 19:04:12,203 [pool-181-thread-1] INFO  server.RaftServerConfigKeys (ConfUtils.java:logGet(46)) - raft.server.storage.free-space.min = 0MB (=0) (default)
2023-02-01 19:04:12,203 [pool-181-thread-1] INFO  server.RaftServerConfigKeys (ConfUtils.java:logGet(46)) - raft.server.notification.no-leader.timeout = 300s (custom)
2023-02-01 19:04:12,203 [pool-181-thread-1] INFO  server.RaftServerConfigKeys (ConfUtils.java:logGet(46)) - raft.server.retrycache.expirytime = 600000ms (custom)
2023-02-01 19:04:12,203 [pool-181-thread-1] INFO  server.RaftServerConfigKeys (ConfUtils.java:logGet(46)) - raft.server.retrycache.statistics.expirytime = 100μs (default)
2023-02-01 19:04:12,205 [pool-181-thread-1] INFO  server.RaftServerConfigKeys (ConfUtils.java:logGet(46)) - raft.server.log.appender.install.snapshot.enabled = false (custom)
2023-02-01 19:04:12,205 [pool-181-thread-1] INFO  server.RaftServerConfigKeys (ConfUtils.java:logGet(46)) - raft.server.threadpool.server.cached = true (default)
2023-02-01 19:04:12,205 [pool-181-thread-1] INFO  server.RaftServerConfigKeys (ConfUtils.java:logGet(46)) - raft.server.threadpool.server.size = 0 (default)
2023-02-01 19:04:12,205 [pool-181-thread-1] INFO  server.RaftServerConfigKeys (ConfUtils.java:logGet(46)) - raft.server.threadpool.client.cached = true (default)
2023-02-01 19:04:12,205 [pool-181-thread-1] INFO  server.RaftServerConfigKeys (ConfUtils.java:logGet(46)) - raft.server.threadpool.client.size = 0 (default)
2023-02-01 19:04:12,205 [pool-181-thread-1] INFO  storage.RaftStorageDirectory (RaftStorageDirectoryImpl.java:analyzeStorage(137)) - The storage directory /home/runner/work/ozone/ozone/hadoop-ozone/integration-test/target/test-dir/MiniOzoneClusterImpl-74e3824a-f6bc-4c6a-9d81-a3a47ccb7612/datanode-5/data/ratis/bd78d5fe-09de-4851-a873-ec822da17cd6 does not exist. Creating ...
2023-02-01 19:04:12,206 [pool-181-thread-1] INFO  storage.RaftStorageDirectory (RaftStorageDirectoryImpl.java:tryLock(231)) - Lock on /home/runner/work/ozone/ozone/hadoop-ozone/integration-test/target/test-dir/MiniOzoneClusterImpl-74e3824a-f6bc-4c6a-9d81-a3a47ccb7612/datanode-5/data/ratis/bd78d5fe-09de-4851-a873-ec822da17cd6/in_use.lock acquired by nodename 59045@fv-az213-973
2023-02-01 19:04:12,207 [pool-181-thread-1] INFO  storage.RaftStorage (RaftStorageImpl.java:format(96)) - Storage directory /home/runner/work/ozone/ozone/hadoop-ozone/integration-test/target/test-dir/MiniOzoneClusterImpl-74e3824a-f6bc-4c6a-9d81-a3a47ccb7612/datanode-5/data/ratis/bd78d5fe-09de-4851-a873-ec822da17cd6 has been successfully formatted.
2023-02-01 19:04:12,208 [pool-181-thread-1] INFO  ratis.ContainerStateMachine (ContainerStateMachine.java:loadSnapshot(240)) - group-EC822DA17CD6: The snapshot info is null. Setting the last applied indexto:(t:0, i:~)
2023-02-01 19:04:12,208 [pool-181-thread-1] INFO  server.RaftServerConfigKeys (ConfUtils.java:logGet(46)) - raft.server.log.use.memory = false (default)
2023-02-01 19:04:12,208 [pool-181-thread-1] INFO  server.RaftServerConfigKeys (ConfUtils.java:logGet(46)) - raft.server.log.purge.gap = 1000000 (custom)
2023-02-01 19:04:12,208 [pool-181-thread-1] INFO  server.RaftServerConfigKeys (ConfUtils.java:logGet(46)) - raft.server.log.appender.buffer.byte-limit = 33554432 (custom)
2023-02-01 19:04:12,208 [pool-181-thread-1] INFO  server.RaftServerConfigKeys (ConfUtils.java:logGet(46)) - raft.server.log.statemachine.data.read.timeout = 1000ms (default)
2023-02-01 19:04:12,209 [pool-181-thread-1] INFO  server.RaftServerConfigKeys (ConfUtils.java:logGet(46)) - raft.server.log.purge.preservation.log.num = 0 (default)
2023-02-01 19:04:12,209 [pool-181-thread-1] INFO  server.RaftServerConfigKeys (ConfUtils.java:logGet(46)) - raft.server.log.segment.size.max = 1048576 (custom)
2023-02-01 19:04:12,209 [pool-181-thread-1] INFO  server.RaftServerConfigKeys (ConfUtils.java:logGet(46)) - raft.server.log.segment.cache.num.max = 2 (custom)
2023-02-01 19:04:12,209 [pool-181-thread-1] INFO  server.RaftServerConfigKeys (ConfUtils.java:logGet(46)) - raft.server.log.segment.cache.size.max = 200MB (=209715200) (default)
2023-02-01 19:04:12,209 [pool-181-thread-1] INFO  segmented.SegmentedRaftLogWorker (SegmentedRaftLogWorker.java:<init>(189)) - new c4279a81-19f7-4b96-a700-7284b014edb1@group-EC822DA17CD6-SegmentedRaftLogWorker for RaftStorageImpl:Storage Directory /home/runner/work/ozone/ozone/hadoop-ozone/integration-test/target/test-dir/MiniOzoneClusterImpl-74e3824a-f6bc-4c6a-9d81-a3a47ccb7612/datanode-5/data/ratis/bd78d5fe-09de-4851-a873-ec822da17cd6
2023-02-01 19:04:12,209 [pool-181-thread-1] INFO  server.RaftServerConfigKeys (ConfUtils.java:logGet(46)) - raft.server.log.queue.byte-limit = 4294967296 (custom)
2023-02-01 19:04:12,209 [pool-181-thread-1] INFO  server.RaftServerConfigKeys (ConfUtils.java:logGet(46)) - raft.server.log.queue.element-limit = 1024 (custom)
2023-02-01 19:04:12,209 [pool-181-thread-1] INFO  server.RaftServerConfigKeys (ConfUtils.java:logGet(46)) - raft.server.log.segment.size.max = 1048576 (custom)
2023-02-01 19:04:12,209 [pool-181-thread-1] INFO  server.RaftServerConfigKeys (ConfUtils.java:logGet(46)) - raft.server.log.preallocated.size = 16384 (custom)
2023-02-01 19:04:12,210 [pool-181-thread-1] INFO  server.RaftServerConfigKeys (ConfUtils.java:logGet(46)) - raft.server.log.force.sync.num = 128 (default)
2023-02-01 19:04:12,210 [pool-181-thread-1] INFO  server.RaftServerConfigKeys (ConfUtils.java:logGet(46)) - raft.server.log.statemachine.data.sync = true (default)
2023-02-01 19:04:12,210 [pool-181-thread-1] INFO  server.RaftServerConfigKeys (ConfUtils.java:logGet(46)) - raft.server.log.statemachine.data.sync.timeout = 10s (default)
2023-02-01 19:04:12,210 [pool-181-thread-1] INFO  server.RaftServerConfigKeys (ConfUtils.java:logGet(46)) - raft.server.log.statemachine.data.sync.timeout.retry = -1 (default)
2023-02-01 19:04:12,212 [pool-181-thread-1] INFO  server.RaftServerConfigKeys (ConfUtils.java:logGet(46)) - raft.server.log.write.buffer.size = 1048576 (custom)
2023-02-01 19:04:12,214 [pool-181-thread-1] INFO  server.RaftServerConfigKeys (ConfUtils.java:logGet(46)) - raft.server.log.appender.buffer.byte-limit = 33554432 (custom)
2023-02-01 19:04:12,221 [pool-181-thread-1] INFO  server.RaftServerConfigKeys (ConfUtils.java:logGet(46)) - raft.server.log.unsafe-flush.enabled = false (default)
2023-02-01 19:04:12,221 [pool-181-thread-1] INFO  server.RaftServerConfigKeys (ConfUtils.java:logGet(46)) - raft.server.log.async-flush.enabled = false (default)
2023-02-01 19:04:12,221 [pool-181-thread-1] INFO  server.RaftServerConfigKeys (ConfUtils.java:logGet(46)) - raft.server.log.statemachine.data.caching.enabled = true (custom)
2023-02-01 19:04:12,222 [pool-181-thread-1] INFO  segmented.SegmentedRaftLogWorker (SegmentedRaftLogWorker.java:lambda$new$0(135)) - c4279a81-19f7-4b96-a700-7284b014edb1@group-EC822DA17CD6-SegmentedRaftLogWorker: flushIndex: setUnconditionally 0 -> -1
2023-02-01 19:04:12,222 [pool-181-thread-1] INFO  segmented.SegmentedRaftLogWorker (SegmentedRaftLogWorker.java:lambda$new$0(135)) - c4279a81-19f7-4b96-a700-7284b014edb1@group-EC822DA17CD6-SegmentedRaftLogWorker: safeCacheEvictIndex: setUnconditionally 0 -> -1
2023-02-01 19:04:12,222 [pool-181-thread-1] INFO  server.RaftServer$Division (RaftServerImpl.java:start(334)) - c4279a81-19f7-4b96-a700-7284b014edb1@group-EC822DA17CD6: start as a follower, conf=-1: peers:[6cd874f3-a134-47b5-8d3d-29dcf92148ed|rpc:10.1.0.60:42333|dataStream:10.1.0.60:45873|priority:0|startupRole:FOLLOWER, c542d8dc-da9e-4bdb-b4f7-db3abed755ad|rpc:10.1.0.60:44361|dataStream:10.1.0.60:34955|priority:0|startupRole:FOLLOWER, c4279a81-19f7-4b96-a700-7284b014edb1|rpc:10.1.0.60:39305|dataStream:10.1.0.60:34479|priority:1|startupRole:FOLLOWER]|listeners:[], old=null
2023-02-01 19:04:12,222 [pool-181-thread-1] INFO  server.RaftServer$Division (RaftServerImpl.java:setRole(321)) - c4279a81-19f7-4b96-a700-7284b014edb1@group-EC822DA17CD6: changes role from      null to FOLLOWER at term 0 for startAsFollower
2023-02-01 19:04:12,222 [pool-181-thread-1] INFO  impl.RoleInfo (RoleInfo.java:updateAndGet(139)) - c4279a81-19f7-4b96-a700-7284b014edb1: start c4279a81-19f7-4b96-a700-7284b014edb1@group-EC822DA17CD6-FollowerState
2023-02-01 19:04:12,222 [c4279a81-19f7-4b96-a700-7284b014edb1@group-EC822DA17CD6-FollowerState] INFO  server.RaftServerConfigKeys (ConfUtils.java:logFallback(53)) - raft.server.rpc.first-election.timeout.min = 5s (fallback to raft.server.rpc.timeout.min)
2023-02-01 19:04:12,228 [c4279a81-19f7-4b96-a700-7284b014edb1@group-EC822DA17CD6-FollowerState] INFO  server.RaftServerConfigKeys (ConfUtils.java:logFallback(53)) - raft.server.rpc.first-election.timeout.max = 5200ms (fallback to raft.server.rpc.timeout.max)
2023-02-01 19:04:12,228 [pool-181-thread-1] INFO  util.JmxRegister (JmxRegister.java:tryRegister(44)) - Successfully registered JMX Bean with object name Ratis:service=RaftServer,group=group-EC822DA17CD6,id=c4279a81-19f7-4b96-a700-7284b014edb1
2023-02-01 19:04:12,228 [pool-181-thread-1] INFO  server.RaftServerConfigKeys (ConfUtils.java:logGet(46)) - raft.server.snapshot.auto.trigger.enabled = true (custom)
2023-02-01 19:04:12,228 [pool-181-thread-1] INFO  server.RaftServerConfigKeys (ConfUtils.java:logGet(46)) - raft.server.snapshot.auto.trigger.threshold = 10000 (custom)
2023-02-01 19:04:12,228 [pool-181-thread-1] INFO  server.RaftServerConfigKeys (ConfUtils.java:logGet(46)) - raft.server.snapshot.retention.file.num = 5 (custom)
2023-02-01 19:04:12,228 [pool-181-thread-1] INFO  server.RaftServerConfigKeys (ConfUtils.java:logGet(46)) - raft.server.log.purge.upto.snapshot.index = false (default)
2023-02-01 19:04:12,240 [Command processor thread] INFO  commandhandler.CreatePipelineCommandHandler (CreatePipelineCommandHandler.java:handle(113)) - Created Pipeline RATIS THREE PipelineID=bd78d5fe-09de-4851-a873-ec822da17cd6.
2023-02-01 19:04:12,240 [Command processor thread] INFO  server.RaftServer (RaftServerProxy.java:addNew(96)) - 6cd874f3-a134-47b5-8d3d-29dcf92148ed: addNew group-4FFEAC5ACA4B:[6cd874f3-a134-47b5-8d3d-29dcf92148ed|rpc:10.1.0.60:42333|dataStream:10.1.0.60:45873|priority:1|startupRole:FOLLOWER, c542d8dc-da9e-4bdb-b4f7-db3abed755ad|rpc:10.1.0.60:44361|dataStream:10.1.0.60:34955|priority:0|startupRole:FOLLOWER, c4279a81-19f7-4b96-a700-7284b014edb1|rpc:10.1.0.60:39305|dataStream:10.1.0.60:34479|priority:0|startupRole:FOLLOWER] returns group-4FFEAC5ACA4B:java.util.concurrent.CompletableFuture@22c7e65f[Not completed]
2023-02-01 19:04:12,241 [pool-137-thread-1] INFO  server.RaftServer$Division (RaftServerImpl.java:<init>(195)) - 6cd874f3-a134-47b5-8d3d-29dcf92148ed: new RaftServerImpl for group-4FFEAC5ACA4B:[6cd874f3-a134-47b5-8d3d-29dcf92148ed|rpc:10.1.0.60:42333|dataStream:10.1.0.60:45873|priority:1|startupRole:FOLLOWER, c542d8dc-da9e-4bdb-b4f7-db3abed755ad|rpc:10.1.0.60:44361|dataStream:10.1.0.60:34955|priority:0|startupRole:FOLLOWER, c4279a81-19f7-4b96-a700-7284b014edb1|rpc:10.1.0.60:39305|dataStream:10.1.0.60:34479|priority:0|startupRole:FOLLOWER] with ContainerStateMachine:uninitialized
2023-02-01 19:04:12,241 [pool-137-thread-1] INFO  server.RaftServerConfigKeys (ConfUtils.java:logGet(46)) - raft.server.rpc.timeout.min = 5s (custom)
2023-02-01 19:04:12,241 [pool-137-thread-1] INFO  server.RaftServerConfigKeys (ConfUtils.java:logGet(46)) - raft.server.rpc.timeout.max = 5200ms (custom)
2023-02-01 19:04:12,241 [pool-137-thread-1] INFO  server.RaftServerConfigKeys (ConfUtils.java:logGet(46)) - raft.server.rpc.sleep.time = 25ms (default)
2023-02-01 19:04:12,241 [pool-137-thread-1] INFO  server.RaftServerConfigKeys (ConfUtils.java:logGet(46)) - raft.server.rpc.slowness.timeout = 300s (custom)
2023-02-01 19:04:12,242 [pool-137-thread-1] INFO  server.RaftServerConfigKeys (ConfUtils.java:logGet(46)) - raft.server.leaderelection.leader.step-down.wait-time = 10s (default)
2023-02-01 19:04:12,242 [pool-137-thread-1] INFO  server.RaftServerConfigKeys (ConfUtils.java:logGet(46)) - raft.server.sleep.deviation.threshold = 300ms (default)
2023-02-01 19:04:12,242 [pool-137-thread-1] INFO  server.RaftServer$Division (ServerState.java:<init>(118)) - 6cd874f3-a134-47b5-8d3d-29dcf92148ed@group-4FFEAC5ACA4B: ConfigurationManager, init=-1: peers:[6cd874f3-a134-47b5-8d3d-29dcf92148ed|rpc:10.1.0.60:42333|dataStream:10.1.0.60:45873|priority:1|startupRole:FOLLOWER, c542d8dc-da9e-4bdb-b4f7-db3abed755ad|rpc:10.1.0.60:44361|dataStream:10.1.0.60:34955|priority:0|startupRole:FOLLOWER, c4279a81-19f7-4b96-a700-7284b014edb1|rpc:10.1.0.60:39305|dataStream:10.1.0.60:34479|priority:0|startupRole:FOLLOWER]|listeners:[], old=null, confs=<EMPTY_MAP>
2023-02-01 19:04:12,242 [pool-137-thread-1] INFO  server.RaftServerConfigKeys (ConfUtils.java:logGet(46)) - raft.server.storage.dir = [/home/runner/work/ozone/ozone/hadoop-ozone/integration-test/target/test-dir/MiniOzoneClusterImpl-74e3824a-f6bc-4c6a-9d81-a3a47ccb7612/datanode-3/data/ratis] (custom)
2023-02-01 19:04:12,242 [pool-137-thread-1] INFO  server.RaftServerConfigKeys (ConfUtils.java:logGet(46)) - raft.server.log.corruption.policy = EXCEPTION (default)
2023-02-01 19:04:12,242 [pool-137-thread-1] INFO  server.RaftServerConfigKeys (ConfUtils.java:logGet(46)) - raft.server.storage.free-space.min = 0MB (=0) (default)
2023-02-01 19:04:12,242 [pool-137-thread-1] INFO  server.RaftServerConfigKeys (ConfUtils.java:logGet(46)) - raft.server.notification.no-leader.timeout = 300s (custom)
2023-02-01 19:04:12,242 [pool-137-thread-1] INFO  server.RaftServerConfigKeys (ConfUtils.java:logGet(46)) - raft.server.retrycache.expirytime = 600000ms (custom)
2023-02-01 19:04:12,242 [pool-137-thread-1] INFO  server.RaftServerConfigKeys (ConfUtils.java:logGet(46)) - raft.server.retrycache.statistics.expirytime = 100μs (default)
2023-02-01 19:04:12,243 [pool-137-thread-1] INFO  server.RaftServerConfigKeys (ConfUtils.java:logGet(46)) - raft.server.log.appender.install.snapshot.enabled = false (custom)
2023-02-01 19:04:12,243 [pool-137-thread-1] INFO  server.RaftServerConfigKeys (ConfUtils.java:logGet(46)) - raft.server.threadpool.server.cached = true (default)
2023-02-01 19:04:12,243 [pool-137-thread-1] INFO  server.RaftServerConfigKeys (ConfUtils.java:logGet(46)) - raft.server.threadpool.server.size = 0 (default)
2023-02-01 19:04:12,243 [pool-137-thread-1] INFO  server.RaftServerConfigKeys (ConfUtils.java:logGet(46)) - raft.server.threadpool.client.cached = true (default)
2023-02-01 19:04:12,244 [pool-137-thread-1] INFO  server.RaftServerConfigKeys (ConfUtils.java:logGet(46)) - raft.server.threadpool.client.size = 0 (default)
2023-02-01 19:04:12,244 [pool-137-thread-1] INFO  storage.RaftStorageDirectory (RaftStorageDirectoryImpl.java:analyzeStorage(137)) - The storage directory /home/runner/work/ozone/ozone/hadoop-ozone/integration-test/target/test-dir/MiniOzoneClusterImpl-74e3824a-f6bc-4c6a-9d81-a3a47ccb7612/datanode-3/data/ratis/279620bb-72a9-43bd-8ddd-4ffeac5aca4b does not exist. Creating ...
2023-02-01 19:04:12,245 [pool-137-thread-1] INFO  storage.RaftStorageDirectory (RaftStorageDirectoryImpl.java:tryLock(231)) - Lock on /home/runner/work/ozone/ozone/hadoop-ozone/integration-test/target/test-dir/MiniOzoneClusterImpl-74e3824a-f6bc-4c6a-9d81-a3a47ccb7612/datanode-3/data/ratis/279620bb-72a9-43bd-8ddd-4ffeac5aca4b/in_use.lock acquired by nodename 59045@fv-az213-973
2023-02-01 19:04:12,246 [pool-137-thread-1] INFO  storage.RaftStorage (RaftStorageImpl.java:format(96)) - Storage directory /home/runner/work/ozone/ozone/hadoop-ozone/integration-test/target/test-dir/MiniOzoneClusterImpl-74e3824a-f6bc-4c6a-9d81-a3a47ccb7612/datanode-3/data/ratis/279620bb-72a9-43bd-8ddd-4ffeac5aca4b has been successfully formatted.
2023-02-01 19:04:12,246 [pool-137-thread-1] INFO  ratis.ContainerStateMachine (ContainerStateMachine.java:loadSnapshot(240)) - group-4FFEAC5ACA4B: The snapshot info is null. Setting the last applied indexto:(t:0, i:~)
2023-02-01 19:04:12,246 [pool-137-thread-1] INFO  server.RaftServerConfigKeys (ConfUtils.java:logGet(46)) - raft.server.log.use.memory = false (default)
2023-02-01 19:04:12,246 [pool-137-thread-1] INFO  server.RaftServerConfigKeys (ConfUtils.java:logGet(46)) - raft.server.log.purge.gap = 1000000 (custom)
2023-02-01 19:04:12,246 [pool-137-thread-1] INFO  server.RaftServerConfigKeys (ConfUtils.java:logGet(46)) - raft.server.log.appender.buffer.byte-limit = 33554432 (custom)
2023-02-01 19:04:12,247 [pool-137-thread-1] INFO  server.RaftServerConfigKeys (ConfUtils.java:logGet(46)) - raft.server.log.statemachine.data.read.timeout = 1000ms (default)
2023-02-01 19:04:12,247 [pool-137-thread-1] INFO  server.RaftServerConfigKeys (ConfUtils.java:logGet(46)) - raft.server.log.purge.preservation.log.num = 0 (default)
2023-02-01 19:04:12,248 [pool-137-thread-1] INFO  server.RaftServerConfigKeys (ConfUtils.java:logGet(46)) - raft.server.log.segment.size.max = 1048576 (custom)
2023-02-01 19:04:12,249 [pool-137-thread-1] INFO  server.RaftServerConfigKeys (ConfUtils.java:logGet(46)) - raft.server.log.segment.cache.num.max = 2 (custom)
2023-02-01 19:04:12,249 [pool-137-thread-1] INFO  server.RaftServerConfigKeys (ConfUtils.java:logGet(46)) - raft.server.log.segment.cache.size.max = 200MB (=209715200) (default)
2023-02-01 19:04:12,249 [pool-137-thread-1] INFO  segmented.SegmentedRaftLogWorker (SegmentedRaftLogWorker.java:<init>(189)) - new 6cd874f3-a134-47b5-8d3d-29dcf92148ed@group-4FFEAC5ACA4B-SegmentedRaftLogWorker for RaftStorageImpl:Storage Directory /home/runner/work/ozone/ozone/hadoop-ozone/integration-test/target/test-dir/MiniOzoneClusterImpl-74e3824a-f6bc-4c6a-9d81-a3a47ccb7612/datanode-3/data/ratis/279620bb-72a9-43bd-8ddd-4ffeac5aca4b
2023-02-01 19:04:12,249 [pool-137-thread-1] INFO  server.RaftServerConfigKeys (ConfUtils.java:logGet(46)) - raft.server.log.queue.byte-limit = 4294967296 (custom)
2023-02-01 19:04:12,249 [pool-137-thread-1] INFO  server.RaftServerConfigKeys (ConfUtils.java:logGet(46)) - raft.server.log.queue.element-limit = 1024 (custom)
2023-02-01 19:04:12,249 [pool-137-thread-1] INFO  server.RaftServerConfigKeys (ConfUtils.java:logGet(46)) - raft.server.log.segment.size.max = 1048576 (custom)
2023-02-01 19:04:12,249 [pool-137-thread-1] INFO  server.RaftServerConfigKeys (ConfUtils.java:logGet(46)) - raft.server.log.preallocated.size = 16384 (custom)
2023-02-01 19:04:12,249 [pool-137-thread-1] INFO  server.RaftServerConfigKeys (ConfUtils.java:logGet(46)) - raft.server.log.force.sync.num = 128 (default)
2023-02-01 19:04:12,249 [pool-137-thread-1] INFO  server.RaftServerConfigKeys (ConfUtils.java:logGet(46)) - raft.server.log.statemachine.data.sync = true (default)
2023-02-01 19:04:12,248 [EventQueue-OpenPipelineForHealthyPipelineSafeModeRule] INFO  safemode.SCMSafeModeManager (HealthyPipelineSafeModeRule.java:process(137)) - SCM in safe mode. Healthy pipelines reported count is 0, required healthy pipeline reported count is 1
2023-02-01 19:04:12,249 [pool-137-thread-1] INFO  server.RaftServerConfigKeys (ConfUtils.java:logGet(46)) - raft.server.log.statemachine.data.sync.timeout = 10s (default)
2023-02-01 19:04:12,252 [pool-137-thread-1] INFO  server.RaftServerConfigKeys (ConfUtils.java:logGet(46)) - raft.server.log.statemachine.data.sync.timeout.retry = -1 (default)
2023-02-01 19:04:12,253 [pool-137-thread-1] INFO  server.RaftServerConfigKeys (ConfUtils.java:logGet(46)) - raft.server.log.write.buffer.size = 1048576 (custom)
2023-02-01 19:04:12,254 [pool-137-thread-1] INFO  server.RaftServerConfigKeys (ConfUtils.java:logGet(46)) - raft.server.log.appender.buffer.byte-limit = 33554432 (custom)
2023-02-01 19:04:12,260 [pool-137-thread-1] INFO  server.RaftServerConfigKeys (ConfUtils.java:logGet(46)) - raft.server.log.unsafe-flush.enabled = false (default)
2023-02-01 19:04:12,260 [pool-137-thread-1] INFO  server.RaftServerConfigKeys (ConfUtils.java:logGet(46)) - raft.server.log.async-flush.enabled = false (default)
2023-02-01 19:04:12,260 [pool-137-thread-1] INFO  server.RaftServerConfigKeys (ConfUtils.java:logGet(46)) - raft.server.log.statemachine.data.caching.enabled = true (custom)
2023-02-01 19:04:12,260 [pool-137-thread-1] INFO  segmented.SegmentedRaftLogWorker (SegmentedRaftLogWorker.java:lambda$new$0(135)) - 6cd874f3-a134-47b5-8d3d-29dcf92148ed@group-4FFEAC5ACA4B-SegmentedRaftLogWorker: flushIndex: setUnconditionally 0 -> -1
2023-02-01 19:04:12,260 [pool-137-thread-1] INFO  segmented.SegmentedRaftLogWorker (SegmentedRaftLogWorker.java:lambda$new$0(135)) - 6cd874f3-a134-47b5-8d3d-29dcf92148ed@group-4FFEAC5ACA4B-SegmentedRaftLogWorker: safeCacheEvictIndex: setUnconditionally 0 -> -1
2023-02-01 19:04:12,261 [pool-137-thread-1] INFO  server.RaftServer$Division (RaftServerImpl.java:start(334)) - 6cd874f3-a134-47b5-8d3d-29dcf92148ed@group-4FFEAC5ACA4B: start as a follower, conf=-1: peers:[6cd874f3-a134-47b5-8d3d-29dcf92148ed|rpc:10.1.0.60:42333|dataStream:10.1.0.60:45873|priority:1|startupRole:FOLLOWER, c542d8dc-da9e-4bdb-b4f7-db3abed755ad|rpc:10.1.0.60:44361|dataStream:10.1.0.60:34955|priority:0|startupRole:FOLLOWER, c4279a81-19f7-4b96-a700-7284b014edb1|rpc:10.1.0.60:39305|dataStream:10.1.0.60:34479|priority:0|startupRole:FOLLOWER]|listeners:[], old=null
2023-02-01 19:04:12,262 [pool-137-thread-1] INFO  server.RaftServer$Division (RaftServerImpl.java:setRole(321)) - 6cd874f3-a134-47b5-8d3d-29dcf92148ed@group-4FFEAC5ACA4B: changes role from      null to FOLLOWER at term 0 for startAsFollower
2023-02-01 19:04:12,262 [pool-137-thread-1] INFO  impl.RoleInfo (RoleInfo.java:updateAndGet(139)) - 6cd874f3-a134-47b5-8d3d-29dcf92148ed: start 6cd874f3-a134-47b5-8d3d-29dcf92148ed@group-4FFEAC5ACA4B-FollowerState
2023-02-01 19:04:12,264 [pool-137-thread-1] INFO  util.JmxRegister (JmxRegister.java:tryRegister(44)) - Successfully registered JMX Bean with object name Ratis:service=RaftServer,group=group-4FFEAC5ACA4B,id=6cd874f3-a134-47b5-8d3d-29dcf92148ed
2023-02-01 19:04:12,264 [pool-137-thread-1] INFO  server.RaftServerConfigKeys (ConfUtils.java:logGet(46)) - raft.server.snapshot.auto.trigger.enabled = true (custom)
2023-02-01 19:04:12,264 [pool-137-thread-1] INFO  server.RaftServerConfigKeys (ConfUtils.java:logGet(46)) - raft.server.snapshot.auto.trigger.threshold = 10000 (custom)
2023-02-01 19:04:12,264 [pool-137-thread-1] INFO  server.RaftServerConfigKeys (ConfUtils.java:logGet(46)) - raft.server.snapshot.retention.file.num = 5 (custom)
2023-02-01 19:04:12,264 [pool-137-thread-1] INFO  server.RaftServerConfigKeys (ConfUtils.java:logGet(46)) - raft.server.log.purge.upto.snapshot.index = false (default)
2023-02-01 19:04:12,265 [6cd874f3-a134-47b5-8d3d-29dcf92148ed@group-4FFEAC5ACA4B-FollowerState] INFO  server.RaftServerConfigKeys (ConfUtils.java:logFallback(53)) - raft.server.rpc.first-election.timeout.min = 5s (fallback to raft.server.rpc.timeout.min)
2023-02-01 19:04:12,270 [Command processor thread] INFO  ratis.XceiverServerRatis (XceiverServerRatis.java:addGroup(806)) - Created group PipelineID=279620bb-72a9-43bd-8ddd-4ffeac5aca4b
2023-02-01 19:04:12,280 [6cd874f3-a134-47b5-8d3d-29dcf92148ed@group-4FFEAC5ACA4B-FollowerState] INFO  server.RaftServerConfigKeys (ConfUtils.java:logFallback(53)) - raft.server.rpc.first-election.timeout.max = 5200ms (fallback to raft.server.rpc.timeout.max)
2023-02-01 19:04:12,290 [grpc-default-executor-0] INFO  server.RaftServer (RaftServerProxy.java:addNew(96)) - c542d8dc-da9e-4bdb-b4f7-db3abed755ad: addNew group-4FFEAC5ACA4B:[6cd874f3-a134-47b5-8d3d-29dcf92148ed|rpc:10.1.0.60:42333|dataStream:10.1.0.60:45873|priority:1|startupRole:FOLLOWER, c542d8dc-da9e-4bdb-b4f7-db3abed755ad|rpc:10.1.0.60:44361|dataStream:10.1.0.60:34955|priority:0|startupRole:FOLLOWER, c4279a81-19f7-4b96-a700-7284b014edb1|rpc:10.1.0.60:39305|dataStream:10.1.0.60:34479|priority:0|startupRole:FOLLOWER] returns group-4FFEAC5ACA4B:java.util.concurrent.CompletableFuture@574b6a0e[Not completed]
2023-02-01 19:04:12,291 [pool-159-thread-1] INFO  server.RaftServer$Division (RaftServerImpl.java:<init>(195)) - c542d8dc-da9e-4bdb-b4f7-db3abed755ad: new RaftServerImpl for group-4FFEAC5ACA4B:[6cd874f3-a134-47b5-8d3d-29dcf92148ed|rpc:10.1.0.60:42333|dataStream:10.1.0.60:45873|priority:1|startupRole:FOLLOWER, c542d8dc-da9e-4bdb-b4f7-db3abed755ad|rpc:10.1.0.60:44361|dataStream:10.1.0.60:34955|priority:0|startupRole:FOLLOWER, c4279a81-19f7-4b96-a700-7284b014edb1|rpc:10.1.0.60:39305|dataStream:10.1.0.60:34479|priority:0|startupRole:FOLLOWER] with ContainerStateMachine:uninitialized
2023-02-01 19:04:12,291 [pool-159-thread-1] INFO  server.RaftServerConfigKeys (ConfUtils.java:logGet(46)) - raft.server.rpc.timeout.min = 5s (custom)
2023-02-01 19:04:12,292 [pool-159-thread-1] INFO  server.RaftServerConfigKeys (ConfUtils.java:logGet(46)) - raft.server.rpc.timeout.max = 5200ms (custom)
2023-02-01 19:04:12,292 [pool-159-thread-1] INFO  server.RaftServerConfigKeys (ConfUtils.java:logGet(46)) - raft.server.rpc.sleep.time = 25ms (default)
2023-02-01 19:04:12,292 [pool-159-thread-1] INFO  server.RaftServerConfigKeys (ConfUtils.java:logGet(46)) - raft.server.rpc.slowness.timeout = 300s (custom)
2023-02-01 19:04:12,292 [pool-159-thread-1] INFO  server.RaftServerConfigKeys (ConfUtils.java:logGet(46)) - raft.server.leaderelection.leader.step-down.wait-time = 10s (default)
2023-02-01 19:04:12,292 [pool-159-thread-1] INFO  server.RaftServerConfigKeys (ConfUtils.java:logGet(46)) - raft.server.sleep.deviation.threshold = 300ms (default)
2023-02-01 19:04:12,292 [pool-159-thread-1] INFO  server.RaftServer$Division (ServerState.java:<init>(118)) - c542d8dc-da9e-4bdb-b4f7-db3abed755ad@group-4FFEAC5ACA4B: ConfigurationManager, init=-1: peers:[6cd874f3-a134-47b5-8d3d-29dcf92148ed|rpc:10.1.0.60:42333|dataStream:10.1.0.60:45873|priority:1|startupRole:FOLLOWER, c542d8dc-da9e-4bdb-b4f7-db3abed755ad|rpc:10.1.0.60:44361|dataStream:10.1.0.60:34955|priority:0|startupRole:FOLLOWER, c4279a81-19f7-4b96-a700-7284b014edb1|rpc:10.1.0.60:39305|dataStream:10.1.0.60:34479|priority:0|startupRole:FOLLOWER]|listeners:[], old=null, confs=<EMPTY_MAP>
2023-02-01 19:04:12,292 [pool-159-thread-1] INFO  server.RaftServerConfigKeys (ConfUtils.java:logGet(46)) - raft.server.storage.dir = [/home/runner/work/ozone/ozone/hadoop-ozone/integration-test/target/test-dir/MiniOzoneClusterImpl-74e3824a-f6bc-4c6a-9d81-a3a47ccb7612/datanode-4/data/ratis] (custom)
2023-02-01 19:04:12,292 [pool-159-thread-1] INFO  server.RaftServerConfigKeys (ConfUtils.java:logGet(46)) - raft.server.log.corruption.policy = EXCEPTION (default)
2023-02-01 19:04:12,292 [pool-159-thread-1] INFO  server.RaftServerConfigKeys (ConfUtils.java:logGet(46)) - raft.server.storage.free-space.min = 0MB (=0) (default)
2023-02-01 19:04:12,293 [pool-159-thread-1] INFO  server.RaftServerConfigKeys (ConfUtils.java:logGet(46)) - raft.server.notification.no-leader.timeout = 300s (custom)
2023-02-01 19:04:12,293 [pool-159-thread-1] INFO  server.RaftServerConfigKeys (ConfUtils.java:logGet(46)) - raft.server.retrycache.expirytime = 600000ms (custom)
2023-02-01 19:04:12,293 [pool-159-thread-1] INFO  server.RaftServerConfigKeys (ConfUtils.java:logGet(46)) - raft.server.retrycache.statistics.expirytime = 100μs (default)
2023-02-01 19:04:12,294 [pool-159-thread-1] INFO  server.RaftServerConfigKeys (ConfUtils.java:logGet(46)) - raft.server.log.appender.install.snapshot.enabled = false (custom)
2023-02-01 19:04:12,294 [pool-159-thread-1] INFO  server.RaftServerConfigKeys (ConfUtils.java:logGet(46)) - raft.server.threadpool.server.cached = true (default)
2023-02-01 19:04:12,294 [pool-159-thread-1] INFO  server.RaftServerConfigKeys (ConfUtils.java:logGet(46)) - raft.server.threadpool.server.size = 0 (default)
2023-02-01 19:04:12,294 [pool-159-thread-1] INFO  server.RaftServerConfigKeys (ConfUtils.java:logGet(46)) - raft.server.threadpool.client.cached = true (default)
2023-02-01 19:04:12,294 [pool-159-thread-1] INFO  server.RaftServerConfigKeys (ConfUtils.java:logGet(46)) - raft.server.threadpool.client.size = 0 (default)
2023-02-01 19:04:12,294 [pool-159-thread-1] INFO  storage.RaftStorageDirectory (RaftStorageDirectoryImpl.java:analyzeStorage(137)) - The storage directory /home/runner/work/ozone/ozone/hadoop-ozone/integration-test/target/test-dir/MiniOzoneClusterImpl-74e3824a-f6bc-4c6a-9d81-a3a47ccb7612/datanode-4/data/ratis/279620bb-72a9-43bd-8ddd-4ffeac5aca4b does not exist. Creating ...
2023-02-01 19:04:12,296 [pool-159-thread-1] INFO  storage.RaftStorageDirectory (RaftStorageDirectoryImpl.java:tryLock(231)) - Lock on /home/runner/work/ozone/ozone/hadoop-ozone/integration-test/target/test-dir/MiniOzoneClusterImpl-74e3824a-f6bc-4c6a-9d81-a3a47ccb7612/datanode-4/data/ratis/279620bb-72a9-43bd-8ddd-4ffeac5aca4b/in_use.lock acquired by nodename 59045@fv-az213-973
2023-02-01 19:04:12,297 [pool-159-thread-1] INFO  storage.RaftStorage (RaftStorageImpl.java:format(96)) - Storage directory /home/runner/work/ozone/ozone/hadoop-ozone/integration-test/target/test-dir/MiniOzoneClusterImpl-74e3824a-f6bc-4c6a-9d81-a3a47ccb7612/datanode-4/data/ratis/279620bb-72a9-43bd-8ddd-4ffeac5aca4b has been successfully formatted.
2023-02-01 19:04:12,298 [pool-159-thread-1] INFO  ratis.ContainerStateMachine (ContainerStateMachine.java:loadSnapshot(240)) - group-4FFEAC5ACA4B: The snapshot info is null. Setting the last applied indexto:(t:0, i:~)
2023-02-01 19:04:12,298 [pool-159-thread-1] INFO  server.RaftServerConfigKeys (ConfUtils.java:logGet(46)) - raft.server.log.use.memory = false (default)
2023-02-01 19:04:12,298 [pool-159-thread-1] INFO  server.RaftServerConfigKeys (ConfUtils.java:logGet(46)) - raft.server.log.purge.gap = 1000000 (custom)
2023-02-01 19:04:12,298 [pool-159-thread-1] INFO  server.RaftServerConfigKeys (ConfUtils.java:logGet(46)) - raft.server.log.appender.buffer.byte-limit = 33554432 (custom)
2023-02-01 19:04:12,298 [pool-159-thread-1] INFO  server.RaftServerConfigKeys (ConfUtils.java:logGet(46)) - raft.server.log.statemachine.data.read.timeout = 1000ms (default)
2023-02-01 19:04:12,298 [pool-159-thread-1] INFO  server.RaftServerConfigKeys (ConfUtils.java:logGet(46)) - raft.server.log.purge.preservation.log.num = 0 (default)
2023-02-01 19:04:12,298 [pool-159-thread-1] INFO  server.RaftServerConfigKeys (ConfUtils.java:logGet(46)) - raft.server.log.segment.size.max = 1048576 (custom)
2023-02-01 19:04:12,299 [pool-159-thread-1] INFO  server.RaftServerConfigKeys (ConfUtils.java:logGet(46)) - raft.server.log.segment.cache.num.max = 2 (custom)
2023-02-01 19:04:12,299 [pool-159-thread-1] INFO  server.RaftServerConfigKeys (ConfUtils.java:logGet(46)) - raft.server.log.segment.cache.size.max = 200MB (=209715200) (default)
2023-02-01 19:04:12,299 [pool-159-thread-1] INFO  segmented.SegmentedRaftLogWorker (SegmentedRaftLogWorker.java:<init>(189)) - new c542d8dc-da9e-4bdb-b4f7-db3abed755ad@group-4FFEAC5ACA4B-SegmentedRaftLogWorker for RaftStorageImpl:Storage Directory /home/runner/work/ozone/ozone/hadoop-ozone/integration-test/target/test-dir/MiniOzoneClusterImpl-74e3824a-f6bc-4c6a-9d81-a3a47ccb7612/datanode-4/data/ratis/279620bb-72a9-43bd-8ddd-4ffeac5aca4b
2023-02-01 19:04:12,299 [pool-159-thread-1] INFO  server.RaftServerConfigKeys (ConfUtils.java:logGet(46)) - raft.server.log.queue.byte-limit = 4294967296 (custom)
2023-02-01 19:04:12,299 [pool-159-thread-1] INFO  server.RaftServerConfigKeys (ConfUtils.java:logGet(46)) - raft.server.log.queue.element-limit = 1024 (custom)
2023-02-01 19:04:12,299 [pool-159-thread-1] INFO  server.RaftServerConfigKeys (ConfUtils.java:logGet(46)) - raft.server.log.segment.size.max = 1048576 (custom)
2023-02-01 19:04:12,299 [pool-159-thread-1] INFO  server.RaftServerConfigKeys (ConfUtils.java:logGet(46)) - raft.server.log.preallocated.size = 16384 (custom)
2023-02-01 19:04:12,299 [pool-159-thread-1] INFO  server.RaftServerConfigKeys (ConfUtils.java:logGet(46)) - raft.server.log.force.sync.num = 128 (default)
2023-02-01 19:04:12,299 [pool-159-thread-1] INFO  server.RaftServerConfigKeys (ConfUtils.java:logGet(46)) - raft.server.log.statemachine.data.sync = true (default)
2023-02-01 19:04:12,299 [pool-159-thread-1] INFO  server.RaftServerConfigKeys (ConfUtils.java:logGet(46)) - raft.server.log.statemachine.data.sync.timeout = 10s (default)
2023-02-01 19:04:12,299 [pool-159-thread-1] INFO  server.RaftServerConfigKeys (ConfUtils.java:logGet(46)) - raft.server.log.statemachine.data.sync.timeout.retry = -1 (default)
2023-02-01 19:04:12,301 [pool-159-thread-1] INFO  server.RaftServerConfigKeys (ConfUtils.java:logGet(46)) - raft.server.log.write.buffer.size = 1048576 (custom)
2023-02-01 19:04:12,301 [pool-159-thread-1] INFO  server.RaftServerConfigKeys (ConfUtils.java:logGet(46)) - raft.server.log.appender.buffer.byte-limit = 33554432 (custom)
2023-02-01 19:04:12,315 [pool-159-thread-1] INFO  server.RaftServerConfigKeys (ConfUtils.java:logGet(46)) - raft.server.log.unsafe-flush.enabled = false (default)
2023-02-01 19:04:12,316 [pool-159-thread-1] INFO  server.RaftServerConfigKeys (ConfUtils.java:logGet(46)) - raft.server.log.async-flush.enabled = false (default)
2023-02-01 19:04:12,316 [pool-159-thread-1] INFO  server.RaftServerConfigKeys (ConfUtils.java:logGet(46)) - raft.server.log.statemachine.data.caching.enabled = true (custom)
2023-02-01 19:04:12,316 [pool-159-thread-1] INFO  segmented.SegmentedRaftLogWorker (SegmentedRaftLogWorker.java:lambda$new$0(135)) - c542d8dc-da9e-4bdb-b4f7-db3abed755ad@group-4FFEAC5ACA4B-SegmentedRaftLogWorker: flushIndex: setUnconditionally 0 -> -1
2023-02-01 19:04:12,316 [pool-159-thread-1] INFO  segmented.SegmentedRaftLogWorker (SegmentedRaftLogWorker.java:lambda$new$0(135)) - c542d8dc-da9e-4bdb-b4f7-db3abed755ad@group-4FFEAC5ACA4B-SegmentedRaftLogWorker: safeCacheEvictIndex: setUnconditionally 0 -> -1
2023-02-01 19:04:12,320 [pool-159-thread-1] INFO  server.RaftServer$Division (RaftServerImpl.java:start(334)) - c542d8dc-da9e-4bdb-b4f7-db3abed755ad@group-4FFEAC5ACA4B: start as a follower, conf=-1: peers:[6cd874f3-a134-47b5-8d3d-29dcf92148ed|rpc:10.1.0.60:42333|dataStream:10.1.0.60:45873|priority:1|startupRole:FOLLOWER, c542d8dc-da9e-4bdb-b4f7-db3abed755ad|rpc:10.1.0.60:44361|dataStream:10.1.0.60:34955|priority:0|startupRole:FOLLOWER, c4279a81-19f7-4b96-a700-7284b014edb1|rpc:10.1.0.60:39305|dataStream:10.1.0.60:34479|priority:0|startupRole:FOLLOWER]|listeners:[], old=null
2023-02-01 19:04:12,320 [pool-159-thread-1] INFO  server.RaftServer$Division (RaftServerImpl.java:setRole(321)) - c542d8dc-da9e-4bdb-b4f7-db3abed755ad@group-4FFEAC5ACA4B: changes role from      null to FOLLOWER at term 0 for startAsFollower
2023-02-01 19:04:12,320 [pool-159-thread-1] INFO  impl.RoleInfo (RoleInfo.java:updateAndGet(139)) - c542d8dc-da9e-4bdb-b4f7-db3abed755ad: start c542d8dc-da9e-4bdb-b4f7-db3abed755ad@group-4FFEAC5ACA4B-FollowerState
2023-02-01 19:04:12,321 [pool-159-thread-1] INFO  util.JmxRegister (JmxRegister.java:tryRegister(44)) - Successfully registered JMX Bean with object name Ratis:service=RaftServer,group=group-4FFEAC5ACA4B,id=c542d8dc-da9e-4bdb-b4f7-db3abed755ad
2023-02-01 19:04:12,321 [pool-159-thread-1] INFO  server.RaftServerConfigKeys (ConfUtils.java:logGet(46)) - raft.server.snapshot.auto.trigger.enabled = true (custom)
2023-02-01 19:04:12,321 [pool-159-thread-1] INFO  server.RaftServerConfigKeys (ConfUtils.java:logGet(46)) - raft.server.snapshot.auto.trigger.threshold = 10000 (custom)
2023-02-01 19:04:12,321 [pool-159-thread-1] INFO  server.RaftServerConfigKeys (ConfUtils.java:logGet(46)) - raft.server.snapshot.retention.file.num = 5 (custom)
2023-02-01 19:04:12,321 [pool-159-thread-1] INFO  server.RaftServerConfigKeys (ConfUtils.java:logGet(46)) - raft.server.log.purge.upto.snapshot.index = false (default)
2023-02-01 19:04:12,322 [c542d8dc-da9e-4bdb-b4f7-db3abed755ad@group-4FFEAC5ACA4B-FollowerState] INFO  server.RaftServerConfigKeys (ConfUtils.java:logFallback(53)) - raft.server.rpc.first-election.timeout.min = 5s (fallback to raft.server.rpc.timeout.min)
2023-02-01 19:04:12,331 [c542d8dc-da9e-4bdb-b4f7-db3abed755ad@group-4FFEAC5ACA4B-FollowerState] INFO  server.RaftServerConfigKeys (ConfUtils.java:logFallback(53)) - raft.server.rpc.first-election.timeout.max = 5200ms (fallback to raft.server.rpc.timeout.max)
2023-02-01 19:04:12,349 [Command processor thread] INFO  server.RaftServer (RaftServerProxy.java:addNew(96)) - c542d8dc-da9e-4bdb-b4f7-db3abed755ad: addNew group-25533FAF4692:[c542d8dc-da9e-4bdb-b4f7-db3abed755ad|rpc:10.1.0.60:44361|dataStream:10.1.0.60:34955|priority:1|startupRole:FOLLOWER] returns group-25533FAF4692:java.util.concurrent.CompletableFuture@63edad29[Not completed]
2023-02-01 19:04:12,352 [pool-159-thread-1] INFO  server.RaftServer$Division (RaftServerImpl.java:<init>(195)) - c542d8dc-da9e-4bdb-b4f7-db3abed755ad: new RaftServerImpl for group-25533FAF4692:[c542d8dc-da9e-4bdb-b4f7-db3abed755ad|rpc:10.1.0.60:44361|dataStream:10.1.0.60:34955|priority:1|startupRole:FOLLOWER] with ContainerStateMachine:uninitialized
2023-02-01 19:04:12,352 [pool-159-thread-1] INFO  server.RaftServerConfigKeys (ConfUtils.java:logGet(46)) - raft.server.rpc.timeout.min = 5s (custom)
2023-02-01 19:04:12,352 [pool-159-thread-1] INFO  server.RaftServerConfigKeys (ConfUtils.java:logGet(46)) - raft.server.rpc.timeout.max = 5200ms (custom)
2023-02-01 19:04:12,352 [pool-159-thread-1] INFO  server.RaftServerConfigKeys (ConfUtils.java:logGet(46)) - raft.server.rpc.sleep.time = 25ms (default)
2023-02-01 19:04:12,352 [pool-159-thread-1] INFO  server.RaftServerConfigKeys (ConfUtils.java:logGet(46)) - raft.server.rpc.slowness.timeout = 300s (custom)
2023-02-01 19:04:12,352 [pool-159-thread-1] INFO  server.RaftServerConfigKeys (ConfUtils.java:logGet(46)) - raft.server.leaderelection.leader.step-down.wait-time = 10s (default)
2023-02-01 19:04:12,352 [pool-159-thread-1] INFO  server.RaftServerConfigKeys (ConfUtils.java:logGet(46)) - raft.server.sleep.deviation.threshold = 300ms (default)
2023-02-01 19:04:12,352 [pool-159-thread-1] INFO  server.RaftServer$Division (ServerState.java:<init>(118)) - c542d8dc-da9e-4bdb-b4f7-db3abed755ad@group-25533FAF4692: ConfigurationManager, init=-1: peers:[c542d8dc-da9e-4bdb-b4f7-db3abed755ad|rpc:10.1.0.60:44361|dataStream:10.1.0.60:34955|priority:1|startupRole:FOLLOWER]|listeners:[], old=null, confs=<EMPTY_MAP>
2023-02-01 19:04:12,352 [pool-159-thread-1] INFO  server.RaftServerConfigKeys (ConfUtils.java:logGet(46)) - raft.server.storage.dir = [/home/runner/work/ozone/ozone/hadoop-ozone/integration-test/target/test-dir/MiniOzoneClusterImpl-74e3824a-f6bc-4c6a-9d81-a3a47ccb7612/datanode-4/data/ratis] (custom)
2023-02-01 19:04:12,352 [pool-159-thread-1] INFO  server.RaftServerConfigKeys (ConfUtils.java:logGet(46)) - raft.server.log.corruption.policy = EXCEPTION (default)
2023-02-01 19:04:12,353 [pool-159-thread-1] INFO  server.RaftServerConfigKeys (ConfUtils.java:logGet(46)) - raft.server.storage.free-space.min = 0MB (=0) (default)
2023-02-01 19:04:12,353 [pool-159-thread-1] INFO  server.RaftServerConfigKeys (ConfUtils.java:logGet(46)) - raft.server.notification.no-leader.timeout = 300s (custom)
2023-02-01 19:04:12,353 [pool-159-thread-1] INFO  server.RaftServerConfigKeys (ConfUtils.java:logGet(46)) - raft.server.retrycache.expirytime = 600000ms (custom)
2023-02-01 19:04:12,353 [pool-159-thread-1] INFO  server.RaftServerConfigKeys (ConfUtils.java:logGet(46)) - raft.server.retrycache.statistics.expirytime = 100μs (default)
2023-02-01 19:04:12,354 [pool-159-thread-1] INFO  server.RaftServerConfigKeys (ConfUtils.java:logGet(46)) - raft.server.log.appender.install.snapshot.enabled = false (custom)
2023-02-01 19:04:12,354 [pool-159-thread-1] INFO  server.RaftServerConfigKeys (ConfUtils.java:logGet(46)) - raft.server.threadpool.server.cached = true (default)
2023-02-01 19:04:12,354 [pool-159-thread-1] INFO  server.RaftServerConfigKeys (ConfUtils.java:logGet(46)) - raft.server.threadpool.server.size = 0 (default)
2023-02-01 19:04:12,354 [pool-159-thread-1] INFO  server.RaftServerConfigKeys (ConfUtils.java:logGet(46)) - raft.server.threadpool.client.cached = true (default)
2023-02-01 19:04:12,354 [pool-159-thread-1] INFO  server.RaftServerConfigKeys (ConfUtils.java:logGet(46)) - raft.server.threadpool.client.size = 0 (default)
2023-02-01 19:04:12,354 [pool-159-thread-1] INFO  storage.RaftStorageDirectory (RaftStorageDirectoryImpl.java:analyzeStorage(137)) - The storage directory /home/runner/work/ozone/ozone/hadoop-ozone/integration-test/target/test-dir/MiniOzoneClusterImpl-74e3824a-f6bc-4c6a-9d81-a3a47ccb7612/datanode-4/data/ratis/88a07c24-6871-4904-a3db-25533faf4692 does not exist. Creating ...
2023-02-01 19:04:12,357 [grpc-default-executor-0] INFO  server.RaftServer (RaftServerProxy.java:addNew(96)) - c4279a81-19f7-4b96-a700-7284b014edb1: addNew group-4FFEAC5ACA4B:[6cd874f3-a134-47b5-8d3d-29dcf92148ed|rpc:10.1.0.60:42333|dataStream:10.1.0.60:45873|priority:1|startupRole:FOLLOWER, c542d8dc-da9e-4bdb-b4f7-db3abed755ad|rpc:10.1.0.60:44361|dataStream:10.1.0.60:34955|priority:0|startupRole:FOLLOWER, c4279a81-19f7-4b96-a700-7284b014edb1|rpc:10.1.0.60:39305|dataStream:10.1.0.60:34479|priority:0|startupRole:FOLLOWER] returns group-4FFEAC5ACA4B:java.util.concurrent.CompletableFuture@4177bd94[Not completed]
2023-02-01 19:04:12,358 [pool-181-thread-1] INFO  server.RaftServer$Division (RaftServerImpl.java:<init>(195)) - c4279a81-19f7-4b96-a700-7284b014edb1: new RaftServerImpl for group-4FFEAC5ACA4B:[6cd874f3-a134-47b5-8d3d-29dcf92148ed|rpc:10.1.0.60:42333|dataStream:10.1.0.60:45873|priority:1|startupRole:FOLLOWER, c542d8dc-da9e-4bdb-b4f7-db3abed755ad|rpc:10.1.0.60:44361|dataStream:10.1.0.60:34955|priority:0|startupRole:FOLLOWER, c4279a81-19f7-4b96-a700-7284b014edb1|rpc:10.1.0.60:39305|dataStream:10.1.0.60:34479|priority:0|startupRole:FOLLOWER] with ContainerStateMachine:uninitialized
2023-02-01 19:04:12,358 [pool-181-thread-1] INFO  server.RaftServerConfigKeys (ConfUtils.java:logGet(46)) - raft.server.rpc.timeout.min = 5s (custom)
2023-02-01 19:04:12,358 [pool-181-thread-1] INFO  server.RaftServerConfigKeys (ConfUtils.java:logGet(46)) - raft.server.rpc.timeout.max = 5200ms (custom)
2023-02-01 19:04:12,358 [pool-181-thread-1] INFO  server.RaftServerConfigKeys (ConfUtils.java:logGet(46)) - raft.server.rpc.sleep.time = 25ms (default)
2023-02-01 19:04:12,358 [pool-159-thread-1] INFO  storage.RaftStorageDirectory (RaftStorageDirectoryImpl.java:tryLock(231)) - Lock on /home/runner/work/ozone/ozone/hadoop-ozone/integration-test/target/test-dir/MiniOzoneClusterImpl-74e3824a-f6bc-4c6a-9d81-a3a47ccb7612/datanode-4/data/ratis/88a07c24-6871-4904-a3db-25533faf4692/in_use.lock acquired by nodename 59045@fv-az213-973
2023-02-01 19:04:12,358 [pool-181-thread-1] INFO  server.RaftServerConfigKeys (ConfUtils.java:logGet(46)) - raft.server.rpc.slowness.timeout = 300s (custom)
2023-02-01 19:04:12,359 [pool-181-thread-1] INFO  server.RaftServerConfigKeys (ConfUtils.java:logGet(46)) - raft.server.leaderelection.leader.step-down.wait-time = 10s (default)
2023-02-01 19:04:12,359 [pool-181-thread-1] INFO  server.RaftServerConfigKeys (ConfUtils.java:logGet(46)) - raft.server.sleep.deviation.threshold = 300ms (default)
2023-02-01 19:04:12,359 [pool-181-thread-1] INFO  server.RaftServer$Division (ServerState.java:<init>(118)) - c4279a81-19f7-4b96-a700-7284b014edb1@group-4FFEAC5ACA4B: ConfigurationManager, init=-1: peers:[6cd874f3-a134-47b5-8d3d-29dcf92148ed|rpc:10.1.0.60:42333|dataStream:10.1.0.60:45873|priority:1|startupRole:FOLLOWER, c542d8dc-da9e-4bdb-b4f7-db3abed755ad|rpc:10.1.0.60:44361|dataStream:10.1.0.60:34955|priority:0|startupRole:FOLLOWER, c4279a81-19f7-4b96-a700-7284b014edb1|rpc:10.1.0.60:39305|dataStream:10.1.0.60:34479|priority:0|startupRole:FOLLOWER]|listeners:[], old=null, confs=<EMPTY_MAP>
2023-02-01 19:04:12,359 [pool-181-thread-1] INFO  server.RaftServerConfigKeys (ConfUtils.java:logGet(46)) - raft.server.storage.dir = [/home/runner/work/ozone/ozone/hadoop-ozone/integration-test/target/test-dir/MiniOzoneClusterImpl-74e3824a-f6bc-4c6a-9d81-a3a47ccb7612/datanode-5/data/ratis] (custom)
2023-02-01 19:04:12,360 [pool-181-thread-1] INFO  server.RaftServerConfigKeys (ConfUtils.java:logGet(46)) - raft.server.log.corruption.policy = EXCEPTION (default)
2023-02-01 19:04:12,360 [pool-181-thread-1] INFO  server.RaftServerConfigKeys (ConfUtils.java:logGet(46)) - raft.server.storage.free-space.min = 0MB (=0) (default)
2023-02-01 19:04:12,360 [pool-181-thread-1] INFO  server.RaftServerConfigKeys (ConfUtils.java:logGet(46)) - raft.server.notification.no-leader.timeout = 300s (custom)
2023-02-01 19:04:12,360 [pool-181-thread-1] INFO  server.RaftServerConfigKeys (ConfUtils.java:logGet(46)) - raft.server.retrycache.expirytime = 600000ms (custom)
2023-02-01 19:04:12,360 [pool-181-thread-1] INFO  server.RaftServerConfigKeys (ConfUtils.java:logGet(46)) - raft.server.retrycache.statistics.expirytime = 100μs (default)
2023-02-01 19:04:12,361 [pool-181-thread-1] INFO  server.RaftServerConfigKeys (ConfUtils.java:logGet(46)) - raft.server.log.appender.install.snapshot.enabled = false (custom)
2023-02-01 19:04:12,361 [pool-181-thread-1] INFO  server.RaftServerConfigKeys (ConfUtils.java:logGet(46)) - raft.server.threadpool.server.cached = true (default)
2023-02-01 19:04:12,361 [pool-181-thread-1] INFO  server.RaftServerConfigKeys (ConfUtils.java:logGet(46)) - raft.server.threadpool.server.size = 0 (default)
2023-02-01 19:04:12,361 [pool-181-thread-1] INFO  server.RaftServerConfigKeys (ConfUtils.java:logGet(46)) - raft.server.threadpool.client.cached = true (default)
2023-02-01 19:04:12,361 [pool-181-thread-1] INFO  server.RaftServerConfigKeys (ConfUtils.java:logGet(46)) - raft.server.threadpool.client.size = 0 (default)
2023-02-01 19:04:12,361 [pool-181-thread-1] INFO  storage.RaftStorageDirectory (RaftStorageDirectoryImpl.java:analyzeStorage(137)) - The storage directory /home/runner/work/ozone/ozone/hadoop-ozone/integration-test/target/test-dir/MiniOzoneClusterImpl-74e3824a-f6bc-4c6a-9d81-a3a47ccb7612/datanode-5/data/ratis/279620bb-72a9-43bd-8ddd-4ffeac5aca4b does not exist. Creating ...
2023-02-01 19:04:12,362 [pool-159-thread-1] INFO  storage.RaftStorage (RaftStorageImpl.java:format(96)) - Storage directory /home/runner/work/ozone/ozone/hadoop-ozone/integration-test/target/test-dir/MiniOzoneClusterImpl-74e3824a-f6bc-4c6a-9d81-a3a47ccb7612/datanode-4/data/ratis/88a07c24-6871-4904-a3db-25533faf4692 has been successfully formatted.
2023-02-01 19:04:12,364 [pool-159-thread-1] INFO  ratis.ContainerStateMachine (ContainerStateMachine.java:loadSnapshot(240)) - group-25533FAF4692: The snapshot info is null. Setting the last applied indexto:(t:0, i:~)
2023-02-01 19:04:12,364 [pool-159-thread-1] INFO  server.RaftServerConfigKeys (ConfUtils.java:logGet(46)) - raft.server.log.use.memory = false (default)
2023-02-01 19:04:12,364 [pool-159-thread-1] INFO  server.RaftServerConfigKeys (ConfUtils.java:logGet(46)) - raft.server.log.purge.gap = 1000000 (custom)
2023-02-01 19:04:12,364 [pool-159-thread-1] INFO  server.RaftServerConfigKeys (ConfUtils.java:logGet(46)) - raft.server.log.appender.buffer.byte-limit = 33554432 (custom)
2023-02-01 19:04:12,362 [pool-181-thread-1] INFO  storage.RaftStorageDirectory (RaftStorageDirectoryImpl.java:tryLock(231)) - Lock on /home/runner/work/ozone/ozone/hadoop-ozone/integration-test/target/test-dir/MiniOzoneClusterImpl-74e3824a-f6bc-4c6a-9d81-a3a47ccb7612/datanode-5/data/ratis/279620bb-72a9-43bd-8ddd-4ffeac5aca4b/in_use.lock acquired by nodename 59045@fv-az213-973
2023-02-01 19:04:12,364 [pool-159-thread-1] INFO  server.RaftServerConfigKeys (ConfUtils.java:logGet(46)) - raft.server.log.statemachine.data.read.timeout = 1000ms (default)
2023-02-01 19:04:12,365 [pool-159-thread-1] INFO  server.RaftServerConfigKeys (ConfUtils.java:logGet(46)) - raft.server.log.purge.preservation.log.num = 0 (default)
2023-02-01 19:04:12,366 [pool-159-thread-1] INFO  server.RaftServerConfigKeys (ConfUtils.java:logGet(46)) - raft.server.log.segment.size.max = 1048576 (custom)
2023-02-01 19:04:12,366 [pool-159-thread-1] INFO  server.RaftServerConfigKeys (ConfUtils.java:logGet(46)) - raft.server.log.segment.cache.num.max = 2 (custom)
2023-02-01 19:04:12,366 [pool-159-thread-1] INFO  server.RaftServerConfigKeys (ConfUtils.java:logGet(46)) - raft.server.log.segment.cache.size.max = 200MB (=209715200) (default)
2023-02-01 19:04:12,366 [pool-159-thread-1] INFO  segmented.SegmentedRaftLogWorker (SegmentedRaftLogWorker.java:<init>(189)) - new c542d8dc-da9e-4bdb-b4f7-db3abed755ad@group-25533FAF4692-SegmentedRaftLogWorker for RaftStorageImpl:Storage Directory /home/runner/work/ozone/ozone/hadoop-ozone/integration-test/target/test-dir/MiniOzoneClusterImpl-74e3824a-f6bc-4c6a-9d81-a3a47ccb7612/datanode-4/data/ratis/88a07c24-6871-4904-a3db-25533faf4692
2023-02-01 19:04:12,366 [pool-159-thread-1] INFO  server.RaftServerConfigKeys (ConfUtils.java:logGet(46)) - raft.server.log.queue.byte-limit = 4294967296 (custom)
2023-02-01 19:04:12,366 [pool-159-thread-1] INFO  server.RaftServerConfigKeys (ConfUtils.java:logGet(46)) - raft.server.log.queue.element-limit = 1024 (custom)
2023-02-01 19:04:12,366 [pool-159-thread-1] INFO  server.RaftServerConfigKeys (ConfUtils.java:logGet(46)) - raft.server.log.segment.size.max = 1048576 (custom)
2023-02-01 19:04:12,366 [pool-159-thread-1] INFO  server.RaftServerConfigKeys (ConfUtils.java:logGet(46)) - raft.server.log.preallocated.size = 16384 (custom)
2023-02-01 19:04:12,366 [pool-159-thread-1] INFO  server.RaftServerConfigKeys (ConfUtils.java:logGet(46)) - raft.server.log.force.sync.num = 128 (default)
2023-02-01 19:04:12,366 [pool-159-thread-1] INFO  server.RaftServerConfigKeys (ConfUtils.java:logGet(46)) - raft.server.log.statemachine.data.sync = true (default)
2023-02-01 19:04:12,366 [pool-159-thread-1] INFO  server.RaftServerConfigKeys (ConfUtils.java:logGet(46)) - raft.server.log.statemachine.data.sync.timeout = 10s (default)
2023-02-01 19:04:12,366 [pool-159-thread-1] INFO  server.RaftServerConfigKeys (ConfUtils.java:logGet(46)) - raft.server.log.statemachine.data.sync.timeout.retry = -1 (default)
2023-02-01 19:04:12,367 [pool-159-thread-1] INFO  server.RaftServerConfigKeys (ConfUtils.java:logGet(46)) - raft.server.log.write.buffer.size = 1048576 (custom)
2023-02-01 19:04:12,367 [pool-159-thread-1] INFO  server.RaftServerConfigKeys (ConfUtils.java:logGet(46)) - raft.server.log.appender.buffer.byte-limit = 33554432 (custom)
2023-02-01 19:04:12,370 [EventQueue-PipelineReportForPipelineReportHandler] INFO  pipeline.PipelineManagerImpl (PipelineManagerImpl.java:openPipeline(367)) - Pipeline Pipeline[ Id: 88a07c24-6871-4904-a3db-25533faf4692, Nodes: c542d8dc-da9e-4bdb-b4f7-db3abed755ad(fv-az213-973.c2vz3wqhpjau3hcstnyptvmwla.cx.internal.cloudapp.net/10.1.0.60), ReplicationConfig: RATIS/ONE, State:ALLOCATED, leaderId:c542d8dc-da9e-4bdb-b4f7-db3abed755ad, CreationTimestamp2023-02-01T19:04:09.353Z[Etc/UTC]] moved to OPEN state
2023-02-01 19:04:12,371 [EventQueue-OpenPipelineForHealthyPipelineSafeModeRule] INFO  safemode.SCMSafeModeManager (HealthyPipelineSafeModeRule.java:process(137)) - SCM in safe mode. Healthy pipelines reported count is 0, required healthy pipeline reported count is 1
2023-02-01 19:04:12,372 [pool-181-thread-1] INFO  storage.RaftStorage (RaftStorageImpl.java:format(96)) - Storage directory /home/runner/work/ozone/ozone/hadoop-ozone/integration-test/target/test-dir/MiniOzoneClusterImpl-74e3824a-f6bc-4c6a-9d81-a3a47ccb7612/datanode-5/data/ratis/279620bb-72a9-43bd-8ddd-4ffeac5aca4b has been successfully formatted.
2023-02-01 19:04:12,372 [pool-181-thread-1] INFO  ratis.ContainerStateMachine (ContainerStateMachine.java:loadSnapshot(240)) - group-4FFEAC5ACA4B: The snapshot info is null. Setting the last applied indexto:(t:0, i:~)
2023-02-01 19:04:12,372 [pool-181-thread-1] INFO  server.RaftServerConfigKeys (ConfUtils.java:logGet(46)) - raft.server.log.use.memory = false (default)
2023-02-01 19:04:12,373 [pool-181-thread-1] INFO  server.RaftServerConfigKeys (ConfUtils.java:logGet(46)) - raft.server.log.purge.gap = 1000000 (custom)
2023-02-01 19:04:12,373 [pool-181-thread-1] INFO  server.RaftServerConfigKeys (ConfUtils.java:logGet(46)) - raft.server.log.appender.buffer.byte-limit = 33554432 (custom)
2023-02-01 19:04:12,373 [pool-181-thread-1] INFO  server.RaftServerConfigKeys (ConfUtils.java:logGet(46)) - raft.server.log.statemachine.data.read.timeout = 1000ms (default)
2023-02-01 19:04:12,373 [pool-181-thread-1] INFO  server.RaftServerConfigKeys (ConfUtils.java:logGet(46)) - raft.server.log.purge.preservation.log.num = 0 (default)
2023-02-01 19:04:12,373 [pool-181-thread-1] INFO  server.RaftServerConfigKeys (ConfUtils.java:logGet(46)) - raft.server.log.segment.size.max = 1048576 (custom)
2023-02-01 19:04:12,374 [pool-181-thread-1] INFO  server.RaftServerConfigKeys (ConfUtils.java:logGet(46)) - raft.server.log.segment.cache.num.max = 2 (custom)
2023-02-01 19:04:12,374 [pool-181-thread-1] INFO  server.RaftServerConfigKeys (ConfUtils.java:logGet(46)) - raft.server.log.segment.cache.size.max = 200MB (=209715200) (default)
2023-02-01 19:04:12,374 [pool-181-thread-1] INFO  segmented.SegmentedRaftLogWorker (SegmentedRaftLogWorker.java:<init>(189)) - new c4279a81-19f7-4b96-a700-7284b014edb1@group-4FFEAC5ACA4B-SegmentedRaftLogWorker for RaftStorageImpl:Storage Directory /home/runner/work/ozone/ozone/hadoop-ozone/integration-test/target/test-dir/MiniOzoneClusterImpl-74e3824a-f6bc-4c6a-9d81-a3a47ccb7612/datanode-5/data/ratis/279620bb-72a9-43bd-8ddd-4ffeac5aca4b
2023-02-01 19:04:12,374 [pool-181-thread-1] INFO  server.RaftServerConfigKeys (ConfUtils.java:logGet(46)) - raft.server.log.queue.byte-limit = 4294967296 (custom)
2023-02-01 19:04:12,374 [pool-181-thread-1] INFO  server.RaftServerConfigKeys (ConfUtils.java:logGet(46)) - raft.server.log.queue.element-limit = 1024 (custom)
2023-02-01 19:04:12,374 [pool-181-thread-1] INFO  server.RaftServerConfigKeys (ConfUtils.java:logGet(46)) - raft.server.log.segment.size.max = 1048576 (custom)
2023-02-01 19:04:12,374 [pool-181-thread-1] INFO  server.RaftServerConfigKeys (ConfUtils.java:logGet(46)) - raft.server.log.preallocated.size = 16384 (custom)
2023-02-01 19:04:12,374 [pool-181-thread-1] INFO  server.RaftServerConfigKeys (ConfUtils.java:logGet(46)) - raft.server.log.force.sync.num = 128 (default)
2023-02-01 19:04:12,374 [pool-181-thread-1] INFO  server.RaftServerConfigKeys (ConfUtils.java:logGet(46)) - raft.server.log.statemachine.data.sync = true (default)
2023-02-01 19:04:12,374 [pool-181-thread-1] INFO  server.RaftServerConfigKeys (ConfUtils.java:logGet(46)) - raft.server.log.statemachine.data.sync.timeout = 10s (default)
2023-02-01 19:04:12,374 [pool-181-thread-1] INFO  server.RaftServerConfigKeys (ConfUtils.java:logGet(46)) - raft.server.log.statemachine.data.sync.timeout.retry = -1 (default)
2023-02-01 19:04:12,375 [pool-181-thread-1] INFO  server.RaftServerConfigKeys (ConfUtils.java:logGet(46)) - raft.server.log.write.buffer.size = 1048576 (custom)
2023-02-01 19:04:12,376 [pool-181-thread-1] INFO  server.RaftServerConfigKeys (ConfUtils.java:logGet(46)) - raft.server.log.appender.buffer.byte-limit = 33554432 (custom)
2023-02-01 19:04:12,378 [pool-159-thread-1] INFO  server.RaftServerConfigKeys (ConfUtils.java:logGet(46)) - raft.server.log.unsafe-flush.enabled = false (default)
2023-02-01 19:04:12,378 [pool-159-thread-1] INFO  server.RaftServerConfigKeys (ConfUtils.java:logGet(46)) - raft.server.log.async-flush.enabled = false (default)
2023-02-01 19:04:12,378 [pool-159-thread-1] INFO  server.RaftServerConfigKeys (ConfUtils.java:logGet(46)) - raft.server.log.statemachine.data.caching.enabled = true (custom)
2023-02-01 19:04:12,378 [pool-159-thread-1] INFO  segmented.SegmentedRaftLogWorker (SegmentedRaftLogWorker.java:lambda$new$0(135)) - c542d8dc-da9e-4bdb-b4f7-db3abed755ad@group-25533FAF4692-SegmentedRaftLogWorker: flushIndex: setUnconditionally 0 -> -1
2023-02-01 19:04:12,378 [pool-159-thread-1] INFO  segmented.SegmentedRaftLogWorker (SegmentedRaftLogWorker.java:lambda$new$0(135)) - c542d8dc-da9e-4bdb-b4f7-db3abed755ad@group-25533FAF4692-SegmentedRaftLogWorker: safeCacheEvictIndex: setUnconditionally 0 -> -1
2023-02-01 19:04:12,379 [pool-159-thread-1] INFO  server.RaftServer$Division (RaftServerImpl.java:start(334)) - c542d8dc-da9e-4bdb-b4f7-db3abed755ad@group-25533FAF4692: start as a follower, conf=-1: peers:[c542d8dc-da9e-4bdb-b4f7-db3abed755ad|rpc:10.1.0.60:44361|dataStream:10.1.0.60:34955|priority:1|startupRole:FOLLOWER]|listeners:[], old=null
2023-02-01 19:04:12,379 [pool-159-thread-1] INFO  server.RaftServer$Division (RaftServerImpl.java:setRole(321)) - c542d8dc-da9e-4bdb-b4f7-db3abed755ad@group-25533FAF4692: changes role from      null to FOLLOWER at term 0 for startAsFollower
2023-02-01 19:04:12,379 [pool-159-thread-1] INFO  impl.RoleInfo (RoleInfo.java:updateAndGet(139)) - c542d8dc-da9e-4bdb-b4f7-db3abed755ad: start c542d8dc-da9e-4bdb-b4f7-db3abed755ad@group-25533FAF4692-FollowerState
2023-02-01 19:04:12,379 [pool-159-thread-1] INFO  util.JmxRegister (JmxRegister.java:tryRegister(44)) - Successfully registered JMX Bean with object name Ratis:service=RaftServer,group=group-25533FAF4692,id=c542d8dc-da9e-4bdb-b4f7-db3abed755ad
2023-02-01 19:04:12,379 [pool-159-thread-1] INFO  server.RaftServerConfigKeys (ConfUtils.java:logGet(46)) - raft.server.snapshot.auto.trigger.enabled = true (custom)
2023-02-01 19:04:12,379 [pool-159-thread-1] INFO  server.RaftServerConfigKeys (ConfUtils.java:logGet(46)) - raft.server.snapshot.auto.trigger.threshold = 10000 (custom)
2023-02-01 19:04:12,379 [pool-159-thread-1] INFO  server.RaftServerConfigKeys (ConfUtils.java:logGet(46)) - raft.server.snapshot.retention.file.num = 5 (custom)
2023-02-01 19:04:12,379 [pool-159-thread-1] INFO  server.RaftServerConfigKeys (ConfUtils.java:logGet(46)) - raft.server.log.purge.upto.snapshot.index = false (default)
2023-02-01 19:04:12,380 [c542d8dc-da9e-4bdb-b4f7-db3abed755ad@group-25533FAF4692-FollowerState] INFO  server.RaftServerConfigKeys (ConfUtils.java:logFallback(53)) - raft.server.rpc.first-election.timeout.min = 5s (fallback to raft.server.rpc.timeout.min)
2023-02-01 19:04:12,380 [c542d8dc-da9e-4bdb-b4f7-db3abed755ad@group-25533FAF4692-FollowerState] INFO  server.RaftServerConfigKeys (ConfUtils.java:logFallback(53)) - raft.server.rpc.first-election.timeout.max = 5200ms (fallback to raft.server.rpc.timeout.max)
2023-02-01 19:04:12,380 [Command processor thread] INFO  ratis.XceiverServerRatis (XceiverServerRatis.java:addGroup(806)) - Created group PipelineID=88a07c24-6871-4904-a3db-25533faf4692
2023-02-01 19:04:12,380 [Command processor thread] INFO  commandhandler.CreatePipelineCommandHandler (CreatePipelineCommandHandler.java:handle(113)) - Created Pipeline RATIS ONE PipelineID=88a07c24-6871-4904-a3db-25533faf4692.
2023-02-01 19:04:12,384 [pool-181-thread-1] INFO  server.RaftServerConfigKeys (ConfUtils.java:logGet(46)) - raft.server.log.unsafe-flush.enabled = false (default)
2023-02-01 19:04:12,384 [pool-181-thread-1] INFO  server.RaftServerConfigKeys (ConfUtils.java:logGet(46)) - raft.server.log.async-flush.enabled = false (default)
2023-02-01 19:04:12,384 [pool-181-thread-1] INFO  server.RaftServerConfigKeys (ConfUtils.java:logGet(46)) - raft.server.log.statemachine.data.caching.enabled = true (custom)
2023-02-01 19:04:12,384 [pool-181-thread-1] INFO  segmented.SegmentedRaftLogWorker (SegmentedRaftLogWorker.java:lambda$new$0(135)) - c4279a81-19f7-4b96-a700-7284b014edb1@group-4FFEAC5ACA4B-SegmentedRaftLogWorker: flushIndex: setUnconditionally 0 -> -1
2023-02-01 19:04:12,384 [pool-181-thread-1] INFO  segmented.SegmentedRaftLogWorker (SegmentedRaftLogWorker.java:lambda$new$0(135)) - c4279a81-19f7-4b96-a700-7284b014edb1@group-4FFEAC5ACA4B-SegmentedRaftLogWorker: safeCacheEvictIndex: setUnconditionally 0 -> -1
2023-02-01 19:04:12,385 [pool-181-thread-1] INFO  server.RaftServer$Division (RaftServerImpl.java:start(334)) - c4279a81-19f7-4b96-a700-7284b014edb1@group-4FFEAC5ACA4B: start as a follower, conf=-1: peers:[6cd874f3-a134-47b5-8d3d-29dcf92148ed|rpc:10.1.0.60:42333|dataStream:10.1.0.60:45873|priority:1|startupRole:FOLLOWER, c542d8dc-da9e-4bdb-b4f7-db3abed755ad|rpc:10.1.0.60:44361|dataStream:10.1.0.60:34955|priority:0|startupRole:FOLLOWER, c4279a81-19f7-4b96-a700-7284b014edb1|rpc:10.1.0.60:39305|dataStream:10.1.0.60:34479|priority:0|startupRole:FOLLOWER]|listeners:[], old=null
2023-02-01 19:04:12,385 [pool-181-thread-1] INFO  server.RaftServer$Division (RaftServerImpl.java:setRole(321)) - c4279a81-19f7-4b96-a700-7284b014edb1@group-4FFEAC5ACA4B: changes role from      null to FOLLOWER at term 0 for startAsFollower
2023-02-01 19:04:12,385 [pool-181-thread-1] INFO  impl.RoleInfo (RoleInfo.java:updateAndGet(139)) - c4279a81-19f7-4b96-a700-7284b014edb1: start c4279a81-19f7-4b96-a700-7284b014edb1@group-4FFEAC5ACA4B-FollowerState
2023-02-01 19:04:12,385 [pool-181-thread-1] INFO  util.JmxRegister (JmxRegister.java:tryRegister(44)) - Successfully registered JMX Bean with object name Ratis:service=RaftServer,group=group-4FFEAC5ACA4B,id=c4279a81-19f7-4b96-a700-7284b014edb1
2023-02-01 19:04:12,385 [pool-181-thread-1] INFO  server.RaftServerConfigKeys (ConfUtils.java:logGet(46)) - raft.server.snapshot.auto.trigger.enabled = true (custom)
2023-02-01 19:04:12,385 [pool-181-thread-1] INFO  server.RaftServerConfigKeys (ConfUtils.java:logGet(46)) - raft.server.snapshot.auto.trigger.threshold = 10000 (custom)
2023-02-01 19:04:12,385 [pool-181-thread-1] INFO  server.RaftServerConfigKeys (ConfUtils.java:logGet(46)) - raft.server.snapshot.retention.file.num = 5 (custom)
2023-02-01 19:04:12,386 [pool-181-thread-1] INFO  server.RaftServerConfigKeys (ConfUtils.java:logGet(46)) - raft.server.log.purge.upto.snapshot.index = false (default)
2023-02-01 19:04:12,386 [c4279a81-19f7-4b96-a700-7284b014edb1@group-4FFEAC5ACA4B-FollowerState] INFO  server.RaftServerConfigKeys (ConfUtils.java:logFallback(53)) - raft.server.rpc.first-election.timeout.min = 5s (fallback to raft.server.rpc.timeout.min)
2023-02-01 19:04:12,388 [c4279a81-19f7-4b96-a700-7284b014edb1@group-4FFEAC5ACA4B-FollowerState] INFO  server.RaftServerConfigKeys (ConfUtils.java:logFallback(53)) - raft.server.rpc.first-election.timeout.max = 5200ms (fallback to raft.server.rpc.timeout.max)
2023-02-01 19:04:12,398 [Command processor thread] INFO  commandhandler.CreatePipelineCommandHandler (CreatePipelineCommandHandler.java:handle(113)) - Created Pipeline RATIS THREE PipelineID=279620bb-72a9-43bd-8ddd-4ffeac5aca4b.
2023-02-01 19:04:12,705 [Command processor thread] INFO  server.RaftServer (RaftServerProxy.java:addNew(96)) - c4279a81-19f7-4b96-a700-7284b014edb1: addNew group-072E3E9C227D:[c4279a81-19f7-4b96-a700-7284b014edb1|rpc:10.1.0.60:39305|dataStream:10.1.0.60:34479|priority:1|startupRole:FOLLOWER] returns group-072E3E9C227D:java.util.concurrent.CompletableFuture@395a15de[Not completed]
2023-02-01 19:04:12,707 [pool-181-thread-1] INFO  server.RaftServer$Division (RaftServerImpl.java:<init>(195)) - c4279a81-19f7-4b96-a700-7284b014edb1: new RaftServerImpl for group-072E3E9C227D:[c4279a81-19f7-4b96-a700-7284b014edb1|rpc:10.1.0.60:39305|dataStream:10.1.0.60:34479|priority:1|startupRole:FOLLOWER] with ContainerStateMachine:uninitialized
2023-02-01 19:04:12,707 [pool-181-thread-1] INFO  server.RaftServerConfigKeys (ConfUtils.java:logGet(46)) - raft.server.rpc.timeout.min = 5s (custom)
2023-02-01 19:04:12,707 [pool-181-thread-1] INFO  server.RaftServerConfigKeys (ConfUtils.java:logGet(46)) - raft.server.rpc.timeout.max = 5200ms (custom)
2023-02-01 19:04:12,707 [pool-181-thread-1] INFO  server.RaftServerConfigKeys (ConfUtils.java:logGet(46)) - raft.server.rpc.sleep.time = 25ms (default)
2023-02-01 19:04:12,707 [pool-181-thread-1] INFO  server.RaftServerConfigKeys (ConfUtils.java:logGet(46)) - raft.server.rpc.slowness.timeout = 300s (custom)
2023-02-01 19:04:12,707 [pool-181-thread-1] INFO  server.RaftServerConfigKeys (ConfUtils.java:logGet(46)) - raft.server.leaderelection.leader.step-down.wait-time = 10s (default)
2023-02-01 19:04:12,707 [pool-181-thread-1] INFO  server.RaftServerConfigKeys (ConfUtils.java:logGet(46)) - raft.server.sleep.deviation.threshold = 300ms (default)
2023-02-01 19:04:12,707 [pool-181-thread-1] INFO  server.RaftServer$Division (ServerState.java:<init>(118)) - c4279a81-19f7-4b96-a700-7284b014edb1@group-072E3E9C227D: ConfigurationManager, init=-1: peers:[c4279a81-19f7-4b96-a700-7284b014edb1|rpc:10.1.0.60:39305|dataStream:10.1.0.60:34479|priority:1|startupRole:FOLLOWER]|listeners:[], old=null, confs=<EMPTY_MAP>
2023-02-01 19:04:12,708 [pool-181-thread-1] INFO  server.RaftServerConfigKeys (ConfUtils.java:logGet(46)) - raft.server.storage.dir = [/home/runner/work/ozone/ozone/hadoop-ozone/integration-test/target/test-dir/MiniOzoneClusterImpl-74e3824a-f6bc-4c6a-9d81-a3a47ccb7612/datanode-5/data/ratis] (custom)
2023-02-01 19:04:12,708 [pool-181-thread-1] INFO  server.RaftServerConfigKeys (ConfUtils.java:logGet(46)) - raft.server.log.corruption.policy = EXCEPTION (default)
2023-02-01 19:04:12,708 [pool-181-thread-1] INFO  server.RaftServerConfigKeys (ConfUtils.java:logGet(46)) - raft.server.storage.free-space.min = 0MB (=0) (default)
2023-02-01 19:04:12,708 [pool-181-thread-1] INFO  server.RaftServerConfigKeys (ConfUtils.java:logGet(46)) - raft.server.notification.no-leader.timeout = 300s (custom)
2023-02-01 19:04:12,708 [pool-181-thread-1] INFO  server.RaftServerConfigKeys (ConfUtils.java:logGet(46)) - raft.server.retrycache.expirytime = 600000ms (custom)
2023-02-01 19:04:12,708 [pool-181-thread-1] INFO  server.RaftServerConfigKeys (ConfUtils.java:logGet(46)) - raft.server.retrycache.statistics.expirytime = 100μs (default)
2023-02-01 19:04:12,709 [pool-181-thread-1] INFO  server.RaftServerConfigKeys (ConfUtils.java:logGet(46)) - raft.server.log.appender.install.snapshot.enabled = false (custom)
2023-02-01 19:04:12,709 [pool-181-thread-1] INFO  server.RaftServerConfigKeys (ConfUtils.java:logGet(46)) - raft.server.threadpool.server.cached = true (default)
2023-02-01 19:04:12,709 [pool-181-thread-1] INFO  server.RaftServerConfigKeys (ConfUtils.java:logGet(46)) - raft.server.threadpool.server.size = 0 (default)
2023-02-01 19:04:12,709 [pool-181-thread-1] INFO  server.RaftServerConfigKeys (ConfUtils.java:logGet(46)) - raft.server.threadpool.client.cached = true (default)
2023-02-01 19:04:12,709 [pool-181-thread-1] INFO  server.RaftServerConfigKeys (ConfUtils.java:logGet(46)) - raft.server.threadpool.client.size = 0 (default)
2023-02-01 19:04:12,710 [pool-181-thread-1] INFO  storage.RaftStorageDirectory (RaftStorageDirectoryImpl.java:analyzeStorage(137)) - The storage directory /home/runner/work/ozone/ozone/hadoop-ozone/integration-test/target/test-dir/MiniOzoneClusterImpl-74e3824a-f6bc-4c6a-9d81-a3a47ccb7612/datanode-5/data/ratis/7eb07742-e680-4e11-8cc8-072e3e9c227d does not exist. Creating ...
2023-02-01 19:04:12,711 [pool-181-thread-1] INFO  storage.RaftStorageDirectory (RaftStorageDirectoryImpl.java:tryLock(231)) - Lock on /home/runner/work/ozone/ozone/hadoop-ozone/integration-test/target/test-dir/MiniOzoneClusterImpl-74e3824a-f6bc-4c6a-9d81-a3a47ccb7612/datanode-5/data/ratis/7eb07742-e680-4e11-8cc8-072e3e9c227d/in_use.lock acquired by nodename 59045@fv-az213-973
2023-02-01 19:04:12,712 [pool-181-thread-1] INFO  storage.RaftStorage (RaftStorageImpl.java:format(96)) - Storage directory /home/runner/work/ozone/ozone/hadoop-ozone/integration-test/target/test-dir/MiniOzoneClusterImpl-74e3824a-f6bc-4c6a-9d81-a3a47ccb7612/datanode-5/data/ratis/7eb07742-e680-4e11-8cc8-072e3e9c227d has been successfully formatted.
2023-02-01 19:04:12,712 [pool-181-thread-1] INFO  ratis.ContainerStateMachine (ContainerStateMachine.java:loadSnapshot(240)) - group-072E3E9C227D: The snapshot info is null. Setting the last applied indexto:(t:0, i:~)
2023-02-01 19:04:12,712 [pool-181-thread-1] INFO  server.RaftServerConfigKeys (ConfUtils.java:logGet(46)) - raft.server.log.use.memory = false (default)
2023-02-01 19:04:12,713 [pool-181-thread-1] INFO  server.RaftServerConfigKeys (ConfUtils.java:logGet(46)) - raft.server.log.purge.gap = 1000000 (custom)
2023-02-01 19:04:12,713 [pool-181-thread-1] INFO  server.RaftServerConfigKeys (ConfUtils.java:logGet(46)) - raft.server.log.appender.buffer.byte-limit = 33554432 (custom)
2023-02-01 19:04:12,713 [pool-181-thread-1] INFO  server.RaftServerConfigKeys (ConfUtils.java:logGet(46)) - raft.server.log.statemachine.data.read.timeout = 1000ms (default)
2023-02-01 19:04:12,713 [pool-181-thread-1] INFO  server.RaftServerConfigKeys (ConfUtils.java:logGet(46)) - raft.server.log.purge.preservation.log.num = 0 (default)
2023-02-01 19:04:12,713 [pool-181-thread-1] INFO  server.RaftServerConfigKeys (ConfUtils.java:logGet(46)) - raft.server.log.segment.size.max = 1048576 (custom)
2023-02-01 19:04:12,714 [pool-181-thread-1] INFO  server.RaftServerConfigKeys (ConfUtils.java:logGet(46)) - raft.server.log.segment.cache.num.max = 2 (custom)
2023-02-01 19:04:12,714 [pool-181-thread-1] INFO  server.RaftServerConfigKeys (ConfUtils.java:logGet(46)) - raft.server.log.segment.cache.size.max = 200MB (=209715200) (default)
2023-02-01 19:04:12,714 [EventQueue-PipelineReportForPipelineReportHandler] INFO  pipeline.PipelineManagerImpl (PipelineManagerImpl.java:openPipeline(367)) - Pipeline Pipeline[ Id: 7eb07742-e680-4e11-8cc8-072e3e9c227d, Nodes: c4279a81-19f7-4b96-a700-7284b014edb1(fv-az213-973.c2vz3wqhpjau3hcstnyptvmwla.cx.internal.cloudapp.net/10.1.0.60), ReplicationConfig: RATIS/ONE, State:ALLOCATED, leaderId:c4279a81-19f7-4b96-a700-7284b014edb1, CreationTimestamp2023-02-01T19:04:09.710Z[Etc/UTC]] moved to OPEN state
2023-02-01 19:04:12,715 [EventQueue-OpenPipelineForHealthyPipelineSafeModeRule] INFO  safemode.SCMSafeModeManager (HealthyPipelineSafeModeRule.java:process(137)) - SCM in safe mode. Healthy pipelines reported count is 0, required healthy pipeline reported count is 1
2023-02-01 19:04:12,715 [pool-181-thread-1] INFO  segmented.SegmentedRaftLogWorker (SegmentedRaftLogWorker.java:<init>(189)) - new c4279a81-19f7-4b96-a700-7284b014edb1@group-072E3E9C227D-SegmentedRaftLogWorker for RaftStorageImpl:Storage Directory /home/runner/work/ozone/ozone/hadoop-ozone/integration-test/target/test-dir/MiniOzoneClusterImpl-74e3824a-f6bc-4c6a-9d81-a3a47ccb7612/datanode-5/data/ratis/7eb07742-e680-4e11-8cc8-072e3e9c227d
2023-02-01 19:04:12,716 [pool-181-thread-1] INFO  server.RaftServerConfigKeys (ConfUtils.java:logGet(46)) - raft.server.log.queue.byte-limit = 4294967296 (custom)
2023-02-01 19:04:12,717 [pool-181-thread-1] INFO  server.RaftServerConfigKeys (ConfUtils.java:logGet(46)) - raft.server.log.queue.element-limit = 1024 (custom)
2023-02-01 19:04:12,717 [pool-181-thread-1] INFO  server.RaftServerConfigKeys (ConfUtils.java:logGet(46)) - raft.server.log.segment.size.max = 1048576 (custom)
2023-02-01 19:04:12,717 [pool-181-thread-1] INFO  server.RaftServerConfigKeys (ConfUtils.java:logGet(46)) - raft.server.log.preallocated.size = 16384 (custom)
2023-02-01 19:04:12,717 [pool-181-thread-1] INFO  server.RaftServerConfigKeys (ConfUtils.java:logGet(46)) - raft.server.log.force.sync.num = 128 (default)
2023-02-01 19:04:12,717 [pool-181-thread-1] INFO  server.RaftServerConfigKeys (ConfUtils.java:logGet(46)) - raft.server.log.statemachine.data.sync = true (default)
2023-02-01 19:04:12,717 [pool-181-thread-1] INFO  server.RaftServerConfigKeys (ConfUtils.java:logGet(46)) - raft.server.log.statemachine.data.sync.timeout = 10s (default)
2023-02-01 19:04:12,717 [pool-181-thread-1] INFO  server.RaftServerConfigKeys (ConfUtils.java:logGet(46)) - raft.server.log.statemachine.data.sync.timeout.retry = -1 (default)
2023-02-01 19:04:12,719 [pool-181-thread-1] INFO  server.RaftServerConfigKeys (ConfUtils.java:logGet(46)) - raft.server.log.write.buffer.size = 1048576 (custom)
2023-02-01 19:04:12,721 [pool-181-thread-1] INFO  server.RaftServerConfigKeys (ConfUtils.java:logGet(46)) - raft.server.log.appender.buffer.byte-limit = 33554432 (custom)
2023-02-01 19:04:12,726 [pool-181-thread-1] INFO  server.RaftServerConfigKeys (ConfUtils.java:logGet(46)) - raft.server.log.unsafe-flush.enabled = false (default)
2023-02-01 19:04:12,726 [pool-181-thread-1] INFO  server.RaftServerConfigKeys (ConfUtils.java:logGet(46)) - raft.server.log.async-flush.enabled = false (default)
2023-02-01 19:04:12,726 [pool-181-thread-1] INFO  server.RaftServerConfigKeys (ConfUtils.java:logGet(46)) - raft.server.log.statemachine.data.caching.enabled = true (custom)
2023-02-01 19:04:12,726 [pool-181-thread-1] INFO  segmented.SegmentedRaftLogWorker (SegmentedRaftLogWorker.java:lambda$new$0(135)) - c4279a81-19f7-4b96-a700-7284b014edb1@group-072E3E9C227D-SegmentedRaftLogWorker: flushIndex: setUnconditionally 0 -> -1
2023-02-01 19:04:12,727 [pool-181-thread-1] INFO  segmented.SegmentedRaftLogWorker (SegmentedRaftLogWorker.java:lambda$new$0(135)) - c4279a81-19f7-4b96-a700-7284b014edb1@group-072E3E9C227D-SegmentedRaftLogWorker: safeCacheEvictIndex: setUnconditionally 0 -> -1
2023-02-01 19:04:12,727 [pool-181-thread-1] INFO  server.RaftServer$Division (RaftServerImpl.java:start(334)) - c4279a81-19f7-4b96-a700-7284b014edb1@group-072E3E9C227D: start as a follower, conf=-1: peers:[c4279a81-19f7-4b96-a700-7284b014edb1|rpc:10.1.0.60:39305|dataStream:10.1.0.60:34479|priority:1|startupRole:FOLLOWER]|listeners:[], old=null
2023-02-01 19:04:12,727 [pool-181-thread-1] INFO  server.RaftServer$Division (RaftServerImpl.java:setRole(321)) - c4279a81-19f7-4b96-a700-7284b014edb1@group-072E3E9C227D: changes role from      null to FOLLOWER at term 0 for startAsFollower
2023-02-01 19:04:12,727 [pool-181-thread-1] INFO  impl.RoleInfo (RoleInfo.java:updateAndGet(139)) - c4279a81-19f7-4b96-a700-7284b014edb1: start c4279a81-19f7-4b96-a700-7284b014edb1@group-072E3E9C227D-FollowerState
2023-02-01 19:04:12,727 [pool-181-thread-1] INFO  util.JmxRegister (JmxRegister.java:tryRegister(44)) - Successfully registered JMX Bean with object name Ratis:service=RaftServer,group=group-072E3E9C227D,id=c4279a81-19f7-4b96-a700-7284b014edb1
2023-02-01 19:04:12,727 [pool-181-thread-1] INFO  server.RaftServerConfigKeys (ConfUtils.java:logGet(46)) - raft.server.snapshot.auto.trigger.enabled = true (custom)
2023-02-01 19:04:12,727 [pool-181-thread-1] INFO  server.RaftServerConfigKeys (ConfUtils.java:logGet(46)) - raft.server.snapshot.auto.trigger.threshold = 10000 (custom)
2023-02-01 19:04:12,727 [pool-181-thread-1] INFO  server.RaftServerConfigKeys (ConfUtils.java:logGet(46)) - raft.server.snapshot.retention.file.num = 5 (custom)
2023-02-01 19:04:12,727 [pool-181-thread-1] INFO  server.RaftServerConfigKeys (ConfUtils.java:logGet(46)) - raft.server.log.purge.upto.snapshot.index = false (default)
2023-02-01 19:04:12,728 [c4279a81-19f7-4b96-a700-7284b014edb1@group-072E3E9C227D-FollowerState] INFO  server.RaftServerConfigKeys (ConfUtils.java:logFallback(53)) - raft.server.rpc.first-election.timeout.min = 5s (fallback to raft.server.rpc.timeout.min)
2023-02-01 19:04:12,728 [c4279a81-19f7-4b96-a700-7284b014edb1@group-072E3E9C227D-FollowerState] INFO  server.RaftServerConfigKeys (ConfUtils.java:logFallback(53)) - raft.server.rpc.first-election.timeout.max = 5200ms (fallback to raft.server.rpc.timeout.max)
2023-02-01 19:04:12,728 [Command processor thread] INFO  ratis.XceiverServerRatis (XceiverServerRatis.java:addGroup(806)) - Created group PipelineID=7eb07742-e680-4e11-8cc8-072e3e9c227d
2023-02-01 19:04:12,728 [Command processor thread] INFO  commandhandler.CreatePipelineCommandHandler (CreatePipelineCommandHandler.java:handle(113)) - Created Pipeline RATIS ONE PipelineID=7eb07742-e680-4e11-8cc8-072e3e9c227d.
2023-02-01 19:04:13,171 [Command processor thread] INFO  server.RaftServer (RaftServerProxy.java:addNew(96)) - 941873b5-59b7-467c-8b24-fc39e29fe3c9: addNew group-0BC910AC6834:[941873b5-59b7-467c-8b24-fc39e29fe3c9|rpc:10.1.0.60:41089|dataStream:10.1.0.60:37687|priority:1|startupRole:FOLLOWER] returns group-0BC910AC6834:java.util.concurrent.CompletableFuture@21be9e31[Not completed]
2023-02-01 19:04:13,173 [pool-203-thread-1] INFO  server.RaftServer$Division (RaftServerImpl.java:<init>(195)) - 941873b5-59b7-467c-8b24-fc39e29fe3c9: new RaftServerImpl for group-0BC910AC6834:[941873b5-59b7-467c-8b24-fc39e29fe3c9|rpc:10.1.0.60:41089|dataStream:10.1.0.60:37687|priority:1|startupRole:FOLLOWER] with ContainerStateMachine:uninitialized
2023-02-01 19:04:13,173 [pool-203-thread-1] INFO  server.RaftServerConfigKeys (ConfUtils.java:logGet(46)) - raft.server.rpc.timeout.min = 5s (custom)
2023-02-01 19:04:13,173 [pool-203-thread-1] INFO  server.RaftServerConfigKeys (ConfUtils.java:logGet(46)) - raft.server.rpc.timeout.max = 5200ms (custom)
2023-02-01 19:04:13,173 [pool-203-thread-1] INFO  server.RaftServerConfigKeys (ConfUtils.java:logGet(46)) - raft.server.rpc.sleep.time = 25ms (default)
2023-02-01 19:04:13,173 [pool-203-thread-1] INFO  server.RaftServerConfigKeys (ConfUtils.java:logGet(46)) - raft.server.rpc.slowness.timeout = 300s (custom)
2023-02-01 19:04:13,173 [pool-203-thread-1] INFO  server.RaftServerConfigKeys (ConfUtils.java:logGet(46)) - raft.server.leaderelection.leader.step-down.wait-time = 10s (default)
2023-02-01 19:04:13,173 [pool-203-thread-1] INFO  server.RaftServerConfigKeys (ConfUtils.java:logGet(46)) - raft.server.sleep.deviation.threshold = 300ms (default)
2023-02-01 19:04:13,173 [pool-203-thread-1] INFO  server.RaftServer$Division (ServerState.java:<init>(118)) - 941873b5-59b7-467c-8b24-fc39e29fe3c9@group-0BC910AC6834: ConfigurationManager, init=-1: peers:[941873b5-59b7-467c-8b24-fc39e29fe3c9|rpc:10.1.0.60:41089|dataStream:10.1.0.60:37687|priority:1|startupRole:FOLLOWER]|listeners:[], old=null, confs=<EMPTY_MAP>
2023-02-01 19:04:13,174 [pool-203-thread-1] INFO  server.RaftServerConfigKeys (ConfUtils.java:logGet(46)) - raft.server.storage.dir = [/home/runner/work/ozone/ozone/hadoop-ozone/integration-test/target/test-dir/MiniOzoneClusterImpl-74e3824a-f6bc-4c6a-9d81-a3a47ccb7612/datanode-6/data/ratis] (custom)
2023-02-01 19:04:13,176 [pool-203-thread-1] INFO  server.RaftServerConfigKeys (ConfUtils.java:logGet(46)) - raft.server.log.corruption.policy = EXCEPTION (default)
2023-02-01 19:04:13,177 [pool-203-thread-1] INFO  server.RaftServerConfigKeys (ConfUtils.java:logGet(46)) - raft.server.storage.free-space.min = 0MB (=0) (default)
2023-02-01 19:04:13,176 [Listener at 127.0.0.1/34005] INFO  ozone.MiniOzoneClusterImpl (MiniOzoneClusterImpl.java:lambda$waitForClusterToBeReady$0(218)) - Nodes are ready. Got 7 of 7 DN Heartbeats.
2023-02-01 19:04:13,177 [Listener at 127.0.0.1/34005] INFO  ozone.MiniOzoneClusterImpl (MiniOzoneClusterImpl.java:lambda$waitForClusterToBeReady$0(221)) - Waiting for cluster to exit safe mode
2023-02-01 19:04:13,177 [Listener at 127.0.0.1/34005] INFO  ozone.MiniOzoneClusterImpl (MiniOzoneClusterImpl.java:lambda$waitForClusterToBeReady$0(223)) - SCM became leader
2023-02-01 19:04:13,177 [pool-203-thread-1] INFO  server.RaftServerConfigKeys (ConfUtils.java:logGet(46)) - raft.server.notification.no-leader.timeout = 300s (custom)
2023-02-01 19:04:13,178 [pool-203-thread-1] INFO  server.RaftServerConfigKeys (ConfUtils.java:logGet(46)) - raft.server.retrycache.expirytime = 600000ms (custom)
2023-02-01 19:04:13,178 [pool-203-thread-1] INFO  server.RaftServerConfigKeys (ConfUtils.java:logGet(46)) - raft.server.retrycache.statistics.expirytime = 100μs (default)
2023-02-01 19:04:13,184 [pool-203-thread-1] INFO  server.RaftServerConfigKeys (ConfUtils.java:logGet(46)) - raft.server.log.appender.install.snapshot.enabled = false (custom)
2023-02-01 19:04:13,185 [pool-203-thread-1] INFO  server.RaftServerConfigKeys (ConfUtils.java:logGet(46)) - raft.server.threadpool.server.cached = true (default)
2023-02-01 19:04:13,185 [pool-203-thread-1] INFO  server.RaftServerConfigKeys (ConfUtils.java:logGet(46)) - raft.server.threadpool.server.size = 0 (default)
2023-02-01 19:04:13,185 [pool-203-thread-1] INFO  server.RaftServerConfigKeys (ConfUtils.java:logGet(46)) - raft.server.threadpool.client.cached = true (default)
2023-02-01 19:04:13,185 [pool-203-thread-1] INFO  server.RaftServerConfigKeys (ConfUtils.java:logGet(46)) - raft.server.threadpool.client.size = 0 (default)
2023-02-01 19:04:13,185 [pool-203-thread-1] INFO  storage.RaftStorageDirectory (RaftStorageDirectoryImpl.java:analyzeStorage(137)) - The storage directory /home/runner/work/ozone/ozone/hadoop-ozone/integration-test/target/test-dir/MiniOzoneClusterImpl-74e3824a-f6bc-4c6a-9d81-a3a47ccb7612/datanode-6/data/ratis/e6ea879c-aab2-40a4-9c2f-0bc910ac6834 does not exist. Creating ...
2023-02-01 19:04:13,186 [pool-203-thread-1] INFO  storage.RaftStorageDirectory (RaftStorageDirectoryImpl.java:tryLock(231)) - Lock on /home/runner/work/ozone/ozone/hadoop-ozone/integration-test/target/test-dir/MiniOzoneClusterImpl-74e3824a-f6bc-4c6a-9d81-a3a47ccb7612/datanode-6/data/ratis/e6ea879c-aab2-40a4-9c2f-0bc910ac6834/in_use.lock acquired by nodename 59045@fv-az213-973
2023-02-01 19:04:13,187 [pool-203-thread-1] INFO  storage.RaftStorage (RaftStorageImpl.java:format(96)) - Storage directory /home/runner/work/ozone/ozone/hadoop-ozone/integration-test/target/test-dir/MiniOzoneClusterImpl-74e3824a-f6bc-4c6a-9d81-a3a47ccb7612/datanode-6/data/ratis/e6ea879c-aab2-40a4-9c2f-0bc910ac6834 has been successfully formatted.
2023-02-01 19:04:13,188 [pool-203-thread-1] INFO  ratis.ContainerStateMachine (ContainerStateMachine.java:loadSnapshot(240)) - group-0BC910AC6834: The snapshot info is null. Setting the last applied indexto:(t:0, i:~)
2023-02-01 19:04:13,190 [EventQueue-PipelineReportForPipelineReportHandler] INFO  pipeline.PipelineManagerImpl (PipelineManagerImpl.java:openPipeline(367)) - Pipeline Pipeline[ Id: e6ea879c-aab2-40a4-9c2f-0bc910ac6834, Nodes: 941873b5-59b7-467c-8b24-fc39e29fe3c9(fv-az213-973.c2vz3wqhpjau3hcstnyptvmwla.cx.internal.cloudapp.net/10.1.0.60), ReplicationConfig: RATIS/ONE, State:ALLOCATED, leaderId:941873b5-59b7-467c-8b24-fc39e29fe3c9, CreationTimestamp2023-02-01T19:04:10.173Z[Etc/UTC]] moved to OPEN state
2023-02-01 19:04:13,190 [pool-203-thread-1] INFO  server.RaftServerConfigKeys (ConfUtils.java:logGet(46)) - raft.server.log.use.memory = false (default)
2023-02-01 19:04:13,190 [EventQueue-OpenPipelineForHealthyPipelineSafeModeRule] INFO  safemode.SCMSafeModeManager (HealthyPipelineSafeModeRule.java:process(137)) - SCM in safe mode. Healthy pipelines reported count is 0, required healthy pipeline reported count is 1
2023-02-01 19:04:13,190 [pool-203-thread-1] INFO  server.RaftServerConfigKeys (ConfUtils.java:logGet(46)) - raft.server.log.purge.gap = 1000000 (custom)
2023-02-01 19:04:13,191 [pool-203-thread-1] INFO  server.RaftServerConfigKeys (ConfUtils.java:logGet(46)) - raft.server.log.appender.buffer.byte-limit = 33554432 (custom)
2023-02-01 19:04:13,191 [pool-203-thread-1] INFO  server.RaftServerConfigKeys (ConfUtils.java:logGet(46)) - raft.server.log.statemachine.data.read.timeout = 1000ms (default)
2023-02-01 19:04:13,192 [pool-203-thread-1] INFO  server.RaftServerConfigKeys (ConfUtils.java:logGet(46)) - raft.server.log.purge.preservation.log.num = 0 (default)
2023-02-01 19:04:13,192 [pool-203-thread-1] INFO  server.RaftServerConfigKeys (ConfUtils.java:logGet(46)) - raft.server.log.segment.size.max = 1048576 (custom)
2023-02-01 19:04:13,192 [pool-203-thread-1] INFO  server.RaftServerConfigKeys (ConfUtils.java:logGet(46)) - raft.server.log.segment.cache.num.max = 2 (custom)
2023-02-01 19:04:13,192 [pool-203-thread-1] INFO  server.RaftServerConfigKeys (ConfUtils.java:logGet(46)) - raft.server.log.segment.cache.size.max = 200MB (=209715200) (default)
2023-02-01 19:04:13,192 [pool-203-thread-1] INFO  segmented.SegmentedRaftLogWorker (SegmentedRaftLogWorker.java:<init>(189)) - new 941873b5-59b7-467c-8b24-fc39e29fe3c9@group-0BC910AC6834-SegmentedRaftLogWorker for RaftStorageImpl:Storage Directory /home/runner/work/ozone/ozone/hadoop-ozone/integration-test/target/test-dir/MiniOzoneClusterImpl-74e3824a-f6bc-4c6a-9d81-a3a47ccb7612/datanode-6/data/ratis/e6ea879c-aab2-40a4-9c2f-0bc910ac6834
2023-02-01 19:04:13,192 [pool-203-thread-1] INFO  server.RaftServerConfigKeys (ConfUtils.java:logGet(46)) - raft.server.log.queue.byte-limit = 4294967296 (custom)
2023-02-01 19:04:13,192 [pool-203-thread-1] INFO  server.RaftServerConfigKeys (ConfUtils.java:logGet(46)) - raft.server.log.queue.element-limit = 1024 (custom)
2023-02-01 19:04:13,192 [pool-203-thread-1] INFO  server.RaftServerConfigKeys (ConfUtils.java:logGet(46)) - raft.server.log.segment.size.max = 1048576 (custom)
2023-02-01 19:04:13,192 [pool-203-thread-1] INFO  server.RaftServerConfigKeys (ConfUtils.java:logGet(46)) - raft.server.log.preallocated.size = 16384 (custom)
2023-02-01 19:04:13,192 [pool-203-thread-1] INFO  server.RaftServerConfigKeys (ConfUtils.java:logGet(46)) - raft.server.log.force.sync.num = 128 (default)
2023-02-01 19:04:13,193 [pool-203-thread-1] INFO  server.RaftServerConfigKeys (ConfUtils.java:logGet(46)) - raft.server.log.statemachine.data.sync = true (default)
2023-02-01 19:04:13,193 [pool-203-thread-1] INFO  server.RaftServerConfigKeys (ConfUtils.java:logGet(46)) - raft.server.log.statemachine.data.sync.timeout = 10s (default)
2023-02-01 19:04:13,193 [pool-203-thread-1] INFO  server.RaftServerConfigKeys (ConfUtils.java:logGet(46)) - raft.server.log.statemachine.data.sync.timeout.retry = -1 (default)
2023-02-01 19:04:13,193 [pool-203-thread-1] INFO  server.RaftServerConfigKeys (ConfUtils.java:logGet(46)) - raft.server.log.write.buffer.size = 1048576 (custom)
2023-02-01 19:04:13,194 [pool-203-thread-1] INFO  server.RaftServerConfigKeys (ConfUtils.java:logGet(46)) - raft.server.log.appender.buffer.byte-limit = 33554432 (custom)
2023-02-01 19:04:13,199 [pool-203-thread-1] INFO  server.RaftServerConfigKeys (ConfUtils.java:logGet(46)) - raft.server.log.unsafe-flush.enabled = false (default)
2023-02-01 19:04:13,199 [pool-203-thread-1] INFO  server.RaftServerConfigKeys (ConfUtils.java:logGet(46)) - raft.server.log.async-flush.enabled = false (default)
2023-02-01 19:04:13,199 [pool-203-thread-1] INFO  server.RaftServerConfigKeys (ConfUtils.java:logGet(46)) - raft.server.log.statemachine.data.caching.enabled = true (custom)
2023-02-01 19:04:13,199 [pool-203-thread-1] INFO  segmented.SegmentedRaftLogWorker (SegmentedRaftLogWorker.java:lambda$new$0(135)) - 941873b5-59b7-467c-8b24-fc39e29fe3c9@group-0BC910AC6834-SegmentedRaftLogWorker: flushIndex: setUnconditionally 0 -> -1
2023-02-01 19:04:13,200 [pool-203-thread-1] INFO  segmented.SegmentedRaftLogWorker (SegmentedRaftLogWorker.java:lambda$new$0(135)) - 941873b5-59b7-467c-8b24-fc39e29fe3c9@group-0BC910AC6834-SegmentedRaftLogWorker: safeCacheEvictIndex: setUnconditionally 0 -> -1
2023-02-01 19:04:13,200 [pool-203-thread-1] INFO  server.RaftServer$Division (RaftServerImpl.java:start(334)) - 941873b5-59b7-467c-8b24-fc39e29fe3c9@group-0BC910AC6834: start as a follower, conf=-1: peers:[941873b5-59b7-467c-8b24-fc39e29fe3c9|rpc:10.1.0.60:41089|dataStream:10.1.0.60:37687|priority:1|startupRole:FOLLOWER]|listeners:[], old=null
2023-02-01 19:04:13,200 [pool-203-thread-1] INFO  server.RaftServer$Division (RaftServerImpl.java:setRole(321)) - 941873b5-59b7-467c-8b24-fc39e29fe3c9@group-0BC910AC6834: changes role from      null to FOLLOWER at term 0 for startAsFollower
2023-02-01 19:04:13,200 [pool-203-thread-1] INFO  impl.RoleInfo (RoleInfo.java:updateAndGet(139)) - 941873b5-59b7-467c-8b24-fc39e29fe3c9: start 941873b5-59b7-467c-8b24-fc39e29fe3c9@group-0BC910AC6834-FollowerState
2023-02-01 19:04:13,202 [pool-203-thread-1] INFO  util.JmxRegister (JmxRegister.java:tryRegister(44)) - Successfully registered JMX Bean with object name Ratis:service=RaftServer,group=group-0BC910AC6834,id=941873b5-59b7-467c-8b24-fc39e29fe3c9
2023-02-01 19:04:13,203 [pool-203-thread-1] INFO  server.RaftServerConfigKeys (ConfUtils.java:logGet(46)) - raft.server.snapshot.auto.trigger.enabled = true (custom)
2023-02-01 19:04:13,203 [pool-203-thread-1] INFO  server.RaftServerConfigKeys (ConfUtils.java:logGet(46)) - raft.server.snapshot.auto.trigger.threshold = 10000 (custom)
2023-02-01 19:04:13,203 [pool-203-thread-1] INFO  server.RaftServerConfigKeys (ConfUtils.java:logGet(46)) - raft.server.snapshot.retention.file.num = 5 (custom)
2023-02-01 19:04:13,203 [pool-203-thread-1] INFO  server.RaftServerConfigKeys (ConfUtils.java:logGet(46)) - raft.server.log.purge.upto.snapshot.index = false (default)
2023-02-01 19:04:13,205 [Command processor thread] INFO  ratis.XceiverServerRatis (XceiverServerRatis.java:addGroup(806)) - Created group PipelineID=e6ea879c-aab2-40a4-9c2f-0bc910ac6834
2023-02-01 19:04:13,205 [Command processor thread] INFO  commandhandler.CreatePipelineCommandHandler (CreatePipelineCommandHandler.java:handle(113)) - Created Pipeline RATIS ONE PipelineID=e6ea879c-aab2-40a4-9c2f-0bc910ac6834.
2023-02-01 19:04:13,205 [941873b5-59b7-467c-8b24-fc39e29fe3c9@group-0BC910AC6834-FollowerState] INFO  server.RaftServerConfigKeys (ConfUtils.java:logFallback(53)) - raft.server.rpc.first-election.timeout.min = 5s (fallback to raft.server.rpc.timeout.min)
2023-02-01 19:04:13,205 [941873b5-59b7-467c-8b24-fc39e29fe3c9@group-0BC910AC6834-FollowerState] INFO  server.RaftServerConfigKeys (ConfUtils.java:logFallback(53)) - raft.server.rpc.first-election.timeout.max = 5200ms (fallback to raft.server.rpc.timeout.max)
2023-02-01 19:04:14,177 [Listener at 127.0.0.1/34005] INFO  ozone.MiniOzoneClusterImpl (MiniOzoneClusterImpl.java:lambda$waitForClusterToBeReady$0(218)) - Nodes are ready. Got 7 of 7 DN Heartbeats.
2023-02-01 19:04:14,177 [Listener at 127.0.0.1/34005] INFO  ozone.MiniOzoneClusterImpl (MiniOzoneClusterImpl.java:lambda$waitForClusterToBeReady$0(221)) - Waiting for cluster to exit safe mode
2023-02-01 19:04:14,178 [Listener at 127.0.0.1/34005] INFO  ozone.MiniOzoneClusterImpl (MiniOzoneClusterImpl.java:lambda$waitForClusterToBeReady$0(223)) - SCM became leader
2023-02-01 19:04:15,178 [Listener at 127.0.0.1/34005] INFO  ozone.MiniOzoneClusterImpl (MiniOzoneClusterImpl.java:lambda$waitForClusterToBeReady$0(218)) - Nodes are ready. Got 7 of 7 DN Heartbeats.
2023-02-01 19:04:15,178 [Listener at 127.0.0.1/34005] INFO  ozone.MiniOzoneClusterImpl (MiniOzoneClusterImpl.java:lambda$waitForClusterToBeReady$0(221)) - Waiting for cluster to exit safe mode
2023-02-01 19:04:15,178 [Listener at 127.0.0.1/34005] INFO  ozone.MiniOzoneClusterImpl (MiniOzoneClusterImpl.java:lambda$waitForClusterToBeReady$0(223)) - SCM became leader
2023-02-01 19:04:15,859 [983f5510-3bfc-4466-a3b1-ba468ed7f96d@group-3C2EE92EC937-FollowerState] INFO  impl.FollowerState (FollowerState.java:run(143)) - 983f5510-3bfc-4466-a3b1-ba468ed7f96d@group-3C2EE92EC937-FollowerState: change to CANDIDATE, lastRpcElapsedTime:5092162086ns, electionTimeout:5090ms
2023-02-01 19:04:15,859 [983f5510-3bfc-4466-a3b1-ba468ed7f96d@group-3C2EE92EC937-FollowerState] INFO  impl.RoleInfo (RoleInfo.java:shutdownFollowerState(110)) - 983f5510-3bfc-4466-a3b1-ba468ed7f96d: shutdown 983f5510-3bfc-4466-a3b1-ba468ed7f96d@group-3C2EE92EC937-FollowerState
2023-02-01 19:04:15,859 [983f5510-3bfc-4466-a3b1-ba468ed7f96d@group-3C2EE92EC937-FollowerState] INFO  server.RaftServer$Division (RaftServerImpl.java:setRole(321)) - 983f5510-3bfc-4466-a3b1-ba468ed7f96d@group-3C2EE92EC937: changes role from  FOLLOWER to CANDIDATE at term 0 for changeToCandidate
2023-02-01 19:04:15,861 [983f5510-3bfc-4466-a3b1-ba468ed7f96d@group-3C2EE92EC937-FollowerState] INFO  server.RaftServerConfigKeys (ConfUtils.java:logGet(46)) - raft.server.leaderelection.pre-vote = false (custom)
2023-02-01 19:04:15,861 [983f5510-3bfc-4466-a3b1-ba468ed7f96d@group-3C2EE92EC937-FollowerState] INFO  impl.RoleInfo (RoleInfo.java:updateAndGet(139)) - 983f5510-3bfc-4466-a3b1-ba468ed7f96d: start 983f5510-3bfc-4466-a3b1-ba468ed7f96d@group-3C2EE92EC937-LeaderElection2
2023-02-01 19:04:16,234 [JvmPauseMonitor1] WARN  util.JvmPauseMonitor (JvmPauseMonitor.java:detectPause(126)) - JvmPauseMonitor-983f5510-3bfc-4466-a3b1-ba468ed7f96d: Detected pause in JVM or host machine (eg GC): pause of approximately 252266283ns.
GC pool 'PS MarkSweep' had collection(s): count=1 time=248ms
GC pool 'PS Scavenge' had collection(s): count=1 time=116ms
2023-02-01 19:04:16,235 [983f5510-3bfc-4466-a3b1-ba468ed7f96d@group-75D53D8CFFD4-FollowerState] INFO  impl.FollowerState (FollowerState.java:run(143)) - 983f5510-3bfc-4466-a3b1-ba468ed7f96d@group-75D53D8CFFD4-FollowerState: change to CANDIDATE, lastRpcElapsedTime:5425915605ns, electionTimeout:5128ms
2023-02-01 19:04:16,236 [983f5510-3bfc-4466-a3b1-ba468ed7f96d@group-75D53D8CFFD4-FollowerState] INFO  impl.RoleInfo (RoleInfo.java:shutdownFollowerState(110)) - 983f5510-3bfc-4466-a3b1-ba468ed7f96d: shutdown 983f5510-3bfc-4466-a3b1-ba468ed7f96d@group-75D53D8CFFD4-FollowerState
2023-02-01 19:04:16,236 [983f5510-3bfc-4466-a3b1-ba468ed7f96d@group-75D53D8CFFD4-FollowerState] INFO  server.RaftServer$Division (RaftServerImpl.java:setRole(321)) - 983f5510-3bfc-4466-a3b1-ba468ed7f96d@group-75D53D8CFFD4: changes role from  FOLLOWER to CANDIDATE at term 0 for changeToCandidate
2023-02-01 19:04:16,237 [983f5510-3bfc-4466-a3b1-ba468ed7f96d@group-75D53D8CFFD4-FollowerState] INFO  server.RaftServerConfigKeys (ConfUtils.java:logGet(46)) - raft.server.leaderelection.pre-vote = false (custom)
2023-02-01 19:04:16,237 [983f5510-3bfc-4466-a3b1-ba468ed7f96d@group-75D53D8CFFD4-FollowerState] INFO  impl.RoleInfo (RoleInfo.java:updateAndGet(139)) - 983f5510-3bfc-4466-a3b1-ba468ed7f96d: start 983f5510-3bfc-4466-a3b1-ba468ed7f96d@group-75D53D8CFFD4-LeaderElection3
2023-02-01 19:04:16,242 [JvmPauseMonitor5] WARN  util.JvmPauseMonitor (JvmPauseMonitor.java:detectPause(126)) - JvmPauseMonitor-c542d8dc-da9e-4bdb-b4f7-db3abed755ad: Detected pause in JVM or host machine (eg GC): pause of approximately 347663413ns.
GC pool 'PS MarkSweep' had collection(s): count=1 time=248ms
GC pool 'PS Scavenge' had collection(s): count=1 time=116ms
2023-02-01 19:04:16,242 [Listener at 127.0.0.1/34005] INFO  ozone.MiniOzoneClusterImpl (MiniOzoneClusterImpl.java:lambda$waitForClusterToBeReady$0(218)) - Nodes are ready. Got 7 of 7 DN Heartbeats.
2023-02-01 19:04:16,242 [Listener at 127.0.0.1/34005] INFO  ozone.MiniOzoneClusterImpl (MiniOzoneClusterImpl.java:lambda$waitForClusterToBeReady$0(221)) - Waiting for cluster to exit safe mode
2023-02-01 19:04:16,242 [Listener at 127.0.0.1/34005] INFO  ozone.MiniOzoneClusterImpl (MiniOzoneClusterImpl.java:lambda$waitForClusterToBeReady$0(223)) - SCM became leader
2023-02-01 19:04:16,244 [983f5510-3bfc-4466-a3b1-ba468ed7f96d@group-3C2EE92EC937-LeaderElection2] INFO  impl.LeaderElection (LeaderElection.java:askForVotes(312)) - 983f5510-3bfc-4466-a3b1-ba468ed7f96d@group-3C2EE92EC937-LeaderElection2 ELECTION round 0: submit vote requests at term 1 for -1: peers:[983f5510-3bfc-4466-a3b1-ba468ed7f96d|rpc:10.1.0.60:41377|dataStream:10.1.0.60:43549|priority:1|startupRole:FOLLOWER]|listeners:[], old=null
2023-02-01 19:04:16,244 [983f5510-3bfc-4466-a3b1-ba468ed7f96d@group-3C2EE92EC937-LeaderElection2] INFO  impl.LeaderElection (LeaderElection.java:askForVotes(314)) - 983f5510-3bfc-4466-a3b1-ba468ed7f96d@group-3C2EE92EC937-LeaderElection2 ELECTION round 0: result PASSED (term=1)
2023-02-01 19:04:16,244 [983f5510-3bfc-4466-a3b1-ba468ed7f96d@group-3C2EE92EC937-LeaderElection2] INFO  impl.RoleInfo (RoleInfo.java:shutdownLeaderElection(130)) - 983f5510-3bfc-4466-a3b1-ba468ed7f96d: shutdown 983f5510-3bfc-4466-a3b1-ba468ed7f96d@group-3C2EE92EC937-LeaderElection2
2023-02-01 19:04:16,244 [983f5510-3bfc-4466-a3b1-ba468ed7f96d@group-3C2EE92EC937-LeaderElection2] INFO  server.RaftServer$Division (RaftServerImpl.java:setRole(321)) - 983f5510-3bfc-4466-a3b1-ba468ed7f96d@group-3C2EE92EC937: changes role from CANDIDATE to LEADER at term 1 for changeToLeader
2023-02-01 19:04:16,244 [983f5510-3bfc-4466-a3b1-ba468ed7f96d@group-3C2EE92EC937-LeaderElection2] INFO  ratis.XceiverServerRatis (XceiverServerRatis.java:handleLeaderChangedNotification(904)) - Leader change notification received for group: group-3C2EE92EC937 with new leaderId: 983f5510-3bfc-4466-a3b1-ba468ed7f96d
2023-02-01 19:04:16,244 [983f5510-3bfc-4466-a3b1-ba468ed7f96d@group-3C2EE92EC937-LeaderElection2] INFO  server.RaftServer$Division (ServerState.java:setLeader(313)) - 983f5510-3bfc-4466-a3b1-ba468ed7f96d@group-3C2EE92EC937: change Leader from null to 983f5510-3bfc-4466-a3b1-ba468ed7f96d at term 1 for becomeLeader, leader elected after 5509ms
2023-02-01 19:04:16,245 [983f5510-3bfc-4466-a3b1-ba468ed7f96d@group-3C2EE92EC937-LeaderElection2] INFO  server.RaftServerConfigKeys (ConfUtils.java:logGet(46)) - raft.server.staging.catchup.gap = 1000 (default)
2023-02-01 19:04:16,245 [983f5510-3bfc-4466-a3b1-ba468ed7f96d@group-3C2EE92EC937-LeaderElection2] INFO  server.RaftServerConfigKeys (ConfUtils.java:logGet(46)) - raft.server.write.element-limit = 1024 (custom)
2023-02-01 19:04:16,245 [983f5510-3bfc-4466-a3b1-ba468ed7f96d@group-3C2EE92EC937-LeaderElection2] INFO  server.RaftServerConfigKeys (ConfUtils.java:logGet(46)) - raft.server.write.byte-limit = 1024 M (=1073741824) (custom)
2023-02-01 19:04:16,245 [983f5510-3bfc-4466-a3b1-ba468ed7f96d@group-3C2EE92EC937-LeaderElection2] INFO  server.RaftServerConfigKeys (ConfUtils.java:logGet(46)) - raft.server.watch.timeout = 180s (custom)
2023-02-01 19:04:16,245 [983f5510-3bfc-4466-a3b1-ba468ed7f96d@group-3C2EE92EC937-LeaderElection2] INFO  server.RaftServerConfigKeys (ConfUtils.java:logGet(46)) - raft.server.watch.timeout.denomination = 1s (default)
2023-02-01 19:04:16,245 [983f5510-3bfc-4466-a3b1-ba468ed7f96d@group-3C2EE92EC937-LeaderElection2] INFO  server.RaftServerConfigKeys (ConfUtils.java:logGet(46)) - raft.server.watch.element-limit = 65536 (default)
2023-02-01 19:04:16,245 [983f5510-3bfc-4466-a3b1-ba468ed7f96d@group-3C2EE92EC937-LeaderElection2] INFO  server.RaftServerConfigKeys (ConfUtils.java:logGet(46)) - raft.server.write.element-limit = 1024 (custom)
2023-02-01 19:04:16,245 [983f5510-3bfc-4466-a3b1-ba468ed7f96d@group-3C2EE92EC937-LeaderElection2] INFO  server.RaftServerConfigKeys (ConfUtils.java:logGet(46)) - raft.server.write.follower.gap.ratio.max = -1.0 (default)
2023-02-01 19:04:16,246 [983f5510-3bfc-4466-a3b1-ba468ed7f96d@group-3C2EE92EC937-LeaderElection2] INFO  impl.RoleInfo (RoleInfo.java:updateAndGet(139)) - 983f5510-3bfc-4466-a3b1-ba468ed7f96d: start 983f5510-3bfc-4466-a3b1-ba468ed7f96d@group-3C2EE92EC937-LeaderStateImpl
2023-02-01 19:04:16,246 [983f5510-3bfc-4466-a3b1-ba468ed7f96d@group-3C2EE92EC937-LeaderElection2] INFO  segmented.SegmentedRaftLogWorker (SegmentedRaftLogWorker.java:startLogSegment(452)) - 983f5510-3bfc-4466-a3b1-ba468ed7f96d@group-3C2EE92EC937-SegmentedRaftLogWorker: Starting segment from index:0
2023-02-01 19:04:16,247 [983f5510-3bfc-4466-a3b1-ba468ed7f96d@group-3C2EE92EC937-SegmentedRaftLogWorker] INFO  segmented.SegmentedRaftLogWorker (SegmentedRaftLogWorker.java:execute(656)) - 983f5510-3bfc-4466-a3b1-ba468ed7f96d@group-3C2EE92EC937-SegmentedRaftLogWorker: created new log segment /home/runner/work/ozone/ozone/hadoop-ozone/integration-test/target/test-dir/MiniOzoneClusterImpl-74e3824a-f6bc-4c6a-9d81-a3a47ccb7612/datanode-0/data/ratis/f5eefc16-2faf-4a8d-91f4-3c2ee92ec937/current/log_inprogress_0
2023-02-01 19:04:16,249 [EventQueue-OpenPipelineForHealthyPipelineSafeModeRule] INFO  safemode.SCMSafeModeManager (HealthyPipelineSafeModeRule.java:process(137)) - SCM in safe mode. Healthy pipelines reported count is 0, required healthy pipeline reported count is 1
2023-02-01 19:04:16,249 [983f5510-3bfc-4466-a3b1-ba468ed7f96d@group-75D53D8CFFD4-LeaderElection3] INFO  impl.LeaderElection (LeaderElection.java:askForVotes(312)) - 983f5510-3bfc-4466-a3b1-ba468ed7f96d@group-75D53D8CFFD4-LeaderElection3 ELECTION round 0: submit vote requests at term 1 for -1: peers:[24429374-fab9-4c1d-9c36-955fd0efba95|rpc:10.1.0.60:36493|dataStream:10.1.0.60:46515|priority:1|startupRole:FOLLOWER, 983f5510-3bfc-4466-a3b1-ba468ed7f96d|rpc:10.1.0.60:41377|dataStream:10.1.0.60:43549|priority:0|startupRole:FOLLOWER, 0e631a51-c9de-4e15-b89a-5991bd1d32f2|rpc:10.1.0.60:46279|dataStream:10.1.0.60:37373|priority:0|startupRole:FOLLOWER]|listeners:[], old=null
2023-02-01 19:04:16,254 [983f5510-3bfc-4466-a3b1-ba468ed7f96d@group-3C2EE92EC937-LeaderElection2] INFO  server.RaftServer$Division (ServerState.java:setRaftConf(430)) - 983f5510-3bfc-4466-a3b1-ba468ed7f96d@group-3C2EE92EC937: set configuration 0: peers:[983f5510-3bfc-4466-a3b1-ba468ed7f96d|rpc:10.1.0.60:41377|dataStream:10.1.0.60:43549|priority:1|startupRole:FOLLOWER]|listeners:[], old=null
2023-02-01 19:04:16,260 [983f5510-3bfc-4466-a3b1-ba468ed7f96d@group-75D53D8CFFD4-LeaderElection3] INFO  server.RaftServerConfigKeys (ConfUtils.java:logFallback(53)) - raft.server.rpc.first-election.timeout.min = 5s (fallback to raft.server.rpc.timeout.min)
2023-02-01 19:04:16,262 [983f5510-3bfc-4466-a3b1-ba468ed7f96d@group-75D53D8CFFD4-LeaderElection3] INFO  server.RaftServerConfigKeys (ConfUtils.java:logFallback(53)) - raft.server.rpc.first-election.timeout.max = 5200ms (fallback to raft.server.rpc.timeout.max)
2023-02-01 19:04:16,264 [983f5510-3bfc-4466-a3b1-ba468ed7f96d@group-75D53D8CFFD4-LeaderElection3-1] INFO  server.GrpcServerProtocolClient (GrpcServerProtocolClient.java:<init>(63)) - Build channel for 24429374-fab9-4c1d-9c36-955fd0efba95
2023-02-01 19:04:16,268 [983f5510-3bfc-4466-a3b1-ba468ed7f96d@group-75D53D8CFFD4-LeaderElection3-2] INFO  server.GrpcServerProtocolClient (GrpcServerProtocolClient.java:<init>(63)) - Build channel for 0e631a51-c9de-4e15-b89a-5991bd1d32f2
2023-02-01 19:04:16,281 [grpc-default-executor-0] INFO  server.RaftServer$Division (RaftServerImpl.java:requestVote(1218)) - 24429374-fab9-4c1d-9c36-955fd0efba95@group-75D53D8CFFD4: receive requestVote(ELECTION, 983f5510-3bfc-4466-a3b1-ba468ed7f96d, group-75D53D8CFFD4, 1, (t:0, i:0))
2023-02-01 19:04:16,281 [grpc-default-executor-1] INFO  server.RaftServer$Division (RaftServerImpl.java:requestVote(1218)) - 0e631a51-c9de-4e15-b89a-5991bd1d32f2@group-75D53D8CFFD4: receive requestVote(ELECTION, 983f5510-3bfc-4466-a3b1-ba468ed7f96d, group-75D53D8CFFD4, 1, (t:0, i:0))
2023-02-01 19:04:16,283 [grpc-default-executor-1] INFO  impl.VoteContext (VoteContext.java:log(49)) - 0e631a51-c9de-4e15-b89a-5991bd1d32f2@group-75D53D8CFFD4-FOLLOWER: accept ELECTION from 983f5510-3bfc-4466-a3b1-ba468ed7f96d: our priority 0 <= candidate's priority 0
2023-02-01 19:04:16,283 [grpc-default-executor-1] INFO  server.RaftServer$Division (RaftServerImpl.java:setRole(321)) - 0e631a51-c9de-4e15-b89a-5991bd1d32f2@group-75D53D8CFFD4: changes role from  FOLLOWER to FOLLOWER at term 1 for candidate:983f5510-3bfc-4466-a3b1-ba468ed7f96d
2023-02-01 19:04:16,283 [grpc-default-executor-1] INFO  impl.RoleInfo (RoleInfo.java:shutdownFollowerState(110)) - 0e631a51-c9de-4e15-b89a-5991bd1d32f2: shutdown 0e631a51-c9de-4e15-b89a-5991bd1d32f2@group-75D53D8CFFD4-FollowerState
2023-02-01 19:04:16,284 [grpc-default-executor-1] INFO  impl.RoleInfo (RoleInfo.java:updateAndGet(139)) - 0e631a51-c9de-4e15-b89a-5991bd1d32f2: start 0e631a51-c9de-4e15-b89a-5991bd1d32f2@group-75D53D8CFFD4-FollowerState
2023-02-01 19:04:16,284 [0e631a51-c9de-4e15-b89a-5991bd1d32f2@group-75D53D8CFFD4-FollowerState] INFO  impl.FollowerState (FollowerState.java:run(152)) - 0e631a51-c9de-4e15-b89a-5991bd1d32f2@group-75D53D8CFFD4-FollowerState was interrupted
2023-02-01 19:04:16,284 [grpc-default-executor-0] INFO  impl.VoteContext (VoteContext.java:log(49)) - 24429374-fab9-4c1d-9c36-955fd0efba95@group-75D53D8CFFD4-FOLLOWER: reject ELECTION from 983f5510-3bfc-4466-a3b1-ba468ed7f96d: our priority 1 > candidate's priority 0
2023-02-01 19:04:16,285 [grpc-default-executor-0] INFO  server.RaftServer$Division (RaftServerImpl.java:setRole(321)) - 24429374-fab9-4c1d-9c36-955fd0efba95@group-75D53D8CFFD4: changes role from  FOLLOWER to FOLLOWER at term 1 for candidate:983f5510-3bfc-4466-a3b1-ba468ed7f96d
2023-02-01 19:04:16,286 [grpc-default-executor-0] INFO  impl.RoleInfo (RoleInfo.java:shutdownFollowerState(110)) - 24429374-fab9-4c1d-9c36-955fd0efba95: shutdown 24429374-fab9-4c1d-9c36-955fd0efba95@group-75D53D8CFFD4-FollowerState
2023-02-01 19:04:16,286 [24429374-fab9-4c1d-9c36-955fd0efba95@group-75D53D8CFFD4-FollowerState] INFO  impl.FollowerState (FollowerState.java:run(152)) - 24429374-fab9-4c1d-9c36-955fd0efba95@group-75D53D8CFFD4-FollowerState was interrupted
2023-02-01 19:04:16,288 [grpc-default-executor-0] INFO  impl.RoleInfo (RoleInfo.java:updateAndGet(139)) - 24429374-fab9-4c1d-9c36-955fd0efba95: start 24429374-fab9-4c1d-9c36-955fd0efba95@group-75D53D8CFFD4-FollowerState
2023-02-01 19:04:16,291 [grpc-default-executor-1] INFO  server.RaftServer$Division (RaftServerImpl.java:requestVote(1251)) - 0e631a51-c9de-4e15-b89a-5991bd1d32f2@group-75D53D8CFFD4 replies to ELECTION vote request: 983f5510-3bfc-4466-a3b1-ba468ed7f96d<-0e631a51-c9de-4e15-b89a-5991bd1d32f2#0:OK-t1. Peer's state: 0e631a51-c9de-4e15-b89a-5991bd1d32f2@group-75D53D8CFFD4:t1, leader=null, voted=983f5510-3bfc-4466-a3b1-ba468ed7f96d, raftlog=Memoized:0e631a51-c9de-4e15-b89a-5991bd1d32f2@group-75D53D8CFFD4-SegmentedRaftLog:OPENED:c-1, conf=-1: peers:[24429374-fab9-4c1d-9c36-955fd0efba95|rpc:10.1.0.60:36493|dataStream:10.1.0.60:46515|priority:1|startupRole:FOLLOWER, 983f5510-3bfc-4466-a3b1-ba468ed7f96d|rpc:10.1.0.60:41377|dataStream:10.1.0.60:43549|priority:0|startupRole:FOLLOWER, 0e631a51-c9de-4e15-b89a-5991bd1d32f2|rpc:10.1.0.60:46279|dataStream:10.1.0.60:37373|priority:0|startupRole:FOLLOWER]|listeners:[], old=null
2023-02-01 19:04:16,288 [0e631a51-c9de-4e15-b89a-5991bd1d32f2@group-75D53D8CFFD4-FollowerState] INFO  server.RaftServerConfigKeys (ConfUtils.java:logFallback(53)) - raft.server.rpc.first-election.timeout.min = 5s (fallback to raft.server.rpc.timeout.min)
2023-02-01 19:04:16,292 [0e631a51-c9de-4e15-b89a-5991bd1d32f2@group-75D53D8CFFD4-FollowerState] INFO  server.RaftServerConfigKeys (ConfUtils.java:logFallback(53)) - raft.server.rpc.first-election.timeout.max = 5200ms (fallback to raft.server.rpc.timeout.max)
2023-02-01 19:04:16,296 [grpc-default-executor-0] INFO  server.RaftServer$Division (RaftServerImpl.java:requestVote(1251)) - 24429374-fab9-4c1d-9c36-955fd0efba95@group-75D53D8CFFD4 replies to ELECTION vote request: 983f5510-3bfc-4466-a3b1-ba468ed7f96d<-24429374-fab9-4c1d-9c36-955fd0efba95#0:FAIL-t1. Peer's state: 24429374-fab9-4c1d-9c36-955fd0efba95@group-75D53D8CFFD4:t1, leader=null, voted=null, raftlog=Memoized:24429374-fab9-4c1d-9c36-955fd0efba95@group-75D53D8CFFD4-SegmentedRaftLog:OPENED:c-1, conf=-1: peers:[24429374-fab9-4c1d-9c36-955fd0efba95|rpc:10.1.0.60:36493|dataStream:10.1.0.60:46515|priority:1|startupRole:FOLLOWER, 983f5510-3bfc-4466-a3b1-ba468ed7f96d|rpc:10.1.0.60:41377|dataStream:10.1.0.60:43549|priority:0|startupRole:FOLLOWER, 0e631a51-c9de-4e15-b89a-5991bd1d32f2|rpc:10.1.0.60:46279|dataStream:10.1.0.60:37373|priority:0|startupRole:FOLLOWER]|listeners:[], old=null
2023-02-01 19:04:16,298 [983f5510-3bfc-4466-a3b1-ba468ed7f96d@group-75D53D8CFFD4-LeaderElection3] INFO  impl.LeaderElection (LeaderElection.java:logAndReturn(90)) - 983f5510-3bfc-4466-a3b1-ba468ed7f96d@group-75D53D8CFFD4-LeaderElection3: ELECTION REJECTED received 2 response(s) and 0 exception(s):
2023-02-01 19:04:16,298 [983f5510-3bfc-4466-a3b1-ba468ed7f96d@group-75D53D8CFFD4-LeaderElection3] INFO  impl.LeaderElection (LeaderElection.java:logAndReturn(94)) -   Response 0: 983f5510-3bfc-4466-a3b1-ba468ed7f96d<-24429374-fab9-4c1d-9c36-955fd0efba95#0:FAIL-t1
2023-02-01 19:04:16,298 [983f5510-3bfc-4466-a3b1-ba468ed7f96d@group-75D53D8CFFD4-LeaderElection3] INFO  impl.LeaderElection (LeaderElection.java:logAndReturn(94)) -   Response 1: 983f5510-3bfc-4466-a3b1-ba468ed7f96d<-0e631a51-c9de-4e15-b89a-5991bd1d32f2#0:OK-t1
2023-02-01 19:04:16,298 [983f5510-3bfc-4466-a3b1-ba468ed7f96d@group-75D53D8CFFD4-LeaderElection3] INFO  impl.LeaderElection (LeaderElection.java:askForVotes(314)) - 983f5510-3bfc-4466-a3b1-ba468ed7f96d@group-75D53D8CFFD4-LeaderElection3 ELECTION round 0: result REJECTED
2023-02-01 19:04:16,298 [983f5510-3bfc-4466-a3b1-ba468ed7f96d@group-75D53D8CFFD4-LeaderElection3] INFO  server.RaftServer$Division (RaftServerImpl.java:setRole(321)) - 983f5510-3bfc-4466-a3b1-ba468ed7f96d@group-75D53D8CFFD4: changes role from CANDIDATE to FOLLOWER at term 1 for REJECTED
2023-02-01 19:04:16,298 [983f5510-3bfc-4466-a3b1-ba468ed7f96d@group-75D53D8CFFD4-LeaderElection3] INFO  impl.RoleInfo (RoleInfo.java:shutdownLeaderElection(130)) - 983f5510-3bfc-4466-a3b1-ba468ed7f96d: shutdown 983f5510-3bfc-4466-a3b1-ba468ed7f96d@group-75D53D8CFFD4-LeaderElection3
2023-02-01 19:04:16,299 [983f5510-3bfc-4466-a3b1-ba468ed7f96d@group-75D53D8CFFD4-LeaderElection3] INFO  impl.RoleInfo (RoleInfo.java:updateAndGet(139)) - 983f5510-3bfc-4466-a3b1-ba468ed7f96d: start 983f5510-3bfc-4466-a3b1-ba468ed7f96d@group-75D53D8CFFD4-FollowerState
2023-02-01 19:04:16,302 [24429374-fab9-4c1d-9c36-955fd0efba95@group-75D53D8CFFD4-FollowerState] INFO  server.RaftServerConfigKeys (ConfUtils.java:logFallback(53)) - raft.server.rpc.first-election.timeout.min = 5s (fallback to raft.server.rpc.timeout.min)
2023-02-01 19:04:16,310 [24429374-fab9-4c1d-9c36-955fd0efba95@group-75D53D8CFFD4-FollowerState] INFO  server.RaftServerConfigKeys (ConfUtils.java:logFallback(53)) - raft.server.rpc.first-election.timeout.max = 5200ms (fallback to raft.server.rpc.timeout.max)
2023-02-01 19:04:16,311 [983f5510-3bfc-4466-a3b1-ba468ed7f96d@group-75D53D8CFFD4-FollowerState] INFO  server.RaftServerConfigKeys (ConfUtils.java:logFallback(53)) - raft.server.rpc.first-election.timeout.min = 5s (fallback to raft.server.rpc.timeout.min)
2023-02-01 19:04:16,311 [983f5510-3bfc-4466-a3b1-ba468ed7f96d@group-75D53D8CFFD4-FollowerState] INFO  server.RaftServerConfigKeys (ConfUtils.java:logFallback(53)) - raft.server.rpc.first-election.timeout.max = 5200ms (fallback to raft.server.rpc.timeout.max)
2023-02-01 19:04:16,423 [0e631a51-c9de-4e15-b89a-5991bd1d32f2@group-76D4760402A7-FollowerState] INFO  impl.FollowerState (FollowerState.java:run(143)) - 0e631a51-c9de-4e15-b89a-5991bd1d32f2@group-76D4760402A7-FollowerState: change to CANDIDATE, lastRpcElapsedTime:5076656327ns, electionTimeout:5064ms
2023-02-01 19:04:16,423 [0e631a51-c9de-4e15-b89a-5991bd1d32f2@group-76D4760402A7-FollowerState] INFO  impl.RoleInfo (RoleInfo.java:shutdownFollowerState(110)) - 0e631a51-c9de-4e15-b89a-5991bd1d32f2: shutdown 0e631a51-c9de-4e15-b89a-5991bd1d32f2@group-76D4760402A7-FollowerState
2023-02-01 19:04:16,423 [0e631a51-c9de-4e15-b89a-5991bd1d32f2@group-76D4760402A7-FollowerState] INFO  server.RaftServer$Division (RaftServerImpl.java:setRole(321)) - 0e631a51-c9de-4e15-b89a-5991bd1d32f2@group-76D4760402A7: changes role from  FOLLOWER to CANDIDATE at term 0 for changeToCandidate
2023-02-01 19:04:16,425 [0e631a51-c9de-4e15-b89a-5991bd1d32f2@group-76D4760402A7-FollowerState] INFO  server.RaftServerConfigKeys (ConfUtils.java:logGet(46)) - raft.server.leaderelection.pre-vote = false (custom)
2023-02-01 19:04:16,425 [0e631a51-c9de-4e15-b89a-5991bd1d32f2@group-76D4760402A7-FollowerState] INFO  impl.RoleInfo (RoleInfo.java:updateAndGet(139)) - 0e631a51-c9de-4e15-b89a-5991bd1d32f2: start 0e631a51-c9de-4e15-b89a-5991bd1d32f2@group-76D4760402A7-LeaderElection4
2023-02-01 19:04:16,428 [0e631a51-c9de-4e15-b89a-5991bd1d32f2@group-76D4760402A7-LeaderElection4] INFO  impl.LeaderElection (LeaderElection.java:askForVotes(312)) - 0e631a51-c9de-4e15-b89a-5991bd1d32f2@group-76D4760402A7-LeaderElection4 ELECTION round 0: submit vote requests at term 1 for -1: peers:[0e631a51-c9de-4e15-b89a-5991bd1d32f2|rpc:10.1.0.60:46279|dataStream:10.1.0.60:37373|priority:1|startupRole:FOLLOWER]|listeners:[], old=null
2023-02-01 19:04:16,428 [0e631a51-c9de-4e15-b89a-5991bd1d32f2@group-76D4760402A7-LeaderElection4] INFO  impl.LeaderElection (LeaderElection.java:askForVotes(314)) - 0e631a51-c9de-4e15-b89a-5991bd1d32f2@group-76D4760402A7-LeaderElection4 ELECTION round 0: result PASSED (term=1)
2023-02-01 19:04:16,428 [0e631a51-c9de-4e15-b89a-5991bd1d32f2@group-76D4760402A7-LeaderElection4] INFO  impl.RoleInfo (RoleInfo.java:shutdownLeaderElection(130)) - 0e631a51-c9de-4e15-b89a-5991bd1d32f2: shutdown 0e631a51-c9de-4e15-b89a-5991bd1d32f2@group-76D4760402A7-LeaderElection4
2023-02-01 19:04:16,428 [0e631a51-c9de-4e15-b89a-5991bd1d32f2@group-76D4760402A7-LeaderElection4] INFO  server.RaftServer$Division (RaftServerImpl.java:setRole(321)) - 0e631a51-c9de-4e15-b89a-5991bd1d32f2@group-76D4760402A7: changes role from CANDIDATE to LEADER at term 1 for changeToLeader
2023-02-01 19:04:16,428 [0e631a51-c9de-4e15-b89a-5991bd1d32f2@group-76D4760402A7-LeaderElection4] INFO  ratis.XceiverServerRatis (XceiverServerRatis.java:handleLeaderChangedNotification(904)) - Leader change notification received for group: group-76D4760402A7 with new leaderId: 0e631a51-c9de-4e15-b89a-5991bd1d32f2
2023-02-01 19:04:16,428 [0e631a51-c9de-4e15-b89a-5991bd1d32f2@group-76D4760402A7-LeaderElection4] INFO  server.RaftServer$Division (ServerState.java:setLeader(313)) - 0e631a51-c9de-4e15-b89a-5991bd1d32f2@group-76D4760402A7: change Leader from null to 0e631a51-c9de-4e15-b89a-5991bd1d32f2 at term 1 for becomeLeader, leader elected after 5131ms
2023-02-01 19:04:16,428 [0e631a51-c9de-4e15-b89a-5991bd1d32f2@group-76D4760402A7-LeaderElection4] INFO  server.RaftServerConfigKeys (ConfUtils.java:logGet(46)) - raft.server.staging.catchup.gap = 1000 (default)
2023-02-01 19:04:16,428 [0e631a51-c9de-4e15-b89a-5991bd1d32f2@group-76D4760402A7-LeaderElection4] INFO  server.RaftServerConfigKeys (ConfUtils.java:logGet(46)) - raft.server.write.element-limit = 1024 (custom)
2023-02-01 19:04:16,429 [0e631a51-c9de-4e15-b89a-5991bd1d32f2@group-76D4760402A7-LeaderElection4] INFO  server.RaftServerConfigKeys (ConfUtils.java:logGet(46)) - raft.server.write.byte-limit = 1024 M (=1073741824) (custom)
2023-02-01 19:04:16,429 [0e631a51-c9de-4e15-b89a-5991bd1d32f2@group-76D4760402A7-LeaderElection4] INFO  server.RaftServerConfigKeys (ConfUtils.java:logGet(46)) - raft.server.watch.timeout = 180s (custom)
2023-02-01 19:04:16,429 [0e631a51-c9de-4e15-b89a-5991bd1d32f2@group-76D4760402A7-LeaderElection4] INFO  server.RaftServerConfigKeys (ConfUtils.java:logGet(46)) - raft.server.watch.timeout.denomination = 1s (default)
2023-02-01 19:04:16,429 [0e631a51-c9de-4e15-b89a-5991bd1d32f2@group-76D4760402A7-LeaderElection4] INFO  server.RaftServerConfigKeys (ConfUtils.java:logGet(46)) - raft.server.watch.element-limit = 65536 (default)
2023-02-01 19:04:16,430 [0e631a51-c9de-4e15-b89a-5991bd1d32f2@group-76D4760402A7-LeaderElection4] INFO  server.RaftServerConfigKeys (ConfUtils.java:logGet(46)) - raft.server.write.element-limit = 1024 (custom)
2023-02-01 19:04:16,430 [0e631a51-c9de-4e15-b89a-5991bd1d32f2@group-76D4760402A7-LeaderElection4] INFO  server.RaftServerConfigKeys (ConfUtils.java:logGet(46)) - raft.server.write.follower.gap.ratio.max = -1.0 (default)
2023-02-01 19:04:16,430 [0e631a51-c9de-4e15-b89a-5991bd1d32f2@group-76D4760402A7-LeaderElection4] INFO  impl.RoleInfo (RoleInfo.java:updateAndGet(139)) - 0e631a51-c9de-4e15-b89a-5991bd1d32f2: start 0e631a51-c9de-4e15-b89a-5991bd1d32f2@group-76D4760402A7-LeaderStateImpl
2023-02-01 19:04:16,430 [0e631a51-c9de-4e15-b89a-5991bd1d32f2@group-76D4760402A7-LeaderElection4] INFO  segmented.SegmentedRaftLogWorker (SegmentedRaftLogWorker.java:startLogSegment(452)) - 0e631a51-c9de-4e15-b89a-5991bd1d32f2@group-76D4760402A7-SegmentedRaftLogWorker: Starting segment from index:0
2023-02-01 19:04:16,431 [EventQueue-OpenPipelineForHealthyPipelineSafeModeRule] INFO  safemode.SCMSafeModeManager (HealthyPipelineSafeModeRule.java:process(137)) - SCM in safe mode. Healthy pipelines reported count is 0, required healthy pipeline reported count is 1
2023-02-01 19:04:16,432 [0e631a51-c9de-4e15-b89a-5991bd1d32f2@group-76D4760402A7-SegmentedRaftLogWorker] INFO  segmented.SegmentedRaftLogWorker (SegmentedRaftLogWorker.java:execute(656)) - 0e631a51-c9de-4e15-b89a-5991bd1d32f2@group-76D4760402A7-SegmentedRaftLogWorker: created new log segment /home/runner/work/ozone/ozone/hadoop-ozone/integration-test/target/test-dir/MiniOzoneClusterImpl-74e3824a-f6bc-4c6a-9d81-a3a47ccb7612/datanode-1/data/ratis/ba953aee-7cf8-4729-b893-76d4760402a7/current/log_inprogress_0
2023-02-01 19:04:16,434 [0e631a51-c9de-4e15-b89a-5991bd1d32f2@group-76D4760402A7-LeaderElection4] INFO  server.RaftServer$Division (ServerState.java:setRaftConf(430)) - 0e631a51-c9de-4e15-b89a-5991bd1d32f2@group-76D4760402A7: set configuration 0: peers:[0e631a51-c9de-4e15-b89a-5991bd1d32f2|rpc:10.1.0.60:46279|dataStream:10.1.0.60:37373|priority:1|startupRole:FOLLOWER]|listeners:[], old=null
2023-02-01 19:04:16,528 [0e631a51-c9de-4e15-b89a-5991bd1d32f2@group-09AA99DC4D72-FollowerState] INFO  impl.FollowerState (FollowerState.java:run(143)) - 0e631a51-c9de-4e15-b89a-5991bd1d32f2@group-09AA99DC4D72-FollowerState: change to CANDIDATE, lastRpcElapsedTime:5089854495ns, electionTimeout:5079ms
2023-02-01 19:04:16,528 [0e631a51-c9de-4e15-b89a-5991bd1d32f2@group-09AA99DC4D72-FollowerState] INFO  impl.RoleInfo (RoleInfo.java:shutdownFollowerState(110)) - 0e631a51-c9de-4e15-b89a-5991bd1d32f2: shutdown 0e631a51-c9de-4e15-b89a-5991bd1d32f2@group-09AA99DC4D72-FollowerState
2023-02-01 19:04:16,529 [0e631a51-c9de-4e15-b89a-5991bd1d32f2@group-09AA99DC4D72-FollowerState] INFO  server.RaftServer$Division (RaftServerImpl.java:setRole(321)) - 0e631a51-c9de-4e15-b89a-5991bd1d32f2@group-09AA99DC4D72: changes role from  FOLLOWER to CANDIDATE at term 0 for changeToCandidate
2023-02-01 19:04:16,530 [0e631a51-c9de-4e15-b89a-5991bd1d32f2@group-09AA99DC4D72-FollowerState] INFO  server.RaftServerConfigKeys (ConfUtils.java:logGet(46)) - raft.server.leaderelection.pre-vote = false (custom)
2023-02-01 19:04:16,530 [0e631a51-c9de-4e15-b89a-5991bd1d32f2@group-09AA99DC4D72-FollowerState] INFO  impl.RoleInfo (RoleInfo.java:updateAndGet(139)) - 0e631a51-c9de-4e15-b89a-5991bd1d32f2: start 0e631a51-c9de-4e15-b89a-5991bd1d32f2@group-09AA99DC4D72-LeaderElection5
2023-02-01 19:04:16,536 [0e631a51-c9de-4e15-b89a-5991bd1d32f2@group-09AA99DC4D72-LeaderElection5] INFO  impl.LeaderElection (LeaderElection.java:askForVotes(312)) - 0e631a51-c9de-4e15-b89a-5991bd1d32f2@group-09AA99DC4D72-LeaderElection5 ELECTION round 0: submit vote requests at term 1 for -1: peers:[24429374-fab9-4c1d-9c36-955fd0efba95|rpc:10.1.0.60:36493|dataStream:10.1.0.60:46515|priority:0|startupRole:FOLLOWER, 983f5510-3bfc-4466-a3b1-ba468ed7f96d|rpc:10.1.0.60:41377|dataStream:10.1.0.60:43549|priority:1|startupRole:FOLLOWER, 0e631a51-c9de-4e15-b89a-5991bd1d32f2|rpc:10.1.0.60:46279|dataStream:10.1.0.60:37373|priority:0|startupRole:FOLLOWER]|listeners:[], old=null
2023-02-01 19:04:16,537 [0e631a51-c9de-4e15-b89a-5991bd1d32f2@group-09AA99DC4D72-LeaderElection5] INFO  server.RaftServerConfigKeys (ConfUtils.java:logFallback(53)) - raft.server.rpc.first-election.timeout.min = 5s (fallback to raft.server.rpc.timeout.min)
2023-02-01 19:04:16,537 [0e631a51-c9de-4e15-b89a-5991bd1d32f2@group-09AA99DC4D72-LeaderElection5-1] INFO  server.GrpcServerProtocolClient (GrpcServerProtocolClient.java:<init>(63)) - Build channel for 24429374-fab9-4c1d-9c36-955fd0efba95
2023-02-01 19:04:16,538 [0e631a51-c9de-4e15-b89a-5991bd1d32f2@group-09AA99DC4D72-LeaderElection5-2] INFO  server.GrpcServerProtocolClient (GrpcServerProtocolClient.java:<init>(63)) - Build channel for 983f5510-3bfc-4466-a3b1-ba468ed7f96d
2023-02-01 19:04:16,537 [0e631a51-c9de-4e15-b89a-5991bd1d32f2@group-09AA99DC4D72-LeaderElection5] INFO  server.RaftServerConfigKeys (ConfUtils.java:logFallback(53)) - raft.server.rpc.first-election.timeout.max = 5200ms (fallback to raft.server.rpc.timeout.max)
2023-02-01 19:04:16,555 [grpc-default-executor-0] INFO  server.RaftServer$Division (RaftServerImpl.java:requestVote(1218)) - 24429374-fab9-4c1d-9c36-955fd0efba95@group-09AA99DC4D72: receive requestVote(ELECTION, 0e631a51-c9de-4e15-b89a-5991bd1d32f2, group-09AA99DC4D72, 1, (t:0, i:0))
2023-02-01 19:04:16,557 [grpc-default-executor-0] INFO  impl.VoteContext (VoteContext.java:log(49)) - 24429374-fab9-4c1d-9c36-955fd0efba95@group-09AA99DC4D72-FOLLOWER: accept ELECTION from 0e631a51-c9de-4e15-b89a-5991bd1d32f2: our priority 0 <= candidate's priority 0
2023-02-01 19:04:16,557 [grpc-default-executor-0] INFO  server.RaftServer$Division (RaftServerImpl.java:setRole(321)) - 24429374-fab9-4c1d-9c36-955fd0efba95@group-09AA99DC4D72: changes role from  FOLLOWER to FOLLOWER at term 1 for candidate:0e631a51-c9de-4e15-b89a-5991bd1d32f2
2023-02-01 19:04:16,557 [grpc-default-executor-0] INFO  impl.RoleInfo (RoleInfo.java:shutdownFollowerState(110)) - 24429374-fab9-4c1d-9c36-955fd0efba95: shutdown 24429374-fab9-4c1d-9c36-955fd0efba95@group-09AA99DC4D72-FollowerState
2023-02-01 19:04:16,557 [24429374-fab9-4c1d-9c36-955fd0efba95@group-09AA99DC4D72-FollowerState] INFO  impl.FollowerState (FollowerState.java:run(152)) - 24429374-fab9-4c1d-9c36-955fd0efba95@group-09AA99DC4D72-FollowerState was interrupted
2023-02-01 19:04:16,559 [grpc-default-executor-0] INFO  impl.RoleInfo (RoleInfo.java:updateAndGet(139)) - 24429374-fab9-4c1d-9c36-955fd0efba95: start 24429374-fab9-4c1d-9c36-955fd0efba95@group-09AA99DC4D72-FollowerState
2023-02-01 19:04:16,561 [grpc-default-executor-0] INFO  server.RaftServer$Division (RaftServerImpl.java:requestVote(1251)) - 24429374-fab9-4c1d-9c36-955fd0efba95@group-09AA99DC4D72 replies to ELECTION vote request: 0e631a51-c9de-4e15-b89a-5991bd1d32f2<-24429374-fab9-4c1d-9c36-955fd0efba95#0:OK-t1. Peer's state: 24429374-fab9-4c1d-9c36-955fd0efba95@group-09AA99DC4D72:t1, leader=null, voted=0e631a51-c9de-4e15-b89a-5991bd1d32f2, raftlog=Memoized:24429374-fab9-4c1d-9c36-955fd0efba95@group-09AA99DC4D72-SegmentedRaftLog:OPENED:c-1, conf=-1: peers:[24429374-fab9-4c1d-9c36-955fd0efba95|rpc:10.1.0.60:36493|dataStream:10.1.0.60:46515|priority:0|startupRole:FOLLOWER, 983f5510-3bfc-4466-a3b1-ba468ed7f96d|rpc:10.1.0.60:41377|dataStream:10.1.0.60:43549|priority:1|startupRole:FOLLOWER, 0e631a51-c9de-4e15-b89a-5991bd1d32f2|rpc:10.1.0.60:46279|dataStream:10.1.0.60:37373|priority:0|startupRole:FOLLOWER]|listeners:[], old=null
2023-02-01 19:04:16,562 [24429374-fab9-4c1d-9c36-955fd0efba95@group-09AA99DC4D72-FollowerState] INFO  server.RaftServerConfigKeys (ConfUtils.java:logFallback(53)) - raft.server.rpc.first-election.timeout.min = 5s (fallback to raft.server.rpc.timeout.min)
2023-02-01 19:04:16,562 [24429374-fab9-4c1d-9c36-955fd0efba95@group-09AA99DC4D72-FollowerState] INFO  server.RaftServerConfigKeys (ConfUtils.java:logFallback(53)) - raft.server.rpc.first-election.timeout.max = 5200ms (fallback to raft.server.rpc.timeout.max)
2023-02-01 19:04:16,565 [grpc-default-executor-1] INFO  server.RaftServer$Division (RaftServerImpl.java:requestVote(1218)) - 983f5510-3bfc-4466-a3b1-ba468ed7f96d@group-09AA99DC4D72: receive requestVote(ELECTION, 0e631a51-c9de-4e15-b89a-5991bd1d32f2, group-09AA99DC4D72, 1, (t:0, i:0))
2023-02-01 19:04:16,566 [grpc-default-executor-1] INFO  impl.VoteContext (VoteContext.java:log(49)) - 983f5510-3bfc-4466-a3b1-ba468ed7f96d@group-09AA99DC4D72-FOLLOWER: reject ELECTION from 0e631a51-c9de-4e15-b89a-5991bd1d32f2: our priority 1 > candidate's priority 0
2023-02-01 19:04:16,566 [grpc-default-executor-1] INFO  server.RaftServer$Division (RaftServerImpl.java:setRole(321)) - 983f5510-3bfc-4466-a3b1-ba468ed7f96d@group-09AA99DC4D72: changes role from  FOLLOWER to FOLLOWER at term 1 for candidate:0e631a51-c9de-4e15-b89a-5991bd1d32f2
2023-02-01 19:04:16,566 [grpc-default-executor-1] INFO  impl.RoleInfo (RoleInfo.java:shutdownFollowerState(110)) - 983f5510-3bfc-4466-a3b1-ba468ed7f96d: shutdown 983f5510-3bfc-4466-a3b1-ba468ed7f96d@group-09AA99DC4D72-FollowerState
2023-02-01 19:04:16,567 [grpc-default-executor-1] INFO  impl.RoleInfo (RoleInfo.java:updateAndGet(139)) - 983f5510-3bfc-4466-a3b1-ba468ed7f96d: start 983f5510-3bfc-4466-a3b1-ba468ed7f96d@group-09AA99DC4D72-FollowerState
2023-02-01 19:04:16,567 [983f5510-3bfc-4466-a3b1-ba468ed7f96d@group-09AA99DC4D72-FollowerState] INFO  server.RaftServerConfigKeys (ConfUtils.java:logFallback(53)) - raft.server.rpc.first-election.timeout.min = 5s (fallback to raft.server.rpc.timeout.min)
2023-02-01 19:04:16,567 [983f5510-3bfc-4466-a3b1-ba468ed7f96d@group-09AA99DC4D72-FollowerState] INFO  server.RaftServerConfigKeys (ConfUtils.java:logFallback(53)) - raft.server.rpc.first-election.timeout.max = 5200ms (fallback to raft.server.rpc.timeout.max)
2023-02-01 19:04:16,567 [983f5510-3bfc-4466-a3b1-ba468ed7f96d@group-09AA99DC4D72-FollowerState] INFO  impl.FollowerState (FollowerState.java:run(152)) - 983f5510-3bfc-4466-a3b1-ba468ed7f96d@group-09AA99DC4D72-FollowerState was interrupted
2023-02-01 19:04:16,568 [grpc-default-executor-1] INFO  server.RaftServer$Division (RaftServerImpl.java:requestVote(1251)) - 983f5510-3bfc-4466-a3b1-ba468ed7f96d@group-09AA99DC4D72 replies to ELECTION vote request: 0e631a51-c9de-4e15-b89a-5991bd1d32f2<-983f5510-3bfc-4466-a3b1-ba468ed7f96d#0:FAIL-t1. Peer's state: 983f5510-3bfc-4466-a3b1-ba468ed7f96d@group-09AA99DC4D72:t1, leader=null, voted=null, raftlog=Memoized:983f5510-3bfc-4466-a3b1-ba468ed7f96d@group-09AA99DC4D72-SegmentedRaftLog:OPENED:c-1, conf=-1: peers:[24429374-fab9-4c1d-9c36-955fd0efba95|rpc:10.1.0.60:36493|dataStream:10.1.0.60:46515|priority:0|startupRole:FOLLOWER, 983f5510-3bfc-4466-a3b1-ba468ed7f96d|rpc:10.1.0.60:41377|dataStream:10.1.0.60:43549|priority:1|startupRole:FOLLOWER, 0e631a51-c9de-4e15-b89a-5991bd1d32f2|rpc:10.1.0.60:46279|dataStream:10.1.0.60:37373|priority:0|startupRole:FOLLOWER]|listeners:[], old=null
2023-02-01 19:04:16,572 [0e631a51-c9de-4e15-b89a-5991bd1d32f2@group-09AA99DC4D72-LeaderElection5] INFO  impl.LeaderElection (LeaderElection.java:logAndReturn(90)) - 0e631a51-c9de-4e15-b89a-5991bd1d32f2@group-09AA99DC4D72-LeaderElection5: ELECTION REJECTED received 2 response(s) and 0 exception(s):
2023-02-01 19:04:16,572 [0e631a51-c9de-4e15-b89a-5991bd1d32f2@group-09AA99DC4D72-LeaderElection5] INFO  impl.LeaderElection (LeaderElection.java:logAndReturn(94)) -   Response 0: 0e631a51-c9de-4e15-b89a-5991bd1d32f2<-24429374-fab9-4c1d-9c36-955fd0efba95#0:OK-t1
2023-02-01 19:04:16,572 [0e631a51-c9de-4e15-b89a-5991bd1d32f2@group-09AA99DC4D72-LeaderElection5] INFO  impl.LeaderElection (LeaderElection.java:logAndReturn(94)) -   Response 1: 0e631a51-c9de-4e15-b89a-5991bd1d32f2<-983f5510-3bfc-4466-a3b1-ba468ed7f96d#0:FAIL-t1
2023-02-01 19:04:16,572 [0e631a51-c9de-4e15-b89a-5991bd1d32f2@group-09AA99DC4D72-LeaderElection5] INFO  impl.LeaderElection (LeaderElection.java:askForVotes(314)) - 0e631a51-c9de-4e15-b89a-5991bd1d32f2@group-09AA99DC4D72-LeaderElection5 ELECTION round 0: result REJECTED
2023-02-01 19:04:16,572 [0e631a51-c9de-4e15-b89a-5991bd1d32f2@group-09AA99DC4D72-LeaderElection5] INFO  server.RaftServer$Division (RaftServerImpl.java:setRole(321)) - 0e631a51-c9de-4e15-b89a-5991bd1d32f2@group-09AA99DC4D72: changes role from CANDIDATE to FOLLOWER at term 1 for REJECTED
2023-02-01 19:04:16,572 [0e631a51-c9de-4e15-b89a-5991bd1d32f2@group-09AA99DC4D72-LeaderElection5] INFO  impl.RoleInfo (RoleInfo.java:shutdownLeaderElection(130)) - 0e631a51-c9de-4e15-b89a-5991bd1d32f2: shutdown 0e631a51-c9de-4e15-b89a-5991bd1d32f2@group-09AA99DC4D72-LeaderElection5
2023-02-01 19:04:16,572 [0e631a51-c9de-4e15-b89a-5991bd1d32f2@group-09AA99DC4D72-LeaderElection5] INFO  impl.RoleInfo (RoleInfo.java:updateAndGet(139)) - 0e631a51-c9de-4e15-b89a-5991bd1d32f2: start 0e631a51-c9de-4e15-b89a-5991bd1d32f2@group-09AA99DC4D72-FollowerState
2023-02-01 19:04:16,579 [0e631a51-c9de-4e15-b89a-5991bd1d32f2@group-09AA99DC4D72-FollowerState] INFO  server.RaftServerConfigKeys (ConfUtils.java:logFallback(53)) - raft.server.rpc.first-election.timeout.min = 5s (fallback to raft.server.rpc.timeout.min)
2023-02-01 19:04:16,579 [0e631a51-c9de-4e15-b89a-5991bd1d32f2@group-09AA99DC4D72-FollowerState] INFO  server.RaftServerConfigKeys (ConfUtils.java:logFallback(53)) - raft.server.rpc.first-election.timeout.max = 5200ms (fallback to raft.server.rpc.timeout.max)
2023-02-01 19:04:16,911 [24429374-fab9-4c1d-9c36-955fd0efba95@group-209790C09724-FollowerState] INFO  impl.FollowerState (FollowerState.java:run(143)) - 24429374-fab9-4c1d-9c36-955fd0efba95@group-209790C09724-FollowerState: change to CANDIDATE, lastRpcElapsedTime:5054854693ns, electionTimeout:5040ms
2023-02-01 19:04:16,911 [24429374-fab9-4c1d-9c36-955fd0efba95@group-209790C09724-FollowerState] INFO  impl.RoleInfo (RoleInfo.java:shutdownFollowerState(110)) - 24429374-fab9-4c1d-9c36-955fd0efba95: shutdown 24429374-fab9-4c1d-9c36-955fd0efba95@group-209790C09724-FollowerState
2023-02-01 19:04:16,911 [24429374-fab9-4c1d-9c36-955fd0efba95@group-209790C09724-FollowerState] INFO  server.RaftServer$Division (RaftServerImpl.java:setRole(321)) - 24429374-fab9-4c1d-9c36-955fd0efba95@group-209790C09724: changes role from  FOLLOWER to CANDIDATE at term 0 for changeToCandidate
2023-02-01 19:04:16,912 [24429374-fab9-4c1d-9c36-955fd0efba95@group-209790C09724-FollowerState] INFO  server.RaftServerConfigKeys (ConfUtils.java:logGet(46)) - raft.server.leaderelection.pre-vote = false (custom)
2023-02-01 19:04:16,912 [24429374-fab9-4c1d-9c36-955fd0efba95@group-209790C09724-FollowerState] INFO  impl.RoleInfo (RoleInfo.java:updateAndGet(139)) - 24429374-fab9-4c1d-9c36-955fd0efba95: start 24429374-fab9-4c1d-9c36-955fd0efba95@group-209790C09724-LeaderElection6
2023-02-01 19:04:16,916 [24429374-fab9-4c1d-9c36-955fd0efba95@group-209790C09724-LeaderElection6] INFO  impl.LeaderElection (LeaderElection.java:askForVotes(312)) - 24429374-fab9-4c1d-9c36-955fd0efba95@group-209790C09724-LeaderElection6 ELECTION round 0: submit vote requests at term 1 for -1: peers:[24429374-fab9-4c1d-9c36-955fd0efba95|rpc:10.1.0.60:36493|dataStream:10.1.0.60:46515|priority:1|startupRole:FOLLOWER]|listeners:[], old=null
2023-02-01 19:04:16,917 [24429374-fab9-4c1d-9c36-955fd0efba95@group-209790C09724-LeaderElection6] INFO  impl.LeaderElection (LeaderElection.java:askForVotes(314)) - 24429374-fab9-4c1d-9c36-955fd0efba95@group-209790C09724-LeaderElection6 ELECTION round 0: result PASSED (term=1)
2023-02-01 19:04:16,917 [24429374-fab9-4c1d-9c36-955fd0efba95@group-209790C09724-LeaderElection6] INFO  impl.RoleInfo (RoleInfo.java:shutdownLeaderElection(130)) - 24429374-fab9-4c1d-9c36-955fd0efba95: shutdown 24429374-fab9-4c1d-9c36-955fd0efba95@group-209790C09724-LeaderElection6
2023-02-01 19:04:16,917 [24429374-fab9-4c1d-9c36-955fd0efba95@group-209790C09724-LeaderElection6] INFO  server.RaftServer$Division (RaftServerImpl.java:setRole(321)) - 24429374-fab9-4c1d-9c36-955fd0efba95@group-209790C09724: changes role from CANDIDATE to LEADER at term 1 for changeToLeader
2023-02-01 19:04:16,917 [24429374-fab9-4c1d-9c36-955fd0efba95@group-209790C09724-LeaderElection6] INFO  ratis.XceiverServerRatis (XceiverServerRatis.java:handleLeaderChangedNotification(904)) - Leader change notification received for group: group-209790C09724 with new leaderId: 24429374-fab9-4c1d-9c36-955fd0efba95
2023-02-01 19:04:16,917 [24429374-fab9-4c1d-9c36-955fd0efba95@group-209790C09724-LeaderElection6] INFO  server.RaftServer$Division (ServerState.java:setLeader(313)) - 24429374-fab9-4c1d-9c36-955fd0efba95@group-209790C09724: change Leader from null to 24429374-fab9-4c1d-9c36-955fd0efba95 at term 1 for becomeLeader, leader elected after 5106ms
2023-02-01 19:04:16,917 [24429374-fab9-4c1d-9c36-955fd0efba95@group-209790C09724-LeaderElection6] INFO  server.RaftServerConfigKeys (ConfUtils.java:logGet(46)) - raft.server.staging.catchup.gap = 1000 (default)
2023-02-01 19:04:16,917 [24429374-fab9-4c1d-9c36-955fd0efba95@group-209790C09724-LeaderElection6] INFO  server.RaftServerConfigKeys (ConfUtils.java:logGet(46)) - raft.server.write.element-limit = 1024 (custom)
2023-02-01 19:04:16,917 [24429374-fab9-4c1d-9c36-955fd0efba95@group-209790C09724-LeaderElection6] INFO  server.RaftServerConfigKeys (ConfUtils.java:logGet(46)) - raft.server.write.byte-limit = 1024 M (=1073741824) (custom)
2023-02-01 19:04:16,918 [24429374-fab9-4c1d-9c36-955fd0efba95@group-209790C09724-LeaderElection6] INFO  server.RaftServerConfigKeys (ConfUtils.java:logGet(46)) - raft.server.watch.timeout = 180s (custom)
2023-02-01 19:04:16,918 [24429374-fab9-4c1d-9c36-955fd0efba95@group-209790C09724-LeaderElection6] INFO  server.RaftServerConfigKeys (ConfUtils.java:logGet(46)) - raft.server.watch.timeout.denomination = 1s (default)
2023-02-01 19:04:16,918 [24429374-fab9-4c1d-9c36-955fd0efba95@group-209790C09724-LeaderElection6] INFO  server.RaftServerConfigKeys (ConfUtils.java:logGet(46)) - raft.server.watch.element-limit = 65536 (default)
2023-02-01 19:04:16,918 [24429374-fab9-4c1d-9c36-955fd0efba95@group-209790C09724-LeaderElection6] INFO  server.RaftServerConfigKeys (ConfUtils.java:logGet(46)) - raft.server.write.element-limit = 1024 (custom)
2023-02-01 19:04:16,918 [24429374-fab9-4c1d-9c36-955fd0efba95@group-209790C09724-LeaderElection6] INFO  server.RaftServerConfigKeys (ConfUtils.java:logGet(46)) - raft.server.write.follower.gap.ratio.max = -1.0 (default)
2023-02-01 19:04:16,918 [24429374-fab9-4c1d-9c36-955fd0efba95@group-209790C09724-LeaderElection6] INFO  impl.RoleInfo (RoleInfo.java:updateAndGet(139)) - 24429374-fab9-4c1d-9c36-955fd0efba95: start 24429374-fab9-4c1d-9c36-955fd0efba95@group-209790C09724-LeaderStateImpl
2023-02-01 19:04:16,918 [EventQueue-OpenPipelineForHealthyPipelineSafeModeRule] INFO  safemode.SCMSafeModeManager (HealthyPipelineSafeModeRule.java:process(137)) - SCM in safe mode. Healthy pipelines reported count is 0, required healthy pipeline reported count is 1
2023-02-01 19:04:16,919 [24429374-fab9-4c1d-9c36-955fd0efba95@group-209790C09724-LeaderElection6] INFO  segmented.SegmentedRaftLogWorker (SegmentedRaftLogWorker.java:startLogSegment(452)) - 24429374-fab9-4c1d-9c36-955fd0efba95@group-209790C09724-SegmentedRaftLogWorker: Starting segment from index:0
2023-02-01 19:04:16,920 [24429374-fab9-4c1d-9c36-955fd0efba95@group-209790C09724-SegmentedRaftLogWorker] INFO  segmented.SegmentedRaftLogWorker (SegmentedRaftLogWorker.java:execute(656)) - 24429374-fab9-4c1d-9c36-955fd0efba95@group-209790C09724-SegmentedRaftLogWorker: created new log segment /home/runner/work/ozone/ozone/hadoop-ozone/integration-test/target/test-dir/MiniOzoneClusterImpl-74e3824a-f6bc-4c6a-9d81-a3a47ccb7612/datanode-2/data/ratis/826344b9-1a8c-4126-ae9a-209790c09724/current/log_inprogress_0
2023-02-01 19:04:16,922 [24429374-fab9-4c1d-9c36-955fd0efba95@group-209790C09724-LeaderElection6] INFO  server.RaftServer$Division (ServerState.java:setRaftConf(430)) - 24429374-fab9-4c1d-9c36-955fd0efba95@group-209790C09724: set configuration 0: peers:[24429374-fab9-4c1d-9c36-955fd0efba95|rpc:10.1.0.60:36493|dataStream:10.1.0.60:46515|priority:1|startupRole:FOLLOWER]|listeners:[], old=null
2023-02-01 19:04:17,166 [6cd874f3-a134-47b5-8d3d-29dcf92148ed@group-9A43CC3302F3-FollowerState] INFO  impl.FollowerState (FollowerState.java:run(143)) - 6cd874f3-a134-47b5-8d3d-29dcf92148ed@group-9A43CC3302F3-FollowerState: change to CANDIDATE, lastRpcElapsedTime:5080545805ns, electionTimeout:5079ms
2023-02-01 19:04:17,167 [6cd874f3-a134-47b5-8d3d-29dcf92148ed@group-9A43CC3302F3-FollowerState] INFO  impl.RoleInfo (RoleInfo.java:shutdownFollowerState(110)) - 6cd874f3-a134-47b5-8d3d-29dcf92148ed: shutdown 6cd874f3-a134-47b5-8d3d-29dcf92148ed@group-9A43CC3302F3-FollowerState
2023-02-01 19:04:17,167 [6cd874f3-a134-47b5-8d3d-29dcf92148ed@group-9A43CC3302F3-FollowerState] INFO  server.RaftServer$Division (RaftServerImpl.java:setRole(321)) - 6cd874f3-a134-47b5-8d3d-29dcf92148ed@group-9A43CC3302F3: changes role from  FOLLOWER to CANDIDATE at term 0 for changeToCandidate
2023-02-01 19:04:17,168 [6cd874f3-a134-47b5-8d3d-29dcf92148ed@group-9A43CC3302F3-FollowerState] INFO  server.RaftServerConfigKeys (ConfUtils.java:logGet(46)) - raft.server.leaderelection.pre-vote = false (custom)
2023-02-01 19:04:17,168 [6cd874f3-a134-47b5-8d3d-29dcf92148ed@group-9A43CC3302F3-FollowerState] INFO  impl.RoleInfo (RoleInfo.java:updateAndGet(139)) - 6cd874f3-a134-47b5-8d3d-29dcf92148ed: start 6cd874f3-a134-47b5-8d3d-29dcf92148ed@group-9A43CC3302F3-LeaderElection7
2023-02-01 19:04:17,172 [6cd874f3-a134-47b5-8d3d-29dcf92148ed@group-9A43CC3302F3-LeaderElection7] INFO  impl.LeaderElection (LeaderElection.java:askForVotes(312)) - 6cd874f3-a134-47b5-8d3d-29dcf92148ed@group-9A43CC3302F3-LeaderElection7 ELECTION round 0: submit vote requests at term 1 for -1: peers:[6cd874f3-a134-47b5-8d3d-29dcf92148ed|rpc:10.1.0.60:42333|dataStream:10.1.0.60:45873|priority:1|startupRole:FOLLOWER]|listeners:[], old=null
2023-02-01 19:04:17,172 [6cd874f3-a134-47b5-8d3d-29dcf92148ed@group-9A43CC3302F3-LeaderElection7] INFO  impl.LeaderElection (LeaderElection.java:askForVotes(314)) - 6cd874f3-a134-47b5-8d3d-29dcf92148ed@group-9A43CC3302F3-LeaderElection7 ELECTION round 0: result PASSED (term=1)
2023-02-01 19:04:17,172 [6cd874f3-a134-47b5-8d3d-29dcf92148ed@group-9A43CC3302F3-LeaderElection7] INFO  impl.RoleInfo (RoleInfo.java:shutdownLeaderElection(130)) - 6cd874f3-a134-47b5-8d3d-29dcf92148ed: shutdown 6cd874f3-a134-47b5-8d3d-29dcf92148ed@group-9A43CC3302F3-LeaderElection7
2023-02-01 19:04:17,173 [6cd874f3-a134-47b5-8d3d-29dcf92148ed@group-9A43CC3302F3-LeaderElection7] INFO  server.RaftServer$Division (RaftServerImpl.java:setRole(321)) - 6cd874f3-a134-47b5-8d3d-29dcf92148ed@group-9A43CC3302F3: changes role from CANDIDATE to LEADER at term 1 for changeToLeader
2023-02-01 19:04:17,173 [6cd874f3-a134-47b5-8d3d-29dcf92148ed@group-9A43CC3302F3-LeaderElection7] INFO  ratis.XceiverServerRatis (XceiverServerRatis.java:handleLeaderChangedNotification(904)) - Leader change notification received for group: group-9A43CC3302F3 with new leaderId: 6cd874f3-a134-47b5-8d3d-29dcf92148ed
2023-02-01 19:04:17,173 [6cd874f3-a134-47b5-8d3d-29dcf92148ed@group-9A43CC3302F3-LeaderElection7] INFO  server.RaftServer$Division (ServerState.java:setLeader(313)) - 6cd874f3-a134-47b5-8d3d-29dcf92148ed@group-9A43CC3302F3: change Leader from null to 6cd874f3-a134-47b5-8d3d-29dcf92148ed at term 1 for becomeLeader, leader elected after 5113ms
2023-02-01 19:04:17,173 [6cd874f3-a134-47b5-8d3d-29dcf92148ed@group-9A43CC3302F3-LeaderElection7] INFO  server.RaftServerConfigKeys (ConfUtils.java:logGet(46)) - raft.server.staging.catchup.gap = 1000 (default)
2023-02-01 19:04:17,175 [EventQueue-OpenPipelineForHealthyPipelineSafeModeRule] INFO  safemode.SCMSafeModeManager (HealthyPipelineSafeModeRule.java:process(137)) - SCM in safe mode. Healthy pipelines reported count is 0, required healthy pipeline reported count is 1
2023-02-01 19:04:17,177 [6cd874f3-a134-47b5-8d3d-29dcf92148ed@group-9A43CC3302F3-LeaderElection7] INFO  server.RaftServerConfigKeys (ConfUtils.java:logGet(46)) - raft.server.write.element-limit = 1024 (custom)
2023-02-01 19:04:17,177 [6cd874f3-a134-47b5-8d3d-29dcf92148ed@group-9A43CC3302F3-LeaderElection7] INFO  server.RaftServerConfigKeys (ConfUtils.java:logGet(46)) - raft.server.write.byte-limit = 1024 M (=1073741824) (custom)
2023-02-01 19:04:17,177 [6cd874f3-a134-47b5-8d3d-29dcf92148ed@group-9A43CC3302F3-LeaderElection7] INFO  server.RaftServerConfigKeys (ConfUtils.java:logGet(46)) - raft.server.watch.timeout = 180s (custom)
2023-02-01 19:04:17,177 [6cd874f3-a134-47b5-8d3d-29dcf92148ed@group-9A43CC3302F3-LeaderElection7] INFO  server.RaftServerConfigKeys (ConfUtils.java:logGet(46)) - raft.server.watch.timeout.denomination = 1s (default)
2023-02-01 19:04:17,177 [6cd874f3-a134-47b5-8d3d-29dcf92148ed@group-9A43CC3302F3-LeaderElection7] INFO  server.RaftServerConfigKeys (ConfUtils.java:logGet(46)) - raft.server.watch.element-limit = 65536 (default)
2023-02-01 19:04:17,177 [6cd874f3-a134-47b5-8d3d-29dcf92148ed@group-9A43CC3302F3-LeaderElection7] INFO  server.RaftServerConfigKeys (ConfUtils.java:logGet(46)) - raft.server.write.element-limit = 1024 (custom)
2023-02-01 19:04:17,178 [6cd874f3-a134-47b5-8d3d-29dcf92148ed@group-9A43CC3302F3-LeaderElection7] INFO  server.RaftServerConfigKeys (ConfUtils.java:logGet(46)) - raft.server.write.follower.gap.ratio.max = -1.0 (default)
2023-02-01 19:04:17,178 [6cd874f3-a134-47b5-8d3d-29dcf92148ed@group-9A43CC3302F3-LeaderElection7] INFO  impl.RoleInfo (RoleInfo.java:updateAndGet(139)) - 6cd874f3-a134-47b5-8d3d-29dcf92148ed: start 6cd874f3-a134-47b5-8d3d-29dcf92148ed@group-9A43CC3302F3-LeaderStateImpl
2023-02-01 19:04:17,178 [6cd874f3-a134-47b5-8d3d-29dcf92148ed@group-9A43CC3302F3-LeaderElection7] INFO  segmented.SegmentedRaftLogWorker (SegmentedRaftLogWorker.java:startLogSegment(452)) - 6cd874f3-a134-47b5-8d3d-29dcf92148ed@group-9A43CC3302F3-SegmentedRaftLogWorker: Starting segment from index:0
2023-02-01 19:04:17,179 [6cd874f3-a134-47b5-8d3d-29dcf92148ed@group-9A43CC3302F3-SegmentedRaftLogWorker] INFO  segmented.SegmentedRaftLogWorker (SegmentedRaftLogWorker.java:execute(656)) - 6cd874f3-a134-47b5-8d3d-29dcf92148ed@group-9A43CC3302F3-SegmentedRaftLogWorker: created new log segment /home/runner/work/ozone/ozone/hadoop-ozone/integration-test/target/test-dir/MiniOzoneClusterImpl-74e3824a-f6bc-4c6a-9d81-a3a47ccb7612/datanode-3/data/ratis/52d8ea26-c8e9-4530-959f-9a43cc3302f3/current/log_inprogress_0
2023-02-01 19:04:17,186 [6cd874f3-a134-47b5-8d3d-29dcf92148ed@group-9A43CC3302F3-LeaderElection7] INFO  server.RaftServer$Division (ServerState.java:setRaftConf(430)) - 6cd874f3-a134-47b5-8d3d-29dcf92148ed@group-9A43CC3302F3: set configuration 0: peers:[6cd874f3-a134-47b5-8d3d-29dcf92148ed|rpc:10.1.0.60:42333|dataStream:10.1.0.60:45873|priority:1|startupRole:FOLLOWER]|listeners:[], old=null
2023-02-01 19:04:17,242 [Listener at 127.0.0.1/34005] INFO  ozone.MiniOzoneClusterImpl (MiniOzoneClusterImpl.java:lambda$waitForClusterToBeReady$0(218)) - Nodes are ready. Got 7 of 7 DN Heartbeats.
2023-02-01 19:04:17,242 [Listener at 127.0.0.1/34005] INFO  ozone.MiniOzoneClusterImpl (MiniOzoneClusterImpl.java:lambda$waitForClusterToBeReady$0(221)) - Waiting for cluster to exit safe mode
2023-02-01 19:04:17,243 [Listener at 127.0.0.1/34005] INFO  ozone.MiniOzoneClusterImpl (MiniOzoneClusterImpl.java:lambda$waitForClusterToBeReady$0(223)) - SCM became leader
2023-02-01 19:04:17,246 [c542d8dc-da9e-4bdb-b4f7-db3abed755ad@group-EC822DA17CD6-FollowerState] INFO  impl.FollowerState (FollowerState.java:run(143)) - c542d8dc-da9e-4bdb-b4f7-db3abed755ad@group-EC822DA17CD6-FollowerState: change to CANDIDATE, lastRpcElapsedTime:5082174261ns, electionTimeout:5072ms
2023-02-01 19:04:17,247 [c542d8dc-da9e-4bdb-b4f7-db3abed755ad@group-EC822DA17CD6-FollowerState] INFO  impl.RoleInfo (RoleInfo.java:shutdownFollowerState(110)) - c542d8dc-da9e-4bdb-b4f7-db3abed755ad: shutdown c542d8dc-da9e-4bdb-b4f7-db3abed755ad@group-EC822DA17CD6-FollowerState
2023-02-01 19:04:17,247 [c542d8dc-da9e-4bdb-b4f7-db3abed755ad@group-EC822DA17CD6-FollowerState] INFO  server.RaftServer$Division (RaftServerImpl.java:setRole(321)) - c542d8dc-da9e-4bdb-b4f7-db3abed755ad@group-EC822DA17CD6: changes role from  FOLLOWER to CANDIDATE at term 0 for changeToCandidate
2023-02-01 19:04:17,249 [c542d8dc-da9e-4bdb-b4f7-db3abed755ad@group-EC822DA17CD6-FollowerState] INFO  server.RaftServerConfigKeys (ConfUtils.java:logGet(46)) - raft.server.leaderelection.pre-vote = false (custom)
2023-02-01 19:04:17,249 [c542d8dc-da9e-4bdb-b4f7-db3abed755ad@group-EC822DA17CD6-FollowerState] INFO  impl.RoleInfo (RoleInfo.java:updateAndGet(139)) - c542d8dc-da9e-4bdb-b4f7-db3abed755ad: start c542d8dc-da9e-4bdb-b4f7-db3abed755ad@group-EC822DA17CD6-LeaderElection8
2023-02-01 19:04:17,256 [c542d8dc-da9e-4bdb-b4f7-db3abed755ad@group-EC822DA17CD6-LeaderElection8] INFO  impl.LeaderElection (LeaderElection.java:askForVotes(312)) - c542d8dc-da9e-4bdb-b4f7-db3abed755ad@group-EC822DA17CD6-LeaderElection8 ELECTION round 0: submit vote requests at term 1 for -1: peers:[6cd874f3-a134-47b5-8d3d-29dcf92148ed|rpc:10.1.0.60:42333|dataStream:10.1.0.60:45873|priority:0|startupRole:FOLLOWER, c542d8dc-da9e-4bdb-b4f7-db3abed755ad|rpc:10.1.0.60:44361|dataStream:10.1.0.60:34955|priority:0|startupRole:FOLLOWER, c4279a81-19f7-4b96-a700-7284b014edb1|rpc:10.1.0.60:39305|dataStream:10.1.0.60:34479|priority:1|startupRole:FOLLOWER]|listeners:[], old=null
2023-02-01 19:04:17,256 [c542d8dc-da9e-4bdb-b4f7-db3abed755ad@group-EC822DA17CD6-LeaderElection8-1] INFO  server.GrpcServerProtocolClient (GrpcServerProtocolClient.java:<init>(63)) - Build channel for 6cd874f3-a134-47b5-8d3d-29dcf92148ed
2023-02-01 19:04:17,260 [c542d8dc-da9e-4bdb-b4f7-db3abed755ad@group-EC822DA17CD6-LeaderElection8] INFO  server.RaftServerConfigKeys (ConfUtils.java:logFallback(53)) - raft.server.rpc.first-election.timeout.min = 5s (fallback to raft.server.rpc.timeout.min)
2023-02-01 19:04:17,262 [c542d8dc-da9e-4bdb-b4f7-db3abed755ad@group-EC822DA17CD6-LeaderElection8] INFO  server.RaftServerConfigKeys (ConfUtils.java:logFallback(53)) - raft.server.rpc.first-election.timeout.max = 5200ms (fallback to raft.server.rpc.timeout.max)
2023-02-01 19:04:17,260 [c542d8dc-da9e-4bdb-b4f7-db3abed755ad@group-EC822DA17CD6-LeaderElection8-2] INFO  server.GrpcServerProtocolClient (GrpcServerProtocolClient.java:<init>(63)) - Build channel for c4279a81-19f7-4b96-a700-7284b014edb1
2023-02-01 19:04:17,266 [6cd874f3-a134-47b5-8d3d-29dcf92148ed@group-EC822DA17CD6-FollowerState] INFO  impl.FollowerState (FollowerState.java:run(143)) - 6cd874f3-a134-47b5-8d3d-29dcf92148ed@group-EC822DA17CD6-FollowerState: change to CANDIDATE, lastRpcElapsedTime:5144772088ns, electionTimeout:5140ms
2023-02-01 19:04:17,267 [6cd874f3-a134-47b5-8d3d-29dcf92148ed@group-EC822DA17CD6-FollowerState] INFO  impl.RoleInfo (RoleInfo.java:shutdownFollowerState(110)) - 6cd874f3-a134-47b5-8d3d-29dcf92148ed: shutdown 6cd874f3-a134-47b5-8d3d-29dcf92148ed@group-EC822DA17CD6-FollowerState
2023-02-01 19:04:17,267 [6cd874f3-a134-47b5-8d3d-29dcf92148ed@group-EC822DA17CD6-FollowerState] INFO  server.RaftServer$Division (RaftServerImpl.java:setRole(321)) - 6cd874f3-a134-47b5-8d3d-29dcf92148ed@group-EC822DA17CD6: changes role from  FOLLOWER to CANDIDATE at term 0 for changeToCandidate
2023-02-01 19:04:17,267 [6cd874f3-a134-47b5-8d3d-29dcf92148ed@group-EC822DA17CD6-FollowerState] INFO  server.RaftServerConfigKeys (ConfUtils.java:logGet(46)) - raft.server.leaderelection.pre-vote = false (custom)
2023-02-01 19:04:17,267 [6cd874f3-a134-47b5-8d3d-29dcf92148ed@group-EC822DA17CD6-FollowerState] INFO  impl.RoleInfo (RoleInfo.java:updateAndGet(139)) - 6cd874f3-a134-47b5-8d3d-29dcf92148ed: start 6cd874f3-a134-47b5-8d3d-29dcf92148ed@group-EC822DA17CD6-LeaderElection9
2023-02-01 19:04:17,267 [grpc-default-executor-1] INFO  server.RaftServer$Division (RaftServerImpl.java:requestVote(1218)) - 6cd874f3-a134-47b5-8d3d-29dcf92148ed@group-EC822DA17CD6: receive requestVote(ELECTION, c542d8dc-da9e-4bdb-b4f7-db3abed755ad, group-EC822DA17CD6, 1, (t:0, i:0))
2023-02-01 19:04:17,269 [grpc-default-executor-1] INFO  impl.VoteContext (VoteContext.java:log(49)) - 6cd874f3-a134-47b5-8d3d-29dcf92148ed@group-EC822DA17CD6-CANDIDATE: accept ELECTION from c542d8dc-da9e-4bdb-b4f7-db3abed755ad: our priority 0 <= candidate's priority 0
2023-02-01 19:04:17,269 [grpc-default-executor-1] INFO  server.RaftServer$Division (RaftServerImpl.java:setRole(321)) - 6cd874f3-a134-47b5-8d3d-29dcf92148ed@group-EC822DA17CD6: changes role from CANDIDATE to FOLLOWER at term 1 for candidate:c542d8dc-da9e-4bdb-b4f7-db3abed755ad
2023-02-01 19:04:17,269 [grpc-default-executor-1] INFO  impl.RoleInfo (RoleInfo.java:shutdownLeaderElection(130)) - 6cd874f3-a134-47b5-8d3d-29dcf92148ed: shutdown 6cd874f3-a134-47b5-8d3d-29dcf92148ed@group-EC822DA17CD6-LeaderElection9
2023-02-01 19:04:17,269 [grpc-default-executor-1] INFO  impl.RoleInfo (RoleInfo.java:updateAndGet(139)) - 6cd874f3-a134-47b5-8d3d-29dcf92148ed: start 6cd874f3-a134-47b5-8d3d-29dcf92148ed@group-EC822DA17CD6-FollowerState
2023-02-01 19:04:17,270 [6cd874f3-a134-47b5-8d3d-29dcf92148ed@group-EC822DA17CD6-FollowerState] INFO  server.RaftServerConfigKeys (ConfUtils.java:logFallback(53)) - raft.server.rpc.first-election.timeout.min = 5s (fallback to raft.server.rpc.timeout.min)
2023-02-01 19:04:17,270 [6cd874f3-a134-47b5-8d3d-29dcf92148ed@group-EC822DA17CD6-FollowerState] INFO  server.RaftServerConfigKeys (ConfUtils.java:logFallback(53)) - raft.server.rpc.first-election.timeout.max = 5200ms (fallback to raft.server.rpc.timeout.max)
2023-02-01 19:04:17,271 [grpc-default-executor-1] INFO  server.RaftServer$Division (RaftServerImpl.java:requestVote(1251)) - 6cd874f3-a134-47b5-8d3d-29dcf92148ed@group-EC822DA17CD6 replies to ELECTION vote request: c542d8dc-da9e-4bdb-b4f7-db3abed755ad<-6cd874f3-a134-47b5-8d3d-29dcf92148ed#0:OK-t1. Peer's state: 6cd874f3-a134-47b5-8d3d-29dcf92148ed@group-EC822DA17CD6:t1, leader=null, voted=c542d8dc-da9e-4bdb-b4f7-db3abed755ad, raftlog=Memoized:6cd874f3-a134-47b5-8d3d-29dcf92148ed@group-EC822DA17CD6-SegmentedRaftLog:OPENED:c-1, conf=-1: peers:[6cd874f3-a134-47b5-8d3d-29dcf92148ed|rpc:10.1.0.60:42333|dataStream:10.1.0.60:45873|priority:0|startupRole:FOLLOWER, c542d8dc-da9e-4bdb-b4f7-db3abed755ad|rpc:10.1.0.60:44361|dataStream:10.1.0.60:34955|priority:0|startupRole:FOLLOWER, c4279a81-19f7-4b96-a700-7284b014edb1|rpc:10.1.0.60:39305|dataStream:10.1.0.60:34479|priority:1|startupRole:FOLLOWER]|listeners:[], old=null
2023-02-01 19:04:17,280 [grpc-default-executor-0] INFO  server.RaftServer$Division (RaftServerImpl.java:requestVote(1218)) - c4279a81-19f7-4b96-a700-7284b014edb1@group-EC822DA17CD6: receive requestVote(ELECTION, c542d8dc-da9e-4bdb-b4f7-db3abed755ad, group-EC822DA17CD6, 1, (t:0, i:0))
2023-02-01 19:04:17,280 [grpc-default-executor-0] INFO  impl.VoteContext (VoteContext.java:log(49)) - c4279a81-19f7-4b96-a700-7284b014edb1@group-EC822DA17CD6-FOLLOWER: reject ELECTION from c542d8dc-da9e-4bdb-b4f7-db3abed755ad: our priority 1 > candidate's priority 0
2023-02-01 19:04:17,280 [grpc-default-executor-0] INFO  server.RaftServer$Division (RaftServerImpl.java:setRole(321)) - c4279a81-19f7-4b96-a700-7284b014edb1@group-EC822DA17CD6: changes role from  FOLLOWER to FOLLOWER at term 1 for candidate:c542d8dc-da9e-4bdb-b4f7-db3abed755ad
2023-02-01 19:04:17,280 [grpc-default-executor-0] INFO  impl.RoleInfo (RoleInfo.java:shutdownFollowerState(110)) - c4279a81-19f7-4b96-a700-7284b014edb1: shutdown c4279a81-19f7-4b96-a700-7284b014edb1@group-EC822DA17CD6-FollowerState
2023-02-01 19:04:17,280 [grpc-default-executor-0] INFO  impl.RoleInfo (RoleInfo.java:updateAndGet(139)) - c4279a81-19f7-4b96-a700-7284b014edb1: start c4279a81-19f7-4b96-a700-7284b014edb1@group-EC822DA17CD6-FollowerState
2023-02-01 19:04:17,281 [c4279a81-19f7-4b96-a700-7284b014edb1@group-EC822DA17CD6-FollowerState] INFO  impl.FollowerState (FollowerState.java:run(152)) - c4279a81-19f7-4b96-a700-7284b014edb1@group-EC822DA17CD6-FollowerState was interrupted
2023-02-01 19:04:17,289 [c4279a81-19f7-4b96-a700-7284b014edb1@group-EC822DA17CD6-FollowerState] INFO  server.RaftServerConfigKeys (ConfUtils.java:logFallback(53)) - raft.server.rpc.first-election.timeout.min = 5s (fallback to raft.server.rpc.timeout.min)
2023-02-01 19:04:17,290 [c4279a81-19f7-4b96-a700-7284b014edb1@group-EC822DA17CD6-FollowerState] INFO  server.RaftServerConfigKeys (ConfUtils.java:logFallback(53)) - raft.server.rpc.first-election.timeout.max = 5200ms (fallback to raft.server.rpc.timeout.max)
2023-02-01 19:04:17,290 [grpc-default-executor-0] INFO  server.RaftServer$Division (RaftServerImpl.java:requestVote(1251)) - c4279a81-19f7-4b96-a700-7284b014edb1@group-EC822DA17CD6 replies to ELECTION vote request: c542d8dc-da9e-4bdb-b4f7-db3abed755ad<-c4279a81-19f7-4b96-a700-7284b014edb1#0:FAIL-t1. Peer's state: c4279a81-19f7-4b96-a700-7284b014edb1@group-EC822DA17CD6:t1, leader=null, voted=null, raftlog=Memoized:c4279a81-19f7-4b96-a700-7284b014edb1@group-EC822DA17CD6-SegmentedRaftLog:OPENED:c-1, conf=-1: peers:[6cd874f3-a134-47b5-8d3d-29dcf92148ed|rpc:10.1.0.60:42333|dataStream:10.1.0.60:45873|priority:0|startupRole:FOLLOWER, c542d8dc-da9e-4bdb-b4f7-db3abed755ad|rpc:10.1.0.60:44361|dataStream:10.1.0.60:34955|priority:0|startupRole:FOLLOWER, c4279a81-19f7-4b96-a700-7284b014edb1|rpc:10.1.0.60:39305|dataStream:10.1.0.60:34479|priority:1|startupRole:FOLLOWER]|listeners:[], old=null
2023-02-01 19:04:17,291 [6cd874f3-a134-47b5-8d3d-29dcf92148ed@group-4FFEAC5ACA4B-FollowerState] INFO  impl.FollowerState (FollowerState.java:run(143)) - 6cd874f3-a134-47b5-8d3d-29dcf92148ed@group-4FFEAC5ACA4B-FollowerState: change to CANDIDATE, lastRpcElapsedTime:5029301040ns, electionTimeout:5011ms
2023-02-01 19:04:17,291 [6cd874f3-a134-47b5-8d3d-29dcf92148ed@group-4FFEAC5ACA4B-FollowerState] INFO  impl.RoleInfo (RoleInfo.java:shutdownFollowerState(110)) - 6cd874f3-a134-47b5-8d3d-29dcf92148ed: shutdown 6cd874f3-a134-47b5-8d3d-29dcf92148ed@group-4FFEAC5ACA4B-FollowerState
2023-02-01 19:04:17,291 [6cd874f3-a134-47b5-8d3d-29dcf92148ed@group-4FFEAC5ACA4B-FollowerState] INFO  server.RaftServer$Division (RaftServerImpl.java:setRole(321)) - 6cd874f3-a134-47b5-8d3d-29dcf92148ed@group-4FFEAC5ACA4B: changes role from  FOLLOWER to CANDIDATE at term 0 for changeToCandidate
2023-02-01 19:04:17,291 [6cd874f3-a134-47b5-8d3d-29dcf92148ed@group-4FFEAC5ACA4B-FollowerState] INFO  server.RaftServerConfigKeys (ConfUtils.java:logGet(46)) - raft.server.leaderelection.pre-vote = false (custom)
2023-02-01 19:04:17,291 [6cd874f3-a134-47b5-8d3d-29dcf92148ed@group-4FFEAC5ACA4B-FollowerState] INFO  impl.RoleInfo (RoleInfo.java:updateAndGet(139)) - 6cd874f3-a134-47b5-8d3d-29dcf92148ed: start 6cd874f3-a134-47b5-8d3d-29dcf92148ed@group-4FFEAC5ACA4B-LeaderElection10
2023-02-01 19:04:17,293 [c542d8dc-da9e-4bdb-b4f7-db3abed755ad@group-EC822DA17CD6-LeaderElection8] INFO  impl.LeaderElection (LeaderElection.java:logAndReturn(90)) - c542d8dc-da9e-4bdb-b4f7-db3abed755ad@group-EC822DA17CD6-LeaderElection8: ELECTION REJECTED received 2 response(s) and 0 exception(s):
2023-02-01 19:04:17,294 [c542d8dc-da9e-4bdb-b4f7-db3abed755ad@group-EC822DA17CD6-LeaderElection8] INFO  impl.LeaderElection (LeaderElection.java:logAndReturn(94)) -   Response 0: c542d8dc-da9e-4bdb-b4f7-db3abed755ad<-6cd874f3-a134-47b5-8d3d-29dcf92148ed#0:OK-t1
2023-02-01 19:04:17,294 [c542d8dc-da9e-4bdb-b4f7-db3abed755ad@group-EC822DA17CD6-LeaderElection8] INFO  impl.LeaderElection (LeaderElection.java:logAndReturn(94)) -   Response 1: c542d8dc-da9e-4bdb-b4f7-db3abed755ad<-c4279a81-19f7-4b96-a700-7284b014edb1#0:FAIL-t1
2023-02-01 19:04:17,294 [c542d8dc-da9e-4bdb-b4f7-db3abed755ad@group-EC822DA17CD6-LeaderElection8] INFO  impl.LeaderElection (LeaderElection.java:askForVotes(314)) - c542d8dc-da9e-4bdb-b4f7-db3abed755ad@group-EC822DA17CD6-LeaderElection8 ELECTION round 0: result REJECTED
2023-02-01 19:04:17,294 [c542d8dc-da9e-4bdb-b4f7-db3abed755ad@group-EC822DA17CD6-LeaderElection8] INFO  server.RaftServer$Division (RaftServerImpl.java:setRole(321)) - c542d8dc-da9e-4bdb-b4f7-db3abed755ad@group-EC822DA17CD6: changes role from CANDIDATE to FOLLOWER at term 1 for REJECTED
2023-02-01 19:04:17,294 [c542d8dc-da9e-4bdb-b4f7-db3abed755ad@group-EC822DA17CD6-LeaderElection8] INFO  impl.RoleInfo (RoleInfo.java:shutdownLeaderElection(130)) - c542d8dc-da9e-4bdb-b4f7-db3abed755ad: shutdown c542d8dc-da9e-4bdb-b4f7-db3abed755ad@group-EC822DA17CD6-LeaderElection8
2023-02-01 19:04:17,294 [c542d8dc-da9e-4bdb-b4f7-db3abed755ad@group-EC822DA17CD6-LeaderElection8] INFO  impl.RoleInfo (RoleInfo.java:updateAndGet(139)) - c542d8dc-da9e-4bdb-b4f7-db3abed755ad: start c542d8dc-da9e-4bdb-b4f7-db3abed755ad@group-EC822DA17CD6-FollowerState
2023-02-01 19:04:17,298 [c542d8dc-da9e-4bdb-b4f7-db3abed755ad@group-EC822DA17CD6-FollowerState] INFO  server.RaftServerConfigKeys (ConfUtils.java:logFallback(53)) - raft.server.rpc.first-election.timeout.min = 5s (fallback to raft.server.rpc.timeout.min)
2023-02-01 19:04:17,298 [c542d8dc-da9e-4bdb-b4f7-db3abed755ad@group-EC822DA17CD6-FollowerState] INFO  server.RaftServerConfigKeys (ConfUtils.java:logFallback(53)) - raft.server.rpc.first-election.timeout.max = 5200ms (fallback to raft.server.rpc.timeout.max)
2023-02-01 19:04:17,302 [6cd874f3-a134-47b5-8d3d-29dcf92148ed@group-4FFEAC5ACA4B-LeaderElection10] INFO  impl.LeaderElection (LeaderElection.java:askForVotes(312)) - 6cd874f3-a134-47b5-8d3d-29dcf92148ed@group-4FFEAC5ACA4B-LeaderElection10 ELECTION round 0: submit vote requests at term 1 for -1: peers:[6cd874f3-a134-47b5-8d3d-29dcf92148ed|rpc:10.1.0.60:42333|dataStream:10.1.0.60:45873|priority:1|startupRole:FOLLOWER, c542d8dc-da9e-4bdb-b4f7-db3abed755ad|rpc:10.1.0.60:44361|dataStream:10.1.0.60:34955|priority:0|startupRole:FOLLOWER, c4279a81-19f7-4b96-a700-7284b014edb1|rpc:10.1.0.60:39305|dataStream:10.1.0.60:34479|priority:0|startupRole:FOLLOWER]|listeners:[], old=null
2023-02-01 19:04:17,302 [6cd874f3-a134-47b5-8d3d-29dcf92148ed@group-4FFEAC5ACA4B-LeaderElection10] INFO  server.RaftServerConfigKeys (ConfUtils.java:logFallback(53)) - raft.server.rpc.first-election.timeout.min = 5s (fallback to raft.server.rpc.timeout.min)
2023-02-01 19:04:17,302 [6cd874f3-a134-47b5-8d3d-29dcf92148ed@group-4FFEAC5ACA4B-LeaderElection10-1] INFO  server.GrpcServerProtocolClient (GrpcServerProtocolClient.java:<init>(63)) - Build channel for c542d8dc-da9e-4bdb-b4f7-db3abed755ad
2023-02-01 19:04:17,302 [6cd874f3-a134-47b5-8d3d-29dcf92148ed@group-4FFEAC5ACA4B-LeaderElection10] INFO  server.RaftServerConfigKeys (ConfUtils.java:logFallback(53)) - raft.server.rpc.first-election.timeout.max = 5200ms (fallback to raft.server.rpc.timeout.max)
2023-02-01 19:04:17,304 [6cd874f3-a134-47b5-8d3d-29dcf92148ed@group-4FFEAC5ACA4B-LeaderElection10-2] INFO  server.GrpcServerProtocolClient (GrpcServerProtocolClient.java:<init>(63)) - Build channel for c4279a81-19f7-4b96-a700-7284b014edb1
2023-02-01 19:04:17,314 [grpc-default-executor-0] INFO  server.RaftServer$Division (RaftServerImpl.java:requestVote(1218)) - c542d8dc-da9e-4bdb-b4f7-db3abed755ad@group-4FFEAC5ACA4B: receive requestVote(ELECTION, 6cd874f3-a134-47b5-8d3d-29dcf92148ed, group-4FFEAC5ACA4B, 1, (t:0, i:0))
2023-02-01 19:04:17,314 [grpc-default-executor-0] INFO  impl.VoteContext (VoteContext.java:log(49)) - c542d8dc-da9e-4bdb-b4f7-db3abed755ad@group-4FFEAC5ACA4B-FOLLOWER: accept ELECTION from 6cd874f3-a134-47b5-8d3d-29dcf92148ed: our priority 0 <= candidate's priority 1
2023-02-01 19:04:17,314 [grpc-default-executor-0] INFO  server.RaftServer$Division (RaftServerImpl.java:setRole(321)) - c542d8dc-da9e-4bdb-b4f7-db3abed755ad@group-4FFEAC5ACA4B: changes role from  FOLLOWER to FOLLOWER at term 1 for candidate:6cd874f3-a134-47b5-8d3d-29dcf92148ed
2023-02-01 19:04:17,314 [grpc-default-executor-0] INFO  impl.RoleInfo (RoleInfo.java:shutdownFollowerState(110)) - c542d8dc-da9e-4bdb-b4f7-db3abed755ad: shutdown c542d8dc-da9e-4bdb-b4f7-db3abed755ad@group-4FFEAC5ACA4B-FollowerState
2023-02-01 19:04:17,314 [grpc-default-executor-0] INFO  impl.RoleInfo (RoleInfo.java:updateAndGet(139)) - c542d8dc-da9e-4bdb-b4f7-db3abed755ad: start c542d8dc-da9e-4bdb-b4f7-db3abed755ad@group-4FFEAC5ACA4B-FollowerState
2023-02-01 19:04:17,314 [c542d8dc-da9e-4bdb-b4f7-db3abed755ad@group-4FFEAC5ACA4B-FollowerState] INFO  impl.FollowerState (FollowerState.java:run(152)) - c542d8dc-da9e-4bdb-b4f7-db3abed755ad@group-4FFEAC5ACA4B-FollowerState was interrupted
2023-02-01 19:04:17,322 [c542d8dc-da9e-4bdb-b4f7-db3abed755ad@group-4FFEAC5ACA4B-FollowerState] INFO  server.RaftServerConfigKeys (ConfUtils.java:logFallback(53)) - raft.server.rpc.first-election.timeout.min = 5s (fallback to raft.server.rpc.timeout.min)
2023-02-01 19:04:17,322 [c542d8dc-da9e-4bdb-b4f7-db3abed755ad@group-4FFEAC5ACA4B-FollowerState] INFO  server.RaftServerConfigKeys (ConfUtils.java:logFallback(53)) - raft.server.rpc.first-election.timeout.max = 5200ms (fallback to raft.server.rpc.timeout.max)
2023-02-01 19:04:17,324 [grpc-default-executor-1] INFO  server.RaftServer$Division (RaftServerImpl.java:requestVote(1218)) - c4279a81-19f7-4b96-a700-7284b014edb1@group-4FFEAC5ACA4B: receive requestVote(ELECTION, 6cd874f3-a134-47b5-8d3d-29dcf92148ed, group-4FFEAC5ACA4B, 1, (t:0, i:0))
2023-02-01 19:04:17,324 [grpc-default-executor-0] INFO  server.RaftServer$Division (RaftServerImpl.java:requestVote(1251)) - c542d8dc-da9e-4bdb-b4f7-db3abed755ad@group-4FFEAC5ACA4B replies to ELECTION vote request: 6cd874f3-a134-47b5-8d3d-29dcf92148ed<-c542d8dc-da9e-4bdb-b4f7-db3abed755ad#0:OK-t1. Peer's state: c542d8dc-da9e-4bdb-b4f7-db3abed755ad@group-4FFEAC5ACA4B:t1, leader=null, voted=6cd874f3-a134-47b5-8d3d-29dcf92148ed, raftlog=Memoized:c542d8dc-da9e-4bdb-b4f7-db3abed755ad@group-4FFEAC5ACA4B-SegmentedRaftLog:OPENED:c-1, conf=-1: peers:[6cd874f3-a134-47b5-8d3d-29dcf92148ed|rpc:10.1.0.60:42333|dataStream:10.1.0.60:45873|priority:1|startupRole:FOLLOWER, c542d8dc-da9e-4bdb-b4f7-db3abed755ad|rpc:10.1.0.60:44361|dataStream:10.1.0.60:34955|priority:0|startupRole:FOLLOWER, c4279a81-19f7-4b96-a700-7284b014edb1|rpc:10.1.0.60:39305|dataStream:10.1.0.60:34479|priority:0|startupRole:FOLLOWER]|listeners:[], old=null
2023-02-01 19:04:17,325 [grpc-default-executor-1] INFO  impl.VoteContext (VoteContext.java:log(49)) - c4279a81-19f7-4b96-a700-7284b014edb1@group-4FFEAC5ACA4B-FOLLOWER: accept ELECTION from 6cd874f3-a134-47b5-8d3d-29dcf92148ed: our priority 0 <= candidate's priority 1
2023-02-01 19:04:17,325 [grpc-default-executor-1] INFO  server.RaftServer$Division (RaftServerImpl.java:setRole(321)) - c4279a81-19f7-4b96-a700-7284b014edb1@group-4FFEAC5ACA4B: changes role from  FOLLOWER to FOLLOWER at term 1 for candidate:6cd874f3-a134-47b5-8d3d-29dcf92148ed
2023-02-01 19:04:17,325 [grpc-default-executor-1] INFO  impl.RoleInfo (RoleInfo.java:shutdownFollowerState(110)) - c4279a81-19f7-4b96-a700-7284b014edb1: shutdown c4279a81-19f7-4b96-a700-7284b014edb1@group-4FFEAC5ACA4B-FollowerState
2023-02-01 19:04:17,325 [grpc-default-executor-1] INFO  impl.RoleInfo (RoleInfo.java:updateAndGet(139)) - c4279a81-19f7-4b96-a700-7284b014edb1: start c4279a81-19f7-4b96-a700-7284b014edb1@group-4FFEAC5ACA4B-FollowerState
2023-02-01 19:04:17,325 [c4279a81-19f7-4b96-a700-7284b014edb1@group-4FFEAC5ACA4B-FollowerState] INFO  impl.FollowerState (FollowerState.java:run(152)) - c4279a81-19f7-4b96-a700-7284b014edb1@group-4FFEAC5ACA4B-FollowerState was interrupted
2023-02-01 19:04:17,331 [grpc-default-executor-1] INFO  server.RaftServer$Division (RaftServerImpl.java:requestVote(1251)) - c4279a81-19f7-4b96-a700-7284b014edb1@group-4FFEAC5ACA4B replies to ELECTION vote request: 6cd874f3-a134-47b5-8d3d-29dcf92148ed<-c4279a81-19f7-4b96-a700-7284b014edb1#0:OK-t1. Peer's state: c4279a81-19f7-4b96-a700-7284b014edb1@group-4FFEAC5ACA4B:t1, leader=null, voted=6cd874f3-a134-47b5-8d3d-29dcf92148ed, raftlog=Memoized:c4279a81-19f7-4b96-a700-7284b014edb1@group-4FFEAC5ACA4B-SegmentedRaftLog:OPENED:c-1, conf=-1: peers:[6cd874f3-a134-47b5-8d3d-29dcf92148ed|rpc:10.1.0.60:42333|dataStream:10.1.0.60:45873|priority:1|startupRole:FOLLOWER, c542d8dc-da9e-4bdb-b4f7-db3abed755ad|rpc:10.1.0.60:44361|dataStream:10.1.0.60:34955|priority:0|startupRole:FOLLOWER, c4279a81-19f7-4b96-a700-7284b014edb1|rpc:10.1.0.60:39305|dataStream:10.1.0.60:34479|priority:0|startupRole:FOLLOWER]|listeners:[], old=null
2023-02-01 19:04:17,331 [6cd874f3-a134-47b5-8d3d-29dcf92148ed@group-4FFEAC5ACA4B-LeaderElection10] INFO  impl.LeaderElection (LeaderElection.java:logAndReturn(90)) - 6cd874f3-a134-47b5-8d3d-29dcf92148ed@group-4FFEAC5ACA4B-LeaderElection10: ELECTION PASSED received 1 response(s) and 0 exception(s):
2023-02-01 19:04:17,331 [6cd874f3-a134-47b5-8d3d-29dcf92148ed@group-4FFEAC5ACA4B-LeaderElection10] INFO  impl.LeaderElection (LeaderElection.java:logAndReturn(94)) -   Response 0: 6cd874f3-a134-47b5-8d3d-29dcf92148ed<-c542d8dc-da9e-4bdb-b4f7-db3abed755ad#0:OK-t1
2023-02-01 19:04:17,331 [6cd874f3-a134-47b5-8d3d-29dcf92148ed@group-4FFEAC5ACA4B-LeaderElection10] INFO  impl.LeaderElection (LeaderElection.java:askForVotes(314)) - 6cd874f3-a134-47b5-8d3d-29dcf92148ed@group-4FFEAC5ACA4B-LeaderElection10 ELECTION round 0: result PASSED
2023-02-01 19:04:17,331 [6cd874f3-a134-47b5-8d3d-29dcf92148ed@group-4FFEAC5ACA4B-LeaderElection10] INFO  impl.RoleInfo (RoleInfo.java:shutdownLeaderElection(130)) - 6cd874f3-a134-47b5-8d3d-29dcf92148ed: shutdown 6cd874f3-a134-47b5-8d3d-29dcf92148ed@group-4FFEAC5ACA4B-LeaderElection10
2023-02-01 19:04:17,331 [6cd874f3-a134-47b5-8d3d-29dcf92148ed@group-4FFEAC5ACA4B-LeaderElection10] INFO  server.RaftServer$Division (RaftServerImpl.java:setRole(321)) - 6cd874f3-a134-47b5-8d3d-29dcf92148ed@group-4FFEAC5ACA4B: changes role from CANDIDATE to LEADER at term 1 for changeToLeader
2023-02-01 19:04:17,331 [6cd874f3-a134-47b5-8d3d-29dcf92148ed@group-4FFEAC5ACA4B-LeaderElection10] INFO  ratis.XceiverServerRatis (XceiverServerRatis.java:handleLeaderChangedNotification(904)) - Leader change notification received for group: group-4FFEAC5ACA4B with new leaderId: 6cd874f3-a134-47b5-8d3d-29dcf92148ed
2023-02-01 19:04:17,331 [6cd874f3-a134-47b5-8d3d-29dcf92148ed@group-4FFEAC5ACA4B-LeaderElection10] INFO  server.RaftServer$Division (ServerState.java:setLeader(313)) - 6cd874f3-a134-47b5-8d3d-29dcf92148ed@group-4FFEAC5ACA4B: change Leader from null to 6cd874f3-a134-47b5-8d3d-29dcf92148ed at term 1 for becomeLeader, leader elected after 5089ms
2023-02-01 19:04:17,331 [6cd874f3-a134-47b5-8d3d-29dcf92148ed@group-4FFEAC5ACA4B-LeaderElection10] INFO  server.RaftServerConfigKeys (ConfUtils.java:logGet(46)) - raft.server.staging.catchup.gap = 1000 (default)
2023-02-01 19:04:17,331 [6cd874f3-a134-47b5-8d3d-29dcf92148ed@group-4FFEAC5ACA4B-LeaderElection10] INFO  server.RaftServerConfigKeys (ConfUtils.java:logGet(46)) - raft.server.write.element-limit = 1024 (custom)
2023-02-01 19:04:17,332 [6cd874f3-a134-47b5-8d3d-29dcf92148ed@group-4FFEAC5ACA4B-LeaderElection10] INFO  server.RaftServerConfigKeys (ConfUtils.java:logGet(46)) - raft.server.write.byte-limit = 1024 M (=1073741824) (custom)
2023-02-01 19:04:17,332 [6cd874f3-a134-47b5-8d3d-29dcf92148ed@group-4FFEAC5ACA4B-LeaderElection10] INFO  server.RaftServerConfigKeys (ConfUtils.java:logGet(46)) - raft.server.watch.timeout = 180s (custom)
2023-02-01 19:04:17,332 [6cd874f3-a134-47b5-8d3d-29dcf92148ed@group-4FFEAC5ACA4B-LeaderElection10] INFO  server.RaftServerConfigKeys (ConfUtils.java:logGet(46)) - raft.server.watch.timeout.denomination = 1s (default)
2023-02-01 19:04:17,332 [6cd874f3-a134-47b5-8d3d-29dcf92148ed@group-4FFEAC5ACA4B-LeaderElection10] INFO  server.RaftServerConfigKeys (ConfUtils.java:logGet(46)) - raft.server.watch.element-limit = 65536 (default)
2023-02-01 19:04:17,332 [6cd874f3-a134-47b5-8d3d-29dcf92148ed@group-4FFEAC5ACA4B-LeaderElection10] INFO  server.RaftServerConfigKeys (ConfUtils.java:logGet(46)) - raft.server.write.element-limit = 1024 (custom)
2023-02-01 19:04:17,332 [6cd874f3-a134-47b5-8d3d-29dcf92148ed@group-4FFEAC5ACA4B-LeaderElection10] INFO  server.RaftServerConfigKeys (ConfUtils.java:logGet(46)) - raft.server.write.follower.gap.ratio.max = -1.0 (default)
2023-02-01 19:04:17,333 [EventQueue-PipelineReportForPipelineReportHandler] INFO  pipeline.PipelineManagerImpl (PipelineManagerImpl.java:openPipeline(367)) - Pipeline Pipeline[ Id: 279620bb-72a9-43bd-8ddd-4ffeac5aca4b, Nodes: c542d8dc-da9e-4bdb-b4f7-db3abed755ad(fv-az213-973.c2vz3wqhpjau3hcstnyptvmwla.cx.internal.cloudapp.net/10.1.0.60)c4279a81-19f7-4b96-a700-7284b014edb1(fv-az213-973.c2vz3wqhpjau3hcstnyptvmwla.cx.internal.cloudapp.net/10.1.0.60)6cd874f3-a134-47b5-8d3d-29dcf92148ed(fv-az213-973.c2vz3wqhpjau3hcstnyptvmwla.cx.internal.cloudapp.net/10.1.0.60), ReplicationConfig: RATIS/THREE, State:ALLOCATED, leaderId:6cd874f3-a134-47b5-8d3d-29dcf92148ed, CreationTimestamp2023-02-01T19:04:09.714Z[Etc/UTC]] moved to OPEN state
2023-02-01 19:04:17,331 [c4279a81-19f7-4b96-a700-7284b014edb1@group-4FFEAC5ACA4B-FollowerState] INFO  server.RaftServerConfigKeys (ConfUtils.java:logFallback(53)) - raft.server.rpc.first-election.timeout.min = 5s (fallback to raft.server.rpc.timeout.min)
2023-02-01 19:04:17,333 [EventQueue-OpenPipelineForHealthyPipelineSafeModeRule] INFO  safemode.SCMSafeModeManager (HealthyPipelineSafeModeRule.java:process(137)) - SCM in safe mode. Healthy pipelines reported count is 0, required healthy pipeline reported count is 1
2023-02-01 19:04:17,351 [EventQueue-OpenPipelineForHealthyPipelineSafeModeRule] INFO  safemode.SCMSafeModeManager (HealthyPipelineSafeModeRule.java:process(137)) - SCM in safe mode. Healthy pipelines reported count is 1, required healthy pipeline reported count is 1
2023-02-01 19:04:17,351 [EventQueue-OpenPipelineForHealthyPipelineSafeModeRule] INFO  safemode.SCMSafeModeManager (SCMSafeModeManager.java:validateSafeModeExitRules(200)) - HealthyPipelineSafeModeRule rule is successfully validated
2023-02-01 19:04:17,351 [EventQueue-OpenPipelineForHealthyPipelineSafeModeRule] INFO  safemode.SCMSafeModeManager (SCMSafeModeManager.java:validateSafeModeExitRules(215)) - ScmSafeModeManager, all rules are successfully validated
2023-02-01 19:04:17,351 [EventQueue-OpenPipelineForHealthyPipelineSafeModeRule] INFO  safemode.SCMSafeModeManager (SCMSafeModeManager.java:exitSafeMode(244)) - SCM exiting safe mode.
2023-02-01 19:04:17,351 [EventQueue-OpenPipelineForHealthyPipelineSafeModeRule] INFO  ha.SCMContext (SCMContext.java:updateSafeModeStatus(228)) - Update SafeModeStatus from SafeModeStatus{safeModeStatus=true, preCheckPassed=true} to SafeModeStatus{safeModeStatus=false, preCheckPassed=true}.
2023-02-01 19:04:17,351 [EventQueue-OpenPipelineForHealthyPipelineSafeModeRule] INFO  pipeline.BackgroundPipelineCreator (BackgroundPipelineCreator.java:notifyStatusChanged(254)) - Service BackgroundPipelineCreator transitions to RUNNING.
2023-02-01 19:04:17,351 [EventQueue-OpenPipelineForHealthyPipelineSafeModeRule] INFO  BackgroundPipelineScrubber (BackgroundSCMService.java:notifyStatusChanged(82)) - Service BackgroundPipelineScrubber transitions to RUNNING.
2023-02-01 19:04:17,351 [EventQueue-OpenPipelineForHealthyPipelineSafeModeRule] INFO  ExpiredContainerReplicaOpScrubber (BackgroundSCMService.java:notifyStatusChanged(82)) - Service ExpiredContainerReplicaOpScrubber transitions to RUNNING.
2023-02-01 19:04:17,351 [6cd874f3-a134-47b5-8d3d-29dcf92148ed@group-4FFEAC5ACA4B-LeaderElection10] INFO  server.RaftServerConfigKeys (ConfUtils.java:logGet(46)) - raft.server.log.appender.snapshot.chunk.size.max = 16MB (=16777216) (default)
2023-02-01 19:04:17,348 [c4279a81-19f7-4b96-a700-7284b014edb1@group-4FFEAC5ACA4B-FollowerState] INFO  server.RaftServerConfigKeys (ConfUtils.java:logFallback(53)) - raft.server.rpc.first-election.timeout.max = 5200ms (fallback to raft.server.rpc.timeout.max)
2023-02-01 19:04:17,351 [6cd874f3-a134-47b5-8d3d-29dcf92148ed@group-4FFEAC5ACA4B-LeaderElection10] INFO  server.RaftServerConfigKeys (ConfUtils.java:logGet(46)) - raft.server.log.appender.buffer.byte-limit = 33554432 (custom)
2023-02-01 19:04:17,351 [EventQueue-OpenPipelineForHealthyPipelineSafeModeRule] INFO  replication.ReplicationManager (ReplicationManager.java:notifyStatusChanged(937)) - Service ReplicationManager transitions to RUNNING.
2023-02-01 19:04:17,352 [6cd874f3-a134-47b5-8d3d-29dcf92148ed@group-4FFEAC5ACA4B-LeaderElection10] INFO  server.RaftServerConfigKeys (ConfUtils.java:logGet(46)) - raft.server.log.appender.buffer.element-limit = 1 (custom)
2023-02-01 19:04:17,355 [EventQueue-OpenPipelineForHealthyPipelineSafeModeRule] WARN  balancer.ContainerBalancer (ContainerBalancer.java:shouldRun(131)) - Could not find persisted configuration for ContainerBalancer when checking if ContainerBalancer should run. ContainerBalancer should not run now.
2023-02-01 19:04:17,358 [6cd874f3-a134-47b5-8d3d-29dcf92148ed@group-4FFEAC5ACA4B-LeaderElection10] INFO  grpc.GrpcConfigKeys (ConfUtils.java:logGet(46)) - raft.grpc.server.leader.outstanding.appends.max = 128 (default)
2023-02-01 19:04:17,358 [6cd874f3-a134-47b5-8d3d-29dcf92148ed@group-4FFEAC5ACA4B-LeaderElection10] INFO  server.RaftServerConfigKeys (ConfUtils.java:logGet(46)) - raft.server.rpc.request.timeout = 60s (custom)
2023-02-01 19:04:17,358 [6cd874f3-a134-47b5-8d3d-29dcf92148ed@group-4FFEAC5ACA4B-LeaderElection10] INFO  server.RaftServerConfigKeys (ConfUtils.java:logGet(46)) - raft.server.log.appender.install.snapshot.enabled = false (custom)
2023-02-01 19:04:17,358 [6cd874f3-a134-47b5-8d3d-29dcf92148ed@group-4FFEAC5ACA4B-LeaderElection10] INFO  grpc.GrpcConfigKeys (ConfUtils.java:logGet(46)) - raft.grpc.server.heartbeat.channel = true (default)
2023-02-01 19:04:17,358 [6cd874f3-a134-47b5-8d3d-29dcf92148ed@group-4FFEAC5ACA4B-LeaderElection10] INFO  server.RaftServerConfigKeys (ConfUtils.java:logGet(46)) - raft.server.log.appender.wait-time.min = 10ms (default)
2023-02-01 19:04:17,360 [6cd874f3-a134-47b5-8d3d-29dcf92148ed@group-4FFEAC5ACA4B-LeaderElection10] INFO  server.RaftServerConfigKeys (ConfUtils.java:logGet(46)) - raft.server.log.appender.snapshot.chunk.size.max = 16MB (=16777216) (default)
2023-02-01 19:04:17,360 [6cd874f3-a134-47b5-8d3d-29dcf92148ed@group-4FFEAC5ACA4B-LeaderElection10] INFO  server.RaftServerConfigKeys (ConfUtils.java:logGet(46)) - raft.server.log.appender.buffer.byte-limit = 33554432 (custom)
2023-02-01 19:04:17,360 [6cd874f3-a134-47b5-8d3d-29dcf92148ed@group-4FFEAC5ACA4B-LeaderElection10] INFO  server.RaftServerConfigKeys (ConfUtils.java:logGet(46)) - raft.server.log.appender.buffer.element-limit = 1 (custom)
2023-02-01 19:04:17,360 [6cd874f3-a134-47b5-8d3d-29dcf92148ed@group-4FFEAC5ACA4B-LeaderElection10] INFO  grpc.GrpcConfigKeys (ConfUtils.java:logGet(46)) - raft.grpc.server.leader.outstanding.appends.max = 128 (default)
2023-02-01 19:04:17,360 [6cd874f3-a134-47b5-8d3d-29dcf92148ed@group-4FFEAC5ACA4B-LeaderElection10] INFO  server.RaftServerConfigKeys (ConfUtils.java:logGet(46)) - raft.server.rpc.request.timeout = 60s (custom)
2023-02-01 19:04:17,360 [6cd874f3-a134-47b5-8d3d-29dcf92148ed@group-4FFEAC5ACA4B-LeaderElection10] INFO  server.RaftServerConfigKeys (ConfUtils.java:logGet(46)) - raft.server.log.appender.install.snapshot.enabled = false (custom)
2023-02-01 19:04:17,360 [6cd874f3-a134-47b5-8d3d-29dcf92148ed@group-4FFEAC5ACA4B-LeaderElection10] INFO  grpc.GrpcConfigKeys (ConfUtils.java:logGet(46)) - raft.grpc.server.heartbeat.channel = true (default)
2023-02-01 19:04:17,360 [6cd874f3-a134-47b5-8d3d-29dcf92148ed@group-4FFEAC5ACA4B-LeaderElection10] INFO  server.RaftServerConfigKeys (ConfUtils.java:logGet(46)) - raft.server.log.appender.wait-time.min = 10ms (default)
2023-02-01 19:04:17,361 [6cd874f3-a134-47b5-8d3d-29dcf92148ed@group-4FFEAC5ACA4B-LeaderElection10] INFO  impl.RoleInfo (RoleInfo.java:updateAndGet(139)) - 6cd874f3-a134-47b5-8d3d-29dcf92148ed: start 6cd874f3-a134-47b5-8d3d-29dcf92148ed@group-4FFEAC5ACA4B-LeaderStateImpl
2023-02-01 19:04:17,362 [6cd874f3-a134-47b5-8d3d-29dcf92148ed@group-4FFEAC5ACA4B-LeaderElection10] INFO  segmented.SegmentedRaftLogWorker (SegmentedRaftLogWorker.java:startLogSegment(452)) - 6cd874f3-a134-47b5-8d3d-29dcf92148ed@group-4FFEAC5ACA4B-SegmentedRaftLogWorker: Starting segment from index:0
2023-02-01 19:04:17,364 [6cd874f3-a134-47b5-8d3d-29dcf92148ed@group-4FFEAC5ACA4B-LeaderElection10] INFO  server.RaftServer$Division (ServerState.java:setRaftConf(430)) - 6cd874f3-a134-47b5-8d3d-29dcf92148ed@group-4FFEAC5ACA4B: set configuration 0: peers:[6cd874f3-a134-47b5-8d3d-29dcf92148ed|rpc:10.1.0.60:42333|dataStream:10.1.0.60:45873|priority:1|startupRole:FOLLOWER, c542d8dc-da9e-4bdb-b4f7-db3abed755ad|rpc:10.1.0.60:44361|dataStream:10.1.0.60:34955|priority:0|startupRole:FOLLOWER, c4279a81-19f7-4b96-a700-7284b014edb1|rpc:10.1.0.60:39305|dataStream:10.1.0.60:34479|priority:0|startupRole:FOLLOWER]|listeners:[], old=null
2023-02-01 19:04:17,364 [6cd874f3-a134-47b5-8d3d-29dcf92148ed@group-4FFEAC5ACA4B-SegmentedRaftLogWorker] INFO  segmented.SegmentedRaftLogWorker (SegmentedRaftLogWorker.java:execute(656)) - 6cd874f3-a134-47b5-8d3d-29dcf92148ed@group-4FFEAC5ACA4B-SegmentedRaftLogWorker: created new log segment /home/runner/work/ozone/ozone/hadoop-ozone/integration-test/target/test-dir/MiniOzoneClusterImpl-74e3824a-f6bc-4c6a-9d81-a3a47ccb7612/datanode-3/data/ratis/279620bb-72a9-43bd-8ddd-4ffeac5aca4b/current/log_inprogress_0
2023-02-01 19:04:17,392 [c4279a81-19f7-4b96-a700-7284b014edb1-server-thread1] INFO  ratis.XceiverServerRatis (XceiverServerRatis.java:handleLeaderChangedNotification(904)) - Leader change notification received for group: group-4FFEAC5ACA4B with new leaderId: 6cd874f3-a134-47b5-8d3d-29dcf92148ed
2023-02-01 19:04:17,392 [c4279a81-19f7-4b96-a700-7284b014edb1-server-thread1] INFO  server.RaftServer$Division (ServerState.java:setLeader(313)) - c4279a81-19f7-4b96-a700-7284b014edb1@group-4FFEAC5ACA4B: change Leader from null to 6cd874f3-a134-47b5-8d3d-29dcf92148ed at term 1 for appendEntries, leader elected after 5032ms
2023-02-01 19:04:17,419 [c4279a81-19f7-4b96-a700-7284b014edb1-server-thread1] INFO  server.RaftServer$Division (ServerState.java:setRaftConf(430)) - c4279a81-19f7-4b96-a700-7284b014edb1@group-4FFEAC5ACA4B: set configuration 0: peers:[6cd874f3-a134-47b5-8d3d-29dcf92148ed|rpc:10.1.0.60:42333|dataStream:10.1.0.60:45873|priority:1|startupRole:FOLLOWER, c542d8dc-da9e-4bdb-b4f7-db3abed755ad|rpc:10.1.0.60:44361|dataStream:10.1.0.60:34955|priority:0|startupRole:FOLLOWER, c4279a81-19f7-4b96-a700-7284b014edb1|rpc:10.1.0.60:39305|dataStream:10.1.0.60:34479|priority:0|startupRole:FOLLOWER]|listeners:[], old=null
2023-02-01 19:04:17,419 [c4279a81-19f7-4b96-a700-7284b014edb1-server-thread1] INFO  segmented.SegmentedRaftLogWorker (SegmentedRaftLogWorker.java:startLogSegment(452)) - c4279a81-19f7-4b96-a700-7284b014edb1@group-4FFEAC5ACA4B-SegmentedRaftLogWorker: Starting segment from index:0
2023-02-01 19:04:17,422 [c4279a81-19f7-4b96-a700-7284b014edb1@group-4FFEAC5ACA4B-SegmentedRaftLogWorker] INFO  segmented.SegmentedRaftLogWorker (SegmentedRaftLogWorker.java:execute(656)) - c4279a81-19f7-4b96-a700-7284b014edb1@group-4FFEAC5ACA4B-SegmentedRaftLogWorker: created new log segment /home/runner/work/ozone/ozone/hadoop-ozone/integration-test/target/test-dir/MiniOzoneClusterImpl-74e3824a-f6bc-4c6a-9d81-a3a47ccb7612/datanode-5/data/ratis/279620bb-72a9-43bd-8ddd-4ffeac5aca4b/current/log_inprogress_0
2023-02-01 19:04:17,425 [c542d8dc-da9e-4bdb-b4f7-db3abed755ad-server-thread2] INFO  ratis.XceiverServerRatis (XceiverServerRatis.java:handleLeaderChangedNotification(904)) - Leader change notification received for group: group-4FFEAC5ACA4B with new leaderId: 6cd874f3-a134-47b5-8d3d-29dcf92148ed
2023-02-01 19:04:17,425 [c542d8dc-da9e-4bdb-b4f7-db3abed755ad-server-thread2] INFO  server.RaftServer$Division (ServerState.java:setLeader(313)) - c542d8dc-da9e-4bdb-b4f7-db3abed755ad@group-4FFEAC5ACA4B: change Leader from null to 6cd874f3-a134-47b5-8d3d-29dcf92148ed at term 1 for appendEntries, leader elected after 5132ms
2023-02-01 19:04:17,433 [c542d8dc-da9e-4bdb-b4f7-db3abed755ad-server-thread2] INFO  server.RaftServer$Division (ServerState.java:setRaftConf(430)) - c542d8dc-da9e-4bdb-b4f7-db3abed755ad@group-4FFEAC5ACA4B: set configuration 0: peers:[6cd874f3-a134-47b5-8d3d-29dcf92148ed|rpc:10.1.0.60:42333|dataStream:10.1.0.60:45873|priority:1|startupRole:FOLLOWER, c542d8dc-da9e-4bdb-b4f7-db3abed755ad|rpc:10.1.0.60:44361|dataStream:10.1.0.60:34955|priority:0|startupRole:FOLLOWER, c4279a81-19f7-4b96-a700-7284b014edb1|rpc:10.1.0.60:39305|dataStream:10.1.0.60:34479|priority:0|startupRole:FOLLOWER]|listeners:[], old=null
2023-02-01 19:04:17,433 [c542d8dc-da9e-4bdb-b4f7-db3abed755ad-server-thread2] INFO  segmented.SegmentedRaftLogWorker (SegmentedRaftLogWorker.java:startLogSegment(452)) - c542d8dc-da9e-4bdb-b4f7-db3abed755ad@group-4FFEAC5ACA4B-SegmentedRaftLogWorker: Starting segment from index:0
2023-02-01 19:04:17,435 [c542d8dc-da9e-4bdb-b4f7-db3abed755ad@group-4FFEAC5ACA4B-SegmentedRaftLogWorker] INFO  segmented.SegmentedRaftLogWorker (SegmentedRaftLogWorker.java:execute(656)) - c542d8dc-da9e-4bdb-b4f7-db3abed755ad@group-4FFEAC5ACA4B-SegmentedRaftLogWorker: created new log segment /home/runner/work/ozone/ozone/hadoop-ozone/integration-test/target/test-dir/MiniOzoneClusterImpl-74e3824a-f6bc-4c6a-9d81-a3a47ccb7612/datanode-4/data/ratis/279620bb-72a9-43bd-8ddd-4ffeac5aca4b/current/log_inprogress_0
2023-02-01 19:04:17,442 [c542d8dc-da9e-4bdb-b4f7-db3abed755ad@group-25533FAF4692-FollowerState] INFO  impl.FollowerState (FollowerState.java:run(143)) - c542d8dc-da9e-4bdb-b4f7-db3abed755ad@group-25533FAF4692-FollowerState: change to CANDIDATE, lastRpcElapsedTime:5063294667ns, electionTimeout:5062ms
2023-02-01 19:04:17,442 [c542d8dc-da9e-4bdb-b4f7-db3abed755ad@group-25533FAF4692-FollowerState] INFO  impl.RoleInfo (RoleInfo.java:shutdownFollowerState(110)) - c542d8dc-da9e-4bdb-b4f7-db3abed755ad: shutdown c542d8dc-da9e-4bdb-b4f7-db3abed755ad@group-25533FAF4692-FollowerState
2023-02-01 19:04:17,442 [c542d8dc-da9e-4bdb-b4f7-db3abed755ad@group-25533FAF4692-FollowerState] INFO  server.RaftServer$Division (RaftServerImpl.java:setRole(321)) - c542d8dc-da9e-4bdb-b4f7-db3abed755ad@group-25533FAF4692: changes role from  FOLLOWER to CANDIDATE at term 0 for changeToCandidate
2023-02-01 19:04:17,442 [c542d8dc-da9e-4bdb-b4f7-db3abed755ad@group-25533FAF4692-FollowerState] INFO  server.RaftServerConfigKeys (ConfUtils.java:logGet(46)) - raft.server.leaderelection.pre-vote = false (custom)
2023-02-01 19:04:17,442 [c542d8dc-da9e-4bdb-b4f7-db3abed755ad@group-25533FAF4692-FollowerState] INFO  impl.RoleInfo (RoleInfo.java:updateAndGet(139)) - c542d8dc-da9e-4bdb-b4f7-db3abed755ad: start c542d8dc-da9e-4bdb-b4f7-db3abed755ad@group-25533FAF4692-LeaderElection11
2023-02-01 19:04:17,448 [c542d8dc-da9e-4bdb-b4f7-db3abed755ad@group-25533FAF4692-LeaderElection11] INFO  impl.LeaderElection (LeaderElection.java:askForVotes(312)) - c542d8dc-da9e-4bdb-b4f7-db3abed755ad@group-25533FAF4692-LeaderElection11 ELECTION round 0: submit vote requests at term 1 for -1: peers:[c542d8dc-da9e-4bdb-b4f7-db3abed755ad|rpc:10.1.0.60:44361|dataStream:10.1.0.60:34955|priority:1|startupRole:FOLLOWER]|listeners:[], old=null
2023-02-01 19:04:17,448 [c542d8dc-da9e-4bdb-b4f7-db3abed755ad@group-25533FAF4692-LeaderElection11] INFO  impl.LeaderElection (LeaderElection.java:askForVotes(314)) - c542d8dc-da9e-4bdb-b4f7-db3abed755ad@group-25533FAF4692-LeaderElection11 ELECTION round 0: result PASSED (term=1)
2023-02-01 19:04:17,449 [c542d8dc-da9e-4bdb-b4f7-db3abed755ad@group-25533FAF4692-LeaderElection11] INFO  impl.RoleInfo (RoleInfo.java:shutdownLeaderElection(130)) - c542d8dc-da9e-4bdb-b4f7-db3abed755ad: shutdown c542d8dc-da9e-4bdb-b4f7-db3abed755ad@group-25533FAF4692-LeaderElection11
2023-02-01 19:04:17,449 [c542d8dc-da9e-4bdb-b4f7-db3abed755ad@group-25533FAF4692-LeaderElection11] INFO  server.RaftServer$Division (RaftServerImpl.java:setRole(321)) - c542d8dc-da9e-4bdb-b4f7-db3abed755ad@group-25533FAF4692: changes role from CANDIDATE to LEADER at term 1 for changeToLeader
2023-02-01 19:04:17,449 [c542d8dc-da9e-4bdb-b4f7-db3abed755ad@group-25533FAF4692-LeaderElection11] INFO  ratis.XceiverServerRatis (XceiverServerRatis.java:handleLeaderChangedNotification(904)) - Leader change notification received for group: group-25533FAF4692 with new leaderId: c542d8dc-da9e-4bdb-b4f7-db3abed755ad
2023-02-01 19:04:17,450 [c542d8dc-da9e-4bdb-b4f7-db3abed755ad@group-25533FAF4692-LeaderElection11] INFO  server.RaftServer$Division (ServerState.java:setLeader(313)) - c542d8dc-da9e-4bdb-b4f7-db3abed755ad@group-25533FAF4692: change Leader from null to c542d8dc-da9e-4bdb-b4f7-db3abed755ad at term 1 for becomeLeader, leader elected after 5095ms
2023-02-01 19:04:17,450 [c542d8dc-da9e-4bdb-b4f7-db3abed755ad@group-25533FAF4692-LeaderElection11] INFO  server.RaftServerConfigKeys (ConfUtils.java:logGet(46)) - raft.server.staging.catchup.gap = 1000 (default)
2023-02-01 19:04:17,450 [c542d8dc-da9e-4bdb-b4f7-db3abed755ad@group-25533FAF4692-LeaderElection11] INFO  server.RaftServerConfigKeys (ConfUtils.java:logGet(46)) - raft.server.write.element-limit = 1024 (custom)
2023-02-01 19:04:17,450 [c542d8dc-da9e-4bdb-b4f7-db3abed755ad@group-25533FAF4692-LeaderElection11] INFO  server.RaftServerConfigKeys (ConfUtils.java:logGet(46)) - raft.server.write.byte-limit = 1024 M (=1073741824) (custom)
2023-02-01 19:04:17,451 [c542d8dc-da9e-4bdb-b4f7-db3abed755ad@group-25533FAF4692-LeaderElection11] INFO  server.RaftServerConfigKeys (ConfUtils.java:logGet(46)) - raft.server.watch.timeout = 180s (custom)
2023-02-01 19:04:17,451 [c542d8dc-da9e-4bdb-b4f7-db3abed755ad@group-25533FAF4692-LeaderElection11] INFO  server.RaftServerConfigKeys (ConfUtils.java:logGet(46)) - raft.server.watch.timeout.denomination = 1s (default)
2023-02-01 19:04:17,451 [c542d8dc-da9e-4bdb-b4f7-db3abed755ad@group-25533FAF4692-LeaderElection11] INFO  server.RaftServerConfigKeys (ConfUtils.java:logGet(46)) - raft.server.watch.element-limit = 65536 (default)
2023-02-01 19:04:17,451 [c542d8dc-da9e-4bdb-b4f7-db3abed755ad@group-25533FAF4692-LeaderElection11] INFO  server.RaftServerConfigKeys (ConfUtils.java:logGet(46)) - raft.server.write.element-limit = 1024 (custom)
2023-02-01 19:04:17,451 [c542d8dc-da9e-4bdb-b4f7-db3abed755ad@group-25533FAF4692-LeaderElection11] INFO  server.RaftServerConfigKeys (ConfUtils.java:logGet(46)) - raft.server.write.follower.gap.ratio.max = -1.0 (default)
2023-02-01 19:04:17,452 [c542d8dc-da9e-4bdb-b4f7-db3abed755ad@group-25533FAF4692-LeaderElection11] INFO  impl.RoleInfo (RoleInfo.java:updateAndGet(139)) - c542d8dc-da9e-4bdb-b4f7-db3abed755ad: start c542d8dc-da9e-4bdb-b4f7-db3abed755ad@group-25533FAF4692-LeaderStateImpl
2023-02-01 19:04:17,452 [c542d8dc-da9e-4bdb-b4f7-db3abed755ad@group-25533FAF4692-LeaderElection11] INFO  segmented.SegmentedRaftLogWorker (SegmentedRaftLogWorker.java:startLogSegment(452)) - c542d8dc-da9e-4bdb-b4f7-db3abed755ad@group-25533FAF4692-SegmentedRaftLogWorker: Starting segment from index:0
2023-02-01 19:04:17,454 [c542d8dc-da9e-4bdb-b4f7-db3abed755ad@group-25533FAF4692-SegmentedRaftLogWorker] INFO  segmented.SegmentedRaftLogWorker (SegmentedRaftLogWorker.java:execute(656)) - c542d8dc-da9e-4bdb-b4f7-db3abed755ad@group-25533FAF4692-SegmentedRaftLogWorker: created new log segment /home/runner/work/ozone/ozone/hadoop-ozone/integration-test/target/test-dir/MiniOzoneClusterImpl-74e3824a-f6bc-4c6a-9d81-a3a47ccb7612/datanode-4/data/ratis/88a07c24-6871-4904-a3db-25533faf4692/current/log_inprogress_0
2023-02-01 19:04:17,455 [c542d8dc-da9e-4bdb-b4f7-db3abed755ad@group-25533FAF4692-LeaderElection11] INFO  server.RaftServer$Division (ServerState.java:setRaftConf(430)) - c542d8dc-da9e-4bdb-b4f7-db3abed755ad@group-25533FAF4692: set configuration 0: peers:[c542d8dc-da9e-4bdb-b4f7-db3abed755ad|rpc:10.1.0.60:44361|dataStream:10.1.0.60:34955|priority:1|startupRole:FOLLOWER]|listeners:[], old=null
2023-02-01 19:04:17,830 [c4279a81-19f7-4b96-a700-7284b014edb1@group-072E3E9C227D-FollowerState] INFO  impl.FollowerState (FollowerState.java:run(143)) - c4279a81-19f7-4b96-a700-7284b014edb1@group-072E3E9C227D-FollowerState: change to CANDIDATE, lastRpcElapsedTime:5103352843ns, electionTimeout:5102ms
2023-02-01 19:04:17,831 [c4279a81-19f7-4b96-a700-7284b014edb1@group-072E3E9C227D-FollowerState] INFO  impl.RoleInfo (RoleInfo.java:shutdownFollowerState(110)) - c4279a81-19f7-4b96-a700-7284b014edb1: shutdown c4279a81-19f7-4b96-a700-7284b014edb1@group-072E3E9C227D-FollowerState
2023-02-01 19:04:17,831 [c4279a81-19f7-4b96-a700-7284b014edb1@group-072E3E9C227D-FollowerState] INFO  server.RaftServer$Division (RaftServerImpl.java:setRole(321)) - c4279a81-19f7-4b96-a700-7284b014edb1@group-072E3E9C227D: changes role from  FOLLOWER to CANDIDATE at term 0 for changeToCandidate
2023-02-01 19:04:17,831 [c4279a81-19f7-4b96-a700-7284b014edb1@group-072E3E9C227D-FollowerState] INFO  server.RaftServerConfigKeys (ConfUtils.java:logGet(46)) - raft.server.leaderelection.pre-vote = false (custom)
2023-02-01 19:04:17,831 [c4279a81-19f7-4b96-a700-7284b014edb1@group-072E3E9C227D-FollowerState] INFO  impl.RoleInfo (RoleInfo.java:updateAndGet(139)) - c4279a81-19f7-4b96-a700-7284b014edb1: start c4279a81-19f7-4b96-a700-7284b014edb1@group-072E3E9C227D-LeaderElection12
2023-02-01 19:04:17,835 [c4279a81-19f7-4b96-a700-7284b014edb1@group-072E3E9C227D-LeaderElection12] INFO  impl.LeaderElection (LeaderElection.java:askForVotes(312)) - c4279a81-19f7-4b96-a700-7284b014edb1@group-072E3E9C227D-LeaderElection12 ELECTION round 0: submit vote requests at term 1 for -1: peers:[c4279a81-19f7-4b96-a700-7284b014edb1|rpc:10.1.0.60:39305|dataStream:10.1.0.60:34479|priority:1|startupRole:FOLLOWER]|listeners:[], old=null
2023-02-01 19:04:17,835 [c4279a81-19f7-4b96-a700-7284b014edb1@group-072E3E9C227D-LeaderElection12] INFO  impl.LeaderElection (LeaderElection.java:askForVotes(314)) - c4279a81-19f7-4b96-a700-7284b014edb1@group-072E3E9C227D-LeaderElection12 ELECTION round 0: result PASSED (term=1)
2023-02-01 19:04:17,835 [c4279a81-19f7-4b96-a700-7284b014edb1@group-072E3E9C227D-LeaderElection12] INFO  impl.RoleInfo (RoleInfo.java:shutdownLeaderElection(130)) - c4279a81-19f7-4b96-a700-7284b014edb1: shutdown c4279a81-19f7-4b96-a700-7284b014edb1@group-072E3E9C227D-LeaderElection12
2023-02-01 19:04:17,835 [c4279a81-19f7-4b96-a700-7284b014edb1@group-072E3E9C227D-LeaderElection12] INFO  server.RaftServer$Division (RaftServerImpl.java:setRole(321)) - c4279a81-19f7-4b96-a700-7284b014edb1@group-072E3E9C227D: changes role from CANDIDATE to LEADER at term 1 for changeToLeader
2023-02-01 19:04:17,835 [c4279a81-19f7-4b96-a700-7284b014edb1@group-072E3E9C227D-LeaderElection12] INFO  ratis.XceiverServerRatis (XceiverServerRatis.java:handleLeaderChangedNotification(904)) - Leader change notification received for group: group-072E3E9C227D with new leaderId: c4279a81-19f7-4b96-a700-7284b014edb1
2023-02-01 19:04:17,835 [c4279a81-19f7-4b96-a700-7284b014edb1@group-072E3E9C227D-LeaderElection12] INFO  server.RaftServer$Division (ServerState.java:setLeader(313)) - c4279a81-19f7-4b96-a700-7284b014edb1@group-072E3E9C227D: change Leader from null to c4279a81-19f7-4b96-a700-7284b014edb1 at term 1 for becomeLeader, leader elected after 5126ms
2023-02-01 19:04:17,835 [c4279a81-19f7-4b96-a700-7284b014edb1@group-072E3E9C227D-LeaderElection12] INFO  server.RaftServerConfigKeys (ConfUtils.java:logGet(46)) - raft.server.staging.catchup.gap = 1000 (default)
2023-02-01 19:04:17,835 [c4279a81-19f7-4b96-a700-7284b014edb1@group-072E3E9C227D-LeaderElection12] INFO  server.RaftServerConfigKeys (ConfUtils.java:logGet(46)) - raft.server.write.element-limit = 1024 (custom)
2023-02-01 19:04:17,836 [c4279a81-19f7-4b96-a700-7284b014edb1@group-072E3E9C227D-LeaderElection12] INFO  server.RaftServerConfigKeys (ConfUtils.java:logGet(46)) - raft.server.write.byte-limit = 1024 M (=1073741824) (custom)
2023-02-01 19:04:17,836 [c4279a81-19f7-4b96-a700-7284b014edb1@group-072E3E9C227D-LeaderElection12] INFO  server.RaftServerConfigKeys (ConfUtils.java:logGet(46)) - raft.server.watch.timeout = 180s (custom)
2023-02-01 19:04:17,836 [c4279a81-19f7-4b96-a700-7284b014edb1@group-072E3E9C227D-LeaderElection12] INFO  server.RaftServerConfigKeys (ConfUtils.java:logGet(46)) - raft.server.watch.timeout.denomination = 1s (default)
2023-02-01 19:04:17,836 [c4279a81-19f7-4b96-a700-7284b014edb1@group-072E3E9C227D-LeaderElection12] INFO  server.RaftServerConfigKeys (ConfUtils.java:logGet(46)) - raft.server.watch.element-limit = 65536 (default)
2023-02-01 19:04:17,837 [c4279a81-19f7-4b96-a700-7284b014edb1@group-072E3E9C227D-LeaderElection12] INFO  server.RaftServerConfigKeys (ConfUtils.java:logGet(46)) - raft.server.write.element-limit = 1024 (custom)
2023-02-01 19:04:17,837 [c4279a81-19f7-4b96-a700-7284b014edb1@group-072E3E9C227D-LeaderElection12] INFO  server.RaftServerConfigKeys (ConfUtils.java:logGet(46)) - raft.server.write.follower.gap.ratio.max = -1.0 (default)
2023-02-01 19:04:17,837 [c4279a81-19f7-4b96-a700-7284b014edb1@group-072E3E9C227D-LeaderElection12] INFO  impl.RoleInfo (RoleInfo.java:updateAndGet(139)) - c4279a81-19f7-4b96-a700-7284b014edb1: start c4279a81-19f7-4b96-a700-7284b014edb1@group-072E3E9C227D-LeaderStateImpl
2023-02-01 19:04:17,838 [c4279a81-19f7-4b96-a700-7284b014edb1@group-072E3E9C227D-LeaderElection12] INFO  segmented.SegmentedRaftLogWorker (SegmentedRaftLogWorker.java:startLogSegment(452)) - c4279a81-19f7-4b96-a700-7284b014edb1@group-072E3E9C227D-SegmentedRaftLogWorker: Starting segment from index:0
2023-02-01 19:04:17,839 [c4279a81-19f7-4b96-a700-7284b014edb1@group-072E3E9C227D-LeaderElection12] INFO  server.RaftServer$Division (ServerState.java:setRaftConf(430)) - c4279a81-19f7-4b96-a700-7284b014edb1@group-072E3E9C227D: set configuration 0: peers:[c4279a81-19f7-4b96-a700-7284b014edb1|rpc:10.1.0.60:39305|dataStream:10.1.0.60:34479|priority:1|startupRole:FOLLOWER]|listeners:[], old=null
2023-02-01 19:04:17,842 [c4279a81-19f7-4b96-a700-7284b014edb1@group-072E3E9C227D-SegmentedRaftLogWorker] INFO  segmented.SegmentedRaftLogWorker (SegmentedRaftLogWorker.java:execute(656)) - c4279a81-19f7-4b96-a700-7284b014edb1@group-072E3E9C227D-SegmentedRaftLogWorker: created new log segment /home/runner/work/ozone/ozone/hadoop-ozone/integration-test/target/test-dir/MiniOzoneClusterImpl-74e3824a-f6bc-4c6a-9d81-a3a47ccb7612/datanode-5/data/ratis/7eb07742-e680-4e11-8cc8-072e3e9c227d/current/log_inprogress_0
2023-02-01 19:04:18,210 [941873b5-59b7-467c-8b24-fc39e29fe3c9@group-0BC910AC6834-FollowerState] INFO  impl.FollowerState (FollowerState.java:run(143)) - 941873b5-59b7-467c-8b24-fc39e29fe3c9@group-0BC910AC6834-FollowerState: change to CANDIDATE, lastRpcElapsedTime:5010176427ns, electionTimeout:5005ms
2023-02-01 19:04:18,210 [941873b5-59b7-467c-8b24-fc39e29fe3c9@group-0BC910AC6834-FollowerState] INFO  impl.RoleInfo (RoleInfo.java:shutdownFollowerState(110)) - 941873b5-59b7-467c-8b24-fc39e29fe3c9: shutdown 941873b5-59b7-467c-8b24-fc39e29fe3c9@group-0BC910AC6834-FollowerState
2023-02-01 19:04:18,211 [941873b5-59b7-467c-8b24-fc39e29fe3c9@group-0BC910AC6834-FollowerState] INFO  server.RaftServer$Division (RaftServerImpl.java:setRole(321)) - 941873b5-59b7-467c-8b24-fc39e29fe3c9@group-0BC910AC6834: changes role from  FOLLOWER to CANDIDATE at term 0 for changeToCandidate
2023-02-01 19:04:18,211 [941873b5-59b7-467c-8b24-fc39e29fe3c9@group-0BC910AC6834-FollowerState] INFO  server.RaftServerConfigKeys (ConfUtils.java:logGet(46)) - raft.server.leaderelection.pre-vote = false (custom)
2023-02-01 19:04:18,211 [941873b5-59b7-467c-8b24-fc39e29fe3c9@group-0BC910AC6834-FollowerState] INFO  impl.RoleInfo (RoleInfo.java:updateAndGet(139)) - 941873b5-59b7-467c-8b24-fc39e29fe3c9: start 941873b5-59b7-467c-8b24-fc39e29fe3c9@group-0BC910AC6834-LeaderElection13
2023-02-01 19:04:18,216 [941873b5-59b7-467c-8b24-fc39e29fe3c9@group-0BC910AC6834-LeaderElection13] INFO  impl.LeaderElection (LeaderElection.java:askForVotes(312)) - 941873b5-59b7-467c-8b24-fc39e29fe3c9@group-0BC910AC6834-LeaderElection13 ELECTION round 0: submit vote requests at term 1 for -1: peers:[941873b5-59b7-467c-8b24-fc39e29fe3c9|rpc:10.1.0.60:41089|dataStream:10.1.0.60:37687|priority:1|startupRole:FOLLOWER]|listeners:[], old=null
2023-02-01 19:04:18,216 [941873b5-59b7-467c-8b24-fc39e29fe3c9@group-0BC910AC6834-LeaderElection13] INFO  impl.LeaderElection (LeaderElection.java:askForVotes(314)) - 941873b5-59b7-467c-8b24-fc39e29fe3c9@group-0BC910AC6834-LeaderElection13 ELECTION round 0: result PASSED (term=1)
2023-02-01 19:04:18,216 [941873b5-59b7-467c-8b24-fc39e29fe3c9@group-0BC910AC6834-LeaderElection13] INFO  impl.RoleInfo (RoleInfo.java:shutdownLeaderElection(130)) - 941873b5-59b7-467c-8b24-fc39e29fe3c9: shutdown 941873b5-59b7-467c-8b24-fc39e29fe3c9@group-0BC910AC6834-LeaderElection13
2023-02-01 19:04:18,216 [941873b5-59b7-467c-8b24-fc39e29fe3c9@group-0BC910AC6834-LeaderElection13] INFO  server.RaftServer$Division (RaftServerImpl.java:setRole(321)) - 941873b5-59b7-467c-8b24-fc39e29fe3c9@group-0BC910AC6834: changes role from CANDIDATE to LEADER at term 1 for changeToLeader
2023-02-01 19:04:18,216 [941873b5-59b7-467c-8b24-fc39e29fe3c9@group-0BC910AC6834-LeaderElection13] INFO  ratis.XceiverServerRatis (XceiverServerRatis.java:handleLeaderChangedNotification(904)) - Leader change notification received for group: group-0BC910AC6834 with new leaderId: 941873b5-59b7-467c-8b24-fc39e29fe3c9
2023-02-01 19:04:18,216 [941873b5-59b7-467c-8b24-fc39e29fe3c9@group-0BC910AC6834-LeaderElection13] INFO  server.RaftServer$Division (ServerState.java:setLeader(313)) - 941873b5-59b7-467c-8b24-fc39e29fe3c9@group-0BC910AC6834: change Leader from null to 941873b5-59b7-467c-8b24-fc39e29fe3c9 at term 1 for becomeLeader, leader elected after 5039ms
2023-02-01 19:04:18,217 [941873b5-59b7-467c-8b24-fc39e29fe3c9@group-0BC910AC6834-LeaderElection13] INFO  server.RaftServerConfigKeys (ConfUtils.java:logGet(46)) - raft.server.staging.catchup.gap = 1000 (default)
2023-02-01 19:04:18,217 [941873b5-59b7-467c-8b24-fc39e29fe3c9@group-0BC910AC6834-LeaderElection13] INFO  server.RaftServerConfigKeys (ConfUtils.java:logGet(46)) - raft.server.write.element-limit = 1024 (custom)
2023-02-01 19:04:18,217 [941873b5-59b7-467c-8b24-fc39e29fe3c9@group-0BC910AC6834-LeaderElection13] INFO  server.RaftServerConfigKeys (ConfUtils.java:logGet(46)) - raft.server.write.byte-limit = 1024 M (=1073741824) (custom)
2023-02-01 19:04:18,217 [941873b5-59b7-467c-8b24-fc39e29fe3c9@group-0BC910AC6834-LeaderElection13] INFO  server.RaftServerConfigKeys (ConfUtils.java:logGet(46)) - raft.server.watch.timeout = 180s (custom)
2023-02-01 19:04:18,217 [941873b5-59b7-467c-8b24-fc39e29fe3c9@group-0BC910AC6834-LeaderElection13] INFO  server.RaftServerConfigKeys (ConfUtils.java:logGet(46)) - raft.server.watch.timeout.denomination = 1s (default)
2023-02-01 19:04:18,217 [941873b5-59b7-467c-8b24-fc39e29fe3c9@group-0BC910AC6834-LeaderElection13] INFO  server.RaftServerConfigKeys (ConfUtils.java:logGet(46)) - raft.server.watch.element-limit = 65536 (default)
2023-02-01 19:04:18,217 [941873b5-59b7-467c-8b24-fc39e29fe3c9@group-0BC910AC6834-LeaderElection13] INFO  server.RaftServerConfigKeys (ConfUtils.java:logGet(46)) - raft.server.write.element-limit = 1024 (custom)
2023-02-01 19:04:18,217 [941873b5-59b7-467c-8b24-fc39e29fe3c9@group-0BC910AC6834-LeaderElection13] INFO  server.RaftServerConfigKeys (ConfUtils.java:logGet(46)) - raft.server.write.follower.gap.ratio.max = -1.0 (default)
2023-02-01 19:04:18,219 [941873b5-59b7-467c-8b24-fc39e29fe3c9@group-0BC910AC6834-LeaderElection13] INFO  impl.RoleInfo (RoleInfo.java:updateAndGet(139)) - 941873b5-59b7-467c-8b24-fc39e29fe3c9: start 941873b5-59b7-467c-8b24-fc39e29fe3c9@group-0BC910AC6834-LeaderStateImpl
2023-02-01 19:04:18,219 [941873b5-59b7-467c-8b24-fc39e29fe3c9@group-0BC910AC6834-LeaderElection13] INFO  segmented.SegmentedRaftLogWorker (SegmentedRaftLogWorker.java:startLogSegment(452)) - 941873b5-59b7-467c-8b24-fc39e29fe3c9@group-0BC910AC6834-SegmentedRaftLogWorker: Starting segment from index:0
2023-02-01 19:04:18,222 [941873b5-59b7-467c-8b24-fc39e29fe3c9@group-0BC910AC6834-LeaderElection13] INFO  server.RaftServer$Division (ServerState.java:setRaftConf(430)) - 941873b5-59b7-467c-8b24-fc39e29fe3c9@group-0BC910AC6834: set configuration 0: peers:[941873b5-59b7-467c-8b24-fc39e29fe3c9|rpc:10.1.0.60:41089|dataStream:10.1.0.60:37687|priority:1|startupRole:FOLLOWER]|listeners:[], old=null
2023-02-01 19:04:18,223 [941873b5-59b7-467c-8b24-fc39e29fe3c9@group-0BC910AC6834-SegmentedRaftLogWorker] INFO  segmented.SegmentedRaftLogWorker (SegmentedRaftLogWorker.java:execute(656)) - 941873b5-59b7-467c-8b24-fc39e29fe3c9@group-0BC910AC6834-SegmentedRaftLogWorker: created new log segment /home/runner/work/ozone/ozone/hadoop-ozone/integration-test/target/test-dir/MiniOzoneClusterImpl-74e3824a-f6bc-4c6a-9d81-a3a47ccb7612/datanode-6/data/ratis/e6ea879c-aab2-40a4-9c2f-0bc910ac6834/current/log_inprogress_0
2023-02-01 19:04:18,243 [Listener at 127.0.0.1/34005] INFO  ozone.MiniOzoneClusterImpl (MiniOzoneClusterImpl.java:lambda$waitForClusterToBeReady$0(218)) - Nodes are ready. Got 7 of 7 DN Heartbeats.
2023-02-01 19:04:18,243 [Listener at 127.0.0.1/34005] INFO  ozone.MiniOzoneClusterImpl (MiniOzoneClusterImpl.java:lambda$waitForClusterToBeReady$0(221)) - Cluster exits safe mode
2023-02-01 19:04:18,243 [Listener at 127.0.0.1/34005] INFO  ozone.MiniOzoneClusterImpl (MiniOzoneClusterImpl.java:lambda$waitForClusterToBeReady$0(223)) - SCM became leader
2023-02-01 19:04:18,658 [Listener at 127.0.0.1/34005] INFO  rpc.RpcClient (RpcClient.java:createVolume(474)) - Creating Volume: testblockoutputstream, with runner as owner and space quota set to -1 bytes, counts quota set to -1
2023-02-01 19:04:18,702 [OM StateMachine ApplyTransaction Thread - 0] INFO  volume.OMVolumeCreateRequest (OMVolumeCreateRequest.java:validateAndUpdateCache(195)) - created volume:testblockoutputstream for user:runner
2023-02-01 19:04:18,731 [Listener at 127.0.0.1/34005] INFO  rpc.RpcClient (RpcClient.java:createBucket(693)) - Creating Bucket: testblockoutputstream/testblockoutputstream, with server-side default bucket layout, runner as owner, Versioning false, Storage Type set to DISK and Encryption set to false 
2023-02-01 19:04:18,748 [OM StateMachine ApplyTransaction Thread - 0] INFO  bucket.OMBucketCreateRequest (OMBucketCreateRequest.java:validateAndUpdateCache(263)) - created bucket: testblockoutputstream of layout FILE_SYSTEM_OPTIMIZED in volume: testblockoutputstream
2023-02-01 19:04:18,765 [Time-limited test] INFO  impl.MetricsSystemImpl (MetricsSystemImpl.java:init(158)) - XceiverClientMetrics metrics system started (again)
2023-02-01 19:04:18,831 [IPC Server handler 15 on default port 35851] INFO  ha.SequenceIdGenerator (SequenceIdGenerator.java:getNextId(128)) - Allocate a batch for containerId, change lastId from 0 to 1000.
2023-02-01 19:04:18,848 [IPC Server handler 15 on default port 35851] WARN  ha.SequenceIdGenerator (SequenceIdGenerator.java:allocateBatch(237)) - Failed to allocate a batch for localId, expected lastId is 0, actual lastId is 111677748019200000.
2023-02-01 19:04:18,848 [IPC Server handler 15 on default port 35851] INFO  ha.SequenceIdGenerator (SequenceIdGenerator.java:getNextId(128)) - Allocate a batch for localId, change lastId from 111677748019200000 to 111677748019201000.
]]></system-out>
  </testcase>
  <testcase name="testMultiChunkWrite2" classname="org.apache.hadoop.ozone.client.rpc.TestBlockOutputStreamFlushDelay" time="0.076">
    <failure type="java.lang.AssertionError"><![CDATA[java.lang.AssertionError: expected:<2> but was:<0>
	at org.junit.Assert.fail(Assert.java:89)
	at org.junit.Assert.failNotEquals(Assert.java:835)
	at org.junit.Assert.assertEquals(Assert.java:647)
	at org.junit.Assert.assertEquals(Assert.java:633)
	at org.apache.hadoop.ozone.client.rpc.TestBlockOutputStreamFlushDelay.testMultiChunkWrite2(TestBlockOutputStreamFlushDelay.java:442)
	at sun.reflect.NativeMethodAccessorImpl.invoke0(Native Method)
	at sun.reflect.NativeMethodAccessorImpl.invoke(NativeMethodAccessorImpl.java:62)
	at sun.reflect.DelegatingMethodAccessorImpl.invoke(DelegatingMethodAccessorImpl.java:43)
	at java.lang.reflect.Method.invoke(Method.java:498)
	at org.junit.runners.model.FrameworkMethod$1.runReflectiveCall(FrameworkMethod.java:59)
	at org.junit.internal.runners.model.ReflectiveCallable.run(ReflectiveCallable.java:12)
	at org.junit.runners.model.FrameworkMethod.invokeExplosively(FrameworkMethod.java:56)
	at org.junit.internal.runners.statements.InvokeMethod.evaluate(InvokeMethod.java:17)
	at org.junit.internal.runners.statements.FailOnTimeout$CallableStatement.call(FailOnTimeout.java:288)
	at org.junit.internal.runners.statements.FailOnTimeout$CallableStatement.call(FailOnTimeout.java:282)
	at java.util.concurrent.FutureTask.run(FutureTask.java:266)
	at java.lang.Thread.run(Thread.java:750)
]]></failure>
  </testcase>
  <testcase name="testMultiChunkWrite" classname="org.apache.hadoop.ozone.client.rpc.TestBlockOutputStreamFlushDelay" time="0.131"/>
  <testcase name="testFullBufferCondition" classname="org.apache.hadoop.ozone.client.rpc.TestBlockOutputStreamFlushDelay" time="0.17"/>
  <testcase name="testBufferCaching" classname="org.apache.hadoop.ozone.client.rpc.TestBlockOutputStreamFlushDelay" time="0.108"/>
  <testcase name="testWriteWithExceedingMaxBufferLimit" classname="org.apache.hadoop.ozone.client.rpc.TestBlockOutputStreamFlushDelay" time="0.162"/>
</testsuite>